<?xml version="1.0" encoding="UTF-8"?>
<testsuite xmlns:xsi="http://www.w3.org/2001/XMLSchema-instance" xsi:noNamespaceSchemaLocation="https://maven.apache.org/surefire/maven-surefire-plugin/xsd/surefire-test-report.xsd" name="org.apache.hadoop.fs.ozone.TestOzoneFileSystem" time="147.064" tests="8" errors="4" skipped="0" failures="0">
  <properties>
    <property name="awt.toolkit" value="sun.awt.X11.XToolkit"/>
    <property name="file.encoding.pkg" value="sun.io"/>
    <property name="java.specification.version" value="1.8"/>
    <property name="sun.cpu.isalist" value=""/>
    <property name="sun.jnu.encoding" value="UTF-8"/>
    <property name="java.class.path" value="/workdir/hadoop-ozone/ozonefs/target/test-classes:/workdir/hadoop-ozone/ozonefs/target/classes:/home/user/.m2/repository/org/apache/hadoop/hadoop-common/3.2.0/hadoop-common-3.2.0.jar:/home/user/.m2/repository/org/apache/hadoop/hadoop-annotations/3.2.0/hadoop-annotations-3.2.0.jar:/usr/lib/jvm/java-1.8-openjdk/jre/../lib/tools.jar:/home/user/.m2/repository/com/google/guava/guava/11.0.2/guava-11.0.2.jar:/home/user/.m2/repository/commons-cli/commons-cli/1.2/commons-cli-1.2.jar:/home/user/.m2/repository/org/apache/commons/commons-math3/3.1.1/commons-math3-3.1.1.jar:/home/user/.m2/repository/org/apache/httpcomponents/httpclient/4.5.2/httpclient-4.5.2.jar:/home/user/.m2/repository/org/apache/httpcomponents/httpcore/4.4.4/httpcore-4.4.4.jar:/home/user/.m2/repository/commons-codec/commons-codec/1.11/commons-codec-1.11.jar:/home/user/.m2/repository/commons-io/commons-io/2.5/commons-io-2.5.jar:/home/user/.m2/repository/commons-net/commons-net/3.6/commons-net-3.6.jar:/home/user/.m2/repository/commons-collections/commons-collections/3.2.2/commons-collections-3.2.2.jar:/home/user/.m2/repository/javax/servlet/javax.servlet-api/3.1.0/javax.servlet-api-3.1.0.jar:/home/user/.m2/repository/org/eclipse/jetty/jetty-server/9.3.25.v20180904/jetty-server-9.3.25.v20180904.jar:/home/user/.m2/repository/org/eclipse/jetty/jetty-http/9.3.25.v20180904/jetty-http-9.3.25.v20180904.jar:/home/user/.m2/repository/org/eclipse/jetty/jetty-io/9.3.25.v20180904/jetty-io-9.3.25.v20180904.jar:/home/user/.m2/repository/org/eclipse/jetty/jetty-util/9.3.25.v20180904/jetty-util-9.3.25.v20180904.jar:/home/user/.m2/repository/org/eclipse/jetty/jetty-servlet/9.3.25.v20180904/jetty-servlet-9.3.25.v20180904.jar:/home/user/.m2/repository/org/eclipse/jetty/jetty-security/9.3.25.v20180904/jetty-security-9.3.25.v20180904.jar:/home/user/.m2/repository/org/eclipse/jetty/jetty-webapp/9.3.25.v20180904/jetty-webapp-9.3.25.v20180904.jar:/home/user/.m2/repository/org/eclipse/jetty/jetty-xml/9.3.25.v20180904/jetty-xml-9.3.25.v20180904.jar:/home/user/.m2/repository/javax/servlet/jsp/jsp-api/2.1/jsp-api-2.1.jar:/home/user/.m2/repository/com/sun/jersey/jersey-core/1.19/jersey-core-1.19.jar:/home/user/.m2/repository/javax/ws/rs/jsr311-api/1.1.1/jsr311-api-1.1.1.jar:/home/user/.m2/repository/com/sun/jersey/jersey-servlet/1.19/jersey-servlet-1.19.jar:/home/user/.m2/repository/com/sun/jersey/jersey-json/1.19/jersey-json-1.19.jar:/home/user/.m2/repository/org/codehaus/jettison/jettison/1.1/jettison-1.1.jar:/home/user/.m2/repository/com/sun/xml/bind/jaxb-impl/2.3.0.1/jaxb-impl-2.3.0.1.jar:/home/user/.m2/repository/org/codehaus/jackson/jackson-core-asl/1.9.13/jackson-core-asl-1.9.13.jar:/home/user/.m2/repository/org/codehaus/jackson/jackson-mapper-asl/1.9.13/jackson-mapper-asl-1.9.13.jar:/home/user/.m2/repository/org/codehaus/jackson/jackson-jaxrs/1.9.13/jackson-jaxrs-1.9.13.jar:/home/user/.m2/repository/org/codehaus/jackson/jackson-xc/1.9.13/jackson-xc-1.9.13.jar:/home/user/.m2/repository/com/sun/jersey/jersey-server/1.19/jersey-server-1.19.jar:/home/user/.m2/repository/commons-logging/commons-logging/1.1.3/commons-logging-1.1.3.jar:/home/user/.m2/repository/log4j/log4j/1.2.17/log4j-1.2.17.jar:/home/user/.m2/repository/commons-beanutils/commons-beanutils/1.9.4/commons-beanutils-1.9.4.jar:/home/user/.m2/repository/org/apache/commons/commons-configuration2/2.1.1/commons-configuration2-2.1.1.jar:/home/user/.m2/repository/org/apache/commons/commons-lang3/3.7/commons-lang3-3.7.jar:/home/user/.m2/repository/org/apache/commons/commons-text/1.4/commons-text-1.4.jar:/home/user/.m2/repository/org/slf4j/slf4j-api/1.7.25/slf4j-api-1.7.25.jar:/home/user/.m2/repository/org/slf4j/slf4j-log4j12/1.7.25/slf4j-log4j12-1.7.25.jar:/home/user/.m2/repository/org/apache/avro/avro/1.7.7/avro-1.7.7.jar:/home/user/.m2/repository/com/thoughtworks/paranamer/paranamer/2.3/paranamer-2.3.jar:/home/user/.m2/repository/org/xerial/snappy/snappy-java/1.0.5/snappy-java-1.0.5.jar:/home/user/.m2/repository/com/google/re2j/re2j/1.1/re2j-1.1.jar:/home/user/.m2/repository/com/google/protobuf/protobuf-java/2.5.0/protobuf-java-2.5.0.jar:/home/user/.m2/repository/com/google/code/gson/gson/2.2.4/gson-2.2.4.jar:/home/user/.m2/repository/org/apache/hadoop/hadoop-auth/3.2.0/hadoop-auth-3.2.0.jar:/home/user/.m2/repository/com/nimbusds/nimbus-jose-jwt/4.41.1/nimbus-jose-jwt-4.41.1.jar:/home/user/.m2/repository/com/github/stephenc/jcip/jcip-annotations/1.0-1/jcip-annotations-1.0-1.jar:/home/user/.m2/repository/net/minidev/json-smart/2.3/json-smart-2.3.jar:/home/user/.m2/repository/net/minidev/accessors-smart/1.2/accessors-smart-1.2.jar:/home/user/.m2/repository/org/apache/curator/curator-framework/2.12.0/curator-framework-2.12.0.jar:/home/user/.m2/repository/com/jcraft/jsch/0.1.54/jsch-0.1.54.jar:/home/user/.m2/repository/org/apache/curator/curator-client/2.12.0/curator-client-2.12.0.jar:/home/user/.m2/repository/org/apache/curator/curator-recipes/2.12.0/curator-recipes-2.12.0.jar:/home/user/.m2/repository/com/google/code/findbugs/jsr305/3.0.0/jsr305-3.0.0.jar:/home/user/.m2/repository/org/apache/htrace/htrace-core4/4.1.0-incubating/htrace-core4-4.1.0-incubating.jar:/home/user/.m2/repository/org/apache/zookeeper/zookeeper/3.4.13/zookeeper-3.4.13.jar:/home/user/.m2/repository/jline/jline/0.9.94/jline-0.9.94.jar:/home/user/.m2/repository/org/apache/yetus/audience-annotations/0.5.0/audience-annotations-0.5.0.jar:/home/user/.m2/repository/org/apache/commons/commons-compress/1.4.1/commons-compress-1.4.1.jar:/home/user/.m2/repository/org/tukaani/xz/1.0/xz-1.0.jar:/home/user/.m2/repository/org/apache/kerby/kerb-simplekdc/1.0.1/kerb-simplekdc-1.0.1.jar:/home/user/.m2/repository/org/apache/kerby/kerb-client/1.0.1/kerb-client-1.0.1.jar:/home/user/.m2/repository/org/apache/kerby/kerby-config/1.0.1/kerby-config-1.0.1.jar:/home/user/.m2/repository/org/apache/kerby/kerb-core/1.0.1/kerb-core-1.0.1.jar:/home/user/.m2/repository/org/apache/kerby/kerby-pkix/1.0.1/kerby-pkix-1.0.1.jar:/home/user/.m2/repository/org/apache/kerby/kerby-asn1/1.0.1/kerby-asn1-1.0.1.jar:/home/user/.m2/repository/org/apache/kerby/kerby-util/1.0.1/kerby-util-1.0.1.jar:/home/user/.m2/repository/org/apache/kerby/kerb-common/1.0.1/kerb-common-1.0.1.jar:/home/user/.m2/repository/org/apache/kerby/kerb-crypto/1.0.1/kerb-crypto-1.0.1.jar:/home/user/.m2/repository/org/apache/kerby/kerb-util/1.0.1/kerb-util-1.0.1.jar:/home/user/.m2/repository/org/apache/kerby/token-provider/1.0.1/token-provider-1.0.1.jar:/home/user/.m2/repository/org/apache/kerby/kerb-admin/1.0.1/kerb-admin-1.0.1.jar:/home/user/.m2/repository/org/apache/kerby/kerb-server/1.0.1/kerb-server-1.0.1.jar:/home/user/.m2/repository/org/apache/kerby/kerb-identity/1.0.1/kerb-identity-1.0.1.jar:/home/user/.m2/repository/org/apache/kerby/kerby-xdr/1.0.1/kerby-xdr-1.0.1.jar:/home/user/.m2/repository/com/fasterxml/jackson/core/jackson-databind/2.9.9/jackson-databind-2.9.9.jar:/home/user/.m2/repository/com/fasterxml/jackson/core/jackson-annotations/2.9.9/jackson-annotations-2.9.9.jar:/home/user/.m2/repository/com/fasterxml/jackson/core/jackson-core/2.9.9/jackson-core-2.9.9.jar:/home/user/.m2/repository/org/codehaus/woodstox/stax2-api/3.1.4/stax2-api-3.1.4.jar:/home/user/.m2/repository/com/fasterxml/woodstox/woodstox-core/5.0.3/woodstox-core-5.0.3.jar:/home/user/.m2/repository/dnsjava/dnsjava/2.1.7/dnsjava-2.1.7.jar:/home/user/.m2/repository/org/apache/hadoop/hadoop-hdfs/3.2.0/hadoop-hdfs-3.2.0.jar:/home/user/.m2/repository/org/eclipse/jetty/jetty-util-ajax/9.3.25.v20180904/jetty-util-ajax-9.3.25.v20180904.jar:/home/user/.m2/repository/commons-daemon/commons-daemon/1.0.13/commons-daemon-1.0.13.jar:/home/user/.m2/repository/io/netty/netty/3.10.5.Final/netty-3.10.5.Final.jar:/home/user/.m2/repository/io/netty/netty-all/4.0.52.Final/netty-all-4.0.52.Final.jar:/home/user/.m2/repository/org/fusesource/leveldbjni/leveldbjni-all/1.8/leveldbjni-all-1.8.jar:/home/user/.m2/repository/org/apache/hadoop/hadoop-hdds-common/0.5.0-SNAPSHOT/hadoop-hdds-common-0.5.0-SNAPSHOT.jar:/home/user/.m2/repository/org/apache/hadoop/hadoop-hdds-config/0.5.0-SNAPSHOT/hadoop-hdds-config-0.5.0-SNAPSHOT.jar:/home/user/.m2/repository/javax/annotation/javax.annotation-api/1.2/javax.annotation-api-1.2.jar:/home/user/.m2/repository/org/apache/ratis/ratis-server/0.4.0/ratis-server-0.4.0.jar:/home/user/.m2/repository/org/apache/ratis/ratis-thirdparty-misc/0.2.0/ratis-thirdparty-misc-0.2.0.jar:/home/user/.m2/repository/org/apache/ratis/ratis-proto/0.4.0/ratis-proto-0.4.0.jar:/home/user/.m2/repository/org/apache/ratis/ratis-common/0.4.0/ratis-common-0.4.0.jar:/home/user/.m2/repository/org/apache/ratis/ratis-client/0.4.0/ratis-client-0.4.0.jar:/home/user/.m2/repository/org/apache/ratis/ratis-metrics/0.4.0/ratis-metrics-0.4.0.jar:/home/user/.m2/repository/com/github/joshelser/dropwizard-metrics-hadoop-metrics2-reporter/0.1.2/dropwizard-metrics-hadoop-metrics2-reporter-0.1.2.jar:/home/user/.m2/repository/io/dropwizard/metrics/metrics-jvm/3.2.5/metrics-jvm-3.2.5.jar:/home/user/.m2/repository/io/dropwizard/metrics/metrics-ganglia/3.2.5/metrics-ganglia-3.2.5.jar:/home/user/.m2/repository/info/ganglia/gmetric4j/gmetric4j/1.0.7/gmetric4j-1.0.7.jar:/home/user/.m2/repository/org/apache/ratis/ratis-netty/0.4.0/ratis-netty-0.4.0.jar:/home/user/.m2/repository/org/apache/ratis/ratis-grpc/0.4.0/ratis-grpc-0.4.0.jar:/home/user/.m2/repository/org/rocksdb/rocksdbjni/6.0.1/rocksdbjni-6.0.1.jar:/home/user/.m2/repository/org/apache/logging/log4j/log4j-api/2.11.0/log4j-api-2.11.0.jar:/home/user/.m2/repository/org/apache/logging/log4j/log4j-core/2.11.0/log4j-core-2.11.0.jar:/home/user/.m2/repository/com/lmax/disruptor/3.4.2/disruptor-3.4.2.jar:/home/user/.m2/repository/org/apache/commons/commons-pool2/2.6.0/commons-pool2-2.6.0.jar:/home/user/.m2/repository/org/bouncycastle/bcpkix-jdk15on/1.60/bcpkix-jdk15on-1.60.jar:/home/user/.m2/repository/commons-validator/commons-validator/1.6/commons-validator-1.6.jar:/home/user/.m2/repository/commons-digester/commons-digester/1.8.1/commons-digester-1.8.1.jar:/home/user/.m2/repository/io/jaegertracing/jaeger-client/0.34.0/jaeger-client-0.34.0.jar:/home/user/.m2/repository/io/jaegertracing/jaeger-thrift/0.34.0/jaeger-thrift-0.34.0.jar:/home/user/.m2/repository/org/apache/thrift/libthrift/0.12.0/libthrift-0.12.0.jar:/home/user/.m2/repository/com/squareup/okhttp3/okhttp/3.9.0/okhttp-3.9.0.jar:/home/user/.m2/repository/com/squareup/okio/okio/1.13.0/okio-1.13.0.jar:/home/user/.m2/repository/io/jaegertracing/jaeger-core/0.34.0/jaeger-core-0.34.0.jar:/home/user/.m2/repository/io/jaegertracing/jaeger-tracerresolver/0.34.0/jaeger-tracerresolver-0.34.0.jar:/home/user/.m2/repository/io/opentracing/contrib/opentracing-tracerresolver/0.1.5/opentracing-tracerresolver-0.1.5.jar:/home/user/.m2/repository/io/opentracing/opentracing-util/0.31.0/opentracing-util-0.31.0.jar:/home/user/.m2/repository/io/opentracing/opentracing-api/0.31.0/opentracing-api-0.31.0.jar:/home/user/.m2/repository/io/opentracing/opentracing-noop/0.31.0/opentracing-noop-0.31.0.jar:/home/user/.m2/repository/org/yaml/snakeyaml/1.16/snakeyaml-1.16.jar:/home/user/.m2/repository/org/apache/hadoop/hadoop-hdfs-client/3.2.0/hadoop-hdfs-client-3.2.0.jar:/home/user/.m2/repository/info/picocli/picocli/3.9.6/picocli-3.9.6.jar:/home/user/.m2/repository/org/apache/hadoop/hadoop-hdds-server-scm/0.5.0-SNAPSHOT/hadoop-hdds-server-scm-0.5.0-SNAPSHOT.jar:/home/user/.m2/repository/org/apache/hadoop/hadoop-hdds-docs/0.5.0-SNAPSHOT/hadoop-hdds-docs-0.5.0-SNAPSHOT.jar:/home/user/.m2/repository/io/dropwizard/metrics/metrics-core/3.2.4/metrics-core-3.2.4.jar:/home/user/.m2/repository/org/hamcrest/hamcrest-all/1.3/hamcrest-all-1.3.jar:/home/user/.m2/repository/org/bouncycastle/bcprov-jdk15on/1.60/bcprov-jdk15on-1.60.jar:/home/user/.m2/repository/org/apache/hadoop/hadoop-hdds-server-framework/0.5.0-SNAPSHOT/hadoop-hdds-server-framework-0.5.0-SNAPSHOT.jar:/home/user/.m2/repository/org/apache/hadoop/hadoop-ozone-ozone-manager/0.5.0-SNAPSHOT/hadoop-ozone-ozone-manager-0.5.0-SNAPSHOT.jar:/home/user/.m2/repository/org/apache/hadoop/hadoop-hdds-container-service/0.5.0-SNAPSHOT/hadoop-hdds-container-service-0.5.0-SNAPSHOT.jar:/home/user/.m2/repository/org/apache/hadoop/hadoop-hdds-client/0.5.0-SNAPSHOT/hadoop-hdds-client-0.5.0-SNAPSHOT.jar:/home/user/.m2/repository/org/apache/hadoop/hadoop-ozone-common/0.5.0-SNAPSHOT/hadoop-ozone-common-0.5.0-SNAPSHOT.jar:/home/user/.m2/repository/org/apache/hadoop/hadoop-hdds-tools/0.5.0-SNAPSHOT/hadoop-hdds-tools-0.5.0-SNAPSHOT.jar:/home/user/.m2/repository/org/xerial/sqlite-jdbc/3.25.2/sqlite-jdbc-3.25.2.jar:/home/user/.m2/repository/com/google/code/findbugs/findbugs/3.0.1/findbugs-3.0.1.jar:/home/user/.m2/repository/net/jcip/jcip-annotations/1.0/jcip-annotations-1.0.jar:/home/user/.m2/repository/com/google/code/findbugs/bcel-findbugs/6.0/bcel-findbugs-6.0.jar:/home/user/.m2/repository/com/google/code/findbugs/jFormatString/2.0.1/jFormatString-2.0.1.jar:/home/user/.m2/repository/dom4j/dom4j/1.6.1/dom4j-1.6.1.jar:/home/user/.m2/repository/xml-apis/xml-apis/1.0.b2/xml-apis-1.0.b2.jar:/home/user/.m2/repository/org/ow2/asm/asm-debug-all/5.0.2/asm-debug-all-5.0.2.jar:/home/user/.m2/repository/org/ow2/asm/asm-commons/5.0.2/asm-commons-5.0.2.jar:/home/user/.m2/repository/org/ow2/asm/asm-tree/5.0.2/asm-tree-5.0.2.jar:/home/user/.m2/repository/org/ow2/asm/asm/5.0.4/asm-5.0.4.jar:/home/user/.m2/repository/commons-lang/commons-lang/2.6/commons-lang-2.6.jar:/home/user/.m2/repository/com/apple/AppleJavaExtensions/1.4/AppleJavaExtensions-1.4.jar:/home/user/.m2/repository/jaxen/jaxen/1.1.6/jaxen-1.1.6.jar:/home/user/.m2/repository/org/apache/hadoop/hadoop-common/3.2.0/hadoop-common-3.2.0-tests.jar:/home/user/.m2/repository/org/apache/hadoop/hadoop-ozone-client/0.5.0-SNAPSHOT/hadoop-ozone-client-0.5.0-SNAPSHOT.jar:/home/user/.m2/repository/org/apache/hadoop/hadoop-hdfs/3.2.0/hadoop-hdfs-3.2.0-tests.jar:/workdir/hadoop-ozone/integration-test/target/test-classes:/home/user/.m2/repository/org/apache/hadoop/hadoop-ozone-s3gateway/0.5.0-SNAPSHOT/hadoop-ozone-s3gateway-0.5.0-SNAPSHOT.jar:/home/user/.m2/repository/org/jboss/weld/servlet/weld-servlet/2.4.7.Final/weld-servlet-2.4.7.Final.jar:/home/user/.m2/repository/org/glassfish/jersey/containers/jersey-container-servlet-core/2.27/jersey-container-servlet-core-2.27.jar:/home/user/.m2/repository/org/glassfish/hk2/external/javax.inject/2.5.0-b42/javax.inject-2.5.0-b42.jar:/home/user/.m2/repository/org/glassfish/jersey/core/jersey-common/2.27/jersey-common-2.27.jar:/home/user/.m2/repository/org/glassfish/hk2/osgi-resource-locator/1.0.1/osgi-resource-locator-1.0.1.jar:/home/user/.m2/repository/javax/ws/rs/javax.ws.rs-api/2.1/javax.ws.rs-api-2.1.jar:/home/user/.m2/repository/org/glassfish/jersey/ext/cdi/jersey-cdi1x/2.27/jersey-cdi1x-2.27.jar:/home/user/.m2/repository/org/glassfish/jersey/inject/jersey-hk2/2.27/jersey-hk2-2.27.jar:/home/user/.m2/repository/org/glassfish/hk2/hk2-locator/2.5.0-b42/hk2-locator-2.5.0-b42.jar:/home/user/.m2/repository/org/javassist/javassist/3.22.0-CR2/javassist-3.22.0-CR2.jar:/home/user/.m2/repository/org/glassfish/hk2/hk2-api/2.5.0/hk2-api-2.5.0.jar:/home/user/.m2/repository/org/glassfish/hk2/external/jakarta.inject/2.5.0/jakarta.inject-2.5.0.jar:/home/user/.m2/repository/org/glassfish/hk2/hk2-utils/2.5.0/hk2-utils-2.5.0.jar:/home/user/.m2/repository/jakarta/annotation/jakarta.annotation-api/1.3.4/jakarta.annotation-api-1.3.4.jar:/home/user/.m2/repository/org/glassfish/hk2/external/aopalliance-repackaged/2.5.0/aopalliance-repackaged-2.5.0.jar:/home/user/.m2/repository/com/fasterxml/jackson/dataformat/jackson-dataformat-xml/2.9.0/jackson-dataformat-xml-2.9.0.jar:/home/user/.m2/repository/com/fasterxml/jackson/module/jackson-module-jaxb-annotations/2.9.9/jackson-module-jaxb-annotations-2.9.9.jar:/home/user/.m2/repository/javax/enterprise/cdi-api/1.2/cdi-api-1.2.jar:/home/user/.m2/repository/javax/el/javax.el-api/3.0.0/javax.el-api-3.0.0.jar:/home/user/.m2/repository/javax/interceptor/javax.interceptor-api/1.2/javax.interceptor-api-1.2.jar:/home/user/.m2/repository/javax/inject/javax.inject/1/javax.inject-1.jar:/home/user/.m2/repository/com/sun/xml/bind/jaxb-core/2.3.0.1/jaxb-core-2.3.0.1.jar:/home/user/.m2/repository/javax/xml/bind/jaxb-api/2.3.0/jaxb-api-2.3.0.jar:/home/user/.m2/repository/javax/activation/activation/1.1.1/activation-1.1.1.jar:/home/user/.m2/repository/org/apache/hadoop/hadoop-ozone-csi/0.5.0-SNAPSHOT/hadoop-ozone-csi-0.5.0-SNAPSHOT.jar:/home/user/.m2/repository/com/google/protobuf/protobuf-java-util/3.5.1/protobuf-java-util-3.5.1.jar:/home/user/.m2/repository/io/grpc/grpc-netty/1.17.1/grpc-netty-1.17.1.jar:/home/user/.m2/repository/io/grpc/grpc-core/1.17.1/grpc-core-1.17.1.jar:/home/user/.m2/repository/io/grpc/grpc-context/1.17.1/grpc-context-1.17.1.jar:/home/user/.m2/repository/com/google/errorprone/error_prone_annotations/2.2.0/error_prone_annotations-2.2.0.jar:/home/user/.m2/repository/org/codehaus/mojo/animal-sniffer-annotations/1.17/animal-sniffer-annotations-1.17.jar:/home/user/.m2/repository/io/opencensus/opencensus-api/0.17.0/opencensus-api-0.17.0.jar:/home/user/.m2/repository/io/opencensus/opencensus-contrib-grpc-metrics/0.17.0/opencensus-contrib-grpc-metrics-0.17.0.jar:/home/user/.m2/repository/io/netty/netty-codec-http2/4.1.30.Final/netty-codec-http2-4.1.30.Final.jar:/home/user/.m2/repository/io/netty/netty-codec-http/4.1.30.Final/netty-codec-http-4.1.30.Final.jar:/home/user/.m2/repository/io/netty/netty-codec/4.1.30.Final/netty-codec-4.1.30.Final.jar:/home/user/.m2/repository/io/netty/netty-handler/4.1.30.Final/netty-handler-4.1.30.Final.jar:/home/user/.m2/repository/io/netty/netty-handler-proxy/4.1.30.Final/netty-handler-proxy-4.1.30.Final.jar:/home/user/.m2/repository/io/netty/netty-codec-socks/4.1.30.Final/netty-codec-socks-4.1.30.Final.jar:/home/user/.m2/repository/io/netty/netty-transport-native-epoll/4.1.30.Final/netty-transport-native-epoll-4.1.30.Final.jar:/home/user/.m2/repository/io/netty/netty-common/4.1.30.Final/netty-common-4.1.30.Final.jar:/home/user/.m2/repository/io/netty/netty-buffer/4.1.30.Final/netty-buffer-4.1.30.Final.jar:/home/user/.m2/repository/io/netty/netty-transport/4.1.30.Final/netty-transport-4.1.30.Final.jar:/home/user/.m2/repository/io/netty/netty-resolver/4.1.30.Final/netty-resolver-4.1.30.Final.jar:/home/user/.m2/repository/io/netty/netty-transport-native-unix-common/4.1.30.Final/netty-transport-native-unix-common-4.1.30.Final.jar:/home/user/.m2/repository/io/grpc/grpc-protobuf/1.17.1/grpc-protobuf-1.17.1.jar:/home/user/.m2/repository/com/google/api/grpc/proto-google-common-protos/1.0.0/proto-google-common-protos-1.0.0.jar:/home/user/.m2/repository/io/grpc/grpc-protobuf-lite/1.17.1/grpc-protobuf-lite-1.17.1.jar:/home/user/.m2/repository/io/grpc/grpc-stub/1.17.1/grpc-stub-1.17.1.jar:/home/user/.m2/repository/org/apache/hadoop/hadoop-ozone-recon/0.5.0-SNAPSHOT/hadoop-ozone-recon-0.5.0-SNAPSHOT.jar:/home/user/.m2/repository/org/apache/hadoop/hadoop-ozone-reconcodegen/0.5.0-SNAPSHOT/hadoop-ozone-reconcodegen-0.5.0-SNAPSHOT.jar:/home/user/.m2/repository/com/google/inject/extensions/guice-multibindings/4.0/guice-multibindings-4.0.jar:/home/user/.m2/repository/com/google/inject/guice/4.0/guice-4.0.jar:/home/user/.m2/repository/aopalliance/aopalliance/1.0/aopalliance-1.0.jar:/home/user/.m2/repository/org/glassfish/jersey/containers/jersey-container-servlet/2.27/jersey-container-servlet-2.27.jar:/home/user/.m2/repository/org/glassfish/hk2/guice-bridge/2.5.0/guice-bridge-2.5.0.jar:/home/user/.m2/repository/org/glassfish/jersey/core/jersey-server/2.27/jersey-server-2.27.jar:/home/user/.m2/repository/org/glassfish/jersey/core/jersey-client/2.27/jersey-client-2.27.jar:/home/user/.m2/repository/org/glassfish/jersey/media/jersey-media-jaxb/2.27/jersey-media-jaxb-2.27.jar:/home/user/.m2/repository/javax/validation/validation-api/1.1.0.Final/validation-api-1.1.0.Final.jar:/home/user/.m2/repository/org/glassfish/jersey/media/jersey-media-json-jackson/2.27/jersey-media-json-jackson-2.27.jar:/home/user/.m2/repository/org/glassfish/jersey/ext/jersey-entity-filtering/2.27/jersey-entity-filtering-2.27.jar:/home/user/.m2/repository/com/google/inject/extensions/guice-assistedinject/4.0/guice-assistedinject-4.0.jar:/home/user/.m2/repository/org/jooq/jooq/3.11.10/jooq-3.11.10.jar:/home/user/.m2/repository/org/jooq/jooq-meta/3.11.10/jooq-meta-3.11.10.jar:/home/user/.m2/repository/org/jooq/jooq-codegen/3.11.10/jooq-codegen-3.11.10.jar:/home/user/.m2/repository/com/jolbox/bonecp/0.8.0.RELEASE/bonecp-0.8.0.RELEASE.jar:/home/user/.m2/repository/org/springframework/spring-jdbc/5.1.3.RELEASE/spring-jdbc-5.1.3.RELEASE.jar:/home/user/.m2/repository/org/springframework/spring-beans/5.1.3.RELEASE/spring-beans-5.1.3.RELEASE.jar:/home/user/.m2/repository/org/springframework/spring-core/5.1.3.RELEASE/spring-core-5.1.3.RELEASE.jar:/home/user/.m2/repository/org/springframework/spring-jcl/5.1.3.RELEASE/spring-jcl-5.1.3.RELEASE.jar:/home/user/.m2/repository/org/springframework/spring-tx/5.1.3.RELEASE/spring-tx-5.1.3.RELEASE.jar:/home/user/.m2/repository/org/mockito/mockito-all/1.10.19/mockito-all-1.10.19.jar:/home/user/.m2/repository/junit/junit/4.11/junit-4.11.jar:/home/user/.m2/repository/org/hamcrest/hamcrest-core/1.3/hamcrest-core-1.3.jar:/home/user/.m2/repository/org/apache/hadoop/hadoop-distcp/3.2.0/hadoop-distcp-3.2.0.jar:/home/user/.m2/repository/org/apache/hadoop/hadoop-distcp/3.2.0/hadoop-distcp-3.2.0-tests.jar:/home/user/.m2/repository/org/apache/hadoop/hadoop-mapreduce-client-jobclient/3.2.0/hadoop-mapreduce-client-jobclient-3.2.0.jar:/home/user/.m2/repository/org/apache/hadoop/hadoop-mapreduce-client-common/3.2.0/hadoop-mapreduce-client-common-3.2.0.jar:/home/user/.m2/repository/org/apache/hadoop/hadoop-yarn-common/3.2.0/hadoop-yarn-common-3.2.0.jar:/home/user/.m2/repository/org/apache/hadoop/hadoop-yarn-api/3.2.0/hadoop-yarn-api-3.2.0.jar:/home/user/.m2/repository/com/sun/jersey/jersey-client/1.19/jersey-client-1.19.jar:/home/user/.m2/repository/com/sun/jersey/contribs/jersey-guice/1.19/jersey-guice-1.19.jar:/home/user/.m2/repository/com/fasterxml/jackson/jaxrs/jackson-jaxrs-json-provider/2.9.9/jackson-jaxrs-json-provider-2.9.9.jar:/home/user/.m2/repository/com/fasterxml/jackson/jaxrs/jackson-jaxrs-base/2.9.9/jackson-jaxrs-base-2.9.9.jar:/home/user/.m2/repository/org/apache/hadoop/hadoop-yarn-client/3.2.0/hadoop-yarn-client-3.2.0.jar:/home/user/.m2/repository/org/apache/hadoop/hadoop-mapreduce-client-core/3.2.0/hadoop-mapreduce-client-core-3.2.0.jar:/home/user/.m2/repository/com/google/inject/extensions/guice-servlet/4.0/guice-servlet-4.0.jar:/home/user/.m2/repository/org/powermock/powermock-module-junit4/1.6.5/powermock-module-junit4-1.6.5.jar:/home/user/.m2/repository/org/powermock/powermock-module-junit4-common/1.6.5/powermock-module-junit4-common-1.6.5.jar:/home/user/.m2/repository/org/powermock/powermock-core/1.6.5/powermock-core-1.6.5.jar:/home/user/.m2/repository/org/powermock/powermock-reflect/1.6.5/powermock-reflect-1.6.5.jar:/home/user/.m2/repository/org/powermock/powermock-api-mockito/1.6.5/powermock-api-mockito-1.6.5.jar:/home/user/.m2/repository/org/mockito/mockito-core/1.10.19/mockito-core-1.10.19.jar:/home/user/.m2/repository/org/objenesis/objenesis/1.0/objenesis-1.0.jar:/home/user/.m2/repository/org/powermock/powermock-api-mockito-common/1.6.5/powermock-api-mockito-common-1.6.5.jar:/home/user/.m2/repository/org/powermock/powermock-api-support/1.6.5/powermock-api-support-1.6.5.jar:"/>
    <property name="java.vm.vendor" value="IcedTea"/>
    <property name="sun.arch.data.model" value="64"/>
    <property name="test.build.dir" value="/workdir/hadoop-ozone/ozonefs/target/test-dir"/>
    <property name="test.cache.data" value=""/>
    <property name="java.vendor.url" value="https://icedtea.classpath.org"/>
    <property name="user.timezone" value=""/>
    <property name="java.vm.specification.version" value="1.8"/>
    <property name="os.name" value="Linux"/>
    <property name="test.build.data" value="/workdir/hadoop-ozone/ozonefs/target/test-dir"/>
    <property name="user.country" value="US"/>
    <property name="sun.java.launcher" value="SUN_STANDARD"/>
    <property name="sun.boot.library.path" value="/usr/lib/jvm/java-1.8-openjdk/jre/lib/amd64"/>
    <property name="sun.java.command" value="/workdir/hadoop-ozone/ozonefs/target/surefire/surefirebooter6407936743153556983.jar /workdir/hadoop-ozone/ozonefs/target/surefire 2019-09-25T11-13-37_982-jvmRun1 surefire4874238946742806835tmp surefire_1065740169578362076632tmp"/>
    <property name="test" value="!TestMiniChaosOzoneCluster"/>
    <property name="surefire.test.class.path" value="/workdir/hadoop-ozone/ozonefs/target/test-classes:/workdir/hadoop-ozone/ozonefs/target/classes:/home/user/.m2/repository/org/apache/hadoop/hadoop-common/3.2.0/hadoop-common-3.2.0.jar:/home/user/.m2/repository/org/apache/hadoop/hadoop-annotations/3.2.0/hadoop-annotations-3.2.0.jar:/usr/lib/jvm/java-1.8-openjdk/jre/../lib/tools.jar:/home/user/.m2/repository/com/google/guava/guava/11.0.2/guava-11.0.2.jar:/home/user/.m2/repository/commons-cli/commons-cli/1.2/commons-cli-1.2.jar:/home/user/.m2/repository/org/apache/commons/commons-math3/3.1.1/commons-math3-3.1.1.jar:/home/user/.m2/repository/org/apache/httpcomponents/httpclient/4.5.2/httpclient-4.5.2.jar:/home/user/.m2/repository/org/apache/httpcomponents/httpcore/4.4.4/httpcore-4.4.4.jar:/home/user/.m2/repository/commons-codec/commons-codec/1.11/commons-codec-1.11.jar:/home/user/.m2/repository/commons-io/commons-io/2.5/commons-io-2.5.jar:/home/user/.m2/repository/commons-net/commons-net/3.6/commons-net-3.6.jar:/home/user/.m2/repository/commons-collections/commons-collections/3.2.2/commons-collections-3.2.2.jar:/home/user/.m2/repository/javax/servlet/javax.servlet-api/3.1.0/javax.servlet-api-3.1.0.jar:/home/user/.m2/repository/org/eclipse/jetty/jetty-server/9.3.25.v20180904/jetty-server-9.3.25.v20180904.jar:/home/user/.m2/repository/org/eclipse/jetty/jetty-http/9.3.25.v20180904/jetty-http-9.3.25.v20180904.jar:/home/user/.m2/repository/org/eclipse/jetty/jetty-io/9.3.25.v20180904/jetty-io-9.3.25.v20180904.jar:/home/user/.m2/repository/org/eclipse/jetty/jetty-util/9.3.25.v20180904/jetty-util-9.3.25.v20180904.jar:/home/user/.m2/repository/org/eclipse/jetty/jetty-servlet/9.3.25.v20180904/jetty-servlet-9.3.25.v20180904.jar:/home/user/.m2/repository/org/eclipse/jetty/jetty-security/9.3.25.v20180904/jetty-security-9.3.25.v20180904.jar:/home/user/.m2/repository/org/eclipse/jetty/jetty-webapp/9.3.25.v20180904/jetty-webapp-9.3.25.v20180904.jar:/home/user/.m2/repository/org/eclipse/jetty/jetty-xml/9.3.25.v20180904/jetty-xml-9.3.25.v20180904.jar:/home/user/.m2/repository/javax/servlet/jsp/jsp-api/2.1/jsp-api-2.1.jar:/home/user/.m2/repository/com/sun/jersey/jersey-core/1.19/jersey-core-1.19.jar:/home/user/.m2/repository/javax/ws/rs/jsr311-api/1.1.1/jsr311-api-1.1.1.jar:/home/user/.m2/repository/com/sun/jersey/jersey-servlet/1.19/jersey-servlet-1.19.jar:/home/user/.m2/repository/com/sun/jersey/jersey-json/1.19/jersey-json-1.19.jar:/home/user/.m2/repository/org/codehaus/jettison/jettison/1.1/jettison-1.1.jar:/home/user/.m2/repository/com/sun/xml/bind/jaxb-impl/2.3.0.1/jaxb-impl-2.3.0.1.jar:/home/user/.m2/repository/org/codehaus/jackson/jackson-core-asl/1.9.13/jackson-core-asl-1.9.13.jar:/home/user/.m2/repository/org/codehaus/jackson/jackson-mapper-asl/1.9.13/jackson-mapper-asl-1.9.13.jar:/home/user/.m2/repository/org/codehaus/jackson/jackson-jaxrs/1.9.13/jackson-jaxrs-1.9.13.jar:/home/user/.m2/repository/org/codehaus/jackson/jackson-xc/1.9.13/jackson-xc-1.9.13.jar:/home/user/.m2/repository/com/sun/jersey/jersey-server/1.19/jersey-server-1.19.jar:/home/user/.m2/repository/commons-logging/commons-logging/1.1.3/commons-logging-1.1.3.jar:/home/user/.m2/repository/log4j/log4j/1.2.17/log4j-1.2.17.jar:/home/user/.m2/repository/commons-beanutils/commons-beanutils/1.9.4/commons-beanutils-1.9.4.jar:/home/user/.m2/repository/org/apache/commons/commons-configuration2/2.1.1/commons-configuration2-2.1.1.jar:/home/user/.m2/repository/org/apache/commons/commons-lang3/3.7/commons-lang3-3.7.jar:/home/user/.m2/repository/org/apache/commons/commons-text/1.4/commons-text-1.4.jar:/home/user/.m2/repository/org/slf4j/slf4j-api/1.7.25/slf4j-api-1.7.25.jar:/home/user/.m2/repository/org/slf4j/slf4j-log4j12/1.7.25/slf4j-log4j12-1.7.25.jar:/home/user/.m2/repository/org/apache/avro/avro/1.7.7/avro-1.7.7.jar:/home/user/.m2/repository/com/thoughtworks/paranamer/paranamer/2.3/paranamer-2.3.jar:/home/user/.m2/repository/org/xerial/snappy/snappy-java/1.0.5/snappy-java-1.0.5.jar:/home/user/.m2/repository/com/google/re2j/re2j/1.1/re2j-1.1.jar:/home/user/.m2/repository/com/google/protobuf/protobuf-java/2.5.0/protobuf-java-2.5.0.jar:/home/user/.m2/repository/com/google/code/gson/gson/2.2.4/gson-2.2.4.jar:/home/user/.m2/repository/org/apache/hadoop/hadoop-auth/3.2.0/hadoop-auth-3.2.0.jar:/home/user/.m2/repository/com/nimbusds/nimbus-jose-jwt/4.41.1/nimbus-jose-jwt-4.41.1.jar:/home/user/.m2/repository/com/github/stephenc/jcip/jcip-annotations/1.0-1/jcip-annotations-1.0-1.jar:/home/user/.m2/repository/net/minidev/json-smart/2.3/json-smart-2.3.jar:/home/user/.m2/repository/net/minidev/accessors-smart/1.2/accessors-smart-1.2.jar:/home/user/.m2/repository/org/apache/curator/curator-framework/2.12.0/curator-framework-2.12.0.jar:/home/user/.m2/repository/com/jcraft/jsch/0.1.54/jsch-0.1.54.jar:/home/user/.m2/repository/org/apache/curator/curator-client/2.12.0/curator-client-2.12.0.jar:/home/user/.m2/repository/org/apache/curator/curator-recipes/2.12.0/curator-recipes-2.12.0.jar:/home/user/.m2/repository/com/google/code/findbugs/jsr305/3.0.0/jsr305-3.0.0.jar:/home/user/.m2/repository/org/apache/htrace/htrace-core4/4.1.0-incubating/htrace-core4-4.1.0-incubating.jar:/home/user/.m2/repository/org/apache/zookeeper/zookeeper/3.4.13/zookeeper-3.4.13.jar:/home/user/.m2/repository/jline/jline/0.9.94/jline-0.9.94.jar:/home/user/.m2/repository/org/apache/yetus/audience-annotations/0.5.0/audience-annotations-0.5.0.jar:/home/user/.m2/repository/org/apache/commons/commons-compress/1.4.1/commons-compress-1.4.1.jar:/home/user/.m2/repository/org/tukaani/xz/1.0/xz-1.0.jar:/home/user/.m2/repository/org/apache/kerby/kerb-simplekdc/1.0.1/kerb-simplekdc-1.0.1.jar:/home/user/.m2/repository/org/apache/kerby/kerb-client/1.0.1/kerb-client-1.0.1.jar:/home/user/.m2/repository/org/apache/kerby/kerby-config/1.0.1/kerby-config-1.0.1.jar:/home/user/.m2/repository/org/apache/kerby/kerb-core/1.0.1/kerb-core-1.0.1.jar:/home/user/.m2/repository/org/apache/kerby/kerby-pkix/1.0.1/kerby-pkix-1.0.1.jar:/home/user/.m2/repository/org/apache/kerby/kerby-asn1/1.0.1/kerby-asn1-1.0.1.jar:/home/user/.m2/repository/org/apache/kerby/kerby-util/1.0.1/kerby-util-1.0.1.jar:/home/user/.m2/repository/org/apache/kerby/kerb-common/1.0.1/kerb-common-1.0.1.jar:/home/user/.m2/repository/org/apache/kerby/kerb-crypto/1.0.1/kerb-crypto-1.0.1.jar:/home/user/.m2/repository/org/apache/kerby/kerb-util/1.0.1/kerb-util-1.0.1.jar:/home/user/.m2/repository/org/apache/kerby/token-provider/1.0.1/token-provider-1.0.1.jar:/home/user/.m2/repository/org/apache/kerby/kerb-admin/1.0.1/kerb-admin-1.0.1.jar:/home/user/.m2/repository/org/apache/kerby/kerb-server/1.0.1/kerb-server-1.0.1.jar:/home/user/.m2/repository/org/apache/kerby/kerb-identity/1.0.1/kerb-identity-1.0.1.jar:/home/user/.m2/repository/org/apache/kerby/kerby-xdr/1.0.1/kerby-xdr-1.0.1.jar:/home/user/.m2/repository/com/fasterxml/jackson/core/jackson-databind/2.9.9/jackson-databind-2.9.9.jar:/home/user/.m2/repository/com/fasterxml/jackson/core/jackson-annotations/2.9.9/jackson-annotations-2.9.9.jar:/home/user/.m2/repository/com/fasterxml/jackson/core/jackson-core/2.9.9/jackson-core-2.9.9.jar:/home/user/.m2/repository/org/codehaus/woodstox/stax2-api/3.1.4/stax2-api-3.1.4.jar:/home/user/.m2/repository/com/fasterxml/woodstox/woodstox-core/5.0.3/woodstox-core-5.0.3.jar:/home/user/.m2/repository/dnsjava/dnsjava/2.1.7/dnsjava-2.1.7.jar:/home/user/.m2/repository/org/apache/hadoop/hadoop-hdfs/3.2.0/hadoop-hdfs-3.2.0.jar:/home/user/.m2/repository/org/eclipse/jetty/jetty-util-ajax/9.3.25.v20180904/jetty-util-ajax-9.3.25.v20180904.jar:/home/user/.m2/repository/commons-daemon/commons-daemon/1.0.13/commons-daemon-1.0.13.jar:/home/user/.m2/repository/io/netty/netty/3.10.5.Final/netty-3.10.5.Final.jar:/home/user/.m2/repository/io/netty/netty-all/4.0.52.Final/netty-all-4.0.52.Final.jar:/home/user/.m2/repository/org/fusesource/leveldbjni/leveldbjni-all/1.8/leveldbjni-all-1.8.jar:/home/user/.m2/repository/org/apache/hadoop/hadoop-hdds-common/0.5.0-SNAPSHOT/hadoop-hdds-common-0.5.0-SNAPSHOT.jar:/home/user/.m2/repository/org/apache/hadoop/hadoop-hdds-config/0.5.0-SNAPSHOT/hadoop-hdds-config-0.5.0-SNAPSHOT.jar:/home/user/.m2/repository/javax/annotation/javax.annotation-api/1.2/javax.annotation-api-1.2.jar:/home/user/.m2/repository/org/apache/ratis/ratis-server/0.4.0/ratis-server-0.4.0.jar:/home/user/.m2/repository/org/apache/ratis/ratis-thirdparty-misc/0.2.0/ratis-thirdparty-misc-0.2.0.jar:/home/user/.m2/repository/org/apache/ratis/ratis-proto/0.4.0/ratis-proto-0.4.0.jar:/home/user/.m2/repository/org/apache/ratis/ratis-common/0.4.0/ratis-common-0.4.0.jar:/home/user/.m2/repository/org/apache/ratis/ratis-client/0.4.0/ratis-client-0.4.0.jar:/home/user/.m2/repository/org/apache/ratis/ratis-metrics/0.4.0/ratis-metrics-0.4.0.jar:/home/user/.m2/repository/com/github/joshelser/dropwizard-metrics-hadoop-metrics2-reporter/0.1.2/dropwizard-metrics-hadoop-metrics2-reporter-0.1.2.jar:/home/user/.m2/repository/io/dropwizard/metrics/metrics-jvm/3.2.5/metrics-jvm-3.2.5.jar:/home/user/.m2/repository/io/dropwizard/metrics/metrics-ganglia/3.2.5/metrics-ganglia-3.2.5.jar:/home/user/.m2/repository/info/ganglia/gmetric4j/gmetric4j/1.0.7/gmetric4j-1.0.7.jar:/home/user/.m2/repository/org/apache/ratis/ratis-netty/0.4.0/ratis-netty-0.4.0.jar:/home/user/.m2/repository/org/apache/ratis/ratis-grpc/0.4.0/ratis-grpc-0.4.0.jar:/home/user/.m2/repository/org/rocksdb/rocksdbjni/6.0.1/rocksdbjni-6.0.1.jar:/home/user/.m2/repository/org/apache/logging/log4j/log4j-api/2.11.0/log4j-api-2.11.0.jar:/home/user/.m2/repository/org/apache/logging/log4j/log4j-core/2.11.0/log4j-core-2.11.0.jar:/home/user/.m2/repository/com/lmax/disruptor/3.4.2/disruptor-3.4.2.jar:/home/user/.m2/repository/org/apache/commons/commons-pool2/2.6.0/commons-pool2-2.6.0.jar:/home/user/.m2/repository/org/bouncycastle/bcpkix-jdk15on/1.60/bcpkix-jdk15on-1.60.jar:/home/user/.m2/repository/commons-validator/commons-validator/1.6/commons-validator-1.6.jar:/home/user/.m2/repository/commons-digester/commons-digester/1.8.1/commons-digester-1.8.1.jar:/home/user/.m2/repository/io/jaegertracing/jaeger-client/0.34.0/jaeger-client-0.34.0.jar:/home/user/.m2/repository/io/jaegertracing/jaeger-thrift/0.34.0/jaeger-thrift-0.34.0.jar:/home/user/.m2/repository/org/apache/thrift/libthrift/0.12.0/libthrift-0.12.0.jar:/home/user/.m2/repository/com/squareup/okhttp3/okhttp/3.9.0/okhttp-3.9.0.jar:/home/user/.m2/repository/com/squareup/okio/okio/1.13.0/okio-1.13.0.jar:/home/user/.m2/repository/io/jaegertracing/jaeger-core/0.34.0/jaeger-core-0.34.0.jar:/home/user/.m2/repository/io/jaegertracing/jaeger-tracerresolver/0.34.0/jaeger-tracerresolver-0.34.0.jar:/home/user/.m2/repository/io/opentracing/contrib/opentracing-tracerresolver/0.1.5/opentracing-tracerresolver-0.1.5.jar:/home/user/.m2/repository/io/opentracing/opentracing-util/0.31.0/opentracing-util-0.31.0.jar:/home/user/.m2/repository/io/opentracing/opentracing-api/0.31.0/opentracing-api-0.31.0.jar:/home/user/.m2/repository/io/opentracing/opentracing-noop/0.31.0/opentracing-noop-0.31.0.jar:/home/user/.m2/repository/org/yaml/snakeyaml/1.16/snakeyaml-1.16.jar:/home/user/.m2/repository/org/apache/hadoop/hadoop-hdfs-client/3.2.0/hadoop-hdfs-client-3.2.0.jar:/home/user/.m2/repository/info/picocli/picocli/3.9.6/picocli-3.9.6.jar:/home/user/.m2/repository/org/apache/hadoop/hadoop-hdds-server-scm/0.5.0-SNAPSHOT/hadoop-hdds-server-scm-0.5.0-SNAPSHOT.jar:/home/user/.m2/repository/org/apache/hadoop/hadoop-hdds-docs/0.5.0-SNAPSHOT/hadoop-hdds-docs-0.5.0-SNAPSHOT.jar:/home/user/.m2/repository/io/dropwizard/metrics/metrics-core/3.2.4/metrics-core-3.2.4.jar:/home/user/.m2/repository/org/hamcrest/hamcrest-all/1.3/hamcrest-all-1.3.jar:/home/user/.m2/repository/org/bouncycastle/bcprov-jdk15on/1.60/bcprov-jdk15on-1.60.jar:/home/user/.m2/repository/org/apache/hadoop/hadoop-hdds-server-framework/0.5.0-SNAPSHOT/hadoop-hdds-server-framework-0.5.0-SNAPSHOT.jar:/home/user/.m2/repository/org/apache/hadoop/hadoop-ozone-ozone-manager/0.5.0-SNAPSHOT/hadoop-ozone-ozone-manager-0.5.0-SNAPSHOT.jar:/home/user/.m2/repository/org/apache/hadoop/hadoop-hdds-container-service/0.5.0-SNAPSHOT/hadoop-hdds-container-service-0.5.0-SNAPSHOT.jar:/home/user/.m2/repository/org/apache/hadoop/hadoop-hdds-client/0.5.0-SNAPSHOT/hadoop-hdds-client-0.5.0-SNAPSHOT.jar:/home/user/.m2/repository/org/apache/hadoop/hadoop-ozone-common/0.5.0-SNAPSHOT/hadoop-ozone-common-0.5.0-SNAPSHOT.jar:/home/user/.m2/repository/org/apache/hadoop/hadoop-hdds-tools/0.5.0-SNAPSHOT/hadoop-hdds-tools-0.5.0-SNAPSHOT.jar:/home/user/.m2/repository/org/xerial/sqlite-jdbc/3.25.2/sqlite-jdbc-3.25.2.jar:/home/user/.m2/repository/com/google/code/findbugs/findbugs/3.0.1/findbugs-3.0.1.jar:/home/user/.m2/repository/net/jcip/jcip-annotations/1.0/jcip-annotations-1.0.jar:/home/user/.m2/repository/com/google/code/findbugs/bcel-findbugs/6.0/bcel-findbugs-6.0.jar:/home/user/.m2/repository/com/google/code/findbugs/jFormatString/2.0.1/jFormatString-2.0.1.jar:/home/user/.m2/repository/dom4j/dom4j/1.6.1/dom4j-1.6.1.jar:/home/user/.m2/repository/xml-apis/xml-apis/1.0.b2/xml-apis-1.0.b2.jar:/home/user/.m2/repository/org/ow2/asm/asm-debug-all/5.0.2/asm-debug-all-5.0.2.jar:/home/user/.m2/repository/org/ow2/asm/asm-commons/5.0.2/asm-commons-5.0.2.jar:/home/user/.m2/repository/org/ow2/asm/asm-tree/5.0.2/asm-tree-5.0.2.jar:/home/user/.m2/repository/org/ow2/asm/asm/5.0.4/asm-5.0.4.jar:/home/user/.m2/repository/commons-lang/commons-lang/2.6/commons-lang-2.6.jar:/home/user/.m2/repository/com/apple/AppleJavaExtensions/1.4/AppleJavaExtensions-1.4.jar:/home/user/.m2/repository/jaxen/jaxen/1.1.6/jaxen-1.1.6.jar:/home/user/.m2/repository/org/apache/hadoop/hadoop-common/3.2.0/hadoop-common-3.2.0-tests.jar:/home/user/.m2/repository/org/apache/hadoop/hadoop-ozone-client/0.5.0-SNAPSHOT/hadoop-ozone-client-0.5.0-SNAPSHOT.jar:/home/user/.m2/repository/org/apache/hadoop/hadoop-hdfs/3.2.0/hadoop-hdfs-3.2.0-tests.jar:/workdir/hadoop-ozone/integration-test/target/test-classes:/home/user/.m2/repository/org/apache/hadoop/hadoop-ozone-s3gateway/0.5.0-SNAPSHOT/hadoop-ozone-s3gateway-0.5.0-SNAPSHOT.jar:/home/user/.m2/repository/org/jboss/weld/servlet/weld-servlet/2.4.7.Final/weld-servlet-2.4.7.Final.jar:/home/user/.m2/repository/org/glassfish/jersey/containers/jersey-container-servlet-core/2.27/jersey-container-servlet-core-2.27.jar:/home/user/.m2/repository/org/glassfish/hk2/external/javax.inject/2.5.0-b42/javax.inject-2.5.0-b42.jar:/home/user/.m2/repository/org/glassfish/jersey/core/jersey-common/2.27/jersey-common-2.27.jar:/home/user/.m2/repository/org/glassfish/hk2/osgi-resource-locator/1.0.1/osgi-resource-locator-1.0.1.jar:/home/user/.m2/repository/javax/ws/rs/javax.ws.rs-api/2.1/javax.ws.rs-api-2.1.jar:/home/user/.m2/repository/org/glassfish/jersey/ext/cdi/jersey-cdi1x/2.27/jersey-cdi1x-2.27.jar:/home/user/.m2/repository/org/glassfish/jersey/inject/jersey-hk2/2.27/jersey-hk2-2.27.jar:/home/user/.m2/repository/org/glassfish/hk2/hk2-locator/2.5.0-b42/hk2-locator-2.5.0-b42.jar:/home/user/.m2/repository/org/javassist/javassist/3.22.0-CR2/javassist-3.22.0-CR2.jar:/home/user/.m2/repository/org/glassfish/hk2/hk2-api/2.5.0/hk2-api-2.5.0.jar:/home/user/.m2/repository/org/glassfish/hk2/external/jakarta.inject/2.5.0/jakarta.inject-2.5.0.jar:/home/user/.m2/repository/org/glassfish/hk2/hk2-utils/2.5.0/hk2-utils-2.5.0.jar:/home/user/.m2/repository/jakarta/annotation/jakarta.annotation-api/1.3.4/jakarta.annotation-api-1.3.4.jar:/home/user/.m2/repository/org/glassfish/hk2/external/aopalliance-repackaged/2.5.0/aopalliance-repackaged-2.5.0.jar:/home/user/.m2/repository/com/fasterxml/jackson/dataformat/jackson-dataformat-xml/2.9.0/jackson-dataformat-xml-2.9.0.jar:/home/user/.m2/repository/com/fasterxml/jackson/module/jackson-module-jaxb-annotations/2.9.9/jackson-module-jaxb-annotations-2.9.9.jar:/home/user/.m2/repository/javax/enterprise/cdi-api/1.2/cdi-api-1.2.jar:/home/user/.m2/repository/javax/el/javax.el-api/3.0.0/javax.el-api-3.0.0.jar:/home/user/.m2/repository/javax/interceptor/javax.interceptor-api/1.2/javax.interceptor-api-1.2.jar:/home/user/.m2/repository/javax/inject/javax.inject/1/javax.inject-1.jar:/home/user/.m2/repository/com/sun/xml/bind/jaxb-core/2.3.0.1/jaxb-core-2.3.0.1.jar:/home/user/.m2/repository/javax/xml/bind/jaxb-api/2.3.0/jaxb-api-2.3.0.jar:/home/user/.m2/repository/javax/activation/activation/1.1.1/activation-1.1.1.jar:/home/user/.m2/repository/org/apache/hadoop/hadoop-ozone-csi/0.5.0-SNAPSHOT/hadoop-ozone-csi-0.5.0-SNAPSHOT.jar:/home/user/.m2/repository/com/google/protobuf/protobuf-java-util/3.5.1/protobuf-java-util-3.5.1.jar:/home/user/.m2/repository/io/grpc/grpc-netty/1.17.1/grpc-netty-1.17.1.jar:/home/user/.m2/repository/io/grpc/grpc-core/1.17.1/grpc-core-1.17.1.jar:/home/user/.m2/repository/io/grpc/grpc-context/1.17.1/grpc-context-1.17.1.jar:/home/user/.m2/repository/com/google/errorprone/error_prone_annotations/2.2.0/error_prone_annotations-2.2.0.jar:/home/user/.m2/repository/org/codehaus/mojo/animal-sniffer-annotations/1.17/animal-sniffer-annotations-1.17.jar:/home/user/.m2/repository/io/opencensus/opencensus-api/0.17.0/opencensus-api-0.17.0.jar:/home/user/.m2/repository/io/opencensus/opencensus-contrib-grpc-metrics/0.17.0/opencensus-contrib-grpc-metrics-0.17.0.jar:/home/user/.m2/repository/io/netty/netty-codec-http2/4.1.30.Final/netty-codec-http2-4.1.30.Final.jar:/home/user/.m2/repository/io/netty/netty-codec-http/4.1.30.Final/netty-codec-http-4.1.30.Final.jar:/home/user/.m2/repository/io/netty/netty-codec/4.1.30.Final/netty-codec-4.1.30.Final.jar:/home/user/.m2/repository/io/netty/netty-handler/4.1.30.Final/netty-handler-4.1.30.Final.jar:/home/user/.m2/repository/io/netty/netty-handler-proxy/4.1.30.Final/netty-handler-proxy-4.1.30.Final.jar:/home/user/.m2/repository/io/netty/netty-codec-socks/4.1.30.Final/netty-codec-socks-4.1.30.Final.jar:/home/user/.m2/repository/io/netty/netty-transport-native-epoll/4.1.30.Final/netty-transport-native-epoll-4.1.30.Final.jar:/home/user/.m2/repository/io/netty/netty-common/4.1.30.Final/netty-common-4.1.30.Final.jar:/home/user/.m2/repository/io/netty/netty-buffer/4.1.30.Final/netty-buffer-4.1.30.Final.jar:/home/user/.m2/repository/io/netty/netty-transport/4.1.30.Final/netty-transport-4.1.30.Final.jar:/home/user/.m2/repository/io/netty/netty-resolver/4.1.30.Final/netty-resolver-4.1.30.Final.jar:/home/user/.m2/repository/io/netty/netty-transport-native-unix-common/4.1.30.Final/netty-transport-native-unix-common-4.1.30.Final.jar:/home/user/.m2/repository/io/grpc/grpc-protobuf/1.17.1/grpc-protobuf-1.17.1.jar:/home/user/.m2/repository/com/google/api/grpc/proto-google-common-protos/1.0.0/proto-google-common-protos-1.0.0.jar:/home/user/.m2/repository/io/grpc/grpc-protobuf-lite/1.17.1/grpc-protobuf-lite-1.17.1.jar:/home/user/.m2/repository/io/grpc/grpc-stub/1.17.1/grpc-stub-1.17.1.jar:/home/user/.m2/repository/org/apache/hadoop/hadoop-ozone-recon/0.5.0-SNAPSHOT/hadoop-ozone-recon-0.5.0-SNAPSHOT.jar:/home/user/.m2/repository/org/apache/hadoop/hadoop-ozone-reconcodegen/0.5.0-SNAPSHOT/hadoop-ozone-reconcodegen-0.5.0-SNAPSHOT.jar:/home/user/.m2/repository/com/google/inject/extensions/guice-multibindings/4.0/guice-multibindings-4.0.jar:/home/user/.m2/repository/com/google/inject/guice/4.0/guice-4.0.jar:/home/user/.m2/repository/aopalliance/aopalliance/1.0/aopalliance-1.0.jar:/home/user/.m2/repository/org/glassfish/jersey/containers/jersey-container-servlet/2.27/jersey-container-servlet-2.27.jar:/home/user/.m2/repository/org/glassfish/hk2/guice-bridge/2.5.0/guice-bridge-2.5.0.jar:/home/user/.m2/repository/org/glassfish/jersey/core/jersey-server/2.27/jersey-server-2.27.jar:/home/user/.m2/repository/org/glassfish/jersey/core/jersey-client/2.27/jersey-client-2.27.jar:/home/user/.m2/repository/org/glassfish/jersey/media/jersey-media-jaxb/2.27/jersey-media-jaxb-2.27.jar:/home/user/.m2/repository/javax/validation/validation-api/1.1.0.Final/validation-api-1.1.0.Final.jar:/home/user/.m2/repository/org/glassfish/jersey/media/jersey-media-json-jackson/2.27/jersey-media-json-jackson-2.27.jar:/home/user/.m2/repository/org/glassfish/jersey/ext/jersey-entity-filtering/2.27/jersey-entity-filtering-2.27.jar:/home/user/.m2/repository/com/google/inject/extensions/guice-assistedinject/4.0/guice-assistedinject-4.0.jar:/home/user/.m2/repository/org/jooq/jooq/3.11.10/jooq-3.11.10.jar:/home/user/.m2/repository/org/jooq/jooq-meta/3.11.10/jooq-meta-3.11.10.jar:/home/user/.m2/repository/org/jooq/jooq-codegen/3.11.10/jooq-codegen-3.11.10.jar:/home/user/.m2/repository/com/jolbox/bonecp/0.8.0.RELEASE/bonecp-0.8.0.RELEASE.jar:/home/user/.m2/repository/org/springframework/spring-jdbc/5.1.3.RELEASE/spring-jdbc-5.1.3.RELEASE.jar:/home/user/.m2/repository/org/springframework/spring-beans/5.1.3.RELEASE/spring-beans-5.1.3.RELEASE.jar:/home/user/.m2/repository/org/springframework/spring-core/5.1.3.RELEASE/spring-core-5.1.3.RELEASE.jar:/home/user/.m2/repository/org/springframework/spring-jcl/5.1.3.RELEASE/spring-jcl-5.1.3.RELEASE.jar:/home/user/.m2/repository/org/springframework/spring-tx/5.1.3.RELEASE/spring-tx-5.1.3.RELEASE.jar:/home/user/.m2/repository/org/mockito/mockito-all/1.10.19/mockito-all-1.10.19.jar:/home/user/.m2/repository/junit/junit/4.11/junit-4.11.jar:/home/user/.m2/repository/org/hamcrest/hamcrest-core/1.3/hamcrest-core-1.3.jar:/home/user/.m2/repository/org/apache/hadoop/hadoop-distcp/3.2.0/hadoop-distcp-3.2.0.jar:/home/user/.m2/repository/org/apache/hadoop/hadoop-distcp/3.2.0/hadoop-distcp-3.2.0-tests.jar:/home/user/.m2/repository/org/apache/hadoop/hadoop-mapreduce-client-jobclient/3.2.0/hadoop-mapreduce-client-jobclient-3.2.0.jar:/home/user/.m2/repository/org/apache/hadoop/hadoop-mapreduce-client-common/3.2.0/hadoop-mapreduce-client-common-3.2.0.jar:/home/user/.m2/repository/org/apache/hadoop/hadoop-yarn-common/3.2.0/hadoop-yarn-common-3.2.0.jar:/home/user/.m2/repository/org/apache/hadoop/hadoop-yarn-api/3.2.0/hadoop-yarn-api-3.2.0.jar:/home/user/.m2/repository/com/sun/jersey/jersey-client/1.19/jersey-client-1.19.jar:/home/user/.m2/repository/com/sun/jersey/contribs/jersey-guice/1.19/jersey-guice-1.19.jar:/home/user/.m2/repository/com/fasterxml/jackson/jaxrs/jackson-jaxrs-json-provider/2.9.9/jackson-jaxrs-json-provider-2.9.9.jar:/home/user/.m2/repository/com/fasterxml/jackson/jaxrs/jackson-jaxrs-base/2.9.9/jackson-jaxrs-base-2.9.9.jar:/home/user/.m2/repository/org/apache/hadoop/hadoop-yarn-client/3.2.0/hadoop-yarn-client-3.2.0.jar:/home/user/.m2/repository/org/apache/hadoop/hadoop-mapreduce-client-core/3.2.0/hadoop-mapreduce-client-core-3.2.0.jar:/home/user/.m2/repository/com/google/inject/extensions/guice-servlet/4.0/guice-servlet-4.0.jar:/home/user/.m2/repository/org/powermock/powermock-module-junit4/1.6.5/powermock-module-junit4-1.6.5.jar:/home/user/.m2/repository/org/powermock/powermock-module-junit4-common/1.6.5/powermock-module-junit4-common-1.6.5.jar:/home/user/.m2/repository/org/powermock/powermock-core/1.6.5/powermock-core-1.6.5.jar:/home/user/.m2/repository/org/powermock/powermock-reflect/1.6.5/powermock-reflect-1.6.5.jar:/home/user/.m2/repository/org/powermock/powermock-api-mockito/1.6.5/powermock-api-mockito-1.6.5.jar:/home/user/.m2/repository/org/mockito/mockito-core/1.10.19/mockito-core-1.10.19.jar:/home/user/.m2/repository/org/objenesis/objenesis/1.0/objenesis-1.0.jar:/home/user/.m2/repository/org/powermock/powermock-api-mockito-common/1.6.5/powermock-api-mockito-common-1.6.5.jar:/home/user/.m2/repository/org/powermock/powermock-api-support/1.6.5/powermock-api-support-1.6.5.jar:"/>
    <property name="sun.cpu.endian" value="little"/>
    <property name="user.home" value="/home/user"/>
    <property name="user.language" value="en"/>
    <property name="java.specification.vendor" value="Oracle Corporation"/>
    <property name="java.home" value="/usr/lib/jvm/java-1.8-openjdk/jre"/>
    <property name="java.security.krb5.conf" value="/workdir/hadoop-ozone/ozonefs/target/test-classes/krb5.conf"/>
    <property name="basedir" value="/workdir/hadoop-ozone/ozonefs"/>
    <property name="file.separator" value="/"/>
    <property name="line.separator" value="&#10;"/>
    <property name="java.vm.specification.vendor" value="Oracle Corporation"/>
    <property name="java.specification.name" value="Java Platform API Specification"/>
    <property name="java.awt.graphicsenv" value="sun.awt.X11GraphicsEnvironment"/>
    <property name="surefire.real.class.path" value="/workdir/hadoop-ozone/ozonefs/target/surefire/surefirebooter6407936743153556983.jar"/>
    <property name="hadoop.log.dir" value="/workdir/hadoop-ozone/ozonefs/target/log"/>
    <property name="sun.boot.class.path" value="/usr/lib/jvm/java-1.8-openjdk/jre/lib/resources.jar:/usr/lib/jvm/java-1.8-openjdk/jre/lib/rt.jar:/usr/lib/jvm/java-1.8-openjdk/jre/lib/sunrsasign.jar:/usr/lib/jvm/java-1.8-openjdk/jre/lib/jsse.jar:/usr/lib/jvm/java-1.8-openjdk/jre/lib/jce.jar:/usr/lib/jvm/java-1.8-openjdk/jre/lib/charsets.jar:/usr/lib/jvm/java-1.8-openjdk/jre/lib/jfr.jar:/usr/lib/jvm/java-1.8-openjdk/jre/classes"/>
    <property name="sun.management.compiler" value="HotSpot 64-Bit Tiered Compilers"/>
    <property name="java.runtime.version" value="1.8.0_212-b04"/>
    <property name="java.net.preferIPv4Stack" value="true"/>
    <property name="user.name" value="jenkins1000"/>
    <property name="path.separator" value=":"/>
    <property name="java.security.egd" value="file:///dev/urandom"/>
    <property name="os.version" value="3.10.0-957.12.2.el7.x86_64"/>
    <property name="java.endorsed.dirs" value="/usr/lib/jvm/java-1.8-openjdk/jre/lib/endorsed"/>
    <property name="java.runtime.name" value="OpenJDK Runtime Environment"/>
    <property name="file.encoding" value="UTF-8"/>
    <property name="java.vm.name" value="OpenJDK 64-Bit Server VM"/>
    <property name="test.build.webapps" value=""/>
    <property name="localRepository" value="/home/user/.m2/repository"/>
    <property name="java.vendor.url.bug" value="https://icedtea.classpath.org/bugzilla"/>
    <property name="java.io.tmpdir" value="/tmp"/>
    <property name="require.test.libhadoop" value=""/>
    <property name="java.version" value="1.8.0_212"/>
    <property name="user.dir" value="/workdir/hadoop-ozone/ozonefs"/>
    <property name="os.arch" value="amd64"/>
    <property name="java.vm.specification.name" value="Java Virtual Machine Specification"/>
    <property name="test.build.classes" value="/workdir/hadoop-ozone/ozonefs/target/test-classes"/>
    <property name="java.awt.printerjob" value="sun.print.PSPrinterJob"/>
    <property name="sun.os.patch.level" value="unknown"/>
    <property name="hadoop.tmp.dir" value="/workdir/hadoop-ozone/ozonefs/target/tmp"/>
    <property name="java.library.path" value="/usr/lib/jvm/java-1.8-openjdk/jre/lib/amd64/server:/usr/lib/jvm/java-1.8-openjdk/jre/lib/amd64:/usr/lib/jvm/java-1.8-openjdk/jre/../lib/amd64:/workdir/hadoop-ozone/ozonefs/target/native/target/usr/local/lib:/workdir/hadoop-ozone/ozonefs/../../hadoop-common-project/hadoop-common/target/native/target/usr/local/lib:/usr/java/packages/lib/amd64:/usr/lib64:/lib64:/lib:/usr/lib"/>
    <property name="java.vm.info" value="mixed mode"/>
    <property name="java.vendor" value="IcedTea"/>
    <property name="java.vm.version" value="25.212-b04"/>
    <property name="java.ext.dirs" value="/usr/lib/jvm/java-1.8-openjdk/jre/lib/ext:/usr/java/packages/lib/ext"/>
    <property name="sun.io.unicode.encoding" value="UnicodeLittle"/>
    <property name="java.class.version" value="52.0"/>
  </properties>
  <testcase name="testOzoneFsServiceLoader" classname="org.apache.hadoop.fs.ozone.TestOzoneFileSystem" time="22.88"/>
  <testcase name="testListStatusOnRoot" classname="org.apache.hadoop.fs.ozone.TestOzoneFileSystem" time="17.207"/>
  <testcase name="testListStatusOnSubDirs" classname="org.apache.hadoop.fs.ozone.TestOzoneFileSystem" time="17.305">
    <error message="Allocated 0 blocks. Requested 1 blocks" type="INTERNAL_ERROR org.apache.hadoop.ozone.om.exceptions.OMException">INTERNAL_ERROR org.apache.hadoop.ozone.om.exceptions.OMException: Allocated 0 blocks. Requested 1 blocks
	at org.apache.hadoop.ozone.om.protocolPB.OzoneManagerProtocolClientSideTranslatorPB.handleError(OzoneManagerProtocolClientSideTranslatorPB.java:732)
	at org.apache.hadoop.ozone.om.protocolPB.OzoneManagerProtocolClientSideTranslatorPB.createFile(OzoneManagerProtocolClientSideTranslatorPB.java:1536)
	at sun.reflect.NativeMethodAccessorImpl.invoke0(Native Method)
	at sun.reflect.NativeMethodAccessorImpl.invoke(NativeMethodAccessorImpl.java:62)
	at sun.reflect.DelegatingMethodAccessorImpl.invoke(DelegatingMethodAccessorImpl.java:43)
	at java.lang.reflect.Method.invoke(Method.java:498)
	at org.apache.hadoop.hdds.tracing.TraceAllMethod.invoke(TraceAllMethod.java:66)
	at com.sun.proxy.$Proxy38.createFile(Unknown Source)
	at org.apache.hadoop.ozone.client.rpc.RpcClient.createFile(RpcClient.java:1006)
	at org.apache.hadoop.ozone.client.OzoneBucket.createFile(OzoneBucket.java:537)
	at org.apache.hadoop.fs.ozone.BasicOzoneClientAdapterImpl.createFile(BasicOzoneClientAdapterImpl.java:205)
	at org.apache.hadoop.fs.ozone.BasicOzoneFileSystem.createOutputStream(BasicOzoneFileSystem.java:250)
	at org.apache.hadoop.fs.ozone.BasicOzoneFileSystem.create(BasicOzoneFileSystem.java:231)
	at org.apache.hadoop.fs.FileSystem.create(FileSystem.java:1118)
	at org.apache.hadoop.fs.FileSystem.create(FileSystem.java:1098)
	at org.apache.hadoop.fs.FileSystem.create(FileSystem.java:987)
	at org.apache.hadoop.fs.contract.ContractTestUtils.createFile(ContractTestUtils.java:633)
	at org.apache.hadoop.fs.contract.ContractTestUtils.touch(ContractTestUtils.java:669)
	at org.apache.hadoop.fs.ozone.TestOzoneFileSystem.testListStatusOnSubDirs(TestOzoneFileSystem.java:251)
	at sun.reflect.NativeMethodAccessorImpl.invoke0(Native Method)
	at sun.reflect.NativeMethodAccessorImpl.invoke(NativeMethodAccessorImpl.java:62)
	at sun.reflect.DelegatingMethodAccessorImpl.invoke(DelegatingMethodAccessorImpl.java:43)
	at java.lang.reflect.Method.invoke(Method.java:498)
	at org.junit.runners.model.FrameworkMethod$1.runReflectiveCall(FrameworkMethod.java:47)
	at org.junit.internal.runners.model.ReflectiveCallable.run(ReflectiveCallable.java:12)
	at org.junit.runners.model.FrameworkMethod.invokeExplosively(FrameworkMethod.java:44)
	at org.junit.internal.runners.statements.InvokeMethod.evaluate(InvokeMethod.java:17)
	at org.junit.internal.runners.statements.RunBefores.evaluate(RunBefores.java:26)
	at org.junit.internal.runners.statements.RunAfters.evaluate(RunAfters.java:27)
	at org.junit.internal.runners.statements.FailOnTimeout$StatementThread.run(FailOnTimeout.java:74)
</error>
    <system-out><![CDATA[2019-09-25 12:52:58,963 [Thread-539] WARN  server.ServerUtils (ServerUtils.java:getScmDbDir(145)) - ozone.scm.db.dirs is not configured. We recommend adding this setting. Falling back to ozone.metadata.dirs instead.
2019-09-25 12:52:58,988 [Thread-539] WARN  server.ServerUtils (ServerUtils.java:getScmDbDir(145)) - ozone.scm.db.dirs is not configured. We recommend adding this setting. Falling back to ozone.metadata.dirs instead.
2019-09-25 12:52:58,989 [Thread-539] WARN  server.ServerUtils (ServerUtils.java:getScmDbDir(145)) - ozone.scm.db.dirs is not configured. We recommend adding this setting. Falling back to ozone.metadata.dirs instead.
2019-09-25 12:52:58,989 [Thread-539] INFO  db.DBStoreBuilder (DBStoreBuilder.java:addTable(110)) - using custom profile for table: deletedBlocks
2019-09-25 12:52:58,989 [Thread-539] INFO  db.DBStoreBuilder (DBStoreBuilder.java:processTables(161)) - Using default column profile:DBProfile.DISK for Table:deletedBlocks
2019-09-25 12:52:58,989 [Thread-539] INFO  db.DBStoreBuilder (DBStoreBuilder.java:addTable(110)) - using custom profile for table: validCerts
2019-09-25 12:52:58,990 [Thread-539] INFO  db.DBStoreBuilder (DBStoreBuilder.java:processTables(161)) - Using default column profile:DBProfile.DISK for Table:validCerts
2019-09-25 12:52:58,990 [Thread-539] INFO  db.DBStoreBuilder (DBStoreBuilder.java:addTable(110)) - using custom profile for table: revokedCerts
2019-09-25 12:52:58,990 [Thread-539] INFO  db.DBStoreBuilder (DBStoreBuilder.java:processTables(161)) - Using default column profile:DBProfile.DISK for Table:revokedCerts
2019-09-25 12:52:58,990 [Thread-539] INFO  db.DBStoreBuilder (DBStoreBuilder.java:addTable(110)) - using custom profile for table: default
2019-09-25 12:52:58,990 [Thread-539] INFO  db.DBStoreBuilder (DBStoreBuilder.java:processTables(167)) - Using default column profile:DBProfile.DISK for Table:default
2019-09-25 12:52:58,990 [Thread-539] INFO  db.DBStoreBuilder (DBStoreBuilder.java:getDbProfile(198)) - Using default options. DBProfile.DISK
2019-09-25 12:52:59,288 [Thread-539] INFO  net.NodeSchemaLoader (NodeSchemaLoader.java:loadSchemaFromFile(125)) - Loading file from sun.misc.CompoundEnumeration@50023171
2019-09-25 12:52:59,289 [Thread-539] INFO  net.NodeSchemaLoader (NodeSchemaLoader.java:loadSchema(171)) - Loading network topology layer schema file
2019-09-25 12:52:59,295 [Thread-539] WARN  server.ServerUtils (ServerUtils.java:sanitizeUserArgs(70)) - ozone.scm.stale.node.interval value = 300000 is larger than max = 100000 based on the key value of ozone.scm.heartbeat.thread.interval, reset to the max value 100000.
2019-09-25 12:52:59,296 [Thread-539] WARN  server.ServerUtils (ServerUtils.java:sanitizeUserArgs(70)) - ozone.scm.stale.node.interval value = 300000 is larger than max = 100000 based on the key value of ozone.scm.heartbeat.thread.interval, reset to the max value 100000.
2019-09-25 12:52:59,296 [Thread-539] INFO  node.SCMNodeManager (SCMNodeManager.java:<init>(114)) - Entering startup safe mode.
2019-09-25 12:52:59,297 [Thread-539] INFO  algorithms.ContainerPlacementPolicyFactory (ContainerPlacementPolicyFactory.java:getPolicy(59)) - Create container placement policy of type org.apache.hadoop.hdds.scm.container.placement.algorithms.SCMContainerPlacementRandom
2019-09-25 12:52:59,297 [Thread-539] WARN  server.ServerUtils (ServerUtils.java:getScmDbDir(145)) - ozone.scm.db.dirs is not configured. We recommend adding this setting. Falling back to ozone.metadata.dirs instead.
2019-09-25 12:52:59,396 [Thread-539] INFO  pipeline.SCMPipelineManager (SCMPipelineManager.java:initializePipelineState(132)) - No pipeline exists in current db
2019-09-25 12:52:59,396 [Thread-539] WARN  server.ServerUtils (ServerUtils.java:getScmDbDir(145)) - ozone.scm.db.dirs is not configured. We recommend adding this setting. Falling back to ozone.metadata.dirs instead.
2019-09-25 12:52:59,516 [Thread-539] WARN  events.EventQueue (EventQueue.java:fireEvent(183)) - No event handler registered for event TypedEvent{payloadType=SafeModeStatus, name='SafeModeStatus'}
2019-09-25 12:52:59,517 [Thread-539] INFO  ipc.CallQueueManager (CallQueueManager.java:<init>(84)) - Using callQueue: class java.util.concurrent.LinkedBlockingQueue, queueCapacity: 2000, scheduler: class org.apache.hadoop.ipc.DefaultRpcScheduler, ipcBackoff: false.
2019-09-25 12:52:59,518 [Socket Reader #1 for port 41484] INFO  ipc.Server (Server.java:run(1074)) - Starting Socket Reader #1 for port 41484
2019-09-25 12:52:59,520 [Thread-539] INFO  ipc.CallQueueManager (CallQueueManager.java:<init>(84)) - Using callQueue: class java.util.concurrent.LinkedBlockingQueue, queueCapacity: 2000, scheduler: class org.apache.hadoop.ipc.DefaultRpcScheduler, ipcBackoff: false.
2019-09-25 12:52:59,521 [Socket Reader #1 for port 43480] INFO  ipc.Server (Server.java:run(1074)) - Starting Socket Reader #1 for port 43480
2019-09-25 12:52:59,523 [Thread-539] INFO  ipc.CallQueueManager (CallQueueManager.java:<init>(84)) - Using callQueue: class java.util.concurrent.LinkedBlockingQueue, queueCapacity: 2000, scheduler: class org.apache.hadoop.ipc.DefaultRpcScheduler, ipcBackoff: false.
2019-09-25 12:52:59,524 [Socket Reader #1 for port 33210] INFO  ipc.Server (Server.java:run(1074)) - Starting Socket Reader #1 for port 33210
2019-09-25 12:52:59,526 [Thread-539] INFO  hdfs.DFSUtil (DFSUtil.java:httpServerTemplateForNNAndJN(1641)) - Starting Web-server for scm at: http://0.0.0.0:0
2019-09-25 12:52:59,528 [Thread-539] INFO  server.AuthenticationFilter (AuthenticationFilter.java:constructSecretProvider(240)) - Unable to initialize FileSignerSecretProvider, falling back to use random secrets.
2019-09-25 12:52:59,529 [Thread-539] WARN  http.HttpRequestLog (HttpRequestLog.java:getRequestLog(97)) - Jetty request log can only be enabled using Log4j
2019-09-25 12:52:59,531 [Thread-539] INFO  http.HttpServer2 (HttpServer2.java:addGlobalFilter(975)) - Added global filter 'safety' (class=org.apache.hadoop.http.HttpServer2$QuotingInputFilter)
2019-09-25 12:52:59,531 [Thread-539] INFO  http.HttpServer2 (HttpServer2.java:addFilter(948)) - Added filter static_user_filter (class=org.apache.hadoop.http.lib.StaticUserWebFilter$StaticUserFilter) to context scm
2019-09-25 12:52:59,532 [Thread-539] INFO  http.HttpServer2 (HttpServer2.java:addFilter(958)) - Added filter static_user_filter (class=org.apache.hadoop.http.lib.StaticUserWebFilter$StaticUserFilter) to context static
2019-09-25 12:52:59,532 [Thread-539] INFO  http.HttpServer2 (HttpServer2.java:addFilter(958)) - Added filter static_user_filter (class=org.apache.hadoop.http.lib.StaticUserWebFilter$StaticUserFilter) to context logs
2019-09-25 12:52:59,534 [Thread-539] INFO  server.StorageContainerManager (StorageContainerManager.java:start(770)) - StorageContainerLocationProtocol RPC server is listening at /0.0.0.0:33210
2019-09-25 12:52:59,535 [Thread-539] WARN  impl.MetricsConfig (MetricsConfig.java:loadFirst(134)) - Cannot locate configuration: tried hadoop-metrics2-storagecontainermanager.properties,hadoop-metrics2.properties
2019-09-25 12:52:59,536 [Thread-539] INFO  impl.MetricsSystemImpl (MetricsSystemImpl.java:startTimer(374)) - Scheduled Metric snapshot period at 10 second(s).
2019-09-25 12:52:59,536 [Thread-539] INFO  impl.MetricsSystemImpl (MetricsSystemImpl.java:start(191)) - StorageContainerManager metrics system started
2019-09-25 12:52:59,581 [Thread-539] WARN  impl.MetricsSystemImpl (MetricsSystemImpl.java:register(276)) - Sink prometheus already exists!
2019-09-25 12:52:59,585 [Thread-539] INFO  server.SCMClientProtocolServer (SCMClientProtocolServer.java:start(151)) - RPC server for Client  is listening at /0.0.0.0:33210
2019-09-25 12:52:59,585 [IPC Server Responder] INFO  ipc.Server (Server.java:run(1314)) - IPC Server Responder: starting
2019-09-25 12:52:59,586 [IPC Server listener on 33210] INFO  ipc.Server (Server.java:run(1153)) - IPC Server listener on 33210: starting
2019-09-25 12:52:59,589 [Thread-539] INFO  server.StorageContainerManager (StorageContainerManager.java:start(780)) - ScmBlockLocationProtocol RPC server is listening at /0.0.0.0:43480
2019-09-25 12:52:59,590 [Thread-539] INFO  server.SCMBlockProtocolServer (SCMBlockProtocolServer.java:start(146)) - RPC server for Block Protocol is listening at /0.0.0.0:43480
2019-09-25 12:52:59,590 [IPC Server Responder] INFO  ipc.Server (Server.java:run(1314)) - IPC Server Responder: starting
2019-09-25 12:52:59,590 [IPC Server listener on 43480] INFO  ipc.Server (Server.java:run(1153)) - IPC Server listener on 43480: starting
2019-09-25 12:52:59,594 [Thread-539] INFO  server.StorageContainerManager (StorageContainerManager.java:start(784)) - ScmDatanodeProtocl RPC server is listening at /0.0.0.0:41484
2019-09-25 12:52:59,594 [Thread-539] INFO  server.SCMDatanodeProtocolServer (SCMDatanodeProtocolServer.java:start(191)) - RPC server for DataNodes is listening at /0.0.0.0:41484
2019-09-25 12:52:59,594 [IPC Server Responder] INFO  ipc.Server (Server.java:run(1314)) - IPC Server Responder: starting
2019-09-25 12:52:59,595 [IPC Server listener on 41484] INFO  ipc.Server (Server.java:run(1153)) - IPC Server listener on 41484: starting
2019-09-25 12:52:59,599 [Thread-539] INFO  http.HttpServer2 (HttpServer2.java:bindListener(1191)) - Jetty bound to port 40955
2019-09-25 12:52:59,599 [Thread-539] INFO  server.Server (Server.java:doStart(351)) - jetty-9.3.25.v20180904, build timestamp: 2018-09-04T21:11:46Z, git hash: 3ce520221d0240229c862b122d2b06c12a625732
2019-09-25 12:52:59,601 [Thread-539] INFO  handler.ContextHandler (ContextHandler.java:doStart(781)) - Started o.e.j.s.ServletContextHandler@54eb565d{/logs,file:///workdir/hadoop-ozone/ozonefs/target/log,AVAILABLE}
2019-09-25 12:52:59,601 [Thread-539] INFO  handler.ContextHandler (ContextHandler.java:doStart(781)) - Started o.e.j.s.ServletContextHandler@6ce48644{/static,jar:file:/home/user/.m2/repository/org/apache/hadoop/hadoop-hdds-server-scm/0.5.0-SNAPSHOT/hadoop-hdds-server-scm-0.5.0-SNAPSHOT.jar!/webapps/static,AVAILABLE}
2019-09-25 12:52:59,641 [Thread-539] INFO  handler.ContextHandler (ContextHandler.java:doStart(781)) - Started o.e.j.w.WebAppContext@300b636d{/,file:///tmp/jetty-0.0.0.0-40955-scm-_-any-6201933451307382974.dir/webapp/,AVAILABLE}{/scm}
2019-09-25 12:52:59,642 [Thread-539] INFO  server.AbstractConnector (AbstractConnector.java:doStart(278)) - Started ServerConnector@496d3138{HTTP/1.1,[http/1.1]}{0.0.0.0:40955}
2019-09-25 12:52:59,643 [Thread-539] INFO  server.Server (Server.java:doStart(419)) - Started @41251ms
2019-09-25 12:52:59,643 [Thread-539] WARN  impl.MetricsSystemImpl (MetricsSystemImpl.java:register(276)) - Sink prometheus already exists!
2019-09-25 12:52:59,644 [Thread-539] INFO  server.BaseHttpServer (BaseHttpServer.java:updateConnectorAddress(215)) - HTTP server of SCM is listening at http://0.0.0.0:40955
2019-09-25 12:52:59,644 [Thread-539] WARN  server.ServerUtils (ServerUtils.java:getDBPath(222)) - ozone.om.db.dirs is not configured. We recommend adding this setting. Falling back to ozone.metadata.dirs instead.
2019-09-25 12:52:59,644 [org.apache.hadoop.util.JvmPauseMonitor$Monitor@58d123a1] INFO  util.JvmPauseMonitor (JvmPauseMonitor.java:run(188)) - Starting JVM pause monitor
2019-09-25 12:52:59,668 [Thread-539] WARN  server.ServerUtils (ServerUtils.java:getDBPath(222)) - ozone.om.db.dirs is not configured. We recommend adding this setting. Falling back to ozone.metadata.dirs instead.
2019-09-25 12:52:59,668 [Thread-539] WARN  server.ServerUtils (ServerUtils.java:getDBPath(222)) - ozone.om.db.dirs is not configured. We recommend adding this setting. Falling back to ozone.metadata.dirs instead.
2019-09-25 12:52:59,669 [Thread-539] INFO  om.OzoneManager (OzoneManager.java:setOMNodeDetails(652)) - OM Service ID is not set. Setting it to the default ID: omServiceIdDefault
2019-09-25 12:52:59,669 [Thread-539] INFO  om.OzoneManager (OzoneManager.java:setOMNodeDetails(658)) - OM Node ID is not set. Setting it to the OmStorage's OmID: d93f43c0-27d6-4c6a-a4c7-1a4e48782832
2019-09-25 12:52:59,669 [Thread-539] INFO  om.OzoneManager (OzoneManager.java:loadOMHAConfigs(609)) - Found matching OM address with OMServiceId: null, OMNodeId: null, RPC Address: localhost:0 and Ratis port: 9872
2019-09-25 12:52:59,676 [Thread-539] WARN  server.ServerUtils (ServerUtils.java:getDBPath(222)) - ozone.om.db.dirs is not configured. We recommend adding this setting. Falling back to ozone.metadata.dirs instead.
2019-09-25 12:52:59,676 [Thread-539] INFO  db.DBStoreBuilder (DBStoreBuilder.java:addTable(110)) - using custom profile for table: userTable
2019-09-25 12:52:59,676 [Thread-539] INFO  db.DBStoreBuilder (DBStoreBuilder.java:processTables(161)) - Using default column profile:DBProfile.DISK for Table:userTable
2019-09-25 12:52:59,676 [Thread-539] INFO  db.DBStoreBuilder (DBStoreBuilder.java:addTable(110)) - using custom profile for table: volumeTable
2019-09-25 12:52:59,677 [Thread-539] INFO  db.DBStoreBuilder (DBStoreBuilder.java:processTables(161)) - Using default column profile:DBProfile.DISK for Table:volumeTable
2019-09-25 12:52:59,677 [Thread-539] INFO  db.DBStoreBuilder (DBStoreBuilder.java:addTable(110)) - using custom profile for table: bucketTable
2019-09-25 12:52:59,677 [Thread-539] INFO  db.DBStoreBuilder (DBStoreBuilder.java:processTables(161)) - Using default column profile:DBProfile.DISK for Table:bucketTable
2019-09-25 12:52:59,677 [Thread-539] INFO  db.DBStoreBuilder (DBStoreBuilder.java:addTable(110)) - using custom profile for table: keyTable
2019-09-25 12:52:59,677 [Thread-539] INFO  db.DBStoreBuilder (DBStoreBuilder.java:processTables(161)) - Using default column profile:DBProfile.DISK for Table:keyTable
2019-09-25 12:52:59,677 [Thread-539] INFO  db.DBStoreBuilder (DBStoreBuilder.java:addTable(110)) - using custom profile for table: deletedTable
2019-09-25 12:52:59,677 [Thread-539] INFO  db.DBStoreBuilder (DBStoreBuilder.java:processTables(161)) - Using default column profile:DBProfile.DISK for Table:deletedTable
2019-09-25 12:52:59,678 [Thread-539] INFO  db.DBStoreBuilder (DBStoreBuilder.java:addTable(110)) - using custom profile for table: openKeyTable
2019-09-25 12:52:59,678 [Thread-539] INFO  db.DBStoreBuilder (DBStoreBuilder.java:processTables(161)) - Using default column profile:DBProfile.DISK for Table:openKeyTable
2019-09-25 12:52:59,678 [Thread-539] INFO  db.DBStoreBuilder (DBStoreBuilder.java:addTable(110)) - using custom profile for table: s3Table
2019-09-25 12:52:59,678 [Thread-539] INFO  db.DBStoreBuilder (DBStoreBuilder.java:processTables(161)) - Using default column profile:DBProfile.DISK for Table:s3Table
2019-09-25 12:52:59,678 [Thread-539] INFO  db.DBStoreBuilder (DBStoreBuilder.java:addTable(110)) - using custom profile for table: multipartInfoTable
2019-09-25 12:52:59,678 [Thread-539] INFO  db.DBStoreBuilder (DBStoreBuilder.java:processTables(161)) - Using default column profile:DBProfile.DISK for Table:multipartInfoTable
2019-09-25 12:52:59,678 [Thread-539] INFO  db.DBStoreBuilder (DBStoreBuilder.java:addTable(110)) - using custom profile for table: dTokenTable
2019-09-25 12:52:59,679 [Thread-539] INFO  db.DBStoreBuilder (DBStoreBuilder.java:processTables(161)) - Using default column profile:DBProfile.DISK for Table:dTokenTable
2019-09-25 12:52:59,679 [Thread-539] INFO  db.DBStoreBuilder (DBStoreBuilder.java:addTable(110)) - using custom profile for table: s3SecretTable
2019-09-25 12:52:59,679 [Thread-539] INFO  db.DBStoreBuilder (DBStoreBuilder.java:processTables(161)) - Using default column profile:DBProfile.DISK for Table:s3SecretTable
2019-09-25 12:52:59,679 [Thread-539] INFO  db.DBStoreBuilder (DBStoreBuilder.java:addTable(110)) - using custom profile for table: prefixTable
2019-09-25 12:52:59,679 [Thread-539] INFO  db.DBStoreBuilder (DBStoreBuilder.java:processTables(161)) - Using default column profile:DBProfile.DISK for Table:prefixTable
2019-09-25 12:52:59,679 [Thread-539] INFO  db.DBStoreBuilder (DBStoreBuilder.java:addTable(110)) - using custom profile for table: default
2019-09-25 12:52:59,679 [Thread-539] INFO  db.DBStoreBuilder (DBStoreBuilder.java:processTables(167)) - Using default column profile:DBProfile.DISK for Table:default
2019-09-25 12:52:59,679 [Thread-539] INFO  db.DBStoreBuilder (DBStoreBuilder.java:getDbProfile(198)) - Using default options. DBProfile.DISK
2019-09-25 12:53:00,470 [Thread-539] INFO  ipc.CallQueueManager (CallQueueManager.java:<init>(84)) - Using callQueue: class java.util.concurrent.LinkedBlockingQueue, queueCapacity: 2000, scheduler: class org.apache.hadoop.ipc.DefaultRpcScheduler, ipcBackoff: false.
2019-09-25 12:53:00,471 [Socket Reader #1 for port 42735] INFO  ipc.Server (Server.java:run(1074)) - Starting Socket Reader #1 for port 42735
2019-09-25 12:53:00,502 [Thread-539] INFO  om.OzoneManager (OzoneManager.java:start(1243)) - OzoneManager RPC server is listening at localhost/127.0.0.1:42735
2019-09-25 12:53:00,502 [Thread-539] INFO  impl.MetricsSystemImpl (MetricsSystemImpl.java:init(158)) - OzoneManager metrics system started (again)
2019-09-25 12:53:00,503 [IPC Server Responder] INFO  ipc.Server (Server.java:run(1314)) - IPC Server Responder: starting
2019-09-25 12:53:00,503 [IPC Server listener on 42735] INFO  ipc.Server (Server.java:run(1153)) - IPC Server listener on 42735: starting
2019-09-25 12:53:00,511 [Thread-539] INFO  hdfs.DFSUtil (DFSUtil.java:httpServerTemplateForNNAndJN(1641)) - Starting Web-server for ozoneManager at: http://0.0.0.0:0
2019-09-25 12:53:00,514 [Thread-539] INFO  server.AuthenticationFilter (AuthenticationFilter.java:constructSecretProvider(240)) - Unable to initialize FileSignerSecretProvider, falling back to use random secrets.
2019-09-25 12:53:00,514 [Thread-539] WARN  http.HttpRequestLog (HttpRequestLog.java:getRequestLog(97)) - Jetty request log can only be enabled using Log4j
2019-09-25 12:53:00,517 [Thread-539] INFO  http.HttpServer2 (HttpServer2.java:addGlobalFilter(975)) - Added global filter 'safety' (class=org.apache.hadoop.http.HttpServer2$QuotingInputFilter)
2019-09-25 12:53:00,518 [Thread-539] INFO  http.HttpServer2 (HttpServer2.java:addFilter(948)) - Added filter static_user_filter (class=org.apache.hadoop.http.lib.StaticUserWebFilter$StaticUserFilter) to context ozoneManager
2019-09-25 12:53:00,518 [Thread-539] INFO  http.HttpServer2 (HttpServer2.java:addFilter(958)) - Added filter static_user_filter (class=org.apache.hadoop.http.lib.StaticUserWebFilter$StaticUserFilter) to context logs
2019-09-25 12:53:00,519 [Thread-539] INFO  http.HttpServer2 (HttpServer2.java:addFilter(958)) - Added filter static_user_filter (class=org.apache.hadoop.http.lib.StaticUserWebFilter$StaticUserFilter) to context static
2019-09-25 12:53:00,520 [Thread-539] INFO  http.HttpServer2 (HttpServer2.java:bindListener(1191)) - Jetty bound to port 35148
2019-09-25 12:53:00,520 [Thread-539] INFO  server.Server (Server.java:doStart(351)) - jetty-9.3.25.v20180904, build timestamp: 2018-09-04T21:11:46Z, git hash: 3ce520221d0240229c862b122d2b06c12a625732
2019-09-25 12:53:00,522 [Thread-539] INFO  handler.ContextHandler (ContextHandler.java:doStart(781)) - Started o.e.j.s.ServletContextHandler@1102f110{/logs,file:///workdir/hadoop-ozone/ozonefs/target/log,AVAILABLE}
2019-09-25 12:53:00,523 [Thread-539] INFO  handler.ContextHandler (ContextHandler.java:doStart(781)) - Started o.e.j.s.ServletContextHandler@60110387{/static,jar:file:/home/user/.m2/repository/org/apache/hadoop/hadoop-ozone-ozone-manager/0.5.0-SNAPSHOT/hadoop-ozone-ozone-manager-0.5.0-SNAPSHOT.jar!/webapps/static,AVAILABLE}
2019-09-25 12:53:00,588 [Thread-539] INFO  handler.ContextHandler (ContextHandler.java:doStart(781)) - Started o.e.j.w.WebAppContext@53a4453e{/,file:///tmp/jetty-0.0.0.0-35148-ozoneManager-_-any-6179748608643719704.dir/webapp/,AVAILABLE}{/ozoneManager}
2019-09-25 12:53:00,588 [Thread-539] INFO  server.AbstractConnector (AbstractConnector.java:doStart(278)) - Started ServerConnector@38963a02{HTTP/1.1,[http/1.1]}{0.0.0.0:35148}
2019-09-25 12:53:00,589 [Thread-539] INFO  server.Server (Server.java:doStart(419)) - Started @42198ms
2019-09-25 12:53:00,589 [Thread-539] WARN  impl.MetricsSystemImpl (MetricsSystemImpl.java:register(276)) - Sink prometheus already exists!
2019-09-25 12:53:00,590 [Thread-539] INFO  server.BaseHttpServer (BaseHttpServer.java:updateConnectorAddress(215)) - HTTP server of OZONEMANAGER is listening at http://0.0.0.0:35148
2019-09-25 12:53:00,599 [Thread-539] INFO  impl.MetricsSystemImpl (MetricsSystemImpl.java:init(158)) - HddsDatanode metrics system started (again)
2019-09-25 12:53:00,601 [Thread-539] INFO  ozone.HddsDatanodeService (HddsDatanodeService.java:start(184)) - HddsDatanodeService host:pr-hdds-1569-shd4m-3693607622 ip:192.168.151.73
2019-09-25 12:53:00,608 [Thread-539] INFO  volume.HddsVolume (HddsVolume.java:<init>(176)) - Creating Volume: /workdir/hadoop-ozone/ozonefs/target/test-dir/MiniOzoneClusterImpl-8b918b52-c3dc-453c-9b69-212fa30732fd/datanode-0/data/containers/hdds of  storage type : DISK and capacity : 1482555576320
2019-09-25 12:53:00,609 [Thread-539] INFO  volume.VolumeSet (VolumeSet.java:initializeVolumeSet(170)) - Added Volume : /workdir/hadoop-ozone/ozonefs/target/test-dir/MiniOzoneClusterImpl-8b918b52-c3dc-453c-9b69-212fa30732fd/datanode-0/data/containers/hdds to VolumeSet
2019-09-25 12:53:00,609 [Thread-539] INFO  volume.ThrottledAsyncChecker (ThrottledAsyncChecker.java:schedule(139)) - Scheduling a check for org.apache.hadoop.ozone.container.common.volume.HddsVolume@63ad2054
2019-09-25 12:53:00,611 [Thread-539] INFO  volume.HddsVolumeChecker (HddsVolumeChecker.java:checkAllVolumes(202)) - Scheduled health check for volume org.apache.hadoop.ozone.container.common.volume.HddsVolume@63ad2054
2019-09-25 12:53:00,632 [Thread-539] INFO  impl.RaftServerProxy (ConfUtils.java:logGet(43)) - raft.rpc.type = GRPC (default)
2019-09-25 12:53:00,632 [Thread-539] INFO  grpc.GrpcFactory (GrpcFactory.java:checkPooledByteBufAllocatorUseCacheForAllThreads(45)) - PERFORMANCE WARNING: useCacheForAllThreads is true that may cause Netty to create a lot garbage objects and, as a result, trigger GC.
	It is recommended to disable useCacheForAllThreads by setting -Dorg.apache.ratis.thirdparty.io.netty.allocator.useCacheForAllThreads=false in command line.
2019-09-25 12:53:00,633 [Thread-539] INFO  grpc.GrpcConfigKeys$Server (ConfUtils.java:logGet(43)) - raft.grpc.server.port = 0 (default)
2019-09-25 12:53:00,634 [Thread-539] INFO  server.GrpcService (ConfUtils.java:logGet(43)) - raft.grpc.message.size.max = 33570816 (custom)
2019-09-25 12:53:00,634 [Thread-539] INFO  server.RaftServerConfigKeys (ConfUtils.java:logGet(43)) - raft.server.log.appender.buffer.byte-limit = 33554432 (custom)
2019-09-25 12:53:00,635 [Thread-539] INFO  server.GrpcService (ConfUtils.java:logGet(43)) - raft.grpc.flow.control.window = 1MB (=1048576) (default)
2019-09-25 12:53:00,635 [Thread-539] INFO  server.RaftServerConfigKeys (ConfUtils.java:logGet(43)) - raft.server.rpc.request.timeout = 3000ms (default)
2019-09-25 12:53:00,635 [Thread-539] INFO  server.RaftServerConfigKeys (ConfUtils.java:logGet(43)) - raft.server.storage.dir = [/workdir/hadoop-ozone/ozonefs/target/test-dir/MiniOzoneClusterImpl-8b918b52-c3dc-453c-9b69-212fa30732fd/datanode-0/data/ratis] (custom)
2019-09-25 12:53:00,637 [Thread-539] INFO  hdfs.DFSUtil (DFSUtil.java:httpServerTemplateForNNAndJN(1641)) - Starting Web-server for hddsDatanode at: http://0.0.0.0:0
2019-09-25 12:53:00,639 [Thread-539] INFO  server.AuthenticationFilter (AuthenticationFilter.java:constructSecretProvider(240)) - Unable to initialize FileSignerSecretProvider, falling back to use random secrets.
2019-09-25 12:53:00,639 [Thread-539] WARN  http.HttpRequestLog (HttpRequestLog.java:getRequestLog(97)) - Jetty request log can only be enabled using Log4j
2019-09-25 12:53:00,641 [Thread-539] INFO  http.HttpServer2 (HttpServer2.java:addGlobalFilter(975)) - Added global filter 'safety' (class=org.apache.hadoop.http.HttpServer2$QuotingInputFilter)
2019-09-25 12:53:00,642 [Thread-539] INFO  http.HttpServer2 (HttpServer2.java:addFilter(948)) - Added filter static_user_filter (class=org.apache.hadoop.http.lib.StaticUserWebFilter$StaticUserFilter) to context hddsDatanode
2019-09-25 12:53:00,642 [Thread-539] INFO  http.HttpServer2 (HttpServer2.java:addFilter(958)) - Added filter static_user_filter (class=org.apache.hadoop.http.lib.StaticUserWebFilter$StaticUserFilter) to context logs
2019-09-25 12:53:00,642 [Thread-539] INFO  http.HttpServer2 (HttpServer2.java:addFilter(958)) - Added filter static_user_filter (class=org.apache.hadoop.http.lib.StaticUserWebFilter$StaticUserFilter) to context static
2019-09-25 12:53:00,643 [Thread-539] INFO  http.HttpServer2 (HttpServer2.java:bindListener(1191)) - Jetty bound to port 33660
2019-09-25 12:53:00,643 [Thread-539] INFO  server.Server (Server.java:doStart(351)) - jetty-9.3.25.v20180904, build timestamp: 2018-09-04T21:11:46Z, git hash: 3ce520221d0240229c862b122d2b06c12a625732
2019-09-25 12:53:00,644 [Thread-539] INFO  handler.ContextHandler (ContextHandler.java:doStart(781)) - Started o.e.j.s.ServletContextHandler@1fbfe196{/logs,file:///workdir/hadoop-ozone/ozonefs/target/log,AVAILABLE}
2019-09-25 12:53:00,645 [Thread-539] INFO  handler.ContextHandler (ContextHandler.java:doStart(781)) - Started o.e.j.s.ServletContextHandler@47cbdfc2{/static,jar:file:/home/user/.m2/repository/org/apache/hadoop/hadoop-hdds-container-service/0.5.0-SNAPSHOT/hadoop-hdds-container-service-0.5.0-SNAPSHOT.jar!/webapps/static,AVAILABLE}
2019-09-25 12:53:00,672 [Thread-539] INFO  handler.ContextHandler (ContextHandler.java:doStart(781)) - Started o.e.j.w.WebAppContext@6cd5c8e6{/,file:///tmp/jetty-0.0.0.0-33660-hddsDatanode-_-any-8366439819774440123.dir/webapp/,AVAILABLE}{/hddsDatanode}
2019-09-25 12:53:00,673 [Thread-539] INFO  server.AbstractConnector (AbstractConnector.java:doStart(278)) - Started ServerConnector@514185f3{HTTP/1.1,[http/1.1]}{0.0.0.0:33660}
2019-09-25 12:53:00,674 [Thread-539] INFO  server.Server (Server.java:doStart(419)) - Started @42282ms
2019-09-25 12:53:00,674 [Thread-539] WARN  impl.MetricsSystemImpl (MetricsSystemImpl.java:register(276)) - Sink prometheus already exists!
2019-09-25 12:53:00,675 [Thread-539] INFO  server.BaseHttpServer (BaseHttpServer.java:updateConnectorAddress(215)) - HTTP server of HDDSDATANODE is listening at http://0.0.0.0:33660
2019-09-25 12:53:00,675 [Thread-539] INFO  impl.MetricsSystemImpl (MetricsSystemImpl.java:init(158)) - HddsDatanode metrics system started (again)
2019-09-25 12:53:00,679 [org.apache.hadoop.util.JvmPauseMonitor$Monitor@17df065f] INFO  util.JvmPauseMonitor (JvmPauseMonitor.java:run(188)) - Starting JVM pause monitor
2019-09-25 12:53:00,679 [Thread-539] INFO  ozone.HddsDatanodeService (HddsDatanodeService.java:start(184)) - HddsDatanodeService host:pr-hdds-1569-shd4m-3693607622 ip:192.168.151.73
2019-09-25 12:53:00,682 [Datanode State Machine Thread - 0] INFO  datanode.InitDatanodeState (InitDatanodeState.java:persistContainerDatanodeDetails(140)) - DatanodeDetails is persisted to /workdir/hadoop-ozone/ozonefs/target/test-dir/MiniOzoneClusterImpl-8b918b52-c3dc-453c-9b69-212fa30732fd/datanode-0/meta/datanode.id
2019-09-25 12:53:00,685 [Thread-539] INFO  volume.HddsVolume (HddsVolume.java:<init>(176)) - Creating Volume: /workdir/hadoop-ozone/ozonefs/target/test-dir/MiniOzoneClusterImpl-8b918b52-c3dc-453c-9b69-212fa30732fd/datanode-1/data/containers/hdds of  storage type : DISK and capacity : 1482555576320
2019-09-25 12:53:00,685 [Thread-539] INFO  volume.VolumeSet (VolumeSet.java:initializeVolumeSet(170)) - Added Volume : /workdir/hadoop-ozone/ozonefs/target/test-dir/MiniOzoneClusterImpl-8b918b52-c3dc-453c-9b69-212fa30732fd/datanode-1/data/containers/hdds to VolumeSet
2019-09-25 12:53:00,685 [Thread-539] INFO  volume.ThrottledAsyncChecker (ThrottledAsyncChecker.java:schedule(139)) - Scheduling a check for org.apache.hadoop.ozone.container.common.volume.HddsVolume@9e5be0f
2019-09-25 12:53:00,686 [Thread-539] INFO  volume.HddsVolumeChecker (HddsVolumeChecker.java:checkAllVolumes(202)) - Scheduled health check for volume org.apache.hadoop.ozone.container.common.volume.HddsVolume@9e5be0f
2019-09-25 12:53:00,706 [Thread-539] INFO  impl.RaftServerProxy (ConfUtils.java:logGet(43)) - raft.rpc.type = GRPC (default)
2019-09-25 12:53:00,706 [Thread-539] INFO  grpc.GrpcFactory (GrpcFactory.java:checkPooledByteBufAllocatorUseCacheForAllThreads(45)) - PERFORMANCE WARNING: useCacheForAllThreads is true that may cause Netty to create a lot garbage objects and, as a result, trigger GC.
	It is recommended to disable useCacheForAllThreads by setting -Dorg.apache.ratis.thirdparty.io.netty.allocator.useCacheForAllThreads=false in command line.
2019-09-25 12:53:00,706 [Thread-539] INFO  grpc.GrpcConfigKeys$Server (ConfUtils.java:logGet(43)) - raft.grpc.server.port = 0 (default)
2019-09-25 12:53:00,706 [Thread-539] INFO  server.GrpcService (ConfUtils.java:logGet(43)) - raft.grpc.message.size.max = 33570816 (custom)
2019-09-25 12:53:00,706 [Thread-539] INFO  server.RaftServerConfigKeys (ConfUtils.java:logGet(43)) - raft.server.log.appender.buffer.byte-limit = 33554432 (custom)
2019-09-25 12:53:00,706 [Thread-539] INFO  server.GrpcService (ConfUtils.java:logGet(43)) - raft.grpc.flow.control.window = 1MB (=1048576) (default)
2019-09-25 12:53:00,706 [Thread-539] INFO  server.RaftServerConfigKeys (ConfUtils.java:logGet(43)) - raft.server.rpc.request.timeout = 3000ms (default)
2019-09-25 12:53:00,707 [Thread-539] INFO  server.RaftServerConfigKeys (ConfUtils.java:logGet(43)) - raft.server.storage.dir = [/workdir/hadoop-ozone/ozonefs/target/test-dir/MiniOzoneClusterImpl-8b918b52-c3dc-453c-9b69-212fa30732fd/datanode-1/data/ratis] (custom)
2019-09-25 12:53:00,709 [Thread-539] INFO  hdfs.DFSUtil (DFSUtil.java:httpServerTemplateForNNAndJN(1641)) - Starting Web-server for hddsDatanode at: http://0.0.0.0:0
2019-09-25 12:53:00,710 [Thread-539] INFO  server.AuthenticationFilter (AuthenticationFilter.java:constructSecretProvider(240)) - Unable to initialize FileSignerSecretProvider, falling back to use random secrets.
2019-09-25 12:53:00,710 [Thread-539] WARN  http.HttpRequestLog (HttpRequestLog.java:getRequestLog(97)) - Jetty request log can only be enabled using Log4j
2019-09-25 12:53:00,712 [Thread-539] INFO  http.HttpServer2 (HttpServer2.java:addGlobalFilter(975)) - Added global filter 'safety' (class=org.apache.hadoop.http.HttpServer2$QuotingInputFilter)
2019-09-25 12:53:00,713 [Thread-539] INFO  http.HttpServer2 (HttpServer2.java:addFilter(948)) - Added filter static_user_filter (class=org.apache.hadoop.http.lib.StaticUserWebFilter$StaticUserFilter) to context hddsDatanode
2019-09-25 12:53:00,713 [Thread-539] INFO  http.HttpServer2 (HttpServer2.java:addFilter(958)) - Added filter static_user_filter (class=org.apache.hadoop.http.lib.StaticUserWebFilter$StaticUserFilter) to context logs
2019-09-25 12:53:00,713 [Thread-539] INFO  http.HttpServer2 (HttpServer2.java:addFilter(958)) - Added filter static_user_filter (class=org.apache.hadoop.http.lib.StaticUserWebFilter$StaticUserFilter) to context static
2019-09-25 12:53:00,714 [Thread-539] INFO  http.HttpServer2 (HttpServer2.java:bindListener(1191)) - Jetty bound to port 42249
2019-09-25 12:53:00,714 [Thread-539] INFO  server.Server (Server.java:doStart(351)) - jetty-9.3.25.v20180904, build timestamp: 2018-09-04T21:11:46Z, git hash: 3ce520221d0240229c862b122d2b06c12a625732
2019-09-25 12:53:00,715 [Thread-539] INFO  handler.ContextHandler (ContextHandler.java:doStart(781)) - Started o.e.j.s.ServletContextHandler@256d3fb8{/logs,file:///workdir/hadoop-ozone/ozonefs/target/log,AVAILABLE}
2019-09-25 12:53:00,716 [Thread-539] INFO  handler.ContextHandler (ContextHandler.java:doStart(781)) - Started o.e.j.s.ServletContextHandler@eb4e47a{/static,jar:file:/home/user/.m2/repository/org/apache/hadoop/hadoop-hdds-container-service/0.5.0-SNAPSHOT/hadoop-hdds-container-service-0.5.0-SNAPSHOT.jar!/webapps/static,AVAILABLE}
2019-09-25 12:53:00,743 [Thread-539] INFO  handler.ContextHandler (ContextHandler.java:doStart(781)) - Started o.e.j.w.WebAppContext@28c03904{/,file:///tmp/jetty-0.0.0.0-42249-hddsDatanode-_-any-4862318587669280280.dir/webapp/,AVAILABLE}{/hddsDatanode}
2019-09-25 12:53:00,744 [Thread-539] INFO  server.AbstractConnector (AbstractConnector.java:doStart(278)) - Started ServerConnector@110b0d80{HTTP/1.1,[http/1.1]}{0.0.0.0:42249}
2019-09-25 12:53:00,745 [Thread-539] INFO  server.Server (Server.java:doStart(419)) - Started @42353ms
2019-09-25 12:53:00,745 [Thread-539] WARN  impl.MetricsSystemImpl (MetricsSystemImpl.java:register(276)) - Sink prometheus already exists!
2019-09-25 12:53:00,746 [Thread-539] INFO  server.BaseHttpServer (BaseHttpServer.java:updateConnectorAddress(215)) - HTTP server of HDDSDATANODE is listening at http://0.0.0.0:42249
2019-09-25 12:53:00,746 [Thread-539] INFO  impl.MetricsSystemImpl (MetricsSystemImpl.java:init(158)) - HddsDatanode metrics system started (again)
2019-09-25 12:53:00,750 [org.apache.hadoop.util.JvmPauseMonitor$Monitor@2c8773be] INFO  util.JvmPauseMonitor (JvmPauseMonitor.java:run(188)) - Starting JVM pause monitor
2019-09-25 12:53:00,750 [Thread-539] INFO  ozone.HddsDatanodeService (HddsDatanodeService.java:start(184)) - HddsDatanodeService host:pr-hdds-1569-shd4m-3693607622 ip:192.168.151.73
2019-09-25 12:53:00,757 [Datanode State Machine Thread - 0] INFO  datanode.InitDatanodeState (InitDatanodeState.java:persistContainerDatanodeDetails(140)) - DatanodeDetails is persisted to /workdir/hadoop-ozone/ozonefs/target/test-dir/MiniOzoneClusterImpl-8b918b52-c3dc-453c-9b69-212fa30732fd/datanode-1/meta/datanode.id
2019-09-25 12:53:00,759 [Thread-539] INFO  volume.HddsVolume (HddsVolume.java:<init>(176)) - Creating Volume: /workdir/hadoop-ozone/ozonefs/target/test-dir/MiniOzoneClusterImpl-8b918b52-c3dc-453c-9b69-212fa30732fd/datanode-2/data/containers/hdds of  storage type : DISK and capacity : 1482555576320
2019-09-25 12:53:00,759 [Thread-539] INFO  volume.VolumeSet (VolumeSet.java:initializeVolumeSet(170)) - Added Volume : /workdir/hadoop-ozone/ozonefs/target/test-dir/MiniOzoneClusterImpl-8b918b52-c3dc-453c-9b69-212fa30732fd/datanode-2/data/containers/hdds to VolumeSet
2019-09-25 12:53:00,759 [Thread-539] INFO  volume.ThrottledAsyncChecker (ThrottledAsyncChecker.java:schedule(139)) - Scheduling a check for org.apache.hadoop.ozone.container.common.volume.HddsVolume@30a4ff4f
2019-09-25 12:53:00,760 [Thread-539] INFO  volume.HddsVolumeChecker (HddsVolumeChecker.java:checkAllVolumes(202)) - Scheduled health check for volume org.apache.hadoop.ozone.container.common.volume.HddsVolume@30a4ff4f
2019-09-25 12:53:00,779 [Thread-539] INFO  impl.RaftServerProxy (ConfUtils.java:logGet(43)) - raft.rpc.type = GRPC (default)
2019-09-25 12:53:00,780 [Thread-539] INFO  grpc.GrpcFactory (GrpcFactory.java:checkPooledByteBufAllocatorUseCacheForAllThreads(45)) - PERFORMANCE WARNING: useCacheForAllThreads is true that may cause Netty to create a lot garbage objects and, as a result, trigger GC.
	It is recommended to disable useCacheForAllThreads by setting -Dorg.apache.ratis.thirdparty.io.netty.allocator.useCacheForAllThreads=false in command line.
2019-09-25 12:53:00,780 [Thread-539] INFO  grpc.GrpcConfigKeys$Server (ConfUtils.java:logGet(43)) - raft.grpc.server.port = 0 (default)
2019-09-25 12:53:00,780 [Thread-539] INFO  server.GrpcService (ConfUtils.java:logGet(43)) - raft.grpc.message.size.max = 33570816 (custom)
2019-09-25 12:53:00,780 [Thread-539] INFO  server.RaftServerConfigKeys (ConfUtils.java:logGet(43)) - raft.server.log.appender.buffer.byte-limit = 33554432 (custom)
2019-09-25 12:53:00,780 [Thread-539] INFO  server.GrpcService (ConfUtils.java:logGet(43)) - raft.grpc.flow.control.window = 1MB (=1048576) (default)
2019-09-25 12:53:00,780 [Thread-539] INFO  server.RaftServerConfigKeys (ConfUtils.java:logGet(43)) - raft.server.rpc.request.timeout = 3000ms (default)
2019-09-25 12:53:00,781 [Thread-539] INFO  server.RaftServerConfigKeys (ConfUtils.java:logGet(43)) - raft.server.storage.dir = [/workdir/hadoop-ozone/ozonefs/target/test-dir/MiniOzoneClusterImpl-8b918b52-c3dc-453c-9b69-212fa30732fd/datanode-2/data/ratis] (custom)
2019-09-25 12:53:00,782 [Thread-539] INFO  hdfs.DFSUtil (DFSUtil.java:httpServerTemplateForNNAndJN(1641)) - Starting Web-server for hddsDatanode at: http://0.0.0.0:0
2019-09-25 12:53:00,783 [Thread-539] INFO  server.AuthenticationFilter (AuthenticationFilter.java:constructSecretProvider(240)) - Unable to initialize FileSignerSecretProvider, falling back to use random secrets.
2019-09-25 12:53:00,784 [Thread-539] WARN  http.HttpRequestLog (HttpRequestLog.java:getRequestLog(97)) - Jetty request log can only be enabled using Log4j
2019-09-25 12:53:00,785 [Thread-539] INFO  http.HttpServer2 (HttpServer2.java:addGlobalFilter(975)) - Added global filter 'safety' (class=org.apache.hadoop.http.HttpServer2$QuotingInputFilter)
2019-09-25 12:53:00,786 [Thread-539] INFO  http.HttpServer2 (HttpServer2.java:addFilter(948)) - Added filter static_user_filter (class=org.apache.hadoop.http.lib.StaticUserWebFilter$StaticUserFilter) to context hddsDatanode
2019-09-25 12:53:00,786 [Thread-539] INFO  http.HttpServer2 (HttpServer2.java:addFilter(958)) - Added filter static_user_filter (class=org.apache.hadoop.http.lib.StaticUserWebFilter$StaticUserFilter) to context logs
2019-09-25 12:53:00,786 [Thread-539] INFO  http.HttpServer2 (HttpServer2.java:addFilter(958)) - Added filter static_user_filter (class=org.apache.hadoop.http.lib.StaticUserWebFilter$StaticUserFilter) to context static
2019-09-25 12:53:00,787 [Thread-539] INFO  http.HttpServer2 (HttpServer2.java:bindListener(1191)) - Jetty bound to port 35654
2019-09-25 12:53:00,787 [Thread-539] INFO  server.Server (Server.java:doStart(351)) - jetty-9.3.25.v20180904, build timestamp: 2018-09-04T21:11:46Z, git hash: 3ce520221d0240229c862b122d2b06c12a625732
2019-09-25 12:53:00,789 [Thread-539] INFO  handler.ContextHandler (ContextHandler.java:doStart(781)) - Started o.e.j.s.ServletContextHandler@2c5b40e1{/logs,file:///workdir/hadoop-ozone/ozonefs/target/log,AVAILABLE}
2019-09-25 12:53:00,789 [Thread-539] INFO  handler.ContextHandler (ContextHandler.java:doStart(781)) - Started o.e.j.s.ServletContextHandler@4cd509bf{/static,jar:file:/home/user/.m2/repository/org/apache/hadoop/hadoop-hdds-container-service/0.5.0-SNAPSHOT/hadoop-hdds-container-service-0.5.0-SNAPSHOT.jar!/webapps/static,AVAILABLE}
2019-09-25 12:53:00,816 [Thread-539] INFO  handler.ContextHandler (ContextHandler.java:doStart(781)) - Started o.e.j.w.WebAppContext@43f1b806{/,file:///tmp/jetty-0.0.0.0-35654-hddsDatanode-_-any-1523588921992499475.dir/webapp/,AVAILABLE}{/hddsDatanode}
2019-09-25 12:53:00,817 [Thread-539] INFO  server.AbstractConnector (AbstractConnector.java:doStart(278)) - Started ServerConnector@221bd7c1{HTTP/1.1,[http/1.1]}{0.0.0.0:35654}
2019-09-25 12:53:00,818 [Thread-539] INFO  server.Server (Server.java:doStart(419)) - Started @42427ms
2019-09-25 12:53:00,819 [Thread-539] WARN  impl.MetricsSystemImpl (MetricsSystemImpl.java:register(276)) - Sink prometheus already exists!
2019-09-25 12:53:00,819 [Thread-539] INFO  server.BaseHttpServer (BaseHttpServer.java:updateConnectorAddress(215)) - HTTP server of HDDSDATANODE is listening at http://0.0.0.0:35654
2019-09-25 12:53:00,819 [Thread-539] INFO  ozone.MiniOzoneClusterImpl (MiniOzoneClusterImpl.java:lambda$waitForClusterToBeReady$0(147)) - Waiting for cluster to be ready. Got 0 of 3 DN Heartbeats.
2019-09-25 12:53:00,822 [org.apache.hadoop.util.JvmPauseMonitor$Monitor@975635d] INFO  util.JvmPauseMonitor (JvmPauseMonitor.java:run(188)) - Starting JVM pause monitor
2019-09-25 12:53:00,825 [Datanode State Machine Thread - 0] INFO  datanode.InitDatanodeState (InitDatanodeState.java:persistContainerDatanodeDetails(140)) - DatanodeDetails is persisted to /workdir/hadoop-ozone/ozonefs/target/test-dir/MiniOzoneClusterImpl-8b918b52-c3dc-453c-9b69-212fa30732fd/datanode-2/meta/datanode.id
2019-09-25 12:53:01,820 [Thread-539] INFO  ozone.MiniOzoneClusterImpl (MiniOzoneClusterImpl.java:lambda$waitForClusterToBeReady$0(147)) - Waiting for cluster to be ready. Got 0 of 3 DN Heartbeats.
2019-09-25 12:53:02,699 [Datanode State Machine Thread - 0] INFO  ozoneimpl.OzoneContainer (OzoneContainer.java:start(217)) - Attempting to start container services.
2019-09-25 12:53:02,699 [Datanode State Machine Thread - 0] INFO  ozoneimpl.OzoneContainer (OzoneContainer.java:startContainerScrub(179)) - Background container scanner has been disabled.
2019-09-25 12:53:02,699 [Datanode State Machine Thread - 0] INFO  ratis.XceiverServerRatis (XceiverServerRatis.java:start(411)) - Starting XceiverServerRatis 0ece0170-5656-4579-a5bc-428dc13df816 at port 0
2019-09-25 12:53:02,705 [Datanode State Machine Thread - 0] INFO  impl.RaftServerProxy (RaftServerProxy.java:lambda$start$3(299)) - 0ece0170-5656-4579-a5bc-428dc13df816: start RPC server
2019-09-25 12:53:02,709 [Datanode State Machine Thread - 0] INFO  server.GrpcService (GrpcService.java:startImpl(158)) - 0ece0170-5656-4579-a5bc-428dc13df816: GrpcService started, listening on 0.0.0.0/0.0.0.0:41509
2019-09-25 12:53:02,709 [Datanode State Machine Thread - 0] INFO  ratis.XceiverServerRatis (XceiverServerRatis.java:start(421)) - XceiverServerRatis 0ece0170-5656-4579-a5bc-428dc13df816 is started using port 41509
2019-09-25 12:53:02,710 [Datanode State Machine Thread - 0] INFO  server.XceiverServerGrpc (XceiverServerGrpc.java:start(149)) - XceiverServerGrpc 0ece0170-5656-4579-a5bc-428dc13df816 is started using port 43667
2019-09-25 12:53:02,767 [Datanode State Machine Thread - 0] INFO  ozoneimpl.OzoneContainer (OzoneContainer.java:start(217)) - Attempting to start container services.
2019-09-25 12:53:02,767 [Datanode State Machine Thread - 0] INFO  ozoneimpl.OzoneContainer (OzoneContainer.java:startContainerScrub(179)) - Background container scanner has been disabled.
2019-09-25 12:53:02,767 [Datanode State Machine Thread - 0] INFO  ratis.XceiverServerRatis (XceiverServerRatis.java:start(411)) - Starting XceiverServerRatis ceb95c4b-9640-4cd4-a4be-8ff2d64e56e1 at port 0
2019-09-25 12:53:02,772 [Datanode State Machine Thread - 0] INFO  impl.RaftServerProxy (RaftServerProxy.java:lambda$start$3(299)) - ceb95c4b-9640-4cd4-a4be-8ff2d64e56e1: start RPC server
2019-09-25 12:53:02,773 [Datanode State Machine Thread - 0] INFO  server.GrpcService (GrpcService.java:startImpl(158)) - ceb95c4b-9640-4cd4-a4be-8ff2d64e56e1: GrpcService started, listening on 0.0.0.0/0.0.0.0:36990
2019-09-25 12:53:02,773 [Datanode State Machine Thread - 0] INFO  ratis.XceiverServerRatis (XceiverServerRatis.java:start(421)) - XceiverServerRatis ceb95c4b-9640-4cd4-a4be-8ff2d64e56e1 is started using port 36990
2019-09-25 12:53:02,774 [Datanode State Machine Thread - 0] INFO  server.XceiverServerGrpc (XceiverServerGrpc.java:start(149)) - XceiverServerGrpc ceb95c4b-9640-4cd4-a4be-8ff2d64e56e1 is started using port 38433
2019-09-25 12:53:02,820 [Thread-539] INFO  ozone.MiniOzoneClusterImpl (MiniOzoneClusterImpl.java:lambda$waitForClusterToBeReady$0(147)) - Waiting for cluster to be ready. Got 0 of 3 DN Heartbeats.
2019-09-25 12:53:02,836 [Datanode State Machine Thread - 0] INFO  ozoneimpl.OzoneContainer (OzoneContainer.java:start(217)) - Attempting to start container services.
2019-09-25 12:53:02,836 [Datanode State Machine Thread - 0] INFO  ozoneimpl.OzoneContainer (OzoneContainer.java:startContainerScrub(179)) - Background container scanner has been disabled.
2019-09-25 12:53:02,837 [Datanode State Machine Thread - 0] INFO  ratis.XceiverServerRatis (XceiverServerRatis.java:start(411)) - Starting XceiverServerRatis 79f8f252-68fb-48a7-ad36-a66b8b99f572 at port 0
2019-09-25 12:53:02,842 [Datanode State Machine Thread - 0] INFO  impl.RaftServerProxy (RaftServerProxy.java:lambda$start$3(299)) - 79f8f252-68fb-48a7-ad36-a66b8b99f572: start RPC server
2019-09-25 12:53:02,843 [Datanode State Machine Thread - 0] INFO  server.GrpcService (GrpcService.java:startImpl(158)) - 79f8f252-68fb-48a7-ad36-a66b8b99f572: GrpcService started, listening on 0.0.0.0/0.0.0.0:38046
2019-09-25 12:53:02,843 [Datanode State Machine Thread - 0] INFO  ratis.XceiverServerRatis (XceiverServerRatis.java:start(421)) - XceiverServerRatis 79f8f252-68fb-48a7-ad36-a66b8b99f572 is started using port 38046
2019-09-25 12:53:02,849 [Datanode State Machine Thread - 0] INFO  server.XceiverServerGrpc (XceiverServerGrpc.java:start(149)) - XceiverServerGrpc 79f8f252-68fb-48a7-ad36-a66b8b99f572 is started using port 35325
2019-09-25 12:53:03,821 [Thread-539] INFO  ozone.MiniOzoneClusterImpl (MiniOzoneClusterImpl.java:lambda$waitForClusterToBeReady$0(147)) - Waiting for cluster to be ready. Got 0 of 3 DN Heartbeats.
2019-09-25 12:53:04,683 [IPC Server handler 3 on 41484] INFO  net.NetworkTopology (NetworkTopologyImpl.java:add(111)) - Added a new node: /default-rack/0ece0170-5656-4579-a5bc-428dc13df816
2019-09-25 12:53:04,685 [IPC Server handler 3 on 41484] INFO  node.SCMNodeManager (SCMNodeManager.java:register(266)) - Registered Data node : 0ece0170-5656-4579-a5bc-428dc13df816{ip: 192.168.151.73, host: pr-hdds-1569-shd4m-3693607622, networkLocation: /default-rack, certSerialId: null}
2019-09-25 12:53:04,686 [EventQueue-NodeRegistrationContainerReportForDataNodeSafeModeRule] INFO  safemode.SCMSafeModeManager (DataNodeSafeModeRule.java:process(71)) - SCM in safe mode. 1 DataNodes registered, 1 required.
2019-09-25 12:53:04,688 [EventQueue-NodeRegistrationContainerReportForDataNodeSafeModeRule] INFO  safemode.SCMSafeModeManager (SCMSafeModeManager.java:validateSafeModeExitRules(177)) - ScmSafeModeManager, all rules are successfully validated
2019-09-25 12:53:04,688 [EventQueue-NodeRegistrationContainerReportForDataNodeSafeModeRule] INFO  safemode.SCMSafeModeManager (SCMSafeModeManager.java:exitSafeMode(193)) - SCM exiting safe mode.
2019-09-25 12:53:04,703 [grpc-default-executor-0] INFO  impl.RaftServerProxy (RaftServerProxy.java:addNew(89)) - 0ece0170-5656-4579-a5bc-428dc13df816: addNew group-7FF9E75BF8F4:[0ece0170-5656-4579-a5bc-428dc13df816:192.168.151.73:41509] returns group-7FF9E75BF8F4:java.util.concurrent.CompletableFuture@417a984a[Not completed]
2019-09-25 12:53:04,705 [pool-127-thread-1] INFO  impl.RaftServerImpl (RaftServerImpl.java:<init>(95)) - 0ece0170-5656-4579-a5bc-428dc13df816: new RaftServerImpl for group-7FF9E75BF8F4:[0ece0170-5656-4579-a5bc-428dc13df816:192.168.151.73:41509] with ContainerStateMachine:uninitialized
2019-09-25 12:53:04,705 [pool-127-thread-1] INFO  server.RaftServerConfigKeys (ConfUtils.java:logGet(43)) - raft.server.rpc.timeout.min = 5s (custom)
2019-09-25 12:53:04,705 [pool-127-thread-1] INFO  server.RaftServerConfigKeys (ConfUtils.java:logGet(43)) - raft.server.rpc.timeout.max = 5200ms (custom)
2019-09-25 12:53:04,706 [pool-127-thread-1] INFO  server.RaftServerConfigKeys (ConfUtils.java:logGet(43)) - raft.server.rpcslowness.timeout = 120s (custom)
2019-09-25 12:53:04,706 [pool-127-thread-1] INFO  server.RaftServerConfigKeys (ConfUtils.java:logGet(43)) - raft.server.sleep.deviation.threshold = 300 (default)
2019-09-25 12:53:04,706 [pool-127-thread-1] INFO  server.RaftServerConfigKeys (ConfUtils.java:logGet(43)) - raft.server.log.appender.install.snapshot.enabled = false (custom)
2019-09-25 12:53:04,706 [pool-127-thread-1] INFO  impl.RaftServerImpl (ServerState.java:<init>(103)) - 0ece0170-5656-4579-a5bc-428dc13df816@group-7FF9E75BF8F4: ConfigurationManager, init=-1: [0ece0170-5656-4579-a5bc-428dc13df816:192.168.151.73:41509], old=null, confs=<EMPTY_MAP>
2019-09-25 12:53:04,707 [pool-127-thread-1] INFO  server.RaftServerConfigKeys (ConfUtils.java:logGet(43)) - raft.server.storage.dir = [/workdir/hadoop-ozone/ozonefs/target/test-dir/MiniOzoneClusterImpl-8b918b52-c3dc-453c-9b69-212fa30732fd/datanode-0/data/ratis] (custom)
2019-09-25 12:53:04,707 [pool-127-thread-1] INFO  storage.RaftStorageDirectory (RaftStorageDirectory.java:analyzeStorage(246)) - The storage directory /workdir/hadoop-ozone/ozonefs/target/test-dir/MiniOzoneClusterImpl-8b918b52-c3dc-453c-9b69-212fa30732fd/datanode-0/data/ratis/1a681054-e316-4a8a-b774-7ff9e75bf8f4 does not exist. Creating ...
2019-09-25 12:53:04,720 [pool-127-thread-1] INFO  storage.RaftStorageDirectory (RaftStorageDirectory.java:tryLock(328)) - Lock on /workdir/hadoop-ozone/ozonefs/target/test-dir/MiniOzoneClusterImpl-8b918b52-c3dc-453c-9b69-212fa30732fd/datanode-0/data/ratis/1a681054-e316-4a8a-b774-7ff9e75bf8f4/in_use.lock acquired by nodename 3512@pr-hdds-1569-shd4m-3693607622
2019-09-25 12:53:04,734 [pool-127-thread-1] INFO  storage.RaftStorage (RaftStorage.java:format(72)) - Storage directory /workdir/hadoop-ozone/ozonefs/target/test-dir/MiniOzoneClusterImpl-8b918b52-c3dc-453c-9b69-212fa30732fd/datanode-0/data/ratis/1a681054-e316-4a8a-b774-7ff9e75bf8f4 has been successfully formatted.
2019-09-25 12:53:04,734 [pool-127-thread-1] INFO  ratis.ContainerStateMachine (ContainerStateMachine.java:loadSnapshot(230)) - group-7FF9E75BF8F4: The snapshot info is null. Setting the last applied indexto:(t:0, i:~)
2019-09-25 12:53:04,735 [pool-127-thread-1] INFO  server.RaftServerConfigKeys (ConfUtils.java:logGet(43)) - raft.server.notification.no-leader.timeout = 120s (custom)
2019-09-25 12:53:04,735 [pool-127-thread-1] INFO  server.RaftServerConfigKeys (ConfUtils.java:logGet(43)) - raft.server.log.use.memory = false (default)
2019-09-25 12:53:04,735 [pool-127-thread-1] INFO  server.RaftServerConfigKeys (ConfUtils.java:logGet(43)) - raft.server.log.purge.gap = 1000000 (custom)
2019-09-25 12:53:04,735 [pool-127-thread-1] INFO  server.RaftServerConfigKeys (ConfUtils.java:logGet(43)) - raft.server.log.appender.buffer.byte-limit = 33554432 (custom)
2019-09-25 12:53:04,736 [pool-127-thread-1] INFO  server.RaftServerConfigKeys (ConfUtils.java:logGet(43)) - raft.server.log.segment.size.max = 1048576 (custom)
2019-09-25 12:53:04,736 [pool-127-thread-1] INFO  server.RaftServerConfigKeys (ConfUtils.java:logGet(43)) - raft.server.log.segment.cache.num.max = 2 (custom)
2019-09-25 12:53:04,736 [pool-127-thread-1] INFO  segmented.SegmentedRaftLogWorker (SegmentedRaftLogWorker.java:<init>(172)) - new 0ece0170-5656-4579-a5bc-428dc13df816@group-7FF9E75BF8F4-SegmentedRaftLogWorker for RaftStorage:Storage Directory /workdir/hadoop-ozone/ozonefs/target/test-dir/MiniOzoneClusterImpl-8b918b52-c3dc-453c-9b69-212fa30732fd/datanode-0/data/ratis/1a681054-e316-4a8a-b774-7ff9e75bf8f4
2019-09-25 12:53:04,739 [pool-127-thread-1] INFO  server.RaftServerConfigKeys (ConfUtils.java:logGet(43)) - raft.server.log.queue.byte-limit = 2147483647 (custom)
2019-09-25 12:53:04,739 [pool-127-thread-1] INFO  server.RaftServerConfigKeys (ConfUtils.java:logGet(43)) - raft.server.log.queue.element-limit = 1024 (custom)
2019-09-25 12:53:04,739 [pool-127-thread-1] INFO  server.RaftServerConfigKeys (ConfUtils.java:logGet(43)) - raft.server.log.segment.size.max = 1048576 (custom)
2019-09-25 12:53:04,739 [pool-127-thread-1] INFO  server.RaftServerConfigKeys (ConfUtils.java:logGet(43)) - raft.server.log.preallocated.size = 16384 (custom)
2019-09-25 12:53:04,739 [pool-127-thread-1] INFO  server.RaftServerConfigKeys (ConfUtils.java:logGet(43)) - raft.server.log.write.buffer.size = 33554432 (custom)
2019-09-25 12:53:04,739 [pool-127-thread-1] INFO  server.RaftServerConfigKeys (ConfUtils.java:logGet(43)) - raft.server.log.force.sync.num = 128 (default)
2019-09-25 12:53:04,740 [pool-127-thread-1] INFO  server.RaftServerConfigKeys (ConfUtils.java:logGet(43)) - raft.server.log.statemachine.data.sync = true (default)
2019-09-25 12:53:04,740 [pool-127-thread-1] INFO  server.RaftServerConfigKeys (ConfUtils.java:logGet(43)) - raft.server.log.statemachine.data.sync.timeout = 10s (default)
2019-09-25 12:53:04,740 [pool-127-thread-1] INFO  server.RaftServerConfigKeys (ConfUtils.java:logGet(43)) - raft.server.log.statemachine.data.sync.timeout.retry = -1 (default)
2019-09-25 12:53:04,740 [pool-127-thread-1] INFO  server.RaftServerConfigKeys (ConfUtils.java:logGet(43)) - raft.server.log.statemachine.data.caching.enabled = true (custom)
2019-09-25 12:53:04,741 [pool-127-thread-1] INFO  segmented.SegmentedRaftLogWorker (SegmentedRaftLogWorker.java:lambda$new$0(132)) - 0ece0170-5656-4579-a5bc-428dc13df816@group-7FF9E75BF8F4-SegmentedRaftLogWorker: flushIndex: setUnconditionally 0 -> -1
2019-09-25 12:53:04,741 [pool-127-thread-1] INFO  server.RaftServerConfigKeys (ConfUtils.java:logGet(43)) - raft.server.snapshot.auto.trigger.enabled = true (custom)
2019-09-25 12:53:04,741 [pool-127-thread-1] INFO  server.RaftServerConfigKeys (ConfUtils.java:logGet(43)) - raft.server.snapshot.auto.trigger.threshold = 10000 (custom)
2019-09-25 12:53:04,741 [pool-127-thread-1] INFO  server.RaftServerConfigKeys (ConfUtils.java:logGet(43)) - raft.server.snapshot.retention.num.files = 5 (custom)
2019-09-25 12:53:04,742 [pool-127-thread-1] INFO  server.RaftServerConfigKeys (ConfUtils.java:logGet(43)) - raft.server.retrycache.expirytime = 600000ms (custom)
2019-09-25 12:53:04,744 [pool-127-thread-1] INFO  impl.RaftServerImpl (RaftServerImpl.java:start(185)) - 0ece0170-5656-4579-a5bc-428dc13df816@group-7FF9E75BF8F4: start as a follower, conf=-1: [0ece0170-5656-4579-a5bc-428dc13df816:192.168.151.73:41509], old=null
2019-09-25 12:53:04,744 [pool-127-thread-1] INFO  impl.RaftServerImpl (RaftServerImpl.java:setRole(174)) - 0ece0170-5656-4579-a5bc-428dc13df816@group-7FF9E75BF8F4: changes role from      null to FOLLOWER at term 0 for startAsFollower
2019-09-25 12:53:04,744 [pool-127-thread-1] INFO  impl.RoleInfo (RoleInfo.java:updateAndGet(143)) - 0ece0170-5656-4579-a5bc-428dc13df816: start FollowerState
2019-09-25 12:53:04,745 [pool-127-thread-1] INFO  util.JmxRegister (JmxRegister.java:tryRegister(44)) - Successfully registered JMX Bean with object name Ratis:service=RaftServer,group=group-7FF9E75BF8F4,id=0ece0170-5656-4579-a5bc-428dc13df816
2019-09-25 12:53:04,751 [RatisPipelineUtilsThread] INFO  pipeline.PipelineStateManager (PipelineStateManager.java:addPipeline(56)) - Created pipeline Pipeline[ Id: 1a681054-e316-4a8a-b774-7ff9e75bf8f4, Nodes: 0ece0170-5656-4579-a5bc-428dc13df816{ip: 192.168.151.73, host: pr-hdds-1569-shd4m-3693607622, networkLocation: /default-rack, certSerialId: null}, Type:RATIS, Factor:ONE, State:OPEN]
2019-09-25 12:53:04,752 [IPC Server handler 1 on 41484] INFO  net.NetworkTopology (NetworkTopologyImpl.java:add(111)) - Added a new node: /default-rack/ceb95c4b-9640-4cd4-a4be-8ff2d64e56e1
2019-09-25 12:53:04,752 [IPC Server handler 1 on 41484] INFO  node.SCMNodeManager (SCMNodeManager.java:register(266)) - Registered Data node : ceb95c4b-9640-4cd4-a4be-8ff2d64e56e1{ip: 192.168.151.73, host: pr-hdds-1569-shd4m-3693607622, networkLocation: /default-rack, certSerialId: null}
2019-09-25 12:53:04,759 [grpc-default-executor-0] INFO  impl.RaftServerProxy (RaftServerProxy.java:addNew(89)) - 0ece0170-5656-4579-a5bc-428dc13df816: addNew group-72D80926EB00:[0ece0170-5656-4579-a5bc-428dc13df816:192.168.151.73:41509] returns group-72D80926EB00:java.util.concurrent.CompletableFuture@70f15ca9[Not completed]
2019-09-25 12:53:04,761 [pool-127-thread-1] INFO  impl.RaftServerImpl (RaftServerImpl.java:<init>(95)) - 0ece0170-5656-4579-a5bc-428dc13df816: new RaftServerImpl for group-72D80926EB00:[0ece0170-5656-4579-a5bc-428dc13df816:192.168.151.73:41509] with ContainerStateMachine:uninitialized
2019-09-25 12:53:04,761 [pool-127-thread-1] INFO  server.RaftServerConfigKeys (ConfUtils.java:logGet(43)) - raft.server.rpc.timeout.min = 5s (custom)
2019-09-25 12:53:04,761 [pool-127-thread-1] INFO  server.RaftServerConfigKeys (ConfUtils.java:logGet(43)) - raft.server.rpc.timeout.max = 5200ms (custom)
2019-09-25 12:53:04,761 [pool-127-thread-1] INFO  server.RaftServerConfigKeys (ConfUtils.java:logGet(43)) - raft.server.rpcslowness.timeout = 120s (custom)
2019-09-25 12:53:04,761 [pool-127-thread-1] INFO  server.RaftServerConfigKeys (ConfUtils.java:logGet(43)) - raft.server.sleep.deviation.threshold = 300 (default)
2019-09-25 12:53:04,761 [pool-127-thread-1] INFO  server.RaftServerConfigKeys (ConfUtils.java:logGet(43)) - raft.server.log.appender.install.snapshot.enabled = false (custom)
2019-09-25 12:53:04,761 [pool-127-thread-1] INFO  impl.RaftServerImpl (ServerState.java:<init>(103)) - 0ece0170-5656-4579-a5bc-428dc13df816@group-72D80926EB00: ConfigurationManager, init=-1: [0ece0170-5656-4579-a5bc-428dc13df816:192.168.151.73:41509], old=null, confs=<EMPTY_MAP>
2019-09-25 12:53:04,762 [pool-127-thread-1] INFO  server.RaftServerConfigKeys (ConfUtils.java:logGet(43)) - raft.server.storage.dir = [/workdir/hadoop-ozone/ozonefs/target/test-dir/MiniOzoneClusterImpl-8b918b52-c3dc-453c-9b69-212fa30732fd/datanode-0/data/ratis] (custom)
2019-09-25 12:53:04,762 [pool-127-thread-1] INFO  storage.RaftStorageDirectory (RaftStorageDirectory.java:analyzeStorage(246)) - The storage directory /workdir/hadoop-ozone/ozonefs/target/test-dir/MiniOzoneClusterImpl-8b918b52-c3dc-453c-9b69-212fa30732fd/datanode-0/data/ratis/320ee59f-5db5-40bf-8f22-72d80926eb00 does not exist. Creating ...
2019-09-25 12:53:04,786 [pool-127-thread-1] INFO  storage.RaftStorageDirectory (RaftStorageDirectory.java:tryLock(328)) - Lock on /workdir/hadoop-ozone/ozonefs/target/test-dir/MiniOzoneClusterImpl-8b918b52-c3dc-453c-9b69-212fa30732fd/datanode-0/data/ratis/320ee59f-5db5-40bf-8f22-72d80926eb00/in_use.lock acquired by nodename 3512@pr-hdds-1569-shd4m-3693607622
2019-09-25 12:53:04,797 [pool-127-thread-1] INFO  storage.RaftStorage (RaftStorage.java:format(72)) - Storage directory /workdir/hadoop-ozone/ozonefs/target/test-dir/MiniOzoneClusterImpl-8b918b52-c3dc-453c-9b69-212fa30732fd/datanode-0/data/ratis/320ee59f-5db5-40bf-8f22-72d80926eb00 has been successfully formatted.
2019-09-25 12:53:04,798 [pool-127-thread-1] INFO  ratis.ContainerStateMachine (ContainerStateMachine.java:loadSnapshot(230)) - group-72D80926EB00: The snapshot info is null. Setting the last applied indexto:(t:0, i:~)
2019-09-25 12:53:04,798 [pool-127-thread-1] INFO  server.RaftServerConfigKeys (ConfUtils.java:logGet(43)) - raft.server.notification.no-leader.timeout = 120s (custom)
2019-09-25 12:53:04,798 [pool-127-thread-1] INFO  server.RaftServerConfigKeys (ConfUtils.java:logGet(43)) - raft.server.log.use.memory = false (default)
2019-09-25 12:53:04,798 [pool-127-thread-1] INFO  server.RaftServerConfigKeys (ConfUtils.java:logGet(43)) - raft.server.log.purge.gap = 1000000 (custom)
2019-09-25 12:53:04,798 [pool-127-thread-1] INFO  server.RaftServerConfigKeys (ConfUtils.java:logGet(43)) - raft.server.log.appender.buffer.byte-limit = 33554432 (custom)
2019-09-25 12:53:04,798 [pool-127-thread-1] INFO  server.RaftServerConfigKeys (ConfUtils.java:logGet(43)) - raft.server.log.segment.size.max = 1048576 (custom)
2019-09-25 12:53:04,799 [pool-127-thread-1] INFO  server.RaftServerConfigKeys (ConfUtils.java:logGet(43)) - raft.server.log.segment.cache.num.max = 2 (custom)
2019-09-25 12:53:04,799 [pool-127-thread-1] INFO  segmented.SegmentedRaftLogWorker (SegmentedRaftLogWorker.java:<init>(172)) - new 0ece0170-5656-4579-a5bc-428dc13df816@group-72D80926EB00-SegmentedRaftLogWorker for RaftStorage:Storage Directory /workdir/hadoop-ozone/ozonefs/target/test-dir/MiniOzoneClusterImpl-8b918b52-c3dc-453c-9b69-212fa30732fd/datanode-0/data/ratis/320ee59f-5db5-40bf-8f22-72d80926eb00
2019-09-25 12:53:04,799 [pool-127-thread-1] INFO  server.RaftServerConfigKeys (ConfUtils.java:logGet(43)) - raft.server.log.queue.byte-limit = 2147483647 (custom)
2019-09-25 12:53:04,799 [pool-127-thread-1] INFO  server.RaftServerConfigKeys (ConfUtils.java:logGet(43)) - raft.server.log.queue.element-limit = 1024 (custom)
2019-09-25 12:53:04,799 [pool-127-thread-1] INFO  server.RaftServerConfigKeys (ConfUtils.java:logGet(43)) - raft.server.log.segment.size.max = 1048576 (custom)
2019-09-25 12:53:04,799 [pool-127-thread-1] INFO  server.RaftServerConfigKeys (ConfUtils.java:logGet(43)) - raft.server.log.preallocated.size = 16384 (custom)
2019-09-25 12:53:04,799 [pool-127-thread-1] INFO  server.RaftServerConfigKeys (ConfUtils.java:logGet(43)) - raft.server.log.write.buffer.size = 33554432 (custom)
2019-09-25 12:53:04,800 [pool-127-thread-1] INFO  server.RaftServerConfigKeys (ConfUtils.java:logGet(43)) - raft.server.log.force.sync.num = 128 (default)
2019-09-25 12:53:04,800 [pool-127-thread-1] INFO  server.RaftServerConfigKeys (ConfUtils.java:logGet(43)) - raft.server.log.statemachine.data.sync = true (default)
2019-09-25 12:53:04,800 [pool-127-thread-1] INFO  server.RaftServerConfigKeys (ConfUtils.java:logGet(43)) - raft.server.log.statemachine.data.sync.timeout = 10s (default)
2019-09-25 12:53:04,800 [pool-127-thread-1] INFO  server.RaftServerConfigKeys (ConfUtils.java:logGet(43)) - raft.server.log.statemachine.data.sync.timeout.retry = -1 (default)
2019-09-25 12:53:04,800 [pool-127-thread-1] INFO  server.RaftServerConfigKeys (ConfUtils.java:logGet(43)) - raft.server.log.statemachine.data.caching.enabled = true (custom)
2019-09-25 12:53:04,800 [pool-127-thread-1] INFO  segmented.SegmentedRaftLogWorker (SegmentedRaftLogWorker.java:lambda$new$0(132)) - 0ece0170-5656-4579-a5bc-428dc13df816@group-72D80926EB00-SegmentedRaftLogWorker: flushIndex: setUnconditionally 0 -> -1
2019-09-25 12:53:04,801 [pool-127-thread-1] INFO  server.RaftServerConfigKeys (ConfUtils.java:logGet(43)) - raft.server.snapshot.auto.trigger.enabled = true (custom)
2019-09-25 12:53:04,801 [pool-127-thread-1] INFO  server.RaftServerConfigKeys (ConfUtils.java:logGet(43)) - raft.server.snapshot.auto.trigger.threshold = 10000 (custom)
2019-09-25 12:53:04,801 [pool-127-thread-1] INFO  server.RaftServerConfigKeys (ConfUtils.java:logGet(43)) - raft.server.snapshot.retention.num.files = 5 (custom)
2019-09-25 12:53:04,801 [pool-127-thread-1] INFO  server.RaftServerConfigKeys (ConfUtils.java:logGet(43)) - raft.server.retrycache.expirytime = 600000ms (custom)
2019-09-25 12:53:04,804 [pool-127-thread-1] INFO  impl.RaftServerImpl (RaftServerImpl.java:start(185)) - 0ece0170-5656-4579-a5bc-428dc13df816@group-72D80926EB00: start as a follower, conf=-1: [0ece0170-5656-4579-a5bc-428dc13df816:192.168.151.73:41509], old=null
2019-09-25 12:53:04,804 [pool-127-thread-1] INFO  impl.RaftServerImpl (RaftServerImpl.java:setRole(174)) - 0ece0170-5656-4579-a5bc-428dc13df816@group-72D80926EB00: changes role from      null to FOLLOWER at term 0 for startAsFollower
2019-09-25 12:53:04,804 [pool-127-thread-1] INFO  impl.RoleInfo (RoleInfo.java:updateAndGet(143)) - 0ece0170-5656-4579-a5bc-428dc13df816: start FollowerState
2019-09-25 12:53:04,804 [pool-127-thread-1] INFO  util.JmxRegister (JmxRegister.java:tryRegister(44)) - Successfully registered JMX Bean with object name Ratis:service=RaftServer,group=group-72D80926EB00,id=0ece0170-5656-4579-a5bc-428dc13df816
2019-09-25 12:53:04,809 [RatisPipelineUtilsThread] INFO  pipeline.PipelineStateManager (PipelineStateManager.java:addPipeline(56)) - Created pipeline Pipeline[ Id: 320ee59f-5db5-40bf-8f22-72d80926eb00, Nodes: 0ece0170-5656-4579-a5bc-428dc13df816{ip: 192.168.151.73, host: pr-hdds-1569-shd4m-3693607622, networkLocation: /default-rack, certSerialId: null}, Type:RATIS, Factor:ONE, State:OPEN]
2019-09-25 12:53:04,821 [Thread-539] INFO  ozone.MiniOzoneClusterImpl (MiniOzoneClusterImpl.java:lambda$waitForClusterToBeReady$0(147)) - Waiting for cluster to be ready. Got 2 of 3 DN Heartbeats.
2019-09-25 12:53:04,824 [IPC Server handler 0 on 41484] INFO  net.NetworkTopology (NetworkTopologyImpl.java:add(111)) - Added a new node: /default-rack/79f8f252-68fb-48a7-ad36-a66b8b99f572
2019-09-25 12:53:04,824 [IPC Server handler 0 on 41484] INFO  node.SCMNodeManager (SCMNodeManager.java:register(266)) - Registered Data node : 79f8f252-68fb-48a7-ad36-a66b8b99f572{ip: 192.168.151.73, host: pr-hdds-1569-shd4m-3693607622, networkLocation: /default-rack, certSerialId: null}
2019-09-25 12:53:04,828 [grpc-default-executor-0] INFO  impl.RaftServerProxy (RaftServerProxy.java:addNew(89)) - ceb95c4b-9640-4cd4-a4be-8ff2d64e56e1: addNew group-635275E55D97:[ceb95c4b-9640-4cd4-a4be-8ff2d64e56e1:192.168.151.73:36990] returns group-635275E55D97:java.util.concurrent.CompletableFuture@2196a37d[Not completed]
2019-09-25 12:53:04,830 [pool-137-thread-1] INFO  impl.RaftServerImpl (RaftServerImpl.java:<init>(95)) - ceb95c4b-9640-4cd4-a4be-8ff2d64e56e1: new RaftServerImpl for group-635275E55D97:[ceb95c4b-9640-4cd4-a4be-8ff2d64e56e1:192.168.151.73:36990] with ContainerStateMachine:uninitialized
2019-09-25 12:53:04,830 [pool-137-thread-1] INFO  server.RaftServerConfigKeys (ConfUtils.java:logGet(43)) - raft.server.rpc.timeout.min = 5s (custom)
2019-09-25 12:53:04,830 [pool-137-thread-1] INFO  server.RaftServerConfigKeys (ConfUtils.java:logGet(43)) - raft.server.rpc.timeout.max = 5200ms (custom)
2019-09-25 12:53:04,830 [pool-137-thread-1] INFO  server.RaftServerConfigKeys (ConfUtils.java:logGet(43)) - raft.server.rpcslowness.timeout = 120s (custom)
2019-09-25 12:53:04,830 [pool-137-thread-1] INFO  server.RaftServerConfigKeys (ConfUtils.java:logGet(43)) - raft.server.sleep.deviation.threshold = 300 (default)
2019-09-25 12:53:04,831 [pool-137-thread-1] INFO  server.RaftServerConfigKeys (ConfUtils.java:logGet(43)) - raft.server.log.appender.install.snapshot.enabled = false (custom)
2019-09-25 12:53:04,831 [pool-137-thread-1] INFO  impl.RaftServerImpl (ServerState.java:<init>(103)) - ceb95c4b-9640-4cd4-a4be-8ff2d64e56e1@group-635275E55D97: ConfigurationManager, init=-1: [ceb95c4b-9640-4cd4-a4be-8ff2d64e56e1:192.168.151.73:36990], old=null, confs=<EMPTY_MAP>
2019-09-25 12:53:04,831 [pool-137-thread-1] INFO  server.RaftServerConfigKeys (ConfUtils.java:logGet(43)) - raft.server.storage.dir = [/workdir/hadoop-ozone/ozonefs/target/test-dir/MiniOzoneClusterImpl-8b918b52-c3dc-453c-9b69-212fa30732fd/datanode-1/data/ratis] (custom)
2019-09-25 12:53:04,831 [pool-137-thread-1] INFO  storage.RaftStorageDirectory (RaftStorageDirectory.java:analyzeStorage(246)) - The storage directory /workdir/hadoop-ozone/ozonefs/target/test-dir/MiniOzoneClusterImpl-8b918b52-c3dc-453c-9b69-212fa30732fd/datanode-1/data/ratis/81c169b2-62dc-4fd4-ab21-635275e55d97 does not exist. Creating ...
2019-09-25 12:53:04,845 [pool-137-thread-1] INFO  storage.RaftStorageDirectory (RaftStorageDirectory.java:tryLock(328)) - Lock on /workdir/hadoop-ozone/ozonefs/target/test-dir/MiniOzoneClusterImpl-8b918b52-c3dc-453c-9b69-212fa30732fd/datanode-1/data/ratis/81c169b2-62dc-4fd4-ab21-635275e55d97/in_use.lock acquired by nodename 3512@pr-hdds-1569-shd4m-3693607622
2019-09-25 12:53:04,866 [pool-137-thread-1] INFO  storage.RaftStorage (RaftStorage.java:format(72)) - Storage directory /workdir/hadoop-ozone/ozonefs/target/test-dir/MiniOzoneClusterImpl-8b918b52-c3dc-453c-9b69-212fa30732fd/datanode-1/data/ratis/81c169b2-62dc-4fd4-ab21-635275e55d97 has been successfully formatted.
2019-09-25 12:53:04,867 [pool-137-thread-1] INFO  ratis.ContainerStateMachine (ContainerStateMachine.java:loadSnapshot(230)) - group-635275E55D97: The snapshot info is null. Setting the last applied indexto:(t:0, i:~)
2019-09-25 12:53:04,867 [pool-137-thread-1] INFO  server.RaftServerConfigKeys (ConfUtils.java:logGet(43)) - raft.server.notification.no-leader.timeout = 120s (custom)
2019-09-25 12:53:04,867 [pool-137-thread-1] INFO  server.RaftServerConfigKeys (ConfUtils.java:logGet(43)) - raft.server.log.use.memory = false (default)
2019-09-25 12:53:04,867 [pool-137-thread-1] INFO  server.RaftServerConfigKeys (ConfUtils.java:logGet(43)) - raft.server.log.purge.gap = 1000000 (custom)
2019-09-25 12:53:04,867 [pool-137-thread-1] INFO  server.RaftServerConfigKeys (ConfUtils.java:logGet(43)) - raft.server.log.appender.buffer.byte-limit = 33554432 (custom)
2019-09-25 12:53:04,867 [pool-137-thread-1] INFO  server.RaftServerConfigKeys (ConfUtils.java:logGet(43)) - raft.server.log.segment.size.max = 1048576 (custom)
2019-09-25 12:53:04,868 [pool-137-thread-1] INFO  server.RaftServerConfigKeys (ConfUtils.java:logGet(43)) - raft.server.log.segment.cache.num.max = 2 (custom)
2019-09-25 12:53:04,868 [pool-137-thread-1] INFO  segmented.SegmentedRaftLogWorker (SegmentedRaftLogWorker.java:<init>(172)) - new ceb95c4b-9640-4cd4-a4be-8ff2d64e56e1@group-635275E55D97-SegmentedRaftLogWorker for RaftStorage:Storage Directory /workdir/hadoop-ozone/ozonefs/target/test-dir/MiniOzoneClusterImpl-8b918b52-c3dc-453c-9b69-212fa30732fd/datanode-1/data/ratis/81c169b2-62dc-4fd4-ab21-635275e55d97
2019-09-25 12:53:04,870 [pool-137-thread-1] INFO  server.RaftServerConfigKeys (ConfUtils.java:logGet(43)) - raft.server.log.queue.byte-limit = 2147483647 (custom)
2019-09-25 12:53:04,870 [pool-137-thread-1] INFO  server.RaftServerConfigKeys (ConfUtils.java:logGet(43)) - raft.server.log.queue.element-limit = 1024 (custom)
2019-09-25 12:53:04,870 [pool-137-thread-1] INFO  server.RaftServerConfigKeys (ConfUtils.java:logGet(43)) - raft.server.log.segment.size.max = 1048576 (custom)
2019-09-25 12:53:04,870 [pool-137-thread-1] INFO  server.RaftServerConfigKeys (ConfUtils.java:logGet(43)) - raft.server.log.preallocated.size = 16384 (custom)
2019-09-25 12:53:04,871 [pool-137-thread-1] INFO  server.RaftServerConfigKeys (ConfUtils.java:logGet(43)) - raft.server.log.write.buffer.size = 33554432 (custom)
2019-09-25 12:53:04,871 [pool-137-thread-1] INFO  server.RaftServerConfigKeys (ConfUtils.java:logGet(43)) - raft.server.log.force.sync.num = 128 (default)
2019-09-25 12:53:04,871 [pool-137-thread-1] INFO  server.RaftServerConfigKeys (ConfUtils.java:logGet(43)) - raft.server.log.statemachine.data.sync = true (default)
2019-09-25 12:53:04,871 [pool-137-thread-1] INFO  server.RaftServerConfigKeys (ConfUtils.java:logGet(43)) - raft.server.log.statemachine.data.sync.timeout = 10s (default)
2019-09-25 12:53:04,871 [pool-137-thread-1] INFO  server.RaftServerConfigKeys (ConfUtils.java:logGet(43)) - raft.server.log.statemachine.data.sync.timeout.retry = -1 (default)
2019-09-25 12:53:04,871 [pool-137-thread-1] INFO  server.RaftServerConfigKeys (ConfUtils.java:logGet(43)) - raft.server.log.statemachine.data.caching.enabled = true (custom)
2019-09-25 12:53:04,871 [pool-137-thread-1] INFO  segmented.SegmentedRaftLogWorker (SegmentedRaftLogWorker.java:lambda$new$0(132)) - ceb95c4b-9640-4cd4-a4be-8ff2d64e56e1@group-635275E55D97-SegmentedRaftLogWorker: flushIndex: setUnconditionally 0 -> -1
2019-09-25 12:53:04,872 [pool-137-thread-1] INFO  server.RaftServerConfigKeys (ConfUtils.java:logGet(43)) - raft.server.snapshot.auto.trigger.enabled = true (custom)
2019-09-25 12:53:04,872 [pool-137-thread-1] INFO  server.RaftServerConfigKeys (ConfUtils.java:logGet(43)) - raft.server.snapshot.auto.trigger.threshold = 10000 (custom)
2019-09-25 12:53:04,872 [pool-137-thread-1] INFO  server.RaftServerConfigKeys (ConfUtils.java:logGet(43)) - raft.server.snapshot.retention.num.files = 5 (custom)
2019-09-25 12:53:04,872 [pool-137-thread-1] INFO  server.RaftServerConfigKeys (ConfUtils.java:logGet(43)) - raft.server.retrycache.expirytime = 600000ms (custom)
2019-09-25 12:53:04,874 [pool-137-thread-1] INFO  impl.RaftServerImpl (RaftServerImpl.java:start(185)) - ceb95c4b-9640-4cd4-a4be-8ff2d64e56e1@group-635275E55D97: start as a follower, conf=-1: [ceb95c4b-9640-4cd4-a4be-8ff2d64e56e1:192.168.151.73:36990], old=null
2019-09-25 12:53:04,874 [pool-137-thread-1] INFO  impl.RaftServerImpl (RaftServerImpl.java:setRole(174)) - ceb95c4b-9640-4cd4-a4be-8ff2d64e56e1@group-635275E55D97: changes role from      null to FOLLOWER at term 0 for startAsFollower
2019-09-25 12:53:04,874 [pool-137-thread-1] INFO  impl.RoleInfo (RoleInfo.java:updateAndGet(143)) - ceb95c4b-9640-4cd4-a4be-8ff2d64e56e1: start FollowerState
2019-09-25 12:53:04,874 [pool-137-thread-1] INFO  util.JmxRegister (JmxRegister.java:tryRegister(44)) - Successfully registered JMX Bean with object name Ratis:service=RaftServer,group=group-635275E55D97,id=ceb95c4b-9640-4cd4-a4be-8ff2d64e56e1
2019-09-25 12:53:04,879 [RatisPipelineUtilsThread] INFO  pipeline.PipelineStateManager (PipelineStateManager.java:addPipeline(56)) - Created pipeline Pipeline[ Id: 81c169b2-62dc-4fd4-ab21-635275e55d97, Nodes: ceb95c4b-9640-4cd4-a4be-8ff2d64e56e1{ip: 192.168.151.73, host: pr-hdds-1569-shd4m-3693607622, networkLocation: /default-rack, certSerialId: null}, Type:RATIS, Factor:ONE, State:OPEN]
2019-09-25 12:53:04,894 [grpc-default-executor-0] INFO  impl.RaftServerProxy (RaftServerProxy.java:addNew(89)) - 0ece0170-5656-4579-a5bc-428dc13df816: addNew group-8B46E20EACCB:[0ece0170-5656-4579-a5bc-428dc13df816:192.168.151.73:41509] returns group-8B46E20EACCB:java.util.concurrent.CompletableFuture@2ffc1d54[Not completed]
2019-09-25 12:53:04,895 [pool-127-thread-1] INFO  impl.RaftServerImpl (RaftServerImpl.java:<init>(95)) - 0ece0170-5656-4579-a5bc-428dc13df816: new RaftServerImpl for group-8B46E20EACCB:[0ece0170-5656-4579-a5bc-428dc13df816:192.168.151.73:41509] with ContainerStateMachine:uninitialized
2019-09-25 12:53:04,895 [pool-127-thread-1] INFO  server.RaftServerConfigKeys (ConfUtils.java:logGet(43)) - raft.server.rpc.timeout.min = 5s (custom)
2019-09-25 12:53:04,895 [pool-127-thread-1] INFO  server.RaftServerConfigKeys (ConfUtils.java:logGet(43)) - raft.server.rpc.timeout.max = 5200ms (custom)
2019-09-25 12:53:04,895 [pool-127-thread-1] INFO  server.RaftServerConfigKeys (ConfUtils.java:logGet(43)) - raft.server.rpcslowness.timeout = 120s (custom)
2019-09-25 12:53:04,896 [pool-127-thread-1] INFO  server.RaftServerConfigKeys (ConfUtils.java:logGet(43)) - raft.server.sleep.deviation.threshold = 300 (default)
2019-09-25 12:53:04,896 [pool-127-thread-1] INFO  server.RaftServerConfigKeys (ConfUtils.java:logGet(43)) - raft.server.log.appender.install.snapshot.enabled = false (custom)
2019-09-25 12:53:04,896 [pool-127-thread-1] INFO  impl.RaftServerImpl (ServerState.java:<init>(103)) - 0ece0170-5656-4579-a5bc-428dc13df816@group-8B46E20EACCB: ConfigurationManager, init=-1: [0ece0170-5656-4579-a5bc-428dc13df816:192.168.151.73:41509], old=null, confs=<EMPTY_MAP>
2019-09-25 12:53:04,896 [pool-127-thread-1] INFO  server.RaftServerConfigKeys (ConfUtils.java:logGet(43)) - raft.server.storage.dir = [/workdir/hadoop-ozone/ozonefs/target/test-dir/MiniOzoneClusterImpl-8b918b52-c3dc-453c-9b69-212fa30732fd/datanode-0/data/ratis] (custom)
2019-09-25 12:53:04,896 [pool-127-thread-1] INFO  storage.RaftStorageDirectory (RaftStorageDirectory.java:analyzeStorage(246)) - The storage directory /workdir/hadoop-ozone/ozonefs/target/test-dir/MiniOzoneClusterImpl-8b918b52-c3dc-453c-9b69-212fa30732fd/datanode-0/data/ratis/91f009f5-5c9c-4125-80fd-8b46e20eaccb does not exist. Creating ...
2019-09-25 12:53:04,915 [pool-127-thread-1] INFO  storage.RaftStorageDirectory (RaftStorageDirectory.java:tryLock(328)) - Lock on /workdir/hadoop-ozone/ozonefs/target/test-dir/MiniOzoneClusterImpl-8b918b52-c3dc-453c-9b69-212fa30732fd/datanode-0/data/ratis/91f009f5-5c9c-4125-80fd-8b46e20eaccb/in_use.lock acquired by nodename 3512@pr-hdds-1569-shd4m-3693607622
2019-09-25 12:53:04,931 [pool-127-thread-1] INFO  storage.RaftStorage (RaftStorage.java:format(72)) - Storage directory /workdir/hadoop-ozone/ozonefs/target/test-dir/MiniOzoneClusterImpl-8b918b52-c3dc-453c-9b69-212fa30732fd/datanode-0/data/ratis/91f009f5-5c9c-4125-80fd-8b46e20eaccb has been successfully formatted.
2019-09-25 12:53:04,931 [pool-127-thread-1] INFO  ratis.ContainerStateMachine (ContainerStateMachine.java:loadSnapshot(230)) - group-8B46E20EACCB: The snapshot info is null. Setting the last applied indexto:(t:0, i:~)
2019-09-25 12:53:04,932 [pool-127-thread-1] INFO  server.RaftServerConfigKeys (ConfUtils.java:logGet(43)) - raft.server.notification.no-leader.timeout = 120s (custom)
2019-09-25 12:53:04,932 [pool-127-thread-1] INFO  server.RaftServerConfigKeys (ConfUtils.java:logGet(43)) - raft.server.log.use.memory = false (default)
2019-09-25 12:53:04,932 [pool-127-thread-1] INFO  server.RaftServerConfigKeys (ConfUtils.java:logGet(43)) - raft.server.log.purge.gap = 1000000 (custom)
2019-09-25 12:53:04,932 [pool-127-thread-1] INFO  server.RaftServerConfigKeys (ConfUtils.java:logGet(43)) - raft.server.log.appender.buffer.byte-limit = 33554432 (custom)
2019-09-25 12:53:04,933 [pool-127-thread-1] INFO  server.RaftServerConfigKeys (ConfUtils.java:logGet(43)) - raft.server.log.segment.size.max = 1048576 (custom)
2019-09-25 12:53:04,933 [pool-127-thread-1] INFO  server.RaftServerConfigKeys (ConfUtils.java:logGet(43)) - raft.server.log.segment.cache.num.max = 2 (custom)
2019-09-25 12:53:04,933 [pool-127-thread-1] INFO  segmented.SegmentedRaftLogWorker (SegmentedRaftLogWorker.java:<init>(172)) - new 0ece0170-5656-4579-a5bc-428dc13df816@group-8B46E20EACCB-SegmentedRaftLogWorker for RaftStorage:Storage Directory /workdir/hadoop-ozone/ozonefs/target/test-dir/MiniOzoneClusterImpl-8b918b52-c3dc-453c-9b69-212fa30732fd/datanode-0/data/ratis/91f009f5-5c9c-4125-80fd-8b46e20eaccb
2019-09-25 12:53:04,933 [pool-127-thread-1] INFO  server.RaftServerConfigKeys (ConfUtils.java:logGet(43)) - raft.server.log.queue.byte-limit = 2147483647 (custom)
2019-09-25 12:53:04,933 [pool-127-thread-1] INFO  server.RaftServerConfigKeys (ConfUtils.java:logGet(43)) - raft.server.log.queue.element-limit = 1024 (custom)
2019-09-25 12:53:04,933 [pool-127-thread-1] INFO  server.RaftServerConfigKeys (ConfUtils.java:logGet(43)) - raft.server.log.segment.size.max = 1048576 (custom)
2019-09-25 12:53:04,934 [pool-127-thread-1] INFO  server.RaftServerConfigKeys (ConfUtils.java:logGet(43)) - raft.server.log.preallocated.size = 16384 (custom)
2019-09-25 12:53:04,934 [pool-127-thread-1] INFO  server.RaftServerConfigKeys (ConfUtils.java:logGet(43)) - raft.server.log.write.buffer.size = 33554432 (custom)
2019-09-25 12:53:04,934 [pool-127-thread-1] INFO  server.RaftServerConfigKeys (ConfUtils.java:logGet(43)) - raft.server.log.force.sync.num = 128 (default)
2019-09-25 12:53:04,934 [pool-127-thread-1] INFO  server.RaftServerConfigKeys (ConfUtils.java:logGet(43)) - raft.server.log.statemachine.data.sync = true (default)
2019-09-25 12:53:04,934 [pool-127-thread-1] INFO  server.RaftServerConfigKeys (ConfUtils.java:logGet(43)) - raft.server.log.statemachine.data.sync.timeout = 10s (default)
2019-09-25 12:53:04,935 [pool-127-thread-1] INFO  server.RaftServerConfigKeys (ConfUtils.java:logGet(43)) - raft.server.log.statemachine.data.sync.timeout.retry = -1 (default)
2019-09-25 12:53:04,935 [pool-127-thread-1] INFO  server.RaftServerConfigKeys (ConfUtils.java:logGet(43)) - raft.server.log.statemachine.data.caching.enabled = true (custom)
2019-09-25 12:53:04,943 [pool-127-thread-1] INFO  segmented.SegmentedRaftLogWorker (SegmentedRaftLogWorker.java:lambda$new$0(132)) - 0ece0170-5656-4579-a5bc-428dc13df816@group-8B46E20EACCB-SegmentedRaftLogWorker: flushIndex: setUnconditionally 0 -> -1
2019-09-25 12:53:04,943 [pool-127-thread-1] INFO  server.RaftServerConfigKeys (ConfUtils.java:logGet(43)) - raft.server.snapshot.auto.trigger.enabled = true (custom)
2019-09-25 12:53:04,943 [pool-127-thread-1] INFO  server.RaftServerConfigKeys (ConfUtils.java:logGet(43)) - raft.server.snapshot.auto.trigger.threshold = 10000 (custom)
2019-09-25 12:53:04,943 [pool-127-thread-1] INFO  server.RaftServerConfigKeys (ConfUtils.java:logGet(43)) - raft.server.snapshot.retention.num.files = 5 (custom)
2019-09-25 12:53:04,943 [pool-127-thread-1] INFO  server.RaftServerConfigKeys (ConfUtils.java:logGet(43)) - raft.server.retrycache.expirytime = 600000ms (custom)
2019-09-25 12:53:04,945 [pool-127-thread-1] INFO  impl.RaftServerImpl (RaftServerImpl.java:start(185)) - 0ece0170-5656-4579-a5bc-428dc13df816@group-8B46E20EACCB: start as a follower, conf=-1: [0ece0170-5656-4579-a5bc-428dc13df816:192.168.151.73:41509], old=null
2019-09-25 12:53:04,946 [pool-127-thread-1] INFO  impl.RaftServerImpl (RaftServerImpl.java:setRole(174)) - 0ece0170-5656-4579-a5bc-428dc13df816@group-8B46E20EACCB: changes role from      null to FOLLOWER at term 0 for startAsFollower
2019-09-25 12:53:04,946 [pool-127-thread-1] INFO  impl.RoleInfo (RoleInfo.java:updateAndGet(143)) - 0ece0170-5656-4579-a5bc-428dc13df816: start FollowerState
2019-09-25 12:53:04,952 [pool-127-thread-1] INFO  util.JmxRegister (JmxRegister.java:tryRegister(44)) - Successfully registered JMX Bean with object name Ratis:service=RaftServer,group=group-8B46E20EACCB,id=0ece0170-5656-4579-a5bc-428dc13df816
2019-09-25 12:53:04,964 [RatisPipelineUtilsThread] INFO  pipeline.PipelineStateManager (PipelineStateManager.java:addPipeline(56)) - Created pipeline Pipeline[ Id: 91f009f5-5c9c-4125-80fd-8b46e20eaccb, Nodes: 0ece0170-5656-4579-a5bc-428dc13df816{ip: 192.168.151.73, host: pr-hdds-1569-shd4m-3693607622, networkLocation: /default-rack, certSerialId: null}, Type:RATIS, Factor:ONE, State:OPEN]
2019-09-25 12:53:04,971 [grpc-default-executor-0] INFO  impl.RaftServerProxy (RaftServerProxy.java:addNew(89)) - 0ece0170-5656-4579-a5bc-428dc13df816: addNew group-4643BC363126:[0ece0170-5656-4579-a5bc-428dc13df816:192.168.151.73:41509] returns group-4643BC363126:java.util.concurrent.CompletableFuture@3102e874[Not completed]
2019-09-25 12:53:04,972 [pool-127-thread-1] INFO  impl.RaftServerImpl (RaftServerImpl.java:<init>(95)) - 0ece0170-5656-4579-a5bc-428dc13df816: new RaftServerImpl for group-4643BC363126:[0ece0170-5656-4579-a5bc-428dc13df816:192.168.151.73:41509] with ContainerStateMachine:uninitialized
2019-09-25 12:53:04,973 [pool-127-thread-1] INFO  server.RaftServerConfigKeys (ConfUtils.java:logGet(43)) - raft.server.rpc.timeout.min = 5s (custom)
2019-09-25 12:53:04,973 [pool-127-thread-1] INFO  server.RaftServerConfigKeys (ConfUtils.java:logGet(43)) - raft.server.rpc.timeout.max = 5200ms (custom)
2019-09-25 12:53:04,973 [pool-127-thread-1] INFO  server.RaftServerConfigKeys (ConfUtils.java:logGet(43)) - raft.server.rpcslowness.timeout = 120s (custom)
2019-09-25 12:53:04,973 [pool-127-thread-1] INFO  server.RaftServerConfigKeys (ConfUtils.java:logGet(43)) - raft.server.sleep.deviation.threshold = 300 (default)
2019-09-25 12:53:04,973 [pool-127-thread-1] INFO  server.RaftServerConfigKeys (ConfUtils.java:logGet(43)) - raft.server.log.appender.install.snapshot.enabled = false (custom)
2019-09-25 12:53:04,973 [pool-127-thread-1] INFO  impl.RaftServerImpl (ServerState.java:<init>(103)) - 0ece0170-5656-4579-a5bc-428dc13df816@group-4643BC363126: ConfigurationManager, init=-1: [0ece0170-5656-4579-a5bc-428dc13df816:192.168.151.73:41509], old=null, confs=<EMPTY_MAP>
2019-09-25 12:53:04,973 [pool-127-thread-1] INFO  server.RaftServerConfigKeys (ConfUtils.java:logGet(43)) - raft.server.storage.dir = [/workdir/hadoop-ozone/ozonefs/target/test-dir/MiniOzoneClusterImpl-8b918b52-c3dc-453c-9b69-212fa30732fd/datanode-0/data/ratis] (custom)
2019-09-25 12:53:04,974 [pool-127-thread-1] INFO  storage.RaftStorageDirectory (RaftStorageDirectory.java:analyzeStorage(246)) - The storage directory /workdir/hadoop-ozone/ozonefs/target/test-dir/MiniOzoneClusterImpl-8b918b52-c3dc-453c-9b69-212fa30732fd/datanode-0/data/ratis/a14b4d59-b345-41a9-a9c2-4643bc363126 does not exist. Creating ...
2019-09-25 12:53:04,979 [pool-127-thread-1] INFO  storage.RaftStorageDirectory (RaftStorageDirectory.java:tryLock(328)) - Lock on /workdir/hadoop-ozone/ozonefs/target/test-dir/MiniOzoneClusterImpl-8b918b52-c3dc-453c-9b69-212fa30732fd/datanode-0/data/ratis/a14b4d59-b345-41a9-a9c2-4643bc363126/in_use.lock acquired by nodename 3512@pr-hdds-1569-shd4m-3693607622
2019-09-25 12:53:04,994 [pool-127-thread-1] INFO  storage.RaftStorage (RaftStorage.java:format(72)) - Storage directory /workdir/hadoop-ozone/ozonefs/target/test-dir/MiniOzoneClusterImpl-8b918b52-c3dc-453c-9b69-212fa30732fd/datanode-0/data/ratis/a14b4d59-b345-41a9-a9c2-4643bc363126 has been successfully formatted.
2019-09-25 12:53:04,994 [pool-127-thread-1] INFO  ratis.ContainerStateMachine (ContainerStateMachine.java:loadSnapshot(230)) - group-4643BC363126: The snapshot info is null. Setting the last applied indexto:(t:0, i:~)
2019-09-25 12:53:04,994 [pool-127-thread-1] INFO  server.RaftServerConfigKeys (ConfUtils.java:logGet(43)) - raft.server.notification.no-leader.timeout = 120s (custom)
2019-09-25 12:53:04,994 [pool-127-thread-1] INFO  server.RaftServerConfigKeys (ConfUtils.java:logGet(43)) - raft.server.log.use.memory = false (default)
2019-09-25 12:53:04,995 [pool-127-thread-1] INFO  server.RaftServerConfigKeys (ConfUtils.java:logGet(43)) - raft.server.log.purge.gap = 1000000 (custom)
2019-09-25 12:53:04,995 [pool-127-thread-1] INFO  server.RaftServerConfigKeys (ConfUtils.java:logGet(43)) - raft.server.log.appender.buffer.byte-limit = 33554432 (custom)
2019-09-25 12:53:04,995 [pool-127-thread-1] INFO  server.RaftServerConfigKeys (ConfUtils.java:logGet(43)) - raft.server.log.segment.size.max = 1048576 (custom)
2019-09-25 12:53:04,995 [pool-127-thread-1] INFO  server.RaftServerConfigKeys (ConfUtils.java:logGet(43)) - raft.server.log.segment.cache.num.max = 2 (custom)
2019-09-25 12:53:04,995 [pool-127-thread-1] INFO  segmented.SegmentedRaftLogWorker (SegmentedRaftLogWorker.java:<init>(172)) - new 0ece0170-5656-4579-a5bc-428dc13df816@group-4643BC363126-SegmentedRaftLogWorker for RaftStorage:Storage Directory /workdir/hadoop-ozone/ozonefs/target/test-dir/MiniOzoneClusterImpl-8b918b52-c3dc-453c-9b69-212fa30732fd/datanode-0/data/ratis/a14b4d59-b345-41a9-a9c2-4643bc363126
2019-09-25 12:53:04,995 [pool-127-thread-1] INFO  server.RaftServerConfigKeys (ConfUtils.java:logGet(43)) - raft.server.log.queue.byte-limit = 2147483647 (custom)
2019-09-25 12:53:04,996 [pool-127-thread-1] INFO  server.RaftServerConfigKeys (ConfUtils.java:logGet(43)) - raft.server.log.queue.element-limit = 1024 (custom)
2019-09-25 12:53:04,996 [pool-127-thread-1] INFO  server.RaftServerConfigKeys (ConfUtils.java:logGet(43)) - raft.server.log.segment.size.max = 1048576 (custom)
2019-09-25 12:53:04,996 [pool-127-thread-1] INFO  server.RaftServerConfigKeys (ConfUtils.java:logGet(43)) - raft.server.log.preallocated.size = 16384 (custom)
2019-09-25 12:53:04,996 [pool-127-thread-1] INFO  server.RaftServerConfigKeys (ConfUtils.java:logGet(43)) - raft.server.log.write.buffer.size = 33554432 (custom)
2019-09-25 12:53:04,996 [pool-127-thread-1] INFO  server.RaftServerConfigKeys (ConfUtils.java:logGet(43)) - raft.server.log.force.sync.num = 128 (default)
2019-09-25 12:53:04,996 [pool-127-thread-1] INFO  server.RaftServerConfigKeys (ConfUtils.java:logGet(43)) - raft.server.log.statemachine.data.sync = true (default)
2019-09-25 12:53:04,997 [pool-127-thread-1] INFO  server.RaftServerConfigKeys (ConfUtils.java:logGet(43)) - raft.server.log.statemachine.data.sync.timeout = 10s (default)
2019-09-25 12:53:04,997 [pool-127-thread-1] INFO  server.RaftServerConfigKeys (ConfUtils.java:logGet(43)) - raft.server.log.statemachine.data.sync.timeout.retry = -1 (default)
2019-09-25 12:53:04,997 [pool-127-thread-1] INFO  server.RaftServerConfigKeys (ConfUtils.java:logGet(43)) - raft.server.log.statemachine.data.caching.enabled = true (custom)
2019-09-25 12:53:04,997 [pool-127-thread-1] INFO  segmented.SegmentedRaftLogWorker (SegmentedRaftLogWorker.java:lambda$new$0(132)) - 0ece0170-5656-4579-a5bc-428dc13df816@group-4643BC363126-SegmentedRaftLogWorker: flushIndex: setUnconditionally 0 -> -1
2019-09-25 12:53:04,998 [pool-127-thread-1] INFO  server.RaftServerConfigKeys (ConfUtils.java:logGet(43)) - raft.server.snapshot.auto.trigger.enabled = true (custom)
2019-09-25 12:53:04,998 [pool-127-thread-1] INFO  server.RaftServerConfigKeys (ConfUtils.java:logGet(43)) - raft.server.snapshot.auto.trigger.threshold = 10000 (custom)
2019-09-25 12:53:04,998 [pool-127-thread-1] INFO  server.RaftServerConfigKeys (ConfUtils.java:logGet(43)) - raft.server.snapshot.retention.num.files = 5 (custom)
2019-09-25 12:53:04,998 [pool-127-thread-1] INFO  server.RaftServerConfigKeys (ConfUtils.java:logGet(43)) - raft.server.retrycache.expirytime = 600000ms (custom)
2019-09-25 12:53:05,000 [pool-127-thread-1] INFO  impl.RaftServerImpl (RaftServerImpl.java:start(185)) - 0ece0170-5656-4579-a5bc-428dc13df816@group-4643BC363126: start as a follower, conf=-1: [0ece0170-5656-4579-a5bc-428dc13df816:192.168.151.73:41509], old=null
2019-09-25 12:53:05,001 [pool-127-thread-1] INFO  impl.RaftServerImpl (RaftServerImpl.java:setRole(174)) - 0ece0170-5656-4579-a5bc-428dc13df816@group-4643BC363126: changes role from      null to FOLLOWER at term 0 for startAsFollower
2019-09-25 12:53:05,001 [pool-127-thread-1] INFO  impl.RoleInfo (RoleInfo.java:updateAndGet(143)) - 0ece0170-5656-4579-a5bc-428dc13df816: start FollowerState
2019-09-25 12:53:05,001 [pool-127-thread-1] INFO  util.JmxRegister (JmxRegister.java:tryRegister(44)) - Successfully registered JMX Bean with object name Ratis:service=RaftServer,group=group-4643BC363126,id=0ece0170-5656-4579-a5bc-428dc13df816
2019-09-25 12:53:05,005 [RatisPipelineUtilsThread] INFO  pipeline.PipelineStateManager (PipelineStateManager.java:addPipeline(56)) - Created pipeline Pipeline[ Id: a14b4d59-b345-41a9-a9c2-4643bc363126, Nodes: 0ece0170-5656-4579-a5bc-428dc13df816{ip: 192.168.151.73, host: pr-hdds-1569-shd4m-3693607622, networkLocation: /default-rack, certSerialId: null}, Type:RATIS, Factor:ONE, State:OPEN]
2019-09-25 12:53:05,011 [grpc-default-executor-0] INFO  impl.RaftServerProxy (RaftServerProxy.java:addNew(89)) - 0ece0170-5656-4579-a5bc-428dc13df816: addNew group-8E18A29E9DE7:[0ece0170-5656-4579-a5bc-428dc13df816:192.168.151.73:41509] returns group-8E18A29E9DE7:java.util.concurrent.CompletableFuture@60823093[Not completed]
2019-09-25 12:53:05,012 [pool-127-thread-1] INFO  impl.RaftServerImpl (RaftServerImpl.java:<init>(95)) - 0ece0170-5656-4579-a5bc-428dc13df816: new RaftServerImpl for group-8E18A29E9DE7:[0ece0170-5656-4579-a5bc-428dc13df816:192.168.151.73:41509] with ContainerStateMachine:uninitialized
2019-09-25 12:53:05,012 [pool-127-thread-1] INFO  server.RaftServerConfigKeys (ConfUtils.java:logGet(43)) - raft.server.rpc.timeout.min = 5s (custom)
2019-09-25 12:53:05,012 [pool-127-thread-1] INFO  server.RaftServerConfigKeys (ConfUtils.java:logGet(43)) - raft.server.rpc.timeout.max = 5200ms (custom)
2019-09-25 12:53:05,012 [pool-127-thread-1] INFO  server.RaftServerConfigKeys (ConfUtils.java:logGet(43)) - raft.server.rpcslowness.timeout = 120s (custom)
2019-09-25 12:53:05,012 [pool-127-thread-1] INFO  server.RaftServerConfigKeys (ConfUtils.java:logGet(43)) - raft.server.sleep.deviation.threshold = 300 (default)
2019-09-25 12:53:05,013 [pool-127-thread-1] INFO  server.RaftServerConfigKeys (ConfUtils.java:logGet(43)) - raft.server.log.appender.install.snapshot.enabled = false (custom)
2019-09-25 12:53:05,013 [pool-127-thread-1] INFO  impl.RaftServerImpl (ServerState.java:<init>(103)) - 0ece0170-5656-4579-a5bc-428dc13df816@group-8E18A29E9DE7: ConfigurationManager, init=-1: [0ece0170-5656-4579-a5bc-428dc13df816:192.168.151.73:41509], old=null, confs=<EMPTY_MAP>
2019-09-25 12:53:05,013 [pool-127-thread-1] INFO  server.RaftServerConfigKeys (ConfUtils.java:logGet(43)) - raft.server.storage.dir = [/workdir/hadoop-ozone/ozonefs/target/test-dir/MiniOzoneClusterImpl-8b918b52-c3dc-453c-9b69-212fa30732fd/datanode-0/data/ratis] (custom)
2019-09-25 12:53:05,013 [pool-127-thread-1] INFO  storage.RaftStorageDirectory (RaftStorageDirectory.java:analyzeStorage(246)) - The storage directory /workdir/hadoop-ozone/ozonefs/target/test-dir/MiniOzoneClusterImpl-8b918b52-c3dc-453c-9b69-212fa30732fd/datanode-0/data/ratis/5437968a-04e1-454c-bad2-8e18a29e9de7 does not exist. Creating ...
2019-09-25 12:53:05,027 [pool-127-thread-1] INFO  storage.RaftStorageDirectory (RaftStorageDirectory.java:tryLock(328)) - Lock on /workdir/hadoop-ozone/ozonefs/target/test-dir/MiniOzoneClusterImpl-8b918b52-c3dc-453c-9b69-212fa30732fd/datanode-0/data/ratis/5437968a-04e1-454c-bad2-8e18a29e9de7/in_use.lock acquired by nodename 3512@pr-hdds-1569-shd4m-3693607622
2019-09-25 12:53:05,047 [pool-127-thread-1] INFO  storage.RaftStorage (RaftStorage.java:format(72)) - Storage directory /workdir/hadoop-ozone/ozonefs/target/test-dir/MiniOzoneClusterImpl-8b918b52-c3dc-453c-9b69-212fa30732fd/datanode-0/data/ratis/5437968a-04e1-454c-bad2-8e18a29e9de7 has been successfully formatted.
2019-09-25 12:53:05,047 [pool-127-thread-1] INFO  ratis.ContainerStateMachine (ContainerStateMachine.java:loadSnapshot(230)) - group-8E18A29E9DE7: The snapshot info is null. Setting the last applied indexto:(t:0, i:~)
2019-09-25 12:53:05,048 [pool-127-thread-1] INFO  server.RaftServerConfigKeys (ConfUtils.java:logGet(43)) - raft.server.notification.no-leader.timeout = 120s (custom)
2019-09-25 12:53:05,048 [pool-127-thread-1] INFO  server.RaftServerConfigKeys (ConfUtils.java:logGet(43)) - raft.server.log.use.memory = false (default)
2019-09-25 12:53:05,048 [pool-127-thread-1] INFO  server.RaftServerConfigKeys (ConfUtils.java:logGet(43)) - raft.server.log.purge.gap = 1000000 (custom)
2019-09-25 12:53:05,048 [pool-127-thread-1] INFO  server.RaftServerConfigKeys (ConfUtils.java:logGet(43)) - raft.server.log.appender.buffer.byte-limit = 33554432 (custom)
2019-09-25 12:53:05,048 [pool-127-thread-1] INFO  server.RaftServerConfigKeys (ConfUtils.java:logGet(43)) - raft.server.log.segment.size.max = 1048576 (custom)
2019-09-25 12:53:05,048 [pool-127-thread-1] INFO  server.RaftServerConfigKeys (ConfUtils.java:logGet(43)) - raft.server.log.segment.cache.num.max = 2 (custom)
2019-09-25 12:53:05,048 [pool-127-thread-1] INFO  segmented.SegmentedRaftLogWorker (SegmentedRaftLogWorker.java:<init>(172)) - new 0ece0170-5656-4579-a5bc-428dc13df816@group-8E18A29E9DE7-SegmentedRaftLogWorker for RaftStorage:Storage Directory /workdir/hadoop-ozone/ozonefs/target/test-dir/MiniOzoneClusterImpl-8b918b52-c3dc-453c-9b69-212fa30732fd/datanode-0/data/ratis/5437968a-04e1-454c-bad2-8e18a29e9de7
2019-09-25 12:53:05,049 [pool-127-thread-1] INFO  server.RaftServerConfigKeys (ConfUtils.java:logGet(43)) - raft.server.log.queue.byte-limit = 2147483647 (custom)
2019-09-25 12:53:05,049 [pool-127-thread-1] INFO  server.RaftServerConfigKeys (ConfUtils.java:logGet(43)) - raft.server.log.queue.element-limit = 1024 (custom)
2019-09-25 12:53:05,049 [pool-127-thread-1] INFO  server.RaftServerConfigKeys (ConfUtils.java:logGet(43)) - raft.server.log.segment.size.max = 1048576 (custom)
2019-09-25 12:53:05,049 [pool-127-thread-1] INFO  server.RaftServerConfigKeys (ConfUtils.java:logGet(43)) - raft.server.log.preallocated.size = 16384 (custom)
2019-09-25 12:53:05,049 [pool-127-thread-1] INFO  server.RaftServerConfigKeys (ConfUtils.java:logGet(43)) - raft.server.log.write.buffer.size = 33554432 (custom)
2019-09-25 12:53:05,049 [pool-127-thread-1] INFO  server.RaftServerConfigKeys (ConfUtils.java:logGet(43)) - raft.server.log.force.sync.num = 128 (default)
2019-09-25 12:53:05,049 [pool-127-thread-1] INFO  server.RaftServerConfigKeys (ConfUtils.java:logGet(43)) - raft.server.log.statemachine.data.sync = true (default)
2019-09-25 12:53:05,050 [pool-127-thread-1] INFO  server.RaftServerConfigKeys (ConfUtils.java:logGet(43)) - raft.server.log.statemachine.data.sync.timeout = 10s (default)
2019-09-25 12:53:05,050 [pool-127-thread-1] INFO  server.RaftServerConfigKeys (ConfUtils.java:logGet(43)) - raft.server.log.statemachine.data.sync.timeout.retry = -1 (default)
2019-09-25 12:53:05,050 [pool-127-thread-1] INFO  server.RaftServerConfigKeys (ConfUtils.java:logGet(43)) - raft.server.log.statemachine.data.caching.enabled = true (custom)
2019-09-25 12:53:05,057 [pool-127-thread-1] INFO  segmented.SegmentedRaftLogWorker (SegmentedRaftLogWorker.java:lambda$new$0(132)) - 0ece0170-5656-4579-a5bc-428dc13df816@group-8E18A29E9DE7-SegmentedRaftLogWorker: flushIndex: setUnconditionally 0 -> -1
2019-09-25 12:53:05,058 [pool-127-thread-1] INFO  server.RaftServerConfigKeys (ConfUtils.java:logGet(43)) - raft.server.snapshot.auto.trigger.enabled = true (custom)
2019-09-25 12:53:05,058 [pool-127-thread-1] INFO  server.RaftServerConfigKeys (ConfUtils.java:logGet(43)) - raft.server.snapshot.auto.trigger.threshold = 10000 (custom)
2019-09-25 12:53:05,058 [pool-127-thread-1] INFO  server.RaftServerConfigKeys (ConfUtils.java:logGet(43)) - raft.server.snapshot.retention.num.files = 5 (custom)
2019-09-25 12:53:05,058 [pool-127-thread-1] INFO  server.RaftServerConfigKeys (ConfUtils.java:logGet(43)) - raft.server.retrycache.expirytime = 600000ms (custom)
2019-09-25 12:53:05,061 [pool-127-thread-1] INFO  impl.RaftServerImpl (RaftServerImpl.java:start(185)) - 0ece0170-5656-4579-a5bc-428dc13df816@group-8E18A29E9DE7: start as a follower, conf=-1: [0ece0170-5656-4579-a5bc-428dc13df816:192.168.151.73:41509], old=null
2019-09-25 12:53:05,061 [pool-127-thread-1] INFO  impl.RaftServerImpl (RaftServerImpl.java:setRole(174)) - 0ece0170-5656-4579-a5bc-428dc13df816@group-8E18A29E9DE7: changes role from      null to FOLLOWER at term 0 for startAsFollower
2019-09-25 12:53:05,061 [pool-127-thread-1] INFO  impl.RoleInfo (RoleInfo.java:updateAndGet(143)) - 0ece0170-5656-4579-a5bc-428dc13df816: start FollowerState
2019-09-25 12:53:05,061 [pool-127-thread-1] INFO  util.JmxRegister (JmxRegister.java:tryRegister(44)) - Successfully registered JMX Bean with object name Ratis:service=RaftServer,group=group-8E18A29E9DE7,id=0ece0170-5656-4579-a5bc-428dc13df816
2019-09-25 12:53:05,064 [RatisPipelineUtilsThread] INFO  pipeline.PipelineStateManager (PipelineStateManager.java:addPipeline(56)) - Created pipeline Pipeline[ Id: 5437968a-04e1-454c-bad2-8e18a29e9de7, Nodes: 0ece0170-5656-4579-a5bc-428dc13df816{ip: 192.168.151.73, host: pr-hdds-1569-shd4m-3693607622, networkLocation: /default-rack, certSerialId: null}, Type:RATIS, Factor:ONE, State:OPEN]
2019-09-25 12:53:05,070 [grpc-default-executor-0] INFO  impl.RaftServerProxy (RaftServerProxy.java:addNew(89)) - ceb95c4b-9640-4cd4-a4be-8ff2d64e56e1: addNew group-AC877E035011:[ceb95c4b-9640-4cd4-a4be-8ff2d64e56e1:192.168.151.73:36990] returns group-AC877E035011:java.util.concurrent.CompletableFuture@3a55c8ea[Not completed]
2019-09-25 12:53:05,071 [pool-137-thread-1] INFO  impl.RaftServerImpl (RaftServerImpl.java:<init>(95)) - ceb95c4b-9640-4cd4-a4be-8ff2d64e56e1: new RaftServerImpl for group-AC877E035011:[ceb95c4b-9640-4cd4-a4be-8ff2d64e56e1:192.168.151.73:36990] with ContainerStateMachine:uninitialized
2019-09-25 12:53:05,071 [pool-137-thread-1] INFO  server.RaftServerConfigKeys (ConfUtils.java:logGet(43)) - raft.server.rpc.timeout.min = 5s (custom)
2019-09-25 12:53:05,071 [pool-137-thread-1] INFO  server.RaftServerConfigKeys (ConfUtils.java:logGet(43)) - raft.server.rpc.timeout.max = 5200ms (custom)
2019-09-25 12:53:05,071 [pool-137-thread-1] INFO  server.RaftServerConfigKeys (ConfUtils.java:logGet(43)) - raft.server.rpcslowness.timeout = 120s (custom)
2019-09-25 12:53:05,072 [pool-137-thread-1] INFO  server.RaftServerConfigKeys (ConfUtils.java:logGet(43)) - raft.server.sleep.deviation.threshold = 300 (default)
2019-09-25 12:53:05,072 [pool-137-thread-1] INFO  server.RaftServerConfigKeys (ConfUtils.java:logGet(43)) - raft.server.log.appender.install.snapshot.enabled = false (custom)
2019-09-25 12:53:05,072 [pool-137-thread-1] INFO  impl.RaftServerImpl (ServerState.java:<init>(103)) - ceb95c4b-9640-4cd4-a4be-8ff2d64e56e1@group-AC877E035011: ConfigurationManager, init=-1: [ceb95c4b-9640-4cd4-a4be-8ff2d64e56e1:192.168.151.73:36990], old=null, confs=<EMPTY_MAP>
2019-09-25 12:53:05,072 [pool-137-thread-1] INFO  server.RaftServerConfigKeys (ConfUtils.java:logGet(43)) - raft.server.storage.dir = [/workdir/hadoop-ozone/ozonefs/target/test-dir/MiniOzoneClusterImpl-8b918b52-c3dc-453c-9b69-212fa30732fd/datanode-1/data/ratis] (custom)
2019-09-25 12:53:05,072 [pool-137-thread-1] INFO  storage.RaftStorageDirectory (RaftStorageDirectory.java:analyzeStorage(246)) - The storage directory /workdir/hadoop-ozone/ozonefs/target/test-dir/MiniOzoneClusterImpl-8b918b52-c3dc-453c-9b69-212fa30732fd/datanode-1/data/ratis/2ff95b41-c470-445c-8a9b-ac877e035011 does not exist. Creating ...
2019-09-25 12:53:05,076 [pool-137-thread-1] INFO  storage.RaftStorageDirectory (RaftStorageDirectory.java:tryLock(328)) - Lock on /workdir/hadoop-ozone/ozonefs/target/test-dir/MiniOzoneClusterImpl-8b918b52-c3dc-453c-9b69-212fa30732fd/datanode-1/data/ratis/2ff95b41-c470-445c-8a9b-ac877e035011/in_use.lock acquired by nodename 3512@pr-hdds-1569-shd4m-3693607622
2019-09-25 12:53:05,081 [pool-137-thread-1] INFO  storage.RaftStorage (RaftStorage.java:format(72)) - Storage directory /workdir/hadoop-ozone/ozonefs/target/test-dir/MiniOzoneClusterImpl-8b918b52-c3dc-453c-9b69-212fa30732fd/datanode-1/data/ratis/2ff95b41-c470-445c-8a9b-ac877e035011 has been successfully formatted.
2019-09-25 12:53:05,081 [pool-137-thread-1] INFO  ratis.ContainerStateMachine (ContainerStateMachine.java:loadSnapshot(230)) - group-AC877E035011: The snapshot info is null. Setting the last applied indexto:(t:0, i:~)
2019-09-25 12:53:05,081 [pool-137-thread-1] INFO  server.RaftServerConfigKeys (ConfUtils.java:logGet(43)) - raft.server.notification.no-leader.timeout = 120s (custom)
2019-09-25 12:53:05,081 [pool-137-thread-1] INFO  server.RaftServerConfigKeys (ConfUtils.java:logGet(43)) - raft.server.log.use.memory = false (default)
2019-09-25 12:53:05,081 [pool-137-thread-1] INFO  server.RaftServerConfigKeys (ConfUtils.java:logGet(43)) - raft.server.log.purge.gap = 1000000 (custom)
2019-09-25 12:53:05,082 [pool-137-thread-1] INFO  server.RaftServerConfigKeys (ConfUtils.java:logGet(43)) - raft.server.log.appender.buffer.byte-limit = 33554432 (custom)
2019-09-25 12:53:05,082 [pool-137-thread-1] INFO  server.RaftServerConfigKeys (ConfUtils.java:logGet(43)) - raft.server.log.segment.size.max = 1048576 (custom)
2019-09-25 12:53:05,082 [pool-137-thread-1] INFO  server.RaftServerConfigKeys (ConfUtils.java:logGet(43)) - raft.server.log.segment.cache.num.max = 2 (custom)
2019-09-25 12:53:05,082 [pool-137-thread-1] INFO  segmented.SegmentedRaftLogWorker (SegmentedRaftLogWorker.java:<init>(172)) - new ceb95c4b-9640-4cd4-a4be-8ff2d64e56e1@group-AC877E035011-SegmentedRaftLogWorker for RaftStorage:Storage Directory /workdir/hadoop-ozone/ozonefs/target/test-dir/MiniOzoneClusterImpl-8b918b52-c3dc-453c-9b69-212fa30732fd/datanode-1/data/ratis/2ff95b41-c470-445c-8a9b-ac877e035011
2019-09-25 12:53:05,082 [pool-137-thread-1] INFO  server.RaftServerConfigKeys (ConfUtils.java:logGet(43)) - raft.server.log.queue.byte-limit = 2147483647 (custom)
2019-09-25 12:53:05,082 [pool-137-thread-1] INFO  server.RaftServerConfigKeys (ConfUtils.java:logGet(43)) - raft.server.log.queue.element-limit = 1024 (custom)
2019-09-25 12:53:05,082 [pool-137-thread-1] INFO  server.RaftServerConfigKeys (ConfUtils.java:logGet(43)) - raft.server.log.segment.size.max = 1048576 (custom)
2019-09-25 12:53:05,082 [pool-137-thread-1] INFO  server.RaftServerConfigKeys (ConfUtils.java:logGet(43)) - raft.server.log.preallocated.size = 16384 (custom)
2019-09-25 12:53:05,083 [pool-137-thread-1] INFO  server.RaftServerConfigKeys (ConfUtils.java:logGet(43)) - raft.server.log.write.buffer.size = 33554432 (custom)
2019-09-25 12:53:05,083 [pool-137-thread-1] INFO  server.RaftServerConfigKeys (ConfUtils.java:logGet(43)) - raft.server.log.force.sync.num = 128 (default)
2019-09-25 12:53:05,083 [pool-137-thread-1] INFO  server.RaftServerConfigKeys (ConfUtils.java:logGet(43)) - raft.server.log.statemachine.data.sync = true (default)
2019-09-25 12:53:05,083 [pool-137-thread-1] INFO  server.RaftServerConfigKeys (ConfUtils.java:logGet(43)) - raft.server.log.statemachine.data.sync.timeout = 10s (default)
2019-09-25 12:53:05,083 [pool-137-thread-1] INFO  server.RaftServerConfigKeys (ConfUtils.java:logGet(43)) - raft.server.log.statemachine.data.sync.timeout.retry = -1 (default)
2019-09-25 12:53:05,083 [pool-137-thread-1] INFO  server.RaftServerConfigKeys (ConfUtils.java:logGet(43)) - raft.server.log.statemachine.data.caching.enabled = true (custom)
2019-09-25 12:53:05,084 [pool-137-thread-1] INFO  segmented.SegmentedRaftLogWorker (SegmentedRaftLogWorker.java:lambda$new$0(132)) - ceb95c4b-9640-4cd4-a4be-8ff2d64e56e1@group-AC877E035011-SegmentedRaftLogWorker: flushIndex: setUnconditionally 0 -> -1
2019-09-25 12:53:05,084 [pool-137-thread-1] INFO  server.RaftServerConfigKeys (ConfUtils.java:logGet(43)) - raft.server.snapshot.auto.trigger.enabled = true (custom)
2019-09-25 12:53:05,084 [pool-137-thread-1] INFO  server.RaftServerConfigKeys (ConfUtils.java:logGet(43)) - raft.server.snapshot.auto.trigger.threshold = 10000 (custom)
2019-09-25 12:53:05,084 [pool-137-thread-1] INFO  server.RaftServerConfigKeys (ConfUtils.java:logGet(43)) - raft.server.snapshot.retention.num.files = 5 (custom)
2019-09-25 12:53:05,084 [pool-137-thread-1] INFO  server.RaftServerConfigKeys (ConfUtils.java:logGet(43)) - raft.server.retrycache.expirytime = 600000ms (custom)
2019-09-25 12:53:05,086 [pool-137-thread-1] INFO  impl.RaftServerImpl (RaftServerImpl.java:start(185)) - ceb95c4b-9640-4cd4-a4be-8ff2d64e56e1@group-AC877E035011: start as a follower, conf=-1: [ceb95c4b-9640-4cd4-a4be-8ff2d64e56e1:192.168.151.73:36990], old=null
2019-09-25 12:53:05,087 [pool-137-thread-1] INFO  impl.RaftServerImpl (RaftServerImpl.java:setRole(174)) - ceb95c4b-9640-4cd4-a4be-8ff2d64e56e1@group-AC877E035011: changes role from      null to FOLLOWER at term 0 for startAsFollower
2019-09-25 12:53:05,087 [pool-137-thread-1] INFO  impl.RoleInfo (RoleInfo.java:updateAndGet(143)) - ceb95c4b-9640-4cd4-a4be-8ff2d64e56e1: start FollowerState
2019-09-25 12:53:05,087 [pool-137-thread-1] INFO  util.JmxRegister (JmxRegister.java:tryRegister(44)) - Successfully registered JMX Bean with object name Ratis:service=RaftServer,group=group-AC877E035011,id=ceb95c4b-9640-4cd4-a4be-8ff2d64e56e1
2019-09-25 12:53:05,090 [RatisPipelineUtilsThread] INFO  pipeline.PipelineStateManager (PipelineStateManager.java:addPipeline(56)) - Created pipeline Pipeline[ Id: 2ff95b41-c470-445c-8a9b-ac877e035011, Nodes: ceb95c4b-9640-4cd4-a4be-8ff2d64e56e1{ip: 192.168.151.73, host: pr-hdds-1569-shd4m-3693607622, networkLocation: /default-rack, certSerialId: null}, Type:RATIS, Factor:ONE, State:OPEN]
2019-09-25 12:53:05,098 [grpc-default-executor-0] INFO  impl.RaftServerProxy (RaftServerProxy.java:addNew(89)) - 79f8f252-68fb-48a7-ad36-a66b8b99f572: addNew group-F4C0F883BDA5:[79f8f252-68fb-48a7-ad36-a66b8b99f572:192.168.151.73:38046] returns group-F4C0F883BDA5:java.util.concurrent.CompletableFuture@32542420[Not completed]
2019-09-25 12:53:05,099 [pool-147-thread-1] INFO  impl.RaftServerImpl (RaftServerImpl.java:<init>(95)) - 79f8f252-68fb-48a7-ad36-a66b8b99f572: new RaftServerImpl for group-F4C0F883BDA5:[79f8f252-68fb-48a7-ad36-a66b8b99f572:192.168.151.73:38046] with ContainerStateMachine:uninitialized
2019-09-25 12:53:05,100 [pool-147-thread-1] INFO  server.RaftServerConfigKeys (ConfUtils.java:logGet(43)) - raft.server.rpc.timeout.min = 5s (custom)
2019-09-25 12:53:05,100 [pool-147-thread-1] INFO  server.RaftServerConfigKeys (ConfUtils.java:logGet(43)) - raft.server.rpc.timeout.max = 5200ms (custom)
2019-09-25 12:53:05,100 [pool-147-thread-1] INFO  server.RaftServerConfigKeys (ConfUtils.java:logGet(43)) - raft.server.rpcslowness.timeout = 120s (custom)
2019-09-25 12:53:05,100 [pool-147-thread-1] INFO  server.RaftServerConfigKeys (ConfUtils.java:logGet(43)) - raft.server.sleep.deviation.threshold = 300 (default)
2019-09-25 12:53:05,100 [pool-147-thread-1] INFO  server.RaftServerConfigKeys (ConfUtils.java:logGet(43)) - raft.server.log.appender.install.snapshot.enabled = false (custom)
2019-09-25 12:53:05,100 [pool-147-thread-1] INFO  impl.RaftServerImpl (ServerState.java:<init>(103)) - 79f8f252-68fb-48a7-ad36-a66b8b99f572@group-F4C0F883BDA5: ConfigurationManager, init=-1: [79f8f252-68fb-48a7-ad36-a66b8b99f572:192.168.151.73:38046], old=null, confs=<EMPTY_MAP>
2019-09-25 12:53:05,100 [pool-147-thread-1] INFO  server.RaftServerConfigKeys (ConfUtils.java:logGet(43)) - raft.server.storage.dir = [/workdir/hadoop-ozone/ozonefs/target/test-dir/MiniOzoneClusterImpl-8b918b52-c3dc-453c-9b69-212fa30732fd/datanode-2/data/ratis] (custom)
2019-09-25 12:53:05,101 [pool-147-thread-1] INFO  storage.RaftStorageDirectory (RaftStorageDirectory.java:analyzeStorage(246)) - The storage directory /workdir/hadoop-ozone/ozonefs/target/test-dir/MiniOzoneClusterImpl-8b918b52-c3dc-453c-9b69-212fa30732fd/datanode-2/data/ratis/9ded2ea3-b334-4f93-99cc-f4c0f883bda5 does not exist. Creating ...
2019-09-25 12:53:05,112 [pool-147-thread-1] INFO  storage.RaftStorageDirectory (RaftStorageDirectory.java:tryLock(328)) - Lock on /workdir/hadoop-ozone/ozonefs/target/test-dir/MiniOzoneClusterImpl-8b918b52-c3dc-453c-9b69-212fa30732fd/datanode-2/data/ratis/9ded2ea3-b334-4f93-99cc-f4c0f883bda5/in_use.lock acquired by nodename 3512@pr-hdds-1569-shd4m-3693607622
2019-09-25 12:53:05,115 [pool-147-thread-1] INFO  storage.RaftStorage (RaftStorage.java:format(72)) - Storage directory /workdir/hadoop-ozone/ozonefs/target/test-dir/MiniOzoneClusterImpl-8b918b52-c3dc-453c-9b69-212fa30732fd/datanode-2/data/ratis/9ded2ea3-b334-4f93-99cc-f4c0f883bda5 has been successfully formatted.
2019-09-25 12:53:05,115 [pool-147-thread-1] INFO  ratis.ContainerStateMachine (ContainerStateMachine.java:loadSnapshot(230)) - group-F4C0F883BDA5: The snapshot info is null. Setting the last applied indexto:(t:0, i:~)
2019-09-25 12:53:05,115 [pool-147-thread-1] INFO  server.RaftServerConfigKeys (ConfUtils.java:logGet(43)) - raft.server.notification.no-leader.timeout = 120s (custom)
2019-09-25 12:53:05,115 [pool-147-thread-1] INFO  server.RaftServerConfigKeys (ConfUtils.java:logGet(43)) - raft.server.log.use.memory = false (default)
2019-09-25 12:53:05,116 [pool-147-thread-1] INFO  server.RaftServerConfigKeys (ConfUtils.java:logGet(43)) - raft.server.log.purge.gap = 1000000 (custom)
2019-09-25 12:53:05,116 [pool-147-thread-1] INFO  server.RaftServerConfigKeys (ConfUtils.java:logGet(43)) - raft.server.log.appender.buffer.byte-limit = 33554432 (custom)
2019-09-25 12:53:05,116 [pool-147-thread-1] INFO  server.RaftServerConfigKeys (ConfUtils.java:logGet(43)) - raft.server.log.segment.size.max = 1048576 (custom)
2019-09-25 12:53:05,116 [pool-147-thread-1] INFO  server.RaftServerConfigKeys (ConfUtils.java:logGet(43)) - raft.server.log.segment.cache.num.max = 2 (custom)
2019-09-25 12:53:05,116 [pool-147-thread-1] INFO  segmented.SegmentedRaftLogWorker (SegmentedRaftLogWorker.java:<init>(172)) - new 79f8f252-68fb-48a7-ad36-a66b8b99f572@group-F4C0F883BDA5-SegmentedRaftLogWorker for RaftStorage:Storage Directory /workdir/hadoop-ozone/ozonefs/target/test-dir/MiniOzoneClusterImpl-8b918b52-c3dc-453c-9b69-212fa30732fd/datanode-2/data/ratis/9ded2ea3-b334-4f93-99cc-f4c0f883bda5
2019-09-25 12:53:05,118 [pool-147-thread-1] INFO  server.RaftServerConfigKeys (ConfUtils.java:logGet(43)) - raft.server.log.queue.byte-limit = 2147483647 (custom)
2019-09-25 12:53:05,118 [pool-147-thread-1] INFO  server.RaftServerConfigKeys (ConfUtils.java:logGet(43)) - raft.server.log.queue.element-limit = 1024 (custom)
2019-09-25 12:53:05,118 [pool-147-thread-1] INFO  server.RaftServerConfigKeys (ConfUtils.java:logGet(43)) - raft.server.log.segment.size.max = 1048576 (custom)
2019-09-25 12:53:05,118 [pool-147-thread-1] INFO  server.RaftServerConfigKeys (ConfUtils.java:logGet(43)) - raft.server.log.preallocated.size = 16384 (custom)
2019-09-25 12:53:05,118 [pool-147-thread-1] INFO  server.RaftServerConfigKeys (ConfUtils.java:logGet(43)) - raft.server.log.write.buffer.size = 33554432 (custom)
2019-09-25 12:53:05,119 [pool-147-thread-1] INFO  server.RaftServerConfigKeys (ConfUtils.java:logGet(43)) - raft.server.log.force.sync.num = 128 (default)
2019-09-25 12:53:05,119 [pool-147-thread-1] INFO  server.RaftServerConfigKeys (ConfUtils.java:logGet(43)) - raft.server.log.statemachine.data.sync = true (default)
2019-09-25 12:53:05,119 [pool-147-thread-1] INFO  server.RaftServerConfigKeys (ConfUtils.java:logGet(43)) - raft.server.log.statemachine.data.sync.timeout = 10s (default)
2019-09-25 12:53:05,119 [pool-147-thread-1] INFO  server.RaftServerConfigKeys (ConfUtils.java:logGet(43)) - raft.server.log.statemachine.data.sync.timeout.retry = -1 (default)
2019-09-25 12:53:05,119 [pool-147-thread-1] INFO  server.RaftServerConfigKeys (ConfUtils.java:logGet(43)) - raft.server.log.statemachine.data.caching.enabled = true (custom)
2019-09-25 12:53:05,119 [pool-147-thread-1] INFO  segmented.SegmentedRaftLogWorker (SegmentedRaftLogWorker.java:lambda$new$0(132)) - 79f8f252-68fb-48a7-ad36-a66b8b99f572@group-F4C0F883BDA5-SegmentedRaftLogWorker: flushIndex: setUnconditionally 0 -> -1
2019-09-25 12:53:05,120 [pool-147-thread-1] INFO  server.RaftServerConfigKeys (ConfUtils.java:logGet(43)) - raft.server.snapshot.auto.trigger.enabled = true (custom)
2019-09-25 12:53:05,120 [pool-147-thread-1] INFO  server.RaftServerConfigKeys (ConfUtils.java:logGet(43)) - raft.server.snapshot.auto.trigger.threshold = 10000 (custom)
2019-09-25 12:53:05,120 [pool-147-thread-1] INFO  server.RaftServerConfigKeys (ConfUtils.java:logGet(43)) - raft.server.snapshot.retention.num.files = 5 (custom)
2019-09-25 12:53:05,120 [pool-147-thread-1] INFO  server.RaftServerConfigKeys (ConfUtils.java:logGet(43)) - raft.server.retrycache.expirytime = 600000ms (custom)
2019-09-25 12:53:05,122 [pool-147-thread-1] INFO  impl.RaftServerImpl (RaftServerImpl.java:start(185)) - 79f8f252-68fb-48a7-ad36-a66b8b99f572@group-F4C0F883BDA5: start as a follower, conf=-1: [79f8f252-68fb-48a7-ad36-a66b8b99f572:192.168.151.73:38046], old=null
2019-09-25 12:53:05,122 [pool-147-thread-1] INFO  impl.RaftServerImpl (RaftServerImpl.java:setRole(174)) - 79f8f252-68fb-48a7-ad36-a66b8b99f572@group-F4C0F883BDA5: changes role from      null to FOLLOWER at term 0 for startAsFollower
2019-09-25 12:53:05,122 [pool-147-thread-1] INFO  impl.RoleInfo (RoleInfo.java:updateAndGet(143)) - 79f8f252-68fb-48a7-ad36-a66b8b99f572: start FollowerState
2019-09-25 12:53:05,122 [pool-147-thread-1] INFO  util.JmxRegister (JmxRegister.java:tryRegister(44)) - Successfully registered JMX Bean with object name Ratis:service=RaftServer,group=group-F4C0F883BDA5,id=79f8f252-68fb-48a7-ad36-a66b8b99f572
2019-09-25 12:53:05,125 [RatisPipelineUtilsThread] INFO  pipeline.PipelineStateManager (PipelineStateManager.java:addPipeline(56)) - Created pipeline Pipeline[ Id: 9ded2ea3-b334-4f93-99cc-f4c0f883bda5, Nodes: 79f8f252-68fb-48a7-ad36-a66b8b99f572{ip: 192.168.151.73, host: pr-hdds-1569-shd4m-3693607622, networkLocation: /default-rack, certSerialId: null}, Type:RATIS, Factor:ONE, State:OPEN]
2019-09-25 12:53:05,130 [grpc-default-executor-0] INFO  impl.RaftServerProxy (RaftServerProxy.java:addNew(89)) - ceb95c4b-9640-4cd4-a4be-8ff2d64e56e1: addNew group-E4DAF118D6AD:[ceb95c4b-9640-4cd4-a4be-8ff2d64e56e1:192.168.151.73:36990] returns group-E4DAF118D6AD:java.util.concurrent.CompletableFuture@2468caab[Not completed]
2019-09-25 12:53:05,131 [pool-137-thread-1] INFO  impl.RaftServerImpl (RaftServerImpl.java:<init>(95)) - ceb95c4b-9640-4cd4-a4be-8ff2d64e56e1: new RaftServerImpl for group-E4DAF118D6AD:[ceb95c4b-9640-4cd4-a4be-8ff2d64e56e1:192.168.151.73:36990] with ContainerStateMachine:uninitialized
2019-09-25 12:53:05,131 [pool-137-thread-1] INFO  server.RaftServerConfigKeys (ConfUtils.java:logGet(43)) - raft.server.rpc.timeout.min = 5s (custom)
2019-09-25 12:53:05,131 [pool-137-thread-1] INFO  server.RaftServerConfigKeys (ConfUtils.java:logGet(43)) - raft.server.rpc.timeout.max = 5200ms (custom)
2019-09-25 12:53:05,131 [pool-137-thread-1] INFO  server.RaftServerConfigKeys (ConfUtils.java:logGet(43)) - raft.server.rpcslowness.timeout = 120s (custom)
2019-09-25 12:53:05,131 [pool-137-thread-1] INFO  server.RaftServerConfigKeys (ConfUtils.java:logGet(43)) - raft.server.sleep.deviation.threshold = 300 (default)
2019-09-25 12:53:05,131 [pool-137-thread-1] INFO  server.RaftServerConfigKeys (ConfUtils.java:logGet(43)) - raft.server.log.appender.install.snapshot.enabled = false (custom)
2019-09-25 12:53:05,131 [pool-137-thread-1] INFO  impl.RaftServerImpl (ServerState.java:<init>(103)) - ceb95c4b-9640-4cd4-a4be-8ff2d64e56e1@group-E4DAF118D6AD: ConfigurationManager, init=-1: [ceb95c4b-9640-4cd4-a4be-8ff2d64e56e1:192.168.151.73:36990], old=null, confs=<EMPTY_MAP>
2019-09-25 12:53:05,132 [pool-137-thread-1] INFO  server.RaftServerConfigKeys (ConfUtils.java:logGet(43)) - raft.server.storage.dir = [/workdir/hadoop-ozone/ozonefs/target/test-dir/MiniOzoneClusterImpl-8b918b52-c3dc-453c-9b69-212fa30732fd/datanode-1/data/ratis] (custom)
2019-09-25 12:53:05,132 [pool-137-thread-1] INFO  storage.RaftStorageDirectory (RaftStorageDirectory.java:analyzeStorage(246)) - The storage directory /workdir/hadoop-ozone/ozonefs/target/test-dir/MiniOzoneClusterImpl-8b918b52-c3dc-453c-9b69-212fa30732fd/datanode-1/data/ratis/5e2feed2-56a3-4d81-be0c-e4daf118d6ad does not exist. Creating ...
2019-09-25 12:53:05,138 [pool-137-thread-1] INFO  storage.RaftStorageDirectory (RaftStorageDirectory.java:tryLock(328)) - Lock on /workdir/hadoop-ozone/ozonefs/target/test-dir/MiniOzoneClusterImpl-8b918b52-c3dc-453c-9b69-212fa30732fd/datanode-1/data/ratis/5e2feed2-56a3-4d81-be0c-e4daf118d6ad/in_use.lock acquired by nodename 3512@pr-hdds-1569-shd4m-3693607622
2019-09-25 12:53:05,160 [pool-137-thread-1] INFO  storage.RaftStorage (RaftStorage.java:format(72)) - Storage directory /workdir/hadoop-ozone/ozonefs/target/test-dir/MiniOzoneClusterImpl-8b918b52-c3dc-453c-9b69-212fa30732fd/datanode-1/data/ratis/5e2feed2-56a3-4d81-be0c-e4daf118d6ad has been successfully formatted.
2019-09-25 12:53:05,161 [pool-137-thread-1] INFO  ratis.ContainerStateMachine (ContainerStateMachine.java:loadSnapshot(230)) - group-E4DAF118D6AD: The snapshot info is null. Setting the last applied indexto:(t:0, i:~)
2019-09-25 12:53:05,161 [pool-137-thread-1] INFO  server.RaftServerConfigKeys (ConfUtils.java:logGet(43)) - raft.server.notification.no-leader.timeout = 120s (custom)
2019-09-25 12:53:05,161 [pool-137-thread-1] INFO  server.RaftServerConfigKeys (ConfUtils.java:logGet(43)) - raft.server.log.use.memory = false (default)
2019-09-25 12:53:05,161 [pool-137-thread-1] INFO  server.RaftServerConfigKeys (ConfUtils.java:logGet(43)) - raft.server.log.purge.gap = 1000000 (custom)
2019-09-25 12:53:05,161 [pool-137-thread-1] INFO  server.RaftServerConfigKeys (ConfUtils.java:logGet(43)) - raft.server.log.appender.buffer.byte-limit = 33554432 (custom)
2019-09-25 12:53:05,161 [pool-137-thread-1] INFO  server.RaftServerConfigKeys (ConfUtils.java:logGet(43)) - raft.server.log.segment.size.max = 1048576 (custom)
2019-09-25 12:53:05,161 [pool-137-thread-1] INFO  server.RaftServerConfigKeys (ConfUtils.java:logGet(43)) - raft.server.log.segment.cache.num.max = 2 (custom)
2019-09-25 12:53:05,161 [pool-137-thread-1] INFO  segmented.SegmentedRaftLogWorker (SegmentedRaftLogWorker.java:<init>(172)) - new ceb95c4b-9640-4cd4-a4be-8ff2d64e56e1@group-E4DAF118D6AD-SegmentedRaftLogWorker for RaftStorage:Storage Directory /workdir/hadoop-ozone/ozonefs/target/test-dir/MiniOzoneClusterImpl-8b918b52-c3dc-453c-9b69-212fa30732fd/datanode-1/data/ratis/5e2feed2-56a3-4d81-be0c-e4daf118d6ad
2019-09-25 12:53:05,161 [pool-137-thread-1] INFO  server.RaftServerConfigKeys (ConfUtils.java:logGet(43)) - raft.server.log.queue.byte-limit = 2147483647 (custom)
2019-09-25 12:53:05,162 [pool-137-thread-1] INFO  server.RaftServerConfigKeys (ConfUtils.java:logGet(43)) - raft.server.log.queue.element-limit = 1024 (custom)
2019-09-25 12:53:05,162 [pool-137-thread-1] INFO  server.RaftServerConfigKeys (ConfUtils.java:logGet(43)) - raft.server.log.segment.size.max = 1048576 (custom)
2019-09-25 12:53:05,162 [pool-137-thread-1] INFO  server.RaftServerConfigKeys (ConfUtils.java:logGet(43)) - raft.server.log.preallocated.size = 16384 (custom)
2019-09-25 12:53:05,162 [pool-137-thread-1] INFO  server.RaftServerConfigKeys (ConfUtils.java:logGet(43)) - raft.server.log.write.buffer.size = 33554432 (custom)
2019-09-25 12:53:05,162 [pool-137-thread-1] INFO  server.RaftServerConfigKeys (ConfUtils.java:logGet(43)) - raft.server.log.force.sync.num = 128 (default)
2019-09-25 12:53:05,162 [pool-137-thread-1] INFO  server.RaftServerConfigKeys (ConfUtils.java:logGet(43)) - raft.server.log.statemachine.data.sync = true (default)
2019-09-25 12:53:05,162 [pool-137-thread-1] INFO  server.RaftServerConfigKeys (ConfUtils.java:logGet(43)) - raft.server.log.statemachine.data.sync.timeout = 10s (default)
2019-09-25 12:53:05,162 [pool-137-thread-1] INFO  server.RaftServerConfigKeys (ConfUtils.java:logGet(43)) - raft.server.log.statemachine.data.sync.timeout.retry = -1 (default)
2019-09-25 12:53:05,162 [pool-137-thread-1] INFO  server.RaftServerConfigKeys (ConfUtils.java:logGet(43)) - raft.server.log.statemachine.data.caching.enabled = true (custom)
2019-09-25 12:53:05,163 [pool-137-thread-1] INFO  segmented.SegmentedRaftLogWorker (SegmentedRaftLogWorker.java:lambda$new$0(132)) - ceb95c4b-9640-4cd4-a4be-8ff2d64e56e1@group-E4DAF118D6AD-SegmentedRaftLogWorker: flushIndex: setUnconditionally 0 -> -1
2019-09-25 12:53:05,163 [pool-137-thread-1] INFO  server.RaftServerConfigKeys (ConfUtils.java:logGet(43)) - raft.server.snapshot.auto.trigger.enabled = true (custom)
2019-09-25 12:53:05,163 [pool-137-thread-1] INFO  server.RaftServerConfigKeys (ConfUtils.java:logGet(43)) - raft.server.snapshot.auto.trigger.threshold = 10000 (custom)
2019-09-25 12:53:05,163 [pool-137-thread-1] INFO  server.RaftServerConfigKeys (ConfUtils.java:logGet(43)) - raft.server.snapshot.retention.num.files = 5 (custom)
2019-09-25 12:53:05,163 [pool-137-thread-1] INFO  server.RaftServerConfigKeys (ConfUtils.java:logGet(43)) - raft.server.retrycache.expirytime = 600000ms (custom)
2019-09-25 12:53:05,165 [pool-137-thread-1] INFO  impl.RaftServerImpl (RaftServerImpl.java:start(185)) - ceb95c4b-9640-4cd4-a4be-8ff2d64e56e1@group-E4DAF118D6AD: start as a follower, conf=-1: [ceb95c4b-9640-4cd4-a4be-8ff2d64e56e1:192.168.151.73:36990], old=null
2019-09-25 12:53:05,165 [pool-137-thread-1] INFO  impl.RaftServerImpl (RaftServerImpl.java:setRole(174)) - ceb95c4b-9640-4cd4-a4be-8ff2d64e56e1@group-E4DAF118D6AD: changes role from      null to FOLLOWER at term 0 for startAsFollower
2019-09-25 12:53:05,165 [pool-137-thread-1] INFO  impl.RoleInfo (RoleInfo.java:updateAndGet(143)) - ceb95c4b-9640-4cd4-a4be-8ff2d64e56e1: start FollowerState
2019-09-25 12:53:05,165 [pool-137-thread-1] INFO  util.JmxRegister (JmxRegister.java:tryRegister(44)) - Successfully registered JMX Bean with object name Ratis:service=RaftServer,group=group-E4DAF118D6AD,id=ceb95c4b-9640-4cd4-a4be-8ff2d64e56e1
2019-09-25 12:53:05,168 [RatisPipelineUtilsThread] INFO  pipeline.PipelineStateManager (PipelineStateManager.java:addPipeline(56)) - Created pipeline Pipeline[ Id: 5e2feed2-56a3-4d81-be0c-e4daf118d6ad, Nodes: ceb95c4b-9640-4cd4-a4be-8ff2d64e56e1{ip: 192.168.151.73, host: pr-hdds-1569-shd4m-3693607622, networkLocation: /default-rack, certSerialId: null}, Type:RATIS, Factor:ONE, State:OPEN]
2019-09-25 12:53:05,174 [grpc-default-executor-0] INFO  impl.RaftServerProxy (RaftServerProxy.java:addNew(89)) - 0ece0170-5656-4579-a5bc-428dc13df816: addNew group-313FB52AE114:[0ece0170-5656-4579-a5bc-428dc13df816:192.168.151.73:41509] returns group-313FB52AE114:java.util.concurrent.CompletableFuture@79b74c6c[Not completed]
2019-09-25 12:53:05,175 [pool-127-thread-1] INFO  impl.RaftServerImpl (RaftServerImpl.java:<init>(95)) - 0ece0170-5656-4579-a5bc-428dc13df816: new RaftServerImpl for group-313FB52AE114:[0ece0170-5656-4579-a5bc-428dc13df816:192.168.151.73:41509] with ContainerStateMachine:uninitialized
2019-09-25 12:53:05,175 [pool-127-thread-1] INFO  server.RaftServerConfigKeys (ConfUtils.java:logGet(43)) - raft.server.rpc.timeout.min = 5s (custom)
2019-09-25 12:53:05,175 [pool-127-thread-1] INFO  server.RaftServerConfigKeys (ConfUtils.java:logGet(43)) - raft.server.rpc.timeout.max = 5200ms (custom)
2019-09-25 12:53:05,175 [pool-127-thread-1] INFO  server.RaftServerConfigKeys (ConfUtils.java:logGet(43)) - raft.server.rpcslowness.timeout = 120s (custom)
2019-09-25 12:53:05,175 [pool-127-thread-1] INFO  server.RaftServerConfigKeys (ConfUtils.java:logGet(43)) - raft.server.sleep.deviation.threshold = 300 (default)
2019-09-25 12:53:05,175 [pool-127-thread-1] INFO  server.RaftServerConfigKeys (ConfUtils.java:logGet(43)) - raft.server.log.appender.install.snapshot.enabled = false (custom)
2019-09-25 12:53:05,175 [pool-127-thread-1] INFO  impl.RaftServerImpl (ServerState.java:<init>(103)) - 0ece0170-5656-4579-a5bc-428dc13df816@group-313FB52AE114: ConfigurationManager, init=-1: [0ece0170-5656-4579-a5bc-428dc13df816:192.168.151.73:41509], old=null, confs=<EMPTY_MAP>
2019-09-25 12:53:05,175 [pool-127-thread-1] INFO  server.RaftServerConfigKeys (ConfUtils.java:logGet(43)) - raft.server.storage.dir = [/workdir/hadoop-ozone/ozonefs/target/test-dir/MiniOzoneClusterImpl-8b918b52-c3dc-453c-9b69-212fa30732fd/datanode-0/data/ratis] (custom)
2019-09-25 12:53:05,176 [pool-127-thread-1] INFO  storage.RaftStorageDirectory (RaftStorageDirectory.java:analyzeStorage(246)) - The storage directory /workdir/hadoop-ozone/ozonefs/target/test-dir/MiniOzoneClusterImpl-8b918b52-c3dc-453c-9b69-212fa30732fd/datanode-0/data/ratis/e3a0d805-8810-45b1-9d38-313fb52ae114 does not exist. Creating ...
2019-09-25 12:53:05,198 [pool-127-thread-1] INFO  storage.RaftStorageDirectory (RaftStorageDirectory.java:tryLock(328)) - Lock on /workdir/hadoop-ozone/ozonefs/target/test-dir/MiniOzoneClusterImpl-8b918b52-c3dc-453c-9b69-212fa30732fd/datanode-0/data/ratis/e3a0d805-8810-45b1-9d38-313fb52ae114/in_use.lock acquired by nodename 3512@pr-hdds-1569-shd4m-3693607622
2019-09-25 12:53:05,221 [pool-127-thread-1] INFO  storage.RaftStorage (RaftStorage.java:format(72)) - Storage directory /workdir/hadoop-ozone/ozonefs/target/test-dir/MiniOzoneClusterImpl-8b918b52-c3dc-453c-9b69-212fa30732fd/datanode-0/data/ratis/e3a0d805-8810-45b1-9d38-313fb52ae114 has been successfully formatted.
2019-09-25 12:53:05,222 [pool-127-thread-1] INFO  ratis.ContainerStateMachine (ContainerStateMachine.java:loadSnapshot(230)) - group-313FB52AE114: The snapshot info is null. Setting the last applied indexto:(t:0, i:~)
2019-09-25 12:53:05,222 [pool-127-thread-1] INFO  server.RaftServerConfigKeys (ConfUtils.java:logGet(43)) - raft.server.notification.no-leader.timeout = 120s (custom)
2019-09-25 12:53:05,222 [pool-127-thread-1] INFO  server.RaftServerConfigKeys (ConfUtils.java:logGet(43)) - raft.server.log.use.memory = false (default)
2019-09-25 12:53:05,222 [pool-127-thread-1] INFO  server.RaftServerConfigKeys (ConfUtils.java:logGet(43)) - raft.server.log.purge.gap = 1000000 (custom)
2019-09-25 12:53:05,222 [pool-127-thread-1] INFO  server.RaftServerConfigKeys (ConfUtils.java:logGet(43)) - raft.server.log.appender.buffer.byte-limit = 33554432 (custom)
2019-09-25 12:53:05,222 [pool-127-thread-1] INFO  server.RaftServerConfigKeys (ConfUtils.java:logGet(43)) - raft.server.log.segment.size.max = 1048576 (custom)
2019-09-25 12:53:05,223 [pool-127-thread-1] INFO  server.RaftServerConfigKeys (ConfUtils.java:logGet(43)) - raft.server.log.segment.cache.num.max = 2 (custom)
2019-09-25 12:53:05,223 [pool-127-thread-1] INFO  segmented.SegmentedRaftLogWorker (SegmentedRaftLogWorker.java:<init>(172)) - new 0ece0170-5656-4579-a5bc-428dc13df816@group-313FB52AE114-SegmentedRaftLogWorker for RaftStorage:Storage Directory /workdir/hadoop-ozone/ozonefs/target/test-dir/MiniOzoneClusterImpl-8b918b52-c3dc-453c-9b69-212fa30732fd/datanode-0/data/ratis/e3a0d805-8810-45b1-9d38-313fb52ae114
2019-09-25 12:53:05,223 [pool-127-thread-1] INFO  server.RaftServerConfigKeys (ConfUtils.java:logGet(43)) - raft.server.log.queue.byte-limit = 2147483647 (custom)
2019-09-25 12:53:05,223 [pool-127-thread-1] INFO  server.RaftServerConfigKeys (ConfUtils.java:logGet(43)) - raft.server.log.queue.element-limit = 1024 (custom)
2019-09-25 12:53:05,223 [pool-127-thread-1] INFO  server.RaftServerConfigKeys (ConfUtils.java:logGet(43)) - raft.server.log.segment.size.max = 1048576 (custom)
2019-09-25 12:53:05,223 [pool-127-thread-1] INFO  server.RaftServerConfigKeys (ConfUtils.java:logGet(43)) - raft.server.log.preallocated.size = 16384 (custom)
2019-09-25 12:53:05,223 [pool-127-thread-1] INFO  server.RaftServerConfigKeys (ConfUtils.java:logGet(43)) - raft.server.log.write.buffer.size = 33554432 (custom)
2019-09-25 12:53:05,223 [pool-127-thread-1] INFO  server.RaftServerConfigKeys (ConfUtils.java:logGet(43)) - raft.server.log.force.sync.num = 128 (default)
2019-09-25 12:53:05,224 [pool-127-thread-1] INFO  server.RaftServerConfigKeys (ConfUtils.java:logGet(43)) - raft.server.log.statemachine.data.sync = true (default)
2019-09-25 12:53:05,224 [pool-127-thread-1] INFO  server.RaftServerConfigKeys (ConfUtils.java:logGet(43)) - raft.server.log.statemachine.data.sync.timeout = 10s (default)
2019-09-25 12:53:05,224 [pool-127-thread-1] INFO  server.RaftServerConfigKeys (ConfUtils.java:logGet(43)) - raft.server.log.statemachine.data.sync.timeout.retry = -1 (default)
2019-09-25 12:53:05,224 [pool-127-thread-1] INFO  server.RaftServerConfigKeys (ConfUtils.java:logGet(43)) - raft.server.log.statemachine.data.caching.enabled = true (custom)
2019-09-25 12:53:05,224 [pool-127-thread-1] INFO  segmented.SegmentedRaftLogWorker (SegmentedRaftLogWorker.java:lambda$new$0(132)) - 0ece0170-5656-4579-a5bc-428dc13df816@group-313FB52AE114-SegmentedRaftLogWorker: flushIndex: setUnconditionally 0 -> -1
2019-09-25 12:53:05,224 [pool-127-thread-1] INFO  server.RaftServerConfigKeys (ConfUtils.java:logGet(43)) - raft.server.snapshot.auto.trigger.enabled = true (custom)
2019-09-25 12:53:05,225 [pool-127-thread-1] INFO  server.RaftServerConfigKeys (ConfUtils.java:logGet(43)) - raft.server.snapshot.auto.trigger.threshold = 10000 (custom)
2019-09-25 12:53:05,225 [pool-127-thread-1] INFO  server.RaftServerConfigKeys (ConfUtils.java:logGet(43)) - raft.server.snapshot.retention.num.files = 5 (custom)
2019-09-25 12:53:05,225 [pool-127-thread-1] INFO  server.RaftServerConfigKeys (ConfUtils.java:logGet(43)) - raft.server.retrycache.expirytime = 600000ms (custom)
2019-09-25 12:53:05,227 [pool-127-thread-1] INFO  impl.RaftServerImpl (RaftServerImpl.java:start(185)) - 0ece0170-5656-4579-a5bc-428dc13df816@group-313FB52AE114: start as a follower, conf=-1: [0ece0170-5656-4579-a5bc-428dc13df816:192.168.151.73:41509], old=null
2019-09-25 12:53:05,227 [pool-127-thread-1] INFO  impl.RaftServerImpl (RaftServerImpl.java:setRole(174)) - 0ece0170-5656-4579-a5bc-428dc13df816@group-313FB52AE114: changes role from      null to FOLLOWER at term 0 for startAsFollower
2019-09-25 12:53:05,227 [pool-127-thread-1] INFO  impl.RoleInfo (RoleInfo.java:updateAndGet(143)) - 0ece0170-5656-4579-a5bc-428dc13df816: start FollowerState
2019-09-25 12:53:05,227 [pool-127-thread-1] INFO  util.JmxRegister (JmxRegister.java:tryRegister(44)) - Successfully registered JMX Bean with object name Ratis:service=RaftServer,group=group-313FB52AE114,id=0ece0170-5656-4579-a5bc-428dc13df816
2019-09-25 12:53:05,230 [RatisPipelineUtilsThread] INFO  pipeline.PipelineStateManager (PipelineStateManager.java:addPipeline(56)) - Created pipeline Pipeline[ Id: e3a0d805-8810-45b1-9d38-313fb52ae114, Nodes: 0ece0170-5656-4579-a5bc-428dc13df816{ip: 192.168.151.73, host: pr-hdds-1569-shd4m-3693607622, networkLocation: /default-rack, certSerialId: null}, Type:RATIS, Factor:ONE, State:OPEN]
2019-09-25 12:53:05,230 [RatisPipelineUtilsThread] INFO  pipeline.PipelinePlacementPolicy (PipelinePlacementPolicy.java:meetCriteria(91)) - Pipeline Placement: can't place more pipeline on heavy datanode： 0ece0170-5656-4579-a5bc-428dc13df816 Heaviness: 6 limit: 5
2019-09-25 12:53:05,236 [grpc-default-executor-0] INFO  impl.RaftServerProxy (RaftServerProxy.java:addNew(89)) - 79f8f252-68fb-48a7-ad36-a66b8b99f572: addNew group-D686E6C0009F:[79f8f252-68fb-48a7-ad36-a66b8b99f572:192.168.151.73:38046] returns group-D686E6C0009F:java.util.concurrent.CompletableFuture@28c90f41[Not completed]
2019-09-25 12:53:05,237 [pool-147-thread-1] INFO  impl.RaftServerImpl (RaftServerImpl.java:<init>(95)) - 79f8f252-68fb-48a7-ad36-a66b8b99f572: new RaftServerImpl for group-D686E6C0009F:[79f8f252-68fb-48a7-ad36-a66b8b99f572:192.168.151.73:38046] with ContainerStateMachine:uninitialized
2019-09-25 12:53:05,237 [pool-147-thread-1] INFO  server.RaftServerConfigKeys (ConfUtils.java:logGet(43)) - raft.server.rpc.timeout.min = 5s (custom)
2019-09-25 12:53:05,238 [pool-147-thread-1] INFO  server.RaftServerConfigKeys (ConfUtils.java:logGet(43)) - raft.server.rpc.timeout.max = 5200ms (custom)
2019-09-25 12:53:05,238 [pool-147-thread-1] INFO  server.RaftServerConfigKeys (ConfUtils.java:logGet(43)) - raft.server.rpcslowness.timeout = 120s (custom)
2019-09-25 12:53:05,238 [pool-147-thread-1] INFO  server.RaftServerConfigKeys (ConfUtils.java:logGet(43)) - raft.server.sleep.deviation.threshold = 300 (default)
2019-09-25 12:53:05,238 [pool-147-thread-1] INFO  server.RaftServerConfigKeys (ConfUtils.java:logGet(43)) - raft.server.log.appender.install.snapshot.enabled = false (custom)
2019-09-25 12:53:05,238 [pool-147-thread-1] INFO  impl.RaftServerImpl (ServerState.java:<init>(103)) - 79f8f252-68fb-48a7-ad36-a66b8b99f572@group-D686E6C0009F: ConfigurationManager, init=-1: [79f8f252-68fb-48a7-ad36-a66b8b99f572:192.168.151.73:38046], old=null, confs=<EMPTY_MAP>
2019-09-25 12:53:05,238 [pool-147-thread-1] INFO  server.RaftServerConfigKeys (ConfUtils.java:logGet(43)) - raft.server.storage.dir = [/workdir/hadoop-ozone/ozonefs/target/test-dir/MiniOzoneClusterImpl-8b918b52-c3dc-453c-9b69-212fa30732fd/datanode-2/data/ratis] (custom)
2019-09-25 12:53:05,239 [pool-147-thread-1] INFO  storage.RaftStorageDirectory (RaftStorageDirectory.java:analyzeStorage(246)) - The storage directory /workdir/hadoop-ozone/ozonefs/target/test-dir/MiniOzoneClusterImpl-8b918b52-c3dc-453c-9b69-212fa30732fd/datanode-2/data/ratis/9140b521-ca3e-48a9-9277-d686e6c0009f does not exist. Creating ...
2019-09-25 12:53:05,252 [pool-147-thread-1] INFO  storage.RaftStorageDirectory (RaftStorageDirectory.java:tryLock(328)) - Lock on /workdir/hadoop-ozone/ozonefs/target/test-dir/MiniOzoneClusterImpl-8b918b52-c3dc-453c-9b69-212fa30732fd/datanode-2/data/ratis/9140b521-ca3e-48a9-9277-d686e6c0009f/in_use.lock acquired by nodename 3512@pr-hdds-1569-shd4m-3693607622
2019-09-25 12:53:05,266 [pool-147-thread-1] INFO  storage.RaftStorage (RaftStorage.java:format(72)) - Storage directory /workdir/hadoop-ozone/ozonefs/target/test-dir/MiniOzoneClusterImpl-8b918b52-c3dc-453c-9b69-212fa30732fd/datanode-2/data/ratis/9140b521-ca3e-48a9-9277-d686e6c0009f has been successfully formatted.
2019-09-25 12:53:05,267 [pool-147-thread-1] INFO  ratis.ContainerStateMachine (ContainerStateMachine.java:loadSnapshot(230)) - group-D686E6C0009F: The snapshot info is null. Setting the last applied indexto:(t:0, i:~)
2019-09-25 12:53:05,267 [pool-147-thread-1] INFO  server.RaftServerConfigKeys (ConfUtils.java:logGet(43)) - raft.server.notification.no-leader.timeout = 120s (custom)
2019-09-25 12:53:05,267 [pool-147-thread-1] INFO  server.RaftServerConfigKeys (ConfUtils.java:logGet(43)) - raft.server.log.use.memory = false (default)
2019-09-25 12:53:05,267 [pool-147-thread-1] INFO  server.RaftServerConfigKeys (ConfUtils.java:logGet(43)) - raft.server.log.purge.gap = 1000000 (custom)
2019-09-25 12:53:05,267 [pool-147-thread-1] INFO  server.RaftServerConfigKeys (ConfUtils.java:logGet(43)) - raft.server.log.appender.buffer.byte-limit = 33554432 (custom)
2019-09-25 12:53:05,268 [pool-147-thread-1] INFO  server.RaftServerConfigKeys (ConfUtils.java:logGet(43)) - raft.server.log.segment.size.max = 1048576 (custom)
2019-09-25 12:53:05,268 [pool-147-thread-1] INFO  server.RaftServerConfigKeys (ConfUtils.java:logGet(43)) - raft.server.log.segment.cache.num.max = 2 (custom)
2019-09-25 12:53:05,268 [pool-147-thread-1] INFO  segmented.SegmentedRaftLogWorker (SegmentedRaftLogWorker.java:<init>(172)) - new 79f8f252-68fb-48a7-ad36-a66b8b99f572@group-D686E6C0009F-SegmentedRaftLogWorker for RaftStorage:Storage Directory /workdir/hadoop-ozone/ozonefs/target/test-dir/MiniOzoneClusterImpl-8b918b52-c3dc-453c-9b69-212fa30732fd/datanode-2/data/ratis/9140b521-ca3e-48a9-9277-d686e6c0009f
2019-09-25 12:53:05,268 [pool-147-thread-1] INFO  server.RaftServerConfigKeys (ConfUtils.java:logGet(43)) - raft.server.log.queue.byte-limit = 2147483647 (custom)
2019-09-25 12:53:05,268 [pool-147-thread-1] INFO  server.RaftServerConfigKeys (ConfUtils.java:logGet(43)) - raft.server.log.queue.element-limit = 1024 (custom)
2019-09-25 12:53:05,269 [pool-147-thread-1] INFO  server.RaftServerConfigKeys (ConfUtils.java:logGet(43)) - raft.server.log.segment.size.max = 1048576 (custom)
2019-09-25 12:53:05,269 [pool-147-thread-1] INFO  server.RaftServerConfigKeys (ConfUtils.java:logGet(43)) - raft.server.log.preallocated.size = 16384 (custom)
2019-09-25 12:53:05,269 [pool-147-thread-1] INFO  server.RaftServerConfigKeys (ConfUtils.java:logGet(43)) - raft.server.log.write.buffer.size = 33554432 (custom)
2019-09-25 12:53:05,269 [pool-147-thread-1] INFO  server.RaftServerConfigKeys (ConfUtils.java:logGet(43)) - raft.server.log.force.sync.num = 128 (default)
2019-09-25 12:53:05,269 [pool-147-thread-1] INFO  server.RaftServerConfigKeys (ConfUtils.java:logGet(43)) - raft.server.log.statemachine.data.sync = true (default)
2019-09-25 12:53:05,269 [pool-147-thread-1] INFO  server.RaftServerConfigKeys (ConfUtils.java:logGet(43)) - raft.server.log.statemachine.data.sync.timeout = 10s (default)
2019-09-25 12:53:05,270 [pool-147-thread-1] INFO  server.RaftServerConfigKeys (ConfUtils.java:logGet(43)) - raft.server.log.statemachine.data.sync.timeout.retry = -1 (default)
2019-09-25 12:53:05,270 [pool-147-thread-1] INFO  server.RaftServerConfigKeys (ConfUtils.java:logGet(43)) - raft.server.log.statemachine.data.caching.enabled = true (custom)
2019-09-25 12:53:05,270 [pool-147-thread-1] INFO  segmented.SegmentedRaftLogWorker (SegmentedRaftLogWorker.java:lambda$new$0(132)) - 79f8f252-68fb-48a7-ad36-a66b8b99f572@group-D686E6C0009F-SegmentedRaftLogWorker: flushIndex: setUnconditionally 0 -> -1
2019-09-25 12:53:05,270 [pool-147-thread-1] INFO  server.RaftServerConfigKeys (ConfUtils.java:logGet(43)) - raft.server.snapshot.auto.trigger.enabled = true (custom)
2019-09-25 12:53:05,271 [pool-147-thread-1] INFO  server.RaftServerConfigKeys (ConfUtils.java:logGet(43)) - raft.server.snapshot.auto.trigger.threshold = 10000 (custom)
2019-09-25 12:53:05,271 [pool-147-thread-1] INFO  server.RaftServerConfigKeys (ConfUtils.java:logGet(43)) - raft.server.snapshot.retention.num.files = 5 (custom)
2019-09-25 12:53:05,271 [pool-147-thread-1] INFO  server.RaftServerConfigKeys (ConfUtils.java:logGet(43)) - raft.server.retrycache.expirytime = 600000ms (custom)
2019-09-25 12:53:05,273 [pool-147-thread-1] INFO  impl.RaftServerImpl (RaftServerImpl.java:start(185)) - 79f8f252-68fb-48a7-ad36-a66b8b99f572@group-D686E6C0009F: start as a follower, conf=-1: [79f8f252-68fb-48a7-ad36-a66b8b99f572:192.168.151.73:38046], old=null
2019-09-25 12:53:05,273 [pool-147-thread-1] INFO  impl.RaftServerImpl (RaftServerImpl.java:setRole(174)) - 79f8f252-68fb-48a7-ad36-a66b8b99f572@group-D686E6C0009F: changes role from      null to FOLLOWER at term 0 for startAsFollower
2019-09-25 12:53:05,273 [pool-147-thread-1] INFO  impl.RoleInfo (RoleInfo.java:updateAndGet(143)) - 79f8f252-68fb-48a7-ad36-a66b8b99f572: start FollowerState
2019-09-25 12:53:05,274 [pool-147-thread-1] INFO  util.JmxRegister (JmxRegister.java:tryRegister(44)) - Successfully registered JMX Bean with object name Ratis:service=RaftServer,group=group-D686E6C0009F,id=79f8f252-68fb-48a7-ad36-a66b8b99f572
2019-09-25 12:53:05,277 [RatisPipelineUtilsThread] INFO  pipeline.PipelineStateManager (PipelineStateManager.java:addPipeline(56)) - Created pipeline Pipeline[ Id: 9140b521-ca3e-48a9-9277-d686e6c0009f, Nodes: 79f8f252-68fb-48a7-ad36-a66b8b99f572{ip: 192.168.151.73, host: pr-hdds-1569-shd4m-3693607622, networkLocation: /default-rack, certSerialId: null}, Type:RATIS, Factor:ONE, State:OPEN]
2019-09-25 12:53:05,277 [RatisPipelineUtilsThread] INFO  pipeline.PipelinePlacementPolicy (PipelinePlacementPolicy.java:meetCriteria(91)) - Pipeline Placement: can't place more pipeline on heavy datanode： 0ece0170-5656-4579-a5bc-428dc13df816 Heaviness: 6 limit: 5
2019-09-25 12:53:05,282 [grpc-default-executor-0] INFO  impl.RaftServerProxy (RaftServerProxy.java:addNew(89)) - ceb95c4b-9640-4cd4-a4be-8ff2d64e56e1: addNew group-052BFD0DBEE9:[ceb95c4b-9640-4cd4-a4be-8ff2d64e56e1:192.168.151.73:36990] returns group-052BFD0DBEE9:java.util.concurrent.CompletableFuture@9ecbbf5[Not completed]
2019-09-25 12:53:05,283 [pool-137-thread-1] INFO  impl.RaftServerImpl (RaftServerImpl.java:<init>(95)) - ceb95c4b-9640-4cd4-a4be-8ff2d64e56e1: new RaftServerImpl for group-052BFD0DBEE9:[ceb95c4b-9640-4cd4-a4be-8ff2d64e56e1:192.168.151.73:36990] with ContainerStateMachine:uninitialized
2019-09-25 12:53:05,283 [pool-137-thread-1] INFO  server.RaftServerConfigKeys (ConfUtils.java:logGet(43)) - raft.server.rpc.timeout.min = 5s (custom)
2019-09-25 12:53:05,283 [pool-137-thread-1] INFO  server.RaftServerConfigKeys (ConfUtils.java:logGet(43)) - raft.server.rpc.timeout.max = 5200ms (custom)
2019-09-25 12:53:05,283 [pool-137-thread-1] INFO  server.RaftServerConfigKeys (ConfUtils.java:logGet(43)) - raft.server.rpcslowness.timeout = 120s (custom)
2019-09-25 12:53:05,284 [pool-137-thread-1] INFO  server.RaftServerConfigKeys (ConfUtils.java:logGet(43)) - raft.server.sleep.deviation.threshold = 300 (default)
2019-09-25 12:53:05,284 [pool-137-thread-1] INFO  server.RaftServerConfigKeys (ConfUtils.java:logGet(43)) - raft.server.log.appender.install.snapshot.enabled = false (custom)
2019-09-25 12:53:05,284 [pool-137-thread-1] INFO  impl.RaftServerImpl (ServerState.java:<init>(103)) - ceb95c4b-9640-4cd4-a4be-8ff2d64e56e1@group-052BFD0DBEE9: ConfigurationManager, init=-1: [ceb95c4b-9640-4cd4-a4be-8ff2d64e56e1:192.168.151.73:36990], old=null, confs=<EMPTY_MAP>
2019-09-25 12:53:05,284 [pool-137-thread-1] INFO  server.RaftServerConfigKeys (ConfUtils.java:logGet(43)) - raft.server.storage.dir = [/workdir/hadoop-ozone/ozonefs/target/test-dir/MiniOzoneClusterImpl-8b918b52-c3dc-453c-9b69-212fa30732fd/datanode-1/data/ratis] (custom)
2019-09-25 12:53:05,284 [pool-137-thread-1] INFO  storage.RaftStorageDirectory (RaftStorageDirectory.java:analyzeStorage(246)) - The storage directory /workdir/hadoop-ozone/ozonefs/target/test-dir/MiniOzoneClusterImpl-8b918b52-c3dc-453c-9b69-212fa30732fd/datanode-1/data/ratis/2e29cecf-2b5f-43b8-9465-052bfd0dbee9 does not exist. Creating ...
2019-09-25 12:53:05,309 [pool-137-thread-1] INFO  storage.RaftStorageDirectory (RaftStorageDirectory.java:tryLock(328)) - Lock on /workdir/hadoop-ozone/ozonefs/target/test-dir/MiniOzoneClusterImpl-8b918b52-c3dc-453c-9b69-212fa30732fd/datanode-1/data/ratis/2e29cecf-2b5f-43b8-9465-052bfd0dbee9/in_use.lock acquired by nodename 3512@pr-hdds-1569-shd4m-3693607622
2019-09-25 12:53:05,332 [pool-137-thread-1] INFO  storage.RaftStorage (RaftStorage.java:format(72)) - Storage directory /workdir/hadoop-ozone/ozonefs/target/test-dir/MiniOzoneClusterImpl-8b918b52-c3dc-453c-9b69-212fa30732fd/datanode-1/data/ratis/2e29cecf-2b5f-43b8-9465-052bfd0dbee9 has been successfully formatted.
2019-09-25 12:53:05,333 [pool-137-thread-1] INFO  ratis.ContainerStateMachine (ContainerStateMachine.java:loadSnapshot(230)) - group-052BFD0DBEE9: The snapshot info is null. Setting the last applied indexto:(t:0, i:~)
2019-09-25 12:53:05,333 [pool-137-thread-1] INFO  server.RaftServerConfigKeys (ConfUtils.java:logGet(43)) - raft.server.notification.no-leader.timeout = 120s (custom)
2019-09-25 12:53:05,333 [pool-137-thread-1] INFO  server.RaftServerConfigKeys (ConfUtils.java:logGet(43)) - raft.server.log.use.memory = false (default)
2019-09-25 12:53:05,333 [pool-137-thread-1] INFO  server.RaftServerConfigKeys (ConfUtils.java:logGet(43)) - raft.server.log.purge.gap = 1000000 (custom)
2019-09-25 12:53:05,333 [pool-137-thread-1] INFO  server.RaftServerConfigKeys (ConfUtils.java:logGet(43)) - raft.server.log.appender.buffer.byte-limit = 33554432 (custom)
2019-09-25 12:53:05,333 [pool-137-thread-1] INFO  server.RaftServerConfigKeys (ConfUtils.java:logGet(43)) - raft.server.log.segment.size.max = 1048576 (custom)
2019-09-25 12:53:05,333 [pool-137-thread-1] INFO  server.RaftServerConfigKeys (ConfUtils.java:logGet(43)) - raft.server.log.segment.cache.num.max = 2 (custom)
2019-09-25 12:53:05,333 [pool-137-thread-1] INFO  segmented.SegmentedRaftLogWorker (SegmentedRaftLogWorker.java:<init>(172)) - new ceb95c4b-9640-4cd4-a4be-8ff2d64e56e1@group-052BFD0DBEE9-SegmentedRaftLogWorker for RaftStorage:Storage Directory /workdir/hadoop-ozone/ozonefs/target/test-dir/MiniOzoneClusterImpl-8b918b52-c3dc-453c-9b69-212fa30732fd/datanode-1/data/ratis/2e29cecf-2b5f-43b8-9465-052bfd0dbee9
2019-09-25 12:53:05,334 [pool-137-thread-1] INFO  server.RaftServerConfigKeys (ConfUtils.java:logGet(43)) - raft.server.log.queue.byte-limit = 2147483647 (custom)
2019-09-25 12:53:05,334 [pool-137-thread-1] INFO  server.RaftServerConfigKeys (ConfUtils.java:logGet(43)) - raft.server.log.queue.element-limit = 1024 (custom)
2019-09-25 12:53:05,334 [pool-137-thread-1] INFO  server.RaftServerConfigKeys (ConfUtils.java:logGet(43)) - raft.server.log.segment.size.max = 1048576 (custom)
2019-09-25 12:53:05,334 [pool-137-thread-1] INFO  server.RaftServerConfigKeys (ConfUtils.java:logGet(43)) - raft.server.log.preallocated.size = 16384 (custom)
2019-09-25 12:53:05,334 [pool-137-thread-1] INFO  server.RaftServerConfigKeys (ConfUtils.java:logGet(43)) - raft.server.log.write.buffer.size = 33554432 (custom)
2019-09-25 12:53:05,334 [pool-137-thread-1] INFO  server.RaftServerConfigKeys (ConfUtils.java:logGet(43)) - raft.server.log.force.sync.num = 128 (default)
2019-09-25 12:53:05,334 [pool-137-thread-1] INFO  server.RaftServerConfigKeys (ConfUtils.java:logGet(43)) - raft.server.log.statemachine.data.sync = true (default)
2019-09-25 12:53:05,334 [pool-137-thread-1] INFO  server.RaftServerConfigKeys (ConfUtils.java:logGet(43)) - raft.server.log.statemachine.data.sync.timeout = 10s (default)
2019-09-25 12:53:05,334 [pool-137-thread-1] INFO  server.RaftServerConfigKeys (ConfUtils.java:logGet(43)) - raft.server.log.statemachine.data.sync.timeout.retry = -1 (default)
2019-09-25 12:53:05,335 [pool-137-thread-1] INFO  server.RaftServerConfigKeys (ConfUtils.java:logGet(43)) - raft.server.log.statemachine.data.caching.enabled = true (custom)
2019-09-25 12:53:05,335 [pool-137-thread-1] INFO  segmented.SegmentedRaftLogWorker (SegmentedRaftLogWorker.java:lambda$new$0(132)) - ceb95c4b-9640-4cd4-a4be-8ff2d64e56e1@group-052BFD0DBEE9-SegmentedRaftLogWorker: flushIndex: setUnconditionally 0 -> -1
2019-09-25 12:53:05,335 [pool-137-thread-1] INFO  server.RaftServerConfigKeys (ConfUtils.java:logGet(43)) - raft.server.snapshot.auto.trigger.enabled = true (custom)
2019-09-25 12:53:05,335 [pool-137-thread-1] INFO  server.RaftServerConfigKeys (ConfUtils.java:logGet(43)) - raft.server.snapshot.auto.trigger.threshold = 10000 (custom)
2019-09-25 12:53:05,335 [pool-137-thread-1] INFO  server.RaftServerConfigKeys (ConfUtils.java:logGet(43)) - raft.server.snapshot.retention.num.files = 5 (custom)
2019-09-25 12:53:05,336 [pool-137-thread-1] INFO  server.RaftServerConfigKeys (ConfUtils.java:logGet(43)) - raft.server.retrycache.expirytime = 600000ms (custom)
2019-09-25 12:53:05,337 [pool-137-thread-1] INFO  impl.RaftServerImpl (RaftServerImpl.java:start(185)) - ceb95c4b-9640-4cd4-a4be-8ff2d64e56e1@group-052BFD0DBEE9: start as a follower, conf=-1: [ceb95c4b-9640-4cd4-a4be-8ff2d64e56e1:192.168.151.73:36990], old=null
2019-09-25 12:53:05,337 [pool-137-thread-1] INFO  impl.RaftServerImpl (RaftServerImpl.java:setRole(174)) - ceb95c4b-9640-4cd4-a4be-8ff2d64e56e1@group-052BFD0DBEE9: changes role from      null to FOLLOWER at term 0 for startAsFollower
2019-09-25 12:53:05,338 [pool-137-thread-1] INFO  impl.RoleInfo (RoleInfo.java:updateAndGet(143)) - ceb95c4b-9640-4cd4-a4be-8ff2d64e56e1: start FollowerState
2019-09-25 12:53:05,338 [pool-137-thread-1] INFO  util.JmxRegister (JmxRegister.java:tryRegister(44)) - Successfully registered JMX Bean with object name Ratis:service=RaftServer,group=group-052BFD0DBEE9,id=ceb95c4b-9640-4cd4-a4be-8ff2d64e56e1
2019-09-25 12:53:05,341 [RatisPipelineUtilsThread] INFO  pipeline.PipelineStateManager (PipelineStateManager.java:addPipeline(56)) - Created pipeline Pipeline[ Id: 2e29cecf-2b5f-43b8-9465-052bfd0dbee9, Nodes: ceb95c4b-9640-4cd4-a4be-8ff2d64e56e1{ip: 192.168.151.73, host: pr-hdds-1569-shd4m-3693607622, networkLocation: /default-rack, certSerialId: null}, Type:RATIS, Factor:ONE, State:OPEN]
2019-09-25 12:53:05,341 [RatisPipelineUtilsThread] INFO  pipeline.PipelinePlacementPolicy (PipelinePlacementPolicy.java:meetCriteria(91)) - Pipeline Placement: can't place more pipeline on heavy datanode： 0ece0170-5656-4579-a5bc-428dc13df816 Heaviness: 6 limit: 5
2019-09-25 12:53:05,347 [grpc-default-executor-0] INFO  impl.RaftServerProxy (RaftServerProxy.java:addNew(89)) - ceb95c4b-9640-4cd4-a4be-8ff2d64e56e1: addNew group-655C016C7ABC:[ceb95c4b-9640-4cd4-a4be-8ff2d64e56e1:192.168.151.73:36990] returns group-655C016C7ABC:java.util.concurrent.CompletableFuture@169fb614[Not completed]
2019-09-25 12:53:05,348 [pool-137-thread-1] INFO  impl.RaftServerImpl (RaftServerImpl.java:<init>(95)) - ceb95c4b-9640-4cd4-a4be-8ff2d64e56e1: new RaftServerImpl for group-655C016C7ABC:[ceb95c4b-9640-4cd4-a4be-8ff2d64e56e1:192.168.151.73:36990] with ContainerStateMachine:uninitialized
2019-09-25 12:53:05,348 [pool-137-thread-1] INFO  server.RaftServerConfigKeys (ConfUtils.java:logGet(43)) - raft.server.rpc.timeout.min = 5s (custom)
2019-09-25 12:53:05,348 [pool-137-thread-1] INFO  server.RaftServerConfigKeys (ConfUtils.java:logGet(43)) - raft.server.rpc.timeout.max = 5200ms (custom)
2019-09-25 12:53:05,348 [pool-137-thread-1] INFO  server.RaftServerConfigKeys (ConfUtils.java:logGet(43)) - raft.server.rpcslowness.timeout = 120s (custom)
2019-09-25 12:53:05,348 [pool-137-thread-1] INFO  server.RaftServerConfigKeys (ConfUtils.java:logGet(43)) - raft.server.sleep.deviation.threshold = 300 (default)
2019-09-25 12:53:05,348 [pool-137-thread-1] INFO  server.RaftServerConfigKeys (ConfUtils.java:logGet(43)) - raft.server.log.appender.install.snapshot.enabled = false (custom)
2019-09-25 12:53:05,348 [pool-137-thread-1] INFO  impl.RaftServerImpl (ServerState.java:<init>(103)) - ceb95c4b-9640-4cd4-a4be-8ff2d64e56e1@group-655C016C7ABC: ConfigurationManager, init=-1: [ceb95c4b-9640-4cd4-a4be-8ff2d64e56e1:192.168.151.73:36990], old=null, confs=<EMPTY_MAP>
2019-09-25 12:53:05,348 [pool-137-thread-1] INFO  server.RaftServerConfigKeys (ConfUtils.java:logGet(43)) - raft.server.storage.dir = [/workdir/hadoop-ozone/ozonefs/target/test-dir/MiniOzoneClusterImpl-8b918b52-c3dc-453c-9b69-212fa30732fd/datanode-1/data/ratis] (custom)
2019-09-25 12:53:05,349 [pool-137-thread-1] INFO  storage.RaftStorageDirectory (RaftStorageDirectory.java:analyzeStorage(246)) - The storage directory /workdir/hadoop-ozone/ozonefs/target/test-dir/MiniOzoneClusterImpl-8b918b52-c3dc-453c-9b69-212fa30732fd/datanode-1/data/ratis/5ed7824b-a0b4-4457-95e2-655c016c7abc does not exist. Creating ...
2019-09-25 12:53:05,371 [pool-137-thread-1] INFO  storage.RaftStorageDirectory (RaftStorageDirectory.java:tryLock(328)) - Lock on /workdir/hadoop-ozone/ozonefs/target/test-dir/MiniOzoneClusterImpl-8b918b52-c3dc-453c-9b69-212fa30732fd/datanode-1/data/ratis/5ed7824b-a0b4-4457-95e2-655c016c7abc/in_use.lock acquired by nodename 3512@pr-hdds-1569-shd4m-3693607622
2019-09-25 12:53:05,389 [pool-137-thread-1] INFO  storage.RaftStorage (RaftStorage.java:format(72)) - Storage directory /workdir/hadoop-ozone/ozonefs/target/test-dir/MiniOzoneClusterImpl-8b918b52-c3dc-453c-9b69-212fa30732fd/datanode-1/data/ratis/5ed7824b-a0b4-4457-95e2-655c016c7abc has been successfully formatted.
2019-09-25 12:53:05,389 [pool-137-thread-1] INFO  ratis.ContainerStateMachine (ContainerStateMachine.java:loadSnapshot(230)) - group-655C016C7ABC: The snapshot info is null. Setting the last applied indexto:(t:0, i:~)
2019-09-25 12:53:05,389 [pool-137-thread-1] INFO  server.RaftServerConfigKeys (ConfUtils.java:logGet(43)) - raft.server.notification.no-leader.timeout = 120s (custom)
2019-09-25 12:53:05,389 [pool-137-thread-1] INFO  server.RaftServerConfigKeys (ConfUtils.java:logGet(43)) - raft.server.log.use.memory = false (default)
2019-09-25 12:53:05,389 [pool-137-thread-1] INFO  server.RaftServerConfigKeys (ConfUtils.java:logGet(43)) - raft.server.log.purge.gap = 1000000 (custom)
2019-09-25 12:53:05,389 [pool-137-thread-1] INFO  server.RaftServerConfigKeys (ConfUtils.java:logGet(43)) - raft.server.log.appender.buffer.byte-limit = 33554432 (custom)
2019-09-25 12:53:05,389 [pool-137-thread-1] INFO  server.RaftServerConfigKeys (ConfUtils.java:logGet(43)) - raft.server.log.segment.size.max = 1048576 (custom)
2019-09-25 12:53:05,390 [pool-137-thread-1] INFO  server.RaftServerConfigKeys (ConfUtils.java:logGet(43)) - raft.server.log.segment.cache.num.max = 2 (custom)
2019-09-25 12:53:05,390 [pool-137-thread-1] INFO  segmented.SegmentedRaftLogWorker (SegmentedRaftLogWorker.java:<init>(172)) - new ceb95c4b-9640-4cd4-a4be-8ff2d64e56e1@group-655C016C7ABC-SegmentedRaftLogWorker for RaftStorage:Storage Directory /workdir/hadoop-ozone/ozonefs/target/test-dir/MiniOzoneClusterImpl-8b918b52-c3dc-453c-9b69-212fa30732fd/datanode-1/data/ratis/5ed7824b-a0b4-4457-95e2-655c016c7abc
2019-09-25 12:53:05,390 [pool-137-thread-1] INFO  server.RaftServerConfigKeys (ConfUtils.java:logGet(43)) - raft.server.log.queue.byte-limit = 2147483647 (custom)
2019-09-25 12:53:05,390 [pool-137-thread-1] INFO  server.RaftServerConfigKeys (ConfUtils.java:logGet(43)) - raft.server.log.queue.element-limit = 1024 (custom)
2019-09-25 12:53:05,390 [pool-137-thread-1] INFO  server.RaftServerConfigKeys (ConfUtils.java:logGet(43)) - raft.server.log.segment.size.max = 1048576 (custom)
2019-09-25 12:53:05,390 [pool-137-thread-1] INFO  server.RaftServerConfigKeys (ConfUtils.java:logGet(43)) - raft.server.log.preallocated.size = 16384 (custom)
2019-09-25 12:53:05,390 [pool-137-thread-1] INFO  server.RaftServerConfigKeys (ConfUtils.java:logGet(43)) - raft.server.log.write.buffer.size = 33554432 (custom)
2019-09-25 12:53:05,390 [pool-137-thread-1] INFO  server.RaftServerConfigKeys (ConfUtils.java:logGet(43)) - raft.server.log.force.sync.num = 128 (default)
2019-09-25 12:53:05,391 [pool-137-thread-1] INFO  server.RaftServerConfigKeys (ConfUtils.java:logGet(43)) - raft.server.log.statemachine.data.sync = true (default)
2019-09-25 12:53:05,391 [pool-137-thread-1] INFO  server.RaftServerConfigKeys (ConfUtils.java:logGet(43)) - raft.server.log.statemachine.data.sync.timeout = 10s (default)
2019-09-25 12:53:05,391 [pool-137-thread-1] INFO  server.RaftServerConfigKeys (ConfUtils.java:logGet(43)) - raft.server.log.statemachine.data.sync.timeout.retry = -1 (default)
2019-09-25 12:53:05,391 [pool-137-thread-1] INFO  server.RaftServerConfigKeys (ConfUtils.java:logGet(43)) - raft.server.log.statemachine.data.caching.enabled = true (custom)
2019-09-25 12:53:05,391 [pool-137-thread-1] INFO  segmented.SegmentedRaftLogWorker (SegmentedRaftLogWorker.java:lambda$new$0(132)) - ceb95c4b-9640-4cd4-a4be-8ff2d64e56e1@group-655C016C7ABC-SegmentedRaftLogWorker: flushIndex: setUnconditionally 0 -> -1
2019-09-25 12:53:05,392 [pool-137-thread-1] INFO  server.RaftServerConfigKeys (ConfUtils.java:logGet(43)) - raft.server.snapshot.auto.trigger.enabled = true (custom)
2019-09-25 12:53:05,392 [pool-137-thread-1] INFO  server.RaftServerConfigKeys (ConfUtils.java:logGet(43)) - raft.server.snapshot.auto.trigger.threshold = 10000 (custom)
2019-09-25 12:53:05,392 [pool-137-thread-1] INFO  server.RaftServerConfigKeys (ConfUtils.java:logGet(43)) - raft.server.snapshot.retention.num.files = 5 (custom)
2019-09-25 12:53:05,392 [pool-137-thread-1] INFO  server.RaftServerConfigKeys (ConfUtils.java:logGet(43)) - raft.server.retrycache.expirytime = 600000ms (custom)
2019-09-25 12:53:05,394 [pool-137-thread-1] INFO  impl.RaftServerImpl (RaftServerImpl.java:start(185)) - ceb95c4b-9640-4cd4-a4be-8ff2d64e56e1@group-655C016C7ABC: start as a follower, conf=-1: [ceb95c4b-9640-4cd4-a4be-8ff2d64e56e1:192.168.151.73:36990], old=null
2019-09-25 12:53:05,394 [pool-137-thread-1] INFO  impl.RaftServerImpl (RaftServerImpl.java:setRole(174)) - ceb95c4b-9640-4cd4-a4be-8ff2d64e56e1@group-655C016C7ABC: changes role from      null to FOLLOWER at term 0 for startAsFollower
2019-09-25 12:53:05,394 [pool-137-thread-1] INFO  impl.RoleInfo (RoleInfo.java:updateAndGet(143)) - ceb95c4b-9640-4cd4-a4be-8ff2d64e56e1: start FollowerState
2019-09-25 12:53:05,394 [pool-137-thread-1] INFO  util.JmxRegister (JmxRegister.java:tryRegister(44)) - Successfully registered JMX Bean with object name Ratis:service=RaftServer,group=group-655C016C7ABC,id=ceb95c4b-9640-4cd4-a4be-8ff2d64e56e1
2019-09-25 12:53:05,397 [RatisPipelineUtilsThread] INFO  pipeline.PipelineStateManager (PipelineStateManager.java:addPipeline(56)) - Created pipeline Pipeline[ Id: 5ed7824b-a0b4-4457-95e2-655c016c7abc, Nodes: ceb95c4b-9640-4cd4-a4be-8ff2d64e56e1{ip: 192.168.151.73, host: pr-hdds-1569-shd4m-3693607622, networkLocation: /default-rack, certSerialId: null}, Type:RATIS, Factor:ONE, State:OPEN]
2019-09-25 12:53:05,398 [RatisPipelineUtilsThread] INFO  pipeline.PipelinePlacementPolicy (PipelinePlacementPolicy.java:meetCriteria(91)) - Pipeline Placement: can't place more pipeline on heavy datanode： 0ece0170-5656-4579-a5bc-428dc13df816 Heaviness: 6 limit: 5
2019-09-25 12:53:05,403 [grpc-default-executor-0] INFO  impl.RaftServerProxy (RaftServerProxy.java:addNew(89)) - ceb95c4b-9640-4cd4-a4be-8ff2d64e56e1: addNew group-838A05CEF965:[ceb95c4b-9640-4cd4-a4be-8ff2d64e56e1:192.168.151.73:36990] returns group-838A05CEF965:java.util.concurrent.CompletableFuture@6a7c3285[Not completed]
2019-09-25 12:53:05,404 [pool-137-thread-1] INFO  impl.RaftServerImpl (RaftServerImpl.java:<init>(95)) - ceb95c4b-9640-4cd4-a4be-8ff2d64e56e1: new RaftServerImpl for group-838A05CEF965:[ceb95c4b-9640-4cd4-a4be-8ff2d64e56e1:192.168.151.73:36990] with ContainerStateMachine:uninitialized
2019-09-25 12:53:05,404 [pool-137-thread-1] INFO  server.RaftServerConfigKeys (ConfUtils.java:logGet(43)) - raft.server.rpc.timeout.min = 5s (custom)
2019-09-25 12:53:05,404 [pool-137-thread-1] INFO  server.RaftServerConfigKeys (ConfUtils.java:logGet(43)) - raft.server.rpc.timeout.max = 5200ms (custom)
2019-09-25 12:53:05,404 [pool-137-thread-1] INFO  server.RaftServerConfigKeys (ConfUtils.java:logGet(43)) - raft.server.rpcslowness.timeout = 120s (custom)
2019-09-25 12:53:05,405 [pool-137-thread-1] INFO  server.RaftServerConfigKeys (ConfUtils.java:logGet(43)) - raft.server.sleep.deviation.threshold = 300 (default)
2019-09-25 12:53:05,405 [pool-137-thread-1] INFO  server.RaftServerConfigKeys (ConfUtils.java:logGet(43)) - raft.server.log.appender.install.snapshot.enabled = false (custom)
2019-09-25 12:53:05,405 [pool-137-thread-1] INFO  impl.RaftServerImpl (ServerState.java:<init>(103)) - ceb95c4b-9640-4cd4-a4be-8ff2d64e56e1@group-838A05CEF965: ConfigurationManager, init=-1: [ceb95c4b-9640-4cd4-a4be-8ff2d64e56e1:192.168.151.73:36990], old=null, confs=<EMPTY_MAP>
2019-09-25 12:53:05,405 [pool-137-thread-1] INFO  server.RaftServerConfigKeys (ConfUtils.java:logGet(43)) - raft.server.storage.dir = [/workdir/hadoop-ozone/ozonefs/target/test-dir/MiniOzoneClusterImpl-8b918b52-c3dc-453c-9b69-212fa30732fd/datanode-1/data/ratis] (custom)
2019-09-25 12:53:05,405 [pool-137-thread-1] INFO  storage.RaftStorageDirectory (RaftStorageDirectory.java:analyzeStorage(246)) - The storage directory /workdir/hadoop-ozone/ozonefs/target/test-dir/MiniOzoneClusterImpl-8b918b52-c3dc-453c-9b69-212fa30732fd/datanode-1/data/ratis/57aba147-ef38-43cd-8ac0-838a05cef965 does not exist. Creating ...
2019-09-25 12:53:05,428 [pool-137-thread-1] INFO  storage.RaftStorageDirectory (RaftStorageDirectory.java:tryLock(328)) - Lock on /workdir/hadoop-ozone/ozonefs/target/test-dir/MiniOzoneClusterImpl-8b918b52-c3dc-453c-9b69-212fa30732fd/datanode-1/data/ratis/57aba147-ef38-43cd-8ac0-838a05cef965/in_use.lock acquired by nodename 3512@pr-hdds-1569-shd4m-3693607622
2019-09-25 12:53:05,451 [pool-137-thread-1] INFO  storage.RaftStorage (RaftStorage.java:format(72)) - Storage directory /workdir/hadoop-ozone/ozonefs/target/test-dir/MiniOzoneClusterImpl-8b918b52-c3dc-453c-9b69-212fa30732fd/datanode-1/data/ratis/57aba147-ef38-43cd-8ac0-838a05cef965 has been successfully formatted.
2019-09-25 12:53:05,452 [pool-137-thread-1] INFO  ratis.ContainerStateMachine (ContainerStateMachine.java:loadSnapshot(230)) - group-838A05CEF965: The snapshot info is null. Setting the last applied indexto:(t:0, i:~)
2019-09-25 12:53:05,452 [pool-137-thread-1] INFO  server.RaftServerConfigKeys (ConfUtils.java:logGet(43)) - raft.server.notification.no-leader.timeout = 120s (custom)
2019-09-25 12:53:05,452 [pool-137-thread-1] INFO  server.RaftServerConfigKeys (ConfUtils.java:logGet(43)) - raft.server.log.use.memory = false (default)
2019-09-25 12:53:05,452 [pool-137-thread-1] INFO  server.RaftServerConfigKeys (ConfUtils.java:logGet(43)) - raft.server.log.purge.gap = 1000000 (custom)
2019-09-25 12:53:05,453 [pool-137-thread-1] INFO  server.RaftServerConfigKeys (ConfUtils.java:logGet(43)) - raft.server.log.appender.buffer.byte-limit = 33554432 (custom)
2019-09-25 12:53:05,453 [pool-137-thread-1] INFO  server.RaftServerConfigKeys (ConfUtils.java:logGet(43)) - raft.server.log.segment.size.max = 1048576 (custom)
2019-09-25 12:53:05,453 [pool-137-thread-1] INFO  server.RaftServerConfigKeys (ConfUtils.java:logGet(43)) - raft.server.log.segment.cache.num.max = 2 (custom)
2019-09-25 12:53:05,453 [pool-137-thread-1] INFO  segmented.SegmentedRaftLogWorker (SegmentedRaftLogWorker.java:<init>(172)) - new ceb95c4b-9640-4cd4-a4be-8ff2d64e56e1@group-838A05CEF965-SegmentedRaftLogWorker for RaftStorage:Storage Directory /workdir/hadoop-ozone/ozonefs/target/test-dir/MiniOzoneClusterImpl-8b918b52-c3dc-453c-9b69-212fa30732fd/datanode-1/data/ratis/57aba147-ef38-43cd-8ac0-838a05cef965
2019-09-25 12:53:05,453 [pool-137-thread-1] INFO  server.RaftServerConfigKeys (ConfUtils.java:logGet(43)) - raft.server.log.queue.byte-limit = 2147483647 (custom)
2019-09-25 12:53:05,453 [pool-137-thread-1] INFO  server.RaftServerConfigKeys (ConfUtils.java:logGet(43)) - raft.server.log.queue.element-limit = 1024 (custom)
2019-09-25 12:53:05,454 [pool-137-thread-1] INFO  server.RaftServerConfigKeys (ConfUtils.java:logGet(43)) - raft.server.log.segment.size.max = 1048576 (custom)
2019-09-25 12:53:05,454 [pool-137-thread-1] INFO  server.RaftServerConfigKeys (ConfUtils.java:logGet(43)) - raft.server.log.preallocated.size = 16384 (custom)
2019-09-25 12:53:05,454 [pool-137-thread-1] INFO  server.RaftServerConfigKeys (ConfUtils.java:logGet(43)) - raft.server.log.write.buffer.size = 33554432 (custom)
2019-09-25 12:53:05,454 [pool-137-thread-1] INFO  server.RaftServerConfigKeys (ConfUtils.java:logGet(43)) - raft.server.log.force.sync.num = 128 (default)
2019-09-25 12:53:05,454 [pool-137-thread-1] INFO  server.RaftServerConfigKeys (ConfUtils.java:logGet(43)) - raft.server.log.statemachine.data.sync = true (default)
2019-09-25 12:53:05,454 [pool-137-thread-1] INFO  server.RaftServerConfigKeys (ConfUtils.java:logGet(43)) - raft.server.log.statemachine.data.sync.timeout = 10s (default)
2019-09-25 12:53:05,455 [pool-137-thread-1] INFO  server.RaftServerConfigKeys (ConfUtils.java:logGet(43)) - raft.server.log.statemachine.data.sync.timeout.retry = -1 (default)
2019-09-25 12:53:05,455 [pool-137-thread-1] INFO  server.RaftServerConfigKeys (ConfUtils.java:logGet(43)) - raft.server.log.statemachine.data.caching.enabled = true (custom)
2019-09-25 12:53:05,455 [pool-137-thread-1] INFO  segmented.SegmentedRaftLogWorker (SegmentedRaftLogWorker.java:lambda$new$0(132)) - ceb95c4b-9640-4cd4-a4be-8ff2d64e56e1@group-838A05CEF965-SegmentedRaftLogWorker: flushIndex: setUnconditionally 0 -> -1
2019-09-25 12:53:05,456 [pool-137-thread-1] INFO  server.RaftServerConfigKeys (ConfUtils.java:logGet(43)) - raft.server.snapshot.auto.trigger.enabled = true (custom)
2019-09-25 12:53:05,456 [pool-137-thread-1] INFO  server.RaftServerConfigKeys (ConfUtils.java:logGet(43)) - raft.server.snapshot.auto.trigger.threshold = 10000 (custom)
2019-09-25 12:53:05,456 [pool-137-thread-1] INFO  server.RaftServerConfigKeys (ConfUtils.java:logGet(43)) - raft.server.snapshot.retention.num.files = 5 (custom)
2019-09-25 12:53:05,456 [pool-137-thread-1] INFO  server.RaftServerConfigKeys (ConfUtils.java:logGet(43)) - raft.server.retrycache.expirytime = 600000ms (custom)
2019-09-25 12:53:05,459 [pool-137-thread-1] INFO  impl.RaftServerImpl (RaftServerImpl.java:start(185)) - ceb95c4b-9640-4cd4-a4be-8ff2d64e56e1@group-838A05CEF965: start as a follower, conf=-1: [ceb95c4b-9640-4cd4-a4be-8ff2d64e56e1:192.168.151.73:36990], old=null
2019-09-25 12:53:05,459 [pool-137-thread-1] INFO  impl.RaftServerImpl (RaftServerImpl.java:setRole(174)) - ceb95c4b-9640-4cd4-a4be-8ff2d64e56e1@group-838A05CEF965: changes role from      null to FOLLOWER at term 0 for startAsFollower
2019-09-25 12:53:05,459 [pool-137-thread-1] INFO  impl.RoleInfo (RoleInfo.java:updateAndGet(143)) - ceb95c4b-9640-4cd4-a4be-8ff2d64e56e1: start FollowerState
2019-09-25 12:53:05,460 [pool-137-thread-1] INFO  util.JmxRegister (JmxRegister.java:tryRegister(44)) - Successfully registered JMX Bean with object name Ratis:service=RaftServer,group=group-838A05CEF965,id=ceb95c4b-9640-4cd4-a4be-8ff2d64e56e1
2019-09-25 12:53:05,463 [RatisPipelineUtilsThread] INFO  pipeline.PipelineStateManager (PipelineStateManager.java:addPipeline(56)) - Created pipeline Pipeline[ Id: 57aba147-ef38-43cd-8ac0-838a05cef965, Nodes: ceb95c4b-9640-4cd4-a4be-8ff2d64e56e1{ip: 192.168.151.73, host: pr-hdds-1569-shd4m-3693607622, networkLocation: /default-rack, certSerialId: null}, Type:RATIS, Factor:ONE, State:OPEN]
2019-09-25 12:53:05,464 [RatisPipelineUtilsThread] INFO  pipeline.PipelinePlacementPolicy (PipelinePlacementPolicy.java:meetCriteria(91)) - Pipeline Placement: can't place more pipeline on heavy datanode： ceb95c4b-9640-4cd4-a4be-8ff2d64e56e1 Heaviness: 6 limit: 5
2019-09-25 12:53:05,464 [RatisPipelineUtilsThread] INFO  pipeline.PipelinePlacementPolicy (PipelinePlacementPolicy.java:meetCriteria(91)) - Pipeline Placement: can't place more pipeline on heavy datanode： 0ece0170-5656-4579-a5bc-428dc13df816 Heaviness: 6 limit: 5
2019-09-25 12:53:05,470 [grpc-default-executor-0] INFO  impl.RaftServerProxy (RaftServerProxy.java:addNew(89)) - 79f8f252-68fb-48a7-ad36-a66b8b99f572: addNew group-9629236DF57B:[79f8f252-68fb-48a7-ad36-a66b8b99f572:192.168.151.73:38046] returns group-9629236DF57B:java.util.concurrent.CompletableFuture@1786f50f[Not completed]
2019-09-25 12:53:05,471 [pool-147-thread-1] INFO  impl.RaftServerImpl (RaftServerImpl.java:<init>(95)) - 79f8f252-68fb-48a7-ad36-a66b8b99f572: new RaftServerImpl for group-9629236DF57B:[79f8f252-68fb-48a7-ad36-a66b8b99f572:192.168.151.73:38046] with ContainerStateMachine:uninitialized
2019-09-25 12:53:05,471 [pool-147-thread-1] INFO  server.RaftServerConfigKeys (ConfUtils.java:logGet(43)) - raft.server.rpc.timeout.min = 5s (custom)
2019-09-25 12:53:05,471 [pool-147-thread-1] INFO  server.RaftServerConfigKeys (ConfUtils.java:logGet(43)) - raft.server.rpc.timeout.max = 5200ms (custom)
2019-09-25 12:53:05,471 [pool-147-thread-1] INFO  server.RaftServerConfigKeys (ConfUtils.java:logGet(43)) - raft.server.rpcslowness.timeout = 120s (custom)
2019-09-25 12:53:05,471 [pool-147-thread-1] INFO  server.RaftServerConfigKeys (ConfUtils.java:logGet(43)) - raft.server.sleep.deviation.threshold = 300 (default)
2019-09-25 12:53:05,471 [pool-147-thread-1] INFO  server.RaftServerConfigKeys (ConfUtils.java:logGet(43)) - raft.server.log.appender.install.snapshot.enabled = false (custom)
2019-09-25 12:53:05,472 [pool-147-thread-1] INFO  impl.RaftServerImpl (ServerState.java:<init>(103)) - 79f8f252-68fb-48a7-ad36-a66b8b99f572@group-9629236DF57B: ConfigurationManager, init=-1: [79f8f252-68fb-48a7-ad36-a66b8b99f572:192.168.151.73:38046], old=null, confs=<EMPTY_MAP>
2019-09-25 12:53:05,472 [pool-147-thread-1] INFO  server.RaftServerConfigKeys (ConfUtils.java:logGet(43)) - raft.server.storage.dir = [/workdir/hadoop-ozone/ozonefs/target/test-dir/MiniOzoneClusterImpl-8b918b52-c3dc-453c-9b69-212fa30732fd/datanode-2/data/ratis] (custom)
2019-09-25 12:53:05,472 [pool-147-thread-1] INFO  storage.RaftStorageDirectory (RaftStorageDirectory.java:analyzeStorage(246)) - The storage directory /workdir/hadoop-ozone/ozonefs/target/test-dir/MiniOzoneClusterImpl-8b918b52-c3dc-453c-9b69-212fa30732fd/datanode-2/data/ratis/56fe83d4-cbd1-4e33-9eac-9629236df57b does not exist. Creating ...
2019-09-25 12:53:05,486 [pool-147-thread-1] INFO  storage.RaftStorageDirectory (RaftStorageDirectory.java:tryLock(328)) - Lock on /workdir/hadoop-ozone/ozonefs/target/test-dir/MiniOzoneClusterImpl-8b918b52-c3dc-453c-9b69-212fa30732fd/datanode-2/data/ratis/56fe83d4-cbd1-4e33-9eac-9629236df57b/in_use.lock acquired by nodename 3512@pr-hdds-1569-shd4m-3693607622
2019-09-25 12:53:05,499 [pool-147-thread-1] INFO  storage.RaftStorage (RaftStorage.java:format(72)) - Storage directory /workdir/hadoop-ozone/ozonefs/target/test-dir/MiniOzoneClusterImpl-8b918b52-c3dc-453c-9b69-212fa30732fd/datanode-2/data/ratis/56fe83d4-cbd1-4e33-9eac-9629236df57b has been successfully formatted.
2019-09-25 12:53:05,499 [pool-147-thread-1] INFO  ratis.ContainerStateMachine (ContainerStateMachine.java:loadSnapshot(230)) - group-9629236DF57B: The snapshot info is null. Setting the last applied indexto:(t:0, i:~)
2019-09-25 12:53:05,499 [pool-147-thread-1] INFO  server.RaftServerConfigKeys (ConfUtils.java:logGet(43)) - raft.server.notification.no-leader.timeout = 120s (custom)
2019-09-25 12:53:05,499 [pool-147-thread-1] INFO  server.RaftServerConfigKeys (ConfUtils.java:logGet(43)) - raft.server.log.use.memory = false (default)
2019-09-25 12:53:05,500 [pool-147-thread-1] INFO  server.RaftServerConfigKeys (ConfUtils.java:logGet(43)) - raft.server.log.purge.gap = 1000000 (custom)
2019-09-25 12:53:05,500 [pool-147-thread-1] INFO  server.RaftServerConfigKeys (ConfUtils.java:logGet(43)) - raft.server.log.appender.buffer.byte-limit = 33554432 (custom)
2019-09-25 12:53:05,500 [pool-147-thread-1] INFO  server.RaftServerConfigKeys (ConfUtils.java:logGet(43)) - raft.server.log.segment.size.max = 1048576 (custom)
2019-09-25 12:53:05,500 [pool-147-thread-1] INFO  server.RaftServerConfigKeys (ConfUtils.java:logGet(43)) - raft.server.log.segment.cache.num.max = 2 (custom)
2019-09-25 12:53:05,500 [pool-147-thread-1] INFO  segmented.SegmentedRaftLogWorker (SegmentedRaftLogWorker.java:<init>(172)) - new 79f8f252-68fb-48a7-ad36-a66b8b99f572@group-9629236DF57B-SegmentedRaftLogWorker for RaftStorage:Storage Directory /workdir/hadoop-ozone/ozonefs/target/test-dir/MiniOzoneClusterImpl-8b918b52-c3dc-453c-9b69-212fa30732fd/datanode-2/data/ratis/56fe83d4-cbd1-4e33-9eac-9629236df57b
2019-09-25 12:53:05,500 [pool-147-thread-1] INFO  server.RaftServerConfigKeys (ConfUtils.java:logGet(43)) - raft.server.log.queue.byte-limit = 2147483647 (custom)
2019-09-25 12:53:05,500 [pool-147-thread-1] INFO  server.RaftServerConfigKeys (ConfUtils.java:logGet(43)) - raft.server.log.queue.element-limit = 1024 (custom)
2019-09-25 12:53:05,501 [pool-147-thread-1] INFO  server.RaftServerConfigKeys (ConfUtils.java:logGet(43)) - raft.server.log.segment.size.max = 1048576 (custom)
2019-09-25 12:53:05,501 [pool-147-thread-1] INFO  server.RaftServerConfigKeys (ConfUtils.java:logGet(43)) - raft.server.log.preallocated.size = 16384 (custom)
2019-09-25 12:53:05,501 [pool-147-thread-1] INFO  server.RaftServerConfigKeys (ConfUtils.java:logGet(43)) - raft.server.log.write.buffer.size = 33554432 (custom)
2019-09-25 12:53:05,501 [pool-147-thread-1] INFO  server.RaftServerConfigKeys (ConfUtils.java:logGet(43)) - raft.server.log.force.sync.num = 128 (default)
2019-09-25 12:53:05,501 [pool-147-thread-1] INFO  server.RaftServerConfigKeys (ConfUtils.java:logGet(43)) - raft.server.log.statemachine.data.sync = true (default)
2019-09-25 12:53:05,501 [pool-147-thread-1] INFO  server.RaftServerConfigKeys (ConfUtils.java:logGet(43)) - raft.server.log.statemachine.data.sync.timeout = 10s (default)
2019-09-25 12:53:05,502 [pool-147-thread-1] INFO  server.RaftServerConfigKeys (ConfUtils.java:logGet(43)) - raft.server.log.statemachine.data.sync.timeout.retry = -1 (default)
2019-09-25 12:53:05,502 [pool-147-thread-1] INFO  server.RaftServerConfigKeys (ConfUtils.java:logGet(43)) - raft.server.log.statemachine.data.caching.enabled = true (custom)
2019-09-25 12:53:05,502 [pool-147-thread-1] INFO  segmented.SegmentedRaftLogWorker (SegmentedRaftLogWorker.java:lambda$new$0(132)) - 79f8f252-68fb-48a7-ad36-a66b8b99f572@group-9629236DF57B-SegmentedRaftLogWorker: flushIndex: setUnconditionally 0 -> -1
2019-09-25 12:53:05,502 [pool-147-thread-1] INFO  server.RaftServerConfigKeys (ConfUtils.java:logGet(43)) - raft.server.snapshot.auto.trigger.enabled = true (custom)
2019-09-25 12:53:05,502 [pool-147-thread-1] INFO  server.RaftServerConfigKeys (ConfUtils.java:logGet(43)) - raft.server.snapshot.auto.trigger.threshold = 10000 (custom)
2019-09-25 12:53:05,503 [pool-147-thread-1] INFO  server.RaftServerConfigKeys (ConfUtils.java:logGet(43)) - raft.server.snapshot.retention.num.files = 5 (custom)
2019-09-25 12:53:05,503 [pool-147-thread-1] INFO  server.RaftServerConfigKeys (ConfUtils.java:logGet(43)) - raft.server.retrycache.expirytime = 600000ms (custom)
2019-09-25 12:53:05,505 [pool-147-thread-1] INFO  impl.RaftServerImpl (RaftServerImpl.java:start(185)) - 79f8f252-68fb-48a7-ad36-a66b8b99f572@group-9629236DF57B: start as a follower, conf=-1: [79f8f252-68fb-48a7-ad36-a66b8b99f572:192.168.151.73:38046], old=null
2019-09-25 12:53:05,505 [pool-147-thread-1] INFO  impl.RaftServerImpl (RaftServerImpl.java:setRole(174)) - 79f8f252-68fb-48a7-ad36-a66b8b99f572@group-9629236DF57B: changes role from      null to FOLLOWER at term 0 for startAsFollower
2019-09-25 12:53:05,505 [pool-147-thread-1] INFO  impl.RoleInfo (RoleInfo.java:updateAndGet(143)) - 79f8f252-68fb-48a7-ad36-a66b8b99f572: start FollowerState
2019-09-25 12:53:05,505 [pool-147-thread-1] INFO  util.JmxRegister (JmxRegister.java:tryRegister(44)) - Successfully registered JMX Bean with object name Ratis:service=RaftServer,group=group-9629236DF57B,id=79f8f252-68fb-48a7-ad36-a66b8b99f572
2019-09-25 12:53:05,509 [RatisPipelineUtilsThread] INFO  pipeline.PipelineStateManager (PipelineStateManager.java:addPipeline(56)) - Created pipeline Pipeline[ Id: 56fe83d4-cbd1-4e33-9eac-9629236df57b, Nodes: 79f8f252-68fb-48a7-ad36-a66b8b99f572{ip: 192.168.151.73, host: pr-hdds-1569-shd4m-3693607622, networkLocation: /default-rack, certSerialId: null}, Type:RATIS, Factor:ONE, State:OPEN]
2019-09-25 12:53:05,509 [RatisPipelineUtilsThread] INFO  pipeline.PipelinePlacementPolicy (PipelinePlacementPolicy.java:meetCriteria(91)) - Pipeline Placement: can't place more pipeline on heavy datanode： ceb95c4b-9640-4cd4-a4be-8ff2d64e56e1 Heaviness: 6 limit: 5
2019-09-25 12:53:05,510 [RatisPipelineUtilsThread] INFO  pipeline.PipelinePlacementPolicy (PipelinePlacementPolicy.java:meetCriteria(91)) - Pipeline Placement: can't place more pipeline on heavy datanode： 0ece0170-5656-4579-a5bc-428dc13df816 Heaviness: 6 limit: 5
2019-09-25 12:53:05,516 [grpc-default-executor-0] INFO  impl.RaftServerProxy (RaftServerProxy.java:addNew(89)) - 79f8f252-68fb-48a7-ad36-a66b8b99f572: addNew group-40C6D45542BD:[79f8f252-68fb-48a7-ad36-a66b8b99f572:192.168.151.73:38046] returns group-40C6D45542BD:java.util.concurrent.CompletableFuture@2cd18d8[Not completed]
2019-09-25 12:53:05,517 [pool-147-thread-1] INFO  impl.RaftServerImpl (RaftServerImpl.java:<init>(95)) - 79f8f252-68fb-48a7-ad36-a66b8b99f572: new RaftServerImpl for group-40C6D45542BD:[79f8f252-68fb-48a7-ad36-a66b8b99f572:192.168.151.73:38046] with ContainerStateMachine:uninitialized
2019-09-25 12:53:05,517 [pool-147-thread-1] INFO  server.RaftServerConfigKeys (ConfUtils.java:logGet(43)) - raft.server.rpc.timeout.min = 5s (custom)
2019-09-25 12:53:05,517 [pool-147-thread-1] INFO  server.RaftServerConfigKeys (ConfUtils.java:logGet(43)) - raft.server.rpc.timeout.max = 5200ms (custom)
2019-09-25 12:53:05,517 [pool-147-thread-1] INFO  server.RaftServerConfigKeys (ConfUtils.java:logGet(43)) - raft.server.rpcslowness.timeout = 120s (custom)
2019-09-25 12:53:05,517 [pool-147-thread-1] INFO  server.RaftServerConfigKeys (ConfUtils.java:logGet(43)) - raft.server.sleep.deviation.threshold = 300 (default)
2019-09-25 12:53:05,517 [pool-147-thread-1] INFO  server.RaftServerConfigKeys (ConfUtils.java:logGet(43)) - raft.server.log.appender.install.snapshot.enabled = false (custom)
2019-09-25 12:53:05,517 [pool-147-thread-1] INFO  impl.RaftServerImpl (ServerState.java:<init>(103)) - 79f8f252-68fb-48a7-ad36-a66b8b99f572@group-40C6D45542BD: ConfigurationManager, init=-1: [79f8f252-68fb-48a7-ad36-a66b8b99f572:192.168.151.73:38046], old=null, confs=<EMPTY_MAP>
2019-09-25 12:53:05,518 [pool-147-thread-1] INFO  server.RaftServerConfigKeys (ConfUtils.java:logGet(43)) - raft.server.storage.dir = [/workdir/hadoop-ozone/ozonefs/target/test-dir/MiniOzoneClusterImpl-8b918b52-c3dc-453c-9b69-212fa30732fd/datanode-2/data/ratis] (custom)
2019-09-25 12:53:05,518 [pool-147-thread-1] INFO  storage.RaftStorageDirectory (RaftStorageDirectory.java:analyzeStorage(246)) - The storage directory /workdir/hadoop-ozone/ozonefs/target/test-dir/MiniOzoneClusterImpl-8b918b52-c3dc-453c-9b69-212fa30732fd/datanode-2/data/ratis/e9cc11f4-7d35-4e41-aa9a-40c6d45542bd does not exist. Creating ...
2019-09-25 12:53:05,532 [pool-147-thread-1] INFO  storage.RaftStorageDirectory (RaftStorageDirectory.java:tryLock(328)) - Lock on /workdir/hadoop-ozone/ozonefs/target/test-dir/MiniOzoneClusterImpl-8b918b52-c3dc-453c-9b69-212fa30732fd/datanode-2/data/ratis/e9cc11f4-7d35-4e41-aa9a-40c6d45542bd/in_use.lock acquired by nodename 3512@pr-hdds-1569-shd4m-3693607622
2019-09-25 12:53:05,544 [pool-147-thread-1] INFO  storage.RaftStorage (RaftStorage.java:format(72)) - Storage directory /workdir/hadoop-ozone/ozonefs/target/test-dir/MiniOzoneClusterImpl-8b918b52-c3dc-453c-9b69-212fa30732fd/datanode-2/data/ratis/e9cc11f4-7d35-4e41-aa9a-40c6d45542bd has been successfully formatted.
2019-09-25 12:53:05,545 [pool-147-thread-1] INFO  ratis.ContainerStateMachine (ContainerStateMachine.java:loadSnapshot(230)) - group-40C6D45542BD: The snapshot info is null. Setting the last applied indexto:(t:0, i:~)
2019-09-25 12:53:05,545 [pool-147-thread-1] INFO  server.RaftServerConfigKeys (ConfUtils.java:logGet(43)) - raft.server.notification.no-leader.timeout = 120s (custom)
2019-09-25 12:53:05,545 [pool-147-thread-1] INFO  server.RaftServerConfigKeys (ConfUtils.java:logGet(43)) - raft.server.log.use.memory = false (default)
2019-09-25 12:53:05,545 [pool-147-thread-1] INFO  server.RaftServerConfigKeys (ConfUtils.java:logGet(43)) - raft.server.log.purge.gap = 1000000 (custom)
2019-09-25 12:53:05,545 [pool-147-thread-1] INFO  server.RaftServerConfigKeys (ConfUtils.java:logGet(43)) - raft.server.log.appender.buffer.byte-limit = 33554432 (custom)
2019-09-25 12:53:05,545 [pool-147-thread-1] INFO  server.RaftServerConfigKeys (ConfUtils.java:logGet(43)) - raft.server.log.segment.size.max = 1048576 (custom)
2019-09-25 12:53:05,545 [pool-147-thread-1] INFO  server.RaftServerConfigKeys (ConfUtils.java:logGet(43)) - raft.server.log.segment.cache.num.max = 2 (custom)
2019-09-25 12:53:05,546 [pool-147-thread-1] INFO  segmented.SegmentedRaftLogWorker (SegmentedRaftLogWorker.java:<init>(172)) - new 79f8f252-68fb-48a7-ad36-a66b8b99f572@group-40C6D45542BD-SegmentedRaftLogWorker for RaftStorage:Storage Directory /workdir/hadoop-ozone/ozonefs/target/test-dir/MiniOzoneClusterImpl-8b918b52-c3dc-453c-9b69-212fa30732fd/datanode-2/data/ratis/e9cc11f4-7d35-4e41-aa9a-40c6d45542bd
2019-09-25 12:53:05,546 [pool-147-thread-1] INFO  server.RaftServerConfigKeys (ConfUtils.java:logGet(43)) - raft.server.log.queue.byte-limit = 2147483647 (custom)
2019-09-25 12:53:05,546 [pool-147-thread-1] INFO  server.RaftServerConfigKeys (ConfUtils.java:logGet(43)) - raft.server.log.queue.element-limit = 1024 (custom)
2019-09-25 12:53:05,546 [pool-147-thread-1] INFO  server.RaftServerConfigKeys (ConfUtils.java:logGet(43)) - raft.server.log.segment.size.max = 1048576 (custom)
2019-09-25 12:53:05,546 [pool-147-thread-1] INFO  server.RaftServerConfigKeys (ConfUtils.java:logGet(43)) - raft.server.log.preallocated.size = 16384 (custom)
2019-09-25 12:53:05,546 [pool-147-thread-1] INFO  server.RaftServerConfigKeys (ConfUtils.java:logGet(43)) - raft.server.log.write.buffer.size = 33554432 (custom)
2019-09-25 12:53:05,546 [pool-147-thread-1] INFO  server.RaftServerConfigKeys (ConfUtils.java:logGet(43)) - raft.server.log.force.sync.num = 128 (default)
2019-09-25 12:53:05,546 [pool-147-thread-1] INFO  server.RaftServerConfigKeys (ConfUtils.java:logGet(43)) - raft.server.log.statemachine.data.sync = true (default)
2019-09-25 12:53:05,547 [pool-147-thread-1] INFO  server.RaftServerConfigKeys (ConfUtils.java:logGet(43)) - raft.server.log.statemachine.data.sync.timeout = 10s (default)
2019-09-25 12:53:05,547 [pool-147-thread-1] INFO  server.RaftServerConfigKeys (ConfUtils.java:logGet(43)) - raft.server.log.statemachine.data.sync.timeout.retry = -1 (default)
2019-09-25 12:53:05,547 [pool-147-thread-1] INFO  server.RaftServerConfigKeys (ConfUtils.java:logGet(43)) - raft.server.log.statemachine.data.caching.enabled = true (custom)
2019-09-25 12:53:05,547 [pool-147-thread-1] INFO  segmented.SegmentedRaftLogWorker (SegmentedRaftLogWorker.java:lambda$new$0(132)) - 79f8f252-68fb-48a7-ad36-a66b8b99f572@group-40C6D45542BD-SegmentedRaftLogWorker: flushIndex: setUnconditionally 0 -> -1
2019-09-25 12:53:05,547 [pool-147-thread-1] INFO  server.RaftServerConfigKeys (ConfUtils.java:logGet(43)) - raft.server.snapshot.auto.trigger.enabled = true (custom)
2019-09-25 12:53:05,548 [pool-147-thread-1] INFO  server.RaftServerConfigKeys (ConfUtils.java:logGet(43)) - raft.server.snapshot.auto.trigger.threshold = 10000 (custom)
2019-09-25 12:53:05,548 [pool-147-thread-1] INFO  server.RaftServerConfigKeys (ConfUtils.java:logGet(43)) - raft.server.snapshot.retention.num.files = 5 (custom)
2019-09-25 12:53:05,548 [pool-147-thread-1] INFO  server.RaftServerConfigKeys (ConfUtils.java:logGet(43)) - raft.server.retrycache.expirytime = 600000ms (custom)
2019-09-25 12:53:05,550 [pool-147-thread-1] INFO  impl.RaftServerImpl (RaftServerImpl.java:start(185)) - 79f8f252-68fb-48a7-ad36-a66b8b99f572@group-40C6D45542BD: start as a follower, conf=-1: [79f8f252-68fb-48a7-ad36-a66b8b99f572:192.168.151.73:38046], old=null
2019-09-25 12:53:05,550 [pool-147-thread-1] INFO  impl.RaftServerImpl (RaftServerImpl.java:setRole(174)) - 79f8f252-68fb-48a7-ad36-a66b8b99f572@group-40C6D45542BD: changes role from      null to FOLLOWER at term 0 for startAsFollower
2019-09-25 12:53:05,550 [pool-147-thread-1] INFO  impl.RoleInfo (RoleInfo.java:updateAndGet(143)) - 79f8f252-68fb-48a7-ad36-a66b8b99f572: start FollowerState
2019-09-25 12:53:05,550 [pool-147-thread-1] INFO  util.JmxRegister (JmxRegister.java:tryRegister(44)) - Successfully registered JMX Bean with object name Ratis:service=RaftServer,group=group-40C6D45542BD,id=79f8f252-68fb-48a7-ad36-a66b8b99f572
2019-09-25 12:53:05,554 [RatisPipelineUtilsThread] INFO  pipeline.PipelineStateManager (PipelineStateManager.java:addPipeline(56)) - Created pipeline Pipeline[ Id: e9cc11f4-7d35-4e41-aa9a-40c6d45542bd, Nodes: 79f8f252-68fb-48a7-ad36-a66b8b99f572{ip: 192.168.151.73, host: pr-hdds-1569-shd4m-3693607622, networkLocation: /default-rack, certSerialId: null}, Type:RATIS, Factor:ONE, State:OPEN]
2019-09-25 12:53:05,554 [RatisPipelineUtilsThread] INFO  pipeline.PipelinePlacementPolicy (PipelinePlacementPolicy.java:meetCriteria(91)) - Pipeline Placement: can't place more pipeline on heavy datanode： ceb95c4b-9640-4cd4-a4be-8ff2d64e56e1 Heaviness: 6 limit: 5
2019-09-25 12:53:05,554 [RatisPipelineUtilsThread] INFO  pipeline.PipelinePlacementPolicy (PipelinePlacementPolicy.java:meetCriteria(91)) - Pipeline Placement: can't place more pipeline on heavy datanode： 0ece0170-5656-4579-a5bc-428dc13df816 Heaviness: 6 limit: 5
2019-09-25 12:53:05,560 [grpc-default-executor-0] INFO  impl.RaftServerProxy (RaftServerProxy.java:addNew(89)) - 79f8f252-68fb-48a7-ad36-a66b8b99f572: addNew group-BC9D5F8533B2:[79f8f252-68fb-48a7-ad36-a66b8b99f572:192.168.151.73:38046] returns group-BC9D5F8533B2:java.util.concurrent.CompletableFuture@48f78362[Not completed]
2019-09-25 12:53:05,561 [pool-147-thread-1] INFO  impl.RaftServerImpl (RaftServerImpl.java:<init>(95)) - 79f8f252-68fb-48a7-ad36-a66b8b99f572: new RaftServerImpl for group-BC9D5F8533B2:[79f8f252-68fb-48a7-ad36-a66b8b99f572:192.168.151.73:38046] with ContainerStateMachine:uninitialized
2019-09-25 12:53:05,561 [pool-147-thread-1] INFO  server.RaftServerConfigKeys (ConfUtils.java:logGet(43)) - raft.server.rpc.timeout.min = 5s (custom)
2019-09-25 12:53:05,561 [pool-147-thread-1] INFO  server.RaftServerConfigKeys (ConfUtils.java:logGet(43)) - raft.server.rpc.timeout.max = 5200ms (custom)
2019-09-25 12:53:05,561 [pool-147-thread-1] INFO  server.RaftServerConfigKeys (ConfUtils.java:logGet(43)) - raft.server.rpcslowness.timeout = 120s (custom)
2019-09-25 12:53:05,561 [pool-147-thread-1] INFO  server.RaftServerConfigKeys (ConfUtils.java:logGet(43)) - raft.server.sleep.deviation.threshold = 300 (default)
2019-09-25 12:53:05,561 [pool-147-thread-1] INFO  server.RaftServerConfigKeys (ConfUtils.java:logGet(43)) - raft.server.log.appender.install.snapshot.enabled = false (custom)
2019-09-25 12:53:05,561 [pool-147-thread-1] INFO  impl.RaftServerImpl (ServerState.java:<init>(103)) - 79f8f252-68fb-48a7-ad36-a66b8b99f572@group-BC9D5F8533B2: ConfigurationManager, init=-1: [79f8f252-68fb-48a7-ad36-a66b8b99f572:192.168.151.73:38046], old=null, confs=<EMPTY_MAP>
2019-09-25 12:53:05,561 [pool-147-thread-1] INFO  server.RaftServerConfigKeys (ConfUtils.java:logGet(43)) - raft.server.storage.dir = [/workdir/hadoop-ozone/ozonefs/target/test-dir/MiniOzoneClusterImpl-8b918b52-c3dc-453c-9b69-212fa30732fd/datanode-2/data/ratis] (custom)
2019-09-25 12:53:05,562 [pool-147-thread-1] INFO  storage.RaftStorageDirectory (RaftStorageDirectory.java:analyzeStorage(246)) - The storage directory /workdir/hadoop-ozone/ozonefs/target/test-dir/MiniOzoneClusterImpl-8b918b52-c3dc-453c-9b69-212fa30732fd/datanode-2/data/ratis/da3004a8-f08e-43e5-9a5d-bc9d5f8533b2 does not exist. Creating ...
2019-09-25 12:53:05,575 [pool-147-thread-1] INFO  storage.RaftStorageDirectory (RaftStorageDirectory.java:tryLock(328)) - Lock on /workdir/hadoop-ozone/ozonefs/target/test-dir/MiniOzoneClusterImpl-8b918b52-c3dc-453c-9b69-212fa30732fd/datanode-2/data/ratis/da3004a8-f08e-43e5-9a5d-bc9d5f8533b2/in_use.lock acquired by nodename 3512@pr-hdds-1569-shd4m-3693607622
2019-09-25 12:53:05,588 [pool-147-thread-1] INFO  storage.RaftStorage (RaftStorage.java:format(72)) - Storage directory /workdir/hadoop-ozone/ozonefs/target/test-dir/MiniOzoneClusterImpl-8b918b52-c3dc-453c-9b69-212fa30732fd/datanode-2/data/ratis/da3004a8-f08e-43e5-9a5d-bc9d5f8533b2 has been successfully formatted.
2019-09-25 12:53:05,588 [pool-147-thread-1] INFO  ratis.ContainerStateMachine (ContainerStateMachine.java:loadSnapshot(230)) - group-BC9D5F8533B2: The snapshot info is null. Setting the last applied indexto:(t:0, i:~)
2019-09-25 12:53:05,588 [pool-147-thread-1] INFO  server.RaftServerConfigKeys (ConfUtils.java:logGet(43)) - raft.server.notification.no-leader.timeout = 120s (custom)
2019-09-25 12:53:05,588 [pool-147-thread-1] INFO  server.RaftServerConfigKeys (ConfUtils.java:logGet(43)) - raft.server.log.use.memory = false (default)
2019-09-25 12:53:05,589 [pool-147-thread-1] INFO  server.RaftServerConfigKeys (ConfUtils.java:logGet(43)) - raft.server.log.purge.gap = 1000000 (custom)
2019-09-25 12:53:05,589 [pool-147-thread-1] INFO  server.RaftServerConfigKeys (ConfUtils.java:logGet(43)) - raft.server.log.appender.buffer.byte-limit = 33554432 (custom)
2019-09-25 12:53:05,589 [pool-147-thread-1] INFO  server.RaftServerConfigKeys (ConfUtils.java:logGet(43)) - raft.server.log.segment.size.max = 1048576 (custom)
2019-09-25 12:53:05,589 [pool-147-thread-1] INFO  server.RaftServerConfigKeys (ConfUtils.java:logGet(43)) - raft.server.log.segment.cache.num.max = 2 (custom)
2019-09-25 12:53:05,589 [pool-147-thread-1] INFO  segmented.SegmentedRaftLogWorker (SegmentedRaftLogWorker.java:<init>(172)) - new 79f8f252-68fb-48a7-ad36-a66b8b99f572@group-BC9D5F8533B2-SegmentedRaftLogWorker for RaftStorage:Storage Directory /workdir/hadoop-ozone/ozonefs/target/test-dir/MiniOzoneClusterImpl-8b918b52-c3dc-453c-9b69-212fa30732fd/datanode-2/data/ratis/da3004a8-f08e-43e5-9a5d-bc9d5f8533b2
2019-09-25 12:53:05,589 [pool-147-thread-1] INFO  server.RaftServerConfigKeys (ConfUtils.java:logGet(43)) - raft.server.log.queue.byte-limit = 2147483647 (custom)
2019-09-25 12:53:05,589 [pool-147-thread-1] INFO  server.RaftServerConfigKeys (ConfUtils.java:logGet(43)) - raft.server.log.queue.element-limit = 1024 (custom)
2019-09-25 12:53:05,589 [pool-147-thread-1] INFO  server.RaftServerConfigKeys (ConfUtils.java:logGet(43)) - raft.server.log.segment.size.max = 1048576 (custom)
2019-09-25 12:53:05,589 [pool-147-thread-1] INFO  server.RaftServerConfigKeys (ConfUtils.java:logGet(43)) - raft.server.log.preallocated.size = 16384 (custom)
2019-09-25 12:53:05,590 [pool-147-thread-1] INFO  server.RaftServerConfigKeys (ConfUtils.java:logGet(43)) - raft.server.log.write.buffer.size = 33554432 (custom)
2019-09-25 12:53:05,590 [pool-147-thread-1] INFO  server.RaftServerConfigKeys (ConfUtils.java:logGet(43)) - raft.server.log.force.sync.num = 128 (default)
2019-09-25 12:53:05,590 [pool-147-thread-1] INFO  server.RaftServerConfigKeys (ConfUtils.java:logGet(43)) - raft.server.log.statemachine.data.sync = true (default)
2019-09-25 12:53:05,590 [pool-147-thread-1] INFO  server.RaftServerConfigKeys (ConfUtils.java:logGet(43)) - raft.server.log.statemachine.data.sync.timeout = 10s (default)
2019-09-25 12:53:05,590 [pool-147-thread-1] INFO  server.RaftServerConfigKeys (ConfUtils.java:logGet(43)) - raft.server.log.statemachine.data.sync.timeout.retry = -1 (default)
2019-09-25 12:53:05,590 [pool-147-thread-1] INFO  server.RaftServerConfigKeys (ConfUtils.java:logGet(43)) - raft.server.log.statemachine.data.caching.enabled = true (custom)
2019-09-25 12:53:05,590 [pool-147-thread-1] INFO  segmented.SegmentedRaftLogWorker (SegmentedRaftLogWorker.java:lambda$new$0(132)) - 79f8f252-68fb-48a7-ad36-a66b8b99f572@group-BC9D5F8533B2-SegmentedRaftLogWorker: flushIndex: setUnconditionally 0 -> -1
2019-09-25 12:53:05,591 [pool-147-thread-1] INFO  server.RaftServerConfigKeys (ConfUtils.java:logGet(43)) - raft.server.snapshot.auto.trigger.enabled = true (custom)
2019-09-25 12:53:05,591 [pool-147-thread-1] INFO  server.RaftServerConfigKeys (ConfUtils.java:logGet(43)) - raft.server.snapshot.auto.trigger.threshold = 10000 (custom)
2019-09-25 12:53:05,591 [pool-147-thread-1] INFO  server.RaftServerConfigKeys (ConfUtils.java:logGet(43)) - raft.server.snapshot.retention.num.files = 5 (custom)
2019-09-25 12:53:05,591 [pool-147-thread-1] INFO  server.RaftServerConfigKeys (ConfUtils.java:logGet(43)) - raft.server.retrycache.expirytime = 600000ms (custom)
2019-09-25 12:53:05,592 [pool-147-thread-1] INFO  impl.RaftServerImpl (RaftServerImpl.java:start(185)) - 79f8f252-68fb-48a7-ad36-a66b8b99f572@group-BC9D5F8533B2: start as a follower, conf=-1: [79f8f252-68fb-48a7-ad36-a66b8b99f572:192.168.151.73:38046], old=null
2019-09-25 12:53:05,592 [pool-147-thread-1] INFO  impl.RaftServerImpl (RaftServerImpl.java:setRole(174)) - 79f8f252-68fb-48a7-ad36-a66b8b99f572@group-BC9D5F8533B2: changes role from      null to FOLLOWER at term 0 for startAsFollower
2019-09-25 12:53:05,592 [pool-147-thread-1] INFO  impl.RoleInfo (RoleInfo.java:updateAndGet(143)) - 79f8f252-68fb-48a7-ad36-a66b8b99f572: start FollowerState
2019-09-25 12:53:05,593 [pool-147-thread-1] INFO  util.JmxRegister (JmxRegister.java:tryRegister(44)) - Successfully registered JMX Bean with object name Ratis:service=RaftServer,group=group-BC9D5F8533B2,id=79f8f252-68fb-48a7-ad36-a66b8b99f572
2019-09-25 12:53:05,595 [RatisPipelineUtilsThread] INFO  pipeline.PipelineStateManager (PipelineStateManager.java:addPipeline(56)) - Created pipeline Pipeline[ Id: da3004a8-f08e-43e5-9a5d-bc9d5f8533b2, Nodes: 79f8f252-68fb-48a7-ad36-a66b8b99f572{ip: 192.168.151.73, host: pr-hdds-1569-shd4m-3693607622, networkLocation: /default-rack, certSerialId: null}, Type:RATIS, Factor:ONE, State:OPEN]
2019-09-25 12:53:05,596 [RatisPipelineUtilsThread] INFO  pipeline.PipelinePlacementPolicy (PipelinePlacementPolicy.java:meetCriteria(91)) - Pipeline Placement: can't place more pipeline on heavy datanode： ceb95c4b-9640-4cd4-a4be-8ff2d64e56e1 Heaviness: 6 limit: 5
2019-09-25 12:53:05,596 [RatisPipelineUtilsThread] INFO  pipeline.PipelinePlacementPolicy (PipelinePlacementPolicy.java:meetCriteria(91)) - Pipeline Placement: can't place more pipeline on heavy datanode： 0ece0170-5656-4579-a5bc-428dc13df816 Heaviness: 6 limit: 5
2019-09-25 12:53:05,601 [grpc-default-executor-0] INFO  impl.RaftServerProxy (RaftServerProxy.java:addNew(89)) - 79f8f252-68fb-48a7-ad36-a66b8b99f572: addNew group-77A1509DBCAC:[79f8f252-68fb-48a7-ad36-a66b8b99f572:192.168.151.73:38046] returns group-77A1509DBCAC:java.util.concurrent.CompletableFuture@5c1d512a[Not completed]
2019-09-25 12:53:05,602 [pool-147-thread-1] INFO  impl.RaftServerImpl (RaftServerImpl.java:<init>(95)) - 79f8f252-68fb-48a7-ad36-a66b8b99f572: new RaftServerImpl for group-77A1509DBCAC:[79f8f252-68fb-48a7-ad36-a66b8b99f572:192.168.151.73:38046] with ContainerStateMachine:uninitialized
2019-09-25 12:53:05,602 [pool-147-thread-1] INFO  server.RaftServerConfigKeys (ConfUtils.java:logGet(43)) - raft.server.rpc.timeout.min = 5s (custom)
2019-09-25 12:53:05,602 [pool-147-thread-1] INFO  server.RaftServerConfigKeys (ConfUtils.java:logGet(43)) - raft.server.rpc.timeout.max = 5200ms (custom)
2019-09-25 12:53:05,602 [pool-147-thread-1] INFO  server.RaftServerConfigKeys (ConfUtils.java:logGet(43)) - raft.server.rpcslowness.timeout = 120s (custom)
2019-09-25 12:53:05,602 [pool-147-thread-1] INFO  server.RaftServerConfigKeys (ConfUtils.java:logGet(43)) - raft.server.sleep.deviation.threshold = 300 (default)
2019-09-25 12:53:05,602 [pool-147-thread-1] INFO  server.RaftServerConfigKeys (ConfUtils.java:logGet(43)) - raft.server.log.appender.install.snapshot.enabled = false (custom)
2019-09-25 12:53:05,602 [pool-147-thread-1] INFO  impl.RaftServerImpl (ServerState.java:<init>(103)) - 79f8f252-68fb-48a7-ad36-a66b8b99f572@group-77A1509DBCAC: ConfigurationManager, init=-1: [79f8f252-68fb-48a7-ad36-a66b8b99f572:192.168.151.73:38046], old=null, confs=<EMPTY_MAP>
2019-09-25 12:53:05,602 [pool-147-thread-1] INFO  server.RaftServerConfigKeys (ConfUtils.java:logGet(43)) - raft.server.storage.dir = [/workdir/hadoop-ozone/ozonefs/target/test-dir/MiniOzoneClusterImpl-8b918b52-c3dc-453c-9b69-212fa30732fd/datanode-2/data/ratis] (custom)
2019-09-25 12:53:05,603 [pool-147-thread-1] INFO  storage.RaftStorageDirectory (RaftStorageDirectory.java:analyzeStorage(246)) - The storage directory /workdir/hadoop-ozone/ozonefs/target/test-dir/MiniOzoneClusterImpl-8b918b52-c3dc-453c-9b69-212fa30732fd/datanode-2/data/ratis/cf2719a6-b8e6-4922-87ea-77a1509dbcac does not exist. Creating ...
2019-09-25 12:53:05,615 [pool-147-thread-1] INFO  storage.RaftStorageDirectory (RaftStorageDirectory.java:tryLock(328)) - Lock on /workdir/hadoop-ozone/ozonefs/target/test-dir/MiniOzoneClusterImpl-8b918b52-c3dc-453c-9b69-212fa30732fd/datanode-2/data/ratis/cf2719a6-b8e6-4922-87ea-77a1509dbcac/in_use.lock acquired by nodename 3512@pr-hdds-1569-shd4m-3693607622
2019-09-25 12:53:05,628 [pool-147-thread-1] INFO  storage.RaftStorage (RaftStorage.java:format(72)) - Storage directory /workdir/hadoop-ozone/ozonefs/target/test-dir/MiniOzoneClusterImpl-8b918b52-c3dc-453c-9b69-212fa30732fd/datanode-2/data/ratis/cf2719a6-b8e6-4922-87ea-77a1509dbcac has been successfully formatted.
2019-09-25 12:53:05,628 [pool-147-thread-1] INFO  ratis.ContainerStateMachine (ContainerStateMachine.java:loadSnapshot(230)) - group-77A1509DBCAC: The snapshot info is null. Setting the last applied indexto:(t:0, i:~)
2019-09-25 12:53:05,628 [pool-147-thread-1] INFO  server.RaftServerConfigKeys (ConfUtils.java:logGet(43)) - raft.server.notification.no-leader.timeout = 120s (custom)
2019-09-25 12:53:05,628 [pool-147-thread-1] INFO  server.RaftServerConfigKeys (ConfUtils.java:logGet(43)) - raft.server.log.use.memory = false (default)
2019-09-25 12:53:05,628 [pool-147-thread-1] INFO  server.RaftServerConfigKeys (ConfUtils.java:logGet(43)) - raft.server.log.purge.gap = 1000000 (custom)
2019-09-25 12:53:05,628 [pool-147-thread-1] INFO  server.RaftServerConfigKeys (ConfUtils.java:logGet(43)) - raft.server.log.appender.buffer.byte-limit = 33554432 (custom)
2019-09-25 12:53:05,628 [pool-147-thread-1] INFO  server.RaftServerConfigKeys (ConfUtils.java:logGet(43)) - raft.server.log.segment.size.max = 1048576 (custom)
2019-09-25 12:53:05,629 [pool-147-thread-1] INFO  server.RaftServerConfigKeys (ConfUtils.java:logGet(43)) - raft.server.log.segment.cache.num.max = 2 (custom)
2019-09-25 12:53:05,629 [pool-147-thread-1] INFO  segmented.SegmentedRaftLogWorker (SegmentedRaftLogWorker.java:<init>(172)) - new 79f8f252-68fb-48a7-ad36-a66b8b99f572@group-77A1509DBCAC-SegmentedRaftLogWorker for RaftStorage:Storage Directory /workdir/hadoop-ozone/ozonefs/target/test-dir/MiniOzoneClusterImpl-8b918b52-c3dc-453c-9b69-212fa30732fd/datanode-2/data/ratis/cf2719a6-b8e6-4922-87ea-77a1509dbcac
2019-09-25 12:53:05,629 [pool-147-thread-1] INFO  server.RaftServerConfigKeys (ConfUtils.java:logGet(43)) - raft.server.log.queue.byte-limit = 2147483647 (custom)
2019-09-25 12:53:05,629 [pool-147-thread-1] INFO  server.RaftServerConfigKeys (ConfUtils.java:logGet(43)) - raft.server.log.queue.element-limit = 1024 (custom)
2019-09-25 12:53:05,629 [pool-147-thread-1] INFO  server.RaftServerConfigKeys (ConfUtils.java:logGet(43)) - raft.server.log.segment.size.max = 1048576 (custom)
2019-09-25 12:53:05,629 [pool-147-thread-1] INFO  server.RaftServerConfigKeys (ConfUtils.java:logGet(43)) - raft.server.log.preallocated.size = 16384 (custom)
2019-09-25 12:53:05,629 [pool-147-thread-1] INFO  server.RaftServerConfigKeys (ConfUtils.java:logGet(43)) - raft.server.log.write.buffer.size = 33554432 (custom)
2019-09-25 12:53:05,629 [pool-147-thread-1] INFO  server.RaftServerConfigKeys (ConfUtils.java:logGet(43)) - raft.server.log.force.sync.num = 128 (default)
2019-09-25 12:53:05,629 [pool-147-thread-1] INFO  server.RaftServerConfigKeys (ConfUtils.java:logGet(43)) - raft.server.log.statemachine.data.sync = true (default)
2019-09-25 12:53:05,629 [pool-147-thread-1] INFO  server.RaftServerConfigKeys (ConfUtils.java:logGet(43)) - raft.server.log.statemachine.data.sync.timeout = 10s (default)
2019-09-25 12:53:05,630 [pool-147-thread-1] INFO  server.RaftServerConfigKeys (ConfUtils.java:logGet(43)) - raft.server.log.statemachine.data.sync.timeout.retry = -1 (default)
2019-09-25 12:53:05,630 [pool-147-thread-1] INFO  server.RaftServerConfigKeys (ConfUtils.java:logGet(43)) - raft.server.log.statemachine.data.caching.enabled = true (custom)
2019-09-25 12:53:05,630 [pool-147-thread-1] INFO  segmented.SegmentedRaftLogWorker (SegmentedRaftLogWorker.java:lambda$new$0(132)) - 79f8f252-68fb-48a7-ad36-a66b8b99f572@group-77A1509DBCAC-SegmentedRaftLogWorker: flushIndex: setUnconditionally 0 -> -1
2019-09-25 12:53:05,630 [pool-147-thread-1] INFO  server.RaftServerConfigKeys (ConfUtils.java:logGet(43)) - raft.server.snapshot.auto.trigger.enabled = true (custom)
2019-09-25 12:53:05,630 [pool-147-thread-1] INFO  server.RaftServerConfigKeys (ConfUtils.java:logGet(43)) - raft.server.snapshot.auto.trigger.threshold = 10000 (custom)
2019-09-25 12:53:05,630 [pool-147-thread-1] INFO  server.RaftServerConfigKeys (ConfUtils.java:logGet(43)) - raft.server.snapshot.retention.num.files = 5 (custom)
2019-09-25 12:53:05,631 [pool-147-thread-1] INFO  server.RaftServerConfigKeys (ConfUtils.java:logGet(43)) - raft.server.retrycache.expirytime = 600000ms (custom)
2019-09-25 12:53:05,632 [pool-147-thread-1] INFO  impl.RaftServerImpl (RaftServerImpl.java:start(185)) - 79f8f252-68fb-48a7-ad36-a66b8b99f572@group-77A1509DBCAC: start as a follower, conf=-1: [79f8f252-68fb-48a7-ad36-a66b8b99f572:192.168.151.73:38046], old=null
2019-09-25 12:53:05,632 [pool-147-thread-1] INFO  impl.RaftServerImpl (RaftServerImpl.java:setRole(174)) - 79f8f252-68fb-48a7-ad36-a66b8b99f572@group-77A1509DBCAC: changes role from      null to FOLLOWER at term 0 for startAsFollower
2019-09-25 12:53:05,632 [pool-147-thread-1] INFO  impl.RoleInfo (RoleInfo.java:updateAndGet(143)) - 79f8f252-68fb-48a7-ad36-a66b8b99f572: start FollowerState
2019-09-25 12:53:05,633 [pool-147-thread-1] INFO  util.JmxRegister (JmxRegister.java:tryRegister(44)) - Successfully registered JMX Bean with object name Ratis:service=RaftServer,group=group-77A1509DBCAC,id=79f8f252-68fb-48a7-ad36-a66b8b99f572
2019-09-25 12:53:05,635 [RatisPipelineUtilsThread] INFO  pipeline.PipelineStateManager (PipelineStateManager.java:addPipeline(56)) - Created pipeline Pipeline[ Id: cf2719a6-b8e6-4922-87ea-77a1509dbcac, Nodes: 79f8f252-68fb-48a7-ad36-a66b8b99f572{ip: 192.168.151.73, host: pr-hdds-1569-shd4m-3693607622, networkLocation: /default-rack, certSerialId: null}, Type:RATIS, Factor:ONE, State:OPEN]
2019-09-25 12:53:05,635 [RatisPipelineUtilsThread] INFO  pipeline.PipelinePlacementPolicy (PipelinePlacementPolicy.java:meetCriteria(91)) - Pipeline Placement: can't place more pipeline on heavy datanode： 79f8f252-68fb-48a7-ad36-a66b8b99f572 Heaviness: 6 limit: 5
2019-09-25 12:53:05,636 [RatisPipelineUtilsThread] INFO  pipeline.PipelinePlacementPolicy (PipelinePlacementPolicy.java:meetCriteria(91)) - Pipeline Placement: can't place more pipeline on heavy datanode： ceb95c4b-9640-4cd4-a4be-8ff2d64e56e1 Heaviness: 6 limit: 5
2019-09-25 12:53:05,636 [RatisPipelineUtilsThread] INFO  pipeline.PipelinePlacementPolicy (PipelinePlacementPolicy.java:meetCriteria(91)) - Pipeline Placement: can't place more pipeline on heavy datanode： 0ece0170-5656-4579-a5bc-428dc13df816 Heaviness: 6 limit: 5
2019-09-25 12:53:05,636 [RatisPipelineUtilsThread] ERROR pipeline.PipelinePlacementPolicy (PipelinePlacementPolicy.java:filterViableNodes(148)) - Unable to find enough nodes that meet the criteria that cannot engage in more than 5 pipelines. Nodes required: 1 Found: 0, healthy nodes count inNodeManager: 3.
2019-09-25 12:53:05,636 [RatisPipelineUtilsThread] ERROR pipeline.SCMPipelineManager (SCMPipelineManager.java:createPipeline(167)) - Pipeline creation failed.
org.apache.hadoop.hdds.scm.exceptions.SCMException: Unable to find enough nodes that meet the criteria that cannot engage in more than 5 pipelines. Nodes required: 1 Found: 0, healthy nodes count inNodeManager: 3.
	at org.apache.hadoop.hdds.scm.pipeline.PipelinePlacementPolicy.filterViableNodes(PipelinePlacementPolicy.java:149)
	at org.apache.hadoop.hdds.scm.pipeline.PipelinePlacementPolicy.chooseDatanodes(PipelinePlacementPolicy.java:172)
	at org.apache.hadoop.hdds.scm.pipeline.RatisPipelineProvider.create(RatisPipelineProvider.java:93)
	at org.apache.hadoop.hdds.scm.pipeline.PipelineFactory.create(PipelineFactory.java:58)
	at org.apache.hadoop.hdds.scm.pipeline.SCMPipelineManager.createPipeline(SCMPipelineManager.java:155)
	at org.apache.hadoop.hdds.scm.pipeline.BackgroundPipelineCreator.createPipelines(BackgroundPipelineCreator.java:99)
	at java.util.concurrent.Executors$RunnableAdapter.call(Executors.java:511)
	at java.util.concurrent.FutureTask.run(FutureTask.java:266)
	at java.util.concurrent.ScheduledThreadPoolExecutor$ScheduledFutureTask.access$201(ScheduledThreadPoolExecutor.java:180)
	at java.util.concurrent.ScheduledThreadPoolExecutor$ScheduledFutureTask.run(ScheduledThreadPoolExecutor.java:293)
	at java.util.concurrent.ThreadPoolExecutor.runWorker(ThreadPoolExecutor.java:1149)
	at java.util.concurrent.ThreadPoolExecutor$Worker.run(ThreadPoolExecutor.java:624)
	at java.lang.Thread.run(Thread.java:748)
2019-09-25 12:53:05,637 [RatisPipelineUtilsThread] INFO  pipeline.PipelinePlacementPolicy (PipelinePlacementPolicy.java:meetCriteria(91)) - Pipeline Placement: can't place more pipeline on heavy datanode： 79f8f252-68fb-48a7-ad36-a66b8b99f572 Heaviness: 6 limit: 5
2019-09-25 12:53:05,637 [RatisPipelineUtilsThread] INFO  pipeline.PipelinePlacementPolicy (PipelinePlacementPolicy.java:meetCriteria(91)) - Pipeline Placement: can't place more pipeline on heavy datanode： ceb95c4b-9640-4cd4-a4be-8ff2d64e56e1 Heaviness: 6 limit: 5
2019-09-25 12:53:05,637 [RatisPipelineUtilsThread] INFO  pipeline.PipelinePlacementPolicy (PipelinePlacementPolicy.java:meetCriteria(91)) - Pipeline Placement: can't place more pipeline on heavy datanode： 0ece0170-5656-4579-a5bc-428dc13df816 Heaviness: 6 limit: 5
2019-09-25 12:53:05,637 [RatisPipelineUtilsThread] ERROR pipeline.PipelinePlacementPolicy (PipelinePlacementPolicy.java:filterViableNodes(148)) - Unable to find enough nodes that meet the criteria that cannot engage in more than 5 pipelines. Nodes required: 3 Found: 0, healthy nodes count inNodeManager: 3.
2019-09-25 12:53:05,638 [RatisPipelineUtilsThread] ERROR pipeline.SCMPipelineManager (SCMPipelineManager.java:createPipeline(167)) - Pipeline creation failed.
org.apache.hadoop.hdds.scm.exceptions.SCMException: Unable to find enough nodes that meet the criteria that cannot engage in more than 5 pipelines. Nodes required: 3 Found: 0, healthy nodes count inNodeManager: 3.
	at org.apache.hadoop.hdds.scm.pipeline.PipelinePlacementPolicy.filterViableNodes(PipelinePlacementPolicy.java:149)
	at org.apache.hadoop.hdds.scm.pipeline.PipelinePlacementPolicy.chooseDatanodes(PipelinePlacementPolicy.java:172)
	at org.apache.hadoop.hdds.scm.pipeline.RatisPipelineProvider.create(RatisPipelineProvider.java:93)
	at org.apache.hadoop.hdds.scm.pipeline.PipelineFactory.create(PipelineFactory.java:58)
	at org.apache.hadoop.hdds.scm.pipeline.SCMPipelineManager.createPipeline(SCMPipelineManager.java:155)
	at org.apache.hadoop.hdds.scm.pipeline.BackgroundPipelineCreator.createPipelines(BackgroundPipelineCreator.java:99)
	at java.util.concurrent.Executors$RunnableAdapter.call(Executors.java:511)
	at java.util.concurrent.FutureTask.run(FutureTask.java:266)
	at java.util.concurrent.ScheduledThreadPoolExecutor$ScheduledFutureTask.access$201(ScheduledThreadPoolExecutor.java:180)
	at java.util.concurrent.ScheduledThreadPoolExecutor$ScheduledFutureTask.run(ScheduledThreadPoolExecutor.java:293)
	at java.util.concurrent.ThreadPoolExecutor.runWorker(ThreadPoolExecutor.java:1149)
	at java.util.concurrent.ThreadPoolExecutor$Worker.run(ThreadPoolExecutor.java:624)
	at java.lang.Thread.run(Thread.java:748)
2019-09-25 12:53:05,638 [RatisPipelineUtilsThread] INFO  pipeline.PipelinePlacementPolicy (PipelinePlacementPolicy.java:meetCriteria(91)) - Pipeline Placement: can't place more pipeline on heavy datanode： 79f8f252-68fb-48a7-ad36-a66b8b99f572 Heaviness: 6 limit: 5
2019-09-25 12:53:05,638 [RatisPipelineUtilsThread] INFO  pipeline.PipelinePlacementPolicy (PipelinePlacementPolicy.java:meetCriteria(91)) - Pipeline Placement: can't place more pipeline on heavy datanode： ceb95c4b-9640-4cd4-a4be-8ff2d64e56e1 Heaviness: 6 limit: 5
2019-09-25 12:53:05,639 [RatisPipelineUtilsThread] INFO  pipeline.PipelinePlacementPolicy (PipelinePlacementPolicy.java:meetCriteria(91)) - Pipeline Placement: can't place more pipeline on heavy datanode： 0ece0170-5656-4579-a5bc-428dc13df816 Heaviness: 6 limit: 5
2019-09-25 12:53:05,639 [RatisPipelineUtilsThread] ERROR pipeline.PipelinePlacementPolicy (PipelinePlacementPolicy.java:filterViableNodes(148)) - Unable to find enough nodes that meet the criteria that cannot engage in more than 5 pipelines. Nodes required: 1 Found: 0, healthy nodes count inNodeManager: 3.
2019-09-25 12:53:05,639 [RatisPipelineUtilsThread] ERROR pipeline.SCMPipelineManager (SCMPipelineManager.java:createPipeline(167)) - Pipeline creation failed.
org.apache.hadoop.hdds.scm.exceptions.SCMException: Unable to find enough nodes that meet the criteria that cannot engage in more than 5 pipelines. Nodes required: 1 Found: 0, healthy nodes count inNodeManager: 3.
	at org.apache.hadoop.hdds.scm.pipeline.PipelinePlacementPolicy.filterViableNodes(PipelinePlacementPolicy.java:149)
	at org.apache.hadoop.hdds.scm.pipeline.PipelinePlacementPolicy.chooseDatanodes(PipelinePlacementPolicy.java:172)
	at org.apache.hadoop.hdds.scm.pipeline.RatisPipelineProvider.create(RatisPipelineProvider.java:93)
	at org.apache.hadoop.hdds.scm.pipeline.PipelineFactory.create(PipelineFactory.java:58)
	at org.apache.hadoop.hdds.scm.pipeline.SCMPipelineManager.createPipeline(SCMPipelineManager.java:155)
	at org.apache.hadoop.hdds.scm.pipeline.BackgroundPipelineCreator.createPipelines(BackgroundPipelineCreator.java:99)
	at org.apache.hadoop.hdds.scm.pipeline.BackgroundPipelineCreator.lambda$startFixedIntervalPipelineCreator$0(BackgroundPipelineCreator.java:70)
	at java.util.concurrent.Executors$RunnableAdapter.call(Executors.java:511)
	at java.util.concurrent.FutureTask.runAndReset(FutureTask.java:308)
	at java.util.concurrent.ScheduledThreadPoolExecutor$ScheduledFutureTask.access$301(ScheduledThreadPoolExecutor.java:180)
	at java.util.concurrent.ScheduledThreadPoolExecutor$ScheduledFutureTask.run(ScheduledThreadPoolExecutor.java:294)
	at java.util.concurrent.ThreadPoolExecutor.runWorker(ThreadPoolExecutor.java:1149)
	at java.util.concurrent.ThreadPoolExecutor$Worker.run(ThreadPoolExecutor.java:624)
	at java.lang.Thread.run(Thread.java:748)
2019-09-25 12:53:05,639 [RatisPipelineUtilsThread] INFO  pipeline.PipelinePlacementPolicy (PipelinePlacementPolicy.java:meetCriteria(91)) - Pipeline Placement: can't place more pipeline on heavy datanode： 79f8f252-68fb-48a7-ad36-a66b8b99f572 Heaviness: 6 limit: 5
2019-09-25 12:53:05,640 [RatisPipelineUtilsThread] INFO  pipeline.PipelinePlacementPolicy (PipelinePlacementPolicy.java:meetCriteria(91)) - Pipeline Placement: can't place more pipeline on heavy datanode： ceb95c4b-9640-4cd4-a4be-8ff2d64e56e1 Heaviness: 6 limit: 5
2019-09-25 12:53:05,640 [RatisPipelineUtilsThread] INFO  pipeline.PipelinePlacementPolicy (PipelinePlacementPolicy.java:meetCriteria(91)) - Pipeline Placement: can't place more pipeline on heavy datanode： 0ece0170-5656-4579-a5bc-428dc13df816 Heaviness: 6 limit: 5
2019-09-25 12:53:05,640 [RatisPipelineUtilsThread] ERROR pipeline.PipelinePlacementPolicy (PipelinePlacementPolicy.java:filterViableNodes(148)) - Unable to find enough nodes that meet the criteria that cannot engage in more than 5 pipelines. Nodes required: 3 Found: 0, healthy nodes count inNodeManager: 3.
2019-09-25 12:53:05,640 [RatisPipelineUtilsThread] ERROR pipeline.SCMPipelineManager (SCMPipelineManager.java:createPipeline(167)) - Pipeline creation failed.
org.apache.hadoop.hdds.scm.exceptions.SCMException: Unable to find enough nodes that meet the criteria that cannot engage in more than 5 pipelines. Nodes required: 3 Found: 0, healthy nodes count inNodeManager: 3.
	at org.apache.hadoop.hdds.scm.pipeline.PipelinePlacementPolicy.filterViableNodes(PipelinePlacementPolicy.java:149)
	at org.apache.hadoop.hdds.scm.pipeline.PipelinePlacementPolicy.chooseDatanodes(PipelinePlacementPolicy.java:172)
	at org.apache.hadoop.hdds.scm.pipeline.RatisPipelineProvider.create(RatisPipelineProvider.java:93)
	at org.apache.hadoop.hdds.scm.pipeline.PipelineFactory.create(PipelineFactory.java:58)
	at org.apache.hadoop.hdds.scm.pipeline.SCMPipelineManager.createPipeline(SCMPipelineManager.java:155)
	at org.apache.hadoop.hdds.scm.pipeline.BackgroundPipelineCreator.createPipelines(BackgroundPipelineCreator.java:99)
	at org.apache.hadoop.hdds.scm.pipeline.BackgroundPipelineCreator.lambda$startFixedIntervalPipelineCreator$0(BackgroundPipelineCreator.java:70)
	at java.util.concurrent.Executors$RunnableAdapter.call(Executors.java:511)
	at java.util.concurrent.FutureTask.runAndReset(FutureTask.java:308)
	at java.util.concurrent.ScheduledThreadPoolExecutor$ScheduledFutureTask.access$301(ScheduledThreadPoolExecutor.java:180)
	at java.util.concurrent.ScheduledThreadPoolExecutor$ScheduledFutureTask.run(ScheduledThreadPoolExecutor.java:294)
	at java.util.concurrent.ThreadPoolExecutor.runWorker(ThreadPoolExecutor.java:1149)
	at java.util.concurrent.ThreadPoolExecutor$Worker.run(ThreadPoolExecutor.java:624)
	at java.lang.Thread.run(Thread.java:748)
2019-09-25 12:53:05,822 [Thread-539] INFO  ozone.MiniOzoneClusterImpl (MiniOzoneClusterImpl.java:lambda$waitForClusterToBeReady$0(147)) - Cluster is ready. Got 3 of 3 DN Heartbeats.
2019-09-25 12:53:05,866 [Thread-539] INFO  rpc.RpcClient (RpcClient.java:createVolume(276)) - Creating Volume: volume27961, with user79626 as owner.
2019-09-25 12:53:05,871 [IPC Server handler 1 on 42735] INFO  volume.OMVolumeCreateRequest (OMVolumeCreateRequest.java:validateAndUpdateCache(189)) - created volume:volume27961 for user:user79626
2019-09-25 12:53:05,882 [Thread-539] INFO  rpc.RpcClient (RpcClient.java:createBucket(415)) - Creating Bucket: volume27961/bucket29463, with Versioning false and Storage Type set to DISK and Encryption set to false 
2019-09-25 12:53:05,957 [IPC Server handler 1 on 43480] INFO  pipeline.PipelinePlacementPolicy (PipelinePlacementPolicy.java:meetCriteria(91)) - Pipeline Placement: can't place more pipeline on heavy datanode： 79f8f252-68fb-48a7-ad36-a66b8b99f572 Heaviness: 6 limit: 5
2019-09-25 12:53:05,958 [IPC Server handler 1 on 43480] INFO  pipeline.PipelinePlacementPolicy (PipelinePlacementPolicy.java:meetCriteria(91)) - Pipeline Placement: can't place more pipeline on heavy datanode： ceb95c4b-9640-4cd4-a4be-8ff2d64e56e1 Heaviness: 6 limit: 5
2019-09-25 12:53:05,958 [IPC Server handler 1 on 43480] INFO  pipeline.PipelinePlacementPolicy (PipelinePlacementPolicy.java:meetCriteria(91)) - Pipeline Placement: can't place more pipeline on heavy datanode： 0ece0170-5656-4579-a5bc-428dc13df816 Heaviness: 6 limit: 5
2019-09-25 12:53:05,958 [IPC Server handler 1 on 43480] ERROR pipeline.PipelinePlacementPolicy (PipelinePlacementPolicy.java:filterViableNodes(148)) - Unable to find enough nodes that meet the criteria that cannot engage in more than 5 pipelines. Nodes required: 3 Found: 0, healthy nodes count inNodeManager: 3.
2019-09-25 12:53:05,958 [IPC Server handler 1 on 43480] ERROR pipeline.SCMPipelineManager (SCMPipelineManager.java:createPipeline(167)) - Pipeline creation failed.
org.apache.hadoop.hdds.scm.exceptions.SCMException: Unable to find enough nodes that meet the criteria that cannot engage in more than 5 pipelines. Nodes required: 3 Found: 0, healthy nodes count inNodeManager: 3.
	at org.apache.hadoop.hdds.scm.pipeline.PipelinePlacementPolicy.filterViableNodes(PipelinePlacementPolicy.java:149)
	at org.apache.hadoop.hdds.scm.pipeline.PipelinePlacementPolicy.chooseDatanodes(PipelinePlacementPolicy.java:172)
	at org.apache.hadoop.hdds.scm.pipeline.RatisPipelineProvider.create(RatisPipelineProvider.java:93)
	at org.apache.hadoop.hdds.scm.pipeline.PipelineFactory.create(PipelineFactory.java:58)
	at org.apache.hadoop.hdds.scm.pipeline.SCMPipelineManager.createPipeline(SCMPipelineManager.java:155)
	at org.apache.hadoop.hdds.scm.block.BlockManagerImpl.allocateBlock(BlockManagerImpl.java:190)
	at org.apache.hadoop.hdds.scm.server.SCMBlockProtocolServer.allocateBlock(SCMBlockProtocolServer.java:182)
	at org.apache.hadoop.ozone.protocolPB.ScmBlockLocationProtocolServerSideTranslatorPB.allocateScmBlock(ScmBlockLocationProtocolServerSideTranslatorPB.java:183)
	at org.apache.hadoop.ozone.protocolPB.ScmBlockLocationProtocolServerSideTranslatorPB.processMessage(ScmBlockLocationProtocolServerSideTranslatorPB.java:141)
	at org.apache.hadoop.ozone.protocolPB.ScmBlockLocationProtocolServerSideTranslatorPB.send(ScmBlockLocationProtocolServerSideTranslatorPB.java:116)
	at org.apache.hadoop.hdds.protocol.proto.ScmBlockLocationProtocolProtos$ScmBlockLocationProtocolService$2.callBlockingMethod(ScmBlockLocationProtocolProtos.java:13157)
	at org.apache.hadoop.ipc.ProtobufRpcEngine$Server$ProtoBufRpcInvoker.call(ProtobufRpcEngine.java:524)
	at org.apache.hadoop.ipc.RPC$Server.call(RPC.java:1025)
	at org.apache.hadoop.ipc.Server$RpcCall.run(Server.java:876)
	at org.apache.hadoop.ipc.Server$RpcCall.run(Server.java:822)
	at java.security.AccessController.doPrivileged(Native Method)
	at javax.security.auth.Subject.doAs(Subject.java:422)
	at org.apache.hadoop.security.UserGroupInformation.doAs(UserGroupInformation.java:1730)
	at org.apache.hadoop.ipc.Server$Handler.run(Server.java:2682)
2019-09-25 12:53:05,959 [IPC Server handler 1 on 43480] WARN  block.BlockManagerImpl (BlockManagerImpl.java:allocateBlock(192)) - Pipeline creation failed for type:RATIS factor:THREE. Retrying get pipelines call once.
org.apache.hadoop.hdds.scm.exceptions.SCMException: Unable to find enough nodes that meet the criteria that cannot engage in more than 5 pipelines. Nodes required: 3 Found: 0, healthy nodes count inNodeManager: 3.
	at org.apache.hadoop.hdds.scm.pipeline.PipelinePlacementPolicy.filterViableNodes(PipelinePlacementPolicy.java:149)
	at org.apache.hadoop.hdds.scm.pipeline.PipelinePlacementPolicy.chooseDatanodes(PipelinePlacementPolicy.java:172)
	at org.apache.hadoop.hdds.scm.pipeline.RatisPipelineProvider.create(RatisPipelineProvider.java:93)
	at org.apache.hadoop.hdds.scm.pipeline.PipelineFactory.create(PipelineFactory.java:58)
	at org.apache.hadoop.hdds.scm.pipeline.SCMPipelineManager.createPipeline(SCMPipelineManager.java:155)
	at org.apache.hadoop.hdds.scm.block.BlockManagerImpl.allocateBlock(BlockManagerImpl.java:190)
	at org.apache.hadoop.hdds.scm.server.SCMBlockProtocolServer.allocateBlock(SCMBlockProtocolServer.java:182)
	at org.apache.hadoop.ozone.protocolPB.ScmBlockLocationProtocolServerSideTranslatorPB.allocateScmBlock(ScmBlockLocationProtocolServerSideTranslatorPB.java:183)
	at org.apache.hadoop.ozone.protocolPB.ScmBlockLocationProtocolServerSideTranslatorPB.processMessage(ScmBlockLocationProtocolServerSideTranslatorPB.java:141)
	at org.apache.hadoop.ozone.protocolPB.ScmBlockLocationProtocolServerSideTranslatorPB.send(ScmBlockLocationProtocolServerSideTranslatorPB.java:116)
	at org.apache.hadoop.hdds.protocol.proto.ScmBlockLocationProtocolProtos$ScmBlockLocationProtocolService$2.callBlockingMethod(ScmBlockLocationProtocolProtos.java:13157)
	at org.apache.hadoop.ipc.ProtobufRpcEngine$Server$ProtoBufRpcInvoker.call(ProtobufRpcEngine.java:524)
	at org.apache.hadoop.ipc.RPC$Server.call(RPC.java:1025)
	at org.apache.hadoop.ipc.Server$RpcCall.run(Server.java:876)
	at org.apache.hadoop.ipc.Server$RpcCall.run(Server.java:822)
	at java.security.AccessController.doPrivileged(Native Method)
	at javax.security.auth.Subject.doAs(Subject.java:422)
	at org.apache.hadoop.security.UserGroupInformation.doAs(UserGroupInformation.java:1730)
	at org.apache.hadoop.ipc.Server$Handler.run(Server.java:2682)
2019-09-25 12:53:05,959 [IPC Server handler 1 on 43480] INFO  block.BlockManagerImpl (BlockManagerImpl.java:allocateBlock(198)) - Could not find available pipeline of type:RATIS and factor:THREE even after retrying
2019-09-25 12:53:05,959 [IPC Server handler 1 on 43480] ERROR block.BlockManagerImpl (BlockManagerImpl.java:allocateBlock(222)) - Unable to allocate a block for the size: 4194304, type: RATIS, factor: THREE
2019-09-25 12:53:05,967 [Thread-539] INFO  ozone.MiniOzoneClusterImpl (MiniOzoneClusterImpl.java:shutdown(314)) - Shutting down the Mini Ozone Cluster
2019-09-25 12:53:05,967 [Thread-539] INFO  ozone.MiniOzoneClusterImpl (MiniOzoneClusterImpl.java:stop(330)) - Stopping the Mini Ozone Cluster
2019-09-25 12:53:05,967 [Thread-539] INFO  ozone.MiniOzoneClusterImpl (MiniOzoneClusterImpl.java:stopOM(400)) - Stopping the OzoneManager
2019-09-25 12:53:05,967 [Thread-539] INFO  ipc.Server (Server.java:stop(3082)) - Stopping server on 42735
2019-09-25 12:53:05,971 [Thread-539] INFO  ratis.OzoneManagerDoubleBuffer (OzoneManagerDoubleBuffer.java:stop(248)) - Stopping OMDoubleBuffer flush thread
2019-09-25 12:53:05,971 [IPC Server listener on 42735] INFO  ipc.Server (Server.java:run(1185)) - Stopping IPC Server listener on 42735
2019-09-25 12:53:05,971 [IPC Server Responder] INFO  ipc.Server (Server.java:run(1319)) - Stopping IPC Server Responder
2019-09-25 12:53:05,972 [OMDoubleBufferFlushThread] INFO  ratis.OzoneManagerDoubleBuffer (OzoneManagerDoubleBuffer.java:flushTransactions(191)) - OMDoubleBuffer flush thread OMDoubleBufferFlushThread is interrupted and will exit. OMDoubleBufferFlushThread
2019-09-25 12:53:05,974 [Thread-539] INFO  utils.BackgroundService (BackgroundService.java:shutdown(148)) - Shutting down service KeyDeletingService
2019-09-25 12:53:05,976 [Thread-539] INFO  handler.ContextHandler (ContextHandler.java:doStop(910)) - Stopped o.e.j.w.WebAppContext@53a4453e{/,null,UNAVAILABLE}{/ozoneManager}
2019-09-25 12:53:05,977 [Thread-539] INFO  server.AbstractConnector (AbstractConnector.java:doStop(318)) - Stopped ServerConnector@38963a02{HTTP/1.1,[http/1.1]}{0.0.0.0:0}
2019-09-25 12:53:05,977 [Thread-539] INFO  handler.ContextHandler (ContextHandler.java:doStop(910)) - Stopped o.e.j.s.ServletContextHandler@60110387{/static,jar:file:/home/user/.m2/repository/org/apache/hadoop/hadoop-ozone-ozone-manager/0.5.0-SNAPSHOT/hadoop-ozone-ozone-manager-0.5.0-SNAPSHOT.jar!/webapps/static,UNAVAILABLE}
2019-09-25 12:53:05,978 [Thread-539] INFO  handler.ContextHandler (ContextHandler.java:doStop(910)) - Stopped o.e.j.s.ServletContextHandler@1102f110{/logs,file:///workdir/hadoop-ozone/ozonefs/target/log,UNAVAILABLE}
2019-09-25 12:53:05,979 [Thread-539] INFO  ozone.MiniOzoneClusterImpl (MiniOzoneClusterImpl.java:stopDatanodes(377)) - Stopping the HddsDatanodes
2019-09-25 12:53:06,678 [Datanode State Machine Thread - 0] INFO  statemachine.DatanodeStateMachine (DatanodeStateMachine.java:lambda$startDaemon$0(350)) - Ozone container server started.
2019-09-25 12:53:06,750 [Datanode State Machine Thread - 0] INFO  statemachine.DatanodeStateMachine (DatanodeStateMachine.java:lambda$startDaemon$0(350)) - Ozone container server started.
2019-09-25 12:53:07,689 [Thread-711] INFO  container.ReplicationManager (ReplicationManager.java:start(163)) - Starting Replication Monitor Thread.
2019-09-25 12:53:07,692 [ReplicationMonitor] INFO  container.ReplicationManager (ReplicationManager.java:run(226)) - Replication Monitor Thread took 0 milliseconds for processing 0 containers.
2019-09-25 12:53:09,824 [Thread-713] INFO  impl.FollowerState (FollowerState.java:run(106)) - 0ece0170-5656-4579-a5bc-428dc13df816:group-7FF9E75BF8F4 changes to CANDIDATE, lastRpcTime:5079, electionTimeout:5079ms
2019-09-25 12:53:09,826 [Thread-713] INFO  impl.RoleInfo (RoleInfo.java:shutdownFollowerState(121)) - 0ece0170-5656-4579-a5bc-428dc13df816: shutdown FollowerState
2019-09-25 12:53:09,826 [Thread-713] INFO  impl.RaftServerImpl (RaftServerImpl.java:setRole(174)) - 0ece0170-5656-4579-a5bc-428dc13df816@group-7FF9E75BF8F4: changes role from  FOLLOWER to CANDIDATE at term 0 for changeToCandidate
2019-09-25 12:53:09,827 [Thread-713] INFO  impl.RoleInfo (RoleInfo.java:updateAndGet(143)) - 0ece0170-5656-4579-a5bc-428dc13df816: start LeaderElection
2019-09-25 12:53:09,856 [0ece0170-5656-4579-a5bc-428dc13df816@group-7FF9E75BF8F4:LeaderElection35] INFO  impl.LeaderElection (LeaderElection.java:askForVotes(182)) - 0ece0170-5656-4579-a5bc-428dc13df816@group-7FF9E75BF8F4:LeaderElection35: begin an election at term 1 for -1: [0ece0170-5656-4579-a5bc-428dc13df816:192.168.151.73:41509], old=null
2019-09-25 12:53:09,856 [0ece0170-5656-4579-a5bc-428dc13df816@group-7FF9E75BF8F4:LeaderElection35] INFO  impl.RoleInfo (RoleInfo.java:shutdownLeaderElection(134)) - 0ece0170-5656-4579-a5bc-428dc13df816: shutdown LeaderElection
2019-09-25 12:53:09,856 [0ece0170-5656-4579-a5bc-428dc13df816@group-7FF9E75BF8F4:LeaderElection35] INFO  impl.RaftServerImpl (RaftServerImpl.java:setRole(174)) - 0ece0170-5656-4579-a5bc-428dc13df816@group-7FF9E75BF8F4: changes role from CANDIDATE to LEADER at term 1 for changeToLeader
2019-09-25 12:53:09,857 [0ece0170-5656-4579-a5bc-428dc13df816@group-7FF9E75BF8F4:LeaderElection35] INFO  impl.RaftServerImpl (ServerState.java:setLeader(253)) - 0ece0170-5656-4579-a5bc-428dc13df816@group-7FF9E75BF8F4: change Leader from null to 0ece0170-5656-4579-a5bc-428dc13df816 at term 1 for becomeLeader, leader elected after 5121ms
2019-09-25 12:53:09,857 [0ece0170-5656-4579-a5bc-428dc13df816@group-7FF9E75BF8F4:LeaderElection35] INFO  server.RaftServerConfigKeys (ConfUtils.java:logGet(43)) - raft.server.staging.catchup.gap = 1000 (default)
2019-09-25 12:53:09,857 [0ece0170-5656-4579-a5bc-428dc13df816@group-7FF9E75BF8F4:LeaderElection35] INFO  server.RaftServerConfigKeys (ConfUtils.java:logGet(43)) - raft.server.rpc.sleep.time = 25ms (default)
2019-09-25 12:53:09,857 [0ece0170-5656-4579-a5bc-428dc13df816@group-7FF9E75BF8F4:LeaderElection35] INFO  server.RaftServerConfigKeys (ConfUtils.java:logGet(43)) - raft.server.write.element-limit = 4096 (default)
2019-09-25 12:53:09,858 [0ece0170-5656-4579-a5bc-428dc13df816@group-7FF9E75BF8F4:LeaderElection35] INFO  server.RaftServerConfigKeys (ConfUtils.java:logGet(43)) - raft.server.watch.timeout = 10s (default)
2019-09-25 12:53:09,858 [0ece0170-5656-4579-a5bc-428dc13df816@group-7FF9E75BF8F4:LeaderElection35] INFO  server.RaftServerConfigKeys (ConfUtils.java:logGet(43)) - raft.server.watch.timeout.denomination = 1s (default)
2019-09-25 12:53:09,858 [0ece0170-5656-4579-a5bc-428dc13df816@group-7FF9E75BF8F4:LeaderElection35] INFO  server.RaftServerConfigKeys (ConfUtils.java:logGet(43)) - raft.server.watch.element-limit = 65536 (default)
2019-09-25 12:53:09,861 [0ece0170-5656-4579-a5bc-428dc13df816@group-7FF9E75BF8F4:LeaderElection35] INFO  impl.RoleInfo (RoleInfo.java:updateAndGet(143)) - 0ece0170-5656-4579-a5bc-428dc13df816: start LeaderState
2019-09-25 12:53:09,862 [0ece0170-5656-4579-a5bc-428dc13df816@group-7FF9E75BF8F4:LeaderElection35] INFO  segmented.SegmentedRaftLogWorker (SegmentedRaftLogWorker.java:startLogSegment(380)) - 0ece0170-5656-4579-a5bc-428dc13df816@group-7FF9E75BF8F4-SegmentedRaftLogWorker: Starting segment from index:0
2019-09-25 12:53:09,863 [0ece0170-5656-4579-a5bc-428dc13df816@group-7FF9E75BF8F4:LeaderElection35] INFO  impl.RaftServerImpl (ServerState.java:setRaftConf(354)) - 0ece0170-5656-4579-a5bc-428dc13df816@group-7FF9E75BF8F4: set configuration 0: [0ece0170-5656-4579-a5bc-428dc13df816:192.168.151.73:41509], old=null at 0
2019-09-25 12:53:09,902 [Thread-719] INFO  impl.FollowerState (FollowerState.java:run(106)) - ceb95c4b-9640-4cd4-a4be-8ff2d64e56e1:group-635275E55D97 changes to CANDIDATE, lastRpcTime:5028, electionTimeout:5028ms
2019-09-25 12:53:09,903 [Thread-719] INFO  impl.RoleInfo (RoleInfo.java:shutdownFollowerState(121)) - ceb95c4b-9640-4cd4-a4be-8ff2d64e56e1: shutdown FollowerState
2019-09-25 12:53:09,903 [Thread-719] INFO  impl.RaftServerImpl (RaftServerImpl.java:setRole(174)) - ceb95c4b-9640-4cd4-a4be-8ff2d64e56e1@group-635275E55D97: changes role from  FOLLOWER to CANDIDATE at term 0 for changeToCandidate
2019-09-25 12:53:09,903 [Thread-719] INFO  impl.RoleInfo (RoleInfo.java:updateAndGet(143)) - ceb95c4b-9640-4cd4-a4be-8ff2d64e56e1: start LeaderElection
2019-09-25 12:53:09,910 [0ece0170-5656-4579-a5bc-428dc13df816@group-7FF9E75BF8F4-SegmentedRaftLogWorker] INFO  segmented.SegmentedRaftLogWorker (SegmentedRaftLogWorker.java:execute(569)) - 0ece0170-5656-4579-a5bc-428dc13df816@group-7FF9E75BF8F4-SegmentedRaftLogWorker: created new log segment /workdir/hadoop-ozone/ozonefs/target/test-dir/MiniOzoneClusterImpl-8b918b52-c3dc-453c-9b69-212fa30732fd/datanode-0/data/ratis/1a681054-e316-4a8a-b774-7ff9e75bf8f4/current/log_inprogress_0
2019-09-25 12:53:09,922 [ceb95c4b-9640-4cd4-a4be-8ff2d64e56e1@group-635275E55D97:LeaderElection36] INFO  impl.LeaderElection (LeaderElection.java:askForVotes(182)) - ceb95c4b-9640-4cd4-a4be-8ff2d64e56e1@group-635275E55D97:LeaderElection36: begin an election at term 1 for -1: [ceb95c4b-9640-4cd4-a4be-8ff2d64e56e1:192.168.151.73:36990], old=null
2019-09-25 12:53:09,922 [ceb95c4b-9640-4cd4-a4be-8ff2d64e56e1@group-635275E55D97:LeaderElection36] INFO  impl.RoleInfo (RoleInfo.java:shutdownLeaderElection(134)) - ceb95c4b-9640-4cd4-a4be-8ff2d64e56e1: shutdown LeaderElection
2019-09-25 12:53:09,922 [ceb95c4b-9640-4cd4-a4be-8ff2d64e56e1@group-635275E55D97:LeaderElection36] INFO  impl.RaftServerImpl (RaftServerImpl.java:setRole(174)) - ceb95c4b-9640-4cd4-a4be-8ff2d64e56e1@group-635275E55D97: changes role from CANDIDATE to LEADER at term 1 for changeToLeader
2019-09-25 12:53:09,923 [ceb95c4b-9640-4cd4-a4be-8ff2d64e56e1@group-635275E55D97:LeaderElection36] INFO  impl.RaftServerImpl (ServerState.java:setLeader(253)) - ceb95c4b-9640-4cd4-a4be-8ff2d64e56e1@group-635275E55D97: change Leader from null to ceb95c4b-9640-4cd4-a4be-8ff2d64e56e1 at term 1 for becomeLeader, leader elected after 5055ms
2019-09-25 12:53:09,923 [ceb95c4b-9640-4cd4-a4be-8ff2d64e56e1@group-635275E55D97:LeaderElection36] INFO  server.RaftServerConfigKeys (ConfUtils.java:logGet(43)) - raft.server.staging.catchup.gap = 1000 (default)
2019-09-25 12:53:09,923 [ceb95c4b-9640-4cd4-a4be-8ff2d64e56e1@group-635275E55D97:LeaderElection36] INFO  server.RaftServerConfigKeys (ConfUtils.java:logGet(43)) - raft.server.rpc.sleep.time = 25ms (default)
2019-09-25 12:53:09,923 [ceb95c4b-9640-4cd4-a4be-8ff2d64e56e1@group-635275E55D97:LeaderElection36] INFO  server.RaftServerConfigKeys (ConfUtils.java:logGet(43)) - raft.server.write.element-limit = 4096 (default)
2019-09-25 12:53:09,923 [ceb95c4b-9640-4cd4-a4be-8ff2d64e56e1@group-635275E55D97:LeaderElection36] INFO  server.RaftServerConfigKeys (ConfUtils.java:logGet(43)) - raft.server.watch.timeout = 10s (default)
2019-09-25 12:53:09,923 [ceb95c4b-9640-4cd4-a4be-8ff2d64e56e1@group-635275E55D97:LeaderElection36] INFO  server.RaftServerConfigKeys (ConfUtils.java:logGet(43)) - raft.server.watch.timeout.denomination = 1s (default)
2019-09-25 12:53:09,924 [ceb95c4b-9640-4cd4-a4be-8ff2d64e56e1@group-635275E55D97:LeaderElection36] INFO  server.RaftServerConfigKeys (ConfUtils.java:logGet(43)) - raft.server.watch.element-limit = 65536 (default)
2019-09-25 12:53:09,926 [ceb95c4b-9640-4cd4-a4be-8ff2d64e56e1@group-635275E55D97:LeaderElection36] INFO  impl.RoleInfo (RoleInfo.java:updateAndGet(143)) - ceb95c4b-9640-4cd4-a4be-8ff2d64e56e1: start LeaderState
2019-09-25 12:53:09,926 [ceb95c4b-9640-4cd4-a4be-8ff2d64e56e1@group-635275E55D97:LeaderElection36] INFO  segmented.SegmentedRaftLogWorker (SegmentedRaftLogWorker.java:startLogSegment(380)) - ceb95c4b-9640-4cd4-a4be-8ff2d64e56e1@group-635275E55D97-SegmentedRaftLogWorker: Starting segment from index:0
2019-09-25 12:53:09,927 [ceb95c4b-9640-4cd4-a4be-8ff2d64e56e1@group-635275E55D97:LeaderElection36] INFO  impl.RaftServerImpl (ServerState.java:setRaftConf(354)) - ceb95c4b-9640-4cd4-a4be-8ff2d64e56e1@group-635275E55D97: set configuration 0: [ceb95c4b-9640-4cd4-a4be-8ff2d64e56e1:192.168.151.73:36990], old=null at 0
2019-09-25 12:53:09,975 [Thread-716] INFO  impl.FollowerState (FollowerState.java:run(106)) - 0ece0170-5656-4579-a5bc-428dc13df816:group-72D80926EB00 changes to CANDIDATE, lastRpcTime:5171, electionTimeout:5171ms
2019-09-25 12:53:09,976 [Thread-716] INFO  impl.RoleInfo (RoleInfo.java:shutdownFollowerState(121)) - 0ece0170-5656-4579-a5bc-428dc13df816: shutdown FollowerState
2019-09-25 12:53:09,976 [Thread-716] INFO  impl.RaftServerImpl (RaftServerImpl.java:setRole(174)) - 0ece0170-5656-4579-a5bc-428dc13df816@group-72D80926EB00: changes role from  FOLLOWER to CANDIDATE at term 0 for changeToCandidate
2019-09-25 12:53:09,976 [Thread-716] INFO  impl.RoleInfo (RoleInfo.java:updateAndGet(143)) - 0ece0170-5656-4579-a5bc-428dc13df816: start LeaderElection
2019-09-25 12:53:09,985 [ceb95c4b-9640-4cd4-a4be-8ff2d64e56e1@group-635275E55D97-SegmentedRaftLogWorker] INFO  segmented.SegmentedRaftLogWorker (SegmentedRaftLogWorker.java:execute(569)) - ceb95c4b-9640-4cd4-a4be-8ff2d64e56e1@group-635275E55D97-SegmentedRaftLogWorker: created new log segment /workdir/hadoop-ozone/ozonefs/target/test-dir/MiniOzoneClusterImpl-8b918b52-c3dc-453c-9b69-212fa30732fd/datanode-1/data/ratis/81c169b2-62dc-4fd4-ab21-635275e55d97/current/log_inprogress_0
2019-09-25 12:53:10,004 [Thread-722] INFO  impl.FollowerState (FollowerState.java:run(106)) - 0ece0170-5656-4579-a5bc-428dc13df816:group-8B46E20EACCB changes to CANDIDATE, lastRpcTime:5058, electionTimeout:5058ms
2019-09-25 12:53:10,004 [Thread-722] INFO  impl.RoleInfo (RoleInfo.java:shutdownFollowerState(121)) - 0ece0170-5656-4579-a5bc-428dc13df816: shutdown FollowerState
2019-09-25 12:53:10,005 [Thread-722] INFO  impl.RaftServerImpl (RaftServerImpl.java:setRole(174)) - 0ece0170-5656-4579-a5bc-428dc13df816@group-8B46E20EACCB: changes role from  FOLLOWER to CANDIDATE at term 0 for changeToCandidate
2019-09-25 12:53:10,005 [Thread-722] INFO  impl.RoleInfo (RoleInfo.java:updateAndGet(143)) - 0ece0170-5656-4579-a5bc-428dc13df816: start LeaderElection
2019-09-25 12:53:10,007 [0ece0170-5656-4579-a5bc-428dc13df816@group-72D80926EB00:LeaderElection37] INFO  impl.LeaderElection (LeaderElection.java:askForVotes(182)) - 0ece0170-5656-4579-a5bc-428dc13df816@group-72D80926EB00:LeaderElection37: begin an election at term 1 for -1: [0ece0170-5656-4579-a5bc-428dc13df816:192.168.151.73:41509], old=null
2019-09-25 12:53:10,009 [0ece0170-5656-4579-a5bc-428dc13df816@group-72D80926EB00:LeaderElection37] INFO  impl.RoleInfo (RoleInfo.java:shutdownLeaderElection(134)) - 0ece0170-5656-4579-a5bc-428dc13df816: shutdown LeaderElection
2019-09-25 12:53:10,009 [0ece0170-5656-4579-a5bc-428dc13df816@group-72D80926EB00:LeaderElection37] INFO  impl.RaftServerImpl (RaftServerImpl.java:setRole(174)) - 0ece0170-5656-4579-a5bc-428dc13df816@group-72D80926EB00: changes role from CANDIDATE to LEADER at term 1 for changeToLeader
2019-09-25 12:53:10,009 [0ece0170-5656-4579-a5bc-428dc13df816@group-72D80926EB00:LeaderElection37] INFO  impl.RaftServerImpl (ServerState.java:setLeader(253)) - 0ece0170-5656-4579-a5bc-428dc13df816@group-72D80926EB00: change Leader from null to 0ece0170-5656-4579-a5bc-428dc13df816 at term 1 for becomeLeader, leader elected after 5211ms
2019-09-25 12:53:10,009 [0ece0170-5656-4579-a5bc-428dc13df816@group-72D80926EB00:LeaderElection37] INFO  server.RaftServerConfigKeys (ConfUtils.java:logGet(43)) - raft.server.staging.catchup.gap = 1000 (default)
2019-09-25 12:53:10,009 [0ece0170-5656-4579-a5bc-428dc13df816@group-72D80926EB00:LeaderElection37] INFO  server.RaftServerConfigKeys (ConfUtils.java:logGet(43)) - raft.server.rpc.sleep.time = 25ms (default)
2019-09-25 12:53:10,010 [0ece0170-5656-4579-a5bc-428dc13df816@group-72D80926EB00:LeaderElection37] INFO  server.RaftServerConfigKeys (ConfUtils.java:logGet(43)) - raft.server.write.element-limit = 4096 (default)
2019-09-25 12:53:10,010 [0ece0170-5656-4579-a5bc-428dc13df816@group-72D80926EB00:LeaderElection37] INFO  server.RaftServerConfigKeys (ConfUtils.java:logGet(43)) - raft.server.watch.timeout = 10s (default)
2019-09-25 12:53:10,010 [0ece0170-5656-4579-a5bc-428dc13df816@group-72D80926EB00:LeaderElection37] INFO  server.RaftServerConfigKeys (ConfUtils.java:logGet(43)) - raft.server.watch.timeout.denomination = 1s (default)
2019-09-25 12:53:10,010 [0ece0170-5656-4579-a5bc-428dc13df816@group-72D80926EB00:LeaderElection37] INFO  server.RaftServerConfigKeys (ConfUtils.java:logGet(43)) - raft.server.watch.element-limit = 65536 (default)
2019-09-25 12:53:10,013 [0ece0170-5656-4579-a5bc-428dc13df816@group-72D80926EB00:LeaderElection37] INFO  impl.RoleInfo (RoleInfo.java:updateAndGet(143)) - 0ece0170-5656-4579-a5bc-428dc13df816: start LeaderState
2019-09-25 12:53:10,013 [0ece0170-5656-4579-a5bc-428dc13df816@group-72D80926EB00:LeaderElection37] INFO  segmented.SegmentedRaftLogWorker (SegmentedRaftLogWorker.java:startLogSegment(380)) - 0ece0170-5656-4579-a5bc-428dc13df816@group-72D80926EB00-SegmentedRaftLogWorker: Starting segment from index:0
2019-09-25 12:53:10,014 [0ece0170-5656-4579-a5bc-428dc13df816@group-72D80926EB00:LeaderElection37] INFO  impl.RaftServerImpl (ServerState.java:setRaftConf(354)) - 0ece0170-5656-4579-a5bc-428dc13df816@group-72D80926EB00: set configuration 0: [0ece0170-5656-4579-a5bc-428dc13df816:192.168.151.73:41509], old=null at 0
2019-09-25 12:53:10,032 [0ece0170-5656-4579-a5bc-428dc13df816@group-8B46E20EACCB:LeaderElection38] INFO  impl.LeaderElection (LeaderElection.java:askForVotes(182)) - 0ece0170-5656-4579-a5bc-428dc13df816@group-8B46E20EACCB:LeaderElection38: begin an election at term 1 for -1: [0ece0170-5656-4579-a5bc-428dc13df816:192.168.151.73:41509], old=null
2019-09-25 12:53:10,032 [Thread-725] INFO  impl.FollowerState (FollowerState.java:run(106)) - 0ece0170-5656-4579-a5bc-428dc13df816:group-4643BC363126 changes to CANDIDATE, lastRpcTime:5031, electionTimeout:5031ms
2019-09-25 12:53:10,032 [0ece0170-5656-4579-a5bc-428dc13df816@group-8B46E20EACCB:LeaderElection38] INFO  impl.RoleInfo (RoleInfo.java:shutdownLeaderElection(134)) - 0ece0170-5656-4579-a5bc-428dc13df816: shutdown LeaderElection
2019-09-25 12:53:10,032 [Thread-725] INFO  impl.RoleInfo (RoleInfo.java:shutdownFollowerState(121)) - 0ece0170-5656-4579-a5bc-428dc13df816: shutdown FollowerState
2019-09-25 12:53:10,033 [0ece0170-5656-4579-a5bc-428dc13df816@group-8B46E20EACCB:LeaderElection38] INFO  impl.RaftServerImpl (RaftServerImpl.java:setRole(174)) - 0ece0170-5656-4579-a5bc-428dc13df816@group-8B46E20EACCB: changes role from CANDIDATE to LEADER at term 1 for changeToLeader
2019-09-25 12:53:10,033 [Thread-725] INFO  impl.RaftServerImpl (RaftServerImpl.java:setRole(174)) - 0ece0170-5656-4579-a5bc-428dc13df816@group-4643BC363126: changes role from  FOLLOWER to CANDIDATE at term 0 for changeToCandidate
2019-09-25 12:53:10,033 [0ece0170-5656-4579-a5bc-428dc13df816@group-8B46E20EACCB:LeaderElection38] INFO  impl.RaftServerImpl (ServerState.java:setLeader(253)) - 0ece0170-5656-4579-a5bc-428dc13df816@group-8B46E20EACCB: change Leader from null to 0ece0170-5656-4579-a5bc-428dc13df816 at term 1 for becomeLeader, leader elected after 5101ms
2019-09-25 12:53:10,033 [Thread-725] INFO  impl.RoleInfo (RoleInfo.java:updateAndGet(143)) - 0ece0170-5656-4579-a5bc-428dc13df816: start LeaderElection
2019-09-25 12:53:10,033 [0ece0170-5656-4579-a5bc-428dc13df816@group-8B46E20EACCB:LeaderElection38] INFO  server.RaftServerConfigKeys (ConfUtils.java:logGet(43)) - raft.server.staging.catchup.gap = 1000 (default)
2019-09-25 12:53:10,033 [0ece0170-5656-4579-a5bc-428dc13df816@group-8B46E20EACCB:LeaderElection38] INFO  server.RaftServerConfigKeys (ConfUtils.java:logGet(43)) - raft.server.rpc.sleep.time = 25ms (default)
2019-09-25 12:53:10,053 [0ece0170-5656-4579-a5bc-428dc13df816@group-8B46E20EACCB:LeaderElection38] INFO  server.RaftServerConfigKeys (ConfUtils.java:logGet(43)) - raft.server.write.element-limit = 4096 (default)
2019-09-25 12:53:10,069 [0ece0170-5656-4579-a5bc-428dc13df816@group-8B46E20EACCB:LeaderElection38] INFO  server.RaftServerConfigKeys (ConfUtils.java:logGet(43)) - raft.server.watch.timeout = 10s (default)
2019-09-25 12:53:10,069 [0ece0170-5656-4579-a5bc-428dc13df816@group-8B46E20EACCB:LeaderElection38] INFO  server.RaftServerConfigKeys (ConfUtils.java:logGet(43)) - raft.server.watch.timeout.denomination = 1s (default)
2019-09-25 12:53:10,069 [0ece0170-5656-4579-a5bc-428dc13df816@group-8B46E20EACCB:LeaderElection38] INFO  server.RaftServerConfigKeys (ConfUtils.java:logGet(43)) - raft.server.watch.element-limit = 65536 (default)
2019-09-25 12:53:10,071 [0ece0170-5656-4579-a5bc-428dc13df816@group-8B46E20EACCB:LeaderElection38] INFO  impl.RoleInfo (RoleInfo.java:updateAndGet(143)) - 0ece0170-5656-4579-a5bc-428dc13df816: start LeaderState
2019-09-25 12:53:10,072 [0ece0170-5656-4579-a5bc-428dc13df816@group-8B46E20EACCB:LeaderElection38] INFO  segmented.SegmentedRaftLogWorker (SegmentedRaftLogWorker.java:startLogSegment(380)) - 0ece0170-5656-4579-a5bc-428dc13df816@group-8B46E20EACCB-SegmentedRaftLogWorker: Starting segment from index:0
2019-09-25 12:53:10,072 [0ece0170-5656-4579-a5bc-428dc13df816@group-8B46E20EACCB:LeaderElection38] INFO  impl.RaftServerImpl (ServerState.java:setRaftConf(354)) - 0ece0170-5656-4579-a5bc-428dc13df816@group-8B46E20EACCB: set configuration 0: [0ece0170-5656-4579-a5bc-428dc13df816:192.168.151.73:41509], old=null at 0
2019-09-25 12:53:10,077 [0ece0170-5656-4579-a5bc-428dc13df816@group-72D80926EB00-SegmentedRaftLogWorker] INFO  segmented.SegmentedRaftLogWorker (SegmentedRaftLogWorker.java:execute(569)) - 0ece0170-5656-4579-a5bc-428dc13df816@group-72D80926EB00-SegmentedRaftLogWorker: created new log segment /workdir/hadoop-ozone/ozonefs/target/test-dir/MiniOzoneClusterImpl-8b918b52-c3dc-453c-9b69-212fa30732fd/datanode-0/data/ratis/320ee59f-5db5-40bf-8f22-72d80926eb00/current/log_inprogress_0
2019-09-25 12:53:10,092 [0ece0170-5656-4579-a5bc-428dc13df816@group-4643BC363126:LeaderElection39] INFO  impl.LeaderElection (LeaderElection.java:askForVotes(182)) - 0ece0170-5656-4579-a5bc-428dc13df816@group-4643BC363126:LeaderElection39: begin an election at term 1 for -1: [0ece0170-5656-4579-a5bc-428dc13df816:192.168.151.73:41509], old=null
2019-09-25 12:53:10,092 [0ece0170-5656-4579-a5bc-428dc13df816@group-4643BC363126:LeaderElection39] INFO  impl.RoleInfo (RoleInfo.java:shutdownLeaderElection(134)) - 0ece0170-5656-4579-a5bc-428dc13df816: shutdown LeaderElection
2019-09-25 12:53:10,092 [0ece0170-5656-4579-a5bc-428dc13df816@group-4643BC363126:LeaderElection39] INFO  impl.RaftServerImpl (RaftServerImpl.java:setRole(174)) - 0ece0170-5656-4579-a5bc-428dc13df816@group-4643BC363126: changes role from CANDIDATE to LEADER at term 1 for changeToLeader
2019-09-25 12:53:10,092 [0ece0170-5656-4579-a5bc-428dc13df816@group-4643BC363126:LeaderElection39] INFO  impl.RaftServerImpl (ServerState.java:setLeader(253)) - 0ece0170-5656-4579-a5bc-428dc13df816@group-4643BC363126: change Leader from null to 0ece0170-5656-4579-a5bc-428dc13df816 at term 1 for becomeLeader, leader elected after 5098ms
2019-09-25 12:53:10,093 [0ece0170-5656-4579-a5bc-428dc13df816@group-4643BC363126:LeaderElection39] INFO  server.RaftServerConfigKeys (ConfUtils.java:logGet(43)) - raft.server.staging.catchup.gap = 1000 (default)
2019-09-25 12:53:10,093 [0ece0170-5656-4579-a5bc-428dc13df816@group-4643BC363126:LeaderElection39] INFO  server.RaftServerConfigKeys (ConfUtils.java:logGet(43)) - raft.server.rpc.sleep.time = 25ms (default)
2019-09-25 12:53:10,093 [0ece0170-5656-4579-a5bc-428dc13df816@group-4643BC363126:LeaderElection39] INFO  server.RaftServerConfigKeys (ConfUtils.java:logGet(43)) - raft.server.write.element-limit = 4096 (default)
2019-09-25 12:53:10,093 [0ece0170-5656-4579-a5bc-428dc13df816@group-4643BC363126:LeaderElection39] INFO  server.RaftServerConfigKeys (ConfUtils.java:logGet(43)) - raft.server.watch.timeout = 10s (default)
2019-09-25 12:53:10,093 [0ece0170-5656-4579-a5bc-428dc13df816@group-4643BC363126:LeaderElection39] INFO  server.RaftServerConfigKeys (ConfUtils.java:logGet(43)) - raft.server.watch.timeout.denomination = 1s (default)
2019-09-25 12:53:10,094 [0ece0170-5656-4579-a5bc-428dc13df816@group-4643BC363126:LeaderElection39] INFO  server.RaftServerConfigKeys (ConfUtils.java:logGet(43)) - raft.server.watch.element-limit = 65536 (default)
2019-09-25 12:53:10,097 [0ece0170-5656-4579-a5bc-428dc13df816@group-4643BC363126:LeaderElection39] INFO  impl.RoleInfo (RoleInfo.java:updateAndGet(143)) - 0ece0170-5656-4579-a5bc-428dc13df816: start LeaderState
2019-09-25 12:53:10,097 [0ece0170-5656-4579-a5bc-428dc13df816@group-4643BC363126:LeaderElection39] INFO  segmented.SegmentedRaftLogWorker (SegmentedRaftLogWorker.java:startLogSegment(380)) - 0ece0170-5656-4579-a5bc-428dc13df816@group-4643BC363126-SegmentedRaftLogWorker: Starting segment from index:0
2019-09-25 12:53:10,098 [0ece0170-5656-4579-a5bc-428dc13df816@group-4643BC363126:LeaderElection39] INFO  impl.RaftServerImpl (ServerState.java:setRaftConf(354)) - 0ece0170-5656-4579-a5bc-428dc13df816@group-4643BC363126: set configuration 0: [0ece0170-5656-4579-a5bc-428dc13df816:192.168.151.73:41509], old=null at 0
2019-09-25 12:53:10,102 [Thread-728] INFO  impl.FollowerState (FollowerState.java:run(106)) - 0ece0170-5656-4579-a5bc-428dc13df816:group-8E18A29E9DE7 changes to CANDIDATE, lastRpcTime:5041, electionTimeout:5041ms
2019-09-25 12:53:10,103 [Thread-728] INFO  impl.RoleInfo (RoleInfo.java:shutdownFollowerState(121)) - 0ece0170-5656-4579-a5bc-428dc13df816: shutdown FollowerState
2019-09-25 12:53:10,103 [Thread-728] INFO  impl.RaftServerImpl (RaftServerImpl.java:setRole(174)) - 0ece0170-5656-4579-a5bc-428dc13df816@group-8E18A29E9DE7: changes role from  FOLLOWER to CANDIDATE at term 0 for changeToCandidate
2019-09-25 12:53:10,103 [Thread-728] INFO  impl.RoleInfo (RoleInfo.java:updateAndGet(143)) - 0ece0170-5656-4579-a5bc-428dc13df816: start LeaderElection
2019-09-25 12:53:10,153 [0ece0170-5656-4579-a5bc-428dc13df816@group-4643BC363126-SegmentedRaftLogWorker] INFO  segmented.SegmentedRaftLogWorker (SegmentedRaftLogWorker.java:execute(569)) - 0ece0170-5656-4579-a5bc-428dc13df816@group-4643BC363126-SegmentedRaftLogWorker: created new log segment /workdir/hadoop-ozone/ozonefs/target/test-dir/MiniOzoneClusterImpl-8b918b52-c3dc-453c-9b69-212fa30732fd/datanode-0/data/ratis/a14b4d59-b345-41a9-a9c2-4643bc363126/current/log_inprogress_0
2019-09-25 12:53:10,153 [0ece0170-5656-4579-a5bc-428dc13df816@group-8E18A29E9DE7:LeaderElection40] INFO  impl.LeaderElection (LeaderElection.java:askForVotes(182)) - 0ece0170-5656-4579-a5bc-428dc13df816@group-8E18A29E9DE7:LeaderElection40: begin an election at term 1 for -1: [0ece0170-5656-4579-a5bc-428dc13df816:192.168.151.73:41509], old=null
2019-09-25 12:53:10,153 [0ece0170-5656-4579-a5bc-428dc13df816@group-8B46E20EACCB-SegmentedRaftLogWorker] INFO  segmented.SegmentedRaftLogWorker (SegmentedRaftLogWorker.java:execute(569)) - 0ece0170-5656-4579-a5bc-428dc13df816@group-8B46E20EACCB-SegmentedRaftLogWorker: created new log segment /workdir/hadoop-ozone/ozonefs/target/test-dir/MiniOzoneClusterImpl-8b918b52-c3dc-453c-9b69-212fa30732fd/datanode-0/data/ratis/91f009f5-5c9c-4125-80fd-8b46e20eaccb/current/log_inprogress_0
2019-09-25 12:53:10,153 [0ece0170-5656-4579-a5bc-428dc13df816@group-8E18A29E9DE7:LeaderElection40] INFO  impl.RoleInfo (RoleInfo.java:shutdownLeaderElection(134)) - 0ece0170-5656-4579-a5bc-428dc13df816: shutdown LeaderElection
2019-09-25 12:53:10,154 [0ece0170-5656-4579-a5bc-428dc13df816@group-8E18A29E9DE7:LeaderElection40] INFO  impl.RaftServerImpl (RaftServerImpl.java:setRole(174)) - 0ece0170-5656-4579-a5bc-428dc13df816@group-8E18A29E9DE7: changes role from CANDIDATE to LEADER at term 1 for changeToLeader
2019-09-25 12:53:10,154 [0ece0170-5656-4579-a5bc-428dc13df816@group-8E18A29E9DE7:LeaderElection40] INFO  impl.RaftServerImpl (ServerState.java:setLeader(253)) - 0ece0170-5656-4579-a5bc-428dc13df816@group-8E18A29E9DE7: change Leader from null to 0ece0170-5656-4579-a5bc-428dc13df816 at term 1 for becomeLeader, leader elected after 5106ms
2019-09-25 12:53:10,154 [0ece0170-5656-4579-a5bc-428dc13df816@group-8E18A29E9DE7:LeaderElection40] INFO  server.RaftServerConfigKeys (ConfUtils.java:logGet(43)) - raft.server.staging.catchup.gap = 1000 (default)
2019-09-25 12:53:10,154 [0ece0170-5656-4579-a5bc-428dc13df816@group-8E18A29E9DE7:LeaderElection40] INFO  server.RaftServerConfigKeys (ConfUtils.java:logGet(43)) - raft.server.rpc.sleep.time = 25ms (default)
2019-09-25 12:53:10,154 [0ece0170-5656-4579-a5bc-428dc13df816@group-8E18A29E9DE7:LeaderElection40] INFO  server.RaftServerConfigKeys (ConfUtils.java:logGet(43)) - raft.server.write.element-limit = 4096 (default)
2019-09-25 12:53:10,155 [0ece0170-5656-4579-a5bc-428dc13df816@group-8E18A29E9DE7:LeaderElection40] INFO  server.RaftServerConfigKeys (ConfUtils.java:logGet(43)) - raft.server.watch.timeout = 10s (default)
2019-09-25 12:53:10,155 [0ece0170-5656-4579-a5bc-428dc13df816@group-8E18A29E9DE7:LeaderElection40] INFO  server.RaftServerConfigKeys (ConfUtils.java:logGet(43)) - raft.server.watch.timeout.denomination = 1s (default)
2019-09-25 12:53:10,155 [0ece0170-5656-4579-a5bc-428dc13df816@group-8E18A29E9DE7:LeaderElection40] INFO  server.RaftServerConfigKeys (ConfUtils.java:logGet(43)) - raft.server.watch.element-limit = 65536 (default)
2019-09-25 12:53:10,158 [0ece0170-5656-4579-a5bc-428dc13df816@group-8E18A29E9DE7:LeaderElection40] INFO  impl.RoleInfo (RoleInfo.java:updateAndGet(143)) - 0ece0170-5656-4579-a5bc-428dc13df816: start LeaderState
2019-09-25 12:53:10,158 [0ece0170-5656-4579-a5bc-428dc13df816@group-8E18A29E9DE7:LeaderElection40] INFO  segmented.SegmentedRaftLogWorker (SegmentedRaftLogWorker.java:startLogSegment(380)) - 0ece0170-5656-4579-a5bc-428dc13df816@group-8E18A29E9DE7-SegmentedRaftLogWorker: Starting segment from index:0
2019-09-25 12:53:10,159 [0ece0170-5656-4579-a5bc-428dc13df816@group-8E18A29E9DE7:LeaderElection40] INFO  impl.RaftServerImpl (ServerState.java:setRaftConf(354)) - 0ece0170-5656-4579-a5bc-428dc13df816@group-8E18A29E9DE7: set configuration 0: [0ece0170-5656-4579-a5bc-428dc13df816:192.168.151.73:41509], old=null at 0
2019-09-25 12:53:10,167 [Thread-734] INFO  impl.FollowerState (FollowerState.java:run(106)) - 79f8f252-68fb-48a7-ad36-a66b8b99f572:group-F4C0F883BDA5 changes to CANDIDATE, lastRpcTime:5044, electionTimeout:5044ms
2019-09-25 12:53:10,167 [Thread-734] INFO  impl.RoleInfo (RoleInfo.java:shutdownFollowerState(121)) - 79f8f252-68fb-48a7-ad36-a66b8b99f572: shutdown FollowerState
2019-09-25 12:53:10,167 [Thread-734] INFO  impl.RaftServerImpl (RaftServerImpl.java:setRole(174)) - 79f8f252-68fb-48a7-ad36-a66b8b99f572@group-F4C0F883BDA5: changes role from  FOLLOWER to CANDIDATE at term 0 for changeToCandidate
2019-09-25 12:53:10,167 [Thread-734] INFO  impl.RoleInfo (RoleInfo.java:updateAndGet(143)) - 79f8f252-68fb-48a7-ad36-a66b8b99f572: start LeaderElection
2019-09-25 12:53:10,198 [Thread-737] INFO  impl.FollowerState (FollowerState.java:run(106)) - ceb95c4b-9640-4cd4-a4be-8ff2d64e56e1:group-E4DAF118D6AD changes to CANDIDATE, lastRpcTime:5032, electionTimeout:5009ms
2019-09-25 12:53:10,198 [Thread-737] INFO  impl.RoleInfo (RoleInfo.java:shutdownFollowerState(121)) - ceb95c4b-9640-4cd4-a4be-8ff2d64e56e1: shutdown FollowerState
2019-09-25 12:53:10,198 [Thread-737] INFO  impl.RaftServerImpl (RaftServerImpl.java:setRole(174)) - ceb95c4b-9640-4cd4-a4be-8ff2d64e56e1@group-E4DAF118D6AD: changes role from  FOLLOWER to CANDIDATE at term 0 for changeToCandidate
2019-09-25 12:53:10,198 [Thread-737] INFO  impl.RoleInfo (RoleInfo.java:updateAndGet(143)) - ceb95c4b-9640-4cd4-a4be-8ff2d64e56e1: start LeaderElection
2019-09-25 12:53:10,213 [0ece0170-5656-4579-a5bc-428dc13df816@group-8E18A29E9DE7-SegmentedRaftLogWorker] INFO  segmented.SegmentedRaftLogWorker (SegmentedRaftLogWorker.java:execute(569)) - 0ece0170-5656-4579-a5bc-428dc13df816@group-8E18A29E9DE7-SegmentedRaftLogWorker: created new log segment /workdir/hadoop-ozone/ozonefs/target/test-dir/MiniOzoneClusterImpl-8b918b52-c3dc-453c-9b69-212fa30732fd/datanode-0/data/ratis/5437968a-04e1-454c-bad2-8e18a29e9de7/current/log_inprogress_0
2019-09-25 12:53:10,213 [79f8f252-68fb-48a7-ad36-a66b8b99f572@group-F4C0F883BDA5:LeaderElection41] INFO  impl.LeaderElection (LeaderElection.java:askForVotes(182)) - 79f8f252-68fb-48a7-ad36-a66b8b99f572@group-F4C0F883BDA5:LeaderElection41: begin an election at term 1 for -1: [79f8f252-68fb-48a7-ad36-a66b8b99f572:192.168.151.73:38046], old=null
2019-09-25 12:53:10,213 [ceb95c4b-9640-4cd4-a4be-8ff2d64e56e1@group-E4DAF118D6AD:LeaderElection42] INFO  impl.LeaderElection (LeaderElection.java:askForVotes(182)) - ceb95c4b-9640-4cd4-a4be-8ff2d64e56e1@group-E4DAF118D6AD:LeaderElection42: begin an election at term 1 for -1: [ceb95c4b-9640-4cd4-a4be-8ff2d64e56e1:192.168.151.73:36990], old=null
2019-09-25 12:53:10,213 [79f8f252-68fb-48a7-ad36-a66b8b99f572@group-F4C0F883BDA5:LeaderElection41] INFO  impl.RoleInfo (RoleInfo.java:shutdownLeaderElection(134)) - 79f8f252-68fb-48a7-ad36-a66b8b99f572: shutdown LeaderElection
2019-09-25 12:53:10,213 [ceb95c4b-9640-4cd4-a4be-8ff2d64e56e1@group-E4DAF118D6AD:LeaderElection42] INFO  impl.RoleInfo (RoleInfo.java:shutdownLeaderElection(134)) - ceb95c4b-9640-4cd4-a4be-8ff2d64e56e1: shutdown LeaderElection
2019-09-25 12:53:10,213 [79f8f252-68fb-48a7-ad36-a66b8b99f572@group-F4C0F883BDA5:LeaderElection41] INFO  impl.RaftServerImpl (RaftServerImpl.java:setRole(174)) - 79f8f252-68fb-48a7-ad36-a66b8b99f572@group-F4C0F883BDA5: changes role from CANDIDATE to LEADER at term 1 for changeToLeader
2019-09-25 12:53:10,214 [ceb95c4b-9640-4cd4-a4be-8ff2d64e56e1@group-E4DAF118D6AD:LeaderElection42] INFO  impl.RaftServerImpl (RaftServerImpl.java:setRole(174)) - ceb95c4b-9640-4cd4-a4be-8ff2d64e56e1@group-E4DAF118D6AD: changes role from CANDIDATE to LEADER at term 1 for changeToLeader
2019-09-25 12:53:10,214 [79f8f252-68fb-48a7-ad36-a66b8b99f572@group-F4C0F883BDA5:LeaderElection41] INFO  impl.RaftServerImpl (ServerState.java:setLeader(253)) - 79f8f252-68fb-48a7-ad36-a66b8b99f572@group-F4C0F883BDA5: change Leader from null to 79f8f252-68fb-48a7-ad36-a66b8b99f572 at term 1 for becomeLeader, leader elected after 5098ms
2019-09-25 12:53:10,214 [ceb95c4b-9640-4cd4-a4be-8ff2d64e56e1@group-E4DAF118D6AD:LeaderElection42] INFO  impl.RaftServerImpl (ServerState.java:setLeader(253)) - ceb95c4b-9640-4cd4-a4be-8ff2d64e56e1@group-E4DAF118D6AD: change Leader from null to ceb95c4b-9640-4cd4-a4be-8ff2d64e56e1 at term 1 for becomeLeader, leader elected after 5053ms
2019-09-25 12:53:10,214 [79f8f252-68fb-48a7-ad36-a66b8b99f572@group-F4C0F883BDA5:LeaderElection41] INFO  server.RaftServerConfigKeys (ConfUtils.java:logGet(43)) - raft.server.staging.catchup.gap = 1000 (default)
2019-09-25 12:53:10,214 [ceb95c4b-9640-4cd4-a4be-8ff2d64e56e1@group-E4DAF118D6AD:LeaderElection42] INFO  server.RaftServerConfigKeys (ConfUtils.java:logGet(43)) - raft.server.staging.catchup.gap = 1000 (default)
2019-09-25 12:53:10,214 [79f8f252-68fb-48a7-ad36-a66b8b99f572@group-F4C0F883BDA5:LeaderElection41] INFO  server.RaftServerConfigKeys (ConfUtils.java:logGet(43)) - raft.server.rpc.sleep.time = 25ms (default)
2019-09-25 12:53:10,214 [ceb95c4b-9640-4cd4-a4be-8ff2d64e56e1@group-E4DAF118D6AD:LeaderElection42] INFO  server.RaftServerConfigKeys (ConfUtils.java:logGet(43)) - raft.server.rpc.sleep.time = 25ms (default)
2019-09-25 12:53:10,214 [79f8f252-68fb-48a7-ad36-a66b8b99f572@group-F4C0F883BDA5:LeaderElection41] INFO  server.RaftServerConfigKeys (ConfUtils.java:logGet(43)) - raft.server.write.element-limit = 4096 (default)
2019-09-25 12:53:10,215 [ceb95c4b-9640-4cd4-a4be-8ff2d64e56e1@group-E4DAF118D6AD:LeaderElection42] INFO  server.RaftServerConfigKeys (ConfUtils.java:logGet(43)) - raft.server.write.element-limit = 4096 (default)
2019-09-25 12:53:10,215 [79f8f252-68fb-48a7-ad36-a66b8b99f572@group-F4C0F883BDA5:LeaderElection41] INFO  server.RaftServerConfigKeys (ConfUtils.java:logGet(43)) - raft.server.watch.timeout = 10s (default)
2019-09-25 12:53:10,215 [ceb95c4b-9640-4cd4-a4be-8ff2d64e56e1@group-E4DAF118D6AD:LeaderElection42] INFO  server.RaftServerConfigKeys (ConfUtils.java:logGet(43)) - raft.server.watch.timeout = 10s (default)
2019-09-25 12:53:10,215 [79f8f252-68fb-48a7-ad36-a66b8b99f572@group-F4C0F883BDA5:LeaderElection41] INFO  server.RaftServerConfigKeys (ConfUtils.java:logGet(43)) - raft.server.watch.timeout.denomination = 1s (default)
2019-09-25 12:53:10,215 [ceb95c4b-9640-4cd4-a4be-8ff2d64e56e1@group-E4DAF118D6AD:LeaderElection42] INFO  server.RaftServerConfigKeys (ConfUtils.java:logGet(43)) - raft.server.watch.timeout.denomination = 1s (default)
2019-09-25 12:53:10,215 [79f8f252-68fb-48a7-ad36-a66b8b99f572@group-F4C0F883BDA5:LeaderElection41] INFO  server.RaftServerConfigKeys (ConfUtils.java:logGet(43)) - raft.server.watch.element-limit = 65536 (default)
2019-09-25 12:53:10,215 [ceb95c4b-9640-4cd4-a4be-8ff2d64e56e1@group-E4DAF118D6AD:LeaderElection42] INFO  server.RaftServerConfigKeys (ConfUtils.java:logGet(43)) - raft.server.watch.element-limit = 65536 (default)
2019-09-25 12:53:10,219 [79f8f252-68fb-48a7-ad36-a66b8b99f572@group-F4C0F883BDA5:LeaderElection41] INFO  impl.RoleInfo (RoleInfo.java:updateAndGet(143)) - 79f8f252-68fb-48a7-ad36-a66b8b99f572: start LeaderState
2019-09-25 12:53:10,219 [ceb95c4b-9640-4cd4-a4be-8ff2d64e56e1@group-E4DAF118D6AD:LeaderElection42] INFO  impl.RoleInfo (RoleInfo.java:updateAndGet(143)) - ceb95c4b-9640-4cd4-a4be-8ff2d64e56e1: start LeaderState
2019-09-25 12:53:10,219 [79f8f252-68fb-48a7-ad36-a66b8b99f572@group-F4C0F883BDA5:LeaderElection41] INFO  segmented.SegmentedRaftLogWorker (SegmentedRaftLogWorker.java:startLogSegment(380)) - 79f8f252-68fb-48a7-ad36-a66b8b99f572@group-F4C0F883BDA5-SegmentedRaftLogWorker: Starting segment from index:0
2019-09-25 12:53:10,219 [ceb95c4b-9640-4cd4-a4be-8ff2d64e56e1@group-E4DAF118D6AD:LeaderElection42] INFO  segmented.SegmentedRaftLogWorker (SegmentedRaftLogWorker.java:startLogSegment(380)) - ceb95c4b-9640-4cd4-a4be-8ff2d64e56e1@group-E4DAF118D6AD-SegmentedRaftLogWorker: Starting segment from index:0
2019-09-25 12:53:10,220 [79f8f252-68fb-48a7-ad36-a66b8b99f572@group-F4C0F883BDA5:LeaderElection41] INFO  impl.RaftServerImpl (ServerState.java:setRaftConf(354)) - 79f8f252-68fb-48a7-ad36-a66b8b99f572@group-F4C0F883BDA5: set configuration 0: [79f8f252-68fb-48a7-ad36-a66b8b99f572:192.168.151.73:38046], old=null at 0
2019-09-25 12:53:10,220 [ceb95c4b-9640-4cd4-a4be-8ff2d64e56e1@group-E4DAF118D6AD:LeaderElection42] INFO  impl.RaftServerImpl (ServerState.java:setRaftConf(354)) - ceb95c4b-9640-4cd4-a4be-8ff2d64e56e1@group-E4DAF118D6AD: set configuration 0: [ceb95c4b-9640-4cd4-a4be-8ff2d64e56e1:192.168.151.73:36990], old=null at 0
2019-09-25 12:53:10,266 [Thread-731] INFO  impl.FollowerState (FollowerState.java:run(106)) - ceb95c4b-9640-4cd4-a4be-8ff2d64e56e1:group-AC877E035011 changes to CANDIDATE, lastRpcTime:5179, electionTimeout:5179ms
2019-09-25 12:53:10,267 [Thread-731] INFO  impl.RoleInfo (RoleInfo.java:shutdownFollowerState(121)) - ceb95c4b-9640-4cd4-a4be-8ff2d64e56e1: shutdown FollowerState
2019-09-25 12:53:10,267 [Thread-731] INFO  impl.RaftServerImpl (RaftServerImpl.java:setRole(174)) - ceb95c4b-9640-4cd4-a4be-8ff2d64e56e1@group-AC877E035011: changes role from  FOLLOWER to CANDIDATE at term 0 for changeToCandidate
2019-09-25 12:53:10,267 [Thread-731] INFO  impl.RoleInfo (RoleInfo.java:updateAndGet(143)) - ceb95c4b-9640-4cd4-a4be-8ff2d64e56e1: start LeaderElection
2019-09-25 12:53:10,279 [79f8f252-68fb-48a7-ad36-a66b8b99f572@group-F4C0F883BDA5-SegmentedRaftLogWorker] INFO  segmented.SegmentedRaftLogWorker (SegmentedRaftLogWorker.java:execute(569)) - 79f8f252-68fb-48a7-ad36-a66b8b99f572@group-F4C0F883BDA5-SegmentedRaftLogWorker: created new log segment /workdir/hadoop-ozone/ozonefs/target/test-dir/MiniOzoneClusterImpl-8b918b52-c3dc-453c-9b69-212fa30732fd/datanode-2/data/ratis/9ded2ea3-b334-4f93-99cc-f4c0f883bda5/current/log_inprogress_0
2019-09-25 12:53:10,279 [ceb95c4b-9640-4cd4-a4be-8ff2d64e56e1@group-E4DAF118D6AD-SegmentedRaftLogWorker] INFO  segmented.SegmentedRaftLogWorker (SegmentedRaftLogWorker.java:execute(569)) - ceb95c4b-9640-4cd4-a4be-8ff2d64e56e1@group-E4DAF118D6AD-SegmentedRaftLogWorker: created new log segment /workdir/hadoop-ozone/ozonefs/target/test-dir/MiniOzoneClusterImpl-8b918b52-c3dc-453c-9b69-212fa30732fd/datanode-1/data/ratis/5e2feed2-56a3-4d81-be0c-e4daf118d6ad/current/log_inprogress_0
2019-09-25 12:53:10,281 [ceb95c4b-9640-4cd4-a4be-8ff2d64e56e1@group-AC877E035011:LeaderElection43] INFO  impl.LeaderElection (LeaderElection.java:askForVotes(182)) - ceb95c4b-9640-4cd4-a4be-8ff2d64e56e1@group-AC877E035011:LeaderElection43: begin an election at term 1 for -1: [ceb95c4b-9640-4cd4-a4be-8ff2d64e56e1:192.168.151.73:36990], old=null
2019-09-25 12:53:10,282 [ceb95c4b-9640-4cd4-a4be-8ff2d64e56e1@group-AC877E035011:LeaderElection43] INFO  impl.RoleInfo (RoleInfo.java:shutdownLeaderElection(134)) - ceb95c4b-9640-4cd4-a4be-8ff2d64e56e1: shutdown LeaderElection
2019-09-25 12:53:10,282 [ceb95c4b-9640-4cd4-a4be-8ff2d64e56e1@group-AC877E035011:LeaderElection43] INFO  impl.RaftServerImpl (RaftServerImpl.java:setRole(174)) - ceb95c4b-9640-4cd4-a4be-8ff2d64e56e1@group-AC877E035011: changes role from CANDIDATE to LEADER at term 1 for changeToLeader
2019-09-25 12:53:10,282 [ceb95c4b-9640-4cd4-a4be-8ff2d64e56e1@group-AC877E035011:LeaderElection43] INFO  impl.RaftServerImpl (ServerState.java:setLeader(253)) - ceb95c4b-9640-4cd4-a4be-8ff2d64e56e1@group-AC877E035011: change Leader from null to ceb95c4b-9640-4cd4-a4be-8ff2d64e56e1 at term 1 for becomeLeader, leader elected after 5200ms
2019-09-25 12:53:10,282 [ceb95c4b-9640-4cd4-a4be-8ff2d64e56e1@group-AC877E035011:LeaderElection43] INFO  server.RaftServerConfigKeys (ConfUtils.java:logGet(43)) - raft.server.staging.catchup.gap = 1000 (default)
2019-09-25 12:53:10,282 [ceb95c4b-9640-4cd4-a4be-8ff2d64e56e1@group-AC877E035011:LeaderElection43] INFO  server.RaftServerConfigKeys (ConfUtils.java:logGet(43)) - raft.server.rpc.sleep.time = 25ms (default)
2019-09-25 12:53:10,283 [ceb95c4b-9640-4cd4-a4be-8ff2d64e56e1@group-AC877E035011:LeaderElection43] INFO  server.RaftServerConfigKeys (ConfUtils.java:logGet(43)) - raft.server.write.element-limit = 4096 (default)
2019-09-25 12:53:10,283 [ceb95c4b-9640-4cd4-a4be-8ff2d64e56e1@group-AC877E035011:LeaderElection43] INFO  server.RaftServerConfigKeys (ConfUtils.java:logGet(43)) - raft.server.watch.timeout = 10s (default)
2019-09-25 12:53:10,283 [ceb95c4b-9640-4cd4-a4be-8ff2d64e56e1@group-AC877E035011:LeaderElection43] INFO  server.RaftServerConfigKeys (ConfUtils.java:logGet(43)) - raft.server.watch.timeout.denomination = 1s (default)
2019-09-25 12:53:10,283 [ceb95c4b-9640-4cd4-a4be-8ff2d64e56e1@group-AC877E035011:LeaderElection43] INFO  server.RaftServerConfigKeys (ConfUtils.java:logGet(43)) - raft.server.watch.element-limit = 65536 (default)
2019-09-25 12:53:10,286 [ceb95c4b-9640-4cd4-a4be-8ff2d64e56e1@group-AC877E035011:LeaderElection43] INFO  impl.RoleInfo (RoleInfo.java:updateAndGet(143)) - ceb95c4b-9640-4cd4-a4be-8ff2d64e56e1: start LeaderState
2019-09-25 12:53:10,287 [ceb95c4b-9640-4cd4-a4be-8ff2d64e56e1@group-AC877E035011:LeaderElection43] INFO  segmented.SegmentedRaftLogWorker (SegmentedRaftLogWorker.java:startLogSegment(380)) - ceb95c4b-9640-4cd4-a4be-8ff2d64e56e1@group-AC877E035011-SegmentedRaftLogWorker: Starting segment from index:0
2019-09-25 12:53:10,287 [ceb95c4b-9640-4cd4-a4be-8ff2d64e56e1@group-AC877E035011:LeaderElection43] INFO  impl.RaftServerImpl (ServerState.java:setRaftConf(354)) - ceb95c4b-9640-4cd4-a4be-8ff2d64e56e1@group-AC877E035011: set configuration 0: [ceb95c4b-9640-4cd4-a4be-8ff2d64e56e1:192.168.151.73:36990], old=null at 0
2019-09-25 12:53:10,343 [ceb95c4b-9640-4cd4-a4be-8ff2d64e56e1@group-AC877E035011-SegmentedRaftLogWorker] INFO  segmented.SegmentedRaftLogWorker (SegmentedRaftLogWorker.java:execute(569)) - ceb95c4b-9640-4cd4-a4be-8ff2d64e56e1@group-AC877E035011-SegmentedRaftLogWorker: created new log segment /workdir/hadoop-ozone/ozonefs/target/test-dir/MiniOzoneClusterImpl-8b918b52-c3dc-453c-9b69-212fa30732fd/datanode-1/data/ratis/2ff95b41-c470-445c-8a9b-ac877e035011/current/log_inprogress_0
2019-09-25 12:53:10,410 [Thread-743] INFO  impl.FollowerState (FollowerState.java:run(106)) - 79f8f252-68fb-48a7-ad36-a66b8b99f572:group-D686E6C0009F changes to CANDIDATE, lastRpcTime:5136, electionTimeout:5136ms
2019-09-25 12:53:10,410 [Thread-743] INFO  impl.RoleInfo (RoleInfo.java:shutdownFollowerState(121)) - 79f8f252-68fb-48a7-ad36-a66b8b99f572: shutdown FollowerState
2019-09-25 12:53:10,411 [Thread-743] INFO  impl.RaftServerImpl (RaftServerImpl.java:setRole(174)) - 79f8f252-68fb-48a7-ad36-a66b8b99f572@group-D686E6C0009F: changes role from  FOLLOWER to CANDIDATE at term 0 for changeToCandidate
2019-09-25 12:53:10,411 [Thread-740] INFO  impl.FollowerState (FollowerState.java:run(106)) - 0ece0170-5656-4579-a5bc-428dc13df816:group-313FB52AE114 changes to CANDIDATE, lastRpcTime:5183, electionTimeout:5183ms
2019-09-25 12:53:10,411 [Thread-743] INFO  impl.RoleInfo (RoleInfo.java:updateAndGet(143)) - 79f8f252-68fb-48a7-ad36-a66b8b99f572: start LeaderElection
2019-09-25 12:53:10,411 [Thread-740] INFO  impl.RoleInfo (RoleInfo.java:shutdownFollowerState(121)) - 0ece0170-5656-4579-a5bc-428dc13df816: shutdown FollowerState
2019-09-25 12:53:10,411 [Thread-740] INFO  impl.RaftServerImpl (RaftServerImpl.java:setRole(174)) - 0ece0170-5656-4579-a5bc-428dc13df816@group-313FB52AE114: changes role from  FOLLOWER to CANDIDATE at term 0 for changeToCandidate
2019-09-25 12:53:10,414 [Thread-740] INFO  impl.RoleInfo (RoleInfo.java:updateAndGet(143)) - 0ece0170-5656-4579-a5bc-428dc13df816: start LeaderElection
2019-09-25 12:53:10,421 [Thread-746] INFO  impl.FollowerState (FollowerState.java:run(106)) - ceb95c4b-9640-4cd4-a4be-8ff2d64e56e1:group-052BFD0DBEE9 changes to CANDIDATE, lastRpcTime:5083, electionTimeout:5083ms
2019-09-25 12:53:10,421 [Thread-746] INFO  impl.RoleInfo (RoleInfo.java:shutdownFollowerState(121)) - ceb95c4b-9640-4cd4-a4be-8ff2d64e56e1: shutdown FollowerState
2019-09-25 12:53:10,421 [Thread-746] INFO  impl.RaftServerImpl (RaftServerImpl.java:setRole(174)) - ceb95c4b-9640-4cd4-a4be-8ff2d64e56e1@group-052BFD0DBEE9: changes role from  FOLLOWER to CANDIDATE at term 0 for changeToCandidate
2019-09-25 12:53:10,421 [Thread-746] INFO  impl.RoleInfo (RoleInfo.java:updateAndGet(143)) - ceb95c4b-9640-4cd4-a4be-8ff2d64e56e1: start LeaderElection
2019-09-25 12:53:10,428 [79f8f252-68fb-48a7-ad36-a66b8b99f572@group-D686E6C0009F:LeaderElection44] INFO  impl.LeaderElection (LeaderElection.java:askForVotes(182)) - 79f8f252-68fb-48a7-ad36-a66b8b99f572@group-D686E6C0009F:LeaderElection44: begin an election at term 1 for -1: [79f8f252-68fb-48a7-ad36-a66b8b99f572:192.168.151.73:38046], old=null
2019-09-25 12:53:10,428 [0ece0170-5656-4579-a5bc-428dc13df816@group-313FB52AE114:LeaderElection45] INFO  impl.LeaderElection (LeaderElection.java:askForVotes(182)) - 0ece0170-5656-4579-a5bc-428dc13df816@group-313FB52AE114:LeaderElection45: begin an election at term 1 for -1: [0ece0170-5656-4579-a5bc-428dc13df816:192.168.151.73:41509], old=null
2019-09-25 12:53:10,429 [79f8f252-68fb-48a7-ad36-a66b8b99f572@group-D686E6C0009F:LeaderElection44] INFO  impl.RoleInfo (RoleInfo.java:shutdownLeaderElection(134)) - 79f8f252-68fb-48a7-ad36-a66b8b99f572: shutdown LeaderElection
2019-09-25 12:53:10,428 [ceb95c4b-9640-4cd4-a4be-8ff2d64e56e1@group-052BFD0DBEE9:LeaderElection46] INFO  impl.LeaderElection (LeaderElection.java:askForVotes(182)) - ceb95c4b-9640-4cd4-a4be-8ff2d64e56e1@group-052BFD0DBEE9:LeaderElection46: begin an election at term 1 for -1: [ceb95c4b-9640-4cd4-a4be-8ff2d64e56e1:192.168.151.73:36990], old=null
2019-09-25 12:53:10,429 [79f8f252-68fb-48a7-ad36-a66b8b99f572@group-D686E6C0009F:LeaderElection44] INFO  impl.RaftServerImpl (RaftServerImpl.java:setRole(174)) - 79f8f252-68fb-48a7-ad36-a66b8b99f572@group-D686E6C0009F: changes role from CANDIDATE to LEADER at term 1 for changeToLeader
2019-09-25 12:53:10,429 [0ece0170-5656-4579-a5bc-428dc13df816@group-313FB52AE114:LeaderElection45] INFO  impl.RoleInfo (RoleInfo.java:shutdownLeaderElection(134)) - 0ece0170-5656-4579-a5bc-428dc13df816: shutdown LeaderElection
2019-09-25 12:53:10,429 [79f8f252-68fb-48a7-ad36-a66b8b99f572@group-D686E6C0009F:LeaderElection44] INFO  impl.RaftServerImpl (ServerState.java:setLeader(253)) - 79f8f252-68fb-48a7-ad36-a66b8b99f572@group-D686E6C0009F: change Leader from null to 79f8f252-68fb-48a7-ad36-a66b8b99f572 at term 1 for becomeLeader, leader elected after 5162ms
2019-09-25 12:53:10,429 [ceb95c4b-9640-4cd4-a4be-8ff2d64e56e1@group-052BFD0DBEE9:LeaderElection46] INFO  impl.RoleInfo (RoleInfo.java:shutdownLeaderElection(134)) - ceb95c4b-9640-4cd4-a4be-8ff2d64e56e1: shutdown LeaderElection
2019-09-25 12:53:10,429 [79f8f252-68fb-48a7-ad36-a66b8b99f572@group-D686E6C0009F:LeaderElection44] INFO  server.RaftServerConfigKeys (ConfUtils.java:logGet(43)) - raft.server.staging.catchup.gap = 1000 (default)
2019-09-25 12:53:10,429 [0ece0170-5656-4579-a5bc-428dc13df816@group-313FB52AE114:LeaderElection45] INFO  impl.RaftServerImpl (RaftServerImpl.java:setRole(174)) - 0ece0170-5656-4579-a5bc-428dc13df816@group-313FB52AE114: changes role from CANDIDATE to LEADER at term 1 for changeToLeader
2019-09-25 12:53:10,430 [79f8f252-68fb-48a7-ad36-a66b8b99f572@group-D686E6C0009F:LeaderElection44] INFO  server.RaftServerConfigKeys (ConfUtils.java:logGet(43)) - raft.server.rpc.sleep.time = 25ms (default)
2019-09-25 12:53:10,429 [ceb95c4b-9640-4cd4-a4be-8ff2d64e56e1@group-052BFD0DBEE9:LeaderElection46] INFO  impl.RaftServerImpl (RaftServerImpl.java:setRole(174)) - ceb95c4b-9640-4cd4-a4be-8ff2d64e56e1@group-052BFD0DBEE9: changes role from CANDIDATE to LEADER at term 1 for changeToLeader
2019-09-25 12:53:10,430 [79f8f252-68fb-48a7-ad36-a66b8b99f572@group-D686E6C0009F:LeaderElection44] INFO  server.RaftServerConfigKeys (ConfUtils.java:logGet(43)) - raft.server.write.element-limit = 4096 (default)
2019-09-25 12:53:10,430 [0ece0170-5656-4579-a5bc-428dc13df816@group-313FB52AE114:LeaderElection45] INFO  impl.RaftServerImpl (ServerState.java:setLeader(253)) - 0ece0170-5656-4579-a5bc-428dc13df816@group-313FB52AE114: change Leader from null to 0ece0170-5656-4579-a5bc-428dc13df816 at term 1 for becomeLeader, leader elected after 5207ms
2019-09-25 12:53:10,430 [79f8f252-68fb-48a7-ad36-a66b8b99f572@group-D686E6C0009F:LeaderElection44] INFO  server.RaftServerConfigKeys (ConfUtils.java:logGet(43)) - raft.server.watch.timeout = 10s (default)
2019-09-25 12:53:10,430 [ceb95c4b-9640-4cd4-a4be-8ff2d64e56e1@group-052BFD0DBEE9:LeaderElection46] INFO  impl.RaftServerImpl (ServerState.java:setLeader(253)) - ceb95c4b-9640-4cd4-a4be-8ff2d64e56e1@group-052BFD0DBEE9: change Leader from null to ceb95c4b-9640-4cd4-a4be-8ff2d64e56e1 at term 1 for becomeLeader, leader elected after 5097ms
2019-09-25 12:53:10,430 [79f8f252-68fb-48a7-ad36-a66b8b99f572@group-D686E6C0009F:LeaderElection44] INFO  server.RaftServerConfigKeys (ConfUtils.java:logGet(43)) - raft.server.watch.timeout.denomination = 1s (default)
2019-09-25 12:53:10,430 [0ece0170-5656-4579-a5bc-428dc13df816@group-313FB52AE114:LeaderElection45] INFO  server.RaftServerConfigKeys (ConfUtils.java:logGet(43)) - raft.server.staging.catchup.gap = 1000 (default)
2019-09-25 12:53:10,431 [79f8f252-68fb-48a7-ad36-a66b8b99f572@group-D686E6C0009F:LeaderElection44] INFO  server.RaftServerConfigKeys (ConfUtils.java:logGet(43)) - raft.server.watch.element-limit = 65536 (default)
2019-09-25 12:53:10,431 [ceb95c4b-9640-4cd4-a4be-8ff2d64e56e1@group-052BFD0DBEE9:LeaderElection46] INFO  server.RaftServerConfigKeys (ConfUtils.java:logGet(43)) - raft.server.staging.catchup.gap = 1000 (default)
2019-09-25 12:53:10,431 [0ece0170-5656-4579-a5bc-428dc13df816@group-313FB52AE114:LeaderElection45] INFO  server.RaftServerConfigKeys (ConfUtils.java:logGet(43)) - raft.server.rpc.sleep.time = 25ms (default)
2019-09-25 12:53:10,431 [ceb95c4b-9640-4cd4-a4be-8ff2d64e56e1@group-052BFD0DBEE9:LeaderElection46] INFO  server.RaftServerConfigKeys (ConfUtils.java:logGet(43)) - raft.server.rpc.sleep.time = 25ms (default)
2019-09-25 12:53:10,431 [0ece0170-5656-4579-a5bc-428dc13df816@group-313FB52AE114:LeaderElection45] INFO  server.RaftServerConfigKeys (ConfUtils.java:logGet(43)) - raft.server.write.element-limit = 4096 (default)
2019-09-25 12:53:10,432 [ceb95c4b-9640-4cd4-a4be-8ff2d64e56e1@group-052BFD0DBEE9:LeaderElection46] INFO  server.RaftServerConfigKeys (ConfUtils.java:logGet(43)) - raft.server.write.element-limit = 4096 (default)
2019-09-25 12:53:10,432 [0ece0170-5656-4579-a5bc-428dc13df816@group-313FB52AE114:LeaderElection45] INFO  server.RaftServerConfigKeys (ConfUtils.java:logGet(43)) - raft.server.watch.timeout = 10s (default)
2019-09-25 12:53:10,432 [ceb95c4b-9640-4cd4-a4be-8ff2d64e56e1@group-052BFD0DBEE9:LeaderElection46] INFO  server.RaftServerConfigKeys (ConfUtils.java:logGet(43)) - raft.server.watch.timeout = 10s (default)
2019-09-25 12:53:10,432 [0ece0170-5656-4579-a5bc-428dc13df816@group-313FB52AE114:LeaderElection45] INFO  server.RaftServerConfigKeys (ConfUtils.java:logGet(43)) - raft.server.watch.timeout.denomination = 1s (default)
2019-09-25 12:53:10,432 [ceb95c4b-9640-4cd4-a4be-8ff2d64e56e1@group-052BFD0DBEE9:LeaderElection46] INFO  server.RaftServerConfigKeys (ConfUtils.java:logGet(43)) - raft.server.watch.timeout.denomination = 1s (default)
2019-09-25 12:53:10,432 [0ece0170-5656-4579-a5bc-428dc13df816@group-313FB52AE114:LeaderElection45] INFO  server.RaftServerConfigKeys (ConfUtils.java:logGet(43)) - raft.server.watch.element-limit = 65536 (default)
2019-09-25 12:53:10,432 [ceb95c4b-9640-4cd4-a4be-8ff2d64e56e1@group-052BFD0DBEE9:LeaderElection46] INFO  server.RaftServerConfigKeys (ConfUtils.java:logGet(43)) - raft.server.watch.element-limit = 65536 (default)
2019-09-25 12:53:10,433 [79f8f252-68fb-48a7-ad36-a66b8b99f572@group-D686E6C0009F:LeaderElection44] INFO  impl.RoleInfo (RoleInfo.java:updateAndGet(143)) - 79f8f252-68fb-48a7-ad36-a66b8b99f572: start LeaderState
2019-09-25 12:53:10,434 [79f8f252-68fb-48a7-ad36-a66b8b99f572@group-D686E6C0009F:LeaderElection44] INFO  segmented.SegmentedRaftLogWorker (SegmentedRaftLogWorker.java:startLogSegment(380)) - 79f8f252-68fb-48a7-ad36-a66b8b99f572@group-D686E6C0009F-SegmentedRaftLogWorker: Starting segment from index:0
2019-09-25 12:53:10,434 [79f8f252-68fb-48a7-ad36-a66b8b99f572@group-D686E6C0009F:LeaderElection44] INFO  impl.RaftServerImpl (ServerState.java:setRaftConf(354)) - 79f8f252-68fb-48a7-ad36-a66b8b99f572@group-D686E6C0009F: set configuration 0: [79f8f252-68fb-48a7-ad36-a66b8b99f572:192.168.151.73:38046], old=null at 0
2019-09-25 12:53:10,436 [0ece0170-5656-4579-a5bc-428dc13df816@group-313FB52AE114:LeaderElection45] INFO  impl.RoleInfo (RoleInfo.java:updateAndGet(143)) - 0ece0170-5656-4579-a5bc-428dc13df816: start LeaderState
2019-09-25 12:53:10,436 [0ece0170-5656-4579-a5bc-428dc13df816@group-313FB52AE114:LeaderElection45] INFO  segmented.SegmentedRaftLogWorker (SegmentedRaftLogWorker.java:startLogSegment(380)) - 0ece0170-5656-4579-a5bc-428dc13df816@group-313FB52AE114-SegmentedRaftLogWorker: Starting segment from index:0
2019-09-25 12:53:10,437 [ceb95c4b-9640-4cd4-a4be-8ff2d64e56e1@group-052BFD0DBEE9:LeaderElection46] INFO  impl.RoleInfo (RoleInfo.java:updateAndGet(143)) - ceb95c4b-9640-4cd4-a4be-8ff2d64e56e1: start LeaderState
2019-09-25 12:53:10,437 [0ece0170-5656-4579-a5bc-428dc13df816@group-313FB52AE114:LeaderElection45] INFO  impl.RaftServerImpl (ServerState.java:setRaftConf(354)) - 0ece0170-5656-4579-a5bc-428dc13df816@group-313FB52AE114: set configuration 0: [0ece0170-5656-4579-a5bc-428dc13df816:192.168.151.73:41509], old=null at 0
2019-09-25 12:53:10,437 [ceb95c4b-9640-4cd4-a4be-8ff2d64e56e1@group-052BFD0DBEE9:LeaderElection46] INFO  segmented.SegmentedRaftLogWorker (SegmentedRaftLogWorker.java:startLogSegment(380)) - ceb95c4b-9640-4cd4-a4be-8ff2d64e56e1@group-052BFD0DBEE9-SegmentedRaftLogWorker: Starting segment from index:0
2019-09-25 12:53:10,437 [ceb95c4b-9640-4cd4-a4be-8ff2d64e56e1@group-052BFD0DBEE9:LeaderElection46] INFO  impl.RaftServerImpl (ServerState.java:setRaftConf(354)) - ceb95c4b-9640-4cd4-a4be-8ff2d64e56e1@group-052BFD0DBEE9: set configuration 0: [ceb95c4b-9640-4cd4-a4be-8ff2d64e56e1:192.168.151.73:36990], old=null at 0
2019-09-25 12:53:10,439 [Thread-749] INFO  impl.FollowerState (FollowerState.java:run(106)) - ceb95c4b-9640-4cd4-a4be-8ff2d64e56e1:group-655C016C7ABC changes to CANDIDATE, lastRpcTime:5044, electionTimeout:5044ms
2019-09-25 12:53:10,439 [Thread-749] INFO  impl.RoleInfo (RoleInfo.java:shutdownFollowerState(121)) - ceb95c4b-9640-4cd4-a4be-8ff2d64e56e1: shutdown FollowerState
2019-09-25 12:53:10,439 [Thread-749] INFO  impl.RaftServerImpl (RaftServerImpl.java:setRole(174)) - ceb95c4b-9640-4cd4-a4be-8ff2d64e56e1@group-655C016C7ABC: changes role from  FOLLOWER to CANDIDATE at term 0 for changeToCandidate
2019-09-25 12:53:10,439 [Thread-749] INFO  impl.RoleInfo (RoleInfo.java:updateAndGet(143)) - ceb95c4b-9640-4cd4-a4be-8ff2d64e56e1: start LeaderElection
2019-09-25 12:53:10,500 [ceb95c4b-9640-4cd4-a4be-8ff2d64e56e1@group-052BFD0DBEE9-SegmentedRaftLogWorker] INFO  segmented.SegmentedRaftLogWorker (SegmentedRaftLogWorker.java:execute(569)) - ceb95c4b-9640-4cd4-a4be-8ff2d64e56e1@group-052BFD0DBEE9-SegmentedRaftLogWorker: created new log segment /workdir/hadoop-ozone/ozonefs/target/test-dir/MiniOzoneClusterImpl-8b918b52-c3dc-453c-9b69-212fa30732fd/datanode-1/data/ratis/2e29cecf-2b5f-43b8-9465-052bfd0dbee9/current/log_inprogress_0
2019-09-25 12:53:10,500 [ceb95c4b-9640-4cd4-a4be-8ff2d64e56e1@group-655C016C7ABC:LeaderElection47] INFO  impl.LeaderElection (LeaderElection.java:askForVotes(182)) - ceb95c4b-9640-4cd4-a4be-8ff2d64e56e1@group-655C016C7ABC:LeaderElection47: begin an election at term 1 for -1: [ceb95c4b-9640-4cd4-a4be-8ff2d64e56e1:192.168.151.73:36990], old=null
2019-09-25 12:53:10,500 [0ece0170-5656-4579-a5bc-428dc13df816@group-313FB52AE114-SegmentedRaftLogWorker] INFO  segmented.SegmentedRaftLogWorker (SegmentedRaftLogWorker.java:execute(569)) - 0ece0170-5656-4579-a5bc-428dc13df816@group-313FB52AE114-SegmentedRaftLogWorker: created new log segment /workdir/hadoop-ozone/ozonefs/target/test-dir/MiniOzoneClusterImpl-8b918b52-c3dc-453c-9b69-212fa30732fd/datanode-0/data/ratis/e3a0d805-8810-45b1-9d38-313fb52ae114/current/log_inprogress_0
2019-09-25 12:53:10,500 [79f8f252-68fb-48a7-ad36-a66b8b99f572@group-D686E6C0009F-SegmentedRaftLogWorker] INFO  segmented.SegmentedRaftLogWorker (SegmentedRaftLogWorker.java:execute(569)) - 79f8f252-68fb-48a7-ad36-a66b8b99f572@group-D686E6C0009F-SegmentedRaftLogWorker: created new log segment /workdir/hadoop-ozone/ozonefs/target/test-dir/MiniOzoneClusterImpl-8b918b52-c3dc-453c-9b69-212fa30732fd/datanode-2/data/ratis/9140b521-ca3e-48a9-9277-d686e6c0009f/current/log_inprogress_0
2019-09-25 12:53:10,501 [ceb95c4b-9640-4cd4-a4be-8ff2d64e56e1@group-655C016C7ABC:LeaderElection47] INFO  impl.RoleInfo (RoleInfo.java:shutdownLeaderElection(134)) - ceb95c4b-9640-4cd4-a4be-8ff2d64e56e1: shutdown LeaderElection
2019-09-25 12:53:10,501 [ceb95c4b-9640-4cd4-a4be-8ff2d64e56e1@group-655C016C7ABC:LeaderElection47] INFO  impl.RaftServerImpl (RaftServerImpl.java:setRole(174)) - ceb95c4b-9640-4cd4-a4be-8ff2d64e56e1@group-655C016C7ABC: changes role from CANDIDATE to LEADER at term 1 for changeToLeader
2019-09-25 12:53:10,501 [ceb95c4b-9640-4cd4-a4be-8ff2d64e56e1@group-655C016C7ABC:LeaderElection47] INFO  impl.RaftServerImpl (ServerState.java:setLeader(253)) - ceb95c4b-9640-4cd4-a4be-8ff2d64e56e1@group-655C016C7ABC: change Leader from null to ceb95c4b-9640-4cd4-a4be-8ff2d64e56e1 at term 1 for becomeLeader, leader elected after 5112ms
2019-09-25 12:53:10,501 [ceb95c4b-9640-4cd4-a4be-8ff2d64e56e1@group-655C016C7ABC:LeaderElection47] INFO  server.RaftServerConfigKeys (ConfUtils.java:logGet(43)) - raft.server.staging.catchup.gap = 1000 (default)
2019-09-25 12:53:10,502 [ceb95c4b-9640-4cd4-a4be-8ff2d64e56e1@group-655C016C7ABC:LeaderElection47] INFO  server.RaftServerConfigKeys (ConfUtils.java:logGet(43)) - raft.server.rpc.sleep.time = 25ms (default)
2019-09-25 12:53:10,502 [ceb95c4b-9640-4cd4-a4be-8ff2d64e56e1@group-655C016C7ABC:LeaderElection47] INFO  server.RaftServerConfigKeys (ConfUtils.java:logGet(43)) - raft.server.write.element-limit = 4096 (default)
2019-09-25 12:53:10,502 [ceb95c4b-9640-4cd4-a4be-8ff2d64e56e1@group-655C016C7ABC:LeaderElection47] INFO  server.RaftServerConfigKeys (ConfUtils.java:logGet(43)) - raft.server.watch.timeout = 10s (default)
2019-09-25 12:53:10,502 [ceb95c4b-9640-4cd4-a4be-8ff2d64e56e1@group-655C016C7ABC:LeaderElection47] INFO  server.RaftServerConfigKeys (ConfUtils.java:logGet(43)) - raft.server.watch.timeout.denomination = 1s (default)
2019-09-25 12:53:10,502 [ceb95c4b-9640-4cd4-a4be-8ff2d64e56e1@group-655C016C7ABC:LeaderElection47] INFO  server.RaftServerConfigKeys (ConfUtils.java:logGet(43)) - raft.server.watch.element-limit = 65536 (default)
2019-09-25 12:53:10,504 [ceb95c4b-9640-4cd4-a4be-8ff2d64e56e1@group-655C016C7ABC:LeaderElection47] INFO  impl.RoleInfo (RoleInfo.java:updateAndGet(143)) - ceb95c4b-9640-4cd4-a4be-8ff2d64e56e1: start LeaderState
2019-09-25 12:53:10,505 [ceb95c4b-9640-4cd4-a4be-8ff2d64e56e1@group-655C016C7ABC:LeaderElection47] INFO  segmented.SegmentedRaftLogWorker (SegmentedRaftLogWorker.java:startLogSegment(380)) - ceb95c4b-9640-4cd4-a4be-8ff2d64e56e1@group-655C016C7ABC-SegmentedRaftLogWorker: Starting segment from index:0
2019-09-25 12:53:10,505 [ceb95c4b-9640-4cd4-a4be-8ff2d64e56e1@group-655C016C7ABC:LeaderElection47] INFO  impl.RaftServerImpl (ServerState.java:setRaftConf(354)) - ceb95c4b-9640-4cd4-a4be-8ff2d64e56e1@group-655C016C7ABC: set configuration 0: [ceb95c4b-9640-4cd4-a4be-8ff2d64e56e1:192.168.151.73:36990], old=null at 0
2019-09-25 12:53:10,510 [Thread-755] INFO  impl.FollowerState (FollowerState.java:run(106)) - 79f8f252-68fb-48a7-ad36-a66b8b99f572:group-9629236DF57B changes to CANDIDATE, lastRpcTime:5004, electionTimeout:5004ms
2019-09-25 12:53:10,510 [Thread-755] INFO  impl.RoleInfo (RoleInfo.java:shutdownFollowerState(121)) - 79f8f252-68fb-48a7-ad36-a66b8b99f572: shutdown FollowerState
2019-09-25 12:53:10,510 [Thread-755] INFO  impl.RaftServerImpl (RaftServerImpl.java:setRole(174)) - 79f8f252-68fb-48a7-ad36-a66b8b99f572@group-9629236DF57B: changes role from  FOLLOWER to CANDIDATE at term 0 for changeToCandidate
2019-09-25 12:53:10,511 [Thread-755] INFO  impl.RoleInfo (RoleInfo.java:updateAndGet(143)) - 79f8f252-68fb-48a7-ad36-a66b8b99f572: start LeaderElection
2019-09-25 12:53:10,556 [Thread-752] INFO  impl.FollowerState (FollowerState.java:run(106)) - ceb95c4b-9640-4cd4-a4be-8ff2d64e56e1:group-838A05CEF965 changes to CANDIDATE, lastRpcTime:5096, electionTimeout:5096ms
2019-09-25 12:53:10,556 [Thread-752] INFO  impl.RoleInfo (RoleInfo.java:shutdownFollowerState(121)) - ceb95c4b-9640-4cd4-a4be-8ff2d64e56e1: shutdown FollowerState
2019-09-25 12:53:10,556 [Thread-752] INFO  impl.RaftServerImpl (RaftServerImpl.java:setRole(174)) - ceb95c4b-9640-4cd4-a4be-8ff2d64e56e1@group-838A05CEF965: changes role from  FOLLOWER to CANDIDATE at term 0 for changeToCandidate
2019-09-25 12:53:10,557 [Thread-752] INFO  impl.RoleInfo (RoleInfo.java:updateAndGet(143)) - ceb95c4b-9640-4cd4-a4be-8ff2d64e56e1: start LeaderElection
2019-09-25 12:53:10,565 [ceb95c4b-9640-4cd4-a4be-8ff2d64e56e1@group-655C016C7ABC-SegmentedRaftLogWorker] INFO  segmented.SegmentedRaftLogWorker (SegmentedRaftLogWorker.java:execute(569)) - ceb95c4b-9640-4cd4-a4be-8ff2d64e56e1@group-655C016C7ABC-SegmentedRaftLogWorker: created new log segment /workdir/hadoop-ozone/ozonefs/target/test-dir/MiniOzoneClusterImpl-8b918b52-c3dc-453c-9b69-212fa30732fd/datanode-1/data/ratis/5ed7824b-a0b4-4457-95e2-655c016c7abc/current/log_inprogress_0
2019-09-25 12:53:10,565 [79f8f252-68fb-48a7-ad36-a66b8b99f572@group-9629236DF57B:LeaderElection48] INFO  impl.LeaderElection (LeaderElection.java:askForVotes(182)) - 79f8f252-68fb-48a7-ad36-a66b8b99f572@group-9629236DF57B:LeaderElection48: begin an election at term 1 for -1: [79f8f252-68fb-48a7-ad36-a66b8b99f572:192.168.151.73:38046], old=null
2019-09-25 12:53:10,565 [79f8f252-68fb-48a7-ad36-a66b8b99f572@group-9629236DF57B:LeaderElection48] INFO  impl.RoleInfo (RoleInfo.java:shutdownLeaderElection(134)) - 79f8f252-68fb-48a7-ad36-a66b8b99f572: shutdown LeaderElection
2019-09-25 12:53:10,565 [79f8f252-68fb-48a7-ad36-a66b8b99f572@group-9629236DF57B:LeaderElection48] INFO  impl.RaftServerImpl (RaftServerImpl.java:setRole(174)) - 79f8f252-68fb-48a7-ad36-a66b8b99f572@group-9629236DF57B: changes role from CANDIDATE to LEADER at term 1 for changeToLeader
2019-09-25 12:53:10,566 [79f8f252-68fb-48a7-ad36-a66b8b99f572@group-9629236DF57B:LeaderElection48] INFO  impl.RaftServerImpl (ServerState.java:setLeader(253)) - 79f8f252-68fb-48a7-ad36-a66b8b99f572@group-9629236DF57B: change Leader from null to 79f8f252-68fb-48a7-ad36-a66b8b99f572 at term 1 for becomeLeader, leader elected after 5066ms
2019-09-25 12:53:10,566 [79f8f252-68fb-48a7-ad36-a66b8b99f572@group-9629236DF57B:LeaderElection48] INFO  server.RaftServerConfigKeys (ConfUtils.java:logGet(43)) - raft.server.staging.catchup.gap = 1000 (default)
2019-09-25 12:53:10,566 [79f8f252-68fb-48a7-ad36-a66b8b99f572@group-9629236DF57B:LeaderElection48] INFO  server.RaftServerConfigKeys (ConfUtils.java:logGet(43)) - raft.server.rpc.sleep.time = 25ms (default)
2019-09-25 12:53:10,566 [79f8f252-68fb-48a7-ad36-a66b8b99f572@group-9629236DF57B:LeaderElection48] INFO  server.RaftServerConfigKeys (ConfUtils.java:logGet(43)) - raft.server.write.element-limit = 4096 (default)
2019-09-25 12:53:10,567 [79f8f252-68fb-48a7-ad36-a66b8b99f572@group-9629236DF57B:LeaderElection48] INFO  server.RaftServerConfigKeys (ConfUtils.java:logGet(43)) - raft.server.watch.timeout = 10s (default)
2019-09-25 12:53:10,567 [79f8f252-68fb-48a7-ad36-a66b8b99f572@group-9629236DF57B:LeaderElection48] INFO  server.RaftServerConfigKeys (ConfUtils.java:logGet(43)) - raft.server.watch.timeout.denomination = 1s (default)
2019-09-25 12:53:10,567 [79f8f252-68fb-48a7-ad36-a66b8b99f572@group-9629236DF57B:LeaderElection48] INFO  server.RaftServerConfigKeys (ConfUtils.java:logGet(43)) - raft.server.watch.element-limit = 65536 (default)
2019-09-25 12:53:10,570 [79f8f252-68fb-48a7-ad36-a66b8b99f572@group-9629236DF57B:LeaderElection48] INFO  impl.RoleInfo (RoleInfo.java:updateAndGet(143)) - 79f8f252-68fb-48a7-ad36-a66b8b99f572: start LeaderState
2019-09-25 12:53:10,570 [79f8f252-68fb-48a7-ad36-a66b8b99f572@group-9629236DF57B:LeaderElection48] INFO  segmented.SegmentedRaftLogWorker (SegmentedRaftLogWorker.java:startLogSegment(380)) - 79f8f252-68fb-48a7-ad36-a66b8b99f572@group-9629236DF57B-SegmentedRaftLogWorker: Starting segment from index:0
2019-09-25 12:53:10,571 [79f8f252-68fb-48a7-ad36-a66b8b99f572@group-9629236DF57B:LeaderElection48] INFO  impl.RaftServerImpl (ServerState.java:setRaftConf(354)) - 79f8f252-68fb-48a7-ad36-a66b8b99f572@group-9629236DF57B: set configuration 0: [79f8f252-68fb-48a7-ad36-a66b8b99f572:192.168.151.73:38046], old=null at 0
2019-09-25 12:53:10,587 [ceb95c4b-9640-4cd4-a4be-8ff2d64e56e1@group-838A05CEF965:LeaderElection49] INFO  impl.LeaderElection (LeaderElection.java:askForVotes(182)) - ceb95c4b-9640-4cd4-a4be-8ff2d64e56e1@group-838A05CEF965:LeaderElection49: begin an election at term 1 for -1: [ceb95c4b-9640-4cd4-a4be-8ff2d64e56e1:192.168.151.73:36990], old=null
2019-09-25 12:53:10,587 [ceb95c4b-9640-4cd4-a4be-8ff2d64e56e1@group-838A05CEF965:LeaderElection49] INFO  impl.RoleInfo (RoleInfo.java:shutdownLeaderElection(134)) - ceb95c4b-9640-4cd4-a4be-8ff2d64e56e1: shutdown LeaderElection
2019-09-25 12:53:10,588 [ceb95c4b-9640-4cd4-a4be-8ff2d64e56e1@group-838A05CEF965:LeaderElection49] INFO  impl.RaftServerImpl (RaftServerImpl.java:setRole(174)) - ceb95c4b-9640-4cd4-a4be-8ff2d64e56e1@group-838A05CEF965: changes role from CANDIDATE to LEADER at term 1 for changeToLeader
2019-09-25 12:53:10,588 [ceb95c4b-9640-4cd4-a4be-8ff2d64e56e1@group-838A05CEF965:LeaderElection49] INFO  impl.RaftServerImpl (ServerState.java:setLeader(253)) - ceb95c4b-9640-4cd4-a4be-8ff2d64e56e1@group-838A05CEF965: change Leader from null to ceb95c4b-9640-4cd4-a4be-8ff2d64e56e1 at term 1 for becomeLeader, leader elected after 5135ms
2019-09-25 12:53:10,588 [ceb95c4b-9640-4cd4-a4be-8ff2d64e56e1@group-838A05CEF965:LeaderElection49] INFO  server.RaftServerConfigKeys (ConfUtils.java:logGet(43)) - raft.server.staging.catchup.gap = 1000 (default)
2019-09-25 12:53:10,588 [ceb95c4b-9640-4cd4-a4be-8ff2d64e56e1@group-838A05CEF965:LeaderElection49] INFO  server.RaftServerConfigKeys (ConfUtils.java:logGet(43)) - raft.server.rpc.sleep.time = 25ms (default)
2019-09-25 12:53:10,588 [ceb95c4b-9640-4cd4-a4be-8ff2d64e56e1@group-838A05CEF965:LeaderElection49] INFO  server.RaftServerConfigKeys (ConfUtils.java:logGet(43)) - raft.server.write.element-limit = 4096 (default)
2019-09-25 12:53:10,588 [ceb95c4b-9640-4cd4-a4be-8ff2d64e56e1@group-838A05CEF965:LeaderElection49] INFO  server.RaftServerConfigKeys (ConfUtils.java:logGet(43)) - raft.server.watch.timeout = 10s (default)
2019-09-25 12:53:10,589 [ceb95c4b-9640-4cd4-a4be-8ff2d64e56e1@group-838A05CEF965:LeaderElection49] INFO  server.RaftServerConfigKeys (ConfUtils.java:logGet(43)) - raft.server.watch.timeout.denomination = 1s (default)
2019-09-25 12:53:10,589 [ceb95c4b-9640-4cd4-a4be-8ff2d64e56e1@group-838A05CEF965:LeaderElection49] INFO  server.RaftServerConfigKeys (ConfUtils.java:logGet(43)) - raft.server.watch.element-limit = 65536 (default)
2019-09-25 12:53:10,591 [ceb95c4b-9640-4cd4-a4be-8ff2d64e56e1@group-838A05CEF965:LeaderElection49] INFO  impl.RoleInfo (RoleInfo.java:updateAndGet(143)) - ceb95c4b-9640-4cd4-a4be-8ff2d64e56e1: start LeaderState
2019-09-25 12:53:10,591 [ceb95c4b-9640-4cd4-a4be-8ff2d64e56e1@group-838A05CEF965:LeaderElection49] INFO  segmented.SegmentedRaftLogWorker (SegmentedRaftLogWorker.java:startLogSegment(380)) - ceb95c4b-9640-4cd4-a4be-8ff2d64e56e1@group-838A05CEF965-SegmentedRaftLogWorker: Starting segment from index:0
2019-09-25 12:53:10,592 [ceb95c4b-9640-4cd4-a4be-8ff2d64e56e1@group-838A05CEF965:LeaderElection49] INFO  impl.RaftServerImpl (ServerState.java:setRaftConf(354)) - ceb95c4b-9640-4cd4-a4be-8ff2d64e56e1@group-838A05CEF965: set configuration 0: [ceb95c4b-9640-4cd4-a4be-8ff2d64e56e1:192.168.151.73:36990], old=null at 0
2019-09-25 12:53:10,617 [79f8f252-68fb-48a7-ad36-a66b8b99f572@group-9629236DF57B-SegmentedRaftLogWorker] INFO  segmented.SegmentedRaftLogWorker (SegmentedRaftLogWorker.java:execute(569)) - 79f8f252-68fb-48a7-ad36-a66b8b99f572@group-9629236DF57B-SegmentedRaftLogWorker: created new log segment /workdir/hadoop-ozone/ozonefs/target/test-dir/MiniOzoneClusterImpl-8b918b52-c3dc-453c-9b69-212fa30732fd/datanode-2/data/ratis/56fe83d4-cbd1-4e33-9eac-9629236df57b/current/log_inprogress_0
2019-09-25 12:53:10,630 [ceb95c4b-9640-4cd4-a4be-8ff2d64e56e1@group-838A05CEF965-SegmentedRaftLogWorker] INFO  segmented.SegmentedRaftLogWorker (SegmentedRaftLogWorker.java:execute(569)) - ceb95c4b-9640-4cd4-a4be-8ff2d64e56e1@group-838A05CEF965-SegmentedRaftLogWorker: created new log segment /workdir/hadoop-ozone/ozonefs/target/test-dir/MiniOzoneClusterImpl-8b918b52-c3dc-453c-9b69-212fa30732fd/datanode-1/data/ratis/57aba147-ef38-43cd-8ac0-838a05cef965/current/log_inprogress_0
2019-09-25 12:53:10,682 [Thread-758] INFO  impl.FollowerState (FollowerState.java:run(106)) - 79f8f252-68fb-48a7-ad36-a66b8b99f572:group-40C6D45542BD changes to CANDIDATE, lastRpcTime:5132, electionTimeout:5132ms
2019-09-25 12:53:10,683 [Thread-758] INFO  impl.RoleInfo (RoleInfo.java:shutdownFollowerState(121)) - 79f8f252-68fb-48a7-ad36-a66b8b99f572: shutdown FollowerState
2019-09-25 12:53:10,683 [Thread-758] INFO  impl.RaftServerImpl (RaftServerImpl.java:setRole(174)) - 79f8f252-68fb-48a7-ad36-a66b8b99f572@group-40C6D45542BD: changes role from  FOLLOWER to CANDIDATE at term 0 for changeToCandidate
2019-09-25 12:53:10,683 [Thread-758] INFO  impl.RoleInfo (RoleInfo.java:updateAndGet(143)) - 79f8f252-68fb-48a7-ad36-a66b8b99f572: start LeaderElection
2019-09-25 12:53:10,697 [Thread-761] INFO  impl.FollowerState (FollowerState.java:run(106)) - 79f8f252-68fb-48a7-ad36-a66b8b99f572:group-BC9D5F8533B2 changes to CANDIDATE, lastRpcTime:5104, electionTimeout:5104ms
2019-09-25 12:53:10,697 [Thread-761] INFO  impl.RoleInfo (RoleInfo.java:shutdownFollowerState(121)) - 79f8f252-68fb-48a7-ad36-a66b8b99f572: shutdown FollowerState
2019-09-25 12:53:10,697 [Thread-761] INFO  impl.RaftServerImpl (RaftServerImpl.java:setRole(174)) - 79f8f252-68fb-48a7-ad36-a66b8b99f572@group-BC9D5F8533B2: changes role from  FOLLOWER to CANDIDATE at term 0 for changeToCandidate
2019-09-25 12:53:10,698 [Thread-761] INFO  impl.RoleInfo (RoleInfo.java:updateAndGet(143)) - 79f8f252-68fb-48a7-ad36-a66b8b99f572: start LeaderElection
2019-09-25 12:53:10,706 [79f8f252-68fb-48a7-ad36-a66b8b99f572@group-BC9D5F8533B2:LeaderElection51] INFO  impl.LeaderElection (LeaderElection.java:askForVotes(182)) - 79f8f252-68fb-48a7-ad36-a66b8b99f572@group-BC9D5F8533B2:LeaderElection51: begin an election at term 1 for -1: [79f8f252-68fb-48a7-ad36-a66b8b99f572:192.168.151.73:38046], old=null
2019-09-25 12:53:10,706 [79f8f252-68fb-48a7-ad36-a66b8b99f572@group-40C6D45542BD:LeaderElection50] INFO  impl.LeaderElection (LeaderElection.java:askForVotes(182)) - 79f8f252-68fb-48a7-ad36-a66b8b99f572@group-40C6D45542BD:LeaderElection50: begin an election at term 1 for -1: [79f8f252-68fb-48a7-ad36-a66b8b99f572:192.168.151.73:38046], old=null
2019-09-25 12:53:10,706 [79f8f252-68fb-48a7-ad36-a66b8b99f572@group-BC9D5F8533B2:LeaderElection51] INFO  impl.RoleInfo (RoleInfo.java:shutdownLeaderElection(134)) - 79f8f252-68fb-48a7-ad36-a66b8b99f572: shutdown LeaderElection
2019-09-25 12:53:10,706 [79f8f252-68fb-48a7-ad36-a66b8b99f572@group-40C6D45542BD:LeaderElection50] INFO  impl.RoleInfo (RoleInfo.java:shutdownLeaderElection(134)) - 79f8f252-68fb-48a7-ad36-a66b8b99f572: shutdown LeaderElection
2019-09-25 12:53:10,707 [79f8f252-68fb-48a7-ad36-a66b8b99f572@group-BC9D5F8533B2:LeaderElection51] INFO  impl.RaftServerImpl (RaftServerImpl.java:setRole(174)) - 79f8f252-68fb-48a7-ad36-a66b8b99f572@group-BC9D5F8533B2: changes role from CANDIDATE to LEADER at term 1 for changeToLeader
2019-09-25 12:53:10,707 [79f8f252-68fb-48a7-ad36-a66b8b99f572@group-40C6D45542BD:LeaderElection50] INFO  impl.RaftServerImpl (RaftServerImpl.java:setRole(174)) - 79f8f252-68fb-48a7-ad36-a66b8b99f572@group-40C6D45542BD: changes role from CANDIDATE to LEADER at term 1 for changeToLeader
2019-09-25 12:53:10,707 [79f8f252-68fb-48a7-ad36-a66b8b99f572@group-BC9D5F8533B2:LeaderElection51] INFO  impl.RaftServerImpl (ServerState.java:setLeader(253)) - 79f8f252-68fb-48a7-ad36-a66b8b99f572@group-BC9D5F8533B2: change Leader from null to 79f8f252-68fb-48a7-ad36-a66b8b99f572 at term 1 for becomeLeader, leader elected after 5118ms
2019-09-25 12:53:10,707 [79f8f252-68fb-48a7-ad36-a66b8b99f572@group-40C6D45542BD:LeaderElection50] INFO  impl.RaftServerImpl (ServerState.java:setLeader(253)) - 79f8f252-68fb-48a7-ad36-a66b8b99f572@group-40C6D45542BD: change Leader from null to 79f8f252-68fb-48a7-ad36-a66b8b99f572 at term 1 for becomeLeader, leader elected after 5162ms
2019-09-25 12:53:10,707 [79f8f252-68fb-48a7-ad36-a66b8b99f572@group-BC9D5F8533B2:LeaderElection51] INFO  server.RaftServerConfigKeys (ConfUtils.java:logGet(43)) - raft.server.staging.catchup.gap = 1000 (default)
2019-09-25 12:53:10,707 [79f8f252-68fb-48a7-ad36-a66b8b99f572@group-40C6D45542BD:LeaderElection50] INFO  server.RaftServerConfigKeys (ConfUtils.java:logGet(43)) - raft.server.staging.catchup.gap = 1000 (default)
2019-09-25 12:53:10,708 [79f8f252-68fb-48a7-ad36-a66b8b99f572@group-40C6D45542BD:LeaderElection50] INFO  server.RaftServerConfigKeys (ConfUtils.java:logGet(43)) - raft.server.rpc.sleep.time = 25ms (default)
2019-09-25 12:53:10,707 [79f8f252-68fb-48a7-ad36-a66b8b99f572@group-BC9D5F8533B2:LeaderElection51] INFO  server.RaftServerConfigKeys (ConfUtils.java:logGet(43)) - raft.server.rpc.sleep.time = 25ms (default)
2019-09-25 12:53:10,708 [79f8f252-68fb-48a7-ad36-a66b8b99f572@group-40C6D45542BD:LeaderElection50] INFO  server.RaftServerConfigKeys (ConfUtils.java:logGet(43)) - raft.server.write.element-limit = 4096 (default)
2019-09-25 12:53:10,708 [79f8f252-68fb-48a7-ad36-a66b8b99f572@group-BC9D5F8533B2:LeaderElection51] INFO  server.RaftServerConfigKeys (ConfUtils.java:logGet(43)) - raft.server.write.element-limit = 4096 (default)
2019-09-25 12:53:10,708 [79f8f252-68fb-48a7-ad36-a66b8b99f572@group-40C6D45542BD:LeaderElection50] INFO  server.RaftServerConfigKeys (ConfUtils.java:logGet(43)) - raft.server.watch.timeout = 10s (default)
2019-09-25 12:53:10,708 [79f8f252-68fb-48a7-ad36-a66b8b99f572@group-BC9D5F8533B2:LeaderElection51] INFO  server.RaftServerConfigKeys (ConfUtils.java:logGet(43)) - raft.server.watch.timeout = 10s (default)
2019-09-25 12:53:10,708 [79f8f252-68fb-48a7-ad36-a66b8b99f572@group-40C6D45542BD:LeaderElection50] INFO  server.RaftServerConfigKeys (ConfUtils.java:logGet(43)) - raft.server.watch.timeout.denomination = 1s (default)
2019-09-25 12:53:10,709 [79f8f252-68fb-48a7-ad36-a66b8b99f572@group-BC9D5F8533B2:LeaderElection51] INFO  server.RaftServerConfigKeys (ConfUtils.java:logGet(43)) - raft.server.watch.timeout.denomination = 1s (default)
2019-09-25 12:53:10,709 [79f8f252-68fb-48a7-ad36-a66b8b99f572@group-40C6D45542BD:LeaderElection50] INFO  server.RaftServerConfigKeys (ConfUtils.java:logGet(43)) - raft.server.watch.element-limit = 65536 (default)
2019-09-25 12:53:10,709 [79f8f252-68fb-48a7-ad36-a66b8b99f572@group-BC9D5F8533B2:LeaderElection51] INFO  server.RaftServerConfigKeys (ConfUtils.java:logGet(43)) - raft.server.watch.element-limit = 65536 (default)
2019-09-25 12:53:10,712 [79f8f252-68fb-48a7-ad36-a66b8b99f572@group-40C6D45542BD:LeaderElection50] INFO  impl.RoleInfo (RoleInfo.java:updateAndGet(143)) - 79f8f252-68fb-48a7-ad36-a66b8b99f572: start LeaderState
2019-09-25 12:53:10,712 [79f8f252-68fb-48a7-ad36-a66b8b99f572@group-BC9D5F8533B2:LeaderElection51] INFO  impl.RoleInfo (RoleInfo.java:updateAndGet(143)) - 79f8f252-68fb-48a7-ad36-a66b8b99f572: start LeaderState
2019-09-25 12:53:10,712 [79f8f252-68fb-48a7-ad36-a66b8b99f572@group-40C6D45542BD:LeaderElection50] INFO  segmented.SegmentedRaftLogWorker (SegmentedRaftLogWorker.java:startLogSegment(380)) - 79f8f252-68fb-48a7-ad36-a66b8b99f572@group-40C6D45542BD-SegmentedRaftLogWorker: Starting segment from index:0
2019-09-25 12:53:10,712 [79f8f252-68fb-48a7-ad36-a66b8b99f572@group-BC9D5F8533B2:LeaderElection51] INFO  segmented.SegmentedRaftLogWorker (SegmentedRaftLogWorker.java:startLogSegment(380)) - 79f8f252-68fb-48a7-ad36-a66b8b99f572@group-BC9D5F8533B2-SegmentedRaftLogWorker: Starting segment from index:0
2019-09-25 12:53:10,713 [79f8f252-68fb-48a7-ad36-a66b8b99f572@group-40C6D45542BD:LeaderElection50] INFO  impl.RaftServerImpl (ServerState.java:setRaftConf(354)) - 79f8f252-68fb-48a7-ad36-a66b8b99f572@group-40C6D45542BD: set configuration 0: [79f8f252-68fb-48a7-ad36-a66b8b99f572:192.168.151.73:38046], old=null at 0
2019-09-25 12:53:10,713 [79f8f252-68fb-48a7-ad36-a66b8b99f572@group-BC9D5F8533B2:LeaderElection51] INFO  impl.RaftServerImpl (ServerState.java:setRaftConf(354)) - 79f8f252-68fb-48a7-ad36-a66b8b99f572@group-BC9D5F8533B2: set configuration 0: [79f8f252-68fb-48a7-ad36-a66b8b99f572:192.168.151.73:38046], old=null at 0
2019-09-25 12:53:10,771 [79f8f252-68fb-48a7-ad36-a66b8b99f572@group-40C6D45542BD-SegmentedRaftLogWorker] INFO  segmented.SegmentedRaftLogWorker (SegmentedRaftLogWorker.java:execute(569)) - 79f8f252-68fb-48a7-ad36-a66b8b99f572@group-40C6D45542BD-SegmentedRaftLogWorker: created new log segment /workdir/hadoop-ozone/ozonefs/target/test-dir/MiniOzoneClusterImpl-8b918b52-c3dc-453c-9b69-212fa30732fd/datanode-2/data/ratis/e9cc11f4-7d35-4e41-aa9a-40c6d45542bd/current/log_inprogress_0
2019-09-25 12:53:10,771 [79f8f252-68fb-48a7-ad36-a66b8b99f572@group-BC9D5F8533B2-SegmentedRaftLogWorker] INFO  segmented.SegmentedRaftLogWorker (SegmentedRaftLogWorker.java:execute(569)) - 79f8f252-68fb-48a7-ad36-a66b8b99f572@group-BC9D5F8533B2-SegmentedRaftLogWorker: created new log segment /workdir/hadoop-ozone/ozonefs/target/test-dir/MiniOzoneClusterImpl-8b918b52-c3dc-453c-9b69-212fa30732fd/datanode-2/data/ratis/da3004a8-f08e-43e5-9a5d-bc9d5f8533b2/current/log_inprogress_0
2019-09-25 12:53:10,819 [Thread-764] INFO  impl.FollowerState (FollowerState.java:run(106)) - 79f8f252-68fb-48a7-ad36-a66b8b99f572:group-77A1509DBCAC changes to CANDIDATE, lastRpcTime:5186, electionTimeout:5186ms
2019-09-25 12:53:10,819 [Thread-764] INFO  impl.RoleInfo (RoleInfo.java:shutdownFollowerState(121)) - 79f8f252-68fb-48a7-ad36-a66b8b99f572: shutdown FollowerState
2019-09-25 12:53:10,819 [Thread-764] INFO  impl.RaftServerImpl (RaftServerImpl.java:setRole(174)) - 79f8f252-68fb-48a7-ad36-a66b8b99f572@group-77A1509DBCAC: changes role from  FOLLOWER to CANDIDATE at term 0 for changeToCandidate
2019-09-25 12:53:10,819 [Thread-764] INFO  impl.RoleInfo (RoleInfo.java:updateAndGet(143)) - 79f8f252-68fb-48a7-ad36-a66b8b99f572: start LeaderElection
2019-09-25 12:53:10,837 [79f8f252-68fb-48a7-ad36-a66b8b99f572@group-77A1509DBCAC:LeaderElection52] INFO  impl.LeaderElection (LeaderElection.java:askForVotes(182)) - 79f8f252-68fb-48a7-ad36-a66b8b99f572@group-77A1509DBCAC:LeaderElection52: begin an election at term 1 for -1: [79f8f252-68fb-48a7-ad36-a66b8b99f572:192.168.151.73:38046], old=null
2019-09-25 12:53:10,837 [79f8f252-68fb-48a7-ad36-a66b8b99f572@group-77A1509DBCAC:LeaderElection52] INFO  impl.RoleInfo (RoleInfo.java:shutdownLeaderElection(134)) - 79f8f252-68fb-48a7-ad36-a66b8b99f572: shutdown LeaderElection
2019-09-25 12:53:10,837 [79f8f252-68fb-48a7-ad36-a66b8b99f572@group-77A1509DBCAC:LeaderElection52] INFO  impl.RaftServerImpl (RaftServerImpl.java:setRole(174)) - 79f8f252-68fb-48a7-ad36-a66b8b99f572@group-77A1509DBCAC: changes role from CANDIDATE to LEADER at term 1 for changeToLeader
2019-09-25 12:53:10,837 [79f8f252-68fb-48a7-ad36-a66b8b99f572@group-77A1509DBCAC:LeaderElection52] INFO  impl.RaftServerImpl (ServerState.java:setLeader(253)) - 79f8f252-68fb-48a7-ad36-a66b8b99f572@group-77A1509DBCAC: change Leader from null to 79f8f252-68fb-48a7-ad36-a66b8b99f572 at term 1 for becomeLeader, leader elected after 5209ms
2019-09-25 12:53:10,838 [79f8f252-68fb-48a7-ad36-a66b8b99f572@group-77A1509DBCAC:LeaderElection52] INFO  server.RaftServerConfigKeys (ConfUtils.java:logGet(43)) - raft.server.staging.catchup.gap = 1000 (default)
2019-09-25 12:53:10,838 [79f8f252-68fb-48a7-ad36-a66b8b99f572@group-77A1509DBCAC:LeaderElection52] INFO  server.RaftServerConfigKeys (ConfUtils.java:logGet(43)) - raft.server.rpc.sleep.time = 25ms (default)
2019-09-25 12:53:10,838 [79f8f252-68fb-48a7-ad36-a66b8b99f572@group-77A1509DBCAC:LeaderElection52] INFO  server.RaftServerConfigKeys (ConfUtils.java:logGet(43)) - raft.server.write.element-limit = 4096 (default)
2019-09-25 12:53:10,838 [79f8f252-68fb-48a7-ad36-a66b8b99f572@group-77A1509DBCAC:LeaderElection52] INFO  server.RaftServerConfigKeys (ConfUtils.java:logGet(43)) - raft.server.watch.timeout = 10s (default)
2019-09-25 12:53:10,838 [79f8f252-68fb-48a7-ad36-a66b8b99f572@group-77A1509DBCAC:LeaderElection52] INFO  server.RaftServerConfigKeys (ConfUtils.java:logGet(43)) - raft.server.watch.timeout.denomination = 1s (default)
2019-09-25 12:53:10,838 [79f8f252-68fb-48a7-ad36-a66b8b99f572@group-77A1509DBCAC:LeaderElection52] INFO  server.RaftServerConfigKeys (ConfUtils.java:logGet(43)) - raft.server.watch.element-limit = 65536 (default)
2019-09-25 12:53:10,841 [79f8f252-68fb-48a7-ad36-a66b8b99f572@group-77A1509DBCAC:LeaderElection52] INFO  impl.RoleInfo (RoleInfo.java:updateAndGet(143)) - 79f8f252-68fb-48a7-ad36-a66b8b99f572: start LeaderState
2019-09-25 12:53:10,841 [79f8f252-68fb-48a7-ad36-a66b8b99f572@group-77A1509DBCAC:LeaderElection52] INFO  segmented.SegmentedRaftLogWorker (SegmentedRaftLogWorker.java:startLogSegment(380)) - 79f8f252-68fb-48a7-ad36-a66b8b99f572@group-77A1509DBCAC-SegmentedRaftLogWorker: Starting segment from index:0
2019-09-25 12:53:10,842 [79f8f252-68fb-48a7-ad36-a66b8b99f572@group-77A1509DBCAC:LeaderElection52] INFO  impl.RaftServerImpl (ServerState.java:setRaftConf(354)) - 79f8f252-68fb-48a7-ad36-a66b8b99f572@group-77A1509DBCAC: set configuration 0: [79f8f252-68fb-48a7-ad36-a66b8b99f572:192.168.151.73:38046], old=null at 0
2019-09-25 12:53:10,888 [79f8f252-68fb-48a7-ad36-a66b8b99f572@group-77A1509DBCAC-SegmentedRaftLogWorker] INFO  segmented.SegmentedRaftLogWorker (SegmentedRaftLogWorker.java:execute(569)) - 79f8f252-68fb-48a7-ad36-a66b8b99f572@group-77A1509DBCAC-SegmentedRaftLogWorker: created new log segment /workdir/hadoop-ozone/ozonefs/target/test-dir/MiniOzoneClusterImpl-8b918b52-c3dc-453c-9b69-212fa30732fd/datanode-2/data/ratis/cf2719a6-b8e6-4922-87ea-77a1509dbcac/current/log_inprogress_0
2019-09-25 12:53:10,980 [Thread-539] INFO  ozoneimpl.OzoneContainer (OzoneContainer.java:stop(231)) - Attempting to stop container services.
2019-09-25 12:53:10,981 [ForkJoinPool.commonPool-worker-0] INFO  ozoneimpl.OzoneContainer (OzoneContainer.java:stop(231)) - Attempting to stop container services.
2019-09-25 12:53:10,981 [Thread-539] INFO  impl.RaftServerProxy (RaftServerProxy.java:lambda$close$4(314)) - ceb95c4b-9640-4cd4-a4be-8ff2d64e56e1: close
2019-09-25 12:53:10,981 [ForkJoinPool.commonPool-worker-0] INFO  impl.RaftServerProxy (RaftServerProxy.java:lambda$close$4(314)) - 0ece0170-5656-4579-a5bc-428dc13df816: close
2019-09-25 12:53:10,981 [Thread-539] INFO  impl.RaftServerImpl (RaftServerImpl.java:lambda$shutdown$3(251)) - ceb95c4b-9640-4cd4-a4be-8ff2d64e56e1@group-655C016C7ABC: shutdown
2019-09-25 12:53:10,982 [ForkJoinPool.commonPool-worker-0] INFO  impl.RaftServerImpl (RaftServerImpl.java:lambda$shutdown$3(251)) - 0ece0170-5656-4579-a5bc-428dc13df816@group-72D80926EB00: shutdown
2019-09-25 12:53:10,982 [Thread-539] INFO  util.JmxRegister (JmxRegister.java:unregister(73)) - Successfully un-registered JMX Bean with object name Ratis:service=RaftServer,group=group-655C016C7ABC,id=ceb95c4b-9640-4cd4-a4be-8ff2d64e56e1
2019-09-25 12:53:10,982 [ForkJoinPool.commonPool-worker-0] INFO  util.JmxRegister (JmxRegister.java:unregister(73)) - Successfully un-registered JMX Bean with object name Ratis:service=RaftServer,group=group-72D80926EB00,id=0ece0170-5656-4579-a5bc-428dc13df816
2019-09-25 12:53:10,982 [Thread-539] INFO  impl.RoleInfo (RoleInfo.java:shutdownLeaderState(104)) - ceb95c4b-9640-4cd4-a4be-8ff2d64e56e1: shutdown LeaderState
2019-09-25 12:53:10,983 [ForkJoinPool.commonPool-worker-0] INFO  impl.RoleInfo (RoleInfo.java:shutdownLeaderState(104)) - 0ece0170-5656-4579-a5bc-428dc13df816: shutdown LeaderState
2019-09-25 12:53:10,983 [Thread-539] INFO  impl.PendingRequests (PendingRequests.java:sendNotLeaderResponses(202)) - ceb95c4b-9640-4cd4-a4be-8ff2d64e56e1-PendingRequests: sendNotLeaderResponses
2019-09-25 12:53:10,983 [ForkJoinPool.commonPool-worker-0] INFO  impl.PendingRequests (PendingRequests.java:sendNotLeaderResponses(202)) - 0ece0170-5656-4579-a5bc-428dc13df816-PendingRequests: sendNotLeaderResponses
2019-09-25 12:53:10,984 [Thread-539] INFO  impl.StateMachineUpdater (StateMachineUpdater.java:stopAndJoin(125)) - ceb95c4b-9640-4cd4-a4be-8ff2d64e56e1@group-655C016C7ABC-StateMachineUpdater: set stopIndex = 0
2019-09-25 12:53:10,984 [ForkJoinPool.commonPool-worker-0] INFO  impl.StateMachineUpdater (StateMachineUpdater.java:stopAndJoin(125)) - 0ece0170-5656-4579-a5bc-428dc13df816@group-72D80926EB00-StateMachineUpdater: set stopIndex = 0
2019-09-25 12:53:10,984 [Thread-539] INFO  impl.RaftServerImpl (ServerState.java:close(385)) - ceb95c4b-9640-4cd4-a4be-8ff2d64e56e1@group-655C016C7ABC: closes. applyIndex: 0
2019-09-25 12:53:10,985 [ForkJoinPool.commonPool-worker-0] INFO  impl.RaftServerImpl (ServerState.java:close(385)) - 0ece0170-5656-4579-a5bc-428dc13df816@group-72D80926EB00: closes. applyIndex: 0
2019-09-25 12:53:10,985 [ceb95c4b-9640-4cd4-a4be-8ff2d64e56e1@group-655C016C7ABC-SegmentedRaftLogWorker] INFO  segmented.SegmentedRaftLogWorker (SegmentedRaftLogWorker.java:run(313)) - ceb95c4b-9640-4cd4-a4be-8ff2d64e56e1@group-655C016C7ABC-SegmentedRaftLogWorker was interrupted, exiting. There are 0 tasks remaining in the queue.
2019-09-25 12:53:10,985 [0ece0170-5656-4579-a5bc-428dc13df816@group-72D80926EB00-SegmentedRaftLogWorker] INFO  segmented.SegmentedRaftLogWorker (SegmentedRaftLogWorker.java:run(313)) - 0ece0170-5656-4579-a5bc-428dc13df816@group-72D80926EB00-SegmentedRaftLogWorker was interrupted, exiting. There are 0 tasks remaining in the queue.
2019-09-25 12:53:10,985 [Thread-539] INFO  segmented.SegmentedRaftLogWorker (SegmentedRaftLogWorker.java:close(228)) - ceb95c4b-9640-4cd4-a4be-8ff2d64e56e1@group-655C016C7ABC-SegmentedRaftLogWorker close()
2019-09-25 12:53:10,986 [ForkJoinPool.commonPool-worker-0] INFO  segmented.SegmentedRaftLogWorker (SegmentedRaftLogWorker.java:close(228)) - 0ece0170-5656-4579-a5bc-428dc13df816@group-72D80926EB00-SegmentedRaftLogWorker close()
2019-09-25 12:53:10,988 [Thread-539] INFO  impl.RaftServerImpl (RaftServerImpl.java:lambda$shutdown$3(251)) - ceb95c4b-9640-4cd4-a4be-8ff2d64e56e1@group-838A05CEF965: shutdown
2019-09-25 12:53:10,990 [ForkJoinPool.commonPool-worker-0] INFO  impl.RaftServerImpl (RaftServerImpl.java:lambda$shutdown$3(251)) - 0ece0170-5656-4579-a5bc-428dc13df816@group-7FF9E75BF8F4: shutdown
2019-09-25 12:53:10,990 [Thread-539] INFO  util.JmxRegister (JmxRegister.java:unregister(73)) - Successfully un-registered JMX Bean with object name Ratis:service=RaftServer,group=group-838A05CEF965,id=ceb95c4b-9640-4cd4-a4be-8ff2d64e56e1
2019-09-25 12:53:10,991 [ForkJoinPool.commonPool-worker-0] INFO  util.JmxRegister (JmxRegister.java:unregister(73)) - Successfully un-registered JMX Bean with object name Ratis:service=RaftServer,group=group-7FF9E75BF8F4,id=0ece0170-5656-4579-a5bc-428dc13df816
2019-09-25 12:53:10,991 [Thread-539] INFO  impl.RoleInfo (RoleInfo.java:shutdownLeaderState(104)) - ceb95c4b-9640-4cd4-a4be-8ff2d64e56e1: shutdown LeaderState
2019-09-25 12:53:10,991 [ForkJoinPool.commonPool-worker-0] INFO  impl.RoleInfo (RoleInfo.java:shutdownLeaderState(104)) - 0ece0170-5656-4579-a5bc-428dc13df816: shutdown LeaderState
2019-09-25 12:53:10,991 [Thread-539] INFO  impl.PendingRequests (PendingRequests.java:sendNotLeaderResponses(202)) - ceb95c4b-9640-4cd4-a4be-8ff2d64e56e1-PendingRequests: sendNotLeaderResponses
2019-09-25 12:53:10,992 [ForkJoinPool.commonPool-worker-0] INFO  impl.PendingRequests (PendingRequests.java:sendNotLeaderResponses(202)) - 0ece0170-5656-4579-a5bc-428dc13df816-PendingRequests: sendNotLeaderResponses
2019-09-25 12:53:10,992 [Thread-539] INFO  impl.StateMachineUpdater (StateMachineUpdater.java:stopAndJoin(125)) - ceb95c4b-9640-4cd4-a4be-8ff2d64e56e1@group-838A05CEF965-StateMachineUpdater: set stopIndex = 0
2019-09-25 12:53:10,992 [ForkJoinPool.commonPool-worker-0] INFO  impl.StateMachineUpdater (StateMachineUpdater.java:stopAndJoin(125)) - 0ece0170-5656-4579-a5bc-428dc13df816@group-7FF9E75BF8F4-StateMachineUpdater: set stopIndex = 0
2019-09-25 12:53:10,993 [Thread-539] INFO  impl.RaftServerImpl (ServerState.java:close(385)) - ceb95c4b-9640-4cd4-a4be-8ff2d64e56e1@group-838A05CEF965: closes. applyIndex: 0
2019-09-25 12:53:10,993 [ForkJoinPool.commonPool-worker-0] INFO  impl.RaftServerImpl (ServerState.java:close(385)) - 0ece0170-5656-4579-a5bc-428dc13df816@group-7FF9E75BF8F4: closes. applyIndex: 0
2019-09-25 12:53:10,993 [ceb95c4b-9640-4cd4-a4be-8ff2d64e56e1@group-838A05CEF965-SegmentedRaftLogWorker] INFO  segmented.SegmentedRaftLogWorker (SegmentedRaftLogWorker.java:run(313)) - ceb95c4b-9640-4cd4-a4be-8ff2d64e56e1@group-838A05CEF965-SegmentedRaftLogWorker was interrupted, exiting. There are 0 tasks remaining in the queue.
2019-09-25 12:53:10,994 [0ece0170-5656-4579-a5bc-428dc13df816@group-7FF9E75BF8F4-SegmentedRaftLogWorker] INFO  segmented.SegmentedRaftLogWorker (SegmentedRaftLogWorker.java:run(313)) - 0ece0170-5656-4579-a5bc-428dc13df816@group-7FF9E75BF8F4-SegmentedRaftLogWorker was interrupted, exiting. There are 0 tasks remaining in the queue.
2019-09-25 12:53:10,994 [Thread-539] INFO  segmented.SegmentedRaftLogWorker (SegmentedRaftLogWorker.java:close(228)) - ceb95c4b-9640-4cd4-a4be-8ff2d64e56e1@group-838A05CEF965-SegmentedRaftLogWorker close()
2019-09-25 12:53:10,994 [ForkJoinPool.commonPool-worker-0] INFO  segmented.SegmentedRaftLogWorker (SegmentedRaftLogWorker.java:close(228)) - 0ece0170-5656-4579-a5bc-428dc13df816@group-7FF9E75BF8F4-SegmentedRaftLogWorker close()
2019-09-25 12:53:10,996 [Thread-539] INFO  impl.RaftServerImpl (RaftServerImpl.java:lambda$shutdown$3(251)) - ceb95c4b-9640-4cd4-a4be-8ff2d64e56e1@group-635275E55D97: shutdown
2019-09-25 12:53:10,998 [ForkJoinPool.commonPool-worker-0] INFO  impl.RaftServerImpl (RaftServerImpl.java:lambda$shutdown$3(251)) - 0ece0170-5656-4579-a5bc-428dc13df816@group-8B46E20EACCB: shutdown
2019-09-25 12:53:10,998 [Thread-539] INFO  util.JmxRegister (JmxRegister.java:unregister(73)) - Successfully un-registered JMX Bean with object name Ratis:service=RaftServer,group=group-635275E55D97,id=ceb95c4b-9640-4cd4-a4be-8ff2d64e56e1
2019-09-25 12:53:10,998 [ForkJoinPool.commonPool-worker-0] INFO  util.JmxRegister (JmxRegister.java:unregister(73)) - Successfully un-registered JMX Bean with object name Ratis:service=RaftServer,group=group-8B46E20EACCB,id=0ece0170-5656-4579-a5bc-428dc13df816
2019-09-25 12:53:10,998 [Thread-539] INFO  impl.RoleInfo (RoleInfo.java:shutdownLeaderState(104)) - ceb95c4b-9640-4cd4-a4be-8ff2d64e56e1: shutdown LeaderState
2019-09-25 12:53:10,999 [ForkJoinPool.commonPool-worker-0] INFO  impl.RoleInfo (RoleInfo.java:shutdownLeaderState(104)) - 0ece0170-5656-4579-a5bc-428dc13df816: shutdown LeaderState
2019-09-25 12:53:10,999 [Thread-539] INFO  impl.PendingRequests (PendingRequests.java:sendNotLeaderResponses(202)) - ceb95c4b-9640-4cd4-a4be-8ff2d64e56e1-PendingRequests: sendNotLeaderResponses
2019-09-25 12:53:10,999 [ForkJoinPool.commonPool-worker-0] INFO  impl.PendingRequests (PendingRequests.java:sendNotLeaderResponses(202)) - 0ece0170-5656-4579-a5bc-428dc13df816-PendingRequests: sendNotLeaderResponses
2019-09-25 12:53:11,000 [Thread-539] INFO  impl.StateMachineUpdater (StateMachineUpdater.java:stopAndJoin(125)) - ceb95c4b-9640-4cd4-a4be-8ff2d64e56e1@group-635275E55D97-StateMachineUpdater: set stopIndex = 0
2019-09-25 12:53:11,000 [Thread-539] INFO  impl.RaftServerImpl (ServerState.java:close(385)) - ceb95c4b-9640-4cd4-a4be-8ff2d64e56e1@group-635275E55D97: closes. applyIndex: 0
2019-09-25 12:53:11,000 [ForkJoinPool.commonPool-worker-0] INFO  impl.StateMachineUpdater (StateMachineUpdater.java:stopAndJoin(125)) - 0ece0170-5656-4579-a5bc-428dc13df816@group-8B46E20EACCB-StateMachineUpdater: set stopIndex = 0
2019-09-25 12:53:11,001 [ceb95c4b-9640-4cd4-a4be-8ff2d64e56e1@group-635275E55D97-SegmentedRaftLogWorker] INFO  segmented.SegmentedRaftLogWorker (SegmentedRaftLogWorker.java:run(313)) - ceb95c4b-9640-4cd4-a4be-8ff2d64e56e1@group-635275E55D97-SegmentedRaftLogWorker was interrupted, exiting. There are 0 tasks remaining in the queue.
2019-09-25 12:53:11,001 [Thread-539] INFO  segmented.SegmentedRaftLogWorker (SegmentedRaftLogWorker.java:close(228)) - ceb95c4b-9640-4cd4-a4be-8ff2d64e56e1@group-635275E55D97-SegmentedRaftLogWorker close()
2019-09-25 12:53:11,001 [ForkJoinPool.commonPool-worker-0] INFO  impl.RaftServerImpl (ServerState.java:close(385)) - 0ece0170-5656-4579-a5bc-428dc13df816@group-8B46E20EACCB: closes. applyIndex: 0
2019-09-25 12:53:11,003 [Thread-539] INFO  impl.RaftServerImpl (RaftServerImpl.java:lambda$shutdown$3(251)) - ceb95c4b-9640-4cd4-a4be-8ff2d64e56e1@group-AC877E035011: shutdown
2019-09-25 12:53:11,004 [0ece0170-5656-4579-a5bc-428dc13df816@group-8B46E20EACCB-SegmentedRaftLogWorker] INFO  segmented.SegmentedRaftLogWorker (SegmentedRaftLogWorker.java:run(313)) - 0ece0170-5656-4579-a5bc-428dc13df816@group-8B46E20EACCB-SegmentedRaftLogWorker was interrupted, exiting. There are 0 tasks remaining in the queue.
2019-09-25 12:53:11,004 [Thread-539] INFO  util.JmxRegister (JmxRegister.java:unregister(73)) - Successfully un-registered JMX Bean with object name Ratis:service=RaftServer,group=group-AC877E035011,id=ceb95c4b-9640-4cd4-a4be-8ff2d64e56e1
2019-09-25 12:53:11,004 [ForkJoinPool.commonPool-worker-0] INFO  segmented.SegmentedRaftLogWorker (SegmentedRaftLogWorker.java:close(228)) - 0ece0170-5656-4579-a5bc-428dc13df816@group-8B46E20EACCB-SegmentedRaftLogWorker close()
2019-09-25 12:53:11,004 [Thread-539] INFO  impl.RoleInfo (RoleInfo.java:shutdownLeaderState(104)) - ceb95c4b-9640-4cd4-a4be-8ff2d64e56e1: shutdown LeaderState
2019-09-25 12:53:11,006 [ForkJoinPool.commonPool-worker-0] INFO  impl.RaftServerImpl (RaftServerImpl.java:lambda$shutdown$3(251)) - 0ece0170-5656-4579-a5bc-428dc13df816@group-8E18A29E9DE7: shutdown
2019-09-25 12:53:11,007 [Thread-539] INFO  impl.PendingRequests (PendingRequests.java:sendNotLeaderResponses(202)) - ceb95c4b-9640-4cd4-a4be-8ff2d64e56e1-PendingRequests: sendNotLeaderResponses
2019-09-25 12:53:11,007 [ForkJoinPool.commonPool-worker-0] INFO  util.JmxRegister (JmxRegister.java:unregister(73)) - Successfully un-registered JMX Bean with object name Ratis:service=RaftServer,group=group-8E18A29E9DE7,id=0ece0170-5656-4579-a5bc-428dc13df816
2019-09-25 12:53:11,007 [Thread-539] INFO  impl.StateMachineUpdater (StateMachineUpdater.java:stopAndJoin(125)) - ceb95c4b-9640-4cd4-a4be-8ff2d64e56e1@group-AC877E035011-StateMachineUpdater: set stopIndex = 0
2019-09-25 12:53:11,008 [Thread-539] INFO  impl.RaftServerImpl (ServerState.java:close(385)) - ceb95c4b-9640-4cd4-a4be-8ff2d64e56e1@group-AC877E035011: closes. applyIndex: 0
2019-09-25 12:53:11,007 [ForkJoinPool.commonPool-worker-0] INFO  impl.RoleInfo (RoleInfo.java:shutdownLeaderState(104)) - 0ece0170-5656-4579-a5bc-428dc13df816: shutdown LeaderState
2019-09-25 12:53:11,008 [ceb95c4b-9640-4cd4-a4be-8ff2d64e56e1@group-AC877E035011-SegmentedRaftLogWorker] INFO  segmented.SegmentedRaftLogWorker (SegmentedRaftLogWorker.java:run(313)) - ceb95c4b-9640-4cd4-a4be-8ff2d64e56e1@group-AC877E035011-SegmentedRaftLogWorker was interrupted, exiting. There are 0 tasks remaining in the queue.
2019-09-25 12:53:11,008 [ForkJoinPool.commonPool-worker-0] INFO  impl.PendingRequests (PendingRequests.java:sendNotLeaderResponses(202)) - 0ece0170-5656-4579-a5bc-428dc13df816-PendingRequests: sendNotLeaderResponses
2019-09-25 12:53:11,008 [Thread-539] INFO  segmented.SegmentedRaftLogWorker (SegmentedRaftLogWorker.java:close(228)) - ceb95c4b-9640-4cd4-a4be-8ff2d64e56e1@group-AC877E035011-SegmentedRaftLogWorker close()
2019-09-25 12:53:11,009 [ForkJoinPool.commonPool-worker-0] INFO  impl.StateMachineUpdater (StateMachineUpdater.java:stopAndJoin(125)) - 0ece0170-5656-4579-a5bc-428dc13df816@group-8E18A29E9DE7-StateMachineUpdater: set stopIndex = 0
2019-09-25 12:53:11,011 [Thread-539] INFO  impl.RaftServerImpl (RaftServerImpl.java:lambda$shutdown$3(251)) - ceb95c4b-9640-4cd4-a4be-8ff2d64e56e1@group-052BFD0DBEE9: shutdown
2019-09-25 12:53:11,011 [ForkJoinPool.commonPool-worker-0] INFO  impl.RaftServerImpl (ServerState.java:close(385)) - 0ece0170-5656-4579-a5bc-428dc13df816@group-8E18A29E9DE7: closes. applyIndex: 0
2019-09-25 12:53:11,011 [Thread-539] INFO  util.JmxRegister (JmxRegister.java:unregister(73)) - Successfully un-registered JMX Bean with object name Ratis:service=RaftServer,group=group-052BFD0DBEE9,id=ceb95c4b-9640-4cd4-a4be-8ff2d64e56e1
2019-09-25 12:53:11,011 [0ece0170-5656-4579-a5bc-428dc13df816@group-8E18A29E9DE7-SegmentedRaftLogWorker] INFO  segmented.SegmentedRaftLogWorker (SegmentedRaftLogWorker.java:run(313)) - 0ece0170-5656-4579-a5bc-428dc13df816@group-8E18A29E9DE7-SegmentedRaftLogWorker was interrupted, exiting. There are 0 tasks remaining in the queue.
2019-09-25 12:53:11,012 [Thread-539] INFO  impl.RoleInfo (RoleInfo.java:shutdownLeaderState(104)) - ceb95c4b-9640-4cd4-a4be-8ff2d64e56e1: shutdown LeaderState
2019-09-25 12:53:11,012 [ForkJoinPool.commonPool-worker-0] INFO  segmented.SegmentedRaftLogWorker (SegmentedRaftLogWorker.java:close(228)) - 0ece0170-5656-4579-a5bc-428dc13df816@group-8E18A29E9DE7-SegmentedRaftLogWorker close()
2019-09-25 12:53:11,012 [Thread-539] INFO  impl.PendingRequests (PendingRequests.java:sendNotLeaderResponses(202)) - ceb95c4b-9640-4cd4-a4be-8ff2d64e56e1-PendingRequests: sendNotLeaderResponses
2019-09-25 12:53:11,014 [ForkJoinPool.commonPool-worker-0] INFO  impl.RaftServerImpl (RaftServerImpl.java:lambda$shutdown$3(251)) - 0ece0170-5656-4579-a5bc-428dc13df816@group-313FB52AE114: shutdown
2019-09-25 12:53:11,014 [Thread-539] INFO  impl.StateMachineUpdater (StateMachineUpdater.java:stopAndJoin(125)) - ceb95c4b-9640-4cd4-a4be-8ff2d64e56e1@group-052BFD0DBEE9-StateMachineUpdater: set stopIndex = 0
2019-09-25 12:53:11,014 [ForkJoinPool.commonPool-worker-0] INFO  util.JmxRegister (JmxRegister.java:unregister(73)) - Successfully un-registered JMX Bean with object name Ratis:service=RaftServer,group=group-313FB52AE114,id=0ece0170-5656-4579-a5bc-428dc13df816
2019-09-25 12:53:11,015 [Thread-539] INFO  impl.RaftServerImpl (ServerState.java:close(385)) - ceb95c4b-9640-4cd4-a4be-8ff2d64e56e1@group-052BFD0DBEE9: closes. applyIndex: 0
2019-09-25 12:53:11,015 [ForkJoinPool.commonPool-worker-0] INFO  impl.RoleInfo (RoleInfo.java:shutdownLeaderState(104)) - 0ece0170-5656-4579-a5bc-428dc13df816: shutdown LeaderState
2019-09-25 12:53:11,015 [ceb95c4b-9640-4cd4-a4be-8ff2d64e56e1@group-052BFD0DBEE9-SegmentedRaftLogWorker] INFO  segmented.SegmentedRaftLogWorker (SegmentedRaftLogWorker.java:run(313)) - ceb95c4b-9640-4cd4-a4be-8ff2d64e56e1@group-052BFD0DBEE9-SegmentedRaftLogWorker was interrupted, exiting. There are 0 tasks remaining in the queue.
2019-09-25 12:53:11,016 [ForkJoinPool.commonPool-worker-0] INFO  impl.PendingRequests (PendingRequests.java:sendNotLeaderResponses(202)) - 0ece0170-5656-4579-a5bc-428dc13df816-PendingRequests: sendNotLeaderResponses
2019-09-25 12:53:11,016 [Thread-539] INFO  segmented.SegmentedRaftLogWorker (SegmentedRaftLogWorker.java:close(228)) - ceb95c4b-9640-4cd4-a4be-8ff2d64e56e1@group-052BFD0DBEE9-SegmentedRaftLogWorker close()
2019-09-25 12:53:11,016 [ForkJoinPool.commonPool-worker-0] INFO  impl.StateMachineUpdater (StateMachineUpdater.java:stopAndJoin(125)) - 0ece0170-5656-4579-a5bc-428dc13df816@group-313FB52AE114-StateMachineUpdater: set stopIndex = 0
2019-09-25 12:53:11,018 [ForkJoinPool.commonPool-worker-0] INFO  impl.RaftServerImpl (ServerState.java:close(385)) - 0ece0170-5656-4579-a5bc-428dc13df816@group-313FB52AE114: closes. applyIndex: 0
2019-09-25 12:53:11,018 [Thread-539] INFO  impl.RaftServerImpl (RaftServerImpl.java:lambda$shutdown$3(251)) - ceb95c4b-9640-4cd4-a4be-8ff2d64e56e1@group-E4DAF118D6AD: shutdown
2019-09-25 12:53:11,019 [Thread-539] INFO  util.JmxRegister (JmxRegister.java:unregister(73)) - Successfully un-registered JMX Bean with object name Ratis:service=RaftServer,group=group-E4DAF118D6AD,id=ceb95c4b-9640-4cd4-a4be-8ff2d64e56e1
2019-09-25 12:53:11,020 [Thread-539] INFO  impl.RoleInfo (RoleInfo.java:shutdownLeaderState(104)) - ceb95c4b-9640-4cd4-a4be-8ff2d64e56e1: shutdown LeaderState
2019-09-25 12:53:11,020 [0ece0170-5656-4579-a5bc-428dc13df816@group-313FB52AE114-SegmentedRaftLogWorker] INFO  segmented.SegmentedRaftLogWorker (SegmentedRaftLogWorker.java:run(313)) - 0ece0170-5656-4579-a5bc-428dc13df816@group-313FB52AE114-SegmentedRaftLogWorker was interrupted, exiting. There are 0 tasks remaining in the queue.
2019-09-25 12:53:11,020 [Thread-539] INFO  impl.PendingRequests (PendingRequests.java:sendNotLeaderResponses(202)) - ceb95c4b-9640-4cd4-a4be-8ff2d64e56e1-PendingRequests: sendNotLeaderResponses
2019-09-25 12:53:11,021 [ForkJoinPool.commonPool-worker-0] INFO  segmented.SegmentedRaftLogWorker (SegmentedRaftLogWorker.java:close(228)) - 0ece0170-5656-4579-a5bc-428dc13df816@group-313FB52AE114-SegmentedRaftLogWorker close()
2019-09-25 12:53:11,021 [Thread-539] INFO  impl.StateMachineUpdater (StateMachineUpdater.java:stopAndJoin(125)) - ceb95c4b-9640-4cd4-a4be-8ff2d64e56e1@group-E4DAF118D6AD-StateMachineUpdater: set stopIndex = 0
2019-09-25 12:53:11,023 [ForkJoinPool.commonPool-worker-0] INFO  impl.RaftServerImpl (RaftServerImpl.java:lambda$shutdown$3(251)) - 0ece0170-5656-4579-a5bc-428dc13df816@group-4643BC363126: shutdown
2019-09-25 12:53:11,023 [Thread-539] INFO  impl.RaftServerImpl (ServerState.java:close(385)) - ceb95c4b-9640-4cd4-a4be-8ff2d64e56e1@group-E4DAF118D6AD: closes. applyIndex: 0
2019-09-25 12:53:11,023 [ForkJoinPool.commonPool-worker-0] INFO  util.JmxRegister (JmxRegister.java:unregister(73)) - Successfully un-registered JMX Bean with object name Ratis:service=RaftServer,group=group-4643BC363126,id=0ece0170-5656-4579-a5bc-428dc13df816
2019-09-25 12:53:11,024 [ceb95c4b-9640-4cd4-a4be-8ff2d64e56e1@group-E4DAF118D6AD-SegmentedRaftLogWorker] INFO  segmented.SegmentedRaftLogWorker (SegmentedRaftLogWorker.java:run(313)) - ceb95c4b-9640-4cd4-a4be-8ff2d64e56e1@group-E4DAF118D6AD-SegmentedRaftLogWorker was interrupted, exiting. There are 0 tasks remaining in the queue.
2019-09-25 12:53:11,024 [ForkJoinPool.commonPool-worker-0] INFO  impl.RoleInfo (RoleInfo.java:shutdownLeaderState(104)) - 0ece0170-5656-4579-a5bc-428dc13df816: shutdown LeaderState
2019-09-25 12:53:11,024 [ForkJoinPool.commonPool-worker-0] INFO  impl.PendingRequests (PendingRequests.java:sendNotLeaderResponses(202)) - 0ece0170-5656-4579-a5bc-428dc13df816-PendingRequests: sendNotLeaderResponses
2019-09-25 12:53:11,024 [Thread-539] INFO  segmented.SegmentedRaftLogWorker (SegmentedRaftLogWorker.java:close(228)) - ceb95c4b-9640-4cd4-a4be-8ff2d64e56e1@group-E4DAF118D6AD-SegmentedRaftLogWorker close()
2019-09-25 12:53:11,025 [ForkJoinPool.commonPool-worker-0] INFO  impl.StateMachineUpdater (StateMachineUpdater.java:stopAndJoin(125)) - 0ece0170-5656-4579-a5bc-428dc13df816@group-4643BC363126-StateMachineUpdater: set stopIndex = 0
2019-09-25 12:53:11,026 [Thread-539] INFO  server.GrpcService (GrpcService.java:closeImpl(164)) - ceb95c4b-9640-4cd4-a4be-8ff2d64e56e1: shutdown server with port 36990 now
2019-09-25 12:53:11,026 [ForkJoinPool.commonPool-worker-0] INFO  impl.RaftServerImpl (ServerState.java:close(385)) - 0ece0170-5656-4579-a5bc-428dc13df816@group-4643BC363126: closes. applyIndex: 0
2019-09-25 12:53:11,028 [0ece0170-5656-4579-a5bc-428dc13df816@group-4643BC363126-SegmentedRaftLogWorker] INFO  segmented.SegmentedRaftLogWorker (SegmentedRaftLogWorker.java:run(313)) - 0ece0170-5656-4579-a5bc-428dc13df816@group-4643BC363126-SegmentedRaftLogWorker was interrupted, exiting. There are 0 tasks remaining in the queue.
2019-09-25 12:53:11,028 [Thread-539] INFO  server.GrpcService (GrpcService.java:closeImpl(172)) - ceb95c4b-9640-4cd4-a4be-8ff2d64e56e1: shutdown server with port 36990 successfully
2019-09-25 12:53:11,029 [ForkJoinPool.commonPool-worker-0] INFO  segmented.SegmentedRaftLogWorker (SegmentedRaftLogWorker.java:close(228)) - 0ece0170-5656-4579-a5bc-428dc13df816@group-4643BC363126-SegmentedRaftLogWorker close()
2019-09-25 12:53:11,031 [ForkJoinPool.commonPool-worker-0] INFO  server.GrpcService (GrpcService.java:closeImpl(164)) - 0ece0170-5656-4579-a5bc-428dc13df816: shutdown server with port 41509 now
2019-09-25 12:53:11,032 [ForkJoinPool.commonPool-worker-0] INFO  server.GrpcService (GrpcService.java:closeImpl(172)) - 0ece0170-5656-4579-a5bc-428dc13df816: shutdown server with port 41509 successfully
2019-09-25 12:53:11,034 [refreshUsed-/workdir/hadoop-ozone/ozonefs/target/test-dir/MiniOzoneClusterImpl-8b918b52-c3dc-453c-9b69-212fa30732fd/datanode-0/data/containers] WARN  fs.CachingGetSpaceUsed (CachingGetSpaceUsed.java:run(183)) - Thread Interrupted waiting to refresh disk information: sleep interrupted
2019-09-25 12:53:11,035 [refreshUsed-/workdir/hadoop-ozone/ozonefs/target/test-dir/MiniOzoneClusterImpl-8b918b52-c3dc-453c-9b69-212fa30732fd/datanode-1/data/containers] WARN  fs.CachingGetSpaceUsed (CachingGetSpaceUsed.java:run(183)) - Thread Interrupted waiting to refresh disk information: sleep interrupted
2019-09-25 12:53:11,075 [Thread-539] INFO  utils.BackgroundService (BackgroundService.java:shutdown(148)) - Shutting down service BlockDeletingService
2019-09-25 12:53:11,078 [ForkJoinPool.commonPool-worker-0] INFO  utils.BackgroundService (BackgroundService.java:shutdown(148)) - Shutting down service BlockDeletingService
2019-09-25 12:53:11,079 [Thread-539] INFO  statemachine.DatanodeStateMachine (DatanodeStateMachine.java:stopDaemon(395)) - Ozone container server stopped.
2019-09-25 12:53:11,083 [ForkJoinPool.commonPool-worker-0] INFO  statemachine.DatanodeStateMachine (DatanodeStateMachine.java:stopDaemon(395)) - Ozone container server stopped.
2019-09-25 12:53:11,086 [Thread-539] INFO  handler.ContextHandler (ContextHandler.java:doStop(910)) - Stopped o.e.j.w.WebAppContext@28c03904{/,null,UNAVAILABLE}{/hddsDatanode}
2019-09-25 12:53:11,087 [ForkJoinPool.commonPool-worker-0] INFO  handler.ContextHandler (ContextHandler.java:doStop(910)) - Stopped o.e.j.w.WebAppContext@6cd5c8e6{/,null,UNAVAILABLE}{/hddsDatanode}
2019-09-25 12:53:11,088 [Thread-539] INFO  server.AbstractConnector (AbstractConnector.java:doStop(318)) - Stopped ServerConnector@110b0d80{HTTP/1.1,[http/1.1]}{0.0.0.0:0}
2019-09-25 12:53:11,088 [ForkJoinPool.commonPool-worker-0] INFO  server.AbstractConnector (AbstractConnector.java:doStop(318)) - Stopped ServerConnector@514185f3{HTTP/1.1,[http/1.1]}{0.0.0.0:0}
2019-09-25 12:53:11,090 [Thread-539] INFO  handler.ContextHandler (ContextHandler.java:doStop(910)) - Stopped o.e.j.s.ServletContextHandler@eb4e47a{/static,jar:file:/home/user/.m2/repository/org/apache/hadoop/hadoop-hdds-container-service/0.5.0-SNAPSHOT/hadoop-hdds-container-service-0.5.0-SNAPSHOT.jar!/webapps/static,UNAVAILABLE}
2019-09-25 12:53:11,090 [ForkJoinPool.commonPool-worker-0] INFO  handler.ContextHandler (ContextHandler.java:doStop(910)) - Stopped o.e.j.s.ServletContextHandler@47cbdfc2{/static,jar:file:/home/user/.m2/repository/org/apache/hadoop/hadoop-hdds-container-service/0.5.0-SNAPSHOT/hadoop-hdds-container-service-0.5.0-SNAPSHOT.jar!/webapps/static,UNAVAILABLE}
2019-09-25 12:53:11,090 [Thread-539] INFO  handler.ContextHandler (ContextHandler.java:doStop(910)) - Stopped o.e.j.s.ServletContextHandler@256d3fb8{/logs,file:///workdir/hadoop-ozone/ozonefs/target/log,UNAVAILABLE}
2019-09-25 12:53:11,095 [ForkJoinPool.commonPool-worker-0] INFO  handler.ContextHandler (ContextHandler.java:doStop(910)) - Stopped o.e.j.s.ServletContextHandler@1fbfe196{/logs,file:///workdir/hadoop-ozone/ozonefs/target/log,UNAVAILABLE}
2019-09-25 12:53:11,823 [Datanode State Machine Thread - 0] INFO  statemachine.DatanodeStateMachine (DatanodeStateMachine.java:lambda$startDaemon$0(350)) - Ozone container server started.
2019-09-25 12:53:16,097 [Thread-539] INFO  ozoneimpl.OzoneContainer (OzoneContainer.java:stop(231)) - Attempting to stop container services.
2019-09-25 12:53:16,097 [Thread-539] INFO  impl.RaftServerProxy (RaftServerProxy.java:lambda$close$4(314)) - 79f8f252-68fb-48a7-ad36-a66b8b99f572: close
2019-09-25 12:53:16,098 [Thread-539] INFO  impl.RaftServerImpl (RaftServerImpl.java:lambda$shutdown$3(251)) - 79f8f252-68fb-48a7-ad36-a66b8b99f572@group-BC9D5F8533B2: shutdown
2019-09-25 12:53:16,098 [ForkJoinPool.commonPool-worker-1] INFO  impl.RaftServerImpl (RaftServerImpl.java:lambda$shutdown$3(251)) - 79f8f252-68fb-48a7-ad36-a66b8b99f572@group-D686E6C0009F: shutdown
2019-09-25 12:53:16,099 [Thread-539] INFO  util.JmxRegister (JmxRegister.java:unregister(73)) - Successfully un-registered JMX Bean with object name Ratis:service=RaftServer,group=group-BC9D5F8533B2,id=79f8f252-68fb-48a7-ad36-a66b8b99f572
2019-09-25 12:53:16,099 [ForkJoinPool.commonPool-worker-1] INFO  util.JmxRegister (JmxRegister.java:unregister(73)) - Successfully un-registered JMX Bean with object name Ratis:service=RaftServer,group=group-D686E6C0009F,id=79f8f252-68fb-48a7-ad36-a66b8b99f572
2019-09-25 12:53:16,099 [Thread-539] INFO  impl.RoleInfo (RoleInfo.java:shutdownLeaderState(104)) - 79f8f252-68fb-48a7-ad36-a66b8b99f572: shutdown LeaderState
2019-09-25 12:53:16,099 [ForkJoinPool.commonPool-worker-1] INFO  impl.RoleInfo (RoleInfo.java:shutdownLeaderState(104)) - 79f8f252-68fb-48a7-ad36-a66b8b99f572: shutdown LeaderState
2019-09-25 12:53:16,100 [Thread-539] INFO  impl.PendingRequests (PendingRequests.java:sendNotLeaderResponses(202)) - 79f8f252-68fb-48a7-ad36-a66b8b99f572-PendingRequests: sendNotLeaderResponses
2019-09-25 12:53:16,100 [ForkJoinPool.commonPool-worker-1] INFO  impl.PendingRequests (PendingRequests.java:sendNotLeaderResponses(202)) - 79f8f252-68fb-48a7-ad36-a66b8b99f572-PendingRequests: sendNotLeaderResponses
2019-09-25 12:53:16,101 [Thread-539] INFO  impl.StateMachineUpdater (StateMachineUpdater.java:stopAndJoin(125)) - 79f8f252-68fb-48a7-ad36-a66b8b99f572@group-BC9D5F8533B2-StateMachineUpdater: set stopIndex = 0
2019-09-25 12:53:16,101 [ForkJoinPool.commonPool-worker-1] INFO  impl.StateMachineUpdater (StateMachineUpdater.java:stopAndJoin(125)) - 79f8f252-68fb-48a7-ad36-a66b8b99f572@group-D686E6C0009F-StateMachineUpdater: set stopIndex = 0
2019-09-25 12:53:16,101 [Thread-539] INFO  impl.RaftServerImpl (ServerState.java:close(385)) - 79f8f252-68fb-48a7-ad36-a66b8b99f572@group-BC9D5F8533B2: closes. applyIndex: 0
2019-09-25 12:53:16,101 [ForkJoinPool.commonPool-worker-1] INFO  impl.RaftServerImpl (ServerState.java:close(385)) - 79f8f252-68fb-48a7-ad36-a66b8b99f572@group-D686E6C0009F: closes. applyIndex: 0
2019-09-25 12:53:16,102 [79f8f252-68fb-48a7-ad36-a66b8b99f572@group-BC9D5F8533B2-SegmentedRaftLogWorker] INFO  segmented.SegmentedRaftLogWorker (SegmentedRaftLogWorker.java:run(313)) - 79f8f252-68fb-48a7-ad36-a66b8b99f572@group-BC9D5F8533B2-SegmentedRaftLogWorker was interrupted, exiting. There are 0 tasks remaining in the queue.
2019-09-25 12:53:16,102 [79f8f252-68fb-48a7-ad36-a66b8b99f572@group-D686E6C0009F-SegmentedRaftLogWorker] INFO  segmented.SegmentedRaftLogWorker (SegmentedRaftLogWorker.java:run(313)) - 79f8f252-68fb-48a7-ad36-a66b8b99f572@group-D686E6C0009F-SegmentedRaftLogWorker was interrupted, exiting. There are 0 tasks remaining in the queue.
2019-09-25 12:53:16,102 [Thread-539] INFO  segmented.SegmentedRaftLogWorker (SegmentedRaftLogWorker.java:close(228)) - 79f8f252-68fb-48a7-ad36-a66b8b99f572@group-BC9D5F8533B2-SegmentedRaftLogWorker close()
2019-09-25 12:53:16,102 [ForkJoinPool.commonPool-worker-1] INFO  segmented.SegmentedRaftLogWorker (SegmentedRaftLogWorker.java:close(228)) - 79f8f252-68fb-48a7-ad36-a66b8b99f572@group-D686E6C0009F-SegmentedRaftLogWorker close()
2019-09-25 12:53:16,104 [Thread-539] INFO  impl.RaftServerImpl (RaftServerImpl.java:lambda$shutdown$3(251)) - 79f8f252-68fb-48a7-ad36-a66b8b99f572@group-F4C0F883BDA5: shutdown
2019-09-25 12:53:16,105 [ForkJoinPool.commonPool-worker-1] INFO  impl.RaftServerImpl (RaftServerImpl.java:lambda$shutdown$3(251)) - 79f8f252-68fb-48a7-ad36-a66b8b99f572@group-40C6D45542BD: shutdown
2019-09-25 12:53:16,106 [Thread-539] INFO  util.JmxRegister (JmxRegister.java:unregister(73)) - Successfully un-registered JMX Bean with object name Ratis:service=RaftServer,group=group-F4C0F883BDA5,id=79f8f252-68fb-48a7-ad36-a66b8b99f572
2019-09-25 12:53:16,106 [ForkJoinPool.commonPool-worker-1] INFO  util.JmxRegister (JmxRegister.java:unregister(73)) - Successfully un-registered JMX Bean with object name Ratis:service=RaftServer,group=group-40C6D45542BD,id=79f8f252-68fb-48a7-ad36-a66b8b99f572
2019-09-25 12:53:16,106 [Thread-539] INFO  impl.RoleInfo (RoleInfo.java:shutdownLeaderState(104)) - 79f8f252-68fb-48a7-ad36-a66b8b99f572: shutdown LeaderState
2019-09-25 12:53:16,106 [ForkJoinPool.commonPool-worker-1] INFO  impl.RoleInfo (RoleInfo.java:shutdownLeaderState(104)) - 79f8f252-68fb-48a7-ad36-a66b8b99f572: shutdown LeaderState
2019-09-25 12:53:16,107 [Thread-539] INFO  impl.PendingRequests (PendingRequests.java:sendNotLeaderResponses(202)) - 79f8f252-68fb-48a7-ad36-a66b8b99f572-PendingRequests: sendNotLeaderResponses
2019-09-25 12:53:16,107 [ForkJoinPool.commonPool-worker-1] INFO  impl.PendingRequests (PendingRequests.java:sendNotLeaderResponses(202)) - 79f8f252-68fb-48a7-ad36-a66b8b99f572-PendingRequests: sendNotLeaderResponses
2019-09-25 12:53:16,107 [Thread-539] INFO  impl.StateMachineUpdater (StateMachineUpdater.java:stopAndJoin(125)) - 79f8f252-68fb-48a7-ad36-a66b8b99f572@group-F4C0F883BDA5-StateMachineUpdater: set stopIndex = 0
2019-09-25 12:53:16,107 [ForkJoinPool.commonPool-worker-1] INFO  impl.StateMachineUpdater (StateMachineUpdater.java:stopAndJoin(125)) - 79f8f252-68fb-48a7-ad36-a66b8b99f572@group-40C6D45542BD-StateMachineUpdater: set stopIndex = 0
2019-09-25 12:53:16,108 [Thread-539] INFO  impl.RaftServerImpl (ServerState.java:close(385)) - 79f8f252-68fb-48a7-ad36-a66b8b99f572@group-F4C0F883BDA5: closes. applyIndex: 0
2019-09-25 12:53:16,108 [ForkJoinPool.commonPool-worker-1] INFO  impl.RaftServerImpl (ServerState.java:close(385)) - 79f8f252-68fb-48a7-ad36-a66b8b99f572@group-40C6D45542BD: closes. applyIndex: 0
2019-09-25 12:53:16,109 [79f8f252-68fb-48a7-ad36-a66b8b99f572@group-F4C0F883BDA5-SegmentedRaftLogWorker] INFO  segmented.SegmentedRaftLogWorker (SegmentedRaftLogWorker.java:run(313)) - 79f8f252-68fb-48a7-ad36-a66b8b99f572@group-F4C0F883BDA5-SegmentedRaftLogWorker was interrupted, exiting. There are 0 tasks remaining in the queue.
2019-09-25 12:53:16,109 [79f8f252-68fb-48a7-ad36-a66b8b99f572@group-40C6D45542BD-SegmentedRaftLogWorker] INFO  segmented.SegmentedRaftLogWorker (SegmentedRaftLogWorker.java:run(313)) - 79f8f252-68fb-48a7-ad36-a66b8b99f572@group-40C6D45542BD-SegmentedRaftLogWorker was interrupted, exiting. There are 0 tasks remaining in the queue.
2019-09-25 12:53:16,109 [Thread-539] INFO  segmented.SegmentedRaftLogWorker (SegmentedRaftLogWorker.java:close(228)) - 79f8f252-68fb-48a7-ad36-a66b8b99f572@group-F4C0F883BDA5-SegmentedRaftLogWorker close()
2019-09-25 12:53:16,109 [ForkJoinPool.commonPool-worker-1] INFO  segmented.SegmentedRaftLogWorker (SegmentedRaftLogWorker.java:close(228)) - 79f8f252-68fb-48a7-ad36-a66b8b99f572@group-40C6D45542BD-SegmentedRaftLogWorker close()
2019-09-25 12:53:16,110 [Thread-539] INFO  impl.RaftServerImpl (RaftServerImpl.java:lambda$shutdown$3(251)) - 79f8f252-68fb-48a7-ad36-a66b8b99f572@group-77A1509DBCAC: shutdown
2019-09-25 12:53:16,112 [ForkJoinPool.commonPool-worker-1] INFO  impl.RaftServerImpl (RaftServerImpl.java:lambda$shutdown$3(251)) - 79f8f252-68fb-48a7-ad36-a66b8b99f572@group-9629236DF57B: shutdown
2019-09-25 12:53:16,112 [Thread-539] INFO  util.JmxRegister (JmxRegister.java:unregister(73)) - Successfully un-registered JMX Bean with object name Ratis:service=RaftServer,group=group-77A1509DBCAC,id=79f8f252-68fb-48a7-ad36-a66b8b99f572
2019-09-25 12:53:16,112 [Thread-539] INFO  impl.RoleInfo (RoleInfo.java:shutdownLeaderState(104)) - 79f8f252-68fb-48a7-ad36-a66b8b99f572: shutdown LeaderState
2019-09-25 12:53:16,112 [ForkJoinPool.commonPool-worker-1] INFO  util.JmxRegister (JmxRegister.java:unregister(73)) - Successfully un-registered JMX Bean with object name Ratis:service=RaftServer,group=group-9629236DF57B,id=79f8f252-68fb-48a7-ad36-a66b8b99f572
2019-09-25 12:53:16,113 [Thread-539] INFO  impl.PendingRequests (PendingRequests.java:sendNotLeaderResponses(202)) - 79f8f252-68fb-48a7-ad36-a66b8b99f572-PendingRequests: sendNotLeaderResponses
2019-09-25 12:53:16,113 [ForkJoinPool.commonPool-worker-1] INFO  impl.RoleInfo (RoleInfo.java:shutdownLeaderState(104)) - 79f8f252-68fb-48a7-ad36-a66b8b99f572: shutdown LeaderState
2019-09-25 12:53:16,113 [Thread-539] INFO  impl.StateMachineUpdater (StateMachineUpdater.java:stopAndJoin(125)) - 79f8f252-68fb-48a7-ad36-a66b8b99f572@group-77A1509DBCAC-StateMachineUpdater: set stopIndex = 0
2019-09-25 12:53:16,114 [ForkJoinPool.commonPool-worker-1] INFO  impl.PendingRequests (PendingRequests.java:sendNotLeaderResponses(202)) - 79f8f252-68fb-48a7-ad36-a66b8b99f572-PendingRequests: sendNotLeaderResponses
2019-09-25 12:53:16,114 [Thread-539] INFO  impl.RaftServerImpl (ServerState.java:close(385)) - 79f8f252-68fb-48a7-ad36-a66b8b99f572@group-77A1509DBCAC: closes. applyIndex: 0
2019-09-25 12:53:16,114 [ForkJoinPool.commonPool-worker-1] INFO  impl.StateMachineUpdater (StateMachineUpdater.java:stopAndJoin(125)) - 79f8f252-68fb-48a7-ad36-a66b8b99f572@group-9629236DF57B-StateMachineUpdater: set stopIndex = 0
2019-09-25 12:53:16,115 [79f8f252-68fb-48a7-ad36-a66b8b99f572@group-77A1509DBCAC-SegmentedRaftLogWorker] INFO  segmented.SegmentedRaftLogWorker (SegmentedRaftLogWorker.java:run(313)) - 79f8f252-68fb-48a7-ad36-a66b8b99f572@group-77A1509DBCAC-SegmentedRaftLogWorker was interrupted, exiting. There are 0 tasks remaining in the queue.
2019-09-25 12:53:16,115 [ForkJoinPool.commonPool-worker-1] INFO  impl.RaftServerImpl (ServerState.java:close(385)) - 79f8f252-68fb-48a7-ad36-a66b8b99f572@group-9629236DF57B: closes. applyIndex: 0
2019-09-25 12:53:16,115 [Thread-539] INFO  segmented.SegmentedRaftLogWorker (SegmentedRaftLogWorker.java:close(228)) - 79f8f252-68fb-48a7-ad36-a66b8b99f572@group-77A1509DBCAC-SegmentedRaftLogWorker close()
2019-09-25 12:53:16,115 [79f8f252-68fb-48a7-ad36-a66b8b99f572@group-9629236DF57B-SegmentedRaftLogWorker] INFO  segmented.SegmentedRaftLogWorker (SegmentedRaftLogWorker.java:run(313)) - 79f8f252-68fb-48a7-ad36-a66b8b99f572@group-9629236DF57B-SegmentedRaftLogWorker was interrupted, exiting. There are 0 tasks remaining in the queue.
2019-09-25 12:53:16,117 [ForkJoinPool.commonPool-worker-1] INFO  segmented.SegmentedRaftLogWorker (SegmentedRaftLogWorker.java:close(228)) - 79f8f252-68fb-48a7-ad36-a66b8b99f572@group-9629236DF57B-SegmentedRaftLogWorker close()
2019-09-25 12:53:16,118 [Thread-539] INFO  server.GrpcService (GrpcService.java:closeImpl(164)) - 79f8f252-68fb-48a7-ad36-a66b8b99f572: shutdown server with port 38046 now
2019-09-25 12:53:16,120 [Thread-539] INFO  server.GrpcService (GrpcService.java:closeImpl(172)) - 79f8f252-68fb-48a7-ad36-a66b8b99f572: shutdown server with port 38046 successfully
2019-09-25 12:53:16,124 [refreshUsed-/workdir/hadoop-ozone/ozonefs/target/test-dir/MiniOzoneClusterImpl-8b918b52-c3dc-453c-9b69-212fa30732fd/datanode-2/data/containers] WARN  fs.CachingGetSpaceUsed (CachingGetSpaceUsed.java:run(183)) - Thread Interrupted waiting to refresh disk information: sleep interrupted
2019-09-25 12:53:16,151 [Thread-539] INFO  utils.BackgroundService (BackgroundService.java:shutdown(148)) - Shutting down service BlockDeletingService
2019-09-25 12:53:16,154 [Thread-539] INFO  statemachine.DatanodeStateMachine (DatanodeStateMachine.java:stopDaemon(395)) - Ozone container server stopped.
2019-09-25 12:53:16,155 [Thread-539] INFO  handler.ContextHandler (ContextHandler.java:doStop(910)) - Stopped o.e.j.w.WebAppContext@43f1b806{/,null,UNAVAILABLE}{/hddsDatanode}
2019-09-25 12:53:16,156 [Thread-539] INFO  server.AbstractConnector (AbstractConnector.java:doStop(318)) - Stopped ServerConnector@221bd7c1{HTTP/1.1,[http/1.1]}{0.0.0.0:0}
2019-09-25 12:53:16,156 [Thread-539] INFO  handler.ContextHandler (ContextHandler.java:doStop(910)) - Stopped o.e.j.s.ServletContextHandler@4cd509bf{/static,jar:file:/home/user/.m2/repository/org/apache/hadoop/hadoop-hdds-container-service/0.5.0-SNAPSHOT/hadoop-hdds-container-service-0.5.0-SNAPSHOT.jar!/webapps/static,UNAVAILABLE}
2019-09-25 12:53:16,156 [Thread-539] INFO  handler.ContextHandler (ContextHandler.java:doStop(910)) - Stopped o.e.j.s.ServletContextHandler@2c5b40e1{/logs,file:///workdir/hadoop-ozone/ozonefs/target/log,UNAVAILABLE}
2019-09-25 12:53:16,157 [Thread-539] INFO  ozone.MiniOzoneClusterImpl (MiniOzoneClusterImpl.java:stopSCM(392)) - Stopping the StorageContainerManager
2019-09-25 12:53:16,157 [Thread-539] INFO  server.StorageContainerManager (StorageContainerManager.java:stop(808)) - Stopping Replication Manager Service.
2019-09-25 12:53:16,158 [Thread-539] INFO  container.ReplicationManager (ReplicationManager.java:stop(204)) - Stopping Replication Monitor Thread.
2019-09-25 12:53:16,158 [Thread-539] INFO  server.StorageContainerManager (StorageContainerManager.java:stop(815)) - Stopping Lease Manager of the command watchers
2019-09-25 12:53:16,158 [Thread-539] INFO  server.StorageContainerManager (StorageContainerManager.java:stop(822)) - Stopping datanode service RPC server
2019-09-25 12:53:16,158 [Thread-539] INFO  server.SCMDatanodeProtocolServer (SCMDatanodeProtocolServer.java:stop(367)) - Stopping the RPC server for DataNodes
2019-09-25 12:53:16,158 [Thread-539] INFO  ipc.Server (Server.java:stop(3082)) - Stopping server on 41484
2019-09-25 12:53:16,161 [IPC Server listener on 41484] INFO  ipc.Server (Server.java:run(1185)) - Stopping IPC Server listener on 41484
2019-09-25 12:53:16,161 [IPC Server Responder] INFO  ipc.Server (Server.java:run(1319)) - Stopping IPC Server Responder
2019-09-25 12:53:16,185 [SCM Heartbeat Processing Thread - 0] WARN  node.NodeStateManager (NodeStateManager.java:scheduleNextHealthCheck(655)) - Current Thread is interrupted, shutting down HB processing thread for Node Manager.
2019-09-25 12:53:16,185 [Thread-539] INFO  server.StorageContainerManager (StorageContainerManager.java:stop(830)) - Stopping block service RPC server
2019-09-25 12:53:16,186 [Thread-539] INFO  server.SCMBlockProtocolServer (SCMBlockProtocolServer.java:stop(155)) - Stopping the RPC server for Block Protocol
2019-09-25 12:53:16,186 [Thread-539] INFO  ipc.Server (Server.java:stop(3082)) - Stopping server on 43480
2019-09-25 12:53:16,188 [IPC Server listener on 43480] INFO  ipc.Server (Server.java:run(1185)) - Stopping IPC Server listener on 43480
2019-09-25 12:53:16,188 [IPC Server Responder] INFO  ipc.Server (Server.java:run(1319)) - Stopping IPC Server Responder
2019-09-25 12:53:16,188 [Thread-539] INFO  server.StorageContainerManager (StorageContainerManager.java:stop(837)) - Stopping the StorageContainerLocationProtocol RPC server
2019-09-25 12:53:16,189 [Thread-539] INFO  server.SCMClientProtocolServer (SCMClientProtocolServer.java:stop(159)) - Stopping the RPC server for Client Protocol
2019-09-25 12:53:16,190 [Thread-539] INFO  ipc.Server (Server.java:stop(3082)) - Stopping server on 33210
2019-09-25 12:53:16,191 [IPC Server listener on 33210] INFO  ipc.Server (Server.java:run(1185)) - Stopping IPC Server listener on 33210
2019-09-25 12:53:16,191 [IPC Server Responder] INFO  ipc.Server (Server.java:run(1319)) - Stopping IPC Server Responder
2019-09-25 12:53:16,191 [Thread-539] INFO  server.StorageContainerManager (StorageContainerManager.java:stop(844)) - Stopping Storage Container Manager HTTP server.
2019-09-25 12:53:16,194 [Thread-539] INFO  handler.ContextHandler (ContextHandler.java:doStop(910)) - Stopped o.e.j.w.WebAppContext@300b636d{/,null,UNAVAILABLE}{/scm}
2019-09-25 12:53:16,194 [Thread-539] INFO  server.AbstractConnector (AbstractConnector.java:doStop(318)) - Stopped ServerConnector@496d3138{HTTP/1.1,[http/1.1]}{0.0.0.0:0}
2019-09-25 12:53:16,195 [Thread-539] INFO  handler.ContextHandler (ContextHandler.java:doStop(910)) - Stopped o.e.j.s.ServletContextHandler@6ce48644{/static,jar:file:/home/user/.m2/repository/org/apache/hadoop/hadoop-hdds-server-scm/0.5.0-SNAPSHOT/hadoop-hdds-server-scm-0.5.0-SNAPSHOT.jar!/webapps/static,UNAVAILABLE}
2019-09-25 12:53:16,195 [Thread-539] INFO  handler.ContextHandler (ContextHandler.java:doStop(910)) - Stopped o.e.j.s.ServletContextHandler@54eb565d{/logs,file:///workdir/hadoop-ozone/ozonefs/target/log,UNAVAILABLE}
2019-09-25 12:53:16,196 [Thread-539] INFO  server.StorageContainerManager (StorageContainerManager.java:stop(855)) - Stopping Block Manager Service.
2019-09-25 12:53:16,196 [Thread-539] INFO  utils.BackgroundService (BackgroundService.java:shutdown(148)) - Shutting down service SCMBlockDeletingService
2019-09-25 12:53:16,196 [Thread-539] INFO  utils.BackgroundService (BackgroundService.java:shutdown(148)) - Shutting down service SCMBlockDeletingService
2019-09-25 12:53:16,197 [Thread-539] INFO  server.StorageContainerManager (StorageContainerManager.java:stop(877)) - Stopping SCM Event Queue.
2019-09-25 12:53:16,201 [Thread-539] INFO  impl.MetricsSystemImpl (MetricsSystemImpl.java:stop(210)) - Stopping HddsDatanode metrics system...
2019-09-25 12:53:16,208 [Thread-539] INFO  impl.MetricsSystemImpl (MetricsSystemImpl.java:stop(216)) - HddsDatanode metrics system stopped.
]]></system-out>
  </testcase>
  <testcase name="testListStatus" classname="org.apache.hadoop.fs.ozone.TestOzoneFileSystem" time="17.547">
    <error message="Allocated 0 blocks. Requested 1 blocks" type="INTERNAL_ERROR org.apache.hadoop.ozone.om.exceptions.OMException">INTERNAL_ERROR org.apache.hadoop.ozone.om.exceptions.OMException: Allocated 0 blocks. Requested 1 blocks
	at org.apache.hadoop.ozone.om.protocolPB.OzoneManagerProtocolClientSideTranslatorPB.handleError(OzoneManagerProtocolClientSideTranslatorPB.java:732)
	at org.apache.hadoop.ozone.om.protocolPB.OzoneManagerProtocolClientSideTranslatorPB.createFile(OzoneManagerProtocolClientSideTranslatorPB.java:1536)
	at sun.reflect.NativeMethodAccessorImpl.invoke0(Native Method)
	at sun.reflect.NativeMethodAccessorImpl.invoke(NativeMethodAccessorImpl.java:62)
	at sun.reflect.DelegatingMethodAccessorImpl.invoke(DelegatingMethodAccessorImpl.java:43)
	at java.lang.reflect.Method.invoke(Method.java:498)
	at org.apache.hadoop.hdds.tracing.TraceAllMethod.invoke(TraceAllMethod.java:66)
	at com.sun.proxy.$Proxy38.createFile(Unknown Source)
	at org.apache.hadoop.ozone.client.rpc.RpcClient.createFile(RpcClient.java:1006)
	at org.apache.hadoop.ozone.client.OzoneBucket.createFile(OzoneBucket.java:537)
	at org.apache.hadoop.fs.ozone.BasicOzoneClientAdapterImpl.createFile(BasicOzoneClientAdapterImpl.java:205)
	at org.apache.hadoop.fs.ozone.BasicOzoneFileSystem.createOutputStream(BasicOzoneFileSystem.java:250)
	at org.apache.hadoop.fs.ozone.BasicOzoneFileSystem.create(BasicOzoneFileSystem.java:231)
	at org.apache.hadoop.fs.FileSystem.create(FileSystem.java:1118)
	at org.apache.hadoop.fs.FileSystem.create(FileSystem.java:1098)
	at org.apache.hadoop.fs.FileSystem.create(FileSystem.java:987)
	at org.apache.hadoop.fs.contract.ContractTestUtils.createFile(ContractTestUtils.java:633)
	at org.apache.hadoop.fs.contract.ContractTestUtils.touch(ContractTestUtils.java:669)
	at org.apache.hadoop.fs.ozone.TestOzoneFileSystem.testListStatus(TestOzoneFileSystem.java:159)
	at sun.reflect.NativeMethodAccessorImpl.invoke0(Native Method)
	at sun.reflect.NativeMethodAccessorImpl.invoke(NativeMethodAccessorImpl.java:62)
	at sun.reflect.DelegatingMethodAccessorImpl.invoke(DelegatingMethodAccessorImpl.java:43)
	at java.lang.reflect.Method.invoke(Method.java:498)
	at org.junit.runners.model.FrameworkMethod$1.runReflectiveCall(FrameworkMethod.java:47)
	at org.junit.internal.runners.model.ReflectiveCallable.run(ReflectiveCallable.java:12)
	at org.junit.runners.model.FrameworkMethod.invokeExplosively(FrameworkMethod.java:44)
	at org.junit.internal.runners.statements.InvokeMethod.evaluate(InvokeMethod.java:17)
	at org.junit.internal.runners.statements.RunBefores.evaluate(RunBefores.java:26)
	at org.junit.internal.runners.statements.RunAfters.evaluate(RunAfters.java:27)
	at org.junit.internal.runners.statements.FailOnTimeout$StatementThread.run(FailOnTimeout.java:74)
</error>
    <system-out><![CDATA[2019-09-25 12:53:16,276 [Thread-806] WARN  server.ServerUtils (ServerUtils.java:getScmDbDir(145)) - ozone.scm.db.dirs is not configured. We recommend adding this setting. Falling back to ozone.metadata.dirs instead.
2019-09-25 12:53:16,310 [Thread-806] WARN  server.ServerUtils (ServerUtils.java:getScmDbDir(145)) - ozone.scm.db.dirs is not configured. We recommend adding this setting. Falling back to ozone.metadata.dirs instead.
2019-09-25 12:53:16,311 [Thread-806] WARN  server.ServerUtils (ServerUtils.java:getScmDbDir(145)) - ozone.scm.db.dirs is not configured. We recommend adding this setting. Falling back to ozone.metadata.dirs instead.
2019-09-25 12:53:16,311 [Thread-806] INFO  db.DBStoreBuilder (DBStoreBuilder.java:addTable(110)) - using custom profile for table: deletedBlocks
2019-09-25 12:53:16,311 [Thread-806] INFO  db.DBStoreBuilder (DBStoreBuilder.java:processTables(161)) - Using default column profile:DBProfile.DISK for Table:deletedBlocks
2019-09-25 12:53:16,312 [Thread-806] INFO  db.DBStoreBuilder (DBStoreBuilder.java:addTable(110)) - using custom profile for table: validCerts
2019-09-25 12:53:16,312 [Thread-806] INFO  db.DBStoreBuilder (DBStoreBuilder.java:processTables(161)) - Using default column profile:DBProfile.DISK for Table:validCerts
2019-09-25 12:53:16,312 [Thread-806] INFO  db.DBStoreBuilder (DBStoreBuilder.java:addTable(110)) - using custom profile for table: revokedCerts
2019-09-25 12:53:16,312 [Thread-806] INFO  db.DBStoreBuilder (DBStoreBuilder.java:processTables(161)) - Using default column profile:DBProfile.DISK for Table:revokedCerts
2019-09-25 12:53:16,312 [Thread-806] INFO  db.DBStoreBuilder (DBStoreBuilder.java:addTable(110)) - using custom profile for table: default
2019-09-25 12:53:16,313 [Thread-806] INFO  db.DBStoreBuilder (DBStoreBuilder.java:processTables(167)) - Using default column profile:DBProfile.DISK for Table:default
2019-09-25 12:53:16,313 [Thread-806] INFO  db.DBStoreBuilder (DBStoreBuilder.java:getDbProfile(198)) - Using default options. DBProfile.DISK
2019-09-25 12:53:16,542 [Thread-806] INFO  net.NodeSchemaLoader (NodeSchemaLoader.java:loadSchemaFromFile(125)) - Loading file from sun.misc.CompoundEnumeration@2ba6cea3
2019-09-25 12:53:16,543 [Thread-806] INFO  net.NodeSchemaLoader (NodeSchemaLoader.java:loadSchema(171)) - Loading network topology layer schema file
2019-09-25 12:53:16,548 [Thread-806] WARN  server.ServerUtils (ServerUtils.java:sanitizeUserArgs(70)) - ozone.scm.stale.node.interval value = 300000 is larger than max = 100000 based on the key value of ozone.scm.heartbeat.thread.interval, reset to the max value 100000.
2019-09-25 12:53:16,548 [Thread-806] WARN  server.ServerUtils (ServerUtils.java:sanitizeUserArgs(70)) - ozone.scm.stale.node.interval value = 300000 is larger than max = 100000 based on the key value of ozone.scm.heartbeat.thread.interval, reset to the max value 100000.
2019-09-25 12:53:16,549 [Thread-806] INFO  node.SCMNodeManager (SCMNodeManager.java:<init>(114)) - Entering startup safe mode.
2019-09-25 12:53:16,550 [Thread-806] INFO  algorithms.ContainerPlacementPolicyFactory (ContainerPlacementPolicyFactory.java:getPolicy(59)) - Create container placement policy of type org.apache.hadoop.hdds.scm.container.placement.algorithms.SCMContainerPlacementRandom
2019-09-25 12:53:16,550 [Thread-806] WARN  server.ServerUtils (ServerUtils.java:getScmDbDir(145)) - ozone.scm.db.dirs is not configured. We recommend adding this setting. Falling back to ozone.metadata.dirs instead.
2019-09-25 12:53:16,656 [Thread-806] INFO  pipeline.SCMPipelineManager (SCMPipelineManager.java:initializePipelineState(132)) - No pipeline exists in current db
2019-09-25 12:53:16,656 [Thread-806] WARN  server.ServerUtils (ServerUtils.java:getScmDbDir(145)) - ozone.scm.db.dirs is not configured. We recommend adding this setting. Falling back to ozone.metadata.dirs instead.
2019-09-25 12:53:16,748 [Thread-806] WARN  events.EventQueue (EventQueue.java:fireEvent(183)) - No event handler registered for event TypedEvent{payloadType=SafeModeStatus, name='SafeModeStatus'}
2019-09-25 12:53:16,749 [Thread-806] INFO  ipc.CallQueueManager (CallQueueManager.java:<init>(84)) - Using callQueue: class java.util.concurrent.LinkedBlockingQueue, queueCapacity: 2000, scheduler: class org.apache.hadoop.ipc.DefaultRpcScheduler, ipcBackoff: false.
2019-09-25 12:53:16,750 [Socket Reader #1 for port 40430] INFO  ipc.Server (Server.java:run(1074)) - Starting Socket Reader #1 for port 40430
2019-09-25 12:53:16,752 [Thread-806] INFO  ipc.CallQueueManager (CallQueueManager.java:<init>(84)) - Using callQueue: class java.util.concurrent.LinkedBlockingQueue, queueCapacity: 2000, scheduler: class org.apache.hadoop.ipc.DefaultRpcScheduler, ipcBackoff: false.
2019-09-25 12:53:16,753 [Socket Reader #1 for port 35807] INFO  ipc.Server (Server.java:run(1074)) - Starting Socket Reader #1 for port 35807
2019-09-25 12:53:16,755 [Thread-806] INFO  ipc.CallQueueManager (CallQueueManager.java:<init>(84)) - Using callQueue: class java.util.concurrent.LinkedBlockingQueue, queueCapacity: 2000, scheduler: class org.apache.hadoop.ipc.DefaultRpcScheduler, ipcBackoff: false.
2019-09-25 12:53:16,755 [Socket Reader #1 for port 42969] INFO  ipc.Server (Server.java:run(1074)) - Starting Socket Reader #1 for port 42969
2019-09-25 12:53:16,890 [Thread-806] INFO  hdfs.DFSUtil (DFSUtil.java:httpServerTemplateForNNAndJN(1641)) - Starting Web-server for scm at: http://0.0.0.0:0
2019-09-25 12:53:17,076 [Thread-806] INFO  server.AuthenticationFilter (AuthenticationFilter.java:constructSecretProvider(240)) - Unable to initialize FileSignerSecretProvider, falling back to use random secrets.
2019-09-25 12:53:17,087 [Thread-806] WARN  http.HttpRequestLog (HttpRequestLog.java:getRequestLog(97)) - Jetty request log can only be enabled using Log4j
2019-09-25 12:53:17,096 [Thread-806] INFO  http.HttpServer2 (HttpServer2.java:addGlobalFilter(975)) - Added global filter 'safety' (class=org.apache.hadoop.http.HttpServer2$QuotingInputFilter)
2019-09-25 12:53:17,099 [Thread-806] INFO  http.HttpServer2 (HttpServer2.java:addFilter(948)) - Added filter static_user_filter (class=org.apache.hadoop.http.lib.StaticUserWebFilter$StaticUserFilter) to context scm
2019-09-25 12:53:17,099 [Thread-806] INFO  http.HttpServer2 (HttpServer2.java:addFilter(958)) - Added filter static_user_filter (class=org.apache.hadoop.http.lib.StaticUserWebFilter$StaticUserFilter) to context logs
2019-09-25 12:53:17,099 [Thread-806] INFO  http.HttpServer2 (HttpServer2.java:addFilter(958)) - Added filter static_user_filter (class=org.apache.hadoop.http.lib.StaticUserWebFilter$StaticUserFilter) to context static
2019-09-25 12:53:17,102 [Thread-806] INFO  server.StorageContainerManager (StorageContainerManager.java:start(770)) - StorageContainerLocationProtocol RPC server is listening at /0.0.0.0:42969
2019-09-25 12:53:17,105 [Thread-806] WARN  impl.MetricsConfig (MetricsConfig.java:loadFirst(134)) - Cannot locate configuration: tried hadoop-metrics2-storagecontainermanager.properties,hadoop-metrics2.properties
2019-09-25 12:53:17,108 [Thread-806] INFO  impl.MetricsSystemImpl (MetricsSystemImpl.java:startTimer(374)) - Scheduled Metric snapshot period at 10 second(s).
2019-09-25 12:53:17,108 [Thread-806] INFO  impl.MetricsSystemImpl (MetricsSystemImpl.java:start(191)) - StorageContainerManager metrics system started
2019-09-25 12:53:17,137 [Thread-806] WARN  impl.MetricsSystemImpl (MetricsSystemImpl.java:register(276)) - Sink prometheus already exists!
2019-09-25 12:53:17,189 [Thread-806] INFO  server.SCMClientProtocolServer (SCMClientProtocolServer.java:start(151)) - RPC server for Client  is listening at /0.0.0.0:42969
2019-09-25 12:53:17,189 [IPC Server Responder] INFO  ipc.Server (Server.java:run(1314)) - IPC Server Responder: starting
2019-09-25 12:53:17,190 [IPC Server listener on 42969] INFO  ipc.Server (Server.java:run(1153)) - IPC Server listener on 42969: starting
2019-09-25 12:53:17,194 [Thread-806] INFO  server.StorageContainerManager (StorageContainerManager.java:start(780)) - ScmBlockLocationProtocol RPC server is listening at /0.0.0.0:35807
2019-09-25 12:53:17,194 [Thread-806] INFO  server.SCMBlockProtocolServer (SCMBlockProtocolServer.java:start(146)) - RPC server for Block Protocol is listening at /0.0.0.0:35807
2019-09-25 12:53:17,195 [IPC Server Responder] INFO  ipc.Server (Server.java:run(1314)) - IPC Server Responder: starting
2019-09-25 12:53:17,195 [IPC Server listener on 35807] INFO  ipc.Server (Server.java:run(1153)) - IPC Server listener on 35807: starting
2019-09-25 12:53:17,199 [Thread-806] INFO  server.StorageContainerManager (StorageContainerManager.java:start(784)) - ScmDatanodeProtocl RPC server is listening at /0.0.0.0:40430
2019-09-25 12:53:17,199 [Thread-806] INFO  server.SCMDatanodeProtocolServer (SCMDatanodeProtocolServer.java:start(191)) - RPC server for DataNodes is listening at /0.0.0.0:40430
2019-09-25 12:53:17,199 [IPC Server Responder] INFO  ipc.Server (Server.java:run(1314)) - IPC Server Responder: starting
2019-09-25 12:53:17,200 [IPC Server listener on 40430] INFO  ipc.Server (Server.java:run(1153)) - IPC Server listener on 40430: starting
2019-09-25 12:53:17,204 [Thread-806] INFO  http.HttpServer2 (HttpServer2.java:bindListener(1191)) - Jetty bound to port 40764
2019-09-25 12:53:17,204 [Thread-806] INFO  server.Server (Server.java:doStart(351)) - jetty-9.3.25.v20180904, build timestamp: 2018-09-04T21:11:46Z, git hash: 3ce520221d0240229c862b122d2b06c12a625732
2019-09-25 12:53:17,207 [Thread-806] INFO  handler.ContextHandler (ContextHandler.java:doStart(781)) - Started o.e.j.s.ServletContextHandler@6aabc81a{/logs,file:///workdir/hadoop-ozone/ozonefs/target/log,AVAILABLE}
2019-09-25 12:53:17,207 [Thread-806] INFO  handler.ContextHandler (ContextHandler.java:doStart(781)) - Started o.e.j.s.ServletContextHandler@1eaf5edc{/static,jar:file:/home/user/.m2/repository/org/apache/hadoop/hadoop-hdds-server-scm/0.5.0-SNAPSHOT/hadoop-hdds-server-scm-0.5.0-SNAPSHOT.jar!/webapps/static,AVAILABLE}
2019-09-25 12:53:17,253 [Thread-806] INFO  handler.ContextHandler (ContextHandler.java:doStart(781)) - Started o.e.j.w.WebAppContext@3b43fe2a{/,file:///tmp/jetty-0.0.0.0-40764-scm-_-any-7551162533213750727.dir/webapp/,AVAILABLE}{/scm}
2019-09-25 12:53:17,253 [Thread-806] INFO  server.AbstractConnector (AbstractConnector.java:doStart(278)) - Started ServerConnector@7b5e3853{HTTP/1.1,[http/1.1]}{0.0.0.0:40764}
2019-09-25 12:53:17,254 [Thread-806] INFO  server.Server (Server.java:doStart(419)) - Started @58863ms
2019-09-25 12:53:17,254 [Thread-806] WARN  impl.MetricsSystemImpl (MetricsSystemImpl.java:register(276)) - Sink prometheus already exists!
2019-09-25 12:53:17,255 [Thread-806] INFO  server.BaseHttpServer (BaseHttpServer.java:updateConnectorAddress(215)) - HTTP server of SCM is listening at http://0.0.0.0:40764
2019-09-25 12:53:17,256 [Thread-806] WARN  server.ServerUtils (ServerUtils.java:getDBPath(222)) - ozone.om.db.dirs is not configured. We recommend adding this setting. Falling back to ozone.metadata.dirs instead.
2019-09-25 12:53:17,257 [org.apache.hadoop.util.JvmPauseMonitor$Monitor@7c691618] INFO  util.JvmPauseMonitor (JvmPauseMonitor.java:run(188)) - Starting JVM pause monitor
2019-09-25 12:53:17,270 [Thread-806] WARN  server.ServerUtils (ServerUtils.java:getDBPath(222)) - ozone.om.db.dirs is not configured. We recommend adding this setting. Falling back to ozone.metadata.dirs instead.
2019-09-25 12:53:17,271 [Thread-806] WARN  server.ServerUtils (ServerUtils.java:getDBPath(222)) - ozone.om.db.dirs is not configured. We recommend adding this setting. Falling back to ozone.metadata.dirs instead.
2019-09-25 12:53:17,271 [Thread-806] INFO  om.OzoneManager (OzoneManager.java:setOMNodeDetails(652)) - OM Service ID is not set. Setting it to the default ID: omServiceIdDefault
2019-09-25 12:53:17,271 [Thread-806] INFO  om.OzoneManager (OzoneManager.java:setOMNodeDetails(658)) - OM Node ID is not set. Setting it to the OmStorage's OmID: 9499b358-692b-48bc-b618-fea9b4c47d2e
2019-09-25 12:53:17,271 [Thread-806] INFO  om.OzoneManager (OzoneManager.java:loadOMHAConfigs(609)) - Found matching OM address with OMServiceId: null, OMNodeId: null, RPC Address: localhost:0 and Ratis port: 9872
2019-09-25 12:53:17,278 [Thread-806] WARN  server.ServerUtils (ServerUtils.java:getDBPath(222)) - ozone.om.db.dirs is not configured. We recommend adding this setting. Falling back to ozone.metadata.dirs instead.
2019-09-25 12:53:17,278 [Thread-806] INFO  db.DBStoreBuilder (DBStoreBuilder.java:addTable(110)) - using custom profile for table: userTable
2019-09-25 12:53:17,278 [Thread-806] INFO  db.DBStoreBuilder (DBStoreBuilder.java:processTables(161)) - Using default column profile:DBProfile.DISK for Table:userTable
2019-09-25 12:53:17,279 [Thread-806] INFO  db.DBStoreBuilder (DBStoreBuilder.java:addTable(110)) - using custom profile for table: volumeTable
2019-09-25 12:53:17,279 [Thread-806] INFO  db.DBStoreBuilder (DBStoreBuilder.java:processTables(161)) - Using default column profile:DBProfile.DISK for Table:volumeTable
2019-09-25 12:53:17,279 [Thread-806] INFO  db.DBStoreBuilder (DBStoreBuilder.java:addTable(110)) - using custom profile for table: bucketTable
2019-09-25 12:53:17,279 [Thread-806] INFO  db.DBStoreBuilder (DBStoreBuilder.java:processTables(161)) - Using default column profile:DBProfile.DISK for Table:bucketTable
2019-09-25 12:53:17,279 [Thread-806] INFO  db.DBStoreBuilder (DBStoreBuilder.java:addTable(110)) - using custom profile for table: keyTable
2019-09-25 12:53:17,279 [Thread-806] INFO  db.DBStoreBuilder (DBStoreBuilder.java:processTables(161)) - Using default column profile:DBProfile.DISK for Table:keyTable
2019-09-25 12:53:17,279 [Thread-806] INFO  db.DBStoreBuilder (DBStoreBuilder.java:addTable(110)) - using custom profile for table: deletedTable
2019-09-25 12:53:17,279 [Thread-806] INFO  db.DBStoreBuilder (DBStoreBuilder.java:processTables(161)) - Using default column profile:DBProfile.DISK for Table:deletedTable
2019-09-25 12:53:17,280 [Thread-806] INFO  db.DBStoreBuilder (DBStoreBuilder.java:addTable(110)) - using custom profile for table: openKeyTable
2019-09-25 12:53:17,280 [Thread-806] INFO  db.DBStoreBuilder (DBStoreBuilder.java:processTables(161)) - Using default column profile:DBProfile.DISK for Table:openKeyTable
2019-09-25 12:53:17,280 [Thread-806] INFO  db.DBStoreBuilder (DBStoreBuilder.java:addTable(110)) - using custom profile for table: s3Table
2019-09-25 12:53:17,280 [Thread-806] INFO  db.DBStoreBuilder (DBStoreBuilder.java:processTables(161)) - Using default column profile:DBProfile.DISK for Table:s3Table
2019-09-25 12:53:17,280 [Thread-806] INFO  db.DBStoreBuilder (DBStoreBuilder.java:addTable(110)) - using custom profile for table: multipartInfoTable
2019-09-25 12:53:17,280 [Thread-806] INFO  db.DBStoreBuilder (DBStoreBuilder.java:processTables(161)) - Using default column profile:DBProfile.DISK for Table:multipartInfoTable
2019-09-25 12:53:17,280 [Thread-806] INFO  db.DBStoreBuilder (DBStoreBuilder.java:addTable(110)) - using custom profile for table: dTokenTable
2019-09-25 12:53:17,281 [Thread-806] INFO  db.DBStoreBuilder (DBStoreBuilder.java:processTables(161)) - Using default column profile:DBProfile.DISK for Table:dTokenTable
2019-09-25 12:53:17,281 [Thread-806] INFO  db.DBStoreBuilder (DBStoreBuilder.java:addTable(110)) - using custom profile for table: s3SecretTable
2019-09-25 12:53:17,281 [Thread-806] INFO  db.DBStoreBuilder (DBStoreBuilder.java:processTables(161)) - Using default column profile:DBProfile.DISK for Table:s3SecretTable
2019-09-25 12:53:17,281 [Thread-806] INFO  db.DBStoreBuilder (DBStoreBuilder.java:addTable(110)) - using custom profile for table: prefixTable
2019-09-25 12:53:17,281 [Thread-806] INFO  db.DBStoreBuilder (DBStoreBuilder.java:processTables(161)) - Using default column profile:DBProfile.DISK for Table:prefixTable
2019-09-25 12:53:17,281 [Thread-806] INFO  db.DBStoreBuilder (DBStoreBuilder.java:addTable(110)) - using custom profile for table: default
2019-09-25 12:53:17,281 [Thread-806] INFO  db.DBStoreBuilder (DBStoreBuilder.java:processTables(167)) - Using default column profile:DBProfile.DISK for Table:default
2019-09-25 12:53:17,281 [Thread-806] INFO  db.DBStoreBuilder (DBStoreBuilder.java:getDbProfile(198)) - Using default options. DBProfile.DISK
2019-09-25 12:53:17,930 [Thread-806] INFO  ipc.CallQueueManager (CallQueueManager.java:<init>(84)) - Using callQueue: class java.util.concurrent.LinkedBlockingQueue, queueCapacity: 2000, scheduler: class org.apache.hadoop.ipc.DefaultRpcScheduler, ipcBackoff: false.
2019-09-25 12:53:17,931 [Socket Reader #1 for port 42583] INFO  ipc.Server (Server.java:run(1074)) - Starting Socket Reader #1 for port 42583
2019-09-25 12:53:17,962 [Thread-806] INFO  om.OzoneManager (OzoneManager.java:start(1243)) - OzoneManager RPC server is listening at localhost/127.0.0.1:42583
2019-09-25 12:53:17,962 [Thread-806] INFO  impl.MetricsSystemImpl (MetricsSystemImpl.java:init(158)) - OzoneManager metrics system started (again)
2019-09-25 12:53:17,962 [IPC Server Responder] INFO  ipc.Server (Server.java:run(1314)) - IPC Server Responder: starting
2019-09-25 12:53:17,963 [IPC Server listener on 42583] INFO  ipc.Server (Server.java:run(1153)) - IPC Server listener on 42583: starting
2019-09-25 12:53:17,968 [Thread-806] INFO  hdfs.DFSUtil (DFSUtil.java:httpServerTemplateForNNAndJN(1641)) - Starting Web-server for ozoneManager at: http://0.0.0.0:0
2019-09-25 12:53:17,971 [Thread-806] INFO  server.AuthenticationFilter (AuthenticationFilter.java:constructSecretProvider(240)) - Unable to initialize FileSignerSecretProvider, falling back to use random secrets.
2019-09-25 12:53:17,972 [Thread-806] WARN  http.HttpRequestLog (HttpRequestLog.java:getRequestLog(97)) - Jetty request log can only be enabled using Log4j
2019-09-25 12:53:17,974 [Thread-806] INFO  http.HttpServer2 (HttpServer2.java:addGlobalFilter(975)) - Added global filter 'safety' (class=org.apache.hadoop.http.HttpServer2$QuotingInputFilter)
2019-09-25 12:53:17,975 [Thread-806] INFO  http.HttpServer2 (HttpServer2.java:addFilter(948)) - Added filter static_user_filter (class=org.apache.hadoop.http.lib.StaticUserWebFilter$StaticUserFilter) to context ozoneManager
2019-09-25 12:53:17,975 [Thread-806] INFO  http.HttpServer2 (HttpServer2.java:addFilter(958)) - Added filter static_user_filter (class=org.apache.hadoop.http.lib.StaticUserWebFilter$StaticUserFilter) to context logs
2019-09-25 12:53:17,976 [Thread-806] INFO  http.HttpServer2 (HttpServer2.java:addFilter(958)) - Added filter static_user_filter (class=org.apache.hadoop.http.lib.StaticUserWebFilter$StaticUserFilter) to context static
2019-09-25 12:53:17,977 [Thread-806] INFO  http.HttpServer2 (HttpServer2.java:bindListener(1191)) - Jetty bound to port 40484
2019-09-25 12:53:17,977 [Thread-806] INFO  server.Server (Server.java:doStart(351)) - jetty-9.3.25.v20180904, build timestamp: 2018-09-04T21:11:46Z, git hash: 3ce520221d0240229c862b122d2b06c12a625732
2019-09-25 12:53:17,979 [Thread-806] INFO  handler.ContextHandler (ContextHandler.java:doStart(781)) - Started o.e.j.s.ServletContextHandler@429bcf98{/logs,file:///workdir/hadoop-ozone/ozonefs/target/log,AVAILABLE}
2019-09-25 12:53:17,980 [Thread-806] INFO  handler.ContextHandler (ContextHandler.java:doStart(781)) - Started o.e.j.s.ServletContextHandler@193da9c0{/static,jar:file:/home/user/.m2/repository/org/apache/hadoop/hadoop-ozone-ozone-manager/0.5.0-SNAPSHOT/hadoop-ozone-ozone-manager-0.5.0-SNAPSHOT.jar!/webapps/static,AVAILABLE}
2019-09-25 12:53:18,044 [Thread-806] INFO  handler.ContextHandler (ContextHandler.java:doStart(781)) - Started o.e.j.w.WebAppContext@d5dd81{/,file:///tmp/jetty-0.0.0.0-40484-ozoneManager-_-any-7543290868515734249.dir/webapp/,AVAILABLE}{/ozoneManager}
2019-09-25 12:53:18,045 [Thread-806] INFO  server.AbstractConnector (AbstractConnector.java:doStart(278)) - Started ServerConnector@6ee912f6{HTTP/1.1,[http/1.1]}{0.0.0.0:40484}
2019-09-25 12:53:18,046 [Thread-806] INFO  server.Server (Server.java:doStart(419)) - Started @59654ms
2019-09-25 12:53:18,046 [Thread-806] WARN  impl.MetricsSystemImpl (MetricsSystemImpl.java:register(276)) - Sink prometheus already exists!
2019-09-25 12:53:18,047 [Thread-806] INFO  server.BaseHttpServer (BaseHttpServer.java:updateConnectorAddress(215)) - HTTP server of OZONEMANAGER is listening at http://0.0.0.0:40484
2019-09-25 12:53:18,056 [Thread-806] INFO  impl.MetricsSystemImpl (MetricsSystemImpl.java:init(158)) - HddsDatanode metrics system started (again)
2019-09-25 12:53:18,059 [Thread-806] INFO  ozone.HddsDatanodeService (HddsDatanodeService.java:start(184)) - HddsDatanodeService host:pr-hdds-1569-shd4m-3693607622 ip:192.168.151.73
2019-09-25 12:53:18,065 [Thread-806] INFO  volume.HddsVolume (HddsVolume.java:<init>(176)) - Creating Volume: /workdir/hadoop-ozone/ozonefs/target/test-dir/MiniOzoneClusterImpl-24d85c3a-9c2e-4ba2-880b-df25a410d0c9/datanode-0/data/containers/hdds of  storage type : DISK and capacity : 1482555576320
2019-09-25 12:53:18,066 [Thread-806] INFO  volume.VolumeSet (VolumeSet.java:initializeVolumeSet(170)) - Added Volume : /workdir/hadoop-ozone/ozonefs/target/test-dir/MiniOzoneClusterImpl-24d85c3a-9c2e-4ba2-880b-df25a410d0c9/datanode-0/data/containers/hdds to VolumeSet
2019-09-25 12:53:18,066 [Thread-806] INFO  volume.ThrottledAsyncChecker (ThrottledAsyncChecker.java:schedule(139)) - Scheduling a check for org.apache.hadoop.ozone.container.common.volume.HddsVolume@33377931
2019-09-25 12:53:18,070 [Thread-806] INFO  volume.HddsVolumeChecker (HddsVolumeChecker.java:checkAllVolumes(202)) - Scheduled health check for volume org.apache.hadoop.ozone.container.common.volume.HddsVolume@33377931
2019-09-25 12:53:18,090 [Thread-806] INFO  impl.RaftServerProxy (ConfUtils.java:logGet(43)) - raft.rpc.type = GRPC (default)
2019-09-25 12:53:18,091 [Thread-806] INFO  grpc.GrpcFactory (GrpcFactory.java:checkPooledByteBufAllocatorUseCacheForAllThreads(45)) - PERFORMANCE WARNING: useCacheForAllThreads is true that may cause Netty to create a lot garbage objects and, as a result, trigger GC.
	It is recommended to disable useCacheForAllThreads by setting -Dorg.apache.ratis.thirdparty.io.netty.allocator.useCacheForAllThreads=false in command line.
2019-09-25 12:53:18,091 [Thread-806] INFO  grpc.GrpcConfigKeys$Server (ConfUtils.java:logGet(43)) - raft.grpc.server.port = 0 (default)
2019-09-25 12:53:18,091 [Thread-806] INFO  server.GrpcService (ConfUtils.java:logGet(43)) - raft.grpc.message.size.max = 33570816 (custom)
2019-09-25 12:53:18,091 [Thread-806] INFO  server.RaftServerConfigKeys (ConfUtils.java:logGet(43)) - raft.server.log.appender.buffer.byte-limit = 33554432 (custom)
2019-09-25 12:53:18,091 [Thread-806] INFO  server.GrpcService (ConfUtils.java:logGet(43)) - raft.grpc.flow.control.window = 1MB (=1048576) (default)
2019-09-25 12:53:18,092 [Thread-806] INFO  server.RaftServerConfigKeys (ConfUtils.java:logGet(43)) - raft.server.rpc.request.timeout = 3000ms (default)
2019-09-25 12:53:18,093 [Thread-806] INFO  server.RaftServerConfigKeys (ConfUtils.java:logGet(43)) - raft.server.storage.dir = [/workdir/hadoop-ozone/ozonefs/target/test-dir/MiniOzoneClusterImpl-24d85c3a-9c2e-4ba2-880b-df25a410d0c9/datanode-0/data/ratis] (custom)
2019-09-25 12:53:18,094 [Thread-806] INFO  hdfs.DFSUtil (DFSUtil.java:httpServerTemplateForNNAndJN(1641)) - Starting Web-server for hddsDatanode at: http://0.0.0.0:0
2019-09-25 12:53:18,096 [Thread-806] INFO  server.AuthenticationFilter (AuthenticationFilter.java:constructSecretProvider(240)) - Unable to initialize FileSignerSecretProvider, falling back to use random secrets.
2019-09-25 12:53:18,096 [Thread-806] WARN  http.HttpRequestLog (HttpRequestLog.java:getRequestLog(97)) - Jetty request log can only be enabled using Log4j
2019-09-25 12:53:18,098 [Thread-806] INFO  http.HttpServer2 (HttpServer2.java:addGlobalFilter(975)) - Added global filter 'safety' (class=org.apache.hadoop.http.HttpServer2$QuotingInputFilter)
2019-09-25 12:53:18,098 [Thread-806] INFO  http.HttpServer2 (HttpServer2.java:addFilter(948)) - Added filter static_user_filter (class=org.apache.hadoop.http.lib.StaticUserWebFilter$StaticUserFilter) to context hddsDatanode
2019-09-25 12:53:18,098 [Thread-806] INFO  http.HttpServer2 (HttpServer2.java:addFilter(958)) - Added filter static_user_filter (class=org.apache.hadoop.http.lib.StaticUserWebFilter$StaticUserFilter) to context static
2019-09-25 12:53:18,099 [Thread-806] INFO  http.HttpServer2 (HttpServer2.java:addFilter(958)) - Added filter static_user_filter (class=org.apache.hadoop.http.lib.StaticUserWebFilter$StaticUserFilter) to context logs
2019-09-25 12:53:18,099 [Thread-806] INFO  http.HttpServer2 (HttpServer2.java:bindListener(1191)) - Jetty bound to port 38576
2019-09-25 12:53:18,099 [Thread-806] INFO  server.Server (Server.java:doStart(351)) - jetty-9.3.25.v20180904, build timestamp: 2018-09-04T21:11:46Z, git hash: 3ce520221d0240229c862b122d2b06c12a625732
2019-09-25 12:53:18,101 [Thread-806] INFO  handler.ContextHandler (ContextHandler.java:doStart(781)) - Started o.e.j.s.ServletContextHandler@3988db45{/logs,file:///workdir/hadoop-ozone/ozonefs/target/log,AVAILABLE}
2019-09-25 12:53:18,101 [Thread-806] INFO  handler.ContextHandler (ContextHandler.java:doStart(781)) - Started o.e.j.s.ServletContextHandler@19ae3fe8{/static,jar:file:/home/user/.m2/repository/org/apache/hadoop/hadoop-hdds-container-service/0.5.0-SNAPSHOT/hadoop-hdds-container-service-0.5.0-SNAPSHOT.jar!/webapps/static,AVAILABLE}
2019-09-25 12:53:18,129 [Thread-806] INFO  handler.ContextHandler (ContextHandler.java:doStart(781)) - Started o.e.j.w.WebAppContext@194dc9a4{/,file:///tmp/jetty-0.0.0.0-38576-hddsDatanode-_-any-4565883200260673424.dir/webapp/,AVAILABLE}{/hddsDatanode}
2019-09-25 12:53:18,129 [Thread-806] INFO  server.AbstractConnector (AbstractConnector.java:doStart(278)) - Started ServerConnector@6895609f{HTTP/1.1,[http/1.1]}{0.0.0.0:38576}
2019-09-25 12:53:18,131 [Thread-806] INFO  server.Server (Server.java:doStart(419)) - Started @59739ms
2019-09-25 12:53:18,131 [Thread-806] WARN  impl.MetricsSystemImpl (MetricsSystemImpl.java:register(276)) - Sink prometheus already exists!
2019-09-25 12:53:18,131 [Thread-806] INFO  server.BaseHttpServer (BaseHttpServer.java:updateConnectorAddress(215)) - HTTP server of HDDSDATANODE is listening at http://0.0.0.0:38576
2019-09-25 12:53:18,132 [Thread-806] INFO  impl.MetricsSystemImpl (MetricsSystemImpl.java:init(158)) - HddsDatanode metrics system started (again)
2019-09-25 12:53:18,134 [org.apache.hadoop.util.JvmPauseMonitor$Monitor@31b6f234] INFO  util.JvmPauseMonitor (JvmPauseMonitor.java:run(188)) - Starting JVM pause monitor
2019-09-25 12:53:18,134 [Thread-806] INFO  ozone.HddsDatanodeService (HddsDatanodeService.java:start(184)) - HddsDatanodeService host:pr-hdds-1569-shd4m-3693607622 ip:192.168.151.73
2019-09-25 12:53:18,136 [Datanode State Machine Thread - 0] INFO  datanode.InitDatanodeState (InitDatanodeState.java:persistContainerDatanodeDetails(140)) - DatanodeDetails is persisted to /workdir/hadoop-ozone/ozonefs/target/test-dir/MiniOzoneClusterImpl-24d85c3a-9c2e-4ba2-880b-df25a410d0c9/datanode-0/meta/datanode.id
2019-09-25 12:53:18,140 [Thread-806] INFO  volume.HddsVolume (HddsVolume.java:<init>(176)) - Creating Volume: /workdir/hadoop-ozone/ozonefs/target/test-dir/MiniOzoneClusterImpl-24d85c3a-9c2e-4ba2-880b-df25a410d0c9/datanode-1/data/containers/hdds of  storage type : DISK and capacity : 1482555576320
2019-09-25 12:53:18,140 [Thread-806] INFO  volume.VolumeSet (VolumeSet.java:initializeVolumeSet(170)) - Added Volume : /workdir/hadoop-ozone/ozonefs/target/test-dir/MiniOzoneClusterImpl-24d85c3a-9c2e-4ba2-880b-df25a410d0c9/datanode-1/data/containers/hdds to VolumeSet
2019-09-25 12:53:18,140 [Thread-806] INFO  volume.ThrottledAsyncChecker (ThrottledAsyncChecker.java:schedule(139)) - Scheduling a check for org.apache.hadoop.ozone.container.common.volume.HddsVolume@7f281569
2019-09-25 12:53:18,140 [Thread-806] INFO  volume.HddsVolumeChecker (HddsVolumeChecker.java:checkAllVolumes(202)) - Scheduled health check for volume org.apache.hadoop.ozone.container.common.volume.HddsVolume@7f281569
2019-09-25 12:53:18,159 [Thread-806] INFO  impl.RaftServerProxy (ConfUtils.java:logGet(43)) - raft.rpc.type = GRPC (default)
2019-09-25 12:53:18,159 [Thread-806] INFO  grpc.GrpcFactory (GrpcFactory.java:checkPooledByteBufAllocatorUseCacheForAllThreads(45)) - PERFORMANCE WARNING: useCacheForAllThreads is true that may cause Netty to create a lot garbage objects and, as a result, trigger GC.
	It is recommended to disable useCacheForAllThreads by setting -Dorg.apache.ratis.thirdparty.io.netty.allocator.useCacheForAllThreads=false in command line.
2019-09-25 12:53:18,159 [Thread-806] INFO  grpc.GrpcConfigKeys$Server (ConfUtils.java:logGet(43)) - raft.grpc.server.port = 0 (default)
2019-09-25 12:53:18,159 [Thread-806] INFO  server.GrpcService (ConfUtils.java:logGet(43)) - raft.grpc.message.size.max = 33570816 (custom)
2019-09-25 12:53:18,160 [Thread-806] INFO  server.RaftServerConfigKeys (ConfUtils.java:logGet(43)) - raft.server.log.appender.buffer.byte-limit = 33554432 (custom)
2019-09-25 12:53:18,160 [Thread-806] INFO  server.GrpcService (ConfUtils.java:logGet(43)) - raft.grpc.flow.control.window = 1MB (=1048576) (default)
2019-09-25 12:53:18,160 [Thread-806] INFO  server.RaftServerConfigKeys (ConfUtils.java:logGet(43)) - raft.server.rpc.request.timeout = 3000ms (default)
2019-09-25 12:53:18,160 [Thread-806] INFO  server.RaftServerConfigKeys (ConfUtils.java:logGet(43)) - raft.server.storage.dir = [/workdir/hadoop-ozone/ozonefs/target/test-dir/MiniOzoneClusterImpl-24d85c3a-9c2e-4ba2-880b-df25a410d0c9/datanode-1/data/ratis] (custom)
2019-09-25 12:53:18,161 [Thread-806] INFO  hdfs.DFSUtil (DFSUtil.java:httpServerTemplateForNNAndJN(1641)) - Starting Web-server for hddsDatanode at: http://0.0.0.0:0
2019-09-25 12:53:18,163 [Thread-806] INFO  server.AuthenticationFilter (AuthenticationFilter.java:constructSecretProvider(240)) - Unable to initialize FileSignerSecretProvider, falling back to use random secrets.
2019-09-25 12:53:18,163 [Thread-806] WARN  http.HttpRequestLog (HttpRequestLog.java:getRequestLog(97)) - Jetty request log can only be enabled using Log4j
2019-09-25 12:53:18,165 [Thread-806] INFO  http.HttpServer2 (HttpServer2.java:addGlobalFilter(975)) - Added global filter 'safety' (class=org.apache.hadoop.http.HttpServer2$QuotingInputFilter)
2019-09-25 12:53:18,165 [Thread-806] INFO  http.HttpServer2 (HttpServer2.java:addFilter(948)) - Added filter static_user_filter (class=org.apache.hadoop.http.lib.StaticUserWebFilter$StaticUserFilter) to context hddsDatanode
2019-09-25 12:53:18,165 [Thread-806] INFO  http.HttpServer2 (HttpServer2.java:addFilter(958)) - Added filter static_user_filter (class=org.apache.hadoop.http.lib.StaticUserWebFilter$StaticUserFilter) to context static
2019-09-25 12:53:18,165 [Thread-806] INFO  http.HttpServer2 (HttpServer2.java:addFilter(958)) - Added filter static_user_filter (class=org.apache.hadoop.http.lib.StaticUserWebFilter$StaticUserFilter) to context logs
2019-09-25 12:53:18,166 [Thread-806] INFO  http.HttpServer2 (HttpServer2.java:bindListener(1191)) - Jetty bound to port 44788
2019-09-25 12:53:18,166 [Thread-806] INFO  server.Server (Server.java:doStart(351)) - jetty-9.3.25.v20180904, build timestamp: 2018-09-04T21:11:46Z, git hash: 3ce520221d0240229c862b122d2b06c12a625732
2019-09-25 12:53:18,167 [Thread-806] INFO  handler.ContextHandler (ContextHandler.java:doStart(781)) - Started o.e.j.s.ServletContextHandler@34c4dd49{/logs,file:///workdir/hadoop-ozone/ozonefs/target/log,AVAILABLE}
2019-09-25 12:53:18,168 [Thread-806] INFO  handler.ContextHandler (ContextHandler.java:doStart(781)) - Started o.e.j.s.ServletContextHandler@692f38e7{/static,jar:file:/home/user/.m2/repository/org/apache/hadoop/hadoop-hdds-container-service/0.5.0-SNAPSHOT/hadoop-hdds-container-service-0.5.0-SNAPSHOT.jar!/webapps/static,AVAILABLE}
2019-09-25 12:53:18,194 [Thread-806] INFO  handler.ContextHandler (ContextHandler.java:doStart(781)) - Started o.e.j.w.WebAppContext@7891b6af{/,file:///tmp/jetty-0.0.0.0-44788-hddsDatanode-_-any-3817177366152489506.dir/webapp/,AVAILABLE}{/hddsDatanode}
2019-09-25 12:53:18,195 [Thread-806] INFO  server.AbstractConnector (AbstractConnector.java:doStart(278)) - Started ServerConnector@408d57cb{HTTP/1.1,[http/1.1]}{0.0.0.0:44788}
2019-09-25 12:53:18,196 [Thread-806] INFO  server.Server (Server.java:doStart(419)) - Started @59804ms
2019-09-25 12:53:18,196 [Thread-806] WARN  impl.MetricsSystemImpl (MetricsSystemImpl.java:register(276)) - Sink prometheus already exists!
2019-09-25 12:53:18,196 [Thread-806] INFO  server.BaseHttpServer (BaseHttpServer.java:updateConnectorAddress(215)) - HTTP server of HDDSDATANODE is listening at http://0.0.0.0:44788
2019-09-25 12:53:18,196 [Thread-806] INFO  impl.MetricsSystemImpl (MetricsSystemImpl.java:init(158)) - HddsDatanode metrics system started (again)
2019-09-25 12:53:18,199 [org.apache.hadoop.util.JvmPauseMonitor$Monitor@3727c5d9] INFO  util.JvmPauseMonitor (JvmPauseMonitor.java:run(188)) - Starting JVM pause monitor
2019-09-25 12:53:18,199 [Thread-806] INFO  ozone.HddsDatanodeService (HddsDatanodeService.java:start(184)) - HddsDatanodeService host:pr-hdds-1569-shd4m-3693607622 ip:192.168.151.73
2019-09-25 12:53:18,200 [Datanode State Machine Thread - 0] INFO  datanode.InitDatanodeState (InitDatanodeState.java:persistContainerDatanodeDetails(140)) - DatanodeDetails is persisted to /workdir/hadoop-ozone/ozonefs/target/test-dir/MiniOzoneClusterImpl-24d85c3a-9c2e-4ba2-880b-df25a410d0c9/datanode-1/meta/datanode.id
2019-09-25 12:53:18,204 [Thread-806] INFO  volume.HddsVolume (HddsVolume.java:<init>(176)) - Creating Volume: /workdir/hadoop-ozone/ozonefs/target/test-dir/MiniOzoneClusterImpl-24d85c3a-9c2e-4ba2-880b-df25a410d0c9/datanode-2/data/containers/hdds of  storage type : DISK and capacity : 1482555576320
2019-09-25 12:53:18,204 [Thread-806] INFO  volume.VolumeSet (VolumeSet.java:initializeVolumeSet(170)) - Added Volume : /workdir/hadoop-ozone/ozonefs/target/test-dir/MiniOzoneClusterImpl-24d85c3a-9c2e-4ba2-880b-df25a410d0c9/datanode-2/data/containers/hdds to VolumeSet
2019-09-25 12:53:18,204 [Thread-806] INFO  volume.ThrottledAsyncChecker (ThrottledAsyncChecker.java:schedule(139)) - Scheduling a check for org.apache.hadoop.ozone.container.common.volume.HddsVolume@64730639
2019-09-25 12:53:18,204 [Thread-806] INFO  volume.HddsVolumeChecker (HddsVolumeChecker.java:checkAllVolumes(202)) - Scheduled health check for volume org.apache.hadoop.ozone.container.common.volume.HddsVolume@64730639
2019-09-25 12:53:18,224 [Thread-806] INFO  impl.RaftServerProxy (ConfUtils.java:logGet(43)) - raft.rpc.type = GRPC (default)
2019-09-25 12:53:18,224 [Thread-806] INFO  grpc.GrpcFactory (GrpcFactory.java:checkPooledByteBufAllocatorUseCacheForAllThreads(45)) - PERFORMANCE WARNING: useCacheForAllThreads is true that may cause Netty to create a lot garbage objects and, as a result, trigger GC.
	It is recommended to disable useCacheForAllThreads by setting -Dorg.apache.ratis.thirdparty.io.netty.allocator.useCacheForAllThreads=false in command line.
2019-09-25 12:53:18,224 [Thread-806] INFO  grpc.GrpcConfigKeys$Server (ConfUtils.java:logGet(43)) - raft.grpc.server.port = 0 (default)
2019-09-25 12:53:18,224 [Thread-806] INFO  server.GrpcService (ConfUtils.java:logGet(43)) - raft.grpc.message.size.max = 33570816 (custom)
2019-09-25 12:53:18,225 [Thread-806] INFO  server.RaftServerConfigKeys (ConfUtils.java:logGet(43)) - raft.server.log.appender.buffer.byte-limit = 33554432 (custom)
2019-09-25 12:53:18,225 [Thread-806] INFO  server.GrpcService (ConfUtils.java:logGet(43)) - raft.grpc.flow.control.window = 1MB (=1048576) (default)
2019-09-25 12:53:18,225 [Thread-806] INFO  server.RaftServerConfigKeys (ConfUtils.java:logGet(43)) - raft.server.rpc.request.timeout = 3000ms (default)
2019-09-25 12:53:18,225 [Thread-806] INFO  server.RaftServerConfigKeys (ConfUtils.java:logGet(43)) - raft.server.storage.dir = [/workdir/hadoop-ozone/ozonefs/target/test-dir/MiniOzoneClusterImpl-24d85c3a-9c2e-4ba2-880b-df25a410d0c9/datanode-2/data/ratis] (custom)
2019-09-25 12:53:18,227 [Thread-806] INFO  hdfs.DFSUtil (DFSUtil.java:httpServerTemplateForNNAndJN(1641)) - Starting Web-server for hddsDatanode at: http://0.0.0.0:0
2019-09-25 12:53:18,228 [Thread-806] INFO  server.AuthenticationFilter (AuthenticationFilter.java:constructSecretProvider(240)) - Unable to initialize FileSignerSecretProvider, falling back to use random secrets.
2019-09-25 12:53:18,229 [Thread-806] WARN  http.HttpRequestLog (HttpRequestLog.java:getRequestLog(97)) - Jetty request log can only be enabled using Log4j
2019-09-25 12:53:18,230 [Thread-806] INFO  http.HttpServer2 (HttpServer2.java:addGlobalFilter(975)) - Added global filter 'safety' (class=org.apache.hadoop.http.HttpServer2$QuotingInputFilter)
2019-09-25 12:53:18,230 [Thread-806] INFO  http.HttpServer2 (HttpServer2.java:addFilter(948)) - Added filter static_user_filter (class=org.apache.hadoop.http.lib.StaticUserWebFilter$StaticUserFilter) to context hddsDatanode
2019-09-25 12:53:18,231 [Thread-806] INFO  http.HttpServer2 (HttpServer2.java:addFilter(958)) - Added filter static_user_filter (class=org.apache.hadoop.http.lib.StaticUserWebFilter$StaticUserFilter) to context logs
2019-09-25 12:53:18,231 [Thread-806] INFO  http.HttpServer2 (HttpServer2.java:addFilter(958)) - Added filter static_user_filter (class=org.apache.hadoop.http.lib.StaticUserWebFilter$StaticUserFilter) to context static
2019-09-25 12:53:18,231 [Thread-806] INFO  http.HttpServer2 (HttpServer2.java:bindListener(1191)) - Jetty bound to port 37756
2019-09-25 12:53:18,231 [Thread-806] INFO  server.Server (Server.java:doStart(351)) - jetty-9.3.25.v20180904, build timestamp: 2018-09-04T21:11:46Z, git hash: 3ce520221d0240229c862b122d2b06c12a625732
2019-09-25 12:53:18,233 [Thread-806] INFO  handler.ContextHandler (ContextHandler.java:doStart(781)) - Started o.e.j.s.ServletContextHandler@49b6bc37{/logs,file:///workdir/hadoop-ozone/ozonefs/target/log,AVAILABLE}
2019-09-25 12:53:18,233 [Thread-806] INFO  handler.ContextHandler (ContextHandler.java:doStart(781)) - Started o.e.j.s.ServletContextHandler@747749ec{/static,jar:file:/home/user/.m2/repository/org/apache/hadoop/hadoop-hdds-container-service/0.5.0-SNAPSHOT/hadoop-hdds-container-service-0.5.0-SNAPSHOT.jar!/webapps/static,AVAILABLE}
2019-09-25 12:53:18,260 [Thread-806] INFO  handler.ContextHandler (ContextHandler.java:doStart(781)) - Started o.e.j.w.WebAppContext@3caa1e89{/,file:///tmp/jetty-0.0.0.0-37756-hddsDatanode-_-any-8500386764152296569.dir/webapp/,AVAILABLE}{/hddsDatanode}
2019-09-25 12:53:18,260 [Thread-806] INFO  server.AbstractConnector (AbstractConnector.java:doStart(278)) - Started ServerConnector@73033ba{HTTP/1.1,[http/1.1]}{0.0.0.0:37756}
2019-09-25 12:53:18,262 [Thread-806] INFO  server.Server (Server.java:doStart(419)) - Started @59870ms
2019-09-25 12:53:18,262 [Thread-806] WARN  impl.MetricsSystemImpl (MetricsSystemImpl.java:register(276)) - Sink prometheus already exists!
2019-09-25 12:53:18,262 [Thread-806] INFO  server.BaseHttpServer (BaseHttpServer.java:updateConnectorAddress(215)) - HTTP server of HDDSDATANODE is listening at http://0.0.0.0:37756
2019-09-25 12:53:18,263 [Thread-806] INFO  ozone.MiniOzoneClusterImpl (MiniOzoneClusterImpl.java:lambda$waitForClusterToBeReady$0(147)) - Waiting for cluster to be ready. Got 0 of 3 DN Heartbeats.
2019-09-25 12:53:18,264 [org.apache.hadoop.util.JvmPauseMonitor$Monitor@29f7b61c] INFO  util.JvmPauseMonitor (JvmPauseMonitor.java:run(188)) - Starting JVM pause monitor
2019-09-25 12:53:18,266 [Datanode State Machine Thread - 0] INFO  datanode.InitDatanodeState (InitDatanodeState.java:persistContainerDatanodeDetails(140)) - DatanodeDetails is persisted to /workdir/hadoop-ozone/ozonefs/target/test-dir/MiniOzoneClusterImpl-24d85c3a-9c2e-4ba2-880b-df25a410d0c9/datanode-2/meta/datanode.id
2019-09-25 12:53:19,263 [Thread-806] INFO  ozone.MiniOzoneClusterImpl (MiniOzoneClusterImpl.java:lambda$waitForClusterToBeReady$0(147)) - Waiting for cluster to be ready. Got 0 of 3 DN Heartbeats.
2019-09-25 12:53:20,168 [Datanode State Machine Thread - 0] INFO  ozoneimpl.OzoneContainer (OzoneContainer.java:start(217)) - Attempting to start container services.
2019-09-25 12:53:20,168 [Datanode State Machine Thread - 0] INFO  ozoneimpl.OzoneContainer (OzoneContainer.java:startContainerScrub(179)) - Background container scanner has been disabled.
2019-09-25 12:53:20,168 [Datanode State Machine Thread - 0] INFO  ratis.XceiverServerRatis (XceiverServerRatis.java:start(411)) - Starting XceiverServerRatis 6759285c-27b5-468f-9e9e-f01eeaaacb7e at port 0
2019-09-25 12:53:20,174 [Datanode State Machine Thread - 0] INFO  impl.RaftServerProxy (RaftServerProxy.java:lambda$start$3(299)) - 6759285c-27b5-468f-9e9e-f01eeaaacb7e: start RPC server
2019-09-25 12:53:20,177 [Datanode State Machine Thread - 0] INFO  server.GrpcService (GrpcService.java:startImpl(158)) - 6759285c-27b5-468f-9e9e-f01eeaaacb7e: GrpcService started, listening on 0.0.0.0/0.0.0.0:37340
2019-09-25 12:53:20,177 [Datanode State Machine Thread - 0] INFO  ratis.XceiverServerRatis (XceiverServerRatis.java:start(421)) - XceiverServerRatis 6759285c-27b5-468f-9e9e-f01eeaaacb7e is started using port 37340
2019-09-25 12:53:20,184 [Datanode State Machine Thread - 0] INFO  server.XceiverServerGrpc (XceiverServerGrpc.java:start(149)) - XceiverServerGrpc 6759285c-27b5-468f-9e9e-f01eeaaacb7e is started using port 36030
2019-09-25 12:53:20,228 [Datanode State Machine Thread - 0] INFO  ozoneimpl.OzoneContainer (OzoneContainer.java:start(217)) - Attempting to start container services.
2019-09-25 12:53:20,228 [Datanode State Machine Thread - 0] INFO  ozoneimpl.OzoneContainer (OzoneContainer.java:startContainerScrub(179)) - Background container scanner has been disabled.
2019-09-25 12:53:20,228 [Datanode State Machine Thread - 0] INFO  ratis.XceiverServerRatis (XceiverServerRatis.java:start(411)) - Starting XceiverServerRatis f4c0c517-7090-4318-a980-be101d2dbd1a at port 0
2019-09-25 12:53:20,234 [Datanode State Machine Thread - 0] INFO  impl.RaftServerProxy (RaftServerProxy.java:lambda$start$3(299)) - f4c0c517-7090-4318-a980-be101d2dbd1a: start RPC server
2019-09-25 12:53:20,235 [Datanode State Machine Thread - 0] INFO  server.GrpcService (GrpcService.java:startImpl(158)) - f4c0c517-7090-4318-a980-be101d2dbd1a: GrpcService started, listening on 0.0.0.0/0.0.0.0:33580
2019-09-25 12:53:20,235 [Datanode State Machine Thread - 0] INFO  ratis.XceiverServerRatis (XceiverServerRatis.java:start(421)) - XceiverServerRatis f4c0c517-7090-4318-a980-be101d2dbd1a is started using port 33580
2019-09-25 12:53:20,236 [Datanode State Machine Thread - 0] INFO  server.XceiverServerGrpc (XceiverServerGrpc.java:start(149)) - XceiverServerGrpc f4c0c517-7090-4318-a980-be101d2dbd1a is started using port 46793
2019-09-25 12:53:20,264 [Thread-806] INFO  ozone.MiniOzoneClusterImpl (MiniOzoneClusterImpl.java:lambda$waitForClusterToBeReady$0(147)) - Waiting for cluster to be ready. Got 0 of 3 DN Heartbeats.
2019-09-25 12:53:20,282 [Datanode State Machine Thread - 0] INFO  ozoneimpl.OzoneContainer (OzoneContainer.java:start(217)) - Attempting to start container services.
2019-09-25 12:53:20,283 [Datanode State Machine Thread - 0] INFO  ozoneimpl.OzoneContainer (OzoneContainer.java:startContainerScrub(179)) - Background container scanner has been disabled.
2019-09-25 12:53:20,283 [Datanode State Machine Thread - 0] INFO  ratis.XceiverServerRatis (XceiverServerRatis.java:start(411)) - Starting XceiverServerRatis 86fe042a-2702-420c-b672-b4ed3f9dd429 at port 0
2019-09-25 12:53:20,290 [Datanode State Machine Thread - 0] INFO  impl.RaftServerProxy (RaftServerProxy.java:lambda$start$3(299)) - 86fe042a-2702-420c-b672-b4ed3f9dd429: start RPC server
2019-09-25 12:53:20,292 [Datanode State Machine Thread - 0] INFO  server.GrpcService (GrpcService.java:startImpl(158)) - 86fe042a-2702-420c-b672-b4ed3f9dd429: GrpcService started, listening on 0.0.0.0/0.0.0.0:40740
2019-09-25 12:53:20,292 [Datanode State Machine Thread - 0] INFO  ratis.XceiverServerRatis (XceiverServerRatis.java:start(421)) - XceiverServerRatis 86fe042a-2702-420c-b672-b4ed3f9dd429 is started using port 40740
2019-09-25 12:53:20,293 [Datanode State Machine Thread - 0] INFO  server.XceiverServerGrpc (XceiverServerGrpc.java:start(149)) - XceiverServerGrpc 86fe042a-2702-420c-b672-b4ed3f9dd429 is started using port 36023
2019-09-25 12:53:21,266 [Thread-806] INFO  ozone.MiniOzoneClusterImpl (MiniOzoneClusterImpl.java:lambda$waitForClusterToBeReady$0(147)) - Waiting for cluster to be ready. Got 0 of 3 DN Heartbeats.
2019-09-25 12:53:22,142 [IPC Server handler 2 on 40430] INFO  net.NetworkTopology (NetworkTopologyImpl.java:add(111)) - Added a new node: /default-rack/6759285c-27b5-468f-9e9e-f01eeaaacb7e
2019-09-25 12:53:22,144 [IPC Server handler 2 on 40430] INFO  node.SCMNodeManager (SCMNodeManager.java:register(266)) - Registered Data node : 6759285c-27b5-468f-9e9e-f01eeaaacb7e{ip: 192.168.151.73, host: pr-hdds-1569-shd4m-3693607622, networkLocation: /default-rack, certSerialId: null}
2019-09-25 12:53:22,145 [EventQueue-NodeRegistrationContainerReportForDataNodeSafeModeRule] INFO  safemode.SCMSafeModeManager (DataNodeSafeModeRule.java:process(71)) - SCM in safe mode. 1 DataNodes registered, 1 required.
2019-09-25 12:53:22,148 [EventQueue-NodeRegistrationContainerReportForContainerSafeModeRule] INFO  safemode.SCMSafeModeManager (SCMSafeModeManager.java:validateSafeModeExitRules(177)) - ScmSafeModeManager, all rules are successfully validated
2019-09-25 12:53:22,148 [EventQueue-NodeRegistrationContainerReportForContainerSafeModeRule] INFO  safemode.SCMSafeModeManager (SCMSafeModeManager.java:exitSafeMode(193)) - SCM exiting safe mode.
2019-09-25 12:53:22,168 [grpc-default-executor-0] INFO  impl.RaftServerProxy (RaftServerProxy.java:addNew(89)) - 6759285c-27b5-468f-9e9e-f01eeaaacb7e: addNew group-2D02C6F43ECC:[6759285c-27b5-468f-9e9e-f01eeaaacb7e:192.168.151.73:37340] returns group-2D02C6F43ECC:java.util.concurrent.CompletableFuture@34d78293[Not completed]
2019-09-25 12:53:22,170 [pool-177-thread-1] INFO  impl.RaftServerImpl (RaftServerImpl.java:<init>(95)) - 6759285c-27b5-468f-9e9e-f01eeaaacb7e: new RaftServerImpl for group-2D02C6F43ECC:[6759285c-27b5-468f-9e9e-f01eeaaacb7e:192.168.151.73:37340] with ContainerStateMachine:uninitialized
2019-09-25 12:53:22,171 [pool-177-thread-1] INFO  server.RaftServerConfigKeys (ConfUtils.java:logGet(43)) - raft.server.rpc.timeout.min = 5s (custom)
2019-09-25 12:53:22,171 [pool-177-thread-1] INFO  server.RaftServerConfigKeys (ConfUtils.java:logGet(43)) - raft.server.rpc.timeout.max = 5200ms (custom)
2019-09-25 12:53:22,171 [pool-177-thread-1] INFO  server.RaftServerConfigKeys (ConfUtils.java:logGet(43)) - raft.server.rpcslowness.timeout = 120s (custom)
2019-09-25 12:53:22,171 [pool-177-thread-1] INFO  server.RaftServerConfigKeys (ConfUtils.java:logGet(43)) - raft.server.sleep.deviation.threshold = 300 (default)
2019-09-25 12:53:22,172 [pool-177-thread-1] INFO  server.RaftServerConfigKeys (ConfUtils.java:logGet(43)) - raft.server.log.appender.install.snapshot.enabled = false (custom)
2019-09-25 12:53:22,172 [pool-177-thread-1] INFO  impl.RaftServerImpl (ServerState.java:<init>(103)) - 6759285c-27b5-468f-9e9e-f01eeaaacb7e@group-2D02C6F43ECC: ConfigurationManager, init=-1: [6759285c-27b5-468f-9e9e-f01eeaaacb7e:192.168.151.73:37340], old=null, confs=<EMPTY_MAP>
2019-09-25 12:53:22,172 [pool-177-thread-1] INFO  server.RaftServerConfigKeys (ConfUtils.java:logGet(43)) - raft.server.storage.dir = [/workdir/hadoop-ozone/ozonefs/target/test-dir/MiniOzoneClusterImpl-24d85c3a-9c2e-4ba2-880b-df25a410d0c9/datanode-0/data/ratis] (custom)
2019-09-25 12:53:22,173 [pool-177-thread-1] INFO  storage.RaftStorageDirectory (RaftStorageDirectory.java:analyzeStorage(246)) - The storage directory /workdir/hadoop-ozone/ozonefs/target/test-dir/MiniOzoneClusterImpl-24d85c3a-9c2e-4ba2-880b-df25a410d0c9/datanode-0/data/ratis/20970c6d-0f69-4685-bb87-2d02c6f43ecc does not exist. Creating ...
2019-09-25 12:53:22,199 [pool-177-thread-1] INFO  storage.RaftStorageDirectory (RaftStorageDirectory.java:tryLock(328)) - Lock on /workdir/hadoop-ozone/ozonefs/target/test-dir/MiniOzoneClusterImpl-24d85c3a-9c2e-4ba2-880b-df25a410d0c9/datanode-0/data/ratis/20970c6d-0f69-4685-bb87-2d02c6f43ecc/in_use.lock acquired by nodename 3512@pr-hdds-1569-shd4m-3693607622
2019-09-25 12:53:22,201 [IPC Server handler 4 on 40430] INFO  net.NetworkTopology (NetworkTopologyImpl.java:add(111)) - Added a new node: /default-rack/f4c0c517-7090-4318-a980-be101d2dbd1a
2019-09-25 12:53:22,202 [IPC Server handler 4 on 40430] INFO  node.SCMNodeManager (SCMNodeManager.java:register(266)) - Registered Data node : f4c0c517-7090-4318-a980-be101d2dbd1a{ip: 192.168.151.73, host: pr-hdds-1569-shd4m-3693607622, networkLocation: /default-rack, certSerialId: null}
2019-09-25 12:53:22,212 [pool-177-thread-1] INFO  storage.RaftStorage (RaftStorage.java:format(72)) - Storage directory /workdir/hadoop-ozone/ozonefs/target/test-dir/MiniOzoneClusterImpl-24d85c3a-9c2e-4ba2-880b-df25a410d0c9/datanode-0/data/ratis/20970c6d-0f69-4685-bb87-2d02c6f43ecc has been successfully formatted.
2019-09-25 12:53:22,212 [pool-177-thread-1] INFO  ratis.ContainerStateMachine (ContainerStateMachine.java:loadSnapshot(230)) - group-2D02C6F43ECC: The snapshot info is null. Setting the last applied indexto:(t:0, i:~)
2019-09-25 12:53:22,212 [pool-177-thread-1] INFO  server.RaftServerConfigKeys (ConfUtils.java:logGet(43)) - raft.server.notification.no-leader.timeout = 120s (custom)
2019-09-25 12:53:22,213 [pool-177-thread-1] INFO  server.RaftServerConfigKeys (ConfUtils.java:logGet(43)) - raft.server.log.use.memory = false (default)
2019-09-25 12:53:22,213 [pool-177-thread-1] INFO  server.RaftServerConfigKeys (ConfUtils.java:logGet(43)) - raft.server.log.purge.gap = 1000000 (custom)
2019-09-25 12:53:22,213 [pool-177-thread-1] INFO  server.RaftServerConfigKeys (ConfUtils.java:logGet(43)) - raft.server.log.appender.buffer.byte-limit = 33554432 (custom)
2019-09-25 12:53:22,213 [pool-177-thread-1] INFO  server.RaftServerConfigKeys (ConfUtils.java:logGet(43)) - raft.server.log.segment.size.max = 1048576 (custom)
2019-09-25 12:53:22,213 [pool-177-thread-1] INFO  server.RaftServerConfigKeys (ConfUtils.java:logGet(43)) - raft.server.log.segment.cache.num.max = 2 (custom)
2019-09-25 12:53:22,214 [pool-177-thread-1] INFO  segmented.SegmentedRaftLogWorker (SegmentedRaftLogWorker.java:<init>(172)) - new 6759285c-27b5-468f-9e9e-f01eeaaacb7e@group-2D02C6F43ECC-SegmentedRaftLogWorker for RaftStorage:Storage Directory /workdir/hadoop-ozone/ozonefs/target/test-dir/MiniOzoneClusterImpl-24d85c3a-9c2e-4ba2-880b-df25a410d0c9/datanode-0/data/ratis/20970c6d-0f69-4685-bb87-2d02c6f43ecc
2019-09-25 12:53:22,216 [pool-177-thread-1] INFO  server.RaftServerConfigKeys (ConfUtils.java:logGet(43)) - raft.server.log.queue.byte-limit = 2147483647 (custom)
2019-09-25 12:53:22,216 [pool-177-thread-1] INFO  server.RaftServerConfigKeys (ConfUtils.java:logGet(43)) - raft.server.log.queue.element-limit = 1024 (custom)
2019-09-25 12:53:22,216 [pool-177-thread-1] INFO  server.RaftServerConfigKeys (ConfUtils.java:logGet(43)) - raft.server.log.segment.size.max = 1048576 (custom)
2019-09-25 12:53:22,216 [pool-177-thread-1] INFO  server.RaftServerConfigKeys (ConfUtils.java:logGet(43)) - raft.server.log.preallocated.size = 16384 (custom)
2019-09-25 12:53:22,216 [pool-177-thread-1] INFO  server.RaftServerConfigKeys (ConfUtils.java:logGet(43)) - raft.server.log.write.buffer.size = 33554432 (custom)
2019-09-25 12:53:22,217 [pool-177-thread-1] INFO  server.RaftServerConfigKeys (ConfUtils.java:logGet(43)) - raft.server.log.force.sync.num = 128 (default)
2019-09-25 12:53:22,217 [pool-177-thread-1] INFO  server.RaftServerConfigKeys (ConfUtils.java:logGet(43)) - raft.server.log.statemachine.data.sync = true (default)
2019-09-25 12:53:22,217 [pool-177-thread-1] INFO  server.RaftServerConfigKeys (ConfUtils.java:logGet(43)) - raft.server.log.statemachine.data.sync.timeout = 10s (default)
2019-09-25 12:53:22,217 [pool-177-thread-1] INFO  server.RaftServerConfigKeys (ConfUtils.java:logGet(43)) - raft.server.log.statemachine.data.sync.timeout.retry = -1 (default)
2019-09-25 12:53:22,217 [pool-177-thread-1] INFO  server.RaftServerConfigKeys (ConfUtils.java:logGet(43)) - raft.server.log.statemachine.data.caching.enabled = true (custom)
2019-09-25 12:53:22,218 [pool-177-thread-1] INFO  segmented.SegmentedRaftLogWorker (SegmentedRaftLogWorker.java:lambda$new$0(132)) - 6759285c-27b5-468f-9e9e-f01eeaaacb7e@group-2D02C6F43ECC-SegmentedRaftLogWorker: flushIndex: setUnconditionally 0 -> -1
2019-09-25 12:53:22,218 [pool-177-thread-1] INFO  server.RaftServerConfigKeys (ConfUtils.java:logGet(43)) - raft.server.snapshot.auto.trigger.enabled = true (custom)
2019-09-25 12:53:22,218 [pool-177-thread-1] INFO  server.RaftServerConfigKeys (ConfUtils.java:logGet(43)) - raft.server.snapshot.auto.trigger.threshold = 10000 (custom)
2019-09-25 12:53:22,218 [pool-177-thread-1] INFO  server.RaftServerConfigKeys (ConfUtils.java:logGet(43)) - raft.server.snapshot.retention.num.files = 5 (custom)
2019-09-25 12:53:22,219 [pool-177-thread-1] INFO  server.RaftServerConfigKeys (ConfUtils.java:logGet(43)) - raft.server.retrycache.expirytime = 600000ms (custom)
2019-09-25 12:53:22,221 [pool-177-thread-1] INFO  impl.RaftServerImpl (RaftServerImpl.java:start(185)) - 6759285c-27b5-468f-9e9e-f01eeaaacb7e@group-2D02C6F43ECC: start as a follower, conf=-1: [6759285c-27b5-468f-9e9e-f01eeaaacb7e:192.168.151.73:37340], old=null
2019-09-25 12:53:22,221 [pool-177-thread-1] INFO  impl.RaftServerImpl (RaftServerImpl.java:setRole(174)) - 6759285c-27b5-468f-9e9e-f01eeaaacb7e@group-2D02C6F43ECC: changes role from      null to FOLLOWER at term 0 for startAsFollower
2019-09-25 12:53:22,221 [pool-177-thread-1] INFO  impl.RoleInfo (RoleInfo.java:updateAndGet(143)) - 6759285c-27b5-468f-9e9e-f01eeaaacb7e: start FollowerState
2019-09-25 12:53:22,221 [pool-177-thread-1] INFO  util.JmxRegister (JmxRegister.java:tryRegister(44)) - Successfully registered JMX Bean with object name Ratis:service=RaftServer,group=group-2D02C6F43ECC,id=6759285c-27b5-468f-9e9e-f01eeaaacb7e
2019-09-25 12:53:22,242 [RatisPipelineUtilsThread] INFO  pipeline.PipelineStateManager (PipelineStateManager.java:addPipeline(56)) - Created pipeline Pipeline[ Id: 20970c6d-0f69-4685-bb87-2d02c6f43ecc, Nodes: 6759285c-27b5-468f-9e9e-f01eeaaacb7e{ip: 192.168.151.73, host: pr-hdds-1569-shd4m-3693607622, networkLocation: /default-rack, certSerialId: null}, Type:RATIS, Factor:ONE, State:OPEN]
2019-09-25 12:53:22,249 [grpc-default-executor-0] INFO  impl.RaftServerProxy (RaftServerProxy.java:addNew(89)) - 6759285c-27b5-468f-9e9e-f01eeaaacb7e: addNew group-38F185EFCBB5:[6759285c-27b5-468f-9e9e-f01eeaaacb7e:192.168.151.73:37340] returns group-38F185EFCBB5:java.util.concurrent.CompletableFuture@5a916d1[Not completed]
2019-09-25 12:53:22,250 [pool-177-thread-1] INFO  impl.RaftServerImpl (RaftServerImpl.java:<init>(95)) - 6759285c-27b5-468f-9e9e-f01eeaaacb7e: new RaftServerImpl for group-38F185EFCBB5:[6759285c-27b5-468f-9e9e-f01eeaaacb7e:192.168.151.73:37340] with ContainerStateMachine:uninitialized
2019-09-25 12:53:22,250 [pool-177-thread-1] INFO  server.RaftServerConfigKeys (ConfUtils.java:logGet(43)) - raft.server.rpc.timeout.min = 5s (custom)
2019-09-25 12:53:22,250 [pool-177-thread-1] INFO  server.RaftServerConfigKeys (ConfUtils.java:logGet(43)) - raft.server.rpc.timeout.max = 5200ms (custom)
2019-09-25 12:53:22,250 [pool-177-thread-1] INFO  server.RaftServerConfigKeys (ConfUtils.java:logGet(43)) - raft.server.rpcslowness.timeout = 120s (custom)
2019-09-25 12:53:22,250 [pool-177-thread-1] INFO  server.RaftServerConfigKeys (ConfUtils.java:logGet(43)) - raft.server.sleep.deviation.threshold = 300 (default)
2019-09-25 12:53:22,250 [pool-177-thread-1] INFO  server.RaftServerConfigKeys (ConfUtils.java:logGet(43)) - raft.server.log.appender.install.snapshot.enabled = false (custom)
2019-09-25 12:53:22,250 [pool-177-thread-1] INFO  impl.RaftServerImpl (ServerState.java:<init>(103)) - 6759285c-27b5-468f-9e9e-f01eeaaacb7e@group-38F185EFCBB5: ConfigurationManager, init=-1: [6759285c-27b5-468f-9e9e-f01eeaaacb7e:192.168.151.73:37340], old=null, confs=<EMPTY_MAP>
2019-09-25 12:53:22,251 [pool-177-thread-1] INFO  server.RaftServerConfigKeys (ConfUtils.java:logGet(43)) - raft.server.storage.dir = [/workdir/hadoop-ozone/ozonefs/target/test-dir/MiniOzoneClusterImpl-24d85c3a-9c2e-4ba2-880b-df25a410d0c9/datanode-0/data/ratis] (custom)
2019-09-25 12:53:22,251 [pool-177-thread-1] INFO  storage.RaftStorageDirectory (RaftStorageDirectory.java:analyzeStorage(246)) - The storage directory /workdir/hadoop-ozone/ozonefs/target/test-dir/MiniOzoneClusterImpl-24d85c3a-9c2e-4ba2-880b-df25a410d0c9/datanode-0/data/ratis/57e3624b-22ff-4ee6-8fc6-38f185efcbb5 does not exist. Creating ...
2019-09-25 12:53:22,265 [IPC Server handler 0 on 40430] INFO  net.NetworkTopology (NetworkTopologyImpl.java:add(111)) - Added a new node: /default-rack/86fe042a-2702-420c-b672-b4ed3f9dd429
2019-09-25 12:53:22,265 [IPC Server handler 0 on 40430] INFO  node.SCMNodeManager (SCMNodeManager.java:register(266)) - Registered Data node : 86fe042a-2702-420c-b672-b4ed3f9dd429{ip: 192.168.151.73, host: pr-hdds-1569-shd4m-3693607622, networkLocation: /default-rack, certSerialId: null}
2019-09-25 12:53:22,267 [Thread-806] INFO  ozone.MiniOzoneClusterImpl (MiniOzoneClusterImpl.java:lambda$waitForClusterToBeReady$0(147)) - Cluster is ready. Got 3 of 3 DN Heartbeats.
2019-09-25 12:53:22,276 [pool-177-thread-1] INFO  storage.RaftStorageDirectory (RaftStorageDirectory.java:tryLock(328)) - Lock on /workdir/hadoop-ozone/ozonefs/target/test-dir/MiniOzoneClusterImpl-24d85c3a-9c2e-4ba2-880b-df25a410d0c9/datanode-0/data/ratis/57e3624b-22ff-4ee6-8fc6-38f185efcbb5/in_use.lock acquired by nodename 3512@pr-hdds-1569-shd4m-3693607622
2019-09-25 12:53:22,289 [pool-177-thread-1] INFO  storage.RaftStorage (RaftStorage.java:format(72)) - Storage directory /workdir/hadoop-ozone/ozonefs/target/test-dir/MiniOzoneClusterImpl-24d85c3a-9c2e-4ba2-880b-df25a410d0c9/datanode-0/data/ratis/57e3624b-22ff-4ee6-8fc6-38f185efcbb5 has been successfully formatted.
2019-09-25 12:53:22,289 [pool-177-thread-1] INFO  ratis.ContainerStateMachine (ContainerStateMachine.java:loadSnapshot(230)) - group-38F185EFCBB5: The snapshot info is null. Setting the last applied indexto:(t:0, i:~)
2019-09-25 12:53:22,290 [pool-177-thread-1] INFO  server.RaftServerConfigKeys (ConfUtils.java:logGet(43)) - raft.server.notification.no-leader.timeout = 120s (custom)
2019-09-25 12:53:22,290 [pool-177-thread-1] INFO  server.RaftServerConfigKeys (ConfUtils.java:logGet(43)) - raft.server.log.use.memory = false (default)
2019-09-25 12:53:22,290 [pool-177-thread-1] INFO  server.RaftServerConfigKeys (ConfUtils.java:logGet(43)) - raft.server.log.purge.gap = 1000000 (custom)
2019-09-25 12:53:22,290 [pool-177-thread-1] INFO  server.RaftServerConfigKeys (ConfUtils.java:logGet(43)) - raft.server.log.appender.buffer.byte-limit = 33554432 (custom)
2019-09-25 12:53:22,290 [pool-177-thread-1] INFO  server.RaftServerConfigKeys (ConfUtils.java:logGet(43)) - raft.server.log.segment.size.max = 1048576 (custom)
2019-09-25 12:53:22,290 [pool-177-thread-1] INFO  server.RaftServerConfigKeys (ConfUtils.java:logGet(43)) - raft.server.log.segment.cache.num.max = 2 (custom)
2019-09-25 12:53:22,291 [pool-177-thread-1] INFO  segmented.SegmentedRaftLogWorker (SegmentedRaftLogWorker.java:<init>(172)) - new 6759285c-27b5-468f-9e9e-f01eeaaacb7e@group-38F185EFCBB5-SegmentedRaftLogWorker for RaftStorage:Storage Directory /workdir/hadoop-ozone/ozonefs/target/test-dir/MiniOzoneClusterImpl-24d85c3a-9c2e-4ba2-880b-df25a410d0c9/datanode-0/data/ratis/57e3624b-22ff-4ee6-8fc6-38f185efcbb5
2019-09-25 12:53:22,291 [pool-177-thread-1] INFO  server.RaftServerConfigKeys (ConfUtils.java:logGet(43)) - raft.server.log.queue.byte-limit = 2147483647 (custom)
2019-09-25 12:53:22,291 [pool-177-thread-1] INFO  server.RaftServerConfigKeys (ConfUtils.java:logGet(43)) - raft.server.log.queue.element-limit = 1024 (custom)
2019-09-25 12:53:22,291 [pool-177-thread-1] INFO  server.RaftServerConfigKeys (ConfUtils.java:logGet(43)) - raft.server.log.segment.size.max = 1048576 (custom)
2019-09-25 12:53:22,291 [pool-177-thread-1] INFO  server.RaftServerConfigKeys (ConfUtils.java:logGet(43)) - raft.server.log.preallocated.size = 16384 (custom)
2019-09-25 12:53:22,292 [pool-177-thread-1] INFO  server.RaftServerConfigKeys (ConfUtils.java:logGet(43)) - raft.server.log.write.buffer.size = 33554432 (custom)
2019-09-25 12:53:22,292 [pool-177-thread-1] INFO  server.RaftServerConfigKeys (ConfUtils.java:logGet(43)) - raft.server.log.force.sync.num = 128 (default)
2019-09-25 12:53:22,292 [pool-177-thread-1] INFO  server.RaftServerConfigKeys (ConfUtils.java:logGet(43)) - raft.server.log.statemachine.data.sync = true (default)
2019-09-25 12:53:22,294 [pool-177-thread-1] INFO  server.RaftServerConfigKeys (ConfUtils.java:logGet(43)) - raft.server.log.statemachine.data.sync.timeout = 10s (default)
2019-09-25 12:53:22,294 [pool-177-thread-1] INFO  server.RaftServerConfigKeys (ConfUtils.java:logGet(43)) - raft.server.log.statemachine.data.sync.timeout.retry = -1 (default)
2019-09-25 12:53:22,294 [pool-177-thread-1] INFO  server.RaftServerConfigKeys (ConfUtils.java:logGet(43)) - raft.server.log.statemachine.data.caching.enabled = true (custom)
2019-09-25 12:53:22,294 [pool-177-thread-1] INFO  segmented.SegmentedRaftLogWorker (SegmentedRaftLogWorker.java:lambda$new$0(132)) - 6759285c-27b5-468f-9e9e-f01eeaaacb7e@group-38F185EFCBB5-SegmentedRaftLogWorker: flushIndex: setUnconditionally 0 -> -1
2019-09-25 12:53:22,295 [pool-177-thread-1] INFO  server.RaftServerConfigKeys (ConfUtils.java:logGet(43)) - raft.server.snapshot.auto.trigger.enabled = true (custom)
2019-09-25 12:53:22,295 [pool-177-thread-1] INFO  server.RaftServerConfigKeys (ConfUtils.java:logGet(43)) - raft.server.snapshot.auto.trigger.threshold = 10000 (custom)
2019-09-25 12:53:22,295 [pool-177-thread-1] INFO  server.RaftServerConfigKeys (ConfUtils.java:logGet(43)) - raft.server.snapshot.retention.num.files = 5 (custom)
2019-09-25 12:53:22,296 [pool-177-thread-1] INFO  server.RaftServerConfigKeys (ConfUtils.java:logGet(43)) - raft.server.retrycache.expirytime = 600000ms (custom)
2019-09-25 12:53:22,298 [pool-177-thread-1] INFO  impl.RaftServerImpl (RaftServerImpl.java:start(185)) - 6759285c-27b5-468f-9e9e-f01eeaaacb7e@group-38F185EFCBB5: start as a follower, conf=-1: [6759285c-27b5-468f-9e9e-f01eeaaacb7e:192.168.151.73:37340], old=null
2019-09-25 12:53:22,298 [pool-177-thread-1] INFO  impl.RaftServerImpl (RaftServerImpl.java:setRole(174)) - 6759285c-27b5-468f-9e9e-f01eeaaacb7e@group-38F185EFCBB5: changes role from      null to FOLLOWER at term 0 for startAsFollower
2019-09-25 12:53:22,298 [pool-177-thread-1] INFO  impl.RoleInfo (RoleInfo.java:updateAndGet(143)) - 6759285c-27b5-468f-9e9e-f01eeaaacb7e: start FollowerState
2019-09-25 12:53:22,299 [pool-177-thread-1] INFO  util.JmxRegister (JmxRegister.java:tryRegister(44)) - Successfully registered JMX Bean with object name Ratis:service=RaftServer,group=group-38F185EFCBB5,id=6759285c-27b5-468f-9e9e-f01eeaaacb7e
2019-09-25 12:53:22,302 [RatisPipelineUtilsThread] INFO  pipeline.PipelineStateManager (PipelineStateManager.java:addPipeline(56)) - Created pipeline Pipeline[ Id: 57e3624b-22ff-4ee6-8fc6-38f185efcbb5, Nodes: 6759285c-27b5-468f-9e9e-f01eeaaacb7e{ip: 192.168.151.73, host: pr-hdds-1569-shd4m-3693607622, networkLocation: /default-rack, certSerialId: null}, Type:RATIS, Factor:ONE, State:OPEN]
2019-09-25 12:53:22,309 [grpc-default-executor-0] INFO  impl.RaftServerProxy (RaftServerProxy.java:addNew(89)) - 6759285c-27b5-468f-9e9e-f01eeaaacb7e: addNew group-F9A0FCA2A3D3:[6759285c-27b5-468f-9e9e-f01eeaaacb7e:192.168.151.73:37340] returns group-F9A0FCA2A3D3:java.util.concurrent.CompletableFuture@54f87ddc[Not completed]
2019-09-25 12:53:22,314 [pool-177-thread-1] INFO  impl.RaftServerImpl (RaftServerImpl.java:<init>(95)) - 6759285c-27b5-468f-9e9e-f01eeaaacb7e: new RaftServerImpl for group-F9A0FCA2A3D3:[6759285c-27b5-468f-9e9e-f01eeaaacb7e:192.168.151.73:37340] with ContainerStateMachine:uninitialized
2019-09-25 12:53:22,314 [pool-177-thread-1] INFO  server.RaftServerConfigKeys (ConfUtils.java:logGet(43)) - raft.server.rpc.timeout.min = 5s (custom)
2019-09-25 12:53:22,314 [pool-177-thread-1] INFO  server.RaftServerConfigKeys (ConfUtils.java:logGet(43)) - raft.server.rpc.timeout.max = 5200ms (custom)
2019-09-25 12:53:22,314 [pool-177-thread-1] INFO  server.RaftServerConfigKeys (ConfUtils.java:logGet(43)) - raft.server.rpcslowness.timeout = 120s (custom)
2019-09-25 12:53:22,315 [pool-177-thread-1] INFO  server.RaftServerConfigKeys (ConfUtils.java:logGet(43)) - raft.server.sleep.deviation.threshold = 300 (default)
2019-09-25 12:53:22,315 [pool-177-thread-1] INFO  server.RaftServerConfigKeys (ConfUtils.java:logGet(43)) - raft.server.log.appender.install.snapshot.enabled = false (custom)
2019-09-25 12:53:22,315 [pool-177-thread-1] INFO  impl.RaftServerImpl (ServerState.java:<init>(103)) - 6759285c-27b5-468f-9e9e-f01eeaaacb7e@group-F9A0FCA2A3D3: ConfigurationManager, init=-1: [6759285c-27b5-468f-9e9e-f01eeaaacb7e:192.168.151.73:37340], old=null, confs=<EMPTY_MAP>
2019-09-25 12:53:22,315 [pool-177-thread-1] INFO  server.RaftServerConfigKeys (ConfUtils.java:logGet(43)) - raft.server.storage.dir = [/workdir/hadoop-ozone/ozonefs/target/test-dir/MiniOzoneClusterImpl-24d85c3a-9c2e-4ba2-880b-df25a410d0c9/datanode-0/data/ratis] (custom)
2019-09-25 12:53:22,315 [pool-177-thread-1] INFO  storage.RaftStorageDirectory (RaftStorageDirectory.java:analyzeStorage(246)) - The storage directory /workdir/hadoop-ozone/ozonefs/target/test-dir/MiniOzoneClusterImpl-24d85c3a-9c2e-4ba2-880b-df25a410d0c9/datanode-0/data/ratis/29c6df19-1fec-4ca9-8b17-f9a0fca2a3d3 does not exist. Creating ...
2019-09-25 12:53:22,318 [Thread-806] INFO  rpc.RpcClient (RpcClient.java:createVolume(276)) - Creating Volume: volume21381, with user54006 as owner.
2019-09-25 12:53:22,321 [IPC Server handler 2 on 42583] INFO  volume.OMVolumeCreateRequest (OMVolumeCreateRequest.java:validateAndUpdateCache(189)) - created volume:volume21381 for user:user54006
2019-09-25 12:53:22,328 [pool-177-thread-1] INFO  storage.RaftStorageDirectory (RaftStorageDirectory.java:tryLock(328)) - Lock on /workdir/hadoop-ozone/ozonefs/target/test-dir/MiniOzoneClusterImpl-24d85c3a-9c2e-4ba2-880b-df25a410d0c9/datanode-0/data/ratis/29c6df19-1fec-4ca9-8b17-f9a0fca2a3d3/in_use.lock acquired by nodename 3512@pr-hdds-1569-shd4m-3693607622
2019-09-25 12:53:22,334 [Thread-806] INFO  rpc.RpcClient (RpcClient.java:createBucket(415)) - Creating Bucket: volume21381/bucket28125, with Versioning false and Storage Type set to DISK and Encryption set to false 
2019-09-25 12:53:22,346 [pool-177-thread-1] INFO  storage.RaftStorage (RaftStorage.java:format(72)) - Storage directory /workdir/hadoop-ozone/ozonefs/target/test-dir/MiniOzoneClusterImpl-24d85c3a-9c2e-4ba2-880b-df25a410d0c9/datanode-0/data/ratis/29c6df19-1fec-4ca9-8b17-f9a0fca2a3d3 has been successfully formatted.
2019-09-25 12:53:22,346 [pool-177-thread-1] INFO  ratis.ContainerStateMachine (ContainerStateMachine.java:loadSnapshot(230)) - group-F9A0FCA2A3D3: The snapshot info is null. Setting the last applied indexto:(t:0, i:~)
2019-09-25 12:53:22,346 [pool-177-thread-1] INFO  server.RaftServerConfigKeys (ConfUtils.java:logGet(43)) - raft.server.notification.no-leader.timeout = 120s (custom)
2019-09-25 12:53:22,346 [pool-177-thread-1] INFO  server.RaftServerConfigKeys (ConfUtils.java:logGet(43)) - raft.server.log.use.memory = false (default)
2019-09-25 12:53:22,346 [pool-177-thread-1] INFO  server.RaftServerConfigKeys (ConfUtils.java:logGet(43)) - raft.server.log.purge.gap = 1000000 (custom)
2019-09-25 12:53:22,347 [pool-177-thread-1] INFO  server.RaftServerConfigKeys (ConfUtils.java:logGet(43)) - raft.server.log.appender.buffer.byte-limit = 33554432 (custom)
2019-09-25 12:53:22,347 [pool-177-thread-1] INFO  server.RaftServerConfigKeys (ConfUtils.java:logGet(43)) - raft.server.log.segment.size.max = 1048576 (custom)
2019-09-25 12:53:22,347 [pool-177-thread-1] INFO  server.RaftServerConfigKeys (ConfUtils.java:logGet(43)) - raft.server.log.segment.cache.num.max = 2 (custom)
2019-09-25 12:53:22,347 [pool-177-thread-1] INFO  segmented.SegmentedRaftLogWorker (SegmentedRaftLogWorker.java:<init>(172)) - new 6759285c-27b5-468f-9e9e-f01eeaaacb7e@group-F9A0FCA2A3D3-SegmentedRaftLogWorker for RaftStorage:Storage Directory /workdir/hadoop-ozone/ozonefs/target/test-dir/MiniOzoneClusterImpl-24d85c3a-9c2e-4ba2-880b-df25a410d0c9/datanode-0/data/ratis/29c6df19-1fec-4ca9-8b17-f9a0fca2a3d3
2019-09-25 12:53:22,347 [pool-177-thread-1] INFO  server.RaftServerConfigKeys (ConfUtils.java:logGet(43)) - raft.server.log.queue.byte-limit = 2147483647 (custom)
2019-09-25 12:53:22,347 [pool-177-thread-1] INFO  server.RaftServerConfigKeys (ConfUtils.java:logGet(43)) - raft.server.log.queue.element-limit = 1024 (custom)
2019-09-25 12:53:22,347 [pool-177-thread-1] INFO  server.RaftServerConfigKeys (ConfUtils.java:logGet(43)) - raft.server.log.segment.size.max = 1048576 (custom)
2019-09-25 12:53:22,348 [pool-177-thread-1] INFO  server.RaftServerConfigKeys (ConfUtils.java:logGet(43)) - raft.server.log.preallocated.size = 16384 (custom)
2019-09-25 12:53:22,348 [pool-177-thread-1] INFO  server.RaftServerConfigKeys (ConfUtils.java:logGet(43)) - raft.server.log.write.buffer.size = 33554432 (custom)
2019-09-25 12:53:22,348 [pool-177-thread-1] INFO  server.RaftServerConfigKeys (ConfUtils.java:logGet(43)) - raft.server.log.force.sync.num = 128 (default)
2019-09-25 12:53:22,348 [pool-177-thread-1] INFO  server.RaftServerConfigKeys (ConfUtils.java:logGet(43)) - raft.server.log.statemachine.data.sync = true (default)
2019-09-25 12:53:22,348 [pool-177-thread-1] INFO  server.RaftServerConfigKeys (ConfUtils.java:logGet(43)) - raft.server.log.statemachine.data.sync.timeout = 10s (default)
2019-09-25 12:53:22,348 [pool-177-thread-1] INFO  server.RaftServerConfigKeys (ConfUtils.java:logGet(43)) - raft.server.log.statemachine.data.sync.timeout.retry = -1 (default)
2019-09-25 12:53:22,348 [pool-177-thread-1] INFO  server.RaftServerConfigKeys (ConfUtils.java:logGet(43)) - raft.server.log.statemachine.data.caching.enabled = true (custom)
2019-09-25 12:53:22,349 [pool-177-thread-1] INFO  segmented.SegmentedRaftLogWorker (SegmentedRaftLogWorker.java:lambda$new$0(132)) - 6759285c-27b5-468f-9e9e-f01eeaaacb7e@group-F9A0FCA2A3D3-SegmentedRaftLogWorker: flushIndex: setUnconditionally 0 -> -1
2019-09-25 12:53:22,349 [pool-177-thread-1] INFO  server.RaftServerConfigKeys (ConfUtils.java:logGet(43)) - raft.server.snapshot.auto.trigger.enabled = true (custom)
2019-09-25 12:53:22,349 [pool-177-thread-1] INFO  server.RaftServerConfigKeys (ConfUtils.java:logGet(43)) - raft.server.snapshot.auto.trigger.threshold = 10000 (custom)
2019-09-25 12:53:22,349 [pool-177-thread-1] INFO  server.RaftServerConfigKeys (ConfUtils.java:logGet(43)) - raft.server.snapshot.retention.num.files = 5 (custom)
2019-09-25 12:53:22,349 [pool-177-thread-1] INFO  server.RaftServerConfigKeys (ConfUtils.java:logGet(43)) - raft.server.retrycache.expirytime = 600000ms (custom)
2019-09-25 12:53:22,352 [pool-177-thread-1] INFO  impl.RaftServerImpl (RaftServerImpl.java:start(185)) - 6759285c-27b5-468f-9e9e-f01eeaaacb7e@group-F9A0FCA2A3D3: start as a follower, conf=-1: [6759285c-27b5-468f-9e9e-f01eeaaacb7e:192.168.151.73:37340], old=null
2019-09-25 12:53:22,352 [pool-177-thread-1] INFO  impl.RaftServerImpl (RaftServerImpl.java:setRole(174)) - 6759285c-27b5-468f-9e9e-f01eeaaacb7e@group-F9A0FCA2A3D3: changes role from      null to FOLLOWER at term 0 for startAsFollower
2019-09-25 12:53:22,352 [pool-177-thread-1] INFO  impl.RoleInfo (RoleInfo.java:updateAndGet(143)) - 6759285c-27b5-468f-9e9e-f01eeaaacb7e: start FollowerState
2019-09-25 12:53:22,352 [pool-177-thread-1] INFO  util.JmxRegister (JmxRegister.java:tryRegister(44)) - Successfully registered JMX Bean with object name Ratis:service=RaftServer,group=group-F9A0FCA2A3D3,id=6759285c-27b5-468f-9e9e-f01eeaaacb7e
2019-09-25 12:53:22,356 [RatisPipelineUtilsThread] INFO  pipeline.PipelineStateManager (PipelineStateManager.java:addPipeline(56)) - Created pipeline Pipeline[ Id: 29c6df19-1fec-4ca9-8b17-f9a0fca2a3d3, Nodes: 6759285c-27b5-468f-9e9e-f01eeaaacb7e{ip: 192.168.151.73, host: pr-hdds-1569-shd4m-3693607622, networkLocation: /default-rack, certSerialId: null}, Type:RATIS, Factor:ONE, State:OPEN]
2019-09-25 12:53:22,363 [grpc-default-executor-0] INFO  impl.RaftServerProxy (RaftServerProxy.java:addNew(89)) - 6759285c-27b5-468f-9e9e-f01eeaaacb7e: addNew group-5214106C84D0:[6759285c-27b5-468f-9e9e-f01eeaaacb7e:192.168.151.73:37340] returns group-5214106C84D0:java.util.concurrent.CompletableFuture@6bb2c99[Not completed]
2019-09-25 12:53:22,364 [pool-177-thread-1] INFO  impl.RaftServerImpl (RaftServerImpl.java:<init>(95)) - 6759285c-27b5-468f-9e9e-f01eeaaacb7e: new RaftServerImpl for group-5214106C84D0:[6759285c-27b5-468f-9e9e-f01eeaaacb7e:192.168.151.73:37340] with ContainerStateMachine:uninitialized
2019-09-25 12:53:22,364 [pool-177-thread-1] INFO  server.RaftServerConfigKeys (ConfUtils.java:logGet(43)) - raft.server.rpc.timeout.min = 5s (custom)
2019-09-25 12:53:22,364 [pool-177-thread-1] INFO  server.RaftServerConfigKeys (ConfUtils.java:logGet(43)) - raft.server.rpc.timeout.max = 5200ms (custom)
2019-09-25 12:53:22,365 [pool-177-thread-1] INFO  server.RaftServerConfigKeys (ConfUtils.java:logGet(43)) - raft.server.rpcslowness.timeout = 120s (custom)
2019-09-25 12:53:22,365 [pool-177-thread-1] INFO  server.RaftServerConfigKeys (ConfUtils.java:logGet(43)) - raft.server.sleep.deviation.threshold = 300 (default)
2019-09-25 12:53:22,365 [pool-177-thread-1] INFO  server.RaftServerConfigKeys (ConfUtils.java:logGet(43)) - raft.server.log.appender.install.snapshot.enabled = false (custom)
2019-09-25 12:53:22,365 [pool-177-thread-1] INFO  impl.RaftServerImpl (ServerState.java:<init>(103)) - 6759285c-27b5-468f-9e9e-f01eeaaacb7e@group-5214106C84D0: ConfigurationManager, init=-1: [6759285c-27b5-468f-9e9e-f01eeaaacb7e:192.168.151.73:37340], old=null, confs=<EMPTY_MAP>
2019-09-25 12:53:22,365 [pool-177-thread-1] INFO  server.RaftServerConfigKeys (ConfUtils.java:logGet(43)) - raft.server.storage.dir = [/workdir/hadoop-ozone/ozonefs/target/test-dir/MiniOzoneClusterImpl-24d85c3a-9c2e-4ba2-880b-df25a410d0c9/datanode-0/data/ratis] (custom)
2019-09-25 12:53:22,366 [pool-177-thread-1] INFO  storage.RaftStorageDirectory (RaftStorageDirectory.java:analyzeStorage(246)) - The storage directory /workdir/hadoop-ozone/ozonefs/target/test-dir/MiniOzoneClusterImpl-24d85c3a-9c2e-4ba2-880b-df25a410d0c9/datanode-0/data/ratis/9036d95f-dffb-451a-a0c7-5214106c84d0 does not exist. Creating ...
2019-09-25 12:53:22,378 [pool-177-thread-1] INFO  storage.RaftStorageDirectory (RaftStorageDirectory.java:tryLock(328)) - Lock on /workdir/hadoop-ozone/ozonefs/target/test-dir/MiniOzoneClusterImpl-24d85c3a-9c2e-4ba2-880b-df25a410d0c9/datanode-0/data/ratis/9036d95f-dffb-451a-a0c7-5214106c84d0/in_use.lock acquired by nodename 3512@pr-hdds-1569-shd4m-3693607622
2019-09-25 12:53:22,391 [pool-177-thread-1] INFO  storage.RaftStorage (RaftStorage.java:format(72)) - Storage directory /workdir/hadoop-ozone/ozonefs/target/test-dir/MiniOzoneClusterImpl-24d85c3a-9c2e-4ba2-880b-df25a410d0c9/datanode-0/data/ratis/9036d95f-dffb-451a-a0c7-5214106c84d0 has been successfully formatted.
2019-09-25 12:53:22,391 [pool-177-thread-1] INFO  ratis.ContainerStateMachine (ContainerStateMachine.java:loadSnapshot(230)) - group-5214106C84D0: The snapshot info is null. Setting the last applied indexto:(t:0, i:~)
2019-09-25 12:53:22,392 [pool-177-thread-1] INFO  server.RaftServerConfigKeys (ConfUtils.java:logGet(43)) - raft.server.notification.no-leader.timeout = 120s (custom)
2019-09-25 12:53:22,392 [pool-177-thread-1] INFO  server.RaftServerConfigKeys (ConfUtils.java:logGet(43)) - raft.server.log.use.memory = false (default)
2019-09-25 12:53:22,392 [pool-177-thread-1] INFO  server.RaftServerConfigKeys (ConfUtils.java:logGet(43)) - raft.server.log.purge.gap = 1000000 (custom)
2019-09-25 12:53:22,392 [pool-177-thread-1] INFO  server.RaftServerConfigKeys (ConfUtils.java:logGet(43)) - raft.server.log.appender.buffer.byte-limit = 33554432 (custom)
2019-09-25 12:53:22,392 [pool-177-thread-1] INFO  server.RaftServerConfigKeys (ConfUtils.java:logGet(43)) - raft.server.log.segment.size.max = 1048576 (custom)
2019-09-25 12:53:22,393 [pool-177-thread-1] INFO  server.RaftServerConfigKeys (ConfUtils.java:logGet(43)) - raft.server.log.segment.cache.num.max = 2 (custom)
2019-09-25 12:53:22,393 [pool-177-thread-1] INFO  segmented.SegmentedRaftLogWorker (SegmentedRaftLogWorker.java:<init>(172)) - new 6759285c-27b5-468f-9e9e-f01eeaaacb7e@group-5214106C84D0-SegmentedRaftLogWorker for RaftStorage:Storage Directory /workdir/hadoop-ozone/ozonefs/target/test-dir/MiniOzoneClusterImpl-24d85c3a-9c2e-4ba2-880b-df25a410d0c9/datanode-0/data/ratis/9036d95f-dffb-451a-a0c7-5214106c84d0
2019-09-25 12:53:22,393 [pool-177-thread-1] INFO  server.RaftServerConfigKeys (ConfUtils.java:logGet(43)) - raft.server.log.queue.byte-limit = 2147483647 (custom)
2019-09-25 12:53:22,393 [pool-177-thread-1] INFO  server.RaftServerConfigKeys (ConfUtils.java:logGet(43)) - raft.server.log.queue.element-limit = 1024 (custom)
2019-09-25 12:53:22,393 [pool-177-thread-1] INFO  server.RaftServerConfigKeys (ConfUtils.java:logGet(43)) - raft.server.log.segment.size.max = 1048576 (custom)
2019-09-25 12:53:22,393 [pool-177-thread-1] INFO  server.RaftServerConfigKeys (ConfUtils.java:logGet(43)) - raft.server.log.preallocated.size = 16384 (custom)
2019-09-25 12:53:22,394 [pool-177-thread-1] INFO  server.RaftServerConfigKeys (ConfUtils.java:logGet(43)) - raft.server.log.write.buffer.size = 33554432 (custom)
2019-09-25 12:53:22,394 [pool-177-thread-1] INFO  server.RaftServerConfigKeys (ConfUtils.java:logGet(43)) - raft.server.log.force.sync.num = 128 (default)
2019-09-25 12:53:22,394 [pool-177-thread-1] INFO  server.RaftServerConfigKeys (ConfUtils.java:logGet(43)) - raft.server.log.statemachine.data.sync = true (default)
2019-09-25 12:53:22,394 [pool-177-thread-1] INFO  server.RaftServerConfigKeys (ConfUtils.java:logGet(43)) - raft.server.log.statemachine.data.sync.timeout = 10s (default)
2019-09-25 12:53:22,394 [pool-177-thread-1] INFO  server.RaftServerConfigKeys (ConfUtils.java:logGet(43)) - raft.server.log.statemachine.data.sync.timeout.retry = -1 (default)
2019-09-25 12:53:22,394 [pool-177-thread-1] INFO  server.RaftServerConfigKeys (ConfUtils.java:logGet(43)) - raft.server.log.statemachine.data.caching.enabled = true (custom)
2019-09-25 12:53:22,395 [pool-177-thread-1] INFO  segmented.SegmentedRaftLogWorker (SegmentedRaftLogWorker.java:lambda$new$0(132)) - 6759285c-27b5-468f-9e9e-f01eeaaacb7e@group-5214106C84D0-SegmentedRaftLogWorker: flushIndex: setUnconditionally 0 -> -1
2019-09-25 12:53:22,395 [pool-177-thread-1] INFO  server.RaftServerConfigKeys (ConfUtils.java:logGet(43)) - raft.server.snapshot.auto.trigger.enabled = true (custom)
2019-09-25 12:53:22,395 [pool-177-thread-1] INFO  server.RaftServerConfigKeys (ConfUtils.java:logGet(43)) - raft.server.snapshot.auto.trigger.threshold = 10000 (custom)
2019-09-25 12:53:22,395 [pool-177-thread-1] INFO  server.RaftServerConfigKeys (ConfUtils.java:logGet(43)) - raft.server.snapshot.retention.num.files = 5 (custom)
2019-09-25 12:53:22,396 [pool-177-thread-1] INFO  server.RaftServerConfigKeys (ConfUtils.java:logGet(43)) - raft.server.retrycache.expirytime = 600000ms (custom)
2019-09-25 12:53:22,398 [pool-177-thread-1] INFO  impl.RaftServerImpl (RaftServerImpl.java:start(185)) - 6759285c-27b5-468f-9e9e-f01eeaaacb7e@group-5214106C84D0: start as a follower, conf=-1: [6759285c-27b5-468f-9e9e-f01eeaaacb7e:192.168.151.73:37340], old=null
2019-09-25 12:53:22,398 [pool-177-thread-1] INFO  impl.RaftServerImpl (RaftServerImpl.java:setRole(174)) - 6759285c-27b5-468f-9e9e-f01eeaaacb7e@group-5214106C84D0: changes role from      null to FOLLOWER at term 0 for startAsFollower
2019-09-25 12:53:22,398 [pool-177-thread-1] INFO  impl.RoleInfo (RoleInfo.java:updateAndGet(143)) - 6759285c-27b5-468f-9e9e-f01eeaaacb7e: start FollowerState
2019-09-25 12:53:22,398 [pool-177-thread-1] INFO  util.JmxRegister (JmxRegister.java:tryRegister(44)) - Successfully registered JMX Bean with object name Ratis:service=RaftServer,group=group-5214106C84D0,id=6759285c-27b5-468f-9e9e-f01eeaaacb7e
2019-09-25 12:53:22,402 [RatisPipelineUtilsThread] INFO  pipeline.PipelineStateManager (PipelineStateManager.java:addPipeline(56)) - Created pipeline Pipeline[ Id: 9036d95f-dffb-451a-a0c7-5214106c84d0, Nodes: 6759285c-27b5-468f-9e9e-f01eeaaacb7e{ip: 192.168.151.73, host: pr-hdds-1569-shd4m-3693607622, networkLocation: /default-rack, certSerialId: null}, Type:RATIS, Factor:ONE, State:OPEN]
2019-09-25 12:53:22,408 [grpc-default-executor-0] INFO  impl.RaftServerProxy (RaftServerProxy.java:addNew(89)) - 6759285c-27b5-468f-9e9e-f01eeaaacb7e: addNew group-696E90145BB3:[6759285c-27b5-468f-9e9e-f01eeaaacb7e:192.168.151.73:37340] returns group-696E90145BB3:java.util.concurrent.CompletableFuture@50b6c58d[Not completed]
2019-09-25 12:53:22,409 [pool-177-thread-1] INFO  impl.RaftServerImpl (RaftServerImpl.java:<init>(95)) - 6759285c-27b5-468f-9e9e-f01eeaaacb7e: new RaftServerImpl for group-696E90145BB3:[6759285c-27b5-468f-9e9e-f01eeaaacb7e:192.168.151.73:37340] with ContainerStateMachine:uninitialized
2019-09-25 12:53:22,409 [pool-177-thread-1] INFO  server.RaftServerConfigKeys (ConfUtils.java:logGet(43)) - raft.server.rpc.timeout.min = 5s (custom)
2019-09-25 12:53:22,409 [pool-177-thread-1] INFO  server.RaftServerConfigKeys (ConfUtils.java:logGet(43)) - raft.server.rpc.timeout.max = 5200ms (custom)
2019-09-25 12:53:22,409 [pool-177-thread-1] INFO  server.RaftServerConfigKeys (ConfUtils.java:logGet(43)) - raft.server.rpcslowness.timeout = 120s (custom)
2019-09-25 12:53:22,409 [pool-177-thread-1] INFO  server.RaftServerConfigKeys (ConfUtils.java:logGet(43)) - raft.server.sleep.deviation.threshold = 300 (default)
2019-09-25 12:53:22,409 [pool-177-thread-1] INFO  server.RaftServerConfigKeys (ConfUtils.java:logGet(43)) - raft.server.log.appender.install.snapshot.enabled = false (custom)
2019-09-25 12:53:22,410 [pool-177-thread-1] INFO  impl.RaftServerImpl (ServerState.java:<init>(103)) - 6759285c-27b5-468f-9e9e-f01eeaaacb7e@group-696E90145BB3: ConfigurationManager, init=-1: [6759285c-27b5-468f-9e9e-f01eeaaacb7e:192.168.151.73:37340], old=null, confs=<EMPTY_MAP>
2019-09-25 12:53:22,410 [pool-177-thread-1] INFO  server.RaftServerConfigKeys (ConfUtils.java:logGet(43)) - raft.server.storage.dir = [/workdir/hadoop-ozone/ozonefs/target/test-dir/MiniOzoneClusterImpl-24d85c3a-9c2e-4ba2-880b-df25a410d0c9/datanode-0/data/ratis] (custom)
2019-09-25 12:53:22,410 [pool-177-thread-1] INFO  storage.RaftStorageDirectory (RaftStorageDirectory.java:analyzeStorage(246)) - The storage directory /workdir/hadoop-ozone/ozonefs/target/test-dir/MiniOzoneClusterImpl-24d85c3a-9c2e-4ba2-880b-df25a410d0c9/datanode-0/data/ratis/1e4b8718-3d5d-4ed8-a814-696e90145bb3 does not exist. Creating ...
2019-09-25 12:53:22,423 [pool-177-thread-1] INFO  storage.RaftStorageDirectory (RaftStorageDirectory.java:tryLock(328)) - Lock on /workdir/hadoop-ozone/ozonefs/target/test-dir/MiniOzoneClusterImpl-24d85c3a-9c2e-4ba2-880b-df25a410d0c9/datanode-0/data/ratis/1e4b8718-3d5d-4ed8-a814-696e90145bb3/in_use.lock acquired by nodename 3512@pr-hdds-1569-shd4m-3693607622
2019-09-25 12:53:22,436 [pool-177-thread-1] INFO  storage.RaftStorage (RaftStorage.java:format(72)) - Storage directory /workdir/hadoop-ozone/ozonefs/target/test-dir/MiniOzoneClusterImpl-24d85c3a-9c2e-4ba2-880b-df25a410d0c9/datanode-0/data/ratis/1e4b8718-3d5d-4ed8-a814-696e90145bb3 has been successfully formatted.
2019-09-25 12:53:22,436 [pool-177-thread-1] INFO  ratis.ContainerStateMachine (ContainerStateMachine.java:loadSnapshot(230)) - group-696E90145BB3: The snapshot info is null. Setting the last applied indexto:(t:0, i:~)
2019-09-25 12:53:22,436 [pool-177-thread-1] INFO  server.RaftServerConfigKeys (ConfUtils.java:logGet(43)) - raft.server.notification.no-leader.timeout = 120s (custom)
2019-09-25 12:53:22,436 [pool-177-thread-1] INFO  server.RaftServerConfigKeys (ConfUtils.java:logGet(43)) - raft.server.log.use.memory = false (default)
2019-09-25 12:53:22,436 [pool-177-thread-1] INFO  server.RaftServerConfigKeys (ConfUtils.java:logGet(43)) - raft.server.log.purge.gap = 1000000 (custom)
2019-09-25 12:53:22,437 [pool-177-thread-1] INFO  server.RaftServerConfigKeys (ConfUtils.java:logGet(43)) - raft.server.log.appender.buffer.byte-limit = 33554432 (custom)
2019-09-25 12:53:22,437 [pool-177-thread-1] INFO  server.RaftServerConfigKeys (ConfUtils.java:logGet(43)) - raft.server.log.segment.size.max = 1048576 (custom)
2019-09-25 12:53:22,437 [pool-177-thread-1] INFO  server.RaftServerConfigKeys (ConfUtils.java:logGet(43)) - raft.server.log.segment.cache.num.max = 2 (custom)
2019-09-25 12:53:22,437 [pool-177-thread-1] INFO  segmented.SegmentedRaftLogWorker (SegmentedRaftLogWorker.java:<init>(172)) - new 6759285c-27b5-468f-9e9e-f01eeaaacb7e@group-696E90145BB3-SegmentedRaftLogWorker for RaftStorage:Storage Directory /workdir/hadoop-ozone/ozonefs/target/test-dir/MiniOzoneClusterImpl-24d85c3a-9c2e-4ba2-880b-df25a410d0c9/datanode-0/data/ratis/1e4b8718-3d5d-4ed8-a814-696e90145bb3
2019-09-25 12:53:22,437 [pool-177-thread-1] INFO  server.RaftServerConfigKeys (ConfUtils.java:logGet(43)) - raft.server.log.queue.byte-limit = 2147483647 (custom)
2019-09-25 12:53:22,437 [pool-177-thread-1] INFO  server.RaftServerConfigKeys (ConfUtils.java:logGet(43)) - raft.server.log.queue.element-limit = 1024 (custom)
2019-09-25 12:53:22,437 [pool-177-thread-1] INFO  server.RaftServerConfigKeys (ConfUtils.java:logGet(43)) - raft.server.log.segment.size.max = 1048576 (custom)
2019-09-25 12:53:22,438 [pool-177-thread-1] INFO  server.RaftServerConfigKeys (ConfUtils.java:logGet(43)) - raft.server.log.preallocated.size = 16384 (custom)
2019-09-25 12:53:22,438 [pool-177-thread-1] INFO  server.RaftServerConfigKeys (ConfUtils.java:logGet(43)) - raft.server.log.write.buffer.size = 33554432 (custom)
2019-09-25 12:53:22,438 [pool-177-thread-1] INFO  server.RaftServerConfigKeys (ConfUtils.java:logGet(43)) - raft.server.log.force.sync.num = 128 (default)
2019-09-25 12:53:22,438 [pool-177-thread-1] INFO  server.RaftServerConfigKeys (ConfUtils.java:logGet(43)) - raft.server.log.statemachine.data.sync = true (default)
2019-09-25 12:53:22,438 [pool-177-thread-1] INFO  server.RaftServerConfigKeys (ConfUtils.java:logGet(43)) - raft.server.log.statemachine.data.sync.timeout = 10s (default)
2019-09-25 12:53:22,438 [pool-177-thread-1] INFO  server.RaftServerConfigKeys (ConfUtils.java:logGet(43)) - raft.server.log.statemachine.data.sync.timeout.retry = -1 (default)
2019-09-25 12:53:22,438 [pool-177-thread-1] INFO  server.RaftServerConfigKeys (ConfUtils.java:logGet(43)) - raft.server.log.statemachine.data.caching.enabled = true (custom)
2019-09-25 12:53:22,439 [pool-177-thread-1] INFO  segmented.SegmentedRaftLogWorker (SegmentedRaftLogWorker.java:lambda$new$0(132)) - 6759285c-27b5-468f-9e9e-f01eeaaacb7e@group-696E90145BB3-SegmentedRaftLogWorker: flushIndex: setUnconditionally 0 -> -1
2019-09-25 12:53:22,439 [pool-177-thread-1] INFO  server.RaftServerConfigKeys (ConfUtils.java:logGet(43)) - raft.server.snapshot.auto.trigger.enabled = true (custom)
2019-09-25 12:53:22,439 [pool-177-thread-1] INFO  server.RaftServerConfigKeys (ConfUtils.java:logGet(43)) - raft.server.snapshot.auto.trigger.threshold = 10000 (custom)
2019-09-25 12:53:22,439 [pool-177-thread-1] INFO  server.RaftServerConfigKeys (ConfUtils.java:logGet(43)) - raft.server.snapshot.retention.num.files = 5 (custom)
2019-09-25 12:53:22,440 [pool-177-thread-1] INFO  server.RaftServerConfigKeys (ConfUtils.java:logGet(43)) - raft.server.retrycache.expirytime = 600000ms (custom)
2019-09-25 12:53:22,441 [pool-177-thread-1] INFO  impl.RaftServerImpl (RaftServerImpl.java:start(185)) - 6759285c-27b5-468f-9e9e-f01eeaaacb7e@group-696E90145BB3: start as a follower, conf=-1: [6759285c-27b5-468f-9e9e-f01eeaaacb7e:192.168.151.73:37340], old=null
2019-09-25 12:53:22,441 [pool-177-thread-1] INFO  impl.RaftServerImpl (RaftServerImpl.java:setRole(174)) - 6759285c-27b5-468f-9e9e-f01eeaaacb7e@group-696E90145BB3: changes role from      null to FOLLOWER at term 0 for startAsFollower
2019-09-25 12:53:22,441 [pool-177-thread-1] INFO  impl.RoleInfo (RoleInfo.java:updateAndGet(143)) - 6759285c-27b5-468f-9e9e-f01eeaaacb7e: start FollowerState
2019-09-25 12:53:22,442 [pool-177-thread-1] INFO  util.JmxRegister (JmxRegister.java:tryRegister(44)) - Successfully registered JMX Bean with object name Ratis:service=RaftServer,group=group-696E90145BB3,id=6759285c-27b5-468f-9e9e-f01eeaaacb7e
2019-09-25 12:53:22,445 [RatisPipelineUtilsThread] INFO  pipeline.PipelineStateManager (PipelineStateManager.java:addPipeline(56)) - Created pipeline Pipeline[ Id: 1e4b8718-3d5d-4ed8-a814-696e90145bb3, Nodes: 6759285c-27b5-468f-9e9e-f01eeaaacb7e{ip: 192.168.151.73, host: pr-hdds-1569-shd4m-3693607622, networkLocation: /default-rack, certSerialId: null}, Type:RATIS, Factor:ONE, State:OPEN]
2019-09-25 12:53:22,451 [grpc-default-executor-0] INFO  impl.RaftServerProxy (RaftServerProxy.java:addNew(89)) - 6759285c-27b5-468f-9e9e-f01eeaaacb7e: addNew group-52984B5C2336:[6759285c-27b5-468f-9e9e-f01eeaaacb7e:192.168.151.73:37340] returns group-52984B5C2336:java.util.concurrent.CompletableFuture@97ccefe[Not completed]
2019-09-25 12:53:22,452 [pool-177-thread-1] INFO  impl.RaftServerImpl (RaftServerImpl.java:<init>(95)) - 6759285c-27b5-468f-9e9e-f01eeaaacb7e: new RaftServerImpl for group-52984B5C2336:[6759285c-27b5-468f-9e9e-f01eeaaacb7e:192.168.151.73:37340] with ContainerStateMachine:uninitialized
2019-09-25 12:53:22,452 [pool-177-thread-1] INFO  server.RaftServerConfigKeys (ConfUtils.java:logGet(43)) - raft.server.rpc.timeout.min = 5s (custom)
2019-09-25 12:53:22,452 [pool-177-thread-1] INFO  server.RaftServerConfigKeys (ConfUtils.java:logGet(43)) - raft.server.rpc.timeout.max = 5200ms (custom)
2019-09-25 12:53:22,452 [pool-177-thread-1] INFO  server.RaftServerConfigKeys (ConfUtils.java:logGet(43)) - raft.server.rpcslowness.timeout = 120s (custom)
2019-09-25 12:53:22,452 [pool-177-thread-1] INFO  server.RaftServerConfigKeys (ConfUtils.java:logGet(43)) - raft.server.sleep.deviation.threshold = 300 (default)
2019-09-25 12:53:22,452 [pool-177-thread-1] INFO  server.RaftServerConfigKeys (ConfUtils.java:logGet(43)) - raft.server.log.appender.install.snapshot.enabled = false (custom)
2019-09-25 12:53:22,452 [pool-177-thread-1] INFO  impl.RaftServerImpl (ServerState.java:<init>(103)) - 6759285c-27b5-468f-9e9e-f01eeaaacb7e@group-52984B5C2336: ConfigurationManager, init=-1: [6759285c-27b5-468f-9e9e-f01eeaaacb7e:192.168.151.73:37340], old=null, confs=<EMPTY_MAP>
2019-09-25 12:53:22,453 [pool-177-thread-1] INFO  server.RaftServerConfigKeys (ConfUtils.java:logGet(43)) - raft.server.storage.dir = [/workdir/hadoop-ozone/ozonefs/target/test-dir/MiniOzoneClusterImpl-24d85c3a-9c2e-4ba2-880b-df25a410d0c9/datanode-0/data/ratis] (custom)
2019-09-25 12:53:22,453 [pool-177-thread-1] INFO  storage.RaftStorageDirectory (RaftStorageDirectory.java:analyzeStorage(246)) - The storage directory /workdir/hadoop-ozone/ozonefs/target/test-dir/MiniOzoneClusterImpl-24d85c3a-9c2e-4ba2-880b-df25a410d0c9/datanode-0/data/ratis/16bb4d2e-36f8-40bb-b818-52984b5c2336 does not exist. Creating ...
2019-09-25 12:53:22,465 [pool-177-thread-1] INFO  storage.RaftStorageDirectory (RaftStorageDirectory.java:tryLock(328)) - Lock on /workdir/hadoop-ozone/ozonefs/target/test-dir/MiniOzoneClusterImpl-24d85c3a-9c2e-4ba2-880b-df25a410d0c9/datanode-0/data/ratis/16bb4d2e-36f8-40bb-b818-52984b5c2336/in_use.lock acquired by nodename 3512@pr-hdds-1569-shd4m-3693607622
2019-09-25 12:53:22,495 [pool-177-thread-1] INFO  storage.RaftStorage (RaftStorage.java:format(72)) - Storage directory /workdir/hadoop-ozone/ozonefs/target/test-dir/MiniOzoneClusterImpl-24d85c3a-9c2e-4ba2-880b-df25a410d0c9/datanode-0/data/ratis/16bb4d2e-36f8-40bb-b818-52984b5c2336 has been successfully formatted.
2019-09-25 12:53:22,495 [pool-177-thread-1] INFO  ratis.ContainerStateMachine (ContainerStateMachine.java:loadSnapshot(230)) - group-52984B5C2336: The snapshot info is null. Setting the last applied indexto:(t:0, i:~)
2019-09-25 12:53:22,495 [pool-177-thread-1] INFO  server.RaftServerConfigKeys (ConfUtils.java:logGet(43)) - raft.server.notification.no-leader.timeout = 120s (custom)
2019-09-25 12:53:22,495 [pool-177-thread-1] INFO  server.RaftServerConfigKeys (ConfUtils.java:logGet(43)) - raft.server.log.use.memory = false (default)
2019-09-25 12:53:22,496 [pool-177-thread-1] INFO  server.RaftServerConfigKeys (ConfUtils.java:logGet(43)) - raft.server.log.purge.gap = 1000000 (custom)
2019-09-25 12:53:22,496 [pool-177-thread-1] INFO  server.RaftServerConfigKeys (ConfUtils.java:logGet(43)) - raft.server.log.appender.buffer.byte-limit = 33554432 (custom)
2019-09-25 12:53:22,496 [pool-177-thread-1] INFO  server.RaftServerConfigKeys (ConfUtils.java:logGet(43)) - raft.server.log.segment.size.max = 1048576 (custom)
2019-09-25 12:53:22,496 [pool-177-thread-1] INFO  server.RaftServerConfigKeys (ConfUtils.java:logGet(43)) - raft.server.log.segment.cache.num.max = 2 (custom)
2019-09-25 12:53:22,496 [pool-177-thread-1] INFO  segmented.SegmentedRaftLogWorker (SegmentedRaftLogWorker.java:<init>(172)) - new 6759285c-27b5-468f-9e9e-f01eeaaacb7e@group-52984B5C2336-SegmentedRaftLogWorker for RaftStorage:Storage Directory /workdir/hadoop-ozone/ozonefs/target/test-dir/MiniOzoneClusterImpl-24d85c3a-9c2e-4ba2-880b-df25a410d0c9/datanode-0/data/ratis/16bb4d2e-36f8-40bb-b818-52984b5c2336
2019-09-25 12:53:22,496 [pool-177-thread-1] INFO  server.RaftServerConfigKeys (ConfUtils.java:logGet(43)) - raft.server.log.queue.byte-limit = 2147483647 (custom)
2019-09-25 12:53:22,497 [pool-177-thread-1] INFO  server.RaftServerConfigKeys (ConfUtils.java:logGet(43)) - raft.server.log.queue.element-limit = 1024 (custom)
2019-09-25 12:53:22,497 [pool-177-thread-1] INFO  server.RaftServerConfigKeys (ConfUtils.java:logGet(43)) - raft.server.log.segment.size.max = 1048576 (custom)
2019-09-25 12:53:22,497 [pool-177-thread-1] INFO  server.RaftServerConfigKeys (ConfUtils.java:logGet(43)) - raft.server.log.preallocated.size = 16384 (custom)
2019-09-25 12:53:22,497 [pool-177-thread-1] INFO  server.RaftServerConfigKeys (ConfUtils.java:logGet(43)) - raft.server.log.write.buffer.size = 33554432 (custom)
2019-09-25 12:53:22,497 [pool-177-thread-1] INFO  server.RaftServerConfigKeys (ConfUtils.java:logGet(43)) - raft.server.log.force.sync.num = 128 (default)
2019-09-25 12:53:22,497 [pool-177-thread-1] INFO  server.RaftServerConfigKeys (ConfUtils.java:logGet(43)) - raft.server.log.statemachine.data.sync = true (default)
2019-09-25 12:53:22,497 [pool-177-thread-1] INFO  server.RaftServerConfigKeys (ConfUtils.java:logGet(43)) - raft.server.log.statemachine.data.sync.timeout = 10s (default)
2019-09-25 12:53:22,498 [pool-177-thread-1] INFO  server.RaftServerConfigKeys (ConfUtils.java:logGet(43)) - raft.server.log.statemachine.data.sync.timeout.retry = -1 (default)
2019-09-25 12:53:22,498 [pool-177-thread-1] INFO  server.RaftServerConfigKeys (ConfUtils.java:logGet(43)) - raft.server.log.statemachine.data.caching.enabled = true (custom)
2019-09-25 12:53:22,498 [pool-177-thread-1] INFO  segmented.SegmentedRaftLogWorker (SegmentedRaftLogWorker.java:lambda$new$0(132)) - 6759285c-27b5-468f-9e9e-f01eeaaacb7e@group-52984B5C2336-SegmentedRaftLogWorker: flushIndex: setUnconditionally 0 -> -1
2019-09-25 12:53:22,498 [pool-177-thread-1] INFO  server.RaftServerConfigKeys (ConfUtils.java:logGet(43)) - raft.server.snapshot.auto.trigger.enabled = true (custom)
2019-09-25 12:53:22,499 [pool-177-thread-1] INFO  server.RaftServerConfigKeys (ConfUtils.java:logGet(43)) - raft.server.snapshot.auto.trigger.threshold = 10000 (custom)
2019-09-25 12:53:22,499 [pool-177-thread-1] INFO  server.RaftServerConfigKeys (ConfUtils.java:logGet(43)) - raft.server.snapshot.retention.num.files = 5 (custom)
2019-09-25 12:53:22,499 [pool-177-thread-1] INFO  server.RaftServerConfigKeys (ConfUtils.java:logGet(43)) - raft.server.retrycache.expirytime = 600000ms (custom)
2019-09-25 12:53:22,501 [pool-177-thread-1] INFO  impl.RaftServerImpl (RaftServerImpl.java:start(185)) - 6759285c-27b5-468f-9e9e-f01eeaaacb7e@group-52984B5C2336: start as a follower, conf=-1: [6759285c-27b5-468f-9e9e-f01eeaaacb7e:192.168.151.73:37340], old=null
2019-09-25 12:53:22,501 [pool-177-thread-1] INFO  impl.RaftServerImpl (RaftServerImpl.java:setRole(174)) - 6759285c-27b5-468f-9e9e-f01eeaaacb7e@group-52984B5C2336: changes role from      null to FOLLOWER at term 0 for startAsFollower
2019-09-25 12:53:22,501 [pool-177-thread-1] INFO  impl.RoleInfo (RoleInfo.java:updateAndGet(143)) - 6759285c-27b5-468f-9e9e-f01eeaaacb7e: start FollowerState
2019-09-25 12:53:22,501 [pool-177-thread-1] INFO  util.JmxRegister (JmxRegister.java:tryRegister(44)) - Successfully registered JMX Bean with object name Ratis:service=RaftServer,group=group-52984B5C2336,id=6759285c-27b5-468f-9e9e-f01eeaaacb7e
2019-09-25 12:53:22,504 [RatisPipelineUtilsThread] INFO  pipeline.PipelineStateManager (PipelineStateManager.java:addPipeline(56)) - Created pipeline Pipeline[ Id: 16bb4d2e-36f8-40bb-b818-52984b5c2336, Nodes: 6759285c-27b5-468f-9e9e-f01eeaaacb7e{ip: 192.168.151.73, host: pr-hdds-1569-shd4m-3693607622, networkLocation: /default-rack, certSerialId: null}, Type:RATIS, Factor:ONE, State:OPEN]
2019-09-25 12:53:22,504 [RatisPipelineUtilsThread] INFO  pipeline.PipelinePlacementPolicy (PipelinePlacementPolicy.java:meetCriteria(91)) - Pipeline Placement: can't place more pipeline on heavy datanode： 6759285c-27b5-468f-9e9e-f01eeaaacb7e Heaviness: 6 limit: 5
2019-09-25 12:53:22,513 [grpc-default-executor-0] INFO  impl.RaftServerProxy (RaftServerProxy.java:addNew(89)) - f4c0c517-7090-4318-a980-be101d2dbd1a: addNew group-39F70C264314:[f4c0c517-7090-4318-a980-be101d2dbd1a:192.168.151.73:33580] returns group-39F70C264314:java.util.concurrent.CompletableFuture@23ccedd1[Not completed]
2019-09-25 12:53:22,514 [pool-187-thread-1] INFO  impl.RaftServerImpl (RaftServerImpl.java:<init>(95)) - f4c0c517-7090-4318-a980-be101d2dbd1a: new RaftServerImpl for group-39F70C264314:[f4c0c517-7090-4318-a980-be101d2dbd1a:192.168.151.73:33580] with ContainerStateMachine:uninitialized
2019-09-25 12:53:22,514 [pool-187-thread-1] INFO  server.RaftServerConfigKeys (ConfUtils.java:logGet(43)) - raft.server.rpc.timeout.min = 5s (custom)
2019-09-25 12:53:22,514 [pool-187-thread-1] INFO  server.RaftServerConfigKeys (ConfUtils.java:logGet(43)) - raft.server.rpc.timeout.max = 5200ms (custom)
2019-09-25 12:53:22,514 [pool-187-thread-1] INFO  server.RaftServerConfigKeys (ConfUtils.java:logGet(43)) - raft.server.rpcslowness.timeout = 120s (custom)
2019-09-25 12:53:22,514 [pool-187-thread-1] INFO  server.RaftServerConfigKeys (ConfUtils.java:logGet(43)) - raft.server.sleep.deviation.threshold = 300 (default)
2019-09-25 12:53:22,515 [pool-187-thread-1] INFO  server.RaftServerConfigKeys (ConfUtils.java:logGet(43)) - raft.server.log.appender.install.snapshot.enabled = false (custom)
2019-09-25 12:53:22,515 [pool-187-thread-1] INFO  impl.RaftServerImpl (ServerState.java:<init>(103)) - f4c0c517-7090-4318-a980-be101d2dbd1a@group-39F70C264314: ConfigurationManager, init=-1: [f4c0c517-7090-4318-a980-be101d2dbd1a:192.168.151.73:33580], old=null, confs=<EMPTY_MAP>
2019-09-25 12:53:22,515 [pool-187-thread-1] INFO  server.RaftServerConfigKeys (ConfUtils.java:logGet(43)) - raft.server.storage.dir = [/workdir/hadoop-ozone/ozonefs/target/test-dir/MiniOzoneClusterImpl-24d85c3a-9c2e-4ba2-880b-df25a410d0c9/datanode-1/data/ratis] (custom)
2019-09-25 12:53:22,515 [pool-187-thread-1] INFO  storage.RaftStorageDirectory (RaftStorageDirectory.java:analyzeStorage(246)) - The storage directory /workdir/hadoop-ozone/ozonefs/target/test-dir/MiniOzoneClusterImpl-24d85c3a-9c2e-4ba2-880b-df25a410d0c9/datanode-1/data/ratis/b81a37e3-3399-489f-a99c-39f70c264314 does not exist. Creating ...
2019-09-25 12:53:22,539 [pool-187-thread-1] INFO  storage.RaftStorageDirectory (RaftStorageDirectory.java:tryLock(328)) - Lock on /workdir/hadoop-ozone/ozonefs/target/test-dir/MiniOzoneClusterImpl-24d85c3a-9c2e-4ba2-880b-df25a410d0c9/datanode-1/data/ratis/b81a37e3-3399-489f-a99c-39f70c264314/in_use.lock acquired by nodename 3512@pr-hdds-1569-shd4m-3693607622
2019-09-25 12:53:22,562 [pool-187-thread-1] INFO  storage.RaftStorage (RaftStorage.java:format(72)) - Storage directory /workdir/hadoop-ozone/ozonefs/target/test-dir/MiniOzoneClusterImpl-24d85c3a-9c2e-4ba2-880b-df25a410d0c9/datanode-1/data/ratis/b81a37e3-3399-489f-a99c-39f70c264314 has been successfully formatted.
2019-09-25 12:53:22,562 [pool-187-thread-1] INFO  ratis.ContainerStateMachine (ContainerStateMachine.java:loadSnapshot(230)) - group-39F70C264314: The snapshot info is null. Setting the last applied indexto:(t:0, i:~)
2019-09-25 12:53:22,562 [pool-187-thread-1] INFO  server.RaftServerConfigKeys (ConfUtils.java:logGet(43)) - raft.server.notification.no-leader.timeout = 120s (custom)
2019-09-25 12:53:22,563 [pool-187-thread-1] INFO  server.RaftServerConfigKeys (ConfUtils.java:logGet(43)) - raft.server.log.use.memory = false (default)
2019-09-25 12:53:22,563 [pool-187-thread-1] INFO  server.RaftServerConfigKeys (ConfUtils.java:logGet(43)) - raft.server.log.purge.gap = 1000000 (custom)
2019-09-25 12:53:22,563 [pool-187-thread-1] INFO  server.RaftServerConfigKeys (ConfUtils.java:logGet(43)) - raft.server.log.appender.buffer.byte-limit = 33554432 (custom)
2019-09-25 12:53:22,563 [pool-187-thread-1] INFO  server.RaftServerConfigKeys (ConfUtils.java:logGet(43)) - raft.server.log.segment.size.max = 1048576 (custom)
2019-09-25 12:53:22,563 [pool-187-thread-1] INFO  server.RaftServerConfigKeys (ConfUtils.java:logGet(43)) - raft.server.log.segment.cache.num.max = 2 (custom)
2019-09-25 12:53:22,564 [pool-187-thread-1] INFO  segmented.SegmentedRaftLogWorker (SegmentedRaftLogWorker.java:<init>(172)) - new f4c0c517-7090-4318-a980-be101d2dbd1a@group-39F70C264314-SegmentedRaftLogWorker for RaftStorage:Storage Directory /workdir/hadoop-ozone/ozonefs/target/test-dir/MiniOzoneClusterImpl-24d85c3a-9c2e-4ba2-880b-df25a410d0c9/datanode-1/data/ratis/b81a37e3-3399-489f-a99c-39f70c264314
2019-09-25 12:53:22,565 [pool-187-thread-1] INFO  server.RaftServerConfigKeys (ConfUtils.java:logGet(43)) - raft.server.log.queue.byte-limit = 2147483647 (custom)
2019-09-25 12:53:22,565 [pool-187-thread-1] INFO  server.RaftServerConfigKeys (ConfUtils.java:logGet(43)) - raft.server.log.queue.element-limit = 1024 (custom)
2019-09-25 12:53:22,566 [pool-187-thread-1] INFO  server.RaftServerConfigKeys (ConfUtils.java:logGet(43)) - raft.server.log.segment.size.max = 1048576 (custom)
2019-09-25 12:53:22,566 [pool-187-thread-1] INFO  server.RaftServerConfigKeys (ConfUtils.java:logGet(43)) - raft.server.log.preallocated.size = 16384 (custom)
2019-09-25 12:53:22,566 [pool-187-thread-1] INFO  server.RaftServerConfigKeys (ConfUtils.java:logGet(43)) - raft.server.log.write.buffer.size = 33554432 (custom)
2019-09-25 12:53:22,566 [pool-187-thread-1] INFO  server.RaftServerConfigKeys (ConfUtils.java:logGet(43)) - raft.server.log.force.sync.num = 128 (default)
2019-09-25 12:53:22,566 [pool-187-thread-1] INFO  server.RaftServerConfigKeys (ConfUtils.java:logGet(43)) - raft.server.log.statemachine.data.sync = true (default)
2019-09-25 12:53:22,566 [pool-187-thread-1] INFO  server.RaftServerConfigKeys (ConfUtils.java:logGet(43)) - raft.server.log.statemachine.data.sync.timeout = 10s (default)
2019-09-25 12:53:22,566 [pool-187-thread-1] INFO  server.RaftServerConfigKeys (ConfUtils.java:logGet(43)) - raft.server.log.statemachine.data.sync.timeout.retry = -1 (default)
2019-09-25 12:53:22,567 [pool-187-thread-1] INFO  server.RaftServerConfigKeys (ConfUtils.java:logGet(43)) - raft.server.log.statemachine.data.caching.enabled = true (custom)
2019-09-25 12:53:22,567 [pool-187-thread-1] INFO  segmented.SegmentedRaftLogWorker (SegmentedRaftLogWorker.java:lambda$new$0(132)) - f4c0c517-7090-4318-a980-be101d2dbd1a@group-39F70C264314-SegmentedRaftLogWorker: flushIndex: setUnconditionally 0 -> -1
2019-09-25 12:53:22,567 [pool-187-thread-1] INFO  server.RaftServerConfigKeys (ConfUtils.java:logGet(43)) - raft.server.snapshot.auto.trigger.enabled = true (custom)
2019-09-25 12:53:22,568 [pool-187-thread-1] INFO  server.RaftServerConfigKeys (ConfUtils.java:logGet(43)) - raft.server.snapshot.auto.trigger.threshold = 10000 (custom)
2019-09-25 12:53:22,568 [pool-187-thread-1] INFO  server.RaftServerConfigKeys (ConfUtils.java:logGet(43)) - raft.server.snapshot.retention.num.files = 5 (custom)
2019-09-25 12:53:22,568 [pool-187-thread-1] INFO  server.RaftServerConfigKeys (ConfUtils.java:logGet(43)) - raft.server.retrycache.expirytime = 600000ms (custom)
2019-09-25 12:53:22,569 [pool-187-thread-1] INFO  impl.RaftServerImpl (RaftServerImpl.java:start(185)) - f4c0c517-7090-4318-a980-be101d2dbd1a@group-39F70C264314: start as a follower, conf=-1: [f4c0c517-7090-4318-a980-be101d2dbd1a:192.168.151.73:33580], old=null
2019-09-25 12:53:22,570 [pool-187-thread-1] INFO  impl.RaftServerImpl (RaftServerImpl.java:setRole(174)) - f4c0c517-7090-4318-a980-be101d2dbd1a@group-39F70C264314: changes role from      null to FOLLOWER at term 0 for startAsFollower
2019-09-25 12:53:22,570 [pool-187-thread-1] INFO  impl.RoleInfo (RoleInfo.java:updateAndGet(143)) - f4c0c517-7090-4318-a980-be101d2dbd1a: start FollowerState
2019-09-25 12:53:22,570 [pool-187-thread-1] INFO  util.JmxRegister (JmxRegister.java:tryRegister(44)) - Successfully registered JMX Bean with object name Ratis:service=RaftServer,group=group-39F70C264314,id=f4c0c517-7090-4318-a980-be101d2dbd1a
2019-09-25 12:53:22,573 [RatisPipelineUtilsThread] INFO  pipeline.PipelineStateManager (PipelineStateManager.java:addPipeline(56)) - Created pipeline Pipeline[ Id: b81a37e3-3399-489f-a99c-39f70c264314, Nodes: f4c0c517-7090-4318-a980-be101d2dbd1a{ip: 192.168.151.73, host: pr-hdds-1569-shd4m-3693607622, networkLocation: /default-rack, certSerialId: null}, Type:RATIS, Factor:ONE, State:OPEN]
2019-09-25 12:53:22,574 [RatisPipelineUtilsThread] INFO  pipeline.PipelinePlacementPolicy (PipelinePlacementPolicy.java:meetCriteria(91)) - Pipeline Placement: can't place more pipeline on heavy datanode： 6759285c-27b5-468f-9e9e-f01eeaaacb7e Heaviness: 6 limit: 5
2019-09-25 12:53:22,579 [grpc-default-executor-0] INFO  impl.RaftServerProxy (RaftServerProxy.java:addNew(89)) - f4c0c517-7090-4318-a980-be101d2dbd1a: addNew group-906B0C2B9F97:[f4c0c517-7090-4318-a980-be101d2dbd1a:192.168.151.73:33580] returns group-906B0C2B9F97:java.util.concurrent.CompletableFuture@61e0ea7[Not completed]
2019-09-25 12:53:22,580 [pool-187-thread-1] INFO  impl.RaftServerImpl (RaftServerImpl.java:<init>(95)) - f4c0c517-7090-4318-a980-be101d2dbd1a: new RaftServerImpl for group-906B0C2B9F97:[f4c0c517-7090-4318-a980-be101d2dbd1a:192.168.151.73:33580] with ContainerStateMachine:uninitialized
2019-09-25 12:53:22,581 [pool-187-thread-1] INFO  server.RaftServerConfigKeys (ConfUtils.java:logGet(43)) - raft.server.rpc.timeout.min = 5s (custom)
2019-09-25 12:53:22,581 [pool-187-thread-1] INFO  server.RaftServerConfigKeys (ConfUtils.java:logGet(43)) - raft.server.rpc.timeout.max = 5200ms (custom)
2019-09-25 12:53:22,581 [pool-187-thread-1] INFO  server.RaftServerConfigKeys (ConfUtils.java:logGet(43)) - raft.server.rpcslowness.timeout = 120s (custom)
2019-09-25 12:53:22,581 [pool-187-thread-1] INFO  server.RaftServerConfigKeys (ConfUtils.java:logGet(43)) - raft.server.sleep.deviation.threshold = 300 (default)
2019-09-25 12:53:22,581 [pool-187-thread-1] INFO  server.RaftServerConfigKeys (ConfUtils.java:logGet(43)) - raft.server.log.appender.install.snapshot.enabled = false (custom)
2019-09-25 12:53:22,581 [pool-187-thread-1] INFO  impl.RaftServerImpl (ServerState.java:<init>(103)) - f4c0c517-7090-4318-a980-be101d2dbd1a@group-906B0C2B9F97: ConfigurationManager, init=-1: [f4c0c517-7090-4318-a980-be101d2dbd1a:192.168.151.73:33580], old=null, confs=<EMPTY_MAP>
2019-09-25 12:53:22,582 [pool-187-thread-1] INFO  server.RaftServerConfigKeys (ConfUtils.java:logGet(43)) - raft.server.storage.dir = [/workdir/hadoop-ozone/ozonefs/target/test-dir/MiniOzoneClusterImpl-24d85c3a-9c2e-4ba2-880b-df25a410d0c9/datanode-1/data/ratis] (custom)
2019-09-25 12:53:22,582 [pool-187-thread-1] INFO  storage.RaftStorageDirectory (RaftStorageDirectory.java:analyzeStorage(246)) - The storage directory /workdir/hadoop-ozone/ozonefs/target/test-dir/MiniOzoneClusterImpl-24d85c3a-9c2e-4ba2-880b-df25a410d0c9/datanode-1/data/ratis/08e8589a-56c5-47cb-904b-906b0c2b9f97 does not exist. Creating ...
2019-09-25 12:53:22,604 [pool-187-thread-1] INFO  storage.RaftStorageDirectory (RaftStorageDirectory.java:tryLock(328)) - Lock on /workdir/hadoop-ozone/ozonefs/target/test-dir/MiniOzoneClusterImpl-24d85c3a-9c2e-4ba2-880b-df25a410d0c9/datanode-1/data/ratis/08e8589a-56c5-47cb-904b-906b0c2b9f97/in_use.lock acquired by nodename 3512@pr-hdds-1569-shd4m-3693607622
2019-09-25 12:53:22,627 [pool-187-thread-1] INFO  storage.RaftStorage (RaftStorage.java:format(72)) - Storage directory /workdir/hadoop-ozone/ozonefs/target/test-dir/MiniOzoneClusterImpl-24d85c3a-9c2e-4ba2-880b-df25a410d0c9/datanode-1/data/ratis/08e8589a-56c5-47cb-904b-906b0c2b9f97 has been successfully formatted.
2019-09-25 12:53:22,628 [pool-187-thread-1] INFO  ratis.ContainerStateMachine (ContainerStateMachine.java:loadSnapshot(230)) - group-906B0C2B9F97: The snapshot info is null. Setting the last applied indexto:(t:0, i:~)
2019-09-25 12:53:22,628 [pool-187-thread-1] INFO  server.RaftServerConfigKeys (ConfUtils.java:logGet(43)) - raft.server.notification.no-leader.timeout = 120s (custom)
2019-09-25 12:53:22,628 [pool-187-thread-1] INFO  server.RaftServerConfigKeys (ConfUtils.java:logGet(43)) - raft.server.log.use.memory = false (default)
2019-09-25 12:53:22,628 [pool-187-thread-1] INFO  server.RaftServerConfigKeys (ConfUtils.java:logGet(43)) - raft.server.log.purge.gap = 1000000 (custom)
2019-09-25 12:53:22,628 [pool-187-thread-1] INFO  server.RaftServerConfigKeys (ConfUtils.java:logGet(43)) - raft.server.log.appender.buffer.byte-limit = 33554432 (custom)
2019-09-25 12:53:22,628 [pool-187-thread-1] INFO  server.RaftServerConfigKeys (ConfUtils.java:logGet(43)) - raft.server.log.segment.size.max = 1048576 (custom)
2019-09-25 12:53:22,629 [pool-187-thread-1] INFO  server.RaftServerConfigKeys (ConfUtils.java:logGet(43)) - raft.server.log.segment.cache.num.max = 2 (custom)
2019-09-25 12:53:22,629 [pool-187-thread-1] INFO  segmented.SegmentedRaftLogWorker (SegmentedRaftLogWorker.java:<init>(172)) - new f4c0c517-7090-4318-a980-be101d2dbd1a@group-906B0C2B9F97-SegmentedRaftLogWorker for RaftStorage:Storage Directory /workdir/hadoop-ozone/ozonefs/target/test-dir/MiniOzoneClusterImpl-24d85c3a-9c2e-4ba2-880b-df25a410d0c9/datanode-1/data/ratis/08e8589a-56c5-47cb-904b-906b0c2b9f97
2019-09-25 12:53:22,629 [pool-187-thread-1] INFO  server.RaftServerConfigKeys (ConfUtils.java:logGet(43)) - raft.server.log.queue.byte-limit = 2147483647 (custom)
2019-09-25 12:53:22,629 [pool-187-thread-1] INFO  server.RaftServerConfigKeys (ConfUtils.java:logGet(43)) - raft.server.log.queue.element-limit = 1024 (custom)
2019-09-25 12:53:22,629 [pool-187-thread-1] INFO  server.RaftServerConfigKeys (ConfUtils.java:logGet(43)) - raft.server.log.segment.size.max = 1048576 (custom)
2019-09-25 12:53:22,629 [pool-187-thread-1] INFO  server.RaftServerConfigKeys (ConfUtils.java:logGet(43)) - raft.server.log.preallocated.size = 16384 (custom)
2019-09-25 12:53:22,629 [pool-187-thread-1] INFO  server.RaftServerConfigKeys (ConfUtils.java:logGet(43)) - raft.server.log.write.buffer.size = 33554432 (custom)
2019-09-25 12:53:22,630 [pool-187-thread-1] INFO  server.RaftServerConfigKeys (ConfUtils.java:logGet(43)) - raft.server.log.force.sync.num = 128 (default)
2019-09-25 12:53:22,630 [pool-187-thread-1] INFO  server.RaftServerConfigKeys (ConfUtils.java:logGet(43)) - raft.server.log.statemachine.data.sync = true (default)
2019-09-25 12:53:22,630 [pool-187-thread-1] INFO  server.RaftServerConfigKeys (ConfUtils.java:logGet(43)) - raft.server.log.statemachine.data.sync.timeout = 10s (default)
2019-09-25 12:53:22,630 [pool-187-thread-1] INFO  server.RaftServerConfigKeys (ConfUtils.java:logGet(43)) - raft.server.log.statemachine.data.sync.timeout.retry = -1 (default)
2019-09-25 12:53:22,630 [pool-187-thread-1] INFO  server.RaftServerConfigKeys (ConfUtils.java:logGet(43)) - raft.server.log.statemachine.data.caching.enabled = true (custom)
2019-09-25 12:53:22,630 [pool-187-thread-1] INFO  segmented.SegmentedRaftLogWorker (SegmentedRaftLogWorker.java:lambda$new$0(132)) - f4c0c517-7090-4318-a980-be101d2dbd1a@group-906B0C2B9F97-SegmentedRaftLogWorker: flushIndex: setUnconditionally 0 -> -1
2019-09-25 12:53:22,631 [pool-187-thread-1] INFO  server.RaftServerConfigKeys (ConfUtils.java:logGet(43)) - raft.server.snapshot.auto.trigger.enabled = true (custom)
2019-09-25 12:53:22,631 [pool-187-thread-1] INFO  server.RaftServerConfigKeys (ConfUtils.java:logGet(43)) - raft.server.snapshot.auto.trigger.threshold = 10000 (custom)
2019-09-25 12:53:22,631 [pool-187-thread-1] INFO  server.RaftServerConfigKeys (ConfUtils.java:logGet(43)) - raft.server.snapshot.retention.num.files = 5 (custom)
2019-09-25 12:53:22,631 [pool-187-thread-1] INFO  server.RaftServerConfigKeys (ConfUtils.java:logGet(43)) - raft.server.retrycache.expirytime = 600000ms (custom)
2019-09-25 12:53:22,633 [pool-187-thread-1] INFO  impl.RaftServerImpl (RaftServerImpl.java:start(185)) - f4c0c517-7090-4318-a980-be101d2dbd1a@group-906B0C2B9F97: start as a follower, conf=-1: [f4c0c517-7090-4318-a980-be101d2dbd1a:192.168.151.73:33580], old=null
2019-09-25 12:53:22,633 [pool-187-thread-1] INFO  impl.RaftServerImpl (RaftServerImpl.java:setRole(174)) - f4c0c517-7090-4318-a980-be101d2dbd1a@group-906B0C2B9F97: changes role from      null to FOLLOWER at term 0 for startAsFollower
2019-09-25 12:53:22,633 [pool-187-thread-1] INFO  impl.RoleInfo (RoleInfo.java:updateAndGet(143)) - f4c0c517-7090-4318-a980-be101d2dbd1a: start FollowerState
2019-09-25 12:53:22,633 [pool-187-thread-1] INFO  util.JmxRegister (JmxRegister.java:tryRegister(44)) - Successfully registered JMX Bean with object name Ratis:service=RaftServer,group=group-906B0C2B9F97,id=f4c0c517-7090-4318-a980-be101d2dbd1a
2019-09-25 12:53:22,636 [RatisPipelineUtilsThread] INFO  pipeline.PipelineStateManager (PipelineStateManager.java:addPipeline(56)) - Created pipeline Pipeline[ Id: 08e8589a-56c5-47cb-904b-906b0c2b9f97, Nodes: f4c0c517-7090-4318-a980-be101d2dbd1a{ip: 192.168.151.73, host: pr-hdds-1569-shd4m-3693607622, networkLocation: /default-rack, certSerialId: null}, Type:RATIS, Factor:ONE, State:OPEN]
2019-09-25 12:53:22,637 [RatisPipelineUtilsThread] INFO  pipeline.PipelinePlacementPolicy (PipelinePlacementPolicy.java:meetCriteria(91)) - Pipeline Placement: can't place more pipeline on heavy datanode： 6759285c-27b5-468f-9e9e-f01eeaaacb7e Heaviness: 6 limit: 5
2019-09-25 12:53:22,643 [grpc-default-executor-0] INFO  impl.RaftServerProxy (RaftServerProxy.java:addNew(89)) - f4c0c517-7090-4318-a980-be101d2dbd1a: addNew group-AFBE67116274:[f4c0c517-7090-4318-a980-be101d2dbd1a:192.168.151.73:33580] returns group-AFBE67116274:java.util.concurrent.CompletableFuture@f780370[Not completed]
2019-09-25 12:53:22,643 [pool-187-thread-1] INFO  impl.RaftServerImpl (RaftServerImpl.java:<init>(95)) - f4c0c517-7090-4318-a980-be101d2dbd1a: new RaftServerImpl for group-AFBE67116274:[f4c0c517-7090-4318-a980-be101d2dbd1a:192.168.151.73:33580] with ContainerStateMachine:uninitialized
2019-09-25 12:53:22,644 [pool-187-thread-1] INFO  server.RaftServerConfigKeys (ConfUtils.java:logGet(43)) - raft.server.rpc.timeout.min = 5s (custom)
2019-09-25 12:53:22,644 [pool-187-thread-1] INFO  server.RaftServerConfigKeys (ConfUtils.java:logGet(43)) - raft.server.rpc.timeout.max = 5200ms (custom)
2019-09-25 12:53:22,644 [pool-187-thread-1] INFO  server.RaftServerConfigKeys (ConfUtils.java:logGet(43)) - raft.server.rpcslowness.timeout = 120s (custom)
2019-09-25 12:53:22,644 [pool-187-thread-1] INFO  server.RaftServerConfigKeys (ConfUtils.java:logGet(43)) - raft.server.sleep.deviation.threshold = 300 (default)
2019-09-25 12:53:22,644 [pool-187-thread-1] INFO  server.RaftServerConfigKeys (ConfUtils.java:logGet(43)) - raft.server.log.appender.install.snapshot.enabled = false (custom)
2019-09-25 12:53:22,644 [pool-187-thread-1] INFO  impl.RaftServerImpl (ServerState.java:<init>(103)) - f4c0c517-7090-4318-a980-be101d2dbd1a@group-AFBE67116274: ConfigurationManager, init=-1: [f4c0c517-7090-4318-a980-be101d2dbd1a:192.168.151.73:33580], old=null, confs=<EMPTY_MAP>
2019-09-25 12:53:22,644 [pool-187-thread-1] INFO  server.RaftServerConfigKeys (ConfUtils.java:logGet(43)) - raft.server.storage.dir = [/workdir/hadoop-ozone/ozonefs/target/test-dir/MiniOzoneClusterImpl-24d85c3a-9c2e-4ba2-880b-df25a410d0c9/datanode-1/data/ratis] (custom)
2019-09-25 12:53:22,645 [pool-187-thread-1] INFO  storage.RaftStorageDirectory (RaftStorageDirectory.java:analyzeStorage(246)) - The storage directory /workdir/hadoop-ozone/ozonefs/target/test-dir/MiniOzoneClusterImpl-24d85c3a-9c2e-4ba2-880b-df25a410d0c9/datanode-1/data/ratis/faf2f2fe-518c-46cd-8993-afbe67116274 does not exist. Creating ...
2019-09-25 12:53:22,668 [pool-187-thread-1] INFO  storage.RaftStorageDirectory (RaftStorageDirectory.java:tryLock(328)) - Lock on /workdir/hadoop-ozone/ozonefs/target/test-dir/MiniOzoneClusterImpl-24d85c3a-9c2e-4ba2-880b-df25a410d0c9/datanode-1/data/ratis/faf2f2fe-518c-46cd-8993-afbe67116274/in_use.lock acquired by nodename 3512@pr-hdds-1569-shd4m-3693607622
2019-09-25 12:53:22,691 [pool-187-thread-1] INFO  storage.RaftStorage (RaftStorage.java:format(72)) - Storage directory /workdir/hadoop-ozone/ozonefs/target/test-dir/MiniOzoneClusterImpl-24d85c3a-9c2e-4ba2-880b-df25a410d0c9/datanode-1/data/ratis/faf2f2fe-518c-46cd-8993-afbe67116274 has been successfully formatted.
2019-09-25 12:53:22,691 [pool-187-thread-1] INFO  ratis.ContainerStateMachine (ContainerStateMachine.java:loadSnapshot(230)) - group-AFBE67116274: The snapshot info is null. Setting the last applied indexto:(t:0, i:~)
2019-09-25 12:53:22,691 [pool-187-thread-1] INFO  server.RaftServerConfigKeys (ConfUtils.java:logGet(43)) - raft.server.notification.no-leader.timeout = 120s (custom)
2019-09-25 12:53:22,691 [pool-187-thread-1] INFO  server.RaftServerConfigKeys (ConfUtils.java:logGet(43)) - raft.server.log.use.memory = false (default)
2019-09-25 12:53:22,691 [pool-187-thread-1] INFO  server.RaftServerConfigKeys (ConfUtils.java:logGet(43)) - raft.server.log.purge.gap = 1000000 (custom)
2019-09-25 12:53:22,692 [pool-187-thread-1] INFO  server.RaftServerConfigKeys (ConfUtils.java:logGet(43)) - raft.server.log.appender.buffer.byte-limit = 33554432 (custom)
2019-09-25 12:53:22,692 [pool-187-thread-1] INFO  server.RaftServerConfigKeys (ConfUtils.java:logGet(43)) - raft.server.log.segment.size.max = 1048576 (custom)
2019-09-25 12:53:22,692 [pool-187-thread-1] INFO  server.RaftServerConfigKeys (ConfUtils.java:logGet(43)) - raft.server.log.segment.cache.num.max = 2 (custom)
2019-09-25 12:53:22,692 [pool-187-thread-1] INFO  segmented.SegmentedRaftLogWorker (SegmentedRaftLogWorker.java:<init>(172)) - new f4c0c517-7090-4318-a980-be101d2dbd1a@group-AFBE67116274-SegmentedRaftLogWorker for RaftStorage:Storage Directory /workdir/hadoop-ozone/ozonefs/target/test-dir/MiniOzoneClusterImpl-24d85c3a-9c2e-4ba2-880b-df25a410d0c9/datanode-1/data/ratis/faf2f2fe-518c-46cd-8993-afbe67116274
2019-09-25 12:53:22,692 [pool-187-thread-1] INFO  server.RaftServerConfigKeys (ConfUtils.java:logGet(43)) - raft.server.log.queue.byte-limit = 2147483647 (custom)
2019-09-25 12:53:22,693 [pool-187-thread-1] INFO  server.RaftServerConfigKeys (ConfUtils.java:logGet(43)) - raft.server.log.queue.element-limit = 1024 (custom)
2019-09-25 12:53:22,693 [pool-187-thread-1] INFO  server.RaftServerConfigKeys (ConfUtils.java:logGet(43)) - raft.server.log.segment.size.max = 1048576 (custom)
2019-09-25 12:53:22,693 [pool-187-thread-1] INFO  server.RaftServerConfigKeys (ConfUtils.java:logGet(43)) - raft.server.log.preallocated.size = 16384 (custom)
2019-09-25 12:53:22,693 [pool-187-thread-1] INFO  server.RaftServerConfigKeys (ConfUtils.java:logGet(43)) - raft.server.log.write.buffer.size = 33554432 (custom)
2019-09-25 12:53:22,693 [pool-187-thread-1] INFO  server.RaftServerConfigKeys (ConfUtils.java:logGet(43)) - raft.server.log.force.sync.num = 128 (default)
2019-09-25 12:53:22,693 [pool-187-thread-1] INFO  server.RaftServerConfigKeys (ConfUtils.java:logGet(43)) - raft.server.log.statemachine.data.sync = true (default)
2019-09-25 12:53:22,694 [pool-187-thread-1] INFO  server.RaftServerConfigKeys (ConfUtils.java:logGet(43)) - raft.server.log.statemachine.data.sync.timeout = 10s (default)
2019-09-25 12:53:22,694 [pool-187-thread-1] INFO  server.RaftServerConfigKeys (ConfUtils.java:logGet(43)) - raft.server.log.statemachine.data.sync.timeout.retry = -1 (default)
2019-09-25 12:53:22,694 [pool-187-thread-1] INFO  server.RaftServerConfigKeys (ConfUtils.java:logGet(43)) - raft.server.log.statemachine.data.caching.enabled = true (custom)
2019-09-25 12:53:22,695 [pool-187-thread-1] INFO  segmented.SegmentedRaftLogWorker (SegmentedRaftLogWorker.java:lambda$new$0(132)) - f4c0c517-7090-4318-a980-be101d2dbd1a@group-AFBE67116274-SegmentedRaftLogWorker: flushIndex: setUnconditionally 0 -> -1
2019-09-25 12:53:22,695 [pool-187-thread-1] INFO  server.RaftServerConfigKeys (ConfUtils.java:logGet(43)) - raft.server.snapshot.auto.trigger.enabled = true (custom)
2019-09-25 12:53:22,695 [pool-187-thread-1] INFO  server.RaftServerConfigKeys (ConfUtils.java:logGet(43)) - raft.server.snapshot.auto.trigger.threshold = 10000 (custom)
2019-09-25 12:53:22,695 [pool-187-thread-1] INFO  server.RaftServerConfigKeys (ConfUtils.java:logGet(43)) - raft.server.snapshot.retention.num.files = 5 (custom)
2019-09-25 12:53:22,696 [pool-187-thread-1] INFO  server.RaftServerConfigKeys (ConfUtils.java:logGet(43)) - raft.server.retrycache.expirytime = 600000ms (custom)
2019-09-25 12:53:22,698 [pool-187-thread-1] INFO  impl.RaftServerImpl (RaftServerImpl.java:start(185)) - f4c0c517-7090-4318-a980-be101d2dbd1a@group-AFBE67116274: start as a follower, conf=-1: [f4c0c517-7090-4318-a980-be101d2dbd1a:192.168.151.73:33580], old=null
2019-09-25 12:53:22,698 [pool-187-thread-1] INFO  impl.RaftServerImpl (RaftServerImpl.java:setRole(174)) - f4c0c517-7090-4318-a980-be101d2dbd1a@group-AFBE67116274: changes role from      null to FOLLOWER at term 0 for startAsFollower
2019-09-25 12:53:22,698 [pool-187-thread-1] INFO  impl.RoleInfo (RoleInfo.java:updateAndGet(143)) - f4c0c517-7090-4318-a980-be101d2dbd1a: start FollowerState
2019-09-25 12:53:22,699 [pool-187-thread-1] INFO  util.JmxRegister (JmxRegister.java:tryRegister(44)) - Successfully registered JMX Bean with object name Ratis:service=RaftServer,group=group-AFBE67116274,id=f4c0c517-7090-4318-a980-be101d2dbd1a
2019-09-25 12:53:22,702 [RatisPipelineUtilsThread] INFO  pipeline.PipelineStateManager (PipelineStateManager.java:addPipeline(56)) - Created pipeline Pipeline[ Id: faf2f2fe-518c-46cd-8993-afbe67116274, Nodes: f4c0c517-7090-4318-a980-be101d2dbd1a{ip: 192.168.151.73, host: pr-hdds-1569-shd4m-3693607622, networkLocation: /default-rack, certSerialId: null}, Type:RATIS, Factor:ONE, State:OPEN]
2019-09-25 12:53:22,702 [RatisPipelineUtilsThread] INFO  pipeline.PipelinePlacementPolicy (PipelinePlacementPolicy.java:meetCriteria(91)) - Pipeline Placement: can't place more pipeline on heavy datanode： 6759285c-27b5-468f-9e9e-f01eeaaacb7e Heaviness: 6 limit: 5
2019-09-25 12:53:22,712 [grpc-default-executor-0] INFO  impl.RaftServerProxy (RaftServerProxy.java:addNew(89)) - 86fe042a-2702-420c-b672-b4ed3f9dd429: addNew group-226F615D8716:[86fe042a-2702-420c-b672-b4ed3f9dd429:192.168.151.73:40740] returns group-226F615D8716:java.util.concurrent.CompletableFuture@4eea007b[Not completed]
2019-09-25 12:53:22,713 [pool-197-thread-1] INFO  impl.RaftServerImpl (RaftServerImpl.java:<init>(95)) - 86fe042a-2702-420c-b672-b4ed3f9dd429: new RaftServerImpl for group-226F615D8716:[86fe042a-2702-420c-b672-b4ed3f9dd429:192.168.151.73:40740] with ContainerStateMachine:uninitialized
2019-09-25 12:53:22,713 [pool-197-thread-1] INFO  server.RaftServerConfigKeys (ConfUtils.java:logGet(43)) - raft.server.rpc.timeout.min = 5s (custom)
2019-09-25 12:53:22,714 [pool-197-thread-1] INFO  server.RaftServerConfigKeys (ConfUtils.java:logGet(43)) - raft.server.rpc.timeout.max = 5200ms (custom)
2019-09-25 12:53:22,714 [pool-197-thread-1] INFO  server.RaftServerConfigKeys (ConfUtils.java:logGet(43)) - raft.server.rpcslowness.timeout = 120s (custom)
2019-09-25 12:53:22,714 [pool-197-thread-1] INFO  server.RaftServerConfigKeys (ConfUtils.java:logGet(43)) - raft.server.sleep.deviation.threshold = 300 (default)
2019-09-25 12:53:22,714 [pool-197-thread-1] INFO  server.RaftServerConfigKeys (ConfUtils.java:logGet(43)) - raft.server.log.appender.install.snapshot.enabled = false (custom)
2019-09-25 12:53:22,714 [pool-197-thread-1] INFO  impl.RaftServerImpl (ServerState.java:<init>(103)) - 86fe042a-2702-420c-b672-b4ed3f9dd429@group-226F615D8716: ConfigurationManager, init=-1: [86fe042a-2702-420c-b672-b4ed3f9dd429:192.168.151.73:40740], old=null, confs=<EMPTY_MAP>
2019-09-25 12:53:22,715 [pool-197-thread-1] INFO  server.RaftServerConfigKeys (ConfUtils.java:logGet(43)) - raft.server.storage.dir = [/workdir/hadoop-ozone/ozonefs/target/test-dir/MiniOzoneClusterImpl-24d85c3a-9c2e-4ba2-880b-df25a410d0c9/datanode-2/data/ratis] (custom)
2019-09-25 12:53:22,715 [pool-197-thread-1] INFO  storage.RaftStorageDirectory (RaftStorageDirectory.java:analyzeStorage(246)) - The storage directory /workdir/hadoop-ozone/ozonefs/target/test-dir/MiniOzoneClusterImpl-24d85c3a-9c2e-4ba2-880b-df25a410d0c9/datanode-2/data/ratis/cf1bec12-0cdb-4231-9a32-226f615d8716 does not exist. Creating ...
2019-09-25 12:53:22,755 [pool-197-thread-1] INFO  storage.RaftStorageDirectory (RaftStorageDirectory.java:tryLock(328)) - Lock on /workdir/hadoop-ozone/ozonefs/target/test-dir/MiniOzoneClusterImpl-24d85c3a-9c2e-4ba2-880b-df25a410d0c9/datanode-2/data/ratis/cf1bec12-0cdb-4231-9a32-226f615d8716/in_use.lock acquired by nodename 3512@pr-hdds-1569-shd4m-3693607622
2019-09-25 12:53:22,789 [pool-197-thread-1] INFO  storage.RaftStorage (RaftStorage.java:format(72)) - Storage directory /workdir/hadoop-ozone/ozonefs/target/test-dir/MiniOzoneClusterImpl-24d85c3a-9c2e-4ba2-880b-df25a410d0c9/datanode-2/data/ratis/cf1bec12-0cdb-4231-9a32-226f615d8716 has been successfully formatted.
2019-09-25 12:53:22,790 [pool-197-thread-1] INFO  ratis.ContainerStateMachine (ContainerStateMachine.java:loadSnapshot(230)) - group-226F615D8716: The snapshot info is null. Setting the last applied indexto:(t:0, i:~)
2019-09-25 12:53:22,790 [pool-197-thread-1] INFO  server.RaftServerConfigKeys (ConfUtils.java:logGet(43)) - raft.server.notification.no-leader.timeout = 120s (custom)
2019-09-25 12:53:22,790 [pool-197-thread-1] INFO  server.RaftServerConfigKeys (ConfUtils.java:logGet(43)) - raft.server.log.use.memory = false (default)
2019-09-25 12:53:22,790 [pool-197-thread-1] INFO  server.RaftServerConfigKeys (ConfUtils.java:logGet(43)) - raft.server.log.purge.gap = 1000000 (custom)
2019-09-25 12:53:22,790 [pool-197-thread-1] INFO  server.RaftServerConfigKeys (ConfUtils.java:logGet(43)) - raft.server.log.appender.buffer.byte-limit = 33554432 (custom)
2019-09-25 12:53:22,791 [pool-197-thread-1] INFO  server.RaftServerConfigKeys (ConfUtils.java:logGet(43)) - raft.server.log.segment.size.max = 1048576 (custom)
2019-09-25 12:53:22,791 [pool-197-thread-1] INFO  server.RaftServerConfigKeys (ConfUtils.java:logGet(43)) - raft.server.log.segment.cache.num.max = 2 (custom)
2019-09-25 12:53:22,791 [pool-197-thread-1] INFO  segmented.SegmentedRaftLogWorker (SegmentedRaftLogWorker.java:<init>(172)) - new 86fe042a-2702-420c-b672-b4ed3f9dd429@group-226F615D8716-SegmentedRaftLogWorker for RaftStorage:Storage Directory /workdir/hadoop-ozone/ozonefs/target/test-dir/MiniOzoneClusterImpl-24d85c3a-9c2e-4ba2-880b-df25a410d0c9/datanode-2/data/ratis/cf1bec12-0cdb-4231-9a32-226f615d8716
2019-09-25 12:53:22,793 [pool-197-thread-1] INFO  server.RaftServerConfigKeys (ConfUtils.java:logGet(43)) - raft.server.log.queue.byte-limit = 2147483647 (custom)
2019-09-25 12:53:22,793 [pool-197-thread-1] INFO  server.RaftServerConfigKeys (ConfUtils.java:logGet(43)) - raft.server.log.queue.element-limit = 1024 (custom)
2019-09-25 12:53:22,793 [pool-197-thread-1] INFO  server.RaftServerConfigKeys (ConfUtils.java:logGet(43)) - raft.server.log.segment.size.max = 1048576 (custom)
2019-09-25 12:53:22,793 [pool-197-thread-1] INFO  server.RaftServerConfigKeys (ConfUtils.java:logGet(43)) - raft.server.log.preallocated.size = 16384 (custom)
2019-09-25 12:53:22,793 [pool-197-thread-1] INFO  server.RaftServerConfigKeys (ConfUtils.java:logGet(43)) - raft.server.log.write.buffer.size = 33554432 (custom)
2019-09-25 12:53:22,793 [pool-197-thread-1] INFO  server.RaftServerConfigKeys (ConfUtils.java:logGet(43)) - raft.server.log.force.sync.num = 128 (default)
2019-09-25 12:53:22,794 [pool-197-thread-1] INFO  server.RaftServerConfigKeys (ConfUtils.java:logGet(43)) - raft.server.log.statemachine.data.sync = true (default)
2019-09-25 12:53:22,794 [pool-197-thread-1] INFO  server.RaftServerConfigKeys (ConfUtils.java:logGet(43)) - raft.server.log.statemachine.data.sync.timeout = 10s (default)
2019-09-25 12:53:22,794 [pool-197-thread-1] INFO  server.RaftServerConfigKeys (ConfUtils.java:logGet(43)) - raft.server.log.statemachine.data.sync.timeout.retry = -1 (default)
2019-09-25 12:53:22,794 [pool-197-thread-1] INFO  server.RaftServerConfigKeys (ConfUtils.java:logGet(43)) - raft.server.log.statemachine.data.caching.enabled = true (custom)
2019-09-25 12:53:22,795 [pool-197-thread-1] INFO  segmented.SegmentedRaftLogWorker (SegmentedRaftLogWorker.java:lambda$new$0(132)) - 86fe042a-2702-420c-b672-b4ed3f9dd429@group-226F615D8716-SegmentedRaftLogWorker: flushIndex: setUnconditionally 0 -> -1
2019-09-25 12:53:22,795 [pool-197-thread-1] INFO  server.RaftServerConfigKeys (ConfUtils.java:logGet(43)) - raft.server.snapshot.auto.trigger.enabled = true (custom)
2019-09-25 12:53:22,795 [pool-197-thread-1] INFO  server.RaftServerConfigKeys (ConfUtils.java:logGet(43)) - raft.server.snapshot.auto.trigger.threshold = 10000 (custom)
2019-09-25 12:53:22,795 [pool-197-thread-1] INFO  server.RaftServerConfigKeys (ConfUtils.java:logGet(43)) - raft.server.snapshot.retention.num.files = 5 (custom)
2019-09-25 12:53:22,795 [pool-197-thread-1] INFO  server.RaftServerConfigKeys (ConfUtils.java:logGet(43)) - raft.server.retrycache.expirytime = 600000ms (custom)
2019-09-25 12:53:22,797 [pool-197-thread-1] INFO  impl.RaftServerImpl (RaftServerImpl.java:start(185)) - 86fe042a-2702-420c-b672-b4ed3f9dd429@group-226F615D8716: start as a follower, conf=-1: [86fe042a-2702-420c-b672-b4ed3f9dd429:192.168.151.73:40740], old=null
2019-09-25 12:53:22,798 [pool-197-thread-1] INFO  impl.RaftServerImpl (RaftServerImpl.java:setRole(174)) - 86fe042a-2702-420c-b672-b4ed3f9dd429@group-226F615D8716: changes role from      null to FOLLOWER at term 0 for startAsFollower
2019-09-25 12:53:22,798 [pool-197-thread-1] INFO  impl.RoleInfo (RoleInfo.java:updateAndGet(143)) - 86fe042a-2702-420c-b672-b4ed3f9dd429: start FollowerState
2019-09-25 12:53:22,798 [pool-197-thread-1] INFO  util.JmxRegister (JmxRegister.java:tryRegister(44)) - Successfully registered JMX Bean with object name Ratis:service=RaftServer,group=group-226F615D8716,id=86fe042a-2702-420c-b672-b4ed3f9dd429
2019-09-25 12:53:22,802 [RatisPipelineUtilsThread] INFO  pipeline.PipelineStateManager (PipelineStateManager.java:addPipeline(56)) - Created pipeline Pipeline[ Id: cf1bec12-0cdb-4231-9a32-226f615d8716, Nodes: 86fe042a-2702-420c-b672-b4ed3f9dd429{ip: 192.168.151.73, host: pr-hdds-1569-shd4m-3693607622, networkLocation: /default-rack, certSerialId: null}, Type:RATIS, Factor:ONE, State:OPEN]
2019-09-25 12:53:22,803 [RatisPipelineUtilsThread] INFO  pipeline.PipelinePlacementPolicy (PipelinePlacementPolicy.java:meetCriteria(91)) - Pipeline Placement: can't place more pipeline on heavy datanode： 6759285c-27b5-468f-9e9e-f01eeaaacb7e Heaviness: 6 limit: 5
2019-09-25 12:53:22,809 [grpc-default-executor-0] INFO  impl.RaftServerProxy (RaftServerProxy.java:addNew(89)) - f4c0c517-7090-4318-a980-be101d2dbd1a: addNew group-074F536D8801:[f4c0c517-7090-4318-a980-be101d2dbd1a:192.168.151.73:33580] returns group-074F536D8801:java.util.concurrent.CompletableFuture@4a1f761b[Not completed]
2019-09-25 12:53:22,810 [pool-187-thread-1] INFO  impl.RaftServerImpl (RaftServerImpl.java:<init>(95)) - f4c0c517-7090-4318-a980-be101d2dbd1a: new RaftServerImpl for group-074F536D8801:[f4c0c517-7090-4318-a980-be101d2dbd1a:192.168.151.73:33580] with ContainerStateMachine:uninitialized
2019-09-25 12:53:22,810 [pool-187-thread-1] INFO  server.RaftServerConfigKeys (ConfUtils.java:logGet(43)) - raft.server.rpc.timeout.min = 5s (custom)
2019-09-25 12:53:22,810 [pool-187-thread-1] INFO  server.RaftServerConfigKeys (ConfUtils.java:logGet(43)) - raft.server.rpc.timeout.max = 5200ms (custom)
2019-09-25 12:53:22,810 [pool-187-thread-1] INFO  server.RaftServerConfigKeys (ConfUtils.java:logGet(43)) - raft.server.rpcslowness.timeout = 120s (custom)
2019-09-25 12:53:22,811 [pool-187-thread-1] INFO  server.RaftServerConfigKeys (ConfUtils.java:logGet(43)) - raft.server.sleep.deviation.threshold = 300 (default)
2019-09-25 12:53:22,811 [pool-187-thread-1] INFO  server.RaftServerConfigKeys (ConfUtils.java:logGet(43)) - raft.server.log.appender.install.snapshot.enabled = false (custom)
2019-09-25 12:53:22,811 [pool-187-thread-1] INFO  impl.RaftServerImpl (ServerState.java:<init>(103)) - f4c0c517-7090-4318-a980-be101d2dbd1a@group-074F536D8801: ConfigurationManager, init=-1: [f4c0c517-7090-4318-a980-be101d2dbd1a:192.168.151.73:33580], old=null, confs=<EMPTY_MAP>
2019-09-25 12:53:22,811 [pool-187-thread-1] INFO  server.RaftServerConfigKeys (ConfUtils.java:logGet(43)) - raft.server.storage.dir = [/workdir/hadoop-ozone/ozonefs/target/test-dir/MiniOzoneClusterImpl-24d85c3a-9c2e-4ba2-880b-df25a410d0c9/datanode-1/data/ratis] (custom)
2019-09-25 12:53:22,812 [pool-187-thread-1] INFO  storage.RaftStorageDirectory (RaftStorageDirectory.java:analyzeStorage(246)) - The storage directory /workdir/hadoop-ozone/ozonefs/target/test-dir/MiniOzoneClusterImpl-24d85c3a-9c2e-4ba2-880b-df25a410d0c9/datanode-1/data/ratis/f5e97b79-1ecc-40d8-83d2-074f536d8801 does not exist. Creating ...
2019-09-25 12:53:22,825 [pool-187-thread-1] INFO  storage.RaftStorageDirectory (RaftStorageDirectory.java:tryLock(328)) - Lock on /workdir/hadoop-ozone/ozonefs/target/test-dir/MiniOzoneClusterImpl-24d85c3a-9c2e-4ba2-880b-df25a410d0c9/datanode-1/data/ratis/f5e97b79-1ecc-40d8-83d2-074f536d8801/in_use.lock acquired by nodename 3512@pr-hdds-1569-shd4m-3693607622
2019-09-25 12:53:22,839 [pool-187-thread-1] INFO  storage.RaftStorage (RaftStorage.java:format(72)) - Storage directory /workdir/hadoop-ozone/ozonefs/target/test-dir/MiniOzoneClusterImpl-24d85c3a-9c2e-4ba2-880b-df25a410d0c9/datanode-1/data/ratis/f5e97b79-1ecc-40d8-83d2-074f536d8801 has been successfully formatted.
2019-09-25 12:53:22,839 [pool-187-thread-1] INFO  ratis.ContainerStateMachine (ContainerStateMachine.java:loadSnapshot(230)) - group-074F536D8801: The snapshot info is null. Setting the last applied indexto:(t:0, i:~)
2019-09-25 12:53:22,839 [pool-187-thread-1] INFO  server.RaftServerConfigKeys (ConfUtils.java:logGet(43)) - raft.server.notification.no-leader.timeout = 120s (custom)
2019-09-25 12:53:22,839 [pool-187-thread-1] INFO  server.RaftServerConfigKeys (ConfUtils.java:logGet(43)) - raft.server.log.use.memory = false (default)
2019-09-25 12:53:22,840 [pool-187-thread-1] INFO  server.RaftServerConfigKeys (ConfUtils.java:logGet(43)) - raft.server.log.purge.gap = 1000000 (custom)
2019-09-25 12:53:22,840 [pool-187-thread-1] INFO  server.RaftServerConfigKeys (ConfUtils.java:logGet(43)) - raft.server.log.appender.buffer.byte-limit = 33554432 (custom)
2019-09-25 12:53:22,840 [pool-187-thread-1] INFO  server.RaftServerConfigKeys (ConfUtils.java:logGet(43)) - raft.server.log.segment.size.max = 1048576 (custom)
2019-09-25 12:53:22,840 [pool-187-thread-1] INFO  server.RaftServerConfigKeys (ConfUtils.java:logGet(43)) - raft.server.log.segment.cache.num.max = 2 (custom)
2019-09-25 12:53:22,840 [pool-187-thread-1] INFO  segmented.SegmentedRaftLogWorker (SegmentedRaftLogWorker.java:<init>(172)) - new f4c0c517-7090-4318-a980-be101d2dbd1a@group-074F536D8801-SegmentedRaftLogWorker for RaftStorage:Storage Directory /workdir/hadoop-ozone/ozonefs/target/test-dir/MiniOzoneClusterImpl-24d85c3a-9c2e-4ba2-880b-df25a410d0c9/datanode-1/data/ratis/f5e97b79-1ecc-40d8-83d2-074f536d8801
2019-09-25 12:53:22,840 [pool-187-thread-1] INFO  server.RaftServerConfigKeys (ConfUtils.java:logGet(43)) - raft.server.log.queue.byte-limit = 2147483647 (custom)
2019-09-25 12:53:22,841 [pool-187-thread-1] INFO  server.RaftServerConfigKeys (ConfUtils.java:logGet(43)) - raft.server.log.queue.element-limit = 1024 (custom)
2019-09-25 12:53:22,841 [pool-187-thread-1] INFO  server.RaftServerConfigKeys (ConfUtils.java:logGet(43)) - raft.server.log.segment.size.max = 1048576 (custom)
2019-09-25 12:53:22,841 [pool-187-thread-1] INFO  server.RaftServerConfigKeys (ConfUtils.java:logGet(43)) - raft.server.log.preallocated.size = 16384 (custom)
2019-09-25 12:53:22,841 [pool-187-thread-1] INFO  server.RaftServerConfigKeys (ConfUtils.java:logGet(43)) - raft.server.log.write.buffer.size = 33554432 (custom)
2019-09-25 12:53:22,841 [pool-187-thread-1] INFO  server.RaftServerConfigKeys (ConfUtils.java:logGet(43)) - raft.server.log.force.sync.num = 128 (default)
2019-09-25 12:53:22,841 [pool-187-thread-1] INFO  server.RaftServerConfigKeys (ConfUtils.java:logGet(43)) - raft.server.log.statemachine.data.sync = true (default)
2019-09-25 12:53:22,842 [pool-187-thread-1] INFO  server.RaftServerConfigKeys (ConfUtils.java:logGet(43)) - raft.server.log.statemachine.data.sync.timeout = 10s (default)
2019-09-25 12:53:22,842 [pool-187-thread-1] INFO  server.RaftServerConfigKeys (ConfUtils.java:logGet(43)) - raft.server.log.statemachine.data.sync.timeout.retry = -1 (default)
2019-09-25 12:53:22,842 [pool-187-thread-1] INFO  server.RaftServerConfigKeys (ConfUtils.java:logGet(43)) - raft.server.log.statemachine.data.caching.enabled = true (custom)
2019-09-25 12:53:22,842 [pool-187-thread-1] INFO  segmented.SegmentedRaftLogWorker (SegmentedRaftLogWorker.java:lambda$new$0(132)) - f4c0c517-7090-4318-a980-be101d2dbd1a@group-074F536D8801-SegmentedRaftLogWorker: flushIndex: setUnconditionally 0 -> -1
2019-09-25 12:53:22,843 [pool-187-thread-1] INFO  server.RaftServerConfigKeys (ConfUtils.java:logGet(43)) - raft.server.snapshot.auto.trigger.enabled = true (custom)
2019-09-25 12:53:22,843 [pool-187-thread-1] INFO  server.RaftServerConfigKeys (ConfUtils.java:logGet(43)) - raft.server.snapshot.auto.trigger.threshold = 10000 (custom)
2019-09-25 12:53:22,843 [pool-187-thread-1] INFO  server.RaftServerConfigKeys (ConfUtils.java:logGet(43)) - raft.server.snapshot.retention.num.files = 5 (custom)
2019-09-25 12:53:22,843 [pool-187-thread-1] INFO  server.RaftServerConfigKeys (ConfUtils.java:logGet(43)) - raft.server.retrycache.expirytime = 600000ms (custom)
2019-09-25 12:53:22,845 [pool-187-thread-1] INFO  impl.RaftServerImpl (RaftServerImpl.java:start(185)) - f4c0c517-7090-4318-a980-be101d2dbd1a@group-074F536D8801: start as a follower, conf=-1: [f4c0c517-7090-4318-a980-be101d2dbd1a:192.168.151.73:33580], old=null
2019-09-25 12:53:22,845 [pool-187-thread-1] INFO  impl.RaftServerImpl (RaftServerImpl.java:setRole(174)) - f4c0c517-7090-4318-a980-be101d2dbd1a@group-074F536D8801: changes role from      null to FOLLOWER at term 0 for startAsFollower
2019-09-25 12:53:22,846 [pool-187-thread-1] INFO  impl.RoleInfo (RoleInfo.java:updateAndGet(143)) - f4c0c517-7090-4318-a980-be101d2dbd1a: start FollowerState
2019-09-25 12:53:22,846 [pool-187-thread-1] INFO  util.JmxRegister (JmxRegister.java:tryRegister(44)) - Successfully registered JMX Bean with object name Ratis:service=RaftServer,group=group-074F536D8801,id=f4c0c517-7090-4318-a980-be101d2dbd1a
2019-09-25 12:53:22,850 [RatisPipelineUtilsThread] INFO  pipeline.PipelineStateManager (PipelineStateManager.java:addPipeline(56)) - Created pipeline Pipeline[ Id: f5e97b79-1ecc-40d8-83d2-074f536d8801, Nodes: f4c0c517-7090-4318-a980-be101d2dbd1a{ip: 192.168.151.73, host: pr-hdds-1569-shd4m-3693607622, networkLocation: /default-rack, certSerialId: null}, Type:RATIS, Factor:ONE, State:OPEN]
2019-09-25 12:53:22,850 [RatisPipelineUtilsThread] INFO  pipeline.PipelinePlacementPolicy (PipelinePlacementPolicy.java:meetCriteria(91)) - Pipeline Placement: can't place more pipeline on heavy datanode： 6759285c-27b5-468f-9e9e-f01eeaaacb7e Heaviness: 6 limit: 5
2019-09-25 12:53:22,856 [grpc-default-executor-0] INFO  impl.RaftServerProxy (RaftServerProxy.java:addNew(89)) - f4c0c517-7090-4318-a980-be101d2dbd1a: addNew group-23202D4C71BB:[f4c0c517-7090-4318-a980-be101d2dbd1a:192.168.151.73:33580] returns group-23202D4C71BB:java.util.concurrent.CompletableFuture@3d94be3[Not completed]
2019-09-25 12:53:22,857 [pool-187-thread-1] INFO  impl.RaftServerImpl (RaftServerImpl.java:<init>(95)) - f4c0c517-7090-4318-a980-be101d2dbd1a: new RaftServerImpl for group-23202D4C71BB:[f4c0c517-7090-4318-a980-be101d2dbd1a:192.168.151.73:33580] with ContainerStateMachine:uninitialized
2019-09-25 12:53:22,857 [pool-187-thread-1] INFO  server.RaftServerConfigKeys (ConfUtils.java:logGet(43)) - raft.server.rpc.timeout.min = 5s (custom)
2019-09-25 12:53:22,857 [pool-187-thread-1] INFO  server.RaftServerConfigKeys (ConfUtils.java:logGet(43)) - raft.server.rpc.timeout.max = 5200ms (custom)
2019-09-25 12:53:22,857 [pool-187-thread-1] INFO  server.RaftServerConfigKeys (ConfUtils.java:logGet(43)) - raft.server.rpcslowness.timeout = 120s (custom)
2019-09-25 12:53:22,857 [pool-187-thread-1] INFO  server.RaftServerConfigKeys (ConfUtils.java:logGet(43)) - raft.server.sleep.deviation.threshold = 300 (default)
2019-09-25 12:53:22,857 [pool-187-thread-1] INFO  server.RaftServerConfigKeys (ConfUtils.java:logGet(43)) - raft.server.log.appender.install.snapshot.enabled = false (custom)
2019-09-25 12:53:22,858 [pool-187-thread-1] INFO  impl.RaftServerImpl (ServerState.java:<init>(103)) - f4c0c517-7090-4318-a980-be101d2dbd1a@group-23202D4C71BB: ConfigurationManager, init=-1: [f4c0c517-7090-4318-a980-be101d2dbd1a:192.168.151.73:33580], old=null, confs=<EMPTY_MAP>
2019-09-25 12:53:22,858 [pool-187-thread-1] INFO  server.RaftServerConfigKeys (ConfUtils.java:logGet(43)) - raft.server.storage.dir = [/workdir/hadoop-ozone/ozonefs/target/test-dir/MiniOzoneClusterImpl-24d85c3a-9c2e-4ba2-880b-df25a410d0c9/datanode-1/data/ratis] (custom)
2019-09-25 12:53:22,858 [pool-187-thread-1] INFO  storage.RaftStorageDirectory (RaftStorageDirectory.java:analyzeStorage(246)) - The storage directory /workdir/hadoop-ozone/ozonefs/target/test-dir/MiniOzoneClusterImpl-24d85c3a-9c2e-4ba2-880b-df25a410d0c9/datanode-1/data/ratis/2deefa20-2898-41e0-a991-23202d4c71bb does not exist. Creating ...
2019-09-25 12:53:22,883 [pool-187-thread-1] INFO  storage.RaftStorageDirectory (RaftStorageDirectory.java:tryLock(328)) - Lock on /workdir/hadoop-ozone/ozonefs/target/test-dir/MiniOzoneClusterImpl-24d85c3a-9c2e-4ba2-880b-df25a410d0c9/datanode-1/data/ratis/2deefa20-2898-41e0-a991-23202d4c71bb/in_use.lock acquired by nodename 3512@pr-hdds-1569-shd4m-3693607622
2019-09-25 12:53:22,896 [pool-187-thread-1] INFO  storage.RaftStorage (RaftStorage.java:format(72)) - Storage directory /workdir/hadoop-ozone/ozonefs/target/test-dir/MiniOzoneClusterImpl-24d85c3a-9c2e-4ba2-880b-df25a410d0c9/datanode-1/data/ratis/2deefa20-2898-41e0-a991-23202d4c71bb has been successfully formatted.
2019-09-25 12:53:22,896 [pool-187-thread-1] INFO  ratis.ContainerStateMachine (ContainerStateMachine.java:loadSnapshot(230)) - group-23202D4C71BB: The snapshot info is null. Setting the last applied indexto:(t:0, i:~)
2019-09-25 12:53:22,897 [pool-187-thread-1] INFO  server.RaftServerConfigKeys (ConfUtils.java:logGet(43)) - raft.server.notification.no-leader.timeout = 120s (custom)
2019-09-25 12:53:22,897 [pool-187-thread-1] INFO  server.RaftServerConfigKeys (ConfUtils.java:logGet(43)) - raft.server.log.use.memory = false (default)
2019-09-25 12:53:22,897 [pool-187-thread-1] INFO  server.RaftServerConfigKeys (ConfUtils.java:logGet(43)) - raft.server.log.purge.gap = 1000000 (custom)
2019-09-25 12:53:22,897 [pool-187-thread-1] INFO  server.RaftServerConfigKeys (ConfUtils.java:logGet(43)) - raft.server.log.appender.buffer.byte-limit = 33554432 (custom)
2019-09-25 12:53:22,897 [pool-187-thread-1] INFO  server.RaftServerConfigKeys (ConfUtils.java:logGet(43)) - raft.server.log.segment.size.max = 1048576 (custom)
2019-09-25 12:53:22,897 [pool-187-thread-1] INFO  server.RaftServerConfigKeys (ConfUtils.java:logGet(43)) - raft.server.log.segment.cache.num.max = 2 (custom)
2019-09-25 12:53:22,898 [pool-187-thread-1] INFO  segmented.SegmentedRaftLogWorker (SegmentedRaftLogWorker.java:<init>(172)) - new f4c0c517-7090-4318-a980-be101d2dbd1a@group-23202D4C71BB-SegmentedRaftLogWorker for RaftStorage:Storage Directory /workdir/hadoop-ozone/ozonefs/target/test-dir/MiniOzoneClusterImpl-24d85c3a-9c2e-4ba2-880b-df25a410d0c9/datanode-1/data/ratis/2deefa20-2898-41e0-a991-23202d4c71bb
2019-09-25 12:53:22,898 [pool-187-thread-1] INFO  server.RaftServerConfigKeys (ConfUtils.java:logGet(43)) - raft.server.log.queue.byte-limit = 2147483647 (custom)
2019-09-25 12:53:22,898 [pool-187-thread-1] INFO  server.RaftServerConfigKeys (ConfUtils.java:logGet(43)) - raft.server.log.queue.element-limit = 1024 (custom)
2019-09-25 12:53:22,898 [pool-187-thread-1] INFO  server.RaftServerConfigKeys (ConfUtils.java:logGet(43)) - raft.server.log.segment.size.max = 1048576 (custom)
2019-09-25 12:53:22,898 [pool-187-thread-1] INFO  server.RaftServerConfigKeys (ConfUtils.java:logGet(43)) - raft.server.log.preallocated.size = 16384 (custom)
2019-09-25 12:53:22,898 [pool-187-thread-1] INFO  server.RaftServerConfigKeys (ConfUtils.java:logGet(43)) - raft.server.log.write.buffer.size = 33554432 (custom)
2019-09-25 12:53:22,899 [pool-187-thread-1] INFO  server.RaftServerConfigKeys (ConfUtils.java:logGet(43)) - raft.server.log.force.sync.num = 128 (default)
2019-09-25 12:53:22,899 [pool-187-thread-1] INFO  server.RaftServerConfigKeys (ConfUtils.java:logGet(43)) - raft.server.log.statemachine.data.sync = true (default)
2019-09-25 12:53:22,899 [pool-187-thread-1] INFO  server.RaftServerConfigKeys (ConfUtils.java:logGet(43)) - raft.server.log.statemachine.data.sync.timeout = 10s (default)
2019-09-25 12:53:22,899 [pool-187-thread-1] INFO  server.RaftServerConfigKeys (ConfUtils.java:logGet(43)) - raft.server.log.statemachine.data.sync.timeout.retry = -1 (default)
2019-09-25 12:53:22,899 [pool-187-thread-1] INFO  server.RaftServerConfigKeys (ConfUtils.java:logGet(43)) - raft.server.log.statemachine.data.caching.enabled = true (custom)
2019-09-25 12:53:22,900 [pool-187-thread-1] INFO  segmented.SegmentedRaftLogWorker (SegmentedRaftLogWorker.java:lambda$new$0(132)) - f4c0c517-7090-4318-a980-be101d2dbd1a@group-23202D4C71BB-SegmentedRaftLogWorker: flushIndex: setUnconditionally 0 -> -1
2019-09-25 12:53:22,900 [pool-187-thread-1] INFO  server.RaftServerConfigKeys (ConfUtils.java:logGet(43)) - raft.server.snapshot.auto.trigger.enabled = true (custom)
2019-09-25 12:53:22,900 [pool-187-thread-1] INFO  server.RaftServerConfigKeys (ConfUtils.java:logGet(43)) - raft.server.snapshot.auto.trigger.threshold = 10000 (custom)
2019-09-25 12:53:22,900 [pool-187-thread-1] INFO  server.RaftServerConfigKeys (ConfUtils.java:logGet(43)) - raft.server.snapshot.retention.num.files = 5 (custom)
2019-09-25 12:53:22,901 [pool-187-thread-1] INFO  server.RaftServerConfigKeys (ConfUtils.java:logGet(43)) - raft.server.retrycache.expirytime = 600000ms (custom)
2019-09-25 12:53:22,903 [pool-187-thread-1] INFO  impl.RaftServerImpl (RaftServerImpl.java:start(185)) - f4c0c517-7090-4318-a980-be101d2dbd1a@group-23202D4C71BB: start as a follower, conf=-1: [f4c0c517-7090-4318-a980-be101d2dbd1a:192.168.151.73:33580], old=null
2019-09-25 12:53:22,903 [pool-187-thread-1] INFO  impl.RaftServerImpl (RaftServerImpl.java:setRole(174)) - f4c0c517-7090-4318-a980-be101d2dbd1a@group-23202D4C71BB: changes role from      null to FOLLOWER at term 0 for startAsFollower
2019-09-25 12:53:22,903 [pool-187-thread-1] INFO  impl.RoleInfo (RoleInfo.java:updateAndGet(143)) - f4c0c517-7090-4318-a980-be101d2dbd1a: start FollowerState
2019-09-25 12:53:22,903 [pool-187-thread-1] INFO  util.JmxRegister (JmxRegister.java:tryRegister(44)) - Successfully registered JMX Bean with object name Ratis:service=RaftServer,group=group-23202D4C71BB,id=f4c0c517-7090-4318-a980-be101d2dbd1a
2019-09-25 12:53:22,906 [RatisPipelineUtilsThread] INFO  pipeline.PipelineStateManager (PipelineStateManager.java:addPipeline(56)) - Created pipeline Pipeline[ Id: 2deefa20-2898-41e0-a991-23202d4c71bb, Nodes: f4c0c517-7090-4318-a980-be101d2dbd1a{ip: 192.168.151.73, host: pr-hdds-1569-shd4m-3693607622, networkLocation: /default-rack, certSerialId: null}, Type:RATIS, Factor:ONE, State:OPEN]
2019-09-25 12:53:22,906 [RatisPipelineUtilsThread] INFO  pipeline.PipelinePlacementPolicy (PipelinePlacementPolicy.java:meetCriteria(91)) - Pipeline Placement: can't place more pipeline on heavy datanode： 6759285c-27b5-468f-9e9e-f01eeaaacb7e Heaviness: 6 limit: 5
2019-09-25 12:53:22,912 [grpc-default-executor-0] INFO  impl.RaftServerProxy (RaftServerProxy.java:addNew(89)) - f4c0c517-7090-4318-a980-be101d2dbd1a: addNew group-B5DF8A5B196C:[f4c0c517-7090-4318-a980-be101d2dbd1a:192.168.151.73:33580] returns group-B5DF8A5B196C:java.util.concurrent.CompletableFuture@47d8195[Not completed]
2019-09-25 12:53:22,913 [pool-187-thread-1] INFO  impl.RaftServerImpl (RaftServerImpl.java:<init>(95)) - f4c0c517-7090-4318-a980-be101d2dbd1a: new RaftServerImpl for group-B5DF8A5B196C:[f4c0c517-7090-4318-a980-be101d2dbd1a:192.168.151.73:33580] with ContainerStateMachine:uninitialized
2019-09-25 12:53:22,913 [pool-187-thread-1] INFO  server.RaftServerConfigKeys (ConfUtils.java:logGet(43)) - raft.server.rpc.timeout.min = 5s (custom)
2019-09-25 12:53:22,914 [pool-187-thread-1] INFO  server.RaftServerConfigKeys (ConfUtils.java:logGet(43)) - raft.server.rpc.timeout.max = 5200ms (custom)
2019-09-25 12:53:22,914 [pool-187-thread-1] INFO  server.RaftServerConfigKeys (ConfUtils.java:logGet(43)) - raft.server.rpcslowness.timeout = 120s (custom)
2019-09-25 12:53:22,914 [pool-187-thread-1] INFO  server.RaftServerConfigKeys (ConfUtils.java:logGet(43)) - raft.server.sleep.deviation.threshold = 300 (default)
2019-09-25 12:53:22,914 [pool-187-thread-1] INFO  server.RaftServerConfigKeys (ConfUtils.java:logGet(43)) - raft.server.log.appender.install.snapshot.enabled = false (custom)
2019-09-25 12:53:22,914 [pool-187-thread-1] INFO  impl.RaftServerImpl (ServerState.java:<init>(103)) - f4c0c517-7090-4318-a980-be101d2dbd1a@group-B5DF8A5B196C: ConfigurationManager, init=-1: [f4c0c517-7090-4318-a980-be101d2dbd1a:192.168.151.73:33580], old=null, confs=<EMPTY_MAP>
2019-09-25 12:53:22,915 [pool-187-thread-1] INFO  server.RaftServerConfigKeys (ConfUtils.java:logGet(43)) - raft.server.storage.dir = [/workdir/hadoop-ozone/ozonefs/target/test-dir/MiniOzoneClusterImpl-24d85c3a-9c2e-4ba2-880b-df25a410d0c9/datanode-1/data/ratis] (custom)
2019-09-25 12:53:22,915 [pool-187-thread-1] INFO  storage.RaftStorageDirectory (RaftStorageDirectory.java:analyzeStorage(246)) - The storage directory /workdir/hadoop-ozone/ozonefs/target/test-dir/MiniOzoneClusterImpl-24d85c3a-9c2e-4ba2-880b-df25a410d0c9/datanode-1/data/ratis/ea2c4dbe-207d-4cf1-973f-b5df8a5b196c does not exist. Creating ...
2019-09-25 12:53:22,928 [pool-187-thread-1] INFO  storage.RaftStorageDirectory (RaftStorageDirectory.java:tryLock(328)) - Lock on /workdir/hadoop-ozone/ozonefs/target/test-dir/MiniOzoneClusterImpl-24d85c3a-9c2e-4ba2-880b-df25a410d0c9/datanode-1/data/ratis/ea2c4dbe-207d-4cf1-973f-b5df8a5b196c/in_use.lock acquired by nodename 3512@pr-hdds-1569-shd4m-3693607622
2019-09-25 12:53:22,941 [pool-187-thread-1] INFO  storage.RaftStorage (RaftStorage.java:format(72)) - Storage directory /workdir/hadoop-ozone/ozonefs/target/test-dir/MiniOzoneClusterImpl-24d85c3a-9c2e-4ba2-880b-df25a410d0c9/datanode-1/data/ratis/ea2c4dbe-207d-4cf1-973f-b5df8a5b196c has been successfully formatted.
2019-09-25 12:53:22,941 [pool-187-thread-1] INFO  ratis.ContainerStateMachine (ContainerStateMachine.java:loadSnapshot(230)) - group-B5DF8A5B196C: The snapshot info is null. Setting the last applied indexto:(t:0, i:~)
2019-09-25 12:53:22,941 [pool-187-thread-1] INFO  server.RaftServerConfigKeys (ConfUtils.java:logGet(43)) - raft.server.notification.no-leader.timeout = 120s (custom)
2019-09-25 12:53:22,941 [pool-187-thread-1] INFO  server.RaftServerConfigKeys (ConfUtils.java:logGet(43)) - raft.server.log.use.memory = false (default)
2019-09-25 12:53:22,942 [pool-187-thread-1] INFO  server.RaftServerConfigKeys (ConfUtils.java:logGet(43)) - raft.server.log.purge.gap = 1000000 (custom)
2019-09-25 12:53:22,942 [pool-187-thread-1] INFO  server.RaftServerConfigKeys (ConfUtils.java:logGet(43)) - raft.server.log.appender.buffer.byte-limit = 33554432 (custom)
2019-09-25 12:53:22,942 [pool-187-thread-1] INFO  server.RaftServerConfigKeys (ConfUtils.java:logGet(43)) - raft.server.log.segment.size.max = 1048576 (custom)
2019-09-25 12:53:22,942 [pool-187-thread-1] INFO  server.RaftServerConfigKeys (ConfUtils.java:logGet(43)) - raft.server.log.segment.cache.num.max = 2 (custom)
2019-09-25 12:53:22,942 [pool-187-thread-1] INFO  segmented.SegmentedRaftLogWorker (SegmentedRaftLogWorker.java:<init>(172)) - new f4c0c517-7090-4318-a980-be101d2dbd1a@group-B5DF8A5B196C-SegmentedRaftLogWorker for RaftStorage:Storage Directory /workdir/hadoop-ozone/ozonefs/target/test-dir/MiniOzoneClusterImpl-24d85c3a-9c2e-4ba2-880b-df25a410d0c9/datanode-1/data/ratis/ea2c4dbe-207d-4cf1-973f-b5df8a5b196c
2019-09-25 12:53:22,942 [pool-187-thread-1] INFO  server.RaftServerConfigKeys (ConfUtils.java:logGet(43)) - raft.server.log.queue.byte-limit = 2147483647 (custom)
2019-09-25 12:53:22,943 [pool-187-thread-1] INFO  server.RaftServerConfigKeys (ConfUtils.java:logGet(43)) - raft.server.log.queue.element-limit = 1024 (custom)
2019-09-25 12:53:22,943 [pool-187-thread-1] INFO  server.RaftServerConfigKeys (ConfUtils.java:logGet(43)) - raft.server.log.segment.size.max = 1048576 (custom)
2019-09-25 12:53:22,943 [pool-187-thread-1] INFO  server.RaftServerConfigKeys (ConfUtils.java:logGet(43)) - raft.server.log.preallocated.size = 16384 (custom)
2019-09-25 12:53:22,943 [pool-187-thread-1] INFO  server.RaftServerConfigKeys (ConfUtils.java:logGet(43)) - raft.server.log.write.buffer.size = 33554432 (custom)
2019-09-25 12:53:22,943 [pool-187-thread-1] INFO  server.RaftServerConfigKeys (ConfUtils.java:logGet(43)) - raft.server.log.force.sync.num = 128 (default)
2019-09-25 12:53:22,943 [pool-187-thread-1] INFO  server.RaftServerConfigKeys (ConfUtils.java:logGet(43)) - raft.server.log.statemachine.data.sync = true (default)
2019-09-25 12:53:22,944 [pool-187-thread-1] INFO  server.RaftServerConfigKeys (ConfUtils.java:logGet(43)) - raft.server.log.statemachine.data.sync.timeout = 10s (default)
2019-09-25 12:53:22,944 [pool-187-thread-1] INFO  server.RaftServerConfigKeys (ConfUtils.java:logGet(43)) - raft.server.log.statemachine.data.sync.timeout.retry = -1 (default)
2019-09-25 12:53:22,944 [pool-187-thread-1] INFO  server.RaftServerConfigKeys (ConfUtils.java:logGet(43)) - raft.server.log.statemachine.data.caching.enabled = true (custom)
2019-09-25 12:53:22,944 [pool-187-thread-1] INFO  segmented.SegmentedRaftLogWorker (SegmentedRaftLogWorker.java:lambda$new$0(132)) - f4c0c517-7090-4318-a980-be101d2dbd1a@group-B5DF8A5B196C-SegmentedRaftLogWorker: flushIndex: setUnconditionally 0 -> -1
2019-09-25 12:53:22,945 [pool-187-thread-1] INFO  server.RaftServerConfigKeys (ConfUtils.java:logGet(43)) - raft.server.snapshot.auto.trigger.enabled = true (custom)
2019-09-25 12:53:22,945 [pool-187-thread-1] INFO  server.RaftServerConfigKeys (ConfUtils.java:logGet(43)) - raft.server.snapshot.auto.trigger.threshold = 10000 (custom)
2019-09-25 12:53:22,945 [pool-187-thread-1] INFO  server.RaftServerConfigKeys (ConfUtils.java:logGet(43)) - raft.server.snapshot.retention.num.files = 5 (custom)
2019-09-25 12:53:22,945 [pool-187-thread-1] INFO  server.RaftServerConfigKeys (ConfUtils.java:logGet(43)) - raft.server.retrycache.expirytime = 600000ms (custom)
2019-09-25 12:53:22,947 [pool-187-thread-1] INFO  impl.RaftServerImpl (RaftServerImpl.java:start(185)) - f4c0c517-7090-4318-a980-be101d2dbd1a@group-B5DF8A5B196C: start as a follower, conf=-1: [f4c0c517-7090-4318-a980-be101d2dbd1a:192.168.151.73:33580], old=null
2019-09-25 12:53:22,947 [pool-187-thread-1] INFO  impl.RaftServerImpl (RaftServerImpl.java:setRole(174)) - f4c0c517-7090-4318-a980-be101d2dbd1a@group-B5DF8A5B196C: changes role from      null to FOLLOWER at term 0 for startAsFollower
2019-09-25 12:53:22,947 [pool-187-thread-1] INFO  impl.RoleInfo (RoleInfo.java:updateAndGet(143)) - f4c0c517-7090-4318-a980-be101d2dbd1a: start FollowerState
2019-09-25 12:53:22,948 [pool-187-thread-1] INFO  util.JmxRegister (JmxRegister.java:tryRegister(44)) - Successfully registered JMX Bean with object name Ratis:service=RaftServer,group=group-B5DF8A5B196C,id=f4c0c517-7090-4318-a980-be101d2dbd1a
2019-09-25 12:53:22,951 [RatisPipelineUtilsThread] INFO  pipeline.PipelineStateManager (PipelineStateManager.java:addPipeline(56)) - Created pipeline Pipeline[ Id: ea2c4dbe-207d-4cf1-973f-b5df8a5b196c, Nodes: f4c0c517-7090-4318-a980-be101d2dbd1a{ip: 192.168.151.73, host: pr-hdds-1569-shd4m-3693607622, networkLocation: /default-rack, certSerialId: null}, Type:RATIS, Factor:ONE, State:OPEN]
2019-09-25 12:53:22,951 [RatisPipelineUtilsThread] INFO  pipeline.PipelinePlacementPolicy (PipelinePlacementPolicy.java:meetCriteria(91)) - Pipeline Placement: can't place more pipeline on heavy datanode： f4c0c517-7090-4318-a980-be101d2dbd1a Heaviness: 6 limit: 5
2019-09-25 12:53:22,951 [RatisPipelineUtilsThread] INFO  pipeline.PipelinePlacementPolicy (PipelinePlacementPolicy.java:meetCriteria(91)) - Pipeline Placement: can't place more pipeline on heavy datanode： 6759285c-27b5-468f-9e9e-f01eeaaacb7e Heaviness: 6 limit: 5
2019-09-25 12:53:22,957 [grpc-default-executor-0] INFO  impl.RaftServerProxy (RaftServerProxy.java:addNew(89)) - 86fe042a-2702-420c-b672-b4ed3f9dd429: addNew group-70AE2786380B:[86fe042a-2702-420c-b672-b4ed3f9dd429:192.168.151.73:40740] returns group-70AE2786380B:java.util.concurrent.CompletableFuture@233d6950[Not completed]
2019-09-25 12:53:22,958 [pool-197-thread-1] INFO  impl.RaftServerImpl (RaftServerImpl.java:<init>(95)) - 86fe042a-2702-420c-b672-b4ed3f9dd429: new RaftServerImpl for group-70AE2786380B:[86fe042a-2702-420c-b672-b4ed3f9dd429:192.168.151.73:40740] with ContainerStateMachine:uninitialized
2019-09-25 12:53:22,958 [pool-197-thread-1] INFO  server.RaftServerConfigKeys (ConfUtils.java:logGet(43)) - raft.server.rpc.timeout.min = 5s (custom)
2019-09-25 12:53:22,959 [pool-197-thread-1] INFO  server.RaftServerConfigKeys (ConfUtils.java:logGet(43)) - raft.server.rpc.timeout.max = 5200ms (custom)
2019-09-25 12:53:22,959 [pool-197-thread-1] INFO  server.RaftServerConfigKeys (ConfUtils.java:logGet(43)) - raft.server.rpcslowness.timeout = 120s (custom)
2019-09-25 12:53:22,959 [pool-197-thread-1] INFO  server.RaftServerConfigKeys (ConfUtils.java:logGet(43)) - raft.server.sleep.deviation.threshold = 300 (default)
2019-09-25 12:53:22,959 [pool-197-thread-1] INFO  server.RaftServerConfigKeys (ConfUtils.java:logGet(43)) - raft.server.log.appender.install.snapshot.enabled = false (custom)
2019-09-25 12:53:22,959 [pool-197-thread-1] INFO  impl.RaftServerImpl (ServerState.java:<init>(103)) - 86fe042a-2702-420c-b672-b4ed3f9dd429@group-70AE2786380B: ConfigurationManager, init=-1: [86fe042a-2702-420c-b672-b4ed3f9dd429:192.168.151.73:40740], old=null, confs=<EMPTY_MAP>
2019-09-25 12:53:22,960 [pool-197-thread-1] INFO  server.RaftServerConfigKeys (ConfUtils.java:logGet(43)) - raft.server.storage.dir = [/workdir/hadoop-ozone/ozonefs/target/test-dir/MiniOzoneClusterImpl-24d85c3a-9c2e-4ba2-880b-df25a410d0c9/datanode-2/data/ratis] (custom)
2019-09-25 12:53:22,960 [pool-197-thread-1] INFO  storage.RaftStorageDirectory (RaftStorageDirectory.java:analyzeStorage(246)) - The storage directory /workdir/hadoop-ozone/ozonefs/target/test-dir/MiniOzoneClusterImpl-24d85c3a-9c2e-4ba2-880b-df25a410d0c9/datanode-2/data/ratis/045418da-1f64-406a-9812-70ae2786380b does not exist. Creating ...
2019-09-25 12:53:22,983 [pool-197-thread-1] INFO  storage.RaftStorageDirectory (RaftStorageDirectory.java:tryLock(328)) - Lock on /workdir/hadoop-ozone/ozonefs/target/test-dir/MiniOzoneClusterImpl-24d85c3a-9c2e-4ba2-880b-df25a410d0c9/datanode-2/data/ratis/045418da-1f64-406a-9812-70ae2786380b/in_use.lock acquired by nodename 3512@pr-hdds-1569-shd4m-3693607622
2019-09-25 12:53:23,006 [pool-197-thread-1] INFO  storage.RaftStorage (RaftStorage.java:format(72)) - Storage directory /workdir/hadoop-ozone/ozonefs/target/test-dir/MiniOzoneClusterImpl-24d85c3a-9c2e-4ba2-880b-df25a410d0c9/datanode-2/data/ratis/045418da-1f64-406a-9812-70ae2786380b has been successfully formatted.
2019-09-25 12:53:23,006 [pool-197-thread-1] INFO  ratis.ContainerStateMachine (ContainerStateMachine.java:loadSnapshot(230)) - group-70AE2786380B: The snapshot info is null. Setting the last applied indexto:(t:0, i:~)
2019-09-25 12:53:23,006 [pool-197-thread-1] INFO  server.RaftServerConfigKeys (ConfUtils.java:logGet(43)) - raft.server.notification.no-leader.timeout = 120s (custom)
2019-09-25 12:53:23,007 [pool-197-thread-1] INFO  server.RaftServerConfigKeys (ConfUtils.java:logGet(43)) - raft.server.log.use.memory = false (default)
2019-09-25 12:53:23,007 [pool-197-thread-1] INFO  server.RaftServerConfigKeys (ConfUtils.java:logGet(43)) - raft.server.log.purge.gap = 1000000 (custom)
2019-09-25 12:53:23,007 [pool-197-thread-1] INFO  server.RaftServerConfigKeys (ConfUtils.java:logGet(43)) - raft.server.log.appender.buffer.byte-limit = 33554432 (custom)
2019-09-25 12:53:23,007 [pool-197-thread-1] INFO  server.RaftServerConfigKeys (ConfUtils.java:logGet(43)) - raft.server.log.segment.size.max = 1048576 (custom)
2019-09-25 12:53:23,008 [pool-197-thread-1] INFO  server.RaftServerConfigKeys (ConfUtils.java:logGet(43)) - raft.server.log.segment.cache.num.max = 2 (custom)
2019-09-25 12:53:23,008 [pool-197-thread-1] INFO  segmented.SegmentedRaftLogWorker (SegmentedRaftLogWorker.java:<init>(172)) - new 86fe042a-2702-420c-b672-b4ed3f9dd429@group-70AE2786380B-SegmentedRaftLogWorker for RaftStorage:Storage Directory /workdir/hadoop-ozone/ozonefs/target/test-dir/MiniOzoneClusterImpl-24d85c3a-9c2e-4ba2-880b-df25a410d0c9/datanode-2/data/ratis/045418da-1f64-406a-9812-70ae2786380b
2019-09-25 12:53:23,008 [pool-197-thread-1] INFO  server.RaftServerConfigKeys (ConfUtils.java:logGet(43)) - raft.server.log.queue.byte-limit = 2147483647 (custom)
2019-09-25 12:53:23,008 [pool-197-thread-1] INFO  server.RaftServerConfigKeys (ConfUtils.java:logGet(43)) - raft.server.log.queue.element-limit = 1024 (custom)
2019-09-25 12:53:23,008 [pool-197-thread-1] INFO  server.RaftServerConfigKeys (ConfUtils.java:logGet(43)) - raft.server.log.segment.size.max = 1048576 (custom)
2019-09-25 12:53:23,009 [pool-197-thread-1] INFO  server.RaftServerConfigKeys (ConfUtils.java:logGet(43)) - raft.server.log.preallocated.size = 16384 (custom)
2019-09-25 12:53:23,009 [pool-197-thread-1] INFO  server.RaftServerConfigKeys (ConfUtils.java:logGet(43)) - raft.server.log.write.buffer.size = 33554432 (custom)
2019-09-25 12:53:23,009 [pool-197-thread-1] INFO  server.RaftServerConfigKeys (ConfUtils.java:logGet(43)) - raft.server.log.force.sync.num = 128 (default)
2019-09-25 12:53:23,009 [pool-197-thread-1] INFO  server.RaftServerConfigKeys (ConfUtils.java:logGet(43)) - raft.server.log.statemachine.data.sync = true (default)
2019-09-25 12:53:23,010 [pool-197-thread-1] INFO  server.RaftServerConfigKeys (ConfUtils.java:logGet(43)) - raft.server.log.statemachine.data.sync.timeout = 10s (default)
2019-09-25 12:53:23,010 [pool-197-thread-1] INFO  server.RaftServerConfigKeys (ConfUtils.java:logGet(43)) - raft.server.log.statemachine.data.sync.timeout.retry = -1 (default)
2019-09-25 12:53:23,010 [pool-197-thread-1] INFO  server.RaftServerConfigKeys (ConfUtils.java:logGet(43)) - raft.server.log.statemachine.data.caching.enabled = true (custom)
2019-09-25 12:53:23,010 [pool-197-thread-1] INFO  segmented.SegmentedRaftLogWorker (SegmentedRaftLogWorker.java:lambda$new$0(132)) - 86fe042a-2702-420c-b672-b4ed3f9dd429@group-70AE2786380B-SegmentedRaftLogWorker: flushIndex: setUnconditionally 0 -> -1
2019-09-25 12:53:23,011 [pool-197-thread-1] INFO  server.RaftServerConfigKeys (ConfUtils.java:logGet(43)) - raft.server.snapshot.auto.trigger.enabled = true (custom)
2019-09-25 12:53:23,011 [pool-197-thread-1] INFO  server.RaftServerConfigKeys (ConfUtils.java:logGet(43)) - raft.server.snapshot.auto.trigger.threshold = 10000 (custom)
2019-09-25 12:53:23,011 [pool-197-thread-1] INFO  server.RaftServerConfigKeys (ConfUtils.java:logGet(43)) - raft.server.snapshot.retention.num.files = 5 (custom)
2019-09-25 12:53:23,011 [pool-197-thread-1] INFO  server.RaftServerConfigKeys (ConfUtils.java:logGet(43)) - raft.server.retrycache.expirytime = 600000ms (custom)
2019-09-25 12:53:23,013 [pool-197-thread-1] INFO  impl.RaftServerImpl (RaftServerImpl.java:start(185)) - 86fe042a-2702-420c-b672-b4ed3f9dd429@group-70AE2786380B: start as a follower, conf=-1: [86fe042a-2702-420c-b672-b4ed3f9dd429:192.168.151.73:40740], old=null
2019-09-25 12:53:23,014 [pool-197-thread-1] INFO  impl.RaftServerImpl (RaftServerImpl.java:setRole(174)) - 86fe042a-2702-420c-b672-b4ed3f9dd429@group-70AE2786380B: changes role from      null to FOLLOWER at term 0 for startAsFollower
2019-09-25 12:53:23,014 [pool-197-thread-1] INFO  impl.RoleInfo (RoleInfo.java:updateAndGet(143)) - 86fe042a-2702-420c-b672-b4ed3f9dd429: start FollowerState
2019-09-25 12:53:23,014 [pool-197-thread-1] INFO  util.JmxRegister (JmxRegister.java:tryRegister(44)) - Successfully registered JMX Bean with object name Ratis:service=RaftServer,group=group-70AE2786380B,id=86fe042a-2702-420c-b672-b4ed3f9dd429
2019-09-25 12:53:23,018 [RatisPipelineUtilsThread] INFO  pipeline.PipelineStateManager (PipelineStateManager.java:addPipeline(56)) - Created pipeline Pipeline[ Id: 045418da-1f64-406a-9812-70ae2786380b, Nodes: 86fe042a-2702-420c-b672-b4ed3f9dd429{ip: 192.168.151.73, host: pr-hdds-1569-shd4m-3693607622, networkLocation: /default-rack, certSerialId: null}, Type:RATIS, Factor:ONE, State:OPEN]
2019-09-25 12:53:23,018 [RatisPipelineUtilsThread] INFO  pipeline.PipelinePlacementPolicy (PipelinePlacementPolicy.java:meetCriteria(91)) - Pipeline Placement: can't place more pipeline on heavy datanode： f4c0c517-7090-4318-a980-be101d2dbd1a Heaviness: 6 limit: 5
2019-09-25 12:53:23,019 [RatisPipelineUtilsThread] INFO  pipeline.PipelinePlacementPolicy (PipelinePlacementPolicy.java:meetCriteria(91)) - Pipeline Placement: can't place more pipeline on heavy datanode： 6759285c-27b5-468f-9e9e-f01eeaaacb7e Heaviness: 6 limit: 5
2019-09-25 12:53:23,024 [grpc-default-executor-0] INFO  impl.RaftServerProxy (RaftServerProxy.java:addNew(89)) - 86fe042a-2702-420c-b672-b4ed3f9dd429: addNew group-FACD72C0C7EE:[86fe042a-2702-420c-b672-b4ed3f9dd429:192.168.151.73:40740] returns group-FACD72C0C7EE:java.util.concurrent.CompletableFuture@62da05b9[Not completed]
2019-09-25 12:53:23,026 [pool-197-thread-1] INFO  impl.RaftServerImpl (RaftServerImpl.java:<init>(95)) - 86fe042a-2702-420c-b672-b4ed3f9dd429: new RaftServerImpl for group-FACD72C0C7EE:[86fe042a-2702-420c-b672-b4ed3f9dd429:192.168.151.73:40740] with ContainerStateMachine:uninitialized
2019-09-25 12:53:23,026 [pool-197-thread-1] INFO  server.RaftServerConfigKeys (ConfUtils.java:logGet(43)) - raft.server.rpc.timeout.min = 5s (custom)
2019-09-25 12:53:23,026 [pool-197-thread-1] INFO  server.RaftServerConfigKeys (ConfUtils.java:logGet(43)) - raft.server.rpc.timeout.max = 5200ms (custom)
2019-09-25 12:53:23,026 [pool-197-thread-1] INFO  server.RaftServerConfigKeys (ConfUtils.java:logGet(43)) - raft.server.rpcslowness.timeout = 120s (custom)
2019-09-25 12:53:23,026 [pool-197-thread-1] INFO  server.RaftServerConfigKeys (ConfUtils.java:logGet(43)) - raft.server.sleep.deviation.threshold = 300 (default)
2019-09-25 12:53:23,027 [pool-197-thread-1] INFO  server.RaftServerConfigKeys (ConfUtils.java:logGet(43)) - raft.server.log.appender.install.snapshot.enabled = false (custom)
2019-09-25 12:53:23,027 [pool-197-thread-1] INFO  impl.RaftServerImpl (ServerState.java:<init>(103)) - 86fe042a-2702-420c-b672-b4ed3f9dd429@group-FACD72C0C7EE: ConfigurationManager, init=-1: [86fe042a-2702-420c-b672-b4ed3f9dd429:192.168.151.73:40740], old=null, confs=<EMPTY_MAP>
2019-09-25 12:53:23,027 [pool-197-thread-1] INFO  server.RaftServerConfigKeys (ConfUtils.java:logGet(43)) - raft.server.storage.dir = [/workdir/hadoop-ozone/ozonefs/target/test-dir/MiniOzoneClusterImpl-24d85c3a-9c2e-4ba2-880b-df25a410d0c9/datanode-2/data/ratis] (custom)
2019-09-25 12:53:23,027 [pool-197-thread-1] INFO  storage.RaftStorageDirectory (RaftStorageDirectory.java:analyzeStorage(246)) - The storage directory /workdir/hadoop-ozone/ozonefs/target/test-dir/MiniOzoneClusterImpl-24d85c3a-9c2e-4ba2-880b-df25a410d0c9/datanode-2/data/ratis/9700656a-659f-475d-9f4c-facd72c0c7ee does not exist. Creating ...
2019-09-25 12:53:23,050 [pool-197-thread-1] INFO  storage.RaftStorageDirectory (RaftStorageDirectory.java:tryLock(328)) - Lock on /workdir/hadoop-ozone/ozonefs/target/test-dir/MiniOzoneClusterImpl-24d85c3a-9c2e-4ba2-880b-df25a410d0c9/datanode-2/data/ratis/9700656a-659f-475d-9f4c-facd72c0c7ee/in_use.lock acquired by nodename 3512@pr-hdds-1569-shd4m-3693607622
2019-09-25 12:53:23,073 [pool-197-thread-1] INFO  storage.RaftStorage (RaftStorage.java:format(72)) - Storage directory /workdir/hadoop-ozone/ozonefs/target/test-dir/MiniOzoneClusterImpl-24d85c3a-9c2e-4ba2-880b-df25a410d0c9/datanode-2/data/ratis/9700656a-659f-475d-9f4c-facd72c0c7ee has been successfully formatted.
2019-09-25 12:53:23,074 [pool-197-thread-1] INFO  ratis.ContainerStateMachine (ContainerStateMachine.java:loadSnapshot(230)) - group-FACD72C0C7EE: The snapshot info is null. Setting the last applied indexto:(t:0, i:~)
2019-09-25 12:53:23,074 [pool-197-thread-1] INFO  server.RaftServerConfigKeys (ConfUtils.java:logGet(43)) - raft.server.notification.no-leader.timeout = 120s (custom)
2019-09-25 12:53:23,074 [pool-197-thread-1] INFO  server.RaftServerConfigKeys (ConfUtils.java:logGet(43)) - raft.server.log.use.memory = false (default)
2019-09-25 12:53:23,074 [pool-197-thread-1] INFO  server.RaftServerConfigKeys (ConfUtils.java:logGet(43)) - raft.server.log.purge.gap = 1000000 (custom)
2019-09-25 12:53:23,074 [pool-197-thread-1] INFO  server.RaftServerConfigKeys (ConfUtils.java:logGet(43)) - raft.server.log.appender.buffer.byte-limit = 33554432 (custom)
2019-09-25 12:53:23,074 [pool-197-thread-1] INFO  server.RaftServerConfigKeys (ConfUtils.java:logGet(43)) - raft.server.log.segment.size.max = 1048576 (custom)
2019-09-25 12:53:23,075 [pool-197-thread-1] INFO  server.RaftServerConfigKeys (ConfUtils.java:logGet(43)) - raft.server.log.segment.cache.num.max = 2 (custom)
2019-09-25 12:53:23,075 [pool-197-thread-1] INFO  segmented.SegmentedRaftLogWorker (SegmentedRaftLogWorker.java:<init>(172)) - new 86fe042a-2702-420c-b672-b4ed3f9dd429@group-FACD72C0C7EE-SegmentedRaftLogWorker for RaftStorage:Storage Directory /workdir/hadoop-ozone/ozonefs/target/test-dir/MiniOzoneClusterImpl-24d85c3a-9c2e-4ba2-880b-df25a410d0c9/datanode-2/data/ratis/9700656a-659f-475d-9f4c-facd72c0c7ee
2019-09-25 12:53:23,075 [pool-197-thread-1] INFO  server.RaftServerConfigKeys (ConfUtils.java:logGet(43)) - raft.server.log.queue.byte-limit = 2147483647 (custom)
2019-09-25 12:53:23,075 [pool-197-thread-1] INFO  server.RaftServerConfigKeys (ConfUtils.java:logGet(43)) - raft.server.log.queue.element-limit = 1024 (custom)
2019-09-25 12:53:23,075 [pool-197-thread-1] INFO  server.RaftServerConfigKeys (ConfUtils.java:logGet(43)) - raft.server.log.segment.size.max = 1048576 (custom)
2019-09-25 12:53:23,075 [pool-197-thread-1] INFO  server.RaftServerConfigKeys (ConfUtils.java:logGet(43)) - raft.server.log.preallocated.size = 16384 (custom)
2019-09-25 12:53:23,076 [pool-197-thread-1] INFO  server.RaftServerConfigKeys (ConfUtils.java:logGet(43)) - raft.server.log.write.buffer.size = 33554432 (custom)
2019-09-25 12:53:23,076 [pool-197-thread-1] INFO  server.RaftServerConfigKeys (ConfUtils.java:logGet(43)) - raft.server.log.force.sync.num = 128 (default)
2019-09-25 12:53:23,076 [pool-197-thread-1] INFO  server.RaftServerConfigKeys (ConfUtils.java:logGet(43)) - raft.server.log.statemachine.data.sync = true (default)
2019-09-25 12:53:23,076 [pool-197-thread-1] INFO  server.RaftServerConfigKeys (ConfUtils.java:logGet(43)) - raft.server.log.statemachine.data.sync.timeout = 10s (default)
2019-09-25 12:53:23,076 [pool-197-thread-1] INFO  server.RaftServerConfigKeys (ConfUtils.java:logGet(43)) - raft.server.log.statemachine.data.sync.timeout.retry = -1 (default)
2019-09-25 12:53:23,076 [pool-197-thread-1] INFO  server.RaftServerConfigKeys (ConfUtils.java:logGet(43)) - raft.server.log.statemachine.data.caching.enabled = true (custom)
2019-09-25 12:53:23,077 [pool-197-thread-1] INFO  segmented.SegmentedRaftLogWorker (SegmentedRaftLogWorker.java:lambda$new$0(132)) - 86fe042a-2702-420c-b672-b4ed3f9dd429@group-FACD72C0C7EE-SegmentedRaftLogWorker: flushIndex: setUnconditionally 0 -> -1
2019-09-25 12:53:23,077 [pool-197-thread-1] INFO  server.RaftServerConfigKeys (ConfUtils.java:logGet(43)) - raft.server.snapshot.auto.trigger.enabled = true (custom)
2019-09-25 12:53:23,077 [pool-197-thread-1] INFO  server.RaftServerConfigKeys (ConfUtils.java:logGet(43)) - raft.server.snapshot.auto.trigger.threshold = 10000 (custom)
2019-09-25 12:53:23,077 [pool-197-thread-1] INFO  server.RaftServerConfigKeys (ConfUtils.java:logGet(43)) - raft.server.snapshot.retention.num.files = 5 (custom)
2019-09-25 12:53:23,078 [pool-197-thread-1] INFO  server.RaftServerConfigKeys (ConfUtils.java:logGet(43)) - raft.server.retrycache.expirytime = 600000ms (custom)
2019-09-25 12:53:23,079 [pool-197-thread-1] INFO  impl.RaftServerImpl (RaftServerImpl.java:start(185)) - 86fe042a-2702-420c-b672-b4ed3f9dd429@group-FACD72C0C7EE: start as a follower, conf=-1: [86fe042a-2702-420c-b672-b4ed3f9dd429:192.168.151.73:40740], old=null
2019-09-25 12:53:23,080 [pool-197-thread-1] INFO  impl.RaftServerImpl (RaftServerImpl.java:setRole(174)) - 86fe042a-2702-420c-b672-b4ed3f9dd429@group-FACD72C0C7EE: changes role from      null to FOLLOWER at term 0 for startAsFollower
2019-09-25 12:53:23,080 [pool-197-thread-1] INFO  impl.RoleInfo (RoleInfo.java:updateAndGet(143)) - 86fe042a-2702-420c-b672-b4ed3f9dd429: start FollowerState
2019-09-25 12:53:23,080 [pool-197-thread-1] INFO  util.JmxRegister (JmxRegister.java:tryRegister(44)) - Successfully registered JMX Bean with object name Ratis:service=RaftServer,group=group-FACD72C0C7EE,id=86fe042a-2702-420c-b672-b4ed3f9dd429
2019-09-25 12:53:23,083 [RatisPipelineUtilsThread] INFO  pipeline.PipelineStateManager (PipelineStateManager.java:addPipeline(56)) - Created pipeline Pipeline[ Id: 9700656a-659f-475d-9f4c-facd72c0c7ee, Nodes: 86fe042a-2702-420c-b672-b4ed3f9dd429{ip: 192.168.151.73, host: pr-hdds-1569-shd4m-3693607622, networkLocation: /default-rack, certSerialId: null}, Type:RATIS, Factor:ONE, State:OPEN]
2019-09-25 12:53:23,084 [RatisPipelineUtilsThread] INFO  pipeline.PipelinePlacementPolicy (PipelinePlacementPolicy.java:meetCriteria(91)) - Pipeline Placement: can't place more pipeline on heavy datanode： f4c0c517-7090-4318-a980-be101d2dbd1a Heaviness: 6 limit: 5
2019-09-25 12:53:23,084 [RatisPipelineUtilsThread] INFO  pipeline.PipelinePlacementPolicy (PipelinePlacementPolicy.java:meetCriteria(91)) - Pipeline Placement: can't place more pipeline on heavy datanode： 6759285c-27b5-468f-9e9e-f01eeaaacb7e Heaviness: 6 limit: 5
2019-09-25 12:53:23,090 [grpc-default-executor-0] INFO  impl.RaftServerProxy (RaftServerProxy.java:addNew(89)) - 86fe042a-2702-420c-b672-b4ed3f9dd429: addNew group-0547B6B93789:[86fe042a-2702-420c-b672-b4ed3f9dd429:192.168.151.73:40740] returns group-0547B6B93789:java.util.concurrent.CompletableFuture@55653a1f[Not completed]
2019-09-25 12:53:23,091 [pool-197-thread-1] INFO  impl.RaftServerImpl (RaftServerImpl.java:<init>(95)) - 86fe042a-2702-420c-b672-b4ed3f9dd429: new RaftServerImpl for group-0547B6B93789:[86fe042a-2702-420c-b672-b4ed3f9dd429:192.168.151.73:40740] with ContainerStateMachine:uninitialized
2019-09-25 12:53:23,091 [pool-197-thread-1] INFO  server.RaftServerConfigKeys (ConfUtils.java:logGet(43)) - raft.server.rpc.timeout.min = 5s (custom)
2019-09-25 12:53:23,091 [pool-197-thread-1] INFO  server.RaftServerConfigKeys (ConfUtils.java:logGet(43)) - raft.server.rpc.timeout.max = 5200ms (custom)
2019-09-25 12:53:23,091 [pool-197-thread-1] INFO  server.RaftServerConfigKeys (ConfUtils.java:logGet(43)) - raft.server.rpcslowness.timeout = 120s (custom)
2019-09-25 12:53:23,092 [pool-197-thread-1] INFO  server.RaftServerConfigKeys (ConfUtils.java:logGet(43)) - raft.server.sleep.deviation.threshold = 300 (default)
2019-09-25 12:53:23,092 [pool-197-thread-1] INFO  server.RaftServerConfigKeys (ConfUtils.java:logGet(43)) - raft.server.log.appender.install.snapshot.enabled = false (custom)
2019-09-25 12:53:23,092 [pool-197-thread-1] INFO  impl.RaftServerImpl (ServerState.java:<init>(103)) - 86fe042a-2702-420c-b672-b4ed3f9dd429@group-0547B6B93789: ConfigurationManager, init=-1: [86fe042a-2702-420c-b672-b4ed3f9dd429:192.168.151.73:40740], old=null, confs=<EMPTY_MAP>
2019-09-25 12:53:23,092 [pool-197-thread-1] INFO  server.RaftServerConfigKeys (ConfUtils.java:logGet(43)) - raft.server.storage.dir = [/workdir/hadoop-ozone/ozonefs/target/test-dir/MiniOzoneClusterImpl-24d85c3a-9c2e-4ba2-880b-df25a410d0c9/datanode-2/data/ratis] (custom)
2019-09-25 12:53:23,092 [pool-197-thread-1] INFO  storage.RaftStorageDirectory (RaftStorageDirectory.java:analyzeStorage(246)) - The storage directory /workdir/hadoop-ozone/ozonefs/target/test-dir/MiniOzoneClusterImpl-24d85c3a-9c2e-4ba2-880b-df25a410d0c9/datanode-2/data/ratis/dad997d1-ef89-497a-9a27-0547b6b93789 does not exist. Creating ...
2019-09-25 12:53:23,115 [pool-197-thread-1] INFO  storage.RaftStorageDirectory (RaftStorageDirectory.java:tryLock(328)) - Lock on /workdir/hadoop-ozone/ozonefs/target/test-dir/MiniOzoneClusterImpl-24d85c3a-9c2e-4ba2-880b-df25a410d0c9/datanode-2/data/ratis/dad997d1-ef89-497a-9a27-0547b6b93789/in_use.lock acquired by nodename 3512@pr-hdds-1569-shd4m-3693607622
2019-09-25 12:53:23,139 [pool-197-thread-1] INFO  storage.RaftStorage (RaftStorage.java:format(72)) - Storage directory /workdir/hadoop-ozone/ozonefs/target/test-dir/MiniOzoneClusterImpl-24d85c3a-9c2e-4ba2-880b-df25a410d0c9/datanode-2/data/ratis/dad997d1-ef89-497a-9a27-0547b6b93789 has been successfully formatted.
2019-09-25 12:53:23,139 [pool-197-thread-1] INFO  ratis.ContainerStateMachine (ContainerStateMachine.java:loadSnapshot(230)) - group-0547B6B93789: The snapshot info is null. Setting the last applied indexto:(t:0, i:~)
2019-09-25 12:53:23,139 [pool-197-thread-1] INFO  server.RaftServerConfigKeys (ConfUtils.java:logGet(43)) - raft.server.notification.no-leader.timeout = 120s (custom)
2019-09-25 12:53:23,140 [pool-197-thread-1] INFO  server.RaftServerConfigKeys (ConfUtils.java:logGet(43)) - raft.server.log.use.memory = false (default)
2019-09-25 12:53:23,140 [pool-197-thread-1] INFO  server.RaftServerConfigKeys (ConfUtils.java:logGet(43)) - raft.server.log.purge.gap = 1000000 (custom)
2019-09-25 12:53:23,140 [pool-197-thread-1] INFO  server.RaftServerConfigKeys (ConfUtils.java:logGet(43)) - raft.server.log.appender.buffer.byte-limit = 33554432 (custom)
2019-09-25 12:53:23,140 [pool-197-thread-1] INFO  server.RaftServerConfigKeys (ConfUtils.java:logGet(43)) - raft.server.log.segment.size.max = 1048576 (custom)
2019-09-25 12:53:23,141 [pool-197-thread-1] INFO  server.RaftServerConfigKeys (ConfUtils.java:logGet(43)) - raft.server.log.segment.cache.num.max = 2 (custom)
2019-09-25 12:53:23,141 [pool-197-thread-1] INFO  segmented.SegmentedRaftLogWorker (SegmentedRaftLogWorker.java:<init>(172)) - new 86fe042a-2702-420c-b672-b4ed3f9dd429@group-0547B6B93789-SegmentedRaftLogWorker for RaftStorage:Storage Directory /workdir/hadoop-ozone/ozonefs/target/test-dir/MiniOzoneClusterImpl-24d85c3a-9c2e-4ba2-880b-df25a410d0c9/datanode-2/data/ratis/dad997d1-ef89-497a-9a27-0547b6b93789
2019-09-25 12:53:23,141 [pool-197-thread-1] INFO  server.RaftServerConfigKeys (ConfUtils.java:logGet(43)) - raft.server.log.queue.byte-limit = 2147483647 (custom)
2019-09-25 12:53:23,141 [pool-197-thread-1] INFO  server.RaftServerConfigKeys (ConfUtils.java:logGet(43)) - raft.server.log.queue.element-limit = 1024 (custom)
2019-09-25 12:53:23,141 [pool-197-thread-1] INFO  server.RaftServerConfigKeys (ConfUtils.java:logGet(43)) - raft.server.log.segment.size.max = 1048576 (custom)
2019-09-25 12:53:23,142 [pool-197-thread-1] INFO  server.RaftServerConfigKeys (ConfUtils.java:logGet(43)) - raft.server.log.preallocated.size = 16384 (custom)
2019-09-25 12:53:23,142 [pool-197-thread-1] INFO  server.RaftServerConfigKeys (ConfUtils.java:logGet(43)) - raft.server.log.write.buffer.size = 33554432 (custom)
2019-09-25 12:53:23,142 [pool-197-thread-1] INFO  server.RaftServerConfigKeys (ConfUtils.java:logGet(43)) - raft.server.log.force.sync.num = 128 (default)
2019-09-25 12:53:23,142 [pool-197-thread-1] INFO  server.RaftServerConfigKeys (ConfUtils.java:logGet(43)) - raft.server.log.statemachine.data.sync = true (default)
2019-09-25 12:53:23,143 [pool-197-thread-1] INFO  server.RaftServerConfigKeys (ConfUtils.java:logGet(43)) - raft.server.log.statemachine.data.sync.timeout = 10s (default)
2019-09-25 12:53:23,143 [pool-197-thread-1] INFO  server.RaftServerConfigKeys (ConfUtils.java:logGet(43)) - raft.server.log.statemachine.data.sync.timeout.retry = -1 (default)
2019-09-25 12:53:23,143 [pool-197-thread-1] INFO  server.RaftServerConfigKeys (ConfUtils.java:logGet(43)) - raft.server.log.statemachine.data.caching.enabled = true (custom)
2019-09-25 12:53:23,144 [pool-197-thread-1] INFO  segmented.SegmentedRaftLogWorker (SegmentedRaftLogWorker.java:lambda$new$0(132)) - 86fe042a-2702-420c-b672-b4ed3f9dd429@group-0547B6B93789-SegmentedRaftLogWorker: flushIndex: setUnconditionally 0 -> -1
2019-09-25 12:53:23,144 [pool-197-thread-1] INFO  server.RaftServerConfigKeys (ConfUtils.java:logGet(43)) - raft.server.snapshot.auto.trigger.enabled = true (custom)
2019-09-25 12:53:23,144 [pool-197-thread-1] INFO  server.RaftServerConfigKeys (ConfUtils.java:logGet(43)) - raft.server.snapshot.auto.trigger.threshold = 10000 (custom)
2019-09-25 12:53:23,145 [pool-197-thread-1] INFO  server.RaftServerConfigKeys (ConfUtils.java:logGet(43)) - raft.server.snapshot.retention.num.files = 5 (custom)
2019-09-25 12:53:23,145 [pool-197-thread-1] INFO  server.RaftServerConfigKeys (ConfUtils.java:logGet(43)) - raft.server.retrycache.expirytime = 600000ms (custom)
2019-09-25 12:53:23,147 [pool-197-thread-1] INFO  impl.RaftServerImpl (RaftServerImpl.java:start(185)) - 86fe042a-2702-420c-b672-b4ed3f9dd429@group-0547B6B93789: start as a follower, conf=-1: [86fe042a-2702-420c-b672-b4ed3f9dd429:192.168.151.73:40740], old=null
2019-09-25 12:53:23,148 [pool-197-thread-1] INFO  impl.RaftServerImpl (RaftServerImpl.java:setRole(174)) - 86fe042a-2702-420c-b672-b4ed3f9dd429@group-0547B6B93789: changes role from      null to FOLLOWER at term 0 for startAsFollower
2019-09-25 12:53:23,148 [pool-197-thread-1] INFO  impl.RoleInfo (RoleInfo.java:updateAndGet(143)) - 86fe042a-2702-420c-b672-b4ed3f9dd429: start FollowerState
2019-09-25 12:53:23,148 [pool-197-thread-1] INFO  util.JmxRegister (JmxRegister.java:tryRegister(44)) - Successfully registered JMX Bean with object name Ratis:service=RaftServer,group=group-0547B6B93789,id=86fe042a-2702-420c-b672-b4ed3f9dd429
2019-09-25 12:53:23,152 [RatisPipelineUtilsThread] INFO  pipeline.PipelineStateManager (PipelineStateManager.java:addPipeline(56)) - Created pipeline Pipeline[ Id: dad997d1-ef89-497a-9a27-0547b6b93789, Nodes: 86fe042a-2702-420c-b672-b4ed3f9dd429{ip: 192.168.151.73, host: pr-hdds-1569-shd4m-3693607622, networkLocation: /default-rack, certSerialId: null}, Type:RATIS, Factor:ONE, State:OPEN]
2019-09-25 12:53:23,152 [RatisPipelineUtilsThread] INFO  pipeline.PipelinePlacementPolicy (PipelinePlacementPolicy.java:meetCriteria(91)) - Pipeline Placement: can't place more pipeline on heavy datanode： f4c0c517-7090-4318-a980-be101d2dbd1a Heaviness: 6 limit: 5
2019-09-25 12:53:23,152 [RatisPipelineUtilsThread] INFO  pipeline.PipelinePlacementPolicy (PipelinePlacementPolicy.java:meetCriteria(91)) - Pipeline Placement: can't place more pipeline on heavy datanode： 6759285c-27b5-468f-9e9e-f01eeaaacb7e Heaviness: 6 limit: 5
2019-09-25 12:53:23,158 [grpc-default-executor-0] INFO  impl.RaftServerProxy (RaftServerProxy.java:addNew(89)) - 86fe042a-2702-420c-b672-b4ed3f9dd429: addNew group-6E928BCC04D5:[86fe042a-2702-420c-b672-b4ed3f9dd429:192.168.151.73:40740] returns group-6E928BCC04D5:java.util.concurrent.CompletableFuture@77119704[Not completed]
2019-09-25 12:53:23,159 [pool-197-thread-1] INFO  impl.RaftServerImpl (RaftServerImpl.java:<init>(95)) - 86fe042a-2702-420c-b672-b4ed3f9dd429: new RaftServerImpl for group-6E928BCC04D5:[86fe042a-2702-420c-b672-b4ed3f9dd429:192.168.151.73:40740] with ContainerStateMachine:uninitialized
2019-09-25 12:53:23,159 [pool-197-thread-1] INFO  server.RaftServerConfigKeys (ConfUtils.java:logGet(43)) - raft.server.rpc.timeout.min = 5s (custom)
2019-09-25 12:53:23,160 [pool-197-thread-1] INFO  server.RaftServerConfigKeys (ConfUtils.java:logGet(43)) - raft.server.rpc.timeout.max = 5200ms (custom)
2019-09-25 12:53:23,160 [pool-197-thread-1] INFO  server.RaftServerConfigKeys (ConfUtils.java:logGet(43)) - raft.server.rpcslowness.timeout = 120s (custom)
2019-09-25 12:53:23,160 [pool-197-thread-1] INFO  server.RaftServerConfigKeys (ConfUtils.java:logGet(43)) - raft.server.sleep.deviation.threshold = 300 (default)
2019-09-25 12:53:23,160 [pool-197-thread-1] INFO  server.RaftServerConfigKeys (ConfUtils.java:logGet(43)) - raft.server.log.appender.install.snapshot.enabled = false (custom)
2019-09-25 12:53:23,160 [pool-197-thread-1] INFO  impl.RaftServerImpl (ServerState.java:<init>(103)) - 86fe042a-2702-420c-b672-b4ed3f9dd429@group-6E928BCC04D5: ConfigurationManager, init=-1: [86fe042a-2702-420c-b672-b4ed3f9dd429:192.168.151.73:40740], old=null, confs=<EMPTY_MAP>
2019-09-25 12:53:23,161 [pool-197-thread-1] INFO  server.RaftServerConfigKeys (ConfUtils.java:logGet(43)) - raft.server.storage.dir = [/workdir/hadoop-ozone/ozonefs/target/test-dir/MiniOzoneClusterImpl-24d85c3a-9c2e-4ba2-880b-df25a410d0c9/datanode-2/data/ratis] (custom)
2019-09-25 12:53:23,161 [pool-197-thread-1] INFO  storage.RaftStorageDirectory (RaftStorageDirectory.java:analyzeStorage(246)) - The storage directory /workdir/hadoop-ozone/ozonefs/target/test-dir/MiniOzoneClusterImpl-24d85c3a-9c2e-4ba2-880b-df25a410d0c9/datanode-2/data/ratis/bd43a671-1386-417c-931f-6e928bcc04d5 does not exist. Creating ...
2019-09-25 12:53:23,195 [pool-197-thread-1] INFO  storage.RaftStorageDirectory (RaftStorageDirectory.java:tryLock(328)) - Lock on /workdir/hadoop-ozone/ozonefs/target/test-dir/MiniOzoneClusterImpl-24d85c3a-9c2e-4ba2-880b-df25a410d0c9/datanode-2/data/ratis/bd43a671-1386-417c-931f-6e928bcc04d5/in_use.lock acquired by nodename 3512@pr-hdds-1569-shd4m-3693607622
2019-09-25 12:53:23,221 [pool-197-thread-1] INFO  storage.RaftStorage (RaftStorage.java:format(72)) - Storage directory /workdir/hadoop-ozone/ozonefs/target/test-dir/MiniOzoneClusterImpl-24d85c3a-9c2e-4ba2-880b-df25a410d0c9/datanode-2/data/ratis/bd43a671-1386-417c-931f-6e928bcc04d5 has been successfully formatted.
2019-09-25 12:53:23,221 [pool-197-thread-1] INFO  ratis.ContainerStateMachine (ContainerStateMachine.java:loadSnapshot(230)) - group-6E928BCC04D5: The snapshot info is null. Setting the last applied indexto:(t:0, i:~)
2019-09-25 12:53:23,221 [pool-197-thread-1] INFO  server.RaftServerConfigKeys (ConfUtils.java:logGet(43)) - raft.server.notification.no-leader.timeout = 120s (custom)
2019-09-25 12:53:23,221 [pool-197-thread-1] INFO  server.RaftServerConfigKeys (ConfUtils.java:logGet(43)) - raft.server.log.use.memory = false (default)
2019-09-25 12:53:23,222 [pool-197-thread-1] INFO  server.RaftServerConfigKeys (ConfUtils.java:logGet(43)) - raft.server.log.purge.gap = 1000000 (custom)
2019-09-25 12:53:23,222 [pool-197-thread-1] INFO  server.RaftServerConfigKeys (ConfUtils.java:logGet(43)) - raft.server.log.appender.buffer.byte-limit = 33554432 (custom)
2019-09-25 12:53:23,222 [pool-197-thread-1] INFO  server.RaftServerConfigKeys (ConfUtils.java:logGet(43)) - raft.server.log.segment.size.max = 1048576 (custom)
2019-09-25 12:53:23,222 [pool-197-thread-1] INFO  server.RaftServerConfigKeys (ConfUtils.java:logGet(43)) - raft.server.log.segment.cache.num.max = 2 (custom)
2019-09-25 12:53:23,222 [pool-197-thread-1] INFO  segmented.SegmentedRaftLogWorker (SegmentedRaftLogWorker.java:<init>(172)) - new 86fe042a-2702-420c-b672-b4ed3f9dd429@group-6E928BCC04D5-SegmentedRaftLogWorker for RaftStorage:Storage Directory /workdir/hadoop-ozone/ozonefs/target/test-dir/MiniOzoneClusterImpl-24d85c3a-9c2e-4ba2-880b-df25a410d0c9/datanode-2/data/ratis/bd43a671-1386-417c-931f-6e928bcc04d5
2019-09-25 12:53:23,222 [pool-197-thread-1] INFO  server.RaftServerConfigKeys (ConfUtils.java:logGet(43)) - raft.server.log.queue.byte-limit = 2147483647 (custom)
2019-09-25 12:53:23,223 [pool-197-thread-1] INFO  server.RaftServerConfigKeys (ConfUtils.java:logGet(43)) - raft.server.log.queue.element-limit = 1024 (custom)
2019-09-25 12:53:23,223 [pool-197-thread-1] INFO  server.RaftServerConfigKeys (ConfUtils.java:logGet(43)) - raft.server.log.segment.size.max = 1048576 (custom)
2019-09-25 12:53:23,223 [pool-197-thread-1] INFO  server.RaftServerConfigKeys (ConfUtils.java:logGet(43)) - raft.server.log.preallocated.size = 16384 (custom)
2019-09-25 12:53:23,223 [pool-197-thread-1] INFO  server.RaftServerConfigKeys (ConfUtils.java:logGet(43)) - raft.server.log.write.buffer.size = 33554432 (custom)
2019-09-25 12:53:23,223 [pool-197-thread-1] INFO  server.RaftServerConfigKeys (ConfUtils.java:logGet(43)) - raft.server.log.force.sync.num = 128 (default)
2019-09-25 12:53:23,224 [pool-197-thread-1] INFO  server.RaftServerConfigKeys (ConfUtils.java:logGet(43)) - raft.server.log.statemachine.data.sync = true (default)
2019-09-25 12:53:23,224 [pool-197-thread-1] INFO  server.RaftServerConfigKeys (ConfUtils.java:logGet(43)) - raft.server.log.statemachine.data.sync.timeout = 10s (default)
2019-09-25 12:53:23,224 [pool-197-thread-1] INFO  server.RaftServerConfigKeys (ConfUtils.java:logGet(43)) - raft.server.log.statemachine.data.sync.timeout.retry = -1 (default)
2019-09-25 12:53:23,224 [pool-197-thread-1] INFO  server.RaftServerConfigKeys (ConfUtils.java:logGet(43)) - raft.server.log.statemachine.data.caching.enabled = true (custom)
2019-09-25 12:53:23,224 [pool-197-thread-1] INFO  segmented.SegmentedRaftLogWorker (SegmentedRaftLogWorker.java:lambda$new$0(132)) - 86fe042a-2702-420c-b672-b4ed3f9dd429@group-6E928BCC04D5-SegmentedRaftLogWorker: flushIndex: setUnconditionally 0 -> -1
2019-09-25 12:53:23,225 [pool-197-thread-1] INFO  server.RaftServerConfigKeys (ConfUtils.java:logGet(43)) - raft.server.snapshot.auto.trigger.enabled = true (custom)
2019-09-25 12:53:23,225 [pool-197-thread-1] INFO  server.RaftServerConfigKeys (ConfUtils.java:logGet(43)) - raft.server.snapshot.auto.trigger.threshold = 10000 (custom)
2019-09-25 12:53:23,225 [pool-197-thread-1] INFO  server.RaftServerConfigKeys (ConfUtils.java:logGet(43)) - raft.server.snapshot.retention.num.files = 5 (custom)
2019-09-25 12:53:23,225 [pool-197-thread-1] INFO  server.RaftServerConfigKeys (ConfUtils.java:logGet(43)) - raft.server.retrycache.expirytime = 600000ms (custom)
2019-09-25 12:53:23,228 [pool-197-thread-1] INFO  impl.RaftServerImpl (RaftServerImpl.java:start(185)) - 86fe042a-2702-420c-b672-b4ed3f9dd429@group-6E928BCC04D5: start as a follower, conf=-1: [86fe042a-2702-420c-b672-b4ed3f9dd429:192.168.151.73:40740], old=null
2019-09-25 12:53:23,228 [pool-197-thread-1] INFO  impl.RaftServerImpl (RaftServerImpl.java:setRole(174)) - 86fe042a-2702-420c-b672-b4ed3f9dd429@group-6E928BCC04D5: changes role from      null to FOLLOWER at term 0 for startAsFollower
2019-09-25 12:53:23,228 [pool-197-thread-1] INFO  impl.RoleInfo (RoleInfo.java:updateAndGet(143)) - 86fe042a-2702-420c-b672-b4ed3f9dd429: start FollowerState
2019-09-25 12:53:23,228 [pool-197-thread-1] INFO  util.JmxRegister (JmxRegister.java:tryRegister(44)) - Successfully registered JMX Bean with object name Ratis:service=RaftServer,group=group-6E928BCC04D5,id=86fe042a-2702-420c-b672-b4ed3f9dd429
2019-09-25 12:53:23,231 [RatisPipelineUtilsThread] INFO  pipeline.PipelineStateManager (PipelineStateManager.java:addPipeline(56)) - Created pipeline Pipeline[ Id: bd43a671-1386-417c-931f-6e928bcc04d5, Nodes: 86fe042a-2702-420c-b672-b4ed3f9dd429{ip: 192.168.151.73, host: pr-hdds-1569-shd4m-3693607622, networkLocation: /default-rack, certSerialId: null}, Type:RATIS, Factor:ONE, State:OPEN]
2019-09-25 12:53:23,232 [RatisPipelineUtilsThread] INFO  pipeline.PipelinePlacementPolicy (PipelinePlacementPolicy.java:meetCriteria(91)) - Pipeline Placement: can't place more pipeline on heavy datanode： f4c0c517-7090-4318-a980-be101d2dbd1a Heaviness: 6 limit: 5
2019-09-25 12:53:23,232 [RatisPipelineUtilsThread] INFO  pipeline.PipelinePlacementPolicy (PipelinePlacementPolicy.java:meetCriteria(91)) - Pipeline Placement: can't place more pipeline on heavy datanode： 6759285c-27b5-468f-9e9e-f01eeaaacb7e Heaviness: 6 limit: 5
2019-09-25 12:53:23,238 [grpc-default-executor-0] INFO  impl.RaftServerProxy (RaftServerProxy.java:addNew(89)) - 86fe042a-2702-420c-b672-b4ed3f9dd429: addNew group-94FC6F65C8E3:[86fe042a-2702-420c-b672-b4ed3f9dd429:192.168.151.73:40740] returns group-94FC6F65C8E3:java.util.concurrent.CompletableFuture@43f2d41e[Not completed]
2019-09-25 12:53:23,239 [pool-197-thread-1] INFO  impl.RaftServerImpl (RaftServerImpl.java:<init>(95)) - 86fe042a-2702-420c-b672-b4ed3f9dd429: new RaftServerImpl for group-94FC6F65C8E3:[86fe042a-2702-420c-b672-b4ed3f9dd429:192.168.151.73:40740] with ContainerStateMachine:uninitialized
2019-09-25 12:53:23,239 [pool-197-thread-1] INFO  server.RaftServerConfigKeys (ConfUtils.java:logGet(43)) - raft.server.rpc.timeout.min = 5s (custom)
2019-09-25 12:53:23,239 [pool-197-thread-1] INFO  server.RaftServerConfigKeys (ConfUtils.java:logGet(43)) - raft.server.rpc.timeout.max = 5200ms (custom)
2019-09-25 12:53:23,240 [pool-197-thread-1] INFO  server.RaftServerConfigKeys (ConfUtils.java:logGet(43)) - raft.server.rpcslowness.timeout = 120s (custom)
2019-09-25 12:53:23,240 [pool-197-thread-1] INFO  server.RaftServerConfigKeys (ConfUtils.java:logGet(43)) - raft.server.sleep.deviation.threshold = 300 (default)
2019-09-25 12:53:23,240 [pool-197-thread-1] INFO  server.RaftServerConfigKeys (ConfUtils.java:logGet(43)) - raft.server.log.appender.install.snapshot.enabled = false (custom)
2019-09-25 12:53:23,240 [pool-197-thread-1] INFO  impl.RaftServerImpl (ServerState.java:<init>(103)) - 86fe042a-2702-420c-b672-b4ed3f9dd429@group-94FC6F65C8E3: ConfigurationManager, init=-1: [86fe042a-2702-420c-b672-b4ed3f9dd429:192.168.151.73:40740], old=null, confs=<EMPTY_MAP>
2019-09-25 12:53:23,240 [pool-197-thread-1] INFO  server.RaftServerConfigKeys (ConfUtils.java:logGet(43)) - raft.server.storage.dir = [/workdir/hadoop-ozone/ozonefs/target/test-dir/MiniOzoneClusterImpl-24d85c3a-9c2e-4ba2-880b-df25a410d0c9/datanode-2/data/ratis] (custom)
2019-09-25 12:53:23,241 [pool-197-thread-1] INFO  storage.RaftStorageDirectory (RaftStorageDirectory.java:analyzeStorage(246)) - The storage directory /workdir/hadoop-ozone/ozonefs/target/test-dir/MiniOzoneClusterImpl-24d85c3a-9c2e-4ba2-880b-df25a410d0c9/datanode-2/data/ratis/2759277c-c15a-4964-8f90-94fc6f65c8e3 does not exist. Creating ...
2019-09-25 12:53:23,263 [pool-197-thread-1] INFO  storage.RaftStorageDirectory (RaftStorageDirectory.java:tryLock(328)) - Lock on /workdir/hadoop-ozone/ozonefs/target/test-dir/MiniOzoneClusterImpl-24d85c3a-9c2e-4ba2-880b-df25a410d0c9/datanode-2/data/ratis/2759277c-c15a-4964-8f90-94fc6f65c8e3/in_use.lock acquired by nodename 3512@pr-hdds-1569-shd4m-3693607622
2019-09-25 12:53:23,288 [pool-197-thread-1] INFO  storage.RaftStorage (RaftStorage.java:format(72)) - Storage directory /workdir/hadoop-ozone/ozonefs/target/test-dir/MiniOzoneClusterImpl-24d85c3a-9c2e-4ba2-880b-df25a410d0c9/datanode-2/data/ratis/2759277c-c15a-4964-8f90-94fc6f65c8e3 has been successfully formatted.
2019-09-25 12:53:23,289 [pool-197-thread-1] INFO  ratis.ContainerStateMachine (ContainerStateMachine.java:loadSnapshot(230)) - group-94FC6F65C8E3: The snapshot info is null. Setting the last applied indexto:(t:0, i:~)
2019-09-25 12:53:23,289 [pool-197-thread-1] INFO  server.RaftServerConfigKeys (ConfUtils.java:logGet(43)) - raft.server.notification.no-leader.timeout = 120s (custom)
2019-09-25 12:53:23,289 [pool-197-thread-1] INFO  server.RaftServerConfigKeys (ConfUtils.java:logGet(43)) - raft.server.log.use.memory = false (default)
2019-09-25 12:53:23,289 [pool-197-thread-1] INFO  server.RaftServerConfigKeys (ConfUtils.java:logGet(43)) - raft.server.log.purge.gap = 1000000 (custom)
2019-09-25 12:53:23,289 [pool-197-thread-1] INFO  server.RaftServerConfigKeys (ConfUtils.java:logGet(43)) - raft.server.log.appender.buffer.byte-limit = 33554432 (custom)
2019-09-25 12:53:23,289 [pool-197-thread-1] INFO  server.RaftServerConfigKeys (ConfUtils.java:logGet(43)) - raft.server.log.segment.size.max = 1048576 (custom)
2019-09-25 12:53:23,290 [pool-197-thread-1] INFO  server.RaftServerConfigKeys (ConfUtils.java:logGet(43)) - raft.server.log.segment.cache.num.max = 2 (custom)
2019-09-25 12:53:23,290 [pool-197-thread-1] INFO  segmented.SegmentedRaftLogWorker (SegmentedRaftLogWorker.java:<init>(172)) - new 86fe042a-2702-420c-b672-b4ed3f9dd429@group-94FC6F65C8E3-SegmentedRaftLogWorker for RaftStorage:Storage Directory /workdir/hadoop-ozone/ozonefs/target/test-dir/MiniOzoneClusterImpl-24d85c3a-9c2e-4ba2-880b-df25a410d0c9/datanode-2/data/ratis/2759277c-c15a-4964-8f90-94fc6f65c8e3
2019-09-25 12:53:23,290 [pool-197-thread-1] INFO  server.RaftServerConfigKeys (ConfUtils.java:logGet(43)) - raft.server.log.queue.byte-limit = 2147483647 (custom)
2019-09-25 12:53:23,290 [pool-197-thread-1] INFO  server.RaftServerConfigKeys (ConfUtils.java:logGet(43)) - raft.server.log.queue.element-limit = 1024 (custom)
2019-09-25 12:53:23,290 [pool-197-thread-1] INFO  server.RaftServerConfigKeys (ConfUtils.java:logGet(43)) - raft.server.log.segment.size.max = 1048576 (custom)
2019-09-25 12:53:23,290 [pool-197-thread-1] INFO  server.RaftServerConfigKeys (ConfUtils.java:logGet(43)) - raft.server.log.preallocated.size = 16384 (custom)
2019-09-25 12:53:23,291 [pool-197-thread-1] INFO  server.RaftServerConfigKeys (ConfUtils.java:logGet(43)) - raft.server.log.write.buffer.size = 33554432 (custom)
2019-09-25 12:53:23,291 [pool-197-thread-1] INFO  server.RaftServerConfigKeys (ConfUtils.java:logGet(43)) - raft.server.log.force.sync.num = 128 (default)
2019-09-25 12:53:23,291 [pool-197-thread-1] INFO  server.RaftServerConfigKeys (ConfUtils.java:logGet(43)) - raft.server.log.statemachine.data.sync = true (default)
2019-09-25 12:53:23,291 [pool-197-thread-1] INFO  server.RaftServerConfigKeys (ConfUtils.java:logGet(43)) - raft.server.log.statemachine.data.sync.timeout = 10s (default)
2019-09-25 12:53:23,291 [pool-197-thread-1] INFO  server.RaftServerConfigKeys (ConfUtils.java:logGet(43)) - raft.server.log.statemachine.data.sync.timeout.retry = -1 (default)
2019-09-25 12:53:23,292 [pool-197-thread-1] INFO  server.RaftServerConfigKeys (ConfUtils.java:logGet(43)) - raft.server.log.statemachine.data.caching.enabled = true (custom)
2019-09-25 12:53:23,292 [pool-197-thread-1] INFO  segmented.SegmentedRaftLogWorker (SegmentedRaftLogWorker.java:lambda$new$0(132)) - 86fe042a-2702-420c-b672-b4ed3f9dd429@group-94FC6F65C8E3-SegmentedRaftLogWorker: flushIndex: setUnconditionally 0 -> -1
2019-09-25 12:53:23,292 [pool-197-thread-1] INFO  server.RaftServerConfigKeys (ConfUtils.java:logGet(43)) - raft.server.snapshot.auto.trigger.enabled = true (custom)
2019-09-25 12:53:23,292 [pool-197-thread-1] INFO  server.RaftServerConfigKeys (ConfUtils.java:logGet(43)) - raft.server.snapshot.auto.trigger.threshold = 10000 (custom)
2019-09-25 12:53:23,293 [pool-197-thread-1] INFO  server.RaftServerConfigKeys (ConfUtils.java:logGet(43)) - raft.server.snapshot.retention.num.files = 5 (custom)
2019-09-25 12:53:23,293 [pool-197-thread-1] INFO  server.RaftServerConfigKeys (ConfUtils.java:logGet(43)) - raft.server.retrycache.expirytime = 600000ms (custom)
2019-09-25 12:53:23,295 [pool-197-thread-1] INFO  impl.RaftServerImpl (RaftServerImpl.java:start(185)) - 86fe042a-2702-420c-b672-b4ed3f9dd429@group-94FC6F65C8E3: start as a follower, conf=-1: [86fe042a-2702-420c-b672-b4ed3f9dd429:192.168.151.73:40740], old=null
2019-09-25 12:53:23,295 [pool-197-thread-1] INFO  impl.RaftServerImpl (RaftServerImpl.java:setRole(174)) - 86fe042a-2702-420c-b672-b4ed3f9dd429@group-94FC6F65C8E3: changes role from      null to FOLLOWER at term 0 for startAsFollower
2019-09-25 12:53:23,295 [pool-197-thread-1] INFO  impl.RoleInfo (RoleInfo.java:updateAndGet(143)) - 86fe042a-2702-420c-b672-b4ed3f9dd429: start FollowerState
2019-09-25 12:53:23,295 [pool-197-thread-1] INFO  util.JmxRegister (JmxRegister.java:tryRegister(44)) - Successfully registered JMX Bean with object name Ratis:service=RaftServer,group=group-94FC6F65C8E3,id=86fe042a-2702-420c-b672-b4ed3f9dd429
2019-09-25 12:53:23,298 [RatisPipelineUtilsThread] INFO  pipeline.PipelineStateManager (PipelineStateManager.java:addPipeline(56)) - Created pipeline Pipeline[ Id: 2759277c-c15a-4964-8f90-94fc6f65c8e3, Nodes: 86fe042a-2702-420c-b672-b4ed3f9dd429{ip: 192.168.151.73, host: pr-hdds-1569-shd4m-3693607622, networkLocation: /default-rack, certSerialId: null}, Type:RATIS, Factor:ONE, State:OPEN]
2019-09-25 12:53:23,299 [RatisPipelineUtilsThread] INFO  pipeline.PipelinePlacementPolicy (PipelinePlacementPolicy.java:meetCriteria(91)) - Pipeline Placement: can't place more pipeline on heavy datanode： 86fe042a-2702-420c-b672-b4ed3f9dd429 Heaviness: 6 limit: 5
2019-09-25 12:53:23,299 [RatisPipelineUtilsThread] INFO  pipeline.PipelinePlacementPolicy (PipelinePlacementPolicy.java:meetCriteria(91)) - Pipeline Placement: can't place more pipeline on heavy datanode： f4c0c517-7090-4318-a980-be101d2dbd1a Heaviness: 6 limit: 5
2019-09-25 12:53:23,299 [RatisPipelineUtilsThread] INFO  pipeline.PipelinePlacementPolicy (PipelinePlacementPolicy.java:meetCriteria(91)) - Pipeline Placement: can't place more pipeline on heavy datanode： 6759285c-27b5-468f-9e9e-f01eeaaacb7e Heaviness: 6 limit: 5
2019-09-25 12:53:23,299 [RatisPipelineUtilsThread] ERROR pipeline.PipelinePlacementPolicy (PipelinePlacementPolicy.java:filterViableNodes(148)) - Unable to find enough nodes that meet the criteria that cannot engage in more than 5 pipelines. Nodes required: 1 Found: 0, healthy nodes count inNodeManager: 3.
2019-09-25 12:53:23,300 [RatisPipelineUtilsThread] ERROR pipeline.SCMPipelineManager (SCMPipelineManager.java:createPipeline(167)) - Pipeline creation failed.
org.apache.hadoop.hdds.scm.exceptions.SCMException: Unable to find enough nodes that meet the criteria that cannot engage in more than 5 pipelines. Nodes required: 1 Found: 0, healthy nodes count inNodeManager: 3.
	at org.apache.hadoop.hdds.scm.pipeline.PipelinePlacementPolicy.filterViableNodes(PipelinePlacementPolicy.java:149)
	at org.apache.hadoop.hdds.scm.pipeline.PipelinePlacementPolicy.chooseDatanodes(PipelinePlacementPolicy.java:172)
	at org.apache.hadoop.hdds.scm.pipeline.RatisPipelineProvider.create(RatisPipelineProvider.java:93)
	at org.apache.hadoop.hdds.scm.pipeline.PipelineFactory.create(PipelineFactory.java:58)
	at org.apache.hadoop.hdds.scm.pipeline.SCMPipelineManager.createPipeline(SCMPipelineManager.java:155)
	at org.apache.hadoop.hdds.scm.pipeline.BackgroundPipelineCreator.createPipelines(BackgroundPipelineCreator.java:99)
	at java.util.concurrent.Executors$RunnableAdapter.call(Executors.java:511)
	at java.util.concurrent.FutureTask.run(FutureTask.java:266)
	at java.util.concurrent.ScheduledThreadPoolExecutor$ScheduledFutureTask.access$201(ScheduledThreadPoolExecutor.java:180)
	at java.util.concurrent.ScheduledThreadPoolExecutor$ScheduledFutureTask.run(ScheduledThreadPoolExecutor.java:293)
	at java.util.concurrent.ThreadPoolExecutor.runWorker(ThreadPoolExecutor.java:1149)
	at java.util.concurrent.ThreadPoolExecutor$Worker.run(ThreadPoolExecutor.java:624)
	at java.lang.Thread.run(Thread.java:748)
2019-09-25 12:53:23,300 [RatisPipelineUtilsThread] INFO  pipeline.PipelinePlacementPolicy (PipelinePlacementPolicy.java:meetCriteria(91)) - Pipeline Placement: can't place more pipeline on heavy datanode： 86fe042a-2702-420c-b672-b4ed3f9dd429 Heaviness: 6 limit: 5
2019-09-25 12:53:23,300 [RatisPipelineUtilsThread] INFO  pipeline.PipelinePlacementPolicy (PipelinePlacementPolicy.java:meetCriteria(91)) - Pipeline Placement: can't place more pipeline on heavy datanode： f4c0c517-7090-4318-a980-be101d2dbd1a Heaviness: 6 limit: 5
2019-09-25 12:53:23,301 [RatisPipelineUtilsThread] INFO  pipeline.PipelinePlacementPolicy (PipelinePlacementPolicy.java:meetCriteria(91)) - Pipeline Placement: can't place more pipeline on heavy datanode： 6759285c-27b5-468f-9e9e-f01eeaaacb7e Heaviness: 6 limit: 5
2019-09-25 12:53:23,301 [RatisPipelineUtilsThread] ERROR pipeline.PipelinePlacementPolicy (PipelinePlacementPolicy.java:filterViableNodes(148)) - Unable to find enough nodes that meet the criteria that cannot engage in more than 5 pipelines. Nodes required: 3 Found: 0, healthy nodes count inNodeManager: 3.
2019-09-25 12:53:23,301 [RatisPipelineUtilsThread] ERROR pipeline.SCMPipelineManager (SCMPipelineManager.java:createPipeline(167)) - Pipeline creation failed.
org.apache.hadoop.hdds.scm.exceptions.SCMException: Unable to find enough nodes that meet the criteria that cannot engage in more than 5 pipelines. Nodes required: 3 Found: 0, healthy nodes count inNodeManager: 3.
	at org.apache.hadoop.hdds.scm.pipeline.PipelinePlacementPolicy.filterViableNodes(PipelinePlacementPolicy.java:149)
	at org.apache.hadoop.hdds.scm.pipeline.PipelinePlacementPolicy.chooseDatanodes(PipelinePlacementPolicy.java:172)
	at org.apache.hadoop.hdds.scm.pipeline.RatisPipelineProvider.create(RatisPipelineProvider.java:93)
	at org.apache.hadoop.hdds.scm.pipeline.PipelineFactory.create(PipelineFactory.java:58)
	at org.apache.hadoop.hdds.scm.pipeline.SCMPipelineManager.createPipeline(SCMPipelineManager.java:155)
	at org.apache.hadoop.hdds.scm.pipeline.BackgroundPipelineCreator.createPipelines(BackgroundPipelineCreator.java:99)
	at java.util.concurrent.Executors$RunnableAdapter.call(Executors.java:511)
	at java.util.concurrent.FutureTask.run(FutureTask.java:266)
	at java.util.concurrent.ScheduledThreadPoolExecutor$ScheduledFutureTask.access$201(ScheduledThreadPoolExecutor.java:180)
	at java.util.concurrent.ScheduledThreadPoolExecutor$ScheduledFutureTask.run(ScheduledThreadPoolExecutor.java:293)
	at java.util.concurrent.ThreadPoolExecutor.runWorker(ThreadPoolExecutor.java:1149)
	at java.util.concurrent.ThreadPoolExecutor$Worker.run(ThreadPoolExecutor.java:624)
	at java.lang.Thread.run(Thread.java:748)
2019-09-25 12:53:23,302 [RatisPipelineUtilsThread] INFO  pipeline.PipelinePlacementPolicy (PipelinePlacementPolicy.java:meetCriteria(91)) - Pipeline Placement: can't place more pipeline on heavy datanode： 86fe042a-2702-420c-b672-b4ed3f9dd429 Heaviness: 6 limit: 5
2019-09-25 12:53:23,302 [RatisPipelineUtilsThread] INFO  pipeline.PipelinePlacementPolicy (PipelinePlacementPolicy.java:meetCriteria(91)) - Pipeline Placement: can't place more pipeline on heavy datanode： f4c0c517-7090-4318-a980-be101d2dbd1a Heaviness: 6 limit: 5
2019-09-25 12:53:23,302 [RatisPipelineUtilsThread] INFO  pipeline.PipelinePlacementPolicy (PipelinePlacementPolicy.java:meetCriteria(91)) - Pipeline Placement: can't place more pipeline on heavy datanode： 6759285c-27b5-468f-9e9e-f01eeaaacb7e Heaviness: 6 limit: 5
2019-09-25 12:53:23,302 [RatisPipelineUtilsThread] ERROR pipeline.PipelinePlacementPolicy (PipelinePlacementPolicy.java:filterViableNodes(148)) - Unable to find enough nodes that meet the criteria that cannot engage in more than 5 pipelines. Nodes required: 1 Found: 0, healthy nodes count inNodeManager: 3.
2019-09-25 12:53:23,303 [RatisPipelineUtilsThread] ERROR pipeline.SCMPipelineManager (SCMPipelineManager.java:createPipeline(167)) - Pipeline creation failed.
org.apache.hadoop.hdds.scm.exceptions.SCMException: Unable to find enough nodes that meet the criteria that cannot engage in more than 5 pipelines. Nodes required: 1 Found: 0, healthy nodes count inNodeManager: 3.
	at org.apache.hadoop.hdds.scm.pipeline.PipelinePlacementPolicy.filterViableNodes(PipelinePlacementPolicy.java:149)
	at org.apache.hadoop.hdds.scm.pipeline.PipelinePlacementPolicy.chooseDatanodes(PipelinePlacementPolicy.java:172)
	at org.apache.hadoop.hdds.scm.pipeline.RatisPipelineProvider.create(RatisPipelineProvider.java:93)
	at org.apache.hadoop.hdds.scm.pipeline.PipelineFactory.create(PipelineFactory.java:58)
	at org.apache.hadoop.hdds.scm.pipeline.SCMPipelineManager.createPipeline(SCMPipelineManager.java:155)
	at org.apache.hadoop.hdds.scm.pipeline.BackgroundPipelineCreator.createPipelines(BackgroundPipelineCreator.java:99)
	at org.apache.hadoop.hdds.scm.pipeline.BackgroundPipelineCreator.lambda$startFixedIntervalPipelineCreator$0(BackgroundPipelineCreator.java:70)
	at java.util.concurrent.Executors$RunnableAdapter.call(Executors.java:511)
	at java.util.concurrent.FutureTask.runAndReset(FutureTask.java:308)
	at java.util.concurrent.ScheduledThreadPoolExecutor$ScheduledFutureTask.access$301(ScheduledThreadPoolExecutor.java:180)
	at java.util.concurrent.ScheduledThreadPoolExecutor$ScheduledFutureTask.run(ScheduledThreadPoolExecutor.java:294)
	at java.util.concurrent.ThreadPoolExecutor.runWorker(ThreadPoolExecutor.java:1149)
	at java.util.concurrent.ThreadPoolExecutor$Worker.run(ThreadPoolExecutor.java:624)
	at java.lang.Thread.run(Thread.java:748)
2019-09-25 12:53:23,303 [RatisPipelineUtilsThread] INFO  pipeline.PipelinePlacementPolicy (PipelinePlacementPolicy.java:meetCriteria(91)) - Pipeline Placement: can't place more pipeline on heavy datanode： 86fe042a-2702-420c-b672-b4ed3f9dd429 Heaviness: 6 limit: 5
2019-09-25 12:53:23,304 [RatisPipelineUtilsThread] INFO  pipeline.PipelinePlacementPolicy (PipelinePlacementPolicy.java:meetCriteria(91)) - Pipeline Placement: can't place more pipeline on heavy datanode： f4c0c517-7090-4318-a980-be101d2dbd1a Heaviness: 6 limit: 5
2019-09-25 12:53:23,304 [RatisPipelineUtilsThread] INFO  pipeline.PipelinePlacementPolicy (PipelinePlacementPolicy.java:meetCriteria(91)) - Pipeline Placement: can't place more pipeline on heavy datanode： 6759285c-27b5-468f-9e9e-f01eeaaacb7e Heaviness: 6 limit: 5
2019-09-25 12:53:23,304 [RatisPipelineUtilsThread] ERROR pipeline.PipelinePlacementPolicy (PipelinePlacementPolicy.java:filterViableNodes(148)) - Unable to find enough nodes that meet the criteria that cannot engage in more than 5 pipelines. Nodes required: 3 Found: 0, healthy nodes count inNodeManager: 3.
2019-09-25 12:53:23,304 [RatisPipelineUtilsThread] ERROR pipeline.SCMPipelineManager (SCMPipelineManager.java:createPipeline(167)) - Pipeline creation failed.
org.apache.hadoop.hdds.scm.exceptions.SCMException: Unable to find enough nodes that meet the criteria that cannot engage in more than 5 pipelines. Nodes required: 3 Found: 0, healthy nodes count inNodeManager: 3.
	at org.apache.hadoop.hdds.scm.pipeline.PipelinePlacementPolicy.filterViableNodes(PipelinePlacementPolicy.java:149)
	at org.apache.hadoop.hdds.scm.pipeline.PipelinePlacementPolicy.chooseDatanodes(PipelinePlacementPolicy.java:172)
	at org.apache.hadoop.hdds.scm.pipeline.RatisPipelineProvider.create(RatisPipelineProvider.java:93)
	at org.apache.hadoop.hdds.scm.pipeline.PipelineFactory.create(PipelineFactory.java:58)
	at org.apache.hadoop.hdds.scm.pipeline.SCMPipelineManager.createPipeline(SCMPipelineManager.java:155)
	at org.apache.hadoop.hdds.scm.pipeline.BackgroundPipelineCreator.createPipelines(BackgroundPipelineCreator.java:99)
	at org.apache.hadoop.hdds.scm.pipeline.BackgroundPipelineCreator.lambda$startFixedIntervalPipelineCreator$0(BackgroundPipelineCreator.java:70)
	at java.util.concurrent.Executors$RunnableAdapter.call(Executors.java:511)
	at java.util.concurrent.FutureTask.runAndReset(FutureTask.java:308)
	at java.util.concurrent.ScheduledThreadPoolExecutor$ScheduledFutureTask.access$301(ScheduledThreadPoolExecutor.java:180)
	at java.util.concurrent.ScheduledThreadPoolExecutor$ScheduledFutureTask.run(ScheduledThreadPoolExecutor.java:294)
	at java.util.concurrent.ThreadPoolExecutor.runWorker(ThreadPoolExecutor.java:1149)
	at java.util.concurrent.ThreadPoolExecutor$Worker.run(ThreadPoolExecutor.java:624)
	at java.lang.Thread.run(Thread.java:748)
2019-09-25 12:53:23,305 [IPC Server handler 3 on 35807] INFO  pipeline.PipelinePlacementPolicy (PipelinePlacementPolicy.java:meetCriteria(91)) - Pipeline Placement: can't place more pipeline on heavy datanode： 86fe042a-2702-420c-b672-b4ed3f9dd429 Heaviness: 6 limit: 5
2019-09-25 12:53:23,305 [IPC Server handler 3 on 35807] INFO  pipeline.PipelinePlacementPolicy (PipelinePlacementPolicy.java:meetCriteria(91)) - Pipeline Placement: can't place more pipeline on heavy datanode： f4c0c517-7090-4318-a980-be101d2dbd1a Heaviness: 6 limit: 5
2019-09-25 12:53:23,306 [IPC Server handler 3 on 35807] INFO  pipeline.PipelinePlacementPolicy (PipelinePlacementPolicy.java:meetCriteria(91)) - Pipeline Placement: can't place more pipeline on heavy datanode： 6759285c-27b5-468f-9e9e-f01eeaaacb7e Heaviness: 6 limit: 5
2019-09-25 12:53:23,306 [IPC Server handler 3 on 35807] ERROR pipeline.PipelinePlacementPolicy (PipelinePlacementPolicy.java:filterViableNodes(148)) - Unable to find enough nodes that meet the criteria that cannot engage in more than 5 pipelines. Nodes required: 3 Found: 0, healthy nodes count inNodeManager: 3.
2019-09-25 12:53:23,306 [IPC Server handler 3 on 35807] ERROR pipeline.SCMPipelineManager (SCMPipelineManager.java:createPipeline(167)) - Pipeline creation failed.
org.apache.hadoop.hdds.scm.exceptions.SCMException: Unable to find enough nodes that meet the criteria that cannot engage in more than 5 pipelines. Nodes required: 3 Found: 0, healthy nodes count inNodeManager: 3.
	at org.apache.hadoop.hdds.scm.pipeline.PipelinePlacementPolicy.filterViableNodes(PipelinePlacementPolicy.java:149)
	at org.apache.hadoop.hdds.scm.pipeline.PipelinePlacementPolicy.chooseDatanodes(PipelinePlacementPolicy.java:172)
	at org.apache.hadoop.hdds.scm.pipeline.RatisPipelineProvider.create(RatisPipelineProvider.java:93)
	at org.apache.hadoop.hdds.scm.pipeline.PipelineFactory.create(PipelineFactory.java:58)
	at org.apache.hadoop.hdds.scm.pipeline.SCMPipelineManager.createPipeline(SCMPipelineManager.java:155)
	at org.apache.hadoop.hdds.scm.block.BlockManagerImpl.allocateBlock(BlockManagerImpl.java:190)
	at org.apache.hadoop.hdds.scm.server.SCMBlockProtocolServer.allocateBlock(SCMBlockProtocolServer.java:182)
	at org.apache.hadoop.ozone.protocolPB.ScmBlockLocationProtocolServerSideTranslatorPB.allocateScmBlock(ScmBlockLocationProtocolServerSideTranslatorPB.java:183)
	at org.apache.hadoop.ozone.protocolPB.ScmBlockLocationProtocolServerSideTranslatorPB.processMessage(ScmBlockLocationProtocolServerSideTranslatorPB.java:141)
	at org.apache.hadoop.ozone.protocolPB.ScmBlockLocationProtocolServerSideTranslatorPB.send(ScmBlockLocationProtocolServerSideTranslatorPB.java:116)
	at org.apache.hadoop.hdds.protocol.proto.ScmBlockLocationProtocolProtos$ScmBlockLocationProtocolService$2.callBlockingMethod(ScmBlockLocationProtocolProtos.java:13157)
	at org.apache.hadoop.ipc.ProtobufRpcEngine$Server$ProtoBufRpcInvoker.call(ProtobufRpcEngine.java:524)
	at org.apache.hadoop.ipc.RPC$Server.call(RPC.java:1025)
	at org.apache.hadoop.ipc.Server$RpcCall.run(Server.java:876)
	at org.apache.hadoop.ipc.Server$RpcCall.run(Server.java:822)
	at java.security.AccessController.doPrivileged(Native Method)
	at javax.security.auth.Subject.doAs(Subject.java:422)
	at org.apache.hadoop.security.UserGroupInformation.doAs(UserGroupInformation.java:1730)
	at org.apache.hadoop.ipc.Server$Handler.run(Server.java:2682)
2019-09-25 12:53:23,307 [IPC Server handler 3 on 35807] WARN  block.BlockManagerImpl (BlockManagerImpl.java:allocateBlock(192)) - Pipeline creation failed for type:RATIS factor:THREE. Retrying get pipelines call once.
org.apache.hadoop.hdds.scm.exceptions.SCMException: Unable to find enough nodes that meet the criteria that cannot engage in more than 5 pipelines. Nodes required: 3 Found: 0, healthy nodes count inNodeManager: 3.
	at org.apache.hadoop.hdds.scm.pipeline.PipelinePlacementPolicy.filterViableNodes(PipelinePlacementPolicy.java:149)
	at org.apache.hadoop.hdds.scm.pipeline.PipelinePlacementPolicy.chooseDatanodes(PipelinePlacementPolicy.java:172)
	at org.apache.hadoop.hdds.scm.pipeline.RatisPipelineProvider.create(RatisPipelineProvider.java:93)
	at org.apache.hadoop.hdds.scm.pipeline.PipelineFactory.create(PipelineFactory.java:58)
	at org.apache.hadoop.hdds.scm.pipeline.SCMPipelineManager.createPipeline(SCMPipelineManager.java:155)
	at org.apache.hadoop.hdds.scm.block.BlockManagerImpl.allocateBlock(BlockManagerImpl.java:190)
	at org.apache.hadoop.hdds.scm.server.SCMBlockProtocolServer.allocateBlock(SCMBlockProtocolServer.java:182)
	at org.apache.hadoop.ozone.protocolPB.ScmBlockLocationProtocolServerSideTranslatorPB.allocateScmBlock(ScmBlockLocationProtocolServerSideTranslatorPB.java:183)
	at org.apache.hadoop.ozone.protocolPB.ScmBlockLocationProtocolServerSideTranslatorPB.processMessage(ScmBlockLocationProtocolServerSideTranslatorPB.java:141)
	at org.apache.hadoop.ozone.protocolPB.ScmBlockLocationProtocolServerSideTranslatorPB.send(ScmBlockLocationProtocolServerSideTranslatorPB.java:116)
	at org.apache.hadoop.hdds.protocol.proto.ScmBlockLocationProtocolProtos$ScmBlockLocationProtocolService$2.callBlockingMethod(ScmBlockLocationProtocolProtos.java:13157)
	at org.apache.hadoop.ipc.ProtobufRpcEngine$Server$ProtoBufRpcInvoker.call(ProtobufRpcEngine.java:524)
	at org.apache.hadoop.ipc.RPC$Server.call(RPC.java:1025)
	at org.apache.hadoop.ipc.Server$RpcCall.run(Server.java:876)
	at org.apache.hadoop.ipc.Server$RpcCall.run(Server.java:822)
	at java.security.AccessController.doPrivileged(Native Method)
	at javax.security.auth.Subject.doAs(Subject.java:422)
	at org.apache.hadoop.security.UserGroupInformation.doAs(UserGroupInformation.java:1730)
	at org.apache.hadoop.ipc.Server$Handler.run(Server.java:2682)
2019-09-25 12:53:23,307 [IPC Server handler 3 on 35807] INFO  block.BlockManagerImpl (BlockManagerImpl.java:allocateBlock(198)) - Could not find available pipeline of type:RATIS and factor:THREE even after retrying
2019-09-25 12:53:23,308 [IPC Server handler 3 on 35807] ERROR block.BlockManagerImpl (BlockManagerImpl.java:allocateBlock(222)) - Unable to allocate a block for the size: 4194304, type: RATIS, factor: THREE
2019-09-25 12:53:23,316 [Thread-806] INFO  ozone.MiniOzoneClusterImpl (MiniOzoneClusterImpl.java:shutdown(314)) - Shutting down the Mini Ozone Cluster
2019-09-25 12:53:23,318 [Thread-806] INFO  ozone.MiniOzoneClusterImpl (MiniOzoneClusterImpl.java:stop(330)) - Stopping the Mini Ozone Cluster
2019-09-25 12:53:23,318 [Thread-806] INFO  ozone.MiniOzoneClusterImpl (MiniOzoneClusterImpl.java:stopOM(400)) - Stopping the OzoneManager
2019-09-25 12:53:23,318 [Thread-806] INFO  ipc.Server (Server.java:stop(3082)) - Stopping server on 42583
2019-09-25 12:53:23,322 [IPC Server listener on 42583] INFO  ipc.Server (Server.java:run(1185)) - Stopping IPC Server listener on 42583
2019-09-25 12:53:23,323 [Thread-806] INFO  ratis.OzoneManagerDoubleBuffer (OzoneManagerDoubleBuffer.java:stop(248)) - Stopping OMDoubleBuffer flush thread
2019-09-25 12:53:23,325 [IPC Server Responder] INFO  ipc.Server (Server.java:run(1319)) - Stopping IPC Server Responder
2019-09-25 12:53:23,325 [OMDoubleBufferFlushThread] INFO  ratis.OzoneManagerDoubleBuffer (OzoneManagerDoubleBuffer.java:flushTransactions(191)) - OMDoubleBuffer flush thread OMDoubleBufferFlushThread is interrupted and will exit. OMDoubleBufferFlushThread
2019-09-25 12:53:23,326 [Thread-806] INFO  utils.BackgroundService (BackgroundService.java:shutdown(148)) - Shutting down service KeyDeletingService
2019-09-25 12:53:23,328 [Thread-806] INFO  handler.ContextHandler (ContextHandler.java:doStop(910)) - Stopped o.e.j.w.WebAppContext@d5dd81{/,null,UNAVAILABLE}{/ozoneManager}
2019-09-25 12:53:23,329 [Thread-806] INFO  server.AbstractConnector (AbstractConnector.java:doStop(318)) - Stopped ServerConnector@6ee912f6{HTTP/1.1,[http/1.1]}{0.0.0.0:0}
2019-09-25 12:53:23,329 [Thread-806] INFO  handler.ContextHandler (ContextHandler.java:doStop(910)) - Stopped o.e.j.s.ServletContextHandler@193da9c0{/static,jar:file:/home/user/.m2/repository/org/apache/hadoop/hadoop-ozone-ozone-manager/0.5.0-SNAPSHOT/hadoop-ozone-ozone-manager-0.5.0-SNAPSHOT.jar!/webapps/static,UNAVAILABLE}
2019-09-25 12:53:23,330 [Thread-806] INFO  handler.ContextHandler (ContextHandler.java:doStop(910)) - Stopped o.e.j.s.ServletContextHandler@429bcf98{/logs,file:///workdir/hadoop-ozone/ozonefs/target/log,UNAVAILABLE}
2019-09-25 12:53:23,332 [Thread-806] INFO  ozone.MiniOzoneClusterImpl (MiniOzoneClusterImpl.java:stopDatanodes(377)) - Stopping the HddsDatanodes
2019-09-25 12:53:24,135 [Datanode State Machine Thread - 0] INFO  statemachine.DatanodeStateMachine (DatanodeStateMachine.java:lambda$startDaemon$0(350)) - Ozone container server started.
2019-09-25 12:53:24,200 [Datanode State Machine Thread - 0] INFO  statemachine.DatanodeStateMachine (DatanodeStateMachine.java:lambda$startDaemon$0(350)) - Ozone container server started.
2019-09-25 12:53:25,150 [Thread-978] INFO  container.ReplicationManager (ReplicationManager.java:start(163)) - Starting Replication Monitor Thread.
2019-09-25 12:53:25,153 [ReplicationMonitor] INFO  container.ReplicationManager (ReplicationManager.java:run(226)) - Replication Monitor Thread took 0 milliseconds for processing 0 containers.
2019-09-25 12:53:27,389 [Thread-985] INFO  impl.FollowerState (FollowerState.java:run(106)) - 6759285c-27b5-468f-9e9e-f01eeaaacb7e:group-38F185EFCBB5 changes to CANDIDATE, lastRpcTime:5090, electionTimeout:5090ms
2019-09-25 12:53:27,389 [Thread-985] INFO  impl.RoleInfo (RoleInfo.java:shutdownFollowerState(121)) - 6759285c-27b5-468f-9e9e-f01eeaaacb7e: shutdown FollowerState
2019-09-25 12:53:27,389 [Thread-985] INFO  impl.RaftServerImpl (RaftServerImpl.java:setRole(174)) - 6759285c-27b5-468f-9e9e-f01eeaaacb7e@group-38F185EFCBB5: changes role from  FOLLOWER to CANDIDATE at term 0 for changeToCandidate
2019-09-25 12:53:27,390 [Thread-985] INFO  impl.RoleInfo (RoleInfo.java:updateAndGet(143)) - 6759285c-27b5-468f-9e9e-f01eeaaacb7e: start LeaderElection
2019-09-25 12:53:27,396 [Thread-980] INFO  impl.FollowerState (FollowerState.java:run(106)) - 6759285c-27b5-468f-9e9e-f01eeaaacb7e:group-2D02C6F43ECC changes to CANDIDATE, lastRpcTime:5175, electionTimeout:5175ms
2019-09-25 12:53:27,397 [Thread-980] INFO  impl.RoleInfo (RoleInfo.java:shutdownFollowerState(121)) - 6759285c-27b5-468f-9e9e-f01eeaaacb7e: shutdown FollowerState
2019-09-25 12:53:27,397 [Thread-980] INFO  impl.RaftServerImpl (RaftServerImpl.java:setRole(174)) - 6759285c-27b5-468f-9e9e-f01eeaaacb7e@group-2D02C6F43ECC: changes role from  FOLLOWER to CANDIDATE at term 0 for changeToCandidate
2019-09-25 12:53:27,397 [Thread-980] INFO  impl.RoleInfo (RoleInfo.java:updateAndGet(143)) - 6759285c-27b5-468f-9e9e-f01eeaaacb7e: start LeaderElection
2019-09-25 12:53:27,427 [6759285c-27b5-468f-9e9e-f01eeaaacb7e@group-38F185EFCBB5:LeaderElection53] INFO  impl.LeaderElection (LeaderElection.java:askForVotes(182)) - 6759285c-27b5-468f-9e9e-f01eeaaacb7e@group-38F185EFCBB5:LeaderElection53: begin an election at term 1 for -1: [6759285c-27b5-468f-9e9e-f01eeaaacb7e:192.168.151.73:37340], old=null
2019-09-25 12:53:27,427 [6759285c-27b5-468f-9e9e-f01eeaaacb7e@group-2D02C6F43ECC:LeaderElection54] INFO  impl.LeaderElection (LeaderElection.java:askForVotes(182)) - 6759285c-27b5-468f-9e9e-f01eeaaacb7e@group-2D02C6F43ECC:LeaderElection54: begin an election at term 1 for -1: [6759285c-27b5-468f-9e9e-f01eeaaacb7e:192.168.151.73:37340], old=null
2019-09-25 12:53:27,428 [6759285c-27b5-468f-9e9e-f01eeaaacb7e@group-38F185EFCBB5:LeaderElection53] INFO  impl.RoleInfo (RoleInfo.java:shutdownLeaderElection(134)) - 6759285c-27b5-468f-9e9e-f01eeaaacb7e: shutdown LeaderElection
2019-09-25 12:53:27,428 [6759285c-27b5-468f-9e9e-f01eeaaacb7e@group-2D02C6F43ECC:LeaderElection54] INFO  impl.RoleInfo (RoleInfo.java:shutdownLeaderElection(134)) - 6759285c-27b5-468f-9e9e-f01eeaaacb7e: shutdown LeaderElection
2019-09-25 12:53:27,428 [6759285c-27b5-468f-9e9e-f01eeaaacb7e@group-38F185EFCBB5:LeaderElection53] INFO  impl.RaftServerImpl (RaftServerImpl.java:setRole(174)) - 6759285c-27b5-468f-9e9e-f01eeaaacb7e@group-38F185EFCBB5: changes role from CANDIDATE to LEADER at term 1 for changeToLeader
2019-09-25 12:53:27,428 [6759285c-27b5-468f-9e9e-f01eeaaacb7e@group-2D02C6F43ECC:LeaderElection54] INFO  impl.RaftServerImpl (RaftServerImpl.java:setRole(174)) - 6759285c-27b5-468f-9e9e-f01eeaaacb7e@group-2D02C6F43ECC: changes role from CANDIDATE to LEADER at term 1 for changeToLeader
2019-09-25 12:53:27,428 [6759285c-27b5-468f-9e9e-f01eeaaacb7e@group-38F185EFCBB5:LeaderElection53] INFO  impl.RaftServerImpl (ServerState.java:setLeader(253)) - 6759285c-27b5-468f-9e9e-f01eeaaacb7e@group-38F185EFCBB5: change Leader from null to 6759285c-27b5-468f-9e9e-f01eeaaacb7e at term 1 for becomeLeader, leader elected after 5138ms
2019-09-25 12:53:27,428 [6759285c-27b5-468f-9e9e-f01eeaaacb7e@group-2D02C6F43ECC:LeaderElection54] INFO  impl.RaftServerImpl (ServerState.java:setLeader(253)) - 6759285c-27b5-468f-9e9e-f01eeaaacb7e@group-2D02C6F43ECC: change Leader from null to 6759285c-27b5-468f-9e9e-f01eeaaacb7e at term 1 for becomeLeader, leader elected after 5215ms
2019-09-25 12:53:27,429 [6759285c-27b5-468f-9e9e-f01eeaaacb7e@group-38F185EFCBB5:LeaderElection53] INFO  server.RaftServerConfigKeys (ConfUtils.java:logGet(43)) - raft.server.staging.catchup.gap = 1000 (default)
2019-09-25 12:53:27,429 [6759285c-27b5-468f-9e9e-f01eeaaacb7e@group-2D02C6F43ECC:LeaderElection54] INFO  server.RaftServerConfigKeys (ConfUtils.java:logGet(43)) - raft.server.staging.catchup.gap = 1000 (default)
2019-09-25 12:53:27,429 [6759285c-27b5-468f-9e9e-f01eeaaacb7e@group-38F185EFCBB5:LeaderElection53] INFO  server.RaftServerConfigKeys (ConfUtils.java:logGet(43)) - raft.server.rpc.sleep.time = 25ms (default)
2019-09-25 12:53:27,429 [6759285c-27b5-468f-9e9e-f01eeaaacb7e@group-2D02C6F43ECC:LeaderElection54] INFO  server.RaftServerConfigKeys (ConfUtils.java:logGet(43)) - raft.server.rpc.sleep.time = 25ms (default)
2019-09-25 12:53:27,429 [6759285c-27b5-468f-9e9e-f01eeaaacb7e@group-38F185EFCBB5:LeaderElection53] INFO  server.RaftServerConfigKeys (ConfUtils.java:logGet(43)) - raft.server.write.element-limit = 4096 (default)
2019-09-25 12:53:27,429 [6759285c-27b5-468f-9e9e-f01eeaaacb7e@group-2D02C6F43ECC:LeaderElection54] INFO  server.RaftServerConfigKeys (ConfUtils.java:logGet(43)) - raft.server.write.element-limit = 4096 (default)
2019-09-25 12:53:27,429 [6759285c-27b5-468f-9e9e-f01eeaaacb7e@group-38F185EFCBB5:LeaderElection53] INFO  server.RaftServerConfigKeys (ConfUtils.java:logGet(43)) - raft.server.watch.timeout = 10s (default)
2019-09-25 12:53:27,430 [6759285c-27b5-468f-9e9e-f01eeaaacb7e@group-2D02C6F43ECC:LeaderElection54] INFO  server.RaftServerConfigKeys (ConfUtils.java:logGet(43)) - raft.server.watch.timeout = 10s (default)
2019-09-25 12:53:27,430 [6759285c-27b5-468f-9e9e-f01eeaaacb7e@group-38F185EFCBB5:LeaderElection53] INFO  server.RaftServerConfigKeys (ConfUtils.java:logGet(43)) - raft.server.watch.timeout.denomination = 1s (default)
2019-09-25 12:53:27,430 [6759285c-27b5-468f-9e9e-f01eeaaacb7e@group-38F185EFCBB5:LeaderElection53] INFO  server.RaftServerConfigKeys (ConfUtils.java:logGet(43)) - raft.server.watch.element-limit = 65536 (default)
2019-09-25 12:53:27,430 [6759285c-27b5-468f-9e9e-f01eeaaacb7e@group-2D02C6F43ECC:LeaderElection54] INFO  server.RaftServerConfigKeys (ConfUtils.java:logGet(43)) - raft.server.watch.timeout.denomination = 1s (default)
2019-09-25 12:53:27,430 [6759285c-27b5-468f-9e9e-f01eeaaacb7e@group-2D02C6F43ECC:LeaderElection54] INFO  server.RaftServerConfigKeys (ConfUtils.java:logGet(43)) - raft.server.watch.element-limit = 65536 (default)
2019-09-25 12:53:27,433 [6759285c-27b5-468f-9e9e-f01eeaaacb7e@group-38F185EFCBB5:LeaderElection53] INFO  impl.RoleInfo (RoleInfo.java:updateAndGet(143)) - 6759285c-27b5-468f-9e9e-f01eeaaacb7e: start LeaderState
2019-09-25 12:53:27,433 [6759285c-27b5-468f-9e9e-f01eeaaacb7e@group-38F185EFCBB5:LeaderElection53] INFO  segmented.SegmentedRaftLogWorker (SegmentedRaftLogWorker.java:startLogSegment(380)) - 6759285c-27b5-468f-9e9e-f01eeaaacb7e@group-38F185EFCBB5-SegmentedRaftLogWorker: Starting segment from index:0
2019-09-25 12:53:27,434 [6759285c-27b5-468f-9e9e-f01eeaaacb7e@group-38F185EFCBB5:LeaderElection53] INFO  impl.RaftServerImpl (ServerState.java:setRaftConf(354)) - 6759285c-27b5-468f-9e9e-f01eeaaacb7e@group-38F185EFCBB5: set configuration 0: [6759285c-27b5-468f-9e9e-f01eeaaacb7e:192.168.151.73:37340], old=null at 0
2019-09-25 12:53:27,434 [6759285c-27b5-468f-9e9e-f01eeaaacb7e@group-2D02C6F43ECC:LeaderElection54] INFO  impl.RoleInfo (RoleInfo.java:updateAndGet(143)) - 6759285c-27b5-468f-9e9e-f01eeaaacb7e: start LeaderState
2019-09-25 12:53:27,435 [6759285c-27b5-468f-9e9e-f01eeaaacb7e@group-2D02C6F43ECC:LeaderElection54] INFO  segmented.SegmentedRaftLogWorker (SegmentedRaftLogWorker.java:startLogSegment(380)) - 6759285c-27b5-468f-9e9e-f01eeaaacb7e@group-2D02C6F43ECC-SegmentedRaftLogWorker: Starting segment from index:0
2019-09-25 12:53:27,435 [6759285c-27b5-468f-9e9e-f01eeaaacb7e@group-2D02C6F43ECC:LeaderElection54] INFO  impl.RaftServerImpl (ServerState.java:setRaftConf(354)) - 6759285c-27b5-468f-9e9e-f01eeaaacb7e@group-2D02C6F43ECC: set configuration 0: [6759285c-27b5-468f-9e9e-f01eeaaacb7e:192.168.151.73:37340], old=null at 0
2019-09-25 12:53:27,451 [Thread-989] INFO  impl.FollowerState (FollowerState.java:run(106)) - 6759285c-27b5-468f-9e9e-f01eeaaacb7e:group-F9A0FCA2A3D3 changes to CANDIDATE, lastRpcTime:5098, electionTimeout:5098ms
2019-09-25 12:53:27,451 [Thread-989] INFO  impl.RoleInfo (RoleInfo.java:shutdownFollowerState(121)) - 6759285c-27b5-468f-9e9e-f01eeaaacb7e: shutdown FollowerState
2019-09-25 12:53:27,451 [Thread-989] INFO  impl.RaftServerImpl (RaftServerImpl.java:setRole(174)) - 6759285c-27b5-468f-9e9e-f01eeaaacb7e@group-F9A0FCA2A3D3: changes role from  FOLLOWER to CANDIDATE at term 0 for changeToCandidate
2019-09-25 12:53:27,451 [Thread-989] INFO  impl.RoleInfo (RoleInfo.java:updateAndGet(143)) - 6759285c-27b5-468f-9e9e-f01eeaaacb7e: start LeaderElection
2019-09-25 12:53:27,479 [Thread-992] INFO  impl.FollowerState (FollowerState.java:run(106)) - 6759285c-27b5-468f-9e9e-f01eeaaacb7e:group-5214106C84D0 changes to CANDIDATE, lastRpcTime:5080, electionTimeout:5061ms
2019-09-25 12:53:27,479 [Thread-992] INFO  impl.RoleInfo (RoleInfo.java:shutdownFollowerState(121)) - 6759285c-27b5-468f-9e9e-f01eeaaacb7e: shutdown FollowerState
2019-09-25 12:53:27,479 [Thread-992] INFO  impl.RaftServerImpl (RaftServerImpl.java:setRole(174)) - 6759285c-27b5-468f-9e9e-f01eeaaacb7e@group-5214106C84D0: changes role from  FOLLOWER to CANDIDATE at term 0 for changeToCandidate
2019-09-25 12:53:27,480 [Thread-992] INFO  impl.RoleInfo (RoleInfo.java:updateAndGet(143)) - 6759285c-27b5-468f-9e9e-f01eeaaacb7e: start LeaderElection
2019-09-25 12:53:27,491 [6759285c-27b5-468f-9e9e-f01eeaaacb7e@group-2D02C6F43ECC-SegmentedRaftLogWorker] INFO  segmented.SegmentedRaftLogWorker (SegmentedRaftLogWorker.java:execute(569)) - 6759285c-27b5-468f-9e9e-f01eeaaacb7e@group-2D02C6F43ECC-SegmentedRaftLogWorker: created new log segment /workdir/hadoop-ozone/ozonefs/target/test-dir/MiniOzoneClusterImpl-24d85c3a-9c2e-4ba2-880b-df25a410d0c9/datanode-0/data/ratis/20970c6d-0f69-4685-bb87-2d02c6f43ecc/current/log_inprogress_0
2019-09-25 12:53:27,491 [6759285c-27b5-468f-9e9e-f01eeaaacb7e@group-38F185EFCBB5-SegmentedRaftLogWorker] INFO  segmented.SegmentedRaftLogWorker (SegmentedRaftLogWorker.java:execute(569)) - 6759285c-27b5-468f-9e9e-f01eeaaacb7e@group-38F185EFCBB5-SegmentedRaftLogWorker: created new log segment /workdir/hadoop-ozone/ozonefs/target/test-dir/MiniOzoneClusterImpl-24d85c3a-9c2e-4ba2-880b-df25a410d0c9/datanode-0/data/ratis/57e3624b-22ff-4ee6-8fc6-38f185efcbb5/current/log_inprogress_0
2019-09-25 12:53:27,492 [6759285c-27b5-468f-9e9e-f01eeaaacb7e@group-F9A0FCA2A3D3:LeaderElection55] INFO  impl.LeaderElection (LeaderElection.java:askForVotes(182)) - 6759285c-27b5-468f-9e9e-f01eeaaacb7e@group-F9A0FCA2A3D3:LeaderElection55: begin an election at term 1 for -1: [6759285c-27b5-468f-9e9e-f01eeaaacb7e:192.168.151.73:37340], old=null
2019-09-25 12:53:27,492 [6759285c-27b5-468f-9e9e-f01eeaaacb7e@group-5214106C84D0:LeaderElection56] INFO  impl.LeaderElection (LeaderElection.java:askForVotes(182)) - 6759285c-27b5-468f-9e9e-f01eeaaacb7e@group-5214106C84D0:LeaderElection56: begin an election at term 1 for -1: [6759285c-27b5-468f-9e9e-f01eeaaacb7e:192.168.151.73:37340], old=null
2019-09-25 12:53:27,492 [6759285c-27b5-468f-9e9e-f01eeaaacb7e@group-F9A0FCA2A3D3:LeaderElection55] INFO  impl.RoleInfo (RoleInfo.java:shutdownLeaderElection(134)) - 6759285c-27b5-468f-9e9e-f01eeaaacb7e: shutdown LeaderElection
2019-09-25 12:53:27,492 [6759285c-27b5-468f-9e9e-f01eeaaacb7e@group-5214106C84D0:LeaderElection56] INFO  impl.RoleInfo (RoleInfo.java:shutdownLeaderElection(134)) - 6759285c-27b5-468f-9e9e-f01eeaaacb7e: shutdown LeaderElection
2019-09-25 12:53:27,492 [6759285c-27b5-468f-9e9e-f01eeaaacb7e@group-F9A0FCA2A3D3:LeaderElection55] INFO  impl.RaftServerImpl (RaftServerImpl.java:setRole(174)) - 6759285c-27b5-468f-9e9e-f01eeaaacb7e@group-F9A0FCA2A3D3: changes role from CANDIDATE to LEADER at term 1 for changeToLeader
2019-09-25 12:53:27,492 [6759285c-27b5-468f-9e9e-f01eeaaacb7e@group-5214106C84D0:LeaderElection56] INFO  impl.RaftServerImpl (RaftServerImpl.java:setRole(174)) - 6759285c-27b5-468f-9e9e-f01eeaaacb7e@group-5214106C84D0: changes role from CANDIDATE to LEADER at term 1 for changeToLeader
2019-09-25 12:53:27,492 [6759285c-27b5-468f-9e9e-f01eeaaacb7e@group-F9A0FCA2A3D3:LeaderElection55] INFO  impl.RaftServerImpl (ServerState.java:setLeader(253)) - 6759285c-27b5-468f-9e9e-f01eeaaacb7e@group-F9A0FCA2A3D3: change Leader from null to 6759285c-27b5-468f-9e9e-f01eeaaacb7e at term 1 for becomeLeader, leader elected after 5146ms
2019-09-25 12:53:27,493 [6759285c-27b5-468f-9e9e-f01eeaaacb7e@group-5214106C84D0:LeaderElection56] INFO  impl.RaftServerImpl (ServerState.java:setLeader(253)) - 6759285c-27b5-468f-9e9e-f01eeaaacb7e@group-5214106C84D0: change Leader from null to 6759285c-27b5-468f-9e9e-f01eeaaacb7e at term 1 for becomeLeader, leader elected after 5100ms
2019-09-25 12:53:27,493 [6759285c-27b5-468f-9e9e-f01eeaaacb7e@group-F9A0FCA2A3D3:LeaderElection55] INFO  server.RaftServerConfigKeys (ConfUtils.java:logGet(43)) - raft.server.staging.catchup.gap = 1000 (default)
2019-09-25 12:53:27,493 [6759285c-27b5-468f-9e9e-f01eeaaacb7e@group-5214106C84D0:LeaderElection56] INFO  server.RaftServerConfigKeys (ConfUtils.java:logGet(43)) - raft.server.staging.catchup.gap = 1000 (default)
2019-09-25 12:53:27,493 [6759285c-27b5-468f-9e9e-f01eeaaacb7e@group-F9A0FCA2A3D3:LeaderElection55] INFO  server.RaftServerConfigKeys (ConfUtils.java:logGet(43)) - raft.server.rpc.sleep.time = 25ms (default)
2019-09-25 12:53:27,493 [6759285c-27b5-468f-9e9e-f01eeaaacb7e@group-5214106C84D0:LeaderElection56] INFO  server.RaftServerConfigKeys (ConfUtils.java:logGet(43)) - raft.server.rpc.sleep.time = 25ms (default)
2019-09-25 12:53:27,493 [6759285c-27b5-468f-9e9e-f01eeaaacb7e@group-F9A0FCA2A3D3:LeaderElection55] INFO  server.RaftServerConfigKeys (ConfUtils.java:logGet(43)) - raft.server.write.element-limit = 4096 (default)
2019-09-25 12:53:27,494 [6759285c-27b5-468f-9e9e-f01eeaaacb7e@group-5214106C84D0:LeaderElection56] INFO  server.RaftServerConfigKeys (ConfUtils.java:logGet(43)) - raft.server.write.element-limit = 4096 (default)
2019-09-25 12:53:27,494 [6759285c-27b5-468f-9e9e-f01eeaaacb7e@group-F9A0FCA2A3D3:LeaderElection55] INFO  server.RaftServerConfigKeys (ConfUtils.java:logGet(43)) - raft.server.watch.timeout = 10s (default)
2019-09-25 12:53:27,494 [6759285c-27b5-468f-9e9e-f01eeaaacb7e@group-5214106C84D0:LeaderElection56] INFO  server.RaftServerConfigKeys (ConfUtils.java:logGet(43)) - raft.server.watch.timeout = 10s (default)
2019-09-25 12:53:27,494 [6759285c-27b5-468f-9e9e-f01eeaaacb7e@group-F9A0FCA2A3D3:LeaderElection55] INFO  server.RaftServerConfigKeys (ConfUtils.java:logGet(43)) - raft.server.watch.timeout.denomination = 1s (default)
2019-09-25 12:53:27,494 [6759285c-27b5-468f-9e9e-f01eeaaacb7e@group-5214106C84D0:LeaderElection56] INFO  server.RaftServerConfigKeys (ConfUtils.java:logGet(43)) - raft.server.watch.timeout.denomination = 1s (default)
2019-09-25 12:53:27,494 [6759285c-27b5-468f-9e9e-f01eeaaacb7e@group-F9A0FCA2A3D3:LeaderElection55] INFO  server.RaftServerConfigKeys (ConfUtils.java:logGet(43)) - raft.server.watch.element-limit = 65536 (default)
2019-09-25 12:53:27,495 [6759285c-27b5-468f-9e9e-f01eeaaacb7e@group-5214106C84D0:LeaderElection56] INFO  server.RaftServerConfigKeys (ConfUtils.java:logGet(43)) - raft.server.watch.element-limit = 65536 (default)
2019-09-25 12:53:27,498 [6759285c-27b5-468f-9e9e-f01eeaaacb7e@group-F9A0FCA2A3D3:LeaderElection55] INFO  impl.RoleInfo (RoleInfo.java:updateAndGet(143)) - 6759285c-27b5-468f-9e9e-f01eeaaacb7e: start LeaderState
2019-09-25 12:53:27,498 [6759285c-27b5-468f-9e9e-f01eeaaacb7e@group-F9A0FCA2A3D3:LeaderElection55] INFO  segmented.SegmentedRaftLogWorker (SegmentedRaftLogWorker.java:startLogSegment(380)) - 6759285c-27b5-468f-9e9e-f01eeaaacb7e@group-F9A0FCA2A3D3-SegmentedRaftLogWorker: Starting segment from index:0
2019-09-25 12:53:27,498 [6759285c-27b5-468f-9e9e-f01eeaaacb7e@group-5214106C84D0:LeaderElection56] INFO  impl.RoleInfo (RoleInfo.java:updateAndGet(143)) - 6759285c-27b5-468f-9e9e-f01eeaaacb7e: start LeaderState
2019-09-25 12:53:27,499 [6759285c-27b5-468f-9e9e-f01eeaaacb7e@group-F9A0FCA2A3D3:LeaderElection55] INFO  impl.RaftServerImpl (ServerState.java:setRaftConf(354)) - 6759285c-27b5-468f-9e9e-f01eeaaacb7e@group-F9A0FCA2A3D3: set configuration 0: [6759285c-27b5-468f-9e9e-f01eeaaacb7e:192.168.151.73:37340], old=null at 0
2019-09-25 12:53:27,499 [6759285c-27b5-468f-9e9e-f01eeaaacb7e@group-5214106C84D0:LeaderElection56] INFO  segmented.SegmentedRaftLogWorker (SegmentedRaftLogWorker.java:startLogSegment(380)) - 6759285c-27b5-468f-9e9e-f01eeaaacb7e@group-5214106C84D0-SegmentedRaftLogWorker: Starting segment from index:0
2019-09-25 12:53:27,499 [6759285c-27b5-468f-9e9e-f01eeaaacb7e@group-5214106C84D0:LeaderElection56] INFO  impl.RaftServerImpl (ServerState.java:setRaftConf(354)) - 6759285c-27b5-468f-9e9e-f01eeaaacb7e@group-5214106C84D0: set configuration 0: [6759285c-27b5-468f-9e9e-f01eeaaacb7e:192.168.151.73:37340], old=null at 0
2019-09-25 12:53:27,556 [6759285c-27b5-468f-9e9e-f01eeaaacb7e@group-F9A0FCA2A3D3-SegmentedRaftLogWorker] INFO  segmented.SegmentedRaftLogWorker (SegmentedRaftLogWorker.java:execute(569)) - 6759285c-27b5-468f-9e9e-f01eeaaacb7e@group-F9A0FCA2A3D3-SegmentedRaftLogWorker: created new log segment /workdir/hadoop-ozone/ozonefs/target/test-dir/MiniOzoneClusterImpl-24d85c3a-9c2e-4ba2-880b-df25a410d0c9/datanode-0/data/ratis/29c6df19-1fec-4ca9-8b17-f9a0fca2a3d3/current/log_inprogress_0
2019-09-25 12:53:27,556 [6759285c-27b5-468f-9e9e-f01eeaaacb7e@group-5214106C84D0-SegmentedRaftLogWorker] INFO  segmented.SegmentedRaftLogWorker (SegmentedRaftLogWorker.java:execute(569)) - 6759285c-27b5-468f-9e9e-f01eeaaacb7e@group-5214106C84D0-SegmentedRaftLogWorker: created new log segment /workdir/hadoop-ozone/ozonefs/target/test-dir/MiniOzoneClusterImpl-24d85c3a-9c2e-4ba2-880b-df25a410d0c9/datanode-0/data/ratis/9036d95f-dffb-451a-a0c7-5214106c84d0/current/log_inprogress_0
2019-09-25 12:53:27,604 [Thread-995] INFO  impl.FollowerState (FollowerState.java:run(106)) - 6759285c-27b5-468f-9e9e-f01eeaaacb7e:group-696E90145BB3 changes to CANDIDATE, lastRpcTime:5162, electionTimeout:5162ms
2019-09-25 12:53:27,604 [Thread-995] INFO  impl.RoleInfo (RoleInfo.java:shutdownFollowerState(121)) - 6759285c-27b5-468f-9e9e-f01eeaaacb7e: shutdown FollowerState
2019-09-25 12:53:27,605 [Thread-995] INFO  impl.RaftServerImpl (RaftServerImpl.java:setRole(174)) - 6759285c-27b5-468f-9e9e-f01eeaaacb7e@group-696E90145BB3: changes role from  FOLLOWER to CANDIDATE at term 0 for changeToCandidate
2019-09-25 12:53:27,605 [Thread-995] INFO  impl.RoleInfo (RoleInfo.java:updateAndGet(143)) - 6759285c-27b5-468f-9e9e-f01eeaaacb7e: start LeaderElection
2019-09-25 12:53:27,620 [6759285c-27b5-468f-9e9e-f01eeaaacb7e@group-696E90145BB3:LeaderElection57] INFO  impl.LeaderElection (LeaderElection.java:askForVotes(182)) - 6759285c-27b5-468f-9e9e-f01eeaaacb7e@group-696E90145BB3:LeaderElection57: begin an election at term 1 for -1: [6759285c-27b5-468f-9e9e-f01eeaaacb7e:192.168.151.73:37340], old=null
2019-09-25 12:53:27,620 [6759285c-27b5-468f-9e9e-f01eeaaacb7e@group-696E90145BB3:LeaderElection57] INFO  impl.RoleInfo (RoleInfo.java:shutdownLeaderElection(134)) - 6759285c-27b5-468f-9e9e-f01eeaaacb7e: shutdown LeaderElection
2019-09-25 12:53:27,620 [6759285c-27b5-468f-9e9e-f01eeaaacb7e@group-696E90145BB3:LeaderElection57] INFO  impl.RaftServerImpl (RaftServerImpl.java:setRole(174)) - 6759285c-27b5-468f-9e9e-f01eeaaacb7e@group-696E90145BB3: changes role from CANDIDATE to LEADER at term 1 for changeToLeader
2019-09-25 12:53:27,621 [6759285c-27b5-468f-9e9e-f01eeaaacb7e@group-696E90145BB3:LeaderElection57] INFO  impl.RaftServerImpl (ServerState.java:setLeader(253)) - 6759285c-27b5-468f-9e9e-f01eeaaacb7e@group-696E90145BB3: change Leader from null to 6759285c-27b5-468f-9e9e-f01eeaaacb7e at term 1 for becomeLeader, leader elected after 5184ms
2019-09-25 12:53:27,621 [6759285c-27b5-468f-9e9e-f01eeaaacb7e@group-696E90145BB3:LeaderElection57] INFO  server.RaftServerConfigKeys (ConfUtils.java:logGet(43)) - raft.server.staging.catchup.gap = 1000 (default)
2019-09-25 12:53:27,621 [6759285c-27b5-468f-9e9e-f01eeaaacb7e@group-696E90145BB3:LeaderElection57] INFO  server.RaftServerConfigKeys (ConfUtils.java:logGet(43)) - raft.server.rpc.sleep.time = 25ms (default)
2019-09-25 12:53:27,621 [6759285c-27b5-468f-9e9e-f01eeaaacb7e@group-696E90145BB3:LeaderElection57] INFO  server.RaftServerConfigKeys (ConfUtils.java:logGet(43)) - raft.server.write.element-limit = 4096 (default)
2019-09-25 12:53:27,621 [6759285c-27b5-468f-9e9e-f01eeaaacb7e@group-696E90145BB3:LeaderElection57] INFO  server.RaftServerConfigKeys (ConfUtils.java:logGet(43)) - raft.server.watch.timeout = 10s (default)
2019-09-25 12:53:27,621 [6759285c-27b5-468f-9e9e-f01eeaaacb7e@group-696E90145BB3:LeaderElection57] INFO  server.RaftServerConfigKeys (ConfUtils.java:logGet(43)) - raft.server.watch.timeout.denomination = 1s (default)
2019-09-25 12:53:27,622 [6759285c-27b5-468f-9e9e-f01eeaaacb7e@group-696E90145BB3:LeaderElection57] INFO  server.RaftServerConfigKeys (ConfUtils.java:logGet(43)) - raft.server.watch.element-limit = 65536 (default)
2019-09-25 12:53:27,624 [6759285c-27b5-468f-9e9e-f01eeaaacb7e@group-696E90145BB3:LeaderElection57] INFO  impl.RoleInfo (RoleInfo.java:updateAndGet(143)) - 6759285c-27b5-468f-9e9e-f01eeaaacb7e: start LeaderState
2019-09-25 12:53:27,624 [6759285c-27b5-468f-9e9e-f01eeaaacb7e@group-696E90145BB3:LeaderElection57] INFO  segmented.SegmentedRaftLogWorker (SegmentedRaftLogWorker.java:startLogSegment(380)) - 6759285c-27b5-468f-9e9e-f01eeaaacb7e@group-696E90145BB3-SegmentedRaftLogWorker: Starting segment from index:0
2019-09-25 12:53:27,625 [6759285c-27b5-468f-9e9e-f01eeaaacb7e@group-696E90145BB3:LeaderElection57] INFO  impl.RaftServerImpl (ServerState.java:setRaftConf(354)) - 6759285c-27b5-468f-9e9e-f01eeaaacb7e@group-696E90145BB3: set configuration 0: [6759285c-27b5-468f-9e9e-f01eeaaacb7e:192.168.151.73:37340], old=null at 0
2019-09-25 12:53:27,641 [Thread-998] INFO  impl.FollowerState (FollowerState.java:run(106)) - 6759285c-27b5-468f-9e9e-f01eeaaacb7e:group-52984B5C2336 changes to CANDIDATE, lastRpcTime:5140, electionTimeout:5140ms
2019-09-25 12:53:27,642 [Thread-998] INFO  impl.RoleInfo (RoleInfo.java:shutdownFollowerState(121)) - 6759285c-27b5-468f-9e9e-f01eeaaacb7e: shutdown FollowerState
2019-09-25 12:53:27,642 [Thread-998] INFO  impl.RaftServerImpl (RaftServerImpl.java:setRole(174)) - 6759285c-27b5-468f-9e9e-f01eeaaacb7e@group-52984B5C2336: changes role from  FOLLOWER to CANDIDATE at term 0 for changeToCandidate
2019-09-25 12:53:27,642 [Thread-998] INFO  impl.RoleInfo (RoleInfo.java:updateAndGet(143)) - 6759285c-27b5-468f-9e9e-f01eeaaacb7e: start LeaderElection
2019-09-25 12:53:27,659 [Thread-1001] INFO  impl.FollowerState (FollowerState.java:run(106)) - f4c0c517-7090-4318-a980-be101d2dbd1a:group-39F70C264314 changes to CANDIDATE, lastRpcTime:5089, electionTimeout:5077ms
2019-09-25 12:53:27,660 [Thread-1001] INFO  impl.RoleInfo (RoleInfo.java:shutdownFollowerState(121)) - f4c0c517-7090-4318-a980-be101d2dbd1a: shutdown FollowerState
2019-09-25 12:53:27,660 [Thread-1001] INFO  impl.RaftServerImpl (RaftServerImpl.java:setRole(174)) - f4c0c517-7090-4318-a980-be101d2dbd1a@group-39F70C264314: changes role from  FOLLOWER to CANDIDATE at term 0 for changeToCandidate
2019-09-25 12:53:27,660 [Thread-1001] INFO  impl.RoleInfo (RoleInfo.java:updateAndGet(143)) - f4c0c517-7090-4318-a980-be101d2dbd1a: start LeaderElection
2019-09-25 12:53:27,664 [6759285c-27b5-468f-9e9e-f01eeaaacb7e@group-696E90145BB3-SegmentedRaftLogWorker] INFO  segmented.SegmentedRaftLogWorker (SegmentedRaftLogWorker.java:execute(569)) - 6759285c-27b5-468f-9e9e-f01eeaaacb7e@group-696E90145BB3-SegmentedRaftLogWorker: created new log segment /workdir/hadoop-ozone/ozonefs/target/test-dir/MiniOzoneClusterImpl-24d85c3a-9c2e-4ba2-880b-df25a410d0c9/datanode-0/data/ratis/1e4b8718-3d5d-4ed8-a814-696e90145bb3/current/log_inprogress_0
2019-09-25 12:53:27,664 [6759285c-27b5-468f-9e9e-f01eeaaacb7e@group-52984B5C2336:LeaderElection58] INFO  impl.LeaderElection (LeaderElection.java:askForVotes(182)) - 6759285c-27b5-468f-9e9e-f01eeaaacb7e@group-52984B5C2336:LeaderElection58: begin an election at term 1 for -1: [6759285c-27b5-468f-9e9e-f01eeaaacb7e:192.168.151.73:37340], old=null
2019-09-25 12:53:27,664 [6759285c-27b5-468f-9e9e-f01eeaaacb7e@group-52984B5C2336:LeaderElection58] INFO  impl.RoleInfo (RoleInfo.java:shutdownLeaderElection(134)) - 6759285c-27b5-468f-9e9e-f01eeaaacb7e: shutdown LeaderElection
2019-09-25 12:53:27,664 [6759285c-27b5-468f-9e9e-f01eeaaacb7e@group-52984B5C2336:LeaderElection58] INFO  impl.RaftServerImpl (RaftServerImpl.java:setRole(174)) - 6759285c-27b5-468f-9e9e-f01eeaaacb7e@group-52984B5C2336: changes role from CANDIDATE to LEADER at term 1 for changeToLeader
2019-09-25 12:53:27,664 [6759285c-27b5-468f-9e9e-f01eeaaacb7e@group-52984B5C2336:LeaderElection58] INFO  impl.RaftServerImpl (ServerState.java:setLeader(253)) - 6759285c-27b5-468f-9e9e-f01eeaaacb7e@group-52984B5C2336: change Leader from null to 6759285c-27b5-468f-9e9e-f01eeaaacb7e at term 1 for becomeLeader, leader elected after 5168ms
2019-09-25 12:53:27,664 [6759285c-27b5-468f-9e9e-f01eeaaacb7e@group-52984B5C2336:LeaderElection58] INFO  server.RaftServerConfigKeys (ConfUtils.java:logGet(43)) - raft.server.staging.catchup.gap = 1000 (default)
2019-09-25 12:53:27,665 [6759285c-27b5-468f-9e9e-f01eeaaacb7e@group-52984B5C2336:LeaderElection58] INFO  server.RaftServerConfigKeys (ConfUtils.java:logGet(43)) - raft.server.rpc.sleep.time = 25ms (default)
2019-09-25 12:53:27,665 [6759285c-27b5-468f-9e9e-f01eeaaacb7e@group-52984B5C2336:LeaderElection58] INFO  server.RaftServerConfigKeys (ConfUtils.java:logGet(43)) - raft.server.write.element-limit = 4096 (default)
2019-09-25 12:53:27,665 [6759285c-27b5-468f-9e9e-f01eeaaacb7e@group-52984B5C2336:LeaderElection58] INFO  server.RaftServerConfigKeys (ConfUtils.java:logGet(43)) - raft.server.watch.timeout = 10s (default)
2019-09-25 12:53:27,665 [6759285c-27b5-468f-9e9e-f01eeaaacb7e@group-52984B5C2336:LeaderElection58] INFO  server.RaftServerConfigKeys (ConfUtils.java:logGet(43)) - raft.server.watch.timeout.denomination = 1s (default)
2019-09-25 12:53:27,665 [6759285c-27b5-468f-9e9e-f01eeaaacb7e@group-52984B5C2336:LeaderElection58] INFO  server.RaftServerConfigKeys (ConfUtils.java:logGet(43)) - raft.server.watch.element-limit = 65536 (default)
2019-09-25 12:53:27,667 [6759285c-27b5-468f-9e9e-f01eeaaacb7e@group-52984B5C2336:LeaderElection58] INFO  impl.RoleInfo (RoleInfo.java:updateAndGet(143)) - 6759285c-27b5-468f-9e9e-f01eeaaacb7e: start LeaderState
2019-09-25 12:53:27,667 [6759285c-27b5-468f-9e9e-f01eeaaacb7e@group-52984B5C2336:LeaderElection58] INFO  segmented.SegmentedRaftLogWorker (SegmentedRaftLogWorker.java:startLogSegment(380)) - 6759285c-27b5-468f-9e9e-f01eeaaacb7e@group-52984B5C2336-SegmentedRaftLogWorker: Starting segment from index:0
2019-09-25 12:53:27,668 [6759285c-27b5-468f-9e9e-f01eeaaacb7e@group-52984B5C2336:LeaderElection58] INFO  impl.RaftServerImpl (ServerState.java:setRaftConf(354)) - 6759285c-27b5-468f-9e9e-f01eeaaacb7e@group-52984B5C2336: set configuration 0: [6759285c-27b5-468f-9e9e-f01eeaaacb7e:192.168.151.73:37340], old=null at 0
2019-09-25 12:53:27,685 [f4c0c517-7090-4318-a980-be101d2dbd1a@group-39F70C264314:LeaderElection59] INFO  impl.LeaderElection (LeaderElection.java:askForVotes(182)) - f4c0c517-7090-4318-a980-be101d2dbd1a@group-39F70C264314:LeaderElection59: begin an election at term 1 for -1: [f4c0c517-7090-4318-a980-be101d2dbd1a:192.168.151.73:33580], old=null
2019-09-25 12:53:27,685 [f4c0c517-7090-4318-a980-be101d2dbd1a@group-39F70C264314:LeaderElection59] INFO  impl.RoleInfo (RoleInfo.java:shutdownLeaderElection(134)) - f4c0c517-7090-4318-a980-be101d2dbd1a: shutdown LeaderElection
2019-09-25 12:53:27,685 [f4c0c517-7090-4318-a980-be101d2dbd1a@group-39F70C264314:LeaderElection59] INFO  impl.RaftServerImpl (RaftServerImpl.java:setRole(174)) - f4c0c517-7090-4318-a980-be101d2dbd1a@group-39F70C264314: changes role from CANDIDATE to LEADER at term 1 for changeToLeader
2019-09-25 12:53:27,685 [f4c0c517-7090-4318-a980-be101d2dbd1a@group-39F70C264314:LeaderElection59] INFO  impl.RaftServerImpl (ServerState.java:setLeader(253)) - f4c0c517-7090-4318-a980-be101d2dbd1a@group-39F70C264314: change Leader from null to f4c0c517-7090-4318-a980-be101d2dbd1a at term 1 for becomeLeader, leader elected after 5122ms
2019-09-25 12:53:27,685 [f4c0c517-7090-4318-a980-be101d2dbd1a@group-39F70C264314:LeaderElection59] INFO  server.RaftServerConfigKeys (ConfUtils.java:logGet(43)) - raft.server.staging.catchup.gap = 1000 (default)
2019-09-25 12:53:27,686 [f4c0c517-7090-4318-a980-be101d2dbd1a@group-39F70C264314:LeaderElection59] INFO  server.RaftServerConfigKeys (ConfUtils.java:logGet(43)) - raft.server.rpc.sleep.time = 25ms (default)
2019-09-25 12:53:27,686 [f4c0c517-7090-4318-a980-be101d2dbd1a@group-39F70C264314:LeaderElection59] INFO  server.RaftServerConfigKeys (ConfUtils.java:logGet(43)) - raft.server.write.element-limit = 4096 (default)
2019-09-25 12:53:27,686 [f4c0c517-7090-4318-a980-be101d2dbd1a@group-39F70C264314:LeaderElection59] INFO  server.RaftServerConfigKeys (ConfUtils.java:logGet(43)) - raft.server.watch.timeout = 10s (default)
2019-09-25 12:53:27,686 [f4c0c517-7090-4318-a980-be101d2dbd1a@group-39F70C264314:LeaderElection59] INFO  server.RaftServerConfigKeys (ConfUtils.java:logGet(43)) - raft.server.watch.timeout.denomination = 1s (default)
2019-09-25 12:53:27,686 [f4c0c517-7090-4318-a980-be101d2dbd1a@group-39F70C264314:LeaderElection59] INFO  server.RaftServerConfigKeys (ConfUtils.java:logGet(43)) - raft.server.watch.element-limit = 65536 (default)
2019-09-25 12:53:27,689 [f4c0c517-7090-4318-a980-be101d2dbd1a@group-39F70C264314:LeaderElection59] INFO  impl.RoleInfo (RoleInfo.java:updateAndGet(143)) - f4c0c517-7090-4318-a980-be101d2dbd1a: start LeaderState
2019-09-25 12:53:27,689 [f4c0c517-7090-4318-a980-be101d2dbd1a@group-39F70C264314:LeaderElection59] INFO  segmented.SegmentedRaftLogWorker (SegmentedRaftLogWorker.java:startLogSegment(380)) - f4c0c517-7090-4318-a980-be101d2dbd1a@group-39F70C264314-SegmentedRaftLogWorker: Starting segment from index:0
2019-09-25 12:53:27,690 [f4c0c517-7090-4318-a980-be101d2dbd1a@group-39F70C264314:LeaderElection59] INFO  impl.RaftServerImpl (ServerState.java:setRaftConf(354)) - f4c0c517-7090-4318-a980-be101d2dbd1a@group-39F70C264314: set configuration 0: [f4c0c517-7090-4318-a980-be101d2dbd1a:192.168.151.73:33580], old=null at 0
2019-09-25 12:53:27,712 [6759285c-27b5-468f-9e9e-f01eeaaacb7e@group-52984B5C2336-SegmentedRaftLogWorker] INFO  segmented.SegmentedRaftLogWorker (SegmentedRaftLogWorker.java:execute(569)) - 6759285c-27b5-468f-9e9e-f01eeaaacb7e@group-52984B5C2336-SegmentedRaftLogWorker: created new log segment /workdir/hadoop-ozone/ozonefs/target/test-dir/MiniOzoneClusterImpl-24d85c3a-9c2e-4ba2-880b-df25a410d0c9/datanode-0/data/ratis/16bb4d2e-36f8-40bb-b818-52984b5c2336/current/log_inprogress_0
2019-09-25 12:53:27,719 [Thread-1007] INFO  impl.FollowerState (FollowerState.java:run(106)) - f4c0c517-7090-4318-a980-be101d2dbd1a:group-AFBE67116274 changes to CANDIDATE, lastRpcTime:5020, electionTimeout:5020ms
2019-09-25 12:53:27,719 [Thread-1007] INFO  impl.RoleInfo (RoleInfo.java:shutdownFollowerState(121)) - f4c0c517-7090-4318-a980-be101d2dbd1a: shutdown FollowerState
2019-09-25 12:53:27,719 [Thread-1007] INFO  impl.RaftServerImpl (RaftServerImpl.java:setRole(174)) - f4c0c517-7090-4318-a980-be101d2dbd1a@group-AFBE67116274: changes role from  FOLLOWER to CANDIDATE at term 0 for changeToCandidate
2019-09-25 12:53:27,720 [Thread-1007] INFO  impl.RoleInfo (RoleInfo.java:updateAndGet(143)) - f4c0c517-7090-4318-a980-be101d2dbd1a: start LeaderElection
2019-09-25 12:53:27,726 [f4c0c517-7090-4318-a980-be101d2dbd1a@group-39F70C264314-SegmentedRaftLogWorker] INFO  segmented.SegmentedRaftLogWorker (SegmentedRaftLogWorker.java:execute(569)) - f4c0c517-7090-4318-a980-be101d2dbd1a@group-39F70C264314-SegmentedRaftLogWorker: created new log segment /workdir/hadoop-ozone/ozonefs/target/test-dir/MiniOzoneClusterImpl-24d85c3a-9c2e-4ba2-880b-df25a410d0c9/datanode-1/data/ratis/b81a37e3-3399-489f-a99c-39f70c264314/current/log_inprogress_0
2019-09-25 12:53:27,726 [f4c0c517-7090-4318-a980-be101d2dbd1a@group-AFBE67116274:LeaderElection60] INFO  impl.LeaderElection (LeaderElection.java:askForVotes(182)) - f4c0c517-7090-4318-a980-be101d2dbd1a@group-AFBE67116274:LeaderElection60: begin an election at term 1 for -1: [f4c0c517-7090-4318-a980-be101d2dbd1a:192.168.151.73:33580], old=null
2019-09-25 12:53:27,726 [f4c0c517-7090-4318-a980-be101d2dbd1a@group-AFBE67116274:LeaderElection60] INFO  impl.RoleInfo (RoleInfo.java:shutdownLeaderElection(134)) - f4c0c517-7090-4318-a980-be101d2dbd1a: shutdown LeaderElection
2019-09-25 12:53:27,727 [f4c0c517-7090-4318-a980-be101d2dbd1a@group-AFBE67116274:LeaderElection60] INFO  impl.RaftServerImpl (RaftServerImpl.java:setRole(174)) - f4c0c517-7090-4318-a980-be101d2dbd1a@group-AFBE67116274: changes role from CANDIDATE to LEADER at term 1 for changeToLeader
2019-09-25 12:53:27,727 [f4c0c517-7090-4318-a980-be101d2dbd1a@group-AFBE67116274:LeaderElection60] INFO  impl.RaftServerImpl (ServerState.java:setLeader(253)) - f4c0c517-7090-4318-a980-be101d2dbd1a@group-AFBE67116274: change Leader from null to f4c0c517-7090-4318-a980-be101d2dbd1a at term 1 for becomeLeader, leader elected after 5035ms
2019-09-25 12:53:27,727 [f4c0c517-7090-4318-a980-be101d2dbd1a@group-AFBE67116274:LeaderElection60] INFO  server.RaftServerConfigKeys (ConfUtils.java:logGet(43)) - raft.server.staging.catchup.gap = 1000 (default)
2019-09-25 12:53:27,727 [f4c0c517-7090-4318-a980-be101d2dbd1a@group-AFBE67116274:LeaderElection60] INFO  server.RaftServerConfigKeys (ConfUtils.java:logGet(43)) - raft.server.rpc.sleep.time = 25ms (default)
2019-09-25 12:53:27,727 [f4c0c517-7090-4318-a980-be101d2dbd1a@group-AFBE67116274:LeaderElection60] INFO  server.RaftServerConfigKeys (ConfUtils.java:logGet(43)) - raft.server.write.element-limit = 4096 (default)
2019-09-25 12:53:27,727 [f4c0c517-7090-4318-a980-be101d2dbd1a@group-AFBE67116274:LeaderElection60] INFO  server.RaftServerConfigKeys (ConfUtils.java:logGet(43)) - raft.server.watch.timeout = 10s (default)
2019-09-25 12:53:27,728 [f4c0c517-7090-4318-a980-be101d2dbd1a@group-AFBE67116274:LeaderElection60] INFO  server.RaftServerConfigKeys (ConfUtils.java:logGet(43)) - raft.server.watch.timeout.denomination = 1s (default)
2019-09-25 12:53:27,728 [f4c0c517-7090-4318-a980-be101d2dbd1a@group-AFBE67116274:LeaderElection60] INFO  server.RaftServerConfigKeys (ConfUtils.java:logGet(43)) - raft.server.watch.element-limit = 65536 (default)
2019-09-25 12:53:27,730 [f4c0c517-7090-4318-a980-be101d2dbd1a@group-AFBE67116274:LeaderElection60] INFO  impl.RoleInfo (RoleInfo.java:updateAndGet(143)) - f4c0c517-7090-4318-a980-be101d2dbd1a: start LeaderState
2019-09-25 12:53:27,730 [f4c0c517-7090-4318-a980-be101d2dbd1a@group-AFBE67116274:LeaderElection60] INFO  segmented.SegmentedRaftLogWorker (SegmentedRaftLogWorker.java:startLogSegment(380)) - f4c0c517-7090-4318-a980-be101d2dbd1a@group-AFBE67116274-SegmentedRaftLogWorker: Starting segment from index:0
2019-09-25 12:53:27,730 [f4c0c517-7090-4318-a980-be101d2dbd1a@group-AFBE67116274:LeaderElection60] INFO  impl.RaftServerImpl (ServerState.java:setRaftConf(354)) - f4c0c517-7090-4318-a980-be101d2dbd1a@group-AFBE67116274: set configuration 0: [f4c0c517-7090-4318-a980-be101d2dbd1a:192.168.151.73:33580], old=null at 0
2019-09-25 12:53:27,782 [f4c0c517-7090-4318-a980-be101d2dbd1a@group-AFBE67116274-SegmentedRaftLogWorker] INFO  segmented.SegmentedRaftLogWorker (SegmentedRaftLogWorker.java:execute(569)) - f4c0c517-7090-4318-a980-be101d2dbd1a@group-AFBE67116274-SegmentedRaftLogWorker: created new log segment /workdir/hadoop-ozone/ozonefs/target/test-dir/MiniOzoneClusterImpl-24d85c3a-9c2e-4ba2-880b-df25a410d0c9/datanode-1/data/ratis/faf2f2fe-518c-46cd-8993-afbe67116274/current/log_inprogress_0
2019-09-25 12:53:27,785 [Thread-1004] INFO  impl.FollowerState (FollowerState.java:run(106)) - f4c0c517-7090-4318-a980-be101d2dbd1a:group-906B0C2B9F97 changes to CANDIDATE, lastRpcTime:5152, electionTimeout:5152ms
2019-09-25 12:53:27,786 [Thread-1004] INFO  impl.RoleInfo (RoleInfo.java:shutdownFollowerState(121)) - f4c0c517-7090-4318-a980-be101d2dbd1a: shutdown FollowerState
2019-09-25 12:53:27,786 [Thread-1004] INFO  impl.RaftServerImpl (RaftServerImpl.java:setRole(174)) - f4c0c517-7090-4318-a980-be101d2dbd1a@group-906B0C2B9F97: changes role from  FOLLOWER to CANDIDATE at term 0 for changeToCandidate
2019-09-25 12:53:27,786 [Thread-1004] INFO  impl.RoleInfo (RoleInfo.java:updateAndGet(143)) - f4c0c517-7090-4318-a980-be101d2dbd1a: start LeaderElection
2019-09-25 12:53:27,812 [f4c0c517-7090-4318-a980-be101d2dbd1a@group-906B0C2B9F97:LeaderElection61] INFO  impl.LeaderElection (LeaderElection.java:askForVotes(182)) - f4c0c517-7090-4318-a980-be101d2dbd1a@group-906B0C2B9F97:LeaderElection61: begin an election at term 1 for -1: [f4c0c517-7090-4318-a980-be101d2dbd1a:192.168.151.73:33580], old=null
2019-09-25 12:53:27,813 [f4c0c517-7090-4318-a980-be101d2dbd1a@group-906B0C2B9F97:LeaderElection61] INFO  impl.RoleInfo (RoleInfo.java:shutdownLeaderElection(134)) - f4c0c517-7090-4318-a980-be101d2dbd1a: shutdown LeaderElection
2019-09-25 12:53:27,813 [f4c0c517-7090-4318-a980-be101d2dbd1a@group-906B0C2B9F97:LeaderElection61] INFO  impl.RaftServerImpl (RaftServerImpl.java:setRole(174)) - f4c0c517-7090-4318-a980-be101d2dbd1a@group-906B0C2B9F97: changes role from CANDIDATE to LEADER at term 1 for changeToLeader
2019-09-25 12:53:27,813 [f4c0c517-7090-4318-a980-be101d2dbd1a@group-906B0C2B9F97:LeaderElection61] INFO  impl.RaftServerImpl (ServerState.java:setLeader(253)) - f4c0c517-7090-4318-a980-be101d2dbd1a@group-906B0C2B9F97: change Leader from null to f4c0c517-7090-4318-a980-be101d2dbd1a at term 1 for becomeLeader, leader elected after 5185ms
2019-09-25 12:53:27,813 [f4c0c517-7090-4318-a980-be101d2dbd1a@group-906B0C2B9F97:LeaderElection61] INFO  server.RaftServerConfigKeys (ConfUtils.java:logGet(43)) - raft.server.staging.catchup.gap = 1000 (default)
2019-09-25 12:53:27,813 [f4c0c517-7090-4318-a980-be101d2dbd1a@group-906B0C2B9F97:LeaderElection61] INFO  server.RaftServerConfigKeys (ConfUtils.java:logGet(43)) - raft.server.rpc.sleep.time = 25ms (default)
2019-09-25 12:53:27,814 [f4c0c517-7090-4318-a980-be101d2dbd1a@group-906B0C2B9F97:LeaderElection61] INFO  server.RaftServerConfigKeys (ConfUtils.java:logGet(43)) - raft.server.write.element-limit = 4096 (default)
2019-09-25 12:53:27,814 [f4c0c517-7090-4318-a980-be101d2dbd1a@group-906B0C2B9F97:LeaderElection61] INFO  server.RaftServerConfigKeys (ConfUtils.java:logGet(43)) - raft.server.watch.timeout = 10s (default)
2019-09-25 12:53:27,814 [f4c0c517-7090-4318-a980-be101d2dbd1a@group-906B0C2B9F97:LeaderElection61] INFO  server.RaftServerConfigKeys (ConfUtils.java:logGet(43)) - raft.server.watch.timeout.denomination = 1s (default)
2019-09-25 12:53:27,814 [f4c0c517-7090-4318-a980-be101d2dbd1a@group-906B0C2B9F97:LeaderElection61] INFO  server.RaftServerConfigKeys (ConfUtils.java:logGet(43)) - raft.server.watch.element-limit = 65536 (default)
2019-09-25 12:53:27,816 [f4c0c517-7090-4318-a980-be101d2dbd1a@group-906B0C2B9F97:LeaderElection61] INFO  impl.RoleInfo (RoleInfo.java:updateAndGet(143)) - f4c0c517-7090-4318-a980-be101d2dbd1a: start LeaderState
2019-09-25 12:53:27,817 [f4c0c517-7090-4318-a980-be101d2dbd1a@group-906B0C2B9F97:LeaderElection61] INFO  segmented.SegmentedRaftLogWorker (SegmentedRaftLogWorker.java:startLogSegment(380)) - f4c0c517-7090-4318-a980-be101d2dbd1a@group-906B0C2B9F97-SegmentedRaftLogWorker: Starting segment from index:0
2019-09-25 12:53:27,817 [f4c0c517-7090-4318-a980-be101d2dbd1a@group-906B0C2B9F97:LeaderElection61] INFO  impl.RaftServerImpl (ServerState.java:setRaftConf(354)) - f4c0c517-7090-4318-a980-be101d2dbd1a@group-906B0C2B9F97: set configuration 0: [f4c0c517-7090-4318-a980-be101d2dbd1a:192.168.151.73:33580], old=null at 0
2019-09-25 12:53:27,877 [f4c0c517-7090-4318-a980-be101d2dbd1a@group-906B0C2B9F97-SegmentedRaftLogWorker] INFO  segmented.SegmentedRaftLogWorker (SegmentedRaftLogWorker.java:execute(569)) - f4c0c517-7090-4318-a980-be101d2dbd1a@group-906B0C2B9F97-SegmentedRaftLogWorker: created new log segment /workdir/hadoop-ozone/ozonefs/target/test-dir/MiniOzoneClusterImpl-24d85c3a-9c2e-4ba2-880b-df25a410d0c9/datanode-1/data/ratis/08e8589a-56c5-47cb-904b-906b0c2b9f97/current/log_inprogress_0
2019-09-25 12:53:27,896 [Thread-1013] INFO  impl.FollowerState (FollowerState.java:run(106)) - f4c0c517-7090-4318-a980-be101d2dbd1a:group-074F536D8801 changes to CANDIDATE, lastRpcTime:5050, electionTimeout:5050ms
2019-09-25 12:53:27,897 [Thread-1013] INFO  impl.RoleInfo (RoleInfo.java:shutdownFollowerState(121)) - f4c0c517-7090-4318-a980-be101d2dbd1a: shutdown FollowerState
2019-09-25 12:53:27,897 [Thread-1013] INFO  impl.RaftServerImpl (RaftServerImpl.java:setRole(174)) - f4c0c517-7090-4318-a980-be101d2dbd1a@group-074F536D8801: changes role from  FOLLOWER to CANDIDATE at term 0 for changeToCandidate
2019-09-25 12:53:27,897 [Thread-1013] INFO  impl.RoleInfo (RoleInfo.java:updateAndGet(143)) - f4c0c517-7090-4318-a980-be101d2dbd1a: start LeaderElection
2019-09-25 12:53:27,913 [f4c0c517-7090-4318-a980-be101d2dbd1a@group-074F536D8801:LeaderElection62] INFO  impl.LeaderElection (LeaderElection.java:askForVotes(182)) - f4c0c517-7090-4318-a980-be101d2dbd1a@group-074F536D8801:LeaderElection62: begin an election at term 1 for -1: [f4c0c517-7090-4318-a980-be101d2dbd1a:192.168.151.73:33580], old=null
2019-09-25 12:53:27,914 [f4c0c517-7090-4318-a980-be101d2dbd1a@group-074F536D8801:LeaderElection62] INFO  impl.RoleInfo (RoleInfo.java:shutdownLeaderElection(134)) - f4c0c517-7090-4318-a980-be101d2dbd1a: shutdown LeaderElection
2019-09-25 12:53:27,914 [f4c0c517-7090-4318-a980-be101d2dbd1a@group-074F536D8801:LeaderElection62] INFO  impl.RaftServerImpl (RaftServerImpl.java:setRole(174)) - f4c0c517-7090-4318-a980-be101d2dbd1a@group-074F536D8801: changes role from CANDIDATE to LEADER at term 1 for changeToLeader
2019-09-25 12:53:27,914 [f4c0c517-7090-4318-a980-be101d2dbd1a@group-074F536D8801:LeaderElection62] INFO  impl.RaftServerImpl (ServerState.java:setLeader(253)) - f4c0c517-7090-4318-a980-be101d2dbd1a@group-074F536D8801: change Leader from null to f4c0c517-7090-4318-a980-be101d2dbd1a at term 1 for becomeLeader, leader elected after 5074ms
2019-09-25 12:53:27,914 [f4c0c517-7090-4318-a980-be101d2dbd1a@group-074F536D8801:LeaderElection62] INFO  server.RaftServerConfigKeys (ConfUtils.java:logGet(43)) - raft.server.staging.catchup.gap = 1000 (default)
2019-09-25 12:53:27,914 [f4c0c517-7090-4318-a980-be101d2dbd1a@group-074F536D8801:LeaderElection62] INFO  server.RaftServerConfigKeys (ConfUtils.java:logGet(43)) - raft.server.rpc.sleep.time = 25ms (default)
2019-09-25 12:53:27,915 [f4c0c517-7090-4318-a980-be101d2dbd1a@group-074F536D8801:LeaderElection62] INFO  server.RaftServerConfigKeys (ConfUtils.java:logGet(43)) - raft.server.write.element-limit = 4096 (default)
2019-09-25 12:53:27,915 [f4c0c517-7090-4318-a980-be101d2dbd1a@group-074F536D8801:LeaderElection62] INFO  server.RaftServerConfigKeys (ConfUtils.java:logGet(43)) - raft.server.watch.timeout = 10s (default)
2019-09-25 12:53:27,915 [f4c0c517-7090-4318-a980-be101d2dbd1a@group-074F536D8801:LeaderElection62] INFO  server.RaftServerConfigKeys (ConfUtils.java:logGet(43)) - raft.server.watch.timeout.denomination = 1s (default)
2019-09-25 12:53:27,915 [f4c0c517-7090-4318-a980-be101d2dbd1a@group-074F536D8801:LeaderElection62] INFO  server.RaftServerConfigKeys (ConfUtils.java:logGet(43)) - raft.server.watch.element-limit = 65536 (default)
2019-09-25 12:53:27,917 [f4c0c517-7090-4318-a980-be101d2dbd1a@group-074F536D8801:LeaderElection62] INFO  impl.RoleInfo (RoleInfo.java:updateAndGet(143)) - f4c0c517-7090-4318-a980-be101d2dbd1a: start LeaderState
2019-09-25 12:53:27,918 [f4c0c517-7090-4318-a980-be101d2dbd1a@group-074F536D8801:LeaderElection62] INFO  segmented.SegmentedRaftLogWorker (SegmentedRaftLogWorker.java:startLogSegment(380)) - f4c0c517-7090-4318-a980-be101d2dbd1a@group-074F536D8801-SegmentedRaftLogWorker: Starting segment from index:0
2019-09-25 12:53:27,918 [f4c0c517-7090-4318-a980-be101d2dbd1a@group-074F536D8801:LeaderElection62] INFO  impl.RaftServerImpl (ServerState.java:setRaftConf(354)) - f4c0c517-7090-4318-a980-be101d2dbd1a@group-074F536D8801: set configuration 0: [f4c0c517-7090-4318-a980-be101d2dbd1a:192.168.151.73:33580], old=null at 0
2019-09-25 12:53:27,960 [Thread-1010] INFO  impl.FollowerState (FollowerState.java:run(106)) - 86fe042a-2702-420c-b672-b4ed3f9dd429:group-226F615D8716 changes to CANDIDATE, lastRpcTime:5162, electionTimeout:5162ms
2019-09-25 12:53:27,961 [Thread-1010] INFO  impl.RoleInfo (RoleInfo.java:shutdownFollowerState(121)) - 86fe042a-2702-420c-b672-b4ed3f9dd429: shutdown FollowerState
2019-09-25 12:53:27,961 [Thread-1010] INFO  impl.RaftServerImpl (RaftServerImpl.java:setRole(174)) - 86fe042a-2702-420c-b672-b4ed3f9dd429@group-226F615D8716: changes role from  FOLLOWER to CANDIDATE at term 0 for changeToCandidate
2019-09-25 12:53:27,961 [Thread-1010] INFO  impl.RoleInfo (RoleInfo.java:updateAndGet(143)) - 86fe042a-2702-420c-b672-b4ed3f9dd429: start LeaderElection
2019-09-25 12:53:27,978 [f4c0c517-7090-4318-a980-be101d2dbd1a@group-074F536D8801-SegmentedRaftLogWorker] INFO  segmented.SegmentedRaftLogWorker (SegmentedRaftLogWorker.java:execute(569)) - f4c0c517-7090-4318-a980-be101d2dbd1a@group-074F536D8801-SegmentedRaftLogWorker: created new log segment /workdir/hadoop-ozone/ozonefs/target/test-dir/MiniOzoneClusterImpl-24d85c3a-9c2e-4ba2-880b-df25a410d0c9/datanode-1/data/ratis/f5e97b79-1ecc-40d8-83d2-074f536d8801/current/log_inprogress_0
2019-09-25 12:53:27,978 [86fe042a-2702-420c-b672-b4ed3f9dd429@group-226F615D8716:LeaderElection63] INFO  impl.LeaderElection (LeaderElection.java:askForVotes(182)) - 86fe042a-2702-420c-b672-b4ed3f9dd429@group-226F615D8716:LeaderElection63: begin an election at term 1 for -1: [86fe042a-2702-420c-b672-b4ed3f9dd429:192.168.151.73:40740], old=null
2019-09-25 12:53:27,978 [86fe042a-2702-420c-b672-b4ed3f9dd429@group-226F615D8716:LeaderElection63] INFO  impl.RoleInfo (RoleInfo.java:shutdownLeaderElection(134)) - 86fe042a-2702-420c-b672-b4ed3f9dd429: shutdown LeaderElection
2019-09-25 12:53:27,978 [86fe042a-2702-420c-b672-b4ed3f9dd429@group-226F615D8716:LeaderElection63] INFO  impl.RaftServerImpl (RaftServerImpl.java:setRole(174)) - 86fe042a-2702-420c-b672-b4ed3f9dd429@group-226F615D8716: changes role from CANDIDATE to LEADER at term 1 for changeToLeader
2019-09-25 12:53:27,978 [86fe042a-2702-420c-b672-b4ed3f9dd429@group-226F615D8716:LeaderElection63] INFO  impl.RaftServerImpl (ServerState.java:setLeader(253)) - 86fe042a-2702-420c-b672-b4ed3f9dd429@group-226F615D8716: change Leader from null to 86fe042a-2702-420c-b672-b4ed3f9dd429 at term 1 for becomeLeader, leader elected after 5188ms
2019-09-25 12:53:27,979 [86fe042a-2702-420c-b672-b4ed3f9dd429@group-226F615D8716:LeaderElection63] INFO  server.RaftServerConfigKeys (ConfUtils.java:logGet(43)) - raft.server.staging.catchup.gap = 1000 (default)
2019-09-25 12:53:27,979 [86fe042a-2702-420c-b672-b4ed3f9dd429@group-226F615D8716:LeaderElection63] INFO  server.RaftServerConfigKeys (ConfUtils.java:logGet(43)) - raft.server.rpc.sleep.time = 25ms (default)
2019-09-25 12:53:27,979 [86fe042a-2702-420c-b672-b4ed3f9dd429@group-226F615D8716:LeaderElection63] INFO  server.RaftServerConfigKeys (ConfUtils.java:logGet(43)) - raft.server.write.element-limit = 4096 (default)
2019-09-25 12:53:27,979 [86fe042a-2702-420c-b672-b4ed3f9dd429@group-226F615D8716:LeaderElection63] INFO  server.RaftServerConfigKeys (ConfUtils.java:logGet(43)) - raft.server.watch.timeout = 10s (default)
2019-09-25 12:53:27,979 [86fe042a-2702-420c-b672-b4ed3f9dd429@group-226F615D8716:LeaderElection63] INFO  server.RaftServerConfigKeys (ConfUtils.java:logGet(43)) - raft.server.watch.timeout.denomination = 1s (default)
2019-09-25 12:53:27,980 [86fe042a-2702-420c-b672-b4ed3f9dd429@group-226F615D8716:LeaderElection63] INFO  server.RaftServerConfigKeys (ConfUtils.java:logGet(43)) - raft.server.watch.element-limit = 65536 (default)
2019-09-25 12:53:27,982 [86fe042a-2702-420c-b672-b4ed3f9dd429@group-226F615D8716:LeaderElection63] INFO  impl.RoleInfo (RoleInfo.java:updateAndGet(143)) - 86fe042a-2702-420c-b672-b4ed3f9dd429: start LeaderState
2019-09-25 12:53:27,982 [86fe042a-2702-420c-b672-b4ed3f9dd429@group-226F615D8716:LeaderElection63] INFO  segmented.SegmentedRaftLogWorker (SegmentedRaftLogWorker.java:startLogSegment(380)) - 86fe042a-2702-420c-b672-b4ed3f9dd429@group-226F615D8716-SegmentedRaftLogWorker: Starting segment from index:0
2019-09-25 12:53:27,983 [86fe042a-2702-420c-b672-b4ed3f9dd429@group-226F615D8716:LeaderElection63] INFO  impl.RaftServerImpl (ServerState.java:setRaftConf(354)) - 86fe042a-2702-420c-b672-b4ed3f9dd429@group-226F615D8716: set configuration 0: [86fe042a-2702-420c-b672-b4ed3f9dd429:192.168.151.73:40740], old=null at 0
2019-09-25 12:53:28,006 [Thread-1016] INFO  impl.FollowerState (FollowerState.java:run(106)) - f4c0c517-7090-4318-a980-be101d2dbd1a:group-23202D4C71BB changes to CANDIDATE, lastRpcTime:5102, electionTimeout:5102ms
2019-09-25 12:53:28,006 [Thread-1016] INFO  impl.RoleInfo (RoleInfo.java:shutdownFollowerState(121)) - f4c0c517-7090-4318-a980-be101d2dbd1a: shutdown FollowerState
2019-09-25 12:53:28,006 [Thread-1016] INFO  impl.RaftServerImpl (RaftServerImpl.java:setRole(174)) - f4c0c517-7090-4318-a980-be101d2dbd1a@group-23202D4C71BB: changes role from  FOLLOWER to CANDIDATE at term 0 for changeToCandidate
2019-09-25 12:53:28,006 [Thread-1016] INFO  impl.RoleInfo (RoleInfo.java:updateAndGet(143)) - f4c0c517-7090-4318-a980-be101d2dbd1a: start LeaderElection
2019-09-25 12:53:28,038 [86fe042a-2702-420c-b672-b4ed3f9dd429@group-226F615D8716-SegmentedRaftLogWorker] INFO  segmented.SegmentedRaftLogWorker (SegmentedRaftLogWorker.java:execute(569)) - 86fe042a-2702-420c-b672-b4ed3f9dd429@group-226F615D8716-SegmentedRaftLogWorker: created new log segment /workdir/hadoop-ozone/ozonefs/target/test-dir/MiniOzoneClusterImpl-24d85c3a-9c2e-4ba2-880b-df25a410d0c9/datanode-2/data/ratis/cf1bec12-0cdb-4231-9a32-226f615d8716/current/log_inprogress_0
2019-09-25 12:53:28,038 [f4c0c517-7090-4318-a980-be101d2dbd1a@group-23202D4C71BB:LeaderElection64] INFO  impl.LeaderElection (LeaderElection.java:askForVotes(182)) - f4c0c517-7090-4318-a980-be101d2dbd1a@group-23202D4C71BB:LeaderElection64: begin an election at term 1 for -1: [f4c0c517-7090-4318-a980-be101d2dbd1a:192.168.151.73:33580], old=null
2019-09-25 12:53:28,038 [f4c0c517-7090-4318-a980-be101d2dbd1a@group-23202D4C71BB:LeaderElection64] INFO  impl.RoleInfo (RoleInfo.java:shutdownLeaderElection(134)) - f4c0c517-7090-4318-a980-be101d2dbd1a: shutdown LeaderElection
2019-09-25 12:53:28,039 [f4c0c517-7090-4318-a980-be101d2dbd1a@group-23202D4C71BB:LeaderElection64] INFO  impl.RaftServerImpl (RaftServerImpl.java:setRole(174)) - f4c0c517-7090-4318-a980-be101d2dbd1a@group-23202D4C71BB: changes role from CANDIDATE to LEADER at term 1 for changeToLeader
2019-09-25 12:53:28,039 [f4c0c517-7090-4318-a980-be101d2dbd1a@group-23202D4C71BB:LeaderElection64] INFO  impl.RaftServerImpl (ServerState.java:setLeader(253)) - f4c0c517-7090-4318-a980-be101d2dbd1a@group-23202D4C71BB: change Leader from null to f4c0c517-7090-4318-a980-be101d2dbd1a at term 1 for becomeLeader, leader elected after 5142ms
2019-09-25 12:53:28,039 [f4c0c517-7090-4318-a980-be101d2dbd1a@group-23202D4C71BB:LeaderElection64] INFO  server.RaftServerConfigKeys (ConfUtils.java:logGet(43)) - raft.server.staging.catchup.gap = 1000 (default)
2019-09-25 12:53:28,039 [f4c0c517-7090-4318-a980-be101d2dbd1a@group-23202D4C71BB:LeaderElection64] INFO  server.RaftServerConfigKeys (ConfUtils.java:logGet(43)) - raft.server.rpc.sleep.time = 25ms (default)
2019-09-25 12:53:28,039 [f4c0c517-7090-4318-a980-be101d2dbd1a@group-23202D4C71BB:LeaderElection64] INFO  server.RaftServerConfigKeys (ConfUtils.java:logGet(43)) - raft.server.write.element-limit = 4096 (default)
2019-09-25 12:53:28,039 [f4c0c517-7090-4318-a980-be101d2dbd1a@group-23202D4C71BB:LeaderElection64] INFO  server.RaftServerConfigKeys (ConfUtils.java:logGet(43)) - raft.server.watch.timeout = 10s (default)
2019-09-25 12:53:28,040 [f4c0c517-7090-4318-a980-be101d2dbd1a@group-23202D4C71BB:LeaderElection64] INFO  server.RaftServerConfigKeys (ConfUtils.java:logGet(43)) - raft.server.watch.timeout.denomination = 1s (default)
2019-09-25 12:53:28,040 [f4c0c517-7090-4318-a980-be101d2dbd1a@group-23202D4C71BB:LeaderElection64] INFO  server.RaftServerConfigKeys (ConfUtils.java:logGet(43)) - raft.server.watch.element-limit = 65536 (default)
2019-09-25 12:53:28,042 [f4c0c517-7090-4318-a980-be101d2dbd1a@group-23202D4C71BB:LeaderElection64] INFO  impl.RoleInfo (RoleInfo.java:updateAndGet(143)) - f4c0c517-7090-4318-a980-be101d2dbd1a: start LeaderState
2019-09-25 12:53:28,042 [f4c0c517-7090-4318-a980-be101d2dbd1a@group-23202D4C71BB:LeaderElection64] INFO  segmented.SegmentedRaftLogWorker (SegmentedRaftLogWorker.java:startLogSegment(380)) - f4c0c517-7090-4318-a980-be101d2dbd1a@group-23202D4C71BB-SegmentedRaftLogWorker: Starting segment from index:0
2019-09-25 12:53:28,043 [f4c0c517-7090-4318-a980-be101d2dbd1a@group-23202D4C71BB:LeaderElection64] INFO  impl.RaftServerImpl (ServerState.java:setRaftConf(354)) - f4c0c517-7090-4318-a980-be101d2dbd1a@group-23202D4C71BB: set configuration 0: [f4c0c517-7090-4318-a980-be101d2dbd1a:192.168.151.73:33580], old=null at 0
2019-09-25 12:53:28,100 [f4c0c517-7090-4318-a980-be101d2dbd1a@group-23202D4C71BB-SegmentedRaftLogWorker] INFO  segmented.SegmentedRaftLogWorker (SegmentedRaftLogWorker.java:execute(569)) - f4c0c517-7090-4318-a980-be101d2dbd1a@group-23202D4C71BB-SegmentedRaftLogWorker: created new log segment /workdir/hadoop-ozone/ozonefs/target/test-dir/MiniOzoneClusterImpl-24d85c3a-9c2e-4ba2-880b-df25a410d0c9/datanode-1/data/ratis/2deefa20-2898-41e0-a991-23202d4c71bb/current/log_inprogress_0
2019-09-25 12:53:28,135 [Thread-1019] INFO  impl.FollowerState (FollowerState.java:run(106)) - f4c0c517-7090-4318-a980-be101d2dbd1a:group-B5DF8A5B196C changes to CANDIDATE, lastRpcTime:5187, electionTimeout:5187ms
2019-09-25 12:53:28,135 [Thread-1019] INFO  impl.RoleInfo (RoleInfo.java:shutdownFollowerState(121)) - f4c0c517-7090-4318-a980-be101d2dbd1a: shutdown FollowerState
2019-09-25 12:53:28,135 [Thread-1019] INFO  impl.RaftServerImpl (RaftServerImpl.java:setRole(174)) - f4c0c517-7090-4318-a980-be101d2dbd1a@group-B5DF8A5B196C: changes role from  FOLLOWER to CANDIDATE at term 0 for changeToCandidate
2019-09-25 12:53:28,135 [Thread-1019] INFO  impl.RoleInfo (RoleInfo.java:updateAndGet(143)) - f4c0c517-7090-4318-a980-be101d2dbd1a: start LeaderElection
2019-09-25 12:53:28,152 [f4c0c517-7090-4318-a980-be101d2dbd1a@group-B5DF8A5B196C:LeaderElection65] INFO  impl.LeaderElection (LeaderElection.java:askForVotes(182)) - f4c0c517-7090-4318-a980-be101d2dbd1a@group-B5DF8A5B196C:LeaderElection65: begin an election at term 1 for -1: [f4c0c517-7090-4318-a980-be101d2dbd1a:192.168.151.73:33580], old=null
2019-09-25 12:53:28,152 [f4c0c517-7090-4318-a980-be101d2dbd1a@group-B5DF8A5B196C:LeaderElection65] INFO  impl.RoleInfo (RoleInfo.java:shutdownLeaderElection(134)) - f4c0c517-7090-4318-a980-be101d2dbd1a: shutdown LeaderElection
2019-09-25 12:53:28,153 [f4c0c517-7090-4318-a980-be101d2dbd1a@group-B5DF8A5B196C:LeaderElection65] INFO  impl.RaftServerImpl (RaftServerImpl.java:setRole(174)) - f4c0c517-7090-4318-a980-be101d2dbd1a@group-B5DF8A5B196C: changes role from CANDIDATE to LEADER at term 1 for changeToLeader
2019-09-25 12:53:28,153 [f4c0c517-7090-4318-a980-be101d2dbd1a@group-B5DF8A5B196C:LeaderElection65] INFO  impl.RaftServerImpl (ServerState.java:setLeader(253)) - f4c0c517-7090-4318-a980-be101d2dbd1a@group-B5DF8A5B196C: change Leader from null to f4c0c517-7090-4318-a980-be101d2dbd1a at term 1 for becomeLeader, leader elected after 5211ms
2019-09-25 12:53:28,153 [f4c0c517-7090-4318-a980-be101d2dbd1a@group-B5DF8A5B196C:LeaderElection65] INFO  server.RaftServerConfigKeys (ConfUtils.java:logGet(43)) - raft.server.staging.catchup.gap = 1000 (default)
2019-09-25 12:53:28,153 [f4c0c517-7090-4318-a980-be101d2dbd1a@group-B5DF8A5B196C:LeaderElection65] INFO  server.RaftServerConfigKeys (ConfUtils.java:logGet(43)) - raft.server.rpc.sleep.time = 25ms (default)
2019-09-25 12:53:28,153 [f4c0c517-7090-4318-a980-be101d2dbd1a@group-B5DF8A5B196C:LeaderElection65] INFO  server.RaftServerConfigKeys (ConfUtils.java:logGet(43)) - raft.server.write.element-limit = 4096 (default)
2019-09-25 12:53:28,154 [f4c0c517-7090-4318-a980-be101d2dbd1a@group-B5DF8A5B196C:LeaderElection65] INFO  server.RaftServerConfigKeys (ConfUtils.java:logGet(43)) - raft.server.watch.timeout = 10s (default)
2019-09-25 12:53:28,154 [f4c0c517-7090-4318-a980-be101d2dbd1a@group-B5DF8A5B196C:LeaderElection65] INFO  server.RaftServerConfigKeys (ConfUtils.java:logGet(43)) - raft.server.watch.timeout.denomination = 1s (default)
2019-09-25 12:53:28,154 [f4c0c517-7090-4318-a980-be101d2dbd1a@group-B5DF8A5B196C:LeaderElection65] INFO  server.RaftServerConfigKeys (ConfUtils.java:logGet(43)) - raft.server.watch.element-limit = 65536 (default)
2019-09-25 12:53:28,157 [f4c0c517-7090-4318-a980-be101d2dbd1a@group-B5DF8A5B196C:LeaderElection65] INFO  impl.RoleInfo (RoleInfo.java:updateAndGet(143)) - f4c0c517-7090-4318-a980-be101d2dbd1a: start LeaderState
2019-09-25 12:53:28,157 [f4c0c517-7090-4318-a980-be101d2dbd1a@group-B5DF8A5B196C:LeaderElection65] INFO  segmented.SegmentedRaftLogWorker (SegmentedRaftLogWorker.java:startLogSegment(380)) - f4c0c517-7090-4318-a980-be101d2dbd1a@group-B5DF8A5B196C-SegmentedRaftLogWorker: Starting segment from index:0
2019-09-25 12:53:28,158 [f4c0c517-7090-4318-a980-be101d2dbd1a@group-B5DF8A5B196C:LeaderElection65] INFO  impl.RaftServerImpl (ServerState.java:setRaftConf(354)) - f4c0c517-7090-4318-a980-be101d2dbd1a@group-B5DF8A5B196C: set configuration 0: [f4c0c517-7090-4318-a980-be101d2dbd1a:192.168.151.73:33580], old=null at 0
2019-09-25 12:53:28,183 [Thread-1022] INFO  impl.FollowerState (FollowerState.java:run(106)) - 86fe042a-2702-420c-b672-b4ed3f9dd429:group-70AE2786380B changes to CANDIDATE, lastRpcTime:5168, electionTimeout:5168ms
2019-09-25 12:53:28,183 [Thread-1022] INFO  impl.RoleInfo (RoleInfo.java:shutdownFollowerState(121)) - 86fe042a-2702-420c-b672-b4ed3f9dd429: shutdown FollowerState
2019-09-25 12:53:28,183 [Thread-1022] INFO  impl.RaftServerImpl (RaftServerImpl.java:setRole(174)) - 86fe042a-2702-420c-b672-b4ed3f9dd429@group-70AE2786380B: changes role from  FOLLOWER to CANDIDATE at term 0 for changeToCandidate
2019-09-25 12:53:28,183 [Thread-1022] INFO  impl.RoleInfo (RoleInfo.java:updateAndGet(143)) - 86fe042a-2702-420c-b672-b4ed3f9dd429: start LeaderElection
2019-09-25 12:53:28,221 [f4c0c517-7090-4318-a980-be101d2dbd1a@group-B5DF8A5B196C-SegmentedRaftLogWorker] INFO  segmented.SegmentedRaftLogWorker (SegmentedRaftLogWorker.java:execute(569)) - f4c0c517-7090-4318-a980-be101d2dbd1a@group-B5DF8A5B196C-SegmentedRaftLogWorker: created new log segment /workdir/hadoop-ozone/ozonefs/target/test-dir/MiniOzoneClusterImpl-24d85c3a-9c2e-4ba2-880b-df25a410d0c9/datanode-1/data/ratis/ea2c4dbe-207d-4cf1-973f-b5df8a5b196c/current/log_inprogress_0
2019-09-25 12:53:28,222 [86fe042a-2702-420c-b672-b4ed3f9dd429@group-70AE2786380B:LeaderElection66] INFO  impl.LeaderElection (LeaderElection.java:askForVotes(182)) - 86fe042a-2702-420c-b672-b4ed3f9dd429@group-70AE2786380B:LeaderElection66: begin an election at term 1 for -1: [86fe042a-2702-420c-b672-b4ed3f9dd429:192.168.151.73:40740], old=null
2019-09-25 12:53:28,222 [86fe042a-2702-420c-b672-b4ed3f9dd429@group-70AE2786380B:LeaderElection66] INFO  impl.RoleInfo (RoleInfo.java:shutdownLeaderElection(134)) - 86fe042a-2702-420c-b672-b4ed3f9dd429: shutdown LeaderElection
2019-09-25 12:53:28,222 [86fe042a-2702-420c-b672-b4ed3f9dd429@group-70AE2786380B:LeaderElection66] INFO  impl.RaftServerImpl (RaftServerImpl.java:setRole(174)) - 86fe042a-2702-420c-b672-b4ed3f9dd429@group-70AE2786380B: changes role from CANDIDATE to LEADER at term 1 for changeToLeader
2019-09-25 12:53:28,222 [86fe042a-2702-420c-b672-b4ed3f9dd429@group-70AE2786380B:LeaderElection66] INFO  impl.RaftServerImpl (ServerState.java:setLeader(253)) - 86fe042a-2702-420c-b672-b4ed3f9dd429@group-70AE2786380B: change Leader from null to 86fe042a-2702-420c-b672-b4ed3f9dd429 at term 1 for becomeLeader, leader elected after 5215ms
2019-09-25 12:53:28,222 [86fe042a-2702-420c-b672-b4ed3f9dd429@group-70AE2786380B:LeaderElection66] INFO  server.RaftServerConfigKeys (ConfUtils.java:logGet(43)) - raft.server.staging.catchup.gap = 1000 (default)
2019-09-25 12:53:28,222 [Thread-1028] INFO  impl.FollowerState (FollowerState.java:run(106)) - 86fe042a-2702-420c-b672-b4ed3f9dd429:group-0547B6B93789 changes to CANDIDATE, lastRpcTime:5074, electionTimeout:5074ms
2019-09-25 12:53:28,223 [86fe042a-2702-420c-b672-b4ed3f9dd429@group-70AE2786380B:LeaderElection66] INFO  server.RaftServerConfigKeys (ConfUtils.java:logGet(43)) - raft.server.rpc.sleep.time = 25ms (default)
2019-09-25 12:53:28,223 [Thread-1028] INFO  impl.RoleInfo (RoleInfo.java:shutdownFollowerState(121)) - 86fe042a-2702-420c-b672-b4ed3f9dd429: shutdown FollowerState
2019-09-25 12:53:28,223 [86fe042a-2702-420c-b672-b4ed3f9dd429@group-70AE2786380B:LeaderElection66] INFO  server.RaftServerConfigKeys (ConfUtils.java:logGet(43)) - raft.server.write.element-limit = 4096 (default)
2019-09-25 12:53:28,223 [Thread-1028] INFO  impl.RaftServerImpl (RaftServerImpl.java:setRole(174)) - 86fe042a-2702-420c-b672-b4ed3f9dd429@group-0547B6B93789: changes role from  FOLLOWER to CANDIDATE at term 0 for changeToCandidate
2019-09-25 12:53:28,223 [86fe042a-2702-420c-b672-b4ed3f9dd429@group-70AE2786380B:LeaderElection66] INFO  server.RaftServerConfigKeys (ConfUtils.java:logGet(43)) - raft.server.watch.timeout = 10s (default)
2019-09-25 12:53:28,223 [Thread-1028] INFO  impl.RoleInfo (RoleInfo.java:updateAndGet(143)) - 86fe042a-2702-420c-b672-b4ed3f9dd429: start LeaderElection
2019-09-25 12:53:28,223 [86fe042a-2702-420c-b672-b4ed3f9dd429@group-70AE2786380B:LeaderElection66] INFO  server.RaftServerConfigKeys (ConfUtils.java:logGet(43)) - raft.server.watch.timeout.denomination = 1s (default)
2019-09-25 12:53:28,224 [86fe042a-2702-420c-b672-b4ed3f9dd429@group-70AE2786380B:LeaderElection66] INFO  server.RaftServerConfigKeys (ConfUtils.java:logGet(43)) - raft.server.watch.element-limit = 65536 (default)
2019-09-25 12:53:28,228 [86fe042a-2702-420c-b672-b4ed3f9dd429@group-70AE2786380B:LeaderElection66] INFO  impl.RoleInfo (RoleInfo.java:updateAndGet(143)) - 86fe042a-2702-420c-b672-b4ed3f9dd429: start LeaderState
2019-09-25 12:53:28,228 [86fe042a-2702-420c-b672-b4ed3f9dd429@group-70AE2786380B:LeaderElection66] INFO  segmented.SegmentedRaftLogWorker (SegmentedRaftLogWorker.java:startLogSegment(380)) - 86fe042a-2702-420c-b672-b4ed3f9dd429@group-70AE2786380B-SegmentedRaftLogWorker: Starting segment from index:0
2019-09-25 12:53:28,229 [86fe042a-2702-420c-b672-b4ed3f9dd429@group-70AE2786380B:LeaderElection66] INFO  impl.RaftServerImpl (ServerState.java:setRaftConf(354)) - 86fe042a-2702-420c-b672-b4ed3f9dd429@group-70AE2786380B: set configuration 0: [86fe042a-2702-420c-b672-b4ed3f9dd429:192.168.151.73:40740], old=null at 0
2019-09-25 12:53:28,243 [86fe042a-2702-420c-b672-b4ed3f9dd429@group-0547B6B93789:LeaderElection67] INFO  impl.LeaderElection (LeaderElection.java:askForVotes(182)) - 86fe042a-2702-420c-b672-b4ed3f9dd429@group-0547B6B93789:LeaderElection67: begin an election at term 1 for -1: [86fe042a-2702-420c-b672-b4ed3f9dd429:192.168.151.73:40740], old=null
2019-09-25 12:53:28,243 [86fe042a-2702-420c-b672-b4ed3f9dd429@group-0547B6B93789:LeaderElection67] INFO  impl.RoleInfo (RoleInfo.java:shutdownLeaderElection(134)) - 86fe042a-2702-420c-b672-b4ed3f9dd429: shutdown LeaderElection
2019-09-25 12:53:28,243 [86fe042a-2702-420c-b672-b4ed3f9dd429@group-0547B6B93789:LeaderElection67] INFO  impl.RaftServerImpl (RaftServerImpl.java:setRole(174)) - 86fe042a-2702-420c-b672-b4ed3f9dd429@group-0547B6B93789: changes role from CANDIDATE to LEADER at term 1 for changeToLeader
2019-09-25 12:53:28,243 [86fe042a-2702-420c-b672-b4ed3f9dd429@group-0547B6B93789:LeaderElection67] INFO  impl.RaftServerImpl (ServerState.java:setLeader(253)) - 86fe042a-2702-420c-b672-b4ed3f9dd429@group-0547B6B93789: change Leader from null to 86fe042a-2702-420c-b672-b4ed3f9dd429 at term 1 for becomeLeader, leader elected after 5104ms
2019-09-25 12:53:28,244 [86fe042a-2702-420c-b672-b4ed3f9dd429@group-0547B6B93789:LeaderElection67] INFO  server.RaftServerConfigKeys (ConfUtils.java:logGet(43)) - raft.server.staging.catchup.gap = 1000 (default)
2019-09-25 12:53:28,244 [86fe042a-2702-420c-b672-b4ed3f9dd429@group-0547B6B93789:LeaderElection67] INFO  server.RaftServerConfigKeys (ConfUtils.java:logGet(43)) - raft.server.rpc.sleep.time = 25ms (default)
2019-09-25 12:53:28,244 [86fe042a-2702-420c-b672-b4ed3f9dd429@group-0547B6B93789:LeaderElection67] INFO  server.RaftServerConfigKeys (ConfUtils.java:logGet(43)) - raft.server.write.element-limit = 4096 (default)
2019-09-25 12:53:28,244 [86fe042a-2702-420c-b672-b4ed3f9dd429@group-0547B6B93789:LeaderElection67] INFO  server.RaftServerConfigKeys (ConfUtils.java:logGet(43)) - raft.server.watch.timeout = 10s (default)
2019-09-25 12:53:28,244 [86fe042a-2702-420c-b672-b4ed3f9dd429@group-0547B6B93789:LeaderElection67] INFO  server.RaftServerConfigKeys (ConfUtils.java:logGet(43)) - raft.server.watch.timeout.denomination = 1s (default)
2019-09-25 12:53:28,244 [86fe042a-2702-420c-b672-b4ed3f9dd429@group-0547B6B93789:LeaderElection67] INFO  server.RaftServerConfigKeys (ConfUtils.java:logGet(43)) - raft.server.watch.element-limit = 65536 (default)
2019-09-25 12:53:28,246 [86fe042a-2702-420c-b672-b4ed3f9dd429@group-0547B6B93789:LeaderElection67] INFO  impl.RoleInfo (RoleInfo.java:updateAndGet(143)) - 86fe042a-2702-420c-b672-b4ed3f9dd429: start LeaderState
2019-09-25 12:53:28,247 [86fe042a-2702-420c-b672-b4ed3f9dd429@group-0547B6B93789:LeaderElection67] INFO  segmented.SegmentedRaftLogWorker (SegmentedRaftLogWorker.java:startLogSegment(380)) - 86fe042a-2702-420c-b672-b4ed3f9dd429@group-0547B6B93789-SegmentedRaftLogWorker: Starting segment from index:0
2019-09-25 12:53:28,247 [86fe042a-2702-420c-b672-b4ed3f9dd429@group-0547B6B93789:LeaderElection67] INFO  impl.RaftServerImpl (ServerState.java:setRaftConf(354)) - 86fe042a-2702-420c-b672-b4ed3f9dd429@group-0547B6B93789: set configuration 0: [86fe042a-2702-420c-b672-b4ed3f9dd429:192.168.151.73:40740], old=null at 0
2019-09-25 12:53:28,279 [Thread-1025] INFO  impl.FollowerState (FollowerState.java:run(106)) - 86fe042a-2702-420c-b672-b4ed3f9dd429:group-FACD72C0C7EE changes to CANDIDATE, lastRpcTime:5199, electionTimeout:5199ms
2019-09-25 12:53:28,280 [Thread-1025] INFO  impl.RoleInfo (RoleInfo.java:shutdownFollowerState(121)) - 86fe042a-2702-420c-b672-b4ed3f9dd429: shutdown FollowerState
2019-09-25 12:53:28,280 [86fe042a-2702-420c-b672-b4ed3f9dd429@group-70AE2786380B-SegmentedRaftLogWorker] INFO  segmented.SegmentedRaftLogWorker (SegmentedRaftLogWorker.java:execute(569)) - 86fe042a-2702-420c-b672-b4ed3f9dd429@group-70AE2786380B-SegmentedRaftLogWorker: created new log segment /workdir/hadoop-ozone/ozonefs/target/test-dir/MiniOzoneClusterImpl-24d85c3a-9c2e-4ba2-880b-df25a410d0c9/datanode-2/data/ratis/045418da-1f64-406a-9812-70ae2786380b/current/log_inprogress_0
2019-09-25 12:53:28,280 [Thread-1025] INFO  impl.RaftServerImpl (RaftServerImpl.java:setRole(174)) - 86fe042a-2702-420c-b672-b4ed3f9dd429@group-FACD72C0C7EE: changes role from  FOLLOWER to CANDIDATE at term 0 for changeToCandidate
2019-09-25 12:53:28,280 [Thread-1025] INFO  impl.RoleInfo (RoleInfo.java:updateAndGet(143)) - 86fe042a-2702-420c-b672-b4ed3f9dd429: start LeaderElection
2019-09-25 12:53:28,313 [86fe042a-2702-420c-b672-b4ed3f9dd429@group-0547B6B93789-SegmentedRaftLogWorker] INFO  segmented.SegmentedRaftLogWorker (SegmentedRaftLogWorker.java:execute(569)) - 86fe042a-2702-420c-b672-b4ed3f9dd429@group-0547B6B93789-SegmentedRaftLogWorker: created new log segment /workdir/hadoop-ozone/ozonefs/target/test-dir/MiniOzoneClusterImpl-24d85c3a-9c2e-4ba2-880b-df25a410d0c9/datanode-2/data/ratis/dad997d1-ef89-497a-9a27-0547b6b93789/current/log_inprogress_0
2019-09-25 12:53:28,313 [86fe042a-2702-420c-b672-b4ed3f9dd429@group-FACD72C0C7EE:LeaderElection68] INFO  impl.LeaderElection (LeaderElection.java:askForVotes(182)) - 86fe042a-2702-420c-b672-b4ed3f9dd429@group-FACD72C0C7EE:LeaderElection68: begin an election at term 1 for -1: [86fe042a-2702-420c-b672-b4ed3f9dd429:192.168.151.73:40740], old=null
2019-09-25 12:53:28,313 [86fe042a-2702-420c-b672-b4ed3f9dd429@group-FACD72C0C7EE:LeaderElection68] INFO  impl.RoleInfo (RoleInfo.java:shutdownLeaderElection(134)) - 86fe042a-2702-420c-b672-b4ed3f9dd429: shutdown LeaderElection
2019-09-25 12:53:28,313 [86fe042a-2702-420c-b672-b4ed3f9dd429@group-FACD72C0C7EE:LeaderElection68] INFO  impl.RaftServerImpl (RaftServerImpl.java:setRole(174)) - 86fe042a-2702-420c-b672-b4ed3f9dd429@group-FACD72C0C7EE: changes role from CANDIDATE to LEADER at term 1 for changeToLeader
2019-09-25 12:53:28,314 [86fe042a-2702-420c-b672-b4ed3f9dd429@group-FACD72C0C7EE:LeaderElection68] INFO  impl.RaftServerImpl (ServerState.java:setLeader(253)) - 86fe042a-2702-420c-b672-b4ed3f9dd429@group-FACD72C0C7EE: change Leader from null to 86fe042a-2702-420c-b672-b4ed3f9dd429 at term 1 for becomeLeader, leader elected after 5239ms
2019-09-25 12:53:28,314 [86fe042a-2702-420c-b672-b4ed3f9dd429@group-FACD72C0C7EE:LeaderElection68] INFO  server.RaftServerConfigKeys (ConfUtils.java:logGet(43)) - raft.server.staging.catchup.gap = 1000 (default)
2019-09-25 12:53:28,314 [86fe042a-2702-420c-b672-b4ed3f9dd429@group-FACD72C0C7EE:LeaderElection68] INFO  server.RaftServerConfigKeys (ConfUtils.java:logGet(43)) - raft.server.rpc.sleep.time = 25ms (default)
2019-09-25 12:53:28,314 [86fe042a-2702-420c-b672-b4ed3f9dd429@group-FACD72C0C7EE:LeaderElection68] INFO  server.RaftServerConfigKeys (ConfUtils.java:logGet(43)) - raft.server.write.element-limit = 4096 (default)
2019-09-25 12:53:28,314 [86fe042a-2702-420c-b672-b4ed3f9dd429@group-FACD72C0C7EE:LeaderElection68] INFO  server.RaftServerConfigKeys (ConfUtils.java:logGet(43)) - raft.server.watch.timeout = 10s (default)
2019-09-25 12:53:28,314 [86fe042a-2702-420c-b672-b4ed3f9dd429@group-FACD72C0C7EE:LeaderElection68] INFO  server.RaftServerConfigKeys (ConfUtils.java:logGet(43)) - raft.server.watch.timeout.denomination = 1s (default)
2019-09-25 12:53:28,315 [86fe042a-2702-420c-b672-b4ed3f9dd429@group-FACD72C0C7EE:LeaderElection68] INFO  server.RaftServerConfigKeys (ConfUtils.java:logGet(43)) - raft.server.watch.element-limit = 65536 (default)
2019-09-25 12:53:28,317 [86fe042a-2702-420c-b672-b4ed3f9dd429@group-FACD72C0C7EE:LeaderElection68] INFO  impl.RoleInfo (RoleInfo.java:updateAndGet(143)) - 86fe042a-2702-420c-b672-b4ed3f9dd429: start LeaderState
2019-09-25 12:53:28,317 [86fe042a-2702-420c-b672-b4ed3f9dd429@group-FACD72C0C7EE:LeaderElection68] INFO  segmented.SegmentedRaftLogWorker (SegmentedRaftLogWorker.java:startLogSegment(380)) - 86fe042a-2702-420c-b672-b4ed3f9dd429@group-FACD72C0C7EE-SegmentedRaftLogWorker: Starting segment from index:0
2019-09-25 12:53:28,318 [86fe042a-2702-420c-b672-b4ed3f9dd429@group-FACD72C0C7EE:LeaderElection68] INFO  impl.RaftServerImpl (ServerState.java:setRaftConf(354)) - 86fe042a-2702-420c-b672-b4ed3f9dd429@group-FACD72C0C7EE: set configuration 0: [86fe042a-2702-420c-b672-b4ed3f9dd429:192.168.151.73:40740], old=null at 0
2019-09-25 12:53:28,328 [Thread-1034] INFO  impl.FollowerState (FollowerState.java:run(106)) - 86fe042a-2702-420c-b672-b4ed3f9dd429:group-94FC6F65C8E3 changes to CANDIDATE, lastRpcTime:5032, electionTimeout:5032ms
2019-09-25 12:53:28,328 [Thread-1034] INFO  impl.RoleInfo (RoleInfo.java:shutdownFollowerState(121)) - 86fe042a-2702-420c-b672-b4ed3f9dd429: shutdown FollowerState
2019-09-25 12:53:28,328 [Thread-1034] INFO  impl.RaftServerImpl (RaftServerImpl.java:setRole(174)) - 86fe042a-2702-420c-b672-b4ed3f9dd429@group-94FC6F65C8E3: changes role from  FOLLOWER to CANDIDATE at term 0 for changeToCandidate
2019-09-25 12:53:28,328 [Thread-1034] INFO  impl.RoleInfo (RoleInfo.java:updateAndGet(143)) - 86fe042a-2702-420c-b672-b4ed3f9dd429: start LeaderElection
2019-09-25 12:53:28,359 [Thread-806] INFO  ozoneimpl.OzoneContainer (OzoneContainer.java:stop(231)) - Attempting to stop container services.
2019-09-25 12:53:28,359 [ForkJoinPool.commonPool-worker-0] INFO  ozoneimpl.OzoneContainer (OzoneContainer.java:stop(231)) - Attempting to stop container services.
2019-09-25 12:53:28,360 [Thread-806] INFO  impl.RaftServerProxy (RaftServerProxy.java:lambda$close$4(314)) - f4c0c517-7090-4318-a980-be101d2dbd1a: close
2019-09-25 12:53:28,360 [ForkJoinPool.commonPool-worker-0] INFO  impl.RaftServerProxy (RaftServerProxy.java:lambda$close$4(314)) - 6759285c-27b5-468f-9e9e-f01eeaaacb7e: close
2019-09-25 12:53:28,360 [Thread-806] INFO  impl.RaftServerImpl (RaftServerImpl.java:lambda$shutdown$3(251)) - f4c0c517-7090-4318-a980-be101d2dbd1a@group-AFBE67116274: shutdown
2019-09-25 12:53:28,360 [ForkJoinPool.commonPool-worker-0] INFO  impl.RaftServerImpl (RaftServerImpl.java:lambda$shutdown$3(251)) - 6759285c-27b5-468f-9e9e-f01eeaaacb7e@group-5214106C84D0: shutdown
2019-09-25 12:53:28,361 [Thread-806] INFO  util.JmxRegister (JmxRegister.java:unregister(73)) - Successfully un-registered JMX Bean with object name Ratis:service=RaftServer,group=group-AFBE67116274,id=f4c0c517-7090-4318-a980-be101d2dbd1a
2019-09-25 12:53:28,361 [ForkJoinPool.commonPool-worker-0] INFO  util.JmxRegister (JmxRegister.java:unregister(73)) - Successfully un-registered JMX Bean with object name Ratis:service=RaftServer,group=group-5214106C84D0,id=6759285c-27b5-468f-9e9e-f01eeaaacb7e
2019-09-25 12:53:28,361 [Thread-806] INFO  impl.RoleInfo (RoleInfo.java:shutdownLeaderState(104)) - f4c0c517-7090-4318-a980-be101d2dbd1a: shutdown LeaderState
2019-09-25 12:53:28,362 [ForkJoinPool.commonPool-worker-0] INFO  impl.RoleInfo (RoleInfo.java:shutdownLeaderState(104)) - 6759285c-27b5-468f-9e9e-f01eeaaacb7e: shutdown LeaderState
2019-09-25 12:53:28,362 [Thread-806] INFO  impl.PendingRequests (PendingRequests.java:sendNotLeaderResponses(202)) - f4c0c517-7090-4318-a980-be101d2dbd1a-PendingRequests: sendNotLeaderResponses
2019-09-25 12:53:28,362 [ForkJoinPool.commonPool-worker-0] INFO  impl.PendingRequests (PendingRequests.java:sendNotLeaderResponses(202)) - 6759285c-27b5-468f-9e9e-f01eeaaacb7e-PendingRequests: sendNotLeaderResponses
2019-09-25 12:53:28,363 [Thread-806] INFO  impl.StateMachineUpdater (StateMachineUpdater.java:stopAndJoin(125)) - f4c0c517-7090-4318-a980-be101d2dbd1a@group-AFBE67116274-StateMachineUpdater: set stopIndex = 0
2019-09-25 12:53:28,363 [ForkJoinPool.commonPool-worker-0] INFO  impl.StateMachineUpdater (StateMachineUpdater.java:stopAndJoin(125)) - 6759285c-27b5-468f-9e9e-f01eeaaacb7e@group-5214106C84D0-StateMachineUpdater: set stopIndex = 0
2019-09-25 12:53:28,364 [ForkJoinPool.commonPool-worker-0] INFO  impl.RaftServerImpl (ServerState.java:close(385)) - 6759285c-27b5-468f-9e9e-f01eeaaacb7e@group-5214106C84D0: closes. applyIndex: 0
2019-09-25 12:53:28,363 [Thread-806] INFO  impl.RaftServerImpl (ServerState.java:close(385)) - f4c0c517-7090-4318-a980-be101d2dbd1a@group-AFBE67116274: closes. applyIndex: 0
2019-09-25 12:53:28,365 [Thread-1031] INFO  impl.FollowerState (FollowerState.java:run(106)) - 86fe042a-2702-420c-b672-b4ed3f9dd429:group-6E928BCC04D5 changes to CANDIDATE, lastRpcTime:5136, electionTimeout:5136ms
2019-09-25 12:53:28,365 [f4c0c517-7090-4318-a980-be101d2dbd1a@group-AFBE67116274-SegmentedRaftLogWorker] INFO  segmented.SegmentedRaftLogWorker (SegmentedRaftLogWorker.java:run(313)) - f4c0c517-7090-4318-a980-be101d2dbd1a@group-AFBE67116274-SegmentedRaftLogWorker was interrupted, exiting. There are 0 tasks remaining in the queue.
2019-09-25 12:53:28,364 [6759285c-27b5-468f-9e9e-f01eeaaacb7e@group-5214106C84D0-SegmentedRaftLogWorker] INFO  segmented.SegmentedRaftLogWorker (SegmentedRaftLogWorker.java:run(313)) - 6759285c-27b5-468f-9e9e-f01eeaaacb7e@group-5214106C84D0-SegmentedRaftLogWorker was interrupted, exiting. There are 0 tasks remaining in the queue.
2019-09-25 12:53:28,365 [Thread-1031] INFO  impl.RoleInfo (RoleInfo.java:shutdownFollowerState(121)) - 86fe042a-2702-420c-b672-b4ed3f9dd429: shutdown FollowerState
2019-09-25 12:53:28,365 [Thread-806] INFO  segmented.SegmentedRaftLogWorker (SegmentedRaftLogWorker.java:close(228)) - f4c0c517-7090-4318-a980-be101d2dbd1a@group-AFBE67116274-SegmentedRaftLogWorker close()
2019-09-25 12:53:28,365 [ForkJoinPool.commonPool-worker-0] INFO  segmented.SegmentedRaftLogWorker (SegmentedRaftLogWorker.java:close(228)) - 6759285c-27b5-468f-9e9e-f01eeaaacb7e@group-5214106C84D0-SegmentedRaftLogWorker close()
2019-09-25 12:53:28,368 [Thread-806] INFO  impl.RaftServerImpl (RaftServerImpl.java:lambda$shutdown$3(251)) - f4c0c517-7090-4318-a980-be101d2dbd1a@group-074F536D8801: shutdown
2019-09-25 12:53:28,370 [Thread-806] INFO  util.JmxRegister (JmxRegister.java:unregister(73)) - Successfully un-registered JMX Bean with object name Ratis:service=RaftServer,group=group-074F536D8801,id=f4c0c517-7090-4318-a980-be101d2dbd1a
2019-09-25 12:53:28,370 [Thread-806] INFO  impl.RoleInfo (RoleInfo.java:shutdownLeaderState(104)) - f4c0c517-7090-4318-a980-be101d2dbd1a: shutdown LeaderState
2019-09-25 12:53:28,365 [Thread-1031] INFO  impl.RaftServerImpl (RaftServerImpl.java:setRole(174)) - 86fe042a-2702-420c-b672-b4ed3f9dd429@group-6E928BCC04D5: changes role from  FOLLOWER to CANDIDATE at term 0 for changeToCandidate
2019-09-25 12:53:28,370 [Thread-806] INFO  impl.PendingRequests (PendingRequests.java:sendNotLeaderResponses(202)) - f4c0c517-7090-4318-a980-be101d2dbd1a-PendingRequests: sendNotLeaderResponses
2019-09-25 12:53:28,369 [ForkJoinPool.commonPool-worker-0] INFO  impl.RaftServerImpl (RaftServerImpl.java:lambda$shutdown$3(251)) - 6759285c-27b5-468f-9e9e-f01eeaaacb7e@group-2D02C6F43ECC: shutdown
2019-09-25 12:53:28,371 [Thread-806] INFO  impl.StateMachineUpdater (StateMachineUpdater.java:stopAndJoin(125)) - f4c0c517-7090-4318-a980-be101d2dbd1a@group-074F536D8801-StateMachineUpdater: set stopIndex = 0
2019-09-25 12:53:28,371 [Thread-806] INFO  impl.RaftServerImpl (ServerState.java:close(385)) - f4c0c517-7090-4318-a980-be101d2dbd1a@group-074F536D8801: closes. applyIndex: 0
2019-09-25 12:53:28,372 [86fe042a-2702-420c-b672-b4ed3f9dd429@group-94FC6F65C8E3:LeaderElection69] INFO  impl.LeaderElection (LeaderElection.java:askForVotes(182)) - 86fe042a-2702-420c-b672-b4ed3f9dd429@group-94FC6F65C8E3:LeaderElection69: begin an election at term 1 for -1: [86fe042a-2702-420c-b672-b4ed3f9dd429:192.168.151.73:40740], old=null
2019-09-25 12:53:28,370 [Thread-1031] INFO  impl.RoleInfo (RoleInfo.java:updateAndGet(143)) - 86fe042a-2702-420c-b672-b4ed3f9dd429: start LeaderElection
2019-09-25 12:53:28,372 [86fe042a-2702-420c-b672-b4ed3f9dd429@group-94FC6F65C8E3:LeaderElection69] INFO  impl.RoleInfo (RoleInfo.java:shutdownLeaderElection(134)) - 86fe042a-2702-420c-b672-b4ed3f9dd429: shutdown LeaderElection
2019-09-25 12:53:28,372 [f4c0c517-7090-4318-a980-be101d2dbd1a@group-074F536D8801-SegmentedRaftLogWorker] INFO  segmented.SegmentedRaftLogWorker (SegmentedRaftLogWorker.java:run(313)) - f4c0c517-7090-4318-a980-be101d2dbd1a@group-074F536D8801-SegmentedRaftLogWorker was interrupted, exiting. There are 0 tasks remaining in the queue.
2019-09-25 12:53:28,372 [86fe042a-2702-420c-b672-b4ed3f9dd429@group-FACD72C0C7EE-SegmentedRaftLogWorker] INFO  segmented.SegmentedRaftLogWorker (SegmentedRaftLogWorker.java:execute(569)) - 86fe042a-2702-420c-b672-b4ed3f9dd429@group-FACD72C0C7EE-SegmentedRaftLogWorker: created new log segment /workdir/hadoop-ozone/ozonefs/target/test-dir/MiniOzoneClusterImpl-24d85c3a-9c2e-4ba2-880b-df25a410d0c9/datanode-2/data/ratis/9700656a-659f-475d-9f4c-facd72c0c7ee/current/log_inprogress_0
2019-09-25 12:53:28,371 [ForkJoinPool.commonPool-worker-0] INFO  util.JmxRegister (JmxRegister.java:unregister(73)) - Successfully un-registered JMX Bean with object name Ratis:service=RaftServer,group=group-2D02C6F43ECC,id=6759285c-27b5-468f-9e9e-f01eeaaacb7e
2019-09-25 12:53:28,375 [Thread-806] INFO  segmented.SegmentedRaftLogWorker (SegmentedRaftLogWorker.java:close(228)) - f4c0c517-7090-4318-a980-be101d2dbd1a@group-074F536D8801-SegmentedRaftLogWorker close()
2019-09-25 12:53:28,372 [86fe042a-2702-420c-b672-b4ed3f9dd429@group-94FC6F65C8E3:LeaderElection69] INFO  impl.RaftServerImpl (RaftServerImpl.java:setRole(174)) - 86fe042a-2702-420c-b672-b4ed3f9dd429@group-94FC6F65C8E3: changes role from CANDIDATE to LEADER at term 1 for changeToLeader
2019-09-25 12:53:28,377 [Thread-806] INFO  impl.RaftServerImpl (RaftServerImpl.java:lambda$shutdown$3(251)) - f4c0c517-7090-4318-a980-be101d2dbd1a@group-39F70C264314: shutdown
2019-09-25 12:53:28,375 [ForkJoinPool.commonPool-worker-0] INFO  impl.RoleInfo (RoleInfo.java:shutdownLeaderState(104)) - 6759285c-27b5-468f-9e9e-f01eeaaacb7e: shutdown LeaderState
2019-09-25 12:53:28,378 [Thread-806] INFO  util.JmxRegister (JmxRegister.java:unregister(73)) - Successfully un-registered JMX Bean with object name Ratis:service=RaftServer,group=group-39F70C264314,id=f4c0c517-7090-4318-a980-be101d2dbd1a
2019-09-25 12:53:28,378 [Thread-806] INFO  impl.RoleInfo (RoleInfo.java:shutdownLeaderState(104)) - f4c0c517-7090-4318-a980-be101d2dbd1a: shutdown LeaderState
2019-09-25 12:53:28,377 [86fe042a-2702-420c-b672-b4ed3f9dd429@group-94FC6F65C8E3:LeaderElection69] INFO  impl.RaftServerImpl (ServerState.java:setLeader(253)) - 86fe042a-2702-420c-b672-b4ed3f9dd429@group-94FC6F65C8E3: change Leader from null to 86fe042a-2702-420c-b672-b4ed3f9dd429 at term 1 for becomeLeader, leader elected after 5088ms
2019-09-25 12:53:28,379 [Thread-806] INFO  impl.PendingRequests (PendingRequests.java:sendNotLeaderResponses(202)) - f4c0c517-7090-4318-a980-be101d2dbd1a-PendingRequests: sendNotLeaderResponses
2019-09-25 12:53:28,378 [ForkJoinPool.commonPool-worker-0] INFO  impl.PendingRequests (PendingRequests.java:sendNotLeaderResponses(202)) - 6759285c-27b5-468f-9e9e-f01eeaaacb7e-PendingRequests: sendNotLeaderResponses
2019-09-25 12:53:28,379 [Thread-806] INFO  impl.StateMachineUpdater (StateMachineUpdater.java:stopAndJoin(125)) - f4c0c517-7090-4318-a980-be101d2dbd1a@group-39F70C264314-StateMachineUpdater: set stopIndex = 0
2019-09-25 12:53:28,379 [86fe042a-2702-420c-b672-b4ed3f9dd429@group-94FC6F65C8E3:LeaderElection69] INFO  server.RaftServerConfigKeys (ConfUtils.java:logGet(43)) - raft.server.staging.catchup.gap = 1000 (default)
2019-09-25 12:53:28,379 [ForkJoinPool.commonPool-worker-0] INFO  impl.StateMachineUpdater (StateMachineUpdater.java:stopAndJoin(125)) - 6759285c-27b5-468f-9e9e-f01eeaaacb7e@group-2D02C6F43ECC-StateMachineUpdater: set stopIndex = 0
2019-09-25 12:53:28,380 [Thread-806] INFO  impl.RaftServerImpl (ServerState.java:close(385)) - f4c0c517-7090-4318-a980-be101d2dbd1a@group-39F70C264314: closes. applyIndex: 0
2019-09-25 12:53:28,380 [86fe042a-2702-420c-b672-b4ed3f9dd429@group-94FC6F65C8E3:LeaderElection69] INFO  server.RaftServerConfigKeys (ConfUtils.java:logGet(43)) - raft.server.rpc.sleep.time = 25ms (default)
2019-09-25 12:53:28,381 [f4c0c517-7090-4318-a980-be101d2dbd1a@group-39F70C264314-SegmentedRaftLogWorker] INFO  segmented.SegmentedRaftLogWorker (SegmentedRaftLogWorker.java:run(313)) - f4c0c517-7090-4318-a980-be101d2dbd1a@group-39F70C264314-SegmentedRaftLogWorker was interrupted, exiting. There are 0 tasks remaining in the queue.
2019-09-25 12:53:28,380 [ForkJoinPool.commonPool-worker-0] INFO  impl.RaftServerImpl (ServerState.java:close(385)) - 6759285c-27b5-468f-9e9e-f01eeaaacb7e@group-2D02C6F43ECC: closes. applyIndex: 0
2019-09-25 12:53:28,381 [Thread-806] INFO  segmented.SegmentedRaftLogWorker (SegmentedRaftLogWorker.java:close(228)) - f4c0c517-7090-4318-a980-be101d2dbd1a@group-39F70C264314-SegmentedRaftLogWorker close()
2019-09-25 12:53:28,381 [86fe042a-2702-420c-b672-b4ed3f9dd429@group-94FC6F65C8E3:LeaderElection69] INFO  server.RaftServerConfigKeys (ConfUtils.java:logGet(43)) - raft.server.write.element-limit = 4096 (default)
2019-09-25 12:53:28,384 [Thread-806] INFO  impl.RaftServerImpl (RaftServerImpl.java:lambda$shutdown$3(251)) - f4c0c517-7090-4318-a980-be101d2dbd1a@group-906B0C2B9F97: shutdown
2019-09-25 12:53:28,384 [Thread-806] INFO  util.JmxRegister (JmxRegister.java:unregister(73)) - Successfully un-registered JMX Bean with object name Ratis:service=RaftServer,group=group-906B0C2B9F97,id=f4c0c517-7090-4318-a980-be101d2dbd1a
2019-09-25 12:53:28,384 [Thread-806] INFO  impl.RoleInfo (RoleInfo.java:shutdownLeaderState(104)) - f4c0c517-7090-4318-a980-be101d2dbd1a: shutdown LeaderState
2019-09-25 12:53:28,382 [6759285c-27b5-468f-9e9e-f01eeaaacb7e@group-2D02C6F43ECC-SegmentedRaftLogWorker] INFO  segmented.SegmentedRaftLogWorker (SegmentedRaftLogWorker.java:run(313)) - 6759285c-27b5-468f-9e9e-f01eeaaacb7e@group-2D02C6F43ECC-SegmentedRaftLogWorker was interrupted, exiting. There are 0 tasks remaining in the queue.
2019-09-25 12:53:28,385 [Thread-806] INFO  impl.PendingRequests (PendingRequests.java:sendNotLeaderResponses(202)) - f4c0c517-7090-4318-a980-be101d2dbd1a-PendingRequests: sendNotLeaderResponses
2019-09-25 12:53:28,384 [86fe042a-2702-420c-b672-b4ed3f9dd429@group-94FC6F65C8E3:LeaderElection69] INFO  server.RaftServerConfigKeys (ConfUtils.java:logGet(43)) - raft.server.watch.timeout = 10s (default)
2019-09-25 12:53:28,385 [Thread-806] INFO  impl.StateMachineUpdater (StateMachineUpdater.java:stopAndJoin(125)) - f4c0c517-7090-4318-a980-be101d2dbd1a@group-906B0C2B9F97-StateMachineUpdater: set stopIndex = 0
2019-09-25 12:53:28,385 [ForkJoinPool.commonPool-worker-0] INFO  segmented.SegmentedRaftLogWorker (SegmentedRaftLogWorker.java:close(228)) - 6759285c-27b5-468f-9e9e-f01eeaaacb7e@group-2D02C6F43ECC-SegmentedRaftLogWorker close()
2019-09-25 12:53:28,386 [Thread-806] INFO  impl.RaftServerImpl (ServerState.java:close(385)) - f4c0c517-7090-4318-a980-be101d2dbd1a@group-906B0C2B9F97: closes. applyIndex: 0
2019-09-25 12:53:28,385 [86fe042a-2702-420c-b672-b4ed3f9dd429@group-94FC6F65C8E3:LeaderElection69] INFO  server.RaftServerConfigKeys (ConfUtils.java:logGet(43)) - raft.server.watch.timeout.denomination = 1s (default)
2019-09-25 12:53:28,388 [f4c0c517-7090-4318-a980-be101d2dbd1a@group-906B0C2B9F97-SegmentedRaftLogWorker] INFO  segmented.SegmentedRaftLogWorker (SegmentedRaftLogWorker.java:run(313)) - f4c0c517-7090-4318-a980-be101d2dbd1a@group-906B0C2B9F97-SegmentedRaftLogWorker was interrupted, exiting. There are 0 tasks remaining in the queue.
2019-09-25 12:53:28,388 [ForkJoinPool.commonPool-worker-0] INFO  impl.RaftServerImpl (RaftServerImpl.java:lambda$shutdown$3(251)) - 6759285c-27b5-468f-9e9e-f01eeaaacb7e@group-696E90145BB3: shutdown
2019-09-25 12:53:28,389 [Thread-806] INFO  segmented.SegmentedRaftLogWorker (SegmentedRaftLogWorker.java:close(228)) - f4c0c517-7090-4318-a980-be101d2dbd1a@group-906B0C2B9F97-SegmentedRaftLogWorker close()
2019-09-25 12:53:28,388 [86fe042a-2702-420c-b672-b4ed3f9dd429@group-94FC6F65C8E3:LeaderElection69] INFO  server.RaftServerConfigKeys (ConfUtils.java:logGet(43)) - raft.server.watch.element-limit = 65536 (default)
2019-09-25 12:53:28,391 [Thread-806] INFO  impl.RaftServerImpl (RaftServerImpl.java:lambda$shutdown$3(251)) - f4c0c517-7090-4318-a980-be101d2dbd1a@group-23202D4C71BB: shutdown
2019-09-25 12:53:28,389 [ForkJoinPool.commonPool-worker-0] INFO  util.JmxRegister (JmxRegister.java:unregister(73)) - Successfully un-registered JMX Bean with object name Ratis:service=RaftServer,group=group-696E90145BB3,id=6759285c-27b5-468f-9e9e-f01eeaaacb7e
2019-09-25 12:53:28,391 [Thread-806] INFO  util.JmxRegister (JmxRegister.java:unregister(73)) - Successfully un-registered JMX Bean with object name Ratis:service=RaftServer,group=group-23202D4C71BB,id=f4c0c517-7090-4318-a980-be101d2dbd1a
2019-09-25 12:53:28,392 [ForkJoinPool.commonPool-worker-0] INFO  impl.RoleInfo (RoleInfo.java:shutdownLeaderState(104)) - 6759285c-27b5-468f-9e9e-f01eeaaacb7e: shutdown LeaderState
2019-09-25 12:53:28,392 [Thread-806] INFO  impl.RoleInfo (RoleInfo.java:shutdownLeaderState(104)) - f4c0c517-7090-4318-a980-be101d2dbd1a: shutdown LeaderState
2019-09-25 12:53:28,392 [ForkJoinPool.commonPool-worker-0] INFO  impl.PendingRequests (PendingRequests.java:sendNotLeaderResponses(202)) - 6759285c-27b5-468f-9e9e-f01eeaaacb7e-PendingRequests: sendNotLeaderResponses
2019-09-25 12:53:28,393 [86fe042a-2702-420c-b672-b4ed3f9dd429@group-94FC6F65C8E3:LeaderElection69] INFO  impl.RoleInfo (RoleInfo.java:updateAndGet(143)) - 86fe042a-2702-420c-b672-b4ed3f9dd429: start LeaderState
2019-09-25 12:53:28,393 [Thread-806] INFO  impl.PendingRequests (PendingRequests.java:sendNotLeaderResponses(202)) - f4c0c517-7090-4318-a980-be101d2dbd1a-PendingRequests: sendNotLeaderResponses
2019-09-25 12:53:28,393 [86fe042a-2702-420c-b672-b4ed3f9dd429@group-94FC6F65C8E3:LeaderElection69] INFO  segmented.SegmentedRaftLogWorker (SegmentedRaftLogWorker.java:startLogSegment(380)) - 86fe042a-2702-420c-b672-b4ed3f9dd429@group-94FC6F65C8E3-SegmentedRaftLogWorker: Starting segment from index:0
2019-09-25 12:53:28,393 [ForkJoinPool.commonPool-worker-0] INFO  impl.StateMachineUpdater (StateMachineUpdater.java:stopAndJoin(125)) - 6759285c-27b5-468f-9e9e-f01eeaaacb7e@group-696E90145BB3-StateMachineUpdater: set stopIndex = 0
2019-09-25 12:53:28,393 [Thread-806] INFO  impl.StateMachineUpdater (StateMachineUpdater.java:stopAndJoin(125)) - f4c0c517-7090-4318-a980-be101d2dbd1a@group-23202D4C71BB-StateMachineUpdater: set stopIndex = 0
2019-09-25 12:53:28,394 [86fe042a-2702-420c-b672-b4ed3f9dd429@group-94FC6F65C8E3:LeaderElection69] INFO  impl.RaftServerImpl (ServerState.java:setRaftConf(354)) - 86fe042a-2702-420c-b672-b4ed3f9dd429@group-94FC6F65C8E3: set configuration 0: [86fe042a-2702-420c-b672-b4ed3f9dd429:192.168.151.73:40740], old=null at 0
2019-09-25 12:53:28,394 [ForkJoinPool.commonPool-worker-0] INFO  impl.RaftServerImpl (ServerState.java:close(385)) - 6759285c-27b5-468f-9e9e-f01eeaaacb7e@group-696E90145BB3: closes. applyIndex: 0
2019-09-25 12:53:28,394 [Thread-806] INFO  impl.RaftServerImpl (ServerState.java:close(385)) - f4c0c517-7090-4318-a980-be101d2dbd1a@group-23202D4C71BB: closes. applyIndex: 0
2019-09-25 12:53:28,395 [6759285c-27b5-468f-9e9e-f01eeaaacb7e@group-696E90145BB3-SegmentedRaftLogWorker] INFO  segmented.SegmentedRaftLogWorker (SegmentedRaftLogWorker.java:run(313)) - 6759285c-27b5-468f-9e9e-f01eeaaacb7e@group-696E90145BB3-SegmentedRaftLogWorker was interrupted, exiting. There are 0 tasks remaining in the queue.
2019-09-25 12:53:28,395 [f4c0c517-7090-4318-a980-be101d2dbd1a@group-23202D4C71BB-SegmentedRaftLogWorker] INFO  segmented.SegmentedRaftLogWorker (SegmentedRaftLogWorker.java:run(313)) - f4c0c517-7090-4318-a980-be101d2dbd1a@group-23202D4C71BB-SegmentedRaftLogWorker was interrupted, exiting. There are 0 tasks remaining in the queue.
2019-09-25 12:53:28,395 [ForkJoinPool.commonPool-worker-0] INFO  segmented.SegmentedRaftLogWorker (SegmentedRaftLogWorker.java:close(228)) - 6759285c-27b5-468f-9e9e-f01eeaaacb7e@group-696E90145BB3-SegmentedRaftLogWorker close()
2019-09-25 12:53:28,395 [Thread-806] INFO  segmented.SegmentedRaftLogWorker (SegmentedRaftLogWorker.java:close(228)) - f4c0c517-7090-4318-a980-be101d2dbd1a@group-23202D4C71BB-SegmentedRaftLogWorker close()
2019-09-25 12:53:28,432 [86fe042a-2702-420c-b672-b4ed3f9dd429@group-6E928BCC04D5:LeaderElection70] INFO  impl.LeaderElection (LeaderElection.java:askForVotes(182)) - 86fe042a-2702-420c-b672-b4ed3f9dd429@group-6E928BCC04D5:LeaderElection70: begin an election at term 1 for -1: [86fe042a-2702-420c-b672-b4ed3f9dd429:192.168.151.73:40740], old=null
2019-09-25 12:53:28,432 [ForkJoinPool.commonPool-worker-0] INFO  impl.RaftServerImpl (RaftServerImpl.java:lambda$shutdown$3(251)) - 6759285c-27b5-468f-9e9e-f01eeaaacb7e@group-38F185EFCBB5: shutdown
2019-09-25 12:53:28,435 [86fe042a-2702-420c-b672-b4ed3f9dd429@group-6E928BCC04D5:LeaderElection70] INFO  impl.RoleInfo (RoleInfo.java:shutdownLeaderElection(134)) - 86fe042a-2702-420c-b672-b4ed3f9dd429: shutdown LeaderElection
2019-09-25 12:53:28,435 [Thread-806] INFO  impl.RaftServerImpl (RaftServerImpl.java:lambda$shutdown$3(251)) - f4c0c517-7090-4318-a980-be101d2dbd1a@group-B5DF8A5B196C: shutdown
2019-09-25 12:53:28,435 [86fe042a-2702-420c-b672-b4ed3f9dd429@group-6E928BCC04D5:LeaderElection70] INFO  impl.RaftServerImpl (RaftServerImpl.java:setRole(174)) - 86fe042a-2702-420c-b672-b4ed3f9dd429@group-6E928BCC04D5: changes role from CANDIDATE to LEADER at term 1 for changeToLeader
2019-09-25 12:53:28,435 [ForkJoinPool.commonPool-worker-0] INFO  util.JmxRegister (JmxRegister.java:unregister(73)) - Successfully un-registered JMX Bean with object name Ratis:service=RaftServer,group=group-38F185EFCBB5,id=6759285c-27b5-468f-9e9e-f01eeaaacb7e
2019-09-25 12:53:28,436 [ForkJoinPool.commonPool-worker-0] INFO  impl.RoleInfo (RoleInfo.java:shutdownLeaderState(104)) - 6759285c-27b5-468f-9e9e-f01eeaaacb7e: shutdown LeaderState
2019-09-25 12:53:28,436 [86fe042a-2702-420c-b672-b4ed3f9dd429@group-6E928BCC04D5:LeaderElection70] INFO  impl.RaftServerImpl (ServerState.java:setLeader(253)) - 86fe042a-2702-420c-b672-b4ed3f9dd429@group-6E928BCC04D5: change Leader from null to 86fe042a-2702-420c-b672-b4ed3f9dd429 at term 1 for becomeLeader, leader elected after 5214ms
2019-09-25 12:53:28,436 [Thread-806] INFO  util.JmxRegister (JmxRegister.java:unregister(73)) - Successfully un-registered JMX Bean with object name Ratis:service=RaftServer,group=group-B5DF8A5B196C,id=f4c0c517-7090-4318-a980-be101d2dbd1a
2019-09-25 12:53:28,436 [86fe042a-2702-420c-b672-b4ed3f9dd429@group-6E928BCC04D5:LeaderElection70] INFO  server.RaftServerConfigKeys (ConfUtils.java:logGet(43)) - raft.server.staging.catchup.gap = 1000 (default)
2019-09-25 12:53:28,436 [ForkJoinPool.commonPool-worker-0] INFO  impl.PendingRequests (PendingRequests.java:sendNotLeaderResponses(202)) - 6759285c-27b5-468f-9e9e-f01eeaaacb7e-PendingRequests: sendNotLeaderResponses
2019-09-25 12:53:28,437 [86fe042a-2702-420c-b672-b4ed3f9dd429@group-6E928BCC04D5:LeaderElection70] INFO  server.RaftServerConfigKeys (ConfUtils.java:logGet(43)) - raft.server.rpc.sleep.time = 25ms (default)
2019-09-25 12:53:28,437 [Thread-806] INFO  impl.RoleInfo (RoleInfo.java:shutdownLeaderState(104)) - f4c0c517-7090-4318-a980-be101d2dbd1a: shutdown LeaderState
2019-09-25 12:53:28,438 [86fe042a-2702-420c-b672-b4ed3f9dd429@group-6E928BCC04D5:LeaderElection70] INFO  server.RaftServerConfigKeys (ConfUtils.java:logGet(43)) - raft.server.write.element-limit = 4096 (default)
2019-09-25 12:53:28,437 [ForkJoinPool.commonPool-worker-0] INFO  impl.StateMachineUpdater (StateMachineUpdater.java:stopAndJoin(125)) - 6759285c-27b5-468f-9e9e-f01eeaaacb7e@group-38F185EFCBB5-StateMachineUpdater: set stopIndex = 0
2019-09-25 12:53:28,438 [ForkJoinPool.commonPool-worker-0] INFO  impl.RaftServerImpl (ServerState.java:close(385)) - 6759285c-27b5-468f-9e9e-f01eeaaacb7e@group-38F185EFCBB5: closes. applyIndex: 0
2019-09-25 12:53:28,438 [86fe042a-2702-420c-b672-b4ed3f9dd429@group-6E928BCC04D5:LeaderElection70] INFO  server.RaftServerConfigKeys (ConfUtils.java:logGet(43)) - raft.server.watch.timeout = 10s (default)
2019-09-25 12:53:28,438 [Thread-806] INFO  impl.PendingRequests (PendingRequests.java:sendNotLeaderResponses(202)) - f4c0c517-7090-4318-a980-be101d2dbd1a-PendingRequests: sendNotLeaderResponses
2019-09-25 12:53:28,439 [86fe042a-2702-420c-b672-b4ed3f9dd429@group-6E928BCC04D5:LeaderElection70] INFO  server.RaftServerConfigKeys (ConfUtils.java:logGet(43)) - raft.server.watch.timeout.denomination = 1s (default)
2019-09-25 12:53:28,439 [6759285c-27b5-468f-9e9e-f01eeaaacb7e@group-38F185EFCBB5-SegmentedRaftLogWorker] INFO  segmented.SegmentedRaftLogWorker (SegmentedRaftLogWorker.java:run(313)) - 6759285c-27b5-468f-9e9e-f01eeaaacb7e@group-38F185EFCBB5-SegmentedRaftLogWorker was interrupted, exiting. There are 0 tasks remaining in the queue.
2019-09-25 12:53:28,439 [86fe042a-2702-420c-b672-b4ed3f9dd429@group-6E928BCC04D5:LeaderElection70] INFO  server.RaftServerConfigKeys (ConfUtils.java:logGet(43)) - raft.server.watch.element-limit = 65536 (default)
2019-09-25 12:53:28,440 [ForkJoinPool.commonPool-worker-0] INFO  segmented.SegmentedRaftLogWorker (SegmentedRaftLogWorker.java:close(228)) - 6759285c-27b5-468f-9e9e-f01eeaaacb7e@group-38F185EFCBB5-SegmentedRaftLogWorker close()
2019-09-25 12:53:28,439 [Thread-806] INFO  impl.StateMachineUpdater (StateMachineUpdater.java:stopAndJoin(125)) - f4c0c517-7090-4318-a980-be101d2dbd1a@group-B5DF8A5B196C-StateMachineUpdater: set stopIndex = 0
2019-09-25 12:53:28,442 [ForkJoinPool.commonPool-worker-0] INFO  impl.RaftServerImpl (RaftServerImpl.java:lambda$shutdown$3(251)) - 6759285c-27b5-468f-9e9e-f01eeaaacb7e@group-F9A0FCA2A3D3: shutdown
2019-09-25 12:53:28,442 [Thread-806] INFO  impl.RaftServerImpl (ServerState.java:close(385)) - f4c0c517-7090-4318-a980-be101d2dbd1a@group-B5DF8A5B196C: closes. applyIndex: 0
2019-09-25 12:53:28,443 [ForkJoinPool.commonPool-worker-0] INFO  util.JmxRegister (JmxRegister.java:unregister(73)) - Successfully un-registered JMX Bean with object name Ratis:service=RaftServer,group=group-F9A0FCA2A3D3,id=6759285c-27b5-468f-9e9e-f01eeaaacb7e
2019-09-25 12:53:28,443 [f4c0c517-7090-4318-a980-be101d2dbd1a@group-B5DF8A5B196C-SegmentedRaftLogWorker] INFO  segmented.SegmentedRaftLogWorker (SegmentedRaftLogWorker.java:run(313)) - f4c0c517-7090-4318-a980-be101d2dbd1a@group-B5DF8A5B196C-SegmentedRaftLogWorker was interrupted, exiting. There are 0 tasks remaining in the queue.
2019-09-25 12:53:28,443 [ForkJoinPool.commonPool-worker-0] INFO  impl.RoleInfo (RoleInfo.java:shutdownLeaderState(104)) - 6759285c-27b5-468f-9e9e-f01eeaaacb7e: shutdown LeaderState
2019-09-25 12:53:28,443 [86fe042a-2702-420c-b672-b4ed3f9dd429@group-6E928BCC04D5:LeaderElection70] INFO  impl.RoleInfo (RoleInfo.java:updateAndGet(143)) - 86fe042a-2702-420c-b672-b4ed3f9dd429: start LeaderState
2019-09-25 12:53:28,444 [ForkJoinPool.commonPool-worker-0] INFO  impl.PendingRequests (PendingRequests.java:sendNotLeaderResponses(202)) - 6759285c-27b5-468f-9e9e-f01eeaaacb7e-PendingRequests: sendNotLeaderResponses
2019-09-25 12:53:28,444 [86fe042a-2702-420c-b672-b4ed3f9dd429@group-6E928BCC04D5:LeaderElection70] INFO  segmented.SegmentedRaftLogWorker (SegmentedRaftLogWorker.java:startLogSegment(380)) - 86fe042a-2702-420c-b672-b4ed3f9dd429@group-6E928BCC04D5-SegmentedRaftLogWorker: Starting segment from index:0
2019-09-25 12:53:28,444 [ForkJoinPool.commonPool-worker-0] INFO  impl.StateMachineUpdater (StateMachineUpdater.java:stopAndJoin(125)) - 6759285c-27b5-468f-9e9e-f01eeaaacb7e@group-F9A0FCA2A3D3-StateMachineUpdater: set stopIndex = 0
2019-09-25 12:53:28,445 [ForkJoinPool.commonPool-worker-0] INFO  impl.RaftServerImpl (ServerState.java:close(385)) - 6759285c-27b5-468f-9e9e-f01eeaaacb7e@group-F9A0FCA2A3D3: closes. applyIndex: 0
2019-09-25 12:53:28,445 [86fe042a-2702-420c-b672-b4ed3f9dd429@group-6E928BCC04D5:LeaderElection70] INFO  impl.RaftServerImpl (ServerState.java:setRaftConf(354)) - 86fe042a-2702-420c-b672-b4ed3f9dd429@group-6E928BCC04D5: set configuration 0: [86fe042a-2702-420c-b672-b4ed3f9dd429:192.168.151.73:40740], old=null at 0
2019-09-25 12:53:28,445 [6759285c-27b5-468f-9e9e-f01eeaaacb7e@group-F9A0FCA2A3D3-SegmentedRaftLogWorker] INFO  segmented.SegmentedRaftLogWorker (SegmentedRaftLogWorker.java:run(313)) - 6759285c-27b5-468f-9e9e-f01eeaaacb7e@group-F9A0FCA2A3D3-SegmentedRaftLogWorker was interrupted, exiting. There are 0 tasks remaining in the queue.
2019-09-25 12:53:28,453 [ForkJoinPool.commonPool-worker-0] INFO  segmented.SegmentedRaftLogWorker (SegmentedRaftLogWorker.java:close(228)) - 6759285c-27b5-468f-9e9e-f01eeaaacb7e@group-F9A0FCA2A3D3-SegmentedRaftLogWorker close()
2019-09-25 12:53:28,453 [Thread-806] INFO  segmented.SegmentedRaftLogWorker (SegmentedRaftLogWorker.java:close(228)) - f4c0c517-7090-4318-a980-be101d2dbd1a@group-B5DF8A5B196C-SegmentedRaftLogWorker close()
2019-09-25 12:53:28,493 [86fe042a-2702-420c-b672-b4ed3f9dd429@group-94FC6F65C8E3-SegmentedRaftLogWorker] INFO  segmented.SegmentedRaftLogWorker (SegmentedRaftLogWorker.java:execute(569)) - 86fe042a-2702-420c-b672-b4ed3f9dd429@group-94FC6F65C8E3-SegmentedRaftLogWorker: created new log segment /workdir/hadoop-ozone/ozonefs/target/test-dir/MiniOzoneClusterImpl-24d85c3a-9c2e-4ba2-880b-df25a410d0c9/datanode-2/data/ratis/2759277c-c15a-4964-8f90-94fc6f65c8e3/current/log_inprogress_0
2019-09-25 12:53:28,493 [ForkJoinPool.commonPool-worker-0] INFO  impl.RaftServerImpl (RaftServerImpl.java:lambda$shutdown$3(251)) - 6759285c-27b5-468f-9e9e-f01eeaaacb7e@group-52984B5C2336: shutdown
2019-09-25 12:53:28,495 [Thread-806] INFO  server.GrpcService (GrpcService.java:closeImpl(164)) - f4c0c517-7090-4318-a980-be101d2dbd1a: shutdown server with port 33580 now
2019-09-25 12:53:28,495 [ForkJoinPool.commonPool-worker-0] INFO  util.JmxRegister (JmxRegister.java:unregister(73)) - Successfully un-registered JMX Bean with object name Ratis:service=RaftServer,group=group-52984B5C2336,id=6759285c-27b5-468f-9e9e-f01eeaaacb7e
2019-09-25 12:53:28,498 [ForkJoinPool.commonPool-worker-0] INFO  impl.RoleInfo (RoleInfo.java:shutdownLeaderState(104)) - 6759285c-27b5-468f-9e9e-f01eeaaacb7e: shutdown LeaderState
2019-09-25 12:53:28,498 [Thread-806] INFO  server.GrpcService (GrpcService.java:closeImpl(172)) - f4c0c517-7090-4318-a980-be101d2dbd1a: shutdown server with port 33580 successfully
2019-09-25 12:53:28,498 [ForkJoinPool.commonPool-worker-0] INFO  impl.PendingRequests (PendingRequests.java:sendNotLeaderResponses(202)) - 6759285c-27b5-468f-9e9e-f01eeaaacb7e-PendingRequests: sendNotLeaderResponses
2019-09-25 12:53:28,499 [ForkJoinPool.commonPool-worker-0] INFO  impl.StateMachineUpdater (StateMachineUpdater.java:stopAndJoin(125)) - 6759285c-27b5-468f-9e9e-f01eeaaacb7e@group-52984B5C2336-StateMachineUpdater: set stopIndex = 0
2019-09-25 12:53:28,500 [ForkJoinPool.commonPool-worker-0] INFO  impl.RaftServerImpl (ServerState.java:close(385)) - 6759285c-27b5-468f-9e9e-f01eeaaacb7e@group-52984B5C2336: closes. applyIndex: 0
2019-09-25 12:53:28,501 [6759285c-27b5-468f-9e9e-f01eeaaacb7e@group-52984B5C2336-SegmentedRaftLogWorker] INFO  segmented.SegmentedRaftLogWorker (SegmentedRaftLogWorker.java:run(313)) - 6759285c-27b5-468f-9e9e-f01eeaaacb7e@group-52984B5C2336-SegmentedRaftLogWorker was interrupted, exiting. There are 0 tasks remaining in the queue.
2019-09-25 12:53:28,501 [refreshUsed-/workdir/hadoop-ozone/ozonefs/target/test-dir/MiniOzoneClusterImpl-24d85c3a-9c2e-4ba2-880b-df25a410d0c9/datanode-1/data/containers] WARN  fs.CachingGetSpaceUsed (CachingGetSpaceUsed.java:run(183)) - Thread Interrupted waiting to refresh disk information: sleep interrupted
2019-09-25 12:53:28,502 [ForkJoinPool.commonPool-worker-0] INFO  segmented.SegmentedRaftLogWorker (SegmentedRaftLogWorker.java:close(228)) - 6759285c-27b5-468f-9e9e-f01eeaaacb7e@group-52984B5C2336-SegmentedRaftLogWorker close()
2019-09-25 12:53:28,505 [ForkJoinPool.commonPool-worker-0] INFO  server.GrpcService (GrpcService.java:closeImpl(164)) - 6759285c-27b5-468f-9e9e-f01eeaaacb7e: shutdown server with port 37340 now
2019-09-25 12:53:28,507 [ForkJoinPool.commonPool-worker-0] INFO  server.GrpcService (GrpcService.java:closeImpl(172)) - 6759285c-27b5-468f-9e9e-f01eeaaacb7e: shutdown server with port 37340 successfully
2019-09-25 12:53:28,516 [refreshUsed-/workdir/hadoop-ozone/ozonefs/target/test-dir/MiniOzoneClusterImpl-24d85c3a-9c2e-4ba2-880b-df25a410d0c9/datanode-0/data/containers] WARN  fs.CachingGetSpaceUsed (CachingGetSpaceUsed.java:run(183)) - Thread Interrupted waiting to refresh disk information: sleep interrupted
2019-09-25 12:53:28,517 [86fe042a-2702-420c-b672-b4ed3f9dd429@group-6E928BCC04D5-SegmentedRaftLogWorker] INFO  segmented.SegmentedRaftLogWorker (SegmentedRaftLogWorker.java:execute(569)) - 86fe042a-2702-420c-b672-b4ed3f9dd429@group-6E928BCC04D5-SegmentedRaftLogWorker: created new log segment /workdir/hadoop-ozone/ozonefs/target/test-dir/MiniOzoneClusterImpl-24d85c3a-9c2e-4ba2-880b-df25a410d0c9/datanode-2/data/ratis/bd43a671-1386-417c-931f-6e928bcc04d5/current/log_inprogress_0
2019-09-25 12:53:28,543 [ForkJoinPool.commonPool-worker-0] INFO  utils.BackgroundService (BackgroundService.java:shutdown(148)) - Shutting down service BlockDeletingService
2019-09-25 12:53:28,548 [ForkJoinPool.commonPool-worker-0] INFO  statemachine.DatanodeStateMachine (DatanodeStateMachine.java:stopDaemon(395)) - Ozone container server stopped.
2019-09-25 12:53:28,553 [Thread-806] INFO  utils.BackgroundService (BackgroundService.java:shutdown(148)) - Shutting down service BlockDeletingService
2019-09-25 12:53:28,556 [Thread-806] INFO  statemachine.DatanodeStateMachine (DatanodeStateMachine.java:stopDaemon(395)) - Ozone container server stopped.
2019-09-25 12:53:28,565 [ForkJoinPool.commonPool-worker-0] INFO  handler.ContextHandler (ContextHandler.java:doStop(910)) - Stopped o.e.j.w.WebAppContext@194dc9a4{/,null,UNAVAILABLE}{/hddsDatanode}
2019-09-25 12:53:28,565 [Thread-806] INFO  handler.ContextHandler (ContextHandler.java:doStop(910)) - Stopped o.e.j.w.WebAppContext@7891b6af{/,null,UNAVAILABLE}{/hddsDatanode}
2019-09-25 12:53:28,565 [ForkJoinPool.commonPool-worker-0] INFO  server.AbstractConnector (AbstractConnector.java:doStop(318)) - Stopped ServerConnector@6895609f{HTTP/1.1,[http/1.1]}{0.0.0.0:0}
2019-09-25 12:53:28,565 [Thread-806] INFO  server.AbstractConnector (AbstractConnector.java:doStop(318)) - Stopped ServerConnector@408d57cb{HTTP/1.1,[http/1.1]}{0.0.0.0:0}
2019-09-25 12:53:28,567 [ForkJoinPool.commonPool-worker-0] INFO  handler.ContextHandler (ContextHandler.java:doStop(910)) - Stopped o.e.j.s.ServletContextHandler@19ae3fe8{/static,jar:file:/home/user/.m2/repository/org/apache/hadoop/hadoop-hdds-container-service/0.5.0-SNAPSHOT/hadoop-hdds-container-service-0.5.0-SNAPSHOT.jar!/webapps/static,UNAVAILABLE}
2019-09-25 12:53:28,567 [Thread-806] INFO  handler.ContextHandler (ContextHandler.java:doStop(910)) - Stopped o.e.j.s.ServletContextHandler@692f38e7{/static,jar:file:/home/user/.m2/repository/org/apache/hadoop/hadoop-hdds-container-service/0.5.0-SNAPSHOT/hadoop-hdds-container-service-0.5.0-SNAPSHOT.jar!/webapps/static,UNAVAILABLE}
2019-09-25 12:53:28,568 [ForkJoinPool.commonPool-worker-0] INFO  handler.ContextHandler (ContextHandler.java:doStop(910)) - Stopped o.e.j.s.ServletContextHandler@3988db45{/logs,file:///workdir/hadoop-ozone/ozonefs/target/log,UNAVAILABLE}
2019-09-25 12:53:28,569 [Thread-806] INFO  handler.ContextHandler (ContextHandler.java:doStop(910)) - Stopped o.e.j.s.ServletContextHandler@34c4dd49{/logs,file:///workdir/hadoop-ozone/ozonefs/target/log,UNAVAILABLE}
2019-09-25 12:53:29,266 [Datanode State Machine Thread - 0] INFO  statemachine.DatanodeStateMachine (DatanodeStateMachine.java:lambda$startDaemon$0(350)) - Ozone container server started.
2019-09-25 12:53:33,571 [ForkJoinPool.commonPool-worker-0] INFO  ozoneimpl.OzoneContainer (OzoneContainer.java:stop(231)) - Attempting to stop container services.
2019-09-25 12:53:33,571 [ForkJoinPool.commonPool-worker-0] INFO  impl.RaftServerProxy (RaftServerProxy.java:lambda$close$4(314)) - 86fe042a-2702-420c-b672-b4ed3f9dd429: close
2019-09-25 12:53:33,571 [ForkJoinPool.commonPool-worker-0] INFO  impl.RaftServerImpl (RaftServerImpl.java:lambda$shutdown$3(251)) - 86fe042a-2702-420c-b672-b4ed3f9dd429@group-226F615D8716: shutdown
2019-09-25 12:53:33,572 [ForkJoinPool.commonPool-worker-0] INFO  util.JmxRegister (JmxRegister.java:unregister(73)) - Successfully un-registered JMX Bean with object name Ratis:service=RaftServer,group=group-226F615D8716,id=86fe042a-2702-420c-b672-b4ed3f9dd429
2019-09-25 12:53:33,572 [ForkJoinPool.commonPool-worker-0] INFO  impl.RoleInfo (RoleInfo.java:shutdownLeaderState(104)) - 86fe042a-2702-420c-b672-b4ed3f9dd429: shutdown LeaderState
2019-09-25 12:53:33,573 [ForkJoinPool.commonPool-worker-0] INFO  impl.PendingRequests (PendingRequests.java:sendNotLeaderResponses(202)) - 86fe042a-2702-420c-b672-b4ed3f9dd429-PendingRequests: sendNotLeaderResponses
2019-09-25 12:53:33,573 [ForkJoinPool.commonPool-worker-0] INFO  impl.StateMachineUpdater (StateMachineUpdater.java:stopAndJoin(125)) - 86fe042a-2702-420c-b672-b4ed3f9dd429@group-226F615D8716-StateMachineUpdater: set stopIndex = 0
2019-09-25 12:53:33,573 [ForkJoinPool.commonPool-worker-0] INFO  impl.RaftServerImpl (ServerState.java:close(385)) - 86fe042a-2702-420c-b672-b4ed3f9dd429@group-226F615D8716: closes. applyIndex: 0
2019-09-25 12:53:33,574 [86fe042a-2702-420c-b672-b4ed3f9dd429@group-226F615D8716-SegmentedRaftLogWorker] INFO  segmented.SegmentedRaftLogWorker (SegmentedRaftLogWorker.java:run(313)) - 86fe042a-2702-420c-b672-b4ed3f9dd429@group-226F615D8716-SegmentedRaftLogWorker was interrupted, exiting. There are 0 tasks remaining in the queue.
2019-09-25 12:53:33,574 [ForkJoinPool.commonPool-worker-0] INFO  segmented.SegmentedRaftLogWorker (SegmentedRaftLogWorker.java:close(228)) - 86fe042a-2702-420c-b672-b4ed3f9dd429@group-226F615D8716-SegmentedRaftLogWorker close()
2019-09-25 12:53:33,576 [ForkJoinPool.commonPool-worker-0] INFO  impl.RaftServerImpl (RaftServerImpl.java:lambda$shutdown$3(251)) - 86fe042a-2702-420c-b672-b4ed3f9dd429@group-FACD72C0C7EE: shutdown
2019-09-25 12:53:33,576 [ForkJoinPool.commonPool-worker-0] INFO  util.JmxRegister (JmxRegister.java:unregister(73)) - Successfully un-registered JMX Bean with object name Ratis:service=RaftServer,group=group-FACD72C0C7EE,id=86fe042a-2702-420c-b672-b4ed3f9dd429
2019-09-25 12:53:33,577 [ForkJoinPool.commonPool-worker-0] INFO  impl.RoleInfo (RoleInfo.java:shutdownLeaderState(104)) - 86fe042a-2702-420c-b672-b4ed3f9dd429: shutdown LeaderState
2019-09-25 12:53:33,577 [ForkJoinPool.commonPool-worker-0] INFO  impl.PendingRequests (PendingRequests.java:sendNotLeaderResponses(202)) - 86fe042a-2702-420c-b672-b4ed3f9dd429-PendingRequests: sendNotLeaderResponses
2019-09-25 12:53:33,577 [ForkJoinPool.commonPool-worker-0] INFO  impl.StateMachineUpdater (StateMachineUpdater.java:stopAndJoin(125)) - 86fe042a-2702-420c-b672-b4ed3f9dd429@group-FACD72C0C7EE-StateMachineUpdater: set stopIndex = 0
2019-09-25 12:53:33,578 [ForkJoinPool.commonPool-worker-0] INFO  impl.RaftServerImpl (ServerState.java:close(385)) - 86fe042a-2702-420c-b672-b4ed3f9dd429@group-FACD72C0C7EE: closes. applyIndex: 0
2019-09-25 12:53:33,578 [86fe042a-2702-420c-b672-b4ed3f9dd429@group-FACD72C0C7EE-SegmentedRaftLogWorker] INFO  segmented.SegmentedRaftLogWorker (SegmentedRaftLogWorker.java:run(313)) - 86fe042a-2702-420c-b672-b4ed3f9dd429@group-FACD72C0C7EE-SegmentedRaftLogWorker was interrupted, exiting. There are 0 tasks remaining in the queue.
2019-09-25 12:53:33,594 [ForkJoinPool.commonPool-worker-0] INFO  segmented.SegmentedRaftLogWorker (SegmentedRaftLogWorker.java:close(228)) - 86fe042a-2702-420c-b672-b4ed3f9dd429@group-FACD72C0C7EE-SegmentedRaftLogWorker close()
2019-09-25 12:53:33,596 [ForkJoinPool.commonPool-worker-0] INFO  impl.RaftServerImpl (RaftServerImpl.java:lambda$shutdown$3(251)) - 86fe042a-2702-420c-b672-b4ed3f9dd429@group-70AE2786380B: shutdown
2019-09-25 12:53:33,597 [ForkJoinPool.commonPool-worker-0] INFO  util.JmxRegister (JmxRegister.java:unregister(73)) - Successfully un-registered JMX Bean with object name Ratis:service=RaftServer,group=group-70AE2786380B,id=86fe042a-2702-420c-b672-b4ed3f9dd429
2019-09-25 12:53:33,597 [ForkJoinPool.commonPool-worker-0] INFO  impl.RoleInfo (RoleInfo.java:shutdownLeaderState(104)) - 86fe042a-2702-420c-b672-b4ed3f9dd429: shutdown LeaderState
2019-09-25 12:53:33,597 [ForkJoinPool.commonPool-worker-0] INFO  impl.PendingRequests (PendingRequests.java:sendNotLeaderResponses(202)) - 86fe042a-2702-420c-b672-b4ed3f9dd429-PendingRequests: sendNotLeaderResponses
2019-09-25 12:53:33,598 [ForkJoinPool.commonPool-worker-0] INFO  impl.StateMachineUpdater (StateMachineUpdater.java:stopAndJoin(125)) - 86fe042a-2702-420c-b672-b4ed3f9dd429@group-70AE2786380B-StateMachineUpdater: set stopIndex = 0
2019-09-25 12:53:33,598 [ForkJoinPool.commonPool-worker-0] INFO  impl.RaftServerImpl (ServerState.java:close(385)) - 86fe042a-2702-420c-b672-b4ed3f9dd429@group-70AE2786380B: closes. applyIndex: 0
2019-09-25 12:53:33,598 [86fe042a-2702-420c-b672-b4ed3f9dd429@group-70AE2786380B-SegmentedRaftLogWorker] INFO  segmented.SegmentedRaftLogWorker (SegmentedRaftLogWorker.java:run(313)) - 86fe042a-2702-420c-b672-b4ed3f9dd429@group-70AE2786380B-SegmentedRaftLogWorker was interrupted, exiting. There are 0 tasks remaining in the queue.
2019-09-25 12:53:33,599 [ForkJoinPool.commonPool-worker-0] INFO  segmented.SegmentedRaftLogWorker (SegmentedRaftLogWorker.java:close(228)) - 86fe042a-2702-420c-b672-b4ed3f9dd429@group-70AE2786380B-SegmentedRaftLogWorker close()
2019-09-25 12:53:33,600 [ForkJoinPool.commonPool-worker-0] INFO  impl.RaftServerImpl (RaftServerImpl.java:lambda$shutdown$3(251)) - 86fe042a-2702-420c-b672-b4ed3f9dd429@group-94FC6F65C8E3: shutdown
2019-09-25 12:53:33,601 [ForkJoinPool.commonPool-worker-0] INFO  util.JmxRegister (JmxRegister.java:unregister(73)) - Successfully un-registered JMX Bean with object name Ratis:service=RaftServer,group=group-94FC6F65C8E3,id=86fe042a-2702-420c-b672-b4ed3f9dd429
2019-09-25 12:53:33,601 [ForkJoinPool.commonPool-worker-0] INFO  impl.RoleInfo (RoleInfo.java:shutdownLeaderState(104)) - 86fe042a-2702-420c-b672-b4ed3f9dd429: shutdown LeaderState
2019-09-25 12:53:33,601 [ForkJoinPool.commonPool-worker-0] INFO  impl.PendingRequests (PendingRequests.java:sendNotLeaderResponses(202)) - 86fe042a-2702-420c-b672-b4ed3f9dd429-PendingRequests: sendNotLeaderResponses
2019-09-25 12:53:33,602 [ForkJoinPool.commonPool-worker-0] INFO  impl.StateMachineUpdater (StateMachineUpdater.java:stopAndJoin(125)) - 86fe042a-2702-420c-b672-b4ed3f9dd429@group-94FC6F65C8E3-StateMachineUpdater: set stopIndex = 0
2019-09-25 12:53:33,602 [ForkJoinPool.commonPool-worker-0] INFO  impl.RaftServerImpl (ServerState.java:close(385)) - 86fe042a-2702-420c-b672-b4ed3f9dd429@group-94FC6F65C8E3: closes. applyIndex: 0
2019-09-25 12:53:33,602 [86fe042a-2702-420c-b672-b4ed3f9dd429@group-94FC6F65C8E3-SegmentedRaftLogWorker] INFO  segmented.SegmentedRaftLogWorker (SegmentedRaftLogWorker.java:run(313)) - 86fe042a-2702-420c-b672-b4ed3f9dd429@group-94FC6F65C8E3-SegmentedRaftLogWorker was interrupted, exiting. There are 0 tasks remaining in the queue.
2019-09-25 12:53:33,603 [ForkJoinPool.commonPool-worker-0] INFO  segmented.SegmentedRaftLogWorker (SegmentedRaftLogWorker.java:close(228)) - 86fe042a-2702-420c-b672-b4ed3f9dd429@group-94FC6F65C8E3-SegmentedRaftLogWorker close()
2019-09-25 12:53:33,604 [ForkJoinPool.commonPool-worker-0] INFO  impl.RaftServerImpl (RaftServerImpl.java:lambda$shutdown$3(251)) - 86fe042a-2702-420c-b672-b4ed3f9dd429@group-0547B6B93789: shutdown
2019-09-25 12:53:33,605 [ForkJoinPool.commonPool-worker-0] INFO  util.JmxRegister (JmxRegister.java:unregister(73)) - Successfully un-registered JMX Bean with object name Ratis:service=RaftServer,group=group-0547B6B93789,id=86fe042a-2702-420c-b672-b4ed3f9dd429
2019-09-25 12:53:33,605 [ForkJoinPool.commonPool-worker-0] INFO  impl.RoleInfo (RoleInfo.java:shutdownLeaderState(104)) - 86fe042a-2702-420c-b672-b4ed3f9dd429: shutdown LeaderState
2019-09-25 12:53:33,605 [ForkJoinPool.commonPool-worker-0] INFO  impl.PendingRequests (PendingRequests.java:sendNotLeaderResponses(202)) - 86fe042a-2702-420c-b672-b4ed3f9dd429-PendingRequests: sendNotLeaderResponses
2019-09-25 12:53:33,606 [ForkJoinPool.commonPool-worker-0] INFO  impl.StateMachineUpdater (StateMachineUpdater.java:stopAndJoin(125)) - 86fe042a-2702-420c-b672-b4ed3f9dd429@group-0547B6B93789-StateMachineUpdater: set stopIndex = 0
2019-09-25 12:53:33,606 [ForkJoinPool.commonPool-worker-0] INFO  impl.RaftServerImpl (ServerState.java:close(385)) - 86fe042a-2702-420c-b672-b4ed3f9dd429@group-0547B6B93789: closes. applyIndex: 0
2019-09-25 12:53:33,606 [86fe042a-2702-420c-b672-b4ed3f9dd429@group-0547B6B93789-SegmentedRaftLogWorker] INFO  segmented.SegmentedRaftLogWorker (SegmentedRaftLogWorker.java:run(313)) - 86fe042a-2702-420c-b672-b4ed3f9dd429@group-0547B6B93789-SegmentedRaftLogWorker was interrupted, exiting. There are 0 tasks remaining in the queue.
2019-09-25 12:53:33,607 [ForkJoinPool.commonPool-worker-0] INFO  segmented.SegmentedRaftLogWorker (SegmentedRaftLogWorker.java:close(228)) - 86fe042a-2702-420c-b672-b4ed3f9dd429@group-0547B6B93789-SegmentedRaftLogWorker close()
2019-09-25 12:53:33,608 [ForkJoinPool.commonPool-worker-0] INFO  impl.RaftServerImpl (RaftServerImpl.java:lambda$shutdown$3(251)) - 86fe042a-2702-420c-b672-b4ed3f9dd429@group-6E928BCC04D5: shutdown
2019-09-25 12:53:33,609 [ForkJoinPool.commonPool-worker-0] INFO  util.JmxRegister (JmxRegister.java:unregister(73)) - Successfully un-registered JMX Bean with object name Ratis:service=RaftServer,group=group-6E928BCC04D5,id=86fe042a-2702-420c-b672-b4ed3f9dd429
2019-09-25 12:53:33,609 [ForkJoinPool.commonPool-worker-0] INFO  impl.RoleInfo (RoleInfo.java:shutdownLeaderState(104)) - 86fe042a-2702-420c-b672-b4ed3f9dd429: shutdown LeaderState
2019-09-25 12:53:33,609 [ForkJoinPool.commonPool-worker-0] INFO  impl.PendingRequests (PendingRequests.java:sendNotLeaderResponses(202)) - 86fe042a-2702-420c-b672-b4ed3f9dd429-PendingRequests: sendNotLeaderResponses
2019-09-25 12:53:33,610 [ForkJoinPool.commonPool-worker-0] INFO  impl.StateMachineUpdater (StateMachineUpdater.java:stopAndJoin(125)) - 86fe042a-2702-420c-b672-b4ed3f9dd429@group-6E928BCC04D5-StateMachineUpdater: set stopIndex = 0
2019-09-25 12:53:33,610 [ForkJoinPool.commonPool-worker-0] INFO  impl.RaftServerImpl (ServerState.java:close(385)) - 86fe042a-2702-420c-b672-b4ed3f9dd429@group-6E928BCC04D5: closes. applyIndex: 0
2019-09-25 12:53:33,610 [86fe042a-2702-420c-b672-b4ed3f9dd429@group-6E928BCC04D5-SegmentedRaftLogWorker] INFO  segmented.SegmentedRaftLogWorker (SegmentedRaftLogWorker.java:run(313)) - 86fe042a-2702-420c-b672-b4ed3f9dd429@group-6E928BCC04D5-SegmentedRaftLogWorker was interrupted, exiting. There are 0 tasks remaining in the queue.
2019-09-25 12:53:33,611 [ForkJoinPool.commonPool-worker-0] INFO  segmented.SegmentedRaftLogWorker (SegmentedRaftLogWorker.java:close(228)) - 86fe042a-2702-420c-b672-b4ed3f9dd429@group-6E928BCC04D5-SegmentedRaftLogWorker close()
2019-09-25 12:53:33,612 [ForkJoinPool.commonPool-worker-0] INFO  server.GrpcService (GrpcService.java:closeImpl(164)) - 86fe042a-2702-420c-b672-b4ed3f9dd429: shutdown server with port 40740 now
2019-09-25 12:53:33,614 [ForkJoinPool.commonPool-worker-0] INFO  server.GrpcService (GrpcService.java:closeImpl(172)) - 86fe042a-2702-420c-b672-b4ed3f9dd429: shutdown server with port 40740 successfully
2019-09-25 12:53:33,617 [refreshUsed-/workdir/hadoop-ozone/ozonefs/target/test-dir/MiniOzoneClusterImpl-24d85c3a-9c2e-4ba2-880b-df25a410d0c9/datanode-2/data/containers] WARN  fs.CachingGetSpaceUsed (CachingGetSpaceUsed.java:run(183)) - Thread Interrupted waiting to refresh disk information: sleep interrupted
2019-09-25 12:53:33,646 [ForkJoinPool.commonPool-worker-0] INFO  utils.BackgroundService (BackgroundService.java:shutdown(148)) - Shutting down service BlockDeletingService
2019-09-25 12:53:33,650 [ForkJoinPool.commonPool-worker-0] INFO  statemachine.DatanodeStateMachine (DatanodeStateMachine.java:stopDaemon(395)) - Ozone container server stopped.
2019-09-25 12:53:33,665 [ForkJoinPool.commonPool-worker-0] INFO  handler.ContextHandler (ContextHandler.java:doStop(910)) - Stopped o.e.j.w.WebAppContext@3caa1e89{/,null,UNAVAILABLE}{/hddsDatanode}
2019-09-25 12:53:33,666 [ForkJoinPool.commonPool-worker-0] INFO  server.AbstractConnector (AbstractConnector.java:doStop(318)) - Stopped ServerConnector@73033ba{HTTP/1.1,[http/1.1]}{0.0.0.0:0}
2019-09-25 12:53:33,668 [ForkJoinPool.commonPool-worker-0] INFO  handler.ContextHandler (ContextHandler.java:doStop(910)) - Stopped o.e.j.s.ServletContextHandler@747749ec{/static,jar:file:/home/user/.m2/repository/org/apache/hadoop/hadoop-hdds-container-service/0.5.0-SNAPSHOT/hadoop-hdds-container-service-0.5.0-SNAPSHOT.jar!/webapps/static,UNAVAILABLE}
2019-09-25 12:53:33,670 [ForkJoinPool.commonPool-worker-0] INFO  handler.ContextHandler (ContextHandler.java:doStop(910)) - Stopped o.e.j.s.ServletContextHandler@49b6bc37{/logs,file:///workdir/hadoop-ozone/ozonefs/target/log,UNAVAILABLE}
2019-09-25 12:53:33,671 [Thread-806] INFO  ozone.MiniOzoneClusterImpl (MiniOzoneClusterImpl.java:stopSCM(392)) - Stopping the StorageContainerManager
2019-09-25 12:53:33,671 [Thread-806] INFO  server.StorageContainerManager (StorageContainerManager.java:stop(808)) - Stopping Replication Manager Service.
2019-09-25 12:53:33,671 [Thread-806] INFO  container.ReplicationManager (ReplicationManager.java:stop(204)) - Stopping Replication Monitor Thread.
2019-09-25 12:53:33,671 [Thread-806] INFO  server.StorageContainerManager (StorageContainerManager.java:stop(815)) - Stopping Lease Manager of the command watchers
2019-09-25 12:53:33,671 [Thread-806] INFO  server.StorageContainerManager (StorageContainerManager.java:stop(822)) - Stopping datanode service RPC server
2019-09-25 12:53:33,671 [Thread-806] INFO  server.SCMDatanodeProtocolServer (SCMDatanodeProtocolServer.java:stop(367)) - Stopping the RPC server for DataNodes
2019-09-25 12:53:33,672 [Thread-806] INFO  ipc.Server (Server.java:stop(3082)) - Stopping server on 40430
2019-09-25 12:53:33,673 [IPC Server listener on 40430] INFO  ipc.Server (Server.java:run(1185)) - Stopping IPC Server listener on 40430
2019-09-25 12:53:33,674 [IPC Server Responder] INFO  ipc.Server (Server.java:run(1319)) - Stopping IPC Server Responder
2019-09-25 12:53:33,740 [SCM Heartbeat Processing Thread - 0] WARN  node.NodeStateManager (NodeStateManager.java:scheduleNextHealthCheck(655)) - Current Thread is interrupted, shutting down HB processing thread for Node Manager.
2019-09-25 12:53:33,741 [Thread-806] INFO  server.StorageContainerManager (StorageContainerManager.java:stop(830)) - Stopping block service RPC server
2019-09-25 12:53:33,741 [Thread-806] INFO  server.SCMBlockProtocolServer (SCMBlockProtocolServer.java:stop(155)) - Stopping the RPC server for Block Protocol
2019-09-25 12:53:33,741 [Thread-806] INFO  ipc.Server (Server.java:stop(3082)) - Stopping server on 35807
2019-09-25 12:53:33,743 [IPC Server listener on 35807] INFO  ipc.Server (Server.java:run(1185)) - Stopping IPC Server listener on 35807
2019-09-25 12:53:33,743 [IPC Server Responder] INFO  ipc.Server (Server.java:run(1319)) - Stopping IPC Server Responder
2019-09-25 12:53:33,743 [Thread-806] INFO  server.StorageContainerManager (StorageContainerManager.java:stop(837)) - Stopping the StorageContainerLocationProtocol RPC server
2019-09-25 12:53:33,745 [Thread-806] INFO  server.SCMClientProtocolServer (SCMClientProtocolServer.java:stop(159)) - Stopping the RPC server for Client Protocol
2019-09-25 12:53:33,745 [Thread-806] INFO  ipc.Server (Server.java:stop(3082)) - Stopping server on 42969
2019-09-25 12:53:33,748 [IPC Server listener on 42969] INFO  ipc.Server (Server.java:run(1185)) - Stopping IPC Server listener on 42969
2019-09-25 12:53:33,748 [IPC Server Responder] INFO  ipc.Server (Server.java:run(1319)) - Stopping IPC Server Responder
2019-09-25 12:53:33,748 [Thread-806] INFO  server.StorageContainerManager (StorageContainerManager.java:stop(844)) - Stopping Storage Container Manager HTTP server.
2019-09-25 12:53:33,751 [Thread-806] INFO  handler.ContextHandler (ContextHandler.java:doStop(910)) - Stopped o.e.j.w.WebAppContext@3b43fe2a{/,null,UNAVAILABLE}{/scm}
2019-09-25 12:53:33,752 [Thread-806] INFO  server.AbstractConnector (AbstractConnector.java:doStop(318)) - Stopped ServerConnector@7b5e3853{HTTP/1.1,[http/1.1]}{0.0.0.0:0}
2019-09-25 12:53:33,753 [Thread-806] INFO  handler.ContextHandler (ContextHandler.java:doStop(910)) - Stopped o.e.j.s.ServletContextHandler@1eaf5edc{/static,jar:file:/home/user/.m2/repository/org/apache/hadoop/hadoop-hdds-server-scm/0.5.0-SNAPSHOT/hadoop-hdds-server-scm-0.5.0-SNAPSHOT.jar!/webapps/static,UNAVAILABLE}
2019-09-25 12:53:33,753 [Thread-806] INFO  handler.ContextHandler (ContextHandler.java:doStop(910)) - Stopped o.e.j.s.ServletContextHandler@6aabc81a{/logs,file:///workdir/hadoop-ozone/ozonefs/target/log,UNAVAILABLE}
2019-09-25 12:53:33,754 [Thread-806] INFO  server.StorageContainerManager (StorageContainerManager.java:stop(855)) - Stopping Block Manager Service.
2019-09-25 12:53:33,754 [Thread-806] INFO  utils.BackgroundService (BackgroundService.java:shutdown(148)) - Shutting down service SCMBlockDeletingService
2019-09-25 12:53:33,755 [Thread-806] INFO  utils.BackgroundService (BackgroundService.java:shutdown(148)) - Shutting down service SCMBlockDeletingService
2019-09-25 12:53:33,755 [Thread-806] INFO  server.StorageContainerManager (StorageContainerManager.java:stop(877)) - Stopping SCM Event Queue.
2019-09-25 12:53:33,759 [Thread-806] INFO  impl.MetricsSystemImpl (MetricsSystemImpl.java:stop(210)) - Stopping HddsDatanode metrics system...
2019-09-25 12:53:33,768 [Thread-806] INFO  impl.MetricsSystemImpl (MetricsSystemImpl.java:stop(216)) - HddsDatanode metrics system stopped.
]]></system-out>
  </testcase>
  <testcase name="testCreateDoesNotAddParentDirKeys" classname="org.apache.hadoop.fs.ozone.TestOzoneFileSystem" time="17.275">
    <error message="Allocated 0 blocks. Requested 1 blocks" type="INTERNAL_ERROR org.apache.hadoop.ozone.om.exceptions.OMException">INTERNAL_ERROR org.apache.hadoop.ozone.om.exceptions.OMException: Allocated 0 blocks. Requested 1 blocks
	at org.apache.hadoop.ozone.om.protocolPB.OzoneManagerProtocolClientSideTranslatorPB.handleError(OzoneManagerProtocolClientSideTranslatorPB.java:732)
	at org.apache.hadoop.ozone.om.protocolPB.OzoneManagerProtocolClientSideTranslatorPB.createFile(OzoneManagerProtocolClientSideTranslatorPB.java:1536)
	at sun.reflect.NativeMethodAccessorImpl.invoke0(Native Method)
	at sun.reflect.NativeMethodAccessorImpl.invoke(NativeMethodAccessorImpl.java:62)
	at sun.reflect.DelegatingMethodAccessorImpl.invoke(DelegatingMethodAccessorImpl.java:43)
	at java.lang.reflect.Method.invoke(Method.java:498)
	at org.apache.hadoop.hdds.tracing.TraceAllMethod.invoke(TraceAllMethod.java:66)
	at com.sun.proxy.$Proxy38.createFile(Unknown Source)
	at org.apache.hadoop.ozone.client.rpc.RpcClient.createFile(RpcClient.java:1006)
	at org.apache.hadoop.ozone.client.OzoneBucket.createFile(OzoneBucket.java:537)
	at org.apache.hadoop.fs.ozone.BasicOzoneClientAdapterImpl.createFile(BasicOzoneClientAdapterImpl.java:205)
	at org.apache.hadoop.fs.ozone.BasicOzoneFileSystem.createOutputStream(BasicOzoneFileSystem.java:250)
	at org.apache.hadoop.fs.ozone.BasicOzoneFileSystem.create(BasicOzoneFileSystem.java:231)
	at org.apache.hadoop.fs.FileSystem.create(FileSystem.java:1118)
	at org.apache.hadoop.fs.FileSystem.create(FileSystem.java:1098)
	at org.apache.hadoop.fs.FileSystem.create(FileSystem.java:987)
	at org.apache.hadoop.fs.contract.ContractTestUtils.createFile(ContractTestUtils.java:633)
	at org.apache.hadoop.fs.contract.ContractTestUtils.touch(ContractTestUtils.java:669)
	at org.apache.hadoop.fs.ozone.TestOzoneFileSystem.testCreateDoesNotAddParentDirKeys(TestOzoneFileSystem.java:110)
	at sun.reflect.NativeMethodAccessorImpl.invoke0(Native Method)
	at sun.reflect.NativeMethodAccessorImpl.invoke(NativeMethodAccessorImpl.java:62)
	at sun.reflect.DelegatingMethodAccessorImpl.invoke(DelegatingMethodAccessorImpl.java:43)
	at java.lang.reflect.Method.invoke(Method.java:498)
	at org.junit.runners.model.FrameworkMethod$1.runReflectiveCall(FrameworkMethod.java:47)
	at org.junit.internal.runners.model.ReflectiveCallable.run(ReflectiveCallable.java:12)
	at org.junit.runners.model.FrameworkMethod.invokeExplosively(FrameworkMethod.java:44)
	at org.junit.internal.runners.statements.InvokeMethod.evaluate(InvokeMethod.java:17)
	at org.junit.internal.runners.statements.RunBefores.evaluate(RunBefores.java:26)
	at org.junit.internal.runners.statements.RunAfters.evaluate(RunAfters.java:27)
	at org.junit.internal.runners.statements.FailOnTimeout$StatementThread.run(FailOnTimeout.java:74)
</error>
    <system-out><![CDATA[2019-09-25 12:53:33,823 [Thread-1073] WARN  server.ServerUtils (ServerUtils.java:getScmDbDir(145)) - ozone.scm.db.dirs is not configured. We recommend adding this setting. Falling back to ozone.metadata.dirs instead.
2019-09-25 12:53:33,848 [Thread-1073] WARN  server.ServerUtils (ServerUtils.java:getScmDbDir(145)) - ozone.scm.db.dirs is not configured. We recommend adding this setting. Falling back to ozone.metadata.dirs instead.
2019-09-25 12:53:33,848 [Thread-1073] WARN  server.ServerUtils (ServerUtils.java:getScmDbDir(145)) - ozone.scm.db.dirs is not configured. We recommend adding this setting. Falling back to ozone.metadata.dirs instead.
2019-09-25 12:53:33,849 [Thread-1073] INFO  db.DBStoreBuilder (DBStoreBuilder.java:addTable(110)) - using custom profile for table: deletedBlocks
2019-09-25 12:53:33,849 [Thread-1073] INFO  db.DBStoreBuilder (DBStoreBuilder.java:processTables(161)) - Using default column profile:DBProfile.DISK for Table:deletedBlocks
2019-09-25 12:53:33,849 [Thread-1073] INFO  db.DBStoreBuilder (DBStoreBuilder.java:addTable(110)) - using custom profile for table: validCerts
2019-09-25 12:53:33,849 [Thread-1073] INFO  db.DBStoreBuilder (DBStoreBuilder.java:processTables(161)) - Using default column profile:DBProfile.DISK for Table:validCerts
2019-09-25 12:53:33,849 [Thread-1073] INFO  db.DBStoreBuilder (DBStoreBuilder.java:addTable(110)) - using custom profile for table: revokedCerts
2019-09-25 12:53:33,850 [Thread-1073] INFO  db.DBStoreBuilder (DBStoreBuilder.java:processTables(161)) - Using default column profile:DBProfile.DISK for Table:revokedCerts
2019-09-25 12:53:33,850 [Thread-1073] INFO  db.DBStoreBuilder (DBStoreBuilder.java:addTable(110)) - using custom profile for table: default
2019-09-25 12:53:33,850 [Thread-1073] INFO  db.DBStoreBuilder (DBStoreBuilder.java:processTables(167)) - Using default column profile:DBProfile.DISK for Table:default
2019-09-25 12:53:33,850 [Thread-1073] INFO  db.DBStoreBuilder (DBStoreBuilder.java:getDbProfile(198)) - Using default options. DBProfile.DISK
2019-09-25 12:53:34,065 [Thread-1073] INFO  net.NodeSchemaLoader (NodeSchemaLoader.java:loadSchemaFromFile(125)) - Loading file from sun.misc.CompoundEnumeration@29815d52
2019-09-25 12:53:34,065 [Thread-1073] INFO  net.NodeSchemaLoader (NodeSchemaLoader.java:loadSchema(171)) - Loading network topology layer schema file
2019-09-25 12:53:34,072 [Thread-1073] WARN  server.ServerUtils (ServerUtils.java:sanitizeUserArgs(70)) - ozone.scm.stale.node.interval value = 300000 is larger than max = 100000 based on the key value of ozone.scm.heartbeat.thread.interval, reset to the max value 100000.
2019-09-25 12:53:34,073 [Thread-1073] WARN  server.ServerUtils (ServerUtils.java:sanitizeUserArgs(70)) - ozone.scm.stale.node.interval value = 300000 is larger than max = 100000 based on the key value of ozone.scm.heartbeat.thread.interval, reset to the max value 100000.
2019-09-25 12:53:34,073 [Thread-1073] INFO  node.SCMNodeManager (SCMNodeManager.java:<init>(114)) - Entering startup safe mode.
2019-09-25 12:53:34,074 [Thread-1073] INFO  algorithms.ContainerPlacementPolicyFactory (ContainerPlacementPolicyFactory.java:getPolicy(59)) - Create container placement policy of type org.apache.hadoop.hdds.scm.container.placement.algorithms.SCMContainerPlacementRandom
2019-09-25 12:53:34,074 [Thread-1073] WARN  server.ServerUtils (ServerUtils.java:getScmDbDir(145)) - ozone.scm.db.dirs is not configured. We recommend adding this setting. Falling back to ozone.metadata.dirs instead.
2019-09-25 12:53:34,168 [Thread-1073] INFO  pipeline.SCMPipelineManager (SCMPipelineManager.java:initializePipelineState(132)) - No pipeline exists in current db
2019-09-25 12:53:34,169 [Thread-1073] WARN  server.ServerUtils (ServerUtils.java:getScmDbDir(145)) - ozone.scm.db.dirs is not configured. We recommend adding this setting. Falling back to ozone.metadata.dirs instead.
2019-09-25 12:53:34,245 [Thread-1073] WARN  events.EventQueue (EventQueue.java:fireEvent(183)) - No event handler registered for event TypedEvent{payloadType=SafeModeStatus, name='SafeModeStatus'}
2019-09-25 12:53:34,246 [Thread-1073] INFO  ipc.CallQueueManager (CallQueueManager.java:<init>(84)) - Using callQueue: class java.util.concurrent.LinkedBlockingQueue, queueCapacity: 2000, scheduler: class org.apache.hadoop.ipc.DefaultRpcScheduler, ipcBackoff: false.
2019-09-25 12:53:34,247 [Socket Reader #1 for port 46020] INFO  ipc.Server (Server.java:run(1074)) - Starting Socket Reader #1 for port 46020
2019-09-25 12:53:34,250 [Thread-1073] INFO  ipc.CallQueueManager (CallQueueManager.java:<init>(84)) - Using callQueue: class java.util.concurrent.LinkedBlockingQueue, queueCapacity: 2000, scheduler: class org.apache.hadoop.ipc.DefaultRpcScheduler, ipcBackoff: false.
2019-09-25 12:53:34,251 [Socket Reader #1 for port 35119] INFO  ipc.Server (Server.java:run(1074)) - Starting Socket Reader #1 for port 35119
2019-09-25 12:53:34,252 [Thread-1073] INFO  ipc.CallQueueManager (CallQueueManager.java:<init>(84)) - Using callQueue: class java.util.concurrent.LinkedBlockingQueue, queueCapacity: 2000, scheduler: class org.apache.hadoop.ipc.DefaultRpcScheduler, ipcBackoff: false.
2019-09-25 12:53:34,253 [Socket Reader #1 for port 42833] INFO  ipc.Server (Server.java:run(1074)) - Starting Socket Reader #1 for port 42833
2019-09-25 12:53:34,257 [Thread-1073] INFO  hdfs.DFSUtil (DFSUtil.java:httpServerTemplateForNNAndJN(1641)) - Starting Web-server for scm at: http://0.0.0.0:0
2019-09-25 12:53:34,264 [Thread-1073] INFO  server.AuthenticationFilter (AuthenticationFilter.java:constructSecretProvider(240)) - Unable to initialize FileSignerSecretProvider, falling back to use random secrets.
2019-09-25 12:53:34,265 [Thread-1073] WARN  http.HttpRequestLog (HttpRequestLog.java:getRequestLog(97)) - Jetty request log can only be enabled using Log4j
2019-09-25 12:53:34,267 [Thread-1073] INFO  http.HttpServer2 (HttpServer2.java:addGlobalFilter(975)) - Added global filter 'safety' (class=org.apache.hadoop.http.HttpServer2$QuotingInputFilter)
2019-09-25 12:53:34,268 [Thread-1073] INFO  http.HttpServer2 (HttpServer2.java:addFilter(948)) - Added filter static_user_filter (class=org.apache.hadoop.http.lib.StaticUserWebFilter$StaticUserFilter) to context scm
2019-09-25 12:53:34,268 [Thread-1073] INFO  http.HttpServer2 (HttpServer2.java:addFilter(958)) - Added filter static_user_filter (class=org.apache.hadoop.http.lib.StaticUserWebFilter$StaticUserFilter) to context static
2019-09-25 12:53:34,269 [Thread-1073] INFO  http.HttpServer2 (HttpServer2.java:addFilter(958)) - Added filter static_user_filter (class=org.apache.hadoop.http.lib.StaticUserWebFilter$StaticUserFilter) to context logs
2019-09-25 12:53:34,271 [Thread-1073] INFO  server.StorageContainerManager (StorageContainerManager.java:start(770)) - StorageContainerLocationProtocol RPC server is listening at /0.0.0.0:42833
2019-09-25 12:53:34,274 [Thread-1073] WARN  impl.MetricsConfig (MetricsConfig.java:loadFirst(134)) - Cannot locate configuration: tried hadoop-metrics2-storagecontainermanager.properties,hadoop-metrics2.properties
2019-09-25 12:53:34,275 [Thread-1073] INFO  impl.MetricsSystemImpl (MetricsSystemImpl.java:startTimer(374)) - Scheduled Metric snapshot period at 10 second(s).
2019-09-25 12:53:34,275 [Thread-1073] INFO  impl.MetricsSystemImpl (MetricsSystemImpl.java:start(191)) - StorageContainerManager metrics system started
2019-09-25 12:53:34,307 [Thread-1073] WARN  impl.MetricsSystemImpl (MetricsSystemImpl.java:register(276)) - Sink prometheus already exists!
2019-09-25 12:53:34,359 [Thread-1073] INFO  server.SCMClientProtocolServer (SCMClientProtocolServer.java:start(151)) - RPC server for Client  is listening at /0.0.0.0:42833
2019-09-25 12:53:34,360 [IPC Server Responder] INFO  ipc.Server (Server.java:run(1314)) - IPC Server Responder: starting
2019-09-25 12:53:34,360 [IPC Server listener on 42833] INFO  ipc.Server (Server.java:run(1153)) - IPC Server listener on 42833: starting
2019-09-25 12:53:34,363 [Thread-1073] INFO  server.StorageContainerManager (StorageContainerManager.java:start(780)) - ScmBlockLocationProtocol RPC server is listening at /0.0.0.0:35119
2019-09-25 12:53:34,364 [Thread-1073] INFO  server.SCMBlockProtocolServer (SCMBlockProtocolServer.java:start(146)) - RPC server for Block Protocol is listening at /0.0.0.0:35119
2019-09-25 12:53:34,364 [IPC Server Responder] INFO  ipc.Server (Server.java:run(1314)) - IPC Server Responder: starting
2019-09-25 12:53:34,364 [IPC Server listener on 35119] INFO  ipc.Server (Server.java:run(1153)) - IPC Server listener on 35119: starting
2019-09-25 12:53:34,369 [Thread-1073] INFO  server.StorageContainerManager (StorageContainerManager.java:start(784)) - ScmDatanodeProtocl RPC server is listening at /0.0.0.0:46020
2019-09-25 12:53:34,369 [Thread-1073] INFO  server.SCMDatanodeProtocolServer (SCMDatanodeProtocolServer.java:start(191)) - RPC server for DataNodes is listening at /0.0.0.0:46020
2019-09-25 12:53:34,369 [IPC Server Responder] INFO  ipc.Server (Server.java:run(1314)) - IPC Server Responder: starting
2019-09-25 12:53:34,371 [IPC Server listener on 46020] INFO  ipc.Server (Server.java:run(1153)) - IPC Server listener on 46020: starting
2019-09-25 12:53:34,378 [Thread-1073] INFO  http.HttpServer2 (HttpServer2.java:bindListener(1191)) - Jetty bound to port 36203
2019-09-25 12:53:34,378 [Thread-1073] INFO  server.Server (Server.java:doStart(351)) - jetty-9.3.25.v20180904, build timestamp: 2018-09-04T21:11:46Z, git hash: 3ce520221d0240229c862b122d2b06c12a625732
2019-09-25 12:53:34,380 [Thread-1073] INFO  handler.ContextHandler (ContextHandler.java:doStart(781)) - Started o.e.j.s.ServletContextHandler@1af047b5{/logs,file:///workdir/hadoop-ozone/ozonefs/target/log,AVAILABLE}
2019-09-25 12:53:34,380 [Thread-1073] INFO  handler.ContextHandler (ContextHandler.java:doStart(781)) - Started o.e.j.s.ServletContextHandler@157ff19b{/static,jar:file:/home/user/.m2/repository/org/apache/hadoop/hadoop-hdds-server-scm/0.5.0-SNAPSHOT/hadoop-hdds-server-scm-0.5.0-SNAPSHOT.jar!/webapps/static,AVAILABLE}
2019-09-25 12:53:34,420 [Thread-1073] INFO  handler.ContextHandler (ContextHandler.java:doStart(781)) - Started o.e.j.w.WebAppContext@ca54608{/,file:///tmp/jetty-0.0.0.0-36203-scm-_-any-136715894503250878.dir/webapp/,AVAILABLE}{/scm}
2019-09-25 12:53:34,420 [Thread-1073] INFO  server.AbstractConnector (AbstractConnector.java:doStart(278)) - Started ServerConnector@580b686f{HTTP/1.1,[http/1.1]}{0.0.0.0:36203}
2019-09-25 12:53:34,424 [Thread-1073] INFO  server.Server (Server.java:doStart(419)) - Started @76033ms
2019-09-25 12:53:34,424 [Thread-1073] WARN  impl.MetricsSystemImpl (MetricsSystemImpl.java:register(276)) - Sink prometheus already exists!
2019-09-25 12:53:34,426 [Thread-1073] INFO  server.BaseHttpServer (BaseHttpServer.java:updateConnectorAddress(215)) - HTTP server of SCM is listening at http://0.0.0.0:36203
2019-09-25 12:53:34,427 [Thread-1073] WARN  server.ServerUtils (ServerUtils.java:getDBPath(222)) - ozone.om.db.dirs is not configured. We recommend adding this setting. Falling back to ozone.metadata.dirs instead.
2019-09-25 12:53:34,427 [org.apache.hadoop.util.JvmPauseMonitor$Monitor@5c61ebec] INFO  util.JvmPauseMonitor (JvmPauseMonitor.java:run(188)) - Starting JVM pause monitor
2019-09-25 12:53:34,454 [Thread-1073] WARN  server.ServerUtils (ServerUtils.java:getDBPath(222)) - ozone.om.db.dirs is not configured. We recommend adding this setting. Falling back to ozone.metadata.dirs instead.
2019-09-25 12:53:34,454 [Thread-1073] WARN  server.ServerUtils (ServerUtils.java:getDBPath(222)) - ozone.om.db.dirs is not configured. We recommend adding this setting. Falling back to ozone.metadata.dirs instead.
2019-09-25 12:53:34,455 [Thread-1073] INFO  om.OzoneManager (OzoneManager.java:setOMNodeDetails(652)) - OM Service ID is not set. Setting it to the default ID: omServiceIdDefault
2019-09-25 12:53:34,455 [Thread-1073] INFO  om.OzoneManager (OzoneManager.java:setOMNodeDetails(658)) - OM Node ID is not set. Setting it to the OmStorage's OmID: 5d6ac446-d1da-416d-9924-3f49039bab3e
2019-09-25 12:53:34,455 [Thread-1073] INFO  om.OzoneManager (OzoneManager.java:loadOMHAConfigs(609)) - Found matching OM address with OMServiceId: null, OMNodeId: null, RPC Address: localhost:0 and Ratis port: 9872
2019-09-25 12:53:34,461 [Thread-1073] WARN  server.ServerUtils (ServerUtils.java:getDBPath(222)) - ozone.om.db.dirs is not configured. We recommend adding this setting. Falling back to ozone.metadata.dirs instead.
2019-09-25 12:53:34,462 [Thread-1073] INFO  db.DBStoreBuilder (DBStoreBuilder.java:addTable(110)) - using custom profile for table: userTable
2019-09-25 12:53:34,462 [Thread-1073] INFO  db.DBStoreBuilder (DBStoreBuilder.java:processTables(161)) - Using default column profile:DBProfile.DISK for Table:userTable
2019-09-25 12:53:34,462 [Thread-1073] INFO  db.DBStoreBuilder (DBStoreBuilder.java:addTable(110)) - using custom profile for table: volumeTable
2019-09-25 12:53:34,462 [Thread-1073] INFO  db.DBStoreBuilder (DBStoreBuilder.java:processTables(161)) - Using default column profile:DBProfile.DISK for Table:volumeTable
2019-09-25 12:53:34,462 [Thread-1073] INFO  db.DBStoreBuilder (DBStoreBuilder.java:addTable(110)) - using custom profile for table: bucketTable
2019-09-25 12:53:34,462 [Thread-1073] INFO  db.DBStoreBuilder (DBStoreBuilder.java:processTables(161)) - Using default column profile:DBProfile.DISK for Table:bucketTable
2019-09-25 12:53:34,462 [Thread-1073] INFO  db.DBStoreBuilder (DBStoreBuilder.java:addTable(110)) - using custom profile for table: keyTable
2019-09-25 12:53:34,462 [Thread-1073] INFO  db.DBStoreBuilder (DBStoreBuilder.java:processTables(161)) - Using default column profile:DBProfile.DISK for Table:keyTable
2019-09-25 12:53:34,463 [Thread-1073] INFO  db.DBStoreBuilder (DBStoreBuilder.java:addTable(110)) - using custom profile for table: deletedTable
2019-09-25 12:53:34,463 [Thread-1073] INFO  db.DBStoreBuilder (DBStoreBuilder.java:processTables(161)) - Using default column profile:DBProfile.DISK for Table:deletedTable
2019-09-25 12:53:34,463 [Thread-1073] INFO  db.DBStoreBuilder (DBStoreBuilder.java:addTable(110)) - using custom profile for table: openKeyTable
2019-09-25 12:53:34,463 [Thread-1073] INFO  db.DBStoreBuilder (DBStoreBuilder.java:processTables(161)) - Using default column profile:DBProfile.DISK for Table:openKeyTable
2019-09-25 12:53:34,463 [Thread-1073] INFO  db.DBStoreBuilder (DBStoreBuilder.java:addTable(110)) - using custom profile for table: s3Table
2019-09-25 12:53:34,463 [Thread-1073] INFO  db.DBStoreBuilder (DBStoreBuilder.java:processTables(161)) - Using default column profile:DBProfile.DISK for Table:s3Table
2019-09-25 12:53:34,463 [Thread-1073] INFO  db.DBStoreBuilder (DBStoreBuilder.java:addTable(110)) - using custom profile for table: multipartInfoTable
2019-09-25 12:53:34,464 [Thread-1073] INFO  db.DBStoreBuilder (DBStoreBuilder.java:processTables(161)) - Using default column profile:DBProfile.DISK for Table:multipartInfoTable
2019-09-25 12:53:34,464 [Thread-1073] INFO  db.DBStoreBuilder (DBStoreBuilder.java:addTable(110)) - using custom profile for table: dTokenTable
2019-09-25 12:53:34,464 [Thread-1073] INFO  db.DBStoreBuilder (DBStoreBuilder.java:processTables(161)) - Using default column profile:DBProfile.DISK for Table:dTokenTable
2019-09-25 12:53:34,464 [Thread-1073] INFO  db.DBStoreBuilder (DBStoreBuilder.java:addTable(110)) - using custom profile for table: s3SecretTable
2019-09-25 12:53:34,464 [Thread-1073] INFO  db.DBStoreBuilder (DBStoreBuilder.java:processTables(161)) - Using default column profile:DBProfile.DISK for Table:s3SecretTable
2019-09-25 12:53:34,464 [Thread-1073] INFO  db.DBStoreBuilder (DBStoreBuilder.java:addTable(110)) - using custom profile for table: prefixTable
2019-09-25 12:53:34,464 [Thread-1073] INFO  db.DBStoreBuilder (DBStoreBuilder.java:processTables(161)) - Using default column profile:DBProfile.DISK for Table:prefixTable
2019-09-25 12:53:34,465 [Thread-1073] INFO  db.DBStoreBuilder (DBStoreBuilder.java:addTable(110)) - using custom profile for table: default
2019-09-25 12:53:34,465 [Thread-1073] INFO  db.DBStoreBuilder (DBStoreBuilder.java:processTables(167)) - Using default column profile:DBProfile.DISK for Table:default
2019-09-25 12:53:34,465 [Thread-1073] INFO  db.DBStoreBuilder (DBStoreBuilder.java:getDbProfile(198)) - Using default options. DBProfile.DISK
2019-09-25 12:53:35,216 [Thread-1073] INFO  ipc.CallQueueManager (CallQueueManager.java:<init>(84)) - Using callQueue: class java.util.concurrent.LinkedBlockingQueue, queueCapacity: 2000, scheduler: class org.apache.hadoop.ipc.DefaultRpcScheduler, ipcBackoff: false.
2019-09-25 12:53:35,217 [Socket Reader #1 for port 36194] INFO  ipc.Server (Server.java:run(1074)) - Starting Socket Reader #1 for port 36194
2019-09-25 12:53:35,242 [Thread-1073] INFO  om.OzoneManager (OzoneManager.java:start(1243)) - OzoneManager RPC server is listening at localhost/127.0.0.1:36194
2019-09-25 12:53:35,242 [Thread-1073] INFO  impl.MetricsSystemImpl (MetricsSystemImpl.java:init(158)) - OzoneManager metrics system started (again)
2019-09-25 12:53:35,243 [IPC Server Responder] INFO  ipc.Server (Server.java:run(1314)) - IPC Server Responder: starting
2019-09-25 12:53:35,243 [IPC Server listener on 36194] INFO  ipc.Server (Server.java:run(1153)) - IPC Server listener on 36194: starting
2019-09-25 12:53:35,250 [Thread-1073] INFO  hdfs.DFSUtil (DFSUtil.java:httpServerTemplateForNNAndJN(1641)) - Starting Web-server for ozoneManager at: http://0.0.0.0:0
2019-09-25 12:53:35,254 [Thread-1073] INFO  server.AuthenticationFilter (AuthenticationFilter.java:constructSecretProvider(240)) - Unable to initialize FileSignerSecretProvider, falling back to use random secrets.
2019-09-25 12:53:35,255 [Thread-1073] WARN  http.HttpRequestLog (HttpRequestLog.java:getRequestLog(97)) - Jetty request log can only be enabled using Log4j
2019-09-25 12:53:35,258 [Thread-1073] INFO  http.HttpServer2 (HttpServer2.java:addGlobalFilter(975)) - Added global filter 'safety' (class=org.apache.hadoop.http.HttpServer2$QuotingInputFilter)
2019-09-25 12:53:35,259 [Thread-1073] INFO  http.HttpServer2 (HttpServer2.java:addFilter(948)) - Added filter static_user_filter (class=org.apache.hadoop.http.lib.StaticUserWebFilter$StaticUserFilter) to context ozoneManager
2019-09-25 12:53:35,260 [Thread-1073] INFO  http.HttpServer2 (HttpServer2.java:addFilter(958)) - Added filter static_user_filter (class=org.apache.hadoop.http.lib.StaticUserWebFilter$StaticUserFilter) to context static
2019-09-25 12:53:35,260 [Thread-1073] INFO  http.HttpServer2 (HttpServer2.java:addFilter(958)) - Added filter static_user_filter (class=org.apache.hadoop.http.lib.StaticUserWebFilter$StaticUserFilter) to context logs
2019-09-25 12:53:35,261 [Thread-1073] INFO  http.HttpServer2 (HttpServer2.java:bindListener(1191)) - Jetty bound to port 35948
2019-09-25 12:53:35,261 [Thread-1073] INFO  server.Server (Server.java:doStart(351)) - jetty-9.3.25.v20180904, build timestamp: 2018-09-04T21:11:46Z, git hash: 3ce520221d0240229c862b122d2b06c12a625732
2019-09-25 12:53:35,264 [Thread-1073] INFO  handler.ContextHandler (ContextHandler.java:doStart(781)) - Started o.e.j.s.ServletContextHandler@50a1527b{/logs,file:///workdir/hadoop-ozone/ozonefs/target/log,AVAILABLE}
2019-09-25 12:53:35,265 [Thread-1073] INFO  handler.ContextHandler (ContextHandler.java:doStart(781)) - Started o.e.j.s.ServletContextHandler@64aa3a8f{/static,jar:file:/home/user/.m2/repository/org/apache/hadoop/hadoop-ozone-ozone-manager/0.5.0-SNAPSHOT/hadoop-ozone-ozone-manager-0.5.0-SNAPSHOT.jar!/webapps/static,AVAILABLE}
2019-09-25 12:53:35,329 [Thread-1073] INFO  handler.ContextHandler (ContextHandler.java:doStart(781)) - Started o.e.j.w.WebAppContext@3bc14642{/,file:///tmp/jetty-0.0.0.0-35948-ozoneManager-_-any-78789907564105891.dir/webapp/,AVAILABLE}{/ozoneManager}
2019-09-25 12:53:35,330 [Thread-1073] INFO  server.AbstractConnector (AbstractConnector.java:doStart(278)) - Started ServerConnector@26147d5e{HTTP/1.1,[http/1.1]}{0.0.0.0:35948}
2019-09-25 12:53:35,331 [Thread-1073] INFO  server.Server (Server.java:doStart(419)) - Started @76940ms
2019-09-25 12:53:35,331 [Thread-1073] WARN  impl.MetricsSystemImpl (MetricsSystemImpl.java:register(276)) - Sink prometheus already exists!
2019-09-25 12:53:35,332 [Thread-1073] INFO  server.BaseHttpServer (BaseHttpServer.java:updateConnectorAddress(215)) - HTTP server of OZONEMANAGER is listening at http://0.0.0.0:35948
2019-09-25 12:53:35,341 [Thread-1073] INFO  impl.MetricsSystemImpl (MetricsSystemImpl.java:init(158)) - HddsDatanode metrics system started (again)
2019-09-25 12:53:35,345 [Thread-1073] INFO  ozone.HddsDatanodeService (HddsDatanodeService.java:start(184)) - HddsDatanodeService host:pr-hdds-1569-shd4m-3693607622 ip:192.168.151.73
2019-09-25 12:53:35,352 [Thread-1073] INFO  volume.HddsVolume (HddsVolume.java:<init>(176)) - Creating Volume: /workdir/hadoop-ozone/ozonefs/target/test-dir/MiniOzoneClusterImpl-8d8fabca-1d4e-4b07-acaa-462c274cc386/datanode-0/data/containers/hdds of  storage type : DISK and capacity : 1482555576320
2019-09-25 12:53:35,352 [Thread-1073] INFO  volume.VolumeSet (VolumeSet.java:initializeVolumeSet(170)) - Added Volume : /workdir/hadoop-ozone/ozonefs/target/test-dir/MiniOzoneClusterImpl-8d8fabca-1d4e-4b07-acaa-462c274cc386/datanode-0/data/containers/hdds to VolumeSet
2019-09-25 12:53:35,352 [Thread-1073] INFO  volume.ThrottledAsyncChecker (ThrottledAsyncChecker.java:schedule(139)) - Scheduling a check for org.apache.hadoop.ozone.container.common.volume.HddsVolume@60500393
2019-09-25 12:53:35,353 [Thread-1073] INFO  volume.HddsVolumeChecker (HddsVolumeChecker.java:checkAllVolumes(202)) - Scheduled health check for volume org.apache.hadoop.ozone.container.common.volume.HddsVolume@60500393
2019-09-25 12:53:35,378 [Thread-1073] INFO  impl.RaftServerProxy (ConfUtils.java:logGet(43)) - raft.rpc.type = GRPC (default)
2019-09-25 12:53:35,378 [Thread-1073] INFO  grpc.GrpcFactory (GrpcFactory.java:checkPooledByteBufAllocatorUseCacheForAllThreads(45)) - PERFORMANCE WARNING: useCacheForAllThreads is true that may cause Netty to create a lot garbage objects and, as a result, trigger GC.
	It is recommended to disable useCacheForAllThreads by setting -Dorg.apache.ratis.thirdparty.io.netty.allocator.useCacheForAllThreads=false in command line.
2019-09-25 12:53:35,378 [Thread-1073] INFO  grpc.GrpcConfigKeys$Server (ConfUtils.java:logGet(43)) - raft.grpc.server.port = 0 (default)
2019-09-25 12:53:35,379 [Thread-1073] INFO  server.GrpcService (ConfUtils.java:logGet(43)) - raft.grpc.message.size.max = 33570816 (custom)
2019-09-25 12:53:35,379 [Thread-1073] INFO  server.RaftServerConfigKeys (ConfUtils.java:logGet(43)) - raft.server.log.appender.buffer.byte-limit = 33554432 (custom)
2019-09-25 12:53:35,379 [Thread-1073] INFO  server.GrpcService (ConfUtils.java:logGet(43)) - raft.grpc.flow.control.window = 1MB (=1048576) (default)
2019-09-25 12:53:35,379 [Thread-1073] INFO  server.RaftServerConfigKeys (ConfUtils.java:logGet(43)) - raft.server.rpc.request.timeout = 3000ms (default)
2019-09-25 12:53:35,380 [Thread-1073] INFO  server.RaftServerConfigKeys (ConfUtils.java:logGet(43)) - raft.server.storage.dir = [/workdir/hadoop-ozone/ozonefs/target/test-dir/MiniOzoneClusterImpl-8d8fabca-1d4e-4b07-acaa-462c274cc386/datanode-0/data/ratis] (custom)
2019-09-25 12:53:35,381 [Thread-1073] INFO  hdfs.DFSUtil (DFSUtil.java:httpServerTemplateForNNAndJN(1641)) - Starting Web-server for hddsDatanode at: http://0.0.0.0:0
2019-09-25 12:53:35,383 [Thread-1073] INFO  server.AuthenticationFilter (AuthenticationFilter.java:constructSecretProvider(240)) - Unable to initialize FileSignerSecretProvider, falling back to use random secrets.
2019-09-25 12:53:35,383 [Thread-1073] WARN  http.HttpRequestLog (HttpRequestLog.java:getRequestLog(97)) - Jetty request log can only be enabled using Log4j
2019-09-25 12:53:35,385 [Thread-1073] INFO  http.HttpServer2 (HttpServer2.java:addGlobalFilter(975)) - Added global filter 'safety' (class=org.apache.hadoop.http.HttpServer2$QuotingInputFilter)
2019-09-25 12:53:35,386 [Thread-1073] INFO  http.HttpServer2 (HttpServer2.java:addFilter(948)) - Added filter static_user_filter (class=org.apache.hadoop.http.lib.StaticUserWebFilter$StaticUserFilter) to context hddsDatanode
2019-09-25 12:53:35,386 [Thread-1073] INFO  http.HttpServer2 (HttpServer2.java:addFilter(958)) - Added filter static_user_filter (class=org.apache.hadoop.http.lib.StaticUserWebFilter$StaticUserFilter) to context static
2019-09-25 12:53:35,386 [Thread-1073] INFO  http.HttpServer2 (HttpServer2.java:addFilter(958)) - Added filter static_user_filter (class=org.apache.hadoop.http.lib.StaticUserWebFilter$StaticUserFilter) to context logs
2019-09-25 12:53:35,387 [Thread-1073] INFO  http.HttpServer2 (HttpServer2.java:bindListener(1191)) - Jetty bound to port 34468
2019-09-25 12:53:35,387 [Thread-1073] INFO  server.Server (Server.java:doStart(351)) - jetty-9.3.25.v20180904, build timestamp: 2018-09-04T21:11:46Z, git hash: 3ce520221d0240229c862b122d2b06c12a625732
2019-09-25 12:53:35,389 [Thread-1073] INFO  handler.ContextHandler (ContextHandler.java:doStart(781)) - Started o.e.j.s.ServletContextHandler@682403db{/logs,file:///workdir/hadoop-ozone/ozonefs/target/log,AVAILABLE}
2019-09-25 12:53:35,389 [Thread-1073] INFO  handler.ContextHandler (ContextHandler.java:doStart(781)) - Started o.e.j.s.ServletContextHandler@3e78de22{/static,jar:file:/home/user/.m2/repository/org/apache/hadoop/hadoop-hdds-container-service/0.5.0-SNAPSHOT/hadoop-hdds-container-service-0.5.0-SNAPSHOT.jar!/webapps/static,AVAILABLE}
2019-09-25 12:53:35,417 [Thread-1073] INFO  handler.ContextHandler (ContextHandler.java:doStart(781)) - Started o.e.j.w.WebAppContext@62376dd5{/,file:///tmp/jetty-0.0.0.0-34468-hddsDatanode-_-any-4476810016998691503.dir/webapp/,AVAILABLE}{/hddsDatanode}
2019-09-25 12:53:35,417 [Thread-1073] INFO  server.AbstractConnector (AbstractConnector.java:doStart(278)) - Started ServerConnector@7a78d3fc{HTTP/1.1,[http/1.1]}{0.0.0.0:34468}
2019-09-25 12:53:35,419 [Thread-1073] INFO  server.Server (Server.java:doStart(419)) - Started @77027ms
2019-09-25 12:53:35,419 [Thread-1073] WARN  impl.MetricsSystemImpl (MetricsSystemImpl.java:register(276)) - Sink prometheus already exists!
2019-09-25 12:53:35,419 [Thread-1073] INFO  server.BaseHttpServer (BaseHttpServer.java:updateConnectorAddress(215)) - HTTP server of HDDSDATANODE is listening at http://0.0.0.0:34468
2019-09-25 12:53:35,420 [Thread-1073] INFO  impl.MetricsSystemImpl (MetricsSystemImpl.java:init(158)) - HddsDatanode metrics system started (again)
2019-09-25 12:53:35,424 [org.apache.hadoop.util.JvmPauseMonitor$Monitor@3b15cf09] INFO  util.JvmPauseMonitor (JvmPauseMonitor.java:run(188)) - Starting JVM pause monitor
2019-09-25 12:53:35,424 [Thread-1073] INFO  ozone.HddsDatanodeService (HddsDatanodeService.java:start(184)) - HddsDatanodeService host:pr-hdds-1569-shd4m-3693607622 ip:192.168.151.73
2019-09-25 12:53:35,426 [Datanode State Machine Thread - 0] INFO  datanode.InitDatanodeState (InitDatanodeState.java:persistContainerDatanodeDetails(140)) - DatanodeDetails is persisted to /workdir/hadoop-ozone/ozonefs/target/test-dir/MiniOzoneClusterImpl-8d8fabca-1d4e-4b07-acaa-462c274cc386/datanode-0/meta/datanode.id
2019-09-25 12:53:35,431 [Thread-1073] INFO  volume.HddsVolume (HddsVolume.java:<init>(176)) - Creating Volume: /workdir/hadoop-ozone/ozonefs/target/test-dir/MiniOzoneClusterImpl-8d8fabca-1d4e-4b07-acaa-462c274cc386/datanode-1/data/containers/hdds of  storage type : DISK and capacity : 1482555576320
2019-09-25 12:53:35,431 [Thread-1073] INFO  volume.VolumeSet (VolumeSet.java:initializeVolumeSet(170)) - Added Volume : /workdir/hadoop-ozone/ozonefs/target/test-dir/MiniOzoneClusterImpl-8d8fabca-1d4e-4b07-acaa-462c274cc386/datanode-1/data/containers/hdds to VolumeSet
2019-09-25 12:53:35,431 [Thread-1073] INFO  volume.ThrottledAsyncChecker (ThrottledAsyncChecker.java:schedule(139)) - Scheduling a check for org.apache.hadoop.ozone.container.common.volume.HddsVolume@299a7c4f
2019-09-25 12:53:35,432 [Thread-1073] INFO  volume.HddsVolumeChecker (HddsVolumeChecker.java:checkAllVolumes(202)) - Scheduled health check for volume org.apache.hadoop.ozone.container.common.volume.HddsVolume@299a7c4f
2019-09-25 12:53:35,453 [Thread-1073] INFO  impl.RaftServerProxy (ConfUtils.java:logGet(43)) - raft.rpc.type = GRPC (default)
2019-09-25 12:53:35,453 [Thread-1073] INFO  grpc.GrpcFactory (GrpcFactory.java:checkPooledByteBufAllocatorUseCacheForAllThreads(45)) - PERFORMANCE WARNING: useCacheForAllThreads is true that may cause Netty to create a lot garbage objects and, as a result, trigger GC.
	It is recommended to disable useCacheForAllThreads by setting -Dorg.apache.ratis.thirdparty.io.netty.allocator.useCacheForAllThreads=false in command line.
2019-09-25 12:53:35,453 [Thread-1073] INFO  grpc.GrpcConfigKeys$Server (ConfUtils.java:logGet(43)) - raft.grpc.server.port = 0 (default)
2019-09-25 12:53:35,453 [Thread-1073] INFO  server.GrpcService (ConfUtils.java:logGet(43)) - raft.grpc.message.size.max = 33570816 (custom)
2019-09-25 12:53:35,453 [Thread-1073] INFO  server.RaftServerConfigKeys (ConfUtils.java:logGet(43)) - raft.server.log.appender.buffer.byte-limit = 33554432 (custom)
2019-09-25 12:53:35,454 [Thread-1073] INFO  server.GrpcService (ConfUtils.java:logGet(43)) - raft.grpc.flow.control.window = 1MB (=1048576) (default)
2019-09-25 12:53:35,454 [Thread-1073] INFO  server.RaftServerConfigKeys (ConfUtils.java:logGet(43)) - raft.server.rpc.request.timeout = 3000ms (default)
2019-09-25 12:53:35,454 [Thread-1073] INFO  server.RaftServerConfigKeys (ConfUtils.java:logGet(43)) - raft.server.storage.dir = [/workdir/hadoop-ozone/ozonefs/target/test-dir/MiniOzoneClusterImpl-8d8fabca-1d4e-4b07-acaa-462c274cc386/datanode-1/data/ratis] (custom)
2019-09-25 12:53:35,455 [Thread-1073] INFO  hdfs.DFSUtil (DFSUtil.java:httpServerTemplateForNNAndJN(1641)) - Starting Web-server for hddsDatanode at: http://0.0.0.0:0
2019-09-25 12:53:35,457 [Thread-1073] INFO  server.AuthenticationFilter (AuthenticationFilter.java:constructSecretProvider(240)) - Unable to initialize FileSignerSecretProvider, falling back to use random secrets.
2019-09-25 12:53:35,457 [Thread-1073] WARN  http.HttpRequestLog (HttpRequestLog.java:getRequestLog(97)) - Jetty request log can only be enabled using Log4j
2019-09-25 12:53:35,459 [Thread-1073] INFO  http.HttpServer2 (HttpServer2.java:addGlobalFilter(975)) - Added global filter 'safety' (class=org.apache.hadoop.http.HttpServer2$QuotingInputFilter)
2019-09-25 12:53:35,460 [Thread-1073] INFO  http.HttpServer2 (HttpServer2.java:addFilter(948)) - Added filter static_user_filter (class=org.apache.hadoop.http.lib.StaticUserWebFilter$StaticUserFilter) to context hddsDatanode
2019-09-25 12:53:35,460 [Thread-1073] INFO  http.HttpServer2 (HttpServer2.java:addFilter(958)) - Added filter static_user_filter (class=org.apache.hadoop.http.lib.StaticUserWebFilter$StaticUserFilter) to context logs
2019-09-25 12:53:35,460 [Thread-1073] INFO  http.HttpServer2 (HttpServer2.java:addFilter(958)) - Added filter static_user_filter (class=org.apache.hadoop.http.lib.StaticUserWebFilter$StaticUserFilter) to context static
2019-09-25 12:53:35,461 [Thread-1073] INFO  http.HttpServer2 (HttpServer2.java:bindListener(1191)) - Jetty bound to port 39554
2019-09-25 12:53:35,461 [Thread-1073] INFO  server.Server (Server.java:doStart(351)) - jetty-9.3.25.v20180904, build timestamp: 2018-09-04T21:11:46Z, git hash: 3ce520221d0240229c862b122d2b06c12a625732
2019-09-25 12:53:35,463 [Thread-1073] INFO  handler.ContextHandler (ContextHandler.java:doStart(781)) - Started o.e.j.s.ServletContextHandler@29755b93{/logs,file:///workdir/hadoop-ozone/ozonefs/target/log,AVAILABLE}
2019-09-25 12:53:35,463 [Thread-1073] INFO  handler.ContextHandler (ContextHandler.java:doStart(781)) - Started o.e.j.s.ServletContextHandler@149b394c{/static,jar:file:/home/user/.m2/repository/org/apache/hadoop/hadoop-hdds-container-service/0.5.0-SNAPSHOT/hadoop-hdds-container-service-0.5.0-SNAPSHOT.jar!/webapps/static,AVAILABLE}
2019-09-25 12:53:35,491 [Thread-1073] INFO  handler.ContextHandler (ContextHandler.java:doStart(781)) - Started o.e.j.w.WebAppContext@231184a9{/,file:///tmp/jetty-0.0.0.0-39554-hddsDatanode-_-any-1025527547159568352.dir/webapp/,AVAILABLE}{/hddsDatanode}
2019-09-25 12:53:35,492 [Thread-1073] INFO  server.AbstractConnector (AbstractConnector.java:doStart(278)) - Started ServerConnector@2c78b81d{HTTP/1.1,[http/1.1]}{0.0.0.0:39554}
2019-09-25 12:53:35,493 [Thread-1073] INFO  server.Server (Server.java:doStart(419)) - Started @77101ms
2019-09-25 12:53:35,493 [Thread-1073] WARN  impl.MetricsSystemImpl (MetricsSystemImpl.java:register(276)) - Sink prometheus already exists!
2019-09-25 12:53:35,494 [Thread-1073] INFO  server.BaseHttpServer (BaseHttpServer.java:updateConnectorAddress(215)) - HTTP server of HDDSDATANODE is listening at http://0.0.0.0:39554
2019-09-25 12:53:35,494 [Thread-1073] INFO  impl.MetricsSystemImpl (MetricsSystemImpl.java:init(158)) - HddsDatanode metrics system started (again)
2019-09-25 12:53:35,498 [org.apache.hadoop.util.JvmPauseMonitor$Monitor@5f3a9c80] INFO  util.JvmPauseMonitor (JvmPauseMonitor.java:run(188)) - Starting JVM pause monitor
2019-09-25 12:53:35,499 [Thread-1073] INFO  ozone.HddsDatanodeService (HddsDatanodeService.java:start(184)) - HddsDatanodeService host:pr-hdds-1569-shd4m-3693607622 ip:192.168.151.73
2019-09-25 12:53:35,501 [Datanode State Machine Thread - 0] INFO  datanode.InitDatanodeState (InitDatanodeState.java:persistContainerDatanodeDetails(140)) - DatanodeDetails is persisted to /workdir/hadoop-ozone/ozonefs/target/test-dir/MiniOzoneClusterImpl-8d8fabca-1d4e-4b07-acaa-462c274cc386/datanode-1/meta/datanode.id
2019-09-25 12:53:35,512 [Thread-1073] INFO  volume.HddsVolume (HddsVolume.java:<init>(176)) - Creating Volume: /workdir/hadoop-ozone/ozonefs/target/test-dir/MiniOzoneClusterImpl-8d8fabca-1d4e-4b07-acaa-462c274cc386/datanode-2/data/containers/hdds of  storage type : DISK and capacity : 1482555576320
2019-09-25 12:53:35,512 [Thread-1073] INFO  volume.VolumeSet (VolumeSet.java:initializeVolumeSet(170)) - Added Volume : /workdir/hadoop-ozone/ozonefs/target/test-dir/MiniOzoneClusterImpl-8d8fabca-1d4e-4b07-acaa-462c274cc386/datanode-2/data/containers/hdds to VolumeSet
2019-09-25 12:53:35,512 [Thread-1073] INFO  volume.ThrottledAsyncChecker (ThrottledAsyncChecker.java:schedule(139)) - Scheduling a check for org.apache.hadoop.ozone.container.common.volume.HddsVolume@5c3e8ba4
2019-09-25 12:53:35,513 [Thread-1073] INFO  volume.HddsVolumeChecker (HddsVolumeChecker.java:checkAllVolumes(202)) - Scheduled health check for volume org.apache.hadoop.ozone.container.common.volume.HddsVolume@5c3e8ba4
2019-09-25 12:53:35,534 [Thread-1073] INFO  impl.RaftServerProxy (ConfUtils.java:logGet(43)) - raft.rpc.type = GRPC (default)
2019-09-25 12:53:35,535 [Thread-1073] INFO  grpc.GrpcFactory (GrpcFactory.java:checkPooledByteBufAllocatorUseCacheForAllThreads(45)) - PERFORMANCE WARNING: useCacheForAllThreads is true that may cause Netty to create a lot garbage objects and, as a result, trigger GC.
	It is recommended to disable useCacheForAllThreads by setting -Dorg.apache.ratis.thirdparty.io.netty.allocator.useCacheForAllThreads=false in command line.
2019-09-25 12:53:35,535 [Thread-1073] INFO  grpc.GrpcConfigKeys$Server (ConfUtils.java:logGet(43)) - raft.grpc.server.port = 0 (default)
2019-09-25 12:53:35,535 [Thread-1073] INFO  server.GrpcService (ConfUtils.java:logGet(43)) - raft.grpc.message.size.max = 33570816 (custom)
2019-09-25 12:53:35,535 [Thread-1073] INFO  server.RaftServerConfigKeys (ConfUtils.java:logGet(43)) - raft.server.log.appender.buffer.byte-limit = 33554432 (custom)
2019-09-25 12:53:35,535 [Thread-1073] INFO  server.GrpcService (ConfUtils.java:logGet(43)) - raft.grpc.flow.control.window = 1MB (=1048576) (default)
2019-09-25 12:53:35,535 [Thread-1073] INFO  server.RaftServerConfigKeys (ConfUtils.java:logGet(43)) - raft.server.rpc.request.timeout = 3000ms (default)
2019-09-25 12:53:35,536 [Thread-1073] INFO  server.RaftServerConfigKeys (ConfUtils.java:logGet(43)) - raft.server.storage.dir = [/workdir/hadoop-ozone/ozonefs/target/test-dir/MiniOzoneClusterImpl-8d8fabca-1d4e-4b07-acaa-462c274cc386/datanode-2/data/ratis] (custom)
2019-09-25 12:53:35,537 [Thread-1073] INFO  hdfs.DFSUtil (DFSUtil.java:httpServerTemplateForNNAndJN(1641)) - Starting Web-server for hddsDatanode at: http://0.0.0.0:0
2019-09-25 12:53:35,539 [Thread-1073] INFO  server.AuthenticationFilter (AuthenticationFilter.java:constructSecretProvider(240)) - Unable to initialize FileSignerSecretProvider, falling back to use random secrets.
2019-09-25 12:53:35,539 [Thread-1073] WARN  http.HttpRequestLog (HttpRequestLog.java:getRequestLog(97)) - Jetty request log can only be enabled using Log4j
2019-09-25 12:53:35,541 [Thread-1073] INFO  http.HttpServer2 (HttpServer2.java:addGlobalFilter(975)) - Added global filter 'safety' (class=org.apache.hadoop.http.HttpServer2$QuotingInputFilter)
2019-09-25 12:53:35,542 [Thread-1073] INFO  http.HttpServer2 (HttpServer2.java:addFilter(948)) - Added filter static_user_filter (class=org.apache.hadoop.http.lib.StaticUserWebFilter$StaticUserFilter) to context hddsDatanode
2019-09-25 12:53:35,542 [Thread-1073] INFO  http.HttpServer2 (HttpServer2.java:addFilter(958)) - Added filter static_user_filter (class=org.apache.hadoop.http.lib.StaticUserWebFilter$StaticUserFilter) to context logs
2019-09-25 12:53:35,542 [Thread-1073] INFO  http.HttpServer2 (HttpServer2.java:addFilter(958)) - Added filter static_user_filter (class=org.apache.hadoop.http.lib.StaticUserWebFilter$StaticUserFilter) to context static
2019-09-25 12:53:35,543 [Thread-1073] INFO  http.HttpServer2 (HttpServer2.java:bindListener(1191)) - Jetty bound to port 44608
2019-09-25 12:53:35,543 [Thread-1073] INFO  server.Server (Server.java:doStart(351)) - jetty-9.3.25.v20180904, build timestamp: 2018-09-04T21:11:46Z, git hash: 3ce520221d0240229c862b122d2b06c12a625732
2019-09-25 12:53:35,545 [Thread-1073] INFO  handler.ContextHandler (ContextHandler.java:doStart(781)) - Started o.e.j.s.ServletContextHandler@2ae1d5f7{/logs,file:///workdir/hadoop-ozone/ozonefs/target/log,AVAILABLE}
2019-09-25 12:53:35,545 [Thread-1073] INFO  handler.ContextHandler (ContextHandler.java:doStart(781)) - Started o.e.j.s.ServletContextHandler@5b8e3405{/static,jar:file:/home/user/.m2/repository/org/apache/hadoop/hadoop-hdds-container-service/0.5.0-SNAPSHOT/hadoop-hdds-container-service-0.5.0-SNAPSHOT.jar!/webapps/static,AVAILABLE}
2019-09-25 12:53:35,573 [Thread-1073] INFO  handler.ContextHandler (ContextHandler.java:doStart(781)) - Started o.e.j.w.WebAppContext@d129b58{/,file:///tmp/jetty-0.0.0.0-44608-hddsDatanode-_-any-6991016703342262247.dir/webapp/,AVAILABLE}{/hddsDatanode}
2019-09-25 12:53:35,573 [Thread-1073] INFO  server.AbstractConnector (AbstractConnector.java:doStart(278)) - Started ServerConnector@26700d51{HTTP/1.1,[http/1.1]}{0.0.0.0:44608}
2019-09-25 12:53:35,575 [Thread-1073] INFO  server.Server (Server.java:doStart(419)) - Started @77183ms
2019-09-25 12:53:35,575 [Thread-1073] WARN  impl.MetricsSystemImpl (MetricsSystemImpl.java:register(276)) - Sink prometheus already exists!
2019-09-25 12:53:35,576 [Thread-1073] INFO  server.BaseHttpServer (BaseHttpServer.java:updateConnectorAddress(215)) - HTTP server of HDDSDATANODE is listening at http://0.0.0.0:44608
2019-09-25 12:53:35,576 [Thread-1073] INFO  ozone.MiniOzoneClusterImpl (MiniOzoneClusterImpl.java:lambda$waitForClusterToBeReady$0(147)) - Waiting for cluster to be ready. Got 0 of 3 DN Heartbeats.
2019-09-25 12:53:35,577 [org.apache.hadoop.util.JvmPauseMonitor$Monitor@123957fc] INFO  util.JvmPauseMonitor (JvmPauseMonitor.java:run(188)) - Starting JVM pause monitor
2019-09-25 12:53:35,579 [Datanode State Machine Thread - 0] INFO  datanode.InitDatanodeState (InitDatanodeState.java:persistContainerDatanodeDetails(140)) - DatanodeDetails is persisted to /workdir/hadoop-ozone/ozonefs/target/test-dir/MiniOzoneClusterImpl-8d8fabca-1d4e-4b07-acaa-462c274cc386/datanode-2/meta/datanode.id
2019-09-25 12:53:36,576 [Thread-1073] INFO  ozone.MiniOzoneClusterImpl (MiniOzoneClusterImpl.java:lambda$waitForClusterToBeReady$0(147)) - Waiting for cluster to be ready. Got 0 of 3 DN Heartbeats.
2019-09-25 12:53:37,577 [Thread-1073] INFO  ozone.MiniOzoneClusterImpl (MiniOzoneClusterImpl.java:lambda$waitForClusterToBeReady$0(147)) - Waiting for cluster to be ready. Got 0 of 3 DN Heartbeats.
2019-09-25 12:53:37,588 [Datanode State Machine Thread - 0] INFO  ozoneimpl.OzoneContainer (OzoneContainer.java:start(217)) - Attempting to start container services.
2019-09-25 12:53:37,588 [Datanode State Machine Thread - 0] INFO  ozoneimpl.OzoneContainer (OzoneContainer.java:start(217)) - Attempting to start container services.
2019-09-25 12:53:37,588 [Datanode State Machine Thread - 0] INFO  ozoneimpl.OzoneContainer (OzoneContainer.java:startContainerScrub(179)) - Background container scanner has been disabled.
2019-09-25 12:53:37,588 [Datanode State Machine Thread - 0] INFO  ozoneimpl.OzoneContainer (OzoneContainer.java:startContainerScrub(179)) - Background container scanner has been disabled.
2019-09-25 12:53:37,588 [Datanode State Machine Thread - 0] INFO  ratis.XceiverServerRatis (XceiverServerRatis.java:start(411)) - Starting XceiverServerRatis 91e0df8d-aa90-4523-8ab3-ad8e72cea289 at port 0
2019-09-25 12:53:37,588 [Datanode State Machine Thread - 0] INFO  ratis.XceiverServerRatis (XceiverServerRatis.java:start(411)) - Starting XceiverServerRatis 7c87bf37-239f-4076-a225-0ee12d327949 at port 0
2019-09-25 12:53:37,590 [Datanode State Machine Thread - 0] INFO  ozoneimpl.OzoneContainer (OzoneContainer.java:start(217)) - Attempting to start container services.
2019-09-25 12:53:37,590 [Datanode State Machine Thread - 0] INFO  ozoneimpl.OzoneContainer (OzoneContainer.java:startContainerScrub(179)) - Background container scanner has been disabled.
2019-09-25 12:53:37,591 [Datanode State Machine Thread - 0] INFO  ratis.XceiverServerRatis (XceiverServerRatis.java:start(411)) - Starting XceiverServerRatis da22cbcc-9e9c-4f3e-9508-80057178297b at port 0
2019-09-25 12:53:37,611 [Datanode State Machine Thread - 0] INFO  impl.RaftServerProxy (RaftServerProxy.java:lambda$start$3(299)) - 7c87bf37-239f-4076-a225-0ee12d327949: start RPC server
2019-09-25 12:53:37,614 [Datanode State Machine Thread - 0] INFO  impl.RaftServerProxy (RaftServerProxy.java:lambda$start$3(299)) - 91e0df8d-aa90-4523-8ab3-ad8e72cea289: start RPC server
2019-09-25 12:53:37,614 [Datanode State Machine Thread - 0] INFO  impl.RaftServerProxy (RaftServerProxy.java:lambda$start$3(299)) - da22cbcc-9e9c-4f3e-9508-80057178297b: start RPC server
2019-09-25 12:53:37,614 [Datanode State Machine Thread - 0] INFO  server.GrpcService (GrpcService.java:startImpl(158)) - 7c87bf37-239f-4076-a225-0ee12d327949: GrpcService started, listening on 0.0.0.0/0.0.0.0:33897
2019-09-25 12:53:37,614 [Datanode State Machine Thread - 0] INFO  ratis.XceiverServerRatis (XceiverServerRatis.java:start(421)) - XceiverServerRatis 7c87bf37-239f-4076-a225-0ee12d327949 is started using port 33897
2019-09-25 12:53:37,617 [Datanode State Machine Thread - 0] INFO  server.GrpcService (GrpcService.java:startImpl(158)) - 91e0df8d-aa90-4523-8ab3-ad8e72cea289: GrpcService started, listening on 0.0.0.0/0.0.0.0:38313
2019-09-25 12:53:37,618 [Datanode State Machine Thread - 0] INFO  ratis.XceiverServerRatis (XceiverServerRatis.java:start(421)) - XceiverServerRatis 91e0df8d-aa90-4523-8ab3-ad8e72cea289 is started using port 38313
2019-09-25 12:53:37,619 [Datanode State Machine Thread - 0] INFO  server.XceiverServerGrpc (XceiverServerGrpc.java:start(149)) - XceiverServerGrpc 7c87bf37-239f-4076-a225-0ee12d327949 is started using port 33878
2019-09-25 12:53:37,618 [Datanode State Machine Thread - 0] INFO  server.GrpcService (GrpcService.java:startImpl(158)) - da22cbcc-9e9c-4f3e-9508-80057178297b: GrpcService started, listening on 0.0.0.0/0.0.0.0:36139
2019-09-25 12:53:37,619 [Datanode State Machine Thread - 0] INFO  ratis.XceiverServerRatis (XceiverServerRatis.java:start(421)) - XceiverServerRatis da22cbcc-9e9c-4f3e-9508-80057178297b is started using port 36139
2019-09-25 12:53:37,619 [Datanode State Machine Thread - 0] INFO  server.XceiverServerGrpc (XceiverServerGrpc.java:start(149)) - XceiverServerGrpc 91e0df8d-aa90-4523-8ab3-ad8e72cea289 is started using port 35428
2019-09-25 12:53:37,623 [Datanode State Machine Thread - 0] INFO  server.XceiverServerGrpc (XceiverServerGrpc.java:start(149)) - XceiverServerGrpc da22cbcc-9e9c-4f3e-9508-80057178297b is started using port 32898
2019-09-25 12:53:38,577 [Thread-1073] INFO  ozone.MiniOzoneClusterImpl (MiniOzoneClusterImpl.java:lambda$waitForClusterToBeReady$0(147)) - Waiting for cluster to be ready. Got 0 of 3 DN Heartbeats.
2019-09-25 12:53:39,429 [IPC Server handler 0 on 46020] INFO  net.NetworkTopology (NetworkTopologyImpl.java:add(111)) - Added a new node: /default-rack/7c87bf37-239f-4076-a225-0ee12d327949
2019-09-25 12:53:39,431 [IPC Server handler 0 on 46020] INFO  node.SCMNodeManager (SCMNodeManager.java:register(266)) - Registered Data node : 7c87bf37-239f-4076-a225-0ee12d327949{ip: 192.168.151.73, host: pr-hdds-1569-shd4m-3693607622, networkLocation: /default-rack, certSerialId: null}
2019-09-25 12:53:39,432 [EventQueue-NodeRegistrationContainerReportForDataNodeSafeModeRule] INFO  safemode.SCMSafeModeManager (DataNodeSafeModeRule.java:process(71)) - SCM in safe mode. 1 DataNodes registered, 1 required.
2019-09-25 12:53:39,434 [EventQueue-NodeRegistrationContainerReportForDataNodeSafeModeRule] INFO  safemode.SCMSafeModeManager (SCMSafeModeManager.java:validateSafeModeExitRules(177)) - ScmSafeModeManager, all rules are successfully validated
2019-09-25 12:53:39,434 [EventQueue-NodeRegistrationContainerReportForDataNodeSafeModeRule] INFO  safemode.SCMSafeModeManager (SCMSafeModeManager.java:exitSafeMode(193)) - SCM exiting safe mode.
2019-09-25 12:53:39,446 [grpc-default-executor-0] INFO  impl.RaftServerProxy (RaftServerProxy.java:addNew(89)) - 7c87bf37-239f-4076-a225-0ee12d327949: addNew group-A7B0FA178A08:[7c87bf37-239f-4076-a225-0ee12d327949:192.168.151.73:33897] returns group-A7B0FA178A08:java.util.concurrent.CompletableFuture@24ef277a[Not completed]
2019-09-25 12:53:39,448 [pool-227-thread-1] INFO  impl.RaftServerImpl (RaftServerImpl.java:<init>(95)) - 7c87bf37-239f-4076-a225-0ee12d327949: new RaftServerImpl for group-A7B0FA178A08:[7c87bf37-239f-4076-a225-0ee12d327949:192.168.151.73:33897] with ContainerStateMachine:uninitialized
2019-09-25 12:53:39,449 [pool-227-thread-1] INFO  server.RaftServerConfigKeys (ConfUtils.java:logGet(43)) - raft.server.rpc.timeout.min = 5s (custom)
2019-09-25 12:53:39,449 [pool-227-thread-1] INFO  server.RaftServerConfigKeys (ConfUtils.java:logGet(43)) - raft.server.rpc.timeout.max = 5200ms (custom)
2019-09-25 12:53:39,449 [pool-227-thread-1] INFO  server.RaftServerConfigKeys (ConfUtils.java:logGet(43)) - raft.server.rpcslowness.timeout = 120s (custom)
2019-09-25 12:53:39,449 [pool-227-thread-1] INFO  server.RaftServerConfigKeys (ConfUtils.java:logGet(43)) - raft.server.sleep.deviation.threshold = 300 (default)
2019-09-25 12:53:39,449 [pool-227-thread-1] INFO  server.RaftServerConfigKeys (ConfUtils.java:logGet(43)) - raft.server.log.appender.install.snapshot.enabled = false (custom)
2019-09-25 12:53:39,449 [pool-227-thread-1] INFO  impl.RaftServerImpl (ServerState.java:<init>(103)) - 7c87bf37-239f-4076-a225-0ee12d327949@group-A7B0FA178A08: ConfigurationManager, init=-1: [7c87bf37-239f-4076-a225-0ee12d327949:192.168.151.73:33897], old=null, confs=<EMPTY_MAP>
2019-09-25 12:53:39,450 [pool-227-thread-1] INFO  server.RaftServerConfigKeys (ConfUtils.java:logGet(43)) - raft.server.storage.dir = [/workdir/hadoop-ozone/ozonefs/target/test-dir/MiniOzoneClusterImpl-8d8fabca-1d4e-4b07-acaa-462c274cc386/datanode-0/data/ratis] (custom)
2019-09-25 12:53:39,450 [pool-227-thread-1] INFO  storage.RaftStorageDirectory (RaftStorageDirectory.java:analyzeStorage(246)) - The storage directory /workdir/hadoop-ozone/ozonefs/target/test-dir/MiniOzoneClusterImpl-8d8fabca-1d4e-4b07-acaa-462c274cc386/datanode-0/data/ratis/1201f3d7-8d41-44d4-b0c9-a7b0fa178a08 does not exist. Creating ...
2019-09-25 12:53:39,474 [pool-227-thread-1] INFO  storage.RaftStorageDirectory (RaftStorageDirectory.java:tryLock(328)) - Lock on /workdir/hadoop-ozone/ozonefs/target/test-dir/MiniOzoneClusterImpl-8d8fabca-1d4e-4b07-acaa-462c274cc386/datanode-0/data/ratis/1201f3d7-8d41-44d4-b0c9-a7b0fa178a08/in_use.lock acquired by nodename 3512@pr-hdds-1569-shd4m-3693607622
2019-09-25 12:53:39,497 [pool-227-thread-1] INFO  storage.RaftStorage (RaftStorage.java:format(72)) - Storage directory /workdir/hadoop-ozone/ozonefs/target/test-dir/MiniOzoneClusterImpl-8d8fabca-1d4e-4b07-acaa-462c274cc386/datanode-0/data/ratis/1201f3d7-8d41-44d4-b0c9-a7b0fa178a08 has been successfully formatted.
2019-09-25 12:53:39,498 [pool-227-thread-1] INFO  ratis.ContainerStateMachine (ContainerStateMachine.java:loadSnapshot(230)) - group-A7B0FA178A08: The snapshot info is null. Setting the last applied indexto:(t:0, i:~)
2019-09-25 12:53:39,498 [pool-227-thread-1] INFO  server.RaftServerConfigKeys (ConfUtils.java:logGet(43)) - raft.server.notification.no-leader.timeout = 120s (custom)
2019-09-25 12:53:39,498 [pool-227-thread-1] INFO  server.RaftServerConfigKeys (ConfUtils.java:logGet(43)) - raft.server.log.use.memory = false (default)
2019-09-25 12:53:39,498 [pool-227-thread-1] INFO  server.RaftServerConfigKeys (ConfUtils.java:logGet(43)) - raft.server.log.purge.gap = 1000000 (custom)
2019-09-25 12:53:39,498 [pool-227-thread-1] INFO  server.RaftServerConfigKeys (ConfUtils.java:logGet(43)) - raft.server.log.appender.buffer.byte-limit = 33554432 (custom)
2019-09-25 12:53:39,498 [pool-227-thread-1] INFO  server.RaftServerConfigKeys (ConfUtils.java:logGet(43)) - raft.server.log.segment.size.max = 1048576 (custom)
2019-09-25 12:53:39,499 [pool-227-thread-1] INFO  server.RaftServerConfigKeys (ConfUtils.java:logGet(43)) - raft.server.log.segment.cache.num.max = 2 (custom)
2019-09-25 12:53:39,499 [pool-227-thread-1] INFO  segmented.SegmentedRaftLogWorker (SegmentedRaftLogWorker.java:<init>(172)) - new 7c87bf37-239f-4076-a225-0ee12d327949@group-A7B0FA178A08-SegmentedRaftLogWorker for RaftStorage:Storage Directory /workdir/hadoop-ozone/ozonefs/target/test-dir/MiniOzoneClusterImpl-8d8fabca-1d4e-4b07-acaa-462c274cc386/datanode-0/data/ratis/1201f3d7-8d41-44d4-b0c9-a7b0fa178a08
2019-09-25 12:53:39,501 [IPC Server handler 1 on 46020] INFO  net.NetworkTopology (NetworkTopologyImpl.java:add(111)) - Added a new node: /default-rack/91e0df8d-aa90-4523-8ab3-ad8e72cea289
2019-09-25 12:53:39,501 [pool-227-thread-1] INFO  server.RaftServerConfigKeys (ConfUtils.java:logGet(43)) - raft.server.log.queue.byte-limit = 2147483647 (custom)
2019-09-25 12:53:39,501 [IPC Server handler 1 on 46020] INFO  node.SCMNodeManager (SCMNodeManager.java:register(266)) - Registered Data node : 91e0df8d-aa90-4523-8ab3-ad8e72cea289{ip: 192.168.151.73, host: pr-hdds-1569-shd4m-3693607622, networkLocation: /default-rack, certSerialId: null}
2019-09-25 12:53:39,501 [pool-227-thread-1] INFO  server.RaftServerConfigKeys (ConfUtils.java:logGet(43)) - raft.server.log.queue.element-limit = 1024 (custom)
2019-09-25 12:53:39,501 [pool-227-thread-1] INFO  server.RaftServerConfigKeys (ConfUtils.java:logGet(43)) - raft.server.log.segment.size.max = 1048576 (custom)
2019-09-25 12:53:39,502 [pool-227-thread-1] INFO  server.RaftServerConfigKeys (ConfUtils.java:logGet(43)) - raft.server.log.preallocated.size = 16384 (custom)
2019-09-25 12:53:39,502 [pool-227-thread-1] INFO  server.RaftServerConfigKeys (ConfUtils.java:logGet(43)) - raft.server.log.write.buffer.size = 33554432 (custom)
2019-09-25 12:53:39,502 [pool-227-thread-1] INFO  server.RaftServerConfigKeys (ConfUtils.java:logGet(43)) - raft.server.log.force.sync.num = 128 (default)
2019-09-25 12:53:39,502 [pool-227-thread-1] INFO  server.RaftServerConfigKeys (ConfUtils.java:logGet(43)) - raft.server.log.statemachine.data.sync = true (default)
2019-09-25 12:53:39,502 [pool-227-thread-1] INFO  server.RaftServerConfigKeys (ConfUtils.java:logGet(43)) - raft.server.log.statemachine.data.sync.timeout = 10s (default)
2019-09-25 12:53:39,502 [pool-227-thread-1] INFO  server.RaftServerConfigKeys (ConfUtils.java:logGet(43)) - raft.server.log.statemachine.data.sync.timeout.retry = -1 (default)
2019-09-25 12:53:39,502 [pool-227-thread-1] INFO  server.RaftServerConfigKeys (ConfUtils.java:logGet(43)) - raft.server.log.statemachine.data.caching.enabled = true (custom)
2019-09-25 12:53:39,503 [pool-227-thread-1] INFO  segmented.SegmentedRaftLogWorker (SegmentedRaftLogWorker.java:lambda$new$0(132)) - 7c87bf37-239f-4076-a225-0ee12d327949@group-A7B0FA178A08-SegmentedRaftLogWorker: flushIndex: setUnconditionally 0 -> -1
2019-09-25 12:53:39,503 [pool-227-thread-1] INFO  server.RaftServerConfigKeys (ConfUtils.java:logGet(43)) - raft.server.snapshot.auto.trigger.enabled = true (custom)
2019-09-25 12:53:39,503 [pool-227-thread-1] INFO  server.RaftServerConfigKeys (ConfUtils.java:logGet(43)) - raft.server.snapshot.auto.trigger.threshold = 10000 (custom)
2019-09-25 12:53:39,503 [pool-227-thread-1] INFO  server.RaftServerConfigKeys (ConfUtils.java:logGet(43)) - raft.server.snapshot.retention.num.files = 5 (custom)
2019-09-25 12:53:39,503 [pool-227-thread-1] INFO  server.RaftServerConfigKeys (ConfUtils.java:logGet(43)) - raft.server.retrycache.expirytime = 600000ms (custom)
2019-09-25 12:53:39,505 [pool-227-thread-1] INFO  impl.RaftServerImpl (RaftServerImpl.java:start(185)) - 7c87bf37-239f-4076-a225-0ee12d327949@group-A7B0FA178A08: start as a follower, conf=-1: [7c87bf37-239f-4076-a225-0ee12d327949:192.168.151.73:33897], old=null
2019-09-25 12:53:39,505 [pool-227-thread-1] INFO  impl.RaftServerImpl (RaftServerImpl.java:setRole(174)) - 7c87bf37-239f-4076-a225-0ee12d327949@group-A7B0FA178A08: changes role from      null to FOLLOWER at term 0 for startAsFollower
2019-09-25 12:53:39,505 [pool-227-thread-1] INFO  impl.RoleInfo (RoleInfo.java:updateAndGet(143)) - 7c87bf37-239f-4076-a225-0ee12d327949: start FollowerState
2019-09-25 12:53:39,506 [pool-227-thread-1] INFO  util.JmxRegister (JmxRegister.java:tryRegister(44)) - Successfully registered JMX Bean with object name Ratis:service=RaftServer,group=group-A7B0FA178A08,id=7c87bf37-239f-4076-a225-0ee12d327949
2019-09-25 12:53:39,509 [RatisPipelineUtilsThread] INFO  pipeline.PipelineStateManager (PipelineStateManager.java:addPipeline(56)) - Created pipeline Pipeline[ Id: 1201f3d7-8d41-44d4-b0c9-a7b0fa178a08, Nodes: 7c87bf37-239f-4076-a225-0ee12d327949{ip: 192.168.151.73, host: pr-hdds-1569-shd4m-3693607622, networkLocation: /default-rack, certSerialId: null}, Type:RATIS, Factor:ONE, State:OPEN]
2019-09-25 12:53:39,516 [grpc-default-executor-0] INFO  impl.RaftServerProxy (RaftServerProxy.java:addNew(89)) - 7c87bf37-239f-4076-a225-0ee12d327949: addNew group-0DD08ABFC333:[7c87bf37-239f-4076-a225-0ee12d327949:192.168.151.73:33897] returns group-0DD08ABFC333:java.util.concurrent.CompletableFuture@150103af[Not completed]
2019-09-25 12:53:39,517 [pool-227-thread-1] INFO  impl.RaftServerImpl (RaftServerImpl.java:<init>(95)) - 7c87bf37-239f-4076-a225-0ee12d327949: new RaftServerImpl for group-0DD08ABFC333:[7c87bf37-239f-4076-a225-0ee12d327949:192.168.151.73:33897] with ContainerStateMachine:uninitialized
2019-09-25 12:53:39,518 [pool-227-thread-1] INFO  server.RaftServerConfigKeys (ConfUtils.java:logGet(43)) - raft.server.rpc.timeout.min = 5s (custom)
2019-09-25 12:53:39,518 [pool-227-thread-1] INFO  server.RaftServerConfigKeys (ConfUtils.java:logGet(43)) - raft.server.rpc.timeout.max = 5200ms (custom)
2019-09-25 12:53:39,518 [pool-227-thread-1] INFO  server.RaftServerConfigKeys (ConfUtils.java:logGet(43)) - raft.server.rpcslowness.timeout = 120s (custom)
2019-09-25 12:53:39,518 [pool-227-thread-1] INFO  server.RaftServerConfigKeys (ConfUtils.java:logGet(43)) - raft.server.sleep.deviation.threshold = 300 (default)
2019-09-25 12:53:39,518 [pool-227-thread-1] INFO  server.RaftServerConfigKeys (ConfUtils.java:logGet(43)) - raft.server.log.appender.install.snapshot.enabled = false (custom)
2019-09-25 12:53:39,518 [pool-227-thread-1] INFO  impl.RaftServerImpl (ServerState.java:<init>(103)) - 7c87bf37-239f-4076-a225-0ee12d327949@group-0DD08ABFC333: ConfigurationManager, init=-1: [7c87bf37-239f-4076-a225-0ee12d327949:192.168.151.73:33897], old=null, confs=<EMPTY_MAP>
2019-09-25 12:53:39,518 [pool-227-thread-1] INFO  server.RaftServerConfigKeys (ConfUtils.java:logGet(43)) - raft.server.storage.dir = [/workdir/hadoop-ozone/ozonefs/target/test-dir/MiniOzoneClusterImpl-8d8fabca-1d4e-4b07-acaa-462c274cc386/datanode-0/data/ratis] (custom)
2019-09-25 12:53:39,519 [pool-227-thread-1] INFO  storage.RaftStorageDirectory (RaftStorageDirectory.java:analyzeStorage(246)) - The storage directory /workdir/hadoop-ozone/ozonefs/target/test-dir/MiniOzoneClusterImpl-8d8fabca-1d4e-4b07-acaa-462c274cc386/datanode-0/data/ratis/2516ff8d-895a-459d-b57e-0dd08abfc333 does not exist. Creating ...
2019-09-25 12:53:39,542 [pool-227-thread-1] INFO  storage.RaftStorageDirectory (RaftStorageDirectory.java:tryLock(328)) - Lock on /workdir/hadoop-ozone/ozonefs/target/test-dir/MiniOzoneClusterImpl-8d8fabca-1d4e-4b07-acaa-462c274cc386/datanode-0/data/ratis/2516ff8d-895a-459d-b57e-0dd08abfc333/in_use.lock acquired by nodename 3512@pr-hdds-1569-shd4m-3693607622
2019-09-25 12:53:39,565 [pool-227-thread-1] INFO  storage.RaftStorage (RaftStorage.java:format(72)) - Storage directory /workdir/hadoop-ozone/ozonefs/target/test-dir/MiniOzoneClusterImpl-8d8fabca-1d4e-4b07-acaa-462c274cc386/datanode-0/data/ratis/2516ff8d-895a-459d-b57e-0dd08abfc333 has been successfully formatted.
2019-09-25 12:53:39,565 [pool-227-thread-1] INFO  ratis.ContainerStateMachine (ContainerStateMachine.java:loadSnapshot(230)) - group-0DD08ABFC333: The snapshot info is null. Setting the last applied indexto:(t:0, i:~)
2019-09-25 12:53:39,566 [pool-227-thread-1] INFO  server.RaftServerConfigKeys (ConfUtils.java:logGet(43)) - raft.server.notification.no-leader.timeout = 120s (custom)
2019-09-25 12:53:39,566 [pool-227-thread-1] INFO  server.RaftServerConfigKeys (ConfUtils.java:logGet(43)) - raft.server.log.use.memory = false (default)
2019-09-25 12:53:39,566 [pool-227-thread-1] INFO  server.RaftServerConfigKeys (ConfUtils.java:logGet(43)) - raft.server.log.purge.gap = 1000000 (custom)
2019-09-25 12:53:39,566 [pool-227-thread-1] INFO  server.RaftServerConfigKeys (ConfUtils.java:logGet(43)) - raft.server.log.appender.buffer.byte-limit = 33554432 (custom)
2019-09-25 12:53:39,566 [pool-227-thread-1] INFO  server.RaftServerConfigKeys (ConfUtils.java:logGet(43)) - raft.server.log.segment.size.max = 1048576 (custom)
2019-09-25 12:53:39,567 [pool-227-thread-1] INFO  server.RaftServerConfigKeys (ConfUtils.java:logGet(43)) - raft.server.log.segment.cache.num.max = 2 (custom)
2019-09-25 12:53:39,567 [pool-227-thread-1] INFO  segmented.SegmentedRaftLogWorker (SegmentedRaftLogWorker.java:<init>(172)) - new 7c87bf37-239f-4076-a225-0ee12d327949@group-0DD08ABFC333-SegmentedRaftLogWorker for RaftStorage:Storage Directory /workdir/hadoop-ozone/ozonefs/target/test-dir/MiniOzoneClusterImpl-8d8fabca-1d4e-4b07-acaa-462c274cc386/datanode-0/data/ratis/2516ff8d-895a-459d-b57e-0dd08abfc333
2019-09-25 12:53:39,567 [pool-227-thread-1] INFO  server.RaftServerConfigKeys (ConfUtils.java:logGet(43)) - raft.server.log.queue.byte-limit = 2147483647 (custom)
2019-09-25 12:53:39,567 [pool-227-thread-1] INFO  server.RaftServerConfigKeys (ConfUtils.java:logGet(43)) - raft.server.log.queue.element-limit = 1024 (custom)
2019-09-25 12:53:39,567 [pool-227-thread-1] INFO  server.RaftServerConfigKeys (ConfUtils.java:logGet(43)) - raft.server.log.segment.size.max = 1048576 (custom)
2019-09-25 12:53:39,568 [pool-227-thread-1] INFO  server.RaftServerConfigKeys (ConfUtils.java:logGet(43)) - raft.server.log.preallocated.size = 16384 (custom)
2019-09-25 12:53:39,568 [pool-227-thread-1] INFO  server.RaftServerConfigKeys (ConfUtils.java:logGet(43)) - raft.server.log.write.buffer.size = 33554432 (custom)
2019-09-25 12:53:39,568 [pool-227-thread-1] INFO  server.RaftServerConfigKeys (ConfUtils.java:logGet(43)) - raft.server.log.force.sync.num = 128 (default)
2019-09-25 12:53:39,568 [pool-227-thread-1] INFO  server.RaftServerConfigKeys (ConfUtils.java:logGet(43)) - raft.server.log.statemachine.data.sync = true (default)
2019-09-25 12:53:39,568 [pool-227-thread-1] INFO  server.RaftServerConfigKeys (ConfUtils.java:logGet(43)) - raft.server.log.statemachine.data.sync.timeout = 10s (default)
2019-09-25 12:53:39,568 [pool-227-thread-1] INFO  server.RaftServerConfigKeys (ConfUtils.java:logGet(43)) - raft.server.log.statemachine.data.sync.timeout.retry = -1 (default)
2019-09-25 12:53:39,569 [pool-227-thread-1] INFO  server.RaftServerConfigKeys (ConfUtils.java:logGet(43)) - raft.server.log.statemachine.data.caching.enabled = true (custom)
2019-09-25 12:53:39,569 [pool-227-thread-1] INFO  segmented.SegmentedRaftLogWorker (SegmentedRaftLogWorker.java:lambda$new$0(132)) - 7c87bf37-239f-4076-a225-0ee12d327949@group-0DD08ABFC333-SegmentedRaftLogWorker: flushIndex: setUnconditionally 0 -> -1
2019-09-25 12:53:39,569 [pool-227-thread-1] INFO  server.RaftServerConfigKeys (ConfUtils.java:logGet(43)) - raft.server.snapshot.auto.trigger.enabled = true (custom)
2019-09-25 12:53:39,569 [pool-227-thread-1] INFO  server.RaftServerConfigKeys (ConfUtils.java:logGet(43)) - raft.server.snapshot.auto.trigger.threshold = 10000 (custom)
2019-09-25 12:53:39,570 [pool-227-thread-1] INFO  server.RaftServerConfigKeys (ConfUtils.java:logGet(43)) - raft.server.snapshot.retention.num.files = 5 (custom)
2019-09-25 12:53:39,570 [pool-227-thread-1] INFO  server.RaftServerConfigKeys (ConfUtils.java:logGet(43)) - raft.server.retrycache.expirytime = 600000ms (custom)
2019-09-25 12:53:39,572 [pool-227-thread-1] INFO  impl.RaftServerImpl (RaftServerImpl.java:start(185)) - 7c87bf37-239f-4076-a225-0ee12d327949@group-0DD08ABFC333: start as a follower, conf=-1: [7c87bf37-239f-4076-a225-0ee12d327949:192.168.151.73:33897], old=null
2019-09-25 12:53:39,572 [pool-227-thread-1] INFO  impl.RaftServerImpl (RaftServerImpl.java:setRole(174)) - 7c87bf37-239f-4076-a225-0ee12d327949@group-0DD08ABFC333: changes role from      null to FOLLOWER at term 0 for startAsFollower
2019-09-25 12:53:39,572 [pool-227-thread-1] INFO  impl.RoleInfo (RoleInfo.java:updateAndGet(143)) - 7c87bf37-239f-4076-a225-0ee12d327949: start FollowerState
2019-09-25 12:53:39,572 [pool-227-thread-1] INFO  util.JmxRegister (JmxRegister.java:tryRegister(44)) - Successfully registered JMX Bean with object name Ratis:service=RaftServer,group=group-0DD08ABFC333,id=7c87bf37-239f-4076-a225-0ee12d327949
2019-09-25 12:53:39,576 [RatisPipelineUtilsThread] INFO  pipeline.PipelineStateManager (PipelineStateManager.java:addPipeline(56)) - Created pipeline Pipeline[ Id: 2516ff8d-895a-459d-b57e-0dd08abfc333, Nodes: 7c87bf37-239f-4076-a225-0ee12d327949{ip: 192.168.151.73, host: pr-hdds-1569-shd4m-3693607622, networkLocation: /default-rack, certSerialId: null}, Type:RATIS, Factor:ONE, State:OPEN]
2019-09-25 12:53:39,578 [Thread-1073] INFO  ozone.MiniOzoneClusterImpl (MiniOzoneClusterImpl.java:lambda$waitForClusterToBeReady$0(147)) - Waiting for cluster to be ready. Got 2 of 3 DN Heartbeats.
2019-09-25 12:53:39,579 [IPC Server handler 2 on 46020] INFO  net.NetworkTopology (NetworkTopologyImpl.java:add(111)) - Added a new node: /default-rack/da22cbcc-9e9c-4f3e-9508-80057178297b
2019-09-25 12:53:39,579 [IPC Server handler 2 on 46020] INFO  node.SCMNodeManager (SCMNodeManager.java:register(266)) - Registered Data node : da22cbcc-9e9c-4f3e-9508-80057178297b{ip: 192.168.151.73, host: pr-hdds-1569-shd4m-3693607622, networkLocation: /default-rack, certSerialId: null}
2019-09-25 12:53:39,582 [grpc-default-executor-0] INFO  impl.RaftServerProxy (RaftServerProxy.java:addNew(89)) - 7c87bf37-239f-4076-a225-0ee12d327949: addNew group-D53BBC88E924:[7c87bf37-239f-4076-a225-0ee12d327949:192.168.151.73:33897] returns group-D53BBC88E924:java.util.concurrent.CompletableFuture@44c0d835[Not completed]
2019-09-25 12:53:39,584 [pool-227-thread-1] INFO  impl.RaftServerImpl (RaftServerImpl.java:<init>(95)) - 7c87bf37-239f-4076-a225-0ee12d327949: new RaftServerImpl for group-D53BBC88E924:[7c87bf37-239f-4076-a225-0ee12d327949:192.168.151.73:33897] with ContainerStateMachine:uninitialized
2019-09-25 12:53:39,584 [pool-227-thread-1] INFO  server.RaftServerConfigKeys (ConfUtils.java:logGet(43)) - raft.server.rpc.timeout.min = 5s (custom)
2019-09-25 12:53:39,584 [pool-227-thread-1] INFO  server.RaftServerConfigKeys (ConfUtils.java:logGet(43)) - raft.server.rpc.timeout.max = 5200ms (custom)
2019-09-25 12:53:39,584 [pool-227-thread-1] INFO  server.RaftServerConfigKeys (ConfUtils.java:logGet(43)) - raft.server.rpcslowness.timeout = 120s (custom)
2019-09-25 12:53:39,585 [pool-227-thread-1] INFO  server.RaftServerConfigKeys (ConfUtils.java:logGet(43)) - raft.server.sleep.deviation.threshold = 300 (default)
2019-09-25 12:53:39,585 [pool-227-thread-1] INFO  server.RaftServerConfigKeys (ConfUtils.java:logGet(43)) - raft.server.log.appender.install.snapshot.enabled = false (custom)
2019-09-25 12:53:39,585 [pool-227-thread-1] INFO  impl.RaftServerImpl (ServerState.java:<init>(103)) - 7c87bf37-239f-4076-a225-0ee12d327949@group-D53BBC88E924: ConfigurationManager, init=-1: [7c87bf37-239f-4076-a225-0ee12d327949:192.168.151.73:33897], old=null, confs=<EMPTY_MAP>
2019-09-25 12:53:39,585 [pool-227-thread-1] INFO  server.RaftServerConfigKeys (ConfUtils.java:logGet(43)) - raft.server.storage.dir = [/workdir/hadoop-ozone/ozonefs/target/test-dir/MiniOzoneClusterImpl-8d8fabca-1d4e-4b07-acaa-462c274cc386/datanode-0/data/ratis] (custom)
2019-09-25 12:53:39,585 [pool-227-thread-1] INFO  storage.RaftStorageDirectory (RaftStorageDirectory.java:analyzeStorage(246)) - The storage directory /workdir/hadoop-ozone/ozonefs/target/test-dir/MiniOzoneClusterImpl-8d8fabca-1d4e-4b07-acaa-462c274cc386/datanode-0/data/ratis/484aa090-0f9b-497f-86a9-d53bbc88e924 does not exist. Creating ...
2019-09-25 12:53:39,608 [pool-227-thread-1] INFO  storage.RaftStorageDirectory (RaftStorageDirectory.java:tryLock(328)) - Lock on /workdir/hadoop-ozone/ozonefs/target/test-dir/MiniOzoneClusterImpl-8d8fabca-1d4e-4b07-acaa-462c274cc386/datanode-0/data/ratis/484aa090-0f9b-497f-86a9-d53bbc88e924/in_use.lock acquired by nodename 3512@pr-hdds-1569-shd4m-3693607622
2019-09-25 12:53:39,631 [pool-227-thread-1] INFO  storage.RaftStorage (RaftStorage.java:format(72)) - Storage directory /workdir/hadoop-ozone/ozonefs/target/test-dir/MiniOzoneClusterImpl-8d8fabca-1d4e-4b07-acaa-462c274cc386/datanode-0/data/ratis/484aa090-0f9b-497f-86a9-d53bbc88e924 has been successfully formatted.
2019-09-25 12:53:39,632 [pool-227-thread-1] INFO  ratis.ContainerStateMachine (ContainerStateMachine.java:loadSnapshot(230)) - group-D53BBC88E924: The snapshot info is null. Setting the last applied indexto:(t:0, i:~)
2019-09-25 12:53:39,632 [pool-227-thread-1] INFO  server.RaftServerConfigKeys (ConfUtils.java:logGet(43)) - raft.server.notification.no-leader.timeout = 120s (custom)
2019-09-25 12:53:39,632 [pool-227-thread-1] INFO  server.RaftServerConfigKeys (ConfUtils.java:logGet(43)) - raft.server.log.use.memory = false (default)
2019-09-25 12:53:39,632 [pool-227-thread-1] INFO  server.RaftServerConfigKeys (ConfUtils.java:logGet(43)) - raft.server.log.purge.gap = 1000000 (custom)
2019-09-25 12:53:39,632 [pool-227-thread-1] INFO  server.RaftServerConfigKeys (ConfUtils.java:logGet(43)) - raft.server.log.appender.buffer.byte-limit = 33554432 (custom)
2019-09-25 12:53:39,633 [pool-227-thread-1] INFO  server.RaftServerConfigKeys (ConfUtils.java:logGet(43)) - raft.server.log.segment.size.max = 1048576 (custom)
2019-09-25 12:53:39,633 [pool-227-thread-1] INFO  server.RaftServerConfigKeys (ConfUtils.java:logGet(43)) - raft.server.log.segment.cache.num.max = 2 (custom)
2019-09-25 12:53:39,633 [pool-227-thread-1] INFO  segmented.SegmentedRaftLogWorker (SegmentedRaftLogWorker.java:<init>(172)) - new 7c87bf37-239f-4076-a225-0ee12d327949@group-D53BBC88E924-SegmentedRaftLogWorker for RaftStorage:Storage Directory /workdir/hadoop-ozone/ozonefs/target/test-dir/MiniOzoneClusterImpl-8d8fabca-1d4e-4b07-acaa-462c274cc386/datanode-0/data/ratis/484aa090-0f9b-497f-86a9-d53bbc88e924
2019-09-25 12:53:39,633 [pool-227-thread-1] INFO  server.RaftServerConfigKeys (ConfUtils.java:logGet(43)) - raft.server.log.queue.byte-limit = 2147483647 (custom)
2019-09-25 12:53:39,633 [pool-227-thread-1] INFO  server.RaftServerConfigKeys (ConfUtils.java:logGet(43)) - raft.server.log.queue.element-limit = 1024 (custom)
2019-09-25 12:53:39,633 [pool-227-thread-1] INFO  server.RaftServerConfigKeys (ConfUtils.java:logGet(43)) - raft.server.log.segment.size.max = 1048576 (custom)
2019-09-25 12:53:39,634 [pool-227-thread-1] INFO  server.RaftServerConfigKeys (ConfUtils.java:logGet(43)) - raft.server.log.preallocated.size = 16384 (custom)
2019-09-25 12:53:39,634 [pool-227-thread-1] INFO  server.RaftServerConfigKeys (ConfUtils.java:logGet(43)) - raft.server.log.write.buffer.size = 33554432 (custom)
2019-09-25 12:53:39,634 [pool-227-thread-1] INFO  server.RaftServerConfigKeys (ConfUtils.java:logGet(43)) - raft.server.log.force.sync.num = 128 (default)
2019-09-25 12:53:39,634 [pool-227-thread-1] INFO  server.RaftServerConfigKeys (ConfUtils.java:logGet(43)) - raft.server.log.statemachine.data.sync = true (default)
2019-09-25 12:53:39,634 [pool-227-thread-1] INFO  server.RaftServerConfigKeys (ConfUtils.java:logGet(43)) - raft.server.log.statemachine.data.sync.timeout = 10s (default)
2019-09-25 12:53:39,634 [pool-227-thread-1] INFO  server.RaftServerConfigKeys (ConfUtils.java:logGet(43)) - raft.server.log.statemachine.data.sync.timeout.retry = -1 (default)
2019-09-25 12:53:39,635 [pool-227-thread-1] INFO  server.RaftServerConfigKeys (ConfUtils.java:logGet(43)) - raft.server.log.statemachine.data.caching.enabled = true (custom)
2019-09-25 12:53:39,635 [pool-227-thread-1] INFO  segmented.SegmentedRaftLogWorker (SegmentedRaftLogWorker.java:lambda$new$0(132)) - 7c87bf37-239f-4076-a225-0ee12d327949@group-D53BBC88E924-SegmentedRaftLogWorker: flushIndex: setUnconditionally 0 -> -1
2019-09-25 12:53:39,635 [pool-227-thread-1] INFO  server.RaftServerConfigKeys (ConfUtils.java:logGet(43)) - raft.server.snapshot.auto.trigger.enabled = true (custom)
2019-09-25 12:53:39,635 [pool-227-thread-1] INFO  server.RaftServerConfigKeys (ConfUtils.java:logGet(43)) - raft.server.snapshot.auto.trigger.threshold = 10000 (custom)
2019-09-25 12:53:39,635 [pool-227-thread-1] INFO  server.RaftServerConfigKeys (ConfUtils.java:logGet(43)) - raft.server.snapshot.retention.num.files = 5 (custom)
2019-09-25 12:53:39,636 [pool-227-thread-1] INFO  server.RaftServerConfigKeys (ConfUtils.java:logGet(43)) - raft.server.retrycache.expirytime = 600000ms (custom)
2019-09-25 12:53:39,638 [pool-227-thread-1] INFO  impl.RaftServerImpl (RaftServerImpl.java:start(185)) - 7c87bf37-239f-4076-a225-0ee12d327949@group-D53BBC88E924: start as a follower, conf=-1: [7c87bf37-239f-4076-a225-0ee12d327949:192.168.151.73:33897], old=null
2019-09-25 12:53:39,638 [pool-227-thread-1] INFO  impl.RaftServerImpl (RaftServerImpl.java:setRole(174)) - 7c87bf37-239f-4076-a225-0ee12d327949@group-D53BBC88E924: changes role from      null to FOLLOWER at term 0 for startAsFollower
2019-09-25 12:53:39,638 [pool-227-thread-1] INFO  impl.RoleInfo (RoleInfo.java:updateAndGet(143)) - 7c87bf37-239f-4076-a225-0ee12d327949: start FollowerState
2019-09-25 12:53:39,639 [pool-227-thread-1] INFO  util.JmxRegister (JmxRegister.java:tryRegister(44)) - Successfully registered JMX Bean with object name Ratis:service=RaftServer,group=group-D53BBC88E924,id=7c87bf37-239f-4076-a225-0ee12d327949
2019-09-25 12:53:39,642 [RatisPipelineUtilsThread] INFO  pipeline.PipelineStateManager (PipelineStateManager.java:addPipeline(56)) - Created pipeline Pipeline[ Id: 484aa090-0f9b-497f-86a9-d53bbc88e924, Nodes: 7c87bf37-239f-4076-a225-0ee12d327949{ip: 192.168.151.73, host: pr-hdds-1569-shd4m-3693607622, networkLocation: /default-rack, certSerialId: null}, Type:RATIS, Factor:ONE, State:OPEN]
2019-09-25 12:53:39,647 [grpc-default-executor-0] INFO  impl.RaftServerProxy (RaftServerProxy.java:addNew(89)) - 7c87bf37-239f-4076-a225-0ee12d327949: addNew group-43E4009F0254:[7c87bf37-239f-4076-a225-0ee12d327949:192.168.151.73:33897] returns group-43E4009F0254:java.util.concurrent.CompletableFuture@5496e6bb[Not completed]
2019-09-25 12:53:39,648 [pool-227-thread-1] INFO  impl.RaftServerImpl (RaftServerImpl.java:<init>(95)) - 7c87bf37-239f-4076-a225-0ee12d327949: new RaftServerImpl for group-43E4009F0254:[7c87bf37-239f-4076-a225-0ee12d327949:192.168.151.73:33897] with ContainerStateMachine:uninitialized
2019-09-25 12:53:39,649 [pool-227-thread-1] INFO  server.RaftServerConfigKeys (ConfUtils.java:logGet(43)) - raft.server.rpc.timeout.min = 5s (custom)
2019-09-25 12:53:39,649 [pool-227-thread-1] INFO  server.RaftServerConfigKeys (ConfUtils.java:logGet(43)) - raft.server.rpc.timeout.max = 5200ms (custom)
2019-09-25 12:53:39,649 [pool-227-thread-1] INFO  server.RaftServerConfigKeys (ConfUtils.java:logGet(43)) - raft.server.rpcslowness.timeout = 120s (custom)
2019-09-25 12:53:39,649 [pool-227-thread-1] INFO  server.RaftServerConfigKeys (ConfUtils.java:logGet(43)) - raft.server.sleep.deviation.threshold = 300 (default)
2019-09-25 12:53:39,649 [pool-227-thread-1] INFO  server.RaftServerConfigKeys (ConfUtils.java:logGet(43)) - raft.server.log.appender.install.snapshot.enabled = false (custom)
2019-09-25 12:53:39,649 [pool-227-thread-1] INFO  impl.RaftServerImpl (ServerState.java:<init>(103)) - 7c87bf37-239f-4076-a225-0ee12d327949@group-43E4009F0254: ConfigurationManager, init=-1: [7c87bf37-239f-4076-a225-0ee12d327949:192.168.151.73:33897], old=null, confs=<EMPTY_MAP>
2019-09-25 12:53:39,649 [pool-227-thread-1] INFO  server.RaftServerConfigKeys (ConfUtils.java:logGet(43)) - raft.server.storage.dir = [/workdir/hadoop-ozone/ozonefs/target/test-dir/MiniOzoneClusterImpl-8d8fabca-1d4e-4b07-acaa-462c274cc386/datanode-0/data/ratis] (custom)
2019-09-25 12:53:39,649 [pool-227-thread-1] INFO  storage.RaftStorageDirectory (RaftStorageDirectory.java:analyzeStorage(246)) - The storage directory /workdir/hadoop-ozone/ozonefs/target/test-dir/MiniOzoneClusterImpl-8d8fabca-1d4e-4b07-acaa-462c274cc386/datanode-0/data/ratis/eb33a259-01e0-4164-8711-43e4009f0254 does not exist. Creating ...
2019-09-25 12:53:39,663 [pool-227-thread-1] INFO  storage.RaftStorageDirectory (RaftStorageDirectory.java:tryLock(328)) - Lock on /workdir/hadoop-ozone/ozonefs/target/test-dir/MiniOzoneClusterImpl-8d8fabca-1d4e-4b07-acaa-462c274cc386/datanode-0/data/ratis/eb33a259-01e0-4164-8711-43e4009f0254/in_use.lock acquired by nodename 3512@pr-hdds-1569-shd4m-3693607622
2019-09-25 12:53:39,675 [pool-227-thread-1] INFO  storage.RaftStorage (RaftStorage.java:format(72)) - Storage directory /workdir/hadoop-ozone/ozonefs/target/test-dir/MiniOzoneClusterImpl-8d8fabca-1d4e-4b07-acaa-462c274cc386/datanode-0/data/ratis/eb33a259-01e0-4164-8711-43e4009f0254 has been successfully formatted.
2019-09-25 12:53:39,675 [pool-227-thread-1] INFO  ratis.ContainerStateMachine (ContainerStateMachine.java:loadSnapshot(230)) - group-43E4009F0254: The snapshot info is null. Setting the last applied indexto:(t:0, i:~)
2019-09-25 12:53:39,676 [pool-227-thread-1] INFO  server.RaftServerConfigKeys (ConfUtils.java:logGet(43)) - raft.server.notification.no-leader.timeout = 120s (custom)
2019-09-25 12:53:39,676 [pool-227-thread-1] INFO  server.RaftServerConfigKeys (ConfUtils.java:logGet(43)) - raft.server.log.use.memory = false (default)
2019-09-25 12:53:39,676 [pool-227-thread-1] INFO  server.RaftServerConfigKeys (ConfUtils.java:logGet(43)) - raft.server.log.purge.gap = 1000000 (custom)
2019-09-25 12:53:39,676 [pool-227-thread-1] INFO  server.RaftServerConfigKeys (ConfUtils.java:logGet(43)) - raft.server.log.appender.buffer.byte-limit = 33554432 (custom)
2019-09-25 12:53:39,676 [pool-227-thread-1] INFO  server.RaftServerConfigKeys (ConfUtils.java:logGet(43)) - raft.server.log.segment.size.max = 1048576 (custom)
2019-09-25 12:53:39,676 [pool-227-thread-1] INFO  server.RaftServerConfigKeys (ConfUtils.java:logGet(43)) - raft.server.log.segment.cache.num.max = 2 (custom)
2019-09-25 12:53:39,676 [pool-227-thread-1] INFO  segmented.SegmentedRaftLogWorker (SegmentedRaftLogWorker.java:<init>(172)) - new 7c87bf37-239f-4076-a225-0ee12d327949@group-43E4009F0254-SegmentedRaftLogWorker for RaftStorage:Storage Directory /workdir/hadoop-ozone/ozonefs/target/test-dir/MiniOzoneClusterImpl-8d8fabca-1d4e-4b07-acaa-462c274cc386/datanode-0/data/ratis/eb33a259-01e0-4164-8711-43e4009f0254
2019-09-25 12:53:39,676 [pool-227-thread-1] INFO  server.RaftServerConfigKeys (ConfUtils.java:logGet(43)) - raft.server.log.queue.byte-limit = 2147483647 (custom)
2019-09-25 12:53:39,676 [pool-227-thread-1] INFO  server.RaftServerConfigKeys (ConfUtils.java:logGet(43)) - raft.server.log.queue.element-limit = 1024 (custom)
2019-09-25 12:53:39,677 [pool-227-thread-1] INFO  server.RaftServerConfigKeys (ConfUtils.java:logGet(43)) - raft.server.log.segment.size.max = 1048576 (custom)
2019-09-25 12:53:39,677 [pool-227-thread-1] INFO  server.RaftServerConfigKeys (ConfUtils.java:logGet(43)) - raft.server.log.preallocated.size = 16384 (custom)
2019-09-25 12:53:39,677 [pool-227-thread-1] INFO  server.RaftServerConfigKeys (ConfUtils.java:logGet(43)) - raft.server.log.write.buffer.size = 33554432 (custom)
2019-09-25 12:53:39,677 [pool-227-thread-1] INFO  server.RaftServerConfigKeys (ConfUtils.java:logGet(43)) - raft.server.log.force.sync.num = 128 (default)
2019-09-25 12:53:39,677 [pool-227-thread-1] INFO  server.RaftServerConfigKeys (ConfUtils.java:logGet(43)) - raft.server.log.statemachine.data.sync = true (default)
2019-09-25 12:53:39,677 [pool-227-thread-1] INFO  server.RaftServerConfigKeys (ConfUtils.java:logGet(43)) - raft.server.log.statemachine.data.sync.timeout = 10s (default)
2019-09-25 12:53:39,677 [pool-227-thread-1] INFO  server.RaftServerConfigKeys (ConfUtils.java:logGet(43)) - raft.server.log.statemachine.data.sync.timeout.retry = -1 (default)
2019-09-25 12:53:39,677 [pool-227-thread-1] INFO  server.RaftServerConfigKeys (ConfUtils.java:logGet(43)) - raft.server.log.statemachine.data.caching.enabled = true (custom)
2019-09-25 12:53:39,678 [pool-227-thread-1] INFO  segmented.SegmentedRaftLogWorker (SegmentedRaftLogWorker.java:lambda$new$0(132)) - 7c87bf37-239f-4076-a225-0ee12d327949@group-43E4009F0254-SegmentedRaftLogWorker: flushIndex: setUnconditionally 0 -> -1
2019-09-25 12:53:39,678 [pool-227-thread-1] INFO  server.RaftServerConfigKeys (ConfUtils.java:logGet(43)) - raft.server.snapshot.auto.trigger.enabled = true (custom)
2019-09-25 12:53:39,678 [pool-227-thread-1] INFO  server.RaftServerConfigKeys (ConfUtils.java:logGet(43)) - raft.server.snapshot.auto.trigger.threshold = 10000 (custom)
2019-09-25 12:53:39,678 [pool-227-thread-1] INFO  server.RaftServerConfigKeys (ConfUtils.java:logGet(43)) - raft.server.snapshot.retention.num.files = 5 (custom)
2019-09-25 12:53:39,678 [pool-227-thread-1] INFO  server.RaftServerConfigKeys (ConfUtils.java:logGet(43)) - raft.server.retrycache.expirytime = 600000ms (custom)
2019-09-25 12:53:39,680 [pool-227-thread-1] INFO  impl.RaftServerImpl (RaftServerImpl.java:start(185)) - 7c87bf37-239f-4076-a225-0ee12d327949@group-43E4009F0254: start as a follower, conf=-1: [7c87bf37-239f-4076-a225-0ee12d327949:192.168.151.73:33897], old=null
2019-09-25 12:53:39,680 [pool-227-thread-1] INFO  impl.RaftServerImpl (RaftServerImpl.java:setRole(174)) - 7c87bf37-239f-4076-a225-0ee12d327949@group-43E4009F0254: changes role from      null to FOLLOWER at term 0 for startAsFollower
2019-09-25 12:53:39,680 [pool-227-thread-1] INFO  impl.RoleInfo (RoleInfo.java:updateAndGet(143)) - 7c87bf37-239f-4076-a225-0ee12d327949: start FollowerState
2019-09-25 12:53:39,681 [pool-227-thread-1] INFO  util.JmxRegister (JmxRegister.java:tryRegister(44)) - Successfully registered JMX Bean with object name Ratis:service=RaftServer,group=group-43E4009F0254,id=7c87bf37-239f-4076-a225-0ee12d327949
2019-09-25 12:53:39,683 [RatisPipelineUtilsThread] INFO  pipeline.PipelineStateManager (PipelineStateManager.java:addPipeline(56)) - Created pipeline Pipeline[ Id: eb33a259-01e0-4164-8711-43e4009f0254, Nodes: 7c87bf37-239f-4076-a225-0ee12d327949{ip: 192.168.151.73, host: pr-hdds-1569-shd4m-3693607622, networkLocation: /default-rack, certSerialId: null}, Type:RATIS, Factor:ONE, State:OPEN]
2019-09-25 12:53:39,691 [grpc-default-executor-0] INFO  impl.RaftServerProxy (RaftServerProxy.java:addNew(89)) - 91e0df8d-aa90-4523-8ab3-ad8e72cea289: addNew group-7A45786AF5EC:[91e0df8d-aa90-4523-8ab3-ad8e72cea289:192.168.151.73:38313] returns group-7A45786AF5EC:java.util.concurrent.CompletableFuture@35ae4d78[Not completed]
2019-09-25 12:53:39,693 [pool-237-thread-1] INFO  impl.RaftServerImpl (RaftServerImpl.java:<init>(95)) - 91e0df8d-aa90-4523-8ab3-ad8e72cea289: new RaftServerImpl for group-7A45786AF5EC:[91e0df8d-aa90-4523-8ab3-ad8e72cea289:192.168.151.73:38313] with ContainerStateMachine:uninitialized
2019-09-25 12:53:39,693 [pool-237-thread-1] INFO  server.RaftServerConfigKeys (ConfUtils.java:logGet(43)) - raft.server.rpc.timeout.min = 5s (custom)
2019-09-25 12:53:39,694 [pool-237-thread-1] INFO  server.RaftServerConfigKeys (ConfUtils.java:logGet(43)) - raft.server.rpc.timeout.max = 5200ms (custom)
2019-09-25 12:53:39,694 [pool-237-thread-1] INFO  server.RaftServerConfigKeys (ConfUtils.java:logGet(43)) - raft.server.rpcslowness.timeout = 120s (custom)
2019-09-25 12:53:39,694 [pool-237-thread-1] INFO  server.RaftServerConfigKeys (ConfUtils.java:logGet(43)) - raft.server.sleep.deviation.threshold = 300 (default)
2019-09-25 12:53:39,694 [pool-237-thread-1] INFO  server.RaftServerConfigKeys (ConfUtils.java:logGet(43)) - raft.server.log.appender.install.snapshot.enabled = false (custom)
2019-09-25 12:53:39,694 [pool-237-thread-1] INFO  impl.RaftServerImpl (ServerState.java:<init>(103)) - 91e0df8d-aa90-4523-8ab3-ad8e72cea289@group-7A45786AF5EC: ConfigurationManager, init=-1: [91e0df8d-aa90-4523-8ab3-ad8e72cea289:192.168.151.73:38313], old=null, confs=<EMPTY_MAP>
2019-09-25 12:53:39,694 [pool-237-thread-1] INFO  server.RaftServerConfigKeys (ConfUtils.java:logGet(43)) - raft.server.storage.dir = [/workdir/hadoop-ozone/ozonefs/target/test-dir/MiniOzoneClusterImpl-8d8fabca-1d4e-4b07-acaa-462c274cc386/datanode-1/data/ratis] (custom)
2019-09-25 12:53:39,695 [pool-237-thread-1] INFO  storage.RaftStorageDirectory (RaftStorageDirectory.java:analyzeStorage(246)) - The storage directory /workdir/hadoop-ozone/ozonefs/target/test-dir/MiniOzoneClusterImpl-8d8fabca-1d4e-4b07-acaa-462c274cc386/datanode-1/data/ratis/2c1a8365-29f5-4dc6-af46-7a45786af5ec does not exist. Creating ...
2019-09-25 12:53:39,709 [pool-237-thread-1] INFO  storage.RaftStorageDirectory (RaftStorageDirectory.java:tryLock(328)) - Lock on /workdir/hadoop-ozone/ozonefs/target/test-dir/MiniOzoneClusterImpl-8d8fabca-1d4e-4b07-acaa-462c274cc386/datanode-1/data/ratis/2c1a8365-29f5-4dc6-af46-7a45786af5ec/in_use.lock acquired by nodename 3512@pr-hdds-1569-shd4m-3693607622
2019-09-25 12:53:39,740 [pool-237-thread-1] INFO  storage.RaftStorage (RaftStorage.java:format(72)) - Storage directory /workdir/hadoop-ozone/ozonefs/target/test-dir/MiniOzoneClusterImpl-8d8fabca-1d4e-4b07-acaa-462c274cc386/datanode-1/data/ratis/2c1a8365-29f5-4dc6-af46-7a45786af5ec has been successfully formatted.
2019-09-25 12:53:39,740 [pool-237-thread-1] INFO  ratis.ContainerStateMachine (ContainerStateMachine.java:loadSnapshot(230)) - group-7A45786AF5EC: The snapshot info is null. Setting the last applied indexto:(t:0, i:~)
2019-09-25 12:53:39,740 [pool-237-thread-1] INFO  server.RaftServerConfigKeys (ConfUtils.java:logGet(43)) - raft.server.notification.no-leader.timeout = 120s (custom)
2019-09-25 12:53:39,740 [pool-237-thread-1] INFO  server.RaftServerConfigKeys (ConfUtils.java:logGet(43)) - raft.server.log.use.memory = false (default)
2019-09-25 12:53:39,740 [pool-237-thread-1] INFO  server.RaftServerConfigKeys (ConfUtils.java:logGet(43)) - raft.server.log.purge.gap = 1000000 (custom)
2019-09-25 12:53:39,741 [pool-237-thread-1] INFO  server.RaftServerConfigKeys (ConfUtils.java:logGet(43)) - raft.server.log.appender.buffer.byte-limit = 33554432 (custom)
2019-09-25 12:53:39,741 [pool-237-thread-1] INFO  server.RaftServerConfigKeys (ConfUtils.java:logGet(43)) - raft.server.log.segment.size.max = 1048576 (custom)
2019-09-25 12:53:39,741 [pool-237-thread-1] INFO  server.RaftServerConfigKeys (ConfUtils.java:logGet(43)) - raft.server.log.segment.cache.num.max = 2 (custom)
2019-09-25 12:53:39,741 [pool-237-thread-1] INFO  segmented.SegmentedRaftLogWorker (SegmentedRaftLogWorker.java:<init>(172)) - new 91e0df8d-aa90-4523-8ab3-ad8e72cea289@group-7A45786AF5EC-SegmentedRaftLogWorker for RaftStorage:Storage Directory /workdir/hadoop-ozone/ozonefs/target/test-dir/MiniOzoneClusterImpl-8d8fabca-1d4e-4b07-acaa-462c274cc386/datanode-1/data/ratis/2c1a8365-29f5-4dc6-af46-7a45786af5ec
2019-09-25 12:53:39,744 [pool-237-thread-1] INFO  server.RaftServerConfigKeys (ConfUtils.java:logGet(43)) - raft.server.log.queue.byte-limit = 2147483647 (custom)
2019-09-25 12:53:39,745 [pool-237-thread-1] INFO  server.RaftServerConfigKeys (ConfUtils.java:logGet(43)) - raft.server.log.queue.element-limit = 1024 (custom)
2019-09-25 12:53:39,745 [pool-237-thread-1] INFO  server.RaftServerConfigKeys (ConfUtils.java:logGet(43)) - raft.server.log.segment.size.max = 1048576 (custom)
2019-09-25 12:53:39,745 [pool-237-thread-1] INFO  server.RaftServerConfigKeys (ConfUtils.java:logGet(43)) - raft.server.log.preallocated.size = 16384 (custom)
2019-09-25 12:53:39,746 [pool-237-thread-1] INFO  server.RaftServerConfigKeys (ConfUtils.java:logGet(43)) - raft.server.log.write.buffer.size = 33554432 (custom)
2019-09-25 12:53:39,746 [pool-237-thread-1] INFO  server.RaftServerConfigKeys (ConfUtils.java:logGet(43)) - raft.server.log.force.sync.num = 128 (default)
2019-09-25 12:53:39,746 [pool-237-thread-1] INFO  server.RaftServerConfigKeys (ConfUtils.java:logGet(43)) - raft.server.log.statemachine.data.sync = true (default)
2019-09-25 12:53:39,746 [pool-237-thread-1] INFO  server.RaftServerConfigKeys (ConfUtils.java:logGet(43)) - raft.server.log.statemachine.data.sync.timeout = 10s (default)
2019-09-25 12:53:39,747 [pool-237-thread-1] INFO  server.RaftServerConfigKeys (ConfUtils.java:logGet(43)) - raft.server.log.statemachine.data.sync.timeout.retry = -1 (default)
2019-09-25 12:53:39,747 [pool-237-thread-1] INFO  server.RaftServerConfigKeys (ConfUtils.java:logGet(43)) - raft.server.log.statemachine.data.caching.enabled = true (custom)
2019-09-25 12:53:39,748 [pool-237-thread-1] INFO  segmented.SegmentedRaftLogWorker (SegmentedRaftLogWorker.java:lambda$new$0(132)) - 91e0df8d-aa90-4523-8ab3-ad8e72cea289@group-7A45786AF5EC-SegmentedRaftLogWorker: flushIndex: setUnconditionally 0 -> -1
2019-09-25 12:53:39,748 [pool-237-thread-1] INFO  server.RaftServerConfigKeys (ConfUtils.java:logGet(43)) - raft.server.snapshot.auto.trigger.enabled = true (custom)
2019-09-25 12:53:39,748 [pool-237-thread-1] INFO  server.RaftServerConfigKeys (ConfUtils.java:logGet(43)) - raft.server.snapshot.auto.trigger.threshold = 10000 (custom)
2019-09-25 12:53:39,748 [pool-237-thread-1] INFO  server.RaftServerConfigKeys (ConfUtils.java:logGet(43)) - raft.server.snapshot.retention.num.files = 5 (custom)
2019-09-25 12:53:39,749 [pool-237-thread-1] INFO  server.RaftServerConfigKeys (ConfUtils.java:logGet(43)) - raft.server.retrycache.expirytime = 600000ms (custom)
2019-09-25 12:53:39,751 [pool-237-thread-1] INFO  impl.RaftServerImpl (RaftServerImpl.java:start(185)) - 91e0df8d-aa90-4523-8ab3-ad8e72cea289@group-7A45786AF5EC: start as a follower, conf=-1: [91e0df8d-aa90-4523-8ab3-ad8e72cea289:192.168.151.73:38313], old=null
2019-09-25 12:53:39,751 [pool-237-thread-1] INFO  impl.RaftServerImpl (RaftServerImpl.java:setRole(174)) - 91e0df8d-aa90-4523-8ab3-ad8e72cea289@group-7A45786AF5EC: changes role from      null to FOLLOWER at term 0 for startAsFollower
2019-09-25 12:53:39,751 [pool-237-thread-1] INFO  impl.RoleInfo (RoleInfo.java:updateAndGet(143)) - 91e0df8d-aa90-4523-8ab3-ad8e72cea289: start FollowerState
2019-09-25 12:53:39,751 [pool-237-thread-1] INFO  util.JmxRegister (JmxRegister.java:tryRegister(44)) - Successfully registered JMX Bean with object name Ratis:service=RaftServer,group=group-7A45786AF5EC,id=91e0df8d-aa90-4523-8ab3-ad8e72cea289
2019-09-25 12:53:39,755 [RatisPipelineUtilsThread] INFO  pipeline.PipelineStateManager (PipelineStateManager.java:addPipeline(56)) - Created pipeline Pipeline[ Id: 2c1a8365-29f5-4dc6-af46-7a45786af5ec, Nodes: 91e0df8d-aa90-4523-8ab3-ad8e72cea289{ip: 192.168.151.73, host: pr-hdds-1569-shd4m-3693607622, networkLocation: /default-rack, certSerialId: null}, Type:RATIS, Factor:ONE, State:OPEN]
2019-09-25 12:53:39,762 [grpc-default-executor-0] INFO  impl.RaftServerProxy (RaftServerProxy.java:addNew(89)) - 7c87bf37-239f-4076-a225-0ee12d327949: addNew group-E9065D06D6D2:[7c87bf37-239f-4076-a225-0ee12d327949:192.168.151.73:33897] returns group-E9065D06D6D2:java.util.concurrent.CompletableFuture@38c7ca1c[Not completed]
2019-09-25 12:53:39,764 [pool-227-thread-1] INFO  impl.RaftServerImpl (RaftServerImpl.java:<init>(95)) - 7c87bf37-239f-4076-a225-0ee12d327949: new RaftServerImpl for group-E9065D06D6D2:[7c87bf37-239f-4076-a225-0ee12d327949:192.168.151.73:33897] with ContainerStateMachine:uninitialized
2019-09-25 12:53:39,764 [pool-227-thread-1] INFO  server.RaftServerConfigKeys (ConfUtils.java:logGet(43)) - raft.server.rpc.timeout.min = 5s (custom)
2019-09-25 12:53:39,764 [pool-227-thread-1] INFO  server.RaftServerConfigKeys (ConfUtils.java:logGet(43)) - raft.server.rpc.timeout.max = 5200ms (custom)
2019-09-25 12:53:39,764 [pool-227-thread-1] INFO  server.RaftServerConfigKeys (ConfUtils.java:logGet(43)) - raft.server.rpcslowness.timeout = 120s (custom)
2019-09-25 12:53:39,764 [pool-227-thread-1] INFO  server.RaftServerConfigKeys (ConfUtils.java:logGet(43)) - raft.server.sleep.deviation.threshold = 300 (default)
2019-09-25 12:53:39,765 [pool-227-thread-1] INFO  server.RaftServerConfigKeys (ConfUtils.java:logGet(43)) - raft.server.log.appender.install.snapshot.enabled = false (custom)
2019-09-25 12:53:39,765 [pool-227-thread-1] INFO  impl.RaftServerImpl (ServerState.java:<init>(103)) - 7c87bf37-239f-4076-a225-0ee12d327949@group-E9065D06D6D2: ConfigurationManager, init=-1: [7c87bf37-239f-4076-a225-0ee12d327949:192.168.151.73:33897], old=null, confs=<EMPTY_MAP>
2019-09-25 12:53:39,765 [pool-227-thread-1] INFO  server.RaftServerConfigKeys (ConfUtils.java:logGet(43)) - raft.server.storage.dir = [/workdir/hadoop-ozone/ozonefs/target/test-dir/MiniOzoneClusterImpl-8d8fabca-1d4e-4b07-acaa-462c274cc386/datanode-0/data/ratis] (custom)
2019-09-25 12:53:39,765 [pool-227-thread-1] INFO  storage.RaftStorageDirectory (RaftStorageDirectory.java:analyzeStorage(246)) - The storage directory /workdir/hadoop-ozone/ozonefs/target/test-dir/MiniOzoneClusterImpl-8d8fabca-1d4e-4b07-acaa-462c274cc386/datanode-0/data/ratis/a9c1d50a-425c-47b8-a3c0-e9065d06d6d2 does not exist. Creating ...
2019-09-25 12:53:39,790 [pool-227-thread-1] INFO  storage.RaftStorageDirectory (RaftStorageDirectory.java:tryLock(328)) - Lock on /workdir/hadoop-ozone/ozonefs/target/test-dir/MiniOzoneClusterImpl-8d8fabca-1d4e-4b07-acaa-462c274cc386/datanode-0/data/ratis/a9c1d50a-425c-47b8-a3c0-e9065d06d6d2/in_use.lock acquired by nodename 3512@pr-hdds-1569-shd4m-3693607622
2019-09-25 12:53:39,815 [pool-227-thread-1] INFO  storage.RaftStorage (RaftStorage.java:format(72)) - Storage directory /workdir/hadoop-ozone/ozonefs/target/test-dir/MiniOzoneClusterImpl-8d8fabca-1d4e-4b07-acaa-462c274cc386/datanode-0/data/ratis/a9c1d50a-425c-47b8-a3c0-e9065d06d6d2 has been successfully formatted.
2019-09-25 12:53:39,816 [pool-227-thread-1] INFO  ratis.ContainerStateMachine (ContainerStateMachine.java:loadSnapshot(230)) - group-E9065D06D6D2: The snapshot info is null. Setting the last applied indexto:(t:0, i:~)
2019-09-25 12:53:39,816 [pool-227-thread-1] INFO  server.RaftServerConfigKeys (ConfUtils.java:logGet(43)) - raft.server.notification.no-leader.timeout = 120s (custom)
2019-09-25 12:53:39,816 [pool-227-thread-1] INFO  server.RaftServerConfigKeys (ConfUtils.java:logGet(43)) - raft.server.log.use.memory = false (default)
2019-09-25 12:53:39,817 [pool-227-thread-1] INFO  server.RaftServerConfigKeys (ConfUtils.java:logGet(43)) - raft.server.log.purge.gap = 1000000 (custom)
2019-09-25 12:53:39,817 [pool-227-thread-1] INFO  server.RaftServerConfigKeys (ConfUtils.java:logGet(43)) - raft.server.log.appender.buffer.byte-limit = 33554432 (custom)
2019-09-25 12:53:39,817 [pool-227-thread-1] INFO  server.RaftServerConfigKeys (ConfUtils.java:logGet(43)) - raft.server.log.segment.size.max = 1048576 (custom)
2019-09-25 12:53:39,817 [pool-227-thread-1] INFO  server.RaftServerConfigKeys (ConfUtils.java:logGet(43)) - raft.server.log.segment.cache.num.max = 2 (custom)
2019-09-25 12:53:39,818 [pool-227-thread-1] INFO  segmented.SegmentedRaftLogWorker (SegmentedRaftLogWorker.java:<init>(172)) - new 7c87bf37-239f-4076-a225-0ee12d327949@group-E9065D06D6D2-SegmentedRaftLogWorker for RaftStorage:Storage Directory /workdir/hadoop-ozone/ozonefs/target/test-dir/MiniOzoneClusterImpl-8d8fabca-1d4e-4b07-acaa-462c274cc386/datanode-0/data/ratis/a9c1d50a-425c-47b8-a3c0-e9065d06d6d2
2019-09-25 12:53:39,818 [pool-227-thread-1] INFO  server.RaftServerConfigKeys (ConfUtils.java:logGet(43)) - raft.server.log.queue.byte-limit = 2147483647 (custom)
2019-09-25 12:53:39,818 [pool-227-thread-1] INFO  server.RaftServerConfigKeys (ConfUtils.java:logGet(43)) - raft.server.log.queue.element-limit = 1024 (custom)
2019-09-25 12:53:39,818 [pool-227-thread-1] INFO  server.RaftServerConfigKeys (ConfUtils.java:logGet(43)) - raft.server.log.segment.size.max = 1048576 (custom)
2019-09-25 12:53:39,818 [pool-227-thread-1] INFO  server.RaftServerConfigKeys (ConfUtils.java:logGet(43)) - raft.server.log.preallocated.size = 16384 (custom)
2019-09-25 12:53:39,819 [pool-227-thread-1] INFO  server.RaftServerConfigKeys (ConfUtils.java:logGet(43)) - raft.server.log.write.buffer.size = 33554432 (custom)
2019-09-25 12:53:39,819 [pool-227-thread-1] INFO  server.RaftServerConfigKeys (ConfUtils.java:logGet(43)) - raft.server.log.force.sync.num = 128 (default)
2019-09-25 12:53:39,819 [pool-227-thread-1] INFO  server.RaftServerConfigKeys (ConfUtils.java:logGet(43)) - raft.server.log.statemachine.data.sync = true (default)
2019-09-25 12:53:39,819 [pool-227-thread-1] INFO  server.RaftServerConfigKeys (ConfUtils.java:logGet(43)) - raft.server.log.statemachine.data.sync.timeout = 10s (default)
2019-09-25 12:53:39,819 [pool-227-thread-1] INFO  server.RaftServerConfigKeys (ConfUtils.java:logGet(43)) - raft.server.log.statemachine.data.sync.timeout.retry = -1 (default)
2019-09-25 12:53:39,820 [pool-227-thread-1] INFO  server.RaftServerConfigKeys (ConfUtils.java:logGet(43)) - raft.server.log.statemachine.data.caching.enabled = true (custom)
2019-09-25 12:53:39,820 [pool-227-thread-1] INFO  segmented.SegmentedRaftLogWorker (SegmentedRaftLogWorker.java:lambda$new$0(132)) - 7c87bf37-239f-4076-a225-0ee12d327949@group-E9065D06D6D2-SegmentedRaftLogWorker: flushIndex: setUnconditionally 0 -> -1
2019-09-25 12:53:39,821 [pool-227-thread-1] INFO  server.RaftServerConfigKeys (ConfUtils.java:logGet(43)) - raft.server.snapshot.auto.trigger.enabled = true (custom)
2019-09-25 12:53:39,821 [pool-227-thread-1] INFO  server.RaftServerConfigKeys (ConfUtils.java:logGet(43)) - raft.server.snapshot.auto.trigger.threshold = 10000 (custom)
2019-09-25 12:53:39,821 [pool-227-thread-1] INFO  server.RaftServerConfigKeys (ConfUtils.java:logGet(43)) - raft.server.snapshot.retention.num.files = 5 (custom)
2019-09-25 12:53:39,821 [pool-227-thread-1] INFO  server.RaftServerConfigKeys (ConfUtils.java:logGet(43)) - raft.server.retrycache.expirytime = 600000ms (custom)
2019-09-25 12:53:39,824 [pool-227-thread-1] INFO  impl.RaftServerImpl (RaftServerImpl.java:start(185)) - 7c87bf37-239f-4076-a225-0ee12d327949@group-E9065D06D6D2: start as a follower, conf=-1: [7c87bf37-239f-4076-a225-0ee12d327949:192.168.151.73:33897], old=null
2019-09-25 12:53:39,824 [pool-227-thread-1] INFO  impl.RaftServerImpl (RaftServerImpl.java:setRole(174)) - 7c87bf37-239f-4076-a225-0ee12d327949@group-E9065D06D6D2: changes role from      null to FOLLOWER at term 0 for startAsFollower
2019-09-25 12:53:39,824 [pool-227-thread-1] INFO  impl.RoleInfo (RoleInfo.java:updateAndGet(143)) - 7c87bf37-239f-4076-a225-0ee12d327949: start FollowerState
2019-09-25 12:53:39,825 [pool-227-thread-1] INFO  util.JmxRegister (JmxRegister.java:tryRegister(44)) - Successfully registered JMX Bean with object name Ratis:service=RaftServer,group=group-E9065D06D6D2,id=7c87bf37-239f-4076-a225-0ee12d327949
2019-09-25 12:53:39,829 [RatisPipelineUtilsThread] INFO  pipeline.PipelineStateManager (PipelineStateManager.java:addPipeline(56)) - Created pipeline Pipeline[ Id: a9c1d50a-425c-47b8-a3c0-e9065d06d6d2, Nodes: 7c87bf37-239f-4076-a225-0ee12d327949{ip: 192.168.151.73, host: pr-hdds-1569-shd4m-3693607622, networkLocation: /default-rack, certSerialId: null}, Type:RATIS, Factor:ONE, State:OPEN]
2019-09-25 12:53:39,835 [grpc-default-executor-0] INFO  impl.RaftServerProxy (RaftServerProxy.java:addNew(89)) - 7c87bf37-239f-4076-a225-0ee12d327949: addNew group-896FB74B4307:[7c87bf37-239f-4076-a225-0ee12d327949:192.168.151.73:33897] returns group-896FB74B4307:java.util.concurrent.CompletableFuture@487e581a[Not completed]
2019-09-25 12:53:39,837 [pool-227-thread-1] INFO  impl.RaftServerImpl (RaftServerImpl.java:<init>(95)) - 7c87bf37-239f-4076-a225-0ee12d327949: new RaftServerImpl for group-896FB74B4307:[7c87bf37-239f-4076-a225-0ee12d327949:192.168.151.73:33897] with ContainerStateMachine:uninitialized
2019-09-25 12:53:39,837 [pool-227-thread-1] INFO  server.RaftServerConfigKeys (ConfUtils.java:logGet(43)) - raft.server.rpc.timeout.min = 5s (custom)
2019-09-25 12:53:39,837 [pool-227-thread-1] INFO  server.RaftServerConfigKeys (ConfUtils.java:logGet(43)) - raft.server.rpc.timeout.max = 5200ms (custom)
2019-09-25 12:53:39,837 [pool-227-thread-1] INFO  server.RaftServerConfigKeys (ConfUtils.java:logGet(43)) - raft.server.rpcslowness.timeout = 120s (custom)
2019-09-25 12:53:39,837 [pool-227-thread-1] INFO  server.RaftServerConfigKeys (ConfUtils.java:logGet(43)) - raft.server.sleep.deviation.threshold = 300 (default)
2019-09-25 12:53:39,838 [pool-227-thread-1] INFO  server.RaftServerConfigKeys (ConfUtils.java:logGet(43)) - raft.server.log.appender.install.snapshot.enabled = false (custom)
2019-09-25 12:53:39,838 [pool-227-thread-1] INFO  impl.RaftServerImpl (ServerState.java:<init>(103)) - 7c87bf37-239f-4076-a225-0ee12d327949@group-896FB74B4307: ConfigurationManager, init=-1: [7c87bf37-239f-4076-a225-0ee12d327949:192.168.151.73:33897], old=null, confs=<EMPTY_MAP>
2019-09-25 12:53:39,838 [pool-227-thread-1] INFO  server.RaftServerConfigKeys (ConfUtils.java:logGet(43)) - raft.server.storage.dir = [/workdir/hadoop-ozone/ozonefs/target/test-dir/MiniOzoneClusterImpl-8d8fabca-1d4e-4b07-acaa-462c274cc386/datanode-0/data/ratis] (custom)
2019-09-25 12:53:39,838 [pool-227-thread-1] INFO  storage.RaftStorageDirectory (RaftStorageDirectory.java:analyzeStorage(246)) - The storage directory /workdir/hadoop-ozone/ozonefs/target/test-dir/MiniOzoneClusterImpl-8d8fabca-1d4e-4b07-acaa-462c274cc386/datanode-0/data/ratis/58113d96-148a-4dda-a9f6-896fb74b4307 does not exist. Creating ...
2019-09-25 12:53:39,866 [pool-227-thread-1] INFO  storage.RaftStorageDirectory (RaftStorageDirectory.java:tryLock(328)) - Lock on /workdir/hadoop-ozone/ozonefs/target/test-dir/MiniOzoneClusterImpl-8d8fabca-1d4e-4b07-acaa-462c274cc386/datanode-0/data/ratis/58113d96-148a-4dda-a9f6-896fb74b4307/in_use.lock acquired by nodename 3512@pr-hdds-1569-shd4m-3693607622
2019-09-25 12:53:39,904 [pool-227-thread-1] INFO  storage.RaftStorage (RaftStorage.java:format(72)) - Storage directory /workdir/hadoop-ozone/ozonefs/target/test-dir/MiniOzoneClusterImpl-8d8fabca-1d4e-4b07-acaa-462c274cc386/datanode-0/data/ratis/58113d96-148a-4dda-a9f6-896fb74b4307 has been successfully formatted.
2019-09-25 12:53:39,905 [pool-227-thread-1] INFO  ratis.ContainerStateMachine (ContainerStateMachine.java:loadSnapshot(230)) - group-896FB74B4307: The snapshot info is null. Setting the last applied indexto:(t:0, i:~)
2019-09-25 12:53:39,905 [pool-227-thread-1] INFO  server.RaftServerConfigKeys (ConfUtils.java:logGet(43)) - raft.server.notification.no-leader.timeout = 120s (custom)
2019-09-25 12:53:39,905 [pool-227-thread-1] INFO  server.RaftServerConfigKeys (ConfUtils.java:logGet(43)) - raft.server.log.use.memory = false (default)
2019-09-25 12:53:39,905 [pool-227-thread-1] INFO  server.RaftServerConfigKeys (ConfUtils.java:logGet(43)) - raft.server.log.purge.gap = 1000000 (custom)
2019-09-25 12:53:39,906 [pool-227-thread-1] INFO  server.RaftServerConfigKeys (ConfUtils.java:logGet(43)) - raft.server.log.appender.buffer.byte-limit = 33554432 (custom)
2019-09-25 12:53:39,906 [pool-227-thread-1] INFO  server.RaftServerConfigKeys (ConfUtils.java:logGet(43)) - raft.server.log.segment.size.max = 1048576 (custom)
2019-09-25 12:53:39,906 [pool-227-thread-1] INFO  server.RaftServerConfigKeys (ConfUtils.java:logGet(43)) - raft.server.log.segment.cache.num.max = 2 (custom)
2019-09-25 12:53:39,906 [pool-227-thread-1] INFO  segmented.SegmentedRaftLogWorker (SegmentedRaftLogWorker.java:<init>(172)) - new 7c87bf37-239f-4076-a225-0ee12d327949@group-896FB74B4307-SegmentedRaftLogWorker for RaftStorage:Storage Directory /workdir/hadoop-ozone/ozonefs/target/test-dir/MiniOzoneClusterImpl-8d8fabca-1d4e-4b07-acaa-462c274cc386/datanode-0/data/ratis/58113d96-148a-4dda-a9f6-896fb74b4307
2019-09-25 12:53:39,906 [pool-227-thread-1] INFO  server.RaftServerConfigKeys (ConfUtils.java:logGet(43)) - raft.server.log.queue.byte-limit = 2147483647 (custom)
2019-09-25 12:53:39,906 [pool-227-thread-1] INFO  server.RaftServerConfigKeys (ConfUtils.java:logGet(43)) - raft.server.log.queue.element-limit = 1024 (custom)
2019-09-25 12:53:39,907 [pool-227-thread-1] INFO  server.RaftServerConfigKeys (ConfUtils.java:logGet(43)) - raft.server.log.segment.size.max = 1048576 (custom)
2019-09-25 12:53:39,907 [pool-227-thread-1] INFO  server.RaftServerConfigKeys (ConfUtils.java:logGet(43)) - raft.server.log.preallocated.size = 16384 (custom)
2019-09-25 12:53:39,907 [pool-227-thread-1] INFO  server.RaftServerConfigKeys (ConfUtils.java:logGet(43)) - raft.server.log.write.buffer.size = 33554432 (custom)
2019-09-25 12:53:39,907 [pool-227-thread-1] INFO  server.RaftServerConfigKeys (ConfUtils.java:logGet(43)) - raft.server.log.force.sync.num = 128 (default)
2019-09-25 12:53:39,907 [pool-227-thread-1] INFO  server.RaftServerConfigKeys (ConfUtils.java:logGet(43)) - raft.server.log.statemachine.data.sync = true (default)
2019-09-25 12:53:39,907 [pool-227-thread-1] INFO  server.RaftServerConfigKeys (ConfUtils.java:logGet(43)) - raft.server.log.statemachine.data.sync.timeout = 10s (default)
2019-09-25 12:53:39,908 [pool-227-thread-1] INFO  server.RaftServerConfigKeys (ConfUtils.java:logGet(43)) - raft.server.log.statemachine.data.sync.timeout.retry = -1 (default)
2019-09-25 12:53:39,908 [pool-227-thread-1] INFO  server.RaftServerConfigKeys (ConfUtils.java:logGet(43)) - raft.server.log.statemachine.data.caching.enabled = true (custom)
2019-09-25 12:53:39,908 [pool-227-thread-1] INFO  segmented.SegmentedRaftLogWorker (SegmentedRaftLogWorker.java:lambda$new$0(132)) - 7c87bf37-239f-4076-a225-0ee12d327949@group-896FB74B4307-SegmentedRaftLogWorker: flushIndex: setUnconditionally 0 -> -1
2019-09-25 12:53:39,909 [pool-227-thread-1] INFO  server.RaftServerConfigKeys (ConfUtils.java:logGet(43)) - raft.server.snapshot.auto.trigger.enabled = true (custom)
2019-09-25 12:53:39,909 [pool-227-thread-1] INFO  server.RaftServerConfigKeys (ConfUtils.java:logGet(43)) - raft.server.snapshot.auto.trigger.threshold = 10000 (custom)
2019-09-25 12:53:39,909 [pool-227-thread-1] INFO  server.RaftServerConfigKeys (ConfUtils.java:logGet(43)) - raft.server.snapshot.retention.num.files = 5 (custom)
2019-09-25 12:53:39,909 [pool-227-thread-1] INFO  server.RaftServerConfigKeys (ConfUtils.java:logGet(43)) - raft.server.retrycache.expirytime = 600000ms (custom)
2019-09-25 12:53:39,911 [pool-227-thread-1] INFO  impl.RaftServerImpl (RaftServerImpl.java:start(185)) - 7c87bf37-239f-4076-a225-0ee12d327949@group-896FB74B4307: start as a follower, conf=-1: [7c87bf37-239f-4076-a225-0ee12d327949:192.168.151.73:33897], old=null
2019-09-25 12:53:39,911 [pool-227-thread-1] INFO  impl.RaftServerImpl (RaftServerImpl.java:setRole(174)) - 7c87bf37-239f-4076-a225-0ee12d327949@group-896FB74B4307: changes role from      null to FOLLOWER at term 0 for startAsFollower
2019-09-25 12:53:39,912 [pool-227-thread-1] INFO  impl.RoleInfo (RoleInfo.java:updateAndGet(143)) - 7c87bf37-239f-4076-a225-0ee12d327949: start FollowerState
2019-09-25 12:53:39,912 [pool-227-thread-1] INFO  util.JmxRegister (JmxRegister.java:tryRegister(44)) - Successfully registered JMX Bean with object name Ratis:service=RaftServer,group=group-896FB74B4307,id=7c87bf37-239f-4076-a225-0ee12d327949
2019-09-25 12:53:39,915 [RatisPipelineUtilsThread] INFO  pipeline.PipelineStateManager (PipelineStateManager.java:addPipeline(56)) - Created pipeline Pipeline[ Id: 58113d96-148a-4dda-a9f6-896fb74b4307, Nodes: 7c87bf37-239f-4076-a225-0ee12d327949{ip: 192.168.151.73, host: pr-hdds-1569-shd4m-3693607622, networkLocation: /default-rack, certSerialId: null}, Type:RATIS, Factor:ONE, State:OPEN]
2019-09-25 12:53:39,916 [RatisPipelineUtilsThread] INFO  pipeline.PipelinePlacementPolicy (PipelinePlacementPolicy.java:meetCriteria(91)) - Pipeline Placement: can't place more pipeline on heavy datanode： 7c87bf37-239f-4076-a225-0ee12d327949 Heaviness: 6 limit: 5
2019-09-25 12:53:39,925 [grpc-default-executor-0] INFO  impl.RaftServerProxy (RaftServerProxy.java:addNew(89)) - da22cbcc-9e9c-4f3e-9508-80057178297b: addNew group-C3A78F953F57:[da22cbcc-9e9c-4f3e-9508-80057178297b:192.168.151.73:36139] returns group-C3A78F953F57:java.util.concurrent.CompletableFuture@18843be[Not completed]
2019-09-25 12:53:39,926 [pool-247-thread-1] INFO  impl.RaftServerImpl (RaftServerImpl.java:<init>(95)) - da22cbcc-9e9c-4f3e-9508-80057178297b: new RaftServerImpl for group-C3A78F953F57:[da22cbcc-9e9c-4f3e-9508-80057178297b:192.168.151.73:36139] with ContainerStateMachine:uninitialized
2019-09-25 12:53:39,926 [pool-247-thread-1] INFO  server.RaftServerConfigKeys (ConfUtils.java:logGet(43)) - raft.server.rpc.timeout.min = 5s (custom)
2019-09-25 12:53:39,926 [pool-247-thread-1] INFO  server.RaftServerConfigKeys (ConfUtils.java:logGet(43)) - raft.server.rpc.timeout.max = 5200ms (custom)
2019-09-25 12:53:39,927 [pool-247-thread-1] INFO  server.RaftServerConfigKeys (ConfUtils.java:logGet(43)) - raft.server.rpcslowness.timeout = 120s (custom)
2019-09-25 12:53:39,927 [pool-247-thread-1] INFO  server.RaftServerConfigKeys (ConfUtils.java:logGet(43)) - raft.server.sleep.deviation.threshold = 300 (default)
2019-09-25 12:53:39,927 [pool-247-thread-1] INFO  server.RaftServerConfigKeys (ConfUtils.java:logGet(43)) - raft.server.log.appender.install.snapshot.enabled = false (custom)
2019-09-25 12:53:39,927 [pool-247-thread-1] INFO  impl.RaftServerImpl (ServerState.java:<init>(103)) - da22cbcc-9e9c-4f3e-9508-80057178297b@group-C3A78F953F57: ConfigurationManager, init=-1: [da22cbcc-9e9c-4f3e-9508-80057178297b:192.168.151.73:36139], old=null, confs=<EMPTY_MAP>
2019-09-25 12:53:39,927 [pool-247-thread-1] INFO  server.RaftServerConfigKeys (ConfUtils.java:logGet(43)) - raft.server.storage.dir = [/workdir/hadoop-ozone/ozonefs/target/test-dir/MiniOzoneClusterImpl-8d8fabca-1d4e-4b07-acaa-462c274cc386/datanode-2/data/ratis] (custom)
2019-09-25 12:53:39,928 [pool-247-thread-1] INFO  storage.RaftStorageDirectory (RaftStorageDirectory.java:analyzeStorage(246)) - The storage directory /workdir/hadoop-ozone/ozonefs/target/test-dir/MiniOzoneClusterImpl-8d8fabca-1d4e-4b07-acaa-462c274cc386/datanode-2/data/ratis/e08cdaf2-a7ce-4cad-b1db-c3a78f953f57 does not exist. Creating ...
2019-09-25 12:53:39,952 [pool-247-thread-1] INFO  storage.RaftStorageDirectory (RaftStorageDirectory.java:tryLock(328)) - Lock on /workdir/hadoop-ozone/ozonefs/target/test-dir/MiniOzoneClusterImpl-8d8fabca-1d4e-4b07-acaa-462c274cc386/datanode-2/data/ratis/e08cdaf2-a7ce-4cad-b1db-c3a78f953f57/in_use.lock acquired by nodename 3512@pr-hdds-1569-shd4m-3693607622
2019-09-25 12:53:39,979 [pool-247-thread-1] INFO  storage.RaftStorage (RaftStorage.java:format(72)) - Storage directory /workdir/hadoop-ozone/ozonefs/target/test-dir/MiniOzoneClusterImpl-8d8fabca-1d4e-4b07-acaa-462c274cc386/datanode-2/data/ratis/e08cdaf2-a7ce-4cad-b1db-c3a78f953f57 has been successfully formatted.
2019-09-25 12:53:39,980 [pool-247-thread-1] INFO  ratis.ContainerStateMachine (ContainerStateMachine.java:loadSnapshot(230)) - group-C3A78F953F57: The snapshot info is null. Setting the last applied indexto:(t:0, i:~)
2019-09-25 12:53:39,980 [pool-247-thread-1] INFO  server.RaftServerConfigKeys (ConfUtils.java:logGet(43)) - raft.server.notification.no-leader.timeout = 120s (custom)
2019-09-25 12:53:39,980 [pool-247-thread-1] INFO  server.RaftServerConfigKeys (ConfUtils.java:logGet(43)) - raft.server.log.use.memory = false (default)
2019-09-25 12:53:39,980 [pool-247-thread-1] INFO  server.RaftServerConfigKeys (ConfUtils.java:logGet(43)) - raft.server.log.purge.gap = 1000000 (custom)
2019-09-25 12:53:39,980 [pool-247-thread-1] INFO  server.RaftServerConfigKeys (ConfUtils.java:logGet(43)) - raft.server.log.appender.buffer.byte-limit = 33554432 (custom)
2019-09-25 12:53:39,981 [pool-247-thread-1] INFO  server.RaftServerConfigKeys (ConfUtils.java:logGet(43)) - raft.server.log.segment.size.max = 1048576 (custom)
2019-09-25 12:53:39,981 [pool-247-thread-1] INFO  server.RaftServerConfigKeys (ConfUtils.java:logGet(43)) - raft.server.log.segment.cache.num.max = 2 (custom)
2019-09-25 12:53:39,981 [pool-247-thread-1] INFO  segmented.SegmentedRaftLogWorker (SegmentedRaftLogWorker.java:<init>(172)) - new da22cbcc-9e9c-4f3e-9508-80057178297b@group-C3A78F953F57-SegmentedRaftLogWorker for RaftStorage:Storage Directory /workdir/hadoop-ozone/ozonefs/target/test-dir/MiniOzoneClusterImpl-8d8fabca-1d4e-4b07-acaa-462c274cc386/datanode-2/data/ratis/e08cdaf2-a7ce-4cad-b1db-c3a78f953f57
2019-09-25 12:53:39,983 [pool-247-thread-1] INFO  server.RaftServerConfigKeys (ConfUtils.java:logGet(43)) - raft.server.log.queue.byte-limit = 2147483647 (custom)
2019-09-25 12:53:39,983 [pool-247-thread-1] INFO  server.RaftServerConfigKeys (ConfUtils.java:logGet(43)) - raft.server.log.queue.element-limit = 1024 (custom)
2019-09-25 12:53:39,983 [pool-247-thread-1] INFO  server.RaftServerConfigKeys (ConfUtils.java:logGet(43)) - raft.server.log.segment.size.max = 1048576 (custom)
2019-09-25 12:53:39,983 [pool-247-thread-1] INFO  server.RaftServerConfigKeys (ConfUtils.java:logGet(43)) - raft.server.log.preallocated.size = 16384 (custom)
2019-09-25 12:53:39,984 [pool-247-thread-1] INFO  server.RaftServerConfigKeys (ConfUtils.java:logGet(43)) - raft.server.log.write.buffer.size = 33554432 (custom)
2019-09-25 12:53:39,984 [pool-247-thread-1] INFO  server.RaftServerConfigKeys (ConfUtils.java:logGet(43)) - raft.server.log.force.sync.num = 128 (default)
2019-09-25 12:53:39,984 [pool-247-thread-1] INFO  server.RaftServerConfigKeys (ConfUtils.java:logGet(43)) - raft.server.log.statemachine.data.sync = true (default)
2019-09-25 12:53:39,984 [pool-247-thread-1] INFO  server.RaftServerConfigKeys (ConfUtils.java:logGet(43)) - raft.server.log.statemachine.data.sync.timeout = 10s (default)
2019-09-25 12:53:39,984 [pool-247-thread-1] INFO  server.RaftServerConfigKeys (ConfUtils.java:logGet(43)) - raft.server.log.statemachine.data.sync.timeout.retry = -1 (default)
2019-09-25 12:53:39,985 [pool-247-thread-1] INFO  server.RaftServerConfigKeys (ConfUtils.java:logGet(43)) - raft.server.log.statemachine.data.caching.enabled = true (custom)
2019-09-25 12:53:39,985 [pool-247-thread-1] INFO  segmented.SegmentedRaftLogWorker (SegmentedRaftLogWorker.java:lambda$new$0(132)) - da22cbcc-9e9c-4f3e-9508-80057178297b@group-C3A78F953F57-SegmentedRaftLogWorker: flushIndex: setUnconditionally 0 -> -1
2019-09-25 12:53:39,985 [pool-247-thread-1] INFO  server.RaftServerConfigKeys (ConfUtils.java:logGet(43)) - raft.server.snapshot.auto.trigger.enabled = true (custom)
2019-09-25 12:53:39,985 [pool-247-thread-1] INFO  server.RaftServerConfigKeys (ConfUtils.java:logGet(43)) - raft.server.snapshot.auto.trigger.threshold = 10000 (custom)
2019-09-25 12:53:39,986 [pool-247-thread-1] INFO  server.RaftServerConfigKeys (ConfUtils.java:logGet(43)) - raft.server.snapshot.retention.num.files = 5 (custom)
2019-09-25 12:53:39,986 [pool-247-thread-1] INFO  server.RaftServerConfigKeys (ConfUtils.java:logGet(43)) - raft.server.retrycache.expirytime = 600000ms (custom)
2019-09-25 12:53:39,988 [pool-247-thread-1] INFO  impl.RaftServerImpl (RaftServerImpl.java:start(185)) - da22cbcc-9e9c-4f3e-9508-80057178297b@group-C3A78F953F57: start as a follower, conf=-1: [da22cbcc-9e9c-4f3e-9508-80057178297b:192.168.151.73:36139], old=null
2019-09-25 12:53:39,988 [pool-247-thread-1] INFO  impl.RaftServerImpl (RaftServerImpl.java:setRole(174)) - da22cbcc-9e9c-4f3e-9508-80057178297b@group-C3A78F953F57: changes role from      null to FOLLOWER at term 0 for startAsFollower
2019-09-25 12:53:39,988 [pool-247-thread-1] INFO  impl.RoleInfo (RoleInfo.java:updateAndGet(143)) - da22cbcc-9e9c-4f3e-9508-80057178297b: start FollowerState
2019-09-25 12:53:39,989 [pool-247-thread-1] INFO  util.JmxRegister (JmxRegister.java:tryRegister(44)) - Successfully registered JMX Bean with object name Ratis:service=RaftServer,group=group-C3A78F953F57,id=da22cbcc-9e9c-4f3e-9508-80057178297b
2019-09-25 12:53:39,992 [RatisPipelineUtilsThread] INFO  pipeline.PipelineStateManager (PipelineStateManager.java:addPipeline(56)) - Created pipeline Pipeline[ Id: e08cdaf2-a7ce-4cad-b1db-c3a78f953f57, Nodes: da22cbcc-9e9c-4f3e-9508-80057178297b{ip: 192.168.151.73, host: pr-hdds-1569-shd4m-3693607622, networkLocation: /default-rack, certSerialId: null}, Type:RATIS, Factor:ONE, State:OPEN]
2019-09-25 12:53:39,992 [RatisPipelineUtilsThread] INFO  pipeline.PipelinePlacementPolicy (PipelinePlacementPolicy.java:meetCriteria(91)) - Pipeline Placement: can't place more pipeline on heavy datanode： 7c87bf37-239f-4076-a225-0ee12d327949 Heaviness: 6 limit: 5
2019-09-25 12:53:39,998 [grpc-default-executor-0] INFO  impl.RaftServerProxy (RaftServerProxy.java:addNew(89)) - 91e0df8d-aa90-4523-8ab3-ad8e72cea289: addNew group-ADCF4A6ADE97:[91e0df8d-aa90-4523-8ab3-ad8e72cea289:192.168.151.73:38313] returns group-ADCF4A6ADE97:java.util.concurrent.CompletableFuture@47ac7d64[Not completed]
2019-09-25 12:53:40,000 [pool-237-thread-1] INFO  impl.RaftServerImpl (RaftServerImpl.java:<init>(95)) - 91e0df8d-aa90-4523-8ab3-ad8e72cea289: new RaftServerImpl for group-ADCF4A6ADE97:[91e0df8d-aa90-4523-8ab3-ad8e72cea289:192.168.151.73:38313] with ContainerStateMachine:uninitialized
2019-09-25 12:53:40,000 [pool-237-thread-1] INFO  server.RaftServerConfigKeys (ConfUtils.java:logGet(43)) - raft.server.rpc.timeout.min = 5s (custom)
2019-09-25 12:53:40,000 [pool-237-thread-1] INFO  server.RaftServerConfigKeys (ConfUtils.java:logGet(43)) - raft.server.rpc.timeout.max = 5200ms (custom)
2019-09-25 12:53:40,000 [pool-237-thread-1] INFO  server.RaftServerConfigKeys (ConfUtils.java:logGet(43)) - raft.server.rpcslowness.timeout = 120s (custom)
2019-09-25 12:53:40,000 [pool-237-thread-1] INFO  server.RaftServerConfigKeys (ConfUtils.java:logGet(43)) - raft.server.sleep.deviation.threshold = 300 (default)
2019-09-25 12:53:40,001 [pool-237-thread-1] INFO  server.RaftServerConfigKeys (ConfUtils.java:logGet(43)) - raft.server.log.appender.install.snapshot.enabled = false (custom)
2019-09-25 12:53:40,001 [pool-237-thread-1] INFO  impl.RaftServerImpl (ServerState.java:<init>(103)) - 91e0df8d-aa90-4523-8ab3-ad8e72cea289@group-ADCF4A6ADE97: ConfigurationManager, init=-1: [91e0df8d-aa90-4523-8ab3-ad8e72cea289:192.168.151.73:38313], old=null, confs=<EMPTY_MAP>
2019-09-25 12:53:40,001 [pool-237-thread-1] INFO  server.RaftServerConfigKeys (ConfUtils.java:logGet(43)) - raft.server.storage.dir = [/workdir/hadoop-ozone/ozonefs/target/test-dir/MiniOzoneClusterImpl-8d8fabca-1d4e-4b07-acaa-462c274cc386/datanode-1/data/ratis] (custom)
2019-09-25 12:53:40,001 [pool-237-thread-1] INFO  storage.RaftStorageDirectory (RaftStorageDirectory.java:analyzeStorage(246)) - The storage directory /workdir/hadoop-ozone/ozonefs/target/test-dir/MiniOzoneClusterImpl-8d8fabca-1d4e-4b07-acaa-462c274cc386/datanode-1/data/ratis/3569e676-2a4b-4171-86f4-adcf4a6ade97 does not exist. Creating ...
2019-09-25 12:53:40,017 [pool-237-thread-1] INFO  storage.RaftStorageDirectory (RaftStorageDirectory.java:tryLock(328)) - Lock on /workdir/hadoop-ozone/ozonefs/target/test-dir/MiniOzoneClusterImpl-8d8fabca-1d4e-4b07-acaa-462c274cc386/datanode-1/data/ratis/3569e676-2a4b-4171-86f4-adcf4a6ade97/in_use.lock acquired by nodename 3512@pr-hdds-1569-shd4m-3693607622
2019-09-25 12:53:40,040 [pool-237-thread-1] INFO  storage.RaftStorage (RaftStorage.java:format(72)) - Storage directory /workdir/hadoop-ozone/ozonefs/target/test-dir/MiniOzoneClusterImpl-8d8fabca-1d4e-4b07-acaa-462c274cc386/datanode-1/data/ratis/3569e676-2a4b-4171-86f4-adcf4a6ade97 has been successfully formatted.
2019-09-25 12:53:40,041 [pool-237-thread-1] INFO  ratis.ContainerStateMachine (ContainerStateMachine.java:loadSnapshot(230)) - group-ADCF4A6ADE97: The snapshot info is null. Setting the last applied indexto:(t:0, i:~)
2019-09-25 12:53:40,041 [pool-237-thread-1] INFO  server.RaftServerConfigKeys (ConfUtils.java:logGet(43)) - raft.server.notification.no-leader.timeout = 120s (custom)
2019-09-25 12:53:40,041 [pool-237-thread-1] INFO  server.RaftServerConfigKeys (ConfUtils.java:logGet(43)) - raft.server.log.use.memory = false (default)
2019-09-25 12:53:40,041 [pool-237-thread-1] INFO  server.RaftServerConfigKeys (ConfUtils.java:logGet(43)) - raft.server.log.purge.gap = 1000000 (custom)
2019-09-25 12:53:40,041 [pool-237-thread-1] INFO  server.RaftServerConfigKeys (ConfUtils.java:logGet(43)) - raft.server.log.appender.buffer.byte-limit = 33554432 (custom)
2019-09-25 12:53:40,041 [pool-237-thread-1] INFO  server.RaftServerConfigKeys (ConfUtils.java:logGet(43)) - raft.server.log.segment.size.max = 1048576 (custom)
2019-09-25 12:53:40,042 [pool-237-thread-1] INFO  server.RaftServerConfigKeys (ConfUtils.java:logGet(43)) - raft.server.log.segment.cache.num.max = 2 (custom)
2019-09-25 12:53:40,042 [pool-237-thread-1] INFO  segmented.SegmentedRaftLogWorker (SegmentedRaftLogWorker.java:<init>(172)) - new 91e0df8d-aa90-4523-8ab3-ad8e72cea289@group-ADCF4A6ADE97-SegmentedRaftLogWorker for RaftStorage:Storage Directory /workdir/hadoop-ozone/ozonefs/target/test-dir/MiniOzoneClusterImpl-8d8fabca-1d4e-4b07-acaa-462c274cc386/datanode-1/data/ratis/3569e676-2a4b-4171-86f4-adcf4a6ade97
2019-09-25 12:53:40,042 [pool-237-thread-1] INFO  server.RaftServerConfigKeys (ConfUtils.java:logGet(43)) - raft.server.log.queue.byte-limit = 2147483647 (custom)
2019-09-25 12:53:40,042 [pool-237-thread-1] INFO  server.RaftServerConfigKeys (ConfUtils.java:logGet(43)) - raft.server.log.queue.element-limit = 1024 (custom)
2019-09-25 12:53:40,042 [pool-237-thread-1] INFO  server.RaftServerConfigKeys (ConfUtils.java:logGet(43)) - raft.server.log.segment.size.max = 1048576 (custom)
2019-09-25 12:53:40,042 [pool-237-thread-1] INFO  server.RaftServerConfigKeys (ConfUtils.java:logGet(43)) - raft.server.log.preallocated.size = 16384 (custom)
2019-09-25 12:53:40,043 [pool-237-thread-1] INFO  server.RaftServerConfigKeys (ConfUtils.java:logGet(43)) - raft.server.log.write.buffer.size = 33554432 (custom)
2019-09-25 12:53:40,043 [pool-237-thread-1] INFO  server.RaftServerConfigKeys (ConfUtils.java:logGet(43)) - raft.server.log.force.sync.num = 128 (default)
2019-09-25 12:53:40,043 [pool-237-thread-1] INFO  server.RaftServerConfigKeys (ConfUtils.java:logGet(43)) - raft.server.log.statemachine.data.sync = true (default)
2019-09-25 12:53:40,043 [pool-237-thread-1] INFO  server.RaftServerConfigKeys (ConfUtils.java:logGet(43)) - raft.server.log.statemachine.data.sync.timeout = 10s (default)
2019-09-25 12:53:40,043 [pool-237-thread-1] INFO  server.RaftServerConfigKeys (ConfUtils.java:logGet(43)) - raft.server.log.statemachine.data.sync.timeout.retry = -1 (default)
2019-09-25 12:53:40,043 [pool-237-thread-1] INFO  server.RaftServerConfigKeys (ConfUtils.java:logGet(43)) - raft.server.log.statemachine.data.caching.enabled = true (custom)
2019-09-25 12:53:40,044 [pool-237-thread-1] INFO  segmented.SegmentedRaftLogWorker (SegmentedRaftLogWorker.java:lambda$new$0(132)) - 91e0df8d-aa90-4523-8ab3-ad8e72cea289@group-ADCF4A6ADE97-SegmentedRaftLogWorker: flushIndex: setUnconditionally 0 -> -1
2019-09-25 12:53:40,044 [pool-237-thread-1] INFO  server.RaftServerConfigKeys (ConfUtils.java:logGet(43)) - raft.server.snapshot.auto.trigger.enabled = true (custom)
2019-09-25 12:53:40,044 [pool-237-thread-1] INFO  server.RaftServerConfigKeys (ConfUtils.java:logGet(43)) - raft.server.snapshot.auto.trigger.threshold = 10000 (custom)
2019-09-25 12:53:40,044 [pool-237-thread-1] INFO  server.RaftServerConfigKeys (ConfUtils.java:logGet(43)) - raft.server.snapshot.retention.num.files = 5 (custom)
2019-09-25 12:53:40,044 [pool-237-thread-1] INFO  server.RaftServerConfigKeys (ConfUtils.java:logGet(43)) - raft.server.retrycache.expirytime = 600000ms (custom)
2019-09-25 12:53:40,046 [pool-237-thread-1] INFO  impl.RaftServerImpl (RaftServerImpl.java:start(185)) - 91e0df8d-aa90-4523-8ab3-ad8e72cea289@group-ADCF4A6ADE97: start as a follower, conf=-1: [91e0df8d-aa90-4523-8ab3-ad8e72cea289:192.168.151.73:38313], old=null
2019-09-25 12:53:40,046 [pool-237-thread-1] INFO  impl.RaftServerImpl (RaftServerImpl.java:setRole(174)) - 91e0df8d-aa90-4523-8ab3-ad8e72cea289@group-ADCF4A6ADE97: changes role from      null to FOLLOWER at term 0 for startAsFollower
2019-09-25 12:53:40,046 [pool-237-thread-1] INFO  impl.RoleInfo (RoleInfo.java:updateAndGet(143)) - 91e0df8d-aa90-4523-8ab3-ad8e72cea289: start FollowerState
2019-09-25 12:53:40,047 [pool-237-thread-1] INFO  util.JmxRegister (JmxRegister.java:tryRegister(44)) - Successfully registered JMX Bean with object name Ratis:service=RaftServer,group=group-ADCF4A6ADE97,id=91e0df8d-aa90-4523-8ab3-ad8e72cea289
2019-09-25 12:53:40,050 [RatisPipelineUtilsThread] INFO  pipeline.PipelineStateManager (PipelineStateManager.java:addPipeline(56)) - Created pipeline Pipeline[ Id: 3569e676-2a4b-4171-86f4-adcf4a6ade97, Nodes: 91e0df8d-aa90-4523-8ab3-ad8e72cea289{ip: 192.168.151.73, host: pr-hdds-1569-shd4m-3693607622, networkLocation: /default-rack, certSerialId: null}, Type:RATIS, Factor:ONE, State:OPEN]
2019-09-25 12:53:40,050 [RatisPipelineUtilsThread] INFO  pipeline.PipelinePlacementPolicy (PipelinePlacementPolicy.java:meetCriteria(91)) - Pipeline Placement: can't place more pipeline on heavy datanode： 7c87bf37-239f-4076-a225-0ee12d327949 Heaviness: 6 limit: 5
2019-09-25 12:53:40,056 [grpc-default-executor-0] INFO  impl.RaftServerProxy (RaftServerProxy.java:addNew(89)) - 91e0df8d-aa90-4523-8ab3-ad8e72cea289: addNew group-F3DC9E89BE63:[91e0df8d-aa90-4523-8ab3-ad8e72cea289:192.168.151.73:38313] returns group-F3DC9E89BE63:java.util.concurrent.CompletableFuture@7341da30[Not completed]
2019-09-25 12:53:40,057 [pool-237-thread-1] INFO  impl.RaftServerImpl (RaftServerImpl.java:<init>(95)) - 91e0df8d-aa90-4523-8ab3-ad8e72cea289: new RaftServerImpl for group-F3DC9E89BE63:[91e0df8d-aa90-4523-8ab3-ad8e72cea289:192.168.151.73:38313] with ContainerStateMachine:uninitialized
2019-09-25 12:53:40,057 [pool-237-thread-1] INFO  server.RaftServerConfigKeys (ConfUtils.java:logGet(43)) - raft.server.rpc.timeout.min = 5s (custom)
2019-09-25 12:53:40,057 [pool-237-thread-1] INFO  server.RaftServerConfigKeys (ConfUtils.java:logGet(43)) - raft.server.rpc.timeout.max = 5200ms (custom)
2019-09-25 12:53:40,057 [pool-237-thread-1] INFO  server.RaftServerConfigKeys (ConfUtils.java:logGet(43)) - raft.server.rpcslowness.timeout = 120s (custom)
2019-09-25 12:53:40,057 [pool-237-thread-1] INFO  server.RaftServerConfigKeys (ConfUtils.java:logGet(43)) - raft.server.sleep.deviation.threshold = 300 (default)
2019-09-25 12:53:40,058 [pool-237-thread-1] INFO  server.RaftServerConfigKeys (ConfUtils.java:logGet(43)) - raft.server.log.appender.install.snapshot.enabled = false (custom)
2019-09-25 12:53:40,058 [pool-237-thread-1] INFO  impl.RaftServerImpl (ServerState.java:<init>(103)) - 91e0df8d-aa90-4523-8ab3-ad8e72cea289@group-F3DC9E89BE63: ConfigurationManager, init=-1: [91e0df8d-aa90-4523-8ab3-ad8e72cea289:192.168.151.73:38313], old=null, confs=<EMPTY_MAP>
2019-09-25 12:53:40,058 [pool-237-thread-1] INFO  server.RaftServerConfigKeys (ConfUtils.java:logGet(43)) - raft.server.storage.dir = [/workdir/hadoop-ozone/ozonefs/target/test-dir/MiniOzoneClusterImpl-8d8fabca-1d4e-4b07-acaa-462c274cc386/datanode-1/data/ratis] (custom)
2019-09-25 12:53:40,058 [pool-237-thread-1] INFO  storage.RaftStorageDirectory (RaftStorageDirectory.java:analyzeStorage(246)) - The storage directory /workdir/hadoop-ozone/ozonefs/target/test-dir/MiniOzoneClusterImpl-8d8fabca-1d4e-4b07-acaa-462c274cc386/datanode-1/data/ratis/183866f3-5e52-4435-9d9e-f3dc9e89be63 does not exist. Creating ...
2019-09-25 12:53:40,082 [pool-237-thread-1] INFO  storage.RaftStorageDirectory (RaftStorageDirectory.java:tryLock(328)) - Lock on /workdir/hadoop-ozone/ozonefs/target/test-dir/MiniOzoneClusterImpl-8d8fabca-1d4e-4b07-acaa-462c274cc386/datanode-1/data/ratis/183866f3-5e52-4435-9d9e-f3dc9e89be63/in_use.lock acquired by nodename 3512@pr-hdds-1569-shd4m-3693607622
2019-09-25 12:53:40,105 [pool-237-thread-1] INFO  storage.RaftStorage (RaftStorage.java:format(72)) - Storage directory /workdir/hadoop-ozone/ozonefs/target/test-dir/MiniOzoneClusterImpl-8d8fabca-1d4e-4b07-acaa-462c274cc386/datanode-1/data/ratis/183866f3-5e52-4435-9d9e-f3dc9e89be63 has been successfully formatted.
2019-09-25 12:53:40,105 [pool-237-thread-1] INFO  ratis.ContainerStateMachine (ContainerStateMachine.java:loadSnapshot(230)) - group-F3DC9E89BE63: The snapshot info is null. Setting the last applied indexto:(t:0, i:~)
2019-09-25 12:53:40,106 [pool-237-thread-1] INFO  server.RaftServerConfigKeys (ConfUtils.java:logGet(43)) - raft.server.notification.no-leader.timeout = 120s (custom)
2019-09-25 12:53:40,106 [pool-237-thread-1] INFO  server.RaftServerConfigKeys (ConfUtils.java:logGet(43)) - raft.server.log.use.memory = false (default)
2019-09-25 12:53:40,106 [pool-237-thread-1] INFO  server.RaftServerConfigKeys (ConfUtils.java:logGet(43)) - raft.server.log.purge.gap = 1000000 (custom)
2019-09-25 12:53:40,106 [pool-237-thread-1] INFO  server.RaftServerConfigKeys (ConfUtils.java:logGet(43)) - raft.server.log.appender.buffer.byte-limit = 33554432 (custom)
2019-09-25 12:53:40,106 [pool-237-thread-1] INFO  server.RaftServerConfigKeys (ConfUtils.java:logGet(43)) - raft.server.log.segment.size.max = 1048576 (custom)
2019-09-25 12:53:40,106 [pool-237-thread-1] INFO  server.RaftServerConfigKeys (ConfUtils.java:logGet(43)) - raft.server.log.segment.cache.num.max = 2 (custom)
2019-09-25 12:53:40,107 [pool-237-thread-1] INFO  segmented.SegmentedRaftLogWorker (SegmentedRaftLogWorker.java:<init>(172)) - new 91e0df8d-aa90-4523-8ab3-ad8e72cea289@group-F3DC9E89BE63-SegmentedRaftLogWorker for RaftStorage:Storage Directory /workdir/hadoop-ozone/ozonefs/target/test-dir/MiniOzoneClusterImpl-8d8fabca-1d4e-4b07-acaa-462c274cc386/datanode-1/data/ratis/183866f3-5e52-4435-9d9e-f3dc9e89be63
2019-09-25 12:53:40,107 [pool-237-thread-1] INFO  server.RaftServerConfigKeys (ConfUtils.java:logGet(43)) - raft.server.log.queue.byte-limit = 2147483647 (custom)
2019-09-25 12:53:40,107 [pool-237-thread-1] INFO  server.RaftServerConfigKeys (ConfUtils.java:logGet(43)) - raft.server.log.queue.element-limit = 1024 (custom)
2019-09-25 12:53:40,107 [pool-237-thread-1] INFO  server.RaftServerConfigKeys (ConfUtils.java:logGet(43)) - raft.server.log.segment.size.max = 1048576 (custom)
2019-09-25 12:53:40,107 [pool-237-thread-1] INFO  server.RaftServerConfigKeys (ConfUtils.java:logGet(43)) - raft.server.log.preallocated.size = 16384 (custom)
2019-09-25 12:53:40,107 [pool-237-thread-1] INFO  server.RaftServerConfigKeys (ConfUtils.java:logGet(43)) - raft.server.log.write.buffer.size = 33554432 (custom)
2019-09-25 12:53:40,107 [pool-237-thread-1] INFO  server.RaftServerConfigKeys (ConfUtils.java:logGet(43)) - raft.server.log.force.sync.num = 128 (default)
2019-09-25 12:53:40,108 [pool-237-thread-1] INFO  server.RaftServerConfigKeys (ConfUtils.java:logGet(43)) - raft.server.log.statemachine.data.sync = true (default)
2019-09-25 12:53:40,108 [pool-237-thread-1] INFO  server.RaftServerConfigKeys (ConfUtils.java:logGet(43)) - raft.server.log.statemachine.data.sync.timeout = 10s (default)
2019-09-25 12:53:40,108 [pool-237-thread-1] INFO  server.RaftServerConfigKeys (ConfUtils.java:logGet(43)) - raft.server.log.statemachine.data.sync.timeout.retry = -1 (default)
2019-09-25 12:53:40,108 [pool-237-thread-1] INFO  server.RaftServerConfigKeys (ConfUtils.java:logGet(43)) - raft.server.log.statemachine.data.caching.enabled = true (custom)
2019-09-25 12:53:40,109 [pool-237-thread-1] INFO  segmented.SegmentedRaftLogWorker (SegmentedRaftLogWorker.java:lambda$new$0(132)) - 91e0df8d-aa90-4523-8ab3-ad8e72cea289@group-F3DC9E89BE63-SegmentedRaftLogWorker: flushIndex: setUnconditionally 0 -> -1
2019-09-25 12:53:40,109 [pool-237-thread-1] INFO  server.RaftServerConfigKeys (ConfUtils.java:logGet(43)) - raft.server.snapshot.auto.trigger.enabled = true (custom)
2019-09-25 12:53:40,109 [pool-237-thread-1] INFO  server.RaftServerConfigKeys (ConfUtils.java:logGet(43)) - raft.server.snapshot.auto.trigger.threshold = 10000 (custom)
2019-09-25 12:53:40,109 [pool-237-thread-1] INFO  server.RaftServerConfigKeys (ConfUtils.java:logGet(43)) - raft.server.snapshot.retention.num.files = 5 (custom)
2019-09-25 12:53:40,109 [pool-237-thread-1] INFO  server.RaftServerConfigKeys (ConfUtils.java:logGet(43)) - raft.server.retrycache.expirytime = 600000ms (custom)
2019-09-25 12:53:40,111 [pool-237-thread-1] INFO  impl.RaftServerImpl (RaftServerImpl.java:start(185)) - 91e0df8d-aa90-4523-8ab3-ad8e72cea289@group-F3DC9E89BE63: start as a follower, conf=-1: [91e0df8d-aa90-4523-8ab3-ad8e72cea289:192.168.151.73:38313], old=null
2019-09-25 12:53:40,112 [pool-237-thread-1] INFO  impl.RaftServerImpl (RaftServerImpl.java:setRole(174)) - 91e0df8d-aa90-4523-8ab3-ad8e72cea289@group-F3DC9E89BE63: changes role from      null to FOLLOWER at term 0 for startAsFollower
2019-09-25 12:53:40,112 [pool-237-thread-1] INFO  impl.RoleInfo (RoleInfo.java:updateAndGet(143)) - 91e0df8d-aa90-4523-8ab3-ad8e72cea289: start FollowerState
2019-09-25 12:53:40,112 [pool-237-thread-1] INFO  util.JmxRegister (JmxRegister.java:tryRegister(44)) - Successfully registered JMX Bean with object name Ratis:service=RaftServer,group=group-F3DC9E89BE63,id=91e0df8d-aa90-4523-8ab3-ad8e72cea289
2019-09-25 12:53:40,115 [RatisPipelineUtilsThread] INFO  pipeline.PipelineStateManager (PipelineStateManager.java:addPipeline(56)) - Created pipeline Pipeline[ Id: 183866f3-5e52-4435-9d9e-f3dc9e89be63, Nodes: 91e0df8d-aa90-4523-8ab3-ad8e72cea289{ip: 192.168.151.73, host: pr-hdds-1569-shd4m-3693607622, networkLocation: /default-rack, certSerialId: null}, Type:RATIS, Factor:ONE, State:OPEN]
2019-09-25 12:53:40,115 [RatisPipelineUtilsThread] INFO  pipeline.PipelinePlacementPolicy (PipelinePlacementPolicy.java:meetCriteria(91)) - Pipeline Placement: can't place more pipeline on heavy datanode： 7c87bf37-239f-4076-a225-0ee12d327949 Heaviness: 6 limit: 5
2019-09-25 12:53:40,120 [grpc-default-executor-0] INFO  impl.RaftServerProxy (RaftServerProxy.java:addNew(89)) - 91e0df8d-aa90-4523-8ab3-ad8e72cea289: addNew group-5B945E91DF7E:[91e0df8d-aa90-4523-8ab3-ad8e72cea289:192.168.151.73:38313] returns group-5B945E91DF7E:java.util.concurrent.CompletableFuture@fdef296[Not completed]
2019-09-25 12:53:40,121 [pool-237-thread-1] INFO  impl.RaftServerImpl (RaftServerImpl.java:<init>(95)) - 91e0df8d-aa90-4523-8ab3-ad8e72cea289: new RaftServerImpl for group-5B945E91DF7E:[91e0df8d-aa90-4523-8ab3-ad8e72cea289:192.168.151.73:38313] with ContainerStateMachine:uninitialized
2019-09-25 12:53:40,122 [pool-237-thread-1] INFO  server.RaftServerConfigKeys (ConfUtils.java:logGet(43)) - raft.server.rpc.timeout.min = 5s (custom)
2019-09-25 12:53:40,122 [pool-237-thread-1] INFO  server.RaftServerConfigKeys (ConfUtils.java:logGet(43)) - raft.server.rpc.timeout.max = 5200ms (custom)
2019-09-25 12:53:40,122 [pool-237-thread-1] INFO  server.RaftServerConfigKeys (ConfUtils.java:logGet(43)) - raft.server.rpcslowness.timeout = 120s (custom)
2019-09-25 12:53:40,122 [pool-237-thread-1] INFO  server.RaftServerConfigKeys (ConfUtils.java:logGet(43)) - raft.server.sleep.deviation.threshold = 300 (default)
2019-09-25 12:53:40,122 [pool-237-thread-1] INFO  server.RaftServerConfigKeys (ConfUtils.java:logGet(43)) - raft.server.log.appender.install.snapshot.enabled = false (custom)
2019-09-25 12:53:40,122 [pool-237-thread-1] INFO  impl.RaftServerImpl (ServerState.java:<init>(103)) - 91e0df8d-aa90-4523-8ab3-ad8e72cea289@group-5B945E91DF7E: ConfigurationManager, init=-1: [91e0df8d-aa90-4523-8ab3-ad8e72cea289:192.168.151.73:38313], old=null, confs=<EMPTY_MAP>
2019-09-25 12:53:40,122 [pool-237-thread-1] INFO  server.RaftServerConfigKeys (ConfUtils.java:logGet(43)) - raft.server.storage.dir = [/workdir/hadoop-ozone/ozonefs/target/test-dir/MiniOzoneClusterImpl-8d8fabca-1d4e-4b07-acaa-462c274cc386/datanode-1/data/ratis] (custom)
2019-09-25 12:53:40,123 [pool-237-thread-1] INFO  storage.RaftStorageDirectory (RaftStorageDirectory.java:analyzeStorage(246)) - The storage directory /workdir/hadoop-ozone/ozonefs/target/test-dir/MiniOzoneClusterImpl-8d8fabca-1d4e-4b07-acaa-462c274cc386/datanode-1/data/ratis/881d422c-c44f-45a0-8e32-5b945e91df7e does not exist. Creating ...
2019-09-25 12:53:40,146 [pool-237-thread-1] INFO  storage.RaftStorageDirectory (RaftStorageDirectory.java:tryLock(328)) - Lock on /workdir/hadoop-ozone/ozonefs/target/test-dir/MiniOzoneClusterImpl-8d8fabca-1d4e-4b07-acaa-462c274cc386/datanode-1/data/ratis/881d422c-c44f-45a0-8e32-5b945e91df7e/in_use.lock acquired by nodename 3512@pr-hdds-1569-shd4m-3693607622
2019-09-25 12:53:40,165 [pool-237-thread-1] INFO  storage.RaftStorage (RaftStorage.java:format(72)) - Storage directory /workdir/hadoop-ozone/ozonefs/target/test-dir/MiniOzoneClusterImpl-8d8fabca-1d4e-4b07-acaa-462c274cc386/datanode-1/data/ratis/881d422c-c44f-45a0-8e32-5b945e91df7e has been successfully formatted.
2019-09-25 12:53:40,165 [pool-237-thread-1] INFO  ratis.ContainerStateMachine (ContainerStateMachine.java:loadSnapshot(230)) - group-5B945E91DF7E: The snapshot info is null. Setting the last applied indexto:(t:0, i:~)
2019-09-25 12:53:40,166 [pool-237-thread-1] INFO  server.RaftServerConfigKeys (ConfUtils.java:logGet(43)) - raft.server.notification.no-leader.timeout = 120s (custom)
2019-09-25 12:53:40,166 [pool-237-thread-1] INFO  server.RaftServerConfigKeys (ConfUtils.java:logGet(43)) - raft.server.log.use.memory = false (default)
2019-09-25 12:53:40,166 [pool-237-thread-1] INFO  server.RaftServerConfigKeys (ConfUtils.java:logGet(43)) - raft.server.log.purge.gap = 1000000 (custom)
2019-09-25 12:53:40,166 [pool-237-thread-1] INFO  server.RaftServerConfigKeys (ConfUtils.java:logGet(43)) - raft.server.log.appender.buffer.byte-limit = 33554432 (custom)
2019-09-25 12:53:40,166 [pool-237-thread-1] INFO  server.RaftServerConfigKeys (ConfUtils.java:logGet(43)) - raft.server.log.segment.size.max = 1048576 (custom)
2019-09-25 12:53:40,166 [pool-237-thread-1] INFO  server.RaftServerConfigKeys (ConfUtils.java:logGet(43)) - raft.server.log.segment.cache.num.max = 2 (custom)
2019-09-25 12:53:40,167 [pool-237-thread-1] INFO  segmented.SegmentedRaftLogWorker (SegmentedRaftLogWorker.java:<init>(172)) - new 91e0df8d-aa90-4523-8ab3-ad8e72cea289@group-5B945E91DF7E-SegmentedRaftLogWorker for RaftStorage:Storage Directory /workdir/hadoop-ozone/ozonefs/target/test-dir/MiniOzoneClusterImpl-8d8fabca-1d4e-4b07-acaa-462c274cc386/datanode-1/data/ratis/881d422c-c44f-45a0-8e32-5b945e91df7e
2019-09-25 12:53:40,167 [pool-237-thread-1] INFO  server.RaftServerConfigKeys (ConfUtils.java:logGet(43)) - raft.server.log.queue.byte-limit = 2147483647 (custom)
2019-09-25 12:53:40,167 [pool-237-thread-1] INFO  server.RaftServerConfigKeys (ConfUtils.java:logGet(43)) - raft.server.log.queue.element-limit = 1024 (custom)
2019-09-25 12:53:40,167 [pool-237-thread-1] INFO  server.RaftServerConfigKeys (ConfUtils.java:logGet(43)) - raft.server.log.segment.size.max = 1048576 (custom)
2019-09-25 12:53:40,167 [pool-237-thread-1] INFO  server.RaftServerConfigKeys (ConfUtils.java:logGet(43)) - raft.server.log.preallocated.size = 16384 (custom)
2019-09-25 12:53:40,167 [pool-237-thread-1] INFO  server.RaftServerConfigKeys (ConfUtils.java:logGet(43)) - raft.server.log.write.buffer.size = 33554432 (custom)
2019-09-25 12:53:40,167 [pool-237-thread-1] INFO  server.RaftServerConfigKeys (ConfUtils.java:logGet(43)) - raft.server.log.force.sync.num = 128 (default)
2019-09-25 12:53:40,168 [pool-237-thread-1] INFO  server.RaftServerConfigKeys (ConfUtils.java:logGet(43)) - raft.server.log.statemachine.data.sync = true (default)
2019-09-25 12:53:40,168 [pool-237-thread-1] INFO  server.RaftServerConfigKeys (ConfUtils.java:logGet(43)) - raft.server.log.statemachine.data.sync.timeout = 10s (default)
2019-09-25 12:53:40,168 [pool-237-thread-1] INFO  server.RaftServerConfigKeys (ConfUtils.java:logGet(43)) - raft.server.log.statemachine.data.sync.timeout.retry = -1 (default)
2019-09-25 12:53:40,168 [pool-237-thread-1] INFO  server.RaftServerConfigKeys (ConfUtils.java:logGet(43)) - raft.server.log.statemachine.data.caching.enabled = true (custom)
2019-09-25 12:53:40,168 [pool-237-thread-1] INFO  segmented.SegmentedRaftLogWorker (SegmentedRaftLogWorker.java:lambda$new$0(132)) - 91e0df8d-aa90-4523-8ab3-ad8e72cea289@group-5B945E91DF7E-SegmentedRaftLogWorker: flushIndex: setUnconditionally 0 -> -1
2019-09-25 12:53:40,169 [pool-237-thread-1] INFO  server.RaftServerConfigKeys (ConfUtils.java:logGet(43)) - raft.server.snapshot.auto.trigger.enabled = true (custom)
2019-09-25 12:53:40,169 [pool-237-thread-1] INFO  server.RaftServerConfigKeys (ConfUtils.java:logGet(43)) - raft.server.snapshot.auto.trigger.threshold = 10000 (custom)
2019-09-25 12:53:40,169 [pool-237-thread-1] INFO  server.RaftServerConfigKeys (ConfUtils.java:logGet(43)) - raft.server.snapshot.retention.num.files = 5 (custom)
2019-09-25 12:53:40,169 [pool-237-thread-1] INFO  server.RaftServerConfigKeys (ConfUtils.java:logGet(43)) - raft.server.retrycache.expirytime = 600000ms (custom)
2019-09-25 12:53:40,171 [pool-237-thread-1] INFO  impl.RaftServerImpl (RaftServerImpl.java:start(185)) - 91e0df8d-aa90-4523-8ab3-ad8e72cea289@group-5B945E91DF7E: start as a follower, conf=-1: [91e0df8d-aa90-4523-8ab3-ad8e72cea289:192.168.151.73:38313], old=null
2019-09-25 12:53:40,171 [pool-237-thread-1] INFO  impl.RaftServerImpl (RaftServerImpl.java:setRole(174)) - 91e0df8d-aa90-4523-8ab3-ad8e72cea289@group-5B945E91DF7E: changes role from      null to FOLLOWER at term 0 for startAsFollower
2019-09-25 12:53:40,171 [pool-237-thread-1] INFO  impl.RoleInfo (RoleInfo.java:updateAndGet(143)) - 91e0df8d-aa90-4523-8ab3-ad8e72cea289: start FollowerState
2019-09-25 12:53:40,171 [pool-237-thread-1] INFO  util.JmxRegister (JmxRegister.java:tryRegister(44)) - Successfully registered JMX Bean with object name Ratis:service=RaftServer,group=group-5B945E91DF7E,id=91e0df8d-aa90-4523-8ab3-ad8e72cea289
2019-09-25 12:53:40,174 [RatisPipelineUtilsThread] INFO  pipeline.PipelineStateManager (PipelineStateManager.java:addPipeline(56)) - Created pipeline Pipeline[ Id: 881d422c-c44f-45a0-8e32-5b945e91df7e, Nodes: 91e0df8d-aa90-4523-8ab3-ad8e72cea289{ip: 192.168.151.73, host: pr-hdds-1569-shd4m-3693607622, networkLocation: /default-rack, certSerialId: null}, Type:RATIS, Factor:ONE, State:OPEN]
2019-09-25 12:53:40,174 [RatisPipelineUtilsThread] INFO  pipeline.PipelinePlacementPolicy (PipelinePlacementPolicy.java:meetCriteria(91)) - Pipeline Placement: can't place more pipeline on heavy datanode： 7c87bf37-239f-4076-a225-0ee12d327949 Heaviness: 6 limit: 5
2019-09-25 12:53:40,179 [grpc-default-executor-0] INFO  impl.RaftServerProxy (RaftServerProxy.java:addNew(89)) - 91e0df8d-aa90-4523-8ab3-ad8e72cea289: addNew group-3D34AA261574:[91e0df8d-aa90-4523-8ab3-ad8e72cea289:192.168.151.73:38313] returns group-3D34AA261574:java.util.concurrent.CompletableFuture@7d7a6db8[Not completed]
2019-09-25 12:53:40,181 [pool-237-thread-1] INFO  impl.RaftServerImpl (RaftServerImpl.java:<init>(95)) - 91e0df8d-aa90-4523-8ab3-ad8e72cea289: new RaftServerImpl for group-3D34AA261574:[91e0df8d-aa90-4523-8ab3-ad8e72cea289:192.168.151.73:38313] with ContainerStateMachine:uninitialized
2019-09-25 12:53:40,181 [pool-237-thread-1] INFO  server.RaftServerConfigKeys (ConfUtils.java:logGet(43)) - raft.server.rpc.timeout.min = 5s (custom)
2019-09-25 12:53:40,181 [pool-237-thread-1] INFO  server.RaftServerConfigKeys (ConfUtils.java:logGet(43)) - raft.server.rpc.timeout.max = 5200ms (custom)
2019-09-25 12:53:40,181 [pool-237-thread-1] INFO  server.RaftServerConfigKeys (ConfUtils.java:logGet(43)) - raft.server.rpcslowness.timeout = 120s (custom)
2019-09-25 12:53:40,181 [pool-237-thread-1] INFO  server.RaftServerConfigKeys (ConfUtils.java:logGet(43)) - raft.server.sleep.deviation.threshold = 300 (default)
2019-09-25 12:53:40,181 [pool-237-thread-1] INFO  server.RaftServerConfigKeys (ConfUtils.java:logGet(43)) - raft.server.log.appender.install.snapshot.enabled = false (custom)
2019-09-25 12:53:40,181 [pool-237-thread-1] INFO  impl.RaftServerImpl (ServerState.java:<init>(103)) - 91e0df8d-aa90-4523-8ab3-ad8e72cea289@group-3D34AA261574: ConfigurationManager, init=-1: [91e0df8d-aa90-4523-8ab3-ad8e72cea289:192.168.151.73:38313], old=null, confs=<EMPTY_MAP>
2019-09-25 12:53:40,182 [pool-237-thread-1] INFO  server.RaftServerConfigKeys (ConfUtils.java:logGet(43)) - raft.server.storage.dir = [/workdir/hadoop-ozone/ozonefs/target/test-dir/MiniOzoneClusterImpl-8d8fabca-1d4e-4b07-acaa-462c274cc386/datanode-1/data/ratis] (custom)
2019-09-25 12:53:40,182 [pool-237-thread-1] INFO  storage.RaftStorageDirectory (RaftStorageDirectory.java:analyzeStorage(246)) - The storage directory /workdir/hadoop-ozone/ozonefs/target/test-dir/MiniOzoneClusterImpl-8d8fabca-1d4e-4b07-acaa-462c274cc386/datanode-1/data/ratis/43ae2336-ecc7-4205-8462-3d34aa261574 does not exist. Creating ...
2019-09-25 12:53:40,211 [pool-237-thread-1] INFO  storage.RaftStorageDirectory (RaftStorageDirectory.java:tryLock(328)) - Lock on /workdir/hadoop-ozone/ozonefs/target/test-dir/MiniOzoneClusterImpl-8d8fabca-1d4e-4b07-acaa-462c274cc386/datanode-1/data/ratis/43ae2336-ecc7-4205-8462-3d34aa261574/in_use.lock acquired by nodename 3512@pr-hdds-1569-shd4m-3693607622
2019-09-25 12:53:40,237 [pool-237-thread-1] INFO  storage.RaftStorage (RaftStorage.java:format(72)) - Storage directory /workdir/hadoop-ozone/ozonefs/target/test-dir/MiniOzoneClusterImpl-8d8fabca-1d4e-4b07-acaa-462c274cc386/datanode-1/data/ratis/43ae2336-ecc7-4205-8462-3d34aa261574 has been successfully formatted.
2019-09-25 12:53:40,237 [pool-237-thread-1] INFO  ratis.ContainerStateMachine (ContainerStateMachine.java:loadSnapshot(230)) - group-3D34AA261574: The snapshot info is null. Setting the last applied indexto:(t:0, i:~)
2019-09-25 12:53:40,238 [pool-237-thread-1] INFO  server.RaftServerConfigKeys (ConfUtils.java:logGet(43)) - raft.server.notification.no-leader.timeout = 120s (custom)
2019-09-25 12:53:40,238 [pool-237-thread-1] INFO  server.RaftServerConfigKeys (ConfUtils.java:logGet(43)) - raft.server.log.use.memory = false (default)
2019-09-25 12:53:40,238 [pool-237-thread-1] INFO  server.RaftServerConfigKeys (ConfUtils.java:logGet(43)) - raft.server.log.purge.gap = 1000000 (custom)
2019-09-25 12:53:40,238 [pool-237-thread-1] INFO  server.RaftServerConfigKeys (ConfUtils.java:logGet(43)) - raft.server.log.appender.buffer.byte-limit = 33554432 (custom)
2019-09-25 12:53:40,238 [pool-237-thread-1] INFO  server.RaftServerConfigKeys (ConfUtils.java:logGet(43)) - raft.server.log.segment.size.max = 1048576 (custom)
2019-09-25 12:53:40,238 [pool-237-thread-1] INFO  server.RaftServerConfigKeys (ConfUtils.java:logGet(43)) - raft.server.log.segment.cache.num.max = 2 (custom)
2019-09-25 12:53:40,239 [pool-237-thread-1] INFO  segmented.SegmentedRaftLogWorker (SegmentedRaftLogWorker.java:<init>(172)) - new 91e0df8d-aa90-4523-8ab3-ad8e72cea289@group-3D34AA261574-SegmentedRaftLogWorker for RaftStorage:Storage Directory /workdir/hadoop-ozone/ozonefs/target/test-dir/MiniOzoneClusterImpl-8d8fabca-1d4e-4b07-acaa-462c274cc386/datanode-1/data/ratis/43ae2336-ecc7-4205-8462-3d34aa261574
2019-09-25 12:53:40,239 [pool-237-thread-1] INFO  server.RaftServerConfigKeys (ConfUtils.java:logGet(43)) - raft.server.log.queue.byte-limit = 2147483647 (custom)
2019-09-25 12:53:40,239 [pool-237-thread-1] INFO  server.RaftServerConfigKeys (ConfUtils.java:logGet(43)) - raft.server.log.queue.element-limit = 1024 (custom)
2019-09-25 12:53:40,239 [pool-237-thread-1] INFO  server.RaftServerConfigKeys (ConfUtils.java:logGet(43)) - raft.server.log.segment.size.max = 1048576 (custom)
2019-09-25 12:53:40,239 [pool-237-thread-1] INFO  server.RaftServerConfigKeys (ConfUtils.java:logGet(43)) - raft.server.log.preallocated.size = 16384 (custom)
2019-09-25 12:53:40,240 [pool-237-thread-1] INFO  server.RaftServerConfigKeys (ConfUtils.java:logGet(43)) - raft.server.log.write.buffer.size = 33554432 (custom)
2019-09-25 12:53:40,240 [pool-237-thread-1] INFO  server.RaftServerConfigKeys (ConfUtils.java:logGet(43)) - raft.server.log.force.sync.num = 128 (default)
2019-09-25 12:53:40,240 [pool-237-thread-1] INFO  server.RaftServerConfigKeys (ConfUtils.java:logGet(43)) - raft.server.log.statemachine.data.sync = true (default)
2019-09-25 12:53:40,240 [pool-237-thread-1] INFO  server.RaftServerConfigKeys (ConfUtils.java:logGet(43)) - raft.server.log.statemachine.data.sync.timeout = 10s (default)
2019-09-25 12:53:40,240 [pool-237-thread-1] INFO  server.RaftServerConfigKeys (ConfUtils.java:logGet(43)) - raft.server.log.statemachine.data.sync.timeout.retry = -1 (default)
2019-09-25 12:53:40,240 [pool-237-thread-1] INFO  server.RaftServerConfigKeys (ConfUtils.java:logGet(43)) - raft.server.log.statemachine.data.caching.enabled = true (custom)
2019-09-25 12:53:40,241 [pool-237-thread-1] INFO  segmented.SegmentedRaftLogWorker (SegmentedRaftLogWorker.java:lambda$new$0(132)) - 91e0df8d-aa90-4523-8ab3-ad8e72cea289@group-3D34AA261574-SegmentedRaftLogWorker: flushIndex: setUnconditionally 0 -> -1
2019-09-25 12:53:40,241 [pool-237-thread-1] INFO  server.RaftServerConfigKeys (ConfUtils.java:logGet(43)) - raft.server.snapshot.auto.trigger.enabled = true (custom)
2019-09-25 12:53:40,241 [pool-237-thread-1] INFO  server.RaftServerConfigKeys (ConfUtils.java:logGet(43)) - raft.server.snapshot.auto.trigger.threshold = 10000 (custom)
2019-09-25 12:53:40,241 [pool-237-thread-1] INFO  server.RaftServerConfigKeys (ConfUtils.java:logGet(43)) - raft.server.snapshot.retention.num.files = 5 (custom)
2019-09-25 12:53:40,242 [pool-237-thread-1] INFO  server.RaftServerConfigKeys (ConfUtils.java:logGet(43)) - raft.server.retrycache.expirytime = 600000ms (custom)
2019-09-25 12:53:40,243 [pool-237-thread-1] INFO  impl.RaftServerImpl (RaftServerImpl.java:start(185)) - 91e0df8d-aa90-4523-8ab3-ad8e72cea289@group-3D34AA261574: start as a follower, conf=-1: [91e0df8d-aa90-4523-8ab3-ad8e72cea289:192.168.151.73:38313], old=null
2019-09-25 12:53:40,244 [pool-237-thread-1] INFO  impl.RaftServerImpl (RaftServerImpl.java:setRole(174)) - 91e0df8d-aa90-4523-8ab3-ad8e72cea289@group-3D34AA261574: changes role from      null to FOLLOWER at term 0 for startAsFollower
2019-09-25 12:53:40,244 [pool-237-thread-1] INFO  impl.RoleInfo (RoleInfo.java:updateAndGet(143)) - 91e0df8d-aa90-4523-8ab3-ad8e72cea289: start FollowerState
2019-09-25 12:53:40,244 [pool-237-thread-1] INFO  util.JmxRegister (JmxRegister.java:tryRegister(44)) - Successfully registered JMX Bean with object name Ratis:service=RaftServer,group=group-3D34AA261574,id=91e0df8d-aa90-4523-8ab3-ad8e72cea289
2019-09-25 12:53:40,247 [RatisPipelineUtilsThread] INFO  pipeline.PipelineStateManager (PipelineStateManager.java:addPipeline(56)) - Created pipeline Pipeline[ Id: 43ae2336-ecc7-4205-8462-3d34aa261574, Nodes: 91e0df8d-aa90-4523-8ab3-ad8e72cea289{ip: 192.168.151.73, host: pr-hdds-1569-shd4m-3693607622, networkLocation: /default-rack, certSerialId: null}, Type:RATIS, Factor:ONE, State:OPEN]
2019-09-25 12:53:40,248 [RatisPipelineUtilsThread] INFO  pipeline.PipelinePlacementPolicy (PipelinePlacementPolicy.java:meetCriteria(91)) - Pipeline Placement: can't place more pipeline on heavy datanode： 7c87bf37-239f-4076-a225-0ee12d327949 Heaviness: 6 limit: 5
2019-09-25 12:53:40,253 [grpc-default-executor-0] INFO  impl.RaftServerProxy (RaftServerProxy.java:addNew(89)) - da22cbcc-9e9c-4f3e-9508-80057178297b: addNew group-9E6F6CE33161:[da22cbcc-9e9c-4f3e-9508-80057178297b:192.168.151.73:36139] returns group-9E6F6CE33161:java.util.concurrent.CompletableFuture@415f030b[Not completed]
2019-09-25 12:53:40,254 [pool-247-thread-1] INFO  impl.RaftServerImpl (RaftServerImpl.java:<init>(95)) - da22cbcc-9e9c-4f3e-9508-80057178297b: new RaftServerImpl for group-9E6F6CE33161:[da22cbcc-9e9c-4f3e-9508-80057178297b:192.168.151.73:36139] with ContainerStateMachine:uninitialized
2019-09-25 12:53:40,254 [pool-247-thread-1] INFO  server.RaftServerConfigKeys (ConfUtils.java:logGet(43)) - raft.server.rpc.timeout.min = 5s (custom)
2019-09-25 12:53:40,255 [pool-247-thread-1] INFO  server.RaftServerConfigKeys (ConfUtils.java:logGet(43)) - raft.server.rpc.timeout.max = 5200ms (custom)
2019-09-25 12:53:40,255 [pool-247-thread-1] INFO  server.RaftServerConfigKeys (ConfUtils.java:logGet(43)) - raft.server.rpcslowness.timeout = 120s (custom)
2019-09-25 12:53:40,255 [pool-247-thread-1] INFO  server.RaftServerConfigKeys (ConfUtils.java:logGet(43)) - raft.server.sleep.deviation.threshold = 300 (default)
2019-09-25 12:53:40,255 [pool-247-thread-1] INFO  server.RaftServerConfigKeys (ConfUtils.java:logGet(43)) - raft.server.log.appender.install.snapshot.enabled = false (custom)
2019-09-25 12:53:40,255 [pool-247-thread-1] INFO  impl.RaftServerImpl (ServerState.java:<init>(103)) - da22cbcc-9e9c-4f3e-9508-80057178297b@group-9E6F6CE33161: ConfigurationManager, init=-1: [da22cbcc-9e9c-4f3e-9508-80057178297b:192.168.151.73:36139], old=null, confs=<EMPTY_MAP>
2019-09-25 12:53:40,255 [pool-247-thread-1] INFO  server.RaftServerConfigKeys (ConfUtils.java:logGet(43)) - raft.server.storage.dir = [/workdir/hadoop-ozone/ozonefs/target/test-dir/MiniOzoneClusterImpl-8d8fabca-1d4e-4b07-acaa-462c274cc386/datanode-2/data/ratis] (custom)
2019-09-25 12:53:40,256 [pool-247-thread-1] INFO  storage.RaftStorageDirectory (RaftStorageDirectory.java:analyzeStorage(246)) - The storage directory /workdir/hadoop-ozone/ozonefs/target/test-dir/MiniOzoneClusterImpl-8d8fabca-1d4e-4b07-acaa-462c274cc386/datanode-2/data/ratis/941f9ed7-eaa6-4430-9023-9e6f6ce33161 does not exist. Creating ...
2019-09-25 12:53:40,287 [pool-247-thread-1] INFO  storage.RaftStorageDirectory (RaftStorageDirectory.java:tryLock(328)) - Lock on /workdir/hadoop-ozone/ozonefs/target/test-dir/MiniOzoneClusterImpl-8d8fabca-1d4e-4b07-acaa-462c274cc386/datanode-2/data/ratis/941f9ed7-eaa6-4430-9023-9e6f6ce33161/in_use.lock acquired by nodename 3512@pr-hdds-1569-shd4m-3693607622
2019-09-25 12:53:40,312 [pool-247-thread-1] INFO  storage.RaftStorage (RaftStorage.java:format(72)) - Storage directory /workdir/hadoop-ozone/ozonefs/target/test-dir/MiniOzoneClusterImpl-8d8fabca-1d4e-4b07-acaa-462c274cc386/datanode-2/data/ratis/941f9ed7-eaa6-4430-9023-9e6f6ce33161 has been successfully formatted.
2019-09-25 12:53:40,312 [pool-247-thread-1] INFO  ratis.ContainerStateMachine (ContainerStateMachine.java:loadSnapshot(230)) - group-9E6F6CE33161: The snapshot info is null. Setting the last applied indexto:(t:0, i:~)
2019-09-25 12:53:40,312 [pool-247-thread-1] INFO  server.RaftServerConfigKeys (ConfUtils.java:logGet(43)) - raft.server.notification.no-leader.timeout = 120s (custom)
2019-09-25 12:53:40,313 [pool-247-thread-1] INFO  server.RaftServerConfigKeys (ConfUtils.java:logGet(43)) - raft.server.log.use.memory = false (default)
2019-09-25 12:53:40,313 [pool-247-thread-1] INFO  server.RaftServerConfigKeys (ConfUtils.java:logGet(43)) - raft.server.log.purge.gap = 1000000 (custom)
2019-09-25 12:53:40,313 [pool-247-thread-1] INFO  server.RaftServerConfigKeys (ConfUtils.java:logGet(43)) - raft.server.log.appender.buffer.byte-limit = 33554432 (custom)
2019-09-25 12:53:40,313 [pool-247-thread-1] INFO  server.RaftServerConfigKeys (ConfUtils.java:logGet(43)) - raft.server.log.segment.size.max = 1048576 (custom)
2019-09-25 12:53:40,313 [pool-247-thread-1] INFO  server.RaftServerConfigKeys (ConfUtils.java:logGet(43)) - raft.server.log.segment.cache.num.max = 2 (custom)
2019-09-25 12:53:40,313 [pool-247-thread-1] INFO  segmented.SegmentedRaftLogWorker (SegmentedRaftLogWorker.java:<init>(172)) - new da22cbcc-9e9c-4f3e-9508-80057178297b@group-9E6F6CE33161-SegmentedRaftLogWorker for RaftStorage:Storage Directory /workdir/hadoop-ozone/ozonefs/target/test-dir/MiniOzoneClusterImpl-8d8fabca-1d4e-4b07-acaa-462c274cc386/datanode-2/data/ratis/941f9ed7-eaa6-4430-9023-9e6f6ce33161
2019-09-25 12:53:40,314 [pool-247-thread-1] INFO  server.RaftServerConfigKeys (ConfUtils.java:logGet(43)) - raft.server.log.queue.byte-limit = 2147483647 (custom)
2019-09-25 12:53:40,314 [pool-247-thread-1] INFO  server.RaftServerConfigKeys (ConfUtils.java:logGet(43)) - raft.server.log.queue.element-limit = 1024 (custom)
2019-09-25 12:53:40,314 [pool-247-thread-1] INFO  server.RaftServerConfigKeys (ConfUtils.java:logGet(43)) - raft.server.log.segment.size.max = 1048576 (custom)
2019-09-25 12:53:40,314 [pool-247-thread-1] INFO  server.RaftServerConfigKeys (ConfUtils.java:logGet(43)) - raft.server.log.preallocated.size = 16384 (custom)
2019-09-25 12:53:40,314 [pool-247-thread-1] INFO  server.RaftServerConfigKeys (ConfUtils.java:logGet(43)) - raft.server.log.write.buffer.size = 33554432 (custom)
2019-09-25 12:53:40,314 [pool-247-thread-1] INFO  server.RaftServerConfigKeys (ConfUtils.java:logGet(43)) - raft.server.log.force.sync.num = 128 (default)
2019-09-25 12:53:40,314 [pool-247-thread-1] INFO  server.RaftServerConfigKeys (ConfUtils.java:logGet(43)) - raft.server.log.statemachine.data.sync = true (default)
2019-09-25 12:53:40,315 [pool-247-thread-1] INFO  server.RaftServerConfigKeys (ConfUtils.java:logGet(43)) - raft.server.log.statemachine.data.sync.timeout = 10s (default)
2019-09-25 12:53:40,315 [pool-247-thread-1] INFO  server.RaftServerConfigKeys (ConfUtils.java:logGet(43)) - raft.server.log.statemachine.data.sync.timeout.retry = -1 (default)
2019-09-25 12:53:40,315 [pool-247-thread-1] INFO  server.RaftServerConfigKeys (ConfUtils.java:logGet(43)) - raft.server.log.statemachine.data.caching.enabled = true (custom)
2019-09-25 12:53:40,315 [pool-247-thread-1] INFO  segmented.SegmentedRaftLogWorker (SegmentedRaftLogWorker.java:lambda$new$0(132)) - da22cbcc-9e9c-4f3e-9508-80057178297b@group-9E6F6CE33161-SegmentedRaftLogWorker: flushIndex: setUnconditionally 0 -> -1
2019-09-25 12:53:40,316 [pool-247-thread-1] INFO  server.RaftServerConfigKeys (ConfUtils.java:logGet(43)) - raft.server.snapshot.auto.trigger.enabled = true (custom)
2019-09-25 12:53:40,316 [pool-247-thread-1] INFO  server.RaftServerConfigKeys (ConfUtils.java:logGet(43)) - raft.server.snapshot.auto.trigger.threshold = 10000 (custom)
2019-09-25 12:53:40,316 [pool-247-thread-1] INFO  server.RaftServerConfigKeys (ConfUtils.java:logGet(43)) - raft.server.snapshot.retention.num.files = 5 (custom)
2019-09-25 12:53:40,316 [pool-247-thread-1] INFO  server.RaftServerConfigKeys (ConfUtils.java:logGet(43)) - raft.server.retrycache.expirytime = 600000ms (custom)
2019-09-25 12:53:40,318 [pool-247-thread-1] INFO  impl.RaftServerImpl (RaftServerImpl.java:start(185)) - da22cbcc-9e9c-4f3e-9508-80057178297b@group-9E6F6CE33161: start as a follower, conf=-1: [da22cbcc-9e9c-4f3e-9508-80057178297b:192.168.151.73:36139], old=null
2019-09-25 12:53:40,319 [pool-247-thread-1] INFO  impl.RaftServerImpl (RaftServerImpl.java:setRole(174)) - da22cbcc-9e9c-4f3e-9508-80057178297b@group-9E6F6CE33161: changes role from      null to FOLLOWER at term 0 for startAsFollower
2019-09-25 12:53:40,319 [pool-247-thread-1] INFO  impl.RoleInfo (RoleInfo.java:updateAndGet(143)) - da22cbcc-9e9c-4f3e-9508-80057178297b: start FollowerState
2019-09-25 12:53:40,319 [pool-247-thread-1] INFO  util.JmxRegister (JmxRegister.java:tryRegister(44)) - Successfully registered JMX Bean with object name Ratis:service=RaftServer,group=group-9E6F6CE33161,id=da22cbcc-9e9c-4f3e-9508-80057178297b
2019-09-25 12:53:40,322 [RatisPipelineUtilsThread] INFO  pipeline.PipelineStateManager (PipelineStateManager.java:addPipeline(56)) - Created pipeline Pipeline[ Id: 941f9ed7-eaa6-4430-9023-9e6f6ce33161, Nodes: da22cbcc-9e9c-4f3e-9508-80057178297b{ip: 192.168.151.73, host: pr-hdds-1569-shd4m-3693607622, networkLocation: /default-rack, certSerialId: null}, Type:RATIS, Factor:ONE, State:OPEN]
2019-09-25 12:53:40,322 [RatisPipelineUtilsThread] INFO  pipeline.PipelinePlacementPolicy (PipelinePlacementPolicy.java:meetCriteria(91)) - Pipeline Placement: can't place more pipeline on heavy datanode： 7c87bf37-239f-4076-a225-0ee12d327949 Heaviness: 6 limit: 5
2019-09-25 12:53:40,329 [grpc-default-executor-0] INFO  impl.RaftServerProxy (RaftServerProxy.java:addNew(89)) - 91e0df8d-aa90-4523-8ab3-ad8e72cea289: addNew group-4BF27A7DE5BC:[91e0df8d-aa90-4523-8ab3-ad8e72cea289:192.168.151.73:38313] returns group-4BF27A7DE5BC:java.util.concurrent.CompletableFuture@5272204b[Not completed]
2019-09-25 12:53:40,330 [pool-237-thread-1] INFO  impl.RaftServerImpl (RaftServerImpl.java:<init>(95)) - 91e0df8d-aa90-4523-8ab3-ad8e72cea289: new RaftServerImpl for group-4BF27A7DE5BC:[91e0df8d-aa90-4523-8ab3-ad8e72cea289:192.168.151.73:38313] with ContainerStateMachine:uninitialized
2019-09-25 12:53:40,330 [pool-237-thread-1] INFO  server.RaftServerConfigKeys (ConfUtils.java:logGet(43)) - raft.server.rpc.timeout.min = 5s (custom)
2019-09-25 12:53:40,330 [pool-237-thread-1] INFO  server.RaftServerConfigKeys (ConfUtils.java:logGet(43)) - raft.server.rpc.timeout.max = 5200ms (custom)
2019-09-25 12:53:40,330 [pool-237-thread-1] INFO  server.RaftServerConfigKeys (ConfUtils.java:logGet(43)) - raft.server.rpcslowness.timeout = 120s (custom)
2019-09-25 12:53:40,331 [pool-237-thread-1] INFO  server.RaftServerConfigKeys (ConfUtils.java:logGet(43)) - raft.server.sleep.deviation.threshold = 300 (default)
2019-09-25 12:53:40,331 [pool-237-thread-1] INFO  server.RaftServerConfigKeys (ConfUtils.java:logGet(43)) - raft.server.log.appender.install.snapshot.enabled = false (custom)
2019-09-25 12:53:40,331 [pool-237-thread-1] INFO  impl.RaftServerImpl (ServerState.java:<init>(103)) - 91e0df8d-aa90-4523-8ab3-ad8e72cea289@group-4BF27A7DE5BC: ConfigurationManager, init=-1: [91e0df8d-aa90-4523-8ab3-ad8e72cea289:192.168.151.73:38313], old=null, confs=<EMPTY_MAP>
2019-09-25 12:53:40,331 [pool-237-thread-1] INFO  server.RaftServerConfigKeys (ConfUtils.java:logGet(43)) - raft.server.storage.dir = [/workdir/hadoop-ozone/ozonefs/target/test-dir/MiniOzoneClusterImpl-8d8fabca-1d4e-4b07-acaa-462c274cc386/datanode-1/data/ratis] (custom)
2019-09-25 12:53:40,332 [pool-237-thread-1] INFO  storage.RaftStorageDirectory (RaftStorageDirectory.java:analyzeStorage(246)) - The storage directory /workdir/hadoop-ozone/ozonefs/target/test-dir/MiniOzoneClusterImpl-8d8fabca-1d4e-4b07-acaa-462c274cc386/datanode-1/data/ratis/7011940a-3ffb-4029-83fa-4bf27a7de5bc does not exist. Creating ...
2019-09-25 12:53:40,354 [pool-237-thread-1] INFO  storage.RaftStorageDirectory (RaftStorageDirectory.java:tryLock(328)) - Lock on /workdir/hadoop-ozone/ozonefs/target/test-dir/MiniOzoneClusterImpl-8d8fabca-1d4e-4b07-acaa-462c274cc386/datanode-1/data/ratis/7011940a-3ffb-4029-83fa-4bf27a7de5bc/in_use.lock acquired by nodename 3512@pr-hdds-1569-shd4m-3693607622
2019-09-25 12:53:40,380 [pool-237-thread-1] INFO  storage.RaftStorage (RaftStorage.java:format(72)) - Storage directory /workdir/hadoop-ozone/ozonefs/target/test-dir/MiniOzoneClusterImpl-8d8fabca-1d4e-4b07-acaa-462c274cc386/datanode-1/data/ratis/7011940a-3ffb-4029-83fa-4bf27a7de5bc has been successfully formatted.
2019-09-25 12:53:40,380 [pool-237-thread-1] INFO  ratis.ContainerStateMachine (ContainerStateMachine.java:loadSnapshot(230)) - group-4BF27A7DE5BC: The snapshot info is null. Setting the last applied indexto:(t:0, i:~)
2019-09-25 12:53:40,380 [pool-237-thread-1] INFO  server.RaftServerConfigKeys (ConfUtils.java:logGet(43)) - raft.server.notification.no-leader.timeout = 120s (custom)
2019-09-25 12:53:40,380 [pool-237-thread-1] INFO  server.RaftServerConfigKeys (ConfUtils.java:logGet(43)) - raft.server.log.use.memory = false (default)
2019-09-25 12:53:40,380 [pool-237-thread-1] INFO  server.RaftServerConfigKeys (ConfUtils.java:logGet(43)) - raft.server.log.purge.gap = 1000000 (custom)
2019-09-25 12:53:40,381 [pool-237-thread-1] INFO  server.RaftServerConfigKeys (ConfUtils.java:logGet(43)) - raft.server.log.appender.buffer.byte-limit = 33554432 (custom)
2019-09-25 12:53:40,381 [pool-237-thread-1] INFO  server.RaftServerConfigKeys (ConfUtils.java:logGet(43)) - raft.server.log.segment.size.max = 1048576 (custom)
2019-09-25 12:53:40,381 [pool-237-thread-1] INFO  server.RaftServerConfigKeys (ConfUtils.java:logGet(43)) - raft.server.log.segment.cache.num.max = 2 (custom)
2019-09-25 12:53:40,381 [pool-237-thread-1] INFO  segmented.SegmentedRaftLogWorker (SegmentedRaftLogWorker.java:<init>(172)) - new 91e0df8d-aa90-4523-8ab3-ad8e72cea289@group-4BF27A7DE5BC-SegmentedRaftLogWorker for RaftStorage:Storage Directory /workdir/hadoop-ozone/ozonefs/target/test-dir/MiniOzoneClusterImpl-8d8fabca-1d4e-4b07-acaa-462c274cc386/datanode-1/data/ratis/7011940a-3ffb-4029-83fa-4bf27a7de5bc
2019-09-25 12:53:40,381 [pool-237-thread-1] INFO  server.RaftServerConfigKeys (ConfUtils.java:logGet(43)) - raft.server.log.queue.byte-limit = 2147483647 (custom)
2019-09-25 12:53:40,381 [pool-237-thread-1] INFO  server.RaftServerConfigKeys (ConfUtils.java:logGet(43)) - raft.server.log.queue.element-limit = 1024 (custom)
2019-09-25 12:53:40,382 [pool-237-thread-1] INFO  server.RaftServerConfigKeys (ConfUtils.java:logGet(43)) - raft.server.log.segment.size.max = 1048576 (custom)
2019-09-25 12:53:40,382 [pool-237-thread-1] INFO  server.RaftServerConfigKeys (ConfUtils.java:logGet(43)) - raft.server.log.preallocated.size = 16384 (custom)
2019-09-25 12:53:40,382 [pool-237-thread-1] INFO  server.RaftServerConfigKeys (ConfUtils.java:logGet(43)) - raft.server.log.write.buffer.size = 33554432 (custom)
2019-09-25 12:53:40,382 [pool-237-thread-1] INFO  server.RaftServerConfigKeys (ConfUtils.java:logGet(43)) - raft.server.log.force.sync.num = 128 (default)
2019-09-25 12:53:40,382 [pool-237-thread-1] INFO  server.RaftServerConfigKeys (ConfUtils.java:logGet(43)) - raft.server.log.statemachine.data.sync = true (default)
2019-09-25 12:53:40,382 [pool-237-thread-1] INFO  server.RaftServerConfigKeys (ConfUtils.java:logGet(43)) - raft.server.log.statemachine.data.sync.timeout = 10s (default)
2019-09-25 12:53:40,383 [pool-237-thread-1] INFO  server.RaftServerConfigKeys (ConfUtils.java:logGet(43)) - raft.server.log.statemachine.data.sync.timeout.retry = -1 (default)
2019-09-25 12:53:40,383 [pool-237-thread-1] INFO  server.RaftServerConfigKeys (ConfUtils.java:logGet(43)) - raft.server.log.statemachine.data.caching.enabled = true (custom)
2019-09-25 12:53:40,383 [pool-237-thread-1] INFO  segmented.SegmentedRaftLogWorker (SegmentedRaftLogWorker.java:lambda$new$0(132)) - 91e0df8d-aa90-4523-8ab3-ad8e72cea289@group-4BF27A7DE5BC-SegmentedRaftLogWorker: flushIndex: setUnconditionally 0 -> -1
2019-09-25 12:53:40,384 [pool-237-thread-1] INFO  server.RaftServerConfigKeys (ConfUtils.java:logGet(43)) - raft.server.snapshot.auto.trigger.enabled = true (custom)
2019-09-25 12:53:40,384 [pool-237-thread-1] INFO  server.RaftServerConfigKeys (ConfUtils.java:logGet(43)) - raft.server.snapshot.auto.trigger.threshold = 10000 (custom)
2019-09-25 12:53:40,384 [pool-237-thread-1] INFO  server.RaftServerConfigKeys (ConfUtils.java:logGet(43)) - raft.server.snapshot.retention.num.files = 5 (custom)
2019-09-25 12:53:40,384 [pool-237-thread-1] INFO  server.RaftServerConfigKeys (ConfUtils.java:logGet(43)) - raft.server.retrycache.expirytime = 600000ms (custom)
2019-09-25 12:53:40,386 [pool-237-thread-1] INFO  impl.RaftServerImpl (RaftServerImpl.java:start(185)) - 91e0df8d-aa90-4523-8ab3-ad8e72cea289@group-4BF27A7DE5BC: start as a follower, conf=-1: [91e0df8d-aa90-4523-8ab3-ad8e72cea289:192.168.151.73:38313], old=null
2019-09-25 12:53:40,386 [pool-237-thread-1] INFO  impl.RaftServerImpl (RaftServerImpl.java:setRole(174)) - 91e0df8d-aa90-4523-8ab3-ad8e72cea289@group-4BF27A7DE5BC: changes role from      null to FOLLOWER at term 0 for startAsFollower
2019-09-25 12:53:40,386 [pool-237-thread-1] INFO  impl.RoleInfo (RoleInfo.java:updateAndGet(143)) - 91e0df8d-aa90-4523-8ab3-ad8e72cea289: start FollowerState
2019-09-25 12:53:40,387 [pool-237-thread-1] INFO  util.JmxRegister (JmxRegister.java:tryRegister(44)) - Successfully registered JMX Bean with object name Ratis:service=RaftServer,group=group-4BF27A7DE5BC,id=91e0df8d-aa90-4523-8ab3-ad8e72cea289
2019-09-25 12:53:40,390 [RatisPipelineUtilsThread] INFO  pipeline.PipelineStateManager (PipelineStateManager.java:addPipeline(56)) - Created pipeline Pipeline[ Id: 7011940a-3ffb-4029-83fa-4bf27a7de5bc, Nodes: 91e0df8d-aa90-4523-8ab3-ad8e72cea289{ip: 192.168.151.73, host: pr-hdds-1569-shd4m-3693607622, networkLocation: /default-rack, certSerialId: null}, Type:RATIS, Factor:ONE, State:OPEN]
2019-09-25 12:53:40,390 [RatisPipelineUtilsThread] INFO  pipeline.PipelinePlacementPolicy (PipelinePlacementPolicy.java:meetCriteria(91)) - Pipeline Placement: can't place more pipeline on heavy datanode： 91e0df8d-aa90-4523-8ab3-ad8e72cea289 Heaviness: 6 limit: 5
2019-09-25 12:53:40,391 [RatisPipelineUtilsThread] INFO  pipeline.PipelinePlacementPolicy (PipelinePlacementPolicy.java:meetCriteria(91)) - Pipeline Placement: can't place more pipeline on heavy datanode： 7c87bf37-239f-4076-a225-0ee12d327949 Heaviness: 6 limit: 5
2019-09-25 12:53:40,396 [grpc-default-executor-0] INFO  impl.RaftServerProxy (RaftServerProxy.java:addNew(89)) - da22cbcc-9e9c-4f3e-9508-80057178297b: addNew group-6B3CF71E6DEE:[da22cbcc-9e9c-4f3e-9508-80057178297b:192.168.151.73:36139] returns group-6B3CF71E6DEE:java.util.concurrent.CompletableFuture@3ad7a05e[Not completed]
2019-09-25 12:53:40,397 [pool-247-thread-1] INFO  impl.RaftServerImpl (RaftServerImpl.java:<init>(95)) - da22cbcc-9e9c-4f3e-9508-80057178297b: new RaftServerImpl for group-6B3CF71E6DEE:[da22cbcc-9e9c-4f3e-9508-80057178297b:192.168.151.73:36139] with ContainerStateMachine:uninitialized
2019-09-25 12:53:40,397 [pool-247-thread-1] INFO  server.RaftServerConfigKeys (ConfUtils.java:logGet(43)) - raft.server.rpc.timeout.min = 5s (custom)
2019-09-25 12:53:40,398 [pool-247-thread-1] INFO  server.RaftServerConfigKeys (ConfUtils.java:logGet(43)) - raft.server.rpc.timeout.max = 5200ms (custom)
2019-09-25 12:53:40,398 [pool-247-thread-1] INFO  server.RaftServerConfigKeys (ConfUtils.java:logGet(43)) - raft.server.rpcslowness.timeout = 120s (custom)
2019-09-25 12:53:40,398 [pool-247-thread-1] INFO  server.RaftServerConfigKeys (ConfUtils.java:logGet(43)) - raft.server.sleep.deviation.threshold = 300 (default)
2019-09-25 12:53:40,398 [pool-247-thread-1] INFO  server.RaftServerConfigKeys (ConfUtils.java:logGet(43)) - raft.server.log.appender.install.snapshot.enabled = false (custom)
2019-09-25 12:53:40,398 [pool-247-thread-1] INFO  impl.RaftServerImpl (ServerState.java:<init>(103)) - da22cbcc-9e9c-4f3e-9508-80057178297b@group-6B3CF71E6DEE: ConfigurationManager, init=-1: [da22cbcc-9e9c-4f3e-9508-80057178297b:192.168.151.73:36139], old=null, confs=<EMPTY_MAP>
2019-09-25 12:53:40,398 [pool-247-thread-1] INFO  server.RaftServerConfigKeys (ConfUtils.java:logGet(43)) - raft.server.storage.dir = [/workdir/hadoop-ozone/ozonefs/target/test-dir/MiniOzoneClusterImpl-8d8fabca-1d4e-4b07-acaa-462c274cc386/datanode-2/data/ratis] (custom)
2019-09-25 12:53:40,399 [pool-247-thread-1] INFO  storage.RaftStorageDirectory (RaftStorageDirectory.java:analyzeStorage(246)) - The storage directory /workdir/hadoop-ozone/ozonefs/target/test-dir/MiniOzoneClusterImpl-8d8fabca-1d4e-4b07-acaa-462c274cc386/datanode-2/data/ratis/1dceb2bc-c7a6-4c8b-a748-6b3cf71e6dee does not exist. Creating ...
2019-09-25 12:53:40,421 [pool-247-thread-1] INFO  storage.RaftStorageDirectory (RaftStorageDirectory.java:tryLock(328)) - Lock on /workdir/hadoop-ozone/ozonefs/target/test-dir/MiniOzoneClusterImpl-8d8fabca-1d4e-4b07-acaa-462c274cc386/datanode-2/data/ratis/1dceb2bc-c7a6-4c8b-a748-6b3cf71e6dee/in_use.lock acquired by nodename 3512@pr-hdds-1569-shd4m-3693607622
2019-09-25 12:53:40,455 [pool-247-thread-1] INFO  storage.RaftStorage (RaftStorage.java:format(72)) - Storage directory /workdir/hadoop-ozone/ozonefs/target/test-dir/MiniOzoneClusterImpl-8d8fabca-1d4e-4b07-acaa-462c274cc386/datanode-2/data/ratis/1dceb2bc-c7a6-4c8b-a748-6b3cf71e6dee has been successfully formatted.
2019-09-25 12:53:40,456 [pool-247-thread-1] INFO  ratis.ContainerStateMachine (ContainerStateMachine.java:loadSnapshot(230)) - group-6B3CF71E6DEE: The snapshot info is null. Setting the last applied indexto:(t:0, i:~)
2019-09-25 12:53:40,456 [pool-247-thread-1] INFO  server.RaftServerConfigKeys (ConfUtils.java:logGet(43)) - raft.server.notification.no-leader.timeout = 120s (custom)
2019-09-25 12:53:40,456 [pool-247-thread-1] INFO  server.RaftServerConfigKeys (ConfUtils.java:logGet(43)) - raft.server.log.use.memory = false (default)
2019-09-25 12:53:40,456 [pool-247-thread-1] INFO  server.RaftServerConfigKeys (ConfUtils.java:logGet(43)) - raft.server.log.purge.gap = 1000000 (custom)
2019-09-25 12:53:40,456 [pool-247-thread-1] INFO  server.RaftServerConfigKeys (ConfUtils.java:logGet(43)) - raft.server.log.appender.buffer.byte-limit = 33554432 (custom)
2019-09-25 12:53:40,456 [pool-247-thread-1] INFO  server.RaftServerConfigKeys (ConfUtils.java:logGet(43)) - raft.server.log.segment.size.max = 1048576 (custom)
2019-09-25 12:53:40,457 [pool-247-thread-1] INFO  server.RaftServerConfigKeys (ConfUtils.java:logGet(43)) - raft.server.log.segment.cache.num.max = 2 (custom)
2019-09-25 12:53:40,457 [pool-247-thread-1] INFO  segmented.SegmentedRaftLogWorker (SegmentedRaftLogWorker.java:<init>(172)) - new da22cbcc-9e9c-4f3e-9508-80057178297b@group-6B3CF71E6DEE-SegmentedRaftLogWorker for RaftStorage:Storage Directory /workdir/hadoop-ozone/ozonefs/target/test-dir/MiniOzoneClusterImpl-8d8fabca-1d4e-4b07-acaa-462c274cc386/datanode-2/data/ratis/1dceb2bc-c7a6-4c8b-a748-6b3cf71e6dee
2019-09-25 12:53:40,457 [pool-247-thread-1] INFO  server.RaftServerConfigKeys (ConfUtils.java:logGet(43)) - raft.server.log.queue.byte-limit = 2147483647 (custom)
2019-09-25 12:53:40,457 [pool-247-thread-1] INFO  server.RaftServerConfigKeys (ConfUtils.java:logGet(43)) - raft.server.log.queue.element-limit = 1024 (custom)
2019-09-25 12:53:40,457 [pool-247-thread-1] INFO  server.RaftServerConfigKeys (ConfUtils.java:logGet(43)) - raft.server.log.segment.size.max = 1048576 (custom)
2019-09-25 12:53:40,457 [pool-247-thread-1] INFO  server.RaftServerConfigKeys (ConfUtils.java:logGet(43)) - raft.server.log.preallocated.size = 16384 (custom)
2019-09-25 12:53:40,458 [pool-247-thread-1] INFO  server.RaftServerConfigKeys (ConfUtils.java:logGet(43)) - raft.server.log.write.buffer.size = 33554432 (custom)
2019-09-25 12:53:40,458 [pool-247-thread-1] INFO  server.RaftServerConfigKeys (ConfUtils.java:logGet(43)) - raft.server.log.force.sync.num = 128 (default)
2019-09-25 12:53:40,458 [pool-247-thread-1] INFO  server.RaftServerConfigKeys (ConfUtils.java:logGet(43)) - raft.server.log.statemachine.data.sync = true (default)
2019-09-25 12:53:40,458 [pool-247-thread-1] INFO  server.RaftServerConfigKeys (ConfUtils.java:logGet(43)) - raft.server.log.statemachine.data.sync.timeout = 10s (default)
2019-09-25 12:53:40,458 [pool-247-thread-1] INFO  server.RaftServerConfigKeys (ConfUtils.java:logGet(43)) - raft.server.log.statemachine.data.sync.timeout.retry = -1 (default)
2019-09-25 12:53:40,458 [pool-247-thread-1] INFO  server.RaftServerConfigKeys (ConfUtils.java:logGet(43)) - raft.server.log.statemachine.data.caching.enabled = true (custom)
2019-09-25 12:53:40,459 [pool-247-thread-1] INFO  segmented.SegmentedRaftLogWorker (SegmentedRaftLogWorker.java:lambda$new$0(132)) - da22cbcc-9e9c-4f3e-9508-80057178297b@group-6B3CF71E6DEE-SegmentedRaftLogWorker: flushIndex: setUnconditionally 0 -> -1
2019-09-25 12:53:40,459 [pool-247-thread-1] INFO  server.RaftServerConfigKeys (ConfUtils.java:logGet(43)) - raft.server.snapshot.auto.trigger.enabled = true (custom)
2019-09-25 12:53:40,459 [pool-247-thread-1] INFO  server.RaftServerConfigKeys (ConfUtils.java:logGet(43)) - raft.server.snapshot.auto.trigger.threshold = 10000 (custom)
2019-09-25 12:53:40,459 [pool-247-thread-1] INFO  server.RaftServerConfigKeys (ConfUtils.java:logGet(43)) - raft.server.snapshot.retention.num.files = 5 (custom)
2019-09-25 12:53:40,460 [pool-247-thread-1] INFO  server.RaftServerConfigKeys (ConfUtils.java:logGet(43)) - raft.server.retrycache.expirytime = 600000ms (custom)
2019-09-25 12:53:40,461 [pool-247-thread-1] INFO  impl.RaftServerImpl (RaftServerImpl.java:start(185)) - da22cbcc-9e9c-4f3e-9508-80057178297b@group-6B3CF71E6DEE: start as a follower, conf=-1: [da22cbcc-9e9c-4f3e-9508-80057178297b:192.168.151.73:36139], old=null
2019-09-25 12:53:40,461 [pool-247-thread-1] INFO  impl.RaftServerImpl (RaftServerImpl.java:setRole(174)) - da22cbcc-9e9c-4f3e-9508-80057178297b@group-6B3CF71E6DEE: changes role from      null to FOLLOWER at term 0 for startAsFollower
2019-09-25 12:53:40,462 [pool-247-thread-1] INFO  impl.RoleInfo (RoleInfo.java:updateAndGet(143)) - da22cbcc-9e9c-4f3e-9508-80057178297b: start FollowerState
2019-09-25 12:53:40,462 [pool-247-thread-1] INFO  util.JmxRegister (JmxRegister.java:tryRegister(44)) - Successfully registered JMX Bean with object name Ratis:service=RaftServer,group=group-6B3CF71E6DEE,id=da22cbcc-9e9c-4f3e-9508-80057178297b
2019-09-25 12:53:40,466 [RatisPipelineUtilsThread] INFO  pipeline.PipelineStateManager (PipelineStateManager.java:addPipeline(56)) - Created pipeline Pipeline[ Id: 1dceb2bc-c7a6-4c8b-a748-6b3cf71e6dee, Nodes: da22cbcc-9e9c-4f3e-9508-80057178297b{ip: 192.168.151.73, host: pr-hdds-1569-shd4m-3693607622, networkLocation: /default-rack, certSerialId: null}, Type:RATIS, Factor:ONE, State:OPEN]
2019-09-25 12:53:40,466 [RatisPipelineUtilsThread] INFO  pipeline.PipelinePlacementPolicy (PipelinePlacementPolicy.java:meetCriteria(91)) - Pipeline Placement: can't place more pipeline on heavy datanode： 91e0df8d-aa90-4523-8ab3-ad8e72cea289 Heaviness: 6 limit: 5
2019-09-25 12:53:40,466 [RatisPipelineUtilsThread] INFO  pipeline.PipelinePlacementPolicy (PipelinePlacementPolicy.java:meetCriteria(91)) - Pipeline Placement: can't place more pipeline on heavy datanode： 7c87bf37-239f-4076-a225-0ee12d327949 Heaviness: 6 limit: 5
2019-09-25 12:53:40,472 [grpc-default-executor-0] INFO  impl.RaftServerProxy (RaftServerProxy.java:addNew(89)) - da22cbcc-9e9c-4f3e-9508-80057178297b: addNew group-75079C28F9BD:[da22cbcc-9e9c-4f3e-9508-80057178297b:192.168.151.73:36139] returns group-75079C28F9BD:java.util.concurrent.CompletableFuture@59a1640f[Not completed]
2019-09-25 12:53:40,473 [pool-247-thread-1] INFO  impl.RaftServerImpl (RaftServerImpl.java:<init>(95)) - da22cbcc-9e9c-4f3e-9508-80057178297b: new RaftServerImpl for group-75079C28F9BD:[da22cbcc-9e9c-4f3e-9508-80057178297b:192.168.151.73:36139] with ContainerStateMachine:uninitialized
2019-09-25 12:53:40,473 [pool-247-thread-1] INFO  server.RaftServerConfigKeys (ConfUtils.java:logGet(43)) - raft.server.rpc.timeout.min = 5s (custom)
2019-09-25 12:53:40,473 [pool-247-thread-1] INFO  server.RaftServerConfigKeys (ConfUtils.java:logGet(43)) - raft.server.rpc.timeout.max = 5200ms (custom)
2019-09-25 12:53:40,474 [pool-247-thread-1] INFO  server.RaftServerConfigKeys (ConfUtils.java:logGet(43)) - raft.server.rpcslowness.timeout = 120s (custom)
2019-09-25 12:53:40,474 [pool-247-thread-1] INFO  server.RaftServerConfigKeys (ConfUtils.java:logGet(43)) - raft.server.sleep.deviation.threshold = 300 (default)
2019-09-25 12:53:40,474 [pool-247-thread-1] INFO  server.RaftServerConfigKeys (ConfUtils.java:logGet(43)) - raft.server.log.appender.install.snapshot.enabled = false (custom)
2019-09-25 12:53:40,474 [pool-247-thread-1] INFO  impl.RaftServerImpl (ServerState.java:<init>(103)) - da22cbcc-9e9c-4f3e-9508-80057178297b@group-75079C28F9BD: ConfigurationManager, init=-1: [da22cbcc-9e9c-4f3e-9508-80057178297b:192.168.151.73:36139], old=null, confs=<EMPTY_MAP>
2019-09-25 12:53:40,474 [pool-247-thread-1] INFO  server.RaftServerConfigKeys (ConfUtils.java:logGet(43)) - raft.server.storage.dir = [/workdir/hadoop-ozone/ozonefs/target/test-dir/MiniOzoneClusterImpl-8d8fabca-1d4e-4b07-acaa-462c274cc386/datanode-2/data/ratis] (custom)
2019-09-25 12:53:40,474 [pool-247-thread-1] INFO  storage.RaftStorageDirectory (RaftStorageDirectory.java:analyzeStorage(246)) - The storage directory /workdir/hadoop-ozone/ozonefs/target/test-dir/MiniOzoneClusterImpl-8d8fabca-1d4e-4b07-acaa-462c274cc386/datanode-2/data/ratis/48152531-d151-4797-b01d-75079c28f9bd does not exist. Creating ...
2019-09-25 12:53:40,506 [pool-247-thread-1] INFO  storage.RaftStorageDirectory (RaftStorageDirectory.java:tryLock(328)) - Lock on /workdir/hadoop-ozone/ozonefs/target/test-dir/MiniOzoneClusterImpl-8d8fabca-1d4e-4b07-acaa-462c274cc386/datanode-2/data/ratis/48152531-d151-4797-b01d-75079c28f9bd/in_use.lock acquired by nodename 3512@pr-hdds-1569-shd4m-3693607622
2019-09-25 12:53:40,531 [pool-247-thread-1] INFO  storage.RaftStorage (RaftStorage.java:format(72)) - Storage directory /workdir/hadoop-ozone/ozonefs/target/test-dir/MiniOzoneClusterImpl-8d8fabca-1d4e-4b07-acaa-462c274cc386/datanode-2/data/ratis/48152531-d151-4797-b01d-75079c28f9bd has been successfully formatted.
2019-09-25 12:53:40,531 [pool-247-thread-1] INFO  ratis.ContainerStateMachine (ContainerStateMachine.java:loadSnapshot(230)) - group-75079C28F9BD: The snapshot info is null. Setting the last applied indexto:(t:0, i:~)
2019-09-25 12:53:40,531 [pool-247-thread-1] INFO  server.RaftServerConfigKeys (ConfUtils.java:logGet(43)) - raft.server.notification.no-leader.timeout = 120s (custom)
2019-09-25 12:53:40,532 [pool-247-thread-1] INFO  server.RaftServerConfigKeys (ConfUtils.java:logGet(43)) - raft.server.log.use.memory = false (default)
2019-09-25 12:53:40,532 [pool-247-thread-1] INFO  server.RaftServerConfigKeys (ConfUtils.java:logGet(43)) - raft.server.log.purge.gap = 1000000 (custom)
2019-09-25 12:53:40,532 [pool-247-thread-1] INFO  server.RaftServerConfigKeys (ConfUtils.java:logGet(43)) - raft.server.log.appender.buffer.byte-limit = 33554432 (custom)
2019-09-25 12:53:40,532 [pool-247-thread-1] INFO  server.RaftServerConfigKeys (ConfUtils.java:logGet(43)) - raft.server.log.segment.size.max = 1048576 (custom)
2019-09-25 12:53:40,532 [pool-247-thread-1] INFO  server.RaftServerConfigKeys (ConfUtils.java:logGet(43)) - raft.server.log.segment.cache.num.max = 2 (custom)
2019-09-25 12:53:40,533 [pool-247-thread-1] INFO  segmented.SegmentedRaftLogWorker (SegmentedRaftLogWorker.java:<init>(172)) - new da22cbcc-9e9c-4f3e-9508-80057178297b@group-75079C28F9BD-SegmentedRaftLogWorker for RaftStorage:Storage Directory /workdir/hadoop-ozone/ozonefs/target/test-dir/MiniOzoneClusterImpl-8d8fabca-1d4e-4b07-acaa-462c274cc386/datanode-2/data/ratis/48152531-d151-4797-b01d-75079c28f9bd
2019-09-25 12:53:40,533 [pool-247-thread-1] INFO  server.RaftServerConfigKeys (ConfUtils.java:logGet(43)) - raft.server.log.queue.byte-limit = 2147483647 (custom)
2019-09-25 12:53:40,533 [pool-247-thread-1] INFO  server.RaftServerConfigKeys (ConfUtils.java:logGet(43)) - raft.server.log.queue.element-limit = 1024 (custom)
2019-09-25 12:53:40,533 [pool-247-thread-1] INFO  server.RaftServerConfigKeys (ConfUtils.java:logGet(43)) - raft.server.log.segment.size.max = 1048576 (custom)
2019-09-25 12:53:40,533 [pool-247-thread-1] INFO  server.RaftServerConfigKeys (ConfUtils.java:logGet(43)) - raft.server.log.preallocated.size = 16384 (custom)
2019-09-25 12:53:40,533 [pool-247-thread-1] INFO  server.RaftServerConfigKeys (ConfUtils.java:logGet(43)) - raft.server.log.write.buffer.size = 33554432 (custom)
2019-09-25 12:53:40,533 [pool-247-thread-1] INFO  server.RaftServerConfigKeys (ConfUtils.java:logGet(43)) - raft.server.log.force.sync.num = 128 (default)
2019-09-25 12:53:40,534 [pool-247-thread-1] INFO  server.RaftServerConfigKeys (ConfUtils.java:logGet(43)) - raft.server.log.statemachine.data.sync = true (default)
2019-09-25 12:53:40,534 [pool-247-thread-1] INFO  server.RaftServerConfigKeys (ConfUtils.java:logGet(43)) - raft.server.log.statemachine.data.sync.timeout = 10s (default)
2019-09-25 12:53:40,534 [pool-247-thread-1] INFO  server.RaftServerConfigKeys (ConfUtils.java:logGet(43)) - raft.server.log.statemachine.data.sync.timeout.retry = -1 (default)
2019-09-25 12:53:40,534 [pool-247-thread-1] INFO  server.RaftServerConfigKeys (ConfUtils.java:logGet(43)) - raft.server.log.statemachine.data.caching.enabled = true (custom)
2019-09-25 12:53:40,534 [pool-247-thread-1] INFO  segmented.SegmentedRaftLogWorker (SegmentedRaftLogWorker.java:lambda$new$0(132)) - da22cbcc-9e9c-4f3e-9508-80057178297b@group-75079C28F9BD-SegmentedRaftLogWorker: flushIndex: setUnconditionally 0 -> -1
2019-09-25 12:53:40,535 [pool-247-thread-1] INFO  server.RaftServerConfigKeys (ConfUtils.java:logGet(43)) - raft.server.snapshot.auto.trigger.enabled = true (custom)
2019-09-25 12:53:40,535 [pool-247-thread-1] INFO  server.RaftServerConfigKeys (ConfUtils.java:logGet(43)) - raft.server.snapshot.auto.trigger.threshold = 10000 (custom)
2019-09-25 12:53:40,535 [pool-247-thread-1] INFO  server.RaftServerConfigKeys (ConfUtils.java:logGet(43)) - raft.server.snapshot.retention.num.files = 5 (custom)
2019-09-25 12:53:40,535 [pool-247-thread-1] INFO  server.RaftServerConfigKeys (ConfUtils.java:logGet(43)) - raft.server.retrycache.expirytime = 600000ms (custom)
2019-09-25 12:53:40,537 [pool-247-thread-1] INFO  impl.RaftServerImpl (RaftServerImpl.java:start(185)) - da22cbcc-9e9c-4f3e-9508-80057178297b@group-75079C28F9BD: start as a follower, conf=-1: [da22cbcc-9e9c-4f3e-9508-80057178297b:192.168.151.73:36139], old=null
2019-09-25 12:53:40,537 [pool-247-thread-1] INFO  impl.RaftServerImpl (RaftServerImpl.java:setRole(174)) - da22cbcc-9e9c-4f3e-9508-80057178297b@group-75079C28F9BD: changes role from      null to FOLLOWER at term 0 for startAsFollower
2019-09-25 12:53:40,537 [pool-247-thread-1] INFO  impl.RoleInfo (RoleInfo.java:updateAndGet(143)) - da22cbcc-9e9c-4f3e-9508-80057178297b: start FollowerState
2019-09-25 12:53:40,538 [pool-247-thread-1] INFO  util.JmxRegister (JmxRegister.java:tryRegister(44)) - Successfully registered JMX Bean with object name Ratis:service=RaftServer,group=group-75079C28F9BD,id=da22cbcc-9e9c-4f3e-9508-80057178297b
2019-09-25 12:53:40,541 [RatisPipelineUtilsThread] INFO  pipeline.PipelineStateManager (PipelineStateManager.java:addPipeline(56)) - Created pipeline Pipeline[ Id: 48152531-d151-4797-b01d-75079c28f9bd, Nodes: da22cbcc-9e9c-4f3e-9508-80057178297b{ip: 192.168.151.73, host: pr-hdds-1569-shd4m-3693607622, networkLocation: /default-rack, certSerialId: null}, Type:RATIS, Factor:ONE, State:OPEN]
2019-09-25 12:53:40,542 [RatisPipelineUtilsThread] INFO  pipeline.PipelinePlacementPolicy (PipelinePlacementPolicy.java:meetCriteria(91)) - Pipeline Placement: can't place more pipeline on heavy datanode： 91e0df8d-aa90-4523-8ab3-ad8e72cea289 Heaviness: 6 limit: 5
2019-09-25 12:53:40,542 [RatisPipelineUtilsThread] INFO  pipeline.PipelinePlacementPolicy (PipelinePlacementPolicy.java:meetCriteria(91)) - Pipeline Placement: can't place more pipeline on heavy datanode： 7c87bf37-239f-4076-a225-0ee12d327949 Heaviness: 6 limit: 5
2019-09-25 12:53:40,547 [grpc-default-executor-0] INFO  impl.RaftServerProxy (RaftServerProxy.java:addNew(89)) - da22cbcc-9e9c-4f3e-9508-80057178297b: addNew group-46772AC9ABDD:[da22cbcc-9e9c-4f3e-9508-80057178297b:192.168.151.73:36139] returns group-46772AC9ABDD:java.util.concurrent.CompletableFuture@1077464e[Not completed]
2019-09-25 12:53:40,548 [pool-247-thread-1] INFO  impl.RaftServerImpl (RaftServerImpl.java:<init>(95)) - da22cbcc-9e9c-4f3e-9508-80057178297b: new RaftServerImpl for group-46772AC9ABDD:[da22cbcc-9e9c-4f3e-9508-80057178297b:192.168.151.73:36139] with ContainerStateMachine:uninitialized
2019-09-25 12:53:40,549 [pool-247-thread-1] INFO  server.RaftServerConfigKeys (ConfUtils.java:logGet(43)) - raft.server.rpc.timeout.min = 5s (custom)
2019-09-25 12:53:40,549 [pool-247-thread-1] INFO  server.RaftServerConfigKeys (ConfUtils.java:logGet(43)) - raft.server.rpc.timeout.max = 5200ms (custom)
2019-09-25 12:53:40,549 [pool-247-thread-1] INFO  server.RaftServerConfigKeys (ConfUtils.java:logGet(43)) - raft.server.rpcslowness.timeout = 120s (custom)
2019-09-25 12:53:40,549 [pool-247-thread-1] INFO  server.RaftServerConfigKeys (ConfUtils.java:logGet(43)) - raft.server.sleep.deviation.threshold = 300 (default)
2019-09-25 12:53:40,549 [pool-247-thread-1] INFO  server.RaftServerConfigKeys (ConfUtils.java:logGet(43)) - raft.server.log.appender.install.snapshot.enabled = false (custom)
2019-09-25 12:53:40,549 [pool-247-thread-1] INFO  impl.RaftServerImpl (ServerState.java:<init>(103)) - da22cbcc-9e9c-4f3e-9508-80057178297b@group-46772AC9ABDD: ConfigurationManager, init=-1: [da22cbcc-9e9c-4f3e-9508-80057178297b:192.168.151.73:36139], old=null, confs=<EMPTY_MAP>
2019-09-25 12:53:40,550 [pool-247-thread-1] INFO  server.RaftServerConfigKeys (ConfUtils.java:logGet(43)) - raft.server.storage.dir = [/workdir/hadoop-ozone/ozonefs/target/test-dir/MiniOzoneClusterImpl-8d8fabca-1d4e-4b07-acaa-462c274cc386/datanode-2/data/ratis] (custom)
2019-09-25 12:53:40,550 [pool-247-thread-1] INFO  storage.RaftStorageDirectory (RaftStorageDirectory.java:analyzeStorage(246)) - The storage directory /workdir/hadoop-ozone/ozonefs/target/test-dir/MiniOzoneClusterImpl-8d8fabca-1d4e-4b07-acaa-462c274cc386/datanode-2/data/ratis/1a6e9bb4-9d59-442d-a779-46772ac9abdd does not exist. Creating ...
2019-09-25 12:53:40,573 [pool-247-thread-1] INFO  storage.RaftStorageDirectory (RaftStorageDirectory.java:tryLock(328)) - Lock on /workdir/hadoop-ozone/ozonefs/target/test-dir/MiniOzoneClusterImpl-8d8fabca-1d4e-4b07-acaa-462c274cc386/datanode-2/data/ratis/1a6e9bb4-9d59-442d-a779-46772ac9abdd/in_use.lock acquired by nodename 3512@pr-hdds-1569-shd4m-3693607622
2019-09-25 12:53:40,578 [Thread-1073] INFO  ozone.MiniOzoneClusterImpl (MiniOzoneClusterImpl.java:lambda$waitForClusterToBeReady$0(147)) - Cluster is ready. Got 3 of 3 DN Heartbeats.
2019-09-25 12:53:40,599 [pool-247-thread-1] INFO  storage.RaftStorage (RaftStorage.java:format(72)) - Storage directory /workdir/hadoop-ozone/ozonefs/target/test-dir/MiniOzoneClusterImpl-8d8fabca-1d4e-4b07-acaa-462c274cc386/datanode-2/data/ratis/1a6e9bb4-9d59-442d-a779-46772ac9abdd has been successfully formatted.
2019-09-25 12:53:40,606 [pool-247-thread-1] INFO  ratis.ContainerStateMachine (ContainerStateMachine.java:loadSnapshot(230)) - group-46772AC9ABDD: The snapshot info is null. Setting the last applied indexto:(t:0, i:~)
2019-09-25 12:53:40,606 [pool-247-thread-1] INFO  server.RaftServerConfigKeys (ConfUtils.java:logGet(43)) - raft.server.notification.no-leader.timeout = 120s (custom)
2019-09-25 12:53:40,606 [pool-247-thread-1] INFO  server.RaftServerConfigKeys (ConfUtils.java:logGet(43)) - raft.server.log.use.memory = false (default)
2019-09-25 12:53:40,606 [pool-247-thread-1] INFO  server.RaftServerConfigKeys (ConfUtils.java:logGet(43)) - raft.server.log.purge.gap = 1000000 (custom)
2019-09-25 12:53:40,607 [pool-247-thread-1] INFO  server.RaftServerConfigKeys (ConfUtils.java:logGet(43)) - raft.server.log.appender.buffer.byte-limit = 33554432 (custom)
2019-09-25 12:53:40,607 [pool-247-thread-1] INFO  server.RaftServerConfigKeys (ConfUtils.java:logGet(43)) - raft.server.log.segment.size.max = 1048576 (custom)
2019-09-25 12:53:40,607 [pool-247-thread-1] INFO  server.RaftServerConfigKeys (ConfUtils.java:logGet(43)) - raft.server.log.segment.cache.num.max = 2 (custom)
2019-09-25 12:53:40,607 [pool-247-thread-1] INFO  segmented.SegmentedRaftLogWorker (SegmentedRaftLogWorker.java:<init>(172)) - new da22cbcc-9e9c-4f3e-9508-80057178297b@group-46772AC9ABDD-SegmentedRaftLogWorker for RaftStorage:Storage Directory /workdir/hadoop-ozone/ozonefs/target/test-dir/MiniOzoneClusterImpl-8d8fabca-1d4e-4b07-acaa-462c274cc386/datanode-2/data/ratis/1a6e9bb4-9d59-442d-a779-46772ac9abdd
2019-09-25 12:53:40,607 [pool-247-thread-1] INFO  server.RaftServerConfigKeys (ConfUtils.java:logGet(43)) - raft.server.log.queue.byte-limit = 2147483647 (custom)
2019-09-25 12:53:40,607 [pool-247-thread-1] INFO  server.RaftServerConfigKeys (ConfUtils.java:logGet(43)) - raft.server.log.queue.element-limit = 1024 (custom)
2019-09-25 12:53:40,608 [pool-247-thread-1] INFO  server.RaftServerConfigKeys (ConfUtils.java:logGet(43)) - raft.server.log.segment.size.max = 1048576 (custom)
2019-09-25 12:53:40,608 [pool-247-thread-1] INFO  server.RaftServerConfigKeys (ConfUtils.java:logGet(43)) - raft.server.log.preallocated.size = 16384 (custom)
2019-09-25 12:53:40,608 [pool-247-thread-1] INFO  server.RaftServerConfigKeys (ConfUtils.java:logGet(43)) - raft.server.log.write.buffer.size = 33554432 (custom)
2019-09-25 12:53:40,608 [pool-247-thread-1] INFO  server.RaftServerConfigKeys (ConfUtils.java:logGet(43)) - raft.server.log.force.sync.num = 128 (default)
2019-09-25 12:53:40,608 [pool-247-thread-1] INFO  server.RaftServerConfigKeys (ConfUtils.java:logGet(43)) - raft.server.log.statemachine.data.sync = true (default)
2019-09-25 12:53:40,608 [pool-247-thread-1] INFO  server.RaftServerConfigKeys (ConfUtils.java:logGet(43)) - raft.server.log.statemachine.data.sync.timeout = 10s (default)
2019-09-25 12:53:40,609 [pool-247-thread-1] INFO  server.RaftServerConfigKeys (ConfUtils.java:logGet(43)) - raft.server.log.statemachine.data.sync.timeout.retry = -1 (default)
2019-09-25 12:53:40,609 [pool-247-thread-1] INFO  server.RaftServerConfigKeys (ConfUtils.java:logGet(43)) - raft.server.log.statemachine.data.caching.enabled = true (custom)
2019-09-25 12:53:40,609 [pool-247-thread-1] INFO  segmented.SegmentedRaftLogWorker (SegmentedRaftLogWorker.java:lambda$new$0(132)) - da22cbcc-9e9c-4f3e-9508-80057178297b@group-46772AC9ABDD-SegmentedRaftLogWorker: flushIndex: setUnconditionally 0 -> -1
2019-09-25 12:53:40,610 [pool-247-thread-1] INFO  server.RaftServerConfigKeys (ConfUtils.java:logGet(43)) - raft.server.snapshot.auto.trigger.enabled = true (custom)
2019-09-25 12:53:40,610 [pool-247-thread-1] INFO  server.RaftServerConfigKeys (ConfUtils.java:logGet(43)) - raft.server.snapshot.auto.trigger.threshold = 10000 (custom)
2019-09-25 12:53:40,610 [pool-247-thread-1] INFO  server.RaftServerConfigKeys (ConfUtils.java:logGet(43)) - raft.server.snapshot.retention.num.files = 5 (custom)
2019-09-25 12:53:40,610 [pool-247-thread-1] INFO  server.RaftServerConfigKeys (ConfUtils.java:logGet(43)) - raft.server.retrycache.expirytime = 600000ms (custom)
2019-09-25 12:53:40,614 [pool-247-thread-1] INFO  impl.RaftServerImpl (RaftServerImpl.java:start(185)) - da22cbcc-9e9c-4f3e-9508-80057178297b@group-46772AC9ABDD: start as a follower, conf=-1: [da22cbcc-9e9c-4f3e-9508-80057178297b:192.168.151.73:36139], old=null
2019-09-25 12:53:40,614 [pool-247-thread-1] INFO  impl.RaftServerImpl (RaftServerImpl.java:setRole(174)) - da22cbcc-9e9c-4f3e-9508-80057178297b@group-46772AC9ABDD: changes role from      null to FOLLOWER at term 0 for startAsFollower
2019-09-25 12:53:40,614 [pool-247-thread-1] INFO  impl.RoleInfo (RoleInfo.java:updateAndGet(143)) - da22cbcc-9e9c-4f3e-9508-80057178297b: start FollowerState
2019-09-25 12:53:40,614 [pool-247-thread-1] INFO  util.JmxRegister (JmxRegister.java:tryRegister(44)) - Successfully registered JMX Bean with object name Ratis:service=RaftServer,group=group-46772AC9ABDD,id=da22cbcc-9e9c-4f3e-9508-80057178297b
2019-09-25 12:53:40,617 [RatisPipelineUtilsThread] INFO  pipeline.PipelineStateManager (PipelineStateManager.java:addPipeline(56)) - Created pipeline Pipeline[ Id: 1a6e9bb4-9d59-442d-a779-46772ac9abdd, Nodes: da22cbcc-9e9c-4f3e-9508-80057178297b{ip: 192.168.151.73, host: pr-hdds-1569-shd4m-3693607622, networkLocation: /default-rack, certSerialId: null}, Type:RATIS, Factor:ONE, State:OPEN]
2019-09-25 12:53:40,618 [RatisPipelineUtilsThread] INFO  pipeline.PipelinePlacementPolicy (PipelinePlacementPolicy.java:meetCriteria(91)) - Pipeline Placement: can't place more pipeline on heavy datanode： 91e0df8d-aa90-4523-8ab3-ad8e72cea289 Heaviness: 6 limit: 5
2019-09-25 12:53:40,618 [RatisPipelineUtilsThread] INFO  pipeline.PipelinePlacementPolicy (PipelinePlacementPolicy.java:meetCriteria(91)) - Pipeline Placement: can't place more pipeline on heavy datanode： 7c87bf37-239f-4076-a225-0ee12d327949 Heaviness: 6 limit: 5
2019-09-25 12:53:40,625 [grpc-default-executor-0] INFO  impl.RaftServerProxy (RaftServerProxy.java:addNew(89)) - da22cbcc-9e9c-4f3e-9508-80057178297b: addNew group-369F05A8ACFE:[da22cbcc-9e9c-4f3e-9508-80057178297b:192.168.151.73:36139] returns group-369F05A8ACFE:java.util.concurrent.CompletableFuture@4bc43c00[Not completed]
2019-09-25 12:53:40,626 [pool-247-thread-1] INFO  impl.RaftServerImpl (RaftServerImpl.java:<init>(95)) - da22cbcc-9e9c-4f3e-9508-80057178297b: new RaftServerImpl for group-369F05A8ACFE:[da22cbcc-9e9c-4f3e-9508-80057178297b:192.168.151.73:36139] with ContainerStateMachine:uninitialized
2019-09-25 12:53:40,626 [pool-247-thread-1] INFO  server.RaftServerConfigKeys (ConfUtils.java:logGet(43)) - raft.server.rpc.timeout.min = 5s (custom)
2019-09-25 12:53:40,626 [pool-247-thread-1] INFO  server.RaftServerConfigKeys (ConfUtils.java:logGet(43)) - raft.server.rpc.timeout.max = 5200ms (custom)
2019-09-25 12:53:40,626 [pool-247-thread-1] INFO  server.RaftServerConfigKeys (ConfUtils.java:logGet(43)) - raft.server.rpcslowness.timeout = 120s (custom)
2019-09-25 12:53:40,626 [pool-247-thread-1] INFO  server.RaftServerConfigKeys (ConfUtils.java:logGet(43)) - raft.server.sleep.deviation.threshold = 300 (default)
2019-09-25 12:53:40,626 [pool-247-thread-1] INFO  server.RaftServerConfigKeys (ConfUtils.java:logGet(43)) - raft.server.log.appender.install.snapshot.enabled = false (custom)
2019-09-25 12:53:40,627 [pool-247-thread-1] INFO  impl.RaftServerImpl (ServerState.java:<init>(103)) - da22cbcc-9e9c-4f3e-9508-80057178297b@group-369F05A8ACFE: ConfigurationManager, init=-1: [da22cbcc-9e9c-4f3e-9508-80057178297b:192.168.151.73:36139], old=null, confs=<EMPTY_MAP>
2019-09-25 12:53:40,627 [pool-247-thread-1] INFO  server.RaftServerConfigKeys (ConfUtils.java:logGet(43)) - raft.server.storage.dir = [/workdir/hadoop-ozone/ozonefs/target/test-dir/MiniOzoneClusterImpl-8d8fabca-1d4e-4b07-acaa-462c274cc386/datanode-2/data/ratis] (custom)
2019-09-25 12:53:40,634 [Thread-1073] INFO  rpc.RpcClient (RpcClient.java:createVolume(276)) - Creating Volume: volume94456, with user24412 as owner.
2019-09-25 12:53:40,634 [pool-247-thread-1] INFO  storage.RaftStorageDirectory (RaftStorageDirectory.java:analyzeStorage(246)) - The storage directory /workdir/hadoop-ozone/ozonefs/target/test-dir/MiniOzoneClusterImpl-8d8fabca-1d4e-4b07-acaa-462c274cc386/datanode-2/data/ratis/b6906d13-efd4-4f13-bebc-369f05a8acfe does not exist. Creating ...
2019-09-25 12:53:40,637 [IPC Server handler 1 on 36194] INFO  volume.OMVolumeCreateRequest (OMVolumeCreateRequest.java:validateAndUpdateCache(189)) - created volume:volume94456 for user:user24412
2019-09-25 12:53:40,652 [Thread-1073] INFO  rpc.RpcClient (RpcClient.java:createBucket(415)) - Creating Bucket: volume94456/bucket47086, with Versioning false and Storage Type set to DISK and Encryption set to false 
2019-09-25 12:53:40,659 [pool-247-thread-1] INFO  storage.RaftStorageDirectory (RaftStorageDirectory.java:tryLock(328)) - Lock on /workdir/hadoop-ozone/ozonefs/target/test-dir/MiniOzoneClusterImpl-8d8fabca-1d4e-4b07-acaa-462c274cc386/datanode-2/data/ratis/b6906d13-efd4-4f13-bebc-369f05a8acfe/in_use.lock acquired by nodename 3512@pr-hdds-1569-shd4m-3693607622
2019-09-25 12:53:40,682 [pool-247-thread-1] INFO  storage.RaftStorage (RaftStorage.java:format(72)) - Storage directory /workdir/hadoop-ozone/ozonefs/target/test-dir/MiniOzoneClusterImpl-8d8fabca-1d4e-4b07-acaa-462c274cc386/datanode-2/data/ratis/b6906d13-efd4-4f13-bebc-369f05a8acfe has been successfully formatted.
2019-09-25 12:53:40,683 [pool-247-thread-1] INFO  ratis.ContainerStateMachine (ContainerStateMachine.java:loadSnapshot(230)) - group-369F05A8ACFE: The snapshot info is null. Setting the last applied indexto:(t:0, i:~)
2019-09-25 12:53:40,683 [pool-247-thread-1] INFO  server.RaftServerConfigKeys (ConfUtils.java:logGet(43)) - raft.server.notification.no-leader.timeout = 120s (custom)
2019-09-25 12:53:40,683 [pool-247-thread-1] INFO  server.RaftServerConfigKeys (ConfUtils.java:logGet(43)) - raft.server.log.use.memory = false (default)
2019-09-25 12:53:40,683 [pool-247-thread-1] INFO  server.RaftServerConfigKeys (ConfUtils.java:logGet(43)) - raft.server.log.purge.gap = 1000000 (custom)
2019-09-25 12:53:40,684 [pool-247-thread-1] INFO  server.RaftServerConfigKeys (ConfUtils.java:logGet(43)) - raft.server.log.appender.buffer.byte-limit = 33554432 (custom)
2019-09-25 12:53:40,684 [pool-247-thread-1] INFO  server.RaftServerConfigKeys (ConfUtils.java:logGet(43)) - raft.server.log.segment.size.max = 1048576 (custom)
2019-09-25 12:53:40,684 [pool-247-thread-1] INFO  server.RaftServerConfigKeys (ConfUtils.java:logGet(43)) - raft.server.log.segment.cache.num.max = 2 (custom)
2019-09-25 12:53:40,684 [pool-247-thread-1] INFO  segmented.SegmentedRaftLogWorker (SegmentedRaftLogWorker.java:<init>(172)) - new da22cbcc-9e9c-4f3e-9508-80057178297b@group-369F05A8ACFE-SegmentedRaftLogWorker for RaftStorage:Storage Directory /workdir/hadoop-ozone/ozonefs/target/test-dir/MiniOzoneClusterImpl-8d8fabca-1d4e-4b07-acaa-462c274cc386/datanode-2/data/ratis/b6906d13-efd4-4f13-bebc-369f05a8acfe
2019-09-25 12:53:40,684 [pool-247-thread-1] INFO  server.RaftServerConfigKeys (ConfUtils.java:logGet(43)) - raft.server.log.queue.byte-limit = 2147483647 (custom)
2019-09-25 12:53:40,684 [pool-247-thread-1] INFO  server.RaftServerConfigKeys (ConfUtils.java:logGet(43)) - raft.server.log.queue.element-limit = 1024 (custom)
2019-09-25 12:53:40,685 [pool-247-thread-1] INFO  server.RaftServerConfigKeys (ConfUtils.java:logGet(43)) - raft.server.log.segment.size.max = 1048576 (custom)
2019-09-25 12:53:40,685 [pool-247-thread-1] INFO  server.RaftServerConfigKeys (ConfUtils.java:logGet(43)) - raft.server.log.preallocated.size = 16384 (custom)
2019-09-25 12:53:40,685 [pool-247-thread-1] INFO  server.RaftServerConfigKeys (ConfUtils.java:logGet(43)) - raft.server.log.write.buffer.size = 33554432 (custom)
2019-09-25 12:53:40,685 [pool-247-thread-1] INFO  server.RaftServerConfigKeys (ConfUtils.java:logGet(43)) - raft.server.log.force.sync.num = 128 (default)
2019-09-25 12:53:40,685 [pool-247-thread-1] INFO  server.RaftServerConfigKeys (ConfUtils.java:logGet(43)) - raft.server.log.statemachine.data.sync = true (default)
2019-09-25 12:53:40,685 [pool-247-thread-1] INFO  server.RaftServerConfigKeys (ConfUtils.java:logGet(43)) - raft.server.log.statemachine.data.sync.timeout = 10s (default)
2019-09-25 12:53:40,685 [pool-247-thread-1] INFO  server.RaftServerConfigKeys (ConfUtils.java:logGet(43)) - raft.server.log.statemachine.data.sync.timeout.retry = -1 (default)
2019-09-25 12:53:40,686 [pool-247-thread-1] INFO  server.RaftServerConfigKeys (ConfUtils.java:logGet(43)) - raft.server.log.statemachine.data.caching.enabled = true (custom)
2019-09-25 12:53:40,686 [pool-247-thread-1] INFO  segmented.SegmentedRaftLogWorker (SegmentedRaftLogWorker.java:lambda$new$0(132)) - da22cbcc-9e9c-4f3e-9508-80057178297b@group-369F05A8ACFE-SegmentedRaftLogWorker: flushIndex: setUnconditionally 0 -> -1
2019-09-25 12:53:40,686 [pool-247-thread-1] INFO  server.RaftServerConfigKeys (ConfUtils.java:logGet(43)) - raft.server.snapshot.auto.trigger.enabled = true (custom)
2019-09-25 12:53:40,686 [pool-247-thread-1] INFO  server.RaftServerConfigKeys (ConfUtils.java:logGet(43)) - raft.server.snapshot.auto.trigger.threshold = 10000 (custom)
2019-09-25 12:53:40,687 [pool-247-thread-1] INFO  server.RaftServerConfigKeys (ConfUtils.java:logGet(43)) - raft.server.snapshot.retention.num.files = 5 (custom)
2019-09-25 12:53:40,687 [pool-247-thread-1] INFO  server.RaftServerConfigKeys (ConfUtils.java:logGet(43)) - raft.server.retrycache.expirytime = 600000ms (custom)
2019-09-25 12:53:40,689 [pool-247-thread-1] INFO  impl.RaftServerImpl (RaftServerImpl.java:start(185)) - da22cbcc-9e9c-4f3e-9508-80057178297b@group-369F05A8ACFE: start as a follower, conf=-1: [da22cbcc-9e9c-4f3e-9508-80057178297b:192.168.151.73:36139], old=null
2019-09-25 12:53:40,689 [pool-247-thread-1] INFO  impl.RaftServerImpl (RaftServerImpl.java:setRole(174)) - da22cbcc-9e9c-4f3e-9508-80057178297b@group-369F05A8ACFE: changes role from      null to FOLLOWER at term 0 for startAsFollower
2019-09-25 12:53:40,689 [pool-247-thread-1] INFO  impl.RoleInfo (RoleInfo.java:updateAndGet(143)) - da22cbcc-9e9c-4f3e-9508-80057178297b: start FollowerState
2019-09-25 12:53:40,689 [pool-247-thread-1] INFO  util.JmxRegister (JmxRegister.java:tryRegister(44)) - Successfully registered JMX Bean with object name Ratis:service=RaftServer,group=group-369F05A8ACFE,id=da22cbcc-9e9c-4f3e-9508-80057178297b
2019-09-25 12:53:40,693 [RatisPipelineUtilsThread] INFO  pipeline.PipelineStateManager (PipelineStateManager.java:addPipeline(56)) - Created pipeline Pipeline[ Id: b6906d13-efd4-4f13-bebc-369f05a8acfe, Nodes: da22cbcc-9e9c-4f3e-9508-80057178297b{ip: 192.168.151.73, host: pr-hdds-1569-shd4m-3693607622, networkLocation: /default-rack, certSerialId: null}, Type:RATIS, Factor:ONE, State:OPEN]
2019-09-25 12:53:40,693 [RatisPipelineUtilsThread] INFO  pipeline.PipelinePlacementPolicy (PipelinePlacementPolicy.java:meetCriteria(91)) - Pipeline Placement: can't place more pipeline on heavy datanode： da22cbcc-9e9c-4f3e-9508-80057178297b Heaviness: 6 limit: 5
2019-09-25 12:53:40,693 [RatisPipelineUtilsThread] INFO  pipeline.PipelinePlacementPolicy (PipelinePlacementPolicy.java:meetCriteria(91)) - Pipeline Placement: can't place more pipeline on heavy datanode： 91e0df8d-aa90-4523-8ab3-ad8e72cea289 Heaviness: 6 limit: 5
2019-09-25 12:53:40,693 [RatisPipelineUtilsThread] INFO  pipeline.PipelinePlacementPolicy (PipelinePlacementPolicy.java:meetCriteria(91)) - Pipeline Placement: can't place more pipeline on heavy datanode： 7c87bf37-239f-4076-a225-0ee12d327949 Heaviness: 6 limit: 5
2019-09-25 12:53:40,694 [RatisPipelineUtilsThread] ERROR pipeline.PipelinePlacementPolicy (PipelinePlacementPolicy.java:filterViableNodes(148)) - Unable to find enough nodes that meet the criteria that cannot engage in more than 5 pipelines. Nodes required: 1 Found: 0, healthy nodes count inNodeManager: 3.
2019-09-25 12:53:40,694 [RatisPipelineUtilsThread] ERROR pipeline.SCMPipelineManager (SCMPipelineManager.java:createPipeline(167)) - Pipeline creation failed.
org.apache.hadoop.hdds.scm.exceptions.SCMException: Unable to find enough nodes that meet the criteria that cannot engage in more than 5 pipelines. Nodes required: 1 Found: 0, healthy nodes count inNodeManager: 3.
	at org.apache.hadoop.hdds.scm.pipeline.PipelinePlacementPolicy.filterViableNodes(PipelinePlacementPolicy.java:149)
	at org.apache.hadoop.hdds.scm.pipeline.PipelinePlacementPolicy.chooseDatanodes(PipelinePlacementPolicy.java:172)
	at org.apache.hadoop.hdds.scm.pipeline.RatisPipelineProvider.create(RatisPipelineProvider.java:93)
	at org.apache.hadoop.hdds.scm.pipeline.PipelineFactory.create(PipelineFactory.java:58)
	at org.apache.hadoop.hdds.scm.pipeline.SCMPipelineManager.createPipeline(SCMPipelineManager.java:155)
	at org.apache.hadoop.hdds.scm.pipeline.BackgroundPipelineCreator.createPipelines(BackgroundPipelineCreator.java:99)
	at java.util.concurrent.Executors$RunnableAdapter.call(Executors.java:511)
	at java.util.concurrent.FutureTask.run(FutureTask.java:266)
	at java.util.concurrent.ScheduledThreadPoolExecutor$ScheduledFutureTask.access$201(ScheduledThreadPoolExecutor.java:180)
	at java.util.concurrent.ScheduledThreadPoolExecutor$ScheduledFutureTask.run(ScheduledThreadPoolExecutor.java:293)
	at java.util.concurrent.ThreadPoolExecutor.runWorker(ThreadPoolExecutor.java:1149)
	at java.util.concurrent.ThreadPoolExecutor$Worker.run(ThreadPoolExecutor.java:624)
	at java.lang.Thread.run(Thread.java:748)
2019-09-25 12:53:40,694 [RatisPipelineUtilsThread] INFO  pipeline.PipelinePlacementPolicy (PipelinePlacementPolicy.java:meetCriteria(91)) - Pipeline Placement: can't place more pipeline on heavy datanode： da22cbcc-9e9c-4f3e-9508-80057178297b Heaviness: 6 limit: 5
2019-09-25 12:53:40,694 [RatisPipelineUtilsThread] INFO  pipeline.PipelinePlacementPolicy (PipelinePlacementPolicy.java:meetCriteria(91)) - Pipeline Placement: can't place more pipeline on heavy datanode： 91e0df8d-aa90-4523-8ab3-ad8e72cea289 Heaviness: 6 limit: 5
2019-09-25 12:53:40,695 [RatisPipelineUtilsThread] INFO  pipeline.PipelinePlacementPolicy (PipelinePlacementPolicy.java:meetCriteria(91)) - Pipeline Placement: can't place more pipeline on heavy datanode： 7c87bf37-239f-4076-a225-0ee12d327949 Heaviness: 6 limit: 5
2019-09-25 12:53:40,695 [RatisPipelineUtilsThread] ERROR pipeline.PipelinePlacementPolicy (PipelinePlacementPolicy.java:filterViableNodes(148)) - Unable to find enough nodes that meet the criteria that cannot engage in more than 5 pipelines. Nodes required: 3 Found: 0, healthy nodes count inNodeManager: 3.
2019-09-25 12:53:40,695 [RatisPipelineUtilsThread] ERROR pipeline.SCMPipelineManager (SCMPipelineManager.java:createPipeline(167)) - Pipeline creation failed.
org.apache.hadoop.hdds.scm.exceptions.SCMException: Unable to find enough nodes that meet the criteria that cannot engage in more than 5 pipelines. Nodes required: 3 Found: 0, healthy nodes count inNodeManager: 3.
	at org.apache.hadoop.hdds.scm.pipeline.PipelinePlacementPolicy.filterViableNodes(PipelinePlacementPolicy.java:149)
	at org.apache.hadoop.hdds.scm.pipeline.PipelinePlacementPolicy.chooseDatanodes(PipelinePlacementPolicy.java:172)
	at org.apache.hadoop.hdds.scm.pipeline.RatisPipelineProvider.create(RatisPipelineProvider.java:93)
	at org.apache.hadoop.hdds.scm.pipeline.PipelineFactory.create(PipelineFactory.java:58)
	at org.apache.hadoop.hdds.scm.pipeline.SCMPipelineManager.createPipeline(SCMPipelineManager.java:155)
	at org.apache.hadoop.hdds.scm.pipeline.BackgroundPipelineCreator.createPipelines(BackgroundPipelineCreator.java:99)
	at java.util.concurrent.Executors$RunnableAdapter.call(Executors.java:511)
	at java.util.concurrent.FutureTask.run(FutureTask.java:266)
	at java.util.concurrent.ScheduledThreadPoolExecutor$ScheduledFutureTask.access$201(ScheduledThreadPoolExecutor.java:180)
	at java.util.concurrent.ScheduledThreadPoolExecutor$ScheduledFutureTask.run(ScheduledThreadPoolExecutor.java:293)
	at java.util.concurrent.ThreadPoolExecutor.runWorker(ThreadPoolExecutor.java:1149)
	at java.util.concurrent.ThreadPoolExecutor$Worker.run(ThreadPoolExecutor.java:624)
	at java.lang.Thread.run(Thread.java:748)
2019-09-25 12:53:40,706 [RatisPipelineUtilsThread] INFO  pipeline.PipelinePlacementPolicy (PipelinePlacementPolicy.java:meetCriteria(91)) - Pipeline Placement: can't place more pipeline on heavy datanode： da22cbcc-9e9c-4f3e-9508-80057178297b Heaviness: 6 limit: 5
2019-09-25 12:53:40,707 [RatisPipelineUtilsThread] INFO  pipeline.PipelinePlacementPolicy (PipelinePlacementPolicy.java:meetCriteria(91)) - Pipeline Placement: can't place more pipeline on heavy datanode： 91e0df8d-aa90-4523-8ab3-ad8e72cea289 Heaviness: 6 limit: 5
2019-09-25 12:53:40,707 [RatisPipelineUtilsThread] INFO  pipeline.PipelinePlacementPolicy (PipelinePlacementPolicy.java:meetCriteria(91)) - Pipeline Placement: can't place more pipeline on heavy datanode： 7c87bf37-239f-4076-a225-0ee12d327949 Heaviness: 6 limit: 5
2019-09-25 12:53:40,707 [RatisPipelineUtilsThread] ERROR pipeline.PipelinePlacementPolicy (PipelinePlacementPolicy.java:filterViableNodes(148)) - Unable to find enough nodes that meet the criteria that cannot engage in more than 5 pipelines. Nodes required: 1 Found: 0, healthy nodes count inNodeManager: 3.
2019-09-25 12:53:40,707 [RatisPipelineUtilsThread] ERROR pipeline.SCMPipelineManager (SCMPipelineManager.java:createPipeline(167)) - Pipeline creation failed.
org.apache.hadoop.hdds.scm.exceptions.SCMException: Unable to find enough nodes that meet the criteria that cannot engage in more than 5 pipelines. Nodes required: 1 Found: 0, healthy nodes count inNodeManager: 3.
	at org.apache.hadoop.hdds.scm.pipeline.PipelinePlacementPolicy.filterViableNodes(PipelinePlacementPolicy.java:149)
	at org.apache.hadoop.hdds.scm.pipeline.PipelinePlacementPolicy.chooseDatanodes(PipelinePlacementPolicy.java:172)
	at org.apache.hadoop.hdds.scm.pipeline.RatisPipelineProvider.create(RatisPipelineProvider.java:93)
	at org.apache.hadoop.hdds.scm.pipeline.PipelineFactory.create(PipelineFactory.java:58)
	at org.apache.hadoop.hdds.scm.pipeline.SCMPipelineManager.createPipeline(SCMPipelineManager.java:155)
	at org.apache.hadoop.hdds.scm.pipeline.BackgroundPipelineCreator.createPipelines(BackgroundPipelineCreator.java:99)
	at org.apache.hadoop.hdds.scm.pipeline.BackgroundPipelineCreator.lambda$startFixedIntervalPipelineCreator$0(BackgroundPipelineCreator.java:70)
	at java.util.concurrent.Executors$RunnableAdapter.call(Executors.java:511)
	at java.util.concurrent.FutureTask.runAndReset(FutureTask.java:308)
	at java.util.concurrent.ScheduledThreadPoolExecutor$ScheduledFutureTask.access$301(ScheduledThreadPoolExecutor.java:180)
	at java.util.concurrent.ScheduledThreadPoolExecutor$ScheduledFutureTask.run(ScheduledThreadPoolExecutor.java:294)
	at java.util.concurrent.ThreadPoolExecutor.runWorker(ThreadPoolExecutor.java:1149)
	at java.util.concurrent.ThreadPoolExecutor$Worker.run(ThreadPoolExecutor.java:624)
	at java.lang.Thread.run(Thread.java:748)
2019-09-25 12:53:40,707 [RatisPipelineUtilsThread] INFO  pipeline.PipelinePlacementPolicy (PipelinePlacementPolicy.java:meetCriteria(91)) - Pipeline Placement: can't place more pipeline on heavy datanode： da22cbcc-9e9c-4f3e-9508-80057178297b Heaviness: 6 limit: 5
2019-09-25 12:53:40,708 [RatisPipelineUtilsThread] INFO  pipeline.PipelinePlacementPolicy (PipelinePlacementPolicy.java:meetCriteria(91)) - Pipeline Placement: can't place more pipeline on heavy datanode： 91e0df8d-aa90-4523-8ab3-ad8e72cea289 Heaviness: 6 limit: 5
2019-09-25 12:53:40,708 [RatisPipelineUtilsThread] INFO  pipeline.PipelinePlacementPolicy (PipelinePlacementPolicy.java:meetCriteria(91)) - Pipeline Placement: can't place more pipeline on heavy datanode： 7c87bf37-239f-4076-a225-0ee12d327949 Heaviness: 6 limit: 5
2019-09-25 12:53:40,708 [RatisPipelineUtilsThread] ERROR pipeline.PipelinePlacementPolicy (PipelinePlacementPolicy.java:filterViableNodes(148)) - Unable to find enough nodes that meet the criteria that cannot engage in more than 5 pipelines. Nodes required: 3 Found: 0, healthy nodes count inNodeManager: 3.
2019-09-25 12:53:40,708 [RatisPipelineUtilsThread] ERROR pipeline.SCMPipelineManager (SCMPipelineManager.java:createPipeline(167)) - Pipeline creation failed.
org.apache.hadoop.hdds.scm.exceptions.SCMException: Unable to find enough nodes that meet the criteria that cannot engage in more than 5 pipelines. Nodes required: 3 Found: 0, healthy nodes count inNodeManager: 3.
	at org.apache.hadoop.hdds.scm.pipeline.PipelinePlacementPolicy.filterViableNodes(PipelinePlacementPolicy.java:149)
	at org.apache.hadoop.hdds.scm.pipeline.PipelinePlacementPolicy.chooseDatanodes(PipelinePlacementPolicy.java:172)
	at org.apache.hadoop.hdds.scm.pipeline.RatisPipelineProvider.create(RatisPipelineProvider.java:93)
	at org.apache.hadoop.hdds.scm.pipeline.PipelineFactory.create(PipelineFactory.java:58)
	at org.apache.hadoop.hdds.scm.pipeline.SCMPipelineManager.createPipeline(SCMPipelineManager.java:155)
	at org.apache.hadoop.hdds.scm.pipeline.BackgroundPipelineCreator.createPipelines(BackgroundPipelineCreator.java:99)
	at org.apache.hadoop.hdds.scm.pipeline.BackgroundPipelineCreator.lambda$startFixedIntervalPipelineCreator$0(BackgroundPipelineCreator.java:70)
	at java.util.concurrent.Executors$RunnableAdapter.call(Executors.java:511)
	at java.util.concurrent.FutureTask.runAndReset(FutureTask.java:308)
	at java.util.concurrent.ScheduledThreadPoolExecutor$ScheduledFutureTask.access$301(ScheduledThreadPoolExecutor.java:180)
	at java.util.concurrent.ScheduledThreadPoolExecutor$ScheduledFutureTask.run(ScheduledThreadPoolExecutor.java:294)
	at java.util.concurrent.ThreadPoolExecutor.runWorker(ThreadPoolExecutor.java:1149)
	at java.util.concurrent.ThreadPoolExecutor$Worker.run(ThreadPoolExecutor.java:624)
	at java.lang.Thread.run(Thread.java:748)
2019-09-25 12:53:40,740 [IPC Server handler 3 on 35119] INFO  pipeline.PipelinePlacementPolicy (PipelinePlacementPolicy.java:meetCriteria(91)) - Pipeline Placement: can't place more pipeline on heavy datanode： da22cbcc-9e9c-4f3e-9508-80057178297b Heaviness: 6 limit: 5
2019-09-25 12:53:40,741 [IPC Server handler 3 on 35119] INFO  pipeline.PipelinePlacementPolicy (PipelinePlacementPolicy.java:meetCriteria(91)) - Pipeline Placement: can't place more pipeline on heavy datanode： 91e0df8d-aa90-4523-8ab3-ad8e72cea289 Heaviness: 6 limit: 5
2019-09-25 12:53:40,741 [IPC Server handler 3 on 35119] INFO  pipeline.PipelinePlacementPolicy (PipelinePlacementPolicy.java:meetCriteria(91)) - Pipeline Placement: can't place more pipeline on heavy datanode： 7c87bf37-239f-4076-a225-0ee12d327949 Heaviness: 6 limit: 5
2019-09-25 12:53:40,741 [IPC Server handler 3 on 35119] ERROR pipeline.PipelinePlacementPolicy (PipelinePlacementPolicy.java:filterViableNodes(148)) - Unable to find enough nodes that meet the criteria that cannot engage in more than 5 pipelines. Nodes required: 3 Found: 0, healthy nodes count inNodeManager: 3.
2019-09-25 12:53:40,741 [IPC Server handler 3 on 35119] ERROR pipeline.SCMPipelineManager (SCMPipelineManager.java:createPipeline(167)) - Pipeline creation failed.
org.apache.hadoop.hdds.scm.exceptions.SCMException: Unable to find enough nodes that meet the criteria that cannot engage in more than 5 pipelines. Nodes required: 3 Found: 0, healthy nodes count inNodeManager: 3.
	at org.apache.hadoop.hdds.scm.pipeline.PipelinePlacementPolicy.filterViableNodes(PipelinePlacementPolicy.java:149)
	at org.apache.hadoop.hdds.scm.pipeline.PipelinePlacementPolicy.chooseDatanodes(PipelinePlacementPolicy.java:172)
	at org.apache.hadoop.hdds.scm.pipeline.RatisPipelineProvider.create(RatisPipelineProvider.java:93)
	at org.apache.hadoop.hdds.scm.pipeline.PipelineFactory.create(PipelineFactory.java:58)
	at org.apache.hadoop.hdds.scm.pipeline.SCMPipelineManager.createPipeline(SCMPipelineManager.java:155)
	at org.apache.hadoop.hdds.scm.block.BlockManagerImpl.allocateBlock(BlockManagerImpl.java:190)
	at org.apache.hadoop.hdds.scm.server.SCMBlockProtocolServer.allocateBlock(SCMBlockProtocolServer.java:182)
	at org.apache.hadoop.ozone.protocolPB.ScmBlockLocationProtocolServerSideTranslatorPB.allocateScmBlock(ScmBlockLocationProtocolServerSideTranslatorPB.java:183)
	at org.apache.hadoop.ozone.protocolPB.ScmBlockLocationProtocolServerSideTranslatorPB.processMessage(ScmBlockLocationProtocolServerSideTranslatorPB.java:141)
	at org.apache.hadoop.ozone.protocolPB.ScmBlockLocationProtocolServerSideTranslatorPB.send(ScmBlockLocationProtocolServerSideTranslatorPB.java:116)
	at org.apache.hadoop.hdds.protocol.proto.ScmBlockLocationProtocolProtos$ScmBlockLocationProtocolService$2.callBlockingMethod(ScmBlockLocationProtocolProtos.java:13157)
	at org.apache.hadoop.ipc.ProtobufRpcEngine$Server$ProtoBufRpcInvoker.call(ProtobufRpcEngine.java:524)
	at org.apache.hadoop.ipc.RPC$Server.call(RPC.java:1025)
	at org.apache.hadoop.ipc.Server$RpcCall.run(Server.java:876)
	at org.apache.hadoop.ipc.Server$RpcCall.run(Server.java:822)
	at java.security.AccessController.doPrivileged(Native Method)
	at javax.security.auth.Subject.doAs(Subject.java:422)
	at org.apache.hadoop.security.UserGroupInformation.doAs(UserGroupInformation.java:1730)
	at org.apache.hadoop.ipc.Server$Handler.run(Server.java:2682)
2019-09-25 12:53:40,742 [IPC Server handler 3 on 35119] WARN  block.BlockManagerImpl (BlockManagerImpl.java:allocateBlock(192)) - Pipeline creation failed for type:RATIS factor:THREE. Retrying get pipelines call once.
org.apache.hadoop.hdds.scm.exceptions.SCMException: Unable to find enough nodes that meet the criteria that cannot engage in more than 5 pipelines. Nodes required: 3 Found: 0, healthy nodes count inNodeManager: 3.
	at org.apache.hadoop.hdds.scm.pipeline.PipelinePlacementPolicy.filterViableNodes(PipelinePlacementPolicy.java:149)
	at org.apache.hadoop.hdds.scm.pipeline.PipelinePlacementPolicy.chooseDatanodes(PipelinePlacementPolicy.java:172)
	at org.apache.hadoop.hdds.scm.pipeline.RatisPipelineProvider.create(RatisPipelineProvider.java:93)
	at org.apache.hadoop.hdds.scm.pipeline.PipelineFactory.create(PipelineFactory.java:58)
	at org.apache.hadoop.hdds.scm.pipeline.SCMPipelineManager.createPipeline(SCMPipelineManager.java:155)
	at org.apache.hadoop.hdds.scm.block.BlockManagerImpl.allocateBlock(BlockManagerImpl.java:190)
	at org.apache.hadoop.hdds.scm.server.SCMBlockProtocolServer.allocateBlock(SCMBlockProtocolServer.java:182)
	at org.apache.hadoop.ozone.protocolPB.ScmBlockLocationProtocolServerSideTranslatorPB.allocateScmBlock(ScmBlockLocationProtocolServerSideTranslatorPB.java:183)
	at org.apache.hadoop.ozone.protocolPB.ScmBlockLocationProtocolServerSideTranslatorPB.processMessage(ScmBlockLocationProtocolServerSideTranslatorPB.java:141)
	at org.apache.hadoop.ozone.protocolPB.ScmBlockLocationProtocolServerSideTranslatorPB.send(ScmBlockLocationProtocolServerSideTranslatorPB.java:116)
	at org.apache.hadoop.hdds.protocol.proto.ScmBlockLocationProtocolProtos$ScmBlockLocationProtocolService$2.callBlockingMethod(ScmBlockLocationProtocolProtos.java:13157)
	at org.apache.hadoop.ipc.ProtobufRpcEngine$Server$ProtoBufRpcInvoker.call(ProtobufRpcEngine.java:524)
	at org.apache.hadoop.ipc.RPC$Server.call(RPC.java:1025)
	at org.apache.hadoop.ipc.Server$RpcCall.run(Server.java:876)
	at org.apache.hadoop.ipc.Server$RpcCall.run(Server.java:822)
	at java.security.AccessController.doPrivileged(Native Method)
	at javax.security.auth.Subject.doAs(Subject.java:422)
	at org.apache.hadoop.security.UserGroupInformation.doAs(UserGroupInformation.java:1730)
	at org.apache.hadoop.ipc.Server$Handler.run(Server.java:2682)
2019-09-25 12:53:40,742 [IPC Server handler 3 on 35119] INFO  block.BlockManagerImpl (BlockManagerImpl.java:allocateBlock(198)) - Could not find available pipeline of type:RATIS and factor:THREE even after retrying
2019-09-25 12:53:40,743 [IPC Server handler 3 on 35119] ERROR block.BlockManagerImpl (BlockManagerImpl.java:allocateBlock(222)) - Unable to allocate a block for the size: 4194304, type: RATIS, factor: THREE
2019-09-25 12:53:40,747 [Thread-1073] INFO  ozone.MiniOzoneClusterImpl (MiniOzoneClusterImpl.java:shutdown(314)) - Shutting down the Mini Ozone Cluster
2019-09-25 12:53:40,748 [Thread-1073] INFO  ozone.MiniOzoneClusterImpl (MiniOzoneClusterImpl.java:stop(330)) - Stopping the Mini Ozone Cluster
2019-09-25 12:53:40,748 [Thread-1073] INFO  ozone.MiniOzoneClusterImpl (MiniOzoneClusterImpl.java:stopOM(400)) - Stopping the OzoneManager
2019-09-25 12:53:40,748 [Thread-1073] INFO  ipc.Server (Server.java:stop(3082)) - Stopping server on 36194
2019-09-25 12:53:40,753 [IPC Server listener on 36194] INFO  ipc.Server (Server.java:run(1185)) - Stopping IPC Server listener on 36194
2019-09-25 12:53:40,753 [Thread-1073] INFO  ratis.OzoneManagerDoubleBuffer (OzoneManagerDoubleBuffer.java:stop(248)) - Stopping OMDoubleBuffer flush thread
2019-09-25 12:53:40,753 [IPC Server Responder] INFO  ipc.Server (Server.java:run(1319)) - Stopping IPC Server Responder
2019-09-25 12:53:40,763 [OMDoubleBufferFlushThread] INFO  ratis.OzoneManagerDoubleBuffer (OzoneManagerDoubleBuffer.java:flushTransactions(191)) - OMDoubleBuffer flush thread OMDoubleBufferFlushThread is interrupted and will exit. OMDoubleBufferFlushThread
2019-09-25 12:53:40,764 [Thread-1073] INFO  utils.BackgroundService (BackgroundService.java:shutdown(148)) - Shutting down service KeyDeletingService
2019-09-25 12:53:40,765 [Thread-1073] INFO  handler.ContextHandler (ContextHandler.java:doStop(910)) - Stopped o.e.j.w.WebAppContext@3bc14642{/,null,UNAVAILABLE}{/ozoneManager}
2019-09-25 12:53:40,766 [Thread-1073] INFO  server.AbstractConnector (AbstractConnector.java:doStop(318)) - Stopped ServerConnector@26147d5e{HTTP/1.1,[http/1.1]}{0.0.0.0:0}
2019-09-25 12:53:40,767 [Thread-1073] INFO  handler.ContextHandler (ContextHandler.java:doStop(910)) - Stopped o.e.j.s.ServletContextHandler@64aa3a8f{/static,jar:file:/home/user/.m2/repository/org/apache/hadoop/hadoop-ozone-ozone-manager/0.5.0-SNAPSHOT/hadoop-ozone-ozone-manager-0.5.0-SNAPSHOT.jar!/webapps/static,UNAVAILABLE}
2019-09-25 12:53:40,767 [Thread-1073] INFO  handler.ContextHandler (ContextHandler.java:doStop(910)) - Stopped o.e.j.s.ServletContextHandler@50a1527b{/logs,file:///workdir/hadoop-ozone/ozonefs/target/log,UNAVAILABLE}
2019-09-25 12:53:40,769 [Thread-1073] INFO  ozone.MiniOzoneClusterImpl (MiniOzoneClusterImpl.java:stopDatanodes(377)) - Stopping the HddsDatanodes
2019-09-25 12:53:41,423 [Datanode State Machine Thread - 0] INFO  statemachine.DatanodeStateMachine (DatanodeStateMachine.java:lambda$startDaemon$0(350)) - Ozone container server started.
2019-09-25 12:53:41,499 [Datanode State Machine Thread - 0] INFO  statemachine.DatanodeStateMachine (DatanodeStateMachine.java:lambda$startDaemon$0(350)) - Ozone container server started.
2019-09-25 12:53:42,436 [Thread-1245] INFO  container.ReplicationManager (ReplicationManager.java:start(163)) - Starting Replication Monitor Thread.
2019-09-25 12:53:42,439 [ReplicationMonitor] INFO  container.ReplicationManager (ReplicationManager.java:run(226)) - Replication Monitor Thread took 0 milliseconds for processing 0 containers.
2019-09-25 12:53:44,661 [Thread-1250] INFO  impl.FollowerState (FollowerState.java:run(106)) - 7c87bf37-239f-4076-a225-0ee12d327949:group-0DD08ABFC333 changes to CANDIDATE, lastRpcTime:5089, electionTimeout:5089ms
2019-09-25 12:53:44,662 [Thread-1250] INFO  impl.RoleInfo (RoleInfo.java:shutdownFollowerState(121)) - 7c87bf37-239f-4076-a225-0ee12d327949: shutdown FollowerState
2019-09-25 12:53:44,662 [Thread-1250] INFO  impl.RaftServerImpl (RaftServerImpl.java:setRole(174)) - 7c87bf37-239f-4076-a225-0ee12d327949@group-0DD08ABFC333: changes role from  FOLLOWER to CANDIDATE at term 0 for changeToCandidate
2019-09-25 12:53:44,662 [Thread-1250] INFO  impl.RoleInfo (RoleInfo.java:updateAndGet(143)) - 7c87bf37-239f-4076-a225-0ee12d327949: start LeaderElection
2019-09-25 12:53:44,678 [Thread-1247] INFO  impl.FollowerState (FollowerState.java:run(106)) - 7c87bf37-239f-4076-a225-0ee12d327949:group-A7B0FA178A08 changes to CANDIDATE, lastRpcTime:5172, electionTimeout:5172ms
2019-09-25 12:53:44,678 [Thread-1247] INFO  impl.RoleInfo (RoleInfo.java:shutdownFollowerState(121)) - 7c87bf37-239f-4076-a225-0ee12d327949: shutdown FollowerState
2019-09-25 12:53:44,678 [Thread-1247] INFO  impl.RaftServerImpl (RaftServerImpl.java:setRole(174)) - 7c87bf37-239f-4076-a225-0ee12d327949@group-A7B0FA178A08: changes role from  FOLLOWER to CANDIDATE at term 0 for changeToCandidate
2019-09-25 12:53:44,679 [Thread-1247] INFO  impl.RoleInfo (RoleInfo.java:updateAndGet(143)) - 7c87bf37-239f-4076-a225-0ee12d327949: start LeaderElection
2019-09-25 12:53:44,679 [7c87bf37-239f-4076-a225-0ee12d327949@group-0DD08ABFC333:LeaderElection71] INFO  impl.LeaderElection (LeaderElection.java:askForVotes(182)) - 7c87bf37-239f-4076-a225-0ee12d327949@group-0DD08ABFC333:LeaderElection71: begin an election at term 1 for -1: [7c87bf37-239f-4076-a225-0ee12d327949:192.168.151.73:33897], old=null
2019-09-25 12:53:44,689 [7c87bf37-239f-4076-a225-0ee12d327949@group-0DD08ABFC333:LeaderElection71] INFO  impl.RoleInfo (RoleInfo.java:shutdownLeaderElection(134)) - 7c87bf37-239f-4076-a225-0ee12d327949: shutdown LeaderElection
2019-09-25 12:53:44,689 [7c87bf37-239f-4076-a225-0ee12d327949@group-0DD08ABFC333:LeaderElection71] INFO  impl.RaftServerImpl (RaftServerImpl.java:setRole(174)) - 7c87bf37-239f-4076-a225-0ee12d327949@group-0DD08ABFC333: changes role from CANDIDATE to LEADER at term 1 for changeToLeader
2019-09-25 12:53:44,690 [7c87bf37-239f-4076-a225-0ee12d327949@group-0DD08ABFC333:LeaderElection71] INFO  impl.RaftServerImpl (ServerState.java:setLeader(253)) - 7c87bf37-239f-4076-a225-0ee12d327949@group-0DD08ABFC333: change Leader from null to 7c87bf37-239f-4076-a225-0ee12d327949 at term 1 for becomeLeader, leader elected after 5124ms
2019-09-25 12:53:44,690 [7c87bf37-239f-4076-a225-0ee12d327949@group-0DD08ABFC333:LeaderElection71] INFO  server.RaftServerConfigKeys (ConfUtils.java:logGet(43)) - raft.server.staging.catchup.gap = 1000 (default)
2019-09-25 12:53:44,690 [7c87bf37-239f-4076-a225-0ee12d327949@group-0DD08ABFC333:LeaderElection71] INFO  server.RaftServerConfigKeys (ConfUtils.java:logGet(43)) - raft.server.rpc.sleep.time = 25ms (default)
2019-09-25 12:53:44,690 [7c87bf37-239f-4076-a225-0ee12d327949@group-0DD08ABFC333:LeaderElection71] INFO  server.RaftServerConfigKeys (ConfUtils.java:logGet(43)) - raft.server.write.element-limit = 4096 (default)
2019-09-25 12:53:44,690 [7c87bf37-239f-4076-a225-0ee12d327949@group-0DD08ABFC333:LeaderElection71] INFO  server.RaftServerConfigKeys (ConfUtils.java:logGet(43)) - raft.server.watch.timeout = 10s (default)
2019-09-25 12:53:44,690 [7c87bf37-239f-4076-a225-0ee12d327949@group-0DD08ABFC333:LeaderElection71] INFO  server.RaftServerConfigKeys (ConfUtils.java:logGet(43)) - raft.server.watch.timeout.denomination = 1s (default)
2019-09-25 12:53:44,690 [7c87bf37-239f-4076-a225-0ee12d327949@group-0DD08ABFC333:LeaderElection71] INFO  server.RaftServerConfigKeys (ConfUtils.java:logGet(43)) - raft.server.watch.element-limit = 65536 (default)
2019-09-25 12:53:44,692 [7c87bf37-239f-4076-a225-0ee12d327949@group-0DD08ABFC333:LeaderElection71] INFO  impl.RoleInfo (RoleInfo.java:updateAndGet(143)) - 7c87bf37-239f-4076-a225-0ee12d327949: start LeaderState
2019-09-25 12:53:44,693 [7c87bf37-239f-4076-a225-0ee12d327949@group-0DD08ABFC333:LeaderElection71] INFO  segmented.SegmentedRaftLogWorker (SegmentedRaftLogWorker.java:startLogSegment(380)) - 7c87bf37-239f-4076-a225-0ee12d327949@group-0DD08ABFC333-SegmentedRaftLogWorker: Starting segment from index:0
2019-09-25 12:53:44,693 [7c87bf37-239f-4076-a225-0ee12d327949@group-0DD08ABFC333:LeaderElection71] INFO  impl.RaftServerImpl (ServerState.java:setRaftConf(354)) - 7c87bf37-239f-4076-a225-0ee12d327949@group-0DD08ABFC333: set configuration 0: [7c87bf37-239f-4076-a225-0ee12d327949:192.168.151.73:33897], old=null at 0
2019-09-25 12:53:44,694 [Thread-1253] INFO  impl.FollowerState (FollowerState.java:run(106)) - 7c87bf37-239f-4076-a225-0ee12d327949:group-D53BBC88E924 changes to CANDIDATE, lastRpcTime:5055, electionTimeout:5055ms
2019-09-25 12:53:44,694 [Thread-1253] INFO  impl.RoleInfo (RoleInfo.java:shutdownFollowerState(121)) - 7c87bf37-239f-4076-a225-0ee12d327949: shutdown FollowerState
2019-09-25 12:53:44,694 [Thread-1253] INFO  impl.RaftServerImpl (RaftServerImpl.java:setRole(174)) - 7c87bf37-239f-4076-a225-0ee12d327949@group-D53BBC88E924: changes role from  FOLLOWER to CANDIDATE at term 0 for changeToCandidate
2019-09-25 12:53:44,694 [Thread-1253] INFO  impl.RoleInfo (RoleInfo.java:updateAndGet(143)) - 7c87bf37-239f-4076-a225-0ee12d327949: start LeaderElection
2019-09-25 12:53:44,703 [7c87bf37-239f-4076-a225-0ee12d327949@group-A7B0FA178A08:LeaderElection72] INFO  impl.LeaderElection (LeaderElection.java:askForVotes(182)) - 7c87bf37-239f-4076-a225-0ee12d327949@group-A7B0FA178A08:LeaderElection72: begin an election at term 1 for -1: [7c87bf37-239f-4076-a225-0ee12d327949:192.168.151.73:33897], old=null
2019-09-25 12:53:44,703 [7c87bf37-239f-4076-a225-0ee12d327949@group-D53BBC88E924:LeaderElection73] INFO  impl.LeaderElection (LeaderElection.java:askForVotes(182)) - 7c87bf37-239f-4076-a225-0ee12d327949@group-D53BBC88E924:LeaderElection73: begin an election at term 1 for -1: [7c87bf37-239f-4076-a225-0ee12d327949:192.168.151.73:33897], old=null
2019-09-25 12:53:44,703 [7c87bf37-239f-4076-a225-0ee12d327949@group-A7B0FA178A08:LeaderElection72] INFO  impl.RoleInfo (RoleInfo.java:shutdownLeaderElection(134)) - 7c87bf37-239f-4076-a225-0ee12d327949: shutdown LeaderElection
2019-09-25 12:53:44,704 [7c87bf37-239f-4076-a225-0ee12d327949@group-D53BBC88E924:LeaderElection73] INFO  impl.RoleInfo (RoleInfo.java:shutdownLeaderElection(134)) - 7c87bf37-239f-4076-a225-0ee12d327949: shutdown LeaderElection
2019-09-25 12:53:44,704 [7c87bf37-239f-4076-a225-0ee12d327949@group-A7B0FA178A08:LeaderElection72] INFO  impl.RaftServerImpl (RaftServerImpl.java:setRole(174)) - 7c87bf37-239f-4076-a225-0ee12d327949@group-A7B0FA178A08: changes role from CANDIDATE to LEADER at term 1 for changeToLeader
2019-09-25 12:53:44,704 [7c87bf37-239f-4076-a225-0ee12d327949@group-D53BBC88E924:LeaderElection73] INFO  impl.RaftServerImpl (RaftServerImpl.java:setRole(174)) - 7c87bf37-239f-4076-a225-0ee12d327949@group-D53BBC88E924: changes role from CANDIDATE to LEADER at term 1 for changeToLeader
2019-09-25 12:53:44,704 [7c87bf37-239f-4076-a225-0ee12d327949@group-A7B0FA178A08:LeaderElection72] INFO  impl.RaftServerImpl (ServerState.java:setLeader(253)) - 7c87bf37-239f-4076-a225-0ee12d327949@group-A7B0FA178A08: change Leader from null to 7c87bf37-239f-4076-a225-0ee12d327949 at term 1 for becomeLeader, leader elected after 5206ms
2019-09-25 12:53:44,704 [7c87bf37-239f-4076-a225-0ee12d327949@group-D53BBC88E924:LeaderElection73] INFO  impl.RaftServerImpl (ServerState.java:setLeader(253)) - 7c87bf37-239f-4076-a225-0ee12d327949@group-D53BBC88E924: change Leader from null to 7c87bf37-239f-4076-a225-0ee12d327949 at term 1 for becomeLeader, leader elected after 5072ms
2019-09-25 12:53:44,704 [7c87bf37-239f-4076-a225-0ee12d327949@group-A7B0FA178A08:LeaderElection72] INFO  server.RaftServerConfigKeys (ConfUtils.java:logGet(43)) - raft.server.staging.catchup.gap = 1000 (default)
2019-09-25 12:53:44,705 [7c87bf37-239f-4076-a225-0ee12d327949@group-D53BBC88E924:LeaderElection73] INFO  server.RaftServerConfigKeys (ConfUtils.java:logGet(43)) - raft.server.staging.catchup.gap = 1000 (default)
2019-09-25 12:53:44,705 [7c87bf37-239f-4076-a225-0ee12d327949@group-A7B0FA178A08:LeaderElection72] INFO  server.RaftServerConfigKeys (ConfUtils.java:logGet(43)) - raft.server.rpc.sleep.time = 25ms (default)
2019-09-25 12:53:44,705 [7c87bf37-239f-4076-a225-0ee12d327949@group-D53BBC88E924:LeaderElection73] INFO  server.RaftServerConfigKeys (ConfUtils.java:logGet(43)) - raft.server.rpc.sleep.time = 25ms (default)
2019-09-25 12:53:44,705 [7c87bf37-239f-4076-a225-0ee12d327949@group-A7B0FA178A08:LeaderElection72] INFO  server.RaftServerConfigKeys (ConfUtils.java:logGet(43)) - raft.server.write.element-limit = 4096 (default)
2019-09-25 12:53:44,705 [7c87bf37-239f-4076-a225-0ee12d327949@group-D53BBC88E924:LeaderElection73] INFO  server.RaftServerConfigKeys (ConfUtils.java:logGet(43)) - raft.server.write.element-limit = 4096 (default)
2019-09-25 12:53:44,706 [7c87bf37-239f-4076-a225-0ee12d327949@group-A7B0FA178A08:LeaderElection72] INFO  server.RaftServerConfigKeys (ConfUtils.java:logGet(43)) - raft.server.watch.timeout = 10s (default)
2019-09-25 12:53:44,706 [7c87bf37-239f-4076-a225-0ee12d327949@group-D53BBC88E924:LeaderElection73] INFO  server.RaftServerConfigKeys (ConfUtils.java:logGet(43)) - raft.server.watch.timeout = 10s (default)
2019-09-25 12:53:44,706 [7c87bf37-239f-4076-a225-0ee12d327949@group-A7B0FA178A08:LeaderElection72] INFO  server.RaftServerConfigKeys (ConfUtils.java:logGet(43)) - raft.server.watch.timeout.denomination = 1s (default)
2019-09-25 12:53:44,706 [7c87bf37-239f-4076-a225-0ee12d327949@group-D53BBC88E924:LeaderElection73] INFO  server.RaftServerConfigKeys (ConfUtils.java:logGet(43)) - raft.server.watch.timeout.denomination = 1s (default)
2019-09-25 12:53:44,706 [7c87bf37-239f-4076-a225-0ee12d327949@group-A7B0FA178A08:LeaderElection72] INFO  server.RaftServerConfigKeys (ConfUtils.java:logGet(43)) - raft.server.watch.element-limit = 65536 (default)
2019-09-25 12:53:44,706 [7c87bf37-239f-4076-a225-0ee12d327949@group-D53BBC88E924:LeaderElection73] INFO  server.RaftServerConfigKeys (ConfUtils.java:logGet(43)) - raft.server.watch.element-limit = 65536 (default)
2019-09-25 12:53:44,710 [Thread-1256] INFO  impl.FollowerState (FollowerState.java:run(106)) - 7c87bf37-239f-4076-a225-0ee12d327949:group-43E4009F0254 changes to CANDIDATE, lastRpcTime:5029, electionTimeout:5029ms
2019-09-25 12:53:44,710 [Thread-1256] INFO  impl.RoleInfo (RoleInfo.java:shutdownFollowerState(121)) - 7c87bf37-239f-4076-a225-0ee12d327949: shutdown FollowerState
2019-09-25 12:53:44,710 [Thread-1256] INFO  impl.RaftServerImpl (RaftServerImpl.java:setRole(174)) - 7c87bf37-239f-4076-a225-0ee12d327949@group-43E4009F0254: changes role from  FOLLOWER to CANDIDATE at term 0 for changeToCandidate
2019-09-25 12:53:44,711 [Thread-1256] INFO  impl.RoleInfo (RoleInfo.java:updateAndGet(143)) - 7c87bf37-239f-4076-a225-0ee12d327949: start LeaderElection
2019-09-25 12:53:44,712 [7c87bf37-239f-4076-a225-0ee12d327949@group-A7B0FA178A08:LeaderElection72] INFO  impl.RoleInfo (RoleInfo.java:updateAndGet(143)) - 7c87bf37-239f-4076-a225-0ee12d327949: start LeaderState
2019-09-25 12:53:44,712 [7c87bf37-239f-4076-a225-0ee12d327949@group-D53BBC88E924:LeaderElection73] INFO  impl.RoleInfo (RoleInfo.java:updateAndGet(143)) - 7c87bf37-239f-4076-a225-0ee12d327949: start LeaderState
2019-09-25 12:53:44,712 [7c87bf37-239f-4076-a225-0ee12d327949@group-A7B0FA178A08:LeaderElection72] INFO  segmented.SegmentedRaftLogWorker (SegmentedRaftLogWorker.java:startLogSegment(380)) - 7c87bf37-239f-4076-a225-0ee12d327949@group-A7B0FA178A08-SegmentedRaftLogWorker: Starting segment from index:0
2019-09-25 12:53:44,712 [7c87bf37-239f-4076-a225-0ee12d327949@group-D53BBC88E924:LeaderElection73] INFO  segmented.SegmentedRaftLogWorker (SegmentedRaftLogWorker.java:startLogSegment(380)) - 7c87bf37-239f-4076-a225-0ee12d327949@group-D53BBC88E924-SegmentedRaftLogWorker: Starting segment from index:0
2019-09-25 12:53:44,713 [7c87bf37-239f-4076-a225-0ee12d327949@group-A7B0FA178A08:LeaderElection72] INFO  impl.RaftServerImpl (ServerState.java:setRaftConf(354)) - 7c87bf37-239f-4076-a225-0ee12d327949@group-A7B0FA178A08: set configuration 0: [7c87bf37-239f-4076-a225-0ee12d327949:192.168.151.73:33897], old=null at 0
2019-09-25 12:53:44,713 [7c87bf37-239f-4076-a225-0ee12d327949@group-D53BBC88E924:LeaderElection73] INFO  impl.RaftServerImpl (ServerState.java:setRaftConf(354)) - 7c87bf37-239f-4076-a225-0ee12d327949@group-D53BBC88E924: set configuration 0: [7c87bf37-239f-4076-a225-0ee12d327949:192.168.151.73:33897], old=null at 0
2019-09-25 12:53:44,751 [7c87bf37-239f-4076-a225-0ee12d327949@group-43E4009F0254:LeaderElection74] INFO  impl.LeaderElection (LeaderElection.java:askForVotes(182)) - 7c87bf37-239f-4076-a225-0ee12d327949@group-43E4009F0254:LeaderElection74: begin an election at term 1 for -1: [7c87bf37-239f-4076-a225-0ee12d327949:192.168.151.73:33897], old=null
2019-09-25 12:53:44,752 [7c87bf37-239f-4076-a225-0ee12d327949@group-43E4009F0254:LeaderElection74] INFO  impl.RoleInfo (RoleInfo.java:shutdownLeaderElection(134)) - 7c87bf37-239f-4076-a225-0ee12d327949: shutdown LeaderElection
2019-09-25 12:53:44,752 [7c87bf37-239f-4076-a225-0ee12d327949@group-43E4009F0254:LeaderElection74] INFO  impl.RaftServerImpl (RaftServerImpl.java:setRole(174)) - 7c87bf37-239f-4076-a225-0ee12d327949@group-43E4009F0254: changes role from CANDIDATE to LEADER at term 1 for changeToLeader
2019-09-25 12:53:44,752 [7c87bf37-239f-4076-a225-0ee12d327949@group-43E4009F0254:LeaderElection74] INFO  impl.RaftServerImpl (ServerState.java:setLeader(253)) - 7c87bf37-239f-4076-a225-0ee12d327949@group-43E4009F0254: change Leader from null to 7c87bf37-239f-4076-a225-0ee12d327949 at term 1 for becomeLeader, leader elected after 5076ms
2019-09-25 12:53:44,752 [7c87bf37-239f-4076-a225-0ee12d327949@group-43E4009F0254:LeaderElection74] INFO  server.RaftServerConfigKeys (ConfUtils.java:logGet(43)) - raft.server.staging.catchup.gap = 1000 (default)
2019-09-25 12:53:44,752 [7c87bf37-239f-4076-a225-0ee12d327949@group-43E4009F0254:LeaderElection74] INFO  server.RaftServerConfigKeys (ConfUtils.java:logGet(43)) - raft.server.rpc.sleep.time = 25ms (default)
2019-09-25 12:53:44,752 [7c87bf37-239f-4076-a225-0ee12d327949@group-43E4009F0254:LeaderElection74] INFO  server.RaftServerConfigKeys (ConfUtils.java:logGet(43)) - raft.server.write.element-limit = 4096 (default)
2019-09-25 12:53:44,752 [7c87bf37-239f-4076-a225-0ee12d327949@group-43E4009F0254:LeaderElection74] INFO  server.RaftServerConfigKeys (ConfUtils.java:logGet(43)) - raft.server.watch.timeout = 10s (default)
2019-09-25 12:53:44,752 [7c87bf37-239f-4076-a225-0ee12d327949@group-43E4009F0254:LeaderElection74] INFO  server.RaftServerConfigKeys (ConfUtils.java:logGet(43)) - raft.server.watch.timeout.denomination = 1s (default)
2019-09-25 12:53:44,752 [7c87bf37-239f-4076-a225-0ee12d327949@group-43E4009F0254:LeaderElection74] INFO  server.RaftServerConfigKeys (ConfUtils.java:logGet(43)) - raft.server.watch.element-limit = 65536 (default)
2019-09-25 12:53:44,754 [7c87bf37-239f-4076-a225-0ee12d327949@group-43E4009F0254:LeaderElection74] INFO  impl.RoleInfo (RoleInfo.java:updateAndGet(143)) - 7c87bf37-239f-4076-a225-0ee12d327949: start LeaderState
2019-09-25 12:53:44,754 [7c87bf37-239f-4076-a225-0ee12d327949@group-43E4009F0254:LeaderElection74] INFO  segmented.SegmentedRaftLogWorker (SegmentedRaftLogWorker.java:startLogSegment(380)) - 7c87bf37-239f-4076-a225-0ee12d327949@group-43E4009F0254-SegmentedRaftLogWorker: Starting segment from index:0
2019-09-25 12:53:44,755 [7c87bf37-239f-4076-a225-0ee12d327949@group-43E4009F0254:LeaderElection74] INFO  impl.RaftServerImpl (ServerState.java:setRaftConf(354)) - 7c87bf37-239f-4076-a225-0ee12d327949@group-43E4009F0254: set configuration 0: [7c87bf37-239f-4076-a225-0ee12d327949:192.168.151.73:33897], old=null at 0
2019-09-25 12:53:44,766 [7c87bf37-239f-4076-a225-0ee12d327949@group-D53BBC88E924-SegmentedRaftLogWorker] INFO  segmented.SegmentedRaftLogWorker (SegmentedRaftLogWorker.java:execute(569)) - 7c87bf37-239f-4076-a225-0ee12d327949@group-D53BBC88E924-SegmentedRaftLogWorker: created new log segment /workdir/hadoop-ozone/ozonefs/target/test-dir/MiniOzoneClusterImpl-8d8fabca-1d4e-4b07-acaa-462c274cc386/datanode-0/data/ratis/484aa090-0f9b-497f-86a9-d53bbc88e924/current/log_inprogress_0
2019-09-25 12:53:44,766 [7c87bf37-239f-4076-a225-0ee12d327949@group-A7B0FA178A08-SegmentedRaftLogWorker] INFO  segmented.SegmentedRaftLogWorker (SegmentedRaftLogWorker.java:execute(569)) - 7c87bf37-239f-4076-a225-0ee12d327949@group-A7B0FA178A08-SegmentedRaftLogWorker: created new log segment /workdir/hadoop-ozone/ozonefs/target/test-dir/MiniOzoneClusterImpl-8d8fabca-1d4e-4b07-acaa-462c274cc386/datanode-0/data/ratis/1201f3d7-8d41-44d4-b0c9-a7b0fa178a08/current/log_inprogress_0
2019-09-25 12:53:44,766 [7c87bf37-239f-4076-a225-0ee12d327949@group-0DD08ABFC333-SegmentedRaftLogWorker] INFO  segmented.SegmentedRaftLogWorker (SegmentedRaftLogWorker.java:execute(569)) - 7c87bf37-239f-4076-a225-0ee12d327949@group-0DD08ABFC333-SegmentedRaftLogWorker: created new log segment /workdir/hadoop-ozone/ozonefs/target/test-dir/MiniOzoneClusterImpl-8d8fabca-1d4e-4b07-acaa-462c274cc386/datanode-0/data/ratis/2516ff8d-895a-459d-b57e-0dd08abfc333/current/log_inprogress_0
2019-09-25 12:53:44,820 [7c87bf37-239f-4076-a225-0ee12d327949@group-43E4009F0254-SegmentedRaftLogWorker] INFO  segmented.SegmentedRaftLogWorker (SegmentedRaftLogWorker.java:execute(569)) - 7c87bf37-239f-4076-a225-0ee12d327949@group-43E4009F0254-SegmentedRaftLogWorker: created new log segment /workdir/hadoop-ozone/ozonefs/target/test-dir/MiniOzoneClusterImpl-8d8fabca-1d4e-4b07-acaa-462c274cc386/datanode-0/data/ratis/eb33a259-01e0-4164-8711-43e4009f0254/current/log_inprogress_0
2019-09-25 12:53:44,905 [Thread-1262] INFO  impl.FollowerState (FollowerState.java:run(106)) - 7c87bf37-239f-4076-a225-0ee12d327949:group-E9065D06D6D2 changes to CANDIDATE, lastRpcTime:5080, electionTimeout:5080ms
2019-09-25 12:53:44,905 [Thread-1262] INFO  impl.RoleInfo (RoleInfo.java:shutdownFollowerState(121)) - 7c87bf37-239f-4076-a225-0ee12d327949: shutdown FollowerState
2019-09-25 12:53:44,905 [Thread-1259] INFO  impl.FollowerState (FollowerState.java:run(106)) - 91e0df8d-aa90-4523-8ab3-ad8e72cea289:group-7A45786AF5EC changes to CANDIDATE, lastRpcTime:5154, electionTimeout:5154ms
2019-09-25 12:53:44,905 [Thread-1262] INFO  impl.RaftServerImpl (RaftServerImpl.java:setRole(174)) - 7c87bf37-239f-4076-a225-0ee12d327949@group-E9065D06D6D2: changes role from  FOLLOWER to CANDIDATE at term 0 for changeToCandidate
2019-09-25 12:53:44,906 [Thread-1259] INFO  impl.RoleInfo (RoleInfo.java:shutdownFollowerState(121)) - 91e0df8d-aa90-4523-8ab3-ad8e72cea289: shutdown FollowerState
2019-09-25 12:53:44,906 [Thread-1262] INFO  impl.RoleInfo (RoleInfo.java:updateAndGet(143)) - 7c87bf37-239f-4076-a225-0ee12d327949: start LeaderElection
2019-09-25 12:53:44,906 [Thread-1259] INFO  impl.RaftServerImpl (RaftServerImpl.java:setRole(174)) - 91e0df8d-aa90-4523-8ab3-ad8e72cea289@group-7A45786AF5EC: changes role from  FOLLOWER to CANDIDATE at term 0 for changeToCandidate
2019-09-25 12:53:44,906 [Thread-1259] INFO  impl.RoleInfo (RoleInfo.java:updateAndGet(143)) - 91e0df8d-aa90-4523-8ab3-ad8e72cea289: start LeaderElection
2019-09-25 12:53:44,940 [7c87bf37-239f-4076-a225-0ee12d327949@group-E9065D06D6D2:LeaderElection75] INFO  impl.LeaderElection (LeaderElection.java:askForVotes(182)) - 7c87bf37-239f-4076-a225-0ee12d327949@group-E9065D06D6D2:LeaderElection75: begin an election at term 1 for -1: [7c87bf37-239f-4076-a225-0ee12d327949:192.168.151.73:33897], old=null
2019-09-25 12:53:44,940 [91e0df8d-aa90-4523-8ab3-ad8e72cea289@group-7A45786AF5EC:LeaderElection76] INFO  impl.LeaderElection (LeaderElection.java:askForVotes(182)) - 91e0df8d-aa90-4523-8ab3-ad8e72cea289@group-7A45786AF5EC:LeaderElection76: begin an election at term 1 for -1: [91e0df8d-aa90-4523-8ab3-ad8e72cea289:192.168.151.73:38313], old=null
2019-09-25 12:53:44,941 [7c87bf37-239f-4076-a225-0ee12d327949@group-E9065D06D6D2:LeaderElection75] INFO  impl.RoleInfo (RoleInfo.java:shutdownLeaderElection(134)) - 7c87bf37-239f-4076-a225-0ee12d327949: shutdown LeaderElection
2019-09-25 12:53:44,941 [91e0df8d-aa90-4523-8ab3-ad8e72cea289@group-7A45786AF5EC:LeaderElection76] INFO  impl.RoleInfo (RoleInfo.java:shutdownLeaderElection(134)) - 91e0df8d-aa90-4523-8ab3-ad8e72cea289: shutdown LeaderElection
2019-09-25 12:53:44,941 [7c87bf37-239f-4076-a225-0ee12d327949@group-E9065D06D6D2:LeaderElection75] INFO  impl.RaftServerImpl (RaftServerImpl.java:setRole(174)) - 7c87bf37-239f-4076-a225-0ee12d327949@group-E9065D06D6D2: changes role from CANDIDATE to LEADER at term 1 for changeToLeader
2019-09-25 12:53:44,941 [91e0df8d-aa90-4523-8ab3-ad8e72cea289@group-7A45786AF5EC:LeaderElection76] INFO  impl.RaftServerImpl (RaftServerImpl.java:setRole(174)) - 91e0df8d-aa90-4523-8ab3-ad8e72cea289@group-7A45786AF5EC: changes role from CANDIDATE to LEADER at term 1 for changeToLeader
2019-09-25 12:53:44,941 [7c87bf37-239f-4076-a225-0ee12d327949@group-E9065D06D6D2:LeaderElection75] INFO  impl.RaftServerImpl (ServerState.java:setLeader(253)) - 7c87bf37-239f-4076-a225-0ee12d327949@group-E9065D06D6D2: change Leader from null to 7c87bf37-239f-4076-a225-0ee12d327949 at term 1 for becomeLeader, leader elected after 5125ms
2019-09-25 12:53:44,941 [91e0df8d-aa90-4523-8ab3-ad8e72cea289@group-7A45786AF5EC:LeaderElection76] INFO  impl.RaftServerImpl (ServerState.java:setLeader(253)) - 91e0df8d-aa90-4523-8ab3-ad8e72cea289@group-7A45786AF5EC: change Leader from null to 91e0df8d-aa90-4523-8ab3-ad8e72cea289 at term 1 for becomeLeader, leader elected after 5201ms
2019-09-25 12:53:44,941 [7c87bf37-239f-4076-a225-0ee12d327949@group-E9065D06D6D2:LeaderElection75] INFO  server.RaftServerConfigKeys (ConfUtils.java:logGet(43)) - raft.server.staging.catchup.gap = 1000 (default)
2019-09-25 12:53:44,942 [91e0df8d-aa90-4523-8ab3-ad8e72cea289@group-7A45786AF5EC:LeaderElection76] INFO  server.RaftServerConfigKeys (ConfUtils.java:logGet(43)) - raft.server.staging.catchup.gap = 1000 (default)
2019-09-25 12:53:44,942 [7c87bf37-239f-4076-a225-0ee12d327949@group-E9065D06D6D2:LeaderElection75] INFO  server.RaftServerConfigKeys (ConfUtils.java:logGet(43)) - raft.server.rpc.sleep.time = 25ms (default)
2019-09-25 12:53:44,942 [91e0df8d-aa90-4523-8ab3-ad8e72cea289@group-7A45786AF5EC:LeaderElection76] INFO  server.RaftServerConfigKeys (ConfUtils.java:logGet(43)) - raft.server.rpc.sleep.time = 25ms (default)
2019-09-25 12:53:44,942 [7c87bf37-239f-4076-a225-0ee12d327949@group-E9065D06D6D2:LeaderElection75] INFO  server.RaftServerConfigKeys (ConfUtils.java:logGet(43)) - raft.server.write.element-limit = 4096 (default)
2019-09-25 12:53:44,942 [91e0df8d-aa90-4523-8ab3-ad8e72cea289@group-7A45786AF5EC:LeaderElection76] INFO  server.RaftServerConfigKeys (ConfUtils.java:logGet(43)) - raft.server.write.element-limit = 4096 (default)
2019-09-25 12:53:44,942 [7c87bf37-239f-4076-a225-0ee12d327949@group-E9065D06D6D2:LeaderElection75] INFO  server.RaftServerConfigKeys (ConfUtils.java:logGet(43)) - raft.server.watch.timeout = 10s (default)
2019-09-25 12:53:44,942 [91e0df8d-aa90-4523-8ab3-ad8e72cea289@group-7A45786AF5EC:LeaderElection76] INFO  server.RaftServerConfigKeys (ConfUtils.java:logGet(43)) - raft.server.watch.timeout = 10s (default)
2019-09-25 12:53:44,942 [7c87bf37-239f-4076-a225-0ee12d327949@group-E9065D06D6D2:LeaderElection75] INFO  server.RaftServerConfigKeys (ConfUtils.java:logGet(43)) - raft.server.watch.timeout.denomination = 1s (default)
2019-09-25 12:53:44,943 [91e0df8d-aa90-4523-8ab3-ad8e72cea289@group-7A45786AF5EC:LeaderElection76] INFO  server.RaftServerConfigKeys (ConfUtils.java:logGet(43)) - raft.server.watch.timeout.denomination = 1s (default)
2019-09-25 12:53:44,943 [7c87bf37-239f-4076-a225-0ee12d327949@group-E9065D06D6D2:LeaderElection75] INFO  server.RaftServerConfigKeys (ConfUtils.java:logGet(43)) - raft.server.watch.element-limit = 65536 (default)
2019-09-25 12:53:44,943 [91e0df8d-aa90-4523-8ab3-ad8e72cea289@group-7A45786AF5EC:LeaderElection76] INFO  server.RaftServerConfigKeys (ConfUtils.java:logGet(43)) - raft.server.watch.element-limit = 65536 (default)
2019-09-25 12:53:44,945 [7c87bf37-239f-4076-a225-0ee12d327949@group-E9065D06D6D2:LeaderElection75] INFO  impl.RoleInfo (RoleInfo.java:updateAndGet(143)) - 7c87bf37-239f-4076-a225-0ee12d327949: start LeaderState
2019-09-25 12:53:44,946 [7c87bf37-239f-4076-a225-0ee12d327949@group-E9065D06D6D2:LeaderElection75] INFO  segmented.SegmentedRaftLogWorker (SegmentedRaftLogWorker.java:startLogSegment(380)) - 7c87bf37-239f-4076-a225-0ee12d327949@group-E9065D06D6D2-SegmentedRaftLogWorker: Starting segment from index:0
2019-09-25 12:53:44,946 [91e0df8d-aa90-4523-8ab3-ad8e72cea289@group-7A45786AF5EC:LeaderElection76] INFO  impl.RoleInfo (RoleInfo.java:updateAndGet(143)) - 91e0df8d-aa90-4523-8ab3-ad8e72cea289: start LeaderState
2019-09-25 12:53:44,946 [91e0df8d-aa90-4523-8ab3-ad8e72cea289@group-7A45786AF5EC:LeaderElection76] INFO  segmented.SegmentedRaftLogWorker (SegmentedRaftLogWorker.java:startLogSegment(380)) - 91e0df8d-aa90-4523-8ab3-ad8e72cea289@group-7A45786AF5EC-SegmentedRaftLogWorker: Starting segment from index:0
2019-09-25 12:53:44,946 [7c87bf37-239f-4076-a225-0ee12d327949@group-E9065D06D6D2:LeaderElection75] INFO  impl.RaftServerImpl (ServerState.java:setRaftConf(354)) - 7c87bf37-239f-4076-a225-0ee12d327949@group-E9065D06D6D2: set configuration 0: [7c87bf37-239f-4076-a225-0ee12d327949:192.168.151.73:33897], old=null at 0
2019-09-25 12:53:44,947 [91e0df8d-aa90-4523-8ab3-ad8e72cea289@group-7A45786AF5EC:LeaderElection76] INFO  impl.RaftServerImpl (ServerState.java:setRaftConf(354)) - 91e0df8d-aa90-4523-8ab3-ad8e72cea289@group-7A45786AF5EC: set configuration 0: [91e0df8d-aa90-4523-8ab3-ad8e72cea289:192.168.151.73:38313], old=null at 0
2019-09-25 12:53:44,993 [91e0df8d-aa90-4523-8ab3-ad8e72cea289@group-7A45786AF5EC-SegmentedRaftLogWorker] INFO  segmented.SegmentedRaftLogWorker (SegmentedRaftLogWorker.java:execute(569)) - 91e0df8d-aa90-4523-8ab3-ad8e72cea289@group-7A45786AF5EC-SegmentedRaftLogWorker: created new log segment /workdir/hadoop-ozone/ozonefs/target/test-dir/MiniOzoneClusterImpl-8d8fabca-1d4e-4b07-acaa-462c274cc386/datanode-1/data/ratis/2c1a8365-29f5-4dc6-af46-7a45786af5ec/current/log_inprogress_0
2019-09-25 12:53:44,993 [7c87bf37-239f-4076-a225-0ee12d327949@group-E9065D06D6D2-SegmentedRaftLogWorker] INFO  segmented.SegmentedRaftLogWorker (SegmentedRaftLogWorker.java:execute(569)) - 7c87bf37-239f-4076-a225-0ee12d327949@group-E9065D06D6D2-SegmentedRaftLogWorker: created new log segment /workdir/hadoop-ozone/ozonefs/target/test-dir/MiniOzoneClusterImpl-8d8fabca-1d4e-4b07-acaa-462c274cc386/datanode-0/data/ratis/a9c1d50a-425c-47b8-a3c0-e9065d06d6d2/current/log_inprogress_0
2019-09-25 12:53:45,002 [Thread-1268] INFO  impl.FollowerState (FollowerState.java:run(106)) - da22cbcc-9e9c-4f3e-9508-80057178297b:group-C3A78F953F57 changes to CANDIDATE, lastRpcTime:5013, electionTimeout:5013ms
2019-09-25 12:53:45,002 [Thread-1268] INFO  impl.RoleInfo (RoleInfo.java:shutdownFollowerState(121)) - da22cbcc-9e9c-4f3e-9508-80057178297b: shutdown FollowerState
2019-09-25 12:53:45,002 [Thread-1268] INFO  impl.RaftServerImpl (RaftServerImpl.java:setRole(174)) - da22cbcc-9e9c-4f3e-9508-80057178297b@group-C3A78F953F57: changes role from  FOLLOWER to CANDIDATE at term 0 for changeToCandidate
2019-09-25 12:53:45,002 [Thread-1268] INFO  impl.RoleInfo (RoleInfo.java:updateAndGet(143)) - da22cbcc-9e9c-4f3e-9508-80057178297b: start LeaderElection
2019-09-25 12:53:45,017 [da22cbcc-9e9c-4f3e-9508-80057178297b@group-C3A78F953F57:LeaderElection77] INFO  impl.LeaderElection (LeaderElection.java:askForVotes(182)) - da22cbcc-9e9c-4f3e-9508-80057178297b@group-C3A78F953F57:LeaderElection77: begin an election at term 1 for -1: [da22cbcc-9e9c-4f3e-9508-80057178297b:192.168.151.73:36139], old=null
2019-09-25 12:53:45,017 [da22cbcc-9e9c-4f3e-9508-80057178297b@group-C3A78F953F57:LeaderElection77] INFO  impl.RoleInfo (RoleInfo.java:shutdownLeaderElection(134)) - da22cbcc-9e9c-4f3e-9508-80057178297b: shutdown LeaderElection
2019-09-25 12:53:45,017 [da22cbcc-9e9c-4f3e-9508-80057178297b@group-C3A78F953F57:LeaderElection77] INFO  impl.RaftServerImpl (RaftServerImpl.java:setRole(174)) - da22cbcc-9e9c-4f3e-9508-80057178297b@group-C3A78F953F57: changes role from CANDIDATE to LEADER at term 1 for changeToLeader
2019-09-25 12:53:45,018 [da22cbcc-9e9c-4f3e-9508-80057178297b@group-C3A78F953F57:LeaderElection77] INFO  impl.RaftServerImpl (ServerState.java:setLeader(253)) - da22cbcc-9e9c-4f3e-9508-80057178297b@group-C3A78F953F57: change Leader from null to da22cbcc-9e9c-4f3e-9508-80057178297b at term 1 for becomeLeader, leader elected after 5037ms
2019-09-25 12:53:45,018 [da22cbcc-9e9c-4f3e-9508-80057178297b@group-C3A78F953F57:LeaderElection77] INFO  server.RaftServerConfigKeys (ConfUtils.java:logGet(43)) - raft.server.staging.catchup.gap = 1000 (default)
2019-09-25 12:53:45,018 [da22cbcc-9e9c-4f3e-9508-80057178297b@group-C3A78F953F57:LeaderElection77] INFO  server.RaftServerConfigKeys (ConfUtils.java:logGet(43)) - raft.server.rpc.sleep.time = 25ms (default)
2019-09-25 12:53:45,018 [da22cbcc-9e9c-4f3e-9508-80057178297b@group-C3A78F953F57:LeaderElection77] INFO  server.RaftServerConfigKeys (ConfUtils.java:logGet(43)) - raft.server.write.element-limit = 4096 (default)
2019-09-25 12:53:45,018 [da22cbcc-9e9c-4f3e-9508-80057178297b@group-C3A78F953F57:LeaderElection77] INFO  server.RaftServerConfigKeys (ConfUtils.java:logGet(43)) - raft.server.watch.timeout = 10s (default)
2019-09-25 12:53:45,018 [da22cbcc-9e9c-4f3e-9508-80057178297b@group-C3A78F953F57:LeaderElection77] INFO  server.RaftServerConfigKeys (ConfUtils.java:logGet(43)) - raft.server.watch.timeout.denomination = 1s (default)
2019-09-25 12:53:45,018 [da22cbcc-9e9c-4f3e-9508-80057178297b@group-C3A78F953F57:LeaderElection77] INFO  server.RaftServerConfigKeys (ConfUtils.java:logGet(43)) - raft.server.watch.element-limit = 65536 (default)
2019-09-25 12:53:45,020 [da22cbcc-9e9c-4f3e-9508-80057178297b@group-C3A78F953F57:LeaderElection77] INFO  impl.RoleInfo (RoleInfo.java:updateAndGet(143)) - da22cbcc-9e9c-4f3e-9508-80057178297b: start LeaderState
2019-09-25 12:53:45,020 [da22cbcc-9e9c-4f3e-9508-80057178297b@group-C3A78F953F57:LeaderElection77] INFO  segmented.SegmentedRaftLogWorker (SegmentedRaftLogWorker.java:startLogSegment(380)) - da22cbcc-9e9c-4f3e-9508-80057178297b@group-C3A78F953F57-SegmentedRaftLogWorker: Starting segment from index:0
2019-09-25 12:53:45,021 [da22cbcc-9e9c-4f3e-9508-80057178297b@group-C3A78F953F57:LeaderElection77] INFO  impl.RaftServerImpl (ServerState.java:setRaftConf(354)) - da22cbcc-9e9c-4f3e-9508-80057178297b@group-C3A78F953F57: set configuration 0: [da22cbcc-9e9c-4f3e-9508-80057178297b:192.168.151.73:36139], old=null at 0
2019-09-25 12:53:45,033 [Thread-1265] INFO  impl.FollowerState (FollowerState.java:run(106)) - 7c87bf37-239f-4076-a225-0ee12d327949:group-896FB74B4307 changes to CANDIDATE, lastRpcTime:5121, electionTimeout:5121ms
2019-09-25 12:53:45,033 [Thread-1265] INFO  impl.RoleInfo (RoleInfo.java:shutdownFollowerState(121)) - 7c87bf37-239f-4076-a225-0ee12d327949: shutdown FollowerState
2019-09-25 12:53:45,034 [Thread-1265] INFO  impl.RaftServerImpl (RaftServerImpl.java:setRole(174)) - 7c87bf37-239f-4076-a225-0ee12d327949@group-896FB74B4307: changes role from  FOLLOWER to CANDIDATE at term 0 for changeToCandidate
2019-09-25 12:53:45,034 [Thread-1265] INFO  impl.RoleInfo (RoleInfo.java:updateAndGet(143)) - 7c87bf37-239f-4076-a225-0ee12d327949: start LeaderElection
2019-09-25 12:53:45,053 [7c87bf37-239f-4076-a225-0ee12d327949@group-896FB74B4307:LeaderElection78] INFO  impl.LeaderElection (LeaderElection.java:askForVotes(182)) - 7c87bf37-239f-4076-a225-0ee12d327949@group-896FB74B4307:LeaderElection78: begin an election at term 1 for -1: [7c87bf37-239f-4076-a225-0ee12d327949:192.168.151.73:33897], old=null
2019-09-25 12:53:45,053 [7c87bf37-239f-4076-a225-0ee12d327949@group-896FB74B4307:LeaderElection78] INFO  impl.RoleInfo (RoleInfo.java:shutdownLeaderElection(134)) - 7c87bf37-239f-4076-a225-0ee12d327949: shutdown LeaderElection
2019-09-25 12:53:45,053 [7c87bf37-239f-4076-a225-0ee12d327949@group-896FB74B4307:LeaderElection78] INFO  impl.RaftServerImpl (RaftServerImpl.java:setRole(174)) - 7c87bf37-239f-4076-a225-0ee12d327949@group-896FB74B4307: changes role from CANDIDATE to LEADER at term 1 for changeToLeader
2019-09-25 12:53:45,053 [7c87bf37-239f-4076-a225-0ee12d327949@group-896FB74B4307:LeaderElection78] INFO  impl.RaftServerImpl (ServerState.java:setLeader(253)) - 7c87bf37-239f-4076-a225-0ee12d327949@group-896FB74B4307: change Leader from null to 7c87bf37-239f-4076-a225-0ee12d327949 at term 1 for becomeLeader, leader elected after 5148ms
2019-09-25 12:53:45,054 [7c87bf37-239f-4076-a225-0ee12d327949@group-896FB74B4307:LeaderElection78] INFO  server.RaftServerConfigKeys (ConfUtils.java:logGet(43)) - raft.server.staging.catchup.gap = 1000 (default)
2019-09-25 12:53:45,054 [7c87bf37-239f-4076-a225-0ee12d327949@group-896FB74B4307:LeaderElection78] INFO  server.RaftServerConfigKeys (ConfUtils.java:logGet(43)) - raft.server.rpc.sleep.time = 25ms (default)
2019-09-25 12:53:45,054 [7c87bf37-239f-4076-a225-0ee12d327949@group-896FB74B4307:LeaderElection78] INFO  server.RaftServerConfigKeys (ConfUtils.java:logGet(43)) - raft.server.write.element-limit = 4096 (default)
2019-09-25 12:53:45,054 [7c87bf37-239f-4076-a225-0ee12d327949@group-896FB74B4307:LeaderElection78] INFO  server.RaftServerConfigKeys (ConfUtils.java:logGet(43)) - raft.server.watch.timeout = 10s (default)
2019-09-25 12:53:45,054 [7c87bf37-239f-4076-a225-0ee12d327949@group-896FB74B4307:LeaderElection78] INFO  server.RaftServerConfigKeys (ConfUtils.java:logGet(43)) - raft.server.watch.timeout.denomination = 1s (default)
2019-09-25 12:53:45,054 [7c87bf37-239f-4076-a225-0ee12d327949@group-896FB74B4307:LeaderElection78] INFO  server.RaftServerConfigKeys (ConfUtils.java:logGet(43)) - raft.server.watch.element-limit = 65536 (default)
2019-09-25 12:53:45,056 [7c87bf37-239f-4076-a225-0ee12d327949@group-896FB74B4307:LeaderElection78] INFO  impl.RoleInfo (RoleInfo.java:updateAndGet(143)) - 7c87bf37-239f-4076-a225-0ee12d327949: start LeaderState
2019-09-25 12:53:45,056 [7c87bf37-239f-4076-a225-0ee12d327949@group-896FB74B4307:LeaderElection78] INFO  segmented.SegmentedRaftLogWorker (SegmentedRaftLogWorker.java:startLogSegment(380)) - 7c87bf37-239f-4076-a225-0ee12d327949@group-896FB74B4307-SegmentedRaftLogWorker: Starting segment from index:0
2019-09-25 12:53:45,057 [7c87bf37-239f-4076-a225-0ee12d327949@group-896FB74B4307:LeaderElection78] INFO  impl.RaftServerImpl (ServerState.java:setRaftConf(354)) - 7c87bf37-239f-4076-a225-0ee12d327949@group-896FB74B4307: set configuration 0: [7c87bf37-239f-4076-a225-0ee12d327949:192.168.151.73:33897], old=null at 0
2019-09-25 12:53:45,078 [da22cbcc-9e9c-4f3e-9508-80057178297b@group-C3A78F953F57-SegmentedRaftLogWorker] INFO  segmented.SegmentedRaftLogWorker (SegmentedRaftLogWorker.java:execute(569)) - da22cbcc-9e9c-4f3e-9508-80057178297b@group-C3A78F953F57-SegmentedRaftLogWorker: created new log segment /workdir/hadoop-ozone/ozonefs/target/test-dir/MiniOzoneClusterImpl-8d8fabca-1d4e-4b07-acaa-462c274cc386/datanode-2/data/ratis/e08cdaf2-a7ce-4cad-b1db-c3a78f953f57/current/log_inprogress_0
2019-09-25 12:53:45,102 [7c87bf37-239f-4076-a225-0ee12d327949@group-896FB74B4307-SegmentedRaftLogWorker] INFO  segmented.SegmentedRaftLogWorker (SegmentedRaftLogWorker.java:execute(569)) - 7c87bf37-239f-4076-a225-0ee12d327949@group-896FB74B4307-SegmentedRaftLogWorker: created new log segment /workdir/hadoop-ozone/ozonefs/target/test-dir/MiniOzoneClusterImpl-8d8fabca-1d4e-4b07-acaa-462c274cc386/datanode-0/data/ratis/58113d96-148a-4dda-a9f6-896fb74b4307/current/log_inprogress_0
2019-09-25 12:53:45,121 [Thread-1271] INFO  impl.FollowerState (FollowerState.java:run(106)) - 91e0df8d-aa90-4523-8ab3-ad8e72cea289:group-ADCF4A6ADE97 changes to CANDIDATE, lastRpcTime:5074, electionTimeout:5074ms
2019-09-25 12:53:45,121 [Thread-1271] INFO  impl.RoleInfo (RoleInfo.java:shutdownFollowerState(121)) - 91e0df8d-aa90-4523-8ab3-ad8e72cea289: shutdown FollowerState
2019-09-25 12:53:45,121 [Thread-1271] INFO  impl.RaftServerImpl (RaftServerImpl.java:setRole(174)) - 91e0df8d-aa90-4523-8ab3-ad8e72cea289@group-ADCF4A6ADE97: changes role from  FOLLOWER to CANDIDATE at term 0 for changeToCandidate
2019-09-25 12:53:45,121 [Thread-1271] INFO  impl.RoleInfo (RoleInfo.java:updateAndGet(143)) - 91e0df8d-aa90-4523-8ab3-ad8e72cea289: start LeaderElection
2019-09-25 12:53:45,134 [91e0df8d-aa90-4523-8ab3-ad8e72cea289@group-ADCF4A6ADE97:LeaderElection79] INFO  impl.LeaderElection (LeaderElection.java:askForVotes(182)) - 91e0df8d-aa90-4523-8ab3-ad8e72cea289@group-ADCF4A6ADE97:LeaderElection79: begin an election at term 1 for -1: [91e0df8d-aa90-4523-8ab3-ad8e72cea289:192.168.151.73:38313], old=null
2019-09-25 12:53:45,134 [91e0df8d-aa90-4523-8ab3-ad8e72cea289@group-ADCF4A6ADE97:LeaderElection79] INFO  impl.RoleInfo (RoleInfo.java:shutdownLeaderElection(134)) - 91e0df8d-aa90-4523-8ab3-ad8e72cea289: shutdown LeaderElection
2019-09-25 12:53:45,134 [91e0df8d-aa90-4523-8ab3-ad8e72cea289@group-ADCF4A6ADE97:LeaderElection79] INFO  impl.RaftServerImpl (RaftServerImpl.java:setRole(174)) - 91e0df8d-aa90-4523-8ab3-ad8e72cea289@group-ADCF4A6ADE97: changes role from CANDIDATE to LEADER at term 1 for changeToLeader
2019-09-25 12:53:45,135 [91e0df8d-aa90-4523-8ab3-ad8e72cea289@group-ADCF4A6ADE97:LeaderElection79] INFO  impl.RaftServerImpl (ServerState.java:setLeader(253)) - 91e0df8d-aa90-4523-8ab3-ad8e72cea289@group-ADCF4A6ADE97: change Leader from null to 91e0df8d-aa90-4523-8ab3-ad8e72cea289 at term 1 for becomeLeader, leader elected after 5093ms
2019-09-25 12:53:45,135 [91e0df8d-aa90-4523-8ab3-ad8e72cea289@group-ADCF4A6ADE97:LeaderElection79] INFO  server.RaftServerConfigKeys (ConfUtils.java:logGet(43)) - raft.server.staging.catchup.gap = 1000 (default)
2019-09-25 12:53:45,135 [91e0df8d-aa90-4523-8ab3-ad8e72cea289@group-ADCF4A6ADE97:LeaderElection79] INFO  server.RaftServerConfigKeys (ConfUtils.java:logGet(43)) - raft.server.rpc.sleep.time = 25ms (default)
2019-09-25 12:53:45,135 [91e0df8d-aa90-4523-8ab3-ad8e72cea289@group-ADCF4A6ADE97:LeaderElection79] INFO  server.RaftServerConfigKeys (ConfUtils.java:logGet(43)) - raft.server.write.element-limit = 4096 (default)
2019-09-25 12:53:45,135 [91e0df8d-aa90-4523-8ab3-ad8e72cea289@group-ADCF4A6ADE97:LeaderElection79] INFO  server.RaftServerConfigKeys (ConfUtils.java:logGet(43)) - raft.server.watch.timeout = 10s (default)
2019-09-25 12:53:45,135 [91e0df8d-aa90-4523-8ab3-ad8e72cea289@group-ADCF4A6ADE97:LeaderElection79] INFO  server.RaftServerConfigKeys (ConfUtils.java:logGet(43)) - raft.server.watch.timeout.denomination = 1s (default)
2019-09-25 12:53:45,135 [91e0df8d-aa90-4523-8ab3-ad8e72cea289@group-ADCF4A6ADE97:LeaderElection79] INFO  server.RaftServerConfigKeys (ConfUtils.java:logGet(43)) - raft.server.watch.element-limit = 65536 (default)
2019-09-25 12:53:45,137 [91e0df8d-aa90-4523-8ab3-ad8e72cea289@group-ADCF4A6ADE97:LeaderElection79] INFO  impl.RoleInfo (RoleInfo.java:updateAndGet(143)) - 91e0df8d-aa90-4523-8ab3-ad8e72cea289: start LeaderState
2019-09-25 12:53:45,137 [91e0df8d-aa90-4523-8ab3-ad8e72cea289@group-ADCF4A6ADE97:LeaderElection79] INFO  segmented.SegmentedRaftLogWorker (SegmentedRaftLogWorker.java:startLogSegment(380)) - 91e0df8d-aa90-4523-8ab3-ad8e72cea289@group-ADCF4A6ADE97-SegmentedRaftLogWorker: Starting segment from index:0
2019-09-25 12:53:45,138 [91e0df8d-aa90-4523-8ab3-ad8e72cea289@group-ADCF4A6ADE97:LeaderElection79] INFO  impl.RaftServerImpl (ServerState.java:setRaftConf(354)) - 91e0df8d-aa90-4523-8ab3-ad8e72cea289@group-ADCF4A6ADE97: set configuration 0: [91e0df8d-aa90-4523-8ab3-ad8e72cea289:192.168.151.73:38313], old=null at 0
2019-09-25 12:53:45,195 [91e0df8d-aa90-4523-8ab3-ad8e72cea289@group-ADCF4A6ADE97-SegmentedRaftLogWorker] INFO  segmented.SegmentedRaftLogWorker (SegmentedRaftLogWorker.java:execute(569)) - 91e0df8d-aa90-4523-8ab3-ad8e72cea289@group-ADCF4A6ADE97-SegmentedRaftLogWorker: created new log segment /workdir/hadoop-ozone/ozonefs/target/test-dir/MiniOzoneClusterImpl-8d8fabca-1d4e-4b07-acaa-462c274cc386/datanode-1/data/ratis/3569e676-2a4b-4171-86f4-adcf4a6ade97/current/log_inprogress_0
2019-09-25 12:53:45,294 [Thread-1274] INFO  impl.FollowerState (FollowerState.java:run(106)) - 91e0df8d-aa90-4523-8ab3-ad8e72cea289:group-F3DC9E89BE63 changes to CANDIDATE, lastRpcTime:5182, electionTimeout:5182ms
2019-09-25 12:53:45,295 [Thread-1274] INFO  impl.RoleInfo (RoleInfo.java:shutdownFollowerState(121)) - 91e0df8d-aa90-4523-8ab3-ad8e72cea289: shutdown FollowerState
2019-09-25 12:53:45,295 [Thread-1274] INFO  impl.RaftServerImpl (RaftServerImpl.java:setRole(174)) - 91e0df8d-aa90-4523-8ab3-ad8e72cea289@group-F3DC9E89BE63: changes role from  FOLLOWER to CANDIDATE at term 0 for changeToCandidate
2019-09-25 12:53:45,295 [Thread-1274] INFO  impl.RoleInfo (RoleInfo.java:updateAndGet(143)) - 91e0df8d-aa90-4523-8ab3-ad8e72cea289: start LeaderElection
2019-09-25 12:53:45,309 [91e0df8d-aa90-4523-8ab3-ad8e72cea289@group-F3DC9E89BE63:LeaderElection80] INFO  impl.LeaderElection (LeaderElection.java:askForVotes(182)) - 91e0df8d-aa90-4523-8ab3-ad8e72cea289@group-F3DC9E89BE63:LeaderElection80: begin an election at term 1 for -1: [91e0df8d-aa90-4523-8ab3-ad8e72cea289:192.168.151.73:38313], old=null
2019-09-25 12:53:45,309 [91e0df8d-aa90-4523-8ab3-ad8e72cea289@group-F3DC9E89BE63:LeaderElection80] INFO  impl.RoleInfo (RoleInfo.java:shutdownLeaderElection(134)) - 91e0df8d-aa90-4523-8ab3-ad8e72cea289: shutdown LeaderElection
2019-09-25 12:53:45,309 [91e0df8d-aa90-4523-8ab3-ad8e72cea289@group-F3DC9E89BE63:LeaderElection80] INFO  impl.RaftServerImpl (RaftServerImpl.java:setRole(174)) - 91e0df8d-aa90-4523-8ab3-ad8e72cea289@group-F3DC9E89BE63: changes role from CANDIDATE to LEADER at term 1 for changeToLeader
2019-09-25 12:53:45,309 [91e0df8d-aa90-4523-8ab3-ad8e72cea289@group-F3DC9E89BE63:LeaderElection80] INFO  impl.RaftServerImpl (ServerState.java:setLeader(253)) - 91e0df8d-aa90-4523-8ab3-ad8e72cea289@group-F3DC9E89BE63: change Leader from null to 91e0df8d-aa90-4523-8ab3-ad8e72cea289 at term 1 for becomeLeader, leader elected after 5203ms
2019-09-25 12:53:45,309 [91e0df8d-aa90-4523-8ab3-ad8e72cea289@group-F3DC9E89BE63:LeaderElection80] INFO  server.RaftServerConfigKeys (ConfUtils.java:logGet(43)) - raft.server.staging.catchup.gap = 1000 (default)
2019-09-25 12:53:45,310 [91e0df8d-aa90-4523-8ab3-ad8e72cea289@group-F3DC9E89BE63:LeaderElection80] INFO  server.RaftServerConfigKeys (ConfUtils.java:logGet(43)) - raft.server.rpc.sleep.time = 25ms (default)
2019-09-25 12:53:45,310 [91e0df8d-aa90-4523-8ab3-ad8e72cea289@group-F3DC9E89BE63:LeaderElection80] INFO  server.RaftServerConfigKeys (ConfUtils.java:logGet(43)) - raft.server.write.element-limit = 4096 (default)
2019-09-25 12:53:45,310 [91e0df8d-aa90-4523-8ab3-ad8e72cea289@group-F3DC9E89BE63:LeaderElection80] INFO  server.RaftServerConfigKeys (ConfUtils.java:logGet(43)) - raft.server.watch.timeout = 10s (default)
2019-09-25 12:53:45,310 [91e0df8d-aa90-4523-8ab3-ad8e72cea289@group-F3DC9E89BE63:LeaderElection80] INFO  server.RaftServerConfigKeys (ConfUtils.java:logGet(43)) - raft.server.watch.timeout.denomination = 1s (default)
2019-09-25 12:53:45,310 [91e0df8d-aa90-4523-8ab3-ad8e72cea289@group-F3DC9E89BE63:LeaderElection80] INFO  server.RaftServerConfigKeys (ConfUtils.java:logGet(43)) - raft.server.watch.element-limit = 65536 (default)
2019-09-25 12:53:45,313 [91e0df8d-aa90-4523-8ab3-ad8e72cea289@group-F3DC9E89BE63:LeaderElection80] INFO  impl.RoleInfo (RoleInfo.java:updateAndGet(143)) - 91e0df8d-aa90-4523-8ab3-ad8e72cea289: start LeaderState
2019-09-25 12:53:45,313 [91e0df8d-aa90-4523-8ab3-ad8e72cea289@group-F3DC9E89BE63:LeaderElection80] INFO  segmented.SegmentedRaftLogWorker (SegmentedRaftLogWorker.java:startLogSegment(380)) - 91e0df8d-aa90-4523-8ab3-ad8e72cea289@group-F3DC9E89BE63-SegmentedRaftLogWorker: Starting segment from index:0
2019-09-25 12:53:45,314 [91e0df8d-aa90-4523-8ab3-ad8e72cea289@group-F3DC9E89BE63:LeaderElection80] INFO  impl.RaftServerImpl (ServerState.java:setRaftConf(354)) - 91e0df8d-aa90-4523-8ab3-ad8e72cea289@group-F3DC9E89BE63: set configuration 0: [91e0df8d-aa90-4523-8ab3-ad8e72cea289:192.168.151.73:38313], old=null at 0
2019-09-25 12:53:45,339 [Thread-1277] INFO  impl.FollowerState (FollowerState.java:run(106)) - 91e0df8d-aa90-4523-8ab3-ad8e72cea289:group-5B945E91DF7E changes to CANDIDATE, lastRpcTime:5167, electionTimeout:5167ms
2019-09-25 12:53:45,339 [Thread-1277] INFO  impl.RoleInfo (RoleInfo.java:shutdownFollowerState(121)) - 91e0df8d-aa90-4523-8ab3-ad8e72cea289: shutdown FollowerState
2019-09-25 12:53:45,339 [Thread-1277] INFO  impl.RaftServerImpl (RaftServerImpl.java:setRole(174)) - 91e0df8d-aa90-4523-8ab3-ad8e72cea289@group-5B945E91DF7E: changes role from  FOLLOWER to CANDIDATE at term 0 for changeToCandidate
2019-09-25 12:53:45,339 [Thread-1277] INFO  impl.RoleInfo (RoleInfo.java:updateAndGet(143)) - 91e0df8d-aa90-4523-8ab3-ad8e72cea289: start LeaderElection
2019-09-25 12:53:45,346 [Thread-1280] INFO  impl.FollowerState (FollowerState.java:run(106)) - 91e0df8d-aa90-4523-8ab3-ad8e72cea289:group-3D34AA261574 changes to CANDIDATE, lastRpcTime:5102, electionTimeout:5102ms
2019-09-25 12:53:45,347 [Thread-1280] INFO  impl.RoleInfo (RoleInfo.java:shutdownFollowerState(121)) - 91e0df8d-aa90-4523-8ab3-ad8e72cea289: shutdown FollowerState
2019-09-25 12:53:45,347 [Thread-1280] INFO  impl.RaftServerImpl (RaftServerImpl.java:setRole(174)) - 91e0df8d-aa90-4523-8ab3-ad8e72cea289@group-3D34AA261574: changes role from  FOLLOWER to CANDIDATE at term 0 for changeToCandidate
2019-09-25 12:53:45,347 [Thread-1280] INFO  impl.RoleInfo (RoleInfo.java:updateAndGet(143)) - 91e0df8d-aa90-4523-8ab3-ad8e72cea289: start LeaderElection
2019-09-25 12:53:45,354 [91e0df8d-aa90-4523-8ab3-ad8e72cea289@group-5B945E91DF7E:LeaderElection81] INFO  impl.LeaderElection (LeaderElection.java:askForVotes(182)) - 91e0df8d-aa90-4523-8ab3-ad8e72cea289@group-5B945E91DF7E:LeaderElection81: begin an election at term 1 for -1: [91e0df8d-aa90-4523-8ab3-ad8e72cea289:192.168.151.73:38313], old=null
2019-09-25 12:53:45,354 [91e0df8d-aa90-4523-8ab3-ad8e72cea289@group-3D34AA261574:LeaderElection82] INFO  impl.LeaderElection (LeaderElection.java:askForVotes(182)) - 91e0df8d-aa90-4523-8ab3-ad8e72cea289@group-3D34AA261574:LeaderElection82: begin an election at term 1 for -1: [91e0df8d-aa90-4523-8ab3-ad8e72cea289:192.168.151.73:38313], old=null
2019-09-25 12:53:45,354 [91e0df8d-aa90-4523-8ab3-ad8e72cea289@group-5B945E91DF7E:LeaderElection81] INFO  impl.RoleInfo (RoleInfo.java:shutdownLeaderElection(134)) - 91e0df8d-aa90-4523-8ab3-ad8e72cea289: shutdown LeaderElection
2019-09-25 12:53:45,354 [91e0df8d-aa90-4523-8ab3-ad8e72cea289@group-3D34AA261574:LeaderElection82] INFO  impl.RoleInfo (RoleInfo.java:shutdownLeaderElection(134)) - 91e0df8d-aa90-4523-8ab3-ad8e72cea289: shutdown LeaderElection
2019-09-25 12:53:45,354 [91e0df8d-aa90-4523-8ab3-ad8e72cea289@group-5B945E91DF7E:LeaderElection81] INFO  impl.RaftServerImpl (RaftServerImpl.java:setRole(174)) - 91e0df8d-aa90-4523-8ab3-ad8e72cea289@group-5B945E91DF7E: changes role from CANDIDATE to LEADER at term 1 for changeToLeader
2019-09-25 12:53:45,354 [91e0df8d-aa90-4523-8ab3-ad8e72cea289@group-3D34AA261574:LeaderElection82] INFO  impl.RaftServerImpl (RaftServerImpl.java:setRole(174)) - 91e0df8d-aa90-4523-8ab3-ad8e72cea289@group-3D34AA261574: changes role from CANDIDATE to LEADER at term 1 for changeToLeader
2019-09-25 12:53:45,354 [91e0df8d-aa90-4523-8ab3-ad8e72cea289@group-5B945E91DF7E:LeaderElection81] INFO  impl.RaftServerImpl (ServerState.java:setLeader(253)) - 91e0df8d-aa90-4523-8ab3-ad8e72cea289@group-5B945E91DF7E: change Leader from null to 91e0df8d-aa90-4523-8ab3-ad8e72cea289 at term 1 for becomeLeader, leader elected after 5188ms
2019-09-25 12:53:45,354 [91e0df8d-aa90-4523-8ab3-ad8e72cea289@group-3D34AA261574:LeaderElection82] INFO  impl.RaftServerImpl (ServerState.java:setLeader(253)) - 91e0df8d-aa90-4523-8ab3-ad8e72cea289@group-3D34AA261574: change Leader from null to 91e0df8d-aa90-4523-8ab3-ad8e72cea289 at term 1 for becomeLeader, leader elected after 5116ms
2019-09-25 12:53:45,355 [91e0df8d-aa90-4523-8ab3-ad8e72cea289@group-5B945E91DF7E:LeaderElection81] INFO  server.RaftServerConfigKeys (ConfUtils.java:logGet(43)) - raft.server.staging.catchup.gap = 1000 (default)
2019-09-25 12:53:45,355 [91e0df8d-aa90-4523-8ab3-ad8e72cea289@group-3D34AA261574:LeaderElection82] INFO  server.RaftServerConfigKeys (ConfUtils.java:logGet(43)) - raft.server.staging.catchup.gap = 1000 (default)
2019-09-25 12:53:45,355 [91e0df8d-aa90-4523-8ab3-ad8e72cea289@group-5B945E91DF7E:LeaderElection81] INFO  server.RaftServerConfigKeys (ConfUtils.java:logGet(43)) - raft.server.rpc.sleep.time = 25ms (default)
2019-09-25 12:53:45,355 [91e0df8d-aa90-4523-8ab3-ad8e72cea289@group-3D34AA261574:LeaderElection82] INFO  server.RaftServerConfigKeys (ConfUtils.java:logGet(43)) - raft.server.rpc.sleep.time = 25ms (default)
2019-09-25 12:53:45,355 [91e0df8d-aa90-4523-8ab3-ad8e72cea289@group-5B945E91DF7E:LeaderElection81] INFO  server.RaftServerConfigKeys (ConfUtils.java:logGet(43)) - raft.server.write.element-limit = 4096 (default)
2019-09-25 12:53:45,355 [91e0df8d-aa90-4523-8ab3-ad8e72cea289@group-3D34AA261574:LeaderElection82] INFO  server.RaftServerConfigKeys (ConfUtils.java:logGet(43)) - raft.server.write.element-limit = 4096 (default)
2019-09-25 12:53:45,355 [91e0df8d-aa90-4523-8ab3-ad8e72cea289@group-5B945E91DF7E:LeaderElection81] INFO  server.RaftServerConfigKeys (ConfUtils.java:logGet(43)) - raft.server.watch.timeout = 10s (default)
2019-09-25 12:53:45,356 [91e0df8d-aa90-4523-8ab3-ad8e72cea289@group-3D34AA261574:LeaderElection82] INFO  server.RaftServerConfigKeys (ConfUtils.java:logGet(43)) - raft.server.watch.timeout = 10s (default)
2019-09-25 12:53:45,356 [91e0df8d-aa90-4523-8ab3-ad8e72cea289@group-5B945E91DF7E:LeaderElection81] INFO  server.RaftServerConfigKeys (ConfUtils.java:logGet(43)) - raft.server.watch.timeout.denomination = 1s (default)
2019-09-25 12:53:45,356 [91e0df8d-aa90-4523-8ab3-ad8e72cea289@group-3D34AA261574:LeaderElection82] INFO  server.RaftServerConfigKeys (ConfUtils.java:logGet(43)) - raft.server.watch.timeout.denomination = 1s (default)
2019-09-25 12:53:45,356 [91e0df8d-aa90-4523-8ab3-ad8e72cea289@group-5B945E91DF7E:LeaderElection81] INFO  server.RaftServerConfigKeys (ConfUtils.java:logGet(43)) - raft.server.watch.element-limit = 65536 (default)
2019-09-25 12:53:45,356 [91e0df8d-aa90-4523-8ab3-ad8e72cea289@group-3D34AA261574:LeaderElection82] INFO  server.RaftServerConfigKeys (ConfUtils.java:logGet(43)) - raft.server.watch.element-limit = 65536 (default)
2019-09-25 12:53:45,360 [91e0df8d-aa90-4523-8ab3-ad8e72cea289@group-5B945E91DF7E:LeaderElection81] INFO  impl.RoleInfo (RoleInfo.java:updateAndGet(143)) - 91e0df8d-aa90-4523-8ab3-ad8e72cea289: start LeaderState
2019-09-25 12:53:45,360 [91e0df8d-aa90-4523-8ab3-ad8e72cea289@group-3D34AA261574:LeaderElection82] INFO  impl.RoleInfo (RoleInfo.java:updateAndGet(143)) - 91e0df8d-aa90-4523-8ab3-ad8e72cea289: start LeaderState
2019-09-25 12:53:45,360 [91e0df8d-aa90-4523-8ab3-ad8e72cea289@group-5B945E91DF7E:LeaderElection81] INFO  segmented.SegmentedRaftLogWorker (SegmentedRaftLogWorker.java:startLogSegment(380)) - 91e0df8d-aa90-4523-8ab3-ad8e72cea289@group-5B945E91DF7E-SegmentedRaftLogWorker: Starting segment from index:0
2019-09-25 12:53:45,360 [91e0df8d-aa90-4523-8ab3-ad8e72cea289@group-3D34AA261574:LeaderElection82] INFO  segmented.SegmentedRaftLogWorker (SegmentedRaftLogWorker.java:startLogSegment(380)) - 91e0df8d-aa90-4523-8ab3-ad8e72cea289@group-3D34AA261574-SegmentedRaftLogWorker: Starting segment from index:0
2019-09-25 12:53:45,361 [91e0df8d-aa90-4523-8ab3-ad8e72cea289@group-5B945E91DF7E:LeaderElection81] INFO  impl.RaftServerImpl (ServerState.java:setRaftConf(354)) - 91e0df8d-aa90-4523-8ab3-ad8e72cea289@group-5B945E91DF7E: set configuration 0: [91e0df8d-aa90-4523-8ab3-ad8e72cea289:192.168.151.73:38313], old=null at 0
2019-09-25 12:53:45,361 [91e0df8d-aa90-4523-8ab3-ad8e72cea289@group-3D34AA261574:LeaderElection82] INFO  impl.RaftServerImpl (ServerState.java:setRaftConf(354)) - 91e0df8d-aa90-4523-8ab3-ad8e72cea289@group-3D34AA261574: set configuration 0: [91e0df8d-aa90-4523-8ab3-ad8e72cea289:192.168.151.73:38313], old=null at 0
2019-09-25 12:53:45,376 [91e0df8d-aa90-4523-8ab3-ad8e72cea289@group-F3DC9E89BE63-SegmentedRaftLogWorker] INFO  segmented.SegmentedRaftLogWorker (SegmentedRaftLogWorker.java:execute(569)) - 91e0df8d-aa90-4523-8ab3-ad8e72cea289@group-F3DC9E89BE63-SegmentedRaftLogWorker: created new log segment /workdir/hadoop-ozone/ozonefs/target/test-dir/MiniOzoneClusterImpl-8d8fabca-1d4e-4b07-acaa-462c274cc386/datanode-1/data/ratis/183866f3-5e52-4435-9d9e-f3dc9e89be63/current/log_inprogress_0
2019-09-25 12:53:45,415 [91e0df8d-aa90-4523-8ab3-ad8e72cea289@group-5B945E91DF7E-SegmentedRaftLogWorker] INFO  segmented.SegmentedRaftLogWorker (SegmentedRaftLogWorker.java:execute(569)) - 91e0df8d-aa90-4523-8ab3-ad8e72cea289@group-5B945E91DF7E-SegmentedRaftLogWorker: created new log segment /workdir/hadoop-ozone/ozonefs/target/test-dir/MiniOzoneClusterImpl-8d8fabca-1d4e-4b07-acaa-462c274cc386/datanode-1/data/ratis/881d422c-c44f-45a0-8e32-5b945e91df7e/current/log_inprogress_0
2019-09-25 12:53:45,415 [91e0df8d-aa90-4523-8ab3-ad8e72cea289@group-3D34AA261574-SegmentedRaftLogWorker] INFO  segmented.SegmentedRaftLogWorker (SegmentedRaftLogWorker.java:execute(569)) - 91e0df8d-aa90-4523-8ab3-ad8e72cea289@group-3D34AA261574-SegmentedRaftLogWorker: created new log segment /workdir/hadoop-ozone/ozonefs/target/test-dir/MiniOzoneClusterImpl-8d8fabca-1d4e-4b07-acaa-462c274cc386/datanode-1/data/ratis/43ae2336-ecc7-4205-8462-3d34aa261574/current/log_inprogress_0
2019-09-25 12:53:45,430 [Thread-1286] INFO  impl.FollowerState (FollowerState.java:run(106)) - 91e0df8d-aa90-4523-8ab3-ad8e72cea289:group-4BF27A7DE5BC changes to CANDIDATE, lastRpcTime:5043, electionTimeout:5043ms
2019-09-25 12:53:45,430 [Thread-1286] INFO  impl.RoleInfo (RoleInfo.java:shutdownFollowerState(121)) - 91e0df8d-aa90-4523-8ab3-ad8e72cea289: shutdown FollowerState
2019-09-25 12:53:45,430 [Thread-1286] INFO  impl.RaftServerImpl (RaftServerImpl.java:setRole(174)) - 91e0df8d-aa90-4523-8ab3-ad8e72cea289@group-4BF27A7DE5BC: changes role from  FOLLOWER to CANDIDATE at term 0 for changeToCandidate
2019-09-25 12:53:45,431 [Thread-1286] INFO  impl.RoleInfo (RoleInfo.java:updateAndGet(143)) - 91e0df8d-aa90-4523-8ab3-ad8e72cea289: start LeaderElection
2019-09-25 12:53:45,445 [91e0df8d-aa90-4523-8ab3-ad8e72cea289@group-4BF27A7DE5BC:LeaderElection83] INFO  impl.LeaderElection (LeaderElection.java:askForVotes(182)) - 91e0df8d-aa90-4523-8ab3-ad8e72cea289@group-4BF27A7DE5BC:LeaderElection83: begin an election at term 1 for -1: [91e0df8d-aa90-4523-8ab3-ad8e72cea289:192.168.151.73:38313], old=null
2019-09-25 12:53:45,445 [91e0df8d-aa90-4523-8ab3-ad8e72cea289@group-4BF27A7DE5BC:LeaderElection83] INFO  impl.RoleInfo (RoleInfo.java:shutdownLeaderElection(134)) - 91e0df8d-aa90-4523-8ab3-ad8e72cea289: shutdown LeaderElection
2019-09-25 12:53:45,445 [91e0df8d-aa90-4523-8ab3-ad8e72cea289@group-4BF27A7DE5BC:LeaderElection83] INFO  impl.RaftServerImpl (RaftServerImpl.java:setRole(174)) - 91e0df8d-aa90-4523-8ab3-ad8e72cea289@group-4BF27A7DE5BC: changes role from CANDIDATE to LEADER at term 1 for changeToLeader
2019-09-25 12:53:45,445 [91e0df8d-aa90-4523-8ab3-ad8e72cea289@group-4BF27A7DE5BC:LeaderElection83] INFO  impl.RaftServerImpl (ServerState.java:setLeader(253)) - 91e0df8d-aa90-4523-8ab3-ad8e72cea289@group-4BF27A7DE5BC: change Leader from null to 91e0df8d-aa90-4523-8ab3-ad8e72cea289 at term 1 for becomeLeader, leader elected after 5065ms
2019-09-25 12:53:45,445 [91e0df8d-aa90-4523-8ab3-ad8e72cea289@group-4BF27A7DE5BC:LeaderElection83] INFO  server.RaftServerConfigKeys (ConfUtils.java:logGet(43)) - raft.server.staging.catchup.gap = 1000 (default)
2019-09-25 12:53:45,446 [91e0df8d-aa90-4523-8ab3-ad8e72cea289@group-4BF27A7DE5BC:LeaderElection83] INFO  server.RaftServerConfigKeys (ConfUtils.java:logGet(43)) - raft.server.rpc.sleep.time = 25ms (default)
2019-09-25 12:53:45,446 [91e0df8d-aa90-4523-8ab3-ad8e72cea289@group-4BF27A7DE5BC:LeaderElection83] INFO  server.RaftServerConfigKeys (ConfUtils.java:logGet(43)) - raft.server.write.element-limit = 4096 (default)
2019-09-25 12:53:45,446 [91e0df8d-aa90-4523-8ab3-ad8e72cea289@group-4BF27A7DE5BC:LeaderElection83] INFO  server.RaftServerConfigKeys (ConfUtils.java:logGet(43)) - raft.server.watch.timeout = 10s (default)
2019-09-25 12:53:45,446 [91e0df8d-aa90-4523-8ab3-ad8e72cea289@group-4BF27A7DE5BC:LeaderElection83] INFO  server.RaftServerConfigKeys (ConfUtils.java:logGet(43)) - raft.server.watch.timeout.denomination = 1s (default)
2019-09-25 12:53:45,446 [91e0df8d-aa90-4523-8ab3-ad8e72cea289@group-4BF27A7DE5BC:LeaderElection83] INFO  server.RaftServerConfigKeys (ConfUtils.java:logGet(43)) - raft.server.watch.element-limit = 65536 (default)
2019-09-25 12:53:45,448 [91e0df8d-aa90-4523-8ab3-ad8e72cea289@group-4BF27A7DE5BC:LeaderElection83] INFO  impl.RoleInfo (RoleInfo.java:updateAndGet(143)) - 91e0df8d-aa90-4523-8ab3-ad8e72cea289: start LeaderState
2019-09-25 12:53:45,449 [91e0df8d-aa90-4523-8ab3-ad8e72cea289@group-4BF27A7DE5BC:LeaderElection83] INFO  segmented.SegmentedRaftLogWorker (SegmentedRaftLogWorker.java:startLogSegment(380)) - 91e0df8d-aa90-4523-8ab3-ad8e72cea289@group-4BF27A7DE5BC-SegmentedRaftLogWorker: Starting segment from index:0
2019-09-25 12:53:45,449 [91e0df8d-aa90-4523-8ab3-ad8e72cea289@group-4BF27A7DE5BC:LeaderElection83] INFO  impl.RaftServerImpl (ServerState.java:setRaftConf(354)) - 91e0df8d-aa90-4523-8ab3-ad8e72cea289@group-4BF27A7DE5BC: set configuration 0: [91e0df8d-aa90-4523-8ab3-ad8e72cea289:192.168.151.73:38313], old=null at 0
2019-09-25 12:53:45,480 [Thread-1289] INFO  impl.FollowerState (FollowerState.java:run(106)) - da22cbcc-9e9c-4f3e-9508-80057178297b:group-6B3CF71E6DEE changes to CANDIDATE, lastRpcTime:5018, electionTimeout:5018ms
2019-09-25 12:53:45,480 [Thread-1289] INFO  impl.RoleInfo (RoleInfo.java:shutdownFollowerState(121)) - da22cbcc-9e9c-4f3e-9508-80057178297b: shutdown FollowerState
2019-09-25 12:53:45,481 [Thread-1289] INFO  impl.RaftServerImpl (RaftServerImpl.java:setRole(174)) - da22cbcc-9e9c-4f3e-9508-80057178297b@group-6B3CF71E6DEE: changes role from  FOLLOWER to CANDIDATE at term 0 for changeToCandidate
2019-09-25 12:53:45,481 [Thread-1289] INFO  impl.RoleInfo (RoleInfo.java:updateAndGet(143)) - da22cbcc-9e9c-4f3e-9508-80057178297b: start LeaderElection
2019-09-25 12:53:45,484 [Thread-1283] INFO  impl.FollowerState (FollowerState.java:run(106)) - da22cbcc-9e9c-4f3e-9508-80057178297b:group-9E6F6CE33161 changes to CANDIDATE, lastRpcTime:5165, electionTimeout:5165ms
2019-09-25 12:53:45,484 [Thread-1283] INFO  impl.RoleInfo (RoleInfo.java:shutdownFollowerState(121)) - da22cbcc-9e9c-4f3e-9508-80057178297b: shutdown FollowerState
2019-09-25 12:53:45,485 [Thread-1283] INFO  impl.RaftServerImpl (RaftServerImpl.java:setRole(174)) - da22cbcc-9e9c-4f3e-9508-80057178297b@group-9E6F6CE33161: changes role from  FOLLOWER to CANDIDATE at term 0 for changeToCandidate
2019-09-25 12:53:45,485 [Thread-1283] INFO  impl.RoleInfo (RoleInfo.java:updateAndGet(143)) - da22cbcc-9e9c-4f3e-9508-80057178297b: start LeaderElection
2019-09-25 12:53:45,510 [91e0df8d-aa90-4523-8ab3-ad8e72cea289@group-4BF27A7DE5BC-SegmentedRaftLogWorker] INFO  segmented.SegmentedRaftLogWorker (SegmentedRaftLogWorker.java:execute(569)) - 91e0df8d-aa90-4523-8ab3-ad8e72cea289@group-4BF27A7DE5BC-SegmentedRaftLogWorker: created new log segment /workdir/hadoop-ozone/ozonefs/target/test-dir/MiniOzoneClusterImpl-8d8fabca-1d4e-4b07-acaa-462c274cc386/datanode-1/data/ratis/7011940a-3ffb-4029-83fa-4bf27a7de5bc/current/log_inprogress_0
2019-09-25 12:53:45,510 [da22cbcc-9e9c-4f3e-9508-80057178297b@group-9E6F6CE33161:LeaderElection85] INFO  impl.LeaderElection (LeaderElection.java:askForVotes(182)) - da22cbcc-9e9c-4f3e-9508-80057178297b@group-9E6F6CE33161:LeaderElection85: begin an election at term 1 for -1: [da22cbcc-9e9c-4f3e-9508-80057178297b:192.168.151.73:36139], old=null
2019-09-25 12:53:45,510 [da22cbcc-9e9c-4f3e-9508-80057178297b@group-6B3CF71E6DEE:LeaderElection84] INFO  impl.LeaderElection (LeaderElection.java:askForVotes(182)) - da22cbcc-9e9c-4f3e-9508-80057178297b@group-6B3CF71E6DEE:LeaderElection84: begin an election at term 1 for -1: [da22cbcc-9e9c-4f3e-9508-80057178297b:192.168.151.73:36139], old=null
2019-09-25 12:53:45,510 [da22cbcc-9e9c-4f3e-9508-80057178297b@group-9E6F6CE33161:LeaderElection85] INFO  impl.RoleInfo (RoleInfo.java:shutdownLeaderElection(134)) - da22cbcc-9e9c-4f3e-9508-80057178297b: shutdown LeaderElection
2019-09-25 12:53:45,510 [da22cbcc-9e9c-4f3e-9508-80057178297b@group-6B3CF71E6DEE:LeaderElection84] INFO  impl.RoleInfo (RoleInfo.java:shutdownLeaderElection(134)) - da22cbcc-9e9c-4f3e-9508-80057178297b: shutdown LeaderElection
2019-09-25 12:53:45,511 [da22cbcc-9e9c-4f3e-9508-80057178297b@group-9E6F6CE33161:LeaderElection85] INFO  impl.RaftServerImpl (RaftServerImpl.java:setRole(174)) - da22cbcc-9e9c-4f3e-9508-80057178297b@group-9E6F6CE33161: changes role from CANDIDATE to LEADER at term 1 for changeToLeader
2019-09-25 12:53:45,511 [da22cbcc-9e9c-4f3e-9508-80057178297b@group-6B3CF71E6DEE:LeaderElection84] INFO  impl.RaftServerImpl (RaftServerImpl.java:setRole(174)) - da22cbcc-9e9c-4f3e-9508-80057178297b@group-6B3CF71E6DEE: changes role from CANDIDATE to LEADER at term 1 for changeToLeader
2019-09-25 12:53:45,511 [da22cbcc-9e9c-4f3e-9508-80057178297b@group-9E6F6CE33161:LeaderElection85] INFO  impl.RaftServerImpl (ServerState.java:setLeader(253)) - da22cbcc-9e9c-4f3e-9508-80057178297b@group-9E6F6CE33161: change Leader from null to da22cbcc-9e9c-4f3e-9508-80057178297b at term 1 for becomeLeader, leader elected after 5198ms
2019-09-25 12:53:45,511 [da22cbcc-9e9c-4f3e-9508-80057178297b@group-6B3CF71E6DEE:LeaderElection84] INFO  impl.RaftServerImpl (ServerState.java:setLeader(253)) - da22cbcc-9e9c-4f3e-9508-80057178297b@group-6B3CF71E6DEE: change Leader from null to da22cbcc-9e9c-4f3e-9508-80057178297b at term 1 for becomeLeader, leader elected after 5055ms
2019-09-25 12:53:45,511 [da22cbcc-9e9c-4f3e-9508-80057178297b@group-9E6F6CE33161:LeaderElection85] INFO  server.RaftServerConfigKeys (ConfUtils.java:logGet(43)) - raft.server.staging.catchup.gap = 1000 (default)
2019-09-25 12:53:45,511 [da22cbcc-9e9c-4f3e-9508-80057178297b@group-6B3CF71E6DEE:LeaderElection84] INFO  server.RaftServerConfigKeys (ConfUtils.java:logGet(43)) - raft.server.staging.catchup.gap = 1000 (default)
2019-09-25 12:53:45,511 [da22cbcc-9e9c-4f3e-9508-80057178297b@group-9E6F6CE33161:LeaderElection85] INFO  server.RaftServerConfigKeys (ConfUtils.java:logGet(43)) - raft.server.rpc.sleep.time = 25ms (default)
2019-09-25 12:53:45,511 [da22cbcc-9e9c-4f3e-9508-80057178297b@group-6B3CF71E6DEE:LeaderElection84] INFO  server.RaftServerConfigKeys (ConfUtils.java:logGet(43)) - raft.server.rpc.sleep.time = 25ms (default)
2019-09-25 12:53:45,512 [da22cbcc-9e9c-4f3e-9508-80057178297b@group-9E6F6CE33161:LeaderElection85] INFO  server.RaftServerConfigKeys (ConfUtils.java:logGet(43)) - raft.server.write.element-limit = 4096 (default)
2019-09-25 12:53:45,512 [da22cbcc-9e9c-4f3e-9508-80057178297b@group-6B3CF71E6DEE:LeaderElection84] INFO  server.RaftServerConfigKeys (ConfUtils.java:logGet(43)) - raft.server.write.element-limit = 4096 (default)
2019-09-25 12:53:45,512 [da22cbcc-9e9c-4f3e-9508-80057178297b@group-9E6F6CE33161:LeaderElection85] INFO  server.RaftServerConfigKeys (ConfUtils.java:logGet(43)) - raft.server.watch.timeout = 10s (default)
2019-09-25 12:53:45,512 [da22cbcc-9e9c-4f3e-9508-80057178297b@group-6B3CF71E6DEE:LeaderElection84] INFO  server.RaftServerConfigKeys (ConfUtils.java:logGet(43)) - raft.server.watch.timeout = 10s (default)
2019-09-25 12:53:45,512 [da22cbcc-9e9c-4f3e-9508-80057178297b@group-9E6F6CE33161:LeaderElection85] INFO  server.RaftServerConfigKeys (ConfUtils.java:logGet(43)) - raft.server.watch.timeout.denomination = 1s (default)
2019-09-25 12:53:45,512 [da22cbcc-9e9c-4f3e-9508-80057178297b@group-6B3CF71E6DEE:LeaderElection84] INFO  server.RaftServerConfigKeys (ConfUtils.java:logGet(43)) - raft.server.watch.timeout.denomination = 1s (default)
2019-09-25 12:53:45,513 [da22cbcc-9e9c-4f3e-9508-80057178297b@group-9E6F6CE33161:LeaderElection85] INFO  server.RaftServerConfigKeys (ConfUtils.java:logGet(43)) - raft.server.watch.element-limit = 65536 (default)
2019-09-25 12:53:45,513 [da22cbcc-9e9c-4f3e-9508-80057178297b@group-6B3CF71E6DEE:LeaderElection84] INFO  server.RaftServerConfigKeys (ConfUtils.java:logGet(43)) - raft.server.watch.element-limit = 65536 (default)
2019-09-25 12:53:45,515 [da22cbcc-9e9c-4f3e-9508-80057178297b@group-9E6F6CE33161:LeaderElection85] INFO  impl.RoleInfo (RoleInfo.java:updateAndGet(143)) - da22cbcc-9e9c-4f3e-9508-80057178297b: start LeaderState
2019-09-25 12:53:45,516 [da22cbcc-9e9c-4f3e-9508-80057178297b@group-9E6F6CE33161:LeaderElection85] INFO  segmented.SegmentedRaftLogWorker (SegmentedRaftLogWorker.java:startLogSegment(380)) - da22cbcc-9e9c-4f3e-9508-80057178297b@group-9E6F6CE33161-SegmentedRaftLogWorker: Starting segment from index:0
2019-09-25 12:53:45,516 [da22cbcc-9e9c-4f3e-9508-80057178297b@group-9E6F6CE33161:LeaderElection85] INFO  impl.RaftServerImpl (ServerState.java:setRaftConf(354)) - da22cbcc-9e9c-4f3e-9508-80057178297b@group-9E6F6CE33161: set configuration 0: [da22cbcc-9e9c-4f3e-9508-80057178297b:192.168.151.73:36139], old=null at 0
2019-09-25 12:53:45,518 [da22cbcc-9e9c-4f3e-9508-80057178297b@group-6B3CF71E6DEE:LeaderElection84] INFO  impl.RoleInfo (RoleInfo.java:updateAndGet(143)) - da22cbcc-9e9c-4f3e-9508-80057178297b: start LeaderState
2019-09-25 12:53:45,518 [da22cbcc-9e9c-4f3e-9508-80057178297b@group-6B3CF71E6DEE:LeaderElection84] INFO  segmented.SegmentedRaftLogWorker (SegmentedRaftLogWorker.java:startLogSegment(380)) - da22cbcc-9e9c-4f3e-9508-80057178297b@group-6B3CF71E6DEE-SegmentedRaftLogWorker: Starting segment from index:0
2019-09-25 12:53:45,518 [da22cbcc-9e9c-4f3e-9508-80057178297b@group-6B3CF71E6DEE:LeaderElection84] INFO  impl.RaftServerImpl (ServerState.java:setRaftConf(354)) - da22cbcc-9e9c-4f3e-9508-80057178297b@group-6B3CF71E6DEE: set configuration 0: [da22cbcc-9e9c-4f3e-9508-80057178297b:192.168.151.73:36139], old=null at 0
2019-09-25 12:53:45,566 [da22cbcc-9e9c-4f3e-9508-80057178297b@group-6B3CF71E6DEE-SegmentedRaftLogWorker] INFO  segmented.SegmentedRaftLogWorker (SegmentedRaftLogWorker.java:execute(569)) - da22cbcc-9e9c-4f3e-9508-80057178297b@group-6B3CF71E6DEE-SegmentedRaftLogWorker: created new log segment /workdir/hadoop-ozone/ozonefs/target/test-dir/MiniOzoneClusterImpl-8d8fabca-1d4e-4b07-acaa-462c274cc386/datanode-2/data/ratis/1dceb2bc-c7a6-4c8b-a748-6b3cf71e6dee/current/log_inprogress_0
2019-09-25 12:53:45,566 [da22cbcc-9e9c-4f3e-9508-80057178297b@group-9E6F6CE33161-SegmentedRaftLogWorker] INFO  segmented.SegmentedRaftLogWorker (SegmentedRaftLogWorker.java:execute(569)) - da22cbcc-9e9c-4f3e-9508-80057178297b@group-9E6F6CE33161-SegmentedRaftLogWorker: created new log segment /workdir/hadoop-ozone/ozonefs/target/test-dir/MiniOzoneClusterImpl-8d8fabca-1d4e-4b07-acaa-462c274cc386/datanode-2/data/ratis/941f9ed7-eaa6-4430-9023-9e6f6ce33161/current/log_inprogress_0
2019-09-25 12:53:45,710 [Thread-1292] INFO  impl.FollowerState (FollowerState.java:run(106)) - da22cbcc-9e9c-4f3e-9508-80057178297b:group-75079C28F9BD changes to CANDIDATE, lastRpcTime:5172, electionTimeout:5172ms
2019-09-25 12:53:45,710 [Thread-1292] INFO  impl.RoleInfo (RoleInfo.java:shutdownFollowerState(121)) - da22cbcc-9e9c-4f3e-9508-80057178297b: shutdown FollowerState
2019-09-25 12:53:45,710 [Thread-1292] INFO  impl.RaftServerImpl (RaftServerImpl.java:setRole(174)) - da22cbcc-9e9c-4f3e-9508-80057178297b@group-75079C28F9BD: changes role from  FOLLOWER to CANDIDATE at term 0 for changeToCandidate
2019-09-25 12:53:45,711 [Thread-1292] INFO  impl.RoleInfo (RoleInfo.java:updateAndGet(143)) - da22cbcc-9e9c-4f3e-9508-80057178297b: start LeaderElection
2019-09-25 12:53:45,733 [da22cbcc-9e9c-4f3e-9508-80057178297b@group-75079C28F9BD:LeaderElection86] INFO  impl.LeaderElection (LeaderElection.java:askForVotes(182)) - da22cbcc-9e9c-4f3e-9508-80057178297b@group-75079C28F9BD:LeaderElection86: begin an election at term 1 for -1: [da22cbcc-9e9c-4f3e-9508-80057178297b:192.168.151.73:36139], old=null
2019-09-25 12:53:45,733 [da22cbcc-9e9c-4f3e-9508-80057178297b@group-75079C28F9BD:LeaderElection86] INFO  impl.RoleInfo (RoleInfo.java:shutdownLeaderElection(134)) - da22cbcc-9e9c-4f3e-9508-80057178297b: shutdown LeaderElection
2019-09-25 12:53:45,733 [da22cbcc-9e9c-4f3e-9508-80057178297b@group-75079C28F9BD:LeaderElection86] INFO  impl.RaftServerImpl (RaftServerImpl.java:setRole(174)) - da22cbcc-9e9c-4f3e-9508-80057178297b@group-75079C28F9BD: changes role from CANDIDATE to LEADER at term 1 for changeToLeader
2019-09-25 12:53:45,733 [da22cbcc-9e9c-4f3e-9508-80057178297b@group-75079C28F9BD:LeaderElection86] INFO  impl.RaftServerImpl (ServerState.java:setLeader(253)) - da22cbcc-9e9c-4f3e-9508-80057178297b@group-75079C28F9BD: change Leader from null to da22cbcc-9e9c-4f3e-9508-80057178297b at term 1 for becomeLeader, leader elected after 5201ms
2019-09-25 12:53:45,733 [da22cbcc-9e9c-4f3e-9508-80057178297b@group-75079C28F9BD:LeaderElection86] INFO  server.RaftServerConfigKeys (ConfUtils.java:logGet(43)) - raft.server.staging.catchup.gap = 1000 (default)
2019-09-25 12:53:45,733 [da22cbcc-9e9c-4f3e-9508-80057178297b@group-75079C28F9BD:LeaderElection86] INFO  server.RaftServerConfigKeys (ConfUtils.java:logGet(43)) - raft.server.rpc.sleep.time = 25ms (default)
2019-09-25 12:53:45,734 [da22cbcc-9e9c-4f3e-9508-80057178297b@group-75079C28F9BD:LeaderElection86] INFO  server.RaftServerConfigKeys (ConfUtils.java:logGet(43)) - raft.server.write.element-limit = 4096 (default)
2019-09-25 12:53:45,734 [da22cbcc-9e9c-4f3e-9508-80057178297b@group-75079C28F9BD:LeaderElection86] INFO  server.RaftServerConfigKeys (ConfUtils.java:logGet(43)) - raft.server.watch.timeout = 10s (default)
2019-09-25 12:53:45,734 [da22cbcc-9e9c-4f3e-9508-80057178297b@group-75079C28F9BD:LeaderElection86] INFO  server.RaftServerConfigKeys (ConfUtils.java:logGet(43)) - raft.server.watch.timeout.denomination = 1s (default)
2019-09-25 12:53:45,734 [da22cbcc-9e9c-4f3e-9508-80057178297b@group-75079C28F9BD:LeaderElection86] INFO  server.RaftServerConfigKeys (ConfUtils.java:logGet(43)) - raft.server.watch.element-limit = 65536 (default)
2019-09-25 12:53:45,736 [da22cbcc-9e9c-4f3e-9508-80057178297b@group-75079C28F9BD:LeaderElection86] INFO  impl.RoleInfo (RoleInfo.java:updateAndGet(143)) - da22cbcc-9e9c-4f3e-9508-80057178297b: start LeaderState
2019-09-25 12:53:45,737 [da22cbcc-9e9c-4f3e-9508-80057178297b@group-75079C28F9BD:LeaderElection86] INFO  segmented.SegmentedRaftLogWorker (SegmentedRaftLogWorker.java:startLogSegment(380)) - da22cbcc-9e9c-4f3e-9508-80057178297b@group-75079C28F9BD-SegmentedRaftLogWorker: Starting segment from index:0
2019-09-25 12:53:45,737 [da22cbcc-9e9c-4f3e-9508-80057178297b@group-75079C28F9BD:LeaderElection86] INFO  impl.RaftServerImpl (ServerState.java:setRaftConf(354)) - da22cbcc-9e9c-4f3e-9508-80057178297b@group-75079C28F9BD: set configuration 0: [da22cbcc-9e9c-4f3e-9508-80057178297b:192.168.151.73:36139], old=null at 0
2019-09-25 12:53:45,770 [Thread-1073] INFO  ozoneimpl.OzoneContainer (OzoneContainer.java:stop(231)) - Attempting to stop container services.
2019-09-25 12:53:45,770 [ForkJoinPool.commonPool-worker-1] INFO  ozoneimpl.OzoneContainer (OzoneContainer.java:stop(231)) - Attempting to stop container services.
2019-09-25 12:53:45,771 [Thread-1073] INFO  impl.RaftServerProxy (RaftServerProxy.java:lambda$close$4(314)) - 91e0df8d-aa90-4523-8ab3-ad8e72cea289: close
2019-09-25 12:53:45,771 [ForkJoinPool.commonPool-worker-1] INFO  impl.RaftServerProxy (RaftServerProxy.java:lambda$close$4(314)) - 7c87bf37-239f-4076-a225-0ee12d327949: close
2019-09-25 12:53:45,771 [Thread-1073] INFO  impl.RaftServerImpl (RaftServerImpl.java:lambda$shutdown$3(251)) - 91e0df8d-aa90-4523-8ab3-ad8e72cea289@group-F3DC9E89BE63: shutdown
2019-09-25 12:53:45,771 [ForkJoinPool.commonPool-worker-1] INFO  impl.RaftServerImpl (RaftServerImpl.java:lambda$shutdown$3(251)) - 7c87bf37-239f-4076-a225-0ee12d327949@group-A7B0FA178A08: shutdown
2019-09-25 12:53:45,772 [Thread-1073] INFO  util.JmxRegister (JmxRegister.java:unregister(73)) - Successfully un-registered JMX Bean with object name Ratis:service=RaftServer,group=group-F3DC9E89BE63,id=91e0df8d-aa90-4523-8ab3-ad8e72cea289
2019-09-25 12:53:45,772 [ForkJoinPool.commonPool-worker-1] INFO  util.JmxRegister (JmxRegister.java:unregister(73)) - Successfully un-registered JMX Bean with object name Ratis:service=RaftServer,group=group-A7B0FA178A08,id=7c87bf37-239f-4076-a225-0ee12d327949
2019-09-25 12:53:45,772 [Thread-1073] INFO  impl.RoleInfo (RoleInfo.java:shutdownLeaderState(104)) - 91e0df8d-aa90-4523-8ab3-ad8e72cea289: shutdown LeaderState
2019-09-25 12:53:45,772 [ForkJoinPool.commonPool-worker-1] INFO  impl.RoleInfo (RoleInfo.java:shutdownLeaderState(104)) - 7c87bf37-239f-4076-a225-0ee12d327949: shutdown LeaderState
2019-09-25 12:53:45,773 [Thread-1073] INFO  impl.PendingRequests (PendingRequests.java:sendNotLeaderResponses(202)) - 91e0df8d-aa90-4523-8ab3-ad8e72cea289-PendingRequests: sendNotLeaderResponses
2019-09-25 12:53:45,773 [ForkJoinPool.commonPool-worker-1] INFO  impl.PendingRequests (PendingRequests.java:sendNotLeaderResponses(202)) - 7c87bf37-239f-4076-a225-0ee12d327949-PendingRequests: sendNotLeaderResponses
2019-09-25 12:53:45,773 [Thread-1073] INFO  impl.StateMachineUpdater (StateMachineUpdater.java:stopAndJoin(125)) - 91e0df8d-aa90-4523-8ab3-ad8e72cea289@group-F3DC9E89BE63-StateMachineUpdater: set stopIndex = 0
2019-09-25 12:53:45,774 [Thread-1073] INFO  impl.RaftServerImpl (ServerState.java:close(385)) - 91e0df8d-aa90-4523-8ab3-ad8e72cea289@group-F3DC9E89BE63: closes. applyIndex: 0
2019-09-25 12:53:45,773 [ForkJoinPool.commonPool-worker-1] INFO  impl.StateMachineUpdater (StateMachineUpdater.java:stopAndJoin(125)) - 7c87bf37-239f-4076-a225-0ee12d327949@group-A7B0FA178A08-StateMachineUpdater: set stopIndex = 0
2019-09-25 12:53:45,774 [91e0df8d-aa90-4523-8ab3-ad8e72cea289@group-F3DC9E89BE63-SegmentedRaftLogWorker] INFO  segmented.SegmentedRaftLogWorker (SegmentedRaftLogWorker.java:run(313)) - 91e0df8d-aa90-4523-8ab3-ad8e72cea289@group-F3DC9E89BE63-SegmentedRaftLogWorker was interrupted, exiting. There are 0 tasks remaining in the queue.
2019-09-25 12:53:45,774 [ForkJoinPool.commonPool-worker-1] INFO  impl.RaftServerImpl (ServerState.java:close(385)) - 7c87bf37-239f-4076-a225-0ee12d327949@group-A7B0FA178A08: closes. applyIndex: 0
2019-09-25 12:53:45,775 [Thread-1073] INFO  segmented.SegmentedRaftLogWorker (SegmentedRaftLogWorker.java:close(228)) - 91e0df8d-aa90-4523-8ab3-ad8e72cea289@group-F3DC9E89BE63-SegmentedRaftLogWorker close()
2019-09-25 12:53:45,775 [7c87bf37-239f-4076-a225-0ee12d327949@group-A7B0FA178A08-SegmentedRaftLogWorker] INFO  segmented.SegmentedRaftLogWorker (SegmentedRaftLogWorker.java:run(313)) - 7c87bf37-239f-4076-a225-0ee12d327949@group-A7B0FA178A08-SegmentedRaftLogWorker was interrupted, exiting. There are 0 tasks remaining in the queue.
2019-09-25 12:53:45,777 [Thread-1297] INFO  impl.FollowerState (FollowerState.java:run(106)) - da22cbcc-9e9c-4f3e-9508-80057178297b:group-46772AC9ABDD changes to CANDIDATE, lastRpcTime:5162, electionTimeout:5162ms
2019-09-25 12:53:45,777 [Thread-1073] INFO  impl.RaftServerImpl (RaftServerImpl.java:lambda$shutdown$3(251)) - 91e0df8d-aa90-4523-8ab3-ad8e72cea289@group-5B945E91DF7E: shutdown
2019-09-25 12:53:45,777 [ForkJoinPool.commonPool-worker-1] INFO  segmented.SegmentedRaftLogWorker (SegmentedRaftLogWorker.java:close(228)) - 7c87bf37-239f-4076-a225-0ee12d327949@group-A7B0FA178A08-SegmentedRaftLogWorker close()
2019-09-25 12:53:45,777 [Thread-1073] INFO  util.JmxRegister (JmxRegister.java:unregister(73)) - Successfully un-registered JMX Bean with object name Ratis:service=RaftServer,group=group-5B945E91DF7E,id=91e0df8d-aa90-4523-8ab3-ad8e72cea289
2019-09-25 12:53:45,785 [Thread-1073] INFO  impl.RoleInfo (RoleInfo.java:shutdownLeaderState(104)) - 91e0df8d-aa90-4523-8ab3-ad8e72cea289: shutdown LeaderState
2019-09-25 12:53:45,777 [Thread-1297] INFO  impl.RoleInfo (RoleInfo.java:shutdownFollowerState(121)) - da22cbcc-9e9c-4f3e-9508-80057178297b: shutdown FollowerState
2019-09-25 12:53:45,785 [Thread-1073] INFO  impl.PendingRequests (PendingRequests.java:sendNotLeaderResponses(202)) - 91e0df8d-aa90-4523-8ab3-ad8e72cea289-PendingRequests: sendNotLeaderResponses
2019-09-25 12:53:45,785 [ForkJoinPool.commonPool-worker-1] INFO  impl.RaftServerImpl (RaftServerImpl.java:lambda$shutdown$3(251)) - 7c87bf37-239f-4076-a225-0ee12d327949@group-D53BBC88E924: shutdown
2019-09-25 12:53:45,786 [Thread-1073] INFO  impl.StateMachineUpdater (StateMachineUpdater.java:stopAndJoin(125)) - 91e0df8d-aa90-4523-8ab3-ad8e72cea289@group-5B945E91DF7E-StateMachineUpdater: set stopIndex = 0
2019-09-25 12:53:45,787 [Thread-1073] INFO  impl.RaftServerImpl (ServerState.java:close(385)) - 91e0df8d-aa90-4523-8ab3-ad8e72cea289@group-5B945E91DF7E: closes. applyIndex: 0
2019-09-25 12:53:45,786 [Thread-1297] INFO  impl.RaftServerImpl (RaftServerImpl.java:setRole(174)) - da22cbcc-9e9c-4f3e-9508-80057178297b@group-46772AC9ABDD: changes role from  FOLLOWER to CANDIDATE at term 0 for changeToCandidate
2019-09-25 12:53:45,787 [91e0df8d-aa90-4523-8ab3-ad8e72cea289@group-5B945E91DF7E-SegmentedRaftLogWorker] INFO  segmented.SegmentedRaftLogWorker (SegmentedRaftLogWorker.java:run(313)) - 91e0df8d-aa90-4523-8ab3-ad8e72cea289@group-5B945E91DF7E-SegmentedRaftLogWorker was interrupted, exiting. There are 0 tasks remaining in the queue.
2019-09-25 12:53:45,786 [ForkJoinPool.commonPool-worker-1] INFO  util.JmxRegister (JmxRegister.java:unregister(73)) - Successfully un-registered JMX Bean with object name Ratis:service=RaftServer,group=group-D53BBC88E924,id=7c87bf37-239f-4076-a225-0ee12d327949
2019-09-25 12:53:45,787 [Thread-1073] INFO  segmented.SegmentedRaftLogWorker (SegmentedRaftLogWorker.java:close(228)) - 91e0df8d-aa90-4523-8ab3-ad8e72cea289@group-5B945E91DF7E-SegmentedRaftLogWorker close()
2019-09-25 12:53:45,787 [Thread-1297] INFO  impl.RoleInfo (RoleInfo.java:updateAndGet(143)) - da22cbcc-9e9c-4f3e-9508-80057178297b: start LeaderElection
2019-09-25 12:53:45,788 [Thread-1073] INFO  impl.RaftServerImpl (RaftServerImpl.java:lambda$shutdown$3(251)) - 91e0df8d-aa90-4523-8ab3-ad8e72cea289@group-4BF27A7DE5BC: shutdown
2019-09-25 12:53:45,788 [ForkJoinPool.commonPool-worker-1] INFO  impl.RoleInfo (RoleInfo.java:shutdownLeaderState(104)) - 7c87bf37-239f-4076-a225-0ee12d327949: shutdown LeaderState
2019-09-25 12:53:45,788 [Thread-1073] INFO  util.JmxRegister (JmxRegister.java:unregister(73)) - Successfully un-registered JMX Bean with object name Ratis:service=RaftServer,group=group-4BF27A7DE5BC,id=91e0df8d-aa90-4523-8ab3-ad8e72cea289
2019-09-25 12:53:45,789 [Thread-1073] INFO  impl.RoleInfo (RoleInfo.java:shutdownLeaderState(104)) - 91e0df8d-aa90-4523-8ab3-ad8e72cea289: shutdown LeaderState
2019-09-25 12:53:45,789 [ForkJoinPool.commonPool-worker-1] INFO  impl.PendingRequests (PendingRequests.java:sendNotLeaderResponses(202)) - 7c87bf37-239f-4076-a225-0ee12d327949-PendingRequests: sendNotLeaderResponses
2019-09-25 12:53:45,789 [Thread-1073] INFO  impl.PendingRequests (PendingRequests.java:sendNotLeaderResponses(202)) - 91e0df8d-aa90-4523-8ab3-ad8e72cea289-PendingRequests: sendNotLeaderResponses
2019-09-25 12:53:45,790 [ForkJoinPool.commonPool-worker-1] INFO  impl.StateMachineUpdater (StateMachineUpdater.java:stopAndJoin(125)) - 7c87bf37-239f-4076-a225-0ee12d327949@group-D53BBC88E924-StateMachineUpdater: set stopIndex = 0
2019-09-25 12:53:45,790 [Thread-1073] INFO  impl.StateMachineUpdater (StateMachineUpdater.java:stopAndJoin(125)) - 91e0df8d-aa90-4523-8ab3-ad8e72cea289@group-4BF27A7DE5BC-StateMachineUpdater: set stopIndex = 0
2019-09-25 12:53:45,791 [Thread-1073] INFO  impl.RaftServerImpl (ServerState.java:close(385)) - 91e0df8d-aa90-4523-8ab3-ad8e72cea289@group-4BF27A7DE5BC: closes. applyIndex: 0
2019-09-25 12:53:45,790 [ForkJoinPool.commonPool-worker-1] INFO  impl.RaftServerImpl (ServerState.java:close(385)) - 7c87bf37-239f-4076-a225-0ee12d327949@group-D53BBC88E924: closes. applyIndex: 0
2019-09-25 12:53:45,791 [91e0df8d-aa90-4523-8ab3-ad8e72cea289@group-4BF27A7DE5BC-SegmentedRaftLogWorker] INFO  segmented.SegmentedRaftLogWorker (SegmentedRaftLogWorker.java:run(313)) - 91e0df8d-aa90-4523-8ab3-ad8e72cea289@group-4BF27A7DE5BC-SegmentedRaftLogWorker was interrupted, exiting. There are 0 tasks remaining in the queue.
2019-09-25 12:53:45,791 [7c87bf37-239f-4076-a225-0ee12d327949@group-D53BBC88E924-SegmentedRaftLogWorker] INFO  segmented.SegmentedRaftLogWorker (SegmentedRaftLogWorker.java:run(313)) - 7c87bf37-239f-4076-a225-0ee12d327949@group-D53BBC88E924-SegmentedRaftLogWorker was interrupted, exiting. There are 0 tasks remaining in the queue.
2019-09-25 12:53:45,791 [Thread-1073] INFO  segmented.SegmentedRaftLogWorker (SegmentedRaftLogWorker.java:close(228)) - 91e0df8d-aa90-4523-8ab3-ad8e72cea289@group-4BF27A7DE5BC-SegmentedRaftLogWorker close()
2019-09-25 12:53:45,791 [ForkJoinPool.commonPool-worker-1] INFO  segmented.SegmentedRaftLogWorker (SegmentedRaftLogWorker.java:close(228)) - 7c87bf37-239f-4076-a225-0ee12d327949@group-D53BBC88E924-SegmentedRaftLogWorker close()
2019-09-25 12:53:45,792 [Thread-1073] INFO  impl.RaftServerImpl (RaftServerImpl.java:lambda$shutdown$3(251)) - 91e0df8d-aa90-4523-8ab3-ad8e72cea289@group-ADCF4A6ADE97: shutdown
2019-09-25 12:53:45,792 [ForkJoinPool.commonPool-worker-1] INFO  impl.RaftServerImpl (RaftServerImpl.java:lambda$shutdown$3(251)) - 7c87bf37-239f-4076-a225-0ee12d327949@group-43E4009F0254: shutdown
2019-09-25 12:53:45,792 [Thread-1073] INFO  util.JmxRegister (JmxRegister.java:unregister(73)) - Successfully un-registered JMX Bean with object name Ratis:service=RaftServer,group=group-ADCF4A6ADE97,id=91e0df8d-aa90-4523-8ab3-ad8e72cea289
2019-09-25 12:53:45,792 [ForkJoinPool.commonPool-worker-1] INFO  util.JmxRegister (JmxRegister.java:unregister(73)) - Successfully un-registered JMX Bean with object name Ratis:service=RaftServer,group=group-43E4009F0254,id=7c87bf37-239f-4076-a225-0ee12d327949
2019-09-25 12:53:45,793 [Thread-1073] INFO  impl.RoleInfo (RoleInfo.java:shutdownLeaderState(104)) - 91e0df8d-aa90-4523-8ab3-ad8e72cea289: shutdown LeaderState
2019-09-25 12:53:45,793 [ForkJoinPool.commonPool-worker-1] INFO  impl.RoleInfo (RoleInfo.java:shutdownLeaderState(104)) - 7c87bf37-239f-4076-a225-0ee12d327949: shutdown LeaderState
2019-09-25 12:53:45,793 [Thread-1073] INFO  impl.PendingRequests (PendingRequests.java:sendNotLeaderResponses(202)) - 91e0df8d-aa90-4523-8ab3-ad8e72cea289-PendingRequests: sendNotLeaderResponses
2019-09-25 12:53:45,793 [ForkJoinPool.commonPool-worker-1] INFO  impl.PendingRequests (PendingRequests.java:sendNotLeaderResponses(202)) - 7c87bf37-239f-4076-a225-0ee12d327949-PendingRequests: sendNotLeaderResponses
2019-09-25 12:53:45,794 [Thread-1073] INFO  impl.StateMachineUpdater (StateMachineUpdater.java:stopAndJoin(125)) - 91e0df8d-aa90-4523-8ab3-ad8e72cea289@group-ADCF4A6ADE97-StateMachineUpdater: set stopIndex = 0
2019-09-25 12:53:45,794 [ForkJoinPool.commonPool-worker-1] INFO  impl.StateMachineUpdater (StateMachineUpdater.java:stopAndJoin(125)) - 7c87bf37-239f-4076-a225-0ee12d327949@group-43E4009F0254-StateMachineUpdater: set stopIndex = 0
2019-09-25 12:53:45,796 [Thread-1073] INFO  impl.RaftServerImpl (ServerState.java:close(385)) - 91e0df8d-aa90-4523-8ab3-ad8e72cea289@group-ADCF4A6ADE97: closes. applyIndex: 0
2019-09-25 12:53:45,796 [ForkJoinPool.commonPool-worker-1] INFO  impl.RaftServerImpl (ServerState.java:close(385)) - 7c87bf37-239f-4076-a225-0ee12d327949@group-43E4009F0254: closes. applyIndex: 0
2019-09-25 12:53:45,797 [91e0df8d-aa90-4523-8ab3-ad8e72cea289@group-ADCF4A6ADE97-SegmentedRaftLogWorker] INFO  segmented.SegmentedRaftLogWorker (SegmentedRaftLogWorker.java:run(313)) - 91e0df8d-aa90-4523-8ab3-ad8e72cea289@group-ADCF4A6ADE97-SegmentedRaftLogWorker was interrupted, exiting. There are 0 tasks remaining in the queue.
2019-09-25 12:53:45,797 [7c87bf37-239f-4076-a225-0ee12d327949@group-43E4009F0254-SegmentedRaftLogWorker] INFO  segmented.SegmentedRaftLogWorker (SegmentedRaftLogWorker.java:run(313)) - 7c87bf37-239f-4076-a225-0ee12d327949@group-43E4009F0254-SegmentedRaftLogWorker was interrupted, exiting. There are 0 tasks remaining in the queue.
2019-09-25 12:53:45,797 [Thread-1073] INFO  segmented.SegmentedRaftLogWorker (SegmentedRaftLogWorker.java:close(228)) - 91e0df8d-aa90-4523-8ab3-ad8e72cea289@group-ADCF4A6ADE97-SegmentedRaftLogWorker close()
2019-09-25 12:53:45,797 [ForkJoinPool.commonPool-worker-1] INFO  segmented.SegmentedRaftLogWorker (SegmentedRaftLogWorker.java:close(228)) - 7c87bf37-239f-4076-a225-0ee12d327949@group-43E4009F0254-SegmentedRaftLogWorker close()
2019-09-25 12:53:45,798 [Thread-1073] INFO  impl.RaftServerImpl (RaftServerImpl.java:lambda$shutdown$3(251)) - 91e0df8d-aa90-4523-8ab3-ad8e72cea289@group-7A45786AF5EC: shutdown
2019-09-25 12:53:45,798 [ForkJoinPool.commonPool-worker-1] INFO  impl.RaftServerImpl (RaftServerImpl.java:lambda$shutdown$3(251)) - 7c87bf37-239f-4076-a225-0ee12d327949@group-896FB74B4307: shutdown
2019-09-25 12:53:45,798 [Thread-1073] INFO  util.JmxRegister (JmxRegister.java:unregister(73)) - Successfully un-registered JMX Bean with object name Ratis:service=RaftServer,group=group-7A45786AF5EC,id=91e0df8d-aa90-4523-8ab3-ad8e72cea289
2019-09-25 12:53:45,798 [Thread-1073] INFO  impl.RoleInfo (RoleInfo.java:shutdownLeaderState(104)) - 91e0df8d-aa90-4523-8ab3-ad8e72cea289: shutdown LeaderState
2019-09-25 12:53:45,798 [ForkJoinPool.commonPool-worker-1] INFO  util.JmxRegister (JmxRegister.java:unregister(73)) - Successfully un-registered JMX Bean with object name Ratis:service=RaftServer,group=group-896FB74B4307,id=7c87bf37-239f-4076-a225-0ee12d327949
2019-09-25 12:53:45,799 [Thread-1073] INFO  impl.PendingRequests (PendingRequests.java:sendNotLeaderResponses(202)) - 91e0df8d-aa90-4523-8ab3-ad8e72cea289-PendingRequests: sendNotLeaderResponses
2019-09-25 12:53:45,799 [ForkJoinPool.commonPool-worker-1] INFO  impl.RoleInfo (RoleInfo.java:shutdownLeaderState(104)) - 7c87bf37-239f-4076-a225-0ee12d327949: shutdown LeaderState
2019-09-25 12:53:45,799 [Thread-1073] INFO  impl.StateMachineUpdater (StateMachineUpdater.java:stopAndJoin(125)) - 91e0df8d-aa90-4523-8ab3-ad8e72cea289@group-7A45786AF5EC-StateMachineUpdater: set stopIndex = 0
2019-09-25 12:53:45,800 [ForkJoinPool.commonPool-worker-1] INFO  impl.PendingRequests (PendingRequests.java:sendNotLeaderResponses(202)) - 7c87bf37-239f-4076-a225-0ee12d327949-PendingRequests: sendNotLeaderResponses
2019-09-25 12:53:45,800 [Thread-1073] INFO  impl.RaftServerImpl (ServerState.java:close(385)) - 91e0df8d-aa90-4523-8ab3-ad8e72cea289@group-7A45786AF5EC: closes. applyIndex: 0
2019-09-25 12:53:45,800 [da22cbcc-9e9c-4f3e-9508-80057178297b@group-75079C28F9BD-SegmentedRaftLogWorker] INFO  segmented.SegmentedRaftLogWorker (SegmentedRaftLogWorker.java:execute(569)) - da22cbcc-9e9c-4f3e-9508-80057178297b@group-75079C28F9BD-SegmentedRaftLogWorker: created new log segment /workdir/hadoop-ozone/ozonefs/target/test-dir/MiniOzoneClusterImpl-8d8fabca-1d4e-4b07-acaa-462c274cc386/datanode-2/data/ratis/48152531-d151-4797-b01d-75079c28f9bd/current/log_inprogress_0
2019-09-25 12:53:45,800 [ForkJoinPool.commonPool-worker-1] INFO  impl.StateMachineUpdater (StateMachineUpdater.java:stopAndJoin(125)) - 7c87bf37-239f-4076-a225-0ee12d327949@group-896FB74B4307-StateMachineUpdater: set stopIndex = 0
2019-09-25 12:53:45,801 [ForkJoinPool.commonPool-worker-1] INFO  impl.RaftServerImpl (ServerState.java:close(385)) - 7c87bf37-239f-4076-a225-0ee12d327949@group-896FB74B4307: closes. applyIndex: 0
2019-09-25 12:53:45,801 [91e0df8d-aa90-4523-8ab3-ad8e72cea289@group-7A45786AF5EC-SegmentedRaftLogWorker] INFO  segmented.SegmentedRaftLogWorker (SegmentedRaftLogWorker.java:run(313)) - 91e0df8d-aa90-4523-8ab3-ad8e72cea289@group-7A45786AF5EC-SegmentedRaftLogWorker was interrupted, exiting. There are 0 tasks remaining in the queue.
2019-09-25 12:53:45,801 [7c87bf37-239f-4076-a225-0ee12d327949@group-896FB74B4307-SegmentedRaftLogWorker] INFO  segmented.SegmentedRaftLogWorker (SegmentedRaftLogWorker.java:run(313)) - 7c87bf37-239f-4076-a225-0ee12d327949@group-896FB74B4307-SegmentedRaftLogWorker was interrupted, exiting. There are 0 tasks remaining in the queue.
2019-09-25 12:53:45,802 [Thread-1073] INFO  segmented.SegmentedRaftLogWorker (SegmentedRaftLogWorker.java:close(228)) - 91e0df8d-aa90-4523-8ab3-ad8e72cea289@group-7A45786AF5EC-SegmentedRaftLogWorker close()
2019-09-25 12:53:45,802 [ForkJoinPool.commonPool-worker-1] INFO  segmented.SegmentedRaftLogWorker (SegmentedRaftLogWorker.java:close(228)) - 7c87bf37-239f-4076-a225-0ee12d327949@group-896FB74B4307-SegmentedRaftLogWorker close()
2019-09-25 12:53:45,802 [Thread-1073] INFO  impl.RaftServerImpl (RaftServerImpl.java:lambda$shutdown$3(251)) - 91e0df8d-aa90-4523-8ab3-ad8e72cea289@group-3D34AA261574: shutdown
2019-09-25 12:53:45,802 [ForkJoinPool.commonPool-worker-1] INFO  impl.RaftServerImpl (RaftServerImpl.java:lambda$shutdown$3(251)) - 7c87bf37-239f-4076-a225-0ee12d327949@group-E9065D06D6D2: shutdown
2019-09-25 12:53:45,803 [Thread-1073] INFO  util.JmxRegister (JmxRegister.java:unregister(73)) - Successfully un-registered JMX Bean with object name Ratis:service=RaftServer,group=group-3D34AA261574,id=91e0df8d-aa90-4523-8ab3-ad8e72cea289
2019-09-25 12:53:45,803 [ForkJoinPool.commonPool-worker-1] INFO  util.JmxRegister (JmxRegister.java:unregister(73)) - Successfully un-registered JMX Bean with object name Ratis:service=RaftServer,group=group-E9065D06D6D2,id=7c87bf37-239f-4076-a225-0ee12d327949
2019-09-25 12:53:45,803 [Thread-1073] INFO  impl.RoleInfo (RoleInfo.java:shutdownLeaderState(104)) - 91e0df8d-aa90-4523-8ab3-ad8e72cea289: shutdown LeaderState
2019-09-25 12:53:45,804 [ForkJoinPool.commonPool-worker-1] INFO  impl.RoleInfo (RoleInfo.java:shutdownLeaderState(104)) - 7c87bf37-239f-4076-a225-0ee12d327949: shutdown LeaderState
2019-09-25 12:53:45,804 [Thread-1073] INFO  impl.PendingRequests (PendingRequests.java:sendNotLeaderResponses(202)) - 91e0df8d-aa90-4523-8ab3-ad8e72cea289-PendingRequests: sendNotLeaderResponses
2019-09-25 12:53:45,804 [ForkJoinPool.commonPool-worker-1] INFO  impl.PendingRequests (PendingRequests.java:sendNotLeaderResponses(202)) - 7c87bf37-239f-4076-a225-0ee12d327949-PendingRequests: sendNotLeaderResponses
2019-09-25 12:53:45,805 [Thread-1073] INFO  impl.StateMachineUpdater (StateMachineUpdater.java:stopAndJoin(125)) - 91e0df8d-aa90-4523-8ab3-ad8e72cea289@group-3D34AA261574-StateMachineUpdater: set stopIndex = 0
2019-09-25 12:53:45,805 [ForkJoinPool.commonPool-worker-1] INFO  impl.StateMachineUpdater (StateMachineUpdater.java:stopAndJoin(125)) - 7c87bf37-239f-4076-a225-0ee12d327949@group-E9065D06D6D2-StateMachineUpdater: set stopIndex = 0
2019-09-25 12:53:45,805 [Thread-1073] INFO  impl.RaftServerImpl (ServerState.java:close(385)) - 91e0df8d-aa90-4523-8ab3-ad8e72cea289@group-3D34AA261574: closes. applyIndex: 0
2019-09-25 12:53:45,805 [ForkJoinPool.commonPool-worker-1] INFO  impl.RaftServerImpl (ServerState.java:close(385)) - 7c87bf37-239f-4076-a225-0ee12d327949@group-E9065D06D6D2: closes. applyIndex: 0
2019-09-25 12:53:45,806 [91e0df8d-aa90-4523-8ab3-ad8e72cea289@group-3D34AA261574-SegmentedRaftLogWorker] INFO  segmented.SegmentedRaftLogWorker (SegmentedRaftLogWorker.java:run(313)) - 91e0df8d-aa90-4523-8ab3-ad8e72cea289@group-3D34AA261574-SegmentedRaftLogWorker was interrupted, exiting. There are 0 tasks remaining in the queue.
2019-09-25 12:53:45,806 [7c87bf37-239f-4076-a225-0ee12d327949@group-E9065D06D6D2-SegmentedRaftLogWorker] INFO  segmented.SegmentedRaftLogWorker (SegmentedRaftLogWorker.java:run(313)) - 7c87bf37-239f-4076-a225-0ee12d327949@group-E9065D06D6D2-SegmentedRaftLogWorker was interrupted, exiting. There are 0 tasks remaining in the queue.
2019-09-25 12:53:45,806 [Thread-1073] INFO  segmented.SegmentedRaftLogWorker (SegmentedRaftLogWorker.java:close(228)) - 91e0df8d-aa90-4523-8ab3-ad8e72cea289@group-3D34AA261574-SegmentedRaftLogWorker close()
2019-09-25 12:53:45,806 [ForkJoinPool.commonPool-worker-1] INFO  segmented.SegmentedRaftLogWorker (SegmentedRaftLogWorker.java:close(228)) - 7c87bf37-239f-4076-a225-0ee12d327949@group-E9065D06D6D2-SegmentedRaftLogWorker close()
2019-09-25 12:53:45,807 [Thread-1073] INFO  server.GrpcService (GrpcService.java:closeImpl(164)) - 91e0df8d-aa90-4523-8ab3-ad8e72cea289: shutdown server with port 38313 now
2019-09-25 12:53:45,807 [ForkJoinPool.commonPool-worker-1] INFO  impl.RaftServerImpl (RaftServerImpl.java:lambda$shutdown$3(251)) - 7c87bf37-239f-4076-a225-0ee12d327949@group-0DD08ABFC333: shutdown
2019-09-25 12:53:45,813 [Thread-1073] INFO  server.GrpcService (GrpcService.java:closeImpl(172)) - 91e0df8d-aa90-4523-8ab3-ad8e72cea289: shutdown server with port 38313 successfully
2019-09-25 12:53:45,813 [ForkJoinPool.commonPool-worker-1] INFO  util.JmxRegister (JmxRegister.java:unregister(73)) - Successfully un-registered JMX Bean with object name Ratis:service=RaftServer,group=group-0DD08ABFC333,id=7c87bf37-239f-4076-a225-0ee12d327949
2019-09-25 12:53:45,813 [ForkJoinPool.commonPool-worker-1] INFO  impl.RoleInfo (RoleInfo.java:shutdownLeaderState(104)) - 7c87bf37-239f-4076-a225-0ee12d327949: shutdown LeaderState
2019-09-25 12:53:45,813 [ForkJoinPool.commonPool-worker-1] INFO  impl.PendingRequests (PendingRequests.java:sendNotLeaderResponses(202)) - 7c87bf37-239f-4076-a225-0ee12d327949-PendingRequests: sendNotLeaderResponses
2019-09-25 12:53:45,814 [ForkJoinPool.commonPool-worker-1] INFO  impl.StateMachineUpdater (StateMachineUpdater.java:stopAndJoin(125)) - 7c87bf37-239f-4076-a225-0ee12d327949@group-0DD08ABFC333-StateMachineUpdater: set stopIndex = 0
2019-09-25 12:53:45,814 [ForkJoinPool.commonPool-worker-1] INFO  impl.RaftServerImpl (ServerState.java:close(385)) - 7c87bf37-239f-4076-a225-0ee12d327949@group-0DD08ABFC333: closes. applyIndex: 0
2019-09-25 12:53:45,814 [7c87bf37-239f-4076-a225-0ee12d327949@group-0DD08ABFC333-SegmentedRaftLogWorker] INFO  segmented.SegmentedRaftLogWorker (SegmentedRaftLogWorker.java:run(313)) - 7c87bf37-239f-4076-a225-0ee12d327949@group-0DD08ABFC333-SegmentedRaftLogWorker was interrupted, exiting. There are 0 tasks remaining in the queue.
2019-09-25 12:53:45,815 [ForkJoinPool.commonPool-worker-1] INFO  segmented.SegmentedRaftLogWorker (SegmentedRaftLogWorker.java:close(228)) - 7c87bf37-239f-4076-a225-0ee12d327949@group-0DD08ABFC333-SegmentedRaftLogWorker close()
2019-09-25 12:53:45,815 [ForkJoinPool.commonPool-worker-1] INFO  server.GrpcService (GrpcService.java:closeImpl(164)) - 7c87bf37-239f-4076-a225-0ee12d327949: shutdown server with port 33897 now
2019-09-25 12:53:45,817 [ForkJoinPool.commonPool-worker-1] INFO  server.GrpcService (GrpcService.java:closeImpl(172)) - 7c87bf37-239f-4076-a225-0ee12d327949: shutdown server with port 33897 successfully
2019-09-25 12:53:45,819 [refreshUsed-/workdir/hadoop-ozone/ozonefs/target/test-dir/MiniOzoneClusterImpl-8d8fabca-1d4e-4b07-acaa-462c274cc386/datanode-1/data/containers] WARN  fs.CachingGetSpaceUsed (CachingGetSpaceUsed.java:run(183)) - Thread Interrupted waiting to refresh disk information: sleep interrupted
2019-09-25 12:53:45,820 [refreshUsed-/workdir/hadoop-ozone/ozonefs/target/test-dir/MiniOzoneClusterImpl-8d8fabca-1d4e-4b07-acaa-462c274cc386/datanode-0/data/containers] WARN  fs.CachingGetSpaceUsed (CachingGetSpaceUsed.java:run(183)) - Thread Interrupted waiting to refresh disk information: sleep interrupted
2019-09-25 12:53:45,823 [da22cbcc-9e9c-4f3e-9508-80057178297b@group-46772AC9ABDD:LeaderElection87] INFO  impl.LeaderElection (LeaderElection.java:askForVotes(182)) - da22cbcc-9e9c-4f3e-9508-80057178297b@group-46772AC9ABDD:LeaderElection87: begin an election at term 1 for -1: [da22cbcc-9e9c-4f3e-9508-80057178297b:192.168.151.73:36139], old=null
2019-09-25 12:53:45,823 [da22cbcc-9e9c-4f3e-9508-80057178297b@group-46772AC9ABDD:LeaderElection87] INFO  impl.RoleInfo (RoleInfo.java:shutdownLeaderElection(134)) - da22cbcc-9e9c-4f3e-9508-80057178297b: shutdown LeaderElection
2019-09-25 12:53:45,823 [da22cbcc-9e9c-4f3e-9508-80057178297b@group-46772AC9ABDD:LeaderElection87] INFO  impl.RaftServerImpl (RaftServerImpl.java:setRole(174)) - da22cbcc-9e9c-4f3e-9508-80057178297b@group-46772AC9ABDD: changes role from CANDIDATE to LEADER at term 1 for changeToLeader
2019-09-25 12:53:45,824 [da22cbcc-9e9c-4f3e-9508-80057178297b@group-46772AC9ABDD:LeaderElection87] INFO  impl.RaftServerImpl (ServerState.java:setLeader(253)) - da22cbcc-9e9c-4f3e-9508-80057178297b@group-46772AC9ABDD: change Leader from null to da22cbcc-9e9c-4f3e-9508-80057178297b at term 1 for becomeLeader, leader elected after 5217ms
2019-09-25 12:53:45,824 [da22cbcc-9e9c-4f3e-9508-80057178297b@group-46772AC9ABDD:LeaderElection87] INFO  server.RaftServerConfigKeys (ConfUtils.java:logGet(43)) - raft.server.staging.catchup.gap = 1000 (default)
2019-09-25 12:53:45,824 [da22cbcc-9e9c-4f3e-9508-80057178297b@group-46772AC9ABDD:LeaderElection87] INFO  server.RaftServerConfigKeys (ConfUtils.java:logGet(43)) - raft.server.rpc.sleep.time = 25ms (default)
2019-09-25 12:53:45,824 [da22cbcc-9e9c-4f3e-9508-80057178297b@group-46772AC9ABDD:LeaderElection87] INFO  server.RaftServerConfigKeys (ConfUtils.java:logGet(43)) - raft.server.write.element-limit = 4096 (default)
2019-09-25 12:53:45,824 [da22cbcc-9e9c-4f3e-9508-80057178297b@group-46772AC9ABDD:LeaderElection87] INFO  server.RaftServerConfigKeys (ConfUtils.java:logGet(43)) - raft.server.watch.timeout = 10s (default)
2019-09-25 12:53:45,824 [da22cbcc-9e9c-4f3e-9508-80057178297b@group-46772AC9ABDD:LeaderElection87] INFO  server.RaftServerConfigKeys (ConfUtils.java:logGet(43)) - raft.server.watch.timeout.denomination = 1s (default)
2019-09-25 12:53:45,825 [da22cbcc-9e9c-4f3e-9508-80057178297b@group-46772AC9ABDD:LeaderElection87] INFO  server.RaftServerConfigKeys (ConfUtils.java:logGet(43)) - raft.server.watch.element-limit = 65536 (default)
2019-09-25 12:53:45,827 [da22cbcc-9e9c-4f3e-9508-80057178297b@group-46772AC9ABDD:LeaderElection87] INFO  impl.RoleInfo (RoleInfo.java:updateAndGet(143)) - da22cbcc-9e9c-4f3e-9508-80057178297b: start LeaderState
2019-09-25 12:53:45,827 [da22cbcc-9e9c-4f3e-9508-80057178297b@group-46772AC9ABDD:LeaderElection87] INFO  segmented.SegmentedRaftLogWorker (SegmentedRaftLogWorker.java:startLogSegment(380)) - da22cbcc-9e9c-4f3e-9508-80057178297b@group-46772AC9ABDD-SegmentedRaftLogWorker: Starting segment from index:0
2019-09-25 12:53:45,828 [da22cbcc-9e9c-4f3e-9508-80057178297b@group-46772AC9ABDD:LeaderElection87] INFO  impl.RaftServerImpl (ServerState.java:setRaftConf(354)) - da22cbcc-9e9c-4f3e-9508-80057178297b@group-46772AC9ABDD: set configuration 0: [da22cbcc-9e9c-4f3e-9508-80057178297b:192.168.151.73:36139], old=null at 0
2019-09-25 12:53:45,849 [ForkJoinPool.commonPool-worker-1] INFO  utils.BackgroundService (BackgroundService.java:shutdown(148)) - Shutting down service BlockDeletingService
2019-09-25 12:53:45,849 [Thread-1073] INFO  utils.BackgroundService (BackgroundService.java:shutdown(148)) - Shutting down service BlockDeletingService
2019-09-25 12:53:45,856 [ForkJoinPool.commonPool-worker-1] INFO  statemachine.DatanodeStateMachine (DatanodeStateMachine.java:stopDaemon(395)) - Ozone container server stopped.
2019-09-25 12:53:45,859 [Thread-1073] INFO  statemachine.DatanodeStateMachine (DatanodeStateMachine.java:stopDaemon(395)) - Ozone container server stopped.
2019-09-25 12:53:45,862 [ForkJoinPool.commonPool-worker-1] INFO  handler.ContextHandler (ContextHandler.java:doStop(910)) - Stopped o.e.j.w.WebAppContext@62376dd5{/,null,UNAVAILABLE}{/hddsDatanode}
2019-09-25 12:53:45,862 [Thread-1073] INFO  handler.ContextHandler (ContextHandler.java:doStop(910)) - Stopped o.e.j.w.WebAppContext@231184a9{/,null,UNAVAILABLE}{/hddsDatanode}
2019-09-25 12:53:45,863 [ForkJoinPool.commonPool-worker-1] INFO  server.AbstractConnector (AbstractConnector.java:doStop(318)) - Stopped ServerConnector@7a78d3fc{HTTP/1.1,[http/1.1]}{0.0.0.0:0}
2019-09-25 12:53:45,863 [Thread-1073] INFO  server.AbstractConnector (AbstractConnector.java:doStop(318)) - Stopped ServerConnector@2c78b81d{HTTP/1.1,[http/1.1]}{0.0.0.0:0}
2019-09-25 12:53:45,868 [ForkJoinPool.commonPool-worker-1] INFO  handler.ContextHandler (ContextHandler.java:doStop(910)) - Stopped o.e.j.s.ServletContextHandler@3e78de22{/static,jar:file:/home/user/.m2/repository/org/apache/hadoop/hadoop-hdds-container-service/0.5.0-SNAPSHOT/hadoop-hdds-container-service-0.5.0-SNAPSHOT.jar!/webapps/static,UNAVAILABLE}
2019-09-25 12:53:45,868 [Thread-1073] INFO  handler.ContextHandler (ContextHandler.java:doStop(910)) - Stopped o.e.j.s.ServletContextHandler@149b394c{/static,jar:file:/home/user/.m2/repository/org/apache/hadoop/hadoop-hdds-container-service/0.5.0-SNAPSHOT/hadoop-hdds-container-service-0.5.0-SNAPSHOT.jar!/webapps/static,UNAVAILABLE}
2019-09-25 12:53:45,868 [ForkJoinPool.commonPool-worker-1] INFO  handler.ContextHandler (ContextHandler.java:doStop(910)) - Stopped o.e.j.s.ServletContextHandler@682403db{/logs,file:///workdir/hadoop-ozone/ozonefs/target/log,UNAVAILABLE}
2019-09-25 12:53:45,868 [Thread-1073] INFO  handler.ContextHandler (ContextHandler.java:doStop(910)) - Stopped o.e.j.s.ServletContextHandler@29755b93{/logs,file:///workdir/hadoop-ozone/ozonefs/target/log,UNAVAILABLE}
2019-09-25 12:53:45,878 [da22cbcc-9e9c-4f3e-9508-80057178297b@group-46772AC9ABDD-SegmentedRaftLogWorker] INFO  segmented.SegmentedRaftLogWorker (SegmentedRaftLogWorker.java:execute(569)) - da22cbcc-9e9c-4f3e-9508-80057178297b@group-46772AC9ABDD-SegmentedRaftLogWorker: created new log segment /workdir/hadoop-ozone/ozonefs/target/test-dir/MiniOzoneClusterImpl-8d8fabca-1d4e-4b07-acaa-462c274cc386/datanode-2/data/ratis/1a6e9bb4-9d59-442d-a779-46772ac9abdd/current/log_inprogress_0
2019-09-25 12:53:45,890 [Thread-1301] INFO  impl.FollowerState (FollowerState.java:run(106)) - da22cbcc-9e9c-4f3e-9508-80057178297b:group-369F05A8ACFE changes to CANDIDATE, lastRpcTime:5200, electionTimeout:5200ms
2019-09-25 12:53:45,890 [Thread-1301] INFO  impl.RoleInfo (RoleInfo.java:shutdownFollowerState(121)) - da22cbcc-9e9c-4f3e-9508-80057178297b: shutdown FollowerState
2019-09-25 12:53:45,890 [Thread-1301] INFO  impl.RaftServerImpl (RaftServerImpl.java:setRole(174)) - da22cbcc-9e9c-4f3e-9508-80057178297b@group-369F05A8ACFE: changes role from  FOLLOWER to CANDIDATE at term 0 for changeToCandidate
2019-09-25 12:53:45,890 [Thread-1301] INFO  impl.RoleInfo (RoleInfo.java:updateAndGet(143)) - da22cbcc-9e9c-4f3e-9508-80057178297b: start LeaderElection
2019-09-25 12:53:45,904 [da22cbcc-9e9c-4f3e-9508-80057178297b@group-369F05A8ACFE:LeaderElection88] INFO  impl.LeaderElection (LeaderElection.java:askForVotes(182)) - da22cbcc-9e9c-4f3e-9508-80057178297b@group-369F05A8ACFE:LeaderElection88: begin an election at term 1 for -1: [da22cbcc-9e9c-4f3e-9508-80057178297b:192.168.151.73:36139], old=null
2019-09-25 12:53:45,904 [da22cbcc-9e9c-4f3e-9508-80057178297b@group-369F05A8ACFE:LeaderElection88] INFO  impl.RoleInfo (RoleInfo.java:shutdownLeaderElection(134)) - da22cbcc-9e9c-4f3e-9508-80057178297b: shutdown LeaderElection
2019-09-25 12:53:45,905 [da22cbcc-9e9c-4f3e-9508-80057178297b@group-369F05A8ACFE:LeaderElection88] INFO  impl.RaftServerImpl (RaftServerImpl.java:setRole(174)) - da22cbcc-9e9c-4f3e-9508-80057178297b@group-369F05A8ACFE: changes role from CANDIDATE to LEADER at term 1 for changeToLeader
2019-09-25 12:53:45,905 [da22cbcc-9e9c-4f3e-9508-80057178297b@group-369F05A8ACFE:LeaderElection88] INFO  impl.RaftServerImpl (ServerState.java:setLeader(253)) - da22cbcc-9e9c-4f3e-9508-80057178297b@group-369F05A8ACFE: change Leader from null to da22cbcc-9e9c-4f3e-9508-80057178297b at term 1 for becomeLeader, leader elected after 5221ms
2019-09-25 12:53:45,905 [da22cbcc-9e9c-4f3e-9508-80057178297b@group-369F05A8ACFE:LeaderElection88] INFO  server.RaftServerConfigKeys (ConfUtils.java:logGet(43)) - raft.server.staging.catchup.gap = 1000 (default)
2019-09-25 12:53:45,905 [da22cbcc-9e9c-4f3e-9508-80057178297b@group-369F05A8ACFE:LeaderElection88] INFO  server.RaftServerConfigKeys (ConfUtils.java:logGet(43)) - raft.server.rpc.sleep.time = 25ms (default)
2019-09-25 12:53:45,905 [da22cbcc-9e9c-4f3e-9508-80057178297b@group-369F05A8ACFE:LeaderElection88] INFO  server.RaftServerConfigKeys (ConfUtils.java:logGet(43)) - raft.server.write.element-limit = 4096 (default)
2019-09-25 12:53:45,905 [da22cbcc-9e9c-4f3e-9508-80057178297b@group-369F05A8ACFE:LeaderElection88] INFO  server.RaftServerConfigKeys (ConfUtils.java:logGet(43)) - raft.server.watch.timeout = 10s (default)
2019-09-25 12:53:45,905 [da22cbcc-9e9c-4f3e-9508-80057178297b@group-369F05A8ACFE:LeaderElection88] INFO  server.RaftServerConfigKeys (ConfUtils.java:logGet(43)) - raft.server.watch.timeout.denomination = 1s (default)
2019-09-25 12:53:45,905 [da22cbcc-9e9c-4f3e-9508-80057178297b@group-369F05A8ACFE:LeaderElection88] INFO  server.RaftServerConfigKeys (ConfUtils.java:logGet(43)) - raft.server.watch.element-limit = 65536 (default)
2019-09-25 12:53:45,907 [da22cbcc-9e9c-4f3e-9508-80057178297b@group-369F05A8ACFE:LeaderElection88] INFO  impl.RoleInfo (RoleInfo.java:updateAndGet(143)) - da22cbcc-9e9c-4f3e-9508-80057178297b: start LeaderState
2019-09-25 12:53:45,908 [da22cbcc-9e9c-4f3e-9508-80057178297b@group-369F05A8ACFE:LeaderElection88] INFO  segmented.SegmentedRaftLogWorker (SegmentedRaftLogWorker.java:startLogSegment(380)) - da22cbcc-9e9c-4f3e-9508-80057178297b@group-369F05A8ACFE-SegmentedRaftLogWorker: Starting segment from index:0
2019-09-25 12:53:45,908 [da22cbcc-9e9c-4f3e-9508-80057178297b@group-369F05A8ACFE:LeaderElection88] INFO  impl.RaftServerImpl (ServerState.java:setRaftConf(354)) - da22cbcc-9e9c-4f3e-9508-80057178297b@group-369F05A8ACFE: set configuration 0: [da22cbcc-9e9c-4f3e-9508-80057178297b:192.168.151.73:36139], old=null at 0
2019-09-25 12:53:45,951 [da22cbcc-9e9c-4f3e-9508-80057178297b@group-369F05A8ACFE-SegmentedRaftLogWorker] INFO  segmented.SegmentedRaftLogWorker (SegmentedRaftLogWorker.java:execute(569)) - da22cbcc-9e9c-4f3e-9508-80057178297b@group-369F05A8ACFE-SegmentedRaftLogWorker: created new log segment /workdir/hadoop-ozone/ozonefs/target/test-dir/MiniOzoneClusterImpl-8d8fabca-1d4e-4b07-acaa-462c274cc386/datanode-2/data/ratis/b6906d13-efd4-4f13-bebc-369f05a8acfe/current/log_inprogress_0
2019-09-25 12:53:46,579 [Datanode State Machine Thread - 0] INFO  statemachine.DatanodeStateMachine (DatanodeStateMachine.java:lambda$startDaemon$0(350)) - Ozone container server started.
2019-09-25 12:53:50,870 [ForkJoinPool.commonPool-worker-1] INFO  ozoneimpl.OzoneContainer (OzoneContainer.java:stop(231)) - Attempting to stop container services.
2019-09-25 12:53:50,871 [ForkJoinPool.commonPool-worker-1] INFO  impl.RaftServerProxy (RaftServerProxy.java:lambda$close$4(314)) - da22cbcc-9e9c-4f3e-9508-80057178297b: close
2019-09-25 12:53:50,872 [ForkJoinPool.commonPool-worker-1] INFO  impl.RaftServerImpl (RaftServerImpl.java:lambda$shutdown$3(251)) - da22cbcc-9e9c-4f3e-9508-80057178297b@group-46772AC9ABDD: shutdown
2019-09-25 12:53:50,872 [ForkJoinPool.commonPool-worker-1] INFO  util.JmxRegister (JmxRegister.java:unregister(73)) - Successfully un-registered JMX Bean with object name Ratis:service=RaftServer,group=group-46772AC9ABDD,id=da22cbcc-9e9c-4f3e-9508-80057178297b
2019-09-25 12:53:50,872 [ForkJoinPool.commonPool-worker-1] INFO  impl.RoleInfo (RoleInfo.java:shutdownLeaderState(104)) - da22cbcc-9e9c-4f3e-9508-80057178297b: shutdown LeaderState
2019-09-25 12:53:50,873 [ForkJoinPool.commonPool-worker-1] INFO  impl.PendingRequests (PendingRequests.java:sendNotLeaderResponses(202)) - da22cbcc-9e9c-4f3e-9508-80057178297b-PendingRequests: sendNotLeaderResponses
2019-09-25 12:53:50,873 [ForkJoinPool.commonPool-worker-1] INFO  impl.StateMachineUpdater (StateMachineUpdater.java:stopAndJoin(125)) - da22cbcc-9e9c-4f3e-9508-80057178297b@group-46772AC9ABDD-StateMachineUpdater: set stopIndex = 0
2019-09-25 12:53:50,874 [ForkJoinPool.commonPool-worker-1] INFO  impl.RaftServerImpl (ServerState.java:close(385)) - da22cbcc-9e9c-4f3e-9508-80057178297b@group-46772AC9ABDD: closes. applyIndex: 0
2019-09-25 12:53:50,874 [da22cbcc-9e9c-4f3e-9508-80057178297b@group-46772AC9ABDD-SegmentedRaftLogWorker] INFO  segmented.SegmentedRaftLogWorker (SegmentedRaftLogWorker.java:run(313)) - da22cbcc-9e9c-4f3e-9508-80057178297b@group-46772AC9ABDD-SegmentedRaftLogWorker was interrupted, exiting. There are 0 tasks remaining in the queue.
2019-09-25 12:53:50,875 [ForkJoinPool.commonPool-worker-1] INFO  segmented.SegmentedRaftLogWorker (SegmentedRaftLogWorker.java:close(228)) - da22cbcc-9e9c-4f3e-9508-80057178297b@group-46772AC9ABDD-SegmentedRaftLogWorker close()
2019-09-25 12:53:50,876 [ForkJoinPool.commonPool-worker-1] INFO  impl.RaftServerImpl (RaftServerImpl.java:lambda$shutdown$3(251)) - da22cbcc-9e9c-4f3e-9508-80057178297b@group-9E6F6CE33161: shutdown
2019-09-25 12:53:50,876 [ForkJoinPool.commonPool-worker-1] INFO  util.JmxRegister (JmxRegister.java:unregister(73)) - Successfully un-registered JMX Bean with object name Ratis:service=RaftServer,group=group-9E6F6CE33161,id=da22cbcc-9e9c-4f3e-9508-80057178297b
2019-09-25 12:53:50,876 [ForkJoinPool.commonPool-worker-1] INFO  impl.RoleInfo (RoleInfo.java:shutdownLeaderState(104)) - da22cbcc-9e9c-4f3e-9508-80057178297b: shutdown LeaderState
2019-09-25 12:53:50,877 [ForkJoinPool.commonPool-worker-1] INFO  impl.PendingRequests (PendingRequests.java:sendNotLeaderResponses(202)) - da22cbcc-9e9c-4f3e-9508-80057178297b-PendingRequests: sendNotLeaderResponses
2019-09-25 12:53:50,877 [ForkJoinPool.commonPool-worker-1] INFO  impl.StateMachineUpdater (StateMachineUpdater.java:stopAndJoin(125)) - da22cbcc-9e9c-4f3e-9508-80057178297b@group-9E6F6CE33161-StateMachineUpdater: set stopIndex = 0
2019-09-25 12:53:50,877 [ForkJoinPool.commonPool-worker-1] INFO  impl.RaftServerImpl (ServerState.java:close(385)) - da22cbcc-9e9c-4f3e-9508-80057178297b@group-9E6F6CE33161: closes. applyIndex: 0
2019-09-25 12:53:50,878 [da22cbcc-9e9c-4f3e-9508-80057178297b@group-9E6F6CE33161-SegmentedRaftLogWorker] INFO  segmented.SegmentedRaftLogWorker (SegmentedRaftLogWorker.java:run(313)) - da22cbcc-9e9c-4f3e-9508-80057178297b@group-9E6F6CE33161-SegmentedRaftLogWorker was interrupted, exiting. There are 0 tasks remaining in the queue.
2019-09-25 12:53:50,878 [ForkJoinPool.commonPool-worker-1] INFO  segmented.SegmentedRaftLogWorker (SegmentedRaftLogWorker.java:close(228)) - da22cbcc-9e9c-4f3e-9508-80057178297b@group-9E6F6CE33161-SegmentedRaftLogWorker close()
2019-09-25 12:53:50,878 [ForkJoinPool.commonPool-worker-1] INFO  impl.RaftServerImpl (RaftServerImpl.java:lambda$shutdown$3(251)) - da22cbcc-9e9c-4f3e-9508-80057178297b@group-369F05A8ACFE: shutdown
2019-09-25 12:53:50,879 [ForkJoinPool.commonPool-worker-1] INFO  util.JmxRegister (JmxRegister.java:unregister(73)) - Successfully un-registered JMX Bean with object name Ratis:service=RaftServer,group=group-369F05A8ACFE,id=da22cbcc-9e9c-4f3e-9508-80057178297b
2019-09-25 12:53:50,879 [ForkJoinPool.commonPool-worker-1] INFO  impl.RoleInfo (RoleInfo.java:shutdownLeaderState(104)) - da22cbcc-9e9c-4f3e-9508-80057178297b: shutdown LeaderState
2019-09-25 12:53:50,880 [ForkJoinPool.commonPool-worker-1] INFO  impl.PendingRequests (PendingRequests.java:sendNotLeaderResponses(202)) - da22cbcc-9e9c-4f3e-9508-80057178297b-PendingRequests: sendNotLeaderResponses
2019-09-25 12:53:50,880 [ForkJoinPool.commonPool-worker-1] INFO  impl.StateMachineUpdater (StateMachineUpdater.java:stopAndJoin(125)) - da22cbcc-9e9c-4f3e-9508-80057178297b@group-369F05A8ACFE-StateMachineUpdater: set stopIndex = 0
2019-09-25 12:53:50,880 [ForkJoinPool.commonPool-worker-1] INFO  impl.RaftServerImpl (ServerState.java:close(385)) - da22cbcc-9e9c-4f3e-9508-80057178297b@group-369F05A8ACFE: closes. applyIndex: 0
2019-09-25 12:53:50,881 [da22cbcc-9e9c-4f3e-9508-80057178297b@group-369F05A8ACFE-SegmentedRaftLogWorker] INFO  segmented.SegmentedRaftLogWorker (SegmentedRaftLogWorker.java:run(313)) - da22cbcc-9e9c-4f3e-9508-80057178297b@group-369F05A8ACFE-SegmentedRaftLogWorker was interrupted, exiting. There are 0 tasks remaining in the queue.
2019-09-25 12:53:50,881 [ForkJoinPool.commonPool-worker-1] INFO  segmented.SegmentedRaftLogWorker (SegmentedRaftLogWorker.java:close(228)) - da22cbcc-9e9c-4f3e-9508-80057178297b@group-369F05A8ACFE-SegmentedRaftLogWorker close()
2019-09-25 12:53:50,882 [ForkJoinPool.commonPool-worker-1] INFO  impl.RaftServerImpl (RaftServerImpl.java:lambda$shutdown$3(251)) - da22cbcc-9e9c-4f3e-9508-80057178297b@group-C3A78F953F57: shutdown
2019-09-25 12:53:50,882 [ForkJoinPool.commonPool-worker-1] INFO  util.JmxRegister (JmxRegister.java:unregister(73)) - Successfully un-registered JMX Bean with object name Ratis:service=RaftServer,group=group-C3A78F953F57,id=da22cbcc-9e9c-4f3e-9508-80057178297b
2019-09-25 12:53:50,882 [ForkJoinPool.commonPool-worker-1] INFO  impl.RoleInfo (RoleInfo.java:shutdownLeaderState(104)) - da22cbcc-9e9c-4f3e-9508-80057178297b: shutdown LeaderState
2019-09-25 12:53:50,883 [ForkJoinPool.commonPool-worker-1] INFO  impl.PendingRequests (PendingRequests.java:sendNotLeaderResponses(202)) - da22cbcc-9e9c-4f3e-9508-80057178297b-PendingRequests: sendNotLeaderResponses
2019-09-25 12:53:50,883 [ForkJoinPool.commonPool-worker-1] INFO  impl.StateMachineUpdater (StateMachineUpdater.java:stopAndJoin(125)) - da22cbcc-9e9c-4f3e-9508-80057178297b@group-C3A78F953F57-StateMachineUpdater: set stopIndex = 0
2019-09-25 12:53:50,883 [ForkJoinPool.commonPool-worker-1] INFO  impl.RaftServerImpl (ServerState.java:close(385)) - da22cbcc-9e9c-4f3e-9508-80057178297b@group-C3A78F953F57: closes. applyIndex: 0
2019-09-25 12:53:50,884 [da22cbcc-9e9c-4f3e-9508-80057178297b@group-C3A78F953F57-SegmentedRaftLogWorker] INFO  segmented.SegmentedRaftLogWorker (SegmentedRaftLogWorker.java:run(313)) - da22cbcc-9e9c-4f3e-9508-80057178297b@group-C3A78F953F57-SegmentedRaftLogWorker was interrupted, exiting. There are 0 tasks remaining in the queue.
2019-09-25 12:53:50,884 [ForkJoinPool.commonPool-worker-1] INFO  segmented.SegmentedRaftLogWorker (SegmentedRaftLogWorker.java:close(228)) - da22cbcc-9e9c-4f3e-9508-80057178297b@group-C3A78F953F57-SegmentedRaftLogWorker close()
2019-09-25 12:53:50,884 [ForkJoinPool.commonPool-worker-1] INFO  impl.RaftServerImpl (RaftServerImpl.java:lambda$shutdown$3(251)) - da22cbcc-9e9c-4f3e-9508-80057178297b@group-6B3CF71E6DEE: shutdown
2019-09-25 12:53:50,885 [ForkJoinPool.commonPool-worker-1] INFO  util.JmxRegister (JmxRegister.java:unregister(73)) - Successfully un-registered JMX Bean with object name Ratis:service=RaftServer,group=group-6B3CF71E6DEE,id=da22cbcc-9e9c-4f3e-9508-80057178297b
2019-09-25 12:53:50,885 [ForkJoinPool.commonPool-worker-1] INFO  impl.RoleInfo (RoleInfo.java:shutdownLeaderState(104)) - da22cbcc-9e9c-4f3e-9508-80057178297b: shutdown LeaderState
2019-09-25 12:53:50,885 [ForkJoinPool.commonPool-worker-1] INFO  impl.PendingRequests (PendingRequests.java:sendNotLeaderResponses(202)) - da22cbcc-9e9c-4f3e-9508-80057178297b-PendingRequests: sendNotLeaderResponses
2019-09-25 12:53:50,886 [ForkJoinPool.commonPool-worker-1] INFO  impl.StateMachineUpdater (StateMachineUpdater.java:stopAndJoin(125)) - da22cbcc-9e9c-4f3e-9508-80057178297b@group-6B3CF71E6DEE-StateMachineUpdater: set stopIndex = 0
2019-09-25 12:53:50,886 [ForkJoinPool.commonPool-worker-1] INFO  impl.RaftServerImpl (ServerState.java:close(385)) - da22cbcc-9e9c-4f3e-9508-80057178297b@group-6B3CF71E6DEE: closes. applyIndex: 0
2019-09-25 12:53:50,886 [da22cbcc-9e9c-4f3e-9508-80057178297b@group-6B3CF71E6DEE-SegmentedRaftLogWorker] INFO  segmented.SegmentedRaftLogWorker (SegmentedRaftLogWorker.java:run(313)) - da22cbcc-9e9c-4f3e-9508-80057178297b@group-6B3CF71E6DEE-SegmentedRaftLogWorker was interrupted, exiting. There are 0 tasks remaining in the queue.
2019-09-25 12:53:50,887 [ForkJoinPool.commonPool-worker-1] INFO  segmented.SegmentedRaftLogWorker (SegmentedRaftLogWorker.java:close(228)) - da22cbcc-9e9c-4f3e-9508-80057178297b@group-6B3CF71E6DEE-SegmentedRaftLogWorker close()
2019-09-25 12:53:50,887 [ForkJoinPool.commonPool-worker-1] INFO  impl.RaftServerImpl (RaftServerImpl.java:lambda$shutdown$3(251)) - da22cbcc-9e9c-4f3e-9508-80057178297b@group-75079C28F9BD: shutdown
2019-09-25 12:53:50,887 [ForkJoinPool.commonPool-worker-1] INFO  util.JmxRegister (JmxRegister.java:unregister(73)) - Successfully un-registered JMX Bean with object name Ratis:service=RaftServer,group=group-75079C28F9BD,id=da22cbcc-9e9c-4f3e-9508-80057178297b
2019-09-25 12:53:50,888 [ForkJoinPool.commonPool-worker-1] INFO  impl.RoleInfo (RoleInfo.java:shutdownLeaderState(104)) - da22cbcc-9e9c-4f3e-9508-80057178297b: shutdown LeaderState
2019-09-25 12:53:50,888 [ForkJoinPool.commonPool-worker-1] INFO  impl.PendingRequests (PendingRequests.java:sendNotLeaderResponses(202)) - da22cbcc-9e9c-4f3e-9508-80057178297b-PendingRequests: sendNotLeaderResponses
2019-09-25 12:53:50,888 [ForkJoinPool.commonPool-worker-1] INFO  impl.StateMachineUpdater (StateMachineUpdater.java:stopAndJoin(125)) - da22cbcc-9e9c-4f3e-9508-80057178297b@group-75079C28F9BD-StateMachineUpdater: set stopIndex = 0
2019-09-25 12:53:50,889 [ForkJoinPool.commonPool-worker-1] INFO  impl.RaftServerImpl (ServerState.java:close(385)) - da22cbcc-9e9c-4f3e-9508-80057178297b@group-75079C28F9BD: closes. applyIndex: 0
2019-09-25 12:53:50,889 [da22cbcc-9e9c-4f3e-9508-80057178297b@group-75079C28F9BD-SegmentedRaftLogWorker] INFO  segmented.SegmentedRaftLogWorker (SegmentedRaftLogWorker.java:run(313)) - da22cbcc-9e9c-4f3e-9508-80057178297b@group-75079C28F9BD-SegmentedRaftLogWorker was interrupted, exiting. There are 0 tasks remaining in the queue.
2019-09-25 12:53:50,889 [ForkJoinPool.commonPool-worker-1] INFO  segmented.SegmentedRaftLogWorker (SegmentedRaftLogWorker.java:close(228)) - da22cbcc-9e9c-4f3e-9508-80057178297b@group-75079C28F9BD-SegmentedRaftLogWorker close()
2019-09-25 12:53:50,890 [ForkJoinPool.commonPool-worker-1] INFO  server.GrpcService (GrpcService.java:closeImpl(164)) - da22cbcc-9e9c-4f3e-9508-80057178297b: shutdown server with port 36139 now
2019-09-25 12:53:50,893 [ForkJoinPool.commonPool-worker-1] INFO  server.GrpcService (GrpcService.java:closeImpl(172)) - da22cbcc-9e9c-4f3e-9508-80057178297b: shutdown server with port 36139 successfully
2019-09-25 12:53:50,896 [refreshUsed-/workdir/hadoop-ozone/ozonefs/target/test-dir/MiniOzoneClusterImpl-8d8fabca-1d4e-4b07-acaa-462c274cc386/datanode-2/data/containers] WARN  fs.CachingGetSpaceUsed (CachingGetSpaceUsed.java:run(183)) - Thread Interrupted waiting to refresh disk information: sleep interrupted
2019-09-25 12:53:50,930 [ForkJoinPool.commonPool-worker-1] INFO  utils.BackgroundService (BackgroundService.java:shutdown(148)) - Shutting down service BlockDeletingService
2019-09-25 12:53:50,933 [ForkJoinPool.commonPool-worker-1] INFO  statemachine.DatanodeStateMachine (DatanodeStateMachine.java:stopDaemon(395)) - Ozone container server stopped.
2019-09-25 12:53:50,937 [ForkJoinPool.commonPool-worker-1] INFO  handler.ContextHandler (ContextHandler.java:doStop(910)) - Stopped o.e.j.w.WebAppContext@d129b58{/,null,UNAVAILABLE}{/hddsDatanode}
2019-09-25 12:53:50,938 [ForkJoinPool.commonPool-worker-1] INFO  server.AbstractConnector (AbstractConnector.java:doStop(318)) - Stopped ServerConnector@26700d51{HTTP/1.1,[http/1.1]}{0.0.0.0:0}
2019-09-25 12:53:50,938 [ForkJoinPool.commonPool-worker-1] INFO  handler.ContextHandler (ContextHandler.java:doStop(910)) - Stopped o.e.j.s.ServletContextHandler@5b8e3405{/static,jar:file:/home/user/.m2/repository/org/apache/hadoop/hadoop-hdds-container-service/0.5.0-SNAPSHOT/hadoop-hdds-container-service-0.5.0-SNAPSHOT.jar!/webapps/static,UNAVAILABLE}
2019-09-25 12:53:50,939 [ForkJoinPool.commonPool-worker-1] INFO  handler.ContextHandler (ContextHandler.java:doStop(910)) - Stopped o.e.j.s.ServletContextHandler@2ae1d5f7{/logs,file:///workdir/hadoop-ozone/ozonefs/target/log,UNAVAILABLE}
2019-09-25 12:53:50,940 [Thread-1073] INFO  ozone.MiniOzoneClusterImpl (MiniOzoneClusterImpl.java:stopSCM(392)) - Stopping the StorageContainerManager
2019-09-25 12:53:50,940 [Thread-1073] INFO  server.StorageContainerManager (StorageContainerManager.java:stop(808)) - Stopping Replication Manager Service.
2019-09-25 12:53:50,940 [Thread-1073] INFO  container.ReplicationManager (ReplicationManager.java:stop(204)) - Stopping Replication Monitor Thread.
2019-09-25 12:53:50,941 [Thread-1073] INFO  server.StorageContainerManager (StorageContainerManager.java:stop(815)) - Stopping Lease Manager of the command watchers
2019-09-25 12:53:50,941 [Thread-1073] INFO  server.StorageContainerManager (StorageContainerManager.java:stop(822)) - Stopping datanode service RPC server
2019-09-25 12:53:50,941 [Thread-1073] INFO  server.SCMDatanodeProtocolServer (SCMDatanodeProtocolServer.java:stop(367)) - Stopping the RPC server for DataNodes
2019-09-25 12:53:50,941 [Thread-1073] INFO  ipc.Server (Server.java:stop(3082)) - Stopping server on 46020
2019-09-25 12:53:50,947 [IPC Server listener on 46020] INFO  ipc.Server (Server.java:run(1185)) - Stopping IPC Server listener on 46020
2019-09-25 12:53:50,948 [IPC Server Responder] INFO  ipc.Server (Server.java:run(1319)) - Stopping IPC Server Responder
2019-09-25 12:53:51,002 [SCM Heartbeat Processing Thread - 0] WARN  node.NodeStateManager (NodeStateManager.java:scheduleNextHealthCheck(655)) - Current Thread is interrupted, shutting down HB processing thread for Node Manager.
2019-09-25 12:53:51,003 [Thread-1073] INFO  server.StorageContainerManager (StorageContainerManager.java:stop(830)) - Stopping block service RPC server
2019-09-25 12:53:51,003 [Thread-1073] INFO  server.SCMBlockProtocolServer (SCMBlockProtocolServer.java:stop(155)) - Stopping the RPC server for Block Protocol
2019-09-25 12:53:51,003 [Thread-1073] INFO  ipc.Server (Server.java:stop(3082)) - Stopping server on 35119
2019-09-25 12:53:51,006 [IPC Server listener on 35119] INFO  ipc.Server (Server.java:run(1185)) - Stopping IPC Server listener on 35119
2019-09-25 12:53:51,006 [IPC Server Responder] INFO  ipc.Server (Server.java:run(1319)) - Stopping IPC Server Responder
2019-09-25 12:53:51,006 [Thread-1073] INFO  server.StorageContainerManager (StorageContainerManager.java:stop(837)) - Stopping the StorageContainerLocationProtocol RPC server
2019-09-25 12:53:51,008 [Thread-1073] INFO  server.SCMClientProtocolServer (SCMClientProtocolServer.java:stop(159)) - Stopping the RPC server for Client Protocol
2019-09-25 12:53:51,008 [Thread-1073] INFO  ipc.Server (Server.java:stop(3082)) - Stopping server on 42833
2019-09-25 12:53:51,011 [IPC Server listener on 42833] INFO  ipc.Server (Server.java:run(1185)) - Stopping IPC Server listener on 42833
2019-09-25 12:53:51,011 [Thread-1073] INFO  server.StorageContainerManager (StorageContainerManager.java:stop(844)) - Stopping Storage Container Manager HTTP server.
2019-09-25 12:53:51,011 [IPC Server Responder] INFO  ipc.Server (Server.java:run(1319)) - Stopping IPC Server Responder
2019-09-25 12:53:51,015 [Thread-1073] INFO  handler.ContextHandler (ContextHandler.java:doStop(910)) - Stopped o.e.j.w.WebAppContext@ca54608{/,null,UNAVAILABLE}{/scm}
2019-09-25 12:53:51,017 [Thread-1073] INFO  server.AbstractConnector (AbstractConnector.java:doStop(318)) - Stopped ServerConnector@580b686f{HTTP/1.1,[http/1.1]}{0.0.0.0:0}
2019-09-25 12:53:51,017 [Thread-1073] INFO  handler.ContextHandler (ContextHandler.java:doStop(910)) - Stopped o.e.j.s.ServletContextHandler@157ff19b{/static,jar:file:/home/user/.m2/repository/org/apache/hadoop/hadoop-hdds-server-scm/0.5.0-SNAPSHOT/hadoop-hdds-server-scm-0.5.0-SNAPSHOT.jar!/webapps/static,UNAVAILABLE}
2019-09-25 12:53:51,018 [Thread-1073] INFO  handler.ContextHandler (ContextHandler.java:doStop(910)) - Stopped o.e.j.s.ServletContextHandler@1af047b5{/logs,file:///workdir/hadoop-ozone/ozonefs/target/log,UNAVAILABLE}
2019-09-25 12:53:51,019 [Thread-1073] INFO  server.StorageContainerManager (StorageContainerManager.java:stop(855)) - Stopping Block Manager Service.
2019-09-25 12:53:51,019 [Thread-1073] INFO  utils.BackgroundService (BackgroundService.java:shutdown(148)) - Shutting down service SCMBlockDeletingService
2019-09-25 12:53:51,021 [Thread-1073] INFO  utils.BackgroundService (BackgroundService.java:shutdown(148)) - Shutting down service SCMBlockDeletingService
2019-09-25 12:53:51,021 [Thread-1073] INFO  server.StorageContainerManager (StorageContainerManager.java:stop(877)) - Stopping SCM Event Queue.
2019-09-25 12:53:51,026 [Thread-1073] INFO  impl.MetricsSystemImpl (MetricsSystemImpl.java:stop(210)) - Stopping HddsDatanode metrics system...
2019-09-25 12:53:51,042 [Thread-1073] INFO  impl.MetricsSystemImpl (MetricsSystemImpl.java:stop(216)) - HddsDatanode metrics system stopped.
]]></system-out>
  </testcase>
  <testcase name="testDeleteCreatesFakeParentDir" classname="org.apache.hadoop.fs.ozone.TestOzoneFileSystem" time="17.335">
    <error message="Allocated 0 blocks. Requested 1 blocks" type="INTERNAL_ERROR org.apache.hadoop.ozone.om.exceptions.OMException">INTERNAL_ERROR org.apache.hadoop.ozone.om.exceptions.OMException: Allocated 0 blocks. Requested 1 blocks
	at org.apache.hadoop.ozone.om.protocolPB.OzoneManagerProtocolClientSideTranslatorPB.handleError(OzoneManagerProtocolClientSideTranslatorPB.java:732)
	at org.apache.hadoop.ozone.om.protocolPB.OzoneManagerProtocolClientSideTranslatorPB.createFile(OzoneManagerProtocolClientSideTranslatorPB.java:1536)
	at sun.reflect.NativeMethodAccessorImpl.invoke0(Native Method)
	at sun.reflect.NativeMethodAccessorImpl.invoke(NativeMethodAccessorImpl.java:62)
	at sun.reflect.DelegatingMethodAccessorImpl.invoke(DelegatingMethodAccessorImpl.java:43)
	at java.lang.reflect.Method.invoke(Method.java:498)
	at org.apache.hadoop.hdds.tracing.TraceAllMethod.invoke(TraceAllMethod.java:66)
	at com.sun.proxy.$Proxy38.createFile(Unknown Source)
	at org.apache.hadoop.ozone.client.rpc.RpcClient.createFile(RpcClient.java:1006)
	at org.apache.hadoop.ozone.client.OzoneBucket.createFile(OzoneBucket.java:537)
	at org.apache.hadoop.fs.ozone.BasicOzoneClientAdapterImpl.createFile(BasicOzoneClientAdapterImpl.java:205)
	at org.apache.hadoop.fs.ozone.BasicOzoneFileSystem.createOutputStream(BasicOzoneFileSystem.java:250)
	at org.apache.hadoop.fs.ozone.BasicOzoneFileSystem.create(BasicOzoneFileSystem.java:231)
	at org.apache.hadoop.fs.FileSystem.create(FileSystem.java:1118)
	at org.apache.hadoop.fs.FileSystem.create(FileSystem.java:1098)
	at org.apache.hadoop.fs.FileSystem.create(FileSystem.java:987)
	at org.apache.hadoop.fs.contract.ContractTestUtils.createFile(ContractTestUtils.java:633)
	at org.apache.hadoop.fs.contract.ContractTestUtils.touch(ContractTestUtils.java:669)
	at org.apache.hadoop.fs.ozone.TestOzoneFileSystem.testDeleteCreatesFakeParentDir(TestOzoneFileSystem.java:134)
	at sun.reflect.NativeMethodAccessorImpl.invoke0(Native Method)
	at sun.reflect.NativeMethodAccessorImpl.invoke(NativeMethodAccessorImpl.java:62)
	at sun.reflect.DelegatingMethodAccessorImpl.invoke(DelegatingMethodAccessorImpl.java:43)
	at java.lang.reflect.Method.invoke(Method.java:498)
	at org.junit.runners.model.FrameworkMethod$1.runReflectiveCall(FrameworkMethod.java:47)
	at org.junit.internal.runners.model.ReflectiveCallable.run(ReflectiveCallable.java:12)
	at org.junit.runners.model.FrameworkMethod.invokeExplosively(FrameworkMethod.java:44)
	at org.junit.internal.runners.statements.InvokeMethod.evaluate(InvokeMethod.java:17)
	at org.junit.internal.runners.statements.RunBefores.evaluate(RunBefores.java:26)
	at org.junit.internal.runners.statements.RunAfters.evaluate(RunAfters.java:27)
	at org.junit.internal.runners.statements.FailOnTimeout$StatementThread.run(FailOnTimeout.java:74)
</error>
    <system-out><![CDATA[2019-09-25 12:53:51,099 [Thread-1340] WARN  server.ServerUtils (ServerUtils.java:getScmDbDir(145)) - ozone.scm.db.dirs is not configured. We recommend adding this setting. Falling back to ozone.metadata.dirs instead.
2019-09-25 12:53:51,126 [Thread-1340] WARN  server.ServerUtils (ServerUtils.java:getScmDbDir(145)) - ozone.scm.db.dirs is not configured. We recommend adding this setting. Falling back to ozone.metadata.dirs instead.
2019-09-25 12:53:51,127 [Thread-1340] WARN  server.ServerUtils (ServerUtils.java:getScmDbDir(145)) - ozone.scm.db.dirs is not configured. We recommend adding this setting. Falling back to ozone.metadata.dirs instead.
2019-09-25 12:53:51,128 [Thread-1340] INFO  db.DBStoreBuilder (DBStoreBuilder.java:addTable(110)) - using custom profile for table: deletedBlocks
2019-09-25 12:53:51,128 [Thread-1340] INFO  db.DBStoreBuilder (DBStoreBuilder.java:processTables(161)) - Using default column profile:DBProfile.DISK for Table:deletedBlocks
2019-09-25 12:53:51,128 [Thread-1340] INFO  db.DBStoreBuilder (DBStoreBuilder.java:addTable(110)) - using custom profile for table: validCerts
2019-09-25 12:53:51,128 [Thread-1340] INFO  db.DBStoreBuilder (DBStoreBuilder.java:processTables(161)) - Using default column profile:DBProfile.DISK for Table:validCerts
2019-09-25 12:53:51,129 [Thread-1340] INFO  db.DBStoreBuilder (DBStoreBuilder.java:addTable(110)) - using custom profile for table: revokedCerts
2019-09-25 12:53:51,129 [Thread-1340] INFO  db.DBStoreBuilder (DBStoreBuilder.java:processTables(161)) - Using default column profile:DBProfile.DISK for Table:revokedCerts
2019-09-25 12:53:51,129 [Thread-1340] INFO  db.DBStoreBuilder (DBStoreBuilder.java:addTable(110)) - using custom profile for table: default
2019-09-25 12:53:51,129 [Thread-1340] INFO  db.DBStoreBuilder (DBStoreBuilder.java:processTables(167)) - Using default column profile:DBProfile.DISK for Table:default
2019-09-25 12:53:51,130 [Thread-1340] INFO  db.DBStoreBuilder (DBStoreBuilder.java:getDbProfile(198)) - Using default options. DBProfile.DISK
2019-09-25 12:53:51,416 [Thread-1340] INFO  net.NodeSchemaLoader (NodeSchemaLoader.java:loadSchemaFromFile(125)) - Loading file from sun.misc.CompoundEnumeration@a89b084
2019-09-25 12:53:51,417 [Thread-1340] INFO  net.NodeSchemaLoader (NodeSchemaLoader.java:loadSchema(171)) - Loading network topology layer schema file
2019-09-25 12:53:51,424 [Thread-1340] WARN  server.ServerUtils (ServerUtils.java:sanitizeUserArgs(70)) - ozone.scm.stale.node.interval value = 300000 is larger than max = 100000 based on the key value of ozone.scm.heartbeat.thread.interval, reset to the max value 100000.
2019-09-25 12:53:51,424 [Thread-1340] WARN  server.ServerUtils (ServerUtils.java:sanitizeUserArgs(70)) - ozone.scm.stale.node.interval value = 300000 is larger than max = 100000 based on the key value of ozone.scm.heartbeat.thread.interval, reset to the max value 100000.
2019-09-25 12:53:51,425 [Thread-1340] INFO  node.SCMNodeManager (SCMNodeManager.java:<init>(114)) - Entering startup safe mode.
2019-09-25 12:53:51,426 [Thread-1340] INFO  algorithms.ContainerPlacementPolicyFactory (ContainerPlacementPolicyFactory.java:getPolicy(59)) - Create container placement policy of type org.apache.hadoop.hdds.scm.container.placement.algorithms.SCMContainerPlacementRandom
2019-09-25 12:53:51,426 [Thread-1340] WARN  server.ServerUtils (ServerUtils.java:getScmDbDir(145)) - ozone.scm.db.dirs is not configured. We recommend adding this setting. Falling back to ozone.metadata.dirs instead.
2019-09-25 12:53:51,538 [Thread-1340] INFO  pipeline.SCMPipelineManager (SCMPipelineManager.java:initializePipelineState(132)) - No pipeline exists in current db
2019-09-25 12:53:51,538 [Thread-1340] WARN  server.ServerUtils (ServerUtils.java:getScmDbDir(145)) - ozone.scm.db.dirs is not configured. We recommend adding this setting. Falling back to ozone.metadata.dirs instead.
2019-09-25 12:53:51,643 [Thread-1340] WARN  events.EventQueue (EventQueue.java:fireEvent(183)) - No event handler registered for event TypedEvent{payloadType=SafeModeStatus, name='SafeModeStatus'}
2019-09-25 12:53:51,644 [Thread-1340] INFO  ipc.CallQueueManager (CallQueueManager.java:<init>(84)) - Using callQueue: class java.util.concurrent.LinkedBlockingQueue, queueCapacity: 2000, scheduler: class org.apache.hadoop.ipc.DefaultRpcScheduler, ipcBackoff: false.
2019-09-25 12:53:51,645 [Socket Reader #1 for port 36991] INFO  ipc.Server (Server.java:run(1074)) - Starting Socket Reader #1 for port 36991
2019-09-25 12:53:51,648 [Thread-1340] INFO  ipc.CallQueueManager (CallQueueManager.java:<init>(84)) - Using callQueue: class java.util.concurrent.LinkedBlockingQueue, queueCapacity: 2000, scheduler: class org.apache.hadoop.ipc.DefaultRpcScheduler, ipcBackoff: false.
2019-09-25 12:53:51,649 [Socket Reader #1 for port 34213] INFO  ipc.Server (Server.java:run(1074)) - Starting Socket Reader #1 for port 34213
2019-09-25 12:53:51,651 [Thread-1340] INFO  ipc.CallQueueManager (CallQueueManager.java:<init>(84)) - Using callQueue: class java.util.concurrent.LinkedBlockingQueue, queueCapacity: 2000, scheduler: class org.apache.hadoop.ipc.DefaultRpcScheduler, ipcBackoff: false.
2019-09-25 12:53:51,652 [Socket Reader #1 for port 40718] INFO  ipc.Server (Server.java:run(1074)) - Starting Socket Reader #1 for port 40718
2019-09-25 12:53:51,659 [Thread-1340] INFO  hdfs.DFSUtil (DFSUtil.java:httpServerTemplateForNNAndJN(1641)) - Starting Web-server for scm at: http://0.0.0.0:0
2019-09-25 12:53:51,662 [Thread-1340] INFO  server.AuthenticationFilter (AuthenticationFilter.java:constructSecretProvider(240)) - Unable to initialize FileSignerSecretProvider, falling back to use random secrets.
2019-09-25 12:53:51,663 [Thread-1340] WARN  http.HttpRequestLog (HttpRequestLog.java:getRequestLog(97)) - Jetty request log can only be enabled using Log4j
2019-09-25 12:53:51,666 [Thread-1340] INFO  http.HttpServer2 (HttpServer2.java:addGlobalFilter(975)) - Added global filter 'safety' (class=org.apache.hadoop.http.HttpServer2$QuotingInputFilter)
2019-09-25 12:53:51,667 [Thread-1340] INFO  http.HttpServer2 (HttpServer2.java:addFilter(948)) - Added filter static_user_filter (class=org.apache.hadoop.http.lib.StaticUserWebFilter$StaticUserFilter) to context scm
2019-09-25 12:53:51,667 [Thread-1340] INFO  http.HttpServer2 (HttpServer2.java:addFilter(958)) - Added filter static_user_filter (class=org.apache.hadoop.http.lib.StaticUserWebFilter$StaticUserFilter) to context logs
2019-09-25 12:53:51,667 [Thread-1340] INFO  http.HttpServer2 (HttpServer2.java:addFilter(958)) - Added filter static_user_filter (class=org.apache.hadoop.http.lib.StaticUserWebFilter$StaticUserFilter) to context static
2019-09-25 12:53:51,669 [Thread-1340] INFO  server.StorageContainerManager (StorageContainerManager.java:start(770)) - StorageContainerLocationProtocol RPC server is listening at /0.0.0.0:40718
2019-09-25 12:53:51,672 [Thread-1340] WARN  impl.MetricsConfig (MetricsConfig.java:loadFirst(134)) - Cannot locate configuration: tried hadoop-metrics2-storagecontainermanager.properties,hadoop-metrics2.properties
2019-09-25 12:53:51,673 [Thread-1340] INFO  impl.MetricsSystemImpl (MetricsSystemImpl.java:startTimer(374)) - Scheduled Metric snapshot period at 10 second(s).
2019-09-25 12:53:51,673 [Thread-1340] INFO  impl.MetricsSystemImpl (MetricsSystemImpl.java:start(191)) - StorageContainerManager metrics system started
2019-09-25 12:53:51,775 [Thread-1340] WARN  impl.MetricsSystemImpl (MetricsSystemImpl.java:register(276)) - Sink prometheus already exists!
2019-09-25 12:53:51,821 [Thread-1340] INFO  server.SCMClientProtocolServer (SCMClientProtocolServer.java:start(151)) - RPC server for Client  is listening at /0.0.0.0:40718
2019-09-25 12:53:51,821 [IPC Server Responder] INFO  ipc.Server (Server.java:run(1314)) - IPC Server Responder: starting
2019-09-25 12:53:51,821 [IPC Server listener on 40718] INFO  ipc.Server (Server.java:run(1153)) - IPC Server listener on 40718: starting
2019-09-25 12:53:51,825 [Thread-1340] INFO  server.StorageContainerManager (StorageContainerManager.java:start(780)) - ScmBlockLocationProtocol RPC server is listening at /0.0.0.0:34213
2019-09-25 12:53:51,826 [Thread-1340] INFO  server.SCMBlockProtocolServer (SCMBlockProtocolServer.java:start(146)) - RPC server for Block Protocol is listening at /0.0.0.0:34213
2019-09-25 12:53:51,826 [IPC Server Responder] INFO  ipc.Server (Server.java:run(1314)) - IPC Server Responder: starting
2019-09-25 12:53:51,826 [IPC Server listener on 34213] INFO  ipc.Server (Server.java:run(1153)) - IPC Server listener on 34213: starting
2019-09-25 12:53:51,830 [Thread-1340] INFO  server.StorageContainerManager (StorageContainerManager.java:start(784)) - ScmDatanodeProtocl RPC server is listening at /0.0.0.0:36991
2019-09-25 12:53:51,830 [Thread-1340] INFO  server.SCMDatanodeProtocolServer (SCMDatanodeProtocolServer.java:start(191)) - RPC server for DataNodes is listening at /0.0.0.0:36991
2019-09-25 12:53:51,830 [IPC Server Responder] INFO  ipc.Server (Server.java:run(1314)) - IPC Server Responder: starting
2019-09-25 12:53:51,830 [IPC Server listener on 36991] INFO  ipc.Server (Server.java:run(1153)) - IPC Server listener on 36991: starting
2019-09-25 12:53:51,837 [Thread-1340] INFO  http.HttpServer2 (HttpServer2.java:bindListener(1191)) - Jetty bound to port 37692
2019-09-25 12:53:51,838 [Thread-1340] INFO  server.Server (Server.java:doStart(351)) - jetty-9.3.25.v20180904, build timestamp: 2018-09-04T21:11:46Z, git hash: 3ce520221d0240229c862b122d2b06c12a625732
2019-09-25 12:53:51,839 [Thread-1340] INFO  handler.ContextHandler (ContextHandler.java:doStart(781)) - Started o.e.j.s.ServletContextHandler@11320f52{/logs,file:///workdir/hadoop-ozone/ozonefs/target/log,AVAILABLE}
2019-09-25 12:53:51,840 [Thread-1340] INFO  handler.ContextHandler (ContextHandler.java:doStart(781)) - Started o.e.j.s.ServletContextHandler@3242d535{/static,jar:file:/home/user/.m2/repository/org/apache/hadoop/hadoop-hdds-server-scm/0.5.0-SNAPSHOT/hadoop-hdds-server-scm-0.5.0-SNAPSHOT.jar!/webapps/static,AVAILABLE}
2019-09-25 12:53:51,883 [Thread-1340] INFO  handler.ContextHandler (ContextHandler.java:doStart(781)) - Started o.e.j.w.WebAppContext@4b044474{/,file:///tmp/jetty-0.0.0.0-37692-scm-_-any-110750065769348377.dir/webapp/,AVAILABLE}{/scm}
2019-09-25 12:53:51,883 [Thread-1340] INFO  server.AbstractConnector (AbstractConnector.java:doStart(278)) - Started ServerConnector@f2d9742{HTTP/1.1,[http/1.1]}{0.0.0.0:37692}
2019-09-25 12:53:51,885 [Thread-1340] INFO  server.Server (Server.java:doStart(419)) - Started @93494ms
2019-09-25 12:53:51,886 [Thread-1340] WARN  impl.MetricsSystemImpl (MetricsSystemImpl.java:register(276)) - Sink prometheus already exists!
2019-09-25 12:53:51,887 [Thread-1340] INFO  server.BaseHttpServer (BaseHttpServer.java:updateConnectorAddress(215)) - HTTP server of SCM is listening at http://0.0.0.0:37692
2019-09-25 12:53:51,887 [Thread-1340] WARN  server.ServerUtils (ServerUtils.java:getDBPath(222)) - ozone.om.db.dirs is not configured. We recommend adding this setting. Falling back to ozone.metadata.dirs instead.
2019-09-25 12:53:51,888 [org.apache.hadoop.util.JvmPauseMonitor$Monitor@64847c40] INFO  util.JvmPauseMonitor (JvmPauseMonitor.java:run(188)) - Starting JVM pause monitor
2019-09-25 12:53:51,911 [Thread-1340] WARN  server.ServerUtils (ServerUtils.java:getDBPath(222)) - ozone.om.db.dirs is not configured. We recommend adding this setting. Falling back to ozone.metadata.dirs instead.
2019-09-25 12:53:51,912 [Thread-1340] WARN  server.ServerUtils (ServerUtils.java:getDBPath(222)) - ozone.om.db.dirs is not configured. We recommend adding this setting. Falling back to ozone.metadata.dirs instead.
2019-09-25 12:53:51,912 [Thread-1340] INFO  om.OzoneManager (OzoneManager.java:setOMNodeDetails(652)) - OM Service ID is not set. Setting it to the default ID: omServiceIdDefault
2019-09-25 12:53:51,912 [Thread-1340] INFO  om.OzoneManager (OzoneManager.java:setOMNodeDetails(658)) - OM Node ID is not set. Setting it to the OmStorage's OmID: 51d2d711-76ec-45e8-a3f7-58c198c7a7d3
2019-09-25 12:53:51,912 [Thread-1340] INFO  om.OzoneManager (OzoneManager.java:loadOMHAConfigs(609)) - Found matching OM address with OMServiceId: null, OMNodeId: null, RPC Address: localhost:0 and Ratis port: 9872
2019-09-25 12:53:51,929 [Thread-1340] WARN  server.ServerUtils (ServerUtils.java:getDBPath(222)) - ozone.om.db.dirs is not configured. We recommend adding this setting. Falling back to ozone.metadata.dirs instead.
2019-09-25 12:53:51,930 [Thread-1340] INFO  db.DBStoreBuilder (DBStoreBuilder.java:addTable(110)) - using custom profile for table: userTable
2019-09-25 12:53:51,930 [Thread-1340] INFO  db.DBStoreBuilder (DBStoreBuilder.java:processTables(161)) - Using default column profile:DBProfile.DISK for Table:userTable
2019-09-25 12:53:51,930 [Thread-1340] INFO  db.DBStoreBuilder (DBStoreBuilder.java:addTable(110)) - using custom profile for table: volumeTable
2019-09-25 12:53:51,930 [Thread-1340] INFO  db.DBStoreBuilder (DBStoreBuilder.java:processTables(161)) - Using default column profile:DBProfile.DISK for Table:volumeTable
2019-09-25 12:53:51,930 [Thread-1340] INFO  db.DBStoreBuilder (DBStoreBuilder.java:addTable(110)) - using custom profile for table: bucketTable
2019-09-25 12:53:51,930 [Thread-1340] INFO  db.DBStoreBuilder (DBStoreBuilder.java:processTables(161)) - Using default column profile:DBProfile.DISK for Table:bucketTable
2019-09-25 12:53:51,931 [Thread-1340] INFO  db.DBStoreBuilder (DBStoreBuilder.java:addTable(110)) - using custom profile for table: keyTable
2019-09-25 12:53:51,931 [Thread-1340] INFO  db.DBStoreBuilder (DBStoreBuilder.java:processTables(161)) - Using default column profile:DBProfile.DISK for Table:keyTable
2019-09-25 12:53:51,931 [Thread-1340] INFO  db.DBStoreBuilder (DBStoreBuilder.java:addTable(110)) - using custom profile for table: deletedTable
2019-09-25 12:53:51,931 [Thread-1340] INFO  db.DBStoreBuilder (DBStoreBuilder.java:processTables(161)) - Using default column profile:DBProfile.DISK for Table:deletedTable
2019-09-25 12:53:51,931 [Thread-1340] INFO  db.DBStoreBuilder (DBStoreBuilder.java:addTable(110)) - using custom profile for table: openKeyTable
2019-09-25 12:53:51,931 [Thread-1340] INFO  db.DBStoreBuilder (DBStoreBuilder.java:processTables(161)) - Using default column profile:DBProfile.DISK for Table:openKeyTable
2019-09-25 12:53:51,932 [Thread-1340] INFO  db.DBStoreBuilder (DBStoreBuilder.java:addTable(110)) - using custom profile for table: s3Table
2019-09-25 12:53:51,932 [Thread-1340] INFO  db.DBStoreBuilder (DBStoreBuilder.java:processTables(161)) - Using default column profile:DBProfile.DISK for Table:s3Table
2019-09-25 12:53:51,932 [Thread-1340] INFO  db.DBStoreBuilder (DBStoreBuilder.java:addTable(110)) - using custom profile for table: multipartInfoTable
2019-09-25 12:53:51,932 [Thread-1340] INFO  db.DBStoreBuilder (DBStoreBuilder.java:processTables(161)) - Using default column profile:DBProfile.DISK for Table:multipartInfoTable
2019-09-25 12:53:51,932 [Thread-1340] INFO  db.DBStoreBuilder (DBStoreBuilder.java:addTable(110)) - using custom profile for table: dTokenTable
2019-09-25 12:53:51,932 [Thread-1340] INFO  db.DBStoreBuilder (DBStoreBuilder.java:processTables(161)) - Using default column profile:DBProfile.DISK for Table:dTokenTable
2019-09-25 12:53:51,933 [Thread-1340] INFO  db.DBStoreBuilder (DBStoreBuilder.java:addTable(110)) - using custom profile for table: s3SecretTable
2019-09-25 12:53:51,933 [Thread-1340] INFO  db.DBStoreBuilder (DBStoreBuilder.java:processTables(161)) - Using default column profile:DBProfile.DISK for Table:s3SecretTable
2019-09-25 12:53:51,933 [Thread-1340] INFO  db.DBStoreBuilder (DBStoreBuilder.java:addTable(110)) - using custom profile for table: prefixTable
2019-09-25 12:53:51,933 [Thread-1340] INFO  db.DBStoreBuilder (DBStoreBuilder.java:processTables(161)) - Using default column profile:DBProfile.DISK for Table:prefixTable
2019-09-25 12:53:51,933 [Thread-1340] INFO  db.DBStoreBuilder (DBStoreBuilder.java:addTable(110)) - using custom profile for table: default
2019-09-25 12:53:51,933 [Thread-1340] INFO  db.DBStoreBuilder (DBStoreBuilder.java:processTables(167)) - Using default column profile:DBProfile.DISK for Table:default
2019-09-25 12:53:51,934 [Thread-1340] INFO  db.DBStoreBuilder (DBStoreBuilder.java:getDbProfile(198)) - Using default options. DBProfile.DISK
2019-09-25 12:53:52,665 [Thread-1340] INFO  ipc.CallQueueManager (CallQueueManager.java:<init>(84)) - Using callQueue: class java.util.concurrent.LinkedBlockingQueue, queueCapacity: 2000, scheduler: class org.apache.hadoop.ipc.DefaultRpcScheduler, ipcBackoff: false.
2019-09-25 12:53:52,666 [Socket Reader #1 for port 34949] INFO  ipc.Server (Server.java:run(1074)) - Starting Socket Reader #1 for port 34949
2019-09-25 12:53:52,693 [Thread-1340] INFO  om.OzoneManager (OzoneManager.java:start(1243)) - OzoneManager RPC server is listening at localhost/127.0.0.1:34949
2019-09-25 12:53:52,693 [Thread-1340] INFO  impl.MetricsSystemImpl (MetricsSystemImpl.java:init(158)) - OzoneManager metrics system started (again)
2019-09-25 12:53:52,694 [IPC Server Responder] INFO  ipc.Server (Server.java:run(1314)) - IPC Server Responder: starting
2019-09-25 12:53:52,694 [IPC Server listener on 34949] INFO  ipc.Server (Server.java:run(1153)) - IPC Server listener on 34949: starting
2019-09-25 12:53:52,701 [Thread-1340] INFO  hdfs.DFSUtil (DFSUtil.java:httpServerTemplateForNNAndJN(1641)) - Starting Web-server for ozoneManager at: http://0.0.0.0:0
2019-09-25 12:53:52,704 [Thread-1340] INFO  server.AuthenticationFilter (AuthenticationFilter.java:constructSecretProvider(240)) - Unable to initialize FileSignerSecretProvider, falling back to use random secrets.
2019-09-25 12:53:52,705 [Thread-1340] WARN  http.HttpRequestLog (HttpRequestLog.java:getRequestLog(97)) - Jetty request log can only be enabled using Log4j
2019-09-25 12:53:52,708 [Thread-1340] INFO  http.HttpServer2 (HttpServer2.java:addGlobalFilter(975)) - Added global filter 'safety' (class=org.apache.hadoop.http.HttpServer2$QuotingInputFilter)
2019-09-25 12:53:52,709 [Thread-1340] INFO  http.HttpServer2 (HttpServer2.java:addFilter(948)) - Added filter static_user_filter (class=org.apache.hadoop.http.lib.StaticUserWebFilter$StaticUserFilter) to context ozoneManager
2019-09-25 12:53:52,710 [Thread-1340] INFO  http.HttpServer2 (HttpServer2.java:addFilter(958)) - Added filter static_user_filter (class=org.apache.hadoop.http.lib.StaticUserWebFilter$StaticUserFilter) to context static
2019-09-25 12:53:52,710 [Thread-1340] INFO  http.HttpServer2 (HttpServer2.java:addFilter(958)) - Added filter static_user_filter (class=org.apache.hadoop.http.lib.StaticUserWebFilter$StaticUserFilter) to context logs
2019-09-25 12:53:52,711 [Thread-1340] INFO  http.HttpServer2 (HttpServer2.java:bindListener(1191)) - Jetty bound to port 44395
2019-09-25 12:53:52,711 [Thread-1340] INFO  server.Server (Server.java:doStart(351)) - jetty-9.3.25.v20180904, build timestamp: 2018-09-04T21:11:46Z, git hash: 3ce520221d0240229c862b122d2b06c12a625732
2019-09-25 12:53:52,713 [Thread-1340] INFO  handler.ContextHandler (ContextHandler.java:doStart(781)) - Started o.e.j.s.ServletContextHandler@15b2b6df{/logs,file:///workdir/hadoop-ozone/ozonefs/target/log,AVAILABLE}
2019-09-25 12:53:52,714 [Thread-1340] INFO  handler.ContextHandler (ContextHandler.java:doStart(781)) - Started o.e.j.s.ServletContextHandler@6b25bedf{/static,jar:file:/home/user/.m2/repository/org/apache/hadoop/hadoop-ozone-ozone-manager/0.5.0-SNAPSHOT/hadoop-ozone-ozone-manager-0.5.0-SNAPSHOT.jar!/webapps/static,AVAILABLE}
2019-09-25 12:53:52,778 [Thread-1340] INFO  handler.ContextHandler (ContextHandler.java:doStart(781)) - Started o.e.j.w.WebAppContext@f0724bb{/,file:///tmp/jetty-0.0.0.0-44395-ozoneManager-_-any-5045918146456102141.dir/webapp/,AVAILABLE}{/ozoneManager}
2019-09-25 12:53:52,778 [Thread-1340] INFO  server.AbstractConnector (AbstractConnector.java:doStart(278)) - Started ServerConnector@7260c798{HTTP/1.1,[http/1.1]}{0.0.0.0:44395}
2019-09-25 12:53:52,780 [Thread-1340] INFO  server.Server (Server.java:doStart(419)) - Started @94387ms
2019-09-25 12:53:52,780 [Thread-1340] WARN  impl.MetricsSystemImpl (MetricsSystemImpl.java:register(276)) - Sink prometheus already exists!
2019-09-25 12:53:52,780 [Thread-1340] INFO  server.BaseHttpServer (BaseHttpServer.java:updateConnectorAddress(215)) - HTTP server of OZONEMANAGER is listening at http://0.0.0.0:44395
2019-09-25 12:53:52,789 [Thread-1340] INFO  impl.MetricsSystemImpl (MetricsSystemImpl.java:init(158)) - HddsDatanode metrics system started (again)
2019-09-25 12:53:52,793 [Thread-1340] INFO  ozone.HddsDatanodeService (HddsDatanodeService.java:start(184)) - HddsDatanodeService host:pr-hdds-1569-shd4m-3693607622 ip:192.168.151.73
2019-09-25 12:53:52,800 [Thread-1340] INFO  volume.HddsVolume (HddsVolume.java:<init>(176)) - Creating Volume: /workdir/hadoop-ozone/ozonefs/target/test-dir/MiniOzoneClusterImpl-79bd19af-4891-4838-ac1c-38edf188a5a0/datanode-0/data/containers/hdds of  storage type : DISK and capacity : 1482555576320
2019-09-25 12:53:52,801 [Thread-1340] INFO  volume.VolumeSet (VolumeSet.java:initializeVolumeSet(170)) - Added Volume : /workdir/hadoop-ozone/ozonefs/target/test-dir/MiniOzoneClusterImpl-79bd19af-4891-4838-ac1c-38edf188a5a0/datanode-0/data/containers/hdds to VolumeSet
2019-09-25 12:53:52,801 [Thread-1340] INFO  volume.ThrottledAsyncChecker (ThrottledAsyncChecker.java:schedule(139)) - Scheduling a check for org.apache.hadoop.ozone.container.common.volume.HddsVolume@29984900
2019-09-25 12:53:52,801 [Thread-1340] INFO  volume.HddsVolumeChecker (HddsVolumeChecker.java:checkAllVolumes(202)) - Scheduled health check for volume org.apache.hadoop.ozone.container.common.volume.HddsVolume@29984900
2019-09-25 12:53:52,824 [Thread-1340] INFO  impl.RaftServerProxy (ConfUtils.java:logGet(43)) - raft.rpc.type = GRPC (default)
2019-09-25 12:53:52,824 [Thread-1340] INFO  grpc.GrpcFactory (GrpcFactory.java:checkPooledByteBufAllocatorUseCacheForAllThreads(45)) - PERFORMANCE WARNING: useCacheForAllThreads is true that may cause Netty to create a lot garbage objects and, as a result, trigger GC.
	It is recommended to disable useCacheForAllThreads by setting -Dorg.apache.ratis.thirdparty.io.netty.allocator.useCacheForAllThreads=false in command line.
2019-09-25 12:53:52,824 [Thread-1340] INFO  grpc.GrpcConfigKeys$Server (ConfUtils.java:logGet(43)) - raft.grpc.server.port = 0 (default)
2019-09-25 12:53:52,824 [Thread-1340] INFO  server.GrpcService (ConfUtils.java:logGet(43)) - raft.grpc.message.size.max = 33570816 (custom)
2019-09-25 12:53:52,824 [Thread-1340] INFO  server.RaftServerConfigKeys (ConfUtils.java:logGet(43)) - raft.server.log.appender.buffer.byte-limit = 33554432 (custom)
2019-09-25 12:53:52,825 [Thread-1340] INFO  server.GrpcService (ConfUtils.java:logGet(43)) - raft.grpc.flow.control.window = 1MB (=1048576) (default)
2019-09-25 12:53:52,825 [Thread-1340] INFO  server.RaftServerConfigKeys (ConfUtils.java:logGet(43)) - raft.server.rpc.request.timeout = 3000ms (default)
2019-09-25 12:53:52,825 [Thread-1340] INFO  server.RaftServerConfigKeys (ConfUtils.java:logGet(43)) - raft.server.storage.dir = [/workdir/hadoop-ozone/ozonefs/target/test-dir/MiniOzoneClusterImpl-79bd19af-4891-4838-ac1c-38edf188a5a0/datanode-0/data/ratis] (custom)
2019-09-25 12:53:52,828 [Thread-1340] INFO  hdfs.DFSUtil (DFSUtil.java:httpServerTemplateForNNAndJN(1641)) - Starting Web-server for hddsDatanode at: http://0.0.0.0:0
2019-09-25 12:53:52,829 [Thread-1340] INFO  server.AuthenticationFilter (AuthenticationFilter.java:constructSecretProvider(240)) - Unable to initialize FileSignerSecretProvider, falling back to use random secrets.
2019-09-25 12:53:52,829 [Thread-1340] WARN  http.HttpRequestLog (HttpRequestLog.java:getRequestLog(97)) - Jetty request log can only be enabled using Log4j
2019-09-25 12:53:52,831 [Thread-1340] INFO  http.HttpServer2 (HttpServer2.java:addGlobalFilter(975)) - Added global filter 'safety' (class=org.apache.hadoop.http.HttpServer2$QuotingInputFilter)
2019-09-25 12:53:52,831 [Thread-1340] INFO  http.HttpServer2 (HttpServer2.java:addFilter(948)) - Added filter static_user_filter (class=org.apache.hadoop.http.lib.StaticUserWebFilter$StaticUserFilter) to context hddsDatanode
2019-09-25 12:53:52,832 [Thread-1340] INFO  http.HttpServer2 (HttpServer2.java:addFilter(958)) - Added filter static_user_filter (class=org.apache.hadoop.http.lib.StaticUserWebFilter$StaticUserFilter) to context logs
2019-09-25 12:53:52,832 [Thread-1340] INFO  http.HttpServer2 (HttpServer2.java:addFilter(958)) - Added filter static_user_filter (class=org.apache.hadoop.http.lib.StaticUserWebFilter$StaticUserFilter) to context static
2019-09-25 12:53:52,832 [Thread-1340] INFO  http.HttpServer2 (HttpServer2.java:bindListener(1191)) - Jetty bound to port 42596
2019-09-25 12:53:52,832 [Thread-1340] INFO  server.Server (Server.java:doStart(351)) - jetty-9.3.25.v20180904, build timestamp: 2018-09-04T21:11:46Z, git hash: 3ce520221d0240229c862b122d2b06c12a625732
2019-09-25 12:53:52,834 [Thread-1340] INFO  handler.ContextHandler (ContextHandler.java:doStart(781)) - Started o.e.j.s.ServletContextHandler@618c17f7{/logs,file:///workdir/hadoop-ozone/ozonefs/target/log,AVAILABLE}
2019-09-25 12:53:52,834 [Thread-1340] INFO  handler.ContextHandler (ContextHandler.java:doStart(781)) - Started o.e.j.s.ServletContextHandler@42336818{/static,jar:file:/home/user/.m2/repository/org/apache/hadoop/hadoop-hdds-container-service/0.5.0-SNAPSHOT/hadoop-hdds-container-service-0.5.0-SNAPSHOT.jar!/webapps/static,AVAILABLE}
2019-09-25 12:53:52,861 [Thread-1340] INFO  handler.ContextHandler (ContextHandler.java:doStart(781)) - Started o.e.j.w.WebAppContext@3b74811e{/,file:///tmp/jetty-0.0.0.0-42596-hddsDatanode-_-any-1505630607740226887.dir/webapp/,AVAILABLE}{/hddsDatanode}
2019-09-25 12:53:52,861 [Thread-1340] INFO  server.AbstractConnector (AbstractConnector.java:doStart(278)) - Started ServerConnector@4768be5b{HTTP/1.1,[http/1.1]}{0.0.0.0:42596}
2019-09-25 12:53:52,863 [Thread-1340] INFO  server.Server (Server.java:doStart(419)) - Started @94471ms
2019-09-25 12:53:52,863 [Thread-1340] WARN  impl.MetricsSystemImpl (MetricsSystemImpl.java:register(276)) - Sink prometheus already exists!
2019-09-25 12:53:52,864 [Thread-1340] INFO  server.BaseHttpServer (BaseHttpServer.java:updateConnectorAddress(215)) - HTTP server of HDDSDATANODE is listening at http://0.0.0.0:42596
2019-09-25 12:53:52,864 [Thread-1340] INFO  impl.MetricsSystemImpl (MetricsSystemImpl.java:init(158)) - HddsDatanode metrics system started (again)
2019-09-25 12:53:52,868 [org.apache.hadoop.util.JvmPauseMonitor$Monitor@33d74b2] INFO  util.JvmPauseMonitor (JvmPauseMonitor.java:run(188)) - Starting JVM pause monitor
2019-09-25 12:53:52,869 [Thread-1340] INFO  ozone.HddsDatanodeService (HddsDatanodeService.java:start(184)) - HddsDatanodeService host:pr-hdds-1569-shd4m-3693607622 ip:192.168.151.73
2019-09-25 12:53:52,875 [Thread-1340] INFO  volume.HddsVolume (HddsVolume.java:<init>(176)) - Creating Volume: /workdir/hadoop-ozone/ozonefs/target/test-dir/MiniOzoneClusterImpl-79bd19af-4891-4838-ac1c-38edf188a5a0/datanode-1/data/containers/hdds of  storage type : DISK and capacity : 1482555576320
2019-09-25 12:53:52,875 [Thread-1340] INFO  volume.VolumeSet (VolumeSet.java:initializeVolumeSet(170)) - Added Volume : /workdir/hadoop-ozone/ozonefs/target/test-dir/MiniOzoneClusterImpl-79bd19af-4891-4838-ac1c-38edf188a5a0/datanode-1/data/containers/hdds to VolumeSet
2019-09-25 12:53:52,876 [Thread-1340] INFO  volume.ThrottledAsyncChecker (ThrottledAsyncChecker.java:schedule(139)) - Scheduling a check for org.apache.hadoop.ozone.container.common.volume.HddsVolume@479fc343
2019-09-25 12:53:52,876 [Thread-1340] INFO  volume.HddsVolumeChecker (HddsVolumeChecker.java:checkAllVolumes(202)) - Scheduled health check for volume org.apache.hadoop.ozone.container.common.volume.HddsVolume@479fc343
2019-09-25 12:53:52,880 [Datanode State Machine Thread - 0] INFO  datanode.InitDatanodeState (InitDatanodeState.java:persistContainerDatanodeDetails(140)) - DatanodeDetails is persisted to /workdir/hadoop-ozone/ozonefs/target/test-dir/MiniOzoneClusterImpl-79bd19af-4891-4838-ac1c-38edf188a5a0/datanode-0/meta/datanode.id
2019-09-25 12:53:52,896 [Thread-1340] INFO  impl.RaftServerProxy (ConfUtils.java:logGet(43)) - raft.rpc.type = GRPC (default)
2019-09-25 12:53:52,896 [Thread-1340] INFO  grpc.GrpcFactory (GrpcFactory.java:checkPooledByteBufAllocatorUseCacheForAllThreads(45)) - PERFORMANCE WARNING: useCacheForAllThreads is true that may cause Netty to create a lot garbage objects and, as a result, trigger GC.
	It is recommended to disable useCacheForAllThreads by setting -Dorg.apache.ratis.thirdparty.io.netty.allocator.useCacheForAllThreads=false in command line.
2019-09-25 12:53:52,896 [Thread-1340] INFO  grpc.GrpcConfigKeys$Server (ConfUtils.java:logGet(43)) - raft.grpc.server.port = 0 (default)
2019-09-25 12:53:52,896 [Thread-1340] INFO  server.GrpcService (ConfUtils.java:logGet(43)) - raft.grpc.message.size.max = 33570816 (custom)
2019-09-25 12:53:52,897 [Thread-1340] INFO  server.RaftServerConfigKeys (ConfUtils.java:logGet(43)) - raft.server.log.appender.buffer.byte-limit = 33554432 (custom)
2019-09-25 12:53:52,897 [Thread-1340] INFO  server.GrpcService (ConfUtils.java:logGet(43)) - raft.grpc.flow.control.window = 1MB (=1048576) (default)
2019-09-25 12:53:52,897 [Thread-1340] INFO  server.RaftServerConfigKeys (ConfUtils.java:logGet(43)) - raft.server.rpc.request.timeout = 3000ms (default)
2019-09-25 12:53:52,897 [Thread-1340] INFO  server.RaftServerConfigKeys (ConfUtils.java:logGet(43)) - raft.server.storage.dir = [/workdir/hadoop-ozone/ozonefs/target/test-dir/MiniOzoneClusterImpl-79bd19af-4891-4838-ac1c-38edf188a5a0/datanode-1/data/ratis] (custom)
2019-09-25 12:53:52,898 [Thread-1340] INFO  hdfs.DFSUtil (DFSUtil.java:httpServerTemplateForNNAndJN(1641)) - Starting Web-server for hddsDatanode at: http://0.0.0.0:0
2019-09-25 12:53:52,900 [Thread-1340] INFO  server.AuthenticationFilter (AuthenticationFilter.java:constructSecretProvider(240)) - Unable to initialize FileSignerSecretProvider, falling back to use random secrets.
2019-09-25 12:53:52,900 [Thread-1340] WARN  http.HttpRequestLog (HttpRequestLog.java:getRequestLog(97)) - Jetty request log can only be enabled using Log4j
2019-09-25 12:53:52,902 [Thread-1340] INFO  http.HttpServer2 (HttpServer2.java:addGlobalFilter(975)) - Added global filter 'safety' (class=org.apache.hadoop.http.HttpServer2$QuotingInputFilter)
2019-09-25 12:53:52,902 [Thread-1340] INFO  http.HttpServer2 (HttpServer2.java:addFilter(948)) - Added filter static_user_filter (class=org.apache.hadoop.http.lib.StaticUserWebFilter$StaticUserFilter) to context hddsDatanode
2019-09-25 12:53:52,903 [Thread-1340] INFO  http.HttpServer2 (HttpServer2.java:addFilter(958)) - Added filter static_user_filter (class=org.apache.hadoop.http.lib.StaticUserWebFilter$StaticUserFilter) to context logs
2019-09-25 12:53:52,903 [Thread-1340] INFO  http.HttpServer2 (HttpServer2.java:addFilter(958)) - Added filter static_user_filter (class=org.apache.hadoop.http.lib.StaticUserWebFilter$StaticUserFilter) to context static
2019-09-25 12:53:52,903 [Thread-1340] INFO  http.HttpServer2 (HttpServer2.java:bindListener(1191)) - Jetty bound to port 39279
2019-09-25 12:53:52,903 [Thread-1340] INFO  server.Server (Server.java:doStart(351)) - jetty-9.3.25.v20180904, build timestamp: 2018-09-04T21:11:46Z, git hash: 3ce520221d0240229c862b122d2b06c12a625732
2019-09-25 12:53:52,905 [Thread-1340] INFO  handler.ContextHandler (ContextHandler.java:doStart(781)) - Started o.e.j.s.ServletContextHandler@1bb2ded2{/logs,file:///workdir/hadoop-ozone/ozonefs/target/log,AVAILABLE}
2019-09-25 12:53:52,905 [Thread-1340] INFO  handler.ContextHandler (ContextHandler.java:doStart(781)) - Started o.e.j.s.ServletContextHandler@110a5947{/static,jar:file:/home/user/.m2/repository/org/apache/hadoop/hadoop-hdds-container-service/0.5.0-SNAPSHOT/hadoop-hdds-container-service-0.5.0-SNAPSHOT.jar!/webapps/static,AVAILABLE}
2019-09-25 12:53:52,933 [Thread-1340] INFO  handler.ContextHandler (ContextHandler.java:doStart(781)) - Started o.e.j.w.WebAppContext@27cdd27e{/,file:///tmp/jetty-0.0.0.0-39279-hddsDatanode-_-any-6732747261202019555.dir/webapp/,AVAILABLE}{/hddsDatanode}
2019-09-25 12:53:52,933 [Thread-1340] INFO  server.AbstractConnector (AbstractConnector.java:doStart(278)) - Started ServerConnector@7d06362f{HTTP/1.1,[http/1.1]}{0.0.0.0:39279}
2019-09-25 12:53:52,935 [Thread-1340] INFO  server.Server (Server.java:doStart(419)) - Started @94544ms
2019-09-25 12:53:52,935 [Thread-1340] WARN  impl.MetricsSystemImpl (MetricsSystemImpl.java:register(276)) - Sink prometheus already exists!
2019-09-25 12:53:52,936 [Thread-1340] INFO  server.BaseHttpServer (BaseHttpServer.java:updateConnectorAddress(215)) - HTTP server of HDDSDATANODE is listening at http://0.0.0.0:39279
2019-09-25 12:53:52,936 [Thread-1340] INFO  impl.MetricsSystemImpl (MetricsSystemImpl.java:init(158)) - HddsDatanode metrics system started (again)
2019-09-25 12:53:52,942 [org.apache.hadoop.util.JvmPauseMonitor$Monitor@3f9eccd9] INFO  util.JvmPauseMonitor (JvmPauseMonitor.java:run(188)) - Starting JVM pause monitor
2019-09-25 12:53:52,943 [Thread-1340] INFO  ozone.HddsDatanodeService (HddsDatanodeService.java:start(184)) - HddsDatanodeService host:pr-hdds-1569-shd4m-3693607622 ip:192.168.151.73
2019-09-25 12:53:52,944 [Datanode State Machine Thread - 0] INFO  datanode.InitDatanodeState (InitDatanodeState.java:persistContainerDatanodeDetails(140)) - DatanodeDetails is persisted to /workdir/hadoop-ozone/ozonefs/target/test-dir/MiniOzoneClusterImpl-79bd19af-4891-4838-ac1c-38edf188a5a0/datanode-1/meta/datanode.id
2019-09-25 12:53:52,949 [Thread-1340] INFO  volume.HddsVolume (HddsVolume.java:<init>(176)) - Creating Volume: /workdir/hadoop-ozone/ozonefs/target/test-dir/MiniOzoneClusterImpl-79bd19af-4891-4838-ac1c-38edf188a5a0/datanode-2/data/containers/hdds of  storage type : DISK and capacity : 1482555576320
2019-09-25 12:53:52,949 [Thread-1340] INFO  volume.VolumeSet (VolumeSet.java:initializeVolumeSet(170)) - Added Volume : /workdir/hadoop-ozone/ozonefs/target/test-dir/MiniOzoneClusterImpl-79bd19af-4891-4838-ac1c-38edf188a5a0/datanode-2/data/containers/hdds to VolumeSet
2019-09-25 12:53:52,950 [Thread-1340] INFO  volume.ThrottledAsyncChecker (ThrottledAsyncChecker.java:schedule(139)) - Scheduling a check for org.apache.hadoop.ozone.container.common.volume.HddsVolume@52a3ef0
2019-09-25 12:53:52,950 [Thread-1340] INFO  volume.HddsVolumeChecker (HddsVolumeChecker.java:checkAllVolumes(202)) - Scheduled health check for volume org.apache.hadoop.ozone.container.common.volume.HddsVolume@52a3ef0
2019-09-25 12:53:52,971 [Thread-1340] INFO  impl.RaftServerProxy (ConfUtils.java:logGet(43)) - raft.rpc.type = GRPC (default)
2019-09-25 12:53:52,971 [Thread-1340] INFO  grpc.GrpcFactory (GrpcFactory.java:checkPooledByteBufAllocatorUseCacheForAllThreads(45)) - PERFORMANCE WARNING: useCacheForAllThreads is true that may cause Netty to create a lot garbage objects and, as a result, trigger GC.
	It is recommended to disable useCacheForAllThreads by setting -Dorg.apache.ratis.thirdparty.io.netty.allocator.useCacheForAllThreads=false in command line.
2019-09-25 12:53:52,971 [Thread-1340] INFO  grpc.GrpcConfigKeys$Server (ConfUtils.java:logGet(43)) - raft.grpc.server.port = 0 (default)
2019-09-25 12:53:52,971 [Thread-1340] INFO  server.GrpcService (ConfUtils.java:logGet(43)) - raft.grpc.message.size.max = 33570816 (custom)
2019-09-25 12:53:52,972 [Thread-1340] INFO  server.RaftServerConfigKeys (ConfUtils.java:logGet(43)) - raft.server.log.appender.buffer.byte-limit = 33554432 (custom)
2019-09-25 12:53:52,972 [Thread-1340] INFO  server.GrpcService (ConfUtils.java:logGet(43)) - raft.grpc.flow.control.window = 1MB (=1048576) (default)
2019-09-25 12:53:52,972 [Thread-1340] INFO  server.RaftServerConfigKeys (ConfUtils.java:logGet(43)) - raft.server.rpc.request.timeout = 3000ms (default)
2019-09-25 12:53:52,972 [Thread-1340] INFO  server.RaftServerConfigKeys (ConfUtils.java:logGet(43)) - raft.server.storage.dir = [/workdir/hadoop-ozone/ozonefs/target/test-dir/MiniOzoneClusterImpl-79bd19af-4891-4838-ac1c-38edf188a5a0/datanode-2/data/ratis] (custom)
2019-09-25 12:53:52,973 [Thread-1340] INFO  hdfs.DFSUtil (DFSUtil.java:httpServerTemplateForNNAndJN(1641)) - Starting Web-server for hddsDatanode at: http://0.0.0.0:0
2019-09-25 12:53:52,975 [Thread-1340] INFO  server.AuthenticationFilter (AuthenticationFilter.java:constructSecretProvider(240)) - Unable to initialize FileSignerSecretProvider, falling back to use random secrets.
2019-09-25 12:53:52,975 [Thread-1340] WARN  http.HttpRequestLog (HttpRequestLog.java:getRequestLog(97)) - Jetty request log can only be enabled using Log4j
2019-09-25 12:53:52,977 [Thread-1340] INFO  http.HttpServer2 (HttpServer2.java:addGlobalFilter(975)) - Added global filter 'safety' (class=org.apache.hadoop.http.HttpServer2$QuotingInputFilter)
2019-09-25 12:53:52,977 [Thread-1340] INFO  http.HttpServer2 (HttpServer2.java:addFilter(948)) - Added filter static_user_filter (class=org.apache.hadoop.http.lib.StaticUserWebFilter$StaticUserFilter) to context hddsDatanode
2019-09-25 12:53:52,978 [Thread-1340] INFO  http.HttpServer2 (HttpServer2.java:addFilter(958)) - Added filter static_user_filter (class=org.apache.hadoop.http.lib.StaticUserWebFilter$StaticUserFilter) to context static
2019-09-25 12:53:52,978 [Thread-1340] INFO  http.HttpServer2 (HttpServer2.java:addFilter(958)) - Added filter static_user_filter (class=org.apache.hadoop.http.lib.StaticUserWebFilter$StaticUserFilter) to context logs
2019-09-25 12:53:52,978 [Thread-1340] INFO  http.HttpServer2 (HttpServer2.java:bindListener(1191)) - Jetty bound to port 40033
2019-09-25 12:53:52,978 [Thread-1340] INFO  server.Server (Server.java:doStart(351)) - jetty-9.3.25.v20180904, build timestamp: 2018-09-04T21:11:46Z, git hash: 3ce520221d0240229c862b122d2b06c12a625732
2019-09-25 12:53:52,980 [Thread-1340] INFO  handler.ContextHandler (ContextHandler.java:doStart(781)) - Started o.e.j.s.ServletContextHandler@767b1456{/logs,file:///workdir/hadoop-ozone/ozonefs/target/log,AVAILABLE}
2019-09-25 12:53:52,980 [Thread-1340] INFO  handler.ContextHandler (ContextHandler.java:doStart(781)) - Started o.e.j.s.ServletContextHandler@3c41bfb3{/static,jar:file:/home/user/.m2/repository/org/apache/hadoop/hadoop-hdds-container-service/0.5.0-SNAPSHOT/hadoop-hdds-container-service-0.5.0-SNAPSHOT.jar!/webapps/static,AVAILABLE}
2019-09-25 12:53:53,008 [Thread-1340] INFO  handler.ContextHandler (ContextHandler.java:doStart(781)) - Started o.e.j.w.WebAppContext@4b6efef9{/,file:///tmp/jetty-0.0.0.0-40033-hddsDatanode-_-any-5606728888330249691.dir/webapp/,AVAILABLE}{/hddsDatanode}
2019-09-25 12:53:53,008 [Thread-1340] INFO  server.AbstractConnector (AbstractConnector.java:doStart(278)) - Started ServerConnector@422d68dc{HTTP/1.1,[http/1.1]}{0.0.0.0:40033}
2019-09-25 12:53:53,010 [Thread-1340] INFO  server.Server (Server.java:doStart(419)) - Started @94618ms
2019-09-25 12:53:53,010 [Thread-1340] WARN  impl.MetricsSystemImpl (MetricsSystemImpl.java:register(276)) - Sink prometheus already exists!
2019-09-25 12:53:53,011 [Thread-1340] INFO  server.BaseHttpServer (BaseHttpServer.java:updateConnectorAddress(215)) - HTTP server of HDDSDATANODE is listening at http://0.0.0.0:40033
2019-09-25 12:53:53,011 [Thread-1340] INFO  ozone.MiniOzoneClusterImpl (MiniOzoneClusterImpl.java:lambda$waitForClusterToBeReady$0(147)) - Waiting for cluster to be ready. Got 0 of 3 DN Heartbeats.
2019-09-25 12:53:53,012 [org.apache.hadoop.util.JvmPauseMonitor$Monitor@5ea12c40] INFO  util.JvmPauseMonitor (JvmPauseMonitor.java:run(188)) - Starting JVM pause monitor
2019-09-25 12:53:53,014 [Datanode State Machine Thread - 0] INFO  datanode.InitDatanodeState (InitDatanodeState.java:persistContainerDatanodeDetails(140)) - DatanodeDetails is persisted to /workdir/hadoop-ozone/ozonefs/target/test-dir/MiniOzoneClusterImpl-79bd19af-4891-4838-ac1c-38edf188a5a0/datanode-2/meta/datanode.id
2019-09-25 12:53:54,011 [Thread-1340] INFO  ozone.MiniOzoneClusterImpl (MiniOzoneClusterImpl.java:lambda$waitForClusterToBeReady$0(147)) - Waiting for cluster to be ready. Got 0 of 3 DN Heartbeats.
2019-09-25 12:53:54,889 [Datanode State Machine Thread - 0] INFO  ozoneimpl.OzoneContainer (OzoneContainer.java:start(217)) - Attempting to start container services.
2019-09-25 12:53:54,891 [Datanode State Machine Thread - 0] INFO  ozoneimpl.OzoneContainer (OzoneContainer.java:startContainerScrub(179)) - Background container scanner has been disabled.
2019-09-25 12:53:54,891 [Datanode State Machine Thread - 0] INFO  ratis.XceiverServerRatis (XceiverServerRatis.java:start(411)) - Starting XceiverServerRatis 3c260395-8f43-46ed-9b5e-2de54f98c750 at port 0
2019-09-25 12:53:54,899 [Datanode State Machine Thread - 0] INFO  impl.RaftServerProxy (RaftServerProxy.java:lambda$start$3(299)) - 3c260395-8f43-46ed-9b5e-2de54f98c750: start RPC server
2019-09-25 12:53:54,901 [Datanode State Machine Thread - 0] INFO  server.GrpcService (GrpcService.java:startImpl(158)) - 3c260395-8f43-46ed-9b5e-2de54f98c750: GrpcService started, listening on 0.0.0.0/0.0.0.0:42307
2019-09-25 12:53:54,902 [Datanode State Machine Thread - 0] INFO  ratis.XceiverServerRatis (XceiverServerRatis.java:start(421)) - XceiverServerRatis 3c260395-8f43-46ed-9b5e-2de54f98c750 is started using port 42307
2019-09-25 12:53:54,902 [Datanode State Machine Thread - 0] INFO  server.XceiverServerGrpc (XceiverServerGrpc.java:start(149)) - XceiverServerGrpc 3c260395-8f43-46ed-9b5e-2de54f98c750 is started using port 38236
2019-09-25 12:53:54,957 [Datanode State Machine Thread - 0] INFO  ozoneimpl.OzoneContainer (OzoneContainer.java:start(217)) - Attempting to start container services.
2019-09-25 12:53:54,958 [Datanode State Machine Thread - 0] INFO  ozoneimpl.OzoneContainer (OzoneContainer.java:startContainerScrub(179)) - Background container scanner has been disabled.
2019-09-25 12:53:54,958 [Datanode State Machine Thread - 0] INFO  ratis.XceiverServerRatis (XceiverServerRatis.java:start(411)) - Starting XceiverServerRatis 5380f2ea-b78f-45f9-b140-bf4307a3f3ad at port 0
2019-09-25 12:53:54,964 [Datanode State Machine Thread - 0] INFO  impl.RaftServerProxy (RaftServerProxy.java:lambda$start$3(299)) - 5380f2ea-b78f-45f9-b140-bf4307a3f3ad: start RPC server
2019-09-25 12:53:54,964 [Datanode State Machine Thread - 0] INFO  server.GrpcService (GrpcService.java:startImpl(158)) - 5380f2ea-b78f-45f9-b140-bf4307a3f3ad: GrpcService started, listening on 0.0.0.0/0.0.0.0:40469
2019-09-25 12:53:54,964 [Datanode State Machine Thread - 0] INFO  ratis.XceiverServerRatis (XceiverServerRatis.java:start(421)) - XceiverServerRatis 5380f2ea-b78f-45f9-b140-bf4307a3f3ad is started using port 40469
2019-09-25 12:53:54,965 [Datanode State Machine Thread - 0] INFO  server.XceiverServerGrpc (XceiverServerGrpc.java:start(149)) - XceiverServerGrpc 5380f2ea-b78f-45f9-b140-bf4307a3f3ad is started using port 38449
2019-09-25 12:53:55,012 [Thread-1340] INFO  ozone.MiniOzoneClusterImpl (MiniOzoneClusterImpl.java:lambda$waitForClusterToBeReady$0(147)) - Waiting for cluster to be ready. Got 0 of 3 DN Heartbeats.
2019-09-25 12:53:55,027 [Datanode State Machine Thread - 0] INFO  ozoneimpl.OzoneContainer (OzoneContainer.java:start(217)) - Attempting to start container services.
2019-09-25 12:53:55,027 [Datanode State Machine Thread - 0] INFO  ozoneimpl.OzoneContainer (OzoneContainer.java:startContainerScrub(179)) - Background container scanner has been disabled.
2019-09-25 12:53:55,027 [Datanode State Machine Thread - 0] INFO  ratis.XceiverServerRatis (XceiverServerRatis.java:start(411)) - Starting XceiverServerRatis a3c64651-fa92-44ac-be08-fa4b080bd23f at port 0
2019-09-25 12:53:55,033 [Datanode State Machine Thread - 0] INFO  impl.RaftServerProxy (RaftServerProxy.java:lambda$start$3(299)) - a3c64651-fa92-44ac-be08-fa4b080bd23f: start RPC server
2019-09-25 12:53:55,034 [Datanode State Machine Thread - 0] INFO  server.GrpcService (GrpcService.java:startImpl(158)) - a3c64651-fa92-44ac-be08-fa4b080bd23f: GrpcService started, listening on 0.0.0.0/0.0.0.0:44285
2019-09-25 12:53:55,034 [Datanode State Machine Thread - 0] INFO  ratis.XceiverServerRatis (XceiverServerRatis.java:start(421)) - XceiverServerRatis a3c64651-fa92-44ac-be08-fa4b080bd23f is started using port 44285
2019-09-25 12:53:55,035 [Datanode State Machine Thread - 0] INFO  server.XceiverServerGrpc (XceiverServerGrpc.java:start(149)) - XceiverServerGrpc a3c64651-fa92-44ac-be08-fa4b080bd23f is started using port 36391
2019-09-25 12:53:56,012 [Thread-1340] INFO  ozone.MiniOzoneClusterImpl (MiniOzoneClusterImpl.java:lambda$waitForClusterToBeReady$0(147)) - Waiting for cluster to be ready. Got 0 of 3 DN Heartbeats.
2019-09-25 12:53:56,872 [IPC Server handler 0 on 36991] INFO  net.NetworkTopology (NetworkTopologyImpl.java:add(111)) - Added a new node: /default-rack/3c260395-8f43-46ed-9b5e-2de54f98c750
2019-09-25 12:53:56,875 [IPC Server handler 0 on 36991] INFO  node.SCMNodeManager (SCMNodeManager.java:register(266)) - Registered Data node : 3c260395-8f43-46ed-9b5e-2de54f98c750{ip: 192.168.151.73, host: pr-hdds-1569-shd4m-3693607622, networkLocation: /default-rack, certSerialId: null}
2019-09-25 12:53:56,876 [EventQueue-NodeRegistrationContainerReportForDataNodeSafeModeRule] INFO  safemode.SCMSafeModeManager (DataNodeSafeModeRule.java:process(71)) - SCM in safe mode. 1 DataNodes registered, 1 required.
2019-09-25 12:53:56,878 [EventQueue-NodeRegistrationContainerReportForDataNodeSafeModeRule] INFO  safemode.SCMSafeModeManager (SCMSafeModeManager.java:validateSafeModeExitRules(177)) - ScmSafeModeManager, all rules are successfully validated
2019-09-25 12:53:56,878 [EventQueue-NodeRegistrationContainerReportForDataNodeSafeModeRule] INFO  safemode.SCMSafeModeManager (SCMSafeModeManager.java:exitSafeMode(193)) - SCM exiting safe mode.
2019-09-25 12:53:56,889 [grpc-default-executor-0] INFO  impl.RaftServerProxy (RaftServerProxy.java:addNew(89)) - 3c260395-8f43-46ed-9b5e-2de54f98c750: addNew group-2528DE1C654A:[3c260395-8f43-46ed-9b5e-2de54f98c750:192.168.151.73:42307] returns group-2528DE1C654A:java.util.concurrent.CompletableFuture@2bcdcf01[Not completed]
2019-09-25 12:53:56,890 [pool-277-thread-1] INFO  impl.RaftServerImpl (RaftServerImpl.java:<init>(95)) - 3c260395-8f43-46ed-9b5e-2de54f98c750: new RaftServerImpl for group-2528DE1C654A:[3c260395-8f43-46ed-9b5e-2de54f98c750:192.168.151.73:42307] with ContainerStateMachine:uninitialized
2019-09-25 12:53:56,890 [pool-277-thread-1] INFO  server.RaftServerConfigKeys (ConfUtils.java:logGet(43)) - raft.server.rpc.timeout.min = 5s (custom)
2019-09-25 12:53:56,890 [pool-277-thread-1] INFO  server.RaftServerConfigKeys (ConfUtils.java:logGet(43)) - raft.server.rpc.timeout.max = 5200ms (custom)
2019-09-25 12:53:56,891 [pool-277-thread-1] INFO  server.RaftServerConfigKeys (ConfUtils.java:logGet(43)) - raft.server.rpcslowness.timeout = 120s (custom)
2019-09-25 12:53:56,891 [pool-277-thread-1] INFO  server.RaftServerConfigKeys (ConfUtils.java:logGet(43)) - raft.server.sleep.deviation.threshold = 300 (default)
2019-09-25 12:53:56,891 [pool-277-thread-1] INFO  server.RaftServerConfigKeys (ConfUtils.java:logGet(43)) - raft.server.log.appender.install.snapshot.enabled = false (custom)
2019-09-25 12:53:56,891 [pool-277-thread-1] INFO  impl.RaftServerImpl (ServerState.java:<init>(103)) - 3c260395-8f43-46ed-9b5e-2de54f98c750@group-2528DE1C654A: ConfigurationManager, init=-1: [3c260395-8f43-46ed-9b5e-2de54f98c750:192.168.151.73:42307], old=null, confs=<EMPTY_MAP>
2019-09-25 12:53:56,891 [pool-277-thread-1] INFO  server.RaftServerConfigKeys (ConfUtils.java:logGet(43)) - raft.server.storage.dir = [/workdir/hadoop-ozone/ozonefs/target/test-dir/MiniOzoneClusterImpl-79bd19af-4891-4838-ac1c-38edf188a5a0/datanode-0/data/ratis] (custom)
2019-09-25 12:53:56,892 [pool-277-thread-1] INFO  storage.RaftStorageDirectory (RaftStorageDirectory.java:analyzeStorage(246)) - The storage directory /workdir/hadoop-ozone/ozonefs/target/test-dir/MiniOzoneClusterImpl-79bd19af-4891-4838-ac1c-38edf188a5a0/datanode-0/data/ratis/03114dbd-1c32-4b3f-9cc3-2528de1c654a does not exist. Creating ...
2019-09-25 12:53:56,913 [pool-277-thread-1] INFO  storage.RaftStorageDirectory (RaftStorageDirectory.java:tryLock(328)) - Lock on /workdir/hadoop-ozone/ozonefs/target/test-dir/MiniOzoneClusterImpl-79bd19af-4891-4838-ac1c-38edf188a5a0/datanode-0/data/ratis/03114dbd-1c32-4b3f-9cc3-2528de1c654a/in_use.lock acquired by nodename 3512@pr-hdds-1569-shd4m-3693607622
2019-09-25 12:53:56,926 [pool-277-thread-1] INFO  storage.RaftStorage (RaftStorage.java:format(72)) - Storage directory /workdir/hadoop-ozone/ozonefs/target/test-dir/MiniOzoneClusterImpl-79bd19af-4891-4838-ac1c-38edf188a5a0/datanode-0/data/ratis/03114dbd-1c32-4b3f-9cc3-2528de1c654a has been successfully formatted.
2019-09-25 12:53:56,926 [pool-277-thread-1] INFO  ratis.ContainerStateMachine (ContainerStateMachine.java:loadSnapshot(230)) - group-2528DE1C654A: The snapshot info is null. Setting the last applied indexto:(t:0, i:~)
2019-09-25 12:53:56,926 [pool-277-thread-1] INFO  server.RaftServerConfigKeys (ConfUtils.java:logGet(43)) - raft.server.notification.no-leader.timeout = 120s (custom)
2019-09-25 12:53:56,927 [pool-277-thread-1] INFO  server.RaftServerConfigKeys (ConfUtils.java:logGet(43)) - raft.server.log.use.memory = false (default)
2019-09-25 12:53:56,927 [pool-277-thread-1] INFO  server.RaftServerConfigKeys (ConfUtils.java:logGet(43)) - raft.server.log.purge.gap = 1000000 (custom)
2019-09-25 12:53:56,927 [pool-277-thread-1] INFO  server.RaftServerConfigKeys (ConfUtils.java:logGet(43)) - raft.server.log.appender.buffer.byte-limit = 33554432 (custom)
2019-09-25 12:53:56,927 [pool-277-thread-1] INFO  server.RaftServerConfigKeys (ConfUtils.java:logGet(43)) - raft.server.log.segment.size.max = 1048576 (custom)
2019-09-25 12:53:56,927 [pool-277-thread-1] INFO  server.RaftServerConfigKeys (ConfUtils.java:logGet(43)) - raft.server.log.segment.cache.num.max = 2 (custom)
2019-09-25 12:53:56,927 [pool-277-thread-1] INFO  segmented.SegmentedRaftLogWorker (SegmentedRaftLogWorker.java:<init>(172)) - new 3c260395-8f43-46ed-9b5e-2de54f98c750@group-2528DE1C654A-SegmentedRaftLogWorker for RaftStorage:Storage Directory /workdir/hadoop-ozone/ozonefs/target/test-dir/MiniOzoneClusterImpl-79bd19af-4891-4838-ac1c-38edf188a5a0/datanode-0/data/ratis/03114dbd-1c32-4b3f-9cc3-2528de1c654a
2019-09-25 12:53:56,929 [pool-277-thread-1] INFO  server.RaftServerConfigKeys (ConfUtils.java:logGet(43)) - raft.server.log.queue.byte-limit = 2147483647 (custom)
2019-09-25 12:53:56,929 [pool-277-thread-1] INFO  server.RaftServerConfigKeys (ConfUtils.java:logGet(43)) - raft.server.log.queue.element-limit = 1024 (custom)
2019-09-25 12:53:56,929 [pool-277-thread-1] INFO  server.RaftServerConfigKeys (ConfUtils.java:logGet(43)) - raft.server.log.segment.size.max = 1048576 (custom)
2019-09-25 12:53:56,930 [pool-277-thread-1] INFO  server.RaftServerConfigKeys (ConfUtils.java:logGet(43)) - raft.server.log.preallocated.size = 16384 (custom)
2019-09-25 12:53:56,930 [pool-277-thread-1] INFO  server.RaftServerConfigKeys (ConfUtils.java:logGet(43)) - raft.server.log.write.buffer.size = 33554432 (custom)
2019-09-25 12:53:56,930 [pool-277-thread-1] INFO  server.RaftServerConfigKeys (ConfUtils.java:logGet(43)) - raft.server.log.force.sync.num = 128 (default)
2019-09-25 12:53:56,930 [pool-277-thread-1] INFO  server.RaftServerConfigKeys (ConfUtils.java:logGet(43)) - raft.server.log.statemachine.data.sync = true (default)
2019-09-25 12:53:56,930 [pool-277-thread-1] INFO  server.RaftServerConfigKeys (ConfUtils.java:logGet(43)) - raft.server.log.statemachine.data.sync.timeout = 10s (default)
2019-09-25 12:53:56,930 [pool-277-thread-1] INFO  server.RaftServerConfigKeys (ConfUtils.java:logGet(43)) - raft.server.log.statemachine.data.sync.timeout.retry = -1 (default)
2019-09-25 12:53:56,931 [pool-277-thread-1] INFO  server.RaftServerConfigKeys (ConfUtils.java:logGet(43)) - raft.server.log.statemachine.data.caching.enabled = true (custom)
2019-09-25 12:53:56,931 [pool-277-thread-1] INFO  segmented.SegmentedRaftLogWorker (SegmentedRaftLogWorker.java:lambda$new$0(132)) - 3c260395-8f43-46ed-9b5e-2de54f98c750@group-2528DE1C654A-SegmentedRaftLogWorker: flushIndex: setUnconditionally 0 -> -1
2019-09-25 12:53:56,931 [pool-277-thread-1] INFO  server.RaftServerConfigKeys (ConfUtils.java:logGet(43)) - raft.server.snapshot.auto.trigger.enabled = true (custom)
2019-09-25 12:53:56,931 [pool-277-thread-1] INFO  server.RaftServerConfigKeys (ConfUtils.java:logGet(43)) - raft.server.snapshot.auto.trigger.threshold = 10000 (custom)
2019-09-25 12:53:56,932 [pool-277-thread-1] INFO  server.RaftServerConfigKeys (ConfUtils.java:logGet(43)) - raft.server.snapshot.retention.num.files = 5 (custom)
2019-09-25 12:53:56,932 [pool-277-thread-1] INFO  server.RaftServerConfigKeys (ConfUtils.java:logGet(43)) - raft.server.retrycache.expirytime = 600000ms (custom)
2019-09-25 12:53:56,933 [pool-277-thread-1] INFO  impl.RaftServerImpl (RaftServerImpl.java:start(185)) - 3c260395-8f43-46ed-9b5e-2de54f98c750@group-2528DE1C654A: start as a follower, conf=-1: [3c260395-8f43-46ed-9b5e-2de54f98c750:192.168.151.73:42307], old=null
2019-09-25 12:53:56,934 [pool-277-thread-1] INFO  impl.RaftServerImpl (RaftServerImpl.java:setRole(174)) - 3c260395-8f43-46ed-9b5e-2de54f98c750@group-2528DE1C654A: changes role from      null to FOLLOWER at term 0 for startAsFollower
2019-09-25 12:53:56,934 [pool-277-thread-1] INFO  impl.RoleInfo (RoleInfo.java:updateAndGet(143)) - 3c260395-8f43-46ed-9b5e-2de54f98c750: start FollowerState
2019-09-25 12:53:56,934 [pool-277-thread-1] INFO  util.JmxRegister (JmxRegister.java:tryRegister(44)) - Successfully registered JMX Bean with object name Ratis:service=RaftServer,group=group-2528DE1C654A,id=3c260395-8f43-46ed-9b5e-2de54f98c750
2019-09-25 12:53:56,938 [RatisPipelineUtilsThread] INFO  pipeline.PipelineStateManager (PipelineStateManager.java:addPipeline(56)) - Created pipeline Pipeline[ Id: 03114dbd-1c32-4b3f-9cc3-2528de1c654a, Nodes: 3c260395-8f43-46ed-9b5e-2de54f98c750{ip: 192.168.151.73, host: pr-hdds-1569-shd4m-3693607622, networkLocation: /default-rack, certSerialId: null}, Type:RATIS, Factor:ONE, State:OPEN]
2019-09-25 12:53:56,943 [grpc-default-executor-0] INFO  impl.RaftServerProxy (RaftServerProxy.java:addNew(89)) - 3c260395-8f43-46ed-9b5e-2de54f98c750: addNew group-C8AEB78B14DA:[3c260395-8f43-46ed-9b5e-2de54f98c750:192.168.151.73:42307] returns group-C8AEB78B14DA:java.util.concurrent.CompletableFuture@1a2cc61f[Not completed]
2019-09-25 12:53:56,944 [IPC Server handler 1 on 36991] INFO  net.NetworkTopology (NetworkTopologyImpl.java:add(111)) - Added a new node: /default-rack/5380f2ea-b78f-45f9-b140-bf4307a3f3ad
2019-09-25 12:53:56,944 [IPC Server handler 1 on 36991] INFO  node.SCMNodeManager (SCMNodeManager.java:register(266)) - Registered Data node : 5380f2ea-b78f-45f9-b140-bf4307a3f3ad{ip: 192.168.151.73, host: pr-hdds-1569-shd4m-3693607622, networkLocation: /default-rack, certSerialId: null}
2019-09-25 12:53:56,944 [pool-277-thread-1] INFO  impl.RaftServerImpl (RaftServerImpl.java:<init>(95)) - 3c260395-8f43-46ed-9b5e-2de54f98c750: new RaftServerImpl for group-C8AEB78B14DA:[3c260395-8f43-46ed-9b5e-2de54f98c750:192.168.151.73:42307] with ContainerStateMachine:uninitialized
2019-09-25 12:53:56,944 [pool-277-thread-1] INFO  server.RaftServerConfigKeys (ConfUtils.java:logGet(43)) - raft.server.rpc.timeout.min = 5s (custom)
2019-09-25 12:53:56,944 [pool-277-thread-1] INFO  server.RaftServerConfigKeys (ConfUtils.java:logGet(43)) - raft.server.rpc.timeout.max = 5200ms (custom)
2019-09-25 12:53:56,944 [pool-277-thread-1] INFO  server.RaftServerConfigKeys (ConfUtils.java:logGet(43)) - raft.server.rpcslowness.timeout = 120s (custom)
2019-09-25 12:53:56,945 [pool-277-thread-1] INFO  server.RaftServerConfigKeys (ConfUtils.java:logGet(43)) - raft.server.sleep.deviation.threshold = 300 (default)
2019-09-25 12:53:56,945 [pool-277-thread-1] INFO  server.RaftServerConfigKeys (ConfUtils.java:logGet(43)) - raft.server.log.appender.install.snapshot.enabled = false (custom)
2019-09-25 12:53:56,945 [pool-277-thread-1] INFO  impl.RaftServerImpl (ServerState.java:<init>(103)) - 3c260395-8f43-46ed-9b5e-2de54f98c750@group-C8AEB78B14DA: ConfigurationManager, init=-1: [3c260395-8f43-46ed-9b5e-2de54f98c750:192.168.151.73:42307], old=null, confs=<EMPTY_MAP>
2019-09-25 12:53:56,945 [pool-277-thread-1] INFO  server.RaftServerConfigKeys (ConfUtils.java:logGet(43)) - raft.server.storage.dir = [/workdir/hadoop-ozone/ozonefs/target/test-dir/MiniOzoneClusterImpl-79bd19af-4891-4838-ac1c-38edf188a5a0/datanode-0/data/ratis] (custom)
2019-09-25 12:53:56,945 [pool-277-thread-1] INFO  storage.RaftStorageDirectory (RaftStorageDirectory.java:analyzeStorage(246)) - The storage directory /workdir/hadoop-ozone/ozonefs/target/test-dir/MiniOzoneClusterImpl-79bd19af-4891-4838-ac1c-38edf188a5a0/datanode-0/data/ratis/50f3a6fd-2d73-4ffe-bfb4-c8aeb78b14da does not exist. Creating ...
2019-09-25 12:53:56,958 [pool-277-thread-1] INFO  storage.RaftStorageDirectory (RaftStorageDirectory.java:tryLock(328)) - Lock on /workdir/hadoop-ozone/ozonefs/target/test-dir/MiniOzoneClusterImpl-79bd19af-4891-4838-ac1c-38edf188a5a0/datanode-0/data/ratis/50f3a6fd-2d73-4ffe-bfb4-c8aeb78b14da/in_use.lock acquired by nodename 3512@pr-hdds-1569-shd4m-3693607622
2019-09-25 12:53:56,971 [pool-277-thread-1] INFO  storage.RaftStorage (RaftStorage.java:format(72)) - Storage directory /workdir/hadoop-ozone/ozonefs/target/test-dir/MiniOzoneClusterImpl-79bd19af-4891-4838-ac1c-38edf188a5a0/datanode-0/data/ratis/50f3a6fd-2d73-4ffe-bfb4-c8aeb78b14da has been successfully formatted.
2019-09-25 12:53:56,971 [pool-277-thread-1] INFO  ratis.ContainerStateMachine (ContainerStateMachine.java:loadSnapshot(230)) - group-C8AEB78B14DA: The snapshot info is null. Setting the last applied indexto:(t:0, i:~)
2019-09-25 12:53:56,972 [pool-277-thread-1] INFO  server.RaftServerConfigKeys (ConfUtils.java:logGet(43)) - raft.server.notification.no-leader.timeout = 120s (custom)
2019-09-25 12:53:56,972 [pool-277-thread-1] INFO  server.RaftServerConfigKeys (ConfUtils.java:logGet(43)) - raft.server.log.use.memory = false (default)
2019-09-25 12:53:56,972 [pool-277-thread-1] INFO  server.RaftServerConfigKeys (ConfUtils.java:logGet(43)) - raft.server.log.purge.gap = 1000000 (custom)
2019-09-25 12:53:56,972 [pool-277-thread-1] INFO  server.RaftServerConfigKeys (ConfUtils.java:logGet(43)) - raft.server.log.appender.buffer.byte-limit = 33554432 (custom)
2019-09-25 12:53:56,972 [pool-277-thread-1] INFO  server.RaftServerConfigKeys (ConfUtils.java:logGet(43)) - raft.server.log.segment.size.max = 1048576 (custom)
2019-09-25 12:53:56,973 [pool-277-thread-1] INFO  server.RaftServerConfigKeys (ConfUtils.java:logGet(43)) - raft.server.log.segment.cache.num.max = 2 (custom)
2019-09-25 12:53:56,973 [pool-277-thread-1] INFO  segmented.SegmentedRaftLogWorker (SegmentedRaftLogWorker.java:<init>(172)) - new 3c260395-8f43-46ed-9b5e-2de54f98c750@group-C8AEB78B14DA-SegmentedRaftLogWorker for RaftStorage:Storage Directory /workdir/hadoop-ozone/ozonefs/target/test-dir/MiniOzoneClusterImpl-79bd19af-4891-4838-ac1c-38edf188a5a0/datanode-0/data/ratis/50f3a6fd-2d73-4ffe-bfb4-c8aeb78b14da
2019-09-25 12:53:56,973 [pool-277-thread-1] INFO  server.RaftServerConfigKeys (ConfUtils.java:logGet(43)) - raft.server.log.queue.byte-limit = 2147483647 (custom)
2019-09-25 12:53:56,973 [pool-277-thread-1] INFO  server.RaftServerConfigKeys (ConfUtils.java:logGet(43)) - raft.server.log.queue.element-limit = 1024 (custom)
2019-09-25 12:53:56,973 [pool-277-thread-1] INFO  server.RaftServerConfigKeys (ConfUtils.java:logGet(43)) - raft.server.log.segment.size.max = 1048576 (custom)
2019-09-25 12:53:56,974 [pool-277-thread-1] INFO  server.RaftServerConfigKeys (ConfUtils.java:logGet(43)) - raft.server.log.preallocated.size = 16384 (custom)
2019-09-25 12:53:56,974 [pool-277-thread-1] INFO  server.RaftServerConfigKeys (ConfUtils.java:logGet(43)) - raft.server.log.write.buffer.size = 33554432 (custom)
2019-09-25 12:53:56,974 [pool-277-thread-1] INFO  server.RaftServerConfigKeys (ConfUtils.java:logGet(43)) - raft.server.log.force.sync.num = 128 (default)
2019-09-25 12:53:56,974 [pool-277-thread-1] INFO  server.RaftServerConfigKeys (ConfUtils.java:logGet(43)) - raft.server.log.statemachine.data.sync = true (default)
2019-09-25 12:53:56,974 [pool-277-thread-1] INFO  server.RaftServerConfigKeys (ConfUtils.java:logGet(43)) - raft.server.log.statemachine.data.sync.timeout = 10s (default)
2019-09-25 12:53:56,975 [pool-277-thread-1] INFO  server.RaftServerConfigKeys (ConfUtils.java:logGet(43)) - raft.server.log.statemachine.data.sync.timeout.retry = -1 (default)
2019-09-25 12:53:56,975 [pool-277-thread-1] INFO  server.RaftServerConfigKeys (ConfUtils.java:logGet(43)) - raft.server.log.statemachine.data.caching.enabled = true (custom)
2019-09-25 12:53:56,975 [pool-277-thread-1] INFO  segmented.SegmentedRaftLogWorker (SegmentedRaftLogWorker.java:lambda$new$0(132)) - 3c260395-8f43-46ed-9b5e-2de54f98c750@group-C8AEB78B14DA-SegmentedRaftLogWorker: flushIndex: setUnconditionally 0 -> -1
2019-09-25 12:53:56,976 [pool-277-thread-1] INFO  server.RaftServerConfigKeys (ConfUtils.java:logGet(43)) - raft.server.snapshot.auto.trigger.enabled = true (custom)
2019-09-25 12:53:56,976 [pool-277-thread-1] INFO  server.RaftServerConfigKeys (ConfUtils.java:logGet(43)) - raft.server.snapshot.auto.trigger.threshold = 10000 (custom)
2019-09-25 12:53:56,976 [pool-277-thread-1] INFO  server.RaftServerConfigKeys (ConfUtils.java:logGet(43)) - raft.server.snapshot.retention.num.files = 5 (custom)
2019-09-25 12:53:56,976 [pool-277-thread-1] INFO  server.RaftServerConfigKeys (ConfUtils.java:logGet(43)) - raft.server.retrycache.expirytime = 600000ms (custom)
2019-09-25 12:53:56,978 [pool-277-thread-1] INFO  impl.RaftServerImpl (RaftServerImpl.java:start(185)) - 3c260395-8f43-46ed-9b5e-2de54f98c750@group-C8AEB78B14DA: start as a follower, conf=-1: [3c260395-8f43-46ed-9b5e-2de54f98c750:192.168.151.73:42307], old=null
2019-09-25 12:53:56,978 [pool-277-thread-1] INFO  impl.RaftServerImpl (RaftServerImpl.java:setRole(174)) - 3c260395-8f43-46ed-9b5e-2de54f98c750@group-C8AEB78B14DA: changes role from      null to FOLLOWER at term 0 for startAsFollower
2019-09-25 12:53:56,979 [pool-277-thread-1] INFO  impl.RoleInfo (RoleInfo.java:updateAndGet(143)) - 3c260395-8f43-46ed-9b5e-2de54f98c750: start FollowerState
2019-09-25 12:53:56,979 [pool-277-thread-1] INFO  util.JmxRegister (JmxRegister.java:tryRegister(44)) - Successfully registered JMX Bean with object name Ratis:service=RaftServer,group=group-C8AEB78B14DA,id=3c260395-8f43-46ed-9b5e-2de54f98c750
2019-09-25 12:53:56,982 [RatisPipelineUtilsThread] INFO  pipeline.PipelineStateManager (PipelineStateManager.java:addPipeline(56)) - Created pipeline Pipeline[ Id: 50f3a6fd-2d73-4ffe-bfb4-c8aeb78b14da, Nodes: 3c260395-8f43-46ed-9b5e-2de54f98c750{ip: 192.168.151.73, host: pr-hdds-1569-shd4m-3693607622, networkLocation: /default-rack, certSerialId: null}, Type:RATIS, Factor:ONE, State:OPEN]
2019-09-25 12:53:56,989 [grpc-default-executor-0] INFO  impl.RaftServerProxy (RaftServerProxy.java:addNew(89)) - 5380f2ea-b78f-45f9-b140-bf4307a3f3ad: addNew group-C5C48737DFC9:[5380f2ea-b78f-45f9-b140-bf4307a3f3ad:192.168.151.73:40469] returns group-C5C48737DFC9:java.util.concurrent.CompletableFuture@75e29bcd[Not completed]
2019-09-25 12:53:56,991 [pool-287-thread-1] INFO  impl.RaftServerImpl (RaftServerImpl.java:<init>(95)) - 5380f2ea-b78f-45f9-b140-bf4307a3f3ad: new RaftServerImpl for group-C5C48737DFC9:[5380f2ea-b78f-45f9-b140-bf4307a3f3ad:192.168.151.73:40469] with ContainerStateMachine:uninitialized
2019-09-25 12:53:56,991 [pool-287-thread-1] INFO  server.RaftServerConfigKeys (ConfUtils.java:logGet(43)) - raft.server.rpc.timeout.min = 5s (custom)
2019-09-25 12:53:56,991 [pool-287-thread-1] INFO  server.RaftServerConfigKeys (ConfUtils.java:logGet(43)) - raft.server.rpc.timeout.max = 5200ms (custom)
2019-09-25 12:53:56,992 [pool-287-thread-1] INFO  server.RaftServerConfigKeys (ConfUtils.java:logGet(43)) - raft.server.rpcslowness.timeout = 120s (custom)
2019-09-25 12:53:56,992 [pool-287-thread-1] INFO  server.RaftServerConfigKeys (ConfUtils.java:logGet(43)) - raft.server.sleep.deviation.threshold = 300 (default)
2019-09-25 12:53:56,992 [pool-287-thread-1] INFO  server.RaftServerConfigKeys (ConfUtils.java:logGet(43)) - raft.server.log.appender.install.snapshot.enabled = false (custom)
2019-09-25 12:53:56,992 [pool-287-thread-1] INFO  impl.RaftServerImpl (ServerState.java:<init>(103)) - 5380f2ea-b78f-45f9-b140-bf4307a3f3ad@group-C5C48737DFC9: ConfigurationManager, init=-1: [5380f2ea-b78f-45f9-b140-bf4307a3f3ad:192.168.151.73:40469], old=null, confs=<EMPTY_MAP>
2019-09-25 12:53:56,992 [pool-287-thread-1] INFO  server.RaftServerConfigKeys (ConfUtils.java:logGet(43)) - raft.server.storage.dir = [/workdir/hadoop-ozone/ozonefs/target/test-dir/MiniOzoneClusterImpl-79bd19af-4891-4838-ac1c-38edf188a5a0/datanode-1/data/ratis] (custom)
2019-09-25 12:53:56,992 [pool-287-thread-1] INFO  storage.RaftStorageDirectory (RaftStorageDirectory.java:analyzeStorage(246)) - The storage directory /workdir/hadoop-ozone/ozonefs/target/test-dir/MiniOzoneClusterImpl-79bd19af-4891-4838-ac1c-38edf188a5a0/datanode-1/data/ratis/4ac6a950-c17e-4a50-b9a4-c5c48737dfc9 does not exist. Creating ...
2019-09-25 12:53:57,005 [pool-287-thread-1] INFO  storage.RaftStorageDirectory (RaftStorageDirectory.java:tryLock(328)) - Lock on /workdir/hadoop-ozone/ozonefs/target/test-dir/MiniOzoneClusterImpl-79bd19af-4891-4838-ac1c-38edf188a5a0/datanode-1/data/ratis/4ac6a950-c17e-4a50-b9a4-c5c48737dfc9/in_use.lock acquired by nodename 3512@pr-hdds-1569-shd4m-3693607622
2019-09-25 12:53:57,013 [Thread-1340] INFO  ozone.MiniOzoneClusterImpl (MiniOzoneClusterImpl.java:lambda$waitForClusterToBeReady$0(147)) - Waiting for cluster to be ready. Got 2 of 3 DN Heartbeats.
2019-09-25 12:53:57,014 [IPC Server handler 2 on 36991] INFO  net.NetworkTopology (NetworkTopologyImpl.java:add(111)) - Added a new node: /default-rack/a3c64651-fa92-44ac-be08-fa4b080bd23f
2019-09-25 12:53:57,015 [IPC Server handler 2 on 36991] INFO  node.SCMNodeManager (SCMNodeManager.java:register(266)) - Registered Data node : a3c64651-fa92-44ac-be08-fa4b080bd23f{ip: 192.168.151.73, host: pr-hdds-1569-shd4m-3693607622, networkLocation: /default-rack, certSerialId: null}
2019-09-25 12:53:57,018 [pool-287-thread-1] INFO  storage.RaftStorage (RaftStorage.java:format(72)) - Storage directory /workdir/hadoop-ozone/ozonefs/target/test-dir/MiniOzoneClusterImpl-79bd19af-4891-4838-ac1c-38edf188a5a0/datanode-1/data/ratis/4ac6a950-c17e-4a50-b9a4-c5c48737dfc9 has been successfully formatted.
2019-09-25 12:53:57,018 [pool-287-thread-1] INFO  ratis.ContainerStateMachine (ContainerStateMachine.java:loadSnapshot(230)) - group-C5C48737DFC9: The snapshot info is null. Setting the last applied indexto:(t:0, i:~)
2019-09-25 12:53:57,018 [pool-287-thread-1] INFO  server.RaftServerConfigKeys (ConfUtils.java:logGet(43)) - raft.server.notification.no-leader.timeout = 120s (custom)
2019-09-25 12:53:57,018 [pool-287-thread-1] INFO  server.RaftServerConfigKeys (ConfUtils.java:logGet(43)) - raft.server.log.use.memory = false (default)
2019-09-25 12:53:57,018 [pool-287-thread-1] INFO  server.RaftServerConfigKeys (ConfUtils.java:logGet(43)) - raft.server.log.purge.gap = 1000000 (custom)
2019-09-25 12:53:57,018 [pool-287-thread-1] INFO  server.RaftServerConfigKeys (ConfUtils.java:logGet(43)) - raft.server.log.appender.buffer.byte-limit = 33554432 (custom)
2019-09-25 12:53:57,019 [pool-287-thread-1] INFO  server.RaftServerConfigKeys (ConfUtils.java:logGet(43)) - raft.server.log.segment.size.max = 1048576 (custom)
2019-09-25 12:53:57,019 [pool-287-thread-1] INFO  server.RaftServerConfigKeys (ConfUtils.java:logGet(43)) - raft.server.log.segment.cache.num.max = 2 (custom)
2019-09-25 12:53:57,019 [pool-287-thread-1] INFO  segmented.SegmentedRaftLogWorker (SegmentedRaftLogWorker.java:<init>(172)) - new 5380f2ea-b78f-45f9-b140-bf4307a3f3ad@group-C5C48737DFC9-SegmentedRaftLogWorker for RaftStorage:Storage Directory /workdir/hadoop-ozone/ozonefs/target/test-dir/MiniOzoneClusterImpl-79bd19af-4891-4838-ac1c-38edf188a5a0/datanode-1/data/ratis/4ac6a950-c17e-4a50-b9a4-c5c48737dfc9
2019-09-25 12:53:57,021 [pool-287-thread-1] INFO  server.RaftServerConfigKeys (ConfUtils.java:logGet(43)) - raft.server.log.queue.byte-limit = 2147483647 (custom)
2019-09-25 12:53:57,021 [pool-287-thread-1] INFO  server.RaftServerConfigKeys (ConfUtils.java:logGet(43)) - raft.server.log.queue.element-limit = 1024 (custom)
2019-09-25 12:53:57,021 [pool-287-thread-1] INFO  server.RaftServerConfigKeys (ConfUtils.java:logGet(43)) - raft.server.log.segment.size.max = 1048576 (custom)
2019-09-25 12:53:57,021 [pool-287-thread-1] INFO  server.RaftServerConfigKeys (ConfUtils.java:logGet(43)) - raft.server.log.preallocated.size = 16384 (custom)
2019-09-25 12:53:57,021 [pool-287-thread-1] INFO  server.RaftServerConfigKeys (ConfUtils.java:logGet(43)) - raft.server.log.write.buffer.size = 33554432 (custom)
2019-09-25 12:53:57,022 [pool-287-thread-1] INFO  server.RaftServerConfigKeys (ConfUtils.java:logGet(43)) - raft.server.log.force.sync.num = 128 (default)
2019-09-25 12:53:57,022 [pool-287-thread-1] INFO  server.RaftServerConfigKeys (ConfUtils.java:logGet(43)) - raft.server.log.statemachine.data.sync = true (default)
2019-09-25 12:53:57,022 [pool-287-thread-1] INFO  server.RaftServerConfigKeys (ConfUtils.java:logGet(43)) - raft.server.log.statemachine.data.sync.timeout = 10s (default)
2019-09-25 12:53:57,022 [pool-287-thread-1] INFO  server.RaftServerConfigKeys (ConfUtils.java:logGet(43)) - raft.server.log.statemachine.data.sync.timeout.retry = -1 (default)
2019-09-25 12:53:57,022 [pool-287-thread-1] INFO  server.RaftServerConfigKeys (ConfUtils.java:logGet(43)) - raft.server.log.statemachine.data.caching.enabled = true (custom)
2019-09-25 12:53:57,023 [pool-287-thread-1] INFO  segmented.SegmentedRaftLogWorker (SegmentedRaftLogWorker.java:lambda$new$0(132)) - 5380f2ea-b78f-45f9-b140-bf4307a3f3ad@group-C5C48737DFC9-SegmentedRaftLogWorker: flushIndex: setUnconditionally 0 -> -1
2019-09-25 12:53:57,023 [pool-287-thread-1] INFO  server.RaftServerConfigKeys (ConfUtils.java:logGet(43)) - raft.server.snapshot.auto.trigger.enabled = true (custom)
2019-09-25 12:53:57,023 [pool-287-thread-1] INFO  server.RaftServerConfigKeys (ConfUtils.java:logGet(43)) - raft.server.snapshot.auto.trigger.threshold = 10000 (custom)
2019-09-25 12:53:57,023 [pool-287-thread-1] INFO  server.RaftServerConfigKeys (ConfUtils.java:logGet(43)) - raft.server.snapshot.retention.num.files = 5 (custom)
2019-09-25 12:53:57,023 [pool-287-thread-1] INFO  server.RaftServerConfigKeys (ConfUtils.java:logGet(43)) - raft.server.retrycache.expirytime = 600000ms (custom)
2019-09-25 12:53:57,025 [pool-287-thread-1] INFO  impl.RaftServerImpl (RaftServerImpl.java:start(185)) - 5380f2ea-b78f-45f9-b140-bf4307a3f3ad@group-C5C48737DFC9: start as a follower, conf=-1: [5380f2ea-b78f-45f9-b140-bf4307a3f3ad:192.168.151.73:40469], old=null
2019-09-25 12:53:57,025 [pool-287-thread-1] INFO  impl.RaftServerImpl (RaftServerImpl.java:setRole(174)) - 5380f2ea-b78f-45f9-b140-bf4307a3f3ad@group-C5C48737DFC9: changes role from      null to FOLLOWER at term 0 for startAsFollower
2019-09-25 12:53:57,025 [pool-287-thread-1] INFO  impl.RoleInfo (RoleInfo.java:updateAndGet(143)) - 5380f2ea-b78f-45f9-b140-bf4307a3f3ad: start FollowerState
2019-09-25 12:53:57,026 [pool-287-thread-1] INFO  util.JmxRegister (JmxRegister.java:tryRegister(44)) - Successfully registered JMX Bean with object name Ratis:service=RaftServer,group=group-C5C48737DFC9,id=5380f2ea-b78f-45f9-b140-bf4307a3f3ad
2019-09-25 12:53:57,028 [RatisPipelineUtilsThread] INFO  pipeline.PipelineStateManager (PipelineStateManager.java:addPipeline(56)) - Created pipeline Pipeline[ Id: 4ac6a950-c17e-4a50-b9a4-c5c48737dfc9, Nodes: 5380f2ea-b78f-45f9-b140-bf4307a3f3ad{ip: 192.168.151.73, host: pr-hdds-1569-shd4m-3693607622, networkLocation: /default-rack, certSerialId: null}, Type:RATIS, Factor:ONE, State:OPEN]
2019-09-25 12:53:57,033 [grpc-default-executor-0] INFO  impl.RaftServerProxy (RaftServerProxy.java:addNew(89)) - 3c260395-8f43-46ed-9b5e-2de54f98c750: addNew group-D91EB8511BFF:[3c260395-8f43-46ed-9b5e-2de54f98c750:192.168.151.73:42307] returns group-D91EB8511BFF:java.util.concurrent.CompletableFuture@15963db9[Not completed]
2019-09-25 12:53:57,034 [pool-277-thread-1] INFO  impl.RaftServerImpl (RaftServerImpl.java:<init>(95)) - 3c260395-8f43-46ed-9b5e-2de54f98c750: new RaftServerImpl for group-D91EB8511BFF:[3c260395-8f43-46ed-9b5e-2de54f98c750:192.168.151.73:42307] with ContainerStateMachine:uninitialized
2019-09-25 12:53:57,034 [pool-277-thread-1] INFO  server.RaftServerConfigKeys (ConfUtils.java:logGet(43)) - raft.server.rpc.timeout.min = 5s (custom)
2019-09-25 12:53:57,035 [pool-277-thread-1] INFO  server.RaftServerConfigKeys (ConfUtils.java:logGet(43)) - raft.server.rpc.timeout.max = 5200ms (custom)
2019-09-25 12:53:57,035 [pool-277-thread-1] INFO  server.RaftServerConfigKeys (ConfUtils.java:logGet(43)) - raft.server.rpcslowness.timeout = 120s (custom)
2019-09-25 12:53:57,035 [pool-277-thread-1] INFO  server.RaftServerConfigKeys (ConfUtils.java:logGet(43)) - raft.server.sleep.deviation.threshold = 300 (default)
2019-09-25 12:53:57,035 [pool-277-thread-1] INFO  server.RaftServerConfigKeys (ConfUtils.java:logGet(43)) - raft.server.log.appender.install.snapshot.enabled = false (custom)
2019-09-25 12:53:57,035 [pool-277-thread-1] INFO  impl.RaftServerImpl (ServerState.java:<init>(103)) - 3c260395-8f43-46ed-9b5e-2de54f98c750@group-D91EB8511BFF: ConfigurationManager, init=-1: [3c260395-8f43-46ed-9b5e-2de54f98c750:192.168.151.73:42307], old=null, confs=<EMPTY_MAP>
2019-09-25 12:53:57,035 [pool-277-thread-1] INFO  server.RaftServerConfigKeys (ConfUtils.java:logGet(43)) - raft.server.storage.dir = [/workdir/hadoop-ozone/ozonefs/target/test-dir/MiniOzoneClusterImpl-79bd19af-4891-4838-ac1c-38edf188a5a0/datanode-0/data/ratis] (custom)
2019-09-25 12:53:57,036 [pool-277-thread-1] INFO  storage.RaftStorageDirectory (RaftStorageDirectory.java:analyzeStorage(246)) - The storage directory /workdir/hadoop-ozone/ozonefs/target/test-dir/MiniOzoneClusterImpl-79bd19af-4891-4838-ac1c-38edf188a5a0/datanode-0/data/ratis/0e5b3cad-41b3-4faf-8e2d-d91eb8511bff does not exist. Creating ...
2019-09-25 12:53:57,048 [pool-277-thread-1] INFO  storage.RaftStorageDirectory (RaftStorageDirectory.java:tryLock(328)) - Lock on /workdir/hadoop-ozone/ozonefs/target/test-dir/MiniOzoneClusterImpl-79bd19af-4891-4838-ac1c-38edf188a5a0/datanode-0/data/ratis/0e5b3cad-41b3-4faf-8e2d-d91eb8511bff/in_use.lock acquired by nodename 3512@pr-hdds-1569-shd4m-3693607622
2019-09-25 12:53:57,061 [pool-277-thread-1] INFO  storage.RaftStorage (RaftStorage.java:format(72)) - Storage directory /workdir/hadoop-ozone/ozonefs/target/test-dir/MiniOzoneClusterImpl-79bd19af-4891-4838-ac1c-38edf188a5a0/datanode-0/data/ratis/0e5b3cad-41b3-4faf-8e2d-d91eb8511bff has been successfully formatted.
2019-09-25 12:53:57,061 [pool-277-thread-1] INFO  ratis.ContainerStateMachine (ContainerStateMachine.java:loadSnapshot(230)) - group-D91EB8511BFF: The snapshot info is null. Setting the last applied indexto:(t:0, i:~)
2019-09-25 12:53:57,062 [pool-277-thread-1] INFO  server.RaftServerConfigKeys (ConfUtils.java:logGet(43)) - raft.server.notification.no-leader.timeout = 120s (custom)
2019-09-25 12:53:57,062 [pool-277-thread-1] INFO  server.RaftServerConfigKeys (ConfUtils.java:logGet(43)) - raft.server.log.use.memory = false (default)
2019-09-25 12:53:57,062 [pool-277-thread-1] INFO  server.RaftServerConfigKeys (ConfUtils.java:logGet(43)) - raft.server.log.purge.gap = 1000000 (custom)
2019-09-25 12:53:57,062 [pool-277-thread-1] INFO  server.RaftServerConfigKeys (ConfUtils.java:logGet(43)) - raft.server.log.appender.buffer.byte-limit = 33554432 (custom)
2019-09-25 12:53:57,062 [pool-277-thread-1] INFO  server.RaftServerConfigKeys (ConfUtils.java:logGet(43)) - raft.server.log.segment.size.max = 1048576 (custom)
2019-09-25 12:53:57,062 [pool-277-thread-1] INFO  server.RaftServerConfigKeys (ConfUtils.java:logGet(43)) - raft.server.log.segment.cache.num.max = 2 (custom)
2019-09-25 12:53:57,063 [pool-277-thread-1] INFO  segmented.SegmentedRaftLogWorker (SegmentedRaftLogWorker.java:<init>(172)) - new 3c260395-8f43-46ed-9b5e-2de54f98c750@group-D91EB8511BFF-SegmentedRaftLogWorker for RaftStorage:Storage Directory /workdir/hadoop-ozone/ozonefs/target/test-dir/MiniOzoneClusterImpl-79bd19af-4891-4838-ac1c-38edf188a5a0/datanode-0/data/ratis/0e5b3cad-41b3-4faf-8e2d-d91eb8511bff
2019-09-25 12:53:57,063 [pool-277-thread-1] INFO  server.RaftServerConfigKeys (ConfUtils.java:logGet(43)) - raft.server.log.queue.byte-limit = 2147483647 (custom)
2019-09-25 12:53:57,063 [pool-277-thread-1] INFO  server.RaftServerConfigKeys (ConfUtils.java:logGet(43)) - raft.server.log.queue.element-limit = 1024 (custom)
2019-09-25 12:53:57,063 [pool-277-thread-1] INFO  server.RaftServerConfigKeys (ConfUtils.java:logGet(43)) - raft.server.log.segment.size.max = 1048576 (custom)
2019-09-25 12:53:57,063 [pool-277-thread-1] INFO  server.RaftServerConfigKeys (ConfUtils.java:logGet(43)) - raft.server.log.preallocated.size = 16384 (custom)
2019-09-25 12:53:57,063 [pool-277-thread-1] INFO  server.RaftServerConfigKeys (ConfUtils.java:logGet(43)) - raft.server.log.write.buffer.size = 33554432 (custom)
2019-09-25 12:53:57,063 [pool-277-thread-1] INFO  server.RaftServerConfigKeys (ConfUtils.java:logGet(43)) - raft.server.log.force.sync.num = 128 (default)
2019-09-25 12:53:57,063 [pool-277-thread-1] INFO  server.RaftServerConfigKeys (ConfUtils.java:logGet(43)) - raft.server.log.statemachine.data.sync = true (default)
2019-09-25 12:53:57,064 [pool-277-thread-1] INFO  server.RaftServerConfigKeys (ConfUtils.java:logGet(43)) - raft.server.log.statemachine.data.sync.timeout = 10s (default)
2019-09-25 12:53:57,064 [pool-277-thread-1] INFO  server.RaftServerConfigKeys (ConfUtils.java:logGet(43)) - raft.server.log.statemachine.data.sync.timeout.retry = -1 (default)
2019-09-25 12:53:57,064 [pool-277-thread-1] INFO  server.RaftServerConfigKeys (ConfUtils.java:logGet(43)) - raft.server.log.statemachine.data.caching.enabled = true (custom)
2019-09-25 12:53:57,064 [pool-277-thread-1] INFO  segmented.SegmentedRaftLogWorker (SegmentedRaftLogWorker.java:lambda$new$0(132)) - 3c260395-8f43-46ed-9b5e-2de54f98c750@group-D91EB8511BFF-SegmentedRaftLogWorker: flushIndex: setUnconditionally 0 -> -1
2019-09-25 12:53:57,064 [pool-277-thread-1] INFO  server.RaftServerConfigKeys (ConfUtils.java:logGet(43)) - raft.server.snapshot.auto.trigger.enabled = true (custom)
2019-09-25 12:53:57,065 [pool-277-thread-1] INFO  server.RaftServerConfigKeys (ConfUtils.java:logGet(43)) - raft.server.snapshot.auto.trigger.threshold = 10000 (custom)
2019-09-25 12:53:57,065 [pool-277-thread-1] INFO  server.RaftServerConfigKeys (ConfUtils.java:logGet(43)) - raft.server.snapshot.retention.num.files = 5 (custom)
2019-09-25 12:53:57,065 [pool-277-thread-1] INFO  server.RaftServerConfigKeys (ConfUtils.java:logGet(43)) - raft.server.retrycache.expirytime = 600000ms (custom)
2019-09-25 12:53:57,066 [pool-277-thread-1] INFO  impl.RaftServerImpl (RaftServerImpl.java:start(185)) - 3c260395-8f43-46ed-9b5e-2de54f98c750@group-D91EB8511BFF: start as a follower, conf=-1: [3c260395-8f43-46ed-9b5e-2de54f98c750:192.168.151.73:42307], old=null
2019-09-25 12:53:57,067 [pool-277-thread-1] INFO  impl.RaftServerImpl (RaftServerImpl.java:setRole(174)) - 3c260395-8f43-46ed-9b5e-2de54f98c750@group-D91EB8511BFF: changes role from      null to FOLLOWER at term 0 for startAsFollower
2019-09-25 12:53:57,067 [pool-277-thread-1] INFO  impl.RoleInfo (RoleInfo.java:updateAndGet(143)) - 3c260395-8f43-46ed-9b5e-2de54f98c750: start FollowerState
2019-09-25 12:53:57,067 [pool-277-thread-1] INFO  util.JmxRegister (JmxRegister.java:tryRegister(44)) - Successfully registered JMX Bean with object name Ratis:service=RaftServer,group=group-D91EB8511BFF,id=3c260395-8f43-46ed-9b5e-2de54f98c750
2019-09-25 12:53:57,070 [RatisPipelineUtilsThread] INFO  pipeline.PipelineStateManager (PipelineStateManager.java:addPipeline(56)) - Created pipeline Pipeline[ Id: 0e5b3cad-41b3-4faf-8e2d-d91eb8511bff, Nodes: 3c260395-8f43-46ed-9b5e-2de54f98c750{ip: 192.168.151.73, host: pr-hdds-1569-shd4m-3693607622, networkLocation: /default-rack, certSerialId: null}, Type:RATIS, Factor:ONE, State:OPEN]
2019-09-25 12:53:57,075 [grpc-default-executor-0] INFO  impl.RaftServerProxy (RaftServerProxy.java:addNew(89)) - 3c260395-8f43-46ed-9b5e-2de54f98c750: addNew group-264620764987:[3c260395-8f43-46ed-9b5e-2de54f98c750:192.168.151.73:42307] returns group-264620764987:java.util.concurrent.CompletableFuture@2e71d9ce[Not completed]
2019-09-25 12:53:57,076 [pool-277-thread-1] INFO  impl.RaftServerImpl (RaftServerImpl.java:<init>(95)) - 3c260395-8f43-46ed-9b5e-2de54f98c750: new RaftServerImpl for group-264620764987:[3c260395-8f43-46ed-9b5e-2de54f98c750:192.168.151.73:42307] with ContainerStateMachine:uninitialized
2019-09-25 12:53:57,076 [pool-277-thread-1] INFO  server.RaftServerConfigKeys (ConfUtils.java:logGet(43)) - raft.server.rpc.timeout.min = 5s (custom)
2019-09-25 12:53:57,076 [pool-277-thread-1] INFO  server.RaftServerConfigKeys (ConfUtils.java:logGet(43)) - raft.server.rpc.timeout.max = 5200ms (custom)
2019-09-25 12:53:57,076 [pool-277-thread-1] INFO  server.RaftServerConfigKeys (ConfUtils.java:logGet(43)) - raft.server.rpcslowness.timeout = 120s (custom)
2019-09-25 12:53:57,076 [pool-277-thread-1] INFO  server.RaftServerConfigKeys (ConfUtils.java:logGet(43)) - raft.server.sleep.deviation.threshold = 300 (default)
2019-09-25 12:53:57,076 [pool-277-thread-1] INFO  server.RaftServerConfigKeys (ConfUtils.java:logGet(43)) - raft.server.log.appender.install.snapshot.enabled = false (custom)
2019-09-25 12:53:57,077 [pool-277-thread-1] INFO  impl.RaftServerImpl (ServerState.java:<init>(103)) - 3c260395-8f43-46ed-9b5e-2de54f98c750@group-264620764987: ConfigurationManager, init=-1: [3c260395-8f43-46ed-9b5e-2de54f98c750:192.168.151.73:42307], old=null, confs=<EMPTY_MAP>
2019-09-25 12:53:57,077 [pool-277-thread-1] INFO  server.RaftServerConfigKeys (ConfUtils.java:logGet(43)) - raft.server.storage.dir = [/workdir/hadoop-ozone/ozonefs/target/test-dir/MiniOzoneClusterImpl-79bd19af-4891-4838-ac1c-38edf188a5a0/datanode-0/data/ratis] (custom)
2019-09-25 12:53:57,077 [pool-277-thread-1] INFO  storage.RaftStorageDirectory (RaftStorageDirectory.java:analyzeStorage(246)) - The storage directory /workdir/hadoop-ozone/ozonefs/target/test-dir/MiniOzoneClusterImpl-79bd19af-4891-4838-ac1c-38edf188a5a0/datanode-0/data/ratis/68207e6b-3ff6-4a91-8346-264620764987 does not exist. Creating ...
2019-09-25 12:53:57,089 [pool-277-thread-1] INFO  storage.RaftStorageDirectory (RaftStorageDirectory.java:tryLock(328)) - Lock on /workdir/hadoop-ozone/ozonefs/target/test-dir/MiniOzoneClusterImpl-79bd19af-4891-4838-ac1c-38edf188a5a0/datanode-0/data/ratis/68207e6b-3ff6-4a91-8346-264620764987/in_use.lock acquired by nodename 3512@pr-hdds-1569-shd4m-3693607622
2019-09-25 12:53:57,102 [pool-277-thread-1] INFO  storage.RaftStorage (RaftStorage.java:format(72)) - Storage directory /workdir/hadoop-ozone/ozonefs/target/test-dir/MiniOzoneClusterImpl-79bd19af-4891-4838-ac1c-38edf188a5a0/datanode-0/data/ratis/68207e6b-3ff6-4a91-8346-264620764987 has been successfully formatted.
2019-09-25 12:53:57,102 [pool-277-thread-1] INFO  ratis.ContainerStateMachine (ContainerStateMachine.java:loadSnapshot(230)) - group-264620764987: The snapshot info is null. Setting the last applied indexto:(t:0, i:~)
2019-09-25 12:53:57,102 [pool-277-thread-1] INFO  server.RaftServerConfigKeys (ConfUtils.java:logGet(43)) - raft.server.notification.no-leader.timeout = 120s (custom)
2019-09-25 12:53:57,102 [pool-277-thread-1] INFO  server.RaftServerConfigKeys (ConfUtils.java:logGet(43)) - raft.server.log.use.memory = false (default)
2019-09-25 12:53:57,102 [pool-277-thread-1] INFO  server.RaftServerConfigKeys (ConfUtils.java:logGet(43)) - raft.server.log.purge.gap = 1000000 (custom)
2019-09-25 12:53:57,103 [pool-277-thread-1] INFO  server.RaftServerConfigKeys (ConfUtils.java:logGet(43)) - raft.server.log.appender.buffer.byte-limit = 33554432 (custom)
2019-09-25 12:53:57,103 [pool-277-thread-1] INFO  server.RaftServerConfigKeys (ConfUtils.java:logGet(43)) - raft.server.log.segment.size.max = 1048576 (custom)
2019-09-25 12:53:57,103 [pool-277-thread-1] INFO  server.RaftServerConfigKeys (ConfUtils.java:logGet(43)) - raft.server.log.segment.cache.num.max = 2 (custom)
2019-09-25 12:53:57,103 [pool-277-thread-1] INFO  segmented.SegmentedRaftLogWorker (SegmentedRaftLogWorker.java:<init>(172)) - new 3c260395-8f43-46ed-9b5e-2de54f98c750@group-264620764987-SegmentedRaftLogWorker for RaftStorage:Storage Directory /workdir/hadoop-ozone/ozonefs/target/test-dir/MiniOzoneClusterImpl-79bd19af-4891-4838-ac1c-38edf188a5a0/datanode-0/data/ratis/68207e6b-3ff6-4a91-8346-264620764987
2019-09-25 12:53:57,103 [pool-277-thread-1] INFO  server.RaftServerConfigKeys (ConfUtils.java:logGet(43)) - raft.server.log.queue.byte-limit = 2147483647 (custom)
2019-09-25 12:53:57,103 [pool-277-thread-1] INFO  server.RaftServerConfigKeys (ConfUtils.java:logGet(43)) - raft.server.log.queue.element-limit = 1024 (custom)
2019-09-25 12:53:57,103 [pool-277-thread-1] INFO  server.RaftServerConfigKeys (ConfUtils.java:logGet(43)) - raft.server.log.segment.size.max = 1048576 (custom)
2019-09-25 12:53:57,103 [pool-277-thread-1] INFO  server.RaftServerConfigKeys (ConfUtils.java:logGet(43)) - raft.server.log.preallocated.size = 16384 (custom)
2019-09-25 12:53:57,104 [pool-277-thread-1] INFO  server.RaftServerConfigKeys (ConfUtils.java:logGet(43)) - raft.server.log.write.buffer.size = 33554432 (custom)
2019-09-25 12:53:57,104 [pool-277-thread-1] INFO  server.RaftServerConfigKeys (ConfUtils.java:logGet(43)) - raft.server.log.force.sync.num = 128 (default)
2019-09-25 12:53:57,104 [pool-277-thread-1] INFO  server.RaftServerConfigKeys (ConfUtils.java:logGet(43)) - raft.server.log.statemachine.data.sync = true (default)
2019-09-25 12:53:57,104 [pool-277-thread-1] INFO  server.RaftServerConfigKeys (ConfUtils.java:logGet(43)) - raft.server.log.statemachine.data.sync.timeout = 10s (default)
2019-09-25 12:53:57,104 [pool-277-thread-1] INFO  server.RaftServerConfigKeys (ConfUtils.java:logGet(43)) - raft.server.log.statemachine.data.sync.timeout.retry = -1 (default)
2019-09-25 12:53:57,104 [pool-277-thread-1] INFO  server.RaftServerConfigKeys (ConfUtils.java:logGet(43)) - raft.server.log.statemachine.data.caching.enabled = true (custom)
2019-09-25 12:53:57,104 [pool-277-thread-1] INFO  segmented.SegmentedRaftLogWorker (SegmentedRaftLogWorker.java:lambda$new$0(132)) - 3c260395-8f43-46ed-9b5e-2de54f98c750@group-264620764987-SegmentedRaftLogWorker: flushIndex: setUnconditionally 0 -> -1
2019-09-25 12:53:57,105 [pool-277-thread-1] INFO  server.RaftServerConfigKeys (ConfUtils.java:logGet(43)) - raft.server.snapshot.auto.trigger.enabled = true (custom)
2019-09-25 12:53:57,105 [pool-277-thread-1] INFO  server.RaftServerConfigKeys (ConfUtils.java:logGet(43)) - raft.server.snapshot.auto.trigger.threshold = 10000 (custom)
2019-09-25 12:53:57,105 [pool-277-thread-1] INFO  server.RaftServerConfigKeys (ConfUtils.java:logGet(43)) - raft.server.snapshot.retention.num.files = 5 (custom)
2019-09-25 12:53:57,105 [pool-277-thread-1] INFO  server.RaftServerConfigKeys (ConfUtils.java:logGet(43)) - raft.server.retrycache.expirytime = 600000ms (custom)
2019-09-25 12:53:57,107 [pool-277-thread-1] INFO  impl.RaftServerImpl (RaftServerImpl.java:start(185)) - 3c260395-8f43-46ed-9b5e-2de54f98c750@group-264620764987: start as a follower, conf=-1: [3c260395-8f43-46ed-9b5e-2de54f98c750:192.168.151.73:42307], old=null
2019-09-25 12:53:57,107 [pool-277-thread-1] INFO  impl.RaftServerImpl (RaftServerImpl.java:setRole(174)) - 3c260395-8f43-46ed-9b5e-2de54f98c750@group-264620764987: changes role from      null to FOLLOWER at term 0 for startAsFollower
2019-09-25 12:53:57,107 [pool-277-thread-1] INFO  impl.RoleInfo (RoleInfo.java:updateAndGet(143)) - 3c260395-8f43-46ed-9b5e-2de54f98c750: start FollowerState
2019-09-25 12:53:57,107 [pool-277-thread-1] INFO  util.JmxRegister (JmxRegister.java:tryRegister(44)) - Successfully registered JMX Bean with object name Ratis:service=RaftServer,group=group-264620764987,id=3c260395-8f43-46ed-9b5e-2de54f98c750
2019-09-25 12:53:57,110 [RatisPipelineUtilsThread] INFO  pipeline.PipelineStateManager (PipelineStateManager.java:addPipeline(56)) - Created pipeline Pipeline[ Id: 68207e6b-3ff6-4a91-8346-264620764987, Nodes: 3c260395-8f43-46ed-9b5e-2de54f98c750{ip: 192.168.151.73, host: pr-hdds-1569-shd4m-3693607622, networkLocation: /default-rack, certSerialId: null}, Type:RATIS, Factor:ONE, State:OPEN]
2019-09-25 12:53:57,115 [grpc-default-executor-0] INFO  impl.RaftServerProxy (RaftServerProxy.java:addNew(89)) - 3c260395-8f43-46ed-9b5e-2de54f98c750: addNew group-03DA9CE5AF7F:[3c260395-8f43-46ed-9b5e-2de54f98c750:192.168.151.73:42307] returns group-03DA9CE5AF7F:java.util.concurrent.CompletableFuture@160adb71[Not completed]
2019-09-25 12:53:57,116 [pool-277-thread-1] INFO  impl.RaftServerImpl (RaftServerImpl.java:<init>(95)) - 3c260395-8f43-46ed-9b5e-2de54f98c750: new RaftServerImpl for group-03DA9CE5AF7F:[3c260395-8f43-46ed-9b5e-2de54f98c750:192.168.151.73:42307] with ContainerStateMachine:uninitialized
2019-09-25 12:53:57,116 [pool-277-thread-1] INFO  server.RaftServerConfigKeys (ConfUtils.java:logGet(43)) - raft.server.rpc.timeout.min = 5s (custom)
2019-09-25 12:53:57,116 [pool-277-thread-1] INFO  server.RaftServerConfigKeys (ConfUtils.java:logGet(43)) - raft.server.rpc.timeout.max = 5200ms (custom)
2019-09-25 12:53:57,116 [pool-277-thread-1] INFO  server.RaftServerConfigKeys (ConfUtils.java:logGet(43)) - raft.server.rpcslowness.timeout = 120s (custom)
2019-09-25 12:53:57,117 [pool-277-thread-1] INFO  server.RaftServerConfigKeys (ConfUtils.java:logGet(43)) - raft.server.sleep.deviation.threshold = 300 (default)
2019-09-25 12:53:57,117 [pool-277-thread-1] INFO  server.RaftServerConfigKeys (ConfUtils.java:logGet(43)) - raft.server.log.appender.install.snapshot.enabled = false (custom)
2019-09-25 12:53:57,117 [pool-277-thread-1] INFO  impl.RaftServerImpl (ServerState.java:<init>(103)) - 3c260395-8f43-46ed-9b5e-2de54f98c750@group-03DA9CE5AF7F: ConfigurationManager, init=-1: [3c260395-8f43-46ed-9b5e-2de54f98c750:192.168.151.73:42307], old=null, confs=<EMPTY_MAP>
2019-09-25 12:53:57,117 [pool-277-thread-1] INFO  server.RaftServerConfigKeys (ConfUtils.java:logGet(43)) - raft.server.storage.dir = [/workdir/hadoop-ozone/ozonefs/target/test-dir/MiniOzoneClusterImpl-79bd19af-4891-4838-ac1c-38edf188a5a0/datanode-0/data/ratis] (custom)
2019-09-25 12:53:57,117 [pool-277-thread-1] INFO  storage.RaftStorageDirectory (RaftStorageDirectory.java:analyzeStorage(246)) - The storage directory /workdir/hadoop-ozone/ozonefs/target/test-dir/MiniOzoneClusterImpl-79bd19af-4891-4838-ac1c-38edf188a5a0/datanode-0/data/ratis/3514cb72-38fc-41da-9b06-03da9ce5af7f does not exist. Creating ...
2019-09-25 12:53:57,128 [pool-277-thread-1] INFO  storage.RaftStorageDirectory (RaftStorageDirectory.java:tryLock(328)) - Lock on /workdir/hadoop-ozone/ozonefs/target/test-dir/MiniOzoneClusterImpl-79bd19af-4891-4838-ac1c-38edf188a5a0/datanode-0/data/ratis/3514cb72-38fc-41da-9b06-03da9ce5af7f/in_use.lock acquired by nodename 3512@pr-hdds-1569-shd4m-3693607622
2019-09-25 12:53:57,140 [pool-277-thread-1] INFO  storage.RaftStorage (RaftStorage.java:format(72)) - Storage directory /workdir/hadoop-ozone/ozonefs/target/test-dir/MiniOzoneClusterImpl-79bd19af-4891-4838-ac1c-38edf188a5a0/datanode-0/data/ratis/3514cb72-38fc-41da-9b06-03da9ce5af7f has been successfully formatted.
2019-09-25 12:53:57,140 [pool-277-thread-1] INFO  ratis.ContainerStateMachine (ContainerStateMachine.java:loadSnapshot(230)) - group-03DA9CE5AF7F: The snapshot info is null. Setting the last applied indexto:(t:0, i:~)
2019-09-25 12:53:57,140 [pool-277-thread-1] INFO  server.RaftServerConfigKeys (ConfUtils.java:logGet(43)) - raft.server.notification.no-leader.timeout = 120s (custom)
2019-09-25 12:53:57,140 [pool-277-thread-1] INFO  server.RaftServerConfigKeys (ConfUtils.java:logGet(43)) - raft.server.log.use.memory = false (default)
2019-09-25 12:53:57,140 [pool-277-thread-1] INFO  server.RaftServerConfigKeys (ConfUtils.java:logGet(43)) - raft.server.log.purge.gap = 1000000 (custom)
2019-09-25 12:53:57,140 [pool-277-thread-1] INFO  server.RaftServerConfigKeys (ConfUtils.java:logGet(43)) - raft.server.log.appender.buffer.byte-limit = 33554432 (custom)
2019-09-25 12:53:57,140 [pool-277-thread-1] INFO  server.RaftServerConfigKeys (ConfUtils.java:logGet(43)) - raft.server.log.segment.size.max = 1048576 (custom)
2019-09-25 12:53:57,141 [pool-277-thread-1] INFO  server.RaftServerConfigKeys (ConfUtils.java:logGet(43)) - raft.server.log.segment.cache.num.max = 2 (custom)
2019-09-25 12:53:57,141 [pool-277-thread-1] INFO  segmented.SegmentedRaftLogWorker (SegmentedRaftLogWorker.java:<init>(172)) - new 3c260395-8f43-46ed-9b5e-2de54f98c750@group-03DA9CE5AF7F-SegmentedRaftLogWorker for RaftStorage:Storage Directory /workdir/hadoop-ozone/ozonefs/target/test-dir/MiniOzoneClusterImpl-79bd19af-4891-4838-ac1c-38edf188a5a0/datanode-0/data/ratis/3514cb72-38fc-41da-9b06-03da9ce5af7f
2019-09-25 12:53:57,141 [pool-277-thread-1] INFO  server.RaftServerConfigKeys (ConfUtils.java:logGet(43)) - raft.server.log.queue.byte-limit = 2147483647 (custom)
2019-09-25 12:53:57,141 [pool-277-thread-1] INFO  server.RaftServerConfigKeys (ConfUtils.java:logGet(43)) - raft.server.log.queue.element-limit = 1024 (custom)
2019-09-25 12:53:57,141 [pool-277-thread-1] INFO  server.RaftServerConfigKeys (ConfUtils.java:logGet(43)) - raft.server.log.segment.size.max = 1048576 (custom)
2019-09-25 12:53:57,141 [pool-277-thread-1] INFO  server.RaftServerConfigKeys (ConfUtils.java:logGet(43)) - raft.server.log.preallocated.size = 16384 (custom)
2019-09-25 12:53:57,141 [pool-277-thread-1] INFO  server.RaftServerConfigKeys (ConfUtils.java:logGet(43)) - raft.server.log.write.buffer.size = 33554432 (custom)
2019-09-25 12:53:57,141 [pool-277-thread-1] INFO  server.RaftServerConfigKeys (ConfUtils.java:logGet(43)) - raft.server.log.force.sync.num = 128 (default)
2019-09-25 12:53:57,142 [pool-277-thread-1] INFO  server.RaftServerConfigKeys (ConfUtils.java:logGet(43)) - raft.server.log.statemachine.data.sync = true (default)
2019-09-25 12:53:57,142 [pool-277-thread-1] INFO  server.RaftServerConfigKeys (ConfUtils.java:logGet(43)) - raft.server.log.statemachine.data.sync.timeout = 10s (default)
2019-09-25 12:53:57,142 [pool-277-thread-1] INFO  server.RaftServerConfigKeys (ConfUtils.java:logGet(43)) - raft.server.log.statemachine.data.sync.timeout.retry = -1 (default)
2019-09-25 12:53:57,142 [pool-277-thread-1] INFO  server.RaftServerConfigKeys (ConfUtils.java:logGet(43)) - raft.server.log.statemachine.data.caching.enabled = true (custom)
2019-09-25 12:53:57,142 [pool-277-thread-1] INFO  segmented.SegmentedRaftLogWorker (SegmentedRaftLogWorker.java:lambda$new$0(132)) - 3c260395-8f43-46ed-9b5e-2de54f98c750@group-03DA9CE5AF7F-SegmentedRaftLogWorker: flushIndex: setUnconditionally 0 -> -1
2019-09-25 12:53:57,142 [pool-277-thread-1] INFO  server.RaftServerConfigKeys (ConfUtils.java:logGet(43)) - raft.server.snapshot.auto.trigger.enabled = true (custom)
2019-09-25 12:53:57,143 [pool-277-thread-1] INFO  server.RaftServerConfigKeys (ConfUtils.java:logGet(43)) - raft.server.snapshot.auto.trigger.threshold = 10000 (custom)
2019-09-25 12:53:57,143 [pool-277-thread-1] INFO  server.RaftServerConfigKeys (ConfUtils.java:logGet(43)) - raft.server.snapshot.retention.num.files = 5 (custom)
2019-09-25 12:53:57,143 [pool-277-thread-1] INFO  server.RaftServerConfigKeys (ConfUtils.java:logGet(43)) - raft.server.retrycache.expirytime = 600000ms (custom)
2019-09-25 12:53:57,144 [pool-277-thread-1] INFO  impl.RaftServerImpl (RaftServerImpl.java:start(185)) - 3c260395-8f43-46ed-9b5e-2de54f98c750@group-03DA9CE5AF7F: start as a follower, conf=-1: [3c260395-8f43-46ed-9b5e-2de54f98c750:192.168.151.73:42307], old=null
2019-09-25 12:53:57,144 [pool-277-thread-1] INFO  impl.RaftServerImpl (RaftServerImpl.java:setRole(174)) - 3c260395-8f43-46ed-9b5e-2de54f98c750@group-03DA9CE5AF7F: changes role from      null to FOLLOWER at term 0 for startAsFollower
2019-09-25 12:53:57,145 [pool-277-thread-1] INFO  impl.RoleInfo (RoleInfo.java:updateAndGet(143)) - 3c260395-8f43-46ed-9b5e-2de54f98c750: start FollowerState
2019-09-25 12:53:57,145 [pool-277-thread-1] INFO  util.JmxRegister (JmxRegister.java:tryRegister(44)) - Successfully registered JMX Bean with object name Ratis:service=RaftServer,group=group-03DA9CE5AF7F,id=3c260395-8f43-46ed-9b5e-2de54f98c750
2019-09-25 12:53:57,148 [RatisPipelineUtilsThread] INFO  pipeline.PipelineStateManager (PipelineStateManager.java:addPipeline(56)) - Created pipeline Pipeline[ Id: 3514cb72-38fc-41da-9b06-03da9ce5af7f, Nodes: 3c260395-8f43-46ed-9b5e-2de54f98c750{ip: 192.168.151.73, host: pr-hdds-1569-shd4m-3693607622, networkLocation: /default-rack, certSerialId: null}, Type:RATIS, Factor:ONE, State:OPEN]
2019-09-25 12:53:57,156 [grpc-default-executor-0] INFO  impl.RaftServerProxy (RaftServerProxy.java:addNew(89)) - a3c64651-fa92-44ac-be08-fa4b080bd23f: addNew group-95DCB7035392:[a3c64651-fa92-44ac-be08-fa4b080bd23f:192.168.151.73:44285] returns group-95DCB7035392:java.util.concurrent.CompletableFuture@1388d7a[Not completed]
2019-09-25 12:53:57,157 [pool-297-thread-1] INFO  impl.RaftServerImpl (RaftServerImpl.java:<init>(95)) - a3c64651-fa92-44ac-be08-fa4b080bd23f: new RaftServerImpl for group-95DCB7035392:[a3c64651-fa92-44ac-be08-fa4b080bd23f:192.168.151.73:44285] with ContainerStateMachine:uninitialized
2019-09-25 12:53:57,158 [pool-297-thread-1] INFO  server.RaftServerConfigKeys (ConfUtils.java:logGet(43)) - raft.server.rpc.timeout.min = 5s (custom)
2019-09-25 12:53:57,158 [pool-297-thread-1] INFO  server.RaftServerConfigKeys (ConfUtils.java:logGet(43)) - raft.server.rpc.timeout.max = 5200ms (custom)
2019-09-25 12:53:57,158 [pool-297-thread-1] INFO  server.RaftServerConfigKeys (ConfUtils.java:logGet(43)) - raft.server.rpcslowness.timeout = 120s (custom)
2019-09-25 12:53:57,158 [pool-297-thread-1] INFO  server.RaftServerConfigKeys (ConfUtils.java:logGet(43)) - raft.server.sleep.deviation.threshold = 300 (default)
2019-09-25 12:53:57,158 [pool-297-thread-1] INFO  server.RaftServerConfigKeys (ConfUtils.java:logGet(43)) - raft.server.log.appender.install.snapshot.enabled = false (custom)
2019-09-25 12:53:57,158 [pool-297-thread-1] INFO  impl.RaftServerImpl (ServerState.java:<init>(103)) - a3c64651-fa92-44ac-be08-fa4b080bd23f@group-95DCB7035392: ConfigurationManager, init=-1: [a3c64651-fa92-44ac-be08-fa4b080bd23f:192.168.151.73:44285], old=null, confs=<EMPTY_MAP>
2019-09-25 12:53:57,158 [pool-297-thread-1] INFO  server.RaftServerConfigKeys (ConfUtils.java:logGet(43)) - raft.server.storage.dir = [/workdir/hadoop-ozone/ozonefs/target/test-dir/MiniOzoneClusterImpl-79bd19af-4891-4838-ac1c-38edf188a5a0/datanode-2/data/ratis] (custom)
2019-09-25 12:53:57,159 [pool-297-thread-1] INFO  storage.RaftStorageDirectory (RaftStorageDirectory.java:analyzeStorage(246)) - The storage directory /workdir/hadoop-ozone/ozonefs/target/test-dir/MiniOzoneClusterImpl-79bd19af-4891-4838-ac1c-38edf188a5a0/datanode-2/data/ratis/d4a463e1-ebed-4fa7-9a3d-95dcb7035392 does not exist. Creating ...
2019-09-25 12:53:57,163 [pool-297-thread-1] INFO  storage.RaftStorageDirectory (RaftStorageDirectory.java:tryLock(328)) - Lock on /workdir/hadoop-ozone/ozonefs/target/test-dir/MiniOzoneClusterImpl-79bd19af-4891-4838-ac1c-38edf188a5a0/datanode-2/data/ratis/d4a463e1-ebed-4fa7-9a3d-95dcb7035392/in_use.lock acquired by nodename 3512@pr-hdds-1569-shd4m-3693607622
2019-09-25 12:53:57,174 [pool-297-thread-1] INFO  storage.RaftStorage (RaftStorage.java:format(72)) - Storage directory /workdir/hadoop-ozone/ozonefs/target/test-dir/MiniOzoneClusterImpl-79bd19af-4891-4838-ac1c-38edf188a5a0/datanode-2/data/ratis/d4a463e1-ebed-4fa7-9a3d-95dcb7035392 has been successfully formatted.
2019-09-25 12:53:57,174 [pool-297-thread-1] INFO  ratis.ContainerStateMachine (ContainerStateMachine.java:loadSnapshot(230)) - group-95DCB7035392: The snapshot info is null. Setting the last applied indexto:(t:0, i:~)
2019-09-25 12:53:57,174 [pool-297-thread-1] INFO  server.RaftServerConfigKeys (ConfUtils.java:logGet(43)) - raft.server.notification.no-leader.timeout = 120s (custom)
2019-09-25 12:53:57,174 [pool-297-thread-1] INFO  server.RaftServerConfigKeys (ConfUtils.java:logGet(43)) - raft.server.log.use.memory = false (default)
2019-09-25 12:53:57,175 [pool-297-thread-1] INFO  server.RaftServerConfigKeys (ConfUtils.java:logGet(43)) - raft.server.log.purge.gap = 1000000 (custom)
2019-09-25 12:53:57,175 [pool-297-thread-1] INFO  server.RaftServerConfigKeys (ConfUtils.java:logGet(43)) - raft.server.log.appender.buffer.byte-limit = 33554432 (custom)
2019-09-25 12:53:57,175 [pool-297-thread-1] INFO  server.RaftServerConfigKeys (ConfUtils.java:logGet(43)) - raft.server.log.segment.size.max = 1048576 (custom)
2019-09-25 12:53:57,175 [pool-297-thread-1] INFO  server.RaftServerConfigKeys (ConfUtils.java:logGet(43)) - raft.server.log.segment.cache.num.max = 2 (custom)
2019-09-25 12:53:57,175 [pool-297-thread-1] INFO  segmented.SegmentedRaftLogWorker (SegmentedRaftLogWorker.java:<init>(172)) - new a3c64651-fa92-44ac-be08-fa4b080bd23f@group-95DCB7035392-SegmentedRaftLogWorker for RaftStorage:Storage Directory /workdir/hadoop-ozone/ozonefs/target/test-dir/MiniOzoneClusterImpl-79bd19af-4891-4838-ac1c-38edf188a5a0/datanode-2/data/ratis/d4a463e1-ebed-4fa7-9a3d-95dcb7035392
2019-09-25 12:53:57,177 [pool-297-thread-1] INFO  server.RaftServerConfigKeys (ConfUtils.java:logGet(43)) - raft.server.log.queue.byte-limit = 2147483647 (custom)
2019-09-25 12:53:57,177 [pool-297-thread-1] INFO  server.RaftServerConfigKeys (ConfUtils.java:logGet(43)) - raft.server.log.queue.element-limit = 1024 (custom)
2019-09-25 12:53:57,177 [pool-297-thread-1] INFO  server.RaftServerConfigKeys (ConfUtils.java:logGet(43)) - raft.server.log.segment.size.max = 1048576 (custom)
2019-09-25 12:53:57,178 [pool-297-thread-1] INFO  server.RaftServerConfigKeys (ConfUtils.java:logGet(43)) - raft.server.log.preallocated.size = 16384 (custom)
2019-09-25 12:53:57,178 [pool-297-thread-1] INFO  server.RaftServerConfigKeys (ConfUtils.java:logGet(43)) - raft.server.log.write.buffer.size = 33554432 (custom)
2019-09-25 12:53:57,178 [pool-297-thread-1] INFO  server.RaftServerConfigKeys (ConfUtils.java:logGet(43)) - raft.server.log.force.sync.num = 128 (default)
2019-09-25 12:53:57,178 [pool-297-thread-1] INFO  server.RaftServerConfigKeys (ConfUtils.java:logGet(43)) - raft.server.log.statemachine.data.sync = true (default)
2019-09-25 12:53:57,178 [pool-297-thread-1] INFO  server.RaftServerConfigKeys (ConfUtils.java:logGet(43)) - raft.server.log.statemachine.data.sync.timeout = 10s (default)
2019-09-25 12:53:57,178 [pool-297-thread-1] INFO  server.RaftServerConfigKeys (ConfUtils.java:logGet(43)) - raft.server.log.statemachine.data.sync.timeout.retry = -1 (default)
2019-09-25 12:53:57,179 [pool-297-thread-1] INFO  server.RaftServerConfigKeys (ConfUtils.java:logGet(43)) - raft.server.log.statemachine.data.caching.enabled = true (custom)
2019-09-25 12:53:57,179 [pool-297-thread-1] INFO  segmented.SegmentedRaftLogWorker (SegmentedRaftLogWorker.java:lambda$new$0(132)) - a3c64651-fa92-44ac-be08-fa4b080bd23f@group-95DCB7035392-SegmentedRaftLogWorker: flushIndex: setUnconditionally 0 -> -1
2019-09-25 12:53:57,179 [pool-297-thread-1] INFO  server.RaftServerConfigKeys (ConfUtils.java:logGet(43)) - raft.server.snapshot.auto.trigger.enabled = true (custom)
2019-09-25 12:53:57,179 [pool-297-thread-1] INFO  server.RaftServerConfigKeys (ConfUtils.java:logGet(43)) - raft.server.snapshot.auto.trigger.threshold = 10000 (custom)
2019-09-25 12:53:57,179 [pool-297-thread-1] INFO  server.RaftServerConfigKeys (ConfUtils.java:logGet(43)) - raft.server.snapshot.retention.num.files = 5 (custom)
2019-09-25 12:53:57,180 [pool-297-thread-1] INFO  server.RaftServerConfigKeys (ConfUtils.java:logGet(43)) - raft.server.retrycache.expirytime = 600000ms (custom)
2019-09-25 12:53:57,181 [pool-297-thread-1] INFO  impl.RaftServerImpl (RaftServerImpl.java:start(185)) - a3c64651-fa92-44ac-be08-fa4b080bd23f@group-95DCB7035392: start as a follower, conf=-1: [a3c64651-fa92-44ac-be08-fa4b080bd23f:192.168.151.73:44285], old=null
2019-09-25 12:53:57,181 [pool-297-thread-1] INFO  impl.RaftServerImpl (RaftServerImpl.java:setRole(174)) - a3c64651-fa92-44ac-be08-fa4b080bd23f@group-95DCB7035392: changes role from      null to FOLLOWER at term 0 for startAsFollower
2019-09-25 12:53:57,182 [pool-297-thread-1] INFO  impl.RoleInfo (RoleInfo.java:updateAndGet(143)) - a3c64651-fa92-44ac-be08-fa4b080bd23f: start FollowerState
2019-09-25 12:53:57,182 [pool-297-thread-1] INFO  util.JmxRegister (JmxRegister.java:tryRegister(44)) - Successfully registered JMX Bean with object name Ratis:service=RaftServer,group=group-95DCB7035392,id=a3c64651-fa92-44ac-be08-fa4b080bd23f
2019-09-25 12:53:57,185 [RatisPipelineUtilsThread] INFO  pipeline.PipelineStateManager (PipelineStateManager.java:addPipeline(56)) - Created pipeline Pipeline[ Id: d4a463e1-ebed-4fa7-9a3d-95dcb7035392, Nodes: a3c64651-fa92-44ac-be08-fa4b080bd23f{ip: 192.168.151.73, host: pr-hdds-1569-shd4m-3693607622, networkLocation: /default-rack, certSerialId: null}, Type:RATIS, Factor:ONE, State:OPEN]
2019-09-25 12:53:57,190 [grpc-default-executor-0] INFO  impl.RaftServerProxy (RaftServerProxy.java:addNew(89)) - 5380f2ea-b78f-45f9-b140-bf4307a3f3ad: addNew group-27FC373992E4:[5380f2ea-b78f-45f9-b140-bf4307a3f3ad:192.168.151.73:40469] returns group-27FC373992E4:java.util.concurrent.CompletableFuture@713c1862[Not completed]
2019-09-25 12:53:57,191 [pool-287-thread-1] INFO  impl.RaftServerImpl (RaftServerImpl.java:<init>(95)) - 5380f2ea-b78f-45f9-b140-bf4307a3f3ad: new RaftServerImpl for group-27FC373992E4:[5380f2ea-b78f-45f9-b140-bf4307a3f3ad:192.168.151.73:40469] with ContainerStateMachine:uninitialized
2019-09-25 12:53:57,191 [pool-287-thread-1] INFO  server.RaftServerConfigKeys (ConfUtils.java:logGet(43)) - raft.server.rpc.timeout.min = 5s (custom)
2019-09-25 12:53:57,191 [pool-287-thread-1] INFO  server.RaftServerConfigKeys (ConfUtils.java:logGet(43)) - raft.server.rpc.timeout.max = 5200ms (custom)
2019-09-25 12:53:57,191 [pool-287-thread-1] INFO  server.RaftServerConfigKeys (ConfUtils.java:logGet(43)) - raft.server.rpcslowness.timeout = 120s (custom)
2019-09-25 12:53:57,192 [pool-287-thread-1] INFO  server.RaftServerConfigKeys (ConfUtils.java:logGet(43)) - raft.server.sleep.deviation.threshold = 300 (default)
2019-09-25 12:53:57,192 [pool-287-thread-1] INFO  server.RaftServerConfigKeys (ConfUtils.java:logGet(43)) - raft.server.log.appender.install.snapshot.enabled = false (custom)
2019-09-25 12:53:57,192 [pool-287-thread-1] INFO  impl.RaftServerImpl (ServerState.java:<init>(103)) - 5380f2ea-b78f-45f9-b140-bf4307a3f3ad@group-27FC373992E4: ConfigurationManager, init=-1: [5380f2ea-b78f-45f9-b140-bf4307a3f3ad:192.168.151.73:40469], old=null, confs=<EMPTY_MAP>
2019-09-25 12:53:57,192 [pool-287-thread-1] INFO  server.RaftServerConfigKeys (ConfUtils.java:logGet(43)) - raft.server.storage.dir = [/workdir/hadoop-ozone/ozonefs/target/test-dir/MiniOzoneClusterImpl-79bd19af-4891-4838-ac1c-38edf188a5a0/datanode-1/data/ratis] (custom)
2019-09-25 12:53:57,192 [pool-287-thread-1] INFO  storage.RaftStorageDirectory (RaftStorageDirectory.java:analyzeStorage(246)) - The storage directory /workdir/hadoop-ozone/ozonefs/target/test-dir/MiniOzoneClusterImpl-79bd19af-4891-4838-ac1c-38edf188a5a0/datanode-1/data/ratis/e1a28de4-87e9-45d7-b403-27fc373992e4 does not exist. Creating ...
2019-09-25 12:53:57,213 [pool-287-thread-1] INFO  storage.RaftStorageDirectory (RaftStorageDirectory.java:tryLock(328)) - Lock on /workdir/hadoop-ozone/ozonefs/target/test-dir/MiniOzoneClusterImpl-79bd19af-4891-4838-ac1c-38edf188a5a0/datanode-1/data/ratis/e1a28de4-87e9-45d7-b403-27fc373992e4/in_use.lock acquired by nodename 3512@pr-hdds-1569-shd4m-3693607622
2019-09-25 12:53:57,228 [pool-287-thread-1] INFO  storage.RaftStorage (RaftStorage.java:format(72)) - Storage directory /workdir/hadoop-ozone/ozonefs/target/test-dir/MiniOzoneClusterImpl-79bd19af-4891-4838-ac1c-38edf188a5a0/datanode-1/data/ratis/e1a28de4-87e9-45d7-b403-27fc373992e4 has been successfully formatted.
2019-09-25 12:53:57,229 [pool-287-thread-1] INFO  ratis.ContainerStateMachine (ContainerStateMachine.java:loadSnapshot(230)) - group-27FC373992E4: The snapshot info is null. Setting the last applied indexto:(t:0, i:~)
2019-09-25 12:53:57,229 [pool-287-thread-1] INFO  server.RaftServerConfigKeys (ConfUtils.java:logGet(43)) - raft.server.notification.no-leader.timeout = 120s (custom)
2019-09-25 12:53:57,229 [pool-287-thread-1] INFO  server.RaftServerConfigKeys (ConfUtils.java:logGet(43)) - raft.server.log.use.memory = false (default)
2019-09-25 12:53:57,229 [pool-287-thread-1] INFO  server.RaftServerConfigKeys (ConfUtils.java:logGet(43)) - raft.server.log.purge.gap = 1000000 (custom)
2019-09-25 12:53:57,229 [pool-287-thread-1] INFO  server.RaftServerConfigKeys (ConfUtils.java:logGet(43)) - raft.server.log.appender.buffer.byte-limit = 33554432 (custom)
2019-09-25 12:53:57,229 [pool-287-thread-1] INFO  server.RaftServerConfigKeys (ConfUtils.java:logGet(43)) - raft.server.log.segment.size.max = 1048576 (custom)
2019-09-25 12:53:57,230 [pool-287-thread-1] INFO  server.RaftServerConfigKeys (ConfUtils.java:logGet(43)) - raft.server.log.segment.cache.num.max = 2 (custom)
2019-09-25 12:53:57,230 [pool-287-thread-1] INFO  segmented.SegmentedRaftLogWorker (SegmentedRaftLogWorker.java:<init>(172)) - new 5380f2ea-b78f-45f9-b140-bf4307a3f3ad@group-27FC373992E4-SegmentedRaftLogWorker for RaftStorage:Storage Directory /workdir/hadoop-ozone/ozonefs/target/test-dir/MiniOzoneClusterImpl-79bd19af-4891-4838-ac1c-38edf188a5a0/datanode-1/data/ratis/e1a28de4-87e9-45d7-b403-27fc373992e4
2019-09-25 12:53:57,230 [pool-287-thread-1] INFO  server.RaftServerConfigKeys (ConfUtils.java:logGet(43)) - raft.server.log.queue.byte-limit = 2147483647 (custom)
2019-09-25 12:53:57,230 [pool-287-thread-1] INFO  server.RaftServerConfigKeys (ConfUtils.java:logGet(43)) - raft.server.log.queue.element-limit = 1024 (custom)
2019-09-25 12:53:57,230 [pool-287-thread-1] INFO  server.RaftServerConfigKeys (ConfUtils.java:logGet(43)) - raft.server.log.segment.size.max = 1048576 (custom)
2019-09-25 12:53:57,230 [pool-287-thread-1] INFO  server.RaftServerConfigKeys (ConfUtils.java:logGet(43)) - raft.server.log.preallocated.size = 16384 (custom)
2019-09-25 12:53:57,231 [pool-287-thread-1] INFO  server.RaftServerConfigKeys (ConfUtils.java:logGet(43)) - raft.server.log.write.buffer.size = 33554432 (custom)
2019-09-25 12:53:57,231 [pool-287-thread-1] INFO  server.RaftServerConfigKeys (ConfUtils.java:logGet(43)) - raft.server.log.force.sync.num = 128 (default)
2019-09-25 12:53:57,231 [pool-287-thread-1] INFO  server.RaftServerConfigKeys (ConfUtils.java:logGet(43)) - raft.server.log.statemachine.data.sync = true (default)
2019-09-25 12:53:57,231 [pool-287-thread-1] INFO  server.RaftServerConfigKeys (ConfUtils.java:logGet(43)) - raft.server.log.statemachine.data.sync.timeout = 10s (default)
2019-09-25 12:53:57,231 [pool-287-thread-1] INFO  server.RaftServerConfigKeys (ConfUtils.java:logGet(43)) - raft.server.log.statemachine.data.sync.timeout.retry = -1 (default)
2019-09-25 12:53:57,231 [pool-287-thread-1] INFO  server.RaftServerConfigKeys (ConfUtils.java:logGet(43)) - raft.server.log.statemachine.data.caching.enabled = true (custom)
2019-09-25 12:53:57,232 [pool-287-thread-1] INFO  segmented.SegmentedRaftLogWorker (SegmentedRaftLogWorker.java:lambda$new$0(132)) - 5380f2ea-b78f-45f9-b140-bf4307a3f3ad@group-27FC373992E4-SegmentedRaftLogWorker: flushIndex: setUnconditionally 0 -> -1
2019-09-25 12:53:57,232 [pool-287-thread-1] INFO  server.RaftServerConfigKeys (ConfUtils.java:logGet(43)) - raft.server.snapshot.auto.trigger.enabled = true (custom)
2019-09-25 12:53:57,232 [pool-287-thread-1] INFO  server.RaftServerConfigKeys (ConfUtils.java:logGet(43)) - raft.server.snapshot.auto.trigger.threshold = 10000 (custom)
2019-09-25 12:53:57,232 [pool-287-thread-1] INFO  server.RaftServerConfigKeys (ConfUtils.java:logGet(43)) - raft.server.snapshot.retention.num.files = 5 (custom)
2019-09-25 12:53:57,232 [pool-287-thread-1] INFO  server.RaftServerConfigKeys (ConfUtils.java:logGet(43)) - raft.server.retrycache.expirytime = 600000ms (custom)
2019-09-25 12:53:57,234 [pool-287-thread-1] INFO  impl.RaftServerImpl (RaftServerImpl.java:start(185)) - 5380f2ea-b78f-45f9-b140-bf4307a3f3ad@group-27FC373992E4: start as a follower, conf=-1: [5380f2ea-b78f-45f9-b140-bf4307a3f3ad:192.168.151.73:40469], old=null
2019-09-25 12:53:57,235 [pool-287-thread-1] INFO  impl.RaftServerImpl (RaftServerImpl.java:setRole(174)) - 5380f2ea-b78f-45f9-b140-bf4307a3f3ad@group-27FC373992E4: changes role from      null to FOLLOWER at term 0 for startAsFollower
2019-09-25 12:53:57,235 [pool-287-thread-1] INFO  impl.RoleInfo (RoleInfo.java:updateAndGet(143)) - 5380f2ea-b78f-45f9-b140-bf4307a3f3ad: start FollowerState
2019-09-25 12:53:57,235 [pool-287-thread-1] INFO  util.JmxRegister (JmxRegister.java:tryRegister(44)) - Successfully registered JMX Bean with object name Ratis:service=RaftServer,group=group-27FC373992E4,id=5380f2ea-b78f-45f9-b140-bf4307a3f3ad
2019-09-25 12:53:57,238 [RatisPipelineUtilsThread] INFO  pipeline.PipelineStateManager (PipelineStateManager.java:addPipeline(56)) - Created pipeline Pipeline[ Id: e1a28de4-87e9-45d7-b403-27fc373992e4, Nodes: 5380f2ea-b78f-45f9-b140-bf4307a3f3ad{ip: 192.168.151.73, host: pr-hdds-1569-shd4m-3693607622, networkLocation: /default-rack, certSerialId: null}, Type:RATIS, Factor:ONE, State:OPEN]
2019-09-25 12:53:57,243 [grpc-default-executor-0] INFO  impl.RaftServerProxy (RaftServerProxy.java:addNew(89)) - 3c260395-8f43-46ed-9b5e-2de54f98c750: addNew group-853FBE72ACE2:[3c260395-8f43-46ed-9b5e-2de54f98c750:192.168.151.73:42307] returns group-853FBE72ACE2:java.util.concurrent.CompletableFuture@5cf2c876[Not completed]
2019-09-25 12:53:57,244 [pool-277-thread-1] INFO  impl.RaftServerImpl (RaftServerImpl.java:<init>(95)) - 3c260395-8f43-46ed-9b5e-2de54f98c750: new RaftServerImpl for group-853FBE72ACE2:[3c260395-8f43-46ed-9b5e-2de54f98c750:192.168.151.73:42307] with ContainerStateMachine:uninitialized
2019-09-25 12:53:57,244 [pool-277-thread-1] INFO  server.RaftServerConfigKeys (ConfUtils.java:logGet(43)) - raft.server.rpc.timeout.min = 5s (custom)
2019-09-25 12:53:57,244 [pool-277-thread-1] INFO  server.RaftServerConfigKeys (ConfUtils.java:logGet(43)) - raft.server.rpc.timeout.max = 5200ms (custom)
2019-09-25 12:53:57,244 [pool-277-thread-1] INFO  server.RaftServerConfigKeys (ConfUtils.java:logGet(43)) - raft.server.rpcslowness.timeout = 120s (custom)
2019-09-25 12:53:57,244 [pool-277-thread-1] INFO  server.RaftServerConfigKeys (ConfUtils.java:logGet(43)) - raft.server.sleep.deviation.threshold = 300 (default)
2019-09-25 12:53:57,245 [pool-277-thread-1] INFO  server.RaftServerConfigKeys (ConfUtils.java:logGet(43)) - raft.server.log.appender.install.snapshot.enabled = false (custom)
2019-09-25 12:53:57,245 [pool-277-thread-1] INFO  impl.RaftServerImpl (ServerState.java:<init>(103)) - 3c260395-8f43-46ed-9b5e-2de54f98c750@group-853FBE72ACE2: ConfigurationManager, init=-1: [3c260395-8f43-46ed-9b5e-2de54f98c750:192.168.151.73:42307], old=null, confs=<EMPTY_MAP>
2019-09-25 12:53:57,245 [pool-277-thread-1] INFO  server.RaftServerConfigKeys (ConfUtils.java:logGet(43)) - raft.server.storage.dir = [/workdir/hadoop-ozone/ozonefs/target/test-dir/MiniOzoneClusterImpl-79bd19af-4891-4838-ac1c-38edf188a5a0/datanode-0/data/ratis] (custom)
2019-09-25 12:53:57,245 [pool-277-thread-1] INFO  storage.RaftStorageDirectory (RaftStorageDirectory.java:analyzeStorage(246)) - The storage directory /workdir/hadoop-ozone/ozonefs/target/test-dir/MiniOzoneClusterImpl-79bd19af-4891-4838-ac1c-38edf188a5a0/datanode-0/data/ratis/6a8dfd0c-be05-4bd1-9533-853fbe72ace2 does not exist. Creating ...
2019-09-25 12:53:57,259 [pool-277-thread-1] INFO  storage.RaftStorageDirectory (RaftStorageDirectory.java:tryLock(328)) - Lock on /workdir/hadoop-ozone/ozonefs/target/test-dir/MiniOzoneClusterImpl-79bd19af-4891-4838-ac1c-38edf188a5a0/datanode-0/data/ratis/6a8dfd0c-be05-4bd1-9533-853fbe72ace2/in_use.lock acquired by nodename 3512@pr-hdds-1569-shd4m-3693607622
2019-09-25 12:53:57,273 [pool-277-thread-1] INFO  storage.RaftStorage (RaftStorage.java:format(72)) - Storage directory /workdir/hadoop-ozone/ozonefs/target/test-dir/MiniOzoneClusterImpl-79bd19af-4891-4838-ac1c-38edf188a5a0/datanode-0/data/ratis/6a8dfd0c-be05-4bd1-9533-853fbe72ace2 has been successfully formatted.
2019-09-25 12:53:57,273 [pool-277-thread-1] INFO  ratis.ContainerStateMachine (ContainerStateMachine.java:loadSnapshot(230)) - group-853FBE72ACE2: The snapshot info is null. Setting the last applied indexto:(t:0, i:~)
2019-09-25 12:53:57,273 [pool-277-thread-1] INFO  server.RaftServerConfigKeys (ConfUtils.java:logGet(43)) - raft.server.notification.no-leader.timeout = 120s (custom)
2019-09-25 12:53:57,273 [pool-277-thread-1] INFO  server.RaftServerConfigKeys (ConfUtils.java:logGet(43)) - raft.server.log.use.memory = false (default)
2019-09-25 12:53:57,273 [pool-277-thread-1] INFO  server.RaftServerConfigKeys (ConfUtils.java:logGet(43)) - raft.server.log.purge.gap = 1000000 (custom)
2019-09-25 12:53:57,274 [pool-277-thread-1] INFO  server.RaftServerConfigKeys (ConfUtils.java:logGet(43)) - raft.server.log.appender.buffer.byte-limit = 33554432 (custom)
2019-09-25 12:53:57,274 [pool-277-thread-1] INFO  server.RaftServerConfigKeys (ConfUtils.java:logGet(43)) - raft.server.log.segment.size.max = 1048576 (custom)
2019-09-25 12:53:57,274 [pool-277-thread-1] INFO  server.RaftServerConfigKeys (ConfUtils.java:logGet(43)) - raft.server.log.segment.cache.num.max = 2 (custom)
2019-09-25 12:53:57,274 [pool-277-thread-1] INFO  segmented.SegmentedRaftLogWorker (SegmentedRaftLogWorker.java:<init>(172)) - new 3c260395-8f43-46ed-9b5e-2de54f98c750@group-853FBE72ACE2-SegmentedRaftLogWorker for RaftStorage:Storage Directory /workdir/hadoop-ozone/ozonefs/target/test-dir/MiniOzoneClusterImpl-79bd19af-4891-4838-ac1c-38edf188a5a0/datanode-0/data/ratis/6a8dfd0c-be05-4bd1-9533-853fbe72ace2
2019-09-25 12:53:57,274 [pool-277-thread-1] INFO  server.RaftServerConfigKeys (ConfUtils.java:logGet(43)) - raft.server.log.queue.byte-limit = 2147483647 (custom)
2019-09-25 12:53:57,274 [pool-277-thread-1] INFO  server.RaftServerConfigKeys (ConfUtils.java:logGet(43)) - raft.server.log.queue.element-limit = 1024 (custom)
2019-09-25 12:53:57,275 [pool-277-thread-1] INFO  server.RaftServerConfigKeys (ConfUtils.java:logGet(43)) - raft.server.log.segment.size.max = 1048576 (custom)
2019-09-25 12:53:57,275 [pool-277-thread-1] INFO  server.RaftServerConfigKeys (ConfUtils.java:logGet(43)) - raft.server.log.preallocated.size = 16384 (custom)
2019-09-25 12:53:57,275 [pool-277-thread-1] INFO  server.RaftServerConfigKeys (ConfUtils.java:logGet(43)) - raft.server.log.write.buffer.size = 33554432 (custom)
2019-09-25 12:53:57,275 [pool-277-thread-1] INFO  server.RaftServerConfigKeys (ConfUtils.java:logGet(43)) - raft.server.log.force.sync.num = 128 (default)
2019-09-25 12:53:57,275 [pool-277-thread-1] INFO  server.RaftServerConfigKeys (ConfUtils.java:logGet(43)) - raft.server.log.statemachine.data.sync = true (default)
2019-09-25 12:53:57,275 [pool-277-thread-1] INFO  server.RaftServerConfigKeys (ConfUtils.java:logGet(43)) - raft.server.log.statemachine.data.sync.timeout = 10s (default)
2019-09-25 12:53:57,275 [pool-277-thread-1] INFO  server.RaftServerConfigKeys (ConfUtils.java:logGet(43)) - raft.server.log.statemachine.data.sync.timeout.retry = -1 (default)
2019-09-25 12:53:57,276 [pool-277-thread-1] INFO  server.RaftServerConfigKeys (ConfUtils.java:logGet(43)) - raft.server.log.statemachine.data.caching.enabled = true (custom)
2019-09-25 12:53:57,276 [pool-277-thread-1] INFO  segmented.SegmentedRaftLogWorker (SegmentedRaftLogWorker.java:lambda$new$0(132)) - 3c260395-8f43-46ed-9b5e-2de54f98c750@group-853FBE72ACE2-SegmentedRaftLogWorker: flushIndex: setUnconditionally 0 -> -1
2019-09-25 12:53:57,276 [pool-277-thread-1] INFO  server.RaftServerConfigKeys (ConfUtils.java:logGet(43)) - raft.server.snapshot.auto.trigger.enabled = true (custom)
2019-09-25 12:53:57,276 [pool-277-thread-1] INFO  server.RaftServerConfigKeys (ConfUtils.java:logGet(43)) - raft.server.snapshot.auto.trigger.threshold = 10000 (custom)
2019-09-25 12:53:57,277 [pool-277-thread-1] INFO  server.RaftServerConfigKeys (ConfUtils.java:logGet(43)) - raft.server.snapshot.retention.num.files = 5 (custom)
2019-09-25 12:53:57,277 [pool-277-thread-1] INFO  server.RaftServerConfigKeys (ConfUtils.java:logGet(43)) - raft.server.retrycache.expirytime = 600000ms (custom)
2019-09-25 12:53:57,279 [pool-277-thread-1] INFO  impl.RaftServerImpl (RaftServerImpl.java:start(185)) - 3c260395-8f43-46ed-9b5e-2de54f98c750@group-853FBE72ACE2: start as a follower, conf=-1: [3c260395-8f43-46ed-9b5e-2de54f98c750:192.168.151.73:42307], old=null
2019-09-25 12:53:57,279 [pool-277-thread-1] INFO  impl.RaftServerImpl (RaftServerImpl.java:setRole(174)) - 3c260395-8f43-46ed-9b5e-2de54f98c750@group-853FBE72ACE2: changes role from      null to FOLLOWER at term 0 for startAsFollower
2019-09-25 12:53:57,279 [pool-277-thread-1] INFO  impl.RoleInfo (RoleInfo.java:updateAndGet(143)) - 3c260395-8f43-46ed-9b5e-2de54f98c750: start FollowerState
2019-09-25 12:53:57,279 [pool-277-thread-1] INFO  util.JmxRegister (JmxRegister.java:tryRegister(44)) - Successfully registered JMX Bean with object name Ratis:service=RaftServer,group=group-853FBE72ACE2,id=3c260395-8f43-46ed-9b5e-2de54f98c750
2019-09-25 12:53:57,282 [RatisPipelineUtilsThread] INFO  pipeline.PipelineStateManager (PipelineStateManager.java:addPipeline(56)) - Created pipeline Pipeline[ Id: 6a8dfd0c-be05-4bd1-9533-853fbe72ace2, Nodes: 3c260395-8f43-46ed-9b5e-2de54f98c750{ip: 192.168.151.73, host: pr-hdds-1569-shd4m-3693607622, networkLocation: /default-rack, certSerialId: null}, Type:RATIS, Factor:ONE, State:OPEN]
2019-09-25 12:53:57,283 [RatisPipelineUtilsThread] INFO  pipeline.PipelinePlacementPolicy (PipelinePlacementPolicy.java:meetCriteria(91)) - Pipeline Placement: can't place more pipeline on heavy datanode： 3c260395-8f43-46ed-9b5e-2de54f98c750 Heaviness: 6 limit: 5
2019-09-25 12:53:57,287 [grpc-default-executor-0] INFO  impl.RaftServerProxy (RaftServerProxy.java:addNew(89)) - a3c64651-fa92-44ac-be08-fa4b080bd23f: addNew group-400477FE2962:[a3c64651-fa92-44ac-be08-fa4b080bd23f:192.168.151.73:44285] returns group-400477FE2962:java.util.concurrent.CompletableFuture@44c70bbf[Not completed]
2019-09-25 12:53:57,288 [pool-297-thread-1] INFO  impl.RaftServerImpl (RaftServerImpl.java:<init>(95)) - a3c64651-fa92-44ac-be08-fa4b080bd23f: new RaftServerImpl for group-400477FE2962:[a3c64651-fa92-44ac-be08-fa4b080bd23f:192.168.151.73:44285] with ContainerStateMachine:uninitialized
2019-09-25 12:53:57,288 [pool-297-thread-1] INFO  server.RaftServerConfigKeys (ConfUtils.java:logGet(43)) - raft.server.rpc.timeout.min = 5s (custom)
2019-09-25 12:53:57,289 [pool-297-thread-1] INFO  server.RaftServerConfigKeys (ConfUtils.java:logGet(43)) - raft.server.rpc.timeout.max = 5200ms (custom)
2019-09-25 12:53:57,289 [pool-297-thread-1] INFO  server.RaftServerConfigKeys (ConfUtils.java:logGet(43)) - raft.server.rpcslowness.timeout = 120s (custom)
2019-09-25 12:53:57,289 [pool-297-thread-1] INFO  server.RaftServerConfigKeys (ConfUtils.java:logGet(43)) - raft.server.sleep.deviation.threshold = 300 (default)
2019-09-25 12:53:57,289 [pool-297-thread-1] INFO  server.RaftServerConfigKeys (ConfUtils.java:logGet(43)) - raft.server.log.appender.install.snapshot.enabled = false (custom)
2019-09-25 12:53:57,289 [pool-297-thread-1] INFO  impl.RaftServerImpl (ServerState.java:<init>(103)) - a3c64651-fa92-44ac-be08-fa4b080bd23f@group-400477FE2962: ConfigurationManager, init=-1: [a3c64651-fa92-44ac-be08-fa4b080bd23f:192.168.151.73:44285], old=null, confs=<EMPTY_MAP>
2019-09-25 12:53:57,289 [pool-297-thread-1] INFO  server.RaftServerConfigKeys (ConfUtils.java:logGet(43)) - raft.server.storage.dir = [/workdir/hadoop-ozone/ozonefs/target/test-dir/MiniOzoneClusterImpl-79bd19af-4891-4838-ac1c-38edf188a5a0/datanode-2/data/ratis] (custom)
2019-09-25 12:53:57,290 [pool-297-thread-1] INFO  storage.RaftStorageDirectory (RaftStorageDirectory.java:analyzeStorage(246)) - The storage directory /workdir/hadoop-ozone/ozonefs/target/test-dir/MiniOzoneClusterImpl-79bd19af-4891-4838-ac1c-38edf188a5a0/datanode-2/data/ratis/b4715fd2-5c8f-4f2f-963d-400477fe2962 does not exist. Creating ...
2019-09-25 12:53:57,304 [pool-297-thread-1] INFO  storage.RaftStorageDirectory (RaftStorageDirectory.java:tryLock(328)) - Lock on /workdir/hadoop-ozone/ozonefs/target/test-dir/MiniOzoneClusterImpl-79bd19af-4891-4838-ac1c-38edf188a5a0/datanode-2/data/ratis/b4715fd2-5c8f-4f2f-963d-400477fe2962/in_use.lock acquired by nodename 3512@pr-hdds-1569-shd4m-3693607622
2019-09-25 12:53:57,317 [pool-297-thread-1] INFO  storage.RaftStorage (RaftStorage.java:format(72)) - Storage directory /workdir/hadoop-ozone/ozonefs/target/test-dir/MiniOzoneClusterImpl-79bd19af-4891-4838-ac1c-38edf188a5a0/datanode-2/data/ratis/b4715fd2-5c8f-4f2f-963d-400477fe2962 has been successfully formatted.
2019-09-25 12:53:57,317 [pool-297-thread-1] INFO  ratis.ContainerStateMachine (ContainerStateMachine.java:loadSnapshot(230)) - group-400477FE2962: The snapshot info is null. Setting the last applied indexto:(t:0, i:~)
2019-09-25 12:53:57,317 [pool-297-thread-1] INFO  server.RaftServerConfigKeys (ConfUtils.java:logGet(43)) - raft.server.notification.no-leader.timeout = 120s (custom)
2019-09-25 12:53:57,317 [pool-297-thread-1] INFO  server.RaftServerConfigKeys (ConfUtils.java:logGet(43)) - raft.server.log.use.memory = false (default)
2019-09-25 12:53:57,317 [pool-297-thread-1] INFO  server.RaftServerConfigKeys (ConfUtils.java:logGet(43)) - raft.server.log.purge.gap = 1000000 (custom)
2019-09-25 12:53:57,318 [pool-297-thread-1] INFO  server.RaftServerConfigKeys (ConfUtils.java:logGet(43)) - raft.server.log.appender.buffer.byte-limit = 33554432 (custom)
2019-09-25 12:53:57,318 [pool-297-thread-1] INFO  server.RaftServerConfigKeys (ConfUtils.java:logGet(43)) - raft.server.log.segment.size.max = 1048576 (custom)
2019-09-25 12:53:57,318 [pool-297-thread-1] INFO  server.RaftServerConfigKeys (ConfUtils.java:logGet(43)) - raft.server.log.segment.cache.num.max = 2 (custom)
2019-09-25 12:53:57,318 [pool-297-thread-1] INFO  segmented.SegmentedRaftLogWorker (SegmentedRaftLogWorker.java:<init>(172)) - new a3c64651-fa92-44ac-be08-fa4b080bd23f@group-400477FE2962-SegmentedRaftLogWorker for RaftStorage:Storage Directory /workdir/hadoop-ozone/ozonefs/target/test-dir/MiniOzoneClusterImpl-79bd19af-4891-4838-ac1c-38edf188a5a0/datanode-2/data/ratis/b4715fd2-5c8f-4f2f-963d-400477fe2962
2019-09-25 12:53:57,318 [pool-297-thread-1] INFO  server.RaftServerConfigKeys (ConfUtils.java:logGet(43)) - raft.server.log.queue.byte-limit = 2147483647 (custom)
2019-09-25 12:53:57,318 [pool-297-thread-1] INFO  server.RaftServerConfigKeys (ConfUtils.java:logGet(43)) - raft.server.log.queue.element-limit = 1024 (custom)
2019-09-25 12:53:57,319 [pool-297-thread-1] INFO  server.RaftServerConfigKeys (ConfUtils.java:logGet(43)) - raft.server.log.segment.size.max = 1048576 (custom)
2019-09-25 12:53:57,319 [pool-297-thread-1] INFO  server.RaftServerConfigKeys (ConfUtils.java:logGet(43)) - raft.server.log.preallocated.size = 16384 (custom)
2019-09-25 12:53:57,319 [pool-297-thread-1] INFO  server.RaftServerConfigKeys (ConfUtils.java:logGet(43)) - raft.server.log.write.buffer.size = 33554432 (custom)
2019-09-25 12:53:57,319 [pool-297-thread-1] INFO  server.RaftServerConfigKeys (ConfUtils.java:logGet(43)) - raft.server.log.force.sync.num = 128 (default)
2019-09-25 12:53:57,319 [pool-297-thread-1] INFO  server.RaftServerConfigKeys (ConfUtils.java:logGet(43)) - raft.server.log.statemachine.data.sync = true (default)
2019-09-25 12:53:57,319 [pool-297-thread-1] INFO  server.RaftServerConfigKeys (ConfUtils.java:logGet(43)) - raft.server.log.statemachine.data.sync.timeout = 10s (default)
2019-09-25 12:53:57,319 [pool-297-thread-1] INFO  server.RaftServerConfigKeys (ConfUtils.java:logGet(43)) - raft.server.log.statemachine.data.sync.timeout.retry = -1 (default)
2019-09-25 12:53:57,320 [pool-297-thread-1] INFO  server.RaftServerConfigKeys (ConfUtils.java:logGet(43)) - raft.server.log.statemachine.data.caching.enabled = true (custom)
2019-09-25 12:53:57,320 [pool-297-thread-1] INFO  segmented.SegmentedRaftLogWorker (SegmentedRaftLogWorker.java:lambda$new$0(132)) - a3c64651-fa92-44ac-be08-fa4b080bd23f@group-400477FE2962-SegmentedRaftLogWorker: flushIndex: setUnconditionally 0 -> -1
2019-09-25 12:53:57,320 [pool-297-thread-1] INFO  server.RaftServerConfigKeys (ConfUtils.java:logGet(43)) - raft.server.snapshot.auto.trigger.enabled = true (custom)
2019-09-25 12:53:57,320 [pool-297-thread-1] INFO  server.RaftServerConfigKeys (ConfUtils.java:logGet(43)) - raft.server.snapshot.auto.trigger.threshold = 10000 (custom)
2019-09-25 12:53:57,320 [pool-297-thread-1] INFO  server.RaftServerConfigKeys (ConfUtils.java:logGet(43)) - raft.server.snapshot.retention.num.files = 5 (custom)
2019-09-25 12:53:57,321 [pool-297-thread-1] INFO  server.RaftServerConfigKeys (ConfUtils.java:logGet(43)) - raft.server.retrycache.expirytime = 600000ms (custom)
2019-09-25 12:53:57,323 [pool-297-thread-1] INFO  impl.RaftServerImpl (RaftServerImpl.java:start(185)) - a3c64651-fa92-44ac-be08-fa4b080bd23f@group-400477FE2962: start as a follower, conf=-1: [a3c64651-fa92-44ac-be08-fa4b080bd23f:192.168.151.73:44285], old=null
2019-09-25 12:53:57,323 [pool-297-thread-1] INFO  impl.RaftServerImpl (RaftServerImpl.java:setRole(174)) - a3c64651-fa92-44ac-be08-fa4b080bd23f@group-400477FE2962: changes role from      null to FOLLOWER at term 0 for startAsFollower
2019-09-25 12:53:57,323 [pool-297-thread-1] INFO  impl.RoleInfo (RoleInfo.java:updateAndGet(143)) - a3c64651-fa92-44ac-be08-fa4b080bd23f: start FollowerState
2019-09-25 12:53:57,323 [pool-297-thread-1] INFO  util.JmxRegister (JmxRegister.java:tryRegister(44)) - Successfully registered JMX Bean with object name Ratis:service=RaftServer,group=group-400477FE2962,id=a3c64651-fa92-44ac-be08-fa4b080bd23f
2019-09-25 12:53:57,326 [RatisPipelineUtilsThread] INFO  pipeline.PipelineStateManager (PipelineStateManager.java:addPipeline(56)) - Created pipeline Pipeline[ Id: b4715fd2-5c8f-4f2f-963d-400477fe2962, Nodes: a3c64651-fa92-44ac-be08-fa4b080bd23f{ip: 192.168.151.73, host: pr-hdds-1569-shd4m-3693607622, networkLocation: /default-rack, certSerialId: null}, Type:RATIS, Factor:ONE, State:OPEN]
2019-09-25 12:53:57,326 [RatisPipelineUtilsThread] INFO  pipeline.PipelinePlacementPolicy (PipelinePlacementPolicy.java:meetCriteria(91)) - Pipeline Placement: can't place more pipeline on heavy datanode： 3c260395-8f43-46ed-9b5e-2de54f98c750 Heaviness: 6 limit: 5
2019-09-25 12:53:57,331 [grpc-default-executor-0] INFO  impl.RaftServerProxy (RaftServerProxy.java:addNew(89)) - a3c64651-fa92-44ac-be08-fa4b080bd23f: addNew group-91FE4175A21C:[a3c64651-fa92-44ac-be08-fa4b080bd23f:192.168.151.73:44285] returns group-91FE4175A21C:java.util.concurrent.CompletableFuture@314ca78f[Not completed]
2019-09-25 12:53:57,332 [pool-297-thread-1] INFO  impl.RaftServerImpl (RaftServerImpl.java:<init>(95)) - a3c64651-fa92-44ac-be08-fa4b080bd23f: new RaftServerImpl for group-91FE4175A21C:[a3c64651-fa92-44ac-be08-fa4b080bd23f:192.168.151.73:44285] with ContainerStateMachine:uninitialized
2019-09-25 12:53:57,332 [pool-297-thread-1] INFO  server.RaftServerConfigKeys (ConfUtils.java:logGet(43)) - raft.server.rpc.timeout.min = 5s (custom)
2019-09-25 12:53:57,332 [pool-297-thread-1] INFO  server.RaftServerConfigKeys (ConfUtils.java:logGet(43)) - raft.server.rpc.timeout.max = 5200ms (custom)
2019-09-25 12:53:57,332 [pool-297-thread-1] INFO  server.RaftServerConfigKeys (ConfUtils.java:logGet(43)) - raft.server.rpcslowness.timeout = 120s (custom)
2019-09-25 12:53:57,332 [pool-297-thread-1] INFO  server.RaftServerConfigKeys (ConfUtils.java:logGet(43)) - raft.server.sleep.deviation.threshold = 300 (default)
2019-09-25 12:53:57,333 [pool-297-thread-1] INFO  server.RaftServerConfigKeys (ConfUtils.java:logGet(43)) - raft.server.log.appender.install.snapshot.enabled = false (custom)
2019-09-25 12:53:57,333 [pool-297-thread-1] INFO  impl.RaftServerImpl (ServerState.java:<init>(103)) - a3c64651-fa92-44ac-be08-fa4b080bd23f@group-91FE4175A21C: ConfigurationManager, init=-1: [a3c64651-fa92-44ac-be08-fa4b080bd23f:192.168.151.73:44285], old=null, confs=<EMPTY_MAP>
2019-09-25 12:53:57,333 [pool-297-thread-1] INFO  server.RaftServerConfigKeys (ConfUtils.java:logGet(43)) - raft.server.storage.dir = [/workdir/hadoop-ozone/ozonefs/target/test-dir/MiniOzoneClusterImpl-79bd19af-4891-4838-ac1c-38edf188a5a0/datanode-2/data/ratis] (custom)
2019-09-25 12:53:57,333 [pool-297-thread-1] INFO  storage.RaftStorageDirectory (RaftStorageDirectory.java:analyzeStorage(246)) - The storage directory /workdir/hadoop-ozone/ozonefs/target/test-dir/MiniOzoneClusterImpl-79bd19af-4891-4838-ac1c-38edf188a5a0/datanode-2/data/ratis/714e03cf-9c2e-4bea-b11c-91fe4175a21c does not exist. Creating ...
2019-09-25 12:53:57,356 [pool-297-thread-1] INFO  storage.RaftStorageDirectory (RaftStorageDirectory.java:tryLock(328)) - Lock on /workdir/hadoop-ozone/ozonefs/target/test-dir/MiniOzoneClusterImpl-79bd19af-4891-4838-ac1c-38edf188a5a0/datanode-2/data/ratis/714e03cf-9c2e-4bea-b11c-91fe4175a21c/in_use.lock acquired by nodename 3512@pr-hdds-1569-shd4m-3693607622
2019-09-25 12:53:57,381 [pool-297-thread-1] INFO  storage.RaftStorage (RaftStorage.java:format(72)) - Storage directory /workdir/hadoop-ozone/ozonefs/target/test-dir/MiniOzoneClusterImpl-79bd19af-4891-4838-ac1c-38edf188a5a0/datanode-2/data/ratis/714e03cf-9c2e-4bea-b11c-91fe4175a21c has been successfully formatted.
2019-09-25 12:53:57,381 [pool-297-thread-1] INFO  ratis.ContainerStateMachine (ContainerStateMachine.java:loadSnapshot(230)) - group-91FE4175A21C: The snapshot info is null. Setting the last applied indexto:(t:0, i:~)
2019-09-25 12:53:57,381 [pool-297-thread-1] INFO  server.RaftServerConfigKeys (ConfUtils.java:logGet(43)) - raft.server.notification.no-leader.timeout = 120s (custom)
2019-09-25 12:53:57,382 [pool-297-thread-1] INFO  server.RaftServerConfigKeys (ConfUtils.java:logGet(43)) - raft.server.log.use.memory = false (default)
2019-09-25 12:53:57,382 [pool-297-thread-1] INFO  server.RaftServerConfigKeys (ConfUtils.java:logGet(43)) - raft.server.log.purge.gap = 1000000 (custom)
2019-09-25 12:53:57,382 [pool-297-thread-1] INFO  server.RaftServerConfigKeys (ConfUtils.java:logGet(43)) - raft.server.log.appender.buffer.byte-limit = 33554432 (custom)
2019-09-25 12:53:57,382 [pool-297-thread-1] INFO  server.RaftServerConfigKeys (ConfUtils.java:logGet(43)) - raft.server.log.segment.size.max = 1048576 (custom)
2019-09-25 12:53:57,382 [pool-297-thread-1] INFO  server.RaftServerConfigKeys (ConfUtils.java:logGet(43)) - raft.server.log.segment.cache.num.max = 2 (custom)
2019-09-25 12:53:57,382 [pool-297-thread-1] INFO  segmented.SegmentedRaftLogWorker (SegmentedRaftLogWorker.java:<init>(172)) - new a3c64651-fa92-44ac-be08-fa4b080bd23f@group-91FE4175A21C-SegmentedRaftLogWorker for RaftStorage:Storage Directory /workdir/hadoop-ozone/ozonefs/target/test-dir/MiniOzoneClusterImpl-79bd19af-4891-4838-ac1c-38edf188a5a0/datanode-2/data/ratis/714e03cf-9c2e-4bea-b11c-91fe4175a21c
2019-09-25 12:53:57,382 [pool-297-thread-1] INFO  server.RaftServerConfigKeys (ConfUtils.java:logGet(43)) - raft.server.log.queue.byte-limit = 2147483647 (custom)
2019-09-25 12:53:57,383 [pool-297-thread-1] INFO  server.RaftServerConfigKeys (ConfUtils.java:logGet(43)) - raft.server.log.queue.element-limit = 1024 (custom)
2019-09-25 12:53:57,383 [pool-297-thread-1] INFO  server.RaftServerConfigKeys (ConfUtils.java:logGet(43)) - raft.server.log.segment.size.max = 1048576 (custom)
2019-09-25 12:53:57,383 [pool-297-thread-1] INFO  server.RaftServerConfigKeys (ConfUtils.java:logGet(43)) - raft.server.log.preallocated.size = 16384 (custom)
2019-09-25 12:53:57,383 [pool-297-thread-1] INFO  server.RaftServerConfigKeys (ConfUtils.java:logGet(43)) - raft.server.log.write.buffer.size = 33554432 (custom)
2019-09-25 12:53:57,383 [pool-297-thread-1] INFO  server.RaftServerConfigKeys (ConfUtils.java:logGet(43)) - raft.server.log.force.sync.num = 128 (default)
2019-09-25 12:53:57,383 [pool-297-thread-1] INFO  server.RaftServerConfigKeys (ConfUtils.java:logGet(43)) - raft.server.log.statemachine.data.sync = true (default)
2019-09-25 12:53:57,384 [pool-297-thread-1] INFO  server.RaftServerConfigKeys (ConfUtils.java:logGet(43)) - raft.server.log.statemachine.data.sync.timeout = 10s (default)
2019-09-25 12:53:57,384 [pool-297-thread-1] INFO  server.RaftServerConfigKeys (ConfUtils.java:logGet(43)) - raft.server.log.statemachine.data.sync.timeout.retry = -1 (default)
2019-09-25 12:53:57,384 [pool-297-thread-1] INFO  server.RaftServerConfigKeys (ConfUtils.java:logGet(43)) - raft.server.log.statemachine.data.caching.enabled = true (custom)
2019-09-25 12:53:57,384 [pool-297-thread-1] INFO  segmented.SegmentedRaftLogWorker (SegmentedRaftLogWorker.java:lambda$new$0(132)) - a3c64651-fa92-44ac-be08-fa4b080bd23f@group-91FE4175A21C-SegmentedRaftLogWorker: flushIndex: setUnconditionally 0 -> -1
2019-09-25 12:53:57,385 [pool-297-thread-1] INFO  server.RaftServerConfigKeys (ConfUtils.java:logGet(43)) - raft.server.snapshot.auto.trigger.enabled = true (custom)
2019-09-25 12:53:57,385 [pool-297-thread-1] INFO  server.RaftServerConfigKeys (ConfUtils.java:logGet(43)) - raft.server.snapshot.auto.trigger.threshold = 10000 (custom)
2019-09-25 12:53:57,385 [pool-297-thread-1] INFO  server.RaftServerConfigKeys (ConfUtils.java:logGet(43)) - raft.server.snapshot.retention.num.files = 5 (custom)
2019-09-25 12:53:57,385 [pool-297-thread-1] INFO  server.RaftServerConfigKeys (ConfUtils.java:logGet(43)) - raft.server.retrycache.expirytime = 600000ms (custom)
2019-09-25 12:53:57,387 [pool-297-thread-1] INFO  impl.RaftServerImpl (RaftServerImpl.java:start(185)) - a3c64651-fa92-44ac-be08-fa4b080bd23f@group-91FE4175A21C: start as a follower, conf=-1: [a3c64651-fa92-44ac-be08-fa4b080bd23f:192.168.151.73:44285], old=null
2019-09-25 12:53:57,387 [pool-297-thread-1] INFO  impl.RaftServerImpl (RaftServerImpl.java:setRole(174)) - a3c64651-fa92-44ac-be08-fa4b080bd23f@group-91FE4175A21C: changes role from      null to FOLLOWER at term 0 for startAsFollower
2019-09-25 12:53:57,387 [pool-297-thread-1] INFO  impl.RoleInfo (RoleInfo.java:updateAndGet(143)) - a3c64651-fa92-44ac-be08-fa4b080bd23f: start FollowerState
2019-09-25 12:53:57,388 [pool-297-thread-1] INFO  util.JmxRegister (JmxRegister.java:tryRegister(44)) - Successfully registered JMX Bean with object name Ratis:service=RaftServer,group=group-91FE4175A21C,id=a3c64651-fa92-44ac-be08-fa4b080bd23f
2019-09-25 12:53:57,390 [RatisPipelineUtilsThread] INFO  pipeline.PipelineStateManager (PipelineStateManager.java:addPipeline(56)) - Created pipeline Pipeline[ Id: 714e03cf-9c2e-4bea-b11c-91fe4175a21c, Nodes: a3c64651-fa92-44ac-be08-fa4b080bd23f{ip: 192.168.151.73, host: pr-hdds-1569-shd4m-3693607622, networkLocation: /default-rack, certSerialId: null}, Type:RATIS, Factor:ONE, State:OPEN]
2019-09-25 12:53:57,391 [RatisPipelineUtilsThread] INFO  pipeline.PipelinePlacementPolicy (PipelinePlacementPolicy.java:meetCriteria(91)) - Pipeline Placement: can't place more pipeline on heavy datanode： 3c260395-8f43-46ed-9b5e-2de54f98c750 Heaviness: 6 limit: 5
2019-09-25 12:53:57,395 [grpc-default-executor-0] INFO  impl.RaftServerProxy (RaftServerProxy.java:addNew(89)) - 5380f2ea-b78f-45f9-b140-bf4307a3f3ad: addNew group-1EF01BE7DD46:[5380f2ea-b78f-45f9-b140-bf4307a3f3ad:192.168.151.73:40469] returns group-1EF01BE7DD46:java.util.concurrent.CompletableFuture@572a2195[Not completed]
2019-09-25 12:53:57,396 [pool-287-thread-1] INFO  impl.RaftServerImpl (RaftServerImpl.java:<init>(95)) - 5380f2ea-b78f-45f9-b140-bf4307a3f3ad: new RaftServerImpl for group-1EF01BE7DD46:[5380f2ea-b78f-45f9-b140-bf4307a3f3ad:192.168.151.73:40469] with ContainerStateMachine:uninitialized
2019-09-25 12:53:57,396 [pool-287-thread-1] INFO  server.RaftServerConfigKeys (ConfUtils.java:logGet(43)) - raft.server.rpc.timeout.min = 5s (custom)
2019-09-25 12:53:57,397 [pool-287-thread-1] INFO  server.RaftServerConfigKeys (ConfUtils.java:logGet(43)) - raft.server.rpc.timeout.max = 5200ms (custom)
2019-09-25 12:53:57,397 [pool-287-thread-1] INFO  server.RaftServerConfigKeys (ConfUtils.java:logGet(43)) - raft.server.rpcslowness.timeout = 120s (custom)
2019-09-25 12:53:57,397 [pool-287-thread-1] INFO  server.RaftServerConfigKeys (ConfUtils.java:logGet(43)) - raft.server.sleep.deviation.threshold = 300 (default)
2019-09-25 12:53:57,397 [pool-287-thread-1] INFO  server.RaftServerConfigKeys (ConfUtils.java:logGet(43)) - raft.server.log.appender.install.snapshot.enabled = false (custom)
2019-09-25 12:53:57,397 [pool-287-thread-1] INFO  impl.RaftServerImpl (ServerState.java:<init>(103)) - 5380f2ea-b78f-45f9-b140-bf4307a3f3ad@group-1EF01BE7DD46: ConfigurationManager, init=-1: [5380f2ea-b78f-45f9-b140-bf4307a3f3ad:192.168.151.73:40469], old=null, confs=<EMPTY_MAP>
2019-09-25 12:53:57,397 [pool-287-thread-1] INFO  server.RaftServerConfigKeys (ConfUtils.java:logGet(43)) - raft.server.storage.dir = [/workdir/hadoop-ozone/ozonefs/target/test-dir/MiniOzoneClusterImpl-79bd19af-4891-4838-ac1c-38edf188a5a0/datanode-1/data/ratis] (custom)
2019-09-25 12:53:57,398 [pool-287-thread-1] INFO  storage.RaftStorageDirectory (RaftStorageDirectory.java:analyzeStorage(246)) - The storage directory /workdir/hadoop-ozone/ozonefs/target/test-dir/MiniOzoneClusterImpl-79bd19af-4891-4838-ac1c-38edf188a5a0/datanode-1/data/ratis/9fbd05d0-64f3-49f7-9c20-1ef01be7dd46 does not exist. Creating ...
2019-09-25 12:53:57,410 [pool-287-thread-1] INFO  storage.RaftStorageDirectory (RaftStorageDirectory.java:tryLock(328)) - Lock on /workdir/hadoop-ozone/ozonefs/target/test-dir/MiniOzoneClusterImpl-79bd19af-4891-4838-ac1c-38edf188a5a0/datanode-1/data/ratis/9fbd05d0-64f3-49f7-9c20-1ef01be7dd46/in_use.lock acquired by nodename 3512@pr-hdds-1569-shd4m-3693607622
2019-09-25 12:53:57,423 [pool-287-thread-1] INFO  storage.RaftStorage (RaftStorage.java:format(72)) - Storage directory /workdir/hadoop-ozone/ozonefs/target/test-dir/MiniOzoneClusterImpl-79bd19af-4891-4838-ac1c-38edf188a5a0/datanode-1/data/ratis/9fbd05d0-64f3-49f7-9c20-1ef01be7dd46 has been successfully formatted.
2019-09-25 12:53:57,423 [pool-287-thread-1] INFO  ratis.ContainerStateMachine (ContainerStateMachine.java:loadSnapshot(230)) - group-1EF01BE7DD46: The snapshot info is null. Setting the last applied indexto:(t:0, i:~)
2019-09-25 12:53:57,423 [pool-287-thread-1] INFO  server.RaftServerConfigKeys (ConfUtils.java:logGet(43)) - raft.server.notification.no-leader.timeout = 120s (custom)
2019-09-25 12:53:57,423 [pool-287-thread-1] INFO  server.RaftServerConfigKeys (ConfUtils.java:logGet(43)) - raft.server.log.use.memory = false (default)
2019-09-25 12:53:57,424 [pool-287-thread-1] INFO  server.RaftServerConfigKeys (ConfUtils.java:logGet(43)) - raft.server.log.purge.gap = 1000000 (custom)
2019-09-25 12:53:57,424 [pool-287-thread-1] INFO  server.RaftServerConfigKeys (ConfUtils.java:logGet(43)) - raft.server.log.appender.buffer.byte-limit = 33554432 (custom)
2019-09-25 12:53:57,424 [pool-287-thread-1] INFO  server.RaftServerConfigKeys (ConfUtils.java:logGet(43)) - raft.server.log.segment.size.max = 1048576 (custom)
2019-09-25 12:53:57,424 [pool-287-thread-1] INFO  server.RaftServerConfigKeys (ConfUtils.java:logGet(43)) - raft.server.log.segment.cache.num.max = 2 (custom)
2019-09-25 12:53:57,424 [pool-287-thread-1] INFO  segmented.SegmentedRaftLogWorker (SegmentedRaftLogWorker.java:<init>(172)) - new 5380f2ea-b78f-45f9-b140-bf4307a3f3ad@group-1EF01BE7DD46-SegmentedRaftLogWorker for RaftStorage:Storage Directory /workdir/hadoop-ozone/ozonefs/target/test-dir/MiniOzoneClusterImpl-79bd19af-4891-4838-ac1c-38edf188a5a0/datanode-1/data/ratis/9fbd05d0-64f3-49f7-9c20-1ef01be7dd46
2019-09-25 12:53:57,424 [pool-287-thread-1] INFO  server.RaftServerConfigKeys (ConfUtils.java:logGet(43)) - raft.server.log.queue.byte-limit = 2147483647 (custom)
2019-09-25 12:53:57,425 [pool-287-thread-1] INFO  server.RaftServerConfigKeys (ConfUtils.java:logGet(43)) - raft.server.log.queue.element-limit = 1024 (custom)
2019-09-25 12:53:57,425 [pool-287-thread-1] INFO  server.RaftServerConfigKeys (ConfUtils.java:logGet(43)) - raft.server.log.segment.size.max = 1048576 (custom)
2019-09-25 12:53:57,425 [pool-287-thread-1] INFO  server.RaftServerConfigKeys (ConfUtils.java:logGet(43)) - raft.server.log.preallocated.size = 16384 (custom)
2019-09-25 12:53:57,425 [pool-287-thread-1] INFO  server.RaftServerConfigKeys (ConfUtils.java:logGet(43)) - raft.server.log.write.buffer.size = 33554432 (custom)
2019-09-25 12:53:57,425 [pool-287-thread-1] INFO  server.RaftServerConfigKeys (ConfUtils.java:logGet(43)) - raft.server.log.force.sync.num = 128 (default)
2019-09-25 12:53:57,425 [pool-287-thread-1] INFO  server.RaftServerConfigKeys (ConfUtils.java:logGet(43)) - raft.server.log.statemachine.data.sync = true (default)
2019-09-25 12:53:57,425 [pool-287-thread-1] INFO  server.RaftServerConfigKeys (ConfUtils.java:logGet(43)) - raft.server.log.statemachine.data.sync.timeout = 10s (default)
2019-09-25 12:53:57,426 [pool-287-thread-1] INFO  server.RaftServerConfigKeys (ConfUtils.java:logGet(43)) - raft.server.log.statemachine.data.sync.timeout.retry = -1 (default)
2019-09-25 12:53:57,426 [pool-287-thread-1] INFO  server.RaftServerConfigKeys (ConfUtils.java:logGet(43)) - raft.server.log.statemachine.data.caching.enabled = true (custom)
2019-09-25 12:53:57,426 [pool-287-thread-1] INFO  segmented.SegmentedRaftLogWorker (SegmentedRaftLogWorker.java:lambda$new$0(132)) - 5380f2ea-b78f-45f9-b140-bf4307a3f3ad@group-1EF01BE7DD46-SegmentedRaftLogWorker: flushIndex: setUnconditionally 0 -> -1
2019-09-25 12:53:57,426 [pool-287-thread-1] INFO  server.RaftServerConfigKeys (ConfUtils.java:logGet(43)) - raft.server.snapshot.auto.trigger.enabled = true (custom)
2019-09-25 12:53:57,427 [pool-287-thread-1] INFO  server.RaftServerConfigKeys (ConfUtils.java:logGet(43)) - raft.server.snapshot.auto.trigger.threshold = 10000 (custom)
2019-09-25 12:53:57,427 [pool-287-thread-1] INFO  server.RaftServerConfigKeys (ConfUtils.java:logGet(43)) - raft.server.snapshot.retention.num.files = 5 (custom)
2019-09-25 12:53:57,427 [pool-287-thread-1] INFO  server.RaftServerConfigKeys (ConfUtils.java:logGet(43)) - raft.server.retrycache.expirytime = 600000ms (custom)
2019-09-25 12:53:57,429 [pool-287-thread-1] INFO  impl.RaftServerImpl (RaftServerImpl.java:start(185)) - 5380f2ea-b78f-45f9-b140-bf4307a3f3ad@group-1EF01BE7DD46: start as a follower, conf=-1: [5380f2ea-b78f-45f9-b140-bf4307a3f3ad:192.168.151.73:40469], old=null
2019-09-25 12:53:57,429 [pool-287-thread-1] INFO  impl.RaftServerImpl (RaftServerImpl.java:setRole(174)) - 5380f2ea-b78f-45f9-b140-bf4307a3f3ad@group-1EF01BE7DD46: changes role from      null to FOLLOWER at term 0 for startAsFollower
2019-09-25 12:53:57,429 [pool-287-thread-1] INFO  impl.RoleInfo (RoleInfo.java:updateAndGet(143)) - 5380f2ea-b78f-45f9-b140-bf4307a3f3ad: start FollowerState
2019-09-25 12:53:57,429 [pool-287-thread-1] INFO  util.JmxRegister (JmxRegister.java:tryRegister(44)) - Successfully registered JMX Bean with object name Ratis:service=RaftServer,group=group-1EF01BE7DD46,id=5380f2ea-b78f-45f9-b140-bf4307a3f3ad
2019-09-25 12:53:57,432 [RatisPipelineUtilsThread] INFO  pipeline.PipelineStateManager (PipelineStateManager.java:addPipeline(56)) - Created pipeline Pipeline[ Id: 9fbd05d0-64f3-49f7-9c20-1ef01be7dd46, Nodes: 5380f2ea-b78f-45f9-b140-bf4307a3f3ad{ip: 192.168.151.73, host: pr-hdds-1569-shd4m-3693607622, networkLocation: /default-rack, certSerialId: null}, Type:RATIS, Factor:ONE, State:OPEN]
2019-09-25 12:53:57,432 [RatisPipelineUtilsThread] INFO  pipeline.PipelinePlacementPolicy (PipelinePlacementPolicy.java:meetCriteria(91)) - Pipeline Placement: can't place more pipeline on heavy datanode： 3c260395-8f43-46ed-9b5e-2de54f98c750 Heaviness: 6 limit: 5
2019-09-25 12:53:57,437 [grpc-default-executor-0] INFO  impl.RaftServerProxy (RaftServerProxy.java:addNew(89)) - 5380f2ea-b78f-45f9-b140-bf4307a3f3ad: addNew group-ED91B2FA5DD4:[5380f2ea-b78f-45f9-b140-bf4307a3f3ad:192.168.151.73:40469] returns group-ED91B2FA5DD4:java.util.concurrent.CompletableFuture@4376f764[Not completed]
2019-09-25 12:53:57,438 [pool-287-thread-1] INFO  impl.RaftServerImpl (RaftServerImpl.java:<init>(95)) - 5380f2ea-b78f-45f9-b140-bf4307a3f3ad: new RaftServerImpl for group-ED91B2FA5DD4:[5380f2ea-b78f-45f9-b140-bf4307a3f3ad:192.168.151.73:40469] with ContainerStateMachine:uninitialized
2019-09-25 12:53:57,438 [pool-287-thread-1] INFO  server.RaftServerConfigKeys (ConfUtils.java:logGet(43)) - raft.server.rpc.timeout.min = 5s (custom)
2019-09-25 12:53:57,438 [pool-287-thread-1] INFO  server.RaftServerConfigKeys (ConfUtils.java:logGet(43)) - raft.server.rpc.timeout.max = 5200ms (custom)
2019-09-25 12:53:57,438 [pool-287-thread-1] INFO  server.RaftServerConfigKeys (ConfUtils.java:logGet(43)) - raft.server.rpcslowness.timeout = 120s (custom)
2019-09-25 12:53:57,439 [pool-287-thread-1] INFO  server.RaftServerConfigKeys (ConfUtils.java:logGet(43)) - raft.server.sleep.deviation.threshold = 300 (default)
2019-09-25 12:53:57,439 [pool-287-thread-1] INFO  server.RaftServerConfigKeys (ConfUtils.java:logGet(43)) - raft.server.log.appender.install.snapshot.enabled = false (custom)
2019-09-25 12:53:57,439 [pool-287-thread-1] INFO  impl.RaftServerImpl (ServerState.java:<init>(103)) - 5380f2ea-b78f-45f9-b140-bf4307a3f3ad@group-ED91B2FA5DD4: ConfigurationManager, init=-1: [5380f2ea-b78f-45f9-b140-bf4307a3f3ad:192.168.151.73:40469], old=null, confs=<EMPTY_MAP>
2019-09-25 12:53:57,439 [pool-287-thread-1] INFO  server.RaftServerConfigKeys (ConfUtils.java:logGet(43)) - raft.server.storage.dir = [/workdir/hadoop-ozone/ozonefs/target/test-dir/MiniOzoneClusterImpl-79bd19af-4891-4838-ac1c-38edf188a5a0/datanode-1/data/ratis] (custom)
2019-09-25 12:53:57,439 [pool-287-thread-1] INFO  storage.RaftStorageDirectory (RaftStorageDirectory.java:analyzeStorage(246)) - The storage directory /workdir/hadoop-ozone/ozonefs/target/test-dir/MiniOzoneClusterImpl-79bd19af-4891-4838-ac1c-38edf188a5a0/datanode-1/data/ratis/abce2ac2-c3a3-48ad-bc62-ed91b2fa5dd4 does not exist. Creating ...
2019-09-25 12:53:57,446 [pool-287-thread-1] INFO  storage.RaftStorageDirectory (RaftStorageDirectory.java:tryLock(328)) - Lock on /workdir/hadoop-ozone/ozonefs/target/test-dir/MiniOzoneClusterImpl-79bd19af-4891-4838-ac1c-38edf188a5a0/datanode-1/data/ratis/abce2ac2-c3a3-48ad-bc62-ed91b2fa5dd4/in_use.lock acquired by nodename 3512@pr-hdds-1569-shd4m-3693607622
2019-09-25 12:53:57,467 [pool-287-thread-1] INFO  storage.RaftStorage (RaftStorage.java:format(72)) - Storage directory /workdir/hadoop-ozone/ozonefs/target/test-dir/MiniOzoneClusterImpl-79bd19af-4891-4838-ac1c-38edf188a5a0/datanode-1/data/ratis/abce2ac2-c3a3-48ad-bc62-ed91b2fa5dd4 has been successfully formatted.
2019-09-25 12:53:57,467 [pool-287-thread-1] INFO  ratis.ContainerStateMachine (ContainerStateMachine.java:loadSnapshot(230)) - group-ED91B2FA5DD4: The snapshot info is null. Setting the last applied indexto:(t:0, i:~)
2019-09-25 12:53:57,467 [pool-287-thread-1] INFO  server.RaftServerConfigKeys (ConfUtils.java:logGet(43)) - raft.server.notification.no-leader.timeout = 120s (custom)
2019-09-25 12:53:57,467 [pool-287-thread-1] INFO  server.RaftServerConfigKeys (ConfUtils.java:logGet(43)) - raft.server.log.use.memory = false (default)
2019-09-25 12:53:57,467 [pool-287-thread-1] INFO  server.RaftServerConfigKeys (ConfUtils.java:logGet(43)) - raft.server.log.purge.gap = 1000000 (custom)
2019-09-25 12:53:57,468 [pool-287-thread-1] INFO  server.RaftServerConfigKeys (ConfUtils.java:logGet(43)) - raft.server.log.appender.buffer.byte-limit = 33554432 (custom)
2019-09-25 12:53:57,468 [pool-287-thread-1] INFO  server.RaftServerConfigKeys (ConfUtils.java:logGet(43)) - raft.server.log.segment.size.max = 1048576 (custom)
2019-09-25 12:53:57,468 [pool-287-thread-1] INFO  server.RaftServerConfigKeys (ConfUtils.java:logGet(43)) - raft.server.log.segment.cache.num.max = 2 (custom)
2019-09-25 12:53:57,468 [pool-287-thread-1] INFO  segmented.SegmentedRaftLogWorker (SegmentedRaftLogWorker.java:<init>(172)) - new 5380f2ea-b78f-45f9-b140-bf4307a3f3ad@group-ED91B2FA5DD4-SegmentedRaftLogWorker for RaftStorage:Storage Directory /workdir/hadoop-ozone/ozonefs/target/test-dir/MiniOzoneClusterImpl-79bd19af-4891-4838-ac1c-38edf188a5a0/datanode-1/data/ratis/abce2ac2-c3a3-48ad-bc62-ed91b2fa5dd4
2019-09-25 12:53:57,468 [pool-287-thread-1] INFO  server.RaftServerConfigKeys (ConfUtils.java:logGet(43)) - raft.server.log.queue.byte-limit = 2147483647 (custom)
2019-09-25 12:53:57,468 [pool-287-thread-1] INFO  server.RaftServerConfigKeys (ConfUtils.java:logGet(43)) - raft.server.log.queue.element-limit = 1024 (custom)
2019-09-25 12:53:57,468 [pool-287-thread-1] INFO  server.RaftServerConfigKeys (ConfUtils.java:logGet(43)) - raft.server.log.segment.size.max = 1048576 (custom)
2019-09-25 12:53:57,469 [pool-287-thread-1] INFO  server.RaftServerConfigKeys (ConfUtils.java:logGet(43)) - raft.server.log.preallocated.size = 16384 (custom)
2019-09-25 12:53:57,469 [pool-287-thread-1] INFO  server.RaftServerConfigKeys (ConfUtils.java:logGet(43)) - raft.server.log.write.buffer.size = 33554432 (custom)
2019-09-25 12:53:57,469 [pool-287-thread-1] INFO  server.RaftServerConfigKeys (ConfUtils.java:logGet(43)) - raft.server.log.force.sync.num = 128 (default)
2019-09-25 12:53:57,469 [pool-287-thread-1] INFO  server.RaftServerConfigKeys (ConfUtils.java:logGet(43)) - raft.server.log.statemachine.data.sync = true (default)
2019-09-25 12:53:57,469 [pool-287-thread-1] INFO  server.RaftServerConfigKeys (ConfUtils.java:logGet(43)) - raft.server.log.statemachine.data.sync.timeout = 10s (default)
2019-09-25 12:53:57,469 [pool-287-thread-1] INFO  server.RaftServerConfigKeys (ConfUtils.java:logGet(43)) - raft.server.log.statemachine.data.sync.timeout.retry = -1 (default)
2019-09-25 12:53:57,469 [pool-287-thread-1] INFO  server.RaftServerConfigKeys (ConfUtils.java:logGet(43)) - raft.server.log.statemachine.data.caching.enabled = true (custom)
2019-09-25 12:53:57,470 [pool-287-thread-1] INFO  segmented.SegmentedRaftLogWorker (SegmentedRaftLogWorker.java:lambda$new$0(132)) - 5380f2ea-b78f-45f9-b140-bf4307a3f3ad@group-ED91B2FA5DD4-SegmentedRaftLogWorker: flushIndex: setUnconditionally 0 -> -1
2019-09-25 12:53:57,470 [pool-287-thread-1] INFO  server.RaftServerConfigKeys (ConfUtils.java:logGet(43)) - raft.server.snapshot.auto.trigger.enabled = true (custom)
2019-09-25 12:53:57,470 [pool-287-thread-1] INFO  server.RaftServerConfigKeys (ConfUtils.java:logGet(43)) - raft.server.snapshot.auto.trigger.threshold = 10000 (custom)
2019-09-25 12:53:57,470 [pool-287-thread-1] INFO  server.RaftServerConfigKeys (ConfUtils.java:logGet(43)) - raft.server.snapshot.retention.num.files = 5 (custom)
2019-09-25 12:53:57,470 [pool-287-thread-1] INFO  server.RaftServerConfigKeys (ConfUtils.java:logGet(43)) - raft.server.retrycache.expirytime = 600000ms (custom)
2019-09-25 12:53:57,472 [pool-287-thread-1] INFO  impl.RaftServerImpl (RaftServerImpl.java:start(185)) - 5380f2ea-b78f-45f9-b140-bf4307a3f3ad@group-ED91B2FA5DD4: start as a follower, conf=-1: [5380f2ea-b78f-45f9-b140-bf4307a3f3ad:192.168.151.73:40469], old=null
2019-09-25 12:53:57,472 [pool-287-thread-1] INFO  impl.RaftServerImpl (RaftServerImpl.java:setRole(174)) - 5380f2ea-b78f-45f9-b140-bf4307a3f3ad@group-ED91B2FA5DD4: changes role from      null to FOLLOWER at term 0 for startAsFollower
2019-09-25 12:53:57,472 [pool-287-thread-1] INFO  impl.RoleInfo (RoleInfo.java:updateAndGet(143)) - 5380f2ea-b78f-45f9-b140-bf4307a3f3ad: start FollowerState
2019-09-25 12:53:57,472 [pool-287-thread-1] INFO  util.JmxRegister (JmxRegister.java:tryRegister(44)) - Successfully registered JMX Bean with object name Ratis:service=RaftServer,group=group-ED91B2FA5DD4,id=5380f2ea-b78f-45f9-b140-bf4307a3f3ad
2019-09-25 12:53:57,475 [RatisPipelineUtilsThread] INFO  pipeline.PipelineStateManager (PipelineStateManager.java:addPipeline(56)) - Created pipeline Pipeline[ Id: abce2ac2-c3a3-48ad-bc62-ed91b2fa5dd4, Nodes: 5380f2ea-b78f-45f9-b140-bf4307a3f3ad{ip: 192.168.151.73, host: pr-hdds-1569-shd4m-3693607622, networkLocation: /default-rack, certSerialId: null}, Type:RATIS, Factor:ONE, State:OPEN]
2019-09-25 12:53:57,476 [RatisPipelineUtilsThread] INFO  pipeline.PipelinePlacementPolicy (PipelinePlacementPolicy.java:meetCriteria(91)) - Pipeline Placement: can't place more pipeline on heavy datanode： 3c260395-8f43-46ed-9b5e-2de54f98c750 Heaviness: 6 limit: 5
2019-09-25 12:53:57,480 [grpc-default-executor-0] INFO  impl.RaftServerProxy (RaftServerProxy.java:addNew(89)) - 5380f2ea-b78f-45f9-b140-bf4307a3f3ad: addNew group-CE886FD14164:[5380f2ea-b78f-45f9-b140-bf4307a3f3ad:192.168.151.73:40469] returns group-CE886FD14164:java.util.concurrent.CompletableFuture@c3e3db8[Not completed]
2019-09-25 12:53:57,481 [pool-287-thread-1] INFO  impl.RaftServerImpl (RaftServerImpl.java:<init>(95)) - 5380f2ea-b78f-45f9-b140-bf4307a3f3ad: new RaftServerImpl for group-CE886FD14164:[5380f2ea-b78f-45f9-b140-bf4307a3f3ad:192.168.151.73:40469] with ContainerStateMachine:uninitialized
2019-09-25 12:53:57,481 [pool-287-thread-1] INFO  server.RaftServerConfigKeys (ConfUtils.java:logGet(43)) - raft.server.rpc.timeout.min = 5s (custom)
2019-09-25 12:53:57,482 [pool-287-thread-1] INFO  server.RaftServerConfigKeys (ConfUtils.java:logGet(43)) - raft.server.rpc.timeout.max = 5200ms (custom)
2019-09-25 12:53:57,482 [pool-287-thread-1] INFO  server.RaftServerConfigKeys (ConfUtils.java:logGet(43)) - raft.server.rpcslowness.timeout = 120s (custom)
2019-09-25 12:53:57,482 [pool-287-thread-1] INFO  server.RaftServerConfigKeys (ConfUtils.java:logGet(43)) - raft.server.sleep.deviation.threshold = 300 (default)
2019-09-25 12:53:57,482 [pool-287-thread-1] INFO  server.RaftServerConfigKeys (ConfUtils.java:logGet(43)) - raft.server.log.appender.install.snapshot.enabled = false (custom)
2019-09-25 12:53:57,482 [pool-287-thread-1] INFO  impl.RaftServerImpl (ServerState.java:<init>(103)) - 5380f2ea-b78f-45f9-b140-bf4307a3f3ad@group-CE886FD14164: ConfigurationManager, init=-1: [5380f2ea-b78f-45f9-b140-bf4307a3f3ad:192.168.151.73:40469], old=null, confs=<EMPTY_MAP>
2019-09-25 12:53:57,482 [pool-287-thread-1] INFO  server.RaftServerConfigKeys (ConfUtils.java:logGet(43)) - raft.server.storage.dir = [/workdir/hadoop-ozone/ozonefs/target/test-dir/MiniOzoneClusterImpl-79bd19af-4891-4838-ac1c-38edf188a5a0/datanode-1/data/ratis] (custom)
2019-09-25 12:53:57,483 [pool-287-thread-1] INFO  storage.RaftStorageDirectory (RaftStorageDirectory.java:analyzeStorage(246)) - The storage directory /workdir/hadoop-ozone/ozonefs/target/test-dir/MiniOzoneClusterImpl-79bd19af-4891-4838-ac1c-38edf188a5a0/datanode-1/data/ratis/d2ebe182-dd42-4a08-88ca-ce886fd14164 does not exist. Creating ...
2019-09-25 12:53:57,507 [pool-287-thread-1] INFO  storage.RaftStorageDirectory (RaftStorageDirectory.java:tryLock(328)) - Lock on /workdir/hadoop-ozone/ozonefs/target/test-dir/MiniOzoneClusterImpl-79bd19af-4891-4838-ac1c-38edf188a5a0/datanode-1/data/ratis/d2ebe182-dd42-4a08-88ca-ce886fd14164/in_use.lock acquired by nodename 3512@pr-hdds-1569-shd4m-3693607622
2019-09-25 12:53:57,520 [pool-287-thread-1] INFO  storage.RaftStorage (RaftStorage.java:format(72)) - Storage directory /workdir/hadoop-ozone/ozonefs/target/test-dir/MiniOzoneClusterImpl-79bd19af-4891-4838-ac1c-38edf188a5a0/datanode-1/data/ratis/d2ebe182-dd42-4a08-88ca-ce886fd14164 has been successfully formatted.
2019-09-25 12:53:57,520 [pool-287-thread-1] INFO  ratis.ContainerStateMachine (ContainerStateMachine.java:loadSnapshot(230)) - group-CE886FD14164: The snapshot info is null. Setting the last applied indexto:(t:0, i:~)
2019-09-25 12:53:57,520 [pool-287-thread-1] INFO  server.RaftServerConfigKeys (ConfUtils.java:logGet(43)) - raft.server.notification.no-leader.timeout = 120s (custom)
2019-09-25 12:53:57,520 [pool-287-thread-1] INFO  server.RaftServerConfigKeys (ConfUtils.java:logGet(43)) - raft.server.log.use.memory = false (default)
2019-09-25 12:53:57,520 [pool-287-thread-1] INFO  server.RaftServerConfigKeys (ConfUtils.java:logGet(43)) - raft.server.log.purge.gap = 1000000 (custom)
2019-09-25 12:53:57,520 [pool-287-thread-1] INFO  server.RaftServerConfigKeys (ConfUtils.java:logGet(43)) - raft.server.log.appender.buffer.byte-limit = 33554432 (custom)
2019-09-25 12:53:57,521 [pool-287-thread-1] INFO  server.RaftServerConfigKeys (ConfUtils.java:logGet(43)) - raft.server.log.segment.size.max = 1048576 (custom)
2019-09-25 12:53:57,521 [pool-287-thread-1] INFO  server.RaftServerConfigKeys (ConfUtils.java:logGet(43)) - raft.server.log.segment.cache.num.max = 2 (custom)
2019-09-25 12:53:57,521 [pool-287-thread-1] INFO  segmented.SegmentedRaftLogWorker (SegmentedRaftLogWorker.java:<init>(172)) - new 5380f2ea-b78f-45f9-b140-bf4307a3f3ad@group-CE886FD14164-SegmentedRaftLogWorker for RaftStorage:Storage Directory /workdir/hadoop-ozone/ozonefs/target/test-dir/MiniOzoneClusterImpl-79bd19af-4891-4838-ac1c-38edf188a5a0/datanode-1/data/ratis/d2ebe182-dd42-4a08-88ca-ce886fd14164
2019-09-25 12:53:57,521 [pool-287-thread-1] INFO  server.RaftServerConfigKeys (ConfUtils.java:logGet(43)) - raft.server.log.queue.byte-limit = 2147483647 (custom)
2019-09-25 12:53:57,521 [pool-287-thread-1] INFO  server.RaftServerConfigKeys (ConfUtils.java:logGet(43)) - raft.server.log.queue.element-limit = 1024 (custom)
2019-09-25 12:53:57,521 [pool-287-thread-1] INFO  server.RaftServerConfigKeys (ConfUtils.java:logGet(43)) - raft.server.log.segment.size.max = 1048576 (custom)
2019-09-25 12:53:57,521 [pool-287-thread-1] INFO  server.RaftServerConfigKeys (ConfUtils.java:logGet(43)) - raft.server.log.preallocated.size = 16384 (custom)
2019-09-25 12:53:57,521 [pool-287-thread-1] INFO  server.RaftServerConfigKeys (ConfUtils.java:logGet(43)) - raft.server.log.write.buffer.size = 33554432 (custom)
2019-09-25 12:53:57,521 [pool-287-thread-1] INFO  server.RaftServerConfigKeys (ConfUtils.java:logGet(43)) - raft.server.log.force.sync.num = 128 (default)
2019-09-25 12:53:57,522 [pool-287-thread-1] INFO  server.RaftServerConfigKeys (ConfUtils.java:logGet(43)) - raft.server.log.statemachine.data.sync = true (default)
2019-09-25 12:53:57,522 [pool-287-thread-1] INFO  server.RaftServerConfigKeys (ConfUtils.java:logGet(43)) - raft.server.log.statemachine.data.sync.timeout = 10s (default)
2019-09-25 12:53:57,522 [pool-287-thread-1] INFO  server.RaftServerConfigKeys (ConfUtils.java:logGet(43)) - raft.server.log.statemachine.data.sync.timeout.retry = -1 (default)
2019-09-25 12:53:57,522 [pool-287-thread-1] INFO  server.RaftServerConfigKeys (ConfUtils.java:logGet(43)) - raft.server.log.statemachine.data.caching.enabled = true (custom)
2019-09-25 12:53:57,522 [pool-287-thread-1] INFO  segmented.SegmentedRaftLogWorker (SegmentedRaftLogWorker.java:lambda$new$0(132)) - 5380f2ea-b78f-45f9-b140-bf4307a3f3ad@group-CE886FD14164-SegmentedRaftLogWorker: flushIndex: setUnconditionally 0 -> -1
2019-09-25 12:53:57,522 [pool-287-thread-1] INFO  server.RaftServerConfigKeys (ConfUtils.java:logGet(43)) - raft.server.snapshot.auto.trigger.enabled = true (custom)
2019-09-25 12:53:57,523 [pool-287-thread-1] INFO  server.RaftServerConfigKeys (ConfUtils.java:logGet(43)) - raft.server.snapshot.auto.trigger.threshold = 10000 (custom)
2019-09-25 12:53:57,523 [pool-287-thread-1] INFO  server.RaftServerConfigKeys (ConfUtils.java:logGet(43)) - raft.server.snapshot.retention.num.files = 5 (custom)
2019-09-25 12:53:57,523 [pool-287-thread-1] INFO  server.RaftServerConfigKeys (ConfUtils.java:logGet(43)) - raft.server.retrycache.expirytime = 600000ms (custom)
2019-09-25 12:53:57,524 [pool-287-thread-1] INFO  impl.RaftServerImpl (RaftServerImpl.java:start(185)) - 5380f2ea-b78f-45f9-b140-bf4307a3f3ad@group-CE886FD14164: start as a follower, conf=-1: [5380f2ea-b78f-45f9-b140-bf4307a3f3ad:192.168.151.73:40469], old=null
2019-09-25 12:53:57,524 [pool-287-thread-1] INFO  impl.RaftServerImpl (RaftServerImpl.java:setRole(174)) - 5380f2ea-b78f-45f9-b140-bf4307a3f3ad@group-CE886FD14164: changes role from      null to FOLLOWER at term 0 for startAsFollower
2019-09-25 12:53:57,524 [pool-287-thread-1] INFO  impl.RoleInfo (RoleInfo.java:updateAndGet(143)) - 5380f2ea-b78f-45f9-b140-bf4307a3f3ad: start FollowerState
2019-09-25 12:53:57,525 [pool-287-thread-1] INFO  util.JmxRegister (JmxRegister.java:tryRegister(44)) - Successfully registered JMX Bean with object name Ratis:service=RaftServer,group=group-CE886FD14164,id=5380f2ea-b78f-45f9-b140-bf4307a3f3ad
2019-09-25 12:53:57,527 [RatisPipelineUtilsThread] INFO  pipeline.PipelineStateManager (PipelineStateManager.java:addPipeline(56)) - Created pipeline Pipeline[ Id: d2ebe182-dd42-4a08-88ca-ce886fd14164, Nodes: 5380f2ea-b78f-45f9-b140-bf4307a3f3ad{ip: 192.168.151.73, host: pr-hdds-1569-shd4m-3693607622, networkLocation: /default-rack, certSerialId: null}, Type:RATIS, Factor:ONE, State:OPEN]
2019-09-25 12:53:57,527 [RatisPipelineUtilsThread] INFO  pipeline.PipelinePlacementPolicy (PipelinePlacementPolicy.java:meetCriteria(91)) - Pipeline Placement: can't place more pipeline on heavy datanode： 3c260395-8f43-46ed-9b5e-2de54f98c750 Heaviness: 6 limit: 5
2019-09-25 12:53:57,532 [grpc-default-executor-0] INFO  impl.RaftServerProxy (RaftServerProxy.java:addNew(89)) - 5380f2ea-b78f-45f9-b140-bf4307a3f3ad: addNew group-BB4E52015C33:[5380f2ea-b78f-45f9-b140-bf4307a3f3ad:192.168.151.73:40469] returns group-BB4E52015C33:java.util.concurrent.CompletableFuture@7d06195f[Not completed]
2019-09-25 12:53:57,532 [pool-287-thread-1] INFO  impl.RaftServerImpl (RaftServerImpl.java:<init>(95)) - 5380f2ea-b78f-45f9-b140-bf4307a3f3ad: new RaftServerImpl for group-BB4E52015C33:[5380f2ea-b78f-45f9-b140-bf4307a3f3ad:192.168.151.73:40469] with ContainerStateMachine:uninitialized
2019-09-25 12:53:57,533 [pool-287-thread-1] INFO  server.RaftServerConfigKeys (ConfUtils.java:logGet(43)) - raft.server.rpc.timeout.min = 5s (custom)
2019-09-25 12:53:57,533 [pool-287-thread-1] INFO  server.RaftServerConfigKeys (ConfUtils.java:logGet(43)) - raft.server.rpc.timeout.max = 5200ms (custom)
2019-09-25 12:53:57,533 [pool-287-thread-1] INFO  server.RaftServerConfigKeys (ConfUtils.java:logGet(43)) - raft.server.rpcslowness.timeout = 120s (custom)
2019-09-25 12:53:57,533 [pool-287-thread-1] INFO  server.RaftServerConfigKeys (ConfUtils.java:logGet(43)) - raft.server.sleep.deviation.threshold = 300 (default)
2019-09-25 12:53:57,533 [pool-287-thread-1] INFO  server.RaftServerConfigKeys (ConfUtils.java:logGet(43)) - raft.server.log.appender.install.snapshot.enabled = false (custom)
2019-09-25 12:53:57,533 [pool-287-thread-1] INFO  impl.RaftServerImpl (ServerState.java:<init>(103)) - 5380f2ea-b78f-45f9-b140-bf4307a3f3ad@group-BB4E52015C33: ConfigurationManager, init=-1: [5380f2ea-b78f-45f9-b140-bf4307a3f3ad:192.168.151.73:40469], old=null, confs=<EMPTY_MAP>
2019-09-25 12:53:57,533 [pool-287-thread-1] INFO  server.RaftServerConfigKeys (ConfUtils.java:logGet(43)) - raft.server.storage.dir = [/workdir/hadoop-ozone/ozonefs/target/test-dir/MiniOzoneClusterImpl-79bd19af-4891-4838-ac1c-38edf188a5a0/datanode-1/data/ratis] (custom)
2019-09-25 12:53:57,533 [pool-287-thread-1] INFO  storage.RaftStorageDirectory (RaftStorageDirectory.java:analyzeStorage(246)) - The storage directory /workdir/hadoop-ozone/ozonefs/target/test-dir/MiniOzoneClusterImpl-79bd19af-4891-4838-ac1c-38edf188a5a0/datanode-1/data/ratis/86146ff8-806e-45b0-93cf-bb4e52015c33 does not exist. Creating ...
2019-09-25 12:53:57,546 [pool-287-thread-1] INFO  storage.RaftStorageDirectory (RaftStorageDirectory.java:tryLock(328)) - Lock on /workdir/hadoop-ozone/ozonefs/target/test-dir/MiniOzoneClusterImpl-79bd19af-4891-4838-ac1c-38edf188a5a0/datanode-1/data/ratis/86146ff8-806e-45b0-93cf-bb4e52015c33/in_use.lock acquired by nodename 3512@pr-hdds-1569-shd4m-3693607622
2019-09-25 12:53:57,559 [pool-287-thread-1] INFO  storage.RaftStorage (RaftStorage.java:format(72)) - Storage directory /workdir/hadoop-ozone/ozonefs/target/test-dir/MiniOzoneClusterImpl-79bd19af-4891-4838-ac1c-38edf188a5a0/datanode-1/data/ratis/86146ff8-806e-45b0-93cf-bb4e52015c33 has been successfully formatted.
2019-09-25 12:53:57,560 [pool-287-thread-1] INFO  ratis.ContainerStateMachine (ContainerStateMachine.java:loadSnapshot(230)) - group-BB4E52015C33: The snapshot info is null. Setting the last applied indexto:(t:0, i:~)
2019-09-25 12:53:57,560 [pool-287-thread-1] INFO  server.RaftServerConfigKeys (ConfUtils.java:logGet(43)) - raft.server.notification.no-leader.timeout = 120s (custom)
2019-09-25 12:53:57,560 [pool-287-thread-1] INFO  server.RaftServerConfigKeys (ConfUtils.java:logGet(43)) - raft.server.log.use.memory = false (default)
2019-09-25 12:53:57,560 [pool-287-thread-1] INFO  server.RaftServerConfigKeys (ConfUtils.java:logGet(43)) - raft.server.log.purge.gap = 1000000 (custom)
2019-09-25 12:53:57,560 [pool-287-thread-1] INFO  server.RaftServerConfigKeys (ConfUtils.java:logGet(43)) - raft.server.log.appender.buffer.byte-limit = 33554432 (custom)
2019-09-25 12:53:57,560 [pool-287-thread-1] INFO  server.RaftServerConfigKeys (ConfUtils.java:logGet(43)) - raft.server.log.segment.size.max = 1048576 (custom)
2019-09-25 12:53:57,561 [pool-287-thread-1] INFO  server.RaftServerConfigKeys (ConfUtils.java:logGet(43)) - raft.server.log.segment.cache.num.max = 2 (custom)
2019-09-25 12:53:57,561 [pool-287-thread-1] INFO  segmented.SegmentedRaftLogWorker (SegmentedRaftLogWorker.java:<init>(172)) - new 5380f2ea-b78f-45f9-b140-bf4307a3f3ad@group-BB4E52015C33-SegmentedRaftLogWorker for RaftStorage:Storage Directory /workdir/hadoop-ozone/ozonefs/target/test-dir/MiniOzoneClusterImpl-79bd19af-4891-4838-ac1c-38edf188a5a0/datanode-1/data/ratis/86146ff8-806e-45b0-93cf-bb4e52015c33
2019-09-25 12:53:57,561 [pool-287-thread-1] INFO  server.RaftServerConfigKeys (ConfUtils.java:logGet(43)) - raft.server.log.queue.byte-limit = 2147483647 (custom)
2019-09-25 12:53:57,561 [pool-287-thread-1] INFO  server.RaftServerConfigKeys (ConfUtils.java:logGet(43)) - raft.server.log.queue.element-limit = 1024 (custom)
2019-09-25 12:53:57,561 [pool-287-thread-1] INFO  server.RaftServerConfigKeys (ConfUtils.java:logGet(43)) - raft.server.log.segment.size.max = 1048576 (custom)
2019-09-25 12:53:57,561 [pool-287-thread-1] INFO  server.RaftServerConfigKeys (ConfUtils.java:logGet(43)) - raft.server.log.preallocated.size = 16384 (custom)
2019-09-25 12:53:57,561 [pool-287-thread-1] INFO  server.RaftServerConfigKeys (ConfUtils.java:logGet(43)) - raft.server.log.write.buffer.size = 33554432 (custom)
2019-09-25 12:53:57,561 [pool-287-thread-1] INFO  server.RaftServerConfigKeys (ConfUtils.java:logGet(43)) - raft.server.log.force.sync.num = 128 (default)
2019-09-25 12:53:57,562 [pool-287-thread-1] INFO  server.RaftServerConfigKeys (ConfUtils.java:logGet(43)) - raft.server.log.statemachine.data.sync = true (default)
2019-09-25 12:53:57,562 [pool-287-thread-1] INFO  server.RaftServerConfigKeys (ConfUtils.java:logGet(43)) - raft.server.log.statemachine.data.sync.timeout = 10s (default)
2019-09-25 12:53:57,562 [pool-287-thread-1] INFO  server.RaftServerConfigKeys (ConfUtils.java:logGet(43)) - raft.server.log.statemachine.data.sync.timeout.retry = -1 (default)
2019-09-25 12:53:57,562 [pool-287-thread-1] INFO  server.RaftServerConfigKeys (ConfUtils.java:logGet(43)) - raft.server.log.statemachine.data.caching.enabled = true (custom)
2019-09-25 12:53:57,562 [pool-287-thread-1] INFO  segmented.SegmentedRaftLogWorker (SegmentedRaftLogWorker.java:lambda$new$0(132)) - 5380f2ea-b78f-45f9-b140-bf4307a3f3ad@group-BB4E52015C33-SegmentedRaftLogWorker: flushIndex: setUnconditionally 0 -> -1
2019-09-25 12:53:57,562 [pool-287-thread-1] INFO  server.RaftServerConfigKeys (ConfUtils.java:logGet(43)) - raft.server.snapshot.auto.trigger.enabled = true (custom)
2019-09-25 12:53:57,562 [pool-287-thread-1] INFO  server.RaftServerConfigKeys (ConfUtils.java:logGet(43)) - raft.server.snapshot.auto.trigger.threshold = 10000 (custom)
2019-09-25 12:53:57,563 [pool-287-thread-1] INFO  server.RaftServerConfigKeys (ConfUtils.java:logGet(43)) - raft.server.snapshot.retention.num.files = 5 (custom)
2019-09-25 12:53:57,563 [pool-287-thread-1] INFO  server.RaftServerConfigKeys (ConfUtils.java:logGet(43)) - raft.server.retrycache.expirytime = 600000ms (custom)
2019-09-25 12:53:57,564 [pool-287-thread-1] INFO  impl.RaftServerImpl (RaftServerImpl.java:start(185)) - 5380f2ea-b78f-45f9-b140-bf4307a3f3ad@group-BB4E52015C33: start as a follower, conf=-1: [5380f2ea-b78f-45f9-b140-bf4307a3f3ad:192.168.151.73:40469], old=null
2019-09-25 12:53:57,564 [pool-287-thread-1] INFO  impl.RaftServerImpl (RaftServerImpl.java:setRole(174)) - 5380f2ea-b78f-45f9-b140-bf4307a3f3ad@group-BB4E52015C33: changes role from      null to FOLLOWER at term 0 for startAsFollower
2019-09-25 12:53:57,564 [pool-287-thread-1] INFO  impl.RoleInfo (RoleInfo.java:updateAndGet(143)) - 5380f2ea-b78f-45f9-b140-bf4307a3f3ad: start FollowerState
2019-09-25 12:53:57,565 [pool-287-thread-1] INFO  util.JmxRegister (JmxRegister.java:tryRegister(44)) - Successfully registered JMX Bean with object name Ratis:service=RaftServer,group=group-BB4E52015C33,id=5380f2ea-b78f-45f9-b140-bf4307a3f3ad
2019-09-25 12:53:57,567 [RatisPipelineUtilsThread] INFO  pipeline.PipelineStateManager (PipelineStateManager.java:addPipeline(56)) - Created pipeline Pipeline[ Id: 86146ff8-806e-45b0-93cf-bb4e52015c33, Nodes: 5380f2ea-b78f-45f9-b140-bf4307a3f3ad{ip: 192.168.151.73, host: pr-hdds-1569-shd4m-3693607622, networkLocation: /default-rack, certSerialId: null}, Type:RATIS, Factor:ONE, State:OPEN]
2019-09-25 12:53:57,567 [RatisPipelineUtilsThread] INFO  pipeline.PipelinePlacementPolicy (PipelinePlacementPolicy.java:meetCriteria(91)) - Pipeline Placement: can't place more pipeline on heavy datanode： 5380f2ea-b78f-45f9-b140-bf4307a3f3ad Heaviness: 6 limit: 5
2019-09-25 12:53:57,568 [RatisPipelineUtilsThread] INFO  pipeline.PipelinePlacementPolicy (PipelinePlacementPolicy.java:meetCriteria(91)) - Pipeline Placement: can't place more pipeline on heavy datanode： 3c260395-8f43-46ed-9b5e-2de54f98c750 Heaviness: 6 limit: 5
2019-09-25 12:53:57,572 [grpc-default-executor-0] INFO  impl.RaftServerProxy (RaftServerProxy.java:addNew(89)) - a3c64651-fa92-44ac-be08-fa4b080bd23f: addNew group-CC2372283FE8:[a3c64651-fa92-44ac-be08-fa4b080bd23f:192.168.151.73:44285] returns group-CC2372283FE8:java.util.concurrent.CompletableFuture@7e570219[Not completed]
2019-09-25 12:53:57,573 [pool-297-thread-1] INFO  impl.RaftServerImpl (RaftServerImpl.java:<init>(95)) - a3c64651-fa92-44ac-be08-fa4b080bd23f: new RaftServerImpl for group-CC2372283FE8:[a3c64651-fa92-44ac-be08-fa4b080bd23f:192.168.151.73:44285] with ContainerStateMachine:uninitialized
2019-09-25 12:53:57,573 [pool-297-thread-1] INFO  server.RaftServerConfigKeys (ConfUtils.java:logGet(43)) - raft.server.rpc.timeout.min = 5s (custom)
2019-09-25 12:53:57,573 [pool-297-thread-1] INFO  server.RaftServerConfigKeys (ConfUtils.java:logGet(43)) - raft.server.rpc.timeout.max = 5200ms (custom)
2019-09-25 12:53:57,574 [pool-297-thread-1] INFO  server.RaftServerConfigKeys (ConfUtils.java:logGet(43)) - raft.server.rpcslowness.timeout = 120s (custom)
2019-09-25 12:53:57,574 [pool-297-thread-1] INFO  server.RaftServerConfigKeys (ConfUtils.java:logGet(43)) - raft.server.sleep.deviation.threshold = 300 (default)
2019-09-25 12:53:57,574 [pool-297-thread-1] INFO  server.RaftServerConfigKeys (ConfUtils.java:logGet(43)) - raft.server.log.appender.install.snapshot.enabled = false (custom)
2019-09-25 12:53:57,574 [pool-297-thread-1] INFO  impl.RaftServerImpl (ServerState.java:<init>(103)) - a3c64651-fa92-44ac-be08-fa4b080bd23f@group-CC2372283FE8: ConfigurationManager, init=-1: [a3c64651-fa92-44ac-be08-fa4b080bd23f:192.168.151.73:44285], old=null, confs=<EMPTY_MAP>
2019-09-25 12:53:57,574 [pool-297-thread-1] INFO  server.RaftServerConfigKeys (ConfUtils.java:logGet(43)) - raft.server.storage.dir = [/workdir/hadoop-ozone/ozonefs/target/test-dir/MiniOzoneClusterImpl-79bd19af-4891-4838-ac1c-38edf188a5a0/datanode-2/data/ratis] (custom)
2019-09-25 12:53:57,575 [pool-297-thread-1] INFO  storage.RaftStorageDirectory (RaftStorageDirectory.java:analyzeStorage(246)) - The storage directory /workdir/hadoop-ozone/ozonefs/target/test-dir/MiniOzoneClusterImpl-79bd19af-4891-4838-ac1c-38edf188a5a0/datanode-2/data/ratis/e3fdf180-c23a-4021-ba1f-cc2372283fe8 does not exist. Creating ...
2019-09-25 12:53:57,597 [pool-297-thread-1] INFO  storage.RaftStorageDirectory (RaftStorageDirectory.java:tryLock(328)) - Lock on /workdir/hadoop-ozone/ozonefs/target/test-dir/MiniOzoneClusterImpl-79bd19af-4891-4838-ac1c-38edf188a5a0/datanode-2/data/ratis/e3fdf180-c23a-4021-ba1f-cc2372283fe8/in_use.lock acquired by nodename 3512@pr-hdds-1569-shd4m-3693607622
2019-09-25 12:53:57,622 [pool-297-thread-1] INFO  storage.RaftStorage (RaftStorage.java:format(72)) - Storage directory /workdir/hadoop-ozone/ozonefs/target/test-dir/MiniOzoneClusterImpl-79bd19af-4891-4838-ac1c-38edf188a5a0/datanode-2/data/ratis/e3fdf180-c23a-4021-ba1f-cc2372283fe8 has been successfully formatted.
2019-09-25 12:53:57,622 [pool-297-thread-1] INFO  ratis.ContainerStateMachine (ContainerStateMachine.java:loadSnapshot(230)) - group-CC2372283FE8: The snapshot info is null. Setting the last applied indexto:(t:0, i:~)
2019-09-25 12:53:57,623 [pool-297-thread-1] INFO  server.RaftServerConfigKeys (ConfUtils.java:logGet(43)) - raft.server.notification.no-leader.timeout = 120s (custom)
2019-09-25 12:53:57,623 [pool-297-thread-1] INFO  server.RaftServerConfigKeys (ConfUtils.java:logGet(43)) - raft.server.log.use.memory = false (default)
2019-09-25 12:53:57,623 [pool-297-thread-1] INFO  server.RaftServerConfigKeys (ConfUtils.java:logGet(43)) - raft.server.log.purge.gap = 1000000 (custom)
2019-09-25 12:53:57,623 [pool-297-thread-1] INFO  server.RaftServerConfigKeys (ConfUtils.java:logGet(43)) - raft.server.log.appender.buffer.byte-limit = 33554432 (custom)
2019-09-25 12:53:57,623 [pool-297-thread-1] INFO  server.RaftServerConfigKeys (ConfUtils.java:logGet(43)) - raft.server.log.segment.size.max = 1048576 (custom)
2019-09-25 12:53:57,623 [pool-297-thread-1] INFO  server.RaftServerConfigKeys (ConfUtils.java:logGet(43)) - raft.server.log.segment.cache.num.max = 2 (custom)
2019-09-25 12:53:57,623 [pool-297-thread-1] INFO  segmented.SegmentedRaftLogWorker (SegmentedRaftLogWorker.java:<init>(172)) - new a3c64651-fa92-44ac-be08-fa4b080bd23f@group-CC2372283FE8-SegmentedRaftLogWorker for RaftStorage:Storage Directory /workdir/hadoop-ozone/ozonefs/target/test-dir/MiniOzoneClusterImpl-79bd19af-4891-4838-ac1c-38edf188a5a0/datanode-2/data/ratis/e3fdf180-c23a-4021-ba1f-cc2372283fe8
2019-09-25 12:53:57,624 [pool-297-thread-1] INFO  server.RaftServerConfigKeys (ConfUtils.java:logGet(43)) - raft.server.log.queue.byte-limit = 2147483647 (custom)
2019-09-25 12:53:57,624 [pool-297-thread-1] INFO  server.RaftServerConfigKeys (ConfUtils.java:logGet(43)) - raft.server.log.queue.element-limit = 1024 (custom)
2019-09-25 12:53:57,624 [pool-297-thread-1] INFO  server.RaftServerConfigKeys (ConfUtils.java:logGet(43)) - raft.server.log.segment.size.max = 1048576 (custom)
2019-09-25 12:53:57,624 [pool-297-thread-1] INFO  server.RaftServerConfigKeys (ConfUtils.java:logGet(43)) - raft.server.log.preallocated.size = 16384 (custom)
2019-09-25 12:53:57,624 [pool-297-thread-1] INFO  server.RaftServerConfigKeys (ConfUtils.java:logGet(43)) - raft.server.log.write.buffer.size = 33554432 (custom)
2019-09-25 12:53:57,624 [pool-297-thread-1] INFO  server.RaftServerConfigKeys (ConfUtils.java:logGet(43)) - raft.server.log.force.sync.num = 128 (default)
2019-09-25 12:53:57,624 [pool-297-thread-1] INFO  server.RaftServerConfigKeys (ConfUtils.java:logGet(43)) - raft.server.log.statemachine.data.sync = true (default)
2019-09-25 12:53:57,625 [pool-297-thread-1] INFO  server.RaftServerConfigKeys (ConfUtils.java:logGet(43)) - raft.server.log.statemachine.data.sync.timeout = 10s (default)
2019-09-25 12:53:57,625 [pool-297-thread-1] INFO  server.RaftServerConfigKeys (ConfUtils.java:logGet(43)) - raft.server.log.statemachine.data.sync.timeout.retry = -1 (default)
2019-09-25 12:53:57,625 [pool-297-thread-1] INFO  server.RaftServerConfigKeys (ConfUtils.java:logGet(43)) - raft.server.log.statemachine.data.caching.enabled = true (custom)
2019-09-25 12:53:57,625 [pool-297-thread-1] INFO  segmented.SegmentedRaftLogWorker (SegmentedRaftLogWorker.java:lambda$new$0(132)) - a3c64651-fa92-44ac-be08-fa4b080bd23f@group-CC2372283FE8-SegmentedRaftLogWorker: flushIndex: setUnconditionally 0 -> -1
2019-09-25 12:53:57,625 [pool-297-thread-1] INFO  server.RaftServerConfigKeys (ConfUtils.java:logGet(43)) - raft.server.snapshot.auto.trigger.enabled = true (custom)
2019-09-25 12:53:57,626 [pool-297-thread-1] INFO  server.RaftServerConfigKeys (ConfUtils.java:logGet(43)) - raft.server.snapshot.auto.trigger.threshold = 10000 (custom)
2019-09-25 12:53:57,626 [pool-297-thread-1] INFO  server.RaftServerConfigKeys (ConfUtils.java:logGet(43)) - raft.server.snapshot.retention.num.files = 5 (custom)
2019-09-25 12:53:57,626 [pool-297-thread-1] INFO  server.RaftServerConfigKeys (ConfUtils.java:logGet(43)) - raft.server.retrycache.expirytime = 600000ms (custom)
2019-09-25 12:53:57,628 [pool-297-thread-1] INFO  impl.RaftServerImpl (RaftServerImpl.java:start(185)) - a3c64651-fa92-44ac-be08-fa4b080bd23f@group-CC2372283FE8: start as a follower, conf=-1: [a3c64651-fa92-44ac-be08-fa4b080bd23f:192.168.151.73:44285], old=null
2019-09-25 12:53:57,628 [pool-297-thread-1] INFO  impl.RaftServerImpl (RaftServerImpl.java:setRole(174)) - a3c64651-fa92-44ac-be08-fa4b080bd23f@group-CC2372283FE8: changes role from      null to FOLLOWER at term 0 for startAsFollower
2019-09-25 12:53:57,628 [pool-297-thread-1] INFO  impl.RoleInfo (RoleInfo.java:updateAndGet(143)) - a3c64651-fa92-44ac-be08-fa4b080bd23f: start FollowerState
2019-09-25 12:53:57,628 [pool-297-thread-1] INFO  util.JmxRegister (JmxRegister.java:tryRegister(44)) - Successfully registered JMX Bean with object name Ratis:service=RaftServer,group=group-CC2372283FE8,id=a3c64651-fa92-44ac-be08-fa4b080bd23f
2019-09-25 12:53:57,631 [RatisPipelineUtilsThread] INFO  pipeline.PipelineStateManager (PipelineStateManager.java:addPipeline(56)) - Created pipeline Pipeline[ Id: e3fdf180-c23a-4021-ba1f-cc2372283fe8, Nodes: a3c64651-fa92-44ac-be08-fa4b080bd23f{ip: 192.168.151.73, host: pr-hdds-1569-shd4m-3693607622, networkLocation: /default-rack, certSerialId: null}, Type:RATIS, Factor:ONE, State:OPEN]
2019-09-25 12:53:57,631 [RatisPipelineUtilsThread] INFO  pipeline.PipelinePlacementPolicy (PipelinePlacementPolicy.java:meetCriteria(91)) - Pipeline Placement: can't place more pipeline on heavy datanode： 5380f2ea-b78f-45f9-b140-bf4307a3f3ad Heaviness: 6 limit: 5
2019-09-25 12:53:57,631 [RatisPipelineUtilsThread] INFO  pipeline.PipelinePlacementPolicy (PipelinePlacementPolicy.java:meetCriteria(91)) - Pipeline Placement: can't place more pipeline on heavy datanode： 3c260395-8f43-46ed-9b5e-2de54f98c750 Heaviness: 6 limit: 5
2019-09-25 12:53:57,636 [grpc-default-executor-0] INFO  impl.RaftServerProxy (RaftServerProxy.java:addNew(89)) - a3c64651-fa92-44ac-be08-fa4b080bd23f: addNew group-0B9A9E619754:[a3c64651-fa92-44ac-be08-fa4b080bd23f:192.168.151.73:44285] returns group-0B9A9E619754:java.util.concurrent.CompletableFuture@428e428d[Not completed]
2019-09-25 12:53:57,637 [pool-297-thread-1] INFO  impl.RaftServerImpl (RaftServerImpl.java:<init>(95)) - a3c64651-fa92-44ac-be08-fa4b080bd23f: new RaftServerImpl for group-0B9A9E619754:[a3c64651-fa92-44ac-be08-fa4b080bd23f:192.168.151.73:44285] with ContainerStateMachine:uninitialized
2019-09-25 12:53:57,637 [pool-297-thread-1] INFO  server.RaftServerConfigKeys (ConfUtils.java:logGet(43)) - raft.server.rpc.timeout.min = 5s (custom)
2019-09-25 12:53:57,637 [pool-297-thread-1] INFO  server.RaftServerConfigKeys (ConfUtils.java:logGet(43)) - raft.server.rpc.timeout.max = 5200ms (custom)
2019-09-25 12:53:57,637 [pool-297-thread-1] INFO  server.RaftServerConfigKeys (ConfUtils.java:logGet(43)) - raft.server.rpcslowness.timeout = 120s (custom)
2019-09-25 12:53:57,637 [pool-297-thread-1] INFO  server.RaftServerConfigKeys (ConfUtils.java:logGet(43)) - raft.server.sleep.deviation.threshold = 300 (default)
2019-09-25 12:53:57,638 [pool-297-thread-1] INFO  server.RaftServerConfigKeys (ConfUtils.java:logGet(43)) - raft.server.log.appender.install.snapshot.enabled = false (custom)
2019-09-25 12:53:57,638 [pool-297-thread-1] INFO  impl.RaftServerImpl (ServerState.java:<init>(103)) - a3c64651-fa92-44ac-be08-fa4b080bd23f@group-0B9A9E619754: ConfigurationManager, init=-1: [a3c64651-fa92-44ac-be08-fa4b080bd23f:192.168.151.73:44285], old=null, confs=<EMPTY_MAP>
2019-09-25 12:53:57,638 [pool-297-thread-1] INFO  server.RaftServerConfigKeys (ConfUtils.java:logGet(43)) - raft.server.storage.dir = [/workdir/hadoop-ozone/ozonefs/target/test-dir/MiniOzoneClusterImpl-79bd19af-4891-4838-ac1c-38edf188a5a0/datanode-2/data/ratis] (custom)
2019-09-25 12:53:57,638 [pool-297-thread-1] INFO  storage.RaftStorageDirectory (RaftStorageDirectory.java:analyzeStorage(246)) - The storage directory /workdir/hadoop-ozone/ozonefs/target/test-dir/MiniOzoneClusterImpl-79bd19af-4891-4838-ac1c-38edf188a5a0/datanode-2/data/ratis/a3f58585-a8bb-4719-9703-0b9a9e619754 does not exist. Creating ...
2019-09-25 12:53:57,661 [pool-297-thread-1] INFO  storage.RaftStorageDirectory (RaftStorageDirectory.java:tryLock(328)) - Lock on /workdir/hadoop-ozone/ozonefs/target/test-dir/MiniOzoneClusterImpl-79bd19af-4891-4838-ac1c-38edf188a5a0/datanode-2/data/ratis/a3f58585-a8bb-4719-9703-0b9a9e619754/in_use.lock acquired by nodename 3512@pr-hdds-1569-shd4m-3693607622
2019-09-25 12:53:57,685 [pool-297-thread-1] INFO  storage.RaftStorage (RaftStorage.java:format(72)) - Storage directory /workdir/hadoop-ozone/ozonefs/target/test-dir/MiniOzoneClusterImpl-79bd19af-4891-4838-ac1c-38edf188a5a0/datanode-2/data/ratis/a3f58585-a8bb-4719-9703-0b9a9e619754 has been successfully formatted.
2019-09-25 12:53:57,685 [pool-297-thread-1] INFO  ratis.ContainerStateMachine (ContainerStateMachine.java:loadSnapshot(230)) - group-0B9A9E619754: The snapshot info is null. Setting the last applied indexto:(t:0, i:~)
2019-09-25 12:53:57,685 [pool-297-thread-1] INFO  server.RaftServerConfigKeys (ConfUtils.java:logGet(43)) - raft.server.notification.no-leader.timeout = 120s (custom)
2019-09-25 12:53:57,685 [pool-297-thread-1] INFO  server.RaftServerConfigKeys (ConfUtils.java:logGet(43)) - raft.server.log.use.memory = false (default)
2019-09-25 12:53:57,686 [pool-297-thread-1] INFO  server.RaftServerConfigKeys (ConfUtils.java:logGet(43)) - raft.server.log.purge.gap = 1000000 (custom)
2019-09-25 12:53:57,686 [pool-297-thread-1] INFO  server.RaftServerConfigKeys (ConfUtils.java:logGet(43)) - raft.server.log.appender.buffer.byte-limit = 33554432 (custom)
2019-09-25 12:53:57,686 [pool-297-thread-1] INFO  server.RaftServerConfigKeys (ConfUtils.java:logGet(43)) - raft.server.log.segment.size.max = 1048576 (custom)
2019-09-25 12:53:57,686 [pool-297-thread-1] INFO  server.RaftServerConfigKeys (ConfUtils.java:logGet(43)) - raft.server.log.segment.cache.num.max = 2 (custom)
2019-09-25 12:53:57,686 [pool-297-thread-1] INFO  segmented.SegmentedRaftLogWorker (SegmentedRaftLogWorker.java:<init>(172)) - new a3c64651-fa92-44ac-be08-fa4b080bd23f@group-0B9A9E619754-SegmentedRaftLogWorker for RaftStorage:Storage Directory /workdir/hadoop-ozone/ozonefs/target/test-dir/MiniOzoneClusterImpl-79bd19af-4891-4838-ac1c-38edf188a5a0/datanode-2/data/ratis/a3f58585-a8bb-4719-9703-0b9a9e619754
2019-09-25 12:53:57,686 [pool-297-thread-1] INFO  server.RaftServerConfigKeys (ConfUtils.java:logGet(43)) - raft.server.log.queue.byte-limit = 2147483647 (custom)
2019-09-25 12:53:57,687 [pool-297-thread-1] INFO  server.RaftServerConfigKeys (ConfUtils.java:logGet(43)) - raft.server.log.queue.element-limit = 1024 (custom)
2019-09-25 12:53:57,687 [pool-297-thread-1] INFO  server.RaftServerConfigKeys (ConfUtils.java:logGet(43)) - raft.server.log.segment.size.max = 1048576 (custom)
2019-09-25 12:53:57,687 [pool-297-thread-1] INFO  server.RaftServerConfigKeys (ConfUtils.java:logGet(43)) - raft.server.log.preallocated.size = 16384 (custom)
2019-09-25 12:53:57,687 [pool-297-thread-1] INFO  server.RaftServerConfigKeys (ConfUtils.java:logGet(43)) - raft.server.log.write.buffer.size = 33554432 (custom)
2019-09-25 12:53:57,687 [pool-297-thread-1] INFO  server.RaftServerConfigKeys (ConfUtils.java:logGet(43)) - raft.server.log.force.sync.num = 128 (default)
2019-09-25 12:53:57,687 [pool-297-thread-1] INFO  server.RaftServerConfigKeys (ConfUtils.java:logGet(43)) - raft.server.log.statemachine.data.sync = true (default)
2019-09-25 12:53:57,687 [pool-297-thread-1] INFO  server.RaftServerConfigKeys (ConfUtils.java:logGet(43)) - raft.server.log.statemachine.data.sync.timeout = 10s (default)
2019-09-25 12:53:57,688 [pool-297-thread-1] INFO  server.RaftServerConfigKeys (ConfUtils.java:logGet(43)) - raft.server.log.statemachine.data.sync.timeout.retry = -1 (default)
2019-09-25 12:53:57,688 [pool-297-thread-1] INFO  server.RaftServerConfigKeys (ConfUtils.java:logGet(43)) - raft.server.log.statemachine.data.caching.enabled = true (custom)
2019-09-25 12:53:57,688 [pool-297-thread-1] INFO  segmented.SegmentedRaftLogWorker (SegmentedRaftLogWorker.java:lambda$new$0(132)) - a3c64651-fa92-44ac-be08-fa4b080bd23f@group-0B9A9E619754-SegmentedRaftLogWorker: flushIndex: setUnconditionally 0 -> -1
2019-09-25 12:53:57,689 [pool-297-thread-1] INFO  server.RaftServerConfigKeys (ConfUtils.java:logGet(43)) - raft.server.snapshot.auto.trigger.enabled = true (custom)
2019-09-25 12:53:57,689 [pool-297-thread-1] INFO  server.RaftServerConfigKeys (ConfUtils.java:logGet(43)) - raft.server.snapshot.auto.trigger.threshold = 10000 (custom)
2019-09-25 12:53:57,689 [pool-297-thread-1] INFO  server.RaftServerConfigKeys (ConfUtils.java:logGet(43)) - raft.server.snapshot.retention.num.files = 5 (custom)
2019-09-25 12:53:57,689 [pool-297-thread-1] INFO  server.RaftServerConfigKeys (ConfUtils.java:logGet(43)) - raft.server.retrycache.expirytime = 600000ms (custom)
2019-09-25 12:53:57,691 [pool-297-thread-1] INFO  impl.RaftServerImpl (RaftServerImpl.java:start(185)) - a3c64651-fa92-44ac-be08-fa4b080bd23f@group-0B9A9E619754: start as a follower, conf=-1: [a3c64651-fa92-44ac-be08-fa4b080bd23f:192.168.151.73:44285], old=null
2019-09-25 12:53:57,691 [pool-297-thread-1] INFO  impl.RaftServerImpl (RaftServerImpl.java:setRole(174)) - a3c64651-fa92-44ac-be08-fa4b080bd23f@group-0B9A9E619754: changes role from      null to FOLLOWER at term 0 for startAsFollower
2019-09-25 12:53:57,691 [pool-297-thread-1] INFO  impl.RoleInfo (RoleInfo.java:updateAndGet(143)) - a3c64651-fa92-44ac-be08-fa4b080bd23f: start FollowerState
2019-09-25 12:53:57,692 [pool-297-thread-1] INFO  util.JmxRegister (JmxRegister.java:tryRegister(44)) - Successfully registered JMX Bean with object name Ratis:service=RaftServer,group=group-0B9A9E619754,id=a3c64651-fa92-44ac-be08-fa4b080bd23f
2019-09-25 12:53:57,695 [RatisPipelineUtilsThread] INFO  pipeline.PipelineStateManager (PipelineStateManager.java:addPipeline(56)) - Created pipeline Pipeline[ Id: a3f58585-a8bb-4719-9703-0b9a9e619754, Nodes: a3c64651-fa92-44ac-be08-fa4b080bd23f{ip: 192.168.151.73, host: pr-hdds-1569-shd4m-3693607622, networkLocation: /default-rack, certSerialId: null}, Type:RATIS, Factor:ONE, State:OPEN]
2019-09-25 12:53:57,696 [RatisPipelineUtilsThread] INFO  pipeline.PipelinePlacementPolicy (PipelinePlacementPolicy.java:meetCriteria(91)) - Pipeline Placement: can't place more pipeline on heavy datanode： 5380f2ea-b78f-45f9-b140-bf4307a3f3ad Heaviness: 6 limit: 5
2019-09-25 12:53:57,696 [RatisPipelineUtilsThread] INFO  pipeline.PipelinePlacementPolicy (PipelinePlacementPolicy.java:meetCriteria(91)) - Pipeline Placement: can't place more pipeline on heavy datanode： 3c260395-8f43-46ed-9b5e-2de54f98c750 Heaviness: 6 limit: 5
2019-09-25 12:53:57,701 [grpc-default-executor-0] INFO  impl.RaftServerProxy (RaftServerProxy.java:addNew(89)) - a3c64651-fa92-44ac-be08-fa4b080bd23f: addNew group-FD447198498E:[a3c64651-fa92-44ac-be08-fa4b080bd23f:192.168.151.73:44285] returns group-FD447198498E:java.util.concurrent.CompletableFuture@4eddfa13[Not completed]
2019-09-25 12:53:57,703 [pool-297-thread-1] INFO  impl.RaftServerImpl (RaftServerImpl.java:<init>(95)) - a3c64651-fa92-44ac-be08-fa4b080bd23f: new RaftServerImpl for group-FD447198498E:[a3c64651-fa92-44ac-be08-fa4b080bd23f:192.168.151.73:44285] with ContainerStateMachine:uninitialized
2019-09-25 12:53:57,703 [pool-297-thread-1] INFO  server.RaftServerConfigKeys (ConfUtils.java:logGet(43)) - raft.server.rpc.timeout.min = 5s (custom)
2019-09-25 12:53:57,703 [pool-297-thread-1] INFO  server.RaftServerConfigKeys (ConfUtils.java:logGet(43)) - raft.server.rpc.timeout.max = 5200ms (custom)
2019-09-25 12:53:57,703 [pool-297-thread-1] INFO  server.RaftServerConfigKeys (ConfUtils.java:logGet(43)) - raft.server.rpcslowness.timeout = 120s (custom)
2019-09-25 12:53:57,703 [pool-297-thread-1] INFO  server.RaftServerConfigKeys (ConfUtils.java:logGet(43)) - raft.server.sleep.deviation.threshold = 300 (default)
2019-09-25 12:53:57,703 [pool-297-thread-1] INFO  server.RaftServerConfigKeys (ConfUtils.java:logGet(43)) - raft.server.log.appender.install.snapshot.enabled = false (custom)
2019-09-25 12:53:57,704 [pool-297-thread-1] INFO  impl.RaftServerImpl (ServerState.java:<init>(103)) - a3c64651-fa92-44ac-be08-fa4b080bd23f@group-FD447198498E: ConfigurationManager, init=-1: [a3c64651-fa92-44ac-be08-fa4b080bd23f:192.168.151.73:44285], old=null, confs=<EMPTY_MAP>
2019-09-25 12:53:57,704 [pool-297-thread-1] INFO  server.RaftServerConfigKeys (ConfUtils.java:logGet(43)) - raft.server.storage.dir = [/workdir/hadoop-ozone/ozonefs/target/test-dir/MiniOzoneClusterImpl-79bd19af-4891-4838-ac1c-38edf188a5a0/datanode-2/data/ratis] (custom)
2019-09-25 12:53:57,704 [pool-297-thread-1] INFO  storage.RaftStorageDirectory (RaftStorageDirectory.java:analyzeStorage(246)) - The storage directory /workdir/hadoop-ozone/ozonefs/target/test-dir/MiniOzoneClusterImpl-79bd19af-4891-4838-ac1c-38edf188a5a0/datanode-2/data/ratis/2f5c9f7c-ba24-4a50-8416-fd447198498e does not exist. Creating ...
2019-09-25 12:53:57,709 [pool-297-thread-1] INFO  storage.RaftStorageDirectory (RaftStorageDirectory.java:tryLock(328)) - Lock on /workdir/hadoop-ozone/ozonefs/target/test-dir/MiniOzoneClusterImpl-79bd19af-4891-4838-ac1c-38edf188a5a0/datanode-2/data/ratis/2f5c9f7c-ba24-4a50-8416-fd447198498e/in_use.lock acquired by nodename 3512@pr-hdds-1569-shd4m-3693607622
2019-09-25 12:53:57,752 [pool-297-thread-1] INFO  storage.RaftStorage (RaftStorage.java:format(72)) - Storage directory /workdir/hadoop-ozone/ozonefs/target/test-dir/MiniOzoneClusterImpl-79bd19af-4891-4838-ac1c-38edf188a5a0/datanode-2/data/ratis/2f5c9f7c-ba24-4a50-8416-fd447198498e has been successfully formatted.
2019-09-25 12:53:57,752 [pool-297-thread-1] INFO  ratis.ContainerStateMachine (ContainerStateMachine.java:loadSnapshot(230)) - group-FD447198498E: The snapshot info is null. Setting the last applied indexto:(t:0, i:~)
2019-09-25 12:53:57,752 [pool-297-thread-1] INFO  server.RaftServerConfigKeys (ConfUtils.java:logGet(43)) - raft.server.notification.no-leader.timeout = 120s (custom)
2019-09-25 12:53:57,752 [pool-297-thread-1] INFO  server.RaftServerConfigKeys (ConfUtils.java:logGet(43)) - raft.server.log.use.memory = false (default)
2019-09-25 12:53:57,753 [pool-297-thread-1] INFO  server.RaftServerConfigKeys (ConfUtils.java:logGet(43)) - raft.server.log.purge.gap = 1000000 (custom)
2019-09-25 12:53:57,753 [pool-297-thread-1] INFO  server.RaftServerConfigKeys (ConfUtils.java:logGet(43)) - raft.server.log.appender.buffer.byte-limit = 33554432 (custom)
2019-09-25 12:53:57,753 [pool-297-thread-1] INFO  server.RaftServerConfigKeys (ConfUtils.java:logGet(43)) - raft.server.log.segment.size.max = 1048576 (custom)
2019-09-25 12:53:57,753 [pool-297-thread-1] INFO  server.RaftServerConfigKeys (ConfUtils.java:logGet(43)) - raft.server.log.segment.cache.num.max = 2 (custom)
2019-09-25 12:53:57,753 [pool-297-thread-1] INFO  segmented.SegmentedRaftLogWorker (SegmentedRaftLogWorker.java:<init>(172)) - new a3c64651-fa92-44ac-be08-fa4b080bd23f@group-FD447198498E-SegmentedRaftLogWorker for RaftStorage:Storage Directory /workdir/hadoop-ozone/ozonefs/target/test-dir/MiniOzoneClusterImpl-79bd19af-4891-4838-ac1c-38edf188a5a0/datanode-2/data/ratis/2f5c9f7c-ba24-4a50-8416-fd447198498e
2019-09-25 12:53:57,753 [pool-297-thread-1] INFO  server.RaftServerConfigKeys (ConfUtils.java:logGet(43)) - raft.server.log.queue.byte-limit = 2147483647 (custom)
2019-09-25 12:53:57,753 [pool-297-thread-1] INFO  server.RaftServerConfigKeys (ConfUtils.java:logGet(43)) - raft.server.log.queue.element-limit = 1024 (custom)
2019-09-25 12:53:57,754 [pool-297-thread-1] INFO  server.RaftServerConfigKeys (ConfUtils.java:logGet(43)) - raft.server.log.segment.size.max = 1048576 (custom)
2019-09-25 12:53:57,754 [pool-297-thread-1] INFO  server.RaftServerConfigKeys (ConfUtils.java:logGet(43)) - raft.server.log.preallocated.size = 16384 (custom)
2019-09-25 12:53:57,754 [pool-297-thread-1] INFO  server.RaftServerConfigKeys (ConfUtils.java:logGet(43)) - raft.server.log.write.buffer.size = 33554432 (custom)
2019-09-25 12:53:57,754 [pool-297-thread-1] INFO  server.RaftServerConfigKeys (ConfUtils.java:logGet(43)) - raft.server.log.force.sync.num = 128 (default)
2019-09-25 12:53:57,754 [pool-297-thread-1] INFO  server.RaftServerConfigKeys (ConfUtils.java:logGet(43)) - raft.server.log.statemachine.data.sync = true (default)
2019-09-25 12:53:57,754 [pool-297-thread-1] INFO  server.RaftServerConfigKeys (ConfUtils.java:logGet(43)) - raft.server.log.statemachine.data.sync.timeout = 10s (default)
2019-09-25 12:53:57,755 [pool-297-thread-1] INFO  server.RaftServerConfigKeys (ConfUtils.java:logGet(43)) - raft.server.log.statemachine.data.sync.timeout.retry = -1 (default)
2019-09-25 12:53:57,755 [pool-297-thread-1] INFO  server.RaftServerConfigKeys (ConfUtils.java:logGet(43)) - raft.server.log.statemachine.data.caching.enabled = true (custom)
2019-09-25 12:53:57,755 [pool-297-thread-1] INFO  segmented.SegmentedRaftLogWorker (SegmentedRaftLogWorker.java:lambda$new$0(132)) - a3c64651-fa92-44ac-be08-fa4b080bd23f@group-FD447198498E-SegmentedRaftLogWorker: flushIndex: setUnconditionally 0 -> -1
2019-09-25 12:53:57,755 [pool-297-thread-1] INFO  server.RaftServerConfigKeys (ConfUtils.java:logGet(43)) - raft.server.snapshot.auto.trigger.enabled = true (custom)
2019-09-25 12:53:57,756 [pool-297-thread-1] INFO  server.RaftServerConfigKeys (ConfUtils.java:logGet(43)) - raft.server.snapshot.auto.trigger.threshold = 10000 (custom)
2019-09-25 12:53:57,756 [pool-297-thread-1] INFO  server.RaftServerConfigKeys (ConfUtils.java:logGet(43)) - raft.server.snapshot.retention.num.files = 5 (custom)
2019-09-25 12:53:57,756 [pool-297-thread-1] INFO  server.RaftServerConfigKeys (ConfUtils.java:logGet(43)) - raft.server.retrycache.expirytime = 600000ms (custom)
2019-09-25 12:53:57,758 [pool-297-thread-1] INFO  impl.RaftServerImpl (RaftServerImpl.java:start(185)) - a3c64651-fa92-44ac-be08-fa4b080bd23f@group-FD447198498E: start as a follower, conf=-1: [a3c64651-fa92-44ac-be08-fa4b080bd23f:192.168.151.73:44285], old=null
2019-09-25 12:53:57,758 [pool-297-thread-1] INFO  impl.RaftServerImpl (RaftServerImpl.java:setRole(174)) - a3c64651-fa92-44ac-be08-fa4b080bd23f@group-FD447198498E: changes role from      null to FOLLOWER at term 0 for startAsFollower
2019-09-25 12:53:57,758 [pool-297-thread-1] INFO  impl.RoleInfo (RoleInfo.java:updateAndGet(143)) - a3c64651-fa92-44ac-be08-fa4b080bd23f: start FollowerState
2019-09-25 12:53:57,759 [pool-297-thread-1] INFO  util.JmxRegister (JmxRegister.java:tryRegister(44)) - Successfully registered JMX Bean with object name Ratis:service=RaftServer,group=group-FD447198498E,id=a3c64651-fa92-44ac-be08-fa4b080bd23f
2019-09-25 12:53:57,762 [RatisPipelineUtilsThread] INFO  pipeline.PipelineStateManager (PipelineStateManager.java:addPipeline(56)) - Created pipeline Pipeline[ Id: 2f5c9f7c-ba24-4a50-8416-fd447198498e, Nodes: a3c64651-fa92-44ac-be08-fa4b080bd23f{ip: 192.168.151.73, host: pr-hdds-1569-shd4m-3693607622, networkLocation: /default-rack, certSerialId: null}, Type:RATIS, Factor:ONE, State:OPEN]
2019-09-25 12:53:57,763 [RatisPipelineUtilsThread] INFO  pipeline.PipelinePlacementPolicy (PipelinePlacementPolicy.java:meetCriteria(91)) - Pipeline Placement: can't place more pipeline on heavy datanode： 5380f2ea-b78f-45f9-b140-bf4307a3f3ad Heaviness: 6 limit: 5
2019-09-25 12:53:57,763 [RatisPipelineUtilsThread] INFO  pipeline.PipelinePlacementPolicy (PipelinePlacementPolicy.java:meetCriteria(91)) - Pipeline Placement: can't place more pipeline on heavy datanode： 3c260395-8f43-46ed-9b5e-2de54f98c750 Heaviness: 6 limit: 5
2019-09-25 12:53:57,763 [RatisPipelineUtilsThread] INFO  pipeline.PipelinePlacementPolicy (PipelinePlacementPolicy.java:meetCriteria(91)) - Pipeline Placement: can't place more pipeline on heavy datanode： a3c64651-fa92-44ac-be08-fa4b080bd23f Heaviness: 6 limit: 5
2019-09-25 12:53:57,763 [RatisPipelineUtilsThread] ERROR pipeline.PipelinePlacementPolicy (PipelinePlacementPolicy.java:filterViableNodes(148)) - Unable to find enough nodes that meet the criteria that cannot engage in more than 5 pipelines. Nodes required: 1 Found: 0, healthy nodes count inNodeManager: 3.
2019-09-25 12:53:57,763 [RatisPipelineUtilsThread] ERROR pipeline.SCMPipelineManager (SCMPipelineManager.java:createPipeline(167)) - Pipeline creation failed.
org.apache.hadoop.hdds.scm.exceptions.SCMException: Unable to find enough nodes that meet the criteria that cannot engage in more than 5 pipelines. Nodes required: 1 Found: 0, healthy nodes count inNodeManager: 3.
	at org.apache.hadoop.hdds.scm.pipeline.PipelinePlacementPolicy.filterViableNodes(PipelinePlacementPolicy.java:149)
	at org.apache.hadoop.hdds.scm.pipeline.PipelinePlacementPolicy.chooseDatanodes(PipelinePlacementPolicy.java:172)
	at org.apache.hadoop.hdds.scm.pipeline.RatisPipelineProvider.create(RatisPipelineProvider.java:93)
	at org.apache.hadoop.hdds.scm.pipeline.PipelineFactory.create(PipelineFactory.java:58)
	at org.apache.hadoop.hdds.scm.pipeline.SCMPipelineManager.createPipeline(SCMPipelineManager.java:155)
	at org.apache.hadoop.hdds.scm.pipeline.BackgroundPipelineCreator.createPipelines(BackgroundPipelineCreator.java:99)
	at java.util.concurrent.Executors$RunnableAdapter.call(Executors.java:511)
	at java.util.concurrent.FutureTask.run(FutureTask.java:266)
	at java.util.concurrent.ScheduledThreadPoolExecutor$ScheduledFutureTask.access$201(ScheduledThreadPoolExecutor.java:180)
	at java.util.concurrent.ScheduledThreadPoolExecutor$ScheduledFutureTask.run(ScheduledThreadPoolExecutor.java:293)
	at java.util.concurrent.ThreadPoolExecutor.runWorker(ThreadPoolExecutor.java:1149)
	at java.util.concurrent.ThreadPoolExecutor$Worker.run(ThreadPoolExecutor.java:624)
	at java.lang.Thread.run(Thread.java:748)
2019-09-25 12:53:57,764 [RatisPipelineUtilsThread] INFO  pipeline.PipelinePlacementPolicy (PipelinePlacementPolicy.java:meetCriteria(91)) - Pipeline Placement: can't place more pipeline on heavy datanode： 5380f2ea-b78f-45f9-b140-bf4307a3f3ad Heaviness: 6 limit: 5
2019-09-25 12:53:57,764 [RatisPipelineUtilsThread] INFO  pipeline.PipelinePlacementPolicy (PipelinePlacementPolicy.java:meetCriteria(91)) - Pipeline Placement: can't place more pipeline on heavy datanode： 3c260395-8f43-46ed-9b5e-2de54f98c750 Heaviness: 6 limit: 5
2019-09-25 12:53:57,764 [RatisPipelineUtilsThread] INFO  pipeline.PipelinePlacementPolicy (PipelinePlacementPolicy.java:meetCriteria(91)) - Pipeline Placement: can't place more pipeline on heavy datanode： a3c64651-fa92-44ac-be08-fa4b080bd23f Heaviness: 6 limit: 5
2019-09-25 12:53:57,764 [RatisPipelineUtilsThread] ERROR pipeline.PipelinePlacementPolicy (PipelinePlacementPolicy.java:filterViableNodes(148)) - Unable to find enough nodes that meet the criteria that cannot engage in more than 5 pipelines. Nodes required: 3 Found: 0, healthy nodes count inNodeManager: 3.
2019-09-25 12:53:57,764 [RatisPipelineUtilsThread] ERROR pipeline.SCMPipelineManager (SCMPipelineManager.java:createPipeline(167)) - Pipeline creation failed.
org.apache.hadoop.hdds.scm.exceptions.SCMException: Unable to find enough nodes that meet the criteria that cannot engage in more than 5 pipelines. Nodes required: 3 Found: 0, healthy nodes count inNodeManager: 3.
	at org.apache.hadoop.hdds.scm.pipeline.PipelinePlacementPolicy.filterViableNodes(PipelinePlacementPolicy.java:149)
	at org.apache.hadoop.hdds.scm.pipeline.PipelinePlacementPolicy.chooseDatanodes(PipelinePlacementPolicy.java:172)
	at org.apache.hadoop.hdds.scm.pipeline.RatisPipelineProvider.create(RatisPipelineProvider.java:93)
	at org.apache.hadoop.hdds.scm.pipeline.PipelineFactory.create(PipelineFactory.java:58)
	at org.apache.hadoop.hdds.scm.pipeline.SCMPipelineManager.createPipeline(SCMPipelineManager.java:155)
	at org.apache.hadoop.hdds.scm.pipeline.BackgroundPipelineCreator.createPipelines(BackgroundPipelineCreator.java:99)
	at java.util.concurrent.Executors$RunnableAdapter.call(Executors.java:511)
	at java.util.concurrent.FutureTask.run(FutureTask.java:266)
	at java.util.concurrent.ScheduledThreadPoolExecutor$ScheduledFutureTask.access$201(ScheduledThreadPoolExecutor.java:180)
	at java.util.concurrent.ScheduledThreadPoolExecutor$ScheduledFutureTask.run(ScheduledThreadPoolExecutor.java:293)
	at java.util.concurrent.ThreadPoolExecutor.runWorker(ThreadPoolExecutor.java:1149)
	at java.util.concurrent.ThreadPoolExecutor$Worker.run(ThreadPoolExecutor.java:624)
	at java.lang.Thread.run(Thread.java:748)
2019-09-25 12:53:57,765 [RatisPipelineUtilsThread] INFO  pipeline.PipelinePlacementPolicy (PipelinePlacementPolicy.java:meetCriteria(91)) - Pipeline Placement: can't place more pipeline on heavy datanode： 5380f2ea-b78f-45f9-b140-bf4307a3f3ad Heaviness: 6 limit: 5
2019-09-25 12:53:57,765 [RatisPipelineUtilsThread] INFO  pipeline.PipelinePlacementPolicy (PipelinePlacementPolicy.java:meetCriteria(91)) - Pipeline Placement: can't place more pipeline on heavy datanode： 3c260395-8f43-46ed-9b5e-2de54f98c750 Heaviness: 6 limit: 5
2019-09-25 12:53:57,765 [RatisPipelineUtilsThread] INFO  pipeline.PipelinePlacementPolicy (PipelinePlacementPolicy.java:meetCriteria(91)) - Pipeline Placement: can't place more pipeline on heavy datanode： a3c64651-fa92-44ac-be08-fa4b080bd23f Heaviness: 6 limit: 5
2019-09-25 12:53:57,765 [RatisPipelineUtilsThread] ERROR pipeline.PipelinePlacementPolicy (PipelinePlacementPolicy.java:filterViableNodes(148)) - Unable to find enough nodes that meet the criteria that cannot engage in more than 5 pipelines. Nodes required: 1 Found: 0, healthy nodes count inNodeManager: 3.
2019-09-25 12:53:57,766 [RatisPipelineUtilsThread] ERROR pipeline.SCMPipelineManager (SCMPipelineManager.java:createPipeline(167)) - Pipeline creation failed.
org.apache.hadoop.hdds.scm.exceptions.SCMException: Unable to find enough nodes that meet the criteria that cannot engage in more than 5 pipelines. Nodes required: 1 Found: 0, healthy nodes count inNodeManager: 3.
	at org.apache.hadoop.hdds.scm.pipeline.PipelinePlacementPolicy.filterViableNodes(PipelinePlacementPolicy.java:149)
	at org.apache.hadoop.hdds.scm.pipeline.PipelinePlacementPolicy.chooseDatanodes(PipelinePlacementPolicy.java:172)
	at org.apache.hadoop.hdds.scm.pipeline.RatisPipelineProvider.create(RatisPipelineProvider.java:93)
	at org.apache.hadoop.hdds.scm.pipeline.PipelineFactory.create(PipelineFactory.java:58)
	at org.apache.hadoop.hdds.scm.pipeline.SCMPipelineManager.createPipeline(SCMPipelineManager.java:155)
	at org.apache.hadoop.hdds.scm.pipeline.BackgroundPipelineCreator.createPipelines(BackgroundPipelineCreator.java:99)
	at org.apache.hadoop.hdds.scm.pipeline.BackgroundPipelineCreator.lambda$startFixedIntervalPipelineCreator$0(BackgroundPipelineCreator.java:70)
	at java.util.concurrent.Executors$RunnableAdapter.call(Executors.java:511)
	at java.util.concurrent.FutureTask.runAndReset(FutureTask.java:308)
	at java.util.concurrent.ScheduledThreadPoolExecutor$ScheduledFutureTask.access$301(ScheduledThreadPoolExecutor.java:180)
	at java.util.concurrent.ScheduledThreadPoolExecutor$ScheduledFutureTask.run(ScheduledThreadPoolExecutor.java:294)
	at java.util.concurrent.ThreadPoolExecutor.runWorker(ThreadPoolExecutor.java:1149)
	at java.util.concurrent.ThreadPoolExecutor$Worker.run(ThreadPoolExecutor.java:624)
	at java.lang.Thread.run(Thread.java:748)
2019-09-25 12:53:57,766 [RatisPipelineUtilsThread] INFO  pipeline.PipelinePlacementPolicy (PipelinePlacementPolicy.java:meetCriteria(91)) - Pipeline Placement: can't place more pipeline on heavy datanode： 5380f2ea-b78f-45f9-b140-bf4307a3f3ad Heaviness: 6 limit: 5
2019-09-25 12:53:57,766 [RatisPipelineUtilsThread] INFO  pipeline.PipelinePlacementPolicy (PipelinePlacementPolicy.java:meetCriteria(91)) - Pipeline Placement: can't place more pipeline on heavy datanode： 3c260395-8f43-46ed-9b5e-2de54f98c750 Heaviness: 6 limit: 5
2019-09-25 12:53:57,766 [RatisPipelineUtilsThread] INFO  pipeline.PipelinePlacementPolicy (PipelinePlacementPolicy.java:meetCriteria(91)) - Pipeline Placement: can't place more pipeline on heavy datanode： a3c64651-fa92-44ac-be08-fa4b080bd23f Heaviness: 6 limit: 5
2019-09-25 12:53:57,767 [RatisPipelineUtilsThread] ERROR pipeline.PipelinePlacementPolicy (PipelinePlacementPolicy.java:filterViableNodes(148)) - Unable to find enough nodes that meet the criteria that cannot engage in more than 5 pipelines. Nodes required: 3 Found: 0, healthy nodes count inNodeManager: 3.
2019-09-25 12:53:57,767 [RatisPipelineUtilsThread] ERROR pipeline.SCMPipelineManager (SCMPipelineManager.java:createPipeline(167)) - Pipeline creation failed.
org.apache.hadoop.hdds.scm.exceptions.SCMException: Unable to find enough nodes that meet the criteria that cannot engage in more than 5 pipelines. Nodes required: 3 Found: 0, healthy nodes count inNodeManager: 3.
	at org.apache.hadoop.hdds.scm.pipeline.PipelinePlacementPolicy.filterViableNodes(PipelinePlacementPolicy.java:149)
	at org.apache.hadoop.hdds.scm.pipeline.PipelinePlacementPolicy.chooseDatanodes(PipelinePlacementPolicy.java:172)
	at org.apache.hadoop.hdds.scm.pipeline.RatisPipelineProvider.create(RatisPipelineProvider.java:93)
	at org.apache.hadoop.hdds.scm.pipeline.PipelineFactory.create(PipelineFactory.java:58)
	at org.apache.hadoop.hdds.scm.pipeline.SCMPipelineManager.createPipeline(SCMPipelineManager.java:155)
	at org.apache.hadoop.hdds.scm.pipeline.BackgroundPipelineCreator.createPipelines(BackgroundPipelineCreator.java:99)
	at org.apache.hadoop.hdds.scm.pipeline.BackgroundPipelineCreator.lambda$startFixedIntervalPipelineCreator$0(BackgroundPipelineCreator.java:70)
	at java.util.concurrent.Executors$RunnableAdapter.call(Executors.java:511)
	at java.util.concurrent.FutureTask.runAndReset(FutureTask.java:308)
	at java.util.concurrent.ScheduledThreadPoolExecutor$ScheduledFutureTask.access$301(ScheduledThreadPoolExecutor.java:180)
	at java.util.concurrent.ScheduledThreadPoolExecutor$ScheduledFutureTask.run(ScheduledThreadPoolExecutor.java:294)
	at java.util.concurrent.ThreadPoolExecutor.runWorker(ThreadPoolExecutor.java:1149)
	at java.util.concurrent.ThreadPoolExecutor$Worker.run(ThreadPoolExecutor.java:624)
	at java.lang.Thread.run(Thread.java:748)
2019-09-25 12:53:58,013 [Thread-1340] INFO  ozone.MiniOzoneClusterImpl (MiniOzoneClusterImpl.java:lambda$waitForClusterToBeReady$0(147)) - Cluster is ready. Got 3 of 3 DN Heartbeats.
2019-09-25 12:53:58,063 [Thread-1340] INFO  rpc.RpcClient (RpcClient.java:createVolume(276)) - Creating Volume: volume73248, with user50618 as owner.
2019-09-25 12:53:58,065 [IPC Server handler 3 on 34949] INFO  volume.OMVolumeCreateRequest (OMVolumeCreateRequest.java:validateAndUpdateCache(189)) - created volume:volume73248 for user:user50618
2019-09-25 12:53:58,078 [Thread-1340] INFO  rpc.RpcClient (RpcClient.java:createBucket(415)) - Creating Bucket: volume73248/bucket00397, with Versioning false and Storage Type set to DISK and Encryption set to false 
2019-09-25 12:53:58,126 [IPC Server handler 1 on 34213] INFO  pipeline.PipelinePlacementPolicy (PipelinePlacementPolicy.java:meetCriteria(91)) - Pipeline Placement: can't place more pipeline on heavy datanode： 5380f2ea-b78f-45f9-b140-bf4307a3f3ad Heaviness: 6 limit: 5
2019-09-25 12:53:58,126 [IPC Server handler 1 on 34213] INFO  pipeline.PipelinePlacementPolicy (PipelinePlacementPolicy.java:meetCriteria(91)) - Pipeline Placement: can't place more pipeline on heavy datanode： 3c260395-8f43-46ed-9b5e-2de54f98c750 Heaviness: 6 limit: 5
2019-09-25 12:53:58,126 [IPC Server handler 1 on 34213] INFO  pipeline.PipelinePlacementPolicy (PipelinePlacementPolicy.java:meetCriteria(91)) - Pipeline Placement: can't place more pipeline on heavy datanode： a3c64651-fa92-44ac-be08-fa4b080bd23f Heaviness: 6 limit: 5
2019-09-25 12:53:58,126 [IPC Server handler 1 on 34213] ERROR pipeline.PipelinePlacementPolicy (PipelinePlacementPolicy.java:filterViableNodes(148)) - Unable to find enough nodes that meet the criteria that cannot engage in more than 5 pipelines. Nodes required: 3 Found: 0, healthy nodes count inNodeManager: 3.
2019-09-25 12:53:58,127 [IPC Server handler 1 on 34213] ERROR pipeline.SCMPipelineManager (SCMPipelineManager.java:createPipeline(167)) - Pipeline creation failed.
org.apache.hadoop.hdds.scm.exceptions.SCMException: Unable to find enough nodes that meet the criteria that cannot engage in more than 5 pipelines. Nodes required: 3 Found: 0, healthy nodes count inNodeManager: 3.
	at org.apache.hadoop.hdds.scm.pipeline.PipelinePlacementPolicy.filterViableNodes(PipelinePlacementPolicy.java:149)
	at org.apache.hadoop.hdds.scm.pipeline.PipelinePlacementPolicy.chooseDatanodes(PipelinePlacementPolicy.java:172)
	at org.apache.hadoop.hdds.scm.pipeline.RatisPipelineProvider.create(RatisPipelineProvider.java:93)
	at org.apache.hadoop.hdds.scm.pipeline.PipelineFactory.create(PipelineFactory.java:58)
	at org.apache.hadoop.hdds.scm.pipeline.SCMPipelineManager.createPipeline(SCMPipelineManager.java:155)
	at org.apache.hadoop.hdds.scm.block.BlockManagerImpl.allocateBlock(BlockManagerImpl.java:190)
	at org.apache.hadoop.hdds.scm.server.SCMBlockProtocolServer.allocateBlock(SCMBlockProtocolServer.java:182)
	at org.apache.hadoop.ozone.protocolPB.ScmBlockLocationProtocolServerSideTranslatorPB.allocateScmBlock(ScmBlockLocationProtocolServerSideTranslatorPB.java:183)
	at org.apache.hadoop.ozone.protocolPB.ScmBlockLocationProtocolServerSideTranslatorPB.processMessage(ScmBlockLocationProtocolServerSideTranslatorPB.java:141)
	at org.apache.hadoop.ozone.protocolPB.ScmBlockLocationProtocolServerSideTranslatorPB.send(ScmBlockLocationProtocolServerSideTranslatorPB.java:116)
	at org.apache.hadoop.hdds.protocol.proto.ScmBlockLocationProtocolProtos$ScmBlockLocationProtocolService$2.callBlockingMethod(ScmBlockLocationProtocolProtos.java:13157)
	at org.apache.hadoop.ipc.ProtobufRpcEngine$Server$ProtoBufRpcInvoker.call(ProtobufRpcEngine.java:524)
	at org.apache.hadoop.ipc.RPC$Server.call(RPC.java:1025)
	at org.apache.hadoop.ipc.Server$RpcCall.run(Server.java:876)
	at org.apache.hadoop.ipc.Server$RpcCall.run(Server.java:822)
	at java.security.AccessController.doPrivileged(Native Method)
	at javax.security.auth.Subject.doAs(Subject.java:422)
	at org.apache.hadoop.security.UserGroupInformation.doAs(UserGroupInformation.java:1730)
	at org.apache.hadoop.ipc.Server$Handler.run(Server.java:2682)
2019-09-25 12:53:58,127 [IPC Server handler 1 on 34213] WARN  block.BlockManagerImpl (BlockManagerImpl.java:allocateBlock(192)) - Pipeline creation failed for type:RATIS factor:THREE. Retrying get pipelines call once.
org.apache.hadoop.hdds.scm.exceptions.SCMException: Unable to find enough nodes that meet the criteria that cannot engage in more than 5 pipelines. Nodes required: 3 Found: 0, healthy nodes count inNodeManager: 3.
	at org.apache.hadoop.hdds.scm.pipeline.PipelinePlacementPolicy.filterViableNodes(PipelinePlacementPolicy.java:149)
	at org.apache.hadoop.hdds.scm.pipeline.PipelinePlacementPolicy.chooseDatanodes(PipelinePlacementPolicy.java:172)
	at org.apache.hadoop.hdds.scm.pipeline.RatisPipelineProvider.create(RatisPipelineProvider.java:93)
	at org.apache.hadoop.hdds.scm.pipeline.PipelineFactory.create(PipelineFactory.java:58)
	at org.apache.hadoop.hdds.scm.pipeline.SCMPipelineManager.createPipeline(SCMPipelineManager.java:155)
	at org.apache.hadoop.hdds.scm.block.BlockManagerImpl.allocateBlock(BlockManagerImpl.java:190)
	at org.apache.hadoop.hdds.scm.server.SCMBlockProtocolServer.allocateBlock(SCMBlockProtocolServer.java:182)
	at org.apache.hadoop.ozone.protocolPB.ScmBlockLocationProtocolServerSideTranslatorPB.allocateScmBlock(ScmBlockLocationProtocolServerSideTranslatorPB.java:183)
	at org.apache.hadoop.ozone.protocolPB.ScmBlockLocationProtocolServerSideTranslatorPB.processMessage(ScmBlockLocationProtocolServerSideTranslatorPB.java:141)
	at org.apache.hadoop.ozone.protocolPB.ScmBlockLocationProtocolServerSideTranslatorPB.send(ScmBlockLocationProtocolServerSideTranslatorPB.java:116)
	at org.apache.hadoop.hdds.protocol.proto.ScmBlockLocationProtocolProtos$ScmBlockLocationProtocolService$2.callBlockingMethod(ScmBlockLocationProtocolProtos.java:13157)
	at org.apache.hadoop.ipc.ProtobufRpcEngine$Server$ProtoBufRpcInvoker.call(ProtobufRpcEngine.java:524)
	at org.apache.hadoop.ipc.RPC$Server.call(RPC.java:1025)
	at org.apache.hadoop.ipc.Server$RpcCall.run(Server.java:876)
	at org.apache.hadoop.ipc.Server$RpcCall.run(Server.java:822)
	at java.security.AccessController.doPrivileged(Native Method)
	at javax.security.auth.Subject.doAs(Subject.java:422)
	at org.apache.hadoop.security.UserGroupInformation.doAs(UserGroupInformation.java:1730)
	at org.apache.hadoop.ipc.Server$Handler.run(Server.java:2682)
2019-09-25 12:53:58,128 [IPC Server handler 1 on 34213] INFO  block.BlockManagerImpl (BlockManagerImpl.java:allocateBlock(198)) - Could not find available pipeline of type:RATIS and factor:THREE even after retrying
2019-09-25 12:53:58,128 [IPC Server handler 1 on 34213] ERROR block.BlockManagerImpl (BlockManagerImpl.java:allocateBlock(222)) - Unable to allocate a block for the size: 4194304, type: RATIS, factor: THREE
2019-09-25 12:53:58,131 [Thread-1340] INFO  ozone.MiniOzoneClusterImpl (MiniOzoneClusterImpl.java:shutdown(314)) - Shutting down the Mini Ozone Cluster
2019-09-25 12:53:58,131 [Thread-1340] INFO  ozone.MiniOzoneClusterImpl (MiniOzoneClusterImpl.java:stop(330)) - Stopping the Mini Ozone Cluster
2019-09-25 12:53:58,131 [Thread-1340] INFO  ozone.MiniOzoneClusterImpl (MiniOzoneClusterImpl.java:stopOM(400)) - Stopping the OzoneManager
2019-09-25 12:53:58,132 [Thread-1340] INFO  ipc.Server (Server.java:stop(3082)) - Stopping server on 34949
2019-09-25 12:53:58,136 [Thread-1340] INFO  ratis.OzoneManagerDoubleBuffer (OzoneManagerDoubleBuffer.java:stop(248)) - Stopping OMDoubleBuffer flush thread
2019-09-25 12:53:58,136 [IPC Server Responder] INFO  ipc.Server (Server.java:run(1319)) - Stopping IPC Server Responder
2019-09-25 12:53:58,136 [IPC Server listener on 34949] INFO  ipc.Server (Server.java:run(1185)) - Stopping IPC Server listener on 34949
2019-09-25 12:53:58,137 [OMDoubleBufferFlushThread] INFO  ratis.OzoneManagerDoubleBuffer (OzoneManagerDoubleBuffer.java:flushTransactions(191)) - OMDoubleBuffer flush thread OMDoubleBufferFlushThread is interrupted and will exit. OMDoubleBufferFlushThread
2019-09-25 12:53:58,139 [Thread-1340] INFO  utils.BackgroundService (BackgroundService.java:shutdown(148)) - Shutting down service KeyDeletingService
2019-09-25 12:53:58,140 [Thread-1340] INFO  handler.ContextHandler (ContextHandler.java:doStop(910)) - Stopped o.e.j.w.WebAppContext@f0724bb{/,null,UNAVAILABLE}{/ozoneManager}
2019-09-25 12:53:58,140 [Thread-1340] INFO  server.AbstractConnector (AbstractConnector.java:doStop(318)) - Stopped ServerConnector@7260c798{HTTP/1.1,[http/1.1]}{0.0.0.0:0}
2019-09-25 12:53:58,141 [Thread-1340] INFO  handler.ContextHandler (ContextHandler.java:doStop(910)) - Stopped o.e.j.s.ServletContextHandler@6b25bedf{/static,jar:file:/home/user/.m2/repository/org/apache/hadoop/hadoop-ozone-ozone-manager/0.5.0-SNAPSHOT/hadoop-ozone-ozone-manager-0.5.0-SNAPSHOT.jar!/webapps/static,UNAVAILABLE}
2019-09-25 12:53:58,141 [Thread-1340] INFO  handler.ContextHandler (ContextHandler.java:doStop(910)) - Stopped o.e.j.s.ServletContextHandler@15b2b6df{/logs,file:///workdir/hadoop-ozone/ozonefs/target/log,UNAVAILABLE}
2019-09-25 12:53:58,142 [Thread-1340] INFO  ozone.MiniOzoneClusterImpl (MiniOzoneClusterImpl.java:stopDatanodes(377)) - Stopping the HddsDatanodes
2019-09-25 12:53:58,868 [Datanode State Machine Thread - 0] INFO  statemachine.DatanodeStateMachine (DatanodeStateMachine.java:lambda$startDaemon$0(350)) - Ozone container server started.
2019-09-25 12:53:58,943 [Datanode State Machine Thread - 0] INFO  statemachine.DatanodeStateMachine (DatanodeStateMachine.java:lambda$startDaemon$0(350)) - Ozone container server started.
2019-09-25 12:53:59,879 [Thread-1512] INFO  container.ReplicationManager (ReplicationManager.java:start(163)) - Starting Replication Monitor Thread.
2019-09-25 12:53:59,883 [ReplicationMonitor] INFO  container.ReplicationManager (ReplicationManager.java:run(226)) - Replication Monitor Thread took 0 milliseconds for processing 0 containers.
2019-09-25 12:54:02,035 [Thread-1514] INFO  impl.FollowerState (FollowerState.java:run(106)) - 3c260395-8f43-46ed-9b5e-2de54f98c750:group-2528DE1C654A changes to CANDIDATE, lastRpcTime:5101, electionTimeout:5101ms
2019-09-25 12:54:02,036 [Thread-1514] INFO  impl.RoleInfo (RoleInfo.java:shutdownFollowerState(121)) - 3c260395-8f43-46ed-9b5e-2de54f98c750: shutdown FollowerState
2019-09-25 12:54:02,036 [Thread-1514] INFO  impl.RaftServerImpl (RaftServerImpl.java:setRole(174)) - 3c260395-8f43-46ed-9b5e-2de54f98c750@group-2528DE1C654A: changes role from  FOLLOWER to CANDIDATE at term 0 for changeToCandidate
2019-09-25 12:54:02,036 [Thread-1514] INFO  impl.RoleInfo (RoleInfo.java:updateAndGet(143)) - 3c260395-8f43-46ed-9b5e-2de54f98c750: start LeaderElection
2019-09-25 12:54:02,069 [Thread-1517] INFO  impl.FollowerState (FollowerState.java:run(106)) - 3c260395-8f43-46ed-9b5e-2de54f98c750:group-C8AEB78B14DA changes to CANDIDATE, lastRpcTime:5090, electionTimeout:5090ms
2019-09-25 12:54:02,070 [Thread-1517] INFO  impl.RoleInfo (RoleInfo.java:shutdownFollowerState(121)) - 3c260395-8f43-46ed-9b5e-2de54f98c750: shutdown FollowerState
2019-09-25 12:54:02,070 [Thread-1517] INFO  impl.RaftServerImpl (RaftServerImpl.java:setRole(174)) - 3c260395-8f43-46ed-9b5e-2de54f98c750@group-C8AEB78B14DA: changes role from  FOLLOWER to CANDIDATE at term 0 for changeToCandidate
2019-09-25 12:54:02,070 [Thread-1517] INFO  impl.RoleInfo (RoleInfo.java:updateAndGet(143)) - 3c260395-8f43-46ed-9b5e-2de54f98c750: start LeaderElection
2019-09-25 12:54:02,126 [Thread-1526] INFO  impl.FollowerState (FollowerState.java:run(106)) - 3c260395-8f43-46ed-9b5e-2de54f98c750:group-264620764987 changes to CANDIDATE, lastRpcTime:5019, electionTimeout:5019ms
2019-09-25 12:54:02,127 [Thread-1526] INFO  impl.RoleInfo (RoleInfo.java:shutdownFollowerState(121)) - 3c260395-8f43-46ed-9b5e-2de54f98c750: shutdown FollowerState
2019-09-25 12:54:02,127 [Thread-1526] INFO  impl.RaftServerImpl (RaftServerImpl.java:setRole(174)) - 3c260395-8f43-46ed-9b5e-2de54f98c750@group-264620764987: changes role from  FOLLOWER to CANDIDATE at term 0 for changeToCandidate
2019-09-25 12:54:02,127 [Thread-1526] INFO  impl.RoleInfo (RoleInfo.java:updateAndGet(143)) - 3c260395-8f43-46ed-9b5e-2de54f98c750: start LeaderElection
2019-09-25 12:54:02,137 [Thread-1520] INFO  impl.FollowerState (FollowerState.java:run(106)) - 5380f2ea-b78f-45f9-b140-bf4307a3f3ad:group-C5C48737DFC9 changes to CANDIDATE, lastRpcTime:5111, electionTimeout:5111ms
2019-09-25 12:54:02,137 [Thread-1520] INFO  impl.RoleInfo (RoleInfo.java:shutdownFollowerState(121)) - 5380f2ea-b78f-45f9-b140-bf4307a3f3ad: shutdown FollowerState
2019-09-25 12:54:02,137 [Thread-1520] INFO  impl.RaftServerImpl (RaftServerImpl.java:setRole(174)) - 5380f2ea-b78f-45f9-b140-bf4307a3f3ad@group-C5C48737DFC9: changes role from  FOLLOWER to CANDIDATE at term 0 for changeToCandidate
2019-09-25 12:54:02,137 [Thread-1520] INFO  impl.RoleInfo (RoleInfo.java:updateAndGet(143)) - 5380f2ea-b78f-45f9-b140-bf4307a3f3ad: start LeaderElection
2019-09-25 12:54:02,237 [Thread-1535] INFO  impl.FollowerState (FollowerState.java:run(106)) - 5380f2ea-b78f-45f9-b140-bf4307a3f3ad:group-27FC373992E4 changes to CANDIDATE, lastRpcTime:5002, electionTimeout:5002ms
2019-09-25 12:54:02,238 [Thread-1535] INFO  impl.RoleInfo (RoleInfo.java:shutdownFollowerState(121)) - 5380f2ea-b78f-45f9-b140-bf4307a3f3ad: shutdown FollowerState
2019-09-25 12:54:02,238 [Thread-1535] INFO  impl.RaftServerImpl (RaftServerImpl.java:setRole(174)) - 5380f2ea-b78f-45f9-b140-bf4307a3f3ad@group-27FC373992E4: changes role from  FOLLOWER to CANDIDATE at term 0 for changeToCandidate
2019-09-25 12:54:02,238 [Thread-1535] INFO  impl.RoleInfo (RoleInfo.java:updateAndGet(143)) - 5380f2ea-b78f-45f9-b140-bf4307a3f3ad: start LeaderElection
2019-09-25 12:54:02,256 [Thread-1523] INFO  impl.FollowerState (FollowerState.java:run(106)) - 3c260395-8f43-46ed-9b5e-2de54f98c750:group-D91EB8511BFF changes to CANDIDATE, lastRpcTime:5189, electionTimeout:5189ms
2019-09-25 12:54:02,256 [Thread-1523] INFO  impl.RoleInfo (RoleInfo.java:shutdownFollowerState(121)) - 3c260395-8f43-46ed-9b5e-2de54f98c750: shutdown FollowerState
2019-09-25 12:54:02,257 [Thread-1523] INFO  impl.RaftServerImpl (RaftServerImpl.java:setRole(174)) - 3c260395-8f43-46ed-9b5e-2de54f98c750@group-D91EB8511BFF: changes role from  FOLLOWER to CANDIDATE at term 0 for changeToCandidate
2019-09-25 12:54:02,257 [Thread-1523] INFO  impl.RoleInfo (RoleInfo.java:updateAndGet(143)) - 3c260395-8f43-46ed-9b5e-2de54f98c750: start LeaderElection
2019-09-25 12:54:02,276 [Thread-1529] INFO  impl.FollowerState (FollowerState.java:run(106)) - 3c260395-8f43-46ed-9b5e-2de54f98c750:group-03DA9CE5AF7F changes to CANDIDATE, lastRpcTime:5131, electionTimeout:5131ms
2019-09-25 12:54:02,276 [Thread-1529] INFO  impl.RoleInfo (RoleInfo.java:shutdownFollowerState(121)) - 3c260395-8f43-46ed-9b5e-2de54f98c750: shutdown FollowerState
2019-09-25 12:54:02,276 [Thread-1529] INFO  impl.RaftServerImpl (RaftServerImpl.java:setRole(174)) - 3c260395-8f43-46ed-9b5e-2de54f98c750@group-03DA9CE5AF7F: changes role from  FOLLOWER to CANDIDATE at term 0 for changeToCandidate
2019-09-25 12:54:02,276 [Thread-1529] INFO  impl.RoleInfo (RoleInfo.java:updateAndGet(143)) - 3c260395-8f43-46ed-9b5e-2de54f98c750: start LeaderElection
2019-09-25 12:54:02,281 [Thread-1532] INFO  impl.FollowerState (FollowerState.java:run(106)) - a3c64651-fa92-44ac-be08-fa4b080bd23f:group-95DCB7035392 changes to CANDIDATE, lastRpcTime:5099, electionTimeout:5099ms
2019-09-25 12:54:02,281 [Thread-1532] INFO  impl.RoleInfo (RoleInfo.java:shutdownFollowerState(121)) - a3c64651-fa92-44ac-be08-fa4b080bd23f: shutdown FollowerState
2019-09-25 12:54:02,281 [Thread-1532] INFO  impl.RaftServerImpl (RaftServerImpl.java:setRole(174)) - a3c64651-fa92-44ac-be08-fa4b080bd23f@group-95DCB7035392: changes role from  FOLLOWER to CANDIDATE at term 0 for changeToCandidate
2019-09-25 12:54:02,282 [Thread-1532] INFO  impl.RoleInfo (RoleInfo.java:updateAndGet(143)) - a3c64651-fa92-44ac-be08-fa4b080bd23f: start LeaderElection
2019-09-25 12:54:02,425 [Thread-1538] INFO  impl.FollowerState (FollowerState.java:run(106)) - 3c260395-8f43-46ed-9b5e-2de54f98c750:group-853FBE72ACE2 changes to CANDIDATE, lastRpcTime:5146, electionTimeout:5146ms
2019-09-25 12:54:02,426 [Thread-1538] INFO  impl.RoleInfo (RoleInfo.java:shutdownFollowerState(121)) - 3c260395-8f43-46ed-9b5e-2de54f98c750: shutdown FollowerState
2019-09-25 12:54:02,426 [Thread-1538] INFO  impl.RaftServerImpl (RaftServerImpl.java:setRole(174)) - 3c260395-8f43-46ed-9b5e-2de54f98c750@group-853FBE72ACE2: changes role from  FOLLOWER to CANDIDATE at term 0 for changeToCandidate
2019-09-25 12:54:02,426 [Thread-1538] INFO  impl.RoleInfo (RoleInfo.java:updateAndGet(143)) - 3c260395-8f43-46ed-9b5e-2de54f98c750: start LeaderElection
2019-09-25 12:54:02,451 [Thread-1547] INFO  impl.FollowerState (FollowerState.java:run(106)) - 5380f2ea-b78f-45f9-b140-bf4307a3f3ad:group-1EF01BE7DD46 changes to CANDIDATE, lastRpcTime:5022, electionTimeout:5022ms
2019-09-25 12:54:02,452 [Thread-1547] INFO  impl.RoleInfo (RoleInfo.java:shutdownFollowerState(121)) - 5380f2ea-b78f-45f9-b140-bf4307a3f3ad: shutdown FollowerState
2019-09-25 12:54:02,452 [Thread-1547] INFO  impl.RaftServerImpl (RaftServerImpl.java:setRole(174)) - 5380f2ea-b78f-45f9-b140-bf4307a3f3ad@group-1EF01BE7DD46: changes role from  FOLLOWER to CANDIDATE at term 0 for changeToCandidate
2019-09-25 12:54:02,452 [Thread-1547] INFO  impl.RoleInfo (RoleInfo.java:updateAndGet(143)) - 5380f2ea-b78f-45f9-b140-bf4307a3f3ad: start LeaderElection
2019-09-25 12:54:02,478 [Thread-1541] INFO  impl.FollowerState (FollowerState.java:run(106)) - a3c64651-fa92-44ac-be08-fa4b080bd23f:group-400477FE2962 changes to CANDIDATE, lastRpcTime:5155, electionTimeout:5155ms
2019-09-25 12:54:02,479 [Thread-1541] INFO  impl.RoleInfo (RoleInfo.java:shutdownFollowerState(121)) - a3c64651-fa92-44ac-be08-fa4b080bd23f: shutdown FollowerState
2019-09-25 12:54:02,479 [Thread-1541] INFO  impl.RaftServerImpl (RaftServerImpl.java:setRole(174)) - a3c64651-fa92-44ac-be08-fa4b080bd23f@group-400477FE2962: changes role from  FOLLOWER to CANDIDATE at term 0 for changeToCandidate
2019-09-25 12:54:02,479 [Thread-1541] INFO  impl.RoleInfo (RoleInfo.java:updateAndGet(143)) - a3c64651-fa92-44ac-be08-fa4b080bd23f: start LeaderElection
2019-09-25 12:54:02,548 [Thread-1544] INFO  impl.FollowerState (FollowerState.java:run(106)) - a3c64651-fa92-44ac-be08-fa4b080bd23f:group-91FE4175A21C changes to CANDIDATE, lastRpcTime:5160, electionTimeout:5160ms
2019-09-25 12:54:02,548 [Thread-1544] INFO  impl.RoleInfo (RoleInfo.java:shutdownFollowerState(121)) - a3c64651-fa92-44ac-be08-fa4b080bd23f: shutdown FollowerState
2019-09-25 12:54:02,548 [Thread-1544] INFO  impl.RaftServerImpl (RaftServerImpl.java:setRole(174)) - a3c64651-fa92-44ac-be08-fa4b080bd23f@group-91FE4175A21C: changes role from  FOLLOWER to CANDIDATE at term 0 for changeToCandidate
2019-09-25 12:54:02,548 [Thread-1544] INFO  impl.RoleInfo (RoleInfo.java:updateAndGet(143)) - a3c64651-fa92-44ac-be08-fa4b080bd23f: start LeaderElection
2019-09-25 12:54:02,645 [Thread-1550] INFO  impl.FollowerState (FollowerState.java:run(106)) - 5380f2ea-b78f-45f9-b140-bf4307a3f3ad:group-ED91B2FA5DD4 changes to CANDIDATE, lastRpcTime:5173, electionTimeout:5173ms
2019-09-25 12:54:02,646 [Thread-1550] INFO  impl.RoleInfo (RoleInfo.java:shutdownFollowerState(121)) - 5380f2ea-b78f-45f9-b140-bf4307a3f3ad: shutdown FollowerState
2019-09-25 12:54:02,646 [Thread-1550] INFO  impl.RaftServerImpl (RaftServerImpl.java:setRole(174)) - 5380f2ea-b78f-45f9-b140-bf4307a3f3ad@group-ED91B2FA5DD4: changes role from  FOLLOWER to CANDIDATE at term 0 for changeToCandidate
2019-09-25 12:54:02,646 [Thread-1550] INFO  impl.RoleInfo (RoleInfo.java:updateAndGet(143)) - 5380f2ea-b78f-45f9-b140-bf4307a3f3ad: start LeaderElection
2019-09-25 12:54:02,711 [Thread-1562] INFO  impl.FollowerState (FollowerState.java:run(106)) - a3c64651-fa92-44ac-be08-fa4b080bd23f:group-0B9A9E619754 changes to CANDIDATE, lastRpcTime:5019, electionTimeout:5019ms
2019-09-25 12:54:02,711 [Thread-1562] INFO  impl.RoleInfo (RoleInfo.java:shutdownFollowerState(121)) - a3c64651-fa92-44ac-be08-fa4b080bd23f: shutdown FollowerState
2019-09-25 12:54:02,711 [Thread-1562] INFO  impl.RaftServerImpl (RaftServerImpl.java:setRole(174)) - a3c64651-fa92-44ac-be08-fa4b080bd23f@group-0B9A9E619754: changes role from  FOLLOWER to CANDIDATE at term 0 for changeToCandidate
2019-09-25 12:54:02,712 [Thread-1562] INFO  impl.RoleInfo (RoleInfo.java:updateAndGet(143)) - a3c64651-fa92-44ac-be08-fa4b080bd23f: start LeaderElection
2019-09-25 12:54:02,720 [Thread-1553] INFO  impl.FollowerState (FollowerState.java:run(106)) - 5380f2ea-b78f-45f9-b140-bf4307a3f3ad:group-CE886FD14164 changes to CANDIDATE, lastRpcTime:5195, electionTimeout:5195ms
2019-09-25 12:54:02,720 [Thread-1553] INFO  impl.RoleInfo (RoleInfo.java:shutdownFollowerState(121)) - 5380f2ea-b78f-45f9-b140-bf4307a3f3ad: shutdown FollowerState
2019-09-25 12:54:02,720 [Thread-1553] INFO  impl.RaftServerImpl (RaftServerImpl.java:setRole(174)) - 5380f2ea-b78f-45f9-b140-bf4307a3f3ad@group-CE886FD14164: changes role from  FOLLOWER to CANDIDATE at term 0 for changeToCandidate
2019-09-25 12:54:02,720 [Thread-1553] INFO  impl.RoleInfo (RoleInfo.java:updateAndGet(143)) - 5380f2ea-b78f-45f9-b140-bf4307a3f3ad: start LeaderElection
2019-09-25 12:54:02,738 [Thread-1559] INFO  impl.FollowerState (FollowerState.java:run(106)) - a3c64651-fa92-44ac-be08-fa4b080bd23f:group-CC2372283FE8 changes to CANDIDATE, lastRpcTime:5110, electionTimeout:5110ms
2019-09-25 12:54:02,739 [Thread-1559] INFO  impl.RoleInfo (RoleInfo.java:shutdownFollowerState(121)) - a3c64651-fa92-44ac-be08-fa4b080bd23f: shutdown FollowerState
2019-09-25 12:54:02,739 [Thread-1559] INFO  impl.RaftServerImpl (RaftServerImpl.java:setRole(174)) - a3c64651-fa92-44ac-be08-fa4b080bd23f@group-CC2372283FE8: changes role from  FOLLOWER to CANDIDATE at term 0 for changeToCandidate
2019-09-25 12:54:02,739 [Thread-1559] INFO  impl.RoleInfo (RoleInfo.java:updateAndGet(143)) - a3c64651-fa92-44ac-be08-fa4b080bd23f: start LeaderElection
2019-09-25 12:54:02,752 [Thread-1556] INFO  impl.FollowerState (FollowerState.java:run(106)) - 5380f2ea-b78f-45f9-b140-bf4307a3f3ad:group-BB4E52015C33 changes to CANDIDATE, lastRpcTime:5187, electionTimeout:5187ms
2019-09-25 12:54:02,752 [Thread-1556] INFO  impl.RoleInfo (RoleInfo.java:shutdownFollowerState(121)) - 5380f2ea-b78f-45f9-b140-bf4307a3f3ad: shutdown FollowerState
2019-09-25 12:54:02,752 [Thread-1556] INFO  impl.RaftServerImpl (RaftServerImpl.java:setRole(174)) - 5380f2ea-b78f-45f9-b140-bf4307a3f3ad@group-BB4E52015C33: changes role from  FOLLOWER to CANDIDATE at term 0 for changeToCandidate
2019-09-25 12:54:02,752 [Thread-1556] INFO  impl.RoleInfo (RoleInfo.java:updateAndGet(143)) - 5380f2ea-b78f-45f9-b140-bf4307a3f3ad: start LeaderElection
2019-09-25 12:54:02,910 [Thread-1565] INFO  impl.FollowerState (FollowerState.java:run(106)) - a3c64651-fa92-44ac-be08-fa4b080bd23f:group-FD447198498E changes to CANDIDATE, lastRpcTime:5151, electionTimeout:5151ms
2019-09-25 12:54:02,910 [Thread-1565] INFO  impl.RoleInfo (RoleInfo.java:shutdownFollowerState(121)) - a3c64651-fa92-44ac-be08-fa4b080bd23f: shutdown FollowerState
2019-09-25 12:54:02,910 [Thread-1565] INFO  impl.RaftServerImpl (RaftServerImpl.java:setRole(174)) - a3c64651-fa92-44ac-be08-fa4b080bd23f@group-FD447198498E: changes role from  FOLLOWER to CANDIDATE at term 0 for changeToCandidate
2019-09-25 12:54:02,911 [Thread-1565] INFO  impl.RoleInfo (RoleInfo.java:updateAndGet(143)) - a3c64651-fa92-44ac-be08-fa4b080bd23f: start LeaderElection
2019-09-25 12:54:03,144 [Thread-1340] INFO  ozoneimpl.OzoneContainer (OzoneContainer.java:stop(231)) - Attempting to stop container services.
2019-09-25 12:54:03,144 [ForkJoinPool.commonPool-worker-0] INFO  ozoneimpl.OzoneContainer (OzoneContainer.java:stop(231)) - Attempting to stop container services.
2019-09-25 12:54:03,144 [Thread-1340] INFO  impl.RaftServerProxy (RaftServerProxy.java:lambda$close$4(314)) - 5380f2ea-b78f-45f9-b140-bf4307a3f3ad: close
2019-09-25 12:54:03,145 [ForkJoinPool.commonPool-worker-0] INFO  impl.RaftServerProxy (RaftServerProxy.java:lambda$close$4(314)) - 3c260395-8f43-46ed-9b5e-2de54f98c750: close
2019-09-25 12:54:03,145 [Thread-1340] INFO  impl.RaftServerImpl (RaftServerImpl.java:lambda$shutdown$3(251)) - 5380f2ea-b78f-45f9-b140-bf4307a3f3ad@group-CE886FD14164: shutdown
2019-09-25 12:54:03,145 [ForkJoinPool.commonPool-worker-0] INFO  impl.RaftServerImpl (RaftServerImpl.java:lambda$shutdown$3(251)) - 3c260395-8f43-46ed-9b5e-2de54f98c750@group-03DA9CE5AF7F: shutdown
2019-09-25 12:54:03,145 [Thread-1340] INFO  util.JmxRegister (JmxRegister.java:unregister(73)) - Successfully un-registered JMX Bean with object name Ratis:service=RaftServer,group=group-CE886FD14164,id=5380f2ea-b78f-45f9-b140-bf4307a3f3ad
2019-09-25 12:54:03,146 [ForkJoinPool.commonPool-worker-0] INFO  util.JmxRegister (JmxRegister.java:unregister(73)) - Successfully un-registered JMX Bean with object name Ratis:service=RaftServer,group=group-03DA9CE5AF7F,id=3c260395-8f43-46ed-9b5e-2de54f98c750
2019-09-25 12:54:03,146 [Thread-1340] INFO  impl.RoleInfo (RoleInfo.java:shutdownLeaderElection(134)) - 5380f2ea-b78f-45f9-b140-bf4307a3f3ad: shutdown LeaderElection
2019-09-25 12:54:03,146 [ForkJoinPool.commonPool-worker-0] INFO  impl.RoleInfo (RoleInfo.java:shutdownLeaderElection(134)) - 3c260395-8f43-46ed-9b5e-2de54f98c750: shutdown LeaderElection
2019-09-25 12:54:03,147 [Thread-1340] INFO  impl.StateMachineUpdater (StateMachineUpdater.java:stopAndJoin(125)) - 5380f2ea-b78f-45f9-b140-bf4307a3f3ad@group-CE886FD14164-StateMachineUpdater: set stopIndex = -1
2019-09-25 12:54:03,148 [Thread-1340] INFO  impl.RaftServerImpl (ServerState.java:close(385)) - 5380f2ea-b78f-45f9-b140-bf4307a3f3ad@group-CE886FD14164: closes. applyIndex: -1
2019-09-25 12:54:03,147 [ForkJoinPool.commonPool-worker-0] INFO  impl.StateMachineUpdater (StateMachineUpdater.java:stopAndJoin(125)) - 3c260395-8f43-46ed-9b5e-2de54f98c750@group-03DA9CE5AF7F-StateMachineUpdater: set stopIndex = -1
2019-09-25 12:54:03,148 [5380f2ea-b78f-45f9-b140-bf4307a3f3ad@group-CE886FD14164-SegmentedRaftLogWorker] INFO  segmented.SegmentedRaftLogWorker (SegmentedRaftLogWorker.java:run(313)) - 5380f2ea-b78f-45f9-b140-bf4307a3f3ad@group-CE886FD14164-SegmentedRaftLogWorker was interrupted, exiting. There are 0 tasks remaining in the queue.
2019-09-25 12:54:03,148 [ForkJoinPool.commonPool-worker-0] INFO  impl.RaftServerImpl (ServerState.java:close(385)) - 3c260395-8f43-46ed-9b5e-2de54f98c750@group-03DA9CE5AF7F: closes. applyIndex: -1
2019-09-25 12:54:03,149 [Thread-1340] INFO  segmented.SegmentedRaftLogWorker (SegmentedRaftLogWorker.java:close(228)) - 5380f2ea-b78f-45f9-b140-bf4307a3f3ad@group-CE886FD14164-SegmentedRaftLogWorker close()
2019-09-25 12:54:03,149 [3c260395-8f43-46ed-9b5e-2de54f98c750@group-03DA9CE5AF7F-SegmentedRaftLogWorker] INFO  segmented.SegmentedRaftLogWorker (SegmentedRaftLogWorker.java:run(313)) - 3c260395-8f43-46ed-9b5e-2de54f98c750@group-03DA9CE5AF7F-SegmentedRaftLogWorker was interrupted, exiting. There are 0 tasks remaining in the queue.
2019-09-25 12:54:03,152 [Thread-1340] INFO  impl.RaftServerImpl (RaftServerImpl.java:lambda$shutdown$3(251)) - 5380f2ea-b78f-45f9-b140-bf4307a3f3ad@group-C5C48737DFC9: shutdown
2019-09-25 12:54:03,152 [ForkJoinPool.commonPool-worker-0] INFO  segmented.SegmentedRaftLogWorker (SegmentedRaftLogWorker.java:close(228)) - 3c260395-8f43-46ed-9b5e-2de54f98c750@group-03DA9CE5AF7F-SegmentedRaftLogWorker close()
2019-09-25 12:54:03,152 [Thread-1340] INFO  util.JmxRegister (JmxRegister.java:unregister(73)) - Successfully un-registered JMX Bean with object name Ratis:service=RaftServer,group=group-C5C48737DFC9,id=5380f2ea-b78f-45f9-b140-bf4307a3f3ad
2019-09-25 12:54:03,155 [ForkJoinPool.commonPool-worker-0] INFO  impl.RaftServerImpl (RaftServerImpl.java:lambda$shutdown$3(251)) - 3c260395-8f43-46ed-9b5e-2de54f98c750@group-D91EB8511BFF: shutdown
2019-09-25 12:54:03,155 [Thread-1340] INFO  impl.RoleInfo (RoleInfo.java:shutdownLeaderElection(134)) - 5380f2ea-b78f-45f9-b140-bf4307a3f3ad: shutdown LeaderElection
2019-09-25 12:54:03,155 [ForkJoinPool.commonPool-worker-0] INFO  util.JmxRegister (JmxRegister.java:unregister(73)) - Successfully un-registered JMX Bean with object name Ratis:service=RaftServer,group=group-D91EB8511BFF,id=3c260395-8f43-46ed-9b5e-2de54f98c750
2019-09-25 12:54:03,156 [Thread-1340] INFO  impl.StateMachineUpdater (StateMachineUpdater.java:stopAndJoin(125)) - 5380f2ea-b78f-45f9-b140-bf4307a3f3ad@group-C5C48737DFC9-StateMachineUpdater: set stopIndex = -1
2019-09-25 12:54:03,156 [Thread-1340] INFO  impl.RaftServerImpl (ServerState.java:close(385)) - 5380f2ea-b78f-45f9-b140-bf4307a3f3ad@group-C5C48737DFC9: closes. applyIndex: -1
2019-09-25 12:54:03,156 [ForkJoinPool.commonPool-worker-0] INFO  impl.RoleInfo (RoleInfo.java:shutdownLeaderElection(134)) - 3c260395-8f43-46ed-9b5e-2de54f98c750: shutdown LeaderElection
2019-09-25 12:54:03,157 [5380f2ea-b78f-45f9-b140-bf4307a3f3ad@group-C5C48737DFC9-SegmentedRaftLogWorker] INFO  segmented.SegmentedRaftLogWorker (SegmentedRaftLogWorker.java:run(313)) - 5380f2ea-b78f-45f9-b140-bf4307a3f3ad@group-C5C48737DFC9-SegmentedRaftLogWorker was interrupted, exiting. There are 0 tasks remaining in the queue.
2019-09-25 12:54:03,157 [ForkJoinPool.commonPool-worker-0] INFO  impl.StateMachineUpdater (StateMachineUpdater.java:stopAndJoin(125)) - 3c260395-8f43-46ed-9b5e-2de54f98c750@group-D91EB8511BFF-StateMachineUpdater: set stopIndex = -1
2019-09-25 12:54:03,157 [Thread-1340] INFO  segmented.SegmentedRaftLogWorker (SegmentedRaftLogWorker.java:close(228)) - 5380f2ea-b78f-45f9-b140-bf4307a3f3ad@group-C5C48737DFC9-SegmentedRaftLogWorker close()
2019-09-25 12:54:03,157 [ForkJoinPool.commonPool-worker-0] INFO  impl.RaftServerImpl (ServerState.java:close(385)) - 3c260395-8f43-46ed-9b5e-2de54f98c750@group-D91EB8511BFF: closes. applyIndex: -1
2019-09-25 12:54:03,160 [Thread-1340] INFO  impl.RaftServerImpl (RaftServerImpl.java:lambda$shutdown$3(251)) - 5380f2ea-b78f-45f9-b140-bf4307a3f3ad@group-BB4E52015C33: shutdown
2019-09-25 12:54:03,160 [3c260395-8f43-46ed-9b5e-2de54f98c750@group-D91EB8511BFF-SegmentedRaftLogWorker] INFO  segmented.SegmentedRaftLogWorker (SegmentedRaftLogWorker.java:run(313)) - 3c260395-8f43-46ed-9b5e-2de54f98c750@group-D91EB8511BFF-SegmentedRaftLogWorker was interrupted, exiting. There are 0 tasks remaining in the queue.
2019-09-25 12:54:03,160 [Thread-1340] INFO  util.JmxRegister (JmxRegister.java:unregister(73)) - Successfully un-registered JMX Bean with object name Ratis:service=RaftServer,group=group-BB4E52015C33,id=5380f2ea-b78f-45f9-b140-bf4307a3f3ad
2019-09-25 12:54:03,160 [ForkJoinPool.commonPool-worker-0] INFO  segmented.SegmentedRaftLogWorker (SegmentedRaftLogWorker.java:close(228)) - 3c260395-8f43-46ed-9b5e-2de54f98c750@group-D91EB8511BFF-SegmentedRaftLogWorker close()
2019-09-25 12:54:03,161 [Thread-1340] INFO  impl.RoleInfo (RoleInfo.java:shutdownLeaderElection(134)) - 5380f2ea-b78f-45f9-b140-bf4307a3f3ad: shutdown LeaderElection
2019-09-25 12:54:03,163 [ForkJoinPool.commonPool-worker-0] INFO  impl.RaftServerImpl (RaftServerImpl.java:lambda$shutdown$3(251)) - 3c260395-8f43-46ed-9b5e-2de54f98c750@group-C8AEB78B14DA: shutdown
2019-09-25 12:54:03,163 [Thread-1340] INFO  impl.StateMachineUpdater (StateMachineUpdater.java:stopAndJoin(125)) - 5380f2ea-b78f-45f9-b140-bf4307a3f3ad@group-BB4E52015C33-StateMachineUpdater: set stopIndex = -1
2019-09-25 12:54:03,164 [ForkJoinPool.commonPool-worker-0] INFO  util.JmxRegister (JmxRegister.java:unregister(73)) - Successfully un-registered JMX Bean with object name Ratis:service=RaftServer,group=group-C8AEB78B14DA,id=3c260395-8f43-46ed-9b5e-2de54f98c750
2019-09-25 12:54:03,164 [Thread-1340] INFO  impl.RaftServerImpl (ServerState.java:close(385)) - 5380f2ea-b78f-45f9-b140-bf4307a3f3ad@group-BB4E52015C33: closes. applyIndex: -1
2019-09-25 12:54:03,164 [ForkJoinPool.commonPool-worker-0] INFO  impl.RoleInfo (RoleInfo.java:shutdownLeaderElection(134)) - 3c260395-8f43-46ed-9b5e-2de54f98c750: shutdown LeaderElection
2019-09-25 12:54:03,165 [5380f2ea-b78f-45f9-b140-bf4307a3f3ad@group-BB4E52015C33-SegmentedRaftLogWorker] INFO  segmented.SegmentedRaftLogWorker (SegmentedRaftLogWorker.java:run(313)) - 5380f2ea-b78f-45f9-b140-bf4307a3f3ad@group-BB4E52015C33-SegmentedRaftLogWorker was interrupted, exiting. There are 0 tasks remaining in the queue.
2019-09-25 12:54:03,165 [ForkJoinPool.commonPool-worker-0] INFO  impl.StateMachineUpdater (StateMachineUpdater.java:stopAndJoin(125)) - 3c260395-8f43-46ed-9b5e-2de54f98c750@group-C8AEB78B14DA-StateMachineUpdater: set stopIndex = -1
2019-09-25 12:54:03,165 [ForkJoinPool.commonPool-worker-0] INFO  impl.RaftServerImpl (ServerState.java:close(385)) - 3c260395-8f43-46ed-9b5e-2de54f98c750@group-C8AEB78B14DA: closes. applyIndex: -1
2019-09-25 12:54:03,165 [Thread-1340] INFO  segmented.SegmentedRaftLogWorker (SegmentedRaftLogWorker.java:close(228)) - 5380f2ea-b78f-45f9-b140-bf4307a3f3ad@group-BB4E52015C33-SegmentedRaftLogWorker close()
2019-09-25 12:54:03,166 [3c260395-8f43-46ed-9b5e-2de54f98c750@group-C8AEB78B14DA-SegmentedRaftLogWorker] INFO  segmented.SegmentedRaftLogWorker (SegmentedRaftLogWorker.java:run(313)) - 3c260395-8f43-46ed-9b5e-2de54f98c750@group-C8AEB78B14DA-SegmentedRaftLogWorker was interrupted, exiting. There are 0 tasks remaining in the queue.
2019-09-25 12:54:03,168 [Thread-1340] INFO  impl.RaftServerImpl (RaftServerImpl.java:lambda$shutdown$3(251)) - 5380f2ea-b78f-45f9-b140-bf4307a3f3ad@group-1EF01BE7DD46: shutdown
2019-09-25 12:54:03,168 [ForkJoinPool.commonPool-worker-0] INFO  segmented.SegmentedRaftLogWorker (SegmentedRaftLogWorker.java:close(228)) - 3c260395-8f43-46ed-9b5e-2de54f98c750@group-C8AEB78B14DA-SegmentedRaftLogWorker close()
2019-09-25 12:54:03,168 [Thread-1340] INFO  util.JmxRegister (JmxRegister.java:unregister(73)) - Successfully un-registered JMX Bean with object name Ratis:service=RaftServer,group=group-1EF01BE7DD46,id=5380f2ea-b78f-45f9-b140-bf4307a3f3ad
2019-09-25 12:54:03,170 [ForkJoinPool.commonPool-worker-0] INFO  impl.RaftServerImpl (RaftServerImpl.java:lambda$shutdown$3(251)) - 3c260395-8f43-46ed-9b5e-2de54f98c750@group-853FBE72ACE2: shutdown
2019-09-25 12:54:03,170 [Thread-1340] INFO  impl.RoleInfo (RoleInfo.java:shutdownLeaderElection(134)) - 5380f2ea-b78f-45f9-b140-bf4307a3f3ad: shutdown LeaderElection
2019-09-25 12:54:03,171 [ForkJoinPool.commonPool-worker-0] INFO  util.JmxRegister (JmxRegister.java:unregister(73)) - Successfully un-registered JMX Bean with object name Ratis:service=RaftServer,group=group-853FBE72ACE2,id=3c260395-8f43-46ed-9b5e-2de54f98c750
2019-09-25 12:54:03,171 [Thread-1340] INFO  impl.StateMachineUpdater (StateMachineUpdater.java:stopAndJoin(125)) - 5380f2ea-b78f-45f9-b140-bf4307a3f3ad@group-1EF01BE7DD46-StateMachineUpdater: set stopIndex = -1
2019-09-25 12:54:03,171 [ForkJoinPool.commonPool-worker-0] INFO  impl.RoleInfo (RoleInfo.java:shutdownLeaderElection(134)) - 3c260395-8f43-46ed-9b5e-2de54f98c750: shutdown LeaderElection
2019-09-25 12:54:03,172 [Thread-1340] INFO  impl.RaftServerImpl (ServerState.java:close(385)) - 5380f2ea-b78f-45f9-b140-bf4307a3f3ad@group-1EF01BE7DD46: closes. applyIndex: -1
2019-09-25 12:54:03,172 [ForkJoinPool.commonPool-worker-0] INFO  impl.StateMachineUpdater (StateMachineUpdater.java:stopAndJoin(125)) - 3c260395-8f43-46ed-9b5e-2de54f98c750@group-853FBE72ACE2-StateMachineUpdater: set stopIndex = -1
2019-09-25 12:54:03,173 [ForkJoinPool.commonPool-worker-0] INFO  impl.RaftServerImpl (ServerState.java:close(385)) - 3c260395-8f43-46ed-9b5e-2de54f98c750@group-853FBE72ACE2: closes. applyIndex: -1
2019-09-25 12:54:03,173 [5380f2ea-b78f-45f9-b140-bf4307a3f3ad@group-1EF01BE7DD46-SegmentedRaftLogWorker] INFO  segmented.SegmentedRaftLogWorker (SegmentedRaftLogWorker.java:run(313)) - 5380f2ea-b78f-45f9-b140-bf4307a3f3ad@group-1EF01BE7DD46-SegmentedRaftLogWorker was interrupted, exiting. There are 0 tasks remaining in the queue.
2019-09-25 12:54:03,173 [Thread-1340] INFO  segmented.SegmentedRaftLogWorker (SegmentedRaftLogWorker.java:close(228)) - 5380f2ea-b78f-45f9-b140-bf4307a3f3ad@group-1EF01BE7DD46-SegmentedRaftLogWorker close()
2019-09-25 12:54:03,173 [3c260395-8f43-46ed-9b5e-2de54f98c750@group-853FBE72ACE2-SegmentedRaftLogWorker] INFO  segmented.SegmentedRaftLogWorker (SegmentedRaftLogWorker.java:run(313)) - 3c260395-8f43-46ed-9b5e-2de54f98c750@group-853FBE72ACE2-SegmentedRaftLogWorker was interrupted, exiting. There are 0 tasks remaining in the queue.
2019-09-25 12:54:03,181 [Thread-1340] INFO  impl.RaftServerImpl (RaftServerImpl.java:lambda$shutdown$3(251)) - 5380f2ea-b78f-45f9-b140-bf4307a3f3ad@group-27FC373992E4: shutdown
2019-09-25 12:54:03,181 [ForkJoinPool.commonPool-worker-0] INFO  segmented.SegmentedRaftLogWorker (SegmentedRaftLogWorker.java:close(228)) - 3c260395-8f43-46ed-9b5e-2de54f98c750@group-853FBE72ACE2-SegmentedRaftLogWorker close()
2019-09-25 12:54:03,181 [Thread-1340] INFO  util.JmxRegister (JmxRegister.java:unregister(73)) - Successfully un-registered JMX Bean with object name Ratis:service=RaftServer,group=group-27FC373992E4,id=5380f2ea-b78f-45f9-b140-bf4307a3f3ad
2019-09-25 12:54:03,183 [ForkJoinPool.commonPool-worker-0] INFO  impl.RaftServerImpl (RaftServerImpl.java:lambda$shutdown$3(251)) - 3c260395-8f43-46ed-9b5e-2de54f98c750@group-2528DE1C654A: shutdown
2019-09-25 12:54:03,183 [Thread-1340] INFO  impl.RoleInfo (RoleInfo.java:shutdownLeaderElection(134)) - 5380f2ea-b78f-45f9-b140-bf4307a3f3ad: shutdown LeaderElection
2019-09-25 12:54:03,184 [ForkJoinPool.commonPool-worker-0] INFO  util.JmxRegister (JmxRegister.java:unregister(73)) - Successfully un-registered JMX Bean with object name Ratis:service=RaftServer,group=group-2528DE1C654A,id=3c260395-8f43-46ed-9b5e-2de54f98c750
2019-09-25 12:54:03,185 [ForkJoinPool.commonPool-worker-0] INFO  impl.RoleInfo (RoleInfo.java:shutdownLeaderElection(134)) - 3c260395-8f43-46ed-9b5e-2de54f98c750: shutdown LeaderElection
2019-09-25 12:54:03,184 [Thread-1340] INFO  impl.StateMachineUpdater (StateMachineUpdater.java:stopAndJoin(125)) - 5380f2ea-b78f-45f9-b140-bf4307a3f3ad@group-27FC373992E4-StateMachineUpdater: set stopIndex = -1
2019-09-25 12:54:03,185 [Thread-1340] INFO  impl.RaftServerImpl (ServerState.java:close(385)) - 5380f2ea-b78f-45f9-b140-bf4307a3f3ad@group-27FC373992E4: closes. applyIndex: -1
2019-09-25 12:54:03,185 [ForkJoinPool.commonPool-worker-0] INFO  impl.StateMachineUpdater (StateMachineUpdater.java:stopAndJoin(125)) - 3c260395-8f43-46ed-9b5e-2de54f98c750@group-2528DE1C654A-StateMachineUpdater: set stopIndex = -1
2019-09-25 12:54:03,186 [5380f2ea-b78f-45f9-b140-bf4307a3f3ad@group-27FC373992E4-SegmentedRaftLogWorker] INFO  segmented.SegmentedRaftLogWorker (SegmentedRaftLogWorker.java:run(313)) - 5380f2ea-b78f-45f9-b140-bf4307a3f3ad@group-27FC373992E4-SegmentedRaftLogWorker was interrupted, exiting. There are 0 tasks remaining in the queue.
2019-09-25 12:54:03,186 [ForkJoinPool.commonPool-worker-0] INFO  impl.RaftServerImpl (ServerState.java:close(385)) - 3c260395-8f43-46ed-9b5e-2de54f98c750@group-2528DE1C654A: closes. applyIndex: -1
2019-09-25 12:54:03,186 [Thread-1340] INFO  segmented.SegmentedRaftLogWorker (SegmentedRaftLogWorker.java:close(228)) - 5380f2ea-b78f-45f9-b140-bf4307a3f3ad@group-27FC373992E4-SegmentedRaftLogWorker close()
2019-09-25 12:54:03,186 [3c260395-8f43-46ed-9b5e-2de54f98c750@group-2528DE1C654A-SegmentedRaftLogWorker] INFO  segmented.SegmentedRaftLogWorker (SegmentedRaftLogWorker.java:run(313)) - 3c260395-8f43-46ed-9b5e-2de54f98c750@group-2528DE1C654A-SegmentedRaftLogWorker was interrupted, exiting. There are 0 tasks remaining in the queue.
2019-09-25 12:54:03,188 [Thread-1340] INFO  impl.RaftServerImpl (RaftServerImpl.java:lambda$shutdown$3(251)) - 5380f2ea-b78f-45f9-b140-bf4307a3f3ad@group-ED91B2FA5DD4: shutdown
2019-09-25 12:54:03,189 [ForkJoinPool.commonPool-worker-0] INFO  segmented.SegmentedRaftLogWorker (SegmentedRaftLogWorker.java:close(228)) - 3c260395-8f43-46ed-9b5e-2de54f98c750@group-2528DE1C654A-SegmentedRaftLogWorker close()
2019-09-25 12:54:03,189 [Thread-1340] INFO  util.JmxRegister (JmxRegister.java:unregister(73)) - Successfully un-registered JMX Bean with object name Ratis:service=RaftServer,group=group-ED91B2FA5DD4,id=5380f2ea-b78f-45f9-b140-bf4307a3f3ad
2019-09-25 12:54:03,192 [Thread-1340] INFO  impl.RoleInfo (RoleInfo.java:shutdownLeaderElection(134)) - 5380f2ea-b78f-45f9-b140-bf4307a3f3ad: shutdown LeaderElection
2019-09-25 12:54:03,192 [Thread-1340] INFO  impl.StateMachineUpdater (StateMachineUpdater.java:stopAndJoin(125)) - 5380f2ea-b78f-45f9-b140-bf4307a3f3ad@group-ED91B2FA5DD4-StateMachineUpdater: set stopIndex = -1
2019-09-25 12:54:03,192 [Thread-1340] INFO  impl.RaftServerImpl (ServerState.java:close(385)) - 5380f2ea-b78f-45f9-b140-bf4307a3f3ad@group-ED91B2FA5DD4: closes. applyIndex: -1
2019-09-25 12:54:03,191 [ForkJoinPool.commonPool-worker-0] INFO  impl.RaftServerImpl (RaftServerImpl.java:lambda$shutdown$3(251)) - 3c260395-8f43-46ed-9b5e-2de54f98c750@group-264620764987: shutdown
2019-09-25 12:54:03,193 [5380f2ea-b78f-45f9-b140-bf4307a3f3ad@group-ED91B2FA5DD4-SegmentedRaftLogWorker] INFO  segmented.SegmentedRaftLogWorker (SegmentedRaftLogWorker.java:run(313)) - 5380f2ea-b78f-45f9-b140-bf4307a3f3ad@group-ED91B2FA5DD4-SegmentedRaftLogWorker was interrupted, exiting. There are 0 tasks remaining in the queue.
2019-09-25 12:54:03,193 [ForkJoinPool.commonPool-worker-0] INFO  util.JmxRegister (JmxRegister.java:unregister(73)) - Successfully un-registered JMX Bean with object name Ratis:service=RaftServer,group=group-264620764987,id=3c260395-8f43-46ed-9b5e-2de54f98c750
2019-09-25 12:54:03,193 [Thread-1340] INFO  segmented.SegmentedRaftLogWorker (SegmentedRaftLogWorker.java:close(228)) - 5380f2ea-b78f-45f9-b140-bf4307a3f3ad@group-ED91B2FA5DD4-SegmentedRaftLogWorker close()
2019-09-25 12:54:03,193 [ForkJoinPool.commonPool-worker-0] INFO  impl.RoleInfo (RoleInfo.java:shutdownLeaderElection(134)) - 3c260395-8f43-46ed-9b5e-2de54f98c750: shutdown LeaderElection
2019-09-25 12:54:03,195 [Thread-1340] INFO  server.GrpcService (GrpcService.java:closeImpl(164)) - 5380f2ea-b78f-45f9-b140-bf4307a3f3ad: shutdown server with port 40469 now
2019-09-25 12:54:03,196 [ForkJoinPool.commonPool-worker-0] INFO  impl.StateMachineUpdater (StateMachineUpdater.java:stopAndJoin(125)) - 3c260395-8f43-46ed-9b5e-2de54f98c750@group-264620764987-StateMachineUpdater: set stopIndex = -1
2019-09-25 12:54:03,198 [Thread-1340] INFO  server.GrpcService (GrpcService.java:closeImpl(172)) - 5380f2ea-b78f-45f9-b140-bf4307a3f3ad: shutdown server with port 40469 successfully
2019-09-25 12:54:03,198 [ForkJoinPool.commonPool-worker-0] INFO  impl.RaftServerImpl (ServerState.java:close(385)) - 3c260395-8f43-46ed-9b5e-2de54f98c750@group-264620764987: closes. applyIndex: -1
2019-09-25 12:54:03,198 [3c260395-8f43-46ed-9b5e-2de54f98c750@group-264620764987-SegmentedRaftLogWorker] INFO  segmented.SegmentedRaftLogWorker (SegmentedRaftLogWorker.java:run(313)) - 3c260395-8f43-46ed-9b5e-2de54f98c750@group-264620764987-SegmentedRaftLogWorker was interrupted, exiting. There are 0 tasks remaining in the queue.
2019-09-25 12:54:03,199 [ForkJoinPool.commonPool-worker-0] INFO  segmented.SegmentedRaftLogWorker (SegmentedRaftLogWorker.java:close(228)) - 3c260395-8f43-46ed-9b5e-2de54f98c750@group-264620764987-SegmentedRaftLogWorker close()
2019-09-25 12:54:03,201 [ForkJoinPool.commonPool-worker-0] INFO  server.GrpcService (GrpcService.java:closeImpl(164)) - 3c260395-8f43-46ed-9b5e-2de54f98c750: shutdown server with port 42307 now
2019-09-25 12:54:03,203 [ForkJoinPool.commonPool-worker-0] INFO  server.GrpcService (GrpcService.java:closeImpl(172)) - 3c260395-8f43-46ed-9b5e-2de54f98c750: shutdown server with port 42307 successfully
2019-09-25 12:54:03,204 [refreshUsed-/workdir/hadoop-ozone/ozonefs/target/test-dir/MiniOzoneClusterImpl-79bd19af-4891-4838-ac1c-38edf188a5a0/datanode-1/data/containers] WARN  fs.CachingGetSpaceUsed (CachingGetSpaceUsed.java:run(183)) - Thread Interrupted waiting to refresh disk information: sleep interrupted
2019-09-25 12:54:03,205 [refreshUsed-/workdir/hadoop-ozone/ozonefs/target/test-dir/MiniOzoneClusterImpl-79bd19af-4891-4838-ac1c-38edf188a5a0/datanode-0/data/containers] WARN  fs.CachingGetSpaceUsed (CachingGetSpaceUsed.java:run(183)) - Thread Interrupted waiting to refresh disk information: sleep interrupted
2019-09-25 12:54:03,240 [ForkJoinPool.commonPool-worker-0] INFO  utils.BackgroundService (BackgroundService.java:shutdown(148)) - Shutting down service BlockDeletingService
2019-09-25 12:54:03,254 [ForkJoinPool.commonPool-worker-0] INFO  statemachine.DatanodeStateMachine (DatanodeStateMachine.java:stopDaemon(395)) - Ozone container server stopped.
2019-09-25 12:54:03,258 [Thread-1340] INFO  utils.BackgroundService (BackgroundService.java:shutdown(148)) - Shutting down service BlockDeletingService
2019-09-25 12:54:03,261 [ForkJoinPool.commonPool-worker-0] INFO  handler.ContextHandler (ContextHandler.java:doStop(910)) - Stopped o.e.j.w.WebAppContext@3b74811e{/,null,UNAVAILABLE}{/hddsDatanode}
2019-09-25 12:54:03,265 [Thread-1340] INFO  statemachine.DatanodeStateMachine (DatanodeStateMachine.java:stopDaemon(395)) - Ozone container server stopped.
2019-09-25 12:54:03,266 [ForkJoinPool.commonPool-worker-0] INFO  server.AbstractConnector (AbstractConnector.java:doStop(318)) - Stopped ServerConnector@4768be5b{HTTP/1.1,[http/1.1]}{0.0.0.0:0}
2019-09-25 12:54:03,268 [ForkJoinPool.commonPool-worker-0] INFO  handler.ContextHandler (ContextHandler.java:doStop(910)) - Stopped o.e.j.s.ServletContextHandler@42336818{/static,jar:file:/home/user/.m2/repository/org/apache/hadoop/hadoop-hdds-container-service/0.5.0-SNAPSHOT/hadoop-hdds-container-service-0.5.0-SNAPSHOT.jar!/webapps/static,UNAVAILABLE}
2019-09-25 12:54:03,270 [Thread-1340] INFO  handler.ContextHandler (ContextHandler.java:doStop(910)) - Stopped o.e.j.w.WebAppContext@27cdd27e{/,null,UNAVAILABLE}{/hddsDatanode}
2019-09-25 12:54:03,270 [ForkJoinPool.commonPool-worker-0] INFO  handler.ContextHandler (ContextHandler.java:doStop(910)) - Stopped o.e.j.s.ServletContextHandler@618c17f7{/logs,file:///workdir/hadoop-ozone/ozonefs/target/log,UNAVAILABLE}
2019-09-25 12:54:03,271 [Thread-1340] INFO  server.AbstractConnector (AbstractConnector.java:doStop(318)) - Stopped ServerConnector@7d06362f{HTTP/1.1,[http/1.1]}{0.0.0.0:0}
2019-09-25 12:54:03,271 [Thread-1340] INFO  handler.ContextHandler (ContextHandler.java:doStop(910)) - Stopped o.e.j.s.ServletContextHandler@110a5947{/static,jar:file:/home/user/.m2/repository/org/apache/hadoop/hadoop-hdds-container-service/0.5.0-SNAPSHOT/hadoop-hdds-container-service-0.5.0-SNAPSHOT.jar!/webapps/static,UNAVAILABLE}
2019-09-25 12:54:03,272 [Thread-1340] INFO  handler.ContextHandler (ContextHandler.java:doStop(910)) - Stopped o.e.j.s.ServletContextHandler@1bb2ded2{/logs,file:///workdir/hadoop-ozone/ozonefs/target/log,UNAVAILABLE}
2019-09-25 12:54:04,013 [Datanode State Machine Thread - 0] INFO  statemachine.DatanodeStateMachine (DatanodeStateMachine.java:lambda$startDaemon$0(350)) - Ozone container server started.
2019-09-25 12:54:07,188 [3c260395-8f43-46ed-9b5e-2de54f98c750@group-C8AEB78B14DA:LeaderElection90] INFO  impl.LeaderElection (LeaderElection.java:askForVotes(182)) - 3c260395-8f43-46ed-9b5e-2de54f98c750@group-C8AEB78B14DA:LeaderElection90: begin an election at term 1 for -1: [3c260395-8f43-46ed-9b5e-2de54f98c750:192.168.151.73:42307], old=null
2019-09-25 12:54:07,188 [3c260395-8f43-46ed-9b5e-2de54f98c750@group-2528DE1C654A:LeaderElection89] INFO  impl.LeaderElection (LeaderElection.java:askForVotes(182)) - 3c260395-8f43-46ed-9b5e-2de54f98c750@group-2528DE1C654A:LeaderElection89: begin an election at term 1 for -1: [3c260395-8f43-46ed-9b5e-2de54f98c750:192.168.151.73:42307], old=null
2019-09-25 12:54:07,188 [3c260395-8f43-46ed-9b5e-2de54f98c750@group-C8AEB78B14DA:LeaderElection90] INFO  impl.LeaderElection (LogUtils.java:infoOrTrace(149)) - Failed 3c260395-8f43-46ed-9b5e-2de54f98c750@group-C8AEB78B14DA:LeaderElection90, state=CLOSING: {}
java.lang.IllegalArgumentException: 3c260395-8f43-46ed-9b5e-2de54f98c750@group-C8AEB78B14DA-SegmentedRaftLog is expected to be opened but it is CLOSED
	at org.apache.ratis.util.OpenCloseState.assertOpen(OpenCloseState.java:63)
	at org.apache.ratis.server.raftlog.RaftLog.checkLogState(RaftLog.java:102)
	at org.apache.ratis.server.raftlog.segmented.SegmentedRaftLog.getLastEntryTermIndex(SegmentedRaftLog.java:324)
	at org.apache.ratis.server.impl.LeaderElection.askForVotes(LeaderElection.java:184)
	at org.apache.ratis.server.impl.LeaderElection.run(LeaderElection.java:133)
	at java.lang.Thread.run(Thread.java:748)
Caused by: org.apache.ratis.util.OpenCloseState$CloseTrace: Close 3c260395-8f43-46ed-9b5e-2de54f98c750@group-C8AEB78B14DA-SegmentedRaftLog
	at org.apache.ratis.util.OpenCloseState.lambda$close$1(OpenCloseState.java:109)
	at java.util.concurrent.atomic.AtomicReference.getAndUpdate(AtomicReference.java:160)
	at org.apache.ratis.util.OpenCloseState.close(OpenCloseState.java:109)
	at org.apache.ratis.server.raftlog.RaftLog.close(RaftLog.java:437)
	at org.apache.ratis.server.raftlog.segmented.SegmentedRaftLog.close(SegmentedRaftLog.java:476)
	at org.apache.ratis.server.impl.ServerState.close(ServerState.java:387)
	at org.apache.ratis.server.impl.RaftServerImpl.lambda$shutdown$3(RaftServerImpl.java:273)
	at org.apache.ratis.util.LifeCycle.lambda$checkStateAndClose$2(LifeCycle.java:231)
	at org.apache.ratis.util.LifeCycle.checkStateAndClose(LifeCycle.java:251)
	at org.apache.ratis.util.LifeCycle.checkStateAndClose(LifeCycle.java:229)
	at org.apache.ratis.server.impl.RaftServerImpl.shutdown(RaftServerImpl.java:250)
	at org.apache.ratis.server.impl.RaftServerProxy$ImplMap.lambda$close$0(RaftServerProxy.java:107)
	at java.util.stream.ForEachOps$ForEachOp$OfRef.accept(ForEachOps.java:184)
	at java.util.stream.ReferencePipeline$3$1.accept(ReferencePipeline.java:193)
	at java.util.concurrent.ConcurrentHashMap$ValueSpliterator.forEachRemaining(ConcurrentHashMap.java:3566)
	at java.util.stream.AbstractPipeline.copyInto(AbstractPipeline.java:482)
	at java.util.stream.ForEachOps$ForEachTask.compute(ForEachOps.java:291)
	at java.util.concurrent.CountedCompleter.exec(CountedCompleter.java:731)
	at java.util.concurrent.ForkJoinTask.doExec(ForkJoinTask.java:289)
	at java.util.concurrent.ForkJoinPool.helpComplete(ForkJoinPool.java:1870)
	at java.util.concurrent.ForkJoinPool.awaitJoin(ForkJoinPool.java:2045)
	at java.util.concurrent.ForkJoinTask.doInvoke(ForkJoinTask.java:404)
	at java.util.concurrent.ForkJoinTask.invoke(ForkJoinTask.java:734)
	at java.util.stream.ForEachOps$ForEachOp.evaluateParallel(ForEachOps.java:160)
	at java.util.stream.ForEachOps$ForEachOp$OfRef.evaluateParallel(ForEachOps.java:174)
	at java.util.stream.AbstractPipeline.evaluate(AbstractPipeline.java:233)
	at java.util.stream.ReferencePipeline.forEach(ReferencePipeline.java:418)
	at org.apache.ratis.server.impl.RaftServerProxy$ImplMap.close(RaftServerProxy.java:107)
	at org.apache.ratis.server.impl.RaftServerProxy.lambda$close$4(RaftServerProxy.java:315)
	at org.apache.ratis.util.LifeCycle.lambda$checkStateAndClose$2(LifeCycle.java:231)
	at org.apache.ratis.util.LifeCycle.checkStateAndClose(LifeCycle.java:251)
	at org.apache.ratis.util.LifeCycle.checkStateAndClose(LifeCycle.java:229)
	at org.apache.ratis.server.impl.RaftServerProxy.close(RaftServerProxy.java:313)
	at org.apache.hadoop.ozone.container.common.transport.server.ratis.XceiverServerRatis.stop(XceiverServerRatis.java:441)
	at org.apache.hadoop.ozone.container.ozoneimpl.OzoneContainer.stop(OzoneContainer.java:233)
	at org.apache.hadoop.ozone.container.common.statemachine.DatanodeStateMachine.close(DatanodeStateMachine.java:270)
	at org.apache.hadoop.ozone.container.common.statemachine.DatanodeStateMachine.stopDaemon(DatanodeStateMachine.java:394)
	at org.apache.hadoop.ozone.HddsDatanodeService.stop(HddsDatanodeService.java:457)
	at org.apache.hadoop.ozone.MiniOzoneClusterImpl.stopDatanode(MiniOzoneClusterImpl.java:385)
	at java.util.stream.ForEachOps$ForEachOp$OfRef.accept(ForEachOps.java:184)
	at java.util.ArrayList$ArrayListSpliterator.forEachRemaining(ArrayList.java:1382)
	at java.util.stream.AbstractPipeline.copyInto(AbstractPipeline.java:482)
	at java.util.stream.ForEachOps$ForEachTask.compute(ForEachOps.java:291)
	at java.util.concurrent.CountedCompleter.exec(CountedCompleter.java:731)
	at java.util.concurrent.ForkJoinTask.doExec(ForkJoinTask.java:289)
	at java.util.concurrent.ForkJoinPool$WorkQueue.runTask(ForkJoinPool.java:1056)
	at java.util.concurrent.ForkJoinPool.runWorker(ForkJoinPool.java:1692)
	at java.util.concurrent.ForkJoinWorkerThread.run(ForkJoinWorkerThread.java:157)
2019-09-25 12:54:07,191 [3c260395-8f43-46ed-9b5e-2de54f98c750@group-D91EB8511BFF:LeaderElection94] INFO  impl.LeaderElection (LeaderElection.java:askForVotes(182)) - 3c260395-8f43-46ed-9b5e-2de54f98c750@group-D91EB8511BFF:LeaderElection94: begin an election at term 1 for -1: [3c260395-8f43-46ed-9b5e-2de54f98c750:192.168.151.73:42307], old=null
2019-09-25 12:54:07,192 [a3c64651-fa92-44ac-be08-fa4b080bd23f@group-CC2372283FE8:LeaderElection104] INFO  impl.LeaderElection (LeaderElection.java:askForVotes(182)) - a3c64651-fa92-44ac-be08-fa4b080bd23f@group-CC2372283FE8:LeaderElection104: begin an election at term 1 for -1: [a3c64651-fa92-44ac-be08-fa4b080bd23f:192.168.151.73:44285], old=null
2019-09-25 12:54:07,191 [a3c64651-fa92-44ac-be08-fa4b080bd23f@group-95DCB7035392:LeaderElection96] INFO  impl.LeaderElection (LeaderElection.java:askForVotes(182)) - a3c64651-fa92-44ac-be08-fa4b080bd23f@group-95DCB7035392:LeaderElection96: begin an election at term 1 for -1: [a3c64651-fa92-44ac-be08-fa4b080bd23f:192.168.151.73:44285], old=null
2019-09-25 12:54:07,192 [5380f2ea-b78f-45f9-b140-bf4307a3f3ad@group-ED91B2FA5DD4:LeaderElection101] INFO  impl.LeaderElection (LeaderElection.java:askForVotes(182)) - 5380f2ea-b78f-45f9-b140-bf4307a3f3ad@group-ED91B2FA5DD4:LeaderElection101: begin an election at term 1 for -1: [5380f2ea-b78f-45f9-b140-bf4307a3f3ad:192.168.151.73:40469], old=null
2019-09-25 12:54:07,192 [5380f2ea-b78f-45f9-b140-bf4307a3f3ad@group-ED91B2FA5DD4:LeaderElection101] INFO  impl.LeaderElection (LogUtils.java:infoOrTrace(149)) - Failed 5380f2ea-b78f-45f9-b140-bf4307a3f3ad@group-ED91B2FA5DD4:LeaderElection101, state=CLOSING: {}
java.lang.IllegalArgumentException: 5380f2ea-b78f-45f9-b140-bf4307a3f3ad@group-ED91B2FA5DD4-SegmentedRaftLog is expected to be opened but it is CLOSED
	at org.apache.ratis.util.OpenCloseState.assertOpen(OpenCloseState.java:63)
	at org.apache.ratis.server.raftlog.RaftLog.checkLogState(RaftLog.java:102)
	at org.apache.ratis.server.raftlog.segmented.SegmentedRaftLog.getLastEntryTermIndex(SegmentedRaftLog.java:324)
	at org.apache.ratis.server.impl.LeaderElection.askForVotes(LeaderElection.java:184)
	at org.apache.ratis.server.impl.LeaderElection.run(LeaderElection.java:133)
	at java.lang.Thread.run(Thread.java:748)
Caused by: org.apache.ratis.util.OpenCloseState$CloseTrace: Close 5380f2ea-b78f-45f9-b140-bf4307a3f3ad@group-ED91B2FA5DD4-SegmentedRaftLog
	at org.apache.ratis.util.OpenCloseState.lambda$close$1(OpenCloseState.java:109)
	at java.util.concurrent.atomic.AtomicReference.getAndUpdate(AtomicReference.java:160)
	at org.apache.ratis.util.OpenCloseState.close(OpenCloseState.java:109)
	at org.apache.ratis.server.raftlog.RaftLog.close(RaftLog.java:437)
	at org.apache.ratis.server.raftlog.segmented.SegmentedRaftLog.close(SegmentedRaftLog.java:476)
	at org.apache.ratis.server.impl.ServerState.close(ServerState.java:387)
	at org.apache.ratis.server.impl.RaftServerImpl.lambda$shutdown$3(RaftServerImpl.java:273)
	at org.apache.ratis.util.LifeCycle.lambda$checkStateAndClose$2(LifeCycle.java:231)
	at org.apache.ratis.util.LifeCycle.checkStateAndClose(LifeCycle.java:251)
	at org.apache.ratis.util.LifeCycle.checkStateAndClose(LifeCycle.java:229)
	at org.apache.ratis.server.impl.RaftServerImpl.shutdown(RaftServerImpl.java:250)
	at org.apache.ratis.server.impl.RaftServerProxy$ImplMap.lambda$close$0(RaftServerProxy.java:107)
	at java.util.stream.ForEachOps$ForEachOp$OfRef.accept(ForEachOps.java:184)
	at java.util.stream.ReferencePipeline$3$1.accept(ReferencePipeline.java:193)
	at java.util.concurrent.ConcurrentHashMap$ValueSpliterator.forEachRemaining(ConcurrentHashMap.java:3566)
	at java.util.stream.AbstractPipeline.copyInto(AbstractPipeline.java:482)
	at java.util.stream.ForEachOps$ForEachTask.compute(ForEachOps.java:291)
	at java.util.concurrent.CountedCompleter.exec(CountedCompleter.java:731)
	at java.util.concurrent.ForkJoinTask.doExec(ForkJoinTask.java:289)
	at java.util.concurrent.ForkJoinPool.helpComplete(ForkJoinPool.java:1870)
	at java.util.concurrent.ForkJoinPool.externalHelpComplete(ForkJoinPool.java:2467)
	at java.util.concurrent.ForkJoinTask.externalAwaitDone(ForkJoinTask.java:324)
	at java.util.concurrent.ForkJoinTask.doInvoke(ForkJoinTask.java:405)
	at java.util.concurrent.ForkJoinTask.invoke(ForkJoinTask.java:734)
	at java.util.stream.ForEachOps$ForEachOp.evaluateParallel(ForEachOps.java:160)
	at java.util.stream.ForEachOps$ForEachOp$OfRef.evaluateParallel(ForEachOps.java:174)
	at java.util.stream.AbstractPipeline.evaluate(AbstractPipeline.java:233)
	at java.util.stream.ReferencePipeline.forEach(ReferencePipeline.java:418)
	at org.apache.ratis.server.impl.RaftServerProxy$ImplMap.close(RaftServerProxy.java:107)
	at org.apache.ratis.server.impl.RaftServerProxy.lambda$close$4(RaftServerProxy.java:315)
	at org.apache.ratis.util.LifeCycle.lambda$checkStateAndClose$2(LifeCycle.java:231)
	at org.apache.ratis.util.LifeCycle.checkStateAndClose(LifeCycle.java:251)
	at org.apache.ratis.util.LifeCycle.checkStateAndClose(LifeCycle.java:229)
	at org.apache.ratis.server.impl.RaftServerProxy.close(RaftServerProxy.java:313)
	at org.apache.hadoop.ozone.container.common.transport.server.ratis.XceiverServerRatis.stop(XceiverServerRatis.java:441)
	at org.apache.hadoop.ozone.container.ozoneimpl.OzoneContainer.stop(OzoneContainer.java:233)
	at org.apache.hadoop.ozone.container.common.statemachine.DatanodeStateMachine.close(DatanodeStateMachine.java:270)
	at org.apache.hadoop.ozone.container.common.statemachine.DatanodeStateMachine.stopDaemon(DatanodeStateMachine.java:394)
	at org.apache.hadoop.ozone.HddsDatanodeService.stop(HddsDatanodeService.java:457)
	at org.apache.hadoop.ozone.MiniOzoneClusterImpl.stopDatanode(MiniOzoneClusterImpl.java:385)
	at java.util.stream.ForEachOps$ForEachOp$OfRef.accept(ForEachOps.java:184)
	at java.util.ArrayList$ArrayListSpliterator.forEachRemaining(ArrayList.java:1382)
	at java.util.stream.AbstractPipeline.copyInto(AbstractPipeline.java:482)
	at java.util.stream.ForEachOps$ForEachTask.compute(ForEachOps.java:291)
	at java.util.concurrent.CountedCompleter.exec(CountedCompleter.java:731)
	at java.util.concurrent.ForkJoinTask.doExec(ForkJoinTask.java:289)
	at java.util.concurrent.ForkJoinTask.doInvoke(ForkJoinTask.java:401)
	at java.util.concurrent.ForkJoinTask.invoke(ForkJoinTask.java:734)
	at java.util.stream.ForEachOps$ForEachOp.evaluateParallel(ForEachOps.java:160)
	at java.util.stream.ForEachOps$ForEachOp$OfRef.evaluateParallel(ForEachOps.java:174)
	at java.util.stream.AbstractPipeline.evaluate(AbstractPipeline.java:233)
	at java.util.stream.ReferencePipeline.forEach(ReferencePipeline.java:418)
	at java.util.stream.ReferencePipeline$Head.forEach(ReferencePipeline.java:583)
	at org.apache.hadoop.ozone.MiniOzoneClusterImpl.stopDatanodes(MiniOzoneClusterImpl.java:379)
	at org.apache.hadoop.ozone.MiniOzoneClusterImpl.stop(MiniOzoneClusterImpl.java:332)
	at org.apache.hadoop.ozone.MiniOzoneClusterImpl.shutdown(MiniOzoneClusterImpl.java:319)
	at org.apache.hadoop.fs.ozone.TestOzoneFileSystem.teardown(TestOzoneFileSystem.java:93)
	at sun.reflect.NativeMethodAccessorImpl.invoke0(Native Method)
	at sun.reflect.NativeMethodAccessorImpl.invoke(NativeMethodAccessorImpl.java:62)
	at sun.reflect.DelegatingMethodAccessorImpl.invoke(DelegatingMethodAccessorImpl.java:43)
	at java.lang.reflect.Method.invoke(Method.java:498)
	at org.junit.runners.model.FrameworkMethod$1.runReflectiveCall(FrameworkMethod.java:47)
	at org.junit.internal.runners.model.ReflectiveCallable.run(ReflectiveCallable.java:12)
	at org.junit.runners.model.FrameworkMethod.invokeExplosively(FrameworkMethod.java:44)
	at org.junit.internal.runners.statements.RunAfters.evaluate(RunAfters.java:33)
	at org.junit.internal.runners.statements.FailOnTimeout$StatementThread.run(FailOnTimeout.java:74)
2019-09-25 12:54:07,196 [5380f2ea-b78f-45f9-b140-bf4307a3f3ad@group-ED91B2FA5DD4:LeaderElection101] INFO  impl.LeaderElection (LeaderElection.java:run(140)) - 5380f2ea-b78f-45f9-b140-bf4307a3f3ad@group-ED91B2FA5DD4:LeaderElection101: IllegalArgumentException is safely ignored since this is already CLOSING
2019-09-25 12:54:07,191 [a3c64651-fa92-44ac-be08-fa4b080bd23f@group-0B9A9E619754:LeaderElection102] INFO  impl.LeaderElection (LeaderElection.java:askForVotes(182)) - a3c64651-fa92-44ac-be08-fa4b080bd23f@group-0B9A9E619754:LeaderElection102: begin an election at term 1 for -1: [a3c64651-fa92-44ac-be08-fa4b080bd23f:192.168.151.73:44285], old=null
2019-09-25 12:54:07,192 [5380f2ea-b78f-45f9-b140-bf4307a3f3ad@group-27FC373992E4:LeaderElection93] INFO  impl.LeaderElection (LeaderElection.java:askForVotes(182)) - 5380f2ea-b78f-45f9-b140-bf4307a3f3ad@group-27FC373992E4:LeaderElection93: begin an election at term 1 for -1: [5380f2ea-b78f-45f9-b140-bf4307a3f3ad:192.168.151.73:40469], old=null
2019-09-25 12:54:07,191 [a3c64651-fa92-44ac-be08-fa4b080bd23f@group-FD447198498E:LeaderElection106] INFO  impl.LeaderElection (LeaderElection.java:askForVotes(182)) - a3c64651-fa92-44ac-be08-fa4b080bd23f@group-FD447198498E:LeaderElection106: begin an election at term 1 for -1: [a3c64651-fa92-44ac-be08-fa4b080bd23f:192.168.151.73:44285], old=null
2019-09-25 12:54:07,191 [3c260395-8f43-46ed-9b5e-2de54f98c750@group-853FBE72ACE2:LeaderElection97] INFO  impl.LeaderElection (LeaderElection.java:askForVotes(182)) - 3c260395-8f43-46ed-9b5e-2de54f98c750@group-853FBE72ACE2:LeaderElection97: begin an election at term 1 for -1: [3c260395-8f43-46ed-9b5e-2de54f98c750:192.168.151.73:42307], old=null
2019-09-25 12:54:07,191 [3c260395-8f43-46ed-9b5e-2de54f98c750@group-03DA9CE5AF7F:LeaderElection95] INFO  impl.LeaderElection (LeaderElection.java:askForVotes(182)) - 3c260395-8f43-46ed-9b5e-2de54f98c750@group-03DA9CE5AF7F:LeaderElection95: begin an election at term 1 for -1: [3c260395-8f43-46ed-9b5e-2de54f98c750:192.168.151.73:42307], old=null
2019-09-25 12:54:07,191 [5380f2ea-b78f-45f9-b140-bf4307a3f3ad@group-BB4E52015C33:LeaderElection105] INFO  impl.LeaderElection (LeaderElection.java:askForVotes(182)) - 5380f2ea-b78f-45f9-b140-bf4307a3f3ad@group-BB4E52015C33:LeaderElection105: begin an election at term 1 for -1: [5380f2ea-b78f-45f9-b140-bf4307a3f3ad:192.168.151.73:40469], old=null
2019-09-25 12:54:07,191 [3c260395-8f43-46ed-9b5e-2de54f98c750@group-264620764987:LeaderElection91] INFO  impl.LeaderElection (LeaderElection.java:askForVotes(182)) - 3c260395-8f43-46ed-9b5e-2de54f98c750@group-264620764987:LeaderElection91: begin an election at term 1 for -1: [3c260395-8f43-46ed-9b5e-2de54f98c750:192.168.151.73:42307], old=null
2019-09-25 12:54:07,191 [5380f2ea-b78f-45f9-b140-bf4307a3f3ad@group-C5C48737DFC9:LeaderElection92] INFO  impl.LeaderElection (LeaderElection.java:askForVotes(182)) - 5380f2ea-b78f-45f9-b140-bf4307a3f3ad@group-C5C48737DFC9:LeaderElection92: begin an election at term 1 for -1: [5380f2ea-b78f-45f9-b140-bf4307a3f3ad:192.168.151.73:40469], old=null
2019-09-25 12:54:07,191 [a3c64651-fa92-44ac-be08-fa4b080bd23f@group-400477FE2962:LeaderElection99] INFO  impl.LeaderElection (LeaderElection.java:askForVotes(182)) - a3c64651-fa92-44ac-be08-fa4b080bd23f@group-400477FE2962:LeaderElection99: begin an election at term 1 for -1: [a3c64651-fa92-44ac-be08-fa4b080bd23f:192.168.151.73:44285], old=null
2019-09-25 12:54:07,191 [a3c64651-fa92-44ac-be08-fa4b080bd23f@group-91FE4175A21C:LeaderElection100] INFO  impl.LeaderElection (LeaderElection.java:askForVotes(182)) - a3c64651-fa92-44ac-be08-fa4b080bd23f@group-91FE4175A21C:LeaderElection100: begin an election at term 1 for -1: [a3c64651-fa92-44ac-be08-fa4b080bd23f:192.168.151.73:44285], old=null
2019-09-25 12:54:07,191 [5380f2ea-b78f-45f9-b140-bf4307a3f3ad@group-CE886FD14164:LeaderElection103] INFO  impl.LeaderElection (LeaderElection.java:askForVotes(182)) - 5380f2ea-b78f-45f9-b140-bf4307a3f3ad@group-CE886FD14164:LeaderElection103: begin an election at term 1 for -1: [5380f2ea-b78f-45f9-b140-bf4307a3f3ad:192.168.151.73:40469], old=null
2019-09-25 12:54:07,191 [5380f2ea-b78f-45f9-b140-bf4307a3f3ad@group-1EF01BE7DD46:LeaderElection98] INFO  impl.LeaderElection (LeaderElection.java:askForVotes(182)) - 5380f2ea-b78f-45f9-b140-bf4307a3f3ad@group-1EF01BE7DD46:LeaderElection98: begin an election at term 1 for -1: [5380f2ea-b78f-45f9-b140-bf4307a3f3ad:192.168.151.73:40469], old=null
2019-09-25 12:54:07,188 [3c260395-8f43-46ed-9b5e-2de54f98c750@group-2528DE1C654A:LeaderElection89] INFO  impl.LeaderElection (LogUtils.java:infoOrTrace(149)) - Failed 3c260395-8f43-46ed-9b5e-2de54f98c750@group-2528DE1C654A:LeaderElection89, state=CLOSING: {}
java.lang.IllegalArgumentException: 3c260395-8f43-46ed-9b5e-2de54f98c750@group-2528DE1C654A-SegmentedRaftLog is expected to be opened but it is CLOSED
	at org.apache.ratis.util.OpenCloseState.assertOpen(OpenCloseState.java:63)
	at org.apache.ratis.server.raftlog.RaftLog.checkLogState(RaftLog.java:102)
	at org.apache.ratis.server.raftlog.segmented.SegmentedRaftLog.getLastEntryTermIndex(SegmentedRaftLog.java:324)
	at org.apache.ratis.server.impl.LeaderElection.askForVotes(LeaderElection.java:184)
	at org.apache.ratis.server.impl.LeaderElection.run(LeaderElection.java:133)
	at java.lang.Thread.run(Thread.java:748)
Caused by: org.apache.ratis.util.OpenCloseState$CloseTrace: Close 3c260395-8f43-46ed-9b5e-2de54f98c750@group-2528DE1C654A-SegmentedRaftLog
	at org.apache.ratis.util.OpenCloseState.lambda$close$1(OpenCloseState.java:109)
	at java.util.concurrent.atomic.AtomicReference.getAndUpdate(AtomicReference.java:160)
	at org.apache.ratis.util.OpenCloseState.close(OpenCloseState.java:109)
	at org.apache.ratis.server.raftlog.RaftLog.close(RaftLog.java:437)
	at org.apache.ratis.server.raftlog.segmented.SegmentedRaftLog.close(SegmentedRaftLog.java:476)
	at org.apache.ratis.server.impl.ServerState.close(ServerState.java:387)
	at org.apache.ratis.server.impl.RaftServerImpl.lambda$shutdown$3(RaftServerImpl.java:273)
	at org.apache.ratis.util.LifeCycle.lambda$checkStateAndClose$2(LifeCycle.java:231)
	at org.apache.ratis.util.LifeCycle.checkStateAndClose(LifeCycle.java:251)
	at org.apache.ratis.util.LifeCycle.checkStateAndClose(LifeCycle.java:229)
	at org.apache.ratis.server.impl.RaftServerImpl.shutdown(RaftServerImpl.java:250)
	at org.apache.ratis.server.impl.RaftServerProxy$ImplMap.lambda$close$0(RaftServerProxy.java:107)
	at java.util.stream.ForEachOps$ForEachOp$OfRef.accept(ForEachOps.java:184)
	at java.util.stream.ReferencePipeline$3$1.accept(ReferencePipeline.java:193)
	at java.util.concurrent.ConcurrentHashMap$ValueSpliterator.forEachRemaining(ConcurrentHashMap.java:3566)
	at java.util.stream.AbstractPipeline.copyInto(AbstractPipeline.java:482)
	at java.util.stream.ForEachOps$ForEachTask.compute(ForEachOps.java:291)
	at java.util.concurrent.CountedCompleter.exec(CountedCompleter.java:731)
	at java.util.concurrent.ForkJoinTask.doExec(ForkJoinTask.java:289)
	at java.util.concurrent.ForkJoinPool.helpComplete(ForkJoinPool.java:1870)
	at java.util.concurrent.ForkJoinPool.awaitJoin(ForkJoinPool.java:2045)
	at java.util.concurrent.ForkJoinTask.doInvoke(ForkJoinTask.java:404)
	at java.util.concurrent.ForkJoinTask.invoke(ForkJoinTask.java:734)
	at java.util.stream.ForEachOps$ForEachOp.evaluateParallel(ForEachOps.java:160)
	at java.util.stream.ForEachOps$ForEachOp$OfRef.evaluateParallel(ForEachOps.java:174)
	at java.util.stream.AbstractPipeline.evaluate(AbstractPipeline.java:233)
	at java.util.stream.ReferencePipeline.forEach(ReferencePipeline.java:418)
	at org.apache.ratis.server.impl.RaftServerProxy$ImplMap.close(RaftServerProxy.java:107)
	at org.apache.ratis.server.impl.RaftServerProxy.lambda$close$4(RaftServerProxy.java:315)
	at org.apache.ratis.util.LifeCycle.lambda$checkStateAndClose$2(LifeCycle.java:231)
	at org.apache.ratis.util.LifeCycle.checkStateAndClose(LifeCycle.java:251)
	at org.apache.ratis.util.LifeCycle.checkStateAndClose(LifeCycle.java:229)
	at org.apache.ratis.server.impl.RaftServerProxy.close(RaftServerProxy.java:313)
	at org.apache.hadoop.ozone.container.common.transport.server.ratis.XceiverServerRatis.stop(XceiverServerRatis.java:441)
	at org.apache.hadoop.ozone.container.ozoneimpl.OzoneContainer.stop(OzoneContainer.java:233)
	at org.apache.hadoop.ozone.container.common.statemachine.DatanodeStateMachine.close(DatanodeStateMachine.java:270)
	at org.apache.hadoop.ozone.container.common.statemachine.DatanodeStateMachine.stopDaemon(DatanodeStateMachine.java:394)
	at org.apache.hadoop.ozone.HddsDatanodeService.stop(HddsDatanodeService.java:457)
	at org.apache.hadoop.ozone.MiniOzoneClusterImpl.stopDatanode(MiniOzoneClusterImpl.java:385)
	at java.util.stream.ForEachOps$ForEachOp$OfRef.accept(ForEachOps.java:184)
	at java.util.ArrayList$ArrayListSpliterator.forEachRemaining(ArrayList.java:1382)
	at java.util.stream.AbstractPipeline.copyInto(AbstractPipeline.java:482)
	at java.util.stream.ForEachOps$ForEachTask.compute(ForEachOps.java:291)
	at java.util.concurrent.CountedCompleter.exec(CountedCompleter.java:731)
	at java.util.concurrent.ForkJoinTask.doExec(ForkJoinTask.java:289)
	at java.util.concurrent.ForkJoinPool$WorkQueue.runTask(ForkJoinPool.java:1056)
	at java.util.concurrent.ForkJoinPool.runWorker(ForkJoinPool.java:1692)
	at java.util.concurrent.ForkJoinWorkerThread.run(ForkJoinWorkerThread.java:157)
2019-09-25 12:54:07,202 [3c260395-8f43-46ed-9b5e-2de54f98c750@group-2528DE1C654A:LeaderElection89] INFO  impl.LeaderElection (LeaderElection.java:run(140)) - 3c260395-8f43-46ed-9b5e-2de54f98c750@group-2528DE1C654A:LeaderElection89: IllegalArgumentException is safely ignored since this is already CLOSING
2019-09-25 12:54:07,198 [5380f2ea-b78f-45f9-b140-bf4307a3f3ad@group-1EF01BE7DD46:LeaderElection98] INFO  impl.LeaderElection (LogUtils.java:infoOrTrace(149)) - Failed 5380f2ea-b78f-45f9-b140-bf4307a3f3ad@group-1EF01BE7DD46:LeaderElection98, state=CLOSING: {}
java.lang.IllegalArgumentException: 5380f2ea-b78f-45f9-b140-bf4307a3f3ad@group-1EF01BE7DD46-SegmentedRaftLog is expected to be opened but it is CLOSED
	at org.apache.ratis.util.OpenCloseState.assertOpen(OpenCloseState.java:63)
	at org.apache.ratis.server.raftlog.RaftLog.checkLogState(RaftLog.java:102)
	at org.apache.ratis.server.raftlog.segmented.SegmentedRaftLog.getLastEntryTermIndex(SegmentedRaftLog.java:324)
	at org.apache.ratis.server.impl.LeaderElection.askForVotes(LeaderElection.java:184)
	at org.apache.ratis.server.impl.LeaderElection.run(LeaderElection.java:133)
	at java.lang.Thread.run(Thread.java:748)
Caused by: org.apache.ratis.util.OpenCloseState$CloseTrace: Close 5380f2ea-b78f-45f9-b140-bf4307a3f3ad@group-1EF01BE7DD46-SegmentedRaftLog
	at org.apache.ratis.util.OpenCloseState.lambda$close$1(OpenCloseState.java:109)
	at java.util.concurrent.atomic.AtomicReference.getAndUpdate(AtomicReference.java:160)
	at org.apache.ratis.util.OpenCloseState.close(OpenCloseState.java:109)
	at org.apache.ratis.server.raftlog.RaftLog.close(RaftLog.java:437)
	at org.apache.ratis.server.raftlog.segmented.SegmentedRaftLog.close(SegmentedRaftLog.java:476)
	at org.apache.ratis.server.impl.ServerState.close(ServerState.java:387)
	at org.apache.ratis.server.impl.RaftServerImpl.lambda$shutdown$3(RaftServerImpl.java:273)
	at org.apache.ratis.util.LifeCycle.lambda$checkStateAndClose$2(LifeCycle.java:231)
	at org.apache.ratis.util.LifeCycle.checkStateAndClose(LifeCycle.java:251)
	at org.apache.ratis.util.LifeCycle.checkStateAndClose(LifeCycle.java:229)
	at org.apache.ratis.server.impl.RaftServerImpl.shutdown(RaftServerImpl.java:250)
	at org.apache.ratis.server.impl.RaftServerProxy$ImplMap.lambda$close$0(RaftServerProxy.java:107)
	at java.util.stream.ForEachOps$ForEachOp$OfRef.accept(ForEachOps.java:184)
	at java.util.stream.ReferencePipeline$3$1.accept(ReferencePipeline.java:193)
	at java.util.concurrent.ConcurrentHashMap$ValueSpliterator.forEachRemaining(ConcurrentHashMap.java:3566)
	at java.util.stream.AbstractPipeline.copyInto(AbstractPipeline.java:482)
	at java.util.stream.ForEachOps$ForEachTask.compute(ForEachOps.java:291)
	at java.util.concurrent.CountedCompleter.exec(CountedCompleter.java:731)
	at java.util.concurrent.ForkJoinTask.doExec(ForkJoinTask.java:289)
	at java.util.concurrent.ForkJoinPool.helpComplete(ForkJoinPool.java:1870)
	at java.util.concurrent.ForkJoinPool.externalHelpComplete(ForkJoinPool.java:2467)
	at java.util.concurrent.ForkJoinTask.externalAwaitDone(ForkJoinTask.java:324)
	at java.util.concurrent.ForkJoinTask.doInvoke(ForkJoinTask.java:405)
	at java.util.concurrent.ForkJoinTask.invoke(ForkJoinTask.java:734)
	at java.util.stream.ForEachOps$ForEachOp.evaluateParallel(ForEachOps.java:160)
	at java.util.stream.ForEachOps$ForEachOp$OfRef.evaluateParallel(ForEachOps.java:174)
	at java.util.stream.AbstractPipeline.evaluate(AbstractPipeline.java:233)
	at java.util.stream.ReferencePipeline.forEach(ReferencePipeline.java:418)
	at org.apache.ratis.server.impl.RaftServerProxy$ImplMap.close(RaftServerProxy.java:107)
	at org.apache.ratis.server.impl.RaftServerProxy.lambda$close$4(RaftServerProxy.java:315)
	at org.apache.ratis.util.LifeCycle.lambda$checkStateAndClose$2(LifeCycle.java:231)
	at org.apache.ratis.util.LifeCycle.checkStateAndClose(LifeCycle.java:251)
	at org.apache.ratis.util.LifeCycle.checkStateAndClose(LifeCycle.java:229)
	at org.apache.ratis.server.impl.RaftServerProxy.close(RaftServerProxy.java:313)
	at org.apache.hadoop.ozone.container.common.transport.server.ratis.XceiverServerRatis.stop(XceiverServerRatis.java:441)
	at org.apache.hadoop.ozone.container.ozoneimpl.OzoneContainer.stop(OzoneContainer.java:233)
	at org.apache.hadoop.ozone.container.common.statemachine.DatanodeStateMachine.close(DatanodeStateMachine.java:270)
	at org.apache.hadoop.ozone.container.common.statemachine.DatanodeStateMachine.stopDaemon(DatanodeStateMachine.java:394)
	at org.apache.hadoop.ozone.HddsDatanodeService.stop(HddsDatanodeService.java:457)
	at org.apache.hadoop.ozone.MiniOzoneClusterImpl.stopDatanode(MiniOzoneClusterImpl.java:385)
	at java.util.stream.ForEachOps$ForEachOp$OfRef.accept(ForEachOps.java:184)
	at java.util.ArrayList$ArrayListSpliterator.forEachRemaining(ArrayList.java:1382)
	at java.util.stream.AbstractPipeline.copyInto(AbstractPipeline.java:482)
	at java.util.stream.ForEachOps$ForEachTask.compute(ForEachOps.java:291)
	at java.util.concurrent.CountedCompleter.exec(CountedCompleter.java:731)
	at java.util.concurrent.ForkJoinTask.doExec(ForkJoinTask.java:289)
	at java.util.concurrent.ForkJoinTask.doInvoke(ForkJoinTask.java:401)
	at java.util.concurrent.ForkJoinTask.invoke(ForkJoinTask.java:734)
	at java.util.stream.ForEachOps$ForEachOp.evaluateParallel(ForEachOps.java:160)
	at java.util.stream.ForEachOps$ForEachOp$OfRef.evaluateParallel(ForEachOps.java:174)
	at java.util.stream.AbstractPipeline.evaluate(AbstractPipeline.java:233)
	at java.util.stream.ReferencePipeline.forEach(ReferencePipeline.java:418)
	at java.util.stream.ReferencePipeline$Head.forEach(ReferencePipeline.java:583)
	at org.apache.hadoop.ozone.MiniOzoneClusterImpl.stopDatanodes(MiniOzoneClusterImpl.java:379)
	at org.apache.hadoop.ozone.MiniOzoneClusterImpl.stop(MiniOzoneClusterImpl.java:332)
	at org.apache.hadoop.ozone.MiniOzoneClusterImpl.shutdown(MiniOzoneClusterImpl.java:319)
	at org.apache.hadoop.fs.ozone.TestOzoneFileSystem.teardown(TestOzoneFileSystem.java:93)
	at sun.reflect.NativeMethodAccessorImpl.invoke0(Native Method)
	at sun.reflect.NativeMethodAccessorImpl.invoke(NativeMethodAccessorImpl.java:62)
	at sun.reflect.DelegatingMethodAccessorImpl.invoke(DelegatingMethodAccessorImpl.java:43)
	at java.lang.reflect.Method.invoke(Method.java:498)
	at org.junit.runners.model.FrameworkMethod$1.runReflectiveCall(FrameworkMethod.java:47)
	at org.junit.internal.runners.model.ReflectiveCallable.run(ReflectiveCallable.java:12)
	at org.junit.runners.model.FrameworkMethod.invokeExplosively(FrameworkMethod.java:44)
	at org.junit.internal.runners.statements.RunAfters.evaluate(RunAfters.java:33)
	at org.junit.internal.runners.statements.FailOnTimeout$StatementThread.run(FailOnTimeout.java:74)
2019-09-25 12:54:07,204 [5380f2ea-b78f-45f9-b140-bf4307a3f3ad@group-1EF01BE7DD46:LeaderElection98] INFO  impl.LeaderElection (LeaderElection.java:run(140)) - 5380f2ea-b78f-45f9-b140-bf4307a3f3ad@group-1EF01BE7DD46:LeaderElection98: IllegalArgumentException is safely ignored since this is already CLOSING
2019-09-25 12:54:07,198 [5380f2ea-b78f-45f9-b140-bf4307a3f3ad@group-CE886FD14164:LeaderElection103] INFO  impl.LeaderElection (LogUtils.java:infoOrTrace(149)) - Failed 5380f2ea-b78f-45f9-b140-bf4307a3f3ad@group-CE886FD14164:LeaderElection103, state=CLOSING: {}
java.lang.IllegalArgumentException: 5380f2ea-b78f-45f9-b140-bf4307a3f3ad@group-CE886FD14164-SegmentedRaftLog is expected to be opened but it is CLOSED
	at org.apache.ratis.util.OpenCloseState.assertOpen(OpenCloseState.java:63)
	at org.apache.ratis.server.raftlog.RaftLog.checkLogState(RaftLog.java:102)
	at org.apache.ratis.server.raftlog.segmented.SegmentedRaftLog.getLastEntryTermIndex(SegmentedRaftLog.java:324)
	at org.apache.ratis.server.impl.LeaderElection.askForVotes(LeaderElection.java:184)
	at org.apache.ratis.server.impl.LeaderElection.run(LeaderElection.java:133)
	at java.lang.Thread.run(Thread.java:748)
Caused by: org.apache.ratis.util.OpenCloseState$CloseTrace: Close 5380f2ea-b78f-45f9-b140-bf4307a3f3ad@group-CE886FD14164-SegmentedRaftLog
	at org.apache.ratis.util.OpenCloseState.lambda$close$1(OpenCloseState.java:109)
	at java.util.concurrent.atomic.AtomicReference.getAndUpdate(AtomicReference.java:160)
	at org.apache.ratis.util.OpenCloseState.close(OpenCloseState.java:109)
	at org.apache.ratis.server.raftlog.RaftLog.close(RaftLog.java:437)
	at org.apache.ratis.server.raftlog.segmented.SegmentedRaftLog.close(SegmentedRaftLog.java:476)
	at org.apache.ratis.server.impl.ServerState.close(ServerState.java:387)
	at org.apache.ratis.server.impl.RaftServerImpl.lambda$shutdown$3(RaftServerImpl.java:273)
	at org.apache.ratis.util.LifeCycle.lambda$checkStateAndClose$2(LifeCycle.java:231)
	at org.apache.ratis.util.LifeCycle.checkStateAndClose(LifeCycle.java:251)
	at org.apache.ratis.util.LifeCycle.checkStateAndClose(LifeCycle.java:229)
	at org.apache.ratis.server.impl.RaftServerImpl.shutdown(RaftServerImpl.java:250)
	at org.apache.ratis.server.impl.RaftServerProxy$ImplMap.lambda$close$0(RaftServerProxy.java:107)
	at java.util.stream.ForEachOps$ForEachOp$OfRef.accept(ForEachOps.java:184)
	at java.util.stream.ReferencePipeline$3$1.accept(ReferencePipeline.java:193)
	at java.util.concurrent.ConcurrentHashMap$ValueSpliterator.forEachRemaining(ConcurrentHashMap.java:3566)
	at java.util.stream.AbstractPipeline.copyInto(AbstractPipeline.java:482)
	at java.util.stream.ForEachOps$ForEachTask.compute(ForEachOps.java:291)
	at java.util.concurrent.CountedCompleter.exec(CountedCompleter.java:731)
	at java.util.concurrent.ForkJoinTask.doExec(ForkJoinTask.java:289)
	at java.util.concurrent.ForkJoinTask.doInvoke(ForkJoinTask.java:401)
	at java.util.concurrent.ForkJoinTask.invoke(ForkJoinTask.java:734)
	at java.util.stream.ForEachOps$ForEachOp.evaluateParallel(ForEachOps.java:160)
	at java.util.stream.ForEachOps$ForEachOp$OfRef.evaluateParallel(ForEachOps.java:174)
	at java.util.stream.AbstractPipeline.evaluate(AbstractPipeline.java:233)
	at java.util.stream.ReferencePipeline.forEach(ReferencePipeline.java:418)
	at org.apache.ratis.server.impl.RaftServerProxy$ImplMap.close(RaftServerProxy.java:107)
	at org.apache.ratis.server.impl.RaftServerProxy.lambda$close$4(RaftServerProxy.java:315)
	at org.apache.ratis.util.LifeCycle.lambda$checkStateAndClose$2(LifeCycle.java:231)
	at org.apache.ratis.util.LifeCycle.checkStateAndClose(LifeCycle.java:251)
	at org.apache.ratis.util.LifeCycle.checkStateAndClose(LifeCycle.java:229)
	at org.apache.ratis.server.impl.RaftServerProxy.close(RaftServerProxy.java:313)
	at org.apache.hadoop.ozone.container.common.transport.server.ratis.XceiverServerRatis.stop(XceiverServerRatis.java:441)
	at org.apache.hadoop.ozone.container.ozoneimpl.OzoneContainer.stop(OzoneContainer.java:233)
	at org.apache.hadoop.ozone.container.common.statemachine.DatanodeStateMachine.close(DatanodeStateMachine.java:270)
	at org.apache.hadoop.ozone.container.common.statemachine.DatanodeStateMachine.stopDaemon(DatanodeStateMachine.java:394)
	at org.apache.hadoop.ozone.HddsDatanodeService.stop(HddsDatanodeService.java:457)
	at org.apache.hadoop.ozone.MiniOzoneClusterImpl.stopDatanode(MiniOzoneClusterImpl.java:385)
	at java.util.stream.ForEachOps$ForEachOp$OfRef.accept(ForEachOps.java:184)
	at java.util.ArrayList$ArrayListSpliterator.forEachRemaining(ArrayList.java:1382)
	at java.util.stream.AbstractPipeline.copyInto(AbstractPipeline.java:482)
	at java.util.stream.ForEachOps$ForEachTask.compute(ForEachOps.java:291)
	at java.util.concurrent.CountedCompleter.exec(CountedCompleter.java:731)
	at java.util.concurrent.ForkJoinTask.doExec(ForkJoinTask.java:289)
	at java.util.concurrent.ForkJoinTask.doInvoke(ForkJoinTask.java:401)
	at java.util.concurrent.ForkJoinTask.invoke(ForkJoinTask.java:734)
	at java.util.stream.ForEachOps$ForEachOp.evaluateParallel(ForEachOps.java:160)
	at java.util.stream.ForEachOps$ForEachOp$OfRef.evaluateParallel(ForEachOps.java:174)
	at java.util.stream.AbstractPipeline.evaluate(AbstractPipeline.java:233)
	at java.util.stream.ReferencePipeline.forEach(ReferencePipeline.java:418)
	at java.util.stream.ReferencePipeline$Head.forEach(ReferencePipeline.java:583)
	at org.apache.hadoop.ozone.MiniOzoneClusterImpl.stopDatanodes(MiniOzoneClusterImpl.java:379)
	at org.apache.hadoop.ozone.MiniOzoneClusterImpl.stop(MiniOzoneClusterImpl.java:332)
	at org.apache.hadoop.ozone.MiniOzoneClusterImpl.shutdown(MiniOzoneClusterImpl.java:319)
	at org.apache.hadoop.fs.ozone.TestOzoneFileSystem.teardown(TestOzoneFileSystem.java:93)
	at sun.reflect.NativeMethodAccessorImpl.invoke0(Native Method)
	at sun.reflect.NativeMethodAccessorImpl.invoke(NativeMethodAccessorImpl.java:62)
	at sun.reflect.DelegatingMethodAccessorImpl.invoke(DelegatingMethodAccessorImpl.java:43)
	at java.lang.reflect.Method.invoke(Method.java:498)
	at org.junit.runners.model.FrameworkMethod$1.runReflectiveCall(FrameworkMethod.java:47)
	at org.junit.internal.runners.model.ReflectiveCallable.run(ReflectiveCallable.java:12)
	at org.junit.runners.model.FrameworkMethod.invokeExplosively(FrameworkMethod.java:44)
	at org.junit.internal.runners.statements.RunAfters.evaluate(RunAfters.java:33)
	at org.junit.internal.runners.statements.FailOnTimeout$StatementThread.run(FailOnTimeout.java:74)
2019-09-25 12:54:07,198 [a3c64651-fa92-44ac-be08-fa4b080bd23f@group-91FE4175A21C:LeaderElection100] INFO  impl.RoleInfo (RoleInfo.java:shutdownLeaderElection(134)) - a3c64651-fa92-44ac-be08-fa4b080bd23f: shutdown LeaderElection
2019-09-25 12:54:07,197 [a3c64651-fa92-44ac-be08-fa4b080bd23f@group-400477FE2962:LeaderElection99] INFO  impl.RoleInfo (RoleInfo.java:shutdownLeaderElection(134)) - a3c64651-fa92-44ac-be08-fa4b080bd23f: shutdown LeaderElection
2019-09-25 12:54:07,197 [5380f2ea-b78f-45f9-b140-bf4307a3f3ad@group-C5C48737DFC9:LeaderElection92] INFO  impl.LeaderElection (LogUtils.java:infoOrTrace(149)) - Failed 5380f2ea-b78f-45f9-b140-bf4307a3f3ad@group-C5C48737DFC9:LeaderElection92, state=CLOSING: {}
java.lang.IllegalArgumentException: 5380f2ea-b78f-45f9-b140-bf4307a3f3ad@group-C5C48737DFC9-SegmentedRaftLog is expected to be opened but it is CLOSED
	at org.apache.ratis.util.OpenCloseState.assertOpen(OpenCloseState.java:63)
	at org.apache.ratis.server.raftlog.RaftLog.checkLogState(RaftLog.java:102)
	at org.apache.ratis.server.raftlog.segmented.SegmentedRaftLog.getLastEntryTermIndex(SegmentedRaftLog.java:324)
	at org.apache.ratis.server.impl.LeaderElection.askForVotes(LeaderElection.java:184)
	at org.apache.ratis.server.impl.LeaderElection.run(LeaderElection.java:133)
	at java.lang.Thread.run(Thread.java:748)
Caused by: org.apache.ratis.util.OpenCloseState$CloseTrace: Close 5380f2ea-b78f-45f9-b140-bf4307a3f3ad@group-C5C48737DFC9-SegmentedRaftLog
	at org.apache.ratis.util.OpenCloseState.lambda$close$1(OpenCloseState.java:109)
	at java.util.concurrent.atomic.AtomicReference.getAndUpdate(AtomicReference.java:160)
	at org.apache.ratis.util.OpenCloseState.close(OpenCloseState.java:109)
	at org.apache.ratis.server.raftlog.RaftLog.close(RaftLog.java:437)
	at org.apache.ratis.server.raftlog.segmented.SegmentedRaftLog.close(SegmentedRaftLog.java:476)
	at org.apache.ratis.server.impl.ServerState.close(ServerState.java:387)
	at org.apache.ratis.server.impl.RaftServerImpl.lambda$shutdown$3(RaftServerImpl.java:273)
	at org.apache.ratis.util.LifeCycle.lambda$checkStateAndClose$2(LifeCycle.java:231)
	at org.apache.ratis.util.LifeCycle.checkStateAndClose(LifeCycle.java:251)
	at org.apache.ratis.util.LifeCycle.checkStateAndClose(LifeCycle.java:229)
	at org.apache.ratis.server.impl.RaftServerImpl.shutdown(RaftServerImpl.java:250)
	at org.apache.ratis.server.impl.RaftServerProxy$ImplMap.lambda$close$0(RaftServerProxy.java:107)
	at java.util.stream.ForEachOps$ForEachOp$OfRef.accept(ForEachOps.java:184)
	at java.util.stream.ReferencePipeline$3$1.accept(ReferencePipeline.java:193)
	at java.util.concurrent.ConcurrentHashMap$ValueSpliterator.forEachRemaining(ConcurrentHashMap.java:3566)
	at java.util.stream.AbstractPipeline.copyInto(AbstractPipeline.java:482)
	at java.util.stream.ForEachOps$ForEachTask.compute(ForEachOps.java:291)
	at java.util.concurrent.CountedCompleter.exec(CountedCompleter.java:731)
	at java.util.concurrent.ForkJoinTask.doExec(ForkJoinTask.java:289)
	at java.util.concurrent.ForkJoinTask.doInvoke(ForkJoinTask.java:401)
	at java.util.concurrent.ForkJoinTask.invoke(ForkJoinTask.java:734)
	at java.util.stream.ForEachOps$ForEachOp.evaluateParallel(ForEachOps.java:160)
	at java.util.stream.ForEachOps$ForEachOp$OfRef.evaluateParallel(ForEachOps.java:174)
	at java.util.stream.AbstractPipeline.evaluate(AbstractPipeline.java:233)
	at java.util.stream.ReferencePipeline.forEach(ReferencePipeline.java:418)
	at org.apache.ratis.server.impl.RaftServerProxy$ImplMap.close(RaftServerProxy.java:107)
	at org.apache.ratis.server.impl.RaftServerProxy.lambda$close$4(RaftServerProxy.java:315)
	at org.apache.ratis.util.LifeCycle.lambda$checkStateAndClose$2(LifeCycle.java:231)
	at org.apache.ratis.util.LifeCycle.checkStateAndClose(LifeCycle.java:251)
	at org.apache.ratis.util.LifeCycle.checkStateAndClose(LifeCycle.java:229)
	at org.apache.ratis.server.impl.RaftServerProxy.close(RaftServerProxy.java:313)
	at org.apache.hadoop.ozone.container.common.transport.server.ratis.XceiverServerRatis.stop(XceiverServerRatis.java:441)
	at org.apache.hadoop.ozone.container.ozoneimpl.OzoneContainer.stop(OzoneContainer.java:233)
	at org.apache.hadoop.ozone.container.common.statemachine.DatanodeStateMachine.close(DatanodeStateMachine.java:270)
	at org.apache.hadoop.ozone.container.common.statemachine.DatanodeStateMachine.stopDaemon(DatanodeStateMachine.java:394)
	at org.apache.hadoop.ozone.HddsDatanodeService.stop(HddsDatanodeService.java:457)
	at org.apache.hadoop.ozone.MiniOzoneClusterImpl.stopDatanode(MiniOzoneClusterImpl.java:385)
	at java.util.stream.ForEachOps$ForEachOp$OfRef.accept(ForEachOps.java:184)
	at java.util.ArrayList$ArrayListSpliterator.forEachRemaining(ArrayList.java:1382)
	at java.util.stream.AbstractPipeline.copyInto(AbstractPipeline.java:482)
	at java.util.stream.ForEachOps$ForEachTask.compute(ForEachOps.java:291)
	at java.util.concurrent.CountedCompleter.exec(CountedCompleter.java:731)
	at java.util.concurrent.ForkJoinTask.doExec(ForkJoinTask.java:289)
	at java.util.concurrent.ForkJoinTask.doInvoke(ForkJoinTask.java:401)
	at java.util.concurrent.ForkJoinTask.invoke(ForkJoinTask.java:734)
	at java.util.stream.ForEachOps$ForEachOp.evaluateParallel(ForEachOps.java:160)
	at java.util.stream.ForEachOps$ForEachOp$OfRef.evaluateParallel(ForEachOps.java:174)
	at java.util.stream.AbstractPipeline.evaluate(AbstractPipeline.java:233)
	at java.util.stream.ReferencePipeline.forEach(ReferencePipeline.java:418)
	at java.util.stream.ReferencePipeline$Head.forEach(ReferencePipeline.java:583)
	at org.apache.hadoop.ozone.MiniOzoneClusterImpl.stopDatanodes(MiniOzoneClusterImpl.java:379)
	at org.apache.hadoop.ozone.MiniOzoneClusterImpl.stop(MiniOzoneClusterImpl.java:332)
	at org.apache.hadoop.ozone.MiniOzoneClusterImpl.shutdown(MiniOzoneClusterImpl.java:319)
	at org.apache.hadoop.fs.ozone.TestOzoneFileSystem.teardown(TestOzoneFileSystem.java:93)
	at sun.reflect.NativeMethodAccessorImpl.invoke0(Native Method)
	at sun.reflect.NativeMethodAccessorImpl.invoke(NativeMethodAccessorImpl.java:62)
	at sun.reflect.DelegatingMethodAccessorImpl.invoke(DelegatingMethodAccessorImpl.java:43)
	at java.lang.reflect.Method.invoke(Method.java:498)
	at org.junit.runners.model.FrameworkMethod$1.runReflectiveCall(FrameworkMethod.java:47)
	at org.junit.internal.runners.model.ReflectiveCallable.run(ReflectiveCallable.java:12)
	at org.junit.runners.model.FrameworkMethod.invokeExplosively(FrameworkMethod.java:44)
	at org.junit.internal.runners.statements.RunAfters.evaluate(RunAfters.java:33)
	at org.junit.internal.runners.statements.FailOnTimeout$StatementThread.run(FailOnTimeout.java:74)
2019-09-25 12:54:07,197 [3c260395-8f43-46ed-9b5e-2de54f98c750@group-264620764987:LeaderElection91] INFO  impl.LeaderElection (LogUtils.java:infoOrTrace(149)) - Failed 3c260395-8f43-46ed-9b5e-2de54f98c750@group-264620764987:LeaderElection91, state=CLOSING: {}
java.lang.IllegalArgumentException: 3c260395-8f43-46ed-9b5e-2de54f98c750@group-264620764987-SegmentedRaftLog is expected to be opened but it is CLOSED
	at org.apache.ratis.util.OpenCloseState.assertOpen(OpenCloseState.java:63)
	at org.apache.ratis.server.raftlog.RaftLog.checkLogState(RaftLog.java:102)
	at org.apache.ratis.server.raftlog.segmented.SegmentedRaftLog.getLastEntryTermIndex(SegmentedRaftLog.java:324)
	at org.apache.ratis.server.impl.LeaderElection.askForVotes(LeaderElection.java:184)
	at org.apache.ratis.server.impl.LeaderElection.run(LeaderElection.java:133)
	at java.lang.Thread.run(Thread.java:748)
Caused by: org.apache.ratis.util.OpenCloseState$CloseTrace: Close 3c260395-8f43-46ed-9b5e-2de54f98c750@group-264620764987-SegmentedRaftLog
	at org.apache.ratis.util.OpenCloseState.lambda$close$1(OpenCloseState.java:109)
	at java.util.concurrent.atomic.AtomicReference.getAndUpdate(AtomicReference.java:160)
	at org.apache.ratis.util.OpenCloseState.close(OpenCloseState.java:109)
	at org.apache.ratis.server.raftlog.RaftLog.close(RaftLog.java:437)
	at org.apache.ratis.server.raftlog.segmented.SegmentedRaftLog.close(SegmentedRaftLog.java:476)
	at org.apache.ratis.server.impl.ServerState.close(ServerState.java:387)
	at org.apache.ratis.server.impl.RaftServerImpl.lambda$shutdown$3(RaftServerImpl.java:273)
	at org.apache.ratis.util.LifeCycle.lambda$checkStateAndClose$2(LifeCycle.java:231)
	at org.apache.ratis.util.LifeCycle.checkStateAndClose(LifeCycle.java:251)
	at org.apache.ratis.util.LifeCycle.checkStateAndClose(LifeCycle.java:229)
	at org.apache.ratis.server.impl.RaftServerImpl.shutdown(RaftServerImpl.java:250)
	at org.apache.ratis.server.impl.RaftServerProxy$ImplMap.lambda$close$0(RaftServerProxy.java:107)
	at java.util.stream.ForEachOps$ForEachOp$OfRef.accept(ForEachOps.java:184)
	at java.util.stream.ReferencePipeline$3$1.accept(ReferencePipeline.java:193)
	at java.util.concurrent.ConcurrentHashMap$ValueSpliterator.forEachRemaining(ConcurrentHashMap.java:3566)
	at java.util.stream.AbstractPipeline.copyInto(AbstractPipeline.java:482)
	at java.util.stream.ForEachOps$ForEachTask.compute(ForEachOps.java:291)
	at java.util.concurrent.CountedCompleter.exec(CountedCompleter.java:731)
	at java.util.concurrent.ForkJoinTask.doExec(ForkJoinTask.java:289)
	at java.util.concurrent.ForkJoinPool.helpComplete(ForkJoinPool.java:1870)
	at java.util.concurrent.ForkJoinPool.awaitJoin(ForkJoinPool.java:2045)
	at java.util.concurrent.ForkJoinTask.doInvoke(ForkJoinTask.java:404)
	at java.util.concurrent.ForkJoinTask.invoke(ForkJoinTask.java:734)
	at java.util.stream.ForEachOps$ForEachOp.evaluateParallel(ForEachOps.java:160)
	at java.util.stream.ForEachOps$ForEachOp$OfRef.evaluateParallel(ForEachOps.java:174)
	at java.util.stream.AbstractPipeline.evaluate(AbstractPipeline.java:233)
	at java.util.stream.ReferencePipeline.forEach(ReferencePipeline.java:418)
	at org.apache.ratis.server.impl.RaftServerProxy$ImplMap.close(RaftServerProxy.java:107)
	at org.apache.ratis.server.impl.RaftServerProxy.lambda$close$4(RaftServerProxy.java:315)
	at org.apache.ratis.util.LifeCycle.lambda$checkStateAndClose$2(LifeCycle.java:231)
	at org.apache.ratis.util.LifeCycle.checkStateAndClose(LifeCycle.java:251)
	at org.apache.ratis.util.LifeCycle.checkStateAndClose(LifeCycle.java:229)
	at org.apache.ratis.server.impl.RaftServerProxy.close(RaftServerProxy.java:313)
	at org.apache.hadoop.ozone.container.common.transport.server.ratis.XceiverServerRatis.stop(XceiverServerRatis.java:441)
	at org.apache.hadoop.ozone.container.ozoneimpl.OzoneContainer.stop(OzoneContainer.java:233)
	at org.apache.hadoop.ozone.container.common.statemachine.DatanodeStateMachine.close(DatanodeStateMachine.java:270)
	at org.apache.hadoop.ozone.container.common.statemachine.DatanodeStateMachine.stopDaemon(DatanodeStateMachine.java:394)
	at org.apache.hadoop.ozone.HddsDatanodeService.stop(HddsDatanodeService.java:457)
	at org.apache.hadoop.ozone.MiniOzoneClusterImpl.stopDatanode(MiniOzoneClusterImpl.java:385)
	at java.util.stream.ForEachOps$ForEachOp$OfRef.accept(ForEachOps.java:184)
	at java.util.ArrayList$ArrayListSpliterator.forEachRemaining(ArrayList.java:1382)
	at java.util.stream.AbstractPipeline.copyInto(AbstractPipeline.java:482)
	at java.util.stream.ForEachOps$ForEachTask.compute(ForEachOps.java:291)
	at java.util.concurrent.CountedCompleter.exec(CountedCompleter.java:731)
	at java.util.concurrent.ForkJoinTask.doExec(ForkJoinTask.java:289)
	at java.util.concurrent.ForkJoinPool$WorkQueue.runTask(ForkJoinPool.java:1056)
	at java.util.concurrent.ForkJoinPool.runWorker(ForkJoinPool.java:1692)
	at java.util.concurrent.ForkJoinWorkerThread.run(ForkJoinWorkerThread.java:157)
2019-09-25 12:54:07,197 [5380f2ea-b78f-45f9-b140-bf4307a3f3ad@group-BB4E52015C33:LeaderElection105] INFO  impl.LeaderElection (LogUtils.java:infoOrTrace(149)) - Failed 5380f2ea-b78f-45f9-b140-bf4307a3f3ad@group-BB4E52015C33:LeaderElection105, state=CLOSING: {}
java.lang.IllegalArgumentException: 5380f2ea-b78f-45f9-b140-bf4307a3f3ad@group-BB4E52015C33-SegmentedRaftLog is expected to be opened but it is CLOSED
	at org.apache.ratis.util.OpenCloseState.assertOpen(OpenCloseState.java:63)
	at org.apache.ratis.server.raftlog.RaftLog.checkLogState(RaftLog.java:102)
	at org.apache.ratis.server.raftlog.segmented.SegmentedRaftLog.getLastEntryTermIndex(SegmentedRaftLog.java:324)
	at org.apache.ratis.server.impl.LeaderElection.askForVotes(LeaderElection.java:184)
	at org.apache.ratis.server.impl.LeaderElection.run(LeaderElection.java:133)
	at java.lang.Thread.run(Thread.java:748)
Caused by: org.apache.ratis.util.OpenCloseState$CloseTrace: Close 5380f2ea-b78f-45f9-b140-bf4307a3f3ad@group-BB4E52015C33-SegmentedRaftLog
	at org.apache.ratis.util.OpenCloseState.lambda$close$1(OpenCloseState.java:109)
	at java.util.concurrent.atomic.AtomicReference.getAndUpdate(AtomicReference.java:160)
	at org.apache.ratis.util.OpenCloseState.close(OpenCloseState.java:109)
	at org.apache.ratis.server.raftlog.RaftLog.close(RaftLog.java:437)
	at org.apache.ratis.server.raftlog.segmented.SegmentedRaftLog.close(SegmentedRaftLog.java:476)
	at org.apache.ratis.server.impl.ServerState.close(ServerState.java:387)
	at org.apache.ratis.server.impl.RaftServerImpl.lambda$shutdown$3(RaftServerImpl.java:273)
	at org.apache.ratis.util.LifeCycle.lambda$checkStateAndClose$2(LifeCycle.java:231)
	at org.apache.ratis.util.LifeCycle.checkStateAndClose(LifeCycle.java:251)
	at org.apache.ratis.util.LifeCycle.checkStateAndClose(LifeCycle.java:229)
	at org.apache.ratis.server.impl.RaftServerImpl.shutdown(RaftServerImpl.java:250)
	at org.apache.ratis.server.impl.RaftServerProxy$ImplMap.lambda$close$0(RaftServerProxy.java:107)
	at java.util.stream.ForEachOps$ForEachOp$OfRef.accept(ForEachOps.java:184)
	at java.util.stream.ReferencePipeline$3$1.accept(ReferencePipeline.java:193)
	at java.util.concurrent.ConcurrentHashMap$ValueSpliterator.forEachRemaining(ConcurrentHashMap.java:3566)
	at java.util.stream.AbstractPipeline.copyInto(AbstractPipeline.java:482)
	at java.util.stream.ForEachOps$ForEachTask.compute(ForEachOps.java:291)
	at java.util.concurrent.CountedCompleter.exec(CountedCompleter.java:731)
	at java.util.concurrent.ForkJoinTask.doExec(ForkJoinTask.java:289)
	at java.util.concurrent.ForkJoinPool.helpComplete(ForkJoinPool.java:1870)
	at java.util.concurrent.ForkJoinPool.externalHelpComplete(ForkJoinPool.java:2467)
	at java.util.concurrent.ForkJoinTask.externalAwaitDone(ForkJoinTask.java:324)
	at java.util.concurrent.ForkJoinTask.doInvoke(ForkJoinTask.java:405)
	at java.util.concurrent.ForkJoinTask.invoke(ForkJoinTask.java:734)
	at java.util.stream.ForEachOps$ForEachOp.evaluateParallel(ForEachOps.java:160)
	at java.util.stream.ForEachOps$ForEachOp$OfRef.evaluateParallel(ForEachOps.java:174)
	at java.util.stream.AbstractPipeline.evaluate(AbstractPipeline.java:233)
	at java.util.stream.ReferencePipeline.forEach(ReferencePipeline.java:418)
	at org.apache.ratis.server.impl.RaftServerProxy$ImplMap.close(RaftServerProxy.java:107)
	at org.apache.ratis.server.impl.RaftServerProxy.lambda$close$4(RaftServerProxy.java:315)
	at org.apache.ratis.util.LifeCycle.lambda$checkStateAndClose$2(LifeCycle.java:231)
	at org.apache.ratis.util.LifeCycle.checkStateAndClose(LifeCycle.java:251)
	at org.apache.ratis.util.LifeCycle.checkStateAndClose(LifeCycle.java:229)
	at org.apache.ratis.server.impl.RaftServerProxy.close(RaftServerProxy.java:313)
	at org.apache.hadoop.ozone.container.common.transport.server.ratis.XceiverServerRatis.stop(XceiverServerRatis.java:441)
	at org.apache.hadoop.ozone.container.ozoneimpl.OzoneContainer.stop(OzoneContainer.java:233)
	at org.apache.hadoop.ozone.container.common.statemachine.DatanodeStateMachine.close(DatanodeStateMachine.java:270)
	at org.apache.hadoop.ozone.container.common.statemachine.DatanodeStateMachine.stopDaemon(DatanodeStateMachine.java:394)
	at org.apache.hadoop.ozone.HddsDatanodeService.stop(HddsDatanodeService.java:457)
	at org.apache.hadoop.ozone.MiniOzoneClusterImpl.stopDatanode(MiniOzoneClusterImpl.java:385)
	at java.util.stream.ForEachOps$ForEachOp$OfRef.accept(ForEachOps.java:184)
	at java.util.ArrayList$ArrayListSpliterator.forEachRemaining(ArrayList.java:1382)
	at java.util.stream.AbstractPipeline.copyInto(AbstractPipeline.java:482)
	at java.util.stream.ForEachOps$ForEachTask.compute(ForEachOps.java:291)
	at java.util.concurrent.CountedCompleter.exec(CountedCompleter.java:731)
	at java.util.concurrent.ForkJoinTask.doExec(ForkJoinTask.java:289)
	at java.util.concurrent.ForkJoinTask.doInvoke(ForkJoinTask.java:401)
	at java.util.concurrent.ForkJoinTask.invoke(ForkJoinTask.java:734)
	at java.util.stream.ForEachOps$ForEachOp.evaluateParallel(ForEachOps.java:160)
	at java.util.stream.ForEachOps$ForEachOp$OfRef.evaluateParallel(ForEachOps.java:174)
	at java.util.stream.AbstractPipeline.evaluate(AbstractPipeline.java:233)
	at java.util.stream.ReferencePipeline.forEach(ReferencePipeline.java:418)
	at java.util.stream.ReferencePipeline$Head.forEach(ReferencePipeline.java:583)
	at org.apache.hadoop.ozone.MiniOzoneClusterImpl.stopDatanodes(MiniOzoneClusterImpl.java:379)
	at org.apache.hadoop.ozone.MiniOzoneClusterImpl.stop(MiniOzoneClusterImpl.java:332)
	at org.apache.hadoop.ozone.MiniOzoneClusterImpl.shutdown(MiniOzoneClusterImpl.java:319)
	at org.apache.hadoop.fs.ozone.TestOzoneFileSystem.teardown(TestOzoneFileSystem.java:93)
	at sun.reflect.NativeMethodAccessorImpl.invoke0(Native Method)
	at sun.reflect.NativeMethodAccessorImpl.invoke(NativeMethodAccessorImpl.java:62)
	at sun.reflect.DelegatingMethodAccessorImpl.invoke(DelegatingMethodAccessorImpl.java:43)
	at java.lang.reflect.Method.invoke(Method.java:498)
	at org.junit.runners.model.FrameworkMethod$1.runReflectiveCall(FrameworkMethod.java:47)
	at org.junit.internal.runners.model.ReflectiveCallable.run(ReflectiveCallable.java:12)
	at org.junit.runners.model.FrameworkMethod.invokeExplosively(FrameworkMethod.java:44)
	at org.junit.internal.runners.statements.RunAfters.evaluate(RunAfters.java:33)
	at org.junit.internal.runners.statements.FailOnTimeout$StatementThread.run(FailOnTimeout.java:74)
2019-09-25 12:54:07,197 [3c260395-8f43-46ed-9b5e-2de54f98c750@group-03DA9CE5AF7F:LeaderElection95] INFO  impl.LeaderElection (LogUtils.java:infoOrTrace(149)) - Failed 3c260395-8f43-46ed-9b5e-2de54f98c750@group-03DA9CE5AF7F:LeaderElection95, state=CLOSING: {}
java.lang.IllegalArgumentException: 3c260395-8f43-46ed-9b5e-2de54f98c750@group-03DA9CE5AF7F-SegmentedRaftLog is expected to be opened but it is CLOSED
	at org.apache.ratis.util.OpenCloseState.assertOpen(OpenCloseState.java:63)
	at org.apache.ratis.server.raftlog.RaftLog.checkLogState(RaftLog.java:102)
	at org.apache.ratis.server.raftlog.segmented.SegmentedRaftLog.getLastEntryTermIndex(SegmentedRaftLog.java:324)
	at org.apache.ratis.server.impl.LeaderElection.askForVotes(LeaderElection.java:184)
	at org.apache.ratis.server.impl.LeaderElection.run(LeaderElection.java:133)
	at java.lang.Thread.run(Thread.java:748)
Caused by: org.apache.ratis.util.OpenCloseState$CloseTrace: Close 3c260395-8f43-46ed-9b5e-2de54f98c750@group-03DA9CE5AF7F-SegmentedRaftLog
	at org.apache.ratis.util.OpenCloseState.lambda$close$1(OpenCloseState.java:109)
	at java.util.concurrent.atomic.AtomicReference.getAndUpdate(AtomicReference.java:160)
	at org.apache.ratis.util.OpenCloseState.close(OpenCloseState.java:109)
	at org.apache.ratis.server.raftlog.RaftLog.close(RaftLog.java:437)
	at org.apache.ratis.server.raftlog.segmented.SegmentedRaftLog.close(SegmentedRaftLog.java:476)
	at org.apache.ratis.server.impl.ServerState.close(ServerState.java:387)
	at org.apache.ratis.server.impl.RaftServerImpl.lambda$shutdown$3(RaftServerImpl.java:273)
	at org.apache.ratis.util.LifeCycle.lambda$checkStateAndClose$2(LifeCycle.java:231)
	at org.apache.ratis.util.LifeCycle.checkStateAndClose(LifeCycle.java:251)
	at org.apache.ratis.util.LifeCycle.checkStateAndClose(LifeCycle.java:229)
	at org.apache.ratis.server.impl.RaftServerImpl.shutdown(RaftServerImpl.java:250)
	at org.apache.ratis.server.impl.RaftServerProxy$ImplMap.lambda$close$0(RaftServerProxy.java:107)
	at java.util.stream.ForEachOps$ForEachOp$OfRef.accept(ForEachOps.java:184)
	at java.util.stream.ReferencePipeline$3$1.accept(ReferencePipeline.java:193)
	at java.util.concurrent.ConcurrentHashMap$ValueSpliterator.forEachRemaining(ConcurrentHashMap.java:3566)
	at java.util.stream.AbstractPipeline.copyInto(AbstractPipeline.java:482)
	at java.util.stream.ForEachOps$ForEachTask.compute(ForEachOps.java:291)
	at java.util.concurrent.CountedCompleter.exec(CountedCompleter.java:731)
	at java.util.concurrent.ForkJoinTask.doExec(ForkJoinTask.java:289)
	at java.util.concurrent.ForkJoinTask.doInvoke(ForkJoinTask.java:401)
	at java.util.concurrent.ForkJoinTask.invoke(ForkJoinTask.java:734)
	at java.util.stream.ForEachOps$ForEachOp.evaluateParallel(ForEachOps.java:160)
	at java.util.stream.ForEachOps$ForEachOp$OfRef.evaluateParallel(ForEachOps.java:174)
	at java.util.stream.AbstractPipeline.evaluate(AbstractPipeline.java:233)
	at java.util.stream.ReferencePipeline.forEach(ReferencePipeline.java:418)
	at org.apache.ratis.server.impl.RaftServerProxy$ImplMap.close(RaftServerProxy.java:107)
	at org.apache.ratis.server.impl.RaftServerProxy.lambda$close$4(RaftServerProxy.java:315)
	at org.apache.ratis.util.LifeCycle.lambda$checkStateAndClose$2(LifeCycle.java:231)
	at org.apache.ratis.util.LifeCycle.checkStateAndClose(LifeCycle.java:251)
	at org.apache.ratis.util.LifeCycle.checkStateAndClose(LifeCycle.java:229)
	at org.apache.ratis.server.impl.RaftServerProxy.close(RaftServerProxy.java:313)
	at org.apache.hadoop.ozone.container.common.transport.server.ratis.XceiverServerRatis.stop(XceiverServerRatis.java:441)
	at org.apache.hadoop.ozone.container.ozoneimpl.OzoneContainer.stop(OzoneContainer.java:233)
	at org.apache.hadoop.ozone.container.common.statemachine.DatanodeStateMachine.close(DatanodeStateMachine.java:270)
	at org.apache.hadoop.ozone.container.common.statemachine.DatanodeStateMachine.stopDaemon(DatanodeStateMachine.java:394)
	at org.apache.hadoop.ozone.HddsDatanodeService.stop(HddsDatanodeService.java:457)
	at org.apache.hadoop.ozone.MiniOzoneClusterImpl.stopDatanode(MiniOzoneClusterImpl.java:385)
	at java.util.stream.ForEachOps$ForEachOp$OfRef.accept(ForEachOps.java:184)
	at java.util.ArrayList$ArrayListSpliterator.forEachRemaining(ArrayList.java:1382)
	at java.util.stream.AbstractPipeline.copyInto(AbstractPipeline.java:482)
	at java.util.stream.ForEachOps$ForEachTask.compute(ForEachOps.java:291)
	at java.util.concurrent.CountedCompleter.exec(CountedCompleter.java:731)
	at java.util.concurrent.ForkJoinTask.doExec(ForkJoinTask.java:289)
	at java.util.concurrent.ForkJoinPool$WorkQueue.runTask(ForkJoinPool.java:1056)
	at java.util.concurrent.ForkJoinPool.runWorker(ForkJoinPool.java:1692)
	at java.util.concurrent.ForkJoinWorkerThread.run(ForkJoinWorkerThread.java:157)
2019-09-25 12:54:07,197 [3c260395-8f43-46ed-9b5e-2de54f98c750@group-853FBE72ACE2:LeaderElection97] INFO  impl.LeaderElection (LogUtils.java:infoOrTrace(149)) - Failed 3c260395-8f43-46ed-9b5e-2de54f98c750@group-853FBE72ACE2:LeaderElection97, state=CLOSING: {}
java.lang.IllegalArgumentException: 3c260395-8f43-46ed-9b5e-2de54f98c750@group-853FBE72ACE2-SegmentedRaftLog is expected to be opened but it is CLOSED
	at org.apache.ratis.util.OpenCloseState.assertOpen(OpenCloseState.java:63)
	at org.apache.ratis.server.raftlog.RaftLog.checkLogState(RaftLog.java:102)
	at org.apache.ratis.server.raftlog.segmented.SegmentedRaftLog.getLastEntryTermIndex(SegmentedRaftLog.java:324)
	at org.apache.ratis.server.impl.LeaderElection.askForVotes(LeaderElection.java:184)
	at org.apache.ratis.server.impl.LeaderElection.run(LeaderElection.java:133)
	at java.lang.Thread.run(Thread.java:748)
Caused by: org.apache.ratis.util.OpenCloseState$CloseTrace: Close 3c260395-8f43-46ed-9b5e-2de54f98c750@group-853FBE72ACE2-SegmentedRaftLog
	at org.apache.ratis.util.OpenCloseState.lambda$close$1(OpenCloseState.java:109)
	at java.util.concurrent.atomic.AtomicReference.getAndUpdate(AtomicReference.java:160)
	at org.apache.ratis.util.OpenCloseState.close(OpenCloseState.java:109)
	at org.apache.ratis.server.raftlog.RaftLog.close(RaftLog.java:437)
	at org.apache.ratis.server.raftlog.segmented.SegmentedRaftLog.close(SegmentedRaftLog.java:476)
	at org.apache.ratis.server.impl.ServerState.close(ServerState.java:387)
	at org.apache.ratis.server.impl.RaftServerImpl.lambda$shutdown$3(RaftServerImpl.java:273)
	at org.apache.ratis.util.LifeCycle.lambda$checkStateAndClose$2(LifeCycle.java:231)
	at org.apache.ratis.util.LifeCycle.checkStateAndClose(LifeCycle.java:251)
	at org.apache.ratis.util.LifeCycle.checkStateAndClose(LifeCycle.java:229)
	at org.apache.ratis.server.impl.RaftServerImpl.shutdown(RaftServerImpl.java:250)
	at org.apache.ratis.server.impl.RaftServerProxy$ImplMap.lambda$close$0(RaftServerProxy.java:107)
	at java.util.stream.ForEachOps$ForEachOp$OfRef.accept(ForEachOps.java:184)
	at java.util.stream.ReferencePipeline$3$1.accept(ReferencePipeline.java:193)
	at java.util.concurrent.ConcurrentHashMap$ValueSpliterator.forEachRemaining(ConcurrentHashMap.java:3566)
	at java.util.stream.AbstractPipeline.copyInto(AbstractPipeline.java:482)
	at java.util.stream.ForEachOps$ForEachTask.compute(ForEachOps.java:291)
	at java.util.concurrent.CountedCompleter.exec(CountedCompleter.java:731)
	at java.util.concurrent.ForkJoinTask.doExec(ForkJoinTask.java:289)
	at java.util.concurrent.ForkJoinPool.helpComplete(ForkJoinPool.java:1870)
	at java.util.concurrent.ForkJoinPool.awaitJoin(ForkJoinPool.java:2045)
	at java.util.concurrent.ForkJoinTask.doInvoke(ForkJoinTask.java:404)
	at java.util.concurrent.ForkJoinTask.invoke(ForkJoinTask.java:734)
	at java.util.stream.ForEachOps$ForEachOp.evaluateParallel(ForEachOps.java:160)
	at java.util.stream.ForEachOps$ForEachOp$OfRef.evaluateParallel(ForEachOps.java:174)
	at java.util.stream.AbstractPipeline.evaluate(AbstractPipeline.java:233)
	at java.util.stream.ReferencePipeline.forEach(ReferencePipeline.java:418)
	at org.apache.ratis.server.impl.RaftServerProxy$ImplMap.close(RaftServerProxy.java:107)
	at org.apache.ratis.server.impl.RaftServerProxy.lambda$close$4(RaftServerProxy.java:315)
	at org.apache.ratis.util.LifeCycle.lambda$checkStateAndClose$2(LifeCycle.java:231)
	at org.apache.ratis.util.LifeCycle.checkStateAndClose(LifeCycle.java:251)
	at org.apache.ratis.util.LifeCycle.checkStateAndClose(LifeCycle.java:229)
	at org.apache.ratis.server.impl.RaftServerProxy.close(RaftServerProxy.java:313)
	at org.apache.hadoop.ozone.container.common.transport.server.ratis.XceiverServerRatis.stop(XceiverServerRatis.java:441)
	at org.apache.hadoop.ozone.container.ozoneimpl.OzoneContainer.stop(OzoneContainer.java:233)
	at org.apache.hadoop.ozone.container.common.statemachine.DatanodeStateMachine.close(DatanodeStateMachine.java:270)
	at org.apache.hadoop.ozone.container.common.statemachine.DatanodeStateMachine.stopDaemon(DatanodeStateMachine.java:394)
	at org.apache.hadoop.ozone.HddsDatanodeService.stop(HddsDatanodeService.java:457)
	at org.apache.hadoop.ozone.MiniOzoneClusterImpl.stopDatanode(MiniOzoneClusterImpl.java:385)
	at java.util.stream.ForEachOps$ForEachOp$OfRef.accept(ForEachOps.java:184)
	at java.util.ArrayList$ArrayListSpliterator.forEachRemaining(ArrayList.java:1382)
	at java.util.stream.AbstractPipeline.copyInto(AbstractPipeline.java:482)
	at java.util.stream.ForEachOps$ForEachTask.compute(ForEachOps.java:291)
	at java.util.concurrent.CountedCompleter.exec(CountedCompleter.java:731)
	at java.util.concurrent.ForkJoinTask.doExec(ForkJoinTask.java:289)
	at java.util.concurrent.ForkJoinPool$WorkQueue.runTask(ForkJoinPool.java:1056)
	at java.util.concurrent.ForkJoinPool.runWorker(ForkJoinPool.java:1692)
	at java.util.concurrent.ForkJoinWorkerThread.run(ForkJoinWorkerThread.java:157)
2019-09-25 12:54:07,197 [a3c64651-fa92-44ac-be08-fa4b080bd23f@group-FD447198498E:LeaderElection106] INFO  impl.RoleInfo (RoleInfo.java:shutdownLeaderElection(134)) - a3c64651-fa92-44ac-be08-fa4b080bd23f: shutdown LeaderElection
2019-09-25 12:54:07,224 [a3c64651-fa92-44ac-be08-fa4b080bd23f@group-FD447198498E:LeaderElection106] INFO  impl.RaftServerImpl (RaftServerImpl.java:setRole(174)) - a3c64651-fa92-44ac-be08-fa4b080bd23f@group-FD447198498E: changes role from CANDIDATE to LEADER at term 1 for changeToLeader
2019-09-25 12:54:07,196 [5380f2ea-b78f-45f9-b140-bf4307a3f3ad@group-27FC373992E4:LeaderElection93] INFO  impl.LeaderElection (LogUtils.java:infoOrTrace(149)) - Failed 5380f2ea-b78f-45f9-b140-bf4307a3f3ad@group-27FC373992E4:LeaderElection93, state=CLOSING: {}
java.lang.IllegalArgumentException: 5380f2ea-b78f-45f9-b140-bf4307a3f3ad@group-27FC373992E4-SegmentedRaftLog is expected to be opened but it is CLOSED
	at org.apache.ratis.util.OpenCloseState.assertOpen(OpenCloseState.java:63)
	at org.apache.ratis.server.raftlog.RaftLog.checkLogState(RaftLog.java:102)
	at org.apache.ratis.server.raftlog.segmented.SegmentedRaftLog.getLastEntryTermIndex(SegmentedRaftLog.java:324)
	at org.apache.ratis.server.impl.LeaderElection.askForVotes(LeaderElection.java:184)
	at org.apache.ratis.server.impl.LeaderElection.run(LeaderElection.java:133)
	at java.lang.Thread.run(Thread.java:748)
Caused by: org.apache.ratis.util.OpenCloseState$CloseTrace: Close 5380f2ea-b78f-45f9-b140-bf4307a3f3ad@group-27FC373992E4-SegmentedRaftLog
	at org.apache.ratis.util.OpenCloseState.lambda$close$1(OpenCloseState.java:109)
	at java.util.concurrent.atomic.AtomicReference.getAndUpdate(AtomicReference.java:160)
	at org.apache.ratis.util.OpenCloseState.close(OpenCloseState.java:109)
	at org.apache.ratis.server.raftlog.RaftLog.close(RaftLog.java:437)
	at org.apache.ratis.server.raftlog.segmented.SegmentedRaftLog.close(SegmentedRaftLog.java:476)
	at org.apache.ratis.server.impl.ServerState.close(ServerState.java:387)
	at org.apache.ratis.server.impl.RaftServerImpl.lambda$shutdown$3(RaftServerImpl.java:273)
	at org.apache.ratis.util.LifeCycle.lambda$checkStateAndClose$2(LifeCycle.java:231)
	at org.apache.ratis.util.LifeCycle.checkStateAndClose(LifeCycle.java:251)
	at org.apache.ratis.util.LifeCycle.checkStateAndClose(LifeCycle.java:229)
	at org.apache.ratis.server.impl.RaftServerImpl.shutdown(RaftServerImpl.java:250)
	at org.apache.ratis.server.impl.RaftServerProxy$ImplMap.lambda$close$0(RaftServerProxy.java:107)
	at java.util.stream.ForEachOps$ForEachOp$OfRef.accept(ForEachOps.java:184)
	at java.util.stream.ReferencePipeline$3$1.accept(ReferencePipeline.java:193)
	at java.util.concurrent.ConcurrentHashMap$ValueSpliterator.forEachRemaining(ConcurrentHashMap.java:3566)
	at java.util.stream.AbstractPipeline.copyInto(AbstractPipeline.java:482)
	at java.util.stream.ForEachOps$ForEachTask.compute(ForEachOps.java:291)
	at java.util.concurrent.CountedCompleter.exec(CountedCompleter.java:731)
	at java.util.concurrent.ForkJoinTask.doExec(ForkJoinTask.java:289)
	at java.util.concurrent.ForkJoinPool.helpComplete(ForkJoinPool.java:1870)
	at java.util.concurrent.ForkJoinPool.externalHelpComplete(ForkJoinPool.java:2467)
	at java.util.concurrent.ForkJoinTask.externalAwaitDone(ForkJoinTask.java:324)
	at java.util.concurrent.ForkJoinTask.doInvoke(ForkJoinTask.java:405)
	at java.util.concurrent.ForkJoinTask.invoke(ForkJoinTask.java:734)
	at java.util.stream.ForEachOps$ForEachOp.evaluateParallel(ForEachOps.java:160)
	at java.util.stream.ForEachOps$ForEachOp$OfRef.evaluateParallel(ForEachOps.java:174)
	at java.util.stream.AbstractPipeline.evaluate(AbstractPipeline.java:233)
	at java.util.stream.ReferencePipeline.forEach(ReferencePipeline.java:418)
	at org.apache.ratis.server.impl.RaftServerProxy$ImplMap.close(RaftServerProxy.java:107)
	at org.apache.ratis.server.impl.RaftServerProxy.lambda$close$4(RaftServerProxy.java:315)
	at org.apache.ratis.util.LifeCycle.lambda$checkStateAndClose$2(LifeCycle.java:231)
	at org.apache.ratis.util.LifeCycle.checkStateAndClose(LifeCycle.java:251)
	at org.apache.ratis.util.LifeCycle.checkStateAndClose(LifeCycle.java:229)
	at org.apache.ratis.server.impl.RaftServerProxy.close(RaftServerProxy.java:313)
	at org.apache.hadoop.ozone.container.common.transport.server.ratis.XceiverServerRatis.stop(XceiverServerRatis.java:441)
	at org.apache.hadoop.ozone.container.ozoneimpl.OzoneContainer.stop(OzoneContainer.java:233)
	at org.apache.hadoop.ozone.container.common.statemachine.DatanodeStateMachine.close(DatanodeStateMachine.java:270)
	at org.apache.hadoop.ozone.container.common.statemachine.DatanodeStateMachine.stopDaemon(DatanodeStateMachine.java:394)
	at org.apache.hadoop.ozone.HddsDatanodeService.stop(HddsDatanodeService.java:457)
	at org.apache.hadoop.ozone.MiniOzoneClusterImpl.stopDatanode(MiniOzoneClusterImpl.java:385)
	at java.util.stream.ForEachOps$ForEachOp$OfRef.accept(ForEachOps.java:184)
	at java.util.ArrayList$ArrayListSpliterator.forEachRemaining(ArrayList.java:1382)
	at java.util.stream.AbstractPipeline.copyInto(AbstractPipeline.java:482)
	at java.util.stream.ForEachOps$ForEachTask.compute(ForEachOps.java:291)
	at java.util.concurrent.CountedCompleter.exec(CountedCompleter.java:731)
	at java.util.concurrent.ForkJoinTask.doExec(ForkJoinTask.java:289)
	at java.util.concurrent.ForkJoinTask.doInvoke(ForkJoinTask.java:401)
	at java.util.concurrent.ForkJoinTask.invoke(ForkJoinTask.java:734)
	at java.util.stream.ForEachOps$ForEachOp.evaluateParallel(ForEachOps.java:160)
	at java.util.stream.ForEachOps$ForEachOp$OfRef.evaluateParallel(ForEachOps.java:174)
	at java.util.stream.AbstractPipeline.evaluate(AbstractPipeline.java:233)
	at java.util.stream.ReferencePipeline.forEach(ReferencePipeline.java:418)
	at java.util.stream.ReferencePipeline$Head.forEach(ReferencePipeline.java:583)
	at org.apache.hadoop.ozone.MiniOzoneClusterImpl.stopDatanodes(MiniOzoneClusterImpl.java:379)
	at org.apache.hadoop.ozone.MiniOzoneClusterImpl.stop(MiniOzoneClusterImpl.java:332)
	at org.apache.hadoop.ozone.MiniOzoneClusterImpl.shutdown(MiniOzoneClusterImpl.java:319)
	at org.apache.hadoop.fs.ozone.TestOzoneFileSystem.teardown(TestOzoneFileSystem.java:93)
	at sun.reflect.NativeMethodAccessorImpl.invoke0(Native Method)
	at sun.reflect.NativeMethodAccessorImpl.invoke(NativeMethodAccessorImpl.java:62)
	at sun.reflect.DelegatingMethodAccessorImpl.invoke(DelegatingMethodAccessorImpl.java:43)
	at java.lang.reflect.Method.invoke(Method.java:498)
	at org.junit.runners.model.FrameworkMethod$1.runReflectiveCall(FrameworkMethod.java:47)
	at org.junit.internal.runners.model.ReflectiveCallable.run(ReflectiveCallable.java:12)
	at org.junit.runners.model.FrameworkMethod.invokeExplosively(FrameworkMethod.java:44)
	at org.junit.internal.runners.statements.RunAfters.evaluate(RunAfters.java:33)
	at org.junit.internal.runners.statements.FailOnTimeout$StatementThread.run(FailOnTimeout.java:74)
2019-09-25 12:54:07,228 [5380f2ea-b78f-45f9-b140-bf4307a3f3ad@group-27FC373992E4:LeaderElection93] INFO  impl.LeaderElection (LeaderElection.java:run(140)) - 5380f2ea-b78f-45f9-b140-bf4307a3f3ad@group-27FC373992E4:LeaderElection93: IllegalArgumentException is safely ignored since this is already CLOSING
2019-09-25 12:54:07,196 [a3c64651-fa92-44ac-be08-fa4b080bd23f@group-0B9A9E619754:LeaderElection102] INFO  impl.RoleInfo (RoleInfo.java:shutdownLeaderElection(134)) - a3c64651-fa92-44ac-be08-fa4b080bd23f: shutdown LeaderElection
2019-09-25 12:54:07,192 [a3c64651-fa92-44ac-be08-fa4b080bd23f@group-95DCB7035392:LeaderElection96] INFO  impl.RoleInfo (RoleInfo.java:shutdownLeaderElection(134)) - a3c64651-fa92-44ac-be08-fa4b080bd23f: shutdown LeaderElection
2019-09-25 12:54:07,192 [a3c64651-fa92-44ac-be08-fa4b080bd23f@group-CC2372283FE8:LeaderElection104] INFO  impl.RoleInfo (RoleInfo.java:shutdownLeaderElection(134)) - a3c64651-fa92-44ac-be08-fa4b080bd23f: shutdown LeaderElection
2019-09-25 12:54:07,192 [3c260395-8f43-46ed-9b5e-2de54f98c750@group-D91EB8511BFF:LeaderElection94] INFO  impl.LeaderElection (LogUtils.java:infoOrTrace(149)) - Failed 3c260395-8f43-46ed-9b5e-2de54f98c750@group-D91EB8511BFF:LeaderElection94, state=CLOSING: {}
java.lang.IllegalArgumentException: 3c260395-8f43-46ed-9b5e-2de54f98c750@group-D91EB8511BFF-SegmentedRaftLog is expected to be opened but it is CLOSED
	at org.apache.ratis.util.OpenCloseState.assertOpen(OpenCloseState.java:63)
	at org.apache.ratis.server.raftlog.RaftLog.checkLogState(RaftLog.java:102)
	at org.apache.ratis.server.raftlog.segmented.SegmentedRaftLog.getLastEntryTermIndex(SegmentedRaftLog.java:324)
	at org.apache.ratis.server.impl.LeaderElection.askForVotes(LeaderElection.java:184)
	at org.apache.ratis.server.impl.LeaderElection.run(LeaderElection.java:133)
	at java.lang.Thread.run(Thread.java:748)
Caused by: org.apache.ratis.util.OpenCloseState$CloseTrace: Close 3c260395-8f43-46ed-9b5e-2de54f98c750@group-D91EB8511BFF-SegmentedRaftLog
	at org.apache.ratis.util.OpenCloseState.lambda$close$1(OpenCloseState.java:109)
	at java.util.concurrent.atomic.AtomicReference.getAndUpdate(AtomicReference.java:160)
	at org.apache.ratis.util.OpenCloseState.close(OpenCloseState.java:109)
	at org.apache.ratis.server.raftlog.RaftLog.close(RaftLog.java:437)
	at org.apache.ratis.server.raftlog.segmented.SegmentedRaftLog.close(SegmentedRaftLog.java:476)
	at org.apache.ratis.server.impl.ServerState.close(ServerState.java:387)
	at org.apache.ratis.server.impl.RaftServerImpl.lambda$shutdown$3(RaftServerImpl.java:273)
	at org.apache.ratis.util.LifeCycle.lambda$checkStateAndClose$2(LifeCycle.java:231)
	at org.apache.ratis.util.LifeCycle.checkStateAndClose(LifeCycle.java:251)
	at org.apache.ratis.util.LifeCycle.checkStateAndClose(LifeCycle.java:229)
	at org.apache.ratis.server.impl.RaftServerImpl.shutdown(RaftServerImpl.java:250)
	at org.apache.ratis.server.impl.RaftServerProxy$ImplMap.lambda$close$0(RaftServerProxy.java:107)
	at java.util.stream.ForEachOps$ForEachOp$OfRef.accept(ForEachOps.java:184)
	at java.util.stream.ReferencePipeline$3$1.accept(ReferencePipeline.java:193)
	at java.util.concurrent.ConcurrentHashMap$ValueSpliterator.forEachRemaining(ConcurrentHashMap.java:3566)
	at java.util.stream.AbstractPipeline.copyInto(AbstractPipeline.java:482)
	at java.util.stream.ForEachOps$ForEachTask.compute(ForEachOps.java:291)
	at java.util.concurrent.CountedCompleter.exec(CountedCompleter.java:731)
	at java.util.concurrent.ForkJoinTask.doExec(ForkJoinTask.java:289)
	at java.util.concurrent.ForkJoinTask.doInvoke(ForkJoinTask.java:401)
	at java.util.concurrent.ForkJoinTask.invoke(ForkJoinTask.java:734)
	at java.util.stream.ForEachOps$ForEachOp.evaluateParallel(ForEachOps.java:160)
	at java.util.stream.ForEachOps$ForEachOp$OfRef.evaluateParallel(ForEachOps.java:174)
	at java.util.stream.AbstractPipeline.evaluate(AbstractPipeline.java:233)
	at java.util.stream.ReferencePipeline.forEach(ReferencePipeline.java:418)
	at org.apache.ratis.server.impl.RaftServerProxy$ImplMap.close(RaftServerProxy.java:107)
	at org.apache.ratis.server.impl.RaftServerProxy.lambda$close$4(RaftServerProxy.java:315)
	at org.apache.ratis.util.LifeCycle.lambda$checkStateAndClose$2(LifeCycle.java:231)
	at org.apache.ratis.util.LifeCycle.checkStateAndClose(LifeCycle.java:251)
	at org.apache.ratis.util.LifeCycle.checkStateAndClose(LifeCycle.java:229)
	at org.apache.ratis.server.impl.RaftServerProxy.close(RaftServerProxy.java:313)
	at org.apache.hadoop.ozone.container.common.transport.server.ratis.XceiverServerRatis.stop(XceiverServerRatis.java:441)
	at org.apache.hadoop.ozone.container.ozoneimpl.OzoneContainer.stop(OzoneContainer.java:233)
	at org.apache.hadoop.ozone.container.common.statemachine.DatanodeStateMachine.close(DatanodeStateMachine.java:270)
	at org.apache.hadoop.ozone.container.common.statemachine.DatanodeStateMachine.stopDaemon(DatanodeStateMachine.java:394)
	at org.apache.hadoop.ozone.HddsDatanodeService.stop(HddsDatanodeService.java:457)
	at org.apache.hadoop.ozone.MiniOzoneClusterImpl.stopDatanode(MiniOzoneClusterImpl.java:385)
	at java.util.stream.ForEachOps$ForEachOp$OfRef.accept(ForEachOps.java:184)
	at java.util.ArrayList$ArrayListSpliterator.forEachRemaining(ArrayList.java:1382)
	at java.util.stream.AbstractPipeline.copyInto(AbstractPipeline.java:482)
	at java.util.stream.ForEachOps$ForEachTask.compute(ForEachOps.java:291)
	at java.util.concurrent.CountedCompleter.exec(CountedCompleter.java:731)
	at java.util.concurrent.ForkJoinTask.doExec(ForkJoinTask.java:289)
	at java.util.concurrent.ForkJoinPool$WorkQueue.runTask(ForkJoinPool.java:1056)
	at java.util.concurrent.ForkJoinPool.runWorker(ForkJoinPool.java:1692)
	at java.util.concurrent.ForkJoinWorkerThread.run(ForkJoinWorkerThread.java:157)
2019-09-25 12:54:07,230 [3c260395-8f43-46ed-9b5e-2de54f98c750@group-D91EB8511BFF:LeaderElection94] INFO  impl.LeaderElection (LeaderElection.java:run(140)) - 3c260395-8f43-46ed-9b5e-2de54f98c750@group-D91EB8511BFF:LeaderElection94: IllegalArgumentException is safely ignored since this is already CLOSING
2019-09-25 12:54:07,192 [3c260395-8f43-46ed-9b5e-2de54f98c750@group-C8AEB78B14DA:LeaderElection90] INFO  impl.LeaderElection (LeaderElection.java:run(140)) - 3c260395-8f43-46ed-9b5e-2de54f98c750@group-C8AEB78B14DA:LeaderElection90: IllegalArgumentException is safely ignored since this is already CLOSING
2019-09-25 12:54:07,228 [a3c64651-fa92-44ac-be08-fa4b080bd23f@group-CC2372283FE8:LeaderElection104] INFO  impl.RaftServerImpl (RaftServerImpl.java:setRole(174)) - a3c64651-fa92-44ac-be08-fa4b080bd23f@group-CC2372283FE8: changes role from CANDIDATE to LEADER at term 1 for changeToLeader
2019-09-25 12:54:07,228 [a3c64651-fa92-44ac-be08-fa4b080bd23f@group-95DCB7035392:LeaderElection96] INFO  impl.RaftServerImpl (RaftServerImpl.java:setRole(174)) - a3c64651-fa92-44ac-be08-fa4b080bd23f@group-95DCB7035392: changes role from CANDIDATE to LEADER at term 1 for changeToLeader
2019-09-25 12:54:07,231 [a3c64651-fa92-44ac-be08-fa4b080bd23f@group-95DCB7035392:LeaderElection96] INFO  impl.RaftServerImpl (ServerState.java:setLeader(253)) - a3c64651-fa92-44ac-be08-fa4b080bd23f@group-95DCB7035392: change Leader from null to a3c64651-fa92-44ac-be08-fa4b080bd23f at term 1 for becomeLeader, leader elected after 10056ms
2019-09-25 12:54:07,228 [a3c64651-fa92-44ac-be08-fa4b080bd23f@group-0B9A9E619754:LeaderElection102] INFO  impl.RaftServerImpl (RaftServerImpl.java:setRole(174)) - a3c64651-fa92-44ac-be08-fa4b080bd23f@group-0B9A9E619754: changes role from CANDIDATE to LEADER at term 1 for changeToLeader
2019-09-25 12:54:07,224 [a3c64651-fa92-44ac-be08-fa4b080bd23f@group-FD447198498E:LeaderElection106] INFO  impl.RaftServerImpl (ServerState.java:setLeader(253)) - a3c64651-fa92-44ac-be08-fa4b080bd23f@group-FD447198498E: change Leader from null to a3c64651-fa92-44ac-be08-fa4b080bd23f at term 1 for becomeLeader, leader elected after 9471ms
2019-09-25 12:54:07,224 [3c260395-8f43-46ed-9b5e-2de54f98c750@group-853FBE72ACE2:LeaderElection97] INFO  impl.LeaderElection (LeaderElection.java:run(140)) - 3c260395-8f43-46ed-9b5e-2de54f98c750@group-853FBE72ACE2:LeaderElection97: IllegalArgumentException is safely ignored since this is already CLOSING
2019-09-25 12:54:07,222 [3c260395-8f43-46ed-9b5e-2de54f98c750@group-03DA9CE5AF7F:LeaderElection95] INFO  impl.LeaderElection (LeaderElection.java:run(140)) - 3c260395-8f43-46ed-9b5e-2de54f98c750@group-03DA9CE5AF7F:LeaderElection95: IllegalArgumentException is safely ignored since this is already CLOSING
2019-09-25 12:54:07,219 [5380f2ea-b78f-45f9-b140-bf4307a3f3ad@group-BB4E52015C33:LeaderElection105] INFO  impl.LeaderElection (LeaderElection.java:run(140)) - 5380f2ea-b78f-45f9-b140-bf4307a3f3ad@group-BB4E52015C33:LeaderElection105: IllegalArgumentException is safely ignored since this is already CLOSING
2019-09-25 12:54:07,214 [3c260395-8f43-46ed-9b5e-2de54f98c750@group-264620764987:LeaderElection91] INFO  impl.LeaderElection (LeaderElection.java:run(140)) - 3c260395-8f43-46ed-9b5e-2de54f98c750@group-264620764987:LeaderElection91: IllegalArgumentException is safely ignored since this is already CLOSING
2019-09-25 12:54:07,212 [5380f2ea-b78f-45f9-b140-bf4307a3f3ad@group-C5C48737DFC9:LeaderElection92] INFO  impl.LeaderElection (LeaderElection.java:run(140)) - 5380f2ea-b78f-45f9-b140-bf4307a3f3ad@group-C5C48737DFC9:LeaderElection92: IllegalArgumentException is safely ignored since this is already CLOSING
2019-09-25 12:54:07,209 [a3c64651-fa92-44ac-be08-fa4b080bd23f@group-400477FE2962:LeaderElection99] INFO  impl.RaftServerImpl (RaftServerImpl.java:setRole(174)) - a3c64651-fa92-44ac-be08-fa4b080bd23f@group-400477FE2962: changes role from CANDIDATE to LEADER at term 1 for changeToLeader
2019-09-25 12:54:07,208 [a3c64651-fa92-44ac-be08-fa4b080bd23f@group-91FE4175A21C:LeaderElection100] INFO  impl.RaftServerImpl (RaftServerImpl.java:setRole(174)) - a3c64651-fa92-44ac-be08-fa4b080bd23f@group-91FE4175A21C: changes role from CANDIDATE to LEADER at term 1 for changeToLeader
2019-09-25 12:54:07,208 [5380f2ea-b78f-45f9-b140-bf4307a3f3ad@group-CE886FD14164:LeaderElection103] INFO  impl.LeaderElection (LeaderElection.java:run(140)) - 5380f2ea-b78f-45f9-b140-bf4307a3f3ad@group-CE886FD14164:LeaderElection103: IllegalArgumentException is safely ignored since this is already CLOSING
2019-09-25 12:54:07,232 [a3c64651-fa92-44ac-be08-fa4b080bd23f@group-91FE4175A21C:LeaderElection100] INFO  impl.RaftServerImpl (ServerState.java:setLeader(253)) - a3c64651-fa92-44ac-be08-fa4b080bd23f@group-91FE4175A21C: change Leader from null to a3c64651-fa92-44ac-be08-fa4b080bd23f at term 1 for becomeLeader, leader elected after 9850ms
2019-09-25 12:54:07,232 [a3c64651-fa92-44ac-be08-fa4b080bd23f@group-400477FE2962:LeaderElection99] INFO  impl.RaftServerImpl (ServerState.java:setLeader(253)) - a3c64651-fa92-44ac-be08-fa4b080bd23f@group-400477FE2962: change Leader from null to a3c64651-fa92-44ac-be08-fa4b080bd23f at term 1 for becomeLeader, leader elected after 9915ms
2019-09-25 12:54:07,231 [a3c64651-fa92-44ac-be08-fa4b080bd23f@group-FD447198498E:LeaderElection106] INFO  server.RaftServerConfigKeys (ConfUtils.java:logGet(43)) - raft.server.staging.catchup.gap = 1000 (default)
2019-09-25 12:54:07,231 [a3c64651-fa92-44ac-be08-fa4b080bd23f@group-0B9A9E619754:LeaderElection102] INFO  impl.RaftServerImpl (ServerState.java:setLeader(253)) - a3c64651-fa92-44ac-be08-fa4b080bd23f@group-0B9A9E619754: change Leader from null to a3c64651-fa92-44ac-be08-fa4b080bd23f at term 1 for becomeLeader, leader elected after 9546ms
2019-09-25 12:54:07,231 [a3c64651-fa92-44ac-be08-fa4b080bd23f@group-95DCB7035392:LeaderElection96] INFO  server.RaftServerConfigKeys (ConfUtils.java:logGet(43)) - raft.server.staging.catchup.gap = 1000 (default)
2019-09-25 12:54:07,231 [a3c64651-fa92-44ac-be08-fa4b080bd23f@group-CC2372283FE8:LeaderElection104] INFO  impl.RaftServerImpl (ServerState.java:setLeader(253)) - a3c64651-fa92-44ac-be08-fa4b080bd23f@group-CC2372283FE8: change Leader from null to a3c64651-fa92-44ac-be08-fa4b080bd23f at term 1 for becomeLeader, leader elected after 9608ms
2019-09-25 12:54:07,233 [a3c64651-fa92-44ac-be08-fa4b080bd23f@group-95DCB7035392:LeaderElection96] INFO  server.RaftServerConfigKeys (ConfUtils.java:logGet(43)) - raft.server.rpc.sleep.time = 25ms (default)
2019-09-25 12:54:07,233 [a3c64651-fa92-44ac-be08-fa4b080bd23f@group-0B9A9E619754:LeaderElection102] INFO  server.RaftServerConfigKeys (ConfUtils.java:logGet(43)) - raft.server.staging.catchup.gap = 1000 (default)
2019-09-25 12:54:07,233 [a3c64651-fa92-44ac-be08-fa4b080bd23f@group-FD447198498E:LeaderElection106] INFO  server.RaftServerConfigKeys (ConfUtils.java:logGet(43)) - raft.server.rpc.sleep.time = 25ms (default)
2019-09-25 12:54:07,233 [a3c64651-fa92-44ac-be08-fa4b080bd23f@group-400477FE2962:LeaderElection99] INFO  server.RaftServerConfigKeys (ConfUtils.java:logGet(43)) - raft.server.staging.catchup.gap = 1000 (default)
2019-09-25 12:54:07,233 [a3c64651-fa92-44ac-be08-fa4b080bd23f@group-91FE4175A21C:LeaderElection100] INFO  server.RaftServerConfigKeys (ConfUtils.java:logGet(43)) - raft.server.staging.catchup.gap = 1000 (default)
2019-09-25 12:54:07,234 [a3c64651-fa92-44ac-be08-fa4b080bd23f@group-400477FE2962:LeaderElection99] INFO  server.RaftServerConfigKeys (ConfUtils.java:logGet(43)) - raft.server.rpc.sleep.time = 25ms (default)
2019-09-25 12:54:07,234 [a3c64651-fa92-44ac-be08-fa4b080bd23f@group-FD447198498E:LeaderElection106] INFO  server.RaftServerConfigKeys (ConfUtils.java:logGet(43)) - raft.server.write.element-limit = 4096 (default)
2019-09-25 12:54:07,233 [a3c64651-fa92-44ac-be08-fa4b080bd23f@group-0B9A9E619754:LeaderElection102] INFO  server.RaftServerConfigKeys (ConfUtils.java:logGet(43)) - raft.server.rpc.sleep.time = 25ms (default)
2019-09-25 12:54:07,233 [a3c64651-fa92-44ac-be08-fa4b080bd23f@group-95DCB7035392:LeaderElection96] INFO  server.RaftServerConfigKeys (ConfUtils.java:logGet(43)) - raft.server.write.element-limit = 4096 (default)
2019-09-25 12:54:07,234 [a3c64651-fa92-44ac-be08-fa4b080bd23f@group-95DCB7035392:LeaderElection96] INFO  server.RaftServerConfigKeys (ConfUtils.java:logGet(43)) - raft.server.watch.timeout = 10s (default)
2019-09-25 12:54:07,233 [a3c64651-fa92-44ac-be08-fa4b080bd23f@group-CC2372283FE8:LeaderElection104] INFO  server.RaftServerConfigKeys (ConfUtils.java:logGet(43)) - raft.server.staging.catchup.gap = 1000 (default)
2019-09-25 12:54:07,234 [a3c64651-fa92-44ac-be08-fa4b080bd23f@group-95DCB7035392:LeaderElection96] INFO  server.RaftServerConfigKeys (ConfUtils.java:logGet(43)) - raft.server.watch.timeout.denomination = 1s (default)
2019-09-25 12:54:07,234 [a3c64651-fa92-44ac-be08-fa4b080bd23f@group-0B9A9E619754:LeaderElection102] INFO  server.RaftServerConfigKeys (ConfUtils.java:logGet(43)) - raft.server.write.element-limit = 4096 (default)
2019-09-25 12:54:07,234 [a3c64651-fa92-44ac-be08-fa4b080bd23f@group-FD447198498E:LeaderElection106] INFO  server.RaftServerConfigKeys (ConfUtils.java:logGet(43)) - raft.server.watch.timeout = 10s (default)
2019-09-25 12:54:07,234 [a3c64651-fa92-44ac-be08-fa4b080bd23f@group-400477FE2962:LeaderElection99] INFO  server.RaftServerConfigKeys (ConfUtils.java:logGet(43)) - raft.server.write.element-limit = 4096 (default)
2019-09-25 12:54:07,234 [a3c64651-fa92-44ac-be08-fa4b080bd23f@group-91FE4175A21C:LeaderElection100] INFO  server.RaftServerConfigKeys (ConfUtils.java:logGet(43)) - raft.server.rpc.sleep.time = 25ms (default)
2019-09-25 12:54:07,235 [a3c64651-fa92-44ac-be08-fa4b080bd23f@group-400477FE2962:LeaderElection99] INFO  server.RaftServerConfigKeys (ConfUtils.java:logGet(43)) - raft.server.watch.timeout = 10s (default)
2019-09-25 12:54:07,235 [a3c64651-fa92-44ac-be08-fa4b080bd23f@group-FD447198498E:LeaderElection106] INFO  server.RaftServerConfigKeys (ConfUtils.java:logGet(43)) - raft.server.watch.timeout.denomination = 1s (default)
2019-09-25 12:54:07,235 [a3c64651-fa92-44ac-be08-fa4b080bd23f@group-0B9A9E619754:LeaderElection102] INFO  server.RaftServerConfigKeys (ConfUtils.java:logGet(43)) - raft.server.watch.timeout = 10s (default)
2019-09-25 12:54:07,236 [a3c64651-fa92-44ac-be08-fa4b080bd23f@group-0B9A9E619754:LeaderElection102] INFO  server.RaftServerConfigKeys (ConfUtils.java:logGet(43)) - raft.server.watch.timeout.denomination = 1s (default)
2019-09-25 12:54:07,235 [a3c64651-fa92-44ac-be08-fa4b080bd23f@group-95DCB7035392:LeaderElection96] INFO  server.RaftServerConfigKeys (ConfUtils.java:logGet(43)) - raft.server.watch.element-limit = 65536 (default)
2019-09-25 12:54:07,235 [a3c64651-fa92-44ac-be08-fa4b080bd23f@group-CC2372283FE8:LeaderElection104] INFO  server.RaftServerConfigKeys (ConfUtils.java:logGet(43)) - raft.server.rpc.sleep.time = 25ms (default)
2019-09-25 12:54:07,236 [a3c64651-fa92-44ac-be08-fa4b080bd23f@group-0B9A9E619754:LeaderElection102] INFO  server.RaftServerConfigKeys (ConfUtils.java:logGet(43)) - raft.server.watch.element-limit = 65536 (default)
2019-09-25 12:54:07,235 [a3c64651-fa92-44ac-be08-fa4b080bd23f@group-FD447198498E:LeaderElection106] INFO  server.RaftServerConfigKeys (ConfUtils.java:logGet(43)) - raft.server.watch.element-limit = 65536 (default)
2019-09-25 12:54:07,235 [a3c64651-fa92-44ac-be08-fa4b080bd23f@group-400477FE2962:LeaderElection99] INFO  server.RaftServerConfigKeys (ConfUtils.java:logGet(43)) - raft.server.watch.timeout.denomination = 1s (default)
2019-09-25 12:54:07,235 [a3c64651-fa92-44ac-be08-fa4b080bd23f@group-91FE4175A21C:LeaderElection100] INFO  server.RaftServerConfigKeys (ConfUtils.java:logGet(43)) - raft.server.write.element-limit = 4096 (default)
2019-09-25 12:54:07,237 [a3c64651-fa92-44ac-be08-fa4b080bd23f@group-400477FE2962:LeaderElection99] INFO  server.RaftServerConfigKeys (ConfUtils.java:logGet(43)) - raft.server.watch.element-limit = 65536 (default)
2019-09-25 12:54:07,236 [a3c64651-fa92-44ac-be08-fa4b080bd23f@group-CC2372283FE8:LeaderElection104] INFO  server.RaftServerConfigKeys (ConfUtils.java:logGet(43)) - raft.server.write.element-limit = 4096 (default)
2019-09-25 12:54:07,237 [a3c64651-fa92-44ac-be08-fa4b080bd23f@group-91FE4175A21C:LeaderElection100] INFO  server.RaftServerConfigKeys (ConfUtils.java:logGet(43)) - raft.server.watch.timeout = 10s (default)
2019-09-25 12:54:07,237 [a3c64651-fa92-44ac-be08-fa4b080bd23f@group-CC2372283FE8:LeaderElection104] INFO  server.RaftServerConfigKeys (ConfUtils.java:logGet(43)) - raft.server.watch.timeout = 10s (default)
2019-09-25 12:54:07,237 [a3c64651-fa92-44ac-be08-fa4b080bd23f@group-91FE4175A21C:LeaderElection100] INFO  server.RaftServerConfigKeys (ConfUtils.java:logGet(43)) - raft.server.watch.timeout.denomination = 1s (default)
2019-09-25 12:54:07,237 [a3c64651-fa92-44ac-be08-fa4b080bd23f@group-CC2372283FE8:LeaderElection104] INFO  server.RaftServerConfigKeys (ConfUtils.java:logGet(43)) - raft.server.watch.timeout.denomination = 1s (default)
2019-09-25 12:54:07,238 [a3c64651-fa92-44ac-be08-fa4b080bd23f@group-91FE4175A21C:LeaderElection100] INFO  server.RaftServerConfigKeys (ConfUtils.java:logGet(43)) - raft.server.watch.element-limit = 65536 (default)
2019-09-25 12:54:07,238 [a3c64651-fa92-44ac-be08-fa4b080bd23f@group-CC2372283FE8:LeaderElection104] INFO  server.RaftServerConfigKeys (ConfUtils.java:logGet(43)) - raft.server.watch.element-limit = 65536 (default)
2019-09-25 12:54:07,244 [a3c64651-fa92-44ac-be08-fa4b080bd23f@group-95DCB7035392:LeaderElection96] INFO  impl.RoleInfo (RoleInfo.java:updateAndGet(143)) - a3c64651-fa92-44ac-be08-fa4b080bd23f: start LeaderState
2019-09-25 12:54:07,244 [a3c64651-fa92-44ac-be08-fa4b080bd23f@group-95DCB7035392:LeaderElection96] INFO  segmented.SegmentedRaftLogWorker (SegmentedRaftLogWorker.java:startLogSegment(380)) - a3c64651-fa92-44ac-be08-fa4b080bd23f@group-95DCB7035392-SegmentedRaftLogWorker: Starting segment from index:0
2019-09-25 12:54:07,245 [a3c64651-fa92-44ac-be08-fa4b080bd23f@group-95DCB7035392:LeaderElection96] INFO  impl.RaftServerImpl (ServerState.java:setRaftConf(354)) - a3c64651-fa92-44ac-be08-fa4b080bd23f@group-95DCB7035392: set configuration 0: [a3c64651-fa92-44ac-be08-fa4b080bd23f:192.168.151.73:44285], old=null at 0
2019-09-25 12:54:07,245 [a3c64651-fa92-44ac-be08-fa4b080bd23f@group-0B9A9E619754:LeaderElection102] INFO  impl.RoleInfo (RoleInfo.java:updateAndGet(143)) - a3c64651-fa92-44ac-be08-fa4b080bd23f: start LeaderState
2019-09-25 12:54:07,246 [a3c64651-fa92-44ac-be08-fa4b080bd23f@group-FD447198498E:LeaderElection106] INFO  impl.RoleInfo (RoleInfo.java:updateAndGet(143)) - a3c64651-fa92-44ac-be08-fa4b080bd23f: start LeaderState
2019-09-25 12:54:07,246 [a3c64651-fa92-44ac-be08-fa4b080bd23f@group-400477FE2962:LeaderElection99] INFO  impl.RoleInfo (RoleInfo.java:updateAndGet(143)) - a3c64651-fa92-44ac-be08-fa4b080bd23f: start LeaderState
2019-09-25 12:54:07,246 [a3c64651-fa92-44ac-be08-fa4b080bd23f@group-FD447198498E:LeaderElection106] INFO  segmented.SegmentedRaftLogWorker (SegmentedRaftLogWorker.java:startLogSegment(380)) - a3c64651-fa92-44ac-be08-fa4b080bd23f@group-FD447198498E-SegmentedRaftLogWorker: Starting segment from index:0
2019-09-25 12:54:07,246 [a3c64651-fa92-44ac-be08-fa4b080bd23f@group-0B9A9E619754:LeaderElection102] INFO  segmented.SegmentedRaftLogWorker (SegmentedRaftLogWorker.java:startLogSegment(380)) - a3c64651-fa92-44ac-be08-fa4b080bd23f@group-0B9A9E619754-SegmentedRaftLogWorker: Starting segment from index:0
2019-09-25 12:54:07,246 [a3c64651-fa92-44ac-be08-fa4b080bd23f@group-91FE4175A21C:LeaderElection100] INFO  impl.RoleInfo (RoleInfo.java:updateAndGet(143)) - a3c64651-fa92-44ac-be08-fa4b080bd23f: start LeaderState
2019-09-25 12:54:07,246 [a3c64651-fa92-44ac-be08-fa4b080bd23f@group-400477FE2962:LeaderElection99] INFO  segmented.SegmentedRaftLogWorker (SegmentedRaftLogWorker.java:startLogSegment(380)) - a3c64651-fa92-44ac-be08-fa4b080bd23f@group-400477FE2962-SegmentedRaftLogWorker: Starting segment from index:0
2019-09-25 12:54:07,246 [a3c64651-fa92-44ac-be08-fa4b080bd23f@group-0B9A9E619754:LeaderElection102] INFO  impl.RaftServerImpl (ServerState.java:setRaftConf(354)) - a3c64651-fa92-44ac-be08-fa4b080bd23f@group-0B9A9E619754: set configuration 0: [a3c64651-fa92-44ac-be08-fa4b080bd23f:192.168.151.73:44285], old=null at 0
2019-09-25 12:54:07,246 [a3c64651-fa92-44ac-be08-fa4b080bd23f@group-91FE4175A21C:LeaderElection100] INFO  segmented.SegmentedRaftLogWorker (SegmentedRaftLogWorker.java:startLogSegment(380)) - a3c64651-fa92-44ac-be08-fa4b080bd23f@group-91FE4175A21C-SegmentedRaftLogWorker: Starting segment from index:0
2019-09-25 12:54:07,246 [a3c64651-fa92-44ac-be08-fa4b080bd23f@group-CC2372283FE8:LeaderElection104] INFO  impl.RoleInfo (RoleInfo.java:updateAndGet(143)) - a3c64651-fa92-44ac-be08-fa4b080bd23f: start LeaderState
2019-09-25 12:54:07,246 [a3c64651-fa92-44ac-be08-fa4b080bd23f@group-FD447198498E:LeaderElection106] INFO  impl.RaftServerImpl (ServerState.java:setRaftConf(354)) - a3c64651-fa92-44ac-be08-fa4b080bd23f@group-FD447198498E: set configuration 0: [a3c64651-fa92-44ac-be08-fa4b080bd23f:192.168.151.73:44285], old=null at 0
2019-09-25 12:54:07,247 [a3c64651-fa92-44ac-be08-fa4b080bd23f@group-CC2372283FE8:LeaderElection104] INFO  segmented.SegmentedRaftLogWorker (SegmentedRaftLogWorker.java:startLogSegment(380)) - a3c64651-fa92-44ac-be08-fa4b080bd23f@group-CC2372283FE8-SegmentedRaftLogWorker: Starting segment from index:0
2019-09-25 12:54:07,247 [a3c64651-fa92-44ac-be08-fa4b080bd23f@group-400477FE2962:LeaderElection99] INFO  impl.RaftServerImpl (ServerState.java:setRaftConf(354)) - a3c64651-fa92-44ac-be08-fa4b080bd23f@group-400477FE2962: set configuration 0: [a3c64651-fa92-44ac-be08-fa4b080bd23f:192.168.151.73:44285], old=null at 0
2019-09-25 12:54:07,247 [a3c64651-fa92-44ac-be08-fa4b080bd23f@group-91FE4175A21C:LeaderElection100] INFO  impl.RaftServerImpl (ServerState.java:setRaftConf(354)) - a3c64651-fa92-44ac-be08-fa4b080bd23f@group-91FE4175A21C: set configuration 0: [a3c64651-fa92-44ac-be08-fa4b080bd23f:192.168.151.73:44285], old=null at 0
2019-09-25 12:54:07,248 [a3c64651-fa92-44ac-be08-fa4b080bd23f@group-CC2372283FE8:LeaderElection104] INFO  impl.RaftServerImpl (ServerState.java:setRaftConf(354)) - a3c64651-fa92-44ac-be08-fa4b080bd23f@group-CC2372283FE8: set configuration 0: [a3c64651-fa92-44ac-be08-fa4b080bd23f:192.168.151.73:44285], old=null at 0
2019-09-25 12:54:07,287 [a3c64651-fa92-44ac-be08-fa4b080bd23f@group-CC2372283FE8-SegmentedRaftLogWorker] INFO  segmented.SegmentedRaftLogWorker (SegmentedRaftLogWorker.java:execute(569)) - a3c64651-fa92-44ac-be08-fa4b080bd23f@group-CC2372283FE8-SegmentedRaftLogWorker: created new log segment /workdir/hadoop-ozone/ozonefs/target/test-dir/MiniOzoneClusterImpl-79bd19af-4891-4838-ac1c-38edf188a5a0/datanode-2/data/ratis/e3fdf180-c23a-4021-ba1f-cc2372283fe8/current/log_inprogress_0
2019-09-25 12:54:07,287 [a3c64651-fa92-44ac-be08-fa4b080bd23f@group-95DCB7035392-SegmentedRaftLogWorker] INFO  segmented.SegmentedRaftLogWorker (SegmentedRaftLogWorker.java:execute(569)) - a3c64651-fa92-44ac-be08-fa4b080bd23f@group-95DCB7035392-SegmentedRaftLogWorker: created new log segment /workdir/hadoop-ozone/ozonefs/target/test-dir/MiniOzoneClusterImpl-79bd19af-4891-4838-ac1c-38edf188a5a0/datanode-2/data/ratis/d4a463e1-ebed-4fa7-9a3d-95dcb7035392/current/log_inprogress_0
2019-09-25 12:54:07,287 [a3c64651-fa92-44ac-be08-fa4b080bd23f@group-0B9A9E619754-SegmentedRaftLogWorker] INFO  segmented.SegmentedRaftLogWorker (SegmentedRaftLogWorker.java:execute(569)) - a3c64651-fa92-44ac-be08-fa4b080bd23f@group-0B9A9E619754-SegmentedRaftLogWorker: created new log segment /workdir/hadoop-ozone/ozonefs/target/test-dir/MiniOzoneClusterImpl-79bd19af-4891-4838-ac1c-38edf188a5a0/datanode-2/data/ratis/a3f58585-a8bb-4719-9703-0b9a9e619754/current/log_inprogress_0
2019-09-25 12:54:07,305 [a3c64651-fa92-44ac-be08-fa4b080bd23f@group-FD447198498E-SegmentedRaftLogWorker] INFO  segmented.SegmentedRaftLogWorker (SegmentedRaftLogWorker.java:execute(569)) - a3c64651-fa92-44ac-be08-fa4b080bd23f@group-FD447198498E-SegmentedRaftLogWorker: created new log segment /workdir/hadoop-ozone/ozonefs/target/test-dir/MiniOzoneClusterImpl-79bd19af-4891-4838-ac1c-38edf188a5a0/datanode-2/data/ratis/2f5c9f7c-ba24-4a50-8416-fd447198498e/current/log_inprogress_0
2019-09-25 12:54:07,305 [a3c64651-fa92-44ac-be08-fa4b080bd23f@group-400477FE2962-SegmentedRaftLogWorker] INFO  segmented.SegmentedRaftLogWorker (SegmentedRaftLogWorker.java:execute(569)) - a3c64651-fa92-44ac-be08-fa4b080bd23f@group-400477FE2962-SegmentedRaftLogWorker: created new log segment /workdir/hadoop-ozone/ozonefs/target/test-dir/MiniOzoneClusterImpl-79bd19af-4891-4838-ac1c-38edf188a5a0/datanode-2/data/ratis/b4715fd2-5c8f-4f2f-963d-400477fe2962/current/log_inprogress_0
2019-09-25 12:54:07,305 [a3c64651-fa92-44ac-be08-fa4b080bd23f@group-91FE4175A21C-SegmentedRaftLogWorker] INFO  segmented.SegmentedRaftLogWorker (SegmentedRaftLogWorker.java:execute(569)) - a3c64651-fa92-44ac-be08-fa4b080bd23f@group-91FE4175A21C-SegmentedRaftLogWorker: created new log segment /workdir/hadoop-ozone/ozonefs/target/test-dir/MiniOzoneClusterImpl-79bd19af-4891-4838-ac1c-38edf188a5a0/datanode-2/data/ratis/714e03cf-9c2e-4bea-b11c-91fe4175a21c/current/log_inprogress_0
2019-09-25 12:54:08,271 [ForkJoinPool.commonPool-worker-0] INFO  ozoneimpl.OzoneContainer (OzoneContainer.java:stop(231)) - Attempting to stop container services.
2019-09-25 12:54:08,272 [ForkJoinPool.commonPool-worker-0] INFO  impl.RaftServerProxy (RaftServerProxy.java:lambda$close$4(314)) - a3c64651-fa92-44ac-be08-fa4b080bd23f: close
2019-09-25 12:54:08,272 [ForkJoinPool.commonPool-worker-0] INFO  impl.RaftServerImpl (RaftServerImpl.java:lambda$shutdown$3(251)) - a3c64651-fa92-44ac-be08-fa4b080bd23f@group-400477FE2962: shutdown
2019-09-25 12:54:08,272 [ForkJoinPool.commonPool-worker-0] INFO  util.JmxRegister (JmxRegister.java:unregister(73)) - Successfully un-registered JMX Bean with object name Ratis:service=RaftServer,group=group-400477FE2962,id=a3c64651-fa92-44ac-be08-fa4b080bd23f
2019-09-25 12:54:08,272 [ForkJoinPool.commonPool-worker-0] INFO  impl.RoleInfo (RoleInfo.java:shutdownLeaderState(104)) - a3c64651-fa92-44ac-be08-fa4b080bd23f: shutdown LeaderState
2019-09-25 12:54:08,273 [ForkJoinPool.commonPool-worker-0] INFO  impl.PendingRequests (PendingRequests.java:sendNotLeaderResponses(202)) - a3c64651-fa92-44ac-be08-fa4b080bd23f-PendingRequests: sendNotLeaderResponses
2019-09-25 12:54:08,273 [ForkJoinPool.commonPool-worker-0] INFO  impl.StateMachineUpdater (StateMachineUpdater.java:stopAndJoin(125)) - a3c64651-fa92-44ac-be08-fa4b080bd23f@group-400477FE2962-StateMachineUpdater: set stopIndex = 0
2019-09-25 12:54:08,273 [ForkJoinPool.commonPool-worker-0] INFO  impl.RaftServerImpl (ServerState.java:close(385)) - a3c64651-fa92-44ac-be08-fa4b080bd23f@group-400477FE2962: closes. applyIndex: 0
2019-09-25 12:54:08,273 [a3c64651-fa92-44ac-be08-fa4b080bd23f@group-400477FE2962-SegmentedRaftLogWorker] INFO  segmented.SegmentedRaftLogWorker (SegmentedRaftLogWorker.java:run(313)) - a3c64651-fa92-44ac-be08-fa4b080bd23f@group-400477FE2962-SegmentedRaftLogWorker was interrupted, exiting. There are 0 tasks remaining in the queue.
2019-09-25 12:54:08,274 [ForkJoinPool.commonPool-worker-0] INFO  segmented.SegmentedRaftLogWorker (SegmentedRaftLogWorker.java:close(228)) - a3c64651-fa92-44ac-be08-fa4b080bd23f@group-400477FE2962-SegmentedRaftLogWorker close()
2019-09-25 12:54:08,276 [ForkJoinPool.commonPool-worker-0] INFO  impl.RaftServerImpl (RaftServerImpl.java:lambda$shutdown$3(251)) - a3c64651-fa92-44ac-be08-fa4b080bd23f@group-FD447198498E: shutdown
2019-09-25 12:54:08,276 [ForkJoinPool.commonPool-worker-0] INFO  util.JmxRegister (JmxRegister.java:unregister(73)) - Successfully un-registered JMX Bean with object name Ratis:service=RaftServer,group=group-FD447198498E,id=a3c64651-fa92-44ac-be08-fa4b080bd23f
2019-09-25 12:54:08,276 [ForkJoinPool.commonPool-worker-0] INFO  impl.RoleInfo (RoleInfo.java:shutdownLeaderState(104)) - a3c64651-fa92-44ac-be08-fa4b080bd23f: shutdown LeaderState
2019-09-25 12:54:08,276 [ForkJoinPool.commonPool-worker-0] INFO  impl.PendingRequests (PendingRequests.java:sendNotLeaderResponses(202)) - a3c64651-fa92-44ac-be08-fa4b080bd23f-PendingRequests: sendNotLeaderResponses
2019-09-25 12:54:08,276 [ForkJoinPool.commonPool-worker-0] INFO  impl.StateMachineUpdater (StateMachineUpdater.java:stopAndJoin(125)) - a3c64651-fa92-44ac-be08-fa4b080bd23f@group-FD447198498E-StateMachineUpdater: set stopIndex = 0
2019-09-25 12:54:08,277 [ForkJoinPool.commonPool-worker-0] INFO  impl.RaftServerImpl (ServerState.java:close(385)) - a3c64651-fa92-44ac-be08-fa4b080bd23f@group-FD447198498E: closes. applyIndex: 0
2019-09-25 12:54:08,277 [a3c64651-fa92-44ac-be08-fa4b080bd23f@group-FD447198498E-SegmentedRaftLogWorker] INFO  segmented.SegmentedRaftLogWorker (SegmentedRaftLogWorker.java:run(313)) - a3c64651-fa92-44ac-be08-fa4b080bd23f@group-FD447198498E-SegmentedRaftLogWorker was interrupted, exiting. There are 0 tasks remaining in the queue.
2019-09-25 12:54:08,277 [ForkJoinPool.commonPool-worker-0] INFO  segmented.SegmentedRaftLogWorker (SegmentedRaftLogWorker.java:close(228)) - a3c64651-fa92-44ac-be08-fa4b080bd23f@group-FD447198498E-SegmentedRaftLogWorker close()
2019-09-25 12:54:08,279 [ForkJoinPool.commonPool-worker-0] INFO  impl.RaftServerImpl (RaftServerImpl.java:lambda$shutdown$3(251)) - a3c64651-fa92-44ac-be08-fa4b080bd23f@group-CC2372283FE8: shutdown
2019-09-25 12:54:08,279 [ForkJoinPool.commonPool-worker-0] INFO  util.JmxRegister (JmxRegister.java:unregister(73)) - Successfully un-registered JMX Bean with object name Ratis:service=RaftServer,group=group-CC2372283FE8,id=a3c64651-fa92-44ac-be08-fa4b080bd23f
2019-09-25 12:54:08,279 [ForkJoinPool.commonPool-worker-0] INFO  impl.RoleInfo (RoleInfo.java:shutdownLeaderState(104)) - a3c64651-fa92-44ac-be08-fa4b080bd23f: shutdown LeaderState
2019-09-25 12:54:08,280 [ForkJoinPool.commonPool-worker-0] INFO  impl.PendingRequests (PendingRequests.java:sendNotLeaderResponses(202)) - a3c64651-fa92-44ac-be08-fa4b080bd23f-PendingRequests: sendNotLeaderResponses
2019-09-25 12:54:08,280 [ForkJoinPool.commonPool-worker-0] INFO  impl.StateMachineUpdater (StateMachineUpdater.java:stopAndJoin(125)) - a3c64651-fa92-44ac-be08-fa4b080bd23f@group-CC2372283FE8-StateMachineUpdater: set stopIndex = 0
2019-09-25 12:54:08,280 [ForkJoinPool.commonPool-worker-0] INFO  impl.RaftServerImpl (ServerState.java:close(385)) - a3c64651-fa92-44ac-be08-fa4b080bd23f@group-CC2372283FE8: closes. applyIndex: 0
2019-09-25 12:54:08,280 [a3c64651-fa92-44ac-be08-fa4b080bd23f@group-CC2372283FE8-SegmentedRaftLogWorker] INFO  segmented.SegmentedRaftLogWorker (SegmentedRaftLogWorker.java:run(313)) - a3c64651-fa92-44ac-be08-fa4b080bd23f@group-CC2372283FE8-SegmentedRaftLogWorker was interrupted, exiting. There are 0 tasks remaining in the queue.
2019-09-25 12:54:08,280 [ForkJoinPool.commonPool-worker-0] INFO  segmented.SegmentedRaftLogWorker (SegmentedRaftLogWorker.java:close(228)) - a3c64651-fa92-44ac-be08-fa4b080bd23f@group-CC2372283FE8-SegmentedRaftLogWorker close()
2019-09-25 12:54:08,282 [ForkJoinPool.commonPool-worker-0] INFO  impl.RaftServerImpl (RaftServerImpl.java:lambda$shutdown$3(251)) - a3c64651-fa92-44ac-be08-fa4b080bd23f@group-91FE4175A21C: shutdown
2019-09-25 12:54:08,282 [ForkJoinPool.commonPool-worker-0] INFO  util.JmxRegister (JmxRegister.java:unregister(73)) - Successfully un-registered JMX Bean with object name Ratis:service=RaftServer,group=group-91FE4175A21C,id=a3c64651-fa92-44ac-be08-fa4b080bd23f
2019-09-25 12:54:08,283 [ForkJoinPool.commonPool-worker-0] INFO  impl.RoleInfo (RoleInfo.java:shutdownLeaderState(104)) - a3c64651-fa92-44ac-be08-fa4b080bd23f: shutdown LeaderState
2019-09-25 12:54:08,283 [ForkJoinPool.commonPool-worker-0] INFO  impl.PendingRequests (PendingRequests.java:sendNotLeaderResponses(202)) - a3c64651-fa92-44ac-be08-fa4b080bd23f-PendingRequests: sendNotLeaderResponses
2019-09-25 12:54:08,283 [ForkJoinPool.commonPool-worker-0] INFO  impl.StateMachineUpdater (StateMachineUpdater.java:stopAndJoin(125)) - a3c64651-fa92-44ac-be08-fa4b080bd23f@group-91FE4175A21C-StateMachineUpdater: set stopIndex = 0
2019-09-25 12:54:08,283 [ForkJoinPool.commonPool-worker-0] INFO  impl.RaftServerImpl (ServerState.java:close(385)) - a3c64651-fa92-44ac-be08-fa4b080bd23f@group-91FE4175A21C: closes. applyIndex: 0
2019-09-25 12:54:08,284 [a3c64651-fa92-44ac-be08-fa4b080bd23f@group-91FE4175A21C-SegmentedRaftLogWorker] INFO  segmented.SegmentedRaftLogWorker (SegmentedRaftLogWorker.java:run(313)) - a3c64651-fa92-44ac-be08-fa4b080bd23f@group-91FE4175A21C-SegmentedRaftLogWorker was interrupted, exiting. There are 0 tasks remaining in the queue.
2019-09-25 12:54:08,284 [ForkJoinPool.commonPool-worker-0] INFO  segmented.SegmentedRaftLogWorker (SegmentedRaftLogWorker.java:close(228)) - a3c64651-fa92-44ac-be08-fa4b080bd23f@group-91FE4175A21C-SegmentedRaftLogWorker close()
2019-09-25 12:54:08,285 [ForkJoinPool.commonPool-worker-0] INFO  impl.RaftServerImpl (RaftServerImpl.java:lambda$shutdown$3(251)) - a3c64651-fa92-44ac-be08-fa4b080bd23f@group-0B9A9E619754: shutdown
2019-09-25 12:54:08,286 [ForkJoinPool.commonPool-worker-0] INFO  util.JmxRegister (JmxRegister.java:unregister(73)) - Successfully un-registered JMX Bean with object name Ratis:service=RaftServer,group=group-0B9A9E619754,id=a3c64651-fa92-44ac-be08-fa4b080bd23f
2019-09-25 12:54:08,286 [ForkJoinPool.commonPool-worker-0] INFO  impl.RoleInfo (RoleInfo.java:shutdownLeaderState(104)) - a3c64651-fa92-44ac-be08-fa4b080bd23f: shutdown LeaderState
2019-09-25 12:54:08,286 [ForkJoinPool.commonPool-worker-0] INFO  impl.PendingRequests (PendingRequests.java:sendNotLeaderResponses(202)) - a3c64651-fa92-44ac-be08-fa4b080bd23f-PendingRequests: sendNotLeaderResponses
2019-09-25 12:54:08,286 [ForkJoinPool.commonPool-worker-0] INFO  impl.StateMachineUpdater (StateMachineUpdater.java:stopAndJoin(125)) - a3c64651-fa92-44ac-be08-fa4b080bd23f@group-0B9A9E619754-StateMachineUpdater: set stopIndex = 0
2019-09-25 12:54:08,286 [ForkJoinPool.commonPool-worker-0] INFO  impl.RaftServerImpl (ServerState.java:close(385)) - a3c64651-fa92-44ac-be08-fa4b080bd23f@group-0B9A9E619754: closes. applyIndex: 0
2019-09-25 12:54:08,287 [a3c64651-fa92-44ac-be08-fa4b080bd23f@group-0B9A9E619754-SegmentedRaftLogWorker] INFO  segmented.SegmentedRaftLogWorker (SegmentedRaftLogWorker.java:run(313)) - a3c64651-fa92-44ac-be08-fa4b080bd23f@group-0B9A9E619754-SegmentedRaftLogWorker was interrupted, exiting. There are 0 tasks remaining in the queue.
2019-09-25 12:54:08,287 [ForkJoinPool.commonPool-worker-0] INFO  segmented.SegmentedRaftLogWorker (SegmentedRaftLogWorker.java:close(228)) - a3c64651-fa92-44ac-be08-fa4b080bd23f@group-0B9A9E619754-SegmentedRaftLogWorker close()
2019-09-25 12:54:08,288 [ForkJoinPool.commonPool-worker-0] INFO  impl.RaftServerImpl (RaftServerImpl.java:lambda$shutdown$3(251)) - a3c64651-fa92-44ac-be08-fa4b080bd23f@group-95DCB7035392: shutdown
2019-09-25 12:54:08,289 [ForkJoinPool.commonPool-worker-0] INFO  util.JmxRegister (JmxRegister.java:unregister(73)) - Successfully un-registered JMX Bean with object name Ratis:service=RaftServer,group=group-95DCB7035392,id=a3c64651-fa92-44ac-be08-fa4b080bd23f
2019-09-25 12:54:08,289 [ForkJoinPool.commonPool-worker-0] INFO  impl.RoleInfo (RoleInfo.java:shutdownLeaderState(104)) - a3c64651-fa92-44ac-be08-fa4b080bd23f: shutdown LeaderState
2019-09-25 12:54:08,289 [ForkJoinPool.commonPool-worker-0] INFO  impl.PendingRequests (PendingRequests.java:sendNotLeaderResponses(202)) - a3c64651-fa92-44ac-be08-fa4b080bd23f-PendingRequests: sendNotLeaderResponses
2019-09-25 12:54:08,289 [ForkJoinPool.commonPool-worker-0] INFO  impl.StateMachineUpdater (StateMachineUpdater.java:stopAndJoin(125)) - a3c64651-fa92-44ac-be08-fa4b080bd23f@group-95DCB7035392-StateMachineUpdater: set stopIndex = 0
2019-09-25 12:54:08,289 [ForkJoinPool.commonPool-worker-0] INFO  impl.RaftServerImpl (ServerState.java:close(385)) - a3c64651-fa92-44ac-be08-fa4b080bd23f@group-95DCB7035392: closes. applyIndex: 0
2019-09-25 12:54:08,290 [a3c64651-fa92-44ac-be08-fa4b080bd23f@group-95DCB7035392-SegmentedRaftLogWorker] INFO  segmented.SegmentedRaftLogWorker (SegmentedRaftLogWorker.java:run(313)) - a3c64651-fa92-44ac-be08-fa4b080bd23f@group-95DCB7035392-SegmentedRaftLogWorker was interrupted, exiting. There are 0 tasks remaining in the queue.
2019-09-25 12:54:08,290 [ForkJoinPool.commonPool-worker-0] INFO  segmented.SegmentedRaftLogWorker (SegmentedRaftLogWorker.java:close(228)) - a3c64651-fa92-44ac-be08-fa4b080bd23f@group-95DCB7035392-SegmentedRaftLogWorker close()
2019-09-25 12:54:08,291 [ForkJoinPool.commonPool-worker-0] INFO  server.GrpcService (GrpcService.java:closeImpl(164)) - a3c64651-fa92-44ac-be08-fa4b080bd23f: shutdown server with port 44285 now
2019-09-25 12:54:08,293 [ForkJoinPool.commonPool-worker-0] INFO  server.GrpcService (GrpcService.java:closeImpl(172)) - a3c64651-fa92-44ac-be08-fa4b080bd23f: shutdown server with port 44285 successfully
2019-09-25 12:54:08,295 [refreshUsed-/workdir/hadoop-ozone/ozonefs/target/test-dir/MiniOzoneClusterImpl-79bd19af-4891-4838-ac1c-38edf188a5a0/datanode-2/data/containers] WARN  fs.CachingGetSpaceUsed (CachingGetSpaceUsed.java:run(183)) - Thread Interrupted waiting to refresh disk information: sleep interrupted
2019-09-25 12:54:08,325 [ForkJoinPool.commonPool-worker-0] INFO  utils.BackgroundService (BackgroundService.java:shutdown(148)) - Shutting down service BlockDeletingService
2019-09-25 12:54:08,329 [ForkJoinPool.commonPool-worker-0] INFO  statemachine.DatanodeStateMachine (DatanodeStateMachine.java:stopDaemon(395)) - Ozone container server stopped.
2019-09-25 12:54:08,333 [ForkJoinPool.commonPool-worker-0] INFO  handler.ContextHandler (ContextHandler.java:doStop(910)) - Stopped o.e.j.w.WebAppContext@4b6efef9{/,null,UNAVAILABLE}{/hddsDatanode}
2019-09-25 12:54:08,333 [ForkJoinPool.commonPool-worker-0] INFO  server.AbstractConnector (AbstractConnector.java:doStop(318)) - Stopped ServerConnector@422d68dc{HTTP/1.1,[http/1.1]}{0.0.0.0:0}
2019-09-25 12:54:08,335 [ForkJoinPool.commonPool-worker-0] INFO  handler.ContextHandler (ContextHandler.java:doStop(910)) - Stopped o.e.j.s.ServletContextHandler@3c41bfb3{/static,jar:file:/home/user/.m2/repository/org/apache/hadoop/hadoop-hdds-container-service/0.5.0-SNAPSHOT/hadoop-hdds-container-service-0.5.0-SNAPSHOT.jar!/webapps/static,UNAVAILABLE}
2019-09-25 12:54:08,336 [ForkJoinPool.commonPool-worker-0] INFO  handler.ContextHandler (ContextHandler.java:doStop(910)) - Stopped o.e.j.s.ServletContextHandler@767b1456{/logs,file:///workdir/hadoop-ozone/ozonefs/target/log,UNAVAILABLE}
2019-09-25 12:54:08,336 [Thread-1340] INFO  ozone.MiniOzoneClusterImpl (MiniOzoneClusterImpl.java:stopSCM(392)) - Stopping the StorageContainerManager
2019-09-25 12:54:08,337 [Thread-1340] INFO  server.StorageContainerManager (StorageContainerManager.java:stop(808)) - Stopping Replication Manager Service.
2019-09-25 12:54:08,337 [Thread-1340] INFO  container.ReplicationManager (ReplicationManager.java:stop(204)) - Stopping Replication Monitor Thread.
2019-09-25 12:54:08,337 [Thread-1340] INFO  server.StorageContainerManager (StorageContainerManager.java:stop(815)) - Stopping Lease Manager of the command watchers
2019-09-25 12:54:08,337 [Thread-1340] INFO  server.StorageContainerManager (StorageContainerManager.java:stop(822)) - Stopping datanode service RPC server
2019-09-25 12:54:08,337 [Thread-1340] INFO  server.SCMDatanodeProtocolServer (SCMDatanodeProtocolServer.java:stop(367)) - Stopping the RPC server for DataNodes
2019-09-25 12:54:08,337 [Thread-1340] INFO  ipc.Server (Server.java:stop(3082)) - Stopping server on 36991
2019-09-25 12:54:08,338 [IPC Server listener on 36991] INFO  ipc.Server (Server.java:run(1185)) - Stopping IPC Server listener on 36991
2019-09-25 12:54:08,340 [IPC Server Responder] INFO  ipc.Server (Server.java:run(1319)) - Stopping IPC Server Responder
2019-09-25 12:54:08,362 [SCM Heartbeat Processing Thread - 0] WARN  node.NodeStateManager (NodeStateManager.java:scheduleNextHealthCheck(655)) - Current Thread is interrupted, shutting down HB processing thread for Node Manager.
2019-09-25 12:54:08,362 [Thread-1340] INFO  server.StorageContainerManager (StorageContainerManager.java:stop(830)) - Stopping block service RPC server
2019-09-25 12:54:08,362 [Thread-1340] INFO  server.SCMBlockProtocolServer (SCMBlockProtocolServer.java:stop(155)) - Stopping the RPC server for Block Protocol
2019-09-25 12:54:08,362 [Thread-1340] INFO  ipc.Server (Server.java:stop(3082)) - Stopping server on 34213
2019-09-25 12:54:08,364 [IPC Server listener on 34213] INFO  ipc.Server (Server.java:run(1185)) - Stopping IPC Server listener on 34213
2019-09-25 12:54:08,369 [IPC Server Responder] INFO  ipc.Server (Server.java:run(1319)) - Stopping IPC Server Responder
2019-09-25 12:54:08,369 [Thread-1340] INFO  server.StorageContainerManager (StorageContainerManager.java:stop(837)) - Stopping the StorageContainerLocationProtocol RPC server
2019-09-25 12:54:08,370 [Thread-1340] INFO  server.SCMClientProtocolServer (SCMClientProtocolServer.java:stop(159)) - Stopping the RPC server for Client Protocol
2019-09-25 12:54:08,371 [Thread-1340] INFO  ipc.Server (Server.java:stop(3082)) - Stopping server on 40718
2019-09-25 12:54:08,374 [IPC Server listener on 40718] INFO  ipc.Server (Server.java:run(1185)) - Stopping IPC Server listener on 40718
2019-09-25 12:54:08,374 [IPC Server Responder] INFO  ipc.Server (Server.java:run(1319)) - Stopping IPC Server Responder
2019-09-25 12:54:08,374 [Thread-1340] INFO  server.StorageContainerManager (StorageContainerManager.java:stop(844)) - Stopping Storage Container Manager HTTP server.
2019-09-25 12:54:08,376 [Thread-1340] INFO  handler.ContextHandler (ContextHandler.java:doStop(910)) - Stopped o.e.j.w.WebAppContext@4b044474{/,null,UNAVAILABLE}{/scm}
2019-09-25 12:54:08,376 [Thread-1340] INFO  server.AbstractConnector (AbstractConnector.java:doStop(318)) - Stopped ServerConnector@f2d9742{HTTP/1.1,[http/1.1]}{0.0.0.0:0}
2019-09-25 12:54:08,377 [Thread-1340] INFO  handler.ContextHandler (ContextHandler.java:doStop(910)) - Stopped o.e.j.s.ServletContextHandler@3242d535{/static,jar:file:/home/user/.m2/repository/org/apache/hadoop/hadoop-hdds-server-scm/0.5.0-SNAPSHOT/hadoop-hdds-server-scm-0.5.0-SNAPSHOT.jar!/webapps/static,UNAVAILABLE}
2019-09-25 12:54:08,377 [Thread-1340] INFO  handler.ContextHandler (ContextHandler.java:doStop(910)) - Stopped o.e.j.s.ServletContextHandler@11320f52{/logs,file:///workdir/hadoop-ozone/ozonefs/target/log,UNAVAILABLE}
2019-09-25 12:54:08,377 [Thread-1340] INFO  server.StorageContainerManager (StorageContainerManager.java:stop(855)) - Stopping Block Manager Service.
2019-09-25 12:54:08,377 [Thread-1340] INFO  utils.BackgroundService (BackgroundService.java:shutdown(148)) - Shutting down service SCMBlockDeletingService
2019-09-25 12:54:08,378 [Thread-1340] INFO  utils.BackgroundService (BackgroundService.java:shutdown(148)) - Shutting down service SCMBlockDeletingService
2019-09-25 12:54:08,378 [Thread-1340] INFO  server.StorageContainerManager (StorageContainerManager.java:stop(877)) - Stopping SCM Event Queue.
2019-09-25 12:54:08,380 [Thread-1340] INFO  impl.MetricsSystemImpl (MetricsSystemImpl.java:stop(210)) - Stopping HddsDatanode metrics system...
2019-09-25 12:54:08,388 [Thread-1340] INFO  impl.MetricsSystemImpl (MetricsSystemImpl.java:stop(216)) - HddsDatanode metrics system stopped.
]]></system-out>
  </testcase>
  <testcase name="testNonExplicitlyCreatedPathExistsAfterItsLeafsWereRemoved" classname="org.apache.hadoop.fs.ozone.TestOzoneFileSystem" time="17.627"/>
  <testcase name="testListStatusOnLargeDirectory" classname="org.apache.hadoop.fs.ozone.TestOzoneFileSystem" time="19.791"/>
</testsuite>