<?xml version="1.0" encoding="UTF-8"?>
<testsuite xmlns:xsi="http://www.w3.org/2001/XMLSchema-instance" xsi:noNamespaceSchemaLocation="https://maven.apache.org/surefire/maven-surefire-plugin/xsd/surefire-test-report.xsd" name="org.apache.hadoop.fs.ozone.TestOzoneFileInterfaces" time="206.676" tests="12" errors="2" skipped="0" failures="0">
  <properties>
    <property name="awt.toolkit" value="sun.awt.X11.XToolkit"/>
    <property name="file.encoding.pkg" value="sun.io"/>
    <property name="java.specification.version" value="1.8"/>
    <property name="sun.cpu.isalist" value=""/>
    <property name="sun.jnu.encoding" value="UTF-8"/>
    <property name="java.class.path" value="/workdir/hadoop-ozone/ozonefs/target/test-classes:/workdir/hadoop-ozone/ozonefs/target/classes:/home/user/.m2/repository/org/apache/hadoop/hadoop-common/3.2.0/hadoop-common-3.2.0.jar:/home/user/.m2/repository/org/apache/hadoop/hadoop-annotations/3.2.0/hadoop-annotations-3.2.0.jar:/usr/lib/jvm/java-1.8-openjdk/jre/../lib/tools.jar:/home/user/.m2/repository/com/google/guava/guava/11.0.2/guava-11.0.2.jar:/home/user/.m2/repository/commons-cli/commons-cli/1.2/commons-cli-1.2.jar:/home/user/.m2/repository/org/apache/commons/commons-math3/3.1.1/commons-math3-3.1.1.jar:/home/user/.m2/repository/org/apache/httpcomponents/httpclient/4.5.2/httpclient-4.5.2.jar:/home/user/.m2/repository/org/apache/httpcomponents/httpcore/4.4.4/httpcore-4.4.4.jar:/home/user/.m2/repository/commons-codec/commons-codec/1.11/commons-codec-1.11.jar:/home/user/.m2/repository/commons-io/commons-io/2.5/commons-io-2.5.jar:/home/user/.m2/repository/commons-net/commons-net/3.6/commons-net-3.6.jar:/home/user/.m2/repository/commons-collections/commons-collections/3.2.2/commons-collections-3.2.2.jar:/home/user/.m2/repository/javax/servlet/javax.servlet-api/3.1.0/javax.servlet-api-3.1.0.jar:/home/user/.m2/repository/org/eclipse/jetty/jetty-server/9.3.25.v20180904/jetty-server-9.3.25.v20180904.jar:/home/user/.m2/repository/org/eclipse/jetty/jetty-http/9.3.25.v20180904/jetty-http-9.3.25.v20180904.jar:/home/user/.m2/repository/org/eclipse/jetty/jetty-io/9.3.25.v20180904/jetty-io-9.3.25.v20180904.jar:/home/user/.m2/repository/org/eclipse/jetty/jetty-util/9.3.25.v20180904/jetty-util-9.3.25.v20180904.jar:/home/user/.m2/repository/org/eclipse/jetty/jetty-servlet/9.3.25.v20180904/jetty-servlet-9.3.25.v20180904.jar:/home/user/.m2/repository/org/eclipse/jetty/jetty-security/9.3.25.v20180904/jetty-security-9.3.25.v20180904.jar:/home/user/.m2/repository/org/eclipse/jetty/jetty-webapp/9.3.25.v20180904/jetty-webapp-9.3.25.v20180904.jar:/home/user/.m2/repository/org/eclipse/jetty/jetty-xml/9.3.25.v20180904/jetty-xml-9.3.25.v20180904.jar:/home/user/.m2/repository/javax/servlet/jsp/jsp-api/2.1/jsp-api-2.1.jar:/home/user/.m2/repository/com/sun/jersey/jersey-core/1.19/jersey-core-1.19.jar:/home/user/.m2/repository/javax/ws/rs/jsr311-api/1.1.1/jsr311-api-1.1.1.jar:/home/user/.m2/repository/com/sun/jersey/jersey-servlet/1.19/jersey-servlet-1.19.jar:/home/user/.m2/repository/com/sun/jersey/jersey-json/1.19/jersey-json-1.19.jar:/home/user/.m2/repository/org/codehaus/jettison/jettison/1.1/jettison-1.1.jar:/home/user/.m2/repository/com/sun/xml/bind/jaxb-impl/2.3.0.1/jaxb-impl-2.3.0.1.jar:/home/user/.m2/repository/org/codehaus/jackson/jackson-core-asl/1.9.13/jackson-core-asl-1.9.13.jar:/home/user/.m2/repository/org/codehaus/jackson/jackson-mapper-asl/1.9.13/jackson-mapper-asl-1.9.13.jar:/home/user/.m2/repository/org/codehaus/jackson/jackson-jaxrs/1.9.13/jackson-jaxrs-1.9.13.jar:/home/user/.m2/repository/org/codehaus/jackson/jackson-xc/1.9.13/jackson-xc-1.9.13.jar:/home/user/.m2/repository/com/sun/jersey/jersey-server/1.19/jersey-server-1.19.jar:/home/user/.m2/repository/commons-logging/commons-logging/1.1.3/commons-logging-1.1.3.jar:/home/user/.m2/repository/log4j/log4j/1.2.17/log4j-1.2.17.jar:/home/user/.m2/repository/commons-beanutils/commons-beanutils/1.9.4/commons-beanutils-1.9.4.jar:/home/user/.m2/repository/org/apache/commons/commons-configuration2/2.1.1/commons-configuration2-2.1.1.jar:/home/user/.m2/repository/org/apache/commons/commons-lang3/3.7/commons-lang3-3.7.jar:/home/user/.m2/repository/org/apache/commons/commons-text/1.4/commons-text-1.4.jar:/home/user/.m2/repository/org/slf4j/slf4j-api/1.7.25/slf4j-api-1.7.25.jar:/home/user/.m2/repository/org/slf4j/slf4j-log4j12/1.7.25/slf4j-log4j12-1.7.25.jar:/home/user/.m2/repository/org/apache/avro/avro/1.7.7/avro-1.7.7.jar:/home/user/.m2/repository/com/thoughtworks/paranamer/paranamer/2.3/paranamer-2.3.jar:/home/user/.m2/repository/org/xerial/snappy/snappy-java/1.0.5/snappy-java-1.0.5.jar:/home/user/.m2/repository/com/google/re2j/re2j/1.1/re2j-1.1.jar:/home/user/.m2/repository/com/google/protobuf/protobuf-java/2.5.0/protobuf-java-2.5.0.jar:/home/user/.m2/repository/com/google/code/gson/gson/2.2.4/gson-2.2.4.jar:/home/user/.m2/repository/org/apache/hadoop/hadoop-auth/3.2.0/hadoop-auth-3.2.0.jar:/home/user/.m2/repository/com/nimbusds/nimbus-jose-jwt/4.41.1/nimbus-jose-jwt-4.41.1.jar:/home/user/.m2/repository/com/github/stephenc/jcip/jcip-annotations/1.0-1/jcip-annotations-1.0-1.jar:/home/user/.m2/repository/net/minidev/json-smart/2.3/json-smart-2.3.jar:/home/user/.m2/repository/net/minidev/accessors-smart/1.2/accessors-smart-1.2.jar:/home/user/.m2/repository/org/apache/curator/curator-framework/2.12.0/curator-framework-2.12.0.jar:/home/user/.m2/repository/com/jcraft/jsch/0.1.54/jsch-0.1.54.jar:/home/user/.m2/repository/org/apache/curator/curator-client/2.12.0/curator-client-2.12.0.jar:/home/user/.m2/repository/org/apache/curator/curator-recipes/2.12.0/curator-recipes-2.12.0.jar:/home/user/.m2/repository/com/google/code/findbugs/jsr305/3.0.0/jsr305-3.0.0.jar:/home/user/.m2/repository/org/apache/htrace/htrace-core4/4.1.0-incubating/htrace-core4-4.1.0-incubating.jar:/home/user/.m2/repository/org/apache/zookeeper/zookeeper/3.4.13/zookeeper-3.4.13.jar:/home/user/.m2/repository/jline/jline/0.9.94/jline-0.9.94.jar:/home/user/.m2/repository/org/apache/yetus/audience-annotations/0.5.0/audience-annotations-0.5.0.jar:/home/user/.m2/repository/org/apache/commons/commons-compress/1.4.1/commons-compress-1.4.1.jar:/home/user/.m2/repository/org/tukaani/xz/1.0/xz-1.0.jar:/home/user/.m2/repository/org/apache/kerby/kerb-simplekdc/1.0.1/kerb-simplekdc-1.0.1.jar:/home/user/.m2/repository/org/apache/kerby/kerb-client/1.0.1/kerb-client-1.0.1.jar:/home/user/.m2/repository/org/apache/kerby/kerby-config/1.0.1/kerby-config-1.0.1.jar:/home/user/.m2/repository/org/apache/kerby/kerb-core/1.0.1/kerb-core-1.0.1.jar:/home/user/.m2/repository/org/apache/kerby/kerby-pkix/1.0.1/kerby-pkix-1.0.1.jar:/home/user/.m2/repository/org/apache/kerby/kerby-asn1/1.0.1/kerby-asn1-1.0.1.jar:/home/user/.m2/repository/org/apache/kerby/kerby-util/1.0.1/kerby-util-1.0.1.jar:/home/user/.m2/repository/org/apache/kerby/kerb-common/1.0.1/kerb-common-1.0.1.jar:/home/user/.m2/repository/org/apache/kerby/kerb-crypto/1.0.1/kerb-crypto-1.0.1.jar:/home/user/.m2/repository/org/apache/kerby/kerb-util/1.0.1/kerb-util-1.0.1.jar:/home/user/.m2/repository/org/apache/kerby/token-provider/1.0.1/token-provider-1.0.1.jar:/home/user/.m2/repository/org/apache/kerby/kerb-admin/1.0.1/kerb-admin-1.0.1.jar:/home/user/.m2/repository/org/apache/kerby/kerb-server/1.0.1/kerb-server-1.0.1.jar:/home/user/.m2/repository/org/apache/kerby/kerb-identity/1.0.1/kerb-identity-1.0.1.jar:/home/user/.m2/repository/org/apache/kerby/kerby-xdr/1.0.1/kerby-xdr-1.0.1.jar:/home/user/.m2/repository/com/fasterxml/jackson/core/jackson-databind/2.9.9/jackson-databind-2.9.9.jar:/home/user/.m2/repository/com/fasterxml/jackson/core/jackson-annotations/2.9.9/jackson-annotations-2.9.9.jar:/home/user/.m2/repository/com/fasterxml/jackson/core/jackson-core/2.9.9/jackson-core-2.9.9.jar:/home/user/.m2/repository/org/codehaus/woodstox/stax2-api/3.1.4/stax2-api-3.1.4.jar:/home/user/.m2/repository/com/fasterxml/woodstox/woodstox-core/5.0.3/woodstox-core-5.0.3.jar:/home/user/.m2/repository/dnsjava/dnsjava/2.1.7/dnsjava-2.1.7.jar:/home/user/.m2/repository/org/apache/hadoop/hadoop-hdfs/3.2.0/hadoop-hdfs-3.2.0.jar:/home/user/.m2/repository/org/eclipse/jetty/jetty-util-ajax/9.3.25.v20180904/jetty-util-ajax-9.3.25.v20180904.jar:/home/user/.m2/repository/commons-daemon/commons-daemon/1.0.13/commons-daemon-1.0.13.jar:/home/user/.m2/repository/io/netty/netty/3.10.5.Final/netty-3.10.5.Final.jar:/home/user/.m2/repository/io/netty/netty-all/4.0.52.Final/netty-all-4.0.52.Final.jar:/home/user/.m2/repository/org/fusesource/leveldbjni/leveldbjni-all/1.8/leveldbjni-all-1.8.jar:/home/user/.m2/repository/org/apache/hadoop/hadoop-hdds-common/0.5.0-SNAPSHOT/hadoop-hdds-common-0.5.0-SNAPSHOT.jar:/home/user/.m2/repository/org/apache/hadoop/hadoop-hdds-config/0.5.0-SNAPSHOT/hadoop-hdds-config-0.5.0-SNAPSHOT.jar:/home/user/.m2/repository/javax/annotation/javax.annotation-api/1.2/javax.annotation-api-1.2.jar:/home/user/.m2/repository/org/apache/ratis/ratis-server/0.4.0/ratis-server-0.4.0.jar:/home/user/.m2/repository/org/apache/ratis/ratis-thirdparty-misc/0.2.0/ratis-thirdparty-misc-0.2.0.jar:/home/user/.m2/repository/org/apache/ratis/ratis-proto/0.4.0/ratis-proto-0.4.0.jar:/home/user/.m2/repository/org/apache/ratis/ratis-common/0.4.0/ratis-common-0.4.0.jar:/home/user/.m2/repository/org/apache/ratis/ratis-client/0.4.0/ratis-client-0.4.0.jar:/home/user/.m2/repository/org/apache/ratis/ratis-metrics/0.4.0/ratis-metrics-0.4.0.jar:/home/user/.m2/repository/com/github/joshelser/dropwizard-metrics-hadoop-metrics2-reporter/0.1.2/dropwizard-metrics-hadoop-metrics2-reporter-0.1.2.jar:/home/user/.m2/repository/io/dropwizard/metrics/metrics-jvm/3.2.5/metrics-jvm-3.2.5.jar:/home/user/.m2/repository/io/dropwizard/metrics/metrics-ganglia/3.2.5/metrics-ganglia-3.2.5.jar:/home/user/.m2/repository/info/ganglia/gmetric4j/gmetric4j/1.0.7/gmetric4j-1.0.7.jar:/home/user/.m2/repository/org/apache/ratis/ratis-netty/0.4.0/ratis-netty-0.4.0.jar:/home/user/.m2/repository/org/apache/ratis/ratis-grpc/0.4.0/ratis-grpc-0.4.0.jar:/home/user/.m2/repository/org/rocksdb/rocksdbjni/6.0.1/rocksdbjni-6.0.1.jar:/home/user/.m2/repository/org/apache/logging/log4j/log4j-api/2.11.0/log4j-api-2.11.0.jar:/home/user/.m2/repository/org/apache/logging/log4j/log4j-core/2.11.0/log4j-core-2.11.0.jar:/home/user/.m2/repository/com/lmax/disruptor/3.4.2/disruptor-3.4.2.jar:/home/user/.m2/repository/org/apache/commons/commons-pool2/2.6.0/commons-pool2-2.6.0.jar:/home/user/.m2/repository/org/bouncycastle/bcpkix-jdk15on/1.60/bcpkix-jdk15on-1.60.jar:/home/user/.m2/repository/commons-validator/commons-validator/1.6/commons-validator-1.6.jar:/home/user/.m2/repository/commons-digester/commons-digester/1.8.1/commons-digester-1.8.1.jar:/home/user/.m2/repository/io/jaegertracing/jaeger-client/0.34.0/jaeger-client-0.34.0.jar:/home/user/.m2/repository/io/jaegertracing/jaeger-thrift/0.34.0/jaeger-thrift-0.34.0.jar:/home/user/.m2/repository/org/apache/thrift/libthrift/0.12.0/libthrift-0.12.0.jar:/home/user/.m2/repository/com/squareup/okhttp3/okhttp/3.9.0/okhttp-3.9.0.jar:/home/user/.m2/repository/com/squareup/okio/okio/1.13.0/okio-1.13.0.jar:/home/user/.m2/repository/io/jaegertracing/jaeger-core/0.34.0/jaeger-core-0.34.0.jar:/home/user/.m2/repository/io/jaegertracing/jaeger-tracerresolver/0.34.0/jaeger-tracerresolver-0.34.0.jar:/home/user/.m2/repository/io/opentracing/contrib/opentracing-tracerresolver/0.1.5/opentracing-tracerresolver-0.1.5.jar:/home/user/.m2/repository/io/opentracing/opentracing-util/0.31.0/opentracing-util-0.31.0.jar:/home/user/.m2/repository/io/opentracing/opentracing-api/0.31.0/opentracing-api-0.31.0.jar:/home/user/.m2/repository/io/opentracing/opentracing-noop/0.31.0/opentracing-noop-0.31.0.jar:/home/user/.m2/repository/org/yaml/snakeyaml/1.16/snakeyaml-1.16.jar:/home/user/.m2/repository/org/apache/hadoop/hadoop-hdfs-client/3.2.0/hadoop-hdfs-client-3.2.0.jar:/home/user/.m2/repository/info/picocli/picocli/3.9.6/picocli-3.9.6.jar:/home/user/.m2/repository/org/apache/hadoop/hadoop-hdds-server-scm/0.5.0-SNAPSHOT/hadoop-hdds-server-scm-0.5.0-SNAPSHOT.jar:/home/user/.m2/repository/org/apache/hadoop/hadoop-hdds-docs/0.5.0-SNAPSHOT/hadoop-hdds-docs-0.5.0-SNAPSHOT.jar:/home/user/.m2/repository/io/dropwizard/metrics/metrics-core/3.2.4/metrics-core-3.2.4.jar:/home/user/.m2/repository/org/hamcrest/hamcrest-all/1.3/hamcrest-all-1.3.jar:/home/user/.m2/repository/org/bouncycastle/bcprov-jdk15on/1.60/bcprov-jdk15on-1.60.jar:/home/user/.m2/repository/org/apache/hadoop/hadoop-hdds-server-framework/0.5.0-SNAPSHOT/hadoop-hdds-server-framework-0.5.0-SNAPSHOT.jar:/home/user/.m2/repository/org/apache/hadoop/hadoop-ozone-ozone-manager/0.5.0-SNAPSHOT/hadoop-ozone-ozone-manager-0.5.0-SNAPSHOT.jar:/home/user/.m2/repository/org/apache/hadoop/hadoop-hdds-container-service/0.5.0-SNAPSHOT/hadoop-hdds-container-service-0.5.0-SNAPSHOT.jar:/home/user/.m2/repository/org/apache/hadoop/hadoop-hdds-client/0.5.0-SNAPSHOT/hadoop-hdds-client-0.5.0-SNAPSHOT.jar:/home/user/.m2/repository/org/apache/hadoop/hadoop-ozone-common/0.5.0-SNAPSHOT/hadoop-ozone-common-0.5.0-SNAPSHOT.jar:/home/user/.m2/repository/org/apache/hadoop/hadoop-hdds-tools/0.5.0-SNAPSHOT/hadoop-hdds-tools-0.5.0-SNAPSHOT.jar:/home/user/.m2/repository/org/xerial/sqlite-jdbc/3.25.2/sqlite-jdbc-3.25.2.jar:/home/user/.m2/repository/com/google/code/findbugs/findbugs/3.0.1/findbugs-3.0.1.jar:/home/user/.m2/repository/net/jcip/jcip-annotations/1.0/jcip-annotations-1.0.jar:/home/user/.m2/repository/com/google/code/findbugs/bcel-findbugs/6.0/bcel-findbugs-6.0.jar:/home/user/.m2/repository/com/google/code/findbugs/jFormatString/2.0.1/jFormatString-2.0.1.jar:/home/user/.m2/repository/dom4j/dom4j/1.6.1/dom4j-1.6.1.jar:/home/user/.m2/repository/xml-apis/xml-apis/1.0.b2/xml-apis-1.0.b2.jar:/home/user/.m2/repository/org/ow2/asm/asm-debug-all/5.0.2/asm-debug-all-5.0.2.jar:/home/user/.m2/repository/org/ow2/asm/asm-commons/5.0.2/asm-commons-5.0.2.jar:/home/user/.m2/repository/org/ow2/asm/asm-tree/5.0.2/asm-tree-5.0.2.jar:/home/user/.m2/repository/org/ow2/asm/asm/5.0.4/asm-5.0.4.jar:/home/user/.m2/repository/commons-lang/commons-lang/2.6/commons-lang-2.6.jar:/home/user/.m2/repository/com/apple/AppleJavaExtensions/1.4/AppleJavaExtensions-1.4.jar:/home/user/.m2/repository/jaxen/jaxen/1.1.6/jaxen-1.1.6.jar:/home/user/.m2/repository/org/apache/hadoop/hadoop-common/3.2.0/hadoop-common-3.2.0-tests.jar:/home/user/.m2/repository/org/apache/hadoop/hadoop-ozone-client/0.5.0-SNAPSHOT/hadoop-ozone-client-0.5.0-SNAPSHOT.jar:/home/user/.m2/repository/org/apache/hadoop/hadoop-hdfs/3.2.0/hadoop-hdfs-3.2.0-tests.jar:/workdir/hadoop-ozone/integration-test/target/test-classes:/home/user/.m2/repository/org/apache/hadoop/hadoop-ozone-s3gateway/0.5.0-SNAPSHOT/hadoop-ozone-s3gateway-0.5.0-SNAPSHOT.jar:/home/user/.m2/repository/org/jboss/weld/servlet/weld-servlet/2.4.7.Final/weld-servlet-2.4.7.Final.jar:/home/user/.m2/repository/org/glassfish/jersey/containers/jersey-container-servlet-core/2.27/jersey-container-servlet-core-2.27.jar:/home/user/.m2/repository/org/glassfish/hk2/external/javax.inject/2.5.0-b42/javax.inject-2.5.0-b42.jar:/home/user/.m2/repository/org/glassfish/jersey/core/jersey-common/2.27/jersey-common-2.27.jar:/home/user/.m2/repository/org/glassfish/hk2/osgi-resource-locator/1.0.1/osgi-resource-locator-1.0.1.jar:/home/user/.m2/repository/javax/ws/rs/javax.ws.rs-api/2.1/javax.ws.rs-api-2.1.jar:/home/user/.m2/repository/org/glassfish/jersey/ext/cdi/jersey-cdi1x/2.27/jersey-cdi1x-2.27.jar:/home/user/.m2/repository/org/glassfish/jersey/inject/jersey-hk2/2.27/jersey-hk2-2.27.jar:/home/user/.m2/repository/org/glassfish/hk2/hk2-locator/2.5.0-b42/hk2-locator-2.5.0-b42.jar:/home/user/.m2/repository/org/javassist/javassist/3.22.0-CR2/javassist-3.22.0-CR2.jar:/home/user/.m2/repository/org/glassfish/hk2/hk2-api/2.5.0/hk2-api-2.5.0.jar:/home/user/.m2/repository/org/glassfish/hk2/external/jakarta.inject/2.5.0/jakarta.inject-2.5.0.jar:/home/user/.m2/repository/org/glassfish/hk2/hk2-utils/2.5.0/hk2-utils-2.5.0.jar:/home/user/.m2/repository/jakarta/annotation/jakarta.annotation-api/1.3.4/jakarta.annotation-api-1.3.4.jar:/home/user/.m2/repository/org/glassfish/hk2/external/aopalliance-repackaged/2.5.0/aopalliance-repackaged-2.5.0.jar:/home/user/.m2/repository/com/fasterxml/jackson/dataformat/jackson-dataformat-xml/2.9.0/jackson-dataformat-xml-2.9.0.jar:/home/user/.m2/repository/com/fasterxml/jackson/module/jackson-module-jaxb-annotations/2.9.9/jackson-module-jaxb-annotations-2.9.9.jar:/home/user/.m2/repository/javax/enterprise/cdi-api/1.2/cdi-api-1.2.jar:/home/user/.m2/repository/javax/el/javax.el-api/3.0.0/javax.el-api-3.0.0.jar:/home/user/.m2/repository/javax/interceptor/javax.interceptor-api/1.2/javax.interceptor-api-1.2.jar:/home/user/.m2/repository/javax/inject/javax.inject/1/javax.inject-1.jar:/home/user/.m2/repository/com/sun/xml/bind/jaxb-core/2.3.0.1/jaxb-core-2.3.0.1.jar:/home/user/.m2/repository/javax/xml/bind/jaxb-api/2.3.0/jaxb-api-2.3.0.jar:/home/user/.m2/repository/javax/activation/activation/1.1.1/activation-1.1.1.jar:/home/user/.m2/repository/org/apache/hadoop/hadoop-ozone-csi/0.5.0-SNAPSHOT/hadoop-ozone-csi-0.5.0-SNAPSHOT.jar:/home/user/.m2/repository/com/google/protobuf/protobuf-java-util/3.5.1/protobuf-java-util-3.5.1.jar:/home/user/.m2/repository/io/grpc/grpc-netty/1.17.1/grpc-netty-1.17.1.jar:/home/user/.m2/repository/io/grpc/grpc-core/1.17.1/grpc-core-1.17.1.jar:/home/user/.m2/repository/io/grpc/grpc-context/1.17.1/grpc-context-1.17.1.jar:/home/user/.m2/repository/com/google/errorprone/error_prone_annotations/2.2.0/error_prone_annotations-2.2.0.jar:/home/user/.m2/repository/org/codehaus/mojo/animal-sniffer-annotations/1.17/animal-sniffer-annotations-1.17.jar:/home/user/.m2/repository/io/opencensus/opencensus-api/0.17.0/opencensus-api-0.17.0.jar:/home/user/.m2/repository/io/opencensus/opencensus-contrib-grpc-metrics/0.17.0/opencensus-contrib-grpc-metrics-0.17.0.jar:/home/user/.m2/repository/io/netty/netty-codec-http2/4.1.30.Final/netty-codec-http2-4.1.30.Final.jar:/home/user/.m2/repository/io/netty/netty-codec-http/4.1.30.Final/netty-codec-http-4.1.30.Final.jar:/home/user/.m2/repository/io/netty/netty-codec/4.1.30.Final/netty-codec-4.1.30.Final.jar:/home/user/.m2/repository/io/netty/netty-handler/4.1.30.Final/netty-handler-4.1.30.Final.jar:/home/user/.m2/repository/io/netty/netty-handler-proxy/4.1.30.Final/netty-handler-proxy-4.1.30.Final.jar:/home/user/.m2/repository/io/netty/netty-codec-socks/4.1.30.Final/netty-codec-socks-4.1.30.Final.jar:/home/user/.m2/repository/io/netty/netty-transport-native-epoll/4.1.30.Final/netty-transport-native-epoll-4.1.30.Final.jar:/home/user/.m2/repository/io/netty/netty-common/4.1.30.Final/netty-common-4.1.30.Final.jar:/home/user/.m2/repository/io/netty/netty-buffer/4.1.30.Final/netty-buffer-4.1.30.Final.jar:/home/user/.m2/repository/io/netty/netty-transport/4.1.30.Final/netty-transport-4.1.30.Final.jar:/home/user/.m2/repository/io/netty/netty-resolver/4.1.30.Final/netty-resolver-4.1.30.Final.jar:/home/user/.m2/repository/io/netty/netty-transport-native-unix-common/4.1.30.Final/netty-transport-native-unix-common-4.1.30.Final.jar:/home/user/.m2/repository/io/grpc/grpc-protobuf/1.17.1/grpc-protobuf-1.17.1.jar:/home/user/.m2/repository/com/google/api/grpc/proto-google-common-protos/1.0.0/proto-google-common-protos-1.0.0.jar:/home/user/.m2/repository/io/grpc/grpc-protobuf-lite/1.17.1/grpc-protobuf-lite-1.17.1.jar:/home/user/.m2/repository/io/grpc/grpc-stub/1.17.1/grpc-stub-1.17.1.jar:/home/user/.m2/repository/org/apache/hadoop/hadoop-ozone-recon/0.5.0-SNAPSHOT/hadoop-ozone-recon-0.5.0-SNAPSHOT.jar:/home/user/.m2/repository/org/apache/hadoop/hadoop-ozone-reconcodegen/0.5.0-SNAPSHOT/hadoop-ozone-reconcodegen-0.5.0-SNAPSHOT.jar:/home/user/.m2/repository/com/google/inject/extensions/guice-multibindings/4.0/guice-multibindings-4.0.jar:/home/user/.m2/repository/com/google/inject/guice/4.0/guice-4.0.jar:/home/user/.m2/repository/aopalliance/aopalliance/1.0/aopalliance-1.0.jar:/home/user/.m2/repository/org/glassfish/jersey/containers/jersey-container-servlet/2.27/jersey-container-servlet-2.27.jar:/home/user/.m2/repository/org/glassfish/hk2/guice-bridge/2.5.0/guice-bridge-2.5.0.jar:/home/user/.m2/repository/org/glassfish/jersey/core/jersey-server/2.27/jersey-server-2.27.jar:/home/user/.m2/repository/org/glassfish/jersey/core/jersey-client/2.27/jersey-client-2.27.jar:/home/user/.m2/repository/org/glassfish/jersey/media/jersey-media-jaxb/2.27/jersey-media-jaxb-2.27.jar:/home/user/.m2/repository/javax/validation/validation-api/1.1.0.Final/validation-api-1.1.0.Final.jar:/home/user/.m2/repository/org/glassfish/jersey/media/jersey-media-json-jackson/2.27/jersey-media-json-jackson-2.27.jar:/home/user/.m2/repository/org/glassfish/jersey/ext/jersey-entity-filtering/2.27/jersey-entity-filtering-2.27.jar:/home/user/.m2/repository/com/google/inject/extensions/guice-assistedinject/4.0/guice-assistedinject-4.0.jar:/home/user/.m2/repository/org/jooq/jooq/3.11.10/jooq-3.11.10.jar:/home/user/.m2/repository/org/jooq/jooq-meta/3.11.10/jooq-meta-3.11.10.jar:/home/user/.m2/repository/org/jooq/jooq-codegen/3.11.10/jooq-codegen-3.11.10.jar:/home/user/.m2/repository/com/jolbox/bonecp/0.8.0.RELEASE/bonecp-0.8.0.RELEASE.jar:/home/user/.m2/repository/org/springframework/spring-jdbc/5.1.3.RELEASE/spring-jdbc-5.1.3.RELEASE.jar:/home/user/.m2/repository/org/springframework/spring-beans/5.1.3.RELEASE/spring-beans-5.1.3.RELEASE.jar:/home/user/.m2/repository/org/springframework/spring-core/5.1.3.RELEASE/spring-core-5.1.3.RELEASE.jar:/home/user/.m2/repository/org/springframework/spring-jcl/5.1.3.RELEASE/spring-jcl-5.1.3.RELEASE.jar:/home/user/.m2/repository/org/springframework/spring-tx/5.1.3.RELEASE/spring-tx-5.1.3.RELEASE.jar:/home/user/.m2/repository/org/mockito/mockito-all/1.10.19/mockito-all-1.10.19.jar:/home/user/.m2/repository/junit/junit/4.11/junit-4.11.jar:/home/user/.m2/repository/org/hamcrest/hamcrest-core/1.3/hamcrest-core-1.3.jar:/home/user/.m2/repository/org/apache/hadoop/hadoop-distcp/3.2.0/hadoop-distcp-3.2.0.jar:/home/user/.m2/repository/org/apache/hadoop/hadoop-distcp/3.2.0/hadoop-distcp-3.2.0-tests.jar:/home/user/.m2/repository/org/apache/hadoop/hadoop-mapreduce-client-jobclient/3.2.0/hadoop-mapreduce-client-jobclient-3.2.0.jar:/home/user/.m2/repository/org/apache/hadoop/hadoop-mapreduce-client-common/3.2.0/hadoop-mapreduce-client-common-3.2.0.jar:/home/user/.m2/repository/org/apache/hadoop/hadoop-yarn-common/3.2.0/hadoop-yarn-common-3.2.0.jar:/home/user/.m2/repository/org/apache/hadoop/hadoop-yarn-api/3.2.0/hadoop-yarn-api-3.2.0.jar:/home/user/.m2/repository/com/sun/jersey/jersey-client/1.19/jersey-client-1.19.jar:/home/user/.m2/repository/com/sun/jersey/contribs/jersey-guice/1.19/jersey-guice-1.19.jar:/home/user/.m2/repository/com/fasterxml/jackson/jaxrs/jackson-jaxrs-json-provider/2.9.9/jackson-jaxrs-json-provider-2.9.9.jar:/home/user/.m2/repository/com/fasterxml/jackson/jaxrs/jackson-jaxrs-base/2.9.9/jackson-jaxrs-base-2.9.9.jar:/home/user/.m2/repository/org/apache/hadoop/hadoop-yarn-client/3.2.0/hadoop-yarn-client-3.2.0.jar:/home/user/.m2/repository/org/apache/hadoop/hadoop-mapreduce-client-core/3.2.0/hadoop-mapreduce-client-core-3.2.0.jar:/home/user/.m2/repository/com/google/inject/extensions/guice-servlet/4.0/guice-servlet-4.0.jar:/home/user/.m2/repository/org/powermock/powermock-module-junit4/1.6.5/powermock-module-junit4-1.6.5.jar:/home/user/.m2/repository/org/powermock/powermock-module-junit4-common/1.6.5/powermock-module-junit4-common-1.6.5.jar:/home/user/.m2/repository/org/powermock/powermock-core/1.6.5/powermock-core-1.6.5.jar:/home/user/.m2/repository/org/powermock/powermock-reflect/1.6.5/powermock-reflect-1.6.5.jar:/home/user/.m2/repository/org/powermock/powermock-api-mockito/1.6.5/powermock-api-mockito-1.6.5.jar:/home/user/.m2/repository/org/mockito/mockito-core/1.10.19/mockito-core-1.10.19.jar:/home/user/.m2/repository/org/objenesis/objenesis/1.0/objenesis-1.0.jar:/home/user/.m2/repository/org/powermock/powermock-api-mockito-common/1.6.5/powermock-api-mockito-common-1.6.5.jar:/home/user/.m2/repository/org/powermock/powermock-api-support/1.6.5/powermock-api-support-1.6.5.jar:"/>
    <property name="java.vm.vendor" value="IcedTea"/>
    <property name="sun.arch.data.model" value="64"/>
    <property name="test.build.dir" value="/workdir/hadoop-ozone/ozonefs/target/test-dir"/>
    <property name="test.cache.data" value=""/>
    <property name="java.vendor.url" value="https://icedtea.classpath.org"/>
    <property name="user.timezone" value=""/>
    <property name="java.vm.specification.version" value="1.8"/>
    <property name="os.name" value="Linux"/>
    <property name="test.build.data" value="/workdir/hadoop-ozone/ozonefs/target/test-dir"/>
    <property name="user.country" value="US"/>
    <property name="sun.java.launcher" value="SUN_STANDARD"/>
    <property name="sun.boot.library.path" value="/usr/lib/jvm/java-1.8-openjdk/jre/lib/amd64"/>
    <property name="sun.java.command" value="/workdir/hadoop-ozone/ozonefs/target/surefire/surefirebooter5127414954033110195.jar /workdir/hadoop-ozone/ozonefs/target/surefire 2019-09-25T11-13-37_982-jvmRun1 surefire6381390064890574745tmp surefire_1022096293757218196036tmp"/>
    <property name="test" value="!TestMiniChaosOzoneCluster"/>
    <property name="surefire.test.class.path" value="/workdir/hadoop-ozone/ozonefs/target/test-classes:/workdir/hadoop-ozone/ozonefs/target/classes:/home/user/.m2/repository/org/apache/hadoop/hadoop-common/3.2.0/hadoop-common-3.2.0.jar:/home/user/.m2/repository/org/apache/hadoop/hadoop-annotations/3.2.0/hadoop-annotations-3.2.0.jar:/usr/lib/jvm/java-1.8-openjdk/jre/../lib/tools.jar:/home/user/.m2/repository/com/google/guava/guava/11.0.2/guava-11.0.2.jar:/home/user/.m2/repository/commons-cli/commons-cli/1.2/commons-cli-1.2.jar:/home/user/.m2/repository/org/apache/commons/commons-math3/3.1.1/commons-math3-3.1.1.jar:/home/user/.m2/repository/org/apache/httpcomponents/httpclient/4.5.2/httpclient-4.5.2.jar:/home/user/.m2/repository/org/apache/httpcomponents/httpcore/4.4.4/httpcore-4.4.4.jar:/home/user/.m2/repository/commons-codec/commons-codec/1.11/commons-codec-1.11.jar:/home/user/.m2/repository/commons-io/commons-io/2.5/commons-io-2.5.jar:/home/user/.m2/repository/commons-net/commons-net/3.6/commons-net-3.6.jar:/home/user/.m2/repository/commons-collections/commons-collections/3.2.2/commons-collections-3.2.2.jar:/home/user/.m2/repository/javax/servlet/javax.servlet-api/3.1.0/javax.servlet-api-3.1.0.jar:/home/user/.m2/repository/org/eclipse/jetty/jetty-server/9.3.25.v20180904/jetty-server-9.3.25.v20180904.jar:/home/user/.m2/repository/org/eclipse/jetty/jetty-http/9.3.25.v20180904/jetty-http-9.3.25.v20180904.jar:/home/user/.m2/repository/org/eclipse/jetty/jetty-io/9.3.25.v20180904/jetty-io-9.3.25.v20180904.jar:/home/user/.m2/repository/org/eclipse/jetty/jetty-util/9.3.25.v20180904/jetty-util-9.3.25.v20180904.jar:/home/user/.m2/repository/org/eclipse/jetty/jetty-servlet/9.3.25.v20180904/jetty-servlet-9.3.25.v20180904.jar:/home/user/.m2/repository/org/eclipse/jetty/jetty-security/9.3.25.v20180904/jetty-security-9.3.25.v20180904.jar:/home/user/.m2/repository/org/eclipse/jetty/jetty-webapp/9.3.25.v20180904/jetty-webapp-9.3.25.v20180904.jar:/home/user/.m2/repository/org/eclipse/jetty/jetty-xml/9.3.25.v20180904/jetty-xml-9.3.25.v20180904.jar:/home/user/.m2/repository/javax/servlet/jsp/jsp-api/2.1/jsp-api-2.1.jar:/home/user/.m2/repository/com/sun/jersey/jersey-core/1.19/jersey-core-1.19.jar:/home/user/.m2/repository/javax/ws/rs/jsr311-api/1.1.1/jsr311-api-1.1.1.jar:/home/user/.m2/repository/com/sun/jersey/jersey-servlet/1.19/jersey-servlet-1.19.jar:/home/user/.m2/repository/com/sun/jersey/jersey-json/1.19/jersey-json-1.19.jar:/home/user/.m2/repository/org/codehaus/jettison/jettison/1.1/jettison-1.1.jar:/home/user/.m2/repository/com/sun/xml/bind/jaxb-impl/2.3.0.1/jaxb-impl-2.3.0.1.jar:/home/user/.m2/repository/org/codehaus/jackson/jackson-core-asl/1.9.13/jackson-core-asl-1.9.13.jar:/home/user/.m2/repository/org/codehaus/jackson/jackson-mapper-asl/1.9.13/jackson-mapper-asl-1.9.13.jar:/home/user/.m2/repository/org/codehaus/jackson/jackson-jaxrs/1.9.13/jackson-jaxrs-1.9.13.jar:/home/user/.m2/repository/org/codehaus/jackson/jackson-xc/1.9.13/jackson-xc-1.9.13.jar:/home/user/.m2/repository/com/sun/jersey/jersey-server/1.19/jersey-server-1.19.jar:/home/user/.m2/repository/commons-logging/commons-logging/1.1.3/commons-logging-1.1.3.jar:/home/user/.m2/repository/log4j/log4j/1.2.17/log4j-1.2.17.jar:/home/user/.m2/repository/commons-beanutils/commons-beanutils/1.9.4/commons-beanutils-1.9.4.jar:/home/user/.m2/repository/org/apache/commons/commons-configuration2/2.1.1/commons-configuration2-2.1.1.jar:/home/user/.m2/repository/org/apache/commons/commons-lang3/3.7/commons-lang3-3.7.jar:/home/user/.m2/repository/org/apache/commons/commons-text/1.4/commons-text-1.4.jar:/home/user/.m2/repository/org/slf4j/slf4j-api/1.7.25/slf4j-api-1.7.25.jar:/home/user/.m2/repository/org/slf4j/slf4j-log4j12/1.7.25/slf4j-log4j12-1.7.25.jar:/home/user/.m2/repository/org/apache/avro/avro/1.7.7/avro-1.7.7.jar:/home/user/.m2/repository/com/thoughtworks/paranamer/paranamer/2.3/paranamer-2.3.jar:/home/user/.m2/repository/org/xerial/snappy/snappy-java/1.0.5/snappy-java-1.0.5.jar:/home/user/.m2/repository/com/google/re2j/re2j/1.1/re2j-1.1.jar:/home/user/.m2/repository/com/google/protobuf/protobuf-java/2.5.0/protobuf-java-2.5.0.jar:/home/user/.m2/repository/com/google/code/gson/gson/2.2.4/gson-2.2.4.jar:/home/user/.m2/repository/org/apache/hadoop/hadoop-auth/3.2.0/hadoop-auth-3.2.0.jar:/home/user/.m2/repository/com/nimbusds/nimbus-jose-jwt/4.41.1/nimbus-jose-jwt-4.41.1.jar:/home/user/.m2/repository/com/github/stephenc/jcip/jcip-annotations/1.0-1/jcip-annotations-1.0-1.jar:/home/user/.m2/repository/net/minidev/json-smart/2.3/json-smart-2.3.jar:/home/user/.m2/repository/net/minidev/accessors-smart/1.2/accessors-smart-1.2.jar:/home/user/.m2/repository/org/apache/curator/curator-framework/2.12.0/curator-framework-2.12.0.jar:/home/user/.m2/repository/com/jcraft/jsch/0.1.54/jsch-0.1.54.jar:/home/user/.m2/repository/org/apache/curator/curator-client/2.12.0/curator-client-2.12.0.jar:/home/user/.m2/repository/org/apache/curator/curator-recipes/2.12.0/curator-recipes-2.12.0.jar:/home/user/.m2/repository/com/google/code/findbugs/jsr305/3.0.0/jsr305-3.0.0.jar:/home/user/.m2/repository/org/apache/htrace/htrace-core4/4.1.0-incubating/htrace-core4-4.1.0-incubating.jar:/home/user/.m2/repository/org/apache/zookeeper/zookeeper/3.4.13/zookeeper-3.4.13.jar:/home/user/.m2/repository/jline/jline/0.9.94/jline-0.9.94.jar:/home/user/.m2/repository/org/apache/yetus/audience-annotations/0.5.0/audience-annotations-0.5.0.jar:/home/user/.m2/repository/org/apache/commons/commons-compress/1.4.1/commons-compress-1.4.1.jar:/home/user/.m2/repository/org/tukaani/xz/1.0/xz-1.0.jar:/home/user/.m2/repository/org/apache/kerby/kerb-simplekdc/1.0.1/kerb-simplekdc-1.0.1.jar:/home/user/.m2/repository/org/apache/kerby/kerb-client/1.0.1/kerb-client-1.0.1.jar:/home/user/.m2/repository/org/apache/kerby/kerby-config/1.0.1/kerby-config-1.0.1.jar:/home/user/.m2/repository/org/apache/kerby/kerb-core/1.0.1/kerb-core-1.0.1.jar:/home/user/.m2/repository/org/apache/kerby/kerby-pkix/1.0.1/kerby-pkix-1.0.1.jar:/home/user/.m2/repository/org/apache/kerby/kerby-asn1/1.0.1/kerby-asn1-1.0.1.jar:/home/user/.m2/repository/org/apache/kerby/kerby-util/1.0.1/kerby-util-1.0.1.jar:/home/user/.m2/repository/org/apache/kerby/kerb-common/1.0.1/kerb-common-1.0.1.jar:/home/user/.m2/repository/org/apache/kerby/kerb-crypto/1.0.1/kerb-crypto-1.0.1.jar:/home/user/.m2/repository/org/apache/kerby/kerb-util/1.0.1/kerb-util-1.0.1.jar:/home/user/.m2/repository/org/apache/kerby/token-provider/1.0.1/token-provider-1.0.1.jar:/home/user/.m2/repository/org/apache/kerby/kerb-admin/1.0.1/kerb-admin-1.0.1.jar:/home/user/.m2/repository/org/apache/kerby/kerb-server/1.0.1/kerb-server-1.0.1.jar:/home/user/.m2/repository/org/apache/kerby/kerb-identity/1.0.1/kerb-identity-1.0.1.jar:/home/user/.m2/repository/org/apache/kerby/kerby-xdr/1.0.1/kerby-xdr-1.0.1.jar:/home/user/.m2/repository/com/fasterxml/jackson/core/jackson-databind/2.9.9/jackson-databind-2.9.9.jar:/home/user/.m2/repository/com/fasterxml/jackson/core/jackson-annotations/2.9.9/jackson-annotations-2.9.9.jar:/home/user/.m2/repository/com/fasterxml/jackson/core/jackson-core/2.9.9/jackson-core-2.9.9.jar:/home/user/.m2/repository/org/codehaus/woodstox/stax2-api/3.1.4/stax2-api-3.1.4.jar:/home/user/.m2/repository/com/fasterxml/woodstox/woodstox-core/5.0.3/woodstox-core-5.0.3.jar:/home/user/.m2/repository/dnsjava/dnsjava/2.1.7/dnsjava-2.1.7.jar:/home/user/.m2/repository/org/apache/hadoop/hadoop-hdfs/3.2.0/hadoop-hdfs-3.2.0.jar:/home/user/.m2/repository/org/eclipse/jetty/jetty-util-ajax/9.3.25.v20180904/jetty-util-ajax-9.3.25.v20180904.jar:/home/user/.m2/repository/commons-daemon/commons-daemon/1.0.13/commons-daemon-1.0.13.jar:/home/user/.m2/repository/io/netty/netty/3.10.5.Final/netty-3.10.5.Final.jar:/home/user/.m2/repository/io/netty/netty-all/4.0.52.Final/netty-all-4.0.52.Final.jar:/home/user/.m2/repository/org/fusesource/leveldbjni/leveldbjni-all/1.8/leveldbjni-all-1.8.jar:/home/user/.m2/repository/org/apache/hadoop/hadoop-hdds-common/0.5.0-SNAPSHOT/hadoop-hdds-common-0.5.0-SNAPSHOT.jar:/home/user/.m2/repository/org/apache/hadoop/hadoop-hdds-config/0.5.0-SNAPSHOT/hadoop-hdds-config-0.5.0-SNAPSHOT.jar:/home/user/.m2/repository/javax/annotation/javax.annotation-api/1.2/javax.annotation-api-1.2.jar:/home/user/.m2/repository/org/apache/ratis/ratis-server/0.4.0/ratis-server-0.4.0.jar:/home/user/.m2/repository/org/apache/ratis/ratis-thirdparty-misc/0.2.0/ratis-thirdparty-misc-0.2.0.jar:/home/user/.m2/repository/org/apache/ratis/ratis-proto/0.4.0/ratis-proto-0.4.0.jar:/home/user/.m2/repository/org/apache/ratis/ratis-common/0.4.0/ratis-common-0.4.0.jar:/home/user/.m2/repository/org/apache/ratis/ratis-client/0.4.0/ratis-client-0.4.0.jar:/home/user/.m2/repository/org/apache/ratis/ratis-metrics/0.4.0/ratis-metrics-0.4.0.jar:/home/user/.m2/repository/com/github/joshelser/dropwizard-metrics-hadoop-metrics2-reporter/0.1.2/dropwizard-metrics-hadoop-metrics2-reporter-0.1.2.jar:/home/user/.m2/repository/io/dropwizard/metrics/metrics-jvm/3.2.5/metrics-jvm-3.2.5.jar:/home/user/.m2/repository/io/dropwizard/metrics/metrics-ganglia/3.2.5/metrics-ganglia-3.2.5.jar:/home/user/.m2/repository/info/ganglia/gmetric4j/gmetric4j/1.0.7/gmetric4j-1.0.7.jar:/home/user/.m2/repository/org/apache/ratis/ratis-netty/0.4.0/ratis-netty-0.4.0.jar:/home/user/.m2/repository/org/apache/ratis/ratis-grpc/0.4.0/ratis-grpc-0.4.0.jar:/home/user/.m2/repository/org/rocksdb/rocksdbjni/6.0.1/rocksdbjni-6.0.1.jar:/home/user/.m2/repository/org/apache/logging/log4j/log4j-api/2.11.0/log4j-api-2.11.0.jar:/home/user/.m2/repository/org/apache/logging/log4j/log4j-core/2.11.0/log4j-core-2.11.0.jar:/home/user/.m2/repository/com/lmax/disruptor/3.4.2/disruptor-3.4.2.jar:/home/user/.m2/repository/org/apache/commons/commons-pool2/2.6.0/commons-pool2-2.6.0.jar:/home/user/.m2/repository/org/bouncycastle/bcpkix-jdk15on/1.60/bcpkix-jdk15on-1.60.jar:/home/user/.m2/repository/commons-validator/commons-validator/1.6/commons-validator-1.6.jar:/home/user/.m2/repository/commons-digester/commons-digester/1.8.1/commons-digester-1.8.1.jar:/home/user/.m2/repository/io/jaegertracing/jaeger-client/0.34.0/jaeger-client-0.34.0.jar:/home/user/.m2/repository/io/jaegertracing/jaeger-thrift/0.34.0/jaeger-thrift-0.34.0.jar:/home/user/.m2/repository/org/apache/thrift/libthrift/0.12.0/libthrift-0.12.0.jar:/home/user/.m2/repository/com/squareup/okhttp3/okhttp/3.9.0/okhttp-3.9.0.jar:/home/user/.m2/repository/com/squareup/okio/okio/1.13.0/okio-1.13.0.jar:/home/user/.m2/repository/io/jaegertracing/jaeger-core/0.34.0/jaeger-core-0.34.0.jar:/home/user/.m2/repository/io/jaegertracing/jaeger-tracerresolver/0.34.0/jaeger-tracerresolver-0.34.0.jar:/home/user/.m2/repository/io/opentracing/contrib/opentracing-tracerresolver/0.1.5/opentracing-tracerresolver-0.1.5.jar:/home/user/.m2/repository/io/opentracing/opentracing-util/0.31.0/opentracing-util-0.31.0.jar:/home/user/.m2/repository/io/opentracing/opentracing-api/0.31.0/opentracing-api-0.31.0.jar:/home/user/.m2/repository/io/opentracing/opentracing-noop/0.31.0/opentracing-noop-0.31.0.jar:/home/user/.m2/repository/org/yaml/snakeyaml/1.16/snakeyaml-1.16.jar:/home/user/.m2/repository/org/apache/hadoop/hadoop-hdfs-client/3.2.0/hadoop-hdfs-client-3.2.0.jar:/home/user/.m2/repository/info/picocli/picocli/3.9.6/picocli-3.9.6.jar:/home/user/.m2/repository/org/apache/hadoop/hadoop-hdds-server-scm/0.5.0-SNAPSHOT/hadoop-hdds-server-scm-0.5.0-SNAPSHOT.jar:/home/user/.m2/repository/org/apache/hadoop/hadoop-hdds-docs/0.5.0-SNAPSHOT/hadoop-hdds-docs-0.5.0-SNAPSHOT.jar:/home/user/.m2/repository/io/dropwizard/metrics/metrics-core/3.2.4/metrics-core-3.2.4.jar:/home/user/.m2/repository/org/hamcrest/hamcrest-all/1.3/hamcrest-all-1.3.jar:/home/user/.m2/repository/org/bouncycastle/bcprov-jdk15on/1.60/bcprov-jdk15on-1.60.jar:/home/user/.m2/repository/org/apache/hadoop/hadoop-hdds-server-framework/0.5.0-SNAPSHOT/hadoop-hdds-server-framework-0.5.0-SNAPSHOT.jar:/home/user/.m2/repository/org/apache/hadoop/hadoop-ozone-ozone-manager/0.5.0-SNAPSHOT/hadoop-ozone-ozone-manager-0.5.0-SNAPSHOT.jar:/home/user/.m2/repository/org/apache/hadoop/hadoop-hdds-container-service/0.5.0-SNAPSHOT/hadoop-hdds-container-service-0.5.0-SNAPSHOT.jar:/home/user/.m2/repository/org/apache/hadoop/hadoop-hdds-client/0.5.0-SNAPSHOT/hadoop-hdds-client-0.5.0-SNAPSHOT.jar:/home/user/.m2/repository/org/apache/hadoop/hadoop-ozone-common/0.5.0-SNAPSHOT/hadoop-ozone-common-0.5.0-SNAPSHOT.jar:/home/user/.m2/repository/org/apache/hadoop/hadoop-hdds-tools/0.5.0-SNAPSHOT/hadoop-hdds-tools-0.5.0-SNAPSHOT.jar:/home/user/.m2/repository/org/xerial/sqlite-jdbc/3.25.2/sqlite-jdbc-3.25.2.jar:/home/user/.m2/repository/com/google/code/findbugs/findbugs/3.0.1/findbugs-3.0.1.jar:/home/user/.m2/repository/net/jcip/jcip-annotations/1.0/jcip-annotations-1.0.jar:/home/user/.m2/repository/com/google/code/findbugs/bcel-findbugs/6.0/bcel-findbugs-6.0.jar:/home/user/.m2/repository/com/google/code/findbugs/jFormatString/2.0.1/jFormatString-2.0.1.jar:/home/user/.m2/repository/dom4j/dom4j/1.6.1/dom4j-1.6.1.jar:/home/user/.m2/repository/xml-apis/xml-apis/1.0.b2/xml-apis-1.0.b2.jar:/home/user/.m2/repository/org/ow2/asm/asm-debug-all/5.0.2/asm-debug-all-5.0.2.jar:/home/user/.m2/repository/org/ow2/asm/asm-commons/5.0.2/asm-commons-5.0.2.jar:/home/user/.m2/repository/org/ow2/asm/asm-tree/5.0.2/asm-tree-5.0.2.jar:/home/user/.m2/repository/org/ow2/asm/asm/5.0.4/asm-5.0.4.jar:/home/user/.m2/repository/commons-lang/commons-lang/2.6/commons-lang-2.6.jar:/home/user/.m2/repository/com/apple/AppleJavaExtensions/1.4/AppleJavaExtensions-1.4.jar:/home/user/.m2/repository/jaxen/jaxen/1.1.6/jaxen-1.1.6.jar:/home/user/.m2/repository/org/apache/hadoop/hadoop-common/3.2.0/hadoop-common-3.2.0-tests.jar:/home/user/.m2/repository/org/apache/hadoop/hadoop-ozone-client/0.5.0-SNAPSHOT/hadoop-ozone-client-0.5.0-SNAPSHOT.jar:/home/user/.m2/repository/org/apache/hadoop/hadoop-hdfs/3.2.0/hadoop-hdfs-3.2.0-tests.jar:/workdir/hadoop-ozone/integration-test/target/test-classes:/home/user/.m2/repository/org/apache/hadoop/hadoop-ozone-s3gateway/0.5.0-SNAPSHOT/hadoop-ozone-s3gateway-0.5.0-SNAPSHOT.jar:/home/user/.m2/repository/org/jboss/weld/servlet/weld-servlet/2.4.7.Final/weld-servlet-2.4.7.Final.jar:/home/user/.m2/repository/org/glassfish/jersey/containers/jersey-container-servlet-core/2.27/jersey-container-servlet-core-2.27.jar:/home/user/.m2/repository/org/glassfish/hk2/external/javax.inject/2.5.0-b42/javax.inject-2.5.0-b42.jar:/home/user/.m2/repository/org/glassfish/jersey/core/jersey-common/2.27/jersey-common-2.27.jar:/home/user/.m2/repository/org/glassfish/hk2/osgi-resource-locator/1.0.1/osgi-resource-locator-1.0.1.jar:/home/user/.m2/repository/javax/ws/rs/javax.ws.rs-api/2.1/javax.ws.rs-api-2.1.jar:/home/user/.m2/repository/org/glassfish/jersey/ext/cdi/jersey-cdi1x/2.27/jersey-cdi1x-2.27.jar:/home/user/.m2/repository/org/glassfish/jersey/inject/jersey-hk2/2.27/jersey-hk2-2.27.jar:/home/user/.m2/repository/org/glassfish/hk2/hk2-locator/2.5.0-b42/hk2-locator-2.5.0-b42.jar:/home/user/.m2/repository/org/javassist/javassist/3.22.0-CR2/javassist-3.22.0-CR2.jar:/home/user/.m2/repository/org/glassfish/hk2/hk2-api/2.5.0/hk2-api-2.5.0.jar:/home/user/.m2/repository/org/glassfish/hk2/external/jakarta.inject/2.5.0/jakarta.inject-2.5.0.jar:/home/user/.m2/repository/org/glassfish/hk2/hk2-utils/2.5.0/hk2-utils-2.5.0.jar:/home/user/.m2/repository/jakarta/annotation/jakarta.annotation-api/1.3.4/jakarta.annotation-api-1.3.4.jar:/home/user/.m2/repository/org/glassfish/hk2/external/aopalliance-repackaged/2.5.0/aopalliance-repackaged-2.5.0.jar:/home/user/.m2/repository/com/fasterxml/jackson/dataformat/jackson-dataformat-xml/2.9.0/jackson-dataformat-xml-2.9.0.jar:/home/user/.m2/repository/com/fasterxml/jackson/module/jackson-module-jaxb-annotations/2.9.9/jackson-module-jaxb-annotations-2.9.9.jar:/home/user/.m2/repository/javax/enterprise/cdi-api/1.2/cdi-api-1.2.jar:/home/user/.m2/repository/javax/el/javax.el-api/3.0.0/javax.el-api-3.0.0.jar:/home/user/.m2/repository/javax/interceptor/javax.interceptor-api/1.2/javax.interceptor-api-1.2.jar:/home/user/.m2/repository/javax/inject/javax.inject/1/javax.inject-1.jar:/home/user/.m2/repository/com/sun/xml/bind/jaxb-core/2.3.0.1/jaxb-core-2.3.0.1.jar:/home/user/.m2/repository/javax/xml/bind/jaxb-api/2.3.0/jaxb-api-2.3.0.jar:/home/user/.m2/repository/javax/activation/activation/1.1.1/activation-1.1.1.jar:/home/user/.m2/repository/org/apache/hadoop/hadoop-ozone-csi/0.5.0-SNAPSHOT/hadoop-ozone-csi-0.5.0-SNAPSHOT.jar:/home/user/.m2/repository/com/google/protobuf/protobuf-java-util/3.5.1/protobuf-java-util-3.5.1.jar:/home/user/.m2/repository/io/grpc/grpc-netty/1.17.1/grpc-netty-1.17.1.jar:/home/user/.m2/repository/io/grpc/grpc-core/1.17.1/grpc-core-1.17.1.jar:/home/user/.m2/repository/io/grpc/grpc-context/1.17.1/grpc-context-1.17.1.jar:/home/user/.m2/repository/com/google/errorprone/error_prone_annotations/2.2.0/error_prone_annotations-2.2.0.jar:/home/user/.m2/repository/org/codehaus/mojo/animal-sniffer-annotations/1.17/animal-sniffer-annotations-1.17.jar:/home/user/.m2/repository/io/opencensus/opencensus-api/0.17.0/opencensus-api-0.17.0.jar:/home/user/.m2/repository/io/opencensus/opencensus-contrib-grpc-metrics/0.17.0/opencensus-contrib-grpc-metrics-0.17.0.jar:/home/user/.m2/repository/io/netty/netty-codec-http2/4.1.30.Final/netty-codec-http2-4.1.30.Final.jar:/home/user/.m2/repository/io/netty/netty-codec-http/4.1.30.Final/netty-codec-http-4.1.30.Final.jar:/home/user/.m2/repository/io/netty/netty-codec/4.1.30.Final/netty-codec-4.1.30.Final.jar:/home/user/.m2/repository/io/netty/netty-handler/4.1.30.Final/netty-handler-4.1.30.Final.jar:/home/user/.m2/repository/io/netty/netty-handler-proxy/4.1.30.Final/netty-handler-proxy-4.1.30.Final.jar:/home/user/.m2/repository/io/netty/netty-codec-socks/4.1.30.Final/netty-codec-socks-4.1.30.Final.jar:/home/user/.m2/repository/io/netty/netty-transport-native-epoll/4.1.30.Final/netty-transport-native-epoll-4.1.30.Final.jar:/home/user/.m2/repository/io/netty/netty-common/4.1.30.Final/netty-common-4.1.30.Final.jar:/home/user/.m2/repository/io/netty/netty-buffer/4.1.30.Final/netty-buffer-4.1.30.Final.jar:/home/user/.m2/repository/io/netty/netty-transport/4.1.30.Final/netty-transport-4.1.30.Final.jar:/home/user/.m2/repository/io/netty/netty-resolver/4.1.30.Final/netty-resolver-4.1.30.Final.jar:/home/user/.m2/repository/io/netty/netty-transport-native-unix-common/4.1.30.Final/netty-transport-native-unix-common-4.1.30.Final.jar:/home/user/.m2/repository/io/grpc/grpc-protobuf/1.17.1/grpc-protobuf-1.17.1.jar:/home/user/.m2/repository/com/google/api/grpc/proto-google-common-protos/1.0.0/proto-google-common-protos-1.0.0.jar:/home/user/.m2/repository/io/grpc/grpc-protobuf-lite/1.17.1/grpc-protobuf-lite-1.17.1.jar:/home/user/.m2/repository/io/grpc/grpc-stub/1.17.1/grpc-stub-1.17.1.jar:/home/user/.m2/repository/org/apache/hadoop/hadoop-ozone-recon/0.5.0-SNAPSHOT/hadoop-ozone-recon-0.5.0-SNAPSHOT.jar:/home/user/.m2/repository/org/apache/hadoop/hadoop-ozone-reconcodegen/0.5.0-SNAPSHOT/hadoop-ozone-reconcodegen-0.5.0-SNAPSHOT.jar:/home/user/.m2/repository/com/google/inject/extensions/guice-multibindings/4.0/guice-multibindings-4.0.jar:/home/user/.m2/repository/com/google/inject/guice/4.0/guice-4.0.jar:/home/user/.m2/repository/aopalliance/aopalliance/1.0/aopalliance-1.0.jar:/home/user/.m2/repository/org/glassfish/jersey/containers/jersey-container-servlet/2.27/jersey-container-servlet-2.27.jar:/home/user/.m2/repository/org/glassfish/hk2/guice-bridge/2.5.0/guice-bridge-2.5.0.jar:/home/user/.m2/repository/org/glassfish/jersey/core/jersey-server/2.27/jersey-server-2.27.jar:/home/user/.m2/repository/org/glassfish/jersey/core/jersey-client/2.27/jersey-client-2.27.jar:/home/user/.m2/repository/org/glassfish/jersey/media/jersey-media-jaxb/2.27/jersey-media-jaxb-2.27.jar:/home/user/.m2/repository/javax/validation/validation-api/1.1.0.Final/validation-api-1.1.0.Final.jar:/home/user/.m2/repository/org/glassfish/jersey/media/jersey-media-json-jackson/2.27/jersey-media-json-jackson-2.27.jar:/home/user/.m2/repository/org/glassfish/jersey/ext/jersey-entity-filtering/2.27/jersey-entity-filtering-2.27.jar:/home/user/.m2/repository/com/google/inject/extensions/guice-assistedinject/4.0/guice-assistedinject-4.0.jar:/home/user/.m2/repository/org/jooq/jooq/3.11.10/jooq-3.11.10.jar:/home/user/.m2/repository/org/jooq/jooq-meta/3.11.10/jooq-meta-3.11.10.jar:/home/user/.m2/repository/org/jooq/jooq-codegen/3.11.10/jooq-codegen-3.11.10.jar:/home/user/.m2/repository/com/jolbox/bonecp/0.8.0.RELEASE/bonecp-0.8.0.RELEASE.jar:/home/user/.m2/repository/org/springframework/spring-jdbc/5.1.3.RELEASE/spring-jdbc-5.1.3.RELEASE.jar:/home/user/.m2/repository/org/springframework/spring-beans/5.1.3.RELEASE/spring-beans-5.1.3.RELEASE.jar:/home/user/.m2/repository/org/springframework/spring-core/5.1.3.RELEASE/spring-core-5.1.3.RELEASE.jar:/home/user/.m2/repository/org/springframework/spring-jcl/5.1.3.RELEASE/spring-jcl-5.1.3.RELEASE.jar:/home/user/.m2/repository/org/springframework/spring-tx/5.1.3.RELEASE/spring-tx-5.1.3.RELEASE.jar:/home/user/.m2/repository/org/mockito/mockito-all/1.10.19/mockito-all-1.10.19.jar:/home/user/.m2/repository/junit/junit/4.11/junit-4.11.jar:/home/user/.m2/repository/org/hamcrest/hamcrest-core/1.3/hamcrest-core-1.3.jar:/home/user/.m2/repository/org/apache/hadoop/hadoop-distcp/3.2.0/hadoop-distcp-3.2.0.jar:/home/user/.m2/repository/org/apache/hadoop/hadoop-distcp/3.2.0/hadoop-distcp-3.2.0-tests.jar:/home/user/.m2/repository/org/apache/hadoop/hadoop-mapreduce-client-jobclient/3.2.0/hadoop-mapreduce-client-jobclient-3.2.0.jar:/home/user/.m2/repository/org/apache/hadoop/hadoop-mapreduce-client-common/3.2.0/hadoop-mapreduce-client-common-3.2.0.jar:/home/user/.m2/repository/org/apache/hadoop/hadoop-yarn-common/3.2.0/hadoop-yarn-common-3.2.0.jar:/home/user/.m2/repository/org/apache/hadoop/hadoop-yarn-api/3.2.0/hadoop-yarn-api-3.2.0.jar:/home/user/.m2/repository/com/sun/jersey/jersey-client/1.19/jersey-client-1.19.jar:/home/user/.m2/repository/com/sun/jersey/contribs/jersey-guice/1.19/jersey-guice-1.19.jar:/home/user/.m2/repository/com/fasterxml/jackson/jaxrs/jackson-jaxrs-json-provider/2.9.9/jackson-jaxrs-json-provider-2.9.9.jar:/home/user/.m2/repository/com/fasterxml/jackson/jaxrs/jackson-jaxrs-base/2.9.9/jackson-jaxrs-base-2.9.9.jar:/home/user/.m2/repository/org/apache/hadoop/hadoop-yarn-client/3.2.0/hadoop-yarn-client-3.2.0.jar:/home/user/.m2/repository/org/apache/hadoop/hadoop-mapreduce-client-core/3.2.0/hadoop-mapreduce-client-core-3.2.0.jar:/home/user/.m2/repository/com/google/inject/extensions/guice-servlet/4.0/guice-servlet-4.0.jar:/home/user/.m2/repository/org/powermock/powermock-module-junit4/1.6.5/powermock-module-junit4-1.6.5.jar:/home/user/.m2/repository/org/powermock/powermock-module-junit4-common/1.6.5/powermock-module-junit4-common-1.6.5.jar:/home/user/.m2/repository/org/powermock/powermock-core/1.6.5/powermock-core-1.6.5.jar:/home/user/.m2/repository/org/powermock/powermock-reflect/1.6.5/powermock-reflect-1.6.5.jar:/home/user/.m2/repository/org/powermock/powermock-api-mockito/1.6.5/powermock-api-mockito-1.6.5.jar:/home/user/.m2/repository/org/mockito/mockito-core/1.10.19/mockito-core-1.10.19.jar:/home/user/.m2/repository/org/objenesis/objenesis/1.0/objenesis-1.0.jar:/home/user/.m2/repository/org/powermock/powermock-api-mockito-common/1.6.5/powermock-api-mockito-common-1.6.5.jar:/home/user/.m2/repository/org/powermock/powermock-api-support/1.6.5/powermock-api-support-1.6.5.jar:"/>
    <property name="sun.cpu.endian" value="little"/>
    <property name="user.home" value="/home/user"/>
    <property name="user.language" value="en"/>
    <property name="java.specification.vendor" value="Oracle Corporation"/>
    <property name="java.home" value="/usr/lib/jvm/java-1.8-openjdk/jre"/>
    <property name="java.security.krb5.conf" value="/workdir/hadoop-ozone/ozonefs/target/test-classes/krb5.conf"/>
    <property name="basedir" value="/workdir/hadoop-ozone/ozonefs"/>
    <property name="file.separator" value="/"/>
    <property name="line.separator" value="&#10;"/>
    <property name="java.vm.specification.vendor" value="Oracle Corporation"/>
    <property name="java.specification.name" value="Java Platform API Specification"/>
    <property name="java.awt.graphicsenv" value="sun.awt.X11GraphicsEnvironment"/>
    <property name="surefire.real.class.path" value="/workdir/hadoop-ozone/ozonefs/target/surefire/surefirebooter5127414954033110195.jar"/>
    <property name="hadoop.log.dir" value="/workdir/hadoop-ozone/ozonefs/target/log"/>
    <property name="sun.boot.class.path" value="/usr/lib/jvm/java-1.8-openjdk/jre/lib/resources.jar:/usr/lib/jvm/java-1.8-openjdk/jre/lib/rt.jar:/usr/lib/jvm/java-1.8-openjdk/jre/lib/sunrsasign.jar:/usr/lib/jvm/java-1.8-openjdk/jre/lib/jsse.jar:/usr/lib/jvm/java-1.8-openjdk/jre/lib/jce.jar:/usr/lib/jvm/java-1.8-openjdk/jre/lib/charsets.jar:/usr/lib/jvm/java-1.8-openjdk/jre/lib/jfr.jar:/usr/lib/jvm/java-1.8-openjdk/jre/classes"/>
    <property name="sun.management.compiler" value="HotSpot 64-Bit Tiered Compilers"/>
    <property name="java.runtime.version" value="1.8.0_212-b04"/>
    <property name="java.net.preferIPv4Stack" value="true"/>
    <property name="user.name" value="jenkins1000"/>
    <property name="path.separator" value=":"/>
    <property name="java.security.egd" value="file:///dev/urandom"/>
    <property name="os.version" value="3.10.0-957.12.2.el7.x86_64"/>
    <property name="java.endorsed.dirs" value="/usr/lib/jvm/java-1.8-openjdk/jre/lib/endorsed"/>
    <property name="java.runtime.name" value="OpenJDK Runtime Environment"/>
    <property name="file.encoding" value="UTF-8"/>
    <property name="java.vm.name" value="OpenJDK 64-Bit Server VM"/>
    <property name="test.build.webapps" value=""/>
    <property name="localRepository" value="/home/user/.m2/repository"/>
    <property name="java.vendor.url.bug" value="https://icedtea.classpath.org/bugzilla"/>
    <property name="java.io.tmpdir" value="/tmp"/>
    <property name="require.test.libhadoop" value=""/>
    <property name="java.version" value="1.8.0_212"/>
    <property name="user.dir" value="/workdir/hadoop-ozone/ozonefs"/>
    <property name="os.arch" value="amd64"/>
    <property name="java.vm.specification.name" value="Java Virtual Machine Specification"/>
    <property name="test.build.classes" value="/workdir/hadoop-ozone/ozonefs/target/test-classes"/>
    <property name="java.awt.printerjob" value="sun.print.PSPrinterJob"/>
    <property name="sun.os.patch.level" value="unknown"/>
    <property name="hadoop.tmp.dir" value="/workdir/hadoop-ozone/ozonefs/target/tmp"/>
    <property name="java.library.path" value="/usr/lib/jvm/java-1.8-openjdk/jre/lib/amd64/server:/usr/lib/jvm/java-1.8-openjdk/jre/lib/amd64:/usr/lib/jvm/java-1.8-openjdk/jre/../lib/amd64:/workdir/hadoop-ozone/ozonefs/target/native/target/usr/local/lib:/workdir/hadoop-ozone/ozonefs/../../hadoop-common-project/hadoop-common/target/native/target/usr/local/lib:/usr/java/packages/lib/amd64:/usr/lib64:/lib64:/lib:/usr/lib"/>
    <property name="java.vm.info" value="mixed mode"/>
    <property name="java.vendor" value="IcedTea"/>
    <property name="java.vm.version" value="25.212-b04"/>
    <property name="java.ext.dirs" value="/usr/lib/jvm/java-1.8-openjdk/jre/lib/ext:/usr/java/packages/lib/ext"/>
    <property name="sun.io.unicode.encoding" value="UnicodeLittle"/>
    <property name="java.class.version" value="52.0"/>
  </properties>
  <testcase name="testOzoneManagerFileSystemInterface[0]" classname="org.apache.hadoop.fs.ozone.TestOzoneFileInterfaces" time="22"/>
  <testcase name="testListStatus[0]" classname="org.apache.hadoop.fs.ozone.TestOzoneFileInterfaces" time="16.963"/>
  <testcase name="testDirectory[0]" classname="org.apache.hadoop.fs.ozone.TestOzoneFileInterfaces" time="16.283"/>
  <testcase name="testPathToKey[0]" classname="org.apache.hadoop.fs.ozone.TestOzoneFileInterfaces" time="17.014"/>
  <testcase name="testFileSystemInit[0]" classname="org.apache.hadoop.fs.ozone.TestOzoneFileInterfaces" time="15.935"/>
  <testcase name="testOzFsReadWrite[0]" classname="org.apache.hadoop.fs.ozone.TestOzoneFileInterfaces" time="16.997">
    <error message="Allocated 0 blocks. Requested 1 blocks" type="INTERNAL_ERROR org.apache.hadoop.ozone.om.exceptions.OMException">INTERNAL_ERROR org.apache.hadoop.ozone.om.exceptions.OMException: Allocated 0 blocks. Requested 1 blocks
	at org.apache.hadoop.ozone.om.protocolPB.OzoneManagerProtocolClientSideTranslatorPB.handleError(OzoneManagerProtocolClientSideTranslatorPB.java:732)
	at org.apache.hadoop.ozone.om.protocolPB.OzoneManagerProtocolClientSideTranslatorPB.createFile(OzoneManagerProtocolClientSideTranslatorPB.java:1536)
	at sun.reflect.NativeMethodAccessorImpl.invoke0(Native Method)
	at sun.reflect.NativeMethodAccessorImpl.invoke(NativeMethodAccessorImpl.java:62)
	at sun.reflect.DelegatingMethodAccessorImpl.invoke(DelegatingMethodAccessorImpl.java:43)
	at java.lang.reflect.Method.invoke(Method.java:498)
	at org.apache.hadoop.hdds.tracing.TraceAllMethod.invoke(TraceAllMethod.java:66)
	at com.sun.proxy.$Proxy39.createFile(Unknown Source)
	at org.apache.hadoop.ozone.client.rpc.RpcClient.createFile(RpcClient.java:1006)
	at org.apache.hadoop.ozone.client.OzoneBucket.createFile(OzoneBucket.java:537)
	at org.apache.hadoop.fs.ozone.BasicOzoneClientAdapterImpl.createFile(BasicOzoneClientAdapterImpl.java:205)
	at org.apache.hadoop.fs.ozone.BasicOzoneFileSystem.createOutputStream(BasicOzoneFileSystem.java:250)
	at org.apache.hadoop.fs.ozone.BasicOzoneFileSystem.create(BasicOzoneFileSystem.java:231)
	at org.apache.hadoop.fs.FileSystem.create(FileSystem.java:1118)
	at org.apache.hadoop.fs.FileSystem.create(FileSystem.java:1098)
	at org.apache.hadoop.fs.FileSystem.create(FileSystem.java:987)
	at org.apache.hadoop.fs.FileSystem.create(FileSystem.java:975)
	at org.apache.hadoop.fs.ozone.TestOzoneFileInterfaces.testOzFsReadWrite(TestOzoneFileInterfaces.java:169)
	at sun.reflect.NativeMethodAccessorImpl.invoke0(Native Method)
	at sun.reflect.NativeMethodAccessorImpl.invoke(NativeMethodAccessorImpl.java:62)
	at sun.reflect.DelegatingMethodAccessorImpl.invoke(DelegatingMethodAccessorImpl.java:43)
	at java.lang.reflect.Method.invoke(Method.java:498)
	at org.junit.runners.model.FrameworkMethod$1.runReflectiveCall(FrameworkMethod.java:47)
	at org.junit.internal.runners.model.ReflectiveCallable.run(ReflectiveCallable.java:12)
	at org.junit.runners.model.FrameworkMethod.invokeExplosively(FrameworkMethod.java:44)
	at org.junit.internal.runners.statements.InvokeMethod.evaluate(InvokeMethod.java:17)
	at org.junit.internal.runners.statements.RunBefores.evaluate(RunBefores.java:26)
	at org.junit.internal.runners.statements.RunAfters.evaluate(RunAfters.java:27)
	at org.junit.runners.ParentRunner.runLeaf(ParentRunner.java:271)
	at org.junit.runners.BlockJUnit4ClassRunner.runChild(BlockJUnit4ClassRunner.java:70)
	at org.junit.runners.BlockJUnit4ClassRunner.runChild(BlockJUnit4ClassRunner.java:50)
	at org.junit.runners.ParentRunner$3.run(ParentRunner.java:238)
	at org.junit.runners.ParentRunner$1.schedule(ParentRunner.java:63)
	at org.junit.runners.ParentRunner.runChildren(ParentRunner.java:236)
	at org.junit.runners.ParentRunner.access$000(ParentRunner.java:53)
	at org.junit.runners.ParentRunner$2.evaluate(ParentRunner.java:229)
	at org.junit.runners.ParentRunner.run(ParentRunner.java:309)
	at org.junit.runners.Suite.runChild(Suite.java:127)
	at org.junit.runners.Suite.runChild(Suite.java:26)
	at org.junit.runners.ParentRunner$3.run(ParentRunner.java:238)
	at org.junit.runners.ParentRunner$1.schedule(ParentRunner.java:63)
	at org.junit.runners.ParentRunner.runChildren(ParentRunner.java:236)
	at org.junit.runners.ParentRunner.access$000(ParentRunner.java:53)
	at org.junit.runners.ParentRunner$2.evaluate(ParentRunner.java:229)
	at org.junit.runners.ParentRunner.run(ParentRunner.java:309)
	at org.apache.maven.surefire.junit4.JUnit4Provider.execute(JUnit4Provider.java:365)
	at org.apache.maven.surefire.junit4.JUnit4Provider.executeWithRerun(JUnit4Provider.java:273)
	at org.apache.maven.surefire.junit4.JUnit4Provider.executeTestSet(JUnit4Provider.java:238)
	at org.apache.maven.surefire.junit4.JUnit4Provider.invoke(JUnit4Provider.java:159)
	at org.apache.maven.surefire.booter.ForkedBooter.invokeProviderInSameClassLoader(ForkedBooter.java:384)
	at org.apache.maven.surefire.booter.ForkedBooter.runSuitesInProcess(ForkedBooter.java:345)
	at org.apache.maven.surefire.booter.ForkedBooter.execute(ForkedBooter.java:126)
	at org.apache.maven.surefire.booter.ForkedBooter.main(ForkedBooter.java:418)
</error>
    <system-out><![CDATA[2019-09-25 12:48:50,448 [main] WARN  server.ServerUtils (ServerUtils.java:getScmDbDir(145)) - ozone.scm.db.dirs is not configured. We recommend adding this setting. Falling back to ozone.metadata.dirs instead.
2019-09-25 12:48:50,472 [main] WARN  server.ServerUtils (ServerUtils.java:getScmDbDir(145)) - ozone.scm.db.dirs is not configured. We recommend adding this setting. Falling back to ozone.metadata.dirs instead.
2019-09-25 12:48:50,473 [main] WARN  server.ServerUtils (ServerUtils.java:getScmDbDir(145)) - ozone.scm.db.dirs is not configured. We recommend adding this setting. Falling back to ozone.metadata.dirs instead.
2019-09-25 12:48:50,473 [main] INFO  db.DBStoreBuilder (DBStoreBuilder.java:addTable(110)) - using custom profile for table: deletedBlocks
2019-09-25 12:48:50,473 [main] INFO  db.DBStoreBuilder (DBStoreBuilder.java:processTables(161)) - Using default column profile:DBProfile.DISK for Table:deletedBlocks
2019-09-25 12:48:50,474 [main] INFO  db.DBStoreBuilder (DBStoreBuilder.java:addTable(110)) - using custom profile for table: validCerts
2019-09-25 12:48:50,474 [main] INFO  db.DBStoreBuilder (DBStoreBuilder.java:processTables(161)) - Using default column profile:DBProfile.DISK for Table:validCerts
2019-09-25 12:48:50,474 [main] INFO  db.DBStoreBuilder (DBStoreBuilder.java:addTable(110)) - using custom profile for table: revokedCerts
2019-09-25 12:48:50,475 [main] INFO  db.DBStoreBuilder (DBStoreBuilder.java:processTables(161)) - Using default column profile:DBProfile.DISK for Table:revokedCerts
2019-09-25 12:48:50,475 [main] INFO  db.DBStoreBuilder (DBStoreBuilder.java:addTable(110)) - using custom profile for table: default
2019-09-25 12:48:50,475 [main] INFO  db.DBStoreBuilder (DBStoreBuilder.java:processTables(167)) - Using default column profile:DBProfile.DISK for Table:default
2019-09-25 12:48:50,476 [main] INFO  db.DBStoreBuilder (DBStoreBuilder.java:getDbProfile(198)) - Using default options. DBProfile.DISK
2019-09-25 12:48:50,719 [main] INFO  net.NodeSchemaLoader (NodeSchemaLoader.java:loadSchemaFromFile(125)) - Loading file from sun.misc.CompoundEnumeration@19fec3d6
2019-09-25 12:48:50,719 [main] INFO  net.NodeSchemaLoader (NodeSchemaLoader.java:loadSchema(171)) - Loading network topology layer schema file
2019-09-25 12:48:50,723 [main] WARN  server.ServerUtils (ServerUtils.java:sanitizeUserArgs(70)) - ozone.scm.stale.node.interval value = 300000 is larger than max = 100000 based on the key value of ozone.scm.heartbeat.thread.interval, reset to the max value 100000.
2019-09-25 12:48:50,724 [main] WARN  server.ServerUtils (ServerUtils.java:sanitizeUserArgs(70)) - ozone.scm.stale.node.interval value = 300000 is larger than max = 100000 based on the key value of ozone.scm.heartbeat.thread.interval, reset to the max value 100000.
2019-09-25 12:48:50,724 [main] INFO  node.SCMNodeManager (SCMNodeManager.java:<init>(114)) - Entering startup safe mode.
2019-09-25 12:48:50,725 [main] INFO  algorithms.ContainerPlacementPolicyFactory (ContainerPlacementPolicyFactory.java:getPolicy(59)) - Create container placement policy of type org.apache.hadoop.hdds.scm.container.placement.algorithms.SCMContainerPlacementRandom
2019-09-25 12:48:50,725 [main] WARN  server.ServerUtils (ServerUtils.java:getScmDbDir(145)) - ozone.scm.db.dirs is not configured. We recommend adding this setting. Falling back to ozone.metadata.dirs instead.
2019-09-25 12:48:50,857 [main] INFO  pipeline.SCMPipelineManager (SCMPipelineManager.java:initializePipelineState(132)) - No pipeline exists in current db
2019-09-25 12:48:50,859 [main] WARN  server.ServerUtils (ServerUtils.java:getScmDbDir(145)) - ozone.scm.db.dirs is not configured. We recommend adding this setting. Falling back to ozone.metadata.dirs instead.
2019-09-25 12:48:50,927 [main] WARN  events.EventQueue (EventQueue.java:fireEvent(183)) - No event handler registered for event TypedEvent{payloadType=SafeModeStatus, name='SafeModeStatus'}
2019-09-25 12:48:50,929 [main] INFO  ipc.CallQueueManager (CallQueueManager.java:<init>(84)) - Using callQueue: class java.util.concurrent.LinkedBlockingQueue, queueCapacity: 2000, scheduler: class org.apache.hadoop.ipc.DefaultRpcScheduler, ipcBackoff: false.
2019-09-25 12:48:50,930 [Socket Reader #1 for port 43689] INFO  ipc.Server (Server.java:run(1074)) - Starting Socket Reader #1 for port 43689
2019-09-25 12:48:50,933 [main] INFO  ipc.CallQueueManager (CallQueueManager.java:<init>(84)) - Using callQueue: class java.util.concurrent.LinkedBlockingQueue, queueCapacity: 2000, scheduler: class org.apache.hadoop.ipc.DefaultRpcScheduler, ipcBackoff: false.
2019-09-25 12:48:50,934 [Socket Reader #1 for port 46246] INFO  ipc.Server (Server.java:run(1074)) - Starting Socket Reader #1 for port 46246
2019-09-25 12:48:50,936 [main] INFO  ipc.CallQueueManager (CallQueueManager.java:<init>(84)) - Using callQueue: class java.util.concurrent.LinkedBlockingQueue, queueCapacity: 2000, scheduler: class org.apache.hadoop.ipc.DefaultRpcScheduler, ipcBackoff: false.
2019-09-25 12:48:50,937 [Socket Reader #1 for port 43260] INFO  ipc.Server (Server.java:run(1074)) - Starting Socket Reader #1 for port 43260
2019-09-25 12:48:50,943 [main] INFO  hdfs.DFSUtil (DFSUtil.java:httpServerTemplateForNNAndJN(1641)) - Starting Web-server for scm at: http://0.0.0.0:0
2019-09-25 12:48:50,947 [main] INFO  server.AuthenticationFilter (AuthenticationFilter.java:constructSecretProvider(240)) - Unable to initialize FileSignerSecretProvider, falling back to use random secrets.
2019-09-25 12:48:50,948 [main] WARN  http.HttpRequestLog (HttpRequestLog.java:getRequestLog(97)) - Jetty request log can only be enabled using Log4j
2019-09-25 12:48:50,952 [main] INFO  http.HttpServer2 (HttpServer2.java:addGlobalFilter(975)) - Added global filter 'safety' (class=org.apache.hadoop.http.HttpServer2$QuotingInputFilter)
2019-09-25 12:48:50,953 [main] INFO  http.HttpServer2 (HttpServer2.java:addFilter(948)) - Added filter static_user_filter (class=org.apache.hadoop.http.lib.StaticUserWebFilter$StaticUserFilter) to context scm
2019-09-25 12:48:50,953 [main] INFO  http.HttpServer2 (HttpServer2.java:addFilter(958)) - Added filter static_user_filter (class=org.apache.hadoop.http.lib.StaticUserWebFilter$StaticUserFilter) to context static
2019-09-25 12:48:50,953 [main] INFO  http.HttpServer2 (HttpServer2.java:addFilter(958)) - Added filter static_user_filter (class=org.apache.hadoop.http.lib.StaticUserWebFilter$StaticUserFilter) to context logs
2019-09-25 12:48:50,956 [main] INFO  server.StorageContainerManager (StorageContainerManager.java:start(770)) - StorageContainerLocationProtocol RPC server is listening at /0.0.0.0:43260
2019-09-25 12:48:50,958 [main] WARN  impl.MetricsConfig (MetricsConfig.java:loadFirst(134)) - Cannot locate configuration: tried hadoop-metrics2-storagecontainermanager.properties,hadoop-metrics2.properties
2019-09-25 12:48:50,960 [main] INFO  impl.MetricsSystemImpl (MetricsSystemImpl.java:startTimer(374)) - Scheduled Metric snapshot period at 10 second(s).
2019-09-25 12:48:50,960 [main] INFO  impl.MetricsSystemImpl (MetricsSystemImpl.java:start(191)) - StorageContainerManager metrics system started
2019-09-25 12:48:50,990 [main] WARN  impl.MetricsSystemImpl (MetricsSystemImpl.java:register(276)) - Sink prometheus already exists!
2019-09-25 12:48:51,058 [main] INFO  server.SCMClientProtocolServer (SCMClientProtocolServer.java:start(151)) - RPC server for Client  is listening at /0.0.0.0:43260
2019-09-25 12:48:51,058 [IPC Server Responder] INFO  ipc.Server (Server.java:run(1314)) - IPC Server Responder: starting
2019-09-25 12:48:51,058 [IPC Server listener on 43260] INFO  ipc.Server (Server.java:run(1153)) - IPC Server listener on 43260: starting
2019-09-25 12:48:51,063 [main] INFO  server.StorageContainerManager (StorageContainerManager.java:start(780)) - ScmBlockLocationProtocol RPC server is listening at /0.0.0.0:46246
2019-09-25 12:48:51,064 [main] INFO  server.SCMBlockProtocolServer (SCMBlockProtocolServer.java:start(146)) - RPC server for Block Protocol is listening at /0.0.0.0:46246
2019-09-25 12:48:51,064 [IPC Server listener on 46246] INFO  ipc.Server (Server.java:run(1153)) - IPC Server listener on 46246: starting
2019-09-25 12:48:51,064 [IPC Server Responder] INFO  ipc.Server (Server.java:run(1314)) - IPC Server Responder: starting
2019-09-25 12:48:51,068 [main] INFO  server.StorageContainerManager (StorageContainerManager.java:start(784)) - ScmDatanodeProtocl RPC server is listening at /0.0.0.0:43689
2019-09-25 12:48:51,068 [main] INFO  server.SCMDatanodeProtocolServer (SCMDatanodeProtocolServer.java:start(191)) - RPC server for DataNodes is listening at /0.0.0.0:43689
2019-09-25 12:48:51,069 [IPC Server Responder] INFO  ipc.Server (Server.java:run(1314)) - IPC Server Responder: starting
2019-09-25 12:48:51,069 [IPC Server listener on 43689] INFO  ipc.Server (Server.java:run(1153)) - IPC Server listener on 43689: starting
2019-09-25 12:48:51,082 [main] INFO  http.HttpServer2 (HttpServer2.java:bindListener(1191)) - Jetty bound to port 42866
2019-09-25 12:48:51,082 [main] INFO  server.Server (Server.java:doStart(351)) - jetty-9.3.25.v20180904, build timestamp: 2018-09-04T21:11:46Z, git hash: 3ce520221d0240229c862b122d2b06c12a625732
2019-09-25 12:48:51,085 [main] INFO  handler.ContextHandler (ContextHandler.java:doStart(781)) - Started o.e.j.s.ServletContextHandler@a0c5be{/logs,file:///workdir/hadoop-ozone/ozonefs/target/log,AVAILABLE}
2019-09-25 12:48:51,085 [main] INFO  handler.ContextHandler (ContextHandler.java:doStart(781)) - Started o.e.j.s.ServletContextHandler@14efa279{/static,jar:file:/home/user/.m2/repository/org/apache/hadoop/hadoop-hdds-server-scm/0.5.0-SNAPSHOT/hadoop-hdds-server-scm-0.5.0-SNAPSHOT.jar!/webapps/static,AVAILABLE}
2019-09-25 12:48:51,148 [main] INFO  handler.ContextHandler (ContextHandler.java:doStart(781)) - Started o.e.j.w.WebAppContext@16cf8438{/,file:///tmp/jetty-0.0.0.0-42866-scm-_-any-541815707136663793.dir/webapp/,AVAILABLE}{/scm}
2019-09-25 12:48:51,149 [main] INFO  server.AbstractConnector (AbstractConnector.java:doStart(278)) - Started ServerConnector@3e5beab5{HTTP/1.1,[http/1.1]}{0.0.0.0:42866}
2019-09-25 12:48:51,151 [main] INFO  server.Server (Server.java:doStart(419)) - Started @89358ms
2019-09-25 12:48:51,151 [main] WARN  impl.MetricsSystemImpl (MetricsSystemImpl.java:register(276)) - Sink prometheus already exists!
2019-09-25 12:48:51,152 [main] INFO  server.BaseHttpServer (BaseHttpServer.java:updateConnectorAddress(215)) - HTTP server of SCM is listening at http://0.0.0.0:42866
2019-09-25 12:48:51,153 [main] WARN  server.ServerUtils (ServerUtils.java:getDBPath(222)) - ozone.om.db.dirs is not configured. We recommend adding this setting. Falling back to ozone.metadata.dirs instead.
2019-09-25 12:48:51,154 [org.apache.hadoop.util.JvmPauseMonitor$Monitor@33ec2c0c] INFO  util.JvmPauseMonitor (JvmPauseMonitor.java:run(188)) - Starting JVM pause monitor
2019-09-25 12:48:51,168 [main] WARN  server.ServerUtils (ServerUtils.java:getDBPath(222)) - ozone.om.db.dirs is not configured. We recommend adding this setting. Falling back to ozone.metadata.dirs instead.
2019-09-25 12:48:51,168 [main] WARN  server.ServerUtils (ServerUtils.java:getDBPath(222)) - ozone.om.db.dirs is not configured. We recommend adding this setting. Falling back to ozone.metadata.dirs instead.
2019-09-25 12:48:51,169 [main] INFO  om.OzoneManager (OzoneManager.java:setOMNodeDetails(652)) - OM Service ID is not set. Setting it to the default ID: omServiceIdDefault
2019-09-25 12:48:51,169 [main] INFO  om.OzoneManager (OzoneManager.java:setOMNodeDetails(658)) - OM Node ID is not set. Setting it to the OmStorage's OmID: 8b59c5c7-1096-4bc0-8b38-e04437c98699
2019-09-25 12:48:51,169 [main] INFO  om.OzoneManager (OzoneManager.java:loadOMHAConfigs(609)) - Found matching OM address with OMServiceId: null, OMNodeId: null, RPC Address: localhost:0 and Ratis port: 9872
2019-09-25 12:48:51,187 [main] WARN  server.ServerUtils (ServerUtils.java:getDBPath(222)) - ozone.om.db.dirs is not configured. We recommend adding this setting. Falling back to ozone.metadata.dirs instead.
2019-09-25 12:48:51,187 [main] INFO  db.DBStoreBuilder (DBStoreBuilder.java:addTable(110)) - using custom profile for table: userTable
2019-09-25 12:48:51,187 [main] INFO  db.DBStoreBuilder (DBStoreBuilder.java:processTables(161)) - Using default column profile:DBProfile.DISK for Table:userTable
2019-09-25 12:48:51,187 [main] INFO  db.DBStoreBuilder (DBStoreBuilder.java:addTable(110)) - using custom profile for table: volumeTable
2019-09-25 12:48:51,188 [main] INFO  db.DBStoreBuilder (DBStoreBuilder.java:processTables(161)) - Using default column profile:DBProfile.DISK for Table:volumeTable
2019-09-25 12:48:51,188 [main] INFO  db.DBStoreBuilder (DBStoreBuilder.java:addTable(110)) - using custom profile for table: bucketTable
2019-09-25 12:48:51,188 [main] INFO  db.DBStoreBuilder (DBStoreBuilder.java:processTables(161)) - Using default column profile:DBProfile.DISK for Table:bucketTable
2019-09-25 12:48:51,188 [main] INFO  db.DBStoreBuilder (DBStoreBuilder.java:addTable(110)) - using custom profile for table: keyTable
2019-09-25 12:48:51,188 [main] INFO  db.DBStoreBuilder (DBStoreBuilder.java:processTables(161)) - Using default column profile:DBProfile.DISK for Table:keyTable
2019-09-25 12:48:51,188 [main] INFO  db.DBStoreBuilder (DBStoreBuilder.java:addTable(110)) - using custom profile for table: deletedTable
2019-09-25 12:48:51,189 [main] INFO  db.DBStoreBuilder (DBStoreBuilder.java:processTables(161)) - Using default column profile:DBProfile.DISK for Table:deletedTable
2019-09-25 12:48:51,189 [main] INFO  db.DBStoreBuilder (DBStoreBuilder.java:addTable(110)) - using custom profile for table: openKeyTable
2019-09-25 12:48:51,189 [main] INFO  db.DBStoreBuilder (DBStoreBuilder.java:processTables(161)) - Using default column profile:DBProfile.DISK for Table:openKeyTable
2019-09-25 12:48:51,189 [main] INFO  db.DBStoreBuilder (DBStoreBuilder.java:addTable(110)) - using custom profile for table: s3Table
2019-09-25 12:48:51,189 [main] INFO  db.DBStoreBuilder (DBStoreBuilder.java:processTables(161)) - Using default column profile:DBProfile.DISK for Table:s3Table
2019-09-25 12:48:51,189 [main] INFO  db.DBStoreBuilder (DBStoreBuilder.java:addTable(110)) - using custom profile for table: multipartInfoTable
2019-09-25 12:48:51,189 [main] INFO  db.DBStoreBuilder (DBStoreBuilder.java:processTables(161)) - Using default column profile:DBProfile.DISK for Table:multipartInfoTable
2019-09-25 12:48:51,190 [main] INFO  db.DBStoreBuilder (DBStoreBuilder.java:addTable(110)) - using custom profile for table: dTokenTable
2019-09-25 12:48:51,190 [main] INFO  db.DBStoreBuilder (DBStoreBuilder.java:processTables(161)) - Using default column profile:DBProfile.DISK for Table:dTokenTable
2019-09-25 12:48:51,190 [main] INFO  db.DBStoreBuilder (DBStoreBuilder.java:addTable(110)) - using custom profile for table: s3SecretTable
2019-09-25 12:48:51,190 [main] INFO  db.DBStoreBuilder (DBStoreBuilder.java:processTables(161)) - Using default column profile:DBProfile.DISK for Table:s3SecretTable
2019-09-25 12:48:51,190 [main] INFO  db.DBStoreBuilder (DBStoreBuilder.java:addTable(110)) - using custom profile for table: prefixTable
2019-09-25 12:48:51,190 [main] INFO  db.DBStoreBuilder (DBStoreBuilder.java:processTables(161)) - Using default column profile:DBProfile.DISK for Table:prefixTable
2019-09-25 12:48:51,191 [main] INFO  db.DBStoreBuilder (DBStoreBuilder.java:addTable(110)) - using custom profile for table: default
2019-09-25 12:48:51,191 [main] INFO  db.DBStoreBuilder (DBStoreBuilder.java:processTables(167)) - Using default column profile:DBProfile.DISK for Table:default
2019-09-25 12:48:51,191 [main] INFO  db.DBStoreBuilder (DBStoreBuilder.java:getDbProfile(198)) - Using default options. DBProfile.DISK
2019-09-25 12:48:51,643 [main] INFO  ipc.CallQueueManager (CallQueueManager.java:<init>(84)) - Using callQueue: class java.util.concurrent.LinkedBlockingQueue, queueCapacity: 2000, scheduler: class org.apache.hadoop.ipc.DefaultRpcScheduler, ipcBackoff: false.
2019-09-25 12:48:51,643 [Socket Reader #1 for port 44042] INFO  ipc.Server (Server.java:run(1074)) - Starting Socket Reader #1 for port 44042
2019-09-25 12:48:51,662 [main] INFO  om.OzoneManager (OzoneManager.java:start(1243)) - OzoneManager RPC server is listening at localhost/127.0.0.1:44042
2019-09-25 12:48:51,662 [main] INFO  impl.MetricsSystemImpl (MetricsSystemImpl.java:init(158)) - OzoneManager metrics system started (again)
2019-09-25 12:48:51,663 [IPC Server Responder] INFO  ipc.Server (Server.java:run(1314)) - IPC Server Responder: starting
2019-09-25 12:48:51,663 [IPC Server listener on 44042] INFO  ipc.Server (Server.java:run(1153)) - IPC Server listener on 44042: starting
2019-09-25 12:48:51,669 [main] INFO  hdfs.DFSUtil (DFSUtil.java:httpServerTemplateForNNAndJN(1641)) - Starting Web-server for ozoneManager at: http://0.0.0.0:0
2019-09-25 12:48:51,672 [main] INFO  server.AuthenticationFilter (AuthenticationFilter.java:constructSecretProvider(240)) - Unable to initialize FileSignerSecretProvider, falling back to use random secrets.
2019-09-25 12:48:51,673 [main] WARN  http.HttpRequestLog (HttpRequestLog.java:getRequestLog(97)) - Jetty request log can only be enabled using Log4j
2019-09-25 12:48:51,675 [main] INFO  http.HttpServer2 (HttpServer2.java:addGlobalFilter(975)) - Added global filter 'safety' (class=org.apache.hadoop.http.HttpServer2$QuotingInputFilter)
2019-09-25 12:48:51,676 [main] INFO  http.HttpServer2 (HttpServer2.java:addFilter(948)) - Added filter static_user_filter (class=org.apache.hadoop.http.lib.StaticUserWebFilter$StaticUserFilter) to context ozoneManager
2019-09-25 12:48:51,677 [main] INFO  http.HttpServer2 (HttpServer2.java:addFilter(958)) - Added filter static_user_filter (class=org.apache.hadoop.http.lib.StaticUserWebFilter$StaticUserFilter) to context logs
2019-09-25 12:48:51,677 [main] INFO  http.HttpServer2 (HttpServer2.java:addFilter(958)) - Added filter static_user_filter (class=org.apache.hadoop.http.lib.StaticUserWebFilter$StaticUserFilter) to context static
2019-09-25 12:48:51,678 [main] INFO  http.HttpServer2 (HttpServer2.java:bindListener(1191)) - Jetty bound to port 41338
2019-09-25 12:48:51,678 [main] INFO  server.Server (Server.java:doStart(351)) - jetty-9.3.25.v20180904, build timestamp: 2018-09-04T21:11:46Z, git hash: 3ce520221d0240229c862b122d2b06c12a625732
2019-09-25 12:48:51,680 [main] INFO  handler.ContextHandler (ContextHandler.java:doStart(781)) - Started o.e.j.s.ServletContextHandler@5c8d58ed{/logs,file:///workdir/hadoop-ozone/ozonefs/target/log,AVAILABLE}
2019-09-25 12:48:51,681 [main] INFO  handler.ContextHandler (ContextHandler.java:doStart(781)) - Started o.e.j.s.ServletContextHandler@28be7fec{/static,jar:file:/home/user/.m2/repository/org/apache/hadoop/hadoop-ozone-ozone-manager/0.5.0-SNAPSHOT/hadoop-ozone-ozone-manager-0.5.0-SNAPSHOT.jar!/webapps/static,AVAILABLE}
2019-09-25 12:48:51,725 [main] INFO  handler.ContextHandler (ContextHandler.java:doStart(781)) - Started o.e.j.w.WebAppContext@6222391a{/,file:///tmp/jetty-0.0.0.0-41338-ozoneManager-_-any-2192695154148979788.dir/webapp/,AVAILABLE}{/ozoneManager}
2019-09-25 12:48:51,725 [main] INFO  server.AbstractConnector (AbstractConnector.java:doStart(278)) - Started ServerConnector@538a2f0e{HTTP/1.1,[http/1.1]}{0.0.0.0:41338}
2019-09-25 12:48:51,727 [main] INFO  server.Server (Server.java:doStart(419)) - Started @89934ms
2019-09-25 12:48:51,727 [main] WARN  impl.MetricsSystemImpl (MetricsSystemImpl.java:register(276)) - Sink prometheus already exists!
2019-09-25 12:48:51,729 [main] INFO  server.BaseHttpServer (BaseHttpServer.java:updateConnectorAddress(215)) - HTTP server of OZONEMANAGER is listening at http://0.0.0.0:41338
2019-09-25 12:48:51,740 [main] INFO  impl.MetricsSystemImpl (MetricsSystemImpl.java:init(158)) - HddsDatanode metrics system started (again)
2019-09-25 12:48:51,745 [main] INFO  ozone.HddsDatanodeService (HddsDatanodeService.java:start(184)) - HddsDatanodeService host:pr-hdds-1569-shd4m-3693607622 ip:192.168.151.73
2019-09-25 12:48:51,752 [main] INFO  volume.HddsVolume (HddsVolume.java:<init>(176)) - Creating Volume: /workdir/hadoop-ozone/ozonefs/target/test-dir/MiniOzoneClusterImpl-f5305ca6-33bd-4b6f-9102-c854bc6f4652/datanode-0/data/containers/hdds of  storage type : DISK and capacity : 1482555576320
2019-09-25 12:48:51,753 [main] INFO  volume.VolumeSet (VolumeSet.java:initializeVolumeSet(170)) - Added Volume : /workdir/hadoop-ozone/ozonefs/target/test-dir/MiniOzoneClusterImpl-f5305ca6-33bd-4b6f-9102-c854bc6f4652/datanode-0/data/containers/hdds to VolumeSet
2019-09-25 12:48:51,753 [main] INFO  volume.ThrottledAsyncChecker (ThrottledAsyncChecker.java:schedule(139)) - Scheduling a check for org.apache.hadoop.ozone.container.common.volume.HddsVolume@3fb450d7
2019-09-25 12:48:51,754 [main] INFO  volume.HddsVolumeChecker (HddsVolumeChecker.java:checkAllVolumes(202)) - Scheduled health check for volume org.apache.hadoop.ozone.container.common.volume.HddsVolume@3fb450d7
2019-09-25 12:48:51,779 [main] INFO  impl.RaftServerProxy (ConfUtils.java:logGet(43)) - raft.rpc.type = GRPC (default)
2019-09-25 12:48:51,779 [main] INFO  grpc.GrpcFactory (GrpcFactory.java:checkPooledByteBufAllocatorUseCacheForAllThreads(45)) - PERFORMANCE WARNING: useCacheForAllThreads is true that may cause Netty to create a lot garbage objects and, as a result, trigger GC.
	It is recommended to disable useCacheForAllThreads by setting -Dorg.apache.ratis.thirdparty.io.netty.allocator.useCacheForAllThreads=false in command line.
2019-09-25 12:48:51,780 [main] INFO  grpc.GrpcConfigKeys$Server (ConfUtils.java:logGet(43)) - raft.grpc.server.port = 0 (default)
2019-09-25 12:48:51,780 [main] INFO  server.GrpcService (ConfUtils.java:logGet(43)) - raft.grpc.message.size.max = 33570816 (custom)
2019-09-25 12:48:51,780 [main] INFO  server.RaftServerConfigKeys (ConfUtils.java:logGet(43)) - raft.server.log.appender.buffer.byte-limit = 33554432 (custom)
2019-09-25 12:48:51,780 [main] INFO  server.GrpcService (ConfUtils.java:logGet(43)) - raft.grpc.flow.control.window = 1MB (=1048576) (default)
2019-09-25 12:48:51,781 [main] INFO  server.RaftServerConfigKeys (ConfUtils.java:logGet(43)) - raft.server.rpc.request.timeout = 3000ms (default)
2019-09-25 12:48:51,782 [main] INFO  server.RaftServerConfigKeys (ConfUtils.java:logGet(43)) - raft.server.storage.dir = [/workdir/hadoop-ozone/ozonefs/target/test-dir/MiniOzoneClusterImpl-f5305ca6-33bd-4b6f-9102-c854bc6f4652/datanode-0/data/ratis] (custom)
2019-09-25 12:48:51,784 [main] INFO  hdfs.DFSUtil (DFSUtil.java:httpServerTemplateForNNAndJN(1641)) - Starting Web-server for hddsDatanode at: http://0.0.0.0:0
2019-09-25 12:48:51,786 [main] INFO  server.AuthenticationFilter (AuthenticationFilter.java:constructSecretProvider(240)) - Unable to initialize FileSignerSecretProvider, falling back to use random secrets.
2019-09-25 12:48:51,786 [main] WARN  http.HttpRequestLog (HttpRequestLog.java:getRequestLog(97)) - Jetty request log can only be enabled using Log4j
2019-09-25 12:48:51,788 [main] INFO  http.HttpServer2 (HttpServer2.java:addGlobalFilter(975)) - Added global filter 'safety' (class=org.apache.hadoop.http.HttpServer2$QuotingInputFilter)
2019-09-25 12:48:51,789 [main] INFO  http.HttpServer2 (HttpServer2.java:addFilter(948)) - Added filter static_user_filter (class=org.apache.hadoop.http.lib.StaticUserWebFilter$StaticUserFilter) to context hddsDatanode
2019-09-25 12:48:51,789 [main] INFO  http.HttpServer2 (HttpServer2.java:addFilter(958)) - Added filter static_user_filter (class=org.apache.hadoop.http.lib.StaticUserWebFilter$StaticUserFilter) to context static
2019-09-25 12:48:51,789 [main] INFO  http.HttpServer2 (HttpServer2.java:addFilter(958)) - Added filter static_user_filter (class=org.apache.hadoop.http.lib.StaticUserWebFilter$StaticUserFilter) to context logs
2019-09-25 12:48:51,790 [main] INFO  http.HttpServer2 (HttpServer2.java:bindListener(1191)) - Jetty bound to port 40936
2019-09-25 12:48:51,790 [main] INFO  server.Server (Server.java:doStart(351)) - jetty-9.3.25.v20180904, build timestamp: 2018-09-04T21:11:46Z, git hash: 3ce520221d0240229c862b122d2b06c12a625732
2019-09-25 12:48:51,792 [main] INFO  handler.ContextHandler (ContextHandler.java:doStart(781)) - Started o.e.j.s.ServletContextHandler@22791b75{/logs,file:///workdir/hadoop-ozone/ozonefs/target/log,AVAILABLE}
2019-09-25 12:48:51,792 [main] INFO  handler.ContextHandler (ContextHandler.java:doStart(781)) - Started o.e.j.s.ServletContextHandler@37d28938{/static,jar:file:/home/user/.m2/repository/org/apache/hadoop/hadoop-hdds-container-service/0.5.0-SNAPSHOT/hadoop-hdds-container-service-0.5.0-SNAPSHOT.jar!/webapps/static,AVAILABLE}
2019-09-25 12:48:51,819 [main] INFO  handler.ContextHandler (ContextHandler.java:doStart(781)) - Started o.e.j.w.WebAppContext@12192604{/,file:///tmp/jetty-0.0.0.0-40936-hddsDatanode-_-any-5314520912512552748.dir/webapp/,AVAILABLE}{/hddsDatanode}
2019-09-25 12:48:51,820 [main] INFO  server.AbstractConnector (AbstractConnector.java:doStart(278)) - Started ServerConnector@6075b369{HTTP/1.1,[http/1.1]}{0.0.0.0:40936}
2019-09-25 12:48:51,821 [main] INFO  server.Server (Server.java:doStart(419)) - Started @90028ms
2019-09-25 12:48:51,821 [main] WARN  impl.MetricsSystemImpl (MetricsSystemImpl.java:register(276)) - Sink prometheus already exists!
2019-09-25 12:48:51,822 [main] INFO  server.BaseHttpServer (BaseHttpServer.java:updateConnectorAddress(215)) - HTTP server of HDDSDATANODE is listening at http://0.0.0.0:40936
2019-09-25 12:48:51,822 [main] INFO  impl.MetricsSystemImpl (MetricsSystemImpl.java:init(158)) - HddsDatanode metrics system started (again)
2019-09-25 12:48:51,826 [org.apache.hadoop.util.JvmPauseMonitor$Monitor@6c156c06] INFO  util.JvmPauseMonitor (JvmPauseMonitor.java:run(188)) - Starting JVM pause monitor
2019-09-25 12:48:51,827 [main] INFO  ozone.HddsDatanodeService (HddsDatanodeService.java:start(184)) - HddsDatanodeService host:pr-hdds-1569-shd4m-3693607622 ip:192.168.151.73
2019-09-25 12:48:51,830 [Datanode State Machine Thread - 0] INFO  datanode.InitDatanodeState (InitDatanodeState.java:persistContainerDatanodeDetails(140)) - DatanodeDetails is persisted to /workdir/hadoop-ozone/ozonefs/target/test-dir/MiniOzoneClusterImpl-f5305ca6-33bd-4b6f-9102-c854bc6f4652/datanode-0/meta/datanode.id
2019-09-25 12:48:51,834 [main] INFO  volume.HddsVolume (HddsVolume.java:<init>(176)) - Creating Volume: /workdir/hadoop-ozone/ozonefs/target/test-dir/MiniOzoneClusterImpl-f5305ca6-33bd-4b6f-9102-c854bc6f4652/datanode-1/data/containers/hdds of  storage type : DISK and capacity : 1482555576320
2019-09-25 12:48:51,834 [main] INFO  volume.VolumeSet (VolumeSet.java:initializeVolumeSet(170)) - Added Volume : /workdir/hadoop-ozone/ozonefs/target/test-dir/MiniOzoneClusterImpl-f5305ca6-33bd-4b6f-9102-c854bc6f4652/datanode-1/data/containers/hdds to VolumeSet
2019-09-25 12:48:51,835 [main] INFO  volume.ThrottledAsyncChecker (ThrottledAsyncChecker.java:schedule(139)) - Scheduling a check for org.apache.hadoop.ozone.container.common.volume.HddsVolume@2eb0cefe
2019-09-25 12:48:51,835 [main] INFO  volume.HddsVolumeChecker (HddsVolumeChecker.java:checkAllVolumes(202)) - Scheduled health check for volume org.apache.hadoop.ozone.container.common.volume.HddsVolume@2eb0cefe
2019-09-25 12:48:51,863 [main] INFO  impl.RaftServerProxy (ConfUtils.java:logGet(43)) - raft.rpc.type = GRPC (default)
2019-09-25 12:48:51,863 [main] INFO  grpc.GrpcFactory (GrpcFactory.java:checkPooledByteBufAllocatorUseCacheForAllThreads(45)) - PERFORMANCE WARNING: useCacheForAllThreads is true that may cause Netty to create a lot garbage objects and, as a result, trigger GC.
	It is recommended to disable useCacheForAllThreads by setting -Dorg.apache.ratis.thirdparty.io.netty.allocator.useCacheForAllThreads=false in command line.
2019-09-25 12:48:51,863 [main] INFO  grpc.GrpcConfigKeys$Server (ConfUtils.java:logGet(43)) - raft.grpc.server.port = 0 (default)
2019-09-25 12:48:51,864 [main] INFO  server.GrpcService (ConfUtils.java:logGet(43)) - raft.grpc.message.size.max = 33570816 (custom)
2019-09-25 12:48:51,864 [main] INFO  server.RaftServerConfigKeys (ConfUtils.java:logGet(43)) - raft.server.log.appender.buffer.byte-limit = 33554432 (custom)
2019-09-25 12:48:51,864 [main] INFO  server.GrpcService (ConfUtils.java:logGet(43)) - raft.grpc.flow.control.window = 1MB (=1048576) (default)
2019-09-25 12:48:51,865 [main] INFO  server.RaftServerConfigKeys (ConfUtils.java:logGet(43)) - raft.server.rpc.request.timeout = 3000ms (default)
2019-09-25 12:48:51,865 [main] INFO  server.RaftServerConfigKeys (ConfUtils.java:logGet(43)) - raft.server.storage.dir = [/workdir/hadoop-ozone/ozonefs/target/test-dir/MiniOzoneClusterImpl-f5305ca6-33bd-4b6f-9102-c854bc6f4652/datanode-1/data/ratis] (custom)
2019-09-25 12:48:51,866 [main] INFO  hdfs.DFSUtil (DFSUtil.java:httpServerTemplateForNNAndJN(1641)) - Starting Web-server for hddsDatanode at: http://0.0.0.0:0
2019-09-25 12:48:51,868 [main] INFO  server.AuthenticationFilter (AuthenticationFilter.java:constructSecretProvider(240)) - Unable to initialize FileSignerSecretProvider, falling back to use random secrets.
2019-09-25 12:48:51,869 [main] WARN  http.HttpRequestLog (HttpRequestLog.java:getRequestLog(97)) - Jetty request log can only be enabled using Log4j
2019-09-25 12:48:51,870 [main] INFO  http.HttpServer2 (HttpServer2.java:addGlobalFilter(975)) - Added global filter 'safety' (class=org.apache.hadoop.http.HttpServer2$QuotingInputFilter)
2019-09-25 12:48:51,871 [main] INFO  http.HttpServer2 (HttpServer2.java:addFilter(948)) - Added filter static_user_filter (class=org.apache.hadoop.http.lib.StaticUserWebFilter$StaticUserFilter) to context hddsDatanode
2019-09-25 12:48:51,871 [main] INFO  http.HttpServer2 (HttpServer2.java:addFilter(958)) - Added filter static_user_filter (class=org.apache.hadoop.http.lib.StaticUserWebFilter$StaticUserFilter) to context static
2019-09-25 12:48:51,871 [main] INFO  http.HttpServer2 (HttpServer2.java:addFilter(958)) - Added filter static_user_filter (class=org.apache.hadoop.http.lib.StaticUserWebFilter$StaticUserFilter) to context logs
2019-09-25 12:48:51,872 [main] INFO  http.HttpServer2 (HttpServer2.java:bindListener(1191)) - Jetty bound to port 43605
2019-09-25 12:48:51,872 [main] INFO  server.Server (Server.java:doStart(351)) - jetty-9.3.25.v20180904, build timestamp: 2018-09-04T21:11:46Z, git hash: 3ce520221d0240229c862b122d2b06c12a625732
2019-09-25 12:48:51,873 [main] INFO  handler.ContextHandler (ContextHandler.java:doStart(781)) - Started o.e.j.s.ServletContextHandler@23bd0c81{/logs,file:///workdir/hadoop-ozone/ozonefs/target/log,AVAILABLE}
2019-09-25 12:48:51,874 [main] INFO  handler.ContextHandler (ContextHandler.java:doStart(781)) - Started o.e.j.s.ServletContextHandler@544e3679{/static,jar:file:/home/user/.m2/repository/org/apache/hadoop/hadoop-hdds-container-service/0.5.0-SNAPSHOT/hadoop-hdds-container-service-0.5.0-SNAPSHOT.jar!/webapps/static,AVAILABLE}
2019-09-25 12:48:51,905 [main] INFO  handler.ContextHandler (ContextHandler.java:doStart(781)) - Started o.e.j.w.WebAppContext@3a3f96ab{/,file:///tmp/jetty-0.0.0.0-43605-hddsDatanode-_-any-5941338344619582884.dir/webapp/,AVAILABLE}{/hddsDatanode}
2019-09-25 12:48:51,906 [main] INFO  server.AbstractConnector (AbstractConnector.java:doStart(278)) - Started ServerConnector@4def7d36{HTTP/1.1,[http/1.1]}{0.0.0.0:43605}
2019-09-25 12:48:51,907 [main] INFO  server.Server (Server.java:doStart(419)) - Started @90114ms
2019-09-25 12:48:51,907 [main] WARN  impl.MetricsSystemImpl (MetricsSystemImpl.java:register(276)) - Sink prometheus already exists!
2019-09-25 12:48:51,908 [main] INFO  server.BaseHttpServer (BaseHttpServer.java:updateConnectorAddress(215)) - HTTP server of HDDSDATANODE is listening at http://0.0.0.0:43605
2019-09-25 12:48:51,908 [main] INFO  impl.MetricsSystemImpl (MetricsSystemImpl.java:init(158)) - HddsDatanode metrics system started (again)
2019-09-25 12:48:51,912 [org.apache.hadoop.util.JvmPauseMonitor$Monitor@56182d75] INFO  util.JvmPauseMonitor (JvmPauseMonitor.java:run(188)) - Starting JVM pause monitor
2019-09-25 12:48:51,912 [main] INFO  ozone.HddsDatanodeService (HddsDatanodeService.java:start(184)) - HddsDatanodeService host:pr-hdds-1569-shd4m-3693607622 ip:192.168.151.73
2019-09-25 12:48:51,914 [Datanode State Machine Thread - 0] INFO  datanode.InitDatanodeState (InitDatanodeState.java:persistContainerDatanodeDetails(140)) - DatanodeDetails is persisted to /workdir/hadoop-ozone/ozonefs/target/test-dir/MiniOzoneClusterImpl-f5305ca6-33bd-4b6f-9102-c854bc6f4652/datanode-1/meta/datanode.id
2019-09-25 12:48:51,918 [main] INFO  volume.HddsVolume (HddsVolume.java:<init>(176)) - Creating Volume: /workdir/hadoop-ozone/ozonefs/target/test-dir/MiniOzoneClusterImpl-f5305ca6-33bd-4b6f-9102-c854bc6f4652/datanode-2/data/containers/hdds of  storage type : DISK and capacity : 1482555576320
2019-09-25 12:48:51,918 [main] INFO  volume.VolumeSet (VolumeSet.java:initializeVolumeSet(170)) - Added Volume : /workdir/hadoop-ozone/ozonefs/target/test-dir/MiniOzoneClusterImpl-f5305ca6-33bd-4b6f-9102-c854bc6f4652/datanode-2/data/containers/hdds to VolumeSet
2019-09-25 12:48:51,918 [main] INFO  volume.ThrottledAsyncChecker (ThrottledAsyncChecker.java:schedule(139)) - Scheduling a check for org.apache.hadoop.ozone.container.common.volume.HddsVolume@6812c8cc
2019-09-25 12:48:51,919 [main] INFO  volume.HddsVolumeChecker (HddsVolumeChecker.java:checkAllVolumes(202)) - Scheduled health check for volume org.apache.hadoop.ozone.container.common.volume.HddsVolume@6812c8cc
2019-09-25 12:48:51,935 [main] INFO  impl.RaftServerProxy (ConfUtils.java:logGet(43)) - raft.rpc.type = GRPC (default)
2019-09-25 12:48:51,936 [main] INFO  grpc.GrpcFactory (GrpcFactory.java:checkPooledByteBufAllocatorUseCacheForAllThreads(45)) - PERFORMANCE WARNING: useCacheForAllThreads is true that may cause Netty to create a lot garbage objects and, as a result, trigger GC.
	It is recommended to disable useCacheForAllThreads by setting -Dorg.apache.ratis.thirdparty.io.netty.allocator.useCacheForAllThreads=false in command line.
2019-09-25 12:48:51,936 [main] INFO  grpc.GrpcConfigKeys$Server (ConfUtils.java:logGet(43)) - raft.grpc.server.port = 0 (default)
2019-09-25 12:48:51,936 [main] INFO  server.GrpcService (ConfUtils.java:logGet(43)) - raft.grpc.message.size.max = 33570816 (custom)
2019-09-25 12:48:51,936 [main] INFO  server.RaftServerConfigKeys (ConfUtils.java:logGet(43)) - raft.server.log.appender.buffer.byte-limit = 33554432 (custom)
2019-09-25 12:48:51,936 [main] INFO  server.GrpcService (ConfUtils.java:logGet(43)) - raft.grpc.flow.control.window = 1MB (=1048576) (default)
2019-09-25 12:48:51,936 [main] INFO  server.RaftServerConfigKeys (ConfUtils.java:logGet(43)) - raft.server.rpc.request.timeout = 3000ms (default)
2019-09-25 12:48:51,937 [main] INFO  server.RaftServerConfigKeys (ConfUtils.java:logGet(43)) - raft.server.storage.dir = [/workdir/hadoop-ozone/ozonefs/target/test-dir/MiniOzoneClusterImpl-f5305ca6-33bd-4b6f-9102-c854bc6f4652/datanode-2/data/ratis] (custom)
2019-09-25 12:48:51,938 [main] INFO  hdfs.DFSUtil (DFSUtil.java:httpServerTemplateForNNAndJN(1641)) - Starting Web-server for hddsDatanode at: http://0.0.0.0:0
2019-09-25 12:48:51,939 [main] INFO  server.AuthenticationFilter (AuthenticationFilter.java:constructSecretProvider(240)) - Unable to initialize FileSignerSecretProvider, falling back to use random secrets.
2019-09-25 12:48:51,939 [main] WARN  http.HttpRequestLog (HttpRequestLog.java:getRequestLog(97)) - Jetty request log can only be enabled using Log4j
2019-09-25 12:48:51,941 [main] INFO  http.HttpServer2 (HttpServer2.java:addGlobalFilter(975)) - Added global filter 'safety' (class=org.apache.hadoop.http.HttpServer2$QuotingInputFilter)
2019-09-25 12:48:51,941 [main] INFO  http.HttpServer2 (HttpServer2.java:addFilter(948)) - Added filter static_user_filter (class=org.apache.hadoop.http.lib.StaticUserWebFilter$StaticUserFilter) to context hddsDatanode
2019-09-25 12:48:51,942 [main] INFO  http.HttpServer2 (HttpServer2.java:addFilter(958)) - Added filter static_user_filter (class=org.apache.hadoop.http.lib.StaticUserWebFilter$StaticUserFilter) to context logs
2019-09-25 12:48:51,942 [main] INFO  http.HttpServer2 (HttpServer2.java:addFilter(958)) - Added filter static_user_filter (class=org.apache.hadoop.http.lib.StaticUserWebFilter$StaticUserFilter) to context static
2019-09-25 12:48:51,942 [main] INFO  http.HttpServer2 (HttpServer2.java:bindListener(1191)) - Jetty bound to port 41777
2019-09-25 12:48:51,942 [main] INFO  server.Server (Server.java:doStart(351)) - jetty-9.3.25.v20180904, build timestamp: 2018-09-04T21:11:46Z, git hash: 3ce520221d0240229c862b122d2b06c12a625732
2019-09-25 12:48:51,944 [main] INFO  handler.ContextHandler (ContextHandler.java:doStart(781)) - Started o.e.j.s.ServletContextHandler@656842bc{/logs,file:///workdir/hadoop-ozone/ozonefs/target/log,AVAILABLE}
2019-09-25 12:48:51,944 [main] INFO  handler.ContextHandler (ContextHandler.java:doStart(781)) - Started o.e.j.s.ServletContextHandler@3dec3f87{/static,jar:file:/home/user/.m2/repository/org/apache/hadoop/hadoop-hdds-container-service/0.5.0-SNAPSHOT/hadoop-hdds-container-service-0.5.0-SNAPSHOT.jar!/webapps/static,AVAILABLE}
2019-09-25 12:48:51,968 [main] INFO  handler.ContextHandler (ContextHandler.java:doStart(781)) - Started o.e.j.w.WebAppContext@238291d4{/,file:///tmp/jetty-0.0.0.0-41777-hddsDatanode-_-any-1491063089940173808.dir/webapp/,AVAILABLE}{/hddsDatanode}
2019-09-25 12:48:51,968 [main] INFO  server.AbstractConnector (AbstractConnector.java:doStart(278)) - Started ServerConnector@34edd065{HTTP/1.1,[http/1.1]}{0.0.0.0:41777}
2019-09-25 12:48:51,970 [main] INFO  server.Server (Server.java:doStart(419)) - Started @90177ms
2019-09-25 12:48:51,970 [main] WARN  impl.MetricsSystemImpl (MetricsSystemImpl.java:register(276)) - Sink prometheus already exists!
2019-09-25 12:48:51,971 [main] INFO  server.BaseHttpServer (BaseHttpServer.java:updateConnectorAddress(215)) - HTTP server of HDDSDATANODE is listening at http://0.0.0.0:41777
2019-09-25 12:48:51,971 [main] INFO  ozone.MiniOzoneClusterImpl (MiniOzoneClusterImpl.java:lambda$waitForClusterToBeReady$0(147)) - Waiting for cluster to be ready. Got 0 of 3 DN Heartbeats.
2019-09-25 12:48:51,972 [org.apache.hadoop.util.JvmPauseMonitor$Monitor@40e7252e] INFO  util.JvmPauseMonitor (JvmPauseMonitor.java:run(188)) - Starting JVM pause monitor
2019-09-25 12:48:51,974 [Datanode State Machine Thread - 0] INFO  datanode.InitDatanodeState (InitDatanodeState.java:persistContainerDatanodeDetails(140)) - DatanodeDetails is persisted to /workdir/hadoop-ozone/ozonefs/target/test-dir/MiniOzoneClusterImpl-f5305ca6-33bd-4b6f-9102-c854bc6f4652/datanode-2/meta/datanode.id
2019-09-25 12:48:52,971 [main] INFO  ozone.MiniOzoneClusterImpl (MiniOzoneClusterImpl.java:lambda$waitForClusterToBeReady$0(147)) - Waiting for cluster to be ready. Got 0 of 3 DN Heartbeats.
2019-09-25 12:48:53,856 [Datanode State Machine Thread - 0] INFO  ozoneimpl.OzoneContainer (OzoneContainer.java:start(217)) - Attempting to start container services.
2019-09-25 12:48:53,858 [Datanode State Machine Thread - 0] INFO  ozoneimpl.OzoneContainer (OzoneContainer.java:startContainerScrub(179)) - Background container scanner has been disabled.
2019-09-25 12:48:53,859 [Datanode State Machine Thread - 0] INFO  ratis.XceiverServerRatis (XceiverServerRatis.java:start(411)) - Starting XceiverServerRatis e474d836-9357-4e4e-810d-bf6a0e77ec6f at port 0
2019-09-25 12:48:53,864 [Datanode State Machine Thread - 0] INFO  impl.RaftServerProxy (RaftServerProxy.java:lambda$start$3(299)) - e474d836-9357-4e4e-810d-bf6a0e77ec6f: start RPC server
2019-09-25 12:48:53,866 [Datanode State Machine Thread - 0] INFO  server.GrpcService (GrpcService.java:startImpl(158)) - e474d836-9357-4e4e-810d-bf6a0e77ec6f: GrpcService started, listening on 0.0.0.0/0.0.0.0:42228
2019-09-25 12:48:53,867 [Datanode State Machine Thread - 0] INFO  ratis.XceiverServerRatis (XceiverServerRatis.java:start(421)) - XceiverServerRatis e474d836-9357-4e4e-810d-bf6a0e77ec6f is started using port 42228
2019-09-25 12:48:53,868 [Datanode State Machine Thread - 0] INFO  server.XceiverServerGrpc (XceiverServerGrpc.java:start(149)) - XceiverServerGrpc e474d836-9357-4e4e-810d-bf6a0e77ec6f is started using port 34459
2019-09-25 12:48:53,939 [Datanode State Machine Thread - 0] INFO  ozoneimpl.OzoneContainer (OzoneContainer.java:start(217)) - Attempting to start container services.
2019-09-25 12:48:53,939 [Datanode State Machine Thread - 0] INFO  ozoneimpl.OzoneContainer (OzoneContainer.java:startContainerScrub(179)) - Background container scanner has been disabled.
2019-09-25 12:48:53,939 [Datanode State Machine Thread - 0] INFO  ratis.XceiverServerRatis (XceiverServerRatis.java:start(411)) - Starting XceiverServerRatis 3243c737-994e-484d-8a3b-380030115cc1 at port 0
2019-09-25 12:48:53,945 [Datanode State Machine Thread - 0] INFO  impl.RaftServerProxy (RaftServerProxy.java:lambda$start$3(299)) - 3243c737-994e-484d-8a3b-380030115cc1: start RPC server
2019-09-25 12:48:53,945 [Datanode State Machine Thread - 0] INFO  server.GrpcService (GrpcService.java:startImpl(158)) - 3243c737-994e-484d-8a3b-380030115cc1: GrpcService started, listening on 0.0.0.0/0.0.0.0:45992
2019-09-25 12:48:53,946 [Datanode State Machine Thread - 0] INFO  ratis.XceiverServerRatis (XceiverServerRatis.java:start(421)) - XceiverServerRatis 3243c737-994e-484d-8a3b-380030115cc1 is started using port 45992
2019-09-25 12:48:53,946 [Datanode State Machine Thread - 0] INFO  server.XceiverServerGrpc (XceiverServerGrpc.java:start(149)) - XceiverServerGrpc 3243c737-994e-484d-8a3b-380030115cc1 is started using port 43422
2019-09-25 12:48:53,972 [main] INFO  ozone.MiniOzoneClusterImpl (MiniOzoneClusterImpl.java:lambda$waitForClusterToBeReady$0(147)) - Waiting for cluster to be ready. Got 0 of 3 DN Heartbeats.
2019-09-25 12:48:53,986 [Datanode State Machine Thread - 0] INFO  ozoneimpl.OzoneContainer (OzoneContainer.java:start(217)) - Attempting to start container services.
2019-09-25 12:48:53,986 [Datanode State Machine Thread - 0] INFO  ozoneimpl.OzoneContainer (OzoneContainer.java:startContainerScrub(179)) - Background container scanner has been disabled.
2019-09-25 12:48:53,986 [Datanode State Machine Thread - 0] INFO  ratis.XceiverServerRatis (XceiverServerRatis.java:start(411)) - Starting XceiverServerRatis c5030f33-4cb5-4710-a89a-bba9e1e467b2 at port 0
2019-09-25 12:48:53,990 [Datanode State Machine Thread - 0] INFO  impl.RaftServerProxy (RaftServerProxy.java:lambda$start$3(299)) - c5030f33-4cb5-4710-a89a-bba9e1e467b2: start RPC server
2019-09-25 12:48:53,991 [Datanode State Machine Thread - 0] INFO  server.GrpcService (GrpcService.java:startImpl(158)) - c5030f33-4cb5-4710-a89a-bba9e1e467b2: GrpcService started, listening on 0.0.0.0/0.0.0.0:43395
2019-09-25 12:48:53,991 [Datanode State Machine Thread - 0] INFO  ratis.XceiverServerRatis (XceiverServerRatis.java:start(421)) - XceiverServerRatis c5030f33-4cb5-4710-a89a-bba9e1e467b2 is started using port 43395
2019-09-25 12:48:53,991 [Datanode State Machine Thread - 0] INFO  server.XceiverServerGrpc (XceiverServerGrpc.java:start(149)) - XceiverServerGrpc c5030f33-4cb5-4710-a89a-bba9e1e467b2 is started using port 39696
2019-09-25 12:48:54,972 [main] INFO  ozone.MiniOzoneClusterImpl (MiniOzoneClusterImpl.java:lambda$waitForClusterToBeReady$0(147)) - Waiting for cluster to be ready. Got 0 of 3 DN Heartbeats.
2019-09-25 12:48:55,830 [IPC Server handler 0 on 43689] INFO  net.NetworkTopology (NetworkTopologyImpl.java:add(111)) - Added a new node: /default-rack/e474d836-9357-4e4e-810d-bf6a0e77ec6f
2019-09-25 12:48:55,832 [IPC Server handler 0 on 43689] INFO  node.SCMNodeManager (SCMNodeManager.java:register(266)) - Registered Data node : e474d836-9357-4e4e-810d-bf6a0e77ec6f{ip: 192.168.151.73, host: pr-hdds-1569-shd4m-3693607622, networkLocation: /default-rack, certSerialId: null}
2019-09-25 12:48:55,833 [EventQueue-NodeRegistrationContainerReportForDataNodeSafeModeRule] INFO  safemode.SCMSafeModeManager (DataNodeSafeModeRule.java:process(71)) - SCM in safe mode. 1 DataNodes registered, 1 required.
2019-09-25 12:48:55,834 [EventQueue-NodeRegistrationContainerReportForDataNodeSafeModeRule] INFO  safemode.SCMSafeModeManager (SCMSafeModeManager.java:validateSafeModeExitRules(177)) - ScmSafeModeManager, all rules are successfully validated
2019-09-25 12:48:55,834 [EventQueue-NodeRegistrationContainerReportForDataNodeSafeModeRule] INFO  safemode.SCMSafeModeManager (SCMSafeModeManager.java:exitSafeMode(193)) - SCM exiting safe mode.
2019-09-25 12:48:55,844 [grpc-default-executor-0] INFO  impl.RaftServerProxy (RaftServerProxy.java:addNew(89)) - e474d836-9357-4e4e-810d-bf6a0e77ec6f: addNew group-3CB334A0E34B:[e474d836-9357-4e4e-810d-bf6a0e77ec6f:192.168.151.73:42228] returns group-3CB334A0E34B:java.util.concurrent.CompletableFuture@7e32f0b7[Not completed]
2019-09-25 12:48:55,845 [pool-277-thread-1] INFO  impl.RaftServerImpl (RaftServerImpl.java:<init>(95)) - e474d836-9357-4e4e-810d-bf6a0e77ec6f: new RaftServerImpl for group-3CB334A0E34B:[e474d836-9357-4e4e-810d-bf6a0e77ec6f:192.168.151.73:42228] with ContainerStateMachine:uninitialized
2019-09-25 12:48:55,845 [pool-277-thread-1] INFO  server.RaftServerConfigKeys (ConfUtils.java:logGet(43)) - raft.server.rpc.timeout.min = 5s (custom)
2019-09-25 12:48:55,845 [pool-277-thread-1] INFO  server.RaftServerConfigKeys (ConfUtils.java:logGet(43)) - raft.server.rpc.timeout.max = 5200ms (custom)
2019-09-25 12:48:55,845 [pool-277-thread-1] INFO  server.RaftServerConfigKeys (ConfUtils.java:logGet(43)) - raft.server.rpcslowness.timeout = 120s (custom)
2019-09-25 12:48:55,845 [pool-277-thread-1] INFO  server.RaftServerConfigKeys (ConfUtils.java:logGet(43)) - raft.server.sleep.deviation.threshold = 300 (default)
2019-09-25 12:48:55,845 [pool-277-thread-1] INFO  server.RaftServerConfigKeys (ConfUtils.java:logGet(43)) - raft.server.log.appender.install.snapshot.enabled = false (custom)
2019-09-25 12:48:55,846 [pool-277-thread-1] INFO  impl.RaftServerImpl (ServerState.java:<init>(103)) - e474d836-9357-4e4e-810d-bf6a0e77ec6f@group-3CB334A0E34B: ConfigurationManager, init=-1: [e474d836-9357-4e4e-810d-bf6a0e77ec6f:192.168.151.73:42228], old=null, confs=<EMPTY_MAP>
2019-09-25 12:48:55,846 [pool-277-thread-1] INFO  server.RaftServerConfigKeys (ConfUtils.java:logGet(43)) - raft.server.storage.dir = [/workdir/hadoop-ozone/ozonefs/target/test-dir/MiniOzoneClusterImpl-f5305ca6-33bd-4b6f-9102-c854bc6f4652/datanode-0/data/ratis] (custom)
2019-09-25 12:48:55,846 [pool-277-thread-1] INFO  storage.RaftStorageDirectory (RaftStorageDirectory.java:analyzeStorage(246)) - The storage directory /workdir/hadoop-ozone/ozonefs/target/test-dir/MiniOzoneClusterImpl-f5305ca6-33bd-4b6f-9102-c854bc6f4652/datanode-0/data/ratis/53efd23b-ab9b-4035-994e-3cb334a0e34b does not exist. Creating ...
2019-09-25 12:48:55,859 [pool-277-thread-1] INFO  storage.RaftStorageDirectory (RaftStorageDirectory.java:tryLock(328)) - Lock on /workdir/hadoop-ozone/ozonefs/target/test-dir/MiniOzoneClusterImpl-f5305ca6-33bd-4b6f-9102-c854bc6f4652/datanode-0/data/ratis/53efd23b-ab9b-4035-994e-3cb334a0e34b/in_use.lock acquired by nodename 24831@pr-hdds-1569-shd4m-3693607622
2019-09-25 12:48:55,872 [pool-277-thread-1] INFO  storage.RaftStorage (RaftStorage.java:format(72)) - Storage directory /workdir/hadoop-ozone/ozonefs/target/test-dir/MiniOzoneClusterImpl-f5305ca6-33bd-4b6f-9102-c854bc6f4652/datanode-0/data/ratis/53efd23b-ab9b-4035-994e-3cb334a0e34b has been successfully formatted.
2019-09-25 12:48:55,872 [pool-277-thread-1] INFO  ratis.ContainerStateMachine (ContainerStateMachine.java:loadSnapshot(230)) - group-3CB334A0E34B: The snapshot info is null. Setting the last applied indexto:(t:0, i:~)
2019-09-25 12:48:55,872 [pool-277-thread-1] INFO  server.RaftServerConfigKeys (ConfUtils.java:logGet(43)) - raft.server.notification.no-leader.timeout = 120s (custom)
2019-09-25 12:48:55,872 [pool-277-thread-1] INFO  server.RaftServerConfigKeys (ConfUtils.java:logGet(43)) - raft.server.log.use.memory = false (default)
2019-09-25 12:48:55,873 [pool-277-thread-1] INFO  server.RaftServerConfigKeys (ConfUtils.java:logGet(43)) - raft.server.log.purge.gap = 1000000 (custom)
2019-09-25 12:48:55,873 [pool-277-thread-1] INFO  server.RaftServerConfigKeys (ConfUtils.java:logGet(43)) - raft.server.log.appender.buffer.byte-limit = 33554432 (custom)
2019-09-25 12:48:55,873 [pool-277-thread-1] INFO  server.RaftServerConfigKeys (ConfUtils.java:logGet(43)) - raft.server.log.segment.size.max = 1048576 (custom)
2019-09-25 12:48:55,873 [pool-277-thread-1] INFO  server.RaftServerConfigKeys (ConfUtils.java:logGet(43)) - raft.server.log.segment.cache.num.max = 2 (custom)
2019-09-25 12:48:55,873 [pool-277-thread-1] INFO  segmented.SegmentedRaftLogWorker (SegmentedRaftLogWorker.java:<init>(172)) - new e474d836-9357-4e4e-810d-bf6a0e77ec6f@group-3CB334A0E34B-SegmentedRaftLogWorker for RaftStorage:Storage Directory /workdir/hadoop-ozone/ozonefs/target/test-dir/MiniOzoneClusterImpl-f5305ca6-33bd-4b6f-9102-c854bc6f4652/datanode-0/data/ratis/53efd23b-ab9b-4035-994e-3cb334a0e34b
2019-09-25 12:48:55,875 [pool-277-thread-1] INFO  server.RaftServerConfigKeys (ConfUtils.java:logGet(43)) - raft.server.log.queue.byte-limit = 2147483647 (custom)
2019-09-25 12:48:55,875 [pool-277-thread-1] INFO  server.RaftServerConfigKeys (ConfUtils.java:logGet(43)) - raft.server.log.queue.element-limit = 1024 (custom)
2019-09-25 12:48:55,875 [pool-277-thread-1] INFO  server.RaftServerConfigKeys (ConfUtils.java:logGet(43)) - raft.server.log.segment.size.max = 1048576 (custom)
2019-09-25 12:48:55,875 [pool-277-thread-1] INFO  server.RaftServerConfigKeys (ConfUtils.java:logGet(43)) - raft.server.log.preallocated.size = 16384 (custom)
2019-09-25 12:48:55,875 [pool-277-thread-1] INFO  server.RaftServerConfigKeys (ConfUtils.java:logGet(43)) - raft.server.log.write.buffer.size = 33554432 (custom)
2019-09-25 12:48:55,875 [pool-277-thread-1] INFO  server.RaftServerConfigKeys (ConfUtils.java:logGet(43)) - raft.server.log.force.sync.num = 128 (default)
2019-09-25 12:48:55,876 [pool-277-thread-1] INFO  server.RaftServerConfigKeys (ConfUtils.java:logGet(43)) - raft.server.log.statemachine.data.sync = true (default)
2019-09-25 12:48:55,876 [pool-277-thread-1] INFO  server.RaftServerConfigKeys (ConfUtils.java:logGet(43)) - raft.server.log.statemachine.data.sync.timeout = 10s (default)
2019-09-25 12:48:55,876 [pool-277-thread-1] INFO  server.RaftServerConfigKeys (ConfUtils.java:logGet(43)) - raft.server.log.statemachine.data.sync.timeout.retry = -1 (default)
2019-09-25 12:48:55,876 [pool-277-thread-1] INFO  server.RaftServerConfigKeys (ConfUtils.java:logGet(43)) - raft.server.log.statemachine.data.caching.enabled = true (custom)
2019-09-25 12:48:55,876 [pool-277-thread-1] INFO  segmented.SegmentedRaftLogWorker (SegmentedRaftLogWorker.java:lambda$new$0(132)) - e474d836-9357-4e4e-810d-bf6a0e77ec6f@group-3CB334A0E34B-SegmentedRaftLogWorker: flushIndex: setUnconditionally 0 -> -1
2019-09-25 12:48:55,877 [pool-277-thread-1] INFO  server.RaftServerConfigKeys (ConfUtils.java:logGet(43)) - raft.server.snapshot.auto.trigger.enabled = true (custom)
2019-09-25 12:48:55,877 [pool-277-thread-1] INFO  server.RaftServerConfigKeys (ConfUtils.java:logGet(43)) - raft.server.snapshot.auto.trigger.threshold = 10000 (custom)
2019-09-25 12:48:55,877 [pool-277-thread-1] INFO  server.RaftServerConfigKeys (ConfUtils.java:logGet(43)) - raft.server.snapshot.retention.num.files = 5 (custom)
2019-09-25 12:48:55,877 [pool-277-thread-1] INFO  server.RaftServerConfigKeys (ConfUtils.java:logGet(43)) - raft.server.retrycache.expirytime = 600000ms (custom)
2019-09-25 12:48:55,879 [pool-277-thread-1] INFO  impl.RaftServerImpl (RaftServerImpl.java:start(185)) - e474d836-9357-4e4e-810d-bf6a0e77ec6f@group-3CB334A0E34B: start as a follower, conf=-1: [e474d836-9357-4e4e-810d-bf6a0e77ec6f:192.168.151.73:42228], old=null
2019-09-25 12:48:55,879 [pool-277-thread-1] INFO  impl.RaftServerImpl (RaftServerImpl.java:setRole(174)) - e474d836-9357-4e4e-810d-bf6a0e77ec6f@group-3CB334A0E34B: changes role from      null to FOLLOWER at term 0 for startAsFollower
2019-09-25 12:48:55,879 [pool-277-thread-1] INFO  impl.RoleInfo (RoleInfo.java:updateAndGet(143)) - e474d836-9357-4e4e-810d-bf6a0e77ec6f: start FollowerState
2019-09-25 12:48:55,879 [pool-277-thread-1] INFO  util.JmxRegister (JmxRegister.java:tryRegister(44)) - Successfully registered JMX Bean with object name Ratis:service=RaftServer,group=group-3CB334A0E34B,id=e474d836-9357-4e4e-810d-bf6a0e77ec6f
2019-09-25 12:48:55,882 [RatisPipelineUtilsThread] INFO  pipeline.PipelineStateManager (PipelineStateManager.java:addPipeline(56)) - Created pipeline Pipeline[ Id: 53efd23b-ab9b-4035-994e-3cb334a0e34b, Nodes: e474d836-9357-4e4e-810d-bf6a0e77ec6f{ip: 192.168.151.73, host: pr-hdds-1569-shd4m-3693607622, networkLocation: /default-rack, certSerialId: null}, Type:RATIS, Factor:ONE, State:OPEN]
2019-09-25 12:48:55,887 [grpc-default-executor-0] INFO  impl.RaftServerProxy (RaftServerProxy.java:addNew(89)) - e474d836-9357-4e4e-810d-bf6a0e77ec6f: addNew group-B73D0A592AA5:[e474d836-9357-4e4e-810d-bf6a0e77ec6f:192.168.151.73:42228] returns group-B73D0A592AA5:java.util.concurrent.CompletableFuture@4f06cb6b[Not completed]
2019-09-25 12:48:55,888 [pool-277-thread-1] INFO  impl.RaftServerImpl (RaftServerImpl.java:<init>(95)) - e474d836-9357-4e4e-810d-bf6a0e77ec6f: new RaftServerImpl for group-B73D0A592AA5:[e474d836-9357-4e4e-810d-bf6a0e77ec6f:192.168.151.73:42228] with ContainerStateMachine:uninitialized
2019-09-25 12:48:55,888 [pool-277-thread-1] INFO  server.RaftServerConfigKeys (ConfUtils.java:logGet(43)) - raft.server.rpc.timeout.min = 5s (custom)
2019-09-25 12:48:55,888 [pool-277-thread-1] INFO  server.RaftServerConfigKeys (ConfUtils.java:logGet(43)) - raft.server.rpc.timeout.max = 5200ms (custom)
2019-09-25 12:48:55,888 [pool-277-thread-1] INFO  server.RaftServerConfigKeys (ConfUtils.java:logGet(43)) - raft.server.rpcslowness.timeout = 120s (custom)
2019-09-25 12:48:55,889 [pool-277-thread-1] INFO  server.RaftServerConfigKeys (ConfUtils.java:logGet(43)) - raft.server.sleep.deviation.threshold = 300 (default)
2019-09-25 12:48:55,889 [pool-277-thread-1] INFO  server.RaftServerConfigKeys (ConfUtils.java:logGet(43)) - raft.server.log.appender.install.snapshot.enabled = false (custom)
2019-09-25 12:48:55,889 [pool-277-thread-1] INFO  impl.RaftServerImpl (ServerState.java:<init>(103)) - e474d836-9357-4e4e-810d-bf6a0e77ec6f@group-B73D0A592AA5: ConfigurationManager, init=-1: [e474d836-9357-4e4e-810d-bf6a0e77ec6f:192.168.151.73:42228], old=null, confs=<EMPTY_MAP>
2019-09-25 12:48:55,889 [pool-277-thread-1] INFO  server.RaftServerConfigKeys (ConfUtils.java:logGet(43)) - raft.server.storage.dir = [/workdir/hadoop-ozone/ozonefs/target/test-dir/MiniOzoneClusterImpl-f5305ca6-33bd-4b6f-9102-c854bc6f4652/datanode-0/data/ratis] (custom)
2019-09-25 12:48:55,889 [pool-277-thread-1] INFO  storage.RaftStorageDirectory (RaftStorageDirectory.java:analyzeStorage(246)) - The storage directory /workdir/hadoop-ozone/ozonefs/target/test-dir/MiniOzoneClusterImpl-f5305ca6-33bd-4b6f-9102-c854bc6f4652/datanode-0/data/ratis/c5659786-77cb-4f82-ab26-b73d0a592aa5 does not exist. Creating ...
2019-09-25 12:48:55,902 [pool-277-thread-1] INFO  storage.RaftStorageDirectory (RaftStorageDirectory.java:tryLock(328)) - Lock on /workdir/hadoop-ozone/ozonefs/target/test-dir/MiniOzoneClusterImpl-f5305ca6-33bd-4b6f-9102-c854bc6f4652/datanode-0/data/ratis/c5659786-77cb-4f82-ab26-b73d0a592aa5/in_use.lock acquired by nodename 24831@pr-hdds-1569-shd4m-3693607622
2019-09-25 12:48:55,914 [IPC Server handler 1 on 43689] INFO  net.NetworkTopology (NetworkTopologyImpl.java:add(111)) - Added a new node: /default-rack/3243c737-994e-484d-8a3b-380030115cc1
2019-09-25 12:48:55,914 [IPC Server handler 1 on 43689] INFO  node.SCMNodeManager (SCMNodeManager.java:register(266)) - Registered Data node : 3243c737-994e-484d-8a3b-380030115cc1{ip: 192.168.151.73, host: pr-hdds-1569-shd4m-3693607622, networkLocation: /default-rack, certSerialId: null}
2019-09-25 12:48:55,914 [pool-277-thread-1] INFO  storage.RaftStorage (RaftStorage.java:format(72)) - Storage directory /workdir/hadoop-ozone/ozonefs/target/test-dir/MiniOzoneClusterImpl-f5305ca6-33bd-4b6f-9102-c854bc6f4652/datanode-0/data/ratis/c5659786-77cb-4f82-ab26-b73d0a592aa5 has been successfully formatted.
2019-09-25 12:48:55,915 [pool-277-thread-1] INFO  ratis.ContainerStateMachine (ContainerStateMachine.java:loadSnapshot(230)) - group-B73D0A592AA5: The snapshot info is null. Setting the last applied indexto:(t:0, i:~)
2019-09-25 12:48:55,915 [pool-277-thread-1] INFO  server.RaftServerConfigKeys (ConfUtils.java:logGet(43)) - raft.server.notification.no-leader.timeout = 120s (custom)
2019-09-25 12:48:55,915 [pool-277-thread-1] INFO  server.RaftServerConfigKeys (ConfUtils.java:logGet(43)) - raft.server.log.use.memory = false (default)
2019-09-25 12:48:55,915 [pool-277-thread-1] INFO  server.RaftServerConfigKeys (ConfUtils.java:logGet(43)) - raft.server.log.purge.gap = 1000000 (custom)
2019-09-25 12:48:55,915 [pool-277-thread-1] INFO  server.RaftServerConfigKeys (ConfUtils.java:logGet(43)) - raft.server.log.appender.buffer.byte-limit = 33554432 (custom)
2019-09-25 12:48:55,915 [pool-277-thread-1] INFO  server.RaftServerConfigKeys (ConfUtils.java:logGet(43)) - raft.server.log.segment.size.max = 1048576 (custom)
2019-09-25 12:48:55,915 [pool-277-thread-1] INFO  server.RaftServerConfigKeys (ConfUtils.java:logGet(43)) - raft.server.log.segment.cache.num.max = 2 (custom)
2019-09-25 12:48:55,916 [pool-277-thread-1] INFO  segmented.SegmentedRaftLogWorker (SegmentedRaftLogWorker.java:<init>(172)) - new e474d836-9357-4e4e-810d-bf6a0e77ec6f@group-B73D0A592AA5-SegmentedRaftLogWorker for RaftStorage:Storage Directory /workdir/hadoop-ozone/ozonefs/target/test-dir/MiniOzoneClusterImpl-f5305ca6-33bd-4b6f-9102-c854bc6f4652/datanode-0/data/ratis/c5659786-77cb-4f82-ab26-b73d0a592aa5
2019-09-25 12:48:55,916 [pool-277-thread-1] INFO  server.RaftServerConfigKeys (ConfUtils.java:logGet(43)) - raft.server.log.queue.byte-limit = 2147483647 (custom)
2019-09-25 12:48:55,916 [pool-277-thread-1] INFO  server.RaftServerConfigKeys (ConfUtils.java:logGet(43)) - raft.server.log.queue.element-limit = 1024 (custom)
2019-09-25 12:48:55,916 [pool-277-thread-1] INFO  server.RaftServerConfigKeys (ConfUtils.java:logGet(43)) - raft.server.log.segment.size.max = 1048576 (custom)
2019-09-25 12:48:55,916 [pool-277-thread-1] INFO  server.RaftServerConfigKeys (ConfUtils.java:logGet(43)) - raft.server.log.preallocated.size = 16384 (custom)
2019-09-25 12:48:55,916 [pool-277-thread-1] INFO  server.RaftServerConfigKeys (ConfUtils.java:logGet(43)) - raft.server.log.write.buffer.size = 33554432 (custom)
2019-09-25 12:48:55,916 [pool-277-thread-1] INFO  server.RaftServerConfigKeys (ConfUtils.java:logGet(43)) - raft.server.log.force.sync.num = 128 (default)
2019-09-25 12:48:55,916 [pool-277-thread-1] INFO  server.RaftServerConfigKeys (ConfUtils.java:logGet(43)) - raft.server.log.statemachine.data.sync = true (default)
2019-09-25 12:48:55,916 [pool-277-thread-1] INFO  server.RaftServerConfigKeys (ConfUtils.java:logGet(43)) - raft.server.log.statemachine.data.sync.timeout = 10s (default)
2019-09-25 12:48:55,917 [pool-277-thread-1] INFO  server.RaftServerConfigKeys (ConfUtils.java:logGet(43)) - raft.server.log.statemachine.data.sync.timeout.retry = -1 (default)
2019-09-25 12:48:55,917 [pool-277-thread-1] INFO  server.RaftServerConfigKeys (ConfUtils.java:logGet(43)) - raft.server.log.statemachine.data.caching.enabled = true (custom)
2019-09-25 12:48:55,917 [pool-277-thread-1] INFO  segmented.SegmentedRaftLogWorker (SegmentedRaftLogWorker.java:lambda$new$0(132)) - e474d836-9357-4e4e-810d-bf6a0e77ec6f@group-B73D0A592AA5-SegmentedRaftLogWorker: flushIndex: setUnconditionally 0 -> -1
2019-09-25 12:48:55,917 [pool-277-thread-1] INFO  server.RaftServerConfigKeys (ConfUtils.java:logGet(43)) - raft.server.snapshot.auto.trigger.enabled = true (custom)
2019-09-25 12:48:55,917 [pool-277-thread-1] INFO  server.RaftServerConfigKeys (ConfUtils.java:logGet(43)) - raft.server.snapshot.auto.trigger.threshold = 10000 (custom)
2019-09-25 12:48:55,917 [pool-277-thread-1] INFO  server.RaftServerConfigKeys (ConfUtils.java:logGet(43)) - raft.server.snapshot.retention.num.files = 5 (custom)
2019-09-25 12:48:55,918 [pool-277-thread-1] INFO  server.RaftServerConfigKeys (ConfUtils.java:logGet(43)) - raft.server.retrycache.expirytime = 600000ms (custom)
2019-09-25 12:48:55,919 [pool-277-thread-1] INFO  impl.RaftServerImpl (RaftServerImpl.java:start(185)) - e474d836-9357-4e4e-810d-bf6a0e77ec6f@group-B73D0A592AA5: start as a follower, conf=-1: [e474d836-9357-4e4e-810d-bf6a0e77ec6f:192.168.151.73:42228], old=null
2019-09-25 12:48:55,919 [pool-277-thread-1] INFO  impl.RaftServerImpl (RaftServerImpl.java:setRole(174)) - e474d836-9357-4e4e-810d-bf6a0e77ec6f@group-B73D0A592AA5: changes role from      null to FOLLOWER at term 0 for startAsFollower
2019-09-25 12:48:55,919 [pool-277-thread-1] INFO  impl.RoleInfo (RoleInfo.java:updateAndGet(143)) - e474d836-9357-4e4e-810d-bf6a0e77ec6f: start FollowerState
2019-09-25 12:48:55,920 [pool-277-thread-1] INFO  util.JmxRegister (JmxRegister.java:tryRegister(44)) - Successfully registered JMX Bean with object name Ratis:service=RaftServer,group=group-B73D0A592AA5,id=e474d836-9357-4e4e-810d-bf6a0e77ec6f
2019-09-25 12:48:55,922 [RatisPipelineUtilsThread] INFO  pipeline.PipelineStateManager (PipelineStateManager.java:addPipeline(56)) - Created pipeline Pipeline[ Id: c5659786-77cb-4f82-ab26-b73d0a592aa5, Nodes: e474d836-9357-4e4e-810d-bf6a0e77ec6f{ip: 192.168.151.73, host: pr-hdds-1569-shd4m-3693607622, networkLocation: /default-rack, certSerialId: null}, Type:RATIS, Factor:ONE, State:OPEN]
2019-09-25 12:48:55,929 [grpc-default-executor-0] INFO  impl.RaftServerProxy (RaftServerProxy.java:addNew(89)) - 3243c737-994e-484d-8a3b-380030115cc1: addNew group-B82A8B115354:[3243c737-994e-484d-8a3b-380030115cc1:192.168.151.73:45992] returns group-B82A8B115354:java.util.concurrent.CompletableFuture@7d3fb65e[Not completed]
2019-09-25 12:48:55,930 [pool-287-thread-1] INFO  impl.RaftServerImpl (RaftServerImpl.java:<init>(95)) - 3243c737-994e-484d-8a3b-380030115cc1: new RaftServerImpl for group-B82A8B115354:[3243c737-994e-484d-8a3b-380030115cc1:192.168.151.73:45992] with ContainerStateMachine:uninitialized
2019-09-25 12:48:55,930 [pool-287-thread-1] INFO  server.RaftServerConfigKeys (ConfUtils.java:logGet(43)) - raft.server.rpc.timeout.min = 5s (custom)
2019-09-25 12:48:55,930 [pool-287-thread-1] INFO  server.RaftServerConfigKeys (ConfUtils.java:logGet(43)) - raft.server.rpc.timeout.max = 5200ms (custom)
2019-09-25 12:48:55,930 [pool-287-thread-1] INFO  server.RaftServerConfigKeys (ConfUtils.java:logGet(43)) - raft.server.rpcslowness.timeout = 120s (custom)
2019-09-25 12:48:55,930 [pool-287-thread-1] INFO  server.RaftServerConfigKeys (ConfUtils.java:logGet(43)) - raft.server.sleep.deviation.threshold = 300 (default)
2019-09-25 12:48:55,930 [pool-287-thread-1] INFO  server.RaftServerConfigKeys (ConfUtils.java:logGet(43)) - raft.server.log.appender.install.snapshot.enabled = false (custom)
2019-09-25 12:48:55,930 [pool-287-thread-1] INFO  impl.RaftServerImpl (ServerState.java:<init>(103)) - 3243c737-994e-484d-8a3b-380030115cc1@group-B82A8B115354: ConfigurationManager, init=-1: [3243c737-994e-484d-8a3b-380030115cc1:192.168.151.73:45992], old=null, confs=<EMPTY_MAP>
2019-09-25 12:48:55,931 [pool-287-thread-1] INFO  server.RaftServerConfigKeys (ConfUtils.java:logGet(43)) - raft.server.storage.dir = [/workdir/hadoop-ozone/ozonefs/target/test-dir/MiniOzoneClusterImpl-f5305ca6-33bd-4b6f-9102-c854bc6f4652/datanode-1/data/ratis] (custom)
2019-09-25 12:48:55,931 [pool-287-thread-1] INFO  storage.RaftStorageDirectory (RaftStorageDirectory.java:analyzeStorage(246)) - The storage directory /workdir/hadoop-ozone/ozonefs/target/test-dir/MiniOzoneClusterImpl-f5305ca6-33bd-4b6f-9102-c854bc6f4652/datanode-1/data/ratis/0b413e6d-b7ef-456d-b486-b82a8b115354 does not exist. Creating ...
2019-09-25 12:48:55,954 [pool-287-thread-1] INFO  storage.RaftStorageDirectory (RaftStorageDirectory.java:tryLock(328)) - Lock on /workdir/hadoop-ozone/ozonefs/target/test-dir/MiniOzoneClusterImpl-f5305ca6-33bd-4b6f-9102-c854bc6f4652/datanode-1/data/ratis/0b413e6d-b7ef-456d-b486-b82a8b115354/in_use.lock acquired by nodename 24831@pr-hdds-1569-shd4m-3693607622
2019-09-25 12:48:55,973 [main] INFO  ozone.MiniOzoneClusterImpl (MiniOzoneClusterImpl.java:lambda$waitForClusterToBeReady$0(147)) - Waiting for cluster to be ready. Got 2 of 3 DN Heartbeats.
2019-09-25 12:48:55,974 [IPC Server handler 2 on 43689] INFO  net.NetworkTopology (NetworkTopologyImpl.java:add(111)) - Added a new node: /default-rack/c5030f33-4cb5-4710-a89a-bba9e1e467b2
2019-09-25 12:48:55,974 [IPC Server handler 2 on 43689] INFO  node.SCMNodeManager (SCMNodeManager.java:register(266)) - Registered Data node : c5030f33-4cb5-4710-a89a-bba9e1e467b2{ip: 192.168.151.73, host: pr-hdds-1569-shd4m-3693607622, networkLocation: /default-rack, certSerialId: null}
2019-09-25 12:48:55,977 [pool-287-thread-1] INFO  storage.RaftStorage (RaftStorage.java:format(72)) - Storage directory /workdir/hadoop-ozone/ozonefs/target/test-dir/MiniOzoneClusterImpl-f5305ca6-33bd-4b6f-9102-c854bc6f4652/datanode-1/data/ratis/0b413e6d-b7ef-456d-b486-b82a8b115354 has been successfully formatted.
2019-09-25 12:48:55,977 [pool-287-thread-1] INFO  ratis.ContainerStateMachine (ContainerStateMachine.java:loadSnapshot(230)) - group-B82A8B115354: The snapshot info is null. Setting the last applied indexto:(t:0, i:~)
2019-09-25 12:48:55,977 [pool-287-thread-1] INFO  server.RaftServerConfigKeys (ConfUtils.java:logGet(43)) - raft.server.notification.no-leader.timeout = 120s (custom)
2019-09-25 12:48:55,977 [pool-287-thread-1] INFO  server.RaftServerConfigKeys (ConfUtils.java:logGet(43)) - raft.server.log.use.memory = false (default)
2019-09-25 12:48:55,977 [pool-287-thread-1] INFO  server.RaftServerConfigKeys (ConfUtils.java:logGet(43)) - raft.server.log.purge.gap = 1000000 (custom)
2019-09-25 12:48:55,977 [pool-287-thread-1] INFO  server.RaftServerConfigKeys (ConfUtils.java:logGet(43)) - raft.server.log.appender.buffer.byte-limit = 33554432 (custom)
2019-09-25 12:48:55,977 [pool-287-thread-1] INFO  server.RaftServerConfigKeys (ConfUtils.java:logGet(43)) - raft.server.log.segment.size.max = 1048576 (custom)
2019-09-25 12:48:55,977 [pool-287-thread-1] INFO  server.RaftServerConfigKeys (ConfUtils.java:logGet(43)) - raft.server.log.segment.cache.num.max = 2 (custom)
2019-09-25 12:48:55,978 [pool-287-thread-1] INFO  segmented.SegmentedRaftLogWorker (SegmentedRaftLogWorker.java:<init>(172)) - new 3243c737-994e-484d-8a3b-380030115cc1@group-B82A8B115354-SegmentedRaftLogWorker for RaftStorage:Storage Directory /workdir/hadoop-ozone/ozonefs/target/test-dir/MiniOzoneClusterImpl-f5305ca6-33bd-4b6f-9102-c854bc6f4652/datanode-1/data/ratis/0b413e6d-b7ef-456d-b486-b82a8b115354
2019-09-25 12:48:55,979 [pool-287-thread-1] INFO  server.RaftServerConfigKeys (ConfUtils.java:logGet(43)) - raft.server.log.queue.byte-limit = 2147483647 (custom)
2019-09-25 12:48:55,979 [pool-287-thread-1] INFO  server.RaftServerConfigKeys (ConfUtils.java:logGet(43)) - raft.server.log.queue.element-limit = 1024 (custom)
2019-09-25 12:48:55,979 [pool-287-thread-1] INFO  server.RaftServerConfigKeys (ConfUtils.java:logGet(43)) - raft.server.log.segment.size.max = 1048576 (custom)
2019-09-25 12:48:55,979 [pool-287-thread-1] INFO  server.RaftServerConfigKeys (ConfUtils.java:logGet(43)) - raft.server.log.preallocated.size = 16384 (custom)
2019-09-25 12:48:55,979 [pool-287-thread-1] INFO  server.RaftServerConfigKeys (ConfUtils.java:logGet(43)) - raft.server.log.write.buffer.size = 33554432 (custom)
2019-09-25 12:48:55,979 [pool-287-thread-1] INFO  server.RaftServerConfigKeys (ConfUtils.java:logGet(43)) - raft.server.log.force.sync.num = 128 (default)
2019-09-25 12:48:55,979 [pool-287-thread-1] INFO  server.RaftServerConfigKeys (ConfUtils.java:logGet(43)) - raft.server.log.statemachine.data.sync = true (default)
2019-09-25 12:48:55,980 [pool-287-thread-1] INFO  server.RaftServerConfigKeys (ConfUtils.java:logGet(43)) - raft.server.log.statemachine.data.sync.timeout = 10s (default)
2019-09-25 12:48:55,980 [pool-287-thread-1] INFO  server.RaftServerConfigKeys (ConfUtils.java:logGet(43)) - raft.server.log.statemachine.data.sync.timeout.retry = -1 (default)
2019-09-25 12:48:55,980 [pool-287-thread-1] INFO  server.RaftServerConfigKeys (ConfUtils.java:logGet(43)) - raft.server.log.statemachine.data.caching.enabled = true (custom)
2019-09-25 12:48:55,980 [pool-287-thread-1] INFO  segmented.SegmentedRaftLogWorker (SegmentedRaftLogWorker.java:lambda$new$0(132)) - 3243c737-994e-484d-8a3b-380030115cc1@group-B82A8B115354-SegmentedRaftLogWorker: flushIndex: setUnconditionally 0 -> -1
2019-09-25 12:48:55,980 [pool-287-thread-1] INFO  server.RaftServerConfigKeys (ConfUtils.java:logGet(43)) - raft.server.snapshot.auto.trigger.enabled = true (custom)
2019-09-25 12:48:55,980 [pool-287-thread-1] INFO  server.RaftServerConfigKeys (ConfUtils.java:logGet(43)) - raft.server.snapshot.auto.trigger.threshold = 10000 (custom)
2019-09-25 12:48:55,981 [pool-287-thread-1] INFO  server.RaftServerConfigKeys (ConfUtils.java:logGet(43)) - raft.server.snapshot.retention.num.files = 5 (custom)
2019-09-25 12:48:55,981 [pool-287-thread-1] INFO  server.RaftServerConfigKeys (ConfUtils.java:logGet(43)) - raft.server.retrycache.expirytime = 600000ms (custom)
2019-09-25 12:48:55,982 [pool-287-thread-1] INFO  impl.RaftServerImpl (RaftServerImpl.java:start(185)) - 3243c737-994e-484d-8a3b-380030115cc1@group-B82A8B115354: start as a follower, conf=-1: [3243c737-994e-484d-8a3b-380030115cc1:192.168.151.73:45992], old=null
2019-09-25 12:48:55,982 [pool-287-thread-1] INFO  impl.RaftServerImpl (RaftServerImpl.java:setRole(174)) - 3243c737-994e-484d-8a3b-380030115cc1@group-B82A8B115354: changes role from      null to FOLLOWER at term 0 for startAsFollower
2019-09-25 12:48:55,982 [pool-287-thread-1] INFO  impl.RoleInfo (RoleInfo.java:updateAndGet(143)) - 3243c737-994e-484d-8a3b-380030115cc1: start FollowerState
2019-09-25 12:48:55,983 [pool-287-thread-1] INFO  util.JmxRegister (JmxRegister.java:tryRegister(44)) - Successfully registered JMX Bean with object name Ratis:service=RaftServer,group=group-B82A8B115354,id=3243c737-994e-484d-8a3b-380030115cc1
2019-09-25 12:48:55,985 [RatisPipelineUtilsThread] INFO  pipeline.PipelineStateManager (PipelineStateManager.java:addPipeline(56)) - Created pipeline Pipeline[ Id: 0b413e6d-b7ef-456d-b486-b82a8b115354, Nodes: 3243c737-994e-484d-8a3b-380030115cc1{ip: 192.168.151.73, host: pr-hdds-1569-shd4m-3693607622, networkLocation: /default-rack, certSerialId: null}, Type:RATIS, Factor:ONE, State:OPEN]
2019-09-25 12:48:55,990 [grpc-default-executor-0] INFO  impl.RaftServerProxy (RaftServerProxy.java:addNew(89)) - e474d836-9357-4e4e-810d-bf6a0e77ec6f: addNew group-D845F77926F2:[e474d836-9357-4e4e-810d-bf6a0e77ec6f:192.168.151.73:42228] returns group-D845F77926F2:java.util.concurrent.CompletableFuture@6c4755fb[Not completed]
2019-09-25 12:48:55,991 [pool-277-thread-1] INFO  impl.RaftServerImpl (RaftServerImpl.java:<init>(95)) - e474d836-9357-4e4e-810d-bf6a0e77ec6f: new RaftServerImpl for group-D845F77926F2:[e474d836-9357-4e4e-810d-bf6a0e77ec6f:192.168.151.73:42228] with ContainerStateMachine:uninitialized
2019-09-25 12:48:55,991 [pool-277-thread-1] INFO  server.RaftServerConfigKeys (ConfUtils.java:logGet(43)) - raft.server.rpc.timeout.min = 5s (custom)
2019-09-25 12:48:55,991 [pool-277-thread-1] INFO  server.RaftServerConfigKeys (ConfUtils.java:logGet(43)) - raft.server.rpc.timeout.max = 5200ms (custom)
2019-09-25 12:48:55,991 [pool-277-thread-1] INFO  server.RaftServerConfigKeys (ConfUtils.java:logGet(43)) - raft.server.rpcslowness.timeout = 120s (custom)
2019-09-25 12:48:55,991 [pool-277-thread-1] INFO  server.RaftServerConfigKeys (ConfUtils.java:logGet(43)) - raft.server.sleep.deviation.threshold = 300 (default)
2019-09-25 12:48:55,991 [pool-277-thread-1] INFO  server.RaftServerConfigKeys (ConfUtils.java:logGet(43)) - raft.server.log.appender.install.snapshot.enabled = false (custom)
2019-09-25 12:48:55,992 [pool-277-thread-1] INFO  impl.RaftServerImpl (ServerState.java:<init>(103)) - e474d836-9357-4e4e-810d-bf6a0e77ec6f@group-D845F77926F2: ConfigurationManager, init=-1: [e474d836-9357-4e4e-810d-bf6a0e77ec6f:192.168.151.73:42228], old=null, confs=<EMPTY_MAP>
2019-09-25 12:48:55,992 [pool-277-thread-1] INFO  server.RaftServerConfigKeys (ConfUtils.java:logGet(43)) - raft.server.storage.dir = [/workdir/hadoop-ozone/ozonefs/target/test-dir/MiniOzoneClusterImpl-f5305ca6-33bd-4b6f-9102-c854bc6f4652/datanode-0/data/ratis] (custom)
2019-09-25 12:48:55,992 [pool-277-thread-1] INFO  storage.RaftStorageDirectory (RaftStorageDirectory.java:analyzeStorage(246)) - The storage directory /workdir/hadoop-ozone/ozonefs/target/test-dir/MiniOzoneClusterImpl-f5305ca6-33bd-4b6f-9102-c854bc6f4652/datanode-0/data/ratis/7e468548-5e12-4a9f-aec2-d845f77926f2 does not exist. Creating ...
2019-09-25 12:48:56,005 [pool-277-thread-1] INFO  storage.RaftStorageDirectory (RaftStorageDirectory.java:tryLock(328)) - Lock on /workdir/hadoop-ozone/ozonefs/target/test-dir/MiniOzoneClusterImpl-f5305ca6-33bd-4b6f-9102-c854bc6f4652/datanode-0/data/ratis/7e468548-5e12-4a9f-aec2-d845f77926f2/in_use.lock acquired by nodename 24831@pr-hdds-1569-shd4m-3693607622
2019-09-25 12:48:56,018 [pool-277-thread-1] INFO  storage.RaftStorage (RaftStorage.java:format(72)) - Storage directory /workdir/hadoop-ozone/ozonefs/target/test-dir/MiniOzoneClusterImpl-f5305ca6-33bd-4b6f-9102-c854bc6f4652/datanode-0/data/ratis/7e468548-5e12-4a9f-aec2-d845f77926f2 has been successfully formatted.
2019-09-25 12:48:56,019 [pool-277-thread-1] INFO  ratis.ContainerStateMachine (ContainerStateMachine.java:loadSnapshot(230)) - group-D845F77926F2: The snapshot info is null. Setting the last applied indexto:(t:0, i:~)
2019-09-25 12:48:56,019 [pool-277-thread-1] INFO  server.RaftServerConfigKeys (ConfUtils.java:logGet(43)) - raft.server.notification.no-leader.timeout = 120s (custom)
2019-09-25 12:48:56,019 [pool-277-thread-1] INFO  server.RaftServerConfigKeys (ConfUtils.java:logGet(43)) - raft.server.log.use.memory = false (default)
2019-09-25 12:48:56,019 [pool-277-thread-1] INFO  server.RaftServerConfigKeys (ConfUtils.java:logGet(43)) - raft.server.log.purge.gap = 1000000 (custom)
2019-09-25 12:48:56,019 [pool-277-thread-1] INFO  server.RaftServerConfigKeys (ConfUtils.java:logGet(43)) - raft.server.log.appender.buffer.byte-limit = 33554432 (custom)
2019-09-25 12:48:56,019 [pool-277-thread-1] INFO  server.RaftServerConfigKeys (ConfUtils.java:logGet(43)) - raft.server.log.segment.size.max = 1048576 (custom)
2019-09-25 12:48:56,019 [pool-277-thread-1] INFO  server.RaftServerConfigKeys (ConfUtils.java:logGet(43)) - raft.server.log.segment.cache.num.max = 2 (custom)
2019-09-25 12:48:56,019 [pool-277-thread-1] INFO  segmented.SegmentedRaftLogWorker (SegmentedRaftLogWorker.java:<init>(172)) - new e474d836-9357-4e4e-810d-bf6a0e77ec6f@group-D845F77926F2-SegmentedRaftLogWorker for RaftStorage:Storage Directory /workdir/hadoop-ozone/ozonefs/target/test-dir/MiniOzoneClusterImpl-f5305ca6-33bd-4b6f-9102-c854bc6f4652/datanode-0/data/ratis/7e468548-5e12-4a9f-aec2-d845f77926f2
2019-09-25 12:48:56,020 [pool-277-thread-1] INFO  server.RaftServerConfigKeys (ConfUtils.java:logGet(43)) - raft.server.log.queue.byte-limit = 2147483647 (custom)
2019-09-25 12:48:56,020 [pool-277-thread-1] INFO  server.RaftServerConfigKeys (ConfUtils.java:logGet(43)) - raft.server.log.queue.element-limit = 1024 (custom)
2019-09-25 12:48:56,020 [pool-277-thread-1] INFO  server.RaftServerConfigKeys (ConfUtils.java:logGet(43)) - raft.server.log.segment.size.max = 1048576 (custom)
2019-09-25 12:48:56,020 [pool-277-thread-1] INFO  server.RaftServerConfigKeys (ConfUtils.java:logGet(43)) - raft.server.log.preallocated.size = 16384 (custom)
2019-09-25 12:48:56,020 [pool-277-thread-1] INFO  server.RaftServerConfigKeys (ConfUtils.java:logGet(43)) - raft.server.log.write.buffer.size = 33554432 (custom)
2019-09-25 12:48:56,020 [pool-277-thread-1] INFO  server.RaftServerConfigKeys (ConfUtils.java:logGet(43)) - raft.server.log.force.sync.num = 128 (default)
2019-09-25 12:48:56,020 [pool-277-thread-1] INFO  server.RaftServerConfigKeys (ConfUtils.java:logGet(43)) - raft.server.log.statemachine.data.sync = true (default)
2019-09-25 12:48:56,020 [pool-277-thread-1] INFO  server.RaftServerConfigKeys (ConfUtils.java:logGet(43)) - raft.server.log.statemachine.data.sync.timeout = 10s (default)
2019-09-25 12:48:56,021 [pool-277-thread-1] INFO  server.RaftServerConfigKeys (ConfUtils.java:logGet(43)) - raft.server.log.statemachine.data.sync.timeout.retry = -1 (default)
2019-09-25 12:48:56,021 [pool-277-thread-1] INFO  server.RaftServerConfigKeys (ConfUtils.java:logGet(43)) - raft.server.log.statemachine.data.caching.enabled = true (custom)
2019-09-25 12:48:56,021 [pool-277-thread-1] INFO  segmented.SegmentedRaftLogWorker (SegmentedRaftLogWorker.java:lambda$new$0(132)) - e474d836-9357-4e4e-810d-bf6a0e77ec6f@group-D845F77926F2-SegmentedRaftLogWorker: flushIndex: setUnconditionally 0 -> -1
2019-09-25 12:48:56,021 [pool-277-thread-1] INFO  server.RaftServerConfigKeys (ConfUtils.java:logGet(43)) - raft.server.snapshot.auto.trigger.enabled = true (custom)
2019-09-25 12:48:56,021 [pool-277-thread-1] INFO  server.RaftServerConfigKeys (ConfUtils.java:logGet(43)) - raft.server.snapshot.auto.trigger.threshold = 10000 (custom)
2019-09-25 12:48:56,021 [pool-277-thread-1] INFO  server.RaftServerConfigKeys (ConfUtils.java:logGet(43)) - raft.server.snapshot.retention.num.files = 5 (custom)
2019-09-25 12:48:56,022 [pool-277-thread-1] INFO  server.RaftServerConfigKeys (ConfUtils.java:logGet(43)) - raft.server.retrycache.expirytime = 600000ms (custom)
2019-09-25 12:48:56,023 [pool-277-thread-1] INFO  impl.RaftServerImpl (RaftServerImpl.java:start(185)) - e474d836-9357-4e4e-810d-bf6a0e77ec6f@group-D845F77926F2: start as a follower, conf=-1: [e474d836-9357-4e4e-810d-bf6a0e77ec6f:192.168.151.73:42228], old=null
2019-09-25 12:48:56,023 [pool-277-thread-1] INFO  impl.RaftServerImpl (RaftServerImpl.java:setRole(174)) - e474d836-9357-4e4e-810d-bf6a0e77ec6f@group-D845F77926F2: changes role from      null to FOLLOWER at term 0 for startAsFollower
2019-09-25 12:48:56,023 [pool-277-thread-1] INFO  impl.RoleInfo (RoleInfo.java:updateAndGet(143)) - e474d836-9357-4e4e-810d-bf6a0e77ec6f: start FollowerState
2019-09-25 12:48:56,024 [pool-277-thread-1] INFO  util.JmxRegister (JmxRegister.java:tryRegister(44)) - Successfully registered JMX Bean with object name Ratis:service=RaftServer,group=group-D845F77926F2,id=e474d836-9357-4e4e-810d-bf6a0e77ec6f
2019-09-25 12:48:56,026 [RatisPipelineUtilsThread] INFO  pipeline.PipelineStateManager (PipelineStateManager.java:addPipeline(56)) - Created pipeline Pipeline[ Id: 7e468548-5e12-4a9f-aec2-d845f77926f2, Nodes: e474d836-9357-4e4e-810d-bf6a0e77ec6f{ip: 192.168.151.73, host: pr-hdds-1569-shd4m-3693607622, networkLocation: /default-rack, certSerialId: null}, Type:RATIS, Factor:ONE, State:OPEN]
2019-09-25 12:48:56,033 [grpc-default-executor-0] INFO  impl.RaftServerProxy (RaftServerProxy.java:addNew(89)) - c5030f33-4cb5-4710-a89a-bba9e1e467b2: addNew group-CDA655C4A0AD:[c5030f33-4cb5-4710-a89a-bba9e1e467b2:192.168.151.73:43395] returns group-CDA655C4A0AD:java.util.concurrent.CompletableFuture@45a2f223[Not completed]
2019-09-25 12:48:56,034 [pool-297-thread-1] INFO  impl.RaftServerImpl (RaftServerImpl.java:<init>(95)) - c5030f33-4cb5-4710-a89a-bba9e1e467b2: new RaftServerImpl for group-CDA655C4A0AD:[c5030f33-4cb5-4710-a89a-bba9e1e467b2:192.168.151.73:43395] with ContainerStateMachine:uninitialized
2019-09-25 12:48:56,034 [pool-297-thread-1] INFO  server.RaftServerConfigKeys (ConfUtils.java:logGet(43)) - raft.server.rpc.timeout.min = 5s (custom)
2019-09-25 12:48:56,034 [pool-297-thread-1] INFO  server.RaftServerConfigKeys (ConfUtils.java:logGet(43)) - raft.server.rpc.timeout.max = 5200ms (custom)
2019-09-25 12:48:56,035 [pool-297-thread-1] INFO  server.RaftServerConfigKeys (ConfUtils.java:logGet(43)) - raft.server.rpcslowness.timeout = 120s (custom)
2019-09-25 12:48:56,035 [pool-297-thread-1] INFO  server.RaftServerConfigKeys (ConfUtils.java:logGet(43)) - raft.server.sleep.deviation.threshold = 300 (default)
2019-09-25 12:48:56,035 [pool-297-thread-1] INFO  server.RaftServerConfigKeys (ConfUtils.java:logGet(43)) - raft.server.log.appender.install.snapshot.enabled = false (custom)
2019-09-25 12:48:56,035 [pool-297-thread-1] INFO  impl.RaftServerImpl (ServerState.java:<init>(103)) - c5030f33-4cb5-4710-a89a-bba9e1e467b2@group-CDA655C4A0AD: ConfigurationManager, init=-1: [c5030f33-4cb5-4710-a89a-bba9e1e467b2:192.168.151.73:43395], old=null, confs=<EMPTY_MAP>
2019-09-25 12:48:56,035 [pool-297-thread-1] INFO  server.RaftServerConfigKeys (ConfUtils.java:logGet(43)) - raft.server.storage.dir = [/workdir/hadoop-ozone/ozonefs/target/test-dir/MiniOzoneClusterImpl-f5305ca6-33bd-4b6f-9102-c854bc6f4652/datanode-2/data/ratis] (custom)
2019-09-25 12:48:56,036 [pool-297-thread-1] INFO  storage.RaftStorageDirectory (RaftStorageDirectory.java:analyzeStorage(246)) - The storage directory /workdir/hadoop-ozone/ozonefs/target/test-dir/MiniOzoneClusterImpl-f5305ca6-33bd-4b6f-9102-c854bc6f4652/datanode-2/data/ratis/3cb7a4bd-f1f7-4790-a648-cda655c4a0ad does not exist. Creating ...
2019-09-25 12:48:56,059 [pool-297-thread-1] INFO  storage.RaftStorageDirectory (RaftStorageDirectory.java:tryLock(328)) - Lock on /workdir/hadoop-ozone/ozonefs/target/test-dir/MiniOzoneClusterImpl-f5305ca6-33bd-4b6f-9102-c854bc6f4652/datanode-2/data/ratis/3cb7a4bd-f1f7-4790-a648-cda655c4a0ad/in_use.lock acquired by nodename 24831@pr-hdds-1569-shd4m-3693607622
2019-09-25 12:48:56,073 [pool-297-thread-1] INFO  storage.RaftStorage (RaftStorage.java:format(72)) - Storage directory /workdir/hadoop-ozone/ozonefs/target/test-dir/MiniOzoneClusterImpl-f5305ca6-33bd-4b6f-9102-c854bc6f4652/datanode-2/data/ratis/3cb7a4bd-f1f7-4790-a648-cda655c4a0ad has been successfully formatted.
2019-09-25 12:48:56,073 [pool-297-thread-1] INFO  ratis.ContainerStateMachine (ContainerStateMachine.java:loadSnapshot(230)) - group-CDA655C4A0AD: The snapshot info is null. Setting the last applied indexto:(t:0, i:~)
2019-09-25 12:48:56,073 [pool-297-thread-1] INFO  server.RaftServerConfigKeys (ConfUtils.java:logGet(43)) - raft.server.notification.no-leader.timeout = 120s (custom)
2019-09-25 12:48:56,074 [pool-297-thread-1] INFO  server.RaftServerConfigKeys (ConfUtils.java:logGet(43)) - raft.server.log.use.memory = false (default)
2019-09-25 12:48:56,074 [pool-297-thread-1] INFO  server.RaftServerConfigKeys (ConfUtils.java:logGet(43)) - raft.server.log.purge.gap = 1000000 (custom)
2019-09-25 12:48:56,074 [pool-297-thread-1] INFO  server.RaftServerConfigKeys (ConfUtils.java:logGet(43)) - raft.server.log.appender.buffer.byte-limit = 33554432 (custom)
2019-09-25 12:48:56,074 [pool-297-thread-1] INFO  server.RaftServerConfigKeys (ConfUtils.java:logGet(43)) - raft.server.log.segment.size.max = 1048576 (custom)
2019-09-25 12:48:56,074 [pool-297-thread-1] INFO  server.RaftServerConfigKeys (ConfUtils.java:logGet(43)) - raft.server.log.segment.cache.num.max = 2 (custom)
2019-09-25 12:48:56,074 [pool-297-thread-1] INFO  segmented.SegmentedRaftLogWorker (SegmentedRaftLogWorker.java:<init>(172)) - new c5030f33-4cb5-4710-a89a-bba9e1e467b2@group-CDA655C4A0AD-SegmentedRaftLogWorker for RaftStorage:Storage Directory /workdir/hadoop-ozone/ozonefs/target/test-dir/MiniOzoneClusterImpl-f5305ca6-33bd-4b6f-9102-c854bc6f4652/datanode-2/data/ratis/3cb7a4bd-f1f7-4790-a648-cda655c4a0ad
2019-09-25 12:48:56,076 [pool-297-thread-1] INFO  server.RaftServerConfigKeys (ConfUtils.java:logGet(43)) - raft.server.log.queue.byte-limit = 2147483647 (custom)
2019-09-25 12:48:56,076 [pool-297-thread-1] INFO  server.RaftServerConfigKeys (ConfUtils.java:logGet(43)) - raft.server.log.queue.element-limit = 1024 (custom)
2019-09-25 12:48:56,077 [pool-297-thread-1] INFO  server.RaftServerConfigKeys (ConfUtils.java:logGet(43)) - raft.server.log.segment.size.max = 1048576 (custom)
2019-09-25 12:48:56,077 [pool-297-thread-1] INFO  server.RaftServerConfigKeys (ConfUtils.java:logGet(43)) - raft.server.log.preallocated.size = 16384 (custom)
2019-09-25 12:48:56,077 [pool-297-thread-1] INFO  server.RaftServerConfigKeys (ConfUtils.java:logGet(43)) - raft.server.log.write.buffer.size = 33554432 (custom)
2019-09-25 12:48:56,077 [pool-297-thread-1] INFO  server.RaftServerConfigKeys (ConfUtils.java:logGet(43)) - raft.server.log.force.sync.num = 128 (default)
2019-09-25 12:48:56,077 [pool-297-thread-1] INFO  server.RaftServerConfigKeys (ConfUtils.java:logGet(43)) - raft.server.log.statemachine.data.sync = true (default)
2019-09-25 12:48:56,077 [pool-297-thread-1] INFO  server.RaftServerConfigKeys (ConfUtils.java:logGet(43)) - raft.server.log.statemachine.data.sync.timeout = 10s (default)
2019-09-25 12:48:56,078 [pool-297-thread-1] INFO  server.RaftServerConfigKeys (ConfUtils.java:logGet(43)) - raft.server.log.statemachine.data.sync.timeout.retry = -1 (default)
2019-09-25 12:48:56,078 [pool-297-thread-1] INFO  server.RaftServerConfigKeys (ConfUtils.java:logGet(43)) - raft.server.log.statemachine.data.caching.enabled = true (custom)
2019-09-25 12:48:56,078 [pool-297-thread-1] INFO  segmented.SegmentedRaftLogWorker (SegmentedRaftLogWorker.java:lambda$new$0(132)) - c5030f33-4cb5-4710-a89a-bba9e1e467b2@group-CDA655C4A0AD-SegmentedRaftLogWorker: flushIndex: setUnconditionally 0 -> -1
2019-09-25 12:48:56,078 [pool-297-thread-1] INFO  server.RaftServerConfigKeys (ConfUtils.java:logGet(43)) - raft.server.snapshot.auto.trigger.enabled = true (custom)
2019-09-25 12:48:56,079 [pool-297-thread-1] INFO  server.RaftServerConfigKeys (ConfUtils.java:logGet(43)) - raft.server.snapshot.auto.trigger.threshold = 10000 (custom)
2019-09-25 12:48:56,079 [pool-297-thread-1] INFO  server.RaftServerConfigKeys (ConfUtils.java:logGet(43)) - raft.server.snapshot.retention.num.files = 5 (custom)
2019-09-25 12:48:56,079 [pool-297-thread-1] INFO  server.RaftServerConfigKeys (ConfUtils.java:logGet(43)) - raft.server.retrycache.expirytime = 600000ms (custom)
2019-09-25 12:48:56,081 [pool-297-thread-1] INFO  impl.RaftServerImpl (RaftServerImpl.java:start(185)) - c5030f33-4cb5-4710-a89a-bba9e1e467b2@group-CDA655C4A0AD: start as a follower, conf=-1: [c5030f33-4cb5-4710-a89a-bba9e1e467b2:192.168.151.73:43395], old=null
2019-09-25 12:48:56,081 [pool-297-thread-1] INFO  impl.RaftServerImpl (RaftServerImpl.java:setRole(174)) - c5030f33-4cb5-4710-a89a-bba9e1e467b2@group-CDA655C4A0AD: changes role from      null to FOLLOWER at term 0 for startAsFollower
2019-09-25 12:48:56,081 [pool-297-thread-1] INFO  impl.RoleInfo (RoleInfo.java:updateAndGet(143)) - c5030f33-4cb5-4710-a89a-bba9e1e467b2: start FollowerState
2019-09-25 12:48:56,081 [pool-297-thread-1] INFO  util.JmxRegister (JmxRegister.java:tryRegister(44)) - Successfully registered JMX Bean with object name Ratis:service=RaftServer,group=group-CDA655C4A0AD,id=c5030f33-4cb5-4710-a89a-bba9e1e467b2
2019-09-25 12:48:56,084 [RatisPipelineUtilsThread] INFO  pipeline.PipelineStateManager (PipelineStateManager.java:addPipeline(56)) - Created pipeline Pipeline[ Id: 3cb7a4bd-f1f7-4790-a648-cda655c4a0ad, Nodes: c5030f33-4cb5-4710-a89a-bba9e1e467b2{ip: 192.168.151.73, host: pr-hdds-1569-shd4m-3693607622, networkLocation: /default-rack, certSerialId: null}, Type:RATIS, Factor:ONE, State:OPEN]
2019-09-25 12:48:56,089 [grpc-default-executor-0] INFO  impl.RaftServerProxy (RaftServerProxy.java:addNew(89)) - e474d836-9357-4e4e-810d-bf6a0e77ec6f: addNew group-EBB9C578BAB9:[e474d836-9357-4e4e-810d-bf6a0e77ec6f:192.168.151.73:42228] returns group-EBB9C578BAB9:java.util.concurrent.CompletableFuture@1660b113[Not completed]
2019-09-25 12:48:56,090 [pool-277-thread-1] INFO  impl.RaftServerImpl (RaftServerImpl.java:<init>(95)) - e474d836-9357-4e4e-810d-bf6a0e77ec6f: new RaftServerImpl for group-EBB9C578BAB9:[e474d836-9357-4e4e-810d-bf6a0e77ec6f:192.168.151.73:42228] with ContainerStateMachine:uninitialized
2019-09-25 12:48:56,090 [pool-277-thread-1] INFO  server.RaftServerConfigKeys (ConfUtils.java:logGet(43)) - raft.server.rpc.timeout.min = 5s (custom)
2019-09-25 12:48:56,090 [pool-277-thread-1] INFO  server.RaftServerConfigKeys (ConfUtils.java:logGet(43)) - raft.server.rpc.timeout.max = 5200ms (custom)
2019-09-25 12:48:56,090 [pool-277-thread-1] INFO  server.RaftServerConfigKeys (ConfUtils.java:logGet(43)) - raft.server.rpcslowness.timeout = 120s (custom)
2019-09-25 12:48:56,090 [pool-277-thread-1] INFO  server.RaftServerConfigKeys (ConfUtils.java:logGet(43)) - raft.server.sleep.deviation.threshold = 300 (default)
2019-09-25 12:48:56,091 [pool-277-thread-1] INFO  server.RaftServerConfigKeys (ConfUtils.java:logGet(43)) - raft.server.log.appender.install.snapshot.enabled = false (custom)
2019-09-25 12:48:56,091 [pool-277-thread-1] INFO  impl.RaftServerImpl (ServerState.java:<init>(103)) - e474d836-9357-4e4e-810d-bf6a0e77ec6f@group-EBB9C578BAB9: ConfigurationManager, init=-1: [e474d836-9357-4e4e-810d-bf6a0e77ec6f:192.168.151.73:42228], old=null, confs=<EMPTY_MAP>
2019-09-25 12:48:56,091 [pool-277-thread-1] INFO  server.RaftServerConfigKeys (ConfUtils.java:logGet(43)) - raft.server.storage.dir = [/workdir/hadoop-ozone/ozonefs/target/test-dir/MiniOzoneClusterImpl-f5305ca6-33bd-4b6f-9102-c854bc6f4652/datanode-0/data/ratis] (custom)
2019-09-25 12:48:56,091 [pool-277-thread-1] INFO  storage.RaftStorageDirectory (RaftStorageDirectory.java:analyzeStorage(246)) - The storage directory /workdir/hadoop-ozone/ozonefs/target/test-dir/MiniOzoneClusterImpl-f5305ca6-33bd-4b6f-9102-c854bc6f4652/datanode-0/data/ratis/33d4769c-d3e5-4682-a60a-ebb9c578bab9 does not exist. Creating ...
2019-09-25 12:48:56,094 [pool-277-thread-1] INFO  storage.RaftStorageDirectory (RaftStorageDirectory.java:tryLock(328)) - Lock on /workdir/hadoop-ozone/ozonefs/target/test-dir/MiniOzoneClusterImpl-f5305ca6-33bd-4b6f-9102-c854bc6f4652/datanode-0/data/ratis/33d4769c-d3e5-4682-a60a-ebb9c578bab9/in_use.lock acquired by nodename 24831@pr-hdds-1569-shd4m-3693607622
2019-09-25 12:48:56,098 [pool-277-thread-1] INFO  storage.RaftStorage (RaftStorage.java:format(72)) - Storage directory /workdir/hadoop-ozone/ozonefs/target/test-dir/MiniOzoneClusterImpl-f5305ca6-33bd-4b6f-9102-c854bc6f4652/datanode-0/data/ratis/33d4769c-d3e5-4682-a60a-ebb9c578bab9 has been successfully formatted.
2019-09-25 12:48:56,099 [pool-277-thread-1] INFO  ratis.ContainerStateMachine (ContainerStateMachine.java:loadSnapshot(230)) - group-EBB9C578BAB9: The snapshot info is null. Setting the last applied indexto:(t:0, i:~)
2019-09-25 12:48:56,099 [pool-277-thread-1] INFO  server.RaftServerConfigKeys (ConfUtils.java:logGet(43)) - raft.server.notification.no-leader.timeout = 120s (custom)
2019-09-25 12:48:56,099 [pool-277-thread-1] INFO  server.RaftServerConfigKeys (ConfUtils.java:logGet(43)) - raft.server.log.use.memory = false (default)
2019-09-25 12:48:56,099 [pool-277-thread-1] INFO  server.RaftServerConfigKeys (ConfUtils.java:logGet(43)) - raft.server.log.purge.gap = 1000000 (custom)
2019-09-25 12:48:56,099 [pool-277-thread-1] INFO  server.RaftServerConfigKeys (ConfUtils.java:logGet(43)) - raft.server.log.appender.buffer.byte-limit = 33554432 (custom)
2019-09-25 12:48:56,099 [pool-277-thread-1] INFO  server.RaftServerConfigKeys (ConfUtils.java:logGet(43)) - raft.server.log.segment.size.max = 1048576 (custom)
2019-09-25 12:48:56,099 [pool-277-thread-1] INFO  server.RaftServerConfigKeys (ConfUtils.java:logGet(43)) - raft.server.log.segment.cache.num.max = 2 (custom)
2019-09-25 12:48:56,100 [pool-277-thread-1] INFO  segmented.SegmentedRaftLogWorker (SegmentedRaftLogWorker.java:<init>(172)) - new e474d836-9357-4e4e-810d-bf6a0e77ec6f@group-EBB9C578BAB9-SegmentedRaftLogWorker for RaftStorage:Storage Directory /workdir/hadoop-ozone/ozonefs/target/test-dir/MiniOzoneClusterImpl-f5305ca6-33bd-4b6f-9102-c854bc6f4652/datanode-0/data/ratis/33d4769c-d3e5-4682-a60a-ebb9c578bab9
2019-09-25 12:48:56,100 [pool-277-thread-1] INFO  server.RaftServerConfigKeys (ConfUtils.java:logGet(43)) - raft.server.log.queue.byte-limit = 2147483647 (custom)
2019-09-25 12:48:56,100 [pool-277-thread-1] INFO  server.RaftServerConfigKeys (ConfUtils.java:logGet(43)) - raft.server.log.queue.element-limit = 1024 (custom)
2019-09-25 12:48:56,100 [pool-277-thread-1] INFO  server.RaftServerConfigKeys (ConfUtils.java:logGet(43)) - raft.server.log.segment.size.max = 1048576 (custom)
2019-09-25 12:48:56,100 [pool-277-thread-1] INFO  server.RaftServerConfigKeys (ConfUtils.java:logGet(43)) - raft.server.log.preallocated.size = 16384 (custom)
2019-09-25 12:48:56,100 [pool-277-thread-1] INFO  server.RaftServerConfigKeys (ConfUtils.java:logGet(43)) - raft.server.log.write.buffer.size = 33554432 (custom)
2019-09-25 12:48:56,100 [pool-277-thread-1] INFO  server.RaftServerConfigKeys (ConfUtils.java:logGet(43)) - raft.server.log.force.sync.num = 128 (default)
2019-09-25 12:48:56,101 [pool-277-thread-1] INFO  server.RaftServerConfigKeys (ConfUtils.java:logGet(43)) - raft.server.log.statemachine.data.sync = true (default)
2019-09-25 12:48:56,101 [pool-277-thread-1] INFO  server.RaftServerConfigKeys (ConfUtils.java:logGet(43)) - raft.server.log.statemachine.data.sync.timeout = 10s (default)
2019-09-25 12:48:56,101 [pool-277-thread-1] INFO  server.RaftServerConfigKeys (ConfUtils.java:logGet(43)) - raft.server.log.statemachine.data.sync.timeout.retry = -1 (default)
2019-09-25 12:48:56,101 [pool-277-thread-1] INFO  server.RaftServerConfigKeys (ConfUtils.java:logGet(43)) - raft.server.log.statemachine.data.caching.enabled = true (custom)
2019-09-25 12:48:56,101 [pool-277-thread-1] INFO  segmented.SegmentedRaftLogWorker (SegmentedRaftLogWorker.java:lambda$new$0(132)) - e474d836-9357-4e4e-810d-bf6a0e77ec6f@group-EBB9C578BAB9-SegmentedRaftLogWorker: flushIndex: setUnconditionally 0 -> -1
2019-09-25 12:48:56,102 [pool-277-thread-1] INFO  server.RaftServerConfigKeys (ConfUtils.java:logGet(43)) - raft.server.snapshot.auto.trigger.enabled = true (custom)
2019-09-25 12:48:56,102 [pool-277-thread-1] INFO  server.RaftServerConfigKeys (ConfUtils.java:logGet(43)) - raft.server.snapshot.auto.trigger.threshold = 10000 (custom)
2019-09-25 12:48:56,102 [pool-277-thread-1] INFO  server.RaftServerConfigKeys (ConfUtils.java:logGet(43)) - raft.server.snapshot.retention.num.files = 5 (custom)
2019-09-25 12:48:56,102 [pool-277-thread-1] INFO  server.RaftServerConfigKeys (ConfUtils.java:logGet(43)) - raft.server.retrycache.expirytime = 600000ms (custom)
2019-09-25 12:48:56,104 [pool-277-thread-1] INFO  impl.RaftServerImpl (RaftServerImpl.java:start(185)) - e474d836-9357-4e4e-810d-bf6a0e77ec6f@group-EBB9C578BAB9: start as a follower, conf=-1: [e474d836-9357-4e4e-810d-bf6a0e77ec6f:192.168.151.73:42228], old=null
2019-09-25 12:48:56,104 [pool-277-thread-1] INFO  impl.RaftServerImpl (RaftServerImpl.java:setRole(174)) - e474d836-9357-4e4e-810d-bf6a0e77ec6f@group-EBB9C578BAB9: changes role from      null to FOLLOWER at term 0 for startAsFollower
2019-09-25 12:48:56,104 [pool-277-thread-1] INFO  impl.RoleInfo (RoleInfo.java:updateAndGet(143)) - e474d836-9357-4e4e-810d-bf6a0e77ec6f: start FollowerState
2019-09-25 12:48:56,104 [pool-277-thread-1] INFO  util.JmxRegister (JmxRegister.java:tryRegister(44)) - Successfully registered JMX Bean with object name Ratis:service=RaftServer,group=group-EBB9C578BAB9,id=e474d836-9357-4e4e-810d-bf6a0e77ec6f
2019-09-25 12:48:56,107 [RatisPipelineUtilsThread] INFO  pipeline.PipelineStateManager (PipelineStateManager.java:addPipeline(56)) - Created pipeline Pipeline[ Id: 33d4769c-d3e5-4682-a60a-ebb9c578bab9, Nodes: e474d836-9357-4e4e-810d-bf6a0e77ec6f{ip: 192.168.151.73, host: pr-hdds-1569-shd4m-3693607622, networkLocation: /default-rack, certSerialId: null}, Type:RATIS, Factor:ONE, State:OPEN]
2019-09-25 12:48:56,111 [grpc-default-executor-0] INFO  impl.RaftServerProxy (RaftServerProxy.java:addNew(89)) - e474d836-9357-4e4e-810d-bf6a0e77ec6f: addNew group-4AF60C8F88F7:[e474d836-9357-4e4e-810d-bf6a0e77ec6f:192.168.151.73:42228] returns group-4AF60C8F88F7:java.util.concurrent.CompletableFuture@2f5cce3a[Not completed]
2019-09-25 12:48:56,112 [pool-277-thread-1] INFO  impl.RaftServerImpl (RaftServerImpl.java:<init>(95)) - e474d836-9357-4e4e-810d-bf6a0e77ec6f: new RaftServerImpl for group-4AF60C8F88F7:[e474d836-9357-4e4e-810d-bf6a0e77ec6f:192.168.151.73:42228] with ContainerStateMachine:uninitialized
2019-09-25 12:48:56,112 [pool-277-thread-1] INFO  server.RaftServerConfigKeys (ConfUtils.java:logGet(43)) - raft.server.rpc.timeout.min = 5s (custom)
2019-09-25 12:48:56,113 [pool-277-thread-1] INFO  server.RaftServerConfigKeys (ConfUtils.java:logGet(43)) - raft.server.rpc.timeout.max = 5200ms (custom)
2019-09-25 12:48:56,113 [pool-277-thread-1] INFO  server.RaftServerConfigKeys (ConfUtils.java:logGet(43)) - raft.server.rpcslowness.timeout = 120s (custom)
2019-09-25 12:48:56,113 [pool-277-thread-1] INFO  server.RaftServerConfigKeys (ConfUtils.java:logGet(43)) - raft.server.sleep.deviation.threshold = 300 (default)
2019-09-25 12:48:56,113 [pool-277-thread-1] INFO  server.RaftServerConfigKeys (ConfUtils.java:logGet(43)) - raft.server.log.appender.install.snapshot.enabled = false (custom)
2019-09-25 12:48:56,113 [pool-277-thread-1] INFO  impl.RaftServerImpl (ServerState.java:<init>(103)) - e474d836-9357-4e4e-810d-bf6a0e77ec6f@group-4AF60C8F88F7: ConfigurationManager, init=-1: [e474d836-9357-4e4e-810d-bf6a0e77ec6f:192.168.151.73:42228], old=null, confs=<EMPTY_MAP>
2019-09-25 12:48:56,113 [pool-277-thread-1] INFO  server.RaftServerConfigKeys (ConfUtils.java:logGet(43)) - raft.server.storage.dir = [/workdir/hadoop-ozone/ozonefs/target/test-dir/MiniOzoneClusterImpl-f5305ca6-33bd-4b6f-9102-c854bc6f4652/datanode-0/data/ratis] (custom)
2019-09-25 12:48:56,113 [pool-277-thread-1] INFO  storage.RaftStorageDirectory (RaftStorageDirectory.java:analyzeStorage(246)) - The storage directory /workdir/hadoop-ozone/ozonefs/target/test-dir/MiniOzoneClusterImpl-f5305ca6-33bd-4b6f-9102-c854bc6f4652/datanode-0/data/ratis/fddb26fe-302e-40bc-a828-4af60c8f88f7 does not exist. Creating ...
2019-09-25 12:48:56,117 [pool-277-thread-1] INFO  storage.RaftStorageDirectory (RaftStorageDirectory.java:tryLock(328)) - Lock on /workdir/hadoop-ozone/ozonefs/target/test-dir/MiniOzoneClusterImpl-f5305ca6-33bd-4b6f-9102-c854bc6f4652/datanode-0/data/ratis/fddb26fe-302e-40bc-a828-4af60c8f88f7/in_use.lock acquired by nodename 24831@pr-hdds-1569-shd4m-3693607622
2019-09-25 12:48:56,120 [pool-277-thread-1] INFO  storage.RaftStorage (RaftStorage.java:format(72)) - Storage directory /workdir/hadoop-ozone/ozonefs/target/test-dir/MiniOzoneClusterImpl-f5305ca6-33bd-4b6f-9102-c854bc6f4652/datanode-0/data/ratis/fddb26fe-302e-40bc-a828-4af60c8f88f7 has been successfully formatted.
2019-09-25 12:48:56,121 [pool-277-thread-1] INFO  ratis.ContainerStateMachine (ContainerStateMachine.java:loadSnapshot(230)) - group-4AF60C8F88F7: The snapshot info is null. Setting the last applied indexto:(t:0, i:~)
2019-09-25 12:48:56,121 [pool-277-thread-1] INFO  server.RaftServerConfigKeys (ConfUtils.java:logGet(43)) - raft.server.notification.no-leader.timeout = 120s (custom)
2019-09-25 12:48:56,121 [pool-277-thread-1] INFO  server.RaftServerConfigKeys (ConfUtils.java:logGet(43)) - raft.server.log.use.memory = false (default)
2019-09-25 12:48:56,121 [pool-277-thread-1] INFO  server.RaftServerConfigKeys (ConfUtils.java:logGet(43)) - raft.server.log.purge.gap = 1000000 (custom)
2019-09-25 12:48:56,121 [pool-277-thread-1] INFO  server.RaftServerConfigKeys (ConfUtils.java:logGet(43)) - raft.server.log.appender.buffer.byte-limit = 33554432 (custom)
2019-09-25 12:48:56,121 [pool-277-thread-1] INFO  server.RaftServerConfigKeys (ConfUtils.java:logGet(43)) - raft.server.log.segment.size.max = 1048576 (custom)
2019-09-25 12:48:56,121 [pool-277-thread-1] INFO  server.RaftServerConfigKeys (ConfUtils.java:logGet(43)) - raft.server.log.segment.cache.num.max = 2 (custom)
2019-09-25 12:48:56,122 [pool-277-thread-1] INFO  segmented.SegmentedRaftLogWorker (SegmentedRaftLogWorker.java:<init>(172)) - new e474d836-9357-4e4e-810d-bf6a0e77ec6f@group-4AF60C8F88F7-SegmentedRaftLogWorker for RaftStorage:Storage Directory /workdir/hadoop-ozone/ozonefs/target/test-dir/MiniOzoneClusterImpl-f5305ca6-33bd-4b6f-9102-c854bc6f4652/datanode-0/data/ratis/fddb26fe-302e-40bc-a828-4af60c8f88f7
2019-09-25 12:48:56,122 [pool-277-thread-1] INFO  server.RaftServerConfigKeys (ConfUtils.java:logGet(43)) - raft.server.log.queue.byte-limit = 2147483647 (custom)
2019-09-25 12:48:56,122 [pool-277-thread-1] INFO  server.RaftServerConfigKeys (ConfUtils.java:logGet(43)) - raft.server.log.queue.element-limit = 1024 (custom)
2019-09-25 12:48:56,122 [pool-277-thread-1] INFO  server.RaftServerConfigKeys (ConfUtils.java:logGet(43)) - raft.server.log.segment.size.max = 1048576 (custom)
2019-09-25 12:48:56,122 [pool-277-thread-1] INFO  server.RaftServerConfigKeys (ConfUtils.java:logGet(43)) - raft.server.log.preallocated.size = 16384 (custom)
2019-09-25 12:48:56,122 [pool-277-thread-1] INFO  server.RaftServerConfigKeys (ConfUtils.java:logGet(43)) - raft.server.log.write.buffer.size = 33554432 (custom)
2019-09-25 12:48:56,122 [pool-277-thread-1] INFO  server.RaftServerConfigKeys (ConfUtils.java:logGet(43)) - raft.server.log.force.sync.num = 128 (default)
2019-09-25 12:48:56,122 [pool-277-thread-1] INFO  server.RaftServerConfigKeys (ConfUtils.java:logGet(43)) - raft.server.log.statemachine.data.sync = true (default)
2019-09-25 12:48:56,123 [pool-277-thread-1] INFO  server.RaftServerConfigKeys (ConfUtils.java:logGet(43)) - raft.server.log.statemachine.data.sync.timeout = 10s (default)
2019-09-25 12:48:56,123 [pool-277-thread-1] INFO  server.RaftServerConfigKeys (ConfUtils.java:logGet(43)) - raft.server.log.statemachine.data.sync.timeout.retry = -1 (default)
2019-09-25 12:48:56,123 [pool-277-thread-1] INFO  server.RaftServerConfigKeys (ConfUtils.java:logGet(43)) - raft.server.log.statemachine.data.caching.enabled = true (custom)
2019-09-25 12:48:56,123 [pool-277-thread-1] INFO  segmented.SegmentedRaftLogWorker (SegmentedRaftLogWorker.java:lambda$new$0(132)) - e474d836-9357-4e4e-810d-bf6a0e77ec6f@group-4AF60C8F88F7-SegmentedRaftLogWorker: flushIndex: setUnconditionally 0 -> -1
2019-09-25 12:48:56,123 [pool-277-thread-1] INFO  server.RaftServerConfigKeys (ConfUtils.java:logGet(43)) - raft.server.snapshot.auto.trigger.enabled = true (custom)
2019-09-25 12:48:56,123 [pool-277-thread-1] INFO  server.RaftServerConfigKeys (ConfUtils.java:logGet(43)) - raft.server.snapshot.auto.trigger.threshold = 10000 (custom)
2019-09-25 12:48:56,124 [pool-277-thread-1] INFO  server.RaftServerConfigKeys (ConfUtils.java:logGet(43)) - raft.server.snapshot.retention.num.files = 5 (custom)
2019-09-25 12:48:56,124 [pool-277-thread-1] INFO  server.RaftServerConfigKeys (ConfUtils.java:logGet(43)) - raft.server.retrycache.expirytime = 600000ms (custom)
2019-09-25 12:48:56,125 [pool-277-thread-1] INFO  impl.RaftServerImpl (RaftServerImpl.java:start(185)) - e474d836-9357-4e4e-810d-bf6a0e77ec6f@group-4AF60C8F88F7: start as a follower, conf=-1: [e474d836-9357-4e4e-810d-bf6a0e77ec6f:192.168.151.73:42228], old=null
2019-09-25 12:48:56,125 [pool-277-thread-1] INFO  impl.RaftServerImpl (RaftServerImpl.java:setRole(174)) - e474d836-9357-4e4e-810d-bf6a0e77ec6f@group-4AF60C8F88F7: changes role from      null to FOLLOWER at term 0 for startAsFollower
2019-09-25 12:48:56,125 [pool-277-thread-1] INFO  impl.RoleInfo (RoleInfo.java:updateAndGet(143)) - e474d836-9357-4e4e-810d-bf6a0e77ec6f: start FollowerState
2019-09-25 12:48:56,126 [pool-277-thread-1] INFO  util.JmxRegister (JmxRegister.java:tryRegister(44)) - Successfully registered JMX Bean with object name Ratis:service=RaftServer,group=group-4AF60C8F88F7,id=e474d836-9357-4e4e-810d-bf6a0e77ec6f
2019-09-25 12:48:56,127 [RatisPipelineUtilsThread] INFO  pipeline.PipelineStateManager (PipelineStateManager.java:addPipeline(56)) - Created pipeline Pipeline[ Id: fddb26fe-302e-40bc-a828-4af60c8f88f7, Nodes: e474d836-9357-4e4e-810d-bf6a0e77ec6f{ip: 192.168.151.73, host: pr-hdds-1569-shd4m-3693607622, networkLocation: /default-rack, certSerialId: null}, Type:RATIS, Factor:ONE, State:OPEN]
2019-09-25 12:48:56,131 [grpc-default-executor-0] INFO  impl.RaftServerProxy (RaftServerProxy.java:addNew(89)) - 3243c737-994e-484d-8a3b-380030115cc1: addNew group-C33516944F37:[3243c737-994e-484d-8a3b-380030115cc1:192.168.151.73:45992] returns group-C33516944F37:java.util.concurrent.CompletableFuture@4bb3e584[Not completed]
2019-09-25 12:48:56,132 [pool-287-thread-1] INFO  impl.RaftServerImpl (RaftServerImpl.java:<init>(95)) - 3243c737-994e-484d-8a3b-380030115cc1: new RaftServerImpl for group-C33516944F37:[3243c737-994e-484d-8a3b-380030115cc1:192.168.151.73:45992] with ContainerStateMachine:uninitialized
2019-09-25 12:48:56,132 [pool-287-thread-1] INFO  server.RaftServerConfigKeys (ConfUtils.java:logGet(43)) - raft.server.rpc.timeout.min = 5s (custom)
2019-09-25 12:48:56,132 [pool-287-thread-1] INFO  server.RaftServerConfigKeys (ConfUtils.java:logGet(43)) - raft.server.rpc.timeout.max = 5200ms (custom)
2019-09-25 12:48:56,132 [pool-287-thread-1] INFO  server.RaftServerConfigKeys (ConfUtils.java:logGet(43)) - raft.server.rpcslowness.timeout = 120s (custom)
2019-09-25 12:48:56,132 [pool-287-thread-1] INFO  server.RaftServerConfigKeys (ConfUtils.java:logGet(43)) - raft.server.sleep.deviation.threshold = 300 (default)
2019-09-25 12:48:56,133 [pool-287-thread-1] INFO  server.RaftServerConfigKeys (ConfUtils.java:logGet(43)) - raft.server.log.appender.install.snapshot.enabled = false (custom)
2019-09-25 12:48:56,133 [pool-287-thread-1] INFO  impl.RaftServerImpl (ServerState.java:<init>(103)) - 3243c737-994e-484d-8a3b-380030115cc1@group-C33516944F37: ConfigurationManager, init=-1: [3243c737-994e-484d-8a3b-380030115cc1:192.168.151.73:45992], old=null, confs=<EMPTY_MAP>
2019-09-25 12:48:56,133 [pool-287-thread-1] INFO  server.RaftServerConfigKeys (ConfUtils.java:logGet(43)) - raft.server.storage.dir = [/workdir/hadoop-ozone/ozonefs/target/test-dir/MiniOzoneClusterImpl-f5305ca6-33bd-4b6f-9102-c854bc6f4652/datanode-1/data/ratis] (custom)
2019-09-25 12:48:56,133 [pool-287-thread-1] INFO  storage.RaftStorageDirectory (RaftStorageDirectory.java:analyzeStorage(246)) - The storage directory /workdir/hadoop-ozone/ozonefs/target/test-dir/MiniOzoneClusterImpl-f5305ca6-33bd-4b6f-9102-c854bc6f4652/datanode-1/data/ratis/ec5b0345-3ec7-4d04-8ee2-c33516944f37 does not exist. Creating ...
2019-09-25 12:48:56,166 [pool-287-thread-1] INFO  storage.RaftStorageDirectory (RaftStorageDirectory.java:tryLock(328)) - Lock on /workdir/hadoop-ozone/ozonefs/target/test-dir/MiniOzoneClusterImpl-f5305ca6-33bd-4b6f-9102-c854bc6f4652/datanode-1/data/ratis/ec5b0345-3ec7-4d04-8ee2-c33516944f37/in_use.lock acquired by nodename 24831@pr-hdds-1569-shd4m-3693607622
2019-09-25 12:48:56,189 [pool-287-thread-1] INFO  storage.RaftStorage (RaftStorage.java:format(72)) - Storage directory /workdir/hadoop-ozone/ozonefs/target/test-dir/MiniOzoneClusterImpl-f5305ca6-33bd-4b6f-9102-c854bc6f4652/datanode-1/data/ratis/ec5b0345-3ec7-4d04-8ee2-c33516944f37 has been successfully formatted.
2019-09-25 12:48:56,189 [pool-287-thread-1] INFO  ratis.ContainerStateMachine (ContainerStateMachine.java:loadSnapshot(230)) - group-C33516944F37: The snapshot info is null. Setting the last applied indexto:(t:0, i:~)
2019-09-25 12:48:56,189 [pool-287-thread-1] INFO  server.RaftServerConfigKeys (ConfUtils.java:logGet(43)) - raft.server.notification.no-leader.timeout = 120s (custom)
2019-09-25 12:48:56,189 [pool-287-thread-1] INFO  server.RaftServerConfigKeys (ConfUtils.java:logGet(43)) - raft.server.log.use.memory = false (default)
2019-09-25 12:48:56,189 [pool-287-thread-1] INFO  server.RaftServerConfigKeys (ConfUtils.java:logGet(43)) - raft.server.log.purge.gap = 1000000 (custom)
2019-09-25 12:48:56,189 [pool-287-thread-1] INFO  server.RaftServerConfigKeys (ConfUtils.java:logGet(43)) - raft.server.log.appender.buffer.byte-limit = 33554432 (custom)
2019-09-25 12:48:56,189 [pool-287-thread-1] INFO  server.RaftServerConfigKeys (ConfUtils.java:logGet(43)) - raft.server.log.segment.size.max = 1048576 (custom)
2019-09-25 12:48:56,189 [pool-287-thread-1] INFO  server.RaftServerConfigKeys (ConfUtils.java:logGet(43)) - raft.server.log.segment.cache.num.max = 2 (custom)
2019-09-25 12:48:56,190 [pool-287-thread-1] INFO  segmented.SegmentedRaftLogWorker (SegmentedRaftLogWorker.java:<init>(172)) - new 3243c737-994e-484d-8a3b-380030115cc1@group-C33516944F37-SegmentedRaftLogWorker for RaftStorage:Storage Directory /workdir/hadoop-ozone/ozonefs/target/test-dir/MiniOzoneClusterImpl-f5305ca6-33bd-4b6f-9102-c854bc6f4652/datanode-1/data/ratis/ec5b0345-3ec7-4d04-8ee2-c33516944f37
2019-09-25 12:48:56,190 [pool-287-thread-1] INFO  server.RaftServerConfigKeys (ConfUtils.java:logGet(43)) - raft.server.log.queue.byte-limit = 2147483647 (custom)
2019-09-25 12:48:56,190 [pool-287-thread-1] INFO  server.RaftServerConfigKeys (ConfUtils.java:logGet(43)) - raft.server.log.queue.element-limit = 1024 (custom)
2019-09-25 12:48:56,190 [pool-287-thread-1] INFO  server.RaftServerConfigKeys (ConfUtils.java:logGet(43)) - raft.server.log.segment.size.max = 1048576 (custom)
2019-09-25 12:48:56,190 [pool-287-thread-1] INFO  server.RaftServerConfigKeys (ConfUtils.java:logGet(43)) - raft.server.log.preallocated.size = 16384 (custom)
2019-09-25 12:48:56,190 [pool-287-thread-1] INFO  server.RaftServerConfigKeys (ConfUtils.java:logGet(43)) - raft.server.log.write.buffer.size = 33554432 (custom)
2019-09-25 12:48:56,190 [pool-287-thread-1] INFO  server.RaftServerConfigKeys (ConfUtils.java:logGet(43)) - raft.server.log.force.sync.num = 128 (default)
2019-09-25 12:48:56,190 [pool-287-thread-1] INFO  server.RaftServerConfigKeys (ConfUtils.java:logGet(43)) - raft.server.log.statemachine.data.sync = true (default)
2019-09-25 12:48:56,190 [pool-287-thread-1] INFO  server.RaftServerConfigKeys (ConfUtils.java:logGet(43)) - raft.server.log.statemachine.data.sync.timeout = 10s (default)
2019-09-25 12:48:56,190 [pool-287-thread-1] INFO  server.RaftServerConfigKeys (ConfUtils.java:logGet(43)) - raft.server.log.statemachine.data.sync.timeout.retry = -1 (default)
2019-09-25 12:48:56,191 [pool-287-thread-1] INFO  server.RaftServerConfigKeys (ConfUtils.java:logGet(43)) - raft.server.log.statemachine.data.caching.enabled = true (custom)
2019-09-25 12:48:56,191 [pool-287-thread-1] INFO  segmented.SegmentedRaftLogWorker (SegmentedRaftLogWorker.java:lambda$new$0(132)) - 3243c737-994e-484d-8a3b-380030115cc1@group-C33516944F37-SegmentedRaftLogWorker: flushIndex: setUnconditionally 0 -> -1
2019-09-25 12:48:56,191 [pool-287-thread-1] INFO  server.RaftServerConfigKeys (ConfUtils.java:logGet(43)) - raft.server.snapshot.auto.trigger.enabled = true (custom)
2019-09-25 12:48:56,191 [pool-287-thread-1] INFO  server.RaftServerConfigKeys (ConfUtils.java:logGet(43)) - raft.server.snapshot.auto.trigger.threshold = 10000 (custom)
2019-09-25 12:48:56,191 [pool-287-thread-1] INFO  server.RaftServerConfigKeys (ConfUtils.java:logGet(43)) - raft.server.snapshot.retention.num.files = 5 (custom)
2019-09-25 12:48:56,191 [pool-287-thread-1] INFO  server.RaftServerConfigKeys (ConfUtils.java:logGet(43)) - raft.server.retrycache.expirytime = 600000ms (custom)
2019-09-25 12:48:56,192 [pool-287-thread-1] INFO  impl.RaftServerImpl (RaftServerImpl.java:start(185)) - 3243c737-994e-484d-8a3b-380030115cc1@group-C33516944F37: start as a follower, conf=-1: [3243c737-994e-484d-8a3b-380030115cc1:192.168.151.73:45992], old=null
2019-09-25 12:48:56,192 [pool-287-thread-1] INFO  impl.RaftServerImpl (RaftServerImpl.java:setRole(174)) - 3243c737-994e-484d-8a3b-380030115cc1@group-C33516944F37: changes role from      null to FOLLOWER at term 0 for startAsFollower
2019-09-25 12:48:56,193 [pool-287-thread-1] INFO  impl.RoleInfo (RoleInfo.java:updateAndGet(143)) - 3243c737-994e-484d-8a3b-380030115cc1: start FollowerState
2019-09-25 12:48:56,193 [pool-287-thread-1] INFO  util.JmxRegister (JmxRegister.java:tryRegister(44)) - Successfully registered JMX Bean with object name Ratis:service=RaftServer,group=group-C33516944F37,id=3243c737-994e-484d-8a3b-380030115cc1
2019-09-25 12:48:56,195 [RatisPipelineUtilsThread] INFO  pipeline.PipelineStateManager (PipelineStateManager.java:addPipeline(56)) - Created pipeline Pipeline[ Id: ec5b0345-3ec7-4d04-8ee2-c33516944f37, Nodes: 3243c737-994e-484d-8a3b-380030115cc1{ip: 192.168.151.73, host: pr-hdds-1569-shd4m-3693607622, networkLocation: /default-rack, certSerialId: null}, Type:RATIS, Factor:ONE, State:OPEN]
2019-09-25 12:48:56,200 [grpc-default-executor-0] INFO  impl.RaftServerProxy (RaftServerProxy.java:addNew(89)) - 3243c737-994e-484d-8a3b-380030115cc1: addNew group-D29F59FA6AF5:[3243c737-994e-484d-8a3b-380030115cc1:192.168.151.73:45992] returns group-D29F59FA6AF5:java.util.concurrent.CompletableFuture@17bd0371[Not completed]
2019-09-25 12:48:56,200 [pool-287-thread-1] INFO  impl.RaftServerImpl (RaftServerImpl.java:<init>(95)) - 3243c737-994e-484d-8a3b-380030115cc1: new RaftServerImpl for group-D29F59FA6AF5:[3243c737-994e-484d-8a3b-380030115cc1:192.168.151.73:45992] with ContainerStateMachine:uninitialized
2019-09-25 12:48:56,201 [pool-287-thread-1] INFO  server.RaftServerConfigKeys (ConfUtils.java:logGet(43)) - raft.server.rpc.timeout.min = 5s (custom)
2019-09-25 12:48:56,201 [pool-287-thread-1] INFO  server.RaftServerConfigKeys (ConfUtils.java:logGet(43)) - raft.server.rpc.timeout.max = 5200ms (custom)
2019-09-25 12:48:56,201 [pool-287-thread-1] INFO  server.RaftServerConfigKeys (ConfUtils.java:logGet(43)) - raft.server.rpcslowness.timeout = 120s (custom)
2019-09-25 12:48:56,201 [pool-287-thread-1] INFO  server.RaftServerConfigKeys (ConfUtils.java:logGet(43)) - raft.server.sleep.deviation.threshold = 300 (default)
2019-09-25 12:48:56,201 [pool-287-thread-1] INFO  server.RaftServerConfigKeys (ConfUtils.java:logGet(43)) - raft.server.log.appender.install.snapshot.enabled = false (custom)
2019-09-25 12:48:56,201 [pool-287-thread-1] INFO  impl.RaftServerImpl (ServerState.java:<init>(103)) - 3243c737-994e-484d-8a3b-380030115cc1@group-D29F59FA6AF5: ConfigurationManager, init=-1: [3243c737-994e-484d-8a3b-380030115cc1:192.168.151.73:45992], old=null, confs=<EMPTY_MAP>
2019-09-25 12:48:56,201 [pool-287-thread-1] INFO  server.RaftServerConfigKeys (ConfUtils.java:logGet(43)) - raft.server.storage.dir = [/workdir/hadoop-ozone/ozonefs/target/test-dir/MiniOzoneClusterImpl-f5305ca6-33bd-4b6f-9102-c854bc6f4652/datanode-1/data/ratis] (custom)
2019-09-25 12:48:56,201 [pool-287-thread-1] INFO  storage.RaftStorageDirectory (RaftStorageDirectory.java:analyzeStorage(246)) - The storage directory /workdir/hadoop-ozone/ozonefs/target/test-dir/MiniOzoneClusterImpl-f5305ca6-33bd-4b6f-9102-c854bc6f4652/datanode-1/data/ratis/a1823fdc-9fc6-480d-b5ea-d29f59fa6af5 does not exist. Creating ...
2019-09-25 12:48:56,223 [pool-287-thread-1] INFO  storage.RaftStorageDirectory (RaftStorageDirectory.java:tryLock(328)) - Lock on /workdir/hadoop-ozone/ozonefs/target/test-dir/MiniOzoneClusterImpl-f5305ca6-33bd-4b6f-9102-c854bc6f4652/datanode-1/data/ratis/a1823fdc-9fc6-480d-b5ea-d29f59fa6af5/in_use.lock acquired by nodename 24831@pr-hdds-1569-shd4m-3693607622
2019-09-25 12:48:56,247 [pool-287-thread-1] INFO  storage.RaftStorage (RaftStorage.java:format(72)) - Storage directory /workdir/hadoop-ozone/ozonefs/target/test-dir/MiniOzoneClusterImpl-f5305ca6-33bd-4b6f-9102-c854bc6f4652/datanode-1/data/ratis/a1823fdc-9fc6-480d-b5ea-d29f59fa6af5 has been successfully formatted.
2019-09-25 12:48:56,247 [pool-287-thread-1] INFO  ratis.ContainerStateMachine (ContainerStateMachine.java:loadSnapshot(230)) - group-D29F59FA6AF5: The snapshot info is null. Setting the last applied indexto:(t:0, i:~)
2019-09-25 12:48:56,247 [pool-287-thread-1] INFO  server.RaftServerConfigKeys (ConfUtils.java:logGet(43)) - raft.server.notification.no-leader.timeout = 120s (custom)
2019-09-25 12:48:56,247 [pool-287-thread-1] INFO  server.RaftServerConfigKeys (ConfUtils.java:logGet(43)) - raft.server.log.use.memory = false (default)
2019-09-25 12:48:56,247 [pool-287-thread-1] INFO  server.RaftServerConfigKeys (ConfUtils.java:logGet(43)) - raft.server.log.purge.gap = 1000000 (custom)
2019-09-25 12:48:56,247 [pool-287-thread-1] INFO  server.RaftServerConfigKeys (ConfUtils.java:logGet(43)) - raft.server.log.appender.buffer.byte-limit = 33554432 (custom)
2019-09-25 12:48:56,247 [pool-287-thread-1] INFO  server.RaftServerConfigKeys (ConfUtils.java:logGet(43)) - raft.server.log.segment.size.max = 1048576 (custom)
2019-09-25 12:48:56,247 [pool-287-thread-1] INFO  server.RaftServerConfigKeys (ConfUtils.java:logGet(43)) - raft.server.log.segment.cache.num.max = 2 (custom)
2019-09-25 12:48:56,248 [pool-287-thread-1] INFO  segmented.SegmentedRaftLogWorker (SegmentedRaftLogWorker.java:<init>(172)) - new 3243c737-994e-484d-8a3b-380030115cc1@group-D29F59FA6AF5-SegmentedRaftLogWorker for RaftStorage:Storage Directory /workdir/hadoop-ozone/ozonefs/target/test-dir/MiniOzoneClusterImpl-f5305ca6-33bd-4b6f-9102-c854bc6f4652/datanode-1/data/ratis/a1823fdc-9fc6-480d-b5ea-d29f59fa6af5
2019-09-25 12:48:56,248 [pool-287-thread-1] INFO  server.RaftServerConfigKeys (ConfUtils.java:logGet(43)) - raft.server.log.queue.byte-limit = 2147483647 (custom)
2019-09-25 12:48:56,248 [pool-287-thread-1] INFO  server.RaftServerConfigKeys (ConfUtils.java:logGet(43)) - raft.server.log.queue.element-limit = 1024 (custom)
2019-09-25 12:48:56,248 [pool-287-thread-1] INFO  server.RaftServerConfigKeys (ConfUtils.java:logGet(43)) - raft.server.log.segment.size.max = 1048576 (custom)
2019-09-25 12:48:56,248 [pool-287-thread-1] INFO  server.RaftServerConfigKeys (ConfUtils.java:logGet(43)) - raft.server.log.preallocated.size = 16384 (custom)
2019-09-25 12:48:56,248 [pool-287-thread-1] INFO  server.RaftServerConfigKeys (ConfUtils.java:logGet(43)) - raft.server.log.write.buffer.size = 33554432 (custom)
2019-09-25 12:48:56,248 [pool-287-thread-1] INFO  server.RaftServerConfigKeys (ConfUtils.java:logGet(43)) - raft.server.log.force.sync.num = 128 (default)
2019-09-25 12:48:56,249 [pool-287-thread-1] INFO  server.RaftServerConfigKeys (ConfUtils.java:logGet(43)) - raft.server.log.statemachine.data.sync = true (default)
2019-09-25 12:48:56,249 [pool-287-thread-1] INFO  server.RaftServerConfigKeys (ConfUtils.java:logGet(43)) - raft.server.log.statemachine.data.sync.timeout = 10s (default)
2019-09-25 12:48:56,249 [pool-287-thread-1] INFO  server.RaftServerConfigKeys (ConfUtils.java:logGet(43)) - raft.server.log.statemachine.data.sync.timeout.retry = -1 (default)
2019-09-25 12:48:56,249 [pool-287-thread-1] INFO  server.RaftServerConfigKeys (ConfUtils.java:logGet(43)) - raft.server.log.statemachine.data.caching.enabled = true (custom)
2019-09-25 12:48:56,249 [pool-287-thread-1] INFO  segmented.SegmentedRaftLogWorker (SegmentedRaftLogWorker.java:lambda$new$0(132)) - 3243c737-994e-484d-8a3b-380030115cc1@group-D29F59FA6AF5-SegmentedRaftLogWorker: flushIndex: setUnconditionally 0 -> -1
2019-09-25 12:48:56,249 [pool-287-thread-1] INFO  server.RaftServerConfigKeys (ConfUtils.java:logGet(43)) - raft.server.snapshot.auto.trigger.enabled = true (custom)
2019-09-25 12:48:56,250 [pool-287-thread-1] INFO  server.RaftServerConfigKeys (ConfUtils.java:logGet(43)) - raft.server.snapshot.auto.trigger.threshold = 10000 (custom)
2019-09-25 12:48:56,250 [pool-287-thread-1] INFO  server.RaftServerConfigKeys (ConfUtils.java:logGet(43)) - raft.server.snapshot.retention.num.files = 5 (custom)
2019-09-25 12:48:56,250 [pool-287-thread-1] INFO  server.RaftServerConfigKeys (ConfUtils.java:logGet(43)) - raft.server.retrycache.expirytime = 600000ms (custom)
2019-09-25 12:48:56,251 [pool-287-thread-1] INFO  impl.RaftServerImpl (RaftServerImpl.java:start(185)) - 3243c737-994e-484d-8a3b-380030115cc1@group-D29F59FA6AF5: start as a follower, conf=-1: [3243c737-994e-484d-8a3b-380030115cc1:192.168.151.73:45992], old=null
2019-09-25 12:48:56,252 [pool-287-thread-1] INFO  impl.RaftServerImpl (RaftServerImpl.java:setRole(174)) - 3243c737-994e-484d-8a3b-380030115cc1@group-D29F59FA6AF5: changes role from      null to FOLLOWER at term 0 for startAsFollower
2019-09-25 12:48:56,252 [pool-287-thread-1] INFO  impl.RoleInfo (RoleInfo.java:updateAndGet(143)) - 3243c737-994e-484d-8a3b-380030115cc1: start FollowerState
2019-09-25 12:48:56,252 [pool-287-thread-1] INFO  util.JmxRegister (JmxRegister.java:tryRegister(44)) - Successfully registered JMX Bean with object name Ratis:service=RaftServer,group=group-D29F59FA6AF5,id=3243c737-994e-484d-8a3b-380030115cc1
2019-09-25 12:48:56,254 [RatisPipelineUtilsThread] INFO  pipeline.PipelineStateManager (PipelineStateManager.java:addPipeline(56)) - Created pipeline Pipeline[ Id: a1823fdc-9fc6-480d-b5ea-d29f59fa6af5, Nodes: 3243c737-994e-484d-8a3b-380030115cc1{ip: 192.168.151.73, host: pr-hdds-1569-shd4m-3693607622, networkLocation: /default-rack, certSerialId: null}, Type:RATIS, Factor:ONE, State:OPEN]
2019-09-25 12:48:56,259 [grpc-default-executor-0] INFO  impl.RaftServerProxy (RaftServerProxy.java:addNew(89)) - c5030f33-4cb5-4710-a89a-bba9e1e467b2: addNew group-345E09D3E359:[c5030f33-4cb5-4710-a89a-bba9e1e467b2:192.168.151.73:43395] returns group-345E09D3E359:java.util.concurrent.CompletableFuture@5adaf835[Not completed]
2019-09-25 12:48:56,260 [pool-297-thread-1] INFO  impl.RaftServerImpl (RaftServerImpl.java:<init>(95)) - c5030f33-4cb5-4710-a89a-bba9e1e467b2: new RaftServerImpl for group-345E09D3E359:[c5030f33-4cb5-4710-a89a-bba9e1e467b2:192.168.151.73:43395] with ContainerStateMachine:uninitialized
2019-09-25 12:48:56,260 [pool-297-thread-1] INFO  server.RaftServerConfigKeys (ConfUtils.java:logGet(43)) - raft.server.rpc.timeout.min = 5s (custom)
2019-09-25 12:48:56,261 [pool-297-thread-1] INFO  server.RaftServerConfigKeys (ConfUtils.java:logGet(43)) - raft.server.rpc.timeout.max = 5200ms (custom)
2019-09-25 12:48:56,261 [pool-297-thread-1] INFO  server.RaftServerConfigKeys (ConfUtils.java:logGet(43)) - raft.server.rpcslowness.timeout = 120s (custom)
2019-09-25 12:48:56,261 [pool-297-thread-1] INFO  server.RaftServerConfigKeys (ConfUtils.java:logGet(43)) - raft.server.sleep.deviation.threshold = 300 (default)
2019-09-25 12:48:56,261 [pool-297-thread-1] INFO  server.RaftServerConfigKeys (ConfUtils.java:logGet(43)) - raft.server.log.appender.install.snapshot.enabled = false (custom)
2019-09-25 12:48:56,261 [pool-297-thread-1] INFO  impl.RaftServerImpl (ServerState.java:<init>(103)) - c5030f33-4cb5-4710-a89a-bba9e1e467b2@group-345E09D3E359: ConfigurationManager, init=-1: [c5030f33-4cb5-4710-a89a-bba9e1e467b2:192.168.151.73:43395], old=null, confs=<EMPTY_MAP>
2019-09-25 12:48:56,261 [pool-297-thread-1] INFO  server.RaftServerConfigKeys (ConfUtils.java:logGet(43)) - raft.server.storage.dir = [/workdir/hadoop-ozone/ozonefs/target/test-dir/MiniOzoneClusterImpl-f5305ca6-33bd-4b6f-9102-c854bc6f4652/datanode-2/data/ratis] (custom)
2019-09-25 12:48:56,262 [pool-297-thread-1] INFO  storage.RaftStorageDirectory (RaftStorageDirectory.java:analyzeStorage(246)) - The storage directory /workdir/hadoop-ozone/ozonefs/target/test-dir/MiniOzoneClusterImpl-f5305ca6-33bd-4b6f-9102-c854bc6f4652/datanode-2/data/ratis/f3dcb72b-0612-4bac-ac85-345e09d3e359 does not exist. Creating ...
2019-09-25 12:48:56,285 [pool-297-thread-1] INFO  storage.RaftStorageDirectory (RaftStorageDirectory.java:tryLock(328)) - Lock on /workdir/hadoop-ozone/ozonefs/target/test-dir/MiniOzoneClusterImpl-f5305ca6-33bd-4b6f-9102-c854bc6f4652/datanode-2/data/ratis/f3dcb72b-0612-4bac-ac85-345e09d3e359/in_use.lock acquired by nodename 24831@pr-hdds-1569-shd4m-3693607622
2019-09-25 12:48:56,308 [pool-297-thread-1] INFO  storage.RaftStorage (RaftStorage.java:format(72)) - Storage directory /workdir/hadoop-ozone/ozonefs/target/test-dir/MiniOzoneClusterImpl-f5305ca6-33bd-4b6f-9102-c854bc6f4652/datanode-2/data/ratis/f3dcb72b-0612-4bac-ac85-345e09d3e359 has been successfully formatted.
2019-09-25 12:48:56,308 [pool-297-thread-1] INFO  ratis.ContainerStateMachine (ContainerStateMachine.java:loadSnapshot(230)) - group-345E09D3E359: The snapshot info is null. Setting the last applied indexto:(t:0, i:~)
2019-09-25 12:48:56,309 [pool-297-thread-1] INFO  server.RaftServerConfigKeys (ConfUtils.java:logGet(43)) - raft.server.notification.no-leader.timeout = 120s (custom)
2019-09-25 12:48:56,309 [pool-297-thread-1] INFO  server.RaftServerConfigKeys (ConfUtils.java:logGet(43)) - raft.server.log.use.memory = false (default)
2019-09-25 12:48:56,309 [pool-297-thread-1] INFO  server.RaftServerConfigKeys (ConfUtils.java:logGet(43)) - raft.server.log.purge.gap = 1000000 (custom)
2019-09-25 12:48:56,309 [pool-297-thread-1] INFO  server.RaftServerConfigKeys (ConfUtils.java:logGet(43)) - raft.server.log.appender.buffer.byte-limit = 33554432 (custom)
2019-09-25 12:48:56,309 [pool-297-thread-1] INFO  server.RaftServerConfigKeys (ConfUtils.java:logGet(43)) - raft.server.log.segment.size.max = 1048576 (custom)
2019-09-25 12:48:56,309 [pool-297-thread-1] INFO  server.RaftServerConfigKeys (ConfUtils.java:logGet(43)) - raft.server.log.segment.cache.num.max = 2 (custom)
2019-09-25 12:48:56,309 [pool-297-thread-1] INFO  segmented.SegmentedRaftLogWorker (SegmentedRaftLogWorker.java:<init>(172)) - new c5030f33-4cb5-4710-a89a-bba9e1e467b2@group-345E09D3E359-SegmentedRaftLogWorker for RaftStorage:Storage Directory /workdir/hadoop-ozone/ozonefs/target/test-dir/MiniOzoneClusterImpl-f5305ca6-33bd-4b6f-9102-c854bc6f4652/datanode-2/data/ratis/f3dcb72b-0612-4bac-ac85-345e09d3e359
2019-09-25 12:48:56,309 [pool-297-thread-1] INFO  server.RaftServerConfigKeys (ConfUtils.java:logGet(43)) - raft.server.log.queue.byte-limit = 2147483647 (custom)
2019-09-25 12:48:56,310 [pool-297-thread-1] INFO  server.RaftServerConfigKeys (ConfUtils.java:logGet(43)) - raft.server.log.queue.element-limit = 1024 (custom)
2019-09-25 12:48:56,310 [pool-297-thread-1] INFO  server.RaftServerConfigKeys (ConfUtils.java:logGet(43)) - raft.server.log.segment.size.max = 1048576 (custom)
2019-09-25 12:48:56,310 [pool-297-thread-1] INFO  server.RaftServerConfigKeys (ConfUtils.java:logGet(43)) - raft.server.log.preallocated.size = 16384 (custom)
2019-09-25 12:48:56,310 [pool-297-thread-1] INFO  server.RaftServerConfigKeys (ConfUtils.java:logGet(43)) - raft.server.log.write.buffer.size = 33554432 (custom)
2019-09-25 12:48:56,310 [pool-297-thread-1] INFO  server.RaftServerConfigKeys (ConfUtils.java:logGet(43)) - raft.server.log.force.sync.num = 128 (default)
2019-09-25 12:48:56,310 [pool-297-thread-1] INFO  server.RaftServerConfigKeys (ConfUtils.java:logGet(43)) - raft.server.log.statemachine.data.sync = true (default)
2019-09-25 12:48:56,310 [pool-297-thread-1] INFO  server.RaftServerConfigKeys (ConfUtils.java:logGet(43)) - raft.server.log.statemachine.data.sync.timeout = 10s (default)
2019-09-25 12:48:56,310 [pool-297-thread-1] INFO  server.RaftServerConfigKeys (ConfUtils.java:logGet(43)) - raft.server.log.statemachine.data.sync.timeout.retry = -1 (default)
2019-09-25 12:48:56,311 [pool-297-thread-1] INFO  server.RaftServerConfigKeys (ConfUtils.java:logGet(43)) - raft.server.log.statemachine.data.caching.enabled = true (custom)
2019-09-25 12:48:56,311 [pool-297-thread-1] INFO  segmented.SegmentedRaftLogWorker (SegmentedRaftLogWorker.java:lambda$new$0(132)) - c5030f33-4cb5-4710-a89a-bba9e1e467b2@group-345E09D3E359-SegmentedRaftLogWorker: flushIndex: setUnconditionally 0 -> -1
2019-09-25 12:48:56,311 [pool-297-thread-1] INFO  server.RaftServerConfigKeys (ConfUtils.java:logGet(43)) - raft.server.snapshot.auto.trigger.enabled = true (custom)
2019-09-25 12:48:56,311 [pool-297-thread-1] INFO  server.RaftServerConfigKeys (ConfUtils.java:logGet(43)) - raft.server.snapshot.auto.trigger.threshold = 10000 (custom)
2019-09-25 12:48:56,311 [pool-297-thread-1] INFO  server.RaftServerConfigKeys (ConfUtils.java:logGet(43)) - raft.server.snapshot.retention.num.files = 5 (custom)
2019-09-25 12:48:56,311 [pool-297-thread-1] INFO  server.RaftServerConfigKeys (ConfUtils.java:logGet(43)) - raft.server.retrycache.expirytime = 600000ms (custom)
2019-09-25 12:48:56,313 [pool-297-thread-1] INFO  impl.RaftServerImpl (RaftServerImpl.java:start(185)) - c5030f33-4cb5-4710-a89a-bba9e1e467b2@group-345E09D3E359: start as a follower, conf=-1: [c5030f33-4cb5-4710-a89a-bba9e1e467b2:192.168.151.73:43395], old=null
2019-09-25 12:48:56,313 [pool-297-thread-1] INFO  impl.RaftServerImpl (RaftServerImpl.java:setRole(174)) - c5030f33-4cb5-4710-a89a-bba9e1e467b2@group-345E09D3E359: changes role from      null to FOLLOWER at term 0 for startAsFollower
2019-09-25 12:48:56,313 [pool-297-thread-1] INFO  impl.RoleInfo (RoleInfo.java:updateAndGet(143)) - c5030f33-4cb5-4710-a89a-bba9e1e467b2: start FollowerState
2019-09-25 12:48:56,313 [pool-297-thread-1] INFO  util.JmxRegister (JmxRegister.java:tryRegister(44)) - Successfully registered JMX Bean with object name Ratis:service=RaftServer,group=group-345E09D3E359,id=c5030f33-4cb5-4710-a89a-bba9e1e467b2
2019-09-25 12:48:56,316 [RatisPipelineUtilsThread] INFO  pipeline.PipelineStateManager (PipelineStateManager.java:addPipeline(56)) - Created pipeline Pipeline[ Id: f3dcb72b-0612-4bac-ac85-345e09d3e359, Nodes: c5030f33-4cb5-4710-a89a-bba9e1e467b2{ip: 192.168.151.73, host: pr-hdds-1569-shd4m-3693607622, networkLocation: /default-rack, certSerialId: null}, Type:RATIS, Factor:ONE, State:OPEN]
2019-09-25 12:48:56,321 [grpc-default-executor-0] INFO  impl.RaftServerProxy (RaftServerProxy.java:addNew(89)) - e474d836-9357-4e4e-810d-bf6a0e77ec6f: addNew group-0F2FDB24C377:[e474d836-9357-4e4e-810d-bf6a0e77ec6f:192.168.151.73:42228] returns group-0F2FDB24C377:java.util.concurrent.CompletableFuture@32118978[Not completed]
2019-09-25 12:48:56,322 [pool-277-thread-1] INFO  impl.RaftServerImpl (RaftServerImpl.java:<init>(95)) - e474d836-9357-4e4e-810d-bf6a0e77ec6f: new RaftServerImpl for group-0F2FDB24C377:[e474d836-9357-4e4e-810d-bf6a0e77ec6f:192.168.151.73:42228] with ContainerStateMachine:uninitialized
2019-09-25 12:48:56,322 [pool-277-thread-1] INFO  server.RaftServerConfigKeys (ConfUtils.java:logGet(43)) - raft.server.rpc.timeout.min = 5s (custom)
2019-09-25 12:48:56,322 [pool-277-thread-1] INFO  server.RaftServerConfigKeys (ConfUtils.java:logGet(43)) - raft.server.rpc.timeout.max = 5200ms (custom)
2019-09-25 12:48:56,322 [pool-277-thread-1] INFO  server.RaftServerConfigKeys (ConfUtils.java:logGet(43)) - raft.server.rpcslowness.timeout = 120s (custom)
2019-09-25 12:48:56,322 [pool-277-thread-1] INFO  server.RaftServerConfigKeys (ConfUtils.java:logGet(43)) - raft.server.sleep.deviation.threshold = 300 (default)
2019-09-25 12:48:56,322 [pool-277-thread-1] INFO  server.RaftServerConfigKeys (ConfUtils.java:logGet(43)) - raft.server.log.appender.install.snapshot.enabled = false (custom)
2019-09-25 12:48:56,322 [pool-277-thread-1] INFO  impl.RaftServerImpl (ServerState.java:<init>(103)) - e474d836-9357-4e4e-810d-bf6a0e77ec6f@group-0F2FDB24C377: ConfigurationManager, init=-1: [e474d836-9357-4e4e-810d-bf6a0e77ec6f:192.168.151.73:42228], old=null, confs=<EMPTY_MAP>
2019-09-25 12:48:56,323 [pool-277-thread-1] INFO  server.RaftServerConfigKeys (ConfUtils.java:logGet(43)) - raft.server.storage.dir = [/workdir/hadoop-ozone/ozonefs/target/test-dir/MiniOzoneClusterImpl-f5305ca6-33bd-4b6f-9102-c854bc6f4652/datanode-0/data/ratis] (custom)
2019-09-25 12:48:56,323 [pool-277-thread-1] INFO  storage.RaftStorageDirectory (RaftStorageDirectory.java:analyzeStorage(246)) - The storage directory /workdir/hadoop-ozone/ozonefs/target/test-dir/MiniOzoneClusterImpl-f5305ca6-33bd-4b6f-9102-c854bc6f4652/datanode-0/data/ratis/4699048f-81e9-429e-bf41-0f2fdb24c377 does not exist. Creating ...
2019-09-25 12:48:56,336 [pool-277-thread-1] INFO  storage.RaftStorageDirectory (RaftStorageDirectory.java:tryLock(328)) - Lock on /workdir/hadoop-ozone/ozonefs/target/test-dir/MiniOzoneClusterImpl-f5305ca6-33bd-4b6f-9102-c854bc6f4652/datanode-0/data/ratis/4699048f-81e9-429e-bf41-0f2fdb24c377/in_use.lock acquired by nodename 24831@pr-hdds-1569-shd4m-3693607622
2019-09-25 12:48:56,349 [pool-277-thread-1] INFO  storage.RaftStorage (RaftStorage.java:format(72)) - Storage directory /workdir/hadoop-ozone/ozonefs/target/test-dir/MiniOzoneClusterImpl-f5305ca6-33bd-4b6f-9102-c854bc6f4652/datanode-0/data/ratis/4699048f-81e9-429e-bf41-0f2fdb24c377 has been successfully formatted.
2019-09-25 12:48:56,349 [pool-277-thread-1] INFO  ratis.ContainerStateMachine (ContainerStateMachine.java:loadSnapshot(230)) - group-0F2FDB24C377: The snapshot info is null. Setting the last applied indexto:(t:0, i:~)
2019-09-25 12:48:56,349 [pool-277-thread-1] INFO  server.RaftServerConfigKeys (ConfUtils.java:logGet(43)) - raft.server.notification.no-leader.timeout = 120s (custom)
2019-09-25 12:48:56,350 [pool-277-thread-1] INFO  server.RaftServerConfigKeys (ConfUtils.java:logGet(43)) - raft.server.log.use.memory = false (default)
2019-09-25 12:48:56,350 [pool-277-thread-1] INFO  server.RaftServerConfigKeys (ConfUtils.java:logGet(43)) - raft.server.log.purge.gap = 1000000 (custom)
2019-09-25 12:48:56,350 [pool-277-thread-1] INFO  server.RaftServerConfigKeys (ConfUtils.java:logGet(43)) - raft.server.log.appender.buffer.byte-limit = 33554432 (custom)
2019-09-25 12:48:56,350 [pool-277-thread-1] INFO  server.RaftServerConfigKeys (ConfUtils.java:logGet(43)) - raft.server.log.segment.size.max = 1048576 (custom)
2019-09-25 12:48:56,350 [pool-277-thread-1] INFO  server.RaftServerConfigKeys (ConfUtils.java:logGet(43)) - raft.server.log.segment.cache.num.max = 2 (custom)
2019-09-25 12:48:56,350 [pool-277-thread-1] INFO  segmented.SegmentedRaftLogWorker (SegmentedRaftLogWorker.java:<init>(172)) - new e474d836-9357-4e4e-810d-bf6a0e77ec6f@group-0F2FDB24C377-SegmentedRaftLogWorker for RaftStorage:Storage Directory /workdir/hadoop-ozone/ozonefs/target/test-dir/MiniOzoneClusterImpl-f5305ca6-33bd-4b6f-9102-c854bc6f4652/datanode-0/data/ratis/4699048f-81e9-429e-bf41-0f2fdb24c377
2019-09-25 12:48:56,351 [pool-277-thread-1] INFO  server.RaftServerConfigKeys (ConfUtils.java:logGet(43)) - raft.server.log.queue.byte-limit = 2147483647 (custom)
2019-09-25 12:48:56,351 [pool-277-thread-1] INFO  server.RaftServerConfigKeys (ConfUtils.java:logGet(43)) - raft.server.log.queue.element-limit = 1024 (custom)
2019-09-25 12:48:56,351 [pool-277-thread-1] INFO  server.RaftServerConfigKeys (ConfUtils.java:logGet(43)) - raft.server.log.segment.size.max = 1048576 (custom)
2019-09-25 12:48:56,351 [pool-277-thread-1] INFO  server.RaftServerConfigKeys (ConfUtils.java:logGet(43)) - raft.server.log.preallocated.size = 16384 (custom)
2019-09-25 12:48:56,351 [pool-277-thread-1] INFO  server.RaftServerConfigKeys (ConfUtils.java:logGet(43)) - raft.server.log.write.buffer.size = 33554432 (custom)
2019-09-25 12:48:56,351 [pool-277-thread-1] INFO  server.RaftServerConfigKeys (ConfUtils.java:logGet(43)) - raft.server.log.force.sync.num = 128 (default)
2019-09-25 12:48:56,351 [pool-277-thread-1] INFO  server.RaftServerConfigKeys (ConfUtils.java:logGet(43)) - raft.server.log.statemachine.data.sync = true (default)
2019-09-25 12:48:56,352 [pool-277-thread-1] INFO  server.RaftServerConfigKeys (ConfUtils.java:logGet(43)) - raft.server.log.statemachine.data.sync.timeout = 10s (default)
2019-09-25 12:48:56,352 [pool-277-thread-1] INFO  server.RaftServerConfigKeys (ConfUtils.java:logGet(43)) - raft.server.log.statemachine.data.sync.timeout.retry = -1 (default)
2019-09-25 12:48:56,352 [pool-277-thread-1] INFO  server.RaftServerConfigKeys (ConfUtils.java:logGet(43)) - raft.server.log.statemachine.data.caching.enabled = true (custom)
2019-09-25 12:48:56,352 [pool-277-thread-1] INFO  segmented.SegmentedRaftLogWorker (SegmentedRaftLogWorker.java:lambda$new$0(132)) - e474d836-9357-4e4e-810d-bf6a0e77ec6f@group-0F2FDB24C377-SegmentedRaftLogWorker: flushIndex: setUnconditionally 0 -> -1
2019-09-25 12:48:56,353 [pool-277-thread-1] INFO  server.RaftServerConfigKeys (ConfUtils.java:logGet(43)) - raft.server.snapshot.auto.trigger.enabled = true (custom)
2019-09-25 12:48:56,353 [pool-277-thread-1] INFO  server.RaftServerConfigKeys (ConfUtils.java:logGet(43)) - raft.server.snapshot.auto.trigger.threshold = 10000 (custom)
2019-09-25 12:48:56,353 [pool-277-thread-1] INFO  server.RaftServerConfigKeys (ConfUtils.java:logGet(43)) - raft.server.snapshot.retention.num.files = 5 (custom)
2019-09-25 12:48:56,353 [pool-277-thread-1] INFO  server.RaftServerConfigKeys (ConfUtils.java:logGet(43)) - raft.server.retrycache.expirytime = 600000ms (custom)
2019-09-25 12:48:56,355 [pool-277-thread-1] INFO  impl.RaftServerImpl (RaftServerImpl.java:start(185)) - e474d836-9357-4e4e-810d-bf6a0e77ec6f@group-0F2FDB24C377: start as a follower, conf=-1: [e474d836-9357-4e4e-810d-bf6a0e77ec6f:192.168.151.73:42228], old=null
2019-09-25 12:48:56,355 [pool-277-thread-1] INFO  impl.RaftServerImpl (RaftServerImpl.java:setRole(174)) - e474d836-9357-4e4e-810d-bf6a0e77ec6f@group-0F2FDB24C377: changes role from      null to FOLLOWER at term 0 for startAsFollower
2019-09-25 12:48:56,355 [pool-277-thread-1] INFO  impl.RoleInfo (RoleInfo.java:updateAndGet(143)) - e474d836-9357-4e4e-810d-bf6a0e77ec6f: start FollowerState
2019-09-25 12:48:56,356 [pool-277-thread-1] INFO  util.JmxRegister (JmxRegister.java:tryRegister(44)) - Successfully registered JMX Bean with object name Ratis:service=RaftServer,group=group-0F2FDB24C377,id=e474d836-9357-4e4e-810d-bf6a0e77ec6f
2019-09-25 12:48:56,358 [RatisPipelineUtilsThread] INFO  pipeline.PipelineStateManager (PipelineStateManager.java:addPipeline(56)) - Created pipeline Pipeline[ Id: 4699048f-81e9-429e-bf41-0f2fdb24c377, Nodes: e474d836-9357-4e4e-810d-bf6a0e77ec6f{ip: 192.168.151.73, host: pr-hdds-1569-shd4m-3693607622, networkLocation: /default-rack, certSerialId: null}, Type:RATIS, Factor:ONE, State:OPEN]
2019-09-25 12:48:56,358 [RatisPipelineUtilsThread] INFO  pipeline.PipelinePlacementPolicy (PipelinePlacementPolicy.java:meetCriteria(91)) - Pipeline Placement: can't place more pipeline on heavy datanode： e474d836-9357-4e4e-810d-bf6a0e77ec6f Heaviness: 6 limit: 5
2019-09-25 12:48:56,363 [grpc-default-executor-0] INFO  impl.RaftServerProxy (RaftServerProxy.java:addNew(89)) - 3243c737-994e-484d-8a3b-380030115cc1: addNew group-FAD1A618389A:[3243c737-994e-484d-8a3b-380030115cc1:192.168.151.73:45992] returns group-FAD1A618389A:java.util.concurrent.CompletableFuture@3c884d59[Not completed]
2019-09-25 12:48:56,364 [pool-287-thread-1] INFO  impl.RaftServerImpl (RaftServerImpl.java:<init>(95)) - 3243c737-994e-484d-8a3b-380030115cc1: new RaftServerImpl for group-FAD1A618389A:[3243c737-994e-484d-8a3b-380030115cc1:192.168.151.73:45992] with ContainerStateMachine:uninitialized
2019-09-25 12:48:56,364 [pool-287-thread-1] INFO  server.RaftServerConfigKeys (ConfUtils.java:logGet(43)) - raft.server.rpc.timeout.min = 5s (custom)
2019-09-25 12:48:56,364 [pool-287-thread-1] INFO  server.RaftServerConfigKeys (ConfUtils.java:logGet(43)) - raft.server.rpc.timeout.max = 5200ms (custom)
2019-09-25 12:48:56,364 [pool-287-thread-1] INFO  server.RaftServerConfigKeys (ConfUtils.java:logGet(43)) - raft.server.rpcslowness.timeout = 120s (custom)
2019-09-25 12:48:56,364 [pool-287-thread-1] INFO  server.RaftServerConfigKeys (ConfUtils.java:logGet(43)) - raft.server.sleep.deviation.threshold = 300 (default)
2019-09-25 12:48:56,364 [pool-287-thread-1] INFO  server.RaftServerConfigKeys (ConfUtils.java:logGet(43)) - raft.server.log.appender.install.snapshot.enabled = false (custom)
2019-09-25 12:48:56,365 [pool-287-thread-1] INFO  impl.RaftServerImpl (ServerState.java:<init>(103)) - 3243c737-994e-484d-8a3b-380030115cc1@group-FAD1A618389A: ConfigurationManager, init=-1: [3243c737-994e-484d-8a3b-380030115cc1:192.168.151.73:45992], old=null, confs=<EMPTY_MAP>
2019-09-25 12:48:56,365 [pool-287-thread-1] INFO  server.RaftServerConfigKeys (ConfUtils.java:logGet(43)) - raft.server.storage.dir = [/workdir/hadoop-ozone/ozonefs/target/test-dir/MiniOzoneClusterImpl-f5305ca6-33bd-4b6f-9102-c854bc6f4652/datanode-1/data/ratis] (custom)
2019-09-25 12:48:56,365 [pool-287-thread-1] INFO  storage.RaftStorageDirectory (RaftStorageDirectory.java:analyzeStorage(246)) - The storage directory /workdir/hadoop-ozone/ozonefs/target/test-dir/MiniOzoneClusterImpl-f5305ca6-33bd-4b6f-9102-c854bc6f4652/datanode-1/data/ratis/e99aba0b-ec70-4a54-82f3-fad1a618389a does not exist. Creating ...
2019-09-25 12:48:56,395 [pool-287-thread-1] INFO  storage.RaftStorageDirectory (RaftStorageDirectory.java:tryLock(328)) - Lock on /workdir/hadoop-ozone/ozonefs/target/test-dir/MiniOzoneClusterImpl-f5305ca6-33bd-4b6f-9102-c854bc6f4652/datanode-1/data/ratis/e99aba0b-ec70-4a54-82f3-fad1a618389a/in_use.lock acquired by nodename 24831@pr-hdds-1569-shd4m-3693607622
2019-09-25 12:48:56,399 [pool-287-thread-1] INFO  storage.RaftStorage (RaftStorage.java:format(72)) - Storage directory /workdir/hadoop-ozone/ozonefs/target/test-dir/MiniOzoneClusterImpl-f5305ca6-33bd-4b6f-9102-c854bc6f4652/datanode-1/data/ratis/e99aba0b-ec70-4a54-82f3-fad1a618389a has been successfully formatted.
2019-09-25 12:48:56,399 [pool-287-thread-1] INFO  ratis.ContainerStateMachine (ContainerStateMachine.java:loadSnapshot(230)) - group-FAD1A618389A: The snapshot info is null. Setting the last applied indexto:(t:0, i:~)
2019-09-25 12:48:56,399 [pool-287-thread-1] INFO  server.RaftServerConfigKeys (ConfUtils.java:logGet(43)) - raft.server.notification.no-leader.timeout = 120s (custom)
2019-09-25 12:48:56,399 [pool-287-thread-1] INFO  server.RaftServerConfigKeys (ConfUtils.java:logGet(43)) - raft.server.log.use.memory = false (default)
2019-09-25 12:48:56,400 [pool-287-thread-1] INFO  server.RaftServerConfigKeys (ConfUtils.java:logGet(43)) - raft.server.log.purge.gap = 1000000 (custom)
2019-09-25 12:48:56,400 [pool-287-thread-1] INFO  server.RaftServerConfigKeys (ConfUtils.java:logGet(43)) - raft.server.log.appender.buffer.byte-limit = 33554432 (custom)
2019-09-25 12:48:56,400 [pool-287-thread-1] INFO  server.RaftServerConfigKeys (ConfUtils.java:logGet(43)) - raft.server.log.segment.size.max = 1048576 (custom)
2019-09-25 12:48:56,400 [pool-287-thread-1] INFO  server.RaftServerConfigKeys (ConfUtils.java:logGet(43)) - raft.server.log.segment.cache.num.max = 2 (custom)
2019-09-25 12:48:56,400 [pool-287-thread-1] INFO  segmented.SegmentedRaftLogWorker (SegmentedRaftLogWorker.java:<init>(172)) - new 3243c737-994e-484d-8a3b-380030115cc1@group-FAD1A618389A-SegmentedRaftLogWorker for RaftStorage:Storage Directory /workdir/hadoop-ozone/ozonefs/target/test-dir/MiniOzoneClusterImpl-f5305ca6-33bd-4b6f-9102-c854bc6f4652/datanode-1/data/ratis/e99aba0b-ec70-4a54-82f3-fad1a618389a
2019-09-25 12:48:56,400 [pool-287-thread-1] INFO  server.RaftServerConfigKeys (ConfUtils.java:logGet(43)) - raft.server.log.queue.byte-limit = 2147483647 (custom)
2019-09-25 12:48:56,400 [pool-287-thread-1] INFO  server.RaftServerConfigKeys (ConfUtils.java:logGet(43)) - raft.server.log.queue.element-limit = 1024 (custom)
2019-09-25 12:48:56,400 [pool-287-thread-1] INFO  server.RaftServerConfigKeys (ConfUtils.java:logGet(43)) - raft.server.log.segment.size.max = 1048576 (custom)
2019-09-25 12:48:56,401 [pool-287-thread-1] INFO  server.RaftServerConfigKeys (ConfUtils.java:logGet(43)) - raft.server.log.preallocated.size = 16384 (custom)
2019-09-25 12:48:56,401 [pool-287-thread-1] INFO  server.RaftServerConfigKeys (ConfUtils.java:logGet(43)) - raft.server.log.write.buffer.size = 33554432 (custom)
2019-09-25 12:48:56,401 [pool-287-thread-1] INFO  server.RaftServerConfigKeys (ConfUtils.java:logGet(43)) - raft.server.log.force.sync.num = 128 (default)
2019-09-25 12:48:56,401 [pool-287-thread-1] INFO  server.RaftServerConfigKeys (ConfUtils.java:logGet(43)) - raft.server.log.statemachine.data.sync = true (default)
2019-09-25 12:48:56,401 [pool-287-thread-1] INFO  server.RaftServerConfigKeys (ConfUtils.java:logGet(43)) - raft.server.log.statemachine.data.sync.timeout = 10s (default)
2019-09-25 12:48:56,401 [pool-287-thread-1] INFO  server.RaftServerConfigKeys (ConfUtils.java:logGet(43)) - raft.server.log.statemachine.data.sync.timeout.retry = -1 (default)
2019-09-25 12:48:56,401 [pool-287-thread-1] INFO  server.RaftServerConfigKeys (ConfUtils.java:logGet(43)) - raft.server.log.statemachine.data.caching.enabled = true (custom)
2019-09-25 12:48:56,402 [pool-287-thread-1] INFO  segmented.SegmentedRaftLogWorker (SegmentedRaftLogWorker.java:lambda$new$0(132)) - 3243c737-994e-484d-8a3b-380030115cc1@group-FAD1A618389A-SegmentedRaftLogWorker: flushIndex: setUnconditionally 0 -> -1
2019-09-25 12:48:56,402 [pool-287-thread-1] INFO  server.RaftServerConfigKeys (ConfUtils.java:logGet(43)) - raft.server.snapshot.auto.trigger.enabled = true (custom)
2019-09-25 12:48:56,402 [pool-287-thread-1] INFO  server.RaftServerConfigKeys (ConfUtils.java:logGet(43)) - raft.server.snapshot.auto.trigger.threshold = 10000 (custom)
2019-09-25 12:48:56,402 [pool-287-thread-1] INFO  server.RaftServerConfigKeys (ConfUtils.java:logGet(43)) - raft.server.snapshot.retention.num.files = 5 (custom)
2019-09-25 12:48:56,402 [pool-287-thread-1] INFO  server.RaftServerConfigKeys (ConfUtils.java:logGet(43)) - raft.server.retrycache.expirytime = 600000ms (custom)
2019-09-25 12:48:56,404 [pool-287-thread-1] INFO  impl.RaftServerImpl (RaftServerImpl.java:start(185)) - 3243c737-994e-484d-8a3b-380030115cc1@group-FAD1A618389A: start as a follower, conf=-1: [3243c737-994e-484d-8a3b-380030115cc1:192.168.151.73:45992], old=null
2019-09-25 12:48:56,404 [pool-287-thread-1] INFO  impl.RaftServerImpl (RaftServerImpl.java:setRole(174)) - 3243c737-994e-484d-8a3b-380030115cc1@group-FAD1A618389A: changes role from      null to FOLLOWER at term 0 for startAsFollower
2019-09-25 12:48:56,404 [pool-287-thread-1] INFO  impl.RoleInfo (RoleInfo.java:updateAndGet(143)) - 3243c737-994e-484d-8a3b-380030115cc1: start FollowerState
2019-09-25 12:48:56,404 [pool-287-thread-1] INFO  util.JmxRegister (JmxRegister.java:tryRegister(44)) - Successfully registered JMX Bean with object name Ratis:service=RaftServer,group=group-FAD1A618389A,id=3243c737-994e-484d-8a3b-380030115cc1
2019-09-25 12:48:56,406 [RatisPipelineUtilsThread] INFO  pipeline.PipelineStateManager (PipelineStateManager.java:addPipeline(56)) - Created pipeline Pipeline[ Id: e99aba0b-ec70-4a54-82f3-fad1a618389a, Nodes: 3243c737-994e-484d-8a3b-380030115cc1{ip: 192.168.151.73, host: pr-hdds-1569-shd4m-3693607622, networkLocation: /default-rack, certSerialId: null}, Type:RATIS, Factor:ONE, State:OPEN]
2019-09-25 12:48:56,406 [RatisPipelineUtilsThread] INFO  pipeline.PipelinePlacementPolicy (PipelinePlacementPolicy.java:meetCriteria(91)) - Pipeline Placement: can't place more pipeline on heavy datanode： e474d836-9357-4e4e-810d-bf6a0e77ec6f Heaviness: 6 limit: 5
2019-09-25 12:48:56,411 [grpc-default-executor-0] INFO  impl.RaftServerProxy (RaftServerProxy.java:addNew(89)) - c5030f33-4cb5-4710-a89a-bba9e1e467b2: addNew group-A91EDA247D24:[c5030f33-4cb5-4710-a89a-bba9e1e467b2:192.168.151.73:43395] returns group-A91EDA247D24:java.util.concurrent.CompletableFuture@a450b23[Not completed]
2019-09-25 12:48:56,412 [pool-297-thread-1] INFO  impl.RaftServerImpl (RaftServerImpl.java:<init>(95)) - c5030f33-4cb5-4710-a89a-bba9e1e467b2: new RaftServerImpl for group-A91EDA247D24:[c5030f33-4cb5-4710-a89a-bba9e1e467b2:192.168.151.73:43395] with ContainerStateMachine:uninitialized
2019-09-25 12:48:56,412 [pool-297-thread-1] INFO  server.RaftServerConfigKeys (ConfUtils.java:logGet(43)) - raft.server.rpc.timeout.min = 5s (custom)
2019-09-25 12:48:56,413 [pool-297-thread-1] INFO  server.RaftServerConfigKeys (ConfUtils.java:logGet(43)) - raft.server.rpc.timeout.max = 5200ms (custom)
2019-09-25 12:48:56,413 [pool-297-thread-1] INFO  server.RaftServerConfigKeys (ConfUtils.java:logGet(43)) - raft.server.rpcslowness.timeout = 120s (custom)
2019-09-25 12:48:56,413 [pool-297-thread-1] INFO  server.RaftServerConfigKeys (ConfUtils.java:logGet(43)) - raft.server.sleep.deviation.threshold = 300 (default)
2019-09-25 12:48:56,413 [pool-297-thread-1] INFO  server.RaftServerConfigKeys (ConfUtils.java:logGet(43)) - raft.server.log.appender.install.snapshot.enabled = false (custom)
2019-09-25 12:48:56,413 [pool-297-thread-1] INFO  impl.RaftServerImpl (ServerState.java:<init>(103)) - c5030f33-4cb5-4710-a89a-bba9e1e467b2@group-A91EDA247D24: ConfigurationManager, init=-1: [c5030f33-4cb5-4710-a89a-bba9e1e467b2:192.168.151.73:43395], old=null, confs=<EMPTY_MAP>
2019-09-25 12:48:56,413 [pool-297-thread-1] INFO  server.RaftServerConfigKeys (ConfUtils.java:logGet(43)) - raft.server.storage.dir = [/workdir/hadoop-ozone/ozonefs/target/test-dir/MiniOzoneClusterImpl-f5305ca6-33bd-4b6f-9102-c854bc6f4652/datanode-2/data/ratis] (custom)
2019-09-25 12:48:56,414 [pool-297-thread-1] INFO  storage.RaftStorageDirectory (RaftStorageDirectory.java:analyzeStorage(246)) - The storage directory /workdir/hadoop-ozone/ozonefs/target/test-dir/MiniOzoneClusterImpl-f5305ca6-33bd-4b6f-9102-c854bc6f4652/datanode-2/data/ratis/c2e38812-8747-4975-8f00-a91eda247d24 does not exist. Creating ...
2019-09-25 12:48:56,427 [pool-297-thread-1] INFO  storage.RaftStorageDirectory (RaftStorageDirectory.java:tryLock(328)) - Lock on /workdir/hadoop-ozone/ozonefs/target/test-dir/MiniOzoneClusterImpl-f5305ca6-33bd-4b6f-9102-c854bc6f4652/datanode-2/data/ratis/c2e38812-8747-4975-8f00-a91eda247d24/in_use.lock acquired by nodename 24831@pr-hdds-1569-shd4m-3693607622
2019-09-25 12:48:56,445 [pool-297-thread-1] INFO  storage.RaftStorage (RaftStorage.java:format(72)) - Storage directory /workdir/hadoop-ozone/ozonefs/target/test-dir/MiniOzoneClusterImpl-f5305ca6-33bd-4b6f-9102-c854bc6f4652/datanode-2/data/ratis/c2e38812-8747-4975-8f00-a91eda247d24 has been successfully formatted.
2019-09-25 12:48:56,445 [pool-297-thread-1] INFO  ratis.ContainerStateMachine (ContainerStateMachine.java:loadSnapshot(230)) - group-A91EDA247D24: The snapshot info is null. Setting the last applied indexto:(t:0, i:~)
2019-09-25 12:48:56,446 [pool-297-thread-1] INFO  server.RaftServerConfigKeys (ConfUtils.java:logGet(43)) - raft.server.notification.no-leader.timeout = 120s (custom)
2019-09-25 12:48:56,446 [pool-297-thread-1] INFO  server.RaftServerConfigKeys (ConfUtils.java:logGet(43)) - raft.server.log.use.memory = false (default)
2019-09-25 12:48:56,446 [pool-297-thread-1] INFO  server.RaftServerConfigKeys (ConfUtils.java:logGet(43)) - raft.server.log.purge.gap = 1000000 (custom)
2019-09-25 12:48:56,446 [pool-297-thread-1] INFO  server.RaftServerConfigKeys (ConfUtils.java:logGet(43)) - raft.server.log.appender.buffer.byte-limit = 33554432 (custom)
2019-09-25 12:48:56,446 [pool-297-thread-1] INFO  server.RaftServerConfigKeys (ConfUtils.java:logGet(43)) - raft.server.log.segment.size.max = 1048576 (custom)
2019-09-25 12:48:56,446 [pool-297-thread-1] INFO  server.RaftServerConfigKeys (ConfUtils.java:logGet(43)) - raft.server.log.segment.cache.num.max = 2 (custom)
2019-09-25 12:48:56,446 [pool-297-thread-1] INFO  segmented.SegmentedRaftLogWorker (SegmentedRaftLogWorker.java:<init>(172)) - new c5030f33-4cb5-4710-a89a-bba9e1e467b2@group-A91EDA247D24-SegmentedRaftLogWorker for RaftStorage:Storage Directory /workdir/hadoop-ozone/ozonefs/target/test-dir/MiniOzoneClusterImpl-f5305ca6-33bd-4b6f-9102-c854bc6f4652/datanode-2/data/ratis/c2e38812-8747-4975-8f00-a91eda247d24
2019-09-25 12:48:56,447 [pool-297-thread-1] INFO  server.RaftServerConfigKeys (ConfUtils.java:logGet(43)) - raft.server.log.queue.byte-limit = 2147483647 (custom)
2019-09-25 12:48:56,447 [pool-297-thread-1] INFO  server.RaftServerConfigKeys (ConfUtils.java:logGet(43)) - raft.server.log.queue.element-limit = 1024 (custom)
2019-09-25 12:48:56,447 [pool-297-thread-1] INFO  server.RaftServerConfigKeys (ConfUtils.java:logGet(43)) - raft.server.log.segment.size.max = 1048576 (custom)
2019-09-25 12:48:56,447 [pool-297-thread-1] INFO  server.RaftServerConfigKeys (ConfUtils.java:logGet(43)) - raft.server.log.preallocated.size = 16384 (custom)
2019-09-25 12:48:56,447 [pool-297-thread-1] INFO  server.RaftServerConfigKeys (ConfUtils.java:logGet(43)) - raft.server.log.write.buffer.size = 33554432 (custom)
2019-09-25 12:48:56,447 [pool-297-thread-1] INFO  server.RaftServerConfigKeys (ConfUtils.java:logGet(43)) - raft.server.log.force.sync.num = 128 (default)
2019-09-25 12:48:56,447 [pool-297-thread-1] INFO  server.RaftServerConfigKeys (ConfUtils.java:logGet(43)) - raft.server.log.statemachine.data.sync = true (default)
2019-09-25 12:48:56,448 [pool-297-thread-1] INFO  server.RaftServerConfigKeys (ConfUtils.java:logGet(43)) - raft.server.log.statemachine.data.sync.timeout = 10s (default)
2019-09-25 12:48:56,448 [pool-297-thread-1] INFO  server.RaftServerConfigKeys (ConfUtils.java:logGet(43)) - raft.server.log.statemachine.data.sync.timeout.retry = -1 (default)
2019-09-25 12:48:56,448 [pool-297-thread-1] INFO  server.RaftServerConfigKeys (ConfUtils.java:logGet(43)) - raft.server.log.statemachine.data.caching.enabled = true (custom)
2019-09-25 12:48:56,448 [pool-297-thread-1] INFO  segmented.SegmentedRaftLogWorker (SegmentedRaftLogWorker.java:lambda$new$0(132)) - c5030f33-4cb5-4710-a89a-bba9e1e467b2@group-A91EDA247D24-SegmentedRaftLogWorker: flushIndex: setUnconditionally 0 -> -1
2019-09-25 12:48:56,448 [pool-297-thread-1] INFO  server.RaftServerConfigKeys (ConfUtils.java:logGet(43)) - raft.server.snapshot.auto.trigger.enabled = true (custom)
2019-09-25 12:48:56,449 [pool-297-thread-1] INFO  server.RaftServerConfigKeys (ConfUtils.java:logGet(43)) - raft.server.snapshot.auto.trigger.threshold = 10000 (custom)
2019-09-25 12:48:56,449 [pool-297-thread-1] INFO  server.RaftServerConfigKeys (ConfUtils.java:logGet(43)) - raft.server.snapshot.retention.num.files = 5 (custom)
2019-09-25 12:48:56,449 [pool-297-thread-1] INFO  server.RaftServerConfigKeys (ConfUtils.java:logGet(43)) - raft.server.retrycache.expirytime = 600000ms (custom)
2019-09-25 12:48:56,451 [pool-297-thread-1] INFO  impl.RaftServerImpl (RaftServerImpl.java:start(185)) - c5030f33-4cb5-4710-a89a-bba9e1e467b2@group-A91EDA247D24: start as a follower, conf=-1: [c5030f33-4cb5-4710-a89a-bba9e1e467b2:192.168.151.73:43395], old=null
2019-09-25 12:48:56,451 [pool-297-thread-1] INFO  impl.RaftServerImpl (RaftServerImpl.java:setRole(174)) - c5030f33-4cb5-4710-a89a-bba9e1e467b2@group-A91EDA247D24: changes role from      null to FOLLOWER at term 0 for startAsFollower
2019-09-25 12:48:56,451 [pool-297-thread-1] INFO  impl.RoleInfo (RoleInfo.java:updateAndGet(143)) - c5030f33-4cb5-4710-a89a-bba9e1e467b2: start FollowerState
2019-09-25 12:48:56,451 [pool-297-thread-1] INFO  util.JmxRegister (JmxRegister.java:tryRegister(44)) - Successfully registered JMX Bean with object name Ratis:service=RaftServer,group=group-A91EDA247D24,id=c5030f33-4cb5-4710-a89a-bba9e1e467b2
2019-09-25 12:48:56,453 [RatisPipelineUtilsThread] INFO  pipeline.PipelineStateManager (PipelineStateManager.java:addPipeline(56)) - Created pipeline Pipeline[ Id: c2e38812-8747-4975-8f00-a91eda247d24, Nodes: c5030f33-4cb5-4710-a89a-bba9e1e467b2{ip: 192.168.151.73, host: pr-hdds-1569-shd4m-3693607622, networkLocation: /default-rack, certSerialId: null}, Type:RATIS, Factor:ONE, State:OPEN]
2019-09-25 12:48:56,454 [RatisPipelineUtilsThread] INFO  pipeline.PipelinePlacementPolicy (PipelinePlacementPolicy.java:meetCriteria(91)) - Pipeline Placement: can't place more pipeline on heavy datanode： e474d836-9357-4e4e-810d-bf6a0e77ec6f Heaviness: 6 limit: 5
2019-09-25 12:48:56,458 [grpc-default-executor-0] INFO  impl.RaftServerProxy (RaftServerProxy.java:addNew(89)) - 3243c737-994e-484d-8a3b-380030115cc1: addNew group-C72A344760B8:[3243c737-994e-484d-8a3b-380030115cc1:192.168.151.73:45992] returns group-C72A344760B8:java.util.concurrent.CompletableFuture@35061233[Not completed]
2019-09-25 12:48:56,458 [pool-287-thread-1] INFO  impl.RaftServerImpl (RaftServerImpl.java:<init>(95)) - 3243c737-994e-484d-8a3b-380030115cc1: new RaftServerImpl for group-C72A344760B8:[3243c737-994e-484d-8a3b-380030115cc1:192.168.151.73:45992] with ContainerStateMachine:uninitialized
2019-09-25 12:48:56,458 [pool-287-thread-1] INFO  server.RaftServerConfigKeys (ConfUtils.java:logGet(43)) - raft.server.rpc.timeout.min = 5s (custom)
2019-09-25 12:48:56,458 [pool-287-thread-1] INFO  server.RaftServerConfigKeys (ConfUtils.java:logGet(43)) - raft.server.rpc.timeout.max = 5200ms (custom)
2019-09-25 12:48:56,459 [pool-287-thread-1] INFO  server.RaftServerConfigKeys (ConfUtils.java:logGet(43)) - raft.server.rpcslowness.timeout = 120s (custom)
2019-09-25 12:48:56,459 [pool-287-thread-1] INFO  server.RaftServerConfigKeys (ConfUtils.java:logGet(43)) - raft.server.sleep.deviation.threshold = 300 (default)
2019-09-25 12:48:56,459 [pool-287-thread-1] INFO  server.RaftServerConfigKeys (ConfUtils.java:logGet(43)) - raft.server.log.appender.install.snapshot.enabled = false (custom)
2019-09-25 12:48:56,459 [pool-287-thread-1] INFO  impl.RaftServerImpl (ServerState.java:<init>(103)) - 3243c737-994e-484d-8a3b-380030115cc1@group-C72A344760B8: ConfigurationManager, init=-1: [3243c737-994e-484d-8a3b-380030115cc1:192.168.151.73:45992], old=null, confs=<EMPTY_MAP>
2019-09-25 12:48:56,459 [pool-287-thread-1] INFO  server.RaftServerConfigKeys (ConfUtils.java:logGet(43)) - raft.server.storage.dir = [/workdir/hadoop-ozone/ozonefs/target/test-dir/MiniOzoneClusterImpl-f5305ca6-33bd-4b6f-9102-c854bc6f4652/datanode-1/data/ratis] (custom)
2019-09-25 12:48:56,460 [pool-287-thread-1] INFO  storage.RaftStorageDirectory (RaftStorageDirectory.java:analyzeStorage(246)) - The storage directory /workdir/hadoop-ozone/ozonefs/target/test-dir/MiniOzoneClusterImpl-f5305ca6-33bd-4b6f-9102-c854bc6f4652/datanode-1/data/ratis/fddda50a-2748-44d4-8c0b-c72a344760b8 does not exist. Creating ...
2019-09-25 12:48:56,472 [pool-287-thread-1] INFO  storage.RaftStorageDirectory (RaftStorageDirectory.java:tryLock(328)) - Lock on /workdir/hadoop-ozone/ozonefs/target/test-dir/MiniOzoneClusterImpl-f5305ca6-33bd-4b6f-9102-c854bc6f4652/datanode-1/data/ratis/fddda50a-2748-44d4-8c0b-c72a344760b8/in_use.lock acquired by nodename 24831@pr-hdds-1569-shd4m-3693607622
2019-09-25 12:48:56,486 [pool-287-thread-1] INFO  storage.RaftStorage (RaftStorage.java:format(72)) - Storage directory /workdir/hadoop-ozone/ozonefs/target/test-dir/MiniOzoneClusterImpl-f5305ca6-33bd-4b6f-9102-c854bc6f4652/datanode-1/data/ratis/fddda50a-2748-44d4-8c0b-c72a344760b8 has been successfully formatted.
2019-09-25 12:48:56,486 [pool-287-thread-1] INFO  ratis.ContainerStateMachine (ContainerStateMachine.java:loadSnapshot(230)) - group-C72A344760B8: The snapshot info is null. Setting the last applied indexto:(t:0, i:~)
2019-09-25 12:48:56,486 [pool-287-thread-1] INFO  server.RaftServerConfigKeys (ConfUtils.java:logGet(43)) - raft.server.notification.no-leader.timeout = 120s (custom)
2019-09-25 12:48:56,486 [pool-287-thread-1] INFO  server.RaftServerConfigKeys (ConfUtils.java:logGet(43)) - raft.server.log.use.memory = false (default)
2019-09-25 12:48:56,486 [pool-287-thread-1] INFO  server.RaftServerConfigKeys (ConfUtils.java:logGet(43)) - raft.server.log.purge.gap = 1000000 (custom)
2019-09-25 12:48:56,487 [pool-287-thread-1] INFO  server.RaftServerConfigKeys (ConfUtils.java:logGet(43)) - raft.server.log.appender.buffer.byte-limit = 33554432 (custom)
2019-09-25 12:48:56,487 [pool-287-thread-1] INFO  server.RaftServerConfigKeys (ConfUtils.java:logGet(43)) - raft.server.log.segment.size.max = 1048576 (custom)
2019-09-25 12:48:56,487 [pool-287-thread-1] INFO  server.RaftServerConfigKeys (ConfUtils.java:logGet(43)) - raft.server.log.segment.cache.num.max = 2 (custom)
2019-09-25 12:48:56,487 [pool-287-thread-1] INFO  segmented.SegmentedRaftLogWorker (SegmentedRaftLogWorker.java:<init>(172)) - new 3243c737-994e-484d-8a3b-380030115cc1@group-C72A344760B8-SegmentedRaftLogWorker for RaftStorage:Storage Directory /workdir/hadoop-ozone/ozonefs/target/test-dir/MiniOzoneClusterImpl-f5305ca6-33bd-4b6f-9102-c854bc6f4652/datanode-1/data/ratis/fddda50a-2748-44d4-8c0b-c72a344760b8
2019-09-25 12:48:56,487 [pool-287-thread-1] INFO  server.RaftServerConfigKeys (ConfUtils.java:logGet(43)) - raft.server.log.queue.byte-limit = 2147483647 (custom)
2019-09-25 12:48:56,487 [pool-287-thread-1] INFO  server.RaftServerConfigKeys (ConfUtils.java:logGet(43)) - raft.server.log.queue.element-limit = 1024 (custom)
2019-09-25 12:48:56,488 [pool-287-thread-1] INFO  server.RaftServerConfigKeys (ConfUtils.java:logGet(43)) - raft.server.log.segment.size.max = 1048576 (custom)
2019-09-25 12:48:56,488 [pool-287-thread-1] INFO  server.RaftServerConfigKeys (ConfUtils.java:logGet(43)) - raft.server.log.preallocated.size = 16384 (custom)
2019-09-25 12:48:56,488 [pool-287-thread-1] INFO  server.RaftServerConfigKeys (ConfUtils.java:logGet(43)) - raft.server.log.write.buffer.size = 33554432 (custom)
2019-09-25 12:48:56,488 [pool-287-thread-1] INFO  server.RaftServerConfigKeys (ConfUtils.java:logGet(43)) - raft.server.log.force.sync.num = 128 (default)
2019-09-25 12:48:56,488 [pool-287-thread-1] INFO  server.RaftServerConfigKeys (ConfUtils.java:logGet(43)) - raft.server.log.statemachine.data.sync = true (default)
2019-09-25 12:48:56,488 [pool-287-thread-1] INFO  server.RaftServerConfigKeys (ConfUtils.java:logGet(43)) - raft.server.log.statemachine.data.sync.timeout = 10s (default)
2019-09-25 12:48:56,489 [pool-287-thread-1] INFO  server.RaftServerConfigKeys (ConfUtils.java:logGet(43)) - raft.server.log.statemachine.data.sync.timeout.retry = -1 (default)
2019-09-25 12:48:56,489 [pool-287-thread-1] INFO  server.RaftServerConfigKeys (ConfUtils.java:logGet(43)) - raft.server.log.statemachine.data.caching.enabled = true (custom)
2019-09-25 12:48:56,489 [pool-287-thread-1] INFO  segmented.SegmentedRaftLogWorker (SegmentedRaftLogWorker.java:lambda$new$0(132)) - 3243c737-994e-484d-8a3b-380030115cc1@group-C72A344760B8-SegmentedRaftLogWorker: flushIndex: setUnconditionally 0 -> -1
2019-09-25 12:48:56,489 [pool-287-thread-1] INFO  server.RaftServerConfigKeys (ConfUtils.java:logGet(43)) - raft.server.snapshot.auto.trigger.enabled = true (custom)
2019-09-25 12:48:56,490 [pool-287-thread-1] INFO  server.RaftServerConfigKeys (ConfUtils.java:logGet(43)) - raft.server.snapshot.auto.trigger.threshold = 10000 (custom)
2019-09-25 12:48:56,490 [pool-287-thread-1] INFO  server.RaftServerConfigKeys (ConfUtils.java:logGet(43)) - raft.server.snapshot.retention.num.files = 5 (custom)
2019-09-25 12:48:56,490 [pool-287-thread-1] INFO  server.RaftServerConfigKeys (ConfUtils.java:logGet(43)) - raft.server.retrycache.expirytime = 600000ms (custom)
2019-09-25 12:48:56,492 [pool-287-thread-1] INFO  impl.RaftServerImpl (RaftServerImpl.java:start(185)) - 3243c737-994e-484d-8a3b-380030115cc1@group-C72A344760B8: start as a follower, conf=-1: [3243c737-994e-484d-8a3b-380030115cc1:192.168.151.73:45992], old=null
2019-09-25 12:48:56,492 [pool-287-thread-1] INFO  impl.RaftServerImpl (RaftServerImpl.java:setRole(174)) - 3243c737-994e-484d-8a3b-380030115cc1@group-C72A344760B8: changes role from      null to FOLLOWER at term 0 for startAsFollower
2019-09-25 12:48:56,492 [pool-287-thread-1] INFO  impl.RoleInfo (RoleInfo.java:updateAndGet(143)) - 3243c737-994e-484d-8a3b-380030115cc1: start FollowerState
2019-09-25 12:48:56,493 [pool-287-thread-1] INFO  util.JmxRegister (JmxRegister.java:tryRegister(44)) - Successfully registered JMX Bean with object name Ratis:service=RaftServer,group=group-C72A344760B8,id=3243c737-994e-484d-8a3b-380030115cc1
2019-09-25 12:48:56,495 [RatisPipelineUtilsThread] INFO  pipeline.PipelineStateManager (PipelineStateManager.java:addPipeline(56)) - Created pipeline Pipeline[ Id: fddda50a-2748-44d4-8c0b-c72a344760b8, Nodes: 3243c737-994e-484d-8a3b-380030115cc1{ip: 192.168.151.73, host: pr-hdds-1569-shd4m-3693607622, networkLocation: /default-rack, certSerialId: null}, Type:RATIS, Factor:ONE, State:OPEN]
2019-09-25 12:48:56,495 [RatisPipelineUtilsThread] INFO  pipeline.PipelinePlacementPolicy (PipelinePlacementPolicy.java:meetCriteria(91)) - Pipeline Placement: can't place more pipeline on heavy datanode： e474d836-9357-4e4e-810d-bf6a0e77ec6f Heaviness: 6 limit: 5
2019-09-25 12:48:56,499 [grpc-default-executor-0] INFO  impl.RaftServerProxy (RaftServerProxy.java:addNew(89)) - 3243c737-994e-484d-8a3b-380030115cc1: addNew group-536743AC20BC:[3243c737-994e-484d-8a3b-380030115cc1:192.168.151.73:45992] returns group-536743AC20BC:java.util.concurrent.CompletableFuture@2b51e1b6[Not completed]
2019-09-25 12:48:56,500 [pool-287-thread-1] INFO  impl.RaftServerImpl (RaftServerImpl.java:<init>(95)) - 3243c737-994e-484d-8a3b-380030115cc1: new RaftServerImpl for group-536743AC20BC:[3243c737-994e-484d-8a3b-380030115cc1:192.168.151.73:45992] with ContainerStateMachine:uninitialized
2019-09-25 12:48:56,500 [pool-287-thread-1] INFO  server.RaftServerConfigKeys (ConfUtils.java:logGet(43)) - raft.server.rpc.timeout.min = 5s (custom)
2019-09-25 12:48:56,500 [pool-287-thread-1] INFO  server.RaftServerConfigKeys (ConfUtils.java:logGet(43)) - raft.server.rpc.timeout.max = 5200ms (custom)
2019-09-25 12:48:56,500 [pool-287-thread-1] INFO  server.RaftServerConfigKeys (ConfUtils.java:logGet(43)) - raft.server.rpcslowness.timeout = 120s (custom)
2019-09-25 12:48:56,501 [pool-287-thread-1] INFO  server.RaftServerConfigKeys (ConfUtils.java:logGet(43)) - raft.server.sleep.deviation.threshold = 300 (default)
2019-09-25 12:48:56,501 [pool-287-thread-1] INFO  server.RaftServerConfigKeys (ConfUtils.java:logGet(43)) - raft.server.log.appender.install.snapshot.enabled = false (custom)
2019-09-25 12:48:56,501 [pool-287-thread-1] INFO  impl.RaftServerImpl (ServerState.java:<init>(103)) - 3243c737-994e-484d-8a3b-380030115cc1@group-536743AC20BC: ConfigurationManager, init=-1: [3243c737-994e-484d-8a3b-380030115cc1:192.168.151.73:45992], old=null, confs=<EMPTY_MAP>
2019-09-25 12:48:56,501 [pool-287-thread-1] INFO  server.RaftServerConfigKeys (ConfUtils.java:logGet(43)) - raft.server.storage.dir = [/workdir/hadoop-ozone/ozonefs/target/test-dir/MiniOzoneClusterImpl-f5305ca6-33bd-4b6f-9102-c854bc6f4652/datanode-1/data/ratis] (custom)
2019-09-25 12:48:56,501 [pool-287-thread-1] INFO  storage.RaftStorageDirectory (RaftStorageDirectory.java:analyzeStorage(246)) - The storage directory /workdir/hadoop-ozone/ozonefs/target/test-dir/MiniOzoneClusterImpl-f5305ca6-33bd-4b6f-9102-c854bc6f4652/datanode-1/data/ratis/b9c8667f-96db-4598-b4ef-536743ac20bc does not exist. Creating ...
2019-09-25 12:48:56,514 [pool-287-thread-1] INFO  storage.RaftStorageDirectory (RaftStorageDirectory.java:tryLock(328)) - Lock on /workdir/hadoop-ozone/ozonefs/target/test-dir/MiniOzoneClusterImpl-f5305ca6-33bd-4b6f-9102-c854bc6f4652/datanode-1/data/ratis/b9c8667f-96db-4598-b4ef-536743ac20bc/in_use.lock acquired by nodename 24831@pr-hdds-1569-shd4m-3693607622
2019-09-25 12:48:56,527 [pool-287-thread-1] INFO  storage.RaftStorage (RaftStorage.java:format(72)) - Storage directory /workdir/hadoop-ozone/ozonefs/target/test-dir/MiniOzoneClusterImpl-f5305ca6-33bd-4b6f-9102-c854bc6f4652/datanode-1/data/ratis/b9c8667f-96db-4598-b4ef-536743ac20bc has been successfully formatted.
2019-09-25 12:48:56,527 [pool-287-thread-1] INFO  ratis.ContainerStateMachine (ContainerStateMachine.java:loadSnapshot(230)) - group-536743AC20BC: The snapshot info is null. Setting the last applied indexto:(t:0, i:~)
2019-09-25 12:48:56,527 [pool-287-thread-1] INFO  server.RaftServerConfigKeys (ConfUtils.java:logGet(43)) - raft.server.notification.no-leader.timeout = 120s (custom)
2019-09-25 12:48:56,527 [pool-287-thread-1] INFO  server.RaftServerConfigKeys (ConfUtils.java:logGet(43)) - raft.server.log.use.memory = false (default)
2019-09-25 12:48:56,527 [pool-287-thread-1] INFO  server.RaftServerConfigKeys (ConfUtils.java:logGet(43)) - raft.server.log.purge.gap = 1000000 (custom)
2019-09-25 12:48:56,528 [pool-287-thread-1] INFO  server.RaftServerConfigKeys (ConfUtils.java:logGet(43)) - raft.server.log.appender.buffer.byte-limit = 33554432 (custom)
2019-09-25 12:48:56,528 [pool-287-thread-1] INFO  server.RaftServerConfigKeys (ConfUtils.java:logGet(43)) - raft.server.log.segment.size.max = 1048576 (custom)
2019-09-25 12:48:56,528 [pool-287-thread-1] INFO  server.RaftServerConfigKeys (ConfUtils.java:logGet(43)) - raft.server.log.segment.cache.num.max = 2 (custom)
2019-09-25 12:48:56,528 [pool-287-thread-1] INFO  segmented.SegmentedRaftLogWorker (SegmentedRaftLogWorker.java:<init>(172)) - new 3243c737-994e-484d-8a3b-380030115cc1@group-536743AC20BC-SegmentedRaftLogWorker for RaftStorage:Storage Directory /workdir/hadoop-ozone/ozonefs/target/test-dir/MiniOzoneClusterImpl-f5305ca6-33bd-4b6f-9102-c854bc6f4652/datanode-1/data/ratis/b9c8667f-96db-4598-b4ef-536743ac20bc
2019-09-25 12:48:56,528 [pool-287-thread-1] INFO  server.RaftServerConfigKeys (ConfUtils.java:logGet(43)) - raft.server.log.queue.byte-limit = 2147483647 (custom)
2019-09-25 12:48:56,528 [pool-287-thread-1] INFO  server.RaftServerConfigKeys (ConfUtils.java:logGet(43)) - raft.server.log.queue.element-limit = 1024 (custom)
2019-09-25 12:48:56,529 [pool-287-thread-1] INFO  server.RaftServerConfigKeys (ConfUtils.java:logGet(43)) - raft.server.log.segment.size.max = 1048576 (custom)
2019-09-25 12:48:56,529 [pool-287-thread-1] INFO  server.RaftServerConfigKeys (ConfUtils.java:logGet(43)) - raft.server.log.preallocated.size = 16384 (custom)
2019-09-25 12:48:56,529 [pool-287-thread-1] INFO  server.RaftServerConfigKeys (ConfUtils.java:logGet(43)) - raft.server.log.write.buffer.size = 33554432 (custom)
2019-09-25 12:48:56,529 [pool-287-thread-1] INFO  server.RaftServerConfigKeys (ConfUtils.java:logGet(43)) - raft.server.log.force.sync.num = 128 (default)
2019-09-25 12:48:56,529 [pool-287-thread-1] INFO  server.RaftServerConfigKeys (ConfUtils.java:logGet(43)) - raft.server.log.statemachine.data.sync = true (default)
2019-09-25 12:48:56,530 [pool-287-thread-1] INFO  server.RaftServerConfigKeys (ConfUtils.java:logGet(43)) - raft.server.log.statemachine.data.sync.timeout = 10s (default)
2019-09-25 12:48:56,530 [pool-287-thread-1] INFO  server.RaftServerConfigKeys (ConfUtils.java:logGet(43)) - raft.server.log.statemachine.data.sync.timeout.retry = -1 (default)
2019-09-25 12:48:56,530 [pool-287-thread-1] INFO  server.RaftServerConfigKeys (ConfUtils.java:logGet(43)) - raft.server.log.statemachine.data.caching.enabled = true (custom)
2019-09-25 12:48:56,530 [pool-287-thread-1] INFO  segmented.SegmentedRaftLogWorker (SegmentedRaftLogWorker.java:lambda$new$0(132)) - 3243c737-994e-484d-8a3b-380030115cc1@group-536743AC20BC-SegmentedRaftLogWorker: flushIndex: setUnconditionally 0 -> -1
2019-09-25 12:48:56,531 [pool-287-thread-1] INFO  server.RaftServerConfigKeys (ConfUtils.java:logGet(43)) - raft.server.snapshot.auto.trigger.enabled = true (custom)
2019-09-25 12:48:56,531 [pool-287-thread-1] INFO  server.RaftServerConfigKeys (ConfUtils.java:logGet(43)) - raft.server.snapshot.auto.trigger.threshold = 10000 (custom)
2019-09-25 12:48:56,531 [pool-287-thread-1] INFO  server.RaftServerConfigKeys (ConfUtils.java:logGet(43)) - raft.server.snapshot.retention.num.files = 5 (custom)
2019-09-25 12:48:56,531 [pool-287-thread-1] INFO  server.RaftServerConfigKeys (ConfUtils.java:logGet(43)) - raft.server.retrycache.expirytime = 600000ms (custom)
2019-09-25 12:48:56,533 [pool-287-thread-1] INFO  impl.RaftServerImpl (RaftServerImpl.java:start(185)) - 3243c737-994e-484d-8a3b-380030115cc1@group-536743AC20BC: start as a follower, conf=-1: [3243c737-994e-484d-8a3b-380030115cc1:192.168.151.73:45992], old=null
2019-09-25 12:48:56,533 [pool-287-thread-1] INFO  impl.RaftServerImpl (RaftServerImpl.java:setRole(174)) - 3243c737-994e-484d-8a3b-380030115cc1@group-536743AC20BC: changes role from      null to FOLLOWER at term 0 for startAsFollower
2019-09-25 12:48:56,533 [pool-287-thread-1] INFO  impl.RoleInfo (RoleInfo.java:updateAndGet(143)) - 3243c737-994e-484d-8a3b-380030115cc1: start FollowerState
2019-09-25 12:48:56,534 [pool-287-thread-1] INFO  util.JmxRegister (JmxRegister.java:tryRegister(44)) - Successfully registered JMX Bean with object name Ratis:service=RaftServer,group=group-536743AC20BC,id=3243c737-994e-484d-8a3b-380030115cc1
2019-09-25 12:48:56,536 [RatisPipelineUtilsThread] INFO  pipeline.PipelineStateManager (PipelineStateManager.java:addPipeline(56)) - Created pipeline Pipeline[ Id: b9c8667f-96db-4598-b4ef-536743ac20bc, Nodes: 3243c737-994e-484d-8a3b-380030115cc1{ip: 192.168.151.73, host: pr-hdds-1569-shd4m-3693607622, networkLocation: /default-rack, certSerialId: null}, Type:RATIS, Factor:ONE, State:OPEN]
2019-09-25 12:48:56,536 [RatisPipelineUtilsThread] INFO  pipeline.PipelinePlacementPolicy (PipelinePlacementPolicy.java:meetCriteria(91)) - Pipeline Placement: can't place more pipeline on heavy datanode： e474d836-9357-4e4e-810d-bf6a0e77ec6f Heaviness: 6 limit: 5
2019-09-25 12:48:56,536 [RatisPipelineUtilsThread] INFO  pipeline.PipelinePlacementPolicy (PipelinePlacementPolicy.java:meetCriteria(91)) - Pipeline Placement: can't place more pipeline on heavy datanode： 3243c737-994e-484d-8a3b-380030115cc1 Heaviness: 6 limit: 5
2019-09-25 12:48:56,540 [grpc-default-executor-0] INFO  impl.RaftServerProxy (RaftServerProxy.java:addNew(89)) - c5030f33-4cb5-4710-a89a-bba9e1e467b2: addNew group-030C32D5C1B1:[c5030f33-4cb5-4710-a89a-bba9e1e467b2:192.168.151.73:43395] returns group-030C32D5C1B1:java.util.concurrent.CompletableFuture@36a58d03[Not completed]
2019-09-25 12:48:56,541 [pool-297-thread-1] INFO  impl.RaftServerImpl (RaftServerImpl.java:<init>(95)) - c5030f33-4cb5-4710-a89a-bba9e1e467b2: new RaftServerImpl for group-030C32D5C1B1:[c5030f33-4cb5-4710-a89a-bba9e1e467b2:192.168.151.73:43395] with ContainerStateMachine:uninitialized
2019-09-25 12:48:56,541 [pool-297-thread-1] INFO  server.RaftServerConfigKeys (ConfUtils.java:logGet(43)) - raft.server.rpc.timeout.min = 5s (custom)
2019-09-25 12:48:56,541 [pool-297-thread-1] INFO  server.RaftServerConfigKeys (ConfUtils.java:logGet(43)) - raft.server.rpc.timeout.max = 5200ms (custom)
2019-09-25 12:48:56,541 [pool-297-thread-1] INFO  server.RaftServerConfigKeys (ConfUtils.java:logGet(43)) - raft.server.rpcslowness.timeout = 120s (custom)
2019-09-25 12:48:56,541 [pool-297-thread-1] INFO  server.RaftServerConfigKeys (ConfUtils.java:logGet(43)) - raft.server.sleep.deviation.threshold = 300 (default)
2019-09-25 12:48:56,541 [pool-297-thread-1] INFO  server.RaftServerConfigKeys (ConfUtils.java:logGet(43)) - raft.server.log.appender.install.snapshot.enabled = false (custom)
2019-09-25 12:48:56,541 [pool-297-thread-1] INFO  impl.RaftServerImpl (ServerState.java:<init>(103)) - c5030f33-4cb5-4710-a89a-bba9e1e467b2@group-030C32D5C1B1: ConfigurationManager, init=-1: [c5030f33-4cb5-4710-a89a-bba9e1e467b2:192.168.151.73:43395], old=null, confs=<EMPTY_MAP>
2019-09-25 12:48:56,542 [pool-297-thread-1] INFO  server.RaftServerConfigKeys (ConfUtils.java:logGet(43)) - raft.server.storage.dir = [/workdir/hadoop-ozone/ozonefs/target/test-dir/MiniOzoneClusterImpl-f5305ca6-33bd-4b6f-9102-c854bc6f4652/datanode-2/data/ratis] (custom)
2019-09-25 12:48:56,542 [pool-297-thread-1] INFO  storage.RaftStorageDirectory (RaftStorageDirectory.java:analyzeStorage(246)) - The storage directory /workdir/hadoop-ozone/ozonefs/target/test-dir/MiniOzoneClusterImpl-f5305ca6-33bd-4b6f-9102-c854bc6f4652/datanode-2/data/ratis/2849dd11-d972-4e3b-b295-030c32d5c1b1 does not exist. Creating ...
2019-09-25 12:48:56,565 [pool-297-thread-1] INFO  storage.RaftStorageDirectory (RaftStorageDirectory.java:tryLock(328)) - Lock on /workdir/hadoop-ozone/ozonefs/target/test-dir/MiniOzoneClusterImpl-f5305ca6-33bd-4b6f-9102-c854bc6f4652/datanode-2/data/ratis/2849dd11-d972-4e3b-b295-030c32d5c1b1/in_use.lock acquired by nodename 24831@pr-hdds-1569-shd4m-3693607622
2019-09-25 12:48:56,578 [pool-297-thread-1] INFO  storage.RaftStorage (RaftStorage.java:format(72)) - Storage directory /workdir/hadoop-ozone/ozonefs/target/test-dir/MiniOzoneClusterImpl-f5305ca6-33bd-4b6f-9102-c854bc6f4652/datanode-2/data/ratis/2849dd11-d972-4e3b-b295-030c32d5c1b1 has been successfully formatted.
2019-09-25 12:48:56,578 [pool-297-thread-1] INFO  ratis.ContainerStateMachine (ContainerStateMachine.java:loadSnapshot(230)) - group-030C32D5C1B1: The snapshot info is null. Setting the last applied indexto:(t:0, i:~)
2019-09-25 12:48:56,578 [pool-297-thread-1] INFO  server.RaftServerConfigKeys (ConfUtils.java:logGet(43)) - raft.server.notification.no-leader.timeout = 120s (custom)
2019-09-25 12:48:56,578 [pool-297-thread-1] INFO  server.RaftServerConfigKeys (ConfUtils.java:logGet(43)) - raft.server.log.use.memory = false (default)
2019-09-25 12:48:56,578 [pool-297-thread-1] INFO  server.RaftServerConfigKeys (ConfUtils.java:logGet(43)) - raft.server.log.purge.gap = 1000000 (custom)
2019-09-25 12:48:56,579 [pool-297-thread-1] INFO  server.RaftServerConfigKeys (ConfUtils.java:logGet(43)) - raft.server.log.appender.buffer.byte-limit = 33554432 (custom)
2019-09-25 12:48:56,579 [pool-297-thread-1] INFO  server.RaftServerConfigKeys (ConfUtils.java:logGet(43)) - raft.server.log.segment.size.max = 1048576 (custom)
2019-09-25 12:48:56,579 [pool-297-thread-1] INFO  server.RaftServerConfigKeys (ConfUtils.java:logGet(43)) - raft.server.log.segment.cache.num.max = 2 (custom)
2019-09-25 12:48:56,579 [pool-297-thread-1] INFO  segmented.SegmentedRaftLogWorker (SegmentedRaftLogWorker.java:<init>(172)) - new c5030f33-4cb5-4710-a89a-bba9e1e467b2@group-030C32D5C1B1-SegmentedRaftLogWorker for RaftStorage:Storage Directory /workdir/hadoop-ozone/ozonefs/target/test-dir/MiniOzoneClusterImpl-f5305ca6-33bd-4b6f-9102-c854bc6f4652/datanode-2/data/ratis/2849dd11-d972-4e3b-b295-030c32d5c1b1
2019-09-25 12:48:56,579 [pool-297-thread-1] INFO  server.RaftServerConfigKeys (ConfUtils.java:logGet(43)) - raft.server.log.queue.byte-limit = 2147483647 (custom)
2019-09-25 12:48:56,579 [pool-297-thread-1] INFO  server.RaftServerConfigKeys (ConfUtils.java:logGet(43)) - raft.server.log.queue.element-limit = 1024 (custom)
2019-09-25 12:48:56,579 [pool-297-thread-1] INFO  server.RaftServerConfigKeys (ConfUtils.java:logGet(43)) - raft.server.log.segment.size.max = 1048576 (custom)
2019-09-25 12:48:56,579 [pool-297-thread-1] INFO  server.RaftServerConfigKeys (ConfUtils.java:logGet(43)) - raft.server.log.preallocated.size = 16384 (custom)
2019-09-25 12:48:56,579 [pool-297-thread-1] INFO  server.RaftServerConfigKeys (ConfUtils.java:logGet(43)) - raft.server.log.write.buffer.size = 33554432 (custom)
2019-09-25 12:48:56,579 [pool-297-thread-1] INFO  server.RaftServerConfigKeys (ConfUtils.java:logGet(43)) - raft.server.log.force.sync.num = 128 (default)
2019-09-25 12:48:56,579 [pool-297-thread-1] INFO  server.RaftServerConfigKeys (ConfUtils.java:logGet(43)) - raft.server.log.statemachine.data.sync = true (default)
2019-09-25 12:48:56,579 [pool-297-thread-1] INFO  server.RaftServerConfigKeys (ConfUtils.java:logGet(43)) - raft.server.log.statemachine.data.sync.timeout = 10s (default)
2019-09-25 12:48:56,580 [pool-297-thread-1] INFO  server.RaftServerConfigKeys (ConfUtils.java:logGet(43)) - raft.server.log.statemachine.data.sync.timeout.retry = -1 (default)
2019-09-25 12:48:56,580 [pool-297-thread-1] INFO  server.RaftServerConfigKeys (ConfUtils.java:logGet(43)) - raft.server.log.statemachine.data.caching.enabled = true (custom)
2019-09-25 12:48:56,580 [pool-297-thread-1] INFO  segmented.SegmentedRaftLogWorker (SegmentedRaftLogWorker.java:lambda$new$0(132)) - c5030f33-4cb5-4710-a89a-bba9e1e467b2@group-030C32D5C1B1-SegmentedRaftLogWorker: flushIndex: setUnconditionally 0 -> -1
2019-09-25 12:48:56,580 [pool-297-thread-1] INFO  server.RaftServerConfigKeys (ConfUtils.java:logGet(43)) - raft.server.snapshot.auto.trigger.enabled = true (custom)
2019-09-25 12:48:56,580 [pool-297-thread-1] INFO  server.RaftServerConfigKeys (ConfUtils.java:logGet(43)) - raft.server.snapshot.auto.trigger.threshold = 10000 (custom)
2019-09-25 12:48:56,580 [pool-297-thread-1] INFO  server.RaftServerConfigKeys (ConfUtils.java:logGet(43)) - raft.server.snapshot.retention.num.files = 5 (custom)
2019-09-25 12:48:56,580 [pool-297-thread-1] INFO  server.RaftServerConfigKeys (ConfUtils.java:logGet(43)) - raft.server.retrycache.expirytime = 600000ms (custom)
2019-09-25 12:48:56,581 [pool-297-thread-1] INFO  impl.RaftServerImpl (RaftServerImpl.java:start(185)) - c5030f33-4cb5-4710-a89a-bba9e1e467b2@group-030C32D5C1B1: start as a follower, conf=-1: [c5030f33-4cb5-4710-a89a-bba9e1e467b2:192.168.151.73:43395], old=null
2019-09-25 12:48:56,582 [pool-297-thread-1] INFO  impl.RaftServerImpl (RaftServerImpl.java:setRole(174)) - c5030f33-4cb5-4710-a89a-bba9e1e467b2@group-030C32D5C1B1: changes role from      null to FOLLOWER at term 0 for startAsFollower
2019-09-25 12:48:56,582 [pool-297-thread-1] INFO  impl.RoleInfo (RoleInfo.java:updateAndGet(143)) - c5030f33-4cb5-4710-a89a-bba9e1e467b2: start FollowerState
2019-09-25 12:48:56,582 [pool-297-thread-1] INFO  util.JmxRegister (JmxRegister.java:tryRegister(44)) - Successfully registered JMX Bean with object name Ratis:service=RaftServer,group=group-030C32D5C1B1,id=c5030f33-4cb5-4710-a89a-bba9e1e467b2
2019-09-25 12:48:56,584 [RatisPipelineUtilsThread] INFO  pipeline.PipelineStateManager (PipelineStateManager.java:addPipeline(56)) - Created pipeline Pipeline[ Id: 2849dd11-d972-4e3b-b295-030c32d5c1b1, Nodes: c5030f33-4cb5-4710-a89a-bba9e1e467b2{ip: 192.168.151.73, host: pr-hdds-1569-shd4m-3693607622, networkLocation: /default-rack, certSerialId: null}, Type:RATIS, Factor:ONE, State:OPEN]
2019-09-25 12:48:56,584 [RatisPipelineUtilsThread] INFO  pipeline.PipelinePlacementPolicy (PipelinePlacementPolicy.java:meetCriteria(91)) - Pipeline Placement: can't place more pipeline on heavy datanode： e474d836-9357-4e4e-810d-bf6a0e77ec6f Heaviness: 6 limit: 5
2019-09-25 12:48:56,584 [RatisPipelineUtilsThread] INFO  pipeline.PipelinePlacementPolicy (PipelinePlacementPolicy.java:meetCriteria(91)) - Pipeline Placement: can't place more pipeline on heavy datanode： 3243c737-994e-484d-8a3b-380030115cc1 Heaviness: 6 limit: 5
2019-09-25 12:48:56,589 [grpc-default-executor-0] INFO  impl.RaftServerProxy (RaftServerProxy.java:addNew(89)) - c5030f33-4cb5-4710-a89a-bba9e1e467b2: addNew group-0885BD99BA9F:[c5030f33-4cb5-4710-a89a-bba9e1e467b2:192.168.151.73:43395] returns group-0885BD99BA9F:java.util.concurrent.CompletableFuture@64392bb4[Not completed]
2019-09-25 12:48:56,589 [pool-297-thread-1] INFO  impl.RaftServerImpl (RaftServerImpl.java:<init>(95)) - c5030f33-4cb5-4710-a89a-bba9e1e467b2: new RaftServerImpl for group-0885BD99BA9F:[c5030f33-4cb5-4710-a89a-bba9e1e467b2:192.168.151.73:43395] with ContainerStateMachine:uninitialized
2019-09-25 12:48:56,590 [pool-297-thread-1] INFO  server.RaftServerConfigKeys (ConfUtils.java:logGet(43)) - raft.server.rpc.timeout.min = 5s (custom)
2019-09-25 12:48:56,590 [pool-297-thread-1] INFO  server.RaftServerConfigKeys (ConfUtils.java:logGet(43)) - raft.server.rpc.timeout.max = 5200ms (custom)
2019-09-25 12:48:56,590 [pool-297-thread-1] INFO  server.RaftServerConfigKeys (ConfUtils.java:logGet(43)) - raft.server.rpcslowness.timeout = 120s (custom)
2019-09-25 12:48:56,590 [pool-297-thread-1] INFO  server.RaftServerConfigKeys (ConfUtils.java:logGet(43)) - raft.server.sleep.deviation.threshold = 300 (default)
2019-09-25 12:48:56,590 [pool-297-thread-1] INFO  server.RaftServerConfigKeys (ConfUtils.java:logGet(43)) - raft.server.log.appender.install.snapshot.enabled = false (custom)
2019-09-25 12:48:56,590 [pool-297-thread-1] INFO  impl.RaftServerImpl (ServerState.java:<init>(103)) - c5030f33-4cb5-4710-a89a-bba9e1e467b2@group-0885BD99BA9F: ConfigurationManager, init=-1: [c5030f33-4cb5-4710-a89a-bba9e1e467b2:192.168.151.73:43395], old=null, confs=<EMPTY_MAP>
2019-09-25 12:48:56,590 [pool-297-thread-1] INFO  server.RaftServerConfigKeys (ConfUtils.java:logGet(43)) - raft.server.storage.dir = [/workdir/hadoop-ozone/ozonefs/target/test-dir/MiniOzoneClusterImpl-f5305ca6-33bd-4b6f-9102-c854bc6f4652/datanode-2/data/ratis] (custom)
2019-09-25 12:48:56,590 [pool-297-thread-1] INFO  storage.RaftStorageDirectory (RaftStorageDirectory.java:analyzeStorage(246)) - The storage directory /workdir/hadoop-ozone/ozonefs/target/test-dir/MiniOzoneClusterImpl-f5305ca6-33bd-4b6f-9102-c854bc6f4652/datanode-2/data/ratis/60b37434-d8dc-4e8c-b32a-0885bd99ba9f does not exist. Creating ...
2019-09-25 12:48:56,604 [pool-297-thread-1] INFO  storage.RaftStorageDirectory (RaftStorageDirectory.java:tryLock(328)) - Lock on /workdir/hadoop-ozone/ozonefs/target/test-dir/MiniOzoneClusterImpl-f5305ca6-33bd-4b6f-9102-c854bc6f4652/datanode-2/data/ratis/60b37434-d8dc-4e8c-b32a-0885bd99ba9f/in_use.lock acquired by nodename 24831@pr-hdds-1569-shd4m-3693607622
2019-09-25 12:48:56,617 [pool-297-thread-1] INFO  storage.RaftStorage (RaftStorage.java:format(72)) - Storage directory /workdir/hadoop-ozone/ozonefs/target/test-dir/MiniOzoneClusterImpl-f5305ca6-33bd-4b6f-9102-c854bc6f4652/datanode-2/data/ratis/60b37434-d8dc-4e8c-b32a-0885bd99ba9f has been successfully formatted.
2019-09-25 12:48:56,617 [pool-297-thread-1] INFO  ratis.ContainerStateMachine (ContainerStateMachine.java:loadSnapshot(230)) - group-0885BD99BA9F: The snapshot info is null. Setting the last applied indexto:(t:0, i:~)
2019-09-25 12:48:56,617 [pool-297-thread-1] INFO  server.RaftServerConfigKeys (ConfUtils.java:logGet(43)) - raft.server.notification.no-leader.timeout = 120s (custom)
2019-09-25 12:48:56,618 [pool-297-thread-1] INFO  server.RaftServerConfigKeys (ConfUtils.java:logGet(43)) - raft.server.log.use.memory = false (default)
2019-09-25 12:48:56,618 [pool-297-thread-1] INFO  server.RaftServerConfigKeys (ConfUtils.java:logGet(43)) - raft.server.log.purge.gap = 1000000 (custom)
2019-09-25 12:48:56,618 [pool-297-thread-1] INFO  server.RaftServerConfigKeys (ConfUtils.java:logGet(43)) - raft.server.log.appender.buffer.byte-limit = 33554432 (custom)
2019-09-25 12:48:56,618 [pool-297-thread-1] INFO  server.RaftServerConfigKeys (ConfUtils.java:logGet(43)) - raft.server.log.segment.size.max = 1048576 (custom)
2019-09-25 12:48:56,618 [pool-297-thread-1] INFO  server.RaftServerConfigKeys (ConfUtils.java:logGet(43)) - raft.server.log.segment.cache.num.max = 2 (custom)
2019-09-25 12:48:56,618 [pool-297-thread-1] INFO  segmented.SegmentedRaftLogWorker (SegmentedRaftLogWorker.java:<init>(172)) - new c5030f33-4cb5-4710-a89a-bba9e1e467b2@group-0885BD99BA9F-SegmentedRaftLogWorker for RaftStorage:Storage Directory /workdir/hadoop-ozone/ozonefs/target/test-dir/MiniOzoneClusterImpl-f5305ca6-33bd-4b6f-9102-c854bc6f4652/datanode-2/data/ratis/60b37434-d8dc-4e8c-b32a-0885bd99ba9f
2019-09-25 12:48:56,618 [pool-297-thread-1] INFO  server.RaftServerConfigKeys (ConfUtils.java:logGet(43)) - raft.server.log.queue.byte-limit = 2147483647 (custom)
2019-09-25 12:48:56,618 [pool-297-thread-1] INFO  server.RaftServerConfigKeys (ConfUtils.java:logGet(43)) - raft.server.log.queue.element-limit = 1024 (custom)
2019-09-25 12:48:56,618 [pool-297-thread-1] INFO  server.RaftServerConfigKeys (ConfUtils.java:logGet(43)) - raft.server.log.segment.size.max = 1048576 (custom)
2019-09-25 12:48:56,618 [pool-297-thread-1] INFO  server.RaftServerConfigKeys (ConfUtils.java:logGet(43)) - raft.server.log.preallocated.size = 16384 (custom)
2019-09-25 12:48:56,618 [pool-297-thread-1] INFO  server.RaftServerConfigKeys (ConfUtils.java:logGet(43)) - raft.server.log.write.buffer.size = 33554432 (custom)
2019-09-25 12:48:56,618 [pool-297-thread-1] INFO  server.RaftServerConfigKeys (ConfUtils.java:logGet(43)) - raft.server.log.force.sync.num = 128 (default)
2019-09-25 12:48:56,619 [pool-297-thread-1] INFO  server.RaftServerConfigKeys (ConfUtils.java:logGet(43)) - raft.server.log.statemachine.data.sync = true (default)
2019-09-25 12:48:56,619 [pool-297-thread-1] INFO  server.RaftServerConfigKeys (ConfUtils.java:logGet(43)) - raft.server.log.statemachine.data.sync.timeout = 10s (default)
2019-09-25 12:48:56,619 [pool-297-thread-1] INFO  server.RaftServerConfigKeys (ConfUtils.java:logGet(43)) - raft.server.log.statemachine.data.sync.timeout.retry = -1 (default)
2019-09-25 12:48:56,619 [pool-297-thread-1] INFO  server.RaftServerConfigKeys (ConfUtils.java:logGet(43)) - raft.server.log.statemachine.data.caching.enabled = true (custom)
2019-09-25 12:48:56,619 [pool-297-thread-1] INFO  segmented.SegmentedRaftLogWorker (SegmentedRaftLogWorker.java:lambda$new$0(132)) - c5030f33-4cb5-4710-a89a-bba9e1e467b2@group-0885BD99BA9F-SegmentedRaftLogWorker: flushIndex: setUnconditionally 0 -> -1
2019-09-25 12:48:56,619 [pool-297-thread-1] INFO  server.RaftServerConfigKeys (ConfUtils.java:logGet(43)) - raft.server.snapshot.auto.trigger.enabled = true (custom)
2019-09-25 12:48:56,619 [pool-297-thread-1] INFO  server.RaftServerConfigKeys (ConfUtils.java:logGet(43)) - raft.server.snapshot.auto.trigger.threshold = 10000 (custom)
2019-09-25 12:48:56,619 [pool-297-thread-1] INFO  server.RaftServerConfigKeys (ConfUtils.java:logGet(43)) - raft.server.snapshot.retention.num.files = 5 (custom)
2019-09-25 12:48:56,619 [pool-297-thread-1] INFO  server.RaftServerConfigKeys (ConfUtils.java:logGet(43)) - raft.server.retrycache.expirytime = 600000ms (custom)
2019-09-25 12:48:56,620 [pool-297-thread-1] INFO  impl.RaftServerImpl (RaftServerImpl.java:start(185)) - c5030f33-4cb5-4710-a89a-bba9e1e467b2@group-0885BD99BA9F: start as a follower, conf=-1: [c5030f33-4cb5-4710-a89a-bba9e1e467b2:192.168.151.73:43395], old=null
2019-09-25 12:48:56,621 [pool-297-thread-1] INFO  impl.RaftServerImpl (RaftServerImpl.java:setRole(174)) - c5030f33-4cb5-4710-a89a-bba9e1e467b2@group-0885BD99BA9F: changes role from      null to FOLLOWER at term 0 for startAsFollower
2019-09-25 12:48:56,621 [pool-297-thread-1] INFO  impl.RoleInfo (RoleInfo.java:updateAndGet(143)) - c5030f33-4cb5-4710-a89a-bba9e1e467b2: start FollowerState
2019-09-25 12:48:56,621 [pool-297-thread-1] INFO  util.JmxRegister (JmxRegister.java:tryRegister(44)) - Successfully registered JMX Bean with object name Ratis:service=RaftServer,group=group-0885BD99BA9F,id=c5030f33-4cb5-4710-a89a-bba9e1e467b2
2019-09-25 12:48:56,623 [RatisPipelineUtilsThread] INFO  pipeline.PipelineStateManager (PipelineStateManager.java:addPipeline(56)) - Created pipeline Pipeline[ Id: 60b37434-d8dc-4e8c-b32a-0885bd99ba9f, Nodes: c5030f33-4cb5-4710-a89a-bba9e1e467b2{ip: 192.168.151.73, host: pr-hdds-1569-shd4m-3693607622, networkLocation: /default-rack, certSerialId: null}, Type:RATIS, Factor:ONE, State:OPEN]
2019-09-25 12:48:56,623 [RatisPipelineUtilsThread] INFO  pipeline.PipelinePlacementPolicy (PipelinePlacementPolicy.java:meetCriteria(91)) - Pipeline Placement: can't place more pipeline on heavy datanode： e474d836-9357-4e4e-810d-bf6a0e77ec6f Heaviness: 6 limit: 5
2019-09-25 12:48:56,623 [RatisPipelineUtilsThread] INFO  pipeline.PipelinePlacementPolicy (PipelinePlacementPolicy.java:meetCriteria(91)) - Pipeline Placement: can't place more pipeline on heavy datanode： 3243c737-994e-484d-8a3b-380030115cc1 Heaviness: 6 limit: 5
2019-09-25 12:48:56,627 [grpc-default-executor-0] INFO  impl.RaftServerProxy (RaftServerProxy.java:addNew(89)) - c5030f33-4cb5-4710-a89a-bba9e1e467b2: addNew group-8BB3633B70B5:[c5030f33-4cb5-4710-a89a-bba9e1e467b2:192.168.151.73:43395] returns group-8BB3633B70B5:java.util.concurrent.CompletableFuture@716015f9[Not completed]
2019-09-25 12:48:56,628 [pool-297-thread-1] INFO  impl.RaftServerImpl (RaftServerImpl.java:<init>(95)) - c5030f33-4cb5-4710-a89a-bba9e1e467b2: new RaftServerImpl for group-8BB3633B70B5:[c5030f33-4cb5-4710-a89a-bba9e1e467b2:192.168.151.73:43395] with ContainerStateMachine:uninitialized
2019-09-25 12:48:56,628 [pool-297-thread-1] INFO  server.RaftServerConfigKeys (ConfUtils.java:logGet(43)) - raft.server.rpc.timeout.min = 5s (custom)
2019-09-25 12:48:56,628 [pool-297-thread-1] INFO  server.RaftServerConfigKeys (ConfUtils.java:logGet(43)) - raft.server.rpc.timeout.max = 5200ms (custom)
2019-09-25 12:48:56,628 [pool-297-thread-1] INFO  server.RaftServerConfigKeys (ConfUtils.java:logGet(43)) - raft.server.rpcslowness.timeout = 120s (custom)
2019-09-25 12:48:56,628 [pool-297-thread-1] INFO  server.RaftServerConfigKeys (ConfUtils.java:logGet(43)) - raft.server.sleep.deviation.threshold = 300 (default)
2019-09-25 12:48:56,628 [pool-297-thread-1] INFO  server.RaftServerConfigKeys (ConfUtils.java:logGet(43)) - raft.server.log.appender.install.snapshot.enabled = false (custom)
2019-09-25 12:48:56,628 [pool-297-thread-1] INFO  impl.RaftServerImpl (ServerState.java:<init>(103)) - c5030f33-4cb5-4710-a89a-bba9e1e467b2@group-8BB3633B70B5: ConfigurationManager, init=-1: [c5030f33-4cb5-4710-a89a-bba9e1e467b2:192.168.151.73:43395], old=null, confs=<EMPTY_MAP>
2019-09-25 12:48:56,628 [pool-297-thread-1] INFO  server.RaftServerConfigKeys (ConfUtils.java:logGet(43)) - raft.server.storage.dir = [/workdir/hadoop-ozone/ozonefs/target/test-dir/MiniOzoneClusterImpl-f5305ca6-33bd-4b6f-9102-c854bc6f4652/datanode-2/data/ratis] (custom)
2019-09-25 12:48:56,629 [pool-297-thread-1] INFO  storage.RaftStorageDirectory (RaftStorageDirectory.java:analyzeStorage(246)) - The storage directory /workdir/hadoop-ozone/ozonefs/target/test-dir/MiniOzoneClusterImpl-f5305ca6-33bd-4b6f-9102-c854bc6f4652/datanode-2/data/ratis/9c6222cc-3119-4d7f-b717-8bb3633b70b5 does not exist. Creating ...
2019-09-25 12:48:56,642 [pool-297-thread-1] INFO  storage.RaftStorageDirectory (RaftStorageDirectory.java:tryLock(328)) - Lock on /workdir/hadoop-ozone/ozonefs/target/test-dir/MiniOzoneClusterImpl-f5305ca6-33bd-4b6f-9102-c854bc6f4652/datanode-2/data/ratis/9c6222cc-3119-4d7f-b717-8bb3633b70b5/in_use.lock acquired by nodename 24831@pr-hdds-1569-shd4m-3693607622
2019-09-25 12:48:56,658 [pool-297-thread-1] INFO  storage.RaftStorage (RaftStorage.java:format(72)) - Storage directory /workdir/hadoop-ozone/ozonefs/target/test-dir/MiniOzoneClusterImpl-f5305ca6-33bd-4b6f-9102-c854bc6f4652/datanode-2/data/ratis/9c6222cc-3119-4d7f-b717-8bb3633b70b5 has been successfully formatted.
2019-09-25 12:48:56,658 [pool-297-thread-1] INFO  ratis.ContainerStateMachine (ContainerStateMachine.java:loadSnapshot(230)) - group-8BB3633B70B5: The snapshot info is null. Setting the last applied indexto:(t:0, i:~)
2019-09-25 12:48:56,658 [pool-297-thread-1] INFO  server.RaftServerConfigKeys (ConfUtils.java:logGet(43)) - raft.server.notification.no-leader.timeout = 120s (custom)
2019-09-25 12:48:56,658 [pool-297-thread-1] INFO  server.RaftServerConfigKeys (ConfUtils.java:logGet(43)) - raft.server.log.use.memory = false (default)
2019-09-25 12:48:56,658 [pool-297-thread-1] INFO  server.RaftServerConfigKeys (ConfUtils.java:logGet(43)) - raft.server.log.purge.gap = 1000000 (custom)
2019-09-25 12:48:56,658 [pool-297-thread-1] INFO  server.RaftServerConfigKeys (ConfUtils.java:logGet(43)) - raft.server.log.appender.buffer.byte-limit = 33554432 (custom)
2019-09-25 12:48:56,658 [pool-297-thread-1] INFO  server.RaftServerConfigKeys (ConfUtils.java:logGet(43)) - raft.server.log.segment.size.max = 1048576 (custom)
2019-09-25 12:48:56,658 [pool-297-thread-1] INFO  server.RaftServerConfigKeys (ConfUtils.java:logGet(43)) - raft.server.log.segment.cache.num.max = 2 (custom)
2019-09-25 12:48:56,659 [pool-297-thread-1] INFO  segmented.SegmentedRaftLogWorker (SegmentedRaftLogWorker.java:<init>(172)) - new c5030f33-4cb5-4710-a89a-bba9e1e467b2@group-8BB3633B70B5-SegmentedRaftLogWorker for RaftStorage:Storage Directory /workdir/hadoop-ozone/ozonefs/target/test-dir/MiniOzoneClusterImpl-f5305ca6-33bd-4b6f-9102-c854bc6f4652/datanode-2/data/ratis/9c6222cc-3119-4d7f-b717-8bb3633b70b5
2019-09-25 12:48:56,659 [pool-297-thread-1] INFO  server.RaftServerConfigKeys (ConfUtils.java:logGet(43)) - raft.server.log.queue.byte-limit = 2147483647 (custom)
2019-09-25 12:48:56,659 [pool-297-thread-1] INFO  server.RaftServerConfigKeys (ConfUtils.java:logGet(43)) - raft.server.log.queue.element-limit = 1024 (custom)
2019-09-25 12:48:56,659 [pool-297-thread-1] INFO  server.RaftServerConfigKeys (ConfUtils.java:logGet(43)) - raft.server.log.segment.size.max = 1048576 (custom)
2019-09-25 12:48:56,659 [pool-297-thread-1] INFO  server.RaftServerConfigKeys (ConfUtils.java:logGet(43)) - raft.server.log.preallocated.size = 16384 (custom)
2019-09-25 12:48:56,659 [pool-297-thread-1] INFO  server.RaftServerConfigKeys (ConfUtils.java:logGet(43)) - raft.server.log.write.buffer.size = 33554432 (custom)
2019-09-25 12:48:56,659 [pool-297-thread-1] INFO  server.RaftServerConfigKeys (ConfUtils.java:logGet(43)) - raft.server.log.force.sync.num = 128 (default)
2019-09-25 12:48:56,659 [pool-297-thread-1] INFO  server.RaftServerConfigKeys (ConfUtils.java:logGet(43)) - raft.server.log.statemachine.data.sync = true (default)
2019-09-25 12:48:56,659 [pool-297-thread-1] INFO  server.RaftServerConfigKeys (ConfUtils.java:logGet(43)) - raft.server.log.statemachine.data.sync.timeout = 10s (default)
2019-09-25 12:48:56,659 [pool-297-thread-1] INFO  server.RaftServerConfigKeys (ConfUtils.java:logGet(43)) - raft.server.log.statemachine.data.sync.timeout.retry = -1 (default)
2019-09-25 12:48:56,659 [pool-297-thread-1] INFO  server.RaftServerConfigKeys (ConfUtils.java:logGet(43)) - raft.server.log.statemachine.data.caching.enabled = true (custom)
2019-09-25 12:48:56,660 [pool-297-thread-1] INFO  segmented.SegmentedRaftLogWorker (SegmentedRaftLogWorker.java:lambda$new$0(132)) - c5030f33-4cb5-4710-a89a-bba9e1e467b2@group-8BB3633B70B5-SegmentedRaftLogWorker: flushIndex: setUnconditionally 0 -> -1
2019-09-25 12:48:56,660 [pool-297-thread-1] INFO  server.RaftServerConfigKeys (ConfUtils.java:logGet(43)) - raft.server.snapshot.auto.trigger.enabled = true (custom)
2019-09-25 12:48:56,660 [pool-297-thread-1] INFO  server.RaftServerConfigKeys (ConfUtils.java:logGet(43)) - raft.server.snapshot.auto.trigger.threshold = 10000 (custom)
2019-09-25 12:48:56,660 [pool-297-thread-1] INFO  server.RaftServerConfigKeys (ConfUtils.java:logGet(43)) - raft.server.snapshot.retention.num.files = 5 (custom)
2019-09-25 12:48:56,660 [pool-297-thread-1] INFO  server.RaftServerConfigKeys (ConfUtils.java:logGet(43)) - raft.server.retrycache.expirytime = 600000ms (custom)
2019-09-25 12:48:56,661 [pool-297-thread-1] INFO  impl.RaftServerImpl (RaftServerImpl.java:start(185)) - c5030f33-4cb5-4710-a89a-bba9e1e467b2@group-8BB3633B70B5: start as a follower, conf=-1: [c5030f33-4cb5-4710-a89a-bba9e1e467b2:192.168.151.73:43395], old=null
2019-09-25 12:48:56,661 [pool-297-thread-1] INFO  impl.RaftServerImpl (RaftServerImpl.java:setRole(174)) - c5030f33-4cb5-4710-a89a-bba9e1e467b2@group-8BB3633B70B5: changes role from      null to FOLLOWER at term 0 for startAsFollower
2019-09-25 12:48:56,661 [pool-297-thread-1] INFO  impl.RoleInfo (RoleInfo.java:updateAndGet(143)) - c5030f33-4cb5-4710-a89a-bba9e1e467b2: start FollowerState
2019-09-25 12:48:56,661 [pool-297-thread-1] INFO  util.JmxRegister (JmxRegister.java:tryRegister(44)) - Successfully registered JMX Bean with object name Ratis:service=RaftServer,group=group-8BB3633B70B5,id=c5030f33-4cb5-4710-a89a-bba9e1e467b2
2019-09-25 12:48:56,664 [RatisPipelineUtilsThread] INFO  pipeline.PipelineStateManager (PipelineStateManager.java:addPipeline(56)) - Created pipeline Pipeline[ Id: 9c6222cc-3119-4d7f-b717-8bb3633b70b5, Nodes: c5030f33-4cb5-4710-a89a-bba9e1e467b2{ip: 192.168.151.73, host: pr-hdds-1569-shd4m-3693607622, networkLocation: /default-rack, certSerialId: null}, Type:RATIS, Factor:ONE, State:OPEN]
2019-09-25 12:48:56,664 [RatisPipelineUtilsThread] INFO  pipeline.PipelinePlacementPolicy (PipelinePlacementPolicy.java:meetCriteria(91)) - Pipeline Placement: can't place more pipeline on heavy datanode： c5030f33-4cb5-4710-a89a-bba9e1e467b2 Heaviness: 6 limit: 5
2019-09-25 12:48:56,664 [RatisPipelineUtilsThread] INFO  pipeline.PipelinePlacementPolicy (PipelinePlacementPolicy.java:meetCriteria(91)) - Pipeline Placement: can't place more pipeline on heavy datanode： e474d836-9357-4e4e-810d-bf6a0e77ec6f Heaviness: 6 limit: 5
2019-09-25 12:48:56,664 [RatisPipelineUtilsThread] INFO  pipeline.PipelinePlacementPolicy (PipelinePlacementPolicy.java:meetCriteria(91)) - Pipeline Placement: can't place more pipeline on heavy datanode： 3243c737-994e-484d-8a3b-380030115cc1 Heaviness: 6 limit: 5
2019-09-25 12:48:56,664 [RatisPipelineUtilsThread] ERROR pipeline.PipelinePlacementPolicy (PipelinePlacementPolicy.java:filterViableNodes(148)) - Unable to find enough nodes that meet the criteria that cannot engage in more than 5 pipelines. Nodes required: 1 Found: 0, healthy nodes count inNodeManager: 3.
2019-09-25 12:48:56,665 [RatisPipelineUtilsThread] ERROR pipeline.SCMPipelineManager (SCMPipelineManager.java:createPipeline(167)) - Pipeline creation failed.
org.apache.hadoop.hdds.scm.exceptions.SCMException: Unable to find enough nodes that meet the criteria that cannot engage in more than 5 pipelines. Nodes required: 1 Found: 0, healthy nodes count inNodeManager: 3.
	at org.apache.hadoop.hdds.scm.pipeline.PipelinePlacementPolicy.filterViableNodes(PipelinePlacementPolicy.java:149)
	at org.apache.hadoop.hdds.scm.pipeline.PipelinePlacementPolicy.chooseDatanodes(PipelinePlacementPolicy.java:172)
	at org.apache.hadoop.hdds.scm.pipeline.RatisPipelineProvider.create(RatisPipelineProvider.java:93)
	at org.apache.hadoop.hdds.scm.pipeline.PipelineFactory.create(PipelineFactory.java:58)
	at org.apache.hadoop.hdds.scm.pipeline.SCMPipelineManager.createPipeline(SCMPipelineManager.java:155)
	at org.apache.hadoop.hdds.scm.pipeline.BackgroundPipelineCreator.createPipelines(BackgroundPipelineCreator.java:99)
	at java.util.concurrent.Executors$RunnableAdapter.call(Executors.java:511)
	at java.util.concurrent.FutureTask.run(FutureTask.java:266)
	at java.util.concurrent.ScheduledThreadPoolExecutor$ScheduledFutureTask.access$201(ScheduledThreadPoolExecutor.java:180)
	at java.util.concurrent.ScheduledThreadPoolExecutor$ScheduledFutureTask.run(ScheduledThreadPoolExecutor.java:293)
	at java.util.concurrent.ThreadPoolExecutor.runWorker(ThreadPoolExecutor.java:1149)
	at java.util.concurrent.ThreadPoolExecutor$Worker.run(ThreadPoolExecutor.java:624)
	at java.lang.Thread.run(Thread.java:748)
2019-09-25 12:48:56,665 [RatisPipelineUtilsThread] INFO  pipeline.PipelinePlacementPolicy (PipelinePlacementPolicy.java:meetCriteria(91)) - Pipeline Placement: can't place more pipeline on heavy datanode： c5030f33-4cb5-4710-a89a-bba9e1e467b2 Heaviness: 6 limit: 5
2019-09-25 12:48:56,665 [RatisPipelineUtilsThread] INFO  pipeline.PipelinePlacementPolicy (PipelinePlacementPolicy.java:meetCriteria(91)) - Pipeline Placement: can't place more pipeline on heavy datanode： e474d836-9357-4e4e-810d-bf6a0e77ec6f Heaviness: 6 limit: 5
2019-09-25 12:48:56,665 [RatisPipelineUtilsThread] INFO  pipeline.PipelinePlacementPolicy (PipelinePlacementPolicy.java:meetCriteria(91)) - Pipeline Placement: can't place more pipeline on heavy datanode： 3243c737-994e-484d-8a3b-380030115cc1 Heaviness: 6 limit: 5
2019-09-25 12:48:56,665 [RatisPipelineUtilsThread] ERROR pipeline.PipelinePlacementPolicy (PipelinePlacementPolicy.java:filterViableNodes(148)) - Unable to find enough nodes that meet the criteria that cannot engage in more than 5 pipelines. Nodes required: 3 Found: 0, healthy nodes count inNodeManager: 3.
2019-09-25 12:48:56,665 [RatisPipelineUtilsThread] ERROR pipeline.SCMPipelineManager (SCMPipelineManager.java:createPipeline(167)) - Pipeline creation failed.
org.apache.hadoop.hdds.scm.exceptions.SCMException: Unable to find enough nodes that meet the criteria that cannot engage in more than 5 pipelines. Nodes required: 3 Found: 0, healthy nodes count inNodeManager: 3.
	at org.apache.hadoop.hdds.scm.pipeline.PipelinePlacementPolicy.filterViableNodes(PipelinePlacementPolicy.java:149)
	at org.apache.hadoop.hdds.scm.pipeline.PipelinePlacementPolicy.chooseDatanodes(PipelinePlacementPolicy.java:172)
	at org.apache.hadoop.hdds.scm.pipeline.RatisPipelineProvider.create(RatisPipelineProvider.java:93)
	at org.apache.hadoop.hdds.scm.pipeline.PipelineFactory.create(PipelineFactory.java:58)
	at org.apache.hadoop.hdds.scm.pipeline.SCMPipelineManager.createPipeline(SCMPipelineManager.java:155)
	at org.apache.hadoop.hdds.scm.pipeline.BackgroundPipelineCreator.createPipelines(BackgroundPipelineCreator.java:99)
	at java.util.concurrent.Executors$RunnableAdapter.call(Executors.java:511)
	at java.util.concurrent.FutureTask.run(FutureTask.java:266)
	at java.util.concurrent.ScheduledThreadPoolExecutor$ScheduledFutureTask.access$201(ScheduledThreadPoolExecutor.java:180)
	at java.util.concurrent.ScheduledThreadPoolExecutor$ScheduledFutureTask.run(ScheduledThreadPoolExecutor.java:293)
	at java.util.concurrent.ThreadPoolExecutor.runWorker(ThreadPoolExecutor.java:1149)
	at java.util.concurrent.ThreadPoolExecutor$Worker.run(ThreadPoolExecutor.java:624)
	at java.lang.Thread.run(Thread.java:748)
2019-09-25 12:48:56,666 [RatisPipelineUtilsThread] INFO  pipeline.PipelinePlacementPolicy (PipelinePlacementPolicy.java:meetCriteria(91)) - Pipeline Placement: can't place more pipeline on heavy datanode： c5030f33-4cb5-4710-a89a-bba9e1e467b2 Heaviness: 6 limit: 5
2019-09-25 12:48:56,666 [RatisPipelineUtilsThread] INFO  pipeline.PipelinePlacementPolicy (PipelinePlacementPolicy.java:meetCriteria(91)) - Pipeline Placement: can't place more pipeline on heavy datanode： e474d836-9357-4e4e-810d-bf6a0e77ec6f Heaviness: 6 limit: 5
2019-09-25 12:48:56,666 [RatisPipelineUtilsThread] INFO  pipeline.PipelinePlacementPolicy (PipelinePlacementPolicy.java:meetCriteria(91)) - Pipeline Placement: can't place more pipeline on heavy datanode： 3243c737-994e-484d-8a3b-380030115cc1 Heaviness: 6 limit: 5
2019-09-25 12:48:56,666 [RatisPipelineUtilsThread] ERROR pipeline.PipelinePlacementPolicy (PipelinePlacementPolicy.java:filterViableNodes(148)) - Unable to find enough nodes that meet the criteria that cannot engage in more than 5 pipelines. Nodes required: 1 Found: 0, healthy nodes count inNodeManager: 3.
2019-09-25 12:48:56,666 [RatisPipelineUtilsThread] ERROR pipeline.SCMPipelineManager (SCMPipelineManager.java:createPipeline(167)) - Pipeline creation failed.
org.apache.hadoop.hdds.scm.exceptions.SCMException: Unable to find enough nodes that meet the criteria that cannot engage in more than 5 pipelines. Nodes required: 1 Found: 0, healthy nodes count inNodeManager: 3.
	at org.apache.hadoop.hdds.scm.pipeline.PipelinePlacementPolicy.filterViableNodes(PipelinePlacementPolicy.java:149)
	at org.apache.hadoop.hdds.scm.pipeline.PipelinePlacementPolicy.chooseDatanodes(PipelinePlacementPolicy.java:172)
	at org.apache.hadoop.hdds.scm.pipeline.RatisPipelineProvider.create(RatisPipelineProvider.java:93)
	at org.apache.hadoop.hdds.scm.pipeline.PipelineFactory.create(PipelineFactory.java:58)
	at org.apache.hadoop.hdds.scm.pipeline.SCMPipelineManager.createPipeline(SCMPipelineManager.java:155)
	at org.apache.hadoop.hdds.scm.pipeline.BackgroundPipelineCreator.createPipelines(BackgroundPipelineCreator.java:99)
	at org.apache.hadoop.hdds.scm.pipeline.BackgroundPipelineCreator.lambda$startFixedIntervalPipelineCreator$0(BackgroundPipelineCreator.java:70)
	at java.util.concurrent.Executors$RunnableAdapter.call(Executors.java:511)
	at java.util.concurrent.FutureTask.runAndReset(FutureTask.java:308)
	at java.util.concurrent.ScheduledThreadPoolExecutor$ScheduledFutureTask.access$301(ScheduledThreadPoolExecutor.java:180)
	at java.util.concurrent.ScheduledThreadPoolExecutor$ScheduledFutureTask.run(ScheduledThreadPoolExecutor.java:294)
	at java.util.concurrent.ThreadPoolExecutor.runWorker(ThreadPoolExecutor.java:1149)
	at java.util.concurrent.ThreadPoolExecutor$Worker.run(ThreadPoolExecutor.java:624)
	at java.lang.Thread.run(Thread.java:748)
2019-09-25 12:48:56,667 [RatisPipelineUtilsThread] INFO  pipeline.PipelinePlacementPolicy (PipelinePlacementPolicy.java:meetCriteria(91)) - Pipeline Placement: can't place more pipeline on heavy datanode： c5030f33-4cb5-4710-a89a-bba9e1e467b2 Heaviness: 6 limit: 5
2019-09-25 12:48:56,667 [RatisPipelineUtilsThread] INFO  pipeline.PipelinePlacementPolicy (PipelinePlacementPolicy.java:meetCriteria(91)) - Pipeline Placement: can't place more pipeline on heavy datanode： e474d836-9357-4e4e-810d-bf6a0e77ec6f Heaviness: 6 limit: 5
2019-09-25 12:48:56,667 [RatisPipelineUtilsThread] INFO  pipeline.PipelinePlacementPolicy (PipelinePlacementPolicy.java:meetCriteria(91)) - Pipeline Placement: can't place more pipeline on heavy datanode： 3243c737-994e-484d-8a3b-380030115cc1 Heaviness: 6 limit: 5
2019-09-25 12:48:56,667 [RatisPipelineUtilsThread] ERROR pipeline.PipelinePlacementPolicy (PipelinePlacementPolicy.java:filterViableNodes(148)) - Unable to find enough nodes that meet the criteria that cannot engage in more than 5 pipelines. Nodes required: 3 Found: 0, healthy nodes count inNodeManager: 3.
2019-09-25 12:48:56,667 [RatisPipelineUtilsThread] ERROR pipeline.SCMPipelineManager (SCMPipelineManager.java:createPipeline(167)) - Pipeline creation failed.
org.apache.hadoop.hdds.scm.exceptions.SCMException: Unable to find enough nodes that meet the criteria that cannot engage in more than 5 pipelines. Nodes required: 3 Found: 0, healthy nodes count inNodeManager: 3.
	at org.apache.hadoop.hdds.scm.pipeline.PipelinePlacementPolicy.filterViableNodes(PipelinePlacementPolicy.java:149)
	at org.apache.hadoop.hdds.scm.pipeline.PipelinePlacementPolicy.chooseDatanodes(PipelinePlacementPolicy.java:172)
	at org.apache.hadoop.hdds.scm.pipeline.RatisPipelineProvider.create(RatisPipelineProvider.java:93)
	at org.apache.hadoop.hdds.scm.pipeline.PipelineFactory.create(PipelineFactory.java:58)
	at org.apache.hadoop.hdds.scm.pipeline.SCMPipelineManager.createPipeline(SCMPipelineManager.java:155)
	at org.apache.hadoop.hdds.scm.pipeline.BackgroundPipelineCreator.createPipelines(BackgroundPipelineCreator.java:99)
	at org.apache.hadoop.hdds.scm.pipeline.BackgroundPipelineCreator.lambda$startFixedIntervalPipelineCreator$0(BackgroundPipelineCreator.java:70)
	at java.util.concurrent.Executors$RunnableAdapter.call(Executors.java:511)
	at java.util.concurrent.FutureTask.runAndReset(FutureTask.java:308)
	at java.util.concurrent.ScheduledThreadPoolExecutor$ScheduledFutureTask.access$301(ScheduledThreadPoolExecutor.java:180)
	at java.util.concurrent.ScheduledThreadPoolExecutor$ScheduledFutureTask.run(ScheduledThreadPoolExecutor.java:294)
	at java.util.concurrent.ThreadPoolExecutor.runWorker(ThreadPoolExecutor.java:1149)
	at java.util.concurrent.ThreadPoolExecutor$Worker.run(ThreadPoolExecutor.java:624)
	at java.lang.Thread.run(Thread.java:748)
2019-09-25 12:48:56,973 [main] INFO  ozone.MiniOzoneClusterImpl (MiniOzoneClusterImpl.java:lambda$waitForClusterToBeReady$0(147)) - Cluster is ready. Got 3 of 3 DN Heartbeats.
2019-09-25 12:48:57,014 [main] INFO  rpc.RpcClient (RpcClient.java:createVolume(276)) - Creating Volume: urxntuqxpj, with user93987 as owner.
2019-09-25 12:48:57,017 [IPC Server handler 2 on 44042] INFO  volume.OMVolumeCreateRequest (OMVolumeCreateRequest.java:validateAndUpdateCache(189)) - created volume:urxntuqxpj for user:user93987
2019-09-25 12:48:57,026 [main] INFO  rpc.RpcClient (RpcClient.java:createBucket(415)) - Creating Bucket: urxntuqxpj/uayacyjdie, with Versioning false and Storage Type set to DISK and Encryption set to false 
2019-09-25 12:48:57,099 [IPC Server handler 0 on 46246] INFO  pipeline.PipelinePlacementPolicy (PipelinePlacementPolicy.java:meetCriteria(91)) - Pipeline Placement: can't place more pipeline on heavy datanode： c5030f33-4cb5-4710-a89a-bba9e1e467b2 Heaviness: 6 limit: 5
2019-09-25 12:48:57,099 [IPC Server handler 0 on 46246] INFO  pipeline.PipelinePlacementPolicy (PipelinePlacementPolicy.java:meetCriteria(91)) - Pipeline Placement: can't place more pipeline on heavy datanode： e474d836-9357-4e4e-810d-bf6a0e77ec6f Heaviness: 6 limit: 5
2019-09-25 12:48:57,099 [IPC Server handler 0 on 46246] INFO  pipeline.PipelinePlacementPolicy (PipelinePlacementPolicy.java:meetCriteria(91)) - Pipeline Placement: can't place more pipeline on heavy datanode： 3243c737-994e-484d-8a3b-380030115cc1 Heaviness: 6 limit: 5
2019-09-25 12:48:57,100 [IPC Server handler 0 on 46246] ERROR pipeline.PipelinePlacementPolicy (PipelinePlacementPolicy.java:filterViableNodes(148)) - Unable to find enough nodes that meet the criteria that cannot engage in more than 5 pipelines. Nodes required: 3 Found: 0, healthy nodes count inNodeManager: 3.
2019-09-25 12:48:57,100 [IPC Server handler 0 on 46246] ERROR pipeline.SCMPipelineManager (SCMPipelineManager.java:createPipeline(167)) - Pipeline creation failed.
org.apache.hadoop.hdds.scm.exceptions.SCMException: Unable to find enough nodes that meet the criteria that cannot engage in more than 5 pipelines. Nodes required: 3 Found: 0, healthy nodes count inNodeManager: 3.
	at org.apache.hadoop.hdds.scm.pipeline.PipelinePlacementPolicy.filterViableNodes(PipelinePlacementPolicy.java:149)
	at org.apache.hadoop.hdds.scm.pipeline.PipelinePlacementPolicy.chooseDatanodes(PipelinePlacementPolicy.java:172)
	at org.apache.hadoop.hdds.scm.pipeline.RatisPipelineProvider.create(RatisPipelineProvider.java:93)
	at org.apache.hadoop.hdds.scm.pipeline.PipelineFactory.create(PipelineFactory.java:58)
	at org.apache.hadoop.hdds.scm.pipeline.SCMPipelineManager.createPipeline(SCMPipelineManager.java:155)
	at org.apache.hadoop.hdds.scm.block.BlockManagerImpl.allocateBlock(BlockManagerImpl.java:190)
	at org.apache.hadoop.hdds.scm.server.SCMBlockProtocolServer.allocateBlock(SCMBlockProtocolServer.java:182)
	at org.apache.hadoop.ozone.protocolPB.ScmBlockLocationProtocolServerSideTranslatorPB.allocateScmBlock(ScmBlockLocationProtocolServerSideTranslatorPB.java:183)
	at org.apache.hadoop.ozone.protocolPB.ScmBlockLocationProtocolServerSideTranslatorPB.processMessage(ScmBlockLocationProtocolServerSideTranslatorPB.java:141)
	at org.apache.hadoop.ozone.protocolPB.ScmBlockLocationProtocolServerSideTranslatorPB.send(ScmBlockLocationProtocolServerSideTranslatorPB.java:116)
	at org.apache.hadoop.hdds.protocol.proto.ScmBlockLocationProtocolProtos$ScmBlockLocationProtocolService$2.callBlockingMethod(ScmBlockLocationProtocolProtos.java:13157)
	at org.apache.hadoop.ipc.ProtobufRpcEngine$Server$ProtoBufRpcInvoker.call(ProtobufRpcEngine.java:524)
	at org.apache.hadoop.ipc.RPC$Server.call(RPC.java:1025)
	at org.apache.hadoop.ipc.Server$RpcCall.run(Server.java:876)
	at org.apache.hadoop.ipc.Server$RpcCall.run(Server.java:822)
	at java.security.AccessController.doPrivileged(Native Method)
	at javax.security.auth.Subject.doAs(Subject.java:422)
	at org.apache.hadoop.security.UserGroupInformation.doAs(UserGroupInformation.java:1730)
	at org.apache.hadoop.ipc.Server$Handler.run(Server.java:2682)
2019-09-25 12:48:57,100 [IPC Server handler 0 on 46246] WARN  block.BlockManagerImpl (BlockManagerImpl.java:allocateBlock(192)) - Pipeline creation failed for type:RATIS factor:THREE. Retrying get pipelines call once.
org.apache.hadoop.hdds.scm.exceptions.SCMException: Unable to find enough nodes that meet the criteria that cannot engage in more than 5 pipelines. Nodes required: 3 Found: 0, healthy nodes count inNodeManager: 3.
	at org.apache.hadoop.hdds.scm.pipeline.PipelinePlacementPolicy.filterViableNodes(PipelinePlacementPolicy.java:149)
	at org.apache.hadoop.hdds.scm.pipeline.PipelinePlacementPolicy.chooseDatanodes(PipelinePlacementPolicy.java:172)
	at org.apache.hadoop.hdds.scm.pipeline.RatisPipelineProvider.create(RatisPipelineProvider.java:93)
	at org.apache.hadoop.hdds.scm.pipeline.PipelineFactory.create(PipelineFactory.java:58)
	at org.apache.hadoop.hdds.scm.pipeline.SCMPipelineManager.createPipeline(SCMPipelineManager.java:155)
	at org.apache.hadoop.hdds.scm.block.BlockManagerImpl.allocateBlock(BlockManagerImpl.java:190)
	at org.apache.hadoop.hdds.scm.server.SCMBlockProtocolServer.allocateBlock(SCMBlockProtocolServer.java:182)
	at org.apache.hadoop.ozone.protocolPB.ScmBlockLocationProtocolServerSideTranslatorPB.allocateScmBlock(ScmBlockLocationProtocolServerSideTranslatorPB.java:183)
	at org.apache.hadoop.ozone.protocolPB.ScmBlockLocationProtocolServerSideTranslatorPB.processMessage(ScmBlockLocationProtocolServerSideTranslatorPB.java:141)
	at org.apache.hadoop.ozone.protocolPB.ScmBlockLocationProtocolServerSideTranslatorPB.send(ScmBlockLocationProtocolServerSideTranslatorPB.java:116)
	at org.apache.hadoop.hdds.protocol.proto.ScmBlockLocationProtocolProtos$ScmBlockLocationProtocolService$2.callBlockingMethod(ScmBlockLocationProtocolProtos.java:13157)
	at org.apache.hadoop.ipc.ProtobufRpcEngine$Server$ProtoBufRpcInvoker.call(ProtobufRpcEngine.java:524)
	at org.apache.hadoop.ipc.RPC$Server.call(RPC.java:1025)
	at org.apache.hadoop.ipc.Server$RpcCall.run(Server.java:876)
	at org.apache.hadoop.ipc.Server$RpcCall.run(Server.java:822)
	at java.security.AccessController.doPrivileged(Native Method)
	at javax.security.auth.Subject.doAs(Subject.java:422)
	at org.apache.hadoop.security.UserGroupInformation.doAs(UserGroupInformation.java:1730)
	at org.apache.hadoop.ipc.Server$Handler.run(Server.java:2682)
2019-09-25 12:48:57,101 [IPC Server handler 0 on 46246] INFO  block.BlockManagerImpl (BlockManagerImpl.java:allocateBlock(198)) - Could not find available pipeline of type:RATIS and factor:THREE even after retrying
2019-09-25 12:48:57,101 [IPC Server handler 0 on 46246] ERROR block.BlockManagerImpl (BlockManagerImpl.java:allocateBlock(222)) - Unable to allocate a block for the size: 4194304, type: RATIS, factor: THREE
2019-09-25 12:48:57,109 [main] INFO  ozone.MiniOzoneClusterImpl (MiniOzoneClusterImpl.java:shutdown(314)) - Shutting down the Mini Ozone Cluster
2019-09-25 12:48:57,109 [main] INFO  ozone.MiniOzoneClusterImpl (MiniOzoneClusterImpl.java:stop(330)) - Stopping the Mini Ozone Cluster
2019-09-25 12:48:57,109 [main] INFO  ozone.MiniOzoneClusterImpl (MiniOzoneClusterImpl.java:stopOM(400)) - Stopping the OzoneManager
2019-09-25 12:48:57,109 [main] INFO  ipc.Server (Server.java:stop(3082)) - Stopping server on 44042
2019-09-25 12:48:57,113 [IPC Server listener on 44042] INFO  ipc.Server (Server.java:run(1185)) - Stopping IPC Server listener on 44042
2019-09-25 12:48:57,113 [main] INFO  ratis.OzoneManagerDoubleBuffer (OzoneManagerDoubleBuffer.java:stop(248)) - Stopping OMDoubleBuffer flush thread
2019-09-25 12:48:57,113 [IPC Server Responder] INFO  ipc.Server (Server.java:run(1319)) - Stopping IPC Server Responder
2019-09-25 12:48:57,116 [OMDoubleBufferFlushThread] INFO  ratis.OzoneManagerDoubleBuffer (OzoneManagerDoubleBuffer.java:flushTransactions(191)) - OMDoubleBuffer flush thread OMDoubleBufferFlushThread is interrupted and will exit. OMDoubleBufferFlushThread
2019-09-25 12:48:57,117 [main] INFO  utils.BackgroundService (BackgroundService.java:shutdown(148)) - Shutting down service KeyDeletingService
2019-09-25 12:48:57,118 [main] INFO  handler.ContextHandler (ContextHandler.java:doStop(910)) - Stopped o.e.j.w.WebAppContext@6222391a{/,null,UNAVAILABLE}{/ozoneManager}
2019-09-25 12:48:57,119 [main] INFO  server.AbstractConnector (AbstractConnector.java:doStop(318)) - Stopped ServerConnector@538a2f0e{HTTP/1.1,[http/1.1]}{0.0.0.0:0}
2019-09-25 12:48:57,119 [main] INFO  handler.ContextHandler (ContextHandler.java:doStop(910)) - Stopped o.e.j.s.ServletContextHandler@28be7fec{/static,jar:file:/home/user/.m2/repository/org/apache/hadoop/hadoop-ozone-ozone-manager/0.5.0-SNAPSHOT/hadoop-ozone-ozone-manager-0.5.0-SNAPSHOT.jar!/webapps/static,UNAVAILABLE}
2019-09-25 12:48:57,120 [main] INFO  handler.ContextHandler (ContextHandler.java:doStop(910)) - Stopped o.e.j.s.ServletContextHandler@5c8d58ed{/logs,file:///workdir/hadoop-ozone/ozonefs/target/log,UNAVAILABLE}
2019-09-25 12:48:57,122 [main] INFO  ozone.MiniOzoneClusterImpl (MiniOzoneClusterImpl.java:stopDatanodes(377)) - Stopping the HddsDatanodes
2019-09-25 12:48:57,826 [Datanode State Machine Thread - 0] INFO  statemachine.DatanodeStateMachine (DatanodeStateMachine.java:lambda$startDaemon$0(350)) - Ozone container server started.
2019-09-25 12:48:57,912 [Datanode State Machine Thread - 0] INFO  statemachine.DatanodeStateMachine (DatanodeStateMachine.java:lambda$startDaemon$0(350)) - Ozone container server started.
2019-09-25 12:48:58,836 [Thread-1474] INFO  container.ReplicationManager (ReplicationManager.java:start(163)) - Starting Replication Monitor Thread.
2019-09-25 12:48:58,839 [ReplicationMonitor] INFO  container.ReplicationManager (ReplicationManager.java:run(226)) - Replication Monitor Thread took 0 milliseconds for processing 0 containers.
2019-09-25 12:49:01,004 [Thread-1476] INFO  impl.FollowerState (FollowerState.java:run(106)) - e474d836-9357-4e4e-810d-bf6a0e77ec6f:group-3CB334A0E34B changes to CANDIDATE, lastRpcTime:5125, electionTimeout:5125ms
2019-09-25 12:49:01,005 [Thread-1476] INFO  impl.RoleInfo (RoleInfo.java:shutdownFollowerState(121)) - e474d836-9357-4e4e-810d-bf6a0e77ec6f: shutdown FollowerState
2019-09-25 12:49:01,005 [Thread-1476] INFO  impl.RaftServerImpl (RaftServerImpl.java:setRole(174)) - e474d836-9357-4e4e-810d-bf6a0e77ec6f@group-3CB334A0E34B: changes role from  FOLLOWER to CANDIDATE at term 0 for changeToCandidate
2019-09-25 12:49:01,005 [Thread-1476] INFO  impl.RoleInfo (RoleInfo.java:updateAndGet(143)) - e474d836-9357-4e4e-810d-bf6a0e77ec6f: start LeaderElection
2019-09-25 12:49:01,030 [e474d836-9357-4e4e-810d-bf6a0e77ec6f@group-3CB334A0E34B:LeaderElection73] INFO  impl.LeaderElection (LeaderElection.java:askForVotes(182)) - e474d836-9357-4e4e-810d-bf6a0e77ec6f@group-3CB334A0E34B:LeaderElection73: begin an election at term 1 for -1: [e474d836-9357-4e4e-810d-bf6a0e77ec6f:192.168.151.73:42228], old=null
2019-09-25 12:49:01,030 [e474d836-9357-4e4e-810d-bf6a0e77ec6f@group-3CB334A0E34B:LeaderElection73] INFO  impl.RoleInfo (RoleInfo.java:shutdownLeaderElection(134)) - e474d836-9357-4e4e-810d-bf6a0e77ec6f: shutdown LeaderElection
2019-09-25 12:49:01,030 [e474d836-9357-4e4e-810d-bf6a0e77ec6f@group-3CB334A0E34B:LeaderElection73] INFO  impl.RaftServerImpl (RaftServerImpl.java:setRole(174)) - e474d836-9357-4e4e-810d-bf6a0e77ec6f@group-3CB334A0E34B: changes role from CANDIDATE to LEADER at term 1 for changeToLeader
2019-09-25 12:49:01,030 [e474d836-9357-4e4e-810d-bf6a0e77ec6f@group-3CB334A0E34B:LeaderElection73] INFO  impl.RaftServerImpl (ServerState.java:setLeader(253)) - e474d836-9357-4e4e-810d-bf6a0e77ec6f@group-3CB334A0E34B: change Leader from null to e474d836-9357-4e4e-810d-bf6a0e77ec6f at term 1 for becomeLeader, leader elected after 5157ms
2019-09-25 12:49:01,030 [e474d836-9357-4e4e-810d-bf6a0e77ec6f@group-3CB334A0E34B:LeaderElection73] INFO  server.RaftServerConfigKeys (ConfUtils.java:logGet(43)) - raft.server.staging.catchup.gap = 1000 (default)
2019-09-25 12:49:01,030 [e474d836-9357-4e4e-810d-bf6a0e77ec6f@group-3CB334A0E34B:LeaderElection73] INFO  server.RaftServerConfigKeys (ConfUtils.java:logGet(43)) - raft.server.rpc.sleep.time = 25ms (default)
2019-09-25 12:49:01,031 [e474d836-9357-4e4e-810d-bf6a0e77ec6f@group-3CB334A0E34B:LeaderElection73] INFO  server.RaftServerConfigKeys (ConfUtils.java:logGet(43)) - raft.server.write.element-limit = 4096 (default)
2019-09-25 12:49:01,031 [e474d836-9357-4e4e-810d-bf6a0e77ec6f@group-3CB334A0E34B:LeaderElection73] INFO  server.RaftServerConfigKeys (ConfUtils.java:logGet(43)) - raft.server.watch.timeout = 10s (default)
2019-09-25 12:49:01,031 [e474d836-9357-4e4e-810d-bf6a0e77ec6f@group-3CB334A0E34B:LeaderElection73] INFO  server.RaftServerConfigKeys (ConfUtils.java:logGet(43)) - raft.server.watch.timeout.denomination = 1s (default)
2019-09-25 12:49:01,031 [e474d836-9357-4e4e-810d-bf6a0e77ec6f@group-3CB334A0E34B:LeaderElection73] INFO  server.RaftServerConfigKeys (ConfUtils.java:logGet(43)) - raft.server.watch.element-limit = 65536 (default)
2019-09-25 12:49:01,033 [e474d836-9357-4e4e-810d-bf6a0e77ec6f@group-3CB334A0E34B:LeaderElection73] INFO  impl.RoleInfo (RoleInfo.java:updateAndGet(143)) - e474d836-9357-4e4e-810d-bf6a0e77ec6f: start LeaderState
2019-09-25 12:49:01,033 [e474d836-9357-4e4e-810d-bf6a0e77ec6f@group-3CB334A0E34B:LeaderElection73] INFO  segmented.SegmentedRaftLogWorker (SegmentedRaftLogWorker.java:startLogSegment(380)) - e474d836-9357-4e4e-810d-bf6a0e77ec6f@group-3CB334A0E34B-SegmentedRaftLogWorker: Starting segment from index:0
2019-09-25 12:49:01,033 [e474d836-9357-4e4e-810d-bf6a0e77ec6f@group-3CB334A0E34B:LeaderElection73] INFO  impl.RaftServerImpl (ServerState.java:setRaftConf(354)) - e474d836-9357-4e4e-810d-bf6a0e77ec6f@group-3CB334A0E34B: set configuration 0: [e474d836-9357-4e4e-810d-bf6a0e77ec6f:192.168.151.73:42228], old=null at 0
2019-09-25 12:49:01,056 [Thread-1479] INFO  impl.FollowerState (FollowerState.java:run(106)) - e474d836-9357-4e4e-810d-bf6a0e77ec6f:group-B73D0A592AA5 changes to CANDIDATE, lastRpcTime:5136, electionTimeout:5136ms
2019-09-25 12:49:01,056 [Thread-1479] INFO  impl.RoleInfo (RoleInfo.java:shutdownFollowerState(121)) - e474d836-9357-4e4e-810d-bf6a0e77ec6f: shutdown FollowerState
2019-09-25 12:49:01,056 [Thread-1479] INFO  impl.RaftServerImpl (RaftServerImpl.java:setRole(174)) - e474d836-9357-4e4e-810d-bf6a0e77ec6f@group-B73D0A592AA5: changes role from  FOLLOWER to CANDIDATE at term 0 for changeToCandidate
2019-09-25 12:49:01,056 [Thread-1479] INFO  impl.RoleInfo (RoleInfo.java:updateAndGet(143)) - e474d836-9357-4e4e-810d-bf6a0e77ec6f: start LeaderElection
2019-09-25 12:49:01,097 [e474d836-9357-4e4e-810d-bf6a0e77ec6f@group-3CB334A0E34B-SegmentedRaftLogWorker] INFO  segmented.SegmentedRaftLogWorker (SegmentedRaftLogWorker.java:execute(569)) - e474d836-9357-4e4e-810d-bf6a0e77ec6f@group-3CB334A0E34B-SegmentedRaftLogWorker: created new log segment /workdir/hadoop-ozone/ozonefs/target/test-dir/MiniOzoneClusterImpl-f5305ca6-33bd-4b6f-9102-c854bc6f4652/datanode-0/data/ratis/53efd23b-ab9b-4035-994e-3cb334a0e34b/current/log_inprogress_0
2019-09-25 12:49:01,097 [e474d836-9357-4e4e-810d-bf6a0e77ec6f@group-B73D0A592AA5:LeaderElection74] INFO  impl.LeaderElection (LeaderElection.java:askForVotes(182)) - e474d836-9357-4e4e-810d-bf6a0e77ec6f@group-B73D0A592AA5:LeaderElection74: begin an election at term 1 for -1: [e474d836-9357-4e4e-810d-bf6a0e77ec6f:192.168.151.73:42228], old=null
2019-09-25 12:49:01,097 [e474d836-9357-4e4e-810d-bf6a0e77ec6f@group-B73D0A592AA5:LeaderElection74] INFO  impl.RoleInfo (RoleInfo.java:shutdownLeaderElection(134)) - e474d836-9357-4e4e-810d-bf6a0e77ec6f: shutdown LeaderElection
2019-09-25 12:49:01,097 [e474d836-9357-4e4e-810d-bf6a0e77ec6f@group-B73D0A592AA5:LeaderElection74] INFO  impl.RaftServerImpl (RaftServerImpl.java:setRole(174)) - e474d836-9357-4e4e-810d-bf6a0e77ec6f@group-B73D0A592AA5: changes role from CANDIDATE to LEADER at term 1 for changeToLeader
2019-09-25 12:49:01,097 [e474d836-9357-4e4e-810d-bf6a0e77ec6f@group-B73D0A592AA5:LeaderElection74] INFO  impl.RaftServerImpl (ServerState.java:setLeader(253)) - e474d836-9357-4e4e-810d-bf6a0e77ec6f@group-B73D0A592AA5: change Leader from null to e474d836-9357-4e4e-810d-bf6a0e77ec6f at term 1 for becomeLeader, leader elected after 5182ms
2019-09-25 12:49:01,097 [e474d836-9357-4e4e-810d-bf6a0e77ec6f@group-B73D0A592AA5:LeaderElection74] INFO  server.RaftServerConfigKeys (ConfUtils.java:logGet(43)) - raft.server.staging.catchup.gap = 1000 (default)
2019-09-25 12:49:01,098 [e474d836-9357-4e4e-810d-bf6a0e77ec6f@group-B73D0A592AA5:LeaderElection74] INFO  server.RaftServerConfigKeys (ConfUtils.java:logGet(43)) - raft.server.rpc.sleep.time = 25ms (default)
2019-09-25 12:49:01,098 [e474d836-9357-4e4e-810d-bf6a0e77ec6f@group-B73D0A592AA5:LeaderElection74] INFO  server.RaftServerConfigKeys (ConfUtils.java:logGet(43)) - raft.server.write.element-limit = 4096 (default)
2019-09-25 12:49:01,098 [e474d836-9357-4e4e-810d-bf6a0e77ec6f@group-B73D0A592AA5:LeaderElection74] INFO  server.RaftServerConfigKeys (ConfUtils.java:logGet(43)) - raft.server.watch.timeout = 10s (default)
2019-09-25 12:49:01,098 [e474d836-9357-4e4e-810d-bf6a0e77ec6f@group-B73D0A592AA5:LeaderElection74] INFO  server.RaftServerConfigKeys (ConfUtils.java:logGet(43)) - raft.server.watch.timeout.denomination = 1s (default)
2019-09-25 12:49:01,098 [e474d836-9357-4e4e-810d-bf6a0e77ec6f@group-B73D0A592AA5:LeaderElection74] INFO  server.RaftServerConfigKeys (ConfUtils.java:logGet(43)) - raft.server.watch.element-limit = 65536 (default)
2019-09-25 12:49:01,099 [e474d836-9357-4e4e-810d-bf6a0e77ec6f@group-B73D0A592AA5:LeaderElection74] INFO  impl.RoleInfo (RoleInfo.java:updateAndGet(143)) - e474d836-9357-4e4e-810d-bf6a0e77ec6f: start LeaderState
2019-09-25 12:49:01,099 [e474d836-9357-4e4e-810d-bf6a0e77ec6f@group-B73D0A592AA5:LeaderElection74] INFO  segmented.SegmentedRaftLogWorker (SegmentedRaftLogWorker.java:startLogSegment(380)) - e474d836-9357-4e4e-810d-bf6a0e77ec6f@group-B73D0A592AA5-SegmentedRaftLogWorker: Starting segment from index:0
2019-09-25 12:49:01,100 [e474d836-9357-4e4e-810d-bf6a0e77ec6f@group-B73D0A592AA5:LeaderElection74] INFO  impl.RaftServerImpl (ServerState.java:setRaftConf(354)) - e474d836-9357-4e4e-810d-bf6a0e77ec6f@group-B73D0A592AA5: set configuration 0: [e474d836-9357-4e4e-810d-bf6a0e77ec6f:192.168.151.73:42228], old=null at 0
2019-09-25 12:49:01,103 [Thread-1482] INFO  impl.FollowerState (FollowerState.java:run(106)) - 3243c737-994e-484d-8a3b-380030115cc1:group-B82A8B115354 changes to CANDIDATE, lastRpcTime:5120, electionTimeout:5120ms
2019-09-25 12:49:01,103 [Thread-1482] INFO  impl.RoleInfo (RoleInfo.java:shutdownFollowerState(121)) - 3243c737-994e-484d-8a3b-380030115cc1: shutdown FollowerState
2019-09-25 12:49:01,103 [Thread-1482] INFO  impl.RaftServerImpl (RaftServerImpl.java:setRole(174)) - 3243c737-994e-484d-8a3b-380030115cc1@group-B82A8B115354: changes role from  FOLLOWER to CANDIDATE at term 0 for changeToCandidate
2019-09-25 12:49:01,103 [Thread-1482] INFO  impl.RoleInfo (RoleInfo.java:updateAndGet(143)) - 3243c737-994e-484d-8a3b-380030115cc1: start LeaderElection
2019-09-25 12:49:01,145 [e474d836-9357-4e4e-810d-bf6a0e77ec6f@group-B73D0A592AA5-SegmentedRaftLogWorker] INFO  segmented.SegmentedRaftLogWorker (SegmentedRaftLogWorker.java:execute(569)) - e474d836-9357-4e4e-810d-bf6a0e77ec6f@group-B73D0A592AA5-SegmentedRaftLogWorker: created new log segment /workdir/hadoop-ozone/ozonefs/target/test-dir/MiniOzoneClusterImpl-f5305ca6-33bd-4b6f-9102-c854bc6f4652/datanode-0/data/ratis/c5659786-77cb-4f82-ab26-b73d0a592aa5/current/log_inprogress_0
2019-09-25 12:49:01,145 [3243c737-994e-484d-8a3b-380030115cc1@group-B82A8B115354:LeaderElection75] INFO  impl.LeaderElection (LeaderElection.java:askForVotes(182)) - 3243c737-994e-484d-8a3b-380030115cc1@group-B82A8B115354:LeaderElection75: begin an election at term 1 for -1: [3243c737-994e-484d-8a3b-380030115cc1:192.168.151.73:45992], old=null
2019-09-25 12:49:01,145 [3243c737-994e-484d-8a3b-380030115cc1@group-B82A8B115354:LeaderElection75] INFO  impl.RoleInfo (RoleInfo.java:shutdownLeaderElection(134)) - 3243c737-994e-484d-8a3b-380030115cc1: shutdown LeaderElection
2019-09-25 12:49:01,145 [3243c737-994e-484d-8a3b-380030115cc1@group-B82A8B115354:LeaderElection75] INFO  impl.RaftServerImpl (RaftServerImpl.java:setRole(174)) - 3243c737-994e-484d-8a3b-380030115cc1@group-B82A8B115354: changes role from CANDIDATE to LEADER at term 1 for changeToLeader
2019-09-25 12:49:01,145 [3243c737-994e-484d-8a3b-380030115cc1@group-B82A8B115354:LeaderElection75] INFO  impl.RaftServerImpl (ServerState.java:setLeader(253)) - 3243c737-994e-484d-8a3b-380030115cc1@group-B82A8B115354: change Leader from null to 3243c737-994e-484d-8a3b-380030115cc1 at term 1 for becomeLeader, leader elected after 5168ms
2019-09-25 12:49:01,145 [3243c737-994e-484d-8a3b-380030115cc1@group-B82A8B115354:LeaderElection75] INFO  server.RaftServerConfigKeys (ConfUtils.java:logGet(43)) - raft.server.staging.catchup.gap = 1000 (default)
2019-09-25 12:49:01,146 [3243c737-994e-484d-8a3b-380030115cc1@group-B82A8B115354:LeaderElection75] INFO  server.RaftServerConfigKeys (ConfUtils.java:logGet(43)) - raft.server.rpc.sleep.time = 25ms (default)
2019-09-25 12:49:01,146 [3243c737-994e-484d-8a3b-380030115cc1@group-B82A8B115354:LeaderElection75] INFO  server.RaftServerConfigKeys (ConfUtils.java:logGet(43)) - raft.server.write.element-limit = 4096 (default)
2019-09-25 12:49:01,146 [3243c737-994e-484d-8a3b-380030115cc1@group-B82A8B115354:LeaderElection75] INFO  server.RaftServerConfigKeys (ConfUtils.java:logGet(43)) - raft.server.watch.timeout = 10s (default)
2019-09-25 12:49:01,146 [3243c737-994e-484d-8a3b-380030115cc1@group-B82A8B115354:LeaderElection75] INFO  server.RaftServerConfigKeys (ConfUtils.java:logGet(43)) - raft.server.watch.timeout.denomination = 1s (default)
2019-09-25 12:49:01,146 [3243c737-994e-484d-8a3b-380030115cc1@group-B82A8B115354:LeaderElection75] INFO  server.RaftServerConfigKeys (ConfUtils.java:logGet(43)) - raft.server.watch.element-limit = 65536 (default)
2019-09-25 12:49:01,148 [3243c737-994e-484d-8a3b-380030115cc1@group-B82A8B115354:LeaderElection75] INFO  impl.RoleInfo (RoleInfo.java:updateAndGet(143)) - 3243c737-994e-484d-8a3b-380030115cc1: start LeaderState
2019-09-25 12:49:01,148 [3243c737-994e-484d-8a3b-380030115cc1@group-B82A8B115354:LeaderElection75] INFO  segmented.SegmentedRaftLogWorker (SegmentedRaftLogWorker.java:startLogSegment(380)) - 3243c737-994e-484d-8a3b-380030115cc1@group-B82A8B115354-SegmentedRaftLogWorker: Starting segment from index:0
2019-09-25 12:49:01,149 [3243c737-994e-484d-8a3b-380030115cc1@group-B82A8B115354:LeaderElection75] INFO  impl.RaftServerImpl (ServerState.java:setRaftConf(354)) - 3243c737-994e-484d-8a3b-380030115cc1@group-B82A8B115354: set configuration 0: [3243c737-994e-484d-8a3b-380030115cc1:192.168.151.73:45992], old=null at 0
2019-09-25 12:49:01,174 [Thread-1485] INFO  impl.FollowerState (FollowerState.java:run(106)) - e474d836-9357-4e4e-810d-bf6a0e77ec6f:group-D845F77926F2 changes to CANDIDATE, lastRpcTime:5150, electionTimeout:5150ms
2019-09-25 12:49:01,174 [Thread-1485] INFO  impl.RoleInfo (RoleInfo.java:shutdownFollowerState(121)) - e474d836-9357-4e4e-810d-bf6a0e77ec6f: shutdown FollowerState
2019-09-25 12:49:01,174 [Thread-1485] INFO  impl.RaftServerImpl (RaftServerImpl.java:setRole(174)) - e474d836-9357-4e4e-810d-bf6a0e77ec6f@group-D845F77926F2: changes role from  FOLLOWER to CANDIDATE at term 0 for changeToCandidate
2019-09-25 12:49:01,174 [Thread-1485] INFO  impl.RoleInfo (RoleInfo.java:updateAndGet(143)) - e474d836-9357-4e4e-810d-bf6a0e77ec6f: start LeaderElection
2019-09-25 12:49:01,179 [Thread-1488] INFO  impl.FollowerState (FollowerState.java:run(106)) - c5030f33-4cb5-4710-a89a-bba9e1e467b2:group-CDA655C4A0AD changes to CANDIDATE, lastRpcTime:5098, electionTimeout:5095ms
2019-09-25 12:49:01,179 [Thread-1488] INFO  impl.RoleInfo (RoleInfo.java:shutdownFollowerState(121)) - c5030f33-4cb5-4710-a89a-bba9e1e467b2: shutdown FollowerState
2019-09-25 12:49:01,180 [Thread-1488] INFO  impl.RaftServerImpl (RaftServerImpl.java:setRole(174)) - c5030f33-4cb5-4710-a89a-bba9e1e467b2@group-CDA655C4A0AD: changes role from  FOLLOWER to CANDIDATE at term 0 for changeToCandidate
2019-09-25 12:49:01,180 [Thread-1488] INFO  impl.RoleInfo (RoleInfo.java:updateAndGet(143)) - c5030f33-4cb5-4710-a89a-bba9e1e467b2: start LeaderElection
2019-09-25 12:49:01,203 [3243c737-994e-484d-8a3b-380030115cc1@group-B82A8B115354-SegmentedRaftLogWorker] INFO  segmented.SegmentedRaftLogWorker (SegmentedRaftLogWorker.java:execute(569)) - 3243c737-994e-484d-8a3b-380030115cc1@group-B82A8B115354-SegmentedRaftLogWorker: created new log segment /workdir/hadoop-ozone/ozonefs/target/test-dir/MiniOzoneClusterImpl-f5305ca6-33bd-4b6f-9102-c854bc6f4652/datanode-1/data/ratis/0b413e6d-b7ef-456d-b486-b82a8b115354/current/log_inprogress_0
2019-09-25 12:49:01,203 [c5030f33-4cb5-4710-a89a-bba9e1e467b2@group-CDA655C4A0AD:LeaderElection77] INFO  impl.LeaderElection (LeaderElection.java:askForVotes(182)) - c5030f33-4cb5-4710-a89a-bba9e1e467b2@group-CDA655C4A0AD:LeaderElection77: begin an election at term 1 for -1: [c5030f33-4cb5-4710-a89a-bba9e1e467b2:192.168.151.73:43395], old=null
2019-09-25 12:49:01,203 [e474d836-9357-4e4e-810d-bf6a0e77ec6f@group-D845F77926F2:LeaderElection76] INFO  impl.LeaderElection (LeaderElection.java:askForVotes(182)) - e474d836-9357-4e4e-810d-bf6a0e77ec6f@group-D845F77926F2:LeaderElection76: begin an election at term 1 for -1: [e474d836-9357-4e4e-810d-bf6a0e77ec6f:192.168.151.73:42228], old=null
2019-09-25 12:49:01,203 [c5030f33-4cb5-4710-a89a-bba9e1e467b2@group-CDA655C4A0AD:LeaderElection77] INFO  impl.RoleInfo (RoleInfo.java:shutdownLeaderElection(134)) - c5030f33-4cb5-4710-a89a-bba9e1e467b2: shutdown LeaderElection
2019-09-25 12:49:01,204 [e474d836-9357-4e4e-810d-bf6a0e77ec6f@group-D845F77926F2:LeaderElection76] INFO  impl.RoleInfo (RoleInfo.java:shutdownLeaderElection(134)) - e474d836-9357-4e4e-810d-bf6a0e77ec6f: shutdown LeaderElection
2019-09-25 12:49:01,204 [c5030f33-4cb5-4710-a89a-bba9e1e467b2@group-CDA655C4A0AD:LeaderElection77] INFO  impl.RaftServerImpl (RaftServerImpl.java:setRole(174)) - c5030f33-4cb5-4710-a89a-bba9e1e467b2@group-CDA655C4A0AD: changes role from CANDIDATE to LEADER at term 1 for changeToLeader
2019-09-25 12:49:01,204 [e474d836-9357-4e4e-810d-bf6a0e77ec6f@group-D845F77926F2:LeaderElection76] INFO  impl.RaftServerImpl (RaftServerImpl.java:setRole(174)) - e474d836-9357-4e4e-810d-bf6a0e77ec6f@group-D845F77926F2: changes role from CANDIDATE to LEADER at term 1 for changeToLeader
2019-09-25 12:49:01,204 [c5030f33-4cb5-4710-a89a-bba9e1e467b2@group-CDA655C4A0AD:LeaderElection77] INFO  impl.RaftServerImpl (ServerState.java:setLeader(253)) - c5030f33-4cb5-4710-a89a-bba9e1e467b2@group-CDA655C4A0AD: change Leader from null to c5030f33-4cb5-4710-a89a-bba9e1e467b2 at term 1 for becomeLeader, leader elected after 5130ms
2019-09-25 12:49:01,204 [e474d836-9357-4e4e-810d-bf6a0e77ec6f@group-D845F77926F2:LeaderElection76] INFO  impl.RaftServerImpl (ServerState.java:setLeader(253)) - e474d836-9357-4e4e-810d-bf6a0e77ec6f@group-D845F77926F2: change Leader from null to e474d836-9357-4e4e-810d-bf6a0e77ec6f at term 1 for becomeLeader, leader elected after 5185ms
2019-09-25 12:49:01,204 [c5030f33-4cb5-4710-a89a-bba9e1e467b2@group-CDA655C4A0AD:LeaderElection77] INFO  server.RaftServerConfigKeys (ConfUtils.java:logGet(43)) - raft.server.staging.catchup.gap = 1000 (default)
2019-09-25 12:49:01,204 [e474d836-9357-4e4e-810d-bf6a0e77ec6f@group-D845F77926F2:LeaderElection76] INFO  server.RaftServerConfigKeys (ConfUtils.java:logGet(43)) - raft.server.staging.catchup.gap = 1000 (default)
2019-09-25 12:49:01,204 [c5030f33-4cb5-4710-a89a-bba9e1e467b2@group-CDA655C4A0AD:LeaderElection77] INFO  server.RaftServerConfigKeys (ConfUtils.java:logGet(43)) - raft.server.rpc.sleep.time = 25ms (default)
2019-09-25 12:49:01,204 [e474d836-9357-4e4e-810d-bf6a0e77ec6f@group-D845F77926F2:LeaderElection76] INFO  server.RaftServerConfigKeys (ConfUtils.java:logGet(43)) - raft.server.rpc.sleep.time = 25ms (default)
2019-09-25 12:49:01,205 [c5030f33-4cb5-4710-a89a-bba9e1e467b2@group-CDA655C4A0AD:LeaderElection77] INFO  server.RaftServerConfigKeys (ConfUtils.java:logGet(43)) - raft.server.write.element-limit = 4096 (default)
2019-09-25 12:49:01,205 [e474d836-9357-4e4e-810d-bf6a0e77ec6f@group-D845F77926F2:LeaderElection76] INFO  server.RaftServerConfigKeys (ConfUtils.java:logGet(43)) - raft.server.write.element-limit = 4096 (default)
2019-09-25 12:49:01,205 [c5030f33-4cb5-4710-a89a-bba9e1e467b2@group-CDA655C4A0AD:LeaderElection77] INFO  server.RaftServerConfigKeys (ConfUtils.java:logGet(43)) - raft.server.watch.timeout = 10s (default)
2019-09-25 12:49:01,205 [e474d836-9357-4e4e-810d-bf6a0e77ec6f@group-D845F77926F2:LeaderElection76] INFO  server.RaftServerConfigKeys (ConfUtils.java:logGet(43)) - raft.server.watch.timeout = 10s (default)
2019-09-25 12:49:01,205 [c5030f33-4cb5-4710-a89a-bba9e1e467b2@group-CDA655C4A0AD:LeaderElection77] INFO  server.RaftServerConfigKeys (ConfUtils.java:logGet(43)) - raft.server.watch.timeout.denomination = 1s (default)
2019-09-25 12:49:01,205 [e474d836-9357-4e4e-810d-bf6a0e77ec6f@group-D845F77926F2:LeaderElection76] INFO  server.RaftServerConfigKeys (ConfUtils.java:logGet(43)) - raft.server.watch.timeout.denomination = 1s (default)
2019-09-25 12:49:01,205 [c5030f33-4cb5-4710-a89a-bba9e1e467b2@group-CDA655C4A0AD:LeaderElection77] INFO  server.RaftServerConfigKeys (ConfUtils.java:logGet(43)) - raft.server.watch.element-limit = 65536 (default)
2019-09-25 12:49:01,205 [e474d836-9357-4e4e-810d-bf6a0e77ec6f@group-D845F77926F2:LeaderElection76] INFO  server.RaftServerConfigKeys (ConfUtils.java:logGet(43)) - raft.server.watch.element-limit = 65536 (default)
2019-09-25 12:49:01,208 [c5030f33-4cb5-4710-a89a-bba9e1e467b2@group-CDA655C4A0AD:LeaderElection77] INFO  impl.RoleInfo (RoleInfo.java:updateAndGet(143)) - c5030f33-4cb5-4710-a89a-bba9e1e467b2: start LeaderState
2019-09-25 12:49:01,208 [e474d836-9357-4e4e-810d-bf6a0e77ec6f@group-D845F77926F2:LeaderElection76] INFO  impl.RoleInfo (RoleInfo.java:updateAndGet(143)) - e474d836-9357-4e4e-810d-bf6a0e77ec6f: start LeaderState
2019-09-25 12:49:01,209 [c5030f33-4cb5-4710-a89a-bba9e1e467b2@group-CDA655C4A0AD:LeaderElection77] INFO  segmented.SegmentedRaftLogWorker (SegmentedRaftLogWorker.java:startLogSegment(380)) - c5030f33-4cb5-4710-a89a-bba9e1e467b2@group-CDA655C4A0AD-SegmentedRaftLogWorker: Starting segment from index:0
2019-09-25 12:49:01,209 [e474d836-9357-4e4e-810d-bf6a0e77ec6f@group-D845F77926F2:LeaderElection76] INFO  segmented.SegmentedRaftLogWorker (SegmentedRaftLogWorker.java:startLogSegment(380)) - e474d836-9357-4e4e-810d-bf6a0e77ec6f@group-D845F77926F2-SegmentedRaftLogWorker: Starting segment from index:0
2019-09-25 12:49:01,209 [c5030f33-4cb5-4710-a89a-bba9e1e467b2@group-CDA655C4A0AD:LeaderElection77] INFO  impl.RaftServerImpl (ServerState.java:setRaftConf(354)) - c5030f33-4cb5-4710-a89a-bba9e1e467b2@group-CDA655C4A0AD: set configuration 0: [c5030f33-4cb5-4710-a89a-bba9e1e467b2:192.168.151.73:43395], old=null at 0
2019-09-25 12:49:01,209 [e474d836-9357-4e4e-810d-bf6a0e77ec6f@group-D845F77926F2:LeaderElection76] INFO  impl.RaftServerImpl (ServerState.java:setRaftConf(354)) - e474d836-9357-4e4e-810d-bf6a0e77ec6f@group-D845F77926F2: set configuration 0: [e474d836-9357-4e4e-810d-bf6a0e77ec6f:192.168.151.73:42228], old=null at 0
2019-09-25 12:49:01,215 [Thread-1494] INFO  impl.FollowerState (FollowerState.java:run(106)) - e474d836-9357-4e4e-810d-bf6a0e77ec6f:group-4AF60C8F88F7 changes to CANDIDATE, lastRpcTime:5089, electionTimeout:5089ms
2019-09-25 12:49:01,215 [Thread-1494] INFO  impl.RoleInfo (RoleInfo.java:shutdownFollowerState(121)) - e474d836-9357-4e4e-810d-bf6a0e77ec6f: shutdown FollowerState
2019-09-25 12:49:01,215 [Thread-1494] INFO  impl.RaftServerImpl (RaftServerImpl.java:setRole(174)) - e474d836-9357-4e4e-810d-bf6a0e77ec6f@group-4AF60C8F88F7: changes role from  FOLLOWER to CANDIDATE at term 0 for changeToCandidate
2019-09-25 12:49:01,215 [Thread-1494] INFO  impl.RoleInfo (RoleInfo.java:updateAndGet(143)) - e474d836-9357-4e4e-810d-bf6a0e77ec6f: start LeaderElection
2019-09-25 12:49:01,242 [Thread-1491] INFO  impl.FollowerState (FollowerState.java:run(106)) - e474d836-9357-4e4e-810d-bf6a0e77ec6f:group-EBB9C578BAB9 changes to CANDIDATE, lastRpcTime:5138, electionTimeout:5114ms
2019-09-25 12:49:01,243 [Thread-1491] INFO  impl.RoleInfo (RoleInfo.java:shutdownFollowerState(121)) - e474d836-9357-4e4e-810d-bf6a0e77ec6f: shutdown FollowerState
2019-09-25 12:49:01,243 [Thread-1491] INFO  impl.RaftServerImpl (RaftServerImpl.java:setRole(174)) - e474d836-9357-4e4e-810d-bf6a0e77ec6f@group-EBB9C578BAB9: changes role from  FOLLOWER to CANDIDATE at term 0 for changeToCandidate
2019-09-25 12:49:01,243 [Thread-1491] INFO  impl.RoleInfo (RoleInfo.java:updateAndGet(143)) - e474d836-9357-4e4e-810d-bf6a0e77ec6f: start LeaderElection
2019-09-25 12:49:01,266 [e474d836-9357-4e4e-810d-bf6a0e77ec6f@group-D845F77926F2-SegmentedRaftLogWorker] INFO  segmented.SegmentedRaftLogWorker (SegmentedRaftLogWorker.java:execute(569)) - e474d836-9357-4e4e-810d-bf6a0e77ec6f@group-D845F77926F2-SegmentedRaftLogWorker: created new log segment /workdir/hadoop-ozone/ozonefs/target/test-dir/MiniOzoneClusterImpl-f5305ca6-33bd-4b6f-9102-c854bc6f4652/datanode-0/data/ratis/7e468548-5e12-4a9f-aec2-d845f77926f2/current/log_inprogress_0
2019-09-25 12:49:01,266 [c5030f33-4cb5-4710-a89a-bba9e1e467b2@group-CDA655C4A0AD-SegmentedRaftLogWorker] INFO  segmented.SegmentedRaftLogWorker (SegmentedRaftLogWorker.java:execute(569)) - c5030f33-4cb5-4710-a89a-bba9e1e467b2@group-CDA655C4A0AD-SegmentedRaftLogWorker: created new log segment /workdir/hadoop-ozone/ozonefs/target/test-dir/MiniOzoneClusterImpl-f5305ca6-33bd-4b6f-9102-c854bc6f4652/datanode-2/data/ratis/3cb7a4bd-f1f7-4790-a648-cda655c4a0ad/current/log_inprogress_0
2019-09-25 12:49:01,266 [e474d836-9357-4e4e-810d-bf6a0e77ec6f@group-4AF60C8F88F7:LeaderElection78] INFO  impl.LeaderElection (LeaderElection.java:askForVotes(182)) - e474d836-9357-4e4e-810d-bf6a0e77ec6f@group-4AF60C8F88F7:LeaderElection78: begin an election at term 1 for -1: [e474d836-9357-4e4e-810d-bf6a0e77ec6f:192.168.151.73:42228], old=null
2019-09-25 12:49:01,266 [e474d836-9357-4e4e-810d-bf6a0e77ec6f@group-EBB9C578BAB9:LeaderElection79] INFO  impl.LeaderElection (LeaderElection.java:askForVotes(182)) - e474d836-9357-4e4e-810d-bf6a0e77ec6f@group-EBB9C578BAB9:LeaderElection79: begin an election at term 1 for -1: [e474d836-9357-4e4e-810d-bf6a0e77ec6f:192.168.151.73:42228], old=null
2019-09-25 12:49:01,267 [e474d836-9357-4e4e-810d-bf6a0e77ec6f@group-4AF60C8F88F7:LeaderElection78] INFO  impl.RoleInfo (RoleInfo.java:shutdownLeaderElection(134)) - e474d836-9357-4e4e-810d-bf6a0e77ec6f: shutdown LeaderElection
2019-09-25 12:49:01,267 [e474d836-9357-4e4e-810d-bf6a0e77ec6f@group-EBB9C578BAB9:LeaderElection79] INFO  impl.RoleInfo (RoleInfo.java:shutdownLeaderElection(134)) - e474d836-9357-4e4e-810d-bf6a0e77ec6f: shutdown LeaderElection
2019-09-25 12:49:01,267 [e474d836-9357-4e4e-810d-bf6a0e77ec6f@group-4AF60C8F88F7:LeaderElection78] INFO  impl.RaftServerImpl (RaftServerImpl.java:setRole(174)) - e474d836-9357-4e4e-810d-bf6a0e77ec6f@group-4AF60C8F88F7: changes role from CANDIDATE to LEADER at term 1 for changeToLeader
2019-09-25 12:49:01,267 [e474d836-9357-4e4e-810d-bf6a0e77ec6f@group-EBB9C578BAB9:LeaderElection79] INFO  impl.RaftServerImpl (RaftServerImpl.java:setRole(174)) - e474d836-9357-4e4e-810d-bf6a0e77ec6f@group-EBB9C578BAB9: changes role from CANDIDATE to LEADER at term 1 for changeToLeader
2019-09-25 12:49:01,267 [e474d836-9357-4e4e-810d-bf6a0e77ec6f@group-4AF60C8F88F7:LeaderElection78] INFO  impl.RaftServerImpl (ServerState.java:setLeader(253)) - e474d836-9357-4e4e-810d-bf6a0e77ec6f@group-4AF60C8F88F7: change Leader from null to e474d836-9357-4e4e-810d-bf6a0e77ec6f at term 1 for becomeLeader, leader elected after 5146ms
2019-09-25 12:49:01,267 [e474d836-9357-4e4e-810d-bf6a0e77ec6f@group-EBB9C578BAB9:LeaderElection79] INFO  impl.RaftServerImpl (ServerState.java:setLeader(253)) - e474d836-9357-4e4e-810d-bf6a0e77ec6f@group-EBB9C578BAB9: change Leader from null to e474d836-9357-4e4e-810d-bf6a0e77ec6f at term 1 for becomeLeader, leader elected after 5168ms
2019-09-25 12:49:01,267 [e474d836-9357-4e4e-810d-bf6a0e77ec6f@group-4AF60C8F88F7:LeaderElection78] INFO  server.RaftServerConfigKeys (ConfUtils.java:logGet(43)) - raft.server.staging.catchup.gap = 1000 (default)
2019-09-25 12:49:01,268 [e474d836-9357-4e4e-810d-bf6a0e77ec6f@group-EBB9C578BAB9:LeaderElection79] INFO  server.RaftServerConfigKeys (ConfUtils.java:logGet(43)) - raft.server.staging.catchup.gap = 1000 (default)
2019-09-25 12:49:01,268 [e474d836-9357-4e4e-810d-bf6a0e77ec6f@group-4AF60C8F88F7:LeaderElection78] INFO  server.RaftServerConfigKeys (ConfUtils.java:logGet(43)) - raft.server.rpc.sleep.time = 25ms (default)
2019-09-25 12:49:01,268 [e474d836-9357-4e4e-810d-bf6a0e77ec6f@group-EBB9C578BAB9:LeaderElection79] INFO  server.RaftServerConfigKeys (ConfUtils.java:logGet(43)) - raft.server.rpc.sleep.time = 25ms (default)
2019-09-25 12:49:01,268 [e474d836-9357-4e4e-810d-bf6a0e77ec6f@group-4AF60C8F88F7:LeaderElection78] INFO  server.RaftServerConfigKeys (ConfUtils.java:logGet(43)) - raft.server.write.element-limit = 4096 (default)
2019-09-25 12:49:01,268 [e474d836-9357-4e4e-810d-bf6a0e77ec6f@group-EBB9C578BAB9:LeaderElection79] INFO  server.RaftServerConfigKeys (ConfUtils.java:logGet(43)) - raft.server.write.element-limit = 4096 (default)
2019-09-25 12:49:01,268 [e474d836-9357-4e4e-810d-bf6a0e77ec6f@group-4AF60C8F88F7:LeaderElection78] INFO  server.RaftServerConfigKeys (ConfUtils.java:logGet(43)) - raft.server.watch.timeout = 10s (default)
2019-09-25 12:49:01,268 [e474d836-9357-4e4e-810d-bf6a0e77ec6f@group-EBB9C578BAB9:LeaderElection79] INFO  server.RaftServerConfigKeys (ConfUtils.java:logGet(43)) - raft.server.watch.timeout = 10s (default)
2019-09-25 12:49:01,268 [e474d836-9357-4e4e-810d-bf6a0e77ec6f@group-4AF60C8F88F7:LeaderElection78] INFO  server.RaftServerConfigKeys (ConfUtils.java:logGet(43)) - raft.server.watch.timeout.denomination = 1s (default)
2019-09-25 12:49:01,269 [e474d836-9357-4e4e-810d-bf6a0e77ec6f@group-EBB9C578BAB9:LeaderElection79] INFO  server.RaftServerConfigKeys (ConfUtils.java:logGet(43)) - raft.server.watch.timeout.denomination = 1s (default)
2019-09-25 12:49:01,269 [e474d836-9357-4e4e-810d-bf6a0e77ec6f@group-4AF60C8F88F7:LeaderElection78] INFO  server.RaftServerConfigKeys (ConfUtils.java:logGet(43)) - raft.server.watch.element-limit = 65536 (default)
2019-09-25 12:49:01,269 [e474d836-9357-4e4e-810d-bf6a0e77ec6f@group-EBB9C578BAB9:LeaderElection79] INFO  server.RaftServerConfigKeys (ConfUtils.java:logGet(43)) - raft.server.watch.element-limit = 65536 (default)
2019-09-25 12:49:01,272 [e474d836-9357-4e4e-810d-bf6a0e77ec6f@group-4AF60C8F88F7:LeaderElection78] INFO  impl.RoleInfo (RoleInfo.java:updateAndGet(143)) - e474d836-9357-4e4e-810d-bf6a0e77ec6f: start LeaderState
2019-09-25 12:49:01,272 [e474d836-9357-4e4e-810d-bf6a0e77ec6f@group-EBB9C578BAB9:LeaderElection79] INFO  impl.RoleInfo (RoleInfo.java:updateAndGet(143)) - e474d836-9357-4e4e-810d-bf6a0e77ec6f: start LeaderState
2019-09-25 12:49:01,272 [e474d836-9357-4e4e-810d-bf6a0e77ec6f@group-4AF60C8F88F7:LeaderElection78] INFO  segmented.SegmentedRaftLogWorker (SegmentedRaftLogWorker.java:startLogSegment(380)) - e474d836-9357-4e4e-810d-bf6a0e77ec6f@group-4AF60C8F88F7-SegmentedRaftLogWorker: Starting segment from index:0
2019-09-25 12:49:01,272 [e474d836-9357-4e4e-810d-bf6a0e77ec6f@group-EBB9C578BAB9:LeaderElection79] INFO  segmented.SegmentedRaftLogWorker (SegmentedRaftLogWorker.java:startLogSegment(380)) - e474d836-9357-4e4e-810d-bf6a0e77ec6f@group-EBB9C578BAB9-SegmentedRaftLogWorker: Starting segment from index:0
2019-09-25 12:49:01,273 [e474d836-9357-4e4e-810d-bf6a0e77ec6f@group-4AF60C8F88F7:LeaderElection78] INFO  impl.RaftServerImpl (ServerState.java:setRaftConf(354)) - e474d836-9357-4e4e-810d-bf6a0e77ec6f@group-4AF60C8F88F7: set configuration 0: [e474d836-9357-4e4e-810d-bf6a0e77ec6f:192.168.151.73:42228], old=null at 0
2019-09-25 12:49:01,273 [e474d836-9357-4e4e-810d-bf6a0e77ec6f@group-EBB9C578BAB9:LeaderElection79] INFO  impl.RaftServerImpl (ServerState.java:setRaftConf(354)) - e474d836-9357-4e4e-810d-bf6a0e77ec6f@group-EBB9C578BAB9: set configuration 0: [e474d836-9357-4e4e-810d-bf6a0e77ec6f:192.168.151.73:42228], old=null at 0
2019-09-25 12:49:01,318 [e474d836-9357-4e4e-810d-bf6a0e77ec6f@group-EBB9C578BAB9-SegmentedRaftLogWorker] INFO  segmented.SegmentedRaftLogWorker (SegmentedRaftLogWorker.java:execute(569)) - e474d836-9357-4e4e-810d-bf6a0e77ec6f@group-EBB9C578BAB9-SegmentedRaftLogWorker: created new log segment /workdir/hadoop-ozone/ozonefs/target/test-dir/MiniOzoneClusterImpl-f5305ca6-33bd-4b6f-9102-c854bc6f4652/datanode-0/data/ratis/33d4769c-d3e5-4682-a60a-ebb9c578bab9/current/log_inprogress_0
2019-09-25 12:49:01,318 [e474d836-9357-4e4e-810d-bf6a0e77ec6f@group-4AF60C8F88F7-SegmentedRaftLogWorker] INFO  segmented.SegmentedRaftLogWorker (SegmentedRaftLogWorker.java:execute(569)) - e474d836-9357-4e4e-810d-bf6a0e77ec6f@group-4AF60C8F88F7-SegmentedRaftLogWorker: created new log segment /workdir/hadoop-ozone/ozonefs/target/test-dir/MiniOzoneClusterImpl-f5305ca6-33bd-4b6f-9102-c854bc6f4652/datanode-0/data/ratis/fddb26fe-302e-40bc-a828-4af60c8f88f7/current/log_inprogress_0
2019-09-25 12:49:01,361 [Thread-1497] INFO  impl.FollowerState (FollowerState.java:run(106)) - 3243c737-994e-484d-8a3b-380030115cc1:group-C33516944F37 changes to CANDIDATE, lastRpcTime:5168, electionTimeout:5168ms
2019-09-25 12:49:01,361 [Thread-1497] INFO  impl.RoleInfo (RoleInfo.java:shutdownFollowerState(121)) - 3243c737-994e-484d-8a3b-380030115cc1: shutdown FollowerState
2019-09-25 12:49:01,361 [Thread-1497] INFO  impl.RaftServerImpl (RaftServerImpl.java:setRole(174)) - 3243c737-994e-484d-8a3b-380030115cc1@group-C33516944F37: changes role from  FOLLOWER to CANDIDATE at term 0 for changeToCandidate
2019-09-25 12:49:01,362 [Thread-1497] INFO  impl.RoleInfo (RoleInfo.java:updateAndGet(143)) - 3243c737-994e-484d-8a3b-380030115cc1: start LeaderElection
2019-09-25 12:49:01,378 [3243c737-994e-484d-8a3b-380030115cc1@group-C33516944F37:LeaderElection80] INFO  impl.LeaderElection (LeaderElection.java:askForVotes(182)) - 3243c737-994e-484d-8a3b-380030115cc1@group-C33516944F37:LeaderElection80: begin an election at term 1 for -1: [3243c737-994e-484d-8a3b-380030115cc1:192.168.151.73:45992], old=null
2019-09-25 12:49:01,378 [3243c737-994e-484d-8a3b-380030115cc1@group-C33516944F37:LeaderElection80] INFO  impl.RoleInfo (RoleInfo.java:shutdownLeaderElection(134)) - 3243c737-994e-484d-8a3b-380030115cc1: shutdown LeaderElection
2019-09-25 12:49:01,378 [3243c737-994e-484d-8a3b-380030115cc1@group-C33516944F37:LeaderElection80] INFO  impl.RaftServerImpl (RaftServerImpl.java:setRole(174)) - 3243c737-994e-484d-8a3b-380030115cc1@group-C33516944F37: changes role from CANDIDATE to LEADER at term 1 for changeToLeader
2019-09-25 12:49:01,378 [3243c737-994e-484d-8a3b-380030115cc1@group-C33516944F37:LeaderElection80] INFO  impl.RaftServerImpl (ServerState.java:setLeader(253)) - 3243c737-994e-484d-8a3b-380030115cc1@group-C33516944F37: change Leader from null to 3243c737-994e-484d-8a3b-380030115cc1 at term 1 for becomeLeader, leader elected after 5189ms
2019-09-25 12:49:01,378 [3243c737-994e-484d-8a3b-380030115cc1@group-C33516944F37:LeaderElection80] INFO  server.RaftServerConfigKeys (ConfUtils.java:logGet(43)) - raft.server.staging.catchup.gap = 1000 (default)
2019-09-25 12:49:01,378 [3243c737-994e-484d-8a3b-380030115cc1@group-C33516944F37:LeaderElection80] INFO  server.RaftServerConfigKeys (ConfUtils.java:logGet(43)) - raft.server.rpc.sleep.time = 25ms (default)
2019-09-25 12:49:01,379 [3243c737-994e-484d-8a3b-380030115cc1@group-C33516944F37:LeaderElection80] INFO  server.RaftServerConfigKeys (ConfUtils.java:logGet(43)) - raft.server.write.element-limit = 4096 (default)
2019-09-25 12:49:01,379 [3243c737-994e-484d-8a3b-380030115cc1@group-C33516944F37:LeaderElection80] INFO  server.RaftServerConfigKeys (ConfUtils.java:logGet(43)) - raft.server.watch.timeout = 10s (default)
2019-09-25 12:49:01,379 [3243c737-994e-484d-8a3b-380030115cc1@group-C33516944F37:LeaderElection80] INFO  server.RaftServerConfigKeys (ConfUtils.java:logGet(43)) - raft.server.watch.timeout.denomination = 1s (default)
2019-09-25 12:49:01,379 [3243c737-994e-484d-8a3b-380030115cc1@group-C33516944F37:LeaderElection80] INFO  server.RaftServerConfigKeys (ConfUtils.java:logGet(43)) - raft.server.watch.element-limit = 65536 (default)
2019-09-25 12:49:01,381 [3243c737-994e-484d-8a3b-380030115cc1@group-C33516944F37:LeaderElection80] INFO  impl.RoleInfo (RoleInfo.java:updateAndGet(143)) - 3243c737-994e-484d-8a3b-380030115cc1: start LeaderState
2019-09-25 12:49:01,381 [3243c737-994e-484d-8a3b-380030115cc1@group-C33516944F37:LeaderElection80] INFO  segmented.SegmentedRaftLogWorker (SegmentedRaftLogWorker.java:startLogSegment(380)) - 3243c737-994e-484d-8a3b-380030115cc1@group-C33516944F37-SegmentedRaftLogWorker: Starting segment from index:0
2019-09-25 12:49:01,382 [3243c737-994e-484d-8a3b-380030115cc1@group-C33516944F37:LeaderElection80] INFO  impl.RaftServerImpl (ServerState.java:setRaftConf(354)) - 3243c737-994e-484d-8a3b-380030115cc1@group-C33516944F37: set configuration 0: [3243c737-994e-484d-8a3b-380030115cc1:192.168.151.73:45992], old=null at 0
2019-09-25 12:49:01,436 [3243c737-994e-484d-8a3b-380030115cc1@group-C33516944F37-SegmentedRaftLogWorker] INFO  segmented.SegmentedRaftLogWorker (SegmentedRaftLogWorker.java:execute(569)) - 3243c737-994e-484d-8a3b-380030115cc1@group-C33516944F37-SegmentedRaftLogWorker: created new log segment /workdir/hadoop-ozone/ozonefs/target/test-dir/MiniOzoneClusterImpl-f5305ca6-33bd-4b6f-9102-c854bc6f4652/datanode-1/data/ratis/ec5b0345-3ec7-4d04-8ee2-c33516944f37/current/log_inprogress_0
2019-09-25 12:49:01,436 [Thread-1500] INFO  impl.FollowerState (FollowerState.java:run(106)) - 3243c737-994e-484d-8a3b-380030115cc1:group-D29F59FA6AF5 changes to CANDIDATE, lastRpcTime:5184, electionTimeout:5184ms
2019-09-25 12:49:01,436 [Thread-1500] INFO  impl.RoleInfo (RoleInfo.java:shutdownFollowerState(121)) - 3243c737-994e-484d-8a3b-380030115cc1: shutdown FollowerState
2019-09-25 12:49:01,437 [Thread-1500] INFO  impl.RaftServerImpl (RaftServerImpl.java:setRole(174)) - 3243c737-994e-484d-8a3b-380030115cc1@group-D29F59FA6AF5: changes role from  FOLLOWER to CANDIDATE at term 0 for changeToCandidate
2019-09-25 12:49:01,437 [Thread-1500] INFO  impl.RoleInfo (RoleInfo.java:updateAndGet(143)) - 3243c737-994e-484d-8a3b-380030115cc1: start LeaderElection
2019-09-25 12:49:01,459 [3243c737-994e-484d-8a3b-380030115cc1@group-D29F59FA6AF5:LeaderElection81] INFO  impl.LeaderElection (LeaderElection.java:askForVotes(182)) - 3243c737-994e-484d-8a3b-380030115cc1@group-D29F59FA6AF5:LeaderElection81: begin an election at term 1 for -1: [3243c737-994e-484d-8a3b-380030115cc1:192.168.151.73:45992], old=null
2019-09-25 12:49:01,459 [3243c737-994e-484d-8a3b-380030115cc1@group-D29F59FA6AF5:LeaderElection81] INFO  impl.RoleInfo (RoleInfo.java:shutdownLeaderElection(134)) - 3243c737-994e-484d-8a3b-380030115cc1: shutdown LeaderElection
2019-09-25 12:49:01,459 [3243c737-994e-484d-8a3b-380030115cc1@group-D29F59FA6AF5:LeaderElection81] INFO  impl.RaftServerImpl (RaftServerImpl.java:setRole(174)) - 3243c737-994e-484d-8a3b-380030115cc1@group-D29F59FA6AF5: changes role from CANDIDATE to LEADER at term 1 for changeToLeader
2019-09-25 12:49:01,459 [3243c737-994e-484d-8a3b-380030115cc1@group-D29F59FA6AF5:LeaderElection81] INFO  impl.RaftServerImpl (ServerState.java:setLeader(253)) - 3243c737-994e-484d-8a3b-380030115cc1@group-D29F59FA6AF5: change Leader from null to 3243c737-994e-484d-8a3b-380030115cc1 at term 1 for becomeLeader, leader elected after 5212ms
2019-09-25 12:49:01,460 [3243c737-994e-484d-8a3b-380030115cc1@group-D29F59FA6AF5:LeaderElection81] INFO  server.RaftServerConfigKeys (ConfUtils.java:logGet(43)) - raft.server.staging.catchup.gap = 1000 (default)
2019-09-25 12:49:01,460 [3243c737-994e-484d-8a3b-380030115cc1@group-D29F59FA6AF5:LeaderElection81] INFO  server.RaftServerConfigKeys (ConfUtils.java:logGet(43)) - raft.server.rpc.sleep.time = 25ms (default)
2019-09-25 12:49:01,460 [3243c737-994e-484d-8a3b-380030115cc1@group-D29F59FA6AF5:LeaderElection81] INFO  server.RaftServerConfigKeys (ConfUtils.java:logGet(43)) - raft.server.write.element-limit = 4096 (default)
2019-09-25 12:49:01,460 [3243c737-994e-484d-8a3b-380030115cc1@group-D29F59FA6AF5:LeaderElection81] INFO  server.RaftServerConfigKeys (ConfUtils.java:logGet(43)) - raft.server.watch.timeout = 10s (default)
2019-09-25 12:49:01,460 [3243c737-994e-484d-8a3b-380030115cc1@group-D29F59FA6AF5:LeaderElection81] INFO  server.RaftServerConfigKeys (ConfUtils.java:logGet(43)) - raft.server.watch.timeout.denomination = 1s (default)
2019-09-25 12:49:01,460 [3243c737-994e-484d-8a3b-380030115cc1@group-D29F59FA6AF5:LeaderElection81] INFO  server.RaftServerConfigKeys (ConfUtils.java:logGet(43)) - raft.server.watch.element-limit = 65536 (default)
2019-09-25 12:49:01,462 [3243c737-994e-484d-8a3b-380030115cc1@group-D29F59FA6AF5:LeaderElection81] INFO  impl.RoleInfo (RoleInfo.java:updateAndGet(143)) - 3243c737-994e-484d-8a3b-380030115cc1: start LeaderState
2019-09-25 12:49:01,463 [3243c737-994e-484d-8a3b-380030115cc1@group-D29F59FA6AF5:LeaderElection81] INFO  segmented.SegmentedRaftLogWorker (SegmentedRaftLogWorker.java:startLogSegment(380)) - 3243c737-994e-484d-8a3b-380030115cc1@group-D29F59FA6AF5-SegmentedRaftLogWorker: Starting segment from index:0
2019-09-25 12:49:01,463 [3243c737-994e-484d-8a3b-380030115cc1@group-D29F59FA6AF5:LeaderElection81] INFO  impl.RaftServerImpl (ServerState.java:setRaftConf(354)) - 3243c737-994e-484d-8a3b-380030115cc1@group-D29F59FA6AF5: set configuration 0: [3243c737-994e-484d-8a3b-380030115cc1:192.168.151.73:45992], old=null at 0
2019-09-25 12:49:01,488 [Thread-1503] INFO  impl.FollowerState (FollowerState.java:run(106)) - c5030f33-4cb5-4710-a89a-bba9e1e467b2:group-345E09D3E359 changes to CANDIDATE, lastRpcTime:5174, electionTimeout:5174ms
2019-09-25 12:49:01,488 [Thread-1503] INFO  impl.RoleInfo (RoleInfo.java:shutdownFollowerState(121)) - c5030f33-4cb5-4710-a89a-bba9e1e467b2: shutdown FollowerState
2019-09-25 12:49:01,488 [Thread-1503] INFO  impl.RaftServerImpl (RaftServerImpl.java:setRole(174)) - c5030f33-4cb5-4710-a89a-bba9e1e467b2@group-345E09D3E359: changes role from  FOLLOWER to CANDIDATE at term 0 for changeToCandidate
2019-09-25 12:49:01,488 [Thread-1503] INFO  impl.RoleInfo (RoleInfo.java:updateAndGet(143)) - c5030f33-4cb5-4710-a89a-bba9e1e467b2: start LeaderElection
2019-09-25 12:49:01,521 [3243c737-994e-484d-8a3b-380030115cc1@group-D29F59FA6AF5-SegmentedRaftLogWorker] INFO  segmented.SegmentedRaftLogWorker (SegmentedRaftLogWorker.java:execute(569)) - 3243c737-994e-484d-8a3b-380030115cc1@group-D29F59FA6AF5-SegmentedRaftLogWorker: created new log segment /workdir/hadoop-ozone/ozonefs/target/test-dir/MiniOzoneClusterImpl-f5305ca6-33bd-4b6f-9102-c854bc6f4652/datanode-1/data/ratis/a1823fdc-9fc6-480d-b5ea-d29f59fa6af5/current/log_inprogress_0
2019-09-25 12:49:01,521 [c5030f33-4cb5-4710-a89a-bba9e1e467b2@group-345E09D3E359:LeaderElection82] INFO  impl.LeaderElection (LeaderElection.java:askForVotes(182)) - c5030f33-4cb5-4710-a89a-bba9e1e467b2@group-345E09D3E359:LeaderElection82: begin an election at term 1 for -1: [c5030f33-4cb5-4710-a89a-bba9e1e467b2:192.168.151.73:43395], old=null
2019-09-25 12:49:01,521 [c5030f33-4cb5-4710-a89a-bba9e1e467b2@group-345E09D3E359:LeaderElection82] INFO  impl.RoleInfo (RoleInfo.java:shutdownLeaderElection(134)) - c5030f33-4cb5-4710-a89a-bba9e1e467b2: shutdown LeaderElection
2019-09-25 12:49:01,521 [Thread-1515] INFO  impl.FollowerState (FollowerState.java:run(106)) - 3243c737-994e-484d-8a3b-380030115cc1:group-C72A344760B8 changes to CANDIDATE, lastRpcTime:5028, electionTimeout:5028ms
2019-09-25 12:49:01,521 [c5030f33-4cb5-4710-a89a-bba9e1e467b2@group-345E09D3E359:LeaderElection82] INFO  impl.RaftServerImpl (RaftServerImpl.java:setRole(174)) - c5030f33-4cb5-4710-a89a-bba9e1e467b2@group-345E09D3E359: changes role from CANDIDATE to LEADER at term 1 for changeToLeader
2019-09-25 12:49:01,521 [Thread-1515] INFO  impl.RoleInfo (RoleInfo.java:shutdownFollowerState(121)) - 3243c737-994e-484d-8a3b-380030115cc1: shutdown FollowerState
2019-09-25 12:49:01,521 [c5030f33-4cb5-4710-a89a-bba9e1e467b2@group-345E09D3E359:LeaderElection82] INFO  impl.RaftServerImpl (ServerState.java:setLeader(253)) - c5030f33-4cb5-4710-a89a-bba9e1e467b2@group-345E09D3E359: change Leader from null to c5030f33-4cb5-4710-a89a-bba9e1e467b2 at term 1 for becomeLeader, leader elected after 5212ms
2019-09-25 12:49:01,521 [Thread-1515] INFO  impl.RaftServerImpl (RaftServerImpl.java:setRole(174)) - 3243c737-994e-484d-8a3b-380030115cc1@group-C72A344760B8: changes role from  FOLLOWER to CANDIDATE at term 0 for changeToCandidate
2019-09-25 12:49:01,522 [c5030f33-4cb5-4710-a89a-bba9e1e467b2@group-345E09D3E359:LeaderElection82] INFO  server.RaftServerConfigKeys (ConfUtils.java:logGet(43)) - raft.server.staging.catchup.gap = 1000 (default)
2019-09-25 12:49:01,522 [Thread-1515] INFO  impl.RoleInfo (RoleInfo.java:updateAndGet(143)) - 3243c737-994e-484d-8a3b-380030115cc1: start LeaderElection
2019-09-25 12:49:01,522 [c5030f33-4cb5-4710-a89a-bba9e1e467b2@group-345E09D3E359:LeaderElection82] INFO  server.RaftServerConfigKeys (ConfUtils.java:logGet(43)) - raft.server.rpc.sleep.time = 25ms (default)
2019-09-25 12:49:01,522 [c5030f33-4cb5-4710-a89a-bba9e1e467b2@group-345E09D3E359:LeaderElection82] INFO  server.RaftServerConfigKeys (ConfUtils.java:logGet(43)) - raft.server.write.element-limit = 4096 (default)
2019-09-25 12:49:01,524 [c5030f33-4cb5-4710-a89a-bba9e1e467b2@group-345E09D3E359:LeaderElection82] INFO  server.RaftServerConfigKeys (ConfUtils.java:logGet(43)) - raft.server.watch.timeout = 10s (default)
2019-09-25 12:49:01,524 [c5030f33-4cb5-4710-a89a-bba9e1e467b2@group-345E09D3E359:LeaderElection82] INFO  server.RaftServerConfigKeys (ConfUtils.java:logGet(43)) - raft.server.watch.timeout.denomination = 1s (default)
2019-09-25 12:49:01,524 [c5030f33-4cb5-4710-a89a-bba9e1e467b2@group-345E09D3E359:LeaderElection82] INFO  server.RaftServerConfigKeys (ConfUtils.java:logGet(43)) - raft.server.watch.element-limit = 65536 (default)
2019-09-25 12:49:01,526 [c5030f33-4cb5-4710-a89a-bba9e1e467b2@group-345E09D3E359:LeaderElection82] INFO  impl.RoleInfo (RoleInfo.java:updateAndGet(143)) - c5030f33-4cb5-4710-a89a-bba9e1e467b2: start LeaderState
2019-09-25 12:49:01,526 [c5030f33-4cb5-4710-a89a-bba9e1e467b2@group-345E09D3E359:LeaderElection82] INFO  segmented.SegmentedRaftLogWorker (SegmentedRaftLogWorker.java:startLogSegment(380)) - c5030f33-4cb5-4710-a89a-bba9e1e467b2@group-345E09D3E359-SegmentedRaftLogWorker: Starting segment from index:0
2019-09-25 12:49:01,527 [c5030f33-4cb5-4710-a89a-bba9e1e467b2@group-345E09D3E359:LeaderElection82] INFO  impl.RaftServerImpl (ServerState.java:setRaftConf(354)) - c5030f33-4cb5-4710-a89a-bba9e1e467b2@group-345E09D3E359: set configuration 0: [c5030f33-4cb5-4710-a89a-bba9e1e467b2:192.168.151.73:43395], old=null at 0
2019-09-25 12:49:01,536 [Thread-1506] INFO  impl.FollowerState (FollowerState.java:run(106)) - e474d836-9357-4e4e-810d-bf6a0e77ec6f:group-0F2FDB24C377 changes to CANDIDATE, lastRpcTime:5180, electionTimeout:5180ms
2019-09-25 12:49:01,536 [Thread-1506] INFO  impl.RoleInfo (RoleInfo.java:shutdownFollowerState(121)) - e474d836-9357-4e4e-810d-bf6a0e77ec6f: shutdown FollowerState
2019-09-25 12:49:01,536 [Thread-1506] INFO  impl.RaftServerImpl (RaftServerImpl.java:setRole(174)) - e474d836-9357-4e4e-810d-bf6a0e77ec6f@group-0F2FDB24C377: changes role from  FOLLOWER to CANDIDATE at term 0 for changeToCandidate
2019-09-25 12:49:01,536 [Thread-1506] INFO  impl.RoleInfo (RoleInfo.java:updateAndGet(143)) - e474d836-9357-4e4e-810d-bf6a0e77ec6f: start LeaderElection
2019-09-25 12:49:01,559 [Thread-1512] INFO  impl.FollowerState (FollowerState.java:run(106)) - c5030f33-4cb5-4710-a89a-bba9e1e467b2:group-A91EDA247D24 changes to CANDIDATE, lastRpcTime:5107, electionTimeout:5105ms
2019-09-25 12:49:01,559 [Thread-1509] INFO  impl.FollowerState (FollowerState.java:run(106)) - 3243c737-994e-484d-8a3b-380030115cc1:group-FAD1A618389A changes to CANDIDATE, lastRpcTime:5154, electionTimeout:5145ms
2019-09-25 12:49:01,559 [Thread-1512] INFO  impl.RoleInfo (RoleInfo.java:shutdownFollowerState(121)) - c5030f33-4cb5-4710-a89a-bba9e1e467b2: shutdown FollowerState
2019-09-25 12:49:01,559 [3243c737-994e-484d-8a3b-380030115cc1@group-C72A344760B8:LeaderElection83] INFO  impl.LeaderElection (LeaderElection.java:askForVotes(182)) - 3243c737-994e-484d-8a3b-380030115cc1@group-C72A344760B8:LeaderElection83: begin an election at term 1 for -1: [3243c737-994e-484d-8a3b-380030115cc1:192.168.151.73:45992], old=null
2019-09-25 12:49:01,559 [Thread-1512] INFO  impl.RaftServerImpl (RaftServerImpl.java:setRole(174)) - c5030f33-4cb5-4710-a89a-bba9e1e467b2@group-A91EDA247D24: changes role from  FOLLOWER to CANDIDATE at term 0 for changeToCandidate
2019-09-25 12:49:01,559 [Thread-1509] INFO  impl.RoleInfo (RoleInfo.java:shutdownFollowerState(121)) - 3243c737-994e-484d-8a3b-380030115cc1: shutdown FollowerState
2019-09-25 12:49:01,560 [Thread-1512] INFO  impl.RoleInfo (RoleInfo.java:updateAndGet(143)) - c5030f33-4cb5-4710-a89a-bba9e1e467b2: start LeaderElection
2019-09-25 12:49:01,559 [3243c737-994e-484d-8a3b-380030115cc1@group-C72A344760B8:LeaderElection83] INFO  impl.RoleInfo (RoleInfo.java:shutdownLeaderElection(134)) - 3243c737-994e-484d-8a3b-380030115cc1: shutdown LeaderElection
2019-09-25 12:49:01,560 [Thread-1509] INFO  impl.RaftServerImpl (RaftServerImpl.java:setRole(174)) - 3243c737-994e-484d-8a3b-380030115cc1@group-FAD1A618389A: changes role from  FOLLOWER to CANDIDATE at term 0 for changeToCandidate
2019-09-25 12:49:01,560 [3243c737-994e-484d-8a3b-380030115cc1@group-C72A344760B8:LeaderElection83] INFO  impl.RaftServerImpl (RaftServerImpl.java:setRole(174)) - 3243c737-994e-484d-8a3b-380030115cc1@group-C72A344760B8: changes role from CANDIDATE to LEADER at term 1 for changeToLeader
2019-09-25 12:49:01,562 [Thread-1509] INFO  impl.RoleInfo (RoleInfo.java:updateAndGet(143)) - 3243c737-994e-484d-8a3b-380030115cc1: start LeaderElection
2019-09-25 12:49:01,562 [3243c737-994e-484d-8a3b-380030115cc1@group-C72A344760B8:LeaderElection83] INFO  impl.RaftServerImpl (ServerState.java:setLeader(253)) - 3243c737-994e-484d-8a3b-380030115cc1@group-C72A344760B8: change Leader from null to 3243c737-994e-484d-8a3b-380030115cc1 at term 1 for becomeLeader, leader elected after 5075ms
2019-09-25 12:49:01,562 [3243c737-994e-484d-8a3b-380030115cc1@group-C72A344760B8:LeaderElection83] INFO  server.RaftServerConfigKeys (ConfUtils.java:logGet(43)) - raft.server.staging.catchup.gap = 1000 (default)
2019-09-25 12:49:01,564 [3243c737-994e-484d-8a3b-380030115cc1@group-C72A344760B8:LeaderElection83] INFO  server.RaftServerConfigKeys (ConfUtils.java:logGet(43)) - raft.server.rpc.sleep.time = 25ms (default)
2019-09-25 12:49:01,565 [3243c737-994e-484d-8a3b-380030115cc1@group-C72A344760B8:LeaderElection83] INFO  server.RaftServerConfigKeys (ConfUtils.java:logGet(43)) - raft.server.write.element-limit = 4096 (default)
2019-09-25 12:49:01,565 [3243c737-994e-484d-8a3b-380030115cc1@group-C72A344760B8:LeaderElection83] INFO  server.RaftServerConfigKeys (ConfUtils.java:logGet(43)) - raft.server.watch.timeout = 10s (default)
2019-09-25 12:49:01,565 [3243c737-994e-484d-8a3b-380030115cc1@group-C72A344760B8:LeaderElection83] INFO  server.RaftServerConfigKeys (ConfUtils.java:logGet(43)) - raft.server.watch.timeout.denomination = 1s (default)
2019-09-25 12:49:01,565 [3243c737-994e-484d-8a3b-380030115cc1@group-C72A344760B8:LeaderElection83] INFO  server.RaftServerConfigKeys (ConfUtils.java:logGet(43)) - raft.server.watch.element-limit = 65536 (default)
2019-09-25 12:49:01,567 [3243c737-994e-484d-8a3b-380030115cc1@group-C72A344760B8:LeaderElection83] INFO  impl.RoleInfo (RoleInfo.java:updateAndGet(143)) - 3243c737-994e-484d-8a3b-380030115cc1: start LeaderState
2019-09-25 12:49:01,567 [3243c737-994e-484d-8a3b-380030115cc1@group-C72A344760B8:LeaderElection83] INFO  segmented.SegmentedRaftLogWorker (SegmentedRaftLogWorker.java:startLogSegment(380)) - 3243c737-994e-484d-8a3b-380030115cc1@group-C72A344760B8-SegmentedRaftLogWorker: Starting segment from index:0
2019-09-25 12:49:01,568 [3243c737-994e-484d-8a3b-380030115cc1@group-C72A344760B8:LeaderElection83] INFO  impl.RaftServerImpl (ServerState.java:setRaftConf(354)) - 3243c737-994e-484d-8a3b-380030115cc1@group-C72A344760B8: set configuration 0: [3243c737-994e-484d-8a3b-380030115cc1:192.168.151.73:45992], old=null at 0
2019-09-25 12:49:01,571 [c5030f33-4cb5-4710-a89a-bba9e1e467b2@group-345E09D3E359-SegmentedRaftLogWorker] INFO  segmented.SegmentedRaftLogWorker (SegmentedRaftLogWorker.java:execute(569)) - c5030f33-4cb5-4710-a89a-bba9e1e467b2@group-345E09D3E359-SegmentedRaftLogWorker: created new log segment /workdir/hadoop-ozone/ozonefs/target/test-dir/MiniOzoneClusterImpl-f5305ca6-33bd-4b6f-9102-c854bc6f4652/datanode-2/data/ratis/f3dcb72b-0612-4bac-ac85-345e09d3e359/current/log_inprogress_0
2019-09-25 12:49:01,571 [e474d836-9357-4e4e-810d-bf6a0e77ec6f@group-0F2FDB24C377:LeaderElection84] INFO  impl.LeaderElection (LeaderElection.java:askForVotes(182)) - e474d836-9357-4e4e-810d-bf6a0e77ec6f@group-0F2FDB24C377:LeaderElection84: begin an election at term 1 for -1: [e474d836-9357-4e4e-810d-bf6a0e77ec6f:192.168.151.73:42228], old=null
2019-09-25 12:49:01,571 [c5030f33-4cb5-4710-a89a-bba9e1e467b2@group-A91EDA247D24:LeaderElection85] INFO  impl.LeaderElection (LeaderElection.java:askForVotes(182)) - c5030f33-4cb5-4710-a89a-bba9e1e467b2@group-A91EDA247D24:LeaderElection85: begin an election at term 1 for -1: [c5030f33-4cb5-4710-a89a-bba9e1e467b2:192.168.151.73:43395], old=null
2019-09-25 12:49:01,571 [3243c737-994e-484d-8a3b-380030115cc1@group-FAD1A618389A:LeaderElection86] INFO  impl.LeaderElection (LeaderElection.java:askForVotes(182)) - 3243c737-994e-484d-8a3b-380030115cc1@group-FAD1A618389A:LeaderElection86: begin an election at term 1 for -1: [3243c737-994e-484d-8a3b-380030115cc1:192.168.151.73:45992], old=null
2019-09-25 12:49:01,571 [c5030f33-4cb5-4710-a89a-bba9e1e467b2@group-A91EDA247D24:LeaderElection85] INFO  impl.RoleInfo (RoleInfo.java:shutdownLeaderElection(134)) - c5030f33-4cb5-4710-a89a-bba9e1e467b2: shutdown LeaderElection
2019-09-25 12:49:01,571 [e474d836-9357-4e4e-810d-bf6a0e77ec6f@group-0F2FDB24C377:LeaderElection84] INFO  impl.RoleInfo (RoleInfo.java:shutdownLeaderElection(134)) - e474d836-9357-4e4e-810d-bf6a0e77ec6f: shutdown LeaderElection
2019-09-25 12:49:01,572 [c5030f33-4cb5-4710-a89a-bba9e1e467b2@group-A91EDA247D24:LeaderElection85] INFO  impl.RaftServerImpl (RaftServerImpl.java:setRole(174)) - c5030f33-4cb5-4710-a89a-bba9e1e467b2@group-A91EDA247D24: changes role from CANDIDATE to LEADER at term 1 for changeToLeader
2019-09-25 12:49:01,571 [3243c737-994e-484d-8a3b-380030115cc1@group-FAD1A618389A:LeaderElection86] INFO  impl.RoleInfo (RoleInfo.java:shutdownLeaderElection(134)) - 3243c737-994e-484d-8a3b-380030115cc1: shutdown LeaderElection
2019-09-25 12:49:01,572 [c5030f33-4cb5-4710-a89a-bba9e1e467b2@group-A91EDA247D24:LeaderElection85] INFO  impl.RaftServerImpl (ServerState.java:setLeader(253)) - c5030f33-4cb5-4710-a89a-bba9e1e467b2@group-A91EDA247D24: change Leader from null to c5030f33-4cb5-4710-a89a-bba9e1e467b2 at term 1 for becomeLeader, leader elected after 5126ms
2019-09-25 12:49:01,572 [e474d836-9357-4e4e-810d-bf6a0e77ec6f@group-0F2FDB24C377:LeaderElection84] INFO  impl.RaftServerImpl (RaftServerImpl.java:setRole(174)) - e474d836-9357-4e4e-810d-bf6a0e77ec6f@group-0F2FDB24C377: changes role from CANDIDATE to LEADER at term 1 for changeToLeader
2019-09-25 12:49:01,572 [c5030f33-4cb5-4710-a89a-bba9e1e467b2@group-A91EDA247D24:LeaderElection85] INFO  server.RaftServerConfigKeys (ConfUtils.java:logGet(43)) - raft.server.staging.catchup.gap = 1000 (default)
2019-09-25 12:49:01,572 [3243c737-994e-484d-8a3b-380030115cc1@group-FAD1A618389A:LeaderElection86] INFO  impl.RaftServerImpl (RaftServerImpl.java:setRole(174)) - 3243c737-994e-484d-8a3b-380030115cc1@group-FAD1A618389A: changes role from CANDIDATE to LEADER at term 1 for changeToLeader
2019-09-25 12:49:01,572 [c5030f33-4cb5-4710-a89a-bba9e1e467b2@group-A91EDA247D24:LeaderElection85] INFO  server.RaftServerConfigKeys (ConfUtils.java:logGet(43)) - raft.server.rpc.sleep.time = 25ms (default)
2019-09-25 12:49:01,572 [e474d836-9357-4e4e-810d-bf6a0e77ec6f@group-0F2FDB24C377:LeaderElection84] INFO  impl.RaftServerImpl (ServerState.java:setLeader(253)) - e474d836-9357-4e4e-810d-bf6a0e77ec6f@group-0F2FDB24C377: change Leader from null to e474d836-9357-4e4e-810d-bf6a0e77ec6f at term 1 for becomeLeader, leader elected after 5222ms
2019-09-25 12:49:01,573 [c5030f33-4cb5-4710-a89a-bba9e1e467b2@group-A91EDA247D24:LeaderElection85] INFO  server.RaftServerConfigKeys (ConfUtils.java:logGet(43)) - raft.server.write.element-limit = 4096 (default)
2019-09-25 12:49:01,572 [3243c737-994e-484d-8a3b-380030115cc1@group-FAD1A618389A:LeaderElection86] INFO  impl.RaftServerImpl (ServerState.java:setLeader(253)) - 3243c737-994e-484d-8a3b-380030115cc1@group-FAD1A618389A: change Leader from null to 3243c737-994e-484d-8a3b-380030115cc1 at term 1 for becomeLeader, leader elected after 5173ms
2019-09-25 12:49:01,573 [c5030f33-4cb5-4710-a89a-bba9e1e467b2@group-A91EDA247D24:LeaderElection85] INFO  server.RaftServerConfigKeys (ConfUtils.java:logGet(43)) - raft.server.watch.timeout = 10s (default)
2019-09-25 12:49:01,573 [e474d836-9357-4e4e-810d-bf6a0e77ec6f@group-0F2FDB24C377:LeaderElection84] INFO  server.RaftServerConfigKeys (ConfUtils.java:logGet(43)) - raft.server.staging.catchup.gap = 1000 (default)
2019-09-25 12:49:01,573 [c5030f33-4cb5-4710-a89a-bba9e1e467b2@group-A91EDA247D24:LeaderElection85] INFO  server.RaftServerConfigKeys (ConfUtils.java:logGet(43)) - raft.server.watch.timeout.denomination = 1s (default)
2019-09-25 12:49:01,573 [3243c737-994e-484d-8a3b-380030115cc1@group-FAD1A618389A:LeaderElection86] INFO  server.RaftServerConfigKeys (ConfUtils.java:logGet(43)) - raft.server.staging.catchup.gap = 1000 (default)
2019-09-25 12:49:01,573 [c5030f33-4cb5-4710-a89a-bba9e1e467b2@group-A91EDA247D24:LeaderElection85] INFO  server.RaftServerConfigKeys (ConfUtils.java:logGet(43)) - raft.server.watch.element-limit = 65536 (default)
2019-09-25 12:49:01,573 [e474d836-9357-4e4e-810d-bf6a0e77ec6f@group-0F2FDB24C377:LeaderElection84] INFO  server.RaftServerConfigKeys (ConfUtils.java:logGet(43)) - raft.server.rpc.sleep.time = 25ms (default)
2019-09-25 12:49:01,573 [3243c737-994e-484d-8a3b-380030115cc1@group-FAD1A618389A:LeaderElection86] INFO  server.RaftServerConfigKeys (ConfUtils.java:logGet(43)) - raft.server.rpc.sleep.time = 25ms (default)
2019-09-25 12:49:01,574 [e474d836-9357-4e4e-810d-bf6a0e77ec6f@group-0F2FDB24C377:LeaderElection84] INFO  server.RaftServerConfigKeys (ConfUtils.java:logGet(43)) - raft.server.write.element-limit = 4096 (default)
2019-09-25 12:49:01,574 [3243c737-994e-484d-8a3b-380030115cc1@group-FAD1A618389A:LeaderElection86] INFO  server.RaftServerConfigKeys (ConfUtils.java:logGet(43)) - raft.server.write.element-limit = 4096 (default)
2019-09-25 12:49:01,574 [e474d836-9357-4e4e-810d-bf6a0e77ec6f@group-0F2FDB24C377:LeaderElection84] INFO  server.RaftServerConfigKeys (ConfUtils.java:logGet(43)) - raft.server.watch.timeout = 10s (default)
2019-09-25 12:49:01,574 [3243c737-994e-484d-8a3b-380030115cc1@group-FAD1A618389A:LeaderElection86] INFO  server.RaftServerConfigKeys (ConfUtils.java:logGet(43)) - raft.server.watch.timeout = 10s (default)
2019-09-25 12:49:01,574 [e474d836-9357-4e4e-810d-bf6a0e77ec6f@group-0F2FDB24C377:LeaderElection84] INFO  server.RaftServerConfigKeys (ConfUtils.java:logGet(43)) - raft.server.watch.timeout.denomination = 1s (default)
2019-09-25 12:49:01,574 [3243c737-994e-484d-8a3b-380030115cc1@group-FAD1A618389A:LeaderElection86] INFO  server.RaftServerConfigKeys (ConfUtils.java:logGet(43)) - raft.server.watch.timeout.denomination = 1s (default)
2019-09-25 12:49:01,574 [e474d836-9357-4e4e-810d-bf6a0e77ec6f@group-0F2FDB24C377:LeaderElection84] INFO  server.RaftServerConfigKeys (ConfUtils.java:logGet(43)) - raft.server.watch.element-limit = 65536 (default)
2019-09-25 12:49:01,575 [3243c737-994e-484d-8a3b-380030115cc1@group-FAD1A618389A:LeaderElection86] INFO  server.RaftServerConfigKeys (ConfUtils.java:logGet(43)) - raft.server.watch.element-limit = 65536 (default)
2019-09-25 12:49:01,575 [c5030f33-4cb5-4710-a89a-bba9e1e467b2@group-A91EDA247D24:LeaderElection85] INFO  impl.RoleInfo (RoleInfo.java:updateAndGet(143)) - c5030f33-4cb5-4710-a89a-bba9e1e467b2: start LeaderState
2019-09-25 12:49:01,575 [c5030f33-4cb5-4710-a89a-bba9e1e467b2@group-A91EDA247D24:LeaderElection85] INFO  segmented.SegmentedRaftLogWorker (SegmentedRaftLogWorker.java:startLogSegment(380)) - c5030f33-4cb5-4710-a89a-bba9e1e467b2@group-A91EDA247D24-SegmentedRaftLogWorker: Starting segment from index:0
2019-09-25 12:49:01,576 [c5030f33-4cb5-4710-a89a-bba9e1e467b2@group-A91EDA247D24:LeaderElection85] INFO  impl.RaftServerImpl (ServerState.java:setRaftConf(354)) - c5030f33-4cb5-4710-a89a-bba9e1e467b2@group-A91EDA247D24: set configuration 0: [c5030f33-4cb5-4710-a89a-bba9e1e467b2:192.168.151.73:43395], old=null at 0
2019-09-25 12:49:01,578 [e474d836-9357-4e4e-810d-bf6a0e77ec6f@group-0F2FDB24C377:LeaderElection84] INFO  impl.RoleInfo (RoleInfo.java:updateAndGet(143)) - e474d836-9357-4e4e-810d-bf6a0e77ec6f: start LeaderState
2019-09-25 12:49:01,578 [3243c737-994e-484d-8a3b-380030115cc1@group-FAD1A618389A:LeaderElection86] INFO  impl.RoleInfo (RoleInfo.java:updateAndGet(143)) - 3243c737-994e-484d-8a3b-380030115cc1: start LeaderState
2019-09-25 12:49:01,579 [e474d836-9357-4e4e-810d-bf6a0e77ec6f@group-0F2FDB24C377:LeaderElection84] INFO  segmented.SegmentedRaftLogWorker (SegmentedRaftLogWorker.java:startLogSegment(380)) - e474d836-9357-4e4e-810d-bf6a0e77ec6f@group-0F2FDB24C377-SegmentedRaftLogWorker: Starting segment from index:0
2019-09-25 12:49:01,579 [3243c737-994e-484d-8a3b-380030115cc1@group-FAD1A618389A:LeaderElection86] INFO  segmented.SegmentedRaftLogWorker (SegmentedRaftLogWorker.java:startLogSegment(380)) - 3243c737-994e-484d-8a3b-380030115cc1@group-FAD1A618389A-SegmentedRaftLogWorker: Starting segment from index:0
2019-09-25 12:49:01,579 [e474d836-9357-4e4e-810d-bf6a0e77ec6f@group-0F2FDB24C377:LeaderElection84] INFO  impl.RaftServerImpl (ServerState.java:setRaftConf(354)) - e474d836-9357-4e4e-810d-bf6a0e77ec6f@group-0F2FDB24C377: set configuration 0: [e474d836-9357-4e4e-810d-bf6a0e77ec6f:192.168.151.73:42228], old=null at 0
2019-09-25 12:49:01,579 [3243c737-994e-484d-8a3b-380030115cc1@group-FAD1A618389A:LeaderElection86] INFO  impl.RaftServerImpl (ServerState.java:setRaftConf(354)) - 3243c737-994e-484d-8a3b-380030115cc1@group-FAD1A618389A: set configuration 0: [3243c737-994e-484d-8a3b-380030115cc1:192.168.151.73:45992], old=null at 0
2019-09-25 12:49:01,589 [Thread-1518] INFO  impl.FollowerState (FollowerState.java:run(106)) - 3243c737-994e-484d-8a3b-380030115cc1:group-536743AC20BC changes to CANDIDATE, lastRpcTime:5055, electionTimeout:5055ms
2019-09-25 12:49:01,589 [Thread-1518] INFO  impl.RoleInfo (RoleInfo.java:shutdownFollowerState(121)) - 3243c737-994e-484d-8a3b-380030115cc1: shutdown FollowerState
2019-09-25 12:49:01,589 [Thread-1518] INFO  impl.RaftServerImpl (RaftServerImpl.java:setRole(174)) - 3243c737-994e-484d-8a3b-380030115cc1@group-536743AC20BC: changes role from  FOLLOWER to CANDIDATE at term 0 for changeToCandidate
2019-09-25 12:49:01,589 [Thread-1518] INFO  impl.RoleInfo (RoleInfo.java:updateAndGet(143)) - 3243c737-994e-484d-8a3b-380030115cc1: start LeaderElection
2019-09-25 12:49:01,622 [Thread-1521] INFO  impl.FollowerState (FollowerState.java:run(106)) - c5030f33-4cb5-4710-a89a-bba9e1e467b2:group-030C32D5C1B1 changes to CANDIDATE, lastRpcTime:5040, electionTimeout:5032ms
2019-09-25 12:49:01,622 [Thread-1521] INFO  impl.RoleInfo (RoleInfo.java:shutdownFollowerState(121)) - c5030f33-4cb5-4710-a89a-bba9e1e467b2: shutdown FollowerState
2019-09-25 12:49:01,623 [Thread-1521] INFO  impl.RaftServerImpl (RaftServerImpl.java:setRole(174)) - c5030f33-4cb5-4710-a89a-bba9e1e467b2@group-030C32D5C1B1: changes role from  FOLLOWER to CANDIDATE at term 0 for changeToCandidate
2019-09-25 12:49:01,623 [Thread-1521] INFO  impl.RoleInfo (RoleInfo.java:updateAndGet(143)) - c5030f33-4cb5-4710-a89a-bba9e1e467b2: start LeaderElection
2019-09-25 12:49:01,647 [3243c737-994e-484d-8a3b-380030115cc1@group-FAD1A618389A-SegmentedRaftLogWorker] INFO  segmented.SegmentedRaftLogWorker (SegmentedRaftLogWorker.java:execute(569)) - 3243c737-994e-484d-8a3b-380030115cc1@group-FAD1A618389A-SegmentedRaftLogWorker: created new log segment /workdir/hadoop-ozone/ozonefs/target/test-dir/MiniOzoneClusterImpl-f5305ca6-33bd-4b6f-9102-c854bc6f4652/datanode-1/data/ratis/e99aba0b-ec70-4a54-82f3-fad1a618389a/current/log_inprogress_0
2019-09-25 12:49:01,647 [3243c737-994e-484d-8a3b-380030115cc1@group-C72A344760B8-SegmentedRaftLogWorker] INFO  segmented.SegmentedRaftLogWorker (SegmentedRaftLogWorker.java:execute(569)) - 3243c737-994e-484d-8a3b-380030115cc1@group-C72A344760B8-SegmentedRaftLogWorker: created new log segment /workdir/hadoop-ozone/ozonefs/target/test-dir/MiniOzoneClusterImpl-f5305ca6-33bd-4b6f-9102-c854bc6f4652/datanode-1/data/ratis/fddda50a-2748-44d4-8c0b-c72a344760b8/current/log_inprogress_0
2019-09-25 12:49:01,647 [c5030f33-4cb5-4710-a89a-bba9e1e467b2@group-030C32D5C1B1:LeaderElection88] INFO  impl.LeaderElection (LeaderElection.java:askForVotes(182)) - c5030f33-4cb5-4710-a89a-bba9e1e467b2@group-030C32D5C1B1:LeaderElection88: begin an election at term 1 for -1: [c5030f33-4cb5-4710-a89a-bba9e1e467b2:192.168.151.73:43395], old=null
2019-09-25 12:49:01,647 [3243c737-994e-484d-8a3b-380030115cc1@group-536743AC20BC:LeaderElection87] INFO  impl.LeaderElection (LeaderElection.java:askForVotes(182)) - 3243c737-994e-484d-8a3b-380030115cc1@group-536743AC20BC:LeaderElection87: begin an election at term 1 for -1: [3243c737-994e-484d-8a3b-380030115cc1:192.168.151.73:45992], old=null
2019-09-25 12:49:01,647 [c5030f33-4cb5-4710-a89a-bba9e1e467b2@group-A91EDA247D24-SegmentedRaftLogWorker] INFO  segmented.SegmentedRaftLogWorker (SegmentedRaftLogWorker.java:execute(569)) - c5030f33-4cb5-4710-a89a-bba9e1e467b2@group-A91EDA247D24-SegmentedRaftLogWorker: created new log segment /workdir/hadoop-ozone/ozonefs/target/test-dir/MiniOzoneClusterImpl-f5305ca6-33bd-4b6f-9102-c854bc6f4652/datanode-2/data/ratis/c2e38812-8747-4975-8f00-a91eda247d24/current/log_inprogress_0
2019-09-25 12:49:01,647 [e474d836-9357-4e4e-810d-bf6a0e77ec6f@group-0F2FDB24C377-SegmentedRaftLogWorker] INFO  segmented.SegmentedRaftLogWorker (SegmentedRaftLogWorker.java:execute(569)) - e474d836-9357-4e4e-810d-bf6a0e77ec6f@group-0F2FDB24C377-SegmentedRaftLogWorker: created new log segment /workdir/hadoop-ozone/ozonefs/target/test-dir/MiniOzoneClusterImpl-f5305ca6-33bd-4b6f-9102-c854bc6f4652/datanode-0/data/ratis/4699048f-81e9-429e-bf41-0f2fdb24c377/current/log_inprogress_0
2019-09-25 12:49:01,648 [3243c737-994e-484d-8a3b-380030115cc1@group-536743AC20BC:LeaderElection87] INFO  impl.RoleInfo (RoleInfo.java:shutdownLeaderElection(134)) - 3243c737-994e-484d-8a3b-380030115cc1: shutdown LeaderElection
2019-09-25 12:49:01,648 [c5030f33-4cb5-4710-a89a-bba9e1e467b2@group-030C32D5C1B1:LeaderElection88] INFO  impl.RoleInfo (RoleInfo.java:shutdownLeaderElection(134)) - c5030f33-4cb5-4710-a89a-bba9e1e467b2: shutdown LeaderElection
2019-09-25 12:49:01,648 [3243c737-994e-484d-8a3b-380030115cc1@group-536743AC20BC:LeaderElection87] INFO  impl.RaftServerImpl (RaftServerImpl.java:setRole(174)) - 3243c737-994e-484d-8a3b-380030115cc1@group-536743AC20BC: changes role from CANDIDATE to LEADER at term 1 for changeToLeader
2019-09-25 12:49:01,648 [c5030f33-4cb5-4710-a89a-bba9e1e467b2@group-030C32D5C1B1:LeaderElection88] INFO  impl.RaftServerImpl (RaftServerImpl.java:setRole(174)) - c5030f33-4cb5-4710-a89a-bba9e1e467b2@group-030C32D5C1B1: changes role from CANDIDATE to LEADER at term 1 for changeToLeader
2019-09-25 12:49:01,648 [3243c737-994e-484d-8a3b-380030115cc1@group-536743AC20BC:LeaderElection87] INFO  impl.RaftServerImpl (ServerState.java:setLeader(253)) - 3243c737-994e-484d-8a3b-380030115cc1@group-536743AC20BC: change Leader from null to 3243c737-994e-484d-8a3b-380030115cc1 at term 1 for becomeLeader, leader elected after 5121ms
2019-09-25 12:49:01,648 [c5030f33-4cb5-4710-a89a-bba9e1e467b2@group-030C32D5C1B1:LeaderElection88] INFO  impl.RaftServerImpl (ServerState.java:setLeader(253)) - c5030f33-4cb5-4710-a89a-bba9e1e467b2@group-030C32D5C1B1: change Leader from null to c5030f33-4cb5-4710-a89a-bba9e1e467b2 at term 1 for becomeLeader, leader elected after 5070ms
2019-09-25 12:49:01,649 [3243c737-994e-484d-8a3b-380030115cc1@group-536743AC20BC:LeaderElection87] INFO  server.RaftServerConfigKeys (ConfUtils.java:logGet(43)) - raft.server.staging.catchup.gap = 1000 (default)
2019-09-25 12:49:01,649 [c5030f33-4cb5-4710-a89a-bba9e1e467b2@group-030C32D5C1B1:LeaderElection88] INFO  server.RaftServerConfigKeys (ConfUtils.java:logGet(43)) - raft.server.staging.catchup.gap = 1000 (default)
2019-09-25 12:49:01,649 [3243c737-994e-484d-8a3b-380030115cc1@group-536743AC20BC:LeaderElection87] INFO  server.RaftServerConfigKeys (ConfUtils.java:logGet(43)) - raft.server.rpc.sleep.time = 25ms (default)
2019-09-25 12:49:01,649 [c5030f33-4cb5-4710-a89a-bba9e1e467b2@group-030C32D5C1B1:LeaderElection88] INFO  server.RaftServerConfigKeys (ConfUtils.java:logGet(43)) - raft.server.rpc.sleep.time = 25ms (default)
2019-09-25 12:49:01,649 [3243c737-994e-484d-8a3b-380030115cc1@group-536743AC20BC:LeaderElection87] INFO  server.RaftServerConfigKeys (ConfUtils.java:logGet(43)) - raft.server.write.element-limit = 4096 (default)
2019-09-25 12:49:01,649 [c5030f33-4cb5-4710-a89a-bba9e1e467b2@group-030C32D5C1B1:LeaderElection88] INFO  server.RaftServerConfigKeys (ConfUtils.java:logGet(43)) - raft.server.write.element-limit = 4096 (default)
2019-09-25 12:49:01,650 [3243c737-994e-484d-8a3b-380030115cc1@group-536743AC20BC:LeaderElection87] INFO  server.RaftServerConfigKeys (ConfUtils.java:logGet(43)) - raft.server.watch.timeout = 10s (default)
2019-09-25 12:49:01,650 [c5030f33-4cb5-4710-a89a-bba9e1e467b2@group-030C32D5C1B1:LeaderElection88] INFO  server.RaftServerConfigKeys (ConfUtils.java:logGet(43)) - raft.server.watch.timeout = 10s (default)
2019-09-25 12:49:01,650 [3243c737-994e-484d-8a3b-380030115cc1@group-536743AC20BC:LeaderElection87] INFO  server.RaftServerConfigKeys (ConfUtils.java:logGet(43)) - raft.server.watch.timeout.denomination = 1s (default)
2019-09-25 12:49:01,650 [c5030f33-4cb5-4710-a89a-bba9e1e467b2@group-030C32D5C1B1:LeaderElection88] INFO  server.RaftServerConfigKeys (ConfUtils.java:logGet(43)) - raft.server.watch.timeout.denomination = 1s (default)
2019-09-25 12:49:01,650 [3243c737-994e-484d-8a3b-380030115cc1@group-536743AC20BC:LeaderElection87] INFO  server.RaftServerConfigKeys (ConfUtils.java:logGet(43)) - raft.server.watch.element-limit = 65536 (default)
2019-09-25 12:49:01,650 [c5030f33-4cb5-4710-a89a-bba9e1e467b2@group-030C32D5C1B1:LeaderElection88] INFO  server.RaftServerConfigKeys (ConfUtils.java:logGet(43)) - raft.server.watch.element-limit = 65536 (default)
2019-09-25 12:49:01,654 [3243c737-994e-484d-8a3b-380030115cc1@group-536743AC20BC:LeaderElection87] INFO  impl.RoleInfo (RoleInfo.java:updateAndGet(143)) - 3243c737-994e-484d-8a3b-380030115cc1: start LeaderState
2019-09-25 12:49:01,654 [c5030f33-4cb5-4710-a89a-bba9e1e467b2@group-030C32D5C1B1:LeaderElection88] INFO  impl.RoleInfo (RoleInfo.java:updateAndGet(143)) - c5030f33-4cb5-4710-a89a-bba9e1e467b2: start LeaderState
2019-09-25 12:49:01,654 [3243c737-994e-484d-8a3b-380030115cc1@group-536743AC20BC:LeaderElection87] INFO  segmented.SegmentedRaftLogWorker (SegmentedRaftLogWorker.java:startLogSegment(380)) - 3243c737-994e-484d-8a3b-380030115cc1@group-536743AC20BC-SegmentedRaftLogWorker: Starting segment from index:0
2019-09-25 12:49:01,655 [c5030f33-4cb5-4710-a89a-bba9e1e467b2@group-030C32D5C1B1:LeaderElection88] INFO  segmented.SegmentedRaftLogWorker (SegmentedRaftLogWorker.java:startLogSegment(380)) - c5030f33-4cb5-4710-a89a-bba9e1e467b2@group-030C32D5C1B1-SegmentedRaftLogWorker: Starting segment from index:0
2019-09-25 12:49:01,655 [3243c737-994e-484d-8a3b-380030115cc1@group-536743AC20BC:LeaderElection87] INFO  impl.RaftServerImpl (ServerState.java:setRaftConf(354)) - 3243c737-994e-484d-8a3b-380030115cc1@group-536743AC20BC: set configuration 0: [3243c737-994e-484d-8a3b-380030115cc1:192.168.151.73:45992], old=null at 0
2019-09-25 12:49:01,655 [c5030f33-4cb5-4710-a89a-bba9e1e467b2@group-030C32D5C1B1:LeaderElection88] INFO  impl.RaftServerImpl (ServerState.java:setRaftConf(354)) - c5030f33-4cb5-4710-a89a-bba9e1e467b2@group-030C32D5C1B1: set configuration 0: [c5030f33-4cb5-4710-a89a-bba9e1e467b2:192.168.151.73:43395], old=null at 0
2019-09-25 12:49:01,708 [Thread-1524] INFO  impl.FollowerState (FollowerState.java:run(106)) - c5030f33-4cb5-4710-a89a-bba9e1e467b2:group-0885BD99BA9F changes to CANDIDATE, lastRpcTime:5087, electionTimeout:5087ms
2019-09-25 12:49:01,708 [Thread-1524] INFO  impl.RoleInfo (RoleInfo.java:shutdownFollowerState(121)) - c5030f33-4cb5-4710-a89a-bba9e1e467b2: shutdown FollowerState
2019-09-25 12:49:01,708 [Thread-1524] INFO  impl.RaftServerImpl (RaftServerImpl.java:setRole(174)) - c5030f33-4cb5-4710-a89a-bba9e1e467b2@group-0885BD99BA9F: changes role from  FOLLOWER to CANDIDATE at term 0 for changeToCandidate
2019-09-25 12:49:01,709 [Thread-1524] INFO  impl.RoleInfo (RoleInfo.java:updateAndGet(143)) - c5030f33-4cb5-4710-a89a-bba9e1e467b2: start LeaderElection
2019-09-25 12:49:01,712 [c5030f33-4cb5-4710-a89a-bba9e1e467b2@group-030C32D5C1B1-SegmentedRaftLogWorker] INFO  segmented.SegmentedRaftLogWorker (SegmentedRaftLogWorker.java:execute(569)) - c5030f33-4cb5-4710-a89a-bba9e1e467b2@group-030C32D5C1B1-SegmentedRaftLogWorker: created new log segment /workdir/hadoop-ozone/ozonefs/target/test-dir/MiniOzoneClusterImpl-f5305ca6-33bd-4b6f-9102-c854bc6f4652/datanode-2/data/ratis/2849dd11-d972-4e3b-b295-030c32d5c1b1/current/log_inprogress_0
2019-09-25 12:49:01,712 [3243c737-994e-484d-8a3b-380030115cc1@group-536743AC20BC-SegmentedRaftLogWorker] INFO  segmented.SegmentedRaftLogWorker (SegmentedRaftLogWorker.java:execute(569)) - 3243c737-994e-484d-8a3b-380030115cc1@group-536743AC20BC-SegmentedRaftLogWorker: created new log segment /workdir/hadoop-ozone/ozonefs/target/test-dir/MiniOzoneClusterImpl-f5305ca6-33bd-4b6f-9102-c854bc6f4652/datanode-1/data/ratis/b9c8667f-96db-4598-b4ef-536743ac20bc/current/log_inprogress_0
2019-09-25 12:49:01,714 [c5030f33-4cb5-4710-a89a-bba9e1e467b2@group-0885BD99BA9F:LeaderElection89] INFO  impl.LeaderElection (LeaderElection.java:askForVotes(182)) - c5030f33-4cb5-4710-a89a-bba9e1e467b2@group-0885BD99BA9F:LeaderElection89: begin an election at term 1 for -1: [c5030f33-4cb5-4710-a89a-bba9e1e467b2:192.168.151.73:43395], old=null
2019-09-25 12:49:01,715 [c5030f33-4cb5-4710-a89a-bba9e1e467b2@group-0885BD99BA9F:LeaderElection89] INFO  impl.RoleInfo (RoleInfo.java:shutdownLeaderElection(134)) - c5030f33-4cb5-4710-a89a-bba9e1e467b2: shutdown LeaderElection
2019-09-25 12:49:01,715 [c5030f33-4cb5-4710-a89a-bba9e1e467b2@group-0885BD99BA9F:LeaderElection89] INFO  impl.RaftServerImpl (RaftServerImpl.java:setRole(174)) - c5030f33-4cb5-4710-a89a-bba9e1e467b2@group-0885BD99BA9F: changes role from CANDIDATE to LEADER at term 1 for changeToLeader
2019-09-25 12:49:01,715 [c5030f33-4cb5-4710-a89a-bba9e1e467b2@group-0885BD99BA9F:LeaderElection89] INFO  impl.RaftServerImpl (ServerState.java:setLeader(253)) - c5030f33-4cb5-4710-a89a-bba9e1e467b2@group-0885BD99BA9F: change Leader from null to c5030f33-4cb5-4710-a89a-bba9e1e467b2 at term 1 for becomeLeader, leader elected after 5097ms
2019-09-25 12:49:01,715 [c5030f33-4cb5-4710-a89a-bba9e1e467b2@group-0885BD99BA9F:LeaderElection89] INFO  server.RaftServerConfigKeys (ConfUtils.java:logGet(43)) - raft.server.staging.catchup.gap = 1000 (default)
2019-09-25 12:49:01,715 [c5030f33-4cb5-4710-a89a-bba9e1e467b2@group-0885BD99BA9F:LeaderElection89] INFO  server.RaftServerConfigKeys (ConfUtils.java:logGet(43)) - raft.server.rpc.sleep.time = 25ms (default)
2019-09-25 12:49:01,715 [c5030f33-4cb5-4710-a89a-bba9e1e467b2@group-0885BD99BA9F:LeaderElection89] INFO  server.RaftServerConfigKeys (ConfUtils.java:logGet(43)) - raft.server.write.element-limit = 4096 (default)
2019-09-25 12:49:01,715 [c5030f33-4cb5-4710-a89a-bba9e1e467b2@group-0885BD99BA9F:LeaderElection89] INFO  server.RaftServerConfigKeys (ConfUtils.java:logGet(43)) - raft.server.watch.timeout = 10s (default)
2019-09-25 12:49:01,716 [c5030f33-4cb5-4710-a89a-bba9e1e467b2@group-0885BD99BA9F:LeaderElection89] INFO  server.RaftServerConfigKeys (ConfUtils.java:logGet(43)) - raft.server.watch.timeout.denomination = 1s (default)
2019-09-25 12:49:01,716 [c5030f33-4cb5-4710-a89a-bba9e1e467b2@group-0885BD99BA9F:LeaderElection89] INFO  server.RaftServerConfigKeys (ConfUtils.java:logGet(43)) - raft.server.watch.element-limit = 65536 (default)
2019-09-25 12:49:01,718 [c5030f33-4cb5-4710-a89a-bba9e1e467b2@group-0885BD99BA9F:LeaderElection89] INFO  impl.RoleInfo (RoleInfo.java:updateAndGet(143)) - c5030f33-4cb5-4710-a89a-bba9e1e467b2: start LeaderState
2019-09-25 12:49:01,718 [c5030f33-4cb5-4710-a89a-bba9e1e467b2@group-0885BD99BA9F:LeaderElection89] INFO  segmented.SegmentedRaftLogWorker (SegmentedRaftLogWorker.java:startLogSegment(380)) - c5030f33-4cb5-4710-a89a-bba9e1e467b2@group-0885BD99BA9F-SegmentedRaftLogWorker: Starting segment from index:0
2019-09-25 12:49:01,719 [c5030f33-4cb5-4710-a89a-bba9e1e467b2@group-0885BD99BA9F:LeaderElection89] INFO  impl.RaftServerImpl (ServerState.java:setRaftConf(354)) - c5030f33-4cb5-4710-a89a-bba9e1e467b2@group-0885BD99BA9F: set configuration 0: [c5030f33-4cb5-4710-a89a-bba9e1e467b2:192.168.151.73:43395], old=null at 0
2019-09-25 12:49:01,722 [Thread-1527] INFO  impl.FollowerState (FollowerState.java:run(106)) - c5030f33-4cb5-4710-a89a-bba9e1e467b2:group-8BB3633B70B5 changes to CANDIDATE, lastRpcTime:5060, electionTimeout:5060ms
2019-09-25 12:49:01,722 [Thread-1527] INFO  impl.RoleInfo (RoleInfo.java:shutdownFollowerState(121)) - c5030f33-4cb5-4710-a89a-bba9e1e467b2: shutdown FollowerState
2019-09-25 12:49:01,722 [Thread-1527] INFO  impl.RaftServerImpl (RaftServerImpl.java:setRole(174)) - c5030f33-4cb5-4710-a89a-bba9e1e467b2@group-8BB3633B70B5: changes role from  FOLLOWER to CANDIDATE at term 0 for changeToCandidate
2019-09-25 12:49:01,722 [Thread-1527] INFO  impl.RoleInfo (RoleInfo.java:updateAndGet(143)) - c5030f33-4cb5-4710-a89a-bba9e1e467b2: start LeaderElection
2019-09-25 12:49:01,766 [c5030f33-4cb5-4710-a89a-bba9e1e467b2@group-0885BD99BA9F-SegmentedRaftLogWorker] INFO  segmented.SegmentedRaftLogWorker (SegmentedRaftLogWorker.java:execute(569)) - c5030f33-4cb5-4710-a89a-bba9e1e467b2@group-0885BD99BA9F-SegmentedRaftLogWorker: created new log segment /workdir/hadoop-ozone/ozonefs/target/test-dir/MiniOzoneClusterImpl-f5305ca6-33bd-4b6f-9102-c854bc6f4652/datanode-2/data/ratis/60b37434-d8dc-4e8c-b32a-0885bd99ba9f/current/log_inprogress_0
2019-09-25 12:49:01,766 [c5030f33-4cb5-4710-a89a-bba9e1e467b2@group-8BB3633B70B5:LeaderElection90] INFO  impl.LeaderElection (LeaderElection.java:askForVotes(182)) - c5030f33-4cb5-4710-a89a-bba9e1e467b2@group-8BB3633B70B5:LeaderElection90: begin an election at term 1 for -1: [c5030f33-4cb5-4710-a89a-bba9e1e467b2:192.168.151.73:43395], old=null
2019-09-25 12:49:01,766 [c5030f33-4cb5-4710-a89a-bba9e1e467b2@group-8BB3633B70B5:LeaderElection90] INFO  impl.RoleInfo (RoleInfo.java:shutdownLeaderElection(134)) - c5030f33-4cb5-4710-a89a-bba9e1e467b2: shutdown LeaderElection
2019-09-25 12:49:01,766 [c5030f33-4cb5-4710-a89a-bba9e1e467b2@group-8BB3633B70B5:LeaderElection90] INFO  impl.RaftServerImpl (RaftServerImpl.java:setRole(174)) - c5030f33-4cb5-4710-a89a-bba9e1e467b2@group-8BB3633B70B5: changes role from CANDIDATE to LEADER at term 1 for changeToLeader
2019-09-25 12:49:01,766 [c5030f33-4cb5-4710-a89a-bba9e1e467b2@group-8BB3633B70B5:LeaderElection90] INFO  impl.RaftServerImpl (ServerState.java:setLeader(253)) - c5030f33-4cb5-4710-a89a-bba9e1e467b2@group-8BB3633B70B5: change Leader from null to c5030f33-4cb5-4710-a89a-bba9e1e467b2 at term 1 for becomeLeader, leader elected after 5108ms
2019-09-25 12:49:01,766 [c5030f33-4cb5-4710-a89a-bba9e1e467b2@group-8BB3633B70B5:LeaderElection90] INFO  server.RaftServerConfigKeys (ConfUtils.java:logGet(43)) - raft.server.staging.catchup.gap = 1000 (default)
2019-09-25 12:49:01,766 [c5030f33-4cb5-4710-a89a-bba9e1e467b2@group-8BB3633B70B5:LeaderElection90] INFO  server.RaftServerConfigKeys (ConfUtils.java:logGet(43)) - raft.server.rpc.sleep.time = 25ms (default)
2019-09-25 12:49:01,766 [c5030f33-4cb5-4710-a89a-bba9e1e467b2@group-8BB3633B70B5:LeaderElection90] INFO  server.RaftServerConfigKeys (ConfUtils.java:logGet(43)) - raft.server.write.element-limit = 4096 (default)
2019-09-25 12:49:01,766 [c5030f33-4cb5-4710-a89a-bba9e1e467b2@group-8BB3633B70B5:LeaderElection90] INFO  server.RaftServerConfigKeys (ConfUtils.java:logGet(43)) - raft.server.watch.timeout = 10s (default)
2019-09-25 12:49:01,767 [c5030f33-4cb5-4710-a89a-bba9e1e467b2@group-8BB3633B70B5:LeaderElection90] INFO  server.RaftServerConfigKeys (ConfUtils.java:logGet(43)) - raft.server.watch.timeout.denomination = 1s (default)
2019-09-25 12:49:01,767 [c5030f33-4cb5-4710-a89a-bba9e1e467b2@group-8BB3633B70B5:LeaderElection90] INFO  server.RaftServerConfigKeys (ConfUtils.java:logGet(43)) - raft.server.watch.element-limit = 65536 (default)
2019-09-25 12:49:01,768 [c5030f33-4cb5-4710-a89a-bba9e1e467b2@group-8BB3633B70B5:LeaderElection90] INFO  impl.RoleInfo (RoleInfo.java:updateAndGet(143)) - c5030f33-4cb5-4710-a89a-bba9e1e467b2: start LeaderState
2019-09-25 12:49:01,768 [c5030f33-4cb5-4710-a89a-bba9e1e467b2@group-8BB3633B70B5:LeaderElection90] INFO  segmented.SegmentedRaftLogWorker (SegmentedRaftLogWorker.java:startLogSegment(380)) - c5030f33-4cb5-4710-a89a-bba9e1e467b2@group-8BB3633B70B5-SegmentedRaftLogWorker: Starting segment from index:0
2019-09-25 12:49:01,768 [c5030f33-4cb5-4710-a89a-bba9e1e467b2@group-8BB3633B70B5:LeaderElection90] INFO  impl.RaftServerImpl (ServerState.java:setRaftConf(354)) - c5030f33-4cb5-4710-a89a-bba9e1e467b2@group-8BB3633B70B5: set configuration 0: [c5030f33-4cb5-4710-a89a-bba9e1e467b2:192.168.151.73:43395], old=null at 0
2019-09-25 12:49:01,819 [c5030f33-4cb5-4710-a89a-bba9e1e467b2@group-8BB3633B70B5-SegmentedRaftLogWorker] INFO  segmented.SegmentedRaftLogWorker (SegmentedRaftLogWorker.java:execute(569)) - c5030f33-4cb5-4710-a89a-bba9e1e467b2@group-8BB3633B70B5-SegmentedRaftLogWorker: created new log segment /workdir/hadoop-ozone/ozonefs/target/test-dir/MiniOzoneClusterImpl-f5305ca6-33bd-4b6f-9102-c854bc6f4652/datanode-2/data/ratis/9c6222cc-3119-4d7f-b717-8bb3633b70b5/current/log_inprogress_0
2019-09-25 12:49:02,123 [ForkJoinPool.commonPool-worker-0] INFO  ozoneimpl.OzoneContainer (OzoneContainer.java:stop(231)) - Attempting to stop container services.
2019-09-25 12:49:02,123 [main] INFO  ozoneimpl.OzoneContainer (OzoneContainer.java:stop(231)) - Attempting to stop container services.
2019-09-25 12:49:02,123 [ForkJoinPool.commonPool-worker-0] INFO  impl.RaftServerProxy (RaftServerProxy.java:lambda$close$4(314)) - e474d836-9357-4e4e-810d-bf6a0e77ec6f: close
2019-09-25 12:49:02,124 [main] INFO  impl.RaftServerProxy (RaftServerProxy.java:lambda$close$4(314)) - 3243c737-994e-484d-8a3b-380030115cc1: close
2019-09-25 12:49:02,124 [ForkJoinPool.commonPool-worker-0] INFO  impl.RaftServerImpl (RaftServerImpl.java:lambda$shutdown$3(251)) - e474d836-9357-4e4e-810d-bf6a0e77ec6f@group-4AF60C8F88F7: shutdown
2019-09-25 12:49:02,124 [main] INFO  impl.RaftServerImpl (RaftServerImpl.java:lambda$shutdown$3(251)) - 3243c737-994e-484d-8a3b-380030115cc1@group-FAD1A618389A: shutdown
2019-09-25 12:49:02,124 [ForkJoinPool.commonPool-worker-0] INFO  util.JmxRegister (JmxRegister.java:unregister(73)) - Successfully un-registered JMX Bean with object name Ratis:service=RaftServer,group=group-4AF60C8F88F7,id=e474d836-9357-4e4e-810d-bf6a0e77ec6f
2019-09-25 12:49:02,125 [main] INFO  util.JmxRegister (JmxRegister.java:unregister(73)) - Successfully un-registered JMX Bean with object name Ratis:service=RaftServer,group=group-FAD1A618389A,id=3243c737-994e-484d-8a3b-380030115cc1
2019-09-25 12:49:02,125 [ForkJoinPool.commonPool-worker-0] INFO  impl.RoleInfo (RoleInfo.java:shutdownLeaderState(104)) - e474d836-9357-4e4e-810d-bf6a0e77ec6f: shutdown LeaderState
2019-09-25 12:49:02,125 [main] INFO  impl.RoleInfo (RoleInfo.java:shutdownLeaderState(104)) - 3243c737-994e-484d-8a3b-380030115cc1: shutdown LeaderState
2019-09-25 12:49:02,125 [ForkJoinPool.commonPool-worker-0] INFO  impl.PendingRequests (PendingRequests.java:sendNotLeaderResponses(202)) - e474d836-9357-4e4e-810d-bf6a0e77ec6f-PendingRequests: sendNotLeaderResponses
2019-09-25 12:49:02,126 [main] INFO  impl.PendingRequests (PendingRequests.java:sendNotLeaderResponses(202)) - 3243c737-994e-484d-8a3b-380030115cc1-PendingRequests: sendNotLeaderResponses
2019-09-25 12:49:02,126 [ForkJoinPool.commonPool-worker-0] INFO  impl.StateMachineUpdater (StateMachineUpdater.java:stopAndJoin(125)) - e474d836-9357-4e4e-810d-bf6a0e77ec6f@group-4AF60C8F88F7-StateMachineUpdater: set stopIndex = 0
2019-09-25 12:49:02,126 [main] INFO  impl.StateMachineUpdater (StateMachineUpdater.java:stopAndJoin(125)) - 3243c737-994e-484d-8a3b-380030115cc1@group-FAD1A618389A-StateMachineUpdater: set stopIndex = 0
2019-09-25 12:49:02,127 [ForkJoinPool.commonPool-worker-0] INFO  impl.RaftServerImpl (ServerState.java:close(385)) - e474d836-9357-4e4e-810d-bf6a0e77ec6f@group-4AF60C8F88F7: closes. applyIndex: 0
2019-09-25 12:49:02,127 [main] INFO  impl.RaftServerImpl (ServerState.java:close(385)) - 3243c737-994e-484d-8a3b-380030115cc1@group-FAD1A618389A: closes. applyIndex: 0
2019-09-25 12:49:02,127 [e474d836-9357-4e4e-810d-bf6a0e77ec6f@group-4AF60C8F88F7-SegmentedRaftLogWorker] INFO  segmented.SegmentedRaftLogWorker (SegmentedRaftLogWorker.java:run(313)) - e474d836-9357-4e4e-810d-bf6a0e77ec6f@group-4AF60C8F88F7-SegmentedRaftLogWorker was interrupted, exiting. There are 0 tasks remaining in the queue.
2019-09-25 12:49:02,128 [3243c737-994e-484d-8a3b-380030115cc1@group-FAD1A618389A-SegmentedRaftLogWorker] INFO  segmented.SegmentedRaftLogWorker (SegmentedRaftLogWorker.java:run(313)) - 3243c737-994e-484d-8a3b-380030115cc1@group-FAD1A618389A-SegmentedRaftLogWorker was interrupted, exiting. There are 0 tasks remaining in the queue.
2019-09-25 12:49:02,128 [ForkJoinPool.commonPool-worker-0] INFO  segmented.SegmentedRaftLogWorker (SegmentedRaftLogWorker.java:close(228)) - e474d836-9357-4e4e-810d-bf6a0e77ec6f@group-4AF60C8F88F7-SegmentedRaftLogWorker close()
2019-09-25 12:49:02,128 [main] INFO  segmented.SegmentedRaftLogWorker (SegmentedRaftLogWorker.java:close(228)) - 3243c737-994e-484d-8a3b-380030115cc1@group-FAD1A618389A-SegmentedRaftLogWorker close()
2019-09-25 12:49:02,130 [ForkJoinPool.commonPool-worker-0] INFO  impl.RaftServerImpl (RaftServerImpl.java:lambda$shutdown$3(251)) - e474d836-9357-4e4e-810d-bf6a0e77ec6f@group-3CB334A0E34B: shutdown
2019-09-25 12:49:02,132 [main] INFO  impl.RaftServerImpl (RaftServerImpl.java:lambda$shutdown$3(251)) - 3243c737-994e-484d-8a3b-380030115cc1@group-C72A344760B8: shutdown
2019-09-25 12:49:02,132 [ForkJoinPool.commonPool-worker-0] INFO  util.JmxRegister (JmxRegister.java:unregister(73)) - Successfully un-registered JMX Bean with object name Ratis:service=RaftServer,group=group-3CB334A0E34B,id=e474d836-9357-4e4e-810d-bf6a0e77ec6f
2019-09-25 12:49:02,133 [main] INFO  util.JmxRegister (JmxRegister.java:unregister(73)) - Successfully un-registered JMX Bean with object name Ratis:service=RaftServer,group=group-C72A344760B8,id=3243c737-994e-484d-8a3b-380030115cc1
2019-09-25 12:49:02,134 [main] INFO  impl.RoleInfo (RoleInfo.java:shutdownLeaderState(104)) - 3243c737-994e-484d-8a3b-380030115cc1: shutdown LeaderState
2019-09-25 12:49:02,133 [ForkJoinPool.commonPool-worker-0] INFO  impl.RoleInfo (RoleInfo.java:shutdownLeaderState(104)) - e474d836-9357-4e4e-810d-bf6a0e77ec6f: shutdown LeaderState
2019-09-25 12:49:02,134 [main] INFO  impl.PendingRequests (PendingRequests.java:sendNotLeaderResponses(202)) - 3243c737-994e-484d-8a3b-380030115cc1-PendingRequests: sendNotLeaderResponses
2019-09-25 12:49:02,134 [ForkJoinPool.commonPool-worker-0] INFO  impl.PendingRequests (PendingRequests.java:sendNotLeaderResponses(202)) - e474d836-9357-4e4e-810d-bf6a0e77ec6f-PendingRequests: sendNotLeaderResponses
2019-09-25 12:49:02,135 [main] INFO  impl.StateMachineUpdater (StateMachineUpdater.java:stopAndJoin(125)) - 3243c737-994e-484d-8a3b-380030115cc1@group-C72A344760B8-StateMachineUpdater: set stopIndex = 0
2019-09-25 12:49:02,135 [ForkJoinPool.commonPool-worker-0] INFO  impl.StateMachineUpdater (StateMachineUpdater.java:stopAndJoin(125)) - e474d836-9357-4e4e-810d-bf6a0e77ec6f@group-3CB334A0E34B-StateMachineUpdater: set stopIndex = 0
2019-09-25 12:49:02,136 [main] INFO  impl.RaftServerImpl (ServerState.java:close(385)) - 3243c737-994e-484d-8a3b-380030115cc1@group-C72A344760B8: closes. applyIndex: 0
2019-09-25 12:49:02,136 [ForkJoinPool.commonPool-worker-0] INFO  impl.RaftServerImpl (ServerState.java:close(385)) - e474d836-9357-4e4e-810d-bf6a0e77ec6f@group-3CB334A0E34B: closes. applyIndex: 0
2019-09-25 12:49:02,137 [3243c737-994e-484d-8a3b-380030115cc1@group-C72A344760B8-SegmentedRaftLogWorker] INFO  segmented.SegmentedRaftLogWorker (SegmentedRaftLogWorker.java:run(313)) - 3243c737-994e-484d-8a3b-380030115cc1@group-C72A344760B8-SegmentedRaftLogWorker was interrupted, exiting. There are 0 tasks remaining in the queue.
2019-09-25 12:49:02,137 [e474d836-9357-4e4e-810d-bf6a0e77ec6f@group-3CB334A0E34B-SegmentedRaftLogWorker] INFO  segmented.SegmentedRaftLogWorker (SegmentedRaftLogWorker.java:run(313)) - e474d836-9357-4e4e-810d-bf6a0e77ec6f@group-3CB334A0E34B-SegmentedRaftLogWorker was interrupted, exiting. There are 0 tasks remaining in the queue.
2019-09-25 12:49:02,137 [main] INFO  segmented.SegmentedRaftLogWorker (SegmentedRaftLogWorker.java:close(228)) - 3243c737-994e-484d-8a3b-380030115cc1@group-C72A344760B8-SegmentedRaftLogWorker close()
2019-09-25 12:49:02,137 [ForkJoinPool.commonPool-worker-0] INFO  segmented.SegmentedRaftLogWorker (SegmentedRaftLogWorker.java:close(228)) - e474d836-9357-4e4e-810d-bf6a0e77ec6f@group-3CB334A0E34B-SegmentedRaftLogWorker close()
2019-09-25 12:49:02,139 [main] INFO  impl.RaftServerImpl (RaftServerImpl.java:lambda$shutdown$3(251)) - 3243c737-994e-484d-8a3b-380030115cc1@group-B82A8B115354: shutdown
2019-09-25 12:49:02,141 [ForkJoinPool.commonPool-worker-0] INFO  impl.RaftServerImpl (RaftServerImpl.java:lambda$shutdown$3(251)) - e474d836-9357-4e4e-810d-bf6a0e77ec6f@group-0F2FDB24C377: shutdown
2019-09-25 12:49:02,141 [main] INFO  util.JmxRegister (JmxRegister.java:unregister(73)) - Successfully un-registered JMX Bean with object name Ratis:service=RaftServer,group=group-B82A8B115354,id=3243c737-994e-484d-8a3b-380030115cc1
2019-09-25 12:49:02,141 [ForkJoinPool.commonPool-worker-0] INFO  util.JmxRegister (JmxRegister.java:unregister(73)) - Successfully un-registered JMX Bean with object name Ratis:service=RaftServer,group=group-0F2FDB24C377,id=e474d836-9357-4e4e-810d-bf6a0e77ec6f
2019-09-25 12:49:02,141 [main] INFO  impl.RoleInfo (RoleInfo.java:shutdownLeaderState(104)) - 3243c737-994e-484d-8a3b-380030115cc1: shutdown LeaderState
2019-09-25 12:49:02,142 [ForkJoinPool.commonPool-worker-0] INFO  impl.RoleInfo (RoleInfo.java:shutdownLeaderState(104)) - e474d836-9357-4e4e-810d-bf6a0e77ec6f: shutdown LeaderState
2019-09-25 12:49:02,142 [main] INFO  impl.PendingRequests (PendingRequests.java:sendNotLeaderResponses(202)) - 3243c737-994e-484d-8a3b-380030115cc1-PendingRequests: sendNotLeaderResponses
2019-09-25 12:49:02,142 [ForkJoinPool.commonPool-worker-0] INFO  impl.PendingRequests (PendingRequests.java:sendNotLeaderResponses(202)) - e474d836-9357-4e4e-810d-bf6a0e77ec6f-PendingRequests: sendNotLeaderResponses
2019-09-25 12:49:02,142 [main] INFO  impl.StateMachineUpdater (StateMachineUpdater.java:stopAndJoin(125)) - 3243c737-994e-484d-8a3b-380030115cc1@group-B82A8B115354-StateMachineUpdater: set stopIndex = 0
2019-09-25 12:49:02,143 [main] INFO  impl.RaftServerImpl (ServerState.java:close(385)) - 3243c737-994e-484d-8a3b-380030115cc1@group-B82A8B115354: closes. applyIndex: 0
2019-09-25 12:49:02,143 [ForkJoinPool.commonPool-worker-0] INFO  impl.StateMachineUpdater (StateMachineUpdater.java:stopAndJoin(125)) - e474d836-9357-4e4e-810d-bf6a0e77ec6f@group-0F2FDB24C377-StateMachineUpdater: set stopIndex = 0
2019-09-25 12:49:02,143 [3243c737-994e-484d-8a3b-380030115cc1@group-B82A8B115354-SegmentedRaftLogWorker] INFO  segmented.SegmentedRaftLogWorker (SegmentedRaftLogWorker.java:run(313)) - 3243c737-994e-484d-8a3b-380030115cc1@group-B82A8B115354-SegmentedRaftLogWorker was interrupted, exiting. There are 0 tasks remaining in the queue.
2019-09-25 12:49:02,144 [ForkJoinPool.commonPool-worker-0] INFO  impl.RaftServerImpl (ServerState.java:close(385)) - e474d836-9357-4e4e-810d-bf6a0e77ec6f@group-0F2FDB24C377: closes. applyIndex: 0
2019-09-25 12:49:02,144 [main] INFO  segmented.SegmentedRaftLogWorker (SegmentedRaftLogWorker.java:close(228)) - 3243c737-994e-484d-8a3b-380030115cc1@group-B82A8B115354-SegmentedRaftLogWorker close()
2019-09-25 12:49:02,144 [e474d836-9357-4e4e-810d-bf6a0e77ec6f@group-0F2FDB24C377-SegmentedRaftLogWorker] INFO  segmented.SegmentedRaftLogWorker (SegmentedRaftLogWorker.java:run(313)) - e474d836-9357-4e4e-810d-bf6a0e77ec6f@group-0F2FDB24C377-SegmentedRaftLogWorker was interrupted, exiting. There are 0 tasks remaining in the queue.
2019-09-25 12:49:02,146 [main] INFO  impl.RaftServerImpl (RaftServerImpl.java:lambda$shutdown$3(251)) - 3243c737-994e-484d-8a3b-380030115cc1@group-C33516944F37: shutdown
2019-09-25 12:49:02,146 [ForkJoinPool.commonPool-worker-0] INFO  segmented.SegmentedRaftLogWorker (SegmentedRaftLogWorker.java:close(228)) - e474d836-9357-4e4e-810d-bf6a0e77ec6f@group-0F2FDB24C377-SegmentedRaftLogWorker close()
2019-09-25 12:49:02,146 [main] INFO  util.JmxRegister (JmxRegister.java:unregister(73)) - Successfully un-registered JMX Bean with object name Ratis:service=RaftServer,group=group-C33516944F37,id=3243c737-994e-484d-8a3b-380030115cc1
2019-09-25 12:49:02,148 [ForkJoinPool.commonPool-worker-0] INFO  impl.RaftServerImpl (RaftServerImpl.java:lambda$shutdown$3(251)) - e474d836-9357-4e4e-810d-bf6a0e77ec6f@group-B73D0A592AA5: shutdown
2019-09-25 12:49:02,148 [main] INFO  impl.RoleInfo (RoleInfo.java:shutdownLeaderState(104)) - 3243c737-994e-484d-8a3b-380030115cc1: shutdown LeaderState
2019-09-25 12:49:02,148 [ForkJoinPool.commonPool-worker-0] INFO  util.JmxRegister (JmxRegister.java:unregister(73)) - Successfully un-registered JMX Bean with object name Ratis:service=RaftServer,group=group-B73D0A592AA5,id=e474d836-9357-4e4e-810d-bf6a0e77ec6f
2019-09-25 12:49:02,149 [main] INFO  impl.PendingRequests (PendingRequests.java:sendNotLeaderResponses(202)) - 3243c737-994e-484d-8a3b-380030115cc1-PendingRequests: sendNotLeaderResponses
2019-09-25 12:49:02,149 [ForkJoinPool.commonPool-worker-0] INFO  impl.RoleInfo (RoleInfo.java:shutdownLeaderState(104)) - e474d836-9357-4e4e-810d-bf6a0e77ec6f: shutdown LeaderState
2019-09-25 12:49:02,149 [main] INFO  impl.StateMachineUpdater (StateMachineUpdater.java:stopAndJoin(125)) - 3243c737-994e-484d-8a3b-380030115cc1@group-C33516944F37-StateMachineUpdater: set stopIndex = 0
2019-09-25 12:49:02,149 [ForkJoinPool.commonPool-worker-0] INFO  impl.PendingRequests (PendingRequests.java:sendNotLeaderResponses(202)) - e474d836-9357-4e4e-810d-bf6a0e77ec6f-PendingRequests: sendNotLeaderResponses
2019-09-25 12:49:02,150 [main] INFO  impl.RaftServerImpl (ServerState.java:close(385)) - 3243c737-994e-484d-8a3b-380030115cc1@group-C33516944F37: closes. applyIndex: 0
2019-09-25 12:49:02,150 [ForkJoinPool.commonPool-worker-0] INFO  impl.StateMachineUpdater (StateMachineUpdater.java:stopAndJoin(125)) - e474d836-9357-4e4e-810d-bf6a0e77ec6f@group-B73D0A592AA5-StateMachineUpdater: set stopIndex = 0
2019-09-25 12:49:02,151 [3243c737-994e-484d-8a3b-380030115cc1@group-C33516944F37-SegmentedRaftLogWorker] INFO  segmented.SegmentedRaftLogWorker (SegmentedRaftLogWorker.java:run(313)) - 3243c737-994e-484d-8a3b-380030115cc1@group-C33516944F37-SegmentedRaftLogWorker was interrupted, exiting. There are 0 tasks remaining in the queue.
2019-09-25 12:49:02,151 [ForkJoinPool.commonPool-worker-0] INFO  impl.RaftServerImpl (ServerState.java:close(385)) - e474d836-9357-4e4e-810d-bf6a0e77ec6f@group-B73D0A592AA5: closes. applyIndex: 0
2019-09-25 12:49:02,151 [main] INFO  segmented.SegmentedRaftLogWorker (SegmentedRaftLogWorker.java:close(228)) - 3243c737-994e-484d-8a3b-380030115cc1@group-C33516944F37-SegmentedRaftLogWorker close()
2019-09-25 12:49:02,151 [e474d836-9357-4e4e-810d-bf6a0e77ec6f@group-B73D0A592AA5-SegmentedRaftLogWorker] INFO  segmented.SegmentedRaftLogWorker (SegmentedRaftLogWorker.java:run(313)) - e474d836-9357-4e4e-810d-bf6a0e77ec6f@group-B73D0A592AA5-SegmentedRaftLogWorker was interrupted, exiting. There are 0 tasks remaining in the queue.
2019-09-25 12:49:02,153 [main] INFO  impl.RaftServerImpl (RaftServerImpl.java:lambda$shutdown$3(251)) - 3243c737-994e-484d-8a3b-380030115cc1@group-536743AC20BC: shutdown
2019-09-25 12:49:02,153 [ForkJoinPool.commonPool-worker-0] INFO  segmented.SegmentedRaftLogWorker (SegmentedRaftLogWorker.java:close(228)) - e474d836-9357-4e4e-810d-bf6a0e77ec6f@group-B73D0A592AA5-SegmentedRaftLogWorker close()
2019-09-25 12:49:02,153 [main] INFO  util.JmxRegister (JmxRegister.java:unregister(73)) - Successfully un-registered JMX Bean with object name Ratis:service=RaftServer,group=group-536743AC20BC,id=3243c737-994e-484d-8a3b-380030115cc1
2019-09-25 12:49:02,155 [ForkJoinPool.commonPool-worker-0] INFO  impl.RaftServerImpl (RaftServerImpl.java:lambda$shutdown$3(251)) - e474d836-9357-4e4e-810d-bf6a0e77ec6f@group-EBB9C578BAB9: shutdown
2019-09-25 12:49:02,155 [main] INFO  impl.RoleInfo (RoleInfo.java:shutdownLeaderState(104)) - 3243c737-994e-484d-8a3b-380030115cc1: shutdown LeaderState
2019-09-25 12:49:02,156 [ForkJoinPool.commonPool-worker-0] INFO  util.JmxRegister (JmxRegister.java:unregister(73)) - Successfully un-registered JMX Bean with object name Ratis:service=RaftServer,group=group-EBB9C578BAB9,id=e474d836-9357-4e4e-810d-bf6a0e77ec6f
2019-09-25 12:49:02,156 [main] INFO  impl.PendingRequests (PendingRequests.java:sendNotLeaderResponses(202)) - 3243c737-994e-484d-8a3b-380030115cc1-PendingRequests: sendNotLeaderResponses
2019-09-25 12:49:02,156 [ForkJoinPool.commonPool-worker-0] INFO  impl.RoleInfo (RoleInfo.java:shutdownLeaderState(104)) - e474d836-9357-4e4e-810d-bf6a0e77ec6f: shutdown LeaderState
2019-09-25 12:49:02,157 [main] INFO  impl.StateMachineUpdater (StateMachineUpdater.java:stopAndJoin(125)) - 3243c737-994e-484d-8a3b-380030115cc1@group-536743AC20BC-StateMachineUpdater: set stopIndex = 0
2019-09-25 12:49:02,157 [ForkJoinPool.commonPool-worker-0] INFO  impl.PendingRequests (PendingRequests.java:sendNotLeaderResponses(202)) - e474d836-9357-4e4e-810d-bf6a0e77ec6f-PendingRequests: sendNotLeaderResponses
2019-09-25 12:49:02,157 [main] INFO  impl.RaftServerImpl (ServerState.java:close(385)) - 3243c737-994e-484d-8a3b-380030115cc1@group-536743AC20BC: closes. applyIndex: 0
2019-09-25 12:49:02,157 [ForkJoinPool.commonPool-worker-0] INFO  impl.StateMachineUpdater (StateMachineUpdater.java:stopAndJoin(125)) - e474d836-9357-4e4e-810d-bf6a0e77ec6f@group-EBB9C578BAB9-StateMachineUpdater: set stopIndex = 0
2019-09-25 12:49:02,158 [3243c737-994e-484d-8a3b-380030115cc1@group-536743AC20BC-SegmentedRaftLogWorker] INFO  segmented.SegmentedRaftLogWorker (SegmentedRaftLogWorker.java:run(313)) - 3243c737-994e-484d-8a3b-380030115cc1@group-536743AC20BC-SegmentedRaftLogWorker was interrupted, exiting. There are 0 tasks remaining in the queue.
2019-09-25 12:49:02,158 [ForkJoinPool.commonPool-worker-0] INFO  impl.RaftServerImpl (ServerState.java:close(385)) - e474d836-9357-4e4e-810d-bf6a0e77ec6f@group-EBB9C578BAB9: closes. applyIndex: 0
2019-09-25 12:49:02,158 [main] INFO  segmented.SegmentedRaftLogWorker (SegmentedRaftLogWorker.java:close(228)) - 3243c737-994e-484d-8a3b-380030115cc1@group-536743AC20BC-SegmentedRaftLogWorker close()
2019-09-25 12:49:02,158 [e474d836-9357-4e4e-810d-bf6a0e77ec6f@group-EBB9C578BAB9-SegmentedRaftLogWorker] INFO  segmented.SegmentedRaftLogWorker (SegmentedRaftLogWorker.java:run(313)) - e474d836-9357-4e4e-810d-bf6a0e77ec6f@group-EBB9C578BAB9-SegmentedRaftLogWorker was interrupted, exiting. There are 0 tasks remaining in the queue.
2019-09-25 12:49:02,160 [main] INFO  impl.RaftServerImpl (RaftServerImpl.java:lambda$shutdown$3(251)) - 3243c737-994e-484d-8a3b-380030115cc1@group-D29F59FA6AF5: shutdown
2019-09-25 12:49:02,160 [ForkJoinPool.commonPool-worker-0] INFO  segmented.SegmentedRaftLogWorker (SegmentedRaftLogWorker.java:close(228)) - e474d836-9357-4e4e-810d-bf6a0e77ec6f@group-EBB9C578BAB9-SegmentedRaftLogWorker close()
2019-09-25 12:49:02,160 [main] INFO  util.JmxRegister (JmxRegister.java:unregister(73)) - Successfully un-registered JMX Bean with object name Ratis:service=RaftServer,group=group-D29F59FA6AF5,id=3243c737-994e-484d-8a3b-380030115cc1
2019-09-25 12:49:02,163 [main] INFO  impl.RoleInfo (RoleInfo.java:shutdownLeaderState(104)) - 3243c737-994e-484d-8a3b-380030115cc1: shutdown LeaderState
2019-09-25 12:49:02,162 [ForkJoinPool.commonPool-worker-0] INFO  impl.RaftServerImpl (RaftServerImpl.java:lambda$shutdown$3(251)) - e474d836-9357-4e4e-810d-bf6a0e77ec6f@group-D845F77926F2: shutdown
2019-09-25 12:49:02,163 [main] INFO  impl.PendingRequests (PendingRequests.java:sendNotLeaderResponses(202)) - 3243c737-994e-484d-8a3b-380030115cc1-PendingRequests: sendNotLeaderResponses
2019-09-25 12:49:02,163 [ForkJoinPool.commonPool-worker-0] INFO  util.JmxRegister (JmxRegister.java:unregister(73)) - Successfully un-registered JMX Bean with object name Ratis:service=RaftServer,group=group-D845F77926F2,id=e474d836-9357-4e4e-810d-bf6a0e77ec6f
2019-09-25 12:49:02,164 [main] INFO  impl.StateMachineUpdater (StateMachineUpdater.java:stopAndJoin(125)) - 3243c737-994e-484d-8a3b-380030115cc1@group-D29F59FA6AF5-StateMachineUpdater: set stopIndex = 0
2019-09-25 12:49:02,164 [ForkJoinPool.commonPool-worker-0] INFO  impl.RoleInfo (RoleInfo.java:shutdownLeaderState(104)) - e474d836-9357-4e4e-810d-bf6a0e77ec6f: shutdown LeaderState
2019-09-25 12:49:02,164 [main] INFO  impl.RaftServerImpl (ServerState.java:close(385)) - 3243c737-994e-484d-8a3b-380030115cc1@group-D29F59FA6AF5: closes. applyIndex: 0
2019-09-25 12:49:02,164 [ForkJoinPool.commonPool-worker-0] INFO  impl.PendingRequests (PendingRequests.java:sendNotLeaderResponses(202)) - e474d836-9357-4e4e-810d-bf6a0e77ec6f-PendingRequests: sendNotLeaderResponses
2019-09-25 12:49:02,165 [3243c737-994e-484d-8a3b-380030115cc1@group-D29F59FA6AF5-SegmentedRaftLogWorker] INFO  segmented.SegmentedRaftLogWorker (SegmentedRaftLogWorker.java:run(313)) - 3243c737-994e-484d-8a3b-380030115cc1@group-D29F59FA6AF5-SegmentedRaftLogWorker was interrupted, exiting. There are 0 tasks remaining in the queue.
2019-09-25 12:49:02,165 [ForkJoinPool.commonPool-worker-0] INFO  impl.StateMachineUpdater (StateMachineUpdater.java:stopAndJoin(125)) - e474d836-9357-4e4e-810d-bf6a0e77ec6f@group-D845F77926F2-StateMachineUpdater: set stopIndex = 0
2019-09-25 12:49:02,165 [ForkJoinPool.commonPool-worker-0] INFO  impl.RaftServerImpl (ServerState.java:close(385)) - e474d836-9357-4e4e-810d-bf6a0e77ec6f@group-D845F77926F2: closes. applyIndex: 0
2019-09-25 12:49:02,165 [main] INFO  segmented.SegmentedRaftLogWorker (SegmentedRaftLogWorker.java:close(228)) - 3243c737-994e-484d-8a3b-380030115cc1@group-D29F59FA6AF5-SegmentedRaftLogWorker close()
2019-09-25 12:49:02,166 [e474d836-9357-4e4e-810d-bf6a0e77ec6f@group-D845F77926F2-SegmentedRaftLogWorker] INFO  segmented.SegmentedRaftLogWorker (SegmentedRaftLogWorker.java:run(313)) - e474d836-9357-4e4e-810d-bf6a0e77ec6f@group-D845F77926F2-SegmentedRaftLogWorker was interrupted, exiting. There are 0 tasks remaining in the queue.
2019-09-25 12:49:02,167 [main] INFO  server.GrpcService (GrpcService.java:closeImpl(164)) - 3243c737-994e-484d-8a3b-380030115cc1: shutdown server with port 45992 now
2019-09-25 12:49:02,167 [ForkJoinPool.commonPool-worker-0] INFO  segmented.SegmentedRaftLogWorker (SegmentedRaftLogWorker.java:close(228)) - e474d836-9357-4e4e-810d-bf6a0e77ec6f@group-D845F77926F2-SegmentedRaftLogWorker close()
2019-09-25 12:49:02,171 [ForkJoinPool.commonPool-worker-0] INFO  server.GrpcService (GrpcService.java:closeImpl(164)) - e474d836-9357-4e4e-810d-bf6a0e77ec6f: shutdown server with port 42228 now
2019-09-25 12:49:02,171 [main] INFO  server.GrpcService (GrpcService.java:closeImpl(172)) - 3243c737-994e-484d-8a3b-380030115cc1: shutdown server with port 45992 successfully
2019-09-25 12:49:02,173 [ForkJoinPool.commonPool-worker-0] INFO  server.GrpcService (GrpcService.java:closeImpl(172)) - e474d836-9357-4e4e-810d-bf6a0e77ec6f: shutdown server with port 42228 successfully
2019-09-25 12:49:02,174 [refreshUsed-/workdir/hadoop-ozone/ozonefs/target/test-dir/MiniOzoneClusterImpl-f5305ca6-33bd-4b6f-9102-c854bc6f4652/datanode-1/data/containers] WARN  fs.CachingGetSpaceUsed (CachingGetSpaceUsed.java:run(183)) - Thread Interrupted waiting to refresh disk information: sleep interrupted
2019-09-25 12:49:02,176 [refreshUsed-/workdir/hadoop-ozone/ozonefs/target/test-dir/MiniOzoneClusterImpl-f5305ca6-33bd-4b6f-9102-c854bc6f4652/datanode-0/data/containers] WARN  fs.CachingGetSpaceUsed (CachingGetSpaceUsed.java:run(183)) - Thread Interrupted waiting to refresh disk information: sleep interrupted
2019-09-25 12:49:02,196 [ForkJoinPool.commonPool-worker-0] INFO  utils.BackgroundService (BackgroundService.java:shutdown(148)) - Shutting down service BlockDeletingService
2019-09-25 12:49:02,207 [ForkJoinPool.commonPool-worker-0] INFO  statemachine.DatanodeStateMachine (DatanodeStateMachine.java:stopDaemon(395)) - Ozone container server stopped.
2019-09-25 12:49:02,211 [ForkJoinPool.commonPool-worker-0] INFO  handler.ContextHandler (ContextHandler.java:doStop(910)) - Stopped o.e.j.w.WebAppContext@12192604{/,null,UNAVAILABLE}{/hddsDatanode}
2019-09-25 12:49:02,211 [ForkJoinPool.commonPool-worker-0] INFO  server.AbstractConnector (AbstractConnector.java:doStop(318)) - Stopped ServerConnector@6075b369{HTTP/1.1,[http/1.1]}{0.0.0.0:0}
2019-09-25 12:49:02,215 [ForkJoinPool.commonPool-worker-0] INFO  handler.ContextHandler (ContextHandler.java:doStop(910)) - Stopped o.e.j.s.ServletContextHandler@37d28938{/static,jar:file:/home/user/.m2/repository/org/apache/hadoop/hadoop-hdds-container-service/0.5.0-SNAPSHOT/hadoop-hdds-container-service-0.5.0-SNAPSHOT.jar!/webapps/static,UNAVAILABLE}
2019-09-25 12:49:02,215 [ForkJoinPool.commonPool-worker-0] INFO  handler.ContextHandler (ContextHandler.java:doStop(910)) - Stopped o.e.j.s.ServletContextHandler@22791b75{/logs,file:///workdir/hadoop-ozone/ozonefs/target/log,UNAVAILABLE}
2019-09-25 12:49:02,218 [main] INFO  utils.BackgroundService (BackgroundService.java:shutdown(148)) - Shutting down service BlockDeletingService
2019-09-25 12:49:02,222 [main] INFO  statemachine.DatanodeStateMachine (DatanodeStateMachine.java:stopDaemon(395)) - Ozone container server stopped.
2019-09-25 12:49:02,222 [main] INFO  handler.ContextHandler (ContextHandler.java:doStop(910)) - Stopped o.e.j.w.WebAppContext@3a3f96ab{/,null,UNAVAILABLE}{/hddsDatanode}
2019-09-25 12:49:02,223 [main] INFO  server.AbstractConnector (AbstractConnector.java:doStop(318)) - Stopped ServerConnector@4def7d36{HTTP/1.1,[http/1.1]}{0.0.0.0:0}
2019-09-25 12:49:02,223 [main] INFO  handler.ContextHandler (ContextHandler.java:doStop(910)) - Stopped o.e.j.s.ServletContextHandler@544e3679{/static,jar:file:/home/user/.m2/repository/org/apache/hadoop/hadoop-hdds-container-service/0.5.0-SNAPSHOT/hadoop-hdds-container-service-0.5.0-SNAPSHOT.jar!/webapps/static,UNAVAILABLE}
2019-09-25 12:49:02,224 [main] INFO  handler.ContextHandler (ContextHandler.java:doStop(910)) - Stopped o.e.j.s.ServletContextHandler@23bd0c81{/logs,file:///workdir/hadoop-ozone/ozonefs/target/log,UNAVAILABLE}
2019-09-25 12:49:02,972 [Datanode State Machine Thread - 0] INFO  statemachine.DatanodeStateMachine (DatanodeStateMachine.java:lambda$startDaemon$0(350)) - Ozone container server started.
2019-09-25 12:49:07,216 [ForkJoinPool.commonPool-worker-0] INFO  ozoneimpl.OzoneContainer (OzoneContainer.java:stop(231)) - Attempting to stop container services.
2019-09-25 12:49:07,217 [ForkJoinPool.commonPool-worker-0] INFO  impl.RaftServerProxy (RaftServerProxy.java:lambda$close$4(314)) - c5030f33-4cb5-4710-a89a-bba9e1e467b2: close
2019-09-25 12:49:07,217 [ForkJoinPool.commonPool-worker-0] INFO  impl.RaftServerImpl (RaftServerImpl.java:lambda$shutdown$3(251)) - c5030f33-4cb5-4710-a89a-bba9e1e467b2@group-8BB3633B70B5: shutdown
2019-09-25 12:49:07,217 [ForkJoinPool.commonPool-worker-0] INFO  util.JmxRegister (JmxRegister.java:unregister(73)) - Successfully un-registered JMX Bean with object name Ratis:service=RaftServer,group=group-8BB3633B70B5,id=c5030f33-4cb5-4710-a89a-bba9e1e467b2
2019-09-25 12:49:07,218 [ForkJoinPool.commonPool-worker-0] INFO  impl.RoleInfo (RoleInfo.java:shutdownLeaderState(104)) - c5030f33-4cb5-4710-a89a-bba9e1e467b2: shutdown LeaderState
2019-09-25 12:49:07,218 [ForkJoinPool.commonPool-worker-0] INFO  impl.PendingRequests (PendingRequests.java:sendNotLeaderResponses(202)) - c5030f33-4cb5-4710-a89a-bba9e1e467b2-PendingRequests: sendNotLeaderResponses
2019-09-25 12:49:07,218 [ForkJoinPool.commonPool-worker-0] INFO  impl.StateMachineUpdater (StateMachineUpdater.java:stopAndJoin(125)) - c5030f33-4cb5-4710-a89a-bba9e1e467b2@group-8BB3633B70B5-StateMachineUpdater: set stopIndex = 0
2019-09-25 12:49:07,218 [ForkJoinPool.commonPool-worker-0] INFO  impl.RaftServerImpl (ServerState.java:close(385)) - c5030f33-4cb5-4710-a89a-bba9e1e467b2@group-8BB3633B70B5: closes. applyIndex: 0
2019-09-25 12:49:07,219 [c5030f33-4cb5-4710-a89a-bba9e1e467b2@group-8BB3633B70B5-SegmentedRaftLogWorker] INFO  segmented.SegmentedRaftLogWorker (SegmentedRaftLogWorker.java:run(313)) - c5030f33-4cb5-4710-a89a-bba9e1e467b2@group-8BB3633B70B5-SegmentedRaftLogWorker was interrupted, exiting. There are 0 tasks remaining in the queue.
2019-09-25 12:49:07,219 [ForkJoinPool.commonPool-worker-0] INFO  segmented.SegmentedRaftLogWorker (SegmentedRaftLogWorker.java:close(228)) - c5030f33-4cb5-4710-a89a-bba9e1e467b2@group-8BB3633B70B5-SegmentedRaftLogWorker close()
2019-09-25 12:49:07,221 [ForkJoinPool.commonPool-worker-0] INFO  impl.RaftServerImpl (RaftServerImpl.java:lambda$shutdown$3(251)) - c5030f33-4cb5-4710-a89a-bba9e1e467b2@group-345E09D3E359: shutdown
2019-09-25 12:49:07,222 [ForkJoinPool.commonPool-worker-0] INFO  util.JmxRegister (JmxRegister.java:unregister(73)) - Successfully un-registered JMX Bean with object name Ratis:service=RaftServer,group=group-345E09D3E359,id=c5030f33-4cb5-4710-a89a-bba9e1e467b2
2019-09-25 12:49:07,222 [ForkJoinPool.commonPool-worker-0] INFO  impl.RoleInfo (RoleInfo.java:shutdownLeaderState(104)) - c5030f33-4cb5-4710-a89a-bba9e1e467b2: shutdown LeaderState
2019-09-25 12:49:07,222 [ForkJoinPool.commonPool-worker-0] INFO  impl.PendingRequests (PendingRequests.java:sendNotLeaderResponses(202)) - c5030f33-4cb5-4710-a89a-bba9e1e467b2-PendingRequests: sendNotLeaderResponses
2019-09-25 12:49:07,223 [ForkJoinPool.commonPool-worker-0] INFO  impl.StateMachineUpdater (StateMachineUpdater.java:stopAndJoin(125)) - c5030f33-4cb5-4710-a89a-bba9e1e467b2@group-345E09D3E359-StateMachineUpdater: set stopIndex = 0
2019-09-25 12:49:07,223 [ForkJoinPool.commonPool-worker-0] INFO  impl.RaftServerImpl (ServerState.java:close(385)) - c5030f33-4cb5-4710-a89a-bba9e1e467b2@group-345E09D3E359: closes. applyIndex: 0
2019-09-25 12:49:07,223 [c5030f33-4cb5-4710-a89a-bba9e1e467b2@group-345E09D3E359-SegmentedRaftLogWorker] INFO  segmented.SegmentedRaftLogWorker (SegmentedRaftLogWorker.java:run(313)) - c5030f33-4cb5-4710-a89a-bba9e1e467b2@group-345E09D3E359-SegmentedRaftLogWorker was interrupted, exiting. There are 0 tasks remaining in the queue.
2019-09-25 12:49:07,223 [ForkJoinPool.commonPool-worker-0] INFO  segmented.SegmentedRaftLogWorker (SegmentedRaftLogWorker.java:close(228)) - c5030f33-4cb5-4710-a89a-bba9e1e467b2@group-345E09D3E359-SegmentedRaftLogWorker close()
2019-09-25 12:49:07,225 [ForkJoinPool.commonPool-worker-0] INFO  impl.RaftServerImpl (RaftServerImpl.java:lambda$shutdown$3(251)) - c5030f33-4cb5-4710-a89a-bba9e1e467b2@group-CDA655C4A0AD: shutdown
2019-09-25 12:49:07,226 [ForkJoinPool.commonPool-worker-0] INFO  util.JmxRegister (JmxRegister.java:unregister(73)) - Successfully un-registered JMX Bean with object name Ratis:service=RaftServer,group=group-CDA655C4A0AD,id=c5030f33-4cb5-4710-a89a-bba9e1e467b2
2019-09-25 12:49:07,226 [ForkJoinPool.commonPool-worker-0] INFO  impl.RoleInfo (RoleInfo.java:shutdownLeaderState(104)) - c5030f33-4cb5-4710-a89a-bba9e1e467b2: shutdown LeaderState
2019-09-25 12:49:07,226 [ForkJoinPool.commonPool-worker-0] INFO  impl.PendingRequests (PendingRequests.java:sendNotLeaderResponses(202)) - c5030f33-4cb5-4710-a89a-bba9e1e467b2-PendingRequests: sendNotLeaderResponses
2019-09-25 12:49:07,226 [ForkJoinPool.commonPool-worker-0] INFO  impl.StateMachineUpdater (StateMachineUpdater.java:stopAndJoin(125)) - c5030f33-4cb5-4710-a89a-bba9e1e467b2@group-CDA655C4A0AD-StateMachineUpdater: set stopIndex = 0
2019-09-25 12:49:07,227 [ForkJoinPool.commonPool-worker-0] INFO  impl.RaftServerImpl (ServerState.java:close(385)) - c5030f33-4cb5-4710-a89a-bba9e1e467b2@group-CDA655C4A0AD: closes. applyIndex: 0
2019-09-25 12:49:07,227 [c5030f33-4cb5-4710-a89a-bba9e1e467b2@group-CDA655C4A0AD-SegmentedRaftLogWorker] INFO  segmented.SegmentedRaftLogWorker (SegmentedRaftLogWorker.java:run(313)) - c5030f33-4cb5-4710-a89a-bba9e1e467b2@group-CDA655C4A0AD-SegmentedRaftLogWorker was interrupted, exiting. There are 0 tasks remaining in the queue.
2019-09-25 12:49:07,227 [ForkJoinPool.commonPool-worker-0] INFO  segmented.SegmentedRaftLogWorker (SegmentedRaftLogWorker.java:close(228)) - c5030f33-4cb5-4710-a89a-bba9e1e467b2@group-CDA655C4A0AD-SegmentedRaftLogWorker close()
2019-09-25 12:49:07,229 [ForkJoinPool.commonPool-worker-0] INFO  impl.RaftServerImpl (RaftServerImpl.java:lambda$shutdown$3(251)) - c5030f33-4cb5-4710-a89a-bba9e1e467b2@group-030C32D5C1B1: shutdown
2019-09-25 12:49:07,229 [ForkJoinPool.commonPool-worker-0] INFO  util.JmxRegister (JmxRegister.java:unregister(73)) - Successfully un-registered JMX Bean with object name Ratis:service=RaftServer,group=group-030C32D5C1B1,id=c5030f33-4cb5-4710-a89a-bba9e1e467b2
2019-09-25 12:49:07,230 [ForkJoinPool.commonPool-worker-0] INFO  impl.RoleInfo (RoleInfo.java:shutdownLeaderState(104)) - c5030f33-4cb5-4710-a89a-bba9e1e467b2: shutdown LeaderState
2019-09-25 12:49:07,230 [ForkJoinPool.commonPool-worker-0] INFO  impl.PendingRequests (PendingRequests.java:sendNotLeaderResponses(202)) - c5030f33-4cb5-4710-a89a-bba9e1e467b2-PendingRequests: sendNotLeaderResponses
2019-09-25 12:49:07,230 [ForkJoinPool.commonPool-worker-0] INFO  impl.StateMachineUpdater (StateMachineUpdater.java:stopAndJoin(125)) - c5030f33-4cb5-4710-a89a-bba9e1e467b2@group-030C32D5C1B1-StateMachineUpdater: set stopIndex = 0
2019-09-25 12:49:07,230 [ForkJoinPool.commonPool-worker-0] INFO  impl.RaftServerImpl (ServerState.java:close(385)) - c5030f33-4cb5-4710-a89a-bba9e1e467b2@group-030C32D5C1B1: closes. applyIndex: 0
2019-09-25 12:49:07,231 [c5030f33-4cb5-4710-a89a-bba9e1e467b2@group-030C32D5C1B1-SegmentedRaftLogWorker] INFO  segmented.SegmentedRaftLogWorker (SegmentedRaftLogWorker.java:run(313)) - c5030f33-4cb5-4710-a89a-bba9e1e467b2@group-030C32D5C1B1-SegmentedRaftLogWorker was interrupted, exiting. There are 0 tasks remaining in the queue.
2019-09-25 12:49:07,231 [ForkJoinPool.commonPool-worker-0] INFO  segmented.SegmentedRaftLogWorker (SegmentedRaftLogWorker.java:close(228)) - c5030f33-4cb5-4710-a89a-bba9e1e467b2@group-030C32D5C1B1-SegmentedRaftLogWorker close()
2019-09-25 12:49:07,233 [ForkJoinPool.commonPool-worker-0] INFO  impl.RaftServerImpl (RaftServerImpl.java:lambda$shutdown$3(251)) - c5030f33-4cb5-4710-a89a-bba9e1e467b2@group-A91EDA247D24: shutdown
2019-09-25 12:49:07,233 [ForkJoinPool.commonPool-worker-0] INFO  util.JmxRegister (JmxRegister.java:unregister(73)) - Successfully un-registered JMX Bean with object name Ratis:service=RaftServer,group=group-A91EDA247D24,id=c5030f33-4cb5-4710-a89a-bba9e1e467b2
2019-09-25 12:49:07,233 [ForkJoinPool.commonPool-worker-0] INFO  impl.RoleInfo (RoleInfo.java:shutdownLeaderState(104)) - c5030f33-4cb5-4710-a89a-bba9e1e467b2: shutdown LeaderState
2019-09-25 12:49:07,234 [ForkJoinPool.commonPool-worker-0] INFO  impl.PendingRequests (PendingRequests.java:sendNotLeaderResponses(202)) - c5030f33-4cb5-4710-a89a-bba9e1e467b2-PendingRequests: sendNotLeaderResponses
2019-09-25 12:49:07,234 [ForkJoinPool.commonPool-worker-0] INFO  impl.StateMachineUpdater (StateMachineUpdater.java:stopAndJoin(125)) - c5030f33-4cb5-4710-a89a-bba9e1e467b2@group-A91EDA247D24-StateMachineUpdater: set stopIndex = 0
2019-09-25 12:49:07,236 [ForkJoinPool.commonPool-worker-0] INFO  impl.RaftServerImpl (ServerState.java:close(385)) - c5030f33-4cb5-4710-a89a-bba9e1e467b2@group-A91EDA247D24: closes. applyIndex: 0
2019-09-25 12:49:07,236 [c5030f33-4cb5-4710-a89a-bba9e1e467b2@group-A91EDA247D24-SegmentedRaftLogWorker] INFO  segmented.SegmentedRaftLogWorker (SegmentedRaftLogWorker.java:run(313)) - c5030f33-4cb5-4710-a89a-bba9e1e467b2@group-A91EDA247D24-SegmentedRaftLogWorker was interrupted, exiting. There are 0 tasks remaining in the queue.
2019-09-25 12:49:07,236 [ForkJoinPool.commonPool-worker-0] INFO  segmented.SegmentedRaftLogWorker (SegmentedRaftLogWorker.java:close(228)) - c5030f33-4cb5-4710-a89a-bba9e1e467b2@group-A91EDA247D24-SegmentedRaftLogWorker close()
2019-09-25 12:49:07,238 [ForkJoinPool.commonPool-worker-0] INFO  impl.RaftServerImpl (RaftServerImpl.java:lambda$shutdown$3(251)) - c5030f33-4cb5-4710-a89a-bba9e1e467b2@group-0885BD99BA9F: shutdown
2019-09-25 12:49:07,238 [ForkJoinPool.commonPool-worker-0] INFO  util.JmxRegister (JmxRegister.java:unregister(73)) - Successfully un-registered JMX Bean with object name Ratis:service=RaftServer,group=group-0885BD99BA9F,id=c5030f33-4cb5-4710-a89a-bba9e1e467b2
2019-09-25 12:49:07,239 [ForkJoinPool.commonPool-worker-0] INFO  impl.RoleInfo (RoleInfo.java:shutdownLeaderState(104)) - c5030f33-4cb5-4710-a89a-bba9e1e467b2: shutdown LeaderState
2019-09-25 12:49:07,239 [ForkJoinPool.commonPool-worker-0] INFO  impl.PendingRequests (PendingRequests.java:sendNotLeaderResponses(202)) - c5030f33-4cb5-4710-a89a-bba9e1e467b2-PendingRequests: sendNotLeaderResponses
2019-09-25 12:49:07,239 [ForkJoinPool.commonPool-worker-0] INFO  impl.StateMachineUpdater (StateMachineUpdater.java:stopAndJoin(125)) - c5030f33-4cb5-4710-a89a-bba9e1e467b2@group-0885BD99BA9F-StateMachineUpdater: set stopIndex = 0
2019-09-25 12:49:07,240 [ForkJoinPool.commonPool-worker-0] INFO  impl.RaftServerImpl (ServerState.java:close(385)) - c5030f33-4cb5-4710-a89a-bba9e1e467b2@group-0885BD99BA9F: closes. applyIndex: 0
2019-09-25 12:49:07,240 [c5030f33-4cb5-4710-a89a-bba9e1e467b2@group-0885BD99BA9F-SegmentedRaftLogWorker] INFO  segmented.SegmentedRaftLogWorker (SegmentedRaftLogWorker.java:run(313)) - c5030f33-4cb5-4710-a89a-bba9e1e467b2@group-0885BD99BA9F-SegmentedRaftLogWorker was interrupted, exiting. There are 0 tasks remaining in the queue.
2019-09-25 12:49:07,240 [ForkJoinPool.commonPool-worker-0] INFO  segmented.SegmentedRaftLogWorker (SegmentedRaftLogWorker.java:close(228)) - c5030f33-4cb5-4710-a89a-bba9e1e467b2@group-0885BD99BA9F-SegmentedRaftLogWorker close()
2019-09-25 12:49:07,242 [ForkJoinPool.commonPool-worker-0] INFO  server.GrpcService (GrpcService.java:closeImpl(164)) - c5030f33-4cb5-4710-a89a-bba9e1e467b2: shutdown server with port 43395 now
2019-09-25 12:49:07,244 [ForkJoinPool.commonPool-worker-0] INFO  server.GrpcService (GrpcService.java:closeImpl(172)) - c5030f33-4cb5-4710-a89a-bba9e1e467b2: shutdown server with port 43395 successfully
2019-09-25 12:49:07,247 [refreshUsed-/workdir/hadoop-ozone/ozonefs/target/test-dir/MiniOzoneClusterImpl-f5305ca6-33bd-4b6f-9102-c854bc6f4652/datanode-2/data/containers] WARN  fs.CachingGetSpaceUsed (CachingGetSpaceUsed.java:run(183)) - Thread Interrupted waiting to refresh disk information: sleep interrupted
2019-09-25 12:49:07,266 [ForkJoinPool.commonPool-worker-0] INFO  utils.BackgroundService (BackgroundService.java:shutdown(148)) - Shutting down service BlockDeletingService
2019-09-25 12:49:07,271 [ForkJoinPool.commonPool-worker-0] INFO  statemachine.DatanodeStateMachine (DatanodeStateMachine.java:stopDaemon(395)) - Ozone container server stopped.
2019-09-25 12:49:07,273 [ForkJoinPool.commonPool-worker-0] INFO  handler.ContextHandler (ContextHandler.java:doStop(910)) - Stopped o.e.j.w.WebAppContext@238291d4{/,null,UNAVAILABLE}{/hddsDatanode}
2019-09-25 12:49:07,274 [ForkJoinPool.commonPool-worker-0] INFO  server.AbstractConnector (AbstractConnector.java:doStop(318)) - Stopped ServerConnector@34edd065{HTTP/1.1,[http/1.1]}{0.0.0.0:0}
2019-09-25 12:49:07,274 [ForkJoinPool.commonPool-worker-0] INFO  handler.ContextHandler (ContextHandler.java:doStop(910)) - Stopped o.e.j.s.ServletContextHandler@3dec3f87{/static,jar:file:/home/user/.m2/repository/org/apache/hadoop/hadoop-hdds-container-service/0.5.0-SNAPSHOT/hadoop-hdds-container-service-0.5.0-SNAPSHOT.jar!/webapps/static,UNAVAILABLE}
2019-09-25 12:49:07,274 [ForkJoinPool.commonPool-worker-0] INFO  handler.ContextHandler (ContextHandler.java:doStop(910)) - Stopped o.e.j.s.ServletContextHandler@656842bc{/logs,file:///workdir/hadoop-ozone/ozonefs/target/log,UNAVAILABLE}
2019-09-25 12:49:07,275 [main] INFO  ozone.MiniOzoneClusterImpl (MiniOzoneClusterImpl.java:stopSCM(392)) - Stopping the StorageContainerManager
2019-09-25 12:49:07,275 [main] INFO  server.StorageContainerManager (StorageContainerManager.java:stop(808)) - Stopping Replication Manager Service.
2019-09-25 12:49:07,276 [main] INFO  container.ReplicationManager (ReplicationManager.java:stop(204)) - Stopping Replication Monitor Thread.
2019-09-25 12:49:07,276 [main] INFO  server.StorageContainerManager (StorageContainerManager.java:stop(815)) - Stopping Lease Manager of the command watchers
2019-09-25 12:49:07,276 [main] INFO  server.StorageContainerManager (StorageContainerManager.java:stop(822)) - Stopping datanode service RPC server
2019-09-25 12:49:07,276 [main] INFO  server.SCMDatanodeProtocolServer (SCMDatanodeProtocolServer.java:stop(367)) - Stopping the RPC server for DataNodes
2019-09-25 12:49:07,276 [main] INFO  ipc.Server (Server.java:stop(3082)) - Stopping server on 43689
2019-09-25 12:49:07,279 [IPC Server listener on 43689] INFO  ipc.Server (Server.java:run(1185)) - Stopping IPC Server listener on 43689
2019-09-25 12:49:07,279 [IPC Server Responder] INFO  ipc.Server (Server.java:run(1319)) - Stopping IPC Server Responder
2019-09-25 12:49:07,366 [SCM Heartbeat Processing Thread - 0] WARN  node.NodeStateManager (NodeStateManager.java:scheduleNextHealthCheck(655)) - Current Thread is interrupted, shutting down HB processing thread for Node Manager.
2019-09-25 12:49:07,367 [main] INFO  server.StorageContainerManager (StorageContainerManager.java:stop(830)) - Stopping block service RPC server
2019-09-25 12:49:07,367 [main] INFO  server.SCMBlockProtocolServer (SCMBlockProtocolServer.java:stop(155)) - Stopping the RPC server for Block Protocol
2019-09-25 12:49:07,367 [main] INFO  ipc.Server (Server.java:stop(3082)) - Stopping server on 46246
2019-09-25 12:49:07,370 [IPC Server listener on 46246] INFO  ipc.Server (Server.java:run(1185)) - Stopping IPC Server listener on 46246
2019-09-25 12:49:07,374 [main] INFO  server.StorageContainerManager (StorageContainerManager.java:stop(837)) - Stopping the StorageContainerLocationProtocol RPC server
2019-09-25 12:49:07,376 [main] INFO  server.SCMClientProtocolServer (SCMClientProtocolServer.java:stop(159)) - Stopping the RPC server for Client Protocol
2019-09-25 12:49:07,376 [main] INFO  ipc.Server (Server.java:stop(3082)) - Stopping server on 43260
2019-09-25 12:49:07,375 [IPC Server Responder] INFO  ipc.Server (Server.java:run(1319)) - Stopping IPC Server Responder
2019-09-25 12:49:07,379 [IPC Server listener on 43260] INFO  ipc.Server (Server.java:run(1185)) - Stopping IPC Server listener on 43260
2019-09-25 12:49:07,379 [main] INFO  server.StorageContainerManager (StorageContainerManager.java:stop(844)) - Stopping Storage Container Manager HTTP server.
2019-09-25 12:49:07,379 [IPC Server Responder] INFO  ipc.Server (Server.java:run(1319)) - Stopping IPC Server Responder
2019-09-25 12:49:07,381 [main] INFO  handler.ContextHandler (ContextHandler.java:doStop(910)) - Stopped o.e.j.w.WebAppContext@16cf8438{/,null,UNAVAILABLE}{/scm}
2019-09-25 12:49:07,382 [main] INFO  server.AbstractConnector (AbstractConnector.java:doStop(318)) - Stopped ServerConnector@3e5beab5{HTTP/1.1,[http/1.1]}{0.0.0.0:0}
2019-09-25 12:49:07,383 [main] INFO  handler.ContextHandler (ContextHandler.java:doStop(910)) - Stopped o.e.j.s.ServletContextHandler@14efa279{/static,jar:file:/home/user/.m2/repository/org/apache/hadoop/hadoop-hdds-server-scm/0.5.0-SNAPSHOT/hadoop-hdds-server-scm-0.5.0-SNAPSHOT.jar!/webapps/static,UNAVAILABLE}
2019-09-25 12:49:07,383 [main] INFO  handler.ContextHandler (ContextHandler.java:doStop(910)) - Stopped o.e.j.s.ServletContextHandler@a0c5be{/logs,file:///workdir/hadoop-ozone/ozonefs/target/log,UNAVAILABLE}
2019-09-25 12:49:07,384 [main] INFO  server.StorageContainerManager (StorageContainerManager.java:stop(855)) - Stopping Block Manager Service.
2019-09-25 12:49:07,384 [main] INFO  utils.BackgroundService (BackgroundService.java:shutdown(148)) - Shutting down service SCMBlockDeletingService
2019-09-25 12:49:07,384 [main] INFO  utils.BackgroundService (BackgroundService.java:shutdown(148)) - Shutting down service SCMBlockDeletingService
2019-09-25 12:49:07,385 [main] INFO  server.StorageContainerManager (StorageContainerManager.java:stop(877)) - Stopping SCM Event Queue.
2019-09-25 12:49:07,388 [main] INFO  impl.MetricsSystemImpl (MetricsSystemImpl.java:stop(210)) - Stopping HddsDatanode metrics system...
2019-09-25 12:49:07,395 [main] INFO  impl.MetricsSystemImpl (MetricsSystemImpl.java:stop(216)) - HddsDatanode metrics system stopped.
]]></system-out>
  </testcase>
  <testcase name="testOzoneManagerFileSystemInterface[1]" classname="org.apache.hadoop.fs.ozone.TestOzoneFileInterfaces" time="16.982"/>
  <testcase name="testListStatus[1]" classname="org.apache.hadoop.fs.ozone.TestOzoneFileInterfaces" time="17.169"/>
  <testcase name="testDirectory[1]" classname="org.apache.hadoop.fs.ozone.TestOzoneFileInterfaces" time="16.029"/>
  <testcase name="testPathToKey[1]" classname="org.apache.hadoop.fs.ozone.TestOzoneFileInterfaces" time="16.365"/>
  <testcase name="testFileSystemInit[1]" classname="org.apache.hadoop.fs.ozone.TestOzoneFileInterfaces" time="17.363"/>
  <testcase name="testOzFsReadWrite[1]" classname="org.apache.hadoop.fs.ozone.TestOzoneFileInterfaces" time="17.487">
    <error message="Allocated 0 blocks. Requested 1 blocks" type="INTERNAL_ERROR org.apache.hadoop.ozone.om.exceptions.OMException">INTERNAL_ERROR org.apache.hadoop.ozone.om.exceptions.OMException: Allocated 0 blocks. Requested 1 blocks
	at org.apache.hadoop.ozone.om.protocolPB.OzoneManagerProtocolClientSideTranslatorPB.handleError(OzoneManagerProtocolClientSideTranslatorPB.java:732)
	at org.apache.hadoop.ozone.om.protocolPB.OzoneManagerProtocolClientSideTranslatorPB.createFile(OzoneManagerProtocolClientSideTranslatorPB.java:1536)
	at sun.reflect.NativeMethodAccessorImpl.invoke0(Native Method)
	at sun.reflect.NativeMethodAccessorImpl.invoke(NativeMethodAccessorImpl.java:62)
	at sun.reflect.DelegatingMethodAccessorImpl.invoke(DelegatingMethodAccessorImpl.java:43)
	at java.lang.reflect.Method.invoke(Method.java:498)
	at org.apache.hadoop.hdds.tracing.TraceAllMethod.invoke(TraceAllMethod.java:66)
	at com.sun.proxy.$Proxy39.createFile(Unknown Source)
	at org.apache.hadoop.ozone.client.rpc.RpcClient.createFile(RpcClient.java:1006)
	at org.apache.hadoop.ozone.client.OzoneBucket.createFile(OzoneBucket.java:537)
	at org.apache.hadoop.fs.ozone.BasicOzoneClientAdapterImpl.createFile(BasicOzoneClientAdapterImpl.java:205)
	at org.apache.hadoop.fs.ozone.BasicOzoneFileSystem.createOutputStream(BasicOzoneFileSystem.java:250)
	at org.apache.hadoop.fs.ozone.BasicOzoneFileSystem.create(BasicOzoneFileSystem.java:231)
	at org.apache.hadoop.fs.FileSystem.create(FileSystem.java:1118)
	at org.apache.hadoop.fs.FileSystem.create(FileSystem.java:1098)
	at org.apache.hadoop.fs.FileSystem.create(FileSystem.java:987)
	at org.apache.hadoop.fs.FileSystem.create(FileSystem.java:975)
	at org.apache.hadoop.fs.ozone.TestOzoneFileInterfaces.testOzFsReadWrite(TestOzoneFileInterfaces.java:169)
	at sun.reflect.NativeMethodAccessorImpl.invoke0(Native Method)
	at sun.reflect.NativeMethodAccessorImpl.invoke(NativeMethodAccessorImpl.java:62)
	at sun.reflect.DelegatingMethodAccessorImpl.invoke(DelegatingMethodAccessorImpl.java:43)
	at java.lang.reflect.Method.invoke(Method.java:498)
	at org.junit.runners.model.FrameworkMethod$1.runReflectiveCall(FrameworkMethod.java:47)
	at org.junit.internal.runners.model.ReflectiveCallable.run(ReflectiveCallable.java:12)
	at org.junit.runners.model.FrameworkMethod.invokeExplosively(FrameworkMethod.java:44)
	at org.junit.internal.runners.statements.InvokeMethod.evaluate(InvokeMethod.java:17)
	at org.junit.internal.runners.statements.RunBefores.evaluate(RunBefores.java:26)
	at org.junit.internal.runners.statements.RunAfters.evaluate(RunAfters.java:27)
	at org.junit.runners.ParentRunner.runLeaf(ParentRunner.java:271)
	at org.junit.runners.BlockJUnit4ClassRunner.runChild(BlockJUnit4ClassRunner.java:70)
	at org.junit.runners.BlockJUnit4ClassRunner.runChild(BlockJUnit4ClassRunner.java:50)
	at org.junit.runners.ParentRunner$3.run(ParentRunner.java:238)
	at org.junit.runners.ParentRunner$1.schedule(ParentRunner.java:63)
	at org.junit.runners.ParentRunner.runChildren(ParentRunner.java:236)
	at org.junit.runners.ParentRunner.access$000(ParentRunner.java:53)
	at org.junit.runners.ParentRunner$2.evaluate(ParentRunner.java:229)
	at org.junit.runners.ParentRunner.run(ParentRunner.java:309)
	at org.junit.runners.Suite.runChild(Suite.java:127)
	at org.junit.runners.Suite.runChild(Suite.java:26)
	at org.junit.runners.ParentRunner$3.run(ParentRunner.java:238)
	at org.junit.runners.ParentRunner$1.schedule(ParentRunner.java:63)
	at org.junit.runners.ParentRunner.runChildren(ParentRunner.java:236)
	at org.junit.runners.ParentRunner.access$000(ParentRunner.java:53)
	at org.junit.runners.ParentRunner$2.evaluate(ParentRunner.java:229)
	at org.junit.runners.ParentRunner.run(ParentRunner.java:309)
	at org.apache.maven.surefire.junit4.JUnit4Provider.execute(JUnit4Provider.java:365)
	at org.apache.maven.surefire.junit4.JUnit4Provider.executeWithRerun(JUnit4Provider.java:273)
	at org.apache.maven.surefire.junit4.JUnit4Provider.executeTestSet(JUnit4Provider.java:238)
	at org.apache.maven.surefire.junit4.JUnit4Provider.invoke(JUnit4Provider.java:159)
	at org.apache.maven.surefire.booter.ForkedBooter.invokeProviderInSameClassLoader(ForkedBooter.java:384)
	at org.apache.maven.surefire.booter.ForkedBooter.runSuitesInProcess(ForkedBooter.java:345)
	at org.apache.maven.surefire.booter.ForkedBooter.execute(ForkedBooter.java:126)
	at org.apache.maven.surefire.booter.ForkedBooter.main(ForkedBooter.java:418)
</error>
    <system-out><![CDATA[2019-09-25 12:50:31,354 [main] WARN  server.ServerUtils (ServerUtils.java:getScmDbDir(145)) - ozone.scm.db.dirs is not configured. We recommend adding this setting. Falling back to ozone.metadata.dirs instead.
2019-09-25 12:50:31,379 [main] WARN  server.ServerUtils (ServerUtils.java:getScmDbDir(145)) - ozone.scm.db.dirs is not configured. We recommend adding this setting. Falling back to ozone.metadata.dirs instead.
2019-09-25 12:50:31,380 [main] WARN  server.ServerUtils (ServerUtils.java:getScmDbDir(145)) - ozone.scm.db.dirs is not configured. We recommend adding this setting. Falling back to ozone.metadata.dirs instead.
2019-09-25 12:50:31,380 [main] INFO  db.DBStoreBuilder (DBStoreBuilder.java:addTable(110)) - using custom profile for table: deletedBlocks
2019-09-25 12:50:31,381 [main] INFO  db.DBStoreBuilder (DBStoreBuilder.java:processTables(161)) - Using default column profile:DBProfile.DISK for Table:deletedBlocks
2019-09-25 12:50:31,381 [main] INFO  db.DBStoreBuilder (DBStoreBuilder.java:addTable(110)) - using custom profile for table: validCerts
2019-09-25 12:50:31,381 [main] INFO  db.DBStoreBuilder (DBStoreBuilder.java:processTables(161)) - Using default column profile:DBProfile.DISK for Table:validCerts
2019-09-25 12:50:31,381 [main] INFO  db.DBStoreBuilder (DBStoreBuilder.java:addTable(110)) - using custom profile for table: revokedCerts
2019-09-25 12:50:31,381 [main] INFO  db.DBStoreBuilder (DBStoreBuilder.java:processTables(161)) - Using default column profile:DBProfile.DISK for Table:revokedCerts
2019-09-25 12:50:31,382 [main] INFO  db.DBStoreBuilder (DBStoreBuilder.java:addTable(110)) - using custom profile for table: default
2019-09-25 12:50:31,382 [main] INFO  db.DBStoreBuilder (DBStoreBuilder.java:processTables(167)) - Using default column profile:DBProfile.DISK for Table:default
2019-09-25 12:50:31,382 [main] INFO  db.DBStoreBuilder (DBStoreBuilder.java:getDbProfile(198)) - Using default options. DBProfile.DISK
2019-09-25 12:50:31,632 [main] INFO  net.NodeSchemaLoader (NodeSchemaLoader.java:loadSchemaFromFile(125)) - Loading file from sun.misc.CompoundEnumeration@495da9a7
2019-09-25 12:50:31,632 [main] INFO  net.NodeSchemaLoader (NodeSchemaLoader.java:loadSchema(171)) - Loading network topology layer schema file
2019-09-25 12:50:31,636 [main] WARN  server.ServerUtils (ServerUtils.java:sanitizeUserArgs(70)) - ozone.scm.stale.node.interval value = 300000 is larger than max = 100000 based on the key value of ozone.scm.heartbeat.thread.interval, reset to the max value 100000.
2019-09-25 12:50:31,636 [main] WARN  server.ServerUtils (ServerUtils.java:sanitizeUserArgs(70)) - ozone.scm.stale.node.interval value = 300000 is larger than max = 100000 based on the key value of ozone.scm.heartbeat.thread.interval, reset to the max value 100000.
2019-09-25 12:50:31,637 [main] INFO  node.SCMNodeManager (SCMNodeManager.java:<init>(114)) - Entering startup safe mode.
2019-09-25 12:50:31,637 [main] INFO  algorithms.ContainerPlacementPolicyFactory (ContainerPlacementPolicyFactory.java:getPolicy(59)) - Create container placement policy of type org.apache.hadoop.hdds.scm.container.placement.algorithms.SCMContainerPlacementRandom
2019-09-25 12:50:31,637 [main] WARN  server.ServerUtils (ServerUtils.java:getScmDbDir(145)) - ozone.scm.db.dirs is not configured. We recommend adding this setting. Falling back to ozone.metadata.dirs instead.
2019-09-25 12:50:31,734 [main] INFO  pipeline.SCMPipelineManager (SCMPipelineManager.java:initializePipelineState(132)) - No pipeline exists in current db
2019-09-25 12:50:31,734 [main] WARN  server.ServerUtils (ServerUtils.java:getScmDbDir(145)) - ozone.scm.db.dirs is not configured. We recommend adding this setting. Falling back to ozone.metadata.dirs instead.
2019-09-25 12:50:31,837 [main] WARN  events.EventQueue (EventQueue.java:fireEvent(183)) - No event handler registered for event TypedEvent{payloadType=SafeModeStatus, name='SafeModeStatus'}
2019-09-25 12:50:31,838 [main] INFO  ipc.CallQueueManager (CallQueueManager.java:<init>(84)) - Using callQueue: class java.util.concurrent.LinkedBlockingQueue, queueCapacity: 2000, scheduler: class org.apache.hadoop.ipc.DefaultRpcScheduler, ipcBackoff: false.
2019-09-25 12:50:31,839 [Socket Reader #1 for port 40231] INFO  ipc.Server (Server.java:run(1074)) - Starting Socket Reader #1 for port 40231
2019-09-25 12:50:31,841 [main] INFO  ipc.CallQueueManager (CallQueueManager.java:<init>(84)) - Using callQueue: class java.util.concurrent.LinkedBlockingQueue, queueCapacity: 2000, scheduler: class org.apache.hadoop.ipc.DefaultRpcScheduler, ipcBackoff: false.
2019-09-25 12:50:31,842 [Socket Reader #1 for port 42123] INFO  ipc.Server (Server.java:run(1074)) - Starting Socket Reader #1 for port 42123
2019-09-25 12:50:31,844 [main] INFO  ipc.CallQueueManager (CallQueueManager.java:<init>(84)) - Using callQueue: class java.util.concurrent.LinkedBlockingQueue, queueCapacity: 2000, scheduler: class org.apache.hadoop.ipc.DefaultRpcScheduler, ipcBackoff: false.
2019-09-25 12:50:31,845 [Socket Reader #1 for port 35327] INFO  ipc.Server (Server.java:run(1074)) - Starting Socket Reader #1 for port 35327
2019-09-25 12:50:31,849 [main] INFO  hdfs.DFSUtil (DFSUtil.java:httpServerTemplateForNNAndJN(1641)) - Starting Web-server for scm at: http://0.0.0.0:0
2019-09-25 12:50:31,851 [main] INFO  server.AuthenticationFilter (AuthenticationFilter.java:constructSecretProvider(240)) - Unable to initialize FileSignerSecretProvider, falling back to use random secrets.
2019-09-25 12:50:31,851 [main] WARN  http.HttpRequestLog (HttpRequestLog.java:getRequestLog(97)) - Jetty request log can only be enabled using Log4j
2019-09-25 12:50:31,853 [main] INFO  http.HttpServer2 (HttpServer2.java:addGlobalFilter(975)) - Added global filter 'safety' (class=org.apache.hadoop.http.HttpServer2$QuotingInputFilter)
2019-09-25 12:50:31,854 [main] INFO  http.HttpServer2 (HttpServer2.java:addFilter(948)) - Added filter static_user_filter (class=org.apache.hadoop.http.lib.StaticUserWebFilter$StaticUserFilter) to context scm
2019-09-25 12:50:31,854 [main] INFO  http.HttpServer2 (HttpServer2.java:addFilter(958)) - Added filter static_user_filter (class=org.apache.hadoop.http.lib.StaticUserWebFilter$StaticUserFilter) to context logs
2019-09-25 12:50:31,854 [main] INFO  http.HttpServer2 (HttpServer2.java:addFilter(958)) - Added filter static_user_filter (class=org.apache.hadoop.http.lib.StaticUserWebFilter$StaticUserFilter) to context static
2019-09-25 12:50:31,856 [main] INFO  server.StorageContainerManager (StorageContainerManager.java:start(770)) - StorageContainerLocationProtocol RPC server is listening at /0.0.0.0:35327
2019-09-25 12:50:31,858 [main] WARN  impl.MetricsConfig (MetricsConfig.java:loadFirst(134)) - Cannot locate configuration: tried hadoop-metrics2-storagecontainermanager.properties,hadoop-metrics2.properties
2019-09-25 12:50:31,859 [main] INFO  impl.MetricsSystemImpl (MetricsSystemImpl.java:startTimer(374)) - Scheduled Metric snapshot period at 10 second(s).
2019-09-25 12:50:31,859 [main] INFO  impl.MetricsSystemImpl (MetricsSystemImpl.java:start(191)) - StorageContainerManager metrics system started
2019-09-25 12:50:31,964 [main] WARN  impl.MetricsSystemImpl (MetricsSystemImpl.java:register(276)) - Sink prometheus already exists!
2019-09-25 12:50:32,189 [main] INFO  server.SCMClientProtocolServer (SCMClientProtocolServer.java:start(151)) - RPC server for Client  is listening at /0.0.0.0:35327
2019-09-25 12:50:32,190 [IPC Server Responder] INFO  ipc.Server (Server.java:run(1314)) - IPC Server Responder: starting
2019-09-25 12:50:32,190 [IPC Server listener on 35327] INFO  ipc.Server (Server.java:run(1153)) - IPC Server listener on 35327: starting
2019-09-25 12:50:32,207 [main] INFO  server.StorageContainerManager (StorageContainerManager.java:start(780)) - ScmBlockLocationProtocol RPC server is listening at /0.0.0.0:42123
2019-09-25 12:50:32,209 [main] INFO  server.SCMBlockProtocolServer (SCMBlockProtocolServer.java:start(146)) - RPC server for Block Protocol is listening at /0.0.0.0:42123
2019-09-25 12:50:32,210 [IPC Server Responder] INFO  ipc.Server (Server.java:run(1314)) - IPC Server Responder: starting
2019-09-25 12:50:32,210 [IPC Server listener on 42123] INFO  ipc.Server (Server.java:run(1153)) - IPC Server listener on 42123: starting
2019-09-25 12:50:32,217 [main] INFO  server.StorageContainerManager (StorageContainerManager.java:start(784)) - ScmDatanodeProtocl RPC server is listening at /0.0.0.0:40231
2019-09-25 12:50:32,217 [main] INFO  server.SCMDatanodeProtocolServer (SCMDatanodeProtocolServer.java:start(191)) - RPC server for DataNodes is listening at /0.0.0.0:40231
2019-09-25 12:50:32,217 [IPC Server Responder] INFO  ipc.Server (Server.java:run(1314)) - IPC Server Responder: starting
2019-09-25 12:50:32,217 [IPC Server listener on 40231] INFO  ipc.Server (Server.java:run(1153)) - IPC Server listener on 40231: starting
2019-09-25 12:50:32,224 [main] INFO  http.HttpServer2 (HttpServer2.java:bindListener(1191)) - Jetty bound to port 39366
2019-09-25 12:50:32,224 [main] INFO  server.Server (Server.java:doStart(351)) - jetty-9.3.25.v20180904, build timestamp: 2018-09-04T21:11:46Z, git hash: 3ce520221d0240229c862b122d2b06c12a625732
2019-09-25 12:50:32,226 [main] INFO  handler.ContextHandler (ContextHandler.java:doStart(781)) - Started o.e.j.s.ServletContextHandler@4cc4d454{/logs,file:///workdir/hadoop-ozone/ozonefs/target/log,AVAILABLE}
2019-09-25 12:50:32,226 [main] INFO  handler.ContextHandler (ContextHandler.java:doStart(781)) - Started o.e.j.s.ServletContextHandler@1c58d7be{/static,jar:file:/home/user/.m2/repository/org/apache/hadoop/hadoop-hdds-server-scm/0.5.0-SNAPSHOT/hadoop-hdds-server-scm-0.5.0-SNAPSHOT.jar!/webapps/static,AVAILABLE}
2019-09-25 12:50:32,270 [main] INFO  handler.ContextHandler (ContextHandler.java:doStart(781)) - Started o.e.j.w.WebAppContext@43445fc6{/,file:///tmp/jetty-0.0.0.0-39366-scm-_-any-1315114432584395542.dir/webapp/,AVAILABLE}{/scm}
2019-09-25 12:50:32,270 [main] INFO  server.AbstractConnector (AbstractConnector.java:doStart(278)) - Started ServerConnector@431babe6{HTTP/1.1,[http/1.1]}{0.0.0.0:39366}
2019-09-25 12:50:32,271 [main] INFO  server.Server (Server.java:doStart(419)) - Started @190477ms
2019-09-25 12:50:32,272 [main] WARN  impl.MetricsSystemImpl (MetricsSystemImpl.java:register(276)) - Sink prometheus already exists!
2019-09-25 12:50:32,273 [main] INFO  server.BaseHttpServer (BaseHttpServer.java:updateConnectorAddress(215)) - HTTP server of SCM is listening at http://0.0.0.0:39366
2019-09-25 12:50:32,274 [main] WARN  server.ServerUtils (ServerUtils.java:getDBPath(222)) - ozone.om.db.dirs is not configured. We recommend adding this setting. Falling back to ozone.metadata.dirs instead.
2019-09-25 12:50:32,276 [org.apache.hadoop.util.JvmPauseMonitor$Monitor@5072e638] INFO  util.JvmPauseMonitor (JvmPauseMonitor.java:run(188)) - Starting JVM pause monitor
2019-09-25 12:50:32,299 [main] WARN  server.ServerUtils (ServerUtils.java:getDBPath(222)) - ozone.om.db.dirs is not configured. We recommend adding this setting. Falling back to ozone.metadata.dirs instead.
2019-09-25 12:50:32,299 [main] WARN  server.ServerUtils (ServerUtils.java:getDBPath(222)) - ozone.om.db.dirs is not configured. We recommend adding this setting. Falling back to ozone.metadata.dirs instead.
2019-09-25 12:50:32,300 [main] INFO  om.OzoneManager (OzoneManager.java:setOMNodeDetails(652)) - OM Service ID is not set. Setting it to the default ID: omServiceIdDefault
2019-09-25 12:50:32,300 [main] INFO  om.OzoneManager (OzoneManager.java:setOMNodeDetails(658)) - OM Node ID is not set. Setting it to the OmStorage's OmID: 15c2908a-76fd-41a6-ab6f-e3eadba1f45e
2019-09-25 12:50:32,300 [main] INFO  om.OzoneManager (OzoneManager.java:loadOMHAConfigs(609)) - Found matching OM address with OMServiceId: null, OMNodeId: null, RPC Address: localhost:0 and Ratis port: 9872
2019-09-25 12:50:32,307 [main] WARN  server.ServerUtils (ServerUtils.java:getDBPath(222)) - ozone.om.db.dirs is not configured. We recommend adding this setting. Falling back to ozone.metadata.dirs instead.
2019-09-25 12:50:32,308 [main] INFO  db.DBStoreBuilder (DBStoreBuilder.java:addTable(110)) - using custom profile for table: userTable
2019-09-25 12:50:32,308 [main] INFO  db.DBStoreBuilder (DBStoreBuilder.java:processTables(161)) - Using default column profile:DBProfile.DISK for Table:userTable
2019-09-25 12:50:32,308 [main] INFO  db.DBStoreBuilder (DBStoreBuilder.java:addTable(110)) - using custom profile for table: volumeTable
2019-09-25 12:50:32,308 [main] INFO  db.DBStoreBuilder (DBStoreBuilder.java:processTables(161)) - Using default column profile:DBProfile.DISK for Table:volumeTable
2019-09-25 12:50:32,308 [main] INFO  db.DBStoreBuilder (DBStoreBuilder.java:addTable(110)) - using custom profile for table: bucketTable
2019-09-25 12:50:32,309 [main] INFO  db.DBStoreBuilder (DBStoreBuilder.java:processTables(161)) - Using default column profile:DBProfile.DISK for Table:bucketTable
2019-09-25 12:50:32,309 [main] INFO  db.DBStoreBuilder (DBStoreBuilder.java:addTable(110)) - using custom profile for table: keyTable
2019-09-25 12:50:32,309 [main] INFO  db.DBStoreBuilder (DBStoreBuilder.java:processTables(161)) - Using default column profile:DBProfile.DISK for Table:keyTable
2019-09-25 12:50:32,309 [main] INFO  db.DBStoreBuilder (DBStoreBuilder.java:addTable(110)) - using custom profile for table: deletedTable
2019-09-25 12:50:32,309 [main] INFO  db.DBStoreBuilder (DBStoreBuilder.java:processTables(161)) - Using default column profile:DBProfile.DISK for Table:deletedTable
2019-09-25 12:50:32,310 [main] INFO  db.DBStoreBuilder (DBStoreBuilder.java:addTable(110)) - using custom profile for table: openKeyTable
2019-09-25 12:50:32,310 [main] INFO  db.DBStoreBuilder (DBStoreBuilder.java:processTables(161)) - Using default column profile:DBProfile.DISK for Table:openKeyTable
2019-09-25 12:50:32,310 [main] INFO  db.DBStoreBuilder (DBStoreBuilder.java:addTable(110)) - using custom profile for table: s3Table
2019-09-25 12:50:32,310 [main] INFO  db.DBStoreBuilder (DBStoreBuilder.java:processTables(161)) - Using default column profile:DBProfile.DISK for Table:s3Table
2019-09-25 12:50:32,310 [main] INFO  db.DBStoreBuilder (DBStoreBuilder.java:addTable(110)) - using custom profile for table: multipartInfoTable
2019-09-25 12:50:32,310 [main] INFO  db.DBStoreBuilder (DBStoreBuilder.java:processTables(161)) - Using default column profile:DBProfile.DISK for Table:multipartInfoTable
2019-09-25 12:50:32,311 [main] INFO  db.DBStoreBuilder (DBStoreBuilder.java:addTable(110)) - using custom profile for table: dTokenTable
2019-09-25 12:50:32,311 [main] INFO  db.DBStoreBuilder (DBStoreBuilder.java:processTables(161)) - Using default column profile:DBProfile.DISK for Table:dTokenTable
2019-09-25 12:50:32,311 [main] INFO  db.DBStoreBuilder (DBStoreBuilder.java:addTable(110)) - using custom profile for table: s3SecretTable
2019-09-25 12:50:32,311 [main] INFO  db.DBStoreBuilder (DBStoreBuilder.java:processTables(161)) - Using default column profile:DBProfile.DISK for Table:s3SecretTable
2019-09-25 12:50:32,311 [main] INFO  db.DBStoreBuilder (DBStoreBuilder.java:addTable(110)) - using custom profile for table: prefixTable
2019-09-25 12:50:32,311 [main] INFO  db.DBStoreBuilder (DBStoreBuilder.java:processTables(161)) - Using default column profile:DBProfile.DISK for Table:prefixTable
2019-09-25 12:50:32,312 [main] INFO  db.DBStoreBuilder (DBStoreBuilder.java:addTable(110)) - using custom profile for table: default
2019-09-25 12:50:32,312 [main] INFO  db.DBStoreBuilder (DBStoreBuilder.java:processTables(167)) - Using default column profile:DBProfile.DISK for Table:default
2019-09-25 12:50:32,312 [main] INFO  db.DBStoreBuilder (DBStoreBuilder.java:getDbProfile(198)) - Using default options. DBProfile.DISK
2019-09-25 12:50:33,022 [main] INFO  ipc.CallQueueManager (CallQueueManager.java:<init>(84)) - Using callQueue: class java.util.concurrent.LinkedBlockingQueue, queueCapacity: 2000, scheduler: class org.apache.hadoop.ipc.DefaultRpcScheduler, ipcBackoff: false.
2019-09-25 12:50:33,023 [Socket Reader #1 for port 38237] INFO  ipc.Server (Server.java:run(1074)) - Starting Socket Reader #1 for port 38237
2019-09-25 12:50:33,051 [main] INFO  om.OzoneManager (OzoneManager.java:start(1243)) - OzoneManager RPC server is listening at localhost/127.0.0.1:38237
2019-09-25 12:50:33,052 [main] INFO  impl.MetricsSystemImpl (MetricsSystemImpl.java:init(158)) - OzoneManager metrics system started (again)
2019-09-25 12:50:33,052 [IPC Server Responder] INFO  ipc.Server (Server.java:run(1314)) - IPC Server Responder: starting
2019-09-25 12:50:33,052 [IPC Server listener on 38237] INFO  ipc.Server (Server.java:run(1153)) - IPC Server listener on 38237: starting
2019-09-25 12:50:33,069 [main] INFO  hdfs.DFSUtil (DFSUtil.java:httpServerTemplateForNNAndJN(1641)) - Starting Web-server for ozoneManager at: http://0.0.0.0:0
2019-09-25 12:50:33,071 [main] INFO  server.AuthenticationFilter (AuthenticationFilter.java:constructSecretProvider(240)) - Unable to initialize FileSignerSecretProvider, falling back to use random secrets.
2019-09-25 12:50:33,071 [main] WARN  http.HttpRequestLog (HttpRequestLog.java:getRequestLog(97)) - Jetty request log can only be enabled using Log4j
2019-09-25 12:50:33,073 [main] INFO  http.HttpServer2 (HttpServer2.java:addGlobalFilter(975)) - Added global filter 'safety' (class=org.apache.hadoop.http.HttpServer2$QuotingInputFilter)
2019-09-25 12:50:33,074 [main] INFO  http.HttpServer2 (HttpServer2.java:addFilter(948)) - Added filter static_user_filter (class=org.apache.hadoop.http.lib.StaticUserWebFilter$StaticUserFilter) to context ozoneManager
2019-09-25 12:50:33,074 [main] INFO  http.HttpServer2 (HttpServer2.java:addFilter(958)) - Added filter static_user_filter (class=org.apache.hadoop.http.lib.StaticUserWebFilter$StaticUserFilter) to context logs
2019-09-25 12:50:33,074 [main] INFO  http.HttpServer2 (HttpServer2.java:addFilter(958)) - Added filter static_user_filter (class=org.apache.hadoop.http.lib.StaticUserWebFilter$StaticUserFilter) to context static
2019-09-25 12:50:33,075 [main] INFO  http.HttpServer2 (HttpServer2.java:bindListener(1191)) - Jetty bound to port 35633
2019-09-25 12:50:33,075 [main] INFO  server.Server (Server.java:doStart(351)) - jetty-9.3.25.v20180904, build timestamp: 2018-09-04T21:11:46Z, git hash: 3ce520221d0240229c862b122d2b06c12a625732
2019-09-25 12:50:33,077 [main] INFO  handler.ContextHandler (ContextHandler.java:doStart(781)) - Started o.e.j.s.ServletContextHandler@78e043e4{/logs,file:///workdir/hadoop-ozone/ozonefs/target/log,AVAILABLE}
2019-09-25 12:50:33,077 [main] INFO  handler.ContextHandler (ContextHandler.java:doStart(781)) - Started o.e.j.s.ServletContextHandler@738a39cc{/static,jar:file:/home/user/.m2/repository/org/apache/hadoop/hadoop-ozone-ozone-manager/0.5.0-SNAPSHOT/hadoop-ozone-ozone-manager-0.5.0-SNAPSHOT.jar!/webapps/static,AVAILABLE}
2019-09-25 12:50:33,138 [main] INFO  handler.ContextHandler (ContextHandler.java:doStart(781)) - Started o.e.j.w.WebAppContext@22c29aa8{/,file:///tmp/jetty-0.0.0.0-35633-ozoneManager-_-any-8792252303212215030.dir/webapp/,AVAILABLE}{/ozoneManager}
2019-09-25 12:50:33,138 [main] INFO  server.AbstractConnector (AbstractConnector.java:doStart(278)) - Started ServerConnector@129b69b2{HTTP/1.1,[http/1.1]}{0.0.0.0:35633}
2019-09-25 12:50:33,138 [main] INFO  server.Server (Server.java:doStart(419)) - Started @191345ms
2019-09-25 12:50:33,141 [main] WARN  impl.MetricsSystemImpl (MetricsSystemImpl.java:register(276)) - Sink prometheus already exists!
2019-09-25 12:50:33,141 [main] INFO  server.BaseHttpServer (BaseHttpServer.java:updateConnectorAddress(215)) - HTTP server of OZONEMANAGER is listening at http://0.0.0.0:35633
2019-09-25 12:50:33,148 [main] INFO  impl.MetricsSystemImpl (MetricsSystemImpl.java:init(158)) - HddsDatanode metrics system started (again)
2019-09-25 12:50:33,157 [main] INFO  ozone.HddsDatanodeService (HddsDatanodeService.java:start(184)) - HddsDatanodeService host:pr-hdds-1569-shd4m-3693607622 ip:192.168.151.73
2019-09-25 12:50:33,165 [main] INFO  volume.HddsVolume (HddsVolume.java:<init>(176)) - Creating Volume: /workdir/hadoop-ozone/ozonefs/target/test-dir/MiniOzoneClusterImpl-028383c2-6c51-4333-b3cb-3be5769adaf6/datanode-0/data/containers/hdds of  storage type : DISK and capacity : 1482555576320
2019-09-25 12:50:33,165 [main] INFO  volume.VolumeSet (VolumeSet.java:initializeVolumeSet(170)) - Added Volume : /workdir/hadoop-ozone/ozonefs/target/test-dir/MiniOzoneClusterImpl-028383c2-6c51-4333-b3cb-3be5769adaf6/datanode-0/data/containers/hdds to VolumeSet
2019-09-25 12:50:33,165 [main] INFO  volume.ThrottledAsyncChecker (ThrottledAsyncChecker.java:schedule(139)) - Scheduling a check for org.apache.hadoop.ozone.container.common.volume.HddsVolume@2b6fcca1
2019-09-25 12:50:33,166 [main] INFO  volume.HddsVolumeChecker (HddsVolumeChecker.java:checkAllVolumes(202)) - Scheduled health check for volume org.apache.hadoop.ozone.container.common.volume.HddsVolume@2b6fcca1
2019-09-25 12:50:33,192 [main] INFO  impl.RaftServerProxy (ConfUtils.java:logGet(43)) - raft.rpc.type = GRPC (default)
2019-09-25 12:50:33,193 [main] INFO  grpc.GrpcFactory (GrpcFactory.java:checkPooledByteBufAllocatorUseCacheForAllThreads(45)) - PERFORMANCE WARNING: useCacheForAllThreads is true that may cause Netty to create a lot garbage objects and, as a result, trigger GC.
	It is recommended to disable useCacheForAllThreads by setting -Dorg.apache.ratis.thirdparty.io.netty.allocator.useCacheForAllThreads=false in command line.
2019-09-25 12:50:33,193 [main] INFO  grpc.GrpcConfigKeys$Server (ConfUtils.java:logGet(43)) - raft.grpc.server.port = 0 (default)
2019-09-25 12:50:33,193 [main] INFO  server.GrpcService (ConfUtils.java:logGet(43)) - raft.grpc.message.size.max = 33570816 (custom)
2019-09-25 12:50:33,194 [main] INFO  server.RaftServerConfigKeys (ConfUtils.java:logGet(43)) - raft.server.log.appender.buffer.byte-limit = 33554432 (custom)
2019-09-25 12:50:33,194 [main] INFO  server.GrpcService (ConfUtils.java:logGet(43)) - raft.grpc.flow.control.window = 1MB (=1048576) (default)
2019-09-25 12:50:33,194 [main] INFO  server.RaftServerConfigKeys (ConfUtils.java:logGet(43)) - raft.server.rpc.request.timeout = 3000ms (default)
2019-09-25 12:50:33,195 [main] INFO  server.RaftServerConfigKeys (ConfUtils.java:logGet(43)) - raft.server.storage.dir = [/workdir/hadoop-ozone/ozonefs/target/test-dir/MiniOzoneClusterImpl-028383c2-6c51-4333-b3cb-3be5769adaf6/datanode-0/data/ratis] (custom)
2019-09-25 12:50:33,197 [main] INFO  hdfs.DFSUtil (DFSUtil.java:httpServerTemplateForNNAndJN(1641)) - Starting Web-server for hddsDatanode at: http://0.0.0.0:0
2019-09-25 12:50:33,203 [main] INFO  server.AuthenticationFilter (AuthenticationFilter.java:constructSecretProvider(240)) - Unable to initialize FileSignerSecretProvider, falling back to use random secrets.
2019-09-25 12:50:33,204 [main] WARN  http.HttpRequestLog (HttpRequestLog.java:getRequestLog(97)) - Jetty request log can only be enabled using Log4j
2019-09-25 12:50:33,205 [main] INFO  http.HttpServer2 (HttpServer2.java:addGlobalFilter(975)) - Added global filter 'safety' (class=org.apache.hadoop.http.HttpServer2$QuotingInputFilter)
2019-09-25 12:50:33,206 [main] INFO  http.HttpServer2 (HttpServer2.java:addFilter(948)) - Added filter static_user_filter (class=org.apache.hadoop.http.lib.StaticUserWebFilter$StaticUserFilter) to context hddsDatanode
2019-09-25 12:50:33,206 [main] INFO  http.HttpServer2 (HttpServer2.java:addFilter(958)) - Added filter static_user_filter (class=org.apache.hadoop.http.lib.StaticUserWebFilter$StaticUserFilter) to context logs
2019-09-25 12:50:33,206 [main] INFO  http.HttpServer2 (HttpServer2.java:addFilter(958)) - Added filter static_user_filter (class=org.apache.hadoop.http.lib.StaticUserWebFilter$StaticUserFilter) to context static
2019-09-25 12:50:33,207 [main] INFO  http.HttpServer2 (HttpServer2.java:bindListener(1191)) - Jetty bound to port 32797
2019-09-25 12:50:33,207 [main] INFO  server.Server (Server.java:doStart(351)) - jetty-9.3.25.v20180904, build timestamp: 2018-09-04T21:11:46Z, git hash: 3ce520221d0240229c862b122d2b06c12a625732
2019-09-25 12:50:33,209 [main] INFO  handler.ContextHandler (ContextHandler.java:doStart(781)) - Started o.e.j.s.ServletContextHandler@2f6e92ca{/logs,file:///workdir/hadoop-ozone/ozonefs/target/log,AVAILABLE}
2019-09-25 12:50:33,209 [main] INFO  handler.ContextHandler (ContextHandler.java:doStart(781)) - Started o.e.j.s.ServletContextHandler@114b203{/static,jar:file:/home/user/.m2/repository/org/apache/hadoop/hadoop-hdds-container-service/0.5.0-SNAPSHOT/hadoop-hdds-container-service-0.5.0-SNAPSHOT.jar!/webapps/static,AVAILABLE}
2019-09-25 12:50:33,242 [main] INFO  handler.ContextHandler (ContextHandler.java:doStart(781)) - Started o.e.j.w.WebAppContext@5477d90e{/,file:///tmp/jetty-0.0.0.0-32797-hddsDatanode-_-any-9163587344117780610.dir/webapp/,AVAILABLE}{/hddsDatanode}
2019-09-25 12:50:33,244 [main] INFO  server.AbstractConnector (AbstractConnector.java:doStart(278)) - Started ServerConnector@6dc9a56e{HTTP/1.1,[http/1.1]}{0.0.0.0:32797}
2019-09-25 12:50:33,245 [main] INFO  server.Server (Server.java:doStart(419)) - Started @191451ms
2019-09-25 12:50:33,245 [main] WARN  impl.MetricsSystemImpl (MetricsSystemImpl.java:register(276)) - Sink prometheus already exists!
2019-09-25 12:50:33,246 [main] INFO  server.BaseHttpServer (BaseHttpServer.java:updateConnectorAddress(215)) - HTTP server of HDDSDATANODE is listening at http://0.0.0.0:32797
2019-09-25 12:50:33,247 [main] INFO  impl.MetricsSystemImpl (MetricsSystemImpl.java:init(158)) - HddsDatanode metrics system started (again)
2019-09-25 12:50:33,255 [org.apache.hadoop.util.JvmPauseMonitor$Monitor@27c452dd] INFO  util.JvmPauseMonitor (JvmPauseMonitor.java:run(188)) - Starting JVM pause monitor
2019-09-25 12:50:33,256 [main] INFO  ozone.HddsDatanodeService (HddsDatanodeService.java:start(184)) - HddsDatanodeService host:pr-hdds-1569-shd4m-3693607622 ip:192.168.151.73
2019-09-25 12:50:33,257 [Datanode State Machine Thread - 0] INFO  datanode.InitDatanodeState (InitDatanodeState.java:persistContainerDatanodeDetails(140)) - DatanodeDetails is persisted to /workdir/hadoop-ozone/ozonefs/target/test-dir/MiniOzoneClusterImpl-028383c2-6c51-4333-b3cb-3be5769adaf6/datanode-0/meta/datanode.id
2019-09-25 12:50:33,263 [main] INFO  volume.HddsVolume (HddsVolume.java:<init>(176)) - Creating Volume: /workdir/hadoop-ozone/ozonefs/target/test-dir/MiniOzoneClusterImpl-028383c2-6c51-4333-b3cb-3be5769adaf6/datanode-1/data/containers/hdds of  storage type : DISK and capacity : 1482555576320
2019-09-25 12:50:33,263 [main] INFO  volume.VolumeSet (VolumeSet.java:initializeVolumeSet(170)) - Added Volume : /workdir/hadoop-ozone/ozonefs/target/test-dir/MiniOzoneClusterImpl-028383c2-6c51-4333-b3cb-3be5769adaf6/datanode-1/data/containers/hdds to VolumeSet
2019-09-25 12:50:33,263 [main] INFO  volume.ThrottledAsyncChecker (ThrottledAsyncChecker.java:schedule(139)) - Scheduling a check for org.apache.hadoop.ozone.container.common.volume.HddsVolume@60e47aab
2019-09-25 12:50:33,264 [main] INFO  volume.HddsVolumeChecker (HddsVolumeChecker.java:checkAllVolumes(202)) - Scheduled health check for volume org.apache.hadoop.ozone.container.common.volume.HddsVolume@60e47aab
2019-09-25 12:50:33,283 [main] INFO  impl.RaftServerProxy (ConfUtils.java:logGet(43)) - raft.rpc.type = GRPC (default)
2019-09-25 12:50:33,283 [main] INFO  grpc.GrpcFactory (GrpcFactory.java:checkPooledByteBufAllocatorUseCacheForAllThreads(45)) - PERFORMANCE WARNING: useCacheForAllThreads is true that may cause Netty to create a lot garbage objects and, as a result, trigger GC.
	It is recommended to disable useCacheForAllThreads by setting -Dorg.apache.ratis.thirdparty.io.netty.allocator.useCacheForAllThreads=false in command line.
2019-09-25 12:50:33,283 [main] INFO  grpc.GrpcConfigKeys$Server (ConfUtils.java:logGet(43)) - raft.grpc.server.port = 0 (default)
2019-09-25 12:50:33,283 [main] INFO  server.GrpcService (ConfUtils.java:logGet(43)) - raft.grpc.message.size.max = 33570816 (custom)
2019-09-25 12:50:33,283 [main] INFO  server.RaftServerConfigKeys (ConfUtils.java:logGet(43)) - raft.server.log.appender.buffer.byte-limit = 33554432 (custom)
2019-09-25 12:50:33,284 [main] INFO  server.GrpcService (ConfUtils.java:logGet(43)) - raft.grpc.flow.control.window = 1MB (=1048576) (default)
2019-09-25 12:50:33,284 [main] INFO  server.RaftServerConfigKeys (ConfUtils.java:logGet(43)) - raft.server.rpc.request.timeout = 3000ms (default)
2019-09-25 12:50:33,284 [main] INFO  server.RaftServerConfigKeys (ConfUtils.java:logGet(43)) - raft.server.storage.dir = [/workdir/hadoop-ozone/ozonefs/target/test-dir/MiniOzoneClusterImpl-028383c2-6c51-4333-b3cb-3be5769adaf6/datanode-1/data/ratis] (custom)
2019-09-25 12:50:33,285 [main] INFO  hdfs.DFSUtil (DFSUtil.java:httpServerTemplateForNNAndJN(1641)) - Starting Web-server for hddsDatanode at: http://0.0.0.0:0
2019-09-25 12:50:33,287 [main] INFO  server.AuthenticationFilter (AuthenticationFilter.java:constructSecretProvider(240)) - Unable to initialize FileSignerSecretProvider, falling back to use random secrets.
2019-09-25 12:50:33,287 [main] WARN  http.HttpRequestLog (HttpRequestLog.java:getRequestLog(97)) - Jetty request log can only be enabled using Log4j
2019-09-25 12:50:33,288 [main] INFO  http.HttpServer2 (HttpServer2.java:addGlobalFilter(975)) - Added global filter 'safety' (class=org.apache.hadoop.http.HttpServer2$QuotingInputFilter)
2019-09-25 12:50:33,289 [main] INFO  http.HttpServer2 (HttpServer2.java:addFilter(948)) - Added filter static_user_filter (class=org.apache.hadoop.http.lib.StaticUserWebFilter$StaticUserFilter) to context hddsDatanode
2019-09-25 12:50:33,289 [main] INFO  http.HttpServer2 (HttpServer2.java:addFilter(958)) - Added filter static_user_filter (class=org.apache.hadoop.http.lib.StaticUserWebFilter$StaticUserFilter) to context logs
2019-09-25 12:50:33,289 [main] INFO  http.HttpServer2 (HttpServer2.java:addFilter(958)) - Added filter static_user_filter (class=org.apache.hadoop.http.lib.StaticUserWebFilter$StaticUserFilter) to context static
2019-09-25 12:50:33,290 [main] INFO  http.HttpServer2 (HttpServer2.java:bindListener(1191)) - Jetty bound to port 42627
2019-09-25 12:50:33,290 [main] INFO  server.Server (Server.java:doStart(351)) - jetty-9.3.25.v20180904, build timestamp: 2018-09-04T21:11:46Z, git hash: 3ce520221d0240229c862b122d2b06c12a625732
2019-09-25 12:50:33,292 [main] INFO  handler.ContextHandler (ContextHandler.java:doStart(781)) - Started o.e.j.s.ServletContextHandler@fbbd90c{/logs,file:///workdir/hadoop-ozone/ozonefs/target/log,AVAILABLE}
2019-09-25 12:50:33,292 [main] INFO  handler.ContextHandler (ContextHandler.java:doStart(781)) - Started o.e.j.s.ServletContextHandler@559e3f67{/static,jar:file:/home/user/.m2/repository/org/apache/hadoop/hadoop-hdds-container-service/0.5.0-SNAPSHOT/hadoop-hdds-container-service-0.5.0-SNAPSHOT.jar!/webapps/static,AVAILABLE}
2019-09-25 12:50:33,315 [main] INFO  handler.ContextHandler (ContextHandler.java:doStart(781)) - Started o.e.j.w.WebAppContext@31533eb1{/,file:///tmp/jetty-0.0.0.0-42627-hddsDatanode-_-any-2822676474140892417.dir/webapp/,AVAILABLE}{/hddsDatanode}
2019-09-25 12:50:33,315 [main] INFO  server.AbstractConnector (AbstractConnector.java:doStart(278)) - Started ServerConnector@1fb71788{HTTP/1.1,[http/1.1]}{0.0.0.0:42627}
2019-09-25 12:50:33,317 [main] INFO  server.Server (Server.java:doStart(419)) - Started @191524ms
2019-09-25 12:50:33,317 [main] WARN  impl.MetricsSystemImpl (MetricsSystemImpl.java:register(276)) - Sink prometheus already exists!
2019-09-25 12:50:33,318 [main] INFO  server.BaseHttpServer (BaseHttpServer.java:updateConnectorAddress(215)) - HTTP server of HDDSDATANODE is listening at http://0.0.0.0:42627
2019-09-25 12:50:33,318 [main] INFO  impl.MetricsSystemImpl (MetricsSystemImpl.java:init(158)) - HddsDatanode metrics system started (again)
2019-09-25 12:50:33,326 [org.apache.hadoop.util.JvmPauseMonitor$Monitor@4ab400b0] INFO  util.JvmPauseMonitor (JvmPauseMonitor.java:run(188)) - Starting JVM pause monitor
2019-09-25 12:50:33,327 [main] INFO  ozone.HddsDatanodeService (HddsDatanodeService.java:start(184)) - HddsDatanodeService host:pr-hdds-1569-shd4m-3693607622 ip:192.168.151.73
2019-09-25 12:50:33,328 [Datanode State Machine Thread - 0] INFO  datanode.InitDatanodeState (InitDatanodeState.java:persistContainerDatanodeDetails(140)) - DatanodeDetails is persisted to /workdir/hadoop-ozone/ozonefs/target/test-dir/MiniOzoneClusterImpl-028383c2-6c51-4333-b3cb-3be5769adaf6/datanode-1/meta/datanode.id
2019-09-25 12:50:33,334 [main] INFO  volume.HddsVolume (HddsVolume.java:<init>(176)) - Creating Volume: /workdir/hadoop-ozone/ozonefs/target/test-dir/MiniOzoneClusterImpl-028383c2-6c51-4333-b3cb-3be5769adaf6/datanode-2/data/containers/hdds of  storage type : DISK and capacity : 1482555576320
2019-09-25 12:50:33,334 [main] INFO  volume.VolumeSet (VolumeSet.java:initializeVolumeSet(170)) - Added Volume : /workdir/hadoop-ozone/ozonefs/target/test-dir/MiniOzoneClusterImpl-028383c2-6c51-4333-b3cb-3be5769adaf6/datanode-2/data/containers/hdds to VolumeSet
2019-09-25 12:50:33,334 [main] INFO  volume.ThrottledAsyncChecker (ThrottledAsyncChecker.java:schedule(139)) - Scheduling a check for org.apache.hadoop.ozone.container.common.volume.HddsVolume@6ec3a4c2
2019-09-25 12:50:33,334 [main] INFO  volume.HddsVolumeChecker (HddsVolumeChecker.java:checkAllVolumes(202)) - Scheduled health check for volume org.apache.hadoop.ozone.container.common.volume.HddsVolume@6ec3a4c2
2019-09-25 12:50:33,351 [main] INFO  impl.RaftServerProxy (ConfUtils.java:logGet(43)) - raft.rpc.type = GRPC (default)
2019-09-25 12:50:33,352 [main] INFO  grpc.GrpcFactory (GrpcFactory.java:checkPooledByteBufAllocatorUseCacheForAllThreads(45)) - PERFORMANCE WARNING: useCacheForAllThreads is true that may cause Netty to create a lot garbage objects and, as a result, trigger GC.
	It is recommended to disable useCacheForAllThreads by setting -Dorg.apache.ratis.thirdparty.io.netty.allocator.useCacheForAllThreads=false in command line.
2019-09-25 12:50:33,352 [main] INFO  grpc.GrpcConfigKeys$Server (ConfUtils.java:logGet(43)) - raft.grpc.server.port = 0 (default)
2019-09-25 12:50:33,352 [main] INFO  server.GrpcService (ConfUtils.java:logGet(43)) - raft.grpc.message.size.max = 33570816 (custom)
2019-09-25 12:50:33,352 [main] INFO  server.RaftServerConfigKeys (ConfUtils.java:logGet(43)) - raft.server.log.appender.buffer.byte-limit = 33554432 (custom)
2019-09-25 12:50:33,352 [main] INFO  server.GrpcService (ConfUtils.java:logGet(43)) - raft.grpc.flow.control.window = 1MB (=1048576) (default)
2019-09-25 12:50:33,352 [main] INFO  server.RaftServerConfigKeys (ConfUtils.java:logGet(43)) - raft.server.rpc.request.timeout = 3000ms (default)
2019-09-25 12:50:33,353 [main] INFO  server.RaftServerConfigKeys (ConfUtils.java:logGet(43)) - raft.server.storage.dir = [/workdir/hadoop-ozone/ozonefs/target/test-dir/MiniOzoneClusterImpl-028383c2-6c51-4333-b3cb-3be5769adaf6/datanode-2/data/ratis] (custom)
2019-09-25 12:50:33,354 [main] INFO  hdfs.DFSUtil (DFSUtil.java:httpServerTemplateForNNAndJN(1641)) - Starting Web-server for hddsDatanode at: http://0.0.0.0:0
2019-09-25 12:50:33,355 [main] INFO  server.AuthenticationFilter (AuthenticationFilter.java:constructSecretProvider(240)) - Unable to initialize FileSignerSecretProvider, falling back to use random secrets.
2019-09-25 12:50:33,355 [main] WARN  http.HttpRequestLog (HttpRequestLog.java:getRequestLog(97)) - Jetty request log can only be enabled using Log4j
2019-09-25 12:50:33,356 [main] INFO  http.HttpServer2 (HttpServer2.java:addGlobalFilter(975)) - Added global filter 'safety' (class=org.apache.hadoop.http.HttpServer2$QuotingInputFilter)
2019-09-25 12:50:33,356 [main] INFO  http.HttpServer2 (HttpServer2.java:addFilter(948)) - Added filter static_user_filter (class=org.apache.hadoop.http.lib.StaticUserWebFilter$StaticUserFilter) to context hddsDatanode
2019-09-25 12:50:33,357 [main] INFO  http.HttpServer2 (HttpServer2.java:addFilter(958)) - Added filter static_user_filter (class=org.apache.hadoop.http.lib.StaticUserWebFilter$StaticUserFilter) to context static
2019-09-25 12:50:33,357 [main] INFO  http.HttpServer2 (HttpServer2.java:addFilter(958)) - Added filter static_user_filter (class=org.apache.hadoop.http.lib.StaticUserWebFilter$StaticUserFilter) to context logs
2019-09-25 12:50:33,357 [main] INFO  http.HttpServer2 (HttpServer2.java:bindListener(1191)) - Jetty bound to port 42691
2019-09-25 12:50:33,357 [main] INFO  server.Server (Server.java:doStart(351)) - jetty-9.3.25.v20180904, build timestamp: 2018-09-04T21:11:46Z, git hash: 3ce520221d0240229c862b122d2b06c12a625732
2019-09-25 12:50:33,359 [main] INFO  handler.ContextHandler (ContextHandler.java:doStart(781)) - Started o.e.j.s.ServletContextHandler@54387873{/logs,file:///workdir/hadoop-ozone/ozonefs/target/log,AVAILABLE}
2019-09-25 12:50:33,359 [main] INFO  handler.ContextHandler (ContextHandler.java:doStart(781)) - Started o.e.j.s.ServletContextHandler@fd5689d{/static,jar:file:/home/user/.m2/repository/org/apache/hadoop/hadoop-hdds-container-service/0.5.0-SNAPSHOT/hadoop-hdds-container-service-0.5.0-SNAPSHOT.jar!/webapps/static,AVAILABLE}
2019-09-25 12:50:33,381 [main] INFO  handler.ContextHandler (ContextHandler.java:doStart(781)) - Started o.e.j.w.WebAppContext@6f4d2294{/,file:///tmp/jetty-0.0.0.0-42691-hddsDatanode-_-any-5106134972615078226.dir/webapp/,AVAILABLE}{/hddsDatanode}
2019-09-25 12:50:33,381 [main] INFO  server.AbstractConnector (AbstractConnector.java:doStart(278)) - Started ServerConnector@22361e23{HTTP/1.1,[http/1.1]}{0.0.0.0:42691}
2019-09-25 12:50:33,381 [main] INFO  server.Server (Server.java:doStart(419)) - Started @191588ms
2019-09-25 12:50:33,383 [main] WARN  impl.MetricsSystemImpl (MetricsSystemImpl.java:register(276)) - Sink prometheus already exists!
2019-09-25 12:50:33,384 [main] INFO  server.BaseHttpServer (BaseHttpServer.java:updateConnectorAddress(215)) - HTTP server of HDDSDATANODE is listening at http://0.0.0.0:42691
2019-09-25 12:50:33,384 [main] INFO  ozone.MiniOzoneClusterImpl (MiniOzoneClusterImpl.java:lambda$waitForClusterToBeReady$0(147)) - Waiting for cluster to be ready. Got 0 of 3 DN Heartbeats.
2019-09-25 12:50:33,386 [org.apache.hadoop.util.JvmPauseMonitor$Monitor@7f4180d2] INFO  util.JvmPauseMonitor (JvmPauseMonitor.java:run(188)) - Starting JVM pause monitor
2019-09-25 12:50:33,387 [Datanode State Machine Thread - 0] INFO  datanode.InitDatanodeState (InitDatanodeState.java:persistContainerDatanodeDetails(140)) - DatanodeDetails is persisted to /workdir/hadoop-ozone/ozonefs/target/test-dir/MiniOzoneClusterImpl-028383c2-6c51-4333-b3cb-3be5769adaf6/datanode-2/meta/datanode.id
2019-09-25 12:50:34,384 [main] INFO  ozone.MiniOzoneClusterImpl (MiniOzoneClusterImpl.java:lambda$waitForClusterToBeReady$0(147)) - Waiting for cluster to be ready. Got 0 of 3 DN Heartbeats.
2019-09-25 12:50:35,298 [Datanode State Machine Thread - 0] INFO  ozoneimpl.OzoneContainer (OzoneContainer.java:start(217)) - Attempting to start container services.
2019-09-25 12:50:35,298 [Datanode State Machine Thread - 0] INFO  ozoneimpl.OzoneContainer (OzoneContainer.java:startContainerScrub(179)) - Background container scanner has been disabled.
2019-09-25 12:50:35,299 [Datanode State Machine Thread - 0] INFO  ratis.XceiverServerRatis (XceiverServerRatis.java:start(411)) - Starting XceiverServerRatis e2881642-7086-41b8-be0c-1552e0fbdc2f at port 0
2019-09-25 12:50:35,304 [Datanode State Machine Thread - 0] INFO  impl.RaftServerProxy (RaftServerProxy.java:lambda$start$3(299)) - e2881642-7086-41b8-be0c-1552e0fbdc2f: start RPC server
2019-09-25 12:50:35,306 [Datanode State Machine Thread - 0] INFO  server.GrpcService (GrpcService.java:startImpl(158)) - e2881642-7086-41b8-be0c-1552e0fbdc2f: GrpcService started, listening on 0.0.0.0/0.0.0.0:33020
2019-09-25 12:50:35,306 [Datanode State Machine Thread - 0] INFO  ratis.XceiverServerRatis (XceiverServerRatis.java:start(421)) - XceiverServerRatis e2881642-7086-41b8-be0c-1552e0fbdc2f is started using port 33020
2019-09-25 12:50:35,306 [Datanode State Machine Thread - 0] INFO  server.XceiverServerGrpc (XceiverServerGrpc.java:start(149)) - XceiverServerGrpc e2881642-7086-41b8-be0c-1552e0fbdc2f is started using port 44703
2019-09-25 12:50:35,360 [Datanode State Machine Thread - 0] INFO  ozoneimpl.OzoneContainer (OzoneContainer.java:start(217)) - Attempting to start container services.
2019-09-25 12:50:35,361 [Datanode State Machine Thread - 0] INFO  ozoneimpl.OzoneContainer (OzoneContainer.java:startContainerScrub(179)) - Background container scanner has been disabled.
2019-09-25 12:50:35,361 [Datanode State Machine Thread - 0] INFO  ratis.XceiverServerRatis (XceiverServerRatis.java:start(411)) - Starting XceiverServerRatis 38a1a6d0-28dd-4b7e-bb0d-311102a68b97 at port 0
2019-09-25 12:50:35,365 [Datanode State Machine Thread - 0] INFO  impl.RaftServerProxy (RaftServerProxy.java:lambda$start$3(299)) - 38a1a6d0-28dd-4b7e-bb0d-311102a68b97: start RPC server
2019-09-25 12:50:35,366 [Datanode State Machine Thread - 0] INFO  server.GrpcService (GrpcService.java:startImpl(158)) - 38a1a6d0-28dd-4b7e-bb0d-311102a68b97: GrpcService started, listening on 0.0.0.0/0.0.0.0:33076
2019-09-25 12:50:35,366 [Datanode State Machine Thread - 0] INFO  ratis.XceiverServerRatis (XceiverServerRatis.java:start(421)) - XceiverServerRatis 38a1a6d0-28dd-4b7e-bb0d-311102a68b97 is started using port 33076
2019-09-25 12:50:35,366 [Datanode State Machine Thread - 0] INFO  server.XceiverServerGrpc (XceiverServerGrpc.java:start(149)) - XceiverServerGrpc 38a1a6d0-28dd-4b7e-bb0d-311102a68b97 is started using port 33893
2019-09-25 12:50:35,385 [main] INFO  ozone.MiniOzoneClusterImpl (MiniOzoneClusterImpl.java:lambda$waitForClusterToBeReady$0(147)) - Waiting for cluster to be ready. Got 0 of 3 DN Heartbeats.
2019-09-25 12:50:35,399 [Datanode State Machine Thread - 0] INFO  ozoneimpl.OzoneContainer (OzoneContainer.java:start(217)) - Attempting to start container services.
2019-09-25 12:50:35,399 [Datanode State Machine Thread - 0] INFO  ozoneimpl.OzoneContainer (OzoneContainer.java:startContainerScrub(179)) - Background container scanner has been disabled.
2019-09-25 12:50:35,399 [Datanode State Machine Thread - 0] INFO  ratis.XceiverServerRatis (XceiverServerRatis.java:start(411)) - Starting XceiverServerRatis a1f05ce6-455b-45cd-b03d-5d245a8627a2 at port 0
2019-09-25 12:50:35,404 [Datanode State Machine Thread - 0] INFO  impl.RaftServerProxy (RaftServerProxy.java:lambda$start$3(299)) - a1f05ce6-455b-45cd-b03d-5d245a8627a2: start RPC server
2019-09-25 12:50:35,405 [Datanode State Machine Thread - 0] INFO  server.GrpcService (GrpcService.java:startImpl(158)) - a1f05ce6-455b-45cd-b03d-5d245a8627a2: GrpcService started, listening on 0.0.0.0/0.0.0.0:32959
2019-09-25 12:50:35,405 [Datanode State Machine Thread - 0] INFO  ratis.XceiverServerRatis (XceiverServerRatis.java:start(421)) - XceiverServerRatis a1f05ce6-455b-45cd-b03d-5d245a8627a2 is started using port 32959
2019-09-25 12:50:35,405 [Datanode State Machine Thread - 0] INFO  server.XceiverServerGrpc (XceiverServerGrpc.java:start(149)) - XceiverServerGrpc a1f05ce6-455b-45cd-b03d-5d245a8627a2 is started using port 40342
2019-09-25 12:50:36,385 [main] INFO  ozone.MiniOzoneClusterImpl (MiniOzoneClusterImpl.java:lambda$waitForClusterToBeReady$0(147)) - Waiting for cluster to be ready. Got 0 of 3 DN Heartbeats.
2019-09-25 12:50:37,261 [IPC Server handler 2 on 40231] INFO  net.NetworkTopology (NetworkTopologyImpl.java:add(111)) - Added a new node: /default-rack/e2881642-7086-41b8-be0c-1552e0fbdc2f
2019-09-25 12:50:37,263 [IPC Server handler 2 on 40231] INFO  node.SCMNodeManager (SCMNodeManager.java:register(266)) - Registered Data node : e2881642-7086-41b8-be0c-1552e0fbdc2f{ip: 192.168.151.73, host: pr-hdds-1569-shd4m-3693607622, networkLocation: /default-rack, certSerialId: null}
2019-09-25 12:50:37,264 [EventQueue-NodeRegistrationContainerReportForDataNodeSafeModeRule] INFO  safemode.SCMSafeModeManager (DataNodeSafeModeRule.java:process(71)) - SCM in safe mode. 1 DataNodes registered, 1 required.
2019-09-25 12:50:37,267 [EventQueue-NodeRegistrationContainerReportForContainerSafeModeRule] INFO  safemode.SCMSafeModeManager (SCMSafeModeManager.java:validateSafeModeExitRules(177)) - ScmSafeModeManager, all rules are successfully validated
2019-09-25 12:50:37,267 [EventQueue-NodeRegistrationContainerReportForContainerSafeModeRule] INFO  safemode.SCMSafeModeManager (SCMSafeModeManager.java:exitSafeMode(193)) - SCM exiting safe mode.
2019-09-25 12:50:37,277 [grpc-default-executor-0] INFO  impl.RaftServerProxy (RaftServerProxy.java:addNew(89)) - e2881642-7086-41b8-be0c-1552e0fbdc2f: addNew group-D3817FCEB729:[e2881642-7086-41b8-be0c-1552e0fbdc2f:192.168.151.73:33020] returns group-D3817FCEB729:java.util.concurrent.CompletableFuture@5f78bc51[Not completed]
2019-09-25 12:50:37,279 [pool-577-thread-1] INFO  impl.RaftServerImpl (RaftServerImpl.java:<init>(95)) - e2881642-7086-41b8-be0c-1552e0fbdc2f: new RaftServerImpl for group-D3817FCEB729:[e2881642-7086-41b8-be0c-1552e0fbdc2f:192.168.151.73:33020] with ContainerStateMachine:uninitialized
2019-09-25 12:50:37,279 [pool-577-thread-1] INFO  server.RaftServerConfigKeys (ConfUtils.java:logGet(43)) - raft.server.rpc.timeout.min = 5s (custom)
2019-09-25 12:50:37,279 [pool-577-thread-1] INFO  server.RaftServerConfigKeys (ConfUtils.java:logGet(43)) - raft.server.rpc.timeout.max = 5200ms (custom)
2019-09-25 12:50:37,279 [pool-577-thread-1] INFO  server.RaftServerConfigKeys (ConfUtils.java:logGet(43)) - raft.server.rpcslowness.timeout = 120s (custom)
2019-09-25 12:50:37,279 [pool-577-thread-1] INFO  server.RaftServerConfigKeys (ConfUtils.java:logGet(43)) - raft.server.sleep.deviation.threshold = 300 (default)
2019-09-25 12:50:37,279 [pool-577-thread-1] INFO  server.RaftServerConfigKeys (ConfUtils.java:logGet(43)) - raft.server.log.appender.install.snapshot.enabled = false (custom)
2019-09-25 12:50:37,280 [pool-577-thread-1] INFO  impl.RaftServerImpl (ServerState.java:<init>(103)) - e2881642-7086-41b8-be0c-1552e0fbdc2f@group-D3817FCEB729: ConfigurationManager, init=-1: [e2881642-7086-41b8-be0c-1552e0fbdc2f:192.168.151.73:33020], old=null, confs=<EMPTY_MAP>
2019-09-25 12:50:37,280 [pool-577-thread-1] INFO  server.RaftServerConfigKeys (ConfUtils.java:logGet(43)) - raft.server.storage.dir = [/workdir/hadoop-ozone/ozonefs/target/test-dir/MiniOzoneClusterImpl-028383c2-6c51-4333-b3cb-3be5769adaf6/datanode-0/data/ratis] (custom)
2019-09-25 12:50:37,281 [pool-577-thread-1] INFO  storage.RaftStorageDirectory (RaftStorageDirectory.java:analyzeStorage(246)) - The storage directory /workdir/hadoop-ozone/ozonefs/target/test-dir/MiniOzoneClusterImpl-028383c2-6c51-4333-b3cb-3be5769adaf6/datanode-0/data/ratis/2395efa4-5195-477a-965f-d3817fceb729 does not exist. Creating ...
2019-09-25 12:50:37,294 [pool-577-thread-1] INFO  storage.RaftStorageDirectory (RaftStorageDirectory.java:tryLock(328)) - Lock on /workdir/hadoop-ozone/ozonefs/target/test-dir/MiniOzoneClusterImpl-028383c2-6c51-4333-b3cb-3be5769adaf6/datanode-0/data/ratis/2395efa4-5195-477a-965f-d3817fceb729/in_use.lock acquired by nodename 24831@pr-hdds-1569-shd4m-3693607622
2019-09-25 12:50:37,306 [pool-577-thread-1] INFO  storage.RaftStorage (RaftStorage.java:format(72)) - Storage directory /workdir/hadoop-ozone/ozonefs/target/test-dir/MiniOzoneClusterImpl-028383c2-6c51-4333-b3cb-3be5769adaf6/datanode-0/data/ratis/2395efa4-5195-477a-965f-d3817fceb729 has been successfully formatted.
2019-09-25 12:50:37,307 [pool-577-thread-1] INFO  ratis.ContainerStateMachine (ContainerStateMachine.java:loadSnapshot(230)) - group-D3817FCEB729: The snapshot info is null. Setting the last applied indexto:(t:0, i:~)
2019-09-25 12:50:37,307 [pool-577-thread-1] INFO  server.RaftServerConfigKeys (ConfUtils.java:logGet(43)) - raft.server.notification.no-leader.timeout = 120s (custom)
2019-09-25 12:50:37,307 [pool-577-thread-1] INFO  server.RaftServerConfigKeys (ConfUtils.java:logGet(43)) - raft.server.log.use.memory = false (default)
2019-09-25 12:50:37,307 [pool-577-thread-1] INFO  server.RaftServerConfigKeys (ConfUtils.java:logGet(43)) - raft.server.log.purge.gap = 1000000 (custom)
2019-09-25 12:50:37,307 [pool-577-thread-1] INFO  server.RaftServerConfigKeys (ConfUtils.java:logGet(43)) - raft.server.log.appender.buffer.byte-limit = 33554432 (custom)
2019-09-25 12:50:37,308 [pool-577-thread-1] INFO  server.RaftServerConfigKeys (ConfUtils.java:logGet(43)) - raft.server.log.segment.size.max = 1048576 (custom)
2019-09-25 12:50:37,308 [pool-577-thread-1] INFO  server.RaftServerConfigKeys (ConfUtils.java:logGet(43)) - raft.server.log.segment.cache.num.max = 2 (custom)
2019-09-25 12:50:37,308 [pool-577-thread-1] INFO  segmented.SegmentedRaftLogWorker (SegmentedRaftLogWorker.java:<init>(172)) - new e2881642-7086-41b8-be0c-1552e0fbdc2f@group-D3817FCEB729-SegmentedRaftLogWorker for RaftStorage:Storage Directory /workdir/hadoop-ozone/ozonefs/target/test-dir/MiniOzoneClusterImpl-028383c2-6c51-4333-b3cb-3be5769adaf6/datanode-0/data/ratis/2395efa4-5195-477a-965f-d3817fceb729
2019-09-25 12:50:37,310 [pool-577-thread-1] INFO  server.RaftServerConfigKeys (ConfUtils.java:logGet(43)) - raft.server.log.queue.byte-limit = 2147483647 (custom)
2019-09-25 12:50:37,310 [pool-577-thread-1] INFO  server.RaftServerConfigKeys (ConfUtils.java:logGet(43)) - raft.server.log.queue.element-limit = 1024 (custom)
2019-09-25 12:50:37,310 [pool-577-thread-1] INFO  server.RaftServerConfigKeys (ConfUtils.java:logGet(43)) - raft.server.log.segment.size.max = 1048576 (custom)
2019-09-25 12:50:37,310 [pool-577-thread-1] INFO  server.RaftServerConfigKeys (ConfUtils.java:logGet(43)) - raft.server.log.preallocated.size = 16384 (custom)
2019-09-25 12:50:37,310 [pool-577-thread-1] INFO  server.RaftServerConfigKeys (ConfUtils.java:logGet(43)) - raft.server.log.write.buffer.size = 33554432 (custom)
2019-09-25 12:50:37,310 [pool-577-thread-1] INFO  server.RaftServerConfigKeys (ConfUtils.java:logGet(43)) - raft.server.log.force.sync.num = 128 (default)
2019-09-25 12:50:37,310 [pool-577-thread-1] INFO  server.RaftServerConfigKeys (ConfUtils.java:logGet(43)) - raft.server.log.statemachine.data.sync = true (default)
2019-09-25 12:50:37,311 [pool-577-thread-1] INFO  server.RaftServerConfigKeys (ConfUtils.java:logGet(43)) - raft.server.log.statemachine.data.sync.timeout = 10s (default)
2019-09-25 12:50:37,311 [pool-577-thread-1] INFO  server.RaftServerConfigKeys (ConfUtils.java:logGet(43)) - raft.server.log.statemachine.data.sync.timeout.retry = -1 (default)
2019-09-25 12:50:37,311 [pool-577-thread-1] INFO  server.RaftServerConfigKeys (ConfUtils.java:logGet(43)) - raft.server.log.statemachine.data.caching.enabled = true (custom)
2019-09-25 12:50:37,311 [pool-577-thread-1] INFO  segmented.SegmentedRaftLogWorker (SegmentedRaftLogWorker.java:lambda$new$0(132)) - e2881642-7086-41b8-be0c-1552e0fbdc2f@group-D3817FCEB729-SegmentedRaftLogWorker: flushIndex: setUnconditionally 0 -> -1
2019-09-25 12:50:37,312 [pool-577-thread-1] INFO  server.RaftServerConfigKeys (ConfUtils.java:logGet(43)) - raft.server.snapshot.auto.trigger.enabled = true (custom)
2019-09-25 12:50:37,312 [pool-577-thread-1] INFO  server.RaftServerConfigKeys (ConfUtils.java:logGet(43)) - raft.server.snapshot.auto.trigger.threshold = 10000 (custom)
2019-09-25 12:50:37,312 [pool-577-thread-1] INFO  server.RaftServerConfigKeys (ConfUtils.java:logGet(43)) - raft.server.snapshot.retention.num.files = 5 (custom)
2019-09-25 12:50:37,312 [pool-577-thread-1] INFO  server.RaftServerConfigKeys (ConfUtils.java:logGet(43)) - raft.server.retrycache.expirytime = 600000ms (custom)
2019-09-25 12:50:37,314 [pool-577-thread-1] INFO  impl.RaftServerImpl (RaftServerImpl.java:start(185)) - e2881642-7086-41b8-be0c-1552e0fbdc2f@group-D3817FCEB729: start as a follower, conf=-1: [e2881642-7086-41b8-be0c-1552e0fbdc2f:192.168.151.73:33020], old=null
2019-09-25 12:50:37,314 [pool-577-thread-1] INFO  impl.RaftServerImpl (RaftServerImpl.java:setRole(174)) - e2881642-7086-41b8-be0c-1552e0fbdc2f@group-D3817FCEB729: changes role from      null to FOLLOWER at term 0 for startAsFollower
2019-09-25 12:50:37,314 [pool-577-thread-1] INFO  impl.RoleInfo (RoleInfo.java:updateAndGet(143)) - e2881642-7086-41b8-be0c-1552e0fbdc2f: start FollowerState
2019-09-25 12:50:37,314 [pool-577-thread-1] INFO  util.JmxRegister (JmxRegister.java:tryRegister(44)) - Successfully registered JMX Bean with object name Ratis:service=RaftServer,group=group-D3817FCEB729,id=e2881642-7086-41b8-be0c-1552e0fbdc2f
2019-09-25 12:50:37,317 [RatisPipelineUtilsThread] INFO  pipeline.PipelineStateManager (PipelineStateManager.java:addPipeline(56)) - Created pipeline Pipeline[ Id: 2395efa4-5195-477a-965f-d3817fceb729, Nodes: e2881642-7086-41b8-be0c-1552e0fbdc2f{ip: 192.168.151.73, host: pr-hdds-1569-shd4m-3693607622, networkLocation: /default-rack, certSerialId: null}, Type:RATIS, Factor:ONE, State:OPEN]
2019-09-25 12:50:37,322 [grpc-default-executor-0] INFO  impl.RaftServerProxy (RaftServerProxy.java:addNew(89)) - e2881642-7086-41b8-be0c-1552e0fbdc2f: addNew group-281ACB163DA7:[e2881642-7086-41b8-be0c-1552e0fbdc2f:192.168.151.73:33020] returns group-281ACB163DA7:java.util.concurrent.CompletableFuture@6eed6497[Not completed]
2019-09-25 12:50:37,323 [pool-577-thread-1] INFO  impl.RaftServerImpl (RaftServerImpl.java:<init>(95)) - e2881642-7086-41b8-be0c-1552e0fbdc2f: new RaftServerImpl for group-281ACB163DA7:[e2881642-7086-41b8-be0c-1552e0fbdc2f:192.168.151.73:33020] with ContainerStateMachine:uninitialized
2019-09-25 12:50:37,323 [pool-577-thread-1] INFO  server.RaftServerConfigKeys (ConfUtils.java:logGet(43)) - raft.server.rpc.timeout.min = 5s (custom)
2019-09-25 12:50:37,323 [pool-577-thread-1] INFO  server.RaftServerConfigKeys (ConfUtils.java:logGet(43)) - raft.server.rpc.timeout.max = 5200ms (custom)
2019-09-25 12:50:37,323 [pool-577-thread-1] INFO  server.RaftServerConfigKeys (ConfUtils.java:logGet(43)) - raft.server.rpcslowness.timeout = 120s (custom)
2019-09-25 12:50:37,324 [pool-577-thread-1] INFO  server.RaftServerConfigKeys (ConfUtils.java:logGet(43)) - raft.server.sleep.deviation.threshold = 300 (default)
2019-09-25 12:50:37,324 [pool-577-thread-1] INFO  server.RaftServerConfigKeys (ConfUtils.java:logGet(43)) - raft.server.log.appender.install.snapshot.enabled = false (custom)
2019-09-25 12:50:37,324 [pool-577-thread-1] INFO  impl.RaftServerImpl (ServerState.java:<init>(103)) - e2881642-7086-41b8-be0c-1552e0fbdc2f@group-281ACB163DA7: ConfigurationManager, init=-1: [e2881642-7086-41b8-be0c-1552e0fbdc2f:192.168.151.73:33020], old=null, confs=<EMPTY_MAP>
2019-09-25 12:50:37,324 [pool-577-thread-1] INFO  server.RaftServerConfigKeys (ConfUtils.java:logGet(43)) - raft.server.storage.dir = [/workdir/hadoop-ozone/ozonefs/target/test-dir/MiniOzoneClusterImpl-028383c2-6c51-4333-b3cb-3be5769adaf6/datanode-0/data/ratis] (custom)
2019-09-25 12:50:37,324 [pool-577-thread-1] INFO  storage.RaftStorageDirectory (RaftStorageDirectory.java:analyzeStorage(246)) - The storage directory /workdir/hadoop-ozone/ozonefs/target/test-dir/MiniOzoneClusterImpl-028383c2-6c51-4333-b3cb-3be5769adaf6/datanode-0/data/ratis/9cae5deb-7941-4eb8-bb85-281acb163da7 does not exist. Creating ...
2019-09-25 12:50:37,328 [IPC Server handler 0 on 40231] INFO  net.NetworkTopology (NetworkTopologyImpl.java:add(111)) - Added a new node: /default-rack/38a1a6d0-28dd-4b7e-bb0d-311102a68b97
2019-09-25 12:50:37,329 [IPC Server handler 0 on 40231] INFO  node.SCMNodeManager (SCMNodeManager.java:register(266)) - Registered Data node : 38a1a6d0-28dd-4b7e-bb0d-311102a68b97{ip: 192.168.151.73, host: pr-hdds-1569-shd4m-3693607622, networkLocation: /default-rack, certSerialId: null}
2019-09-25 12:50:37,337 [pool-577-thread-1] INFO  storage.RaftStorageDirectory (RaftStorageDirectory.java:tryLock(328)) - Lock on /workdir/hadoop-ozone/ozonefs/target/test-dir/MiniOzoneClusterImpl-028383c2-6c51-4333-b3cb-3be5769adaf6/datanode-0/data/ratis/9cae5deb-7941-4eb8-bb85-281acb163da7/in_use.lock acquired by nodename 24831@pr-hdds-1569-shd4m-3693607622
2019-09-25 12:50:37,349 [pool-577-thread-1] INFO  storage.RaftStorage (RaftStorage.java:format(72)) - Storage directory /workdir/hadoop-ozone/ozonefs/target/test-dir/MiniOzoneClusterImpl-028383c2-6c51-4333-b3cb-3be5769adaf6/datanode-0/data/ratis/9cae5deb-7941-4eb8-bb85-281acb163da7 has been successfully formatted.
2019-09-25 12:50:37,350 [pool-577-thread-1] INFO  ratis.ContainerStateMachine (ContainerStateMachine.java:loadSnapshot(230)) - group-281ACB163DA7: The snapshot info is null. Setting the last applied indexto:(t:0, i:~)
2019-09-25 12:50:37,350 [pool-577-thread-1] INFO  server.RaftServerConfigKeys (ConfUtils.java:logGet(43)) - raft.server.notification.no-leader.timeout = 120s (custom)
2019-09-25 12:50:37,350 [pool-577-thread-1] INFO  server.RaftServerConfigKeys (ConfUtils.java:logGet(43)) - raft.server.log.use.memory = false (default)
2019-09-25 12:50:37,350 [pool-577-thread-1] INFO  server.RaftServerConfigKeys (ConfUtils.java:logGet(43)) - raft.server.log.purge.gap = 1000000 (custom)
2019-09-25 12:50:37,350 [pool-577-thread-1] INFO  server.RaftServerConfigKeys (ConfUtils.java:logGet(43)) - raft.server.log.appender.buffer.byte-limit = 33554432 (custom)
2019-09-25 12:50:37,350 [pool-577-thread-1] INFO  server.RaftServerConfigKeys (ConfUtils.java:logGet(43)) - raft.server.log.segment.size.max = 1048576 (custom)
2019-09-25 12:50:37,351 [pool-577-thread-1] INFO  server.RaftServerConfigKeys (ConfUtils.java:logGet(43)) - raft.server.log.segment.cache.num.max = 2 (custom)
2019-09-25 12:50:37,351 [pool-577-thread-1] INFO  segmented.SegmentedRaftLogWorker (SegmentedRaftLogWorker.java:<init>(172)) - new e2881642-7086-41b8-be0c-1552e0fbdc2f@group-281ACB163DA7-SegmentedRaftLogWorker for RaftStorage:Storage Directory /workdir/hadoop-ozone/ozonefs/target/test-dir/MiniOzoneClusterImpl-028383c2-6c51-4333-b3cb-3be5769adaf6/datanode-0/data/ratis/9cae5deb-7941-4eb8-bb85-281acb163da7
2019-09-25 12:50:37,351 [pool-577-thread-1] INFO  server.RaftServerConfigKeys (ConfUtils.java:logGet(43)) - raft.server.log.queue.byte-limit = 2147483647 (custom)
2019-09-25 12:50:37,351 [pool-577-thread-1] INFO  server.RaftServerConfigKeys (ConfUtils.java:logGet(43)) - raft.server.log.queue.element-limit = 1024 (custom)
2019-09-25 12:50:37,351 [pool-577-thread-1] INFO  server.RaftServerConfigKeys (ConfUtils.java:logGet(43)) - raft.server.log.segment.size.max = 1048576 (custom)
2019-09-25 12:50:37,351 [pool-577-thread-1] INFO  server.RaftServerConfigKeys (ConfUtils.java:logGet(43)) - raft.server.log.preallocated.size = 16384 (custom)
2019-09-25 12:50:37,351 [pool-577-thread-1] INFO  server.RaftServerConfigKeys (ConfUtils.java:logGet(43)) - raft.server.log.write.buffer.size = 33554432 (custom)
2019-09-25 12:50:37,351 [pool-577-thread-1] INFO  server.RaftServerConfigKeys (ConfUtils.java:logGet(43)) - raft.server.log.force.sync.num = 128 (default)
2019-09-25 12:50:37,352 [pool-577-thread-1] INFO  server.RaftServerConfigKeys (ConfUtils.java:logGet(43)) - raft.server.log.statemachine.data.sync = true (default)
2019-09-25 12:50:37,352 [pool-577-thread-1] INFO  server.RaftServerConfigKeys (ConfUtils.java:logGet(43)) - raft.server.log.statemachine.data.sync.timeout = 10s (default)
2019-09-25 12:50:37,352 [pool-577-thread-1] INFO  server.RaftServerConfigKeys (ConfUtils.java:logGet(43)) - raft.server.log.statemachine.data.sync.timeout.retry = -1 (default)
2019-09-25 12:50:37,352 [pool-577-thread-1] INFO  server.RaftServerConfigKeys (ConfUtils.java:logGet(43)) - raft.server.log.statemachine.data.caching.enabled = true (custom)
2019-09-25 12:50:37,352 [pool-577-thread-1] INFO  segmented.SegmentedRaftLogWorker (SegmentedRaftLogWorker.java:lambda$new$0(132)) - e2881642-7086-41b8-be0c-1552e0fbdc2f@group-281ACB163DA7-SegmentedRaftLogWorker: flushIndex: setUnconditionally 0 -> -1
2019-09-25 12:50:37,353 [pool-577-thread-1] INFO  server.RaftServerConfigKeys (ConfUtils.java:logGet(43)) - raft.server.snapshot.auto.trigger.enabled = true (custom)
2019-09-25 12:50:37,353 [pool-577-thread-1] INFO  server.RaftServerConfigKeys (ConfUtils.java:logGet(43)) - raft.server.snapshot.auto.trigger.threshold = 10000 (custom)
2019-09-25 12:50:37,353 [pool-577-thread-1] INFO  server.RaftServerConfigKeys (ConfUtils.java:logGet(43)) - raft.server.snapshot.retention.num.files = 5 (custom)
2019-09-25 12:50:37,353 [pool-577-thread-1] INFO  server.RaftServerConfigKeys (ConfUtils.java:logGet(43)) - raft.server.retrycache.expirytime = 600000ms (custom)
2019-09-25 12:50:37,355 [pool-577-thread-1] INFO  impl.RaftServerImpl (RaftServerImpl.java:start(185)) - e2881642-7086-41b8-be0c-1552e0fbdc2f@group-281ACB163DA7: start as a follower, conf=-1: [e2881642-7086-41b8-be0c-1552e0fbdc2f:192.168.151.73:33020], old=null
2019-09-25 12:50:37,355 [pool-577-thread-1] INFO  impl.RaftServerImpl (RaftServerImpl.java:setRole(174)) - e2881642-7086-41b8-be0c-1552e0fbdc2f@group-281ACB163DA7: changes role from      null to FOLLOWER at term 0 for startAsFollower
2019-09-25 12:50:37,355 [pool-577-thread-1] INFO  impl.RoleInfo (RoleInfo.java:updateAndGet(143)) - e2881642-7086-41b8-be0c-1552e0fbdc2f: start FollowerState
2019-09-25 12:50:37,355 [pool-577-thread-1] INFO  util.JmxRegister (JmxRegister.java:tryRegister(44)) - Successfully registered JMX Bean with object name Ratis:service=RaftServer,group=group-281ACB163DA7,id=e2881642-7086-41b8-be0c-1552e0fbdc2f
2019-09-25 12:50:37,358 [RatisPipelineUtilsThread] INFO  pipeline.PipelineStateManager (PipelineStateManager.java:addPipeline(56)) - Created pipeline Pipeline[ Id: 9cae5deb-7941-4eb8-bb85-281acb163da7, Nodes: e2881642-7086-41b8-be0c-1552e0fbdc2f{ip: 192.168.151.73, host: pr-hdds-1569-shd4m-3693607622, networkLocation: /default-rack, certSerialId: null}, Type:RATIS, Factor:ONE, State:OPEN]
2019-09-25 12:50:37,362 [grpc-default-executor-0] INFO  impl.RaftServerProxy (RaftServerProxy.java:addNew(89)) - e2881642-7086-41b8-be0c-1552e0fbdc2f: addNew group-1EF4778EC631:[e2881642-7086-41b8-be0c-1552e0fbdc2f:192.168.151.73:33020] returns group-1EF4778EC631:java.util.concurrent.CompletableFuture@3f57431e[Not completed]
2019-09-25 12:50:37,363 [pool-577-thread-1] INFO  impl.RaftServerImpl (RaftServerImpl.java:<init>(95)) - e2881642-7086-41b8-be0c-1552e0fbdc2f: new RaftServerImpl for group-1EF4778EC631:[e2881642-7086-41b8-be0c-1552e0fbdc2f:192.168.151.73:33020] with ContainerStateMachine:uninitialized
2019-09-25 12:50:37,363 [pool-577-thread-1] INFO  server.RaftServerConfigKeys (ConfUtils.java:logGet(43)) - raft.server.rpc.timeout.min = 5s (custom)
2019-09-25 12:50:37,363 [pool-577-thread-1] INFO  server.RaftServerConfigKeys (ConfUtils.java:logGet(43)) - raft.server.rpc.timeout.max = 5200ms (custom)
2019-09-25 12:50:37,364 [pool-577-thread-1] INFO  server.RaftServerConfigKeys (ConfUtils.java:logGet(43)) - raft.server.rpcslowness.timeout = 120s (custom)
2019-09-25 12:50:37,364 [pool-577-thread-1] INFO  server.RaftServerConfigKeys (ConfUtils.java:logGet(43)) - raft.server.sleep.deviation.threshold = 300 (default)
2019-09-25 12:50:37,364 [pool-577-thread-1] INFO  server.RaftServerConfigKeys (ConfUtils.java:logGet(43)) - raft.server.log.appender.install.snapshot.enabled = false (custom)
2019-09-25 12:50:37,364 [pool-577-thread-1] INFO  impl.RaftServerImpl (ServerState.java:<init>(103)) - e2881642-7086-41b8-be0c-1552e0fbdc2f@group-1EF4778EC631: ConfigurationManager, init=-1: [e2881642-7086-41b8-be0c-1552e0fbdc2f:192.168.151.73:33020], old=null, confs=<EMPTY_MAP>
2019-09-25 12:50:37,364 [pool-577-thread-1] INFO  server.RaftServerConfigKeys (ConfUtils.java:logGet(43)) - raft.server.storage.dir = [/workdir/hadoop-ozone/ozonefs/target/test-dir/MiniOzoneClusterImpl-028383c2-6c51-4333-b3cb-3be5769adaf6/datanode-0/data/ratis] (custom)
2019-09-25 12:50:37,364 [pool-577-thread-1] INFO  storage.RaftStorageDirectory (RaftStorageDirectory.java:analyzeStorage(246)) - The storage directory /workdir/hadoop-ozone/ozonefs/target/test-dir/MiniOzoneClusterImpl-028383c2-6c51-4333-b3cb-3be5769adaf6/datanode-0/data/ratis/49109e10-7401-48e3-8ea8-1ef4778ec631 does not exist. Creating ...
2019-09-25 12:50:37,377 [pool-577-thread-1] INFO  storage.RaftStorageDirectory (RaftStorageDirectory.java:tryLock(328)) - Lock on /workdir/hadoop-ozone/ozonefs/target/test-dir/MiniOzoneClusterImpl-028383c2-6c51-4333-b3cb-3be5769adaf6/datanode-0/data/ratis/49109e10-7401-48e3-8ea8-1ef4778ec631/in_use.lock acquired by nodename 24831@pr-hdds-1569-shd4m-3693607622
2019-09-25 12:50:37,386 [main] INFO  ozone.MiniOzoneClusterImpl (MiniOzoneClusterImpl.java:lambda$waitForClusterToBeReady$0(147)) - Waiting for cluster to be ready. Got 2 of 3 DN Heartbeats.
2019-09-25 12:50:37,387 [IPC Server handler 4 on 40231] INFO  net.NetworkTopology (NetworkTopologyImpl.java:add(111)) - Added a new node: /default-rack/a1f05ce6-455b-45cd-b03d-5d245a8627a2
2019-09-25 12:50:37,387 [IPC Server handler 4 on 40231] INFO  node.SCMNodeManager (SCMNodeManager.java:register(266)) - Registered Data node : a1f05ce6-455b-45cd-b03d-5d245a8627a2{ip: 192.168.151.73, host: pr-hdds-1569-shd4m-3693607622, networkLocation: /default-rack, certSerialId: null}
2019-09-25 12:50:37,390 [pool-577-thread-1] INFO  storage.RaftStorage (RaftStorage.java:format(72)) - Storage directory /workdir/hadoop-ozone/ozonefs/target/test-dir/MiniOzoneClusterImpl-028383c2-6c51-4333-b3cb-3be5769adaf6/datanode-0/data/ratis/49109e10-7401-48e3-8ea8-1ef4778ec631 has been successfully formatted.
2019-09-25 12:50:37,390 [pool-577-thread-1] INFO  ratis.ContainerStateMachine (ContainerStateMachine.java:loadSnapshot(230)) - group-1EF4778EC631: The snapshot info is null. Setting the last applied indexto:(t:0, i:~)
2019-09-25 12:50:37,390 [pool-577-thread-1] INFO  server.RaftServerConfigKeys (ConfUtils.java:logGet(43)) - raft.server.notification.no-leader.timeout = 120s (custom)
2019-09-25 12:50:37,390 [pool-577-thread-1] INFO  server.RaftServerConfigKeys (ConfUtils.java:logGet(43)) - raft.server.log.use.memory = false (default)
2019-09-25 12:50:37,390 [pool-577-thread-1] INFO  server.RaftServerConfigKeys (ConfUtils.java:logGet(43)) - raft.server.log.purge.gap = 1000000 (custom)
2019-09-25 12:50:37,390 [pool-577-thread-1] INFO  server.RaftServerConfigKeys (ConfUtils.java:logGet(43)) - raft.server.log.appender.buffer.byte-limit = 33554432 (custom)
2019-09-25 12:50:37,391 [pool-577-thread-1] INFO  server.RaftServerConfigKeys (ConfUtils.java:logGet(43)) - raft.server.log.segment.size.max = 1048576 (custom)
2019-09-25 12:50:37,391 [pool-577-thread-1] INFO  server.RaftServerConfigKeys (ConfUtils.java:logGet(43)) - raft.server.log.segment.cache.num.max = 2 (custom)
2019-09-25 12:50:37,391 [pool-577-thread-1] INFO  segmented.SegmentedRaftLogWorker (SegmentedRaftLogWorker.java:<init>(172)) - new e2881642-7086-41b8-be0c-1552e0fbdc2f@group-1EF4778EC631-SegmentedRaftLogWorker for RaftStorage:Storage Directory /workdir/hadoop-ozone/ozonefs/target/test-dir/MiniOzoneClusterImpl-028383c2-6c51-4333-b3cb-3be5769adaf6/datanode-0/data/ratis/49109e10-7401-48e3-8ea8-1ef4778ec631
2019-09-25 12:50:37,391 [pool-577-thread-1] INFO  server.RaftServerConfigKeys (ConfUtils.java:logGet(43)) - raft.server.log.queue.byte-limit = 2147483647 (custom)
2019-09-25 12:50:37,391 [pool-577-thread-1] INFO  server.RaftServerConfigKeys (ConfUtils.java:logGet(43)) - raft.server.log.queue.element-limit = 1024 (custom)
2019-09-25 12:50:37,391 [pool-577-thread-1] INFO  server.RaftServerConfigKeys (ConfUtils.java:logGet(43)) - raft.server.log.segment.size.max = 1048576 (custom)
2019-09-25 12:50:37,392 [pool-577-thread-1] INFO  server.RaftServerConfigKeys (ConfUtils.java:logGet(43)) - raft.server.log.preallocated.size = 16384 (custom)
2019-09-25 12:50:37,392 [pool-577-thread-1] INFO  server.RaftServerConfigKeys (ConfUtils.java:logGet(43)) - raft.server.log.write.buffer.size = 33554432 (custom)
2019-09-25 12:50:37,392 [pool-577-thread-1] INFO  server.RaftServerConfigKeys (ConfUtils.java:logGet(43)) - raft.server.log.force.sync.num = 128 (default)
2019-09-25 12:50:37,392 [pool-577-thread-1] INFO  server.RaftServerConfigKeys (ConfUtils.java:logGet(43)) - raft.server.log.statemachine.data.sync = true (default)
2019-09-25 12:50:37,392 [pool-577-thread-1] INFO  server.RaftServerConfigKeys (ConfUtils.java:logGet(43)) - raft.server.log.statemachine.data.sync.timeout = 10s (default)
2019-09-25 12:50:37,392 [pool-577-thread-1] INFO  server.RaftServerConfigKeys (ConfUtils.java:logGet(43)) - raft.server.log.statemachine.data.sync.timeout.retry = -1 (default)
2019-09-25 12:50:37,392 [pool-577-thread-1] INFO  server.RaftServerConfigKeys (ConfUtils.java:logGet(43)) - raft.server.log.statemachine.data.caching.enabled = true (custom)
2019-09-25 12:50:37,393 [pool-577-thread-1] INFO  segmented.SegmentedRaftLogWorker (SegmentedRaftLogWorker.java:lambda$new$0(132)) - e2881642-7086-41b8-be0c-1552e0fbdc2f@group-1EF4778EC631-SegmentedRaftLogWorker: flushIndex: setUnconditionally 0 -> -1
2019-09-25 12:50:37,393 [pool-577-thread-1] INFO  server.RaftServerConfigKeys (ConfUtils.java:logGet(43)) - raft.server.snapshot.auto.trigger.enabled = true (custom)
2019-09-25 12:50:37,393 [pool-577-thread-1] INFO  server.RaftServerConfigKeys (ConfUtils.java:logGet(43)) - raft.server.snapshot.auto.trigger.threshold = 10000 (custom)
2019-09-25 12:50:37,393 [pool-577-thread-1] INFO  server.RaftServerConfigKeys (ConfUtils.java:logGet(43)) - raft.server.snapshot.retention.num.files = 5 (custom)
2019-09-25 12:50:37,393 [pool-577-thread-1] INFO  server.RaftServerConfigKeys (ConfUtils.java:logGet(43)) - raft.server.retrycache.expirytime = 600000ms (custom)
2019-09-25 12:50:37,395 [pool-577-thread-1] INFO  impl.RaftServerImpl (RaftServerImpl.java:start(185)) - e2881642-7086-41b8-be0c-1552e0fbdc2f@group-1EF4778EC631: start as a follower, conf=-1: [e2881642-7086-41b8-be0c-1552e0fbdc2f:192.168.151.73:33020], old=null
2019-09-25 12:50:37,395 [pool-577-thread-1] INFO  impl.RaftServerImpl (RaftServerImpl.java:setRole(174)) - e2881642-7086-41b8-be0c-1552e0fbdc2f@group-1EF4778EC631: changes role from      null to FOLLOWER at term 0 for startAsFollower
2019-09-25 12:50:37,395 [pool-577-thread-1] INFO  impl.RoleInfo (RoleInfo.java:updateAndGet(143)) - e2881642-7086-41b8-be0c-1552e0fbdc2f: start FollowerState
2019-09-25 12:50:37,396 [pool-577-thread-1] INFO  util.JmxRegister (JmxRegister.java:tryRegister(44)) - Successfully registered JMX Bean with object name Ratis:service=RaftServer,group=group-1EF4778EC631,id=e2881642-7086-41b8-be0c-1552e0fbdc2f
2019-09-25 12:50:37,398 [RatisPipelineUtilsThread] INFO  pipeline.PipelineStateManager (PipelineStateManager.java:addPipeline(56)) - Created pipeline Pipeline[ Id: 49109e10-7401-48e3-8ea8-1ef4778ec631, Nodes: e2881642-7086-41b8-be0c-1552e0fbdc2f{ip: 192.168.151.73, host: pr-hdds-1569-shd4m-3693607622, networkLocation: /default-rack, certSerialId: null}, Type:RATIS, Factor:ONE, State:OPEN]
2019-09-25 12:50:37,406 [grpc-default-executor-0] INFO  impl.RaftServerProxy (RaftServerProxy.java:addNew(89)) - a1f05ce6-455b-45cd-b03d-5d245a8627a2: addNew group-16C84A106658:[a1f05ce6-455b-45cd-b03d-5d245a8627a2:192.168.151.73:32959] returns group-16C84A106658:java.util.concurrent.CompletableFuture@3ed3e397[Not completed]
2019-09-25 12:50:37,407 [pool-597-thread-1] INFO  impl.RaftServerImpl (RaftServerImpl.java:<init>(95)) - a1f05ce6-455b-45cd-b03d-5d245a8627a2: new RaftServerImpl for group-16C84A106658:[a1f05ce6-455b-45cd-b03d-5d245a8627a2:192.168.151.73:32959] with ContainerStateMachine:uninitialized
2019-09-25 12:50:37,407 [pool-597-thread-1] INFO  server.RaftServerConfigKeys (ConfUtils.java:logGet(43)) - raft.server.rpc.timeout.min = 5s (custom)
2019-09-25 12:50:37,407 [pool-597-thread-1] INFO  server.RaftServerConfigKeys (ConfUtils.java:logGet(43)) - raft.server.rpc.timeout.max = 5200ms (custom)
2019-09-25 12:50:37,407 [pool-597-thread-1] INFO  server.RaftServerConfigKeys (ConfUtils.java:logGet(43)) - raft.server.rpcslowness.timeout = 120s (custom)
2019-09-25 12:50:37,407 [pool-597-thread-1] INFO  server.RaftServerConfigKeys (ConfUtils.java:logGet(43)) - raft.server.sleep.deviation.threshold = 300 (default)
2019-09-25 12:50:37,408 [pool-597-thread-1] INFO  server.RaftServerConfigKeys (ConfUtils.java:logGet(43)) - raft.server.log.appender.install.snapshot.enabled = false (custom)
2019-09-25 12:50:37,408 [pool-597-thread-1] INFO  impl.RaftServerImpl (ServerState.java:<init>(103)) - a1f05ce6-455b-45cd-b03d-5d245a8627a2@group-16C84A106658: ConfigurationManager, init=-1: [a1f05ce6-455b-45cd-b03d-5d245a8627a2:192.168.151.73:32959], old=null, confs=<EMPTY_MAP>
2019-09-25 12:50:37,408 [pool-597-thread-1] INFO  server.RaftServerConfigKeys (ConfUtils.java:logGet(43)) - raft.server.storage.dir = [/workdir/hadoop-ozone/ozonefs/target/test-dir/MiniOzoneClusterImpl-028383c2-6c51-4333-b3cb-3be5769adaf6/datanode-2/data/ratis] (custom)
2019-09-25 12:50:37,408 [pool-597-thread-1] INFO  storage.RaftStorageDirectory (RaftStorageDirectory.java:analyzeStorage(246)) - The storage directory /workdir/hadoop-ozone/ozonefs/target/test-dir/MiniOzoneClusterImpl-028383c2-6c51-4333-b3cb-3be5769adaf6/datanode-2/data/ratis/366d5558-e86f-4931-8fbf-16c84a106658 does not exist. Creating ...
2019-09-25 12:50:37,431 [pool-597-thread-1] INFO  storage.RaftStorageDirectory (RaftStorageDirectory.java:tryLock(328)) - Lock on /workdir/hadoop-ozone/ozonefs/target/test-dir/MiniOzoneClusterImpl-028383c2-6c51-4333-b3cb-3be5769adaf6/datanode-2/data/ratis/366d5558-e86f-4931-8fbf-16c84a106658/in_use.lock acquired by nodename 24831@pr-hdds-1569-shd4m-3693607622
2019-09-25 12:50:37,456 [pool-597-thread-1] INFO  storage.RaftStorage (RaftStorage.java:format(72)) - Storage directory /workdir/hadoop-ozone/ozonefs/target/test-dir/MiniOzoneClusterImpl-028383c2-6c51-4333-b3cb-3be5769adaf6/datanode-2/data/ratis/366d5558-e86f-4931-8fbf-16c84a106658 has been successfully formatted.
2019-09-25 12:50:37,456 [pool-597-thread-1] INFO  ratis.ContainerStateMachine (ContainerStateMachine.java:loadSnapshot(230)) - group-16C84A106658: The snapshot info is null. Setting the last applied indexto:(t:0, i:~)
2019-09-25 12:50:37,456 [pool-597-thread-1] INFO  server.RaftServerConfigKeys (ConfUtils.java:logGet(43)) - raft.server.notification.no-leader.timeout = 120s (custom)
2019-09-25 12:50:37,457 [pool-597-thread-1] INFO  server.RaftServerConfigKeys (ConfUtils.java:logGet(43)) - raft.server.log.use.memory = false (default)
2019-09-25 12:50:37,457 [pool-597-thread-1] INFO  server.RaftServerConfigKeys (ConfUtils.java:logGet(43)) - raft.server.log.purge.gap = 1000000 (custom)
2019-09-25 12:50:37,457 [pool-597-thread-1] INFO  server.RaftServerConfigKeys (ConfUtils.java:logGet(43)) - raft.server.log.appender.buffer.byte-limit = 33554432 (custom)
2019-09-25 12:50:37,457 [pool-597-thread-1] INFO  server.RaftServerConfigKeys (ConfUtils.java:logGet(43)) - raft.server.log.segment.size.max = 1048576 (custom)
2019-09-25 12:50:37,457 [pool-597-thread-1] INFO  server.RaftServerConfigKeys (ConfUtils.java:logGet(43)) - raft.server.log.segment.cache.num.max = 2 (custom)
2019-09-25 12:50:37,457 [pool-597-thread-1] INFO  segmented.SegmentedRaftLogWorker (SegmentedRaftLogWorker.java:<init>(172)) - new a1f05ce6-455b-45cd-b03d-5d245a8627a2@group-16C84A106658-SegmentedRaftLogWorker for RaftStorage:Storage Directory /workdir/hadoop-ozone/ozonefs/target/test-dir/MiniOzoneClusterImpl-028383c2-6c51-4333-b3cb-3be5769adaf6/datanode-2/data/ratis/366d5558-e86f-4931-8fbf-16c84a106658
2019-09-25 12:50:37,459 [pool-597-thread-1] INFO  server.RaftServerConfigKeys (ConfUtils.java:logGet(43)) - raft.server.log.queue.byte-limit = 2147483647 (custom)
2019-09-25 12:50:37,459 [pool-597-thread-1] INFO  server.RaftServerConfigKeys (ConfUtils.java:logGet(43)) - raft.server.log.queue.element-limit = 1024 (custom)
2019-09-25 12:50:37,460 [pool-597-thread-1] INFO  server.RaftServerConfigKeys (ConfUtils.java:logGet(43)) - raft.server.log.segment.size.max = 1048576 (custom)
2019-09-25 12:50:37,460 [pool-597-thread-1] INFO  server.RaftServerConfigKeys (ConfUtils.java:logGet(43)) - raft.server.log.preallocated.size = 16384 (custom)
2019-09-25 12:50:37,460 [pool-597-thread-1] INFO  server.RaftServerConfigKeys (ConfUtils.java:logGet(43)) - raft.server.log.write.buffer.size = 33554432 (custom)
2019-09-25 12:50:37,460 [pool-597-thread-1] INFO  server.RaftServerConfigKeys (ConfUtils.java:logGet(43)) - raft.server.log.force.sync.num = 128 (default)
2019-09-25 12:50:37,460 [pool-597-thread-1] INFO  server.RaftServerConfigKeys (ConfUtils.java:logGet(43)) - raft.server.log.statemachine.data.sync = true (default)
2019-09-25 12:50:37,460 [pool-597-thread-1] INFO  server.RaftServerConfigKeys (ConfUtils.java:logGet(43)) - raft.server.log.statemachine.data.sync.timeout = 10s (default)
2019-09-25 12:50:37,461 [pool-597-thread-1] INFO  server.RaftServerConfigKeys (ConfUtils.java:logGet(43)) - raft.server.log.statemachine.data.sync.timeout.retry = -1 (default)
2019-09-25 12:50:37,461 [pool-597-thread-1] INFO  server.RaftServerConfigKeys (ConfUtils.java:logGet(43)) - raft.server.log.statemachine.data.caching.enabled = true (custom)
2019-09-25 12:50:37,461 [pool-597-thread-1] INFO  segmented.SegmentedRaftLogWorker (SegmentedRaftLogWorker.java:lambda$new$0(132)) - a1f05ce6-455b-45cd-b03d-5d245a8627a2@group-16C84A106658-SegmentedRaftLogWorker: flushIndex: setUnconditionally 0 -> -1
2019-09-25 12:50:37,461 [pool-597-thread-1] INFO  server.RaftServerConfigKeys (ConfUtils.java:logGet(43)) - raft.server.snapshot.auto.trigger.enabled = true (custom)
2019-09-25 12:50:37,462 [pool-597-thread-1] INFO  server.RaftServerConfigKeys (ConfUtils.java:logGet(43)) - raft.server.snapshot.auto.trigger.threshold = 10000 (custom)
2019-09-25 12:50:37,462 [pool-597-thread-1] INFO  server.RaftServerConfigKeys (ConfUtils.java:logGet(43)) - raft.server.snapshot.retention.num.files = 5 (custom)
2019-09-25 12:50:37,462 [pool-597-thread-1] INFO  server.RaftServerConfigKeys (ConfUtils.java:logGet(43)) - raft.server.retrycache.expirytime = 600000ms (custom)
2019-09-25 12:50:37,464 [pool-597-thread-1] INFO  impl.RaftServerImpl (RaftServerImpl.java:start(185)) - a1f05ce6-455b-45cd-b03d-5d245a8627a2@group-16C84A106658: start as a follower, conf=-1: [a1f05ce6-455b-45cd-b03d-5d245a8627a2:192.168.151.73:32959], old=null
2019-09-25 12:50:37,464 [pool-597-thread-1] INFO  impl.RaftServerImpl (RaftServerImpl.java:setRole(174)) - a1f05ce6-455b-45cd-b03d-5d245a8627a2@group-16C84A106658: changes role from      null to FOLLOWER at term 0 for startAsFollower
2019-09-25 12:50:37,464 [pool-597-thread-1] INFO  impl.RoleInfo (RoleInfo.java:updateAndGet(143)) - a1f05ce6-455b-45cd-b03d-5d245a8627a2: start FollowerState
2019-09-25 12:50:37,464 [pool-597-thread-1] INFO  util.JmxRegister (JmxRegister.java:tryRegister(44)) - Successfully registered JMX Bean with object name Ratis:service=RaftServer,group=group-16C84A106658,id=a1f05ce6-455b-45cd-b03d-5d245a8627a2
2019-09-25 12:50:37,467 [RatisPipelineUtilsThread] INFO  pipeline.PipelineStateManager (PipelineStateManager.java:addPipeline(56)) - Created pipeline Pipeline[ Id: 366d5558-e86f-4931-8fbf-16c84a106658, Nodes: a1f05ce6-455b-45cd-b03d-5d245a8627a2{ip: 192.168.151.73, host: pr-hdds-1569-shd4m-3693607622, networkLocation: /default-rack, certSerialId: null}, Type:RATIS, Factor:ONE, State:OPEN]
2019-09-25 12:50:37,474 [grpc-default-executor-0] INFO  impl.RaftServerProxy (RaftServerProxy.java:addNew(89)) - e2881642-7086-41b8-be0c-1552e0fbdc2f: addNew group-DD38D1501C82:[e2881642-7086-41b8-be0c-1552e0fbdc2f:192.168.151.73:33020] returns group-DD38D1501C82:java.util.concurrent.CompletableFuture@7e32c760[Not completed]
2019-09-25 12:50:37,475 [pool-577-thread-1] INFO  impl.RaftServerImpl (RaftServerImpl.java:<init>(95)) - e2881642-7086-41b8-be0c-1552e0fbdc2f: new RaftServerImpl for group-DD38D1501C82:[e2881642-7086-41b8-be0c-1552e0fbdc2f:192.168.151.73:33020] with ContainerStateMachine:uninitialized
2019-09-25 12:50:37,475 [pool-577-thread-1] INFO  server.RaftServerConfigKeys (ConfUtils.java:logGet(43)) - raft.server.rpc.timeout.min = 5s (custom)
2019-09-25 12:50:37,475 [pool-577-thread-1] INFO  server.RaftServerConfigKeys (ConfUtils.java:logGet(43)) - raft.server.rpc.timeout.max = 5200ms (custom)
2019-09-25 12:50:37,476 [pool-577-thread-1] INFO  server.RaftServerConfigKeys (ConfUtils.java:logGet(43)) - raft.server.rpcslowness.timeout = 120s (custom)
2019-09-25 12:50:37,476 [pool-577-thread-1] INFO  server.RaftServerConfigKeys (ConfUtils.java:logGet(43)) - raft.server.sleep.deviation.threshold = 300 (default)
2019-09-25 12:50:37,476 [pool-577-thread-1] INFO  server.RaftServerConfigKeys (ConfUtils.java:logGet(43)) - raft.server.log.appender.install.snapshot.enabled = false (custom)
2019-09-25 12:50:37,476 [pool-577-thread-1] INFO  impl.RaftServerImpl (ServerState.java:<init>(103)) - e2881642-7086-41b8-be0c-1552e0fbdc2f@group-DD38D1501C82: ConfigurationManager, init=-1: [e2881642-7086-41b8-be0c-1552e0fbdc2f:192.168.151.73:33020], old=null, confs=<EMPTY_MAP>
2019-09-25 12:50:37,476 [pool-577-thread-1] INFO  server.RaftServerConfigKeys (ConfUtils.java:logGet(43)) - raft.server.storage.dir = [/workdir/hadoop-ozone/ozonefs/target/test-dir/MiniOzoneClusterImpl-028383c2-6c51-4333-b3cb-3be5769adaf6/datanode-0/data/ratis] (custom)
2019-09-25 12:50:37,476 [pool-577-thread-1] INFO  storage.RaftStorageDirectory (RaftStorageDirectory.java:analyzeStorage(246)) - The storage directory /workdir/hadoop-ozone/ozonefs/target/test-dir/MiniOzoneClusterImpl-028383c2-6c51-4333-b3cb-3be5769adaf6/datanode-0/data/ratis/e07f974c-18b0-4689-a63b-dd38d1501c82 does not exist. Creating ...
2019-09-25 12:50:37,489 [pool-577-thread-1] INFO  storage.RaftStorageDirectory (RaftStorageDirectory.java:tryLock(328)) - Lock on /workdir/hadoop-ozone/ozonefs/target/test-dir/MiniOzoneClusterImpl-028383c2-6c51-4333-b3cb-3be5769adaf6/datanode-0/data/ratis/e07f974c-18b0-4689-a63b-dd38d1501c82/in_use.lock acquired by nodename 24831@pr-hdds-1569-shd4m-3693607622
2019-09-25 12:50:37,502 [pool-577-thread-1] INFO  storage.RaftStorage (RaftStorage.java:format(72)) - Storage directory /workdir/hadoop-ozone/ozonefs/target/test-dir/MiniOzoneClusterImpl-028383c2-6c51-4333-b3cb-3be5769adaf6/datanode-0/data/ratis/e07f974c-18b0-4689-a63b-dd38d1501c82 has been successfully formatted.
2019-09-25 12:50:37,502 [pool-577-thread-1] INFO  ratis.ContainerStateMachine (ContainerStateMachine.java:loadSnapshot(230)) - group-DD38D1501C82: The snapshot info is null. Setting the last applied indexto:(t:0, i:~)
2019-09-25 12:50:37,502 [pool-577-thread-1] INFO  server.RaftServerConfigKeys (ConfUtils.java:logGet(43)) - raft.server.notification.no-leader.timeout = 120s (custom)
2019-09-25 12:50:37,502 [pool-577-thread-1] INFO  server.RaftServerConfigKeys (ConfUtils.java:logGet(43)) - raft.server.log.use.memory = false (default)
2019-09-25 12:50:37,502 [pool-577-thread-1] INFO  server.RaftServerConfigKeys (ConfUtils.java:logGet(43)) - raft.server.log.purge.gap = 1000000 (custom)
2019-09-25 12:50:37,502 [pool-577-thread-1] INFO  server.RaftServerConfigKeys (ConfUtils.java:logGet(43)) - raft.server.log.appender.buffer.byte-limit = 33554432 (custom)
2019-09-25 12:50:37,502 [pool-577-thread-1] INFO  server.RaftServerConfigKeys (ConfUtils.java:logGet(43)) - raft.server.log.segment.size.max = 1048576 (custom)
2019-09-25 12:50:37,503 [pool-577-thread-1] INFO  server.RaftServerConfigKeys (ConfUtils.java:logGet(43)) - raft.server.log.segment.cache.num.max = 2 (custom)
2019-09-25 12:50:37,503 [pool-577-thread-1] INFO  segmented.SegmentedRaftLogWorker (SegmentedRaftLogWorker.java:<init>(172)) - new e2881642-7086-41b8-be0c-1552e0fbdc2f@group-DD38D1501C82-SegmentedRaftLogWorker for RaftStorage:Storage Directory /workdir/hadoop-ozone/ozonefs/target/test-dir/MiniOzoneClusterImpl-028383c2-6c51-4333-b3cb-3be5769adaf6/datanode-0/data/ratis/e07f974c-18b0-4689-a63b-dd38d1501c82
2019-09-25 12:50:37,503 [pool-577-thread-1] INFO  server.RaftServerConfigKeys (ConfUtils.java:logGet(43)) - raft.server.log.queue.byte-limit = 2147483647 (custom)
2019-09-25 12:50:37,503 [pool-577-thread-1] INFO  server.RaftServerConfigKeys (ConfUtils.java:logGet(43)) - raft.server.log.queue.element-limit = 1024 (custom)
2019-09-25 12:50:37,503 [pool-577-thread-1] INFO  server.RaftServerConfigKeys (ConfUtils.java:logGet(43)) - raft.server.log.segment.size.max = 1048576 (custom)
2019-09-25 12:50:37,503 [pool-577-thread-1] INFO  server.RaftServerConfigKeys (ConfUtils.java:logGet(43)) - raft.server.log.preallocated.size = 16384 (custom)
2019-09-25 12:50:37,503 [pool-577-thread-1] INFO  server.RaftServerConfigKeys (ConfUtils.java:logGet(43)) - raft.server.log.write.buffer.size = 33554432 (custom)
2019-09-25 12:50:37,503 [pool-577-thread-1] INFO  server.RaftServerConfigKeys (ConfUtils.java:logGet(43)) - raft.server.log.force.sync.num = 128 (default)
2019-09-25 12:50:37,503 [pool-577-thread-1] INFO  server.RaftServerConfigKeys (ConfUtils.java:logGet(43)) - raft.server.log.statemachine.data.sync = true (default)
2019-09-25 12:50:37,503 [pool-577-thread-1] INFO  server.RaftServerConfigKeys (ConfUtils.java:logGet(43)) - raft.server.log.statemachine.data.sync.timeout = 10s (default)
2019-09-25 12:50:37,504 [pool-577-thread-1] INFO  server.RaftServerConfigKeys (ConfUtils.java:logGet(43)) - raft.server.log.statemachine.data.sync.timeout.retry = -1 (default)
2019-09-25 12:50:37,504 [pool-577-thread-1] INFO  server.RaftServerConfigKeys (ConfUtils.java:logGet(43)) - raft.server.log.statemachine.data.caching.enabled = true (custom)
2019-09-25 12:50:37,504 [pool-577-thread-1] INFO  segmented.SegmentedRaftLogWorker (SegmentedRaftLogWorker.java:lambda$new$0(132)) - e2881642-7086-41b8-be0c-1552e0fbdc2f@group-DD38D1501C82-SegmentedRaftLogWorker: flushIndex: setUnconditionally 0 -> -1
2019-09-25 12:50:37,504 [pool-577-thread-1] INFO  server.RaftServerConfigKeys (ConfUtils.java:logGet(43)) - raft.server.snapshot.auto.trigger.enabled = true (custom)
2019-09-25 12:50:37,504 [pool-577-thread-1] INFO  server.RaftServerConfigKeys (ConfUtils.java:logGet(43)) - raft.server.snapshot.auto.trigger.threshold = 10000 (custom)
2019-09-25 12:50:37,504 [pool-577-thread-1] INFO  server.RaftServerConfigKeys (ConfUtils.java:logGet(43)) - raft.server.snapshot.retention.num.files = 5 (custom)
2019-09-25 12:50:37,505 [pool-577-thread-1] INFO  server.RaftServerConfigKeys (ConfUtils.java:logGet(43)) - raft.server.retrycache.expirytime = 600000ms (custom)
2019-09-25 12:50:37,506 [pool-577-thread-1] INFO  impl.RaftServerImpl (RaftServerImpl.java:start(185)) - e2881642-7086-41b8-be0c-1552e0fbdc2f@group-DD38D1501C82: start as a follower, conf=-1: [e2881642-7086-41b8-be0c-1552e0fbdc2f:192.168.151.73:33020], old=null
2019-09-25 12:50:37,506 [pool-577-thread-1] INFO  impl.RaftServerImpl (RaftServerImpl.java:setRole(174)) - e2881642-7086-41b8-be0c-1552e0fbdc2f@group-DD38D1501C82: changes role from      null to FOLLOWER at term 0 for startAsFollower
2019-09-25 12:50:37,506 [pool-577-thread-1] INFO  impl.RoleInfo (RoleInfo.java:updateAndGet(143)) - e2881642-7086-41b8-be0c-1552e0fbdc2f: start FollowerState
2019-09-25 12:50:37,507 [pool-577-thread-1] INFO  util.JmxRegister (JmxRegister.java:tryRegister(44)) - Successfully registered JMX Bean with object name Ratis:service=RaftServer,group=group-DD38D1501C82,id=e2881642-7086-41b8-be0c-1552e0fbdc2f
2019-09-25 12:50:37,509 [RatisPipelineUtilsThread] INFO  pipeline.PipelineStateManager (PipelineStateManager.java:addPipeline(56)) - Created pipeline Pipeline[ Id: e07f974c-18b0-4689-a63b-dd38d1501c82, Nodes: e2881642-7086-41b8-be0c-1552e0fbdc2f{ip: 192.168.151.73, host: pr-hdds-1569-shd4m-3693607622, networkLocation: /default-rack, certSerialId: null}, Type:RATIS, Factor:ONE, State:OPEN]
2019-09-25 12:50:37,513 [grpc-default-executor-0] INFO  impl.RaftServerProxy (RaftServerProxy.java:addNew(89)) - a1f05ce6-455b-45cd-b03d-5d245a8627a2: addNew group-5DE7D10FCCD4:[a1f05ce6-455b-45cd-b03d-5d245a8627a2:192.168.151.73:32959] returns group-5DE7D10FCCD4:java.util.concurrent.CompletableFuture@7fd51977[Not completed]
2019-09-25 12:50:37,514 [pool-597-thread-1] INFO  impl.RaftServerImpl (RaftServerImpl.java:<init>(95)) - a1f05ce6-455b-45cd-b03d-5d245a8627a2: new RaftServerImpl for group-5DE7D10FCCD4:[a1f05ce6-455b-45cd-b03d-5d245a8627a2:192.168.151.73:32959] with ContainerStateMachine:uninitialized
2019-09-25 12:50:37,514 [pool-597-thread-1] INFO  server.RaftServerConfigKeys (ConfUtils.java:logGet(43)) - raft.server.rpc.timeout.min = 5s (custom)
2019-09-25 12:50:37,514 [pool-597-thread-1] INFO  server.RaftServerConfigKeys (ConfUtils.java:logGet(43)) - raft.server.rpc.timeout.max = 5200ms (custom)
2019-09-25 12:50:37,514 [pool-597-thread-1] INFO  server.RaftServerConfigKeys (ConfUtils.java:logGet(43)) - raft.server.rpcslowness.timeout = 120s (custom)
2019-09-25 12:50:37,514 [pool-597-thread-1] INFO  server.RaftServerConfigKeys (ConfUtils.java:logGet(43)) - raft.server.sleep.deviation.threshold = 300 (default)
2019-09-25 12:50:37,514 [pool-597-thread-1] INFO  server.RaftServerConfigKeys (ConfUtils.java:logGet(43)) - raft.server.log.appender.install.snapshot.enabled = false (custom)
2019-09-25 12:50:37,514 [pool-597-thread-1] INFO  impl.RaftServerImpl (ServerState.java:<init>(103)) - a1f05ce6-455b-45cd-b03d-5d245a8627a2@group-5DE7D10FCCD4: ConfigurationManager, init=-1: [a1f05ce6-455b-45cd-b03d-5d245a8627a2:192.168.151.73:32959], old=null, confs=<EMPTY_MAP>
2019-09-25 12:50:37,514 [pool-597-thread-1] INFO  server.RaftServerConfigKeys (ConfUtils.java:logGet(43)) - raft.server.storage.dir = [/workdir/hadoop-ozone/ozonefs/target/test-dir/MiniOzoneClusterImpl-028383c2-6c51-4333-b3cb-3be5769adaf6/datanode-2/data/ratis] (custom)
2019-09-25 12:50:37,515 [pool-597-thread-1] INFO  storage.RaftStorageDirectory (RaftStorageDirectory.java:analyzeStorage(246)) - The storage directory /workdir/hadoop-ozone/ozonefs/target/test-dir/MiniOzoneClusterImpl-028383c2-6c51-4333-b3cb-3be5769adaf6/datanode-2/data/ratis/fbc20a70-0aa8-4c25-881f-5de7d10fccd4 does not exist. Creating ...
2019-09-25 12:50:37,538 [pool-597-thread-1] INFO  storage.RaftStorageDirectory (RaftStorageDirectory.java:tryLock(328)) - Lock on /workdir/hadoop-ozone/ozonefs/target/test-dir/MiniOzoneClusterImpl-028383c2-6c51-4333-b3cb-3be5769adaf6/datanode-2/data/ratis/fbc20a70-0aa8-4c25-881f-5de7d10fccd4/in_use.lock acquired by nodename 24831@pr-hdds-1569-shd4m-3693607622
2019-09-25 12:50:37,561 [pool-597-thread-1] INFO  storage.RaftStorage (RaftStorage.java:format(72)) - Storage directory /workdir/hadoop-ozone/ozonefs/target/test-dir/MiniOzoneClusterImpl-028383c2-6c51-4333-b3cb-3be5769adaf6/datanode-2/data/ratis/fbc20a70-0aa8-4c25-881f-5de7d10fccd4 has been successfully formatted.
2019-09-25 12:50:37,561 [pool-597-thread-1] INFO  ratis.ContainerStateMachine (ContainerStateMachine.java:loadSnapshot(230)) - group-5DE7D10FCCD4: The snapshot info is null. Setting the last applied indexto:(t:0, i:~)
2019-09-25 12:50:37,561 [pool-597-thread-1] INFO  server.RaftServerConfigKeys (ConfUtils.java:logGet(43)) - raft.server.notification.no-leader.timeout = 120s (custom)
2019-09-25 12:50:37,561 [pool-597-thread-1] INFO  server.RaftServerConfigKeys (ConfUtils.java:logGet(43)) - raft.server.log.use.memory = false (default)
2019-09-25 12:50:37,561 [pool-597-thread-1] INFO  server.RaftServerConfigKeys (ConfUtils.java:logGet(43)) - raft.server.log.purge.gap = 1000000 (custom)
2019-09-25 12:50:37,562 [pool-597-thread-1] INFO  server.RaftServerConfigKeys (ConfUtils.java:logGet(43)) - raft.server.log.appender.buffer.byte-limit = 33554432 (custom)
2019-09-25 12:50:37,562 [pool-597-thread-1] INFO  server.RaftServerConfigKeys (ConfUtils.java:logGet(43)) - raft.server.log.segment.size.max = 1048576 (custom)
2019-09-25 12:50:37,562 [pool-597-thread-1] INFO  server.RaftServerConfigKeys (ConfUtils.java:logGet(43)) - raft.server.log.segment.cache.num.max = 2 (custom)
2019-09-25 12:50:37,562 [pool-597-thread-1] INFO  segmented.SegmentedRaftLogWorker (SegmentedRaftLogWorker.java:<init>(172)) - new a1f05ce6-455b-45cd-b03d-5d245a8627a2@group-5DE7D10FCCD4-SegmentedRaftLogWorker for RaftStorage:Storage Directory /workdir/hadoop-ozone/ozonefs/target/test-dir/MiniOzoneClusterImpl-028383c2-6c51-4333-b3cb-3be5769adaf6/datanode-2/data/ratis/fbc20a70-0aa8-4c25-881f-5de7d10fccd4
2019-09-25 12:50:37,562 [pool-597-thread-1] INFO  server.RaftServerConfigKeys (ConfUtils.java:logGet(43)) - raft.server.log.queue.byte-limit = 2147483647 (custom)
2019-09-25 12:50:37,562 [pool-597-thread-1] INFO  server.RaftServerConfigKeys (ConfUtils.java:logGet(43)) - raft.server.log.queue.element-limit = 1024 (custom)
2019-09-25 12:50:37,563 [pool-597-thread-1] INFO  server.RaftServerConfigKeys (ConfUtils.java:logGet(43)) - raft.server.log.segment.size.max = 1048576 (custom)
2019-09-25 12:50:37,563 [pool-597-thread-1] INFO  server.RaftServerConfigKeys (ConfUtils.java:logGet(43)) - raft.server.log.preallocated.size = 16384 (custom)
2019-09-25 12:50:37,563 [pool-597-thread-1] INFO  server.RaftServerConfigKeys (ConfUtils.java:logGet(43)) - raft.server.log.write.buffer.size = 33554432 (custom)
2019-09-25 12:50:37,563 [pool-597-thread-1] INFO  server.RaftServerConfigKeys (ConfUtils.java:logGet(43)) - raft.server.log.force.sync.num = 128 (default)
2019-09-25 12:50:37,563 [pool-597-thread-1] INFO  server.RaftServerConfigKeys (ConfUtils.java:logGet(43)) - raft.server.log.statemachine.data.sync = true (default)
2019-09-25 12:50:37,563 [pool-597-thread-1] INFO  server.RaftServerConfigKeys (ConfUtils.java:logGet(43)) - raft.server.log.statemachine.data.sync.timeout = 10s (default)
2019-09-25 12:50:37,564 [pool-597-thread-1] INFO  server.RaftServerConfigKeys (ConfUtils.java:logGet(43)) - raft.server.log.statemachine.data.sync.timeout.retry = -1 (default)
2019-09-25 12:50:37,564 [pool-597-thread-1] INFO  server.RaftServerConfigKeys (ConfUtils.java:logGet(43)) - raft.server.log.statemachine.data.caching.enabled = true (custom)
2019-09-25 12:50:37,564 [pool-597-thread-1] INFO  segmented.SegmentedRaftLogWorker (SegmentedRaftLogWorker.java:lambda$new$0(132)) - a1f05ce6-455b-45cd-b03d-5d245a8627a2@group-5DE7D10FCCD4-SegmentedRaftLogWorker: flushIndex: setUnconditionally 0 -> -1
2019-09-25 12:50:37,564 [pool-597-thread-1] INFO  server.RaftServerConfigKeys (ConfUtils.java:logGet(43)) - raft.server.snapshot.auto.trigger.enabled = true (custom)
2019-09-25 12:50:37,565 [pool-597-thread-1] INFO  server.RaftServerConfigKeys (ConfUtils.java:logGet(43)) - raft.server.snapshot.auto.trigger.threshold = 10000 (custom)
2019-09-25 12:50:37,565 [pool-597-thread-1] INFO  server.RaftServerConfigKeys (ConfUtils.java:logGet(43)) - raft.server.snapshot.retention.num.files = 5 (custom)
2019-09-25 12:50:37,565 [pool-597-thread-1] INFO  server.RaftServerConfigKeys (ConfUtils.java:logGet(43)) - raft.server.retrycache.expirytime = 600000ms (custom)
2019-09-25 12:50:37,567 [pool-597-thread-1] INFO  impl.RaftServerImpl (RaftServerImpl.java:start(185)) - a1f05ce6-455b-45cd-b03d-5d245a8627a2@group-5DE7D10FCCD4: start as a follower, conf=-1: [a1f05ce6-455b-45cd-b03d-5d245a8627a2:192.168.151.73:32959], old=null
2019-09-25 12:50:37,567 [pool-597-thread-1] INFO  impl.RaftServerImpl (RaftServerImpl.java:setRole(174)) - a1f05ce6-455b-45cd-b03d-5d245a8627a2@group-5DE7D10FCCD4: changes role from      null to FOLLOWER at term 0 for startAsFollower
2019-09-25 12:50:37,567 [pool-597-thread-1] INFO  impl.RoleInfo (RoleInfo.java:updateAndGet(143)) - a1f05ce6-455b-45cd-b03d-5d245a8627a2: start FollowerState
2019-09-25 12:50:37,568 [pool-597-thread-1] INFO  util.JmxRegister (JmxRegister.java:tryRegister(44)) - Successfully registered JMX Bean with object name Ratis:service=RaftServer,group=group-5DE7D10FCCD4,id=a1f05ce6-455b-45cd-b03d-5d245a8627a2
2019-09-25 12:50:37,570 [RatisPipelineUtilsThread] INFO  pipeline.PipelineStateManager (PipelineStateManager.java:addPipeline(56)) - Created pipeline Pipeline[ Id: fbc20a70-0aa8-4c25-881f-5de7d10fccd4, Nodes: a1f05ce6-455b-45cd-b03d-5d245a8627a2{ip: 192.168.151.73, host: pr-hdds-1569-shd4m-3693607622, networkLocation: /default-rack, certSerialId: null}, Type:RATIS, Factor:ONE, State:OPEN]
2019-09-25 12:50:37,574 [grpc-default-executor-0] INFO  impl.RaftServerProxy (RaftServerProxy.java:addNew(89)) - a1f05ce6-455b-45cd-b03d-5d245a8627a2: addNew group-802EC41498AD:[a1f05ce6-455b-45cd-b03d-5d245a8627a2:192.168.151.73:32959] returns group-802EC41498AD:java.util.concurrent.CompletableFuture@64191f5d[Not completed]
2019-09-25 12:50:37,575 [pool-597-thread-1] INFO  impl.RaftServerImpl (RaftServerImpl.java:<init>(95)) - a1f05ce6-455b-45cd-b03d-5d245a8627a2: new RaftServerImpl for group-802EC41498AD:[a1f05ce6-455b-45cd-b03d-5d245a8627a2:192.168.151.73:32959] with ContainerStateMachine:uninitialized
2019-09-25 12:50:37,575 [pool-597-thread-1] INFO  server.RaftServerConfigKeys (ConfUtils.java:logGet(43)) - raft.server.rpc.timeout.min = 5s (custom)
2019-09-25 12:50:37,576 [pool-597-thread-1] INFO  server.RaftServerConfigKeys (ConfUtils.java:logGet(43)) - raft.server.rpc.timeout.max = 5200ms (custom)
2019-09-25 12:50:37,576 [pool-597-thread-1] INFO  server.RaftServerConfigKeys (ConfUtils.java:logGet(43)) - raft.server.rpcslowness.timeout = 120s (custom)
2019-09-25 12:50:37,576 [pool-597-thread-1] INFO  server.RaftServerConfigKeys (ConfUtils.java:logGet(43)) - raft.server.sleep.deviation.threshold = 300 (default)
2019-09-25 12:50:37,576 [pool-597-thread-1] INFO  server.RaftServerConfigKeys (ConfUtils.java:logGet(43)) - raft.server.log.appender.install.snapshot.enabled = false (custom)
2019-09-25 12:50:37,576 [pool-597-thread-1] INFO  impl.RaftServerImpl (ServerState.java:<init>(103)) - a1f05ce6-455b-45cd-b03d-5d245a8627a2@group-802EC41498AD: ConfigurationManager, init=-1: [a1f05ce6-455b-45cd-b03d-5d245a8627a2:192.168.151.73:32959], old=null, confs=<EMPTY_MAP>
2019-09-25 12:50:37,576 [pool-597-thread-1] INFO  server.RaftServerConfigKeys (ConfUtils.java:logGet(43)) - raft.server.storage.dir = [/workdir/hadoop-ozone/ozonefs/target/test-dir/MiniOzoneClusterImpl-028383c2-6c51-4333-b3cb-3be5769adaf6/datanode-2/data/ratis] (custom)
2019-09-25 12:50:37,577 [pool-597-thread-1] INFO  storage.RaftStorageDirectory (RaftStorageDirectory.java:analyzeStorage(246)) - The storage directory /workdir/hadoop-ozone/ozonefs/target/test-dir/MiniOzoneClusterImpl-028383c2-6c51-4333-b3cb-3be5769adaf6/datanode-2/data/ratis/0b979dc8-32d1-4fe3-8751-802ec41498ad does not exist. Creating ...
2019-09-25 12:50:37,593 [pool-597-thread-1] INFO  storage.RaftStorageDirectory (RaftStorageDirectory.java:tryLock(328)) - Lock on /workdir/hadoop-ozone/ozonefs/target/test-dir/MiniOzoneClusterImpl-028383c2-6c51-4333-b3cb-3be5769adaf6/datanode-2/data/ratis/0b979dc8-32d1-4fe3-8751-802ec41498ad/in_use.lock acquired by nodename 24831@pr-hdds-1569-shd4m-3693607622
2019-09-25 12:50:37,616 [pool-597-thread-1] INFO  storage.RaftStorage (RaftStorage.java:format(72)) - Storage directory /workdir/hadoop-ozone/ozonefs/target/test-dir/MiniOzoneClusterImpl-028383c2-6c51-4333-b3cb-3be5769adaf6/datanode-2/data/ratis/0b979dc8-32d1-4fe3-8751-802ec41498ad has been successfully formatted.
2019-09-25 12:50:37,616 [pool-597-thread-1] INFO  ratis.ContainerStateMachine (ContainerStateMachine.java:loadSnapshot(230)) - group-802EC41498AD: The snapshot info is null. Setting the last applied indexto:(t:0, i:~)
2019-09-25 12:50:37,616 [pool-597-thread-1] INFO  server.RaftServerConfigKeys (ConfUtils.java:logGet(43)) - raft.server.notification.no-leader.timeout = 120s (custom)
2019-09-25 12:50:37,616 [pool-597-thread-1] INFO  server.RaftServerConfigKeys (ConfUtils.java:logGet(43)) - raft.server.log.use.memory = false (default)
2019-09-25 12:50:37,617 [pool-597-thread-1] INFO  server.RaftServerConfigKeys (ConfUtils.java:logGet(43)) - raft.server.log.purge.gap = 1000000 (custom)
2019-09-25 12:50:37,617 [pool-597-thread-1] INFO  server.RaftServerConfigKeys (ConfUtils.java:logGet(43)) - raft.server.log.appender.buffer.byte-limit = 33554432 (custom)
2019-09-25 12:50:37,617 [pool-597-thread-1] INFO  server.RaftServerConfigKeys (ConfUtils.java:logGet(43)) - raft.server.log.segment.size.max = 1048576 (custom)
2019-09-25 12:50:37,617 [pool-597-thread-1] INFO  server.RaftServerConfigKeys (ConfUtils.java:logGet(43)) - raft.server.log.segment.cache.num.max = 2 (custom)
2019-09-25 12:50:37,617 [pool-597-thread-1] INFO  segmented.SegmentedRaftLogWorker (SegmentedRaftLogWorker.java:<init>(172)) - new a1f05ce6-455b-45cd-b03d-5d245a8627a2@group-802EC41498AD-SegmentedRaftLogWorker for RaftStorage:Storage Directory /workdir/hadoop-ozone/ozonefs/target/test-dir/MiniOzoneClusterImpl-028383c2-6c51-4333-b3cb-3be5769adaf6/datanode-2/data/ratis/0b979dc8-32d1-4fe3-8751-802ec41498ad
2019-09-25 12:50:37,617 [pool-597-thread-1] INFO  server.RaftServerConfigKeys (ConfUtils.java:logGet(43)) - raft.server.log.queue.byte-limit = 2147483647 (custom)
2019-09-25 12:50:37,618 [pool-597-thread-1] INFO  server.RaftServerConfigKeys (ConfUtils.java:logGet(43)) - raft.server.log.queue.element-limit = 1024 (custom)
2019-09-25 12:50:37,618 [pool-597-thread-1] INFO  server.RaftServerConfigKeys (ConfUtils.java:logGet(43)) - raft.server.log.segment.size.max = 1048576 (custom)
2019-09-25 12:50:37,618 [pool-597-thread-1] INFO  server.RaftServerConfigKeys (ConfUtils.java:logGet(43)) - raft.server.log.preallocated.size = 16384 (custom)
2019-09-25 12:50:37,618 [pool-597-thread-1] INFO  server.RaftServerConfigKeys (ConfUtils.java:logGet(43)) - raft.server.log.write.buffer.size = 33554432 (custom)
2019-09-25 12:50:37,618 [pool-597-thread-1] INFO  server.RaftServerConfigKeys (ConfUtils.java:logGet(43)) - raft.server.log.force.sync.num = 128 (default)
2019-09-25 12:50:37,618 [pool-597-thread-1] INFO  server.RaftServerConfigKeys (ConfUtils.java:logGet(43)) - raft.server.log.statemachine.data.sync = true (default)
2019-09-25 12:50:37,619 [pool-597-thread-1] INFO  server.RaftServerConfigKeys (ConfUtils.java:logGet(43)) - raft.server.log.statemachine.data.sync.timeout = 10s (default)
2019-09-25 12:50:37,619 [pool-597-thread-1] INFO  server.RaftServerConfigKeys (ConfUtils.java:logGet(43)) - raft.server.log.statemachine.data.sync.timeout.retry = -1 (default)
2019-09-25 12:50:37,619 [pool-597-thread-1] INFO  server.RaftServerConfigKeys (ConfUtils.java:logGet(43)) - raft.server.log.statemachine.data.caching.enabled = true (custom)
2019-09-25 12:50:37,619 [pool-597-thread-1] INFO  segmented.SegmentedRaftLogWorker (SegmentedRaftLogWorker.java:lambda$new$0(132)) - a1f05ce6-455b-45cd-b03d-5d245a8627a2@group-802EC41498AD-SegmentedRaftLogWorker: flushIndex: setUnconditionally 0 -> -1
2019-09-25 12:50:37,620 [pool-597-thread-1] INFO  server.RaftServerConfigKeys (ConfUtils.java:logGet(43)) - raft.server.snapshot.auto.trigger.enabled = true (custom)
2019-09-25 12:50:37,620 [pool-597-thread-1] INFO  server.RaftServerConfigKeys (ConfUtils.java:logGet(43)) - raft.server.snapshot.auto.trigger.threshold = 10000 (custom)
2019-09-25 12:50:37,620 [pool-597-thread-1] INFO  server.RaftServerConfigKeys (ConfUtils.java:logGet(43)) - raft.server.snapshot.retention.num.files = 5 (custom)
2019-09-25 12:50:37,620 [pool-597-thread-1] INFO  server.RaftServerConfigKeys (ConfUtils.java:logGet(43)) - raft.server.retrycache.expirytime = 600000ms (custom)
2019-09-25 12:50:37,622 [pool-597-thread-1] INFO  impl.RaftServerImpl (RaftServerImpl.java:start(185)) - a1f05ce6-455b-45cd-b03d-5d245a8627a2@group-802EC41498AD: start as a follower, conf=-1: [a1f05ce6-455b-45cd-b03d-5d245a8627a2:192.168.151.73:32959], old=null
2019-09-25 12:50:37,622 [pool-597-thread-1] INFO  impl.RaftServerImpl (RaftServerImpl.java:setRole(174)) - a1f05ce6-455b-45cd-b03d-5d245a8627a2@group-802EC41498AD: changes role from      null to FOLLOWER at term 0 for startAsFollower
2019-09-25 12:50:37,622 [pool-597-thread-1] INFO  impl.RoleInfo (RoleInfo.java:updateAndGet(143)) - a1f05ce6-455b-45cd-b03d-5d245a8627a2: start FollowerState
2019-09-25 12:50:37,623 [pool-597-thread-1] INFO  util.JmxRegister (JmxRegister.java:tryRegister(44)) - Successfully registered JMX Bean with object name Ratis:service=RaftServer,group=group-802EC41498AD,id=a1f05ce6-455b-45cd-b03d-5d245a8627a2
2019-09-25 12:50:37,625 [RatisPipelineUtilsThread] INFO  pipeline.PipelineStateManager (PipelineStateManager.java:addPipeline(56)) - Created pipeline Pipeline[ Id: 0b979dc8-32d1-4fe3-8751-802ec41498ad, Nodes: a1f05ce6-455b-45cd-b03d-5d245a8627a2{ip: 192.168.151.73, host: pr-hdds-1569-shd4m-3693607622, networkLocation: /default-rack, certSerialId: null}, Type:RATIS, Factor:ONE, State:OPEN]
2019-09-25 12:50:37,634 [grpc-default-executor-0] INFO  impl.RaftServerProxy (RaftServerProxy.java:addNew(89)) - 38a1a6d0-28dd-4b7e-bb0d-311102a68b97: addNew group-7978B74C51BF:[38a1a6d0-28dd-4b7e-bb0d-311102a68b97:192.168.151.73:33076] returns group-7978B74C51BF:java.util.concurrent.CompletableFuture@7bebcb66[Not completed]
2019-09-25 12:50:37,635 [pool-587-thread-1] INFO  impl.RaftServerImpl (RaftServerImpl.java:<init>(95)) - 38a1a6d0-28dd-4b7e-bb0d-311102a68b97: new RaftServerImpl for group-7978B74C51BF:[38a1a6d0-28dd-4b7e-bb0d-311102a68b97:192.168.151.73:33076] with ContainerStateMachine:uninitialized
2019-09-25 12:50:37,636 [pool-587-thread-1] INFO  server.RaftServerConfigKeys (ConfUtils.java:logGet(43)) - raft.server.rpc.timeout.min = 5s (custom)
2019-09-25 12:50:37,636 [pool-587-thread-1] INFO  server.RaftServerConfigKeys (ConfUtils.java:logGet(43)) - raft.server.rpc.timeout.max = 5200ms (custom)
2019-09-25 12:50:37,636 [pool-587-thread-1] INFO  server.RaftServerConfigKeys (ConfUtils.java:logGet(43)) - raft.server.rpcslowness.timeout = 120s (custom)
2019-09-25 12:50:37,636 [pool-587-thread-1] INFO  server.RaftServerConfigKeys (ConfUtils.java:logGet(43)) - raft.server.sleep.deviation.threshold = 300 (default)
2019-09-25 12:50:37,636 [pool-587-thread-1] INFO  server.RaftServerConfigKeys (ConfUtils.java:logGet(43)) - raft.server.log.appender.install.snapshot.enabled = false (custom)
2019-09-25 12:50:37,636 [pool-587-thread-1] INFO  impl.RaftServerImpl (ServerState.java:<init>(103)) - 38a1a6d0-28dd-4b7e-bb0d-311102a68b97@group-7978B74C51BF: ConfigurationManager, init=-1: [38a1a6d0-28dd-4b7e-bb0d-311102a68b97:192.168.151.73:33076], old=null, confs=<EMPTY_MAP>
2019-09-25 12:50:37,636 [pool-587-thread-1] INFO  server.RaftServerConfigKeys (ConfUtils.java:logGet(43)) - raft.server.storage.dir = [/workdir/hadoop-ozone/ozonefs/target/test-dir/MiniOzoneClusterImpl-028383c2-6c51-4333-b3cb-3be5769adaf6/datanode-1/data/ratis] (custom)
2019-09-25 12:50:37,637 [pool-587-thread-1] INFO  storage.RaftStorageDirectory (RaftStorageDirectory.java:analyzeStorage(246)) - The storage directory /workdir/hadoop-ozone/ozonefs/target/test-dir/MiniOzoneClusterImpl-028383c2-6c51-4333-b3cb-3be5769adaf6/datanode-1/data/ratis/41550d70-c3d6-414c-8625-7978b74c51bf does not exist. Creating ...
2019-09-25 12:50:37,650 [pool-587-thread-1] INFO  storage.RaftStorageDirectory (RaftStorageDirectory.java:tryLock(328)) - Lock on /workdir/hadoop-ozone/ozonefs/target/test-dir/MiniOzoneClusterImpl-028383c2-6c51-4333-b3cb-3be5769adaf6/datanode-1/data/ratis/41550d70-c3d6-414c-8625-7978b74c51bf/in_use.lock acquired by nodename 24831@pr-hdds-1569-shd4m-3693607622
2019-09-25 12:50:37,665 [pool-587-thread-1] INFO  storage.RaftStorage (RaftStorage.java:format(72)) - Storage directory /workdir/hadoop-ozone/ozonefs/target/test-dir/MiniOzoneClusterImpl-028383c2-6c51-4333-b3cb-3be5769adaf6/datanode-1/data/ratis/41550d70-c3d6-414c-8625-7978b74c51bf has been successfully formatted.
2019-09-25 12:50:37,665 [pool-587-thread-1] INFO  ratis.ContainerStateMachine (ContainerStateMachine.java:loadSnapshot(230)) - group-7978B74C51BF: The snapshot info is null. Setting the last applied indexto:(t:0, i:~)
2019-09-25 12:50:37,665 [pool-587-thread-1] INFO  server.RaftServerConfigKeys (ConfUtils.java:logGet(43)) - raft.server.notification.no-leader.timeout = 120s (custom)
2019-09-25 12:50:37,666 [pool-587-thread-1] INFO  server.RaftServerConfigKeys (ConfUtils.java:logGet(43)) - raft.server.log.use.memory = false (default)
2019-09-25 12:50:37,666 [pool-587-thread-1] INFO  server.RaftServerConfigKeys (ConfUtils.java:logGet(43)) - raft.server.log.purge.gap = 1000000 (custom)
2019-09-25 12:50:37,666 [pool-587-thread-1] INFO  server.RaftServerConfigKeys (ConfUtils.java:logGet(43)) - raft.server.log.appender.buffer.byte-limit = 33554432 (custom)
2019-09-25 12:50:37,666 [pool-587-thread-1] INFO  server.RaftServerConfigKeys (ConfUtils.java:logGet(43)) - raft.server.log.segment.size.max = 1048576 (custom)
2019-09-25 12:50:37,666 [pool-587-thread-1] INFO  server.RaftServerConfigKeys (ConfUtils.java:logGet(43)) - raft.server.log.segment.cache.num.max = 2 (custom)
2019-09-25 12:50:37,666 [pool-587-thread-1] INFO  segmented.SegmentedRaftLogWorker (SegmentedRaftLogWorker.java:<init>(172)) - new 38a1a6d0-28dd-4b7e-bb0d-311102a68b97@group-7978B74C51BF-SegmentedRaftLogWorker for RaftStorage:Storage Directory /workdir/hadoop-ozone/ozonefs/target/test-dir/MiniOzoneClusterImpl-028383c2-6c51-4333-b3cb-3be5769adaf6/datanode-1/data/ratis/41550d70-c3d6-414c-8625-7978b74c51bf
2019-09-25 12:50:37,668 [pool-587-thread-1] INFO  server.RaftServerConfigKeys (ConfUtils.java:logGet(43)) - raft.server.log.queue.byte-limit = 2147483647 (custom)
2019-09-25 12:50:37,668 [pool-587-thread-1] INFO  server.RaftServerConfigKeys (ConfUtils.java:logGet(43)) - raft.server.log.queue.element-limit = 1024 (custom)
2019-09-25 12:50:37,668 [pool-587-thread-1] INFO  server.RaftServerConfigKeys (ConfUtils.java:logGet(43)) - raft.server.log.segment.size.max = 1048576 (custom)
2019-09-25 12:50:37,669 [pool-587-thread-1] INFO  server.RaftServerConfigKeys (ConfUtils.java:logGet(43)) - raft.server.log.preallocated.size = 16384 (custom)
2019-09-25 12:50:37,669 [pool-587-thread-1] INFO  server.RaftServerConfigKeys (ConfUtils.java:logGet(43)) - raft.server.log.write.buffer.size = 33554432 (custom)
2019-09-25 12:50:37,669 [pool-587-thread-1] INFO  server.RaftServerConfigKeys (ConfUtils.java:logGet(43)) - raft.server.log.force.sync.num = 128 (default)
2019-09-25 12:50:37,669 [pool-587-thread-1] INFO  server.RaftServerConfigKeys (ConfUtils.java:logGet(43)) - raft.server.log.statemachine.data.sync = true (default)
2019-09-25 12:50:37,669 [pool-587-thread-1] INFO  server.RaftServerConfigKeys (ConfUtils.java:logGet(43)) - raft.server.log.statemachine.data.sync.timeout = 10s (default)
2019-09-25 12:50:37,669 [pool-587-thread-1] INFO  server.RaftServerConfigKeys (ConfUtils.java:logGet(43)) - raft.server.log.statemachine.data.sync.timeout.retry = -1 (default)
2019-09-25 12:50:37,670 [pool-587-thread-1] INFO  server.RaftServerConfigKeys (ConfUtils.java:logGet(43)) - raft.server.log.statemachine.data.caching.enabled = true (custom)
2019-09-25 12:50:37,670 [pool-587-thread-1] INFO  segmented.SegmentedRaftLogWorker (SegmentedRaftLogWorker.java:lambda$new$0(132)) - 38a1a6d0-28dd-4b7e-bb0d-311102a68b97@group-7978B74C51BF-SegmentedRaftLogWorker: flushIndex: setUnconditionally 0 -> -1
2019-09-25 12:50:37,670 [pool-587-thread-1] INFO  server.RaftServerConfigKeys (ConfUtils.java:logGet(43)) - raft.server.snapshot.auto.trigger.enabled = true (custom)
2019-09-25 12:50:37,670 [pool-587-thread-1] INFO  server.RaftServerConfigKeys (ConfUtils.java:logGet(43)) - raft.server.snapshot.auto.trigger.threshold = 10000 (custom)
2019-09-25 12:50:37,670 [pool-587-thread-1] INFO  server.RaftServerConfigKeys (ConfUtils.java:logGet(43)) - raft.server.snapshot.retention.num.files = 5 (custom)
2019-09-25 12:50:37,671 [pool-587-thread-1] INFO  server.RaftServerConfigKeys (ConfUtils.java:logGet(43)) - raft.server.retrycache.expirytime = 600000ms (custom)
2019-09-25 12:50:37,672 [pool-587-thread-1] INFO  impl.RaftServerImpl (RaftServerImpl.java:start(185)) - 38a1a6d0-28dd-4b7e-bb0d-311102a68b97@group-7978B74C51BF: start as a follower, conf=-1: [38a1a6d0-28dd-4b7e-bb0d-311102a68b97:192.168.151.73:33076], old=null
2019-09-25 12:50:37,672 [pool-587-thread-1] INFO  impl.RaftServerImpl (RaftServerImpl.java:setRole(174)) - 38a1a6d0-28dd-4b7e-bb0d-311102a68b97@group-7978B74C51BF: changes role from      null to FOLLOWER at term 0 for startAsFollower
2019-09-25 12:50:37,673 [pool-587-thread-1] INFO  impl.RoleInfo (RoleInfo.java:updateAndGet(143)) - 38a1a6d0-28dd-4b7e-bb0d-311102a68b97: start FollowerState
2019-09-25 12:50:37,673 [pool-587-thread-1] INFO  util.JmxRegister (JmxRegister.java:tryRegister(44)) - Successfully registered JMX Bean with object name Ratis:service=RaftServer,group=group-7978B74C51BF,id=38a1a6d0-28dd-4b7e-bb0d-311102a68b97
2019-09-25 12:50:37,675 [RatisPipelineUtilsThread] INFO  pipeline.PipelineStateManager (PipelineStateManager.java:addPipeline(56)) - Created pipeline Pipeline[ Id: 41550d70-c3d6-414c-8625-7978b74c51bf, Nodes: 38a1a6d0-28dd-4b7e-bb0d-311102a68b97{ip: 192.168.151.73, host: pr-hdds-1569-shd4m-3693607622, networkLocation: /default-rack, certSerialId: null}, Type:RATIS, Factor:ONE, State:OPEN]
2019-09-25 12:50:37,679 [grpc-default-executor-0] INFO  impl.RaftServerProxy (RaftServerProxy.java:addNew(89)) - a1f05ce6-455b-45cd-b03d-5d245a8627a2: addNew group-862DEEA7A2FA:[a1f05ce6-455b-45cd-b03d-5d245a8627a2:192.168.151.73:32959] returns group-862DEEA7A2FA:java.util.concurrent.CompletableFuture@2e247ecc[Not completed]
2019-09-25 12:50:37,680 [pool-597-thread-1] INFO  impl.RaftServerImpl (RaftServerImpl.java:<init>(95)) - a1f05ce6-455b-45cd-b03d-5d245a8627a2: new RaftServerImpl for group-862DEEA7A2FA:[a1f05ce6-455b-45cd-b03d-5d245a8627a2:192.168.151.73:32959] with ContainerStateMachine:uninitialized
2019-09-25 12:50:37,681 [pool-597-thread-1] INFO  server.RaftServerConfigKeys (ConfUtils.java:logGet(43)) - raft.server.rpc.timeout.min = 5s (custom)
2019-09-25 12:50:37,681 [pool-597-thread-1] INFO  server.RaftServerConfigKeys (ConfUtils.java:logGet(43)) - raft.server.rpc.timeout.max = 5200ms (custom)
2019-09-25 12:50:37,681 [pool-597-thread-1] INFO  server.RaftServerConfigKeys (ConfUtils.java:logGet(43)) - raft.server.rpcslowness.timeout = 120s (custom)
2019-09-25 12:50:37,681 [pool-597-thread-1] INFO  server.RaftServerConfigKeys (ConfUtils.java:logGet(43)) - raft.server.sleep.deviation.threshold = 300 (default)
2019-09-25 12:50:37,681 [pool-597-thread-1] INFO  server.RaftServerConfigKeys (ConfUtils.java:logGet(43)) - raft.server.log.appender.install.snapshot.enabled = false (custom)
2019-09-25 12:50:37,681 [pool-597-thread-1] INFO  impl.RaftServerImpl (ServerState.java:<init>(103)) - a1f05ce6-455b-45cd-b03d-5d245a8627a2@group-862DEEA7A2FA: ConfigurationManager, init=-1: [a1f05ce6-455b-45cd-b03d-5d245a8627a2:192.168.151.73:32959], old=null, confs=<EMPTY_MAP>
2019-09-25 12:50:37,681 [pool-597-thread-1] INFO  server.RaftServerConfigKeys (ConfUtils.java:logGet(43)) - raft.server.storage.dir = [/workdir/hadoop-ozone/ozonefs/target/test-dir/MiniOzoneClusterImpl-028383c2-6c51-4333-b3cb-3be5769adaf6/datanode-2/data/ratis] (custom)
2019-09-25 12:50:37,682 [pool-597-thread-1] INFO  storage.RaftStorageDirectory (RaftStorageDirectory.java:analyzeStorage(246)) - The storage directory /workdir/hadoop-ozone/ozonefs/target/test-dir/MiniOzoneClusterImpl-028383c2-6c51-4333-b3cb-3be5769adaf6/datanode-2/data/ratis/8a65da97-35d7-467e-bffe-862deea7a2fa does not exist. Creating ...
2019-09-25 12:50:37,709 [pool-597-thread-1] INFO  storage.RaftStorageDirectory (RaftStorageDirectory.java:tryLock(328)) - Lock on /workdir/hadoop-ozone/ozonefs/target/test-dir/MiniOzoneClusterImpl-028383c2-6c51-4333-b3cb-3be5769adaf6/datanode-2/data/ratis/8a65da97-35d7-467e-bffe-862deea7a2fa/in_use.lock acquired by nodename 24831@pr-hdds-1569-shd4m-3693607622
2019-09-25 12:50:37,735 [pool-597-thread-1] INFO  storage.RaftStorage (RaftStorage.java:format(72)) - Storage directory /workdir/hadoop-ozone/ozonefs/target/test-dir/MiniOzoneClusterImpl-028383c2-6c51-4333-b3cb-3be5769adaf6/datanode-2/data/ratis/8a65da97-35d7-467e-bffe-862deea7a2fa has been successfully formatted.
2019-09-25 12:50:37,735 [pool-597-thread-1] INFO  ratis.ContainerStateMachine (ContainerStateMachine.java:loadSnapshot(230)) - group-862DEEA7A2FA: The snapshot info is null. Setting the last applied indexto:(t:0, i:~)
2019-09-25 12:50:37,735 [pool-597-thread-1] INFO  server.RaftServerConfigKeys (ConfUtils.java:logGet(43)) - raft.server.notification.no-leader.timeout = 120s (custom)
2019-09-25 12:50:37,735 [pool-597-thread-1] INFO  server.RaftServerConfigKeys (ConfUtils.java:logGet(43)) - raft.server.log.use.memory = false (default)
2019-09-25 12:50:37,735 [pool-597-thread-1] INFO  server.RaftServerConfigKeys (ConfUtils.java:logGet(43)) - raft.server.log.purge.gap = 1000000 (custom)
2019-09-25 12:50:37,735 [pool-597-thread-1] INFO  server.RaftServerConfigKeys (ConfUtils.java:logGet(43)) - raft.server.log.appender.buffer.byte-limit = 33554432 (custom)
2019-09-25 12:50:37,736 [pool-597-thread-1] INFO  server.RaftServerConfigKeys (ConfUtils.java:logGet(43)) - raft.server.log.segment.size.max = 1048576 (custom)
2019-09-25 12:50:37,736 [pool-597-thread-1] INFO  server.RaftServerConfigKeys (ConfUtils.java:logGet(43)) - raft.server.log.segment.cache.num.max = 2 (custom)
2019-09-25 12:50:37,736 [pool-597-thread-1] INFO  segmented.SegmentedRaftLogWorker (SegmentedRaftLogWorker.java:<init>(172)) - new a1f05ce6-455b-45cd-b03d-5d245a8627a2@group-862DEEA7A2FA-SegmentedRaftLogWorker for RaftStorage:Storage Directory /workdir/hadoop-ozone/ozonefs/target/test-dir/MiniOzoneClusterImpl-028383c2-6c51-4333-b3cb-3be5769adaf6/datanode-2/data/ratis/8a65da97-35d7-467e-bffe-862deea7a2fa
2019-09-25 12:50:37,736 [pool-597-thread-1] INFO  server.RaftServerConfigKeys (ConfUtils.java:logGet(43)) - raft.server.log.queue.byte-limit = 2147483647 (custom)
2019-09-25 12:50:37,736 [pool-597-thread-1] INFO  server.RaftServerConfigKeys (ConfUtils.java:logGet(43)) - raft.server.log.queue.element-limit = 1024 (custom)
2019-09-25 12:50:37,736 [pool-597-thread-1] INFO  server.RaftServerConfigKeys (ConfUtils.java:logGet(43)) - raft.server.log.segment.size.max = 1048576 (custom)
2019-09-25 12:50:37,736 [pool-597-thread-1] INFO  server.RaftServerConfigKeys (ConfUtils.java:logGet(43)) - raft.server.log.preallocated.size = 16384 (custom)
2019-09-25 12:50:37,736 [pool-597-thread-1] INFO  server.RaftServerConfigKeys (ConfUtils.java:logGet(43)) - raft.server.log.write.buffer.size = 33554432 (custom)
2019-09-25 12:50:37,737 [pool-597-thread-1] INFO  server.RaftServerConfigKeys (ConfUtils.java:logGet(43)) - raft.server.log.force.sync.num = 128 (default)
2019-09-25 12:50:37,737 [pool-597-thread-1] INFO  server.RaftServerConfigKeys (ConfUtils.java:logGet(43)) - raft.server.log.statemachine.data.sync = true (default)
2019-09-25 12:50:37,737 [pool-597-thread-1] INFO  server.RaftServerConfigKeys (ConfUtils.java:logGet(43)) - raft.server.log.statemachine.data.sync.timeout = 10s (default)
2019-09-25 12:50:37,737 [pool-597-thread-1] INFO  server.RaftServerConfigKeys (ConfUtils.java:logGet(43)) - raft.server.log.statemachine.data.sync.timeout.retry = -1 (default)
2019-09-25 12:50:37,737 [pool-597-thread-1] INFO  server.RaftServerConfigKeys (ConfUtils.java:logGet(43)) - raft.server.log.statemachine.data.caching.enabled = true (custom)
2019-09-25 12:50:37,737 [pool-597-thread-1] INFO  segmented.SegmentedRaftLogWorker (SegmentedRaftLogWorker.java:lambda$new$0(132)) - a1f05ce6-455b-45cd-b03d-5d245a8627a2@group-862DEEA7A2FA-SegmentedRaftLogWorker: flushIndex: setUnconditionally 0 -> -1
2019-09-25 12:50:37,738 [pool-597-thread-1] INFO  server.RaftServerConfigKeys (ConfUtils.java:logGet(43)) - raft.server.snapshot.auto.trigger.enabled = true (custom)
2019-09-25 12:50:37,738 [pool-597-thread-1] INFO  server.RaftServerConfigKeys (ConfUtils.java:logGet(43)) - raft.server.snapshot.auto.trigger.threshold = 10000 (custom)
2019-09-25 12:50:37,738 [pool-597-thread-1] INFO  server.RaftServerConfigKeys (ConfUtils.java:logGet(43)) - raft.server.snapshot.retention.num.files = 5 (custom)
2019-09-25 12:50:37,738 [pool-597-thread-1] INFO  server.RaftServerConfigKeys (ConfUtils.java:logGet(43)) - raft.server.retrycache.expirytime = 600000ms (custom)
2019-09-25 12:50:37,739 [pool-597-thread-1] INFO  impl.RaftServerImpl (RaftServerImpl.java:start(185)) - a1f05ce6-455b-45cd-b03d-5d245a8627a2@group-862DEEA7A2FA: start as a follower, conf=-1: [a1f05ce6-455b-45cd-b03d-5d245a8627a2:192.168.151.73:32959], old=null
2019-09-25 12:50:37,740 [pool-597-thread-1] INFO  impl.RaftServerImpl (RaftServerImpl.java:setRole(174)) - a1f05ce6-455b-45cd-b03d-5d245a8627a2@group-862DEEA7A2FA: changes role from      null to FOLLOWER at term 0 for startAsFollower
2019-09-25 12:50:37,740 [pool-597-thread-1] INFO  impl.RoleInfo (RoleInfo.java:updateAndGet(143)) - a1f05ce6-455b-45cd-b03d-5d245a8627a2: start FollowerState
2019-09-25 12:50:37,740 [pool-597-thread-1] INFO  util.JmxRegister (JmxRegister.java:tryRegister(44)) - Successfully registered JMX Bean with object name Ratis:service=RaftServer,group=group-862DEEA7A2FA,id=a1f05ce6-455b-45cd-b03d-5d245a8627a2
2019-09-25 12:50:37,742 [RatisPipelineUtilsThread] INFO  pipeline.PipelineStateManager (PipelineStateManager.java:addPipeline(56)) - Created pipeline Pipeline[ Id: 8a65da97-35d7-467e-bffe-862deea7a2fa, Nodes: a1f05ce6-455b-45cd-b03d-5d245a8627a2{ip: 192.168.151.73, host: pr-hdds-1569-shd4m-3693607622, networkLocation: /default-rack, certSerialId: null}, Type:RATIS, Factor:ONE, State:OPEN]
2019-09-25 12:50:37,746 [grpc-default-executor-0] INFO  impl.RaftServerProxy (RaftServerProxy.java:addNew(89)) - e2881642-7086-41b8-be0c-1552e0fbdc2f: addNew group-32B58E437C91:[e2881642-7086-41b8-be0c-1552e0fbdc2f:192.168.151.73:33020] returns group-32B58E437C91:java.util.concurrent.CompletableFuture@68facfb6[Not completed]
2019-09-25 12:50:37,747 [pool-577-thread-1] INFO  impl.RaftServerImpl (RaftServerImpl.java:<init>(95)) - e2881642-7086-41b8-be0c-1552e0fbdc2f: new RaftServerImpl for group-32B58E437C91:[e2881642-7086-41b8-be0c-1552e0fbdc2f:192.168.151.73:33020] with ContainerStateMachine:uninitialized
2019-09-25 12:50:37,747 [pool-577-thread-1] INFO  server.RaftServerConfigKeys (ConfUtils.java:logGet(43)) - raft.server.rpc.timeout.min = 5s (custom)
2019-09-25 12:50:37,747 [pool-577-thread-1] INFO  server.RaftServerConfigKeys (ConfUtils.java:logGet(43)) - raft.server.rpc.timeout.max = 5200ms (custom)
2019-09-25 12:50:37,747 [pool-577-thread-1] INFO  server.RaftServerConfigKeys (ConfUtils.java:logGet(43)) - raft.server.rpcslowness.timeout = 120s (custom)
2019-09-25 12:50:37,748 [pool-577-thread-1] INFO  server.RaftServerConfigKeys (ConfUtils.java:logGet(43)) - raft.server.sleep.deviation.threshold = 300 (default)
2019-09-25 12:50:37,748 [pool-577-thread-1] INFO  server.RaftServerConfigKeys (ConfUtils.java:logGet(43)) - raft.server.log.appender.install.snapshot.enabled = false (custom)
2019-09-25 12:50:37,748 [pool-577-thread-1] INFO  impl.RaftServerImpl (ServerState.java:<init>(103)) - e2881642-7086-41b8-be0c-1552e0fbdc2f@group-32B58E437C91: ConfigurationManager, init=-1: [e2881642-7086-41b8-be0c-1552e0fbdc2f:192.168.151.73:33020], old=null, confs=<EMPTY_MAP>
2019-09-25 12:50:37,748 [pool-577-thread-1] INFO  server.RaftServerConfigKeys (ConfUtils.java:logGet(43)) - raft.server.storage.dir = [/workdir/hadoop-ozone/ozonefs/target/test-dir/MiniOzoneClusterImpl-028383c2-6c51-4333-b3cb-3be5769adaf6/datanode-0/data/ratis] (custom)
2019-09-25 12:50:37,748 [pool-577-thread-1] INFO  storage.RaftStorageDirectory (RaftStorageDirectory.java:analyzeStorage(246)) - The storage directory /workdir/hadoop-ozone/ozonefs/target/test-dir/MiniOzoneClusterImpl-028383c2-6c51-4333-b3cb-3be5769adaf6/datanode-0/data/ratis/5d8d44b3-dc8b-4c5a-bc83-32b58e437c91 does not exist. Creating ...
2019-09-25 12:50:37,761 [pool-577-thread-1] INFO  storage.RaftStorageDirectory (RaftStorageDirectory.java:tryLock(328)) - Lock on /workdir/hadoop-ozone/ozonefs/target/test-dir/MiniOzoneClusterImpl-028383c2-6c51-4333-b3cb-3be5769adaf6/datanode-0/data/ratis/5d8d44b3-dc8b-4c5a-bc83-32b58e437c91/in_use.lock acquired by nodename 24831@pr-hdds-1569-shd4m-3693607622
2019-09-25 12:50:37,774 [pool-577-thread-1] INFO  storage.RaftStorage (RaftStorage.java:format(72)) - Storage directory /workdir/hadoop-ozone/ozonefs/target/test-dir/MiniOzoneClusterImpl-028383c2-6c51-4333-b3cb-3be5769adaf6/datanode-0/data/ratis/5d8d44b3-dc8b-4c5a-bc83-32b58e437c91 has been successfully formatted.
2019-09-25 12:50:37,775 [pool-577-thread-1] INFO  ratis.ContainerStateMachine (ContainerStateMachine.java:loadSnapshot(230)) - group-32B58E437C91: The snapshot info is null. Setting the last applied indexto:(t:0, i:~)
2019-09-25 12:50:37,775 [pool-577-thread-1] INFO  server.RaftServerConfigKeys (ConfUtils.java:logGet(43)) - raft.server.notification.no-leader.timeout = 120s (custom)
2019-09-25 12:50:37,775 [pool-577-thread-1] INFO  server.RaftServerConfigKeys (ConfUtils.java:logGet(43)) - raft.server.log.use.memory = false (default)
2019-09-25 12:50:37,775 [pool-577-thread-1] INFO  server.RaftServerConfigKeys (ConfUtils.java:logGet(43)) - raft.server.log.purge.gap = 1000000 (custom)
2019-09-25 12:50:37,775 [pool-577-thread-1] INFO  server.RaftServerConfigKeys (ConfUtils.java:logGet(43)) - raft.server.log.appender.buffer.byte-limit = 33554432 (custom)
2019-09-25 12:50:37,775 [pool-577-thread-1] INFO  server.RaftServerConfigKeys (ConfUtils.java:logGet(43)) - raft.server.log.segment.size.max = 1048576 (custom)
2019-09-25 12:50:37,775 [pool-577-thread-1] INFO  server.RaftServerConfigKeys (ConfUtils.java:logGet(43)) - raft.server.log.segment.cache.num.max = 2 (custom)
2019-09-25 12:50:37,775 [pool-577-thread-1] INFO  segmented.SegmentedRaftLogWorker (SegmentedRaftLogWorker.java:<init>(172)) - new e2881642-7086-41b8-be0c-1552e0fbdc2f@group-32B58E437C91-SegmentedRaftLogWorker for RaftStorage:Storage Directory /workdir/hadoop-ozone/ozonefs/target/test-dir/MiniOzoneClusterImpl-028383c2-6c51-4333-b3cb-3be5769adaf6/datanode-0/data/ratis/5d8d44b3-dc8b-4c5a-bc83-32b58e437c91
2019-09-25 12:50:37,776 [pool-577-thread-1] INFO  server.RaftServerConfigKeys (ConfUtils.java:logGet(43)) - raft.server.log.queue.byte-limit = 2147483647 (custom)
2019-09-25 12:50:37,776 [pool-577-thread-1] INFO  server.RaftServerConfigKeys (ConfUtils.java:logGet(43)) - raft.server.log.queue.element-limit = 1024 (custom)
2019-09-25 12:50:37,776 [pool-577-thread-1] INFO  server.RaftServerConfigKeys (ConfUtils.java:logGet(43)) - raft.server.log.segment.size.max = 1048576 (custom)
2019-09-25 12:50:37,776 [pool-577-thread-1] INFO  server.RaftServerConfigKeys (ConfUtils.java:logGet(43)) - raft.server.log.preallocated.size = 16384 (custom)
2019-09-25 12:50:37,776 [pool-577-thread-1] INFO  server.RaftServerConfigKeys (ConfUtils.java:logGet(43)) - raft.server.log.write.buffer.size = 33554432 (custom)
2019-09-25 12:50:37,776 [pool-577-thread-1] INFO  server.RaftServerConfigKeys (ConfUtils.java:logGet(43)) - raft.server.log.force.sync.num = 128 (default)
2019-09-25 12:50:37,776 [pool-577-thread-1] INFO  server.RaftServerConfigKeys (ConfUtils.java:logGet(43)) - raft.server.log.statemachine.data.sync = true (default)
2019-09-25 12:50:37,776 [pool-577-thread-1] INFO  server.RaftServerConfigKeys (ConfUtils.java:logGet(43)) - raft.server.log.statemachine.data.sync.timeout = 10s (default)
2019-09-25 12:50:37,776 [pool-577-thread-1] INFO  server.RaftServerConfigKeys (ConfUtils.java:logGet(43)) - raft.server.log.statemachine.data.sync.timeout.retry = -1 (default)
2019-09-25 12:50:37,777 [pool-577-thread-1] INFO  server.RaftServerConfigKeys (ConfUtils.java:logGet(43)) - raft.server.log.statemachine.data.caching.enabled = true (custom)
2019-09-25 12:50:37,777 [pool-577-thread-1] INFO  segmented.SegmentedRaftLogWorker (SegmentedRaftLogWorker.java:lambda$new$0(132)) - e2881642-7086-41b8-be0c-1552e0fbdc2f@group-32B58E437C91-SegmentedRaftLogWorker: flushIndex: setUnconditionally 0 -> -1
2019-09-25 12:50:37,777 [pool-577-thread-1] INFO  server.RaftServerConfigKeys (ConfUtils.java:logGet(43)) - raft.server.snapshot.auto.trigger.enabled = true (custom)
2019-09-25 12:50:37,777 [pool-577-thread-1] INFO  server.RaftServerConfigKeys (ConfUtils.java:logGet(43)) - raft.server.snapshot.auto.trigger.threshold = 10000 (custom)
2019-09-25 12:50:37,777 [pool-577-thread-1] INFO  server.RaftServerConfigKeys (ConfUtils.java:logGet(43)) - raft.server.snapshot.retention.num.files = 5 (custom)
2019-09-25 12:50:37,777 [pool-577-thread-1] INFO  server.RaftServerConfigKeys (ConfUtils.java:logGet(43)) - raft.server.retrycache.expirytime = 600000ms (custom)
2019-09-25 12:50:37,779 [pool-577-thread-1] INFO  impl.RaftServerImpl (RaftServerImpl.java:start(185)) - e2881642-7086-41b8-be0c-1552e0fbdc2f@group-32B58E437C91: start as a follower, conf=-1: [e2881642-7086-41b8-be0c-1552e0fbdc2f:192.168.151.73:33020], old=null
2019-09-25 12:50:37,779 [pool-577-thread-1] INFO  impl.RaftServerImpl (RaftServerImpl.java:setRole(174)) - e2881642-7086-41b8-be0c-1552e0fbdc2f@group-32B58E437C91: changes role from      null to FOLLOWER at term 0 for startAsFollower
2019-09-25 12:50:37,779 [pool-577-thread-1] INFO  impl.RoleInfo (RoleInfo.java:updateAndGet(143)) - e2881642-7086-41b8-be0c-1552e0fbdc2f: start FollowerState
2019-09-25 12:50:37,779 [pool-577-thread-1] INFO  util.JmxRegister (JmxRegister.java:tryRegister(44)) - Successfully registered JMX Bean with object name Ratis:service=RaftServer,group=group-32B58E437C91,id=e2881642-7086-41b8-be0c-1552e0fbdc2f
2019-09-25 12:50:37,781 [RatisPipelineUtilsThread] INFO  pipeline.PipelineStateManager (PipelineStateManager.java:addPipeline(56)) - Created pipeline Pipeline[ Id: 5d8d44b3-dc8b-4c5a-bc83-32b58e437c91, Nodes: e2881642-7086-41b8-be0c-1552e0fbdc2f{ip: 192.168.151.73, host: pr-hdds-1569-shd4m-3693607622, networkLocation: /default-rack, certSerialId: null}, Type:RATIS, Factor:ONE, State:OPEN]
2019-09-25 12:50:37,785 [grpc-default-executor-0] INFO  impl.RaftServerProxy (RaftServerProxy.java:addNew(89)) - e2881642-7086-41b8-be0c-1552e0fbdc2f: addNew group-CDF2504EEDB9:[e2881642-7086-41b8-be0c-1552e0fbdc2f:192.168.151.73:33020] returns group-CDF2504EEDB9:java.util.concurrent.CompletableFuture@14f564b7[Not completed]
2019-09-25 12:50:37,786 [pool-577-thread-1] INFO  impl.RaftServerImpl (RaftServerImpl.java:<init>(95)) - e2881642-7086-41b8-be0c-1552e0fbdc2f: new RaftServerImpl for group-CDF2504EEDB9:[e2881642-7086-41b8-be0c-1552e0fbdc2f:192.168.151.73:33020] with ContainerStateMachine:uninitialized
2019-09-25 12:50:37,786 [pool-577-thread-1] INFO  server.RaftServerConfigKeys (ConfUtils.java:logGet(43)) - raft.server.rpc.timeout.min = 5s (custom)
2019-09-25 12:50:37,786 [pool-577-thread-1] INFO  server.RaftServerConfigKeys (ConfUtils.java:logGet(43)) - raft.server.rpc.timeout.max = 5200ms (custom)
2019-09-25 12:50:37,787 [pool-577-thread-1] INFO  server.RaftServerConfigKeys (ConfUtils.java:logGet(43)) - raft.server.rpcslowness.timeout = 120s (custom)
2019-09-25 12:50:37,787 [pool-577-thread-1] INFO  server.RaftServerConfigKeys (ConfUtils.java:logGet(43)) - raft.server.sleep.deviation.threshold = 300 (default)
2019-09-25 12:50:37,787 [pool-577-thread-1] INFO  server.RaftServerConfigKeys (ConfUtils.java:logGet(43)) - raft.server.log.appender.install.snapshot.enabled = false (custom)
2019-09-25 12:50:37,787 [pool-577-thread-1] INFO  impl.RaftServerImpl (ServerState.java:<init>(103)) - e2881642-7086-41b8-be0c-1552e0fbdc2f@group-CDF2504EEDB9: ConfigurationManager, init=-1: [e2881642-7086-41b8-be0c-1552e0fbdc2f:192.168.151.73:33020], old=null, confs=<EMPTY_MAP>
2019-09-25 12:50:37,787 [pool-577-thread-1] INFO  server.RaftServerConfigKeys (ConfUtils.java:logGet(43)) - raft.server.storage.dir = [/workdir/hadoop-ozone/ozonefs/target/test-dir/MiniOzoneClusterImpl-028383c2-6c51-4333-b3cb-3be5769adaf6/datanode-0/data/ratis] (custom)
2019-09-25 12:50:37,787 [pool-577-thread-1] INFO  storage.RaftStorageDirectory (RaftStorageDirectory.java:analyzeStorage(246)) - The storage directory /workdir/hadoop-ozone/ozonefs/target/test-dir/MiniOzoneClusterImpl-028383c2-6c51-4333-b3cb-3be5769adaf6/datanode-0/data/ratis/69d64f63-fa65-4728-8ce6-cdf2504eedb9 does not exist. Creating ...
2019-09-25 12:50:37,800 [pool-577-thread-1] INFO  storage.RaftStorageDirectory (RaftStorageDirectory.java:tryLock(328)) - Lock on /workdir/hadoop-ozone/ozonefs/target/test-dir/MiniOzoneClusterImpl-028383c2-6c51-4333-b3cb-3be5769adaf6/datanode-0/data/ratis/69d64f63-fa65-4728-8ce6-cdf2504eedb9/in_use.lock acquired by nodename 24831@pr-hdds-1569-shd4m-3693607622
2019-09-25 12:50:37,813 [pool-577-thread-1] INFO  storage.RaftStorage (RaftStorage.java:format(72)) - Storage directory /workdir/hadoop-ozone/ozonefs/target/test-dir/MiniOzoneClusterImpl-028383c2-6c51-4333-b3cb-3be5769adaf6/datanode-0/data/ratis/69d64f63-fa65-4728-8ce6-cdf2504eedb9 has been successfully formatted.
2019-09-25 12:50:37,813 [pool-577-thread-1] INFO  ratis.ContainerStateMachine (ContainerStateMachine.java:loadSnapshot(230)) - group-CDF2504EEDB9: The snapshot info is null. Setting the last applied indexto:(t:0, i:~)
2019-09-25 12:50:37,813 [pool-577-thread-1] INFO  server.RaftServerConfigKeys (ConfUtils.java:logGet(43)) - raft.server.notification.no-leader.timeout = 120s (custom)
2019-09-25 12:50:37,814 [pool-577-thread-1] INFO  server.RaftServerConfigKeys (ConfUtils.java:logGet(43)) - raft.server.log.use.memory = false (default)
2019-09-25 12:50:37,814 [pool-577-thread-1] INFO  server.RaftServerConfigKeys (ConfUtils.java:logGet(43)) - raft.server.log.purge.gap = 1000000 (custom)
2019-09-25 12:50:37,814 [pool-577-thread-1] INFO  server.RaftServerConfigKeys (ConfUtils.java:logGet(43)) - raft.server.log.appender.buffer.byte-limit = 33554432 (custom)
2019-09-25 12:50:37,814 [pool-577-thread-1] INFO  server.RaftServerConfigKeys (ConfUtils.java:logGet(43)) - raft.server.log.segment.size.max = 1048576 (custom)
2019-09-25 12:50:37,814 [pool-577-thread-1] INFO  server.RaftServerConfigKeys (ConfUtils.java:logGet(43)) - raft.server.log.segment.cache.num.max = 2 (custom)
2019-09-25 12:50:37,814 [pool-577-thread-1] INFO  segmented.SegmentedRaftLogWorker (SegmentedRaftLogWorker.java:<init>(172)) - new e2881642-7086-41b8-be0c-1552e0fbdc2f@group-CDF2504EEDB9-SegmentedRaftLogWorker for RaftStorage:Storage Directory /workdir/hadoop-ozone/ozonefs/target/test-dir/MiniOzoneClusterImpl-028383c2-6c51-4333-b3cb-3be5769adaf6/datanode-0/data/ratis/69d64f63-fa65-4728-8ce6-cdf2504eedb9
2019-09-25 12:50:37,814 [pool-577-thread-1] INFO  server.RaftServerConfigKeys (ConfUtils.java:logGet(43)) - raft.server.log.queue.byte-limit = 2147483647 (custom)
2019-09-25 12:50:37,815 [pool-577-thread-1] INFO  server.RaftServerConfigKeys (ConfUtils.java:logGet(43)) - raft.server.log.queue.element-limit = 1024 (custom)
2019-09-25 12:50:37,815 [pool-577-thread-1] INFO  server.RaftServerConfigKeys (ConfUtils.java:logGet(43)) - raft.server.log.segment.size.max = 1048576 (custom)
2019-09-25 12:50:37,815 [pool-577-thread-1] INFO  server.RaftServerConfigKeys (ConfUtils.java:logGet(43)) - raft.server.log.preallocated.size = 16384 (custom)
2019-09-25 12:50:37,815 [pool-577-thread-1] INFO  server.RaftServerConfigKeys (ConfUtils.java:logGet(43)) - raft.server.log.write.buffer.size = 33554432 (custom)
2019-09-25 12:50:37,815 [pool-577-thread-1] INFO  server.RaftServerConfigKeys (ConfUtils.java:logGet(43)) - raft.server.log.force.sync.num = 128 (default)
2019-09-25 12:50:37,815 [pool-577-thread-1] INFO  server.RaftServerConfigKeys (ConfUtils.java:logGet(43)) - raft.server.log.statemachine.data.sync = true (default)
2019-09-25 12:50:37,815 [pool-577-thread-1] INFO  server.RaftServerConfigKeys (ConfUtils.java:logGet(43)) - raft.server.log.statemachine.data.sync.timeout = 10s (default)
2019-09-25 12:50:37,815 [pool-577-thread-1] INFO  server.RaftServerConfigKeys (ConfUtils.java:logGet(43)) - raft.server.log.statemachine.data.sync.timeout.retry = -1 (default)
2019-09-25 12:50:37,816 [pool-577-thread-1] INFO  server.RaftServerConfigKeys (ConfUtils.java:logGet(43)) - raft.server.log.statemachine.data.caching.enabled = true (custom)
2019-09-25 12:50:37,816 [pool-577-thread-1] INFO  segmented.SegmentedRaftLogWorker (SegmentedRaftLogWorker.java:lambda$new$0(132)) - e2881642-7086-41b8-be0c-1552e0fbdc2f@group-CDF2504EEDB9-SegmentedRaftLogWorker: flushIndex: setUnconditionally 0 -> -1
2019-09-25 12:50:37,816 [pool-577-thread-1] INFO  server.RaftServerConfigKeys (ConfUtils.java:logGet(43)) - raft.server.snapshot.auto.trigger.enabled = true (custom)
2019-09-25 12:50:37,816 [pool-577-thread-1] INFO  server.RaftServerConfigKeys (ConfUtils.java:logGet(43)) - raft.server.snapshot.auto.trigger.threshold = 10000 (custom)
2019-09-25 12:50:37,816 [pool-577-thread-1] INFO  server.RaftServerConfigKeys (ConfUtils.java:logGet(43)) - raft.server.snapshot.retention.num.files = 5 (custom)
2019-09-25 12:50:37,817 [pool-577-thread-1] INFO  server.RaftServerConfigKeys (ConfUtils.java:logGet(43)) - raft.server.retrycache.expirytime = 600000ms (custom)
2019-09-25 12:50:37,818 [pool-577-thread-1] INFO  impl.RaftServerImpl (RaftServerImpl.java:start(185)) - e2881642-7086-41b8-be0c-1552e0fbdc2f@group-CDF2504EEDB9: start as a follower, conf=-1: [e2881642-7086-41b8-be0c-1552e0fbdc2f:192.168.151.73:33020], old=null
2019-09-25 12:50:37,818 [pool-577-thread-1] INFO  impl.RaftServerImpl (RaftServerImpl.java:setRole(174)) - e2881642-7086-41b8-be0c-1552e0fbdc2f@group-CDF2504EEDB9: changes role from      null to FOLLOWER at term 0 for startAsFollower
2019-09-25 12:50:37,818 [pool-577-thread-1] INFO  impl.RoleInfo (RoleInfo.java:updateAndGet(143)) - e2881642-7086-41b8-be0c-1552e0fbdc2f: start FollowerState
2019-09-25 12:50:37,819 [pool-577-thread-1] INFO  util.JmxRegister (JmxRegister.java:tryRegister(44)) - Successfully registered JMX Bean with object name Ratis:service=RaftServer,group=group-CDF2504EEDB9,id=e2881642-7086-41b8-be0c-1552e0fbdc2f
2019-09-25 12:50:37,821 [RatisPipelineUtilsThread] INFO  pipeline.PipelineStateManager (PipelineStateManager.java:addPipeline(56)) - Created pipeline Pipeline[ Id: 69d64f63-fa65-4728-8ce6-cdf2504eedb9, Nodes: e2881642-7086-41b8-be0c-1552e0fbdc2f{ip: 192.168.151.73, host: pr-hdds-1569-shd4m-3693607622, networkLocation: /default-rack, certSerialId: null}, Type:RATIS, Factor:ONE, State:OPEN]
2019-09-25 12:50:37,821 [RatisPipelineUtilsThread] INFO  pipeline.PipelinePlacementPolicy (PipelinePlacementPolicy.java:meetCriteria(91)) - Pipeline Placement: can't place more pipeline on heavy datanode： e2881642-7086-41b8-be0c-1552e0fbdc2f Heaviness: 6 limit: 5
2019-09-25 12:50:37,827 [grpc-default-executor-0] INFO  impl.RaftServerProxy (RaftServerProxy.java:addNew(89)) - 38a1a6d0-28dd-4b7e-bb0d-311102a68b97: addNew group-E49E6F88C8AE:[38a1a6d0-28dd-4b7e-bb0d-311102a68b97:192.168.151.73:33076] returns group-E49E6F88C8AE:java.util.concurrent.CompletableFuture@1bfe2463[Not completed]
2019-09-25 12:50:37,827 [pool-587-thread-1] INFO  impl.RaftServerImpl (RaftServerImpl.java:<init>(95)) - 38a1a6d0-28dd-4b7e-bb0d-311102a68b97: new RaftServerImpl for group-E49E6F88C8AE:[38a1a6d0-28dd-4b7e-bb0d-311102a68b97:192.168.151.73:33076] with ContainerStateMachine:uninitialized
2019-09-25 12:50:37,828 [pool-587-thread-1] INFO  server.RaftServerConfigKeys (ConfUtils.java:logGet(43)) - raft.server.rpc.timeout.min = 5s (custom)
2019-09-25 12:50:37,828 [pool-587-thread-1] INFO  server.RaftServerConfigKeys (ConfUtils.java:logGet(43)) - raft.server.rpc.timeout.max = 5200ms (custom)
2019-09-25 12:50:37,828 [pool-587-thread-1] INFO  server.RaftServerConfigKeys (ConfUtils.java:logGet(43)) - raft.server.rpcslowness.timeout = 120s (custom)
2019-09-25 12:50:37,828 [pool-587-thread-1] INFO  server.RaftServerConfigKeys (ConfUtils.java:logGet(43)) - raft.server.sleep.deviation.threshold = 300 (default)
2019-09-25 12:50:37,828 [pool-587-thread-1] INFO  server.RaftServerConfigKeys (ConfUtils.java:logGet(43)) - raft.server.log.appender.install.snapshot.enabled = false (custom)
2019-09-25 12:50:37,828 [pool-587-thread-1] INFO  impl.RaftServerImpl (ServerState.java:<init>(103)) - 38a1a6d0-28dd-4b7e-bb0d-311102a68b97@group-E49E6F88C8AE: ConfigurationManager, init=-1: [38a1a6d0-28dd-4b7e-bb0d-311102a68b97:192.168.151.73:33076], old=null, confs=<EMPTY_MAP>
2019-09-25 12:50:37,828 [pool-587-thread-1] INFO  server.RaftServerConfigKeys (ConfUtils.java:logGet(43)) - raft.server.storage.dir = [/workdir/hadoop-ozone/ozonefs/target/test-dir/MiniOzoneClusterImpl-028383c2-6c51-4333-b3cb-3be5769adaf6/datanode-1/data/ratis] (custom)
2019-09-25 12:50:37,828 [pool-587-thread-1] INFO  storage.RaftStorageDirectory (RaftStorageDirectory.java:analyzeStorage(246)) - The storage directory /workdir/hadoop-ozone/ozonefs/target/test-dir/MiniOzoneClusterImpl-028383c2-6c51-4333-b3cb-3be5769adaf6/datanode-1/data/ratis/d0672090-e208-47a6-88e0-e49e6f88c8ae does not exist. Creating ...
2019-09-25 12:50:37,851 [pool-587-thread-1] INFO  storage.RaftStorageDirectory (RaftStorageDirectory.java:tryLock(328)) - Lock on /workdir/hadoop-ozone/ozonefs/target/test-dir/MiniOzoneClusterImpl-028383c2-6c51-4333-b3cb-3be5769adaf6/datanode-1/data/ratis/d0672090-e208-47a6-88e0-e49e6f88c8ae/in_use.lock acquired by nodename 24831@pr-hdds-1569-shd4m-3693607622
2019-09-25 12:50:37,871 [pool-587-thread-1] INFO  storage.RaftStorage (RaftStorage.java:format(72)) - Storage directory /workdir/hadoop-ozone/ozonefs/target/test-dir/MiniOzoneClusterImpl-028383c2-6c51-4333-b3cb-3be5769adaf6/datanode-1/data/ratis/d0672090-e208-47a6-88e0-e49e6f88c8ae has been successfully formatted.
2019-09-25 12:50:37,871 [pool-587-thread-1] INFO  ratis.ContainerStateMachine (ContainerStateMachine.java:loadSnapshot(230)) - group-E49E6F88C8AE: The snapshot info is null. Setting the last applied indexto:(t:0, i:~)
2019-09-25 12:50:37,872 [pool-587-thread-1] INFO  server.RaftServerConfigKeys (ConfUtils.java:logGet(43)) - raft.server.notification.no-leader.timeout = 120s (custom)
2019-09-25 12:50:37,872 [pool-587-thread-1] INFO  server.RaftServerConfigKeys (ConfUtils.java:logGet(43)) - raft.server.log.use.memory = false (default)
2019-09-25 12:50:37,872 [pool-587-thread-1] INFO  server.RaftServerConfigKeys (ConfUtils.java:logGet(43)) - raft.server.log.purge.gap = 1000000 (custom)
2019-09-25 12:50:37,872 [pool-587-thread-1] INFO  server.RaftServerConfigKeys (ConfUtils.java:logGet(43)) - raft.server.log.appender.buffer.byte-limit = 33554432 (custom)
2019-09-25 12:50:37,872 [pool-587-thread-1] INFO  server.RaftServerConfigKeys (ConfUtils.java:logGet(43)) - raft.server.log.segment.size.max = 1048576 (custom)
2019-09-25 12:50:37,872 [pool-587-thread-1] INFO  server.RaftServerConfigKeys (ConfUtils.java:logGet(43)) - raft.server.log.segment.cache.num.max = 2 (custom)
2019-09-25 12:50:37,872 [pool-587-thread-1] INFO  segmented.SegmentedRaftLogWorker (SegmentedRaftLogWorker.java:<init>(172)) - new 38a1a6d0-28dd-4b7e-bb0d-311102a68b97@group-E49E6F88C8AE-SegmentedRaftLogWorker for RaftStorage:Storage Directory /workdir/hadoop-ozone/ozonefs/target/test-dir/MiniOzoneClusterImpl-028383c2-6c51-4333-b3cb-3be5769adaf6/datanode-1/data/ratis/d0672090-e208-47a6-88e0-e49e6f88c8ae
2019-09-25 12:50:37,872 [pool-587-thread-1] INFO  server.RaftServerConfigKeys (ConfUtils.java:logGet(43)) - raft.server.log.queue.byte-limit = 2147483647 (custom)
2019-09-25 12:50:37,872 [pool-587-thread-1] INFO  server.RaftServerConfigKeys (ConfUtils.java:logGet(43)) - raft.server.log.queue.element-limit = 1024 (custom)
2019-09-25 12:50:37,873 [pool-587-thread-1] INFO  server.RaftServerConfigKeys (ConfUtils.java:logGet(43)) - raft.server.log.segment.size.max = 1048576 (custom)
2019-09-25 12:50:37,873 [pool-587-thread-1] INFO  server.RaftServerConfigKeys (ConfUtils.java:logGet(43)) - raft.server.log.preallocated.size = 16384 (custom)
2019-09-25 12:50:37,873 [pool-587-thread-1] INFO  server.RaftServerConfigKeys (ConfUtils.java:logGet(43)) - raft.server.log.write.buffer.size = 33554432 (custom)
2019-09-25 12:50:37,873 [pool-587-thread-1] INFO  server.RaftServerConfigKeys (ConfUtils.java:logGet(43)) - raft.server.log.force.sync.num = 128 (default)
2019-09-25 12:50:37,873 [pool-587-thread-1] INFO  server.RaftServerConfigKeys (ConfUtils.java:logGet(43)) - raft.server.log.statemachine.data.sync = true (default)
2019-09-25 12:50:37,873 [pool-587-thread-1] INFO  server.RaftServerConfigKeys (ConfUtils.java:logGet(43)) - raft.server.log.statemachine.data.sync.timeout = 10s (default)
2019-09-25 12:50:37,873 [pool-587-thread-1] INFO  server.RaftServerConfigKeys (ConfUtils.java:logGet(43)) - raft.server.log.statemachine.data.sync.timeout.retry = -1 (default)
2019-09-25 12:50:37,873 [pool-587-thread-1] INFO  server.RaftServerConfigKeys (ConfUtils.java:logGet(43)) - raft.server.log.statemachine.data.caching.enabled = true (custom)
2019-09-25 12:50:37,873 [pool-587-thread-1] INFO  segmented.SegmentedRaftLogWorker (SegmentedRaftLogWorker.java:lambda$new$0(132)) - 38a1a6d0-28dd-4b7e-bb0d-311102a68b97@group-E49E6F88C8AE-SegmentedRaftLogWorker: flushIndex: setUnconditionally 0 -> -1
2019-09-25 12:50:37,874 [pool-587-thread-1] INFO  server.RaftServerConfigKeys (ConfUtils.java:logGet(43)) - raft.server.snapshot.auto.trigger.enabled = true (custom)
2019-09-25 12:50:37,874 [pool-587-thread-1] INFO  server.RaftServerConfigKeys (ConfUtils.java:logGet(43)) - raft.server.snapshot.auto.trigger.threshold = 10000 (custom)
2019-09-25 12:50:37,874 [pool-587-thread-1] INFO  server.RaftServerConfigKeys (ConfUtils.java:logGet(43)) - raft.server.snapshot.retention.num.files = 5 (custom)
2019-09-25 12:50:37,874 [pool-587-thread-1] INFO  server.RaftServerConfigKeys (ConfUtils.java:logGet(43)) - raft.server.retrycache.expirytime = 600000ms (custom)
2019-09-25 12:50:37,875 [pool-587-thread-1] INFO  impl.RaftServerImpl (RaftServerImpl.java:start(185)) - 38a1a6d0-28dd-4b7e-bb0d-311102a68b97@group-E49E6F88C8AE: start as a follower, conf=-1: [38a1a6d0-28dd-4b7e-bb0d-311102a68b97:192.168.151.73:33076], old=null
2019-09-25 12:50:37,875 [pool-587-thread-1] INFO  impl.RaftServerImpl (RaftServerImpl.java:setRole(174)) - 38a1a6d0-28dd-4b7e-bb0d-311102a68b97@group-E49E6F88C8AE: changes role from      null to FOLLOWER at term 0 for startAsFollower
2019-09-25 12:50:37,875 [pool-587-thread-1] INFO  impl.RoleInfo (RoleInfo.java:updateAndGet(143)) - 38a1a6d0-28dd-4b7e-bb0d-311102a68b97: start FollowerState
2019-09-25 12:50:37,876 [pool-587-thread-1] INFO  util.JmxRegister (JmxRegister.java:tryRegister(44)) - Successfully registered JMX Bean with object name Ratis:service=RaftServer,group=group-E49E6F88C8AE,id=38a1a6d0-28dd-4b7e-bb0d-311102a68b97
2019-09-25 12:50:37,879 [RatisPipelineUtilsThread] INFO  pipeline.PipelineStateManager (PipelineStateManager.java:addPipeline(56)) - Created pipeline Pipeline[ Id: d0672090-e208-47a6-88e0-e49e6f88c8ae, Nodes: 38a1a6d0-28dd-4b7e-bb0d-311102a68b97{ip: 192.168.151.73, host: pr-hdds-1569-shd4m-3693607622, networkLocation: /default-rack, certSerialId: null}, Type:RATIS, Factor:ONE, State:OPEN]
2019-09-25 12:50:37,879 [RatisPipelineUtilsThread] INFO  pipeline.PipelinePlacementPolicy (PipelinePlacementPolicy.java:meetCriteria(91)) - Pipeline Placement: can't place more pipeline on heavy datanode： e2881642-7086-41b8-be0c-1552e0fbdc2f Heaviness: 6 limit: 5
2019-09-25 12:50:37,884 [grpc-default-executor-0] INFO  impl.RaftServerProxy (RaftServerProxy.java:addNew(89)) - a1f05ce6-455b-45cd-b03d-5d245a8627a2: addNew group-8F47D1480142:[a1f05ce6-455b-45cd-b03d-5d245a8627a2:192.168.151.73:32959] returns group-8F47D1480142:java.util.concurrent.CompletableFuture@682d7a74[Not completed]
2019-09-25 12:50:37,885 [pool-597-thread-1] INFO  impl.RaftServerImpl (RaftServerImpl.java:<init>(95)) - a1f05ce6-455b-45cd-b03d-5d245a8627a2: new RaftServerImpl for group-8F47D1480142:[a1f05ce6-455b-45cd-b03d-5d245a8627a2:192.168.151.73:32959] with ContainerStateMachine:uninitialized
2019-09-25 12:50:37,885 [pool-597-thread-1] INFO  server.RaftServerConfigKeys (ConfUtils.java:logGet(43)) - raft.server.rpc.timeout.min = 5s (custom)
2019-09-25 12:50:37,885 [pool-597-thread-1] INFO  server.RaftServerConfigKeys (ConfUtils.java:logGet(43)) - raft.server.rpc.timeout.max = 5200ms (custom)
2019-09-25 12:50:37,885 [pool-597-thread-1] INFO  server.RaftServerConfigKeys (ConfUtils.java:logGet(43)) - raft.server.rpcslowness.timeout = 120s (custom)
2019-09-25 12:50:37,885 [pool-597-thread-1] INFO  server.RaftServerConfigKeys (ConfUtils.java:logGet(43)) - raft.server.sleep.deviation.threshold = 300 (default)
2019-09-25 12:50:37,885 [pool-597-thread-1] INFO  server.RaftServerConfigKeys (ConfUtils.java:logGet(43)) - raft.server.log.appender.install.snapshot.enabled = false (custom)
2019-09-25 12:50:37,885 [pool-597-thread-1] INFO  impl.RaftServerImpl (ServerState.java:<init>(103)) - a1f05ce6-455b-45cd-b03d-5d245a8627a2@group-8F47D1480142: ConfigurationManager, init=-1: [a1f05ce6-455b-45cd-b03d-5d245a8627a2:192.168.151.73:32959], old=null, confs=<EMPTY_MAP>
2019-09-25 12:50:37,885 [pool-597-thread-1] INFO  server.RaftServerConfigKeys (ConfUtils.java:logGet(43)) - raft.server.storage.dir = [/workdir/hadoop-ozone/ozonefs/target/test-dir/MiniOzoneClusterImpl-028383c2-6c51-4333-b3cb-3be5769adaf6/datanode-2/data/ratis] (custom)
2019-09-25 12:50:37,886 [pool-597-thread-1] INFO  storage.RaftStorageDirectory (RaftStorageDirectory.java:analyzeStorage(246)) - The storage directory /workdir/hadoop-ozone/ozonefs/target/test-dir/MiniOzoneClusterImpl-028383c2-6c51-4333-b3cb-3be5769adaf6/datanode-2/data/ratis/f68e268b-216f-48c6-99d1-8f47d1480142 does not exist. Creating ...
2019-09-25 12:50:37,907 [pool-597-thread-1] INFO  storage.RaftStorageDirectory (RaftStorageDirectory.java:tryLock(328)) - Lock on /workdir/hadoop-ozone/ozonefs/target/test-dir/MiniOzoneClusterImpl-028383c2-6c51-4333-b3cb-3be5769adaf6/datanode-2/data/ratis/f68e268b-216f-48c6-99d1-8f47d1480142/in_use.lock acquired by nodename 24831@pr-hdds-1569-shd4m-3693607622
2019-09-25 12:50:37,920 [pool-597-thread-1] INFO  storage.RaftStorage (RaftStorage.java:format(72)) - Storage directory /workdir/hadoop-ozone/ozonefs/target/test-dir/MiniOzoneClusterImpl-028383c2-6c51-4333-b3cb-3be5769adaf6/datanode-2/data/ratis/f68e268b-216f-48c6-99d1-8f47d1480142 has been successfully formatted.
2019-09-25 12:50:37,921 [pool-597-thread-1] INFO  ratis.ContainerStateMachine (ContainerStateMachine.java:loadSnapshot(230)) - group-8F47D1480142: The snapshot info is null. Setting the last applied indexto:(t:0, i:~)
2019-09-25 12:50:37,921 [pool-597-thread-1] INFO  server.RaftServerConfigKeys (ConfUtils.java:logGet(43)) - raft.server.notification.no-leader.timeout = 120s (custom)
2019-09-25 12:50:37,921 [pool-597-thread-1] INFO  server.RaftServerConfigKeys (ConfUtils.java:logGet(43)) - raft.server.log.use.memory = false (default)
2019-09-25 12:50:37,921 [pool-597-thread-1] INFO  server.RaftServerConfigKeys (ConfUtils.java:logGet(43)) - raft.server.log.purge.gap = 1000000 (custom)
2019-09-25 12:50:37,921 [pool-597-thread-1] INFO  server.RaftServerConfigKeys (ConfUtils.java:logGet(43)) - raft.server.log.appender.buffer.byte-limit = 33554432 (custom)
2019-09-25 12:50:37,921 [pool-597-thread-1] INFO  server.RaftServerConfigKeys (ConfUtils.java:logGet(43)) - raft.server.log.segment.size.max = 1048576 (custom)
2019-09-25 12:50:37,921 [pool-597-thread-1] INFO  server.RaftServerConfigKeys (ConfUtils.java:logGet(43)) - raft.server.log.segment.cache.num.max = 2 (custom)
2019-09-25 12:50:37,921 [pool-597-thread-1] INFO  segmented.SegmentedRaftLogWorker (SegmentedRaftLogWorker.java:<init>(172)) - new a1f05ce6-455b-45cd-b03d-5d245a8627a2@group-8F47D1480142-SegmentedRaftLogWorker for RaftStorage:Storage Directory /workdir/hadoop-ozone/ozonefs/target/test-dir/MiniOzoneClusterImpl-028383c2-6c51-4333-b3cb-3be5769adaf6/datanode-2/data/ratis/f68e268b-216f-48c6-99d1-8f47d1480142
2019-09-25 12:50:37,921 [pool-597-thread-1] INFO  server.RaftServerConfigKeys (ConfUtils.java:logGet(43)) - raft.server.log.queue.byte-limit = 2147483647 (custom)
2019-09-25 12:50:37,921 [pool-597-thread-1] INFO  server.RaftServerConfigKeys (ConfUtils.java:logGet(43)) - raft.server.log.queue.element-limit = 1024 (custom)
2019-09-25 12:50:37,922 [pool-597-thread-1] INFO  server.RaftServerConfigKeys (ConfUtils.java:logGet(43)) - raft.server.log.segment.size.max = 1048576 (custom)
2019-09-25 12:50:37,922 [pool-597-thread-1] INFO  server.RaftServerConfigKeys (ConfUtils.java:logGet(43)) - raft.server.log.preallocated.size = 16384 (custom)
2019-09-25 12:50:37,922 [pool-597-thread-1] INFO  server.RaftServerConfigKeys (ConfUtils.java:logGet(43)) - raft.server.log.write.buffer.size = 33554432 (custom)
2019-09-25 12:50:37,922 [pool-597-thread-1] INFO  server.RaftServerConfigKeys (ConfUtils.java:logGet(43)) - raft.server.log.force.sync.num = 128 (default)
2019-09-25 12:50:37,922 [pool-597-thread-1] INFO  server.RaftServerConfigKeys (ConfUtils.java:logGet(43)) - raft.server.log.statemachine.data.sync = true (default)
2019-09-25 12:50:37,922 [pool-597-thread-1] INFO  server.RaftServerConfigKeys (ConfUtils.java:logGet(43)) - raft.server.log.statemachine.data.sync.timeout = 10s (default)
2019-09-25 12:50:37,922 [pool-597-thread-1] INFO  server.RaftServerConfigKeys (ConfUtils.java:logGet(43)) - raft.server.log.statemachine.data.sync.timeout.retry = -1 (default)
2019-09-25 12:50:37,922 [pool-597-thread-1] INFO  server.RaftServerConfigKeys (ConfUtils.java:logGet(43)) - raft.server.log.statemachine.data.caching.enabled = true (custom)
2019-09-25 12:50:37,922 [pool-597-thread-1] INFO  segmented.SegmentedRaftLogWorker (SegmentedRaftLogWorker.java:lambda$new$0(132)) - a1f05ce6-455b-45cd-b03d-5d245a8627a2@group-8F47D1480142-SegmentedRaftLogWorker: flushIndex: setUnconditionally 0 -> -1
2019-09-25 12:50:37,923 [pool-597-thread-1] INFO  server.RaftServerConfigKeys (ConfUtils.java:logGet(43)) - raft.server.snapshot.auto.trigger.enabled = true (custom)
2019-09-25 12:50:37,923 [pool-597-thread-1] INFO  server.RaftServerConfigKeys (ConfUtils.java:logGet(43)) - raft.server.snapshot.auto.trigger.threshold = 10000 (custom)
2019-09-25 12:50:37,923 [pool-597-thread-1] INFO  server.RaftServerConfigKeys (ConfUtils.java:logGet(43)) - raft.server.snapshot.retention.num.files = 5 (custom)
2019-09-25 12:50:37,923 [pool-597-thread-1] INFO  server.RaftServerConfigKeys (ConfUtils.java:logGet(43)) - raft.server.retrycache.expirytime = 600000ms (custom)
2019-09-25 12:50:37,924 [pool-597-thread-1] INFO  impl.RaftServerImpl (RaftServerImpl.java:start(185)) - a1f05ce6-455b-45cd-b03d-5d245a8627a2@group-8F47D1480142: start as a follower, conf=-1: [a1f05ce6-455b-45cd-b03d-5d245a8627a2:192.168.151.73:32959], old=null
2019-09-25 12:50:37,924 [pool-597-thread-1] INFO  impl.RaftServerImpl (RaftServerImpl.java:setRole(174)) - a1f05ce6-455b-45cd-b03d-5d245a8627a2@group-8F47D1480142: changes role from      null to FOLLOWER at term 0 for startAsFollower
2019-09-25 12:50:37,924 [pool-597-thread-1] INFO  impl.RoleInfo (RoleInfo.java:updateAndGet(143)) - a1f05ce6-455b-45cd-b03d-5d245a8627a2: start FollowerState
2019-09-25 12:50:37,924 [pool-597-thread-1] INFO  util.JmxRegister (JmxRegister.java:tryRegister(44)) - Successfully registered JMX Bean with object name Ratis:service=RaftServer,group=group-8F47D1480142,id=a1f05ce6-455b-45cd-b03d-5d245a8627a2
2019-09-25 12:50:37,927 [RatisPipelineUtilsThread] INFO  pipeline.PipelineStateManager (PipelineStateManager.java:addPipeline(56)) - Created pipeline Pipeline[ Id: f68e268b-216f-48c6-99d1-8f47d1480142, Nodes: a1f05ce6-455b-45cd-b03d-5d245a8627a2{ip: 192.168.151.73, host: pr-hdds-1569-shd4m-3693607622, networkLocation: /default-rack, certSerialId: null}, Type:RATIS, Factor:ONE, State:OPEN]
2019-09-25 12:50:37,927 [RatisPipelineUtilsThread] INFO  pipeline.PipelinePlacementPolicy (PipelinePlacementPolicy.java:meetCriteria(91)) - Pipeline Placement: can't place more pipeline on heavy datanode： e2881642-7086-41b8-be0c-1552e0fbdc2f Heaviness: 6 limit: 5
2019-09-25 12:50:37,931 [grpc-default-executor-0] INFO  impl.RaftServerProxy (RaftServerProxy.java:addNew(89)) - 38a1a6d0-28dd-4b7e-bb0d-311102a68b97: addNew group-1038A1D1AF5F:[38a1a6d0-28dd-4b7e-bb0d-311102a68b97:192.168.151.73:33076] returns group-1038A1D1AF5F:java.util.concurrent.CompletableFuture@19065702[Not completed]
2019-09-25 12:50:37,935 [pool-587-thread-1] INFO  impl.RaftServerImpl (RaftServerImpl.java:<init>(95)) - 38a1a6d0-28dd-4b7e-bb0d-311102a68b97: new RaftServerImpl for group-1038A1D1AF5F:[38a1a6d0-28dd-4b7e-bb0d-311102a68b97:192.168.151.73:33076] with ContainerStateMachine:uninitialized
2019-09-25 12:50:37,935 [pool-587-thread-1] INFO  server.RaftServerConfigKeys (ConfUtils.java:logGet(43)) - raft.server.rpc.timeout.min = 5s (custom)
2019-09-25 12:50:37,935 [pool-587-thread-1] INFO  server.RaftServerConfigKeys (ConfUtils.java:logGet(43)) - raft.server.rpc.timeout.max = 5200ms (custom)
2019-09-25 12:50:37,935 [pool-587-thread-1] INFO  server.RaftServerConfigKeys (ConfUtils.java:logGet(43)) - raft.server.rpcslowness.timeout = 120s (custom)
2019-09-25 12:50:37,935 [pool-587-thread-1] INFO  server.RaftServerConfigKeys (ConfUtils.java:logGet(43)) - raft.server.sleep.deviation.threshold = 300 (default)
2019-09-25 12:50:37,935 [pool-587-thread-1] INFO  server.RaftServerConfigKeys (ConfUtils.java:logGet(43)) - raft.server.log.appender.install.snapshot.enabled = false (custom)
2019-09-25 12:50:37,935 [pool-587-thread-1] INFO  impl.RaftServerImpl (ServerState.java:<init>(103)) - 38a1a6d0-28dd-4b7e-bb0d-311102a68b97@group-1038A1D1AF5F: ConfigurationManager, init=-1: [38a1a6d0-28dd-4b7e-bb0d-311102a68b97:192.168.151.73:33076], old=null, confs=<EMPTY_MAP>
2019-09-25 12:50:37,935 [pool-587-thread-1] INFO  server.RaftServerConfigKeys (ConfUtils.java:logGet(43)) - raft.server.storage.dir = [/workdir/hadoop-ozone/ozonefs/target/test-dir/MiniOzoneClusterImpl-028383c2-6c51-4333-b3cb-3be5769adaf6/datanode-1/data/ratis] (custom)
2019-09-25 12:50:37,935 [pool-587-thread-1] INFO  storage.RaftStorageDirectory (RaftStorageDirectory.java:analyzeStorage(246)) - The storage directory /workdir/hadoop-ozone/ozonefs/target/test-dir/MiniOzoneClusterImpl-028383c2-6c51-4333-b3cb-3be5769adaf6/datanode-1/data/ratis/1efa89f5-d51b-4d70-b4c5-1038a1d1af5f does not exist. Creating ...
2019-09-25 12:50:37,949 [pool-587-thread-1] INFO  storage.RaftStorageDirectory (RaftStorageDirectory.java:tryLock(328)) - Lock on /workdir/hadoop-ozone/ozonefs/target/test-dir/MiniOzoneClusterImpl-028383c2-6c51-4333-b3cb-3be5769adaf6/datanode-1/data/ratis/1efa89f5-d51b-4d70-b4c5-1038a1d1af5f/in_use.lock acquired by nodename 24831@pr-hdds-1569-shd4m-3693607622
2019-09-25 12:50:37,964 [pool-587-thread-1] INFO  storage.RaftStorage (RaftStorage.java:format(72)) - Storage directory /workdir/hadoop-ozone/ozonefs/target/test-dir/MiniOzoneClusterImpl-028383c2-6c51-4333-b3cb-3be5769adaf6/datanode-1/data/ratis/1efa89f5-d51b-4d70-b4c5-1038a1d1af5f has been successfully formatted.
2019-09-25 12:50:37,964 [pool-587-thread-1] INFO  ratis.ContainerStateMachine (ContainerStateMachine.java:loadSnapshot(230)) - group-1038A1D1AF5F: The snapshot info is null. Setting the last applied indexto:(t:0, i:~)
2019-09-25 12:50:37,964 [pool-587-thread-1] INFO  server.RaftServerConfigKeys (ConfUtils.java:logGet(43)) - raft.server.notification.no-leader.timeout = 120s (custom)
2019-09-25 12:50:37,964 [pool-587-thread-1] INFO  server.RaftServerConfigKeys (ConfUtils.java:logGet(43)) - raft.server.log.use.memory = false (default)
2019-09-25 12:50:37,964 [pool-587-thread-1] INFO  server.RaftServerConfigKeys (ConfUtils.java:logGet(43)) - raft.server.log.purge.gap = 1000000 (custom)
2019-09-25 12:50:37,964 [pool-587-thread-1] INFO  server.RaftServerConfigKeys (ConfUtils.java:logGet(43)) - raft.server.log.appender.buffer.byte-limit = 33554432 (custom)
2019-09-25 12:50:37,964 [pool-587-thread-1] INFO  server.RaftServerConfigKeys (ConfUtils.java:logGet(43)) - raft.server.log.segment.size.max = 1048576 (custom)
2019-09-25 12:50:37,964 [pool-587-thread-1] INFO  server.RaftServerConfigKeys (ConfUtils.java:logGet(43)) - raft.server.log.segment.cache.num.max = 2 (custom)
2019-09-25 12:50:37,965 [pool-587-thread-1] INFO  segmented.SegmentedRaftLogWorker (SegmentedRaftLogWorker.java:<init>(172)) - new 38a1a6d0-28dd-4b7e-bb0d-311102a68b97@group-1038A1D1AF5F-SegmentedRaftLogWorker for RaftStorage:Storage Directory /workdir/hadoop-ozone/ozonefs/target/test-dir/MiniOzoneClusterImpl-028383c2-6c51-4333-b3cb-3be5769adaf6/datanode-1/data/ratis/1efa89f5-d51b-4d70-b4c5-1038a1d1af5f
2019-09-25 12:50:37,965 [pool-587-thread-1] INFO  server.RaftServerConfigKeys (ConfUtils.java:logGet(43)) - raft.server.log.queue.byte-limit = 2147483647 (custom)
2019-09-25 12:50:37,965 [pool-587-thread-1] INFO  server.RaftServerConfigKeys (ConfUtils.java:logGet(43)) - raft.server.log.queue.element-limit = 1024 (custom)
2019-09-25 12:50:37,965 [pool-587-thread-1] INFO  server.RaftServerConfigKeys (ConfUtils.java:logGet(43)) - raft.server.log.segment.size.max = 1048576 (custom)
2019-09-25 12:50:37,965 [pool-587-thread-1] INFO  server.RaftServerConfigKeys (ConfUtils.java:logGet(43)) - raft.server.log.preallocated.size = 16384 (custom)
2019-09-25 12:50:37,965 [pool-587-thread-1] INFO  server.RaftServerConfigKeys (ConfUtils.java:logGet(43)) - raft.server.log.write.buffer.size = 33554432 (custom)
2019-09-25 12:50:37,965 [pool-587-thread-1] INFO  server.RaftServerConfigKeys (ConfUtils.java:logGet(43)) - raft.server.log.force.sync.num = 128 (default)
2019-09-25 12:50:37,965 [pool-587-thread-1] INFO  server.RaftServerConfigKeys (ConfUtils.java:logGet(43)) - raft.server.log.statemachine.data.sync = true (default)
2019-09-25 12:50:37,965 [pool-587-thread-1] INFO  server.RaftServerConfigKeys (ConfUtils.java:logGet(43)) - raft.server.log.statemachine.data.sync.timeout = 10s (default)
2019-09-25 12:50:37,965 [pool-587-thread-1] INFO  server.RaftServerConfigKeys (ConfUtils.java:logGet(43)) - raft.server.log.statemachine.data.sync.timeout.retry = -1 (default)
2019-09-25 12:50:37,966 [pool-587-thread-1] INFO  server.RaftServerConfigKeys (ConfUtils.java:logGet(43)) - raft.server.log.statemachine.data.caching.enabled = true (custom)
2019-09-25 12:50:37,966 [pool-587-thread-1] INFO  segmented.SegmentedRaftLogWorker (SegmentedRaftLogWorker.java:lambda$new$0(132)) - 38a1a6d0-28dd-4b7e-bb0d-311102a68b97@group-1038A1D1AF5F-SegmentedRaftLogWorker: flushIndex: setUnconditionally 0 -> -1
2019-09-25 12:50:37,966 [pool-587-thread-1] INFO  server.RaftServerConfigKeys (ConfUtils.java:logGet(43)) - raft.server.snapshot.auto.trigger.enabled = true (custom)
2019-09-25 12:50:37,966 [pool-587-thread-1] INFO  server.RaftServerConfigKeys (ConfUtils.java:logGet(43)) - raft.server.snapshot.auto.trigger.threshold = 10000 (custom)
2019-09-25 12:50:37,966 [pool-587-thread-1] INFO  server.RaftServerConfigKeys (ConfUtils.java:logGet(43)) - raft.server.snapshot.retention.num.files = 5 (custom)
2019-09-25 12:50:37,966 [pool-587-thread-1] INFO  server.RaftServerConfigKeys (ConfUtils.java:logGet(43)) - raft.server.retrycache.expirytime = 600000ms (custom)
2019-09-25 12:50:37,968 [pool-587-thread-1] INFO  impl.RaftServerImpl (RaftServerImpl.java:start(185)) - 38a1a6d0-28dd-4b7e-bb0d-311102a68b97@group-1038A1D1AF5F: start as a follower, conf=-1: [38a1a6d0-28dd-4b7e-bb0d-311102a68b97:192.168.151.73:33076], old=null
2019-09-25 12:50:37,968 [pool-587-thread-1] INFO  impl.RaftServerImpl (RaftServerImpl.java:setRole(174)) - 38a1a6d0-28dd-4b7e-bb0d-311102a68b97@group-1038A1D1AF5F: changes role from      null to FOLLOWER at term 0 for startAsFollower
2019-09-25 12:50:37,968 [pool-587-thread-1] INFO  impl.RoleInfo (RoleInfo.java:updateAndGet(143)) - 38a1a6d0-28dd-4b7e-bb0d-311102a68b97: start FollowerState
2019-09-25 12:50:37,968 [pool-587-thread-1] INFO  util.JmxRegister (JmxRegister.java:tryRegister(44)) - Successfully registered JMX Bean with object name Ratis:service=RaftServer,group=group-1038A1D1AF5F,id=38a1a6d0-28dd-4b7e-bb0d-311102a68b97
2019-09-25 12:50:37,970 [RatisPipelineUtilsThread] INFO  pipeline.PipelineStateManager (PipelineStateManager.java:addPipeline(56)) - Created pipeline Pipeline[ Id: 1efa89f5-d51b-4d70-b4c5-1038a1d1af5f, Nodes: 38a1a6d0-28dd-4b7e-bb0d-311102a68b97{ip: 192.168.151.73, host: pr-hdds-1569-shd4m-3693607622, networkLocation: /default-rack, certSerialId: null}, Type:RATIS, Factor:ONE, State:OPEN]
2019-09-25 12:50:37,970 [RatisPipelineUtilsThread] INFO  pipeline.PipelinePlacementPolicy (PipelinePlacementPolicy.java:meetCriteria(91)) - Pipeline Placement: can't place more pipeline on heavy datanode： e2881642-7086-41b8-be0c-1552e0fbdc2f Heaviness: 6 limit: 5
2019-09-25 12:50:37,974 [grpc-default-executor-0] INFO  impl.RaftServerProxy (RaftServerProxy.java:addNew(89)) - a1f05ce6-455b-45cd-b03d-5d245a8627a2: addNew group-FB9E6806F7E0:[a1f05ce6-455b-45cd-b03d-5d245a8627a2:192.168.151.73:32959] returns group-FB9E6806F7E0:java.util.concurrent.CompletableFuture@5e1a9a93[Not completed]
2019-09-25 12:50:37,975 [pool-597-thread-1] INFO  impl.RaftServerImpl (RaftServerImpl.java:<init>(95)) - a1f05ce6-455b-45cd-b03d-5d245a8627a2: new RaftServerImpl for group-FB9E6806F7E0:[a1f05ce6-455b-45cd-b03d-5d245a8627a2:192.168.151.73:32959] with ContainerStateMachine:uninitialized
2019-09-25 12:50:37,975 [pool-597-thread-1] INFO  server.RaftServerConfigKeys (ConfUtils.java:logGet(43)) - raft.server.rpc.timeout.min = 5s (custom)
2019-09-25 12:50:37,975 [pool-597-thread-1] INFO  server.RaftServerConfigKeys (ConfUtils.java:logGet(43)) - raft.server.rpc.timeout.max = 5200ms (custom)
2019-09-25 12:50:37,975 [pool-597-thread-1] INFO  server.RaftServerConfigKeys (ConfUtils.java:logGet(43)) - raft.server.rpcslowness.timeout = 120s (custom)
2019-09-25 12:50:37,975 [pool-597-thread-1] INFO  server.RaftServerConfigKeys (ConfUtils.java:logGet(43)) - raft.server.sleep.deviation.threshold = 300 (default)
2019-09-25 12:50:37,975 [pool-597-thread-1] INFO  server.RaftServerConfigKeys (ConfUtils.java:logGet(43)) - raft.server.log.appender.install.snapshot.enabled = false (custom)
2019-09-25 12:50:37,976 [pool-597-thread-1] INFO  impl.RaftServerImpl (ServerState.java:<init>(103)) - a1f05ce6-455b-45cd-b03d-5d245a8627a2@group-FB9E6806F7E0: ConfigurationManager, init=-1: [a1f05ce6-455b-45cd-b03d-5d245a8627a2:192.168.151.73:32959], old=null, confs=<EMPTY_MAP>
2019-09-25 12:50:37,976 [pool-597-thread-1] INFO  server.RaftServerConfigKeys (ConfUtils.java:logGet(43)) - raft.server.storage.dir = [/workdir/hadoop-ozone/ozonefs/target/test-dir/MiniOzoneClusterImpl-028383c2-6c51-4333-b3cb-3be5769adaf6/datanode-2/data/ratis] (custom)
2019-09-25 12:50:37,976 [pool-597-thread-1] INFO  storage.RaftStorageDirectory (RaftStorageDirectory.java:analyzeStorage(246)) - The storage directory /workdir/hadoop-ozone/ozonefs/target/test-dir/MiniOzoneClusterImpl-028383c2-6c51-4333-b3cb-3be5769adaf6/datanode-2/data/ratis/b9371e8b-b5b2-4cdb-8d3e-fb9e6806f7e0 does not exist. Creating ...
2019-09-25 12:50:38,006 [pool-597-thread-1] INFO  storage.RaftStorageDirectory (RaftStorageDirectory.java:tryLock(328)) - Lock on /workdir/hadoop-ozone/ozonefs/target/test-dir/MiniOzoneClusterImpl-028383c2-6c51-4333-b3cb-3be5769adaf6/datanode-2/data/ratis/b9371e8b-b5b2-4cdb-8d3e-fb9e6806f7e0/in_use.lock acquired by nodename 24831@pr-hdds-1569-shd4m-3693607622
2019-09-25 12:50:38,031 [pool-597-thread-1] INFO  storage.RaftStorage (RaftStorage.java:format(72)) - Storage directory /workdir/hadoop-ozone/ozonefs/target/test-dir/MiniOzoneClusterImpl-028383c2-6c51-4333-b3cb-3be5769adaf6/datanode-2/data/ratis/b9371e8b-b5b2-4cdb-8d3e-fb9e6806f7e0 has been successfully formatted.
2019-09-25 12:50:38,031 [pool-597-thread-1] INFO  ratis.ContainerStateMachine (ContainerStateMachine.java:loadSnapshot(230)) - group-FB9E6806F7E0: The snapshot info is null. Setting the last applied indexto:(t:0, i:~)
2019-09-25 12:50:38,031 [pool-597-thread-1] INFO  server.RaftServerConfigKeys (ConfUtils.java:logGet(43)) - raft.server.notification.no-leader.timeout = 120s (custom)
2019-09-25 12:50:38,031 [pool-597-thread-1] INFO  server.RaftServerConfigKeys (ConfUtils.java:logGet(43)) - raft.server.log.use.memory = false (default)
2019-09-25 12:50:38,032 [pool-597-thread-1] INFO  server.RaftServerConfigKeys (ConfUtils.java:logGet(43)) - raft.server.log.purge.gap = 1000000 (custom)
2019-09-25 12:50:38,032 [pool-597-thread-1] INFO  server.RaftServerConfigKeys (ConfUtils.java:logGet(43)) - raft.server.log.appender.buffer.byte-limit = 33554432 (custom)
2019-09-25 12:50:38,032 [pool-597-thread-1] INFO  server.RaftServerConfigKeys (ConfUtils.java:logGet(43)) - raft.server.log.segment.size.max = 1048576 (custom)
2019-09-25 12:50:38,032 [pool-597-thread-1] INFO  server.RaftServerConfigKeys (ConfUtils.java:logGet(43)) - raft.server.log.segment.cache.num.max = 2 (custom)
2019-09-25 12:50:38,032 [pool-597-thread-1] INFO  segmented.SegmentedRaftLogWorker (SegmentedRaftLogWorker.java:<init>(172)) - new a1f05ce6-455b-45cd-b03d-5d245a8627a2@group-FB9E6806F7E0-SegmentedRaftLogWorker for RaftStorage:Storage Directory /workdir/hadoop-ozone/ozonefs/target/test-dir/MiniOzoneClusterImpl-028383c2-6c51-4333-b3cb-3be5769adaf6/datanode-2/data/ratis/b9371e8b-b5b2-4cdb-8d3e-fb9e6806f7e0
2019-09-25 12:50:38,032 [pool-597-thread-1] INFO  server.RaftServerConfigKeys (ConfUtils.java:logGet(43)) - raft.server.log.queue.byte-limit = 2147483647 (custom)
2019-09-25 12:50:38,032 [pool-597-thread-1] INFO  server.RaftServerConfigKeys (ConfUtils.java:logGet(43)) - raft.server.log.queue.element-limit = 1024 (custom)
2019-09-25 12:50:38,033 [pool-597-thread-1] INFO  server.RaftServerConfigKeys (ConfUtils.java:logGet(43)) - raft.server.log.segment.size.max = 1048576 (custom)
2019-09-25 12:50:38,033 [pool-597-thread-1] INFO  server.RaftServerConfigKeys (ConfUtils.java:logGet(43)) - raft.server.log.preallocated.size = 16384 (custom)
2019-09-25 12:50:38,033 [pool-597-thread-1] INFO  server.RaftServerConfigKeys (ConfUtils.java:logGet(43)) - raft.server.log.write.buffer.size = 33554432 (custom)
2019-09-25 12:50:38,033 [pool-597-thread-1] INFO  server.RaftServerConfigKeys (ConfUtils.java:logGet(43)) - raft.server.log.force.sync.num = 128 (default)
2019-09-25 12:50:38,033 [pool-597-thread-1] INFO  server.RaftServerConfigKeys (ConfUtils.java:logGet(43)) - raft.server.log.statemachine.data.sync = true (default)
2019-09-25 12:50:38,033 [pool-597-thread-1] INFO  server.RaftServerConfigKeys (ConfUtils.java:logGet(43)) - raft.server.log.statemachine.data.sync.timeout = 10s (default)
2019-09-25 12:50:38,033 [pool-597-thread-1] INFO  server.RaftServerConfigKeys (ConfUtils.java:logGet(43)) - raft.server.log.statemachine.data.sync.timeout.retry = -1 (default)
2019-09-25 12:50:38,034 [pool-597-thread-1] INFO  server.RaftServerConfigKeys (ConfUtils.java:logGet(43)) - raft.server.log.statemachine.data.caching.enabled = true (custom)
2019-09-25 12:50:38,034 [pool-597-thread-1] INFO  segmented.SegmentedRaftLogWorker (SegmentedRaftLogWorker.java:lambda$new$0(132)) - a1f05ce6-455b-45cd-b03d-5d245a8627a2@group-FB9E6806F7E0-SegmentedRaftLogWorker: flushIndex: setUnconditionally 0 -> -1
2019-09-25 12:50:38,034 [pool-597-thread-1] INFO  server.RaftServerConfigKeys (ConfUtils.java:logGet(43)) - raft.server.snapshot.auto.trigger.enabled = true (custom)
2019-09-25 12:50:38,034 [pool-597-thread-1] INFO  server.RaftServerConfigKeys (ConfUtils.java:logGet(43)) - raft.server.snapshot.auto.trigger.threshold = 10000 (custom)
2019-09-25 12:50:38,034 [pool-597-thread-1] INFO  server.RaftServerConfigKeys (ConfUtils.java:logGet(43)) - raft.server.snapshot.retention.num.files = 5 (custom)
2019-09-25 12:50:38,035 [pool-597-thread-1] INFO  server.RaftServerConfigKeys (ConfUtils.java:logGet(43)) - raft.server.retrycache.expirytime = 600000ms (custom)
2019-09-25 12:50:38,036 [pool-597-thread-1] INFO  impl.RaftServerImpl (RaftServerImpl.java:start(185)) - a1f05ce6-455b-45cd-b03d-5d245a8627a2@group-FB9E6806F7E0: start as a follower, conf=-1: [a1f05ce6-455b-45cd-b03d-5d245a8627a2:192.168.151.73:32959], old=null
2019-09-25 12:50:38,036 [pool-597-thread-1] INFO  impl.RaftServerImpl (RaftServerImpl.java:setRole(174)) - a1f05ce6-455b-45cd-b03d-5d245a8627a2@group-FB9E6806F7E0: changes role from      null to FOLLOWER at term 0 for startAsFollower
2019-09-25 12:50:38,037 [pool-597-thread-1] INFO  impl.RoleInfo (RoleInfo.java:updateAndGet(143)) - a1f05ce6-455b-45cd-b03d-5d245a8627a2: start FollowerState
2019-09-25 12:50:38,037 [pool-597-thread-1] INFO  util.JmxRegister (JmxRegister.java:tryRegister(44)) - Successfully registered JMX Bean with object name Ratis:service=RaftServer,group=group-FB9E6806F7E0,id=a1f05ce6-455b-45cd-b03d-5d245a8627a2
2019-09-25 12:50:38,039 [RatisPipelineUtilsThread] INFO  pipeline.PipelineStateManager (PipelineStateManager.java:addPipeline(56)) - Created pipeline Pipeline[ Id: b9371e8b-b5b2-4cdb-8d3e-fb9e6806f7e0, Nodes: a1f05ce6-455b-45cd-b03d-5d245a8627a2{ip: 192.168.151.73, host: pr-hdds-1569-shd4m-3693607622, networkLocation: /default-rack, certSerialId: null}, Type:RATIS, Factor:ONE, State:OPEN]
2019-09-25 12:50:38,039 [RatisPipelineUtilsThread] INFO  pipeline.PipelinePlacementPolicy (PipelinePlacementPolicy.java:meetCriteria(91)) - Pipeline Placement: can't place more pipeline on heavy datanode： a1f05ce6-455b-45cd-b03d-5d245a8627a2 Heaviness: 6 limit: 5
2019-09-25 12:50:38,039 [RatisPipelineUtilsThread] INFO  pipeline.PipelinePlacementPolicy (PipelinePlacementPolicy.java:meetCriteria(91)) - Pipeline Placement: can't place more pipeline on heavy datanode： e2881642-7086-41b8-be0c-1552e0fbdc2f Heaviness: 6 limit: 5
2019-09-25 12:50:38,044 [grpc-default-executor-0] INFO  impl.RaftServerProxy (RaftServerProxy.java:addNew(89)) - 38a1a6d0-28dd-4b7e-bb0d-311102a68b97: addNew group-9499B05BF25D:[38a1a6d0-28dd-4b7e-bb0d-311102a68b97:192.168.151.73:33076] returns group-9499B05BF25D:java.util.concurrent.CompletableFuture@b01ec4c[Not completed]
2019-09-25 12:50:38,044 [pool-587-thread-1] INFO  impl.RaftServerImpl (RaftServerImpl.java:<init>(95)) - 38a1a6d0-28dd-4b7e-bb0d-311102a68b97: new RaftServerImpl for group-9499B05BF25D:[38a1a6d0-28dd-4b7e-bb0d-311102a68b97:192.168.151.73:33076] with ContainerStateMachine:uninitialized
2019-09-25 12:50:38,045 [pool-587-thread-1] INFO  server.RaftServerConfigKeys (ConfUtils.java:logGet(43)) - raft.server.rpc.timeout.min = 5s (custom)
2019-09-25 12:50:38,045 [pool-587-thread-1] INFO  server.RaftServerConfigKeys (ConfUtils.java:logGet(43)) - raft.server.rpc.timeout.max = 5200ms (custom)
2019-09-25 12:50:38,045 [pool-587-thread-1] INFO  server.RaftServerConfigKeys (ConfUtils.java:logGet(43)) - raft.server.rpcslowness.timeout = 120s (custom)
2019-09-25 12:50:38,045 [pool-587-thread-1] INFO  server.RaftServerConfigKeys (ConfUtils.java:logGet(43)) - raft.server.sleep.deviation.threshold = 300 (default)
2019-09-25 12:50:38,045 [pool-587-thread-1] INFO  server.RaftServerConfigKeys (ConfUtils.java:logGet(43)) - raft.server.log.appender.install.snapshot.enabled = false (custom)
2019-09-25 12:50:38,045 [pool-587-thread-1] INFO  impl.RaftServerImpl (ServerState.java:<init>(103)) - 38a1a6d0-28dd-4b7e-bb0d-311102a68b97@group-9499B05BF25D: ConfigurationManager, init=-1: [38a1a6d0-28dd-4b7e-bb0d-311102a68b97:192.168.151.73:33076], old=null, confs=<EMPTY_MAP>
2019-09-25 12:50:38,045 [pool-587-thread-1] INFO  server.RaftServerConfigKeys (ConfUtils.java:logGet(43)) - raft.server.storage.dir = [/workdir/hadoop-ozone/ozonefs/target/test-dir/MiniOzoneClusterImpl-028383c2-6c51-4333-b3cb-3be5769adaf6/datanode-1/data/ratis] (custom)
2019-09-25 12:50:38,046 [pool-587-thread-1] INFO  storage.RaftStorageDirectory (RaftStorageDirectory.java:analyzeStorage(246)) - The storage directory /workdir/hadoop-ozone/ozonefs/target/test-dir/MiniOzoneClusterImpl-028383c2-6c51-4333-b3cb-3be5769adaf6/datanode-1/data/ratis/828ad14a-ae6f-4c26-a847-9499b05bf25d does not exist. Creating ...
2019-09-25 12:50:38,073 [pool-587-thread-1] INFO  storage.RaftStorageDirectory (RaftStorageDirectory.java:tryLock(328)) - Lock on /workdir/hadoop-ozone/ozonefs/target/test-dir/MiniOzoneClusterImpl-028383c2-6c51-4333-b3cb-3be5769adaf6/datanode-1/data/ratis/828ad14a-ae6f-4c26-a847-9499b05bf25d/in_use.lock acquired by nodename 24831@pr-hdds-1569-shd4m-3693607622
2019-09-25 12:50:38,098 [pool-587-thread-1] INFO  storage.RaftStorage (RaftStorage.java:format(72)) - Storage directory /workdir/hadoop-ozone/ozonefs/target/test-dir/MiniOzoneClusterImpl-028383c2-6c51-4333-b3cb-3be5769adaf6/datanode-1/data/ratis/828ad14a-ae6f-4c26-a847-9499b05bf25d has been successfully formatted.
2019-09-25 12:50:38,099 [pool-587-thread-1] INFO  ratis.ContainerStateMachine (ContainerStateMachine.java:loadSnapshot(230)) - group-9499B05BF25D: The snapshot info is null. Setting the last applied indexto:(t:0, i:~)
2019-09-25 12:50:38,099 [pool-587-thread-1] INFO  server.RaftServerConfigKeys (ConfUtils.java:logGet(43)) - raft.server.notification.no-leader.timeout = 120s (custom)
2019-09-25 12:50:38,099 [pool-587-thread-1] INFO  server.RaftServerConfigKeys (ConfUtils.java:logGet(43)) - raft.server.log.use.memory = false (default)
2019-09-25 12:50:38,099 [pool-587-thread-1] INFO  server.RaftServerConfigKeys (ConfUtils.java:logGet(43)) - raft.server.log.purge.gap = 1000000 (custom)
2019-09-25 12:50:38,099 [pool-587-thread-1] INFO  server.RaftServerConfigKeys (ConfUtils.java:logGet(43)) - raft.server.log.appender.buffer.byte-limit = 33554432 (custom)
2019-09-25 12:50:38,099 [pool-587-thread-1] INFO  server.RaftServerConfigKeys (ConfUtils.java:logGet(43)) - raft.server.log.segment.size.max = 1048576 (custom)
2019-09-25 12:50:38,099 [pool-587-thread-1] INFO  server.RaftServerConfigKeys (ConfUtils.java:logGet(43)) - raft.server.log.segment.cache.num.max = 2 (custom)
2019-09-25 12:50:38,100 [pool-587-thread-1] INFO  segmented.SegmentedRaftLogWorker (SegmentedRaftLogWorker.java:<init>(172)) - new 38a1a6d0-28dd-4b7e-bb0d-311102a68b97@group-9499B05BF25D-SegmentedRaftLogWorker for RaftStorage:Storage Directory /workdir/hadoop-ozone/ozonefs/target/test-dir/MiniOzoneClusterImpl-028383c2-6c51-4333-b3cb-3be5769adaf6/datanode-1/data/ratis/828ad14a-ae6f-4c26-a847-9499b05bf25d
2019-09-25 12:50:38,100 [pool-587-thread-1] INFO  server.RaftServerConfigKeys (ConfUtils.java:logGet(43)) - raft.server.log.queue.byte-limit = 2147483647 (custom)
2019-09-25 12:50:38,100 [pool-587-thread-1] INFO  server.RaftServerConfigKeys (ConfUtils.java:logGet(43)) - raft.server.log.queue.element-limit = 1024 (custom)
2019-09-25 12:50:38,100 [pool-587-thread-1] INFO  server.RaftServerConfigKeys (ConfUtils.java:logGet(43)) - raft.server.log.segment.size.max = 1048576 (custom)
2019-09-25 12:50:38,100 [pool-587-thread-1] INFO  server.RaftServerConfigKeys (ConfUtils.java:logGet(43)) - raft.server.log.preallocated.size = 16384 (custom)
2019-09-25 12:50:38,100 [pool-587-thread-1] INFO  server.RaftServerConfigKeys (ConfUtils.java:logGet(43)) - raft.server.log.write.buffer.size = 33554432 (custom)
2019-09-25 12:50:38,100 [pool-587-thread-1] INFO  server.RaftServerConfigKeys (ConfUtils.java:logGet(43)) - raft.server.log.force.sync.num = 128 (default)
2019-09-25 12:50:38,100 [pool-587-thread-1] INFO  server.RaftServerConfigKeys (ConfUtils.java:logGet(43)) - raft.server.log.statemachine.data.sync = true (default)
2019-09-25 12:50:38,101 [pool-587-thread-1] INFO  server.RaftServerConfigKeys (ConfUtils.java:logGet(43)) - raft.server.log.statemachine.data.sync.timeout = 10s (default)
2019-09-25 12:50:38,101 [pool-587-thread-1] INFO  server.RaftServerConfigKeys (ConfUtils.java:logGet(43)) - raft.server.log.statemachine.data.sync.timeout.retry = -1 (default)
2019-09-25 12:50:38,101 [pool-587-thread-1] INFO  server.RaftServerConfigKeys (ConfUtils.java:logGet(43)) - raft.server.log.statemachine.data.caching.enabled = true (custom)
2019-09-25 12:50:38,101 [pool-587-thread-1] INFO  segmented.SegmentedRaftLogWorker (SegmentedRaftLogWorker.java:lambda$new$0(132)) - 38a1a6d0-28dd-4b7e-bb0d-311102a68b97@group-9499B05BF25D-SegmentedRaftLogWorker: flushIndex: setUnconditionally 0 -> -1
2019-09-25 12:50:38,101 [pool-587-thread-1] INFO  server.RaftServerConfigKeys (ConfUtils.java:logGet(43)) - raft.server.snapshot.auto.trigger.enabled = true (custom)
2019-09-25 12:50:38,102 [pool-587-thread-1] INFO  server.RaftServerConfigKeys (ConfUtils.java:logGet(43)) - raft.server.snapshot.auto.trigger.threshold = 10000 (custom)
2019-09-25 12:50:38,102 [pool-587-thread-1] INFO  server.RaftServerConfigKeys (ConfUtils.java:logGet(43)) - raft.server.snapshot.retention.num.files = 5 (custom)
2019-09-25 12:50:38,102 [pool-587-thread-1] INFO  server.RaftServerConfigKeys (ConfUtils.java:logGet(43)) - raft.server.retrycache.expirytime = 600000ms (custom)
2019-09-25 12:50:38,103 [pool-587-thread-1] INFO  impl.RaftServerImpl (RaftServerImpl.java:start(185)) - 38a1a6d0-28dd-4b7e-bb0d-311102a68b97@group-9499B05BF25D: start as a follower, conf=-1: [38a1a6d0-28dd-4b7e-bb0d-311102a68b97:192.168.151.73:33076], old=null
2019-09-25 12:50:38,103 [pool-587-thread-1] INFO  impl.RaftServerImpl (RaftServerImpl.java:setRole(174)) - 38a1a6d0-28dd-4b7e-bb0d-311102a68b97@group-9499B05BF25D: changes role from      null to FOLLOWER at term 0 for startAsFollower
2019-09-25 12:50:38,104 [pool-587-thread-1] INFO  impl.RoleInfo (RoleInfo.java:updateAndGet(143)) - 38a1a6d0-28dd-4b7e-bb0d-311102a68b97: start FollowerState
2019-09-25 12:50:38,104 [pool-587-thread-1] INFO  util.JmxRegister (JmxRegister.java:tryRegister(44)) - Successfully registered JMX Bean with object name Ratis:service=RaftServer,group=group-9499B05BF25D,id=38a1a6d0-28dd-4b7e-bb0d-311102a68b97
2019-09-25 12:50:38,106 [RatisPipelineUtilsThread] INFO  pipeline.PipelineStateManager (PipelineStateManager.java:addPipeline(56)) - Created pipeline Pipeline[ Id: 828ad14a-ae6f-4c26-a847-9499b05bf25d, Nodes: 38a1a6d0-28dd-4b7e-bb0d-311102a68b97{ip: 192.168.151.73, host: pr-hdds-1569-shd4m-3693607622, networkLocation: /default-rack, certSerialId: null}, Type:RATIS, Factor:ONE, State:OPEN]
2019-09-25 12:50:38,106 [RatisPipelineUtilsThread] INFO  pipeline.PipelinePlacementPolicy (PipelinePlacementPolicy.java:meetCriteria(91)) - Pipeline Placement: can't place more pipeline on heavy datanode： a1f05ce6-455b-45cd-b03d-5d245a8627a2 Heaviness: 6 limit: 5
2019-09-25 12:50:38,106 [RatisPipelineUtilsThread] INFO  pipeline.PipelinePlacementPolicy (PipelinePlacementPolicy.java:meetCriteria(91)) - Pipeline Placement: can't place more pipeline on heavy datanode： e2881642-7086-41b8-be0c-1552e0fbdc2f Heaviness: 6 limit: 5
2019-09-25 12:50:38,111 [grpc-default-executor-0] INFO  impl.RaftServerProxy (RaftServerProxy.java:addNew(89)) - 38a1a6d0-28dd-4b7e-bb0d-311102a68b97: addNew group-DC85CFA7398D:[38a1a6d0-28dd-4b7e-bb0d-311102a68b97:192.168.151.73:33076] returns group-DC85CFA7398D:java.util.concurrent.CompletableFuture@616eda64[Not completed]
2019-09-25 12:50:38,111 [pool-587-thread-1] INFO  impl.RaftServerImpl (RaftServerImpl.java:<init>(95)) - 38a1a6d0-28dd-4b7e-bb0d-311102a68b97: new RaftServerImpl for group-DC85CFA7398D:[38a1a6d0-28dd-4b7e-bb0d-311102a68b97:192.168.151.73:33076] with ContainerStateMachine:uninitialized
2019-09-25 12:50:38,111 [pool-587-thread-1] INFO  server.RaftServerConfigKeys (ConfUtils.java:logGet(43)) - raft.server.rpc.timeout.min = 5s (custom)
2019-09-25 12:50:38,111 [pool-587-thread-1] INFO  server.RaftServerConfigKeys (ConfUtils.java:logGet(43)) - raft.server.rpc.timeout.max = 5200ms (custom)
2019-09-25 12:50:38,111 [pool-587-thread-1] INFO  server.RaftServerConfigKeys (ConfUtils.java:logGet(43)) - raft.server.rpcslowness.timeout = 120s (custom)
2019-09-25 12:50:38,112 [pool-587-thread-1] INFO  server.RaftServerConfigKeys (ConfUtils.java:logGet(43)) - raft.server.sleep.deviation.threshold = 300 (default)
2019-09-25 12:50:38,112 [pool-587-thread-1] INFO  server.RaftServerConfigKeys (ConfUtils.java:logGet(43)) - raft.server.log.appender.install.snapshot.enabled = false (custom)
2019-09-25 12:50:38,112 [pool-587-thread-1] INFO  impl.RaftServerImpl (ServerState.java:<init>(103)) - 38a1a6d0-28dd-4b7e-bb0d-311102a68b97@group-DC85CFA7398D: ConfigurationManager, init=-1: [38a1a6d0-28dd-4b7e-bb0d-311102a68b97:192.168.151.73:33076], old=null, confs=<EMPTY_MAP>
2019-09-25 12:50:38,112 [pool-587-thread-1] INFO  server.RaftServerConfigKeys (ConfUtils.java:logGet(43)) - raft.server.storage.dir = [/workdir/hadoop-ozone/ozonefs/target/test-dir/MiniOzoneClusterImpl-028383c2-6c51-4333-b3cb-3be5769adaf6/datanode-1/data/ratis] (custom)
2019-09-25 12:50:38,112 [pool-587-thread-1] INFO  storage.RaftStorageDirectory (RaftStorageDirectory.java:analyzeStorage(246)) - The storage directory /workdir/hadoop-ozone/ozonefs/target/test-dir/MiniOzoneClusterImpl-028383c2-6c51-4333-b3cb-3be5769adaf6/datanode-1/data/ratis/475ff5ca-5812-482a-b798-dc85cfa7398d does not exist. Creating ...
2019-09-25 12:50:38,140 [pool-587-thread-1] INFO  storage.RaftStorageDirectory (RaftStorageDirectory.java:tryLock(328)) - Lock on /workdir/hadoop-ozone/ozonefs/target/test-dir/MiniOzoneClusterImpl-028383c2-6c51-4333-b3cb-3be5769adaf6/datanode-1/data/ratis/475ff5ca-5812-482a-b798-dc85cfa7398d/in_use.lock acquired by nodename 24831@pr-hdds-1569-shd4m-3693607622
2019-09-25 12:50:38,174 [pool-587-thread-1] INFO  storage.RaftStorage (RaftStorage.java:format(72)) - Storage directory /workdir/hadoop-ozone/ozonefs/target/test-dir/MiniOzoneClusterImpl-028383c2-6c51-4333-b3cb-3be5769adaf6/datanode-1/data/ratis/475ff5ca-5812-482a-b798-dc85cfa7398d has been successfully formatted.
2019-09-25 12:50:38,174 [pool-587-thread-1] INFO  ratis.ContainerStateMachine (ContainerStateMachine.java:loadSnapshot(230)) - group-DC85CFA7398D: The snapshot info is null. Setting the last applied indexto:(t:0, i:~)
2019-09-25 12:50:38,174 [pool-587-thread-1] INFO  server.RaftServerConfigKeys (ConfUtils.java:logGet(43)) - raft.server.notification.no-leader.timeout = 120s (custom)
2019-09-25 12:50:38,175 [pool-587-thread-1] INFO  server.RaftServerConfigKeys (ConfUtils.java:logGet(43)) - raft.server.log.use.memory = false (default)
2019-09-25 12:50:38,175 [pool-587-thread-1] INFO  server.RaftServerConfigKeys (ConfUtils.java:logGet(43)) - raft.server.log.purge.gap = 1000000 (custom)
2019-09-25 12:50:38,175 [pool-587-thread-1] INFO  server.RaftServerConfigKeys (ConfUtils.java:logGet(43)) - raft.server.log.appender.buffer.byte-limit = 33554432 (custom)
2019-09-25 12:50:38,175 [pool-587-thread-1] INFO  server.RaftServerConfigKeys (ConfUtils.java:logGet(43)) - raft.server.log.segment.size.max = 1048576 (custom)
2019-09-25 12:50:38,175 [pool-587-thread-1] INFO  server.RaftServerConfigKeys (ConfUtils.java:logGet(43)) - raft.server.log.segment.cache.num.max = 2 (custom)
2019-09-25 12:50:38,175 [pool-587-thread-1] INFO  segmented.SegmentedRaftLogWorker (SegmentedRaftLogWorker.java:<init>(172)) - new 38a1a6d0-28dd-4b7e-bb0d-311102a68b97@group-DC85CFA7398D-SegmentedRaftLogWorker for RaftStorage:Storage Directory /workdir/hadoop-ozone/ozonefs/target/test-dir/MiniOzoneClusterImpl-028383c2-6c51-4333-b3cb-3be5769adaf6/datanode-1/data/ratis/475ff5ca-5812-482a-b798-dc85cfa7398d
2019-09-25 12:50:38,175 [pool-587-thread-1] INFO  server.RaftServerConfigKeys (ConfUtils.java:logGet(43)) - raft.server.log.queue.byte-limit = 2147483647 (custom)
2019-09-25 12:50:38,176 [pool-587-thread-1] INFO  server.RaftServerConfigKeys (ConfUtils.java:logGet(43)) - raft.server.log.queue.element-limit = 1024 (custom)
2019-09-25 12:50:38,176 [pool-587-thread-1] INFO  server.RaftServerConfigKeys (ConfUtils.java:logGet(43)) - raft.server.log.segment.size.max = 1048576 (custom)
2019-09-25 12:50:38,176 [pool-587-thread-1] INFO  server.RaftServerConfigKeys (ConfUtils.java:logGet(43)) - raft.server.log.preallocated.size = 16384 (custom)
2019-09-25 12:50:38,176 [pool-587-thread-1] INFO  server.RaftServerConfigKeys (ConfUtils.java:logGet(43)) - raft.server.log.write.buffer.size = 33554432 (custom)
2019-09-25 12:50:38,176 [pool-587-thread-1] INFO  server.RaftServerConfigKeys (ConfUtils.java:logGet(43)) - raft.server.log.force.sync.num = 128 (default)
2019-09-25 12:50:38,176 [pool-587-thread-1] INFO  server.RaftServerConfigKeys (ConfUtils.java:logGet(43)) - raft.server.log.statemachine.data.sync = true (default)
2019-09-25 12:50:38,176 [pool-587-thread-1] INFO  server.RaftServerConfigKeys (ConfUtils.java:logGet(43)) - raft.server.log.statemachine.data.sync.timeout = 10s (default)
2019-09-25 12:50:38,177 [pool-587-thread-1] INFO  server.RaftServerConfigKeys (ConfUtils.java:logGet(43)) - raft.server.log.statemachine.data.sync.timeout.retry = -1 (default)
2019-09-25 12:50:38,177 [pool-587-thread-1] INFO  server.RaftServerConfigKeys (ConfUtils.java:logGet(43)) - raft.server.log.statemachine.data.caching.enabled = true (custom)
2019-09-25 12:50:38,177 [pool-587-thread-1] INFO  segmented.SegmentedRaftLogWorker (SegmentedRaftLogWorker.java:lambda$new$0(132)) - 38a1a6d0-28dd-4b7e-bb0d-311102a68b97@group-DC85CFA7398D-SegmentedRaftLogWorker: flushIndex: setUnconditionally 0 -> -1
2019-09-25 12:50:38,177 [pool-587-thread-1] INFO  server.RaftServerConfigKeys (ConfUtils.java:logGet(43)) - raft.server.snapshot.auto.trigger.enabled = true (custom)
2019-09-25 12:50:38,177 [pool-587-thread-1] INFO  server.RaftServerConfigKeys (ConfUtils.java:logGet(43)) - raft.server.snapshot.auto.trigger.threshold = 10000 (custom)
2019-09-25 12:50:38,178 [pool-587-thread-1] INFO  server.RaftServerConfigKeys (ConfUtils.java:logGet(43)) - raft.server.snapshot.retention.num.files = 5 (custom)
2019-09-25 12:50:38,178 [pool-587-thread-1] INFO  server.RaftServerConfigKeys (ConfUtils.java:logGet(43)) - raft.server.retrycache.expirytime = 600000ms (custom)
2019-09-25 12:50:38,179 [pool-587-thread-1] INFO  impl.RaftServerImpl (RaftServerImpl.java:start(185)) - 38a1a6d0-28dd-4b7e-bb0d-311102a68b97@group-DC85CFA7398D: start as a follower, conf=-1: [38a1a6d0-28dd-4b7e-bb0d-311102a68b97:192.168.151.73:33076], old=null
2019-09-25 12:50:38,179 [pool-587-thread-1] INFO  impl.RaftServerImpl (RaftServerImpl.java:setRole(174)) - 38a1a6d0-28dd-4b7e-bb0d-311102a68b97@group-DC85CFA7398D: changes role from      null to FOLLOWER at term 0 for startAsFollower
2019-09-25 12:50:38,180 [pool-587-thread-1] INFO  impl.RoleInfo (RoleInfo.java:updateAndGet(143)) - 38a1a6d0-28dd-4b7e-bb0d-311102a68b97: start FollowerState
2019-09-25 12:50:38,180 [pool-587-thread-1] INFO  util.JmxRegister (JmxRegister.java:tryRegister(44)) - Successfully registered JMX Bean with object name Ratis:service=RaftServer,group=group-DC85CFA7398D,id=38a1a6d0-28dd-4b7e-bb0d-311102a68b97
2019-09-25 12:50:38,182 [RatisPipelineUtilsThread] INFO  pipeline.PipelineStateManager (PipelineStateManager.java:addPipeline(56)) - Created pipeline Pipeline[ Id: 475ff5ca-5812-482a-b798-dc85cfa7398d, Nodes: 38a1a6d0-28dd-4b7e-bb0d-311102a68b97{ip: 192.168.151.73, host: pr-hdds-1569-shd4m-3693607622, networkLocation: /default-rack, certSerialId: null}, Type:RATIS, Factor:ONE, State:OPEN]
2019-09-25 12:50:38,182 [RatisPipelineUtilsThread] INFO  pipeline.PipelinePlacementPolicy (PipelinePlacementPolicy.java:meetCriteria(91)) - Pipeline Placement: can't place more pipeline on heavy datanode： a1f05ce6-455b-45cd-b03d-5d245a8627a2 Heaviness: 6 limit: 5
2019-09-25 12:50:38,182 [RatisPipelineUtilsThread] INFO  pipeline.PipelinePlacementPolicy (PipelinePlacementPolicy.java:meetCriteria(91)) - Pipeline Placement: can't place more pipeline on heavy datanode： e2881642-7086-41b8-be0c-1552e0fbdc2f Heaviness: 6 limit: 5
2019-09-25 12:50:38,186 [grpc-default-executor-0] INFO  impl.RaftServerProxy (RaftServerProxy.java:addNew(89)) - 38a1a6d0-28dd-4b7e-bb0d-311102a68b97: addNew group-6997279DD1BF:[38a1a6d0-28dd-4b7e-bb0d-311102a68b97:192.168.151.73:33076] returns group-6997279DD1BF:java.util.concurrent.CompletableFuture@6595f0e5[Not completed]
2019-09-25 12:50:38,187 [pool-587-thread-1] INFO  impl.RaftServerImpl (RaftServerImpl.java:<init>(95)) - 38a1a6d0-28dd-4b7e-bb0d-311102a68b97: new RaftServerImpl for group-6997279DD1BF:[38a1a6d0-28dd-4b7e-bb0d-311102a68b97:192.168.151.73:33076] with ContainerStateMachine:uninitialized
2019-09-25 12:50:38,187 [pool-587-thread-1] INFO  server.RaftServerConfigKeys (ConfUtils.java:logGet(43)) - raft.server.rpc.timeout.min = 5s (custom)
2019-09-25 12:50:38,187 [pool-587-thread-1] INFO  server.RaftServerConfigKeys (ConfUtils.java:logGet(43)) - raft.server.rpc.timeout.max = 5200ms (custom)
2019-09-25 12:50:38,188 [pool-587-thread-1] INFO  server.RaftServerConfigKeys (ConfUtils.java:logGet(43)) - raft.server.rpcslowness.timeout = 120s (custom)
2019-09-25 12:50:38,188 [pool-587-thread-1] INFO  server.RaftServerConfigKeys (ConfUtils.java:logGet(43)) - raft.server.sleep.deviation.threshold = 300 (default)
2019-09-25 12:50:38,188 [pool-587-thread-1] INFO  server.RaftServerConfigKeys (ConfUtils.java:logGet(43)) - raft.server.log.appender.install.snapshot.enabled = false (custom)
2019-09-25 12:50:38,188 [pool-587-thread-1] INFO  impl.RaftServerImpl (ServerState.java:<init>(103)) - 38a1a6d0-28dd-4b7e-bb0d-311102a68b97@group-6997279DD1BF: ConfigurationManager, init=-1: [38a1a6d0-28dd-4b7e-bb0d-311102a68b97:192.168.151.73:33076], old=null, confs=<EMPTY_MAP>
2019-09-25 12:50:38,188 [pool-587-thread-1] INFO  server.RaftServerConfigKeys (ConfUtils.java:logGet(43)) - raft.server.storage.dir = [/workdir/hadoop-ozone/ozonefs/target/test-dir/MiniOzoneClusterImpl-028383c2-6c51-4333-b3cb-3be5769adaf6/datanode-1/data/ratis] (custom)
2019-09-25 12:50:38,188 [pool-587-thread-1] INFO  storage.RaftStorageDirectory (RaftStorageDirectory.java:analyzeStorage(246)) - The storage directory /workdir/hadoop-ozone/ozonefs/target/test-dir/MiniOzoneClusterImpl-028383c2-6c51-4333-b3cb-3be5769adaf6/datanode-1/data/ratis/cdb8df36-1b58-462a-bf1e-6997279dd1bf does not exist. Creating ...
2019-09-25 12:50:38,217 [pool-587-thread-1] INFO  storage.RaftStorageDirectory (RaftStorageDirectory.java:tryLock(328)) - Lock on /workdir/hadoop-ozone/ozonefs/target/test-dir/MiniOzoneClusterImpl-028383c2-6c51-4333-b3cb-3be5769adaf6/datanode-1/data/ratis/cdb8df36-1b58-462a-bf1e-6997279dd1bf/in_use.lock acquired by nodename 24831@pr-hdds-1569-shd4m-3693607622
2019-09-25 12:50:38,242 [pool-587-thread-1] INFO  storage.RaftStorage (RaftStorage.java:format(72)) - Storage directory /workdir/hadoop-ozone/ozonefs/target/test-dir/MiniOzoneClusterImpl-028383c2-6c51-4333-b3cb-3be5769adaf6/datanode-1/data/ratis/cdb8df36-1b58-462a-bf1e-6997279dd1bf has been successfully formatted.
2019-09-25 12:50:38,243 [pool-587-thread-1] INFO  ratis.ContainerStateMachine (ContainerStateMachine.java:loadSnapshot(230)) - group-6997279DD1BF: The snapshot info is null. Setting the last applied indexto:(t:0, i:~)
2019-09-25 12:50:38,243 [pool-587-thread-1] INFO  server.RaftServerConfigKeys (ConfUtils.java:logGet(43)) - raft.server.notification.no-leader.timeout = 120s (custom)
2019-09-25 12:50:38,243 [pool-587-thread-1] INFO  server.RaftServerConfigKeys (ConfUtils.java:logGet(43)) - raft.server.log.use.memory = false (default)
2019-09-25 12:50:38,243 [pool-587-thread-1] INFO  server.RaftServerConfigKeys (ConfUtils.java:logGet(43)) - raft.server.log.purge.gap = 1000000 (custom)
2019-09-25 12:50:38,243 [pool-587-thread-1] INFO  server.RaftServerConfigKeys (ConfUtils.java:logGet(43)) - raft.server.log.appender.buffer.byte-limit = 33554432 (custom)
2019-09-25 12:50:38,243 [pool-587-thread-1] INFO  server.RaftServerConfigKeys (ConfUtils.java:logGet(43)) - raft.server.log.segment.size.max = 1048576 (custom)
2019-09-25 12:50:38,244 [pool-587-thread-1] INFO  server.RaftServerConfigKeys (ConfUtils.java:logGet(43)) - raft.server.log.segment.cache.num.max = 2 (custom)
2019-09-25 12:50:38,244 [pool-587-thread-1] INFO  segmented.SegmentedRaftLogWorker (SegmentedRaftLogWorker.java:<init>(172)) - new 38a1a6d0-28dd-4b7e-bb0d-311102a68b97@group-6997279DD1BF-SegmentedRaftLogWorker for RaftStorage:Storage Directory /workdir/hadoop-ozone/ozonefs/target/test-dir/MiniOzoneClusterImpl-028383c2-6c51-4333-b3cb-3be5769adaf6/datanode-1/data/ratis/cdb8df36-1b58-462a-bf1e-6997279dd1bf
2019-09-25 12:50:38,244 [pool-587-thread-1] INFO  server.RaftServerConfigKeys (ConfUtils.java:logGet(43)) - raft.server.log.queue.byte-limit = 2147483647 (custom)
2019-09-25 12:50:38,244 [pool-587-thread-1] INFO  server.RaftServerConfigKeys (ConfUtils.java:logGet(43)) - raft.server.log.queue.element-limit = 1024 (custom)
2019-09-25 12:50:38,244 [pool-587-thread-1] INFO  server.RaftServerConfigKeys (ConfUtils.java:logGet(43)) - raft.server.log.segment.size.max = 1048576 (custom)
2019-09-25 12:50:38,244 [pool-587-thread-1] INFO  server.RaftServerConfigKeys (ConfUtils.java:logGet(43)) - raft.server.log.preallocated.size = 16384 (custom)
2019-09-25 12:50:38,244 [pool-587-thread-1] INFO  server.RaftServerConfigKeys (ConfUtils.java:logGet(43)) - raft.server.log.write.buffer.size = 33554432 (custom)
2019-09-25 12:50:38,245 [pool-587-thread-1] INFO  server.RaftServerConfigKeys (ConfUtils.java:logGet(43)) - raft.server.log.force.sync.num = 128 (default)
2019-09-25 12:50:38,245 [pool-587-thread-1] INFO  server.RaftServerConfigKeys (ConfUtils.java:logGet(43)) - raft.server.log.statemachine.data.sync = true (default)
2019-09-25 12:50:38,245 [pool-587-thread-1] INFO  server.RaftServerConfigKeys (ConfUtils.java:logGet(43)) - raft.server.log.statemachine.data.sync.timeout = 10s (default)
2019-09-25 12:50:38,245 [pool-587-thread-1] INFO  server.RaftServerConfigKeys (ConfUtils.java:logGet(43)) - raft.server.log.statemachine.data.sync.timeout.retry = -1 (default)
2019-09-25 12:50:38,245 [pool-587-thread-1] INFO  server.RaftServerConfigKeys (ConfUtils.java:logGet(43)) - raft.server.log.statemachine.data.caching.enabled = true (custom)
2019-09-25 12:50:38,245 [pool-587-thread-1] INFO  segmented.SegmentedRaftLogWorker (SegmentedRaftLogWorker.java:lambda$new$0(132)) - 38a1a6d0-28dd-4b7e-bb0d-311102a68b97@group-6997279DD1BF-SegmentedRaftLogWorker: flushIndex: setUnconditionally 0 -> -1
2019-09-25 12:50:38,246 [pool-587-thread-1] INFO  server.RaftServerConfigKeys (ConfUtils.java:logGet(43)) - raft.server.snapshot.auto.trigger.enabled = true (custom)
2019-09-25 12:50:38,246 [pool-587-thread-1] INFO  server.RaftServerConfigKeys (ConfUtils.java:logGet(43)) - raft.server.snapshot.auto.trigger.threshold = 10000 (custom)
2019-09-25 12:50:38,246 [pool-587-thread-1] INFO  server.RaftServerConfigKeys (ConfUtils.java:logGet(43)) - raft.server.snapshot.retention.num.files = 5 (custom)
2019-09-25 12:50:38,246 [pool-587-thread-1] INFO  server.RaftServerConfigKeys (ConfUtils.java:logGet(43)) - raft.server.retrycache.expirytime = 600000ms (custom)
2019-09-25 12:50:38,248 [pool-587-thread-1] INFO  impl.RaftServerImpl (RaftServerImpl.java:start(185)) - 38a1a6d0-28dd-4b7e-bb0d-311102a68b97@group-6997279DD1BF: start as a follower, conf=-1: [38a1a6d0-28dd-4b7e-bb0d-311102a68b97:192.168.151.73:33076], old=null
2019-09-25 12:50:38,248 [pool-587-thread-1] INFO  impl.RaftServerImpl (RaftServerImpl.java:setRole(174)) - 38a1a6d0-28dd-4b7e-bb0d-311102a68b97@group-6997279DD1BF: changes role from      null to FOLLOWER at term 0 for startAsFollower
2019-09-25 12:50:38,248 [pool-587-thread-1] INFO  impl.RoleInfo (RoleInfo.java:updateAndGet(143)) - 38a1a6d0-28dd-4b7e-bb0d-311102a68b97: start FollowerState
2019-09-25 12:50:38,249 [pool-587-thread-1] INFO  util.JmxRegister (JmxRegister.java:tryRegister(44)) - Successfully registered JMX Bean with object name Ratis:service=RaftServer,group=group-6997279DD1BF,id=38a1a6d0-28dd-4b7e-bb0d-311102a68b97
2019-09-25 12:50:38,251 [RatisPipelineUtilsThread] INFO  pipeline.PipelineStateManager (PipelineStateManager.java:addPipeline(56)) - Created pipeline Pipeline[ Id: cdb8df36-1b58-462a-bf1e-6997279dd1bf, Nodes: 38a1a6d0-28dd-4b7e-bb0d-311102a68b97{ip: 192.168.151.73, host: pr-hdds-1569-shd4m-3693607622, networkLocation: /default-rack, certSerialId: null}, Type:RATIS, Factor:ONE, State:OPEN]
2019-09-25 12:50:38,251 [RatisPipelineUtilsThread] INFO  pipeline.PipelinePlacementPolicy (PipelinePlacementPolicy.java:meetCriteria(91)) - Pipeline Placement: can't place more pipeline on heavy datanode： a1f05ce6-455b-45cd-b03d-5d245a8627a2 Heaviness: 6 limit: 5
2019-09-25 12:50:38,251 [RatisPipelineUtilsThread] INFO  pipeline.PipelinePlacementPolicy (PipelinePlacementPolicy.java:meetCriteria(91)) - Pipeline Placement: can't place more pipeline on heavy datanode： e2881642-7086-41b8-be0c-1552e0fbdc2f Heaviness: 6 limit: 5
2019-09-25 12:50:38,251 [RatisPipelineUtilsThread] INFO  pipeline.PipelinePlacementPolicy (PipelinePlacementPolicy.java:meetCriteria(91)) - Pipeline Placement: can't place more pipeline on heavy datanode： 38a1a6d0-28dd-4b7e-bb0d-311102a68b97 Heaviness: 6 limit: 5
2019-09-25 12:50:38,251 [RatisPipelineUtilsThread] ERROR pipeline.PipelinePlacementPolicy (PipelinePlacementPolicy.java:filterViableNodes(148)) - Unable to find enough nodes that meet the criteria that cannot engage in more than 5 pipelines. Nodes required: 1 Found: 0, healthy nodes count inNodeManager: 3.
2019-09-25 12:50:38,252 [RatisPipelineUtilsThread] ERROR pipeline.SCMPipelineManager (SCMPipelineManager.java:createPipeline(167)) - Pipeline creation failed.
org.apache.hadoop.hdds.scm.exceptions.SCMException: Unable to find enough nodes that meet the criteria that cannot engage in more than 5 pipelines. Nodes required: 1 Found: 0, healthy nodes count inNodeManager: 3.
	at org.apache.hadoop.hdds.scm.pipeline.PipelinePlacementPolicy.filterViableNodes(PipelinePlacementPolicy.java:149)
	at org.apache.hadoop.hdds.scm.pipeline.PipelinePlacementPolicy.chooseDatanodes(PipelinePlacementPolicy.java:172)
	at org.apache.hadoop.hdds.scm.pipeline.RatisPipelineProvider.create(RatisPipelineProvider.java:93)
	at org.apache.hadoop.hdds.scm.pipeline.PipelineFactory.create(PipelineFactory.java:58)
	at org.apache.hadoop.hdds.scm.pipeline.SCMPipelineManager.createPipeline(SCMPipelineManager.java:155)
	at org.apache.hadoop.hdds.scm.pipeline.BackgroundPipelineCreator.createPipelines(BackgroundPipelineCreator.java:99)
	at java.util.concurrent.Executors$RunnableAdapter.call(Executors.java:511)
	at java.util.concurrent.FutureTask.run(FutureTask.java:266)
	at java.util.concurrent.ScheduledThreadPoolExecutor$ScheduledFutureTask.access$201(ScheduledThreadPoolExecutor.java:180)
	at java.util.concurrent.ScheduledThreadPoolExecutor$ScheduledFutureTask.run(ScheduledThreadPoolExecutor.java:293)
	at java.util.concurrent.ThreadPoolExecutor.runWorker(ThreadPoolExecutor.java:1149)
	at java.util.concurrent.ThreadPoolExecutor$Worker.run(ThreadPoolExecutor.java:624)
	at java.lang.Thread.run(Thread.java:748)
2019-09-25 12:50:38,252 [RatisPipelineUtilsThread] INFO  pipeline.PipelinePlacementPolicy (PipelinePlacementPolicy.java:meetCriteria(91)) - Pipeline Placement: can't place more pipeline on heavy datanode： a1f05ce6-455b-45cd-b03d-5d245a8627a2 Heaviness: 6 limit: 5
2019-09-25 12:50:38,252 [RatisPipelineUtilsThread] INFO  pipeline.PipelinePlacementPolicy (PipelinePlacementPolicy.java:meetCriteria(91)) - Pipeline Placement: can't place more pipeline on heavy datanode： e2881642-7086-41b8-be0c-1552e0fbdc2f Heaviness: 6 limit: 5
2019-09-25 12:50:38,252 [RatisPipelineUtilsThread] INFO  pipeline.PipelinePlacementPolicy (PipelinePlacementPolicy.java:meetCriteria(91)) - Pipeline Placement: can't place more pipeline on heavy datanode： 38a1a6d0-28dd-4b7e-bb0d-311102a68b97 Heaviness: 6 limit: 5
2019-09-25 12:50:38,252 [RatisPipelineUtilsThread] ERROR pipeline.PipelinePlacementPolicy (PipelinePlacementPolicy.java:filterViableNodes(148)) - Unable to find enough nodes that meet the criteria that cannot engage in more than 5 pipelines. Nodes required: 3 Found: 0, healthy nodes count inNodeManager: 3.
2019-09-25 12:50:38,253 [RatisPipelineUtilsThread] ERROR pipeline.SCMPipelineManager (SCMPipelineManager.java:createPipeline(167)) - Pipeline creation failed.
org.apache.hadoop.hdds.scm.exceptions.SCMException: Unable to find enough nodes that meet the criteria that cannot engage in more than 5 pipelines. Nodes required: 3 Found: 0, healthy nodes count inNodeManager: 3.
	at org.apache.hadoop.hdds.scm.pipeline.PipelinePlacementPolicy.filterViableNodes(PipelinePlacementPolicy.java:149)
	at org.apache.hadoop.hdds.scm.pipeline.PipelinePlacementPolicy.chooseDatanodes(PipelinePlacementPolicy.java:172)
	at org.apache.hadoop.hdds.scm.pipeline.RatisPipelineProvider.create(RatisPipelineProvider.java:93)
	at org.apache.hadoop.hdds.scm.pipeline.PipelineFactory.create(PipelineFactory.java:58)
	at org.apache.hadoop.hdds.scm.pipeline.SCMPipelineManager.createPipeline(SCMPipelineManager.java:155)
	at org.apache.hadoop.hdds.scm.pipeline.BackgroundPipelineCreator.createPipelines(BackgroundPipelineCreator.java:99)
	at java.util.concurrent.Executors$RunnableAdapter.call(Executors.java:511)
	at java.util.concurrent.FutureTask.run(FutureTask.java:266)
	at java.util.concurrent.ScheduledThreadPoolExecutor$ScheduledFutureTask.access$201(ScheduledThreadPoolExecutor.java:180)
	at java.util.concurrent.ScheduledThreadPoolExecutor$ScheduledFutureTask.run(ScheduledThreadPoolExecutor.java:293)
	at java.util.concurrent.ThreadPoolExecutor.runWorker(ThreadPoolExecutor.java:1149)
	at java.util.concurrent.ThreadPoolExecutor$Worker.run(ThreadPoolExecutor.java:624)
	at java.lang.Thread.run(Thread.java:748)
2019-09-25 12:50:38,253 [RatisPipelineUtilsThread] INFO  pipeline.PipelinePlacementPolicy (PipelinePlacementPolicy.java:meetCriteria(91)) - Pipeline Placement: can't place more pipeline on heavy datanode： a1f05ce6-455b-45cd-b03d-5d245a8627a2 Heaviness: 6 limit: 5
2019-09-25 12:50:38,253 [RatisPipelineUtilsThread] INFO  pipeline.PipelinePlacementPolicy (PipelinePlacementPolicy.java:meetCriteria(91)) - Pipeline Placement: can't place more pipeline on heavy datanode： e2881642-7086-41b8-be0c-1552e0fbdc2f Heaviness: 6 limit: 5
2019-09-25 12:50:38,253 [RatisPipelineUtilsThread] INFO  pipeline.PipelinePlacementPolicy (PipelinePlacementPolicy.java:meetCriteria(91)) - Pipeline Placement: can't place more pipeline on heavy datanode： 38a1a6d0-28dd-4b7e-bb0d-311102a68b97 Heaviness: 6 limit: 5
2019-09-25 12:50:38,254 [RatisPipelineUtilsThread] ERROR pipeline.PipelinePlacementPolicy (PipelinePlacementPolicy.java:filterViableNodes(148)) - Unable to find enough nodes that meet the criteria that cannot engage in more than 5 pipelines. Nodes required: 1 Found: 0, healthy nodes count inNodeManager: 3.
2019-09-25 12:50:38,254 [RatisPipelineUtilsThread] ERROR pipeline.SCMPipelineManager (SCMPipelineManager.java:createPipeline(167)) - Pipeline creation failed.
org.apache.hadoop.hdds.scm.exceptions.SCMException: Unable to find enough nodes that meet the criteria that cannot engage in more than 5 pipelines. Nodes required: 1 Found: 0, healthy nodes count inNodeManager: 3.
	at org.apache.hadoop.hdds.scm.pipeline.PipelinePlacementPolicy.filterViableNodes(PipelinePlacementPolicy.java:149)
	at org.apache.hadoop.hdds.scm.pipeline.PipelinePlacementPolicy.chooseDatanodes(PipelinePlacementPolicy.java:172)
	at org.apache.hadoop.hdds.scm.pipeline.RatisPipelineProvider.create(RatisPipelineProvider.java:93)
	at org.apache.hadoop.hdds.scm.pipeline.PipelineFactory.create(PipelineFactory.java:58)
	at org.apache.hadoop.hdds.scm.pipeline.SCMPipelineManager.createPipeline(SCMPipelineManager.java:155)
	at org.apache.hadoop.hdds.scm.pipeline.BackgroundPipelineCreator.createPipelines(BackgroundPipelineCreator.java:99)
	at org.apache.hadoop.hdds.scm.pipeline.BackgroundPipelineCreator.lambda$startFixedIntervalPipelineCreator$0(BackgroundPipelineCreator.java:70)
	at java.util.concurrent.Executors$RunnableAdapter.call(Executors.java:511)
	at java.util.concurrent.FutureTask.runAndReset(FutureTask.java:308)
	at java.util.concurrent.ScheduledThreadPoolExecutor$ScheduledFutureTask.access$301(ScheduledThreadPoolExecutor.java:180)
	at java.util.concurrent.ScheduledThreadPoolExecutor$ScheduledFutureTask.run(ScheduledThreadPoolExecutor.java:294)
	at java.util.concurrent.ThreadPoolExecutor.runWorker(ThreadPoolExecutor.java:1149)
	at java.util.concurrent.ThreadPoolExecutor$Worker.run(ThreadPoolExecutor.java:624)
	at java.lang.Thread.run(Thread.java:748)
2019-09-25 12:50:38,254 [RatisPipelineUtilsThread] INFO  pipeline.PipelinePlacementPolicy (PipelinePlacementPolicy.java:meetCriteria(91)) - Pipeline Placement: can't place more pipeline on heavy datanode： a1f05ce6-455b-45cd-b03d-5d245a8627a2 Heaviness: 6 limit: 5
2019-09-25 12:50:38,254 [RatisPipelineUtilsThread] INFO  pipeline.PipelinePlacementPolicy (PipelinePlacementPolicy.java:meetCriteria(91)) - Pipeline Placement: can't place more pipeline on heavy datanode： e2881642-7086-41b8-be0c-1552e0fbdc2f Heaviness: 6 limit: 5
2019-09-25 12:50:38,254 [RatisPipelineUtilsThread] INFO  pipeline.PipelinePlacementPolicy (PipelinePlacementPolicy.java:meetCriteria(91)) - Pipeline Placement: can't place more pipeline on heavy datanode： 38a1a6d0-28dd-4b7e-bb0d-311102a68b97 Heaviness: 6 limit: 5
2019-09-25 12:50:38,255 [RatisPipelineUtilsThread] ERROR pipeline.PipelinePlacementPolicy (PipelinePlacementPolicy.java:filterViableNodes(148)) - Unable to find enough nodes that meet the criteria that cannot engage in more than 5 pipelines. Nodes required: 3 Found: 0, healthy nodes count inNodeManager: 3.
2019-09-25 12:50:38,255 [RatisPipelineUtilsThread] ERROR pipeline.SCMPipelineManager (SCMPipelineManager.java:createPipeline(167)) - Pipeline creation failed.
org.apache.hadoop.hdds.scm.exceptions.SCMException: Unable to find enough nodes that meet the criteria that cannot engage in more than 5 pipelines. Nodes required: 3 Found: 0, healthy nodes count inNodeManager: 3.
	at org.apache.hadoop.hdds.scm.pipeline.PipelinePlacementPolicy.filterViableNodes(PipelinePlacementPolicy.java:149)
	at org.apache.hadoop.hdds.scm.pipeline.PipelinePlacementPolicy.chooseDatanodes(PipelinePlacementPolicy.java:172)
	at org.apache.hadoop.hdds.scm.pipeline.RatisPipelineProvider.create(RatisPipelineProvider.java:93)
	at org.apache.hadoop.hdds.scm.pipeline.PipelineFactory.create(PipelineFactory.java:58)
	at org.apache.hadoop.hdds.scm.pipeline.SCMPipelineManager.createPipeline(SCMPipelineManager.java:155)
	at org.apache.hadoop.hdds.scm.pipeline.BackgroundPipelineCreator.createPipelines(BackgroundPipelineCreator.java:99)
	at org.apache.hadoop.hdds.scm.pipeline.BackgroundPipelineCreator.lambda$startFixedIntervalPipelineCreator$0(BackgroundPipelineCreator.java:70)
	at java.util.concurrent.Executors$RunnableAdapter.call(Executors.java:511)
	at java.util.concurrent.FutureTask.runAndReset(FutureTask.java:308)
	at java.util.concurrent.ScheduledThreadPoolExecutor$ScheduledFutureTask.access$301(ScheduledThreadPoolExecutor.java:180)
	at java.util.concurrent.ScheduledThreadPoolExecutor$ScheduledFutureTask.run(ScheduledThreadPoolExecutor.java:294)
	at java.util.concurrent.ThreadPoolExecutor.runWorker(ThreadPoolExecutor.java:1149)
	at java.util.concurrent.ThreadPoolExecutor$Worker.run(ThreadPoolExecutor.java:624)
	at java.lang.Thread.run(Thread.java:748)
2019-09-25 12:50:38,386 [main] INFO  ozone.MiniOzoneClusterImpl (MiniOzoneClusterImpl.java:lambda$waitForClusterToBeReady$0(147)) - Cluster is ready. Got 3 of 3 DN Heartbeats.
2019-09-25 12:50:38,467 [main] INFO  rpc.RpcClient (RpcClient.java:createVolume(276)) - Creating Volume: knpzrkmubp, with user87691 as owner.
2019-09-25 12:50:38,471 [IPC Server handler 1 on 38237] INFO  volume.OMVolumeCreateRequest (OMVolumeCreateRequest.java:validateAndUpdateCache(189)) - created volume:knpzrkmubp for user:user87691
2019-09-25 12:50:38,487 [main] INFO  rpc.RpcClient (RpcClient.java:createBucket(415)) - Creating Bucket: knpzrkmubp/jdjdlmosas, with Versioning false and Storage Type set to DISK and Encryption set to false 
2019-09-25 12:50:38,523 [IPC Server handler 1 on 42123] INFO  pipeline.PipelinePlacementPolicy (PipelinePlacementPolicy.java:meetCriteria(91)) - Pipeline Placement: can't place more pipeline on heavy datanode： a1f05ce6-455b-45cd-b03d-5d245a8627a2 Heaviness: 6 limit: 5
2019-09-25 12:50:38,524 [IPC Server handler 1 on 42123] INFO  pipeline.PipelinePlacementPolicy (PipelinePlacementPolicy.java:meetCriteria(91)) - Pipeline Placement: can't place more pipeline on heavy datanode： e2881642-7086-41b8-be0c-1552e0fbdc2f Heaviness: 6 limit: 5
2019-09-25 12:50:38,524 [IPC Server handler 1 on 42123] INFO  pipeline.PipelinePlacementPolicy (PipelinePlacementPolicy.java:meetCriteria(91)) - Pipeline Placement: can't place more pipeline on heavy datanode： 38a1a6d0-28dd-4b7e-bb0d-311102a68b97 Heaviness: 6 limit: 5
2019-09-25 12:50:38,524 [IPC Server handler 1 on 42123] ERROR pipeline.PipelinePlacementPolicy (PipelinePlacementPolicy.java:filterViableNodes(148)) - Unable to find enough nodes that meet the criteria that cannot engage in more than 5 pipelines. Nodes required: 3 Found: 0, healthy nodes count inNodeManager: 3.
2019-09-25 12:50:38,524 [IPC Server handler 1 on 42123] ERROR pipeline.SCMPipelineManager (SCMPipelineManager.java:createPipeline(167)) - Pipeline creation failed.
org.apache.hadoop.hdds.scm.exceptions.SCMException: Unable to find enough nodes that meet the criteria that cannot engage in more than 5 pipelines. Nodes required: 3 Found: 0, healthy nodes count inNodeManager: 3.
	at org.apache.hadoop.hdds.scm.pipeline.PipelinePlacementPolicy.filterViableNodes(PipelinePlacementPolicy.java:149)
	at org.apache.hadoop.hdds.scm.pipeline.PipelinePlacementPolicy.chooseDatanodes(PipelinePlacementPolicy.java:172)
	at org.apache.hadoop.hdds.scm.pipeline.RatisPipelineProvider.create(RatisPipelineProvider.java:93)
	at org.apache.hadoop.hdds.scm.pipeline.PipelineFactory.create(PipelineFactory.java:58)
	at org.apache.hadoop.hdds.scm.pipeline.SCMPipelineManager.createPipeline(SCMPipelineManager.java:155)
	at org.apache.hadoop.hdds.scm.block.BlockManagerImpl.allocateBlock(BlockManagerImpl.java:190)
	at org.apache.hadoop.hdds.scm.server.SCMBlockProtocolServer.allocateBlock(SCMBlockProtocolServer.java:182)
	at org.apache.hadoop.ozone.protocolPB.ScmBlockLocationProtocolServerSideTranslatorPB.allocateScmBlock(ScmBlockLocationProtocolServerSideTranslatorPB.java:183)
	at org.apache.hadoop.ozone.protocolPB.ScmBlockLocationProtocolServerSideTranslatorPB.processMessage(ScmBlockLocationProtocolServerSideTranslatorPB.java:141)
	at org.apache.hadoop.ozone.protocolPB.ScmBlockLocationProtocolServerSideTranslatorPB.send(ScmBlockLocationProtocolServerSideTranslatorPB.java:116)
	at org.apache.hadoop.hdds.protocol.proto.ScmBlockLocationProtocolProtos$ScmBlockLocationProtocolService$2.callBlockingMethod(ScmBlockLocationProtocolProtos.java:13157)
	at org.apache.hadoop.ipc.ProtobufRpcEngine$Server$ProtoBufRpcInvoker.call(ProtobufRpcEngine.java:524)
	at org.apache.hadoop.ipc.RPC$Server.call(RPC.java:1025)
	at org.apache.hadoop.ipc.Server$RpcCall.run(Server.java:876)
	at org.apache.hadoop.ipc.Server$RpcCall.run(Server.java:822)
	at java.security.AccessController.doPrivileged(Native Method)
	at javax.security.auth.Subject.doAs(Subject.java:422)
	at org.apache.hadoop.security.UserGroupInformation.doAs(UserGroupInformation.java:1730)
	at org.apache.hadoop.ipc.Server$Handler.run(Server.java:2682)
2019-09-25 12:50:38,525 [IPC Server handler 1 on 42123] WARN  block.BlockManagerImpl (BlockManagerImpl.java:allocateBlock(192)) - Pipeline creation failed for type:RATIS factor:THREE. Retrying get pipelines call once.
org.apache.hadoop.hdds.scm.exceptions.SCMException: Unable to find enough nodes that meet the criteria that cannot engage in more than 5 pipelines. Nodes required: 3 Found: 0, healthy nodes count inNodeManager: 3.
	at org.apache.hadoop.hdds.scm.pipeline.PipelinePlacementPolicy.filterViableNodes(PipelinePlacementPolicy.java:149)
	at org.apache.hadoop.hdds.scm.pipeline.PipelinePlacementPolicy.chooseDatanodes(PipelinePlacementPolicy.java:172)
	at org.apache.hadoop.hdds.scm.pipeline.RatisPipelineProvider.create(RatisPipelineProvider.java:93)
	at org.apache.hadoop.hdds.scm.pipeline.PipelineFactory.create(PipelineFactory.java:58)
	at org.apache.hadoop.hdds.scm.pipeline.SCMPipelineManager.createPipeline(SCMPipelineManager.java:155)
	at org.apache.hadoop.hdds.scm.block.BlockManagerImpl.allocateBlock(BlockManagerImpl.java:190)
	at org.apache.hadoop.hdds.scm.server.SCMBlockProtocolServer.allocateBlock(SCMBlockProtocolServer.java:182)
	at org.apache.hadoop.ozone.protocolPB.ScmBlockLocationProtocolServerSideTranslatorPB.allocateScmBlock(ScmBlockLocationProtocolServerSideTranslatorPB.java:183)
	at org.apache.hadoop.ozone.protocolPB.ScmBlockLocationProtocolServerSideTranslatorPB.processMessage(ScmBlockLocationProtocolServerSideTranslatorPB.java:141)
	at org.apache.hadoop.ozone.protocolPB.ScmBlockLocationProtocolServerSideTranslatorPB.send(ScmBlockLocationProtocolServerSideTranslatorPB.java:116)
	at org.apache.hadoop.hdds.protocol.proto.ScmBlockLocationProtocolProtos$ScmBlockLocationProtocolService$2.callBlockingMethod(ScmBlockLocationProtocolProtos.java:13157)
	at org.apache.hadoop.ipc.ProtobufRpcEngine$Server$ProtoBufRpcInvoker.call(ProtobufRpcEngine.java:524)
	at org.apache.hadoop.ipc.RPC$Server.call(RPC.java:1025)
	at org.apache.hadoop.ipc.Server$RpcCall.run(Server.java:876)
	at org.apache.hadoop.ipc.Server$RpcCall.run(Server.java:822)
	at java.security.AccessController.doPrivileged(Native Method)
	at javax.security.auth.Subject.doAs(Subject.java:422)
	at org.apache.hadoop.security.UserGroupInformation.doAs(UserGroupInformation.java:1730)
	at org.apache.hadoop.ipc.Server$Handler.run(Server.java:2682)
2019-09-25 12:50:38,525 [IPC Server handler 1 on 42123] INFO  block.BlockManagerImpl (BlockManagerImpl.java:allocateBlock(198)) - Could not find available pipeline of type:RATIS and factor:THREE even after retrying
2019-09-25 12:50:38,525 [IPC Server handler 1 on 42123] ERROR block.BlockManagerImpl (BlockManagerImpl.java:allocateBlock(222)) - Unable to allocate a block for the size: 4194304, type: RATIS, factor: THREE
2019-09-25 12:50:38,529 [main] INFO  ozone.MiniOzoneClusterImpl (MiniOzoneClusterImpl.java:shutdown(314)) - Shutting down the Mini Ozone Cluster
2019-09-25 12:50:38,529 [main] INFO  ozone.MiniOzoneClusterImpl (MiniOzoneClusterImpl.java:stop(330)) - Stopping the Mini Ozone Cluster
2019-09-25 12:50:38,529 [main] INFO  ozone.MiniOzoneClusterImpl (MiniOzoneClusterImpl.java:stopOM(400)) - Stopping the OzoneManager
2019-09-25 12:50:38,529 [main] INFO  ipc.Server (Server.java:stop(3082)) - Stopping server on 38237
2019-09-25 12:50:38,537 [main] INFO  ratis.OzoneManagerDoubleBuffer (OzoneManagerDoubleBuffer.java:stop(248)) - Stopping OMDoubleBuffer flush thread
2019-09-25 12:50:38,537 [IPC Server Responder] INFO  ipc.Server (Server.java:run(1319)) - Stopping IPC Server Responder
2019-09-25 12:50:38,538 [OMDoubleBufferFlushThread] INFO  ratis.OzoneManagerDoubleBuffer (OzoneManagerDoubleBuffer.java:flushTransactions(191)) - OMDoubleBuffer flush thread OMDoubleBufferFlushThread is interrupted and will exit. OMDoubleBufferFlushThread
2019-09-25 12:50:38,537 [IPC Server listener on 38237] INFO  ipc.Server (Server.java:run(1185)) - Stopping IPC Server listener on 38237
2019-09-25 12:50:38,538 [main] INFO  utils.BackgroundService (BackgroundService.java:shutdown(148)) - Shutting down service KeyDeletingService
2019-09-25 12:50:38,541 [main] INFO  handler.ContextHandler (ContextHandler.java:doStop(910)) - Stopped o.e.j.w.WebAppContext@22c29aa8{/,null,UNAVAILABLE}{/ozoneManager}
2019-09-25 12:50:38,542 [main] INFO  server.AbstractConnector (AbstractConnector.java:doStop(318)) - Stopped ServerConnector@129b69b2{HTTP/1.1,[http/1.1]}{0.0.0.0:0}
2019-09-25 12:50:38,543 [main] INFO  handler.ContextHandler (ContextHandler.java:doStop(910)) - Stopped o.e.j.s.ServletContextHandler@738a39cc{/static,jar:file:/home/user/.m2/repository/org/apache/hadoop/hadoop-ozone-ozone-manager/0.5.0-SNAPSHOT/hadoop-ozone-ozone-manager-0.5.0-SNAPSHOT.jar!/webapps/static,UNAVAILABLE}
2019-09-25 12:50:38,543 [main] INFO  handler.ContextHandler (ContextHandler.java:doStop(910)) - Stopped o.e.j.s.ServletContextHandler@78e043e4{/logs,file:///workdir/hadoop-ozone/ozonefs/target/log,UNAVAILABLE}
2019-09-25 12:50:38,545 [main] INFO  ozone.MiniOzoneClusterImpl (MiniOzoneClusterImpl.java:stopDatanodes(377)) - Stopping the HddsDatanodes
2019-09-25 12:50:39,256 [Datanode State Machine Thread - 0] INFO  statemachine.DatanodeStateMachine (DatanodeStateMachine.java:lambda$startDaemon$0(350)) - Ozone container server started.
2019-09-25 12:50:39,327 [Datanode State Machine Thread - 0] INFO  statemachine.DatanodeStateMachine (DatanodeStateMachine.java:lambda$startDaemon$0(350)) - Ozone container server started.
2019-09-25 12:50:40,269 [Thread-3040] INFO  container.ReplicationManager (ReplicationManager.java:start(163)) - Starting Replication Monitor Thread.
2019-09-25 12:50:40,273 [ReplicationMonitor] INFO  container.ReplicationManager (ReplicationManager.java:run(226)) - Replication Monitor Thread took 0 milliseconds for processing 0 containers.
2019-09-25 12:50:42,439 [Thread-3042] INFO  impl.FollowerState (FollowerState.java:run(106)) - e2881642-7086-41b8-be0c-1552e0fbdc2f:group-D3817FCEB729 changes to CANDIDATE, lastRpcTime:5124, electionTimeout:5124ms
2019-09-25 12:50:42,439 [Thread-3042] INFO  impl.RoleInfo (RoleInfo.java:shutdownFollowerState(121)) - e2881642-7086-41b8-be0c-1552e0fbdc2f: shutdown FollowerState
2019-09-25 12:50:42,439 [Thread-3042] INFO  impl.RaftServerImpl (RaftServerImpl.java:setRole(174)) - e2881642-7086-41b8-be0c-1552e0fbdc2f@group-D3817FCEB729: changes role from  FOLLOWER to CANDIDATE at term 0 for changeToCandidate
2019-09-25 12:50:42,439 [Thread-3042] INFO  impl.RoleInfo (RoleInfo.java:updateAndGet(143)) - e2881642-7086-41b8-be0c-1552e0fbdc2f: start LeaderElection
2019-09-25 12:50:42,457 [e2881642-7086-41b8-be0c-1552e0fbdc2f@group-D3817FCEB729:LeaderElection166] INFO  impl.LeaderElection (LeaderElection.java:askForVotes(182)) - e2881642-7086-41b8-be0c-1552e0fbdc2f@group-D3817FCEB729:LeaderElection166: begin an election at term 1 for -1: [e2881642-7086-41b8-be0c-1552e0fbdc2f:192.168.151.73:33020], old=null
2019-09-25 12:50:42,457 [e2881642-7086-41b8-be0c-1552e0fbdc2f@group-D3817FCEB729:LeaderElection166] INFO  impl.RoleInfo (RoleInfo.java:shutdownLeaderElection(134)) - e2881642-7086-41b8-be0c-1552e0fbdc2f: shutdown LeaderElection
2019-09-25 12:50:42,457 [e2881642-7086-41b8-be0c-1552e0fbdc2f@group-D3817FCEB729:LeaderElection166] INFO  impl.RaftServerImpl (RaftServerImpl.java:setRole(174)) - e2881642-7086-41b8-be0c-1552e0fbdc2f@group-D3817FCEB729: changes role from CANDIDATE to LEADER at term 1 for changeToLeader
2019-09-25 12:50:42,457 [e2881642-7086-41b8-be0c-1552e0fbdc2f@group-D3817FCEB729:LeaderElection166] INFO  impl.RaftServerImpl (ServerState.java:setLeader(253)) - e2881642-7086-41b8-be0c-1552e0fbdc2f@group-D3817FCEB729: change Leader from null to e2881642-7086-41b8-be0c-1552e0fbdc2f at term 1 for becomeLeader, leader elected after 5150ms
2019-09-25 12:50:42,457 [e2881642-7086-41b8-be0c-1552e0fbdc2f@group-D3817FCEB729:LeaderElection166] INFO  server.RaftServerConfigKeys (ConfUtils.java:logGet(43)) - raft.server.staging.catchup.gap = 1000 (default)
2019-09-25 12:50:42,457 [e2881642-7086-41b8-be0c-1552e0fbdc2f@group-D3817FCEB729:LeaderElection166] INFO  server.RaftServerConfigKeys (ConfUtils.java:logGet(43)) - raft.server.rpc.sleep.time = 25ms (default)
2019-09-25 12:50:42,458 [e2881642-7086-41b8-be0c-1552e0fbdc2f@group-D3817FCEB729:LeaderElection166] INFO  server.RaftServerConfigKeys (ConfUtils.java:logGet(43)) - raft.server.write.element-limit = 4096 (default)
2019-09-25 12:50:42,458 [e2881642-7086-41b8-be0c-1552e0fbdc2f@group-D3817FCEB729:LeaderElection166] INFO  server.RaftServerConfigKeys (ConfUtils.java:logGet(43)) - raft.server.watch.timeout = 10s (default)
2019-09-25 12:50:42,458 [e2881642-7086-41b8-be0c-1552e0fbdc2f@group-D3817FCEB729:LeaderElection166] INFO  server.RaftServerConfigKeys (ConfUtils.java:logGet(43)) - raft.server.watch.timeout.denomination = 1s (default)
2019-09-25 12:50:42,458 [e2881642-7086-41b8-be0c-1552e0fbdc2f@group-D3817FCEB729:LeaderElection166] INFO  server.RaftServerConfigKeys (ConfUtils.java:logGet(43)) - raft.server.watch.element-limit = 65536 (default)
2019-09-25 12:50:42,460 [e2881642-7086-41b8-be0c-1552e0fbdc2f@group-D3817FCEB729:LeaderElection166] INFO  impl.RoleInfo (RoleInfo.java:updateAndGet(143)) - e2881642-7086-41b8-be0c-1552e0fbdc2f: start LeaderState
2019-09-25 12:50:42,460 [e2881642-7086-41b8-be0c-1552e0fbdc2f@group-D3817FCEB729:LeaderElection166] INFO  segmented.SegmentedRaftLogWorker (SegmentedRaftLogWorker.java:startLogSegment(380)) - e2881642-7086-41b8-be0c-1552e0fbdc2f@group-D3817FCEB729-SegmentedRaftLogWorker: Starting segment from index:0
2019-09-25 12:50:42,461 [e2881642-7086-41b8-be0c-1552e0fbdc2f@group-D3817FCEB729:LeaderElection166] INFO  impl.RaftServerImpl (ServerState.java:setRaftConf(354)) - e2881642-7086-41b8-be0c-1552e0fbdc2f@group-D3817FCEB729: set configuration 0: [e2881642-7086-41b8-be0c-1552e0fbdc2f:192.168.151.73:33020], old=null at 0
2019-09-25 12:50:42,484 [Thread-3051] INFO  impl.FollowerState (FollowerState.java:run(106)) - a1f05ce6-455b-45cd-b03d-5d245a8627a2:group-16C84A106658 changes to CANDIDATE, lastRpcTime:5019, electionTimeout:5019ms
2019-09-25 12:50:42,484 [Thread-3051] INFO  impl.RoleInfo (RoleInfo.java:shutdownFollowerState(121)) - a1f05ce6-455b-45cd-b03d-5d245a8627a2: shutdown FollowerState
2019-09-25 12:50:42,484 [Thread-3051] INFO  impl.RaftServerImpl (RaftServerImpl.java:setRole(174)) - a1f05ce6-455b-45cd-b03d-5d245a8627a2@group-16C84A106658: changes role from  FOLLOWER to CANDIDATE at term 0 for changeToCandidate
2019-09-25 12:50:42,484 [Thread-3051] INFO  impl.RoleInfo (RoleInfo.java:updateAndGet(143)) - a1f05ce6-455b-45cd-b03d-5d245a8627a2: start LeaderElection
2019-09-25 12:50:42,504 [Thread-3048] INFO  impl.FollowerState (FollowerState.java:run(106)) - e2881642-7086-41b8-be0c-1552e0fbdc2f:group-1EF4778EC631 changes to CANDIDATE, lastRpcTime:5108, electionTimeout:5108ms
2019-09-25 12:50:42,504 [Thread-3048] INFO  impl.RoleInfo (RoleInfo.java:shutdownFollowerState(121)) - e2881642-7086-41b8-be0c-1552e0fbdc2f: shutdown FollowerState
2019-09-25 12:50:42,504 [Thread-3048] INFO  impl.RaftServerImpl (RaftServerImpl.java:setRole(174)) - e2881642-7086-41b8-be0c-1552e0fbdc2f@group-1EF4778EC631: changes role from  FOLLOWER to CANDIDATE at term 0 for changeToCandidate
2019-09-25 12:50:42,504 [Thread-3048] INFO  impl.RoleInfo (RoleInfo.java:updateAndGet(143)) - e2881642-7086-41b8-be0c-1552e0fbdc2f: start LeaderElection
2019-09-25 12:50:42,512 [e2881642-7086-41b8-be0c-1552e0fbdc2f@group-D3817FCEB729-SegmentedRaftLogWorker] INFO  segmented.SegmentedRaftLogWorker (SegmentedRaftLogWorker.java:execute(569)) - e2881642-7086-41b8-be0c-1552e0fbdc2f@group-D3817FCEB729-SegmentedRaftLogWorker: created new log segment /workdir/hadoop-ozone/ozonefs/target/test-dir/MiniOzoneClusterImpl-028383c2-6c51-4333-b3cb-3be5769adaf6/datanode-0/data/ratis/2395efa4-5195-477a-965f-d3817fceb729/current/log_inprogress_0
2019-09-25 12:50:42,512 [e2881642-7086-41b8-be0c-1552e0fbdc2f@group-1EF4778EC631:LeaderElection168] INFO  impl.LeaderElection (LeaderElection.java:askForVotes(182)) - e2881642-7086-41b8-be0c-1552e0fbdc2f@group-1EF4778EC631:LeaderElection168: begin an election at term 1 for -1: [e2881642-7086-41b8-be0c-1552e0fbdc2f:192.168.151.73:33020], old=null
2019-09-25 12:50:42,512 [a1f05ce6-455b-45cd-b03d-5d245a8627a2@group-16C84A106658:LeaderElection167] INFO  impl.LeaderElection (LeaderElection.java:askForVotes(182)) - a1f05ce6-455b-45cd-b03d-5d245a8627a2@group-16C84A106658:LeaderElection167: begin an election at term 1 for -1: [a1f05ce6-455b-45cd-b03d-5d245a8627a2:192.168.151.73:32959], old=null
2019-09-25 12:50:42,512 [e2881642-7086-41b8-be0c-1552e0fbdc2f@group-1EF4778EC631:LeaderElection168] INFO  impl.RoleInfo (RoleInfo.java:shutdownLeaderElection(134)) - e2881642-7086-41b8-be0c-1552e0fbdc2f: shutdown LeaderElection
2019-09-25 12:50:42,512 [a1f05ce6-455b-45cd-b03d-5d245a8627a2@group-16C84A106658:LeaderElection167] INFO  impl.RoleInfo (RoleInfo.java:shutdownLeaderElection(134)) - a1f05ce6-455b-45cd-b03d-5d245a8627a2: shutdown LeaderElection
2019-09-25 12:50:42,513 [e2881642-7086-41b8-be0c-1552e0fbdc2f@group-1EF4778EC631:LeaderElection168] INFO  impl.RaftServerImpl (RaftServerImpl.java:setRole(174)) - e2881642-7086-41b8-be0c-1552e0fbdc2f@group-1EF4778EC631: changes role from CANDIDATE to LEADER at term 1 for changeToLeader
2019-09-25 12:50:42,513 [a1f05ce6-455b-45cd-b03d-5d245a8627a2@group-16C84A106658:LeaderElection167] INFO  impl.RaftServerImpl (RaftServerImpl.java:setRole(174)) - a1f05ce6-455b-45cd-b03d-5d245a8627a2@group-16C84A106658: changes role from CANDIDATE to LEADER at term 1 for changeToLeader
2019-09-25 12:50:42,513 [e2881642-7086-41b8-be0c-1552e0fbdc2f@group-1EF4778EC631:LeaderElection168] INFO  impl.RaftServerImpl (ServerState.java:setLeader(253)) - e2881642-7086-41b8-be0c-1552e0fbdc2f@group-1EF4778EC631: change Leader from null to e2881642-7086-41b8-be0c-1552e0fbdc2f at term 1 for becomeLeader, leader elected after 5122ms
2019-09-25 12:50:42,513 [a1f05ce6-455b-45cd-b03d-5d245a8627a2@group-16C84A106658:LeaderElection167] INFO  impl.RaftServerImpl (ServerState.java:setLeader(253)) - a1f05ce6-455b-45cd-b03d-5d245a8627a2@group-16C84A106658: change Leader from null to a1f05ce6-455b-45cd-b03d-5d245a8627a2 at term 1 for becomeLeader, leader elected after 5056ms
2019-09-25 12:50:42,513 [e2881642-7086-41b8-be0c-1552e0fbdc2f@group-1EF4778EC631:LeaderElection168] INFO  server.RaftServerConfigKeys (ConfUtils.java:logGet(43)) - raft.server.staging.catchup.gap = 1000 (default)
2019-09-25 12:50:42,513 [a1f05ce6-455b-45cd-b03d-5d245a8627a2@group-16C84A106658:LeaderElection167] INFO  server.RaftServerConfigKeys (ConfUtils.java:logGet(43)) - raft.server.staging.catchup.gap = 1000 (default)
2019-09-25 12:50:42,513 [e2881642-7086-41b8-be0c-1552e0fbdc2f@group-1EF4778EC631:LeaderElection168] INFO  server.RaftServerConfigKeys (ConfUtils.java:logGet(43)) - raft.server.rpc.sleep.time = 25ms (default)
2019-09-25 12:50:42,513 [a1f05ce6-455b-45cd-b03d-5d245a8627a2@group-16C84A106658:LeaderElection167] INFO  server.RaftServerConfigKeys (ConfUtils.java:logGet(43)) - raft.server.rpc.sleep.time = 25ms (default)
2019-09-25 12:50:42,514 [e2881642-7086-41b8-be0c-1552e0fbdc2f@group-1EF4778EC631:LeaderElection168] INFO  server.RaftServerConfigKeys (ConfUtils.java:logGet(43)) - raft.server.write.element-limit = 4096 (default)
2019-09-25 12:50:42,514 [a1f05ce6-455b-45cd-b03d-5d245a8627a2@group-16C84A106658:LeaderElection167] INFO  server.RaftServerConfigKeys (ConfUtils.java:logGet(43)) - raft.server.write.element-limit = 4096 (default)
2019-09-25 12:50:42,514 [e2881642-7086-41b8-be0c-1552e0fbdc2f@group-1EF4778EC631:LeaderElection168] INFO  server.RaftServerConfigKeys (ConfUtils.java:logGet(43)) - raft.server.watch.timeout = 10s (default)
2019-09-25 12:50:42,514 [a1f05ce6-455b-45cd-b03d-5d245a8627a2@group-16C84A106658:LeaderElection167] INFO  server.RaftServerConfigKeys (ConfUtils.java:logGet(43)) - raft.server.watch.timeout = 10s (default)
2019-09-25 12:50:42,514 [e2881642-7086-41b8-be0c-1552e0fbdc2f@group-1EF4778EC631:LeaderElection168] INFO  server.RaftServerConfigKeys (ConfUtils.java:logGet(43)) - raft.server.watch.timeout.denomination = 1s (default)
2019-09-25 12:50:42,514 [a1f05ce6-455b-45cd-b03d-5d245a8627a2@group-16C84A106658:LeaderElection167] INFO  server.RaftServerConfigKeys (ConfUtils.java:logGet(43)) - raft.server.watch.timeout.denomination = 1s (default)
2019-09-25 12:50:42,514 [e2881642-7086-41b8-be0c-1552e0fbdc2f@group-1EF4778EC631:LeaderElection168] INFO  server.RaftServerConfigKeys (ConfUtils.java:logGet(43)) - raft.server.watch.element-limit = 65536 (default)
2019-09-25 12:50:42,514 [a1f05ce6-455b-45cd-b03d-5d245a8627a2@group-16C84A106658:LeaderElection167] INFO  server.RaftServerConfigKeys (ConfUtils.java:logGet(43)) - raft.server.watch.element-limit = 65536 (default)
2019-09-25 12:50:42,517 [e2881642-7086-41b8-be0c-1552e0fbdc2f@group-1EF4778EC631:LeaderElection168] INFO  impl.RoleInfo (RoleInfo.java:updateAndGet(143)) - e2881642-7086-41b8-be0c-1552e0fbdc2f: start LeaderState
2019-09-25 12:50:42,517 [a1f05ce6-455b-45cd-b03d-5d245a8627a2@group-16C84A106658:LeaderElection167] INFO  impl.RoleInfo (RoleInfo.java:updateAndGet(143)) - a1f05ce6-455b-45cd-b03d-5d245a8627a2: start LeaderState
2019-09-25 12:50:42,517 [e2881642-7086-41b8-be0c-1552e0fbdc2f@group-1EF4778EC631:LeaderElection168] INFO  segmented.SegmentedRaftLogWorker (SegmentedRaftLogWorker.java:startLogSegment(380)) - e2881642-7086-41b8-be0c-1552e0fbdc2f@group-1EF4778EC631-SegmentedRaftLogWorker: Starting segment from index:0
2019-09-25 12:50:42,517 [a1f05ce6-455b-45cd-b03d-5d245a8627a2@group-16C84A106658:LeaderElection167] INFO  segmented.SegmentedRaftLogWorker (SegmentedRaftLogWorker.java:startLogSegment(380)) - a1f05ce6-455b-45cd-b03d-5d245a8627a2@group-16C84A106658-SegmentedRaftLogWorker: Starting segment from index:0
2019-09-25 12:50:42,518 [e2881642-7086-41b8-be0c-1552e0fbdc2f@group-1EF4778EC631:LeaderElection168] INFO  impl.RaftServerImpl (ServerState.java:setRaftConf(354)) - e2881642-7086-41b8-be0c-1552e0fbdc2f@group-1EF4778EC631: set configuration 0: [e2881642-7086-41b8-be0c-1552e0fbdc2f:192.168.151.73:33020], old=null at 0
2019-09-25 12:50:42,518 [a1f05ce6-455b-45cd-b03d-5d245a8627a2@group-16C84A106658:LeaderElection167] INFO  impl.RaftServerImpl (ServerState.java:setRaftConf(354)) - a1f05ce6-455b-45cd-b03d-5d245a8627a2@group-16C84A106658: set configuration 0: [a1f05ce6-455b-45cd-b03d-5d245a8627a2:192.168.151.73:32959], old=null at 0
2019-09-25 12:50:42,525 [Thread-3045] INFO  impl.FollowerState (FollowerState.java:run(106)) - e2881642-7086-41b8-be0c-1552e0fbdc2f:group-281ACB163DA7 changes to CANDIDATE, lastRpcTime:5170, electionTimeout:5170ms
2019-09-25 12:50:42,526 [Thread-3045] INFO  impl.RoleInfo (RoleInfo.java:shutdownFollowerState(121)) - e2881642-7086-41b8-be0c-1552e0fbdc2f: shutdown FollowerState
2019-09-25 12:50:42,526 [Thread-3045] INFO  impl.RaftServerImpl (RaftServerImpl.java:setRole(174)) - e2881642-7086-41b8-be0c-1552e0fbdc2f@group-281ACB163DA7: changes role from  FOLLOWER to CANDIDATE at term 0 for changeToCandidate
2019-09-25 12:50:42,526 [Thread-3045] INFO  impl.RoleInfo (RoleInfo.java:updateAndGet(143)) - e2881642-7086-41b8-be0c-1552e0fbdc2f: start LeaderElection
2019-09-25 12:50:42,566 [e2881642-7086-41b8-be0c-1552e0fbdc2f@group-1EF4778EC631-SegmentedRaftLogWorker] INFO  segmented.SegmentedRaftLogWorker (SegmentedRaftLogWorker.java:execute(569)) - e2881642-7086-41b8-be0c-1552e0fbdc2f@group-1EF4778EC631-SegmentedRaftLogWorker: created new log segment /workdir/hadoop-ozone/ozonefs/target/test-dir/MiniOzoneClusterImpl-028383c2-6c51-4333-b3cb-3be5769adaf6/datanode-0/data/ratis/49109e10-7401-48e3-8ea8-1ef4778ec631/current/log_inprogress_0
2019-09-25 12:50:42,566 [e2881642-7086-41b8-be0c-1552e0fbdc2f@group-281ACB163DA7:LeaderElection169] INFO  impl.LeaderElection (LeaderElection.java:askForVotes(182)) - e2881642-7086-41b8-be0c-1552e0fbdc2f@group-281ACB163DA7:LeaderElection169: begin an election at term 1 for -1: [e2881642-7086-41b8-be0c-1552e0fbdc2f:192.168.151.73:33020], old=null
2019-09-25 12:50:42,566 [a1f05ce6-455b-45cd-b03d-5d245a8627a2@group-16C84A106658-SegmentedRaftLogWorker] INFO  segmented.SegmentedRaftLogWorker (SegmentedRaftLogWorker.java:execute(569)) - a1f05ce6-455b-45cd-b03d-5d245a8627a2@group-16C84A106658-SegmentedRaftLogWorker: created new log segment /workdir/hadoop-ozone/ozonefs/target/test-dir/MiniOzoneClusterImpl-028383c2-6c51-4333-b3cb-3be5769adaf6/datanode-2/data/ratis/366d5558-e86f-4931-8fbf-16c84a106658/current/log_inprogress_0
2019-09-25 12:50:42,566 [e2881642-7086-41b8-be0c-1552e0fbdc2f@group-281ACB163DA7:LeaderElection169] INFO  impl.RoleInfo (RoleInfo.java:shutdownLeaderElection(134)) - e2881642-7086-41b8-be0c-1552e0fbdc2f: shutdown LeaderElection
2019-09-25 12:50:42,566 [e2881642-7086-41b8-be0c-1552e0fbdc2f@group-281ACB163DA7:LeaderElection169] INFO  impl.RaftServerImpl (RaftServerImpl.java:setRole(174)) - e2881642-7086-41b8-be0c-1552e0fbdc2f@group-281ACB163DA7: changes role from CANDIDATE to LEADER at term 1 for changeToLeader
2019-09-25 12:50:42,566 [e2881642-7086-41b8-be0c-1552e0fbdc2f@group-281ACB163DA7:LeaderElection169] INFO  impl.RaftServerImpl (ServerState.java:setLeader(253)) - e2881642-7086-41b8-be0c-1552e0fbdc2f@group-281ACB163DA7: change Leader from null to e2881642-7086-41b8-be0c-1552e0fbdc2f at term 1 for becomeLeader, leader elected after 5216ms
2019-09-25 12:50:42,566 [e2881642-7086-41b8-be0c-1552e0fbdc2f@group-281ACB163DA7:LeaderElection169] INFO  server.RaftServerConfigKeys (ConfUtils.java:logGet(43)) - raft.server.staging.catchup.gap = 1000 (default)
2019-09-25 12:50:42,566 [e2881642-7086-41b8-be0c-1552e0fbdc2f@group-281ACB163DA7:LeaderElection169] INFO  server.RaftServerConfigKeys (ConfUtils.java:logGet(43)) - raft.server.rpc.sleep.time = 25ms (default)
2019-09-25 12:50:42,567 [e2881642-7086-41b8-be0c-1552e0fbdc2f@group-281ACB163DA7:LeaderElection169] INFO  server.RaftServerConfigKeys (ConfUtils.java:logGet(43)) - raft.server.write.element-limit = 4096 (default)
2019-09-25 12:50:42,567 [e2881642-7086-41b8-be0c-1552e0fbdc2f@group-281ACB163DA7:LeaderElection169] INFO  server.RaftServerConfigKeys (ConfUtils.java:logGet(43)) - raft.server.watch.timeout = 10s (default)
2019-09-25 12:50:42,567 [e2881642-7086-41b8-be0c-1552e0fbdc2f@group-281ACB163DA7:LeaderElection169] INFO  server.RaftServerConfigKeys (ConfUtils.java:logGet(43)) - raft.server.watch.timeout.denomination = 1s (default)
2019-09-25 12:50:42,567 [e2881642-7086-41b8-be0c-1552e0fbdc2f@group-281ACB163DA7:LeaderElection169] INFO  server.RaftServerConfigKeys (ConfUtils.java:logGet(43)) - raft.server.watch.element-limit = 65536 (default)
2019-09-25 12:50:42,568 [e2881642-7086-41b8-be0c-1552e0fbdc2f@group-281ACB163DA7:LeaderElection169] INFO  impl.RoleInfo (RoleInfo.java:updateAndGet(143)) - e2881642-7086-41b8-be0c-1552e0fbdc2f: start LeaderState
2019-09-25 12:50:42,568 [e2881642-7086-41b8-be0c-1552e0fbdc2f@group-281ACB163DA7:LeaderElection169] INFO  segmented.SegmentedRaftLogWorker (SegmentedRaftLogWorker.java:startLogSegment(380)) - e2881642-7086-41b8-be0c-1552e0fbdc2f@group-281ACB163DA7-SegmentedRaftLogWorker: Starting segment from index:0
2019-09-25 12:50:42,569 [e2881642-7086-41b8-be0c-1552e0fbdc2f@group-281ACB163DA7:LeaderElection169] INFO  impl.RaftServerImpl (ServerState.java:setRaftConf(354)) - e2881642-7086-41b8-be0c-1552e0fbdc2f@group-281ACB163DA7: set configuration 0: [e2881642-7086-41b8-be0c-1552e0fbdc2f:192.168.151.73:33020], old=null at 0
2019-09-25 12:50:42,623 [e2881642-7086-41b8-be0c-1552e0fbdc2f@group-281ACB163DA7-SegmentedRaftLogWorker] INFO  segmented.SegmentedRaftLogWorker (SegmentedRaftLogWorker.java:execute(569)) - e2881642-7086-41b8-be0c-1552e0fbdc2f@group-281ACB163DA7-SegmentedRaftLogWorker: created new log segment /workdir/hadoop-ozone/ozonefs/target/test-dir/MiniOzoneClusterImpl-028383c2-6c51-4333-b3cb-3be5769adaf6/datanode-0/data/ratis/9cae5deb-7941-4eb8-bb85-281acb163da7/current/log_inprogress_0
2019-09-25 12:50:42,646 [Thread-3054] INFO  impl.FollowerState (FollowerState.java:run(106)) - e2881642-7086-41b8-be0c-1552e0fbdc2f:group-DD38D1501C82 changes to CANDIDATE, lastRpcTime:5139, electionTimeout:5139ms
2019-09-25 12:50:42,646 [Thread-3054] INFO  impl.RoleInfo (RoleInfo.java:shutdownFollowerState(121)) - e2881642-7086-41b8-be0c-1552e0fbdc2f: shutdown FollowerState
2019-09-25 12:50:42,646 [Thread-3054] INFO  impl.RaftServerImpl (RaftServerImpl.java:setRole(174)) - e2881642-7086-41b8-be0c-1552e0fbdc2f@group-DD38D1501C82: changes role from  FOLLOWER to CANDIDATE at term 0 for changeToCandidate
2019-09-25 12:50:42,646 [Thread-3054] INFO  impl.RoleInfo (RoleInfo.java:updateAndGet(143)) - e2881642-7086-41b8-be0c-1552e0fbdc2f: start LeaderElection
2019-09-25 12:50:42,675 [e2881642-7086-41b8-be0c-1552e0fbdc2f@group-DD38D1501C82:LeaderElection170] INFO  impl.LeaderElection (LeaderElection.java:askForVotes(182)) - e2881642-7086-41b8-be0c-1552e0fbdc2f@group-DD38D1501C82:LeaderElection170: begin an election at term 1 for -1: [e2881642-7086-41b8-be0c-1552e0fbdc2f:192.168.151.73:33020], old=null
2019-09-25 12:50:42,675 [e2881642-7086-41b8-be0c-1552e0fbdc2f@group-DD38D1501C82:LeaderElection170] INFO  impl.RoleInfo (RoleInfo.java:shutdownLeaderElection(134)) - e2881642-7086-41b8-be0c-1552e0fbdc2f: shutdown LeaderElection
2019-09-25 12:50:42,675 [e2881642-7086-41b8-be0c-1552e0fbdc2f@group-DD38D1501C82:LeaderElection170] INFO  impl.RaftServerImpl (RaftServerImpl.java:setRole(174)) - e2881642-7086-41b8-be0c-1552e0fbdc2f@group-DD38D1501C82: changes role from CANDIDATE to LEADER at term 1 for changeToLeader
2019-09-25 12:50:42,676 [e2881642-7086-41b8-be0c-1552e0fbdc2f@group-DD38D1501C82:LeaderElection170] INFO  impl.RaftServerImpl (ServerState.java:setLeader(253)) - e2881642-7086-41b8-be0c-1552e0fbdc2f@group-DD38D1501C82: change Leader from null to e2881642-7086-41b8-be0c-1552e0fbdc2f at term 1 for becomeLeader, leader elected after 5173ms
2019-09-25 12:50:42,676 [e2881642-7086-41b8-be0c-1552e0fbdc2f@group-DD38D1501C82:LeaderElection170] INFO  server.RaftServerConfigKeys (ConfUtils.java:logGet(43)) - raft.server.staging.catchup.gap = 1000 (default)
2019-09-25 12:50:42,676 [e2881642-7086-41b8-be0c-1552e0fbdc2f@group-DD38D1501C82:LeaderElection170] INFO  server.RaftServerConfigKeys (ConfUtils.java:logGet(43)) - raft.server.rpc.sleep.time = 25ms (default)
2019-09-25 12:50:42,676 [e2881642-7086-41b8-be0c-1552e0fbdc2f@group-DD38D1501C82:LeaderElection170] INFO  server.RaftServerConfigKeys (ConfUtils.java:logGet(43)) - raft.server.write.element-limit = 4096 (default)
2019-09-25 12:50:42,676 [e2881642-7086-41b8-be0c-1552e0fbdc2f@group-DD38D1501C82:LeaderElection170] INFO  server.RaftServerConfigKeys (ConfUtils.java:logGet(43)) - raft.server.watch.timeout = 10s (default)
2019-09-25 12:50:42,676 [e2881642-7086-41b8-be0c-1552e0fbdc2f@group-DD38D1501C82:LeaderElection170] INFO  server.RaftServerConfigKeys (ConfUtils.java:logGet(43)) - raft.server.watch.timeout.denomination = 1s (default)
2019-09-25 12:50:42,676 [e2881642-7086-41b8-be0c-1552e0fbdc2f@group-DD38D1501C82:LeaderElection170] INFO  server.RaftServerConfigKeys (ConfUtils.java:logGet(43)) - raft.server.watch.element-limit = 65536 (default)
2019-09-25 12:50:42,678 [e2881642-7086-41b8-be0c-1552e0fbdc2f@group-DD38D1501C82:LeaderElection170] INFO  impl.RoleInfo (RoleInfo.java:updateAndGet(143)) - e2881642-7086-41b8-be0c-1552e0fbdc2f: start LeaderState
2019-09-25 12:50:42,678 [e2881642-7086-41b8-be0c-1552e0fbdc2f@group-DD38D1501C82:LeaderElection170] INFO  segmented.SegmentedRaftLogWorker (SegmentedRaftLogWorker.java:startLogSegment(380)) - e2881642-7086-41b8-be0c-1552e0fbdc2f@group-DD38D1501C82-SegmentedRaftLogWorker: Starting segment from index:0
2019-09-25 12:50:42,679 [e2881642-7086-41b8-be0c-1552e0fbdc2f@group-DD38D1501C82:LeaderElection170] INFO  impl.RaftServerImpl (ServerState.java:setRaftConf(354)) - e2881642-7086-41b8-be0c-1552e0fbdc2f@group-DD38D1501C82: set configuration 0: [e2881642-7086-41b8-be0c-1552e0fbdc2f:192.168.151.73:33020], old=null at 0
2019-09-25 12:50:42,699 [Thread-3057] INFO  impl.FollowerState (FollowerState.java:run(106)) - a1f05ce6-455b-45cd-b03d-5d245a8627a2:group-5DE7D10FCCD4 changes to CANDIDATE, lastRpcTime:5131, electionTimeout:5131ms
2019-09-25 12:50:42,699 [Thread-3057] INFO  impl.RoleInfo (RoleInfo.java:shutdownFollowerState(121)) - a1f05ce6-455b-45cd-b03d-5d245a8627a2: shutdown FollowerState
2019-09-25 12:50:42,699 [Thread-3057] INFO  impl.RaftServerImpl (RaftServerImpl.java:setRole(174)) - a1f05ce6-455b-45cd-b03d-5d245a8627a2@group-5DE7D10FCCD4: changes role from  FOLLOWER to CANDIDATE at term 0 for changeToCandidate
2019-09-25 12:50:42,699 [Thread-3057] INFO  impl.RoleInfo (RoleInfo.java:updateAndGet(143)) - a1f05ce6-455b-45cd-b03d-5d245a8627a2: start LeaderElection
2019-09-25 12:50:42,728 [e2881642-7086-41b8-be0c-1552e0fbdc2f@group-DD38D1501C82-SegmentedRaftLogWorker] INFO  segmented.SegmentedRaftLogWorker (SegmentedRaftLogWorker.java:execute(569)) - e2881642-7086-41b8-be0c-1552e0fbdc2f@group-DD38D1501C82-SegmentedRaftLogWorker: created new log segment /workdir/hadoop-ozone/ozonefs/target/test-dir/MiniOzoneClusterImpl-028383c2-6c51-4333-b3cb-3be5769adaf6/datanode-0/data/ratis/e07f974c-18b0-4689-a63b-dd38d1501c82/current/log_inprogress_0
2019-09-25 12:50:42,729 [a1f05ce6-455b-45cd-b03d-5d245a8627a2@group-5DE7D10FCCD4:LeaderElection171] INFO  impl.LeaderElection (LeaderElection.java:askForVotes(182)) - a1f05ce6-455b-45cd-b03d-5d245a8627a2@group-5DE7D10FCCD4:LeaderElection171: begin an election at term 1 for -1: [a1f05ce6-455b-45cd-b03d-5d245a8627a2:192.168.151.73:32959], old=null
2019-09-25 12:50:42,729 [a1f05ce6-455b-45cd-b03d-5d245a8627a2@group-5DE7D10FCCD4:LeaderElection171] INFO  impl.RoleInfo (RoleInfo.java:shutdownLeaderElection(134)) - a1f05ce6-455b-45cd-b03d-5d245a8627a2: shutdown LeaderElection
2019-09-25 12:50:42,729 [a1f05ce6-455b-45cd-b03d-5d245a8627a2@group-5DE7D10FCCD4:LeaderElection171] INFO  impl.RaftServerImpl (RaftServerImpl.java:setRole(174)) - a1f05ce6-455b-45cd-b03d-5d245a8627a2@group-5DE7D10FCCD4: changes role from CANDIDATE to LEADER at term 1 for changeToLeader
2019-09-25 12:50:42,729 [a1f05ce6-455b-45cd-b03d-5d245a8627a2@group-5DE7D10FCCD4:LeaderElection171] INFO  impl.RaftServerImpl (ServerState.java:setLeader(253)) - a1f05ce6-455b-45cd-b03d-5d245a8627a2@group-5DE7D10FCCD4: change Leader from null to a1f05ce6-455b-45cd-b03d-5d245a8627a2 at term 1 for becomeLeader, leader elected after 5167ms
2019-09-25 12:50:42,729 [a1f05ce6-455b-45cd-b03d-5d245a8627a2@group-5DE7D10FCCD4:LeaderElection171] INFO  server.RaftServerConfigKeys (ConfUtils.java:logGet(43)) - raft.server.staging.catchup.gap = 1000 (default)
2019-09-25 12:50:42,729 [a1f05ce6-455b-45cd-b03d-5d245a8627a2@group-5DE7D10FCCD4:LeaderElection171] INFO  server.RaftServerConfigKeys (ConfUtils.java:logGet(43)) - raft.server.rpc.sleep.time = 25ms (default)
2019-09-25 12:50:42,729 [a1f05ce6-455b-45cd-b03d-5d245a8627a2@group-5DE7D10FCCD4:LeaderElection171] INFO  server.RaftServerConfigKeys (ConfUtils.java:logGet(43)) - raft.server.write.element-limit = 4096 (default)
2019-09-25 12:50:42,730 [a1f05ce6-455b-45cd-b03d-5d245a8627a2@group-5DE7D10FCCD4:LeaderElection171] INFO  server.RaftServerConfigKeys (ConfUtils.java:logGet(43)) - raft.server.watch.timeout = 10s (default)
2019-09-25 12:50:42,730 [a1f05ce6-455b-45cd-b03d-5d245a8627a2@group-5DE7D10FCCD4:LeaderElection171] INFO  server.RaftServerConfigKeys (ConfUtils.java:logGet(43)) - raft.server.watch.timeout.denomination = 1s (default)
2019-09-25 12:50:42,730 [a1f05ce6-455b-45cd-b03d-5d245a8627a2@group-5DE7D10FCCD4:LeaderElection171] INFO  server.RaftServerConfigKeys (ConfUtils.java:logGet(43)) - raft.server.watch.element-limit = 65536 (default)
2019-09-25 12:50:42,731 [Thread-3060] INFO  impl.FollowerState (FollowerState.java:run(106)) - a1f05ce6-455b-45cd-b03d-5d245a8627a2:group-802EC41498AD changes to CANDIDATE, lastRpcTime:5108, electionTimeout:5108ms
2019-09-25 12:50:42,731 [Thread-3060] INFO  impl.RoleInfo (RoleInfo.java:shutdownFollowerState(121)) - a1f05ce6-455b-45cd-b03d-5d245a8627a2: shutdown FollowerState
2019-09-25 12:50:42,731 [Thread-3060] INFO  impl.RaftServerImpl (RaftServerImpl.java:setRole(174)) - a1f05ce6-455b-45cd-b03d-5d245a8627a2@group-802EC41498AD: changes role from  FOLLOWER to CANDIDATE at term 0 for changeToCandidate
2019-09-25 12:50:42,731 [Thread-3060] INFO  impl.RoleInfo (RoleInfo.java:updateAndGet(143)) - a1f05ce6-455b-45cd-b03d-5d245a8627a2: start LeaderElection
2019-09-25 12:50:42,731 [a1f05ce6-455b-45cd-b03d-5d245a8627a2@group-5DE7D10FCCD4:LeaderElection171] INFO  impl.RoleInfo (RoleInfo.java:updateAndGet(143)) - a1f05ce6-455b-45cd-b03d-5d245a8627a2: start LeaderState
2019-09-25 12:50:42,734 [a1f05ce6-455b-45cd-b03d-5d245a8627a2@group-5DE7D10FCCD4:LeaderElection171] INFO  segmented.SegmentedRaftLogWorker (SegmentedRaftLogWorker.java:startLogSegment(380)) - a1f05ce6-455b-45cd-b03d-5d245a8627a2@group-5DE7D10FCCD4-SegmentedRaftLogWorker: Starting segment from index:0
2019-09-25 12:50:42,734 [a1f05ce6-455b-45cd-b03d-5d245a8627a2@group-5DE7D10FCCD4:LeaderElection171] INFO  impl.RaftServerImpl (ServerState.java:setRaftConf(354)) - a1f05ce6-455b-45cd-b03d-5d245a8627a2@group-5DE7D10FCCD4: set configuration 0: [a1f05ce6-455b-45cd-b03d-5d245a8627a2:192.168.151.73:32959], old=null at 0
2019-09-25 12:50:42,761 [a1f05ce6-455b-45cd-b03d-5d245a8627a2@group-802EC41498AD:LeaderElection172] INFO  impl.LeaderElection (LeaderElection.java:askForVotes(182)) - a1f05ce6-455b-45cd-b03d-5d245a8627a2@group-802EC41498AD:LeaderElection172: begin an election at term 1 for -1: [a1f05ce6-455b-45cd-b03d-5d245a8627a2:192.168.151.73:32959], old=null
2019-09-25 12:50:42,761 [a1f05ce6-455b-45cd-b03d-5d245a8627a2@group-802EC41498AD:LeaderElection172] INFO  impl.RoleInfo (RoleInfo.java:shutdownLeaderElection(134)) - a1f05ce6-455b-45cd-b03d-5d245a8627a2: shutdown LeaderElection
2019-09-25 12:50:42,762 [a1f05ce6-455b-45cd-b03d-5d245a8627a2@group-802EC41498AD:LeaderElection172] INFO  impl.RaftServerImpl (RaftServerImpl.java:setRole(174)) - a1f05ce6-455b-45cd-b03d-5d245a8627a2@group-802EC41498AD: changes role from CANDIDATE to LEADER at term 1 for changeToLeader
2019-09-25 12:50:42,762 [a1f05ce6-455b-45cd-b03d-5d245a8627a2@group-802EC41498AD:LeaderElection172] INFO  impl.RaftServerImpl (ServerState.java:setLeader(253)) - a1f05ce6-455b-45cd-b03d-5d245a8627a2@group-802EC41498AD: change Leader from null to a1f05ce6-455b-45cd-b03d-5d245a8627a2 at term 1 for becomeLeader, leader elected after 5145ms
2019-09-25 12:50:42,762 [a1f05ce6-455b-45cd-b03d-5d245a8627a2@group-802EC41498AD:LeaderElection172] INFO  server.RaftServerConfigKeys (ConfUtils.java:logGet(43)) - raft.server.staging.catchup.gap = 1000 (default)
2019-09-25 12:50:42,762 [a1f05ce6-455b-45cd-b03d-5d245a8627a2@group-802EC41498AD:LeaderElection172] INFO  server.RaftServerConfigKeys (ConfUtils.java:logGet(43)) - raft.server.rpc.sleep.time = 25ms (default)
2019-09-25 12:50:42,762 [a1f05ce6-455b-45cd-b03d-5d245a8627a2@group-802EC41498AD:LeaderElection172] INFO  server.RaftServerConfigKeys (ConfUtils.java:logGet(43)) - raft.server.write.element-limit = 4096 (default)
2019-09-25 12:50:42,762 [a1f05ce6-455b-45cd-b03d-5d245a8627a2@group-802EC41498AD:LeaderElection172] INFO  server.RaftServerConfigKeys (ConfUtils.java:logGet(43)) - raft.server.watch.timeout = 10s (default)
2019-09-25 12:50:42,763 [a1f05ce6-455b-45cd-b03d-5d245a8627a2@group-802EC41498AD:LeaderElection172] INFO  server.RaftServerConfigKeys (ConfUtils.java:logGet(43)) - raft.server.watch.timeout.denomination = 1s (default)
2019-09-25 12:50:42,763 [a1f05ce6-455b-45cd-b03d-5d245a8627a2@group-802EC41498AD:LeaderElection172] INFO  server.RaftServerConfigKeys (ConfUtils.java:logGet(43)) - raft.server.watch.element-limit = 65536 (default)
2019-09-25 12:50:42,764 [a1f05ce6-455b-45cd-b03d-5d245a8627a2@group-802EC41498AD:LeaderElection172] INFO  impl.RoleInfo (RoleInfo.java:updateAndGet(143)) - a1f05ce6-455b-45cd-b03d-5d245a8627a2: start LeaderState
2019-09-25 12:50:42,765 [a1f05ce6-455b-45cd-b03d-5d245a8627a2@group-802EC41498AD:LeaderElection172] INFO  segmented.SegmentedRaftLogWorker (SegmentedRaftLogWorker.java:startLogSegment(380)) - a1f05ce6-455b-45cd-b03d-5d245a8627a2@group-802EC41498AD-SegmentedRaftLogWorker: Starting segment from index:0
2019-09-25 12:50:42,765 [a1f05ce6-455b-45cd-b03d-5d245a8627a2@group-802EC41498AD:LeaderElection172] INFO  impl.RaftServerImpl (ServerState.java:setRaftConf(354)) - a1f05ce6-455b-45cd-b03d-5d245a8627a2@group-802EC41498AD: set configuration 0: [a1f05ce6-455b-45cd-b03d-5d245a8627a2:192.168.151.73:32959], old=null at 0
2019-09-25 12:50:42,790 [a1f05ce6-455b-45cd-b03d-5d245a8627a2@group-5DE7D10FCCD4-SegmentedRaftLogWorker] INFO  segmented.SegmentedRaftLogWorker (SegmentedRaftLogWorker.java:execute(569)) - a1f05ce6-455b-45cd-b03d-5d245a8627a2@group-5DE7D10FCCD4-SegmentedRaftLogWorker: created new log segment /workdir/hadoop-ozone/ozonefs/target/test-dir/MiniOzoneClusterImpl-028383c2-6c51-4333-b3cb-3be5769adaf6/datanode-2/data/ratis/fbc20a70-0aa8-4c25-881f-5de7d10fccd4/current/log_inprogress_0
2019-09-25 12:50:42,815 [a1f05ce6-455b-45cd-b03d-5d245a8627a2@group-802EC41498AD-SegmentedRaftLogWorker] INFO  segmented.SegmentedRaftLogWorker (SegmentedRaftLogWorker.java:execute(569)) - a1f05ce6-455b-45cd-b03d-5d245a8627a2@group-802EC41498AD-SegmentedRaftLogWorker: created new log segment /workdir/hadoop-ozone/ozonefs/target/test-dir/MiniOzoneClusterImpl-028383c2-6c51-4333-b3cb-3be5769adaf6/datanode-2/data/ratis/0b979dc8-32d1-4fe3-8751-802ec41498ad/current/log_inprogress_0
2019-09-25 12:50:42,853 [Thread-3063] INFO  impl.FollowerState (FollowerState.java:run(106)) - 38a1a6d0-28dd-4b7e-bb0d-311102a68b97:group-7978B74C51BF changes to CANDIDATE, lastRpcTime:5180, electionTimeout:5180ms
2019-09-25 12:50:42,853 [Thread-3063] INFO  impl.RoleInfo (RoleInfo.java:shutdownFollowerState(121)) - 38a1a6d0-28dd-4b7e-bb0d-311102a68b97: shutdown FollowerState
2019-09-25 12:50:42,853 [Thread-3063] INFO  impl.RaftServerImpl (RaftServerImpl.java:setRole(174)) - 38a1a6d0-28dd-4b7e-bb0d-311102a68b97@group-7978B74C51BF: changes role from  FOLLOWER to CANDIDATE at term 0 for changeToCandidate
2019-09-25 12:50:42,853 [Thread-3063] INFO  impl.RoleInfo (RoleInfo.java:updateAndGet(143)) - 38a1a6d0-28dd-4b7e-bb0d-311102a68b97: start LeaderElection
2019-09-25 12:50:42,870 [38a1a6d0-28dd-4b7e-bb0d-311102a68b97@group-7978B74C51BF:LeaderElection173] INFO  impl.LeaderElection (LeaderElection.java:askForVotes(182)) - 38a1a6d0-28dd-4b7e-bb0d-311102a68b97@group-7978B74C51BF:LeaderElection173: begin an election at term 1 for -1: [38a1a6d0-28dd-4b7e-bb0d-311102a68b97:192.168.151.73:33076], old=null
2019-09-25 12:50:42,870 [38a1a6d0-28dd-4b7e-bb0d-311102a68b97@group-7978B74C51BF:LeaderElection173] INFO  impl.RoleInfo (RoleInfo.java:shutdownLeaderElection(134)) - 38a1a6d0-28dd-4b7e-bb0d-311102a68b97: shutdown LeaderElection
2019-09-25 12:50:42,870 [38a1a6d0-28dd-4b7e-bb0d-311102a68b97@group-7978B74C51BF:LeaderElection173] INFO  impl.RaftServerImpl (RaftServerImpl.java:setRole(174)) - 38a1a6d0-28dd-4b7e-bb0d-311102a68b97@group-7978B74C51BF: changes role from CANDIDATE to LEADER at term 1 for changeToLeader
2019-09-25 12:50:42,871 [38a1a6d0-28dd-4b7e-bb0d-311102a68b97@group-7978B74C51BF:LeaderElection173] INFO  impl.RaftServerImpl (ServerState.java:setLeader(253)) - 38a1a6d0-28dd-4b7e-bb0d-311102a68b97@group-7978B74C51BF: change Leader from null to 38a1a6d0-28dd-4b7e-bb0d-311102a68b97 at term 1 for becomeLeader, leader elected after 5205ms
2019-09-25 12:50:42,871 [38a1a6d0-28dd-4b7e-bb0d-311102a68b97@group-7978B74C51BF:LeaderElection173] INFO  server.RaftServerConfigKeys (ConfUtils.java:logGet(43)) - raft.server.staging.catchup.gap = 1000 (default)
2019-09-25 12:50:42,871 [38a1a6d0-28dd-4b7e-bb0d-311102a68b97@group-7978B74C51BF:LeaderElection173] INFO  server.RaftServerConfigKeys (ConfUtils.java:logGet(43)) - raft.server.rpc.sleep.time = 25ms (default)
2019-09-25 12:50:42,871 [38a1a6d0-28dd-4b7e-bb0d-311102a68b97@group-7978B74C51BF:LeaderElection173] INFO  server.RaftServerConfigKeys (ConfUtils.java:logGet(43)) - raft.server.write.element-limit = 4096 (default)
2019-09-25 12:50:42,871 [38a1a6d0-28dd-4b7e-bb0d-311102a68b97@group-7978B74C51BF:LeaderElection173] INFO  server.RaftServerConfigKeys (ConfUtils.java:logGet(43)) - raft.server.watch.timeout = 10s (default)
2019-09-25 12:50:42,871 [38a1a6d0-28dd-4b7e-bb0d-311102a68b97@group-7978B74C51BF:LeaderElection173] INFO  server.RaftServerConfigKeys (ConfUtils.java:logGet(43)) - raft.server.watch.timeout.denomination = 1s (default)
2019-09-25 12:50:42,871 [38a1a6d0-28dd-4b7e-bb0d-311102a68b97@group-7978B74C51BF:LeaderElection173] INFO  server.RaftServerConfigKeys (ConfUtils.java:logGet(43)) - raft.server.watch.element-limit = 65536 (default)
2019-09-25 12:50:42,873 [38a1a6d0-28dd-4b7e-bb0d-311102a68b97@group-7978B74C51BF:LeaderElection173] INFO  impl.RoleInfo (RoleInfo.java:updateAndGet(143)) - 38a1a6d0-28dd-4b7e-bb0d-311102a68b97: start LeaderState
2019-09-25 12:50:42,873 [38a1a6d0-28dd-4b7e-bb0d-311102a68b97@group-7978B74C51BF:LeaderElection173] INFO  segmented.SegmentedRaftLogWorker (SegmentedRaftLogWorker.java:startLogSegment(380)) - 38a1a6d0-28dd-4b7e-bb0d-311102a68b97@group-7978B74C51BF-SegmentedRaftLogWorker: Starting segment from index:0
2019-09-25 12:50:42,873 [38a1a6d0-28dd-4b7e-bb0d-311102a68b97@group-7978B74C51BF:LeaderElection173] INFO  impl.RaftServerImpl (ServerState.java:setRaftConf(354)) - 38a1a6d0-28dd-4b7e-bb0d-311102a68b97@group-7978B74C51BF: set configuration 0: [38a1a6d0-28dd-4b7e-bb0d-311102a68b97:192.168.151.73:33076], old=null at 0
2019-09-25 12:50:42,883 [Thread-3066] INFO  impl.FollowerState (FollowerState.java:run(106)) - a1f05ce6-455b-45cd-b03d-5d245a8627a2:group-862DEEA7A2FA changes to CANDIDATE, lastRpcTime:5143, electionTimeout:5143ms
2019-09-25 12:50:42,883 [Thread-3066] INFO  impl.RoleInfo (RoleInfo.java:shutdownFollowerState(121)) - a1f05ce6-455b-45cd-b03d-5d245a8627a2: shutdown FollowerState
2019-09-25 12:50:42,884 [Thread-3066] INFO  impl.RaftServerImpl (RaftServerImpl.java:setRole(174)) - a1f05ce6-455b-45cd-b03d-5d245a8627a2@group-862DEEA7A2FA: changes role from  FOLLOWER to CANDIDATE at term 0 for changeToCandidate
2019-09-25 12:50:42,884 [Thread-3066] INFO  impl.RoleInfo (RoleInfo.java:updateAndGet(143)) - a1f05ce6-455b-45cd-b03d-5d245a8627a2: start LeaderElection
2019-09-25 12:50:42,907 [Thread-3072] INFO  impl.FollowerState (FollowerState.java:run(106)) - e2881642-7086-41b8-be0c-1552e0fbdc2f:group-CDF2504EEDB9 changes to CANDIDATE, lastRpcTime:5088, electionTimeout:5073ms
2019-09-25 12:50:42,908 [Thread-3072] INFO  impl.RoleInfo (RoleInfo.java:shutdownFollowerState(121)) - e2881642-7086-41b8-be0c-1552e0fbdc2f: shutdown FollowerState
2019-09-25 12:50:42,908 [Thread-3072] INFO  impl.RaftServerImpl (RaftServerImpl.java:setRole(174)) - e2881642-7086-41b8-be0c-1552e0fbdc2f@group-CDF2504EEDB9: changes role from  FOLLOWER to CANDIDATE at term 0 for changeToCandidate
2019-09-25 12:50:42,908 [Thread-3072] INFO  impl.RoleInfo (RoleInfo.java:updateAndGet(143)) - e2881642-7086-41b8-be0c-1552e0fbdc2f: start LeaderElection
2019-09-25 12:50:42,920 [38a1a6d0-28dd-4b7e-bb0d-311102a68b97@group-7978B74C51BF-SegmentedRaftLogWorker] INFO  segmented.SegmentedRaftLogWorker (SegmentedRaftLogWorker.java:execute(569)) - 38a1a6d0-28dd-4b7e-bb0d-311102a68b97@group-7978B74C51BF-SegmentedRaftLogWorker: created new log segment /workdir/hadoop-ozone/ozonefs/target/test-dir/MiniOzoneClusterImpl-028383c2-6c51-4333-b3cb-3be5769adaf6/datanode-1/data/ratis/41550d70-c3d6-414c-8625-7978b74c51bf/current/log_inprogress_0
2019-09-25 12:50:42,921 [a1f05ce6-455b-45cd-b03d-5d245a8627a2@group-862DEEA7A2FA:LeaderElection174] INFO  impl.LeaderElection (LeaderElection.java:askForVotes(182)) - a1f05ce6-455b-45cd-b03d-5d245a8627a2@group-862DEEA7A2FA:LeaderElection174: begin an election at term 1 for -1: [a1f05ce6-455b-45cd-b03d-5d245a8627a2:192.168.151.73:32959], old=null
2019-09-25 12:50:42,921 [e2881642-7086-41b8-be0c-1552e0fbdc2f@group-CDF2504EEDB9:LeaderElection175] INFO  impl.LeaderElection (LeaderElection.java:askForVotes(182)) - e2881642-7086-41b8-be0c-1552e0fbdc2f@group-CDF2504EEDB9:LeaderElection175: begin an election at term 1 for -1: [e2881642-7086-41b8-be0c-1552e0fbdc2f:192.168.151.73:33020], old=null
2019-09-25 12:50:42,921 [a1f05ce6-455b-45cd-b03d-5d245a8627a2@group-862DEEA7A2FA:LeaderElection174] INFO  impl.RoleInfo (RoleInfo.java:shutdownLeaderElection(134)) - a1f05ce6-455b-45cd-b03d-5d245a8627a2: shutdown LeaderElection
2019-09-25 12:50:42,921 [e2881642-7086-41b8-be0c-1552e0fbdc2f@group-CDF2504EEDB9:LeaderElection175] INFO  impl.RoleInfo (RoleInfo.java:shutdownLeaderElection(134)) - e2881642-7086-41b8-be0c-1552e0fbdc2f: shutdown LeaderElection
2019-09-25 12:50:42,921 [a1f05ce6-455b-45cd-b03d-5d245a8627a2@group-862DEEA7A2FA:LeaderElection174] INFO  impl.RaftServerImpl (RaftServerImpl.java:setRole(174)) - a1f05ce6-455b-45cd-b03d-5d245a8627a2@group-862DEEA7A2FA: changes role from CANDIDATE to LEADER at term 1 for changeToLeader
2019-09-25 12:50:42,921 [e2881642-7086-41b8-be0c-1552e0fbdc2f@group-CDF2504EEDB9:LeaderElection175] INFO  impl.RaftServerImpl (RaftServerImpl.java:setRole(174)) - e2881642-7086-41b8-be0c-1552e0fbdc2f@group-CDF2504EEDB9: changes role from CANDIDATE to LEADER at term 1 for changeToLeader
2019-09-25 12:50:42,921 [a1f05ce6-455b-45cd-b03d-5d245a8627a2@group-862DEEA7A2FA:LeaderElection174] INFO  impl.RaftServerImpl (ServerState.java:setLeader(253)) - a1f05ce6-455b-45cd-b03d-5d245a8627a2@group-862DEEA7A2FA: change Leader from null to a1f05ce6-455b-45cd-b03d-5d245a8627a2 at term 1 for becomeLeader, leader elected after 5186ms
2019-09-25 12:50:42,921 [e2881642-7086-41b8-be0c-1552e0fbdc2f@group-CDF2504EEDB9:LeaderElection175] INFO  impl.RaftServerImpl (ServerState.java:setLeader(253)) - e2881642-7086-41b8-be0c-1552e0fbdc2f@group-CDF2504EEDB9: change Leader from null to e2881642-7086-41b8-be0c-1552e0fbdc2f at term 1 for becomeLeader, leader elected after 5107ms
2019-09-25 12:50:42,922 [a1f05ce6-455b-45cd-b03d-5d245a8627a2@group-862DEEA7A2FA:LeaderElection174] INFO  server.RaftServerConfigKeys (ConfUtils.java:logGet(43)) - raft.server.staging.catchup.gap = 1000 (default)
2019-09-25 12:50:42,922 [e2881642-7086-41b8-be0c-1552e0fbdc2f@group-CDF2504EEDB9:LeaderElection175] INFO  server.RaftServerConfigKeys (ConfUtils.java:logGet(43)) - raft.server.staging.catchup.gap = 1000 (default)
2019-09-25 12:50:42,922 [a1f05ce6-455b-45cd-b03d-5d245a8627a2@group-862DEEA7A2FA:LeaderElection174] INFO  server.RaftServerConfigKeys (ConfUtils.java:logGet(43)) - raft.server.rpc.sleep.time = 25ms (default)
2019-09-25 12:50:42,922 [e2881642-7086-41b8-be0c-1552e0fbdc2f@group-CDF2504EEDB9:LeaderElection175] INFO  server.RaftServerConfigKeys (ConfUtils.java:logGet(43)) - raft.server.rpc.sleep.time = 25ms (default)
2019-09-25 12:50:42,922 [a1f05ce6-455b-45cd-b03d-5d245a8627a2@group-862DEEA7A2FA:LeaderElection174] INFO  server.RaftServerConfigKeys (ConfUtils.java:logGet(43)) - raft.server.write.element-limit = 4096 (default)
2019-09-25 12:50:42,922 [e2881642-7086-41b8-be0c-1552e0fbdc2f@group-CDF2504EEDB9:LeaderElection175] INFO  server.RaftServerConfigKeys (ConfUtils.java:logGet(43)) - raft.server.write.element-limit = 4096 (default)
2019-09-25 12:50:42,922 [a1f05ce6-455b-45cd-b03d-5d245a8627a2@group-862DEEA7A2FA:LeaderElection174] INFO  server.RaftServerConfigKeys (ConfUtils.java:logGet(43)) - raft.server.watch.timeout = 10s (default)
2019-09-25 12:50:42,923 [e2881642-7086-41b8-be0c-1552e0fbdc2f@group-CDF2504EEDB9:LeaderElection175] INFO  server.RaftServerConfigKeys (ConfUtils.java:logGet(43)) - raft.server.watch.timeout = 10s (default)
2019-09-25 12:50:42,923 [a1f05ce6-455b-45cd-b03d-5d245a8627a2@group-862DEEA7A2FA:LeaderElection174] INFO  server.RaftServerConfigKeys (ConfUtils.java:logGet(43)) - raft.server.watch.timeout.denomination = 1s (default)
2019-09-25 12:50:42,923 [e2881642-7086-41b8-be0c-1552e0fbdc2f@group-CDF2504EEDB9:LeaderElection175] INFO  server.RaftServerConfigKeys (ConfUtils.java:logGet(43)) - raft.server.watch.timeout.denomination = 1s (default)
2019-09-25 12:50:42,923 [a1f05ce6-455b-45cd-b03d-5d245a8627a2@group-862DEEA7A2FA:LeaderElection174] INFO  server.RaftServerConfigKeys (ConfUtils.java:logGet(43)) - raft.server.watch.element-limit = 65536 (default)
2019-09-25 12:50:42,923 [e2881642-7086-41b8-be0c-1552e0fbdc2f@group-CDF2504EEDB9:LeaderElection175] INFO  server.RaftServerConfigKeys (ConfUtils.java:logGet(43)) - raft.server.watch.element-limit = 65536 (default)
2019-09-25 12:50:42,926 [a1f05ce6-455b-45cd-b03d-5d245a8627a2@group-862DEEA7A2FA:LeaderElection174] INFO  impl.RoleInfo (RoleInfo.java:updateAndGet(143)) - a1f05ce6-455b-45cd-b03d-5d245a8627a2: start LeaderState
2019-09-25 12:50:42,926 [e2881642-7086-41b8-be0c-1552e0fbdc2f@group-CDF2504EEDB9:LeaderElection175] INFO  impl.RoleInfo (RoleInfo.java:updateAndGet(143)) - e2881642-7086-41b8-be0c-1552e0fbdc2f: start LeaderState
2019-09-25 12:50:42,927 [a1f05ce6-455b-45cd-b03d-5d245a8627a2@group-862DEEA7A2FA:LeaderElection174] INFO  segmented.SegmentedRaftLogWorker (SegmentedRaftLogWorker.java:startLogSegment(380)) - a1f05ce6-455b-45cd-b03d-5d245a8627a2@group-862DEEA7A2FA-SegmentedRaftLogWorker: Starting segment from index:0
2019-09-25 12:50:42,927 [e2881642-7086-41b8-be0c-1552e0fbdc2f@group-CDF2504EEDB9:LeaderElection175] INFO  segmented.SegmentedRaftLogWorker (SegmentedRaftLogWorker.java:startLogSegment(380)) - e2881642-7086-41b8-be0c-1552e0fbdc2f@group-CDF2504EEDB9-SegmentedRaftLogWorker: Starting segment from index:0
2019-09-25 12:50:42,927 [a1f05ce6-455b-45cd-b03d-5d245a8627a2@group-862DEEA7A2FA:LeaderElection174] INFO  impl.RaftServerImpl (ServerState.java:setRaftConf(354)) - a1f05ce6-455b-45cd-b03d-5d245a8627a2@group-862DEEA7A2FA: set configuration 0: [a1f05ce6-455b-45cd-b03d-5d245a8627a2:192.168.151.73:32959], old=null at 0
2019-09-25 12:50:42,927 [e2881642-7086-41b8-be0c-1552e0fbdc2f@group-CDF2504EEDB9:LeaderElection175] INFO  impl.RaftServerImpl (ServerState.java:setRaftConf(354)) - e2881642-7086-41b8-be0c-1552e0fbdc2f@group-CDF2504EEDB9: set configuration 0: [e2881642-7086-41b8-be0c-1552e0fbdc2f:192.168.151.73:33020], old=null at 0
2019-09-25 12:50:42,954 [Thread-3069] INFO  impl.FollowerState (FollowerState.java:run(106)) - e2881642-7086-41b8-be0c-1552e0fbdc2f:group-32B58E437C91 changes to CANDIDATE, lastRpcTime:5174, electionTimeout:5174ms
2019-09-25 12:50:42,954 [Thread-3069] INFO  impl.RoleInfo (RoleInfo.java:shutdownFollowerState(121)) - e2881642-7086-41b8-be0c-1552e0fbdc2f: shutdown FollowerState
2019-09-25 12:50:42,954 [Thread-3069] INFO  impl.RaftServerImpl (RaftServerImpl.java:setRole(174)) - e2881642-7086-41b8-be0c-1552e0fbdc2f@group-32B58E437C91: changes role from  FOLLOWER to CANDIDATE at term 0 for changeToCandidate
2019-09-25 12:50:42,954 [Thread-3069] INFO  impl.RoleInfo (RoleInfo.java:updateAndGet(143)) - e2881642-7086-41b8-be0c-1552e0fbdc2f: start LeaderElection
2019-09-25 12:50:42,976 [a1f05ce6-455b-45cd-b03d-5d245a8627a2@group-862DEEA7A2FA-SegmentedRaftLogWorker] INFO  segmented.SegmentedRaftLogWorker (SegmentedRaftLogWorker.java:execute(569)) - a1f05ce6-455b-45cd-b03d-5d245a8627a2@group-862DEEA7A2FA-SegmentedRaftLogWorker: created new log segment /workdir/hadoop-ozone/ozonefs/target/test-dir/MiniOzoneClusterImpl-028383c2-6c51-4333-b3cb-3be5769adaf6/datanode-2/data/ratis/8a65da97-35d7-467e-bffe-862deea7a2fa/current/log_inprogress_0
2019-09-25 12:50:42,976 [e2881642-7086-41b8-be0c-1552e0fbdc2f@group-CDF2504EEDB9-SegmentedRaftLogWorker] INFO  segmented.SegmentedRaftLogWorker (SegmentedRaftLogWorker.java:execute(569)) - e2881642-7086-41b8-be0c-1552e0fbdc2f@group-CDF2504EEDB9-SegmentedRaftLogWorker: created new log segment /workdir/hadoop-ozone/ozonefs/target/test-dir/MiniOzoneClusterImpl-028383c2-6c51-4333-b3cb-3be5769adaf6/datanode-0/data/ratis/69d64f63-fa65-4728-8ce6-cdf2504eedb9/current/log_inprogress_0
2019-09-25 12:50:42,976 [e2881642-7086-41b8-be0c-1552e0fbdc2f@group-32B58E437C91:LeaderElection176] INFO  impl.LeaderElection (LeaderElection.java:askForVotes(182)) - e2881642-7086-41b8-be0c-1552e0fbdc2f@group-32B58E437C91:LeaderElection176: begin an election at term 1 for -1: [e2881642-7086-41b8-be0c-1552e0fbdc2f:192.168.151.73:33020], old=null
2019-09-25 12:50:42,977 [e2881642-7086-41b8-be0c-1552e0fbdc2f@group-32B58E437C91:LeaderElection176] INFO  impl.RoleInfo (RoleInfo.java:shutdownLeaderElection(134)) - e2881642-7086-41b8-be0c-1552e0fbdc2f: shutdown LeaderElection
2019-09-25 12:50:42,977 [e2881642-7086-41b8-be0c-1552e0fbdc2f@group-32B58E437C91:LeaderElection176] INFO  impl.RaftServerImpl (RaftServerImpl.java:setRole(174)) - e2881642-7086-41b8-be0c-1552e0fbdc2f@group-32B58E437C91: changes role from CANDIDATE to LEADER at term 1 for changeToLeader
2019-09-25 12:50:42,977 [e2881642-7086-41b8-be0c-1552e0fbdc2f@group-32B58E437C91:LeaderElection176] INFO  impl.RaftServerImpl (ServerState.java:setLeader(253)) - e2881642-7086-41b8-be0c-1552e0fbdc2f@group-32B58E437C91: change Leader from null to e2881642-7086-41b8-be0c-1552e0fbdc2f at term 1 for becomeLeader, leader elected after 5202ms
2019-09-25 12:50:42,977 [e2881642-7086-41b8-be0c-1552e0fbdc2f@group-32B58E437C91:LeaderElection176] INFO  server.RaftServerConfigKeys (ConfUtils.java:logGet(43)) - raft.server.staging.catchup.gap = 1000 (default)
2019-09-25 12:50:42,977 [e2881642-7086-41b8-be0c-1552e0fbdc2f@group-32B58E437C91:LeaderElection176] INFO  server.RaftServerConfigKeys (ConfUtils.java:logGet(43)) - raft.server.rpc.sleep.time = 25ms (default)
2019-09-25 12:50:42,977 [e2881642-7086-41b8-be0c-1552e0fbdc2f@group-32B58E437C91:LeaderElection176] INFO  server.RaftServerConfigKeys (ConfUtils.java:logGet(43)) - raft.server.write.element-limit = 4096 (default)
2019-09-25 12:50:42,978 [e2881642-7086-41b8-be0c-1552e0fbdc2f@group-32B58E437C91:LeaderElection176] INFO  server.RaftServerConfigKeys (ConfUtils.java:logGet(43)) - raft.server.watch.timeout = 10s (default)
2019-09-25 12:50:42,978 [e2881642-7086-41b8-be0c-1552e0fbdc2f@group-32B58E437C91:LeaderElection176] INFO  server.RaftServerConfigKeys (ConfUtils.java:logGet(43)) - raft.server.watch.timeout.denomination = 1s (default)
2019-09-25 12:50:42,978 [Thread-3075] INFO  impl.FollowerState (FollowerState.java:run(106)) - 38a1a6d0-28dd-4b7e-bb0d-311102a68b97:group-E49E6F88C8AE changes to CANDIDATE, lastRpcTime:5102, electionTimeout:5102ms
2019-09-25 12:50:42,978 [e2881642-7086-41b8-be0c-1552e0fbdc2f@group-32B58E437C91:LeaderElection176] INFO  server.RaftServerConfigKeys (ConfUtils.java:logGet(43)) - raft.server.watch.element-limit = 65536 (default)
2019-09-25 12:50:42,978 [Thread-3075] INFO  impl.RoleInfo (RoleInfo.java:shutdownFollowerState(121)) - 38a1a6d0-28dd-4b7e-bb0d-311102a68b97: shutdown FollowerState
2019-09-25 12:50:42,978 [Thread-3075] INFO  impl.RaftServerImpl (RaftServerImpl.java:setRole(174)) - 38a1a6d0-28dd-4b7e-bb0d-311102a68b97@group-E49E6F88C8AE: changes role from  FOLLOWER to CANDIDATE at term 0 for changeToCandidate
2019-09-25 12:50:42,979 [Thread-3075] INFO  impl.RoleInfo (RoleInfo.java:updateAndGet(143)) - 38a1a6d0-28dd-4b7e-bb0d-311102a68b97: start LeaderElection
2019-09-25 12:50:42,982 [e2881642-7086-41b8-be0c-1552e0fbdc2f@group-32B58E437C91:LeaderElection176] INFO  impl.RoleInfo (RoleInfo.java:updateAndGet(143)) - e2881642-7086-41b8-be0c-1552e0fbdc2f: start LeaderState
2019-09-25 12:50:42,982 [e2881642-7086-41b8-be0c-1552e0fbdc2f@group-32B58E437C91:LeaderElection176] INFO  segmented.SegmentedRaftLogWorker (SegmentedRaftLogWorker.java:startLogSegment(380)) - e2881642-7086-41b8-be0c-1552e0fbdc2f@group-32B58E437C91-SegmentedRaftLogWorker: Starting segment from index:0
2019-09-25 12:50:42,983 [e2881642-7086-41b8-be0c-1552e0fbdc2f@group-32B58E437C91:LeaderElection176] INFO  impl.RaftServerImpl (ServerState.java:setRaftConf(354)) - e2881642-7086-41b8-be0c-1552e0fbdc2f@group-32B58E437C91: set configuration 0: [e2881642-7086-41b8-be0c-1552e0fbdc2f:192.168.151.73:33020], old=null at 0
2019-09-25 12:50:43,006 [38a1a6d0-28dd-4b7e-bb0d-311102a68b97@group-E49E6F88C8AE:LeaderElection177] INFO  impl.LeaderElection (LeaderElection.java:askForVotes(182)) - 38a1a6d0-28dd-4b7e-bb0d-311102a68b97@group-E49E6F88C8AE:LeaderElection177: begin an election at term 1 for -1: [38a1a6d0-28dd-4b7e-bb0d-311102a68b97:192.168.151.73:33076], old=null
2019-09-25 12:50:43,006 [38a1a6d0-28dd-4b7e-bb0d-311102a68b97@group-E49E6F88C8AE:LeaderElection177] INFO  impl.RoleInfo (RoleInfo.java:shutdownLeaderElection(134)) - 38a1a6d0-28dd-4b7e-bb0d-311102a68b97: shutdown LeaderElection
2019-09-25 12:50:43,006 [38a1a6d0-28dd-4b7e-bb0d-311102a68b97@group-E49E6F88C8AE:LeaderElection177] INFO  impl.RaftServerImpl (RaftServerImpl.java:setRole(174)) - 38a1a6d0-28dd-4b7e-bb0d-311102a68b97@group-E49E6F88C8AE: changes role from CANDIDATE to LEADER at term 1 for changeToLeader
2019-09-25 12:50:43,007 [38a1a6d0-28dd-4b7e-bb0d-311102a68b97@group-E49E6F88C8AE:LeaderElection177] INFO  impl.RaftServerImpl (ServerState.java:setLeader(253)) - 38a1a6d0-28dd-4b7e-bb0d-311102a68b97@group-E49E6F88C8AE: change Leader from null to 38a1a6d0-28dd-4b7e-bb0d-311102a68b97 at term 1 for becomeLeader, leader elected after 5134ms
2019-09-25 12:50:43,007 [38a1a6d0-28dd-4b7e-bb0d-311102a68b97@group-E49E6F88C8AE:LeaderElection177] INFO  server.RaftServerConfigKeys (ConfUtils.java:logGet(43)) - raft.server.staging.catchup.gap = 1000 (default)
2019-09-25 12:50:43,007 [38a1a6d0-28dd-4b7e-bb0d-311102a68b97@group-E49E6F88C8AE:LeaderElection177] INFO  server.RaftServerConfigKeys (ConfUtils.java:logGet(43)) - raft.server.rpc.sleep.time = 25ms (default)
2019-09-25 12:50:43,007 [38a1a6d0-28dd-4b7e-bb0d-311102a68b97@group-E49E6F88C8AE:LeaderElection177] INFO  server.RaftServerConfigKeys (ConfUtils.java:logGet(43)) - raft.server.write.element-limit = 4096 (default)
2019-09-25 12:50:43,007 [38a1a6d0-28dd-4b7e-bb0d-311102a68b97@group-E49E6F88C8AE:LeaderElection177] INFO  server.RaftServerConfigKeys (ConfUtils.java:logGet(43)) - raft.server.watch.timeout = 10s (default)
2019-09-25 12:50:43,007 [38a1a6d0-28dd-4b7e-bb0d-311102a68b97@group-E49E6F88C8AE:LeaderElection177] INFO  server.RaftServerConfigKeys (ConfUtils.java:logGet(43)) - raft.server.watch.timeout.denomination = 1s (default)
2019-09-25 12:50:43,007 [38a1a6d0-28dd-4b7e-bb0d-311102a68b97@group-E49E6F88C8AE:LeaderElection177] INFO  server.RaftServerConfigKeys (ConfUtils.java:logGet(43)) - raft.server.watch.element-limit = 65536 (default)
2019-09-25 12:50:43,009 [38a1a6d0-28dd-4b7e-bb0d-311102a68b97@group-E49E6F88C8AE:LeaderElection177] INFO  impl.RoleInfo (RoleInfo.java:updateAndGet(143)) - 38a1a6d0-28dd-4b7e-bb0d-311102a68b97: start LeaderState
2019-09-25 12:50:43,010 [38a1a6d0-28dd-4b7e-bb0d-311102a68b97@group-E49E6F88C8AE:LeaderElection177] INFO  segmented.SegmentedRaftLogWorker (SegmentedRaftLogWorker.java:startLogSegment(380)) - 38a1a6d0-28dd-4b7e-bb0d-311102a68b97@group-E49E6F88C8AE-SegmentedRaftLogWorker: Starting segment from index:0
2019-09-25 12:50:43,010 [38a1a6d0-28dd-4b7e-bb0d-311102a68b97@group-E49E6F88C8AE:LeaderElection177] INFO  impl.RaftServerImpl (ServerState.java:setRaftConf(354)) - 38a1a6d0-28dd-4b7e-bb0d-311102a68b97@group-E49E6F88C8AE: set configuration 0: [38a1a6d0-28dd-4b7e-bb0d-311102a68b97:192.168.151.73:33076], old=null at 0
2019-09-25 12:50:43,023 [e2881642-7086-41b8-be0c-1552e0fbdc2f@group-32B58E437C91-SegmentedRaftLogWorker] INFO  segmented.SegmentedRaftLogWorker (SegmentedRaftLogWorker.java:execute(569)) - e2881642-7086-41b8-be0c-1552e0fbdc2f@group-32B58E437C91-SegmentedRaftLogWorker: created new log segment /workdir/hadoop-ozone/ozonefs/target/test-dir/MiniOzoneClusterImpl-028383c2-6c51-4333-b3cb-3be5769adaf6/datanode-0/data/ratis/5d8d44b3-dc8b-4c5a-bc83-32b58e437c91/current/log_inprogress_0
2019-09-25 12:50:43,029 [Thread-3078] INFO  impl.FollowerState (FollowerState.java:run(106)) - a1f05ce6-455b-45cd-b03d-5d245a8627a2:group-8F47D1480142 changes to CANDIDATE, lastRpcTime:5104, electionTimeout:5104ms
2019-09-25 12:50:43,029 [Thread-3078] INFO  impl.RoleInfo (RoleInfo.java:shutdownFollowerState(121)) - a1f05ce6-455b-45cd-b03d-5d245a8627a2: shutdown FollowerState
2019-09-25 12:50:43,029 [Thread-3078] INFO  impl.RaftServerImpl (RaftServerImpl.java:setRole(174)) - a1f05ce6-455b-45cd-b03d-5d245a8627a2@group-8F47D1480142: changes role from  FOLLOWER to CANDIDATE at term 0 for changeToCandidate
2019-09-25 12:50:43,029 [Thread-3078] INFO  impl.RoleInfo (RoleInfo.java:updateAndGet(143)) - a1f05ce6-455b-45cd-b03d-5d245a8627a2: start LeaderElection
2019-09-25 12:50:43,054 [Thread-3084] INFO  impl.FollowerState (FollowerState.java:run(106)) - a1f05ce6-455b-45cd-b03d-5d245a8627a2:group-FB9E6806F7E0 changes to CANDIDATE, lastRpcTime:5017, electionTimeout:5017ms
2019-09-25 12:50:43,054 [Thread-3084] INFO  impl.RoleInfo (RoleInfo.java:shutdownFollowerState(121)) - a1f05ce6-455b-45cd-b03d-5d245a8627a2: shutdown FollowerState
2019-09-25 12:50:43,054 [Thread-3084] INFO  impl.RaftServerImpl (RaftServerImpl.java:setRole(174)) - a1f05ce6-455b-45cd-b03d-5d245a8627a2@group-FB9E6806F7E0: changes role from  FOLLOWER to CANDIDATE at term 0 for changeToCandidate
2019-09-25 12:50:43,054 [Thread-3084] INFO  impl.RoleInfo (RoleInfo.java:updateAndGet(143)) - a1f05ce6-455b-45cd-b03d-5d245a8627a2: start LeaderElection
2019-09-25 12:50:43,061 [38a1a6d0-28dd-4b7e-bb0d-311102a68b97@group-E49E6F88C8AE-SegmentedRaftLogWorker] INFO  segmented.SegmentedRaftLogWorker (SegmentedRaftLogWorker.java:execute(569)) - 38a1a6d0-28dd-4b7e-bb0d-311102a68b97@group-E49E6F88C8AE-SegmentedRaftLogWorker: created new log segment /workdir/hadoop-ozone/ozonefs/target/test-dir/MiniOzoneClusterImpl-028383c2-6c51-4333-b3cb-3be5769adaf6/datanode-1/data/ratis/d0672090-e208-47a6-88e0-e49e6f88c8ae/current/log_inprogress_0
2019-09-25 12:50:43,061 [a1f05ce6-455b-45cd-b03d-5d245a8627a2@group-FB9E6806F7E0:LeaderElection179] INFO  impl.LeaderElection (LeaderElection.java:askForVotes(182)) - a1f05ce6-455b-45cd-b03d-5d245a8627a2@group-FB9E6806F7E0:LeaderElection179: begin an election at term 1 for -1: [a1f05ce6-455b-45cd-b03d-5d245a8627a2:192.168.151.73:32959], old=null
2019-09-25 12:50:43,061 [a1f05ce6-455b-45cd-b03d-5d245a8627a2@group-8F47D1480142:LeaderElection178] INFO  impl.LeaderElection (LeaderElection.java:askForVotes(182)) - a1f05ce6-455b-45cd-b03d-5d245a8627a2@group-8F47D1480142:LeaderElection178: begin an election at term 1 for -1: [a1f05ce6-455b-45cd-b03d-5d245a8627a2:192.168.151.73:32959], old=null
2019-09-25 12:50:43,061 [a1f05ce6-455b-45cd-b03d-5d245a8627a2@group-FB9E6806F7E0:LeaderElection179] INFO  impl.RoleInfo (RoleInfo.java:shutdownLeaderElection(134)) - a1f05ce6-455b-45cd-b03d-5d245a8627a2: shutdown LeaderElection
2019-09-25 12:50:43,061 [a1f05ce6-455b-45cd-b03d-5d245a8627a2@group-8F47D1480142:LeaderElection178] INFO  impl.RoleInfo (RoleInfo.java:shutdownLeaderElection(134)) - a1f05ce6-455b-45cd-b03d-5d245a8627a2: shutdown LeaderElection
2019-09-25 12:50:43,061 [a1f05ce6-455b-45cd-b03d-5d245a8627a2@group-FB9E6806F7E0:LeaderElection179] INFO  impl.RaftServerImpl (RaftServerImpl.java:setRole(174)) - a1f05ce6-455b-45cd-b03d-5d245a8627a2@group-FB9E6806F7E0: changes role from CANDIDATE to LEADER at term 1 for changeToLeader
2019-09-25 12:50:43,061 [a1f05ce6-455b-45cd-b03d-5d245a8627a2@group-8F47D1480142:LeaderElection178] INFO  impl.RaftServerImpl (RaftServerImpl.java:setRole(174)) - a1f05ce6-455b-45cd-b03d-5d245a8627a2@group-8F47D1480142: changes role from CANDIDATE to LEADER at term 1 for changeToLeader
2019-09-25 12:50:43,062 [a1f05ce6-455b-45cd-b03d-5d245a8627a2@group-FB9E6806F7E0:LeaderElection179] INFO  impl.RaftServerImpl (ServerState.java:setLeader(253)) - a1f05ce6-455b-45cd-b03d-5d245a8627a2@group-FB9E6806F7E0: change Leader from null to a1f05ce6-455b-45cd-b03d-5d245a8627a2 at term 1 for becomeLeader, leader elected after 5030ms
2019-09-25 12:50:43,062 [a1f05ce6-455b-45cd-b03d-5d245a8627a2@group-8F47D1480142:LeaderElection178] INFO  impl.RaftServerImpl (ServerState.java:setLeader(253)) - a1f05ce6-455b-45cd-b03d-5d245a8627a2@group-8F47D1480142: change Leader from null to a1f05ce6-455b-45cd-b03d-5d245a8627a2 at term 1 for becomeLeader, leader elected after 5141ms
2019-09-25 12:50:43,062 [a1f05ce6-455b-45cd-b03d-5d245a8627a2@group-FB9E6806F7E0:LeaderElection179] INFO  server.RaftServerConfigKeys (ConfUtils.java:logGet(43)) - raft.server.staging.catchup.gap = 1000 (default)
2019-09-25 12:50:43,062 [a1f05ce6-455b-45cd-b03d-5d245a8627a2@group-8F47D1480142:LeaderElection178] INFO  server.RaftServerConfigKeys (ConfUtils.java:logGet(43)) - raft.server.staging.catchup.gap = 1000 (default)
2019-09-25 12:50:43,062 [a1f05ce6-455b-45cd-b03d-5d245a8627a2@group-FB9E6806F7E0:LeaderElection179] INFO  server.RaftServerConfigKeys (ConfUtils.java:logGet(43)) - raft.server.rpc.sleep.time = 25ms (default)
2019-09-25 12:50:43,062 [a1f05ce6-455b-45cd-b03d-5d245a8627a2@group-8F47D1480142:LeaderElection178] INFO  server.RaftServerConfigKeys (ConfUtils.java:logGet(43)) - raft.server.rpc.sleep.time = 25ms (default)
2019-09-25 12:50:43,062 [a1f05ce6-455b-45cd-b03d-5d245a8627a2@group-FB9E6806F7E0:LeaderElection179] INFO  server.RaftServerConfigKeys (ConfUtils.java:logGet(43)) - raft.server.write.element-limit = 4096 (default)
2019-09-25 12:50:43,062 [a1f05ce6-455b-45cd-b03d-5d245a8627a2@group-8F47D1480142:LeaderElection178] INFO  server.RaftServerConfigKeys (ConfUtils.java:logGet(43)) - raft.server.write.element-limit = 4096 (default)
2019-09-25 12:50:43,062 [a1f05ce6-455b-45cd-b03d-5d245a8627a2@group-FB9E6806F7E0:LeaderElection179] INFO  server.RaftServerConfigKeys (ConfUtils.java:logGet(43)) - raft.server.watch.timeout = 10s (default)
2019-09-25 12:50:43,063 [a1f05ce6-455b-45cd-b03d-5d245a8627a2@group-8F47D1480142:LeaderElection178] INFO  server.RaftServerConfigKeys (ConfUtils.java:logGet(43)) - raft.server.watch.timeout = 10s (default)
2019-09-25 12:50:43,063 [a1f05ce6-455b-45cd-b03d-5d245a8627a2@group-FB9E6806F7E0:LeaderElection179] INFO  server.RaftServerConfigKeys (ConfUtils.java:logGet(43)) - raft.server.watch.timeout.denomination = 1s (default)
2019-09-25 12:50:43,063 [a1f05ce6-455b-45cd-b03d-5d245a8627a2@group-8F47D1480142:LeaderElection178] INFO  server.RaftServerConfigKeys (ConfUtils.java:logGet(43)) - raft.server.watch.timeout.denomination = 1s (default)
2019-09-25 12:50:43,063 [a1f05ce6-455b-45cd-b03d-5d245a8627a2@group-FB9E6806F7E0:LeaderElection179] INFO  server.RaftServerConfigKeys (ConfUtils.java:logGet(43)) - raft.server.watch.element-limit = 65536 (default)
2019-09-25 12:50:43,063 [a1f05ce6-455b-45cd-b03d-5d245a8627a2@group-8F47D1480142:LeaderElection178] INFO  server.RaftServerConfigKeys (ConfUtils.java:logGet(43)) - raft.server.watch.element-limit = 65536 (default)
2019-09-25 12:50:43,065 [a1f05ce6-455b-45cd-b03d-5d245a8627a2@group-FB9E6806F7E0:LeaderElection179] INFO  impl.RoleInfo (RoleInfo.java:updateAndGet(143)) - a1f05ce6-455b-45cd-b03d-5d245a8627a2: start LeaderState
2019-09-25 12:50:43,065 [a1f05ce6-455b-45cd-b03d-5d245a8627a2@group-8F47D1480142:LeaderElection178] INFO  impl.RoleInfo (RoleInfo.java:updateAndGet(143)) - a1f05ce6-455b-45cd-b03d-5d245a8627a2: start LeaderState
2019-09-25 12:50:43,066 [a1f05ce6-455b-45cd-b03d-5d245a8627a2@group-FB9E6806F7E0:LeaderElection179] INFO  segmented.SegmentedRaftLogWorker (SegmentedRaftLogWorker.java:startLogSegment(380)) - a1f05ce6-455b-45cd-b03d-5d245a8627a2@group-FB9E6806F7E0-SegmentedRaftLogWorker: Starting segment from index:0
2019-09-25 12:50:43,066 [a1f05ce6-455b-45cd-b03d-5d245a8627a2@group-8F47D1480142:LeaderElection178] INFO  segmented.SegmentedRaftLogWorker (SegmentedRaftLogWorker.java:startLogSegment(380)) - a1f05ce6-455b-45cd-b03d-5d245a8627a2@group-8F47D1480142-SegmentedRaftLogWorker: Starting segment from index:0
2019-09-25 12:50:43,066 [a1f05ce6-455b-45cd-b03d-5d245a8627a2@group-FB9E6806F7E0:LeaderElection179] INFO  impl.RaftServerImpl (ServerState.java:setRaftConf(354)) - a1f05ce6-455b-45cd-b03d-5d245a8627a2@group-FB9E6806F7E0: set configuration 0: [a1f05ce6-455b-45cd-b03d-5d245a8627a2:192.168.151.73:32959], old=null at 0
2019-09-25 12:50:43,066 [a1f05ce6-455b-45cd-b03d-5d245a8627a2@group-8F47D1480142:LeaderElection178] INFO  impl.RaftServerImpl (ServerState.java:setRaftConf(354)) - a1f05ce6-455b-45cd-b03d-5d245a8627a2@group-8F47D1480142: set configuration 0: [a1f05ce6-455b-45cd-b03d-5d245a8627a2:192.168.151.73:32959], old=null at 0
2019-09-25 12:50:43,111 [a1f05ce6-455b-45cd-b03d-5d245a8627a2@group-8F47D1480142-SegmentedRaftLogWorker] INFO  segmented.SegmentedRaftLogWorker (SegmentedRaftLogWorker.java:execute(569)) - a1f05ce6-455b-45cd-b03d-5d245a8627a2@group-8F47D1480142-SegmentedRaftLogWorker: created new log segment /workdir/hadoop-ozone/ozonefs/target/test-dir/MiniOzoneClusterImpl-028383c2-6c51-4333-b3cb-3be5769adaf6/datanode-2/data/ratis/f68e268b-216f-48c6-99d1-8f47d1480142/current/log_inprogress_0
2019-09-25 12:50:43,111 [a1f05ce6-455b-45cd-b03d-5d245a8627a2@group-FB9E6806F7E0-SegmentedRaftLogWorker] INFO  segmented.SegmentedRaftLogWorker (SegmentedRaftLogWorker.java:execute(569)) - a1f05ce6-455b-45cd-b03d-5d245a8627a2@group-FB9E6806F7E0-SegmentedRaftLogWorker: created new log segment /workdir/hadoop-ozone/ozonefs/target/test-dir/MiniOzoneClusterImpl-028383c2-6c51-4333-b3cb-3be5769adaf6/datanode-2/data/ratis/b9371e8b-b5b2-4cdb-8d3e-fb9e6806f7e0/current/log_inprogress_0
2019-09-25 12:50:43,164 [Thread-3081] INFO  impl.FollowerState (FollowerState.java:run(106)) - 38a1a6d0-28dd-4b7e-bb0d-311102a68b97:group-1038A1D1AF5F changes to CANDIDATE, lastRpcTime:5196, electionTimeout:5196ms
2019-09-25 12:50:43,164 [Thread-3081] INFO  impl.RoleInfo (RoleInfo.java:shutdownFollowerState(121)) - 38a1a6d0-28dd-4b7e-bb0d-311102a68b97: shutdown FollowerState
2019-09-25 12:50:43,165 [Thread-3081] INFO  impl.RaftServerImpl (RaftServerImpl.java:setRole(174)) - 38a1a6d0-28dd-4b7e-bb0d-311102a68b97@group-1038A1D1AF5F: changes role from  FOLLOWER to CANDIDATE at term 0 for changeToCandidate
2019-09-25 12:50:43,165 [Thread-3081] INFO  impl.RoleInfo (RoleInfo.java:updateAndGet(143)) - 38a1a6d0-28dd-4b7e-bb0d-311102a68b97: start LeaderElection
2019-09-25 12:50:43,181 [38a1a6d0-28dd-4b7e-bb0d-311102a68b97@group-1038A1D1AF5F:LeaderElection180] INFO  impl.LeaderElection (LeaderElection.java:askForVotes(182)) - 38a1a6d0-28dd-4b7e-bb0d-311102a68b97@group-1038A1D1AF5F:LeaderElection180: begin an election at term 1 for -1: [38a1a6d0-28dd-4b7e-bb0d-311102a68b97:192.168.151.73:33076], old=null
2019-09-25 12:50:43,181 [38a1a6d0-28dd-4b7e-bb0d-311102a68b97@group-1038A1D1AF5F:LeaderElection180] INFO  impl.RoleInfo (RoleInfo.java:shutdownLeaderElection(134)) - 38a1a6d0-28dd-4b7e-bb0d-311102a68b97: shutdown LeaderElection
2019-09-25 12:50:43,181 [38a1a6d0-28dd-4b7e-bb0d-311102a68b97@group-1038A1D1AF5F:LeaderElection180] INFO  impl.RaftServerImpl (RaftServerImpl.java:setRole(174)) - 38a1a6d0-28dd-4b7e-bb0d-311102a68b97@group-1038A1D1AF5F: changes role from CANDIDATE to LEADER at term 1 for changeToLeader
2019-09-25 12:50:43,181 [38a1a6d0-28dd-4b7e-bb0d-311102a68b97@group-1038A1D1AF5F:LeaderElection180] INFO  impl.RaftServerImpl (ServerState.java:setLeader(253)) - 38a1a6d0-28dd-4b7e-bb0d-311102a68b97@group-1038A1D1AF5F: change Leader from null to 38a1a6d0-28dd-4b7e-bb0d-311102a68b97 at term 1 for becomeLeader, leader elected after 5217ms
2019-09-25 12:50:43,182 [38a1a6d0-28dd-4b7e-bb0d-311102a68b97@group-1038A1D1AF5F:LeaderElection180] INFO  server.RaftServerConfigKeys (ConfUtils.java:logGet(43)) - raft.server.staging.catchup.gap = 1000 (default)
2019-09-25 12:50:43,182 [38a1a6d0-28dd-4b7e-bb0d-311102a68b97@group-1038A1D1AF5F:LeaderElection180] INFO  server.RaftServerConfigKeys (ConfUtils.java:logGet(43)) - raft.server.rpc.sleep.time = 25ms (default)
2019-09-25 12:50:43,182 [38a1a6d0-28dd-4b7e-bb0d-311102a68b97@group-1038A1D1AF5F:LeaderElection180] INFO  server.RaftServerConfigKeys (ConfUtils.java:logGet(43)) - raft.server.write.element-limit = 4096 (default)
2019-09-25 12:50:43,182 [38a1a6d0-28dd-4b7e-bb0d-311102a68b97@group-1038A1D1AF5F:LeaderElection180] INFO  server.RaftServerConfigKeys (ConfUtils.java:logGet(43)) - raft.server.watch.timeout = 10s (default)
2019-09-25 12:50:43,182 [38a1a6d0-28dd-4b7e-bb0d-311102a68b97@group-1038A1D1AF5F:LeaderElection180] INFO  server.RaftServerConfigKeys (ConfUtils.java:logGet(43)) - raft.server.watch.timeout.denomination = 1s (default)
2019-09-25 12:50:43,182 [38a1a6d0-28dd-4b7e-bb0d-311102a68b97@group-1038A1D1AF5F:LeaderElection180] INFO  server.RaftServerConfigKeys (ConfUtils.java:logGet(43)) - raft.server.watch.element-limit = 65536 (default)
2019-09-25 12:50:43,184 [38a1a6d0-28dd-4b7e-bb0d-311102a68b97@group-1038A1D1AF5F:LeaderElection180] INFO  impl.RoleInfo (RoleInfo.java:updateAndGet(143)) - 38a1a6d0-28dd-4b7e-bb0d-311102a68b97: start LeaderState
2019-09-25 12:50:43,184 [38a1a6d0-28dd-4b7e-bb0d-311102a68b97@group-1038A1D1AF5F:LeaderElection180] INFO  segmented.SegmentedRaftLogWorker (SegmentedRaftLogWorker.java:startLogSegment(380)) - 38a1a6d0-28dd-4b7e-bb0d-311102a68b97@group-1038A1D1AF5F-SegmentedRaftLogWorker: Starting segment from index:0
2019-09-25 12:50:43,184 [38a1a6d0-28dd-4b7e-bb0d-311102a68b97@group-1038A1D1AF5F:LeaderElection180] INFO  impl.RaftServerImpl (ServerState.java:setRaftConf(354)) - 38a1a6d0-28dd-4b7e-bb0d-311102a68b97@group-1038A1D1AF5F: set configuration 0: [38a1a6d0-28dd-4b7e-bb0d-311102a68b97:192.168.151.73:33076], old=null at 0
2019-09-25 12:50:43,198 [Thread-3087] INFO  impl.FollowerState (FollowerState.java:run(106)) - 38a1a6d0-28dd-4b7e-bb0d-311102a68b97:group-9499B05BF25D changes to CANDIDATE, lastRpcTime:5094, electionTimeout:5094ms
2019-09-25 12:50:43,198 [Thread-3087] INFO  impl.RoleInfo (RoleInfo.java:shutdownFollowerState(121)) - 38a1a6d0-28dd-4b7e-bb0d-311102a68b97: shutdown FollowerState
2019-09-25 12:50:43,198 [Thread-3087] INFO  impl.RaftServerImpl (RaftServerImpl.java:setRole(174)) - 38a1a6d0-28dd-4b7e-bb0d-311102a68b97@group-9499B05BF25D: changes role from  FOLLOWER to CANDIDATE at term 0 for changeToCandidate
2019-09-25 12:50:43,198 [Thread-3087] INFO  impl.RoleInfo (RoleInfo.java:updateAndGet(143)) - 38a1a6d0-28dd-4b7e-bb0d-311102a68b97: start LeaderElection
2019-09-25 12:50:43,248 [Thread-3090] INFO  impl.FollowerState (FollowerState.java:run(106)) - 38a1a6d0-28dd-4b7e-bb0d-311102a68b97:group-DC85CFA7398D changes to CANDIDATE, lastRpcTime:5068, electionTimeout:5068ms
2019-09-25 12:50:43,248 [Thread-3090] INFO  impl.RoleInfo (RoleInfo.java:shutdownFollowerState(121)) - 38a1a6d0-28dd-4b7e-bb0d-311102a68b97: shutdown FollowerState
2019-09-25 12:50:43,248 [Thread-3090] INFO  impl.RaftServerImpl (RaftServerImpl.java:setRole(174)) - 38a1a6d0-28dd-4b7e-bb0d-311102a68b97@group-DC85CFA7398D: changes role from  FOLLOWER to CANDIDATE at term 0 for changeToCandidate
2019-09-25 12:50:43,249 [Thread-3090] INFO  impl.RoleInfo (RoleInfo.java:updateAndGet(143)) - 38a1a6d0-28dd-4b7e-bb0d-311102a68b97: start LeaderElection
2019-09-25 12:50:43,252 [38a1a6d0-28dd-4b7e-bb0d-311102a68b97@group-1038A1D1AF5F-SegmentedRaftLogWorker] INFO  segmented.SegmentedRaftLogWorker (SegmentedRaftLogWorker.java:execute(569)) - 38a1a6d0-28dd-4b7e-bb0d-311102a68b97@group-1038A1D1AF5F-SegmentedRaftLogWorker: created new log segment /workdir/hadoop-ozone/ozonefs/target/test-dir/MiniOzoneClusterImpl-028383c2-6c51-4333-b3cb-3be5769adaf6/datanode-1/data/ratis/1efa89f5-d51b-4d70-b4c5-1038a1d1af5f/current/log_inprogress_0
2019-09-25 12:50:43,252 [38a1a6d0-28dd-4b7e-bb0d-311102a68b97@group-9499B05BF25D:LeaderElection181] INFO  impl.LeaderElection (LeaderElection.java:askForVotes(182)) - 38a1a6d0-28dd-4b7e-bb0d-311102a68b97@group-9499B05BF25D:LeaderElection181: begin an election at term 1 for -1: [38a1a6d0-28dd-4b7e-bb0d-311102a68b97:192.168.151.73:33076], old=null
2019-09-25 12:50:43,252 [38a1a6d0-28dd-4b7e-bb0d-311102a68b97@group-9499B05BF25D:LeaderElection181] INFO  impl.RoleInfo (RoleInfo.java:shutdownLeaderElection(134)) - 38a1a6d0-28dd-4b7e-bb0d-311102a68b97: shutdown LeaderElection
2019-09-25 12:50:43,252 [38a1a6d0-28dd-4b7e-bb0d-311102a68b97@group-9499B05BF25D:LeaderElection181] INFO  impl.RaftServerImpl (RaftServerImpl.java:setRole(174)) - 38a1a6d0-28dd-4b7e-bb0d-311102a68b97@group-9499B05BF25D: changes role from CANDIDATE to LEADER at term 1 for changeToLeader
2019-09-25 12:50:43,252 [38a1a6d0-28dd-4b7e-bb0d-311102a68b97@group-9499B05BF25D:LeaderElection181] INFO  impl.RaftServerImpl (ServerState.java:setLeader(253)) - 38a1a6d0-28dd-4b7e-bb0d-311102a68b97@group-9499B05BF25D: change Leader from null to 38a1a6d0-28dd-4b7e-bb0d-311102a68b97 at term 1 for becomeLeader, leader elected after 5153ms
2019-09-25 12:50:43,252 [38a1a6d0-28dd-4b7e-bb0d-311102a68b97@group-9499B05BF25D:LeaderElection181] INFO  server.RaftServerConfigKeys (ConfUtils.java:logGet(43)) - raft.server.staging.catchup.gap = 1000 (default)
2019-09-25 12:50:43,252 [38a1a6d0-28dd-4b7e-bb0d-311102a68b97@group-9499B05BF25D:LeaderElection181] INFO  server.RaftServerConfigKeys (ConfUtils.java:logGet(43)) - raft.server.rpc.sleep.time = 25ms (default)
2019-09-25 12:50:43,253 [38a1a6d0-28dd-4b7e-bb0d-311102a68b97@group-9499B05BF25D:LeaderElection181] INFO  server.RaftServerConfigKeys (ConfUtils.java:logGet(43)) - raft.server.write.element-limit = 4096 (default)
2019-09-25 12:50:43,253 [38a1a6d0-28dd-4b7e-bb0d-311102a68b97@group-9499B05BF25D:LeaderElection181] INFO  server.RaftServerConfigKeys (ConfUtils.java:logGet(43)) - raft.server.watch.timeout = 10s (default)
2019-09-25 12:50:43,253 [38a1a6d0-28dd-4b7e-bb0d-311102a68b97@group-9499B05BF25D:LeaderElection181] INFO  server.RaftServerConfigKeys (ConfUtils.java:logGet(43)) - raft.server.watch.timeout.denomination = 1s (default)
2019-09-25 12:50:43,253 [38a1a6d0-28dd-4b7e-bb0d-311102a68b97@group-9499B05BF25D:LeaderElection181] INFO  server.RaftServerConfigKeys (ConfUtils.java:logGet(43)) - raft.server.watch.element-limit = 65536 (default)
2019-09-25 12:50:43,255 [38a1a6d0-28dd-4b7e-bb0d-311102a68b97@group-9499B05BF25D:LeaderElection181] INFO  impl.RoleInfo (RoleInfo.java:updateAndGet(143)) - 38a1a6d0-28dd-4b7e-bb0d-311102a68b97: start LeaderState
2019-09-25 12:50:43,255 [38a1a6d0-28dd-4b7e-bb0d-311102a68b97@group-9499B05BF25D:LeaderElection181] INFO  segmented.SegmentedRaftLogWorker (SegmentedRaftLogWorker.java:startLogSegment(380)) - 38a1a6d0-28dd-4b7e-bb0d-311102a68b97@group-9499B05BF25D-SegmentedRaftLogWorker: Starting segment from index:0
2019-09-25 12:50:43,256 [38a1a6d0-28dd-4b7e-bb0d-311102a68b97@group-9499B05BF25D:LeaderElection181] INFO  impl.RaftServerImpl (ServerState.java:setRaftConf(354)) - 38a1a6d0-28dd-4b7e-bb0d-311102a68b97@group-9499B05BF25D: set configuration 0: [38a1a6d0-28dd-4b7e-bb0d-311102a68b97:192.168.151.73:33076], old=null at 0
2019-09-25 12:50:43,260 [38a1a6d0-28dd-4b7e-bb0d-311102a68b97@group-DC85CFA7398D:LeaderElection182] INFO  impl.LeaderElection (LeaderElection.java:askForVotes(182)) - 38a1a6d0-28dd-4b7e-bb0d-311102a68b97@group-DC85CFA7398D:LeaderElection182: begin an election at term 1 for -1: [38a1a6d0-28dd-4b7e-bb0d-311102a68b97:192.168.151.73:33076], old=null
2019-09-25 12:50:43,260 [38a1a6d0-28dd-4b7e-bb0d-311102a68b97@group-DC85CFA7398D:LeaderElection182] INFO  impl.RoleInfo (RoleInfo.java:shutdownLeaderElection(134)) - 38a1a6d0-28dd-4b7e-bb0d-311102a68b97: shutdown LeaderElection
2019-09-25 12:50:43,260 [38a1a6d0-28dd-4b7e-bb0d-311102a68b97@group-DC85CFA7398D:LeaderElection182] INFO  impl.RaftServerImpl (RaftServerImpl.java:setRole(174)) - 38a1a6d0-28dd-4b7e-bb0d-311102a68b97@group-DC85CFA7398D: changes role from CANDIDATE to LEADER at term 1 for changeToLeader
2019-09-25 12:50:43,260 [38a1a6d0-28dd-4b7e-bb0d-311102a68b97@group-DC85CFA7398D:LeaderElection182] INFO  impl.RaftServerImpl (ServerState.java:setLeader(253)) - 38a1a6d0-28dd-4b7e-bb0d-311102a68b97@group-DC85CFA7398D: change Leader from null to 38a1a6d0-28dd-4b7e-bb0d-311102a68b97 at term 1 for becomeLeader, leader elected after 5085ms
2019-09-25 12:50:43,260 [38a1a6d0-28dd-4b7e-bb0d-311102a68b97@group-DC85CFA7398D:LeaderElection182] INFO  server.RaftServerConfigKeys (ConfUtils.java:logGet(43)) - raft.server.staging.catchup.gap = 1000 (default)
2019-09-25 12:50:43,260 [38a1a6d0-28dd-4b7e-bb0d-311102a68b97@group-DC85CFA7398D:LeaderElection182] INFO  server.RaftServerConfigKeys (ConfUtils.java:logGet(43)) - raft.server.rpc.sleep.time = 25ms (default)
2019-09-25 12:50:43,260 [38a1a6d0-28dd-4b7e-bb0d-311102a68b97@group-DC85CFA7398D:LeaderElection182] INFO  server.RaftServerConfigKeys (ConfUtils.java:logGet(43)) - raft.server.write.element-limit = 4096 (default)
2019-09-25 12:50:43,260 [38a1a6d0-28dd-4b7e-bb0d-311102a68b97@group-DC85CFA7398D:LeaderElection182] INFO  server.RaftServerConfigKeys (ConfUtils.java:logGet(43)) - raft.server.watch.timeout = 10s (default)
2019-09-25 12:50:43,260 [38a1a6d0-28dd-4b7e-bb0d-311102a68b97@group-DC85CFA7398D:LeaderElection182] INFO  server.RaftServerConfigKeys (ConfUtils.java:logGet(43)) - raft.server.watch.timeout.denomination = 1s (default)
2019-09-25 12:50:43,260 [38a1a6d0-28dd-4b7e-bb0d-311102a68b97@group-DC85CFA7398D:LeaderElection182] INFO  server.RaftServerConfigKeys (ConfUtils.java:logGet(43)) - raft.server.watch.element-limit = 65536 (default)
2019-09-25 12:50:43,262 [38a1a6d0-28dd-4b7e-bb0d-311102a68b97@group-DC85CFA7398D:LeaderElection182] INFO  impl.RoleInfo (RoleInfo.java:updateAndGet(143)) - 38a1a6d0-28dd-4b7e-bb0d-311102a68b97: start LeaderState
2019-09-25 12:50:43,262 [38a1a6d0-28dd-4b7e-bb0d-311102a68b97@group-DC85CFA7398D:LeaderElection182] INFO  segmented.SegmentedRaftLogWorker (SegmentedRaftLogWorker.java:startLogSegment(380)) - 38a1a6d0-28dd-4b7e-bb0d-311102a68b97@group-DC85CFA7398D-SegmentedRaftLogWorker: Starting segment from index:0
2019-09-25 12:50:43,262 [38a1a6d0-28dd-4b7e-bb0d-311102a68b97@group-DC85CFA7398D:LeaderElection182] INFO  impl.RaftServerImpl (ServerState.java:setRaftConf(354)) - 38a1a6d0-28dd-4b7e-bb0d-311102a68b97@group-DC85CFA7398D: set configuration 0: [38a1a6d0-28dd-4b7e-bb0d-311102a68b97:192.168.151.73:33076], old=null at 0
2019-09-25 12:50:43,274 [Thread-3093] INFO  impl.FollowerState (FollowerState.java:run(106)) - 38a1a6d0-28dd-4b7e-bb0d-311102a68b97:group-6997279DD1BF changes to CANDIDATE, lastRpcTime:5025, electionTimeout:5025ms
2019-09-25 12:50:43,274 [Thread-3093] INFO  impl.RoleInfo (RoleInfo.java:shutdownFollowerState(121)) - 38a1a6d0-28dd-4b7e-bb0d-311102a68b97: shutdown FollowerState
2019-09-25 12:50:43,274 [Thread-3093] INFO  impl.RaftServerImpl (RaftServerImpl.java:setRole(174)) - 38a1a6d0-28dd-4b7e-bb0d-311102a68b97@group-6997279DD1BF: changes role from  FOLLOWER to CANDIDATE at term 0 for changeToCandidate
2019-09-25 12:50:43,274 [Thread-3093] INFO  impl.RoleInfo (RoleInfo.java:updateAndGet(143)) - 38a1a6d0-28dd-4b7e-bb0d-311102a68b97: start LeaderElection
2019-09-25 12:50:43,311 [38a1a6d0-28dd-4b7e-bb0d-311102a68b97@group-9499B05BF25D-SegmentedRaftLogWorker] INFO  segmented.SegmentedRaftLogWorker (SegmentedRaftLogWorker.java:execute(569)) - 38a1a6d0-28dd-4b7e-bb0d-311102a68b97@group-9499B05BF25D-SegmentedRaftLogWorker: created new log segment /workdir/hadoop-ozone/ozonefs/target/test-dir/MiniOzoneClusterImpl-028383c2-6c51-4333-b3cb-3be5769adaf6/datanode-1/data/ratis/828ad14a-ae6f-4c26-a847-9499b05bf25d/current/log_inprogress_0
2019-09-25 12:50:43,311 [38a1a6d0-28dd-4b7e-bb0d-311102a68b97@group-6997279DD1BF:LeaderElection183] INFO  impl.LeaderElection (LeaderElection.java:askForVotes(182)) - 38a1a6d0-28dd-4b7e-bb0d-311102a68b97@group-6997279DD1BF:LeaderElection183: begin an election at term 1 for -1: [38a1a6d0-28dd-4b7e-bb0d-311102a68b97:192.168.151.73:33076], old=null
2019-09-25 12:50:43,311 [38a1a6d0-28dd-4b7e-bb0d-311102a68b97@group-DC85CFA7398D-SegmentedRaftLogWorker] INFO  segmented.SegmentedRaftLogWorker (SegmentedRaftLogWorker.java:execute(569)) - 38a1a6d0-28dd-4b7e-bb0d-311102a68b97@group-DC85CFA7398D-SegmentedRaftLogWorker: created new log segment /workdir/hadoop-ozone/ozonefs/target/test-dir/MiniOzoneClusterImpl-028383c2-6c51-4333-b3cb-3be5769adaf6/datanode-1/data/ratis/475ff5ca-5812-482a-b798-dc85cfa7398d/current/log_inprogress_0
2019-09-25 12:50:43,311 [38a1a6d0-28dd-4b7e-bb0d-311102a68b97@group-6997279DD1BF:LeaderElection183] INFO  impl.RoleInfo (RoleInfo.java:shutdownLeaderElection(134)) - 38a1a6d0-28dd-4b7e-bb0d-311102a68b97: shutdown LeaderElection
2019-09-25 12:50:43,312 [38a1a6d0-28dd-4b7e-bb0d-311102a68b97@group-6997279DD1BF:LeaderElection183] INFO  impl.RaftServerImpl (RaftServerImpl.java:setRole(174)) - 38a1a6d0-28dd-4b7e-bb0d-311102a68b97@group-6997279DD1BF: changes role from CANDIDATE to LEADER at term 1 for changeToLeader
2019-09-25 12:50:43,312 [38a1a6d0-28dd-4b7e-bb0d-311102a68b97@group-6997279DD1BF:LeaderElection183] INFO  impl.RaftServerImpl (ServerState.java:setLeader(253)) - 38a1a6d0-28dd-4b7e-bb0d-311102a68b97@group-6997279DD1BF: change Leader from null to 38a1a6d0-28dd-4b7e-bb0d-311102a68b97 at term 1 for becomeLeader, leader elected after 5069ms
2019-09-25 12:50:43,312 [38a1a6d0-28dd-4b7e-bb0d-311102a68b97@group-6997279DD1BF:LeaderElection183] INFO  server.RaftServerConfigKeys (ConfUtils.java:logGet(43)) - raft.server.staging.catchup.gap = 1000 (default)
2019-09-25 12:50:43,312 [38a1a6d0-28dd-4b7e-bb0d-311102a68b97@group-6997279DD1BF:LeaderElection183] INFO  server.RaftServerConfigKeys (ConfUtils.java:logGet(43)) - raft.server.rpc.sleep.time = 25ms (default)
2019-09-25 12:50:43,312 [38a1a6d0-28dd-4b7e-bb0d-311102a68b97@group-6997279DD1BF:LeaderElection183] INFO  server.RaftServerConfigKeys (ConfUtils.java:logGet(43)) - raft.server.write.element-limit = 4096 (default)
2019-09-25 12:50:43,313 [38a1a6d0-28dd-4b7e-bb0d-311102a68b97@group-6997279DD1BF:LeaderElection183] INFO  server.RaftServerConfigKeys (ConfUtils.java:logGet(43)) - raft.server.watch.timeout = 10s (default)
2019-09-25 12:50:43,313 [38a1a6d0-28dd-4b7e-bb0d-311102a68b97@group-6997279DD1BF:LeaderElection183] INFO  server.RaftServerConfigKeys (ConfUtils.java:logGet(43)) - raft.server.watch.timeout.denomination = 1s (default)
2019-09-25 12:50:43,313 [38a1a6d0-28dd-4b7e-bb0d-311102a68b97@group-6997279DD1BF:LeaderElection183] INFO  server.RaftServerConfigKeys (ConfUtils.java:logGet(43)) - raft.server.watch.element-limit = 65536 (default)
2019-09-25 12:50:43,315 [38a1a6d0-28dd-4b7e-bb0d-311102a68b97@group-6997279DD1BF:LeaderElection183] INFO  impl.RoleInfo (RoleInfo.java:updateAndGet(143)) - 38a1a6d0-28dd-4b7e-bb0d-311102a68b97: start LeaderState
2019-09-25 12:50:43,315 [38a1a6d0-28dd-4b7e-bb0d-311102a68b97@group-6997279DD1BF:LeaderElection183] INFO  segmented.SegmentedRaftLogWorker (SegmentedRaftLogWorker.java:startLogSegment(380)) - 38a1a6d0-28dd-4b7e-bb0d-311102a68b97@group-6997279DD1BF-SegmentedRaftLogWorker: Starting segment from index:0
2019-09-25 12:50:43,316 [38a1a6d0-28dd-4b7e-bb0d-311102a68b97@group-6997279DD1BF:LeaderElection183] INFO  impl.RaftServerImpl (ServerState.java:setRaftConf(354)) - 38a1a6d0-28dd-4b7e-bb0d-311102a68b97@group-6997279DD1BF: set configuration 0: [38a1a6d0-28dd-4b7e-bb0d-311102a68b97:192.168.151.73:33076], old=null at 0
2019-09-25 12:50:43,365 [38a1a6d0-28dd-4b7e-bb0d-311102a68b97@group-6997279DD1BF-SegmentedRaftLogWorker] INFO  segmented.SegmentedRaftLogWorker (SegmentedRaftLogWorker.java:execute(569)) - 38a1a6d0-28dd-4b7e-bb0d-311102a68b97@group-6997279DD1BF-SegmentedRaftLogWorker: created new log segment /workdir/hadoop-ozone/ozonefs/target/test-dir/MiniOzoneClusterImpl-028383c2-6c51-4333-b3cb-3be5769adaf6/datanode-1/data/ratis/cdb8df36-1b58-462a-bf1e-6997279dd1bf/current/log_inprogress_0
2019-09-25 12:50:43,545 [main] INFO  ozoneimpl.OzoneContainer (OzoneContainer.java:stop(231)) - Attempting to stop container services.
2019-09-25 12:50:43,545 [ForkJoinPool.commonPool-worker-0] INFO  ozoneimpl.OzoneContainer (OzoneContainer.java:stop(231)) - Attempting to stop container services.
2019-09-25 12:50:43,546 [main] INFO  impl.RaftServerProxy (RaftServerProxy.java:lambda$close$4(314)) - 38a1a6d0-28dd-4b7e-bb0d-311102a68b97: close
2019-09-25 12:50:43,546 [ForkJoinPool.commonPool-worker-0] INFO  impl.RaftServerProxy (RaftServerProxy.java:lambda$close$4(314)) - e2881642-7086-41b8-be0c-1552e0fbdc2f: close
2019-09-25 12:50:43,547 [main] INFO  impl.RaftServerImpl (RaftServerImpl.java:lambda$shutdown$3(251)) - 38a1a6d0-28dd-4b7e-bb0d-311102a68b97@group-1038A1D1AF5F: shutdown
2019-09-25 12:50:43,547 [ForkJoinPool.commonPool-worker-0] INFO  impl.RaftServerImpl (RaftServerImpl.java:lambda$shutdown$3(251)) - e2881642-7086-41b8-be0c-1552e0fbdc2f@group-D3817FCEB729: shutdown
2019-09-25 12:50:43,547 [main] INFO  util.JmxRegister (JmxRegister.java:unregister(73)) - Successfully un-registered JMX Bean with object name Ratis:service=RaftServer,group=group-1038A1D1AF5F,id=38a1a6d0-28dd-4b7e-bb0d-311102a68b97
2019-09-25 12:50:43,548 [ForkJoinPool.commonPool-worker-0] INFO  util.JmxRegister (JmxRegister.java:unregister(73)) - Successfully un-registered JMX Bean with object name Ratis:service=RaftServer,group=group-D3817FCEB729,id=e2881642-7086-41b8-be0c-1552e0fbdc2f
2019-09-25 12:50:43,548 [main] INFO  impl.RoleInfo (RoleInfo.java:shutdownLeaderState(104)) - 38a1a6d0-28dd-4b7e-bb0d-311102a68b97: shutdown LeaderState
2019-09-25 12:50:43,548 [ForkJoinPool.commonPool-worker-0] INFO  impl.RoleInfo (RoleInfo.java:shutdownLeaderState(104)) - e2881642-7086-41b8-be0c-1552e0fbdc2f: shutdown LeaderState
2019-09-25 12:50:43,549 [main] INFO  impl.PendingRequests (PendingRequests.java:sendNotLeaderResponses(202)) - 38a1a6d0-28dd-4b7e-bb0d-311102a68b97-PendingRequests: sendNotLeaderResponses
2019-09-25 12:50:43,549 [ForkJoinPool.commonPool-worker-0] INFO  impl.PendingRequests (PendingRequests.java:sendNotLeaderResponses(202)) - e2881642-7086-41b8-be0c-1552e0fbdc2f-PendingRequests: sendNotLeaderResponses
2019-09-25 12:50:43,549 [main] INFO  impl.StateMachineUpdater (StateMachineUpdater.java:stopAndJoin(125)) - 38a1a6d0-28dd-4b7e-bb0d-311102a68b97@group-1038A1D1AF5F-StateMachineUpdater: set stopIndex = 0
2019-09-25 12:50:43,550 [ForkJoinPool.commonPool-worker-0] INFO  impl.StateMachineUpdater (StateMachineUpdater.java:stopAndJoin(125)) - e2881642-7086-41b8-be0c-1552e0fbdc2f@group-D3817FCEB729-StateMachineUpdater: set stopIndex = 0
2019-09-25 12:50:43,550 [main] INFO  impl.RaftServerImpl (ServerState.java:close(385)) - 38a1a6d0-28dd-4b7e-bb0d-311102a68b97@group-1038A1D1AF5F: closes. applyIndex: 0
2019-09-25 12:50:43,550 [ForkJoinPool.commonPool-worker-0] INFO  impl.RaftServerImpl (ServerState.java:close(385)) - e2881642-7086-41b8-be0c-1552e0fbdc2f@group-D3817FCEB729: closes. applyIndex: 0
2019-09-25 12:50:43,551 [38a1a6d0-28dd-4b7e-bb0d-311102a68b97@group-1038A1D1AF5F-SegmentedRaftLogWorker] INFO  segmented.SegmentedRaftLogWorker (SegmentedRaftLogWorker.java:run(313)) - 38a1a6d0-28dd-4b7e-bb0d-311102a68b97@group-1038A1D1AF5F-SegmentedRaftLogWorker was interrupted, exiting. There are 0 tasks remaining in the queue.
2019-09-25 12:50:43,551 [e2881642-7086-41b8-be0c-1552e0fbdc2f@group-D3817FCEB729-SegmentedRaftLogWorker] INFO  segmented.SegmentedRaftLogWorker (SegmentedRaftLogWorker.java:run(313)) - e2881642-7086-41b8-be0c-1552e0fbdc2f@group-D3817FCEB729-SegmentedRaftLogWorker was interrupted, exiting. There are 0 tasks remaining in the queue.
2019-09-25 12:50:43,551 [main] INFO  segmented.SegmentedRaftLogWorker (SegmentedRaftLogWorker.java:close(228)) - 38a1a6d0-28dd-4b7e-bb0d-311102a68b97@group-1038A1D1AF5F-SegmentedRaftLogWorker close()
2019-09-25 12:50:43,551 [ForkJoinPool.commonPool-worker-0] INFO  segmented.SegmentedRaftLogWorker (SegmentedRaftLogWorker.java:close(228)) - e2881642-7086-41b8-be0c-1552e0fbdc2f@group-D3817FCEB729-SegmentedRaftLogWorker close()
2019-09-25 12:50:43,554 [main] INFO  impl.RaftServerImpl (RaftServerImpl.java:lambda$shutdown$3(251)) - 38a1a6d0-28dd-4b7e-bb0d-311102a68b97@group-6997279DD1BF: shutdown
2019-09-25 12:50:43,557 [ForkJoinPool.commonPool-worker-0] INFO  impl.RaftServerImpl (RaftServerImpl.java:lambda$shutdown$3(251)) - e2881642-7086-41b8-be0c-1552e0fbdc2f@group-1EF4778EC631: shutdown
2019-09-25 12:50:43,557 [main] INFO  util.JmxRegister (JmxRegister.java:unregister(73)) - Successfully un-registered JMX Bean with object name Ratis:service=RaftServer,group=group-6997279DD1BF,id=38a1a6d0-28dd-4b7e-bb0d-311102a68b97
2019-09-25 12:50:43,558 [main] INFO  impl.RoleInfo (RoleInfo.java:shutdownLeaderState(104)) - 38a1a6d0-28dd-4b7e-bb0d-311102a68b97: shutdown LeaderState
2019-09-25 12:50:43,558 [ForkJoinPool.commonPool-worker-0] INFO  util.JmxRegister (JmxRegister.java:unregister(73)) - Successfully un-registered JMX Bean with object name Ratis:service=RaftServer,group=group-1EF4778EC631,id=e2881642-7086-41b8-be0c-1552e0fbdc2f
2019-09-25 12:50:43,558 [main] INFO  impl.PendingRequests (PendingRequests.java:sendNotLeaderResponses(202)) - 38a1a6d0-28dd-4b7e-bb0d-311102a68b97-PendingRequests: sendNotLeaderResponses
2019-09-25 12:50:43,559 [ForkJoinPool.commonPool-worker-0] INFO  impl.RoleInfo (RoleInfo.java:shutdownLeaderState(104)) - e2881642-7086-41b8-be0c-1552e0fbdc2f: shutdown LeaderState
2019-09-25 12:50:43,559 [main] INFO  impl.StateMachineUpdater (StateMachineUpdater.java:stopAndJoin(125)) - 38a1a6d0-28dd-4b7e-bb0d-311102a68b97@group-6997279DD1BF-StateMachineUpdater: set stopIndex = 0
2019-09-25 12:50:43,560 [main] INFO  impl.RaftServerImpl (ServerState.java:close(385)) - 38a1a6d0-28dd-4b7e-bb0d-311102a68b97@group-6997279DD1BF: closes. applyIndex: 0
2019-09-25 12:50:43,560 [ForkJoinPool.commonPool-worker-0] INFO  impl.PendingRequests (PendingRequests.java:sendNotLeaderResponses(202)) - e2881642-7086-41b8-be0c-1552e0fbdc2f-PendingRequests: sendNotLeaderResponses
2019-09-25 12:50:43,560 [38a1a6d0-28dd-4b7e-bb0d-311102a68b97@group-6997279DD1BF-SegmentedRaftLogWorker] INFO  segmented.SegmentedRaftLogWorker (SegmentedRaftLogWorker.java:run(313)) - 38a1a6d0-28dd-4b7e-bb0d-311102a68b97@group-6997279DD1BF-SegmentedRaftLogWorker was interrupted, exiting. There are 0 tasks remaining in the queue.
2019-09-25 12:50:43,561 [ForkJoinPool.commonPool-worker-0] INFO  impl.StateMachineUpdater (StateMachineUpdater.java:stopAndJoin(125)) - e2881642-7086-41b8-be0c-1552e0fbdc2f@group-1EF4778EC631-StateMachineUpdater: set stopIndex = 0
2019-09-25 12:50:43,561 [main] INFO  segmented.SegmentedRaftLogWorker (SegmentedRaftLogWorker.java:close(228)) - 38a1a6d0-28dd-4b7e-bb0d-311102a68b97@group-6997279DD1BF-SegmentedRaftLogWorker close()
2019-09-25 12:50:43,561 [ForkJoinPool.commonPool-worker-0] INFO  impl.RaftServerImpl (ServerState.java:close(385)) - e2881642-7086-41b8-be0c-1552e0fbdc2f@group-1EF4778EC631: closes. applyIndex: 0
2019-09-25 12:50:43,564 [main] INFO  impl.RaftServerImpl (RaftServerImpl.java:lambda$shutdown$3(251)) - 38a1a6d0-28dd-4b7e-bb0d-311102a68b97@group-7978B74C51BF: shutdown
2019-09-25 12:50:43,564 [e2881642-7086-41b8-be0c-1552e0fbdc2f@group-1EF4778EC631-SegmentedRaftLogWorker] INFO  segmented.SegmentedRaftLogWorker (SegmentedRaftLogWorker.java:run(313)) - e2881642-7086-41b8-be0c-1552e0fbdc2f@group-1EF4778EC631-SegmentedRaftLogWorker was interrupted, exiting. There are 0 tasks remaining in the queue.
2019-09-25 12:50:43,564 [main] INFO  util.JmxRegister (JmxRegister.java:unregister(73)) - Successfully un-registered JMX Bean with object name Ratis:service=RaftServer,group=group-7978B74C51BF,id=38a1a6d0-28dd-4b7e-bb0d-311102a68b97
2019-09-25 12:50:43,565 [ForkJoinPool.commonPool-worker-0] INFO  segmented.SegmentedRaftLogWorker (SegmentedRaftLogWorker.java:close(228)) - e2881642-7086-41b8-be0c-1552e0fbdc2f@group-1EF4778EC631-SegmentedRaftLogWorker close()
2019-09-25 12:50:43,565 [main] INFO  impl.RoleInfo (RoleInfo.java:shutdownLeaderState(104)) - 38a1a6d0-28dd-4b7e-bb0d-311102a68b97: shutdown LeaderState
2019-09-25 12:50:43,567 [ForkJoinPool.commonPool-worker-0] INFO  impl.RaftServerImpl (RaftServerImpl.java:lambda$shutdown$3(251)) - e2881642-7086-41b8-be0c-1552e0fbdc2f@group-281ACB163DA7: shutdown
2019-09-25 12:50:43,568 [main] INFO  impl.PendingRequests (PendingRequests.java:sendNotLeaderResponses(202)) - 38a1a6d0-28dd-4b7e-bb0d-311102a68b97-PendingRequests: sendNotLeaderResponses
2019-09-25 12:50:43,568 [ForkJoinPool.commonPool-worker-0] INFO  util.JmxRegister (JmxRegister.java:unregister(73)) - Successfully un-registered JMX Bean with object name Ratis:service=RaftServer,group=group-281ACB163DA7,id=e2881642-7086-41b8-be0c-1552e0fbdc2f
2019-09-25 12:50:43,569 [ForkJoinPool.commonPool-worker-0] INFO  impl.RoleInfo (RoleInfo.java:shutdownLeaderState(104)) - e2881642-7086-41b8-be0c-1552e0fbdc2f: shutdown LeaderState
2019-09-25 12:50:43,568 [main] INFO  impl.StateMachineUpdater (StateMachineUpdater.java:stopAndJoin(125)) - 38a1a6d0-28dd-4b7e-bb0d-311102a68b97@group-7978B74C51BF-StateMachineUpdater: set stopIndex = 0
2019-09-25 12:50:43,569 [ForkJoinPool.commonPool-worker-0] INFO  impl.PendingRequests (PendingRequests.java:sendNotLeaderResponses(202)) - e2881642-7086-41b8-be0c-1552e0fbdc2f-PendingRequests: sendNotLeaderResponses
2019-09-25 12:50:43,569 [main] INFO  impl.RaftServerImpl (ServerState.java:close(385)) - 38a1a6d0-28dd-4b7e-bb0d-311102a68b97@group-7978B74C51BF: closes. applyIndex: 0
2019-09-25 12:50:43,570 [ForkJoinPool.commonPool-worker-0] INFO  impl.StateMachineUpdater (StateMachineUpdater.java:stopAndJoin(125)) - e2881642-7086-41b8-be0c-1552e0fbdc2f@group-281ACB163DA7-StateMachineUpdater: set stopIndex = 0
2019-09-25 12:50:43,570 [ForkJoinPool.commonPool-worker-0] INFO  impl.RaftServerImpl (ServerState.java:close(385)) - e2881642-7086-41b8-be0c-1552e0fbdc2f@group-281ACB163DA7: closes. applyIndex: 0
2019-09-25 12:50:43,570 [38a1a6d0-28dd-4b7e-bb0d-311102a68b97@group-7978B74C51BF-SegmentedRaftLogWorker] INFO  segmented.SegmentedRaftLogWorker (SegmentedRaftLogWorker.java:run(313)) - 38a1a6d0-28dd-4b7e-bb0d-311102a68b97@group-7978B74C51BF-SegmentedRaftLogWorker was interrupted, exiting. There are 0 tasks remaining in the queue.
2019-09-25 12:50:43,570 [e2881642-7086-41b8-be0c-1552e0fbdc2f@group-281ACB163DA7-SegmentedRaftLogWorker] INFO  segmented.SegmentedRaftLogWorker (SegmentedRaftLogWorker.java:run(313)) - e2881642-7086-41b8-be0c-1552e0fbdc2f@group-281ACB163DA7-SegmentedRaftLogWorker was interrupted, exiting. There are 0 tasks remaining in the queue.
2019-09-25 12:50:43,571 [main] INFO  segmented.SegmentedRaftLogWorker (SegmentedRaftLogWorker.java:close(228)) - 38a1a6d0-28dd-4b7e-bb0d-311102a68b97@group-7978B74C51BF-SegmentedRaftLogWorker close()
2019-09-25 12:50:43,571 [ForkJoinPool.commonPool-worker-0] INFO  segmented.SegmentedRaftLogWorker (SegmentedRaftLogWorker.java:close(228)) - e2881642-7086-41b8-be0c-1552e0fbdc2f@group-281ACB163DA7-SegmentedRaftLogWorker close()
2019-09-25 12:50:43,573 [main] INFO  impl.RaftServerImpl (RaftServerImpl.java:lambda$shutdown$3(251)) - 38a1a6d0-28dd-4b7e-bb0d-311102a68b97@group-E49E6F88C8AE: shutdown
2019-09-25 12:50:43,575 [ForkJoinPool.commonPool-worker-0] INFO  impl.RaftServerImpl (RaftServerImpl.java:lambda$shutdown$3(251)) - e2881642-7086-41b8-be0c-1552e0fbdc2f@group-DD38D1501C82: shutdown
2019-09-25 12:50:43,576 [main] INFO  util.JmxRegister (JmxRegister.java:unregister(73)) - Successfully un-registered JMX Bean with object name Ratis:service=RaftServer,group=group-E49E6F88C8AE,id=38a1a6d0-28dd-4b7e-bb0d-311102a68b97
2019-09-25 12:50:43,576 [ForkJoinPool.commonPool-worker-0] INFO  util.JmxRegister (JmxRegister.java:unregister(73)) - Successfully un-registered JMX Bean with object name Ratis:service=RaftServer,group=group-DD38D1501C82,id=e2881642-7086-41b8-be0c-1552e0fbdc2f
2019-09-25 12:50:43,576 [main] INFO  impl.RoleInfo (RoleInfo.java:shutdownLeaderState(104)) - 38a1a6d0-28dd-4b7e-bb0d-311102a68b97: shutdown LeaderState
2019-09-25 12:50:43,576 [ForkJoinPool.commonPool-worker-0] INFO  impl.RoleInfo (RoleInfo.java:shutdownLeaderState(104)) - e2881642-7086-41b8-be0c-1552e0fbdc2f: shutdown LeaderState
2019-09-25 12:50:43,577 [main] INFO  impl.PendingRequests (PendingRequests.java:sendNotLeaderResponses(202)) - 38a1a6d0-28dd-4b7e-bb0d-311102a68b97-PendingRequests: sendNotLeaderResponses
2019-09-25 12:50:43,577 [ForkJoinPool.commonPool-worker-0] INFO  impl.PendingRequests (PendingRequests.java:sendNotLeaderResponses(202)) - e2881642-7086-41b8-be0c-1552e0fbdc2f-PendingRequests: sendNotLeaderResponses
2019-09-25 12:50:43,577 [main] INFO  impl.StateMachineUpdater (StateMachineUpdater.java:stopAndJoin(125)) - 38a1a6d0-28dd-4b7e-bb0d-311102a68b97@group-E49E6F88C8AE-StateMachineUpdater: set stopIndex = 0
2019-09-25 12:50:43,578 [ForkJoinPool.commonPool-worker-0] INFO  impl.StateMachineUpdater (StateMachineUpdater.java:stopAndJoin(125)) - e2881642-7086-41b8-be0c-1552e0fbdc2f@group-DD38D1501C82-StateMachineUpdater: set stopIndex = 0
2019-09-25 12:50:43,578 [main] INFO  impl.RaftServerImpl (ServerState.java:close(385)) - 38a1a6d0-28dd-4b7e-bb0d-311102a68b97@group-E49E6F88C8AE: closes. applyIndex: 0
2019-09-25 12:50:43,578 [ForkJoinPool.commonPool-worker-0] INFO  impl.RaftServerImpl (ServerState.java:close(385)) - e2881642-7086-41b8-be0c-1552e0fbdc2f@group-DD38D1501C82: closes. applyIndex: 0
2019-09-25 12:50:43,579 [38a1a6d0-28dd-4b7e-bb0d-311102a68b97@group-E49E6F88C8AE-SegmentedRaftLogWorker] INFO  segmented.SegmentedRaftLogWorker (SegmentedRaftLogWorker.java:run(313)) - 38a1a6d0-28dd-4b7e-bb0d-311102a68b97@group-E49E6F88C8AE-SegmentedRaftLogWorker was interrupted, exiting. There are 0 tasks remaining in the queue.
2019-09-25 12:50:43,579 [e2881642-7086-41b8-be0c-1552e0fbdc2f@group-DD38D1501C82-SegmentedRaftLogWorker] INFO  segmented.SegmentedRaftLogWorker (SegmentedRaftLogWorker.java:run(313)) - e2881642-7086-41b8-be0c-1552e0fbdc2f@group-DD38D1501C82-SegmentedRaftLogWorker was interrupted, exiting. There are 0 tasks remaining in the queue.
2019-09-25 12:50:43,579 [main] INFO  segmented.SegmentedRaftLogWorker (SegmentedRaftLogWorker.java:close(228)) - 38a1a6d0-28dd-4b7e-bb0d-311102a68b97@group-E49E6F88C8AE-SegmentedRaftLogWorker close()
2019-09-25 12:50:43,579 [ForkJoinPool.commonPool-worker-0] INFO  segmented.SegmentedRaftLogWorker (SegmentedRaftLogWorker.java:close(228)) - e2881642-7086-41b8-be0c-1552e0fbdc2f@group-DD38D1501C82-SegmentedRaftLogWorker close()
2019-09-25 12:50:43,582 [main] INFO  impl.RaftServerImpl (RaftServerImpl.java:lambda$shutdown$3(251)) - 38a1a6d0-28dd-4b7e-bb0d-311102a68b97@group-9499B05BF25D: shutdown
2019-09-25 12:50:43,584 [ForkJoinPool.commonPool-worker-0] INFO  impl.RaftServerImpl (RaftServerImpl.java:lambda$shutdown$3(251)) - e2881642-7086-41b8-be0c-1552e0fbdc2f@group-32B58E437C91: shutdown
2019-09-25 12:50:43,584 [main] INFO  util.JmxRegister (JmxRegister.java:unregister(73)) - Successfully un-registered JMX Bean with object name Ratis:service=RaftServer,group=group-9499B05BF25D,id=38a1a6d0-28dd-4b7e-bb0d-311102a68b97
2019-09-25 12:50:43,585 [ForkJoinPool.commonPool-worker-0] INFO  util.JmxRegister (JmxRegister.java:unregister(73)) - Successfully un-registered JMX Bean with object name Ratis:service=RaftServer,group=group-32B58E437C91,id=e2881642-7086-41b8-be0c-1552e0fbdc2f
2019-09-25 12:50:43,585 [main] INFO  impl.RoleInfo (RoleInfo.java:shutdownLeaderState(104)) - 38a1a6d0-28dd-4b7e-bb0d-311102a68b97: shutdown LeaderState
2019-09-25 12:50:43,585 [ForkJoinPool.commonPool-worker-0] INFO  impl.RoleInfo (RoleInfo.java:shutdownLeaderState(104)) - e2881642-7086-41b8-be0c-1552e0fbdc2f: shutdown LeaderState
2019-09-25 12:50:43,586 [main] INFO  impl.PendingRequests (PendingRequests.java:sendNotLeaderResponses(202)) - 38a1a6d0-28dd-4b7e-bb0d-311102a68b97-PendingRequests: sendNotLeaderResponses
2019-09-25 12:50:43,586 [ForkJoinPool.commonPool-worker-0] INFO  impl.PendingRequests (PendingRequests.java:sendNotLeaderResponses(202)) - e2881642-7086-41b8-be0c-1552e0fbdc2f-PendingRequests: sendNotLeaderResponses
2019-09-25 12:50:43,586 [main] INFO  impl.StateMachineUpdater (StateMachineUpdater.java:stopAndJoin(125)) - 38a1a6d0-28dd-4b7e-bb0d-311102a68b97@group-9499B05BF25D-StateMachineUpdater: set stopIndex = 0
2019-09-25 12:50:43,587 [ForkJoinPool.commonPool-worker-0] INFO  impl.StateMachineUpdater (StateMachineUpdater.java:stopAndJoin(125)) - e2881642-7086-41b8-be0c-1552e0fbdc2f@group-32B58E437C91-StateMachineUpdater: set stopIndex = 0
2019-09-25 12:50:43,587 [main] INFO  impl.RaftServerImpl (ServerState.java:close(385)) - 38a1a6d0-28dd-4b7e-bb0d-311102a68b97@group-9499B05BF25D: closes. applyIndex: 0
2019-09-25 12:50:43,587 [ForkJoinPool.commonPool-worker-0] INFO  impl.RaftServerImpl (ServerState.java:close(385)) - e2881642-7086-41b8-be0c-1552e0fbdc2f@group-32B58E437C91: closes. applyIndex: 0
2019-09-25 12:50:43,588 [38a1a6d0-28dd-4b7e-bb0d-311102a68b97@group-9499B05BF25D-SegmentedRaftLogWorker] INFO  segmented.SegmentedRaftLogWorker (SegmentedRaftLogWorker.java:run(313)) - 38a1a6d0-28dd-4b7e-bb0d-311102a68b97@group-9499B05BF25D-SegmentedRaftLogWorker was interrupted, exiting. There are 0 tasks remaining in the queue.
2019-09-25 12:50:43,588 [e2881642-7086-41b8-be0c-1552e0fbdc2f@group-32B58E437C91-SegmentedRaftLogWorker] INFO  segmented.SegmentedRaftLogWorker (SegmentedRaftLogWorker.java:run(313)) - e2881642-7086-41b8-be0c-1552e0fbdc2f@group-32B58E437C91-SegmentedRaftLogWorker was interrupted, exiting. There are 0 tasks remaining in the queue.
2019-09-25 12:50:43,588 [main] INFO  segmented.SegmentedRaftLogWorker (SegmentedRaftLogWorker.java:close(228)) - 38a1a6d0-28dd-4b7e-bb0d-311102a68b97@group-9499B05BF25D-SegmentedRaftLogWorker close()
2019-09-25 12:50:43,588 [ForkJoinPool.commonPool-worker-0] INFO  segmented.SegmentedRaftLogWorker (SegmentedRaftLogWorker.java:close(228)) - e2881642-7086-41b8-be0c-1552e0fbdc2f@group-32B58E437C91-SegmentedRaftLogWorker close()
2019-09-25 12:50:43,590 [main] INFO  impl.RaftServerImpl (RaftServerImpl.java:lambda$shutdown$3(251)) - 38a1a6d0-28dd-4b7e-bb0d-311102a68b97@group-DC85CFA7398D: shutdown
2019-09-25 12:50:43,593 [ForkJoinPool.commonPool-worker-0] INFO  impl.RaftServerImpl (RaftServerImpl.java:lambda$shutdown$3(251)) - e2881642-7086-41b8-be0c-1552e0fbdc2f@group-CDF2504EEDB9: shutdown
2019-09-25 12:50:43,593 [main] INFO  util.JmxRegister (JmxRegister.java:unregister(73)) - Successfully un-registered JMX Bean with object name Ratis:service=RaftServer,group=group-DC85CFA7398D,id=38a1a6d0-28dd-4b7e-bb0d-311102a68b97
2019-09-25 12:50:43,594 [main] INFO  impl.RoleInfo (RoleInfo.java:shutdownLeaderState(104)) - 38a1a6d0-28dd-4b7e-bb0d-311102a68b97: shutdown LeaderState
2019-09-25 12:50:43,593 [ForkJoinPool.commonPool-worker-0] INFO  util.JmxRegister (JmxRegister.java:unregister(73)) - Successfully un-registered JMX Bean with object name Ratis:service=RaftServer,group=group-CDF2504EEDB9,id=e2881642-7086-41b8-be0c-1552e0fbdc2f
2019-09-25 12:50:43,594 [main] INFO  impl.PendingRequests (PendingRequests.java:sendNotLeaderResponses(202)) - 38a1a6d0-28dd-4b7e-bb0d-311102a68b97-PendingRequests: sendNotLeaderResponses
2019-09-25 12:50:43,594 [ForkJoinPool.commonPool-worker-0] INFO  impl.RoleInfo (RoleInfo.java:shutdownLeaderState(104)) - e2881642-7086-41b8-be0c-1552e0fbdc2f: shutdown LeaderState
2019-09-25 12:50:43,595 [main] INFO  impl.StateMachineUpdater (StateMachineUpdater.java:stopAndJoin(125)) - 38a1a6d0-28dd-4b7e-bb0d-311102a68b97@group-DC85CFA7398D-StateMachineUpdater: set stopIndex = 0
2019-09-25 12:50:43,595 [ForkJoinPool.commonPool-worker-0] INFO  impl.PendingRequests (PendingRequests.java:sendNotLeaderResponses(202)) - e2881642-7086-41b8-be0c-1552e0fbdc2f-PendingRequests: sendNotLeaderResponses
2019-09-25 12:50:43,595 [main] INFO  impl.RaftServerImpl (ServerState.java:close(385)) - 38a1a6d0-28dd-4b7e-bb0d-311102a68b97@group-DC85CFA7398D: closes. applyIndex: 0
2019-09-25 12:50:43,595 [ForkJoinPool.commonPool-worker-0] INFO  impl.StateMachineUpdater (StateMachineUpdater.java:stopAndJoin(125)) - e2881642-7086-41b8-be0c-1552e0fbdc2f@group-CDF2504EEDB9-StateMachineUpdater: set stopIndex = 0
2019-09-25 12:50:43,596 [38a1a6d0-28dd-4b7e-bb0d-311102a68b97@group-DC85CFA7398D-SegmentedRaftLogWorker] INFO  segmented.SegmentedRaftLogWorker (SegmentedRaftLogWorker.java:run(313)) - 38a1a6d0-28dd-4b7e-bb0d-311102a68b97@group-DC85CFA7398D-SegmentedRaftLogWorker was interrupted, exiting. There are 0 tasks remaining in the queue.
2019-09-25 12:50:43,596 [ForkJoinPool.commonPool-worker-0] INFO  impl.RaftServerImpl (ServerState.java:close(385)) - e2881642-7086-41b8-be0c-1552e0fbdc2f@group-CDF2504EEDB9: closes. applyIndex: 0
2019-09-25 12:50:43,596 [main] INFO  segmented.SegmentedRaftLogWorker (SegmentedRaftLogWorker.java:close(228)) - 38a1a6d0-28dd-4b7e-bb0d-311102a68b97@group-DC85CFA7398D-SegmentedRaftLogWorker close()
2019-09-25 12:50:43,597 [e2881642-7086-41b8-be0c-1552e0fbdc2f@group-CDF2504EEDB9-SegmentedRaftLogWorker] INFO  segmented.SegmentedRaftLogWorker (SegmentedRaftLogWorker.java:run(313)) - e2881642-7086-41b8-be0c-1552e0fbdc2f@group-CDF2504EEDB9-SegmentedRaftLogWorker was interrupted, exiting. There are 0 tasks remaining in the queue.
2019-09-25 12:50:43,599 [main] INFO  server.GrpcService (GrpcService.java:closeImpl(164)) - 38a1a6d0-28dd-4b7e-bb0d-311102a68b97: shutdown server with port 33076 now
2019-09-25 12:50:43,599 [ForkJoinPool.commonPool-worker-0] INFO  segmented.SegmentedRaftLogWorker (SegmentedRaftLogWorker.java:close(228)) - e2881642-7086-41b8-be0c-1552e0fbdc2f@group-CDF2504EEDB9-SegmentedRaftLogWorker close()
2019-09-25 12:50:43,601 [main] INFO  server.GrpcService (GrpcService.java:closeImpl(172)) - 38a1a6d0-28dd-4b7e-bb0d-311102a68b97: shutdown server with port 33076 successfully
2019-09-25 12:50:43,603 [ForkJoinPool.commonPool-worker-0] INFO  server.GrpcService (GrpcService.java:closeImpl(164)) - e2881642-7086-41b8-be0c-1552e0fbdc2f: shutdown server with port 33020 now
2019-09-25 12:50:43,606 [ForkJoinPool.commonPool-worker-0] INFO  server.GrpcService (GrpcService.java:closeImpl(172)) - e2881642-7086-41b8-be0c-1552e0fbdc2f: shutdown server with port 33020 successfully
2019-09-25 12:50:43,607 [refreshUsed-/workdir/hadoop-ozone/ozonefs/target/test-dir/MiniOzoneClusterImpl-028383c2-6c51-4333-b3cb-3be5769adaf6/datanode-1/data/containers] WARN  fs.CachingGetSpaceUsed (CachingGetSpaceUsed.java:run(183)) - Thread Interrupted waiting to refresh disk information: sleep interrupted
2019-09-25 12:50:43,609 [refreshUsed-/workdir/hadoop-ozone/ozonefs/target/test-dir/MiniOzoneClusterImpl-028383c2-6c51-4333-b3cb-3be5769adaf6/datanode-0/data/containers] WARN  fs.CachingGetSpaceUsed (CachingGetSpaceUsed.java:run(183)) - Thread Interrupted waiting to refresh disk information: sleep interrupted
2019-09-25 12:50:43,632 [main] INFO  utils.BackgroundService (BackgroundService.java:shutdown(148)) - Shutting down service BlockDeletingService
2019-09-25 12:50:43,638 [main] INFO  statemachine.DatanodeStateMachine (DatanodeStateMachine.java:stopDaemon(395)) - Ozone container server stopped.
2019-09-25 12:50:43,638 [main] INFO  handler.ContextHandler (ContextHandler.java:doStop(910)) - Stopped o.e.j.w.WebAppContext@31533eb1{/,null,UNAVAILABLE}{/hddsDatanode}
2019-09-25 12:50:43,639 [ForkJoinPool.commonPool-worker-0] INFO  utils.BackgroundService (BackgroundService.java:shutdown(148)) - Shutting down service BlockDeletingService
2019-09-25 12:50:43,643 [ForkJoinPool.commonPool-worker-0] INFO  statemachine.DatanodeStateMachine (DatanodeStateMachine.java:stopDaemon(395)) - Ozone container server stopped.
2019-09-25 12:50:43,643 [main] INFO  server.AbstractConnector (AbstractConnector.java:doStop(318)) - Stopped ServerConnector@1fb71788{HTTP/1.1,[http/1.1]}{0.0.0.0:0}
2019-09-25 12:50:43,649 [main] INFO  handler.ContextHandler (ContextHandler.java:doStop(910)) - Stopped o.e.j.s.ServletContextHandler@559e3f67{/static,jar:file:/home/user/.m2/repository/org/apache/hadoop/hadoop-hdds-container-service/0.5.0-SNAPSHOT/hadoop-hdds-container-service-0.5.0-SNAPSHOT.jar!/webapps/static,UNAVAILABLE}
2019-09-25 12:50:43,649 [ForkJoinPool.commonPool-worker-0] INFO  handler.ContextHandler (ContextHandler.java:doStop(910)) - Stopped o.e.j.w.WebAppContext@5477d90e{/,null,UNAVAILABLE}{/hddsDatanode}
2019-09-25 12:50:43,650 [main] INFO  handler.ContextHandler (ContextHandler.java:doStop(910)) - Stopped o.e.j.s.ServletContextHandler@fbbd90c{/logs,file:///workdir/hadoop-ozone/ozonefs/target/log,UNAVAILABLE}
2019-09-25 12:50:43,651 [ForkJoinPool.commonPool-worker-0] INFO  server.AbstractConnector (AbstractConnector.java:doStop(318)) - Stopped ServerConnector@6dc9a56e{HTTP/1.1,[http/1.1]}{0.0.0.0:0}
2019-09-25 12:50:43,652 [ForkJoinPool.commonPool-worker-0] INFO  handler.ContextHandler (ContextHandler.java:doStop(910)) - Stopped o.e.j.s.ServletContextHandler@114b203{/static,jar:file:/home/user/.m2/repository/org/apache/hadoop/hadoop-hdds-container-service/0.5.0-SNAPSHOT/hadoop-hdds-container-service-0.5.0-SNAPSHOT.jar!/webapps/static,UNAVAILABLE}
2019-09-25 12:50:43,654 [ForkJoinPool.commonPool-worker-0] INFO  handler.ContextHandler (ContextHandler.java:doStop(910)) - Stopped o.e.j.s.ServletContextHandler@2f6e92ca{/logs,file:///workdir/hadoop-ozone/ozonefs/target/log,UNAVAILABLE}
2019-09-25 12:50:44,388 [Datanode State Machine Thread - 0] INFO  statemachine.DatanodeStateMachine (DatanodeStateMachine.java:lambda$startDaemon$0(350)) - Ozone container server started.
2019-09-25 12:50:48,653 [main] INFO  ozoneimpl.OzoneContainer (OzoneContainer.java:stop(231)) - Attempting to stop container services.
2019-09-25 12:50:48,654 [main] INFO  impl.RaftServerProxy (RaftServerProxy.java:lambda$close$4(314)) - a1f05ce6-455b-45cd-b03d-5d245a8627a2: close
2019-09-25 12:50:48,654 [main] INFO  impl.RaftServerImpl (RaftServerImpl.java:lambda$shutdown$3(251)) - a1f05ce6-455b-45cd-b03d-5d245a8627a2@group-16C84A106658: shutdown
2019-09-25 12:50:48,655 [ForkJoinPool.commonPool-worker-1] INFO  impl.RaftServerImpl (RaftServerImpl.java:lambda$shutdown$3(251)) - a1f05ce6-455b-45cd-b03d-5d245a8627a2@group-802EC41498AD: shutdown
2019-09-25 12:50:48,655 [main] INFO  util.JmxRegister (JmxRegister.java:unregister(73)) - Successfully un-registered JMX Bean with object name Ratis:service=RaftServer,group=group-16C84A106658,id=a1f05ce6-455b-45cd-b03d-5d245a8627a2
2019-09-25 12:50:48,656 [main] INFO  impl.RoleInfo (RoleInfo.java:shutdownLeaderState(104)) - a1f05ce6-455b-45cd-b03d-5d245a8627a2: shutdown LeaderState
2019-09-25 12:50:48,655 [ForkJoinPool.commonPool-worker-1] INFO  util.JmxRegister (JmxRegister.java:unregister(73)) - Successfully un-registered JMX Bean with object name Ratis:service=RaftServer,group=group-802EC41498AD,id=a1f05ce6-455b-45cd-b03d-5d245a8627a2
2019-09-25 12:50:48,656 [main] INFO  impl.PendingRequests (PendingRequests.java:sendNotLeaderResponses(202)) - a1f05ce6-455b-45cd-b03d-5d245a8627a2-PendingRequests: sendNotLeaderResponses
2019-09-25 12:50:48,656 [ForkJoinPool.commonPool-worker-1] INFO  impl.RoleInfo (RoleInfo.java:shutdownLeaderState(104)) - a1f05ce6-455b-45cd-b03d-5d245a8627a2: shutdown LeaderState
2019-09-25 12:50:48,657 [main] INFO  impl.StateMachineUpdater (StateMachineUpdater.java:stopAndJoin(125)) - a1f05ce6-455b-45cd-b03d-5d245a8627a2@group-16C84A106658-StateMachineUpdater: set stopIndex = 0
2019-09-25 12:50:48,657 [ForkJoinPool.commonPool-worker-1] INFO  impl.PendingRequests (PendingRequests.java:sendNotLeaderResponses(202)) - a1f05ce6-455b-45cd-b03d-5d245a8627a2-PendingRequests: sendNotLeaderResponses
2019-09-25 12:50:48,657 [main] INFO  impl.RaftServerImpl (ServerState.java:close(385)) - a1f05ce6-455b-45cd-b03d-5d245a8627a2@group-16C84A106658: closes. applyIndex: 0
2019-09-25 12:50:48,657 [ForkJoinPool.commonPool-worker-1] INFO  impl.StateMachineUpdater (StateMachineUpdater.java:stopAndJoin(125)) - a1f05ce6-455b-45cd-b03d-5d245a8627a2@group-802EC41498AD-StateMachineUpdater: set stopIndex = 0
2019-09-25 12:50:48,658 [ForkJoinPool.commonPool-worker-1] INFO  impl.RaftServerImpl (ServerState.java:close(385)) - a1f05ce6-455b-45cd-b03d-5d245a8627a2@group-802EC41498AD: closes. applyIndex: 0
2019-09-25 12:50:48,658 [a1f05ce6-455b-45cd-b03d-5d245a8627a2@group-16C84A106658-SegmentedRaftLogWorker] INFO  segmented.SegmentedRaftLogWorker (SegmentedRaftLogWorker.java:run(313)) - a1f05ce6-455b-45cd-b03d-5d245a8627a2@group-16C84A106658-SegmentedRaftLogWorker was interrupted, exiting. There are 0 tasks remaining in the queue.
2019-09-25 12:50:48,658 [a1f05ce6-455b-45cd-b03d-5d245a8627a2@group-802EC41498AD-SegmentedRaftLogWorker] INFO  segmented.SegmentedRaftLogWorker (SegmentedRaftLogWorker.java:run(313)) - a1f05ce6-455b-45cd-b03d-5d245a8627a2@group-802EC41498AD-SegmentedRaftLogWorker was interrupted, exiting. There are 0 tasks remaining in the queue.
2019-09-25 12:50:48,659 [ForkJoinPool.commonPool-worker-1] INFO  segmented.SegmentedRaftLogWorker (SegmentedRaftLogWorker.java:close(228)) - a1f05ce6-455b-45cd-b03d-5d245a8627a2@group-802EC41498AD-SegmentedRaftLogWorker close()
2019-09-25 12:50:48,659 [main] INFO  segmented.SegmentedRaftLogWorker (SegmentedRaftLogWorker.java:close(228)) - a1f05ce6-455b-45cd-b03d-5d245a8627a2@group-16C84A106658-SegmentedRaftLogWorker close()
2019-09-25 12:50:48,661 [ForkJoinPool.commonPool-worker-1] INFO  impl.RaftServerImpl (RaftServerImpl.java:lambda$shutdown$3(251)) - a1f05ce6-455b-45cd-b03d-5d245a8627a2@group-5DE7D10FCCD4: shutdown
2019-09-25 12:50:48,664 [main] INFO  impl.RaftServerImpl (RaftServerImpl.java:lambda$shutdown$3(251)) - a1f05ce6-455b-45cd-b03d-5d245a8627a2@group-862DEEA7A2FA: shutdown
2019-09-25 12:50:48,664 [ForkJoinPool.commonPool-worker-1] INFO  util.JmxRegister (JmxRegister.java:unregister(73)) - Successfully un-registered JMX Bean with object name Ratis:service=RaftServer,group=group-5DE7D10FCCD4,id=a1f05ce6-455b-45cd-b03d-5d245a8627a2
2019-09-25 12:50:48,664 [main] INFO  util.JmxRegister (JmxRegister.java:unregister(73)) - Successfully un-registered JMX Bean with object name Ratis:service=RaftServer,group=group-862DEEA7A2FA,id=a1f05ce6-455b-45cd-b03d-5d245a8627a2
2019-09-25 12:50:48,665 [ForkJoinPool.commonPool-worker-1] INFO  impl.RoleInfo (RoleInfo.java:shutdownLeaderState(104)) - a1f05ce6-455b-45cd-b03d-5d245a8627a2: shutdown LeaderState
2019-09-25 12:50:48,665 [main] INFO  impl.RoleInfo (RoleInfo.java:shutdownLeaderState(104)) - a1f05ce6-455b-45cd-b03d-5d245a8627a2: shutdown LeaderState
2019-09-25 12:50:48,665 [ForkJoinPool.commonPool-worker-1] INFO  impl.PendingRequests (PendingRequests.java:sendNotLeaderResponses(202)) - a1f05ce6-455b-45cd-b03d-5d245a8627a2-PendingRequests: sendNotLeaderResponses
2019-09-25 12:50:48,666 [main] INFO  impl.PendingRequests (PendingRequests.java:sendNotLeaderResponses(202)) - a1f05ce6-455b-45cd-b03d-5d245a8627a2-PendingRequests: sendNotLeaderResponses
2019-09-25 12:50:48,666 [ForkJoinPool.commonPool-worker-1] INFO  impl.StateMachineUpdater (StateMachineUpdater.java:stopAndJoin(125)) - a1f05ce6-455b-45cd-b03d-5d245a8627a2@group-5DE7D10FCCD4-StateMachineUpdater: set stopIndex = 0
2019-09-25 12:50:48,666 [main] INFO  impl.StateMachineUpdater (StateMachineUpdater.java:stopAndJoin(125)) - a1f05ce6-455b-45cd-b03d-5d245a8627a2@group-862DEEA7A2FA-StateMachineUpdater: set stopIndex = 0
2019-09-25 12:50:48,666 [ForkJoinPool.commonPool-worker-1] INFO  impl.RaftServerImpl (ServerState.java:close(385)) - a1f05ce6-455b-45cd-b03d-5d245a8627a2@group-5DE7D10FCCD4: closes. applyIndex: 0
2019-09-25 12:50:48,667 [main] INFO  impl.RaftServerImpl (ServerState.java:close(385)) - a1f05ce6-455b-45cd-b03d-5d245a8627a2@group-862DEEA7A2FA: closes. applyIndex: 0
2019-09-25 12:50:48,667 [a1f05ce6-455b-45cd-b03d-5d245a8627a2@group-5DE7D10FCCD4-SegmentedRaftLogWorker] INFO  segmented.SegmentedRaftLogWorker (SegmentedRaftLogWorker.java:run(313)) - a1f05ce6-455b-45cd-b03d-5d245a8627a2@group-5DE7D10FCCD4-SegmentedRaftLogWorker was interrupted, exiting. There are 0 tasks remaining in the queue.
2019-09-25 12:50:48,668 [a1f05ce6-455b-45cd-b03d-5d245a8627a2@group-862DEEA7A2FA-SegmentedRaftLogWorker] INFO  segmented.SegmentedRaftLogWorker (SegmentedRaftLogWorker.java:run(313)) - a1f05ce6-455b-45cd-b03d-5d245a8627a2@group-862DEEA7A2FA-SegmentedRaftLogWorker was interrupted, exiting. There are 0 tasks remaining in the queue.
2019-09-25 12:50:48,668 [ForkJoinPool.commonPool-worker-1] INFO  segmented.SegmentedRaftLogWorker (SegmentedRaftLogWorker.java:close(228)) - a1f05ce6-455b-45cd-b03d-5d245a8627a2@group-5DE7D10FCCD4-SegmentedRaftLogWorker close()
2019-09-25 12:50:48,668 [main] INFO  segmented.SegmentedRaftLogWorker (SegmentedRaftLogWorker.java:close(228)) - a1f05ce6-455b-45cd-b03d-5d245a8627a2@group-862DEEA7A2FA-SegmentedRaftLogWorker close()
2019-09-25 12:50:48,670 [ForkJoinPool.commonPool-worker-1] INFO  impl.RaftServerImpl (RaftServerImpl.java:lambda$shutdown$3(251)) - a1f05ce6-455b-45cd-b03d-5d245a8627a2@group-8F47D1480142: shutdown
2019-09-25 12:50:48,673 [ForkJoinPool.commonPool-worker-1] INFO  util.JmxRegister (JmxRegister.java:unregister(73)) - Successfully un-registered JMX Bean with object name Ratis:service=RaftServer,group=group-8F47D1480142,id=a1f05ce6-455b-45cd-b03d-5d245a8627a2
2019-09-25 12:50:48,673 [ForkJoinPool.commonPool-worker-1] INFO  impl.RoleInfo (RoleInfo.java:shutdownLeaderState(104)) - a1f05ce6-455b-45cd-b03d-5d245a8627a2: shutdown LeaderState
2019-09-25 12:50:48,673 [ForkJoinPool.commonPool-worker-1] INFO  impl.PendingRequests (PendingRequests.java:sendNotLeaderResponses(202)) - a1f05ce6-455b-45cd-b03d-5d245a8627a2-PendingRequests: sendNotLeaderResponses
2019-09-25 12:50:48,673 [ForkJoinPool.commonPool-worker-1] INFO  impl.StateMachineUpdater (StateMachineUpdater.java:stopAndJoin(125)) - a1f05ce6-455b-45cd-b03d-5d245a8627a2@group-8F47D1480142-StateMachineUpdater: set stopIndex = 0
2019-09-25 12:50:48,673 [ForkJoinPool.commonPool-worker-1] INFO  impl.RaftServerImpl (ServerState.java:close(385)) - a1f05ce6-455b-45cd-b03d-5d245a8627a2@group-8F47D1480142: closes. applyIndex: 0
2019-09-25 12:50:48,674 [a1f05ce6-455b-45cd-b03d-5d245a8627a2@group-8F47D1480142-SegmentedRaftLogWorker] INFO  segmented.SegmentedRaftLogWorker (SegmentedRaftLogWorker.java:run(313)) - a1f05ce6-455b-45cd-b03d-5d245a8627a2@group-8F47D1480142-SegmentedRaftLogWorker was interrupted, exiting. There are 0 tasks remaining in the queue.
2019-09-25 12:50:48,674 [ForkJoinPool.commonPool-worker-1] INFO  segmented.SegmentedRaftLogWorker (SegmentedRaftLogWorker.java:close(228)) - a1f05ce6-455b-45cd-b03d-5d245a8627a2@group-8F47D1480142-SegmentedRaftLogWorker close()
2019-09-25 12:50:48,676 [ForkJoinPool.commonPool-worker-1] INFO  impl.RaftServerImpl (RaftServerImpl.java:lambda$shutdown$3(251)) - a1f05ce6-455b-45cd-b03d-5d245a8627a2@group-FB9E6806F7E0: shutdown
2019-09-25 12:50:48,676 [ForkJoinPool.commonPool-worker-1] INFO  util.JmxRegister (JmxRegister.java:unregister(73)) - Successfully un-registered JMX Bean with object name Ratis:service=RaftServer,group=group-FB9E6806F7E0,id=a1f05ce6-455b-45cd-b03d-5d245a8627a2
2019-09-25 12:50:48,676 [ForkJoinPool.commonPool-worker-1] INFO  impl.RoleInfo (RoleInfo.java:shutdownLeaderState(104)) - a1f05ce6-455b-45cd-b03d-5d245a8627a2: shutdown LeaderState
2019-09-25 12:50:48,676 [ForkJoinPool.commonPool-worker-1] INFO  impl.PendingRequests (PendingRequests.java:sendNotLeaderResponses(202)) - a1f05ce6-455b-45cd-b03d-5d245a8627a2-PendingRequests: sendNotLeaderResponses
2019-09-25 12:50:48,677 [ForkJoinPool.commonPool-worker-1] INFO  impl.StateMachineUpdater (StateMachineUpdater.java:stopAndJoin(125)) - a1f05ce6-455b-45cd-b03d-5d245a8627a2@group-FB9E6806F7E0-StateMachineUpdater: set stopIndex = 0
2019-09-25 12:50:48,677 [ForkJoinPool.commonPool-worker-1] INFO  impl.RaftServerImpl (ServerState.java:close(385)) - a1f05ce6-455b-45cd-b03d-5d245a8627a2@group-FB9E6806F7E0: closes. applyIndex: 0
2019-09-25 12:50:48,677 [a1f05ce6-455b-45cd-b03d-5d245a8627a2@group-FB9E6806F7E0-SegmentedRaftLogWorker] INFO  segmented.SegmentedRaftLogWorker (SegmentedRaftLogWorker.java:run(313)) - a1f05ce6-455b-45cd-b03d-5d245a8627a2@group-FB9E6806F7E0-SegmentedRaftLogWorker was interrupted, exiting. There are 0 tasks remaining in the queue.
2019-09-25 12:50:48,677 [ForkJoinPool.commonPool-worker-1] INFO  segmented.SegmentedRaftLogWorker (SegmentedRaftLogWorker.java:close(228)) - a1f05ce6-455b-45cd-b03d-5d245a8627a2@group-FB9E6806F7E0-SegmentedRaftLogWorker close()
2019-09-25 12:50:48,679 [main] INFO  server.GrpcService (GrpcService.java:closeImpl(164)) - a1f05ce6-455b-45cd-b03d-5d245a8627a2: shutdown server with port 32959 now
2019-09-25 12:50:48,682 [main] INFO  server.GrpcService (GrpcService.java:closeImpl(172)) - a1f05ce6-455b-45cd-b03d-5d245a8627a2: shutdown server with port 32959 successfully
2019-09-25 12:50:48,684 [refreshUsed-/workdir/hadoop-ozone/ozonefs/target/test-dir/MiniOzoneClusterImpl-028383c2-6c51-4333-b3cb-3be5769adaf6/datanode-2/data/containers] WARN  fs.CachingGetSpaceUsed (CachingGetSpaceUsed.java:run(183)) - Thread Interrupted waiting to refresh disk information: sleep interrupted
2019-09-25 12:50:48,708 [main] INFO  utils.BackgroundService (BackgroundService.java:shutdown(148)) - Shutting down service BlockDeletingService
2019-09-25 12:50:48,714 [main] INFO  statemachine.DatanodeStateMachine (DatanodeStateMachine.java:stopDaemon(395)) - Ozone container server stopped.
2019-09-25 12:50:48,715 [main] INFO  handler.ContextHandler (ContextHandler.java:doStop(910)) - Stopped o.e.j.w.WebAppContext@6f4d2294{/,null,UNAVAILABLE}{/hddsDatanode}
2019-09-25 12:50:48,716 [main] INFO  server.AbstractConnector (AbstractConnector.java:doStop(318)) - Stopped ServerConnector@22361e23{HTTP/1.1,[http/1.1]}{0.0.0.0:0}
2019-09-25 12:50:48,716 [main] INFO  handler.ContextHandler (ContextHandler.java:doStop(910)) - Stopped o.e.j.s.ServletContextHandler@fd5689d{/static,jar:file:/home/user/.m2/repository/org/apache/hadoop/hadoop-hdds-container-service/0.5.0-SNAPSHOT/hadoop-hdds-container-service-0.5.0-SNAPSHOT.jar!/webapps/static,UNAVAILABLE}
2019-09-25 12:50:48,717 [main] INFO  handler.ContextHandler (ContextHandler.java:doStop(910)) - Stopped o.e.j.s.ServletContextHandler@54387873{/logs,file:///workdir/hadoop-ozone/ozonefs/target/log,UNAVAILABLE}
2019-09-25 12:50:48,718 [main] INFO  ozone.MiniOzoneClusterImpl (MiniOzoneClusterImpl.java:stopSCM(392)) - Stopping the StorageContainerManager
2019-09-25 12:50:48,718 [main] INFO  server.StorageContainerManager (StorageContainerManager.java:stop(808)) - Stopping Replication Manager Service.
2019-09-25 12:50:48,718 [main] INFO  container.ReplicationManager (ReplicationManager.java:stop(204)) - Stopping Replication Monitor Thread.
2019-09-25 12:50:48,718 [main] INFO  server.StorageContainerManager (StorageContainerManager.java:stop(815)) - Stopping Lease Manager of the command watchers
2019-09-25 12:50:48,718 [main] INFO  server.StorageContainerManager (StorageContainerManager.java:stop(822)) - Stopping datanode service RPC server
2019-09-25 12:50:48,718 [main] INFO  server.SCMDatanodeProtocolServer (SCMDatanodeProtocolServer.java:stop(367)) - Stopping the RPC server for DataNodes
2019-09-25 12:50:48,719 [main] INFO  ipc.Server (Server.java:stop(3082)) - Stopping server on 40231
2019-09-25 12:50:48,722 [IPC Server listener on 40231] INFO  ipc.Server (Server.java:run(1185)) - Stopping IPC Server listener on 40231
2019-09-25 12:50:48,722 [IPC Server Responder] INFO  ipc.Server (Server.java:run(1319)) - Stopping IPC Server Responder
2019-09-25 12:50:48,765 [SCM Heartbeat Processing Thread - 0] WARN  node.NodeStateManager (NodeStateManager.java:scheduleNextHealthCheck(655)) - Current Thread is interrupted, shutting down HB processing thread for Node Manager.
2019-09-25 12:50:48,765 [main] INFO  server.StorageContainerManager (StorageContainerManager.java:stop(830)) - Stopping block service RPC server
2019-09-25 12:50:48,766 [main] INFO  server.SCMBlockProtocolServer (SCMBlockProtocolServer.java:stop(155)) - Stopping the RPC server for Block Protocol
2019-09-25 12:50:48,766 [main] INFO  ipc.Server (Server.java:stop(3082)) - Stopping server on 42123
2019-09-25 12:50:48,768 [main] INFO  server.StorageContainerManager (StorageContainerManager.java:stop(837)) - Stopping the StorageContainerLocationProtocol RPC server
2019-09-25 12:50:48,769 [main] INFO  server.SCMClientProtocolServer (SCMClientProtocolServer.java:stop(159)) - Stopping the RPC server for Client Protocol
2019-09-25 12:50:48,769 [IPC Server Responder] INFO  ipc.Server (Server.java:run(1319)) - Stopping IPC Server Responder
2019-09-25 12:50:48,769 [IPC Server listener on 42123] INFO  ipc.Server (Server.java:run(1185)) - Stopping IPC Server listener on 42123
2019-09-25 12:50:48,769 [main] INFO  ipc.Server (Server.java:stop(3082)) - Stopping server on 35327
2019-09-25 12:50:48,773 [IPC Server listener on 35327] INFO  ipc.Server (Server.java:run(1185)) - Stopping IPC Server listener on 35327
2019-09-25 12:50:48,773 [main] INFO  server.StorageContainerManager (StorageContainerManager.java:stop(844)) - Stopping Storage Container Manager HTTP server.
2019-09-25 12:50:48,774 [IPC Server Responder] INFO  ipc.Server (Server.java:run(1319)) - Stopping IPC Server Responder
2019-09-25 12:50:48,776 [main] INFO  handler.ContextHandler (ContextHandler.java:doStop(910)) - Stopped o.e.j.w.WebAppContext@43445fc6{/,null,UNAVAILABLE}{/scm}
2019-09-25 12:50:48,777 [main] INFO  server.AbstractConnector (AbstractConnector.java:doStop(318)) - Stopped ServerConnector@431babe6{HTTP/1.1,[http/1.1]}{0.0.0.0:0}
2019-09-25 12:50:48,777 [main] INFO  handler.ContextHandler (ContextHandler.java:doStop(910)) - Stopped o.e.j.s.ServletContextHandler@1c58d7be{/static,jar:file:/home/user/.m2/repository/org/apache/hadoop/hadoop-hdds-server-scm/0.5.0-SNAPSHOT/hadoop-hdds-server-scm-0.5.0-SNAPSHOT.jar!/webapps/static,UNAVAILABLE}
2019-09-25 12:50:48,778 [main] INFO  handler.ContextHandler (ContextHandler.java:doStop(910)) - Stopped o.e.j.s.ServletContextHandler@4cc4d454{/logs,file:///workdir/hadoop-ozone/ozonefs/target/log,UNAVAILABLE}
2019-09-25 12:50:48,778 [main] INFO  server.StorageContainerManager (StorageContainerManager.java:stop(855)) - Stopping Block Manager Service.
2019-09-25 12:50:48,779 [main] INFO  utils.BackgroundService (BackgroundService.java:shutdown(148)) - Shutting down service SCMBlockDeletingService
2019-09-25 12:50:48,779 [main] INFO  utils.BackgroundService (BackgroundService.java:shutdown(148)) - Shutting down service SCMBlockDeletingService
2019-09-25 12:50:48,779 [main] INFO  server.StorageContainerManager (StorageContainerManager.java:stop(877)) - Stopping SCM Event Queue.
2019-09-25 12:50:48,791 [main] INFO  impl.MetricsSystemImpl (MetricsSystemImpl.java:stop(210)) - Stopping HddsDatanode metrics system...
2019-09-25 12:50:48,801 [main] INFO  impl.MetricsSystemImpl (MetricsSystemImpl.java:stop(216)) - HddsDatanode metrics system stopped.
]]></system-out>
  </testcase>
</testsuite>