<?xml version="1.0" encoding="UTF-8"?>
<testsuite xmlns:xsi="http://www.w3.org/2001/XMLSchema-instance" xsi:noNamespaceSchemaLocation="https://maven.apache.org/surefire/maven-surefire-plugin/xsd/surefire-test-report.xsd" name="org.apache.hadoop.ozone.client.rpc.TestMultiBlockWritesWithDnFailures" time="140.881" tests="2" errors="1" skipped="0" failures="0">
  <properties>
    <property name="awt.toolkit" value="sun.awt.X11.XToolkit"/>
    <property name="file.encoding.pkg" value="sun.io"/>
    <property name="java.specification.version" value="1.8"/>
    <property name="sun.cpu.isalist" value=""/>
    <property name="sun.jnu.encoding" value="UTF-8"/>
    <property name="java.class.path" value="/workdir/hadoop-ozone/integration-test/target/test-classes:/workdir/hadoop-ozone/integration-test/target/classes:/home/user/.m2/repository/org/apache/hadoop/hadoop-ozone-common/0.5.0-SNAPSHOT/hadoop-ozone-common-0.5.0-SNAPSHOT.jar:/home/user/.m2/repository/org/apache/commons/commons-compress/1.4.1/commons-compress-1.4.1.jar:/home/user/.m2/repository/org/tukaani/xz/1.0/xz-1.0.jar:/home/user/.m2/repository/org/apache/hadoop/hadoop-common/3.2.0/hadoop-common-3.2.0.jar:/home/user/.m2/repository/org/apache/hadoop/hadoop-hdfs/3.2.0/hadoop-hdfs-3.2.0.jar:/home/user/.m2/repository/org/apache/hadoop/hadoop-hdfs-client/3.2.0/hadoop-hdfs-client-3.2.0.jar:/home/user/.m2/repository/com/fasterxml/jackson/core/jackson-annotations/2.9.5/jackson-annotations-2.9.5.jar:/home/user/.m2/repository/org/apache/hadoop/hadoop-hdds-common/0.5.0-SNAPSHOT/hadoop-hdds-common-0.5.0-SNAPSHOT.jar:/home/user/.m2/repository/javax/annotation/javax.annotation-api/1.2/javax.annotation-api-1.2.jar:/home/user/.m2/repository/org/apache/ratis/ratis-server/0.4.0-78e95b9-SNAPSHOT/ratis-server-0.4.0-78e95b9-SNAPSHOT.jar:/home/user/.m2/repository/org/apache/ratis/ratis-thirdparty-misc/0.2.0/ratis-thirdparty-misc-0.2.0.jar:/home/user/.m2/repository/org/apache/ratis/ratis-proto/0.4.0-78e95b9-SNAPSHOT/ratis-proto-0.4.0-78e95b9-SNAPSHOT.jar:/home/user/.m2/repository/org/apache/ratis/ratis-common/0.4.0-78e95b9-SNAPSHOT/ratis-common-0.4.0-78e95b9-SNAPSHOT.jar:/home/user/.m2/repository/org/apache/ratis/ratis-client/0.4.0-78e95b9-SNAPSHOT/ratis-client-0.4.0-78e95b9-SNAPSHOT.jar:/home/user/.m2/repository/org/apache/ratis/ratis-metrics/0.4.0-78e95b9-SNAPSHOT/ratis-metrics-0.4.0-78e95b9-SNAPSHOT.jar:/home/user/.m2/repository/com/github/joshelser/dropwizard-metrics-hadoop-metrics2-reporter/0.1.2/dropwizard-metrics-hadoop-metrics2-reporter-0.1.2.jar:/home/user/.m2/repository/io/dropwizard/metrics/metrics-jvm/3.2.5/metrics-jvm-3.2.5.jar:/home/user/.m2/repository/io/dropwizard/metrics/metrics-ganglia/3.2.5/metrics-ganglia-3.2.5.jar:/home/user/.m2/repository/info/ganglia/gmetric4j/gmetric4j/1.0.7/gmetric4j-1.0.7.jar:/home/user/.m2/repository/org/apache/ratis/ratis-netty/0.4.0-78e95b9-SNAPSHOT/ratis-netty-0.4.0-78e95b9-SNAPSHOT.jar:/home/user/.m2/repository/org/apache/ratis/ratis-grpc/0.4.0-78e95b9-SNAPSHOT/ratis-grpc-0.4.0-78e95b9-SNAPSHOT.jar:/home/user/.m2/repository/org/rocksdb/rocksdbjni/6.0.1/rocksdbjni-6.0.1.jar:/home/user/.m2/repository/org/apache/logging/log4j/log4j-api/2.11.0/log4j-api-2.11.0.jar:/home/user/.m2/repository/org/apache/logging/log4j/log4j-core/2.11.0/log4j-core-2.11.0.jar:/home/user/.m2/repository/com/lmax/disruptor/3.4.2/disruptor-3.4.2.jar:/home/user/.m2/repository/org/apache/commons/commons-pool2/2.6.0/commons-pool2-2.6.0.jar:/home/user/.m2/repository/org/bouncycastle/bcpkix-jdk15on/1.60/bcpkix-jdk15on-1.60.jar:/home/user/.m2/repository/commons-validator/commons-validator/1.6/commons-validator-1.6.jar:/home/user/.m2/repository/commons-digester/commons-digester/1.8.1/commons-digester-1.8.1.jar:/home/user/.m2/repository/io/jaegertracing/jaeger-client/0.33.1/jaeger-client-0.33.1.jar:/home/user/.m2/repository/io/jaegertracing/jaeger-thrift/0.33.1/jaeger-thrift-0.33.1.jar:/home/user/.m2/repository/org/apache/thrift/libthrift/0.11.0/libthrift-0.11.0.jar:/home/user/.m2/repository/com/squareup/okhttp3/okhttp/3.9.0/okhttp-3.9.0.jar:/home/user/.m2/repository/com/squareup/okio/okio/1.13.0/okio-1.13.0.jar:/home/user/.m2/repository/io/jaegertracing/jaeger-core/0.33.1/jaeger-core-0.33.1.jar:/home/user/.m2/repository/io/jaegertracing/jaeger-tracerresolver/0.33.1/jaeger-tracerresolver-0.33.1.jar:/home/user/.m2/repository/io/opentracing/contrib/opentracing-tracerresolver/0.1.5/opentracing-tracerresolver-0.1.5.jar:/home/user/.m2/repository/io/opentracing/opentracing-util/0.31.0/opentracing-util-0.31.0.jar:/home/user/.m2/repository/io/opentracing/opentracing-api/0.31.0/opentracing-api-0.31.0.jar:/home/user/.m2/repository/io/opentracing/opentracing-noop/0.31.0/opentracing-noop-0.31.0.jar:/home/user/.m2/repository/org/apache/hadoop/hadoop-hdds-server-framework/0.5.0-SNAPSHOT/hadoop-hdds-server-framework-0.5.0-SNAPSHOT.jar:/home/user/.m2/repository/org/apache/hadoop/hadoop-hdds-container-service/0.5.0-SNAPSHOT/hadoop-hdds-container-service-0.5.0-SNAPSHOT.jar:/home/user/.m2/repository/org/apache/hadoop/hadoop-hdds-client/0.5.0-SNAPSHOT/hadoop-hdds-client-0.5.0-SNAPSHOT.jar:/home/user/.m2/repository/org/apache/hadoop/hadoop-hdds-tools/0.5.0-SNAPSHOT/hadoop-hdds-tools-0.5.0-SNAPSHOT.jar:/home/user/.m2/repository/org/apache/hadoop/hadoop-hdds-server-scm/0.5.0-SNAPSHOT/hadoop-hdds-server-scm-0.5.0-SNAPSHOT.jar:/home/user/.m2/repository/org/apache/hadoop/hadoop-hdds-docs/0.5.0-SNAPSHOT/hadoop-hdds-docs-0.5.0-SNAPSHOT.jar:/home/user/.m2/repository/io/dropwizard/metrics/metrics-core/3.2.4/metrics-core-3.2.4.jar:/home/user/.m2/repository/org/hamcrest/hamcrest-all/1.3/hamcrest-all-1.3.jar:/home/user/.m2/repository/org/bouncycastle/bcprov-jdk15on/1.60/bcprov-jdk15on-1.60.jar:/home/user/.m2/repository/info/picocli/picocli/3.9.6/picocli-3.9.6.jar:/home/user/.m2/repository/com/google/protobuf/protobuf-java/2.5.0/protobuf-java-2.5.0.jar:/home/user/.m2/repository/com/google/guava/guava/11.0.2/guava-11.0.2.jar:/home/user/.m2/repository/org/apache/hadoop/hadoop-ozone-ozone-manager/0.5.0-SNAPSHOT/hadoop-ozone-ozone-manager-0.5.0-SNAPSHOT.jar:/home/user/.m2/repository/org/apache/hadoop/hadoop-minikdc/3.2.0/hadoop-minikdc-3.2.0.jar:/home/user/.m2/repository/commons-io/commons-io/2.5/commons-io-2.5.jar:/home/user/.m2/repository/org/apache/kerby/kerb-simplekdc/1.0.1/kerb-simplekdc-1.0.1.jar:/home/user/.m2/repository/org/apache/kerby/kerb-client/1.0.1/kerb-client-1.0.1.jar:/home/user/.m2/repository/org/apache/kerby/kerby-config/1.0.1/kerby-config-1.0.1.jar:/home/user/.m2/repository/org/apache/kerby/kerb-core/1.0.1/kerb-core-1.0.1.jar:/home/user/.m2/repository/org/apache/kerby/kerby-pkix/1.0.1/kerby-pkix-1.0.1.jar:/home/user/.m2/repository/org/apache/kerby/kerby-asn1/1.0.1/kerby-asn1-1.0.1.jar:/home/user/.m2/repository/org/apache/kerby/kerby-util/1.0.1/kerby-util-1.0.1.jar:/home/user/.m2/repository/org/apache/kerby/kerb-common/1.0.1/kerb-common-1.0.1.jar:/home/user/.m2/repository/org/apache/kerby/kerb-crypto/1.0.1/kerb-crypto-1.0.1.jar:/home/user/.m2/repository/org/apache/kerby/kerb-util/1.0.1/kerb-util-1.0.1.jar:/home/user/.m2/repository/org/apache/kerby/token-provider/1.0.1/token-provider-1.0.1.jar:/home/user/.m2/repository/org/apache/kerby/kerb-admin/1.0.1/kerb-admin-1.0.1.jar:/home/user/.m2/repository/org/apache/kerby/kerb-server/1.0.1/kerb-server-1.0.1.jar:/home/user/.m2/repository/org/apache/kerby/kerb-identity/1.0.1/kerb-identity-1.0.1.jar:/home/user/.m2/repository/org/apache/kerby/kerby-xdr/1.0.1/kerby-xdr-1.0.1.jar:/home/user/.m2/repository/org/slf4j/slf4j-log4j12/1.7.25/slf4j-log4j12-1.7.25.jar:/home/user/.m2/repository/org/apache/hadoop/hadoop-ozone-s3gateway/0.5.0-SNAPSHOT/hadoop-ozone-s3gateway-0.5.0-SNAPSHOT.jar:/home/user/.m2/repository/org/jboss/weld/servlet/weld-servlet/2.4.7.Final/weld-servlet-2.4.7.Final.jar:/home/user/.m2/repository/org/glassfish/jersey/containers/jersey-container-servlet-core/2.27/jersey-container-servlet-core-2.27.jar:/home/user/.m2/repository/org/glassfish/hk2/external/javax.inject/2.5.0-b42/javax.inject-2.5.0-b42.jar:/home/user/.m2/repository/org/glassfish/jersey/core/jersey-common/2.27/jersey-common-2.27.jar:/home/user/.m2/repository/org/glassfish/hk2/osgi-resource-locator/1.0.1/osgi-resource-locator-1.0.1.jar:/home/user/.m2/repository/javax/ws/rs/javax.ws.rs-api/2.1/javax.ws.rs-api-2.1.jar:/home/user/.m2/repository/org/glassfish/jersey/ext/cdi/jersey-cdi1x/2.27/jersey-cdi1x-2.27.jar:/home/user/.m2/repository/org/glassfish/jersey/inject/jersey-hk2/2.27/jersey-hk2-2.27.jar:/home/user/.m2/repository/org/glassfish/hk2/hk2-locator/2.5.0-b42/hk2-locator-2.5.0-b42.jar:/home/user/.m2/repository/org/javassist/javassist/3.22.0-CR2/javassist-3.22.0-CR2.jar:/home/user/.m2/repository/org/glassfish/hk2/hk2-api/2.5.0/hk2-api-2.5.0.jar:/home/user/.m2/repository/org/glassfish/hk2/external/jakarta.inject/2.5.0/jakarta.inject-2.5.0.jar:/home/user/.m2/repository/org/glassfish/hk2/hk2-utils/2.5.0/hk2-utils-2.5.0.jar:/home/user/.m2/repository/jakarta/annotation/jakarta.annotation-api/1.3.4/jakarta.annotation-api-1.3.4.jar:/home/user/.m2/repository/org/glassfish/hk2/external/aopalliance-repackaged/2.5.0/aopalliance-repackaged-2.5.0.jar:/home/user/.m2/repository/com/fasterxml/jackson/dataformat/jackson-dataformat-xml/2.9.0/jackson-dataformat-xml-2.9.0.jar:/home/user/.m2/repository/com/fasterxml/jackson/core/jackson-core/2.9.5/jackson-core-2.9.5.jar:/home/user/.m2/repository/com/fasterxml/jackson/module/jackson-module-jaxb-annotations/2.9.5/jackson-module-jaxb-annotations-2.9.5.jar:/home/user/.m2/repository/javax/enterprise/cdi-api/1.2/cdi-api-1.2.jar:/home/user/.m2/repository/javax/el/javax.el-api/3.0.0/javax.el-api-3.0.0.jar:/home/user/.m2/repository/javax/interceptor/javax.interceptor-api/1.2/javax.interceptor-api-1.2.jar:/home/user/.m2/repository/javax/inject/javax.inject/1/javax.inject-1.jar:/home/user/.m2/repository/com/sun/xml/bind/jaxb-impl/2.3.0.1/jaxb-impl-2.3.0.1.jar:/home/user/.m2/repository/com/sun/xml/bind/jaxb-core/2.3.0.1/jaxb-core-2.3.0.1.jar:/home/user/.m2/repository/javax/xml/bind/jaxb-api/2.3.0/jaxb-api-2.3.0.jar:/home/user/.m2/repository/javax/activation/activation/1.1.1/activation-1.1.1.jar:/home/user/.m2/repository/org/apache/hadoop/hadoop-ozone-csi/0.5.0-SNAPSHOT/hadoop-ozone-csi-0.5.0-SNAPSHOT.jar:/home/user/.m2/repository/com/google/protobuf/protobuf-java-util/3.5.1/protobuf-java-util-3.5.1.jar:/home/user/.m2/repository/org/apache/hadoop/hadoop-hdds-config/0.5.0-SNAPSHOT/hadoop-hdds-config-0.5.0-SNAPSHOT.jar:/home/user/.m2/repository/io/grpc/grpc-netty/1.17.1/grpc-netty-1.17.1.jar:/home/user/.m2/repository/io/grpc/grpc-core/1.17.1/grpc-core-1.17.1.jar:/home/user/.m2/repository/io/grpc/grpc-context/1.17.1/grpc-context-1.17.1.jar:/home/user/.m2/repository/com/google/errorprone/error_prone_annotations/2.2.0/error_prone_annotations-2.2.0.jar:/home/user/.m2/repository/org/codehaus/mojo/animal-sniffer-annotations/1.17/animal-sniffer-annotations-1.17.jar:/home/user/.m2/repository/io/opencensus/opencensus-api/0.17.0/opencensus-api-0.17.0.jar:/home/user/.m2/repository/io/opencensus/opencensus-contrib-grpc-metrics/0.17.0/opencensus-contrib-grpc-metrics-0.17.0.jar:/home/user/.m2/repository/io/netty/netty-codec-http2/4.1.30.Final/netty-codec-http2-4.1.30.Final.jar:/home/user/.m2/repository/io/netty/netty-codec-http/4.1.30.Final/netty-codec-http-4.1.30.Final.jar:/home/user/.m2/repository/io/netty/netty-codec/4.1.30.Final/netty-codec-4.1.30.Final.jar:/home/user/.m2/repository/io/netty/netty-handler/4.1.30.Final/netty-handler-4.1.30.Final.jar:/home/user/.m2/repository/io/netty/netty-handler-proxy/4.1.30.Final/netty-handler-proxy-4.1.30.Final.jar:/home/user/.m2/repository/io/netty/netty-codec-socks/4.1.30.Final/netty-codec-socks-4.1.30.Final.jar:/home/user/.m2/repository/io/netty/netty-transport-native-epoll/4.1.30.Final/netty-transport-native-epoll-4.1.30.Final.jar:/home/user/.m2/repository/io/netty/netty-common/4.1.30.Final/netty-common-4.1.30.Final.jar:/home/user/.m2/repository/io/netty/netty-buffer/4.1.30.Final/netty-buffer-4.1.30.Final.jar:/home/user/.m2/repository/io/netty/netty-transport/4.1.30.Final/netty-transport-4.1.30.Final.jar:/home/user/.m2/repository/io/netty/netty-resolver/4.1.30.Final/netty-resolver-4.1.30.Final.jar:/home/user/.m2/repository/io/netty/netty-transport-native-unix-common/4.1.30.Final/netty-transport-native-unix-common-4.1.30.Final.jar:/home/user/.m2/repository/io/grpc/grpc-protobuf/1.17.1/grpc-protobuf-1.17.1.jar:/home/user/.m2/repository/com/google/api/grpc/proto-google-common-protos/1.0.0/proto-google-common-protos-1.0.0.jar:/home/user/.m2/repository/io/grpc/grpc-protobuf-lite/1.17.1/grpc-protobuf-lite-1.17.1.jar:/home/user/.m2/repository/io/grpc/grpc-stub/1.17.1/grpc-stub-1.17.1.jar:/home/user/.m2/repository/org/apache/hadoop/hadoop-ozone-recon/0.5.0-SNAPSHOT/hadoop-ozone-recon-0.5.0-SNAPSHOT.jar:/home/user/.m2/repository/org/apache/hadoop/hadoop-ozone-reconcodegen/0.5.0-SNAPSHOT/hadoop-ozone-reconcodegen-0.5.0-SNAPSHOT.jar:/home/user/.m2/repository/com/google/inject/extensions/guice-multibindings/4.0/guice-multibindings-4.0.jar:/home/user/.m2/repository/com/google/inject/guice/4.0/guice-4.0.jar:/home/user/.m2/repository/aopalliance/aopalliance/1.0/aopalliance-1.0.jar:/home/user/.m2/repository/com/google/inject/extensions/guice-servlet/4.0/guice-servlet-4.0.jar:/home/user/.m2/repository/org/glassfish/jersey/containers/jersey-container-servlet/2.27/jersey-container-servlet-2.27.jar:/home/user/.m2/repository/org/glassfish/hk2/guice-bridge/2.5.0/guice-bridge-2.5.0.jar:/home/user/.m2/repository/org/glassfish/jersey/core/jersey-server/2.27/jersey-server-2.27.jar:/home/user/.m2/repository/org/glassfish/jersey/core/jersey-client/2.27/jersey-client-2.27.jar:/home/user/.m2/repository/org/glassfish/jersey/media/jersey-media-jaxb/2.27/jersey-media-jaxb-2.27.jar:/home/user/.m2/repository/javax/validation/validation-api/1.1.0.Final/validation-api-1.1.0.Final.jar:/home/user/.m2/repository/org/glassfish/jersey/media/jersey-media-json-jackson/2.27/jersey-media-json-jackson-2.27.jar:/home/user/.m2/repository/org/glassfish/jersey/ext/jersey-entity-filtering/2.27/jersey-entity-filtering-2.27.jar:/home/user/.m2/repository/com/google/inject/extensions/guice-assistedinject/4.0/guice-assistedinject-4.0.jar:/home/user/.m2/repository/org/jooq/jooq/3.11.10/jooq-3.11.10.jar:/home/user/.m2/repository/org/jooq/jooq-meta/3.11.10/jooq-meta-3.11.10.jar:/home/user/.m2/repository/org/jooq/jooq-codegen/3.11.10/jooq-codegen-3.11.10.jar:/home/user/.m2/repository/com/jolbox/bonecp/0.8.0.RELEASE/bonecp-0.8.0.RELEASE.jar:/home/user/.m2/repository/org/xerial/sqlite-jdbc/3.25.2/sqlite-jdbc-3.25.2.jar:/home/user/.m2/repository/org/springframework/spring-jdbc/5.1.3.RELEASE/spring-jdbc-5.1.3.RELEASE.jar:/home/user/.m2/repository/org/springframework/spring-beans/5.1.3.RELEASE/spring-beans-5.1.3.RELEASE.jar:/home/user/.m2/repository/org/springframework/spring-core/5.1.3.RELEASE/spring-core-5.1.3.RELEASE.jar:/home/user/.m2/repository/org/springframework/spring-jcl/5.1.3.RELEASE/spring-jcl-5.1.3.RELEASE.jar:/home/user/.m2/repository/org/springframework/spring-tx/5.1.3.RELEASE/spring-tx-5.1.3.RELEASE.jar:/home/user/.m2/repository/org/apache/hadoop/hadoop-ozone-client/0.5.0-SNAPSHOT/hadoop-ozone-client-0.5.0-SNAPSHOT.jar:/home/user/.m2/repository/commons-lang/commons-lang/2.6/commons-lang-2.6.jar:/home/user/.m2/repository/org/apache/hadoop/hadoop-ozone-ozone-manager/0.5.0-SNAPSHOT/hadoop-ozone-ozone-manager-0.5.0-SNAPSHOT-tests.jar:/home/user/.m2/repository/junit/junit/4.11/junit-4.11.jar:/home/user/.m2/repository/org/hamcrest/hamcrest-core/1.3/hamcrest-core-1.3.jar:/home/user/.m2/repository/org/openjdk/jmh/jmh-core/1.19/jmh-core-1.19.jar:/home/user/.m2/repository/net/sf/jopt-simple/jopt-simple/4.6/jopt-simple-4.6.jar:/home/user/.m2/repository/org/apache/commons/commons-math3/3.1.1/commons-math3-3.1.1.jar:/home/user/.m2/repository/org/openjdk/jmh/jmh-generator-annprocess/1.19/jmh-generator-annprocess-1.19.jar:/home/user/.m2/repository/org/mockito/mockito-all/1.8.5/mockito-all-1.8.5.jar:/home/user/.m2/repository/org/apache/hadoop/hadoop-kms/3.2.0/hadoop-kms-3.2.0.jar:/home/user/.m2/repository/org/apache/hadoop/hadoop-auth/3.2.0/hadoop-auth-3.2.0.jar:/home/user/.m2/repository/com/nimbusds/nimbus-jose-jwt/4.41.1/nimbus-jose-jwt-4.41.1.jar:/home/user/.m2/repository/com/github/stephenc/jcip/jcip-annotations/1.0-1/jcip-annotations-1.0-1.jar:/home/user/.m2/repository/net/minidev/json-smart/2.3/json-smart-2.3.jar:/home/user/.m2/repository/net/minidev/accessors-smart/1.2/accessors-smart-1.2.jar:/home/user/.m2/repository/org/ow2/asm/asm/5.0.4/asm-5.0.4.jar:/home/user/.m2/repository/org/apache/curator/curator-framework/2.12.0/curator-framework-2.12.0.jar:/home/user/.m2/repository/com/sun/jersey/jersey-core/1.19/jersey-core-1.19.jar:/home/user/.m2/repository/javax/ws/rs/jsr311-api/1.1.1/jsr311-api-1.1.1.jar:/home/user/.m2/repository/com/sun/jersey/jersey-server/1.19/jersey-server-1.19.jar:/home/user/.m2/repository/javax/servlet/javax.servlet-api/3.1.0/javax.servlet-api-3.1.0.jar:/home/user/.m2/repository/org/eclipse/jetty/jetty-server/9.3.24.v20180605/jetty-server-9.3.24.v20180605.jar:/home/user/.m2/repository/org/eclipse/jetty/jetty-http/9.3.24.v20180605/jetty-http-9.3.24.v20180605.jar:/home/user/.m2/repository/org/eclipse/jetty/jetty-io/9.3.24.v20180605/jetty-io-9.3.24.v20180605.jar:/home/user/.m2/repository/org/eclipse/jetty/jetty-webapp/9.3.24.v20180605/jetty-webapp-9.3.24.v20180605.jar:/home/user/.m2/repository/org/eclipse/jetty/jetty-xml/9.3.24.v20180605/jetty-xml-9.3.24.v20180605.jar:/home/user/.m2/repository/log4j/log4j/1.2.17/log4j-1.2.17.jar:/home/user/.m2/repository/org/slf4j/slf4j-api/1.7.25/slf4j-api-1.7.25.jar:/home/user/.m2/repository/org/slf4j/jul-to-slf4j/1.7.25/jul-to-slf4j-1.7.25.jar:/home/user/.m2/repository/org/eclipse/jetty/jetty-util/9.3.24.v20180605/jetty-util-9.3.24.v20180605.jar:/home/user/.m2/repository/com/fasterxml/jackson/core/jackson-databind/2.9.5/jackson-databind-2.9.5.jar:/home/user/.m2/repository/org/apache/hadoop/hadoop-kms/3.2.0/hadoop-kms-3.2.0-tests.jar:/home/user/.m2/repository/org/apache/hadoop/hadoop-hdds-server-scm/0.5.0-SNAPSHOT/hadoop-hdds-server-scm-0.5.0-SNAPSHOT-tests.jar:/home/user/.m2/repository/org/apache/hadoop/hadoop-hdds-container-service/0.5.0-SNAPSHOT/hadoop-hdds-container-service-0.5.0-SNAPSHOT-tests.jar:/home/user/.m2/repository/org/yaml/snakeyaml/1.16/snakeyaml-1.16.jar:/home/user/.m2/repository/org/apache/hadoop/hadoop-common/3.2.0/hadoop-common-3.2.0-tests.jar:/home/user/.m2/repository/org/apache/hadoop/hadoop-annotations/3.2.0/hadoop-annotations-3.2.0.jar:/usr/lib/jvm/java-1.8-openjdk/jre/../lib/tools.jar:/home/user/.m2/repository/commons-cli/commons-cli/1.2/commons-cli-1.2.jar:/home/user/.m2/repository/org/apache/httpcomponents/httpclient/4.5.2/httpclient-4.5.2.jar:/home/user/.m2/repository/org/apache/httpcomponents/httpcore/4.4.4/httpcore-4.4.4.jar:/home/user/.m2/repository/commons-codec/commons-codec/1.11/commons-codec-1.11.jar:/home/user/.m2/repository/commons-net/commons-net/3.6/commons-net-3.6.jar:/home/user/.m2/repository/commons-collections/commons-collections/3.2.2/commons-collections-3.2.2.jar:/home/user/.m2/repository/org/eclipse/jetty/jetty-servlet/9.3.24.v20180605/jetty-servlet-9.3.24.v20180605.jar:/home/user/.m2/repository/org/eclipse/jetty/jetty-security/9.3.24.v20180605/jetty-security-9.3.24.v20180605.jar:/home/user/.m2/repository/javax/servlet/jsp/jsp-api/2.1/jsp-api-2.1.jar:/home/user/.m2/repository/com/sun/jersey/jersey-servlet/1.19/jersey-servlet-1.19.jar:/home/user/.m2/repository/com/sun/jersey/jersey-json/1.19/jersey-json-1.19.jar:/home/user/.m2/repository/org/codehaus/jettison/jettison/1.1/jettison-1.1.jar:/home/user/.m2/repository/org/codehaus/jackson/jackson-core-asl/1.9.13/jackson-core-asl-1.9.13.jar:/home/user/.m2/repository/org/codehaus/jackson/jackson-mapper-asl/1.9.13/jackson-mapper-asl-1.9.13.jar:/home/user/.m2/repository/org/codehaus/jackson/jackson-jaxrs/1.9.13/jackson-jaxrs-1.9.13.jar:/home/user/.m2/repository/org/codehaus/jackson/jackson-xc/1.9.13/jackson-xc-1.9.13.jar:/home/user/.m2/repository/commons-logging/commons-logging/1.1.3/commons-logging-1.1.3.jar:/home/user/.m2/repository/commons-beanutils/commons-beanutils/1.9.3/commons-beanutils-1.9.3.jar:/home/user/.m2/repository/org/apache/commons/commons-configuration2/2.1.1/commons-configuration2-2.1.1.jar:/home/user/.m2/repository/org/apache/commons/commons-lang3/3.7/commons-lang3-3.7.jar:/home/user/.m2/repository/org/apache/commons/commons-text/1.4/commons-text-1.4.jar:/home/user/.m2/repository/org/apache/avro/avro/1.7.7/avro-1.7.7.jar:/home/user/.m2/repository/com/thoughtworks/paranamer/paranamer/2.3/paranamer-2.3.jar:/home/user/.m2/repository/org/xerial/snappy/snappy-java/1.0.5/snappy-java-1.0.5.jar:/home/user/.m2/repository/com/google/re2j/re2j/1.1/re2j-1.1.jar:/home/user/.m2/repository/com/google/code/gson/gson/2.2.4/gson-2.2.4.jar:/home/user/.m2/repository/com/jcraft/jsch/0.1.54/jsch-0.1.54.jar:/home/user/.m2/repository/org/apache/curator/curator-client/2.12.0/curator-client-2.12.0.jar:/home/user/.m2/repository/org/apache/curator/curator-recipes/2.12.0/curator-recipes-2.12.0.jar:/home/user/.m2/repository/com/google/code/findbugs/jsr305/3.0.0/jsr305-3.0.0.jar:/home/user/.m2/repository/org/apache/htrace/htrace-core4/4.1.0-incubating/htrace-core4-4.1.0-incubating.jar:/home/user/.m2/repository/org/apache/zookeeper/zookeeper/3.4.13/zookeeper-3.4.13.jar:/home/user/.m2/repository/org/apache/yetus/audience-annotations/0.5.0/audience-annotations-0.5.0.jar:/home/user/.m2/repository/org/codehaus/woodstox/stax2-api/3.1.4/stax2-api-3.1.4.jar:/home/user/.m2/repository/com/fasterxml/woodstox/woodstox-core/5.0.3/woodstox-core-5.0.3.jar:/home/user/.m2/repository/dnsjava/dnsjava/2.1.7/dnsjava-2.1.7.jar:/home/user/.m2/repository/org/apache/hadoop/hadoop-hdfs/3.2.0/hadoop-hdfs-3.2.0-tests.jar:/home/user/.m2/repository/org/eclipse/jetty/jetty-util-ajax/9.3.24.v20180605/jetty-util-ajax-9.3.24.v20180605.jar:/home/user/.m2/repository/commons-daemon/commons-daemon/1.0.13/commons-daemon-1.0.13.jar:/home/user/.m2/repository/io/netty/netty/3.10.5.Final/netty-3.10.5.Final.jar:/home/user/.m2/repository/io/netty/netty-all/4.0.52.Final/netty-all-4.0.52.Final.jar:/home/user/.m2/repository/org/fusesource/leveldbjni/leveldbjni-all/1.8/leveldbjni-all-1.8.jar:"/>
    <property name="java.vm.vendor" value="IcedTea"/>
    <property name="sun.arch.data.model" value="64"/>
    <property name="test.build.dir" value="/workdir/hadoop-ozone/integration-test/target/test-dir"/>
    <property name="test.cache.data" value=""/>
    <property name="java.vendor.url" value="https://icedtea.classpath.org"/>
    <property name="user.timezone" value=""/>
    <property name="java.vm.specification.version" value="1.8"/>
    <property name="os.name" value="Linux"/>
    <property name="test.build.data" value="/workdir/hadoop-ozone/integration-test/target/test-dir"/>
    <property name="user.country" value="US"/>
    <property name="sun.java.launcher" value="SUN_STANDARD"/>
    <property name="sun.boot.library.path" value="/usr/lib/jvm/java-1.8-openjdk/jre/lib/amd64"/>
    <property name="sun.java.command" value="/workdir/hadoop-ozone/integration-test/target/surefire/surefirebooter6286911081630070938.jar /workdir/hadoop-ozone/integration-test/target/surefire 2019-09-10T21-34-56_894-jvmRun1 surefire4692050287519587075tmp surefire_52952656959762346115tmp"/>
    <property name="test" value="!TestMiniChaosOzoneCluster"/>
    <property name="surefire.test.class.path" value="/workdir/hadoop-ozone/integration-test/target/test-classes:/workdir/hadoop-ozone/integration-test/target/classes:/home/user/.m2/repository/org/apache/hadoop/hadoop-ozone-common/0.5.0-SNAPSHOT/hadoop-ozone-common-0.5.0-SNAPSHOT.jar:/home/user/.m2/repository/org/apache/commons/commons-compress/1.4.1/commons-compress-1.4.1.jar:/home/user/.m2/repository/org/tukaani/xz/1.0/xz-1.0.jar:/home/user/.m2/repository/org/apache/hadoop/hadoop-common/3.2.0/hadoop-common-3.2.0.jar:/home/user/.m2/repository/org/apache/hadoop/hadoop-hdfs/3.2.0/hadoop-hdfs-3.2.0.jar:/home/user/.m2/repository/org/apache/hadoop/hadoop-hdfs-client/3.2.0/hadoop-hdfs-client-3.2.0.jar:/home/user/.m2/repository/com/fasterxml/jackson/core/jackson-annotations/2.9.5/jackson-annotations-2.9.5.jar:/home/user/.m2/repository/org/apache/hadoop/hadoop-hdds-common/0.5.0-SNAPSHOT/hadoop-hdds-common-0.5.0-SNAPSHOT.jar:/home/user/.m2/repository/javax/annotation/javax.annotation-api/1.2/javax.annotation-api-1.2.jar:/home/user/.m2/repository/org/apache/ratis/ratis-server/0.4.0-78e95b9-SNAPSHOT/ratis-server-0.4.0-78e95b9-SNAPSHOT.jar:/home/user/.m2/repository/org/apache/ratis/ratis-thirdparty-misc/0.2.0/ratis-thirdparty-misc-0.2.0.jar:/home/user/.m2/repository/org/apache/ratis/ratis-proto/0.4.0-78e95b9-SNAPSHOT/ratis-proto-0.4.0-78e95b9-SNAPSHOT.jar:/home/user/.m2/repository/org/apache/ratis/ratis-common/0.4.0-78e95b9-SNAPSHOT/ratis-common-0.4.0-78e95b9-SNAPSHOT.jar:/home/user/.m2/repository/org/apache/ratis/ratis-client/0.4.0-78e95b9-SNAPSHOT/ratis-client-0.4.0-78e95b9-SNAPSHOT.jar:/home/user/.m2/repository/org/apache/ratis/ratis-metrics/0.4.0-78e95b9-SNAPSHOT/ratis-metrics-0.4.0-78e95b9-SNAPSHOT.jar:/home/user/.m2/repository/com/github/joshelser/dropwizard-metrics-hadoop-metrics2-reporter/0.1.2/dropwizard-metrics-hadoop-metrics2-reporter-0.1.2.jar:/home/user/.m2/repository/io/dropwizard/metrics/metrics-jvm/3.2.5/metrics-jvm-3.2.5.jar:/home/user/.m2/repository/io/dropwizard/metrics/metrics-ganglia/3.2.5/metrics-ganglia-3.2.5.jar:/home/user/.m2/repository/info/ganglia/gmetric4j/gmetric4j/1.0.7/gmetric4j-1.0.7.jar:/home/user/.m2/repository/org/apache/ratis/ratis-netty/0.4.0-78e95b9-SNAPSHOT/ratis-netty-0.4.0-78e95b9-SNAPSHOT.jar:/home/user/.m2/repository/org/apache/ratis/ratis-grpc/0.4.0-78e95b9-SNAPSHOT/ratis-grpc-0.4.0-78e95b9-SNAPSHOT.jar:/home/user/.m2/repository/org/rocksdb/rocksdbjni/6.0.1/rocksdbjni-6.0.1.jar:/home/user/.m2/repository/org/apache/logging/log4j/log4j-api/2.11.0/log4j-api-2.11.0.jar:/home/user/.m2/repository/org/apache/logging/log4j/log4j-core/2.11.0/log4j-core-2.11.0.jar:/home/user/.m2/repository/com/lmax/disruptor/3.4.2/disruptor-3.4.2.jar:/home/user/.m2/repository/org/apache/commons/commons-pool2/2.6.0/commons-pool2-2.6.0.jar:/home/user/.m2/repository/org/bouncycastle/bcpkix-jdk15on/1.60/bcpkix-jdk15on-1.60.jar:/home/user/.m2/repository/commons-validator/commons-validator/1.6/commons-validator-1.6.jar:/home/user/.m2/repository/commons-digester/commons-digester/1.8.1/commons-digester-1.8.1.jar:/home/user/.m2/repository/io/jaegertracing/jaeger-client/0.33.1/jaeger-client-0.33.1.jar:/home/user/.m2/repository/io/jaegertracing/jaeger-thrift/0.33.1/jaeger-thrift-0.33.1.jar:/home/user/.m2/repository/org/apache/thrift/libthrift/0.11.0/libthrift-0.11.0.jar:/home/user/.m2/repository/com/squareup/okhttp3/okhttp/3.9.0/okhttp-3.9.0.jar:/home/user/.m2/repository/com/squareup/okio/okio/1.13.0/okio-1.13.0.jar:/home/user/.m2/repository/io/jaegertracing/jaeger-core/0.33.1/jaeger-core-0.33.1.jar:/home/user/.m2/repository/io/jaegertracing/jaeger-tracerresolver/0.33.1/jaeger-tracerresolver-0.33.1.jar:/home/user/.m2/repository/io/opentracing/contrib/opentracing-tracerresolver/0.1.5/opentracing-tracerresolver-0.1.5.jar:/home/user/.m2/repository/io/opentracing/opentracing-util/0.31.0/opentracing-util-0.31.0.jar:/home/user/.m2/repository/io/opentracing/opentracing-api/0.31.0/opentracing-api-0.31.0.jar:/home/user/.m2/repository/io/opentracing/opentracing-noop/0.31.0/opentracing-noop-0.31.0.jar:/home/user/.m2/repository/org/apache/hadoop/hadoop-hdds-server-framework/0.5.0-SNAPSHOT/hadoop-hdds-server-framework-0.5.0-SNAPSHOT.jar:/home/user/.m2/repository/org/apache/hadoop/hadoop-hdds-container-service/0.5.0-SNAPSHOT/hadoop-hdds-container-service-0.5.0-SNAPSHOT.jar:/home/user/.m2/repository/org/apache/hadoop/hadoop-hdds-client/0.5.0-SNAPSHOT/hadoop-hdds-client-0.5.0-SNAPSHOT.jar:/home/user/.m2/repository/org/apache/hadoop/hadoop-hdds-tools/0.5.0-SNAPSHOT/hadoop-hdds-tools-0.5.0-SNAPSHOT.jar:/home/user/.m2/repository/org/apache/hadoop/hadoop-hdds-server-scm/0.5.0-SNAPSHOT/hadoop-hdds-server-scm-0.5.0-SNAPSHOT.jar:/home/user/.m2/repository/org/apache/hadoop/hadoop-hdds-docs/0.5.0-SNAPSHOT/hadoop-hdds-docs-0.5.0-SNAPSHOT.jar:/home/user/.m2/repository/io/dropwizard/metrics/metrics-core/3.2.4/metrics-core-3.2.4.jar:/home/user/.m2/repository/org/hamcrest/hamcrest-all/1.3/hamcrest-all-1.3.jar:/home/user/.m2/repository/org/bouncycastle/bcprov-jdk15on/1.60/bcprov-jdk15on-1.60.jar:/home/user/.m2/repository/info/picocli/picocli/3.9.6/picocli-3.9.6.jar:/home/user/.m2/repository/com/google/protobuf/protobuf-java/2.5.0/protobuf-java-2.5.0.jar:/home/user/.m2/repository/com/google/guava/guava/11.0.2/guava-11.0.2.jar:/home/user/.m2/repository/org/apache/hadoop/hadoop-ozone-ozone-manager/0.5.0-SNAPSHOT/hadoop-ozone-ozone-manager-0.5.0-SNAPSHOT.jar:/home/user/.m2/repository/org/apache/hadoop/hadoop-minikdc/3.2.0/hadoop-minikdc-3.2.0.jar:/home/user/.m2/repository/commons-io/commons-io/2.5/commons-io-2.5.jar:/home/user/.m2/repository/org/apache/kerby/kerb-simplekdc/1.0.1/kerb-simplekdc-1.0.1.jar:/home/user/.m2/repository/org/apache/kerby/kerb-client/1.0.1/kerb-client-1.0.1.jar:/home/user/.m2/repository/org/apache/kerby/kerby-config/1.0.1/kerby-config-1.0.1.jar:/home/user/.m2/repository/org/apache/kerby/kerb-core/1.0.1/kerb-core-1.0.1.jar:/home/user/.m2/repository/org/apache/kerby/kerby-pkix/1.0.1/kerby-pkix-1.0.1.jar:/home/user/.m2/repository/org/apache/kerby/kerby-asn1/1.0.1/kerby-asn1-1.0.1.jar:/home/user/.m2/repository/org/apache/kerby/kerby-util/1.0.1/kerby-util-1.0.1.jar:/home/user/.m2/repository/org/apache/kerby/kerb-common/1.0.1/kerb-common-1.0.1.jar:/home/user/.m2/repository/org/apache/kerby/kerb-crypto/1.0.1/kerb-crypto-1.0.1.jar:/home/user/.m2/repository/org/apache/kerby/kerb-util/1.0.1/kerb-util-1.0.1.jar:/home/user/.m2/repository/org/apache/kerby/token-provider/1.0.1/token-provider-1.0.1.jar:/home/user/.m2/repository/org/apache/kerby/kerb-admin/1.0.1/kerb-admin-1.0.1.jar:/home/user/.m2/repository/org/apache/kerby/kerb-server/1.0.1/kerb-server-1.0.1.jar:/home/user/.m2/repository/org/apache/kerby/kerb-identity/1.0.1/kerb-identity-1.0.1.jar:/home/user/.m2/repository/org/apache/kerby/kerby-xdr/1.0.1/kerby-xdr-1.0.1.jar:/home/user/.m2/repository/org/slf4j/slf4j-log4j12/1.7.25/slf4j-log4j12-1.7.25.jar:/home/user/.m2/repository/org/apache/hadoop/hadoop-ozone-s3gateway/0.5.0-SNAPSHOT/hadoop-ozone-s3gateway-0.5.0-SNAPSHOT.jar:/home/user/.m2/repository/org/jboss/weld/servlet/weld-servlet/2.4.7.Final/weld-servlet-2.4.7.Final.jar:/home/user/.m2/repository/org/glassfish/jersey/containers/jersey-container-servlet-core/2.27/jersey-container-servlet-core-2.27.jar:/home/user/.m2/repository/org/glassfish/hk2/external/javax.inject/2.5.0-b42/javax.inject-2.5.0-b42.jar:/home/user/.m2/repository/org/glassfish/jersey/core/jersey-common/2.27/jersey-common-2.27.jar:/home/user/.m2/repository/org/glassfish/hk2/osgi-resource-locator/1.0.1/osgi-resource-locator-1.0.1.jar:/home/user/.m2/repository/javax/ws/rs/javax.ws.rs-api/2.1/javax.ws.rs-api-2.1.jar:/home/user/.m2/repository/org/glassfish/jersey/ext/cdi/jersey-cdi1x/2.27/jersey-cdi1x-2.27.jar:/home/user/.m2/repository/org/glassfish/jersey/inject/jersey-hk2/2.27/jersey-hk2-2.27.jar:/home/user/.m2/repository/org/glassfish/hk2/hk2-locator/2.5.0-b42/hk2-locator-2.5.0-b42.jar:/home/user/.m2/repository/org/javassist/javassist/3.22.0-CR2/javassist-3.22.0-CR2.jar:/home/user/.m2/repository/org/glassfish/hk2/hk2-api/2.5.0/hk2-api-2.5.0.jar:/home/user/.m2/repository/org/glassfish/hk2/external/jakarta.inject/2.5.0/jakarta.inject-2.5.0.jar:/home/user/.m2/repository/org/glassfish/hk2/hk2-utils/2.5.0/hk2-utils-2.5.0.jar:/home/user/.m2/repository/jakarta/annotation/jakarta.annotation-api/1.3.4/jakarta.annotation-api-1.3.4.jar:/home/user/.m2/repository/org/glassfish/hk2/external/aopalliance-repackaged/2.5.0/aopalliance-repackaged-2.5.0.jar:/home/user/.m2/repository/com/fasterxml/jackson/dataformat/jackson-dataformat-xml/2.9.0/jackson-dataformat-xml-2.9.0.jar:/home/user/.m2/repository/com/fasterxml/jackson/core/jackson-core/2.9.5/jackson-core-2.9.5.jar:/home/user/.m2/repository/com/fasterxml/jackson/module/jackson-module-jaxb-annotations/2.9.5/jackson-module-jaxb-annotations-2.9.5.jar:/home/user/.m2/repository/javax/enterprise/cdi-api/1.2/cdi-api-1.2.jar:/home/user/.m2/repository/javax/el/javax.el-api/3.0.0/javax.el-api-3.0.0.jar:/home/user/.m2/repository/javax/interceptor/javax.interceptor-api/1.2/javax.interceptor-api-1.2.jar:/home/user/.m2/repository/javax/inject/javax.inject/1/javax.inject-1.jar:/home/user/.m2/repository/com/sun/xml/bind/jaxb-impl/2.3.0.1/jaxb-impl-2.3.0.1.jar:/home/user/.m2/repository/com/sun/xml/bind/jaxb-core/2.3.0.1/jaxb-core-2.3.0.1.jar:/home/user/.m2/repository/javax/xml/bind/jaxb-api/2.3.0/jaxb-api-2.3.0.jar:/home/user/.m2/repository/javax/activation/activation/1.1.1/activation-1.1.1.jar:/home/user/.m2/repository/org/apache/hadoop/hadoop-ozone-csi/0.5.0-SNAPSHOT/hadoop-ozone-csi-0.5.0-SNAPSHOT.jar:/home/user/.m2/repository/com/google/protobuf/protobuf-java-util/3.5.1/protobuf-java-util-3.5.1.jar:/home/user/.m2/repository/org/apache/hadoop/hadoop-hdds-config/0.5.0-SNAPSHOT/hadoop-hdds-config-0.5.0-SNAPSHOT.jar:/home/user/.m2/repository/io/grpc/grpc-netty/1.17.1/grpc-netty-1.17.1.jar:/home/user/.m2/repository/io/grpc/grpc-core/1.17.1/grpc-core-1.17.1.jar:/home/user/.m2/repository/io/grpc/grpc-context/1.17.1/grpc-context-1.17.1.jar:/home/user/.m2/repository/com/google/errorprone/error_prone_annotations/2.2.0/error_prone_annotations-2.2.0.jar:/home/user/.m2/repository/org/codehaus/mojo/animal-sniffer-annotations/1.17/animal-sniffer-annotations-1.17.jar:/home/user/.m2/repository/io/opencensus/opencensus-api/0.17.0/opencensus-api-0.17.0.jar:/home/user/.m2/repository/io/opencensus/opencensus-contrib-grpc-metrics/0.17.0/opencensus-contrib-grpc-metrics-0.17.0.jar:/home/user/.m2/repository/io/netty/netty-codec-http2/4.1.30.Final/netty-codec-http2-4.1.30.Final.jar:/home/user/.m2/repository/io/netty/netty-codec-http/4.1.30.Final/netty-codec-http-4.1.30.Final.jar:/home/user/.m2/repository/io/netty/netty-codec/4.1.30.Final/netty-codec-4.1.30.Final.jar:/home/user/.m2/repository/io/netty/netty-handler/4.1.30.Final/netty-handler-4.1.30.Final.jar:/home/user/.m2/repository/io/netty/netty-handler-proxy/4.1.30.Final/netty-handler-proxy-4.1.30.Final.jar:/home/user/.m2/repository/io/netty/netty-codec-socks/4.1.30.Final/netty-codec-socks-4.1.30.Final.jar:/home/user/.m2/repository/io/netty/netty-transport-native-epoll/4.1.30.Final/netty-transport-native-epoll-4.1.30.Final.jar:/home/user/.m2/repository/io/netty/netty-common/4.1.30.Final/netty-common-4.1.30.Final.jar:/home/user/.m2/repository/io/netty/netty-buffer/4.1.30.Final/netty-buffer-4.1.30.Final.jar:/home/user/.m2/repository/io/netty/netty-transport/4.1.30.Final/netty-transport-4.1.30.Final.jar:/home/user/.m2/repository/io/netty/netty-resolver/4.1.30.Final/netty-resolver-4.1.30.Final.jar:/home/user/.m2/repository/io/netty/netty-transport-native-unix-common/4.1.30.Final/netty-transport-native-unix-common-4.1.30.Final.jar:/home/user/.m2/repository/io/grpc/grpc-protobuf/1.17.1/grpc-protobuf-1.17.1.jar:/home/user/.m2/repository/com/google/api/grpc/proto-google-common-protos/1.0.0/proto-google-common-protos-1.0.0.jar:/home/user/.m2/repository/io/grpc/grpc-protobuf-lite/1.17.1/grpc-protobuf-lite-1.17.1.jar:/home/user/.m2/repository/io/grpc/grpc-stub/1.17.1/grpc-stub-1.17.1.jar:/home/user/.m2/repository/org/apache/hadoop/hadoop-ozone-recon/0.5.0-SNAPSHOT/hadoop-ozone-recon-0.5.0-SNAPSHOT.jar:/home/user/.m2/repository/org/apache/hadoop/hadoop-ozone-reconcodegen/0.5.0-SNAPSHOT/hadoop-ozone-reconcodegen-0.5.0-SNAPSHOT.jar:/home/user/.m2/repository/com/google/inject/extensions/guice-multibindings/4.0/guice-multibindings-4.0.jar:/home/user/.m2/repository/com/google/inject/guice/4.0/guice-4.0.jar:/home/user/.m2/repository/aopalliance/aopalliance/1.0/aopalliance-1.0.jar:/home/user/.m2/repository/com/google/inject/extensions/guice-servlet/4.0/guice-servlet-4.0.jar:/home/user/.m2/repository/org/glassfish/jersey/containers/jersey-container-servlet/2.27/jersey-container-servlet-2.27.jar:/home/user/.m2/repository/org/glassfish/hk2/guice-bridge/2.5.0/guice-bridge-2.5.0.jar:/home/user/.m2/repository/org/glassfish/jersey/core/jersey-server/2.27/jersey-server-2.27.jar:/home/user/.m2/repository/org/glassfish/jersey/core/jersey-client/2.27/jersey-client-2.27.jar:/home/user/.m2/repository/org/glassfish/jersey/media/jersey-media-jaxb/2.27/jersey-media-jaxb-2.27.jar:/home/user/.m2/repository/javax/validation/validation-api/1.1.0.Final/validation-api-1.1.0.Final.jar:/home/user/.m2/repository/org/glassfish/jersey/media/jersey-media-json-jackson/2.27/jersey-media-json-jackson-2.27.jar:/home/user/.m2/repository/org/glassfish/jersey/ext/jersey-entity-filtering/2.27/jersey-entity-filtering-2.27.jar:/home/user/.m2/repository/com/google/inject/extensions/guice-assistedinject/4.0/guice-assistedinject-4.0.jar:/home/user/.m2/repository/org/jooq/jooq/3.11.10/jooq-3.11.10.jar:/home/user/.m2/repository/org/jooq/jooq-meta/3.11.10/jooq-meta-3.11.10.jar:/home/user/.m2/repository/org/jooq/jooq-codegen/3.11.10/jooq-codegen-3.11.10.jar:/home/user/.m2/repository/com/jolbox/bonecp/0.8.0.RELEASE/bonecp-0.8.0.RELEASE.jar:/home/user/.m2/repository/org/xerial/sqlite-jdbc/3.25.2/sqlite-jdbc-3.25.2.jar:/home/user/.m2/repository/org/springframework/spring-jdbc/5.1.3.RELEASE/spring-jdbc-5.1.3.RELEASE.jar:/home/user/.m2/repository/org/springframework/spring-beans/5.1.3.RELEASE/spring-beans-5.1.3.RELEASE.jar:/home/user/.m2/repository/org/springframework/spring-core/5.1.3.RELEASE/spring-core-5.1.3.RELEASE.jar:/home/user/.m2/repository/org/springframework/spring-jcl/5.1.3.RELEASE/spring-jcl-5.1.3.RELEASE.jar:/home/user/.m2/repository/org/springframework/spring-tx/5.1.3.RELEASE/spring-tx-5.1.3.RELEASE.jar:/home/user/.m2/repository/org/apache/hadoop/hadoop-ozone-client/0.5.0-SNAPSHOT/hadoop-ozone-client-0.5.0-SNAPSHOT.jar:/home/user/.m2/repository/commons-lang/commons-lang/2.6/commons-lang-2.6.jar:/home/user/.m2/repository/org/apache/hadoop/hadoop-ozone-ozone-manager/0.5.0-SNAPSHOT/hadoop-ozone-ozone-manager-0.5.0-SNAPSHOT-tests.jar:/home/user/.m2/repository/junit/junit/4.11/junit-4.11.jar:/home/user/.m2/repository/org/hamcrest/hamcrest-core/1.3/hamcrest-core-1.3.jar:/home/user/.m2/repository/org/openjdk/jmh/jmh-core/1.19/jmh-core-1.19.jar:/home/user/.m2/repository/net/sf/jopt-simple/jopt-simple/4.6/jopt-simple-4.6.jar:/home/user/.m2/repository/org/apache/commons/commons-math3/3.1.1/commons-math3-3.1.1.jar:/home/user/.m2/repository/org/openjdk/jmh/jmh-generator-annprocess/1.19/jmh-generator-annprocess-1.19.jar:/home/user/.m2/repository/org/mockito/mockito-all/1.8.5/mockito-all-1.8.5.jar:/home/user/.m2/repository/org/apache/hadoop/hadoop-kms/3.2.0/hadoop-kms-3.2.0.jar:/home/user/.m2/repository/org/apache/hadoop/hadoop-auth/3.2.0/hadoop-auth-3.2.0.jar:/home/user/.m2/repository/com/nimbusds/nimbus-jose-jwt/4.41.1/nimbus-jose-jwt-4.41.1.jar:/home/user/.m2/repository/com/github/stephenc/jcip/jcip-annotations/1.0-1/jcip-annotations-1.0-1.jar:/home/user/.m2/repository/net/minidev/json-smart/2.3/json-smart-2.3.jar:/home/user/.m2/repository/net/minidev/accessors-smart/1.2/accessors-smart-1.2.jar:/home/user/.m2/repository/org/ow2/asm/asm/5.0.4/asm-5.0.4.jar:/home/user/.m2/repository/org/apache/curator/curator-framework/2.12.0/curator-framework-2.12.0.jar:/home/user/.m2/repository/com/sun/jersey/jersey-core/1.19/jersey-core-1.19.jar:/home/user/.m2/repository/javax/ws/rs/jsr311-api/1.1.1/jsr311-api-1.1.1.jar:/home/user/.m2/repository/com/sun/jersey/jersey-server/1.19/jersey-server-1.19.jar:/home/user/.m2/repository/javax/servlet/javax.servlet-api/3.1.0/javax.servlet-api-3.1.0.jar:/home/user/.m2/repository/org/eclipse/jetty/jetty-server/9.3.24.v20180605/jetty-server-9.3.24.v20180605.jar:/home/user/.m2/repository/org/eclipse/jetty/jetty-http/9.3.24.v20180605/jetty-http-9.3.24.v20180605.jar:/home/user/.m2/repository/org/eclipse/jetty/jetty-io/9.3.24.v20180605/jetty-io-9.3.24.v20180605.jar:/home/user/.m2/repository/org/eclipse/jetty/jetty-webapp/9.3.24.v20180605/jetty-webapp-9.3.24.v20180605.jar:/home/user/.m2/repository/org/eclipse/jetty/jetty-xml/9.3.24.v20180605/jetty-xml-9.3.24.v20180605.jar:/home/user/.m2/repository/log4j/log4j/1.2.17/log4j-1.2.17.jar:/home/user/.m2/repository/org/slf4j/slf4j-api/1.7.25/slf4j-api-1.7.25.jar:/home/user/.m2/repository/org/slf4j/jul-to-slf4j/1.7.25/jul-to-slf4j-1.7.25.jar:/home/user/.m2/repository/org/eclipse/jetty/jetty-util/9.3.24.v20180605/jetty-util-9.3.24.v20180605.jar:/home/user/.m2/repository/com/fasterxml/jackson/core/jackson-databind/2.9.5/jackson-databind-2.9.5.jar:/home/user/.m2/repository/org/apache/hadoop/hadoop-kms/3.2.0/hadoop-kms-3.2.0-tests.jar:/home/user/.m2/repository/org/apache/hadoop/hadoop-hdds-server-scm/0.5.0-SNAPSHOT/hadoop-hdds-server-scm-0.5.0-SNAPSHOT-tests.jar:/home/user/.m2/repository/org/apache/hadoop/hadoop-hdds-container-service/0.5.0-SNAPSHOT/hadoop-hdds-container-service-0.5.0-SNAPSHOT-tests.jar:/home/user/.m2/repository/org/yaml/snakeyaml/1.16/snakeyaml-1.16.jar:/home/user/.m2/repository/org/apache/hadoop/hadoop-common/3.2.0/hadoop-common-3.2.0-tests.jar:/home/user/.m2/repository/org/apache/hadoop/hadoop-annotations/3.2.0/hadoop-annotations-3.2.0.jar:/usr/lib/jvm/java-1.8-openjdk/jre/../lib/tools.jar:/home/user/.m2/repository/commons-cli/commons-cli/1.2/commons-cli-1.2.jar:/home/user/.m2/repository/org/apache/httpcomponents/httpclient/4.5.2/httpclient-4.5.2.jar:/home/user/.m2/repository/org/apache/httpcomponents/httpcore/4.4.4/httpcore-4.4.4.jar:/home/user/.m2/repository/commons-codec/commons-codec/1.11/commons-codec-1.11.jar:/home/user/.m2/repository/commons-net/commons-net/3.6/commons-net-3.6.jar:/home/user/.m2/repository/commons-collections/commons-collections/3.2.2/commons-collections-3.2.2.jar:/home/user/.m2/repository/org/eclipse/jetty/jetty-servlet/9.3.24.v20180605/jetty-servlet-9.3.24.v20180605.jar:/home/user/.m2/repository/org/eclipse/jetty/jetty-security/9.3.24.v20180605/jetty-security-9.3.24.v20180605.jar:/home/user/.m2/repository/javax/servlet/jsp/jsp-api/2.1/jsp-api-2.1.jar:/home/user/.m2/repository/com/sun/jersey/jersey-servlet/1.19/jersey-servlet-1.19.jar:/home/user/.m2/repository/com/sun/jersey/jersey-json/1.19/jersey-json-1.19.jar:/home/user/.m2/repository/org/codehaus/jettison/jettison/1.1/jettison-1.1.jar:/home/user/.m2/repository/org/codehaus/jackson/jackson-core-asl/1.9.13/jackson-core-asl-1.9.13.jar:/home/user/.m2/repository/org/codehaus/jackson/jackson-mapper-asl/1.9.13/jackson-mapper-asl-1.9.13.jar:/home/user/.m2/repository/org/codehaus/jackson/jackson-jaxrs/1.9.13/jackson-jaxrs-1.9.13.jar:/home/user/.m2/repository/org/codehaus/jackson/jackson-xc/1.9.13/jackson-xc-1.9.13.jar:/home/user/.m2/repository/commons-logging/commons-logging/1.1.3/commons-logging-1.1.3.jar:/home/user/.m2/repository/commons-beanutils/commons-beanutils/1.9.3/commons-beanutils-1.9.3.jar:/home/user/.m2/repository/org/apache/commons/commons-configuration2/2.1.1/commons-configuration2-2.1.1.jar:/home/user/.m2/repository/org/apache/commons/commons-lang3/3.7/commons-lang3-3.7.jar:/home/user/.m2/repository/org/apache/commons/commons-text/1.4/commons-text-1.4.jar:/home/user/.m2/repository/org/apache/avro/avro/1.7.7/avro-1.7.7.jar:/home/user/.m2/repository/com/thoughtworks/paranamer/paranamer/2.3/paranamer-2.3.jar:/home/user/.m2/repository/org/xerial/snappy/snappy-java/1.0.5/snappy-java-1.0.5.jar:/home/user/.m2/repository/com/google/re2j/re2j/1.1/re2j-1.1.jar:/home/user/.m2/repository/com/google/code/gson/gson/2.2.4/gson-2.2.4.jar:/home/user/.m2/repository/com/jcraft/jsch/0.1.54/jsch-0.1.54.jar:/home/user/.m2/repository/org/apache/curator/curator-client/2.12.0/curator-client-2.12.0.jar:/home/user/.m2/repository/org/apache/curator/curator-recipes/2.12.0/curator-recipes-2.12.0.jar:/home/user/.m2/repository/com/google/code/findbugs/jsr305/3.0.0/jsr305-3.0.0.jar:/home/user/.m2/repository/org/apache/htrace/htrace-core4/4.1.0-incubating/htrace-core4-4.1.0-incubating.jar:/home/user/.m2/repository/org/apache/zookeeper/zookeeper/3.4.13/zookeeper-3.4.13.jar:/home/user/.m2/repository/org/apache/yetus/audience-annotations/0.5.0/audience-annotations-0.5.0.jar:/home/user/.m2/repository/org/codehaus/woodstox/stax2-api/3.1.4/stax2-api-3.1.4.jar:/home/user/.m2/repository/com/fasterxml/woodstox/woodstox-core/5.0.3/woodstox-core-5.0.3.jar:/home/user/.m2/repository/dnsjava/dnsjava/2.1.7/dnsjava-2.1.7.jar:/home/user/.m2/repository/org/apache/hadoop/hadoop-hdfs/3.2.0/hadoop-hdfs-3.2.0-tests.jar:/home/user/.m2/repository/org/eclipse/jetty/jetty-util-ajax/9.3.24.v20180605/jetty-util-ajax-9.3.24.v20180605.jar:/home/user/.m2/repository/commons-daemon/commons-daemon/1.0.13/commons-daemon-1.0.13.jar:/home/user/.m2/repository/io/netty/netty/3.10.5.Final/netty-3.10.5.Final.jar:/home/user/.m2/repository/io/netty/netty-all/4.0.52.Final/netty-all-4.0.52.Final.jar:/home/user/.m2/repository/org/fusesource/leveldbjni/leveldbjni-all/1.8/leveldbjni-all-1.8.jar:"/>
    <property name="sun.cpu.endian" value="little"/>
    <property name="user.home" value="/home/user"/>
    <property name="user.language" value="en"/>
    <property name="java.specification.vendor" value="Oracle Corporation"/>
    <property name="java.home" value="/usr/lib/jvm/java-1.8-openjdk/jre"/>
    <property name="java.security.krb5.conf" value="/workdir/hadoop-ozone/integration-test/target/test-classes/krb5.conf"/>
    <property name="basedir" value="/workdir/hadoop-ozone/integration-test"/>
    <property name="file.separator" value="/"/>
    <property name="line.separator" value="&#10;"/>
    <property name="java.vm.specification.vendor" value="Oracle Corporation"/>
    <property name="java.specification.name" value="Java Platform API Specification"/>
    <property name="java.awt.graphicsenv" value="sun.awt.X11GraphicsEnvironment"/>
    <property name="surefire.real.class.path" value="/workdir/hadoop-ozone/integration-test/target/surefire/surefirebooter6286911081630070938.jar"/>
    <property name="hadoop.log.dir" value="/workdir/hadoop-ozone/integration-test/target/log"/>
    <property name="sun.boot.class.path" value="/usr/lib/jvm/java-1.8-openjdk/jre/lib/resources.jar:/usr/lib/jvm/java-1.8-openjdk/jre/lib/rt.jar:/usr/lib/jvm/java-1.8-openjdk/jre/lib/sunrsasign.jar:/usr/lib/jvm/java-1.8-openjdk/jre/lib/jsse.jar:/usr/lib/jvm/java-1.8-openjdk/jre/lib/jce.jar:/usr/lib/jvm/java-1.8-openjdk/jre/lib/charsets.jar:/usr/lib/jvm/java-1.8-openjdk/jre/lib/jfr.jar:/usr/lib/jvm/java-1.8-openjdk/jre/classes"/>
    <property name="sun.management.compiler" value="HotSpot 64-Bit Tiered Compilers"/>
    <property name="java.runtime.version" value="1.8.0_212-b04"/>
    <property name="java.net.preferIPv4Stack" value="true"/>
    <property name="user.name" value="jenkins1000"/>
    <property name="path.separator" value=":"/>
    <property name="java.security.egd" value="file:///dev/urandom"/>
    <property name="os.version" value="3.10.0-957.12.2.el7.x86_64"/>
    <property name="java.endorsed.dirs" value="/usr/lib/jvm/java-1.8-openjdk/jre/lib/endorsed"/>
    <property name="java.runtime.name" value="OpenJDK Runtime Environment"/>
    <property name="file.encoding" value="UTF-8"/>
    <property name="java.vm.name" value="OpenJDK 64-Bit Server VM"/>
    <property name="test.build.webapps" value=""/>
    <property name="localRepository" value="/home/user/.m2/repository"/>
    <property name="java.vendor.url.bug" value="https://icedtea.classpath.org/bugzilla"/>
    <property name="java.io.tmpdir" value="/tmp"/>
    <property name="require.test.libhadoop" value=""/>
    <property name="java.version" value="1.8.0_212"/>
    <property name="user.dir" value="/workdir/hadoop-ozone/integration-test"/>
    <property name="os.arch" value="amd64"/>
    <property name="java.vm.specification.name" value="Java Virtual Machine Specification"/>
    <property name="test.build.classes" value="/workdir/hadoop-ozone/integration-test/target/test-classes"/>
    <property name="java.awt.printerjob" value="sun.print.PSPrinterJob"/>
    <property name="sun.os.patch.level" value="unknown"/>
    <property name="hadoop.tmp.dir" value="/workdir/hadoop-ozone/integration-test/target/tmp"/>
    <property name="java.library.path" value="/usr/lib/jvm/java-1.8-openjdk/jre/lib/amd64/server:/usr/lib/jvm/java-1.8-openjdk/jre/lib/amd64:/usr/lib/jvm/java-1.8-openjdk/jre/../lib/amd64:/workdir/hadoop-ozone/integration-test/target/native/target/usr/local/lib:/workdir/hadoop-ozone/integration-test/../../hadoop-common-project/hadoop-common/target/native/target/usr/local/lib:/usr/java/packages/lib/amd64:/usr/lib64:/lib64:/lib:/usr/lib"/>
    <property name="java.vm.info" value="mixed mode"/>
    <property name="java.vendor" value="IcedTea"/>
    <property name="java.vm.version" value="25.212-b04"/>
    <property name="java.ext.dirs" value="/usr/lib/jvm/java-1.8-openjdk/jre/lib/ext:/usr/java/packages/lib/ext"/>
    <property name="sun.io.unicode.encoding" value="UnicodeLittle"/>
    <property name="java.class.version" value="52.0"/>
  </properties>
  <testcase name="testMultiBlockWritesWithIntermittentDnFailures" classname="org.apache.hadoop.ozone.client.rpc.TestMultiBlockWritesWithDnFailures" time="102.29">
    <error message="Allocated 0 blocks. Requested 1 blocks" type="INTERNAL_ERROR org.apache.hadoop.ozone.om.exceptions.OMException">INTERNAL_ERROR org.apache.hadoop.ozone.om.exceptions.OMException: Allocated 0 blocks. Requested 1 blocks
	at org.apache.hadoop.ozone.om.protocolPB.OzoneManagerProtocolClientSideTranslatorPB.handleError(OzoneManagerProtocolClientSideTranslatorPB.java:725)
	at org.apache.hadoop.ozone.om.protocolPB.OzoneManagerProtocolClientSideTranslatorPB.allocateBlock(OzoneManagerProtocolClientSideTranslatorPB.java:757)
	at org.apache.hadoop.ozone.client.io.BlockOutputStreamEntryPool.allocateNewBlock(BlockOutputStreamEntryPool.java:248)
	at org.apache.hadoop.ozone.client.io.BlockOutputStreamEntryPool.allocateBlockIfNeeded(BlockOutputStreamEntryPool.java:296)
	at org.apache.hadoop.ozone.client.io.KeyOutputStream.handleWrite(KeyOutputStream.java:201)
	at org.apache.hadoop.ozone.client.io.KeyOutputStream.handleRetry(KeyOutputStream.java:376)
	at org.apache.hadoop.ozone.client.io.KeyOutputStream.handleException(KeyOutputStream.java:325)
	at org.apache.hadoop.ozone.client.io.KeyOutputStream.handleWrite(KeyOutputStream.java:231)
	at org.apache.hadoop.ozone.client.io.KeyOutputStream.write(KeyOutputStream.java:193)
	at org.apache.hadoop.ozone.client.io.OzoneOutputStream.write(OzoneOutputStream.java:49)
	at java.io.OutputStream.write(OutputStream.java:75)
	at org.apache.hadoop.ozone.client.rpc.TestMultiBlockWritesWithDnFailures.testMultiBlockWritesWithIntermittentDnFailures(TestMultiBlockWritesWithDnFailures.java:192)
	at sun.reflect.NativeMethodAccessorImpl.invoke0(Native Method)
	at sun.reflect.NativeMethodAccessorImpl.invoke(NativeMethodAccessorImpl.java:62)
	at sun.reflect.DelegatingMethodAccessorImpl.invoke(DelegatingMethodAccessorImpl.java:43)
	at java.lang.reflect.Method.invoke(Method.java:498)
	at org.junit.runners.model.FrameworkMethod$1.runReflectiveCall(FrameworkMethod.java:47)
	at org.junit.internal.runners.model.ReflectiveCallable.run(ReflectiveCallable.java:12)
	at org.junit.runners.model.FrameworkMethod.invokeExplosively(FrameworkMethod.java:44)
	at org.junit.internal.runners.statements.InvokeMethod.evaluate(InvokeMethod.java:17)
	at org.junit.internal.runners.statements.RunAfters.evaluate(RunAfters.java:27)
	at org.junit.runners.ParentRunner.runLeaf(ParentRunner.java:271)
	at org.junit.runners.BlockJUnit4ClassRunner.runChild(BlockJUnit4ClassRunner.java:70)
	at org.junit.runners.BlockJUnit4ClassRunner.runChild(BlockJUnit4ClassRunner.java:50)
	at org.junit.runners.ParentRunner$3.run(ParentRunner.java:238)
	at org.junit.runners.ParentRunner$1.schedule(ParentRunner.java:63)
	at org.junit.runners.ParentRunner.runChildren(ParentRunner.java:236)
	at org.junit.runners.ParentRunner.access$000(ParentRunner.java:53)
	at org.junit.runners.ParentRunner$2.evaluate(ParentRunner.java:229)
	at org.junit.runners.ParentRunner.run(ParentRunner.java:309)
	at org.apache.maven.surefire.junit4.JUnit4Provider.execute(JUnit4Provider.java:365)
	at org.apache.maven.surefire.junit4.JUnit4Provider.executeWithRerun(JUnit4Provider.java:273)
	at org.apache.maven.surefire.junit4.JUnit4Provider.executeTestSet(JUnit4Provider.java:238)
	at org.apache.maven.surefire.junit4.JUnit4Provider.invoke(JUnit4Provider.java:159)
	at org.apache.maven.surefire.booter.ForkedBooter.invokeProviderInSameClassLoader(ForkedBooter.java:384)
	at org.apache.maven.surefire.booter.ForkedBooter.runSuitesInProcess(ForkedBooter.java:345)
	at org.apache.maven.surefire.booter.ForkedBooter.execute(ForkedBooter.java:126)
	at org.apache.maven.surefire.booter.ForkedBooter.main(ForkedBooter.java:418)
</error>
    <system-out><![CDATA[2019-09-10 22:54:54,077 [main] WARN  server.ServerUtils (ServerUtils.java:getScmDbDir(145)) - ozone.scm.db.dirs is not configured. We recommend adding this setting. Falling back to ozone.metadata.dirs instead.
2019-09-10 22:54:54,173 [main] WARN  server.ServerUtils (ServerUtils.java:getScmDbDir(145)) - ozone.scm.db.dirs is not configured. We recommend adding this setting. Falling back to ozone.metadata.dirs instead.
2019-09-10 22:54:54,176 [main] WARN  server.ServerUtils (ServerUtils.java:getScmDbDir(145)) - ozone.scm.db.dirs is not configured. We recommend adding this setting. Falling back to ozone.metadata.dirs instead.
2019-09-10 22:54:54,192 [main] INFO  util.log (Log.java:initialized(192)) - Logging initialized @841ms
2019-09-10 22:54:54,275 [main] INFO  db.DBStoreBuilder (DBStoreBuilder.java:addTable(110)) - using custom profile for table: deletedBlocks
2019-09-10 22:54:54,275 [main] INFO  db.DBStoreBuilder (DBStoreBuilder.java:processTables(161)) - Using default column profile:DBProfile.DISK for Table:deletedBlocks
2019-09-10 22:54:54,276 [main] INFO  db.DBStoreBuilder (DBStoreBuilder.java:addTable(110)) - using custom profile for table: validCerts
2019-09-10 22:54:54,276 [main] INFO  db.DBStoreBuilder (DBStoreBuilder.java:processTables(161)) - Using default column profile:DBProfile.DISK for Table:validCerts
2019-09-10 22:54:54,276 [main] INFO  db.DBStoreBuilder (DBStoreBuilder.java:addTable(110)) - using custom profile for table: revokedCerts
2019-09-10 22:54:54,277 [main] INFO  db.DBStoreBuilder (DBStoreBuilder.java:processTables(161)) - Using default column profile:DBProfile.DISK for Table:revokedCerts
2019-09-10 22:54:54,286 [main] INFO  db.DBStoreBuilder (DBStoreBuilder.java:addTable(110)) - using custom profile for table: default
2019-09-10 22:54:54,287 [main] INFO  db.DBStoreBuilder (DBStoreBuilder.java:processTables(167)) - Using default column profile:DBProfile.DISK for Table:default
2019-09-10 22:54:54,288 [main] INFO  db.DBStoreBuilder (DBStoreBuilder.java:getDbProfile(198)) - Using default options. DBProfile.DISK
2019-09-10 22:54:54,463 [main] INFO  net.NodeSchemaLoader (NodeSchemaLoader.java:loadSchemaFromFile(125)) - Loading file from sun.misc.CompoundEnumeration@3270d194
2019-09-10 22:54:54,466 [main] INFO  net.NodeSchemaLoader (NodeSchemaLoader.java:loadSchema(171)) - Loading network topology layer schema file
2019-09-10 22:54:54,572 [main] INFO  node.SCMNodeManager (SCMNodeManager.java:<init>(114)) - Entering startup safe mode.
2019-09-10 22:54:54,652 [main] INFO  algorithms.ContainerPlacementPolicyFactory (ContainerPlacementPolicyFactory.java:getPolicy(57)) - Create container placement policy of type org.apache.hadoop.hdds.scm.container.placement.algorithms.SCMContainerPlacementRandom
2019-09-10 22:54:54,667 [main] WARN  server.ServerUtils (ServerUtils.java:getScmDbDir(145)) - ozone.scm.db.dirs is not configured. We recommend adding this setting. Falling back to ozone.metadata.dirs instead.
2019-09-10 22:54:54,754 [main] INFO  pipeline.SCMPipelineManager (SCMPipelineManager.java:initializePipelineState(128)) - No pipeline exists in current db
2019-09-10 22:54:54,758 [main] WARN  server.ServerUtils (ServerUtils.java:getScmDbDir(145)) - ozone.scm.db.dirs is not configured. We recommend adding this setting. Falling back to ozone.metadata.dirs instead.
2019-09-10 22:54:54,866 [main] WARN  events.EventQueue (EventQueue.java:fireEvent(183)) - No event handler registered for event TypedEvent{payloadType=SafeModeStatus, name='SafeModeStatus'}
2019-09-10 22:54:55,235 [main] INFO  ipc.CallQueueManager (CallQueueManager.java:<init>(84)) - Using callQueue: class java.util.concurrent.LinkedBlockingQueue, queueCapacity: 2000, scheduler: class org.apache.hadoop.ipc.DefaultRpcScheduler, ipcBackoff: false.
2019-09-10 22:54:55,263 [Socket Reader #1 for port 40516] INFO  ipc.Server (Server.java:run(1074)) - Starting Socket Reader #1 for port 40516
2019-09-10 22:54:55,444 [main] INFO  ipc.CallQueueManager (CallQueueManager.java:<init>(84)) - Using callQueue: class java.util.concurrent.LinkedBlockingQueue, queueCapacity: 2000, scheduler: class org.apache.hadoop.ipc.DefaultRpcScheduler, ipcBackoff: false.
2019-09-10 22:54:55,445 [Socket Reader #1 for port 44109] INFO  ipc.Server (Server.java:run(1074)) - Starting Socket Reader #1 for port 44109
2019-09-10 22:54:55,458 [main] INFO  ipc.CallQueueManager (CallQueueManager.java:<init>(84)) - Using callQueue: class java.util.concurrent.LinkedBlockingQueue, queueCapacity: 2000, scheduler: class org.apache.hadoop.ipc.DefaultRpcScheduler, ipcBackoff: false.
2019-09-10 22:54:55,459 [Socket Reader #1 for port 43656] INFO  ipc.Server (Server.java:run(1074)) - Starting Socket Reader #1 for port 43656
2019-09-10 22:54:55,489 [main] INFO  hdfs.DFSUtil (DFSUtil.java:httpServerTemplateForNNAndJN(1641)) - Starting Web-server for scm at: http://0.0.0.0:0
2019-09-10 22:54:55,690 [main] INFO  server.AuthenticationFilter (AuthenticationFilter.java:constructSecretProvider(240)) - Unable to initialize FileSignerSecretProvider, falling back to use random secrets.
2019-09-10 22:54:55,701 [main] WARN  http.HttpRequestLog (HttpRequestLog.java:getRequestLog(97)) - Jetty request log can only be enabled using Log4j
2019-09-10 22:54:55,711 [main] INFO  http.HttpServer2 (HttpServer2.java:addGlobalFilter(975)) - Added global filter 'safety' (class=org.apache.hadoop.http.HttpServer2$QuotingInputFilter)
2019-09-10 22:54:55,714 [main] INFO  http.HttpServer2 (HttpServer2.java:addFilter(948)) - Added filter static_user_filter (class=org.apache.hadoop.http.lib.StaticUserWebFilter$StaticUserFilter) to context scm
2019-09-10 22:54:55,714 [main] INFO  http.HttpServer2 (HttpServer2.java:addFilter(958)) - Added filter static_user_filter (class=org.apache.hadoop.http.lib.StaticUserWebFilter$StaticUserFilter) to context logs
2019-09-10 22:54:55,715 [main] INFO  http.HttpServer2 (HttpServer2.java:addFilter(958)) - Added filter static_user_filter (class=org.apache.hadoop.http.lib.StaticUserWebFilter$StaticUserFilter) to context static
2019-09-10 22:54:55,762 [main] INFO  server.StorageContainerManager (StorageContainerManager.java:start(763)) - StorageContainerLocationProtocol RPC server is listening at /0.0.0.0:43656
2019-09-10 22:54:55,841 [main] WARN  impl.MetricsConfig (MetricsConfig.java:loadFirst(134)) - Cannot locate configuration: tried hadoop-metrics2-storagecontainermanager.properties,hadoop-metrics2.properties
2019-09-10 22:54:55,855 [main] INFO  impl.MetricsSystemImpl (MetricsSystemImpl.java:startTimer(374)) - Scheduled Metric snapshot period at 10 second(s).
2019-09-10 22:54:55,855 [main] INFO  impl.MetricsSystemImpl (MetricsSystemImpl.java:start(191)) - StorageContainerManager metrics system started
2019-09-10 22:54:56,088 [main] INFO  server.SCMClientProtocolServer (SCMClientProtocolServer.java:start(151)) - RPC server for Client  is listening at /0.0.0.0:43656
2019-09-10 22:54:56,089 [IPC Server Responder] INFO  ipc.Server (Server.java:run(1314)) - IPC Server Responder: starting
2019-09-10 22:54:56,089 [IPC Server listener on 43656] INFO  ipc.Server (Server.java:run(1153)) - IPC Server listener on 43656: starting
2019-09-10 22:54:56,092 [main] INFO  server.StorageContainerManager (StorageContainerManager.java:start(773)) - ScmBlockLocationProtocol RPC server is listening at /0.0.0.0:44109
2019-09-10 22:54:56,093 [main] INFO  server.SCMBlockProtocolServer (SCMBlockProtocolServer.java:start(146)) - RPC server for Block Protocol is listening at /0.0.0.0:44109
2019-09-10 22:54:56,094 [IPC Server Responder] INFO  ipc.Server (Server.java:run(1314)) - IPC Server Responder: starting
2019-09-10 22:54:56,094 [IPC Server listener on 44109] INFO  ipc.Server (Server.java:run(1153)) - IPC Server listener on 44109: starting
2019-09-10 22:54:56,096 [main] INFO  server.StorageContainerManager (StorageContainerManager.java:start(777)) - ScmDatanodeProtocl RPC server is listening at /0.0.0.0:40516
2019-09-10 22:54:56,096 [main] INFO  server.SCMDatanodeProtocolServer (SCMDatanodeProtocolServer.java:start(191)) - RPC server for DataNodes is listening at /0.0.0.0:40516
2019-09-10 22:54:56,097 [IPC Server Responder] INFO  ipc.Server (Server.java:run(1314)) - IPC Server Responder: starting
2019-09-10 22:54:56,097 [IPC Server listener on 40516] INFO  ipc.Server (Server.java:run(1153)) - IPC Server listener on 40516: starting
2019-09-10 22:54:56,101 [main] INFO  http.HttpServer2 (HttpServer2.java:bindListener(1191)) - Jetty bound to port 36420
2019-09-10 22:54:56,102 [main] INFO  server.Server (Server.java:doStart(351)) - jetty-9.3.24.v20180605, build timestamp: 2018-06-05T17:11:56Z, git hash: 84205aa28f11a4f31f2a3b86d1bba2cc8ab69827
2019-09-10 22:54:56,141 [main] INFO  handler.ContextHandler (ContextHandler.java:doStart(781)) - Started o.e.j.s.ServletContextHandler@732f29af{/logs,file:///workdir/hadoop-ozone/integration-test/target/log,AVAILABLE}
2019-09-10 22:54:56,142 [main] INFO  handler.ContextHandler (ContextHandler.java:doStart(781)) - Started o.e.j.s.ServletContextHandler@6622fc65{/static,file:///workdir/hadoop-ozone/integration-test/target/test-classes/webapps/static,AVAILABLE}
2019-09-10 22:54:56,182 [main] INFO  handler.ContextHandler (ContextHandler.java:doStart(781)) - Started o.e.j.w.WebAppContext@7555b920{/,file:///workdir/hadoop-ozone/integration-test/target/test-classes/webapps/scm/,AVAILABLE}{/scm}
2019-09-10 22:54:56,190 [main] INFO  server.AbstractConnector (AbstractConnector.java:doStart(278)) - Started ServerConnector@6db66836{HTTP/1.1,[http/1.1]}{0.0.0.0:36420}
2019-09-10 22:54:56,190 [main] INFO  server.Server (Server.java:doStart(419)) - Started @2840ms
2019-09-10 22:54:56,192 [main] INFO  impl.MetricsSinkAdapter (MetricsSinkAdapter.java:start(204)) - Sink prometheus started
2019-09-10 22:54:56,192 [main] INFO  impl.MetricsSystemImpl (MetricsSystemImpl.java:registerSink(301)) - Registered sink prometheus
2019-09-10 22:54:56,195 [main] INFO  server.BaseHttpServer (BaseHttpServer.java:updateConnectorAddress(215)) - HTTP server of SCM is listening at http://0.0.0.0:36420
2019-09-10 22:54:56,202 [org.apache.hadoop.util.JvmPauseMonitor$Monitor@78461bc4] INFO  util.JvmPauseMonitor (JvmPauseMonitor.java:run(188)) - Starting JVM pause monitor
2019-09-10 22:54:56,207 [main] WARN  server.ServerUtils (ServerUtils.java:getDBPath(222)) - ozone.om.db.dirs is not configured. We recommend adding this setting. Falling back to ozone.metadata.dirs instead.
2019-09-10 22:54:56,331 [main] WARN  server.ServerUtils (ServerUtils.java:getDBPath(222)) - ozone.om.db.dirs is not configured. We recommend adding this setting. Falling back to ozone.metadata.dirs instead.
2019-09-10 22:54:56,332 [main] WARN  server.ServerUtils (ServerUtils.java:getDBPath(222)) - ozone.om.db.dirs is not configured. We recommend adding this setting. Falling back to ozone.metadata.dirs instead.
2019-09-10 22:54:56,333 [main] INFO  om.OzoneManager (OzoneManager.java:setOMNodeDetails(649)) - OM Service ID is not set. Setting it to the default ID: omServiceIdDefault
2019-09-10 22:54:56,333 [main] INFO  om.OzoneManager (OzoneManager.java:setOMNodeDetails(655)) - OM Node ID is not set. Setting it to the OmStorage's OmID: 2a387dbb-a55e-471d-8a38-3c1ddcad291b
2019-09-10 22:54:56,334 [main] INFO  om.OzoneManager (OzoneManager.java:loadOMHAConfigs(606)) - Found matching OM address with OMServiceId: null, OMNodeId: null, RPC Address: localhost:0 and Ratis port: 9872
2019-09-10 22:54:57,086 [main] WARN  server.ServerUtils (ServerUtils.java:getDBPath(222)) - ozone.om.db.dirs is not configured. We recommend adding this setting. Falling back to ozone.metadata.dirs instead.
2019-09-10 22:54:57,094 [main] INFO  db.DBStoreBuilder (DBStoreBuilder.java:addTable(110)) - using custom profile for table: userTable
2019-09-10 22:54:57,094 [main] INFO  db.DBStoreBuilder (DBStoreBuilder.java:processTables(161)) - Using default column profile:DBProfile.DISK for Table:userTable
2019-09-10 22:54:57,095 [main] INFO  db.DBStoreBuilder (DBStoreBuilder.java:addTable(110)) - using custom profile for table: volumeTable
2019-09-10 22:54:57,095 [main] INFO  db.DBStoreBuilder (DBStoreBuilder.java:processTables(161)) - Using default column profile:DBProfile.DISK for Table:volumeTable
2019-09-10 22:54:57,095 [main] INFO  db.DBStoreBuilder (DBStoreBuilder.java:addTable(110)) - using custom profile for table: bucketTable
2019-09-10 22:54:57,095 [main] INFO  db.DBStoreBuilder (DBStoreBuilder.java:processTables(161)) - Using default column profile:DBProfile.DISK for Table:bucketTable
2019-09-10 22:54:57,096 [main] INFO  db.DBStoreBuilder (DBStoreBuilder.java:addTable(110)) - using custom profile for table: keyTable
2019-09-10 22:54:57,096 [main] INFO  db.DBStoreBuilder (DBStoreBuilder.java:processTables(161)) - Using default column profile:DBProfile.DISK for Table:keyTable
2019-09-10 22:54:57,096 [main] INFO  db.DBStoreBuilder (DBStoreBuilder.java:addTable(110)) - using custom profile for table: deletedTable
2019-09-10 22:54:57,096 [main] INFO  db.DBStoreBuilder (DBStoreBuilder.java:processTables(161)) - Using default column profile:DBProfile.DISK for Table:deletedTable
2019-09-10 22:54:57,097 [main] INFO  db.DBStoreBuilder (DBStoreBuilder.java:addTable(110)) - using custom profile for table: openKeyTable
2019-09-10 22:54:57,097 [main] INFO  db.DBStoreBuilder (DBStoreBuilder.java:processTables(161)) - Using default column profile:DBProfile.DISK for Table:openKeyTable
2019-09-10 22:54:57,097 [main] INFO  db.DBStoreBuilder (DBStoreBuilder.java:addTable(110)) - using custom profile for table: s3Table
2019-09-10 22:54:57,097 [main] INFO  db.DBStoreBuilder (DBStoreBuilder.java:processTables(161)) - Using default column profile:DBProfile.DISK for Table:s3Table
2019-09-10 22:54:57,098 [main] INFO  db.DBStoreBuilder (DBStoreBuilder.java:addTable(110)) - using custom profile for table: multipartInfoTable
2019-09-10 22:54:57,098 [main] INFO  db.DBStoreBuilder (DBStoreBuilder.java:processTables(161)) - Using default column profile:DBProfile.DISK for Table:multipartInfoTable
2019-09-10 22:54:57,098 [main] INFO  db.DBStoreBuilder (DBStoreBuilder.java:addTable(110)) - using custom profile for table: dTokenTable
2019-09-10 22:54:57,098 [main] INFO  db.DBStoreBuilder (DBStoreBuilder.java:processTables(161)) - Using default column profile:DBProfile.DISK for Table:dTokenTable
2019-09-10 22:54:57,099 [main] INFO  db.DBStoreBuilder (DBStoreBuilder.java:addTable(110)) - using custom profile for table: s3SecretTable
2019-09-10 22:54:57,099 [main] INFO  db.DBStoreBuilder (DBStoreBuilder.java:processTables(161)) - Using default column profile:DBProfile.DISK for Table:s3SecretTable
2019-09-10 22:54:57,099 [main] INFO  db.DBStoreBuilder (DBStoreBuilder.java:addTable(110)) - using custom profile for table: prefixTable
2019-09-10 22:54:57,100 [main] INFO  db.DBStoreBuilder (DBStoreBuilder.java:processTables(161)) - Using default column profile:DBProfile.DISK for Table:prefixTable
2019-09-10 22:54:57,100 [main] INFO  db.DBStoreBuilder (DBStoreBuilder.java:addTable(110)) - using custom profile for table: default
2019-09-10 22:54:57,100 [main] INFO  db.DBStoreBuilder (DBStoreBuilder.java:processTables(167)) - Using default column profile:DBProfile.DISK for Table:default
2019-09-10 22:54:57,100 [main] INFO  db.DBStoreBuilder (DBStoreBuilder.java:getDbProfile(198)) - Using default options. DBProfile.DISK
2019-09-10 22:54:57,434 [main] INFO  ipc.CallQueueManager (CallQueueManager.java:<init>(84)) - Using callQueue: class java.util.concurrent.LinkedBlockingQueue, queueCapacity: 2000, scheduler: class org.apache.hadoop.ipc.DefaultRpcScheduler, ipcBackoff: false.
2019-09-10 22:54:57,435 [Socket Reader #1 for port 42654] INFO  ipc.Server (Server.java:run(1074)) - Starting Socket Reader #1 for port 42654
2019-09-10 22:54:57,457 [main] INFO  om.OzoneManager (OzoneManager.java:start(1240)) - OzoneManager RPC server is listening at localhost/127.0.0.1:42654
2019-09-10 22:54:57,457 [main] INFO  impl.MetricsSystemImpl (MetricsSystemImpl.java:init(158)) - OzoneManager metrics system started (again)
2019-09-10 22:54:57,458 [IPC Server Responder] INFO  ipc.Server (Server.java:run(1314)) - IPC Server Responder: starting
2019-09-10 22:54:57,458 [IPC Server listener on 42654] INFO  ipc.Server (Server.java:run(1153)) - IPC Server listener on 42654: starting
2019-09-10 22:54:57,463 [main] INFO  hdfs.DFSUtil (DFSUtil.java:httpServerTemplateForNNAndJN(1641)) - Starting Web-server for ozoneManager at: http://0.0.0.0:0
2019-09-10 22:54:57,466 [main] INFO  server.AuthenticationFilter (AuthenticationFilter.java:constructSecretProvider(240)) - Unable to initialize FileSignerSecretProvider, falling back to use random secrets.
2019-09-10 22:54:57,467 [main] WARN  http.HttpRequestLog (HttpRequestLog.java:getRequestLog(97)) - Jetty request log can only be enabled using Log4j
2019-09-10 22:54:57,470 [main] INFO  http.HttpServer2 (HttpServer2.java:addGlobalFilter(975)) - Added global filter 'safety' (class=org.apache.hadoop.http.HttpServer2$QuotingInputFilter)
2019-09-10 22:54:57,471 [main] INFO  http.HttpServer2 (HttpServer2.java:addFilter(948)) - Added filter static_user_filter (class=org.apache.hadoop.http.lib.StaticUserWebFilter$StaticUserFilter) to context ozoneManager
2019-09-10 22:54:57,471 [main] INFO  http.HttpServer2 (HttpServer2.java:addFilter(958)) - Added filter static_user_filter (class=org.apache.hadoop.http.lib.StaticUserWebFilter$StaticUserFilter) to context logs
2019-09-10 22:54:57,471 [main] INFO  http.HttpServer2 (HttpServer2.java:addFilter(958)) - Added filter static_user_filter (class=org.apache.hadoop.http.lib.StaticUserWebFilter$StaticUserFilter) to context static
2019-09-10 22:54:57,474 [main] INFO  http.HttpServer2 (HttpServer2.java:bindListener(1191)) - Jetty bound to port 41548
2019-09-10 22:54:57,474 [main] INFO  server.Server (Server.java:doStart(351)) - jetty-9.3.24.v20180605, build timestamp: 2018-06-05T17:11:56Z, git hash: 84205aa28f11a4f31f2a3b86d1bba2cc8ab69827
2019-09-10 22:54:57,476 [main] INFO  handler.ContextHandler (ContextHandler.java:doStart(781)) - Started o.e.j.s.ServletContextHandler@25d3cfc8{/logs,file:///workdir/hadoop-ozone/integration-test/target/log,AVAILABLE}
2019-09-10 22:54:57,477 [main] INFO  handler.ContextHandler (ContextHandler.java:doStart(781)) - Started o.e.j.s.ServletContextHandler@2571066a{/static,file:///workdir/hadoop-ozone/integration-test/target/test-classes/webapps/static,AVAILABLE}
2019-09-10 22:54:57,482 [main] INFO  handler.ContextHandler (ContextHandler.java:doStart(781)) - Started o.e.j.w.WebAppContext@444548a0{/,file:///workdir/hadoop-ozone/integration-test/target/test-classes/webapps/ozoneManager/,AVAILABLE}{/ozoneManager}
2019-09-10 22:54:57,483 [main] INFO  server.AbstractConnector (AbstractConnector.java:doStart(278)) - Started ServerConnector@3766c667{HTTP/1.1,[http/1.1]}{0.0.0.0:41548}
2019-09-10 22:54:57,483 [main] INFO  server.Server (Server.java:doStart(419)) - Started @4133ms
2019-09-10 22:54:57,484 [main] WARN  impl.MetricsSystemImpl (MetricsSystemImpl.java:register(276)) - Sink prometheus already exists!
2019-09-10 22:54:57,485 [main] INFO  server.BaseHttpServer (BaseHttpServer.java:updateConnectorAddress(215)) - HTTP server of OZONEMANAGER is listening at http://0.0.0.0:41548
2019-09-10 22:54:57,836 [main] INFO  impl.MetricsSystemImpl (MetricsSystemImpl.java:init(158)) - HddsDatanode metrics system started (again)
2019-09-10 22:54:57,889 [main] INFO  ozone.HddsDatanodeService (HddsDatanodeService.java:start(184)) - HddsDatanodeService host:pr-hdds-2106-sk2jr-1188266228 ip:192.168.34.57
2019-09-10 22:54:57,936 [main] INFO  volume.HddsVolume (HddsVolume.java:<init>(176)) - Creating Volume: /workdir/hadoop-ozone/integration-test/target/test-dir/MiniOzoneClusterImpl-c8bd075b-66f7-4733-90c4-2d26ad6b76fb/datanode-0/data/containers/hdds of  storage type : DISK and capacity : 1482555576320
2019-09-10 22:54:57,941 [main] INFO  volume.VolumeSet (VolumeSet.java:initializeVolumeSet(170)) - Added Volume : /workdir/hadoop-ozone/integration-test/target/test-dir/MiniOzoneClusterImpl-c8bd075b-66f7-4733-90c4-2d26ad6b76fb/datanode-0/data/containers/hdds to VolumeSet
2019-09-10 22:54:57,945 [main] INFO  volume.ThrottledAsyncChecker (ThrottledAsyncChecker.java:schedule(139)) - Scheduling a check for org.apache.hadoop.ozone.container.common.volume.HddsVolume@7e2f86e6
2019-09-10 22:54:57,965 [main] INFO  volume.HddsVolumeChecker (HddsVolumeChecker.java:checkAllVolumes(202)) - Scheduled health check for volume org.apache.hadoop.ozone.container.common.volume.HddsVolume@7e2f86e6
2019-09-10 22:54:58,081 [main] INFO  impl.RaftServerProxy (ConfUtils.java:logGet(43)) - raft.rpc.type = GRPC (default)
2019-09-10 22:54:58,149 [main] INFO  grpc.GrpcFactory (GrpcFactory.java:checkPooledByteBufAllocatorUseCacheForAllThreads(45)) - PERFORMANCE WARNING: useCacheForAllThreads is true that may cause Netty to create a lot garbage objects and, as a result, trigger GC.
	It is recommended to disable useCacheForAllThreads by setting -Dorg.apache.ratis.thirdparty.io.netty.allocator.useCacheForAllThreads=false in command line.
2019-09-10 22:54:58,154 [main] INFO  grpc.GrpcConfigKeys$Server (ConfUtils.java:logGet(43)) - raft.grpc.server.port = 0 (default)
2019-09-10 22:54:58,155 [main] INFO  server.GrpcService (ConfUtils.java:logGet(43)) - raft.grpc.message.size.max = 33570816 (custom)
2019-09-10 22:54:58,156 [main] INFO  server.RaftServerConfigKeys (ConfUtils.java:logGet(43)) - raft.server.log.appender.buffer.byte-limit = 33554432 (custom)
2019-09-10 22:54:58,157 [main] INFO  server.GrpcService (ConfUtils.java:logGet(43)) - raft.grpc.flow.control.window = 1MB (=1048576) (default)
2019-09-10 22:54:58,158 [main] INFO  server.RaftServerConfigKeys (ConfUtils.java:logGet(43)) - raft.server.rpc.request.timeout = 3000ms (default)
2019-09-10 22:54:58,334 [main] INFO  server.RaftServerConfigKeys (ConfUtils.java:logGet(43)) - raft.server.storage.dir = [/workdir/hadoop-ozone/integration-test/target/test-dir/MiniOzoneClusterImpl-c8bd075b-66f7-4733-90c4-2d26ad6b76fb/datanode-0/data/ratis] (custom)
2019-09-10 22:54:58,387 [main] INFO  hdfs.DFSUtil (DFSUtil.java:httpServerTemplateForNNAndJN(1641)) - Starting Web-server for hddsDatanode at: http://0.0.0.0:0
2019-09-10 22:54:58,389 [main] INFO  server.AuthenticationFilter (AuthenticationFilter.java:constructSecretProvider(240)) - Unable to initialize FileSignerSecretProvider, falling back to use random secrets.
2019-09-10 22:54:58,389 [main] WARN  http.HttpRequestLog (HttpRequestLog.java:getRequestLog(97)) - Jetty request log can only be enabled using Log4j
2019-09-10 22:54:58,391 [main] INFO  http.HttpServer2 (HttpServer2.java:addGlobalFilter(975)) - Added global filter 'safety' (class=org.apache.hadoop.http.HttpServer2$QuotingInputFilter)
2019-09-10 22:54:58,391 [main] INFO  http.HttpServer2 (HttpServer2.java:addFilter(948)) - Added filter static_user_filter (class=org.apache.hadoop.http.lib.StaticUserWebFilter$StaticUserFilter) to context hddsDatanode
2019-09-10 22:54:58,392 [main] INFO  http.HttpServer2 (HttpServer2.java:addFilter(958)) - Added filter static_user_filter (class=org.apache.hadoop.http.lib.StaticUserWebFilter$StaticUserFilter) to context logs
2019-09-10 22:54:58,392 [main] INFO  http.HttpServer2 (HttpServer2.java:addFilter(958)) - Added filter static_user_filter (class=org.apache.hadoop.http.lib.StaticUserWebFilter$StaticUserFilter) to context static
2019-09-10 22:54:58,393 [main] INFO  http.HttpServer2 (HttpServer2.java:bindListener(1191)) - Jetty bound to port 35277
2019-09-10 22:54:58,393 [main] INFO  server.Server (Server.java:doStart(351)) - jetty-9.3.24.v20180605, build timestamp: 2018-06-05T17:11:56Z, git hash: 84205aa28f11a4f31f2a3b86d1bba2cc8ab69827
2019-09-10 22:54:58,395 [main] INFO  handler.ContextHandler (ContextHandler.java:doStart(781)) - Started o.e.j.s.ServletContextHandler@1effd53c{/logs,file:///workdir/hadoop-ozone/integration-test/target/log,AVAILABLE}
2019-09-10 22:54:58,396 [main] INFO  handler.ContextHandler (ContextHandler.java:doStart(781)) - Started o.e.j.s.ServletContextHandler@6920614{/static,jar:file:/home/user/.m2/repository/org/apache/hadoop/hadoop-hdds-container-service/0.5.0-SNAPSHOT/hadoop-hdds-container-service-0.5.0-SNAPSHOT.jar!/webapps/static,AVAILABLE}
2019-09-10 22:54:58,425 [main] INFO  handler.ContextHandler (ContextHandler.java:doStart(781)) - Started o.e.j.w.WebAppContext@476fe690{/,file:///tmp/jetty-0.0.0.0-35277-hddsDatanode-_-any-5240185331540522184.dir/webapp/,AVAILABLE}{/hddsDatanode}
2019-09-10 22:54:58,425 [main] INFO  server.AbstractConnector (AbstractConnector.java:doStart(278)) - Started ServerConnector@7a0e7ecd{HTTP/1.1,[http/1.1]}{0.0.0.0:35277}
2019-09-10 22:54:58,426 [main] INFO  server.Server (Server.java:doStart(419)) - Started @5076ms
2019-09-10 22:54:58,426 [main] WARN  impl.MetricsSystemImpl (MetricsSystemImpl.java:register(276)) - Sink prometheus already exists!
2019-09-10 22:54:58,428 [main] INFO  server.BaseHttpServer (BaseHttpServer.java:updateConnectorAddress(215)) - HTTP server of HDDSDATANODE is listening at http://0.0.0.0:35277
2019-09-10 22:54:58,429 [main] INFO  impl.MetricsSystemImpl (MetricsSystemImpl.java:init(158)) - HddsDatanode metrics system started (again)
2019-09-10 22:54:58,432 [main] INFO  ozone.HddsDatanodeService (HddsDatanodeService.java:start(184)) - HddsDatanodeService host:pr-hdds-2106-sk2jr-1188266228 ip:192.168.34.57
2019-09-10 22:54:58,440 [org.apache.hadoop.util.JvmPauseMonitor$Monitor@1525362b] INFO  util.JvmPauseMonitor (JvmPauseMonitor.java:run(188)) - Starting JVM pause monitor
2019-09-10 22:54:58,440 [main] INFO  volume.HddsVolume (HddsVolume.java:<init>(176)) - Creating Volume: /workdir/hadoop-ozone/integration-test/target/test-dir/MiniOzoneClusterImpl-c8bd075b-66f7-4733-90c4-2d26ad6b76fb/datanode-1/data/containers/hdds of  storage type : DISK and capacity : 1482555576320
2019-09-10 22:54:58,441 [main] INFO  volume.VolumeSet (VolumeSet.java:initializeVolumeSet(170)) - Added Volume : /workdir/hadoop-ozone/integration-test/target/test-dir/MiniOzoneClusterImpl-c8bd075b-66f7-4733-90c4-2d26ad6b76fb/datanode-1/data/containers/hdds to VolumeSet
2019-09-10 22:54:58,441 [main] INFO  volume.ThrottledAsyncChecker (ThrottledAsyncChecker.java:schedule(139)) - Scheduling a check for org.apache.hadoop.ozone.container.common.volume.HddsVolume@623dcf2a
2019-09-10 22:54:58,441 [main] INFO  volume.HddsVolumeChecker (HddsVolumeChecker.java:checkAllVolumes(202)) - Scheduled health check for volume org.apache.hadoop.ozone.container.common.volume.HddsVolume@623dcf2a
2019-09-10 22:54:58,455 [main] INFO  impl.RaftServerProxy (ConfUtils.java:logGet(43)) - raft.rpc.type = GRPC (default)
2019-09-10 22:54:58,455 [main] INFO  grpc.GrpcFactory (GrpcFactory.java:checkPooledByteBufAllocatorUseCacheForAllThreads(45)) - PERFORMANCE WARNING: useCacheForAllThreads is true that may cause Netty to create a lot garbage objects and, as a result, trigger GC.
	It is recommended to disable useCacheForAllThreads by setting -Dorg.apache.ratis.thirdparty.io.netty.allocator.useCacheForAllThreads=false in command line.
2019-09-10 22:54:58,456 [main] INFO  grpc.GrpcConfigKeys$Server (ConfUtils.java:logGet(43)) - raft.grpc.server.port = 0 (default)
2019-09-10 22:54:58,456 [main] INFO  server.GrpcService (ConfUtils.java:logGet(43)) - raft.grpc.message.size.max = 33570816 (custom)
2019-09-10 22:54:58,456 [main] INFO  server.RaftServerConfigKeys (ConfUtils.java:logGet(43)) - raft.server.log.appender.buffer.byte-limit = 33554432 (custom)
2019-09-10 22:54:58,456 [main] INFO  server.GrpcService (ConfUtils.java:logGet(43)) - raft.grpc.flow.control.window = 1MB (=1048576) (default)
2019-09-10 22:54:58,457 [main] INFO  server.RaftServerConfigKeys (ConfUtils.java:logGet(43)) - raft.server.rpc.request.timeout = 3000ms (default)
2019-09-10 22:54:58,457 [main] INFO  server.RaftServerConfigKeys (ConfUtils.java:logGet(43)) - raft.server.storage.dir = [/workdir/hadoop-ozone/integration-test/target/test-dir/MiniOzoneClusterImpl-c8bd075b-66f7-4733-90c4-2d26ad6b76fb/datanode-1/data/ratis] (custom)
2019-09-10 22:54:58,458 [main] INFO  hdfs.DFSUtil (DFSUtil.java:httpServerTemplateForNNAndJN(1641)) - Starting Web-server for hddsDatanode at: http://0.0.0.0:0
2019-09-10 22:54:58,459 [main] INFO  server.AuthenticationFilter (AuthenticationFilter.java:constructSecretProvider(240)) - Unable to initialize FileSignerSecretProvider, falling back to use random secrets.
2019-09-10 22:54:58,460 [main] WARN  http.HttpRequestLog (HttpRequestLog.java:getRequestLog(97)) - Jetty request log can only be enabled using Log4j
2019-09-10 22:54:58,462 [main] INFO  http.HttpServer2 (HttpServer2.java:addGlobalFilter(975)) - Added global filter 'safety' (class=org.apache.hadoop.http.HttpServer2$QuotingInputFilter)
2019-09-10 22:54:58,463 [main] INFO  http.HttpServer2 (HttpServer2.java:addFilter(948)) - Added filter static_user_filter (class=org.apache.hadoop.http.lib.StaticUserWebFilter$StaticUserFilter) to context hddsDatanode
2019-09-10 22:54:58,463 [main] INFO  http.HttpServer2 (HttpServer2.java:addFilter(958)) - Added filter static_user_filter (class=org.apache.hadoop.http.lib.StaticUserWebFilter$StaticUserFilter) to context logs
2019-09-10 22:54:58,464 [main] INFO  http.HttpServer2 (HttpServer2.java:addFilter(958)) - Added filter static_user_filter (class=org.apache.hadoop.http.lib.StaticUserWebFilter$StaticUserFilter) to context static
2019-09-10 22:54:58,465 [main] INFO  http.HttpServer2 (HttpServer2.java:bindListener(1191)) - Jetty bound to port 46786
2019-09-10 22:54:58,465 [main] INFO  server.Server (Server.java:doStart(351)) - jetty-9.3.24.v20180605, build timestamp: 2018-06-05T17:11:56Z, git hash: 84205aa28f11a4f31f2a3b86d1bba2cc8ab69827
2019-09-10 22:54:58,468 [main] INFO  handler.ContextHandler (ContextHandler.java:doStart(781)) - Started o.e.j.s.ServletContextHandler@654c7d2d{/logs,file:///workdir/hadoop-ozone/integration-test/target/log,AVAILABLE}
2019-09-10 22:54:58,469 [main] INFO  handler.ContextHandler (ContextHandler.java:doStart(781)) - Started o.e.j.s.ServletContextHandler@15400fff{/static,jar:file:/home/user/.m2/repository/org/apache/hadoop/hadoop-hdds-container-service/0.5.0-SNAPSHOT/hadoop-hdds-container-service-0.5.0-SNAPSHOT.jar!/webapps/static,AVAILABLE}
2019-09-10 22:54:58,505 [main] INFO  handler.ContextHandler (ContextHandler.java:doStart(781)) - Started o.e.j.w.WebAppContext@25ad4f71{/,file:///tmp/jetty-0.0.0.0-46786-hddsDatanode-_-any-1357164017019061360.dir/webapp/,AVAILABLE}{/hddsDatanode}
2019-09-10 22:54:58,507 [main] INFO  server.AbstractConnector (AbstractConnector.java:doStart(278)) - Started ServerConnector@49faf066{HTTP/1.1,[http/1.1]}{0.0.0.0:46786}
2019-09-10 22:54:58,508 [main] INFO  server.Server (Server.java:doStart(419)) - Started @5158ms
2019-09-10 22:54:58,508 [main] WARN  impl.MetricsSystemImpl (MetricsSystemImpl.java:register(276)) - Sink prometheus already exists!
2019-09-10 22:54:58,509 [main] INFO  server.BaseHttpServer (BaseHttpServer.java:updateConnectorAddress(215)) - HTTP server of HDDSDATANODE is listening at http://0.0.0.0:46786
2019-09-10 22:54:58,510 [main] INFO  impl.MetricsSystemImpl (MetricsSystemImpl.java:init(158)) - HddsDatanode metrics system started (again)
2019-09-10 22:54:58,513 [org.apache.hadoop.util.JvmPauseMonitor$Monitor@709f1c8b] INFO  util.JvmPauseMonitor (JvmPauseMonitor.java:run(188)) - Starting JVM pause monitor
2019-09-10 22:54:58,514 [main] INFO  ozone.HddsDatanodeService (HddsDatanodeService.java:start(184)) - HddsDatanodeService host:pr-hdds-2106-sk2jr-1188266228 ip:192.168.34.57
2019-09-10 22:54:58,526 [main] INFO  volume.HddsVolume (HddsVolume.java:<init>(176)) - Creating Volume: /workdir/hadoop-ozone/integration-test/target/test-dir/MiniOzoneClusterImpl-c8bd075b-66f7-4733-90c4-2d26ad6b76fb/datanode-2/data/containers/hdds of  storage type : DISK and capacity : 1482555576320
2019-09-10 22:54:58,526 [main] INFO  volume.VolumeSet (VolumeSet.java:initializeVolumeSet(170)) - Added Volume : /workdir/hadoop-ozone/integration-test/target/test-dir/MiniOzoneClusterImpl-c8bd075b-66f7-4733-90c4-2d26ad6b76fb/datanode-2/data/containers/hdds to VolumeSet
2019-09-10 22:54:58,526 [main] INFO  volume.ThrottledAsyncChecker (ThrottledAsyncChecker.java:schedule(139)) - Scheduling a check for org.apache.hadoop.ozone.container.common.volume.HddsVolume@524a076e
2019-09-10 22:54:58,527 [main] INFO  volume.HddsVolumeChecker (HddsVolumeChecker.java:checkAllVolumes(202)) - Scheduled health check for volume org.apache.hadoop.ozone.container.common.volume.HddsVolume@524a076e
2019-09-10 22:54:58,544 [main] INFO  impl.RaftServerProxy (ConfUtils.java:logGet(43)) - raft.rpc.type = GRPC (default)
2019-09-10 22:54:58,544 [main] INFO  grpc.GrpcFactory (GrpcFactory.java:checkPooledByteBufAllocatorUseCacheForAllThreads(45)) - PERFORMANCE WARNING: useCacheForAllThreads is true that may cause Netty to create a lot garbage objects and, as a result, trigger GC.
	It is recommended to disable useCacheForAllThreads by setting -Dorg.apache.ratis.thirdparty.io.netty.allocator.useCacheForAllThreads=false in command line.
2019-09-10 22:54:58,545 [main] INFO  grpc.GrpcConfigKeys$Server (ConfUtils.java:logGet(43)) - raft.grpc.server.port = 0 (default)
2019-09-10 22:54:58,545 [main] INFO  server.GrpcService (ConfUtils.java:logGet(43)) - raft.grpc.message.size.max = 33570816 (custom)
2019-09-10 22:54:58,545 [main] INFO  server.RaftServerConfigKeys (ConfUtils.java:logGet(43)) - raft.server.log.appender.buffer.byte-limit = 33554432 (custom)
2019-09-10 22:54:58,546 [main] INFO  server.GrpcService (ConfUtils.java:logGet(43)) - raft.grpc.flow.control.window = 1MB (=1048576) (default)
2019-09-10 22:54:58,546 [main] INFO  server.RaftServerConfigKeys (ConfUtils.java:logGet(43)) - raft.server.rpc.request.timeout = 3000ms (default)
2019-09-10 22:54:58,547 [main] INFO  server.RaftServerConfigKeys (ConfUtils.java:logGet(43)) - raft.server.storage.dir = [/workdir/hadoop-ozone/integration-test/target/test-dir/MiniOzoneClusterImpl-c8bd075b-66f7-4733-90c4-2d26ad6b76fb/datanode-2/data/ratis] (custom)
2019-09-10 22:54:58,549 [main] INFO  hdfs.DFSUtil (DFSUtil.java:httpServerTemplateForNNAndJN(1641)) - Starting Web-server for hddsDatanode at: http://0.0.0.0:0
2019-09-10 22:54:58,550 [main] INFO  server.AuthenticationFilter (AuthenticationFilter.java:constructSecretProvider(240)) - Unable to initialize FileSignerSecretProvider, falling back to use random secrets.
2019-09-10 22:54:58,551 [main] WARN  http.HttpRequestLog (HttpRequestLog.java:getRequestLog(97)) - Jetty request log can only be enabled using Log4j
2019-09-10 22:54:58,553 [main] INFO  http.HttpServer2 (HttpServer2.java:addGlobalFilter(975)) - Added global filter 'safety' (class=org.apache.hadoop.http.HttpServer2$QuotingInputFilter)
2019-09-10 22:54:58,553 [main] INFO  http.HttpServer2 (HttpServer2.java:addFilter(948)) - Added filter static_user_filter (class=org.apache.hadoop.http.lib.StaticUserWebFilter$StaticUserFilter) to context hddsDatanode
2019-09-10 22:54:58,554 [main] INFO  http.HttpServer2 (HttpServer2.java:addFilter(958)) - Added filter static_user_filter (class=org.apache.hadoop.http.lib.StaticUserWebFilter$StaticUserFilter) to context static
2019-09-10 22:54:58,554 [main] INFO  http.HttpServer2 (HttpServer2.java:addFilter(958)) - Added filter static_user_filter (class=org.apache.hadoop.http.lib.StaticUserWebFilter$StaticUserFilter) to context logs
2019-09-10 22:54:58,555 [main] INFO  http.HttpServer2 (HttpServer2.java:bindListener(1191)) - Jetty bound to port 41123
2019-09-10 22:54:58,555 [main] INFO  server.Server (Server.java:doStart(351)) - jetty-9.3.24.v20180605, build timestamp: 2018-06-05T17:11:56Z, git hash: 84205aa28f11a4f31f2a3b86d1bba2cc8ab69827
2019-09-10 22:54:58,557 [main] INFO  handler.ContextHandler (ContextHandler.java:doStart(781)) - Started o.e.j.s.ServletContextHandler@2e66bc32{/logs,file:///workdir/hadoop-ozone/integration-test/target/log,AVAILABLE}
2019-09-10 22:54:58,558 [main] INFO  handler.ContextHandler (ContextHandler.java:doStart(781)) - Started o.e.j.s.ServletContextHandler@4b65d9f4{/static,jar:file:/home/user/.m2/repository/org/apache/hadoop/hadoop-hdds-container-service/0.5.0-SNAPSHOT/hadoop-hdds-container-service-0.5.0-SNAPSHOT.jar!/webapps/static,AVAILABLE}
2019-09-10 22:54:58,579 [Datanode State Machine Thread - 0] INFO  datanode.InitDatanodeState (InitDatanodeState.java:persistContainerDatanodeDetails(140)) - DatanodeDetails is persisted to /workdir/hadoop-ozone/integration-test/target/test-dir/MiniOzoneClusterImpl-c8bd075b-66f7-4733-90c4-2d26ad6b76fb/datanode-0/meta/datanode.id
2019-09-10 22:54:58,585 [Datanode State Machine Thread - 0] INFO  datanode.InitDatanodeState (InitDatanodeState.java:persistContainerDatanodeDetails(140)) - DatanodeDetails is persisted to /workdir/hadoop-ozone/integration-test/target/test-dir/MiniOzoneClusterImpl-c8bd075b-66f7-4733-90c4-2d26ad6b76fb/datanode-1/meta/datanode.id
2019-09-10 22:54:58,602 [main] INFO  handler.ContextHandler (ContextHandler.java:doStart(781)) - Started o.e.j.w.WebAppContext@4745e9c{/,file:///tmp/jetty-0.0.0.0-41123-hddsDatanode-_-any-4768372411942766016.dir/webapp/,AVAILABLE}{/hddsDatanode}
2019-09-10 22:54:58,603 [main] INFO  server.AbstractConnector (AbstractConnector.java:doStart(278)) - Started ServerConnector@2f2bff16{HTTP/1.1,[http/1.1]}{0.0.0.0:41123}
2019-09-10 22:54:58,604 [main] INFO  server.Server (Server.java:doStart(419)) - Started @5254ms
2019-09-10 22:54:58,605 [main] WARN  impl.MetricsSystemImpl (MetricsSystemImpl.java:register(276)) - Sink prometheus already exists!
2019-09-10 22:54:58,606 [main] INFO  server.BaseHttpServer (BaseHttpServer.java:updateConnectorAddress(215)) - HTTP server of HDDSDATANODE is listening at http://0.0.0.0:41123
2019-09-10 22:54:58,606 [main] INFO  impl.MetricsSystemImpl (MetricsSystemImpl.java:init(158)) - HddsDatanode metrics system started (again)
2019-09-10 22:54:58,610 [main] INFO  ozone.HddsDatanodeService (HddsDatanodeService.java:start(184)) - HddsDatanodeService host:pr-hdds-2106-sk2jr-1188266228 ip:192.168.34.57
2019-09-10 22:54:58,610 [org.apache.hadoop.util.JvmPauseMonitor$Monitor@79a50758] INFO  util.JvmPauseMonitor (JvmPauseMonitor.java:run(188)) - Starting JVM pause monitor
2019-09-10 22:54:58,613 [Datanode State Machine Thread - 0] INFO  datanode.InitDatanodeState (InitDatanodeState.java:persistContainerDatanodeDetails(140)) - DatanodeDetails is persisted to /workdir/hadoop-ozone/integration-test/target/test-dir/MiniOzoneClusterImpl-c8bd075b-66f7-4733-90c4-2d26ad6b76fb/datanode-2/meta/datanode.id
2019-09-10 22:54:58,619 [main] INFO  volume.HddsVolume (HddsVolume.java:<init>(176)) - Creating Volume: /workdir/hadoop-ozone/integration-test/target/test-dir/MiniOzoneClusterImpl-c8bd075b-66f7-4733-90c4-2d26ad6b76fb/datanode-3/data/containers/hdds of  storage type : DISK and capacity : 1482555576320
2019-09-10 22:54:58,619 [main] INFO  volume.VolumeSet (VolumeSet.java:initializeVolumeSet(170)) - Added Volume : /workdir/hadoop-ozone/integration-test/target/test-dir/MiniOzoneClusterImpl-c8bd075b-66f7-4733-90c4-2d26ad6b76fb/datanode-3/data/containers/hdds to VolumeSet
2019-09-10 22:54:58,620 [main] INFO  volume.ThrottledAsyncChecker (ThrottledAsyncChecker.java:schedule(139)) - Scheduling a check for org.apache.hadoop.ozone.container.common.volume.HddsVolume@6342d610
2019-09-10 22:54:58,620 [main] INFO  volume.HddsVolumeChecker (HddsVolumeChecker.java:checkAllVolumes(202)) - Scheduled health check for volume org.apache.hadoop.ozone.container.common.volume.HddsVolume@6342d610
2019-09-10 22:54:58,638 [main] INFO  impl.RaftServerProxy (ConfUtils.java:logGet(43)) - raft.rpc.type = GRPC (default)
2019-09-10 22:54:58,638 [main] INFO  grpc.GrpcFactory (GrpcFactory.java:checkPooledByteBufAllocatorUseCacheForAllThreads(45)) - PERFORMANCE WARNING: useCacheForAllThreads is true that may cause Netty to create a lot garbage objects and, as a result, trigger GC.
	It is recommended to disable useCacheForAllThreads by setting -Dorg.apache.ratis.thirdparty.io.netty.allocator.useCacheForAllThreads=false in command line.
2019-09-10 22:54:58,638 [main] INFO  grpc.GrpcConfigKeys$Server (ConfUtils.java:logGet(43)) - raft.grpc.server.port = 0 (default)
2019-09-10 22:54:58,639 [main] INFO  server.GrpcService (ConfUtils.java:logGet(43)) - raft.grpc.message.size.max = 33570816 (custom)
2019-09-10 22:54:58,639 [main] INFO  server.RaftServerConfigKeys (ConfUtils.java:logGet(43)) - raft.server.log.appender.buffer.byte-limit = 33554432 (custom)
2019-09-10 22:54:58,639 [main] INFO  server.GrpcService (ConfUtils.java:logGet(43)) - raft.grpc.flow.control.window = 1MB (=1048576) (default)
2019-09-10 22:54:58,640 [main] INFO  server.RaftServerConfigKeys (ConfUtils.java:logGet(43)) - raft.server.rpc.request.timeout = 3000ms (default)
2019-09-10 22:54:58,640 [main] INFO  server.RaftServerConfigKeys (ConfUtils.java:logGet(43)) - raft.server.storage.dir = [/workdir/hadoop-ozone/integration-test/target/test-dir/MiniOzoneClusterImpl-c8bd075b-66f7-4733-90c4-2d26ad6b76fb/datanode-3/data/ratis] (custom)
2019-09-10 22:54:58,642 [main] INFO  hdfs.DFSUtil (DFSUtil.java:httpServerTemplateForNNAndJN(1641)) - Starting Web-server for hddsDatanode at: http://0.0.0.0:0
2019-09-10 22:54:58,644 [main] INFO  server.AuthenticationFilter (AuthenticationFilter.java:constructSecretProvider(240)) - Unable to initialize FileSignerSecretProvider, falling back to use random secrets.
2019-09-10 22:54:58,644 [main] WARN  http.HttpRequestLog (HttpRequestLog.java:getRequestLog(97)) - Jetty request log can only be enabled using Log4j
2019-09-10 22:54:58,646 [main] INFO  http.HttpServer2 (HttpServer2.java:addGlobalFilter(975)) - Added global filter 'safety' (class=org.apache.hadoop.http.HttpServer2$QuotingInputFilter)
2019-09-10 22:54:58,647 [main] INFO  http.HttpServer2 (HttpServer2.java:addFilter(948)) - Added filter static_user_filter (class=org.apache.hadoop.http.lib.StaticUserWebFilter$StaticUserFilter) to context hddsDatanode
2019-09-10 22:54:58,647 [main] INFO  http.HttpServer2 (HttpServer2.java:addFilter(958)) - Added filter static_user_filter (class=org.apache.hadoop.http.lib.StaticUserWebFilter$StaticUserFilter) to context static
2019-09-10 22:54:58,647 [main] INFO  http.HttpServer2 (HttpServer2.java:addFilter(958)) - Added filter static_user_filter (class=org.apache.hadoop.http.lib.StaticUserWebFilter$StaticUserFilter) to context logs
2019-09-10 22:54:58,648 [main] INFO  http.HttpServer2 (HttpServer2.java:bindListener(1191)) - Jetty bound to port 45756
2019-09-10 22:54:58,648 [main] INFO  server.Server (Server.java:doStart(351)) - jetty-9.3.24.v20180605, build timestamp: 2018-06-05T17:11:56Z, git hash: 84205aa28f11a4f31f2a3b86d1bba2cc8ab69827
2019-09-10 22:54:58,654 [main] INFO  handler.ContextHandler (ContextHandler.java:doStart(781)) - Started o.e.j.s.ServletContextHandler@74ecacc3{/logs,file:///workdir/hadoop-ozone/integration-test/target/log,AVAILABLE}
2019-09-10 22:54:58,655 [main] INFO  handler.ContextHandler (ContextHandler.java:doStart(781)) - Started o.e.j.s.ServletContextHandler@53b7ce6{/static,jar:file:/home/user/.m2/repository/org/apache/hadoop/hadoop-hdds-container-service/0.5.0-SNAPSHOT/hadoop-hdds-container-service-0.5.0-SNAPSHOT.jar!/webapps/static,AVAILABLE}
2019-09-10 22:54:58,698 [main] INFO  handler.ContextHandler (ContextHandler.java:doStart(781)) - Started o.e.j.w.WebAppContext@7d44a19{/,file:///tmp/jetty-0.0.0.0-45756-hddsDatanode-_-any-5152094502593580416.dir/webapp/,AVAILABLE}{/hddsDatanode}
2019-09-10 22:54:58,700 [main] INFO  server.AbstractConnector (AbstractConnector.java:doStart(278)) - Started ServerConnector@1fb2d5e{HTTP/1.1,[http/1.1]}{0.0.0.0:45756}
2019-09-10 22:54:58,701 [main] INFO  server.Server (Server.java:doStart(419)) - Started @5350ms
2019-09-10 22:54:58,702 [main] WARN  impl.MetricsSystemImpl (MetricsSystemImpl.java:register(276)) - Sink prometheus already exists!
2019-09-10 22:54:58,703 [main] INFO  server.BaseHttpServer (BaseHttpServer.java:updateConnectorAddress(215)) - HTTP server of HDDSDATANODE is listening at http://0.0.0.0:45756
2019-09-10 22:54:58,703 [main] INFO  impl.MetricsSystemImpl (MetricsSystemImpl.java:init(158)) - HddsDatanode metrics system started (again)
2019-09-10 22:54:58,707 [org.apache.hadoop.util.JvmPauseMonitor$Monitor@3d383e25] INFO  util.JvmPauseMonitor (JvmPauseMonitor.java:run(188)) - Starting JVM pause monitor
2019-09-10 22:54:58,707 [main] INFO  ozone.HddsDatanodeService (HddsDatanodeService.java:start(184)) - HddsDatanodeService host:pr-hdds-2106-sk2jr-1188266228 ip:192.168.34.57
2019-09-10 22:54:58,711 [Datanode State Machine Thread - 0] INFO  datanode.InitDatanodeState (InitDatanodeState.java:persistContainerDatanodeDetails(140)) - DatanodeDetails is persisted to /workdir/hadoop-ozone/integration-test/target/test-dir/MiniOzoneClusterImpl-c8bd075b-66f7-4733-90c4-2d26ad6b76fb/datanode-3/meta/datanode.id
2019-09-10 22:54:58,718 [main] INFO  volume.HddsVolume (HddsVolume.java:<init>(176)) - Creating Volume: /workdir/hadoop-ozone/integration-test/target/test-dir/MiniOzoneClusterImpl-c8bd075b-66f7-4733-90c4-2d26ad6b76fb/datanode-4/data/containers/hdds of  storage type : DISK and capacity : 1482555576320
2019-09-10 22:54:58,719 [main] INFO  volume.VolumeSet (VolumeSet.java:initializeVolumeSet(170)) - Added Volume : /workdir/hadoop-ozone/integration-test/target/test-dir/MiniOzoneClusterImpl-c8bd075b-66f7-4733-90c4-2d26ad6b76fb/datanode-4/data/containers/hdds to VolumeSet
2019-09-10 22:54:58,719 [main] INFO  volume.ThrottledAsyncChecker (ThrottledAsyncChecker.java:schedule(139)) - Scheduling a check for org.apache.hadoop.ozone.container.common.volume.HddsVolume@73844119
2019-09-10 22:54:58,720 [main] INFO  volume.HddsVolumeChecker (HddsVolumeChecker.java:checkAllVolumes(202)) - Scheduled health check for volume org.apache.hadoop.ozone.container.common.volume.HddsVolume@73844119
2019-09-10 22:54:58,741 [main] INFO  impl.RaftServerProxy (ConfUtils.java:logGet(43)) - raft.rpc.type = GRPC (default)
2019-09-10 22:54:58,742 [main] INFO  grpc.GrpcFactory (GrpcFactory.java:checkPooledByteBufAllocatorUseCacheForAllThreads(45)) - PERFORMANCE WARNING: useCacheForAllThreads is true that may cause Netty to create a lot garbage objects and, as a result, trigger GC.
	It is recommended to disable useCacheForAllThreads by setting -Dorg.apache.ratis.thirdparty.io.netty.allocator.useCacheForAllThreads=false in command line.
2019-09-10 22:54:58,742 [main] INFO  grpc.GrpcConfigKeys$Server (ConfUtils.java:logGet(43)) - raft.grpc.server.port = 0 (default)
2019-09-10 22:54:58,742 [main] INFO  server.GrpcService (ConfUtils.java:logGet(43)) - raft.grpc.message.size.max = 33570816 (custom)
2019-09-10 22:54:58,742 [main] INFO  server.RaftServerConfigKeys (ConfUtils.java:logGet(43)) - raft.server.log.appender.buffer.byte-limit = 33554432 (custom)
2019-09-10 22:54:58,742 [main] INFO  server.GrpcService (ConfUtils.java:logGet(43)) - raft.grpc.flow.control.window = 1MB (=1048576) (default)
2019-09-10 22:54:58,743 [main] INFO  server.RaftServerConfigKeys (ConfUtils.java:logGet(43)) - raft.server.rpc.request.timeout = 3000ms (default)
2019-09-10 22:54:58,744 [main] INFO  server.RaftServerConfigKeys (ConfUtils.java:logGet(43)) - raft.server.storage.dir = [/workdir/hadoop-ozone/integration-test/target/test-dir/MiniOzoneClusterImpl-c8bd075b-66f7-4733-90c4-2d26ad6b76fb/datanode-4/data/ratis] (custom)
2019-09-10 22:54:58,745 [main] INFO  hdfs.DFSUtil (DFSUtil.java:httpServerTemplateForNNAndJN(1641)) - Starting Web-server for hddsDatanode at: http://0.0.0.0:0
2019-09-10 22:54:58,747 [main] INFO  server.AuthenticationFilter (AuthenticationFilter.java:constructSecretProvider(240)) - Unable to initialize FileSignerSecretProvider, falling back to use random secrets.
2019-09-10 22:54:58,747 [main] WARN  http.HttpRequestLog (HttpRequestLog.java:getRequestLog(97)) - Jetty request log can only be enabled using Log4j
2019-09-10 22:54:58,749 [main] INFO  http.HttpServer2 (HttpServer2.java:addGlobalFilter(975)) - Added global filter 'safety' (class=org.apache.hadoop.http.HttpServer2$QuotingInputFilter)
2019-09-10 22:54:58,749 [main] INFO  http.HttpServer2 (HttpServer2.java:addFilter(948)) - Added filter static_user_filter (class=org.apache.hadoop.http.lib.StaticUserWebFilter$StaticUserFilter) to context hddsDatanode
2019-09-10 22:54:58,749 [main] INFO  http.HttpServer2 (HttpServer2.java:addFilter(958)) - Added filter static_user_filter (class=org.apache.hadoop.http.lib.StaticUserWebFilter$StaticUserFilter) to context logs
2019-09-10 22:54:58,750 [main] INFO  http.HttpServer2 (HttpServer2.java:addFilter(958)) - Added filter static_user_filter (class=org.apache.hadoop.http.lib.StaticUserWebFilter$StaticUserFilter) to context static
2019-09-10 22:54:58,750 [main] INFO  http.HttpServer2 (HttpServer2.java:bindListener(1191)) - Jetty bound to port 39185
2019-09-10 22:54:58,751 [main] INFO  server.Server (Server.java:doStart(351)) - jetty-9.3.24.v20180605, build timestamp: 2018-06-05T17:11:56Z, git hash: 84205aa28f11a4f31f2a3b86d1bba2cc8ab69827
2019-09-10 22:54:58,753 [main] INFO  handler.ContextHandler (ContextHandler.java:doStart(781)) - Started o.e.j.s.ServletContextHandler@77a074b4{/logs,file:///workdir/hadoop-ozone/integration-test/target/log,AVAILABLE}
2019-09-10 22:54:58,754 [main] INFO  handler.ContextHandler (ContextHandler.java:doStart(781)) - Started o.e.j.s.ServletContextHandler@6c0e13b7{/static,jar:file:/home/user/.m2/repository/org/apache/hadoop/hadoop-hdds-container-service/0.5.0-SNAPSHOT/hadoop-hdds-container-service-0.5.0-SNAPSHOT.jar!/webapps/static,AVAILABLE}
2019-09-10 22:54:58,778 [main] INFO  handler.ContextHandler (ContextHandler.java:doStart(781)) - Started o.e.j.w.WebAppContext@38ed139b{/,file:///tmp/jetty-0.0.0.0-39185-hddsDatanode-_-any-3500436725183864874.dir/webapp/,AVAILABLE}{/hddsDatanode}
2019-09-10 22:54:58,778 [main] INFO  server.AbstractConnector (AbstractConnector.java:doStart(278)) - Started ServerConnector@a5272be{HTTP/1.1,[http/1.1]}{0.0.0.0:39185}
2019-09-10 22:54:58,780 [main] INFO  server.Server (Server.java:doStart(419)) - Started @5429ms
2019-09-10 22:54:58,780 [main] WARN  impl.MetricsSystemImpl (MetricsSystemImpl.java:register(276)) - Sink prometheus already exists!
2019-09-10 22:54:58,782 [main] INFO  server.BaseHttpServer (BaseHttpServer.java:updateConnectorAddress(215)) - HTTP server of HDDSDATANODE is listening at http://0.0.0.0:39185
2019-09-10 22:54:58,782 [main] INFO  impl.MetricsSystemImpl (MetricsSystemImpl.java:init(158)) - HddsDatanode metrics system started (again)
2019-09-10 22:54:58,785 [main] INFO  ozone.HddsDatanodeService (HddsDatanodeService.java:start(184)) - HddsDatanodeService host:pr-hdds-2106-sk2jr-1188266228 ip:192.168.34.57
2019-09-10 22:54:58,786 [org.apache.hadoop.util.JvmPauseMonitor$Monitor@12dfcdb9] INFO  util.JvmPauseMonitor (JvmPauseMonitor.java:run(188)) - Starting JVM pause monitor
2019-09-10 22:54:58,798 [main] INFO  volume.HddsVolume (HddsVolume.java:<init>(176)) - Creating Volume: /workdir/hadoop-ozone/integration-test/target/test-dir/MiniOzoneClusterImpl-c8bd075b-66f7-4733-90c4-2d26ad6b76fb/datanode-5/data/containers/hdds of  storage type : DISK and capacity : 1482555576320
2019-09-10 22:54:58,798 [Datanode State Machine Thread - 0] INFO  datanode.InitDatanodeState (InitDatanodeState.java:persistContainerDatanodeDetails(140)) - DatanodeDetails is persisted to /workdir/hadoop-ozone/integration-test/target/test-dir/MiniOzoneClusterImpl-c8bd075b-66f7-4733-90c4-2d26ad6b76fb/datanode-4/meta/datanode.id
2019-09-10 22:54:58,798 [main] INFO  volume.VolumeSet (VolumeSet.java:initializeVolumeSet(170)) - Added Volume : /workdir/hadoop-ozone/integration-test/target/test-dir/MiniOzoneClusterImpl-c8bd075b-66f7-4733-90c4-2d26ad6b76fb/datanode-5/data/containers/hdds to VolumeSet
2019-09-10 22:54:58,799 [main] INFO  volume.ThrottledAsyncChecker (ThrottledAsyncChecker.java:schedule(139)) - Scheduling a check for org.apache.hadoop.ozone.container.common.volume.HddsVolume@2938127d
2019-09-10 22:54:58,799 [main] INFO  volume.HddsVolumeChecker (HddsVolumeChecker.java:checkAllVolumes(202)) - Scheduled health check for volume org.apache.hadoop.ozone.container.common.volume.HddsVolume@2938127d
2019-09-10 22:54:58,812 [main] INFO  impl.RaftServerProxy (ConfUtils.java:logGet(43)) - raft.rpc.type = GRPC (default)
2019-09-10 22:54:58,812 [main] INFO  grpc.GrpcFactory (GrpcFactory.java:checkPooledByteBufAllocatorUseCacheForAllThreads(45)) - PERFORMANCE WARNING: useCacheForAllThreads is true that may cause Netty to create a lot garbage objects and, as a result, trigger GC.
	It is recommended to disable useCacheForAllThreads by setting -Dorg.apache.ratis.thirdparty.io.netty.allocator.useCacheForAllThreads=false in command line.
2019-09-10 22:54:58,812 [main] INFO  grpc.GrpcConfigKeys$Server (ConfUtils.java:logGet(43)) - raft.grpc.server.port = 0 (default)
2019-09-10 22:54:58,812 [main] INFO  server.GrpcService (ConfUtils.java:logGet(43)) - raft.grpc.message.size.max = 33570816 (custom)
2019-09-10 22:54:58,813 [main] INFO  server.RaftServerConfigKeys (ConfUtils.java:logGet(43)) - raft.server.log.appender.buffer.byte-limit = 33554432 (custom)
2019-09-10 22:54:58,813 [main] INFO  server.GrpcService (ConfUtils.java:logGet(43)) - raft.grpc.flow.control.window = 1MB (=1048576) (default)
2019-09-10 22:54:58,813 [main] INFO  server.RaftServerConfigKeys (ConfUtils.java:logGet(43)) - raft.server.rpc.request.timeout = 3000ms (default)
2019-09-10 22:54:58,813 [main] INFO  server.RaftServerConfigKeys (ConfUtils.java:logGet(43)) - raft.server.storage.dir = [/workdir/hadoop-ozone/integration-test/target/test-dir/MiniOzoneClusterImpl-c8bd075b-66f7-4733-90c4-2d26ad6b76fb/datanode-5/data/ratis] (custom)
2019-09-10 22:54:58,815 [main] INFO  hdfs.DFSUtil (DFSUtil.java:httpServerTemplateForNNAndJN(1641)) - Starting Web-server for hddsDatanode at: http://0.0.0.0:0
2019-09-10 22:54:58,816 [main] INFO  server.AuthenticationFilter (AuthenticationFilter.java:constructSecretProvider(240)) - Unable to initialize FileSignerSecretProvider, falling back to use random secrets.
2019-09-10 22:54:58,816 [main] WARN  http.HttpRequestLog (HttpRequestLog.java:getRequestLog(97)) - Jetty request log can only be enabled using Log4j
2019-09-10 22:54:58,818 [main] INFO  http.HttpServer2 (HttpServer2.java:addGlobalFilter(975)) - Added global filter 'safety' (class=org.apache.hadoop.http.HttpServer2$QuotingInputFilter)
2019-09-10 22:54:58,818 [main] INFO  http.HttpServer2 (HttpServer2.java:addFilter(948)) - Added filter static_user_filter (class=org.apache.hadoop.http.lib.StaticUserWebFilter$StaticUserFilter) to context hddsDatanode
2019-09-10 22:54:58,818 [main] INFO  http.HttpServer2 (HttpServer2.java:addFilter(958)) - Added filter static_user_filter (class=org.apache.hadoop.http.lib.StaticUserWebFilter$StaticUserFilter) to context static
2019-09-10 22:54:58,819 [main] INFO  http.HttpServer2 (HttpServer2.java:addFilter(958)) - Added filter static_user_filter (class=org.apache.hadoop.http.lib.StaticUserWebFilter$StaticUserFilter) to context logs
2019-09-10 22:54:58,819 [main] INFO  http.HttpServer2 (HttpServer2.java:bindListener(1191)) - Jetty bound to port 40234
2019-09-10 22:54:58,819 [main] INFO  server.Server (Server.java:doStart(351)) - jetty-9.3.24.v20180605, build timestamp: 2018-06-05T17:11:56Z, git hash: 84205aa28f11a4f31f2a3b86d1bba2cc8ab69827
2019-09-10 22:54:58,821 [main] INFO  handler.ContextHandler (ContextHandler.java:doStart(781)) - Started o.e.j.s.ServletContextHandler@75d4a80f{/logs,file:///workdir/hadoop-ozone/integration-test/target/log,AVAILABLE}
2019-09-10 22:54:58,821 [main] INFO  handler.ContextHandler (ContextHandler.java:doStart(781)) - Started o.e.j.s.ServletContextHandler@ccf91df{/static,jar:file:/home/user/.m2/repository/org/apache/hadoop/hadoop-hdds-container-service/0.5.0-SNAPSHOT/hadoop-hdds-container-service-0.5.0-SNAPSHOT.jar!/webapps/static,AVAILABLE}
2019-09-10 22:54:58,845 [main] INFO  handler.ContextHandler (ContextHandler.java:doStart(781)) - Started o.e.j.w.WebAppContext@3c83468e{/,file:///tmp/jetty-0.0.0.0-40234-hddsDatanode-_-any-2022286328189371303.dir/webapp/,AVAILABLE}{/hddsDatanode}
2019-09-10 22:54:58,846 [main] INFO  server.AbstractConnector (AbstractConnector.java:doStart(278)) - Started ServerConnector@272ce069{HTTP/1.1,[http/1.1]}{0.0.0.0:40234}
2019-09-10 22:54:58,847 [main] INFO  server.Server (Server.java:doStart(419)) - Started @5496ms
2019-09-10 22:54:58,847 [main] WARN  impl.MetricsSystemImpl (MetricsSystemImpl.java:register(276)) - Sink prometheus already exists!
2019-09-10 22:54:58,848 [main] INFO  server.BaseHttpServer (BaseHttpServer.java:updateConnectorAddress(215)) - HTTP server of HDDSDATANODE is listening at http://0.0.0.0:40234
2019-09-10 22:54:58,848 [main] INFO  impl.MetricsSystemImpl (MetricsSystemImpl.java:init(158)) - HddsDatanode metrics system started (again)
2019-09-10 22:54:58,852 [org.apache.hadoop.util.JvmPauseMonitor$Monitor@2b8f80d2] INFO  util.JvmPauseMonitor (JvmPauseMonitor.java:run(188)) - Starting JVM pause monitor
2019-09-10 22:54:58,853 [main] INFO  ozone.HddsDatanodeService (HddsDatanodeService.java:start(184)) - HddsDatanodeService host:pr-hdds-2106-sk2jr-1188266228 ip:192.168.34.57
2019-09-10 22:54:58,855 [Datanode State Machine Thread - 0] INFO  datanode.InitDatanodeState (InitDatanodeState.java:persistContainerDatanodeDetails(140)) - DatanodeDetails is persisted to /workdir/hadoop-ozone/integration-test/target/test-dir/MiniOzoneClusterImpl-c8bd075b-66f7-4733-90c4-2d26ad6b76fb/datanode-5/meta/datanode.id
2019-09-10 22:54:58,860 [main] INFO  volume.HddsVolume (HddsVolume.java:<init>(176)) - Creating Volume: /workdir/hadoop-ozone/integration-test/target/test-dir/MiniOzoneClusterImpl-c8bd075b-66f7-4733-90c4-2d26ad6b76fb/datanode-6/data/containers/hdds of  storage type : DISK and capacity : 1482555576320
2019-09-10 22:54:58,861 [main] INFO  volume.VolumeSet (VolumeSet.java:initializeVolumeSet(170)) - Added Volume : /workdir/hadoop-ozone/integration-test/target/test-dir/MiniOzoneClusterImpl-c8bd075b-66f7-4733-90c4-2d26ad6b76fb/datanode-6/data/containers/hdds to VolumeSet
2019-09-10 22:54:58,861 [main] INFO  volume.ThrottledAsyncChecker (ThrottledAsyncChecker.java:schedule(139)) - Scheduling a check for org.apache.hadoop.ozone.container.common.volume.HddsVolume@254f906e
2019-09-10 22:54:58,861 [main] INFO  volume.HddsVolumeChecker (HddsVolumeChecker.java:checkAllVolumes(202)) - Scheduled health check for volume org.apache.hadoop.ozone.container.common.volume.HddsVolume@254f906e
2019-09-10 22:54:58,882 [main] INFO  impl.RaftServerProxy (ConfUtils.java:logGet(43)) - raft.rpc.type = GRPC (default)
2019-09-10 22:54:58,882 [main] INFO  grpc.GrpcFactory (GrpcFactory.java:checkPooledByteBufAllocatorUseCacheForAllThreads(45)) - PERFORMANCE WARNING: useCacheForAllThreads is true that may cause Netty to create a lot garbage objects and, as a result, trigger GC.
	It is recommended to disable useCacheForAllThreads by setting -Dorg.apache.ratis.thirdparty.io.netty.allocator.useCacheForAllThreads=false in command line.
2019-09-10 22:54:58,882 [main] INFO  grpc.GrpcConfigKeys$Server (ConfUtils.java:logGet(43)) - raft.grpc.server.port = 0 (default)
2019-09-10 22:54:58,883 [main] INFO  server.GrpcService (ConfUtils.java:logGet(43)) - raft.grpc.message.size.max = 33570816 (custom)
2019-09-10 22:54:58,883 [main] INFO  server.RaftServerConfigKeys (ConfUtils.java:logGet(43)) - raft.server.log.appender.buffer.byte-limit = 33554432 (custom)
2019-09-10 22:54:58,883 [main] INFO  server.GrpcService (ConfUtils.java:logGet(43)) - raft.grpc.flow.control.window = 1MB (=1048576) (default)
2019-09-10 22:54:58,883 [main] INFO  server.RaftServerConfigKeys (ConfUtils.java:logGet(43)) - raft.server.rpc.request.timeout = 3000ms (default)
2019-09-10 22:54:58,884 [main] INFO  server.RaftServerConfigKeys (ConfUtils.java:logGet(43)) - raft.server.storage.dir = [/workdir/hadoop-ozone/integration-test/target/test-dir/MiniOzoneClusterImpl-c8bd075b-66f7-4733-90c4-2d26ad6b76fb/datanode-6/data/ratis] (custom)
2019-09-10 22:54:58,885 [main] INFO  hdfs.DFSUtil (DFSUtil.java:httpServerTemplateForNNAndJN(1641)) - Starting Web-server for hddsDatanode at: http://0.0.0.0:0
2019-09-10 22:54:58,886 [main] INFO  server.AuthenticationFilter (AuthenticationFilter.java:constructSecretProvider(240)) - Unable to initialize FileSignerSecretProvider, falling back to use random secrets.
2019-09-10 22:54:58,887 [main] WARN  http.HttpRequestLog (HttpRequestLog.java:getRequestLog(97)) - Jetty request log can only be enabled using Log4j
2019-09-10 22:54:58,888 [main] INFO  http.HttpServer2 (HttpServer2.java:addGlobalFilter(975)) - Added global filter 'safety' (class=org.apache.hadoop.http.HttpServer2$QuotingInputFilter)
2019-09-10 22:54:58,889 [main] INFO  http.HttpServer2 (HttpServer2.java:addFilter(948)) - Added filter static_user_filter (class=org.apache.hadoop.http.lib.StaticUserWebFilter$StaticUserFilter) to context hddsDatanode
2019-09-10 22:54:58,889 [main] INFO  http.HttpServer2 (HttpServer2.java:addFilter(958)) - Added filter static_user_filter (class=org.apache.hadoop.http.lib.StaticUserWebFilter$StaticUserFilter) to context static
2019-09-10 22:54:58,889 [main] INFO  http.HttpServer2 (HttpServer2.java:addFilter(958)) - Added filter static_user_filter (class=org.apache.hadoop.http.lib.StaticUserWebFilter$StaticUserFilter) to context logs
2019-09-10 22:54:58,890 [main] INFO  http.HttpServer2 (HttpServer2.java:bindListener(1191)) - Jetty bound to port 41992
2019-09-10 22:54:58,890 [main] INFO  server.Server (Server.java:doStart(351)) - jetty-9.3.24.v20180605, build timestamp: 2018-06-05T17:11:56Z, git hash: 84205aa28f11a4f31f2a3b86d1bba2cc8ab69827
2019-09-10 22:54:58,892 [main] INFO  handler.ContextHandler (ContextHandler.java:doStart(781)) - Started o.e.j.s.ServletContextHandler@67514bdd{/logs,file:///workdir/hadoop-ozone/integration-test/target/log,AVAILABLE}
2019-09-10 22:54:58,892 [main] INFO  handler.ContextHandler (ContextHandler.java:doStart(781)) - Started o.e.j.s.ServletContextHandler@7f5538a1{/static,jar:file:/home/user/.m2/repository/org/apache/hadoop/hadoop-hdds-container-service/0.5.0-SNAPSHOT/hadoop-hdds-container-service-0.5.0-SNAPSHOT.jar!/webapps/static,AVAILABLE}
2019-09-10 22:54:58,916 [main] INFO  handler.ContextHandler (ContextHandler.java:doStart(781)) - Started o.e.j.w.WebAppContext@3e3315d9{/,file:///tmp/jetty-0.0.0.0-41992-hddsDatanode-_-any-8113071076814166042.dir/webapp/,AVAILABLE}{/hddsDatanode}
2019-09-10 22:54:58,916 [main] INFO  server.AbstractConnector (AbstractConnector.java:doStart(278)) - Started ServerConnector@64db4967{HTTP/1.1,[http/1.1]}{0.0.0.0:41992}
2019-09-10 22:54:58,917 [main] INFO  server.Server (Server.java:doStart(419)) - Started @5567ms
2019-09-10 22:54:58,918 [main] WARN  impl.MetricsSystemImpl (MetricsSystemImpl.java:register(276)) - Sink prometheus already exists!
2019-09-10 22:54:58,918 [main] INFO  server.BaseHttpServer (BaseHttpServer.java:updateConnectorAddress(215)) - HTTP server of HDDSDATANODE is listening at http://0.0.0.0:41992
2019-09-10 22:54:58,919 [main] INFO  impl.MetricsSystemImpl (MetricsSystemImpl.java:init(158)) - HddsDatanode metrics system started (again)
2019-09-10 22:54:58,922 [main] INFO  ozone.HddsDatanodeService (HddsDatanodeService.java:start(184)) - HddsDatanodeService host:pr-hdds-2106-sk2jr-1188266228 ip:192.168.34.57
2019-09-10 22:54:58,923 [org.apache.hadoop.util.JvmPauseMonitor$Monitor@5e1b2e06] INFO  util.JvmPauseMonitor (JvmPauseMonitor.java:run(188)) - Starting JVM pause monitor
2019-09-10 22:54:58,927 [Datanode State Machine Thread - 0] INFO  datanode.InitDatanodeState (InitDatanodeState.java:persistContainerDatanodeDetails(140)) - DatanodeDetails is persisted to /workdir/hadoop-ozone/integration-test/target/test-dir/MiniOzoneClusterImpl-c8bd075b-66f7-4733-90c4-2d26ad6b76fb/datanode-6/meta/datanode.id
2019-09-10 22:54:58,943 [main] INFO  volume.HddsVolume (HddsVolume.java:<init>(176)) - Creating Volume: /workdir/hadoop-ozone/integration-test/target/test-dir/MiniOzoneClusterImpl-c8bd075b-66f7-4733-90c4-2d26ad6b76fb/datanode-7/data/containers/hdds of  storage type : DISK and capacity : 1482555576320
2019-09-10 22:54:58,944 [main] INFO  volume.VolumeSet (VolumeSet.java:initializeVolumeSet(170)) - Added Volume : /workdir/hadoop-ozone/integration-test/target/test-dir/MiniOzoneClusterImpl-c8bd075b-66f7-4733-90c4-2d26ad6b76fb/datanode-7/data/containers/hdds to VolumeSet
2019-09-10 22:54:58,944 [main] INFO  volume.ThrottledAsyncChecker (ThrottledAsyncChecker.java:schedule(139)) - Scheduling a check for org.apache.hadoop.ozone.container.common.volume.HddsVolume@43f1bb92
2019-09-10 22:54:58,945 [main] INFO  volume.HddsVolumeChecker (HddsVolumeChecker.java:checkAllVolumes(202)) - Scheduled health check for volume org.apache.hadoop.ozone.container.common.volume.HddsVolume@43f1bb92
2019-09-10 22:54:58,963 [main] INFO  impl.RaftServerProxy (ConfUtils.java:logGet(43)) - raft.rpc.type = GRPC (default)
2019-09-10 22:54:58,964 [main] INFO  grpc.GrpcFactory (GrpcFactory.java:checkPooledByteBufAllocatorUseCacheForAllThreads(45)) - PERFORMANCE WARNING: useCacheForAllThreads is true that may cause Netty to create a lot garbage objects and, as a result, trigger GC.
	It is recommended to disable useCacheForAllThreads by setting -Dorg.apache.ratis.thirdparty.io.netty.allocator.useCacheForAllThreads=false in command line.
2019-09-10 22:54:58,964 [main] INFO  grpc.GrpcConfigKeys$Server (ConfUtils.java:logGet(43)) - raft.grpc.server.port = 0 (default)
2019-09-10 22:54:58,964 [main] INFO  server.GrpcService (ConfUtils.java:logGet(43)) - raft.grpc.message.size.max = 33570816 (custom)
2019-09-10 22:54:58,965 [main] INFO  server.RaftServerConfigKeys (ConfUtils.java:logGet(43)) - raft.server.log.appender.buffer.byte-limit = 33554432 (custom)
2019-09-10 22:54:58,965 [main] INFO  server.GrpcService (ConfUtils.java:logGet(43)) - raft.grpc.flow.control.window = 1MB (=1048576) (default)
2019-09-10 22:54:58,965 [main] INFO  server.RaftServerConfigKeys (ConfUtils.java:logGet(43)) - raft.server.rpc.request.timeout = 3000ms (default)
2019-09-10 22:54:58,966 [main] INFO  server.RaftServerConfigKeys (ConfUtils.java:logGet(43)) - raft.server.storage.dir = [/workdir/hadoop-ozone/integration-test/target/test-dir/MiniOzoneClusterImpl-c8bd075b-66f7-4733-90c4-2d26ad6b76fb/datanode-7/data/ratis] (custom)
2019-09-10 22:54:58,968 [main] INFO  hdfs.DFSUtil (DFSUtil.java:httpServerTemplateForNNAndJN(1641)) - Starting Web-server for hddsDatanode at: http://0.0.0.0:0
2019-09-10 22:54:58,969 [main] INFO  server.AuthenticationFilter (AuthenticationFilter.java:constructSecretProvider(240)) - Unable to initialize FileSignerSecretProvider, falling back to use random secrets.
2019-09-10 22:54:58,970 [main] WARN  http.HttpRequestLog (HttpRequestLog.java:getRequestLog(97)) - Jetty request log can only be enabled using Log4j
2019-09-10 22:54:58,972 [main] INFO  http.HttpServer2 (HttpServer2.java:addGlobalFilter(975)) - Added global filter 'safety' (class=org.apache.hadoop.http.HttpServer2$QuotingInputFilter)
2019-09-10 22:54:58,973 [main] INFO  http.HttpServer2 (HttpServer2.java:addFilter(948)) - Added filter static_user_filter (class=org.apache.hadoop.http.lib.StaticUserWebFilter$StaticUserFilter) to context hddsDatanode
2019-09-10 22:54:58,973 [main] INFO  http.HttpServer2 (HttpServer2.java:addFilter(958)) - Added filter static_user_filter (class=org.apache.hadoop.http.lib.StaticUserWebFilter$StaticUserFilter) to context logs
2019-09-10 22:54:58,973 [main] INFO  http.HttpServer2 (HttpServer2.java:addFilter(958)) - Added filter static_user_filter (class=org.apache.hadoop.http.lib.StaticUserWebFilter$StaticUserFilter) to context static
2019-09-10 22:54:58,974 [main] INFO  http.HttpServer2 (HttpServer2.java:bindListener(1191)) - Jetty bound to port 40931
2019-09-10 22:54:58,974 [main] INFO  server.Server (Server.java:doStart(351)) - jetty-9.3.24.v20180605, build timestamp: 2018-06-05T17:11:56Z, git hash: 84205aa28f11a4f31f2a3b86d1bba2cc8ab69827
2019-09-10 22:54:58,976 [main] INFO  handler.ContextHandler (ContextHandler.java:doStart(781)) - Started o.e.j.s.ServletContextHandler@b9a77c8{/logs,file:///workdir/hadoop-ozone/integration-test/target/log,AVAILABLE}
2019-09-10 22:54:58,977 [main] INFO  handler.ContextHandler (ContextHandler.java:doStart(781)) - Started o.e.j.s.ServletContextHandler@6cd3ad8a{/static,jar:file:/home/user/.m2/repository/org/apache/hadoop/hadoop-hdds-container-service/0.5.0-SNAPSHOT/hadoop-hdds-container-service-0.5.0-SNAPSHOT.jar!/webapps/static,AVAILABLE}
2019-09-10 22:54:59,013 [main] INFO  handler.ContextHandler (ContextHandler.java:doStart(781)) - Started o.e.j.w.WebAppContext@663bb8ef{/,file:///tmp/jetty-0.0.0.0-40931-hddsDatanode-_-any-6031513255430841958.dir/webapp/,AVAILABLE}{/hddsDatanode}
2019-09-10 22:54:59,014 [main] INFO  server.AbstractConnector (AbstractConnector.java:doStart(278)) - Started ServerConnector@2f4e40d7{HTTP/1.1,[http/1.1]}{0.0.0.0:40931}
2019-09-10 22:54:59,015 [main] INFO  server.Server (Server.java:doStart(419)) - Started @5665ms
2019-09-10 22:54:59,016 [main] WARN  impl.MetricsSystemImpl (MetricsSystemImpl.java:register(276)) - Sink prometheus already exists!
2019-09-10 22:54:59,016 [main] INFO  server.BaseHttpServer (BaseHttpServer.java:updateConnectorAddress(215)) - HTTP server of HDDSDATANODE is listening at http://0.0.0.0:40931
2019-09-10 22:54:59,017 [main] INFO  impl.MetricsSystemImpl (MetricsSystemImpl.java:init(158)) - HddsDatanode metrics system started (again)
2019-09-10 22:54:59,022 [org.apache.hadoop.util.JvmPauseMonitor$Monitor@770f4907] INFO  util.JvmPauseMonitor (JvmPauseMonitor.java:run(188)) - Starting JVM pause monitor
2019-09-10 22:54:59,024 [main] INFO  ozone.HddsDatanodeService (HddsDatanodeService.java:start(184)) - HddsDatanodeService host:pr-hdds-2106-sk2jr-1188266228 ip:192.168.34.57
2019-09-10 22:54:59,025 [Datanode State Machine Thread - 0] INFO  datanode.InitDatanodeState (InitDatanodeState.java:persistContainerDatanodeDetails(140)) - DatanodeDetails is persisted to /workdir/hadoop-ozone/integration-test/target/test-dir/MiniOzoneClusterImpl-c8bd075b-66f7-4733-90c4-2d26ad6b76fb/datanode-7/meta/datanode.id
2019-09-10 22:54:59,034 [main] INFO  volume.HddsVolume (HddsVolume.java:<init>(176)) - Creating Volume: /workdir/hadoop-ozone/integration-test/target/test-dir/MiniOzoneClusterImpl-c8bd075b-66f7-4733-90c4-2d26ad6b76fb/datanode-8/data/containers/hdds of  storage type : DISK and capacity : 1482555576320
2019-09-10 22:54:59,034 [main] INFO  volume.VolumeSet (VolumeSet.java:initializeVolumeSet(170)) - Added Volume : /workdir/hadoop-ozone/integration-test/target/test-dir/MiniOzoneClusterImpl-c8bd075b-66f7-4733-90c4-2d26ad6b76fb/datanode-8/data/containers/hdds to VolumeSet
2019-09-10 22:54:59,035 [main] INFO  volume.ThrottledAsyncChecker (ThrottledAsyncChecker.java:schedule(139)) - Scheduling a check for org.apache.hadoop.ozone.container.common.volume.HddsVolume@1947596f
2019-09-10 22:54:59,035 [main] INFO  volume.HddsVolumeChecker (HddsVolumeChecker.java:checkAllVolumes(202)) - Scheduled health check for volume org.apache.hadoop.ozone.container.common.volume.HddsVolume@1947596f
2019-09-10 22:54:59,054 [main] INFO  impl.RaftServerProxy (ConfUtils.java:logGet(43)) - raft.rpc.type = GRPC (default)
2019-09-10 22:54:59,054 [main] INFO  grpc.GrpcFactory (GrpcFactory.java:checkPooledByteBufAllocatorUseCacheForAllThreads(45)) - PERFORMANCE WARNING: useCacheForAllThreads is true that may cause Netty to create a lot garbage objects and, as a result, trigger GC.
	It is recommended to disable useCacheForAllThreads by setting -Dorg.apache.ratis.thirdparty.io.netty.allocator.useCacheForAllThreads=false in command line.
2019-09-10 22:54:59,054 [main] INFO  grpc.GrpcConfigKeys$Server (ConfUtils.java:logGet(43)) - raft.grpc.server.port = 0 (default)
2019-09-10 22:54:59,055 [main] INFO  server.GrpcService (ConfUtils.java:logGet(43)) - raft.grpc.message.size.max = 33570816 (custom)
2019-09-10 22:54:59,055 [main] INFO  server.RaftServerConfigKeys (ConfUtils.java:logGet(43)) - raft.server.log.appender.buffer.byte-limit = 33554432 (custom)
2019-09-10 22:54:59,055 [main] INFO  server.GrpcService (ConfUtils.java:logGet(43)) - raft.grpc.flow.control.window = 1MB (=1048576) (default)
2019-09-10 22:54:59,056 [main] INFO  server.RaftServerConfigKeys (ConfUtils.java:logGet(43)) - raft.server.rpc.request.timeout = 3000ms (default)
2019-09-10 22:54:59,056 [main] INFO  server.RaftServerConfigKeys (ConfUtils.java:logGet(43)) - raft.server.storage.dir = [/workdir/hadoop-ozone/integration-test/target/test-dir/MiniOzoneClusterImpl-c8bd075b-66f7-4733-90c4-2d26ad6b76fb/datanode-8/data/ratis] (custom)
2019-09-10 22:54:59,058 [main] INFO  hdfs.DFSUtil (DFSUtil.java:httpServerTemplateForNNAndJN(1641)) - Starting Web-server for hddsDatanode at: http://0.0.0.0:0
2019-09-10 22:54:59,059 [main] INFO  server.AuthenticationFilter (AuthenticationFilter.java:constructSecretProvider(240)) - Unable to initialize FileSignerSecretProvider, falling back to use random secrets.
2019-09-10 22:54:59,060 [main] WARN  http.HttpRequestLog (HttpRequestLog.java:getRequestLog(97)) - Jetty request log can only be enabled using Log4j
2019-09-10 22:54:59,062 [main] INFO  http.HttpServer2 (HttpServer2.java:addGlobalFilter(975)) - Added global filter 'safety' (class=org.apache.hadoop.http.HttpServer2$QuotingInputFilter)
2019-09-10 22:54:59,062 [main] INFO  http.HttpServer2 (HttpServer2.java:addFilter(948)) - Added filter static_user_filter (class=org.apache.hadoop.http.lib.StaticUserWebFilter$StaticUserFilter) to context hddsDatanode
2019-09-10 22:54:59,063 [main] INFO  http.HttpServer2 (HttpServer2.java:addFilter(958)) - Added filter static_user_filter (class=org.apache.hadoop.http.lib.StaticUserWebFilter$StaticUserFilter) to context logs
2019-09-10 22:54:59,063 [main] INFO  http.HttpServer2 (HttpServer2.java:addFilter(958)) - Added filter static_user_filter (class=org.apache.hadoop.http.lib.StaticUserWebFilter$StaticUserFilter) to context static
2019-09-10 22:54:59,064 [main] INFO  http.HttpServer2 (HttpServer2.java:bindListener(1191)) - Jetty bound to port 40872
2019-09-10 22:54:59,064 [main] INFO  server.Server (Server.java:doStart(351)) - jetty-9.3.24.v20180605, build timestamp: 2018-06-05T17:11:56Z, git hash: 84205aa28f11a4f31f2a3b86d1bba2cc8ab69827
2019-09-10 22:54:59,066 [main] INFO  handler.ContextHandler (ContextHandler.java:doStart(781)) - Started o.e.j.s.ServletContextHandler@30ca0779{/logs,file:///workdir/hadoop-ozone/integration-test/target/log,AVAILABLE}
2019-09-10 22:54:59,066 [main] INFO  handler.ContextHandler (ContextHandler.java:doStart(781)) - Started o.e.j.s.ServletContextHandler@47be0f9b{/static,jar:file:/home/user/.m2/repository/org/apache/hadoop/hadoop-hdds-container-service/0.5.0-SNAPSHOT/hadoop-hdds-container-service-0.5.0-SNAPSHOT.jar!/webapps/static,AVAILABLE}
2019-09-10 22:54:59,102 [main] INFO  handler.ContextHandler (ContextHandler.java:doStart(781)) - Started o.e.j.w.WebAppContext@33063f5b{/,file:///tmp/jetty-0.0.0.0-40872-hddsDatanode-_-any-5604458695053257012.dir/webapp/,AVAILABLE}{/hddsDatanode}
2019-09-10 22:54:59,103 [main] INFO  server.AbstractConnector (AbstractConnector.java:doStart(278)) - Started ServerConnector@15405bd6{HTTP/1.1,[http/1.1]}{0.0.0.0:40872}
2019-09-10 22:54:59,104 [main] INFO  server.Server (Server.java:doStart(419)) - Started @5754ms
2019-09-10 22:54:59,104 [main] WARN  impl.MetricsSystemImpl (MetricsSystemImpl.java:register(276)) - Sink prometheus already exists!
2019-09-10 22:54:59,105 [main] INFO  server.BaseHttpServer (BaseHttpServer.java:updateConnectorAddress(215)) - HTTP server of HDDSDATANODE is listening at http://0.0.0.0:40872
2019-09-10 22:54:59,106 [main] INFO  impl.MetricsSystemImpl (MetricsSystemImpl.java:init(158)) - HddsDatanode metrics system started (again)
2019-09-10 22:54:59,110 [org.apache.hadoop.util.JvmPauseMonitor$Monitor@7652f443] INFO  util.JvmPauseMonitor (JvmPauseMonitor.java:run(188)) - Starting JVM pause monitor
2019-09-10 22:54:59,111 [main] INFO  ozone.HddsDatanodeService (HddsDatanodeService.java:start(184)) - HddsDatanodeService host:pr-hdds-2106-sk2jr-1188266228 ip:192.168.34.57
2019-09-10 22:54:59,113 [Datanode State Machine Thread - 0] INFO  datanode.InitDatanodeState (InitDatanodeState.java:persistContainerDatanodeDetails(140)) - DatanodeDetails is persisted to /workdir/hadoop-ozone/integration-test/target/test-dir/MiniOzoneClusterImpl-c8bd075b-66f7-4733-90c4-2d26ad6b76fb/datanode-8/meta/datanode.id
2019-09-10 22:54:59,119 [main] INFO  volume.HddsVolume (HddsVolume.java:<init>(176)) - Creating Volume: /workdir/hadoop-ozone/integration-test/target/test-dir/MiniOzoneClusterImpl-c8bd075b-66f7-4733-90c4-2d26ad6b76fb/datanode-9/data/containers/hdds of  storage type : DISK and capacity : 1482555576320
2019-09-10 22:54:59,119 [main] INFO  volume.VolumeSet (VolumeSet.java:initializeVolumeSet(170)) - Added Volume : /workdir/hadoop-ozone/integration-test/target/test-dir/MiniOzoneClusterImpl-c8bd075b-66f7-4733-90c4-2d26ad6b76fb/datanode-9/data/containers/hdds to VolumeSet
2019-09-10 22:54:59,120 [main] INFO  volume.ThrottledAsyncChecker (ThrottledAsyncChecker.java:schedule(139)) - Scheduling a check for org.apache.hadoop.ozone.container.common.volume.HddsVolume@765ffb14
2019-09-10 22:54:59,120 [main] INFO  volume.HddsVolumeChecker (HddsVolumeChecker.java:checkAllVolumes(202)) - Scheduled health check for volume org.apache.hadoop.ozone.container.common.volume.HddsVolume@765ffb14
2019-09-10 22:54:59,135 [main] INFO  impl.RaftServerProxy (ConfUtils.java:logGet(43)) - raft.rpc.type = GRPC (default)
2019-09-10 22:54:59,135 [main] INFO  grpc.GrpcFactory (GrpcFactory.java:checkPooledByteBufAllocatorUseCacheForAllThreads(45)) - PERFORMANCE WARNING: useCacheForAllThreads is true that may cause Netty to create a lot garbage objects and, as a result, trigger GC.
	It is recommended to disable useCacheForAllThreads by setting -Dorg.apache.ratis.thirdparty.io.netty.allocator.useCacheForAllThreads=false in command line.
2019-09-10 22:54:59,136 [main] INFO  grpc.GrpcConfigKeys$Server (ConfUtils.java:logGet(43)) - raft.grpc.server.port = 0 (default)
2019-09-10 22:54:59,136 [main] INFO  server.GrpcService (ConfUtils.java:logGet(43)) - raft.grpc.message.size.max = 33570816 (custom)
2019-09-10 22:54:59,136 [main] INFO  server.RaftServerConfigKeys (ConfUtils.java:logGet(43)) - raft.server.log.appender.buffer.byte-limit = 33554432 (custom)
2019-09-10 22:54:59,136 [main] INFO  server.GrpcService (ConfUtils.java:logGet(43)) - raft.grpc.flow.control.window = 1MB (=1048576) (default)
2019-09-10 22:54:59,136 [main] INFO  server.RaftServerConfigKeys (ConfUtils.java:logGet(43)) - raft.server.rpc.request.timeout = 3000ms (default)
2019-09-10 22:54:59,137 [main] INFO  server.RaftServerConfigKeys (ConfUtils.java:logGet(43)) - raft.server.storage.dir = [/workdir/hadoop-ozone/integration-test/target/test-dir/MiniOzoneClusterImpl-c8bd075b-66f7-4733-90c4-2d26ad6b76fb/datanode-9/data/ratis] (custom)
2019-09-10 22:54:59,139 [main] INFO  hdfs.DFSUtil (DFSUtil.java:httpServerTemplateForNNAndJN(1641)) - Starting Web-server for hddsDatanode at: http://0.0.0.0:0
2019-09-10 22:54:59,140 [main] INFO  server.AuthenticationFilter (AuthenticationFilter.java:constructSecretProvider(240)) - Unable to initialize FileSignerSecretProvider, falling back to use random secrets.
2019-09-10 22:54:59,140 [main] WARN  http.HttpRequestLog (HttpRequestLog.java:getRequestLog(97)) - Jetty request log can only be enabled using Log4j
2019-09-10 22:54:59,142 [main] INFO  http.HttpServer2 (HttpServer2.java:addGlobalFilter(975)) - Added global filter 'safety' (class=org.apache.hadoop.http.HttpServer2$QuotingInputFilter)
2019-09-10 22:54:59,143 [main] INFO  http.HttpServer2 (HttpServer2.java:addFilter(948)) - Added filter static_user_filter (class=org.apache.hadoop.http.lib.StaticUserWebFilter$StaticUserFilter) to context hddsDatanode
2019-09-10 22:54:59,143 [main] INFO  http.HttpServer2 (HttpServer2.java:addFilter(958)) - Added filter static_user_filter (class=org.apache.hadoop.http.lib.StaticUserWebFilter$StaticUserFilter) to context logs
2019-09-10 22:54:59,143 [main] INFO  http.HttpServer2 (HttpServer2.java:addFilter(958)) - Added filter static_user_filter (class=org.apache.hadoop.http.lib.StaticUserWebFilter$StaticUserFilter) to context static
2019-09-10 22:54:59,144 [main] INFO  http.HttpServer2 (HttpServer2.java:bindListener(1191)) - Jetty bound to port 32982
2019-09-10 22:54:59,144 [main] INFO  server.Server (Server.java:doStart(351)) - jetty-9.3.24.v20180605, build timestamp: 2018-06-05T17:11:56Z, git hash: 84205aa28f11a4f31f2a3b86d1bba2cc8ab69827
2019-09-10 22:54:59,146 [main] INFO  handler.ContextHandler (ContextHandler.java:doStart(781)) - Started o.e.j.s.ServletContextHandler@5578be42{/logs,file:///workdir/hadoop-ozone/integration-test/target/log,AVAILABLE}
2019-09-10 22:54:59,146 [main] INFO  handler.ContextHandler (ContextHandler.java:doStart(781)) - Started o.e.j.s.ServletContextHandler@136965e3{/static,jar:file:/home/user/.m2/repository/org/apache/hadoop/hadoop-hdds-container-service/0.5.0-SNAPSHOT/hadoop-hdds-container-service-0.5.0-SNAPSHOT.jar!/webapps/static,AVAILABLE}
2019-09-10 22:54:59,175 [main] INFO  handler.ContextHandler (ContextHandler.java:doStart(781)) - Started o.e.j.w.WebAppContext@26bbe604{/,file:///tmp/jetty-0.0.0.0-32982-hddsDatanode-_-any-4136740011103221769.dir/webapp/,AVAILABLE}{/hddsDatanode}
2019-09-10 22:54:59,175 [main] INFO  server.AbstractConnector (AbstractConnector.java:doStart(278)) - Started ServerConnector@fe34b86{HTTP/1.1,[http/1.1]}{0.0.0.0:32982}
2019-09-10 22:54:59,177 [main] INFO  server.Server (Server.java:doStart(419)) - Started @5826ms
2019-09-10 22:54:59,177 [main] WARN  impl.MetricsSystemImpl (MetricsSystemImpl.java:register(276)) - Sink prometheus already exists!
2019-09-10 22:54:59,178 [main] INFO  server.BaseHttpServer (BaseHttpServer.java:updateConnectorAddress(215)) - HTTP server of HDDSDATANODE is listening at http://0.0.0.0:32982
2019-09-10 22:54:59,183 [main] INFO  ozone.MiniOzoneClusterImpl (MiniOzoneClusterImpl.java:lambda$waitForClusterToBeReady$0(140)) - Waiting for cluster to be ready. Got 0 of 10 DN Heartbeats.
2019-09-10 22:54:59,184 [org.apache.hadoop.util.JvmPauseMonitor$Monitor@18ea6591] INFO  util.JvmPauseMonitor (JvmPauseMonitor.java:run(188)) - Starting JVM pause monitor
2019-09-10 22:54:59,188 [Datanode State Machine Thread - 0] INFO  datanode.InitDatanodeState (InitDatanodeState.java:persistContainerDatanodeDetails(140)) - DatanodeDetails is persisted to /workdir/hadoop-ozone/integration-test/target/test-dir/MiniOzoneClusterImpl-c8bd075b-66f7-4733-90c4-2d26ad6b76fb/datanode-9/meta/datanode.id
2019-09-10 22:55:00,184 [main] INFO  ozone.MiniOzoneClusterImpl (MiniOzoneClusterImpl.java:lambda$waitForClusterToBeReady$0(140)) - Waiting for cluster to be ready. Got 0 of 10 DN Heartbeats.
2019-09-10 22:55:00,530 [Datanode State Machine Thread - 0] INFO  ozoneimpl.OzoneContainer (OzoneContainer.java:start(217)) - Attempting to start container services.
2019-09-10 22:55:00,532 [Datanode State Machine Thread - 0] INFO  ozoneimpl.OzoneContainer (OzoneContainer.java:startContainerScrub(179)) - Background container scanner has been disabled.
2019-09-10 22:55:00,532 [Datanode State Machine Thread - 0] INFO  ratis.XceiverServerRatis (XceiverServerRatis.java:start(404)) - Starting XceiverServerRatis c564eaa4-7051-4a7d-897f-7be2f6aee35d at port 0
2019-09-10 22:55:00,532 [Datanode State Machine Thread - 0] INFO  ozoneimpl.OzoneContainer (OzoneContainer.java:start(217)) - Attempting to start container services.
2019-09-10 22:55:00,539 [Datanode State Machine Thread - 0] INFO  ozoneimpl.OzoneContainer (OzoneContainer.java:startContainerScrub(179)) - Background container scanner has been disabled.
2019-09-10 22:55:00,540 [Datanode State Machine Thread - 0] INFO  ratis.XceiverServerRatis (XceiverServerRatis.java:start(404)) - Starting XceiverServerRatis aaf3f7d3-af27-4405-89a7-731c9150da26 at port 0
2019-09-10 22:55:00,569 [Datanode State Machine Thread - 0] INFO  impl.RaftServerProxy (RaftServerProxy.java:lambda$start$3(299)) - aaf3f7d3-af27-4405-89a7-731c9150da26: start RPC server
2019-09-10 22:55:00,569 [Datanode State Machine Thread - 0] INFO  impl.RaftServerProxy (RaftServerProxy.java:lambda$start$3(299)) - c564eaa4-7051-4a7d-897f-7be2f6aee35d: start RPC server
2019-09-10 22:55:00,626 [Datanode State Machine Thread - 0] INFO  ozoneimpl.OzoneContainer (OzoneContainer.java:start(217)) - Attempting to start container services.
2019-09-10 22:55:00,627 [Datanode State Machine Thread - 0] INFO  ozoneimpl.OzoneContainer (OzoneContainer.java:startContainerScrub(179)) - Background container scanner has been disabled.
2019-09-10 22:55:00,627 [Datanode State Machine Thread - 0] INFO  ratis.XceiverServerRatis (XceiverServerRatis.java:start(404)) - Starting XceiverServerRatis 61a249ca-8039-4b42-99f2-11fda8dbfc88 at port 0
2019-09-10 22:55:00,635 [Datanode State Machine Thread - 0] INFO  impl.RaftServerProxy (RaftServerProxy.java:lambda$start$3(299)) - 61a249ca-8039-4b42-99f2-11fda8dbfc88: start RPC server
2019-09-10 22:55:00,729 [Datanode State Machine Thread - 0] INFO  ozoneimpl.OzoneContainer (OzoneContainer.java:start(217)) - Attempting to start container services.
2019-09-10 22:55:00,730 [Datanode State Machine Thread - 0] INFO  ozoneimpl.OzoneContainer (OzoneContainer.java:startContainerScrub(179)) - Background container scanner has been disabled.
2019-09-10 22:55:00,730 [Datanode State Machine Thread - 0] INFO  ratis.XceiverServerRatis (XceiverServerRatis.java:start(404)) - Starting XceiverServerRatis cd8a5650-cbc3-492b-920c-c46f29e91709 at port 0
2019-09-10 22:55:00,742 [Datanode State Machine Thread - 0] INFO  impl.RaftServerProxy (RaftServerProxy.java:lambda$start$3(299)) - cd8a5650-cbc3-492b-920c-c46f29e91709: start RPC server
2019-09-10 22:55:00,771 [Datanode State Machine Thread - 0] INFO  server.GrpcService (GrpcService.java:startImpl(158)) - c564eaa4-7051-4a7d-897f-7be2f6aee35d: GrpcService started, listening on 0.0.0.0/0.0.0.0:35085
2019-09-10 22:55:00,771 [Datanode State Machine Thread - 0] INFO  server.GrpcService (GrpcService.java:startImpl(158)) - 61a249ca-8039-4b42-99f2-11fda8dbfc88: GrpcService started, listening on 0.0.0.0/0.0.0.0:42650
2019-09-10 22:55:00,771 [Datanode State Machine Thread - 0] INFO  server.GrpcService (GrpcService.java:startImpl(158)) - aaf3f7d3-af27-4405-89a7-731c9150da26: GrpcService started, listening on 0.0.0.0/0.0.0.0:35719
2019-09-10 22:55:00,771 [Datanode State Machine Thread - 0] INFO  server.GrpcService (GrpcService.java:startImpl(158)) - cd8a5650-cbc3-492b-920c-c46f29e91709: GrpcService started, listening on 0.0.0.0/0.0.0.0:39597
2019-09-10 22:55:00,774 [Datanode State Machine Thread - 0] INFO  ratis.XceiverServerRatis (XceiverServerRatis.java:start(414)) - XceiverServerRatis aaf3f7d3-af27-4405-89a7-731c9150da26 is started using port 35719
2019-09-10 22:55:00,774 [Datanode State Machine Thread - 0] INFO  ratis.XceiverServerRatis (XceiverServerRatis.java:start(414)) - XceiverServerRatis 61a249ca-8039-4b42-99f2-11fda8dbfc88 is started using port 42650
2019-09-10 22:55:00,774 [Datanode State Machine Thread - 0] INFO  ratis.XceiverServerRatis (XceiverServerRatis.java:start(414)) - XceiverServerRatis c564eaa4-7051-4a7d-897f-7be2f6aee35d is started using port 35085
2019-09-10 22:55:00,774 [Datanode State Machine Thread - 0] INFO  ratis.XceiverServerRatis (XceiverServerRatis.java:start(414)) - XceiverServerRatis cd8a5650-cbc3-492b-920c-c46f29e91709 is started using port 39597
2019-09-10 22:55:00,786 [Datanode State Machine Thread - 0] INFO  server.XceiverServerGrpc (XceiverServerGrpc.java:start(163)) - XceiverServerGrpc c564eaa4-7051-4a7d-897f-7be2f6aee35d is started using port 46078
2019-09-10 22:55:00,787 [Datanode State Machine Thread - 0] INFO  server.XceiverServerGrpc (XceiverServerGrpc.java:start(163)) - XceiverServerGrpc aaf3f7d3-af27-4405-89a7-731c9150da26 is started using port 40391
2019-09-10 22:55:00,786 [Datanode State Machine Thread - 0] INFO  server.XceiverServerGrpc (XceiverServerGrpc.java:start(163)) - XceiverServerGrpc cd8a5650-cbc3-492b-920c-c46f29e91709 is started using port 39969
2019-09-10 22:55:00,786 [Datanode State Machine Thread - 0] INFO  server.XceiverServerGrpc (XceiverServerGrpc.java:start(163)) - XceiverServerGrpc 61a249ca-8039-4b42-99f2-11fda8dbfc88 is started using port 34669
2019-09-10 22:55:00,803 [Datanode State Machine Thread - 0] INFO  ozoneimpl.OzoneContainer (OzoneContainer.java:start(217)) - Attempting to start container services.
2019-09-10 22:55:00,803 [Datanode State Machine Thread - 0] INFO  ozoneimpl.OzoneContainer (OzoneContainer.java:startContainerScrub(179)) - Background container scanner has been disabled.
2019-09-10 22:55:00,803 [Datanode State Machine Thread - 0] INFO  ratis.XceiverServerRatis (XceiverServerRatis.java:start(404)) - Starting XceiverServerRatis 06814ee9-24b9-4aa5-b290-a3e9e2a386ef at port 0
2019-09-10 22:55:00,811 [Datanode State Machine Thread - 0] INFO  impl.RaftServerProxy (RaftServerProxy.java:lambda$start$3(299)) - 06814ee9-24b9-4aa5-b290-a3e9e2a386ef: start RPC server
2019-09-10 22:55:00,818 [Datanode State Machine Thread - 0] INFO  server.GrpcService (GrpcService.java:startImpl(158)) - 06814ee9-24b9-4aa5-b290-a3e9e2a386ef: GrpcService started, listening on 0.0.0.0/0.0.0.0:44097
2019-09-10 22:55:00,818 [Datanode State Machine Thread - 0] INFO  ratis.XceiverServerRatis (XceiverServerRatis.java:start(414)) - XceiverServerRatis 06814ee9-24b9-4aa5-b290-a3e9e2a386ef is started using port 44097
2019-09-10 22:55:00,821 [Datanode State Machine Thread - 0] INFO  server.XceiverServerGrpc (XceiverServerGrpc.java:start(163)) - XceiverServerGrpc 06814ee9-24b9-4aa5-b290-a3e9e2a386ef is started using port 43010
2019-09-10 22:55:00,868 [Datanode State Machine Thread - 0] INFO  ozoneimpl.OzoneContainer (OzoneContainer.java:start(217)) - Attempting to start container services.
2019-09-10 22:55:00,869 [Datanode State Machine Thread - 0] INFO  ozoneimpl.OzoneContainer (OzoneContainer.java:startContainerScrub(179)) - Background container scanner has been disabled.
2019-09-10 22:55:00,869 [Datanode State Machine Thread - 0] INFO  ratis.XceiverServerRatis (XceiverServerRatis.java:start(404)) - Starting XceiverServerRatis 72e5a279-ca12-4c9e-91de-7e916f85cc8c at port 0
2019-09-10 22:55:00,877 [Datanode State Machine Thread - 0] INFO  impl.RaftServerProxy (RaftServerProxy.java:lambda$start$3(299)) - 72e5a279-ca12-4c9e-91de-7e916f85cc8c: start RPC server
2019-09-10 22:55:00,881 [Datanode State Machine Thread - 0] INFO  server.GrpcService (GrpcService.java:startImpl(158)) - 72e5a279-ca12-4c9e-91de-7e916f85cc8c: GrpcService started, listening on 0.0.0.0/0.0.0.0:37581
2019-09-10 22:55:00,881 [Datanode State Machine Thread - 0] INFO  ratis.XceiverServerRatis (XceiverServerRatis.java:start(414)) - XceiverServerRatis 72e5a279-ca12-4c9e-91de-7e916f85cc8c is started using port 37581
2019-09-10 22:55:00,885 [Datanode State Machine Thread - 0] INFO  server.XceiverServerGrpc (XceiverServerGrpc.java:start(163)) - XceiverServerGrpc 72e5a279-ca12-4c9e-91de-7e916f85cc8c is started using port 36545
2019-09-10 22:55:00,941 [Datanode State Machine Thread - 0] INFO  ozoneimpl.OzoneContainer (OzoneContainer.java:start(217)) - Attempting to start container services.
2019-09-10 22:55:00,941 [Datanode State Machine Thread - 0] INFO  ozoneimpl.OzoneContainer (OzoneContainer.java:startContainerScrub(179)) - Background container scanner has been disabled.
2019-09-10 22:55:00,942 [Datanode State Machine Thread - 0] INFO  ratis.XceiverServerRatis (XceiverServerRatis.java:start(404)) - Starting XceiverServerRatis b4077d1a-3356-4504-aa81-34a6cae9caee at port 0
2019-09-10 22:55:00,949 [Datanode State Machine Thread - 0] INFO  impl.RaftServerProxy (RaftServerProxy.java:lambda$start$3(299)) - b4077d1a-3356-4504-aa81-34a6cae9caee: start RPC server
2019-09-10 22:55:00,954 [Datanode State Machine Thread - 0] INFO  server.GrpcService (GrpcService.java:startImpl(158)) - b4077d1a-3356-4504-aa81-34a6cae9caee: GrpcService started, listening on 0.0.0.0/0.0.0.0:44925
2019-09-10 22:55:00,954 [Datanode State Machine Thread - 0] INFO  ratis.XceiverServerRatis (XceiverServerRatis.java:start(414)) - XceiverServerRatis b4077d1a-3356-4504-aa81-34a6cae9caee is started using port 44925
2019-09-10 22:55:00,958 [Datanode State Machine Thread - 0] INFO  server.XceiverServerGrpc (XceiverServerGrpc.java:start(163)) - XceiverServerGrpc b4077d1a-3356-4504-aa81-34a6cae9caee is started using port 41440
2019-09-10 22:55:01,041 [Datanode State Machine Thread - 0] INFO  ozoneimpl.OzoneContainer (OzoneContainer.java:start(217)) - Attempting to start container services.
2019-09-10 22:55:01,041 [Datanode State Machine Thread - 0] INFO  ozoneimpl.OzoneContainer (OzoneContainer.java:startContainerScrub(179)) - Background container scanner has been disabled.
2019-09-10 22:55:01,042 [Datanode State Machine Thread - 0] INFO  ratis.XceiverServerRatis (XceiverServerRatis.java:start(404)) - Starting XceiverServerRatis 2f676a21-e66b-4fec-aeac-0283d98823a1 at port 0
2019-09-10 22:55:01,050 [Datanode State Machine Thread - 0] INFO  impl.RaftServerProxy (RaftServerProxy.java:lambda$start$3(299)) - 2f676a21-e66b-4fec-aeac-0283d98823a1: start RPC server
2019-09-10 22:55:01,055 [Datanode State Machine Thread - 0] INFO  server.GrpcService (GrpcService.java:startImpl(158)) - 2f676a21-e66b-4fec-aeac-0283d98823a1: GrpcService started, listening on 0.0.0.0/0.0.0.0:34748
2019-09-10 22:55:01,055 [Datanode State Machine Thread - 0] INFO  ratis.XceiverServerRatis (XceiverServerRatis.java:start(414)) - XceiverServerRatis 2f676a21-e66b-4fec-aeac-0283d98823a1 is started using port 34748
2019-09-10 22:55:01,059 [Datanode State Machine Thread - 0] INFO  server.XceiverServerGrpc (XceiverServerGrpc.java:start(163)) - XceiverServerGrpc 2f676a21-e66b-4fec-aeac-0283d98823a1 is started using port 45536
2019-09-10 22:55:01,128 [Datanode State Machine Thread - 0] INFO  ozoneimpl.OzoneContainer (OzoneContainer.java:start(217)) - Attempting to start container services.
2019-09-10 22:55:01,128 [Datanode State Machine Thread - 0] INFO  ozoneimpl.OzoneContainer (OzoneContainer.java:startContainerScrub(179)) - Background container scanner has been disabled.
2019-09-10 22:55:01,129 [Datanode State Machine Thread - 0] INFO  ratis.XceiverServerRatis (XceiverServerRatis.java:start(404)) - Starting XceiverServerRatis 9a51610a-f282-4242-84b0-9cad669d08b8 at port 0
2019-09-10 22:55:01,136 [Datanode State Machine Thread - 0] INFO  impl.RaftServerProxy (RaftServerProxy.java:lambda$start$3(299)) - 9a51610a-f282-4242-84b0-9cad669d08b8: start RPC server
2019-09-10 22:55:01,144 [Datanode State Machine Thread - 0] INFO  server.GrpcService (GrpcService.java:startImpl(158)) - 9a51610a-f282-4242-84b0-9cad669d08b8: GrpcService started, listening on 0.0.0.0/0.0.0.0:46514
2019-09-10 22:55:01,144 [Datanode State Machine Thread - 0] INFO  ratis.XceiverServerRatis (XceiverServerRatis.java:start(414)) - XceiverServerRatis 9a51610a-f282-4242-84b0-9cad669d08b8 is started using port 46514
2019-09-10 22:55:01,149 [Datanode State Machine Thread - 0] INFO  server.XceiverServerGrpc (XceiverServerGrpc.java:start(163)) - XceiverServerGrpc 9a51610a-f282-4242-84b0-9cad669d08b8 is started using port 44942
2019-09-10 22:55:01,186 [main] INFO  ozone.MiniOzoneClusterImpl (MiniOzoneClusterImpl.java:lambda$waitForClusterToBeReady$0(140)) - Waiting for cluster to be ready. Got 0 of 10 DN Heartbeats.
2019-09-10 22:55:01,201 [Datanode State Machine Thread - 0] INFO  ozoneimpl.OzoneContainer (OzoneContainer.java:start(217)) - Attempting to start container services.
2019-09-10 22:55:01,202 [Datanode State Machine Thread - 0] INFO  ozoneimpl.OzoneContainer (OzoneContainer.java:startContainerScrub(179)) - Background container scanner has been disabled.
2019-09-10 22:55:01,202 [Datanode State Machine Thread - 0] INFO  ratis.XceiverServerRatis (XceiverServerRatis.java:start(404)) - Starting XceiverServerRatis 85b41e89-4cf3-40c5-bca2-fe675a128b85 at port 0
2019-09-10 22:55:01,211 [Datanode State Machine Thread - 0] INFO  impl.RaftServerProxy (RaftServerProxy.java:lambda$start$3(299)) - 85b41e89-4cf3-40c5-bca2-fe675a128b85: start RPC server
2019-09-10 22:55:01,227 [Datanode State Machine Thread - 0] INFO  server.GrpcService (GrpcService.java:startImpl(158)) - 85b41e89-4cf3-40c5-bca2-fe675a128b85: GrpcService started, listening on 0.0.0.0/0.0.0.0:35907
2019-09-10 22:55:01,227 [Datanode State Machine Thread - 0] INFO  ratis.XceiverServerRatis (XceiverServerRatis.java:start(414)) - XceiverServerRatis 85b41e89-4cf3-40c5-bca2-fe675a128b85 is started using port 35907
2019-09-10 22:55:01,248 [Datanode State Machine Thread - 0] INFO  server.XceiverServerGrpc (XceiverServerGrpc.java:start(163)) - XceiverServerGrpc 85b41e89-4cf3-40c5-bca2-fe675a128b85 is started using port 45814
2019-09-10 22:55:02,187 [main] INFO  ozone.MiniOzoneClusterImpl (MiniOzoneClusterImpl.java:lambda$waitForClusterToBeReady$0(140)) - Waiting for cluster to be ready. Got 0 of 10 DN Heartbeats.
2019-09-10 22:55:02,497 [IPC Server handler 2 on 40516] INFO  net.NetworkTopology (NetworkTopologyImpl.java:add(110)) - Added a new node: /default-rack/c564eaa4-7051-4a7d-897f-7be2f6aee35d
2019-09-10 22:55:02,497 [IPC Server handler 2 on 40516] INFO  node.SCMNodeManager (SCMNodeManager.java:register(266)) - Registered Data node : c564eaa4-7051-4a7d-897f-7be2f6aee35d{ip: 192.168.34.57, host: pr-hdds-2106-sk2jr-1188266228, networkLocation: /default-rack, certSerialId: null}
2019-09-10 22:55:02,504 [EventQueue-NodeRegistrationContainerReportForDataNodeSafeModeRule] INFO  safemode.SCMSafeModeManager (DataNodeSafeModeRule.java:process(71)) - SCM in safe mode. 1 DataNodes registered, 1 required.
2019-09-10 22:55:02,505 [EventQueue-NodeRegistrationContainerReportForDataNodeSafeModeRule] INFO  safemode.SCMSafeModeManager (SCMSafeModeManager.java:validateSafeModeExitRules(177)) - ScmSafeModeManager, all rules are successfully validated
2019-09-10 22:55:02,506 [EventQueue-NodeRegistrationContainerReportForDataNodeSafeModeRule] INFO  safemode.SCMSafeModeManager (SCMSafeModeManager.java:exitSafeMode(193)) - SCM exiting safe mode.
2019-09-10 22:55:02,518 [IPC Server handler 3 on 40516] INFO  net.NetworkTopology (NetworkTopologyImpl.java:add(110)) - Added a new node: /default-rack/aaf3f7d3-af27-4405-89a7-731c9150da26
2019-09-10 22:55:02,518 [IPC Server handler 3 on 40516] INFO  node.SCMNodeManager (SCMNodeManager.java:register(266)) - Registered Data node : aaf3f7d3-af27-4405-89a7-731c9150da26{ip: 192.168.34.57, host: pr-hdds-2106-sk2jr-1188266228, networkLocation: /default-rack, certSerialId: null}
2019-09-10 22:55:02,613 [IPC Server handler 4 on 40516] INFO  net.NetworkTopology (NetworkTopologyImpl.java:add(110)) - Added a new node: /default-rack/61a249ca-8039-4b42-99f2-11fda8dbfc88
2019-09-10 22:55:02,614 [IPC Server handler 4 on 40516] INFO  node.SCMNodeManager (SCMNodeManager.java:register(266)) - Registered Data node : 61a249ca-8039-4b42-99f2-11fda8dbfc88{ip: 192.168.34.57, host: pr-hdds-2106-sk2jr-1188266228, networkLocation: /default-rack, certSerialId: null}
2019-09-10 22:55:02,712 [IPC Server handler 5 on 40516] INFO  net.NetworkTopology (NetworkTopologyImpl.java:add(110)) - Added a new node: /default-rack/cd8a5650-cbc3-492b-920c-c46f29e91709
2019-09-10 22:55:02,712 [IPC Server handler 5 on 40516] INFO  node.SCMNodeManager (SCMNodeManager.java:register(266)) - Registered Data node : cd8a5650-cbc3-492b-920c-c46f29e91709{ip: 192.168.34.57, host: pr-hdds-2106-sk2jr-1188266228, networkLocation: /default-rack, certSerialId: null}
2019-09-10 22:55:02,792 [IPC Server handler 6 on 40516] INFO  net.NetworkTopology (NetworkTopologyImpl.java:add(110)) - Added a new node: /default-rack/06814ee9-24b9-4aa5-b290-a3e9e2a386ef
2019-09-10 22:55:02,793 [IPC Server handler 6 on 40516] INFO  node.SCMNodeManager (SCMNodeManager.java:register(266)) - Registered Data node : 06814ee9-24b9-4aa5-b290-a3e9e2a386ef{ip: 192.168.34.57, host: pr-hdds-2106-sk2jr-1188266228, networkLocation: /default-rack, certSerialId: null}
2019-09-10 22:55:02,856 [IPC Server handler 7 on 40516] INFO  net.NetworkTopology (NetworkTopologyImpl.java:add(110)) - Added a new node: /default-rack/72e5a279-ca12-4c9e-91de-7e916f85cc8c
2019-09-10 22:55:02,856 [IPC Server handler 7 on 40516] INFO  node.SCMNodeManager (SCMNodeManager.java:register(266)) - Registered Data node : 72e5a279-ca12-4c9e-91de-7e916f85cc8c{ip: 192.168.34.57, host: pr-hdds-2106-sk2jr-1188266228, networkLocation: /default-rack, certSerialId: null}
2019-09-10 22:55:02,944 [IPC Server handler 9 on 40516] INFO  net.NetworkTopology (NetworkTopologyImpl.java:add(110)) - Added a new node: /default-rack/b4077d1a-3356-4504-aa81-34a6cae9caee
2019-09-10 22:55:02,944 [IPC Server handler 9 on 40516] INFO  node.SCMNodeManager (SCMNodeManager.java:register(266)) - Registered Data node : b4077d1a-3356-4504-aa81-34a6cae9caee{ip: 192.168.34.57, host: pr-hdds-2106-sk2jr-1188266228, networkLocation: /default-rack, certSerialId: null}
2019-09-10 22:55:03,027 [IPC Server handler 10 on 40516] INFO  net.NetworkTopology (NetworkTopologyImpl.java:add(110)) - Added a new node: /default-rack/2f676a21-e66b-4fec-aeac-0283d98823a1
2019-09-10 22:55:03,027 [IPC Server handler 10 on 40516] INFO  node.SCMNodeManager (SCMNodeManager.java:register(266)) - Registered Data node : 2f676a21-e66b-4fec-aeac-0283d98823a1{ip: 192.168.34.57, host: pr-hdds-2106-sk2jr-1188266228, networkLocation: /default-rack, certSerialId: null}
2019-09-10 22:55:03,116 [IPC Server handler 1 on 40516] INFO  net.NetworkTopology (NetworkTopologyImpl.java:add(110)) - Added a new node: /default-rack/9a51610a-f282-4242-84b0-9cad669d08b8
2019-09-10 22:55:03,116 [IPC Server handler 1 on 40516] INFO  node.SCMNodeManager (SCMNodeManager.java:register(266)) - Registered Data node : 9a51610a-f282-4242-84b0-9cad669d08b8{ip: 192.168.34.57, host: pr-hdds-2106-sk2jr-1188266228, networkLocation: /default-rack, certSerialId: null}
2019-09-10 22:55:03,126 [grpc-default-executor-0] INFO  impl.RaftServerProxy (RaftServerProxy.java:addNew(89)) - c564eaa4-7051-4a7d-897f-7be2f6aee35d: addNew group-63EAE44B2098:[c564eaa4-7051-4a7d-897f-7be2f6aee35d:192.168.34.57:35085] returns group-63EAE44B2098:java.util.concurrent.CompletableFuture@62dce559[Not completed]
2019-09-10 22:55:03,157 [pool-27-thread-1] INFO  impl.RaftServerImpl (RaftServerImpl.java:<init>(95)) - c564eaa4-7051-4a7d-897f-7be2f6aee35d: new RaftServerImpl for group-63EAE44B2098:[c564eaa4-7051-4a7d-897f-7be2f6aee35d:192.168.34.57:35085] with ContainerStateMachine:uninitialized
2019-09-10 22:55:03,159 [pool-27-thread-1] INFO  server.RaftServerConfigKeys (ConfUtils.java:logGet(43)) - raft.server.rpc.timeout.min = 1s (custom)
2019-09-10 22:55:03,161 [pool-27-thread-1] INFO  server.RaftServerConfigKeys (ConfUtils.java:logGet(43)) - raft.server.rpc.timeout.max = 1200ms (custom)
2019-09-10 22:55:03,161 [pool-27-thread-1] INFO  server.RaftServerConfigKeys (ConfUtils.java:logGet(43)) - raft.server.rpcslowness.timeout = 120s (custom)
2019-09-10 22:55:03,162 [pool-27-thread-1] INFO  server.RaftServerConfigKeys (ConfUtils.java:logGet(43)) - raft.server.sleep.deviation.threshold = 300 (default)
2019-09-10 22:55:03,163 [pool-27-thread-1] INFO  server.RaftServerConfigKeys (ConfUtils.java:logGet(43)) - raft.server.log.appender.install.snapshot.enabled = false (custom)
2019-09-10 22:55:03,173 [pool-27-thread-1] INFO  impl.RaftServerImpl (ServerState.java:<init>(103)) - c564eaa4-7051-4a7d-897f-7be2f6aee35d@group-63EAE44B2098: ConfigurationManager, init=-1: [c564eaa4-7051-4a7d-897f-7be2f6aee35d:192.168.34.57:35085], old=null, confs=<EMPTY_MAP>
2019-09-10 22:55:03,174 [pool-27-thread-1] INFO  server.RaftServerConfigKeys (ConfUtils.java:logGet(43)) - raft.server.storage.dir = [/workdir/hadoop-ozone/integration-test/target/test-dir/MiniOzoneClusterImpl-c8bd075b-66f7-4733-90c4-2d26ad6b76fb/datanode-0/data/ratis] (custom)
2019-09-10 22:55:03,183 [pool-27-thread-1] INFO  storage.RaftStorageDirectory (RaftStorageDirectory.java:analyzeStorage(246)) - The storage directory /workdir/hadoop-ozone/integration-test/target/test-dir/MiniOzoneClusterImpl-c8bd075b-66f7-4733-90c4-2d26ad6b76fb/datanode-0/data/ratis/43b522a9-88f4-41db-8b25-63eae44b2098 does not exist. Creating ...
2019-09-10 22:55:03,193 [main] INFO  ozone.MiniOzoneClusterImpl (MiniOzoneClusterImpl.java:lambda$waitForClusterToBeReady$0(140)) - Waiting for cluster to be ready. Got 9 of 10 DN Heartbeats.
2019-09-10 22:55:03,200 [IPC Server handler 2 on 40516] INFO  net.NetworkTopology (NetworkTopologyImpl.java:add(110)) - Added a new node: /default-rack/85b41e89-4cf3-40c5-bca2-fe675a128b85
2019-09-10 22:55:03,200 [IPC Server handler 2 on 40516] INFO  node.SCMNodeManager (SCMNodeManager.java:register(266)) - Registered Data node : 85b41e89-4cf3-40c5-bca2-fe675a128b85{ip: 192.168.34.57, host: pr-hdds-2106-sk2jr-1188266228, networkLocation: /default-rack, certSerialId: null}
2019-09-10 22:55:03,217 [pool-27-thread-1] INFO  storage.RaftStorageDirectory (RaftStorageDirectory.java:tryLock(328)) - Lock on /workdir/hadoop-ozone/integration-test/target/test-dir/MiniOzoneClusterImpl-c8bd075b-66f7-4733-90c4-2d26ad6b76fb/datanode-0/data/ratis/43b522a9-88f4-41db-8b25-63eae44b2098/in_use.lock acquired by nodename 5069@pr-hdds-2106-sk2jr-1188266228
2019-09-10 22:55:03,233 [pool-27-thread-1] INFO  storage.RaftStorage (RaftStorage.java:format(72)) - Storage directory /workdir/hadoop-ozone/integration-test/target/test-dir/MiniOzoneClusterImpl-c8bd075b-66f7-4733-90c4-2d26ad6b76fb/datanode-0/data/ratis/43b522a9-88f4-41db-8b25-63eae44b2098 has been successfully formatted.
2019-09-10 22:55:03,238 [pool-27-thread-1] INFO  ratis.ContainerStateMachine (ContainerStateMachine.java:loadSnapshot(230)) - group-63EAE44B2098: The snapshot info is null. Setting the last applied indexto:(t:0, i:~)
2019-09-10 22:55:03,239 [pool-27-thread-1] INFO  server.RaftServerConfigKeys (ConfUtils.java:logGet(43)) - raft.server.notification.no-leader.timeout = 120s (custom)
2019-09-10 22:55:03,242 [pool-27-thread-1] INFO  server.RaftServerConfigKeys (ConfUtils.java:logGet(43)) - raft.server.log.use.memory = false (default)
2019-09-10 22:55:03,249 [pool-27-thread-1] INFO  server.RaftServerConfigKeys (ConfUtils.java:logGet(43)) - raft.server.log.purge.gap = 1000000 (custom)
2019-09-10 22:55:03,250 [pool-27-thread-1] INFO  server.RaftServerConfigKeys (ConfUtils.java:logGet(43)) - raft.server.log.appender.buffer.byte-limit = 33554432 (custom)
2019-09-10 22:55:03,252 [pool-27-thread-1] INFO  server.RaftServerConfigKeys (ConfUtils.java:logGet(43)) - raft.server.log.segment.size.max = 1048576 (custom)
2019-09-10 22:55:03,258 [pool-27-thread-1] INFO  server.RaftServerConfigKeys (ConfUtils.java:logGet(43)) - raft.server.log.segment.cache.num.max = 2 (custom)
2019-09-10 22:55:03,265 [pool-27-thread-1] INFO  segmented.SegmentedRaftLogWorker (SegmentedRaftLogWorker.java:<init>(172)) - new c564eaa4-7051-4a7d-897f-7be2f6aee35d@group-63EAE44B2098-SegmentedRaftLogWorker for RaftStorage:Storage Directory /workdir/hadoop-ozone/integration-test/target/test-dir/MiniOzoneClusterImpl-c8bd075b-66f7-4733-90c4-2d26ad6b76fb/datanode-0/data/ratis/43b522a9-88f4-41db-8b25-63eae44b2098
2019-09-10 22:55:03,267 [pool-27-thread-1] INFO  impl.MetricsSystemImpl (MetricsSystemImpl.java:init(158)) - ratis metrics system started (again)
2019-09-10 22:55:03,307 [pool-27-thread-1] INFO  server.RaftServerConfigKeys (ConfUtils.java:logGet(43)) - raft.server.log.queue.byte-limit = 2147483647 (custom)
2019-09-10 22:55:03,308 [pool-27-thread-1] INFO  server.RaftServerConfigKeys (ConfUtils.java:logGet(43)) - raft.server.log.queue.element-limit = 1024 (custom)
2019-09-10 22:55:03,311 [pool-27-thread-1] INFO  server.RaftServerConfigKeys (ConfUtils.java:logGet(43)) - raft.server.log.segment.size.max = 1048576 (custom)
2019-09-10 22:55:03,312 [pool-27-thread-1] INFO  server.RaftServerConfigKeys (ConfUtils.java:logGet(43)) - raft.server.log.preallocated.size = 16384 (custom)
2019-09-10 22:55:03,312 [pool-27-thread-1] INFO  server.RaftServerConfigKeys (ConfUtils.java:logGet(43)) - raft.server.log.write.buffer.size = 33554432 (custom)
2019-09-10 22:55:03,313 [pool-27-thread-1] INFO  server.RaftServerConfigKeys (ConfUtils.java:logGet(43)) - raft.server.log.force.sync.num = 128 (default)
2019-09-10 22:55:03,314 [pool-27-thread-1] INFO  server.RaftServerConfigKeys (ConfUtils.java:logGet(43)) - raft.server.log.statemachine.data.sync = true (default)
2019-09-10 22:55:03,314 [pool-27-thread-1] INFO  server.RaftServerConfigKeys (ConfUtils.java:logGet(43)) - raft.server.log.statemachine.data.sync.timeout = 10s (default)
2019-09-10 22:55:03,314 [pool-27-thread-1] INFO  server.RaftServerConfigKeys (ConfUtils.java:logGet(43)) - raft.server.log.statemachine.data.sync.timeout.retry = -1 (default)
2019-09-10 22:55:03,323 [pool-27-thread-1] INFO  server.RaftServerConfigKeys (ConfUtils.java:logGet(43)) - raft.server.log.statemachine.data.caching.enabled = true (custom)
2019-09-10 22:55:03,328 [pool-27-thread-1] INFO  segmented.SegmentedRaftLogWorker (SegmentedRaftLogWorker.java:lambda$new$0(132)) - c564eaa4-7051-4a7d-897f-7be2f6aee35d@group-63EAE44B2098-SegmentedRaftLogWorker: flushIndex: setUnconditionally 0 -> -1
2019-09-10 22:55:03,332 [pool-27-thread-1] INFO  server.RaftServerConfigKeys (ConfUtils.java:logGet(43)) - raft.server.snapshot.auto.trigger.enabled = true (custom)
2019-09-10 22:55:03,333 [pool-27-thread-1] INFO  server.RaftServerConfigKeys (ConfUtils.java:logGet(43)) - raft.server.snapshot.auto.trigger.threshold = 10000 (custom)
2019-09-10 22:55:03,334 [pool-27-thread-1] INFO  server.RaftServerConfigKeys (ConfUtils.java:logGet(43)) - raft.server.snapshot.retention.num.files = -1 (default)
2019-09-10 22:55:03,334 [pool-27-thread-1] INFO  server.RaftServerConfigKeys (ConfUtils.java:logGet(43)) - raft.server.retrycache.expirytime = 600000ms (custom)
2019-09-10 22:55:03,366 [pool-27-thread-1] INFO  impl.RaftServerImpl (RaftServerImpl.java:start(185)) - c564eaa4-7051-4a7d-897f-7be2f6aee35d@group-63EAE44B2098: start as a follower, conf=-1: [c564eaa4-7051-4a7d-897f-7be2f6aee35d:192.168.34.57:35085], old=null
2019-09-10 22:55:03,367 [pool-27-thread-1] INFO  impl.RaftServerImpl (RaftServerImpl.java:setRole(174)) - c564eaa4-7051-4a7d-897f-7be2f6aee35d@group-63EAE44B2098: changes role from      null to FOLLOWER at term 0 for startAsFollower
2019-09-10 22:55:03,369 [pool-27-thread-1] INFO  impl.RoleInfo (RoleInfo.java:updateAndGet(143)) - c564eaa4-7051-4a7d-897f-7be2f6aee35d: start FollowerState
2019-09-10 22:55:03,372 [pool-27-thread-1] INFO  util.JmxRegister (JmxRegister.java:tryRegister(44)) - Successfully registered JMX Bean with object name Ratis:service=RaftServer,group=group-63EAE44B2098,id=c564eaa4-7051-4a7d-897f-7be2f6aee35d
2019-09-10 22:55:03,456 [RatisPipelineUtilsThread] INFO  pipeline.PipelineStateManager (PipelineStateManager.java:addPipeline(56)) - Created pipeline Pipeline[ Id: 43b522a9-88f4-41db-8b25-63eae44b2098, Nodes: c564eaa4-7051-4a7d-897f-7be2f6aee35d{ip: 192.168.34.57, host: pr-hdds-2106-sk2jr-1188266228, networkLocation: /default-rack, certSerialId: null}, Type:RATIS, Factor:ONE, State:OPEN]
2019-09-10 22:55:03,487 [grpc-default-executor-0] INFO  impl.RaftServerProxy (RaftServerProxy.java:addNew(89)) - cd8a5650-cbc3-492b-920c-c46f29e91709: addNew group-D411FD4ECB82:[cd8a5650-cbc3-492b-920c-c46f29e91709:192.168.34.57:39597] returns group-D411FD4ECB82:java.util.concurrent.CompletableFuture@185758c4[Not completed]
2019-09-10 22:55:03,566 [pool-57-thread-1] INFO  impl.RaftServerImpl (RaftServerImpl.java:<init>(95)) - cd8a5650-cbc3-492b-920c-c46f29e91709: new RaftServerImpl for group-D411FD4ECB82:[cd8a5650-cbc3-492b-920c-c46f29e91709:192.168.34.57:39597] with ContainerStateMachine:uninitialized
2019-09-10 22:55:03,569 [pool-57-thread-1] INFO  server.RaftServerConfigKeys (ConfUtils.java:logGet(43)) - raft.server.rpc.timeout.min = 1s (custom)
2019-09-10 22:55:03,569 [pool-57-thread-1] INFO  server.RaftServerConfigKeys (ConfUtils.java:logGet(43)) - raft.server.rpc.timeout.max = 1200ms (custom)
2019-09-10 22:55:03,569 [pool-57-thread-1] INFO  server.RaftServerConfigKeys (ConfUtils.java:logGet(43)) - raft.server.rpcslowness.timeout = 120s (custom)
2019-09-10 22:55:03,569 [pool-57-thread-1] INFO  server.RaftServerConfigKeys (ConfUtils.java:logGet(43)) - raft.server.sleep.deviation.threshold = 300 (default)
2019-09-10 22:55:03,569 [pool-57-thread-1] INFO  server.RaftServerConfigKeys (ConfUtils.java:logGet(43)) - raft.server.log.appender.install.snapshot.enabled = false (custom)
2019-09-10 22:55:03,570 [pool-57-thread-1] INFO  impl.RaftServerImpl (ServerState.java:<init>(103)) - cd8a5650-cbc3-492b-920c-c46f29e91709@group-D411FD4ECB82: ConfigurationManager, init=-1: [cd8a5650-cbc3-492b-920c-c46f29e91709:192.168.34.57:39597], old=null, confs=<EMPTY_MAP>
2019-09-10 22:55:03,570 [pool-57-thread-1] INFO  server.RaftServerConfigKeys (ConfUtils.java:logGet(43)) - raft.server.storage.dir = [/workdir/hadoop-ozone/integration-test/target/test-dir/MiniOzoneClusterImpl-c8bd075b-66f7-4733-90c4-2d26ad6b76fb/datanode-3/data/ratis] (custom)
2019-09-10 22:55:03,570 [pool-57-thread-1] INFO  storage.RaftStorageDirectory (RaftStorageDirectory.java:analyzeStorage(246)) - The storage directory /workdir/hadoop-ozone/integration-test/target/test-dir/MiniOzoneClusterImpl-c8bd075b-66f7-4733-90c4-2d26ad6b76fb/datanode-3/data/ratis/4363de0c-b797-410f-b9ac-d411fd4ecb82 does not exist. Creating ...
2019-09-10 22:55:03,586 [pool-57-thread-1] INFO  storage.RaftStorageDirectory (RaftStorageDirectory.java:tryLock(328)) - Lock on /workdir/hadoop-ozone/integration-test/target/test-dir/MiniOzoneClusterImpl-c8bd075b-66f7-4733-90c4-2d26ad6b76fb/datanode-3/data/ratis/4363de0c-b797-410f-b9ac-d411fd4ecb82/in_use.lock acquired by nodename 5069@pr-hdds-2106-sk2jr-1188266228
2019-09-10 22:55:03,599 [pool-57-thread-1] INFO  storage.RaftStorage (RaftStorage.java:format(72)) - Storage directory /workdir/hadoop-ozone/integration-test/target/test-dir/MiniOzoneClusterImpl-c8bd075b-66f7-4733-90c4-2d26ad6b76fb/datanode-3/data/ratis/4363de0c-b797-410f-b9ac-d411fd4ecb82 has been successfully formatted.
2019-09-10 22:55:03,602 [pool-57-thread-1] INFO  ratis.ContainerStateMachine (ContainerStateMachine.java:loadSnapshot(230)) - group-D411FD4ECB82: The snapshot info is null. Setting the last applied indexto:(t:0, i:~)
2019-09-10 22:55:03,604 [pool-57-thread-1] INFO  server.RaftServerConfigKeys (ConfUtils.java:logGet(43)) - raft.server.notification.no-leader.timeout = 120s (custom)
2019-09-10 22:55:03,604 [pool-57-thread-1] INFO  server.RaftServerConfigKeys (ConfUtils.java:logGet(43)) - raft.server.log.use.memory = false (default)
2019-09-10 22:55:03,604 [pool-57-thread-1] INFO  server.RaftServerConfigKeys (ConfUtils.java:logGet(43)) - raft.server.log.purge.gap = 1000000 (custom)
2019-09-10 22:55:03,605 [pool-57-thread-1] INFO  server.RaftServerConfigKeys (ConfUtils.java:logGet(43)) - raft.server.log.appender.buffer.byte-limit = 33554432 (custom)
2019-09-10 22:55:03,605 [pool-57-thread-1] INFO  server.RaftServerConfigKeys (ConfUtils.java:logGet(43)) - raft.server.log.segment.size.max = 1048576 (custom)
2019-09-10 22:55:03,605 [pool-57-thread-1] INFO  server.RaftServerConfigKeys (ConfUtils.java:logGet(43)) - raft.server.log.segment.cache.num.max = 2 (custom)
2019-09-10 22:55:03,605 [pool-57-thread-1] INFO  segmented.SegmentedRaftLogWorker (SegmentedRaftLogWorker.java:<init>(172)) - new cd8a5650-cbc3-492b-920c-c46f29e91709@group-D411FD4ECB82-SegmentedRaftLogWorker for RaftStorage:Storage Directory /workdir/hadoop-ozone/integration-test/target/test-dir/MiniOzoneClusterImpl-c8bd075b-66f7-4733-90c4-2d26ad6b76fb/datanode-3/data/ratis/4363de0c-b797-410f-b9ac-d411fd4ecb82
2019-09-10 22:55:03,614 [pool-57-thread-1] INFO  server.RaftServerConfigKeys (ConfUtils.java:logGet(43)) - raft.server.log.queue.byte-limit = 2147483647 (custom)
2019-09-10 22:55:03,615 [pool-57-thread-1] INFO  server.RaftServerConfigKeys (ConfUtils.java:logGet(43)) - raft.server.log.queue.element-limit = 1024 (custom)
2019-09-10 22:55:03,615 [pool-57-thread-1] INFO  server.RaftServerConfigKeys (ConfUtils.java:logGet(43)) - raft.server.log.segment.size.max = 1048576 (custom)
2019-09-10 22:55:03,615 [pool-57-thread-1] INFO  server.RaftServerConfigKeys (ConfUtils.java:logGet(43)) - raft.server.log.preallocated.size = 16384 (custom)
2019-09-10 22:55:03,615 [pool-57-thread-1] INFO  server.RaftServerConfigKeys (ConfUtils.java:logGet(43)) - raft.server.log.write.buffer.size = 33554432 (custom)
2019-09-10 22:55:03,615 [pool-57-thread-1] INFO  server.RaftServerConfigKeys (ConfUtils.java:logGet(43)) - raft.server.log.force.sync.num = 128 (default)
2019-09-10 22:55:03,616 [pool-57-thread-1] INFO  server.RaftServerConfigKeys (ConfUtils.java:logGet(43)) - raft.server.log.statemachine.data.sync = true (default)
2019-09-10 22:55:03,616 [pool-57-thread-1] INFO  server.RaftServerConfigKeys (ConfUtils.java:logGet(43)) - raft.server.log.statemachine.data.sync.timeout = 10s (default)
2019-09-10 22:55:03,616 [pool-57-thread-1] INFO  server.RaftServerConfigKeys (ConfUtils.java:logGet(43)) - raft.server.log.statemachine.data.sync.timeout.retry = -1 (default)
2019-09-10 22:55:03,617 [pool-57-thread-1] INFO  server.RaftServerConfigKeys (ConfUtils.java:logGet(43)) - raft.server.log.statemachine.data.caching.enabled = true (custom)
2019-09-10 22:55:03,617 [pool-57-thread-1] INFO  segmented.SegmentedRaftLogWorker (SegmentedRaftLogWorker.java:lambda$new$0(132)) - cd8a5650-cbc3-492b-920c-c46f29e91709@group-D411FD4ECB82-SegmentedRaftLogWorker: flushIndex: setUnconditionally 0 -> -1
2019-09-10 22:55:03,617 [pool-57-thread-1] INFO  server.RaftServerConfigKeys (ConfUtils.java:logGet(43)) - raft.server.snapshot.auto.trigger.enabled = true (custom)
2019-09-10 22:55:03,618 [pool-57-thread-1] INFO  server.RaftServerConfigKeys (ConfUtils.java:logGet(43)) - raft.server.snapshot.auto.trigger.threshold = 10000 (custom)
2019-09-10 22:55:03,618 [pool-57-thread-1] INFO  server.RaftServerConfigKeys (ConfUtils.java:logGet(43)) - raft.server.snapshot.retention.num.files = -1 (default)
2019-09-10 22:55:03,618 [pool-57-thread-1] INFO  server.RaftServerConfigKeys (ConfUtils.java:logGet(43)) - raft.server.retrycache.expirytime = 600000ms (custom)
2019-09-10 22:55:03,624 [pool-57-thread-1] INFO  impl.RaftServerImpl (RaftServerImpl.java:start(185)) - cd8a5650-cbc3-492b-920c-c46f29e91709@group-D411FD4ECB82: start as a follower, conf=-1: [cd8a5650-cbc3-492b-920c-c46f29e91709:192.168.34.57:39597], old=null
2019-09-10 22:55:03,624 [pool-57-thread-1] INFO  impl.RaftServerImpl (RaftServerImpl.java:setRole(174)) - cd8a5650-cbc3-492b-920c-c46f29e91709@group-D411FD4ECB82: changes role from      null to FOLLOWER at term 0 for startAsFollower
2019-09-10 22:55:03,625 [pool-57-thread-1] INFO  impl.RoleInfo (RoleInfo.java:updateAndGet(143)) - cd8a5650-cbc3-492b-920c-c46f29e91709: start FollowerState
2019-09-10 22:55:03,628 [pool-57-thread-1] INFO  util.JmxRegister (JmxRegister.java:tryRegister(44)) - Successfully registered JMX Bean with object name Ratis:service=RaftServer,group=group-D411FD4ECB82,id=cd8a5650-cbc3-492b-920c-c46f29e91709
2019-09-10 22:55:03,652 [RatisPipelineUtilsThread] INFO  pipeline.PipelineStateManager (PipelineStateManager.java:addPipeline(56)) - Created pipeline Pipeline[ Id: 4363de0c-b797-410f-b9ac-d411fd4ecb82, Nodes: cd8a5650-cbc3-492b-920c-c46f29e91709{ip: 192.168.34.57, host: pr-hdds-2106-sk2jr-1188266228, networkLocation: /default-rack, certSerialId: null}, Type:RATIS, Factor:ONE, State:OPEN]
2019-09-10 22:55:03,684 [grpc-default-executor-0] INFO  impl.RaftServerProxy (RaftServerProxy.java:addNew(89)) - 06814ee9-24b9-4aa5-b290-a3e9e2a386ef: addNew group-48953FBDC98C:[06814ee9-24b9-4aa5-b290-a3e9e2a386ef:192.168.34.57:44097] returns group-48953FBDC98C:java.util.concurrent.CompletableFuture@54fca3d8[Not completed]
2019-09-10 22:55:03,725 [pool-67-thread-1] INFO  impl.RaftServerImpl (RaftServerImpl.java:<init>(95)) - 06814ee9-24b9-4aa5-b290-a3e9e2a386ef: new RaftServerImpl for group-48953FBDC98C:[06814ee9-24b9-4aa5-b290-a3e9e2a386ef:192.168.34.57:44097] with ContainerStateMachine:uninitialized
2019-09-10 22:55:03,726 [pool-67-thread-1] INFO  server.RaftServerConfigKeys (ConfUtils.java:logGet(43)) - raft.server.rpc.timeout.min = 1s (custom)
2019-09-10 22:55:03,726 [pool-67-thread-1] INFO  server.RaftServerConfigKeys (ConfUtils.java:logGet(43)) - raft.server.rpc.timeout.max = 1200ms (custom)
2019-09-10 22:55:03,726 [pool-67-thread-1] INFO  server.RaftServerConfigKeys (ConfUtils.java:logGet(43)) - raft.server.rpcslowness.timeout = 120s (custom)
2019-09-10 22:55:03,726 [pool-67-thread-1] INFO  server.RaftServerConfigKeys (ConfUtils.java:logGet(43)) - raft.server.sleep.deviation.threshold = 300 (default)
2019-09-10 22:55:03,726 [pool-67-thread-1] INFO  server.RaftServerConfigKeys (ConfUtils.java:logGet(43)) - raft.server.log.appender.install.snapshot.enabled = false (custom)
2019-09-10 22:55:03,726 [pool-67-thread-1] INFO  impl.RaftServerImpl (ServerState.java:<init>(103)) - 06814ee9-24b9-4aa5-b290-a3e9e2a386ef@group-48953FBDC98C: ConfigurationManager, init=-1: [06814ee9-24b9-4aa5-b290-a3e9e2a386ef:192.168.34.57:44097], old=null, confs=<EMPTY_MAP>
2019-09-10 22:55:03,727 [pool-67-thread-1] INFO  server.RaftServerConfigKeys (ConfUtils.java:logGet(43)) - raft.server.storage.dir = [/workdir/hadoop-ozone/integration-test/target/test-dir/MiniOzoneClusterImpl-c8bd075b-66f7-4733-90c4-2d26ad6b76fb/datanode-4/data/ratis] (custom)
2019-09-10 22:55:03,727 [pool-67-thread-1] INFO  storage.RaftStorageDirectory (RaftStorageDirectory.java:analyzeStorage(246)) - The storage directory /workdir/hadoop-ozone/integration-test/target/test-dir/MiniOzoneClusterImpl-c8bd075b-66f7-4733-90c4-2d26ad6b76fb/datanode-4/data/ratis/26f7cbdd-91f4-4843-abc6-48953fbdc98c does not exist. Creating ...
2019-09-10 22:55:03,740 [pool-67-thread-1] INFO  storage.RaftStorageDirectory (RaftStorageDirectory.java:tryLock(328)) - Lock on /workdir/hadoop-ozone/integration-test/target/test-dir/MiniOzoneClusterImpl-c8bd075b-66f7-4733-90c4-2d26ad6b76fb/datanode-4/data/ratis/26f7cbdd-91f4-4843-abc6-48953fbdc98c/in_use.lock acquired by nodename 5069@pr-hdds-2106-sk2jr-1188266228
2019-09-10 22:55:03,753 [pool-67-thread-1] INFO  storage.RaftStorage (RaftStorage.java:format(72)) - Storage directory /workdir/hadoop-ozone/integration-test/target/test-dir/MiniOzoneClusterImpl-c8bd075b-66f7-4733-90c4-2d26ad6b76fb/datanode-4/data/ratis/26f7cbdd-91f4-4843-abc6-48953fbdc98c has been successfully formatted.
2019-09-10 22:55:03,754 [pool-67-thread-1] INFO  ratis.ContainerStateMachine (ContainerStateMachine.java:loadSnapshot(230)) - group-48953FBDC98C: The snapshot info is null. Setting the last applied indexto:(t:0, i:~)
2019-09-10 22:55:03,754 [pool-67-thread-1] INFO  server.RaftServerConfigKeys (ConfUtils.java:logGet(43)) - raft.server.notification.no-leader.timeout = 120s (custom)
2019-09-10 22:55:03,754 [pool-67-thread-1] INFO  server.RaftServerConfigKeys (ConfUtils.java:logGet(43)) - raft.server.log.use.memory = false (default)
2019-09-10 22:55:03,754 [pool-67-thread-1] INFO  server.RaftServerConfigKeys (ConfUtils.java:logGet(43)) - raft.server.log.purge.gap = 1000000 (custom)
2019-09-10 22:55:03,754 [pool-67-thread-1] INFO  server.RaftServerConfigKeys (ConfUtils.java:logGet(43)) - raft.server.log.appender.buffer.byte-limit = 33554432 (custom)
2019-09-10 22:55:03,755 [pool-67-thread-1] INFO  server.RaftServerConfigKeys (ConfUtils.java:logGet(43)) - raft.server.log.segment.size.max = 1048576 (custom)
2019-09-10 22:55:03,755 [pool-67-thread-1] INFO  server.RaftServerConfigKeys (ConfUtils.java:logGet(43)) - raft.server.log.segment.cache.num.max = 2 (custom)
2019-09-10 22:55:03,755 [pool-67-thread-1] INFO  segmented.SegmentedRaftLogWorker (SegmentedRaftLogWorker.java:<init>(172)) - new 06814ee9-24b9-4aa5-b290-a3e9e2a386ef@group-48953FBDC98C-SegmentedRaftLogWorker for RaftStorage:Storage Directory /workdir/hadoop-ozone/integration-test/target/test-dir/MiniOzoneClusterImpl-c8bd075b-66f7-4733-90c4-2d26ad6b76fb/datanode-4/data/ratis/26f7cbdd-91f4-4843-abc6-48953fbdc98c
2019-09-10 22:55:03,816 [pool-67-thread-1] INFO  server.RaftServerConfigKeys (ConfUtils.java:logGet(43)) - raft.server.log.queue.byte-limit = 2147483647 (custom)
2019-09-10 22:55:03,816 [pool-67-thread-1] INFO  server.RaftServerConfigKeys (ConfUtils.java:logGet(43)) - raft.server.log.queue.element-limit = 1024 (custom)
2019-09-10 22:55:03,817 [pool-67-thread-1] INFO  server.RaftServerConfigKeys (ConfUtils.java:logGet(43)) - raft.server.log.segment.size.max = 1048576 (custom)
2019-09-10 22:55:03,817 [pool-67-thread-1] INFO  server.RaftServerConfigKeys (ConfUtils.java:logGet(43)) - raft.server.log.preallocated.size = 16384 (custom)
2019-09-10 22:55:03,817 [pool-67-thread-1] INFO  server.RaftServerConfigKeys (ConfUtils.java:logGet(43)) - raft.server.log.write.buffer.size = 33554432 (custom)
2019-09-10 22:55:03,817 [pool-67-thread-1] INFO  server.RaftServerConfigKeys (ConfUtils.java:logGet(43)) - raft.server.log.force.sync.num = 128 (default)
2019-09-10 22:55:03,817 [pool-67-thread-1] INFO  server.RaftServerConfigKeys (ConfUtils.java:logGet(43)) - raft.server.log.statemachine.data.sync = true (default)
2019-09-10 22:55:03,818 [pool-67-thread-1] INFO  server.RaftServerConfigKeys (ConfUtils.java:logGet(43)) - raft.server.log.statemachine.data.sync.timeout = 10s (default)
2019-09-10 22:55:03,818 [pool-67-thread-1] INFO  server.RaftServerConfigKeys (ConfUtils.java:logGet(43)) - raft.server.log.statemachine.data.sync.timeout.retry = -1 (default)
2019-09-10 22:55:03,818 [pool-67-thread-1] INFO  server.RaftServerConfigKeys (ConfUtils.java:logGet(43)) - raft.server.log.statemachine.data.caching.enabled = true (custom)
2019-09-10 22:55:03,819 [pool-67-thread-1] INFO  segmented.SegmentedRaftLogWorker (SegmentedRaftLogWorker.java:lambda$new$0(132)) - 06814ee9-24b9-4aa5-b290-a3e9e2a386ef@group-48953FBDC98C-SegmentedRaftLogWorker: flushIndex: setUnconditionally 0 -> -1
2019-09-10 22:55:03,819 [pool-67-thread-1] INFO  server.RaftServerConfigKeys (ConfUtils.java:logGet(43)) - raft.server.snapshot.auto.trigger.enabled = true (custom)
2019-09-10 22:55:03,819 [pool-67-thread-1] INFO  server.RaftServerConfigKeys (ConfUtils.java:logGet(43)) - raft.server.snapshot.auto.trigger.threshold = 10000 (custom)
2019-09-10 22:55:03,819 [pool-67-thread-1] INFO  server.RaftServerConfigKeys (ConfUtils.java:logGet(43)) - raft.server.snapshot.retention.num.files = -1 (default)
2019-09-10 22:55:03,820 [pool-67-thread-1] INFO  server.RaftServerConfigKeys (ConfUtils.java:logGet(43)) - raft.server.retrycache.expirytime = 600000ms (custom)
2019-09-10 22:55:03,826 [pool-67-thread-1] INFO  impl.RaftServerImpl (RaftServerImpl.java:start(185)) - 06814ee9-24b9-4aa5-b290-a3e9e2a386ef@group-48953FBDC98C: start as a follower, conf=-1: [06814ee9-24b9-4aa5-b290-a3e9e2a386ef:192.168.34.57:44097], old=null
2019-09-10 22:55:03,826 [pool-67-thread-1] INFO  impl.RaftServerImpl (RaftServerImpl.java:setRole(174)) - 06814ee9-24b9-4aa5-b290-a3e9e2a386ef@group-48953FBDC98C: changes role from      null to FOLLOWER at term 0 for startAsFollower
2019-09-10 22:55:03,827 [pool-67-thread-1] INFO  impl.RoleInfo (RoleInfo.java:updateAndGet(143)) - 06814ee9-24b9-4aa5-b290-a3e9e2a386ef: start FollowerState
2019-09-10 22:55:03,827 [pool-67-thread-1] INFO  util.JmxRegister (JmxRegister.java:tryRegister(44)) - Successfully registered JMX Bean with object name Ratis:service=RaftServer,group=group-48953FBDC98C,id=06814ee9-24b9-4aa5-b290-a3e9e2a386ef
2019-09-10 22:55:03,843 [RatisPipelineUtilsThread] INFO  pipeline.PipelineStateManager (PipelineStateManager.java:addPipeline(56)) - Created pipeline Pipeline[ Id: 26f7cbdd-91f4-4843-abc6-48953fbdc98c, Nodes: 06814ee9-24b9-4aa5-b290-a3e9e2a386ef{ip: 192.168.34.57, host: pr-hdds-2106-sk2jr-1188266228, networkLocation: /default-rack, certSerialId: null}, Type:RATIS, Factor:ONE, State:OPEN]
2019-09-10 22:55:03,877 [grpc-default-executor-0] INFO  impl.RaftServerProxy (RaftServerProxy.java:addNew(89)) - 9a51610a-f282-4242-84b0-9cad669d08b8: addNew group-2FD4F47AACDB:[9a51610a-f282-4242-84b0-9cad669d08b8:192.168.34.57:46514] returns group-2FD4F47AACDB:java.util.concurrent.CompletableFuture@2b143ea5[Not completed]
2019-09-10 22:55:03,883 [pool-107-thread-1] INFO  impl.RaftServerImpl (RaftServerImpl.java:<init>(95)) - 9a51610a-f282-4242-84b0-9cad669d08b8: new RaftServerImpl for group-2FD4F47AACDB:[9a51610a-f282-4242-84b0-9cad669d08b8:192.168.34.57:46514] with ContainerStateMachine:uninitialized
2019-09-10 22:55:03,883 [pool-107-thread-1] INFO  server.RaftServerConfigKeys (ConfUtils.java:logGet(43)) - raft.server.rpc.timeout.min = 1s (custom)
2019-09-10 22:55:03,883 [pool-107-thread-1] INFO  server.RaftServerConfigKeys (ConfUtils.java:logGet(43)) - raft.server.rpc.timeout.max = 1200ms (custom)
2019-09-10 22:55:03,883 [pool-107-thread-1] INFO  server.RaftServerConfigKeys (ConfUtils.java:logGet(43)) - raft.server.rpcslowness.timeout = 120s (custom)
2019-09-10 22:55:03,883 [pool-107-thread-1] INFO  server.RaftServerConfigKeys (ConfUtils.java:logGet(43)) - raft.server.sleep.deviation.threshold = 300 (default)
2019-09-10 22:55:03,883 [pool-107-thread-1] INFO  server.RaftServerConfigKeys (ConfUtils.java:logGet(43)) - raft.server.log.appender.install.snapshot.enabled = false (custom)
2019-09-10 22:55:03,884 [pool-107-thread-1] INFO  impl.RaftServerImpl (ServerState.java:<init>(103)) - 9a51610a-f282-4242-84b0-9cad669d08b8@group-2FD4F47AACDB: ConfigurationManager, init=-1: [9a51610a-f282-4242-84b0-9cad669d08b8:192.168.34.57:46514], old=null, confs=<EMPTY_MAP>
2019-09-10 22:55:03,884 [pool-107-thread-1] INFO  server.RaftServerConfigKeys (ConfUtils.java:logGet(43)) - raft.server.storage.dir = [/workdir/hadoop-ozone/integration-test/target/test-dir/MiniOzoneClusterImpl-c8bd075b-66f7-4733-90c4-2d26ad6b76fb/datanode-8/data/ratis] (custom)
2019-09-10 22:55:03,884 [pool-107-thread-1] INFO  storage.RaftStorageDirectory (RaftStorageDirectory.java:analyzeStorage(246)) - The storage directory /workdir/hadoop-ozone/integration-test/target/test-dir/MiniOzoneClusterImpl-c8bd075b-66f7-4733-90c4-2d26ad6b76fb/datanode-8/data/ratis/1b7604c0-583e-4a49-9808-2fd4f47aacdb does not exist. Creating ...
2019-09-10 22:55:03,897 [pool-107-thread-1] INFO  storage.RaftStorageDirectory (RaftStorageDirectory.java:tryLock(328)) - Lock on /workdir/hadoop-ozone/integration-test/target/test-dir/MiniOzoneClusterImpl-c8bd075b-66f7-4733-90c4-2d26ad6b76fb/datanode-8/data/ratis/1b7604c0-583e-4a49-9808-2fd4f47aacdb/in_use.lock acquired by nodename 5069@pr-hdds-2106-sk2jr-1188266228
2019-09-10 22:55:03,910 [pool-107-thread-1] INFO  storage.RaftStorage (RaftStorage.java:format(72)) - Storage directory /workdir/hadoop-ozone/integration-test/target/test-dir/MiniOzoneClusterImpl-c8bd075b-66f7-4733-90c4-2d26ad6b76fb/datanode-8/data/ratis/1b7604c0-583e-4a49-9808-2fd4f47aacdb has been successfully formatted.
2019-09-10 22:55:03,910 [pool-107-thread-1] INFO  ratis.ContainerStateMachine (ContainerStateMachine.java:loadSnapshot(230)) - group-2FD4F47AACDB: The snapshot info is null. Setting the last applied indexto:(t:0, i:~)
2019-09-10 22:55:03,911 [pool-107-thread-1] INFO  server.RaftServerConfigKeys (ConfUtils.java:logGet(43)) - raft.server.notification.no-leader.timeout = 120s (custom)
2019-09-10 22:55:03,911 [pool-107-thread-1] INFO  server.RaftServerConfigKeys (ConfUtils.java:logGet(43)) - raft.server.log.use.memory = false (default)
2019-09-10 22:55:03,911 [pool-107-thread-1] INFO  server.RaftServerConfigKeys (ConfUtils.java:logGet(43)) - raft.server.log.purge.gap = 1000000 (custom)
2019-09-10 22:55:03,911 [pool-107-thread-1] INFO  server.RaftServerConfigKeys (ConfUtils.java:logGet(43)) - raft.server.log.appender.buffer.byte-limit = 33554432 (custom)
2019-09-10 22:55:03,911 [pool-107-thread-1] INFO  server.RaftServerConfigKeys (ConfUtils.java:logGet(43)) - raft.server.log.segment.size.max = 1048576 (custom)
2019-09-10 22:55:03,911 [pool-107-thread-1] INFO  server.RaftServerConfigKeys (ConfUtils.java:logGet(43)) - raft.server.log.segment.cache.num.max = 2 (custom)
2019-09-10 22:55:03,912 [pool-107-thread-1] INFO  segmented.SegmentedRaftLogWorker (SegmentedRaftLogWorker.java:<init>(172)) - new 9a51610a-f282-4242-84b0-9cad669d08b8@group-2FD4F47AACDB-SegmentedRaftLogWorker for RaftStorage:Storage Directory /workdir/hadoop-ozone/integration-test/target/test-dir/MiniOzoneClusterImpl-c8bd075b-66f7-4733-90c4-2d26ad6b76fb/datanode-8/data/ratis/1b7604c0-583e-4a49-9808-2fd4f47aacdb
2019-09-10 22:55:03,917 [pool-107-thread-1] INFO  server.RaftServerConfigKeys (ConfUtils.java:logGet(43)) - raft.server.log.queue.byte-limit = 2147483647 (custom)
2019-09-10 22:55:03,917 [pool-107-thread-1] INFO  server.RaftServerConfigKeys (ConfUtils.java:logGet(43)) - raft.server.log.queue.element-limit = 1024 (custom)
2019-09-10 22:55:03,917 [pool-107-thread-1] INFO  server.RaftServerConfigKeys (ConfUtils.java:logGet(43)) - raft.server.log.segment.size.max = 1048576 (custom)
2019-09-10 22:55:03,918 [pool-107-thread-1] INFO  server.RaftServerConfigKeys (ConfUtils.java:logGet(43)) - raft.server.log.preallocated.size = 16384 (custom)
2019-09-10 22:55:03,918 [pool-107-thread-1] INFO  server.RaftServerConfigKeys (ConfUtils.java:logGet(43)) - raft.server.log.write.buffer.size = 33554432 (custom)
2019-09-10 22:55:03,918 [pool-107-thread-1] INFO  server.RaftServerConfigKeys (ConfUtils.java:logGet(43)) - raft.server.log.force.sync.num = 128 (default)
2019-09-10 22:55:03,918 [pool-107-thread-1] INFO  server.RaftServerConfigKeys (ConfUtils.java:logGet(43)) - raft.server.log.statemachine.data.sync = true (default)
2019-09-10 22:55:03,918 [pool-107-thread-1] INFO  server.RaftServerConfigKeys (ConfUtils.java:logGet(43)) - raft.server.log.statemachine.data.sync.timeout = 10s (default)
2019-09-10 22:55:03,918 [pool-107-thread-1] INFO  server.RaftServerConfigKeys (ConfUtils.java:logGet(43)) - raft.server.log.statemachine.data.sync.timeout.retry = -1 (default)
2019-09-10 22:55:03,919 [pool-107-thread-1] INFO  server.RaftServerConfigKeys (ConfUtils.java:logGet(43)) - raft.server.log.statemachine.data.caching.enabled = true (custom)
2019-09-10 22:55:03,919 [pool-107-thread-1] INFO  segmented.SegmentedRaftLogWorker (SegmentedRaftLogWorker.java:lambda$new$0(132)) - 9a51610a-f282-4242-84b0-9cad669d08b8@group-2FD4F47AACDB-SegmentedRaftLogWorker: flushIndex: setUnconditionally 0 -> -1
2019-09-10 22:55:03,919 [pool-107-thread-1] INFO  server.RaftServerConfigKeys (ConfUtils.java:logGet(43)) - raft.server.snapshot.auto.trigger.enabled = true (custom)
2019-09-10 22:55:03,920 [pool-107-thread-1] INFO  server.RaftServerConfigKeys (ConfUtils.java:logGet(43)) - raft.server.snapshot.auto.trigger.threshold = 10000 (custom)
2019-09-10 22:55:03,920 [pool-107-thread-1] INFO  server.RaftServerConfigKeys (ConfUtils.java:logGet(43)) - raft.server.snapshot.retention.num.files = -1 (default)
2019-09-10 22:55:03,920 [pool-107-thread-1] INFO  server.RaftServerConfigKeys (ConfUtils.java:logGet(43)) - raft.server.retrycache.expirytime = 600000ms (custom)
2019-09-10 22:55:03,924 [pool-107-thread-1] INFO  impl.RaftServerImpl (RaftServerImpl.java:start(185)) - 9a51610a-f282-4242-84b0-9cad669d08b8@group-2FD4F47AACDB: start as a follower, conf=-1: [9a51610a-f282-4242-84b0-9cad669d08b8:192.168.34.57:46514], old=null
2019-09-10 22:55:03,924 [pool-107-thread-1] INFO  impl.RaftServerImpl (RaftServerImpl.java:setRole(174)) - 9a51610a-f282-4242-84b0-9cad669d08b8@group-2FD4F47AACDB: changes role from      null to FOLLOWER at term 0 for startAsFollower
2019-09-10 22:55:03,924 [pool-107-thread-1] INFO  impl.RoleInfo (RoleInfo.java:updateAndGet(143)) - 9a51610a-f282-4242-84b0-9cad669d08b8: start FollowerState
2019-09-10 22:55:03,925 [pool-107-thread-1] INFO  util.JmxRegister (JmxRegister.java:tryRegister(44)) - Successfully registered JMX Bean with object name Ratis:service=RaftServer,group=group-2FD4F47AACDB,id=9a51610a-f282-4242-84b0-9cad669d08b8
2019-09-10 22:55:03,951 [RatisPipelineUtilsThread] INFO  pipeline.PipelineStateManager (PipelineStateManager.java:addPipeline(56)) - Created pipeline Pipeline[ Id: 1b7604c0-583e-4a49-9808-2fd4f47aacdb, Nodes: 9a51610a-f282-4242-84b0-9cad669d08b8{ip: 192.168.34.57, host: pr-hdds-2106-sk2jr-1188266228, networkLocation: /default-rack, certSerialId: null}, Type:RATIS, Factor:ONE, State:OPEN]
2019-09-10 22:55:03,973 [grpc-default-executor-0] INFO  impl.RaftServerProxy (RaftServerProxy.java:addNew(89)) - 72e5a279-ca12-4c9e-91de-7e916f85cc8c: addNew group-5C95069C62EB:[72e5a279-ca12-4c9e-91de-7e916f85cc8c:192.168.34.57:37581] returns group-5C95069C62EB:java.util.concurrent.CompletableFuture@18a20bbc[Not completed]
2019-09-10 22:55:03,979 [pool-77-thread-1] INFO  impl.RaftServerImpl (RaftServerImpl.java:<init>(95)) - 72e5a279-ca12-4c9e-91de-7e916f85cc8c: new RaftServerImpl for group-5C95069C62EB:[72e5a279-ca12-4c9e-91de-7e916f85cc8c:192.168.34.57:37581] with ContainerStateMachine:uninitialized
2019-09-10 22:55:03,979 [pool-77-thread-1] INFO  server.RaftServerConfigKeys (ConfUtils.java:logGet(43)) - raft.server.rpc.timeout.min = 1s (custom)
2019-09-10 22:55:03,980 [pool-77-thread-1] INFO  server.RaftServerConfigKeys (ConfUtils.java:logGet(43)) - raft.server.rpc.timeout.max = 1200ms (custom)
2019-09-10 22:55:03,980 [pool-77-thread-1] INFO  server.RaftServerConfigKeys (ConfUtils.java:logGet(43)) - raft.server.rpcslowness.timeout = 120s (custom)
2019-09-10 22:55:03,980 [pool-77-thread-1] INFO  server.RaftServerConfigKeys (ConfUtils.java:logGet(43)) - raft.server.sleep.deviation.threshold = 300 (default)
2019-09-10 22:55:03,980 [pool-77-thread-1] INFO  server.RaftServerConfigKeys (ConfUtils.java:logGet(43)) - raft.server.log.appender.install.snapshot.enabled = false (custom)
2019-09-10 22:55:03,980 [pool-77-thread-1] INFO  impl.RaftServerImpl (ServerState.java:<init>(103)) - 72e5a279-ca12-4c9e-91de-7e916f85cc8c@group-5C95069C62EB: ConfigurationManager, init=-1: [72e5a279-ca12-4c9e-91de-7e916f85cc8c:192.168.34.57:37581], old=null, confs=<EMPTY_MAP>
2019-09-10 22:55:03,980 [pool-77-thread-1] INFO  server.RaftServerConfigKeys (ConfUtils.java:logGet(43)) - raft.server.storage.dir = [/workdir/hadoop-ozone/integration-test/target/test-dir/MiniOzoneClusterImpl-c8bd075b-66f7-4733-90c4-2d26ad6b76fb/datanode-5/data/ratis] (custom)
2019-09-10 22:55:03,981 [pool-77-thread-1] INFO  storage.RaftStorageDirectory (RaftStorageDirectory.java:analyzeStorage(246)) - The storage directory /workdir/hadoop-ozone/integration-test/target/test-dir/MiniOzoneClusterImpl-c8bd075b-66f7-4733-90c4-2d26ad6b76fb/datanode-5/data/ratis/e514add4-c9f8-4cf2-8b81-5c95069c62eb does not exist. Creating ...
2019-09-10 22:55:03,993 [pool-77-thread-1] INFO  storage.RaftStorageDirectory (RaftStorageDirectory.java:tryLock(328)) - Lock on /workdir/hadoop-ozone/integration-test/target/test-dir/MiniOzoneClusterImpl-c8bd075b-66f7-4733-90c4-2d26ad6b76fb/datanode-5/data/ratis/e514add4-c9f8-4cf2-8b81-5c95069c62eb/in_use.lock acquired by nodename 5069@pr-hdds-2106-sk2jr-1188266228
2019-09-10 22:55:04,006 [pool-77-thread-1] INFO  storage.RaftStorage (RaftStorage.java:format(72)) - Storage directory /workdir/hadoop-ozone/integration-test/target/test-dir/MiniOzoneClusterImpl-c8bd075b-66f7-4733-90c4-2d26ad6b76fb/datanode-5/data/ratis/e514add4-c9f8-4cf2-8b81-5c95069c62eb has been successfully formatted.
2019-09-10 22:55:04,006 [pool-77-thread-1] INFO  ratis.ContainerStateMachine (ContainerStateMachine.java:loadSnapshot(230)) - group-5C95069C62EB: The snapshot info is null. Setting the last applied indexto:(t:0, i:~)
2019-09-10 22:55:04,006 [pool-77-thread-1] INFO  server.RaftServerConfigKeys (ConfUtils.java:logGet(43)) - raft.server.notification.no-leader.timeout = 120s (custom)
2019-09-10 22:55:04,006 [pool-77-thread-1] INFO  server.RaftServerConfigKeys (ConfUtils.java:logGet(43)) - raft.server.log.use.memory = false (default)
2019-09-10 22:55:04,006 [pool-77-thread-1] INFO  server.RaftServerConfigKeys (ConfUtils.java:logGet(43)) - raft.server.log.purge.gap = 1000000 (custom)
2019-09-10 22:55:04,006 [pool-77-thread-1] INFO  server.RaftServerConfigKeys (ConfUtils.java:logGet(43)) - raft.server.log.appender.buffer.byte-limit = 33554432 (custom)
2019-09-10 22:55:04,007 [pool-77-thread-1] INFO  server.RaftServerConfigKeys (ConfUtils.java:logGet(43)) - raft.server.log.segment.size.max = 1048576 (custom)
2019-09-10 22:55:04,007 [pool-77-thread-1] INFO  server.RaftServerConfigKeys (ConfUtils.java:logGet(43)) - raft.server.log.segment.cache.num.max = 2 (custom)
2019-09-10 22:55:04,007 [pool-77-thread-1] INFO  segmented.SegmentedRaftLogWorker (SegmentedRaftLogWorker.java:<init>(172)) - new 72e5a279-ca12-4c9e-91de-7e916f85cc8c@group-5C95069C62EB-SegmentedRaftLogWorker for RaftStorage:Storage Directory /workdir/hadoop-ozone/integration-test/target/test-dir/MiniOzoneClusterImpl-c8bd075b-66f7-4733-90c4-2d26ad6b76fb/datanode-5/data/ratis/e514add4-c9f8-4cf2-8b81-5c95069c62eb
2019-09-10 22:55:04,010 [pool-77-thread-1] INFO  server.RaftServerConfigKeys (ConfUtils.java:logGet(43)) - raft.server.log.queue.byte-limit = 2147483647 (custom)
2019-09-10 22:55:04,010 [pool-77-thread-1] INFO  server.RaftServerConfigKeys (ConfUtils.java:logGet(43)) - raft.server.log.queue.element-limit = 1024 (custom)
2019-09-10 22:55:04,010 [pool-77-thread-1] INFO  server.RaftServerConfigKeys (ConfUtils.java:logGet(43)) - raft.server.log.segment.size.max = 1048576 (custom)
2019-09-10 22:55:04,010 [pool-77-thread-1] INFO  server.RaftServerConfigKeys (ConfUtils.java:logGet(43)) - raft.server.log.preallocated.size = 16384 (custom)
2019-09-10 22:55:04,011 [pool-77-thread-1] INFO  server.RaftServerConfigKeys (ConfUtils.java:logGet(43)) - raft.server.log.write.buffer.size = 33554432 (custom)
2019-09-10 22:55:04,011 [pool-77-thread-1] INFO  server.RaftServerConfigKeys (ConfUtils.java:logGet(43)) - raft.server.log.force.sync.num = 128 (default)
2019-09-10 22:55:04,011 [pool-77-thread-1] INFO  server.RaftServerConfigKeys (ConfUtils.java:logGet(43)) - raft.server.log.statemachine.data.sync = true (default)
2019-09-10 22:55:04,011 [pool-77-thread-1] INFO  server.RaftServerConfigKeys (ConfUtils.java:logGet(43)) - raft.server.log.statemachine.data.sync.timeout = 10s (default)
2019-09-10 22:55:04,011 [pool-77-thread-1] INFO  server.RaftServerConfigKeys (ConfUtils.java:logGet(43)) - raft.server.log.statemachine.data.sync.timeout.retry = -1 (default)
2019-09-10 22:55:04,011 [pool-77-thread-1] INFO  server.RaftServerConfigKeys (ConfUtils.java:logGet(43)) - raft.server.log.statemachine.data.caching.enabled = true (custom)
2019-09-10 22:55:04,012 [pool-77-thread-1] INFO  segmented.SegmentedRaftLogWorker (SegmentedRaftLogWorker.java:lambda$new$0(132)) - 72e5a279-ca12-4c9e-91de-7e916f85cc8c@group-5C95069C62EB-SegmentedRaftLogWorker: flushIndex: setUnconditionally 0 -> -1
2019-09-10 22:55:04,012 [pool-77-thread-1] INFO  server.RaftServerConfigKeys (ConfUtils.java:logGet(43)) - raft.server.snapshot.auto.trigger.enabled = true (custom)
2019-09-10 22:55:04,012 [pool-77-thread-1] INFO  server.RaftServerConfigKeys (ConfUtils.java:logGet(43)) - raft.server.snapshot.auto.trigger.threshold = 10000 (custom)
2019-09-10 22:55:04,012 [pool-77-thread-1] INFO  server.RaftServerConfigKeys (ConfUtils.java:logGet(43)) - raft.server.snapshot.retention.num.files = -1 (default)
2019-09-10 22:55:04,012 [pool-77-thread-1] INFO  server.RaftServerConfigKeys (ConfUtils.java:logGet(43)) - raft.server.retrycache.expirytime = 600000ms (custom)
2019-09-10 22:55:04,015 [pool-77-thread-1] INFO  impl.RaftServerImpl (RaftServerImpl.java:start(185)) - 72e5a279-ca12-4c9e-91de-7e916f85cc8c@group-5C95069C62EB: start as a follower, conf=-1: [72e5a279-ca12-4c9e-91de-7e916f85cc8c:192.168.34.57:37581], old=null
2019-09-10 22:55:04,015 [pool-77-thread-1] INFO  impl.RaftServerImpl (RaftServerImpl.java:setRole(174)) - 72e5a279-ca12-4c9e-91de-7e916f85cc8c@group-5C95069C62EB: changes role from      null to FOLLOWER at term 0 for startAsFollower
2019-09-10 22:55:04,015 [pool-77-thread-1] INFO  impl.RoleInfo (RoleInfo.java:updateAndGet(143)) - 72e5a279-ca12-4c9e-91de-7e916f85cc8c: start FollowerState
2019-09-10 22:55:04,016 [pool-77-thread-1] INFO  util.JmxRegister (JmxRegister.java:tryRegister(44)) - Successfully registered JMX Bean with object name Ratis:service=RaftServer,group=group-5C95069C62EB,id=72e5a279-ca12-4c9e-91de-7e916f85cc8c
2019-09-10 22:55:04,031 [RatisPipelineUtilsThread] INFO  pipeline.PipelineStateManager (PipelineStateManager.java:addPipeline(56)) - Created pipeline Pipeline[ Id: e514add4-c9f8-4cf2-8b81-5c95069c62eb, Nodes: 72e5a279-ca12-4c9e-91de-7e916f85cc8c{ip: 192.168.34.57, host: pr-hdds-2106-sk2jr-1188266228, networkLocation: /default-rack, certSerialId: null}, Type:RATIS, Factor:ONE, State:OPEN]
2019-09-10 22:55:04,051 [grpc-default-executor-0] INFO  impl.RaftServerProxy (RaftServerProxy.java:addNew(89)) - 2f676a21-e66b-4fec-aeac-0283d98823a1: addNew group-D78154D8C0DB:[2f676a21-e66b-4fec-aeac-0283d98823a1:192.168.34.57:34748] returns group-D78154D8C0DB:java.util.concurrent.CompletableFuture@38be2d4d[Not completed]
2019-09-10 22:55:04,056 [pool-97-thread-1] INFO  impl.RaftServerImpl (RaftServerImpl.java:<init>(95)) - 2f676a21-e66b-4fec-aeac-0283d98823a1: new RaftServerImpl for group-D78154D8C0DB:[2f676a21-e66b-4fec-aeac-0283d98823a1:192.168.34.57:34748] with ContainerStateMachine:uninitialized
2019-09-10 22:55:04,056 [pool-97-thread-1] INFO  server.RaftServerConfigKeys (ConfUtils.java:logGet(43)) - raft.server.rpc.timeout.min = 1s (custom)
2019-09-10 22:55:04,056 [pool-97-thread-1] INFO  server.RaftServerConfigKeys (ConfUtils.java:logGet(43)) - raft.server.rpc.timeout.max = 1200ms (custom)
2019-09-10 22:55:04,056 [pool-97-thread-1] INFO  server.RaftServerConfigKeys (ConfUtils.java:logGet(43)) - raft.server.rpcslowness.timeout = 120s (custom)
2019-09-10 22:55:04,056 [pool-97-thread-1] INFO  server.RaftServerConfigKeys (ConfUtils.java:logGet(43)) - raft.server.sleep.deviation.threshold = 300 (default)
2019-09-10 22:55:04,056 [pool-97-thread-1] INFO  server.RaftServerConfigKeys (ConfUtils.java:logGet(43)) - raft.server.log.appender.install.snapshot.enabled = false (custom)
2019-09-10 22:55:04,056 [pool-97-thread-1] INFO  impl.RaftServerImpl (ServerState.java:<init>(103)) - 2f676a21-e66b-4fec-aeac-0283d98823a1@group-D78154D8C0DB: ConfigurationManager, init=-1: [2f676a21-e66b-4fec-aeac-0283d98823a1:192.168.34.57:34748], old=null, confs=<EMPTY_MAP>
2019-09-10 22:55:04,057 [pool-97-thread-1] INFO  server.RaftServerConfigKeys (ConfUtils.java:logGet(43)) - raft.server.storage.dir = [/workdir/hadoop-ozone/integration-test/target/test-dir/MiniOzoneClusterImpl-c8bd075b-66f7-4733-90c4-2d26ad6b76fb/datanode-7/data/ratis] (custom)
2019-09-10 22:55:04,057 [pool-97-thread-1] INFO  storage.RaftStorageDirectory (RaftStorageDirectory.java:analyzeStorage(246)) - The storage directory /workdir/hadoop-ozone/integration-test/target/test-dir/MiniOzoneClusterImpl-c8bd075b-66f7-4733-90c4-2d26ad6b76fb/datanode-7/data/ratis/26781b4b-fdcd-4d91-85ae-d78154d8c0db does not exist. Creating ...
2019-09-10 22:55:04,070 [pool-97-thread-1] INFO  storage.RaftStorageDirectory (RaftStorageDirectory.java:tryLock(328)) - Lock on /workdir/hadoop-ozone/integration-test/target/test-dir/MiniOzoneClusterImpl-c8bd075b-66f7-4733-90c4-2d26ad6b76fb/datanode-7/data/ratis/26781b4b-fdcd-4d91-85ae-d78154d8c0db/in_use.lock acquired by nodename 5069@pr-hdds-2106-sk2jr-1188266228
2019-09-10 22:55:04,082 [pool-97-thread-1] INFO  storage.RaftStorage (RaftStorage.java:format(72)) - Storage directory /workdir/hadoop-ozone/integration-test/target/test-dir/MiniOzoneClusterImpl-c8bd075b-66f7-4733-90c4-2d26ad6b76fb/datanode-7/data/ratis/26781b4b-fdcd-4d91-85ae-d78154d8c0db has been successfully formatted.
2019-09-10 22:55:04,082 [pool-97-thread-1] INFO  ratis.ContainerStateMachine (ContainerStateMachine.java:loadSnapshot(230)) - group-D78154D8C0DB: The snapshot info is null. Setting the last applied indexto:(t:0, i:~)
2019-09-10 22:55:04,083 [pool-97-thread-1] INFO  server.RaftServerConfigKeys (ConfUtils.java:logGet(43)) - raft.server.notification.no-leader.timeout = 120s (custom)
2019-09-10 22:55:04,083 [pool-97-thread-1] INFO  server.RaftServerConfigKeys (ConfUtils.java:logGet(43)) - raft.server.log.use.memory = false (default)
2019-09-10 22:55:04,083 [pool-97-thread-1] INFO  server.RaftServerConfigKeys (ConfUtils.java:logGet(43)) - raft.server.log.purge.gap = 1000000 (custom)
2019-09-10 22:55:04,083 [pool-97-thread-1] INFO  server.RaftServerConfigKeys (ConfUtils.java:logGet(43)) - raft.server.log.appender.buffer.byte-limit = 33554432 (custom)
2019-09-10 22:55:04,083 [pool-97-thread-1] INFO  server.RaftServerConfigKeys (ConfUtils.java:logGet(43)) - raft.server.log.segment.size.max = 1048576 (custom)
2019-09-10 22:55:04,083 [pool-97-thread-1] INFO  server.RaftServerConfigKeys (ConfUtils.java:logGet(43)) - raft.server.log.segment.cache.num.max = 2 (custom)
2019-09-10 22:55:04,083 [pool-97-thread-1] INFO  segmented.SegmentedRaftLogWorker (SegmentedRaftLogWorker.java:<init>(172)) - new 2f676a21-e66b-4fec-aeac-0283d98823a1@group-D78154D8C0DB-SegmentedRaftLogWorker for RaftStorage:Storage Directory /workdir/hadoop-ozone/integration-test/target/test-dir/MiniOzoneClusterImpl-c8bd075b-66f7-4733-90c4-2d26ad6b76fb/datanode-7/data/ratis/26781b4b-fdcd-4d91-85ae-d78154d8c0db
2019-09-10 22:55:04,086 [pool-97-thread-1] INFO  server.RaftServerConfigKeys (ConfUtils.java:logGet(43)) - raft.server.log.queue.byte-limit = 2147483647 (custom)
2019-09-10 22:55:04,086 [pool-97-thread-1] INFO  server.RaftServerConfigKeys (ConfUtils.java:logGet(43)) - raft.server.log.queue.element-limit = 1024 (custom)
2019-09-10 22:55:04,086 [pool-97-thread-1] INFO  server.RaftServerConfigKeys (ConfUtils.java:logGet(43)) - raft.server.log.segment.size.max = 1048576 (custom)
2019-09-10 22:55:04,087 [pool-97-thread-1] INFO  server.RaftServerConfigKeys (ConfUtils.java:logGet(43)) - raft.server.log.preallocated.size = 16384 (custom)
2019-09-10 22:55:04,087 [pool-97-thread-1] INFO  server.RaftServerConfigKeys (ConfUtils.java:logGet(43)) - raft.server.log.write.buffer.size = 33554432 (custom)
2019-09-10 22:55:04,087 [pool-97-thread-1] INFO  server.RaftServerConfigKeys (ConfUtils.java:logGet(43)) - raft.server.log.force.sync.num = 128 (default)
2019-09-10 22:55:04,087 [pool-97-thread-1] INFO  server.RaftServerConfigKeys (ConfUtils.java:logGet(43)) - raft.server.log.statemachine.data.sync = true (default)
2019-09-10 22:55:04,087 [pool-97-thread-1] INFO  server.RaftServerConfigKeys (ConfUtils.java:logGet(43)) - raft.server.log.statemachine.data.sync.timeout = 10s (default)
2019-09-10 22:55:04,087 [pool-97-thread-1] INFO  server.RaftServerConfigKeys (ConfUtils.java:logGet(43)) - raft.server.log.statemachine.data.sync.timeout.retry = -1 (default)
2019-09-10 22:55:04,087 [pool-97-thread-1] INFO  server.RaftServerConfigKeys (ConfUtils.java:logGet(43)) - raft.server.log.statemachine.data.caching.enabled = true (custom)
2019-09-10 22:55:04,088 [pool-97-thread-1] INFO  segmented.SegmentedRaftLogWorker (SegmentedRaftLogWorker.java:lambda$new$0(132)) - 2f676a21-e66b-4fec-aeac-0283d98823a1@group-D78154D8C0DB-SegmentedRaftLogWorker: flushIndex: setUnconditionally 0 -> -1
2019-09-10 22:55:04,088 [pool-97-thread-1] INFO  server.RaftServerConfigKeys (ConfUtils.java:logGet(43)) - raft.server.snapshot.auto.trigger.enabled = true (custom)
2019-09-10 22:55:04,088 [pool-97-thread-1] INFO  server.RaftServerConfigKeys (ConfUtils.java:logGet(43)) - raft.server.snapshot.auto.trigger.threshold = 10000 (custom)
2019-09-10 22:55:04,088 [pool-97-thread-1] INFO  server.RaftServerConfigKeys (ConfUtils.java:logGet(43)) - raft.server.snapshot.retention.num.files = -1 (default)
2019-09-10 22:55:04,088 [pool-97-thread-1] INFO  server.RaftServerConfigKeys (ConfUtils.java:logGet(43)) - raft.server.retrycache.expirytime = 600000ms (custom)
2019-09-10 22:55:04,184 [pool-97-thread-1] INFO  impl.RaftServerImpl (RaftServerImpl.java:start(185)) - 2f676a21-e66b-4fec-aeac-0283d98823a1@group-D78154D8C0DB: start as a follower, conf=-1: [2f676a21-e66b-4fec-aeac-0283d98823a1:192.168.34.57:34748], old=null
2019-09-10 22:55:04,185 [pool-97-thread-1] INFO  impl.RaftServerImpl (RaftServerImpl.java:setRole(174)) - 2f676a21-e66b-4fec-aeac-0283d98823a1@group-D78154D8C0DB: changes role from      null to FOLLOWER at term 0 for startAsFollower
2019-09-10 22:55:04,185 [pool-97-thread-1] INFO  impl.RoleInfo (RoleInfo.java:updateAndGet(143)) - 2f676a21-e66b-4fec-aeac-0283d98823a1: start FollowerState
2019-09-10 22:55:04,185 [pool-97-thread-1] INFO  util.JmxRegister (JmxRegister.java:tryRegister(44)) - Successfully registered JMX Bean with object name Ratis:service=RaftServer,group=group-D78154D8C0DB,id=2f676a21-e66b-4fec-aeac-0283d98823a1
2019-09-10 22:55:04,201 [main] INFO  ozone.MiniOzoneClusterImpl (MiniOzoneClusterImpl.java:lambda$waitForClusterToBeReady$0(140)) - Cluster is ready. Got 10 of 10 DN Heartbeats.
2019-09-10 22:55:04,205 [RatisPipelineUtilsThread] INFO  pipeline.PipelineStateManager (PipelineStateManager.java:addPipeline(56)) - Created pipeline Pipeline[ Id: 26781b4b-fdcd-4d91-85ae-d78154d8c0db, Nodes: 2f676a21-e66b-4fec-aeac-0283d98823a1{ip: 192.168.34.57, host: pr-hdds-2106-sk2jr-1188266228, networkLocation: /default-rack, certSerialId: null}, Type:RATIS, Factor:ONE, State:OPEN]
2019-09-10 22:55:04,284 [grpc-default-executor-0] INFO  impl.RaftServerProxy (RaftServerProxy.java:addNew(89)) - 85b41e89-4cf3-40c5-bca2-fe675a128b85: addNew group-83A61EE6D492:[85b41e89-4cf3-40c5-bca2-fe675a128b85:192.168.34.57:35907] returns group-83A61EE6D492:java.util.concurrent.CompletableFuture@9a0c1eb[Not completed]
2019-09-10 22:55:04,289 [pool-117-thread-1] INFO  impl.RaftServerImpl (RaftServerImpl.java:<init>(95)) - 85b41e89-4cf3-40c5-bca2-fe675a128b85: new RaftServerImpl for group-83A61EE6D492:[85b41e89-4cf3-40c5-bca2-fe675a128b85:192.168.34.57:35907] with ContainerStateMachine:uninitialized
2019-09-10 22:55:04,289 [pool-117-thread-1] INFO  server.RaftServerConfigKeys (ConfUtils.java:logGet(43)) - raft.server.rpc.timeout.min = 1s (custom)
2019-09-10 22:55:04,289 [pool-117-thread-1] INFO  server.RaftServerConfigKeys (ConfUtils.java:logGet(43)) - raft.server.rpc.timeout.max = 1200ms (custom)
2019-09-10 22:55:04,289 [pool-117-thread-1] INFO  server.RaftServerConfigKeys (ConfUtils.java:logGet(43)) - raft.server.rpcslowness.timeout = 120s (custom)
2019-09-10 22:55:04,289 [pool-117-thread-1] INFO  server.RaftServerConfigKeys (ConfUtils.java:logGet(43)) - raft.server.sleep.deviation.threshold = 300 (default)
2019-09-10 22:55:04,290 [pool-117-thread-1] INFO  server.RaftServerConfigKeys (ConfUtils.java:logGet(43)) - raft.server.log.appender.install.snapshot.enabled = false (custom)
2019-09-10 22:55:04,290 [pool-117-thread-1] INFO  impl.RaftServerImpl (ServerState.java:<init>(103)) - 85b41e89-4cf3-40c5-bca2-fe675a128b85@group-83A61EE6D492: ConfigurationManager, init=-1: [85b41e89-4cf3-40c5-bca2-fe675a128b85:192.168.34.57:35907], old=null, confs=<EMPTY_MAP>
2019-09-10 22:55:04,290 [pool-117-thread-1] INFO  server.RaftServerConfigKeys (ConfUtils.java:logGet(43)) - raft.server.storage.dir = [/workdir/hadoop-ozone/integration-test/target/test-dir/MiniOzoneClusterImpl-c8bd075b-66f7-4733-90c4-2d26ad6b76fb/datanode-9/data/ratis] (custom)
2019-09-10 22:55:04,291 [pool-117-thread-1] INFO  storage.RaftStorageDirectory (RaftStorageDirectory.java:analyzeStorage(246)) - The storage directory /workdir/hadoop-ozone/integration-test/target/test-dir/MiniOzoneClusterImpl-c8bd075b-66f7-4733-90c4-2d26ad6b76fb/datanode-9/data/ratis/c086a501-6373-43bc-9f1d-83a61ee6d492 does not exist. Creating ...
2019-09-10 22:55:04,304 [pool-117-thread-1] INFO  storage.RaftStorageDirectory (RaftStorageDirectory.java:tryLock(328)) - Lock on /workdir/hadoop-ozone/integration-test/target/test-dir/MiniOzoneClusterImpl-c8bd075b-66f7-4733-90c4-2d26ad6b76fb/datanode-9/data/ratis/c086a501-6373-43bc-9f1d-83a61ee6d492/in_use.lock acquired by nodename 5069@pr-hdds-2106-sk2jr-1188266228
2019-09-10 22:55:04,318 [pool-117-thread-1] INFO  storage.RaftStorage (RaftStorage.java:format(72)) - Storage directory /workdir/hadoop-ozone/integration-test/target/test-dir/MiniOzoneClusterImpl-c8bd075b-66f7-4733-90c4-2d26ad6b76fb/datanode-9/data/ratis/c086a501-6373-43bc-9f1d-83a61ee6d492 has been successfully formatted.
2019-09-10 22:55:04,318 [pool-117-thread-1] INFO  ratis.ContainerStateMachine (ContainerStateMachine.java:loadSnapshot(230)) - group-83A61EE6D492: The snapshot info is null. Setting the last applied indexto:(t:0, i:~)
2019-09-10 22:55:04,318 [pool-117-thread-1] INFO  server.RaftServerConfigKeys (ConfUtils.java:logGet(43)) - raft.server.notification.no-leader.timeout = 120s (custom)
2019-09-10 22:55:04,318 [pool-117-thread-1] INFO  server.RaftServerConfigKeys (ConfUtils.java:logGet(43)) - raft.server.log.use.memory = false (default)
2019-09-10 22:55:04,318 [pool-117-thread-1] INFO  server.RaftServerConfigKeys (ConfUtils.java:logGet(43)) - raft.server.log.purge.gap = 1000000 (custom)
2019-09-10 22:55:04,318 [pool-117-thread-1] INFO  server.RaftServerConfigKeys (ConfUtils.java:logGet(43)) - raft.server.log.appender.buffer.byte-limit = 33554432 (custom)
2019-09-10 22:55:04,319 [pool-117-thread-1] INFO  server.RaftServerConfigKeys (ConfUtils.java:logGet(43)) - raft.server.log.segment.size.max = 1048576 (custom)
2019-09-10 22:55:04,319 [pool-117-thread-1] INFO  server.RaftServerConfigKeys (ConfUtils.java:logGet(43)) - raft.server.log.segment.cache.num.max = 2 (custom)
2019-09-10 22:55:04,319 [pool-117-thread-1] INFO  segmented.SegmentedRaftLogWorker (SegmentedRaftLogWorker.java:<init>(172)) - new 85b41e89-4cf3-40c5-bca2-fe675a128b85@group-83A61EE6D492-SegmentedRaftLogWorker for RaftStorage:Storage Directory /workdir/hadoop-ozone/integration-test/target/test-dir/MiniOzoneClusterImpl-c8bd075b-66f7-4733-90c4-2d26ad6b76fb/datanode-9/data/ratis/c086a501-6373-43bc-9f1d-83a61ee6d492
2019-09-10 22:55:04,324 [pool-117-thread-1] INFO  server.RaftServerConfigKeys (ConfUtils.java:logGet(43)) - raft.server.log.queue.byte-limit = 2147483647 (custom)
2019-09-10 22:55:04,324 [pool-117-thread-1] INFO  server.RaftServerConfigKeys (ConfUtils.java:logGet(43)) - raft.server.log.queue.element-limit = 1024 (custom)
2019-09-10 22:55:04,325 [pool-117-thread-1] INFO  server.RaftServerConfigKeys (ConfUtils.java:logGet(43)) - raft.server.log.segment.size.max = 1048576 (custom)
2019-09-10 22:55:04,325 [pool-117-thread-1] INFO  server.RaftServerConfigKeys (ConfUtils.java:logGet(43)) - raft.server.log.preallocated.size = 16384 (custom)
2019-09-10 22:55:04,325 [pool-117-thread-1] INFO  server.RaftServerConfigKeys (ConfUtils.java:logGet(43)) - raft.server.log.write.buffer.size = 33554432 (custom)
2019-09-10 22:55:04,325 [pool-117-thread-1] INFO  server.RaftServerConfigKeys (ConfUtils.java:logGet(43)) - raft.server.log.force.sync.num = 128 (default)
2019-09-10 22:55:04,325 [pool-117-thread-1] INFO  server.RaftServerConfigKeys (ConfUtils.java:logGet(43)) - raft.server.log.statemachine.data.sync = true (default)
2019-09-10 22:55:04,325 [pool-117-thread-1] INFO  server.RaftServerConfigKeys (ConfUtils.java:logGet(43)) - raft.server.log.statemachine.data.sync.timeout = 10s (default)
2019-09-10 22:55:04,325 [pool-117-thread-1] INFO  server.RaftServerConfigKeys (ConfUtils.java:logGet(43)) - raft.server.log.statemachine.data.sync.timeout.retry = -1 (default)
2019-09-10 22:55:04,326 [pool-117-thread-1] INFO  server.RaftServerConfigKeys (ConfUtils.java:logGet(43)) - raft.server.log.statemachine.data.caching.enabled = true (custom)
2019-09-10 22:55:04,326 [pool-117-thread-1] INFO  segmented.SegmentedRaftLogWorker (SegmentedRaftLogWorker.java:lambda$new$0(132)) - 85b41e89-4cf3-40c5-bca2-fe675a128b85@group-83A61EE6D492-SegmentedRaftLogWorker: flushIndex: setUnconditionally 0 -> -1
2019-09-10 22:55:04,326 [pool-117-thread-1] INFO  server.RaftServerConfigKeys (ConfUtils.java:logGet(43)) - raft.server.snapshot.auto.trigger.enabled = true (custom)
2019-09-10 22:55:04,326 [pool-117-thread-1] INFO  server.RaftServerConfigKeys (ConfUtils.java:logGet(43)) - raft.server.snapshot.auto.trigger.threshold = 10000 (custom)
2019-09-10 22:55:04,327 [pool-117-thread-1] INFO  server.RaftServerConfigKeys (ConfUtils.java:logGet(43)) - raft.server.snapshot.retention.num.files = -1 (default)
2019-09-10 22:55:04,327 [pool-117-thread-1] INFO  server.RaftServerConfigKeys (ConfUtils.java:logGet(43)) - raft.server.retrycache.expirytime = 600000ms (custom)
2019-09-10 22:55:04,329 [pool-117-thread-1] INFO  impl.RaftServerImpl (RaftServerImpl.java:start(185)) - 85b41e89-4cf3-40c5-bca2-fe675a128b85@group-83A61EE6D492: start as a follower, conf=-1: [85b41e89-4cf3-40c5-bca2-fe675a128b85:192.168.34.57:35907], old=null
2019-09-10 22:55:04,330 [pool-117-thread-1] INFO  impl.RaftServerImpl (RaftServerImpl.java:setRole(174)) - 85b41e89-4cf3-40c5-bca2-fe675a128b85@group-83A61EE6D492: changes role from      null to FOLLOWER at term 0 for startAsFollower
2019-09-10 22:55:04,330 [pool-117-thread-1] INFO  impl.RoleInfo (RoleInfo.java:updateAndGet(143)) - 85b41e89-4cf3-40c5-bca2-fe675a128b85: start FollowerState
2019-09-10 22:55:04,331 [pool-117-thread-1] INFO  util.JmxRegister (JmxRegister.java:tryRegister(44)) - Successfully registered JMX Bean with object name Ratis:service=RaftServer,group=group-83A61EE6D492,id=85b41e89-4cf3-40c5-bca2-fe675a128b85
2019-09-10 22:55:04,354 [RatisPipelineUtilsThread] INFO  pipeline.PipelineStateManager (PipelineStateManager.java:addPipeline(56)) - Created pipeline Pipeline[ Id: c086a501-6373-43bc-9f1d-83a61ee6d492, Nodes: 85b41e89-4cf3-40c5-bca2-fe675a128b85{ip: 192.168.34.57, host: pr-hdds-2106-sk2jr-1188266228, networkLocation: /default-rack, certSerialId: null}, Type:RATIS, Factor:ONE, State:OPEN]
2019-09-10 22:55:04,383 [grpc-default-executor-0] INFO  impl.RaftServerProxy (RaftServerProxy.java:addNew(89)) - aaf3f7d3-af27-4405-89a7-731c9150da26: addNew group-F2C138B323B0:[aaf3f7d3-af27-4405-89a7-731c9150da26:192.168.34.57:35719] returns group-F2C138B323B0:java.util.concurrent.CompletableFuture@7d6d1b72[Not completed]
2019-09-10 22:55:04,390 [pool-37-thread-1] INFO  impl.RaftServerImpl (RaftServerImpl.java:<init>(95)) - aaf3f7d3-af27-4405-89a7-731c9150da26: new RaftServerImpl for group-F2C138B323B0:[aaf3f7d3-af27-4405-89a7-731c9150da26:192.168.34.57:35719] with ContainerStateMachine:uninitialized
2019-09-10 22:55:04,390 [pool-37-thread-1] INFO  server.RaftServerConfigKeys (ConfUtils.java:logGet(43)) - raft.server.rpc.timeout.min = 1s (custom)
2019-09-10 22:55:04,390 [pool-37-thread-1] INFO  server.RaftServerConfigKeys (ConfUtils.java:logGet(43)) - raft.server.rpc.timeout.max = 1200ms (custom)
2019-09-10 22:55:04,391 [pool-37-thread-1] INFO  server.RaftServerConfigKeys (ConfUtils.java:logGet(43)) - raft.server.rpcslowness.timeout = 120s (custom)
2019-09-10 22:55:04,391 [pool-37-thread-1] INFO  server.RaftServerConfigKeys (ConfUtils.java:logGet(43)) - raft.server.sleep.deviation.threshold = 300 (default)
2019-09-10 22:55:04,391 [pool-37-thread-1] INFO  server.RaftServerConfigKeys (ConfUtils.java:logGet(43)) - raft.server.log.appender.install.snapshot.enabled = false (custom)
2019-09-10 22:55:04,391 [pool-37-thread-1] INFO  impl.RaftServerImpl (ServerState.java:<init>(103)) - aaf3f7d3-af27-4405-89a7-731c9150da26@group-F2C138B323B0: ConfigurationManager, init=-1: [aaf3f7d3-af27-4405-89a7-731c9150da26:192.168.34.57:35719], old=null, confs=<EMPTY_MAP>
2019-09-10 22:55:04,391 [pool-37-thread-1] INFO  server.RaftServerConfigKeys (ConfUtils.java:logGet(43)) - raft.server.storage.dir = [/workdir/hadoop-ozone/integration-test/target/test-dir/MiniOzoneClusterImpl-c8bd075b-66f7-4733-90c4-2d26ad6b76fb/datanode-1/data/ratis] (custom)
2019-09-10 22:55:04,392 [pool-37-thread-1] INFO  storage.RaftStorageDirectory (RaftStorageDirectory.java:analyzeStorage(246)) - The storage directory /workdir/hadoop-ozone/integration-test/target/test-dir/MiniOzoneClusterImpl-c8bd075b-66f7-4733-90c4-2d26ad6b76fb/datanode-1/data/ratis/460900d1-e336-44ec-bf66-f2c138b323b0 does not exist. Creating ...
2019-09-10 22:55:04,413 [pool-37-thread-1] INFO  storage.RaftStorageDirectory (RaftStorageDirectory.java:tryLock(328)) - Lock on /workdir/hadoop-ozone/integration-test/target/test-dir/MiniOzoneClusterImpl-c8bd075b-66f7-4733-90c4-2d26ad6b76fb/datanode-1/data/ratis/460900d1-e336-44ec-bf66-f2c138b323b0/in_use.lock acquired by nodename 5069@pr-hdds-2106-sk2jr-1188266228
2019-09-10 22:55:04,429 [pool-37-thread-1] INFO  storage.RaftStorage (RaftStorage.java:format(72)) - Storage directory /workdir/hadoop-ozone/integration-test/target/test-dir/MiniOzoneClusterImpl-c8bd075b-66f7-4733-90c4-2d26ad6b76fb/datanode-1/data/ratis/460900d1-e336-44ec-bf66-f2c138b323b0 has been successfully formatted.
2019-09-10 22:55:04,429 [pool-37-thread-1] INFO  ratis.ContainerStateMachine (ContainerStateMachine.java:loadSnapshot(230)) - group-F2C138B323B0: The snapshot info is null. Setting the last applied indexto:(t:0, i:~)
2019-09-10 22:55:04,429 [pool-37-thread-1] INFO  server.RaftServerConfigKeys (ConfUtils.java:logGet(43)) - raft.server.notification.no-leader.timeout = 120s (custom)
2019-09-10 22:55:04,429 [pool-37-thread-1] INFO  server.RaftServerConfigKeys (ConfUtils.java:logGet(43)) - raft.server.log.use.memory = false (default)
2019-09-10 22:55:04,430 [pool-37-thread-1] INFO  server.RaftServerConfigKeys (ConfUtils.java:logGet(43)) - raft.server.log.purge.gap = 1000000 (custom)
2019-09-10 22:55:04,430 [pool-37-thread-1] INFO  server.RaftServerConfigKeys (ConfUtils.java:logGet(43)) - raft.server.log.appender.buffer.byte-limit = 33554432 (custom)
2019-09-10 22:55:04,430 [pool-37-thread-1] INFO  server.RaftServerConfigKeys (ConfUtils.java:logGet(43)) - raft.server.log.segment.size.max = 1048576 (custom)
2019-09-10 22:55:04,430 [pool-37-thread-1] INFO  server.RaftServerConfigKeys (ConfUtils.java:logGet(43)) - raft.server.log.segment.cache.num.max = 2 (custom)
2019-09-10 22:55:04,430 [pool-37-thread-1] INFO  segmented.SegmentedRaftLogWorker (SegmentedRaftLogWorker.java:<init>(172)) - new aaf3f7d3-af27-4405-89a7-731c9150da26@group-F2C138B323B0-SegmentedRaftLogWorker for RaftStorage:Storage Directory /workdir/hadoop-ozone/integration-test/target/test-dir/MiniOzoneClusterImpl-c8bd075b-66f7-4733-90c4-2d26ad6b76fb/datanode-1/data/ratis/460900d1-e336-44ec-bf66-f2c138b323b0
2019-09-10 22:55:04,434 [pool-37-thread-1] INFO  server.RaftServerConfigKeys (ConfUtils.java:logGet(43)) - raft.server.log.queue.byte-limit = 2147483647 (custom)
2019-09-10 22:55:04,435 [pool-37-thread-1] INFO  server.RaftServerConfigKeys (ConfUtils.java:logGet(43)) - raft.server.log.queue.element-limit = 1024 (custom)
2019-09-10 22:55:04,435 [pool-37-thread-1] INFO  server.RaftServerConfigKeys (ConfUtils.java:logGet(43)) - raft.server.log.segment.size.max = 1048576 (custom)
2019-09-10 22:55:04,435 [pool-37-thread-1] INFO  server.RaftServerConfigKeys (ConfUtils.java:logGet(43)) - raft.server.log.preallocated.size = 16384 (custom)
2019-09-10 22:55:04,435 [pool-37-thread-1] INFO  server.RaftServerConfigKeys (ConfUtils.java:logGet(43)) - raft.server.log.write.buffer.size = 33554432 (custom)
2019-09-10 22:55:04,436 [pool-37-thread-1] INFO  server.RaftServerConfigKeys (ConfUtils.java:logGet(43)) - raft.server.log.force.sync.num = 128 (default)
2019-09-10 22:55:04,436 [pool-37-thread-1] INFO  server.RaftServerConfigKeys (ConfUtils.java:logGet(43)) - raft.server.log.statemachine.data.sync = true (default)
2019-09-10 22:55:04,436 [pool-37-thread-1] INFO  server.RaftServerConfigKeys (ConfUtils.java:logGet(43)) - raft.server.log.statemachine.data.sync.timeout = 10s (default)
2019-09-10 22:55:04,436 [pool-37-thread-1] INFO  server.RaftServerConfigKeys (ConfUtils.java:logGet(43)) - raft.server.log.statemachine.data.sync.timeout.retry = -1 (default)
2019-09-10 22:55:04,437 [pool-37-thread-1] INFO  server.RaftServerConfigKeys (ConfUtils.java:logGet(43)) - raft.server.log.statemachine.data.caching.enabled = true (custom)
2019-09-10 22:55:04,437 [pool-37-thread-1] INFO  segmented.SegmentedRaftLogWorker (SegmentedRaftLogWorker.java:lambda$new$0(132)) - aaf3f7d3-af27-4405-89a7-731c9150da26@group-F2C138B323B0-SegmentedRaftLogWorker: flushIndex: setUnconditionally 0 -> -1
2019-09-10 22:55:04,437 [pool-37-thread-1] INFO  server.RaftServerConfigKeys (ConfUtils.java:logGet(43)) - raft.server.snapshot.auto.trigger.enabled = true (custom)
2019-09-10 22:55:04,438 [pool-37-thread-1] INFO  server.RaftServerConfigKeys (ConfUtils.java:logGet(43)) - raft.server.snapshot.auto.trigger.threshold = 10000 (custom)
2019-09-10 22:55:04,438 [pool-37-thread-1] INFO  server.RaftServerConfigKeys (ConfUtils.java:logGet(43)) - raft.server.snapshot.retention.num.files = -1 (default)
2019-09-10 22:55:04,438 [pool-37-thread-1] INFO  server.RaftServerConfigKeys (ConfUtils.java:logGet(43)) - raft.server.retrycache.expirytime = 600000ms (custom)
2019-09-10 22:55:04,442 [pool-37-thread-1] INFO  impl.RaftServerImpl (RaftServerImpl.java:start(185)) - aaf3f7d3-af27-4405-89a7-731c9150da26@group-F2C138B323B0: start as a follower, conf=-1: [aaf3f7d3-af27-4405-89a7-731c9150da26:192.168.34.57:35719], old=null
2019-09-10 22:55:04,442 [pool-37-thread-1] INFO  impl.RaftServerImpl (RaftServerImpl.java:setRole(174)) - aaf3f7d3-af27-4405-89a7-731c9150da26@group-F2C138B323B0: changes role from      null to FOLLOWER at term 0 for startAsFollower
2019-09-10 22:55:04,442 [pool-37-thread-1] INFO  impl.RoleInfo (RoleInfo.java:updateAndGet(143)) - aaf3f7d3-af27-4405-89a7-731c9150da26: start FollowerState
2019-09-10 22:55:04,443 [pool-37-thread-1] INFO  util.JmxRegister (JmxRegister.java:tryRegister(44)) - Successfully registered JMX Bean with object name Ratis:service=RaftServer,group=group-F2C138B323B0,id=aaf3f7d3-af27-4405-89a7-731c9150da26
2019-09-10 22:55:04,462 [RatisPipelineUtilsThread] INFO  pipeline.PipelineStateManager (PipelineStateManager.java:addPipeline(56)) - Created pipeline Pipeline[ Id: 460900d1-e336-44ec-bf66-f2c138b323b0, Nodes: aaf3f7d3-af27-4405-89a7-731c9150da26{ip: 192.168.34.57, host: pr-hdds-2106-sk2jr-1188266228, networkLocation: /default-rack, certSerialId: null}, Type:RATIS, Factor:ONE, State:OPEN]
2019-09-10 22:55:04,481 [grpc-default-executor-0] INFO  impl.RaftServerProxy (RaftServerProxy.java:addNew(89)) - 61a249ca-8039-4b42-99f2-11fda8dbfc88: addNew group-DF8D497CAD04:[61a249ca-8039-4b42-99f2-11fda8dbfc88:192.168.34.57:42650] returns group-DF8D497CAD04:java.util.concurrent.CompletableFuture@84ddaa5[Not completed]
2019-09-10 22:55:04,488 [pool-47-thread-1] INFO  impl.RaftServerImpl (RaftServerImpl.java:<init>(95)) - 61a249ca-8039-4b42-99f2-11fda8dbfc88: new RaftServerImpl for group-DF8D497CAD04:[61a249ca-8039-4b42-99f2-11fda8dbfc88:192.168.34.57:42650] with ContainerStateMachine:uninitialized
2019-09-10 22:55:04,488 [pool-47-thread-1] INFO  server.RaftServerConfigKeys (ConfUtils.java:logGet(43)) - raft.server.rpc.timeout.min = 1s (custom)
2019-09-10 22:55:04,488 [pool-47-thread-1] INFO  server.RaftServerConfigKeys (ConfUtils.java:logGet(43)) - raft.server.rpc.timeout.max = 1200ms (custom)
2019-09-10 22:55:04,488 [pool-47-thread-1] INFO  server.RaftServerConfigKeys (ConfUtils.java:logGet(43)) - raft.server.rpcslowness.timeout = 120s (custom)
2019-09-10 22:55:04,488 [pool-47-thread-1] INFO  server.RaftServerConfigKeys (ConfUtils.java:logGet(43)) - raft.server.sleep.deviation.threshold = 300 (default)
2019-09-10 22:55:04,489 [pool-47-thread-1] INFO  server.RaftServerConfigKeys (ConfUtils.java:logGet(43)) - raft.server.log.appender.install.snapshot.enabled = false (custom)
2019-09-10 22:55:04,489 [pool-47-thread-1] INFO  impl.RaftServerImpl (ServerState.java:<init>(103)) - 61a249ca-8039-4b42-99f2-11fda8dbfc88@group-DF8D497CAD04: ConfigurationManager, init=-1: [61a249ca-8039-4b42-99f2-11fda8dbfc88:192.168.34.57:42650], old=null, confs=<EMPTY_MAP>
2019-09-10 22:55:04,489 [pool-47-thread-1] INFO  server.RaftServerConfigKeys (ConfUtils.java:logGet(43)) - raft.server.storage.dir = [/workdir/hadoop-ozone/integration-test/target/test-dir/MiniOzoneClusterImpl-c8bd075b-66f7-4733-90c4-2d26ad6b76fb/datanode-2/data/ratis] (custom)
2019-09-10 22:55:04,490 [pool-47-thread-1] INFO  storage.RaftStorageDirectory (RaftStorageDirectory.java:analyzeStorage(246)) - The storage directory /workdir/hadoop-ozone/integration-test/target/test-dir/MiniOzoneClusterImpl-c8bd075b-66f7-4733-90c4-2d26ad6b76fb/datanode-2/data/ratis/7281c7e4-4e93-4577-9cfe-df8d497cad04 does not exist. Creating ...
2019-09-10 22:55:04,503 [pool-47-thread-1] INFO  storage.RaftStorageDirectory (RaftStorageDirectory.java:tryLock(328)) - Lock on /workdir/hadoop-ozone/integration-test/target/test-dir/MiniOzoneClusterImpl-c8bd075b-66f7-4733-90c4-2d26ad6b76fb/datanode-2/data/ratis/7281c7e4-4e93-4577-9cfe-df8d497cad04/in_use.lock acquired by nodename 5069@pr-hdds-2106-sk2jr-1188266228
2019-09-10 22:55:04,517 [pool-47-thread-1] INFO  storage.RaftStorage (RaftStorage.java:format(72)) - Storage directory /workdir/hadoop-ozone/integration-test/target/test-dir/MiniOzoneClusterImpl-c8bd075b-66f7-4733-90c4-2d26ad6b76fb/datanode-2/data/ratis/7281c7e4-4e93-4577-9cfe-df8d497cad04 has been successfully formatted.
2019-09-10 22:55:04,517 [pool-47-thread-1] INFO  ratis.ContainerStateMachine (ContainerStateMachine.java:loadSnapshot(230)) - group-DF8D497CAD04: The snapshot info is null. Setting the last applied indexto:(t:0, i:~)
2019-09-10 22:55:04,518 [pool-47-thread-1] INFO  server.RaftServerConfigKeys (ConfUtils.java:logGet(43)) - raft.server.notification.no-leader.timeout = 120s (custom)
2019-09-10 22:55:04,518 [pool-47-thread-1] INFO  server.RaftServerConfigKeys (ConfUtils.java:logGet(43)) - raft.server.log.use.memory = false (default)
2019-09-10 22:55:04,518 [pool-47-thread-1] INFO  server.RaftServerConfigKeys (ConfUtils.java:logGet(43)) - raft.server.log.purge.gap = 1000000 (custom)
2019-09-10 22:55:04,518 [pool-47-thread-1] INFO  server.RaftServerConfigKeys (ConfUtils.java:logGet(43)) - raft.server.log.appender.buffer.byte-limit = 33554432 (custom)
2019-09-10 22:55:04,518 [pool-47-thread-1] INFO  server.RaftServerConfigKeys (ConfUtils.java:logGet(43)) - raft.server.log.segment.size.max = 1048576 (custom)
2019-09-10 22:55:04,521 [pool-47-thread-1] INFO  server.RaftServerConfigKeys (ConfUtils.java:logGet(43)) - raft.server.log.segment.cache.num.max = 2 (custom)
2019-09-10 22:55:04,521 [pool-47-thread-1] INFO  segmented.SegmentedRaftLogWorker (SegmentedRaftLogWorker.java:<init>(172)) - new 61a249ca-8039-4b42-99f2-11fda8dbfc88@group-DF8D497CAD04-SegmentedRaftLogWorker for RaftStorage:Storage Directory /workdir/hadoop-ozone/integration-test/target/test-dir/MiniOzoneClusterImpl-c8bd075b-66f7-4733-90c4-2d26ad6b76fb/datanode-2/data/ratis/7281c7e4-4e93-4577-9cfe-df8d497cad04
2019-09-10 22:55:04,524 [pool-47-thread-1] INFO  server.RaftServerConfigKeys (ConfUtils.java:logGet(43)) - raft.server.log.queue.byte-limit = 2147483647 (custom)
2019-09-10 22:55:04,524 [pool-47-thread-1] INFO  server.RaftServerConfigKeys (ConfUtils.java:logGet(43)) - raft.server.log.queue.element-limit = 1024 (custom)
2019-09-10 22:55:04,525 [pool-47-thread-1] INFO  server.RaftServerConfigKeys (ConfUtils.java:logGet(43)) - raft.server.log.segment.size.max = 1048576 (custom)
2019-09-10 22:55:04,525 [pool-47-thread-1] INFO  server.RaftServerConfigKeys (ConfUtils.java:logGet(43)) - raft.server.log.preallocated.size = 16384 (custom)
2019-09-10 22:55:04,525 [pool-47-thread-1] INFO  server.RaftServerConfigKeys (ConfUtils.java:logGet(43)) - raft.server.log.write.buffer.size = 33554432 (custom)
2019-09-10 22:55:04,525 [pool-47-thread-1] INFO  server.RaftServerConfigKeys (ConfUtils.java:logGet(43)) - raft.server.log.force.sync.num = 128 (default)
2019-09-10 22:55:04,525 [pool-47-thread-1] INFO  server.RaftServerConfigKeys (ConfUtils.java:logGet(43)) - raft.server.log.statemachine.data.sync = true (default)
2019-09-10 22:55:04,526 [pool-47-thread-1] INFO  server.RaftServerConfigKeys (ConfUtils.java:logGet(43)) - raft.server.log.statemachine.data.sync.timeout = 10s (default)
2019-09-10 22:55:04,526 [pool-47-thread-1] INFO  server.RaftServerConfigKeys (ConfUtils.java:logGet(43)) - raft.server.log.statemachine.data.sync.timeout.retry = -1 (default)
2019-09-10 22:55:04,526 [pool-47-thread-1] INFO  server.RaftServerConfigKeys (ConfUtils.java:logGet(43)) - raft.server.log.statemachine.data.caching.enabled = true (custom)
2019-09-10 22:55:04,526 [pool-47-thread-1] INFO  segmented.SegmentedRaftLogWorker (SegmentedRaftLogWorker.java:lambda$new$0(132)) - 61a249ca-8039-4b42-99f2-11fda8dbfc88@group-DF8D497CAD04-SegmentedRaftLogWorker: flushIndex: setUnconditionally 0 -> -1
2019-09-10 22:55:04,527 [pool-47-thread-1] INFO  server.RaftServerConfigKeys (ConfUtils.java:logGet(43)) - raft.server.snapshot.auto.trigger.enabled = true (custom)
2019-09-10 22:55:04,527 [pool-47-thread-1] INFO  server.RaftServerConfigKeys (ConfUtils.java:logGet(43)) - raft.server.snapshot.auto.trigger.threshold = 10000 (custom)
2019-09-10 22:55:04,527 [pool-47-thread-1] INFO  server.RaftServerConfigKeys (ConfUtils.java:logGet(43)) - raft.server.snapshot.retention.num.files = -1 (default)
2019-09-10 22:55:04,527 [pool-47-thread-1] INFO  server.RaftServerConfigKeys (ConfUtils.java:logGet(43)) - raft.server.retrycache.expirytime = 600000ms (custom)
2019-09-10 22:55:04,530 [pool-47-thread-1] INFO  impl.RaftServerImpl (RaftServerImpl.java:start(185)) - 61a249ca-8039-4b42-99f2-11fda8dbfc88@group-DF8D497CAD04: start as a follower, conf=-1: [61a249ca-8039-4b42-99f2-11fda8dbfc88:192.168.34.57:42650], old=null
2019-09-10 22:55:04,531 [pool-47-thread-1] INFO  impl.RaftServerImpl (RaftServerImpl.java:setRole(174)) - 61a249ca-8039-4b42-99f2-11fda8dbfc88@group-DF8D497CAD04: changes role from      null to FOLLOWER at term 0 for startAsFollower
2019-09-10 22:55:04,531 [pool-47-thread-1] INFO  impl.RoleInfo (RoleInfo.java:updateAndGet(143)) - 61a249ca-8039-4b42-99f2-11fda8dbfc88: start FollowerState
2019-09-10 22:55:04,531 [pool-47-thread-1] INFO  util.JmxRegister (JmxRegister.java:tryRegister(44)) - Successfully registered JMX Bean with object name Ratis:service=RaftServer,group=group-DF8D497CAD04,id=61a249ca-8039-4b42-99f2-11fda8dbfc88
2019-09-10 22:55:04,546 [RatisPipelineUtilsThread] INFO  pipeline.PipelineStateManager (PipelineStateManager.java:addPipeline(56)) - Created pipeline Pipeline[ Id: 7281c7e4-4e93-4577-9cfe-df8d497cad04, Nodes: 61a249ca-8039-4b42-99f2-11fda8dbfc88{ip: 192.168.34.57, host: pr-hdds-2106-sk2jr-1188266228, networkLocation: /default-rack, certSerialId: null}, Type:RATIS, Factor:ONE, State:OPEN]
2019-09-10 22:55:04,564 [Thread-285] INFO  impl.FollowerState (FollowerState.java:run(106)) - c564eaa4-7051-4a7d-897f-7be2f6aee35d:group-63EAE44B2098 changes to CANDIDATE, lastRpcTime:1195, electionTimeout:1188ms
2019-09-10 22:55:04,566 [Thread-285] INFO  impl.RoleInfo (RoleInfo.java:shutdownFollowerState(121)) - c564eaa4-7051-4a7d-897f-7be2f6aee35d: shutdown FollowerState
2019-09-10 22:55:04,566 [Thread-285] INFO  impl.RaftServerImpl (RaftServerImpl.java:setRole(174)) - c564eaa4-7051-4a7d-897f-7be2f6aee35d@group-63EAE44B2098: changes role from  FOLLOWER to CANDIDATE at term 0 for changeToCandidate
2019-09-10 22:55:04,583 [grpc-default-executor-0] INFO  impl.RaftServerProxy (RaftServerProxy.java:addNew(89)) - b4077d1a-3356-4504-aa81-34a6cae9caee: addNew group-A2AEF9109F6C:[b4077d1a-3356-4504-aa81-34a6cae9caee:192.168.34.57:44925] returns group-A2AEF9109F6C:java.util.concurrent.CompletableFuture@79b0a3a6[Not completed]
2019-09-10 22:55:04,589 [Thread-285] INFO  impl.RoleInfo (RoleInfo.java:updateAndGet(143)) - c564eaa4-7051-4a7d-897f-7be2f6aee35d: start LeaderElection
2019-09-10 22:55:04,600 [pool-87-thread-1] INFO  impl.RaftServerImpl (RaftServerImpl.java:<init>(95)) - b4077d1a-3356-4504-aa81-34a6cae9caee: new RaftServerImpl for group-A2AEF9109F6C:[b4077d1a-3356-4504-aa81-34a6cae9caee:192.168.34.57:44925] with ContainerStateMachine:uninitialized
2019-09-10 22:55:04,600 [pool-87-thread-1] INFO  server.RaftServerConfigKeys (ConfUtils.java:logGet(43)) - raft.server.rpc.timeout.min = 1s (custom)
2019-09-10 22:55:04,601 [pool-87-thread-1] INFO  server.RaftServerConfigKeys (ConfUtils.java:logGet(43)) - raft.server.rpc.timeout.max = 1200ms (custom)
2019-09-10 22:55:04,601 [pool-87-thread-1] INFO  server.RaftServerConfigKeys (ConfUtils.java:logGet(43)) - raft.server.rpcslowness.timeout = 120s (custom)
2019-09-10 22:55:04,601 [pool-87-thread-1] INFO  server.RaftServerConfigKeys (ConfUtils.java:logGet(43)) - raft.server.sleep.deviation.threshold = 300 (default)
2019-09-10 22:55:04,601 [pool-87-thread-1] INFO  server.RaftServerConfigKeys (ConfUtils.java:logGet(43)) - raft.server.log.appender.install.snapshot.enabled = false (custom)
2019-09-10 22:55:04,601 [pool-87-thread-1] INFO  impl.RaftServerImpl (ServerState.java:<init>(103)) - b4077d1a-3356-4504-aa81-34a6cae9caee@group-A2AEF9109F6C: ConfigurationManager, init=-1: [b4077d1a-3356-4504-aa81-34a6cae9caee:192.168.34.57:44925], old=null, confs=<EMPTY_MAP>
2019-09-10 22:55:04,602 [pool-87-thread-1] INFO  server.RaftServerConfigKeys (ConfUtils.java:logGet(43)) - raft.server.storage.dir = [/workdir/hadoop-ozone/integration-test/target/test-dir/MiniOzoneClusterImpl-c8bd075b-66f7-4733-90c4-2d26ad6b76fb/datanode-6/data/ratis] (custom)
2019-09-10 22:55:04,602 [pool-87-thread-1] INFO  storage.RaftStorageDirectory (RaftStorageDirectory.java:analyzeStorage(246)) - The storage directory /workdir/hadoop-ozone/integration-test/target/test-dir/MiniOzoneClusterImpl-c8bd075b-66f7-4733-90c4-2d26ad6b76fb/datanode-6/data/ratis/49b467d0-a049-4af4-9752-a2aef9109f6c does not exist. Creating ...
2019-09-10 22:55:04,626 [pool-87-thread-1] INFO  storage.RaftStorageDirectory (RaftStorageDirectory.java:tryLock(328)) - Lock on /workdir/hadoop-ozone/integration-test/target/test-dir/MiniOzoneClusterImpl-c8bd075b-66f7-4733-90c4-2d26ad6b76fb/datanode-6/data/ratis/49b467d0-a049-4af4-9752-a2aef9109f6c/in_use.lock acquired by nodename 5069@pr-hdds-2106-sk2jr-1188266228
2019-09-10 22:55:04,626 [c564eaa4-7051-4a7d-897f-7be2f6aee35d@group-63EAE44B2098:LeaderElection1] INFO  impl.LeaderElection (LeaderElection.java:askForVotes(182)) - c564eaa4-7051-4a7d-897f-7be2f6aee35d@group-63EAE44B2098:LeaderElection1: begin an election at term 1 for -1: [c564eaa4-7051-4a7d-897f-7be2f6aee35d:192.168.34.57:35085], old=null
2019-09-10 22:55:04,628 [c564eaa4-7051-4a7d-897f-7be2f6aee35d@group-63EAE44B2098:LeaderElection1] INFO  impl.RoleInfo (RoleInfo.java:shutdownLeaderElection(134)) - c564eaa4-7051-4a7d-897f-7be2f6aee35d: shutdown LeaderElection
2019-09-10 22:55:04,628 [c564eaa4-7051-4a7d-897f-7be2f6aee35d@group-63EAE44B2098:LeaderElection1] INFO  impl.RaftServerImpl (RaftServerImpl.java:setRole(174)) - c564eaa4-7051-4a7d-897f-7be2f6aee35d@group-63EAE44B2098: changes role from CANDIDATE to LEADER at term 1 for changeToLeader
2019-09-10 22:55:04,628 [c564eaa4-7051-4a7d-897f-7be2f6aee35d@group-63EAE44B2098:LeaderElection1] INFO  impl.RaftServerImpl (ServerState.java:setLeader(253)) - c564eaa4-7051-4a7d-897f-7be2f6aee35d@group-63EAE44B2098: change Leader from null to c564eaa4-7051-4a7d-897f-7be2f6aee35d at term 1 for becomeLeader, leader elected after 1389ms
2019-09-10 22:55:04,634 [c564eaa4-7051-4a7d-897f-7be2f6aee35d@group-63EAE44B2098:LeaderElection1] INFO  server.RaftServerConfigKeys (ConfUtils.java:logGet(43)) - raft.server.staging.catchup.gap = 1000 (default)
2019-09-10 22:55:04,634 [c564eaa4-7051-4a7d-897f-7be2f6aee35d@group-63EAE44B2098:LeaderElection1] INFO  server.RaftServerConfigKeys (ConfUtils.java:logGet(43)) - raft.server.rpc.sleep.time = 25ms (default)
2019-09-10 22:55:04,637 [c564eaa4-7051-4a7d-897f-7be2f6aee35d@group-63EAE44B2098:LeaderElection1] INFO  server.RaftServerConfigKeys (ConfUtils.java:logGet(43)) - raft.server.write.element-limit = 4096 (default)
2019-09-10 22:55:04,641 [c564eaa4-7051-4a7d-897f-7be2f6aee35d@group-63EAE44B2098:LeaderElection1] INFO  server.RaftServerConfigKeys (ConfUtils.java:logGet(43)) - raft.server.watch.timeout = 10s (default)
2019-09-10 22:55:04,641 [c564eaa4-7051-4a7d-897f-7be2f6aee35d@group-63EAE44B2098:LeaderElection1] INFO  server.RaftServerConfigKeys (ConfUtils.java:logGet(43)) - raft.server.watch.timeout.denomination = 1s (default)
2019-09-10 22:55:04,642 [c564eaa4-7051-4a7d-897f-7be2f6aee35d@group-63EAE44B2098:LeaderElection1] INFO  server.RaftServerConfigKeys (ConfUtils.java:logGet(43)) - raft.server.watch.element-limit = 65536 (default)
2019-09-10 22:55:04,649 [pool-87-thread-1] INFO  storage.RaftStorage (RaftStorage.java:format(72)) - Storage directory /workdir/hadoop-ozone/integration-test/target/test-dir/MiniOzoneClusterImpl-c8bd075b-66f7-4733-90c4-2d26ad6b76fb/datanode-6/data/ratis/49b467d0-a049-4af4-9752-a2aef9109f6c has been successfully formatted.
2019-09-10 22:55:04,650 [pool-87-thread-1] INFO  ratis.ContainerStateMachine (ContainerStateMachine.java:loadSnapshot(230)) - group-A2AEF9109F6C: The snapshot info is null. Setting the last applied indexto:(t:0, i:~)
2019-09-10 22:55:04,650 [pool-87-thread-1] INFO  server.RaftServerConfigKeys (ConfUtils.java:logGet(43)) - raft.server.notification.no-leader.timeout = 120s (custom)
2019-09-10 22:55:04,650 [pool-87-thread-1] INFO  server.RaftServerConfigKeys (ConfUtils.java:logGet(43)) - raft.server.log.use.memory = false (default)
2019-09-10 22:55:04,650 [pool-87-thread-1] INFO  server.RaftServerConfigKeys (ConfUtils.java:logGet(43)) - raft.server.log.purge.gap = 1000000 (custom)
2019-09-10 22:55:04,651 [pool-87-thread-1] INFO  server.RaftServerConfigKeys (ConfUtils.java:logGet(43)) - raft.server.log.appender.buffer.byte-limit = 33554432 (custom)
2019-09-10 22:55:04,651 [pool-87-thread-1] INFO  server.RaftServerConfigKeys (ConfUtils.java:logGet(43)) - raft.server.log.segment.size.max = 1048576 (custom)
2019-09-10 22:55:04,651 [pool-87-thread-1] INFO  server.RaftServerConfigKeys (ConfUtils.java:logGet(43)) - raft.server.log.segment.cache.num.max = 2 (custom)
2019-09-10 22:55:04,651 [pool-87-thread-1] INFO  segmented.SegmentedRaftLogWorker (SegmentedRaftLogWorker.java:<init>(172)) - new b4077d1a-3356-4504-aa81-34a6cae9caee@group-A2AEF9109F6C-SegmentedRaftLogWorker for RaftStorage:Storage Directory /workdir/hadoop-ozone/integration-test/target/test-dir/MiniOzoneClusterImpl-c8bd075b-66f7-4733-90c4-2d26ad6b76fb/datanode-6/data/ratis/49b467d0-a049-4af4-9752-a2aef9109f6c
2019-09-10 22:55:04,651 [c564eaa4-7051-4a7d-897f-7be2f6aee35d@group-63EAE44B2098:LeaderElection1] INFO  impl.RoleInfo (RoleInfo.java:updateAndGet(143)) - c564eaa4-7051-4a7d-897f-7be2f6aee35d: start LeaderState
2019-09-10 22:55:04,655 [pool-87-thread-1] INFO  server.RaftServerConfigKeys (ConfUtils.java:logGet(43)) - raft.server.log.queue.byte-limit = 2147483647 (custom)
2019-09-10 22:55:04,655 [pool-87-thread-1] INFO  server.RaftServerConfigKeys (ConfUtils.java:logGet(43)) - raft.server.log.queue.element-limit = 1024 (custom)
2019-09-10 22:55:04,655 [pool-87-thread-1] INFO  server.RaftServerConfigKeys (ConfUtils.java:logGet(43)) - raft.server.log.segment.size.max = 1048576 (custom)
2019-09-10 22:55:04,656 [pool-87-thread-1] INFO  server.RaftServerConfigKeys (ConfUtils.java:logGet(43)) - raft.server.log.preallocated.size = 16384 (custom)
2019-09-10 22:55:04,656 [pool-87-thread-1] INFO  server.RaftServerConfigKeys (ConfUtils.java:logGet(43)) - raft.server.log.write.buffer.size = 33554432 (custom)
2019-09-10 22:55:04,656 [pool-87-thread-1] INFO  server.RaftServerConfigKeys (ConfUtils.java:logGet(43)) - raft.server.log.force.sync.num = 128 (default)
2019-09-10 22:55:04,656 [pool-87-thread-1] INFO  server.RaftServerConfigKeys (ConfUtils.java:logGet(43)) - raft.server.log.statemachine.data.sync = true (default)
2019-09-10 22:55:04,656 [pool-87-thread-1] INFO  server.RaftServerConfigKeys (ConfUtils.java:logGet(43)) - raft.server.log.statemachine.data.sync.timeout = 10s (default)
2019-09-10 22:55:04,656 [pool-87-thread-1] INFO  server.RaftServerConfigKeys (ConfUtils.java:logGet(43)) - raft.server.log.statemachine.data.sync.timeout.retry = -1 (default)
2019-09-10 22:55:04,657 [pool-87-thread-1] INFO  server.RaftServerConfigKeys (ConfUtils.java:logGet(43)) - raft.server.log.statemachine.data.caching.enabled = true (custom)
2019-09-10 22:55:04,657 [pool-87-thread-1] INFO  segmented.SegmentedRaftLogWorker (SegmentedRaftLogWorker.java:lambda$new$0(132)) - b4077d1a-3356-4504-aa81-34a6cae9caee@group-A2AEF9109F6C-SegmentedRaftLogWorker: flushIndex: setUnconditionally 0 -> -1
2019-09-10 22:55:04,657 [pool-87-thread-1] INFO  server.RaftServerConfigKeys (ConfUtils.java:logGet(43)) - raft.server.snapshot.auto.trigger.enabled = true (custom)
2019-09-10 22:55:04,657 [pool-87-thread-1] INFO  server.RaftServerConfigKeys (ConfUtils.java:logGet(43)) - raft.server.snapshot.auto.trigger.threshold = 10000 (custom)
2019-09-10 22:55:04,658 [pool-87-thread-1] INFO  server.RaftServerConfigKeys (ConfUtils.java:logGet(43)) - raft.server.snapshot.retention.num.files = -1 (default)
2019-09-10 22:55:04,658 [pool-87-thread-1] INFO  server.RaftServerConfigKeys (ConfUtils.java:logGet(43)) - raft.server.retrycache.expirytime = 600000ms (custom)
2019-09-10 22:55:04,658 [Thread-288] INFO  impl.FollowerState (FollowerState.java:run(106)) - cd8a5650-cbc3-492b-920c-c46f29e91709:group-D411FD4ECB82 changes to CANDIDATE, lastRpcTime:1033, electionTimeout:1030ms
2019-09-10 22:55:04,667 [Thread-288] INFO  impl.RoleInfo (RoleInfo.java:shutdownFollowerState(121)) - cd8a5650-cbc3-492b-920c-c46f29e91709: shutdown FollowerState
2019-09-10 22:55:04,667 [Thread-288] INFO  impl.RaftServerImpl (RaftServerImpl.java:setRole(174)) - cd8a5650-cbc3-492b-920c-c46f29e91709@group-D411FD4ECB82: changes role from  FOLLOWER to CANDIDATE at term 0 for changeToCandidate
2019-09-10 22:55:04,667 [Thread-288] INFO  impl.RoleInfo (RoleInfo.java:updateAndGet(143)) - cd8a5650-cbc3-492b-920c-c46f29e91709: start LeaderElection
2019-09-10 22:55:04,674 [pool-87-thread-1] INFO  impl.RaftServerImpl (RaftServerImpl.java:start(185)) - b4077d1a-3356-4504-aa81-34a6cae9caee@group-A2AEF9109F6C: start as a follower, conf=-1: [b4077d1a-3356-4504-aa81-34a6cae9caee:192.168.34.57:44925], old=null
2019-09-10 22:55:04,674 [pool-87-thread-1] INFO  impl.RaftServerImpl (RaftServerImpl.java:setRole(174)) - b4077d1a-3356-4504-aa81-34a6cae9caee@group-A2AEF9109F6C: changes role from      null to FOLLOWER at term 0 for startAsFollower
2019-09-10 22:55:04,674 [pool-87-thread-1] INFO  impl.RoleInfo (RoleInfo.java:updateAndGet(143)) - b4077d1a-3356-4504-aa81-34a6cae9caee: start FollowerState
2019-09-10 22:55:04,675 [pool-87-thread-1] INFO  util.JmxRegister (JmxRegister.java:tryRegister(44)) - Successfully registered JMX Bean with object name Ratis:service=RaftServer,group=group-A2AEF9109F6C,id=b4077d1a-3356-4504-aa81-34a6cae9caee
2019-09-10 22:55:04,687 [cd8a5650-cbc3-492b-920c-c46f29e91709@group-D411FD4ECB82:LeaderElection2] INFO  impl.LeaderElection (LeaderElection.java:askForVotes(182)) - cd8a5650-cbc3-492b-920c-c46f29e91709@group-D411FD4ECB82:LeaderElection2: begin an election at term 1 for -1: [cd8a5650-cbc3-492b-920c-c46f29e91709:192.168.34.57:39597], old=null
2019-09-10 22:55:04,687 [cd8a5650-cbc3-492b-920c-c46f29e91709@group-D411FD4ECB82:LeaderElection2] INFO  impl.RoleInfo (RoleInfo.java:shutdownLeaderElection(134)) - cd8a5650-cbc3-492b-920c-c46f29e91709: shutdown LeaderElection
2019-09-10 22:55:04,687 [cd8a5650-cbc3-492b-920c-c46f29e91709@group-D411FD4ECB82:LeaderElection2] INFO  impl.RaftServerImpl (RaftServerImpl.java:setRole(174)) - cd8a5650-cbc3-492b-920c-c46f29e91709@group-D411FD4ECB82: changes role from CANDIDATE to LEADER at term 1 for changeToLeader
2019-09-10 22:55:04,687 [cd8a5650-cbc3-492b-920c-c46f29e91709@group-D411FD4ECB82:LeaderElection2] INFO  impl.RaftServerImpl (ServerState.java:setLeader(253)) - cd8a5650-cbc3-492b-920c-c46f29e91709@group-D411FD4ECB82: change Leader from null to cd8a5650-cbc3-492b-920c-c46f29e91709 at term 1 for becomeLeader, leader elected after 1083ms
2019-09-10 22:55:04,687 [RatisPipelineUtilsThread] INFO  pipeline.PipelineStateManager (PipelineStateManager.java:addPipeline(56)) - Created pipeline Pipeline[ Id: 49b467d0-a049-4af4-9752-a2aef9109f6c, Nodes: b4077d1a-3356-4504-aa81-34a6cae9caee{ip: 192.168.34.57, host: pr-hdds-2106-sk2jr-1188266228, networkLocation: /default-rack, certSerialId: null}, Type:RATIS, Factor:ONE, State:OPEN]
2019-09-10 22:55:04,687 [cd8a5650-cbc3-492b-920c-c46f29e91709@group-D411FD4ECB82:LeaderElection2] INFO  server.RaftServerConfigKeys (ConfUtils.java:logGet(43)) - raft.server.staging.catchup.gap = 1000 (default)
2019-09-10 22:55:04,688 [cd8a5650-cbc3-492b-920c-c46f29e91709@group-D411FD4ECB82:LeaderElection2] INFO  server.RaftServerConfigKeys (ConfUtils.java:logGet(43)) - raft.server.rpc.sleep.time = 25ms (default)
2019-09-10 22:55:04,688 [cd8a5650-cbc3-492b-920c-c46f29e91709@group-D411FD4ECB82:LeaderElection2] INFO  server.RaftServerConfigKeys (ConfUtils.java:logGet(43)) - raft.server.write.element-limit = 4096 (default)
2019-09-10 22:55:04,693 [cd8a5650-cbc3-492b-920c-c46f29e91709@group-D411FD4ECB82:LeaderElection2] INFO  server.RaftServerConfigKeys (ConfUtils.java:logGet(43)) - raft.server.watch.timeout = 10s (default)
2019-09-10 22:55:04,694 [cd8a5650-cbc3-492b-920c-c46f29e91709@group-D411FD4ECB82:LeaderElection2] INFO  server.RaftServerConfigKeys (ConfUtils.java:logGet(43)) - raft.server.watch.timeout.denomination = 1s (default)
2019-09-10 22:55:04,694 [cd8a5650-cbc3-492b-920c-c46f29e91709@group-D411FD4ECB82:LeaderElection2] INFO  server.RaftServerConfigKeys (ConfUtils.java:logGet(43)) - raft.server.watch.element-limit = 65536 (default)
2019-09-10 22:55:04,695 [c564eaa4-7051-4a7d-897f-7be2f6aee35d@group-63EAE44B2098:LeaderElection1] INFO  segmented.SegmentedRaftLogWorker (SegmentedRaftLogWorker.java:startLogSegment(380)) - c564eaa4-7051-4a7d-897f-7be2f6aee35d@group-63EAE44B2098-SegmentedRaftLogWorker: Starting segment from index:0
2019-09-10 22:55:04,700 [cd8a5650-cbc3-492b-920c-c46f29e91709@group-D411FD4ECB82:LeaderElection2] INFO  impl.RoleInfo (RoleInfo.java:updateAndGet(143)) - cd8a5650-cbc3-492b-920c-c46f29e91709: start LeaderState
2019-09-10 22:55:04,703 [cd8a5650-cbc3-492b-920c-c46f29e91709@group-D411FD4ECB82:LeaderElection2] INFO  segmented.SegmentedRaftLogWorker (SegmentedRaftLogWorker.java:startLogSegment(380)) - cd8a5650-cbc3-492b-920c-c46f29e91709@group-D411FD4ECB82-SegmentedRaftLogWorker: Starting segment from index:0
2019-09-10 22:55:04,736 [c564eaa4-7051-4a7d-897f-7be2f6aee35d@group-63EAE44B2098:LeaderElection1] INFO  impl.RaftServerImpl (ServerState.java:setRaftConf(354)) - c564eaa4-7051-4a7d-897f-7be2f6aee35d@group-63EAE44B2098: set configuration 0: [c564eaa4-7051-4a7d-897f-7be2f6aee35d:192.168.34.57:35085], old=null at 0
2019-09-10 22:55:04,736 [cd8a5650-cbc3-492b-920c-c46f29e91709@group-D411FD4ECB82:LeaderElection2] INFO  impl.RaftServerImpl (ServerState.java:setRaftConf(354)) - cd8a5650-cbc3-492b-920c-c46f29e91709@group-D411FD4ECB82: set configuration 0: [cd8a5650-cbc3-492b-920c-c46f29e91709:192.168.34.57:39597], old=null at 0
2019-09-10 22:55:04,737 [grpc-default-executor-1] INFO  impl.RaftServerProxy (RaftServerProxy.java:addNew(89)) - 06814ee9-24b9-4aa5-b290-a3e9e2a386ef: addNew group-05F713A51810:[c564eaa4-7051-4a7d-897f-7be2f6aee35d:192.168.34.57:35085, cd8a5650-cbc3-492b-920c-c46f29e91709:192.168.34.57:39597, 06814ee9-24b9-4aa5-b290-a3e9e2a386ef:192.168.34.57:44097] returns group-05F713A51810:java.util.concurrent.CompletableFuture@68eb2db5[Not completed]
2019-09-10 22:55:04,737 [grpc-default-executor-2] INFO  impl.RaftServerProxy (RaftServerProxy.java:addNew(89)) - cd8a5650-cbc3-492b-920c-c46f29e91709: addNew group-05F713A51810:[c564eaa4-7051-4a7d-897f-7be2f6aee35d:192.168.34.57:35085, cd8a5650-cbc3-492b-920c-c46f29e91709:192.168.34.57:39597, 06814ee9-24b9-4aa5-b290-a3e9e2a386ef:192.168.34.57:44097] returns group-05F713A51810:java.util.concurrent.CompletableFuture@2ae212a9[Not completed]
2019-09-10 22:55:04,746 [pool-67-thread-1] INFO  impl.RaftServerImpl (RaftServerImpl.java:<init>(95)) - 06814ee9-24b9-4aa5-b290-a3e9e2a386ef: new RaftServerImpl for group-05F713A51810:[c564eaa4-7051-4a7d-897f-7be2f6aee35d:192.168.34.57:35085, cd8a5650-cbc3-492b-920c-c46f29e91709:192.168.34.57:39597, 06814ee9-24b9-4aa5-b290-a3e9e2a386ef:192.168.34.57:44097] with ContainerStateMachine:uninitialized
2019-09-10 22:55:04,746 [pool-67-thread-1] INFO  server.RaftServerConfigKeys (ConfUtils.java:logGet(43)) - raft.server.rpc.timeout.min = 1s (custom)
2019-09-10 22:55:04,746 [pool-67-thread-1] INFO  server.RaftServerConfigKeys (ConfUtils.java:logGet(43)) - raft.server.rpc.timeout.max = 1200ms (custom)
2019-09-10 22:55:04,746 [pool-67-thread-1] INFO  server.RaftServerConfigKeys (ConfUtils.java:logGet(43)) - raft.server.rpcslowness.timeout = 120s (custom)
2019-09-10 22:55:04,746 [pool-67-thread-1] INFO  server.RaftServerConfigKeys (ConfUtils.java:logGet(43)) - raft.server.sleep.deviation.threshold = 300 (default)
2019-09-10 22:55:04,746 [grpc-default-executor-2] INFO  impl.RaftServerProxy (RaftServerProxy.java:addNew(89)) - c564eaa4-7051-4a7d-897f-7be2f6aee35d: addNew group-05F713A51810:[c564eaa4-7051-4a7d-897f-7be2f6aee35d:192.168.34.57:35085, cd8a5650-cbc3-492b-920c-c46f29e91709:192.168.34.57:39597, 06814ee9-24b9-4aa5-b290-a3e9e2a386ef:192.168.34.57:44097] returns group-05F713A51810:java.util.concurrent.CompletableFuture@2edd932d[Not completed]
2019-09-10 22:55:04,746 [pool-67-thread-1] INFO  server.RaftServerConfigKeys (ConfUtils.java:logGet(43)) - raft.server.log.appender.install.snapshot.enabled = false (custom)
2019-09-10 22:55:04,747 [pool-67-thread-1] INFO  impl.RaftServerImpl (ServerState.java:<init>(103)) - 06814ee9-24b9-4aa5-b290-a3e9e2a386ef@group-05F713A51810: ConfigurationManager, init=-1: [c564eaa4-7051-4a7d-897f-7be2f6aee35d:192.168.34.57:35085, cd8a5650-cbc3-492b-920c-c46f29e91709:192.168.34.57:39597, 06814ee9-24b9-4aa5-b290-a3e9e2a386ef:192.168.34.57:44097], old=null, confs=<EMPTY_MAP>
2019-09-10 22:55:04,747 [pool-67-thread-1] INFO  server.RaftServerConfigKeys (ConfUtils.java:logGet(43)) - raft.server.storage.dir = [/workdir/hadoop-ozone/integration-test/target/test-dir/MiniOzoneClusterImpl-c8bd075b-66f7-4733-90c4-2d26ad6b76fb/datanode-4/data/ratis] (custom)
2019-09-10 22:55:04,747 [pool-57-thread-1] INFO  impl.RaftServerImpl (RaftServerImpl.java:<init>(95)) - cd8a5650-cbc3-492b-920c-c46f29e91709: new RaftServerImpl for group-05F713A51810:[c564eaa4-7051-4a7d-897f-7be2f6aee35d:192.168.34.57:35085, cd8a5650-cbc3-492b-920c-c46f29e91709:192.168.34.57:39597, 06814ee9-24b9-4aa5-b290-a3e9e2a386ef:192.168.34.57:44097] with ContainerStateMachine:uninitialized
2019-09-10 22:55:04,747 [pool-57-thread-1] INFO  server.RaftServerConfigKeys (ConfUtils.java:logGet(43)) - raft.server.rpc.timeout.min = 1s (custom)
2019-09-10 22:55:04,747 [pool-67-thread-1] INFO  storage.RaftStorageDirectory (RaftStorageDirectory.java:analyzeStorage(246)) - The storage directory /workdir/hadoop-ozone/integration-test/target/test-dir/MiniOzoneClusterImpl-c8bd075b-66f7-4733-90c4-2d26ad6b76fb/datanode-4/data/ratis/8e72557a-6eb0-4d45-a7c1-05f713a51810 does not exist. Creating ...
2019-09-10 22:55:04,747 [pool-57-thread-1] INFO  server.RaftServerConfigKeys (ConfUtils.java:logGet(43)) - raft.server.rpc.timeout.max = 1200ms (custom)
2019-09-10 22:55:04,748 [pool-57-thread-1] INFO  server.RaftServerConfigKeys (ConfUtils.java:logGet(43)) - raft.server.rpcslowness.timeout = 120s (custom)
2019-09-10 22:55:04,748 [pool-57-thread-1] INFO  server.RaftServerConfigKeys (ConfUtils.java:logGet(43)) - raft.server.sleep.deviation.threshold = 300 (default)
2019-09-10 22:55:04,748 [pool-57-thread-1] INFO  server.RaftServerConfigKeys (ConfUtils.java:logGet(43)) - raft.server.log.appender.install.snapshot.enabled = false (custom)
2019-09-10 22:55:04,748 [pool-57-thread-1] INFO  impl.RaftServerImpl (ServerState.java:<init>(103)) - cd8a5650-cbc3-492b-920c-c46f29e91709@group-05F713A51810: ConfigurationManager, init=-1: [c564eaa4-7051-4a7d-897f-7be2f6aee35d:192.168.34.57:35085, cd8a5650-cbc3-492b-920c-c46f29e91709:192.168.34.57:39597, 06814ee9-24b9-4aa5-b290-a3e9e2a386ef:192.168.34.57:44097], old=null, confs=<EMPTY_MAP>
2019-09-10 22:55:04,748 [pool-57-thread-1] INFO  server.RaftServerConfigKeys (ConfUtils.java:logGet(43)) - raft.server.storage.dir = [/workdir/hadoop-ozone/integration-test/target/test-dir/MiniOzoneClusterImpl-c8bd075b-66f7-4733-90c4-2d26ad6b76fb/datanode-3/data/ratis] (custom)
2019-09-10 22:55:04,748 [pool-27-thread-1] INFO  impl.RaftServerImpl (RaftServerImpl.java:<init>(95)) - c564eaa4-7051-4a7d-897f-7be2f6aee35d: new RaftServerImpl for group-05F713A51810:[c564eaa4-7051-4a7d-897f-7be2f6aee35d:192.168.34.57:35085, cd8a5650-cbc3-492b-920c-c46f29e91709:192.168.34.57:39597, 06814ee9-24b9-4aa5-b290-a3e9e2a386ef:192.168.34.57:44097] with ContainerStateMachine:uninitialized
2019-09-10 22:55:04,749 [pool-27-thread-1] INFO  server.RaftServerConfigKeys (ConfUtils.java:logGet(43)) - raft.server.rpc.timeout.min = 1s (custom)
2019-09-10 22:55:04,749 [pool-57-thread-1] INFO  storage.RaftStorageDirectory (RaftStorageDirectory.java:analyzeStorage(246)) - The storage directory /workdir/hadoop-ozone/integration-test/target/test-dir/MiniOzoneClusterImpl-c8bd075b-66f7-4733-90c4-2d26ad6b76fb/datanode-3/data/ratis/8e72557a-6eb0-4d45-a7c1-05f713a51810 does not exist. Creating ...
2019-09-10 22:55:04,749 [pool-27-thread-1] INFO  server.RaftServerConfigKeys (ConfUtils.java:logGet(43)) - raft.server.rpc.timeout.max = 1200ms (custom)
2019-09-10 22:55:04,749 [pool-27-thread-1] INFO  server.RaftServerConfigKeys (ConfUtils.java:logGet(43)) - raft.server.rpcslowness.timeout = 120s (custom)
2019-09-10 22:55:04,749 [pool-27-thread-1] INFO  server.RaftServerConfigKeys (ConfUtils.java:logGet(43)) - raft.server.sleep.deviation.threshold = 300 (default)
2019-09-10 22:55:04,750 [pool-27-thread-1] INFO  server.RaftServerConfigKeys (ConfUtils.java:logGet(43)) - raft.server.log.appender.install.snapshot.enabled = false (custom)
2019-09-10 22:55:04,750 [pool-27-thread-1] INFO  impl.RaftServerImpl (ServerState.java:<init>(103)) - c564eaa4-7051-4a7d-897f-7be2f6aee35d@group-05F713A51810: ConfigurationManager, init=-1: [c564eaa4-7051-4a7d-897f-7be2f6aee35d:192.168.34.57:35085, cd8a5650-cbc3-492b-920c-c46f29e91709:192.168.34.57:39597, 06814ee9-24b9-4aa5-b290-a3e9e2a386ef:192.168.34.57:44097], old=null, confs=<EMPTY_MAP>
2019-09-10 22:55:04,750 [pool-27-thread-1] INFO  server.RaftServerConfigKeys (ConfUtils.java:logGet(43)) - raft.server.storage.dir = [/workdir/hadoop-ozone/integration-test/target/test-dir/MiniOzoneClusterImpl-c8bd075b-66f7-4733-90c4-2d26ad6b76fb/datanode-0/data/ratis] (custom)
2019-09-10 22:55:04,751 [pool-27-thread-1] INFO  storage.RaftStorageDirectory (RaftStorageDirectory.java:analyzeStorage(246)) - The storage directory /workdir/hadoop-ozone/integration-test/target/test-dir/MiniOzoneClusterImpl-c8bd075b-66f7-4733-90c4-2d26ad6b76fb/datanode-0/data/ratis/8e72557a-6eb0-4d45-a7c1-05f713a51810 does not exist. Creating ...
2019-09-10 22:55:04,760 [pool-27-thread-1] INFO  storage.RaftStorageDirectory (RaftStorageDirectory.java:tryLock(328)) - Lock on /workdir/hadoop-ozone/integration-test/target/test-dir/MiniOzoneClusterImpl-c8bd075b-66f7-4733-90c4-2d26ad6b76fb/datanode-0/data/ratis/8e72557a-6eb0-4d45-a7c1-05f713a51810/in_use.lock acquired by nodename 5069@pr-hdds-2106-sk2jr-1188266228
2019-09-10 22:55:04,760 [pool-57-thread-1] INFO  storage.RaftStorageDirectory (RaftStorageDirectory.java:tryLock(328)) - Lock on /workdir/hadoop-ozone/integration-test/target/test-dir/MiniOzoneClusterImpl-c8bd075b-66f7-4733-90c4-2d26ad6b76fb/datanode-3/data/ratis/8e72557a-6eb0-4d45-a7c1-05f713a51810/in_use.lock acquired by nodename 5069@pr-hdds-2106-sk2jr-1188266228
2019-09-10 22:55:04,760 [pool-67-thread-1] INFO  storage.RaftStorageDirectory (RaftStorageDirectory.java:tryLock(328)) - Lock on /workdir/hadoop-ozone/integration-test/target/test-dir/MiniOzoneClusterImpl-c8bd075b-66f7-4733-90c4-2d26ad6b76fb/datanode-4/data/ratis/8e72557a-6eb0-4d45-a7c1-05f713a51810/in_use.lock acquired by nodename 5069@pr-hdds-2106-sk2jr-1188266228
2019-09-10 22:55:04,774 [pool-27-thread-1] INFO  storage.RaftStorage (RaftStorage.java:format(72)) - Storage directory /workdir/hadoop-ozone/integration-test/target/test-dir/MiniOzoneClusterImpl-c8bd075b-66f7-4733-90c4-2d26ad6b76fb/datanode-0/data/ratis/8e72557a-6eb0-4d45-a7c1-05f713a51810 has been successfully formatted.
2019-09-10 22:55:04,774 [pool-67-thread-1] INFO  storage.RaftStorage (RaftStorage.java:format(72)) - Storage directory /workdir/hadoop-ozone/integration-test/target/test-dir/MiniOzoneClusterImpl-c8bd075b-66f7-4733-90c4-2d26ad6b76fb/datanode-4/data/ratis/8e72557a-6eb0-4d45-a7c1-05f713a51810 has been successfully formatted.
2019-09-10 22:55:04,774 [pool-27-thread-1] INFO  ratis.ContainerStateMachine (ContainerStateMachine.java:loadSnapshot(230)) - group-05F713A51810: The snapshot info is null. Setting the last applied indexto:(t:0, i:~)
2019-09-10 22:55:04,774 [pool-57-thread-1] INFO  storage.RaftStorage (RaftStorage.java:format(72)) - Storage directory /workdir/hadoop-ozone/integration-test/target/test-dir/MiniOzoneClusterImpl-c8bd075b-66f7-4733-90c4-2d26ad6b76fb/datanode-3/data/ratis/8e72557a-6eb0-4d45-a7c1-05f713a51810 has been successfully formatted.
2019-09-10 22:55:04,774 [pool-67-thread-1] INFO  ratis.ContainerStateMachine (ContainerStateMachine.java:loadSnapshot(230)) - group-05F713A51810: The snapshot info is null. Setting the last applied indexto:(t:0, i:~)
2019-09-10 22:55:04,774 [pool-27-thread-1] INFO  server.RaftServerConfigKeys (ConfUtils.java:logGet(43)) - raft.server.notification.no-leader.timeout = 120s (custom)
2019-09-10 22:55:04,774 [pool-67-thread-1] INFO  server.RaftServerConfigKeys (ConfUtils.java:logGet(43)) - raft.server.notification.no-leader.timeout = 120s (custom)
2019-09-10 22:55:04,774 [pool-57-thread-1] INFO  ratis.ContainerStateMachine (ContainerStateMachine.java:loadSnapshot(230)) - group-05F713A51810: The snapshot info is null. Setting the last applied indexto:(t:0, i:~)
2019-09-10 22:55:04,775 [pool-67-thread-1] INFO  server.RaftServerConfigKeys (ConfUtils.java:logGet(43)) - raft.server.log.use.memory = false (default)
2019-09-10 22:55:04,774 [pool-27-thread-1] INFO  server.RaftServerConfigKeys (ConfUtils.java:logGet(43)) - raft.server.log.use.memory = false (default)
2019-09-10 22:55:04,775 [pool-57-thread-1] INFO  server.RaftServerConfigKeys (ConfUtils.java:logGet(43)) - raft.server.notification.no-leader.timeout = 120s (custom)
2019-09-10 22:55:04,775 [pool-67-thread-1] INFO  server.RaftServerConfigKeys (ConfUtils.java:logGet(43)) - raft.server.log.purge.gap = 1000000 (custom)
2019-09-10 22:55:04,775 [pool-27-thread-1] INFO  server.RaftServerConfigKeys (ConfUtils.java:logGet(43)) - raft.server.log.purge.gap = 1000000 (custom)
2019-09-10 22:55:04,775 [pool-67-thread-1] INFO  server.RaftServerConfigKeys (ConfUtils.java:logGet(43)) - raft.server.log.appender.buffer.byte-limit = 33554432 (custom)
2019-09-10 22:55:04,775 [pool-57-thread-1] INFO  server.RaftServerConfigKeys (ConfUtils.java:logGet(43)) - raft.server.log.use.memory = false (default)
2019-09-10 22:55:04,776 [pool-67-thread-1] INFO  server.RaftServerConfigKeys (ConfUtils.java:logGet(43)) - raft.server.log.segment.size.max = 1048576 (custom)
2019-09-10 22:55:04,775 [pool-27-thread-1] INFO  server.RaftServerConfigKeys (ConfUtils.java:logGet(43)) - raft.server.log.appender.buffer.byte-limit = 33554432 (custom)
2019-09-10 22:55:04,776 [pool-67-thread-1] INFO  server.RaftServerConfigKeys (ConfUtils.java:logGet(43)) - raft.server.log.segment.cache.num.max = 2 (custom)
2019-09-10 22:55:04,776 [pool-57-thread-1] INFO  server.RaftServerConfigKeys (ConfUtils.java:logGet(43)) - raft.server.log.purge.gap = 1000000 (custom)
2019-09-10 22:55:04,776 [pool-67-thread-1] INFO  segmented.SegmentedRaftLogWorker (SegmentedRaftLogWorker.java:<init>(172)) - new 06814ee9-24b9-4aa5-b290-a3e9e2a386ef@group-05F713A51810-SegmentedRaftLogWorker for RaftStorage:Storage Directory /workdir/hadoop-ozone/integration-test/target/test-dir/MiniOzoneClusterImpl-c8bd075b-66f7-4733-90c4-2d26ad6b76fb/datanode-4/data/ratis/8e72557a-6eb0-4d45-a7c1-05f713a51810
2019-09-10 22:55:04,776 [pool-27-thread-1] INFO  server.RaftServerConfigKeys (ConfUtils.java:logGet(43)) - raft.server.log.segment.size.max = 1048576 (custom)
2019-09-10 22:55:04,776 [pool-67-thread-1] INFO  server.RaftServerConfigKeys (ConfUtils.java:logGet(43)) - raft.server.log.queue.byte-limit = 2147483647 (custom)
2019-09-10 22:55:04,776 [pool-57-thread-1] INFO  server.RaftServerConfigKeys (ConfUtils.java:logGet(43)) - raft.server.log.appender.buffer.byte-limit = 33554432 (custom)
2019-09-10 22:55:04,777 [pool-67-thread-1] INFO  server.RaftServerConfigKeys (ConfUtils.java:logGet(43)) - raft.server.log.queue.element-limit = 1024 (custom)
2019-09-10 22:55:04,776 [pool-27-thread-1] INFO  server.RaftServerConfigKeys (ConfUtils.java:logGet(43)) - raft.server.log.segment.cache.num.max = 2 (custom)
2019-09-10 22:55:04,777 [pool-67-thread-1] INFO  server.RaftServerConfigKeys (ConfUtils.java:logGet(43)) - raft.server.log.segment.size.max = 1048576 (custom)
2019-09-10 22:55:04,777 [pool-57-thread-1] INFO  server.RaftServerConfigKeys (ConfUtils.java:logGet(43)) - raft.server.log.segment.size.max = 1048576 (custom)
2019-09-10 22:55:04,777 [pool-67-thread-1] INFO  server.RaftServerConfigKeys (ConfUtils.java:logGet(43)) - raft.server.log.preallocated.size = 16384 (custom)
2019-09-10 22:55:04,777 [pool-27-thread-1] INFO  segmented.SegmentedRaftLogWorker (SegmentedRaftLogWorker.java:<init>(172)) - new c564eaa4-7051-4a7d-897f-7be2f6aee35d@group-05F713A51810-SegmentedRaftLogWorker for RaftStorage:Storage Directory /workdir/hadoop-ozone/integration-test/target/test-dir/MiniOzoneClusterImpl-c8bd075b-66f7-4733-90c4-2d26ad6b76fb/datanode-0/data/ratis/8e72557a-6eb0-4d45-a7c1-05f713a51810
2019-09-10 22:55:04,778 [pool-67-thread-1] INFO  server.RaftServerConfigKeys (ConfUtils.java:logGet(43)) - raft.server.log.write.buffer.size = 33554432 (custom)
2019-09-10 22:55:04,777 [pool-57-thread-1] INFO  server.RaftServerConfigKeys (ConfUtils.java:logGet(43)) - raft.server.log.segment.cache.num.max = 2 (custom)
2019-09-10 22:55:04,778 [pool-67-thread-1] INFO  server.RaftServerConfigKeys (ConfUtils.java:logGet(43)) - raft.server.log.force.sync.num = 128 (default)
2019-09-10 22:55:04,778 [pool-27-thread-1] INFO  server.RaftServerConfigKeys (ConfUtils.java:logGet(43)) - raft.server.log.queue.byte-limit = 2147483647 (custom)
2019-09-10 22:55:04,778 [pool-67-thread-1] INFO  server.RaftServerConfigKeys (ConfUtils.java:logGet(43)) - raft.server.log.statemachine.data.sync = true (default)
2019-09-10 22:55:04,778 [pool-57-thread-1] INFO  segmented.SegmentedRaftLogWorker (SegmentedRaftLogWorker.java:<init>(172)) - new cd8a5650-cbc3-492b-920c-c46f29e91709@group-05F713A51810-SegmentedRaftLogWorker for RaftStorage:Storage Directory /workdir/hadoop-ozone/integration-test/target/test-dir/MiniOzoneClusterImpl-c8bd075b-66f7-4733-90c4-2d26ad6b76fb/datanode-3/data/ratis/8e72557a-6eb0-4d45-a7c1-05f713a51810
2019-09-10 22:55:04,778 [pool-67-thread-1] INFO  server.RaftServerConfigKeys (ConfUtils.java:logGet(43)) - raft.server.log.statemachine.data.sync.timeout = 10s (default)
2019-09-10 22:55:04,778 [pool-27-thread-1] INFO  server.RaftServerConfigKeys (ConfUtils.java:logGet(43)) - raft.server.log.queue.element-limit = 1024 (custom)
2019-09-10 22:55:04,779 [pool-67-thread-1] INFO  server.RaftServerConfigKeys (ConfUtils.java:logGet(43)) - raft.server.log.statemachine.data.sync.timeout.retry = -1 (default)
2019-09-10 22:55:04,778 [pool-57-thread-1] INFO  server.RaftServerConfigKeys (ConfUtils.java:logGet(43)) - raft.server.log.queue.byte-limit = 2147483647 (custom)
2019-09-10 22:55:04,779 [pool-67-thread-1] INFO  server.RaftServerConfigKeys (ConfUtils.java:logGet(43)) - raft.server.log.statemachine.data.caching.enabled = true (custom)
2019-09-10 22:55:04,779 [pool-27-thread-1] INFO  server.RaftServerConfigKeys (ConfUtils.java:logGet(43)) - raft.server.log.segment.size.max = 1048576 (custom)
2019-09-10 22:55:04,779 [pool-57-thread-1] INFO  server.RaftServerConfigKeys (ConfUtils.java:logGet(43)) - raft.server.log.queue.element-limit = 1024 (custom)
2019-09-10 22:55:04,779 [pool-67-thread-1] INFO  segmented.SegmentedRaftLogWorker (SegmentedRaftLogWorker.java:lambda$new$0(132)) - 06814ee9-24b9-4aa5-b290-a3e9e2a386ef@group-05F713A51810-SegmentedRaftLogWorker: flushIndex: setUnconditionally 0 -> -1
2019-09-10 22:55:04,779 [pool-27-thread-1] INFO  server.RaftServerConfigKeys (ConfUtils.java:logGet(43)) - raft.server.log.preallocated.size = 16384 (custom)
2019-09-10 22:55:04,779 [pool-57-thread-1] INFO  server.RaftServerConfigKeys (ConfUtils.java:logGet(43)) - raft.server.log.segment.size.max = 1048576 (custom)
2019-09-10 22:55:04,780 [pool-67-thread-1] INFO  server.RaftServerConfigKeys (ConfUtils.java:logGet(43)) - raft.server.snapshot.auto.trigger.enabled = true (custom)
2019-09-10 22:55:04,780 [pool-27-thread-1] INFO  server.RaftServerConfigKeys (ConfUtils.java:logGet(43)) - raft.server.log.write.buffer.size = 33554432 (custom)
2019-09-10 22:55:04,780 [pool-67-thread-1] INFO  server.RaftServerConfigKeys (ConfUtils.java:logGet(43)) - raft.server.snapshot.auto.trigger.threshold = 10000 (custom)
2019-09-10 22:55:04,780 [pool-57-thread-1] INFO  server.RaftServerConfigKeys (ConfUtils.java:logGet(43)) - raft.server.log.preallocated.size = 16384 (custom)
2019-09-10 22:55:04,780 [pool-67-thread-1] INFO  server.RaftServerConfigKeys (ConfUtils.java:logGet(43)) - raft.server.snapshot.retention.num.files = -1 (default)
2019-09-10 22:55:04,780 [pool-27-thread-1] INFO  server.RaftServerConfigKeys (ConfUtils.java:logGet(43)) - raft.server.log.force.sync.num = 128 (default)
2019-09-10 22:55:04,780 [pool-57-thread-1] INFO  server.RaftServerConfigKeys (ConfUtils.java:logGet(43)) - raft.server.log.write.buffer.size = 33554432 (custom)
2019-09-10 22:55:04,781 [pool-67-thread-1] INFO  server.RaftServerConfigKeys (ConfUtils.java:logGet(43)) - raft.server.retrycache.expirytime = 600000ms (custom)
2019-09-10 22:55:04,781 [pool-27-thread-1] INFO  server.RaftServerConfigKeys (ConfUtils.java:logGet(43)) - raft.server.log.statemachine.data.sync = true (default)
2019-09-10 22:55:04,781 [pool-57-thread-1] INFO  server.RaftServerConfigKeys (ConfUtils.java:logGet(43)) - raft.server.log.force.sync.num = 128 (default)
2019-09-10 22:55:04,781 [pool-27-thread-1] INFO  server.RaftServerConfigKeys (ConfUtils.java:logGet(43)) - raft.server.log.statemachine.data.sync.timeout = 10s (default)
2019-09-10 22:55:04,781 [pool-57-thread-1] INFO  server.RaftServerConfigKeys (ConfUtils.java:logGet(43)) - raft.server.log.statemachine.data.sync = true (default)
2019-09-10 22:55:04,781 [pool-27-thread-1] INFO  server.RaftServerConfigKeys (ConfUtils.java:logGet(43)) - raft.server.log.statemachine.data.sync.timeout.retry = -1 (default)
2019-09-10 22:55:04,781 [pool-57-thread-1] INFO  server.RaftServerConfigKeys (ConfUtils.java:logGet(43)) - raft.server.log.statemachine.data.sync.timeout = 10s (default)
2019-09-10 22:55:04,782 [pool-27-thread-1] INFO  server.RaftServerConfigKeys (ConfUtils.java:logGet(43)) - raft.server.log.statemachine.data.caching.enabled = true (custom)
2019-09-10 22:55:04,782 [pool-57-thread-1] INFO  server.RaftServerConfigKeys (ConfUtils.java:logGet(43)) - raft.server.log.statemachine.data.sync.timeout.retry = -1 (default)
2019-09-10 22:55:04,782 [pool-27-thread-1] INFO  segmented.SegmentedRaftLogWorker (SegmentedRaftLogWorker.java:lambda$new$0(132)) - c564eaa4-7051-4a7d-897f-7be2f6aee35d@group-05F713A51810-SegmentedRaftLogWorker: flushIndex: setUnconditionally 0 -> -1
2019-09-10 22:55:04,782 [pool-27-thread-1] INFO  server.RaftServerConfigKeys (ConfUtils.java:logGet(43)) - raft.server.snapshot.auto.trigger.enabled = true (custom)
2019-09-10 22:55:04,782 [pool-57-thread-1] INFO  server.RaftServerConfigKeys (ConfUtils.java:logGet(43)) - raft.server.log.statemachine.data.caching.enabled = true (custom)
2019-09-10 22:55:04,782 [pool-27-thread-1] INFO  server.RaftServerConfigKeys (ConfUtils.java:logGet(43)) - raft.server.snapshot.auto.trigger.threshold = 10000 (custom)
2019-09-10 22:55:04,783 [pool-27-thread-1] INFO  server.RaftServerConfigKeys (ConfUtils.java:logGet(43)) - raft.server.snapshot.retention.num.files = -1 (default)
2019-09-10 22:55:04,783 [pool-57-thread-1] INFO  segmented.SegmentedRaftLogWorker (SegmentedRaftLogWorker.java:lambda$new$0(132)) - cd8a5650-cbc3-492b-920c-c46f29e91709@group-05F713A51810-SegmentedRaftLogWorker: flushIndex: setUnconditionally 0 -> -1
2019-09-10 22:55:04,783 [pool-27-thread-1] INFO  server.RaftServerConfigKeys (ConfUtils.java:logGet(43)) - raft.server.retrycache.expirytime = 600000ms (custom)
2019-09-10 22:55:04,783 [pool-57-thread-1] INFO  server.RaftServerConfigKeys (ConfUtils.java:logGet(43)) - raft.server.snapshot.auto.trigger.enabled = true (custom)
2019-09-10 22:55:04,783 [pool-57-thread-1] INFO  server.RaftServerConfigKeys (ConfUtils.java:logGet(43)) - raft.server.snapshot.auto.trigger.threshold = 10000 (custom)
2019-09-10 22:55:04,783 [pool-57-thread-1] INFO  server.RaftServerConfigKeys (ConfUtils.java:logGet(43)) - raft.server.snapshot.retention.num.files = -1 (default)
2019-09-10 22:55:04,784 [pool-57-thread-1] INFO  server.RaftServerConfigKeys (ConfUtils.java:logGet(43)) - raft.server.retrycache.expirytime = 600000ms (custom)
2019-09-10 22:55:04,784 [pool-67-thread-1] INFO  impl.RaftServerImpl (RaftServerImpl.java:start(185)) - 06814ee9-24b9-4aa5-b290-a3e9e2a386ef@group-05F713A51810: start as a follower, conf=-1: [c564eaa4-7051-4a7d-897f-7be2f6aee35d:192.168.34.57:35085, cd8a5650-cbc3-492b-920c-c46f29e91709:192.168.34.57:39597, 06814ee9-24b9-4aa5-b290-a3e9e2a386ef:192.168.34.57:44097], old=null
2019-09-10 22:55:04,784 [pool-67-thread-1] INFO  impl.RaftServerImpl (RaftServerImpl.java:setRole(174)) - 06814ee9-24b9-4aa5-b290-a3e9e2a386ef@group-05F713A51810: changes role from      null to FOLLOWER at term 0 for startAsFollower
2019-09-10 22:55:04,785 [pool-67-thread-1] INFO  impl.RoleInfo (RoleInfo.java:updateAndGet(143)) - 06814ee9-24b9-4aa5-b290-a3e9e2a386ef: start FollowerState
2019-09-10 22:55:04,785 [pool-67-thread-1] INFO  util.JmxRegister (JmxRegister.java:tryRegister(44)) - Successfully registered JMX Bean with object name Ratis:service=RaftServer,group=group-05F713A51810,id=06814ee9-24b9-4aa5-b290-a3e9e2a386ef
2019-09-10 22:55:04,786 [pool-27-thread-1] INFO  impl.RaftServerImpl (RaftServerImpl.java:start(185)) - c564eaa4-7051-4a7d-897f-7be2f6aee35d@group-05F713A51810: start as a follower, conf=-1: [c564eaa4-7051-4a7d-897f-7be2f6aee35d:192.168.34.57:35085, cd8a5650-cbc3-492b-920c-c46f29e91709:192.168.34.57:39597, 06814ee9-24b9-4aa5-b290-a3e9e2a386ef:192.168.34.57:44097], old=null
2019-09-10 22:55:04,786 [pool-27-thread-1] INFO  impl.RaftServerImpl (RaftServerImpl.java:setRole(174)) - c564eaa4-7051-4a7d-897f-7be2f6aee35d@group-05F713A51810: changes role from      null to FOLLOWER at term 0 for startAsFollower
2019-09-10 22:55:04,786 [pool-27-thread-1] INFO  impl.RoleInfo (RoleInfo.java:updateAndGet(143)) - c564eaa4-7051-4a7d-897f-7be2f6aee35d: start FollowerState
2019-09-10 22:55:04,790 [pool-27-thread-1] INFO  util.JmxRegister (JmxRegister.java:tryRegister(44)) - Successfully registered JMX Bean with object name Ratis:service=RaftServer,group=group-05F713A51810,id=c564eaa4-7051-4a7d-897f-7be2f6aee35d
2019-09-10 22:55:04,796 [pool-57-thread-1] INFO  impl.RaftServerImpl (RaftServerImpl.java:start(185)) - cd8a5650-cbc3-492b-920c-c46f29e91709@group-05F713A51810: start as a follower, conf=-1: [c564eaa4-7051-4a7d-897f-7be2f6aee35d:192.168.34.57:35085, cd8a5650-cbc3-492b-920c-c46f29e91709:192.168.34.57:39597, 06814ee9-24b9-4aa5-b290-a3e9e2a386ef:192.168.34.57:44097], old=null
2019-09-10 22:55:04,798 [pool-57-thread-1] INFO  impl.RaftServerImpl (RaftServerImpl.java:setRole(174)) - cd8a5650-cbc3-492b-920c-c46f29e91709@group-05F713A51810: changes role from      null to FOLLOWER at term 0 for startAsFollower
2019-09-10 22:55:04,798 [pool-57-thread-1] INFO  impl.RoleInfo (RoleInfo.java:updateAndGet(143)) - cd8a5650-cbc3-492b-920c-c46f29e91709: start FollowerState
2019-09-10 22:55:04,804 [pool-57-thread-1] INFO  util.JmxRegister (JmxRegister.java:tryRegister(44)) - Successfully registered JMX Bean with object name Ratis:service=RaftServer,group=group-05F713A51810,id=cd8a5650-cbc3-492b-920c-c46f29e91709
2019-09-10 22:55:04,841 [RatisPipelineUtilsThread] INFO  pipeline.PipelineStateManager (PipelineStateManager.java:addPipeline(56)) - Created pipeline Pipeline[ Id: 8e72557a-6eb0-4d45-a7c1-05f713a51810, Nodes: cd8a5650-cbc3-492b-920c-c46f29e91709{ip: 192.168.34.57, host: pr-hdds-2106-sk2jr-1188266228, networkLocation: /default-rack, certSerialId: null}06814ee9-24b9-4aa5-b290-a3e9e2a386ef{ip: 192.168.34.57, host: pr-hdds-2106-sk2jr-1188266228, networkLocation: /default-rack, certSerialId: null}c564eaa4-7051-4a7d-897f-7be2f6aee35d{ip: 192.168.34.57, host: pr-hdds-2106-sk2jr-1188266228, networkLocation: /default-rack, certSerialId: null}, Type:RATIS, Factor:THREE, State:OPEN]
2019-09-10 22:55:04,872 [grpc-default-executor-0] INFO  impl.RaftServerProxy (RaftServerProxy.java:addNew(89)) - 2f676a21-e66b-4fec-aeac-0283d98823a1: addNew group-F5D172FB2954:[72e5a279-ca12-4c9e-91de-7e916f85cc8c:192.168.34.57:37581, 2f676a21-e66b-4fec-aeac-0283d98823a1:192.168.34.57:34748, 9a51610a-f282-4242-84b0-9cad669d08b8:192.168.34.57:46514] returns group-F5D172FB2954:java.util.concurrent.CompletableFuture@944748c[Not completed]
2019-09-10 22:55:04,872 [grpc-default-executor-2] INFO  impl.RaftServerProxy (RaftServerProxy.java:addNew(89)) - 72e5a279-ca12-4c9e-91de-7e916f85cc8c: addNew group-F5D172FB2954:[72e5a279-ca12-4c9e-91de-7e916f85cc8c:192.168.34.57:37581, 2f676a21-e66b-4fec-aeac-0283d98823a1:192.168.34.57:34748, 9a51610a-f282-4242-84b0-9cad669d08b8:192.168.34.57:46514] returns group-F5D172FB2954:java.util.concurrent.CompletableFuture@60b3e2a4[Not completed]
2019-09-10 22:55:04,878 [grpc-default-executor-0] INFO  impl.RaftServerProxy (RaftServerProxy.java:addNew(89)) - 9a51610a-f282-4242-84b0-9cad669d08b8: addNew group-F5D172FB2954:[72e5a279-ca12-4c9e-91de-7e916f85cc8c:192.168.34.57:37581, 2f676a21-e66b-4fec-aeac-0283d98823a1:192.168.34.57:34748, 9a51610a-f282-4242-84b0-9cad669d08b8:192.168.34.57:46514] returns group-F5D172FB2954:java.util.concurrent.CompletableFuture@3e32db6e[Not completed]
2019-09-10 22:55:04,879 [pool-97-thread-1] INFO  impl.RaftServerImpl (RaftServerImpl.java:<init>(95)) - 2f676a21-e66b-4fec-aeac-0283d98823a1: new RaftServerImpl for group-F5D172FB2954:[72e5a279-ca12-4c9e-91de-7e916f85cc8c:192.168.34.57:37581, 2f676a21-e66b-4fec-aeac-0283d98823a1:192.168.34.57:34748, 9a51610a-f282-4242-84b0-9cad669d08b8:192.168.34.57:46514] with ContainerStateMachine:uninitialized
2019-09-10 22:55:04,880 [pool-97-thread-1] INFO  server.RaftServerConfigKeys (ConfUtils.java:logGet(43)) - raft.server.rpc.timeout.min = 1s (custom)
2019-09-10 22:55:04,880 [pool-97-thread-1] INFO  server.RaftServerConfigKeys (ConfUtils.java:logGet(43)) - raft.server.rpc.timeout.max = 1200ms (custom)
2019-09-10 22:55:04,880 [pool-97-thread-1] INFO  server.RaftServerConfigKeys (ConfUtils.java:logGet(43)) - raft.server.rpcslowness.timeout = 120s (custom)
2019-09-10 22:55:04,892 [pool-107-thread-1] INFO  impl.RaftServerImpl (RaftServerImpl.java:<init>(95)) - 9a51610a-f282-4242-84b0-9cad669d08b8: new RaftServerImpl for group-F5D172FB2954:[72e5a279-ca12-4c9e-91de-7e916f85cc8c:192.168.34.57:37581, 2f676a21-e66b-4fec-aeac-0283d98823a1:192.168.34.57:34748, 9a51610a-f282-4242-84b0-9cad669d08b8:192.168.34.57:46514] with ContainerStateMachine:uninitialized
2019-09-10 22:55:04,892 [pool-97-thread-1] INFO  server.RaftServerConfigKeys (ConfUtils.java:logGet(43)) - raft.server.sleep.deviation.threshold = 300 (default)
2019-09-10 22:55:04,892 [pool-107-thread-1] INFO  server.RaftServerConfigKeys (ConfUtils.java:logGet(43)) - raft.server.rpc.timeout.min = 1s (custom)
2019-09-10 22:55:04,893 [pool-97-thread-1] INFO  server.RaftServerConfigKeys (ConfUtils.java:logGet(43)) - raft.server.log.appender.install.snapshot.enabled = false (custom)
2019-09-10 22:55:04,893 [pool-107-thread-1] INFO  server.RaftServerConfigKeys (ConfUtils.java:logGet(43)) - raft.server.rpc.timeout.max = 1200ms (custom)
2019-09-10 22:55:04,893 [pool-97-thread-1] INFO  impl.RaftServerImpl (ServerState.java:<init>(103)) - 2f676a21-e66b-4fec-aeac-0283d98823a1@group-F5D172FB2954: ConfigurationManager, init=-1: [72e5a279-ca12-4c9e-91de-7e916f85cc8c:192.168.34.57:37581, 2f676a21-e66b-4fec-aeac-0283d98823a1:192.168.34.57:34748, 9a51610a-f282-4242-84b0-9cad669d08b8:192.168.34.57:46514], old=null, confs=<EMPTY_MAP>
2019-09-10 22:55:04,893 [pool-107-thread-1] INFO  server.RaftServerConfigKeys (ConfUtils.java:logGet(43)) - raft.server.rpcslowness.timeout = 120s (custom)
2019-09-10 22:55:04,893 [pool-77-thread-1] INFO  impl.RaftServerImpl (RaftServerImpl.java:<init>(95)) - 72e5a279-ca12-4c9e-91de-7e916f85cc8c: new RaftServerImpl for group-F5D172FB2954:[72e5a279-ca12-4c9e-91de-7e916f85cc8c:192.168.34.57:37581, 2f676a21-e66b-4fec-aeac-0283d98823a1:192.168.34.57:34748, 9a51610a-f282-4242-84b0-9cad669d08b8:192.168.34.57:46514] with ContainerStateMachine:uninitialized
2019-09-10 22:55:04,893 [pool-97-thread-1] INFO  server.RaftServerConfigKeys (ConfUtils.java:logGet(43)) - raft.server.storage.dir = [/workdir/hadoop-ozone/integration-test/target/test-dir/MiniOzoneClusterImpl-c8bd075b-66f7-4733-90c4-2d26ad6b76fb/datanode-7/data/ratis] (custom)
2019-09-10 22:55:04,893 [pool-107-thread-1] INFO  server.RaftServerConfigKeys (ConfUtils.java:logGet(43)) - raft.server.sleep.deviation.threshold = 300 (default)
2019-09-10 22:55:04,893 [pool-77-thread-1] INFO  server.RaftServerConfigKeys (ConfUtils.java:logGet(43)) - raft.server.rpc.timeout.min = 1s (custom)
2019-09-10 22:55:04,894 [pool-107-thread-1] INFO  server.RaftServerConfigKeys (ConfUtils.java:logGet(43)) - raft.server.log.appender.install.snapshot.enabled = false (custom)
2019-09-10 22:55:04,894 [pool-77-thread-1] INFO  server.RaftServerConfigKeys (ConfUtils.java:logGet(43)) - raft.server.rpc.timeout.max = 1200ms (custom)
2019-09-10 22:55:04,894 [pool-107-thread-1] INFO  impl.RaftServerImpl (ServerState.java:<init>(103)) - 9a51610a-f282-4242-84b0-9cad669d08b8@group-F5D172FB2954: ConfigurationManager, init=-1: [72e5a279-ca12-4c9e-91de-7e916f85cc8c:192.168.34.57:37581, 2f676a21-e66b-4fec-aeac-0283d98823a1:192.168.34.57:34748, 9a51610a-f282-4242-84b0-9cad669d08b8:192.168.34.57:46514], old=null, confs=<EMPTY_MAP>
2019-09-10 22:55:04,894 [pool-97-thread-1] INFO  storage.RaftStorageDirectory (RaftStorageDirectory.java:analyzeStorage(246)) - The storage directory /workdir/hadoop-ozone/integration-test/target/test-dir/MiniOzoneClusterImpl-c8bd075b-66f7-4733-90c4-2d26ad6b76fb/datanode-7/data/ratis/2ea0ff70-9fd8-43a6-89e1-f5d172fb2954 does not exist. Creating ...
2019-09-10 22:55:04,894 [pool-77-thread-1] INFO  server.RaftServerConfigKeys (ConfUtils.java:logGet(43)) - raft.server.rpcslowness.timeout = 120s (custom)
2019-09-10 22:55:04,894 [pool-107-thread-1] INFO  server.RaftServerConfigKeys (ConfUtils.java:logGet(43)) - raft.server.storage.dir = [/workdir/hadoop-ozone/integration-test/target/test-dir/MiniOzoneClusterImpl-c8bd075b-66f7-4733-90c4-2d26ad6b76fb/datanode-8/data/ratis] (custom)
2019-09-10 22:55:04,894 [pool-77-thread-1] INFO  server.RaftServerConfigKeys (ConfUtils.java:logGet(43)) - raft.server.sleep.deviation.threshold = 300 (default)
2019-09-10 22:55:04,894 [pool-77-thread-1] INFO  server.RaftServerConfigKeys (ConfUtils.java:logGet(43)) - raft.server.log.appender.install.snapshot.enabled = false (custom)
2019-09-10 22:55:04,894 [pool-77-thread-1] INFO  impl.RaftServerImpl (ServerState.java:<init>(103)) - 72e5a279-ca12-4c9e-91de-7e916f85cc8c@group-F5D172FB2954: ConfigurationManager, init=-1: [72e5a279-ca12-4c9e-91de-7e916f85cc8c:192.168.34.57:37581, 2f676a21-e66b-4fec-aeac-0283d98823a1:192.168.34.57:34748, 9a51610a-f282-4242-84b0-9cad669d08b8:192.168.34.57:46514], old=null, confs=<EMPTY_MAP>
2019-09-10 22:55:04,895 [pool-107-thread-1] INFO  storage.RaftStorageDirectory (RaftStorageDirectory.java:analyzeStorage(246)) - The storage directory /workdir/hadoop-ozone/integration-test/target/test-dir/MiniOzoneClusterImpl-c8bd075b-66f7-4733-90c4-2d26ad6b76fb/datanode-8/data/ratis/2ea0ff70-9fd8-43a6-89e1-f5d172fb2954 does not exist. Creating ...
2019-09-10 22:55:04,895 [pool-77-thread-1] INFO  server.RaftServerConfigKeys (ConfUtils.java:logGet(43)) - raft.server.storage.dir = [/workdir/hadoop-ozone/integration-test/target/test-dir/MiniOzoneClusterImpl-c8bd075b-66f7-4733-90c4-2d26ad6b76fb/datanode-5/data/ratis] (custom)
2019-09-10 22:55:04,895 [pool-77-thread-1] INFO  storage.RaftStorageDirectory (RaftStorageDirectory.java:analyzeStorage(246)) - The storage directory /workdir/hadoop-ozone/integration-test/target/test-dir/MiniOzoneClusterImpl-c8bd075b-66f7-4733-90c4-2d26ad6b76fb/datanode-5/data/ratis/2ea0ff70-9fd8-43a6-89e1-f5d172fb2954 does not exist. Creating ...
2019-09-10 22:55:04,907 [pool-107-thread-1] INFO  storage.RaftStorageDirectory (RaftStorageDirectory.java:tryLock(328)) - Lock on /workdir/hadoop-ozone/integration-test/target/test-dir/MiniOzoneClusterImpl-c8bd075b-66f7-4733-90c4-2d26ad6b76fb/datanode-8/data/ratis/2ea0ff70-9fd8-43a6-89e1-f5d172fb2954/in_use.lock acquired by nodename 5069@pr-hdds-2106-sk2jr-1188266228
2019-09-10 22:55:04,907 [pool-97-thread-1] INFO  storage.RaftStorageDirectory (RaftStorageDirectory.java:tryLock(328)) - Lock on /workdir/hadoop-ozone/integration-test/target/test-dir/MiniOzoneClusterImpl-c8bd075b-66f7-4733-90c4-2d26ad6b76fb/datanode-7/data/ratis/2ea0ff70-9fd8-43a6-89e1-f5d172fb2954/in_use.lock acquired by nodename 5069@pr-hdds-2106-sk2jr-1188266228
2019-09-10 22:55:04,907 [pool-77-thread-1] INFO  storage.RaftStorageDirectory (RaftStorageDirectory.java:tryLock(328)) - Lock on /workdir/hadoop-ozone/integration-test/target/test-dir/MiniOzoneClusterImpl-c8bd075b-66f7-4733-90c4-2d26ad6b76fb/datanode-5/data/ratis/2ea0ff70-9fd8-43a6-89e1-f5d172fb2954/in_use.lock acquired by nodename 5069@pr-hdds-2106-sk2jr-1188266228
2019-09-10 22:55:04,929 [pool-97-thread-1] INFO  storage.RaftStorage (RaftStorage.java:format(72)) - Storage directory /workdir/hadoop-ozone/integration-test/target/test-dir/MiniOzoneClusterImpl-c8bd075b-66f7-4733-90c4-2d26ad6b76fb/datanode-7/data/ratis/2ea0ff70-9fd8-43a6-89e1-f5d172fb2954 has been successfully formatted.
2019-09-10 22:55:04,931 [pool-77-thread-1] INFO  storage.RaftStorage (RaftStorage.java:format(72)) - Storage directory /workdir/hadoop-ozone/integration-test/target/test-dir/MiniOzoneClusterImpl-c8bd075b-66f7-4733-90c4-2d26ad6b76fb/datanode-5/data/ratis/2ea0ff70-9fd8-43a6-89e1-f5d172fb2954 has been successfully formatted.
2019-09-10 22:55:04,931 [pool-107-thread-1] INFO  storage.RaftStorage (RaftStorage.java:format(72)) - Storage directory /workdir/hadoop-ozone/integration-test/target/test-dir/MiniOzoneClusterImpl-c8bd075b-66f7-4733-90c4-2d26ad6b76fb/datanode-8/data/ratis/2ea0ff70-9fd8-43a6-89e1-f5d172fb2954 has been successfully formatted.
2019-09-10 22:55:04,929 [Thread-291] INFO  impl.FollowerState (FollowerState.java:run(106)) - 06814ee9-24b9-4aa5-b290-a3e9e2a386ef:group-48953FBDC98C changes to CANDIDATE, lastRpcTime:1096, electionTimeout:1095ms
2019-09-10 22:55:04,940 [pool-97-thread-1] INFO  ratis.ContainerStateMachine (ContainerStateMachine.java:loadSnapshot(230)) - group-F5D172FB2954: The snapshot info is null. Setting the last applied indexto:(t:0, i:~)
2019-09-10 22:55:04,943 [pool-77-thread-1] INFO  ratis.ContainerStateMachine (ContainerStateMachine.java:loadSnapshot(230)) - group-F5D172FB2954: The snapshot info is null. Setting the last applied indexto:(t:0, i:~)
2019-09-10 22:55:04,943 [pool-107-thread-1] INFO  ratis.ContainerStateMachine (ContainerStateMachine.java:loadSnapshot(230)) - group-F5D172FB2954: The snapshot info is null. Setting the last applied indexto:(t:0, i:~)
2019-09-10 22:55:04,943 [Thread-291] INFO  impl.RoleInfo (RoleInfo.java:shutdownFollowerState(121)) - 06814ee9-24b9-4aa5-b290-a3e9e2a386ef: shutdown FollowerState
2019-09-10 22:55:04,945 [pool-107-thread-1] INFO  server.RaftServerConfigKeys (ConfUtils.java:logGet(43)) - raft.server.notification.no-leader.timeout = 120s (custom)
2019-09-10 22:55:04,945 [pool-77-thread-1] INFO  server.RaftServerConfigKeys (ConfUtils.java:logGet(43)) - raft.server.notification.no-leader.timeout = 120s (custom)
2019-09-10 22:55:04,943 [pool-97-thread-1] INFO  server.RaftServerConfigKeys (ConfUtils.java:logGet(43)) - raft.server.notification.no-leader.timeout = 120s (custom)
2019-09-10 22:55:04,946 [pool-77-thread-1] INFO  server.RaftServerConfigKeys (ConfUtils.java:logGet(43)) - raft.server.log.use.memory = false (default)
2019-09-10 22:55:04,946 [pool-107-thread-1] INFO  server.RaftServerConfigKeys (ConfUtils.java:logGet(43)) - raft.server.log.use.memory = false (default)
2019-09-10 22:55:04,945 [Thread-291] INFO  impl.RaftServerImpl (RaftServerImpl.java:setRole(174)) - 06814ee9-24b9-4aa5-b290-a3e9e2a386ef@group-48953FBDC98C: changes role from  FOLLOWER to CANDIDATE at term 0 for changeToCandidate
2019-09-10 22:55:04,946 [pool-107-thread-1] INFO  server.RaftServerConfigKeys (ConfUtils.java:logGet(43)) - raft.server.log.purge.gap = 1000000 (custom)
2019-09-10 22:55:04,946 [pool-77-thread-1] INFO  server.RaftServerConfigKeys (ConfUtils.java:logGet(43)) - raft.server.log.purge.gap = 1000000 (custom)
2019-09-10 22:55:04,946 [pool-97-thread-1] INFO  server.RaftServerConfigKeys (ConfUtils.java:logGet(43)) - raft.server.log.use.memory = false (default)
2019-09-10 22:55:04,947 [pool-77-thread-1] INFO  server.RaftServerConfigKeys (ConfUtils.java:logGet(43)) - raft.server.log.appender.buffer.byte-limit = 33554432 (custom)
2019-09-10 22:55:04,947 [pool-107-thread-1] INFO  server.RaftServerConfigKeys (ConfUtils.java:logGet(43)) - raft.server.log.appender.buffer.byte-limit = 33554432 (custom)
2019-09-10 22:55:04,947 [Thread-291] INFO  impl.RoleInfo (RoleInfo.java:updateAndGet(143)) - 06814ee9-24b9-4aa5-b290-a3e9e2a386ef: start LeaderElection
2019-09-10 22:55:04,947 [pool-107-thread-1] INFO  server.RaftServerConfigKeys (ConfUtils.java:logGet(43)) - raft.server.log.segment.size.max = 1048576 (custom)
2019-09-10 22:55:04,947 [pool-77-thread-1] INFO  server.RaftServerConfigKeys (ConfUtils.java:logGet(43)) - raft.server.log.segment.size.max = 1048576 (custom)
2019-09-10 22:55:04,947 [pool-97-thread-1] INFO  server.RaftServerConfigKeys (ConfUtils.java:logGet(43)) - raft.server.log.purge.gap = 1000000 (custom)
2019-09-10 22:55:04,952 [pool-77-thread-1] INFO  server.RaftServerConfigKeys (ConfUtils.java:logGet(43)) - raft.server.log.segment.cache.num.max = 2 (custom)
2019-09-10 22:55:04,947 [pool-107-thread-1] INFO  server.RaftServerConfigKeys (ConfUtils.java:logGet(43)) - raft.server.log.segment.cache.num.max = 2 (custom)
2019-09-10 22:55:04,952 [pool-77-thread-1] INFO  segmented.SegmentedRaftLogWorker (SegmentedRaftLogWorker.java:<init>(172)) - new 72e5a279-ca12-4c9e-91de-7e916f85cc8c@group-F5D172FB2954-SegmentedRaftLogWorker for RaftStorage:Storage Directory /workdir/hadoop-ozone/integration-test/target/test-dir/MiniOzoneClusterImpl-c8bd075b-66f7-4733-90c4-2d26ad6b76fb/datanode-5/data/ratis/2ea0ff70-9fd8-43a6-89e1-f5d172fb2954
2019-09-10 22:55:04,952 [pool-97-thread-1] INFO  server.RaftServerConfigKeys (ConfUtils.java:logGet(43)) - raft.server.log.appender.buffer.byte-limit = 33554432 (custom)
2019-09-10 22:55:04,953 [pool-77-thread-1] INFO  server.RaftServerConfigKeys (ConfUtils.java:logGet(43)) - raft.server.log.queue.byte-limit = 2147483647 (custom)
2019-09-10 22:55:04,952 [pool-107-thread-1] INFO  segmented.SegmentedRaftLogWorker (SegmentedRaftLogWorker.java:<init>(172)) - new 9a51610a-f282-4242-84b0-9cad669d08b8@group-F5D172FB2954-SegmentedRaftLogWorker for RaftStorage:Storage Directory /workdir/hadoop-ozone/integration-test/target/test-dir/MiniOzoneClusterImpl-c8bd075b-66f7-4733-90c4-2d26ad6b76fb/datanode-8/data/ratis/2ea0ff70-9fd8-43a6-89e1-f5d172fb2954
2019-09-10 22:55:04,953 [pool-77-thread-1] INFO  server.RaftServerConfigKeys (ConfUtils.java:logGet(43)) - raft.server.log.queue.element-limit = 1024 (custom)
2019-09-10 22:55:04,953 [pool-97-thread-1] INFO  server.RaftServerConfigKeys (ConfUtils.java:logGet(43)) - raft.server.log.segment.size.max = 1048576 (custom)
2019-09-10 22:55:04,953 [pool-77-thread-1] INFO  server.RaftServerConfigKeys (ConfUtils.java:logGet(43)) - raft.server.log.segment.size.max = 1048576 (custom)
2019-09-10 22:55:04,953 [pool-107-thread-1] INFO  server.RaftServerConfigKeys (ConfUtils.java:logGet(43)) - raft.server.log.queue.byte-limit = 2147483647 (custom)
2019-09-10 22:55:04,954 [pool-77-thread-1] INFO  server.RaftServerConfigKeys (ConfUtils.java:logGet(43)) - raft.server.log.preallocated.size = 16384 (custom)
2019-09-10 22:55:04,953 [pool-97-thread-1] INFO  server.RaftServerConfigKeys (ConfUtils.java:logGet(43)) - raft.server.log.segment.cache.num.max = 2 (custom)
2019-09-10 22:55:04,954 [pool-77-thread-1] INFO  server.RaftServerConfigKeys (ConfUtils.java:logGet(43)) - raft.server.log.write.buffer.size = 33554432 (custom)
2019-09-10 22:55:04,954 [pool-107-thread-1] INFO  server.RaftServerConfigKeys (ConfUtils.java:logGet(43)) - raft.server.log.queue.element-limit = 1024 (custom)
2019-09-10 22:55:04,954 [pool-77-thread-1] INFO  server.RaftServerConfigKeys (ConfUtils.java:logGet(43)) - raft.server.log.force.sync.num = 128 (default)
2019-09-10 22:55:04,954 [pool-97-thread-1] INFO  segmented.SegmentedRaftLogWorker (SegmentedRaftLogWorker.java:<init>(172)) - new 2f676a21-e66b-4fec-aeac-0283d98823a1@group-F5D172FB2954-SegmentedRaftLogWorker for RaftStorage:Storage Directory /workdir/hadoop-ozone/integration-test/target/test-dir/MiniOzoneClusterImpl-c8bd075b-66f7-4733-90c4-2d26ad6b76fb/datanode-7/data/ratis/2ea0ff70-9fd8-43a6-89e1-f5d172fb2954
2019-09-10 22:55:04,955 [pool-77-thread-1] INFO  server.RaftServerConfigKeys (ConfUtils.java:logGet(43)) - raft.server.log.statemachine.data.sync = true (default)
2019-09-10 22:55:04,954 [pool-107-thread-1] INFO  server.RaftServerConfigKeys (ConfUtils.java:logGet(43)) - raft.server.log.segment.size.max = 1048576 (custom)
2019-09-10 22:55:04,955 [pool-77-thread-1] INFO  server.RaftServerConfigKeys (ConfUtils.java:logGet(43)) - raft.server.log.statemachine.data.sync.timeout = 10s (default)
2019-09-10 22:55:04,955 [pool-97-thread-1] INFO  server.RaftServerConfigKeys (ConfUtils.java:logGet(43)) - raft.server.log.queue.byte-limit = 2147483647 (custom)
2019-09-10 22:55:04,955 [pool-77-thread-1] INFO  server.RaftServerConfigKeys (ConfUtils.java:logGet(43)) - raft.server.log.statemachine.data.sync.timeout.retry = -1 (default)
2019-09-10 22:55:04,955 [pool-107-thread-1] INFO  server.RaftServerConfigKeys (ConfUtils.java:logGet(43)) - raft.server.log.preallocated.size = 16384 (custom)
2019-09-10 22:55:04,956 [pool-77-thread-1] INFO  server.RaftServerConfigKeys (ConfUtils.java:logGet(43)) - raft.server.log.statemachine.data.caching.enabled = true (custom)
2019-09-10 22:55:04,955 [pool-97-thread-1] INFO  server.RaftServerConfigKeys (ConfUtils.java:logGet(43)) - raft.server.log.queue.element-limit = 1024 (custom)
2019-09-10 22:55:04,956 [pool-107-thread-1] INFO  server.RaftServerConfigKeys (ConfUtils.java:logGet(43)) - raft.server.log.write.buffer.size = 33554432 (custom)
2019-09-10 22:55:04,956 [pool-77-thread-1] INFO  segmented.SegmentedRaftLogWorker (SegmentedRaftLogWorker.java:lambda$new$0(132)) - 72e5a279-ca12-4c9e-91de-7e916f85cc8c@group-F5D172FB2954-SegmentedRaftLogWorker: flushIndex: setUnconditionally 0 -> -1
2019-09-10 22:55:04,956 [pool-97-thread-1] INFO  server.RaftServerConfigKeys (ConfUtils.java:logGet(43)) - raft.server.log.segment.size.max = 1048576 (custom)
2019-09-10 22:55:04,956 [pool-107-thread-1] INFO  server.RaftServerConfigKeys (ConfUtils.java:logGet(43)) - raft.server.log.force.sync.num = 128 (default)
2019-09-10 22:55:04,957 [pool-77-thread-1] INFO  server.RaftServerConfigKeys (ConfUtils.java:logGet(43)) - raft.server.snapshot.auto.trigger.enabled = true (custom)
2019-09-10 22:55:04,956 [pool-97-thread-1] INFO  server.RaftServerConfigKeys (ConfUtils.java:logGet(43)) - raft.server.log.preallocated.size = 16384 (custom)
2019-09-10 22:55:04,957 [pool-77-thread-1] INFO  server.RaftServerConfigKeys (ConfUtils.java:logGet(43)) - raft.server.snapshot.auto.trigger.threshold = 10000 (custom)
2019-09-10 22:55:04,957 [pool-107-thread-1] INFO  server.RaftServerConfigKeys (ConfUtils.java:logGet(43)) - raft.server.log.statemachine.data.sync = true (default)
2019-09-10 22:55:04,957 [pool-77-thread-1] INFO  server.RaftServerConfigKeys (ConfUtils.java:logGet(43)) - raft.server.snapshot.retention.num.files = -1 (default)
2019-09-10 22:55:04,957 [pool-97-thread-1] INFO  server.RaftServerConfigKeys (ConfUtils.java:logGet(43)) - raft.server.log.write.buffer.size = 33554432 (custom)
2019-09-10 22:55:04,957 [pool-77-thread-1] INFO  server.RaftServerConfigKeys (ConfUtils.java:logGet(43)) - raft.server.retrycache.expirytime = 600000ms (custom)
2019-09-10 22:55:04,957 [pool-107-thread-1] INFO  server.RaftServerConfigKeys (ConfUtils.java:logGet(43)) - raft.server.log.statemachine.data.sync.timeout = 10s (default)
2019-09-10 22:55:04,957 [pool-97-thread-1] INFO  server.RaftServerConfigKeys (ConfUtils.java:logGet(43)) - raft.server.log.force.sync.num = 128 (default)
2019-09-10 22:55:04,958 [pool-107-thread-1] INFO  server.RaftServerConfigKeys (ConfUtils.java:logGet(43)) - raft.server.log.statemachine.data.sync.timeout.retry = -1 (default)
2019-09-10 22:55:04,958 [pool-97-thread-1] INFO  server.RaftServerConfigKeys (ConfUtils.java:logGet(43)) - raft.server.log.statemachine.data.sync = true (default)
2019-09-10 22:55:04,958 [pool-107-thread-1] INFO  server.RaftServerConfigKeys (ConfUtils.java:logGet(43)) - raft.server.log.statemachine.data.caching.enabled = true (custom)
2019-09-10 22:55:04,958 [pool-97-thread-1] INFO  server.RaftServerConfigKeys (ConfUtils.java:logGet(43)) - raft.server.log.statemachine.data.sync.timeout = 10s (default)
2019-09-10 22:55:04,959 [pool-97-thread-1] INFO  server.RaftServerConfigKeys (ConfUtils.java:logGet(43)) - raft.server.log.statemachine.data.sync.timeout.retry = -1 (default)
2019-09-10 22:55:04,959 [pool-107-thread-1] INFO  segmented.SegmentedRaftLogWorker (SegmentedRaftLogWorker.java:lambda$new$0(132)) - 9a51610a-f282-4242-84b0-9cad669d08b8@group-F5D172FB2954-SegmentedRaftLogWorker: flushIndex: setUnconditionally 0 -> -1
2019-09-10 22:55:04,959 [pool-97-thread-1] INFO  server.RaftServerConfigKeys (ConfUtils.java:logGet(43)) - raft.server.log.statemachine.data.caching.enabled = true (custom)
2019-09-10 22:55:04,959 [pool-107-thread-1] INFO  server.RaftServerConfigKeys (ConfUtils.java:logGet(43)) - raft.server.snapshot.auto.trigger.enabled = true (custom)
2019-09-10 22:55:04,959 [pool-97-thread-1] INFO  segmented.SegmentedRaftLogWorker (SegmentedRaftLogWorker.java:lambda$new$0(132)) - 2f676a21-e66b-4fec-aeac-0283d98823a1@group-F5D172FB2954-SegmentedRaftLogWorker: flushIndex: setUnconditionally 0 -> -1
2019-09-10 22:55:04,959 [pool-107-thread-1] INFO  server.RaftServerConfigKeys (ConfUtils.java:logGet(43)) - raft.server.snapshot.auto.trigger.threshold = 10000 (custom)
2019-09-10 22:55:04,960 [pool-107-thread-1] INFO  server.RaftServerConfigKeys (ConfUtils.java:logGet(43)) - raft.server.snapshot.retention.num.files = -1 (default)
2019-09-10 22:55:04,960 [pool-97-thread-1] INFO  server.RaftServerConfigKeys (ConfUtils.java:logGet(43)) - raft.server.snapshot.auto.trigger.enabled = true (custom)
2019-09-10 22:55:04,960 [pool-107-thread-1] INFO  server.RaftServerConfigKeys (ConfUtils.java:logGet(43)) - raft.server.retrycache.expirytime = 600000ms (custom)
2019-09-10 22:55:04,960 [pool-97-thread-1] INFO  server.RaftServerConfigKeys (ConfUtils.java:logGet(43)) - raft.server.snapshot.auto.trigger.threshold = 10000 (custom)
2019-09-10 22:55:04,960 [pool-97-thread-1] INFO  server.RaftServerConfigKeys (ConfUtils.java:logGet(43)) - raft.server.snapshot.retention.num.files = -1 (default)
2019-09-10 22:55:04,960 [pool-97-thread-1] INFO  server.RaftServerConfigKeys (ConfUtils.java:logGet(43)) - raft.server.retrycache.expirytime = 600000ms (custom)
2019-09-10 22:55:04,962 [pool-77-thread-1] INFO  impl.RaftServerImpl (RaftServerImpl.java:start(185)) - 72e5a279-ca12-4c9e-91de-7e916f85cc8c@group-F5D172FB2954: start as a follower, conf=-1: [72e5a279-ca12-4c9e-91de-7e916f85cc8c:192.168.34.57:37581, 2f676a21-e66b-4fec-aeac-0283d98823a1:192.168.34.57:34748, 9a51610a-f282-4242-84b0-9cad669d08b8:192.168.34.57:46514], old=null
2019-09-10 22:55:04,962 [pool-77-thread-1] INFO  impl.RaftServerImpl (RaftServerImpl.java:setRole(174)) - 72e5a279-ca12-4c9e-91de-7e916f85cc8c@group-F5D172FB2954: changes role from      null to FOLLOWER at term 0 for startAsFollower
2019-09-10 22:55:04,962 [pool-77-thread-1] INFO  impl.RoleInfo (RoleInfo.java:updateAndGet(143)) - 72e5a279-ca12-4c9e-91de-7e916f85cc8c: start FollowerState
2019-09-10 22:55:04,963 [pool-77-thread-1] INFO  util.JmxRegister (JmxRegister.java:tryRegister(44)) - Successfully registered JMX Bean with object name Ratis:service=RaftServer,group=group-F5D172FB2954,id=72e5a279-ca12-4c9e-91de-7e916f85cc8c
2019-09-10 22:55:04,964 [pool-97-thread-1] INFO  impl.RaftServerImpl (RaftServerImpl.java:start(185)) - 2f676a21-e66b-4fec-aeac-0283d98823a1@group-F5D172FB2954: start as a follower, conf=-1: [72e5a279-ca12-4c9e-91de-7e916f85cc8c:192.168.34.57:37581, 2f676a21-e66b-4fec-aeac-0283d98823a1:192.168.34.57:34748, 9a51610a-f282-4242-84b0-9cad669d08b8:192.168.34.57:46514], old=null
2019-09-10 22:55:04,964 [06814ee9-24b9-4aa5-b290-a3e9e2a386ef@group-48953FBDC98C:LeaderElection3] INFO  impl.LeaderElection (LeaderElection.java:askForVotes(182)) - 06814ee9-24b9-4aa5-b290-a3e9e2a386ef@group-48953FBDC98C:LeaderElection3: begin an election at term 1 for -1: [06814ee9-24b9-4aa5-b290-a3e9e2a386ef:192.168.34.57:44097], old=null
2019-09-10 22:55:04,967 [pool-97-thread-1] INFO  impl.RaftServerImpl (RaftServerImpl.java:setRole(174)) - 2f676a21-e66b-4fec-aeac-0283d98823a1@group-F5D172FB2954: changes role from      null to FOLLOWER at term 0 for startAsFollower
2019-09-10 22:55:04,967 [06814ee9-24b9-4aa5-b290-a3e9e2a386ef@group-48953FBDC98C:LeaderElection3] INFO  impl.RoleInfo (RoleInfo.java:shutdownLeaderElection(134)) - 06814ee9-24b9-4aa5-b290-a3e9e2a386ef: shutdown LeaderElection
2019-09-10 22:55:04,967 [pool-97-thread-1] INFO  impl.RoleInfo (RoleInfo.java:updateAndGet(143)) - 2f676a21-e66b-4fec-aeac-0283d98823a1: start FollowerState
2019-09-10 22:55:04,967 [06814ee9-24b9-4aa5-b290-a3e9e2a386ef@group-48953FBDC98C:LeaderElection3] INFO  impl.RaftServerImpl (RaftServerImpl.java:setRole(174)) - 06814ee9-24b9-4aa5-b290-a3e9e2a386ef@group-48953FBDC98C: changes role from CANDIDATE to LEADER at term 1 for changeToLeader
2019-09-10 22:55:04,967 [pool-107-thread-1] INFO  impl.RaftServerImpl (RaftServerImpl.java:start(185)) - 9a51610a-f282-4242-84b0-9cad669d08b8@group-F5D172FB2954: start as a follower, conf=-1: [72e5a279-ca12-4c9e-91de-7e916f85cc8c:192.168.34.57:37581, 2f676a21-e66b-4fec-aeac-0283d98823a1:192.168.34.57:34748, 9a51610a-f282-4242-84b0-9cad669d08b8:192.168.34.57:46514], old=null
2019-09-10 22:55:04,967 [pool-97-thread-1] INFO  util.JmxRegister (JmxRegister.java:tryRegister(44)) - Successfully registered JMX Bean with object name Ratis:service=RaftServer,group=group-F5D172FB2954,id=2f676a21-e66b-4fec-aeac-0283d98823a1
2019-09-10 22:55:04,967 [06814ee9-24b9-4aa5-b290-a3e9e2a386ef@group-48953FBDC98C:LeaderElection3] INFO  impl.RaftServerImpl (ServerState.java:setLeader(253)) - 06814ee9-24b9-4aa5-b290-a3e9e2a386ef@group-48953FBDC98C: change Leader from null to 06814ee9-24b9-4aa5-b290-a3e9e2a386ef at term 1 for becomeLeader, leader elected after 1213ms
2019-09-10 22:55:04,967 [pool-107-thread-1] INFO  impl.RaftServerImpl (RaftServerImpl.java:setRole(174)) - 9a51610a-f282-4242-84b0-9cad669d08b8@group-F5D172FB2954: changes role from      null to FOLLOWER at term 0 for startAsFollower
2019-09-10 22:55:04,970 [06814ee9-24b9-4aa5-b290-a3e9e2a386ef@group-48953FBDC98C:LeaderElection3] INFO  server.RaftServerConfigKeys (ConfUtils.java:logGet(43)) - raft.server.staging.catchup.gap = 1000 (default)
2019-09-10 22:55:04,970 [pool-107-thread-1] INFO  impl.RoleInfo (RoleInfo.java:updateAndGet(143)) - 9a51610a-f282-4242-84b0-9cad669d08b8: start FollowerState
2019-09-10 22:55:04,970 [06814ee9-24b9-4aa5-b290-a3e9e2a386ef@group-48953FBDC98C:LeaderElection3] INFO  server.RaftServerConfigKeys (ConfUtils.java:logGet(43)) - raft.server.rpc.sleep.time = 25ms (default)
2019-09-10 22:55:04,970 [06814ee9-24b9-4aa5-b290-a3e9e2a386ef@group-48953FBDC98C:LeaderElection3] INFO  server.RaftServerConfigKeys (ConfUtils.java:logGet(43)) - raft.server.write.element-limit = 4096 (default)
2019-09-10 22:55:04,970 [pool-107-thread-1] INFO  util.JmxRegister (JmxRegister.java:tryRegister(44)) - Successfully registered JMX Bean with object name Ratis:service=RaftServer,group=group-F5D172FB2954,id=9a51610a-f282-4242-84b0-9cad669d08b8
2019-09-10 22:55:04,971 [06814ee9-24b9-4aa5-b290-a3e9e2a386ef@group-48953FBDC98C:LeaderElection3] INFO  server.RaftServerConfigKeys (ConfUtils.java:logGet(43)) - raft.server.watch.timeout = 10s (default)
2019-09-10 22:55:04,971 [06814ee9-24b9-4aa5-b290-a3e9e2a386ef@group-48953FBDC98C:LeaderElection3] INFO  server.RaftServerConfigKeys (ConfUtils.java:logGet(43)) - raft.server.watch.timeout.denomination = 1s (default)
2019-09-10 22:55:04,971 [06814ee9-24b9-4aa5-b290-a3e9e2a386ef@group-48953FBDC98C:LeaderElection3] INFO  server.RaftServerConfigKeys (ConfUtils.java:logGet(43)) - raft.server.watch.element-limit = 65536 (default)
2019-09-10 22:55:04,993 [06814ee9-24b9-4aa5-b290-a3e9e2a386ef@group-48953FBDC98C:LeaderElection3] INFO  impl.RoleInfo (RoleInfo.java:updateAndGet(143)) - 06814ee9-24b9-4aa5-b290-a3e9e2a386ef: start LeaderState
2019-09-10 22:55:04,994 [RatisPipelineUtilsThread] INFO  pipeline.PipelineStateManager (PipelineStateManager.java:addPipeline(56)) - Created pipeline Pipeline[ Id: 2ea0ff70-9fd8-43a6-89e1-f5d172fb2954, Nodes: 9a51610a-f282-4242-84b0-9cad669d08b8{ip: 192.168.34.57, host: pr-hdds-2106-sk2jr-1188266228, networkLocation: /default-rack, certSerialId: null}72e5a279-ca12-4c9e-91de-7e916f85cc8c{ip: 192.168.34.57, host: pr-hdds-2106-sk2jr-1188266228, networkLocation: /default-rack, certSerialId: null}2f676a21-e66b-4fec-aeac-0283d98823a1{ip: 192.168.34.57, host: pr-hdds-2106-sk2jr-1188266228, networkLocation: /default-rack, certSerialId: null}, Type:RATIS, Factor:THREE, State:OPEN]
2019-09-10 22:55:04,994 [06814ee9-24b9-4aa5-b290-a3e9e2a386ef@group-48953FBDC98C:LeaderElection3] INFO  segmented.SegmentedRaftLogWorker (SegmentedRaftLogWorker.java:startLogSegment(380)) - 06814ee9-24b9-4aa5-b290-a3e9e2a386ef@group-48953FBDC98C-SegmentedRaftLogWorker: Starting segment from index:0
2019-09-10 22:55:04,994 [06814ee9-24b9-4aa5-b290-a3e9e2a386ef@group-48953FBDC98C:LeaderElection3] INFO  impl.RaftServerImpl (ServerState.java:setRaftConf(354)) - 06814ee9-24b9-4aa5-b290-a3e9e2a386ef@group-48953FBDC98C: set configuration 0: [06814ee9-24b9-4aa5-b290-a3e9e2a386ef:192.168.34.57:44097], old=null at 0
2019-09-10 22:55:05,025 [grpc-default-executor-2] INFO  impl.RaftServerProxy (RaftServerProxy.java:addNew(89)) - 85b41e89-4cf3-40c5-bca2-fe675a128b85: addNew group-4AD3EF8E1477:[aaf3f7d3-af27-4405-89a7-731c9150da26:192.168.34.57:35719, 61a249ca-8039-4b42-99f2-11fda8dbfc88:192.168.34.57:42650, 85b41e89-4cf3-40c5-bca2-fe675a128b85:192.168.34.57:35907] returns group-4AD3EF8E1477:java.util.concurrent.CompletableFuture@187877c8[Not completed]
2019-09-10 22:55:05,031 [grpc-default-executor-0] INFO  impl.RaftServerProxy (RaftServerProxy.java:addNew(89)) - aaf3f7d3-af27-4405-89a7-731c9150da26: addNew group-4AD3EF8E1477:[aaf3f7d3-af27-4405-89a7-731c9150da26:192.168.34.57:35719, 61a249ca-8039-4b42-99f2-11fda8dbfc88:192.168.34.57:42650, 85b41e89-4cf3-40c5-bca2-fe675a128b85:192.168.34.57:35907] returns group-4AD3EF8E1477:java.util.concurrent.CompletableFuture@4bfbf51a[Not completed]
2019-09-10 22:55:05,031 [grpc-default-executor-1] INFO  impl.RaftServerProxy (RaftServerProxy.java:addNew(89)) - 61a249ca-8039-4b42-99f2-11fda8dbfc88: addNew group-4AD3EF8E1477:[aaf3f7d3-af27-4405-89a7-731c9150da26:192.168.34.57:35719, 61a249ca-8039-4b42-99f2-11fda8dbfc88:192.168.34.57:42650, 85b41e89-4cf3-40c5-bca2-fe675a128b85:192.168.34.57:35907] returns group-4AD3EF8E1477:java.util.concurrent.CompletableFuture@3973c6e4[Not completed]
2019-09-10 22:55:05,033 [pool-117-thread-1] INFO  impl.RaftServerImpl (RaftServerImpl.java:<init>(95)) - 85b41e89-4cf3-40c5-bca2-fe675a128b85: new RaftServerImpl for group-4AD3EF8E1477:[aaf3f7d3-af27-4405-89a7-731c9150da26:192.168.34.57:35719, 61a249ca-8039-4b42-99f2-11fda8dbfc88:192.168.34.57:42650, 85b41e89-4cf3-40c5-bca2-fe675a128b85:192.168.34.57:35907] with ContainerStateMachine:uninitialized
2019-09-10 22:55:05,033 [pool-117-thread-1] INFO  server.RaftServerConfigKeys (ConfUtils.java:logGet(43)) - raft.server.rpc.timeout.min = 1s (custom)
2019-09-10 22:55:05,033 [pool-117-thread-1] INFO  server.RaftServerConfigKeys (ConfUtils.java:logGet(43)) - raft.server.rpc.timeout.max = 1200ms (custom)
2019-09-10 22:55:05,033 [pool-117-thread-1] INFO  server.RaftServerConfigKeys (ConfUtils.java:logGet(43)) - raft.server.rpcslowness.timeout = 120s (custom)
2019-09-10 22:55:05,034 [pool-47-thread-1] INFO  impl.RaftServerImpl (RaftServerImpl.java:<init>(95)) - 61a249ca-8039-4b42-99f2-11fda8dbfc88: new RaftServerImpl for group-4AD3EF8E1477:[aaf3f7d3-af27-4405-89a7-731c9150da26:192.168.34.57:35719, 61a249ca-8039-4b42-99f2-11fda8dbfc88:192.168.34.57:42650, 85b41e89-4cf3-40c5-bca2-fe675a128b85:192.168.34.57:35907] with ContainerStateMachine:uninitialized
2019-09-10 22:55:05,034 [pool-117-thread-1] INFO  server.RaftServerConfigKeys (ConfUtils.java:logGet(43)) - raft.server.sleep.deviation.threshold = 300 (default)
2019-09-10 22:55:05,034 [pool-47-thread-1] INFO  server.RaftServerConfigKeys (ConfUtils.java:logGet(43)) - raft.server.rpc.timeout.min = 1s (custom)
2019-09-10 22:55:05,034 [pool-117-thread-1] INFO  server.RaftServerConfigKeys (ConfUtils.java:logGet(43)) - raft.server.log.appender.install.snapshot.enabled = false (custom)
2019-09-10 22:55:05,034 [pool-47-thread-1] INFO  server.RaftServerConfigKeys (ConfUtils.java:logGet(43)) - raft.server.rpc.timeout.max = 1200ms (custom)
2019-09-10 22:55:05,034 [pool-117-thread-1] INFO  impl.RaftServerImpl (ServerState.java:<init>(103)) - 85b41e89-4cf3-40c5-bca2-fe675a128b85@group-4AD3EF8E1477: ConfigurationManager, init=-1: [aaf3f7d3-af27-4405-89a7-731c9150da26:192.168.34.57:35719, 61a249ca-8039-4b42-99f2-11fda8dbfc88:192.168.34.57:42650, 85b41e89-4cf3-40c5-bca2-fe675a128b85:192.168.34.57:35907], old=null, confs=<EMPTY_MAP>
2019-09-10 22:55:05,034 [pool-47-thread-1] INFO  server.RaftServerConfigKeys (ConfUtils.java:logGet(43)) - raft.server.rpcslowness.timeout = 120s (custom)
2019-09-10 22:55:05,034 [pool-47-thread-1] INFO  server.RaftServerConfigKeys (ConfUtils.java:logGet(43)) - raft.server.sleep.deviation.threshold = 300 (default)
2019-09-10 22:55:05,034 [pool-117-thread-1] INFO  server.RaftServerConfigKeys (ConfUtils.java:logGet(43)) - raft.server.storage.dir = [/workdir/hadoop-ozone/integration-test/target/test-dir/MiniOzoneClusterImpl-c8bd075b-66f7-4733-90c4-2d26ad6b76fb/datanode-9/data/ratis] (custom)
2019-09-10 22:55:05,035 [pool-37-thread-1] INFO  impl.RaftServerImpl (RaftServerImpl.java:<init>(95)) - aaf3f7d3-af27-4405-89a7-731c9150da26: new RaftServerImpl for group-4AD3EF8E1477:[aaf3f7d3-af27-4405-89a7-731c9150da26:192.168.34.57:35719, 61a249ca-8039-4b42-99f2-11fda8dbfc88:192.168.34.57:42650, 85b41e89-4cf3-40c5-bca2-fe675a128b85:192.168.34.57:35907] with ContainerStateMachine:uninitialized
2019-09-10 22:55:05,034 [pool-47-thread-1] INFO  server.RaftServerConfigKeys (ConfUtils.java:logGet(43)) - raft.server.log.appender.install.snapshot.enabled = false (custom)
2019-09-10 22:55:05,035 [pool-37-thread-1] INFO  server.RaftServerConfigKeys (ConfUtils.java:logGet(43)) - raft.server.rpc.timeout.min = 1s (custom)
2019-09-10 22:55:05,035 [pool-117-thread-1] INFO  storage.RaftStorageDirectory (RaftStorageDirectory.java:analyzeStorage(246)) - The storage directory /workdir/hadoop-ozone/integration-test/target/test-dir/MiniOzoneClusterImpl-c8bd075b-66f7-4733-90c4-2d26ad6b76fb/datanode-9/data/ratis/bb4e028f-f49f-4ed5-b4a7-4ad3ef8e1477 does not exist. Creating ...
2019-09-10 22:55:05,035 [pool-47-thread-1] INFO  impl.RaftServerImpl (ServerState.java:<init>(103)) - 61a249ca-8039-4b42-99f2-11fda8dbfc88@group-4AD3EF8E1477: ConfigurationManager, init=-1: [aaf3f7d3-af27-4405-89a7-731c9150da26:192.168.34.57:35719, 61a249ca-8039-4b42-99f2-11fda8dbfc88:192.168.34.57:42650, 85b41e89-4cf3-40c5-bca2-fe675a128b85:192.168.34.57:35907], old=null, confs=<EMPTY_MAP>
2019-09-10 22:55:05,035 [pool-37-thread-1] INFO  server.RaftServerConfigKeys (ConfUtils.java:logGet(43)) - raft.server.rpc.timeout.max = 1200ms (custom)
2019-09-10 22:55:05,035 [pool-47-thread-1] INFO  server.RaftServerConfigKeys (ConfUtils.java:logGet(43)) - raft.server.storage.dir = [/workdir/hadoop-ozone/integration-test/target/test-dir/MiniOzoneClusterImpl-c8bd075b-66f7-4733-90c4-2d26ad6b76fb/datanode-2/data/ratis] (custom)
2019-09-10 22:55:05,035 [pool-37-thread-1] INFO  server.RaftServerConfigKeys (ConfUtils.java:logGet(43)) - raft.server.rpcslowness.timeout = 120s (custom)
2019-09-10 22:55:05,036 [pool-37-thread-1] INFO  server.RaftServerConfigKeys (ConfUtils.java:logGet(43)) - raft.server.sleep.deviation.threshold = 300 (default)
2019-09-10 22:55:05,036 [pool-47-thread-1] INFO  storage.RaftStorageDirectory (RaftStorageDirectory.java:analyzeStorage(246)) - The storage directory /workdir/hadoop-ozone/integration-test/target/test-dir/MiniOzoneClusterImpl-c8bd075b-66f7-4733-90c4-2d26ad6b76fb/datanode-2/data/ratis/bb4e028f-f49f-4ed5-b4a7-4ad3ef8e1477 does not exist. Creating ...
2019-09-10 22:55:05,036 [pool-37-thread-1] INFO  server.RaftServerConfigKeys (ConfUtils.java:logGet(43)) - raft.server.log.appender.install.snapshot.enabled = false (custom)
2019-09-10 22:55:05,036 [pool-37-thread-1] INFO  impl.RaftServerImpl (ServerState.java:<init>(103)) - aaf3f7d3-af27-4405-89a7-731c9150da26@group-4AD3EF8E1477: ConfigurationManager, init=-1: [aaf3f7d3-af27-4405-89a7-731c9150da26:192.168.34.57:35719, 61a249ca-8039-4b42-99f2-11fda8dbfc88:192.168.34.57:42650, 85b41e89-4cf3-40c5-bca2-fe675a128b85:192.168.34.57:35907], old=null, confs=<EMPTY_MAP>
2019-09-10 22:55:05,036 [pool-37-thread-1] INFO  server.RaftServerConfigKeys (ConfUtils.java:logGet(43)) - raft.server.storage.dir = [/workdir/hadoop-ozone/integration-test/target/test-dir/MiniOzoneClusterImpl-c8bd075b-66f7-4733-90c4-2d26ad6b76fb/datanode-1/data/ratis] (custom)
2019-09-10 22:55:05,037 [pool-37-thread-1] INFO  storage.RaftStorageDirectory (RaftStorageDirectory.java:analyzeStorage(246)) - The storage directory /workdir/hadoop-ozone/integration-test/target/test-dir/MiniOzoneClusterImpl-c8bd075b-66f7-4733-90c4-2d26ad6b76fb/datanode-1/data/ratis/bb4e028f-f49f-4ed5-b4a7-4ad3ef8e1477 does not exist. Creating ...
2019-09-10 22:55:05,049 [pool-117-thread-1] INFO  storage.RaftStorageDirectory (RaftStorageDirectory.java:tryLock(328)) - Lock on /workdir/hadoop-ozone/integration-test/target/test-dir/MiniOzoneClusterImpl-c8bd075b-66f7-4733-90c4-2d26ad6b76fb/datanode-9/data/ratis/bb4e028f-f49f-4ed5-b4a7-4ad3ef8e1477/in_use.lock acquired by nodename 5069@pr-hdds-2106-sk2jr-1188266228
2019-09-10 22:55:05,049 [pool-37-thread-1] INFO  storage.RaftStorageDirectory (RaftStorageDirectory.java:tryLock(328)) - Lock on /workdir/hadoop-ozone/integration-test/target/test-dir/MiniOzoneClusterImpl-c8bd075b-66f7-4733-90c4-2d26ad6b76fb/datanode-1/data/ratis/bb4e028f-f49f-4ed5-b4a7-4ad3ef8e1477/in_use.lock acquired by nodename 5069@pr-hdds-2106-sk2jr-1188266228
2019-09-10 22:55:05,049 [pool-47-thread-1] INFO  storage.RaftStorageDirectory (RaftStorageDirectory.java:tryLock(328)) - Lock on /workdir/hadoop-ozone/integration-test/target/test-dir/MiniOzoneClusterImpl-c8bd075b-66f7-4733-90c4-2d26ad6b76fb/datanode-2/data/ratis/bb4e028f-f49f-4ed5-b4a7-4ad3ef8e1477/in_use.lock acquired by nodename 5069@pr-hdds-2106-sk2jr-1188266228
2019-09-10 22:55:05,063 [pool-117-thread-1] INFO  storage.RaftStorage (RaftStorage.java:format(72)) - Storage directory /workdir/hadoop-ozone/integration-test/target/test-dir/MiniOzoneClusterImpl-c8bd075b-66f7-4733-90c4-2d26ad6b76fb/datanode-9/data/ratis/bb4e028f-f49f-4ed5-b4a7-4ad3ef8e1477 has been successfully formatted.
2019-09-10 22:55:05,063 [pool-47-thread-1] INFO  storage.RaftStorage (RaftStorage.java:format(72)) - Storage directory /workdir/hadoop-ozone/integration-test/target/test-dir/MiniOzoneClusterImpl-c8bd075b-66f7-4733-90c4-2d26ad6b76fb/datanode-2/data/ratis/bb4e028f-f49f-4ed5-b4a7-4ad3ef8e1477 has been successfully formatted.
2019-09-10 22:55:05,063 [pool-37-thread-1] INFO  storage.RaftStorage (RaftStorage.java:format(72)) - Storage directory /workdir/hadoop-ozone/integration-test/target/test-dir/MiniOzoneClusterImpl-c8bd075b-66f7-4733-90c4-2d26ad6b76fb/datanode-1/data/ratis/bb4e028f-f49f-4ed5-b4a7-4ad3ef8e1477 has been successfully formatted.
2019-09-10 22:55:05,063 [pool-117-thread-1] INFO  ratis.ContainerStateMachine (ContainerStateMachine.java:loadSnapshot(230)) - group-4AD3EF8E1477: The snapshot info is null. Setting the last applied indexto:(t:0, i:~)
2019-09-10 22:55:05,063 [pool-37-thread-1] INFO  ratis.ContainerStateMachine (ContainerStateMachine.java:loadSnapshot(230)) - group-4AD3EF8E1477: The snapshot info is null. Setting the last applied indexto:(t:0, i:~)
2019-09-10 22:55:05,063 [pool-117-thread-1] INFO  server.RaftServerConfigKeys (ConfUtils.java:logGet(43)) - raft.server.notification.no-leader.timeout = 120s (custom)
2019-09-10 22:55:05,063 [pool-47-thread-1] INFO  ratis.ContainerStateMachine (ContainerStateMachine.java:loadSnapshot(230)) - group-4AD3EF8E1477: The snapshot info is null. Setting the last applied indexto:(t:0, i:~)
2019-09-10 22:55:05,064 [pool-117-thread-1] INFO  server.RaftServerConfigKeys (ConfUtils.java:logGet(43)) - raft.server.log.use.memory = false (default)
2019-09-10 22:55:05,064 [pool-37-thread-1] INFO  server.RaftServerConfigKeys (ConfUtils.java:logGet(43)) - raft.server.notification.no-leader.timeout = 120s (custom)
2019-09-10 22:55:05,064 [pool-117-thread-1] INFO  server.RaftServerConfigKeys (ConfUtils.java:logGet(43)) - raft.server.log.purge.gap = 1000000 (custom)
2019-09-10 22:55:05,064 [pool-47-thread-1] INFO  server.RaftServerConfigKeys (ConfUtils.java:logGet(43)) - raft.server.notification.no-leader.timeout = 120s (custom)
2019-09-10 22:55:05,064 [pool-117-thread-1] INFO  server.RaftServerConfigKeys (ConfUtils.java:logGet(43)) - raft.server.log.appender.buffer.byte-limit = 33554432 (custom)
2019-09-10 22:55:05,064 [pool-37-thread-1] INFO  server.RaftServerConfigKeys (ConfUtils.java:logGet(43)) - raft.server.log.use.memory = false (default)
2019-09-10 22:55:05,065 [pool-117-thread-1] INFO  server.RaftServerConfigKeys (ConfUtils.java:logGet(43)) - raft.server.log.segment.size.max = 1048576 (custom)
2019-09-10 22:55:05,064 [pool-47-thread-1] INFO  server.RaftServerConfigKeys (ConfUtils.java:logGet(43)) - raft.server.log.use.memory = false (default)
2019-09-10 22:55:05,065 [pool-117-thread-1] INFO  server.RaftServerConfigKeys (ConfUtils.java:logGet(43)) - raft.server.log.segment.cache.num.max = 2 (custom)
2019-09-10 22:55:05,065 [pool-37-thread-1] INFO  server.RaftServerConfigKeys (ConfUtils.java:logGet(43)) - raft.server.log.purge.gap = 1000000 (custom)
2019-09-10 22:55:05,065 [pool-117-thread-1] INFO  segmented.SegmentedRaftLogWorker (SegmentedRaftLogWorker.java:<init>(172)) - new 85b41e89-4cf3-40c5-bca2-fe675a128b85@group-4AD3EF8E1477-SegmentedRaftLogWorker for RaftStorage:Storage Directory /workdir/hadoop-ozone/integration-test/target/test-dir/MiniOzoneClusterImpl-c8bd075b-66f7-4733-90c4-2d26ad6b76fb/datanode-9/data/ratis/bb4e028f-f49f-4ed5-b4a7-4ad3ef8e1477
2019-09-10 22:55:05,065 [pool-47-thread-1] INFO  server.RaftServerConfigKeys (ConfUtils.java:logGet(43)) - raft.server.log.purge.gap = 1000000 (custom)
2019-09-10 22:55:05,065 [pool-117-thread-1] INFO  server.RaftServerConfigKeys (ConfUtils.java:logGet(43)) - raft.server.log.queue.byte-limit = 2147483647 (custom)
2019-09-10 22:55:05,065 [pool-37-thread-1] INFO  server.RaftServerConfigKeys (ConfUtils.java:logGet(43)) - raft.server.log.appender.buffer.byte-limit = 33554432 (custom)
2019-09-10 22:55:05,065 [pool-117-thread-1] INFO  server.RaftServerConfigKeys (ConfUtils.java:logGet(43)) - raft.server.log.queue.element-limit = 1024 (custom)
2019-09-10 22:55:05,065 [pool-47-thread-1] INFO  server.RaftServerConfigKeys (ConfUtils.java:logGet(43)) - raft.server.log.appender.buffer.byte-limit = 33554432 (custom)
2019-09-10 22:55:05,066 [pool-117-thread-1] INFO  server.RaftServerConfigKeys (ConfUtils.java:logGet(43)) - raft.server.log.segment.size.max = 1048576 (custom)
2019-09-10 22:55:05,066 [pool-117-thread-1] INFO  server.RaftServerConfigKeys (ConfUtils.java:logGet(43)) - raft.server.log.preallocated.size = 16384 (custom)
2019-09-10 22:55:05,065 [pool-37-thread-1] INFO  server.RaftServerConfigKeys (ConfUtils.java:logGet(43)) - raft.server.log.segment.size.max = 1048576 (custom)
2019-09-10 22:55:05,066 [pool-117-thread-1] INFO  server.RaftServerConfigKeys (ConfUtils.java:logGet(43)) - raft.server.log.write.buffer.size = 33554432 (custom)
2019-09-10 22:55:05,066 [pool-47-thread-1] INFO  server.RaftServerConfigKeys (ConfUtils.java:logGet(43)) - raft.server.log.segment.size.max = 1048576 (custom)
2019-09-10 22:55:05,066 [pool-117-thread-1] INFO  server.RaftServerConfigKeys (ConfUtils.java:logGet(43)) - raft.server.log.force.sync.num = 128 (default)
2019-09-10 22:55:05,066 [pool-37-thread-1] INFO  server.RaftServerConfigKeys (ConfUtils.java:logGet(43)) - raft.server.log.segment.cache.num.max = 2 (custom)
2019-09-10 22:55:05,066 [pool-117-thread-1] INFO  server.RaftServerConfigKeys (ConfUtils.java:logGet(43)) - raft.server.log.statemachine.data.sync = true (default)
2019-09-10 22:55:05,066 [pool-47-thread-1] INFO  server.RaftServerConfigKeys (ConfUtils.java:logGet(43)) - raft.server.log.segment.cache.num.max = 2 (custom)
2019-09-10 22:55:05,067 [pool-117-thread-1] INFO  server.RaftServerConfigKeys (ConfUtils.java:logGet(43)) - raft.server.log.statemachine.data.sync.timeout = 10s (default)
2019-09-10 22:55:05,066 [pool-37-thread-1] INFO  segmented.SegmentedRaftLogWorker (SegmentedRaftLogWorker.java:<init>(172)) - new aaf3f7d3-af27-4405-89a7-731c9150da26@group-4AD3EF8E1477-SegmentedRaftLogWorker for RaftStorage:Storage Directory /workdir/hadoop-ozone/integration-test/target/test-dir/MiniOzoneClusterImpl-c8bd075b-66f7-4733-90c4-2d26ad6b76fb/datanode-1/data/ratis/bb4e028f-f49f-4ed5-b4a7-4ad3ef8e1477
2019-09-10 22:55:05,067 [pool-117-thread-1] INFO  server.RaftServerConfigKeys (ConfUtils.java:logGet(43)) - raft.server.log.statemachine.data.sync.timeout.retry = -1 (default)
2019-09-10 22:55:05,067 [pool-47-thread-1] INFO  segmented.SegmentedRaftLogWorker (SegmentedRaftLogWorker.java:<init>(172)) - new 61a249ca-8039-4b42-99f2-11fda8dbfc88@group-4AD3EF8E1477-SegmentedRaftLogWorker for RaftStorage:Storage Directory /workdir/hadoop-ozone/integration-test/target/test-dir/MiniOzoneClusterImpl-c8bd075b-66f7-4733-90c4-2d26ad6b76fb/datanode-2/data/ratis/bb4e028f-f49f-4ed5-b4a7-4ad3ef8e1477
2019-09-10 22:55:05,067 [pool-117-thread-1] INFO  server.RaftServerConfigKeys (ConfUtils.java:logGet(43)) - raft.server.log.statemachine.data.caching.enabled = true (custom)
2019-09-10 22:55:05,067 [pool-37-thread-1] INFO  server.RaftServerConfigKeys (ConfUtils.java:logGet(43)) - raft.server.log.queue.byte-limit = 2147483647 (custom)
2019-09-10 22:55:05,067 [pool-47-thread-1] INFO  server.RaftServerConfigKeys (ConfUtils.java:logGet(43)) - raft.server.log.queue.byte-limit = 2147483647 (custom)
2019-09-10 22:55:05,067 [pool-37-thread-1] INFO  server.RaftServerConfigKeys (ConfUtils.java:logGet(43)) - raft.server.log.queue.element-limit = 1024 (custom)
2019-09-10 22:55:05,068 [pool-47-thread-1] INFO  server.RaftServerConfigKeys (ConfUtils.java:logGet(43)) - raft.server.log.queue.element-limit = 1024 (custom)
2019-09-10 22:55:05,067 [pool-117-thread-1] INFO  segmented.SegmentedRaftLogWorker (SegmentedRaftLogWorker.java:lambda$new$0(132)) - 85b41e89-4cf3-40c5-bca2-fe675a128b85@group-4AD3EF8E1477-SegmentedRaftLogWorker: flushIndex: setUnconditionally 0 -> -1
2019-09-10 22:55:05,076 [pool-47-thread-1] INFO  server.RaftServerConfigKeys (ConfUtils.java:logGet(43)) - raft.server.log.segment.size.max = 1048576 (custom)
2019-09-10 22:55:05,079 [pool-117-thread-1] INFO  server.RaftServerConfigKeys (ConfUtils.java:logGet(43)) - raft.server.snapshot.auto.trigger.enabled = true (custom)
2019-09-10 22:55:05,068 [pool-37-thread-1] INFO  server.RaftServerConfigKeys (ConfUtils.java:logGet(43)) - raft.server.log.segment.size.max = 1048576 (custom)
2019-09-10 22:55:05,079 [pool-117-thread-1] INFO  server.RaftServerConfigKeys (ConfUtils.java:logGet(43)) - raft.server.snapshot.auto.trigger.threshold = 10000 (custom)
2019-09-10 22:55:05,079 [pool-47-thread-1] INFO  server.RaftServerConfigKeys (ConfUtils.java:logGet(43)) - raft.server.log.preallocated.size = 16384 (custom)
2019-09-10 22:55:05,080 [pool-117-thread-1] INFO  server.RaftServerConfigKeys (ConfUtils.java:logGet(43)) - raft.server.snapshot.retention.num.files = -1 (default)
2019-09-10 22:55:05,080 [pool-37-thread-1] INFO  server.RaftServerConfigKeys (ConfUtils.java:logGet(43)) - raft.server.log.preallocated.size = 16384 (custom)
2019-09-10 22:55:05,080 [pool-117-thread-1] INFO  server.RaftServerConfigKeys (ConfUtils.java:logGet(43)) - raft.server.retrycache.expirytime = 600000ms (custom)
2019-09-10 22:55:05,080 [pool-47-thread-1] INFO  server.RaftServerConfigKeys (ConfUtils.java:logGet(43)) - raft.server.log.write.buffer.size = 33554432 (custom)
2019-09-10 22:55:05,080 [pool-47-thread-1] INFO  server.RaftServerConfigKeys (ConfUtils.java:logGet(43)) - raft.server.log.force.sync.num = 128 (default)
2019-09-10 22:55:05,080 [pool-47-thread-1] INFO  server.RaftServerConfigKeys (ConfUtils.java:logGet(43)) - raft.server.log.statemachine.data.sync = true (default)
2019-09-10 22:55:05,080 [pool-47-thread-1] INFO  server.RaftServerConfigKeys (ConfUtils.java:logGet(43)) - raft.server.log.statemachine.data.sync.timeout = 10s (default)
2019-09-10 22:55:05,081 [pool-47-thread-1] INFO  server.RaftServerConfigKeys (ConfUtils.java:logGet(43)) - raft.server.log.statemachine.data.sync.timeout.retry = -1 (default)
2019-09-10 22:55:05,081 [pool-47-thread-1] INFO  server.RaftServerConfigKeys (ConfUtils.java:logGet(43)) - raft.server.log.statemachine.data.caching.enabled = true (custom)
2019-09-10 22:55:05,081 [pool-47-thread-1] INFO  segmented.SegmentedRaftLogWorker (SegmentedRaftLogWorker.java:lambda$new$0(132)) - 61a249ca-8039-4b42-99f2-11fda8dbfc88@group-4AD3EF8E1477-SegmentedRaftLogWorker: flushIndex: setUnconditionally 0 -> -1
2019-09-10 22:55:05,083 [pool-47-thread-1] INFO  server.RaftServerConfigKeys (ConfUtils.java:logGet(43)) - raft.server.snapshot.auto.trigger.enabled = true (custom)
2019-09-10 22:55:05,080 [pool-37-thread-1] INFO  server.RaftServerConfigKeys (ConfUtils.java:logGet(43)) - raft.server.log.write.buffer.size = 33554432 (custom)
2019-09-10 22:55:05,084 [pool-47-thread-1] INFO  server.RaftServerConfigKeys (ConfUtils.java:logGet(43)) - raft.server.snapshot.auto.trigger.threshold = 10000 (custom)
2019-09-10 22:55:05,085 [pool-37-thread-1] INFO  server.RaftServerConfigKeys (ConfUtils.java:logGet(43)) - raft.server.log.force.sync.num = 128 (default)
2019-09-10 22:55:05,085 [pool-47-thread-1] INFO  server.RaftServerConfigKeys (ConfUtils.java:logGet(43)) - raft.server.snapshot.retention.num.files = -1 (default)
2019-09-10 22:55:05,085 [pool-37-thread-1] INFO  server.RaftServerConfigKeys (ConfUtils.java:logGet(43)) - raft.server.log.statemachine.data.sync = true (default)
2019-09-10 22:55:05,085 [pool-47-thread-1] INFO  server.RaftServerConfigKeys (ConfUtils.java:logGet(43)) - raft.server.retrycache.expirytime = 600000ms (custom)
2019-09-10 22:55:05,085 [pool-37-thread-1] INFO  server.RaftServerConfigKeys (ConfUtils.java:logGet(43)) - raft.server.log.statemachine.data.sync.timeout = 10s (default)
2019-09-10 22:55:05,085 [pool-37-thread-1] INFO  server.RaftServerConfigKeys (ConfUtils.java:logGet(43)) - raft.server.log.statemachine.data.sync.timeout.retry = -1 (default)
2019-09-10 22:55:05,086 [pool-37-thread-1] INFO  server.RaftServerConfigKeys (ConfUtils.java:logGet(43)) - raft.server.log.statemachine.data.caching.enabled = true (custom)
2019-09-10 22:55:05,086 [pool-37-thread-1] INFO  segmented.SegmentedRaftLogWorker (SegmentedRaftLogWorker.java:lambda$new$0(132)) - aaf3f7d3-af27-4405-89a7-731c9150da26@group-4AD3EF8E1477-SegmentedRaftLogWorker: flushIndex: setUnconditionally 0 -> -1
2019-09-10 22:55:05,088 [pool-37-thread-1] INFO  server.RaftServerConfigKeys (ConfUtils.java:logGet(43)) - raft.server.snapshot.auto.trigger.enabled = true (custom)
2019-09-10 22:55:05,088 [pool-37-thread-1] INFO  server.RaftServerConfigKeys (ConfUtils.java:logGet(43)) - raft.server.snapshot.auto.trigger.threshold = 10000 (custom)
2019-09-10 22:55:05,088 [pool-37-thread-1] INFO  server.RaftServerConfigKeys (ConfUtils.java:logGet(43)) - raft.server.snapshot.retention.num.files = -1 (default)
2019-09-10 22:55:05,089 [pool-117-thread-1] INFO  impl.RaftServerImpl (RaftServerImpl.java:start(185)) - 85b41e89-4cf3-40c5-bca2-fe675a128b85@group-4AD3EF8E1477: start as a follower, conf=-1: [aaf3f7d3-af27-4405-89a7-731c9150da26:192.168.34.57:35719, 61a249ca-8039-4b42-99f2-11fda8dbfc88:192.168.34.57:42650, 85b41e89-4cf3-40c5-bca2-fe675a128b85:192.168.34.57:35907], old=null
2019-09-10 22:55:05,089 [pool-37-thread-1] INFO  server.RaftServerConfigKeys (ConfUtils.java:logGet(43)) - raft.server.retrycache.expirytime = 600000ms (custom)
2019-09-10 22:55:05,089 [pool-117-thread-1] INFO  impl.RaftServerImpl (RaftServerImpl.java:setRole(174)) - 85b41e89-4cf3-40c5-bca2-fe675a128b85@group-4AD3EF8E1477: changes role from      null to FOLLOWER at term 0 for startAsFollower
2019-09-10 22:55:05,089 [pool-117-thread-1] INFO  impl.RoleInfo (RoleInfo.java:updateAndGet(143)) - 85b41e89-4cf3-40c5-bca2-fe675a128b85: start FollowerState
2019-09-10 22:55:05,093 [pool-117-thread-1] INFO  util.JmxRegister (JmxRegister.java:tryRegister(44)) - Successfully registered JMX Bean with object name Ratis:service=RaftServer,group=group-4AD3EF8E1477,id=85b41e89-4cf3-40c5-bca2-fe675a128b85
2019-09-10 22:55:05,094 [main] INFO  rpc.RpcClient (RpcClient.java:createVolume(298)) - Creating Volume: datanodefailurehandlingtest, with jenkins1000 as owner.
2019-09-10 22:55:05,099 [pool-47-thread-1] INFO  impl.RaftServerImpl (RaftServerImpl.java:start(185)) - 61a249ca-8039-4b42-99f2-11fda8dbfc88@group-4AD3EF8E1477: start as a follower, conf=-1: [aaf3f7d3-af27-4405-89a7-731c9150da26:192.168.34.57:35719, 61a249ca-8039-4b42-99f2-11fda8dbfc88:192.168.34.57:42650, 85b41e89-4cf3-40c5-bca2-fe675a128b85:192.168.34.57:35907], old=null
2019-09-10 22:55:05,099 [pool-47-thread-1] INFO  impl.RaftServerImpl (RaftServerImpl.java:setRole(174)) - 61a249ca-8039-4b42-99f2-11fda8dbfc88@group-4AD3EF8E1477: changes role from      null to FOLLOWER at term 0 for startAsFollower
2019-09-10 22:55:05,099 [pool-47-thread-1] INFO  impl.RoleInfo (RoleInfo.java:updateAndGet(143)) - 61a249ca-8039-4b42-99f2-11fda8dbfc88: start FollowerState
2019-09-10 22:55:05,099 [pool-37-thread-1] INFO  impl.RaftServerImpl (RaftServerImpl.java:start(185)) - aaf3f7d3-af27-4405-89a7-731c9150da26@group-4AD3EF8E1477: start as a follower, conf=-1: [aaf3f7d3-af27-4405-89a7-731c9150da26:192.168.34.57:35719, 61a249ca-8039-4b42-99f2-11fda8dbfc88:192.168.34.57:42650, 85b41e89-4cf3-40c5-bca2-fe675a128b85:192.168.34.57:35907], old=null
2019-09-10 22:55:05,102 [pool-47-thread-1] INFO  util.JmxRegister (JmxRegister.java:tryRegister(44)) - Successfully registered JMX Bean with object name Ratis:service=RaftServer,group=group-4AD3EF8E1477,id=61a249ca-8039-4b42-99f2-11fda8dbfc88
2019-09-10 22:55:05,102 [pool-37-thread-1] INFO  impl.RaftServerImpl (RaftServerImpl.java:setRole(174)) - aaf3f7d3-af27-4405-89a7-731c9150da26@group-4AD3EF8E1477: changes role from      null to FOLLOWER at term 0 for startAsFollower
2019-09-10 22:55:05,103 [pool-37-thread-1] INFO  impl.RoleInfo (RoleInfo.java:updateAndGet(143)) - aaf3f7d3-af27-4405-89a7-731c9150da26: start FollowerState
2019-09-10 22:55:05,103 [pool-37-thread-1] INFO  util.JmxRegister (JmxRegister.java:tryRegister(44)) - Successfully registered JMX Bean with object name Ratis:service=RaftServer,group=group-4AD3EF8E1477,id=aaf3f7d3-af27-4405-89a7-731c9150da26
2019-09-10 22:55:05,116 [RatisPipelineUtilsThread] INFO  pipeline.PipelineStateManager (PipelineStateManager.java:addPipeline(56)) - Created pipeline Pipeline[ Id: bb4e028f-f49f-4ed5-b4a7-4ad3ef8e1477, Nodes: 85b41e89-4cf3-40c5-bca2-fe675a128b85{ip: 192.168.34.57, host: pr-hdds-2106-sk2jr-1188266228, networkLocation: /default-rack, certSerialId: null}aaf3f7d3-af27-4405-89a7-731c9150da26{ip: 192.168.34.57, host: pr-hdds-2106-sk2jr-1188266228, networkLocation: /default-rack, certSerialId: null}61a249ca-8039-4b42-99f2-11fda8dbfc88{ip: 192.168.34.57, host: pr-hdds-2106-sk2jr-1188266228, networkLocation: /default-rack, certSerialId: null}, Type:RATIS, Factor:THREE, State:OPEN]
2019-09-10 22:55:05,125 [Thread-294] INFO  impl.FollowerState (FollowerState.java:run(106)) - 9a51610a-f282-4242-84b0-9cad669d08b8:group-2FD4F47AACDB changes to CANDIDATE, lastRpcTime:1200, electionTimeout:1200ms
2019-09-10 22:55:05,125 [Thread-294] INFO  impl.RoleInfo (RoleInfo.java:shutdownFollowerState(121)) - 9a51610a-f282-4242-84b0-9cad669d08b8: shutdown FollowerState
2019-09-10 22:55:05,125 [Thread-294] INFO  impl.RaftServerImpl (RaftServerImpl.java:setRole(174)) - 9a51610a-f282-4242-84b0-9cad669d08b8@group-2FD4F47AACDB: changes role from  FOLLOWER to CANDIDATE at term 0 for changeToCandidate
2019-09-10 22:55:05,126 [Thread-294] INFO  impl.RoleInfo (RoleInfo.java:updateAndGet(143)) - 9a51610a-f282-4242-84b0-9cad669d08b8: start LeaderElection
2019-09-10 22:55:05,188 [Thread-300] INFO  impl.FollowerState (FollowerState.java:run(106)) - 2f676a21-e66b-4fec-aeac-0283d98823a1:group-D78154D8C0DB changes to CANDIDATE, lastRpcTime:1002, electionTimeout:1002ms
2019-09-10 22:55:05,190 [Thread-300] INFO  impl.RoleInfo (RoleInfo.java:shutdownFollowerState(121)) - 2f676a21-e66b-4fec-aeac-0283d98823a1: shutdown FollowerState
2019-09-10 22:55:05,190 [Thread-300] INFO  impl.RaftServerImpl (RaftServerImpl.java:setRole(174)) - 2f676a21-e66b-4fec-aeac-0283d98823a1@group-D78154D8C0DB: changes role from  FOLLOWER to CANDIDATE at term 0 for changeToCandidate
2019-09-10 22:55:05,191 [Thread-300] INFO  impl.RoleInfo (RoleInfo.java:updateAndGet(143)) - 2f676a21-e66b-4fec-aeac-0283d98823a1: start LeaderElection
2019-09-10 22:55:05,196 [c564eaa4-7051-4a7d-897f-7be2f6aee35d@group-63EAE44B2098-SegmentedRaftLogWorker] INFO  segmented.SegmentedRaftLogWorker (SegmentedRaftLogWorker.java:execute(569)) - c564eaa4-7051-4a7d-897f-7be2f6aee35d@group-63EAE44B2098-SegmentedRaftLogWorker: created new log segment /workdir/hadoop-ozone/integration-test/target/test-dir/MiniOzoneClusterImpl-c8bd075b-66f7-4733-90c4-2d26ad6b76fb/datanode-0/data/ratis/43b522a9-88f4-41db-8b25-63eae44b2098/current/log_inprogress_0
2019-09-10 22:55:05,196 [cd8a5650-cbc3-492b-920c-c46f29e91709@group-D411FD4ECB82-SegmentedRaftLogWorker] INFO  segmented.SegmentedRaftLogWorker (SegmentedRaftLogWorker.java:execute(569)) - cd8a5650-cbc3-492b-920c-c46f29e91709@group-D411FD4ECB82-SegmentedRaftLogWorker: created new log segment /workdir/hadoop-ozone/integration-test/target/test-dir/MiniOzoneClusterImpl-c8bd075b-66f7-4733-90c4-2d26ad6b76fb/datanode-3/data/ratis/4363de0c-b797-410f-b9ac-d411fd4ecb82/current/log_inprogress_0
2019-09-10 22:55:05,196 [06814ee9-24b9-4aa5-b290-a3e9e2a386ef@group-48953FBDC98C-SegmentedRaftLogWorker] INFO  segmented.SegmentedRaftLogWorker (SegmentedRaftLogWorker.java:execute(569)) - 06814ee9-24b9-4aa5-b290-a3e9e2a386ef@group-48953FBDC98C-SegmentedRaftLogWorker: created new log segment /workdir/hadoop-ozone/integration-test/target/test-dir/MiniOzoneClusterImpl-c8bd075b-66f7-4733-90c4-2d26ad6b76fb/datanode-4/data/ratis/26f7cbdd-91f4-4843-abc6-48953fbdc98c/current/log_inprogress_0
2019-09-10 22:55:05,196 [9a51610a-f282-4242-84b0-9cad669d08b8@group-2FD4F47AACDB:LeaderElection4] INFO  impl.LeaderElection (LeaderElection.java:askForVotes(182)) - 9a51610a-f282-4242-84b0-9cad669d08b8@group-2FD4F47AACDB:LeaderElection4: begin an election at term 1 for -1: [9a51610a-f282-4242-84b0-9cad669d08b8:192.168.34.57:46514], old=null
2019-09-10 22:55:05,197 [9a51610a-f282-4242-84b0-9cad669d08b8@group-2FD4F47AACDB:LeaderElection4] INFO  impl.RoleInfo (RoleInfo.java:shutdownLeaderElection(134)) - 9a51610a-f282-4242-84b0-9cad669d08b8: shutdown LeaderElection
2019-09-10 22:55:05,197 [9a51610a-f282-4242-84b0-9cad669d08b8@group-2FD4F47AACDB:LeaderElection4] INFO  impl.RaftServerImpl (RaftServerImpl.java:setRole(174)) - 9a51610a-f282-4242-84b0-9cad669d08b8@group-2FD4F47AACDB: changes role from CANDIDATE to LEADER at term 1 for changeToLeader
2019-09-10 22:55:05,197 [9a51610a-f282-4242-84b0-9cad669d08b8@group-2FD4F47AACDB:LeaderElection4] INFO  impl.RaftServerImpl (ServerState.java:setLeader(253)) - 9a51610a-f282-4242-84b0-9cad669d08b8@group-2FD4F47AACDB: change Leader from null to 9a51610a-f282-4242-84b0-9cad669d08b8 at term 1 for becomeLeader, leader elected after 1286ms
2019-09-10 22:55:05,197 [9a51610a-f282-4242-84b0-9cad669d08b8@group-2FD4F47AACDB:LeaderElection4] INFO  server.RaftServerConfigKeys (ConfUtils.java:logGet(43)) - raft.server.staging.catchup.gap = 1000 (default)
2019-09-10 22:55:05,197 [9a51610a-f282-4242-84b0-9cad669d08b8@group-2FD4F47AACDB:LeaderElection4] INFO  server.RaftServerConfigKeys (ConfUtils.java:logGet(43)) - raft.server.rpc.sleep.time = 25ms (default)
2019-09-10 22:55:05,200 [9a51610a-f282-4242-84b0-9cad669d08b8@group-2FD4F47AACDB:LeaderElection4] INFO  server.RaftServerConfigKeys (ConfUtils.java:logGet(43)) - raft.server.write.element-limit = 4096 (default)
2019-09-10 22:55:05,200 [9a51610a-f282-4242-84b0-9cad669d08b8@group-2FD4F47AACDB:LeaderElection4] INFO  server.RaftServerConfigKeys (ConfUtils.java:logGet(43)) - raft.server.watch.timeout = 10s (default)
2019-09-10 22:55:05,200 [9a51610a-f282-4242-84b0-9cad669d08b8@group-2FD4F47AACDB:LeaderElection4] INFO  server.RaftServerConfigKeys (ConfUtils.java:logGet(43)) - raft.server.watch.timeout.denomination = 1s (default)
2019-09-10 22:55:05,201 [9a51610a-f282-4242-84b0-9cad669d08b8@group-2FD4F47AACDB:LeaderElection4] INFO  server.RaftServerConfigKeys (ConfUtils.java:logGet(43)) - raft.server.watch.element-limit = 65536 (default)
2019-09-10 22:55:05,204 [9a51610a-f282-4242-84b0-9cad669d08b8@group-2FD4F47AACDB:LeaderElection4] INFO  impl.RoleInfo (RoleInfo.java:updateAndGet(143)) - 9a51610a-f282-4242-84b0-9cad669d08b8: start LeaderState
2019-09-10 22:55:05,204 [9a51610a-f282-4242-84b0-9cad669d08b8@group-2FD4F47AACDB:LeaderElection4] INFO  segmented.SegmentedRaftLogWorker (SegmentedRaftLogWorker.java:startLogSegment(380)) - 9a51610a-f282-4242-84b0-9cad669d08b8@group-2FD4F47AACDB-SegmentedRaftLogWorker: Starting segment from index:0
2019-09-10 22:55:05,205 [9a51610a-f282-4242-84b0-9cad669d08b8@group-2FD4F47AACDB:LeaderElection4] INFO  impl.RaftServerImpl (ServerState.java:setRaftConf(354)) - 9a51610a-f282-4242-84b0-9cad669d08b8@group-2FD4F47AACDB: set configuration 0: [9a51610a-f282-4242-84b0-9cad669d08b8:192.168.34.57:46514], old=null at 0
2019-09-10 22:55:05,237 [Thread-297] INFO  impl.FollowerState (FollowerState.java:run(106)) - 72e5a279-ca12-4c9e-91de-7e916f85cc8c:group-5C95069C62EB changes to CANDIDATE, lastRpcTime:1221, electionTimeout:1200ms
2019-09-10 22:55:05,237 [2f676a21-e66b-4fec-aeac-0283d98823a1@group-D78154D8C0DB:LeaderElection5] INFO  impl.LeaderElection (LeaderElection.java:askForVotes(182)) - 2f676a21-e66b-4fec-aeac-0283d98823a1@group-D78154D8C0DB:LeaderElection5: begin an election at term 1 for -1: [2f676a21-e66b-4fec-aeac-0283d98823a1:192.168.34.57:34748], old=null
2019-09-10 22:55:05,237 [Thread-297] INFO  impl.RoleInfo (RoleInfo.java:shutdownFollowerState(121)) - 72e5a279-ca12-4c9e-91de-7e916f85cc8c: shutdown FollowerState
2019-09-10 22:55:05,237 [2f676a21-e66b-4fec-aeac-0283d98823a1@group-D78154D8C0DB:LeaderElection5] INFO  impl.RoleInfo (RoleInfo.java:shutdownLeaderElection(134)) - 2f676a21-e66b-4fec-aeac-0283d98823a1: shutdown LeaderElection
2019-09-10 22:55:05,237 [Thread-297] INFO  impl.RaftServerImpl (RaftServerImpl.java:setRole(174)) - 72e5a279-ca12-4c9e-91de-7e916f85cc8c@group-5C95069C62EB: changes role from  FOLLOWER to CANDIDATE at term 0 for changeToCandidate
2019-09-10 22:55:05,238 [2f676a21-e66b-4fec-aeac-0283d98823a1@group-D78154D8C0DB:LeaderElection5] INFO  impl.RaftServerImpl (RaftServerImpl.java:setRole(174)) - 2f676a21-e66b-4fec-aeac-0283d98823a1@group-D78154D8C0DB: changes role from CANDIDATE to LEADER at term 1 for changeToLeader
2019-09-10 22:55:05,238 [Thread-297] INFO  impl.RoleInfo (RoleInfo.java:updateAndGet(143)) - 72e5a279-ca12-4c9e-91de-7e916f85cc8c: start LeaderElection
2019-09-10 22:55:05,238 [2f676a21-e66b-4fec-aeac-0283d98823a1@group-D78154D8C0DB:LeaderElection5] INFO  impl.RaftServerImpl (ServerState.java:setLeader(253)) - 2f676a21-e66b-4fec-aeac-0283d98823a1@group-D78154D8C0DB: change Leader from null to 2f676a21-e66b-4fec-aeac-0283d98823a1 at term 1 for becomeLeader, leader elected after 1155ms
2019-09-10 22:55:05,238 [2f676a21-e66b-4fec-aeac-0283d98823a1@group-D78154D8C0DB:LeaderElection5] INFO  server.RaftServerConfigKeys (ConfUtils.java:logGet(43)) - raft.server.staging.catchup.gap = 1000 (default)
2019-09-10 22:55:05,244 [2f676a21-e66b-4fec-aeac-0283d98823a1@group-D78154D8C0DB:LeaderElection5] INFO  server.RaftServerConfigKeys (ConfUtils.java:logGet(43)) - raft.server.rpc.sleep.time = 25ms (default)
2019-09-10 22:55:05,244 [2f676a21-e66b-4fec-aeac-0283d98823a1@group-D78154D8C0DB:LeaderElection5] INFO  server.RaftServerConfigKeys (ConfUtils.java:logGet(43)) - raft.server.write.element-limit = 4096 (default)
2019-09-10 22:55:05,244 [2f676a21-e66b-4fec-aeac-0283d98823a1@group-D78154D8C0DB:LeaderElection5] INFO  server.RaftServerConfigKeys (ConfUtils.java:logGet(43)) - raft.server.watch.timeout = 10s (default)
2019-09-10 22:55:05,245 [2f676a21-e66b-4fec-aeac-0283d98823a1@group-D78154D8C0DB:LeaderElection5] INFO  server.RaftServerConfigKeys (ConfUtils.java:logGet(43)) - raft.server.watch.timeout.denomination = 1s (default)
2019-09-10 22:55:05,245 [2f676a21-e66b-4fec-aeac-0283d98823a1@group-D78154D8C0DB:LeaderElection5] INFO  server.RaftServerConfigKeys (ConfUtils.java:logGet(43)) - raft.server.watch.element-limit = 65536 (default)
2019-09-10 22:55:05,250 [9a51610a-f282-4242-84b0-9cad669d08b8@group-2FD4F47AACDB-SegmentedRaftLogWorker] INFO  segmented.SegmentedRaftLogWorker (SegmentedRaftLogWorker.java:execute(569)) - 9a51610a-f282-4242-84b0-9cad669d08b8@group-2FD4F47AACDB-SegmentedRaftLogWorker: created new log segment /workdir/hadoop-ozone/integration-test/target/test-dir/MiniOzoneClusterImpl-c8bd075b-66f7-4733-90c4-2d26ad6b76fb/datanode-8/data/ratis/1b7604c0-583e-4a49-9808-2fd4f47aacdb/current/log_inprogress_0
2019-09-10 22:55:05,250 [72e5a279-ca12-4c9e-91de-7e916f85cc8c@group-5C95069C62EB:LeaderElection6] INFO  impl.LeaderElection (LeaderElection.java:askForVotes(182)) - 72e5a279-ca12-4c9e-91de-7e916f85cc8c@group-5C95069C62EB:LeaderElection6: begin an election at term 1 for -1: [72e5a279-ca12-4c9e-91de-7e916f85cc8c:192.168.34.57:37581], old=null
2019-09-10 22:55:05,250 [2f676a21-e66b-4fec-aeac-0283d98823a1@group-D78154D8C0DB:LeaderElection5] INFO  impl.RoleInfo (RoleInfo.java:updateAndGet(143)) - 2f676a21-e66b-4fec-aeac-0283d98823a1: start LeaderState
2019-09-10 22:55:05,250 [72e5a279-ca12-4c9e-91de-7e916f85cc8c@group-5C95069C62EB:LeaderElection6] INFO  impl.RoleInfo (RoleInfo.java:shutdownLeaderElection(134)) - 72e5a279-ca12-4c9e-91de-7e916f85cc8c: shutdown LeaderElection
2019-09-10 22:55:05,250 [2f676a21-e66b-4fec-aeac-0283d98823a1@group-D78154D8C0DB:LeaderElection5] INFO  segmented.SegmentedRaftLogWorker (SegmentedRaftLogWorker.java:startLogSegment(380)) - 2f676a21-e66b-4fec-aeac-0283d98823a1@group-D78154D8C0DB-SegmentedRaftLogWorker: Starting segment from index:0
2019-09-10 22:55:05,250 [72e5a279-ca12-4c9e-91de-7e916f85cc8c@group-5C95069C62EB:LeaderElection6] INFO  impl.RaftServerImpl (RaftServerImpl.java:setRole(174)) - 72e5a279-ca12-4c9e-91de-7e916f85cc8c@group-5C95069C62EB: changes role from CANDIDATE to LEADER at term 1 for changeToLeader
2019-09-10 22:55:05,251 [72e5a279-ca12-4c9e-91de-7e916f85cc8c@group-5C95069C62EB:LeaderElection6] INFO  impl.RaftServerImpl (ServerState.java:setLeader(253)) - 72e5a279-ca12-4c9e-91de-7e916f85cc8c@group-5C95069C62EB: change Leader from null to 72e5a279-ca12-4c9e-91de-7e916f85cc8c at term 1 for becomeLeader, leader elected after 1244ms
2019-09-10 22:55:05,251 [2f676a21-e66b-4fec-aeac-0283d98823a1@group-D78154D8C0DB:LeaderElection5] INFO  impl.RaftServerImpl (ServerState.java:setRaftConf(354)) - 2f676a21-e66b-4fec-aeac-0283d98823a1@group-D78154D8C0DB: set configuration 0: [2f676a21-e66b-4fec-aeac-0283d98823a1:192.168.34.57:34748], old=null at 0
2019-09-10 22:55:05,251 [72e5a279-ca12-4c9e-91de-7e916f85cc8c@group-5C95069C62EB:LeaderElection6] INFO  server.RaftServerConfigKeys (ConfUtils.java:logGet(43)) - raft.server.staging.catchup.gap = 1000 (default)
2019-09-10 22:55:05,285 [72e5a279-ca12-4c9e-91de-7e916f85cc8c@group-5C95069C62EB:LeaderElection6] INFO  server.RaftServerConfigKeys (ConfUtils.java:logGet(43)) - raft.server.rpc.sleep.time = 25ms (default)
2019-09-10 22:55:05,285 [72e5a279-ca12-4c9e-91de-7e916f85cc8c@group-5C95069C62EB:LeaderElection6] INFO  server.RaftServerConfigKeys (ConfUtils.java:logGet(43)) - raft.server.write.element-limit = 4096 (default)
2019-09-10 22:55:05,286 [72e5a279-ca12-4c9e-91de-7e916f85cc8c@group-5C95069C62EB:LeaderElection6] INFO  server.RaftServerConfigKeys (ConfUtils.java:logGet(43)) - raft.server.watch.timeout = 10s (default)
2019-09-10 22:55:05,286 [72e5a279-ca12-4c9e-91de-7e916f85cc8c@group-5C95069C62EB:LeaderElection6] INFO  server.RaftServerConfigKeys (ConfUtils.java:logGet(43)) - raft.server.watch.timeout.denomination = 1s (default)
2019-09-10 22:55:05,286 [72e5a279-ca12-4c9e-91de-7e916f85cc8c@group-5C95069C62EB:LeaderElection6] INFO  server.RaftServerConfigKeys (ConfUtils.java:logGet(43)) - raft.server.watch.element-limit = 65536 (default)
2019-09-10 22:55:05,290 [72e5a279-ca12-4c9e-91de-7e916f85cc8c@group-5C95069C62EB:LeaderElection6] INFO  impl.RoleInfo (RoleInfo.java:updateAndGet(143)) - 72e5a279-ca12-4c9e-91de-7e916f85cc8c: start LeaderState
2019-09-10 22:55:05,290 [72e5a279-ca12-4c9e-91de-7e916f85cc8c@group-5C95069C62EB:LeaderElection6] INFO  segmented.SegmentedRaftLogWorker (SegmentedRaftLogWorker.java:startLogSegment(380)) - 72e5a279-ca12-4c9e-91de-7e916f85cc8c@group-5C95069C62EB-SegmentedRaftLogWorker: Starting segment from index:0
2019-09-10 22:55:05,291 [72e5a279-ca12-4c9e-91de-7e916f85cc8c@group-5C95069C62EB:LeaderElection6] INFO  impl.RaftServerImpl (ServerState.java:setRaftConf(354)) - 72e5a279-ca12-4c9e-91de-7e916f85cc8c@group-5C95069C62EB: set configuration 0: [72e5a279-ca12-4c9e-91de-7e916f85cc8c:192.168.34.57:37581], old=null at 0
2019-09-10 22:55:05,330 [2f676a21-e66b-4fec-aeac-0283d98823a1@group-D78154D8C0DB-SegmentedRaftLogWorker] INFO  segmented.SegmentedRaftLogWorker (SegmentedRaftLogWorker.java:execute(569)) - 2f676a21-e66b-4fec-aeac-0283d98823a1@group-D78154D8C0DB-SegmentedRaftLogWorker: created new log segment /workdir/hadoop-ozone/integration-test/target/test-dir/MiniOzoneClusterImpl-c8bd075b-66f7-4733-90c4-2d26ad6b76fb/datanode-7/data/ratis/26781b4b-fdcd-4d91-85ae-d78154d8c0db/current/log_inprogress_0
2019-09-10 22:55:05,342 [72e5a279-ca12-4c9e-91de-7e916f85cc8c@group-5C95069C62EB-SegmentedRaftLogWorker] INFO  segmented.SegmentedRaftLogWorker (SegmentedRaftLogWorker.java:execute(569)) - 72e5a279-ca12-4c9e-91de-7e916f85cc8c@group-5C95069C62EB-SegmentedRaftLogWorker: created new log segment /workdir/hadoop-ozone/integration-test/target/test-dir/MiniOzoneClusterImpl-c8bd075b-66f7-4733-90c4-2d26ad6b76fb/datanode-5/data/ratis/e514add4-c9f8-4cf2-8b81-5c95069c62eb/current/log_inprogress_0
2019-09-10 22:55:05,727 [Thread-303] WARN  util.JavaUtils (JavaUtils.java:sleep(250)) - Unexpected long sleep: sleep(1055ms) actually took 1392ms which is over the threshold 300ms
2019-09-10 22:55:05,727 [Thread-306] INFO  impl.FollowerState (FollowerState.java:run(106)) - aaf3f7d3-af27-4405-89a7-731c9150da26:group-F2C138B323B0 changes to CANDIDATE, lastRpcTime:1279, electionTimeout:1025ms
2019-09-10 22:55:05,727 [Thread-309] INFO  impl.FollowerState (FollowerState.java:run(106)) - 61a249ca-8039-4b42-99f2-11fda8dbfc88:group-DF8D497CAD04 changes to CANDIDATE, lastRpcTime:1190, electionTimeout:1020ms
2019-09-10 22:55:05,728 [Thread-306] INFO  impl.RoleInfo (RoleInfo.java:shutdownFollowerState(121)) - aaf3f7d3-af27-4405-89a7-731c9150da26: shutdown FollowerState
2019-09-10 22:55:05,731 [Thread-309] INFO  impl.RoleInfo (RoleInfo.java:shutdownFollowerState(121)) - 61a249ca-8039-4b42-99f2-11fda8dbfc88: shutdown FollowerState
2019-09-10 22:55:05,735 [Thread-306] INFO  impl.RaftServerImpl (RaftServerImpl.java:setRole(174)) - aaf3f7d3-af27-4405-89a7-731c9150da26@group-F2C138B323B0: changes role from  FOLLOWER to CANDIDATE at term 0 for changeToCandidate
2019-09-10 22:55:05,735 [Thread-309] INFO  impl.RaftServerImpl (RaftServerImpl.java:setRole(174)) - 61a249ca-8039-4b42-99f2-11fda8dbfc88@group-DF8D497CAD04: changes role from  FOLLOWER to CANDIDATE at term 0 for changeToCandidate
2019-09-10 22:55:05,737 [Thread-306] INFO  impl.RoleInfo (RoleInfo.java:updateAndGet(143)) - aaf3f7d3-af27-4405-89a7-731c9150da26: start LeaderElection
2019-09-10 22:55:05,737 [Thread-309] INFO  impl.RoleInfo (RoleInfo.java:updateAndGet(143)) - 61a249ca-8039-4b42-99f2-11fda8dbfc88: start LeaderElection
2019-09-10 22:55:05,747 [Thread-283] INFO  container.ReplicationManager (ReplicationManager.java:start(162)) - Starting Replication Monitor Thread.
2019-09-10 22:55:05,750 [ReplicationMonitor] INFO  container.ReplicationManager (ReplicationManager.java:run(225)) - Replication Monitor Thread took 0 milliseconds for processing 0 containers.
2019-09-10 22:55:05,759 [61a249ca-8039-4b42-99f2-11fda8dbfc88@group-DF8D497CAD04:LeaderElection8] INFO  impl.LeaderElection (LeaderElection.java:askForVotes(182)) - 61a249ca-8039-4b42-99f2-11fda8dbfc88@group-DF8D497CAD04:LeaderElection8: begin an election at term 1 for -1: [61a249ca-8039-4b42-99f2-11fda8dbfc88:192.168.34.57:42650], old=null
2019-09-10 22:55:05,759 [aaf3f7d3-af27-4405-89a7-731c9150da26@group-F2C138B323B0:LeaderElection7] INFO  impl.LeaderElection (LeaderElection.java:askForVotes(182)) - aaf3f7d3-af27-4405-89a7-731c9150da26@group-F2C138B323B0:LeaderElection7: begin an election at term 1 for -1: [aaf3f7d3-af27-4405-89a7-731c9150da26:192.168.34.57:35719], old=null
2019-09-10 22:55:05,759 [61a249ca-8039-4b42-99f2-11fda8dbfc88@group-DF8D497CAD04:LeaderElection8] INFO  impl.RoleInfo (RoleInfo.java:shutdownLeaderElection(134)) - 61a249ca-8039-4b42-99f2-11fda8dbfc88: shutdown LeaderElection
2019-09-10 22:55:05,759 [aaf3f7d3-af27-4405-89a7-731c9150da26@group-F2C138B323B0:LeaderElection7] INFO  impl.RoleInfo (RoleInfo.java:shutdownLeaderElection(134)) - aaf3f7d3-af27-4405-89a7-731c9150da26: shutdown LeaderElection
2019-09-10 22:55:05,759 [61a249ca-8039-4b42-99f2-11fda8dbfc88@group-DF8D497CAD04:LeaderElection8] INFO  impl.RaftServerImpl (RaftServerImpl.java:setRole(174)) - 61a249ca-8039-4b42-99f2-11fda8dbfc88@group-DF8D497CAD04: changes role from CANDIDATE to LEADER at term 1 for changeToLeader
2019-09-10 22:55:05,759 [aaf3f7d3-af27-4405-89a7-731c9150da26@group-F2C138B323B0:LeaderElection7] INFO  impl.RaftServerImpl (RaftServerImpl.java:setRole(174)) - aaf3f7d3-af27-4405-89a7-731c9150da26@group-F2C138B323B0: changes role from CANDIDATE to LEADER at term 1 for changeToLeader
2019-09-10 22:55:05,759 [61a249ca-8039-4b42-99f2-11fda8dbfc88@group-DF8D497CAD04:LeaderElection8] INFO  impl.RaftServerImpl (ServerState.java:setLeader(253)) - 61a249ca-8039-4b42-99f2-11fda8dbfc88@group-DF8D497CAD04: change Leader from null to 61a249ca-8039-4b42-99f2-11fda8dbfc88 at term 1 for becomeLeader, leader elected after 1241ms
2019-09-10 22:55:05,760 [aaf3f7d3-af27-4405-89a7-731c9150da26@group-F2C138B323B0:LeaderElection7] INFO  impl.RaftServerImpl (ServerState.java:setLeader(253)) - aaf3f7d3-af27-4405-89a7-731c9150da26@group-F2C138B323B0: change Leader from null to aaf3f7d3-af27-4405-89a7-731c9150da26 at term 1 for becomeLeader, leader elected after 1330ms
2019-09-10 22:55:05,760 [61a249ca-8039-4b42-99f2-11fda8dbfc88@group-DF8D497CAD04:LeaderElection8] INFO  server.RaftServerConfigKeys (ConfUtils.java:logGet(43)) - raft.server.staging.catchup.gap = 1000 (default)
2019-09-10 22:55:05,760 [aaf3f7d3-af27-4405-89a7-731c9150da26@group-F2C138B323B0:LeaderElection7] INFO  server.RaftServerConfigKeys (ConfUtils.java:logGet(43)) - raft.server.staging.catchup.gap = 1000 (default)
2019-09-10 22:55:05,760 [61a249ca-8039-4b42-99f2-11fda8dbfc88@group-DF8D497CAD04:LeaderElection8] INFO  server.RaftServerConfigKeys (ConfUtils.java:logGet(43)) - raft.server.rpc.sleep.time = 25ms (default)
2019-09-10 22:55:05,760 [aaf3f7d3-af27-4405-89a7-731c9150da26@group-F2C138B323B0:LeaderElection7] INFO  server.RaftServerConfigKeys (ConfUtils.java:logGet(43)) - raft.server.rpc.sleep.time = 25ms (default)
2019-09-10 22:55:05,760 [61a249ca-8039-4b42-99f2-11fda8dbfc88@group-DF8D497CAD04:LeaderElection8] INFO  server.RaftServerConfigKeys (ConfUtils.java:logGet(43)) - raft.server.write.element-limit = 4096 (default)
2019-09-10 22:55:05,761 [aaf3f7d3-af27-4405-89a7-731c9150da26@group-F2C138B323B0:LeaderElection7] INFO  server.RaftServerConfigKeys (ConfUtils.java:logGet(43)) - raft.server.write.element-limit = 4096 (default)
2019-09-10 22:55:05,761 [61a249ca-8039-4b42-99f2-11fda8dbfc88@group-DF8D497CAD04:LeaderElection8] INFO  server.RaftServerConfigKeys (ConfUtils.java:logGet(43)) - raft.server.watch.timeout = 10s (default)
2019-09-10 22:55:05,761 [aaf3f7d3-af27-4405-89a7-731c9150da26@group-F2C138B323B0:LeaderElection7] INFO  server.RaftServerConfigKeys (ConfUtils.java:logGet(43)) - raft.server.watch.timeout = 10s (default)
2019-09-10 22:55:05,761 [61a249ca-8039-4b42-99f2-11fda8dbfc88@group-DF8D497CAD04:LeaderElection8] INFO  server.RaftServerConfigKeys (ConfUtils.java:logGet(43)) - raft.server.watch.timeout.denomination = 1s (default)
2019-09-10 22:55:05,761 [aaf3f7d3-af27-4405-89a7-731c9150da26@group-F2C138B323B0:LeaderElection7] INFO  server.RaftServerConfigKeys (ConfUtils.java:logGet(43)) - raft.server.watch.timeout.denomination = 1s (default)
2019-09-10 22:55:05,761 [61a249ca-8039-4b42-99f2-11fda8dbfc88@group-DF8D497CAD04:LeaderElection8] INFO  server.RaftServerConfigKeys (ConfUtils.java:logGet(43)) - raft.server.watch.element-limit = 65536 (default)
2019-09-10 22:55:05,762 [aaf3f7d3-af27-4405-89a7-731c9150da26@group-F2C138B323B0:LeaderElection7] INFO  server.RaftServerConfigKeys (ConfUtils.java:logGet(43)) - raft.server.watch.element-limit = 65536 (default)
2019-09-10 22:55:05,767 [61a249ca-8039-4b42-99f2-11fda8dbfc88@group-DF8D497CAD04:LeaderElection8] INFO  impl.RoleInfo (RoleInfo.java:updateAndGet(143)) - 61a249ca-8039-4b42-99f2-11fda8dbfc88: start LeaderState
2019-09-10 22:55:05,767 [aaf3f7d3-af27-4405-89a7-731c9150da26@group-F2C138B323B0:LeaderElection7] INFO  impl.RoleInfo (RoleInfo.java:updateAndGet(143)) - aaf3f7d3-af27-4405-89a7-731c9150da26: start LeaderState
2019-09-10 22:55:05,768 [61a249ca-8039-4b42-99f2-11fda8dbfc88@group-DF8D497CAD04:LeaderElection8] INFO  segmented.SegmentedRaftLogWorker (SegmentedRaftLogWorker.java:startLogSegment(380)) - 61a249ca-8039-4b42-99f2-11fda8dbfc88@group-DF8D497CAD04-SegmentedRaftLogWorker: Starting segment from index:0
2019-09-10 22:55:05,768 [aaf3f7d3-af27-4405-89a7-731c9150da26@group-F2C138B323B0:LeaderElection7] INFO  segmented.SegmentedRaftLogWorker (SegmentedRaftLogWorker.java:startLogSegment(380)) - aaf3f7d3-af27-4405-89a7-731c9150da26@group-F2C138B323B0-SegmentedRaftLogWorker: Starting segment from index:0
2019-09-10 22:55:05,768 [61a249ca-8039-4b42-99f2-11fda8dbfc88@group-DF8D497CAD04:LeaderElection8] INFO  impl.RaftServerImpl (ServerState.java:setRaftConf(354)) - 61a249ca-8039-4b42-99f2-11fda8dbfc88@group-DF8D497CAD04: set configuration 0: [61a249ca-8039-4b42-99f2-11fda8dbfc88:192.168.34.57:42650], old=null at 0
2019-09-10 22:55:05,768 [aaf3f7d3-af27-4405-89a7-731c9150da26@group-F2C138B323B0:LeaderElection7] INFO  impl.RaftServerImpl (ServerState.java:setRaftConf(354)) - aaf3f7d3-af27-4405-89a7-731c9150da26@group-F2C138B323B0: set configuration 0: [aaf3f7d3-af27-4405-89a7-731c9150da26:192.168.34.57:35719], old=null at 0
2019-09-10 22:55:05,811 [Thread-322] INFO  impl.FollowerState (FollowerState.java:run(106)) - 06814ee9-24b9-4aa5-b290-a3e9e2a386ef:group-05F713A51810 changes to CANDIDATE, lastRpcTime:1026, electionTimeout:1000ms
2019-09-10 22:55:05,814 [Thread-322] INFO  impl.RoleInfo (RoleInfo.java:shutdownFollowerState(121)) - 06814ee9-24b9-4aa5-b290-a3e9e2a386ef: shutdown FollowerState
2019-09-10 22:55:05,814 [Thread-322] INFO  impl.RaftServerImpl (RaftServerImpl.java:setRole(174)) - 06814ee9-24b9-4aa5-b290-a3e9e2a386ef@group-05F713A51810: changes role from  FOLLOWER to CANDIDATE at term 0 for changeToCandidate
2019-09-10 22:55:05,817 [Thread-322] INFO  impl.RoleInfo (RoleInfo.java:updateAndGet(143)) - 06814ee9-24b9-4aa5-b290-a3e9e2a386ef: start LeaderElection
2019-09-10 22:55:05,824 [aaf3f7d3-af27-4405-89a7-731c9150da26@group-F2C138B323B0-SegmentedRaftLogWorker] INFO  segmented.SegmentedRaftLogWorker (SegmentedRaftLogWorker.java:execute(569)) - aaf3f7d3-af27-4405-89a7-731c9150da26@group-F2C138B323B0-SegmentedRaftLogWorker: created new log segment /workdir/hadoop-ozone/integration-test/target/test-dir/MiniOzoneClusterImpl-c8bd075b-66f7-4733-90c4-2d26ad6b76fb/datanode-1/data/ratis/460900d1-e336-44ec-bf66-f2c138b323b0/current/log_inprogress_0
2019-09-10 22:55:05,824 [61a249ca-8039-4b42-99f2-11fda8dbfc88@group-DF8D497CAD04-SegmentedRaftLogWorker] INFO  segmented.SegmentedRaftLogWorker (SegmentedRaftLogWorker.java:execute(569)) - 61a249ca-8039-4b42-99f2-11fda8dbfc88@group-DF8D497CAD04-SegmentedRaftLogWorker: created new log segment /workdir/hadoop-ozone/integration-test/target/test-dir/MiniOzoneClusterImpl-c8bd075b-66f7-4733-90c4-2d26ad6b76fb/datanode-2/data/ratis/7281c7e4-4e93-4577-9cfe-df8d497cad04/current/log_inprogress_0
2019-09-10 22:55:05,828 [Thread-324] INFO  impl.FollowerState (FollowerState.java:run(106)) - c564eaa4-7051-4a7d-897f-7be2f6aee35d:group-05F713A51810 changes to CANDIDATE, lastRpcTime:1042, electionTimeout:1038ms
2019-09-10 22:55:05,828 [Thread-324] INFO  impl.RoleInfo (RoleInfo.java:shutdownFollowerState(121)) - c564eaa4-7051-4a7d-897f-7be2f6aee35d: shutdown FollowerState
2019-09-10 22:55:05,828 [Thread-324] INFO  impl.RaftServerImpl (RaftServerImpl.java:setRole(174)) - c564eaa4-7051-4a7d-897f-7be2f6aee35d@group-05F713A51810: changes role from  FOLLOWER to CANDIDATE at term 0 for changeToCandidate
2019-09-10 22:55:05,829 [Thread-324] INFO  impl.RoleInfo (RoleInfo.java:updateAndGet(143)) - c564eaa4-7051-4a7d-897f-7be2f6aee35d: start LeaderElection
2019-09-10 22:55:05,838 [06814ee9-24b9-4aa5-b290-a3e9e2a386ef@group-05F713A51810:LeaderElection9] INFO  impl.LeaderElection (LeaderElection.java:askForVotes(182)) - 06814ee9-24b9-4aa5-b290-a3e9e2a386ef@group-05F713A51810:LeaderElection9: begin an election at term 1 for -1: [c564eaa4-7051-4a7d-897f-7be2f6aee35d:192.168.34.57:35085, cd8a5650-cbc3-492b-920c-c46f29e91709:192.168.34.57:39597, 06814ee9-24b9-4aa5-b290-a3e9e2a386ef:192.168.34.57:44097], old=null
2019-09-10 22:55:05,838 [c564eaa4-7051-4a7d-897f-7be2f6aee35d@group-05F713A51810:LeaderElection10] INFO  impl.LeaderElection (LeaderElection.java:askForVotes(182)) - c564eaa4-7051-4a7d-897f-7be2f6aee35d@group-05F713A51810:LeaderElection10: begin an election at term 1 for -1: [c564eaa4-7051-4a7d-897f-7be2f6aee35d:192.168.34.57:35085, cd8a5650-cbc3-492b-920c-c46f29e91709:192.168.34.57:39597, 06814ee9-24b9-4aa5-b290-a3e9e2a386ef:192.168.34.57:44097], old=null
2019-09-10 22:55:05,858 [Thread-316] INFO  impl.FollowerState (FollowerState.java:run(106)) - b4077d1a-3356-4504-aa81-34a6cae9caee:group-A2AEF9109F6C changes to CANDIDATE, lastRpcTime:1183, electionTimeout:1182ms
2019-09-10 22:55:05,858 [Thread-316] INFO  impl.RoleInfo (RoleInfo.java:shutdownFollowerState(121)) - b4077d1a-3356-4504-aa81-34a6cae9caee: shutdown FollowerState
2019-09-10 22:55:05,858 [Thread-316] INFO  impl.RaftServerImpl (RaftServerImpl.java:setRole(174)) - b4077d1a-3356-4504-aa81-34a6cae9caee@group-A2AEF9109F6C: changes role from  FOLLOWER to CANDIDATE at term 0 for changeToCandidate
2019-09-10 22:55:05,860 [Thread-316] INFO  impl.RoleInfo (RoleInfo.java:updateAndGet(143)) - b4077d1a-3356-4504-aa81-34a6cae9caee: start LeaderElection
2019-09-10 22:55:05,916 [b4077d1a-3356-4504-aa81-34a6cae9caee@group-A2AEF9109F6C:LeaderElection11] INFO  impl.LeaderElection (LeaderElection.java:askForVotes(182)) - b4077d1a-3356-4504-aa81-34a6cae9caee@group-A2AEF9109F6C:LeaderElection11: begin an election at term 1 for -1: [b4077d1a-3356-4504-aa81-34a6cae9caee:192.168.34.57:44925], old=null
2019-09-10 22:55:05,917 [b4077d1a-3356-4504-aa81-34a6cae9caee@group-A2AEF9109F6C:LeaderElection11] INFO  impl.RoleInfo (RoleInfo.java:shutdownLeaderElection(134)) - b4077d1a-3356-4504-aa81-34a6cae9caee: shutdown LeaderElection
2019-09-10 22:55:05,917 [b4077d1a-3356-4504-aa81-34a6cae9caee@group-A2AEF9109F6C:LeaderElection11] INFO  impl.RaftServerImpl (RaftServerImpl.java:setRole(174)) - b4077d1a-3356-4504-aa81-34a6cae9caee@group-A2AEF9109F6C: changes role from CANDIDATE to LEADER at term 1 for changeToLeader
2019-09-10 22:55:05,919 [b4077d1a-3356-4504-aa81-34a6cae9caee@group-A2AEF9109F6C:LeaderElection11] INFO  impl.RaftServerImpl (ServerState.java:setLeader(253)) - b4077d1a-3356-4504-aa81-34a6cae9caee@group-A2AEF9109F6C: change Leader from null to b4077d1a-3356-4504-aa81-34a6cae9caee at term 1 for becomeLeader, leader elected after 1267ms
2019-09-10 22:55:05,921 [b4077d1a-3356-4504-aa81-34a6cae9caee@group-A2AEF9109F6C:LeaderElection11] INFO  server.RaftServerConfigKeys (ConfUtils.java:logGet(43)) - raft.server.staging.catchup.gap = 1000 (default)
2019-09-10 22:55:05,923 [b4077d1a-3356-4504-aa81-34a6cae9caee@group-A2AEF9109F6C:LeaderElection11] INFO  server.RaftServerConfigKeys (ConfUtils.java:logGet(43)) - raft.server.rpc.sleep.time = 25ms (default)
2019-09-10 22:55:05,923 [b4077d1a-3356-4504-aa81-34a6cae9caee@group-A2AEF9109F6C:LeaderElection11] INFO  server.RaftServerConfigKeys (ConfUtils.java:logGet(43)) - raft.server.write.element-limit = 4096 (default)
2019-09-10 22:55:05,923 [b4077d1a-3356-4504-aa81-34a6cae9caee@group-A2AEF9109F6C:LeaderElection11] INFO  server.RaftServerConfigKeys (ConfUtils.java:logGet(43)) - raft.server.watch.timeout = 10s (default)
2019-09-10 22:55:05,924 [b4077d1a-3356-4504-aa81-34a6cae9caee@group-A2AEF9109F6C:LeaderElection11] INFO  server.RaftServerConfigKeys (ConfUtils.java:logGet(43)) - raft.server.watch.timeout.denomination = 1s (default)
2019-09-10 22:55:05,924 [b4077d1a-3356-4504-aa81-34a6cae9caee@group-A2AEF9109F6C:LeaderElection11] INFO  server.RaftServerConfigKeys (ConfUtils.java:logGet(43)) - raft.server.watch.element-limit = 65536 (default)
2019-09-10 22:55:05,949 [Thread-326] INFO  impl.FollowerState (FollowerState.java:run(106)) - cd8a5650-cbc3-492b-920c-c46f29e91709:group-05F713A51810 changes to CANDIDATE, lastRpcTime:1150, electionTimeout:1140ms
2019-09-10 22:55:05,955 [Thread-326] INFO  impl.RoleInfo (RoleInfo.java:shutdownFollowerState(121)) - cd8a5650-cbc3-492b-920c-c46f29e91709: shutdown FollowerState
2019-09-10 22:55:05,955 [Thread-326] INFO  impl.RaftServerImpl (RaftServerImpl.java:setRole(174)) - cd8a5650-cbc3-492b-920c-c46f29e91709@group-05F713A51810: changes role from  FOLLOWER to CANDIDATE at term 0 for changeToCandidate
2019-09-10 22:55:05,956 [Thread-326] INFO  impl.RoleInfo (RoleInfo.java:updateAndGet(143)) - cd8a5650-cbc3-492b-920c-c46f29e91709: start LeaderElection
2019-09-10 22:55:05,962 [grpc-default-executor-1] INFO  impl.RaftServerImpl (RaftServerImpl.java:setRole(174)) - cd8a5650-cbc3-492b-920c-c46f29e91709@group-05F713A51810: changes role from CANDIDATE to FOLLOWER at term 1 for recognizeCandidate:06814ee9-24b9-4aa5-b290-a3e9e2a386ef
2019-09-10 22:55:05,962 [grpc-default-executor-1] INFO  impl.RoleInfo (RoleInfo.java:shutdownLeaderElection(134)) - cd8a5650-cbc3-492b-920c-c46f29e91709: shutdown LeaderElection
2019-09-10 22:55:05,963 [grpc-default-executor-1] INFO  impl.RoleInfo (RoleInfo.java:updateAndGet(143)) - cd8a5650-cbc3-492b-920c-c46f29e91709: start FollowerState
2019-09-10 22:55:05,963 [IPC Server handler 9 on 42654] INFO  volume.OMVolumeCreateRequest (OMVolumeCreateRequest.java:validateAndUpdateCache(189)) - created volume:datanodefailurehandlingtest for user:jenkins1000
2019-09-10 22:55:05,989 [cd8a5650-cbc3-492b-920c-c46f29e91709@group-05F713A51810:LeaderElection12] INFO  impl.LeaderElection (LeaderElection.java:askForVotes(182)) - cd8a5650-cbc3-492b-920c-c46f29e91709@group-05F713A51810:LeaderElection12: begin an election at term 2 for -1: [c564eaa4-7051-4a7d-897f-7be2f6aee35d:192.168.34.57:35085, cd8a5650-cbc3-492b-920c-c46f29e91709:192.168.34.57:39597, 06814ee9-24b9-4aa5-b290-a3e9e2a386ef:192.168.34.57:44097], old=null
2019-09-10 22:55:06,009 [06814ee9-24b9-4aa5-b290-a3e9e2a386ef@group-05F713A51810:LeaderElection9] INFO  impl.LeaderElection (LeaderElection.java:logAndReturn(56)) - 06814ee9-24b9-4aa5-b290-a3e9e2a386ef@group-05F713A51810:LeaderElection9: Election REJECTED; received 2 response(s) [06814ee9-24b9-4aa5-b290-a3e9e2a386ef<-c564eaa4-7051-4a7d-897f-7be2f6aee35d#0:FAIL-t1, 06814ee9-24b9-4aa5-b290-a3e9e2a386ef<-cd8a5650-cbc3-492b-920c-c46f29e91709#0:FAIL-t1] and 0 exception(s); 06814ee9-24b9-4aa5-b290-a3e9e2a386ef@group-05F713A51810:t1, leader=null, voted=06814ee9-24b9-4aa5-b290-a3e9e2a386ef, raftlog=06814ee9-24b9-4aa5-b290-a3e9e2a386ef@group-05F713A51810-SegmentedRaftLog:OPENED:c-1,f-1,i0, conf=-1: [c564eaa4-7051-4a7d-897f-7be2f6aee35d:192.168.34.57:35085, cd8a5650-cbc3-492b-920c-c46f29e91709:192.168.34.57:39597, 06814ee9-24b9-4aa5-b290-a3e9e2a386ef:192.168.34.57:44097], old=null
2019-09-10 22:55:06,010 [cd8a5650-cbc3-492b-920c-c46f29e91709@group-05F713A51810:LeaderElection12] INFO  impl.LeaderElection (LeaderElection.java:logAndReturn(56)) - cd8a5650-cbc3-492b-920c-c46f29e91709@group-05F713A51810:LeaderElection12: Election REJECTED; received 0 response(s) [] and 0 exception(s); cd8a5650-cbc3-492b-920c-c46f29e91709@group-05F713A51810:t2, leader=null, voted=cd8a5650-cbc3-492b-920c-c46f29e91709, raftlog=cd8a5650-cbc3-492b-920c-c46f29e91709@group-05F713A51810-SegmentedRaftLog:OPENED:c-1,f-1,i0, conf=-1: [c564eaa4-7051-4a7d-897f-7be2f6aee35d:192.168.34.57:35085, cd8a5650-cbc3-492b-920c-c46f29e91709:192.168.34.57:39597, 06814ee9-24b9-4aa5-b290-a3e9e2a386ef:192.168.34.57:44097], old=null
2019-09-10 22:55:06,010 [c564eaa4-7051-4a7d-897f-7be2f6aee35d@group-05F713A51810:LeaderElection10] INFO  impl.LeaderElection (LeaderElection.java:logAndReturn(56)) - c564eaa4-7051-4a7d-897f-7be2f6aee35d@group-05F713A51810:LeaderElection10: Election DISCOVERED_A_NEW_TERM; received 2 response(s) [c564eaa4-7051-4a7d-897f-7be2f6aee35d<-cd8a5650-cbc3-492b-920c-c46f29e91709#0:FAIL-t2, c564eaa4-7051-4a7d-897f-7be2f6aee35d<-06814ee9-24b9-4aa5-b290-a3e9e2a386ef#0:FAIL-t1] and 0 exception(s); c564eaa4-7051-4a7d-897f-7be2f6aee35d@group-05F713A51810:t1, leader=null, voted=c564eaa4-7051-4a7d-897f-7be2f6aee35d, raftlog=c564eaa4-7051-4a7d-897f-7be2f6aee35d@group-05F713A51810-SegmentedRaftLog:OPENED:c-1,f-1,i0, conf=-1: [c564eaa4-7051-4a7d-897f-7be2f6aee35d:192.168.34.57:35085, cd8a5650-cbc3-492b-920c-c46f29e91709:192.168.34.57:39597, 06814ee9-24b9-4aa5-b290-a3e9e2a386ef:192.168.34.57:44097], old=null
2019-09-10 22:55:06,010 [06814ee9-24b9-4aa5-b290-a3e9e2a386ef@group-05F713A51810:LeaderElection9] INFO  impl.RaftServerImpl (RaftServerImpl.java:setRole(174)) - 06814ee9-24b9-4aa5-b290-a3e9e2a386ef@group-05F713A51810: changes role from CANDIDATE to FOLLOWER at term 1 for DISCOVERED_A_NEW_TERM
2019-09-10 22:55:06,017 [c564eaa4-7051-4a7d-897f-7be2f6aee35d@group-05F713A51810:LeaderElection10] INFO  impl.RaftServerImpl (RaftServerImpl.java:setRole(174)) - c564eaa4-7051-4a7d-897f-7be2f6aee35d@group-05F713A51810: changes role from CANDIDATE to FOLLOWER at term 2 for DISCOVERED_A_NEW_TERM
2019-09-10 22:55:06,019 [06814ee9-24b9-4aa5-b290-a3e9e2a386ef@group-05F713A51810:LeaderElection9] INFO  impl.RoleInfo (RoleInfo.java:shutdownLeaderElection(134)) - 06814ee9-24b9-4aa5-b290-a3e9e2a386ef: shutdown LeaderElection
2019-09-10 22:55:06,019 [c564eaa4-7051-4a7d-897f-7be2f6aee35d@group-05F713A51810:LeaderElection10] INFO  impl.RoleInfo (RoleInfo.java:shutdownLeaderElection(134)) - c564eaa4-7051-4a7d-897f-7be2f6aee35d: shutdown LeaderElection
2019-09-10 22:55:06,027 [c564eaa4-7051-4a7d-897f-7be2f6aee35d@group-05F713A51810:LeaderElection10] INFO  impl.RoleInfo (RoleInfo.java:updateAndGet(143)) - c564eaa4-7051-4a7d-897f-7be2f6aee35d: start FollowerState
2019-09-10 22:55:06,029 [06814ee9-24b9-4aa5-b290-a3e9e2a386ef@group-05F713A51810:LeaderElection9] INFO  impl.RoleInfo (RoleInfo.java:updateAndGet(143)) - 06814ee9-24b9-4aa5-b290-a3e9e2a386ef: start FollowerState
2019-09-10 22:55:06,045 [Thread-333] INFO  impl.FollowerState (FollowerState.java:run(106)) - 72e5a279-ca12-4c9e-91de-7e916f85cc8c:group-F5D172FB2954 changes to CANDIDATE, lastRpcTime:1082, electionTimeout:1082ms
2019-09-10 22:55:06,054 [Thread-333] INFO  impl.RoleInfo (RoleInfo.java:shutdownFollowerState(121)) - 72e5a279-ca12-4c9e-91de-7e916f85cc8c: shutdown FollowerState
2019-09-10 22:55:06,057 [Thread-333] INFO  impl.RaftServerImpl (RaftServerImpl.java:setRole(174)) - 72e5a279-ca12-4c9e-91de-7e916f85cc8c@group-F5D172FB2954: changes role from  FOLLOWER to CANDIDATE at term 0 for changeToCandidate
2019-09-10 22:55:06,058 [Thread-333] INFO  impl.RoleInfo (RoleInfo.java:updateAndGet(143)) - 72e5a279-ca12-4c9e-91de-7e916f85cc8c: start LeaderElection
2019-09-10 22:55:06,079 [Thread-335] INFO  impl.FollowerState (FollowerState.java:run(106)) - 2f676a21-e66b-4fec-aeac-0283d98823a1:group-F5D172FB2954 changes to CANDIDATE, lastRpcTime:1111, electionTimeout:1111ms
2019-09-10 22:55:06,118 [grpc-default-executor-1] INFO  impl.RaftServerImpl (RaftServerImpl.java:setRole(174)) - 06814ee9-24b9-4aa5-b290-a3e9e2a386ef@group-05F713A51810: changes role from  FOLLOWER to FOLLOWER at term 2 for recognizeCandidate:cd8a5650-cbc3-492b-920c-c46f29e91709
2019-09-10 22:55:06,119 [Thread-337] INFO  impl.FollowerState (FollowerState.java:run(106)) - 9a51610a-f282-4242-84b0-9cad669d08b8:group-F5D172FB2954 changes to CANDIDATE, lastRpcTime:1148, electionTimeout:1119ms
2019-09-10 22:55:06,119 [grpc-default-executor-1] INFO  impl.RoleInfo (RoleInfo.java:shutdownFollowerState(121)) - 06814ee9-24b9-4aa5-b290-a3e9e2a386ef: shutdown FollowerState
2019-09-10 22:55:06,118 [72e5a279-ca12-4c9e-91de-7e916f85cc8c@group-F5D172FB2954:LeaderElection13] INFO  impl.LeaderElection (LeaderElection.java:askForVotes(182)) - 72e5a279-ca12-4c9e-91de-7e916f85cc8c@group-F5D172FB2954:LeaderElection13: begin an election at term 1 for -1: [72e5a279-ca12-4c9e-91de-7e916f85cc8c:192.168.34.57:37581, 2f676a21-e66b-4fec-aeac-0283d98823a1:192.168.34.57:34748, 9a51610a-f282-4242-84b0-9cad669d08b8:192.168.34.57:46514], old=null
2019-09-10 22:55:06,119 [Thread-337] INFO  impl.RoleInfo (RoleInfo.java:shutdownFollowerState(121)) - 9a51610a-f282-4242-84b0-9cad669d08b8: shutdown FollowerState
2019-09-10 22:55:06,119 [Thread-337] INFO  impl.RaftServerImpl (RaftServerImpl.java:setRole(174)) - 9a51610a-f282-4242-84b0-9cad669d08b8@group-F5D172FB2954: changes role from  FOLLOWER to CANDIDATE at term 0 for changeToCandidate
2019-09-10 22:55:06,142 [Thread-335] INFO  impl.RoleInfo (RoleInfo.java:shutdownFollowerState(121)) - 2f676a21-e66b-4fec-aeac-0283d98823a1: shutdown FollowerState
2019-09-10 22:55:06,142 [Thread-335] INFO  impl.RaftServerImpl (RaftServerImpl.java:setRole(174)) - 2f676a21-e66b-4fec-aeac-0283d98823a1@group-F5D172FB2954: changes role from  FOLLOWER to CANDIDATE at term 0 for changeToCandidate
2019-09-10 22:55:06,142 [Thread-337] INFO  impl.RoleInfo (RoleInfo.java:updateAndGet(143)) - 9a51610a-f282-4242-84b0-9cad669d08b8: start LeaderElection
2019-09-10 22:55:06,145 [grpc-default-executor-1] INFO  impl.RoleInfo (RoleInfo.java:updateAndGet(143)) - 06814ee9-24b9-4aa5-b290-a3e9e2a386ef: start FollowerState
2019-09-10 22:55:06,145 [Thread-335] INFO  impl.RoleInfo (RoleInfo.java:updateAndGet(143)) - 2f676a21-e66b-4fec-aeac-0283d98823a1: start LeaderElection
2019-09-10 22:55:06,146 [Thread-373] INFO  impl.FollowerState (FollowerState.java:run(115)) - 06814ee9-24b9-4aa5-b290-a3e9e2a386ef: FollowerState was interrupted: java.lang.InterruptedException: sleep interrupted
2019-09-10 22:55:06,146 [grpc-default-executor-2] INFO  impl.RaftServerImpl (RaftServerImpl.java:setRole(174)) - c564eaa4-7051-4a7d-897f-7be2f6aee35d@group-05F713A51810: changes role from  FOLLOWER to FOLLOWER at term 2 for recognizeCandidate:cd8a5650-cbc3-492b-920c-c46f29e91709
2019-09-10 22:55:06,152 [grpc-default-executor-2] INFO  impl.RoleInfo (RoleInfo.java:shutdownFollowerState(121)) - c564eaa4-7051-4a7d-897f-7be2f6aee35d: shutdown FollowerState
2019-09-10 22:55:06,161 [Thread-374] INFO  impl.FollowerState (FollowerState.java:run(115)) - c564eaa4-7051-4a7d-897f-7be2f6aee35d: FollowerState was interrupted: java.lang.InterruptedException: sleep interrupted
2019-09-10 22:55:06,161 [grpc-default-executor-2] INFO  impl.RoleInfo (RoleInfo.java:updateAndGet(143)) - c564eaa4-7051-4a7d-897f-7be2f6aee35d: start FollowerState
2019-09-10 22:55:06,187 [2f676a21-e66b-4fec-aeac-0283d98823a1@group-F5D172FB2954:LeaderElection15] INFO  impl.LeaderElection (LeaderElection.java:askForVotes(182)) - 2f676a21-e66b-4fec-aeac-0283d98823a1@group-F5D172FB2954:LeaderElection15: begin an election at term 1 for -1: [72e5a279-ca12-4c9e-91de-7e916f85cc8c:192.168.34.57:37581, 2f676a21-e66b-4fec-aeac-0283d98823a1:192.168.34.57:34748, 9a51610a-f282-4242-84b0-9cad669d08b8:192.168.34.57:46514], old=null
2019-09-10 22:55:06,187 [9a51610a-f282-4242-84b0-9cad669d08b8@group-F5D172FB2954:LeaderElection14] INFO  impl.LeaderElection (LeaderElection.java:askForVotes(182)) - 9a51610a-f282-4242-84b0-9cad669d08b8@group-F5D172FB2954:LeaderElection14: begin an election at term 1 for -1: [72e5a279-ca12-4c9e-91de-7e916f85cc8c:192.168.34.57:37581, 2f676a21-e66b-4fec-aeac-0283d98823a1:192.168.34.57:34748, 9a51610a-f282-4242-84b0-9cad669d08b8:192.168.34.57:46514], old=null
2019-09-10 22:55:06,190 [main] INFO  rpc.RpcClient (RpcClient.java:createBucket(437)) - Creating Bucket: datanodefailurehandlingtest/datanodefailurehandlingtest, with Versioning false and Storage Type set to DISK and Encryption set to false 
2019-09-10 22:55:06,257 [Thread-347] INFO  impl.FollowerState (FollowerState.java:run(106)) - aaf3f7d3-af27-4405-89a7-731c9150da26:group-4AD3EF8E1477 changes to CANDIDATE, lastRpcTime:1154, electionTimeout:1154ms
2019-09-10 22:55:06,257 [Thread-347] INFO  impl.RoleInfo (RoleInfo.java:shutdownFollowerState(121)) - aaf3f7d3-af27-4405-89a7-731c9150da26: shutdown FollowerState
2019-09-10 22:55:06,258 [Thread-347] INFO  impl.RaftServerImpl (RaftServerImpl.java:setRole(174)) - aaf3f7d3-af27-4405-89a7-731c9150da26@group-4AD3EF8E1477: changes role from  FOLLOWER to CANDIDATE at term 0 for changeToCandidate
2019-09-10 22:55:06,268 [Thread-347] INFO  impl.RoleInfo (RoleInfo.java:updateAndGet(143)) - aaf3f7d3-af27-4405-89a7-731c9150da26: start LeaderElection
2019-09-10 22:55:06,272 [Thread-346] INFO  impl.FollowerState (FollowerState.java:run(106)) - 61a249ca-8039-4b42-99f2-11fda8dbfc88:group-4AD3EF8E1477 changes to CANDIDATE, lastRpcTime:1173, electionTimeout:1167ms
2019-09-10 22:55:06,281 [Thread-344] INFO  impl.FollowerState (FollowerState.java:run(106)) - 85b41e89-4cf3-40c5-bca2-fe675a128b85:group-4AD3EF8E1477 changes to CANDIDATE, lastRpcTime:1192, electionTimeout:1188ms
2019-09-10 22:55:06,282 [Thread-346] INFO  impl.RoleInfo (RoleInfo.java:shutdownFollowerState(121)) - 61a249ca-8039-4b42-99f2-11fda8dbfc88: shutdown FollowerState
2019-09-10 22:55:06,282 [Thread-344] INFO  impl.RoleInfo (RoleInfo.java:shutdownFollowerState(121)) - 85b41e89-4cf3-40c5-bca2-fe675a128b85: shutdown FollowerState
2019-09-10 22:55:06,282 [Thread-346] INFO  impl.RaftServerImpl (RaftServerImpl.java:setRole(174)) - 61a249ca-8039-4b42-99f2-11fda8dbfc88@group-4AD3EF8E1477: changes role from  FOLLOWER to CANDIDATE at term 0 for changeToCandidate
2019-09-10 22:55:06,282 [Thread-344] INFO  impl.RaftServerImpl (RaftServerImpl.java:setRole(174)) - 85b41e89-4cf3-40c5-bca2-fe675a128b85@group-4AD3EF8E1477: changes role from  FOLLOWER to CANDIDATE at term 0 for changeToCandidate
2019-09-10 22:55:06,282 [Thread-346] INFO  impl.RoleInfo (RoleInfo.java:updateAndGet(143)) - 61a249ca-8039-4b42-99f2-11fda8dbfc88: start LeaderElection
2019-09-10 22:55:06,282 [Thread-344] INFO  impl.RoleInfo (RoleInfo.java:updateAndGet(143)) - 85b41e89-4cf3-40c5-bca2-fe675a128b85: start LeaderElection
2019-09-10 22:55:06,303 [aaf3f7d3-af27-4405-89a7-731c9150da26@group-4AD3EF8E1477:LeaderElection16] INFO  impl.LeaderElection (LeaderElection.java:askForVotes(182)) - aaf3f7d3-af27-4405-89a7-731c9150da26@group-4AD3EF8E1477:LeaderElection16: begin an election at term 1 for -1: [aaf3f7d3-af27-4405-89a7-731c9150da26:192.168.34.57:35719, 61a249ca-8039-4b42-99f2-11fda8dbfc88:192.168.34.57:42650, 85b41e89-4cf3-40c5-bca2-fe675a128b85:192.168.34.57:35907], old=null
2019-09-10 22:55:06,317 [85b41e89-4cf3-40c5-bca2-fe675a128b85@group-4AD3EF8E1477:LeaderElection18] INFO  impl.LeaderElection (LeaderElection.java:askForVotes(182)) - 85b41e89-4cf3-40c5-bca2-fe675a128b85@group-4AD3EF8E1477:LeaderElection18: begin an election at term 1 for -1: [aaf3f7d3-af27-4405-89a7-731c9150da26:192.168.34.57:35719, 61a249ca-8039-4b42-99f2-11fda8dbfc88:192.168.34.57:42650, 85b41e89-4cf3-40c5-bca2-fe675a128b85:192.168.34.57:35907], old=null
2019-09-10 22:55:06,317 [61a249ca-8039-4b42-99f2-11fda8dbfc88@group-4AD3EF8E1477:LeaderElection17] INFO  impl.LeaderElection (LeaderElection.java:askForVotes(182)) - 61a249ca-8039-4b42-99f2-11fda8dbfc88@group-4AD3EF8E1477:LeaderElection17: begin an election at term 1 for -1: [aaf3f7d3-af27-4405-89a7-731c9150da26:192.168.34.57:35719, 61a249ca-8039-4b42-99f2-11fda8dbfc88:192.168.34.57:42650, 85b41e89-4cf3-40c5-bca2-fe675a128b85:192.168.34.57:35907], old=null
2019-09-10 22:55:06,386 [72e5a279-ca12-4c9e-91de-7e916f85cc8c@group-F5D172FB2954:LeaderElection13] INFO  impl.LeaderElection (LeaderElection.java:logAndReturn(56)) - 72e5a279-ca12-4c9e-91de-7e916f85cc8c@group-F5D172FB2954:LeaderElection13: Election REJECTED; received 2 response(s) [72e5a279-ca12-4c9e-91de-7e916f85cc8c<-2f676a21-e66b-4fec-aeac-0283d98823a1#0:FAIL-t1, 72e5a279-ca12-4c9e-91de-7e916f85cc8c<-9a51610a-f282-4242-84b0-9cad669d08b8#0:FAIL-t1] and 0 exception(s); 72e5a279-ca12-4c9e-91de-7e916f85cc8c@group-F5D172FB2954:t1, leader=null, voted=72e5a279-ca12-4c9e-91de-7e916f85cc8c, raftlog=72e5a279-ca12-4c9e-91de-7e916f85cc8c@group-F5D172FB2954-SegmentedRaftLog:OPENED:c-1,f-1,i0, conf=-1: [72e5a279-ca12-4c9e-91de-7e916f85cc8c:192.168.34.57:37581, 2f676a21-e66b-4fec-aeac-0283d98823a1:192.168.34.57:34748, 9a51610a-f282-4242-84b0-9cad669d08b8:192.168.34.57:46514], old=null
2019-09-10 22:55:06,389 [72e5a279-ca12-4c9e-91de-7e916f85cc8c@group-F5D172FB2954:LeaderElection13] INFO  impl.RaftServerImpl (RaftServerImpl.java:setRole(174)) - 72e5a279-ca12-4c9e-91de-7e916f85cc8c@group-F5D172FB2954: changes role from CANDIDATE to FOLLOWER at term 1 for DISCOVERED_A_NEW_TERM
2019-09-10 22:55:06,391 [72e5a279-ca12-4c9e-91de-7e916f85cc8c@group-F5D172FB2954:LeaderElection13] INFO  impl.RoleInfo (RoleInfo.java:shutdownLeaderElection(134)) - 72e5a279-ca12-4c9e-91de-7e916f85cc8c: shutdown LeaderElection
2019-09-10 22:55:06,391 [72e5a279-ca12-4c9e-91de-7e916f85cc8c@group-F5D172FB2954:LeaderElection13] INFO  impl.RoleInfo (RoleInfo.java:updateAndGet(143)) - 72e5a279-ca12-4c9e-91de-7e916f85cc8c: start FollowerState
2019-09-10 22:55:06,427 [2f676a21-e66b-4fec-aeac-0283d98823a1@group-F5D172FB2954:LeaderElection15] INFO  impl.LeaderElection (LeaderElection.java:logAndReturn(56)) - 2f676a21-e66b-4fec-aeac-0283d98823a1@group-F5D172FB2954:LeaderElection15: Election REJECTED; received 2 response(s) [2f676a21-e66b-4fec-aeac-0283d98823a1<-72e5a279-ca12-4c9e-91de-7e916f85cc8c#0:FAIL-t1, 2f676a21-e66b-4fec-aeac-0283d98823a1<-9a51610a-f282-4242-84b0-9cad669d08b8#0:FAIL-t1] and 0 exception(s); 2f676a21-e66b-4fec-aeac-0283d98823a1@group-F5D172FB2954:t1, leader=null, voted=2f676a21-e66b-4fec-aeac-0283d98823a1, raftlog=2f676a21-e66b-4fec-aeac-0283d98823a1@group-F5D172FB2954-SegmentedRaftLog:OPENED:c-1,f-1,i0, conf=-1: [72e5a279-ca12-4c9e-91de-7e916f85cc8c:192.168.34.57:37581, 2f676a21-e66b-4fec-aeac-0283d98823a1:192.168.34.57:34748, 9a51610a-f282-4242-84b0-9cad669d08b8:192.168.34.57:46514], old=null
2019-09-10 22:55:06,431 [2f676a21-e66b-4fec-aeac-0283d98823a1@group-F5D172FB2954:LeaderElection15] INFO  impl.RaftServerImpl (RaftServerImpl.java:setRole(174)) - 2f676a21-e66b-4fec-aeac-0283d98823a1@group-F5D172FB2954: changes role from CANDIDATE to FOLLOWER at term 1 for DISCOVERED_A_NEW_TERM
2019-09-10 22:55:06,431 [2f676a21-e66b-4fec-aeac-0283d98823a1@group-F5D172FB2954:LeaderElection15] INFO  impl.RoleInfo (RoleInfo.java:shutdownLeaderElection(134)) - 2f676a21-e66b-4fec-aeac-0283d98823a1: shutdown LeaderElection
2019-09-10 22:55:06,431 [2f676a21-e66b-4fec-aeac-0283d98823a1@group-F5D172FB2954:LeaderElection15] INFO  impl.RoleInfo (RoleInfo.java:updateAndGet(143)) - 2f676a21-e66b-4fec-aeac-0283d98823a1: start FollowerState
2019-09-10 22:55:06,465 [9a51610a-f282-4242-84b0-9cad669d08b8@group-F5D172FB2954:LeaderElection14] INFO  impl.LeaderElection (LeaderElection.java:logAndReturn(56)) - 9a51610a-f282-4242-84b0-9cad669d08b8@group-F5D172FB2954:LeaderElection14: Election REJECTED; received 2 response(s) [9a51610a-f282-4242-84b0-9cad669d08b8<-2f676a21-e66b-4fec-aeac-0283d98823a1#0:FAIL-t1, 9a51610a-f282-4242-84b0-9cad669d08b8<-72e5a279-ca12-4c9e-91de-7e916f85cc8c#0:FAIL-t1] and 0 exception(s); 9a51610a-f282-4242-84b0-9cad669d08b8@group-F5D172FB2954:t1, leader=null, voted=9a51610a-f282-4242-84b0-9cad669d08b8, raftlog=9a51610a-f282-4242-84b0-9cad669d08b8@group-F5D172FB2954-SegmentedRaftLog:OPENED:c-1,f-1,i0, conf=-1: [72e5a279-ca12-4c9e-91de-7e916f85cc8c:192.168.34.57:37581, 2f676a21-e66b-4fec-aeac-0283d98823a1:192.168.34.57:34748, 9a51610a-f282-4242-84b0-9cad669d08b8:192.168.34.57:46514], old=null
2019-09-10 22:55:06,468 [9a51610a-f282-4242-84b0-9cad669d08b8@group-F5D172FB2954:LeaderElection14] INFO  impl.RaftServerImpl (RaftServerImpl.java:setRole(174)) - 9a51610a-f282-4242-84b0-9cad669d08b8@group-F5D172FB2954: changes role from CANDIDATE to FOLLOWER at term 1 for DISCOVERED_A_NEW_TERM
2019-09-10 22:55:06,468 [9a51610a-f282-4242-84b0-9cad669d08b8@group-F5D172FB2954:LeaderElection14] INFO  impl.RoleInfo (RoleInfo.java:shutdownLeaderElection(134)) - 9a51610a-f282-4242-84b0-9cad669d08b8: shutdown LeaderElection
2019-09-10 22:55:06,468 [9a51610a-f282-4242-84b0-9cad669d08b8@group-F5D172FB2954:LeaderElection14] INFO  impl.RoleInfo (RoleInfo.java:updateAndGet(143)) - 9a51610a-f282-4242-84b0-9cad669d08b8: start FollowerState
2019-09-10 22:55:06,468 [61a249ca-8039-4b42-99f2-11fda8dbfc88@group-4AD3EF8E1477:LeaderElection17] INFO  impl.LeaderElection (LeaderElection.java:logAndReturn(56)) - 61a249ca-8039-4b42-99f2-11fda8dbfc88@group-4AD3EF8E1477:LeaderElection17: Election REJECTED; received 2 response(s) [61a249ca-8039-4b42-99f2-11fda8dbfc88<-aaf3f7d3-af27-4405-89a7-731c9150da26#0:FAIL-t1, 61a249ca-8039-4b42-99f2-11fda8dbfc88<-85b41e89-4cf3-40c5-bca2-fe675a128b85#0:FAIL-t1] and 0 exception(s); 61a249ca-8039-4b42-99f2-11fda8dbfc88@group-4AD3EF8E1477:t1, leader=null, voted=61a249ca-8039-4b42-99f2-11fda8dbfc88, raftlog=61a249ca-8039-4b42-99f2-11fda8dbfc88@group-4AD3EF8E1477-SegmentedRaftLog:OPENED:c-1,f-1,i0, conf=-1: [aaf3f7d3-af27-4405-89a7-731c9150da26:192.168.34.57:35719, 61a249ca-8039-4b42-99f2-11fda8dbfc88:192.168.34.57:42650, 85b41e89-4cf3-40c5-bca2-fe675a128b85:192.168.34.57:35907], old=null
2019-09-10 22:55:06,471 [61a249ca-8039-4b42-99f2-11fda8dbfc88@group-4AD3EF8E1477:LeaderElection17] INFO  impl.RaftServerImpl (RaftServerImpl.java:setRole(174)) - 61a249ca-8039-4b42-99f2-11fda8dbfc88@group-4AD3EF8E1477: changes role from CANDIDATE to FOLLOWER at term 1 for DISCOVERED_A_NEW_TERM
2019-09-10 22:55:06,471 [61a249ca-8039-4b42-99f2-11fda8dbfc88@group-4AD3EF8E1477:LeaderElection17] INFO  impl.RoleInfo (RoleInfo.java:shutdownLeaderElection(134)) - 61a249ca-8039-4b42-99f2-11fda8dbfc88: shutdown LeaderElection
2019-09-10 22:55:06,473 [61a249ca-8039-4b42-99f2-11fda8dbfc88@group-4AD3EF8E1477:LeaderElection17] INFO  impl.RoleInfo (RoleInfo.java:updateAndGet(143)) - 61a249ca-8039-4b42-99f2-11fda8dbfc88: start FollowerState
2019-09-10 22:55:06,476 [85b41e89-4cf3-40c5-bca2-fe675a128b85@group-4AD3EF8E1477:LeaderElection18] INFO  impl.LeaderElection (LeaderElection.java:logAndReturn(56)) - 85b41e89-4cf3-40c5-bca2-fe675a128b85@group-4AD3EF8E1477:LeaderElection18: Election REJECTED; received 2 response(s) [85b41e89-4cf3-40c5-bca2-fe675a128b85<-aaf3f7d3-af27-4405-89a7-731c9150da26#0:FAIL-t1, 85b41e89-4cf3-40c5-bca2-fe675a128b85<-61a249ca-8039-4b42-99f2-11fda8dbfc88#0:FAIL-t1] and 0 exception(s); 85b41e89-4cf3-40c5-bca2-fe675a128b85@group-4AD3EF8E1477:t1, leader=null, voted=85b41e89-4cf3-40c5-bca2-fe675a128b85, raftlog=85b41e89-4cf3-40c5-bca2-fe675a128b85@group-4AD3EF8E1477-SegmentedRaftLog:OPENED:c-1,f-1,i0, conf=-1: [aaf3f7d3-af27-4405-89a7-731c9150da26:192.168.34.57:35719, 61a249ca-8039-4b42-99f2-11fda8dbfc88:192.168.34.57:42650, 85b41e89-4cf3-40c5-bca2-fe675a128b85:192.168.34.57:35907], old=null
2019-09-10 22:55:06,478 [85b41e89-4cf3-40c5-bca2-fe675a128b85@group-4AD3EF8E1477:LeaderElection18] INFO  impl.RaftServerImpl (RaftServerImpl.java:setRole(174)) - 85b41e89-4cf3-40c5-bca2-fe675a128b85@group-4AD3EF8E1477: changes role from CANDIDATE to FOLLOWER at term 1 for DISCOVERED_A_NEW_TERM
2019-09-10 22:55:06,479 [85b41e89-4cf3-40c5-bca2-fe675a128b85@group-4AD3EF8E1477:LeaderElection18] INFO  impl.RoleInfo (RoleInfo.java:shutdownLeaderElection(134)) - 85b41e89-4cf3-40c5-bca2-fe675a128b85: shutdown LeaderElection
2019-09-10 22:55:06,479 [85b41e89-4cf3-40c5-bca2-fe675a128b85@group-4AD3EF8E1477:LeaderElection18] INFO  impl.RoleInfo (RoleInfo.java:updateAndGet(143)) - 85b41e89-4cf3-40c5-bca2-fe675a128b85: start FollowerState
2019-09-10 22:55:06,484 [aaf3f7d3-af27-4405-89a7-731c9150da26@group-4AD3EF8E1477:LeaderElection16] INFO  impl.LeaderElection (LeaderElection.java:logAndReturn(56)) - aaf3f7d3-af27-4405-89a7-731c9150da26@group-4AD3EF8E1477:LeaderElection16: Election REJECTED; received 2 response(s) [aaf3f7d3-af27-4405-89a7-731c9150da26<-61a249ca-8039-4b42-99f2-11fda8dbfc88#0:FAIL-t1, aaf3f7d3-af27-4405-89a7-731c9150da26<-85b41e89-4cf3-40c5-bca2-fe675a128b85#0:FAIL-t1] and 0 exception(s); aaf3f7d3-af27-4405-89a7-731c9150da26@group-4AD3EF8E1477:t1, leader=null, voted=aaf3f7d3-af27-4405-89a7-731c9150da26, raftlog=aaf3f7d3-af27-4405-89a7-731c9150da26@group-4AD3EF8E1477-SegmentedRaftLog:OPENED:c-1,f-1,i0, conf=-1: [aaf3f7d3-af27-4405-89a7-731c9150da26:192.168.34.57:35719, 61a249ca-8039-4b42-99f2-11fda8dbfc88:192.168.34.57:42650, 85b41e89-4cf3-40c5-bca2-fe675a128b85:192.168.34.57:35907], old=null
2019-09-10 22:55:06,507 [aaf3f7d3-af27-4405-89a7-731c9150da26@group-4AD3EF8E1477:LeaderElection16] INFO  impl.RaftServerImpl (RaftServerImpl.java:setRole(174)) - aaf3f7d3-af27-4405-89a7-731c9150da26@group-4AD3EF8E1477: changes role from CANDIDATE to FOLLOWER at term 1 for DISCOVERED_A_NEW_TERM
2019-09-10 22:55:06,507 [aaf3f7d3-af27-4405-89a7-731c9150da26@group-4AD3EF8E1477:LeaderElection16] INFO  impl.RoleInfo (RoleInfo.java:shutdownLeaderElection(134)) - aaf3f7d3-af27-4405-89a7-731c9150da26: shutdown LeaderElection
2019-09-10 22:55:06,507 [aaf3f7d3-af27-4405-89a7-731c9150da26@group-4AD3EF8E1477:LeaderElection16] INFO  impl.RoleInfo (RoleInfo.java:updateAndGet(143)) - aaf3f7d3-af27-4405-89a7-731c9150da26: start FollowerState
2019-09-10 22:55:06,586 [b4077d1a-3356-4504-aa81-34a6cae9caee@group-A2AEF9109F6C:LeaderElection11] INFO  impl.RoleInfo (RoleInfo.java:updateAndGet(143)) - b4077d1a-3356-4504-aa81-34a6cae9caee: start LeaderState
2019-09-10 22:55:06,588 [b4077d1a-3356-4504-aa81-34a6cae9caee@group-A2AEF9109F6C:LeaderElection11] INFO  segmented.SegmentedRaftLogWorker (SegmentedRaftLogWorker.java:startLogSegment(380)) - b4077d1a-3356-4504-aa81-34a6cae9caee@group-A2AEF9109F6C-SegmentedRaftLogWorker: Starting segment from index:0
2019-09-10 22:55:06,589 [b4077d1a-3356-4504-aa81-34a6cae9caee@group-A2AEF9109F6C:LeaderElection11] INFO  impl.RaftServerImpl (ServerState.java:setRaftConf(354)) - b4077d1a-3356-4504-aa81-34a6cae9caee@group-A2AEF9109F6C: set configuration 0: [b4077d1a-3356-4504-aa81-34a6cae9caee:192.168.34.57:44925], old=null at 0
2019-09-10 22:55:06,641 [b4077d1a-3356-4504-aa81-34a6cae9caee@group-A2AEF9109F6C-SegmentedRaftLogWorker] INFO  segmented.SegmentedRaftLogWorker (SegmentedRaftLogWorker.java:execute(569)) - b4077d1a-3356-4504-aa81-34a6cae9caee@group-A2AEF9109F6C-SegmentedRaftLogWorker: created new log segment /workdir/hadoop-ozone/integration-test/target/test-dir/MiniOzoneClusterImpl-c8bd075b-66f7-4733-90c4-2d26ad6b76fb/datanode-6/data/ratis/49b467d0-a049-4af4-9752-a2aef9109f6c/current/log_inprogress_0
2019-09-10 22:55:06,755 [main] INFO  impl.MetricsSystemImpl (MetricsSystemImpl.java:init(158)) - XceiverClientMetrics metrics system started (again)
2019-09-10 22:55:06,878 [grpc-default-executor-4] INFO  client.GrpcClientProtocolClient (GrpcClientProtocolClient.java:onNext(264)) - client-559D44C1B0F8->cd8a5650-cbc3-492b-920c-c46f29e91709: receive RaftClientReply:client-559D44C1B0F8->cd8a5650-cbc3-492b-920c-c46f29e91709@group-05F713A51810, cid=19, FAILED org.apache.ratis.protocol.NotLeaderException: Server cd8a5650-cbc3-492b-920c-c46f29e91709@group-05F713A51810 is not the leader, logIndex=0, commits[cd8a5650-cbc3-492b-920c-c46f29e91709:c-1]
2019-09-10 22:55:06,893 [Thread-303] INFO  impl.FollowerState (FollowerState.java:run(106)) - 85b41e89-4cf3-40c5-bca2-fe675a128b85:group-83A61EE6D492 changes to CANDIDATE, lastRpcTime:2558, electionTimeout:1160ms
2019-09-10 22:55:06,896 [Thread-303] INFO  impl.RoleInfo (RoleInfo.java:shutdownFollowerState(121)) - 85b41e89-4cf3-40c5-bca2-fe675a128b85: shutdown FollowerState
2019-09-10 22:55:06,897 [Thread-303] INFO  impl.RaftServerImpl (RaftServerImpl.java:setRole(174)) - 85b41e89-4cf3-40c5-bca2-fe675a128b85@group-83A61EE6D492: changes role from  FOLLOWER to CANDIDATE at term 0 for changeToCandidate
2019-09-10 22:55:06,897 [Thread-303] INFO  impl.RoleInfo (RoleInfo.java:updateAndGet(143)) - 85b41e89-4cf3-40c5-bca2-fe675a128b85: start LeaderElection
2019-09-10 22:55:06,924 [85b41e89-4cf3-40c5-bca2-fe675a128b85@group-83A61EE6D492:LeaderElection19] INFO  impl.LeaderElection (LeaderElection.java:askForVotes(182)) - 85b41e89-4cf3-40c5-bca2-fe675a128b85@group-83A61EE6D492:LeaderElection19: begin an election at term 1 for -1: [85b41e89-4cf3-40c5-bca2-fe675a128b85:192.168.34.57:35907], old=null
2019-09-10 22:55:06,924 [85b41e89-4cf3-40c5-bca2-fe675a128b85@group-83A61EE6D492:LeaderElection19] INFO  impl.RoleInfo (RoleInfo.java:shutdownLeaderElection(134)) - 85b41e89-4cf3-40c5-bca2-fe675a128b85: shutdown LeaderElection
2019-09-10 22:55:06,925 [85b41e89-4cf3-40c5-bca2-fe675a128b85@group-83A61EE6D492:LeaderElection19] INFO  impl.RaftServerImpl (RaftServerImpl.java:setRole(174)) - 85b41e89-4cf3-40c5-bca2-fe675a128b85@group-83A61EE6D492: changes role from CANDIDATE to LEADER at term 1 for changeToLeader
2019-09-10 22:55:06,925 [85b41e89-4cf3-40c5-bca2-fe675a128b85@group-83A61EE6D492:LeaderElection19] INFO  impl.RaftServerImpl (ServerState.java:setLeader(253)) - 85b41e89-4cf3-40c5-bca2-fe675a128b85@group-83A61EE6D492: change Leader from null to 85b41e89-4cf3-40c5-bca2-fe675a128b85 at term 1 for becomeLeader, leader elected after 2606ms
2019-09-10 22:55:06,925 [85b41e89-4cf3-40c5-bca2-fe675a128b85@group-83A61EE6D492:LeaderElection19] INFO  server.RaftServerConfigKeys (ConfUtils.java:logGet(43)) - raft.server.staging.catchup.gap = 1000 (default)
2019-09-10 22:55:06,925 [85b41e89-4cf3-40c5-bca2-fe675a128b85@group-83A61EE6D492:LeaderElection19] INFO  server.RaftServerConfigKeys (ConfUtils.java:logGet(43)) - raft.server.rpc.sleep.time = 25ms (default)
2019-09-10 22:55:06,925 [85b41e89-4cf3-40c5-bca2-fe675a128b85@group-83A61EE6D492:LeaderElection19] INFO  server.RaftServerConfigKeys (ConfUtils.java:logGet(43)) - raft.server.write.element-limit = 4096 (default)
2019-09-10 22:55:06,925 [85b41e89-4cf3-40c5-bca2-fe675a128b85@group-83A61EE6D492:LeaderElection19] INFO  server.RaftServerConfigKeys (ConfUtils.java:logGet(43)) - raft.server.watch.timeout = 10s (default)
2019-09-10 22:55:06,925 [85b41e89-4cf3-40c5-bca2-fe675a128b85@group-83A61EE6D492:LeaderElection19] INFO  server.RaftServerConfigKeys (ConfUtils.java:logGet(43)) - raft.server.watch.timeout.denomination = 1s (default)
2019-09-10 22:55:06,926 [85b41e89-4cf3-40c5-bca2-fe675a128b85@group-83A61EE6D492:LeaderElection19] INFO  server.RaftServerConfigKeys (ConfUtils.java:logGet(43)) - raft.server.watch.element-limit = 65536 (default)
2019-09-10 22:55:06,928 [85b41e89-4cf3-40c5-bca2-fe675a128b85@group-83A61EE6D492:LeaderElection19] INFO  impl.RoleInfo (RoleInfo.java:updateAndGet(143)) - 85b41e89-4cf3-40c5-bca2-fe675a128b85: start LeaderState
2019-09-10 22:55:06,928 [85b41e89-4cf3-40c5-bca2-fe675a128b85@group-83A61EE6D492:LeaderElection19] INFO  segmented.SegmentedRaftLogWorker (SegmentedRaftLogWorker.java:startLogSegment(380)) - 85b41e89-4cf3-40c5-bca2-fe675a128b85@group-83A61EE6D492-SegmentedRaftLogWorker: Starting segment from index:0
2019-09-10 22:55:06,929 [85b41e89-4cf3-40c5-bca2-fe675a128b85@group-83A61EE6D492:LeaderElection19] INFO  impl.RaftServerImpl (ServerState.java:setRaftConf(354)) - 85b41e89-4cf3-40c5-bca2-fe675a128b85@group-83A61EE6D492: set configuration 0: [85b41e89-4cf3-40c5-bca2-fe675a128b85:192.168.34.57:35907], old=null at 0
2019-09-10 22:55:06,971 [85b41e89-4cf3-40c5-bca2-fe675a128b85@group-83A61EE6D492-SegmentedRaftLogWorker] INFO  segmented.SegmentedRaftLogWorker (SegmentedRaftLogWorker.java:execute(569)) - 85b41e89-4cf3-40c5-bca2-fe675a128b85@group-83A61EE6D492-SegmentedRaftLogWorker: created new log segment /workdir/hadoop-ozone/integration-test/target/test-dir/MiniOzoneClusterImpl-c8bd075b-66f7-4733-90c4-2d26ad6b76fb/datanode-9/data/ratis/c086a501-6373-43bc-9f1d-83a61ee6d492/current/log_inprogress_0
2019-09-10 22:55:07,144 [Thread-370] INFO  impl.FollowerState (FollowerState.java:run(106)) - cd8a5650-cbc3-492b-920c-c46f29e91709:group-05F713A51810 changes to CANDIDATE, lastRpcTime:1181, electionTimeout:1181ms
2019-09-10 22:55:07,145 [Thread-370] INFO  impl.RoleInfo (RoleInfo.java:shutdownFollowerState(121)) - cd8a5650-cbc3-492b-920c-c46f29e91709: shutdown FollowerState
2019-09-10 22:55:07,145 [Thread-370] INFO  impl.RaftServerImpl (RaftServerImpl.java:setRole(174)) - cd8a5650-cbc3-492b-920c-c46f29e91709@group-05F713A51810: changes role from  FOLLOWER to CANDIDATE at term 2 for changeToCandidate
2019-09-10 22:55:07,145 [Thread-370] INFO  impl.RoleInfo (RoleInfo.java:updateAndGet(143)) - cd8a5650-cbc3-492b-920c-c46f29e91709: start LeaderElection
2019-09-10 22:55:07,168 [cd8a5650-cbc3-492b-920c-c46f29e91709@group-05F713A51810:LeaderElection20] INFO  impl.LeaderElection (LeaderElection.java:askForVotes(182)) - cd8a5650-cbc3-492b-920c-c46f29e91709@group-05F713A51810:LeaderElection20: begin an election at term 3 for -1: [c564eaa4-7051-4a7d-897f-7be2f6aee35d:192.168.34.57:35085, cd8a5650-cbc3-492b-920c-c46f29e91709:192.168.34.57:39597, 06814ee9-24b9-4aa5-b290-a3e9e2a386ef:192.168.34.57:44097], old=null
2019-09-10 22:55:07,184 [grpc-default-executor-1] INFO  impl.RaftServerImpl (RaftServerImpl.java:setRole(174)) - 06814ee9-24b9-4aa5-b290-a3e9e2a386ef@group-05F713A51810: changes role from  FOLLOWER to FOLLOWER at term 3 for recognizeCandidate:cd8a5650-cbc3-492b-920c-c46f29e91709
2019-09-10 22:55:07,184 [grpc-default-executor-4] INFO  impl.RaftServerImpl (RaftServerImpl.java:setRole(174)) - c564eaa4-7051-4a7d-897f-7be2f6aee35d@group-05F713A51810: changes role from  FOLLOWER to FOLLOWER at term 3 for recognizeCandidate:cd8a5650-cbc3-492b-920c-c46f29e91709
2019-09-10 22:55:07,184 [grpc-default-executor-1] INFO  impl.RoleInfo (RoleInfo.java:shutdownFollowerState(121)) - 06814ee9-24b9-4aa5-b290-a3e9e2a386ef: shutdown FollowerState
2019-09-10 22:55:07,184 [grpc-default-executor-4] INFO  impl.RoleInfo (RoleInfo.java:shutdownFollowerState(121)) - c564eaa4-7051-4a7d-897f-7be2f6aee35d: shutdown FollowerState
2019-09-10 22:55:07,185 [grpc-default-executor-1] INFO  impl.RoleInfo (RoleInfo.java:updateAndGet(143)) - 06814ee9-24b9-4aa5-b290-a3e9e2a386ef: start FollowerState
2019-09-10 22:55:07,185 [Thread-381] INFO  impl.FollowerState (FollowerState.java:run(115)) - c564eaa4-7051-4a7d-897f-7be2f6aee35d: FollowerState was interrupted: java.lang.InterruptedException: sleep interrupted
2019-09-10 22:55:07,185 [grpc-default-executor-4] INFO  impl.RoleInfo (RoleInfo.java:updateAndGet(143)) - c564eaa4-7051-4a7d-897f-7be2f6aee35d: start FollowerState
2019-09-10 22:55:07,185 [Thread-379] INFO  impl.FollowerState (FollowerState.java:run(115)) - 06814ee9-24b9-4aa5-b290-a3e9e2a386ef: FollowerState was interrupted: java.lang.InterruptedException: sleep interrupted
2019-09-10 22:55:07,201 [cd8a5650-cbc3-492b-920c-c46f29e91709@group-05F713A51810:LeaderElection20] INFO  impl.LeaderElection (LeaderElection.java:logAndReturn(56)) - cd8a5650-cbc3-492b-920c-c46f29e91709@group-05F713A51810:LeaderElection20: Election PASSED; received 1 response(s) [cd8a5650-cbc3-492b-920c-c46f29e91709<-c564eaa4-7051-4a7d-897f-7be2f6aee35d#0:OK-t3] and 0 exception(s); cd8a5650-cbc3-492b-920c-c46f29e91709@group-05F713A51810:t3, leader=null, voted=cd8a5650-cbc3-492b-920c-c46f29e91709, raftlog=cd8a5650-cbc3-492b-920c-c46f29e91709@group-05F713A51810-SegmentedRaftLog:OPENED:c-1,f-1,i0, conf=-1: [c564eaa4-7051-4a7d-897f-7be2f6aee35d:192.168.34.57:35085, cd8a5650-cbc3-492b-920c-c46f29e91709:192.168.34.57:39597, 06814ee9-24b9-4aa5-b290-a3e9e2a386ef:192.168.34.57:44097], old=null
2019-09-10 22:55:07,202 [cd8a5650-cbc3-492b-920c-c46f29e91709@group-05F713A51810:LeaderElection20] INFO  impl.RoleInfo (RoleInfo.java:shutdownLeaderElection(134)) - cd8a5650-cbc3-492b-920c-c46f29e91709: shutdown LeaderElection
2019-09-10 22:55:07,206 [cd8a5650-cbc3-492b-920c-c46f29e91709@group-05F713A51810:LeaderElection20] INFO  impl.RaftServerImpl (RaftServerImpl.java:setRole(174)) - cd8a5650-cbc3-492b-920c-c46f29e91709@group-05F713A51810: changes role from CANDIDATE to LEADER at term 3 for changeToLeader
2019-09-10 22:55:07,206 [cd8a5650-cbc3-492b-920c-c46f29e91709@group-05F713A51810:LeaderElection20] INFO  impl.RaftServerImpl (ServerState.java:setLeader(253)) - cd8a5650-cbc3-492b-920c-c46f29e91709@group-05F713A51810: change Leader from null to cd8a5650-cbc3-492b-920c-c46f29e91709 at term 3 for becomeLeader, leader elected after 2431ms
2019-09-10 22:55:07,206 [cd8a5650-cbc3-492b-920c-c46f29e91709@group-05F713A51810:LeaderElection20] INFO  server.RaftServerConfigKeys (ConfUtils.java:logGet(43)) - raft.server.staging.catchup.gap = 1000 (default)
2019-09-10 22:55:07,207 [cd8a5650-cbc3-492b-920c-c46f29e91709@group-05F713A51810:LeaderElection20] INFO  server.RaftServerConfigKeys (ConfUtils.java:logGet(43)) - raft.server.rpc.sleep.time = 25ms (default)
2019-09-10 22:55:07,207 [cd8a5650-cbc3-492b-920c-c46f29e91709@group-05F713A51810:LeaderElection20] INFO  server.RaftServerConfigKeys (ConfUtils.java:logGet(43)) - raft.server.write.element-limit = 4096 (default)
2019-09-10 22:55:07,215 [cd8a5650-cbc3-492b-920c-c46f29e91709@group-05F713A51810:LeaderElection20] INFO  server.RaftServerConfigKeys (ConfUtils.java:logGet(43)) - raft.server.watch.timeout = 10s (default)
2019-09-10 22:55:07,215 [cd8a5650-cbc3-492b-920c-c46f29e91709@group-05F713A51810:LeaderElection20] INFO  server.RaftServerConfigKeys (ConfUtils.java:logGet(43)) - raft.server.watch.timeout.denomination = 1s (default)
2019-09-10 22:55:07,215 [cd8a5650-cbc3-492b-920c-c46f29e91709@group-05F713A51810:LeaderElection20] INFO  server.RaftServerConfigKeys (ConfUtils.java:logGet(43)) - raft.server.watch.element-limit = 65536 (default)
2019-09-10 22:55:07,223 [cd8a5650-cbc3-492b-920c-c46f29e91709@group-05F713A51810:LeaderElection20] INFO  server.RaftServerConfigKeys (ConfUtils.java:logGet(43)) - raft.server.log.appender.snapshot.chunk.size.max = 16MB (=16777216) (default)
2019-09-10 22:55:07,224 [cd8a5650-cbc3-492b-920c-c46f29e91709@group-05F713A51810:LeaderElection20] INFO  server.RaftServerConfigKeys (ConfUtils.java:logGet(43)) - raft.server.log.appender.buffer.byte-limit = 33554432 (custom)
2019-09-10 22:55:07,224 [cd8a5650-cbc3-492b-920c-c46f29e91709@group-05F713A51810:LeaderElection20] INFO  server.RaftServerConfigKeys (ConfUtils.java:logGet(43)) - raft.server.log.appender.buffer.element-limit = 1 (custom)
2019-09-10 22:55:07,227 [cd8a5650-cbc3-492b-920c-c46f29e91709@group-05F713A51810:LeaderElection20] INFO  grpc.GrpcConfigKeys$Server (ConfUtils.java:logGet(43)) - raft.grpc.server.leader.outstanding.appends.max = 128 (default)
2019-09-10 22:55:07,227 [cd8a5650-cbc3-492b-920c-c46f29e91709@group-05F713A51810:LeaderElection20] INFO  server.RaftServerConfigKeys (ConfUtils.java:logGet(43)) - raft.server.rpc.request.timeout = 3000ms (default)
2019-09-10 22:55:07,227 [cd8a5650-cbc3-492b-920c-c46f29e91709@group-05F713A51810:LeaderElection20] INFO  server.RaftServerConfigKeys (ConfUtils.java:logGet(43)) - raft.server.log.appender.install.snapshot.enabled = false (custom)
2019-09-10 22:55:07,228 [cd8a5650-cbc3-492b-920c-c46f29e91709@group-05F713A51810:LeaderElection20] INFO  server.RaftServerConfigKeys (ConfUtils.java:logGet(43)) - raft.server.log.appender.snapshot.chunk.size.max = 16MB (=16777216) (default)
2019-09-10 22:55:07,228 [cd8a5650-cbc3-492b-920c-c46f29e91709@group-05F713A51810:LeaderElection20] INFO  server.RaftServerConfigKeys (ConfUtils.java:logGet(43)) - raft.server.log.appender.buffer.byte-limit = 33554432 (custom)
2019-09-10 22:55:07,229 [cd8a5650-cbc3-492b-920c-c46f29e91709@group-05F713A51810:LeaderElection20] INFO  server.RaftServerConfigKeys (ConfUtils.java:logGet(43)) - raft.server.log.appender.buffer.element-limit = 1 (custom)
2019-09-10 22:55:07,229 [cd8a5650-cbc3-492b-920c-c46f29e91709@group-05F713A51810:LeaderElection20] INFO  grpc.GrpcConfigKeys$Server (ConfUtils.java:logGet(43)) - raft.grpc.server.leader.outstanding.appends.max = 128 (default)
2019-09-10 22:55:07,229 [cd8a5650-cbc3-492b-920c-c46f29e91709@group-05F713A51810:LeaderElection20] INFO  server.RaftServerConfigKeys (ConfUtils.java:logGet(43)) - raft.server.rpc.request.timeout = 3000ms (default)
2019-09-10 22:55:07,229 [cd8a5650-cbc3-492b-920c-c46f29e91709@group-05F713A51810:LeaderElection20] INFO  server.RaftServerConfigKeys (ConfUtils.java:logGet(43)) - raft.server.log.appender.install.snapshot.enabled = false (custom)
2019-09-10 22:55:07,231 [cd8a5650-cbc3-492b-920c-c46f29e91709@group-05F713A51810:LeaderElection20] INFO  impl.RoleInfo (RoleInfo.java:updateAndGet(143)) - cd8a5650-cbc3-492b-920c-c46f29e91709: start LeaderState
2019-09-10 22:55:07,231 [cd8a5650-cbc3-492b-920c-c46f29e91709@group-05F713A51810:LeaderElection20] INFO  segmented.SegmentedRaftLogWorker (SegmentedRaftLogWorker.java:startLogSegment(380)) - cd8a5650-cbc3-492b-920c-c46f29e91709@group-05F713A51810-SegmentedRaftLogWorker: Starting segment from index:0
2019-09-10 22:55:07,232 [cd8a5650-cbc3-492b-920c-c46f29e91709@group-05F713A51810:LeaderElection20] INFO  impl.RaftServerImpl (ServerState.java:setRaftConf(354)) - cd8a5650-cbc3-492b-920c-c46f29e91709@group-05F713A51810: set configuration 0: [c564eaa4-7051-4a7d-897f-7be2f6aee35d:192.168.34.57:35085, cd8a5650-cbc3-492b-920c-c46f29e91709:192.168.34.57:39597, 06814ee9-24b9-4aa5-b290-a3e9e2a386ef:192.168.34.57:44097], old=null at 0
2019-09-10 22:55:07,272 [cd8a5650-cbc3-492b-920c-c46f29e91709@group-05F713A51810-SegmentedRaftLogWorker] INFO  segmented.SegmentedRaftLogWorker (SegmentedRaftLogWorker.java:execute(569)) - cd8a5650-cbc3-492b-920c-c46f29e91709@group-05F713A51810-SegmentedRaftLogWorker: created new log segment /workdir/hadoop-ozone/integration-test/target/test-dir/MiniOzoneClusterImpl-c8bd075b-66f7-4733-90c4-2d26ad6b76fb/datanode-3/data/ratis/8e72557a-6eb0-4d45-a7c1-05f713a51810/current/log_inprogress_0
2019-09-10 22:55:07,294 [grpc-default-executor-4] INFO  impl.RaftServerImpl (ServerState.java:setLeader(253)) - c564eaa4-7051-4a7d-897f-7be2f6aee35d@group-05F713A51810: change Leader from null to cd8a5650-cbc3-492b-920c-c46f29e91709 at term 3 for appendEntries, leader elected after 2519ms
2019-09-10 22:55:07,294 [grpc-default-executor-1] INFO  impl.RaftServerImpl (ServerState.java:setLeader(253)) - 06814ee9-24b9-4aa5-b290-a3e9e2a386ef@group-05F713A51810: change Leader from null to cd8a5650-cbc3-492b-920c-c46f29e91709 at term 3 for appendEntries, leader elected after 2519ms
2019-09-10 22:55:07,327 [grpc-default-executor-1] INFO  impl.RaftServerImpl (ServerState.java:setRaftConf(354)) - c564eaa4-7051-4a7d-897f-7be2f6aee35d@group-05F713A51810: set configuration 0: [c564eaa4-7051-4a7d-897f-7be2f6aee35d:192.168.34.57:35085, cd8a5650-cbc3-492b-920c-c46f29e91709:192.168.34.57:39597, 06814ee9-24b9-4aa5-b290-a3e9e2a386ef:192.168.34.57:44097], old=null at 0
2019-09-10 22:55:07,327 [grpc-default-executor-4] INFO  impl.RaftServerImpl (ServerState.java:setRaftConf(354)) - 06814ee9-24b9-4aa5-b290-a3e9e2a386ef@group-05F713A51810: set configuration 0: [c564eaa4-7051-4a7d-897f-7be2f6aee35d:192.168.34.57:35085, cd8a5650-cbc3-492b-920c-c46f29e91709:192.168.34.57:39597, 06814ee9-24b9-4aa5-b290-a3e9e2a386ef:192.168.34.57:44097], old=null at 0
2019-09-10 22:55:07,327 [grpc-default-executor-1] INFO  segmented.SegmentedRaftLogWorker (SegmentedRaftLogWorker.java:startLogSegment(380)) - c564eaa4-7051-4a7d-897f-7be2f6aee35d@group-05F713A51810-SegmentedRaftLogWorker: Starting segment from index:0
2019-09-10 22:55:07,327 [grpc-default-executor-4] INFO  segmented.SegmentedRaftLogWorker (SegmentedRaftLogWorker.java:startLogSegment(380)) - 06814ee9-24b9-4aa5-b290-a3e9e2a386ef@group-05F713A51810-SegmentedRaftLogWorker: Starting segment from index:0
2019-09-10 22:55:07,376 [c564eaa4-7051-4a7d-897f-7be2f6aee35d@group-05F713A51810-SegmentedRaftLogWorker] INFO  segmented.SegmentedRaftLogWorker (SegmentedRaftLogWorker.java:execute(569)) - c564eaa4-7051-4a7d-897f-7be2f6aee35d@group-05F713A51810-SegmentedRaftLogWorker: created new log segment /workdir/hadoop-ozone/integration-test/target/test-dir/MiniOzoneClusterImpl-c8bd075b-66f7-4733-90c4-2d26ad6b76fb/datanode-0/data/ratis/8e72557a-6eb0-4d45-a7c1-05f713a51810/current/log_inprogress_0
2019-09-10 22:55:07,376 [06814ee9-24b9-4aa5-b290-a3e9e2a386ef@group-05F713A51810-SegmentedRaftLogWorker] INFO  segmented.SegmentedRaftLogWorker (SegmentedRaftLogWorker.java:execute(569)) - 06814ee9-24b9-4aa5-b290-a3e9e2a386ef@group-05F713A51810-SegmentedRaftLogWorker: created new log segment /workdir/hadoop-ozone/integration-test/target/test-dir/MiniOzoneClusterImpl-c8bd075b-66f7-4733-90c4-2d26ad6b76fb/datanode-4/data/ratis/8e72557a-6eb0-4d45-a7c1-05f713a51810/current/log_inprogress_0
2019-09-10 22:55:07,446 [Thread-396] INFO  impl.FollowerState (FollowerState.java:run(106)) - 2f676a21-e66b-4fec-aeac-0283d98823a1:group-F5D172FB2954 changes to CANDIDATE, lastRpcTime:1014, electionTimeout:1014ms
2019-09-10 22:55:07,446 [Thread-396] INFO  impl.RoleInfo (RoleInfo.java:shutdownFollowerState(121)) - 2f676a21-e66b-4fec-aeac-0283d98823a1: shutdown FollowerState
2019-09-10 22:55:07,446 [Thread-396] INFO  impl.RaftServerImpl (RaftServerImpl.java:setRole(174)) - 2f676a21-e66b-4fec-aeac-0283d98823a1@group-F5D172FB2954: changes role from  FOLLOWER to CANDIDATE at term 1 for changeToCandidate
2019-09-10 22:55:07,447 [Thread-396] INFO  impl.RoleInfo (RoleInfo.java:updateAndGet(143)) - 2f676a21-e66b-4fec-aeac-0283d98823a1: start LeaderElection
2019-09-10 22:55:07,488 [2f676a21-e66b-4fec-aeac-0283d98823a1@group-F5D172FB2954:LeaderElection21] INFO  impl.LeaderElection (LeaderElection.java:askForVotes(182)) - 2f676a21-e66b-4fec-aeac-0283d98823a1@group-F5D172FB2954:LeaderElection21: begin an election at term 2 for -1: [72e5a279-ca12-4c9e-91de-7e916f85cc8c:192.168.34.57:37581, 2f676a21-e66b-4fec-aeac-0283d98823a1:192.168.34.57:34748, 9a51610a-f282-4242-84b0-9cad669d08b8:192.168.34.57:46514], old=null
2019-09-10 22:55:07,492 [grpc-default-executor-4] INFO  impl.RaftServerImpl (RaftServerImpl.java:setRole(174)) - 9a51610a-f282-4242-84b0-9cad669d08b8@group-F5D172FB2954: changes role from  FOLLOWER to FOLLOWER at term 2 for recognizeCandidate:2f676a21-e66b-4fec-aeac-0283d98823a1
2019-09-10 22:55:07,492 [grpc-default-executor-1] INFO  impl.RaftServerImpl (RaftServerImpl.java:setRole(174)) - 72e5a279-ca12-4c9e-91de-7e916f85cc8c@group-F5D172FB2954: changes role from  FOLLOWER to FOLLOWER at term 2 for recognizeCandidate:2f676a21-e66b-4fec-aeac-0283d98823a1
2019-09-10 22:55:07,493 [grpc-default-executor-4] INFO  impl.RoleInfo (RoleInfo.java:shutdownFollowerState(121)) - 9a51610a-f282-4242-84b0-9cad669d08b8: shutdown FollowerState
2019-09-10 22:55:07,493 [grpc-default-executor-1] INFO  impl.RoleInfo (RoleInfo.java:shutdownFollowerState(121)) - 72e5a279-ca12-4c9e-91de-7e916f85cc8c: shutdown FollowerState
2019-09-10 22:55:07,493 [grpc-default-executor-4] INFO  impl.RoleInfo (RoleInfo.java:updateAndGet(143)) - 9a51610a-f282-4242-84b0-9cad669d08b8: start FollowerState
2019-09-10 22:55:07,493 [Thread-397] INFO  impl.FollowerState (FollowerState.java:run(115)) - 9a51610a-f282-4242-84b0-9cad669d08b8: FollowerState was interrupted: java.lang.InterruptedException: sleep interrupted
2019-09-10 22:55:07,493 [Thread-395] INFO  impl.FollowerState (FollowerState.java:run(115)) - 72e5a279-ca12-4c9e-91de-7e916f85cc8c: FollowerState was interrupted: java.lang.InterruptedException: sleep interrupted
2019-09-10 22:55:07,493 [grpc-default-executor-1] INFO  impl.RoleInfo (RoleInfo.java:updateAndGet(143)) - 72e5a279-ca12-4c9e-91de-7e916f85cc8c: start FollowerState
2019-09-10 22:55:07,507 [2f676a21-e66b-4fec-aeac-0283d98823a1@group-F5D172FB2954:LeaderElection21] INFO  impl.LeaderElection (LeaderElection.java:logAndReturn(56)) - 2f676a21-e66b-4fec-aeac-0283d98823a1@group-F5D172FB2954:LeaderElection21: Election PASSED; received 1 response(s) [2f676a21-e66b-4fec-aeac-0283d98823a1<-72e5a279-ca12-4c9e-91de-7e916f85cc8c#0:OK-t2] and 0 exception(s); 2f676a21-e66b-4fec-aeac-0283d98823a1@group-F5D172FB2954:t2, leader=null, voted=2f676a21-e66b-4fec-aeac-0283d98823a1, raftlog=2f676a21-e66b-4fec-aeac-0283d98823a1@group-F5D172FB2954-SegmentedRaftLog:OPENED:c-1,f-1,i0, conf=-1: [72e5a279-ca12-4c9e-91de-7e916f85cc8c:192.168.34.57:37581, 2f676a21-e66b-4fec-aeac-0283d98823a1:192.168.34.57:34748, 9a51610a-f282-4242-84b0-9cad669d08b8:192.168.34.57:46514], old=null
2019-09-10 22:55:07,507 [2f676a21-e66b-4fec-aeac-0283d98823a1@group-F5D172FB2954:LeaderElection21] INFO  impl.RoleInfo (RoleInfo.java:shutdownLeaderElection(134)) - 2f676a21-e66b-4fec-aeac-0283d98823a1: shutdown LeaderElection
2019-09-10 22:55:07,510 [2f676a21-e66b-4fec-aeac-0283d98823a1@group-F5D172FB2954:LeaderElection21] INFO  impl.RaftServerImpl (RaftServerImpl.java:setRole(174)) - 2f676a21-e66b-4fec-aeac-0283d98823a1@group-F5D172FB2954: changes role from CANDIDATE to LEADER at term 2 for changeToLeader
2019-09-10 22:55:07,510 [2f676a21-e66b-4fec-aeac-0283d98823a1@group-F5D172FB2954:LeaderElection21] INFO  impl.RaftServerImpl (ServerState.java:setLeader(253)) - 2f676a21-e66b-4fec-aeac-0283d98823a1@group-F5D172FB2954: change Leader from null to 2f676a21-e66b-4fec-aeac-0283d98823a1 at term 2 for becomeLeader, leader elected after 2567ms
2019-09-10 22:55:07,511 [2f676a21-e66b-4fec-aeac-0283d98823a1@group-F5D172FB2954:LeaderElection21] INFO  server.RaftServerConfigKeys (ConfUtils.java:logGet(43)) - raft.server.staging.catchup.gap = 1000 (default)
2019-09-10 22:55:07,511 [2f676a21-e66b-4fec-aeac-0283d98823a1@group-F5D172FB2954:LeaderElection21] INFO  server.RaftServerConfigKeys (ConfUtils.java:logGet(43)) - raft.server.rpc.sleep.time = 25ms (default)
2019-09-10 22:55:07,511 [2f676a21-e66b-4fec-aeac-0283d98823a1@group-F5D172FB2954:LeaderElection21] INFO  server.RaftServerConfigKeys (ConfUtils.java:logGet(43)) - raft.server.write.element-limit = 4096 (default)
2019-09-10 22:55:07,511 [2f676a21-e66b-4fec-aeac-0283d98823a1@group-F5D172FB2954:LeaderElection21] INFO  server.RaftServerConfigKeys (ConfUtils.java:logGet(43)) - raft.server.watch.timeout = 10s (default)
2019-09-10 22:55:07,511 [2f676a21-e66b-4fec-aeac-0283d98823a1@group-F5D172FB2954:LeaderElection21] INFO  server.RaftServerConfigKeys (ConfUtils.java:logGet(43)) - raft.server.watch.timeout.denomination = 1s (default)
2019-09-10 22:55:07,511 [2f676a21-e66b-4fec-aeac-0283d98823a1@group-F5D172FB2954:LeaderElection21] INFO  server.RaftServerConfigKeys (ConfUtils.java:logGet(43)) - raft.server.watch.element-limit = 65536 (default)
2019-09-10 22:55:07,514 [2f676a21-e66b-4fec-aeac-0283d98823a1@group-F5D172FB2954:LeaderElection21] INFO  server.RaftServerConfigKeys (ConfUtils.java:logGet(43)) - raft.server.log.appender.snapshot.chunk.size.max = 16MB (=16777216) (default)
2019-09-10 22:55:07,515 [2f676a21-e66b-4fec-aeac-0283d98823a1@group-F5D172FB2954:LeaderElection21] INFO  server.RaftServerConfigKeys (ConfUtils.java:logGet(43)) - raft.server.log.appender.buffer.byte-limit = 33554432 (custom)
2019-09-10 22:55:07,515 [2f676a21-e66b-4fec-aeac-0283d98823a1@group-F5D172FB2954:LeaderElection21] INFO  server.RaftServerConfigKeys (ConfUtils.java:logGet(43)) - raft.server.log.appender.buffer.element-limit = 1 (custom)
2019-09-10 22:55:07,515 [2f676a21-e66b-4fec-aeac-0283d98823a1@group-F5D172FB2954:LeaderElection21] INFO  grpc.GrpcConfigKeys$Server (ConfUtils.java:logGet(43)) - raft.grpc.server.leader.outstanding.appends.max = 128 (default)
2019-09-10 22:55:07,518 [2f676a21-e66b-4fec-aeac-0283d98823a1@group-F5D172FB2954:LeaderElection21] INFO  server.RaftServerConfigKeys (ConfUtils.java:logGet(43)) - raft.server.rpc.request.timeout = 3000ms (default)
2019-09-10 22:55:07,518 [2f676a21-e66b-4fec-aeac-0283d98823a1@group-F5D172FB2954:LeaderElection21] INFO  server.RaftServerConfigKeys (ConfUtils.java:logGet(43)) - raft.server.log.appender.install.snapshot.enabled = false (custom)
2019-09-10 22:55:07,519 [2f676a21-e66b-4fec-aeac-0283d98823a1@group-F5D172FB2954:LeaderElection21] INFO  server.RaftServerConfigKeys (ConfUtils.java:logGet(43)) - raft.server.log.appender.snapshot.chunk.size.max = 16MB (=16777216) (default)
2019-09-10 22:55:07,519 [2f676a21-e66b-4fec-aeac-0283d98823a1@group-F5D172FB2954:LeaderElection21] INFO  server.RaftServerConfigKeys (ConfUtils.java:logGet(43)) - raft.server.log.appender.buffer.byte-limit = 33554432 (custom)
2019-09-10 22:55:07,519 [2f676a21-e66b-4fec-aeac-0283d98823a1@group-F5D172FB2954:LeaderElection21] INFO  server.RaftServerConfigKeys (ConfUtils.java:logGet(43)) - raft.server.log.appender.buffer.element-limit = 1 (custom)
2019-09-10 22:55:07,519 [2f676a21-e66b-4fec-aeac-0283d98823a1@group-F5D172FB2954:LeaderElection21] INFO  grpc.GrpcConfigKeys$Server (ConfUtils.java:logGet(43)) - raft.grpc.server.leader.outstanding.appends.max = 128 (default)
2019-09-10 22:55:07,519 [2f676a21-e66b-4fec-aeac-0283d98823a1@group-F5D172FB2954:LeaderElection21] INFO  server.RaftServerConfigKeys (ConfUtils.java:logGet(43)) - raft.server.rpc.request.timeout = 3000ms (default)
2019-09-10 22:55:07,520 [2f676a21-e66b-4fec-aeac-0283d98823a1@group-F5D172FB2954:LeaderElection21] INFO  server.RaftServerConfigKeys (ConfUtils.java:logGet(43)) - raft.server.log.appender.install.snapshot.enabled = false (custom)
2019-09-10 22:55:07,520 [2f676a21-e66b-4fec-aeac-0283d98823a1@group-F5D172FB2954:LeaderElection21] INFO  impl.RoleInfo (RoleInfo.java:updateAndGet(143)) - 2f676a21-e66b-4fec-aeac-0283d98823a1: start LeaderState
2019-09-10 22:55:07,520 [2f676a21-e66b-4fec-aeac-0283d98823a1@group-F5D172FB2954:LeaderElection21] INFO  segmented.SegmentedRaftLogWorker (SegmentedRaftLogWorker.java:startLogSegment(380)) - 2f676a21-e66b-4fec-aeac-0283d98823a1@group-F5D172FB2954-SegmentedRaftLogWorker: Starting segment from index:0
2019-09-10 22:55:07,521 [2f676a21-e66b-4fec-aeac-0283d98823a1@group-F5D172FB2954:LeaderElection21] INFO  impl.RaftServerImpl (ServerState.java:setRaftConf(354)) - 2f676a21-e66b-4fec-aeac-0283d98823a1@group-F5D172FB2954: set configuration 0: [72e5a279-ca12-4c9e-91de-7e916f85cc8c:192.168.34.57:37581, 2f676a21-e66b-4fec-aeac-0283d98823a1:192.168.34.57:34748, 9a51610a-f282-4242-84b0-9cad669d08b8:192.168.34.57:46514], old=null at 0
2019-09-10 22:55:07,555 [Thread-398] INFO  impl.FollowerState (FollowerState.java:run(106)) - 61a249ca-8039-4b42-99f2-11fda8dbfc88:group-4AD3EF8E1477 changes to CANDIDATE, lastRpcTime:1081, electionTimeout:1065ms
2019-09-10 22:55:07,559 [Thread-398] INFO  impl.RoleInfo (RoleInfo.java:shutdownFollowerState(121)) - 61a249ca-8039-4b42-99f2-11fda8dbfc88: shutdown FollowerState
2019-09-10 22:55:07,559 [Thread-398] INFO  impl.RaftServerImpl (RaftServerImpl.java:setRole(174)) - 61a249ca-8039-4b42-99f2-11fda8dbfc88@group-4AD3EF8E1477: changes role from  FOLLOWER to CANDIDATE at term 1 for changeToCandidate
2019-09-10 22:55:07,559 [Thread-398] INFO  impl.RoleInfo (RoleInfo.java:updateAndGet(143)) - 61a249ca-8039-4b42-99f2-11fda8dbfc88: start LeaderElection
2019-09-10 22:55:07,563 [grpc-default-executor-4] INFO  impl.RaftServerImpl (ServerState.java:setLeader(253)) - 72e5a279-ca12-4c9e-91de-7e916f85cc8c@group-F5D172FB2954: change Leader from null to 2f676a21-e66b-4fec-aeac-0283d98823a1 at term 2 for appendEntries, leader elected after 2619ms
2019-09-10 22:55:07,563 [grpc-default-executor-1] INFO  impl.RaftServerImpl (ServerState.java:setLeader(253)) - 9a51610a-f282-4242-84b0-9cad669d08b8@group-F5D172FB2954: change Leader from null to 2f676a21-e66b-4fec-aeac-0283d98823a1 at term 2 for appendEntries, leader elected after 2618ms
2019-09-10 22:55:07,567 [grpc-default-executor-4] INFO  impl.RaftServerImpl (ServerState.java:setRaftConf(354)) - 72e5a279-ca12-4c9e-91de-7e916f85cc8c@group-F5D172FB2954: set configuration 0: [72e5a279-ca12-4c9e-91de-7e916f85cc8c:192.168.34.57:37581, 2f676a21-e66b-4fec-aeac-0283d98823a1:192.168.34.57:34748, 9a51610a-f282-4242-84b0-9cad669d08b8:192.168.34.57:46514], old=null at 0
2019-09-10 22:55:07,568 [grpc-default-executor-1] INFO  impl.RaftServerImpl (ServerState.java:setRaftConf(354)) - 9a51610a-f282-4242-84b0-9cad669d08b8@group-F5D172FB2954: set configuration 0: [72e5a279-ca12-4c9e-91de-7e916f85cc8c:192.168.34.57:37581, 2f676a21-e66b-4fec-aeac-0283d98823a1:192.168.34.57:34748, 9a51610a-f282-4242-84b0-9cad669d08b8:192.168.34.57:46514], old=null at 0
2019-09-10 22:55:07,568 [grpc-default-executor-4] INFO  segmented.SegmentedRaftLogWorker (SegmentedRaftLogWorker.java:startLogSegment(380)) - 72e5a279-ca12-4c9e-91de-7e916f85cc8c@group-F5D172FB2954-SegmentedRaftLogWorker: Starting segment from index:0
2019-09-10 22:55:07,568 [grpc-default-executor-1] INFO  segmented.SegmentedRaftLogWorker (SegmentedRaftLogWorker.java:startLogSegment(380)) - 9a51610a-f282-4242-84b0-9cad669d08b8@group-F5D172FB2954-SegmentedRaftLogWorker: Starting segment from index:0
2019-09-10 22:55:07,569 [2f676a21-e66b-4fec-aeac-0283d98823a1@group-F5D172FB2954-SegmentedRaftLogWorker] INFO  segmented.SegmentedRaftLogWorker (SegmentedRaftLogWorker.java:execute(569)) - 2f676a21-e66b-4fec-aeac-0283d98823a1@group-F5D172FB2954-SegmentedRaftLogWorker: created new log segment /workdir/hadoop-ozone/integration-test/target/test-dir/MiniOzoneClusterImpl-c8bd075b-66f7-4733-90c4-2d26ad6b76fb/datanode-7/data/ratis/2ea0ff70-9fd8-43a6-89e1-f5d172fb2954/current/log_inprogress_0
2019-09-10 22:55:07,569 [61a249ca-8039-4b42-99f2-11fda8dbfc88@group-4AD3EF8E1477:LeaderElection22] INFO  impl.LeaderElection (LeaderElection.java:askForVotes(182)) - 61a249ca-8039-4b42-99f2-11fda8dbfc88@group-4AD3EF8E1477:LeaderElection22: begin an election at term 2 for -1: [aaf3f7d3-af27-4405-89a7-731c9150da26:192.168.34.57:35719, 61a249ca-8039-4b42-99f2-11fda8dbfc88:192.168.34.57:42650, 85b41e89-4cf3-40c5-bca2-fe675a128b85:192.168.34.57:35907], old=null
2019-09-10 22:55:07,572 [grpc-default-executor-1] INFO  impl.RaftServerImpl (RaftServerImpl.java:setRole(174)) - aaf3f7d3-af27-4405-89a7-731c9150da26@group-4AD3EF8E1477: changes role from  FOLLOWER to FOLLOWER at term 2 for recognizeCandidate:61a249ca-8039-4b42-99f2-11fda8dbfc88
2019-09-10 22:55:07,573 [grpc-default-executor-4] INFO  impl.RaftServerImpl (RaftServerImpl.java:setRole(174)) - 85b41e89-4cf3-40c5-bca2-fe675a128b85@group-4AD3EF8E1477: changes role from  FOLLOWER to FOLLOWER at term 2 for recognizeCandidate:61a249ca-8039-4b42-99f2-11fda8dbfc88
2019-09-10 22:55:07,573 [grpc-default-executor-1] INFO  impl.RoleInfo (RoleInfo.java:shutdownFollowerState(121)) - aaf3f7d3-af27-4405-89a7-731c9150da26: shutdown FollowerState
2019-09-10 22:55:07,573 [grpc-default-executor-4] INFO  impl.RoleInfo (RoleInfo.java:shutdownFollowerState(121)) - 85b41e89-4cf3-40c5-bca2-fe675a128b85: shutdown FollowerState
2019-09-10 22:55:07,573 [grpc-default-executor-1] INFO  impl.RoleInfo (RoleInfo.java:updateAndGet(143)) - aaf3f7d3-af27-4405-89a7-731c9150da26: start FollowerState
2019-09-10 22:55:07,573 [Thread-400] INFO  impl.FollowerState (FollowerState.java:run(115)) - aaf3f7d3-af27-4405-89a7-731c9150da26: FollowerState was interrupted: java.lang.InterruptedException: sleep interrupted
2019-09-10 22:55:07,574 [Thread-399] INFO  impl.FollowerState (FollowerState.java:run(115)) - 85b41e89-4cf3-40c5-bca2-fe675a128b85: FollowerState was interrupted: java.lang.InterruptedException: sleep interrupted
2019-09-10 22:55:07,574 [grpc-default-executor-4] INFO  impl.RoleInfo (RoleInfo.java:updateAndGet(143)) - 85b41e89-4cf3-40c5-bca2-fe675a128b85: start FollowerState
2019-09-10 22:55:07,623 [72e5a279-ca12-4c9e-91de-7e916f85cc8c@group-F5D172FB2954-SegmentedRaftLogWorker] INFO  segmented.SegmentedRaftLogWorker (SegmentedRaftLogWorker.java:execute(569)) - 72e5a279-ca12-4c9e-91de-7e916f85cc8c@group-F5D172FB2954-SegmentedRaftLogWorker: created new log segment /workdir/hadoop-ozone/integration-test/target/test-dir/MiniOzoneClusterImpl-c8bd075b-66f7-4733-90c4-2d26ad6b76fb/datanode-5/data/ratis/2ea0ff70-9fd8-43a6-89e1-f5d172fb2954/current/log_inprogress_0
2019-09-10 22:55:07,623 [9a51610a-f282-4242-84b0-9cad669d08b8@group-F5D172FB2954-SegmentedRaftLogWorker] INFO  segmented.SegmentedRaftLogWorker (SegmentedRaftLogWorker.java:execute(569)) - 9a51610a-f282-4242-84b0-9cad669d08b8@group-F5D172FB2954-SegmentedRaftLogWorker: created new log segment /workdir/hadoop-ozone/integration-test/target/test-dir/MiniOzoneClusterImpl-c8bd075b-66f7-4733-90c4-2d26ad6b76fb/datanode-8/data/ratis/2ea0ff70-9fd8-43a6-89e1-f5d172fb2954/current/log_inprogress_0
2019-09-10 22:55:07,625 [61a249ca-8039-4b42-99f2-11fda8dbfc88@group-4AD3EF8E1477:LeaderElection22] INFO  impl.LeaderElection (LeaderElection.java:logAndReturn(56)) - 61a249ca-8039-4b42-99f2-11fda8dbfc88@group-4AD3EF8E1477:LeaderElection22: Election PASSED; received 1 response(s) [61a249ca-8039-4b42-99f2-11fda8dbfc88<-85b41e89-4cf3-40c5-bca2-fe675a128b85#0:OK-t2] and 0 exception(s); 61a249ca-8039-4b42-99f2-11fda8dbfc88@group-4AD3EF8E1477:t2, leader=null, voted=61a249ca-8039-4b42-99f2-11fda8dbfc88, raftlog=61a249ca-8039-4b42-99f2-11fda8dbfc88@group-4AD3EF8E1477-SegmentedRaftLog:OPENED:c-1,f-1,i0, conf=-1: [aaf3f7d3-af27-4405-89a7-731c9150da26:192.168.34.57:35719, 61a249ca-8039-4b42-99f2-11fda8dbfc88:192.168.34.57:42650, 85b41e89-4cf3-40c5-bca2-fe675a128b85:192.168.34.57:35907], old=null
2019-09-10 22:55:07,626 [61a249ca-8039-4b42-99f2-11fda8dbfc88@group-4AD3EF8E1477:LeaderElection22] INFO  impl.RoleInfo (RoleInfo.java:shutdownLeaderElection(134)) - 61a249ca-8039-4b42-99f2-11fda8dbfc88: shutdown LeaderElection
2019-09-10 22:55:07,628 [61a249ca-8039-4b42-99f2-11fda8dbfc88@group-4AD3EF8E1477:LeaderElection22] INFO  impl.RaftServerImpl (RaftServerImpl.java:setRole(174)) - 61a249ca-8039-4b42-99f2-11fda8dbfc88@group-4AD3EF8E1477: changes role from CANDIDATE to LEADER at term 2 for changeToLeader
2019-09-10 22:55:07,628 [61a249ca-8039-4b42-99f2-11fda8dbfc88@group-4AD3EF8E1477:LeaderElection22] INFO  impl.RaftServerImpl (ServerState.java:setLeader(253)) - 61a249ca-8039-4b42-99f2-11fda8dbfc88@group-4AD3EF8E1477: change Leader from null to 61a249ca-8039-4b42-99f2-11fda8dbfc88 at term 2 for becomeLeader, leader elected after 2563ms
2019-09-10 22:55:07,628 [61a249ca-8039-4b42-99f2-11fda8dbfc88@group-4AD3EF8E1477:LeaderElection22] INFO  server.RaftServerConfigKeys (ConfUtils.java:logGet(43)) - raft.server.staging.catchup.gap = 1000 (default)
2019-09-10 22:55:07,628 [61a249ca-8039-4b42-99f2-11fda8dbfc88@group-4AD3EF8E1477:LeaderElection22] INFO  server.RaftServerConfigKeys (ConfUtils.java:logGet(43)) - raft.server.rpc.sleep.time = 25ms (default)
2019-09-10 22:55:07,628 [61a249ca-8039-4b42-99f2-11fda8dbfc88@group-4AD3EF8E1477:LeaderElection22] INFO  server.RaftServerConfigKeys (ConfUtils.java:logGet(43)) - raft.server.write.element-limit = 4096 (default)
2019-09-10 22:55:07,629 [61a249ca-8039-4b42-99f2-11fda8dbfc88@group-4AD3EF8E1477:LeaderElection22] INFO  server.RaftServerConfigKeys (ConfUtils.java:logGet(43)) - raft.server.watch.timeout = 10s (default)
2019-09-10 22:55:07,629 [61a249ca-8039-4b42-99f2-11fda8dbfc88@group-4AD3EF8E1477:LeaderElection22] INFO  server.RaftServerConfigKeys (ConfUtils.java:logGet(43)) - raft.server.watch.timeout.denomination = 1s (default)
2019-09-10 22:55:07,629 [61a249ca-8039-4b42-99f2-11fda8dbfc88@group-4AD3EF8E1477:LeaderElection22] INFO  server.RaftServerConfigKeys (ConfUtils.java:logGet(43)) - raft.server.watch.element-limit = 65536 (default)
2019-09-10 22:55:07,631 [61a249ca-8039-4b42-99f2-11fda8dbfc88@group-4AD3EF8E1477:LeaderElection22] INFO  server.RaftServerConfigKeys (ConfUtils.java:logGet(43)) - raft.server.log.appender.snapshot.chunk.size.max = 16MB (=16777216) (default)
2019-09-10 22:55:07,631 [61a249ca-8039-4b42-99f2-11fda8dbfc88@group-4AD3EF8E1477:LeaderElection22] INFO  server.RaftServerConfigKeys (ConfUtils.java:logGet(43)) - raft.server.log.appender.buffer.byte-limit = 33554432 (custom)
2019-09-10 22:55:07,632 [61a249ca-8039-4b42-99f2-11fda8dbfc88@group-4AD3EF8E1477:LeaderElection22] INFO  server.RaftServerConfigKeys (ConfUtils.java:logGet(43)) - raft.server.log.appender.buffer.element-limit = 1 (custom)
2019-09-10 22:55:07,632 [61a249ca-8039-4b42-99f2-11fda8dbfc88@group-4AD3EF8E1477:LeaderElection22] INFO  grpc.GrpcConfigKeys$Server (ConfUtils.java:logGet(43)) - raft.grpc.server.leader.outstanding.appends.max = 128 (default)
2019-09-10 22:55:07,632 [61a249ca-8039-4b42-99f2-11fda8dbfc88@group-4AD3EF8E1477:LeaderElection22] INFO  server.RaftServerConfigKeys (ConfUtils.java:logGet(43)) - raft.server.rpc.request.timeout = 3000ms (default)
2019-09-10 22:55:07,632 [61a249ca-8039-4b42-99f2-11fda8dbfc88@group-4AD3EF8E1477:LeaderElection22] INFO  server.RaftServerConfigKeys (ConfUtils.java:logGet(43)) - raft.server.log.appender.install.snapshot.enabled = false (custom)
2019-09-10 22:55:07,632 [61a249ca-8039-4b42-99f2-11fda8dbfc88@group-4AD3EF8E1477:LeaderElection22] INFO  server.RaftServerConfigKeys (ConfUtils.java:logGet(43)) - raft.server.log.appender.snapshot.chunk.size.max = 16MB (=16777216) (default)
2019-09-10 22:55:07,633 [61a249ca-8039-4b42-99f2-11fda8dbfc88@group-4AD3EF8E1477:LeaderElection22] INFO  server.RaftServerConfigKeys (ConfUtils.java:logGet(43)) - raft.server.log.appender.buffer.byte-limit = 33554432 (custom)
2019-09-10 22:55:07,633 [61a249ca-8039-4b42-99f2-11fda8dbfc88@group-4AD3EF8E1477:LeaderElection22] INFO  server.RaftServerConfigKeys (ConfUtils.java:logGet(43)) - raft.server.log.appender.buffer.element-limit = 1 (custom)
2019-09-10 22:55:07,633 [61a249ca-8039-4b42-99f2-11fda8dbfc88@group-4AD3EF8E1477:LeaderElection22] INFO  grpc.GrpcConfigKeys$Server (ConfUtils.java:logGet(43)) - raft.grpc.server.leader.outstanding.appends.max = 128 (default)
2019-09-10 22:55:07,633 [61a249ca-8039-4b42-99f2-11fda8dbfc88@group-4AD3EF8E1477:LeaderElection22] INFO  server.RaftServerConfigKeys (ConfUtils.java:logGet(43)) - raft.server.rpc.request.timeout = 3000ms (default)
2019-09-10 22:55:07,633 [61a249ca-8039-4b42-99f2-11fda8dbfc88@group-4AD3EF8E1477:LeaderElection22] INFO  server.RaftServerConfigKeys (ConfUtils.java:logGet(43)) - raft.server.log.appender.install.snapshot.enabled = false (custom)
2019-09-10 22:55:07,634 [61a249ca-8039-4b42-99f2-11fda8dbfc88@group-4AD3EF8E1477:LeaderElection22] INFO  impl.RoleInfo (RoleInfo.java:updateAndGet(143)) - 61a249ca-8039-4b42-99f2-11fda8dbfc88: start LeaderState
2019-09-10 22:55:07,634 [61a249ca-8039-4b42-99f2-11fda8dbfc88@group-4AD3EF8E1477:LeaderElection22] INFO  segmented.SegmentedRaftLogWorker (SegmentedRaftLogWorker.java:startLogSegment(380)) - 61a249ca-8039-4b42-99f2-11fda8dbfc88@group-4AD3EF8E1477-SegmentedRaftLogWorker: Starting segment from index:0
2019-09-10 22:55:07,635 [61a249ca-8039-4b42-99f2-11fda8dbfc88@group-4AD3EF8E1477:LeaderElection22] INFO  impl.RaftServerImpl (ServerState.java:setRaftConf(354)) - 61a249ca-8039-4b42-99f2-11fda8dbfc88@group-4AD3EF8E1477: set configuration 0: [aaf3f7d3-af27-4405-89a7-731c9150da26:192.168.34.57:35719, 61a249ca-8039-4b42-99f2-11fda8dbfc88:192.168.34.57:42650, 85b41e89-4cf3-40c5-bca2-fe675a128b85:192.168.34.57:35907], old=null at 0
2019-09-10 22:55:07,670 [grpc-default-executor-4] INFO  impl.RaftServerImpl (ServerState.java:setLeader(253)) - aaf3f7d3-af27-4405-89a7-731c9150da26@group-4AD3EF8E1477: change Leader from null to 61a249ca-8039-4b42-99f2-11fda8dbfc88 at term 2 for appendEntries, leader elected after 2606ms
2019-09-10 22:55:07,673 [grpc-default-executor-2] INFO  impl.RaftServerImpl (ServerState.java:setLeader(253)) - 85b41e89-4cf3-40c5-bca2-fe675a128b85@group-4AD3EF8E1477: change Leader from null to 61a249ca-8039-4b42-99f2-11fda8dbfc88 at term 2 for appendEntries, leader elected after 2609ms
2019-09-10 22:55:07,677 [grpc-default-executor-2] INFO  impl.RaftServerImpl (ServerState.java:setRaftConf(354)) - aaf3f7d3-af27-4405-89a7-731c9150da26@group-4AD3EF8E1477: set configuration 0: [aaf3f7d3-af27-4405-89a7-731c9150da26:192.168.34.57:35719, 61a249ca-8039-4b42-99f2-11fda8dbfc88:192.168.34.57:42650, 85b41e89-4cf3-40c5-bca2-fe675a128b85:192.168.34.57:35907], old=null at 0
2019-09-10 22:55:07,678 [grpc-default-executor-2] INFO  segmented.SegmentedRaftLogWorker (SegmentedRaftLogWorker.java:startLogSegment(380)) - aaf3f7d3-af27-4405-89a7-731c9150da26@group-4AD3EF8E1477-SegmentedRaftLogWorker: Starting segment from index:0
2019-09-10 22:55:07,678 [grpc-default-executor-4] INFO  impl.RaftServerImpl (ServerState.java:setRaftConf(354)) - 85b41e89-4cf3-40c5-bca2-fe675a128b85@group-4AD3EF8E1477: set configuration 0: [aaf3f7d3-af27-4405-89a7-731c9150da26:192.168.34.57:35719, 61a249ca-8039-4b42-99f2-11fda8dbfc88:192.168.34.57:42650, 85b41e89-4cf3-40c5-bca2-fe675a128b85:192.168.34.57:35907], old=null at 0
2019-09-10 22:55:07,678 [grpc-default-executor-4] INFO  segmented.SegmentedRaftLogWorker (SegmentedRaftLogWorker.java:startLogSegment(380)) - 85b41e89-4cf3-40c5-bca2-fe675a128b85@group-4AD3EF8E1477-SegmentedRaftLogWorker: Starting segment from index:0
2019-09-10 22:55:07,679 [61a249ca-8039-4b42-99f2-11fda8dbfc88@group-4AD3EF8E1477-SegmentedRaftLogWorker] INFO  segmented.SegmentedRaftLogWorker (SegmentedRaftLogWorker.java:execute(569)) - 61a249ca-8039-4b42-99f2-11fda8dbfc88@group-4AD3EF8E1477-SegmentedRaftLogWorker: created new log segment /workdir/hadoop-ozone/integration-test/target/test-dir/MiniOzoneClusterImpl-c8bd075b-66f7-4733-90c4-2d26ad6b76fb/datanode-2/data/ratis/bb4e028f-f49f-4ed5-b4a7-4ad3ef8e1477/current/log_inprogress_0
2019-09-10 22:55:07,718 [85b41e89-4cf3-40c5-bca2-fe675a128b85@group-4AD3EF8E1477-SegmentedRaftLogWorker] INFO  segmented.SegmentedRaftLogWorker (SegmentedRaftLogWorker.java:execute(569)) - 85b41e89-4cf3-40c5-bca2-fe675a128b85@group-4AD3EF8E1477-SegmentedRaftLogWorker: created new log segment /workdir/hadoop-ozone/integration-test/target/test-dir/MiniOzoneClusterImpl-c8bd075b-66f7-4733-90c4-2d26ad6b76fb/datanode-9/data/ratis/bb4e028f-f49f-4ed5-b4a7-4ad3ef8e1477/current/log_inprogress_0
2019-09-10 22:55:07,718 [aaf3f7d3-af27-4405-89a7-731c9150da26@group-4AD3EF8E1477-SegmentedRaftLogWorker] INFO  segmented.SegmentedRaftLogWorker (SegmentedRaftLogWorker.java:execute(569)) - aaf3f7d3-af27-4405-89a7-731c9150da26@group-4AD3EF8E1477-SegmentedRaftLogWorker: created new log segment /workdir/hadoop-ozone/integration-test/target/test-dir/MiniOzoneClusterImpl-c8bd075b-66f7-4733-90c4-2d26ad6b76fb/datanode-1/data/ratis/bb4e028f-f49f-4ed5-b4a7-4ad3ef8e1477/current/log_inprogress_0
2019-09-10 22:55:07,927 [grpc-default-executor-4] INFO  client.GrpcClientProtocolClient (GrpcClientProtocolClient.java:onNext(264)) - client-559D44C1B0F8->c564eaa4-7051-4a7d-897f-7be2f6aee35d: receive RaftClientReply:client-559D44C1B0F8->c564eaa4-7051-4a7d-897f-7be2f6aee35d@group-05F713A51810, cid=19, FAILED org.apache.ratis.protocol.NotLeaderException: Server c564eaa4-7051-4a7d-897f-7be2f6aee35d@group-05F713A51810 is not the leader cd8a5650-cbc3-492b-920c-c46f29e91709:192.168.34.57:39597, logIndex=0, commits[c564eaa4-7051-4a7d-897f-7be2f6aee35d:c0, cd8a5650-cbc3-492b-920c-c46f29e91709:c0, 06814ee9-24b9-4aa5-b290-a3e9e2a386ef:c0]
2019-09-10 22:55:08,272 [grpc-default-executor-4] INFO  client.GrpcClientProtocolClient (GrpcClientProtocolClient.java:onNext(264)) - client-559D44C1B0F8->cd8a5650-cbc3-492b-920c-c46f29e91709: receive RaftClientReply:client-559D44C1B0F8->cd8a5650-cbc3-492b-920c-c46f29e91709@group-05F713A51810, cid=19, SUCCESS, logIndex=1, commits[cd8a5650-cbc3-492b-920c-c46f29e91709:c2, c564eaa4-7051-4a7d-897f-7be2f6aee35d:c1, 06814ee9-24b9-4aa5-b290-a3e9e2a386ef:c1]
2019-09-10 22:55:08,469 [grpc-default-executor-4] INFO  client.GrpcClientProtocolClient (GrpcClientProtocolClient.java:onNext(264)) - client-559D44C1B0F8->cd8a5650-cbc3-492b-920c-c46f29e91709: receive RaftClientReply:client-559D44C1B0F8->cd8a5650-cbc3-492b-920c-c46f29e91709@group-05F713A51810, cid=20, SUCCESS, logIndex=3, commits[cd8a5650-cbc3-492b-920c-c46f29e91709:c8, c564eaa4-7051-4a7d-897f-7be2f6aee35d:c5, 06814ee9-24b9-4aa5-b290-a3e9e2a386ef:c5]
2019-09-10 22:55:08,473 [grpc-default-executor-4] INFO  client.GrpcClientProtocolClient (GrpcClientProtocolClient.java:onNext(264)) - client-559D44C1B0F8->cd8a5650-cbc3-492b-920c-c46f29e91709: receive RaftClientReply:client-559D44C1B0F8->cd8a5650-cbc3-492b-920c-c46f29e91709@group-05F713A51810, cid=21, SUCCESS, logIndex=4, commits[cd8a5650-cbc3-492b-920c-c46f29e91709:c8, c564eaa4-7051-4a7d-897f-7be2f6aee35d:c5, 06814ee9-24b9-4aa5-b290-a3e9e2a386ef:c5]
2019-09-10 22:55:08,497 [grpc-default-executor-4] INFO  client.GrpcClientProtocolClient (GrpcClientProtocolClient.java:onNext(264)) - client-559D44C1B0F8->cd8a5650-cbc3-492b-920c-c46f29e91709: receive RaftClientReply:client-559D44C1B0F8->cd8a5650-cbc3-492b-920c-c46f29e91709@group-05F713A51810, cid=22, SUCCESS, logIndex=5, commits[cd8a5650-cbc3-492b-920c-c46f29e91709:c8, c564eaa4-7051-4a7d-897f-7be2f6aee35d:c5, 06814ee9-24b9-4aa5-b290-a3e9e2a386ef:c5]
2019-09-10 22:55:08,548 [grpc-default-executor-1] INFO  client.GrpcClientProtocolClient (GrpcClientProtocolClient.java:onNext(264)) - client-559D44C1B0F8->cd8a5650-cbc3-492b-920c-c46f29e91709: receive RaftClientReply:client-559D44C1B0F8->cd8a5650-cbc3-492b-920c-c46f29e91709@group-05F713A51810, cid=23, SUCCESS, logIndex=9, commits[cd8a5650-cbc3-492b-920c-c46f29e91709:c10, c564eaa4-7051-4a7d-897f-7be2f6aee35d:c5, 06814ee9-24b9-4aa5-b290-a3e9e2a386ef:c8]
2019-09-10 22:55:08,554 [grpc-default-executor-2] INFO  client.GrpcClientProtocolClient (GrpcClientProtocolClient.java:onNext(264)) - client-559D44C1B0F8->cd8a5650-cbc3-492b-920c-c46f29e91709: receive RaftClientReply:client-559D44C1B0F8->cd8a5650-cbc3-492b-920c-c46f29e91709@group-05F713A51810, cid=24, SUCCESS, logIndex=10, commits[cd8a5650-cbc3-492b-920c-c46f29e91709:c10, c564eaa4-7051-4a7d-897f-7be2f6aee35d:c5, 06814ee9-24b9-4aa5-b290-a3e9e2a386ef:c8]
2019-09-10 22:55:08,566 [grpc-default-executor-3] INFO  client.GrpcClientProtocolClient (GrpcClientProtocolClient.java:onNext(264)) - client-559D44C1B0F8->cd8a5650-cbc3-492b-920c-c46f29e91709: receive RaftClientReply:client-559D44C1B0F8->cd8a5650-cbc3-492b-920c-c46f29e91709@group-05F713A51810, cid=25, SUCCESS, logIndex=11, commits[cd8a5650-cbc3-492b-920c-c46f29e91709:c13, c564eaa4-7051-4a7d-897f-7be2f6aee35d:c8, 06814ee9-24b9-4aa5-b290-a3e9e2a386ef:c10]
2019-09-10 22:55:08,567 [grpc-default-executor-3] INFO  client.GrpcClientProtocolClient (GrpcClientProtocolClient.java:onNext(264)) - client-559D44C1B0F8->cd8a5650-cbc3-492b-920c-c46f29e91709: receive RaftClientReply:client-559D44C1B0F8->cd8a5650-cbc3-492b-920c-c46f29e91709@group-05F713A51810, cid=26, SUCCESS, logIndex=12, commits[cd8a5650-cbc3-492b-920c-c46f29e91709:c14, c564eaa4-7051-4a7d-897f-7be2f6aee35d:c8, 06814ee9-24b9-4aa5-b290-a3e9e2a386ef:c10]
2019-09-10 22:55:08,588 [grpc-default-executor-3] INFO  client.GrpcClientProtocolClient (GrpcClientProtocolClient.java:onNext(264)) - client-559D44C1B0F8->cd8a5650-cbc3-492b-920c-c46f29e91709: receive RaftClientReply:client-559D44C1B0F8->cd8a5650-cbc3-492b-920c-c46f29e91709@group-05F713A51810, cid=27, SUCCESS, logIndex=0, commits[cd8a5650-cbc3-492b-920c-c46f29e91709:c15, c564eaa4-7051-4a7d-897f-7be2f6aee35d:c10, 06814ee9-24b9-4aa5-b290-a3e9e2a386ef:c11]
2019-09-10 22:55:08,616 [grpc-default-executor-3] INFO  client.GrpcClientProtocolClient (GrpcClientProtocolClient.java:onNext(264)) - client-559D44C1B0F8->cd8a5650-cbc3-492b-920c-c46f29e91709: receive RaftClientReply:client-559D44C1B0F8->cd8a5650-cbc3-492b-920c-c46f29e91709@group-05F713A51810, cid=28, SUCCESS, logIndex=0, commits[cd8a5650-cbc3-492b-920c-c46f29e91709:c16, c564eaa4-7051-4a7d-897f-7be2f6aee35d:c13, 06814ee9-24b9-4aa5-b290-a3e9e2a386ef:c12]
2019-09-10 22:55:11,630 [java.util.concurrent.ThreadPoolExecutor$Worker@15fc1543[State = -1, empty queue]] WARN  server.GrpcLogAppender (GrpcLogAppender.java:timeoutAppendRequest(200)) - cd8a5650-cbc3-492b-920c-c46f29e91709@group-05F713A51810->c564eaa4-7051-4a7d-897f-7be2f6aee35d-GrpcLogAppender: appendEntries Timeout, request=cd8a5650-cbc3-492b-920c-c46f29e91709->c564eaa4-7051-4a7d-897f-7be2f6aee35d#19-t3, previous=(t:3, i:16), leaderCommit=16, initializing? false, entries: size=1, first=(t:3, i:17), STATEMACHINELOGENTRY, client-559D44C1B0F8, cid=29
2019-09-10 22:55:11,630 [java.util.concurrent.ThreadPoolExecutor$Worker@26e891cb[State = -1, empty queue]] WARN  server.GrpcLogAppender (GrpcLogAppender.java:timeoutAppendRequest(200)) - cd8a5650-cbc3-492b-920c-c46f29e91709@group-05F713A51810->06814ee9-24b9-4aa5-b290-a3e9e2a386ef-GrpcLogAppender: appendEntries Timeout, request=cd8a5650-cbc3-492b-920c-c46f29e91709->06814ee9-24b9-4aa5-b290-a3e9e2a386ef#19-t3, previous=(t:3, i:16), leaderCommit=16, initializing? false, entries: size=1, first=(t:3, i:17), STATEMACHINELOGENTRY, client-559D44C1B0F8, cid=29
2019-09-10 22:55:11,639 [java.util.concurrent.ThreadPoolExecutor$Worker@15fc1543[State = -1, empty queue]] WARN  server.GrpcLogAppender (GrpcLogAppender.java:timeoutAppendRequest(200)) - cd8a5650-cbc3-492b-920c-c46f29e91709@group-05F713A51810->c564eaa4-7051-4a7d-897f-7be2f6aee35d-GrpcLogAppender: appendEntries Timeout, request=cd8a5650-cbc3-492b-920c-c46f29e91709->c564eaa4-7051-4a7d-897f-7be2f6aee35d#20-t3, previous=(t:3, i:17), leaderCommit=16, initializing? false, entries: size=1, first=(t:3, i:18), STATEMACHINELOGENTRY, client-559D44C1B0F8, cid=30
2019-09-10 22:55:11,642 [java.util.concurrent.ThreadPoolExecutor$Worker@26e891cb[State = -1, empty queue]] WARN  server.GrpcLogAppender (GrpcLogAppender.java:timeoutAppendRequest(200)) - cd8a5650-cbc3-492b-920c-c46f29e91709@group-05F713A51810->06814ee9-24b9-4aa5-b290-a3e9e2a386ef-GrpcLogAppender: appendEntries Timeout, request=cd8a5650-cbc3-492b-920c-c46f29e91709->06814ee9-24b9-4aa5-b290-a3e9e2a386ef#20-t3, previous=(t:3, i:17), leaderCommit=16, initializing? false, entries: size=1, first=(t:3, i:18), STATEMACHINELOGENTRY, client-559D44C1B0F8, cid=30
2019-09-10 22:55:11,645 [java.util.concurrent.ThreadPoolExecutor$Worker@15fc1543[State = -1, empty queue]] WARN  server.GrpcLogAppender (GrpcLogAppender.java:timeoutAppendRequest(200)) - cd8a5650-cbc3-492b-920c-c46f29e91709@group-05F713A51810->c564eaa4-7051-4a7d-897f-7be2f6aee35d-GrpcLogAppender: appendEntries Timeout, request=cd8a5650-cbc3-492b-920c-c46f29e91709->c564eaa4-7051-4a7d-897f-7be2f6aee35d#21-t3, previous=(t:3, i:18), leaderCommit=16, initializing? false, entries: size=1, first=(t:3, i:19), STATEMACHINELOGENTRY, client-559D44C1B0F8, cid=31
2019-09-10 22:55:11,648 [java.util.concurrent.ThreadPoolExecutor$Worker@15fc1543[State = -1, empty queue]] WARN  server.GrpcLogAppender (GrpcLogAppender.java:timeoutAppendRequest(200)) - cd8a5650-cbc3-492b-920c-c46f29e91709@group-05F713A51810->c564eaa4-7051-4a7d-897f-7be2f6aee35d-GrpcLogAppender: appendEntries Timeout, request=cd8a5650-cbc3-492b-920c-c46f29e91709->c564eaa4-7051-4a7d-897f-7be2f6aee35d#22-t3, previous=(t:3, i:19), leaderCommit=16, initializing? false, entries: size=1, first=(t:3, i:20), STATEMACHINELOGENTRY, client-559D44C1B0F8, cid=32
2019-09-10 22:55:11,648 [java.util.concurrent.ThreadPoolExecutor$Worker@26e891cb[State = -1, empty queue]] WARN  server.GrpcLogAppender (GrpcLogAppender.java:timeoutAppendRequest(200)) - cd8a5650-cbc3-492b-920c-c46f29e91709@group-05F713A51810->06814ee9-24b9-4aa5-b290-a3e9e2a386ef-GrpcLogAppender: appendEntries Timeout, request=cd8a5650-cbc3-492b-920c-c46f29e91709->06814ee9-24b9-4aa5-b290-a3e9e2a386ef#21-t3, previous=(t:3, i:18), leaderCommit=16, initializing? false, entries: size=1, first=(t:3, i:19), STATEMACHINELOGENTRY, client-559D44C1B0F8, cid=31
2019-09-10 22:55:11,658 [java.util.concurrent.ThreadPoolExecutor$Worker@26e891cb[State = -1, empty queue]] WARN  server.GrpcLogAppender (GrpcLogAppender.java:timeoutAppendRequest(200)) - cd8a5650-cbc3-492b-920c-c46f29e91709@group-05F713A51810->06814ee9-24b9-4aa5-b290-a3e9e2a386ef-GrpcLogAppender: appendEntries Timeout, request=cd8a5650-cbc3-492b-920c-c46f29e91709->06814ee9-24b9-4aa5-b290-a3e9e2a386ef#22-t3, previous=(t:3, i:19), leaderCommit=16, initializing? false, entries: size=1, first=(t:3, i:20), STATEMACHINELOGENTRY, client-559D44C1B0F8, cid=32
2019-09-10 22:55:12,143 [java.util.concurrent.ThreadPoolExecutor$Worker@15fc1543[State = -1, empty queue]] WARN  server.GrpcLogAppender (GrpcLogAppender.java:timeoutAppendRequest(200)) - cd8a5650-cbc3-492b-920c-c46f29e91709@group-05F713A51810->c564eaa4-7051-4a7d-897f-7be2f6aee35d-GrpcLogAppender: appendEntries Timeout, request=cd8a5650-cbc3-492b-920c-c46f29e91709->c564eaa4-7051-4a7d-897f-7be2f6aee35d#23-t3, previous=(t:3, i:20), leaderCommit=16, initializing? false, entries: <empty>
2019-09-10 22:55:12,143 [java.util.concurrent.ThreadPoolExecutor$Worker@26e891cb[State = -1, empty queue]] WARN  server.GrpcLogAppender (GrpcLogAppender.java:timeoutAppendRequest(200)) - cd8a5650-cbc3-492b-920c-c46f29e91709@group-05F713A51810->06814ee9-24b9-4aa5-b290-a3e9e2a386ef-GrpcLogAppender: appendEntries Timeout, request=cd8a5650-cbc3-492b-920c-c46f29e91709->06814ee9-24b9-4aa5-b290-a3e9e2a386ef#23-t3, previous=(t:3, i:20), leaderCommit=16, initializing? false, entries: <empty>
2019-09-10 22:55:12,644 [java.util.concurrent.ThreadPoolExecutor$Worker@15fc1543[State = -1, empty queue]] WARN  server.GrpcLogAppender (GrpcLogAppender.java:timeoutAppendRequest(200)) - cd8a5650-cbc3-492b-920c-c46f29e91709@group-05F713A51810->c564eaa4-7051-4a7d-897f-7be2f6aee35d-GrpcLogAppender: appendEntries Timeout, request=cd8a5650-cbc3-492b-920c-c46f29e91709->c564eaa4-7051-4a7d-897f-7be2f6aee35d#24-t3, previous=(t:3, i:20), leaderCommit=16, initializing? false, entries: <empty>
2019-09-10 22:55:12,644 [java.util.concurrent.ThreadPoolExecutor$Worker@26e891cb[State = -1, empty queue]] WARN  server.GrpcLogAppender (GrpcLogAppender.java:timeoutAppendRequest(200)) - cd8a5650-cbc3-492b-920c-c46f29e91709@group-05F713A51810->06814ee9-24b9-4aa5-b290-a3e9e2a386ef-GrpcLogAppender: appendEntries Timeout, request=cd8a5650-cbc3-492b-920c-c46f29e91709->06814ee9-24b9-4aa5-b290-a3e9e2a386ef#24-t3, previous=(t:3, i:20), leaderCommit=16, initializing? false, entries: <empty>
2019-09-10 22:55:13,146 [java.util.concurrent.ThreadPoolExecutor$Worker@15fc1543[State = -1, empty queue]] WARN  server.GrpcLogAppender (GrpcLogAppender.java:timeoutAppendRequest(200)) - cd8a5650-cbc3-492b-920c-c46f29e91709@group-05F713A51810->c564eaa4-7051-4a7d-897f-7be2f6aee35d-GrpcLogAppender: appendEntries Timeout, request=cd8a5650-cbc3-492b-920c-c46f29e91709->c564eaa4-7051-4a7d-897f-7be2f6aee35d#25-t3, previous=(t:3, i:20), leaderCommit=16, initializing? false, entries: <empty>
2019-09-10 22:55:13,146 [java.util.concurrent.ThreadPoolExecutor$Worker@26e891cb[State = -1, empty queue]] WARN  server.GrpcLogAppender (GrpcLogAppender.java:timeoutAppendRequest(200)) - cd8a5650-cbc3-492b-920c-c46f29e91709@group-05F713A51810->06814ee9-24b9-4aa5-b290-a3e9e2a386ef-GrpcLogAppender: appendEntries Timeout, request=cd8a5650-cbc3-492b-920c-c46f29e91709->06814ee9-24b9-4aa5-b290-a3e9e2a386ef#25-t3, previous=(t:3, i:20), leaderCommit=16, initializing? false, entries: <empty>
2019-09-10 22:55:13,647 [java.util.concurrent.ThreadPoolExecutor$Worker@15fc1543[State = -1, empty queue]] WARN  server.GrpcLogAppender (GrpcLogAppender.java:timeoutAppendRequest(200)) - cd8a5650-cbc3-492b-920c-c46f29e91709@group-05F713A51810->c564eaa4-7051-4a7d-897f-7be2f6aee35d-GrpcLogAppender: appendEntries Timeout, request=cd8a5650-cbc3-492b-920c-c46f29e91709->c564eaa4-7051-4a7d-897f-7be2f6aee35d#26-t3, previous=(t:3, i:20), leaderCommit=16, initializing? false, entries: <empty>
2019-09-10 22:55:13,647 [java.util.concurrent.ThreadPoolExecutor$Worker@26e891cb[State = -1, empty queue]] WARN  server.GrpcLogAppender (GrpcLogAppender.java:timeoutAppendRequest(200)) - cd8a5650-cbc3-492b-920c-c46f29e91709@group-05F713A51810->06814ee9-24b9-4aa5-b290-a3e9e2a386ef-GrpcLogAppender: appendEntries Timeout, request=cd8a5650-cbc3-492b-920c-c46f29e91709->06814ee9-24b9-4aa5-b290-a3e9e2a386ef#26-t3, previous=(t:3, i:20), leaderCommit=16, initializing? false, entries: <empty>
2019-09-10 22:55:13,751 [grpc-default-executor-2] INFO  client.GrpcClientProtocolClient (GrpcClientProtocolClient.java:onNext(264)) - client-559D44C1B0F8->06814ee9-24b9-4aa5-b290-a3e9e2a386ef: receive RaftClientReply:client-559D44C1B0F8->06814ee9-24b9-4aa5-b290-a3e9e2a386ef@group-05F713A51810, cid=29, FAILED org.apache.ratis.protocol.NotLeaderException: Server 06814ee9-24b9-4aa5-b290-a3e9e2a386ef@group-05F713A51810 is not the leader cd8a5650-cbc3-492b-920c-c46f29e91709:192.168.34.57:39597, logIndex=0, commits[06814ee9-24b9-4aa5-b290-a3e9e2a386ef:c16, c564eaa4-7051-4a7d-897f-7be2f6aee35d:c13, cd8a5650-cbc3-492b-920c-c46f29e91709:c16]
2019-09-10 22:55:14,148 [java.util.concurrent.ThreadPoolExecutor$Worker@26e891cb[State = -1, empty queue]] WARN  server.GrpcLogAppender (GrpcLogAppender.java:timeoutAppendRequest(200)) - cd8a5650-cbc3-492b-920c-c46f29e91709@group-05F713A51810->06814ee9-24b9-4aa5-b290-a3e9e2a386ef-GrpcLogAppender: appendEntries Timeout, request=cd8a5650-cbc3-492b-920c-c46f29e91709->06814ee9-24b9-4aa5-b290-a3e9e2a386ef#27-t3, previous=(t:3, i:20), leaderCommit=16, initializing? false, entries: <empty>
2019-09-10 22:55:14,148 [java.util.concurrent.ThreadPoolExecutor$Worker@15fc1543[State = -1, empty queue]] WARN  server.GrpcLogAppender (GrpcLogAppender.java:timeoutAppendRequest(200)) - cd8a5650-cbc3-492b-920c-c46f29e91709@group-05F713A51810->c564eaa4-7051-4a7d-897f-7be2f6aee35d-GrpcLogAppender: appendEntries Timeout, request=cd8a5650-cbc3-492b-920c-c46f29e91709->c564eaa4-7051-4a7d-897f-7be2f6aee35d#27-t3, previous=(t:3, i:20), leaderCommit=16, initializing? false, entries: <empty>
2019-09-10 22:55:14,659 [java.util.concurrent.ThreadPoolExecutor$Worker@26e891cb[State = -1, empty queue]] WARN  server.GrpcLogAppender (GrpcLogAppender.java:timeoutAppendRequest(200)) - cd8a5650-cbc3-492b-920c-c46f29e91709@group-05F713A51810->06814ee9-24b9-4aa5-b290-a3e9e2a386ef-GrpcLogAppender: appendEntries Timeout, request=cd8a5650-cbc3-492b-920c-c46f29e91709->06814ee9-24b9-4aa5-b290-a3e9e2a386ef#28-t3, previous=(t:3, i:20), leaderCommit=16, initializing? false, entries: <empty>
2019-09-10 22:55:14,659 [java.util.concurrent.ThreadPoolExecutor$Worker@15fc1543[State = -1, empty queue]] WARN  server.GrpcLogAppender (GrpcLogAppender.java:timeoutAppendRequest(200)) - cd8a5650-cbc3-492b-920c-c46f29e91709@group-05F713A51810->c564eaa4-7051-4a7d-897f-7be2f6aee35d-GrpcLogAppender: appendEntries Timeout, request=cd8a5650-cbc3-492b-920c-c46f29e91709->c564eaa4-7051-4a7d-897f-7be2f6aee35d#28-t3, previous=(t:3, i:20), leaderCommit=16, initializing? false, entries: <empty>
2019-09-10 22:55:15,160 [java.util.concurrent.ThreadPoolExecutor$Worker@15fc1543[State = -1, empty queue]] WARN  server.GrpcLogAppender (GrpcLogAppender.java:timeoutAppendRequest(200)) - cd8a5650-cbc3-492b-920c-c46f29e91709@group-05F713A51810->c564eaa4-7051-4a7d-897f-7be2f6aee35d-GrpcLogAppender: appendEntries Timeout, request=cd8a5650-cbc3-492b-920c-c46f29e91709->c564eaa4-7051-4a7d-897f-7be2f6aee35d#29-t3, previous=(t:3, i:20), leaderCommit=16, initializing? false, entries: <empty>
2019-09-10 22:55:15,160 [java.util.concurrent.ThreadPoolExecutor$Worker@26e891cb[State = -1, empty queue]] WARN  server.GrpcLogAppender (GrpcLogAppender.java:timeoutAppendRequest(200)) - cd8a5650-cbc3-492b-920c-c46f29e91709@group-05F713A51810->06814ee9-24b9-4aa5-b290-a3e9e2a386ef-GrpcLogAppender: appendEntries Timeout, request=cd8a5650-cbc3-492b-920c-c46f29e91709->06814ee9-24b9-4aa5-b290-a3e9e2a386ef#29-t3, previous=(t:3, i:20), leaderCommit=16, initializing? false, entries: <empty>
2019-09-10 22:55:15,661 [java.util.concurrent.ThreadPoolExecutor$Worker@15fc1543[State = -1, empty queue]] WARN  server.GrpcLogAppender (GrpcLogAppender.java:timeoutAppendRequest(200)) - cd8a5650-cbc3-492b-920c-c46f29e91709@group-05F713A51810->c564eaa4-7051-4a7d-897f-7be2f6aee35d-GrpcLogAppender: appendEntries Timeout, request=cd8a5650-cbc3-492b-920c-c46f29e91709->c564eaa4-7051-4a7d-897f-7be2f6aee35d#30-t3, previous=(t:3, i:20), leaderCommit=16, initializing? false, entries: <empty>
2019-09-10 22:55:15,661 [java.util.concurrent.ThreadPoolExecutor$Worker@26e891cb[State = -1, empty queue]] WARN  server.GrpcLogAppender (GrpcLogAppender.java:timeoutAppendRequest(200)) - cd8a5650-cbc3-492b-920c-c46f29e91709@group-05F713A51810->06814ee9-24b9-4aa5-b290-a3e9e2a386ef-GrpcLogAppender: appendEntries Timeout, request=cd8a5650-cbc3-492b-920c-c46f29e91709->06814ee9-24b9-4aa5-b290-a3e9e2a386ef#30-t3, previous=(t:3, i:20), leaderCommit=16, initializing? false, entries: <empty>
2019-09-10 22:55:16,161 [java.util.concurrent.ThreadPoolExecutor$Worker@26e891cb[State = -1, empty queue]] WARN  server.GrpcLogAppender (GrpcLogAppender.java:timeoutAppendRequest(200)) - cd8a5650-cbc3-492b-920c-c46f29e91709@group-05F713A51810->06814ee9-24b9-4aa5-b290-a3e9e2a386ef-GrpcLogAppender: appendEntries Timeout, request=cd8a5650-cbc3-492b-920c-c46f29e91709->06814ee9-24b9-4aa5-b290-a3e9e2a386ef#31-t3, previous=(t:3, i:20), leaderCommit=16, initializing? false, entries: <empty>
2019-09-10 22:55:16,161 [java.util.concurrent.ThreadPoolExecutor$Worker@15fc1543[State = -1, empty queue]] WARN  server.GrpcLogAppender (GrpcLogAppender.java:timeoutAppendRequest(200)) - cd8a5650-cbc3-492b-920c-c46f29e91709@group-05F713A51810->c564eaa4-7051-4a7d-897f-7be2f6aee35d-GrpcLogAppender: appendEntries Timeout, request=cd8a5650-cbc3-492b-920c-c46f29e91709->c564eaa4-7051-4a7d-897f-7be2f6aee35d#31-t3, previous=(t:3, i:20), leaderCommit=16, initializing? false, entries: <empty>
2019-09-10 22:55:16,662 [java.util.concurrent.ThreadPoolExecutor$Worker@15fc1543[State = -1, empty queue]] WARN  server.GrpcLogAppender (GrpcLogAppender.java:timeoutAppendRequest(200)) - cd8a5650-cbc3-492b-920c-c46f29e91709@group-05F713A51810->c564eaa4-7051-4a7d-897f-7be2f6aee35d-GrpcLogAppender: appendEntries Timeout, request=cd8a5650-cbc3-492b-920c-c46f29e91709->c564eaa4-7051-4a7d-897f-7be2f6aee35d#32-t3, previous=(t:3, i:20), leaderCommit=16, initializing? false, entries: <empty>
2019-09-10 22:55:16,662 [java.util.concurrent.ThreadPoolExecutor$Worker@26e891cb[State = -1, empty queue]] WARN  server.GrpcLogAppender (GrpcLogAppender.java:timeoutAppendRequest(200)) - cd8a5650-cbc3-492b-920c-c46f29e91709@group-05F713A51810->06814ee9-24b9-4aa5-b290-a3e9e2a386ef-GrpcLogAppender: appendEntries Timeout, request=cd8a5650-cbc3-492b-920c-c46f29e91709->06814ee9-24b9-4aa5-b290-a3e9e2a386ef#32-t3, previous=(t:3, i:20), leaderCommit=16, initializing? false, entries: <empty>
2019-09-10 22:55:17,162 [java.util.concurrent.ThreadPoolExecutor$Worker@15fc1543[State = -1, empty queue]] WARN  server.GrpcLogAppender (GrpcLogAppender.java:timeoutAppendRequest(200)) - cd8a5650-cbc3-492b-920c-c46f29e91709@group-05F713A51810->c564eaa4-7051-4a7d-897f-7be2f6aee35d-GrpcLogAppender: appendEntries Timeout, request=cd8a5650-cbc3-492b-920c-c46f29e91709->c564eaa4-7051-4a7d-897f-7be2f6aee35d#33-t3, previous=(t:3, i:20), leaderCommit=16, initializing? false, entries: <empty>
2019-09-10 22:55:17,162 [java.util.concurrent.ThreadPoolExecutor$Worker@26e891cb[State = -1, empty queue]] WARN  server.GrpcLogAppender (GrpcLogAppender.java:timeoutAppendRequest(200)) - cd8a5650-cbc3-492b-920c-c46f29e91709@group-05F713A51810->06814ee9-24b9-4aa5-b290-a3e9e2a386ef-GrpcLogAppender: appendEntries Timeout, request=cd8a5650-cbc3-492b-920c-c46f29e91709->06814ee9-24b9-4aa5-b290-a3e9e2a386ef#33-t3, previous=(t:3, i:20), leaderCommit=16, initializing? false, entries: <empty>
2019-09-10 22:55:17,663 [java.util.concurrent.ThreadPoolExecutor$Worker@15fc1543[State = -1, empty queue]] WARN  server.GrpcLogAppender (GrpcLogAppender.java:timeoutAppendRequest(200)) - cd8a5650-cbc3-492b-920c-c46f29e91709@group-05F713A51810->c564eaa4-7051-4a7d-897f-7be2f6aee35d-GrpcLogAppender: appendEntries Timeout, request=cd8a5650-cbc3-492b-920c-c46f29e91709->c564eaa4-7051-4a7d-897f-7be2f6aee35d#34-t3, previous=(t:3, i:20), leaderCommit=16, initializing? false, entries: <empty>
2019-09-10 22:55:17,663 [java.util.concurrent.ThreadPoolExecutor$Worker@26e891cb[State = -1, empty queue]] WARN  server.GrpcLogAppender (GrpcLogAppender.java:timeoutAppendRequest(200)) - cd8a5650-cbc3-492b-920c-c46f29e91709@group-05F713A51810->06814ee9-24b9-4aa5-b290-a3e9e2a386ef-GrpcLogAppender: appendEntries Timeout, request=cd8a5650-cbc3-492b-920c-c46f29e91709->06814ee9-24b9-4aa5-b290-a3e9e2a386ef#34-t3, previous=(t:3, i:20), leaderCommit=16, initializing? false, entries: <empty>
2019-09-10 22:55:18,164 [java.util.concurrent.ThreadPoolExecutor$Worker@15fc1543[State = -1, empty queue]] WARN  server.GrpcLogAppender (GrpcLogAppender.java:timeoutAppendRequest(200)) - cd8a5650-cbc3-492b-920c-c46f29e91709@group-05F713A51810->c564eaa4-7051-4a7d-897f-7be2f6aee35d-GrpcLogAppender: appendEntries Timeout, request=cd8a5650-cbc3-492b-920c-c46f29e91709->c564eaa4-7051-4a7d-897f-7be2f6aee35d#35-t3, previous=(t:3, i:20), leaderCommit=16, initializing? false, entries: <empty>
2019-09-10 22:55:18,164 [java.util.concurrent.ThreadPoolExecutor$Worker@26e891cb[State = -1, empty queue]] WARN  server.GrpcLogAppender (GrpcLogAppender.java:timeoutAppendRequest(200)) - cd8a5650-cbc3-492b-920c-c46f29e91709@group-05F713A51810->06814ee9-24b9-4aa5-b290-a3e9e2a386ef-GrpcLogAppender: appendEntries Timeout, request=cd8a5650-cbc3-492b-920c-c46f29e91709->06814ee9-24b9-4aa5-b290-a3e9e2a386ef#35-t3, previous=(t:3, i:20), leaderCommit=16, initializing? false, entries: <empty>
2019-09-10 22:55:18,664 [java.util.concurrent.ThreadPoolExecutor$Worker@15fc1543[State = -1, empty queue]] WARN  server.GrpcLogAppender (GrpcLogAppender.java:timeoutAppendRequest(200)) - cd8a5650-cbc3-492b-920c-c46f29e91709@group-05F713A51810->c564eaa4-7051-4a7d-897f-7be2f6aee35d-GrpcLogAppender: appendEntries Timeout, request=cd8a5650-cbc3-492b-920c-c46f29e91709->c564eaa4-7051-4a7d-897f-7be2f6aee35d#36-t3, previous=(t:3, i:20), leaderCommit=16, initializing? false, entries: <empty>
2019-09-10 22:55:18,664 [java.util.concurrent.ThreadPoolExecutor$Worker@26e891cb[State = -1, empty queue]] WARN  server.GrpcLogAppender (GrpcLogAppender.java:timeoutAppendRequest(200)) - cd8a5650-cbc3-492b-920c-c46f29e91709@group-05F713A51810->06814ee9-24b9-4aa5-b290-a3e9e2a386ef-GrpcLogAppender: appendEntries Timeout, request=cd8a5650-cbc3-492b-920c-c46f29e91709->06814ee9-24b9-4aa5-b290-a3e9e2a386ef#36-t3, previous=(t:3, i:20), leaderCommit=16, initializing? false, entries: <empty>
2019-09-10 22:55:18,712 [cd8a5650-cbc3-492b-920c-c46f29e91709@group-05F713A51810-SegmentedRaftLogWorker] WARN  segmented.SegmentedRaftLogWorker (SegmentedRaftLogWorker.java:getFromFuture(90)) - Timeout 0/~
org.apache.ratis.protocol.TimeoutIOException: Timeout 10s: WriteLog:19: (t:3, i:19), STATEMACHINELOGENTRY, client-559D44C1B0F8, cid=31-writeStateMachineData
	at org.apache.ratis.util.IOUtils.getFromFuture(IOUtils.java:87)
	at org.apache.ratis.server.raftlog.segmented.SegmentedRaftLogWorker$StateMachineDataPolicy.getFromFuture(SegmentedRaftLogWorker.java:87)
	at org.apache.ratis.server.raftlog.segmented.SegmentedRaftLogWorker$WriteLog.execute(SegmentedRaftLogWorker.java:477)
	at org.apache.ratis.server.raftlog.segmented.SegmentedRaftLogWorker.run(SegmentedRaftLogWorker.java:289)
	at java.lang.Thread.run(Thread.java:748)
Caused by: java.util.concurrent.TimeoutException
	at java.util.concurrent.CompletableFuture.timedGet(CompletableFuture.java:1771)
	at java.util.concurrent.CompletableFuture.get(CompletableFuture.java:1915)
	at org.apache.ratis.util.IOUtils.getFromFuture(IOUtils.java:79)
	... 4 more
2019-09-10 22:55:18,712 [c564eaa4-7051-4a7d-897f-7be2f6aee35d@group-05F713A51810-SegmentedRaftLogWorker] WARN  segmented.SegmentedRaftLogWorker (SegmentedRaftLogWorker.java:getFromFuture(90)) - Timeout 0/~
org.apache.ratis.protocol.TimeoutIOException: Timeout 10s: WriteLog:19: (t:3, i:19), STATEMACHINELOGENTRY, client-559D44C1B0F8, cid=31-writeStateMachineData
	at org.apache.ratis.util.IOUtils.getFromFuture(IOUtils.java:87)
	at org.apache.ratis.server.raftlog.segmented.SegmentedRaftLogWorker$StateMachineDataPolicy.getFromFuture(SegmentedRaftLogWorker.java:87)
	at org.apache.ratis.server.raftlog.segmented.SegmentedRaftLogWorker$WriteLog.execute(SegmentedRaftLogWorker.java:477)
	at org.apache.ratis.server.raftlog.segmented.SegmentedRaftLogWorker.run(SegmentedRaftLogWorker.java:289)
	at java.lang.Thread.run(Thread.java:748)
Caused by: java.util.concurrent.TimeoutException
	at java.util.concurrent.CompletableFuture.timedGet(CompletableFuture.java:1771)
	at java.util.concurrent.CompletableFuture.get(CompletableFuture.java:1915)
	at org.apache.ratis.util.IOUtils.getFromFuture(IOUtils.java:79)
	... 4 more
2019-09-10 22:55:18,712 [06814ee9-24b9-4aa5-b290-a3e9e2a386ef@group-05F713A51810-SegmentedRaftLogWorker] WARN  segmented.SegmentedRaftLogWorker (SegmentedRaftLogWorker.java:getFromFuture(90)) - Timeout 0/~
org.apache.ratis.protocol.TimeoutIOException: Timeout 10s: WriteLog:19: (t:3, i:19), STATEMACHINELOGENTRY, client-559D44C1B0F8, cid=31-writeStateMachineData
	at org.apache.ratis.util.IOUtils.getFromFuture(IOUtils.java:87)
	at org.apache.ratis.server.raftlog.segmented.SegmentedRaftLogWorker$StateMachineDataPolicy.getFromFuture(SegmentedRaftLogWorker.java:87)
	at org.apache.ratis.server.raftlog.segmented.SegmentedRaftLogWorker$WriteLog.execute(SegmentedRaftLogWorker.java:477)
	at org.apache.ratis.server.raftlog.segmented.SegmentedRaftLogWorker.run(SegmentedRaftLogWorker.java:289)
	at java.lang.Thread.run(Thread.java:748)
Caused by: java.util.concurrent.TimeoutException
	at java.util.concurrent.CompletableFuture.timedGet(CompletableFuture.java:1771)
	at java.util.concurrent.CompletableFuture.get(CompletableFuture.java:1915)
	at org.apache.ratis.util.IOUtils.getFromFuture(IOUtils.java:79)
	... 4 more
2019-09-10 22:55:18,819 [grpc-default-executor-2] INFO  client.GrpcClientProtocolClient (GrpcClientProtocolClient.java:onNext(264)) - client-559D44C1B0F8->06814ee9-24b9-4aa5-b290-a3e9e2a386ef: receive RaftClientReply:client-559D44C1B0F8->06814ee9-24b9-4aa5-b290-a3e9e2a386ef@group-05F713A51810, cid=29, FAILED org.apache.ratis.protocol.NotLeaderException: Server 06814ee9-24b9-4aa5-b290-a3e9e2a386ef@group-05F713A51810 is not the leader cd8a5650-cbc3-492b-920c-c46f29e91709:192.168.34.57:39597, logIndex=0, commits[06814ee9-24b9-4aa5-b290-a3e9e2a386ef:c16, c564eaa4-7051-4a7d-897f-7be2f6aee35d:c13, cd8a5650-cbc3-492b-920c-c46f29e91709:c16]
2019-09-10 22:55:19,165 [java.util.concurrent.ThreadPoolExecutor$Worker@15fc1543[State = -1, empty queue]] WARN  server.GrpcLogAppender (GrpcLogAppender.java:timeoutAppendRequest(200)) - cd8a5650-cbc3-492b-920c-c46f29e91709@group-05F713A51810->c564eaa4-7051-4a7d-897f-7be2f6aee35d-GrpcLogAppender: appendEntries Timeout, request=cd8a5650-cbc3-492b-920c-c46f29e91709->c564eaa4-7051-4a7d-897f-7be2f6aee35d#37-t3, previous=(t:3, i:20), leaderCommit=16, initializing? false, entries: <empty>
2019-09-10 22:55:19,165 [java.util.concurrent.ThreadPoolExecutor$Worker@26e891cb[State = -1, empty queue]] WARN  server.GrpcLogAppender (GrpcLogAppender.java:timeoutAppendRequest(200)) - cd8a5650-cbc3-492b-920c-c46f29e91709@group-05F713A51810->06814ee9-24b9-4aa5-b290-a3e9e2a386ef-GrpcLogAppender: appendEntries Timeout, request=cd8a5650-cbc3-492b-920c-c46f29e91709->06814ee9-24b9-4aa5-b290-a3e9e2a386ef#37-t3, previous=(t:3, i:20), leaderCommit=16, initializing? false, entries: <empty>
2019-09-10 22:55:19,666 [java.util.concurrent.ThreadPoolExecutor$Worker@15fc1543[State = -1, empty queue]] WARN  server.GrpcLogAppender (GrpcLogAppender.java:timeoutAppendRequest(200)) - cd8a5650-cbc3-492b-920c-c46f29e91709@group-05F713A51810->c564eaa4-7051-4a7d-897f-7be2f6aee35d-GrpcLogAppender: appendEntries Timeout, request=cd8a5650-cbc3-492b-920c-c46f29e91709->c564eaa4-7051-4a7d-897f-7be2f6aee35d#38-t3, previous=(t:3, i:20), leaderCommit=16, initializing? false, entries: <empty>
2019-09-10 22:55:19,666 [java.util.concurrent.ThreadPoolExecutor$Worker@26e891cb[State = -1, empty queue]] WARN  server.GrpcLogAppender (GrpcLogAppender.java:timeoutAppendRequest(200)) - cd8a5650-cbc3-492b-920c-c46f29e91709@group-05F713A51810->06814ee9-24b9-4aa5-b290-a3e9e2a386ef-GrpcLogAppender: appendEntries Timeout, request=cd8a5650-cbc3-492b-920c-c46f29e91709->06814ee9-24b9-4aa5-b290-a3e9e2a386ef#38-t3, previous=(t:3, i:20), leaderCommit=16, initializing? false, entries: <empty>
2019-09-10 22:55:20,166 [java.util.concurrent.ThreadPoolExecutor$Worker@15fc1543[State = -1, empty queue]] WARN  server.GrpcLogAppender (GrpcLogAppender.java:timeoutAppendRequest(200)) - cd8a5650-cbc3-492b-920c-c46f29e91709@group-05F713A51810->c564eaa4-7051-4a7d-897f-7be2f6aee35d-GrpcLogAppender: appendEntries Timeout, request=cd8a5650-cbc3-492b-920c-c46f29e91709->c564eaa4-7051-4a7d-897f-7be2f6aee35d#39-t3, previous=(t:3, i:20), leaderCommit=16, initializing? false, entries: <empty>
2019-09-10 22:55:20,166 [java.util.concurrent.ThreadPoolExecutor$Worker@26e891cb[State = -1, empty queue]] WARN  server.GrpcLogAppender (GrpcLogAppender.java:timeoutAppendRequest(200)) - cd8a5650-cbc3-492b-920c-c46f29e91709@group-05F713A51810->06814ee9-24b9-4aa5-b290-a3e9e2a386ef-GrpcLogAppender: appendEntries Timeout, request=cd8a5650-cbc3-492b-920c-c46f29e91709->06814ee9-24b9-4aa5-b290-a3e9e2a386ef#39-t3, previous=(t:3, i:20), leaderCommit=16, initializing? false, entries: <empty>
2019-09-10 22:55:20,667 [java.util.concurrent.ThreadPoolExecutor$Worker@26e891cb[State = -1, empty queue]] WARN  server.GrpcLogAppender (GrpcLogAppender.java:timeoutAppendRequest(200)) - cd8a5650-cbc3-492b-920c-c46f29e91709@group-05F713A51810->06814ee9-24b9-4aa5-b290-a3e9e2a386ef-GrpcLogAppender: appendEntries Timeout, request=cd8a5650-cbc3-492b-920c-c46f29e91709->06814ee9-24b9-4aa5-b290-a3e9e2a386ef#40-t3, previous=(t:3, i:20), leaderCommit=16, initializing? false, entries: <empty>
2019-09-10 22:55:20,667 [java.util.concurrent.ThreadPoolExecutor$Worker@15fc1543[State = -1, empty queue]] WARN  server.GrpcLogAppender (GrpcLogAppender.java:timeoutAppendRequest(200)) - cd8a5650-cbc3-492b-920c-c46f29e91709@group-05F713A51810->c564eaa4-7051-4a7d-897f-7be2f6aee35d-GrpcLogAppender: appendEntries Timeout, request=cd8a5650-cbc3-492b-920c-c46f29e91709->c564eaa4-7051-4a7d-897f-7be2f6aee35d#40-t3, previous=(t:3, i:20), leaderCommit=16, initializing? false, entries: <empty>
2019-09-10 22:55:21,168 [java.util.concurrent.ThreadPoolExecutor$Worker@15fc1543[State = -1, empty queue]] WARN  server.GrpcLogAppender (GrpcLogAppender.java:timeoutAppendRequest(200)) - cd8a5650-cbc3-492b-920c-c46f29e91709@group-05F713A51810->c564eaa4-7051-4a7d-897f-7be2f6aee35d-GrpcLogAppender: appendEntries Timeout, request=cd8a5650-cbc3-492b-920c-c46f29e91709->c564eaa4-7051-4a7d-897f-7be2f6aee35d#41-t3, previous=(t:3, i:20), leaderCommit=16, initializing? false, entries: <empty>
2019-09-10 22:55:21,168 [java.util.concurrent.ThreadPoolExecutor$Worker@26e891cb[State = -1, empty queue]] WARN  server.GrpcLogAppender (GrpcLogAppender.java:timeoutAppendRequest(200)) - cd8a5650-cbc3-492b-920c-c46f29e91709@group-05F713A51810->06814ee9-24b9-4aa5-b290-a3e9e2a386ef-GrpcLogAppender: appendEntries Timeout, request=cd8a5650-cbc3-492b-920c-c46f29e91709->06814ee9-24b9-4aa5-b290-a3e9e2a386ef#41-t3, previous=(t:3, i:20), leaderCommit=16, initializing? false, entries: <empty>
2019-09-10 22:55:21,669 [java.util.concurrent.ThreadPoolExecutor$Worker@15fc1543[State = -1, empty queue]] WARN  server.GrpcLogAppender (GrpcLogAppender.java:timeoutAppendRequest(200)) - cd8a5650-cbc3-492b-920c-c46f29e91709@group-05F713A51810->c564eaa4-7051-4a7d-897f-7be2f6aee35d-GrpcLogAppender: appendEntries Timeout, request=cd8a5650-cbc3-492b-920c-c46f29e91709->c564eaa4-7051-4a7d-897f-7be2f6aee35d#42-t3, previous=(t:3, i:20), leaderCommit=16, initializing? false, entries: <empty>
2019-09-10 22:55:21,669 [java.util.concurrent.ThreadPoolExecutor$Worker@26e891cb[State = -1, empty queue]] WARN  server.GrpcLogAppender (GrpcLogAppender.java:timeoutAppendRequest(200)) - cd8a5650-cbc3-492b-920c-c46f29e91709@group-05F713A51810->06814ee9-24b9-4aa5-b290-a3e9e2a386ef-GrpcLogAppender: appendEntries Timeout, request=cd8a5650-cbc3-492b-920c-c46f29e91709->06814ee9-24b9-4aa5-b290-a3e9e2a386ef#42-t3, previous=(t:3, i:20), leaderCommit=16, initializing? false, entries: <empty>
2019-09-10 22:55:22,170 [java.util.concurrent.ThreadPoolExecutor$Worker@15fc1543[State = -1, empty queue]] WARN  server.GrpcLogAppender (GrpcLogAppender.java:timeoutAppendRequest(200)) - cd8a5650-cbc3-492b-920c-c46f29e91709@group-05F713A51810->c564eaa4-7051-4a7d-897f-7be2f6aee35d-GrpcLogAppender: appendEntries Timeout, request=cd8a5650-cbc3-492b-920c-c46f29e91709->c564eaa4-7051-4a7d-897f-7be2f6aee35d#43-t3, previous=(t:3, i:20), leaderCommit=16, initializing? false, entries: <empty>
2019-09-10 22:55:22,170 [java.util.concurrent.ThreadPoolExecutor$Worker@26e891cb[State = -1, empty queue]] WARN  server.GrpcLogAppender (GrpcLogAppender.java:timeoutAppendRequest(200)) - cd8a5650-cbc3-492b-920c-c46f29e91709@group-05F713A51810->06814ee9-24b9-4aa5-b290-a3e9e2a386ef-GrpcLogAppender: appendEntries Timeout, request=cd8a5650-cbc3-492b-920c-c46f29e91709->06814ee9-24b9-4aa5-b290-a3e9e2a386ef#43-t3, previous=(t:3, i:20), leaderCommit=16, initializing? false, entries: <empty>
2019-09-10 22:55:22,670 [java.util.concurrent.ThreadPoolExecutor$Worker@15fc1543[State = -1, empty queue]] WARN  server.GrpcLogAppender (GrpcLogAppender.java:timeoutAppendRequest(200)) - cd8a5650-cbc3-492b-920c-c46f29e91709@group-05F713A51810->c564eaa4-7051-4a7d-897f-7be2f6aee35d-GrpcLogAppender: appendEntries Timeout, request=cd8a5650-cbc3-492b-920c-c46f29e91709->c564eaa4-7051-4a7d-897f-7be2f6aee35d#44-t3, previous=(t:3, i:20), leaderCommit=16, initializing? false, entries: <empty>
2019-09-10 22:55:22,670 [java.util.concurrent.ThreadPoolExecutor$Worker@26e891cb[State = -1, empty queue]] WARN  server.GrpcLogAppender (GrpcLogAppender.java:timeoutAppendRequest(200)) - cd8a5650-cbc3-492b-920c-c46f29e91709@group-05F713A51810->06814ee9-24b9-4aa5-b290-a3e9e2a386ef-GrpcLogAppender: appendEntries Timeout, request=cd8a5650-cbc3-492b-920c-c46f29e91709->06814ee9-24b9-4aa5-b290-a3e9e2a386ef#44-t3, previous=(t:3, i:20), leaderCommit=16, initializing? false, entries: <empty>
2019-09-10 22:55:23,170 [java.util.concurrent.ThreadPoolExecutor$Worker@15fc1543[State = -1, empty queue]] WARN  server.GrpcLogAppender (GrpcLogAppender.java:timeoutAppendRequest(200)) - cd8a5650-cbc3-492b-920c-c46f29e91709@group-05F713A51810->c564eaa4-7051-4a7d-897f-7be2f6aee35d-GrpcLogAppender: appendEntries Timeout, request=cd8a5650-cbc3-492b-920c-c46f29e91709->c564eaa4-7051-4a7d-897f-7be2f6aee35d#45-t3, previous=(t:3, i:20), leaderCommit=16, initializing? false, entries: <empty>
2019-09-10 22:55:23,171 [java.util.concurrent.ThreadPoolExecutor$Worker@26e891cb[State = -1, empty queue]] WARN  server.GrpcLogAppender (GrpcLogAppender.java:timeoutAppendRequest(200)) - cd8a5650-cbc3-492b-920c-c46f29e91709@group-05F713A51810->06814ee9-24b9-4aa5-b290-a3e9e2a386ef-GrpcLogAppender: appendEntries Timeout, request=cd8a5650-cbc3-492b-920c-c46f29e91709->06814ee9-24b9-4aa5-b290-a3e9e2a386ef#45-t3, previous=(t:3, i:20), leaderCommit=16, initializing? false, entries: <empty>
2019-09-10 22:55:23,671 [java.util.concurrent.ThreadPoolExecutor$Worker@26e891cb[State = -1, empty queue]] WARN  server.GrpcLogAppender (GrpcLogAppender.java:timeoutAppendRequest(200)) - cd8a5650-cbc3-492b-920c-c46f29e91709@group-05F713A51810->06814ee9-24b9-4aa5-b290-a3e9e2a386ef-GrpcLogAppender: appendEntries Timeout, request=cd8a5650-cbc3-492b-920c-c46f29e91709->06814ee9-24b9-4aa5-b290-a3e9e2a386ef#46-t3, previous=(t:3, i:20), leaderCommit=16, initializing? false, entries: <empty>
2019-09-10 22:55:23,671 [java.util.concurrent.ThreadPoolExecutor$Worker@15fc1543[State = -1, empty queue]] WARN  server.GrpcLogAppender (GrpcLogAppender.java:timeoutAppendRequest(200)) - cd8a5650-cbc3-492b-920c-c46f29e91709@group-05F713A51810->c564eaa4-7051-4a7d-897f-7be2f6aee35d-GrpcLogAppender: appendEntries Timeout, request=cd8a5650-cbc3-492b-920c-c46f29e91709->c564eaa4-7051-4a7d-897f-7be2f6aee35d#46-t3, previous=(t:3, i:20), leaderCommit=16, initializing? false, entries: <empty>
2019-09-10 22:55:23,890 [grpc-default-executor-3] INFO  client.GrpcClientProtocolClient (GrpcClientProtocolClient.java:onNext(264)) - client-559D44C1B0F8->06814ee9-24b9-4aa5-b290-a3e9e2a386ef: receive RaftClientReply:client-559D44C1B0F8->06814ee9-24b9-4aa5-b290-a3e9e2a386ef@group-05F713A51810, cid=29, FAILED org.apache.ratis.protocol.NotLeaderException: Server 06814ee9-24b9-4aa5-b290-a3e9e2a386ef@group-05F713A51810 is not the leader cd8a5650-cbc3-492b-920c-c46f29e91709:192.168.34.57:39597, logIndex=0, commits[06814ee9-24b9-4aa5-b290-a3e9e2a386ef:c16, c564eaa4-7051-4a7d-897f-7be2f6aee35d:c13, cd8a5650-cbc3-492b-920c-c46f29e91709:c16]
2019-09-10 22:55:24,172 [java.util.concurrent.ThreadPoolExecutor$Worker@26e891cb[State = -1, empty queue]] WARN  server.GrpcLogAppender (GrpcLogAppender.java:timeoutAppendRequest(200)) - cd8a5650-cbc3-492b-920c-c46f29e91709@group-05F713A51810->06814ee9-24b9-4aa5-b290-a3e9e2a386ef-GrpcLogAppender: appendEntries Timeout, request=cd8a5650-cbc3-492b-920c-c46f29e91709->06814ee9-24b9-4aa5-b290-a3e9e2a386ef#47-t3, previous=(t:3, i:20), leaderCommit=16, initializing? false, entries: <empty>
2019-09-10 22:55:24,172 [java.util.concurrent.ThreadPoolExecutor$Worker@15fc1543[State = -1, empty queue]] WARN  server.GrpcLogAppender (GrpcLogAppender.java:timeoutAppendRequest(200)) - cd8a5650-cbc3-492b-920c-c46f29e91709@group-05F713A51810->c564eaa4-7051-4a7d-897f-7be2f6aee35d-GrpcLogAppender: appendEntries Timeout, request=cd8a5650-cbc3-492b-920c-c46f29e91709->c564eaa4-7051-4a7d-897f-7be2f6aee35d#47-t3, previous=(t:3, i:20), leaderCommit=16, initializing? false, entries: <empty>
2019-09-10 22:55:24,672 [java.util.concurrent.ThreadPoolExecutor$Worker@26e891cb[State = -1, empty queue]] WARN  server.GrpcLogAppender (GrpcLogAppender.java:timeoutAppendRequest(200)) - cd8a5650-cbc3-492b-920c-c46f29e91709@group-05F713A51810->06814ee9-24b9-4aa5-b290-a3e9e2a386ef-GrpcLogAppender: appendEntries Timeout, request=cd8a5650-cbc3-492b-920c-c46f29e91709->06814ee9-24b9-4aa5-b290-a3e9e2a386ef#48-t3, previous=(t:3, i:20), leaderCommit=16, initializing? false, entries: <empty>
2019-09-10 22:55:24,672 [java.util.concurrent.ThreadPoolExecutor$Worker@15fc1543[State = -1, empty queue]] WARN  server.GrpcLogAppender (GrpcLogAppender.java:timeoutAppendRequest(200)) - cd8a5650-cbc3-492b-920c-c46f29e91709@group-05F713A51810->c564eaa4-7051-4a7d-897f-7be2f6aee35d-GrpcLogAppender: appendEntries Timeout, request=cd8a5650-cbc3-492b-920c-c46f29e91709->c564eaa4-7051-4a7d-897f-7be2f6aee35d#48-t3, previous=(t:3, i:20), leaderCommit=16, initializing? false, entries: <empty>
2019-09-10 22:55:25,173 [java.util.concurrent.ThreadPoolExecutor$Worker@15fc1543[State = -1, empty queue]] WARN  server.GrpcLogAppender (GrpcLogAppender.java:timeoutAppendRequest(200)) - cd8a5650-cbc3-492b-920c-c46f29e91709@group-05F713A51810->c564eaa4-7051-4a7d-897f-7be2f6aee35d-GrpcLogAppender: appendEntries Timeout, request=cd8a5650-cbc3-492b-920c-c46f29e91709->c564eaa4-7051-4a7d-897f-7be2f6aee35d#49-t3, previous=(t:3, i:20), leaderCommit=16, initializing? false, entries: <empty>
2019-09-10 22:55:25,173 [java.util.concurrent.ThreadPoolExecutor$Worker@26e891cb[State = -1, empty queue]] WARN  server.GrpcLogAppender (GrpcLogAppender.java:timeoutAppendRequest(200)) - cd8a5650-cbc3-492b-920c-c46f29e91709@group-05F713A51810->06814ee9-24b9-4aa5-b290-a3e9e2a386ef-GrpcLogAppender: appendEntries Timeout, request=cd8a5650-cbc3-492b-920c-c46f29e91709->06814ee9-24b9-4aa5-b290-a3e9e2a386ef#49-t3, previous=(t:3, i:20), leaderCommit=16, initializing? false, entries: <empty>
2019-09-10 22:55:25,674 [java.util.concurrent.ThreadPoolExecutor$Worker@26e891cb[State = -1, empty queue]] WARN  server.GrpcLogAppender (GrpcLogAppender.java:timeoutAppendRequest(200)) - cd8a5650-cbc3-492b-920c-c46f29e91709@group-05F713A51810->06814ee9-24b9-4aa5-b290-a3e9e2a386ef-GrpcLogAppender: appendEntries Timeout, request=cd8a5650-cbc3-492b-920c-c46f29e91709->06814ee9-24b9-4aa5-b290-a3e9e2a386ef#50-t3, previous=(t:3, i:20), leaderCommit=16, initializing? false, entries: <empty>
2019-09-10 22:55:25,674 [java.util.concurrent.ThreadPoolExecutor$Worker@15fc1543[State = -1, empty queue]] WARN  server.GrpcLogAppender (GrpcLogAppender.java:timeoutAppendRequest(200)) - cd8a5650-cbc3-492b-920c-c46f29e91709@group-05F713A51810->c564eaa4-7051-4a7d-897f-7be2f6aee35d-GrpcLogAppender: appendEntries Timeout, request=cd8a5650-cbc3-492b-920c-c46f29e91709->c564eaa4-7051-4a7d-897f-7be2f6aee35d#50-t3, previous=(t:3, i:20), leaderCommit=16, initializing? false, entries: <empty>
2019-09-10 22:55:26,175 [java.util.concurrent.ThreadPoolExecutor$Worker@15fc1543[State = -1, empty queue]] WARN  server.GrpcLogAppender (GrpcLogAppender.java:timeoutAppendRequest(200)) - cd8a5650-cbc3-492b-920c-c46f29e91709@group-05F713A51810->c564eaa4-7051-4a7d-897f-7be2f6aee35d-GrpcLogAppender: appendEntries Timeout, request=cd8a5650-cbc3-492b-920c-c46f29e91709->c564eaa4-7051-4a7d-897f-7be2f6aee35d#51-t3, previous=(t:3, i:20), leaderCommit=16, initializing? false, entries: <empty>
2019-09-10 22:55:26,175 [java.util.concurrent.ThreadPoolExecutor$Worker@26e891cb[State = -1, empty queue]] WARN  server.GrpcLogAppender (GrpcLogAppender.java:timeoutAppendRequest(200)) - cd8a5650-cbc3-492b-920c-c46f29e91709@group-05F713A51810->06814ee9-24b9-4aa5-b290-a3e9e2a386ef-GrpcLogAppender: appendEntries Timeout, request=cd8a5650-cbc3-492b-920c-c46f29e91709->06814ee9-24b9-4aa5-b290-a3e9e2a386ef#51-t3, previous=(t:3, i:20), leaderCommit=16, initializing? false, entries: <empty>
2019-09-10 22:55:26,675 [java.util.concurrent.ThreadPoolExecutor$Worker@26e891cb[State = -1, empty queue]] WARN  server.GrpcLogAppender (GrpcLogAppender.java:timeoutAppendRequest(200)) - cd8a5650-cbc3-492b-920c-c46f29e91709@group-05F713A51810->06814ee9-24b9-4aa5-b290-a3e9e2a386ef-GrpcLogAppender: appendEntries Timeout, request=cd8a5650-cbc3-492b-920c-c46f29e91709->06814ee9-24b9-4aa5-b290-a3e9e2a386ef#52-t3, previous=(t:3, i:20), leaderCommit=16, initializing? false, entries: <empty>
2019-09-10 22:55:26,675 [java.util.concurrent.ThreadPoolExecutor$Worker@15fc1543[State = -1, empty queue]] WARN  server.GrpcLogAppender (GrpcLogAppender.java:timeoutAppendRequest(200)) - cd8a5650-cbc3-492b-920c-c46f29e91709@group-05F713A51810->c564eaa4-7051-4a7d-897f-7be2f6aee35d-GrpcLogAppender: appendEntries Timeout, request=cd8a5650-cbc3-492b-920c-c46f29e91709->c564eaa4-7051-4a7d-897f-7be2f6aee35d#52-t3, previous=(t:3, i:20), leaderCommit=16, initializing? false, entries: <empty>
2019-09-10 22:55:26,925 [main] WARN  io.KeyOutputStream (KeyOutputStream.java:handleException(276)) - Encountered exception java.io.IOException: Unexpected Storage Container Exception: java.util.concurrent.CompletionException: java.util.concurrent.CompletionException: org.apache.ratis.protocol.RaftRetryFailureException: Failed RaftClientRequest:client-559D44C1B0F8->cd8a5650-cbc3-492b-920c-c46f29e91709@group-05F713A51810, cid=29, seq=9*, RW, org.apache.hadoop.hdds.scm.XceiverClientRatis$$Lambda$493/1069131391@487abf85 for 10 attempts with RetryLimited(maxAttempts=10, sleepTime=1000ms) on the pipeline Pipeline[ Id: 8e72557a-6eb0-4d45-a7c1-05f713a51810, Nodes: cd8a5650-cbc3-492b-920c-c46f29e91709{ip: 192.168.34.57, host: pr-hdds-2106-sk2jr-1188266228, networkLocation: /default-rack, certSerialId: null}06814ee9-24b9-4aa5-b290-a3e9e2a386ef{ip: 192.168.34.57, host: pr-hdds-2106-sk2jr-1188266228, networkLocation: /default-rack, certSerialId: null}c564eaa4-7051-4a7d-897f-7be2f6aee35d{ip: 192.168.34.57, host: pr-hdds-2106-sk2jr-1188266228, networkLocation: /default-rack, certSerialId: null}, Type:RATIS, Factor:THREE, State:OPEN]. The last committed block length is 0, uncommitted data length is 2097152 retry count 0
2019-09-10 22:55:26,983 [grpc-default-executor-2] INFO  client.GrpcClientProtocolClient (GrpcClientProtocolClient.java:onNext(264)) - client-952E3BCC9DDC->85b41e89-4cf3-40c5-bca2-fe675a128b85: receive RaftClientReply:client-952E3BCC9DDC->85b41e89-4cf3-40c5-bca2-fe675a128b85@group-4AD3EF8E1477, cid=33, FAILED org.apache.ratis.protocol.NotLeaderException: Server 85b41e89-4cf3-40c5-bca2-fe675a128b85@group-4AD3EF8E1477 is not the leader 61a249ca-8039-4b42-99f2-11fda8dbfc88:192.168.34.57:42650, logIndex=0, commits[85b41e89-4cf3-40c5-bca2-fe675a128b85:c0, aaf3f7d3-af27-4405-89a7-731c9150da26:c0, 61a249ca-8039-4b42-99f2-11fda8dbfc88:c0]
2019-09-10 22:55:27,113 [grpc-default-executor-2] INFO  client.GrpcClientProtocolClient (GrpcClientProtocolClient.java:onNext(264)) - client-952E3BCC9DDC->61a249ca-8039-4b42-99f2-11fda8dbfc88: receive RaftClientReply:client-952E3BCC9DDC->61a249ca-8039-4b42-99f2-11fda8dbfc88@group-4AD3EF8E1477, cid=33, SUCCESS, logIndex=1, commits[61a249ca-8039-4b42-99f2-11fda8dbfc88:c1, aaf3f7d3-af27-4405-89a7-731c9150da26:c0, 85b41e89-4cf3-40c5-bca2-fe675a128b85:c0]
2019-09-10 22:55:27,178 [java.util.concurrent.ThreadPoolExecutor$Worker@26e891cb[State = -1, empty queue]] WARN  server.GrpcLogAppender (GrpcLogAppender.java:timeoutAppendRequest(200)) - cd8a5650-cbc3-492b-920c-c46f29e91709@group-05F713A51810->06814ee9-24b9-4aa5-b290-a3e9e2a386ef-GrpcLogAppender: appendEntries Timeout, request=cd8a5650-cbc3-492b-920c-c46f29e91709->06814ee9-24b9-4aa5-b290-a3e9e2a386ef#53-t3, previous=(t:3, i:20), leaderCommit=16, initializing? false, entries: <empty>
2019-09-10 22:55:27,178 [java.util.concurrent.ThreadPoolExecutor$Worker@15fc1543[State = -1, empty queue]] WARN  server.GrpcLogAppender (GrpcLogAppender.java:timeoutAppendRequest(200)) - cd8a5650-cbc3-492b-920c-c46f29e91709@group-05F713A51810->c564eaa4-7051-4a7d-897f-7be2f6aee35d-GrpcLogAppender: appendEntries Timeout, request=cd8a5650-cbc3-492b-920c-c46f29e91709->c564eaa4-7051-4a7d-897f-7be2f6aee35d#53-t3, previous=(t:3, i:20), leaderCommit=16, initializing? false, entries: <empty>
2019-09-10 22:55:27,189 [grpc-default-executor-3] INFO  client.GrpcClientProtocolClient (GrpcClientProtocolClient.java:onNext(264)) - client-952E3BCC9DDC->61a249ca-8039-4b42-99f2-11fda8dbfc88: receive RaftClientReply:client-952E3BCC9DDC->61a249ca-8039-4b42-99f2-11fda8dbfc88@group-4AD3EF8E1477, cid=34, SUCCESS, logIndex=3, commits[61a249ca-8039-4b42-99f2-11fda8dbfc88:c6, aaf3f7d3-af27-4405-89a7-731c9150da26:c3, 85b41e89-4cf3-40c5-bca2-fe675a128b85:c3]
2019-09-10 22:55:27,190 [grpc-default-executor-3] INFO  client.GrpcClientProtocolClient (GrpcClientProtocolClient.java:onNext(264)) - client-952E3BCC9DDC->61a249ca-8039-4b42-99f2-11fda8dbfc88: receive RaftClientReply:client-952E3BCC9DDC->61a249ca-8039-4b42-99f2-11fda8dbfc88@group-4AD3EF8E1477, cid=35, SUCCESS, logIndex=4, commits[61a249ca-8039-4b42-99f2-11fda8dbfc88:c7, aaf3f7d3-af27-4405-89a7-731c9150da26:c3, 85b41e89-4cf3-40c5-bca2-fe675a128b85:c6]
2019-09-10 22:55:27,219 [grpc-default-executor-3] INFO  client.GrpcClientProtocolClient (GrpcClientProtocolClient.java:onNext(264)) - client-952E3BCC9DDC->61a249ca-8039-4b42-99f2-11fda8dbfc88: receive RaftClientReply:client-952E3BCC9DDC->61a249ca-8039-4b42-99f2-11fda8dbfc88@group-4AD3EF8E1477, cid=36, SUCCESS, logIndex=5, commits[61a249ca-8039-4b42-99f2-11fda8dbfc88:c7, aaf3f7d3-af27-4405-89a7-731c9150da26:c6, 85b41e89-4cf3-40c5-bca2-fe675a128b85:c6]
2019-09-10 22:55:27,259 [grpc-default-executor-3] INFO  client.GrpcClientProtocolClient (GrpcClientProtocolClient.java:onNext(264)) - client-952E3BCC9DDC->61a249ca-8039-4b42-99f2-11fda8dbfc88: receive RaftClientReply:client-952E3BCC9DDC->61a249ca-8039-4b42-99f2-11fda8dbfc88@group-4AD3EF8E1477, cid=37, SUCCESS, logIndex=8, commits[61a249ca-8039-4b42-99f2-11fda8dbfc88:c9, aaf3f7d3-af27-4405-89a7-731c9150da26:c7, 85b41e89-4cf3-40c5-bca2-fe675a128b85:c7]
2019-09-10 22:55:27,260 [grpc-default-executor-3] INFO  client.GrpcClientProtocolClient (GrpcClientProtocolClient.java:onNext(264)) - client-952E3BCC9DDC->61a249ca-8039-4b42-99f2-11fda8dbfc88: receive RaftClientReply:client-952E3BCC9DDC->61a249ca-8039-4b42-99f2-11fda8dbfc88@group-4AD3EF8E1477, cid=38, SUCCESS, logIndex=9, commits[61a249ca-8039-4b42-99f2-11fda8dbfc88:c9, aaf3f7d3-af27-4405-89a7-731c9150da26:c7, 85b41e89-4cf3-40c5-bca2-fe675a128b85:c7]
2019-09-10 22:55:27,266 [grpc-default-executor-3] INFO  client.GrpcClientProtocolClient (GrpcClientProtocolClient.java:onNext(264)) - client-952E3BCC9DDC->61a249ca-8039-4b42-99f2-11fda8dbfc88: receive RaftClientReply:client-952E3BCC9DDC->61a249ca-8039-4b42-99f2-11fda8dbfc88@group-4AD3EF8E1477, cid=39, SUCCESS, logIndex=10, commits[61a249ca-8039-4b42-99f2-11fda8dbfc88:c13, aaf3f7d3-af27-4405-89a7-731c9150da26:c7, 85b41e89-4cf3-40c5-bca2-fe675a128b85:c9]
2019-09-10 22:55:27,268 [grpc-default-executor-3] INFO  client.GrpcClientProtocolClient (GrpcClientProtocolClient.java:onNext(264)) - client-952E3BCC9DDC->61a249ca-8039-4b42-99f2-11fda8dbfc88: receive RaftClientReply:client-952E3BCC9DDC->61a249ca-8039-4b42-99f2-11fda8dbfc88@group-4AD3EF8E1477, cid=40, SUCCESS, logIndex=11, commits[61a249ca-8039-4b42-99f2-11fda8dbfc88:c13, aaf3f7d3-af27-4405-89a7-731c9150da26:c7, 85b41e89-4cf3-40c5-bca2-fe675a128b85:c9]
2019-09-10 22:55:27,273 [grpc-default-executor-3] INFO  client.GrpcClientProtocolClient (GrpcClientProtocolClient.java:onNext(264)) - client-952E3BCC9DDC->61a249ca-8039-4b42-99f2-11fda8dbfc88: receive RaftClientReply:client-952E3BCC9DDC->61a249ca-8039-4b42-99f2-11fda8dbfc88@group-4AD3EF8E1477, cid=41, SUCCESS, logIndex=0, commits[61a249ca-8039-4b42-99f2-11fda8dbfc88:c14, aaf3f7d3-af27-4405-89a7-731c9150da26:c10, 85b41e89-4cf3-40c5-bca2-fe675a128b85:c10]
2019-09-10 22:55:27,678 [java.util.concurrent.ThreadPoolExecutor$Worker@26e891cb[State = -1, empty queue]] WARN  server.GrpcLogAppender (GrpcLogAppender.java:timeoutAppendRequest(200)) - cd8a5650-cbc3-492b-920c-c46f29e91709@group-05F713A51810->06814ee9-24b9-4aa5-b290-a3e9e2a386ef-GrpcLogAppender: appendEntries Timeout, request=cd8a5650-cbc3-492b-920c-c46f29e91709->06814ee9-24b9-4aa5-b290-a3e9e2a386ef#54-t3, previous=(t:3, i:20), leaderCommit=16, initializing? false, entries: <empty>
2019-09-10 22:55:27,678 [java.util.concurrent.ThreadPoolExecutor$Worker@15fc1543[State = -1, empty queue]] WARN  server.GrpcLogAppender (GrpcLogAppender.java:timeoutAppendRequest(200)) - cd8a5650-cbc3-492b-920c-c46f29e91709@group-05F713A51810->c564eaa4-7051-4a7d-897f-7be2f6aee35d-GrpcLogAppender: appendEntries Timeout, request=cd8a5650-cbc3-492b-920c-c46f29e91709->c564eaa4-7051-4a7d-897f-7be2f6aee35d#54-t3, previous=(t:3, i:20), leaderCommit=16, initializing? false, entries: <empty>
2019-09-10 22:55:27,790 [grpc-default-executor-4] INFO  client.GrpcClientProtocolClient (GrpcClientProtocolClient.java:onNext(264)) - client-952E3BCC9DDC->61a249ca-8039-4b42-99f2-11fda8dbfc88: receive RaftClientReply:client-952E3BCC9DDC->61a249ca-8039-4b42-99f2-11fda8dbfc88@group-4AD3EF8E1477, cid=42, SUCCESS, logIndex=0, commits[61a249ca-8039-4b42-99f2-11fda8dbfc88:c14, aaf3f7d3-af27-4405-89a7-731c9150da26:c14, 85b41e89-4cf3-40c5-bca2-fe675a128b85:c14]
2019-09-10 22:55:28,179 [java.util.concurrent.ThreadPoolExecutor$Worker@26e891cb[State = -1, empty queue]] WARN  server.GrpcLogAppender (GrpcLogAppender.java:timeoutAppendRequest(200)) - cd8a5650-cbc3-492b-920c-c46f29e91709@group-05F713A51810->06814ee9-24b9-4aa5-b290-a3e9e2a386ef-GrpcLogAppender: appendEntries Timeout, request=cd8a5650-cbc3-492b-920c-c46f29e91709->06814ee9-24b9-4aa5-b290-a3e9e2a386ef#55-t3, previous=(t:3, i:20), leaderCommit=16, initializing? false, entries: <empty>
2019-09-10 22:55:28,179 [java.util.concurrent.ThreadPoolExecutor$Worker@15fc1543[State = -1, empty queue]] WARN  server.GrpcLogAppender (GrpcLogAppender.java:timeoutAppendRequest(200)) - cd8a5650-cbc3-492b-920c-c46f29e91709@group-05F713A51810->c564eaa4-7051-4a7d-897f-7be2f6aee35d-GrpcLogAppender: appendEntries Timeout, request=cd8a5650-cbc3-492b-920c-c46f29e91709->c564eaa4-7051-4a7d-897f-7be2f6aee35d#55-t3, previous=(t:3, i:20), leaderCommit=16, initializing? false, entries: <empty>
2019-09-10 22:55:28,679 [java.util.concurrent.ThreadPoolExecutor$Worker@15fc1543[State = -1, empty queue]] WARN  server.GrpcLogAppender (GrpcLogAppender.java:timeoutAppendRequest(200)) - cd8a5650-cbc3-492b-920c-c46f29e91709@group-05F713A51810->c564eaa4-7051-4a7d-897f-7be2f6aee35d-GrpcLogAppender: appendEntries Timeout, request=cd8a5650-cbc3-492b-920c-c46f29e91709->c564eaa4-7051-4a7d-897f-7be2f6aee35d#56-t3, previous=(t:3, i:20), leaderCommit=16, initializing? false, entries: <empty>
2019-09-10 22:55:28,679 [java.util.concurrent.ThreadPoolExecutor$Worker@26e891cb[State = -1, empty queue]] WARN  server.GrpcLogAppender (GrpcLogAppender.java:timeoutAppendRequest(200)) - cd8a5650-cbc3-492b-920c-c46f29e91709@group-05F713A51810->06814ee9-24b9-4aa5-b290-a3e9e2a386ef-GrpcLogAppender: appendEntries Timeout, request=cd8a5650-cbc3-492b-920c-c46f29e91709->06814ee9-24b9-4aa5-b290-a3e9e2a386ef#56-t3, previous=(t:3, i:20), leaderCommit=16, initializing? false, entries: <empty>
2019-09-10 22:55:28,715 [cd8a5650-cbc3-492b-920c-c46f29e91709@group-05F713A51810-SegmentedRaftLogWorker] WARN  segmented.SegmentedRaftLogWorker (SegmentedRaftLogWorker.java:getFromFuture(90)) - Timeout 1/~
org.apache.ratis.protocol.TimeoutIOException: Timeout 10s: WriteLog:19: (t:3, i:19), STATEMACHINELOGENTRY, client-559D44C1B0F8, cid=31-writeStateMachineData
	at org.apache.ratis.util.IOUtils.getFromFuture(IOUtils.java:87)
	at org.apache.ratis.server.raftlog.segmented.SegmentedRaftLogWorker$StateMachineDataPolicy.getFromFuture(SegmentedRaftLogWorker.java:87)
	at org.apache.ratis.server.raftlog.segmented.SegmentedRaftLogWorker$WriteLog.execute(SegmentedRaftLogWorker.java:477)
	at org.apache.ratis.server.raftlog.segmented.SegmentedRaftLogWorker.run(SegmentedRaftLogWorker.java:289)
	at java.lang.Thread.run(Thread.java:748)
Caused by: java.util.concurrent.TimeoutException
	at java.util.concurrent.CompletableFuture.timedGet(CompletableFuture.java:1771)
	at java.util.concurrent.CompletableFuture.get(CompletableFuture.java:1915)
	at org.apache.ratis.util.IOUtils.getFromFuture(IOUtils.java:79)
	... 4 more
2019-09-10 22:55:28,716 [c564eaa4-7051-4a7d-897f-7be2f6aee35d@group-05F713A51810-SegmentedRaftLogWorker] WARN  segmented.SegmentedRaftLogWorker (SegmentedRaftLogWorker.java:getFromFuture(90)) - Timeout 1/~
org.apache.ratis.protocol.TimeoutIOException: Timeout 10s: WriteLog:19: (t:3, i:19), STATEMACHINELOGENTRY, client-559D44C1B0F8, cid=31-writeStateMachineData
	at org.apache.ratis.util.IOUtils.getFromFuture(IOUtils.java:87)
	at org.apache.ratis.server.raftlog.segmented.SegmentedRaftLogWorker$StateMachineDataPolicy.getFromFuture(SegmentedRaftLogWorker.java:87)
	at org.apache.ratis.server.raftlog.segmented.SegmentedRaftLogWorker$WriteLog.execute(SegmentedRaftLogWorker.java:477)
	at org.apache.ratis.server.raftlog.segmented.SegmentedRaftLogWorker.run(SegmentedRaftLogWorker.java:289)
	at java.lang.Thread.run(Thread.java:748)
Caused by: java.util.concurrent.TimeoutException
	at java.util.concurrent.CompletableFuture.timedGet(CompletableFuture.java:1771)
	at java.util.concurrent.CompletableFuture.get(CompletableFuture.java:1915)
	at org.apache.ratis.util.IOUtils.getFromFuture(IOUtils.java:79)
	... 4 more
2019-09-10 22:55:28,716 [06814ee9-24b9-4aa5-b290-a3e9e2a386ef@group-05F713A51810-SegmentedRaftLogWorker] WARN  segmented.SegmentedRaftLogWorker (SegmentedRaftLogWorker.java:getFromFuture(90)) - Timeout 1/~
org.apache.ratis.protocol.TimeoutIOException: Timeout 10s: WriteLog:19: (t:3, i:19), STATEMACHINELOGENTRY, client-559D44C1B0F8, cid=31-writeStateMachineData
	at org.apache.ratis.util.IOUtils.getFromFuture(IOUtils.java:87)
	at org.apache.ratis.server.raftlog.segmented.SegmentedRaftLogWorker$StateMachineDataPolicy.getFromFuture(SegmentedRaftLogWorker.java:87)
	at org.apache.ratis.server.raftlog.segmented.SegmentedRaftLogWorker$WriteLog.execute(SegmentedRaftLogWorker.java:477)
	at org.apache.ratis.server.raftlog.segmented.SegmentedRaftLogWorker.run(SegmentedRaftLogWorker.java:289)
	at java.lang.Thread.run(Thread.java:748)
Caused by: java.util.concurrent.TimeoutException
	at java.util.concurrent.CompletableFuture.timedGet(CompletableFuture.java:1771)
	at java.util.concurrent.CompletableFuture.get(CompletableFuture.java:1915)
	at org.apache.ratis.util.IOUtils.getFromFuture(IOUtils.java:79)
	... 4 more
2019-09-10 22:55:29,180 [java.util.concurrent.ThreadPoolExecutor$Worker@15fc1543[State = -1, empty queue]] WARN  server.GrpcLogAppender (GrpcLogAppender.java:timeoutAppendRequest(200)) - cd8a5650-cbc3-492b-920c-c46f29e91709@group-05F713A51810->c564eaa4-7051-4a7d-897f-7be2f6aee35d-GrpcLogAppender: appendEntries Timeout, request=cd8a5650-cbc3-492b-920c-c46f29e91709->c564eaa4-7051-4a7d-897f-7be2f6aee35d#57-t3, previous=(t:3, i:20), leaderCommit=16, initializing? false, entries: <empty>
2019-09-10 22:55:29,180 [java.util.concurrent.ThreadPoolExecutor$Worker@26e891cb[State = -1, empty queue]] WARN  server.GrpcLogAppender (GrpcLogAppender.java:timeoutAppendRequest(200)) - cd8a5650-cbc3-492b-920c-c46f29e91709@group-05F713A51810->06814ee9-24b9-4aa5-b290-a3e9e2a386ef-GrpcLogAppender: appendEntries Timeout, request=cd8a5650-cbc3-492b-920c-c46f29e91709->06814ee9-24b9-4aa5-b290-a3e9e2a386ef#57-t3, previous=(t:3, i:20), leaderCommit=16, initializing? false, entries: <empty>
2019-09-10 22:55:29,680 [java.util.concurrent.ThreadPoolExecutor$Worker@15fc1543[State = -1, empty queue]] WARN  server.GrpcLogAppender (GrpcLogAppender.java:timeoutAppendRequest(200)) - cd8a5650-cbc3-492b-920c-c46f29e91709@group-05F713A51810->c564eaa4-7051-4a7d-897f-7be2f6aee35d-GrpcLogAppender: appendEntries Timeout, request=cd8a5650-cbc3-492b-920c-c46f29e91709->c564eaa4-7051-4a7d-897f-7be2f6aee35d#58-t3, previous=(t:3, i:20), leaderCommit=16, initializing? false, entries: <empty>
2019-09-10 22:55:29,680 [java.util.concurrent.ThreadPoolExecutor$Worker@26e891cb[State = -1, empty queue]] WARN  server.GrpcLogAppender (GrpcLogAppender.java:timeoutAppendRequest(200)) - cd8a5650-cbc3-492b-920c-c46f29e91709@group-05F713A51810->06814ee9-24b9-4aa5-b290-a3e9e2a386ef-GrpcLogAppender: appendEntries Timeout, request=cd8a5650-cbc3-492b-920c-c46f29e91709->06814ee9-24b9-4aa5-b290-a3e9e2a386ef#58-t3, previous=(t:3, i:20), leaderCommit=16, initializing? false, entries: <empty>
2019-09-10 22:55:30,183 [java.util.concurrent.ThreadPoolExecutor$Worker@15fc1543[State = -1, empty queue]] WARN  server.GrpcLogAppender (GrpcLogAppender.java:timeoutAppendRequest(200)) - cd8a5650-cbc3-492b-920c-c46f29e91709@group-05F713A51810->c564eaa4-7051-4a7d-897f-7be2f6aee35d-GrpcLogAppender: appendEntries Timeout, request=cd8a5650-cbc3-492b-920c-c46f29e91709->c564eaa4-7051-4a7d-897f-7be2f6aee35d#59-t3, previous=(t:3, i:20), leaderCommit=16, initializing? false, entries: <empty>
2019-09-10 22:55:30,183 [java.util.concurrent.ThreadPoolExecutor$Worker@26e891cb[State = -1, empty queue]] WARN  server.GrpcLogAppender (GrpcLogAppender.java:timeoutAppendRequest(200)) - cd8a5650-cbc3-492b-920c-c46f29e91709@group-05F713A51810->06814ee9-24b9-4aa5-b290-a3e9e2a386ef-GrpcLogAppender: appendEntries Timeout, request=cd8a5650-cbc3-492b-920c-c46f29e91709->06814ee9-24b9-4aa5-b290-a3e9e2a386ef#59-t3, previous=(t:3, i:20), leaderCommit=16, initializing? false, entries: <empty>
2019-09-10 22:55:30,683 [java.util.concurrent.ThreadPoolExecutor$Worker@15fc1543[State = -1, empty queue]] WARN  server.GrpcLogAppender (GrpcLogAppender.java:timeoutAppendRequest(200)) - cd8a5650-cbc3-492b-920c-c46f29e91709@group-05F713A51810->c564eaa4-7051-4a7d-897f-7be2f6aee35d-GrpcLogAppender: appendEntries Timeout, request=cd8a5650-cbc3-492b-920c-c46f29e91709->c564eaa4-7051-4a7d-897f-7be2f6aee35d#60-t3, previous=(t:3, i:20), leaderCommit=16, initializing? false, entries: <empty>
2019-09-10 22:55:30,683 [java.util.concurrent.ThreadPoolExecutor$Worker@26e891cb[State = -1, empty queue]] WARN  server.GrpcLogAppender (GrpcLogAppender.java:timeoutAppendRequest(200)) - cd8a5650-cbc3-492b-920c-c46f29e91709@group-05F713A51810->06814ee9-24b9-4aa5-b290-a3e9e2a386ef-GrpcLogAppender: appendEntries Timeout, request=cd8a5650-cbc3-492b-920c-c46f29e91709->06814ee9-24b9-4aa5-b290-a3e9e2a386ef#60-t3, previous=(t:3, i:20), leaderCommit=16, initializing? false, entries: <empty>
2019-09-10 22:55:30,812 [java.util.concurrent.ThreadPoolExecutor$Worker@7de6dcaa[State = -1, empty queue]] WARN  server.GrpcLogAppender (GrpcLogAppender.java:timeoutAppendRequest(200)) - 61a249ca-8039-4b42-99f2-11fda8dbfc88@group-4AD3EF8E1477->aaf3f7d3-af27-4405-89a7-731c9150da26-GrpcLogAppender: appendEntries Timeout, request=61a249ca-8039-4b42-99f2-11fda8dbfc88->aaf3f7d3-af27-4405-89a7-731c9150da26#55-t2, previous=(t:2, i:14), leaderCommit=14, initializing? false, entries: size=1, first=(t:2, i:15), STATEMACHINELOGENTRY, client-952E3BCC9DDC, cid=43
2019-09-10 22:55:30,812 [java.util.concurrent.ThreadPoolExecutor$Worker@8fceac1[State = -1, empty queue]] WARN  server.GrpcLogAppender (GrpcLogAppender.java:timeoutAppendRequest(200)) - 61a249ca-8039-4b42-99f2-11fda8dbfc88@group-4AD3EF8E1477->85b41e89-4cf3-40c5-bca2-fe675a128b85-GrpcLogAppender: appendEntries Timeout, request=61a249ca-8039-4b42-99f2-11fda8dbfc88->85b41e89-4cf3-40c5-bca2-fe675a128b85#55-t2, previous=(t:2, i:14), leaderCommit=14, initializing? false, entries: size=1, first=(t:2, i:15), STATEMACHINELOGENTRY, client-952E3BCC9DDC, cid=43
2019-09-10 22:55:30,812 [java.util.concurrent.ThreadPoolExecutor$Worker@7de6dcaa[State = -1, empty queue]] WARN  server.GrpcLogAppender (GrpcLogAppender.java:timeoutAppendRequest(200)) - 61a249ca-8039-4b42-99f2-11fda8dbfc88@group-4AD3EF8E1477->aaf3f7d3-af27-4405-89a7-731c9150da26-GrpcLogAppender: appendEntries Timeout, request=61a249ca-8039-4b42-99f2-11fda8dbfc88->aaf3f7d3-af27-4405-89a7-731c9150da26#56-t2, previous=(t:2, i:15), leaderCommit=14, initializing? false, entries: size=1, first=(t:2, i:16), STATEMACHINELOGENTRY, client-952E3BCC9DDC, cid=44
2019-09-10 22:55:30,817 [java.util.concurrent.ThreadPoolExecutor$Worker@8fceac1[State = -1, empty queue]] WARN  server.GrpcLogAppender (GrpcLogAppender.java:timeoutAppendRequest(200)) - 61a249ca-8039-4b42-99f2-11fda8dbfc88@group-4AD3EF8E1477->85b41e89-4cf3-40c5-bca2-fe675a128b85-GrpcLogAppender: appendEntries Timeout, request=61a249ca-8039-4b42-99f2-11fda8dbfc88->85b41e89-4cf3-40c5-bca2-fe675a128b85#56-t2, previous=(t:2, i:15), leaderCommit=14, initializing? false, entries: size=1, first=(t:2, i:16), STATEMACHINELOGENTRY, client-952E3BCC9DDC, cid=44
2019-09-10 22:55:30,830 [java.util.concurrent.ThreadPoolExecutor$Worker@7de6dcaa[State = -1, empty queue]] WARN  server.GrpcLogAppender (GrpcLogAppender.java:timeoutAppendRequest(200)) - 61a249ca-8039-4b42-99f2-11fda8dbfc88@group-4AD3EF8E1477->aaf3f7d3-af27-4405-89a7-731c9150da26-GrpcLogAppender: appendEntries Timeout, request=61a249ca-8039-4b42-99f2-11fda8dbfc88->aaf3f7d3-af27-4405-89a7-731c9150da26#57-t2, previous=(t:2, i:16), leaderCommit=14, initializing? false, entries: size=1, first=(t:2, i:17), STATEMACHINELOGENTRY, client-952E3BCC9DDC, cid=45
2019-09-10 22:55:30,830 [java.util.concurrent.ThreadPoolExecutor$Worker@8fceac1[State = -1, empty queue]] WARN  server.GrpcLogAppender (GrpcLogAppender.java:timeoutAppendRequest(200)) - 61a249ca-8039-4b42-99f2-11fda8dbfc88@group-4AD3EF8E1477->85b41e89-4cf3-40c5-bca2-fe675a128b85-GrpcLogAppender: appendEntries Timeout, request=61a249ca-8039-4b42-99f2-11fda8dbfc88->85b41e89-4cf3-40c5-bca2-fe675a128b85#57-t2, previous=(t:2, i:16), leaderCommit=14, initializing? false, entries: size=1, first=(t:2, i:17), STATEMACHINELOGENTRY, client-952E3BCC9DDC, cid=45
2019-09-10 22:55:30,836 [java.util.concurrent.ThreadPoolExecutor$Worker@7de6dcaa[State = -1, empty queue]] WARN  server.GrpcLogAppender (GrpcLogAppender.java:timeoutAppendRequest(200)) - 61a249ca-8039-4b42-99f2-11fda8dbfc88@group-4AD3EF8E1477->aaf3f7d3-af27-4405-89a7-731c9150da26-GrpcLogAppender: appendEntries Timeout, request=61a249ca-8039-4b42-99f2-11fda8dbfc88->aaf3f7d3-af27-4405-89a7-731c9150da26#58-t2, previous=(t:2, i:17), leaderCommit=14, initializing? false, entries: size=1, first=(t:2, i:18), STATEMACHINELOGENTRY, client-952E3BCC9DDC, cid=46
2019-09-10 22:55:30,840 [java.util.concurrent.ThreadPoolExecutor$Worker@8fceac1[State = -1, empty queue]] WARN  server.GrpcLogAppender (GrpcLogAppender.java:timeoutAppendRequest(200)) - 61a249ca-8039-4b42-99f2-11fda8dbfc88@group-4AD3EF8E1477->85b41e89-4cf3-40c5-bca2-fe675a128b85-GrpcLogAppender: appendEntries Timeout, request=61a249ca-8039-4b42-99f2-11fda8dbfc88->85b41e89-4cf3-40c5-bca2-fe675a128b85#58-t2, previous=(t:2, i:17), leaderCommit=14, initializing? false, entries: size=1, first=(t:2, i:18), STATEMACHINELOGENTRY, client-952E3BCC9DDC, cid=46
2019-09-10 22:55:31,184 [java.util.concurrent.ThreadPoolExecutor$Worker@15fc1543[State = -1, empty queue]] WARN  server.GrpcLogAppender (GrpcLogAppender.java:timeoutAppendRequest(200)) - cd8a5650-cbc3-492b-920c-c46f29e91709@group-05F713A51810->c564eaa4-7051-4a7d-897f-7be2f6aee35d-GrpcLogAppender: appendEntries Timeout, request=cd8a5650-cbc3-492b-920c-c46f29e91709->c564eaa4-7051-4a7d-897f-7be2f6aee35d#61-t3, previous=(t:3, i:20), leaderCommit=16, initializing? false, entries: <empty>
2019-09-10 22:55:31,189 [java.util.concurrent.ThreadPoolExecutor$Worker@26e891cb[State = -1, empty queue]] WARN  server.GrpcLogAppender (GrpcLogAppender.java:timeoutAppendRequest(200)) - cd8a5650-cbc3-492b-920c-c46f29e91709@group-05F713A51810->06814ee9-24b9-4aa5-b290-a3e9e2a386ef-GrpcLogAppender: appendEntries Timeout, request=cd8a5650-cbc3-492b-920c-c46f29e91709->06814ee9-24b9-4aa5-b290-a3e9e2a386ef#61-t3, previous=(t:3, i:20), leaderCommit=16, initializing? false, entries: <empty>
2019-09-10 22:55:31,331 [java.util.concurrent.ThreadPoolExecutor$Worker@7de6dcaa[State = -1, empty queue]] WARN  server.GrpcLogAppender (GrpcLogAppender.java:timeoutAppendRequest(200)) - 61a249ca-8039-4b42-99f2-11fda8dbfc88@group-4AD3EF8E1477->aaf3f7d3-af27-4405-89a7-731c9150da26-GrpcLogAppender: appendEntries Timeout, request=61a249ca-8039-4b42-99f2-11fda8dbfc88->aaf3f7d3-af27-4405-89a7-731c9150da26#59-t2, previous=(t:2, i:18), leaderCommit=14, initializing? false, entries: <empty>
2019-09-10 22:55:31,331 [java.util.concurrent.ThreadPoolExecutor$Worker@8fceac1[State = -1, empty queue]] WARN  server.GrpcLogAppender (GrpcLogAppender.java:timeoutAppendRequest(200)) - 61a249ca-8039-4b42-99f2-11fda8dbfc88@group-4AD3EF8E1477->85b41e89-4cf3-40c5-bca2-fe675a128b85-GrpcLogAppender: appendEntries Timeout, request=61a249ca-8039-4b42-99f2-11fda8dbfc88->85b41e89-4cf3-40c5-bca2-fe675a128b85#59-t2, previous=(t:2, i:18), leaderCommit=14, initializing? false, entries: <empty>
2019-09-10 22:55:31,684 [java.util.concurrent.ThreadPoolExecutor$Worker@26e891cb[State = -1, empty queue]] WARN  server.GrpcLogAppender (GrpcLogAppender.java:timeoutAppendRequest(200)) - cd8a5650-cbc3-492b-920c-c46f29e91709@group-05F713A51810->06814ee9-24b9-4aa5-b290-a3e9e2a386ef-GrpcLogAppender: appendEntries Timeout, request=cd8a5650-cbc3-492b-920c-c46f29e91709->06814ee9-24b9-4aa5-b290-a3e9e2a386ef#62-t3, previous=(t:3, i:20), leaderCommit=16, initializing? false, entries: <empty>
2019-09-10 22:55:31,685 [java.util.concurrent.ThreadPoolExecutor$Worker@15fc1543[State = -1, empty queue]] WARN  server.GrpcLogAppender (GrpcLogAppender.java:timeoutAppendRequest(200)) - cd8a5650-cbc3-492b-920c-c46f29e91709@group-05F713A51810->c564eaa4-7051-4a7d-897f-7be2f6aee35d-GrpcLogAppender: appendEntries Timeout, request=cd8a5650-cbc3-492b-920c-c46f29e91709->c564eaa4-7051-4a7d-897f-7be2f6aee35d#62-t3, previous=(t:3, i:20), leaderCommit=16, initializing? false, entries: <empty>
2019-09-10 22:55:31,831 [java.util.concurrent.ThreadPoolExecutor$Worker@8fceac1[State = -1, empty queue]] WARN  server.GrpcLogAppender (GrpcLogAppender.java:timeoutAppendRequest(200)) - 61a249ca-8039-4b42-99f2-11fda8dbfc88@group-4AD3EF8E1477->85b41e89-4cf3-40c5-bca2-fe675a128b85-GrpcLogAppender: appendEntries Timeout, request=61a249ca-8039-4b42-99f2-11fda8dbfc88->85b41e89-4cf3-40c5-bca2-fe675a128b85#60-t2, previous=(t:2, i:18), leaderCommit=14, initializing? false, entries: <empty>
2019-09-10 22:55:31,831 [java.util.concurrent.ThreadPoolExecutor$Worker@7de6dcaa[State = -1, empty queue]] WARN  server.GrpcLogAppender (GrpcLogAppender.java:timeoutAppendRequest(200)) - 61a249ca-8039-4b42-99f2-11fda8dbfc88@group-4AD3EF8E1477->aaf3f7d3-af27-4405-89a7-731c9150da26-GrpcLogAppender: appendEntries Timeout, request=61a249ca-8039-4b42-99f2-11fda8dbfc88->aaf3f7d3-af27-4405-89a7-731c9150da26#60-t2, previous=(t:2, i:18), leaderCommit=14, initializing? false, entries: <empty>
2019-09-10 22:55:32,185 [java.util.concurrent.ThreadPoolExecutor$Worker@15fc1543[State = -1, empty queue]] WARN  server.GrpcLogAppender (GrpcLogAppender.java:timeoutAppendRequest(200)) - cd8a5650-cbc3-492b-920c-c46f29e91709@group-05F713A51810->c564eaa4-7051-4a7d-897f-7be2f6aee35d-GrpcLogAppender: appendEntries Timeout, request=cd8a5650-cbc3-492b-920c-c46f29e91709->c564eaa4-7051-4a7d-897f-7be2f6aee35d#63-t3, previous=(t:3, i:20), leaderCommit=16, initializing? false, entries: <empty>
2019-09-10 22:55:32,185 [java.util.concurrent.ThreadPoolExecutor$Worker@26e891cb[State = -1, empty queue]] WARN  server.GrpcLogAppender (GrpcLogAppender.java:timeoutAppendRequest(200)) - cd8a5650-cbc3-492b-920c-c46f29e91709@group-05F713A51810->06814ee9-24b9-4aa5-b290-a3e9e2a386ef-GrpcLogAppender: appendEntries Timeout, request=cd8a5650-cbc3-492b-920c-c46f29e91709->06814ee9-24b9-4aa5-b290-a3e9e2a386ef#63-t3, previous=(t:3, i:20), leaderCommit=16, initializing? false, entries: <empty>
2019-09-10 22:55:32,331 [java.util.concurrent.ThreadPoolExecutor$Worker@8fceac1[State = -1, empty queue]] WARN  server.GrpcLogAppender (GrpcLogAppender.java:timeoutAppendRequest(200)) - 61a249ca-8039-4b42-99f2-11fda8dbfc88@group-4AD3EF8E1477->85b41e89-4cf3-40c5-bca2-fe675a128b85-GrpcLogAppender: appendEntries Timeout, request=61a249ca-8039-4b42-99f2-11fda8dbfc88->85b41e89-4cf3-40c5-bca2-fe675a128b85#61-t2, previous=(t:2, i:18), leaderCommit=14, initializing? false, entries: <empty>
2019-09-10 22:55:32,332 [java.util.concurrent.ThreadPoolExecutor$Worker@7de6dcaa[State = -1, empty queue]] WARN  server.GrpcLogAppender (GrpcLogAppender.java:timeoutAppendRequest(200)) - 61a249ca-8039-4b42-99f2-11fda8dbfc88@group-4AD3EF8E1477->aaf3f7d3-af27-4405-89a7-731c9150da26-GrpcLogAppender: appendEntries Timeout, request=61a249ca-8039-4b42-99f2-11fda8dbfc88->aaf3f7d3-af27-4405-89a7-731c9150da26#61-t2, previous=(t:2, i:18), leaderCommit=14, initializing? false, entries: <empty>
2019-09-10 22:55:32,686 [java.util.concurrent.ThreadPoolExecutor$Worker@15fc1543[State = -1, empty queue]] WARN  server.GrpcLogAppender (GrpcLogAppender.java:timeoutAppendRequest(200)) - cd8a5650-cbc3-492b-920c-c46f29e91709@group-05F713A51810->c564eaa4-7051-4a7d-897f-7be2f6aee35d-GrpcLogAppender: appendEntries Timeout, request=cd8a5650-cbc3-492b-920c-c46f29e91709->c564eaa4-7051-4a7d-897f-7be2f6aee35d#64-t3, previous=(t:3, i:20), leaderCommit=16, initializing? false, entries: <empty>
2019-09-10 22:55:32,686 [java.util.concurrent.ThreadPoolExecutor$Worker@26e891cb[State = -1, empty queue]] WARN  server.GrpcLogAppender (GrpcLogAppender.java:timeoutAppendRequest(200)) - cd8a5650-cbc3-492b-920c-c46f29e91709@group-05F713A51810->06814ee9-24b9-4aa5-b290-a3e9e2a386ef-GrpcLogAppender: appendEntries Timeout, request=cd8a5650-cbc3-492b-920c-c46f29e91709->06814ee9-24b9-4aa5-b290-a3e9e2a386ef#64-t3, previous=(t:3, i:20), leaderCommit=16, initializing? false, entries: <empty>
2019-09-10 22:55:32,833 [java.util.concurrent.ThreadPoolExecutor$Worker@8fceac1[State = -1, empty queue]] WARN  server.GrpcLogAppender (GrpcLogAppender.java:timeoutAppendRequest(200)) - 61a249ca-8039-4b42-99f2-11fda8dbfc88@group-4AD3EF8E1477->85b41e89-4cf3-40c5-bca2-fe675a128b85-GrpcLogAppender: appendEntries Timeout, request=61a249ca-8039-4b42-99f2-11fda8dbfc88->85b41e89-4cf3-40c5-bca2-fe675a128b85#62-t2, previous=(t:2, i:18), leaderCommit=14, initializing? false, entries: <empty>
2019-09-10 22:55:32,833 [java.util.concurrent.ThreadPoolExecutor$Worker@7de6dcaa[State = -1, empty queue]] WARN  server.GrpcLogAppender (GrpcLogAppender.java:timeoutAppendRequest(200)) - 61a249ca-8039-4b42-99f2-11fda8dbfc88@group-4AD3EF8E1477->aaf3f7d3-af27-4405-89a7-731c9150da26-GrpcLogAppender: appendEntries Timeout, request=61a249ca-8039-4b42-99f2-11fda8dbfc88->aaf3f7d3-af27-4405-89a7-731c9150da26#62-t2, previous=(t:2, i:18), leaderCommit=14, initializing? false, entries: <empty>
2019-09-10 22:55:32,853 [grpc-default-executor-4] INFO  client.GrpcClientProtocolClient (GrpcClientProtocolClient.java:onNext(264)) - client-952E3BCC9DDC->85b41e89-4cf3-40c5-bca2-fe675a128b85: receive RaftClientReply:client-952E3BCC9DDC->85b41e89-4cf3-40c5-bca2-fe675a128b85@group-4AD3EF8E1477, cid=43, FAILED org.apache.ratis.protocol.NotLeaderException: Server 85b41e89-4cf3-40c5-bca2-fe675a128b85@group-4AD3EF8E1477 is not the leader 61a249ca-8039-4b42-99f2-11fda8dbfc88:192.168.34.57:42650, logIndex=0, commits[85b41e89-4cf3-40c5-bca2-fe675a128b85:c14, aaf3f7d3-af27-4405-89a7-731c9150da26:c14, 61a249ca-8039-4b42-99f2-11fda8dbfc88:c14]
2019-09-10 22:55:33,186 [java.util.concurrent.ThreadPoolExecutor$Worker@26e891cb[State = -1, empty queue]] WARN  server.GrpcLogAppender (GrpcLogAppender.java:timeoutAppendRequest(200)) - cd8a5650-cbc3-492b-920c-c46f29e91709@group-05F713A51810->06814ee9-24b9-4aa5-b290-a3e9e2a386ef-GrpcLogAppender: appendEntries Timeout, request=cd8a5650-cbc3-492b-920c-c46f29e91709->06814ee9-24b9-4aa5-b290-a3e9e2a386ef#65-t3, previous=(t:3, i:20), leaderCommit=16, initializing? false, entries: <empty>
2019-09-10 22:55:33,186 [java.util.concurrent.ThreadPoolExecutor$Worker@15fc1543[State = -1, empty queue]] WARN  server.GrpcLogAppender (GrpcLogAppender.java:timeoutAppendRequest(200)) - cd8a5650-cbc3-492b-920c-c46f29e91709@group-05F713A51810->c564eaa4-7051-4a7d-897f-7be2f6aee35d-GrpcLogAppender: appendEntries Timeout, request=cd8a5650-cbc3-492b-920c-c46f29e91709->c564eaa4-7051-4a7d-897f-7be2f6aee35d#65-t3, previous=(t:3, i:20), leaderCommit=16, initializing? false, entries: <empty>
2019-09-10 22:55:33,332 [java.util.concurrent.ThreadPoolExecutor$Worker@8fceac1[State = -1, empty queue]] WARN  server.GrpcLogAppender (GrpcLogAppender.java:timeoutAppendRequest(200)) - 61a249ca-8039-4b42-99f2-11fda8dbfc88@group-4AD3EF8E1477->85b41e89-4cf3-40c5-bca2-fe675a128b85-GrpcLogAppender: appendEntries Timeout, request=61a249ca-8039-4b42-99f2-11fda8dbfc88->85b41e89-4cf3-40c5-bca2-fe675a128b85#63-t2, previous=(t:2, i:18), leaderCommit=14, initializing? false, entries: <empty>
2019-09-10 22:55:33,332 [java.util.concurrent.ThreadPoolExecutor$Worker@7de6dcaa[State = -1, empty queue]] WARN  server.GrpcLogAppender (GrpcLogAppender.java:timeoutAppendRequest(200)) - 61a249ca-8039-4b42-99f2-11fda8dbfc88@group-4AD3EF8E1477->aaf3f7d3-af27-4405-89a7-731c9150da26-GrpcLogAppender: appendEntries Timeout, request=61a249ca-8039-4b42-99f2-11fda8dbfc88->aaf3f7d3-af27-4405-89a7-731c9150da26#63-t2, previous=(t:2, i:18), leaderCommit=14, initializing? false, entries: <empty>
2019-09-10 22:55:33,686 [java.util.concurrent.ThreadPoolExecutor$Worker@15fc1543[State = -1, empty queue]] WARN  server.GrpcLogAppender (GrpcLogAppender.java:timeoutAppendRequest(200)) - cd8a5650-cbc3-492b-920c-c46f29e91709@group-05F713A51810->c564eaa4-7051-4a7d-897f-7be2f6aee35d-GrpcLogAppender: appendEntries Timeout, request=cd8a5650-cbc3-492b-920c-c46f29e91709->c564eaa4-7051-4a7d-897f-7be2f6aee35d#66-t3, previous=(t:3, i:20), leaderCommit=16, initializing? false, entries: <empty>
2019-09-10 22:55:33,686 [java.util.concurrent.ThreadPoolExecutor$Worker@26e891cb[State = -1, empty queue]] WARN  server.GrpcLogAppender (GrpcLogAppender.java:timeoutAppendRequest(200)) - cd8a5650-cbc3-492b-920c-c46f29e91709@group-05F713A51810->06814ee9-24b9-4aa5-b290-a3e9e2a386ef-GrpcLogAppender: appendEntries Timeout, request=cd8a5650-cbc3-492b-920c-c46f29e91709->06814ee9-24b9-4aa5-b290-a3e9e2a386ef#66-t3, previous=(t:3, i:20), leaderCommit=16, initializing? false, entries: <empty>
2019-09-10 22:55:33,834 [java.util.concurrent.ThreadPoolExecutor$Worker@8fceac1[State = -1, empty queue]] WARN  server.GrpcLogAppender (GrpcLogAppender.java:timeoutAppendRequest(200)) - 61a249ca-8039-4b42-99f2-11fda8dbfc88@group-4AD3EF8E1477->85b41e89-4cf3-40c5-bca2-fe675a128b85-GrpcLogAppender: appendEntries Timeout, request=61a249ca-8039-4b42-99f2-11fda8dbfc88->85b41e89-4cf3-40c5-bca2-fe675a128b85#64-t2, previous=(t:2, i:18), leaderCommit=14, initializing? false, entries: <empty>
2019-09-10 22:55:33,834 [java.util.concurrent.ThreadPoolExecutor$Worker@7de6dcaa[State = -1, empty queue]] WARN  server.GrpcLogAppender (GrpcLogAppender.java:timeoutAppendRequest(200)) - 61a249ca-8039-4b42-99f2-11fda8dbfc88@group-4AD3EF8E1477->aaf3f7d3-af27-4405-89a7-731c9150da26-GrpcLogAppender: appendEntries Timeout, request=61a249ca-8039-4b42-99f2-11fda8dbfc88->aaf3f7d3-af27-4405-89a7-731c9150da26#64-t2, previous=(t:2, i:18), leaderCommit=14, initializing? false, entries: <empty>
2019-09-10 22:55:34,189 [java.util.concurrent.ThreadPoolExecutor$Worker@15fc1543[State = -1, empty queue]] WARN  server.GrpcLogAppender (GrpcLogAppender.java:timeoutAppendRequest(200)) - cd8a5650-cbc3-492b-920c-c46f29e91709@group-05F713A51810->c564eaa4-7051-4a7d-897f-7be2f6aee35d-GrpcLogAppender: appendEntries Timeout, request=cd8a5650-cbc3-492b-920c-c46f29e91709->c564eaa4-7051-4a7d-897f-7be2f6aee35d#67-t3, previous=(t:3, i:20), leaderCommit=16, initializing? false, entries: <empty>
2019-09-10 22:55:34,189 [java.util.concurrent.ThreadPoolExecutor$Worker@26e891cb[State = -1, empty queue]] WARN  server.GrpcLogAppender (GrpcLogAppender.java:timeoutAppendRequest(200)) - cd8a5650-cbc3-492b-920c-c46f29e91709@group-05F713A51810->06814ee9-24b9-4aa5-b290-a3e9e2a386ef-GrpcLogAppender: appendEntries Timeout, request=cd8a5650-cbc3-492b-920c-c46f29e91709->06814ee9-24b9-4aa5-b290-a3e9e2a386ef#67-t3, previous=(t:3, i:20), leaderCommit=16, initializing? false, entries: <empty>
2019-09-10 22:55:34,334 [java.util.concurrent.ThreadPoolExecutor$Worker@8fceac1[State = -1, empty queue]] WARN  server.GrpcLogAppender (GrpcLogAppender.java:timeoutAppendRequest(200)) - 61a249ca-8039-4b42-99f2-11fda8dbfc88@group-4AD3EF8E1477->85b41e89-4cf3-40c5-bca2-fe675a128b85-GrpcLogAppender: appendEntries Timeout, request=61a249ca-8039-4b42-99f2-11fda8dbfc88->85b41e89-4cf3-40c5-bca2-fe675a128b85#65-t2, previous=(t:2, i:18), leaderCommit=14, initializing? false, entries: <empty>
2019-09-10 22:55:34,334 [java.util.concurrent.ThreadPoolExecutor$Worker@7de6dcaa[State = -1, empty queue]] WARN  server.GrpcLogAppender (GrpcLogAppender.java:timeoutAppendRequest(200)) - 61a249ca-8039-4b42-99f2-11fda8dbfc88@group-4AD3EF8E1477->aaf3f7d3-af27-4405-89a7-731c9150da26-GrpcLogAppender: appendEntries Timeout, request=61a249ca-8039-4b42-99f2-11fda8dbfc88->aaf3f7d3-af27-4405-89a7-731c9150da26#65-t2, previous=(t:2, i:18), leaderCommit=14, initializing? false, entries: <empty>
2019-09-10 22:55:34,690 [java.util.concurrent.ThreadPoolExecutor$Worker@15fc1543[State = -1, empty queue]] WARN  server.GrpcLogAppender (GrpcLogAppender.java:timeoutAppendRequest(200)) - cd8a5650-cbc3-492b-920c-c46f29e91709@group-05F713A51810->c564eaa4-7051-4a7d-897f-7be2f6aee35d-GrpcLogAppender: appendEntries Timeout, request=cd8a5650-cbc3-492b-920c-c46f29e91709->c564eaa4-7051-4a7d-897f-7be2f6aee35d#68-t3, previous=(t:3, i:20), leaderCommit=16, initializing? false, entries: <empty>
2019-09-10 22:55:34,690 [java.util.concurrent.ThreadPoolExecutor$Worker@26e891cb[State = -1, empty queue]] WARN  server.GrpcLogAppender (GrpcLogAppender.java:timeoutAppendRequest(200)) - cd8a5650-cbc3-492b-920c-c46f29e91709@group-05F713A51810->06814ee9-24b9-4aa5-b290-a3e9e2a386ef-GrpcLogAppender: appendEntries Timeout, request=cd8a5650-cbc3-492b-920c-c46f29e91709->06814ee9-24b9-4aa5-b290-a3e9e2a386ef#68-t3, previous=(t:3, i:20), leaderCommit=16, initializing? false, entries: <empty>
2019-09-10 22:55:34,834 [java.util.concurrent.ThreadPoolExecutor$Worker@8fceac1[State = -1, empty queue]] WARN  server.GrpcLogAppender (GrpcLogAppender.java:timeoutAppendRequest(200)) - 61a249ca-8039-4b42-99f2-11fda8dbfc88@group-4AD3EF8E1477->85b41e89-4cf3-40c5-bca2-fe675a128b85-GrpcLogAppender: appendEntries Timeout, request=61a249ca-8039-4b42-99f2-11fda8dbfc88->85b41e89-4cf3-40c5-bca2-fe675a128b85#66-t2, previous=(t:2, i:18), leaderCommit=14, initializing? false, entries: <empty>
2019-09-10 22:55:34,834 [java.util.concurrent.ThreadPoolExecutor$Worker@7de6dcaa[State = -1, empty queue]] WARN  server.GrpcLogAppender (GrpcLogAppender.java:timeoutAppendRequest(200)) - 61a249ca-8039-4b42-99f2-11fda8dbfc88@group-4AD3EF8E1477->aaf3f7d3-af27-4405-89a7-731c9150da26-GrpcLogAppender: appendEntries Timeout, request=61a249ca-8039-4b42-99f2-11fda8dbfc88->aaf3f7d3-af27-4405-89a7-731c9150da26#66-t2, previous=(t:2, i:18), leaderCommit=14, initializing? false, entries: <empty>
2019-09-10 22:55:35,191 [java.util.concurrent.ThreadPoolExecutor$Worker@26e891cb[State = -1, empty queue]] WARN  server.GrpcLogAppender (GrpcLogAppender.java:timeoutAppendRequest(200)) - cd8a5650-cbc3-492b-920c-c46f29e91709@group-05F713A51810->06814ee9-24b9-4aa5-b290-a3e9e2a386ef-GrpcLogAppender: appendEntries Timeout, request=cd8a5650-cbc3-492b-920c-c46f29e91709->06814ee9-24b9-4aa5-b290-a3e9e2a386ef#69-t3, previous=(t:3, i:20), leaderCommit=16, initializing? false, entries: <empty>
2019-09-10 22:55:35,191 [java.util.concurrent.ThreadPoolExecutor$Worker@15fc1543[State = -1, empty queue]] WARN  server.GrpcLogAppender (GrpcLogAppender.java:timeoutAppendRequest(200)) - cd8a5650-cbc3-492b-920c-c46f29e91709@group-05F713A51810->c564eaa4-7051-4a7d-897f-7be2f6aee35d-GrpcLogAppender: appendEntries Timeout, request=cd8a5650-cbc3-492b-920c-c46f29e91709->c564eaa4-7051-4a7d-897f-7be2f6aee35d#69-t3, previous=(t:3, i:20), leaderCommit=16, initializing? false, entries: <empty>
2019-09-10 22:55:35,335 [java.util.concurrent.ThreadPoolExecutor$Worker@7de6dcaa[State = -1, empty queue]] WARN  server.GrpcLogAppender (GrpcLogAppender.java:timeoutAppendRequest(200)) - 61a249ca-8039-4b42-99f2-11fda8dbfc88@group-4AD3EF8E1477->aaf3f7d3-af27-4405-89a7-731c9150da26-GrpcLogAppender: appendEntries Timeout, request=61a249ca-8039-4b42-99f2-11fda8dbfc88->aaf3f7d3-af27-4405-89a7-731c9150da26#67-t2, previous=(t:2, i:18), leaderCommit=14, initializing? false, entries: <empty>
2019-09-10 22:55:35,335 [java.util.concurrent.ThreadPoolExecutor$Worker@8fceac1[State = -1, empty queue]] WARN  server.GrpcLogAppender (GrpcLogAppender.java:timeoutAppendRequest(200)) - 61a249ca-8039-4b42-99f2-11fda8dbfc88@group-4AD3EF8E1477->85b41e89-4cf3-40c5-bca2-fe675a128b85-GrpcLogAppender: appendEntries Timeout, request=61a249ca-8039-4b42-99f2-11fda8dbfc88->85b41e89-4cf3-40c5-bca2-fe675a128b85#67-t2, previous=(t:2, i:18), leaderCommit=14, initializing? false, entries: <empty>
2019-09-10 22:55:35,691 [java.util.concurrent.ThreadPoolExecutor$Worker@15fc1543[State = -1, empty queue]] WARN  server.GrpcLogAppender (GrpcLogAppender.java:timeoutAppendRequest(200)) - cd8a5650-cbc3-492b-920c-c46f29e91709@group-05F713A51810->c564eaa4-7051-4a7d-897f-7be2f6aee35d-GrpcLogAppender: appendEntries Timeout, request=cd8a5650-cbc3-492b-920c-c46f29e91709->c564eaa4-7051-4a7d-897f-7be2f6aee35d#70-t3, previous=(t:3, i:20), leaderCommit=16, initializing? false, entries: <empty>
2019-09-10 22:55:35,691 [java.util.concurrent.ThreadPoolExecutor$Worker@26e891cb[State = -1, empty queue]] WARN  server.GrpcLogAppender (GrpcLogAppender.java:timeoutAppendRequest(200)) - cd8a5650-cbc3-492b-920c-c46f29e91709@group-05F713A51810->06814ee9-24b9-4aa5-b290-a3e9e2a386ef-GrpcLogAppender: appendEntries Timeout, request=cd8a5650-cbc3-492b-920c-c46f29e91709->06814ee9-24b9-4aa5-b290-a3e9e2a386ef#70-t3, previous=(t:3, i:20), leaderCommit=16, initializing? false, entries: <empty>
2019-09-10 22:55:35,835 [java.util.concurrent.ThreadPoolExecutor$Worker@7de6dcaa[State = -1, empty queue]] WARN  server.GrpcLogAppender (GrpcLogAppender.java:timeoutAppendRequest(200)) - 61a249ca-8039-4b42-99f2-11fda8dbfc88@group-4AD3EF8E1477->aaf3f7d3-af27-4405-89a7-731c9150da26-GrpcLogAppender: appendEntries Timeout, request=61a249ca-8039-4b42-99f2-11fda8dbfc88->aaf3f7d3-af27-4405-89a7-731c9150da26#68-t2, previous=(t:2, i:18), leaderCommit=14, initializing? false, entries: <empty>
2019-09-10 22:55:35,835 [java.util.concurrent.ThreadPoolExecutor$Worker@8fceac1[State = -1, empty queue]] WARN  server.GrpcLogAppender (GrpcLogAppender.java:timeoutAppendRequest(200)) - 61a249ca-8039-4b42-99f2-11fda8dbfc88@group-4AD3EF8E1477->85b41e89-4cf3-40c5-bca2-fe675a128b85-GrpcLogAppender: appendEntries Timeout, request=61a249ca-8039-4b42-99f2-11fda8dbfc88->85b41e89-4cf3-40c5-bca2-fe675a128b85#68-t2, previous=(t:2, i:18), leaderCommit=14, initializing? false, entries: <empty>
2019-09-10 22:55:36,192 [java.util.concurrent.ThreadPoolExecutor$Worker@26e891cb[State = -1, empty queue]] WARN  server.GrpcLogAppender (GrpcLogAppender.java:timeoutAppendRequest(200)) - cd8a5650-cbc3-492b-920c-c46f29e91709@group-05F713A51810->06814ee9-24b9-4aa5-b290-a3e9e2a386ef-GrpcLogAppender: appendEntries Timeout, request=cd8a5650-cbc3-492b-920c-c46f29e91709->06814ee9-24b9-4aa5-b290-a3e9e2a386ef#71-t3, previous=(t:3, i:20), leaderCommit=16, initializing? false, entries: <empty>
2019-09-10 22:55:36,192 [java.util.concurrent.ThreadPoolExecutor$Worker@15fc1543[State = -1, empty queue]] WARN  server.GrpcLogAppender (GrpcLogAppender.java:timeoutAppendRequest(200)) - cd8a5650-cbc3-492b-920c-c46f29e91709@group-05F713A51810->c564eaa4-7051-4a7d-897f-7be2f6aee35d-GrpcLogAppender: appendEntries Timeout, request=cd8a5650-cbc3-492b-920c-c46f29e91709->c564eaa4-7051-4a7d-897f-7be2f6aee35d#71-t3, previous=(t:3, i:20), leaderCommit=16, initializing? false, entries: <empty>
2019-09-10 22:55:36,336 [java.util.concurrent.ThreadPoolExecutor$Worker@7de6dcaa[State = -1, empty queue]] WARN  server.GrpcLogAppender (GrpcLogAppender.java:timeoutAppendRequest(200)) - 61a249ca-8039-4b42-99f2-11fda8dbfc88@group-4AD3EF8E1477->aaf3f7d3-af27-4405-89a7-731c9150da26-GrpcLogAppender: appendEntries Timeout, request=61a249ca-8039-4b42-99f2-11fda8dbfc88->aaf3f7d3-af27-4405-89a7-731c9150da26#69-t2, previous=(t:2, i:18), leaderCommit=14, initializing? false, entries: <empty>
2019-09-10 22:55:36,336 [java.util.concurrent.ThreadPoolExecutor$Worker@8fceac1[State = -1, empty queue]] WARN  server.GrpcLogAppender (GrpcLogAppender.java:timeoutAppendRequest(200)) - 61a249ca-8039-4b42-99f2-11fda8dbfc88@group-4AD3EF8E1477->85b41e89-4cf3-40c5-bca2-fe675a128b85-GrpcLogAppender: appendEntries Timeout, request=61a249ca-8039-4b42-99f2-11fda8dbfc88->85b41e89-4cf3-40c5-bca2-fe675a128b85#69-t2, previous=(t:2, i:18), leaderCommit=14, initializing? false, entries: <empty>
2019-09-10 22:55:36,692 [java.util.concurrent.ThreadPoolExecutor$Worker@26e891cb[State = -1, empty queue]] WARN  server.GrpcLogAppender (GrpcLogAppender.java:timeoutAppendRequest(200)) - cd8a5650-cbc3-492b-920c-c46f29e91709@group-05F713A51810->06814ee9-24b9-4aa5-b290-a3e9e2a386ef-GrpcLogAppender: appendEntries Timeout, request=cd8a5650-cbc3-492b-920c-c46f29e91709->06814ee9-24b9-4aa5-b290-a3e9e2a386ef#72-t3, previous=(t:3, i:20), leaderCommit=16, initializing? false, entries: <empty>
2019-09-10 22:55:36,692 [java.util.concurrent.ThreadPoolExecutor$Worker@15fc1543[State = -1, empty queue]] WARN  server.GrpcLogAppender (GrpcLogAppender.java:timeoutAppendRequest(200)) - cd8a5650-cbc3-492b-920c-c46f29e91709@group-05F713A51810->c564eaa4-7051-4a7d-897f-7be2f6aee35d-GrpcLogAppender: appendEntries Timeout, request=cd8a5650-cbc3-492b-920c-c46f29e91709->c564eaa4-7051-4a7d-897f-7be2f6aee35d#72-t3, previous=(t:3, i:20), leaderCommit=16, initializing? false, entries: <empty>
2019-09-10 22:55:36,837 [java.util.concurrent.ThreadPoolExecutor$Worker@8fceac1[State = -1, empty queue]] WARN  server.GrpcLogAppender (GrpcLogAppender.java:timeoutAppendRequest(200)) - 61a249ca-8039-4b42-99f2-11fda8dbfc88@group-4AD3EF8E1477->85b41e89-4cf3-40c5-bca2-fe675a128b85-GrpcLogAppender: appendEntries Timeout, request=61a249ca-8039-4b42-99f2-11fda8dbfc88->85b41e89-4cf3-40c5-bca2-fe675a128b85#70-t2, previous=(t:2, i:18), leaderCommit=14, initializing? false, entries: <empty>
2019-09-10 22:55:36,837 [java.util.concurrent.ThreadPoolExecutor$Worker@7de6dcaa[State = -1, empty queue]] WARN  server.GrpcLogAppender (GrpcLogAppender.java:timeoutAppendRequest(200)) - 61a249ca-8039-4b42-99f2-11fda8dbfc88@group-4AD3EF8E1477->aaf3f7d3-af27-4405-89a7-731c9150da26-GrpcLogAppender: appendEntries Timeout, request=61a249ca-8039-4b42-99f2-11fda8dbfc88->aaf3f7d3-af27-4405-89a7-731c9150da26#70-t2, previous=(t:2, i:18), leaderCommit=14, initializing? false, entries: <empty>
2019-09-10 22:55:37,200 [java.util.concurrent.ThreadPoolExecutor$Worker@26e891cb[State = -1, empty queue]] WARN  server.GrpcLogAppender (GrpcLogAppender.java:timeoutAppendRequest(200)) - cd8a5650-cbc3-492b-920c-c46f29e91709@group-05F713A51810->06814ee9-24b9-4aa5-b290-a3e9e2a386ef-GrpcLogAppender: appendEntries Timeout, request=cd8a5650-cbc3-492b-920c-c46f29e91709->06814ee9-24b9-4aa5-b290-a3e9e2a386ef#73-t3, previous=(t:3, i:20), leaderCommit=16, initializing? false, entries: <empty>
2019-09-10 22:55:37,200 [java.util.concurrent.ThreadPoolExecutor$Worker@15fc1543[State = -1, empty queue]] WARN  server.GrpcLogAppender (GrpcLogAppender.java:timeoutAppendRequest(200)) - cd8a5650-cbc3-492b-920c-c46f29e91709@group-05F713A51810->c564eaa4-7051-4a7d-897f-7be2f6aee35d-GrpcLogAppender: appendEntries Timeout, request=cd8a5650-cbc3-492b-920c-c46f29e91709->c564eaa4-7051-4a7d-897f-7be2f6aee35d#73-t3, previous=(t:3, i:20), leaderCommit=16, initializing? false, entries: <empty>
2019-09-10 22:55:37,337 [java.util.concurrent.ThreadPoolExecutor$Worker@7de6dcaa[State = -1, empty queue]] WARN  server.GrpcLogAppender (GrpcLogAppender.java:timeoutAppendRequest(200)) - 61a249ca-8039-4b42-99f2-11fda8dbfc88@group-4AD3EF8E1477->aaf3f7d3-af27-4405-89a7-731c9150da26-GrpcLogAppender: appendEntries Timeout, request=61a249ca-8039-4b42-99f2-11fda8dbfc88->aaf3f7d3-af27-4405-89a7-731c9150da26#71-t2, previous=(t:2, i:18), leaderCommit=14, initializing? false, entries: <empty>
2019-09-10 22:55:37,337 [java.util.concurrent.ThreadPoolExecutor$Worker@8fceac1[State = -1, empty queue]] WARN  server.GrpcLogAppender (GrpcLogAppender.java:timeoutAppendRequest(200)) - 61a249ca-8039-4b42-99f2-11fda8dbfc88@group-4AD3EF8E1477->85b41e89-4cf3-40c5-bca2-fe675a128b85-GrpcLogAppender: appendEntries Timeout, request=61a249ca-8039-4b42-99f2-11fda8dbfc88->85b41e89-4cf3-40c5-bca2-fe675a128b85#71-t2, previous=(t:2, i:18), leaderCommit=14, initializing? false, entries: <empty>
2019-09-10 22:55:37,700 [java.util.concurrent.ThreadPoolExecutor$Worker@15fc1543[State = -1, empty queue]] WARN  server.GrpcLogAppender (GrpcLogAppender.java:timeoutAppendRequest(200)) - cd8a5650-cbc3-492b-920c-c46f29e91709@group-05F713A51810->c564eaa4-7051-4a7d-897f-7be2f6aee35d-GrpcLogAppender: appendEntries Timeout, request=cd8a5650-cbc3-492b-920c-c46f29e91709->c564eaa4-7051-4a7d-897f-7be2f6aee35d#74-t3, previous=(t:3, i:20), leaderCommit=16, initializing? false, entries: <empty>
2019-09-10 22:55:37,700 [java.util.concurrent.ThreadPoolExecutor$Worker@26e891cb[State = -1, empty queue]] WARN  server.GrpcLogAppender (GrpcLogAppender.java:timeoutAppendRequest(200)) - cd8a5650-cbc3-492b-920c-c46f29e91709@group-05F713A51810->06814ee9-24b9-4aa5-b290-a3e9e2a386ef-GrpcLogAppender: appendEntries Timeout, request=cd8a5650-cbc3-492b-920c-c46f29e91709->06814ee9-24b9-4aa5-b290-a3e9e2a386ef#74-t3, previous=(t:3, i:20), leaderCommit=16, initializing? false, entries: <empty>
2019-09-10 22:55:37,811 [61a249ca-8039-4b42-99f2-11fda8dbfc88@group-4AD3EF8E1477-SegmentedRaftLogWorker] WARN  segmented.SegmentedRaftLogWorker (SegmentedRaftLogWorker.java:getFromFuture(90)) - Timeout 0/~
org.apache.ratis.protocol.TimeoutIOException: Timeout 10s: WriteLog:15: (t:2, i:15), STATEMACHINELOGENTRY, client-952E3BCC9DDC, cid=43-writeStateMachineData
	at org.apache.ratis.util.IOUtils.getFromFuture(IOUtils.java:87)
	at org.apache.ratis.server.raftlog.segmented.SegmentedRaftLogWorker$StateMachineDataPolicy.getFromFuture(SegmentedRaftLogWorker.java:87)
	at org.apache.ratis.server.raftlog.segmented.SegmentedRaftLogWorker$WriteLog.execute(SegmentedRaftLogWorker.java:477)
	at org.apache.ratis.server.raftlog.segmented.SegmentedRaftLogWorker.run(SegmentedRaftLogWorker.java:289)
	at java.lang.Thread.run(Thread.java:748)
Caused by: java.util.concurrent.TimeoutException
	at java.util.concurrent.CompletableFuture.timedGet(CompletableFuture.java:1771)
	at java.util.concurrent.CompletableFuture.get(CompletableFuture.java:1915)
	at org.apache.ratis.util.IOUtils.getFromFuture(IOUtils.java:79)
	... 4 more
2019-09-10 22:55:37,824 [85b41e89-4cf3-40c5-bca2-fe675a128b85@group-4AD3EF8E1477-SegmentedRaftLogWorker] WARN  segmented.SegmentedRaftLogWorker (SegmentedRaftLogWorker.java:getFromFuture(90)) - Timeout 0/~
org.apache.ratis.protocol.TimeoutIOException: Timeout 10s: WriteLog:15: (t:2, i:15), STATEMACHINELOGENTRY, client-952E3BCC9DDC, cid=43-writeStateMachineData
	at org.apache.ratis.util.IOUtils.getFromFuture(IOUtils.java:87)
	at org.apache.ratis.server.raftlog.segmented.SegmentedRaftLogWorker$StateMachineDataPolicy.getFromFuture(SegmentedRaftLogWorker.java:87)
	at org.apache.ratis.server.raftlog.segmented.SegmentedRaftLogWorker$WriteLog.execute(SegmentedRaftLogWorker.java:477)
	at org.apache.ratis.server.raftlog.segmented.SegmentedRaftLogWorker.run(SegmentedRaftLogWorker.java:289)
	at java.lang.Thread.run(Thread.java:748)
Caused by: java.util.concurrent.TimeoutException
	at java.util.concurrent.CompletableFuture.timedGet(CompletableFuture.java:1771)
	at java.util.concurrent.CompletableFuture.get(CompletableFuture.java:1915)
	at org.apache.ratis.util.IOUtils.getFromFuture(IOUtils.java:79)
	... 4 more
2019-09-10 22:55:37,837 [java.util.concurrent.ThreadPoolExecutor$Worker@7de6dcaa[State = -1, empty queue]] WARN  server.GrpcLogAppender (GrpcLogAppender.java:timeoutAppendRequest(200)) - 61a249ca-8039-4b42-99f2-11fda8dbfc88@group-4AD3EF8E1477->aaf3f7d3-af27-4405-89a7-731c9150da26-GrpcLogAppender: appendEntries Timeout, request=61a249ca-8039-4b42-99f2-11fda8dbfc88->aaf3f7d3-af27-4405-89a7-731c9150da26#72-t2, previous=(t:2, i:18), leaderCommit=14, initializing? false, entries: <empty>
2019-09-10 22:55:37,838 [java.util.concurrent.ThreadPoolExecutor$Worker@8fceac1[State = -1, empty queue]] WARN  server.GrpcLogAppender (GrpcLogAppender.java:timeoutAppendRequest(200)) - 61a249ca-8039-4b42-99f2-11fda8dbfc88@group-4AD3EF8E1477->85b41e89-4cf3-40c5-bca2-fe675a128b85-GrpcLogAppender: appendEntries Timeout, request=61a249ca-8039-4b42-99f2-11fda8dbfc88->85b41e89-4cf3-40c5-bca2-fe675a128b85#72-t2, previous=(t:2, i:18), leaderCommit=14, initializing? false, entries: <empty>
2019-09-10 22:55:37,907 [aaf3f7d3-af27-4405-89a7-731c9150da26@group-4AD3EF8E1477-SegmentedRaftLogWorker] WARN  segmented.SegmentedRaftLogWorker (SegmentedRaftLogWorker.java:getFromFuture(90)) - Timeout 0/~
org.apache.ratis.protocol.TimeoutIOException: Timeout 10s: WriteLog:17: (t:2, i:17), STATEMACHINELOGENTRY, client-952E3BCC9DDC, cid=45-writeStateMachineData
	at org.apache.ratis.util.IOUtils.getFromFuture(IOUtils.java:87)
	at org.apache.ratis.server.raftlog.segmented.SegmentedRaftLogWorker$StateMachineDataPolicy.getFromFuture(SegmentedRaftLogWorker.java:87)
	at org.apache.ratis.server.raftlog.segmented.SegmentedRaftLogWorker$WriteLog.execute(SegmentedRaftLogWorker.java:477)
	at org.apache.ratis.server.raftlog.segmented.SegmentedRaftLogWorker.run(SegmentedRaftLogWorker.java:289)
	at java.lang.Thread.run(Thread.java:748)
Caused by: java.util.concurrent.TimeoutException
	at java.util.concurrent.CompletableFuture.timedGet(CompletableFuture.java:1771)
	at java.util.concurrent.CompletableFuture.get(CompletableFuture.java:1915)
	at org.apache.ratis.util.IOUtils.getFromFuture(IOUtils.java:79)
	... 4 more
2019-09-10 22:55:37,919 [grpc-default-executor-4] INFO  client.GrpcClientProtocolClient (GrpcClientProtocolClient.java:onNext(264)) - client-952E3BCC9DDC->aaf3f7d3-af27-4405-89a7-731c9150da26: receive RaftClientReply:client-952E3BCC9DDC->aaf3f7d3-af27-4405-89a7-731c9150da26@group-4AD3EF8E1477, cid=43, FAILED org.apache.ratis.protocol.NotLeaderException: Server aaf3f7d3-af27-4405-89a7-731c9150da26@group-4AD3EF8E1477 is not the leader 61a249ca-8039-4b42-99f2-11fda8dbfc88:192.168.34.57:42650, logIndex=0, commits[aaf3f7d3-af27-4405-89a7-731c9150da26:c14, 61a249ca-8039-4b42-99f2-11fda8dbfc88:c14, 85b41e89-4cf3-40c5-bca2-fe675a128b85:c14]
2019-09-10 22:55:38,209 [java.util.concurrent.ThreadPoolExecutor$Worker@26e891cb[State = -1, empty queue]] WARN  server.GrpcLogAppender (GrpcLogAppender.java:timeoutAppendRequest(200)) - cd8a5650-cbc3-492b-920c-c46f29e91709@group-05F713A51810->06814ee9-24b9-4aa5-b290-a3e9e2a386ef-GrpcLogAppender: appendEntries Timeout, request=cd8a5650-cbc3-492b-920c-c46f29e91709->06814ee9-24b9-4aa5-b290-a3e9e2a386ef#75-t3, previous=(t:3, i:20), leaderCommit=16, initializing? false, entries: <empty>
2019-09-10 22:55:38,209 [java.util.concurrent.ThreadPoolExecutor$Worker@15fc1543[State = -1, empty queue]] WARN  server.GrpcLogAppender (GrpcLogAppender.java:timeoutAppendRequest(200)) - cd8a5650-cbc3-492b-920c-c46f29e91709@group-05F713A51810->c564eaa4-7051-4a7d-897f-7be2f6aee35d-GrpcLogAppender: appendEntries Timeout, request=cd8a5650-cbc3-492b-920c-c46f29e91709->c564eaa4-7051-4a7d-897f-7be2f6aee35d#75-t3, previous=(t:3, i:20), leaderCommit=16, initializing? false, entries: <empty>
2019-09-10 22:55:38,338 [java.util.concurrent.ThreadPoolExecutor$Worker@7de6dcaa[State = -1, empty queue]] WARN  server.GrpcLogAppender (GrpcLogAppender.java:timeoutAppendRequest(200)) - 61a249ca-8039-4b42-99f2-11fda8dbfc88@group-4AD3EF8E1477->aaf3f7d3-af27-4405-89a7-731c9150da26-GrpcLogAppender: appendEntries Timeout, request=61a249ca-8039-4b42-99f2-11fda8dbfc88->aaf3f7d3-af27-4405-89a7-731c9150da26#73-t2, previous=(t:2, i:18), leaderCommit=14, initializing? false, entries: <empty>
2019-09-10 22:55:38,338 [java.util.concurrent.ThreadPoolExecutor$Worker@8fceac1[State = -1, empty queue]] WARN  server.GrpcLogAppender (GrpcLogAppender.java:timeoutAppendRequest(200)) - 61a249ca-8039-4b42-99f2-11fda8dbfc88@group-4AD3EF8E1477->85b41e89-4cf3-40c5-bca2-fe675a128b85-GrpcLogAppender: appendEntries Timeout, request=61a249ca-8039-4b42-99f2-11fda8dbfc88->85b41e89-4cf3-40c5-bca2-fe675a128b85#73-t2, previous=(t:2, i:18), leaderCommit=14, initializing? false, entries: <empty>
2019-09-10 22:55:38,709 [java.util.concurrent.ThreadPoolExecutor$Worker@26e891cb[State = -1, empty queue]] WARN  server.GrpcLogAppender (GrpcLogAppender.java:timeoutAppendRequest(200)) - cd8a5650-cbc3-492b-920c-c46f29e91709@group-05F713A51810->06814ee9-24b9-4aa5-b290-a3e9e2a386ef-GrpcLogAppender: appendEntries Timeout, request=cd8a5650-cbc3-492b-920c-c46f29e91709->06814ee9-24b9-4aa5-b290-a3e9e2a386ef#76-t3, previous=(t:3, i:20), leaderCommit=16, initializing? false, entries: <empty>
2019-09-10 22:55:38,709 [java.util.concurrent.ThreadPoolExecutor$Worker@15fc1543[State = -1, empty queue]] WARN  server.GrpcLogAppender (GrpcLogAppender.java:timeoutAppendRequest(200)) - cd8a5650-cbc3-492b-920c-c46f29e91709@group-05F713A51810->c564eaa4-7051-4a7d-897f-7be2f6aee35d-GrpcLogAppender: appendEntries Timeout, request=cd8a5650-cbc3-492b-920c-c46f29e91709->c564eaa4-7051-4a7d-897f-7be2f6aee35d#76-t3, previous=(t:3, i:20), leaderCommit=16, initializing? false, entries: <empty>
2019-09-10 22:55:38,716 [cd8a5650-cbc3-492b-920c-c46f29e91709@group-05F713A51810-SegmentedRaftLogWorker] WARN  segmented.SegmentedRaftLogWorker (SegmentedRaftLogWorker.java:getFromFuture(90)) - Timeout 2/~
org.apache.ratis.protocol.TimeoutIOException: Timeout 10s: WriteLog:19: (t:3, i:19), STATEMACHINELOGENTRY, client-559D44C1B0F8, cid=31-writeStateMachineData
	at org.apache.ratis.util.IOUtils.getFromFuture(IOUtils.java:87)
	at org.apache.ratis.server.raftlog.segmented.SegmentedRaftLogWorker$StateMachineDataPolicy.getFromFuture(SegmentedRaftLogWorker.java:87)
	at org.apache.ratis.server.raftlog.segmented.SegmentedRaftLogWorker$WriteLog.execute(SegmentedRaftLogWorker.java:477)
	at org.apache.ratis.server.raftlog.segmented.SegmentedRaftLogWorker.run(SegmentedRaftLogWorker.java:289)
	at java.lang.Thread.run(Thread.java:748)
Caused by: java.util.concurrent.TimeoutException
	at java.util.concurrent.CompletableFuture.timedGet(CompletableFuture.java:1771)
	at java.util.concurrent.CompletableFuture.get(CompletableFuture.java:1915)
	at org.apache.ratis.util.IOUtils.getFromFuture(IOUtils.java:79)
	... 4 more
2019-09-10 22:55:38,717 [c564eaa4-7051-4a7d-897f-7be2f6aee35d@group-05F713A51810-SegmentedRaftLogWorker] WARN  segmented.SegmentedRaftLogWorker (SegmentedRaftLogWorker.java:getFromFuture(90)) - Timeout 2/~
org.apache.ratis.protocol.TimeoutIOException: Timeout 10s: WriteLog:19: (t:3, i:19), STATEMACHINELOGENTRY, client-559D44C1B0F8, cid=31-writeStateMachineData
	at org.apache.ratis.util.IOUtils.getFromFuture(IOUtils.java:87)
	at org.apache.ratis.server.raftlog.segmented.SegmentedRaftLogWorker$StateMachineDataPolicy.getFromFuture(SegmentedRaftLogWorker.java:87)
	at org.apache.ratis.server.raftlog.segmented.SegmentedRaftLogWorker$WriteLog.execute(SegmentedRaftLogWorker.java:477)
	at org.apache.ratis.server.raftlog.segmented.SegmentedRaftLogWorker.run(SegmentedRaftLogWorker.java:289)
	at java.lang.Thread.run(Thread.java:748)
Caused by: java.util.concurrent.TimeoutException
	at java.util.concurrent.CompletableFuture.timedGet(CompletableFuture.java:1771)
	at java.util.concurrent.CompletableFuture.get(CompletableFuture.java:1915)
	at org.apache.ratis.util.IOUtils.getFromFuture(IOUtils.java:79)
	... 4 more
2019-09-10 22:55:38,717 [06814ee9-24b9-4aa5-b290-a3e9e2a386ef@group-05F713A51810-SegmentedRaftLogWorker] WARN  segmented.SegmentedRaftLogWorker (SegmentedRaftLogWorker.java:getFromFuture(90)) - Timeout 2/~
org.apache.ratis.protocol.TimeoutIOException: Timeout 10s: WriteLog:19: (t:3, i:19), STATEMACHINELOGENTRY, client-559D44C1B0F8, cid=31-writeStateMachineData
	at org.apache.ratis.util.IOUtils.getFromFuture(IOUtils.java:87)
	at org.apache.ratis.server.raftlog.segmented.SegmentedRaftLogWorker$StateMachineDataPolicy.getFromFuture(SegmentedRaftLogWorker.java:87)
	at org.apache.ratis.server.raftlog.segmented.SegmentedRaftLogWorker$WriteLog.execute(SegmentedRaftLogWorker.java:477)
	at org.apache.ratis.server.raftlog.segmented.SegmentedRaftLogWorker.run(SegmentedRaftLogWorker.java:289)
	at java.lang.Thread.run(Thread.java:748)
Caused by: java.util.concurrent.TimeoutException
	at java.util.concurrent.CompletableFuture.timedGet(CompletableFuture.java:1771)
	at java.util.concurrent.CompletableFuture.get(CompletableFuture.java:1915)
	at org.apache.ratis.util.IOUtils.getFromFuture(IOUtils.java:79)
	... 4 more
2019-09-10 22:55:38,839 [java.util.concurrent.ThreadPoolExecutor$Worker@8fceac1[State = -1, empty queue]] WARN  server.GrpcLogAppender (GrpcLogAppender.java:timeoutAppendRequest(200)) - 61a249ca-8039-4b42-99f2-11fda8dbfc88@group-4AD3EF8E1477->85b41e89-4cf3-40c5-bca2-fe675a128b85-GrpcLogAppender: appendEntries Timeout, request=61a249ca-8039-4b42-99f2-11fda8dbfc88->85b41e89-4cf3-40c5-bca2-fe675a128b85#74-t2, previous=(t:2, i:18), leaderCommit=14, initializing? false, entries: <empty>
2019-09-10 22:55:38,839 [java.util.concurrent.ThreadPoolExecutor$Worker@7de6dcaa[State = -1, empty queue]] WARN  server.GrpcLogAppender (GrpcLogAppender.java:timeoutAppendRequest(200)) - 61a249ca-8039-4b42-99f2-11fda8dbfc88@group-4AD3EF8E1477->aaf3f7d3-af27-4405-89a7-731c9150da26-GrpcLogAppender: appendEntries Timeout, request=61a249ca-8039-4b42-99f2-11fda8dbfc88->aaf3f7d3-af27-4405-89a7-731c9150da26#74-t2, previous=(t:2, i:18), leaderCommit=14, initializing? false, entries: <empty>
2019-09-10 22:55:39,209 [java.util.concurrent.ThreadPoolExecutor$Worker@26e891cb[State = -1, empty queue]] WARN  server.GrpcLogAppender (GrpcLogAppender.java:timeoutAppendRequest(200)) - cd8a5650-cbc3-492b-920c-c46f29e91709@group-05F713A51810->06814ee9-24b9-4aa5-b290-a3e9e2a386ef-GrpcLogAppender: appendEntries Timeout, request=cd8a5650-cbc3-492b-920c-c46f29e91709->06814ee9-24b9-4aa5-b290-a3e9e2a386ef#77-t3, previous=(t:3, i:20), leaderCommit=16, initializing? false, entries: <empty>
2019-09-10 22:55:39,209 [java.util.concurrent.ThreadPoolExecutor$Worker@15fc1543[State = -1, empty queue]] WARN  server.GrpcLogAppender (GrpcLogAppender.java:timeoutAppendRequest(200)) - cd8a5650-cbc3-492b-920c-c46f29e91709@group-05F713A51810->c564eaa4-7051-4a7d-897f-7be2f6aee35d-GrpcLogAppender: appendEntries Timeout, request=cd8a5650-cbc3-492b-920c-c46f29e91709->c564eaa4-7051-4a7d-897f-7be2f6aee35d#77-t3, previous=(t:3, i:20), leaderCommit=16, initializing? false, entries: <empty>
2019-09-10 22:55:39,339 [java.util.concurrent.ThreadPoolExecutor$Worker@8fceac1[State = -1, empty queue]] WARN  server.GrpcLogAppender (GrpcLogAppender.java:timeoutAppendRequest(200)) - 61a249ca-8039-4b42-99f2-11fda8dbfc88@group-4AD3EF8E1477->85b41e89-4cf3-40c5-bca2-fe675a128b85-GrpcLogAppender: appendEntries Timeout, request=61a249ca-8039-4b42-99f2-11fda8dbfc88->85b41e89-4cf3-40c5-bca2-fe675a128b85#75-t2, previous=(t:2, i:18), leaderCommit=14, initializing? false, entries: <empty>
2019-09-10 22:55:39,339 [java.util.concurrent.ThreadPoolExecutor$Worker@7de6dcaa[State = -1, empty queue]] WARN  server.GrpcLogAppender (GrpcLogAppender.java:timeoutAppendRequest(200)) - 61a249ca-8039-4b42-99f2-11fda8dbfc88@group-4AD3EF8E1477->aaf3f7d3-af27-4405-89a7-731c9150da26-GrpcLogAppender: appendEntries Timeout, request=61a249ca-8039-4b42-99f2-11fda8dbfc88->aaf3f7d3-af27-4405-89a7-731c9150da26#75-t2, previous=(t:2, i:18), leaderCommit=14, initializing? false, entries: <empty>
2019-09-10 22:55:39,710 [java.util.concurrent.ThreadPoolExecutor$Worker@26e891cb[State = -1, empty queue]] WARN  server.GrpcLogAppender (GrpcLogAppender.java:timeoutAppendRequest(200)) - cd8a5650-cbc3-492b-920c-c46f29e91709@group-05F713A51810->06814ee9-24b9-4aa5-b290-a3e9e2a386ef-GrpcLogAppender: appendEntries Timeout, request=cd8a5650-cbc3-492b-920c-c46f29e91709->06814ee9-24b9-4aa5-b290-a3e9e2a386ef#78-t3, previous=(t:3, i:20), leaderCommit=16, initializing? false, entries: <empty>
2019-09-10 22:55:39,710 [java.util.concurrent.ThreadPoolExecutor$Worker@15fc1543[State = -1, empty queue]] WARN  server.GrpcLogAppender (GrpcLogAppender.java:timeoutAppendRequest(200)) - cd8a5650-cbc3-492b-920c-c46f29e91709@group-05F713A51810->c564eaa4-7051-4a7d-897f-7be2f6aee35d-GrpcLogAppender: appendEntries Timeout, request=cd8a5650-cbc3-492b-920c-c46f29e91709->c564eaa4-7051-4a7d-897f-7be2f6aee35d#78-t3, previous=(t:3, i:20), leaderCommit=16, initializing? false, entries: <empty>
2019-09-10 22:55:39,840 [java.util.concurrent.ThreadPoolExecutor$Worker@8fceac1[State = -1, empty queue]] WARN  server.GrpcLogAppender (GrpcLogAppender.java:timeoutAppendRequest(200)) - 61a249ca-8039-4b42-99f2-11fda8dbfc88@group-4AD3EF8E1477->85b41e89-4cf3-40c5-bca2-fe675a128b85-GrpcLogAppender: appendEntries Timeout, request=61a249ca-8039-4b42-99f2-11fda8dbfc88->85b41e89-4cf3-40c5-bca2-fe675a128b85#76-t2, previous=(t:2, i:18), leaderCommit=14, initializing? false, entries: <empty>
2019-09-10 22:55:39,840 [java.util.concurrent.ThreadPoolExecutor$Worker@7de6dcaa[State = -1, empty queue]] WARN  server.GrpcLogAppender (GrpcLogAppender.java:timeoutAppendRequest(200)) - 61a249ca-8039-4b42-99f2-11fda8dbfc88@group-4AD3EF8E1477->aaf3f7d3-af27-4405-89a7-731c9150da26-GrpcLogAppender: appendEntries Timeout, request=61a249ca-8039-4b42-99f2-11fda8dbfc88->aaf3f7d3-af27-4405-89a7-731c9150da26#76-t2, previous=(t:2, i:18), leaderCommit=14, initializing? false, entries: <empty>
2019-09-10 22:55:40,211 [java.util.concurrent.ThreadPoolExecutor$Worker@26e891cb[State = -1, empty queue]] WARN  server.GrpcLogAppender (GrpcLogAppender.java:timeoutAppendRequest(200)) - cd8a5650-cbc3-492b-920c-c46f29e91709@group-05F713A51810->06814ee9-24b9-4aa5-b290-a3e9e2a386ef-GrpcLogAppender: appendEntries Timeout, request=cd8a5650-cbc3-492b-920c-c46f29e91709->06814ee9-24b9-4aa5-b290-a3e9e2a386ef#79-t3, previous=(t:3, i:20), leaderCommit=16, initializing? false, entries: <empty>
2019-09-10 22:55:40,211 [java.util.concurrent.ThreadPoolExecutor$Worker@15fc1543[State = -1, empty queue]] WARN  server.GrpcLogAppender (GrpcLogAppender.java:timeoutAppendRequest(200)) - cd8a5650-cbc3-492b-920c-c46f29e91709@group-05F713A51810->c564eaa4-7051-4a7d-897f-7be2f6aee35d-GrpcLogAppender: appendEntries Timeout, request=cd8a5650-cbc3-492b-920c-c46f29e91709->c564eaa4-7051-4a7d-897f-7be2f6aee35d#79-t3, previous=(t:3, i:20), leaderCommit=16, initializing? false, entries: <empty>
2019-09-10 22:55:40,340 [java.util.concurrent.ThreadPoolExecutor$Worker@8fceac1[State = -1, empty queue]] WARN  server.GrpcLogAppender (GrpcLogAppender.java:timeoutAppendRequest(200)) - 61a249ca-8039-4b42-99f2-11fda8dbfc88@group-4AD3EF8E1477->85b41e89-4cf3-40c5-bca2-fe675a128b85-GrpcLogAppender: appendEntries Timeout, request=61a249ca-8039-4b42-99f2-11fda8dbfc88->85b41e89-4cf3-40c5-bca2-fe675a128b85#77-t2, previous=(t:2, i:18), leaderCommit=14, initializing? false, entries: <empty>
2019-09-10 22:55:40,340 [java.util.concurrent.ThreadPoolExecutor$Worker@7de6dcaa[State = -1, empty queue]] WARN  server.GrpcLogAppender (GrpcLogAppender.java:timeoutAppendRequest(200)) - 61a249ca-8039-4b42-99f2-11fda8dbfc88@group-4AD3EF8E1477->aaf3f7d3-af27-4405-89a7-731c9150da26-GrpcLogAppender: appendEntries Timeout, request=61a249ca-8039-4b42-99f2-11fda8dbfc88->aaf3f7d3-af27-4405-89a7-731c9150da26#77-t2, previous=(t:2, i:18), leaderCommit=14, initializing? false, entries: <empty>
2019-09-10 22:55:40,711 [java.util.concurrent.ThreadPoolExecutor$Worker@15fc1543[State = -1, empty queue]] WARN  server.GrpcLogAppender (GrpcLogAppender.java:timeoutAppendRequest(200)) - cd8a5650-cbc3-492b-920c-c46f29e91709@group-05F713A51810->c564eaa4-7051-4a7d-897f-7be2f6aee35d-GrpcLogAppender: appendEntries Timeout, request=cd8a5650-cbc3-492b-920c-c46f29e91709->c564eaa4-7051-4a7d-897f-7be2f6aee35d#80-t3, previous=(t:3, i:20), leaderCommit=16, initializing? false, entries: <empty>
2019-09-10 22:55:40,711 [java.util.concurrent.ThreadPoolExecutor$Worker@26e891cb[State = -1, empty queue]] WARN  server.GrpcLogAppender (GrpcLogAppender.java:timeoutAppendRequest(200)) - cd8a5650-cbc3-492b-920c-c46f29e91709@group-05F713A51810->06814ee9-24b9-4aa5-b290-a3e9e2a386ef-GrpcLogAppender: appendEntries Timeout, request=cd8a5650-cbc3-492b-920c-c46f29e91709->06814ee9-24b9-4aa5-b290-a3e9e2a386ef#80-t3, previous=(t:3, i:20), leaderCommit=16, initializing? false, entries: <empty>
2019-09-10 22:55:40,840 [java.util.concurrent.ThreadPoolExecutor$Worker@8fceac1[State = -1, empty queue]] WARN  server.GrpcLogAppender (GrpcLogAppender.java:timeoutAppendRequest(200)) - 61a249ca-8039-4b42-99f2-11fda8dbfc88@group-4AD3EF8E1477->85b41e89-4cf3-40c5-bca2-fe675a128b85-GrpcLogAppender: appendEntries Timeout, request=61a249ca-8039-4b42-99f2-11fda8dbfc88->85b41e89-4cf3-40c5-bca2-fe675a128b85#78-t2, previous=(t:2, i:18), leaderCommit=14, initializing? false, entries: <empty>
2019-09-10 22:55:40,840 [java.util.concurrent.ThreadPoolExecutor$Worker@7de6dcaa[State = -1, empty queue]] WARN  server.GrpcLogAppender (GrpcLogAppender.java:timeoutAppendRequest(200)) - 61a249ca-8039-4b42-99f2-11fda8dbfc88@group-4AD3EF8E1477->aaf3f7d3-af27-4405-89a7-731c9150da26-GrpcLogAppender: appendEntries Timeout, request=61a249ca-8039-4b42-99f2-11fda8dbfc88->aaf3f7d3-af27-4405-89a7-731c9150da26#78-t2, previous=(t:2, i:18), leaderCommit=14, initializing? false, entries: <empty>
2019-09-10 22:55:41,214 [java.util.concurrent.ThreadPoolExecutor$Worker@15fc1543[State = -1, empty queue]] WARN  server.GrpcLogAppender (GrpcLogAppender.java:timeoutAppendRequest(200)) - cd8a5650-cbc3-492b-920c-c46f29e91709@group-05F713A51810->c564eaa4-7051-4a7d-897f-7be2f6aee35d-GrpcLogAppender: appendEntries Timeout, request=cd8a5650-cbc3-492b-920c-c46f29e91709->c564eaa4-7051-4a7d-897f-7be2f6aee35d#81-t3, previous=(t:3, i:20), leaderCommit=16, initializing? false, entries: <empty>
2019-09-10 22:55:41,214 [java.util.concurrent.ThreadPoolExecutor$Worker@26e891cb[State = -1, empty queue]] WARN  server.GrpcLogAppender (GrpcLogAppender.java:timeoutAppendRequest(200)) - cd8a5650-cbc3-492b-920c-c46f29e91709@group-05F713A51810->06814ee9-24b9-4aa5-b290-a3e9e2a386ef-GrpcLogAppender: appendEntries Timeout, request=cd8a5650-cbc3-492b-920c-c46f29e91709->06814ee9-24b9-4aa5-b290-a3e9e2a386ef#81-t3, previous=(t:3, i:20), leaderCommit=16, initializing? false, entries: <empty>
2019-09-10 22:55:41,340 [java.util.concurrent.ThreadPoolExecutor$Worker@8fceac1[State = -1, empty queue]] WARN  server.GrpcLogAppender (GrpcLogAppender.java:timeoutAppendRequest(200)) - 61a249ca-8039-4b42-99f2-11fda8dbfc88@group-4AD3EF8E1477->85b41e89-4cf3-40c5-bca2-fe675a128b85-GrpcLogAppender: appendEntries Timeout, request=61a249ca-8039-4b42-99f2-11fda8dbfc88->85b41e89-4cf3-40c5-bca2-fe675a128b85#79-t2, previous=(t:2, i:18), leaderCommit=14, initializing? false, entries: <empty>
2019-09-10 22:55:41,341 [java.util.concurrent.ThreadPoolExecutor$Worker@7de6dcaa[State = -1, empty queue]] WARN  server.GrpcLogAppender (GrpcLogAppender.java:timeoutAppendRequest(200)) - 61a249ca-8039-4b42-99f2-11fda8dbfc88@group-4AD3EF8E1477->aaf3f7d3-af27-4405-89a7-731c9150da26-GrpcLogAppender: appendEntries Timeout, request=61a249ca-8039-4b42-99f2-11fda8dbfc88->aaf3f7d3-af27-4405-89a7-731c9150da26#79-t2, previous=(t:2, i:18), leaderCommit=14, initializing? false, entries: <empty>
2019-09-10 22:55:41,714 [java.util.concurrent.ThreadPoolExecutor$Worker@15fc1543[State = -1, empty queue]] WARN  server.GrpcLogAppender (GrpcLogAppender.java:timeoutAppendRequest(200)) - cd8a5650-cbc3-492b-920c-c46f29e91709@group-05F713A51810->c564eaa4-7051-4a7d-897f-7be2f6aee35d-GrpcLogAppender: appendEntries Timeout, request=cd8a5650-cbc3-492b-920c-c46f29e91709->c564eaa4-7051-4a7d-897f-7be2f6aee35d#82-t3, previous=(t:3, i:20), leaderCommit=16, initializing? false, entries: <empty>
2019-09-10 22:55:41,714 [java.util.concurrent.ThreadPoolExecutor$Worker@26e891cb[State = -1, empty queue]] WARN  server.GrpcLogAppender (GrpcLogAppender.java:timeoutAppendRequest(200)) - cd8a5650-cbc3-492b-920c-c46f29e91709@group-05F713A51810->06814ee9-24b9-4aa5-b290-a3e9e2a386ef-GrpcLogAppender: appendEntries Timeout, request=cd8a5650-cbc3-492b-920c-c46f29e91709->06814ee9-24b9-4aa5-b290-a3e9e2a386ef#82-t3, previous=(t:3, i:20), leaderCommit=16, initializing? false, entries: <empty>
2019-09-10 22:55:41,841 [java.util.concurrent.ThreadPoolExecutor$Worker@8fceac1[State = -1, empty queue]] WARN  server.GrpcLogAppender (GrpcLogAppender.java:timeoutAppendRequest(200)) - 61a249ca-8039-4b42-99f2-11fda8dbfc88@group-4AD3EF8E1477->85b41e89-4cf3-40c5-bca2-fe675a128b85-GrpcLogAppender: appendEntries Timeout, request=61a249ca-8039-4b42-99f2-11fda8dbfc88->85b41e89-4cf3-40c5-bca2-fe675a128b85#80-t2, previous=(t:2, i:18), leaderCommit=14, initializing? false, entries: <empty>
2019-09-10 22:55:41,841 [java.util.concurrent.ThreadPoolExecutor$Worker@7de6dcaa[State = -1, empty queue]] WARN  server.GrpcLogAppender (GrpcLogAppender.java:timeoutAppendRequest(200)) - 61a249ca-8039-4b42-99f2-11fda8dbfc88@group-4AD3EF8E1477->aaf3f7d3-af27-4405-89a7-731c9150da26-GrpcLogAppender: appendEntries Timeout, request=61a249ca-8039-4b42-99f2-11fda8dbfc88->aaf3f7d3-af27-4405-89a7-731c9150da26#80-t2, previous=(t:2, i:18), leaderCommit=14, initializing? false, entries: <empty>
2019-09-10 22:55:42,214 [java.util.concurrent.ThreadPoolExecutor$Worker@15fc1543[State = -1, empty queue]] WARN  server.GrpcLogAppender (GrpcLogAppender.java:timeoutAppendRequest(200)) - cd8a5650-cbc3-492b-920c-c46f29e91709@group-05F713A51810->c564eaa4-7051-4a7d-897f-7be2f6aee35d-GrpcLogAppender: appendEntries Timeout, request=cd8a5650-cbc3-492b-920c-c46f29e91709->c564eaa4-7051-4a7d-897f-7be2f6aee35d#83-t3, previous=(t:3, i:20), leaderCommit=16, initializing? false, entries: <empty>
2019-09-10 22:55:42,214 [java.util.concurrent.ThreadPoolExecutor$Worker@26e891cb[State = -1, empty queue]] WARN  server.GrpcLogAppender (GrpcLogAppender.java:timeoutAppendRequest(200)) - cd8a5650-cbc3-492b-920c-c46f29e91709@group-05F713A51810->06814ee9-24b9-4aa5-b290-a3e9e2a386ef-GrpcLogAppender: appendEntries Timeout, request=cd8a5650-cbc3-492b-920c-c46f29e91709->06814ee9-24b9-4aa5-b290-a3e9e2a386ef#83-t3, previous=(t:3, i:20), leaderCommit=16, initializing? false, entries: <empty>
2019-09-10 22:55:42,341 [java.util.concurrent.ThreadPoolExecutor$Worker@8fceac1[State = -1, empty queue]] WARN  server.GrpcLogAppender (GrpcLogAppender.java:timeoutAppendRequest(200)) - 61a249ca-8039-4b42-99f2-11fda8dbfc88@group-4AD3EF8E1477->85b41e89-4cf3-40c5-bca2-fe675a128b85-GrpcLogAppender: appendEntries Timeout, request=61a249ca-8039-4b42-99f2-11fda8dbfc88->85b41e89-4cf3-40c5-bca2-fe675a128b85#81-t2, previous=(t:2, i:18), leaderCommit=14, initializing? false, entries: <empty>
2019-09-10 22:55:42,341 [java.util.concurrent.ThreadPoolExecutor$Worker@7de6dcaa[State = -1, empty queue]] WARN  server.GrpcLogAppender (GrpcLogAppender.java:timeoutAppendRequest(200)) - 61a249ca-8039-4b42-99f2-11fda8dbfc88@group-4AD3EF8E1477->aaf3f7d3-af27-4405-89a7-731c9150da26-GrpcLogAppender: appendEntries Timeout, request=61a249ca-8039-4b42-99f2-11fda8dbfc88->aaf3f7d3-af27-4405-89a7-731c9150da26#81-t2, previous=(t:2, i:18), leaderCommit=14, initializing? false, entries: <empty>
2019-09-10 22:55:42,715 [java.util.concurrent.ThreadPoolExecutor$Worker@26e891cb[State = -1, empty queue]] WARN  server.GrpcLogAppender (GrpcLogAppender.java:timeoutAppendRequest(200)) - cd8a5650-cbc3-492b-920c-c46f29e91709@group-05F713A51810->06814ee9-24b9-4aa5-b290-a3e9e2a386ef-GrpcLogAppender: appendEntries Timeout, request=cd8a5650-cbc3-492b-920c-c46f29e91709->06814ee9-24b9-4aa5-b290-a3e9e2a386ef#84-t3, previous=(t:3, i:20), leaderCommit=16, initializing? false, entries: <empty>
2019-09-10 22:55:42,715 [java.util.concurrent.ThreadPoolExecutor$Worker@15fc1543[State = -1, empty queue]] WARN  server.GrpcLogAppender (GrpcLogAppender.java:timeoutAppendRequest(200)) - cd8a5650-cbc3-492b-920c-c46f29e91709@group-05F713A51810->c564eaa4-7051-4a7d-897f-7be2f6aee35d-GrpcLogAppender: appendEntries Timeout, request=cd8a5650-cbc3-492b-920c-c46f29e91709->c564eaa4-7051-4a7d-897f-7be2f6aee35d#84-t3, previous=(t:3, i:20), leaderCommit=16, initializing? false, entries: <empty>
2019-09-10 22:55:42,842 [java.util.concurrent.ThreadPoolExecutor$Worker@7de6dcaa[State = -1, empty queue]] WARN  server.GrpcLogAppender (GrpcLogAppender.java:timeoutAppendRequest(200)) - 61a249ca-8039-4b42-99f2-11fda8dbfc88@group-4AD3EF8E1477->aaf3f7d3-af27-4405-89a7-731c9150da26-GrpcLogAppender: appendEntries Timeout, request=61a249ca-8039-4b42-99f2-11fda8dbfc88->aaf3f7d3-af27-4405-89a7-731c9150da26#82-t2, previous=(t:2, i:18), leaderCommit=14, initializing? false, entries: <empty>
2019-09-10 22:55:42,842 [java.util.concurrent.ThreadPoolExecutor$Worker@8fceac1[State = -1, empty queue]] WARN  server.GrpcLogAppender (GrpcLogAppender.java:timeoutAppendRequest(200)) - 61a249ca-8039-4b42-99f2-11fda8dbfc88@group-4AD3EF8E1477->85b41e89-4cf3-40c5-bca2-fe675a128b85-GrpcLogAppender: appendEntries Timeout, request=61a249ca-8039-4b42-99f2-11fda8dbfc88->85b41e89-4cf3-40c5-bca2-fe675a128b85#82-t2, previous=(t:2, i:18), leaderCommit=14, initializing? false, entries: <empty>
2019-09-10 22:55:42,985 [grpc-default-executor-1] INFO  client.GrpcClientProtocolClient (GrpcClientProtocolClient.java:onNext(264)) - client-952E3BCC9DDC->85b41e89-4cf3-40c5-bca2-fe675a128b85: receive RaftClientReply:client-952E3BCC9DDC->85b41e89-4cf3-40c5-bca2-fe675a128b85@group-4AD3EF8E1477, cid=43, FAILED org.apache.ratis.protocol.NotLeaderException: Server 85b41e89-4cf3-40c5-bca2-fe675a128b85@group-4AD3EF8E1477 is not the leader 61a249ca-8039-4b42-99f2-11fda8dbfc88:192.168.34.57:42650, logIndex=0, commits[85b41e89-4cf3-40c5-bca2-fe675a128b85:c14, aaf3f7d3-af27-4405-89a7-731c9150da26:c14, 61a249ca-8039-4b42-99f2-11fda8dbfc88:c14]
2019-09-10 22:55:43,216 [java.util.concurrent.ThreadPoolExecutor$Worker@15fc1543[State = -1, empty queue]] WARN  server.GrpcLogAppender (GrpcLogAppender.java:timeoutAppendRequest(200)) - cd8a5650-cbc3-492b-920c-c46f29e91709@group-05F713A51810->c564eaa4-7051-4a7d-897f-7be2f6aee35d-GrpcLogAppender: appendEntries Timeout, request=cd8a5650-cbc3-492b-920c-c46f29e91709->c564eaa4-7051-4a7d-897f-7be2f6aee35d#85-t3, previous=(t:3, i:20), leaderCommit=16, initializing? false, entries: <empty>
2019-09-10 22:55:43,216 [java.util.concurrent.ThreadPoolExecutor$Worker@26e891cb[State = -1, empty queue]] WARN  server.GrpcLogAppender (GrpcLogAppender.java:timeoutAppendRequest(200)) - cd8a5650-cbc3-492b-920c-c46f29e91709@group-05F713A51810->06814ee9-24b9-4aa5-b290-a3e9e2a386ef-GrpcLogAppender: appendEntries Timeout, request=cd8a5650-cbc3-492b-920c-c46f29e91709->06814ee9-24b9-4aa5-b290-a3e9e2a386ef#85-t3, previous=(t:3, i:20), leaderCommit=16, initializing? false, entries: <empty>
2019-09-10 22:55:43,342 [java.util.concurrent.ThreadPoolExecutor$Worker@8fceac1[State = -1, empty queue]] WARN  server.GrpcLogAppender (GrpcLogAppender.java:timeoutAppendRequest(200)) - 61a249ca-8039-4b42-99f2-11fda8dbfc88@group-4AD3EF8E1477->85b41e89-4cf3-40c5-bca2-fe675a128b85-GrpcLogAppender: appendEntries Timeout, request=61a249ca-8039-4b42-99f2-11fda8dbfc88->85b41e89-4cf3-40c5-bca2-fe675a128b85#83-t2, previous=(t:2, i:18), leaderCommit=14, initializing? false, entries: <empty>
2019-09-10 22:55:43,342 [java.util.concurrent.ThreadPoolExecutor$Worker@7de6dcaa[State = -1, empty queue]] WARN  server.GrpcLogAppender (GrpcLogAppender.java:timeoutAppendRequest(200)) - 61a249ca-8039-4b42-99f2-11fda8dbfc88@group-4AD3EF8E1477->aaf3f7d3-af27-4405-89a7-731c9150da26-GrpcLogAppender: appendEntries Timeout, request=61a249ca-8039-4b42-99f2-11fda8dbfc88->aaf3f7d3-af27-4405-89a7-731c9150da26#83-t2, previous=(t:2, i:18), leaderCommit=14, initializing? false, entries: <empty>
2019-09-10 22:55:43,717 [java.util.concurrent.ThreadPoolExecutor$Worker@15fc1543[State = -1, empty queue]] WARN  server.GrpcLogAppender (GrpcLogAppender.java:timeoutAppendRequest(200)) - cd8a5650-cbc3-492b-920c-c46f29e91709@group-05F713A51810->c564eaa4-7051-4a7d-897f-7be2f6aee35d-GrpcLogAppender: appendEntries Timeout, request=cd8a5650-cbc3-492b-920c-c46f29e91709->c564eaa4-7051-4a7d-897f-7be2f6aee35d#86-t3, previous=(t:3, i:20), leaderCommit=16, initializing? false, entries: <empty>
2019-09-10 22:55:43,717 [java.util.concurrent.ThreadPoolExecutor$Worker@26e891cb[State = -1, empty queue]] WARN  server.GrpcLogAppender (GrpcLogAppender.java:timeoutAppendRequest(200)) - cd8a5650-cbc3-492b-920c-c46f29e91709@group-05F713A51810->06814ee9-24b9-4aa5-b290-a3e9e2a386ef-GrpcLogAppender: appendEntries Timeout, request=cd8a5650-cbc3-492b-920c-c46f29e91709->06814ee9-24b9-4aa5-b290-a3e9e2a386ef#86-t3, previous=(t:3, i:20), leaderCommit=16, initializing? false, entries: <empty>
2019-09-10 22:55:43,844 [java.util.concurrent.ThreadPoolExecutor$Worker@7de6dcaa[State = -1, empty queue]] WARN  server.GrpcLogAppender (GrpcLogAppender.java:timeoutAppendRequest(200)) - 61a249ca-8039-4b42-99f2-11fda8dbfc88@group-4AD3EF8E1477->aaf3f7d3-af27-4405-89a7-731c9150da26-GrpcLogAppender: appendEntries Timeout, request=61a249ca-8039-4b42-99f2-11fda8dbfc88->aaf3f7d3-af27-4405-89a7-731c9150da26#84-t2, previous=(t:2, i:18), leaderCommit=14, initializing? false, entries: <empty>
2019-09-10 22:55:43,844 [java.util.concurrent.ThreadPoolExecutor$Worker@8fceac1[State = -1, empty queue]] WARN  server.GrpcLogAppender (GrpcLogAppender.java:timeoutAppendRequest(200)) - 61a249ca-8039-4b42-99f2-11fda8dbfc88@group-4AD3EF8E1477->85b41e89-4cf3-40c5-bca2-fe675a128b85-GrpcLogAppender: appendEntries Timeout, request=61a249ca-8039-4b42-99f2-11fda8dbfc88->85b41e89-4cf3-40c5-bca2-fe675a128b85#84-t2, previous=(t:2, i:18), leaderCommit=14, initializing? false, entries: <empty>
2019-09-10 22:55:44,217 [java.util.concurrent.ThreadPoolExecutor$Worker@26e891cb[State = -1, empty queue]] WARN  server.GrpcLogAppender (GrpcLogAppender.java:timeoutAppendRequest(200)) - cd8a5650-cbc3-492b-920c-c46f29e91709@group-05F713A51810->06814ee9-24b9-4aa5-b290-a3e9e2a386ef-GrpcLogAppender: appendEntries Timeout, request=cd8a5650-cbc3-492b-920c-c46f29e91709->06814ee9-24b9-4aa5-b290-a3e9e2a386ef#87-t3, previous=(t:3, i:20), leaderCommit=16, initializing? false, entries: <empty>
2019-09-10 22:55:44,217 [java.util.concurrent.ThreadPoolExecutor$Worker@15fc1543[State = -1, empty queue]] WARN  server.GrpcLogAppender (GrpcLogAppender.java:timeoutAppendRequest(200)) - cd8a5650-cbc3-492b-920c-c46f29e91709@group-05F713A51810->c564eaa4-7051-4a7d-897f-7be2f6aee35d-GrpcLogAppender: appendEntries Timeout, request=cd8a5650-cbc3-492b-920c-c46f29e91709->c564eaa4-7051-4a7d-897f-7be2f6aee35d#87-t3, previous=(t:3, i:20), leaderCommit=16, initializing? false, entries: <empty>
2019-09-10 22:55:44,344 [java.util.concurrent.ThreadPoolExecutor$Worker@8fceac1[State = -1, empty queue]] WARN  server.GrpcLogAppender (GrpcLogAppender.java:timeoutAppendRequest(200)) - 61a249ca-8039-4b42-99f2-11fda8dbfc88@group-4AD3EF8E1477->85b41e89-4cf3-40c5-bca2-fe675a128b85-GrpcLogAppender: appendEntries Timeout, request=61a249ca-8039-4b42-99f2-11fda8dbfc88->85b41e89-4cf3-40c5-bca2-fe675a128b85#85-t2, previous=(t:2, i:18), leaderCommit=14, initializing? false, entries: <empty>
2019-09-10 22:55:44,344 [java.util.concurrent.ThreadPoolExecutor$Worker@7de6dcaa[State = -1, empty queue]] WARN  server.GrpcLogAppender (GrpcLogAppender.java:timeoutAppendRequest(200)) - 61a249ca-8039-4b42-99f2-11fda8dbfc88@group-4AD3EF8E1477->aaf3f7d3-af27-4405-89a7-731c9150da26-GrpcLogAppender: appendEntries Timeout, request=61a249ca-8039-4b42-99f2-11fda8dbfc88->aaf3f7d3-af27-4405-89a7-731c9150da26#85-t2, previous=(t:2, i:18), leaderCommit=14, initializing? false, entries: <empty>
2019-09-10 22:55:44,717 [java.util.concurrent.ThreadPoolExecutor$Worker@26e891cb[State = -1, empty queue]] WARN  server.GrpcLogAppender (GrpcLogAppender.java:timeoutAppendRequest(200)) - cd8a5650-cbc3-492b-920c-c46f29e91709@group-05F713A51810->06814ee9-24b9-4aa5-b290-a3e9e2a386ef-GrpcLogAppender: appendEntries Timeout, request=cd8a5650-cbc3-492b-920c-c46f29e91709->06814ee9-24b9-4aa5-b290-a3e9e2a386ef#88-t3, previous=(t:3, i:20), leaderCommit=16, initializing? false, entries: <empty>
2019-09-10 22:55:44,717 [java.util.concurrent.ThreadPoolExecutor$Worker@15fc1543[State = -1, empty queue]] WARN  server.GrpcLogAppender (GrpcLogAppender.java:timeoutAppendRequest(200)) - cd8a5650-cbc3-492b-920c-c46f29e91709@group-05F713A51810->c564eaa4-7051-4a7d-897f-7be2f6aee35d-GrpcLogAppender: appendEntries Timeout, request=cd8a5650-cbc3-492b-920c-c46f29e91709->c564eaa4-7051-4a7d-897f-7be2f6aee35d#88-t3, previous=(t:3, i:20), leaderCommit=16, initializing? false, entries: <empty>
2019-09-10 22:55:44,844 [java.util.concurrent.ThreadPoolExecutor$Worker@8fceac1[State = -1, empty queue]] WARN  server.GrpcLogAppender (GrpcLogAppender.java:timeoutAppendRequest(200)) - 61a249ca-8039-4b42-99f2-11fda8dbfc88@group-4AD3EF8E1477->85b41e89-4cf3-40c5-bca2-fe675a128b85-GrpcLogAppender: appendEntries Timeout, request=61a249ca-8039-4b42-99f2-11fda8dbfc88->85b41e89-4cf3-40c5-bca2-fe675a128b85#86-t2, previous=(t:2, i:18), leaderCommit=14, initializing? false, entries: <empty>
2019-09-10 22:55:44,844 [java.util.concurrent.ThreadPoolExecutor$Worker@7de6dcaa[State = -1, empty queue]] WARN  server.GrpcLogAppender (GrpcLogAppender.java:timeoutAppendRequest(200)) - 61a249ca-8039-4b42-99f2-11fda8dbfc88@group-4AD3EF8E1477->aaf3f7d3-af27-4405-89a7-731c9150da26-GrpcLogAppender: appendEntries Timeout, request=61a249ca-8039-4b42-99f2-11fda8dbfc88->aaf3f7d3-af27-4405-89a7-731c9150da26#86-t2, previous=(t:2, i:18), leaderCommit=14, initializing? false, entries: <empty>
2019-09-10 22:55:45,218 [java.util.concurrent.ThreadPoolExecutor$Worker@26e891cb[State = -1, empty queue]] WARN  server.GrpcLogAppender (GrpcLogAppender.java:timeoutAppendRequest(200)) - cd8a5650-cbc3-492b-920c-c46f29e91709@group-05F713A51810->06814ee9-24b9-4aa5-b290-a3e9e2a386ef-GrpcLogAppender: appendEntries Timeout, request=cd8a5650-cbc3-492b-920c-c46f29e91709->06814ee9-24b9-4aa5-b290-a3e9e2a386ef#89-t3, previous=(t:3, i:20), leaderCommit=16, initializing? false, entries: <empty>
2019-09-10 22:55:45,218 [java.util.concurrent.ThreadPoolExecutor$Worker@15fc1543[State = -1, empty queue]] WARN  server.GrpcLogAppender (GrpcLogAppender.java:timeoutAppendRequest(200)) - cd8a5650-cbc3-492b-920c-c46f29e91709@group-05F713A51810->c564eaa4-7051-4a7d-897f-7be2f6aee35d-GrpcLogAppender: appendEntries Timeout, request=cd8a5650-cbc3-492b-920c-c46f29e91709->c564eaa4-7051-4a7d-897f-7be2f6aee35d#89-t3, previous=(t:3, i:20), leaderCommit=16, initializing? false, entries: <empty>
2019-09-10 22:55:45,344 [java.util.concurrent.ThreadPoolExecutor$Worker@7de6dcaa[State = -1, empty queue]] WARN  server.GrpcLogAppender (GrpcLogAppender.java:timeoutAppendRequest(200)) - 61a249ca-8039-4b42-99f2-11fda8dbfc88@group-4AD3EF8E1477->aaf3f7d3-af27-4405-89a7-731c9150da26-GrpcLogAppender: appendEntries Timeout, request=61a249ca-8039-4b42-99f2-11fda8dbfc88->aaf3f7d3-af27-4405-89a7-731c9150da26#87-t2, previous=(t:2, i:18), leaderCommit=14, initializing? false, entries: <empty>
2019-09-10 22:55:45,344 [java.util.concurrent.ThreadPoolExecutor$Worker@8fceac1[State = -1, empty queue]] WARN  server.GrpcLogAppender (GrpcLogAppender.java:timeoutAppendRequest(200)) - 61a249ca-8039-4b42-99f2-11fda8dbfc88@group-4AD3EF8E1477->85b41e89-4cf3-40c5-bca2-fe675a128b85-GrpcLogAppender: appendEntries Timeout, request=61a249ca-8039-4b42-99f2-11fda8dbfc88->85b41e89-4cf3-40c5-bca2-fe675a128b85#87-t2, previous=(t:2, i:18), leaderCommit=14, initializing? false, entries: <empty>
2019-09-10 22:55:45,719 [java.util.concurrent.ThreadPoolExecutor$Worker@15fc1543[State = -1, empty queue]] WARN  server.GrpcLogAppender (GrpcLogAppender.java:timeoutAppendRequest(200)) - cd8a5650-cbc3-492b-920c-c46f29e91709@group-05F713A51810->c564eaa4-7051-4a7d-897f-7be2f6aee35d-GrpcLogAppender: appendEntries Timeout, request=cd8a5650-cbc3-492b-920c-c46f29e91709->c564eaa4-7051-4a7d-897f-7be2f6aee35d#90-t3, previous=(t:3, i:20), leaderCommit=16, initializing? false, entries: <empty>
2019-09-10 22:55:45,719 [java.util.concurrent.ThreadPoolExecutor$Worker@26e891cb[State = -1, empty queue]] WARN  server.GrpcLogAppender (GrpcLogAppender.java:timeoutAppendRequest(200)) - cd8a5650-cbc3-492b-920c-c46f29e91709@group-05F713A51810->06814ee9-24b9-4aa5-b290-a3e9e2a386ef-GrpcLogAppender: appendEntries Timeout, request=cd8a5650-cbc3-492b-920c-c46f29e91709->06814ee9-24b9-4aa5-b290-a3e9e2a386ef#90-t3, previous=(t:3, i:20), leaderCommit=16, initializing? false, entries: <empty>
2019-09-10 22:55:45,845 [java.util.concurrent.ThreadPoolExecutor$Worker@7de6dcaa[State = -1, empty queue]] WARN  server.GrpcLogAppender (GrpcLogAppender.java:timeoutAppendRequest(200)) - 61a249ca-8039-4b42-99f2-11fda8dbfc88@group-4AD3EF8E1477->aaf3f7d3-af27-4405-89a7-731c9150da26-GrpcLogAppender: appendEntries Timeout, request=61a249ca-8039-4b42-99f2-11fda8dbfc88->aaf3f7d3-af27-4405-89a7-731c9150da26#88-t2, previous=(t:2, i:18), leaderCommit=14, initializing? false, entries: <empty>
2019-09-10 22:55:45,845 [java.util.concurrent.ThreadPoolExecutor$Worker@8fceac1[State = -1, empty queue]] WARN  server.GrpcLogAppender (GrpcLogAppender.java:timeoutAppendRequest(200)) - 61a249ca-8039-4b42-99f2-11fda8dbfc88@group-4AD3EF8E1477->85b41e89-4cf3-40c5-bca2-fe675a128b85-GrpcLogAppender: appendEntries Timeout, request=61a249ca-8039-4b42-99f2-11fda8dbfc88->85b41e89-4cf3-40c5-bca2-fe675a128b85#88-t2, previous=(t:2, i:18), leaderCommit=14, initializing? false, entries: <empty>
2019-09-10 22:55:46,011 [main] WARN  io.KeyOutputStream (KeyOutputStream.java:handleException(276)) - Encountered exception java.io.IOException: Unexpected Storage Container Exception: java.util.concurrent.CompletionException: java.util.concurrent.CompletionException: org.apache.ratis.protocol.RaftRetryFailureException: Failed RaftClientRequest:client-952E3BCC9DDC->61a249ca-8039-4b42-99f2-11fda8dbfc88@group-4AD3EF8E1477, cid=43, seq=9*, RW, org.apache.hadoop.hdds.scm.XceiverClientRatis$$Lambda$493/1069131391@1ee257ba for 10 attempts with RetryLimited(maxAttempts=10, sleepTime=1000ms) on the pipeline Pipeline[ Id: bb4e028f-f49f-4ed5-b4a7-4ad3ef8e1477, Nodes: 85b41e89-4cf3-40c5-bca2-fe675a128b85{ip: 192.168.34.57, host: pr-hdds-2106-sk2jr-1188266228, networkLocation: /default-rack, certSerialId: null}aaf3f7d3-af27-4405-89a7-731c9150da26{ip: 192.168.34.57, host: pr-hdds-2106-sk2jr-1188266228, networkLocation: /default-rack, certSerialId: null}61a249ca-8039-4b42-99f2-11fda8dbfc88{ip: 192.168.34.57, host: pr-hdds-2106-sk2jr-1188266228, networkLocation: /default-rack, certSerialId: null}, Type:RATIS, Factor:THREE, State:OPEN]. The last committed block length is 0, uncommitted data length is 2097152 retry count 0
2019-09-10 22:55:46,220 [java.util.concurrent.ThreadPoolExecutor$Worker@26e891cb[State = -1, empty queue]] WARN  server.GrpcLogAppender (GrpcLogAppender.java:timeoutAppendRequest(200)) - cd8a5650-cbc3-492b-920c-c46f29e91709@group-05F713A51810->06814ee9-24b9-4aa5-b290-a3e9e2a386ef-GrpcLogAppender: appendEntries Timeout, request=cd8a5650-cbc3-492b-920c-c46f29e91709->06814ee9-24b9-4aa5-b290-a3e9e2a386ef#91-t3, previous=(t:3, i:20), leaderCommit=16, initializing? false, entries: <empty>
2019-09-10 22:55:46,220 [java.util.concurrent.ThreadPoolExecutor$Worker@15fc1543[State = -1, empty queue]] WARN  server.GrpcLogAppender (GrpcLogAppender.java:timeoutAppendRequest(200)) - cd8a5650-cbc3-492b-920c-c46f29e91709@group-05F713A51810->c564eaa4-7051-4a7d-897f-7be2f6aee35d-GrpcLogAppender: appendEntries Timeout, request=cd8a5650-cbc3-492b-920c-c46f29e91709->c564eaa4-7051-4a7d-897f-7be2f6aee35d#91-t3, previous=(t:3, i:20), leaderCommit=16, initializing? false, entries: <empty>
2019-09-10 22:55:46,241 [grpc-default-executor-1] INFO  client.GrpcClientProtocolClient (GrpcClientProtocolClient.java:onNext(264)) - client-43EE1EA533E7->9a51610a-f282-4242-84b0-9cad669d08b8: receive RaftClientReply:client-43EE1EA533E7->9a51610a-f282-4242-84b0-9cad669d08b8@group-F5D172FB2954, cid=47, FAILED org.apache.ratis.protocol.NotLeaderException: Server 9a51610a-f282-4242-84b0-9cad669d08b8@group-F5D172FB2954 is not the leader 2f676a21-e66b-4fec-aeac-0283d98823a1:192.168.34.57:34748, logIndex=0, commits[9a51610a-f282-4242-84b0-9cad669d08b8:c0, 72e5a279-ca12-4c9e-91de-7e916f85cc8c:c0, 2f676a21-e66b-4fec-aeac-0283d98823a1:c0]
2019-09-10 22:55:46,345 [java.util.concurrent.ThreadPoolExecutor$Worker@7de6dcaa[State = -1, empty queue]] WARN  server.GrpcLogAppender (GrpcLogAppender.java:timeoutAppendRequest(200)) - 61a249ca-8039-4b42-99f2-11fda8dbfc88@group-4AD3EF8E1477->aaf3f7d3-af27-4405-89a7-731c9150da26-GrpcLogAppender: appendEntries Timeout, request=61a249ca-8039-4b42-99f2-11fda8dbfc88->aaf3f7d3-af27-4405-89a7-731c9150da26#89-t2, previous=(t:2, i:18), leaderCommit=14, initializing? false, entries: <empty>
2019-09-10 22:55:46,345 [java.util.concurrent.ThreadPoolExecutor$Worker@8fceac1[State = -1, empty queue]] WARN  server.GrpcLogAppender (GrpcLogAppender.java:timeoutAppendRequest(200)) - 61a249ca-8039-4b42-99f2-11fda8dbfc88@group-4AD3EF8E1477->85b41e89-4cf3-40c5-bca2-fe675a128b85-GrpcLogAppender: appendEntries Timeout, request=61a249ca-8039-4b42-99f2-11fda8dbfc88->85b41e89-4cf3-40c5-bca2-fe675a128b85#89-t2, previous=(t:2, i:18), leaderCommit=14, initializing? false, entries: <empty>
2019-09-10 22:55:46,396 [grpc-default-executor-2] INFO  client.GrpcClientProtocolClient (GrpcClientProtocolClient.java:onNext(264)) - client-43EE1EA533E7->2f676a21-e66b-4fec-aeac-0283d98823a1: receive RaftClientReply:client-43EE1EA533E7->2f676a21-e66b-4fec-aeac-0283d98823a1@group-F5D172FB2954, cid=47, SUCCESS, logIndex=1, commits[2f676a21-e66b-4fec-aeac-0283d98823a1:c1, 72e5a279-ca12-4c9e-91de-7e916f85cc8c:c0, 9a51610a-f282-4242-84b0-9cad669d08b8:c0]
2019-09-10 22:55:46,442 [grpc-default-executor-2] INFO  client.GrpcClientProtocolClient (GrpcClientProtocolClient.java:onNext(264)) - client-43EE1EA533E7->2f676a21-e66b-4fec-aeac-0283d98823a1: receive RaftClientReply:client-43EE1EA533E7->2f676a21-e66b-4fec-aeac-0283d98823a1@group-F5D172FB2954, cid=48, SUCCESS, logIndex=3, commits[2f676a21-e66b-4fec-aeac-0283d98823a1:c8, 72e5a279-ca12-4c9e-91de-7e916f85cc8c:c6, 9a51610a-f282-4242-84b0-9cad669d08b8:c6]
2019-09-10 22:55:46,443 [grpc-default-executor-2] INFO  client.GrpcClientProtocolClient (GrpcClientProtocolClient.java:onNext(264)) - client-43EE1EA533E7->2f676a21-e66b-4fec-aeac-0283d98823a1: receive RaftClientReply:client-43EE1EA533E7->2f676a21-e66b-4fec-aeac-0283d98823a1@group-F5D172FB2954, cid=49, SUCCESS, logIndex=4, commits[2f676a21-e66b-4fec-aeac-0283d98823a1:c8, 72e5a279-ca12-4c9e-91de-7e916f85cc8c:c6, 9a51610a-f282-4242-84b0-9cad669d08b8:c6]
2019-09-10 22:55:46,471 [grpc-default-executor-2] INFO  client.GrpcClientProtocolClient (GrpcClientProtocolClient.java:onNext(264)) - client-43EE1EA533E7->2f676a21-e66b-4fec-aeac-0283d98823a1: receive RaftClientReply:client-43EE1EA533E7->2f676a21-e66b-4fec-aeac-0283d98823a1@group-F5D172FB2954, cid=50, SUCCESS, logIndex=6, commits[2f676a21-e66b-4fec-aeac-0283d98823a1:c8, 72e5a279-ca12-4c9e-91de-7e916f85cc8c:c6, 9a51610a-f282-4242-84b0-9cad669d08b8:c6]
2019-09-10 22:55:46,712 [Datanode State Machine Thread - 0] INFO  statemachine.DatanodeStateMachine (DatanodeStateMachine.java:lambda$startDaemon$0(350)) - Ozone container server started.
2019-09-10 22:55:46,720 [java.util.concurrent.ThreadPoolExecutor$Worker@26e891cb[State = -1, empty queue]] WARN  server.GrpcLogAppender (GrpcLogAppender.java:timeoutAppendRequest(200)) - cd8a5650-cbc3-492b-920c-c46f29e91709@group-05F713A51810->06814ee9-24b9-4aa5-b290-a3e9e2a386ef-GrpcLogAppender: appendEntries Timeout, request=cd8a5650-cbc3-492b-920c-c46f29e91709->06814ee9-24b9-4aa5-b290-a3e9e2a386ef#92-t3, previous=(t:3, i:20), leaderCommit=16, initializing? false, entries: <empty>
2019-09-10 22:55:46,720 [java.util.concurrent.ThreadPoolExecutor$Worker@15fc1543[State = -1, empty queue]] WARN  server.GrpcLogAppender (GrpcLogAppender.java:timeoutAppendRequest(200)) - cd8a5650-cbc3-492b-920c-c46f29e91709@group-05F713A51810->c564eaa4-7051-4a7d-897f-7be2f6aee35d-GrpcLogAppender: appendEntries Timeout, request=cd8a5650-cbc3-492b-920c-c46f29e91709->c564eaa4-7051-4a7d-897f-7be2f6aee35d#92-t3, previous=(t:3, i:20), leaderCommit=16, initializing? false, entries: <empty>
2019-09-10 22:55:46,845 [java.util.concurrent.ThreadPoolExecutor$Worker@7de6dcaa[State = -1, empty queue]] WARN  server.GrpcLogAppender (GrpcLogAppender.java:timeoutAppendRequest(200)) - 61a249ca-8039-4b42-99f2-11fda8dbfc88@group-4AD3EF8E1477->aaf3f7d3-af27-4405-89a7-731c9150da26-GrpcLogAppender: appendEntries Timeout, request=61a249ca-8039-4b42-99f2-11fda8dbfc88->aaf3f7d3-af27-4405-89a7-731c9150da26#90-t2, previous=(t:2, i:18), leaderCommit=14, initializing? false, entries: <empty>
2019-09-10 22:55:46,845 [java.util.concurrent.ThreadPoolExecutor$Worker@8fceac1[State = -1, empty queue]] WARN  server.GrpcLogAppender (GrpcLogAppender.java:timeoutAppendRequest(200)) - 61a249ca-8039-4b42-99f2-11fda8dbfc88@group-4AD3EF8E1477->85b41e89-4cf3-40c5-bca2-fe675a128b85-GrpcLogAppender: appendEntries Timeout, request=61a249ca-8039-4b42-99f2-11fda8dbfc88->85b41e89-4cf3-40c5-bca2-fe675a128b85#90-t2, previous=(t:2, i:18), leaderCommit=14, initializing? false, entries: <empty>
2019-09-10 22:55:47,222 [java.util.concurrent.ThreadPoolExecutor$Worker@15fc1543[State = -1, empty queue]] WARN  server.GrpcLogAppender (GrpcLogAppender.java:timeoutAppendRequest(200)) - cd8a5650-cbc3-492b-920c-c46f29e91709@group-05F713A51810->c564eaa4-7051-4a7d-897f-7be2f6aee35d-GrpcLogAppender: appendEntries Timeout, request=cd8a5650-cbc3-492b-920c-c46f29e91709->c564eaa4-7051-4a7d-897f-7be2f6aee35d#93-t3, previous=(t:3, i:20), leaderCommit=16, initializing? false, entries: <empty>
2019-09-10 22:55:47,223 [java.util.concurrent.ThreadPoolExecutor$Worker@26e891cb[State = -1, empty queue]] WARN  server.GrpcLogAppender (GrpcLogAppender.java:timeoutAppendRequest(200)) - cd8a5650-cbc3-492b-920c-c46f29e91709@group-05F713A51810->06814ee9-24b9-4aa5-b290-a3e9e2a386ef-GrpcLogAppender: appendEntries Timeout, request=cd8a5650-cbc3-492b-920c-c46f29e91709->06814ee9-24b9-4aa5-b290-a3e9e2a386ef#93-t3, previous=(t:3, i:20), leaderCommit=16, initializing? false, entries: <empty>
2019-09-10 22:55:47,346 [java.util.concurrent.ThreadPoolExecutor$Worker@7de6dcaa[State = -1, empty queue]] WARN  server.GrpcLogAppender (GrpcLogAppender.java:timeoutAppendRequest(200)) - 61a249ca-8039-4b42-99f2-11fda8dbfc88@group-4AD3EF8E1477->aaf3f7d3-af27-4405-89a7-731c9150da26-GrpcLogAppender: appendEntries Timeout, request=61a249ca-8039-4b42-99f2-11fda8dbfc88->aaf3f7d3-af27-4405-89a7-731c9150da26#91-t2, previous=(t:2, i:18), leaderCommit=14, initializing? false, entries: <empty>
2019-09-10 22:55:47,346 [java.util.concurrent.ThreadPoolExecutor$Worker@8fceac1[State = -1, empty queue]] WARN  server.GrpcLogAppender (GrpcLogAppender.java:timeoutAppendRequest(200)) - 61a249ca-8039-4b42-99f2-11fda8dbfc88@group-4AD3EF8E1477->85b41e89-4cf3-40c5-bca2-fe675a128b85-GrpcLogAppender: appendEntries Timeout, request=61a249ca-8039-4b42-99f2-11fda8dbfc88->85b41e89-4cf3-40c5-bca2-fe675a128b85#91-t2, previous=(t:2, i:18), leaderCommit=14, initializing? false, entries: <empty>
2019-09-10 22:55:47,723 [java.util.concurrent.ThreadPoolExecutor$Worker@15fc1543[State = -1, empty queue]] WARN  server.GrpcLogAppender (GrpcLogAppender.java:timeoutAppendRequest(200)) - cd8a5650-cbc3-492b-920c-c46f29e91709@group-05F713A51810->c564eaa4-7051-4a7d-897f-7be2f6aee35d-GrpcLogAppender: appendEntries Timeout, request=cd8a5650-cbc3-492b-920c-c46f29e91709->c564eaa4-7051-4a7d-897f-7be2f6aee35d#94-t3, previous=(t:3, i:20), leaderCommit=16, initializing? false, entries: <empty>
2019-09-10 22:55:47,723 [java.util.concurrent.ThreadPoolExecutor$Worker@26e891cb[State = -1, empty queue]] WARN  server.GrpcLogAppender (GrpcLogAppender.java:timeoutAppendRequest(200)) - cd8a5650-cbc3-492b-920c-c46f29e91709@group-05F713A51810->06814ee9-24b9-4aa5-b290-a3e9e2a386ef-GrpcLogAppender: appendEntries Timeout, request=cd8a5650-cbc3-492b-920c-c46f29e91709->06814ee9-24b9-4aa5-b290-a3e9e2a386ef#94-t3, previous=(t:3, i:20), leaderCommit=16, initializing? false, entries: <empty>
2019-09-10 22:55:47,813 [61a249ca-8039-4b42-99f2-11fda8dbfc88@group-4AD3EF8E1477-SegmentedRaftLogWorker] WARN  segmented.SegmentedRaftLogWorker (SegmentedRaftLogWorker.java:getFromFuture(90)) - Timeout 1/~
org.apache.ratis.protocol.TimeoutIOException: Timeout 10s: WriteLog:15: (t:2, i:15), STATEMACHINELOGENTRY, client-952E3BCC9DDC, cid=43-writeStateMachineData
	at org.apache.ratis.util.IOUtils.getFromFuture(IOUtils.java:87)
	at org.apache.ratis.server.raftlog.segmented.SegmentedRaftLogWorker$StateMachineDataPolicy.getFromFuture(SegmentedRaftLogWorker.java:87)
	at org.apache.ratis.server.raftlog.segmented.SegmentedRaftLogWorker$WriteLog.execute(SegmentedRaftLogWorker.java:477)
	at org.apache.ratis.server.raftlog.segmented.SegmentedRaftLogWorker.run(SegmentedRaftLogWorker.java:289)
	at java.lang.Thread.run(Thread.java:748)
Caused by: java.util.concurrent.TimeoutException
	at java.util.concurrent.CompletableFuture.timedGet(CompletableFuture.java:1771)
	at java.util.concurrent.CompletableFuture.get(CompletableFuture.java:1915)
	at org.apache.ratis.util.IOUtils.getFromFuture(IOUtils.java:79)
	... 4 more
2019-09-10 22:55:47,825 [85b41e89-4cf3-40c5-bca2-fe675a128b85@group-4AD3EF8E1477-SegmentedRaftLogWorker] WARN  segmented.SegmentedRaftLogWorker (SegmentedRaftLogWorker.java:getFromFuture(90)) - Timeout 1/~
org.apache.ratis.protocol.TimeoutIOException: Timeout 10s: WriteLog:15: (t:2, i:15), STATEMACHINELOGENTRY, client-952E3BCC9DDC, cid=43-writeStateMachineData
	at org.apache.ratis.util.IOUtils.getFromFuture(IOUtils.java:87)
	at org.apache.ratis.server.raftlog.segmented.SegmentedRaftLogWorker$StateMachineDataPolicy.getFromFuture(SegmentedRaftLogWorker.java:87)
	at org.apache.ratis.server.raftlog.segmented.SegmentedRaftLogWorker$WriteLog.execute(SegmentedRaftLogWorker.java:477)
	at org.apache.ratis.server.raftlog.segmented.SegmentedRaftLogWorker.run(SegmentedRaftLogWorker.java:289)
	at java.lang.Thread.run(Thread.java:748)
Caused by: java.util.concurrent.TimeoutException
	at java.util.concurrent.CompletableFuture.timedGet(CompletableFuture.java:1771)
	at java.util.concurrent.CompletableFuture.get(CompletableFuture.java:1915)
	at org.apache.ratis.util.IOUtils.getFromFuture(IOUtils.java:79)
	... 4 more
2019-09-10 22:55:47,846 [java.util.concurrent.ThreadPoolExecutor$Worker@8fceac1[State = -1, empty queue]] WARN  server.GrpcLogAppender (GrpcLogAppender.java:timeoutAppendRequest(200)) - 61a249ca-8039-4b42-99f2-11fda8dbfc88@group-4AD3EF8E1477->85b41e89-4cf3-40c5-bca2-fe675a128b85-GrpcLogAppender: appendEntries Timeout, request=61a249ca-8039-4b42-99f2-11fda8dbfc88->85b41e89-4cf3-40c5-bca2-fe675a128b85#92-t2, previous=(t:2, i:18), leaderCommit=14, initializing? false, entries: <empty>
2019-09-10 22:55:47,846 [java.util.concurrent.ThreadPoolExecutor$Worker@7de6dcaa[State = -1, empty queue]] WARN  server.GrpcLogAppender (GrpcLogAppender.java:timeoutAppendRequest(200)) - 61a249ca-8039-4b42-99f2-11fda8dbfc88@group-4AD3EF8E1477->aaf3f7d3-af27-4405-89a7-731c9150da26-GrpcLogAppender: appendEntries Timeout, request=61a249ca-8039-4b42-99f2-11fda8dbfc88->aaf3f7d3-af27-4405-89a7-731c9150da26#92-t2, previous=(t:2, i:18), leaderCommit=14, initializing? false, entries: <empty>
2019-09-10 22:55:47,908 [aaf3f7d3-af27-4405-89a7-731c9150da26@group-4AD3EF8E1477-SegmentedRaftLogWorker] WARN  segmented.SegmentedRaftLogWorker (SegmentedRaftLogWorker.java:getFromFuture(90)) - Timeout 1/~
org.apache.ratis.protocol.TimeoutIOException: Timeout 10s: WriteLog:17: (t:2, i:17), STATEMACHINELOGENTRY, client-952E3BCC9DDC, cid=45-writeStateMachineData
	at org.apache.ratis.util.IOUtils.getFromFuture(IOUtils.java:87)
	at org.apache.ratis.server.raftlog.segmented.SegmentedRaftLogWorker$StateMachineDataPolicy.getFromFuture(SegmentedRaftLogWorker.java:87)
	at org.apache.ratis.server.raftlog.segmented.SegmentedRaftLogWorker$WriteLog.execute(SegmentedRaftLogWorker.java:477)
	at org.apache.ratis.server.raftlog.segmented.SegmentedRaftLogWorker.run(SegmentedRaftLogWorker.java:289)
	at java.lang.Thread.run(Thread.java:748)
Caused by: java.util.concurrent.TimeoutException
	at java.util.concurrent.CompletableFuture.timedGet(CompletableFuture.java:1771)
	at java.util.concurrent.CompletableFuture.get(CompletableFuture.java:1915)
	at org.apache.ratis.util.IOUtils.getFromFuture(IOUtils.java:79)
	... 4 more
2019-09-10 22:55:48,233 [java.util.concurrent.ThreadPoolExecutor$Worker@26e891cb[State = -1, empty queue]] WARN  server.GrpcLogAppender (GrpcLogAppender.java:timeoutAppendRequest(200)) - cd8a5650-cbc3-492b-920c-c46f29e91709@group-05F713A51810->06814ee9-24b9-4aa5-b290-a3e9e2a386ef-GrpcLogAppender: appendEntries Timeout, request=cd8a5650-cbc3-492b-920c-c46f29e91709->06814ee9-24b9-4aa5-b290-a3e9e2a386ef#95-t3, previous=(t:3, i:20), leaderCommit=16, initializing? false, entries: <empty>
2019-09-10 22:55:48,233 [java.util.concurrent.ThreadPoolExecutor$Worker@15fc1543[State = -1, empty queue]] WARN  server.GrpcLogAppender (GrpcLogAppender.java:timeoutAppendRequest(200)) - cd8a5650-cbc3-492b-920c-c46f29e91709@group-05F713A51810->c564eaa4-7051-4a7d-897f-7be2f6aee35d-GrpcLogAppender: appendEntries Timeout, request=cd8a5650-cbc3-492b-920c-c46f29e91709->c564eaa4-7051-4a7d-897f-7be2f6aee35d#95-t3, previous=(t:3, i:20), leaderCommit=16, initializing? false, entries: <empty>
2019-09-10 22:55:48,347 [java.util.concurrent.ThreadPoolExecutor$Worker@7de6dcaa[State = -1, empty queue]] WARN  server.GrpcLogAppender (GrpcLogAppender.java:timeoutAppendRequest(200)) - 61a249ca-8039-4b42-99f2-11fda8dbfc88@group-4AD3EF8E1477->aaf3f7d3-af27-4405-89a7-731c9150da26-GrpcLogAppender: appendEntries Timeout, request=61a249ca-8039-4b42-99f2-11fda8dbfc88->aaf3f7d3-af27-4405-89a7-731c9150da26#93-t2, previous=(t:2, i:18), leaderCommit=14, initializing? false, entries: <empty>
2019-09-10 22:55:48,347 [java.util.concurrent.ThreadPoolExecutor$Worker@8fceac1[State = -1, empty queue]] WARN  server.GrpcLogAppender (GrpcLogAppender.java:timeoutAppendRequest(200)) - 61a249ca-8039-4b42-99f2-11fda8dbfc88@group-4AD3EF8E1477->85b41e89-4cf3-40c5-bca2-fe675a128b85-GrpcLogAppender: appendEntries Timeout, request=61a249ca-8039-4b42-99f2-11fda8dbfc88->85b41e89-4cf3-40c5-bca2-fe675a128b85#93-t2, previous=(t:2, i:18), leaderCommit=14, initializing? false, entries: <empty>
2019-09-10 22:55:48,717 [cd8a5650-cbc3-492b-920c-c46f29e91709@group-05F713A51810-SegmentedRaftLogWorker] WARN  segmented.SegmentedRaftLogWorker (SegmentedRaftLogWorker.java:getFromFuture(90)) - Timeout 3/~
org.apache.ratis.protocol.TimeoutIOException: Timeout 10s: WriteLog:19: (t:3, i:19), STATEMACHINELOGENTRY, client-559D44C1B0F8, cid=31-writeStateMachineData
	at org.apache.ratis.util.IOUtils.getFromFuture(IOUtils.java:87)
	at org.apache.ratis.server.raftlog.segmented.SegmentedRaftLogWorker$StateMachineDataPolicy.getFromFuture(SegmentedRaftLogWorker.java:87)
	at org.apache.ratis.server.raftlog.segmented.SegmentedRaftLogWorker$WriteLog.execute(SegmentedRaftLogWorker.java:477)
	at org.apache.ratis.server.raftlog.segmented.SegmentedRaftLogWorker.run(SegmentedRaftLogWorker.java:289)
	at java.lang.Thread.run(Thread.java:748)
Caused by: java.util.concurrent.TimeoutException
	at java.util.concurrent.CompletableFuture.timedGet(CompletableFuture.java:1771)
	at java.util.concurrent.CompletableFuture.get(CompletableFuture.java:1915)
	at org.apache.ratis.util.IOUtils.getFromFuture(IOUtils.java:79)
	... 4 more
2019-09-10 22:55:48,718 [06814ee9-24b9-4aa5-b290-a3e9e2a386ef@group-05F713A51810-SegmentedRaftLogWorker] WARN  segmented.SegmentedRaftLogWorker (SegmentedRaftLogWorker.java:getFromFuture(90)) - Timeout 3/~
org.apache.ratis.protocol.TimeoutIOException: Timeout 10s: WriteLog:19: (t:3, i:19), STATEMACHINELOGENTRY, client-559D44C1B0F8, cid=31-writeStateMachineData
	at org.apache.ratis.util.IOUtils.getFromFuture(IOUtils.java:87)
	at org.apache.ratis.server.raftlog.segmented.SegmentedRaftLogWorker$StateMachineDataPolicy.getFromFuture(SegmentedRaftLogWorker.java:87)
	at org.apache.ratis.server.raftlog.segmented.SegmentedRaftLogWorker$WriteLog.execute(SegmentedRaftLogWorker.java:477)
	at org.apache.ratis.server.raftlog.segmented.SegmentedRaftLogWorker.run(SegmentedRaftLogWorker.java:289)
	at java.lang.Thread.run(Thread.java:748)
Caused by: java.util.concurrent.TimeoutException
	at java.util.concurrent.CompletableFuture.timedGet(CompletableFuture.java:1771)
	at java.util.concurrent.CompletableFuture.get(CompletableFuture.java:1915)
	at org.apache.ratis.util.IOUtils.getFromFuture(IOUtils.java:79)
	... 4 more
2019-09-10 22:55:48,718 [c564eaa4-7051-4a7d-897f-7be2f6aee35d@group-05F713A51810-SegmentedRaftLogWorker] WARN  segmented.SegmentedRaftLogWorker (SegmentedRaftLogWorker.java:getFromFuture(90)) - Timeout 3/~
org.apache.ratis.protocol.TimeoutIOException: Timeout 10s: WriteLog:19: (t:3, i:19), STATEMACHINELOGENTRY, client-559D44C1B0F8, cid=31-writeStateMachineData
	at org.apache.ratis.util.IOUtils.getFromFuture(IOUtils.java:87)
	at org.apache.ratis.server.raftlog.segmented.SegmentedRaftLogWorker$StateMachineDataPolicy.getFromFuture(SegmentedRaftLogWorker.java:87)
	at org.apache.ratis.server.raftlog.segmented.SegmentedRaftLogWorker$WriteLog.execute(SegmentedRaftLogWorker.java:477)
	at org.apache.ratis.server.raftlog.segmented.SegmentedRaftLogWorker.run(SegmentedRaftLogWorker.java:289)
	at java.lang.Thread.run(Thread.java:748)
Caused by: java.util.concurrent.TimeoutException
	at java.util.concurrent.CompletableFuture.timedGet(CompletableFuture.java:1771)
	at java.util.concurrent.CompletableFuture.get(CompletableFuture.java:1915)
	at org.apache.ratis.util.IOUtils.getFromFuture(IOUtils.java:79)
	... 4 more
2019-09-10 22:55:48,734 [java.util.concurrent.ThreadPoolExecutor$Worker@26e891cb[State = -1, empty queue]] WARN  server.GrpcLogAppender (GrpcLogAppender.java:timeoutAppendRequest(200)) - cd8a5650-cbc3-492b-920c-c46f29e91709@group-05F713A51810->06814ee9-24b9-4aa5-b290-a3e9e2a386ef-GrpcLogAppender: appendEntries Timeout, request=cd8a5650-cbc3-492b-920c-c46f29e91709->06814ee9-24b9-4aa5-b290-a3e9e2a386ef#96-t3, previous=(t:3, i:20), leaderCommit=16, initializing? false, entries: <empty>
2019-09-10 22:55:48,734 [java.util.concurrent.ThreadPoolExecutor$Worker@15fc1543[State = -1, empty queue]] WARN  server.GrpcLogAppender (GrpcLogAppender.java:timeoutAppendRequest(200)) - cd8a5650-cbc3-492b-920c-c46f29e91709@group-05F713A51810->c564eaa4-7051-4a7d-897f-7be2f6aee35d-GrpcLogAppender: appendEntries Timeout, request=cd8a5650-cbc3-492b-920c-c46f29e91709->c564eaa4-7051-4a7d-897f-7be2f6aee35d#96-t3, previous=(t:3, i:20), leaderCommit=16, initializing? false, entries: <empty>
2019-09-10 22:55:48,847 [java.util.concurrent.ThreadPoolExecutor$Worker@8fceac1[State = -1, empty queue]] WARN  server.GrpcLogAppender (GrpcLogAppender.java:timeoutAppendRequest(200)) - 61a249ca-8039-4b42-99f2-11fda8dbfc88@group-4AD3EF8E1477->85b41e89-4cf3-40c5-bca2-fe675a128b85-GrpcLogAppender: appendEntries Timeout, request=61a249ca-8039-4b42-99f2-11fda8dbfc88->85b41e89-4cf3-40c5-bca2-fe675a128b85#94-t2, previous=(t:2, i:18), leaderCommit=14, initializing? false, entries: <empty>
2019-09-10 22:55:48,847 [java.util.concurrent.ThreadPoolExecutor$Worker@7de6dcaa[State = -1, empty queue]] WARN  server.GrpcLogAppender (GrpcLogAppender.java:timeoutAppendRequest(200)) - 61a249ca-8039-4b42-99f2-11fda8dbfc88@group-4AD3EF8E1477->aaf3f7d3-af27-4405-89a7-731c9150da26-GrpcLogAppender: appendEntries Timeout, request=61a249ca-8039-4b42-99f2-11fda8dbfc88->aaf3f7d3-af27-4405-89a7-731c9150da26#94-t2, previous=(t:2, i:18), leaderCommit=14, initializing? false, entries: <empty>
2019-09-10 22:55:49,234 [java.util.concurrent.ThreadPoolExecutor$Worker@15fc1543[State = -1, empty queue]] WARN  server.GrpcLogAppender (GrpcLogAppender.java:timeoutAppendRequest(200)) - cd8a5650-cbc3-492b-920c-c46f29e91709@group-05F713A51810->c564eaa4-7051-4a7d-897f-7be2f6aee35d-GrpcLogAppender: appendEntries Timeout, request=cd8a5650-cbc3-492b-920c-c46f29e91709->c564eaa4-7051-4a7d-897f-7be2f6aee35d#97-t3, previous=(t:3, i:20), leaderCommit=16, initializing? false, entries: <empty>
2019-09-10 22:55:49,234 [java.util.concurrent.ThreadPoolExecutor$Worker@26e891cb[State = -1, empty queue]] WARN  server.GrpcLogAppender (GrpcLogAppender.java:timeoutAppendRequest(200)) - cd8a5650-cbc3-492b-920c-c46f29e91709@group-05F713A51810->06814ee9-24b9-4aa5-b290-a3e9e2a386ef-GrpcLogAppender: appendEntries Timeout, request=cd8a5650-cbc3-492b-920c-c46f29e91709->06814ee9-24b9-4aa5-b290-a3e9e2a386ef#97-t3, previous=(t:3, i:20), leaderCommit=16, initializing? false, entries: <empty>
2019-09-10 22:55:49,351 [java.util.concurrent.ThreadPoolExecutor$Worker@7de6dcaa[State = -1, empty queue]] WARN  server.GrpcLogAppender (GrpcLogAppender.java:timeoutAppendRequest(200)) - 61a249ca-8039-4b42-99f2-11fda8dbfc88@group-4AD3EF8E1477->aaf3f7d3-af27-4405-89a7-731c9150da26-GrpcLogAppender: appendEntries Timeout, request=61a249ca-8039-4b42-99f2-11fda8dbfc88->aaf3f7d3-af27-4405-89a7-731c9150da26#95-t2, previous=(t:2, i:18), leaderCommit=14, initializing? false, entries: <empty>
2019-09-10 22:55:49,351 [java.util.concurrent.ThreadPoolExecutor$Worker@8fceac1[State = -1, empty queue]] WARN  server.GrpcLogAppender (GrpcLogAppender.java:timeoutAppendRequest(200)) - 61a249ca-8039-4b42-99f2-11fda8dbfc88@group-4AD3EF8E1477->85b41e89-4cf3-40c5-bca2-fe675a128b85-GrpcLogAppender: appendEntries Timeout, request=61a249ca-8039-4b42-99f2-11fda8dbfc88->85b41e89-4cf3-40c5-bca2-fe675a128b85#95-t2, previous=(t:2, i:18), leaderCommit=14, initializing? false, entries: <empty>
2019-09-10 22:55:49,734 [java.util.concurrent.ThreadPoolExecutor$Worker@15fc1543[State = -1, empty queue]] WARN  server.GrpcLogAppender (GrpcLogAppender.java:timeoutAppendRequest(200)) - cd8a5650-cbc3-492b-920c-c46f29e91709@group-05F713A51810->c564eaa4-7051-4a7d-897f-7be2f6aee35d-GrpcLogAppender: appendEntries Timeout, request=cd8a5650-cbc3-492b-920c-c46f29e91709->c564eaa4-7051-4a7d-897f-7be2f6aee35d#98-t3, previous=(t:3, i:20), leaderCommit=16, initializing? false, entries: <empty>
2019-09-10 22:55:49,734 [java.util.concurrent.ThreadPoolExecutor$Worker@26e891cb[State = -1, empty queue]] WARN  server.GrpcLogAppender (GrpcLogAppender.java:timeoutAppendRequest(200)) - cd8a5650-cbc3-492b-920c-c46f29e91709@group-05F713A51810->06814ee9-24b9-4aa5-b290-a3e9e2a386ef-GrpcLogAppender: appendEntries Timeout, request=cd8a5650-cbc3-492b-920c-c46f29e91709->06814ee9-24b9-4aa5-b290-a3e9e2a386ef#98-t3, previous=(t:3, i:20), leaderCommit=16, initializing? false, entries: <empty>
2019-09-10 22:55:49,851 [java.util.concurrent.ThreadPoolExecutor$Worker@7de6dcaa[State = -1, empty queue]] WARN  server.GrpcLogAppender (GrpcLogAppender.java:timeoutAppendRequest(200)) - 61a249ca-8039-4b42-99f2-11fda8dbfc88@group-4AD3EF8E1477->aaf3f7d3-af27-4405-89a7-731c9150da26-GrpcLogAppender: appendEntries Timeout, request=61a249ca-8039-4b42-99f2-11fda8dbfc88->aaf3f7d3-af27-4405-89a7-731c9150da26#96-t2, previous=(t:2, i:18), leaderCommit=14, initializing? false, entries: <empty>
2019-09-10 22:55:49,851 [java.util.concurrent.ThreadPoolExecutor$Worker@8fceac1[State = -1, empty queue]] WARN  server.GrpcLogAppender (GrpcLogAppender.java:timeoutAppendRequest(200)) - 61a249ca-8039-4b42-99f2-11fda8dbfc88@group-4AD3EF8E1477->85b41e89-4cf3-40c5-bca2-fe675a128b85-GrpcLogAppender: appendEntries Timeout, request=61a249ca-8039-4b42-99f2-11fda8dbfc88->85b41e89-4cf3-40c5-bca2-fe675a128b85#96-t2, previous=(t:2, i:18), leaderCommit=14, initializing? false, entries: <empty>
2019-09-10 22:55:50,235 [java.util.concurrent.ThreadPoolExecutor$Worker@26e891cb[State = -1, empty queue]] WARN  server.GrpcLogAppender (GrpcLogAppender.java:timeoutAppendRequest(200)) - cd8a5650-cbc3-492b-920c-c46f29e91709@group-05F713A51810->06814ee9-24b9-4aa5-b290-a3e9e2a386ef-GrpcLogAppender: appendEntries Timeout, request=cd8a5650-cbc3-492b-920c-c46f29e91709->06814ee9-24b9-4aa5-b290-a3e9e2a386ef#99-t3, previous=(t:3, i:20), leaderCommit=16, initializing? false, entries: <empty>
2019-09-10 22:55:50,235 [java.util.concurrent.ThreadPoolExecutor$Worker@15fc1543[State = -1, empty queue]] WARN  server.GrpcLogAppender (GrpcLogAppender.java:timeoutAppendRequest(200)) - cd8a5650-cbc3-492b-920c-c46f29e91709@group-05F713A51810->c564eaa4-7051-4a7d-897f-7be2f6aee35d-GrpcLogAppender: appendEntries Timeout, request=cd8a5650-cbc3-492b-920c-c46f29e91709->c564eaa4-7051-4a7d-897f-7be2f6aee35d#99-t3, previous=(t:3, i:20), leaderCommit=16, initializing? false, entries: <empty>
2019-09-10 22:55:50,351 [java.util.concurrent.ThreadPoolExecutor$Worker@8fceac1[State = -1, empty queue]] WARN  server.GrpcLogAppender (GrpcLogAppender.java:timeoutAppendRequest(200)) - 61a249ca-8039-4b42-99f2-11fda8dbfc88@group-4AD3EF8E1477->85b41e89-4cf3-40c5-bca2-fe675a128b85-GrpcLogAppender: appendEntries Timeout, request=61a249ca-8039-4b42-99f2-11fda8dbfc88->85b41e89-4cf3-40c5-bca2-fe675a128b85#97-t2, previous=(t:2, i:18), leaderCommit=14, initializing? false, entries: <empty>
2019-09-10 22:55:50,351 [java.util.concurrent.ThreadPoolExecutor$Worker@7de6dcaa[State = -1, empty queue]] WARN  server.GrpcLogAppender (GrpcLogAppender.java:timeoutAppendRequest(200)) - 61a249ca-8039-4b42-99f2-11fda8dbfc88@group-4AD3EF8E1477->aaf3f7d3-af27-4405-89a7-731c9150da26-GrpcLogAppender: appendEntries Timeout, request=61a249ca-8039-4b42-99f2-11fda8dbfc88->aaf3f7d3-af27-4405-89a7-731c9150da26#97-t2, previous=(t:2, i:18), leaderCommit=14, initializing? false, entries: <empty>
2019-09-10 22:55:50,735 [java.util.concurrent.ThreadPoolExecutor$Worker@26e891cb[State = -1, empty queue]] WARN  server.GrpcLogAppender (GrpcLogAppender.java:timeoutAppendRequest(200)) - cd8a5650-cbc3-492b-920c-c46f29e91709@group-05F713A51810->06814ee9-24b9-4aa5-b290-a3e9e2a386ef-GrpcLogAppender: appendEntries Timeout, request=cd8a5650-cbc3-492b-920c-c46f29e91709->06814ee9-24b9-4aa5-b290-a3e9e2a386ef#100-t3, previous=(t:3, i:20), leaderCommit=16, initializing? false, entries: <empty>
2019-09-10 22:55:50,735 [java.util.concurrent.ThreadPoolExecutor$Worker@15fc1543[State = -1, empty queue]] WARN  server.GrpcLogAppender (GrpcLogAppender.java:timeoutAppendRequest(200)) - cd8a5650-cbc3-492b-920c-c46f29e91709@group-05F713A51810->c564eaa4-7051-4a7d-897f-7be2f6aee35d-GrpcLogAppender: appendEntries Timeout, request=cd8a5650-cbc3-492b-920c-c46f29e91709->c564eaa4-7051-4a7d-897f-7be2f6aee35d#100-t3, previous=(t:3, i:20), leaderCommit=16, initializing? false, entries: <empty>
2019-09-10 22:55:50,852 [java.util.concurrent.ThreadPoolExecutor$Worker@7de6dcaa[State = -1, empty queue]] WARN  server.GrpcLogAppender (GrpcLogAppender.java:timeoutAppendRequest(200)) - 61a249ca-8039-4b42-99f2-11fda8dbfc88@group-4AD3EF8E1477->aaf3f7d3-af27-4405-89a7-731c9150da26-GrpcLogAppender: appendEntries Timeout, request=61a249ca-8039-4b42-99f2-11fda8dbfc88->aaf3f7d3-af27-4405-89a7-731c9150da26#98-t2, previous=(t:2, i:18), leaderCommit=14, initializing? false, entries: <empty>
2019-09-10 22:55:50,852 [java.util.concurrent.ThreadPoolExecutor$Worker@8fceac1[State = -1, empty queue]] WARN  server.GrpcLogAppender (GrpcLogAppender.java:timeoutAppendRequest(200)) - 61a249ca-8039-4b42-99f2-11fda8dbfc88@group-4AD3EF8E1477->85b41e89-4cf3-40c5-bca2-fe675a128b85-GrpcLogAppender: appendEntries Timeout, request=61a249ca-8039-4b42-99f2-11fda8dbfc88->85b41e89-4cf3-40c5-bca2-fe675a128b85#98-t2, previous=(t:2, i:18), leaderCommit=14, initializing? false, entries: <empty>
2019-09-10 22:55:51,235 [java.util.concurrent.ThreadPoolExecutor$Worker@26e891cb[State = -1, empty queue]] WARN  server.GrpcLogAppender (GrpcLogAppender.java:timeoutAppendRequest(200)) - cd8a5650-cbc3-492b-920c-c46f29e91709@group-05F713A51810->06814ee9-24b9-4aa5-b290-a3e9e2a386ef-GrpcLogAppender: appendEntries Timeout, request=cd8a5650-cbc3-492b-920c-c46f29e91709->06814ee9-24b9-4aa5-b290-a3e9e2a386ef#101-t3, previous=(t:3, i:20), leaderCommit=16, initializing? false, entries: <empty>
2019-09-10 22:55:51,235 [java.util.concurrent.ThreadPoolExecutor$Worker@15fc1543[State = -1, empty queue]] WARN  server.GrpcLogAppender (GrpcLogAppender.java:timeoutAppendRequest(200)) - cd8a5650-cbc3-492b-920c-c46f29e91709@group-05F713A51810->c564eaa4-7051-4a7d-897f-7be2f6aee35d-GrpcLogAppender: appendEntries Timeout, request=cd8a5650-cbc3-492b-920c-c46f29e91709->c564eaa4-7051-4a7d-897f-7be2f6aee35d#101-t3, previous=(t:3, i:20), leaderCommit=16, initializing? false, entries: <empty>
2019-09-10 22:55:51,352 [java.util.concurrent.ThreadPoolExecutor$Worker@8fceac1[State = -1, empty queue]] WARN  server.GrpcLogAppender (GrpcLogAppender.java:timeoutAppendRequest(200)) - 61a249ca-8039-4b42-99f2-11fda8dbfc88@group-4AD3EF8E1477->85b41e89-4cf3-40c5-bca2-fe675a128b85-GrpcLogAppender: appendEntries Timeout, request=61a249ca-8039-4b42-99f2-11fda8dbfc88->85b41e89-4cf3-40c5-bca2-fe675a128b85#99-t2, previous=(t:2, i:18), leaderCommit=14, initializing? false, entries: <empty>
2019-09-10 22:55:51,352 [java.util.concurrent.ThreadPoolExecutor$Worker@7de6dcaa[State = -1, empty queue]] WARN  server.GrpcLogAppender (GrpcLogAppender.java:timeoutAppendRequest(200)) - 61a249ca-8039-4b42-99f2-11fda8dbfc88@group-4AD3EF8E1477->aaf3f7d3-af27-4405-89a7-731c9150da26-GrpcLogAppender: appendEntries Timeout, request=61a249ca-8039-4b42-99f2-11fda8dbfc88->aaf3f7d3-af27-4405-89a7-731c9150da26#99-t2, previous=(t:2, i:18), leaderCommit=14, initializing? false, entries: <empty>
2019-09-10 22:55:51,476 [main] INFO  ozoneimpl.OzoneContainer (OzoneContainer.java:stop(231)) - Attempting to stop container services.
2019-09-10 22:55:51,478 [main] INFO  impl.RaftServerProxy (RaftServerProxy.java:lambda$close$4(314)) - cd8a5650-cbc3-492b-920c-c46f29e91709: close
2019-09-10 22:55:51,481 [main] INFO  impl.RaftServerImpl (RaftServerImpl.java:lambda$shutdown$3(251)) - cd8a5650-cbc3-492b-920c-c46f29e91709@group-D411FD4ECB82: shutdown
2019-09-10 22:55:51,481 [ForkJoinPool.commonPool-worker-1] INFO  impl.RaftServerImpl (RaftServerImpl.java:lambda$shutdown$3(251)) - cd8a5650-cbc3-492b-920c-c46f29e91709@group-05F713A51810: shutdown
2019-09-10 22:55:51,481 [main] INFO  util.JmxRegister (JmxRegister.java:unregister(73)) - Successfully un-registered JMX Bean with object name Ratis:service=RaftServer,group=group-D411FD4ECB82,id=cd8a5650-cbc3-492b-920c-c46f29e91709
2019-09-10 22:55:51,482 [ForkJoinPool.commonPool-worker-1] INFO  util.JmxRegister (JmxRegister.java:unregister(73)) - Successfully un-registered JMX Bean with object name Ratis:service=RaftServer,group=group-05F713A51810,id=cd8a5650-cbc3-492b-920c-c46f29e91709
2019-09-10 22:55:51,482 [main] INFO  impl.RoleInfo (RoleInfo.java:shutdownLeaderState(104)) - cd8a5650-cbc3-492b-920c-c46f29e91709: shutdown LeaderState
2019-09-10 22:55:51,482 [ForkJoinPool.commonPool-worker-1] INFO  impl.RoleInfo (RoleInfo.java:shutdownLeaderState(104)) - cd8a5650-cbc3-492b-920c-c46f29e91709: shutdown LeaderState
2019-09-10 22:55:51,483 [main] INFO  impl.PendingRequests (PendingRequests.java:sendNotLeaderResponses(202)) - cd8a5650-cbc3-492b-920c-c46f29e91709-PendingRequests: sendNotLeaderResponses
2019-09-10 22:55:51,493 [ForkJoinPool.commonPool-worker-1] INFO  impl.PendingRequests (PendingRequests.java:sendNotLeaderResponses(202)) - cd8a5650-cbc3-492b-920c-c46f29e91709-PendingRequests: sendNotLeaderResponses
2019-09-10 22:55:51,496 [org.apache.ratis.server.impl.LogAppender$AppenderDaemon$$Lambda$558/1313533176@6a19e42e] WARN  server.GrpcLogAppender (GrpcLogAppender.java:mayWait(143)) - cd8a5650-cbc3-492b-920c-c46f29e91709@group-05F713A51810->c564eaa4-7051-4a7d-897f-7be2f6aee35d-GrpcLogAppender: Wait interrupted by java.lang.InterruptedException
2019-09-10 22:55:51,496 [org.apache.ratis.server.impl.LogAppender$AppenderDaemon$$Lambda$558/1313533176@458152b7] WARN  server.GrpcLogAppender (GrpcLogAppender.java:mayWait(143)) - cd8a5650-cbc3-492b-920c-c46f29e91709@group-05F713A51810->06814ee9-24b9-4aa5-b290-a3e9e2a386ef-GrpcLogAppender: Wait interrupted by java.lang.InterruptedException
2019-09-10 22:55:51,499 [grpc-default-executor-2] INFO  server.GrpcServerProtocolService (GrpcServerProtocolService.java:onCompleted(113)) - 06814ee9-24b9-4aa5-b290-a3e9e2a386ef: Completed APPEND_ENTRIES, lastRequest: cd8a5650-cbc3-492b-920c-c46f29e91709->06814ee9-24b9-4aa5-b290-a3e9e2a386ef#107-t3, previous=(t:3, i:20), leaderCommit=16, initializing? false, entries: <empty>
2019-09-10 22:55:51,499 [grpc-default-executor-4] INFO  server.GrpcServerProtocolService (GrpcServerProtocolService.java:onCompleted(113)) - c564eaa4-7051-4a7d-897f-7be2f6aee35d: Completed APPEND_ENTRIES, lastRequest: cd8a5650-cbc3-492b-920c-c46f29e91709->c564eaa4-7051-4a7d-897f-7be2f6aee35d#107-t3, previous=(t:3, i:20), leaderCommit=16, initializing? false, entries: <empty>
2019-09-10 22:55:51,506 [main] INFO  impl.StateMachineUpdater (StateMachineUpdater.java:stopAndJoin(125)) - cd8a5650-cbc3-492b-920c-c46f29e91709@group-D411FD4ECB82-StateMachineUpdater: set stopIndex = 0
2019-09-10 22:55:51,506 [ForkJoinPool.commonPool-worker-1] INFO  impl.StateMachineUpdater (StateMachineUpdater.java:stopAndJoin(125)) - cd8a5650-cbc3-492b-920c-c46f29e91709@group-05F713A51810-StateMachineUpdater: set stopIndex = 16
2019-09-10 22:55:51,509 [main] INFO  impl.RaftServerImpl (ServerState.java:close(385)) - cd8a5650-cbc3-492b-920c-c46f29e91709@group-D411FD4ECB82: closes. applyIndex: 0
2019-09-10 22:55:51,510 [cd8a5650-cbc3-492b-920c-c46f29e91709@group-05F713A51810-StateMachineUpdater] INFO  ratis.ContainerStateMachine (ContainerStateMachine.java:takeSnapshot(289)) - group-05F713A51810: Taking a snapshot at:(t:3, i:14) file /workdir/hadoop-ozone/integration-test/target/test-dir/MiniOzoneClusterImpl-c8bd075b-66f7-4733-90c4-2d26ad6b76fb/datanode-3/data/ratis/8e72557a-6eb0-4d45-a7c1-05f713a51810/sm/snapshot.3_14
2019-09-10 22:55:51,510 [grpc-default-executor-2] INFO  server.GrpcLogAppender (GrpcLogAppender.java:onCompleted(293)) - cd8a5650-cbc3-492b-920c-c46f29e91709@group-05F713A51810->06814ee9-24b9-4aa5-b290-a3e9e2a386ef-AppendLogResponseHandler: follower responses appendEntries COMPLETED
2019-09-10 22:55:51,510 [grpc-default-executor-4] INFO  server.GrpcLogAppender (GrpcLogAppender.java:onCompleted(293)) - cd8a5650-cbc3-492b-920c-c46f29e91709@group-05F713A51810->c564eaa4-7051-4a7d-897f-7be2f6aee35d-AppendLogResponseHandler: follower responses appendEntries COMPLETED
2019-09-10 22:55:51,536 [grpc-default-executor-2] INFO  impl.FollowerInfo (FollowerInfo.java:lambda$new$0(51)) - cd8a5650-cbc3-492b-920c-c46f29e91709@group-05F713A51810->06814ee9-24b9-4aa5-b290-a3e9e2a386ef: nextIndex: updateUnconditionally 21 -> 17
2019-09-10 22:55:51,539 [cd8a5650-cbc3-492b-920c-c46f29e91709@group-D411FD4ECB82-SegmentedRaftLogWorker] INFO  segmented.SegmentedRaftLogWorker (SegmentedRaftLogWorker.java:run(313)) - cd8a5650-cbc3-492b-920c-c46f29e91709@group-D411FD4ECB82-SegmentedRaftLogWorker was interrupted, exiting. There are 0 tasks remaining in the queue.
2019-09-10 22:55:51,536 [grpc-default-executor-4] INFO  impl.FollowerInfo (FollowerInfo.java:lambda$new$0(51)) - cd8a5650-cbc3-492b-920c-c46f29e91709@group-05F713A51810->c564eaa4-7051-4a7d-897f-7be2f6aee35d: nextIndex: updateUnconditionally 21 -> 17
2019-09-10 22:55:51,544 [main] INFO  segmented.SegmentedRaftLogWorker (SegmentedRaftLogWorker.java:close(228)) - cd8a5650-cbc3-492b-920c-c46f29e91709@group-D411FD4ECB82-SegmentedRaftLogWorker close()
2019-09-10 22:55:51,591 [cd8a5650-cbc3-492b-920c-c46f29e91709@group-05F713A51810-StateMachineUpdater] INFO  ratis.ContainerStateMachine (ContainerStateMachine.java:takeSnapshot(300)) - group-05F713A51810: Finished taking a snapshot at:(t:3, i:14) file:/workdir/hadoop-ozone/integration-test/target/test-dir/MiniOzoneClusterImpl-c8bd075b-66f7-4733-90c4-2d26ad6b76fb/datanode-3/data/ratis/8e72557a-6eb0-4d45-a7c1-05f713a51810/sm/snapshot.3_14 time:81
2019-09-10 22:55:51,591 [cd8a5650-cbc3-492b-920c-c46f29e91709@group-05F713A51810-StateMachineUpdater] INFO  impl.StateMachineUpdater (StateMachineUpdater.java:takeSnapshot(258)) - cd8a5650-cbc3-492b-920c-c46f29e91709@group-05F713A51810-StateMachineUpdater: Took a snapshot at index 14
2019-09-10 22:55:51,591 [cd8a5650-cbc3-492b-920c-c46f29e91709@group-05F713A51810-StateMachineUpdater] INFO  impl.StateMachineUpdater (StateMachineUpdater.java:lambda$new$0(83)) - cd8a5650-cbc3-492b-920c-c46f29e91709@group-05F713A51810-StateMachineUpdater: snapshotIndex: updateIncreasingly -1 -> 14
2019-09-10 22:55:51,598 [cd8a5650-cbc3-492b-920c-c46f29e91709@group-05F713A51810-StateMachineUpdater] INFO  ratis.ContainerStateMachine (ContainerStateMachine.java:takeSnapshot(289)) - group-05F713A51810: Taking a snapshot at:(t:3, i:14) file /workdir/hadoop-ozone/integration-test/target/test-dir/MiniOzoneClusterImpl-c8bd075b-66f7-4733-90c4-2d26ad6b76fb/datanode-3/data/ratis/8e72557a-6eb0-4d45-a7c1-05f713a51810/sm/snapshot.3_14
2019-09-10 22:55:51,610 [cd8a5650-cbc3-492b-920c-c46f29e91709@group-05F713A51810-StateMachineUpdater] INFO  ratis.ContainerStateMachine (ContainerStateMachine.java:takeSnapshot(300)) - group-05F713A51810: Finished taking a snapshot at:(t:3, i:14) file:/workdir/hadoop-ozone/integration-test/target/test-dir/MiniOzoneClusterImpl-c8bd075b-66f7-4733-90c4-2d26ad6b76fb/datanode-3/data/ratis/8e72557a-6eb0-4d45-a7c1-05f713a51810/sm/snapshot.3_14 time:12
2019-09-10 22:55:51,610 [cd8a5650-cbc3-492b-920c-c46f29e91709@group-05F713A51810-StateMachineUpdater] INFO  impl.StateMachineUpdater (StateMachineUpdater.java:takeSnapshot(258)) - cd8a5650-cbc3-492b-920c-c46f29e91709@group-05F713A51810-StateMachineUpdater: Took a snapshot at index 14
2019-09-10 22:55:51,610 [cd8a5650-cbc3-492b-920c-c46f29e91709@group-05F713A51810-StateMachineUpdater] INFO  impl.StateMachineUpdater (StateMachineUpdater.java:lambda$new$0(83)) - cd8a5650-cbc3-492b-920c-c46f29e91709@group-05F713A51810-StateMachineUpdater: snapshotIndex: updateIncreasingly 14 -> 14
2019-09-10 22:55:51,610 [ForkJoinPool.commonPool-worker-1] INFO  impl.RaftServerImpl (ServerState.java:close(385)) - cd8a5650-cbc3-492b-920c-c46f29e91709@group-05F713A51810: closes. applyIndex: 16
2019-09-10 22:55:51,621 [cd8a5650-cbc3-492b-920c-c46f29e91709@group-05F713A51810-SegmentedRaftLogWorker] ERROR ratis.XceiverServerRatis (XceiverServerRatis.java:triggerPipelineClose(568)) - pipeline Action CLOSE  on pipeline PipelineID=8e72557a-6eb0-4d45-a7c1-05f713a51810.Reason : WriteLog:19: (t:3, i:19), STATEMACHINELOGENTRY, client-559D44C1B0F8, cid=31-writeStateMachineData interrupted.
2019-09-10 22:55:51,635 [ForkJoinPool.commonPool-worker-1] INFO  segmented.SegmentedRaftLogWorker (SegmentedRaftLogWorker.java:close(228)) - cd8a5650-cbc3-492b-920c-c46f29e91709@group-05F713A51810-SegmentedRaftLogWorker close()
2019-09-10 22:55:51,639 [main] INFO  server.GrpcService (GrpcService.java:closeImpl(164)) - cd8a5650-cbc3-492b-920c-c46f29e91709: shutdown server with port 39597 now
2019-09-10 22:55:51,642 [main] INFO  server.GrpcService (GrpcService.java:closeImpl(172)) - cd8a5650-cbc3-492b-920c-c46f29e91709: shutdown server with port 39597 successfully
2019-09-10 22:55:51,654 [refreshUsed-/workdir/hadoop-ozone/integration-test/target/test-dir/MiniOzoneClusterImpl-c8bd075b-66f7-4733-90c4-2d26ad6b76fb/datanode-3/data/containers] WARN  fs.CachingGetSpaceUsed (CachingGetSpaceUsed.java:run(183)) - Thread Interrupted waiting to refresh disk information: sleep interrupted
2019-09-10 22:55:51,674 [main] INFO  utils.BackgroundService (BackgroundService.java:shutdown(148)) - Shutting down service BlockDeletingService
2019-09-10 22:55:51,682 [main] INFO  statemachine.DatanodeStateMachine (DatanodeStateMachine.java:stopDaemon(395)) - Ozone container server stopped.
2019-09-10 22:55:51,688 [main] INFO  handler.ContextHandler (ContextHandler.java:doStop(910)) - Stopped o.e.j.w.WebAppContext@7d44a19{/,null,UNAVAILABLE}{/hddsDatanode}
2019-09-10 22:55:51,695 [main] INFO  server.AbstractConnector (AbstractConnector.java:doStop(318)) - Stopped ServerConnector@1fb2d5e{HTTP/1.1,[http/1.1]}{0.0.0.0:0}
2019-09-10 22:55:51,696 [main] INFO  handler.ContextHandler (ContextHandler.java:doStop(910)) - Stopped o.e.j.s.ServletContextHandler@53b7ce6{/static,jar:file:/home/user/.m2/repository/org/apache/hadoop/hadoop-hdds-container-service/0.5.0-SNAPSHOT/hadoop-hdds-container-service-0.5.0-SNAPSHOT.jar!/webapps/static,UNAVAILABLE}
2019-09-10 22:55:51,696 [main] INFO  handler.ContextHandler (ContextHandler.java:doStop(910)) - Stopped o.e.j.s.ServletContextHandler@74ecacc3{/logs,file:///workdir/hadoop-ozone/integration-test/target/log,UNAVAILABLE}
2019-09-10 22:55:51,759 [grpc-default-executor-3] INFO  client.GrpcClientProtocolClient (GrpcClientProtocolClient.java:onNext(264)) - client-43EE1EA533E7->2f676a21-e66b-4fec-aeac-0283d98823a1: receive RaftClientReply:client-43EE1EA533E7->2f676a21-e66b-4fec-aeac-0283d98823a1@group-F5D172FB2954, cid=51, SUCCESS, logIndex=9, commits[2f676a21-e66b-4fec-aeac-0283d98823a1:c10, 72e5a279-ca12-4c9e-91de-7e916f85cc8c:c8, 9a51610a-f282-4242-84b0-9cad669d08b8:c8]
2019-09-10 22:55:51,760 [grpc-default-executor-3] INFO  client.GrpcClientProtocolClient (GrpcClientProtocolClient.java:onNext(264)) - client-43EE1EA533E7->2f676a21-e66b-4fec-aeac-0283d98823a1: receive RaftClientReply:client-43EE1EA533E7->2f676a21-e66b-4fec-aeac-0283d98823a1@group-F5D172FB2954, cid=52, SUCCESS, logIndex=10, commits[2f676a21-e66b-4fec-aeac-0283d98823a1:c10, 72e5a279-ca12-4c9e-91de-7e916f85cc8c:c8, 9a51610a-f282-4242-84b0-9cad669d08b8:c8]
2019-09-10 22:55:51,778 [grpc-default-executor-2] INFO  client.GrpcClientProtocolClient (GrpcClientProtocolClient.java:onNext(264)) - client-43EE1EA533E7->2f676a21-e66b-4fec-aeac-0283d98823a1: receive RaftClientReply:client-43EE1EA533E7->2f676a21-e66b-4fec-aeac-0283d98823a1@group-F5D172FB2954, cid=53, SUCCESS, logIndex=11, commits[2f676a21-e66b-4fec-aeac-0283d98823a1:c11, 72e5a279-ca12-4c9e-91de-7e916f85cc8c:c8, 9a51610a-f282-4242-84b0-9cad669d08b8:c8]
2019-09-10 22:55:51,779 [grpc-default-executor-2] INFO  client.GrpcClientProtocolClient (GrpcClientProtocolClient.java:onNext(264)) - client-43EE1EA533E7->2f676a21-e66b-4fec-aeac-0283d98823a1: receive RaftClientReply:client-43EE1EA533E7->2f676a21-e66b-4fec-aeac-0283d98823a1@group-F5D172FB2954, cid=54, SUCCESS, logIndex=12, commits[2f676a21-e66b-4fec-aeac-0283d98823a1:c14, 72e5a279-ca12-4c9e-91de-7e916f85cc8c:c8, 9a51610a-f282-4242-84b0-9cad669d08b8:c10]
2019-09-10 22:55:51,787 [grpc-default-executor-2] INFO  client.GrpcClientProtocolClient (GrpcClientProtocolClient.java:onNext(264)) - client-43EE1EA533E7->2f676a21-e66b-4fec-aeac-0283d98823a1: receive RaftClientReply:client-43EE1EA533E7->2f676a21-e66b-4fec-aeac-0283d98823a1@group-F5D172FB2954, cid=55, SUCCESS, logIndex=0, commits[2f676a21-e66b-4fec-aeac-0283d98823a1:c14, 72e5a279-ca12-4c9e-91de-7e916f85cc8c:c10, 9a51610a-f282-4242-84b0-9cad669d08b8:c10]
2019-09-10 22:55:51,790 [grpc-default-executor-3] INFO  client.GrpcClientProtocolClient (GrpcClientProtocolClient.java:onNext(264)) - client-43EE1EA533E7->2f676a21-e66b-4fec-aeac-0283d98823a1: receive RaftClientReply:client-43EE1EA533E7->2f676a21-e66b-4fec-aeac-0283d98823a1@group-F5D172FB2954, cid=56, SUCCESS, logIndex=0, commits[2f676a21-e66b-4fec-aeac-0283d98823a1:c16, 72e5a279-ca12-4c9e-91de-7e916f85cc8c:c13, 9a51610a-f282-4242-84b0-9cad669d08b8:c13]
2019-09-10 22:55:51,852 [java.util.concurrent.ThreadPoolExecutor$Worker@8fceac1[State = -1, empty queue]] WARN  server.GrpcLogAppender (GrpcLogAppender.java:timeoutAppendRequest(200)) - 61a249ca-8039-4b42-99f2-11fda8dbfc88@group-4AD3EF8E1477->85b41e89-4cf3-40c5-bca2-fe675a128b85-GrpcLogAppender: appendEntries Timeout, request=61a249ca-8039-4b42-99f2-11fda8dbfc88->85b41e89-4cf3-40c5-bca2-fe675a128b85#100-t2, previous=(t:2, i:18), leaderCommit=14, initializing? false, entries: <empty>
2019-09-10 22:55:51,852 [java.util.concurrent.ThreadPoolExecutor$Worker@7de6dcaa[State = -1, empty queue]] WARN  server.GrpcLogAppender (GrpcLogAppender.java:timeoutAppendRequest(200)) - 61a249ca-8039-4b42-99f2-11fda8dbfc88@group-4AD3EF8E1477->aaf3f7d3-af27-4405-89a7-731c9150da26-GrpcLogAppender: appendEntries Timeout, request=61a249ca-8039-4b42-99f2-11fda8dbfc88->aaf3f7d3-af27-4405-89a7-731c9150da26#100-t2, previous=(t:2, i:18), leaderCommit=14, initializing? false, entries: <empty>
2019-09-10 22:55:52,353 [java.util.concurrent.ThreadPoolExecutor$Worker@8fceac1[State = -1, empty queue]] WARN  server.GrpcLogAppender (GrpcLogAppender.java:timeoutAppendRequest(200)) - 61a249ca-8039-4b42-99f2-11fda8dbfc88@group-4AD3EF8E1477->85b41e89-4cf3-40c5-bca2-fe675a128b85-GrpcLogAppender: appendEntries Timeout, request=61a249ca-8039-4b42-99f2-11fda8dbfc88->85b41e89-4cf3-40c5-bca2-fe675a128b85#101-t2, previous=(t:2, i:18), leaderCommit=14, initializing? false, entries: <empty>
2019-09-10 22:55:52,353 [java.util.concurrent.ThreadPoolExecutor$Worker@7de6dcaa[State = -1, empty queue]] WARN  server.GrpcLogAppender (GrpcLogAppender.java:timeoutAppendRequest(200)) - 61a249ca-8039-4b42-99f2-11fda8dbfc88@group-4AD3EF8E1477->aaf3f7d3-af27-4405-89a7-731c9150da26-GrpcLogAppender: appendEntries Timeout, request=61a249ca-8039-4b42-99f2-11fda8dbfc88->aaf3f7d3-af27-4405-89a7-731c9150da26#101-t2, previous=(t:2, i:18), leaderCommit=14, initializing? false, entries: <empty>
2019-09-10 22:55:52,853 [java.util.concurrent.ThreadPoolExecutor$Worker@8fceac1[State = -1, empty queue]] WARN  server.GrpcLogAppender (GrpcLogAppender.java:timeoutAppendRequest(200)) - 61a249ca-8039-4b42-99f2-11fda8dbfc88@group-4AD3EF8E1477->85b41e89-4cf3-40c5-bca2-fe675a128b85-GrpcLogAppender: appendEntries Timeout, request=61a249ca-8039-4b42-99f2-11fda8dbfc88->85b41e89-4cf3-40c5-bca2-fe675a128b85#102-t2, previous=(t:2, i:18), leaderCommit=14, initializing? false, entries: <empty>
2019-09-10 22:55:52,853 [java.util.concurrent.ThreadPoolExecutor$Worker@7de6dcaa[State = -1, empty queue]] WARN  server.GrpcLogAppender (GrpcLogAppender.java:timeoutAppendRequest(200)) - 61a249ca-8039-4b42-99f2-11fda8dbfc88@group-4AD3EF8E1477->aaf3f7d3-af27-4405-89a7-731c9150da26-GrpcLogAppender: appendEntries Timeout, request=61a249ca-8039-4b42-99f2-11fda8dbfc88->aaf3f7d3-af27-4405-89a7-731c9150da26#102-t2, previous=(t:2, i:18), leaderCommit=14, initializing? false, entries: <empty>
2019-09-10 22:55:53,353 [java.util.concurrent.ThreadPoolExecutor$Worker@7de6dcaa[State = -1, empty queue]] WARN  server.GrpcLogAppender (GrpcLogAppender.java:timeoutAppendRequest(200)) - 61a249ca-8039-4b42-99f2-11fda8dbfc88@group-4AD3EF8E1477->aaf3f7d3-af27-4405-89a7-731c9150da26-GrpcLogAppender: appendEntries Timeout, request=61a249ca-8039-4b42-99f2-11fda8dbfc88->aaf3f7d3-af27-4405-89a7-731c9150da26#103-t2, previous=(t:2, i:18), leaderCommit=14, initializing? false, entries: <empty>
2019-09-10 22:55:53,353 [java.util.concurrent.ThreadPoolExecutor$Worker@8fceac1[State = -1, empty queue]] WARN  server.GrpcLogAppender (GrpcLogAppender.java:timeoutAppendRequest(200)) - 61a249ca-8039-4b42-99f2-11fda8dbfc88@group-4AD3EF8E1477->85b41e89-4cf3-40c5-bca2-fe675a128b85-GrpcLogAppender: appendEntries Timeout, request=61a249ca-8039-4b42-99f2-11fda8dbfc88->85b41e89-4cf3-40c5-bca2-fe675a128b85#103-t2, previous=(t:2, i:18), leaderCommit=14, initializing? false, entries: <empty>
2019-09-10 22:55:53,854 [java.util.concurrent.ThreadPoolExecutor$Worker@7de6dcaa[State = -1, empty queue]] WARN  server.GrpcLogAppender (GrpcLogAppender.java:timeoutAppendRequest(200)) - 61a249ca-8039-4b42-99f2-11fda8dbfc88@group-4AD3EF8E1477->aaf3f7d3-af27-4405-89a7-731c9150da26-GrpcLogAppender: appendEntries Timeout, request=61a249ca-8039-4b42-99f2-11fda8dbfc88->aaf3f7d3-af27-4405-89a7-731c9150da26#104-t2, previous=(t:2, i:18), leaderCommit=14, initializing? false, entries: <empty>
2019-09-10 22:55:53,854 [java.util.concurrent.ThreadPoolExecutor$Worker@8fceac1[State = -1, empty queue]] WARN  server.GrpcLogAppender (GrpcLogAppender.java:timeoutAppendRequest(200)) - 61a249ca-8039-4b42-99f2-11fda8dbfc88@group-4AD3EF8E1477->85b41e89-4cf3-40c5-bca2-fe675a128b85-GrpcLogAppender: appendEntries Timeout, request=61a249ca-8039-4b42-99f2-11fda8dbfc88->85b41e89-4cf3-40c5-bca2-fe675a128b85#104-t2, previous=(t:2, i:18), leaderCommit=14, initializing? false, entries: <empty>
2019-09-10 22:55:54,354 [java.util.concurrent.ThreadPoolExecutor$Worker@7de6dcaa[State = -1, empty queue]] WARN  server.GrpcLogAppender (GrpcLogAppender.java:timeoutAppendRequest(200)) - 61a249ca-8039-4b42-99f2-11fda8dbfc88@group-4AD3EF8E1477->aaf3f7d3-af27-4405-89a7-731c9150da26-GrpcLogAppender: appendEntries Timeout, request=61a249ca-8039-4b42-99f2-11fda8dbfc88->aaf3f7d3-af27-4405-89a7-731c9150da26#105-t2, previous=(t:2, i:18), leaderCommit=14, initializing? false, entries: <empty>
2019-09-10 22:55:54,354 [java.util.concurrent.ThreadPoolExecutor$Worker@8fceac1[State = -1, empty queue]] WARN  server.GrpcLogAppender (GrpcLogAppender.java:timeoutAppendRequest(200)) - 61a249ca-8039-4b42-99f2-11fda8dbfc88@group-4AD3EF8E1477->85b41e89-4cf3-40c5-bca2-fe675a128b85-GrpcLogAppender: appendEntries Timeout, request=61a249ca-8039-4b42-99f2-11fda8dbfc88->85b41e89-4cf3-40c5-bca2-fe675a128b85#105-t2, previous=(t:2, i:18), leaderCommit=14, initializing? false, entries: <empty>
2019-09-10 22:55:54,828 [java.util.concurrent.ThreadPoolExecutor$Worker@683f9c8a[State = -1, empty queue]] WARN  server.GrpcLogAppender (GrpcLogAppender.java:timeoutAppendRequest(200)) - 2f676a21-e66b-4fec-aeac-0283d98823a1@group-F5D172FB2954->9a51610a-f282-4242-84b0-9cad669d08b8-GrpcLogAppender: appendEntries Timeout, request=2f676a21-e66b-4fec-aeac-0283d98823a1->9a51610a-f282-4242-84b0-9cad669d08b8#104-t2, previous=(t:2, i:16), leaderCommit=16, initializing? false, entries: size=1, first=(t:2, i:17), STATEMACHINELOGENTRY, client-43EE1EA533E7, cid=57
2019-09-10 22:55:54,828 [java.util.concurrent.ThreadPoolExecutor$Worker@1067c336[State = -1, empty queue]] WARN  server.GrpcLogAppender (GrpcLogAppender.java:timeoutAppendRequest(200)) - 2f676a21-e66b-4fec-aeac-0283d98823a1@group-F5D172FB2954->72e5a279-ca12-4c9e-91de-7e916f85cc8c-GrpcLogAppender: appendEntries Timeout, request=2f676a21-e66b-4fec-aeac-0283d98823a1->72e5a279-ca12-4c9e-91de-7e916f85cc8c#104-t2, previous=(t:2, i:16), leaderCommit=16, initializing? false, entries: size=1, first=(t:2, i:17), STATEMACHINELOGENTRY, client-43EE1EA533E7, cid=57
2019-09-10 22:55:54,828 [java.util.concurrent.ThreadPoolExecutor$Worker@683f9c8a[State = -1, empty queue]] WARN  server.GrpcLogAppender (GrpcLogAppender.java:timeoutAppendRequest(200)) - 2f676a21-e66b-4fec-aeac-0283d98823a1@group-F5D172FB2954->9a51610a-f282-4242-84b0-9cad669d08b8-GrpcLogAppender: appendEntries Timeout, request=2f676a21-e66b-4fec-aeac-0283d98823a1->9a51610a-f282-4242-84b0-9cad669d08b8#105-t2, previous=(t:2, i:17), leaderCommit=16, initializing? false, entries: size=1, first=(t:2, i:18), STATEMACHINELOGENTRY, client-43EE1EA533E7, cid=58
2019-09-10 22:55:54,831 [java.util.concurrent.ThreadPoolExecutor$Worker@1067c336[State = -1, empty queue]] WARN  server.GrpcLogAppender (GrpcLogAppender.java:timeoutAppendRequest(200)) - 2f676a21-e66b-4fec-aeac-0283d98823a1@group-F5D172FB2954->72e5a279-ca12-4c9e-91de-7e916f85cc8c-GrpcLogAppender: appendEntries Timeout, request=2f676a21-e66b-4fec-aeac-0283d98823a1->72e5a279-ca12-4c9e-91de-7e916f85cc8c#105-t2, previous=(t:2, i:17), leaderCommit=16, initializing? false, entries: size=1, first=(t:2, i:18), STATEMACHINELOGENTRY, client-43EE1EA533E7, cid=58
2019-09-10 22:55:54,836 [java.util.concurrent.ThreadPoolExecutor$Worker@1067c336[State = -1, empty queue]] WARN  server.GrpcLogAppender (GrpcLogAppender.java:timeoutAppendRequest(200)) - 2f676a21-e66b-4fec-aeac-0283d98823a1@group-F5D172FB2954->72e5a279-ca12-4c9e-91de-7e916f85cc8c-GrpcLogAppender: appendEntries Timeout, request=2f676a21-e66b-4fec-aeac-0283d98823a1->72e5a279-ca12-4c9e-91de-7e916f85cc8c#106-t2, previous=(t:2, i:18), leaderCommit=16, initializing? false, entries: size=1, first=(t:2, i:19), STATEMACHINELOGENTRY, client-43EE1EA533E7, cid=59
2019-09-10 22:55:54,836 [java.util.concurrent.ThreadPoolExecutor$Worker@683f9c8a[State = -1, empty queue]] WARN  server.GrpcLogAppender (GrpcLogAppender.java:timeoutAppendRequest(200)) - 2f676a21-e66b-4fec-aeac-0283d98823a1@group-F5D172FB2954->9a51610a-f282-4242-84b0-9cad669d08b8-GrpcLogAppender: appendEntries Timeout, request=2f676a21-e66b-4fec-aeac-0283d98823a1->9a51610a-f282-4242-84b0-9cad669d08b8#106-t2, previous=(t:2, i:18), leaderCommit=16, initializing? false, entries: size=1, first=(t:2, i:19), STATEMACHINELOGENTRY, client-43EE1EA533E7, cid=59
2019-09-10 22:55:54,838 [java.util.concurrent.ThreadPoolExecutor$Worker@1067c336[State = -1, empty queue]] WARN  server.GrpcLogAppender (GrpcLogAppender.java:timeoutAppendRequest(200)) - 2f676a21-e66b-4fec-aeac-0283d98823a1@group-F5D172FB2954->72e5a279-ca12-4c9e-91de-7e916f85cc8c-GrpcLogAppender: appendEntries Timeout, request=2f676a21-e66b-4fec-aeac-0283d98823a1->72e5a279-ca12-4c9e-91de-7e916f85cc8c#107-t2, previous=(t:2, i:19), leaderCommit=16, initializing? false, entries: size=1, first=(t:2, i:20), STATEMACHINELOGENTRY, client-43EE1EA533E7, cid=60
2019-09-10 22:55:54,841 [java.util.concurrent.ThreadPoolExecutor$Worker@683f9c8a[State = -1, empty queue]] WARN  server.GrpcLogAppender (GrpcLogAppender.java:timeoutAppendRequest(200)) - 2f676a21-e66b-4fec-aeac-0283d98823a1@group-F5D172FB2954->9a51610a-f282-4242-84b0-9cad669d08b8-GrpcLogAppender: appendEntries Timeout, request=2f676a21-e66b-4fec-aeac-0283d98823a1->9a51610a-f282-4242-84b0-9cad669d08b8#107-t2, previous=(t:2, i:19), leaderCommit=16, initializing? false, entries: size=1, first=(t:2, i:20), STATEMACHINELOGENTRY, client-43EE1EA533E7, cid=60
2019-09-10 22:55:54,855 [java.util.concurrent.ThreadPoolExecutor$Worker@7de6dcaa[State = -1, empty queue]] WARN  server.GrpcLogAppender (GrpcLogAppender.java:timeoutAppendRequest(200)) - 61a249ca-8039-4b42-99f2-11fda8dbfc88@group-4AD3EF8E1477->aaf3f7d3-af27-4405-89a7-731c9150da26-GrpcLogAppender: appendEntries Timeout, request=61a249ca-8039-4b42-99f2-11fda8dbfc88->aaf3f7d3-af27-4405-89a7-731c9150da26#106-t2, previous=(t:2, i:18), leaderCommit=14, initializing? false, entries: <empty>
2019-09-10 22:55:54,857 [java.util.concurrent.ThreadPoolExecutor$Worker@8fceac1[State = -1, empty queue]] WARN  server.GrpcLogAppender (GrpcLogAppender.java:timeoutAppendRequest(200)) - 61a249ca-8039-4b42-99f2-11fda8dbfc88@group-4AD3EF8E1477->85b41e89-4cf3-40c5-bca2-fe675a128b85-GrpcLogAppender: appendEntries Timeout, request=61a249ca-8039-4b42-99f2-11fda8dbfc88->85b41e89-4cf3-40c5-bca2-fe675a128b85#106-t2, previous=(t:2, i:18), leaderCommit=14, initializing? false, entries: <empty>
2019-09-10 22:55:55,336 [java.util.concurrent.ThreadPoolExecutor$Worker@1067c336[State = -1, empty queue]] WARN  server.GrpcLogAppender (GrpcLogAppender.java:timeoutAppendRequest(200)) - 2f676a21-e66b-4fec-aeac-0283d98823a1@group-F5D172FB2954->72e5a279-ca12-4c9e-91de-7e916f85cc8c-GrpcLogAppender: appendEntries Timeout, request=2f676a21-e66b-4fec-aeac-0283d98823a1->72e5a279-ca12-4c9e-91de-7e916f85cc8c#108-t2, previous=(t:2, i:20), leaderCommit=16, initializing? false, entries: <empty>
2019-09-10 22:55:55,336 [java.util.concurrent.ThreadPoolExecutor$Worker@683f9c8a[State = -1, empty queue]] WARN  server.GrpcLogAppender (GrpcLogAppender.java:timeoutAppendRequest(200)) - 2f676a21-e66b-4fec-aeac-0283d98823a1@group-F5D172FB2954->9a51610a-f282-4242-84b0-9cad669d08b8-GrpcLogAppender: appendEntries Timeout, request=2f676a21-e66b-4fec-aeac-0283d98823a1->9a51610a-f282-4242-84b0-9cad669d08b8#108-t2, previous=(t:2, i:20), leaderCommit=16, initializing? false, entries: <empty>
2019-09-10 22:55:55,355 [java.util.concurrent.ThreadPoolExecutor$Worker@8fceac1[State = -1, empty queue]] WARN  server.GrpcLogAppender (GrpcLogAppender.java:timeoutAppendRequest(200)) - 61a249ca-8039-4b42-99f2-11fda8dbfc88@group-4AD3EF8E1477->85b41e89-4cf3-40c5-bca2-fe675a128b85-GrpcLogAppender: appendEntries Timeout, request=61a249ca-8039-4b42-99f2-11fda8dbfc88->85b41e89-4cf3-40c5-bca2-fe675a128b85#107-t2, previous=(t:2, i:18), leaderCommit=14, initializing? false, entries: <empty>
2019-09-10 22:55:55,355 [java.util.concurrent.ThreadPoolExecutor$Worker@7de6dcaa[State = -1, empty queue]] WARN  server.GrpcLogAppender (GrpcLogAppender.java:timeoutAppendRequest(200)) - 61a249ca-8039-4b42-99f2-11fda8dbfc88@group-4AD3EF8E1477->aaf3f7d3-af27-4405-89a7-731c9150da26-GrpcLogAppender: appendEntries Timeout, request=61a249ca-8039-4b42-99f2-11fda8dbfc88->aaf3f7d3-af27-4405-89a7-731c9150da26#107-t2, previous=(t:2, i:18), leaderCommit=14, initializing? false, entries: <empty>
2019-09-10 22:55:55,848 [java.util.concurrent.ThreadPoolExecutor$Worker@683f9c8a[State = -1, empty queue]] WARN  server.GrpcLogAppender (GrpcLogAppender.java:timeoutAppendRequest(200)) - 2f676a21-e66b-4fec-aeac-0283d98823a1@group-F5D172FB2954->9a51610a-f282-4242-84b0-9cad669d08b8-GrpcLogAppender: appendEntries Timeout, request=2f676a21-e66b-4fec-aeac-0283d98823a1->9a51610a-f282-4242-84b0-9cad669d08b8#109-t2, previous=(t:2, i:20), leaderCommit=16, initializing? false, entries: <empty>
2019-09-10 22:55:55,848 [java.util.concurrent.ThreadPoolExecutor$Worker@1067c336[State = -1, empty queue]] WARN  server.GrpcLogAppender (GrpcLogAppender.java:timeoutAppendRequest(200)) - 2f676a21-e66b-4fec-aeac-0283d98823a1@group-F5D172FB2954->72e5a279-ca12-4c9e-91de-7e916f85cc8c-GrpcLogAppender: appendEntries Timeout, request=2f676a21-e66b-4fec-aeac-0283d98823a1->72e5a279-ca12-4c9e-91de-7e916f85cc8c#109-t2, previous=(t:2, i:20), leaderCommit=16, initializing? false, entries: <empty>
2019-09-10 22:55:55,855 [java.util.concurrent.ThreadPoolExecutor$Worker@8fceac1[State = -1, empty queue]] WARN  server.GrpcLogAppender (GrpcLogAppender.java:timeoutAppendRequest(200)) - 61a249ca-8039-4b42-99f2-11fda8dbfc88@group-4AD3EF8E1477->85b41e89-4cf3-40c5-bca2-fe675a128b85-GrpcLogAppender: appendEntries Timeout, request=61a249ca-8039-4b42-99f2-11fda8dbfc88->85b41e89-4cf3-40c5-bca2-fe675a128b85#108-t2, previous=(t:2, i:18), leaderCommit=14, initializing? false, entries: <empty>
2019-09-10 22:55:55,855 [java.util.concurrent.ThreadPoolExecutor$Worker@7de6dcaa[State = -1, empty queue]] WARN  server.GrpcLogAppender (GrpcLogAppender.java:timeoutAppendRequest(200)) - 61a249ca-8039-4b42-99f2-11fda8dbfc88@group-4AD3EF8E1477->aaf3f7d3-af27-4405-89a7-731c9150da26-GrpcLogAppender: appendEntries Timeout, request=61a249ca-8039-4b42-99f2-11fda8dbfc88->aaf3f7d3-af27-4405-89a7-731c9150da26#108-t2, previous=(t:2, i:18), leaderCommit=14, initializing? false, entries: <empty>
2019-09-10 22:55:56,337 [java.util.concurrent.ThreadPoolExecutor$Worker@1067c336[State = -1, empty queue]] WARN  server.GrpcLogAppender (GrpcLogAppender.java:timeoutAppendRequest(200)) - 2f676a21-e66b-4fec-aeac-0283d98823a1@group-F5D172FB2954->72e5a279-ca12-4c9e-91de-7e916f85cc8c-GrpcLogAppender: appendEntries Timeout, request=2f676a21-e66b-4fec-aeac-0283d98823a1->72e5a279-ca12-4c9e-91de-7e916f85cc8c#110-t2, previous=(t:2, i:20), leaderCommit=16, initializing? false, entries: <empty>
2019-09-10 22:55:56,337 [java.util.concurrent.ThreadPoolExecutor$Worker@683f9c8a[State = -1, empty queue]] WARN  server.GrpcLogAppender (GrpcLogAppender.java:timeoutAppendRequest(200)) - 2f676a21-e66b-4fec-aeac-0283d98823a1@group-F5D172FB2954->9a51610a-f282-4242-84b0-9cad669d08b8-GrpcLogAppender: appendEntries Timeout, request=2f676a21-e66b-4fec-aeac-0283d98823a1->9a51610a-f282-4242-84b0-9cad669d08b8#110-t2, previous=(t:2, i:20), leaderCommit=16, initializing? false, entries: <empty>
2019-09-10 22:55:56,355 [java.util.concurrent.ThreadPoolExecutor$Worker@8fceac1[State = -1, empty queue]] WARN  server.GrpcLogAppender (GrpcLogAppender.java:timeoutAppendRequest(200)) - 61a249ca-8039-4b42-99f2-11fda8dbfc88@group-4AD3EF8E1477->85b41e89-4cf3-40c5-bca2-fe675a128b85-GrpcLogAppender: appendEntries Timeout, request=61a249ca-8039-4b42-99f2-11fda8dbfc88->85b41e89-4cf3-40c5-bca2-fe675a128b85#109-t2, previous=(t:2, i:18), leaderCommit=14, initializing? false, entries: <empty>
2019-09-10 22:55:56,355 [java.util.concurrent.ThreadPoolExecutor$Worker@7de6dcaa[State = -1, empty queue]] WARN  server.GrpcLogAppender (GrpcLogAppender.java:timeoutAppendRequest(200)) - 61a249ca-8039-4b42-99f2-11fda8dbfc88@group-4AD3EF8E1477->aaf3f7d3-af27-4405-89a7-731c9150da26-GrpcLogAppender: appendEntries Timeout, request=61a249ca-8039-4b42-99f2-11fda8dbfc88->aaf3f7d3-af27-4405-89a7-731c9150da26#109-t2, previous=(t:2, i:18), leaderCommit=14, initializing? false, entries: <empty>
2019-09-10 22:55:56,837 [java.util.concurrent.ThreadPoolExecutor$Worker@683f9c8a[State = -1, empty queue]] WARN  server.GrpcLogAppender (GrpcLogAppender.java:timeoutAppendRequest(200)) - 2f676a21-e66b-4fec-aeac-0283d98823a1@group-F5D172FB2954->9a51610a-f282-4242-84b0-9cad669d08b8-GrpcLogAppender: appendEntries Timeout, request=2f676a21-e66b-4fec-aeac-0283d98823a1->9a51610a-f282-4242-84b0-9cad669d08b8#111-t2, previous=(t:2, i:20), leaderCommit=16, initializing? false, entries: <empty>
2019-09-10 22:55:56,837 [java.util.concurrent.ThreadPoolExecutor$Worker@1067c336[State = -1, empty queue]] WARN  server.GrpcLogAppender (GrpcLogAppender.java:timeoutAppendRequest(200)) - 2f676a21-e66b-4fec-aeac-0283d98823a1@group-F5D172FB2954->72e5a279-ca12-4c9e-91de-7e916f85cc8c-GrpcLogAppender: appendEntries Timeout, request=2f676a21-e66b-4fec-aeac-0283d98823a1->72e5a279-ca12-4c9e-91de-7e916f85cc8c#111-t2, previous=(t:2, i:20), leaderCommit=16, initializing? false, entries: <empty>
2019-09-10 22:55:56,855 [java.util.concurrent.ThreadPoolExecutor$Worker@8fceac1[State = -1, empty queue]] WARN  server.GrpcLogAppender (GrpcLogAppender.java:timeoutAppendRequest(200)) - 61a249ca-8039-4b42-99f2-11fda8dbfc88@group-4AD3EF8E1477->85b41e89-4cf3-40c5-bca2-fe675a128b85-GrpcLogAppender: appendEntries Timeout, request=61a249ca-8039-4b42-99f2-11fda8dbfc88->85b41e89-4cf3-40c5-bca2-fe675a128b85#110-t2, previous=(t:2, i:18), leaderCommit=14, initializing? false, entries: <empty>
2019-09-10 22:55:56,856 [java.util.concurrent.ThreadPoolExecutor$Worker@7de6dcaa[State = -1, empty queue]] WARN  server.GrpcLogAppender (GrpcLogAppender.java:timeoutAppendRequest(200)) - 61a249ca-8039-4b42-99f2-11fda8dbfc88@group-4AD3EF8E1477->aaf3f7d3-af27-4405-89a7-731c9150da26-GrpcLogAppender: appendEntries Timeout, request=61a249ca-8039-4b42-99f2-11fda8dbfc88->aaf3f7d3-af27-4405-89a7-731c9150da26#110-t2, previous=(t:2, i:18), leaderCommit=14, initializing? false, entries: <empty>
2019-09-10 22:55:56,867 [grpc-default-executor-3] INFO  client.GrpcClientProtocolClient (GrpcClientProtocolClient.java:onNext(264)) - client-43EE1EA533E7->72e5a279-ca12-4c9e-91de-7e916f85cc8c: receive RaftClientReply:client-43EE1EA533E7->72e5a279-ca12-4c9e-91de-7e916f85cc8c@group-F5D172FB2954, cid=57, FAILED org.apache.ratis.protocol.NotLeaderException: Server 72e5a279-ca12-4c9e-91de-7e916f85cc8c@group-F5D172FB2954 is not the leader 2f676a21-e66b-4fec-aeac-0283d98823a1:192.168.34.57:34748, logIndex=0, commits[72e5a279-ca12-4c9e-91de-7e916f85cc8c:c16, 2f676a21-e66b-4fec-aeac-0283d98823a1:c16, 9a51610a-f282-4242-84b0-9cad669d08b8:c13]
2019-09-10 22:55:57,338 [java.util.concurrent.ThreadPoolExecutor$Worker@683f9c8a[State = -1, empty queue]] WARN  server.GrpcLogAppender (GrpcLogAppender.java:timeoutAppendRequest(200)) - 2f676a21-e66b-4fec-aeac-0283d98823a1@group-F5D172FB2954->9a51610a-f282-4242-84b0-9cad669d08b8-GrpcLogAppender: appendEntries Timeout, request=2f676a21-e66b-4fec-aeac-0283d98823a1->9a51610a-f282-4242-84b0-9cad669d08b8#112-t2, previous=(t:2, i:20), leaderCommit=16, initializing? false, entries: <empty>
2019-09-10 22:55:57,338 [java.util.concurrent.ThreadPoolExecutor$Worker@1067c336[State = -1, empty queue]] WARN  server.GrpcLogAppender (GrpcLogAppender.java:timeoutAppendRequest(200)) - 2f676a21-e66b-4fec-aeac-0283d98823a1@group-F5D172FB2954->72e5a279-ca12-4c9e-91de-7e916f85cc8c-GrpcLogAppender: appendEntries Timeout, request=2f676a21-e66b-4fec-aeac-0283d98823a1->72e5a279-ca12-4c9e-91de-7e916f85cc8c#112-t2, previous=(t:2, i:20), leaderCommit=16, initializing? false, entries: <empty>
2019-09-10 22:55:57,356 [java.util.concurrent.ThreadPoolExecutor$Worker@8fceac1[State = -1, empty queue]] WARN  server.GrpcLogAppender (GrpcLogAppender.java:timeoutAppendRequest(200)) - 61a249ca-8039-4b42-99f2-11fda8dbfc88@group-4AD3EF8E1477->85b41e89-4cf3-40c5-bca2-fe675a128b85-GrpcLogAppender: appendEntries Timeout, request=61a249ca-8039-4b42-99f2-11fda8dbfc88->85b41e89-4cf3-40c5-bca2-fe675a128b85#111-t2, previous=(t:2, i:18), leaderCommit=14, initializing? false, entries: <empty>
2019-09-10 22:55:57,356 [java.util.concurrent.ThreadPoolExecutor$Worker@7de6dcaa[State = -1, empty queue]] WARN  server.GrpcLogAppender (GrpcLogAppender.java:timeoutAppendRequest(200)) - 61a249ca-8039-4b42-99f2-11fda8dbfc88@group-4AD3EF8E1477->aaf3f7d3-af27-4405-89a7-731c9150da26-GrpcLogAppender: appendEntries Timeout, request=61a249ca-8039-4b42-99f2-11fda8dbfc88->aaf3f7d3-af27-4405-89a7-731c9150da26#111-t2, previous=(t:2, i:18), leaderCommit=14, initializing? false, entries: <empty>
2019-09-10 22:55:57,814 [61a249ca-8039-4b42-99f2-11fda8dbfc88@group-4AD3EF8E1477-SegmentedRaftLogWorker] WARN  segmented.SegmentedRaftLogWorker (SegmentedRaftLogWorker.java:getFromFuture(90)) - Timeout 2/~
org.apache.ratis.protocol.TimeoutIOException: Timeout 10s: WriteLog:15: (t:2, i:15), STATEMACHINELOGENTRY, client-952E3BCC9DDC, cid=43-writeStateMachineData
	at org.apache.ratis.util.IOUtils.getFromFuture(IOUtils.java:87)
	at org.apache.ratis.server.raftlog.segmented.SegmentedRaftLogWorker$StateMachineDataPolicy.getFromFuture(SegmentedRaftLogWorker.java:87)
	at org.apache.ratis.server.raftlog.segmented.SegmentedRaftLogWorker$WriteLog.execute(SegmentedRaftLogWorker.java:477)
	at org.apache.ratis.server.raftlog.segmented.SegmentedRaftLogWorker.run(SegmentedRaftLogWorker.java:289)
	at java.lang.Thread.run(Thread.java:748)
Caused by: java.util.concurrent.TimeoutException
	at java.util.concurrent.CompletableFuture.timedGet(CompletableFuture.java:1771)
	at java.util.concurrent.CompletableFuture.get(CompletableFuture.java:1915)
	at org.apache.ratis.util.IOUtils.getFromFuture(IOUtils.java:79)
	... 4 more
2019-09-10 22:55:57,826 [85b41e89-4cf3-40c5-bca2-fe675a128b85@group-4AD3EF8E1477-SegmentedRaftLogWorker] WARN  segmented.SegmentedRaftLogWorker (SegmentedRaftLogWorker.java:getFromFuture(90)) - Timeout 2/~
org.apache.ratis.protocol.TimeoutIOException: Timeout 10s: WriteLog:15: (t:2, i:15), STATEMACHINELOGENTRY, client-952E3BCC9DDC, cid=43-writeStateMachineData
	at org.apache.ratis.util.IOUtils.getFromFuture(IOUtils.java:87)
	at org.apache.ratis.server.raftlog.segmented.SegmentedRaftLogWorker$StateMachineDataPolicy.getFromFuture(SegmentedRaftLogWorker.java:87)
	at org.apache.ratis.server.raftlog.segmented.SegmentedRaftLogWorker$WriteLog.execute(SegmentedRaftLogWorker.java:477)
	at org.apache.ratis.server.raftlog.segmented.SegmentedRaftLogWorker.run(SegmentedRaftLogWorker.java:289)
	at java.lang.Thread.run(Thread.java:748)
Caused by: java.util.concurrent.TimeoutException
	at java.util.concurrent.CompletableFuture.timedGet(CompletableFuture.java:1771)
	at java.util.concurrent.CompletableFuture.get(CompletableFuture.java:1915)
	at org.apache.ratis.util.IOUtils.getFromFuture(IOUtils.java:79)
	... 4 more
2019-09-10 22:55:57,844 [java.util.concurrent.ThreadPoolExecutor$Worker@683f9c8a[State = -1, empty queue]] WARN  server.GrpcLogAppender (GrpcLogAppender.java:timeoutAppendRequest(200)) - 2f676a21-e66b-4fec-aeac-0283d98823a1@group-F5D172FB2954->9a51610a-f282-4242-84b0-9cad669d08b8-GrpcLogAppender: appendEntries Timeout, request=2f676a21-e66b-4fec-aeac-0283d98823a1->9a51610a-f282-4242-84b0-9cad669d08b8#113-t2, previous=(t:2, i:20), leaderCommit=16, initializing? false, entries: <empty>
2019-09-10 22:55:57,844 [java.util.concurrent.ThreadPoolExecutor$Worker@1067c336[State = -1, empty queue]] WARN  server.GrpcLogAppender (GrpcLogAppender.java:timeoutAppendRequest(200)) - 2f676a21-e66b-4fec-aeac-0283d98823a1@group-F5D172FB2954->72e5a279-ca12-4c9e-91de-7e916f85cc8c-GrpcLogAppender: appendEntries Timeout, request=2f676a21-e66b-4fec-aeac-0283d98823a1->72e5a279-ca12-4c9e-91de-7e916f85cc8c#113-t2, previous=(t:2, i:20), leaderCommit=16, initializing? false, entries: <empty>
2019-09-10 22:55:57,858 [java.util.concurrent.ThreadPoolExecutor$Worker@7de6dcaa[State = -1, empty queue]] WARN  server.GrpcLogAppender (GrpcLogAppender.java:timeoutAppendRequest(200)) - 61a249ca-8039-4b42-99f2-11fda8dbfc88@group-4AD3EF8E1477->aaf3f7d3-af27-4405-89a7-731c9150da26-GrpcLogAppender: appendEntries Timeout, request=61a249ca-8039-4b42-99f2-11fda8dbfc88->aaf3f7d3-af27-4405-89a7-731c9150da26#112-t2, previous=(t:2, i:18), leaderCommit=14, initializing? false, entries: <empty>
2019-09-10 22:55:57,858 [java.util.concurrent.ThreadPoolExecutor$Worker@8fceac1[State = -1, empty queue]] WARN  server.GrpcLogAppender (GrpcLogAppender.java:timeoutAppendRequest(200)) - 61a249ca-8039-4b42-99f2-11fda8dbfc88@group-4AD3EF8E1477->85b41e89-4cf3-40c5-bca2-fe675a128b85-GrpcLogAppender: appendEntries Timeout, request=61a249ca-8039-4b42-99f2-11fda8dbfc88->85b41e89-4cf3-40c5-bca2-fe675a128b85#112-t2, previous=(t:2, i:18), leaderCommit=14, initializing? false, entries: <empty>
2019-09-10 22:55:57,909 [aaf3f7d3-af27-4405-89a7-731c9150da26@group-4AD3EF8E1477-SegmentedRaftLogWorker] WARN  segmented.SegmentedRaftLogWorker (SegmentedRaftLogWorker.java:getFromFuture(90)) - Timeout 2/~
org.apache.ratis.protocol.TimeoutIOException: Timeout 10s: WriteLog:17: (t:2, i:17), STATEMACHINELOGENTRY, client-952E3BCC9DDC, cid=45-writeStateMachineData
	at org.apache.ratis.util.IOUtils.getFromFuture(IOUtils.java:87)
	at org.apache.ratis.server.raftlog.segmented.SegmentedRaftLogWorker$StateMachineDataPolicy.getFromFuture(SegmentedRaftLogWorker.java:87)
	at org.apache.ratis.server.raftlog.segmented.SegmentedRaftLogWorker$WriteLog.execute(SegmentedRaftLogWorker.java:477)
	at org.apache.ratis.server.raftlog.segmented.SegmentedRaftLogWorker.run(SegmentedRaftLogWorker.java:289)
	at java.lang.Thread.run(Thread.java:748)
Caused by: java.util.concurrent.TimeoutException
	at java.util.concurrent.CompletableFuture.timedGet(CompletableFuture.java:1771)
	at java.util.concurrent.CompletableFuture.get(CompletableFuture.java:1915)
	at org.apache.ratis.util.IOUtils.getFromFuture(IOUtils.java:79)
	... 4 more
2019-09-10 22:55:58,344 [java.util.concurrent.ThreadPoolExecutor$Worker@683f9c8a[State = -1, empty queue]] WARN  server.GrpcLogAppender (GrpcLogAppender.java:timeoutAppendRequest(200)) - 2f676a21-e66b-4fec-aeac-0283d98823a1@group-F5D172FB2954->9a51610a-f282-4242-84b0-9cad669d08b8-GrpcLogAppender: appendEntries Timeout, request=2f676a21-e66b-4fec-aeac-0283d98823a1->9a51610a-f282-4242-84b0-9cad669d08b8#114-t2, previous=(t:2, i:20), leaderCommit=16, initializing? false, entries: <empty>
2019-09-10 22:55:58,344 [java.util.concurrent.ThreadPoolExecutor$Worker@1067c336[State = -1, empty queue]] WARN  server.GrpcLogAppender (GrpcLogAppender.java:timeoutAppendRequest(200)) - 2f676a21-e66b-4fec-aeac-0283d98823a1@group-F5D172FB2954->72e5a279-ca12-4c9e-91de-7e916f85cc8c-GrpcLogAppender: appendEntries Timeout, request=2f676a21-e66b-4fec-aeac-0283d98823a1->72e5a279-ca12-4c9e-91de-7e916f85cc8c#114-t2, previous=(t:2, i:20), leaderCommit=16, initializing? false, entries: <empty>
2019-09-10 22:55:58,358 [java.util.concurrent.ThreadPoolExecutor$Worker@7de6dcaa[State = -1, empty queue]] WARN  server.GrpcLogAppender (GrpcLogAppender.java:timeoutAppendRequest(200)) - 61a249ca-8039-4b42-99f2-11fda8dbfc88@group-4AD3EF8E1477->aaf3f7d3-af27-4405-89a7-731c9150da26-GrpcLogAppender: appendEntries Timeout, request=61a249ca-8039-4b42-99f2-11fda8dbfc88->aaf3f7d3-af27-4405-89a7-731c9150da26#113-t2, previous=(t:2, i:18), leaderCommit=14, initializing? false, entries: <empty>
2019-09-10 22:55:58,358 [java.util.concurrent.ThreadPoolExecutor$Worker@8fceac1[State = -1, empty queue]] WARN  server.GrpcLogAppender (GrpcLogAppender.java:timeoutAppendRequest(200)) - 61a249ca-8039-4b42-99f2-11fda8dbfc88@group-4AD3EF8E1477->85b41e89-4cf3-40c5-bca2-fe675a128b85-GrpcLogAppender: appendEntries Timeout, request=61a249ca-8039-4b42-99f2-11fda8dbfc88->85b41e89-4cf3-40c5-bca2-fe675a128b85#113-t2, previous=(t:2, i:18), leaderCommit=14, initializing? false, entries: <empty>
2019-09-10 22:55:58,720 [06814ee9-24b9-4aa5-b290-a3e9e2a386ef@group-05F713A51810-SegmentedRaftLogWorker] WARN  segmented.SegmentedRaftLogWorker (SegmentedRaftLogWorker.java:getFromFuture(90)) - Timeout 4/~
org.apache.ratis.protocol.TimeoutIOException: Timeout 10s: WriteLog:19: (t:3, i:19), STATEMACHINELOGENTRY, client-559D44C1B0F8, cid=31-writeStateMachineData
	at org.apache.ratis.util.IOUtils.getFromFuture(IOUtils.java:87)
	at org.apache.ratis.server.raftlog.segmented.SegmentedRaftLogWorker$StateMachineDataPolicy.getFromFuture(SegmentedRaftLogWorker.java:87)
	at org.apache.ratis.server.raftlog.segmented.SegmentedRaftLogWorker$WriteLog.execute(SegmentedRaftLogWorker.java:477)
	at org.apache.ratis.server.raftlog.segmented.SegmentedRaftLogWorker.run(SegmentedRaftLogWorker.java:289)
	at java.lang.Thread.run(Thread.java:748)
Caused by: java.util.concurrent.TimeoutException
	at java.util.concurrent.CompletableFuture.timedGet(CompletableFuture.java:1771)
	at java.util.concurrent.CompletableFuture.get(CompletableFuture.java:1915)
	at org.apache.ratis.util.IOUtils.getFromFuture(IOUtils.java:79)
	... 4 more
2019-09-10 22:55:58,720 [c564eaa4-7051-4a7d-897f-7be2f6aee35d@group-05F713A51810-SegmentedRaftLogWorker] WARN  segmented.SegmentedRaftLogWorker (SegmentedRaftLogWorker.java:getFromFuture(90)) - Timeout 4/~
org.apache.ratis.protocol.TimeoutIOException: Timeout 10s: WriteLog:19: (t:3, i:19), STATEMACHINELOGENTRY, client-559D44C1B0F8, cid=31-writeStateMachineData
	at org.apache.ratis.util.IOUtils.getFromFuture(IOUtils.java:87)
	at org.apache.ratis.server.raftlog.segmented.SegmentedRaftLogWorker$StateMachineDataPolicy.getFromFuture(SegmentedRaftLogWorker.java:87)
	at org.apache.ratis.server.raftlog.segmented.SegmentedRaftLogWorker$WriteLog.execute(SegmentedRaftLogWorker.java:477)
	at org.apache.ratis.server.raftlog.segmented.SegmentedRaftLogWorker.run(SegmentedRaftLogWorker.java:289)
	at java.lang.Thread.run(Thread.java:748)
Caused by: java.util.concurrent.TimeoutException
	at java.util.concurrent.CompletableFuture.timedGet(CompletableFuture.java:1771)
	at java.util.concurrent.CompletableFuture.get(CompletableFuture.java:1915)
	at org.apache.ratis.util.IOUtils.getFromFuture(IOUtils.java:79)
	... 4 more
2019-09-10 22:55:58,849 [java.util.concurrent.ThreadPoolExecutor$Worker@1067c336[State = -1, empty queue]] WARN  server.GrpcLogAppender (GrpcLogAppender.java:timeoutAppendRequest(200)) - 2f676a21-e66b-4fec-aeac-0283d98823a1@group-F5D172FB2954->72e5a279-ca12-4c9e-91de-7e916f85cc8c-GrpcLogAppender: appendEntries Timeout, request=2f676a21-e66b-4fec-aeac-0283d98823a1->72e5a279-ca12-4c9e-91de-7e916f85cc8c#115-t2, previous=(t:2, i:20), leaderCommit=16, initializing? false, entries: <empty>
2019-09-10 22:55:58,849 [java.util.concurrent.ThreadPoolExecutor$Worker@683f9c8a[State = -1, empty queue]] WARN  server.GrpcLogAppender (GrpcLogAppender.java:timeoutAppendRequest(200)) - 2f676a21-e66b-4fec-aeac-0283d98823a1@group-F5D172FB2954->9a51610a-f282-4242-84b0-9cad669d08b8-GrpcLogAppender: appendEntries Timeout, request=2f676a21-e66b-4fec-aeac-0283d98823a1->9a51610a-f282-4242-84b0-9cad669d08b8#115-t2, previous=(t:2, i:20), leaderCommit=16, initializing? false, entries: <empty>
2019-09-10 22:55:58,858 [java.util.concurrent.ThreadPoolExecutor$Worker@8fceac1[State = -1, empty queue]] WARN  server.GrpcLogAppender (GrpcLogAppender.java:timeoutAppendRequest(200)) - 61a249ca-8039-4b42-99f2-11fda8dbfc88@group-4AD3EF8E1477->85b41e89-4cf3-40c5-bca2-fe675a128b85-GrpcLogAppender: appendEntries Timeout, request=61a249ca-8039-4b42-99f2-11fda8dbfc88->85b41e89-4cf3-40c5-bca2-fe675a128b85#114-t2, previous=(t:2, i:18), leaderCommit=14, initializing? false, entries: <empty>
2019-09-10 22:55:58,858 [java.util.concurrent.ThreadPoolExecutor$Worker@7de6dcaa[State = -1, empty queue]] WARN  server.GrpcLogAppender (GrpcLogAppender.java:timeoutAppendRequest(200)) - 61a249ca-8039-4b42-99f2-11fda8dbfc88@group-4AD3EF8E1477->aaf3f7d3-af27-4405-89a7-731c9150da26-GrpcLogAppender: appendEntries Timeout, request=61a249ca-8039-4b42-99f2-11fda8dbfc88->aaf3f7d3-af27-4405-89a7-731c9150da26#114-t2, previous=(t:2, i:18), leaderCommit=14, initializing? false, entries: <empty>
2019-09-10 22:55:59,350 [java.util.concurrent.ThreadPoolExecutor$Worker@1067c336[State = -1, empty queue]] WARN  server.GrpcLogAppender (GrpcLogAppender.java:timeoutAppendRequest(200)) - 2f676a21-e66b-4fec-aeac-0283d98823a1@group-F5D172FB2954->72e5a279-ca12-4c9e-91de-7e916f85cc8c-GrpcLogAppender: appendEntries Timeout, request=2f676a21-e66b-4fec-aeac-0283d98823a1->72e5a279-ca12-4c9e-91de-7e916f85cc8c#116-t2, previous=(t:2, i:20), leaderCommit=16, initializing? false, entries: <empty>
2019-09-10 22:55:59,350 [java.util.concurrent.ThreadPoolExecutor$Worker@683f9c8a[State = -1, empty queue]] WARN  server.GrpcLogAppender (GrpcLogAppender.java:timeoutAppendRequest(200)) - 2f676a21-e66b-4fec-aeac-0283d98823a1@group-F5D172FB2954->9a51610a-f282-4242-84b0-9cad669d08b8-GrpcLogAppender: appendEntries Timeout, request=2f676a21-e66b-4fec-aeac-0283d98823a1->9a51610a-f282-4242-84b0-9cad669d08b8#116-t2, previous=(t:2, i:20), leaderCommit=16, initializing? false, entries: <empty>
2019-09-10 22:55:59,358 [java.util.concurrent.ThreadPoolExecutor$Worker@8fceac1[State = -1, empty queue]] WARN  server.GrpcLogAppender (GrpcLogAppender.java:timeoutAppendRequest(200)) - 61a249ca-8039-4b42-99f2-11fda8dbfc88@group-4AD3EF8E1477->85b41e89-4cf3-40c5-bca2-fe675a128b85-GrpcLogAppender: appendEntries Timeout, request=61a249ca-8039-4b42-99f2-11fda8dbfc88->85b41e89-4cf3-40c5-bca2-fe675a128b85#115-t2, previous=(t:2, i:18), leaderCommit=14, initializing? false, entries: <empty>
2019-09-10 22:55:59,358 [java.util.concurrent.ThreadPoolExecutor$Worker@7de6dcaa[State = -1, empty queue]] WARN  server.GrpcLogAppender (GrpcLogAppender.java:timeoutAppendRequest(200)) - 61a249ca-8039-4b42-99f2-11fda8dbfc88@group-4AD3EF8E1477->aaf3f7d3-af27-4405-89a7-731c9150da26-GrpcLogAppender: appendEntries Timeout, request=61a249ca-8039-4b42-99f2-11fda8dbfc88->aaf3f7d3-af27-4405-89a7-731c9150da26#115-t2, previous=(t:2, i:18), leaderCommit=14, initializing? false, entries: <empty>
2019-09-10 22:55:59,851 [java.util.concurrent.ThreadPoolExecutor$Worker@1067c336[State = -1, empty queue]] WARN  server.GrpcLogAppender (GrpcLogAppender.java:timeoutAppendRequest(200)) - 2f676a21-e66b-4fec-aeac-0283d98823a1@group-F5D172FB2954->72e5a279-ca12-4c9e-91de-7e916f85cc8c-GrpcLogAppender: appendEntries Timeout, request=2f676a21-e66b-4fec-aeac-0283d98823a1->72e5a279-ca12-4c9e-91de-7e916f85cc8c#117-t2, previous=(t:2, i:20), leaderCommit=16, initializing? false, entries: <empty>
2019-09-10 22:55:59,851 [java.util.concurrent.ThreadPoolExecutor$Worker@683f9c8a[State = -1, empty queue]] WARN  server.GrpcLogAppender (GrpcLogAppender.java:timeoutAppendRequest(200)) - 2f676a21-e66b-4fec-aeac-0283d98823a1@group-F5D172FB2954->9a51610a-f282-4242-84b0-9cad669d08b8-GrpcLogAppender: appendEntries Timeout, request=2f676a21-e66b-4fec-aeac-0283d98823a1->9a51610a-f282-4242-84b0-9cad669d08b8#117-t2, previous=(t:2, i:20), leaderCommit=16, initializing? false, entries: <empty>
2019-09-10 22:55:59,859 [java.util.concurrent.ThreadPoolExecutor$Worker@8fceac1[State = -1, empty queue]] WARN  server.GrpcLogAppender (GrpcLogAppender.java:timeoutAppendRequest(200)) - 61a249ca-8039-4b42-99f2-11fda8dbfc88@group-4AD3EF8E1477->85b41e89-4cf3-40c5-bca2-fe675a128b85-GrpcLogAppender: appendEntries Timeout, request=61a249ca-8039-4b42-99f2-11fda8dbfc88->85b41e89-4cf3-40c5-bca2-fe675a128b85#116-t2, previous=(t:2, i:18), leaderCommit=14, initializing? false, entries: <empty>
2019-09-10 22:55:59,859 [java.util.concurrent.ThreadPoolExecutor$Worker@7de6dcaa[State = -1, empty queue]] WARN  server.GrpcLogAppender (GrpcLogAppender.java:timeoutAppendRequest(200)) - 61a249ca-8039-4b42-99f2-11fda8dbfc88@group-4AD3EF8E1477->aaf3f7d3-af27-4405-89a7-731c9150da26-GrpcLogAppender: appendEntries Timeout, request=61a249ca-8039-4b42-99f2-11fda8dbfc88->aaf3f7d3-af27-4405-89a7-731c9150da26#116-t2, previous=(t:2, i:18), leaderCommit=14, initializing? false, entries: <empty>
2019-09-10 22:56:00,352 [java.util.concurrent.ThreadPoolExecutor$Worker@1067c336[State = -1, empty queue]] WARN  server.GrpcLogAppender (GrpcLogAppender.java:timeoutAppendRequest(200)) - 2f676a21-e66b-4fec-aeac-0283d98823a1@group-F5D172FB2954->72e5a279-ca12-4c9e-91de-7e916f85cc8c-GrpcLogAppender: appendEntries Timeout, request=2f676a21-e66b-4fec-aeac-0283d98823a1->72e5a279-ca12-4c9e-91de-7e916f85cc8c#118-t2, previous=(t:2, i:20), leaderCommit=16, initializing? false, entries: <empty>
2019-09-10 22:56:00,352 [java.util.concurrent.ThreadPoolExecutor$Worker@683f9c8a[State = -1, empty queue]] WARN  server.GrpcLogAppender (GrpcLogAppender.java:timeoutAppendRequest(200)) - 2f676a21-e66b-4fec-aeac-0283d98823a1@group-F5D172FB2954->9a51610a-f282-4242-84b0-9cad669d08b8-GrpcLogAppender: appendEntries Timeout, request=2f676a21-e66b-4fec-aeac-0283d98823a1->9a51610a-f282-4242-84b0-9cad669d08b8#118-t2, previous=(t:2, i:20), leaderCommit=16, initializing? false, entries: <empty>
2019-09-10 22:56:00,359 [java.util.concurrent.ThreadPoolExecutor$Worker@8fceac1[State = -1, empty queue]] WARN  server.GrpcLogAppender (GrpcLogAppender.java:timeoutAppendRequest(200)) - 61a249ca-8039-4b42-99f2-11fda8dbfc88@group-4AD3EF8E1477->85b41e89-4cf3-40c5-bca2-fe675a128b85-GrpcLogAppender: appendEntries Timeout, request=61a249ca-8039-4b42-99f2-11fda8dbfc88->85b41e89-4cf3-40c5-bca2-fe675a128b85#117-t2, previous=(t:2, i:18), leaderCommit=14, initializing? false, entries: <empty>
2019-09-10 22:56:00,359 [java.util.concurrent.ThreadPoolExecutor$Worker@7de6dcaa[State = -1, empty queue]] WARN  server.GrpcLogAppender (GrpcLogAppender.java:timeoutAppendRequest(200)) - 61a249ca-8039-4b42-99f2-11fda8dbfc88@group-4AD3EF8E1477->aaf3f7d3-af27-4405-89a7-731c9150da26-GrpcLogAppender: appendEntries Timeout, request=61a249ca-8039-4b42-99f2-11fda8dbfc88->aaf3f7d3-af27-4405-89a7-731c9150da26#117-t2, previous=(t:2, i:18), leaderCommit=14, initializing? false, entries: <empty>
2019-09-10 22:56:00,852 [java.util.concurrent.ThreadPoolExecutor$Worker@683f9c8a[State = -1, empty queue]] WARN  server.GrpcLogAppender (GrpcLogAppender.java:timeoutAppendRequest(200)) - 2f676a21-e66b-4fec-aeac-0283d98823a1@group-F5D172FB2954->9a51610a-f282-4242-84b0-9cad669d08b8-GrpcLogAppender: appendEntries Timeout, request=2f676a21-e66b-4fec-aeac-0283d98823a1->9a51610a-f282-4242-84b0-9cad669d08b8#119-t2, previous=(t:2, i:20), leaderCommit=16, initializing? false, entries: <empty>
2019-09-10 22:56:00,852 [java.util.concurrent.ThreadPoolExecutor$Worker@1067c336[State = -1, empty queue]] WARN  server.GrpcLogAppender (GrpcLogAppender.java:timeoutAppendRequest(200)) - 2f676a21-e66b-4fec-aeac-0283d98823a1@group-F5D172FB2954->72e5a279-ca12-4c9e-91de-7e916f85cc8c-GrpcLogAppender: appendEntries Timeout, request=2f676a21-e66b-4fec-aeac-0283d98823a1->72e5a279-ca12-4c9e-91de-7e916f85cc8c#119-t2, previous=(t:2, i:20), leaderCommit=16, initializing? false, entries: <empty>
2019-09-10 22:56:00,859 [java.util.concurrent.ThreadPoolExecutor$Worker@8fceac1[State = -1, empty queue]] WARN  server.GrpcLogAppender (GrpcLogAppender.java:timeoutAppendRequest(200)) - 61a249ca-8039-4b42-99f2-11fda8dbfc88@group-4AD3EF8E1477->85b41e89-4cf3-40c5-bca2-fe675a128b85-GrpcLogAppender: appendEntries Timeout, request=61a249ca-8039-4b42-99f2-11fda8dbfc88->85b41e89-4cf3-40c5-bca2-fe675a128b85#118-t2, previous=(t:2, i:18), leaderCommit=14, initializing? false, entries: <empty>
2019-09-10 22:56:00,859 [java.util.concurrent.ThreadPoolExecutor$Worker@7de6dcaa[State = -1, empty queue]] WARN  server.GrpcLogAppender (GrpcLogAppender.java:timeoutAppendRequest(200)) - 61a249ca-8039-4b42-99f2-11fda8dbfc88@group-4AD3EF8E1477->aaf3f7d3-af27-4405-89a7-731c9150da26-GrpcLogAppender: appendEntries Timeout, request=61a249ca-8039-4b42-99f2-11fda8dbfc88->aaf3f7d3-af27-4405-89a7-731c9150da26#118-t2, previous=(t:2, i:18), leaderCommit=14, initializing? false, entries: <empty>
2019-09-10 22:56:01,352 [java.util.concurrent.ThreadPoolExecutor$Worker@1067c336[State = -1, empty queue]] WARN  server.GrpcLogAppender (GrpcLogAppender.java:timeoutAppendRequest(200)) - 2f676a21-e66b-4fec-aeac-0283d98823a1@group-F5D172FB2954->72e5a279-ca12-4c9e-91de-7e916f85cc8c-GrpcLogAppender: appendEntries Timeout, request=2f676a21-e66b-4fec-aeac-0283d98823a1->72e5a279-ca12-4c9e-91de-7e916f85cc8c#120-t2, previous=(t:2, i:20), leaderCommit=16, initializing? false, entries: <empty>
2019-09-10 22:56:01,352 [java.util.concurrent.ThreadPoolExecutor$Worker@683f9c8a[State = -1, empty queue]] WARN  server.GrpcLogAppender (GrpcLogAppender.java:timeoutAppendRequest(200)) - 2f676a21-e66b-4fec-aeac-0283d98823a1@group-F5D172FB2954->9a51610a-f282-4242-84b0-9cad669d08b8-GrpcLogAppender: appendEntries Timeout, request=2f676a21-e66b-4fec-aeac-0283d98823a1->9a51610a-f282-4242-84b0-9cad669d08b8#120-t2, previous=(t:2, i:20), leaderCommit=16, initializing? false, entries: <empty>
2019-09-10 22:56:01,359 [java.util.concurrent.ThreadPoolExecutor$Worker@8fceac1[State = -1, empty queue]] WARN  server.GrpcLogAppender (GrpcLogAppender.java:timeoutAppendRequest(200)) - 61a249ca-8039-4b42-99f2-11fda8dbfc88@group-4AD3EF8E1477->85b41e89-4cf3-40c5-bca2-fe675a128b85-GrpcLogAppender: appendEntries Timeout, request=61a249ca-8039-4b42-99f2-11fda8dbfc88->85b41e89-4cf3-40c5-bca2-fe675a128b85#119-t2, previous=(t:2, i:18), leaderCommit=14, initializing? false, entries: <empty>
2019-09-10 22:56:01,360 [java.util.concurrent.ThreadPoolExecutor$Worker@7de6dcaa[State = -1, empty queue]] WARN  server.GrpcLogAppender (GrpcLogAppender.java:timeoutAppendRequest(200)) - 61a249ca-8039-4b42-99f2-11fda8dbfc88@group-4AD3EF8E1477->aaf3f7d3-af27-4405-89a7-731c9150da26-GrpcLogAppender: appendEntries Timeout, request=61a249ca-8039-4b42-99f2-11fda8dbfc88->aaf3f7d3-af27-4405-89a7-731c9150da26#119-t2, previous=(t:2, i:18), leaderCommit=14, initializing? false, entries: <empty>
2019-09-10 22:56:01,826 [2f676a21-e66b-4fec-aeac-0283d98823a1@group-F5D172FB2954-SegmentedRaftLogWorker] WARN  segmented.SegmentedRaftLogWorker (SegmentedRaftLogWorker.java:getFromFuture(90)) - Timeout 0/~
org.apache.ratis.protocol.TimeoutIOException: Timeout 10s: WriteLog:17: (t:2, i:17), STATEMACHINELOGENTRY, client-43EE1EA533E7, cid=57-writeStateMachineData
	at org.apache.ratis.util.IOUtils.getFromFuture(IOUtils.java:87)
	at org.apache.ratis.server.raftlog.segmented.SegmentedRaftLogWorker$StateMachineDataPolicy.getFromFuture(SegmentedRaftLogWorker.java:87)
	at org.apache.ratis.server.raftlog.segmented.SegmentedRaftLogWorker$WriteLog.execute(SegmentedRaftLogWorker.java:477)
	at org.apache.ratis.server.raftlog.segmented.SegmentedRaftLogWorker.run(SegmentedRaftLogWorker.java:289)
	at java.lang.Thread.run(Thread.java:748)
Caused by: java.util.concurrent.TimeoutException
	at java.util.concurrent.CompletableFuture.timedGet(CompletableFuture.java:1771)
	at java.util.concurrent.CompletableFuture.get(CompletableFuture.java:1915)
	at org.apache.ratis.util.IOUtils.getFromFuture(IOUtils.java:79)
	... 4 more
2019-09-10 22:56:01,832 [72e5a279-ca12-4c9e-91de-7e916f85cc8c@group-F5D172FB2954-SegmentedRaftLogWorker] WARN  segmented.SegmentedRaftLogWorker (SegmentedRaftLogWorker.java:getFromFuture(90)) - Timeout 0/~
org.apache.ratis.protocol.TimeoutIOException: Timeout 10s: WriteLog:17: (t:2, i:17), STATEMACHINELOGENTRY, client-43EE1EA533E7, cid=57-writeStateMachineData
	at org.apache.ratis.util.IOUtils.getFromFuture(IOUtils.java:87)
	at org.apache.ratis.server.raftlog.segmented.SegmentedRaftLogWorker$StateMachineDataPolicy.getFromFuture(SegmentedRaftLogWorker.java:87)
	at org.apache.ratis.server.raftlog.segmented.SegmentedRaftLogWorker$WriteLog.execute(SegmentedRaftLogWorker.java:477)
	at org.apache.ratis.server.raftlog.segmented.SegmentedRaftLogWorker.run(SegmentedRaftLogWorker.java:289)
	at java.lang.Thread.run(Thread.java:748)
Caused by: java.util.concurrent.TimeoutException
	at java.util.concurrent.CompletableFuture.timedGet(CompletableFuture.java:1771)
	at java.util.concurrent.CompletableFuture.get(CompletableFuture.java:1915)
	at org.apache.ratis.util.IOUtils.getFromFuture(IOUtils.java:79)
	... 4 more
2019-09-10 22:56:01,834 [9a51610a-f282-4242-84b0-9cad669d08b8@group-F5D172FB2954-SegmentedRaftLogWorker] WARN  segmented.SegmentedRaftLogWorker (SegmentedRaftLogWorker.java:getFromFuture(90)) - Timeout 0/~
org.apache.ratis.protocol.TimeoutIOException: Timeout 10s: WriteLog:17: (t:2, i:17), STATEMACHINELOGENTRY, client-43EE1EA533E7, cid=57-writeStateMachineData
	at org.apache.ratis.util.IOUtils.getFromFuture(IOUtils.java:87)
	at org.apache.ratis.server.raftlog.segmented.SegmentedRaftLogWorker$StateMachineDataPolicy.getFromFuture(SegmentedRaftLogWorker.java:87)
	at org.apache.ratis.server.raftlog.segmented.SegmentedRaftLogWorker$WriteLog.execute(SegmentedRaftLogWorker.java:477)
	at org.apache.ratis.server.raftlog.segmented.SegmentedRaftLogWorker.run(SegmentedRaftLogWorker.java:289)
	at java.lang.Thread.run(Thread.java:748)
Caused by: java.util.concurrent.TimeoutException
	at java.util.concurrent.CompletableFuture.timedGet(CompletableFuture.java:1771)
	at java.util.concurrent.CompletableFuture.get(CompletableFuture.java:1915)
	at org.apache.ratis.util.IOUtils.getFromFuture(IOUtils.java:79)
	... 4 more
2019-09-10 22:56:01,852 [java.util.concurrent.ThreadPoolExecutor$Worker@1067c336[State = -1, empty queue]] WARN  server.GrpcLogAppender (GrpcLogAppender.java:timeoutAppendRequest(200)) - 2f676a21-e66b-4fec-aeac-0283d98823a1@group-F5D172FB2954->72e5a279-ca12-4c9e-91de-7e916f85cc8c-GrpcLogAppender: appendEntries Timeout, request=2f676a21-e66b-4fec-aeac-0283d98823a1->72e5a279-ca12-4c9e-91de-7e916f85cc8c#121-t2, previous=(t:2, i:20), leaderCommit=16, initializing? false, entries: <empty>
2019-09-10 22:56:01,852 [java.util.concurrent.ThreadPoolExecutor$Worker@683f9c8a[State = -1, empty queue]] WARN  server.GrpcLogAppender (GrpcLogAppender.java:timeoutAppendRequest(200)) - 2f676a21-e66b-4fec-aeac-0283d98823a1@group-F5D172FB2954->9a51610a-f282-4242-84b0-9cad669d08b8-GrpcLogAppender: appendEntries Timeout, request=2f676a21-e66b-4fec-aeac-0283d98823a1->9a51610a-f282-4242-84b0-9cad669d08b8#121-t2, previous=(t:2, i:20), leaderCommit=16, initializing? false, entries: <empty>
2019-09-10 22:56:01,859 [java.util.concurrent.ThreadPoolExecutor$Worker@8fceac1[State = -1, empty queue]] WARN  server.GrpcLogAppender (GrpcLogAppender.java:timeoutAppendRequest(200)) - 61a249ca-8039-4b42-99f2-11fda8dbfc88@group-4AD3EF8E1477->85b41e89-4cf3-40c5-bca2-fe675a128b85-GrpcLogAppender: appendEntries Timeout, request=61a249ca-8039-4b42-99f2-11fda8dbfc88->85b41e89-4cf3-40c5-bca2-fe675a128b85#120-t2, previous=(t:2, i:18), leaderCommit=14, initializing? false, entries: <empty>
2019-09-10 22:56:01,860 [java.util.concurrent.ThreadPoolExecutor$Worker@7de6dcaa[State = -1, empty queue]] WARN  server.GrpcLogAppender (GrpcLogAppender.java:timeoutAppendRequest(200)) - 61a249ca-8039-4b42-99f2-11fda8dbfc88@group-4AD3EF8E1477->aaf3f7d3-af27-4405-89a7-731c9150da26-GrpcLogAppender: appendEntries Timeout, request=61a249ca-8039-4b42-99f2-11fda8dbfc88->aaf3f7d3-af27-4405-89a7-731c9150da26#120-t2, previous=(t:2, i:18), leaderCommit=14, initializing? false, entries: <empty>
2019-09-10 22:56:01,917 [grpc-default-executor-3] INFO  client.GrpcClientProtocolClient (GrpcClientProtocolClient.java:onNext(264)) - client-43EE1EA533E7->72e5a279-ca12-4c9e-91de-7e916f85cc8c: receive RaftClientReply:client-43EE1EA533E7->72e5a279-ca12-4c9e-91de-7e916f85cc8c@group-F5D172FB2954, cid=57, FAILED org.apache.ratis.protocol.NotLeaderException: Server 72e5a279-ca12-4c9e-91de-7e916f85cc8c@group-F5D172FB2954 is not the leader 2f676a21-e66b-4fec-aeac-0283d98823a1:192.168.34.57:34748, logIndex=0, commits[72e5a279-ca12-4c9e-91de-7e916f85cc8c:c16, 2f676a21-e66b-4fec-aeac-0283d98823a1:c16, 9a51610a-f282-4242-84b0-9cad669d08b8:c13]
2019-09-10 22:56:02,353 [java.util.concurrent.ThreadPoolExecutor$Worker@1067c336[State = -1, empty queue]] WARN  server.GrpcLogAppender (GrpcLogAppender.java:timeoutAppendRequest(200)) - 2f676a21-e66b-4fec-aeac-0283d98823a1@group-F5D172FB2954->72e5a279-ca12-4c9e-91de-7e916f85cc8c-GrpcLogAppender: appendEntries Timeout, request=2f676a21-e66b-4fec-aeac-0283d98823a1->72e5a279-ca12-4c9e-91de-7e916f85cc8c#122-t2, previous=(t:2, i:20), leaderCommit=16, initializing? false, entries: <empty>
2019-09-10 22:56:02,353 [java.util.concurrent.ThreadPoolExecutor$Worker@683f9c8a[State = -1, empty queue]] WARN  server.GrpcLogAppender (GrpcLogAppender.java:timeoutAppendRequest(200)) - 2f676a21-e66b-4fec-aeac-0283d98823a1@group-F5D172FB2954->9a51610a-f282-4242-84b0-9cad669d08b8-GrpcLogAppender: appendEntries Timeout, request=2f676a21-e66b-4fec-aeac-0283d98823a1->9a51610a-f282-4242-84b0-9cad669d08b8#122-t2, previous=(t:2, i:20), leaderCommit=16, initializing? false, entries: <empty>
2019-09-10 22:56:02,360 [java.util.concurrent.ThreadPoolExecutor$Worker@8fceac1[State = -1, empty queue]] WARN  server.GrpcLogAppender (GrpcLogAppender.java:timeoutAppendRequest(200)) - 61a249ca-8039-4b42-99f2-11fda8dbfc88@group-4AD3EF8E1477->85b41e89-4cf3-40c5-bca2-fe675a128b85-GrpcLogAppender: appendEntries Timeout, request=61a249ca-8039-4b42-99f2-11fda8dbfc88->85b41e89-4cf3-40c5-bca2-fe675a128b85#121-t2, previous=(t:2, i:18), leaderCommit=14, initializing? false, entries: <empty>
2019-09-10 22:56:02,360 [java.util.concurrent.ThreadPoolExecutor$Worker@7de6dcaa[State = -1, empty queue]] WARN  server.GrpcLogAppender (GrpcLogAppender.java:timeoutAppendRequest(200)) - 61a249ca-8039-4b42-99f2-11fda8dbfc88@group-4AD3EF8E1477->aaf3f7d3-af27-4405-89a7-731c9150da26-GrpcLogAppender: appendEntries Timeout, request=61a249ca-8039-4b42-99f2-11fda8dbfc88->aaf3f7d3-af27-4405-89a7-731c9150da26#121-t2, previous=(t:2, i:18), leaderCommit=14, initializing? false, entries: <empty>
2019-09-10 22:56:02,853 [java.util.concurrent.ThreadPoolExecutor$Worker@683f9c8a[State = -1, empty queue]] WARN  server.GrpcLogAppender (GrpcLogAppender.java:timeoutAppendRequest(200)) - 2f676a21-e66b-4fec-aeac-0283d98823a1@group-F5D172FB2954->9a51610a-f282-4242-84b0-9cad669d08b8-GrpcLogAppender: appendEntries Timeout, request=2f676a21-e66b-4fec-aeac-0283d98823a1->9a51610a-f282-4242-84b0-9cad669d08b8#123-t2, previous=(t:2, i:20), leaderCommit=16, initializing? false, entries: <empty>
2019-09-10 22:56:02,853 [java.util.concurrent.ThreadPoolExecutor$Worker@1067c336[State = -1, empty queue]] WARN  server.GrpcLogAppender (GrpcLogAppender.java:timeoutAppendRequest(200)) - 2f676a21-e66b-4fec-aeac-0283d98823a1@group-F5D172FB2954->72e5a279-ca12-4c9e-91de-7e916f85cc8c-GrpcLogAppender: appendEntries Timeout, request=2f676a21-e66b-4fec-aeac-0283d98823a1->72e5a279-ca12-4c9e-91de-7e916f85cc8c#123-t2, previous=(t:2, i:20), leaderCommit=16, initializing? false, entries: <empty>
2019-09-10 22:56:02,860 [java.util.concurrent.ThreadPoolExecutor$Worker@8fceac1[State = -1, empty queue]] WARN  server.GrpcLogAppender (GrpcLogAppender.java:timeoutAppendRequest(200)) - 61a249ca-8039-4b42-99f2-11fda8dbfc88@group-4AD3EF8E1477->85b41e89-4cf3-40c5-bca2-fe675a128b85-GrpcLogAppender: appendEntries Timeout, request=61a249ca-8039-4b42-99f2-11fda8dbfc88->85b41e89-4cf3-40c5-bca2-fe675a128b85#122-t2, previous=(t:2, i:18), leaderCommit=14, initializing? false, entries: <empty>
2019-09-10 22:56:02,860 [java.util.concurrent.ThreadPoolExecutor$Worker@7de6dcaa[State = -1, empty queue]] WARN  server.GrpcLogAppender (GrpcLogAppender.java:timeoutAppendRequest(200)) - 61a249ca-8039-4b42-99f2-11fda8dbfc88@group-4AD3EF8E1477->aaf3f7d3-af27-4405-89a7-731c9150da26-GrpcLogAppender: appendEntries Timeout, request=61a249ca-8039-4b42-99f2-11fda8dbfc88->aaf3f7d3-af27-4405-89a7-731c9150da26#122-t2, previous=(t:2, i:18), leaderCommit=14, initializing? false, entries: <empty>
2019-09-10 22:56:03,354 [java.util.concurrent.ThreadPoolExecutor$Worker@683f9c8a[State = -1, empty queue]] WARN  server.GrpcLogAppender (GrpcLogAppender.java:timeoutAppendRequest(200)) - 2f676a21-e66b-4fec-aeac-0283d98823a1@group-F5D172FB2954->9a51610a-f282-4242-84b0-9cad669d08b8-GrpcLogAppender: appendEntries Timeout, request=2f676a21-e66b-4fec-aeac-0283d98823a1->9a51610a-f282-4242-84b0-9cad669d08b8#124-t2, previous=(t:2, i:20), leaderCommit=16, initializing? false, entries: <empty>
2019-09-10 22:56:03,354 [java.util.concurrent.ThreadPoolExecutor$Worker@1067c336[State = -1, empty queue]] WARN  server.GrpcLogAppender (GrpcLogAppender.java:timeoutAppendRequest(200)) - 2f676a21-e66b-4fec-aeac-0283d98823a1@group-F5D172FB2954->72e5a279-ca12-4c9e-91de-7e916f85cc8c-GrpcLogAppender: appendEntries Timeout, request=2f676a21-e66b-4fec-aeac-0283d98823a1->72e5a279-ca12-4c9e-91de-7e916f85cc8c#124-t2, previous=(t:2, i:20), leaderCommit=16, initializing? false, entries: <empty>
2019-09-10 22:56:03,360 [java.util.concurrent.ThreadPoolExecutor$Worker@8fceac1[State = -1, empty queue]] WARN  server.GrpcLogAppender (GrpcLogAppender.java:timeoutAppendRequest(200)) - 61a249ca-8039-4b42-99f2-11fda8dbfc88@group-4AD3EF8E1477->85b41e89-4cf3-40c5-bca2-fe675a128b85-GrpcLogAppender: appendEntries Timeout, request=61a249ca-8039-4b42-99f2-11fda8dbfc88->85b41e89-4cf3-40c5-bca2-fe675a128b85#123-t2, previous=(t:2, i:18), leaderCommit=14, initializing? false, entries: <empty>
2019-09-10 22:56:03,361 [java.util.concurrent.ThreadPoolExecutor$Worker@7de6dcaa[State = -1, empty queue]] WARN  server.GrpcLogAppender (GrpcLogAppender.java:timeoutAppendRequest(200)) - 61a249ca-8039-4b42-99f2-11fda8dbfc88@group-4AD3EF8E1477->aaf3f7d3-af27-4405-89a7-731c9150da26-GrpcLogAppender: appendEntries Timeout, request=61a249ca-8039-4b42-99f2-11fda8dbfc88->aaf3f7d3-af27-4405-89a7-731c9150da26#123-t2, previous=(t:2, i:18), leaderCommit=14, initializing? false, entries: <empty>
2019-09-10 22:56:03,854 [java.util.concurrent.ThreadPoolExecutor$Worker@683f9c8a[State = -1, empty queue]] WARN  server.GrpcLogAppender (GrpcLogAppender.java:timeoutAppendRequest(200)) - 2f676a21-e66b-4fec-aeac-0283d98823a1@group-F5D172FB2954->9a51610a-f282-4242-84b0-9cad669d08b8-GrpcLogAppender: appendEntries Timeout, request=2f676a21-e66b-4fec-aeac-0283d98823a1->9a51610a-f282-4242-84b0-9cad669d08b8#125-t2, previous=(t:2, i:20), leaderCommit=16, initializing? false, entries: <empty>
2019-09-10 22:56:03,854 [java.util.concurrent.ThreadPoolExecutor$Worker@1067c336[State = -1, empty queue]] WARN  server.GrpcLogAppender (GrpcLogAppender.java:timeoutAppendRequest(200)) - 2f676a21-e66b-4fec-aeac-0283d98823a1@group-F5D172FB2954->72e5a279-ca12-4c9e-91de-7e916f85cc8c-GrpcLogAppender: appendEntries Timeout, request=2f676a21-e66b-4fec-aeac-0283d98823a1->72e5a279-ca12-4c9e-91de-7e916f85cc8c#125-t2, previous=(t:2, i:20), leaderCommit=16, initializing? false, entries: <empty>
2019-09-10 22:56:03,860 [java.util.concurrent.ThreadPoolExecutor$Worker@8fceac1[State = -1, empty queue]] WARN  server.GrpcLogAppender (GrpcLogAppender.java:timeoutAppendRequest(200)) - 61a249ca-8039-4b42-99f2-11fda8dbfc88@group-4AD3EF8E1477->85b41e89-4cf3-40c5-bca2-fe675a128b85-GrpcLogAppender: appendEntries Timeout, request=61a249ca-8039-4b42-99f2-11fda8dbfc88->85b41e89-4cf3-40c5-bca2-fe675a128b85#124-t2, previous=(t:2, i:18), leaderCommit=14, initializing? false, entries: <empty>
2019-09-10 22:56:03,861 [java.util.concurrent.ThreadPoolExecutor$Worker@7de6dcaa[State = -1, empty queue]] WARN  server.GrpcLogAppender (GrpcLogAppender.java:timeoutAppendRequest(200)) - 61a249ca-8039-4b42-99f2-11fda8dbfc88@group-4AD3EF8E1477->aaf3f7d3-af27-4405-89a7-731c9150da26-GrpcLogAppender: appendEntries Timeout, request=61a249ca-8039-4b42-99f2-11fda8dbfc88->aaf3f7d3-af27-4405-89a7-731c9150da26#124-t2, previous=(t:2, i:18), leaderCommit=14, initializing? false, entries: <empty>
2019-09-10 22:56:04,354 [java.util.concurrent.ThreadPoolExecutor$Worker@683f9c8a[State = -1, empty queue]] WARN  server.GrpcLogAppender (GrpcLogAppender.java:timeoutAppendRequest(200)) - 2f676a21-e66b-4fec-aeac-0283d98823a1@group-F5D172FB2954->9a51610a-f282-4242-84b0-9cad669d08b8-GrpcLogAppender: appendEntries Timeout, request=2f676a21-e66b-4fec-aeac-0283d98823a1->9a51610a-f282-4242-84b0-9cad669d08b8#126-t2, previous=(t:2, i:20), leaderCommit=16, initializing? false, entries: <empty>
2019-09-10 22:56:04,354 [java.util.concurrent.ThreadPoolExecutor$Worker@1067c336[State = -1, empty queue]] WARN  server.GrpcLogAppender (GrpcLogAppender.java:timeoutAppendRequest(200)) - 2f676a21-e66b-4fec-aeac-0283d98823a1@group-F5D172FB2954->72e5a279-ca12-4c9e-91de-7e916f85cc8c-GrpcLogAppender: appendEntries Timeout, request=2f676a21-e66b-4fec-aeac-0283d98823a1->72e5a279-ca12-4c9e-91de-7e916f85cc8c#126-t2, previous=(t:2, i:20), leaderCommit=16, initializing? false, entries: <empty>
2019-09-10 22:56:04,361 [java.util.concurrent.ThreadPoolExecutor$Worker@8fceac1[State = -1, empty queue]] WARN  server.GrpcLogAppender (GrpcLogAppender.java:timeoutAppendRequest(200)) - 61a249ca-8039-4b42-99f2-11fda8dbfc88@group-4AD3EF8E1477->85b41e89-4cf3-40c5-bca2-fe675a128b85-GrpcLogAppender: appendEntries Timeout, request=61a249ca-8039-4b42-99f2-11fda8dbfc88->85b41e89-4cf3-40c5-bca2-fe675a128b85#125-t2, previous=(t:2, i:18), leaderCommit=14, initializing? false, entries: <empty>
2019-09-10 22:56:04,361 [java.util.concurrent.ThreadPoolExecutor$Worker@7de6dcaa[State = -1, empty queue]] WARN  server.GrpcLogAppender (GrpcLogAppender.java:timeoutAppendRequest(200)) - 61a249ca-8039-4b42-99f2-11fda8dbfc88@group-4AD3EF8E1477->aaf3f7d3-af27-4405-89a7-731c9150da26-GrpcLogAppender: appendEntries Timeout, request=61a249ca-8039-4b42-99f2-11fda8dbfc88->aaf3f7d3-af27-4405-89a7-731c9150da26#125-t2, previous=(t:2, i:18), leaderCommit=14, initializing? false, entries: <empty>
2019-09-10 22:56:04,854 [java.util.concurrent.ThreadPoolExecutor$Worker@1067c336[State = -1, empty queue]] WARN  server.GrpcLogAppender (GrpcLogAppender.java:timeoutAppendRequest(200)) - 2f676a21-e66b-4fec-aeac-0283d98823a1@group-F5D172FB2954->72e5a279-ca12-4c9e-91de-7e916f85cc8c-GrpcLogAppender: appendEntries Timeout, request=2f676a21-e66b-4fec-aeac-0283d98823a1->72e5a279-ca12-4c9e-91de-7e916f85cc8c#127-t2, previous=(t:2, i:20), leaderCommit=16, initializing? false, entries: <empty>
2019-09-10 22:56:04,855 [java.util.concurrent.ThreadPoolExecutor$Worker@683f9c8a[State = -1, empty queue]] WARN  server.GrpcLogAppender (GrpcLogAppender.java:timeoutAppendRequest(200)) - 2f676a21-e66b-4fec-aeac-0283d98823a1@group-F5D172FB2954->9a51610a-f282-4242-84b0-9cad669d08b8-GrpcLogAppender: appendEntries Timeout, request=2f676a21-e66b-4fec-aeac-0283d98823a1->9a51610a-f282-4242-84b0-9cad669d08b8#127-t2, previous=(t:2, i:20), leaderCommit=16, initializing? false, entries: <empty>
2019-09-10 22:56:04,861 [java.util.concurrent.ThreadPoolExecutor$Worker@8fceac1[State = -1, empty queue]] WARN  server.GrpcLogAppender (GrpcLogAppender.java:timeoutAppendRequest(200)) - 61a249ca-8039-4b42-99f2-11fda8dbfc88@group-4AD3EF8E1477->85b41e89-4cf3-40c5-bca2-fe675a128b85-GrpcLogAppender: appendEntries Timeout, request=61a249ca-8039-4b42-99f2-11fda8dbfc88->85b41e89-4cf3-40c5-bca2-fe675a128b85#126-t2, previous=(t:2, i:18), leaderCommit=14, initializing? false, entries: <empty>
2019-09-10 22:56:04,861 [java.util.concurrent.ThreadPoolExecutor$Worker@7de6dcaa[State = -1, empty queue]] WARN  server.GrpcLogAppender (GrpcLogAppender.java:timeoutAppendRequest(200)) - 61a249ca-8039-4b42-99f2-11fda8dbfc88@group-4AD3EF8E1477->aaf3f7d3-af27-4405-89a7-731c9150da26-GrpcLogAppender: appendEntries Timeout, request=61a249ca-8039-4b42-99f2-11fda8dbfc88->aaf3f7d3-af27-4405-89a7-731c9150da26#126-t2, previous=(t:2, i:18), leaderCommit=14, initializing? false, entries: <empty>
2019-09-10 22:56:05,358 [java.util.concurrent.ThreadPoolExecutor$Worker@683f9c8a[State = -1, empty queue]] WARN  server.GrpcLogAppender (GrpcLogAppender.java:timeoutAppendRequest(200)) - 2f676a21-e66b-4fec-aeac-0283d98823a1@group-F5D172FB2954->9a51610a-f282-4242-84b0-9cad669d08b8-GrpcLogAppender: appendEntries Timeout, request=2f676a21-e66b-4fec-aeac-0283d98823a1->9a51610a-f282-4242-84b0-9cad669d08b8#128-t2, previous=(t:2, i:20), leaderCommit=16, initializing? false, entries: <empty>
2019-09-10 22:56:05,358 [java.util.concurrent.ThreadPoolExecutor$Worker@1067c336[State = -1, empty queue]] WARN  server.GrpcLogAppender (GrpcLogAppender.java:timeoutAppendRequest(200)) - 2f676a21-e66b-4fec-aeac-0283d98823a1@group-F5D172FB2954->72e5a279-ca12-4c9e-91de-7e916f85cc8c-GrpcLogAppender: appendEntries Timeout, request=2f676a21-e66b-4fec-aeac-0283d98823a1->72e5a279-ca12-4c9e-91de-7e916f85cc8c#128-t2, previous=(t:2, i:20), leaderCommit=16, initializing? false, entries: <empty>
2019-09-10 22:56:05,361 [java.util.concurrent.ThreadPoolExecutor$Worker@8fceac1[State = -1, empty queue]] WARN  server.GrpcLogAppender (GrpcLogAppender.java:timeoutAppendRequest(200)) - 61a249ca-8039-4b42-99f2-11fda8dbfc88@group-4AD3EF8E1477->85b41e89-4cf3-40c5-bca2-fe675a128b85-GrpcLogAppender: appendEntries Timeout, request=61a249ca-8039-4b42-99f2-11fda8dbfc88->85b41e89-4cf3-40c5-bca2-fe675a128b85#127-t2, previous=(t:2, i:18), leaderCommit=14, initializing? false, entries: <empty>
2019-09-10 22:56:05,362 [java.util.concurrent.ThreadPoolExecutor$Worker@7de6dcaa[State = -1, empty queue]] WARN  server.GrpcLogAppender (GrpcLogAppender.java:timeoutAppendRequest(200)) - 61a249ca-8039-4b42-99f2-11fda8dbfc88@group-4AD3EF8E1477->aaf3f7d3-af27-4405-89a7-731c9150da26-GrpcLogAppender: appendEntries Timeout, request=61a249ca-8039-4b42-99f2-11fda8dbfc88->aaf3f7d3-af27-4405-89a7-731c9150da26#127-t2, previous=(t:2, i:18), leaderCommit=14, initializing? false, entries: <empty>
2019-09-10 22:56:05,858 [java.util.concurrent.ThreadPoolExecutor$Worker@683f9c8a[State = -1, empty queue]] WARN  server.GrpcLogAppender (GrpcLogAppender.java:timeoutAppendRequest(200)) - 2f676a21-e66b-4fec-aeac-0283d98823a1@group-F5D172FB2954->9a51610a-f282-4242-84b0-9cad669d08b8-GrpcLogAppender: appendEntries Timeout, request=2f676a21-e66b-4fec-aeac-0283d98823a1->9a51610a-f282-4242-84b0-9cad669d08b8#129-t2, previous=(t:2, i:20), leaderCommit=16, initializing? false, entries: <empty>
2019-09-10 22:56:05,858 [java.util.concurrent.ThreadPoolExecutor$Worker@1067c336[State = -1, empty queue]] WARN  server.GrpcLogAppender (GrpcLogAppender.java:timeoutAppendRequest(200)) - 2f676a21-e66b-4fec-aeac-0283d98823a1@group-F5D172FB2954->72e5a279-ca12-4c9e-91de-7e916f85cc8c-GrpcLogAppender: appendEntries Timeout, request=2f676a21-e66b-4fec-aeac-0283d98823a1->72e5a279-ca12-4c9e-91de-7e916f85cc8c#129-t2, previous=(t:2, i:20), leaderCommit=16, initializing? false, entries: <empty>
2019-09-10 22:56:05,861 [java.util.concurrent.ThreadPoolExecutor$Worker@8fceac1[State = -1, empty queue]] WARN  server.GrpcLogAppender (GrpcLogAppender.java:timeoutAppendRequest(200)) - 61a249ca-8039-4b42-99f2-11fda8dbfc88@group-4AD3EF8E1477->85b41e89-4cf3-40c5-bca2-fe675a128b85-GrpcLogAppender: appendEntries Timeout, request=61a249ca-8039-4b42-99f2-11fda8dbfc88->85b41e89-4cf3-40c5-bca2-fe675a128b85#128-t2, previous=(t:2, i:18), leaderCommit=14, initializing? false, entries: <empty>
2019-09-10 22:56:05,862 [java.util.concurrent.ThreadPoolExecutor$Worker@7de6dcaa[State = -1, empty queue]] WARN  server.GrpcLogAppender (GrpcLogAppender.java:timeoutAppendRequest(200)) - 61a249ca-8039-4b42-99f2-11fda8dbfc88@group-4AD3EF8E1477->aaf3f7d3-af27-4405-89a7-731c9150da26-GrpcLogAppender: appendEntries Timeout, request=61a249ca-8039-4b42-99f2-11fda8dbfc88->aaf3f7d3-af27-4405-89a7-731c9150da26#128-t2, previous=(t:2, i:18), leaderCommit=14, initializing? false, entries: <empty>
2019-09-10 22:56:06,358 [java.util.concurrent.ThreadPoolExecutor$Worker@683f9c8a[State = -1, empty queue]] WARN  server.GrpcLogAppender (GrpcLogAppender.java:timeoutAppendRequest(200)) - 2f676a21-e66b-4fec-aeac-0283d98823a1@group-F5D172FB2954->9a51610a-f282-4242-84b0-9cad669d08b8-GrpcLogAppender: appendEntries Timeout, request=2f676a21-e66b-4fec-aeac-0283d98823a1->9a51610a-f282-4242-84b0-9cad669d08b8#130-t2, previous=(t:2, i:20), leaderCommit=16, initializing? false, entries: <empty>
2019-09-10 22:56:06,359 [java.util.concurrent.ThreadPoolExecutor$Worker@1067c336[State = -1, empty queue]] WARN  server.GrpcLogAppender (GrpcLogAppender.java:timeoutAppendRequest(200)) - 2f676a21-e66b-4fec-aeac-0283d98823a1@group-F5D172FB2954->72e5a279-ca12-4c9e-91de-7e916f85cc8c-GrpcLogAppender: appendEntries Timeout, request=2f676a21-e66b-4fec-aeac-0283d98823a1->72e5a279-ca12-4c9e-91de-7e916f85cc8c#130-t2, previous=(t:2, i:20), leaderCommit=16, initializing? false, entries: <empty>
2019-09-10 22:56:06,362 [java.util.concurrent.ThreadPoolExecutor$Worker@8fceac1[State = -1, empty queue]] WARN  server.GrpcLogAppender (GrpcLogAppender.java:timeoutAppendRequest(200)) - 61a249ca-8039-4b42-99f2-11fda8dbfc88@group-4AD3EF8E1477->85b41e89-4cf3-40c5-bca2-fe675a128b85-GrpcLogAppender: appendEntries Timeout, request=61a249ca-8039-4b42-99f2-11fda8dbfc88->85b41e89-4cf3-40c5-bca2-fe675a128b85#129-t2, previous=(t:2, i:18), leaderCommit=14, initializing? false, entries: <empty>
2019-09-10 22:56:06,362 [java.util.concurrent.ThreadPoolExecutor$Worker@7de6dcaa[State = -1, empty queue]] WARN  server.GrpcLogAppender (GrpcLogAppender.java:timeoutAppendRequest(200)) - 61a249ca-8039-4b42-99f2-11fda8dbfc88@group-4AD3EF8E1477->aaf3f7d3-af27-4405-89a7-731c9150da26-GrpcLogAppender: appendEntries Timeout, request=61a249ca-8039-4b42-99f2-11fda8dbfc88->aaf3f7d3-af27-4405-89a7-731c9150da26#129-t2, previous=(t:2, i:18), leaderCommit=14, initializing? false, entries: <empty>
2019-09-10 22:56:06,859 [java.util.concurrent.ThreadPoolExecutor$Worker@683f9c8a[State = -1, empty queue]] WARN  server.GrpcLogAppender (GrpcLogAppender.java:timeoutAppendRequest(200)) - 2f676a21-e66b-4fec-aeac-0283d98823a1@group-F5D172FB2954->9a51610a-f282-4242-84b0-9cad669d08b8-GrpcLogAppender: appendEntries Timeout, request=2f676a21-e66b-4fec-aeac-0283d98823a1->9a51610a-f282-4242-84b0-9cad669d08b8#131-t2, previous=(t:2, i:20), leaderCommit=16, initializing? false, entries: <empty>
2019-09-10 22:56:06,859 [java.util.concurrent.ThreadPoolExecutor$Worker@1067c336[State = -1, empty queue]] WARN  server.GrpcLogAppender (GrpcLogAppender.java:timeoutAppendRequest(200)) - 2f676a21-e66b-4fec-aeac-0283d98823a1@group-F5D172FB2954->72e5a279-ca12-4c9e-91de-7e916f85cc8c-GrpcLogAppender: appendEntries Timeout, request=2f676a21-e66b-4fec-aeac-0283d98823a1->72e5a279-ca12-4c9e-91de-7e916f85cc8c#131-t2, previous=(t:2, i:20), leaderCommit=16, initializing? false, entries: <empty>
2019-09-10 22:56:06,862 [java.util.concurrent.ThreadPoolExecutor$Worker@8fceac1[State = -1, empty queue]] WARN  server.GrpcLogAppender (GrpcLogAppender.java:timeoutAppendRequest(200)) - 61a249ca-8039-4b42-99f2-11fda8dbfc88@group-4AD3EF8E1477->85b41e89-4cf3-40c5-bca2-fe675a128b85-GrpcLogAppender: appendEntries Timeout, request=61a249ca-8039-4b42-99f2-11fda8dbfc88->85b41e89-4cf3-40c5-bca2-fe675a128b85#130-t2, previous=(t:2, i:18), leaderCommit=14, initializing? false, entries: <empty>
2019-09-10 22:56:06,862 [java.util.concurrent.ThreadPoolExecutor$Worker@7de6dcaa[State = -1, empty queue]] WARN  server.GrpcLogAppender (GrpcLogAppender.java:timeoutAppendRequest(200)) - 61a249ca-8039-4b42-99f2-11fda8dbfc88@group-4AD3EF8E1477->aaf3f7d3-af27-4405-89a7-731c9150da26-GrpcLogAppender: appendEntries Timeout, request=61a249ca-8039-4b42-99f2-11fda8dbfc88->aaf3f7d3-af27-4405-89a7-731c9150da26#130-t2, previous=(t:2, i:18), leaderCommit=14, initializing? false, entries: <empty>
2019-09-10 22:56:07,002 [grpc-default-executor-3] INFO  client.GrpcClientProtocolClient (GrpcClientProtocolClient.java:onNext(264)) - client-43EE1EA533E7->9a51610a-f282-4242-84b0-9cad669d08b8: receive RaftClientReply:client-43EE1EA533E7->9a51610a-f282-4242-84b0-9cad669d08b8@group-F5D172FB2954, cid=57, FAILED org.apache.ratis.protocol.NotLeaderException: Server 9a51610a-f282-4242-84b0-9cad669d08b8@group-F5D172FB2954 is not the leader 2f676a21-e66b-4fec-aeac-0283d98823a1:192.168.34.57:34748, logIndex=0, commits[9a51610a-f282-4242-84b0-9cad669d08b8:c16, 72e5a279-ca12-4c9e-91de-7e916f85cc8c:c13, 2f676a21-e66b-4fec-aeac-0283d98823a1:c16]
2019-09-10 22:56:07,359 [java.util.concurrent.ThreadPoolExecutor$Worker@1067c336[State = -1, empty queue]] WARN  server.GrpcLogAppender (GrpcLogAppender.java:timeoutAppendRequest(200)) - 2f676a21-e66b-4fec-aeac-0283d98823a1@group-F5D172FB2954->72e5a279-ca12-4c9e-91de-7e916f85cc8c-GrpcLogAppender: appendEntries Timeout, request=2f676a21-e66b-4fec-aeac-0283d98823a1->72e5a279-ca12-4c9e-91de-7e916f85cc8c#132-t2, previous=(t:2, i:20), leaderCommit=16, initializing? false, entries: <empty>
2019-09-10 22:56:07,359 [java.util.concurrent.ThreadPoolExecutor$Worker@683f9c8a[State = -1, empty queue]] WARN  server.GrpcLogAppender (GrpcLogAppender.java:timeoutAppendRequest(200)) - 2f676a21-e66b-4fec-aeac-0283d98823a1@group-F5D172FB2954->9a51610a-f282-4242-84b0-9cad669d08b8-GrpcLogAppender: appendEntries Timeout, request=2f676a21-e66b-4fec-aeac-0283d98823a1->9a51610a-f282-4242-84b0-9cad669d08b8#132-t2, previous=(t:2, i:20), leaderCommit=16, initializing? false, entries: <empty>
2019-09-10 22:56:07,363 [java.util.concurrent.ThreadPoolExecutor$Worker@7de6dcaa[State = -1, empty queue]] WARN  server.GrpcLogAppender (GrpcLogAppender.java:timeoutAppendRequest(200)) - 61a249ca-8039-4b42-99f2-11fda8dbfc88@group-4AD3EF8E1477->aaf3f7d3-af27-4405-89a7-731c9150da26-GrpcLogAppender: appendEntries Timeout, request=61a249ca-8039-4b42-99f2-11fda8dbfc88->aaf3f7d3-af27-4405-89a7-731c9150da26#131-t2, previous=(t:2, i:18), leaderCommit=14, initializing? false, entries: <empty>
2019-09-10 22:56:07,362 [java.util.concurrent.ThreadPoolExecutor$Worker@8fceac1[State = -1, empty queue]] WARN  server.GrpcLogAppender (GrpcLogAppender.java:timeoutAppendRequest(200)) - 61a249ca-8039-4b42-99f2-11fda8dbfc88@group-4AD3EF8E1477->85b41e89-4cf3-40c5-bca2-fe675a128b85-GrpcLogAppender: appendEntries Timeout, request=61a249ca-8039-4b42-99f2-11fda8dbfc88->85b41e89-4cf3-40c5-bca2-fe675a128b85#131-t2, previous=(t:2, i:18), leaderCommit=14, initializing? false, entries: <empty>
2019-09-10 22:56:07,816 [61a249ca-8039-4b42-99f2-11fda8dbfc88@group-4AD3EF8E1477-SegmentedRaftLogWorker] WARN  segmented.SegmentedRaftLogWorker (SegmentedRaftLogWorker.java:getFromFuture(90)) - Timeout 3/~
org.apache.ratis.protocol.TimeoutIOException: Timeout 10s: WriteLog:15: (t:2, i:15), STATEMACHINELOGENTRY, client-952E3BCC9DDC, cid=43-writeStateMachineData
	at org.apache.ratis.util.IOUtils.getFromFuture(IOUtils.java:87)
	at org.apache.ratis.server.raftlog.segmented.SegmentedRaftLogWorker$StateMachineDataPolicy.getFromFuture(SegmentedRaftLogWorker.java:87)
	at org.apache.ratis.server.raftlog.segmented.SegmentedRaftLogWorker$WriteLog.execute(SegmentedRaftLogWorker.java:477)
	at org.apache.ratis.server.raftlog.segmented.SegmentedRaftLogWorker.run(SegmentedRaftLogWorker.java:289)
	at java.lang.Thread.run(Thread.java:748)
Caused by: java.util.concurrent.TimeoutException
	at java.util.concurrent.CompletableFuture.timedGet(CompletableFuture.java:1771)
	at java.util.concurrent.CompletableFuture.get(CompletableFuture.java:1915)
	at org.apache.ratis.util.IOUtils.getFromFuture(IOUtils.java:79)
	... 4 more
2019-09-10 22:56:07,842 [85b41e89-4cf3-40c5-bca2-fe675a128b85@group-4AD3EF8E1477-SegmentedRaftLogWorker] WARN  segmented.SegmentedRaftLogWorker (SegmentedRaftLogWorker.java:getFromFuture(90)) - Timeout 3/~
org.apache.ratis.protocol.TimeoutIOException: Timeout 10s: WriteLog:15: (t:2, i:15), STATEMACHINELOGENTRY, client-952E3BCC9DDC, cid=43-writeStateMachineData
	at org.apache.ratis.util.IOUtils.getFromFuture(IOUtils.java:87)
	at org.apache.ratis.server.raftlog.segmented.SegmentedRaftLogWorker$StateMachineDataPolicy.getFromFuture(SegmentedRaftLogWorker.java:87)
	at org.apache.ratis.server.raftlog.segmented.SegmentedRaftLogWorker$WriteLog.execute(SegmentedRaftLogWorker.java:477)
	at org.apache.ratis.server.raftlog.segmented.SegmentedRaftLogWorker.run(SegmentedRaftLogWorker.java:289)
	at java.lang.Thread.run(Thread.java:748)
Caused by: java.util.concurrent.TimeoutException
	at java.util.concurrent.CompletableFuture.timedGet(CompletableFuture.java:1771)
	at java.util.concurrent.CompletableFuture.get(CompletableFuture.java:1915)
	at org.apache.ratis.util.IOUtils.getFromFuture(IOUtils.java:79)
	... 4 more
2019-09-10 22:56:07,860 [java.util.concurrent.ThreadPoolExecutor$Worker@683f9c8a[State = -1, empty queue]] WARN  server.GrpcLogAppender (GrpcLogAppender.java:timeoutAppendRequest(200)) - 2f676a21-e66b-4fec-aeac-0283d98823a1@group-F5D172FB2954->9a51610a-f282-4242-84b0-9cad669d08b8-GrpcLogAppender: appendEntries Timeout, request=2f676a21-e66b-4fec-aeac-0283d98823a1->9a51610a-f282-4242-84b0-9cad669d08b8#133-t2, previous=(t:2, i:20), leaderCommit=16, initializing? false, entries: <empty>
2019-09-10 22:56:07,860 [java.util.concurrent.ThreadPoolExecutor$Worker@1067c336[State = -1, empty queue]] WARN  server.GrpcLogAppender (GrpcLogAppender.java:timeoutAppendRequest(200)) - 2f676a21-e66b-4fec-aeac-0283d98823a1@group-F5D172FB2954->72e5a279-ca12-4c9e-91de-7e916f85cc8c-GrpcLogAppender: appendEntries Timeout, request=2f676a21-e66b-4fec-aeac-0283d98823a1->72e5a279-ca12-4c9e-91de-7e916f85cc8c#133-t2, previous=(t:2, i:20), leaderCommit=16, initializing? false, entries: <empty>
2019-09-10 22:56:07,862 [java.util.concurrent.ThreadPoolExecutor$Worker@8fceac1[State = -1, empty queue]] WARN  server.GrpcLogAppender (GrpcLogAppender.java:timeoutAppendRequest(200)) - 61a249ca-8039-4b42-99f2-11fda8dbfc88@group-4AD3EF8E1477->85b41e89-4cf3-40c5-bca2-fe675a128b85-GrpcLogAppender: appendEntries Timeout, request=61a249ca-8039-4b42-99f2-11fda8dbfc88->85b41e89-4cf3-40c5-bca2-fe675a128b85#132-t2, previous=(t:2, i:18), leaderCommit=14, initializing? false, entries: <empty>
2019-09-10 22:56:07,863 [java.util.concurrent.ThreadPoolExecutor$Worker@7de6dcaa[State = -1, empty queue]] WARN  server.GrpcLogAppender (GrpcLogAppender.java:timeoutAppendRequest(200)) - 61a249ca-8039-4b42-99f2-11fda8dbfc88@group-4AD3EF8E1477->aaf3f7d3-af27-4405-89a7-731c9150da26-GrpcLogAppender: appendEntries Timeout, request=61a249ca-8039-4b42-99f2-11fda8dbfc88->aaf3f7d3-af27-4405-89a7-731c9150da26#132-t2, previous=(t:2, i:18), leaderCommit=14, initializing? false, entries: <empty>
2019-09-10 22:56:07,910 [aaf3f7d3-af27-4405-89a7-731c9150da26@group-4AD3EF8E1477-SegmentedRaftLogWorker] WARN  segmented.SegmentedRaftLogWorker (SegmentedRaftLogWorker.java:getFromFuture(90)) - Timeout 3/~
org.apache.ratis.protocol.TimeoutIOException: Timeout 10s: WriteLog:17: (t:2, i:17), STATEMACHINELOGENTRY, client-952E3BCC9DDC, cid=45-writeStateMachineData
	at org.apache.ratis.util.IOUtils.getFromFuture(IOUtils.java:87)
	at org.apache.ratis.server.raftlog.segmented.SegmentedRaftLogWorker$StateMachineDataPolicy.getFromFuture(SegmentedRaftLogWorker.java:87)
	at org.apache.ratis.server.raftlog.segmented.SegmentedRaftLogWorker$WriteLog.execute(SegmentedRaftLogWorker.java:477)
	at org.apache.ratis.server.raftlog.segmented.SegmentedRaftLogWorker.run(SegmentedRaftLogWorker.java:289)
	at java.lang.Thread.run(Thread.java:748)
Caused by: java.util.concurrent.TimeoutException
	at java.util.concurrent.CompletableFuture.timedGet(CompletableFuture.java:1771)
	at java.util.concurrent.CompletableFuture.get(CompletableFuture.java:1915)
	at org.apache.ratis.util.IOUtils.getFromFuture(IOUtils.java:79)
	... 4 more
2019-09-10 22:56:08,360 [java.util.concurrent.ThreadPoolExecutor$Worker@683f9c8a[State = -1, empty queue]] WARN  server.GrpcLogAppender (GrpcLogAppender.java:timeoutAppendRequest(200)) - 2f676a21-e66b-4fec-aeac-0283d98823a1@group-F5D172FB2954->9a51610a-f282-4242-84b0-9cad669d08b8-GrpcLogAppender: appendEntries Timeout, request=2f676a21-e66b-4fec-aeac-0283d98823a1->9a51610a-f282-4242-84b0-9cad669d08b8#134-t2, previous=(t:2, i:20), leaderCommit=16, initializing? false, entries: <empty>
2019-09-10 22:56:08,360 [java.util.concurrent.ThreadPoolExecutor$Worker@1067c336[State = -1, empty queue]] WARN  server.GrpcLogAppender (GrpcLogAppender.java:timeoutAppendRequest(200)) - 2f676a21-e66b-4fec-aeac-0283d98823a1@group-F5D172FB2954->72e5a279-ca12-4c9e-91de-7e916f85cc8c-GrpcLogAppender: appendEntries Timeout, request=2f676a21-e66b-4fec-aeac-0283d98823a1->72e5a279-ca12-4c9e-91de-7e916f85cc8c#134-t2, previous=(t:2, i:20), leaderCommit=16, initializing? false, entries: <empty>
2019-09-10 22:56:08,367 [java.util.concurrent.ThreadPoolExecutor$Worker@8fceac1[State = -1, empty queue]] WARN  server.GrpcLogAppender (GrpcLogAppender.java:timeoutAppendRequest(200)) - 61a249ca-8039-4b42-99f2-11fda8dbfc88@group-4AD3EF8E1477->85b41e89-4cf3-40c5-bca2-fe675a128b85-GrpcLogAppender: appendEntries Timeout, request=61a249ca-8039-4b42-99f2-11fda8dbfc88->85b41e89-4cf3-40c5-bca2-fe675a128b85#133-t2, previous=(t:2, i:18), leaderCommit=14, initializing? false, entries: <empty>
2019-09-10 22:56:08,367 [java.util.concurrent.ThreadPoolExecutor$Worker@7de6dcaa[State = -1, empty queue]] WARN  server.GrpcLogAppender (GrpcLogAppender.java:timeoutAppendRequest(200)) - 61a249ca-8039-4b42-99f2-11fda8dbfc88@group-4AD3EF8E1477->aaf3f7d3-af27-4405-89a7-731c9150da26-GrpcLogAppender: appendEntries Timeout, request=61a249ca-8039-4b42-99f2-11fda8dbfc88->aaf3f7d3-af27-4405-89a7-731c9150da26#133-t2, previous=(t:2, i:18), leaderCommit=14, initializing? false, entries: <empty>
2019-09-10 22:56:08,721 [06814ee9-24b9-4aa5-b290-a3e9e2a386ef@group-05F713A51810-SegmentedRaftLogWorker] WARN  segmented.SegmentedRaftLogWorker (SegmentedRaftLogWorker.java:getFromFuture(90)) - Timeout 5/~
org.apache.ratis.protocol.TimeoutIOException: Timeout 10s: WriteLog:19: (t:3, i:19), STATEMACHINELOGENTRY, client-559D44C1B0F8, cid=31-writeStateMachineData
	at org.apache.ratis.util.IOUtils.getFromFuture(IOUtils.java:87)
	at org.apache.ratis.server.raftlog.segmented.SegmentedRaftLogWorker$StateMachineDataPolicy.getFromFuture(SegmentedRaftLogWorker.java:87)
	at org.apache.ratis.server.raftlog.segmented.SegmentedRaftLogWorker$WriteLog.execute(SegmentedRaftLogWorker.java:477)
	at org.apache.ratis.server.raftlog.segmented.SegmentedRaftLogWorker.run(SegmentedRaftLogWorker.java:289)
	at java.lang.Thread.run(Thread.java:748)
Caused by: java.util.concurrent.TimeoutException
	at java.util.concurrent.CompletableFuture.timedGet(CompletableFuture.java:1771)
	at java.util.concurrent.CompletableFuture.get(CompletableFuture.java:1915)
	at org.apache.ratis.util.IOUtils.getFromFuture(IOUtils.java:79)
	... 4 more
2019-09-10 22:56:08,721 [c564eaa4-7051-4a7d-897f-7be2f6aee35d@group-05F713A51810-SegmentedRaftLogWorker] WARN  segmented.SegmentedRaftLogWorker (SegmentedRaftLogWorker.java:getFromFuture(90)) - Timeout 5/~
org.apache.ratis.protocol.TimeoutIOException: Timeout 10s: WriteLog:19: (t:3, i:19), STATEMACHINELOGENTRY, client-559D44C1B0F8, cid=31-writeStateMachineData
	at org.apache.ratis.util.IOUtils.getFromFuture(IOUtils.java:87)
	at org.apache.ratis.server.raftlog.segmented.SegmentedRaftLogWorker$StateMachineDataPolicy.getFromFuture(SegmentedRaftLogWorker.java:87)
	at org.apache.ratis.server.raftlog.segmented.SegmentedRaftLogWorker$WriteLog.execute(SegmentedRaftLogWorker.java:477)
	at org.apache.ratis.server.raftlog.segmented.SegmentedRaftLogWorker.run(SegmentedRaftLogWorker.java:289)
	at java.lang.Thread.run(Thread.java:748)
Caused by: java.util.concurrent.TimeoutException
	at java.util.concurrent.CompletableFuture.timedGet(CompletableFuture.java:1771)
	at java.util.concurrent.CompletableFuture.get(CompletableFuture.java:1915)
	at org.apache.ratis.util.IOUtils.getFromFuture(IOUtils.java:79)
	... 4 more
2019-09-10 22:56:08,862 [java.util.concurrent.ThreadPoolExecutor$Worker@1067c336[State = -1, empty queue]] WARN  server.GrpcLogAppender (GrpcLogAppender.java:timeoutAppendRequest(200)) - 2f676a21-e66b-4fec-aeac-0283d98823a1@group-F5D172FB2954->72e5a279-ca12-4c9e-91de-7e916f85cc8c-GrpcLogAppender: appendEntries Timeout, request=2f676a21-e66b-4fec-aeac-0283d98823a1->72e5a279-ca12-4c9e-91de-7e916f85cc8c#135-t2, previous=(t:2, i:20), leaderCommit=16, initializing? false, entries: <empty>
2019-09-10 22:56:08,862 [java.util.concurrent.ThreadPoolExecutor$Worker@683f9c8a[State = -1, empty queue]] WARN  server.GrpcLogAppender (GrpcLogAppender.java:timeoutAppendRequest(200)) - 2f676a21-e66b-4fec-aeac-0283d98823a1@group-F5D172FB2954->9a51610a-f282-4242-84b0-9cad669d08b8-GrpcLogAppender: appendEntries Timeout, request=2f676a21-e66b-4fec-aeac-0283d98823a1->9a51610a-f282-4242-84b0-9cad669d08b8#135-t2, previous=(t:2, i:20), leaderCommit=16, initializing? false, entries: <empty>
2019-09-10 22:56:08,863 [java.util.concurrent.ThreadPoolExecutor$Worker@8fceac1[State = -1, empty queue]] WARN  server.GrpcLogAppender (GrpcLogAppender.java:timeoutAppendRequest(200)) - 61a249ca-8039-4b42-99f2-11fda8dbfc88@group-4AD3EF8E1477->85b41e89-4cf3-40c5-bca2-fe675a128b85-GrpcLogAppender: appendEntries Timeout, request=61a249ca-8039-4b42-99f2-11fda8dbfc88->85b41e89-4cf3-40c5-bca2-fe675a128b85#134-t2, previous=(t:2, i:18), leaderCommit=14, initializing? false, entries: <empty>
2019-09-10 22:56:08,863 [java.util.concurrent.ThreadPoolExecutor$Worker@7de6dcaa[State = -1, empty queue]] WARN  server.GrpcLogAppender (GrpcLogAppender.java:timeoutAppendRequest(200)) - 61a249ca-8039-4b42-99f2-11fda8dbfc88@group-4AD3EF8E1477->aaf3f7d3-af27-4405-89a7-731c9150da26-GrpcLogAppender: appendEntries Timeout, request=61a249ca-8039-4b42-99f2-11fda8dbfc88->aaf3f7d3-af27-4405-89a7-731c9150da26#134-t2, previous=(t:2, i:18), leaderCommit=14, initializing? false, entries: <empty>
2019-09-10 22:56:09,362 [java.util.concurrent.ThreadPoolExecutor$Worker@1067c336[State = -1, empty queue]] WARN  server.GrpcLogAppender (GrpcLogAppender.java:timeoutAppendRequest(200)) - 2f676a21-e66b-4fec-aeac-0283d98823a1@group-F5D172FB2954->72e5a279-ca12-4c9e-91de-7e916f85cc8c-GrpcLogAppender: appendEntries Timeout, request=2f676a21-e66b-4fec-aeac-0283d98823a1->72e5a279-ca12-4c9e-91de-7e916f85cc8c#136-t2, previous=(t:2, i:20), leaderCommit=16, initializing? false, entries: <empty>
2019-09-10 22:56:09,362 [java.util.concurrent.ThreadPoolExecutor$Worker@683f9c8a[State = -1, empty queue]] WARN  server.GrpcLogAppender (GrpcLogAppender.java:timeoutAppendRequest(200)) - 2f676a21-e66b-4fec-aeac-0283d98823a1@group-F5D172FB2954->9a51610a-f282-4242-84b0-9cad669d08b8-GrpcLogAppender: appendEntries Timeout, request=2f676a21-e66b-4fec-aeac-0283d98823a1->9a51610a-f282-4242-84b0-9cad669d08b8#136-t2, previous=(t:2, i:20), leaderCommit=16, initializing? false, entries: <empty>
2019-09-10 22:56:09,363 [java.util.concurrent.ThreadPoolExecutor$Worker@8fceac1[State = -1, empty queue]] WARN  server.GrpcLogAppender (GrpcLogAppender.java:timeoutAppendRequest(200)) - 61a249ca-8039-4b42-99f2-11fda8dbfc88@group-4AD3EF8E1477->85b41e89-4cf3-40c5-bca2-fe675a128b85-GrpcLogAppender: appendEntries Timeout, request=61a249ca-8039-4b42-99f2-11fda8dbfc88->85b41e89-4cf3-40c5-bca2-fe675a128b85#135-t2, previous=(t:2, i:18), leaderCommit=14, initializing? false, entries: <empty>
2019-09-10 22:56:09,363 [java.util.concurrent.ThreadPoolExecutor$Worker@7de6dcaa[State = -1, empty queue]] WARN  server.GrpcLogAppender (GrpcLogAppender.java:timeoutAppendRequest(200)) - 61a249ca-8039-4b42-99f2-11fda8dbfc88@group-4AD3EF8E1477->aaf3f7d3-af27-4405-89a7-731c9150da26-GrpcLogAppender: appendEntries Timeout, request=61a249ca-8039-4b42-99f2-11fda8dbfc88->aaf3f7d3-af27-4405-89a7-731c9150da26#135-t2, previous=(t:2, i:18), leaderCommit=14, initializing? false, entries: <empty>
2019-09-10 22:56:09,862 [java.util.concurrent.ThreadPoolExecutor$Worker@1067c336[State = -1, empty queue]] WARN  server.GrpcLogAppender (GrpcLogAppender.java:timeoutAppendRequest(200)) - 2f676a21-e66b-4fec-aeac-0283d98823a1@group-F5D172FB2954->72e5a279-ca12-4c9e-91de-7e916f85cc8c-GrpcLogAppender: appendEntries Timeout, request=2f676a21-e66b-4fec-aeac-0283d98823a1->72e5a279-ca12-4c9e-91de-7e916f85cc8c#137-t2, previous=(t:2, i:20), leaderCommit=16, initializing? false, entries: <empty>
2019-09-10 22:56:09,862 [java.util.concurrent.ThreadPoolExecutor$Worker@683f9c8a[State = -1, empty queue]] WARN  server.GrpcLogAppender (GrpcLogAppender.java:timeoutAppendRequest(200)) - 2f676a21-e66b-4fec-aeac-0283d98823a1@group-F5D172FB2954->9a51610a-f282-4242-84b0-9cad669d08b8-GrpcLogAppender: appendEntries Timeout, request=2f676a21-e66b-4fec-aeac-0283d98823a1->9a51610a-f282-4242-84b0-9cad669d08b8#137-t2, previous=(t:2, i:20), leaderCommit=16, initializing? false, entries: <empty>
2019-09-10 22:56:09,863 [java.util.concurrent.ThreadPoolExecutor$Worker@8fceac1[State = -1, empty queue]] WARN  server.GrpcLogAppender (GrpcLogAppender.java:timeoutAppendRequest(200)) - 61a249ca-8039-4b42-99f2-11fda8dbfc88@group-4AD3EF8E1477->85b41e89-4cf3-40c5-bca2-fe675a128b85-GrpcLogAppender: appendEntries Timeout, request=61a249ca-8039-4b42-99f2-11fda8dbfc88->85b41e89-4cf3-40c5-bca2-fe675a128b85#136-t2, previous=(t:2, i:18), leaderCommit=14, initializing? false, entries: <empty>
2019-09-10 22:56:09,864 [java.util.concurrent.ThreadPoolExecutor$Worker@7de6dcaa[State = -1, empty queue]] WARN  server.GrpcLogAppender (GrpcLogAppender.java:timeoutAppendRequest(200)) - 61a249ca-8039-4b42-99f2-11fda8dbfc88@group-4AD3EF8E1477->aaf3f7d3-af27-4405-89a7-731c9150da26-GrpcLogAppender: appendEntries Timeout, request=61a249ca-8039-4b42-99f2-11fda8dbfc88->aaf3f7d3-af27-4405-89a7-731c9150da26#136-t2, previous=(t:2, i:18), leaderCommit=14, initializing? false, entries: <empty>
2019-09-10 22:56:10,037 [main] WARN  io.KeyOutputStream (KeyOutputStream.java:handleException(276)) - Encountered exception java.io.IOException: Unexpected Storage Container Exception: java.util.concurrent.CompletionException: java.util.concurrent.CompletionException: org.apache.ratis.protocol.RaftRetryFailureException: Failed RaftClientRequest:client-43EE1EA533E7->2f676a21-e66b-4fec-aeac-0283d98823a1@group-F5D172FB2954, cid=57, seq=9*, RW, org.apache.hadoop.hdds.scm.XceiverClientRatis$$Lambda$493/1069131391@28b7de0c for 10 attempts with RetryLimited(maxAttempts=10, sleepTime=1000ms) on the pipeline Pipeline[ Id: 2ea0ff70-9fd8-43a6-89e1-f5d172fb2954, Nodes: 9a51610a-f282-4242-84b0-9cad669d08b8{ip: 192.168.34.57, host: pr-hdds-2106-sk2jr-1188266228, networkLocation: /default-rack, certSerialId: null}72e5a279-ca12-4c9e-91de-7e916f85cc8c{ip: 192.168.34.57, host: pr-hdds-2106-sk2jr-1188266228, networkLocation: /default-rack, certSerialId: null}2f676a21-e66b-4fec-aeac-0283d98823a1{ip: 192.168.34.57, host: pr-hdds-2106-sk2jr-1188266228, networkLocation: /default-rack, certSerialId: null}, Type:RATIS, Factor:THREE, State:OPEN]. The last committed block length is 0, uncommitted data length is 2097152 retry count 0
2019-09-10 22:56:10,073 [IPC Server handler 16 on 44109] WARN  block.BlockManagerImpl (BlockManagerImpl.java:allocateBlock(192)) - Pipeline creation failed for type:RATIS factor:THREE. Retrying get pipelines call once.
org.apache.hadoop.hdds.scm.pipeline.InsufficientDatanodesException: Cannot create pipeline of factor 3 using 1 nodes.
	at org.apache.hadoop.hdds.scm.pipeline.RatisPipelineProvider.create(RatisPipelineProvider.java:152)
	at org.apache.hadoop.hdds.scm.pipeline.PipelineFactory.create(PipelineFactory.java:57)
	at org.apache.hadoop.hdds.scm.pipeline.SCMPipelineManager.createPipeline(SCMPipelineManager.java:151)
	at org.apache.hadoop.hdds.scm.block.BlockManagerImpl.allocateBlock(BlockManagerImpl.java:190)
	at org.apache.hadoop.hdds.scm.server.SCMBlockProtocolServer.allocateBlock(SCMBlockProtocolServer.java:182)
	at org.apache.hadoop.ozone.protocolPB.ScmBlockLocationProtocolServerSideTranslatorPB.allocateScmBlock(ScmBlockLocationProtocolServerSideTranslatorPB.java:183)
	at org.apache.hadoop.ozone.protocolPB.ScmBlockLocationProtocolServerSideTranslatorPB.processMessage(ScmBlockLocationProtocolServerSideTranslatorPB.java:141)
	at org.apache.hadoop.ozone.protocolPB.ScmBlockLocationProtocolServerSideTranslatorPB.send(ScmBlockLocationProtocolServerSideTranslatorPB.java:116)
	at org.apache.hadoop.hdds.protocol.proto.ScmBlockLocationProtocolProtos$ScmBlockLocationProtocolService$2.callBlockingMethod(ScmBlockLocationProtocolProtos.java:13157)
	at org.apache.hadoop.ipc.ProtobufRpcEngine$Server$ProtoBufRpcInvoker.call(ProtobufRpcEngine.java:524)
	at org.apache.hadoop.ipc.RPC$Server.call(RPC.java:1025)
	at org.apache.hadoop.ipc.Server$RpcCall.run(Server.java:876)
	at org.apache.hadoop.ipc.Server$RpcCall.run(Server.java:822)
	at java.security.AccessController.doPrivileged(Native Method)
	at javax.security.auth.Subject.doAs(Subject.java:422)
	at org.apache.hadoop.security.UserGroupInformation.doAs(UserGroupInformation.java:1730)
	at org.apache.hadoop.ipc.Server$Handler.run(Server.java:2682)
2019-09-10 22:56:10,076 [IPC Server handler 16 on 44109] INFO  block.BlockManagerImpl (BlockManagerImpl.java:allocateBlock(198)) - Could not find available pipeline of type:RATIS and factor:THREE even after retrying
2019-09-10 22:56:10,076 [IPC Server handler 16 on 44109] ERROR block.BlockManagerImpl (BlockManagerImpl.java:allocateBlock(222)) - Unable to allocate a block for the size: 4194304, type: RATIS, factor: THREE
2019-09-10 22:56:10,081 [main] ERROR io.BlockOutputStreamEntryPool (BlockOutputStreamEntryPool.java:allocateBlockIfNeeded(299)) - Try to allocate more blocks for write failed, already allocated 0 blocks for this write.
INTERNAL_ERROR org.apache.hadoop.ozone.om.exceptions.OMException: Allocated 0 blocks. Requested 1 blocks
	at org.apache.hadoop.ozone.om.protocolPB.OzoneManagerProtocolClientSideTranslatorPB.handleError(OzoneManagerProtocolClientSideTranslatorPB.java:725)
	at org.apache.hadoop.ozone.om.protocolPB.OzoneManagerProtocolClientSideTranslatorPB.allocateBlock(OzoneManagerProtocolClientSideTranslatorPB.java:757)
	at org.apache.hadoop.ozone.client.io.BlockOutputStreamEntryPool.allocateNewBlock(BlockOutputStreamEntryPool.java:248)
	at org.apache.hadoop.ozone.client.io.BlockOutputStreamEntryPool.allocateBlockIfNeeded(BlockOutputStreamEntryPool.java:296)
	at org.apache.hadoop.ozone.client.io.KeyOutputStream.handleWrite(KeyOutputStream.java:201)
	at org.apache.hadoop.ozone.client.io.KeyOutputStream.handleRetry(KeyOutputStream.java:376)
	at org.apache.hadoop.ozone.client.io.KeyOutputStream.handleException(KeyOutputStream.java:325)
	at org.apache.hadoop.ozone.client.io.KeyOutputStream.handleWrite(KeyOutputStream.java:231)
	at org.apache.hadoop.ozone.client.io.KeyOutputStream.write(KeyOutputStream.java:193)
	at org.apache.hadoop.ozone.client.io.OzoneOutputStream.write(OzoneOutputStream.java:49)
	at java.io.OutputStream.write(OutputStream.java:75)
	at org.apache.hadoop.ozone.client.rpc.TestMultiBlockWritesWithDnFailures.testMultiBlockWritesWithIntermittentDnFailures(TestMultiBlockWritesWithDnFailures.java:192)
	at sun.reflect.NativeMethodAccessorImpl.invoke0(Native Method)
	at sun.reflect.NativeMethodAccessorImpl.invoke(NativeMethodAccessorImpl.java:62)
	at sun.reflect.DelegatingMethodAccessorImpl.invoke(DelegatingMethodAccessorImpl.java:43)
	at java.lang.reflect.Method.invoke(Method.java:498)
	at org.junit.runners.model.FrameworkMethod$1.runReflectiveCall(FrameworkMethod.java:47)
	at org.junit.internal.runners.model.ReflectiveCallable.run(ReflectiveCallable.java:12)
	at org.junit.runners.model.FrameworkMethod.invokeExplosively(FrameworkMethod.java:44)
	at org.junit.internal.runners.statements.InvokeMethod.evaluate(InvokeMethod.java:17)
	at org.junit.internal.runners.statements.RunAfters.evaluate(RunAfters.java:27)
	at org.junit.runners.ParentRunner.runLeaf(ParentRunner.java:271)
	at org.junit.runners.BlockJUnit4ClassRunner.runChild(BlockJUnit4ClassRunner.java:70)
	at org.junit.runners.BlockJUnit4ClassRunner.runChild(BlockJUnit4ClassRunner.java:50)
	at org.junit.runners.ParentRunner$3.run(ParentRunner.java:238)
	at org.junit.runners.ParentRunner$1.schedule(ParentRunner.java:63)
	at org.junit.runners.ParentRunner.runChildren(ParentRunner.java:236)
	at org.junit.runners.ParentRunner.access$000(ParentRunner.java:53)
	at org.junit.runners.ParentRunner$2.evaluate(ParentRunner.java:229)
	at org.junit.runners.ParentRunner.run(ParentRunner.java:309)
	at org.apache.maven.surefire.junit4.JUnit4Provider.execute(JUnit4Provider.java:365)
	at org.apache.maven.surefire.junit4.JUnit4Provider.executeWithRerun(JUnit4Provider.java:273)
	at org.apache.maven.surefire.junit4.JUnit4Provider.executeTestSet(JUnit4Provider.java:238)
	at org.apache.maven.surefire.junit4.JUnit4Provider.invoke(JUnit4Provider.java:159)
	at org.apache.maven.surefire.booter.ForkedBooter.invokeProviderInSameClassLoader(ForkedBooter.java:384)
	at org.apache.maven.surefire.booter.ForkedBooter.runSuitesInProcess(ForkedBooter.java:345)
	at org.apache.maven.surefire.booter.ForkedBooter.execute(ForkedBooter.java:126)
	at org.apache.maven.surefire.booter.ForkedBooter.main(ForkedBooter.java:418)
2019-09-10 22:56:10,085 [main] INFO  ozone.MiniOzoneClusterImpl (MiniOzoneClusterImpl.java:shutdown(307)) - Shutting down the Mini Ozone Cluster
2019-09-10 22:56:10,086 [main] INFO  ozone.MiniOzoneClusterImpl (MiniOzoneClusterImpl.java:stop(322)) - Stopping the Mini Ozone Cluster
2019-09-10 22:56:10,086 [main] INFO  ozone.MiniOzoneClusterImpl (MiniOzoneClusterImpl.java:stop(324)) - Stopping the OzoneManager
2019-09-10 22:56:10,086 [main] INFO  ipc.Server (Server.java:stop(3082)) - Stopping server on 42654
2019-09-10 22:56:10,093 [main] INFO  ratis.OzoneManagerDoubleBuffer (OzoneManagerDoubleBuffer.java:stop(248)) - Stopping OMDoubleBuffer flush thread
2019-09-10 22:56:10,093 [IPC Server listener on 42654] INFO  ipc.Server (Server.java:run(1185)) - Stopping IPC Server listener on 42654
2019-09-10 22:56:10,097 [OMDoubleBufferFlushThread] INFO  ratis.OzoneManagerDoubleBuffer (OzoneManagerDoubleBuffer.java:flushTransactions(191)) - OMDoubleBuffer flush thread OMDoubleBufferFlushThread is interrupted and will exit. OMDoubleBufferFlushThread
2019-09-10 22:56:10,097 [IPC Server Responder] INFO  ipc.Server (Server.java:run(1319)) - Stopping IPC Server Responder
2019-09-10 22:56:10,106 [main] INFO  utils.BackgroundService (BackgroundService.java:shutdown(148)) - Shutting down service KeyDeletingService
2019-09-10 22:56:10,132 [main] INFO  handler.ContextHandler (ContextHandler.java:doStop(910)) - Stopped o.e.j.w.WebAppContext@444548a0{/,null,UNAVAILABLE}{/ozoneManager}
2019-09-10 22:56:10,133 [main] INFO  server.AbstractConnector (AbstractConnector.java:doStop(318)) - Stopped ServerConnector@3766c667{HTTP/1.1,[http/1.1]}{0.0.0.0:0}
2019-09-10 22:56:10,134 [main] INFO  handler.ContextHandler (ContextHandler.java:doStop(910)) - Stopped o.e.j.s.ServletContextHandler@2571066a{/static,file:///workdir/hadoop-ozone/integration-test/target/test-classes/webapps/static,UNAVAILABLE}
2019-09-10 22:56:10,134 [main] INFO  handler.ContextHandler (ContextHandler.java:doStop(910)) - Stopped o.e.j.s.ServletContextHandler@25d3cfc8{/logs,file:///workdir/hadoop-ozone/integration-test/target/log,UNAVAILABLE}
2019-09-10 22:56:10,138 [main] INFO  ozone.MiniOzoneClusterImpl (MiniOzoneClusterImpl.java:stop(330)) - Shutting the HddsDatanodes
2019-09-10 22:56:10,363 [java.util.concurrent.ThreadPoolExecutor$Worker@1067c336[State = -1, empty queue]] WARN  server.GrpcLogAppender (GrpcLogAppender.java:timeoutAppendRequest(200)) - 2f676a21-e66b-4fec-aeac-0283d98823a1@group-F5D172FB2954->72e5a279-ca12-4c9e-91de-7e916f85cc8c-GrpcLogAppender: appendEntries Timeout, request=2f676a21-e66b-4fec-aeac-0283d98823a1->72e5a279-ca12-4c9e-91de-7e916f85cc8c#138-t2, previous=(t:2, i:20), leaderCommit=16, initializing? false, entries: <empty>
2019-09-10 22:56:10,363 [java.util.concurrent.ThreadPoolExecutor$Worker@683f9c8a[State = -1, empty queue]] WARN  server.GrpcLogAppender (GrpcLogAppender.java:timeoutAppendRequest(200)) - 2f676a21-e66b-4fec-aeac-0283d98823a1@group-F5D172FB2954->9a51610a-f282-4242-84b0-9cad669d08b8-GrpcLogAppender: appendEntries Timeout, request=2f676a21-e66b-4fec-aeac-0283d98823a1->9a51610a-f282-4242-84b0-9cad669d08b8#138-t2, previous=(t:2, i:20), leaderCommit=16, initializing? false, entries: <empty>
2019-09-10 22:56:10,364 [java.util.concurrent.ThreadPoolExecutor$Worker@8fceac1[State = -1, empty queue]] WARN  server.GrpcLogAppender (GrpcLogAppender.java:timeoutAppendRequest(200)) - 61a249ca-8039-4b42-99f2-11fda8dbfc88@group-4AD3EF8E1477->85b41e89-4cf3-40c5-bca2-fe675a128b85-GrpcLogAppender: appendEntries Timeout, request=61a249ca-8039-4b42-99f2-11fda8dbfc88->85b41e89-4cf3-40c5-bca2-fe675a128b85#137-t2, previous=(t:2, i:18), leaderCommit=14, initializing? false, entries: <empty>
2019-09-10 22:56:10,364 [java.util.concurrent.ThreadPoolExecutor$Worker@7de6dcaa[State = -1, empty queue]] WARN  server.GrpcLogAppender (GrpcLogAppender.java:timeoutAppendRequest(200)) - 61a249ca-8039-4b42-99f2-11fda8dbfc88@group-4AD3EF8E1477->aaf3f7d3-af27-4405-89a7-731c9150da26-GrpcLogAppender: appendEntries Timeout, request=61a249ca-8039-4b42-99f2-11fda8dbfc88->aaf3f7d3-af27-4405-89a7-731c9150da26#137-t2, previous=(t:2, i:18), leaderCommit=14, initializing? false, entries: <empty>
2019-09-10 22:56:10,863 [java.util.concurrent.ThreadPoolExecutor$Worker@683f9c8a[State = -1, empty queue]] WARN  server.GrpcLogAppender (GrpcLogAppender.java:timeoutAppendRequest(200)) - 2f676a21-e66b-4fec-aeac-0283d98823a1@group-F5D172FB2954->9a51610a-f282-4242-84b0-9cad669d08b8-GrpcLogAppender: appendEntries Timeout, request=2f676a21-e66b-4fec-aeac-0283d98823a1->9a51610a-f282-4242-84b0-9cad669d08b8#139-t2, previous=(t:2, i:20), leaderCommit=16, initializing? false, entries: <empty>
2019-09-10 22:56:10,863 [java.util.concurrent.ThreadPoolExecutor$Worker@1067c336[State = -1, empty queue]] WARN  server.GrpcLogAppender (GrpcLogAppender.java:timeoutAppendRequest(200)) - 2f676a21-e66b-4fec-aeac-0283d98823a1@group-F5D172FB2954->72e5a279-ca12-4c9e-91de-7e916f85cc8c-GrpcLogAppender: appendEntries Timeout, request=2f676a21-e66b-4fec-aeac-0283d98823a1->72e5a279-ca12-4c9e-91de-7e916f85cc8c#139-t2, previous=(t:2, i:20), leaderCommit=16, initializing? false, entries: <empty>
2019-09-10 22:56:10,864 [java.util.concurrent.ThreadPoolExecutor$Worker@8fceac1[State = -1, empty queue]] WARN  server.GrpcLogAppender (GrpcLogAppender.java:timeoutAppendRequest(200)) - 61a249ca-8039-4b42-99f2-11fda8dbfc88@group-4AD3EF8E1477->85b41e89-4cf3-40c5-bca2-fe675a128b85-GrpcLogAppender: appendEntries Timeout, request=61a249ca-8039-4b42-99f2-11fda8dbfc88->85b41e89-4cf3-40c5-bca2-fe675a128b85#138-t2, previous=(t:2, i:18), leaderCommit=14, initializing? false, entries: <empty>
2019-09-10 22:56:10,864 [java.util.concurrent.ThreadPoolExecutor$Worker@7de6dcaa[State = -1, empty queue]] WARN  server.GrpcLogAppender (GrpcLogAppender.java:timeoutAppendRequest(200)) - 61a249ca-8039-4b42-99f2-11fda8dbfc88@group-4AD3EF8E1477->aaf3f7d3-af27-4405-89a7-731c9150da26-GrpcLogAppender: appendEntries Timeout, request=61a249ca-8039-4b42-99f2-11fda8dbfc88->aaf3f7d3-af27-4405-89a7-731c9150da26#138-t2, previous=(t:2, i:18), leaderCommit=14, initializing? false, entries: <empty>
2019-09-10 22:56:10,929 [Datanode State Machine Thread - 0] INFO  statemachine.DatanodeStateMachine (DatanodeStateMachine.java:lambda$startDaemon$0(350)) - Ozone container server started.
2019-09-10 22:56:11,066 [Datanode State Machine Thread - 0] INFO  statemachine.DatanodeStateMachine (DatanodeStateMachine.java:lambda$startDaemon$0(350)) - Ozone container server started.
2019-09-10 22:56:11,367 [java.util.concurrent.ThreadPoolExecutor$Worker@7de6dcaa[State = -1, empty queue]] WARN  server.GrpcLogAppender (GrpcLogAppender.java:timeoutAppendRequest(200)) - 61a249ca-8039-4b42-99f2-11fda8dbfc88@group-4AD3EF8E1477->aaf3f7d3-af27-4405-89a7-731c9150da26-GrpcLogAppender: appendEntries Timeout, request=61a249ca-8039-4b42-99f2-11fda8dbfc88->aaf3f7d3-af27-4405-89a7-731c9150da26#139-t2, previous=(t:2, i:18), leaderCommit=14, initializing? false, entries: <empty>
2019-09-10 22:56:11,367 [java.util.concurrent.ThreadPoolExecutor$Worker@1067c336[State = -1, empty queue]] WARN  server.GrpcLogAppender (GrpcLogAppender.java:timeoutAppendRequest(200)) - 2f676a21-e66b-4fec-aeac-0283d98823a1@group-F5D172FB2954->72e5a279-ca12-4c9e-91de-7e916f85cc8c-GrpcLogAppender: appendEntries Timeout, request=2f676a21-e66b-4fec-aeac-0283d98823a1->72e5a279-ca12-4c9e-91de-7e916f85cc8c#140-t2, previous=(t:2, i:20), leaderCommit=16, initializing? false, entries: <empty>
2019-09-10 22:56:11,367 [java.util.concurrent.ThreadPoolExecutor$Worker@683f9c8a[State = -1, empty queue]] WARN  server.GrpcLogAppender (GrpcLogAppender.java:timeoutAppendRequest(200)) - 2f676a21-e66b-4fec-aeac-0283d98823a1@group-F5D172FB2954->9a51610a-f282-4242-84b0-9cad669d08b8-GrpcLogAppender: appendEntries Timeout, request=2f676a21-e66b-4fec-aeac-0283d98823a1->9a51610a-f282-4242-84b0-9cad669d08b8#140-t2, previous=(t:2, i:20), leaderCommit=16, initializing? false, entries: <empty>
2019-09-10 22:56:11,367 [java.util.concurrent.ThreadPoolExecutor$Worker@8fceac1[State = -1, empty queue]] WARN  server.GrpcLogAppender (GrpcLogAppender.java:timeoutAppendRequest(200)) - 61a249ca-8039-4b42-99f2-11fda8dbfc88@group-4AD3EF8E1477->85b41e89-4cf3-40c5-bca2-fe675a128b85-GrpcLogAppender: appendEntries Timeout, request=61a249ca-8039-4b42-99f2-11fda8dbfc88->85b41e89-4cf3-40c5-bca2-fe675a128b85#139-t2, previous=(t:2, i:18), leaderCommit=14, initializing? false, entries: <empty>
2019-09-10 22:56:11,827 [2f676a21-e66b-4fec-aeac-0283d98823a1@group-F5D172FB2954-SegmentedRaftLogWorker] WARN  segmented.SegmentedRaftLogWorker (SegmentedRaftLogWorker.java:getFromFuture(90)) - Timeout 1/~
org.apache.ratis.protocol.TimeoutIOException: Timeout 10s: WriteLog:17: (t:2, i:17), STATEMACHINELOGENTRY, client-43EE1EA533E7, cid=57-writeStateMachineData
	at org.apache.ratis.util.IOUtils.getFromFuture(IOUtils.java:87)
	at org.apache.ratis.server.raftlog.segmented.SegmentedRaftLogWorker$StateMachineDataPolicy.getFromFuture(SegmentedRaftLogWorker.java:87)
	at org.apache.ratis.server.raftlog.segmented.SegmentedRaftLogWorker$WriteLog.execute(SegmentedRaftLogWorker.java:477)
	at org.apache.ratis.server.raftlog.segmented.SegmentedRaftLogWorker.run(SegmentedRaftLogWorker.java:289)
	at java.lang.Thread.run(Thread.java:748)
Caused by: java.util.concurrent.TimeoutException
	at java.util.concurrent.CompletableFuture.timedGet(CompletableFuture.java:1771)
	at java.util.concurrent.CompletableFuture.get(CompletableFuture.java:1915)
	at org.apache.ratis.util.IOUtils.getFromFuture(IOUtils.java:79)
	... 4 more
2019-09-10 22:56:11,833 [72e5a279-ca12-4c9e-91de-7e916f85cc8c@group-F5D172FB2954-SegmentedRaftLogWorker] WARN  segmented.SegmentedRaftLogWorker (SegmentedRaftLogWorker.java:getFromFuture(90)) - Timeout 1/~
org.apache.ratis.protocol.TimeoutIOException: Timeout 10s: WriteLog:17: (t:2, i:17), STATEMACHINELOGENTRY, client-43EE1EA533E7, cid=57-writeStateMachineData
	at org.apache.ratis.util.IOUtils.getFromFuture(IOUtils.java:87)
	at org.apache.ratis.server.raftlog.segmented.SegmentedRaftLogWorker$StateMachineDataPolicy.getFromFuture(SegmentedRaftLogWorker.java:87)
	at org.apache.ratis.server.raftlog.segmented.SegmentedRaftLogWorker$WriteLog.execute(SegmentedRaftLogWorker.java:477)
	at org.apache.ratis.server.raftlog.segmented.SegmentedRaftLogWorker.run(SegmentedRaftLogWorker.java:289)
	at java.lang.Thread.run(Thread.java:748)
Caused by: java.util.concurrent.TimeoutException
	at java.util.concurrent.CompletableFuture.timedGet(CompletableFuture.java:1771)
	at java.util.concurrent.CompletableFuture.get(CompletableFuture.java:1915)
	at org.apache.ratis.util.IOUtils.getFromFuture(IOUtils.java:79)
	... 4 more
2019-09-10 22:56:11,835 [9a51610a-f282-4242-84b0-9cad669d08b8@group-F5D172FB2954-SegmentedRaftLogWorker] WARN  segmented.SegmentedRaftLogWorker (SegmentedRaftLogWorker.java:getFromFuture(90)) - Timeout 1/~
org.apache.ratis.protocol.TimeoutIOException: Timeout 10s: WriteLog:17: (t:2, i:17), STATEMACHINELOGENTRY, client-43EE1EA533E7, cid=57-writeStateMachineData
	at org.apache.ratis.util.IOUtils.getFromFuture(IOUtils.java:87)
	at org.apache.ratis.server.raftlog.segmented.SegmentedRaftLogWorker$StateMachineDataPolicy.getFromFuture(SegmentedRaftLogWorker.java:87)
	at org.apache.ratis.server.raftlog.segmented.SegmentedRaftLogWorker$WriteLog.execute(SegmentedRaftLogWorker.java:477)
	at org.apache.ratis.server.raftlog.segmented.SegmentedRaftLogWorker.run(SegmentedRaftLogWorker.java:289)
	at java.lang.Thread.run(Thread.java:748)
Caused by: java.util.concurrent.TimeoutException
	at java.util.concurrent.CompletableFuture.timedGet(CompletableFuture.java:1771)
	at java.util.concurrent.CompletableFuture.get(CompletableFuture.java:1915)
	at org.apache.ratis.util.IOUtils.getFromFuture(IOUtils.java:79)
	... 4 more
2019-09-10 22:56:11,868 [java.util.concurrent.ThreadPoolExecutor$Worker@1067c336[State = -1, empty queue]] WARN  server.GrpcLogAppender (GrpcLogAppender.java:timeoutAppendRequest(200)) - 2f676a21-e66b-4fec-aeac-0283d98823a1@group-F5D172FB2954->72e5a279-ca12-4c9e-91de-7e916f85cc8c-GrpcLogAppender: appendEntries Timeout, request=2f676a21-e66b-4fec-aeac-0283d98823a1->72e5a279-ca12-4c9e-91de-7e916f85cc8c#141-t2, previous=(t:2, i:20), leaderCommit=16, initializing? false, entries: <empty>
2019-09-10 22:56:11,868 [java.util.concurrent.ThreadPoolExecutor$Worker@683f9c8a[State = -1, empty queue]] WARN  server.GrpcLogAppender (GrpcLogAppender.java:timeoutAppendRequest(200)) - 2f676a21-e66b-4fec-aeac-0283d98823a1@group-F5D172FB2954->9a51610a-f282-4242-84b0-9cad669d08b8-GrpcLogAppender: appendEntries Timeout, request=2f676a21-e66b-4fec-aeac-0283d98823a1->9a51610a-f282-4242-84b0-9cad669d08b8#141-t2, previous=(t:2, i:20), leaderCommit=16, initializing? false, entries: <empty>
2019-09-10 22:56:11,868 [java.util.concurrent.ThreadPoolExecutor$Worker@7de6dcaa[State = -1, empty queue]] WARN  server.GrpcLogAppender (GrpcLogAppender.java:timeoutAppendRequest(200)) - 61a249ca-8039-4b42-99f2-11fda8dbfc88@group-4AD3EF8E1477->aaf3f7d3-af27-4405-89a7-731c9150da26-GrpcLogAppender: appendEntries Timeout, request=61a249ca-8039-4b42-99f2-11fda8dbfc88->aaf3f7d3-af27-4405-89a7-731c9150da26#140-t2, previous=(t:2, i:18), leaderCommit=14, initializing? false, entries: <empty>
2019-09-10 22:56:11,868 [java.util.concurrent.ThreadPoolExecutor$Worker@8fceac1[State = -1, empty queue]] WARN  server.GrpcLogAppender (GrpcLogAppender.java:timeoutAppendRequest(200)) - 61a249ca-8039-4b42-99f2-11fda8dbfc88@group-4AD3EF8E1477->85b41e89-4cf3-40c5-bca2-fe675a128b85-GrpcLogAppender: appendEntries Timeout, request=61a249ca-8039-4b42-99f2-11fda8dbfc88->85b41e89-4cf3-40c5-bca2-fe675a128b85#140-t2, previous=(t:2, i:18), leaderCommit=14, initializing? false, entries: <empty>
2019-09-10 22:56:12,368 [java.util.concurrent.ThreadPoolExecutor$Worker@1067c336[State = -1, empty queue]] WARN  server.GrpcLogAppender (GrpcLogAppender.java:timeoutAppendRequest(200)) - 2f676a21-e66b-4fec-aeac-0283d98823a1@group-F5D172FB2954->72e5a279-ca12-4c9e-91de-7e916f85cc8c-GrpcLogAppender: appendEntries Timeout, request=2f676a21-e66b-4fec-aeac-0283d98823a1->72e5a279-ca12-4c9e-91de-7e916f85cc8c#142-t2, previous=(t:2, i:20), leaderCommit=16, initializing? false, entries: <empty>
2019-09-10 22:56:12,368 [java.util.concurrent.ThreadPoolExecutor$Worker@683f9c8a[State = -1, empty queue]] WARN  server.GrpcLogAppender (GrpcLogAppender.java:timeoutAppendRequest(200)) - 2f676a21-e66b-4fec-aeac-0283d98823a1@group-F5D172FB2954->9a51610a-f282-4242-84b0-9cad669d08b8-GrpcLogAppender: appendEntries Timeout, request=2f676a21-e66b-4fec-aeac-0283d98823a1->9a51610a-f282-4242-84b0-9cad669d08b8#142-t2, previous=(t:2, i:20), leaderCommit=16, initializing? false, entries: <empty>
2019-09-10 22:56:12,368 [java.util.concurrent.ThreadPoolExecutor$Worker@7de6dcaa[State = -1, empty queue]] WARN  server.GrpcLogAppender (GrpcLogAppender.java:timeoutAppendRequest(200)) - 61a249ca-8039-4b42-99f2-11fda8dbfc88@group-4AD3EF8E1477->aaf3f7d3-af27-4405-89a7-731c9150da26-GrpcLogAppender: appendEntries Timeout, request=61a249ca-8039-4b42-99f2-11fda8dbfc88->aaf3f7d3-af27-4405-89a7-731c9150da26#141-t2, previous=(t:2, i:18), leaderCommit=14, initializing? false, entries: <empty>
2019-09-10 22:56:12,368 [java.util.concurrent.ThreadPoolExecutor$Worker@8fceac1[State = -1, empty queue]] WARN  server.GrpcLogAppender (GrpcLogAppender.java:timeoutAppendRequest(200)) - 61a249ca-8039-4b42-99f2-11fda8dbfc88@group-4AD3EF8E1477->85b41e89-4cf3-40c5-bca2-fe675a128b85-GrpcLogAppender: appendEntries Timeout, request=61a249ca-8039-4b42-99f2-11fda8dbfc88->85b41e89-4cf3-40c5-bca2-fe675a128b85#141-t2, previous=(t:2, i:18), leaderCommit=14, initializing? false, entries: <empty>
2019-09-10 22:56:12,868 [java.util.concurrent.ThreadPoolExecutor$Worker@7de6dcaa[State = -1, empty queue]] WARN  server.GrpcLogAppender (GrpcLogAppender.java:timeoutAppendRequest(200)) - 61a249ca-8039-4b42-99f2-11fda8dbfc88@group-4AD3EF8E1477->aaf3f7d3-af27-4405-89a7-731c9150da26-GrpcLogAppender: appendEntries Timeout, request=61a249ca-8039-4b42-99f2-11fda8dbfc88->aaf3f7d3-af27-4405-89a7-731c9150da26#142-t2, previous=(t:2, i:18), leaderCommit=14, initializing? false, entries: <empty>
2019-09-10 22:56:12,869 [java.util.concurrent.ThreadPoolExecutor$Worker@8fceac1[State = -1, empty queue]] WARN  server.GrpcLogAppender (GrpcLogAppender.java:timeoutAppendRequest(200)) - 61a249ca-8039-4b42-99f2-11fda8dbfc88@group-4AD3EF8E1477->85b41e89-4cf3-40c5-bca2-fe675a128b85-GrpcLogAppender: appendEntries Timeout, request=61a249ca-8039-4b42-99f2-11fda8dbfc88->85b41e89-4cf3-40c5-bca2-fe675a128b85#142-t2, previous=(t:2, i:18), leaderCommit=14, initializing? false, entries: <empty>
2019-09-10 22:56:12,869 [java.util.concurrent.ThreadPoolExecutor$Worker@1067c336[State = -1, empty queue]] WARN  server.GrpcLogAppender (GrpcLogAppender.java:timeoutAppendRequest(200)) - 2f676a21-e66b-4fec-aeac-0283d98823a1@group-F5D172FB2954->72e5a279-ca12-4c9e-91de-7e916f85cc8c-GrpcLogAppender: appendEntries Timeout, request=2f676a21-e66b-4fec-aeac-0283d98823a1->72e5a279-ca12-4c9e-91de-7e916f85cc8c#143-t2, previous=(t:2, i:20), leaderCommit=16, initializing? false, entries: <empty>
2019-09-10 22:56:12,869 [java.util.concurrent.ThreadPoolExecutor$Worker@683f9c8a[State = -1, empty queue]] WARN  server.GrpcLogAppender (GrpcLogAppender.java:timeoutAppendRequest(200)) - 2f676a21-e66b-4fec-aeac-0283d98823a1@group-F5D172FB2954->9a51610a-f282-4242-84b0-9cad669d08b8-GrpcLogAppender: appendEntries Timeout, request=2f676a21-e66b-4fec-aeac-0283d98823a1->9a51610a-f282-4242-84b0-9cad669d08b8#143-t2, previous=(t:2, i:20), leaderCommit=16, initializing? false, entries: <empty>
2019-09-10 22:56:13,369 [java.util.concurrent.ThreadPoolExecutor$Worker@1067c336[State = -1, empty queue]] WARN  server.GrpcLogAppender (GrpcLogAppender.java:timeoutAppendRequest(200)) - 2f676a21-e66b-4fec-aeac-0283d98823a1@group-F5D172FB2954->72e5a279-ca12-4c9e-91de-7e916f85cc8c-GrpcLogAppender: appendEntries Timeout, request=2f676a21-e66b-4fec-aeac-0283d98823a1->72e5a279-ca12-4c9e-91de-7e916f85cc8c#144-t2, previous=(t:2, i:20), leaderCommit=16, initializing? false, entries: <empty>
2019-09-10 22:56:13,369 [java.util.concurrent.ThreadPoolExecutor$Worker@683f9c8a[State = -1, empty queue]] WARN  server.GrpcLogAppender (GrpcLogAppender.java:timeoutAppendRequest(200)) - 2f676a21-e66b-4fec-aeac-0283d98823a1@group-F5D172FB2954->9a51610a-f282-4242-84b0-9cad669d08b8-GrpcLogAppender: appendEntries Timeout, request=2f676a21-e66b-4fec-aeac-0283d98823a1->9a51610a-f282-4242-84b0-9cad669d08b8#144-t2, previous=(t:2, i:20), leaderCommit=16, initializing? false, entries: <empty>
2019-09-10 22:56:13,369 [java.util.concurrent.ThreadPoolExecutor$Worker@7de6dcaa[State = -1, empty queue]] WARN  server.GrpcLogAppender (GrpcLogAppender.java:timeoutAppendRequest(200)) - 61a249ca-8039-4b42-99f2-11fda8dbfc88@group-4AD3EF8E1477->aaf3f7d3-af27-4405-89a7-731c9150da26-GrpcLogAppender: appendEntries Timeout, request=61a249ca-8039-4b42-99f2-11fda8dbfc88->aaf3f7d3-af27-4405-89a7-731c9150da26#143-t2, previous=(t:2, i:18), leaderCommit=14, initializing? false, entries: <empty>
2019-09-10 22:56:13,369 [java.util.concurrent.ThreadPoolExecutor$Worker@8fceac1[State = -1, empty queue]] WARN  server.GrpcLogAppender (GrpcLogAppender.java:timeoutAppendRequest(200)) - 61a249ca-8039-4b42-99f2-11fda8dbfc88@group-4AD3EF8E1477->85b41e89-4cf3-40c5-bca2-fe675a128b85-GrpcLogAppender: appendEntries Timeout, request=61a249ca-8039-4b42-99f2-11fda8dbfc88->85b41e89-4cf3-40c5-bca2-fe675a128b85#143-t2, previous=(t:2, i:18), leaderCommit=14, initializing? false, entries: <empty>
2019-09-10 22:56:13,869 [java.util.concurrent.ThreadPoolExecutor$Worker@8fceac1[State = -1, empty queue]] WARN  server.GrpcLogAppender (GrpcLogAppender.java:timeoutAppendRequest(200)) - 61a249ca-8039-4b42-99f2-11fda8dbfc88@group-4AD3EF8E1477->85b41e89-4cf3-40c5-bca2-fe675a128b85-GrpcLogAppender: appendEntries Timeout, request=61a249ca-8039-4b42-99f2-11fda8dbfc88->85b41e89-4cf3-40c5-bca2-fe675a128b85#144-t2, previous=(t:2, i:18), leaderCommit=14, initializing? false, entries: <empty>
2019-09-10 22:56:13,869 [java.util.concurrent.ThreadPoolExecutor$Worker@683f9c8a[State = -1, empty queue]] WARN  server.GrpcLogAppender (GrpcLogAppender.java:timeoutAppendRequest(200)) - 2f676a21-e66b-4fec-aeac-0283d98823a1@group-F5D172FB2954->9a51610a-f282-4242-84b0-9cad669d08b8-GrpcLogAppender: appendEntries Timeout, request=2f676a21-e66b-4fec-aeac-0283d98823a1->9a51610a-f282-4242-84b0-9cad669d08b8#145-t2, previous=(t:2, i:20), leaderCommit=16, initializing? false, entries: <empty>
2019-09-10 22:56:13,869 [java.util.concurrent.ThreadPoolExecutor$Worker@7de6dcaa[State = -1, empty queue]] WARN  server.GrpcLogAppender (GrpcLogAppender.java:timeoutAppendRequest(200)) - 61a249ca-8039-4b42-99f2-11fda8dbfc88@group-4AD3EF8E1477->aaf3f7d3-af27-4405-89a7-731c9150da26-GrpcLogAppender: appendEntries Timeout, request=61a249ca-8039-4b42-99f2-11fda8dbfc88->aaf3f7d3-af27-4405-89a7-731c9150da26#144-t2, previous=(t:2, i:18), leaderCommit=14, initializing? false, entries: <empty>
2019-09-10 22:56:13,869 [java.util.concurrent.ThreadPoolExecutor$Worker@1067c336[State = -1, empty queue]] WARN  server.GrpcLogAppender (GrpcLogAppender.java:timeoutAppendRequest(200)) - 2f676a21-e66b-4fec-aeac-0283d98823a1@group-F5D172FB2954->72e5a279-ca12-4c9e-91de-7e916f85cc8c-GrpcLogAppender: appendEntries Timeout, request=2f676a21-e66b-4fec-aeac-0283d98823a1->72e5a279-ca12-4c9e-91de-7e916f85cc8c#145-t2, previous=(t:2, i:20), leaderCommit=16, initializing? false, entries: <empty>
2019-09-10 22:56:14,369 [java.util.concurrent.ThreadPoolExecutor$Worker@8fceac1[State = -1, empty queue]] WARN  server.GrpcLogAppender (GrpcLogAppender.java:timeoutAppendRequest(200)) - 61a249ca-8039-4b42-99f2-11fda8dbfc88@group-4AD3EF8E1477->85b41e89-4cf3-40c5-bca2-fe675a128b85-GrpcLogAppender: appendEntries Timeout, request=61a249ca-8039-4b42-99f2-11fda8dbfc88->85b41e89-4cf3-40c5-bca2-fe675a128b85#145-t2, previous=(t:2, i:18), leaderCommit=14, initializing? false, entries: <empty>
2019-09-10 22:56:14,369 [java.util.concurrent.ThreadPoolExecutor$Worker@1067c336[State = -1, empty queue]] WARN  server.GrpcLogAppender (GrpcLogAppender.java:timeoutAppendRequest(200)) - 2f676a21-e66b-4fec-aeac-0283d98823a1@group-F5D172FB2954->72e5a279-ca12-4c9e-91de-7e916f85cc8c-GrpcLogAppender: appendEntries Timeout, request=2f676a21-e66b-4fec-aeac-0283d98823a1->72e5a279-ca12-4c9e-91de-7e916f85cc8c#146-t2, previous=(t:2, i:20), leaderCommit=16, initializing? false, entries: <empty>
2019-09-10 22:56:14,369 [java.util.concurrent.ThreadPoolExecutor$Worker@683f9c8a[State = -1, empty queue]] WARN  server.GrpcLogAppender (GrpcLogAppender.java:timeoutAppendRequest(200)) - 2f676a21-e66b-4fec-aeac-0283d98823a1@group-F5D172FB2954->9a51610a-f282-4242-84b0-9cad669d08b8-GrpcLogAppender: appendEntries Timeout, request=2f676a21-e66b-4fec-aeac-0283d98823a1->9a51610a-f282-4242-84b0-9cad669d08b8#146-t2, previous=(t:2, i:20), leaderCommit=16, initializing? false, entries: <empty>
2019-09-10 22:56:14,369 [java.util.concurrent.ThreadPoolExecutor$Worker@7de6dcaa[State = -1, empty queue]] WARN  server.GrpcLogAppender (GrpcLogAppender.java:timeoutAppendRequest(200)) - 61a249ca-8039-4b42-99f2-11fda8dbfc88@group-4AD3EF8E1477->aaf3f7d3-af27-4405-89a7-731c9150da26-GrpcLogAppender: appendEntries Timeout, request=61a249ca-8039-4b42-99f2-11fda8dbfc88->aaf3f7d3-af27-4405-89a7-731c9150da26#145-t2, previous=(t:2, i:18), leaderCommit=14, initializing? false, entries: <empty>
2019-09-10 22:56:14,870 [java.util.concurrent.ThreadPoolExecutor$Worker@8fceac1[State = -1, empty queue]] WARN  server.GrpcLogAppender (GrpcLogAppender.java:timeoutAppendRequest(200)) - 61a249ca-8039-4b42-99f2-11fda8dbfc88@group-4AD3EF8E1477->85b41e89-4cf3-40c5-bca2-fe675a128b85-GrpcLogAppender: appendEntries Timeout, request=61a249ca-8039-4b42-99f2-11fda8dbfc88->85b41e89-4cf3-40c5-bca2-fe675a128b85#146-t2, previous=(t:2, i:18), leaderCommit=14, initializing? false, entries: <empty>
2019-09-10 22:56:14,870 [java.util.concurrent.ThreadPoolExecutor$Worker@1067c336[State = -1, empty queue]] WARN  server.GrpcLogAppender (GrpcLogAppender.java:timeoutAppendRequest(200)) - 2f676a21-e66b-4fec-aeac-0283d98823a1@group-F5D172FB2954->72e5a279-ca12-4c9e-91de-7e916f85cc8c-GrpcLogAppender: appendEntries Timeout, request=2f676a21-e66b-4fec-aeac-0283d98823a1->72e5a279-ca12-4c9e-91de-7e916f85cc8c#147-t2, previous=(t:2, i:20), leaderCommit=16, initializing? false, entries: <empty>
2019-09-10 22:56:14,870 [java.util.concurrent.ThreadPoolExecutor$Worker@7de6dcaa[State = -1, empty queue]] WARN  server.GrpcLogAppender (GrpcLogAppender.java:timeoutAppendRequest(200)) - 61a249ca-8039-4b42-99f2-11fda8dbfc88@group-4AD3EF8E1477->aaf3f7d3-af27-4405-89a7-731c9150da26-GrpcLogAppender: appendEntries Timeout, request=61a249ca-8039-4b42-99f2-11fda8dbfc88->aaf3f7d3-af27-4405-89a7-731c9150da26#146-t2, previous=(t:2, i:18), leaderCommit=14, initializing? false, entries: <empty>
2019-09-10 22:56:14,870 [java.util.concurrent.ThreadPoolExecutor$Worker@683f9c8a[State = -1, empty queue]] WARN  server.GrpcLogAppender (GrpcLogAppender.java:timeoutAppendRequest(200)) - 2f676a21-e66b-4fec-aeac-0283d98823a1@group-F5D172FB2954->9a51610a-f282-4242-84b0-9cad669d08b8-GrpcLogAppender: appendEntries Timeout, request=2f676a21-e66b-4fec-aeac-0283d98823a1->9a51610a-f282-4242-84b0-9cad669d08b8#147-t2, previous=(t:2, i:20), leaderCommit=16, initializing? false, entries: <empty>
2019-09-10 22:56:15,140 [main] INFO  ozoneimpl.OzoneContainer (OzoneContainer.java:stop(231)) - Attempting to stop container services.
2019-09-10 22:56:15,140 [ForkJoinPool.commonPool-worker-0] INFO  ozoneimpl.OzoneContainer (OzoneContainer.java:stop(231)) - Attempting to stop container services.
2019-09-10 22:56:15,141 [main] INFO  impl.RaftServerProxy (RaftServerProxy.java:lambda$close$4(314)) - 72e5a279-ca12-4c9e-91de-7e916f85cc8c: close
2019-09-10 22:56:15,142 [ForkJoinPool.commonPool-worker-0] INFO  impl.RaftServerProxy (RaftServerProxy.java:lambda$close$4(314)) - 61a249ca-8039-4b42-99f2-11fda8dbfc88: close
2019-09-10 22:56:15,142 [main] INFO  impl.RaftServerImpl (RaftServerImpl.java:lambda$shutdown$3(251)) - 72e5a279-ca12-4c9e-91de-7e916f85cc8c@group-F5D172FB2954: shutdown
2019-09-10 22:56:15,142 [ForkJoinPool.commonPool-worker-0] INFO  impl.RaftServerImpl (RaftServerImpl.java:lambda$shutdown$3(251)) - 61a249ca-8039-4b42-99f2-11fda8dbfc88@group-4AD3EF8E1477: shutdown
2019-09-10 22:56:15,142 [main] INFO  util.JmxRegister (JmxRegister.java:unregister(73)) - Successfully un-registered JMX Bean with object name Ratis:service=RaftServer,group=group-F5D172FB2954,id=72e5a279-ca12-4c9e-91de-7e916f85cc8c
2019-09-10 22:56:15,143 [ForkJoinPool.commonPool-worker-0] INFO  util.JmxRegister (JmxRegister.java:unregister(73)) - Successfully un-registered JMX Bean with object name Ratis:service=RaftServer,group=group-4AD3EF8E1477,id=61a249ca-8039-4b42-99f2-11fda8dbfc88
2019-09-10 22:56:15,143 [main] INFO  impl.RoleInfo (RoleInfo.java:shutdownFollowerState(121)) - 72e5a279-ca12-4c9e-91de-7e916f85cc8c: shutdown FollowerState
2019-09-10 22:56:15,143 [ForkJoinPool.commonPool-worker-0] INFO  impl.RoleInfo (RoleInfo.java:shutdownLeaderState(104)) - 61a249ca-8039-4b42-99f2-11fda8dbfc88: shutdown LeaderState
2019-09-10 22:56:15,144 [Thread-424] INFO  impl.FollowerState (FollowerState.java:run(115)) - 72e5a279-ca12-4c9e-91de-7e916f85cc8c: FollowerState was interrupted: java.lang.InterruptedException: sleep interrupted
2019-09-10 22:56:15,144 [main] INFO  impl.StateMachineUpdater (StateMachineUpdater.java:stopAndJoin(125)) - 72e5a279-ca12-4c9e-91de-7e916f85cc8c@group-F5D172FB2954-StateMachineUpdater: set stopIndex = 16
2019-09-10 22:56:15,150 [org.apache.ratis.server.impl.LogAppender$AppenderDaemon$$Lambda$558/1313533176@914a535] WARN  server.GrpcLogAppender (GrpcLogAppender.java:mayWait(143)) - 61a249ca-8039-4b42-99f2-11fda8dbfc88@group-4AD3EF8E1477->aaf3f7d3-af27-4405-89a7-731c9150da26-GrpcLogAppender: Wait interrupted by java.lang.InterruptedException
2019-09-10 22:56:15,150 [org.apache.ratis.server.impl.LogAppender$AppenderDaemon$$Lambda$558/1313533176@3d0356e5] WARN  server.GrpcLogAppender (GrpcLogAppender.java:mayWait(143)) - 61a249ca-8039-4b42-99f2-11fda8dbfc88@group-4AD3EF8E1477->85b41e89-4cf3-40c5-bca2-fe675a128b85-GrpcLogAppender: Wait interrupted by java.lang.InterruptedException
2019-09-10 22:56:15,150 [72e5a279-ca12-4c9e-91de-7e916f85cc8c@group-F5D172FB2954-StateMachineUpdater] INFO  ratis.ContainerStateMachine (ContainerStateMachine.java:takeSnapshot(289)) - group-F5D172FB2954: Taking a snapshot at:(t:2, i:13) file /workdir/hadoop-ozone/integration-test/target/test-dir/MiniOzoneClusterImpl-c8bd075b-66f7-4733-90c4-2d26ad6b76fb/datanode-5/data/ratis/2ea0ff70-9fd8-43a6-89e1-f5d172fb2954/sm/snapshot.2_13
2019-09-10 22:56:15,154 [grpc-default-executor-1] INFO  server.GrpcServerProtocolService (GrpcServerProtocolService.java:onCompleted(113)) - aaf3f7d3-af27-4405-89a7-731c9150da26: Completed APPEND_ENTRIES, lastRequest: 61a249ca-8039-4b42-99f2-11fda8dbfc88->aaf3f7d3-af27-4405-89a7-731c9150da26#152-t2, previous=(t:2, i:18), leaderCommit=14, initializing? false, entries: <empty>
2019-09-10 22:56:15,150 [ForkJoinPool.commonPool-worker-0] INFO  impl.PendingRequests (PendingRequests.java:sendNotLeaderResponses(202)) - 61a249ca-8039-4b42-99f2-11fda8dbfc88-PendingRequests: sendNotLeaderResponses
2019-09-10 22:56:15,154 [grpc-default-executor-4] INFO  server.GrpcServerProtocolService (GrpcServerProtocolService.java:onCompleted(113)) - 85b41e89-4cf3-40c5-bca2-fe675a128b85: Completed APPEND_ENTRIES, lastRequest: 61a249ca-8039-4b42-99f2-11fda8dbfc88->85b41e89-4cf3-40c5-bca2-fe675a128b85#152-t2, previous=(t:2, i:18), leaderCommit=14, initializing? false, entries: <empty>
2019-09-10 22:56:15,155 [grpc-default-executor-1] INFO  server.GrpcLogAppender (GrpcLogAppender.java:onCompleted(293)) - 61a249ca-8039-4b42-99f2-11fda8dbfc88@group-4AD3EF8E1477->aaf3f7d3-af27-4405-89a7-731c9150da26-AppendLogResponseHandler: follower responses appendEntries COMPLETED
2019-09-10 22:56:15,155 [grpc-default-executor-4] INFO  server.GrpcLogAppender (GrpcLogAppender.java:onCompleted(293)) - 61a249ca-8039-4b42-99f2-11fda8dbfc88@group-4AD3EF8E1477->85b41e89-4cf3-40c5-bca2-fe675a128b85-AppendLogResponseHandler: follower responses appendEntries COMPLETED
2019-09-10 22:56:15,161 [ForkJoinPool.commonPool-worker-0] INFO  impl.StateMachineUpdater (StateMachineUpdater.java:stopAndJoin(125)) - 61a249ca-8039-4b42-99f2-11fda8dbfc88@group-4AD3EF8E1477-StateMachineUpdater: set stopIndex = 14
2019-09-10 22:56:15,161 [61a249ca-8039-4b42-99f2-11fda8dbfc88@group-4AD3EF8E1477-StateMachineUpdater] INFO  ratis.ContainerStateMachine (ContainerStateMachine.java:takeSnapshot(289)) - group-4AD3EF8E1477: Taking a snapshot at:(t:2, i:13) file /workdir/hadoop-ozone/integration-test/target/test-dir/MiniOzoneClusterImpl-c8bd075b-66f7-4733-90c4-2d26ad6b76fb/datanode-2/data/ratis/bb4e028f-f49f-4ed5-b4a7-4ad3ef8e1477/sm/snapshot.2_13
2019-09-10 22:56:15,161 [grpc-default-executor-4] INFO  impl.FollowerInfo (FollowerInfo.java:lambda$new$0(51)) - 61a249ca-8039-4b42-99f2-11fda8dbfc88@group-4AD3EF8E1477->85b41e89-4cf3-40c5-bca2-fe675a128b85: nextIndex: updateUnconditionally 19 -> 15
2019-09-10 22:56:15,161 [grpc-default-executor-1] INFO  impl.FollowerInfo (FollowerInfo.java:lambda$new$0(51)) - 61a249ca-8039-4b42-99f2-11fda8dbfc88@group-4AD3EF8E1477->aaf3f7d3-af27-4405-89a7-731c9150da26: nextIndex: updateUnconditionally 19 -> 15
2019-09-10 22:56:15,169 [72e5a279-ca12-4c9e-91de-7e916f85cc8c@group-F5D172FB2954-StateMachineUpdater] INFO  ratis.ContainerStateMachine (ContainerStateMachine.java:takeSnapshot(300)) - group-F5D172FB2954: Finished taking a snapshot at:(t:2, i:13) file:/workdir/hadoop-ozone/integration-test/target/test-dir/MiniOzoneClusterImpl-c8bd075b-66f7-4733-90c4-2d26ad6b76fb/datanode-5/data/ratis/2ea0ff70-9fd8-43a6-89e1-f5d172fb2954/sm/snapshot.2_13 time:25
2019-09-10 22:56:15,169 [61a249ca-8039-4b42-99f2-11fda8dbfc88@group-4AD3EF8E1477-StateMachineUpdater] INFO  ratis.ContainerStateMachine (ContainerStateMachine.java:takeSnapshot(300)) - group-4AD3EF8E1477: Finished taking a snapshot at:(t:2, i:13) file:/workdir/hadoop-ozone/integration-test/target/test-dir/MiniOzoneClusterImpl-c8bd075b-66f7-4733-90c4-2d26ad6b76fb/datanode-2/data/ratis/bb4e028f-f49f-4ed5-b4a7-4ad3ef8e1477/sm/snapshot.2_13 time:8
2019-09-10 22:56:15,169 [72e5a279-ca12-4c9e-91de-7e916f85cc8c@group-F5D172FB2954-StateMachineUpdater] INFO  impl.StateMachineUpdater (StateMachineUpdater.java:takeSnapshot(258)) - 72e5a279-ca12-4c9e-91de-7e916f85cc8c@group-F5D172FB2954-StateMachineUpdater: Took a snapshot at index 13
2019-09-10 22:56:15,169 [61a249ca-8039-4b42-99f2-11fda8dbfc88@group-4AD3EF8E1477-StateMachineUpdater] INFO  impl.StateMachineUpdater (StateMachineUpdater.java:takeSnapshot(258)) - 61a249ca-8039-4b42-99f2-11fda8dbfc88@group-4AD3EF8E1477-StateMachineUpdater: Took a snapshot at index 13
2019-09-10 22:56:15,169 [72e5a279-ca12-4c9e-91de-7e916f85cc8c@group-F5D172FB2954-StateMachineUpdater] INFO  impl.StateMachineUpdater (StateMachineUpdater.java:lambda$new$0(83)) - 72e5a279-ca12-4c9e-91de-7e916f85cc8c@group-F5D172FB2954-StateMachineUpdater: snapshotIndex: updateIncreasingly -1 -> 13
2019-09-10 22:56:15,169 [61a249ca-8039-4b42-99f2-11fda8dbfc88@group-4AD3EF8E1477-StateMachineUpdater] INFO  impl.StateMachineUpdater (StateMachineUpdater.java:lambda$new$0(83)) - 61a249ca-8039-4b42-99f2-11fda8dbfc88@group-4AD3EF8E1477-StateMachineUpdater: snapshotIndex: updateIncreasingly -1 -> 13
2019-09-10 22:56:15,170 [72e5a279-ca12-4c9e-91de-7e916f85cc8c@group-F5D172FB2954-StateMachineUpdater] INFO  ratis.ContainerStateMachine (ContainerStateMachine.java:takeSnapshot(289)) - group-F5D172FB2954: Taking a snapshot at:(t:2, i:13) file /workdir/hadoop-ozone/integration-test/target/test-dir/MiniOzoneClusterImpl-c8bd075b-66f7-4733-90c4-2d26ad6b76fb/datanode-5/data/ratis/2ea0ff70-9fd8-43a6-89e1-f5d172fb2954/sm/snapshot.2_13
2019-09-10 22:56:15,170 [61a249ca-8039-4b42-99f2-11fda8dbfc88@group-4AD3EF8E1477-StateMachineUpdater] INFO  ratis.ContainerStateMachine (ContainerStateMachine.java:takeSnapshot(289)) - group-4AD3EF8E1477: Taking a snapshot at:(t:2, i:13) file /workdir/hadoop-ozone/integration-test/target/test-dir/MiniOzoneClusterImpl-c8bd075b-66f7-4733-90c4-2d26ad6b76fb/datanode-2/data/ratis/bb4e028f-f49f-4ed5-b4a7-4ad3ef8e1477/sm/snapshot.2_13
2019-09-10 22:56:15,182 [72e5a279-ca12-4c9e-91de-7e916f85cc8c@group-F5D172FB2954-StateMachineUpdater] INFO  ratis.ContainerStateMachine (ContainerStateMachine.java:takeSnapshot(300)) - group-F5D172FB2954: Finished taking a snapshot at:(t:2, i:13) file:/workdir/hadoop-ozone/integration-test/target/test-dir/MiniOzoneClusterImpl-c8bd075b-66f7-4733-90c4-2d26ad6b76fb/datanode-5/data/ratis/2ea0ff70-9fd8-43a6-89e1-f5d172fb2954/sm/snapshot.2_13 time:13
2019-09-10 22:56:15,182 [61a249ca-8039-4b42-99f2-11fda8dbfc88@group-4AD3EF8E1477-StateMachineUpdater] INFO  ratis.ContainerStateMachine (ContainerStateMachine.java:takeSnapshot(300)) - group-4AD3EF8E1477: Finished taking a snapshot at:(t:2, i:13) file:/workdir/hadoop-ozone/integration-test/target/test-dir/MiniOzoneClusterImpl-c8bd075b-66f7-4733-90c4-2d26ad6b76fb/datanode-2/data/ratis/bb4e028f-f49f-4ed5-b4a7-4ad3ef8e1477/sm/snapshot.2_13 time:13
2019-09-10 22:56:15,182 [72e5a279-ca12-4c9e-91de-7e916f85cc8c@group-F5D172FB2954-StateMachineUpdater] INFO  impl.StateMachineUpdater (StateMachineUpdater.java:takeSnapshot(258)) - 72e5a279-ca12-4c9e-91de-7e916f85cc8c@group-F5D172FB2954-StateMachineUpdater: Took a snapshot at index 13
2019-09-10 22:56:15,183 [61a249ca-8039-4b42-99f2-11fda8dbfc88@group-4AD3EF8E1477-StateMachineUpdater] INFO  impl.StateMachineUpdater (StateMachineUpdater.java:takeSnapshot(258)) - 61a249ca-8039-4b42-99f2-11fda8dbfc88@group-4AD3EF8E1477-StateMachineUpdater: Took a snapshot at index 13
2019-09-10 22:56:15,183 [72e5a279-ca12-4c9e-91de-7e916f85cc8c@group-F5D172FB2954-StateMachineUpdater] INFO  impl.StateMachineUpdater (StateMachineUpdater.java:lambda$new$0(83)) - 72e5a279-ca12-4c9e-91de-7e916f85cc8c@group-F5D172FB2954-StateMachineUpdater: snapshotIndex: updateIncreasingly 13 -> 13
2019-09-10 22:56:15,183 [61a249ca-8039-4b42-99f2-11fda8dbfc88@group-4AD3EF8E1477-StateMachineUpdater] INFO  impl.StateMachineUpdater (StateMachineUpdater.java:lambda$new$0(83)) - 61a249ca-8039-4b42-99f2-11fda8dbfc88@group-4AD3EF8E1477-StateMachineUpdater: snapshotIndex: updateIncreasingly 13 -> 13
2019-09-10 22:56:15,183 [main] INFO  impl.RaftServerImpl (ServerState.java:close(385)) - 72e5a279-ca12-4c9e-91de-7e916f85cc8c@group-F5D172FB2954: closes. applyIndex: 16
2019-09-10 22:56:15,183 [ForkJoinPool.commonPool-worker-0] INFO  impl.RaftServerImpl (ServerState.java:close(385)) - 61a249ca-8039-4b42-99f2-11fda8dbfc88@group-4AD3EF8E1477: closes. applyIndex: 14
2019-09-10 22:56:15,188 [72e5a279-ca12-4c9e-91de-7e916f85cc8c@group-F5D172FB2954-SegmentedRaftLogWorker] ERROR ratis.XceiverServerRatis (XceiverServerRatis.java:triggerPipelineClose(568)) - pipeline Action CLOSE  on pipeline PipelineID=2ea0ff70-9fd8-43a6-89e1-f5d172fb2954.Reason : WriteLog:17: (t:2, i:17), STATEMACHINELOGENTRY, client-43EE1EA533E7, cid=57-writeStateMachineData interrupted.
2019-09-10 22:56:15,190 [61a249ca-8039-4b42-99f2-11fda8dbfc88@group-4AD3EF8E1477-SegmentedRaftLogWorker] ERROR ratis.XceiverServerRatis (XceiverServerRatis.java:triggerPipelineClose(568)) - pipeline Action CLOSE  on pipeline PipelineID=bb4e028f-f49f-4ed5-b4a7-4ad3ef8e1477.Reason : WriteLog:15: (t:2, i:15), STATEMACHINELOGENTRY, client-952E3BCC9DDC, cid=43-writeStateMachineData interrupted.
2019-09-10 22:56:15,193 [main] INFO  segmented.SegmentedRaftLogWorker (SegmentedRaftLogWorker.java:close(228)) - 72e5a279-ca12-4c9e-91de-7e916f85cc8c@group-F5D172FB2954-SegmentedRaftLogWorker close()
2019-09-10 22:56:15,193 [ForkJoinPool.commonPool-worker-0] INFO  segmented.SegmentedRaftLogWorker (SegmentedRaftLogWorker.java:close(228)) - 61a249ca-8039-4b42-99f2-11fda8dbfc88@group-4AD3EF8E1477-SegmentedRaftLogWorker close()
2019-09-10 22:56:15,198 [main] INFO  impl.RaftServerImpl (RaftServerImpl.java:lambda$shutdown$3(251)) - 72e5a279-ca12-4c9e-91de-7e916f85cc8c@group-5C95069C62EB: shutdown
2019-09-10 22:56:15,204 [ForkJoinPool.commonPool-worker-0] INFO  impl.RaftServerImpl (RaftServerImpl.java:lambda$shutdown$3(251)) - 61a249ca-8039-4b42-99f2-11fda8dbfc88@group-DF8D497CAD04: shutdown
2019-09-10 22:56:15,204 [main] INFO  util.JmxRegister (JmxRegister.java:unregister(73)) - Successfully un-registered JMX Bean with object name Ratis:service=RaftServer,group=group-5C95069C62EB,id=72e5a279-ca12-4c9e-91de-7e916f85cc8c
2019-09-10 22:56:15,205 [ForkJoinPool.commonPool-worker-0] INFO  util.JmxRegister (JmxRegister.java:unregister(73)) - Successfully un-registered JMX Bean with object name Ratis:service=RaftServer,group=group-DF8D497CAD04,id=61a249ca-8039-4b42-99f2-11fda8dbfc88
2019-09-10 22:56:15,205 [main] INFO  impl.RoleInfo (RoleInfo.java:shutdownLeaderState(104)) - 72e5a279-ca12-4c9e-91de-7e916f85cc8c: shutdown LeaderState
2019-09-10 22:56:15,205 [ForkJoinPool.commonPool-worker-0] INFO  impl.RoleInfo (RoleInfo.java:shutdownLeaderState(104)) - 61a249ca-8039-4b42-99f2-11fda8dbfc88: shutdown LeaderState
2019-09-10 22:56:15,206 [main] INFO  impl.PendingRequests (PendingRequests.java:sendNotLeaderResponses(202)) - 72e5a279-ca12-4c9e-91de-7e916f85cc8c-PendingRequests: sendNotLeaderResponses
2019-09-10 22:56:15,206 [ForkJoinPool.commonPool-worker-0] INFO  impl.PendingRequests (PendingRequests.java:sendNotLeaderResponses(202)) - 61a249ca-8039-4b42-99f2-11fda8dbfc88-PendingRequests: sendNotLeaderResponses
2019-09-10 22:56:15,206 [main] INFO  impl.StateMachineUpdater (StateMachineUpdater.java:stopAndJoin(125)) - 72e5a279-ca12-4c9e-91de-7e916f85cc8c@group-5C95069C62EB-StateMachineUpdater: set stopIndex = 0
2019-09-10 22:56:15,207 [ForkJoinPool.commonPool-worker-0] INFO  impl.StateMachineUpdater (StateMachineUpdater.java:stopAndJoin(125)) - 61a249ca-8039-4b42-99f2-11fda8dbfc88@group-DF8D497CAD04-StateMachineUpdater: set stopIndex = 0
2019-09-10 22:56:15,207 [main] INFO  impl.RaftServerImpl (ServerState.java:close(385)) - 72e5a279-ca12-4c9e-91de-7e916f85cc8c@group-5C95069C62EB: closes. applyIndex: 0
2019-09-10 22:56:15,207 [ForkJoinPool.commonPool-worker-0] INFO  impl.RaftServerImpl (ServerState.java:close(385)) - 61a249ca-8039-4b42-99f2-11fda8dbfc88@group-DF8D497CAD04: closes. applyIndex: 0
2019-09-10 22:56:15,208 [72e5a279-ca12-4c9e-91de-7e916f85cc8c@group-5C95069C62EB-SegmentedRaftLogWorker] INFO  segmented.SegmentedRaftLogWorker (SegmentedRaftLogWorker.java:run(313)) - 72e5a279-ca12-4c9e-91de-7e916f85cc8c@group-5C95069C62EB-SegmentedRaftLogWorker was interrupted, exiting. There are 0 tasks remaining in the queue.
2019-09-10 22:56:15,210 [61a249ca-8039-4b42-99f2-11fda8dbfc88@group-DF8D497CAD04-SegmentedRaftLogWorker] INFO  segmented.SegmentedRaftLogWorker (SegmentedRaftLogWorker.java:run(313)) - 61a249ca-8039-4b42-99f2-11fda8dbfc88@group-DF8D497CAD04-SegmentedRaftLogWorker was interrupted, exiting. There are 0 tasks remaining in the queue.
2019-09-10 22:56:15,210 [main] INFO  segmented.SegmentedRaftLogWorker (SegmentedRaftLogWorker.java:close(228)) - 72e5a279-ca12-4c9e-91de-7e916f85cc8c@group-5C95069C62EB-SegmentedRaftLogWorker close()
2019-09-10 22:56:15,212 [ForkJoinPool.commonPool-worker-0] INFO  segmented.SegmentedRaftLogWorker (SegmentedRaftLogWorker.java:close(228)) - 61a249ca-8039-4b42-99f2-11fda8dbfc88@group-DF8D497CAD04-SegmentedRaftLogWorker close()
2019-09-10 22:56:15,216 [main] INFO  server.GrpcService (GrpcService.java:closeImpl(164)) - 72e5a279-ca12-4c9e-91de-7e916f85cc8c: shutdown server with port 37581 now
2019-09-10 22:56:15,221 [ForkJoinPool.commonPool-worker-0] INFO  server.GrpcService (GrpcService.java:closeImpl(164)) - 61a249ca-8039-4b42-99f2-11fda8dbfc88: shutdown server with port 42650 now
2019-09-10 22:56:15,223 [main] INFO  server.GrpcService (GrpcService.java:closeImpl(172)) - 72e5a279-ca12-4c9e-91de-7e916f85cc8c: shutdown server with port 37581 successfully
2019-09-10 22:56:15,223 [ForkJoinPool.commonPool-worker-0] INFO  server.GrpcService (GrpcService.java:closeImpl(172)) - 61a249ca-8039-4b42-99f2-11fda8dbfc88: shutdown server with port 42650 successfully
2019-09-10 22:56:15,223 [grpc-default-executor-3] WARN  server.GrpcServerProtocolService (LogUtils.java:warn(134)) - 72e5a279-ca12-4c9e-91de-7e916f85cc8c: installSnapshot onError, lastRequest: 2f676a21-e66b-4fec-aeac-0283d98823a1->72e5a279-ca12-4c9e-91de-7e916f85cc8c#153-t2, previous=(t:2, i:20), leaderCommit=16, initializing? false, entries: <empty>: org.apache.ratis.thirdparty.io.grpc.StatusRuntimeException: CANCELLED: cancelled before receiving half close
2019-09-10 22:56:15,223 [grpc-default-executor-1] WARN  server.GrpcLogAppender (LogUtils.java:warn(134)) - 2f676a21-e66b-4fec-aeac-0283d98823a1@group-F5D172FB2954->72e5a279-ca12-4c9e-91de-7e916f85cc8c-AppendLogResponseHandler: Failed appendEntries: org.apache.ratis.thirdparty.io.grpc.StatusRuntimeException: CANCELLED: HTTP/2 error code: CANCEL
Received Rst Stream
2019-09-10 22:56:15,224 [grpc-default-executor-1] INFO  impl.FollowerInfo (FollowerInfo.java:lambda$new$0(51)) - 2f676a21-e66b-4fec-aeac-0283d98823a1@group-F5D172FB2954->72e5a279-ca12-4c9e-91de-7e916f85cc8c: nextIndex: updateUnconditionally 21 -> 17
2019-09-10 22:56:15,225 [refreshUsed-/workdir/hadoop-ozone/integration-test/target/test-dir/MiniOzoneClusterImpl-c8bd075b-66f7-4733-90c4-2d26ad6b76fb/datanode-5/data/containers] WARN  fs.CachingGetSpaceUsed (CachingGetSpaceUsed.java:run(183)) - Thread Interrupted waiting to refresh disk information: sleep interrupted
2019-09-10 22:56:15,236 [refreshUsed-/workdir/hadoop-ozone/integration-test/target/test-dir/MiniOzoneClusterImpl-c8bd075b-66f7-4733-90c4-2d26ad6b76fb/datanode-2/data/containers] WARN  fs.CachingGetSpaceUsed (CachingGetSpaceUsed.java:run(183)) - Thread Interrupted waiting to refresh disk information: sleep interrupted
2019-09-10 22:56:15,249 [main] INFO  utils.BackgroundService (BackgroundService.java:shutdown(148)) - Shutting down service BlockDeletingService
2019-09-10 22:56:15,254 [main] INFO  statemachine.DatanodeStateMachine (DatanodeStateMachine.java:stopDaemon(395)) - Ozone container server stopped.
2019-09-10 22:56:15,255 [main] INFO  handler.ContextHandler (ContextHandler.java:doStop(910)) - Stopped o.e.j.w.WebAppContext@3c83468e{/,null,UNAVAILABLE}{/hddsDatanode}
2019-09-10 22:56:15,256 [main] INFO  server.AbstractConnector (AbstractConnector.java:doStop(318)) - Stopped ServerConnector@272ce069{HTTP/1.1,[http/1.1]}{0.0.0.0:0}
2019-09-10 22:56:15,256 [main] INFO  handler.ContextHandler (ContextHandler.java:doStop(910)) - Stopped o.e.j.s.ServletContextHandler@ccf91df{/static,jar:file:/home/user/.m2/repository/org/apache/hadoop/hadoop-hdds-container-service/0.5.0-SNAPSHOT/hadoop-hdds-container-service-0.5.0-SNAPSHOT.jar!/webapps/static,UNAVAILABLE}
2019-09-10 22:56:15,257 [main] INFO  handler.ContextHandler (ContextHandler.java:doStop(910)) - Stopped o.e.j.s.ServletContextHandler@75d4a80f{/logs,file:///workdir/hadoop-ozone/integration-test/target/log,UNAVAILABLE}
2019-09-10 22:56:15,263 [ForkJoinPool.commonPool-worker-0] INFO  utils.BackgroundService (BackgroundService.java:shutdown(148)) - Shutting down service BlockDeletingService
2019-09-10 22:56:15,267 [ForkJoinPool.commonPool-worker-0] INFO  statemachine.DatanodeStateMachine (DatanodeStateMachine.java:stopDaemon(395)) - Ozone container server stopped.
2019-09-10 22:56:15,272 [ForkJoinPool.commonPool-worker-0] INFO  handler.ContextHandler (ContextHandler.java:doStop(910)) - Stopped o.e.j.w.WebAppContext@4745e9c{/,null,UNAVAILABLE}{/hddsDatanode}
2019-09-10 22:56:15,272 [ForkJoinPool.commonPool-worker-0] INFO  server.AbstractConnector (AbstractConnector.java:doStop(318)) - Stopped ServerConnector@2f2bff16{HTTP/1.1,[http/1.1]}{0.0.0.0:0}
2019-09-10 22:56:15,275 [ForkJoinPool.commonPool-worker-0] INFO  handler.ContextHandler (ContextHandler.java:doStop(910)) - Stopped o.e.j.s.ServletContextHandler@4b65d9f4{/static,jar:file:/home/user/.m2/repository/org/apache/hadoop/hadoop-hdds-container-service/0.5.0-SNAPSHOT/hadoop-hdds-container-service-0.5.0-SNAPSHOT.jar!/webapps/static,UNAVAILABLE}
2019-09-10 22:56:15,277 [ForkJoinPool.commonPool-worker-0] INFO  handler.ContextHandler (ContextHandler.java:doStop(910)) - Stopped o.e.j.s.ServletContextHandler@2e66bc32{/logs,file:///workdir/hadoop-ozone/integration-test/target/log,UNAVAILABLE}
2019-09-10 22:56:15,370 [java.util.concurrent.ThreadPoolExecutor$Worker@683f9c8a[State = -1, empty queue]] WARN  server.GrpcLogAppender (GrpcLogAppender.java:timeoutAppendRequest(200)) - 2f676a21-e66b-4fec-aeac-0283d98823a1@group-F5D172FB2954->9a51610a-f282-4242-84b0-9cad669d08b8-GrpcLogAppender: appendEntries Timeout, request=2f676a21-e66b-4fec-aeac-0283d98823a1->9a51610a-f282-4242-84b0-9cad669d08b8#148-t2, previous=(t:2, i:20), leaderCommit=16, initializing? false, entries: <empty>
2019-09-10 22:56:15,385 [grpc-default-executor-1] WARN  server.GrpcLogAppender (LogUtils.java:warn(134)) - 2f676a21-e66b-4fec-aeac-0283d98823a1@group-F5D172FB2954->72e5a279-ca12-4c9e-91de-7e916f85cc8c-AppendLogResponseHandler: Failed appendEntries: org.apache.ratis.thirdparty.io.grpc.StatusRuntimeException: UNAVAILABLE: io exception
2019-09-10 22:56:15,388 [grpc-default-executor-1] INFO  impl.FollowerInfo (FollowerInfo.java:lambda$new$0(51)) - 2f676a21-e66b-4fec-aeac-0283d98823a1@group-F5D172FB2954->72e5a279-ca12-4c9e-91de-7e916f85cc8c: nextIndex: updateUnconditionally 17 -> 16
2019-09-10 22:56:15,715 [Datanode State Machine Thread - 0] INFO  statemachine.DatanodeStateMachine (DatanodeStateMachine.java:lambda$startDaemon$0(350)) - Ozone container server started.
2019-09-10 22:56:15,870 [java.util.concurrent.ThreadPoolExecutor$Worker@683f9c8a[State = -1, empty queue]] WARN  server.GrpcLogAppender (GrpcLogAppender.java:timeoutAppendRequest(200)) - 2f676a21-e66b-4fec-aeac-0283d98823a1@group-F5D172FB2954->9a51610a-f282-4242-84b0-9cad669d08b8-GrpcLogAppender: appendEntries Timeout, request=2f676a21-e66b-4fec-aeac-0283d98823a1->9a51610a-f282-4242-84b0-9cad669d08b8#149-t2, previous=(t:2, i:20), leaderCommit=16, initializing? false, entries: <empty>
2019-09-10 22:56:15,877 [grpc-default-executor-2] WARN  server.GrpcLogAppender (LogUtils.java:warn(134)) - 2f676a21-e66b-4fec-aeac-0283d98823a1@group-F5D172FB2954->72e5a279-ca12-4c9e-91de-7e916f85cc8c-AppendLogResponseHandler: Failed appendEntries: org.apache.ratis.thirdparty.io.grpc.StatusRuntimeException: UNAVAILABLE: io exception
2019-09-10 22:56:15,879 [grpc-default-executor-2] INFO  impl.FollowerInfo (FollowerInfo.java:lambda$new$0(51)) - 2f676a21-e66b-4fec-aeac-0283d98823a1@group-F5D172FB2954->72e5a279-ca12-4c9e-91de-7e916f85cc8c: nextIndex: updateUnconditionally 16 -> 15
2019-09-10 22:56:16,071 [Datanode State Machine Thread - 0] INFO  statemachine.DatanodeStateMachine (DatanodeStateMachine.java:lambda$startDaemon$0(350)) - Ozone container server started.
2019-09-10 22:56:16,371 [java.util.concurrent.ThreadPoolExecutor$Worker@683f9c8a[State = -1, empty queue]] WARN  server.GrpcLogAppender (GrpcLogAppender.java:timeoutAppendRequest(200)) - 2f676a21-e66b-4fec-aeac-0283d98823a1@group-F5D172FB2954->9a51610a-f282-4242-84b0-9cad669d08b8-GrpcLogAppender: appendEntries Timeout, request=2f676a21-e66b-4fec-aeac-0283d98823a1->9a51610a-f282-4242-84b0-9cad669d08b8#150-t2, previous=(t:2, i:20), leaderCommit=16, initializing? false, entries: <empty>
2019-09-10 22:56:16,377 [grpc-default-executor-3] WARN  server.GrpcLogAppender (LogUtils.java:warn(134)) - 2f676a21-e66b-4fec-aeac-0283d98823a1@group-F5D172FB2954->72e5a279-ca12-4c9e-91de-7e916f85cc8c-AppendLogResponseHandler: Failed appendEntries: org.apache.ratis.thirdparty.io.grpc.StatusRuntimeException: UNAVAILABLE: io exception
2019-09-10 22:56:16,380 [grpc-default-executor-3] INFO  impl.FollowerInfo (FollowerInfo.java:lambda$new$0(51)) - 2f676a21-e66b-4fec-aeac-0283d98823a1@group-F5D172FB2954->72e5a279-ca12-4c9e-91de-7e916f85cc8c: nextIndex: updateUnconditionally 15 -> 14
2019-09-10 22:56:16,871 [java.util.concurrent.ThreadPoolExecutor$Worker@683f9c8a[State = -1, empty queue]] WARN  server.GrpcLogAppender (GrpcLogAppender.java:timeoutAppendRequest(200)) - 2f676a21-e66b-4fec-aeac-0283d98823a1@group-F5D172FB2954->9a51610a-f282-4242-84b0-9cad669d08b8-GrpcLogAppender: appendEntries Timeout, request=2f676a21-e66b-4fec-aeac-0283d98823a1->9a51610a-f282-4242-84b0-9cad669d08b8#151-t2, previous=(t:2, i:20), leaderCommit=16, initializing? false, entries: <empty>
2019-09-10 22:56:16,878 [grpc-default-executor-1] WARN  server.GrpcLogAppender (LogUtils.java:warn(134)) - 2f676a21-e66b-4fec-aeac-0283d98823a1@group-F5D172FB2954->72e5a279-ca12-4c9e-91de-7e916f85cc8c-AppendLogResponseHandler: Failed appendEntries: org.apache.ratis.thirdparty.io.grpc.StatusRuntimeException: UNAVAILABLE: io exception
2019-09-10 22:56:16,881 [grpc-default-executor-1] INFO  impl.FollowerInfo (FollowerInfo.java:lambda$new$0(51)) - 2f676a21-e66b-4fec-aeac-0283d98823a1@group-F5D172FB2954->72e5a279-ca12-4c9e-91de-7e916f85cc8c: nextIndex: updateUnconditionally 14 -> 13
2019-09-10 22:56:17,371 [java.util.concurrent.ThreadPoolExecutor$Worker@683f9c8a[State = -1, empty queue]] WARN  server.GrpcLogAppender (GrpcLogAppender.java:timeoutAppendRequest(200)) - 2f676a21-e66b-4fec-aeac-0283d98823a1@group-F5D172FB2954->9a51610a-f282-4242-84b0-9cad669d08b8-GrpcLogAppender: appendEntries Timeout, request=2f676a21-e66b-4fec-aeac-0283d98823a1->9a51610a-f282-4242-84b0-9cad669d08b8#152-t2, previous=(t:2, i:20), leaderCommit=16, initializing? false, entries: <empty>
2019-09-10 22:56:17,379 [grpc-default-executor-1] WARN  server.GrpcLogAppender (LogUtils.java:warn(134)) - 2f676a21-e66b-4fec-aeac-0283d98823a1@group-F5D172FB2954->72e5a279-ca12-4c9e-91de-7e916f85cc8c-AppendLogResponseHandler: Failed appendEntries: org.apache.ratis.thirdparty.io.grpc.StatusRuntimeException: UNAVAILABLE: io exception
2019-09-10 22:56:17,382 [grpc-default-executor-1] INFO  impl.FollowerInfo (FollowerInfo.java:lambda$new$0(51)) - 2f676a21-e66b-4fec-aeac-0283d98823a1@group-F5D172FB2954->72e5a279-ca12-4c9e-91de-7e916f85cc8c: nextIndex: updateUnconditionally 13 -> 12
2019-09-10 22:56:17,843 [85b41e89-4cf3-40c5-bca2-fe675a128b85@group-4AD3EF8E1477-SegmentedRaftLogWorker] WARN  segmented.SegmentedRaftLogWorker (SegmentedRaftLogWorker.java:getFromFuture(90)) - Timeout 4/~
org.apache.ratis.protocol.TimeoutIOException: Timeout 10s: WriteLog:15: (t:2, i:15), STATEMACHINELOGENTRY, client-952E3BCC9DDC, cid=43-writeStateMachineData
	at org.apache.ratis.util.IOUtils.getFromFuture(IOUtils.java:87)
	at org.apache.ratis.server.raftlog.segmented.SegmentedRaftLogWorker$StateMachineDataPolicy.getFromFuture(SegmentedRaftLogWorker.java:87)
	at org.apache.ratis.server.raftlog.segmented.SegmentedRaftLogWorker$WriteLog.execute(SegmentedRaftLogWorker.java:477)
	at org.apache.ratis.server.raftlog.segmented.SegmentedRaftLogWorker.run(SegmentedRaftLogWorker.java:289)
	at java.lang.Thread.run(Thread.java:748)
Caused by: java.util.concurrent.TimeoutException
	at java.util.concurrent.CompletableFuture.timedGet(CompletableFuture.java:1771)
	at java.util.concurrent.CompletableFuture.get(CompletableFuture.java:1915)
	at org.apache.ratis.util.IOUtils.getFromFuture(IOUtils.java:79)
	... 4 more
2019-09-10 22:56:17,872 [java.util.concurrent.ThreadPoolExecutor$Worker@683f9c8a[State = -1, empty queue]] WARN  server.GrpcLogAppender (GrpcLogAppender.java:timeoutAppendRequest(200)) - 2f676a21-e66b-4fec-aeac-0283d98823a1@group-F5D172FB2954->9a51610a-f282-4242-84b0-9cad669d08b8-GrpcLogAppender: appendEntries Timeout, request=2f676a21-e66b-4fec-aeac-0283d98823a1->9a51610a-f282-4242-84b0-9cad669d08b8#153-t2, previous=(t:2, i:20), leaderCommit=16, initializing? false, entries: <empty>
2019-09-10 22:56:17,881 [grpc-default-executor-1] WARN  server.GrpcLogAppender (LogUtils.java:warn(134)) - 2f676a21-e66b-4fec-aeac-0283d98823a1@group-F5D172FB2954->72e5a279-ca12-4c9e-91de-7e916f85cc8c-AppendLogResponseHandler: Failed appendEntries: org.apache.ratis.thirdparty.io.grpc.StatusRuntimeException: UNAVAILABLE: io exception
2019-09-10 22:56:17,885 [grpc-default-executor-1] INFO  impl.FollowerInfo (FollowerInfo.java:lambda$new$0(51)) - 2f676a21-e66b-4fec-aeac-0283d98823a1@group-F5D172FB2954->72e5a279-ca12-4c9e-91de-7e916f85cc8c: nextIndex: updateUnconditionally 12 -> 11
2019-09-10 22:56:17,911 [aaf3f7d3-af27-4405-89a7-731c9150da26@group-4AD3EF8E1477-SegmentedRaftLogWorker] WARN  segmented.SegmentedRaftLogWorker (SegmentedRaftLogWorker.java:getFromFuture(90)) - Timeout 4/~
org.apache.ratis.protocol.TimeoutIOException: Timeout 10s: WriteLog:17: (t:2, i:17), STATEMACHINELOGENTRY, client-952E3BCC9DDC, cid=45-writeStateMachineData
	at org.apache.ratis.util.IOUtils.getFromFuture(IOUtils.java:87)
	at org.apache.ratis.server.raftlog.segmented.SegmentedRaftLogWorker$StateMachineDataPolicy.getFromFuture(SegmentedRaftLogWorker.java:87)
	at org.apache.ratis.server.raftlog.segmented.SegmentedRaftLogWorker$WriteLog.execute(SegmentedRaftLogWorker.java:477)
	at org.apache.ratis.server.raftlog.segmented.SegmentedRaftLogWorker.run(SegmentedRaftLogWorker.java:289)
	at java.lang.Thread.run(Thread.java:748)
Caused by: java.util.concurrent.TimeoutException
	at java.util.concurrent.CompletableFuture.timedGet(CompletableFuture.java:1771)
	at java.util.concurrent.CompletableFuture.get(CompletableFuture.java:1915)
	at org.apache.ratis.util.IOUtils.getFromFuture(IOUtils.java:79)
	... 4 more
2019-09-10 22:56:18,372 [java.util.concurrent.ThreadPoolExecutor$Worker@683f9c8a[State = -1, empty queue]] WARN  server.GrpcLogAppender (GrpcLogAppender.java:timeoutAppendRequest(200)) - 2f676a21-e66b-4fec-aeac-0283d98823a1@group-F5D172FB2954->9a51610a-f282-4242-84b0-9cad669d08b8-GrpcLogAppender: appendEntries Timeout, request=2f676a21-e66b-4fec-aeac-0283d98823a1->9a51610a-f282-4242-84b0-9cad669d08b8#154-t2, previous=(t:2, i:20), leaderCommit=16, initializing? false, entries: <empty>
2019-09-10 22:56:18,382 [grpc-default-executor-1] WARN  server.GrpcLogAppender (LogUtils.java:warn(134)) - 2f676a21-e66b-4fec-aeac-0283d98823a1@group-F5D172FB2954->72e5a279-ca12-4c9e-91de-7e916f85cc8c-AppendLogResponseHandler: Failed appendEntries: org.apache.ratis.thirdparty.io.grpc.StatusRuntimeException: UNAVAILABLE: io exception
2019-09-10 22:56:18,385 [grpc-default-executor-1] INFO  impl.FollowerInfo (FollowerInfo.java:lambda$new$0(51)) - 2f676a21-e66b-4fec-aeac-0283d98823a1@group-F5D172FB2954->72e5a279-ca12-4c9e-91de-7e916f85cc8c: nextIndex: updateUnconditionally 11 -> 10
2019-09-10 22:56:18,722 [06814ee9-24b9-4aa5-b290-a3e9e2a386ef@group-05F713A51810-SegmentedRaftLogWorker] WARN  segmented.SegmentedRaftLogWorker (SegmentedRaftLogWorker.java:getFromFuture(90)) - Timeout 6/~
org.apache.ratis.protocol.TimeoutIOException: Timeout 10s: WriteLog:19: (t:3, i:19), STATEMACHINELOGENTRY, client-559D44C1B0F8, cid=31-writeStateMachineData
	at org.apache.ratis.util.IOUtils.getFromFuture(IOUtils.java:87)
	at org.apache.ratis.server.raftlog.segmented.SegmentedRaftLogWorker$StateMachineDataPolicy.getFromFuture(SegmentedRaftLogWorker.java:87)
	at org.apache.ratis.server.raftlog.segmented.SegmentedRaftLogWorker$WriteLog.execute(SegmentedRaftLogWorker.java:477)
	at org.apache.ratis.server.raftlog.segmented.SegmentedRaftLogWorker.run(SegmentedRaftLogWorker.java:289)
	at java.lang.Thread.run(Thread.java:748)
Caused by: java.util.concurrent.TimeoutException
	at java.util.concurrent.CompletableFuture.timedGet(CompletableFuture.java:1771)
	at java.util.concurrent.CompletableFuture.get(CompletableFuture.java:1915)
	at org.apache.ratis.util.IOUtils.getFromFuture(IOUtils.java:79)
	... 4 more
2019-09-10 22:56:18,723 [c564eaa4-7051-4a7d-897f-7be2f6aee35d@group-05F713A51810-SegmentedRaftLogWorker] WARN  segmented.SegmentedRaftLogWorker (SegmentedRaftLogWorker.java:getFromFuture(90)) - Timeout 6/~
org.apache.ratis.protocol.TimeoutIOException: Timeout 10s: WriteLog:19: (t:3, i:19), STATEMACHINELOGENTRY, client-559D44C1B0F8, cid=31-writeStateMachineData
	at org.apache.ratis.util.IOUtils.getFromFuture(IOUtils.java:87)
	at org.apache.ratis.server.raftlog.segmented.SegmentedRaftLogWorker$StateMachineDataPolicy.getFromFuture(SegmentedRaftLogWorker.java:87)
	at org.apache.ratis.server.raftlog.segmented.SegmentedRaftLogWorker$WriteLog.execute(SegmentedRaftLogWorker.java:477)
	at org.apache.ratis.server.raftlog.segmented.SegmentedRaftLogWorker.run(SegmentedRaftLogWorker.java:289)
	at java.lang.Thread.run(Thread.java:748)
Caused by: java.util.concurrent.TimeoutException
	at java.util.concurrent.CompletableFuture.timedGet(CompletableFuture.java:1771)
	at java.util.concurrent.CompletableFuture.get(CompletableFuture.java:1915)
	at org.apache.ratis.util.IOUtils.getFromFuture(IOUtils.java:79)
	... 4 more
2019-09-10 22:56:18,873 [java.util.concurrent.ThreadPoolExecutor$Worker@683f9c8a[State = -1, empty queue]] WARN  server.GrpcLogAppender (GrpcLogAppender.java:timeoutAppendRequest(200)) - 2f676a21-e66b-4fec-aeac-0283d98823a1@group-F5D172FB2954->9a51610a-f282-4242-84b0-9cad669d08b8-GrpcLogAppender: appendEntries Timeout, request=2f676a21-e66b-4fec-aeac-0283d98823a1->9a51610a-f282-4242-84b0-9cad669d08b8#155-t2, previous=(t:2, i:20), leaderCommit=16, initializing? false, entries: <empty>
2019-09-10 22:56:18,886 [grpc-default-executor-2] WARN  server.GrpcLogAppender (LogUtils.java:warn(134)) - 2f676a21-e66b-4fec-aeac-0283d98823a1@group-F5D172FB2954->72e5a279-ca12-4c9e-91de-7e916f85cc8c-AppendLogResponseHandler: Failed appendEntries: org.apache.ratis.thirdparty.io.grpc.StatusRuntimeException: UNAVAILABLE: io exception
2019-09-10 22:56:18,892 [grpc-default-executor-2] INFO  impl.FollowerInfo (FollowerInfo.java:lambda$new$0(51)) - 2f676a21-e66b-4fec-aeac-0283d98823a1@group-F5D172FB2954->72e5a279-ca12-4c9e-91de-7e916f85cc8c: nextIndex: updateUnconditionally 10 -> 9
2019-09-10 22:56:19,373 [java.util.concurrent.ThreadPoolExecutor$Worker@683f9c8a[State = -1, empty queue]] WARN  server.GrpcLogAppender (GrpcLogAppender.java:timeoutAppendRequest(200)) - 2f676a21-e66b-4fec-aeac-0283d98823a1@group-F5D172FB2954->9a51610a-f282-4242-84b0-9cad669d08b8-GrpcLogAppender: appendEntries Timeout, request=2f676a21-e66b-4fec-aeac-0283d98823a1->9a51610a-f282-4242-84b0-9cad669d08b8#156-t2, previous=(t:2, i:20), leaderCommit=16, initializing? false, entries: <empty>
2019-09-10 22:56:19,386 [grpc-default-executor-2] WARN  server.GrpcLogAppender (LogUtils.java:warn(134)) - 2f676a21-e66b-4fec-aeac-0283d98823a1@group-F5D172FB2954->72e5a279-ca12-4c9e-91de-7e916f85cc8c-AppendLogResponseHandler: Failed appendEntries: org.apache.ratis.thirdparty.io.grpc.StatusRuntimeException: UNAVAILABLE: io exception
2019-09-10 22:56:19,390 [grpc-default-executor-2] INFO  impl.FollowerInfo (FollowerInfo.java:lambda$new$0(51)) - 2f676a21-e66b-4fec-aeac-0283d98823a1@group-F5D172FB2954->72e5a279-ca12-4c9e-91de-7e916f85cc8c: nextIndex: updateUnconditionally 9 -> 8
2019-09-10 22:56:19,873 [java.util.concurrent.ThreadPoolExecutor$Worker@683f9c8a[State = -1, empty queue]] WARN  server.GrpcLogAppender (GrpcLogAppender.java:timeoutAppendRequest(200)) - 2f676a21-e66b-4fec-aeac-0283d98823a1@group-F5D172FB2954->9a51610a-f282-4242-84b0-9cad669d08b8-GrpcLogAppender: appendEntries Timeout, request=2f676a21-e66b-4fec-aeac-0283d98823a1->9a51610a-f282-4242-84b0-9cad669d08b8#157-t2, previous=(t:2, i:20), leaderCommit=16, initializing? false, entries: <empty>
2019-09-10 22:56:19,890 [grpc-default-executor-2] WARN  server.GrpcLogAppender (LogUtils.java:warn(134)) - 2f676a21-e66b-4fec-aeac-0283d98823a1@group-F5D172FB2954->72e5a279-ca12-4c9e-91de-7e916f85cc8c-AppendLogResponseHandler: Failed appendEntries: org.apache.ratis.thirdparty.io.grpc.StatusRuntimeException: UNAVAILABLE: io exception
2019-09-10 22:56:19,898 [grpc-default-executor-2] INFO  impl.FollowerInfo (FollowerInfo.java:lambda$new$0(51)) - 2f676a21-e66b-4fec-aeac-0283d98823a1@group-F5D172FB2954->72e5a279-ca12-4c9e-91de-7e916f85cc8c: nextIndex: updateUnconditionally 8 -> 7
2019-09-10 22:56:20,259 [main] INFO  ozoneimpl.OzoneContainer (OzoneContainer.java:stop(231)) - Attempting to stop container services.
2019-09-10 22:56:20,260 [main] INFO  impl.RaftServerProxy (RaftServerProxy.java:lambda$close$4(314)) - b4077d1a-3356-4504-aa81-34a6cae9caee: close
2019-09-10 22:56:20,261 [main] INFO  impl.RaftServerImpl (RaftServerImpl.java:lambda$shutdown$3(251)) - b4077d1a-3356-4504-aa81-34a6cae9caee@group-A2AEF9109F6C: shutdown
2019-09-10 22:56:20,261 [main] INFO  util.JmxRegister (JmxRegister.java:unregister(73)) - Successfully un-registered JMX Bean with object name Ratis:service=RaftServer,group=group-A2AEF9109F6C,id=b4077d1a-3356-4504-aa81-34a6cae9caee
2019-09-10 22:56:20,262 [main] INFO  impl.RoleInfo (RoleInfo.java:shutdownLeaderState(104)) - b4077d1a-3356-4504-aa81-34a6cae9caee: shutdown LeaderState
2019-09-10 22:56:20,262 [main] INFO  impl.PendingRequests (PendingRequests.java:sendNotLeaderResponses(202)) - b4077d1a-3356-4504-aa81-34a6cae9caee-PendingRequests: sendNotLeaderResponses
2019-09-10 22:56:20,263 [main] INFO  impl.StateMachineUpdater (StateMachineUpdater.java:stopAndJoin(125)) - b4077d1a-3356-4504-aa81-34a6cae9caee@group-A2AEF9109F6C-StateMachineUpdater: set stopIndex = 0
2019-09-10 22:56:20,264 [main] INFO  impl.RaftServerImpl (ServerState.java:close(385)) - b4077d1a-3356-4504-aa81-34a6cae9caee@group-A2AEF9109F6C: closes. applyIndex: 0
2019-09-10 22:56:20,264 [b4077d1a-3356-4504-aa81-34a6cae9caee@group-A2AEF9109F6C-SegmentedRaftLogWorker] INFO  segmented.SegmentedRaftLogWorker (SegmentedRaftLogWorker.java:run(313)) - b4077d1a-3356-4504-aa81-34a6cae9caee@group-A2AEF9109F6C-SegmentedRaftLogWorker was interrupted, exiting. There are 0 tasks remaining in the queue.
2019-09-10 22:56:20,271 [main] INFO  segmented.SegmentedRaftLogWorker (SegmentedRaftLogWorker.java:close(228)) - b4077d1a-3356-4504-aa81-34a6cae9caee@group-A2AEF9109F6C-SegmentedRaftLogWorker close()
2019-09-10 22:56:20,276 [main] INFO  server.GrpcService (GrpcService.java:closeImpl(164)) - b4077d1a-3356-4504-aa81-34a6cae9caee: shutdown server with port 44925 now
2019-09-10 22:56:20,278 [main] INFO  server.GrpcService (GrpcService.java:closeImpl(172)) - b4077d1a-3356-4504-aa81-34a6cae9caee: shutdown server with port 44925 successfully
2019-09-10 22:56:20,279 [ForkJoinPool.commonPool-worker-0] INFO  ozoneimpl.OzoneContainer (OzoneContainer.java:stop(231)) - Attempting to stop container services.
2019-09-10 22:56:20,280 [ForkJoinPool.commonPool-worker-0] INFO  impl.RaftServerProxy (RaftServerProxy.java:lambda$close$4(314)) - 06814ee9-24b9-4aa5-b290-a3e9e2a386ef: close
2019-09-10 22:56:20,281 [ForkJoinPool.commonPool-worker-0] INFO  impl.RaftServerImpl (RaftServerImpl.java:lambda$shutdown$3(251)) - 06814ee9-24b9-4aa5-b290-a3e9e2a386ef@group-05F713A51810: shutdown
2019-09-10 22:56:20,281 [ForkJoinPool.commonPool-worker-0] INFO  util.JmxRegister (JmxRegister.java:unregister(73)) - Successfully un-registered JMX Bean with object name Ratis:service=RaftServer,group=group-05F713A51810,id=06814ee9-24b9-4aa5-b290-a3e9e2a386ef
2019-09-10 22:56:20,282 [ForkJoinPool.commonPool-worker-0] INFO  impl.RoleInfo (RoleInfo.java:shutdownFollowerState(121)) - 06814ee9-24b9-4aa5-b290-a3e9e2a386ef: shutdown FollowerState
2019-09-10 22:56:20,282 [ForkJoinPool.commonPool-worker-0] INFO  impl.StateMachineUpdater (StateMachineUpdater.java:stopAndJoin(125)) - 06814ee9-24b9-4aa5-b290-a3e9e2a386ef@group-05F713A51810-StateMachineUpdater: set stopIndex = 16
2019-09-10 22:56:20,283 [Thread-409] INFO  impl.FollowerState (FollowerState.java:run(115)) - 06814ee9-24b9-4aa5-b290-a3e9e2a386ef: FollowerState was interrupted: java.lang.InterruptedException: sleep interrupted
2019-09-10 22:56:20,283 [06814ee9-24b9-4aa5-b290-a3e9e2a386ef@group-05F713A51810-StateMachineUpdater] INFO  ratis.ContainerStateMachine (ContainerStateMachine.java:takeSnapshot(289)) - group-05F713A51810: Taking a snapshot at:(t:3, i:12) file /workdir/hadoop-ozone/integration-test/target/test-dir/MiniOzoneClusterImpl-c8bd075b-66f7-4733-90c4-2d26ad6b76fb/datanode-4/data/ratis/8e72557a-6eb0-4d45-a7c1-05f713a51810/sm/snapshot.3_12
2019-09-10 22:56:20,283 [refreshUsed-/workdir/hadoop-ozone/integration-test/target/test-dir/MiniOzoneClusterImpl-c8bd075b-66f7-4733-90c4-2d26ad6b76fb/datanode-6/data/containers] WARN  fs.CachingGetSpaceUsed (CachingGetSpaceUsed.java:run(183)) - Thread Interrupted waiting to refresh disk information: sleep interrupted
2019-09-10 22:56:20,301 [06814ee9-24b9-4aa5-b290-a3e9e2a386ef@group-05F713A51810-StateMachineUpdater] INFO  ratis.ContainerStateMachine (ContainerStateMachine.java:takeSnapshot(300)) - group-05F713A51810: Finished taking a snapshot at:(t:3, i:12) file:/workdir/hadoop-ozone/integration-test/target/test-dir/MiniOzoneClusterImpl-c8bd075b-66f7-4733-90c4-2d26ad6b76fb/datanode-4/data/ratis/8e72557a-6eb0-4d45-a7c1-05f713a51810/sm/snapshot.3_12 time:19
2019-09-10 22:56:20,301 [06814ee9-24b9-4aa5-b290-a3e9e2a386ef@group-05F713A51810-StateMachineUpdater] INFO  impl.StateMachineUpdater (StateMachineUpdater.java:takeSnapshot(258)) - 06814ee9-24b9-4aa5-b290-a3e9e2a386ef@group-05F713A51810-StateMachineUpdater: Took a snapshot at index 12
2019-09-10 22:56:20,302 [06814ee9-24b9-4aa5-b290-a3e9e2a386ef@group-05F713A51810-StateMachineUpdater] INFO  impl.StateMachineUpdater (StateMachineUpdater.java:lambda$new$0(83)) - 06814ee9-24b9-4aa5-b290-a3e9e2a386ef@group-05F713A51810-StateMachineUpdater: snapshotIndex: updateIncreasingly -1 -> 12
2019-09-10 22:56:20,302 [06814ee9-24b9-4aa5-b290-a3e9e2a386ef@group-05F713A51810-StateMachineUpdater] INFO  ratis.ContainerStateMachine (ContainerStateMachine.java:takeSnapshot(289)) - group-05F713A51810: Taking a snapshot at:(t:3, i:12) file /workdir/hadoop-ozone/integration-test/target/test-dir/MiniOzoneClusterImpl-c8bd075b-66f7-4733-90c4-2d26ad6b76fb/datanode-4/data/ratis/8e72557a-6eb0-4d45-a7c1-05f713a51810/sm/snapshot.3_12
2019-09-10 22:56:20,307 [main] INFO  utils.BackgroundService (BackgroundService.java:shutdown(148)) - Shutting down service BlockDeletingService
2019-09-10 22:56:20,313 [main] INFO  statemachine.DatanodeStateMachine (DatanodeStateMachine.java:stopDaemon(395)) - Ozone container server stopped.
2019-09-10 22:56:20,315 [06814ee9-24b9-4aa5-b290-a3e9e2a386ef@group-05F713A51810-StateMachineUpdater] INFO  ratis.ContainerStateMachine (ContainerStateMachine.java:takeSnapshot(300)) - group-05F713A51810: Finished taking a snapshot at:(t:3, i:12) file:/workdir/hadoop-ozone/integration-test/target/test-dir/MiniOzoneClusterImpl-c8bd075b-66f7-4733-90c4-2d26ad6b76fb/datanode-4/data/ratis/8e72557a-6eb0-4d45-a7c1-05f713a51810/sm/snapshot.3_12 time:12
2019-09-10 22:56:20,315 [06814ee9-24b9-4aa5-b290-a3e9e2a386ef@group-05F713A51810-StateMachineUpdater] INFO  impl.StateMachineUpdater (StateMachineUpdater.java:takeSnapshot(258)) - 06814ee9-24b9-4aa5-b290-a3e9e2a386ef@group-05F713A51810-StateMachineUpdater: Took a snapshot at index 12
2019-09-10 22:56:20,315 [06814ee9-24b9-4aa5-b290-a3e9e2a386ef@group-05F713A51810-StateMachineUpdater] INFO  impl.StateMachineUpdater (StateMachineUpdater.java:lambda$new$0(83)) - 06814ee9-24b9-4aa5-b290-a3e9e2a386ef@group-05F713A51810-StateMachineUpdater: snapshotIndex: updateIncreasingly 12 -> 12
2019-09-10 22:56:20,315 [main] INFO  handler.ContextHandler (ContextHandler.java:doStop(910)) - Stopped o.e.j.w.WebAppContext@3e3315d9{/,null,UNAVAILABLE}{/hddsDatanode}
2019-09-10 22:56:20,315 [ForkJoinPool.commonPool-worker-0] INFO  impl.RaftServerImpl (ServerState.java:close(385)) - 06814ee9-24b9-4aa5-b290-a3e9e2a386ef@group-05F713A51810: closes. applyIndex: 16
2019-09-10 22:56:20,318 [06814ee9-24b9-4aa5-b290-a3e9e2a386ef@group-05F713A51810-SegmentedRaftLogWorker] ERROR ratis.XceiverServerRatis (XceiverServerRatis.java:triggerPipelineClose(568)) - pipeline Action CLOSE  on pipeline PipelineID=8e72557a-6eb0-4d45-a7c1-05f713a51810.Reason : WriteLog:19: (t:3, i:19), STATEMACHINELOGENTRY, client-559D44C1B0F8, cid=31-writeStateMachineData interrupted.
2019-09-10 22:56:20,318 [main] INFO  server.AbstractConnector (AbstractConnector.java:doStop(318)) - Stopped ServerConnector@64db4967{HTTP/1.1,[http/1.1]}{0.0.0.0:0}
2019-09-10 22:56:20,321 [main] INFO  handler.ContextHandler (ContextHandler.java:doStop(910)) - Stopped o.e.j.s.ServletContextHandler@7f5538a1{/static,jar:file:/home/user/.m2/repository/org/apache/hadoop/hadoop-hdds-container-service/0.5.0-SNAPSHOT/hadoop-hdds-container-service-0.5.0-SNAPSHOT.jar!/webapps/static,UNAVAILABLE}
2019-09-10 22:56:20,321 [main] INFO  handler.ContextHandler (ContextHandler.java:doStop(910)) - Stopped o.e.j.s.ServletContextHandler@67514bdd{/logs,file:///workdir/hadoop-ozone/integration-test/target/log,UNAVAILABLE}
2019-09-10 22:56:20,331 [ForkJoinPool.commonPool-worker-0] INFO  segmented.SegmentedRaftLogWorker (SegmentedRaftLogWorker.java:close(228)) - 06814ee9-24b9-4aa5-b290-a3e9e2a386ef@group-05F713A51810-SegmentedRaftLogWorker close()
2019-09-10 22:56:20,335 [ForkJoinPool.commonPool-worker-0] INFO  impl.RaftServerImpl (RaftServerImpl.java:lambda$shutdown$3(251)) - 06814ee9-24b9-4aa5-b290-a3e9e2a386ef@group-48953FBDC98C: shutdown
2019-09-10 22:56:20,335 [ForkJoinPool.commonPool-worker-0] INFO  util.JmxRegister (JmxRegister.java:unregister(73)) - Successfully un-registered JMX Bean with object name Ratis:service=RaftServer,group=group-48953FBDC98C,id=06814ee9-24b9-4aa5-b290-a3e9e2a386ef
2019-09-10 22:56:20,335 [ForkJoinPool.commonPool-worker-0] INFO  impl.RoleInfo (RoleInfo.java:shutdownLeaderState(104)) - 06814ee9-24b9-4aa5-b290-a3e9e2a386ef: shutdown LeaderState
2019-09-10 22:56:20,335 [ForkJoinPool.commonPool-worker-0] INFO  impl.PendingRequests (PendingRequests.java:sendNotLeaderResponses(202)) - 06814ee9-24b9-4aa5-b290-a3e9e2a386ef-PendingRequests: sendNotLeaderResponses
2019-09-10 22:56:20,335 [ForkJoinPool.commonPool-worker-0] INFO  impl.StateMachineUpdater (StateMachineUpdater.java:stopAndJoin(125)) - 06814ee9-24b9-4aa5-b290-a3e9e2a386ef@group-48953FBDC98C-StateMachineUpdater: set stopIndex = 0
2019-09-10 22:56:20,336 [ForkJoinPool.commonPool-worker-0] INFO  impl.RaftServerImpl (ServerState.java:close(385)) - 06814ee9-24b9-4aa5-b290-a3e9e2a386ef@group-48953FBDC98C: closes. applyIndex: 0
2019-09-10 22:56:20,336 [06814ee9-24b9-4aa5-b290-a3e9e2a386ef@group-48953FBDC98C-SegmentedRaftLogWorker] INFO  segmented.SegmentedRaftLogWorker (SegmentedRaftLogWorker.java:run(313)) - 06814ee9-24b9-4aa5-b290-a3e9e2a386ef@group-48953FBDC98C-SegmentedRaftLogWorker was interrupted, exiting. There are 0 tasks remaining in the queue.
2019-09-10 22:56:20,338 [ForkJoinPool.commonPool-worker-0] INFO  segmented.SegmentedRaftLogWorker (SegmentedRaftLogWorker.java:close(228)) - 06814ee9-24b9-4aa5-b290-a3e9e2a386ef@group-48953FBDC98C-SegmentedRaftLogWorker close()
2019-09-10 22:56:20,341 [ForkJoinPool.commonPool-worker-0] INFO  server.GrpcService (GrpcService.java:closeImpl(164)) - 06814ee9-24b9-4aa5-b290-a3e9e2a386ef: shutdown server with port 44097 now
2019-09-10 22:56:20,342 [ForkJoinPool.commonPool-worker-0] INFO  server.GrpcService (GrpcService.java:closeImpl(172)) - 06814ee9-24b9-4aa5-b290-a3e9e2a386ef: shutdown server with port 44097 successfully
2019-09-10 22:56:20,344 [refreshUsed-/workdir/hadoop-ozone/integration-test/target/test-dir/MiniOzoneClusterImpl-c8bd075b-66f7-4733-90c4-2d26ad6b76fb/datanode-4/data/containers] WARN  fs.CachingGetSpaceUsed (CachingGetSpaceUsed.java:run(183)) - Thread Interrupted waiting to refresh disk information: sleep interrupted
2019-09-10 22:56:20,360 [ForkJoinPool.commonPool-worker-0] INFO  utils.BackgroundService (BackgroundService.java:shutdown(148)) - Shutting down service BlockDeletingService
2019-09-10 22:56:20,364 [ForkJoinPool.commonPool-worker-0] INFO  statemachine.DatanodeStateMachine (DatanodeStateMachine.java:stopDaemon(395)) - Ozone container server stopped.
2019-09-10 22:56:20,369 [ForkJoinPool.commonPool-worker-0] INFO  handler.ContextHandler (ContextHandler.java:doStop(910)) - Stopped o.e.j.w.WebAppContext@38ed139b{/,null,UNAVAILABLE}{/hddsDatanode}
2019-09-10 22:56:20,370 [ForkJoinPool.commonPool-worker-0] INFO  server.AbstractConnector (AbstractConnector.java:doStop(318)) - Stopped ServerConnector@a5272be{HTTP/1.1,[http/1.1]}{0.0.0.0:0}
2019-09-10 22:56:20,372 [ForkJoinPool.commonPool-worker-0] INFO  handler.ContextHandler (ContextHandler.java:doStop(910)) - Stopped o.e.j.s.ServletContextHandler@6c0e13b7{/static,jar:file:/home/user/.m2/repository/org/apache/hadoop/hadoop-hdds-container-service/0.5.0-SNAPSHOT/hadoop-hdds-container-service-0.5.0-SNAPSHOT.jar!/webapps/static,UNAVAILABLE}
2019-09-10 22:56:20,373 [java.util.concurrent.ThreadPoolExecutor$Worker@683f9c8a[State = -1, empty queue]] WARN  server.GrpcLogAppender (GrpcLogAppender.java:timeoutAppendRequest(200)) - 2f676a21-e66b-4fec-aeac-0283d98823a1@group-F5D172FB2954->9a51610a-f282-4242-84b0-9cad669d08b8-GrpcLogAppender: appendEntries Timeout, request=2f676a21-e66b-4fec-aeac-0283d98823a1->9a51610a-f282-4242-84b0-9cad669d08b8#158-t2, previous=(t:2, i:20), leaderCommit=16, initializing? false, entries: <empty>
2019-09-10 22:56:20,373 [ForkJoinPool.commonPool-worker-0] INFO  handler.ContextHandler (ContextHandler.java:doStop(910)) - Stopped o.e.j.s.ServletContextHandler@77a074b4{/logs,file:///workdir/hadoop-ozone/integration-test/target/log,UNAVAILABLE}
2019-09-10 22:56:20,389 [grpc-default-executor-2] WARN  server.GrpcLogAppender (LogUtils.java:warn(134)) - 2f676a21-e66b-4fec-aeac-0283d98823a1@group-F5D172FB2954->72e5a279-ca12-4c9e-91de-7e916f85cc8c-AppendLogResponseHandler: Failed appendEntries: org.apache.ratis.thirdparty.io.grpc.StatusRuntimeException: UNAVAILABLE: io exception
2019-09-10 22:56:20,390 [grpc-default-executor-2] INFO  impl.FollowerInfo (FollowerInfo.java:lambda$new$0(51)) - 2f676a21-e66b-4fec-aeac-0283d98823a1@group-F5D172FB2954->72e5a279-ca12-4c9e-91de-7e916f85cc8c: nextIndex: updateUnconditionally 7 -> 6
2019-09-10 22:56:20,715 [Datanode State Machine Thread - 0] INFO  statemachine.DatanodeStateMachine (DatanodeStateMachine.java:lambda$startDaemon$0(350)) - Ozone container server started.
2019-09-10 22:56:20,874 [java.util.concurrent.ThreadPoolExecutor$Worker@683f9c8a[State = -1, empty queue]] WARN  server.GrpcLogAppender (GrpcLogAppender.java:timeoutAppendRequest(200)) - 2f676a21-e66b-4fec-aeac-0283d98823a1@group-F5D172FB2954->9a51610a-f282-4242-84b0-9cad669d08b8-GrpcLogAppender: appendEntries Timeout, request=2f676a21-e66b-4fec-aeac-0283d98823a1->9a51610a-f282-4242-84b0-9cad669d08b8#159-t2, previous=(t:2, i:20), leaderCommit=16, initializing? false, entries: <empty>
2019-09-10 22:56:20,891 [grpc-default-executor-3] WARN  server.GrpcLogAppender (LogUtils.java:warn(134)) - 2f676a21-e66b-4fec-aeac-0283d98823a1@group-F5D172FB2954->72e5a279-ca12-4c9e-91de-7e916f85cc8c-AppendLogResponseHandler: Failed appendEntries: org.apache.ratis.thirdparty.io.grpc.StatusRuntimeException: UNAVAILABLE: io exception
2019-09-10 22:56:20,893 [grpc-default-executor-3] INFO  impl.FollowerInfo (FollowerInfo.java:lambda$new$0(51)) - 2f676a21-e66b-4fec-aeac-0283d98823a1@group-F5D172FB2954->72e5a279-ca12-4c9e-91de-7e916f85cc8c: nextIndex: updateUnconditionally 6 -> 5
2019-09-10 22:56:20,924 [Datanode State Machine Thread - 0] INFO  statemachine.DatanodeStateMachine (DatanodeStateMachine.java:lambda$startDaemon$0(350)) - Ozone container server started.
2019-09-10 22:56:21,375 [java.util.concurrent.ThreadPoolExecutor$Worker@683f9c8a[State = -1, empty queue]] WARN  server.GrpcLogAppender (GrpcLogAppender.java:timeoutAppendRequest(200)) - 2f676a21-e66b-4fec-aeac-0283d98823a1@group-F5D172FB2954->9a51610a-f282-4242-84b0-9cad669d08b8-GrpcLogAppender: appendEntries Timeout, request=2f676a21-e66b-4fec-aeac-0283d98823a1->9a51610a-f282-4242-84b0-9cad669d08b8#160-t2, previous=(t:2, i:20), leaderCommit=16, initializing? false, entries: <empty>
2019-09-10 22:56:21,391 [grpc-default-executor-1] WARN  server.GrpcLogAppender (LogUtils.java:warn(134)) - 2f676a21-e66b-4fec-aeac-0283d98823a1@group-F5D172FB2954->72e5a279-ca12-4c9e-91de-7e916f85cc8c-AppendLogResponseHandler: Failed appendEntries: org.apache.ratis.thirdparty.io.grpc.StatusRuntimeException: UNAVAILABLE: io exception
2019-09-10 22:56:21,394 [grpc-default-executor-1] INFO  impl.FollowerInfo (FollowerInfo.java:lambda$new$0(51)) - 2f676a21-e66b-4fec-aeac-0283d98823a1@group-F5D172FB2954->72e5a279-ca12-4c9e-91de-7e916f85cc8c: nextIndex: updateUnconditionally 5 -> 4
2019-09-10 22:56:21,829 [2f676a21-e66b-4fec-aeac-0283d98823a1@group-F5D172FB2954-SegmentedRaftLogWorker] WARN  segmented.SegmentedRaftLogWorker (SegmentedRaftLogWorker.java:getFromFuture(90)) - Timeout 2/~
org.apache.ratis.protocol.TimeoutIOException: Timeout 10s: WriteLog:17: (t:2, i:17), STATEMACHINELOGENTRY, client-43EE1EA533E7, cid=57-writeStateMachineData
	at org.apache.ratis.util.IOUtils.getFromFuture(IOUtils.java:87)
	at org.apache.ratis.server.raftlog.segmented.SegmentedRaftLogWorker$StateMachineDataPolicy.getFromFuture(SegmentedRaftLogWorker.java:87)
	at org.apache.ratis.server.raftlog.segmented.SegmentedRaftLogWorker$WriteLog.execute(SegmentedRaftLogWorker.java:477)
	at org.apache.ratis.server.raftlog.segmented.SegmentedRaftLogWorker.run(SegmentedRaftLogWorker.java:289)
	at java.lang.Thread.run(Thread.java:748)
Caused by: java.util.concurrent.TimeoutException
	at java.util.concurrent.CompletableFuture.timedGet(CompletableFuture.java:1771)
	at java.util.concurrent.CompletableFuture.get(CompletableFuture.java:1915)
	at org.apache.ratis.util.IOUtils.getFromFuture(IOUtils.java:79)
	... 4 more
2019-09-10 22:56:21,836 [9a51610a-f282-4242-84b0-9cad669d08b8@group-F5D172FB2954-SegmentedRaftLogWorker] WARN  segmented.SegmentedRaftLogWorker (SegmentedRaftLogWorker.java:getFromFuture(90)) - Timeout 2/~
org.apache.ratis.protocol.TimeoutIOException: Timeout 10s: WriteLog:17: (t:2, i:17), STATEMACHINELOGENTRY, client-43EE1EA533E7, cid=57-writeStateMachineData
	at org.apache.ratis.util.IOUtils.getFromFuture(IOUtils.java:87)
	at org.apache.ratis.server.raftlog.segmented.SegmentedRaftLogWorker$StateMachineDataPolicy.getFromFuture(SegmentedRaftLogWorker.java:87)
	at org.apache.ratis.server.raftlog.segmented.SegmentedRaftLogWorker$WriteLog.execute(SegmentedRaftLogWorker.java:477)
	at org.apache.ratis.server.raftlog.segmented.SegmentedRaftLogWorker.run(SegmentedRaftLogWorker.java:289)
	at java.lang.Thread.run(Thread.java:748)
Caused by: java.util.concurrent.TimeoutException
	at java.util.concurrent.CompletableFuture.timedGet(CompletableFuture.java:1771)
	at java.util.concurrent.CompletableFuture.get(CompletableFuture.java:1915)
	at org.apache.ratis.util.IOUtils.getFromFuture(IOUtils.java:79)
	... 4 more
2019-09-10 22:56:21,876 [java.util.concurrent.ThreadPoolExecutor$Worker@683f9c8a[State = -1, empty queue]] WARN  server.GrpcLogAppender (GrpcLogAppender.java:timeoutAppendRequest(200)) - 2f676a21-e66b-4fec-aeac-0283d98823a1@group-F5D172FB2954->9a51610a-f282-4242-84b0-9cad669d08b8-GrpcLogAppender: appendEntries Timeout, request=2f676a21-e66b-4fec-aeac-0283d98823a1->9a51610a-f282-4242-84b0-9cad669d08b8#161-t2, previous=(t:2, i:20), leaderCommit=16, initializing? false, entries: <empty>
2019-09-10 22:56:21,893 [grpc-default-executor-2] WARN  server.GrpcLogAppender (LogUtils.java:warn(134)) - 2f676a21-e66b-4fec-aeac-0283d98823a1@group-F5D172FB2954->72e5a279-ca12-4c9e-91de-7e916f85cc8c-AppendLogResponseHandler: Failed appendEntries: org.apache.ratis.thirdparty.io.grpc.StatusRuntimeException: UNAVAILABLE: io exception
2019-09-10 22:56:21,895 [grpc-default-executor-2] INFO  impl.FollowerInfo (FollowerInfo.java:lambda$new$0(51)) - 2f676a21-e66b-4fec-aeac-0283d98823a1@group-F5D172FB2954->72e5a279-ca12-4c9e-91de-7e916f85cc8c: nextIndex: updateUnconditionally 4 -> 3
2019-09-10 22:56:22,377 [java.util.concurrent.ThreadPoolExecutor$Worker@683f9c8a[State = -1, empty queue]] WARN  server.GrpcLogAppender (GrpcLogAppender.java:timeoutAppendRequest(200)) - 2f676a21-e66b-4fec-aeac-0283d98823a1@group-F5D172FB2954->9a51610a-f282-4242-84b0-9cad669d08b8-GrpcLogAppender: appendEntries Timeout, request=2f676a21-e66b-4fec-aeac-0283d98823a1->9a51610a-f282-4242-84b0-9cad669d08b8#162-t2, previous=(t:2, i:20), leaderCommit=16, initializing? false, entries: <empty>
2019-09-10 22:56:22,394 [grpc-default-executor-3] WARN  server.GrpcLogAppender (LogUtils.java:warn(134)) - 2f676a21-e66b-4fec-aeac-0283d98823a1@group-F5D172FB2954->72e5a279-ca12-4c9e-91de-7e916f85cc8c-AppendLogResponseHandler: Failed appendEntries: org.apache.ratis.thirdparty.io.grpc.StatusRuntimeException: UNAVAILABLE: io exception
2019-09-10 22:56:22,397 [grpc-default-executor-3] INFO  impl.FollowerInfo (FollowerInfo.java:lambda$new$0(51)) - 2f676a21-e66b-4fec-aeac-0283d98823a1@group-F5D172FB2954->72e5a279-ca12-4c9e-91de-7e916f85cc8c: nextIndex: updateUnconditionally 3 -> 2
2019-09-10 22:56:22,879 [java.util.concurrent.ThreadPoolExecutor$Worker@683f9c8a[State = -1, empty queue]] WARN  server.GrpcLogAppender (GrpcLogAppender.java:timeoutAppendRequest(200)) - 2f676a21-e66b-4fec-aeac-0283d98823a1@group-F5D172FB2954->9a51610a-f282-4242-84b0-9cad669d08b8-GrpcLogAppender: appendEntries Timeout, request=2f676a21-e66b-4fec-aeac-0283d98823a1->9a51610a-f282-4242-84b0-9cad669d08b8#163-t2, previous=(t:2, i:20), leaderCommit=16, initializing? false, entries: <empty>
2019-09-10 22:56:22,899 [grpc-default-executor-2] WARN  server.GrpcLogAppender (LogUtils.java:warn(134)) - 2f676a21-e66b-4fec-aeac-0283d98823a1@group-F5D172FB2954->72e5a279-ca12-4c9e-91de-7e916f85cc8c-AppendLogResponseHandler: Failed appendEntries: org.apache.ratis.thirdparty.io.grpc.StatusRuntimeException: UNAVAILABLE: io exception
2019-09-10 22:56:22,904 [grpc-default-executor-2] INFO  impl.FollowerInfo (FollowerInfo.java:lambda$new$0(51)) - 2f676a21-e66b-4fec-aeac-0283d98823a1@group-F5D172FB2954->72e5a279-ca12-4c9e-91de-7e916f85cc8c: nextIndex: updateUnconditionally 2 -> 1
2019-09-10 22:56:23,379 [java.util.concurrent.ThreadPoolExecutor$Worker@683f9c8a[State = -1, empty queue]] WARN  server.GrpcLogAppender (GrpcLogAppender.java:timeoutAppendRequest(200)) - 2f676a21-e66b-4fec-aeac-0283d98823a1@group-F5D172FB2954->9a51610a-f282-4242-84b0-9cad669d08b8-GrpcLogAppender: appendEntries Timeout, request=2f676a21-e66b-4fec-aeac-0283d98823a1->9a51610a-f282-4242-84b0-9cad669d08b8#164-t2, previous=(t:2, i:20), leaderCommit=16, initializing? false, entries: <empty>
2019-09-10 22:56:23,400 [grpc-default-executor-2] WARN  server.GrpcLogAppender (LogUtils.java:warn(134)) - 2f676a21-e66b-4fec-aeac-0283d98823a1@group-F5D172FB2954->72e5a279-ca12-4c9e-91de-7e916f85cc8c-AppendLogResponseHandler: Failed appendEntries: org.apache.ratis.thirdparty.io.grpc.StatusRuntimeException: UNAVAILABLE: io exception
2019-09-10 22:56:23,402 [grpc-default-executor-2] INFO  impl.FollowerInfo (FollowerInfo.java:lambda$new$0(51)) - 2f676a21-e66b-4fec-aeac-0283d98823a1@group-F5D172FB2954->72e5a279-ca12-4c9e-91de-7e916f85cc8c: nextIndex: updateUnconditionally 1 -> 0
2019-09-10 22:56:23,880 [java.util.concurrent.ThreadPoolExecutor$Worker@683f9c8a[State = -1, empty queue]] WARN  server.GrpcLogAppender (GrpcLogAppender.java:timeoutAppendRequest(200)) - 2f676a21-e66b-4fec-aeac-0283d98823a1@group-F5D172FB2954->9a51610a-f282-4242-84b0-9cad669d08b8-GrpcLogAppender: appendEntries Timeout, request=2f676a21-e66b-4fec-aeac-0283d98823a1->9a51610a-f282-4242-84b0-9cad669d08b8#165-t2, previous=(t:2, i:20), leaderCommit=16, initializing? false, entries: <empty>
2019-09-10 22:56:23,902 [grpc-default-executor-1] WARN  server.GrpcLogAppender (LogUtils.java:warn(134)) - 2f676a21-e66b-4fec-aeac-0283d98823a1@group-F5D172FB2954->72e5a279-ca12-4c9e-91de-7e916f85cc8c-AppendLogResponseHandler: Failed appendEntries: org.apache.ratis.thirdparty.io.grpc.StatusRuntimeException: UNAVAILABLE: io exception
2019-09-10 22:56:23,906 [grpc-default-executor-1] INFO  impl.FollowerInfo (FollowerInfo.java:lambda$new$0(51)) - 2f676a21-e66b-4fec-aeac-0283d98823a1@group-F5D172FB2954->72e5a279-ca12-4c9e-91de-7e916f85cc8c: nextIndex: updateUnconditionally 0 -> 0
2019-09-10 22:56:24,380 [java.util.concurrent.ThreadPoolExecutor$Worker@683f9c8a[State = -1, empty queue]] WARN  server.GrpcLogAppender (GrpcLogAppender.java:timeoutAppendRequest(200)) - 2f676a21-e66b-4fec-aeac-0283d98823a1@group-F5D172FB2954->9a51610a-f282-4242-84b0-9cad669d08b8-GrpcLogAppender: appendEntries Timeout, request=2f676a21-e66b-4fec-aeac-0283d98823a1->9a51610a-f282-4242-84b0-9cad669d08b8#166-t2, previous=(t:2, i:20), leaderCommit=16, initializing? false, entries: <empty>
2019-09-10 22:56:24,403 [grpc-default-executor-3] WARN  server.GrpcLogAppender (LogUtils.java:warn(134)) - 2f676a21-e66b-4fec-aeac-0283d98823a1@group-F5D172FB2954->72e5a279-ca12-4c9e-91de-7e916f85cc8c-AppendLogResponseHandler: Failed appendEntries: org.apache.ratis.thirdparty.io.grpc.StatusRuntimeException: UNAVAILABLE: io exception
2019-09-10 22:56:24,406 [grpc-default-executor-3] INFO  impl.FollowerInfo (FollowerInfo.java:lambda$new$0(51)) - 2f676a21-e66b-4fec-aeac-0283d98823a1@group-F5D172FB2954->72e5a279-ca12-4c9e-91de-7e916f85cc8c: nextIndex: updateUnconditionally 0 -> 0
2019-09-10 22:56:24,881 [java.util.concurrent.ThreadPoolExecutor$Worker@683f9c8a[State = -1, empty queue]] WARN  server.GrpcLogAppender (GrpcLogAppender.java:timeoutAppendRequest(200)) - 2f676a21-e66b-4fec-aeac-0283d98823a1@group-F5D172FB2954->9a51610a-f282-4242-84b0-9cad669d08b8-GrpcLogAppender: appendEntries Timeout, request=2f676a21-e66b-4fec-aeac-0283d98823a1->9a51610a-f282-4242-84b0-9cad669d08b8#167-t2, previous=(t:2, i:20), leaderCommit=16, initializing? false, entries: <empty>
2019-09-10 22:56:24,919 [grpc-default-executor-2] WARN  server.GrpcLogAppender (LogUtils.java:warn(134)) - 2f676a21-e66b-4fec-aeac-0283d98823a1@group-F5D172FB2954->72e5a279-ca12-4c9e-91de-7e916f85cc8c-AppendLogResponseHandler: Failed appendEntries: org.apache.ratis.thirdparty.io.grpc.StatusRuntimeException: UNAVAILABLE: io exception
2019-09-10 22:56:24,921 [grpc-default-executor-2] INFO  impl.FollowerInfo (FollowerInfo.java:lambda$new$0(51)) - 2f676a21-e66b-4fec-aeac-0283d98823a1@group-F5D172FB2954->72e5a279-ca12-4c9e-91de-7e916f85cc8c: nextIndex: updateUnconditionally 0 -> 0
2019-09-10 22:56:25,324 [main] INFO  ozoneimpl.OzoneContainer (OzoneContainer.java:stop(231)) - Attempting to stop container services.
2019-09-10 22:56:25,326 [main] INFO  impl.RaftServerProxy (RaftServerProxy.java:lambda$close$4(314)) - 9a51610a-f282-4242-84b0-9cad669d08b8: close
2019-09-10 22:56:25,326 [main] INFO  impl.RaftServerImpl (RaftServerImpl.java:lambda$shutdown$3(251)) - 9a51610a-f282-4242-84b0-9cad669d08b8@group-F5D172FB2954: shutdown
2019-09-10 22:56:25,327 [main] INFO  util.JmxRegister (JmxRegister.java:unregister(73)) - Successfully un-registered JMX Bean with object name Ratis:service=RaftServer,group=group-F5D172FB2954,id=9a51610a-f282-4242-84b0-9cad669d08b8
2019-09-10 22:56:25,327 [main] INFO  impl.RoleInfo (RoleInfo.java:shutdownFollowerState(121)) - 9a51610a-f282-4242-84b0-9cad669d08b8: shutdown FollowerState
2019-09-10 22:56:25,328 [main] INFO  impl.StateMachineUpdater (StateMachineUpdater.java:stopAndJoin(125)) - 9a51610a-f282-4242-84b0-9cad669d08b8@group-F5D172FB2954-StateMachineUpdater: set stopIndex = 16
2019-09-10 22:56:25,328 [9a51610a-f282-4242-84b0-9cad669d08b8@group-F5D172FB2954-StateMachineUpdater] INFO  ratis.ContainerStateMachine (ContainerStateMachine.java:takeSnapshot(289)) - group-F5D172FB2954: Taking a snapshot at:(t:2, i:13) file /workdir/hadoop-ozone/integration-test/target/test-dir/MiniOzoneClusterImpl-c8bd075b-66f7-4733-90c4-2d26ad6b76fb/datanode-8/data/ratis/2ea0ff70-9fd8-43a6-89e1-f5d172fb2954/sm/snapshot.2_13
2019-09-10 22:56:25,328 [Thread-423] INFO  impl.FollowerState (FollowerState.java:run(115)) - 9a51610a-f282-4242-84b0-9cad669d08b8: FollowerState was interrupted: java.lang.InterruptedException: sleep interrupted
2019-09-10 22:56:25,351 [9a51610a-f282-4242-84b0-9cad669d08b8@group-F5D172FB2954-StateMachineUpdater] INFO  ratis.ContainerStateMachine (ContainerStateMachine.java:takeSnapshot(300)) - group-F5D172FB2954: Finished taking a snapshot at:(t:2, i:13) file:/workdir/hadoop-ozone/integration-test/target/test-dir/MiniOzoneClusterImpl-c8bd075b-66f7-4733-90c4-2d26ad6b76fb/datanode-8/data/ratis/2ea0ff70-9fd8-43a6-89e1-f5d172fb2954/sm/snapshot.2_13 time:23
2019-09-10 22:56:25,351 [9a51610a-f282-4242-84b0-9cad669d08b8@group-F5D172FB2954-StateMachineUpdater] INFO  impl.StateMachineUpdater (StateMachineUpdater.java:takeSnapshot(258)) - 9a51610a-f282-4242-84b0-9cad669d08b8@group-F5D172FB2954-StateMachineUpdater: Took a snapshot at index 13
2019-09-10 22:56:25,351 [9a51610a-f282-4242-84b0-9cad669d08b8@group-F5D172FB2954-StateMachineUpdater] INFO  impl.StateMachineUpdater (StateMachineUpdater.java:lambda$new$0(83)) - 9a51610a-f282-4242-84b0-9cad669d08b8@group-F5D172FB2954-StateMachineUpdater: snapshotIndex: updateIncreasingly -1 -> 13
2019-09-10 22:56:25,352 [9a51610a-f282-4242-84b0-9cad669d08b8@group-F5D172FB2954-StateMachineUpdater] INFO  ratis.ContainerStateMachine (ContainerStateMachine.java:takeSnapshot(289)) - group-F5D172FB2954: Taking a snapshot at:(t:2, i:13) file /workdir/hadoop-ozone/integration-test/target/test-dir/MiniOzoneClusterImpl-c8bd075b-66f7-4733-90c4-2d26ad6b76fb/datanode-8/data/ratis/2ea0ff70-9fd8-43a6-89e1-f5d172fb2954/sm/snapshot.2_13
2019-09-10 22:56:25,355 [9a51610a-f282-4242-84b0-9cad669d08b8@group-F5D172FB2954-StateMachineUpdater] INFO  ratis.ContainerStateMachine (ContainerStateMachine.java:takeSnapshot(300)) - group-F5D172FB2954: Finished taking a snapshot at:(t:2, i:13) file:/workdir/hadoop-ozone/integration-test/target/test-dir/MiniOzoneClusterImpl-c8bd075b-66f7-4733-90c4-2d26ad6b76fb/datanode-8/data/ratis/2ea0ff70-9fd8-43a6-89e1-f5d172fb2954/sm/snapshot.2_13 time:3
2019-09-10 22:56:25,355 [9a51610a-f282-4242-84b0-9cad669d08b8@group-F5D172FB2954-StateMachineUpdater] INFO  impl.StateMachineUpdater (StateMachineUpdater.java:takeSnapshot(258)) - 9a51610a-f282-4242-84b0-9cad669d08b8@group-F5D172FB2954-StateMachineUpdater: Took a snapshot at index 13
2019-09-10 22:56:25,355 [9a51610a-f282-4242-84b0-9cad669d08b8@group-F5D172FB2954-StateMachineUpdater] INFO  impl.StateMachineUpdater (StateMachineUpdater.java:lambda$new$0(83)) - 9a51610a-f282-4242-84b0-9cad669d08b8@group-F5D172FB2954-StateMachineUpdater: snapshotIndex: updateIncreasingly 13 -> 13
2019-09-10 22:56:25,356 [main] INFO  impl.RaftServerImpl (ServerState.java:close(385)) - 9a51610a-f282-4242-84b0-9cad669d08b8@group-F5D172FB2954: closes. applyIndex: 16
2019-09-10 22:56:25,359 [9a51610a-f282-4242-84b0-9cad669d08b8@group-F5D172FB2954-SegmentedRaftLogWorker] ERROR ratis.XceiverServerRatis (XceiverServerRatis.java:triggerPipelineClose(568)) - pipeline Action CLOSE  on pipeline PipelineID=2ea0ff70-9fd8-43a6-89e1-f5d172fb2954.Reason : WriteLog:17: (t:2, i:17), STATEMACHINELOGENTRY, client-43EE1EA533E7, cid=57-writeStateMachineData interrupted.
2019-09-10 22:56:25,362 [main] INFO  segmented.SegmentedRaftLogWorker (SegmentedRaftLogWorker.java:close(228)) - 9a51610a-f282-4242-84b0-9cad669d08b8@group-F5D172FB2954-SegmentedRaftLogWorker close()
2019-09-10 22:56:25,371 [main] INFO  impl.RaftServerImpl (RaftServerImpl.java:lambda$shutdown$3(251)) - 9a51610a-f282-4242-84b0-9cad669d08b8@group-2FD4F47AACDB: shutdown
2019-09-10 22:56:25,371 [main] INFO  util.JmxRegister (JmxRegister.java:unregister(73)) - Successfully un-registered JMX Bean with object name Ratis:service=RaftServer,group=group-2FD4F47AACDB,id=9a51610a-f282-4242-84b0-9cad669d08b8
2019-09-10 22:56:25,372 [main] INFO  impl.RoleInfo (RoleInfo.java:shutdownLeaderState(104)) - 9a51610a-f282-4242-84b0-9cad669d08b8: shutdown LeaderState
2019-09-10 22:56:25,372 [main] INFO  impl.PendingRequests (PendingRequests.java:sendNotLeaderResponses(202)) - 9a51610a-f282-4242-84b0-9cad669d08b8-PendingRequests: sendNotLeaderResponses
2019-09-10 22:56:25,373 [main] INFO  impl.StateMachineUpdater (StateMachineUpdater.java:stopAndJoin(125)) - 9a51610a-f282-4242-84b0-9cad669d08b8@group-2FD4F47AACDB-StateMachineUpdater: set stopIndex = 0
2019-09-10 22:56:25,373 [main] INFO  impl.RaftServerImpl (ServerState.java:close(385)) - 9a51610a-f282-4242-84b0-9cad669d08b8@group-2FD4F47AACDB: closes. applyIndex: 0
2019-09-10 22:56:25,374 [9a51610a-f282-4242-84b0-9cad669d08b8@group-2FD4F47AACDB-SegmentedRaftLogWorker] INFO  segmented.SegmentedRaftLogWorker (SegmentedRaftLogWorker.java:run(313)) - 9a51610a-f282-4242-84b0-9cad669d08b8@group-2FD4F47AACDB-SegmentedRaftLogWorker was interrupted, exiting. There are 0 tasks remaining in the queue.
2019-09-10 22:56:25,374 [main] INFO  segmented.SegmentedRaftLogWorker (SegmentedRaftLogWorker.java:close(228)) - 9a51610a-f282-4242-84b0-9cad669d08b8@group-2FD4F47AACDB-SegmentedRaftLogWorker close()
2019-09-10 22:56:25,377 [main] INFO  server.GrpcService (GrpcService.java:closeImpl(164)) - 9a51610a-f282-4242-84b0-9cad669d08b8: shutdown server with port 46514 now
2019-09-10 22:56:25,377 [ForkJoinPool.commonPool-worker-0] INFO  ozoneimpl.OzoneContainer (OzoneContainer.java:stop(231)) - Attempting to stop container services.
2019-09-10 22:56:25,378 [ForkJoinPool.commonPool-worker-0] INFO  impl.RaftServerProxy (RaftServerProxy.java:lambda$close$4(314)) - c564eaa4-7051-4a7d-897f-7be2f6aee35d: close
2019-09-10 22:56:25,378 [ForkJoinPool.commonPool-worker-0] INFO  impl.RaftServerImpl (RaftServerImpl.java:lambda$shutdown$3(251)) - c564eaa4-7051-4a7d-897f-7be2f6aee35d@group-05F713A51810: shutdown
2019-09-10 22:56:25,378 [ForkJoinPool.commonPool-worker-0] INFO  util.JmxRegister (JmxRegister.java:unregister(73)) - Successfully un-registered JMX Bean with object name Ratis:service=RaftServer,group=group-05F713A51810,id=c564eaa4-7051-4a7d-897f-7be2f6aee35d
2019-09-10 22:56:25,379 [grpc-default-executor-1] WARN  server.GrpcServerProtocolService (LogUtils.java:warn(134)) - 9a51610a-f282-4242-84b0-9cad669d08b8: installSnapshot onError, lastRequest: 2f676a21-e66b-4fec-aeac-0283d98823a1->9a51610a-f282-4242-84b0-9cad669d08b8#173-t2, previous=(t:2, i:20), leaderCommit=16, initializing? false, entries: <empty>: org.apache.ratis.thirdparty.io.grpc.StatusRuntimeException: CANCELLED: cancelled before receiving half close
2019-09-10 22:56:25,379 [main] INFO  server.GrpcService (GrpcService.java:closeImpl(172)) - 9a51610a-f282-4242-84b0-9cad669d08b8: shutdown server with port 46514 successfully
2019-09-10 22:56:25,379 [ForkJoinPool.commonPool-worker-0] INFO  impl.RoleInfo (RoleInfo.java:shutdownFollowerState(121)) - c564eaa4-7051-4a7d-897f-7be2f6aee35d: shutdown FollowerState
2019-09-10 22:56:25,382 [java.util.concurrent.ThreadPoolExecutor$Worker@683f9c8a[State = -1, empty queue]] WARN  server.GrpcLogAppender (GrpcLogAppender.java:timeoutAppendRequest(200)) - 2f676a21-e66b-4fec-aeac-0283d98823a1@group-F5D172FB2954->9a51610a-f282-4242-84b0-9cad669d08b8-GrpcLogAppender: appendEntries Timeout, request=2f676a21-e66b-4fec-aeac-0283d98823a1->9a51610a-f282-4242-84b0-9cad669d08b8#168-t2, previous=(t:2, i:20), leaderCommit=16, initializing? false, entries: <empty>
2019-09-10 22:56:25,383 [Thread-410] INFO  impl.FollowerState (FollowerState.java:run(115)) - c564eaa4-7051-4a7d-897f-7be2f6aee35d: FollowerState was interrupted: java.lang.InterruptedException: sleep interrupted
2019-09-10 22:56:25,383 [ForkJoinPool.commonPool-worker-0] INFO  impl.StateMachineUpdater (StateMachineUpdater.java:stopAndJoin(125)) - c564eaa4-7051-4a7d-897f-7be2f6aee35d@group-05F713A51810-StateMachineUpdater: set stopIndex = 16
2019-09-10 22:56:25,383 [grpc-default-executor-3] WARN  server.GrpcLogAppender (LogUtils.java:warn(134)) - 2f676a21-e66b-4fec-aeac-0283d98823a1@group-F5D172FB2954->9a51610a-f282-4242-84b0-9cad669d08b8-AppendLogResponseHandler: Failed appendEntries: org.apache.ratis.thirdparty.io.grpc.StatusRuntimeException: CANCELLED: HTTP/2 error code: CANCEL
Received Rst Stream
2019-09-10 22:56:25,383 [c564eaa4-7051-4a7d-897f-7be2f6aee35d@group-05F713A51810-StateMachineUpdater] INFO  ratis.ContainerStateMachine (ContainerStateMachine.java:takeSnapshot(289)) - group-05F713A51810: Taking a snapshot at:(t:3, i:13) file /workdir/hadoop-ozone/integration-test/target/test-dir/MiniOzoneClusterImpl-c8bd075b-66f7-4733-90c4-2d26ad6b76fb/datanode-0/data/ratis/8e72557a-6eb0-4d45-a7c1-05f713a51810/sm/snapshot.3_13
2019-09-10 22:56:25,388 [grpc-default-executor-3] INFO  impl.FollowerInfo (FollowerInfo.java:lambda$new$0(51)) - 2f676a21-e66b-4fec-aeac-0283d98823a1@group-F5D172FB2954->9a51610a-f282-4242-84b0-9cad669d08b8: nextIndex: updateUnconditionally 21 -> 17
2019-09-10 22:56:25,391 [refreshUsed-/workdir/hadoop-ozone/integration-test/target/test-dir/MiniOzoneClusterImpl-c8bd075b-66f7-4733-90c4-2d26ad6b76fb/datanode-8/data/containers] WARN  fs.CachingGetSpaceUsed (CachingGetSpaceUsed.java:run(183)) - Thread Interrupted waiting to refresh disk information: sleep interrupted
2019-09-10 22:56:25,394 [grpc-default-executor-2] WARN  server.GrpcLogAppender (LogUtils.java:warn(134)) - 2f676a21-e66b-4fec-aeac-0283d98823a1@group-F5D172FB2954->9a51610a-f282-4242-84b0-9cad669d08b8-AppendLogResponseHandler: Failed appendEntries: org.apache.ratis.thirdparty.io.grpc.StatusRuntimeException: UNAVAILABLE: io exception
2019-09-10 22:56:25,395 [grpc-default-executor-2] INFO  impl.FollowerInfo (FollowerInfo.java:lambda$new$0(51)) - 2f676a21-e66b-4fec-aeac-0283d98823a1@group-F5D172FB2954->9a51610a-f282-4242-84b0-9cad669d08b8: nextIndex: updateUnconditionally 17 -> 16
2019-09-10 22:56:25,400 [c564eaa4-7051-4a7d-897f-7be2f6aee35d@group-05F713A51810-StateMachineUpdater] INFO  ratis.ContainerStateMachine (ContainerStateMachine.java:takeSnapshot(300)) - group-05F713A51810: Finished taking a snapshot at:(t:3, i:13) file:/workdir/hadoop-ozone/integration-test/target/test-dir/MiniOzoneClusterImpl-c8bd075b-66f7-4733-90c4-2d26ad6b76fb/datanode-0/data/ratis/8e72557a-6eb0-4d45-a7c1-05f713a51810/sm/snapshot.3_13 time:17
2019-09-10 22:56:25,400 [c564eaa4-7051-4a7d-897f-7be2f6aee35d@group-05F713A51810-StateMachineUpdater] INFO  impl.StateMachineUpdater (StateMachineUpdater.java:takeSnapshot(258)) - c564eaa4-7051-4a7d-897f-7be2f6aee35d@group-05F713A51810-StateMachineUpdater: Took a snapshot at index 13
2019-09-10 22:56:25,400 [c564eaa4-7051-4a7d-897f-7be2f6aee35d@group-05F713A51810-StateMachineUpdater] INFO  impl.StateMachineUpdater (StateMachineUpdater.java:lambda$new$0(83)) - c564eaa4-7051-4a7d-897f-7be2f6aee35d@group-05F713A51810-StateMachineUpdater: snapshotIndex: updateIncreasingly -1 -> 13
2019-09-10 22:56:25,401 [c564eaa4-7051-4a7d-897f-7be2f6aee35d@group-05F713A51810-StateMachineUpdater] INFO  ratis.ContainerStateMachine (ContainerStateMachine.java:takeSnapshot(289)) - group-05F713A51810: Taking a snapshot at:(t:3, i:13) file /workdir/hadoop-ozone/integration-test/target/test-dir/MiniOzoneClusterImpl-c8bd075b-66f7-4733-90c4-2d26ad6b76fb/datanode-0/data/ratis/8e72557a-6eb0-4d45-a7c1-05f713a51810/sm/snapshot.3_13
2019-09-10 22:56:25,404 [c564eaa4-7051-4a7d-897f-7be2f6aee35d@group-05F713A51810-StateMachineUpdater] INFO  ratis.ContainerStateMachine (ContainerStateMachine.java:takeSnapshot(300)) - group-05F713A51810: Finished taking a snapshot at:(t:3, i:13) file:/workdir/hadoop-ozone/integration-test/target/test-dir/MiniOzoneClusterImpl-c8bd075b-66f7-4733-90c4-2d26ad6b76fb/datanode-0/data/ratis/8e72557a-6eb0-4d45-a7c1-05f713a51810/sm/snapshot.3_13 time:3
2019-09-10 22:56:25,404 [c564eaa4-7051-4a7d-897f-7be2f6aee35d@group-05F713A51810-StateMachineUpdater] INFO  impl.StateMachineUpdater (StateMachineUpdater.java:takeSnapshot(258)) - c564eaa4-7051-4a7d-897f-7be2f6aee35d@group-05F713A51810-StateMachineUpdater: Took a snapshot at index 13
2019-09-10 22:56:25,404 [c564eaa4-7051-4a7d-897f-7be2f6aee35d@group-05F713A51810-StateMachineUpdater] INFO  impl.StateMachineUpdater (StateMachineUpdater.java:lambda$new$0(83)) - c564eaa4-7051-4a7d-897f-7be2f6aee35d@group-05F713A51810-StateMachineUpdater: snapshotIndex: updateIncreasingly 13 -> 13
2019-09-10 22:56:25,405 [ForkJoinPool.commonPool-worker-0] INFO  impl.RaftServerImpl (ServerState.java:close(385)) - c564eaa4-7051-4a7d-897f-7be2f6aee35d@group-05F713A51810: closes. applyIndex: 16
2019-09-10 22:56:25,405 [grpc-default-executor-1] WARN  server.GrpcLogAppender (LogUtils.java:warn(134)) - 2f676a21-e66b-4fec-aeac-0283d98823a1@group-F5D172FB2954->72e5a279-ca12-4c9e-91de-7e916f85cc8c-AppendLogResponseHandler: Failed appendEntries: org.apache.ratis.thirdparty.io.grpc.StatusRuntimeException: UNAVAILABLE: io exception
2019-09-10 22:56:25,407 [grpc-default-executor-1] INFO  impl.FollowerInfo (FollowerInfo.java:lambda$new$0(51)) - 2f676a21-e66b-4fec-aeac-0283d98823a1@group-F5D172FB2954->72e5a279-ca12-4c9e-91de-7e916f85cc8c: nextIndex: updateUnconditionally 0 -> 0
2019-09-10 22:56:25,408 [c564eaa4-7051-4a7d-897f-7be2f6aee35d@group-05F713A51810-SegmentedRaftLogWorker] ERROR ratis.XceiverServerRatis (XceiverServerRatis.java:triggerPipelineClose(568)) - pipeline Action CLOSE  on pipeline PipelineID=8e72557a-6eb0-4d45-a7c1-05f713a51810.Reason : WriteLog:19: (t:3, i:19), STATEMACHINELOGENTRY, client-559D44C1B0F8, cid=31-writeStateMachineData interrupted.
2019-09-10 22:56:25,411 [ForkJoinPool.commonPool-worker-0] INFO  segmented.SegmentedRaftLogWorker (SegmentedRaftLogWorker.java:close(228)) - c564eaa4-7051-4a7d-897f-7be2f6aee35d@group-05F713A51810-SegmentedRaftLogWorker close()
2019-09-10 22:56:25,412 [ForkJoinPool.commonPool-worker-0] INFO  impl.RaftServerImpl (RaftServerImpl.java:lambda$shutdown$3(251)) - c564eaa4-7051-4a7d-897f-7be2f6aee35d@group-63EAE44B2098: shutdown
2019-09-10 22:56:25,413 [ForkJoinPool.commonPool-worker-0] INFO  util.JmxRegister (JmxRegister.java:unregister(73)) - Successfully un-registered JMX Bean with object name Ratis:service=RaftServer,group=group-63EAE44B2098,id=c564eaa4-7051-4a7d-897f-7be2f6aee35d
2019-09-10 22:56:25,413 [ForkJoinPool.commonPool-worker-0] INFO  impl.RoleInfo (RoleInfo.java:shutdownLeaderState(104)) - c564eaa4-7051-4a7d-897f-7be2f6aee35d: shutdown LeaderState
2019-09-10 22:56:25,414 [ForkJoinPool.commonPool-worker-0] INFO  impl.PendingRequests (PendingRequests.java:sendNotLeaderResponses(202)) - c564eaa4-7051-4a7d-897f-7be2f6aee35d-PendingRequests: sendNotLeaderResponses
2019-09-10 22:56:25,414 [ForkJoinPool.commonPool-worker-0] INFO  impl.StateMachineUpdater (StateMachineUpdater.java:stopAndJoin(125)) - c564eaa4-7051-4a7d-897f-7be2f6aee35d@group-63EAE44B2098-StateMachineUpdater: set stopIndex = 0
2019-09-10 22:56:25,415 [ForkJoinPool.commonPool-worker-0] INFO  impl.RaftServerImpl (ServerState.java:close(385)) - c564eaa4-7051-4a7d-897f-7be2f6aee35d@group-63EAE44B2098: closes. applyIndex: 0
2019-09-10 22:56:25,415 [c564eaa4-7051-4a7d-897f-7be2f6aee35d@group-63EAE44B2098-SegmentedRaftLogWorker] INFO  segmented.SegmentedRaftLogWorker (SegmentedRaftLogWorker.java:run(313)) - c564eaa4-7051-4a7d-897f-7be2f6aee35d@group-63EAE44B2098-SegmentedRaftLogWorker was interrupted, exiting. There are 0 tasks remaining in the queue.
2019-09-10 22:56:25,416 [ForkJoinPool.commonPool-worker-0] INFO  segmented.SegmentedRaftLogWorker (SegmentedRaftLogWorker.java:close(228)) - c564eaa4-7051-4a7d-897f-7be2f6aee35d@group-63EAE44B2098-SegmentedRaftLogWorker close()
2019-09-10 22:56:25,417 [ForkJoinPool.commonPool-worker-0] INFO  server.GrpcService (GrpcService.java:closeImpl(164)) - c564eaa4-7051-4a7d-897f-7be2f6aee35d: shutdown server with port 35085 now
2019-09-10 22:56:25,418 [ForkJoinPool.commonPool-worker-0] INFO  server.GrpcService (GrpcService.java:closeImpl(172)) - c564eaa4-7051-4a7d-897f-7be2f6aee35d: shutdown server with port 35085 successfully
2019-09-10 22:56:25,421 [main] INFO  utils.BackgroundService (BackgroundService.java:shutdown(148)) - Shutting down service BlockDeletingService
2019-09-10 22:56:25,425 [main] INFO  statemachine.DatanodeStateMachine (DatanodeStateMachine.java:stopDaemon(395)) - Ozone container server stopped.
2019-09-10 22:56:25,430 [main] INFO  handler.ContextHandler (ContextHandler.java:doStop(910)) - Stopped o.e.j.w.WebAppContext@33063f5b{/,null,UNAVAILABLE}{/hddsDatanode}
2019-09-10 22:56:25,430 [refreshUsed-/workdir/hadoop-ozone/integration-test/target/test-dir/MiniOzoneClusterImpl-c8bd075b-66f7-4733-90c4-2d26ad6b76fb/datanode-0/data/containers] WARN  fs.CachingGetSpaceUsed (CachingGetSpaceUsed.java:run(183)) - Thread Interrupted waiting to refresh disk information: sleep interrupted
2019-09-10 22:56:25,432 [main] INFO  server.AbstractConnector (AbstractConnector.java:doStop(318)) - Stopped ServerConnector@15405bd6{HTTP/1.1,[http/1.1]}{0.0.0.0:0}
2019-09-10 22:56:25,432 [main] INFO  handler.ContextHandler (ContextHandler.java:doStop(910)) - Stopped o.e.j.s.ServletContextHandler@47be0f9b{/static,jar:file:/home/user/.m2/repository/org/apache/hadoop/hadoop-hdds-container-service/0.5.0-SNAPSHOT/hadoop-hdds-container-service-0.5.0-SNAPSHOT.jar!/webapps/static,UNAVAILABLE}
2019-09-10 22:56:25,433 [main] INFO  handler.ContextHandler (ContextHandler.java:doStop(910)) - Stopped o.e.j.s.ServletContextHandler@30ca0779{/logs,file:///workdir/hadoop-ozone/integration-test/target/log,UNAVAILABLE}
2019-09-10 22:56:25,449 [ForkJoinPool.commonPool-worker-0] INFO  utils.BackgroundService (BackgroundService.java:shutdown(148)) - Shutting down service BlockDeletingService
2019-09-10 22:56:25,452 [ForkJoinPool.commonPool-worker-0] INFO  statemachine.DatanodeStateMachine (DatanodeStateMachine.java:stopDaemon(395)) - Ozone container server stopped.
2019-09-10 22:56:25,455 [ForkJoinPool.commonPool-worker-0] INFO  handler.ContextHandler (ContextHandler.java:doStop(910)) - Stopped o.e.j.w.WebAppContext@476fe690{/,null,UNAVAILABLE}{/hddsDatanode}
2019-09-10 22:56:25,456 [ForkJoinPool.commonPool-worker-0] INFO  server.AbstractConnector (AbstractConnector.java:doStop(318)) - Stopped ServerConnector@7a0e7ecd{HTTP/1.1,[http/1.1]}{0.0.0.0:0}
2019-09-10 22:56:25,457 [ForkJoinPool.commonPool-worker-0] INFO  handler.ContextHandler (ContextHandler.java:doStop(910)) - Stopped o.e.j.s.ServletContextHandler@6920614{/static,jar:file:/home/user/.m2/repository/org/apache/hadoop/hadoop-hdds-container-service/0.5.0-SNAPSHOT/hadoop-hdds-container-service-0.5.0-SNAPSHOT.jar!/webapps/static,UNAVAILABLE}
2019-09-10 22:56:25,458 [ForkJoinPool.commonPool-worker-0] INFO  handler.ContextHandler (ContextHandler.java:doStop(910)) - Stopped o.e.j.s.ServletContextHandler@1effd53c{/logs,file:///workdir/hadoop-ozone/integration-test/target/log,UNAVAILABLE}
2019-09-10 22:56:25,892 [grpc-default-executor-2] WARN  server.GrpcLogAppender (LogUtils.java:warn(134)) - 2f676a21-e66b-4fec-aeac-0283d98823a1@group-F5D172FB2954->9a51610a-f282-4242-84b0-9cad669d08b8-AppendLogResponseHandler: Failed appendEntries: org.apache.ratis.thirdparty.io.grpc.StatusRuntimeException: UNAVAILABLE: io exception
2019-09-10 22:56:25,901 [grpc-default-executor-2] INFO  impl.FollowerInfo (FollowerInfo.java:lambda$new$0(51)) - 2f676a21-e66b-4fec-aeac-0283d98823a1@group-F5D172FB2954->9a51610a-f282-4242-84b0-9cad669d08b8: nextIndex: updateUnconditionally 16 -> 15
2019-09-10 22:56:25,906 [grpc-default-executor-3] WARN  server.GrpcLogAppender (LogUtils.java:warn(134)) - 2f676a21-e66b-4fec-aeac-0283d98823a1@group-F5D172FB2954->72e5a279-ca12-4c9e-91de-7e916f85cc8c-AppendLogResponseHandler: Failed appendEntries: org.apache.ratis.thirdparty.io.grpc.StatusRuntimeException: UNAVAILABLE: io exception
2019-09-10 22:56:25,908 [grpc-default-executor-3] INFO  impl.FollowerInfo (FollowerInfo.java:lambda$new$0(51)) - 2f676a21-e66b-4fec-aeac-0283d98823a1@group-F5D172FB2954->72e5a279-ca12-4c9e-91de-7e916f85cc8c: nextIndex: updateUnconditionally 0 -> 0
2019-09-10 22:56:26,069 [Datanode State Machine Thread - 0] INFO  statemachine.DatanodeStateMachine (DatanodeStateMachine.java:lambda$startDaemon$0(350)) - Ozone container server started.
2019-09-10 22:56:26,069 [Datanode State Machine Thread - 0] INFO  statemachine.DatanodeStateMachine (DatanodeStateMachine.java:lambda$startDaemon$0(350)) - Ozone container server started.
2019-09-10 22:56:26,394 [grpc-default-executor-1] WARN  server.GrpcLogAppender (LogUtils.java:warn(134)) - 2f676a21-e66b-4fec-aeac-0283d98823a1@group-F5D172FB2954->9a51610a-f282-4242-84b0-9cad669d08b8-AppendLogResponseHandler: Failed appendEntries: org.apache.ratis.thirdparty.io.grpc.StatusRuntimeException: UNAVAILABLE: io exception
2019-09-10 22:56:26,396 [grpc-default-executor-1] INFO  impl.FollowerInfo (FollowerInfo.java:lambda$new$0(51)) - 2f676a21-e66b-4fec-aeac-0283d98823a1@group-F5D172FB2954->9a51610a-f282-4242-84b0-9cad669d08b8: nextIndex: updateUnconditionally 15 -> 14
2019-09-10 22:56:26,407 [grpc-default-executor-2] WARN  server.GrpcLogAppender (LogUtils.java:warn(134)) - 2f676a21-e66b-4fec-aeac-0283d98823a1@group-F5D172FB2954->72e5a279-ca12-4c9e-91de-7e916f85cc8c-AppendLogResponseHandler: Failed appendEntries: org.apache.ratis.thirdparty.io.grpc.StatusRuntimeException: UNAVAILABLE: io exception
2019-09-10 22:56:26,408 [grpc-default-executor-2] INFO  impl.FollowerInfo (FollowerInfo.java:lambda$new$0(51)) - 2f676a21-e66b-4fec-aeac-0283d98823a1@group-F5D172FB2954->72e5a279-ca12-4c9e-91de-7e916f85cc8c: nextIndex: updateUnconditionally 0 -> 0
2019-09-10 22:56:26,895 [grpc-default-executor-3] WARN  server.GrpcLogAppender (LogUtils.java:warn(134)) - 2f676a21-e66b-4fec-aeac-0283d98823a1@group-F5D172FB2954->9a51610a-f282-4242-84b0-9cad669d08b8-AppendLogResponseHandler: Failed appendEntries: org.apache.ratis.thirdparty.io.grpc.StatusRuntimeException: UNAVAILABLE: io exception
2019-09-10 22:56:26,897 [grpc-default-executor-3] INFO  impl.FollowerInfo (FollowerInfo.java:lambda$new$0(51)) - 2f676a21-e66b-4fec-aeac-0283d98823a1@group-F5D172FB2954->9a51610a-f282-4242-84b0-9cad669d08b8: nextIndex: updateUnconditionally 14 -> 13
2019-09-10 22:56:26,907 [grpc-default-executor-1] WARN  server.GrpcLogAppender (LogUtils.java:warn(134)) - 2f676a21-e66b-4fec-aeac-0283d98823a1@group-F5D172FB2954->72e5a279-ca12-4c9e-91de-7e916f85cc8c-AppendLogResponseHandler: Failed appendEntries: org.apache.ratis.thirdparty.io.grpc.StatusRuntimeException: UNAVAILABLE: io exception
2019-09-10 22:56:26,909 [grpc-default-executor-1] INFO  impl.FollowerInfo (FollowerInfo.java:lambda$new$0(51)) - 2f676a21-e66b-4fec-aeac-0283d98823a1@group-F5D172FB2954->72e5a279-ca12-4c9e-91de-7e916f85cc8c: nextIndex: updateUnconditionally 0 -> 0
2019-09-10 22:56:27,396 [grpc-default-executor-2] WARN  server.GrpcLogAppender (LogUtils.java:warn(134)) - 2f676a21-e66b-4fec-aeac-0283d98823a1@group-F5D172FB2954->9a51610a-f282-4242-84b0-9cad669d08b8-AppendLogResponseHandler: Failed appendEntries: org.apache.ratis.thirdparty.io.grpc.StatusRuntimeException: UNAVAILABLE: io exception
2019-09-10 22:56:27,398 [grpc-default-executor-2] INFO  impl.FollowerInfo (FollowerInfo.java:lambda$new$0(51)) - 2f676a21-e66b-4fec-aeac-0283d98823a1@group-F5D172FB2954->9a51610a-f282-4242-84b0-9cad669d08b8: nextIndex: updateUnconditionally 13 -> 12
2019-09-10 22:56:27,407 [grpc-default-executor-3] WARN  server.GrpcLogAppender (LogUtils.java:warn(134)) - 2f676a21-e66b-4fec-aeac-0283d98823a1@group-F5D172FB2954->72e5a279-ca12-4c9e-91de-7e916f85cc8c-AppendLogResponseHandler: Failed appendEntries: org.apache.ratis.thirdparty.io.grpc.StatusRuntimeException: UNAVAILABLE: io exception
2019-09-10 22:56:27,409 [grpc-default-executor-3] INFO  impl.FollowerInfo (FollowerInfo.java:lambda$new$0(51)) - 2f676a21-e66b-4fec-aeac-0283d98823a1@group-F5D172FB2954->72e5a279-ca12-4c9e-91de-7e916f85cc8c: nextIndex: updateUnconditionally 0 -> 0
2019-09-10 22:56:27,844 [85b41e89-4cf3-40c5-bca2-fe675a128b85@group-4AD3EF8E1477-SegmentedRaftLogWorker] WARN  segmented.SegmentedRaftLogWorker (SegmentedRaftLogWorker.java:getFromFuture(90)) - Timeout 5/~
org.apache.ratis.protocol.TimeoutIOException: Timeout 10s: WriteLog:15: (t:2, i:15), STATEMACHINELOGENTRY, client-952E3BCC9DDC, cid=43-writeStateMachineData
	at org.apache.ratis.util.IOUtils.getFromFuture(IOUtils.java:87)
	at org.apache.ratis.server.raftlog.segmented.SegmentedRaftLogWorker$StateMachineDataPolicy.getFromFuture(SegmentedRaftLogWorker.java:87)
	at org.apache.ratis.server.raftlog.segmented.SegmentedRaftLogWorker$WriteLog.execute(SegmentedRaftLogWorker.java:477)
	at org.apache.ratis.server.raftlog.segmented.SegmentedRaftLogWorker.run(SegmentedRaftLogWorker.java:289)
	at java.lang.Thread.run(Thread.java:748)
Caused by: java.util.concurrent.TimeoutException
	at java.util.concurrent.CompletableFuture.timedGet(CompletableFuture.java:1771)
	at java.util.concurrent.CompletableFuture.get(CompletableFuture.java:1915)
	at org.apache.ratis.util.IOUtils.getFromFuture(IOUtils.java:79)
	... 4 more
2019-09-10 22:56:27,897 [grpc-default-executor-1] WARN  server.GrpcLogAppender (LogUtils.java:warn(134)) - 2f676a21-e66b-4fec-aeac-0283d98823a1@group-F5D172FB2954->9a51610a-f282-4242-84b0-9cad669d08b8-AppendLogResponseHandler: Failed appendEntries: org.apache.ratis.thirdparty.io.grpc.StatusRuntimeException: UNAVAILABLE: io exception
2019-09-10 22:56:27,899 [grpc-default-executor-1] INFO  impl.FollowerInfo (FollowerInfo.java:lambda$new$0(51)) - 2f676a21-e66b-4fec-aeac-0283d98823a1@group-F5D172FB2954->9a51610a-f282-4242-84b0-9cad669d08b8: nextIndex: updateUnconditionally 12 -> 11
2019-09-10 22:56:27,908 [grpc-default-executor-2] WARN  server.GrpcLogAppender (LogUtils.java:warn(134)) - 2f676a21-e66b-4fec-aeac-0283d98823a1@group-F5D172FB2954->72e5a279-ca12-4c9e-91de-7e916f85cc8c-AppendLogResponseHandler: Failed appendEntries: org.apache.ratis.thirdparty.io.grpc.StatusRuntimeException: UNAVAILABLE: io exception
2019-09-10 22:56:27,910 [grpc-default-executor-2] INFO  impl.FollowerInfo (FollowerInfo.java:lambda$new$0(51)) - 2f676a21-e66b-4fec-aeac-0283d98823a1@group-F5D172FB2954->72e5a279-ca12-4c9e-91de-7e916f85cc8c: nextIndex: updateUnconditionally 0 -> 0
2019-09-10 22:56:27,911 [aaf3f7d3-af27-4405-89a7-731c9150da26@group-4AD3EF8E1477-SegmentedRaftLogWorker] WARN  segmented.SegmentedRaftLogWorker (SegmentedRaftLogWorker.java:getFromFuture(90)) - Timeout 5/~
org.apache.ratis.protocol.TimeoutIOException: Timeout 10s: WriteLog:17: (t:2, i:17), STATEMACHINELOGENTRY, client-952E3BCC9DDC, cid=45-writeStateMachineData
	at org.apache.ratis.util.IOUtils.getFromFuture(IOUtils.java:87)
	at org.apache.ratis.server.raftlog.segmented.SegmentedRaftLogWorker$StateMachineDataPolicy.getFromFuture(SegmentedRaftLogWorker.java:87)
	at org.apache.ratis.server.raftlog.segmented.SegmentedRaftLogWorker$WriteLog.execute(SegmentedRaftLogWorker.java:477)
	at org.apache.ratis.server.raftlog.segmented.SegmentedRaftLogWorker.run(SegmentedRaftLogWorker.java:289)
	at java.lang.Thread.run(Thread.java:748)
Caused by: java.util.concurrent.TimeoutException
	at java.util.concurrent.CompletableFuture.timedGet(CompletableFuture.java:1771)
	at java.util.concurrent.CompletableFuture.get(CompletableFuture.java:1915)
	at org.apache.ratis.util.IOUtils.getFromFuture(IOUtils.java:79)
	... 4 more
2019-09-10 22:56:28,400 [grpc-default-executor-3] WARN  server.GrpcLogAppender (LogUtils.java:warn(134)) - 2f676a21-e66b-4fec-aeac-0283d98823a1@group-F5D172FB2954->9a51610a-f282-4242-84b0-9cad669d08b8-AppendLogResponseHandler: Failed appendEntries: org.apache.ratis.thirdparty.io.grpc.StatusRuntimeException: UNAVAILABLE: io exception
2019-09-10 22:56:28,405 [grpc-default-executor-3] INFO  impl.FollowerInfo (FollowerInfo.java:lambda$new$0(51)) - 2f676a21-e66b-4fec-aeac-0283d98823a1@group-F5D172FB2954->9a51610a-f282-4242-84b0-9cad669d08b8: nextIndex: updateUnconditionally 11 -> 10
2019-09-10 22:56:28,409 [grpc-default-executor-2] WARN  server.GrpcLogAppender (LogUtils.java:warn(134)) - 2f676a21-e66b-4fec-aeac-0283d98823a1@group-F5D172FB2954->72e5a279-ca12-4c9e-91de-7e916f85cc8c-AppendLogResponseHandler: Failed appendEntries: org.apache.ratis.thirdparty.io.grpc.StatusRuntimeException: UNAVAILABLE: io exception
2019-09-10 22:56:28,411 [grpc-default-executor-2] INFO  impl.FollowerInfo (FollowerInfo.java:lambda$new$0(51)) - 2f676a21-e66b-4fec-aeac-0283d98823a1@group-F5D172FB2954->72e5a279-ca12-4c9e-91de-7e916f85cc8c: nextIndex: updateUnconditionally 0 -> 0
2019-09-10 22:56:28,903 [grpc-default-executor-1] WARN  server.GrpcLogAppender (LogUtils.java:warn(134)) - 2f676a21-e66b-4fec-aeac-0283d98823a1@group-F5D172FB2954->9a51610a-f282-4242-84b0-9cad669d08b8-AppendLogResponseHandler: Failed appendEntries: org.apache.ratis.thirdparty.io.grpc.StatusRuntimeException: UNAVAILABLE: io exception
2019-09-10 22:56:28,907 [grpc-default-executor-1] INFO  impl.FollowerInfo (FollowerInfo.java:lambda$new$0(51)) - 2f676a21-e66b-4fec-aeac-0283d98823a1@group-F5D172FB2954->9a51610a-f282-4242-84b0-9cad669d08b8: nextIndex: updateUnconditionally 10 -> 9
2019-09-10 22:56:28,909 [grpc-default-executor-3] WARN  server.GrpcLogAppender (LogUtils.java:warn(134)) - 2f676a21-e66b-4fec-aeac-0283d98823a1@group-F5D172FB2954->72e5a279-ca12-4c9e-91de-7e916f85cc8c-AppendLogResponseHandler: Failed appendEntries: org.apache.ratis.thirdparty.io.grpc.StatusRuntimeException: UNAVAILABLE: io exception
2019-09-10 22:56:28,911 [grpc-default-executor-3] INFO  impl.FollowerInfo (FollowerInfo.java:lambda$new$0(51)) - 2f676a21-e66b-4fec-aeac-0283d98823a1@group-F5D172FB2954->72e5a279-ca12-4c9e-91de-7e916f85cc8c: nextIndex: updateUnconditionally 0 -> 0
2019-09-10 22:56:29,407 [grpc-default-executor-2] WARN  server.GrpcLogAppender (LogUtils.java:warn(134)) - 2f676a21-e66b-4fec-aeac-0283d98823a1@group-F5D172FB2954->9a51610a-f282-4242-84b0-9cad669d08b8-AppendLogResponseHandler: Failed appendEntries: org.apache.ratis.thirdparty.io.grpc.StatusRuntimeException: UNAVAILABLE: io exception
2019-09-10 22:56:29,411 [grpc-default-executor-2] INFO  impl.FollowerInfo (FollowerInfo.java:lambda$new$0(51)) - 2f676a21-e66b-4fec-aeac-0283d98823a1@group-F5D172FB2954->9a51610a-f282-4242-84b0-9cad669d08b8: nextIndex: updateUnconditionally 9 -> 8
2019-09-10 22:56:29,412 [grpc-default-executor-1] WARN  server.GrpcLogAppender (LogUtils.java:warn(134)) - 2f676a21-e66b-4fec-aeac-0283d98823a1@group-F5D172FB2954->72e5a279-ca12-4c9e-91de-7e916f85cc8c-AppendLogResponseHandler: Failed appendEntries: org.apache.ratis.thirdparty.io.grpc.StatusRuntimeException: UNAVAILABLE: io exception
2019-09-10 22:56:29,414 [grpc-default-executor-1] INFO  impl.FollowerInfo (FollowerInfo.java:lambda$new$0(51)) - 2f676a21-e66b-4fec-aeac-0283d98823a1@group-F5D172FB2954->72e5a279-ca12-4c9e-91de-7e916f85cc8c: nextIndex: updateUnconditionally 0 -> 0
2019-09-10 22:56:29,905 [grpc-default-executor-3] WARN  server.GrpcLogAppender (LogUtils.java:warn(134)) - 2f676a21-e66b-4fec-aeac-0283d98823a1@group-F5D172FB2954->9a51610a-f282-4242-84b0-9cad669d08b8-AppendLogResponseHandler: Failed appendEntries: org.apache.ratis.thirdparty.io.grpc.StatusRuntimeException: UNAVAILABLE: io exception
2019-09-10 22:56:29,907 [grpc-default-executor-3] INFO  impl.FollowerInfo (FollowerInfo.java:lambda$new$0(51)) - 2f676a21-e66b-4fec-aeac-0283d98823a1@group-F5D172FB2954->9a51610a-f282-4242-84b0-9cad669d08b8: nextIndex: updateUnconditionally 8 -> 7
2019-09-10 22:56:29,923 [grpc-default-executor-2] WARN  server.GrpcLogAppender (LogUtils.java:warn(134)) - 2f676a21-e66b-4fec-aeac-0283d98823a1@group-F5D172FB2954->72e5a279-ca12-4c9e-91de-7e916f85cc8c-AppendLogResponseHandler: Failed appendEntries: org.apache.ratis.thirdparty.io.grpc.StatusRuntimeException: UNAVAILABLE: io exception
2019-09-10 22:56:29,925 [grpc-default-executor-2] INFO  impl.FollowerInfo (FollowerInfo.java:lambda$new$0(51)) - 2f676a21-e66b-4fec-aeac-0283d98823a1@group-F5D172FB2954->72e5a279-ca12-4c9e-91de-7e916f85cc8c: nextIndex: updateUnconditionally 0 -> 0
2019-09-10 22:56:30,406 [grpc-default-executor-1] WARN  server.GrpcLogAppender (LogUtils.java:warn(134)) - 2f676a21-e66b-4fec-aeac-0283d98823a1@group-F5D172FB2954->9a51610a-f282-4242-84b0-9cad669d08b8-AppendLogResponseHandler: Failed appendEntries: org.apache.ratis.thirdparty.io.grpc.StatusRuntimeException: UNAVAILABLE: io exception
2019-09-10 22:56:30,408 [grpc-default-executor-1] INFO  impl.FollowerInfo (FollowerInfo.java:lambda$new$0(51)) - 2f676a21-e66b-4fec-aeac-0283d98823a1@group-F5D172FB2954->9a51610a-f282-4242-84b0-9cad669d08b8: nextIndex: updateUnconditionally 7 -> 6
2019-09-10 22:56:30,411 [grpc-default-executor-3] WARN  server.GrpcLogAppender (LogUtils.java:warn(134)) - 2f676a21-e66b-4fec-aeac-0283d98823a1@group-F5D172FB2954->72e5a279-ca12-4c9e-91de-7e916f85cc8c-AppendLogResponseHandler: Failed appendEntries: org.apache.ratis.thirdparty.io.grpc.StatusRuntimeException: UNAVAILABLE: io exception
2019-09-10 22:56:30,413 [grpc-default-executor-3] INFO  impl.FollowerInfo (FollowerInfo.java:lambda$new$0(51)) - 2f676a21-e66b-4fec-aeac-0283d98823a1@group-F5D172FB2954->72e5a279-ca12-4c9e-91de-7e916f85cc8c: nextIndex: updateUnconditionally 0 -> 0
2019-09-10 22:56:30,435 [main] INFO  ozoneimpl.OzoneContainer (OzoneContainer.java:stop(231)) - Attempting to stop container services.
2019-09-10 22:56:30,436 [main] INFO  impl.RaftServerProxy (RaftServerProxy.java:lambda$close$4(314)) - 85b41e89-4cf3-40c5-bca2-fe675a128b85: close
2019-09-10 22:56:30,437 [main] INFO  impl.RaftServerImpl (RaftServerImpl.java:lambda$shutdown$3(251)) - 85b41e89-4cf3-40c5-bca2-fe675a128b85@group-4AD3EF8E1477: shutdown
2019-09-10 22:56:30,438 [main] INFO  util.JmxRegister (JmxRegister.java:unregister(73)) - Successfully un-registered JMX Bean with object name Ratis:service=RaftServer,group=group-4AD3EF8E1477,id=85b41e89-4cf3-40c5-bca2-fe675a128b85
2019-09-10 22:56:30,438 [main] INFO  impl.RoleInfo (RoleInfo.java:shutdownFollowerState(121)) - 85b41e89-4cf3-40c5-bca2-fe675a128b85: shutdown FollowerState
2019-09-10 22:56:30,439 [main] INFO  impl.StateMachineUpdater (StateMachineUpdater.java:stopAndJoin(125)) - 85b41e89-4cf3-40c5-bca2-fe675a128b85@group-4AD3EF8E1477-StateMachineUpdater: set stopIndex = 14
2019-09-10 22:56:30,439 [85b41e89-4cf3-40c5-bca2-fe675a128b85@group-4AD3EF8E1477-StateMachineUpdater] INFO  ratis.ContainerStateMachine (ContainerStateMachine.java:takeSnapshot(289)) - group-4AD3EF8E1477: Taking a snapshot at:(t:2, i:14) file /workdir/hadoop-ozone/integration-test/target/test-dir/MiniOzoneClusterImpl-c8bd075b-66f7-4733-90c4-2d26ad6b76fb/datanode-9/data/ratis/bb4e028f-f49f-4ed5-b4a7-4ad3ef8e1477/sm/snapshot.2_14
2019-09-10 22:56:30,439 [Thread-436] INFO  impl.FollowerState (FollowerState.java:run(115)) - 85b41e89-4cf3-40c5-bca2-fe675a128b85: FollowerState was interrupted: java.lang.InterruptedException: sleep interrupted
2019-09-10 22:56:30,454 [85b41e89-4cf3-40c5-bca2-fe675a128b85@group-4AD3EF8E1477-StateMachineUpdater] INFO  ratis.ContainerStateMachine (ContainerStateMachine.java:takeSnapshot(300)) - group-4AD3EF8E1477: Finished taking a snapshot at:(t:2, i:14) file:/workdir/hadoop-ozone/integration-test/target/test-dir/MiniOzoneClusterImpl-c8bd075b-66f7-4733-90c4-2d26ad6b76fb/datanode-9/data/ratis/bb4e028f-f49f-4ed5-b4a7-4ad3ef8e1477/sm/snapshot.2_14 time:15
2019-09-10 22:56:30,454 [85b41e89-4cf3-40c5-bca2-fe675a128b85@group-4AD3EF8E1477-StateMachineUpdater] INFO  impl.StateMachineUpdater (StateMachineUpdater.java:takeSnapshot(258)) - 85b41e89-4cf3-40c5-bca2-fe675a128b85@group-4AD3EF8E1477-StateMachineUpdater: Took a snapshot at index 14
2019-09-10 22:56:30,454 [85b41e89-4cf3-40c5-bca2-fe675a128b85@group-4AD3EF8E1477-StateMachineUpdater] INFO  impl.StateMachineUpdater (StateMachineUpdater.java:lambda$new$0(83)) - 85b41e89-4cf3-40c5-bca2-fe675a128b85@group-4AD3EF8E1477-StateMachineUpdater: snapshotIndex: updateIncreasingly -1 -> 14
2019-09-10 22:56:30,455 [main] INFO  impl.RaftServerImpl (ServerState.java:close(385)) - 85b41e89-4cf3-40c5-bca2-fe675a128b85@group-4AD3EF8E1477: closes. applyIndex: 14
2019-09-10 22:56:30,459 [85b41e89-4cf3-40c5-bca2-fe675a128b85@group-4AD3EF8E1477-SegmentedRaftLogWorker] ERROR ratis.XceiverServerRatis (XceiverServerRatis.java:triggerPipelineClose(568)) - pipeline Action CLOSE  on pipeline PipelineID=bb4e028f-f49f-4ed5-b4a7-4ad3ef8e1477.Reason : WriteLog:15: (t:2, i:15), STATEMACHINELOGENTRY, client-952E3BCC9DDC, cid=43-writeStateMachineData interrupted.
2019-09-10 22:56:30,460 [ForkJoinPool.commonPool-worker-0] INFO  ozoneimpl.OzoneContainer (OzoneContainer.java:stop(231)) - Attempting to stop container services.
2019-09-10 22:56:30,460 [main] INFO  segmented.SegmentedRaftLogWorker (SegmentedRaftLogWorker.java:close(228)) - 85b41e89-4cf3-40c5-bca2-fe675a128b85@group-4AD3EF8E1477-SegmentedRaftLogWorker close()
2019-09-10 22:56:30,461 [ForkJoinPool.commonPool-worker-0] INFO  impl.RaftServerProxy (RaftServerProxy.java:lambda$close$4(314)) - aaf3f7d3-af27-4405-89a7-731c9150da26: close
2019-09-10 22:56:30,462 [main] INFO  impl.RaftServerImpl (RaftServerImpl.java:lambda$shutdown$3(251)) - 85b41e89-4cf3-40c5-bca2-fe675a128b85@group-83A61EE6D492: shutdown
2019-09-10 22:56:30,463 [ForkJoinPool.commonPool-worker-0] INFO  impl.RaftServerImpl (RaftServerImpl.java:lambda$shutdown$3(251)) - aaf3f7d3-af27-4405-89a7-731c9150da26@group-F2C138B323B0: shutdown
2019-09-10 22:56:30,463 [main] INFO  util.JmxRegister (JmxRegister.java:unregister(73)) - Successfully un-registered JMX Bean with object name Ratis:service=RaftServer,group=group-83A61EE6D492,id=85b41e89-4cf3-40c5-bca2-fe675a128b85
2019-09-10 22:56:30,463 [ForkJoinPool.commonPool-worker-0] INFO  util.JmxRegister (JmxRegister.java:unregister(73)) - Successfully un-registered JMX Bean with object name Ratis:service=RaftServer,group=group-F2C138B323B0,id=aaf3f7d3-af27-4405-89a7-731c9150da26
2019-09-10 22:56:30,464 [ForkJoinPool.commonPool-worker-0] INFO  impl.RoleInfo (RoleInfo.java:shutdownLeaderState(104)) - aaf3f7d3-af27-4405-89a7-731c9150da26: shutdown LeaderState
2019-09-10 22:56:30,464 [main] INFO  impl.RoleInfo (RoleInfo.java:shutdownLeaderState(104)) - 85b41e89-4cf3-40c5-bca2-fe675a128b85: shutdown LeaderState
2019-09-10 22:56:30,464 [ForkJoinPool.commonPool-worker-0] INFO  impl.PendingRequests (PendingRequests.java:sendNotLeaderResponses(202)) - aaf3f7d3-af27-4405-89a7-731c9150da26-PendingRequests: sendNotLeaderResponses
2019-09-10 22:56:30,465 [main] INFO  impl.PendingRequests (PendingRequests.java:sendNotLeaderResponses(202)) - 85b41e89-4cf3-40c5-bca2-fe675a128b85-PendingRequests: sendNotLeaderResponses
2019-09-10 22:56:30,465 [ForkJoinPool.commonPool-worker-0] INFO  impl.StateMachineUpdater (StateMachineUpdater.java:stopAndJoin(125)) - aaf3f7d3-af27-4405-89a7-731c9150da26@group-F2C138B323B0-StateMachineUpdater: set stopIndex = 0
2019-09-10 22:56:30,466 [main] INFO  impl.StateMachineUpdater (StateMachineUpdater.java:stopAndJoin(125)) - 85b41e89-4cf3-40c5-bca2-fe675a128b85@group-83A61EE6D492-StateMachineUpdater: set stopIndex = 0
2019-09-10 22:56:30,466 [ForkJoinPool.commonPool-worker-0] INFO  impl.RaftServerImpl (ServerState.java:close(385)) - aaf3f7d3-af27-4405-89a7-731c9150da26@group-F2C138B323B0: closes. applyIndex: 0
2019-09-10 22:56:30,466 [main] INFO  impl.RaftServerImpl (ServerState.java:close(385)) - 85b41e89-4cf3-40c5-bca2-fe675a128b85@group-83A61EE6D492: closes. applyIndex: 0
2019-09-10 22:56:30,467 [aaf3f7d3-af27-4405-89a7-731c9150da26@group-F2C138B323B0-SegmentedRaftLogWorker] INFO  segmented.SegmentedRaftLogWorker (SegmentedRaftLogWorker.java:run(313)) - aaf3f7d3-af27-4405-89a7-731c9150da26@group-F2C138B323B0-SegmentedRaftLogWorker was interrupted, exiting. There are 0 tasks remaining in the queue.
2019-09-10 22:56:30,467 [85b41e89-4cf3-40c5-bca2-fe675a128b85@group-83A61EE6D492-SegmentedRaftLogWorker] INFO  segmented.SegmentedRaftLogWorker (SegmentedRaftLogWorker.java:run(313)) - 85b41e89-4cf3-40c5-bca2-fe675a128b85@group-83A61EE6D492-SegmentedRaftLogWorker was interrupted, exiting. There are 0 tasks remaining in the queue.
2019-09-10 22:56:30,467 [ForkJoinPool.commonPool-worker-0] INFO  segmented.SegmentedRaftLogWorker (SegmentedRaftLogWorker.java:close(228)) - aaf3f7d3-af27-4405-89a7-731c9150da26@group-F2C138B323B0-SegmentedRaftLogWorker close()
2019-09-10 22:56:30,467 [main] INFO  segmented.SegmentedRaftLogWorker (SegmentedRaftLogWorker.java:close(228)) - 85b41e89-4cf3-40c5-bca2-fe675a128b85@group-83A61EE6D492-SegmentedRaftLogWorker close()
2019-09-10 22:56:30,469 [ForkJoinPool.commonPool-worker-0] INFO  impl.RaftServerImpl (RaftServerImpl.java:lambda$shutdown$3(251)) - aaf3f7d3-af27-4405-89a7-731c9150da26@group-4AD3EF8E1477: shutdown
2019-09-10 22:56:30,471 [main] INFO  server.GrpcService (GrpcService.java:closeImpl(164)) - 85b41e89-4cf3-40c5-bca2-fe675a128b85: shutdown server with port 35907 now
2019-09-10 22:56:30,471 [ForkJoinPool.commonPool-worker-0] INFO  util.JmxRegister (JmxRegister.java:unregister(73)) - Successfully un-registered JMX Bean with object name Ratis:service=RaftServer,group=group-4AD3EF8E1477,id=aaf3f7d3-af27-4405-89a7-731c9150da26
2019-09-10 22:56:30,471 [ForkJoinPool.commonPool-worker-0] INFO  impl.RoleInfo (RoleInfo.java:shutdownFollowerState(121)) - aaf3f7d3-af27-4405-89a7-731c9150da26: shutdown FollowerState
2019-09-10 22:56:30,472 [ForkJoinPool.commonPool-worker-0] INFO  impl.StateMachineUpdater (StateMachineUpdater.java:stopAndJoin(125)) - aaf3f7d3-af27-4405-89a7-731c9150da26@group-4AD3EF8E1477-StateMachineUpdater: set stopIndex = 14
2019-09-10 22:56:30,472 [aaf3f7d3-af27-4405-89a7-731c9150da26@group-4AD3EF8E1477-StateMachineUpdater] INFO  ratis.ContainerStateMachine (ContainerStateMachine.java:takeSnapshot(289)) - group-4AD3EF8E1477: Taking a snapshot at:(t:2, i:14) file /workdir/hadoop-ozone/integration-test/target/test-dir/MiniOzoneClusterImpl-c8bd075b-66f7-4733-90c4-2d26ad6b76fb/datanode-1/data/ratis/bb4e028f-f49f-4ed5-b4a7-4ad3ef8e1477/sm/snapshot.2_14
2019-09-10 22:56:30,472 [Thread-435] INFO  impl.FollowerState (FollowerState.java:run(115)) - aaf3f7d3-af27-4405-89a7-731c9150da26: FollowerState was interrupted: java.lang.InterruptedException: sleep interrupted
2019-09-10 22:56:30,472 [main] INFO  server.GrpcService (GrpcService.java:closeImpl(172)) - 85b41e89-4cf3-40c5-bca2-fe675a128b85: shutdown server with port 35907 successfully
2019-09-10 22:56:30,480 [refreshUsed-/workdir/hadoop-ozone/integration-test/target/test-dir/MiniOzoneClusterImpl-c8bd075b-66f7-4733-90c4-2d26ad6b76fb/datanode-9/data/containers] WARN  fs.CachingGetSpaceUsed (CachingGetSpaceUsed.java:run(183)) - Thread Interrupted waiting to refresh disk information: sleep interrupted
2019-09-10 22:56:30,498 [aaf3f7d3-af27-4405-89a7-731c9150da26@group-4AD3EF8E1477-StateMachineUpdater] INFO  ratis.ContainerStateMachine (ContainerStateMachine.java:takeSnapshot(300)) - group-4AD3EF8E1477: Finished taking a snapshot at:(t:2, i:14) file:/workdir/hadoop-ozone/integration-test/target/test-dir/MiniOzoneClusterImpl-c8bd075b-66f7-4733-90c4-2d26ad6b76fb/datanode-1/data/ratis/bb4e028f-f49f-4ed5-b4a7-4ad3ef8e1477/sm/snapshot.2_14 time:27
2019-09-10 22:56:30,499 [aaf3f7d3-af27-4405-89a7-731c9150da26@group-4AD3EF8E1477-StateMachineUpdater] INFO  impl.StateMachineUpdater (StateMachineUpdater.java:takeSnapshot(258)) - aaf3f7d3-af27-4405-89a7-731c9150da26@group-4AD3EF8E1477-StateMachineUpdater: Took a snapshot at index 14
2019-09-10 22:56:30,499 [aaf3f7d3-af27-4405-89a7-731c9150da26@group-4AD3EF8E1477-StateMachineUpdater] INFO  impl.StateMachineUpdater (StateMachineUpdater.java:lambda$new$0(83)) - aaf3f7d3-af27-4405-89a7-731c9150da26@group-4AD3EF8E1477-StateMachineUpdater: snapshotIndex: updateIncreasingly -1 -> 14
2019-09-10 22:56:30,499 [main] INFO  utils.BackgroundService (BackgroundService.java:shutdown(148)) - Shutting down service BlockDeletingService
2019-09-10 22:56:30,499 [ForkJoinPool.commonPool-worker-0] INFO  impl.RaftServerImpl (ServerState.java:close(385)) - aaf3f7d3-af27-4405-89a7-731c9150da26@group-4AD3EF8E1477: closes. applyIndex: 14
2019-09-10 22:56:30,503 [aaf3f7d3-af27-4405-89a7-731c9150da26@group-4AD3EF8E1477-SegmentedRaftLogWorker] ERROR ratis.XceiverServerRatis (XceiverServerRatis.java:triggerPipelineClose(568)) - pipeline Action CLOSE  on pipeline PipelineID=bb4e028f-f49f-4ed5-b4a7-4ad3ef8e1477.Reason : WriteLog:17: (t:2, i:17), STATEMACHINELOGENTRY, client-952E3BCC9DDC, cid=45-writeStateMachineData interrupted.
2019-09-10 22:56:30,504 [main] INFO  statemachine.DatanodeStateMachine (DatanodeStateMachine.java:stopDaemon(395)) - Ozone container server stopped.
2019-09-10 22:56:30,506 [main] INFO  handler.ContextHandler (ContextHandler.java:doStop(910)) - Stopped o.e.j.w.WebAppContext@26bbe604{/,null,UNAVAILABLE}{/hddsDatanode}
2019-09-10 22:56:30,507 [main] INFO  server.AbstractConnector (AbstractConnector.java:doStop(318)) - Stopped ServerConnector@fe34b86{HTTP/1.1,[http/1.1]}{0.0.0.0:0}
2019-09-10 22:56:30,508 [main] INFO  handler.ContextHandler (ContextHandler.java:doStop(910)) - Stopped o.e.j.s.ServletContextHandler@136965e3{/static,jar:file:/home/user/.m2/repository/org/apache/hadoop/hadoop-hdds-container-service/0.5.0-SNAPSHOT/hadoop-hdds-container-service-0.5.0-SNAPSHOT.jar!/webapps/static,UNAVAILABLE}
2019-09-10 22:56:30,508 [main] INFO  handler.ContextHandler (ContextHandler.java:doStop(910)) - Stopped o.e.j.s.ServletContextHandler@5578be42{/logs,file:///workdir/hadoop-ozone/integration-test/target/log,UNAVAILABLE}
2019-09-10 22:56:30,515 [ForkJoinPool.commonPool-worker-0] INFO  segmented.SegmentedRaftLogWorker (SegmentedRaftLogWorker.java:close(228)) - aaf3f7d3-af27-4405-89a7-731c9150da26@group-4AD3EF8E1477-SegmentedRaftLogWorker close()
2019-09-10 22:56:30,517 [ForkJoinPool.commonPool-worker-0] INFO  server.GrpcService (GrpcService.java:closeImpl(164)) - aaf3f7d3-af27-4405-89a7-731c9150da26: shutdown server with port 35719 now
2019-09-10 22:56:30,518 [ForkJoinPool.commonPool-worker-0] INFO  server.GrpcService (GrpcService.java:closeImpl(172)) - aaf3f7d3-af27-4405-89a7-731c9150da26: shutdown server with port 35719 successfully
2019-09-10 22:56:30,519 [refreshUsed-/workdir/hadoop-ozone/integration-test/target/test-dir/MiniOzoneClusterImpl-c8bd075b-66f7-4733-90c4-2d26ad6b76fb/datanode-1/data/containers] WARN  fs.CachingGetSpaceUsed (CachingGetSpaceUsed.java:run(183)) - Thread Interrupted waiting to refresh disk information: sleep interrupted
2019-09-10 22:56:30,536 [ForkJoinPool.commonPool-worker-0] INFO  utils.BackgroundService (BackgroundService.java:shutdown(148)) - Shutting down service BlockDeletingService
2019-09-10 22:56:30,539 [ForkJoinPool.commonPool-worker-0] INFO  statemachine.DatanodeStateMachine (DatanodeStateMachine.java:stopDaemon(395)) - Ozone container server stopped.
2019-09-10 22:56:30,542 [ForkJoinPool.commonPool-worker-0] INFO  handler.ContextHandler (ContextHandler.java:doStop(910)) - Stopped o.e.j.w.WebAppContext@25ad4f71{/,null,UNAVAILABLE}{/hddsDatanode}
2019-09-10 22:56:30,542 [ForkJoinPool.commonPool-worker-0] INFO  server.AbstractConnector (AbstractConnector.java:doStop(318)) - Stopped ServerConnector@49faf066{HTTP/1.1,[http/1.1]}{0.0.0.0:0}
2019-09-10 22:56:30,543 [ForkJoinPool.commonPool-worker-0] INFO  handler.ContextHandler (ContextHandler.java:doStop(910)) - Stopped o.e.j.s.ServletContextHandler@15400fff{/static,jar:file:/home/user/.m2/repository/org/apache/hadoop/hadoop-hdds-container-service/0.5.0-SNAPSHOT/hadoop-hdds-container-service-0.5.0-SNAPSHOT.jar!/webapps/static,UNAVAILABLE}
2019-09-10 22:56:30,544 [ForkJoinPool.commonPool-worker-0] INFO  handler.ContextHandler (ContextHandler.java:doStop(910)) - Stopped o.e.j.s.ServletContextHandler@654c7d2d{/logs,file:///workdir/hadoop-ozone/integration-test/target/log,UNAVAILABLE}
2019-09-10 22:56:30,907 [grpc-default-executor-2] WARN  server.GrpcLogAppender (LogUtils.java:warn(134)) - 2f676a21-e66b-4fec-aeac-0283d98823a1@group-F5D172FB2954->9a51610a-f282-4242-84b0-9cad669d08b8-AppendLogResponseHandler: Failed appendEntries: org.apache.ratis.thirdparty.io.grpc.StatusRuntimeException: UNAVAILABLE: io exception
2019-09-10 22:56:30,911 [grpc-default-executor-2] INFO  impl.FollowerInfo (FollowerInfo.java:lambda$new$0(51)) - 2f676a21-e66b-4fec-aeac-0283d98823a1@group-F5D172FB2954->9a51610a-f282-4242-84b0-9cad669d08b8: nextIndex: updateUnconditionally 6 -> 5
2019-09-10 22:56:30,913 [grpc-default-executor-1] WARN  server.GrpcLogAppender (LogUtils.java:warn(134)) - 2f676a21-e66b-4fec-aeac-0283d98823a1@group-F5D172FB2954->72e5a279-ca12-4c9e-91de-7e916f85cc8c-AppendLogResponseHandler: Failed appendEntries: org.apache.ratis.thirdparty.io.grpc.StatusRuntimeException: UNAVAILABLE: io exception
2019-09-10 22:56:30,913 [grpc-default-executor-1] INFO  impl.FollowerInfo (FollowerInfo.java:lambda$new$0(51)) - 2f676a21-e66b-4fec-aeac-0283d98823a1@group-F5D172FB2954->72e5a279-ca12-4c9e-91de-7e916f85cc8c: nextIndex: updateUnconditionally 0 -> 0
2019-09-10 22:56:30,937 [Datanode State Machine Thread - 0] INFO  statemachine.DatanodeStateMachine (DatanodeStateMachine.java:lambda$startDaemon$0(350)) - Ozone container server started.
2019-09-10 22:56:31,408 [grpc-default-executor-2] WARN  server.GrpcLogAppender (LogUtils.java:warn(134)) - 2f676a21-e66b-4fec-aeac-0283d98823a1@group-F5D172FB2954->9a51610a-f282-4242-84b0-9cad669d08b8-AppendLogResponseHandler: Failed appendEntries: org.apache.ratis.thirdparty.io.grpc.StatusRuntimeException: UNAVAILABLE: io exception
2019-09-10 22:56:31,409 [grpc-default-executor-2] INFO  impl.FollowerInfo (FollowerInfo.java:lambda$new$0(51)) - 2f676a21-e66b-4fec-aeac-0283d98823a1@group-F5D172FB2954->9a51610a-f282-4242-84b0-9cad669d08b8: nextIndex: updateUnconditionally 5 -> 4
2019-09-10 22:56:31,413 [grpc-default-executor-1] WARN  server.GrpcLogAppender (LogUtils.java:warn(134)) - 2f676a21-e66b-4fec-aeac-0283d98823a1@group-F5D172FB2954->72e5a279-ca12-4c9e-91de-7e916f85cc8c-AppendLogResponseHandler: Failed appendEntries: org.apache.ratis.thirdparty.io.grpc.StatusRuntimeException: UNAVAILABLE: io exception
2019-09-10 22:56:31,414 [grpc-default-executor-1] INFO  impl.FollowerInfo (FollowerInfo.java:lambda$new$0(51)) - 2f676a21-e66b-4fec-aeac-0283d98823a1@group-F5D172FB2954->72e5a279-ca12-4c9e-91de-7e916f85cc8c: nextIndex: updateUnconditionally 0 -> 0
2019-09-10 22:56:31,830 [2f676a21-e66b-4fec-aeac-0283d98823a1@group-F5D172FB2954-SegmentedRaftLogWorker] WARN  segmented.SegmentedRaftLogWorker (SegmentedRaftLogWorker.java:getFromFuture(90)) - Timeout 3/~
org.apache.ratis.protocol.TimeoutIOException: Timeout 10s: WriteLog:17: (t:2, i:17), STATEMACHINELOGENTRY, client-43EE1EA533E7, cid=57-writeStateMachineData
	at org.apache.ratis.util.IOUtils.getFromFuture(IOUtils.java:87)
	at org.apache.ratis.server.raftlog.segmented.SegmentedRaftLogWorker$StateMachineDataPolicy.getFromFuture(SegmentedRaftLogWorker.java:87)
	at org.apache.ratis.server.raftlog.segmented.SegmentedRaftLogWorker$WriteLog.execute(SegmentedRaftLogWorker.java:477)
	at org.apache.ratis.server.raftlog.segmented.SegmentedRaftLogWorker.run(SegmentedRaftLogWorker.java:289)
	at java.lang.Thread.run(Thread.java:748)
Caused by: java.util.concurrent.TimeoutException
	at java.util.concurrent.CompletableFuture.timedGet(CompletableFuture.java:1771)
	at java.util.concurrent.CompletableFuture.get(CompletableFuture.java:1915)
	at org.apache.ratis.util.IOUtils.getFromFuture(IOUtils.java:79)
	... 4 more
2019-09-10 22:56:31,908 [grpc-default-executor-3] WARN  server.GrpcLogAppender (LogUtils.java:warn(134)) - 2f676a21-e66b-4fec-aeac-0283d98823a1@group-F5D172FB2954->9a51610a-f282-4242-84b0-9cad669d08b8-AppendLogResponseHandler: Failed appendEntries: org.apache.ratis.thirdparty.io.grpc.StatusRuntimeException: UNAVAILABLE: io exception
2019-09-10 22:56:31,909 [grpc-default-executor-3] INFO  impl.FollowerInfo (FollowerInfo.java:lambda$new$0(51)) - 2f676a21-e66b-4fec-aeac-0283d98823a1@group-F5D172FB2954->9a51610a-f282-4242-84b0-9cad669d08b8: nextIndex: updateUnconditionally 4 -> 3
2019-09-10 22:56:31,914 [grpc-default-executor-2] WARN  server.GrpcLogAppender (LogUtils.java:warn(134)) - 2f676a21-e66b-4fec-aeac-0283d98823a1@group-F5D172FB2954->72e5a279-ca12-4c9e-91de-7e916f85cc8c-AppendLogResponseHandler: Failed appendEntries: org.apache.ratis.thirdparty.io.grpc.StatusRuntimeException: UNAVAILABLE: io exception
2019-09-10 22:56:31,915 [grpc-default-executor-2] INFO  impl.FollowerInfo (FollowerInfo.java:lambda$new$0(51)) - 2f676a21-e66b-4fec-aeac-0283d98823a1@group-F5D172FB2954->72e5a279-ca12-4c9e-91de-7e916f85cc8c: nextIndex: updateUnconditionally 0 -> 0
2019-09-10 22:56:32,409 [grpc-default-executor-1] WARN  server.GrpcLogAppender (LogUtils.java:warn(134)) - 2f676a21-e66b-4fec-aeac-0283d98823a1@group-F5D172FB2954->9a51610a-f282-4242-84b0-9cad669d08b8-AppendLogResponseHandler: Failed appendEntries: org.apache.ratis.thirdparty.io.grpc.StatusRuntimeException: UNAVAILABLE: io exception
2019-09-10 22:56:32,409 [grpc-default-executor-1] INFO  impl.FollowerInfo (FollowerInfo.java:lambda$new$0(51)) - 2f676a21-e66b-4fec-aeac-0283d98823a1@group-F5D172FB2954->9a51610a-f282-4242-84b0-9cad669d08b8: nextIndex: updateUnconditionally 3 -> 2
2019-09-10 22:56:32,415 [grpc-default-executor-3] WARN  server.GrpcLogAppender (LogUtils.java:warn(134)) - 2f676a21-e66b-4fec-aeac-0283d98823a1@group-F5D172FB2954->72e5a279-ca12-4c9e-91de-7e916f85cc8c-AppendLogResponseHandler: Failed appendEntries: org.apache.ratis.thirdparty.io.grpc.StatusRuntimeException: UNAVAILABLE: io exception
2019-09-10 22:56:32,415 [grpc-default-executor-3] INFO  impl.FollowerInfo (FollowerInfo.java:lambda$new$0(51)) - 2f676a21-e66b-4fec-aeac-0283d98823a1@group-F5D172FB2954->72e5a279-ca12-4c9e-91de-7e916f85cc8c: nextIndex: updateUnconditionally 0 -> 0
2019-09-10 22:56:32,912 [grpc-default-executor-3] WARN  server.GrpcLogAppender (LogUtils.java:warn(134)) - 2f676a21-e66b-4fec-aeac-0283d98823a1@group-F5D172FB2954->9a51610a-f282-4242-84b0-9cad669d08b8-AppendLogResponseHandler: Failed appendEntries: org.apache.ratis.thirdparty.io.grpc.StatusRuntimeException: UNAVAILABLE: io exception
2019-09-10 22:56:32,913 [grpc-default-executor-3] INFO  impl.FollowerInfo (FollowerInfo.java:lambda$new$0(51)) - 2f676a21-e66b-4fec-aeac-0283d98823a1@group-F5D172FB2954->9a51610a-f282-4242-84b0-9cad669d08b8: nextIndex: updateUnconditionally 2 -> 1
2019-09-10 22:56:32,916 [grpc-default-executor-2] WARN  server.GrpcLogAppender (LogUtils.java:warn(134)) - 2f676a21-e66b-4fec-aeac-0283d98823a1@group-F5D172FB2954->72e5a279-ca12-4c9e-91de-7e916f85cc8c-AppendLogResponseHandler: Failed appendEntries: org.apache.ratis.thirdparty.io.grpc.StatusRuntimeException: UNAVAILABLE: io exception
2019-09-10 22:56:32,916 [grpc-default-executor-2] INFO  impl.FollowerInfo (FollowerInfo.java:lambda$new$0(51)) - 2f676a21-e66b-4fec-aeac-0283d98823a1@group-F5D172FB2954->72e5a279-ca12-4c9e-91de-7e916f85cc8c: nextIndex: updateUnconditionally 0 -> 0
2019-09-10 22:56:33,419 [grpc-default-executor-1] WARN  server.GrpcLogAppender (LogUtils.java:warn(134)) - 2f676a21-e66b-4fec-aeac-0283d98823a1@group-F5D172FB2954->9a51610a-f282-4242-84b0-9cad669d08b8-AppendLogResponseHandler: Failed appendEntries: org.apache.ratis.thirdparty.io.grpc.StatusRuntimeException: UNAVAILABLE: io exception
2019-09-10 22:56:33,419 [grpc-default-executor-2] WARN  server.GrpcLogAppender (LogUtils.java:warn(134)) - 2f676a21-e66b-4fec-aeac-0283d98823a1@group-F5D172FB2954->72e5a279-ca12-4c9e-91de-7e916f85cc8c-AppendLogResponseHandler: Failed appendEntries: org.apache.ratis.thirdparty.io.grpc.StatusRuntimeException: UNAVAILABLE: io exception
2019-09-10 22:56:33,420 [grpc-default-executor-1] INFO  impl.FollowerInfo (FollowerInfo.java:lambda$new$0(51)) - 2f676a21-e66b-4fec-aeac-0283d98823a1@group-F5D172FB2954->9a51610a-f282-4242-84b0-9cad669d08b8: nextIndex: updateUnconditionally 1 -> 0
2019-09-10 22:56:33,420 [grpc-default-executor-2] INFO  impl.FollowerInfo (FollowerInfo.java:lambda$new$0(51)) - 2f676a21-e66b-4fec-aeac-0283d98823a1@group-F5D172FB2954->72e5a279-ca12-4c9e-91de-7e916f85cc8c: nextIndex: updateUnconditionally 0 -> 0
2019-09-10 22:56:33,920 [grpc-default-executor-7] WARN  server.GrpcLogAppender (LogUtils.java:warn(134)) - 2f676a21-e66b-4fec-aeac-0283d98823a1@group-F5D172FB2954->9a51610a-f282-4242-84b0-9cad669d08b8-AppendLogResponseHandler: Failed appendEntries: org.apache.ratis.thirdparty.io.grpc.StatusRuntimeException: UNAVAILABLE: io exception
2019-09-10 22:56:33,920 [grpc-default-executor-6] WARN  server.GrpcLogAppender (LogUtils.java:warn(134)) - 2f676a21-e66b-4fec-aeac-0283d98823a1@group-F5D172FB2954->72e5a279-ca12-4c9e-91de-7e916f85cc8c-AppendLogResponseHandler: Failed appendEntries: org.apache.ratis.thirdparty.io.grpc.StatusRuntimeException: UNAVAILABLE: io exception
2019-09-10 22:56:33,921 [grpc-default-executor-7] INFO  impl.FollowerInfo (FollowerInfo.java:lambda$new$0(51)) - 2f676a21-e66b-4fec-aeac-0283d98823a1@group-F5D172FB2954->9a51610a-f282-4242-84b0-9cad669d08b8: nextIndex: updateUnconditionally 0 -> 0
2019-09-10 22:56:33,921 [grpc-default-executor-6] INFO  impl.FollowerInfo (FollowerInfo.java:lambda$new$0(51)) - 2f676a21-e66b-4fec-aeac-0283d98823a1@group-F5D172FB2954->72e5a279-ca12-4c9e-91de-7e916f85cc8c: nextIndex: updateUnconditionally 0 -> 0
2019-09-10 22:56:34,421 [grpc-default-executor-3] WARN  server.GrpcLogAppender (LogUtils.java:warn(134)) - 2f676a21-e66b-4fec-aeac-0283d98823a1@group-F5D172FB2954->9a51610a-f282-4242-84b0-9cad669d08b8-AppendLogResponseHandler: Failed appendEntries: org.apache.ratis.thirdparty.io.grpc.StatusRuntimeException: UNAVAILABLE: io exception
2019-09-10 22:56:34,421 [grpc-default-executor-1] WARN  server.GrpcLogAppender (LogUtils.java:warn(134)) - 2f676a21-e66b-4fec-aeac-0283d98823a1@group-F5D172FB2954->72e5a279-ca12-4c9e-91de-7e916f85cc8c-AppendLogResponseHandler: Failed appendEntries: org.apache.ratis.thirdparty.io.grpc.StatusRuntimeException: UNAVAILABLE: io exception
2019-09-10 22:56:34,421 [grpc-default-executor-3] INFO  impl.FollowerInfo (FollowerInfo.java:lambda$new$0(51)) - 2f676a21-e66b-4fec-aeac-0283d98823a1@group-F5D172FB2954->9a51610a-f282-4242-84b0-9cad669d08b8: nextIndex: updateUnconditionally 0 -> 0
2019-09-10 22:56:34,422 [grpc-default-executor-1] INFO  impl.FollowerInfo (FollowerInfo.java:lambda$new$0(51)) - 2f676a21-e66b-4fec-aeac-0283d98823a1@group-F5D172FB2954->72e5a279-ca12-4c9e-91de-7e916f85cc8c: nextIndex: updateUnconditionally 0 -> 0
2019-09-10 22:56:34,921 [grpc-default-executor-4] WARN  server.GrpcLogAppender (LogUtils.java:warn(134)) - 2f676a21-e66b-4fec-aeac-0283d98823a1@group-F5D172FB2954->72e5a279-ca12-4c9e-91de-7e916f85cc8c-AppendLogResponseHandler: Failed appendEntries: org.apache.ratis.thirdparty.io.grpc.StatusRuntimeException: UNAVAILABLE: io exception
2019-09-10 22:56:34,921 [grpc-default-executor-1] WARN  server.GrpcLogAppender (LogUtils.java:warn(134)) - 2f676a21-e66b-4fec-aeac-0283d98823a1@group-F5D172FB2954->9a51610a-f282-4242-84b0-9cad669d08b8-AppendLogResponseHandler: Failed appendEntries: org.apache.ratis.thirdparty.io.grpc.StatusRuntimeException: UNAVAILABLE: io exception
2019-09-10 22:56:34,921 [grpc-default-executor-4] INFO  impl.FollowerInfo (FollowerInfo.java:lambda$new$0(51)) - 2f676a21-e66b-4fec-aeac-0283d98823a1@group-F5D172FB2954->72e5a279-ca12-4c9e-91de-7e916f85cc8c: nextIndex: updateUnconditionally 0 -> 0
2019-09-10 22:56:34,922 [grpc-default-executor-1] INFO  impl.FollowerInfo (FollowerInfo.java:lambda$new$0(51)) - 2f676a21-e66b-4fec-aeac-0283d98823a1@group-F5D172FB2954->9a51610a-f282-4242-84b0-9cad669d08b8: nextIndex: updateUnconditionally 0 -> 0
2019-09-10 22:56:35,422 [grpc-default-executor-1] WARN  server.GrpcLogAppender (LogUtils.java:warn(134)) - 2f676a21-e66b-4fec-aeac-0283d98823a1@group-F5D172FB2954->72e5a279-ca12-4c9e-91de-7e916f85cc8c-AppendLogResponseHandler: Failed appendEntries: org.apache.ratis.thirdparty.io.grpc.StatusRuntimeException: UNAVAILABLE: io exception
2019-09-10 22:56:35,422 [grpc-default-executor-7] WARN  server.GrpcLogAppender (LogUtils.java:warn(134)) - 2f676a21-e66b-4fec-aeac-0283d98823a1@group-F5D172FB2954->9a51610a-f282-4242-84b0-9cad669d08b8-AppendLogResponseHandler: Failed appendEntries: org.apache.ratis.thirdparty.io.grpc.StatusRuntimeException: UNAVAILABLE: io exception
2019-09-10 22:56:35,422 [grpc-default-executor-1] INFO  impl.FollowerInfo (FollowerInfo.java:lambda$new$0(51)) - 2f676a21-e66b-4fec-aeac-0283d98823a1@group-F5D172FB2954->72e5a279-ca12-4c9e-91de-7e916f85cc8c: nextIndex: updateUnconditionally 0 -> 0
2019-09-10 22:56:35,422 [grpc-default-executor-7] INFO  impl.FollowerInfo (FollowerInfo.java:lambda$new$0(51)) - 2f676a21-e66b-4fec-aeac-0283d98823a1@group-F5D172FB2954->9a51610a-f282-4242-84b0-9cad669d08b8: nextIndex: updateUnconditionally 0 -> 0
2019-09-10 22:56:35,511 [main] INFO  ozoneimpl.OzoneContainer (OzoneContainer.java:stop(231)) - Attempting to stop container services.
2019-09-10 22:56:35,513 [main] INFO  impl.RaftServerProxy (RaftServerProxy.java:lambda$close$4(314)) - 2f676a21-e66b-4fec-aeac-0283d98823a1: close
2019-09-10 22:56:35,514 [main] INFO  impl.RaftServerImpl (RaftServerImpl.java:lambda$shutdown$3(251)) - 2f676a21-e66b-4fec-aeac-0283d98823a1@group-F5D172FB2954: shutdown
2019-09-10 22:56:35,514 [main] INFO  util.JmxRegister (JmxRegister.java:unregister(73)) - Successfully un-registered JMX Bean with object name Ratis:service=RaftServer,group=group-F5D172FB2954,id=2f676a21-e66b-4fec-aeac-0283d98823a1
2019-09-10 22:56:35,515 [main] INFO  impl.RoleInfo (RoleInfo.java:shutdownLeaderState(104)) - 2f676a21-e66b-4fec-aeac-0283d98823a1: shutdown LeaderState
2019-09-10 22:56:35,518 [org.apache.ratis.server.impl.LogAppender$AppenderDaemon$$Lambda$558/1313533176@246b5453] WARN  server.GrpcLogAppender (GrpcLogAppender.java:mayWait(143)) - 2f676a21-e66b-4fec-aeac-0283d98823a1@group-F5D172FB2954->72e5a279-ca12-4c9e-91de-7e916f85cc8c-GrpcLogAppender: Wait interrupted by java.lang.InterruptedException
2019-09-10 22:56:35,518 [main] INFO  impl.PendingRequests (PendingRequests.java:sendNotLeaderResponses(202)) - 2f676a21-e66b-4fec-aeac-0283d98823a1-PendingRequests: sendNotLeaderResponses
2019-09-10 22:56:35,518 [org.apache.ratis.server.impl.LogAppender$AppenderDaemon$$Lambda$558/1313533176@4277c759] WARN  server.GrpcLogAppender (GrpcLogAppender.java:mayWait(143)) - 2f676a21-e66b-4fec-aeac-0283d98823a1@group-F5D172FB2954->9a51610a-f282-4242-84b0-9cad669d08b8-GrpcLogAppender: Wait interrupted by java.lang.InterruptedException
2019-09-10 22:56:35,523 [main] INFO  impl.StateMachineUpdater (StateMachineUpdater.java:stopAndJoin(125)) - 2f676a21-e66b-4fec-aeac-0283d98823a1@group-F5D172FB2954-StateMachineUpdater: set stopIndex = 16
2019-09-10 22:56:35,523 [2f676a21-e66b-4fec-aeac-0283d98823a1@group-F5D172FB2954-StateMachineUpdater] INFO  ratis.ContainerStateMachine (ContainerStateMachine.java:takeSnapshot(289)) - group-F5D172FB2954: Taking a snapshot at:(t:2, i:14) file /workdir/hadoop-ozone/integration-test/target/test-dir/MiniOzoneClusterImpl-c8bd075b-66f7-4733-90c4-2d26ad6b76fb/datanode-7/data/ratis/2ea0ff70-9fd8-43a6-89e1-f5d172fb2954/sm/snapshot.2_14
2019-09-10 22:56:35,538 [2f676a21-e66b-4fec-aeac-0283d98823a1@group-F5D172FB2954-StateMachineUpdater] INFO  ratis.ContainerStateMachine (ContainerStateMachine.java:takeSnapshot(300)) - group-F5D172FB2954: Finished taking a snapshot at:(t:2, i:14) file:/workdir/hadoop-ozone/integration-test/target/test-dir/MiniOzoneClusterImpl-c8bd075b-66f7-4733-90c4-2d26ad6b76fb/datanode-7/data/ratis/2ea0ff70-9fd8-43a6-89e1-f5d172fb2954/sm/snapshot.2_14 time:14
2019-09-10 22:56:35,538 [2f676a21-e66b-4fec-aeac-0283d98823a1@group-F5D172FB2954-StateMachineUpdater] INFO  impl.StateMachineUpdater (StateMachineUpdater.java:takeSnapshot(258)) - 2f676a21-e66b-4fec-aeac-0283d98823a1@group-F5D172FB2954-StateMachineUpdater: Took a snapshot at index 14
2019-09-10 22:56:35,538 [2f676a21-e66b-4fec-aeac-0283d98823a1@group-F5D172FB2954-StateMachineUpdater] INFO  impl.StateMachineUpdater (StateMachineUpdater.java:lambda$new$0(83)) - 2f676a21-e66b-4fec-aeac-0283d98823a1@group-F5D172FB2954-StateMachineUpdater: snapshotIndex: updateIncreasingly -1 -> 14
2019-09-10 22:56:35,539 [2f676a21-e66b-4fec-aeac-0283d98823a1@group-F5D172FB2954-StateMachineUpdater] INFO  ratis.ContainerStateMachine (ContainerStateMachine.java:takeSnapshot(289)) - group-F5D172FB2954: Taking a snapshot at:(t:2, i:14) file /workdir/hadoop-ozone/integration-test/target/test-dir/MiniOzoneClusterImpl-c8bd075b-66f7-4733-90c4-2d26ad6b76fb/datanode-7/data/ratis/2ea0ff70-9fd8-43a6-89e1-f5d172fb2954/sm/snapshot.2_14
2019-09-10 22:56:35,551 [2f676a21-e66b-4fec-aeac-0283d98823a1@group-F5D172FB2954-StateMachineUpdater] INFO  ratis.ContainerStateMachine (ContainerStateMachine.java:takeSnapshot(300)) - group-F5D172FB2954: Finished taking a snapshot at:(t:2, i:14) file:/workdir/hadoop-ozone/integration-test/target/test-dir/MiniOzoneClusterImpl-c8bd075b-66f7-4733-90c4-2d26ad6b76fb/datanode-7/data/ratis/2ea0ff70-9fd8-43a6-89e1-f5d172fb2954/sm/snapshot.2_14 time:12
2019-09-10 22:56:35,551 [2f676a21-e66b-4fec-aeac-0283d98823a1@group-F5D172FB2954-StateMachineUpdater] INFO  impl.StateMachineUpdater (StateMachineUpdater.java:takeSnapshot(258)) - 2f676a21-e66b-4fec-aeac-0283d98823a1@group-F5D172FB2954-StateMachineUpdater: Took a snapshot at index 14
2019-09-10 22:56:35,551 [2f676a21-e66b-4fec-aeac-0283d98823a1@group-F5D172FB2954-StateMachineUpdater] INFO  impl.StateMachineUpdater (StateMachineUpdater.java:lambda$new$0(83)) - 2f676a21-e66b-4fec-aeac-0283d98823a1@group-F5D172FB2954-StateMachineUpdater: snapshotIndex: updateIncreasingly 14 -> 14
2019-09-10 22:56:35,551 [main] INFO  impl.RaftServerImpl (ServerState.java:close(385)) - 2f676a21-e66b-4fec-aeac-0283d98823a1@group-F5D172FB2954: closes. applyIndex: 16
2019-09-10 22:56:35,554 [2f676a21-e66b-4fec-aeac-0283d98823a1@group-F5D172FB2954-SegmentedRaftLogWorker] ERROR ratis.XceiverServerRatis (XceiverServerRatis.java:triggerPipelineClose(568)) - pipeline Action CLOSE  on pipeline PipelineID=2ea0ff70-9fd8-43a6-89e1-f5d172fb2954.Reason : WriteLog:17: (t:2, i:17), STATEMACHINELOGENTRY, client-43EE1EA533E7, cid=57-writeStateMachineData interrupted.
2019-09-10 22:56:35,554 [main] INFO  segmented.SegmentedRaftLogWorker (SegmentedRaftLogWorker.java:close(228)) - 2f676a21-e66b-4fec-aeac-0283d98823a1@group-F5D172FB2954-SegmentedRaftLogWorker close()
2019-09-10 22:56:35,556 [main] INFO  impl.RaftServerImpl (RaftServerImpl.java:lambda$shutdown$3(251)) - 2f676a21-e66b-4fec-aeac-0283d98823a1@group-D78154D8C0DB: shutdown
2019-09-10 22:56:35,556 [main] INFO  util.JmxRegister (JmxRegister.java:unregister(73)) - Successfully un-registered JMX Bean with object name Ratis:service=RaftServer,group=group-D78154D8C0DB,id=2f676a21-e66b-4fec-aeac-0283d98823a1
2019-09-10 22:56:35,557 [main] INFO  impl.RoleInfo (RoleInfo.java:shutdownLeaderState(104)) - 2f676a21-e66b-4fec-aeac-0283d98823a1: shutdown LeaderState
2019-09-10 22:56:35,557 [main] INFO  impl.PendingRequests (PendingRequests.java:sendNotLeaderResponses(202)) - 2f676a21-e66b-4fec-aeac-0283d98823a1-PendingRequests: sendNotLeaderResponses
2019-09-10 22:56:35,558 [main] INFO  impl.StateMachineUpdater (StateMachineUpdater.java:stopAndJoin(125)) - 2f676a21-e66b-4fec-aeac-0283d98823a1@group-D78154D8C0DB-StateMachineUpdater: set stopIndex = 0
2019-09-10 22:56:35,558 [main] INFO  impl.RaftServerImpl (ServerState.java:close(385)) - 2f676a21-e66b-4fec-aeac-0283d98823a1@group-D78154D8C0DB: closes. applyIndex: 0
2019-09-10 22:56:35,559 [2f676a21-e66b-4fec-aeac-0283d98823a1@group-D78154D8C0DB-SegmentedRaftLogWorker] INFO  segmented.SegmentedRaftLogWorker (SegmentedRaftLogWorker.java:run(313)) - 2f676a21-e66b-4fec-aeac-0283d98823a1@group-D78154D8C0DB-SegmentedRaftLogWorker was interrupted, exiting. There are 0 tasks remaining in the queue.
2019-09-10 22:56:35,559 [main] INFO  segmented.SegmentedRaftLogWorker (SegmentedRaftLogWorker.java:close(228)) - 2f676a21-e66b-4fec-aeac-0283d98823a1@group-D78154D8C0DB-SegmentedRaftLogWorker close()
2019-09-10 22:56:35,560 [main] INFO  server.GrpcService (GrpcService.java:closeImpl(164)) - 2f676a21-e66b-4fec-aeac-0283d98823a1: shutdown server with port 34748 now
2019-09-10 22:56:35,562 [main] INFO  server.GrpcService (GrpcService.java:closeImpl(172)) - 2f676a21-e66b-4fec-aeac-0283d98823a1: shutdown server with port 34748 successfully
2019-09-10 22:56:35,569 [refreshUsed-/workdir/hadoop-ozone/integration-test/target/test-dir/MiniOzoneClusterImpl-c8bd075b-66f7-4733-90c4-2d26ad6b76fb/datanode-7/data/containers] WARN  fs.CachingGetSpaceUsed (CachingGetSpaceUsed.java:run(183)) - Thread Interrupted waiting to refresh disk information: sleep interrupted
2019-09-10 22:56:35,587 [main] INFO  utils.BackgroundService (BackgroundService.java:shutdown(148)) - Shutting down service BlockDeletingService
2019-09-10 22:56:35,590 [main] INFO  statemachine.DatanodeStateMachine (DatanodeStateMachine.java:stopDaemon(395)) - Ozone container server stopped.
2019-09-10 22:56:35,592 [main] INFO  handler.ContextHandler (ContextHandler.java:doStop(910)) - Stopped o.e.j.w.WebAppContext@663bb8ef{/,null,UNAVAILABLE}{/hddsDatanode}
2019-09-10 22:56:35,593 [main] INFO  server.AbstractConnector (AbstractConnector.java:doStop(318)) - Stopped ServerConnector@2f4e40d7{HTTP/1.1,[http/1.1]}{0.0.0.0:0}
2019-09-10 22:56:35,594 [main] INFO  handler.ContextHandler (ContextHandler.java:doStop(910)) - Stopped o.e.j.s.ServletContextHandler@6cd3ad8a{/static,jar:file:/home/user/.m2/repository/org/apache/hadoop/hadoop-hdds-container-service/0.5.0-SNAPSHOT/hadoop-hdds-container-service-0.5.0-SNAPSHOT.jar!/webapps/static,UNAVAILABLE}
2019-09-10 22:56:35,594 [main] INFO  handler.ContextHandler (ContextHandler.java:doStop(910)) - Stopped o.e.j.s.ServletContextHandler@b9a77c8{/logs,file:///workdir/hadoop-ozone/integration-test/target/log,UNAVAILABLE}
2019-09-10 22:56:35,596 [main] INFO  ozone.MiniOzoneClusterImpl (MiniOzoneClusterImpl.java:stop(339)) - Stopping the StorageContainerManager
2019-09-10 22:56:35,596 [main] INFO  server.StorageContainerManager (StorageContainerManager.java:stop(801)) - Stopping Replication Manager Service.
2019-09-10 22:56:35,596 [main] INFO  container.ReplicationManager (ReplicationManager.java:stop(203)) - Stopping Replication Monitor Thread.
2019-09-10 22:56:35,597 [main] INFO  server.StorageContainerManager (StorageContainerManager.java:stop(808)) - Stopping Lease Manager of the command watchers
2019-09-10 22:56:35,597 [main] INFO  server.StorageContainerManager (StorageContainerManager.java:stop(815)) - Stopping datanode service RPC server
2019-09-10 22:56:35,597 [main] INFO  server.SCMDatanodeProtocolServer (SCMDatanodeProtocolServer.java:stop(367)) - Stopping the RPC server for DataNodes
2019-09-10 22:56:35,598 [main] INFO  ipc.Server (Server.java:stop(3082)) - Stopping server on 40516
2019-09-10 22:56:35,600 [IPC Server listener on 40516] INFO  ipc.Server (Server.java:run(1185)) - Stopping IPC Server listener on 40516
2019-09-10 22:56:35,601 [IPC Server Responder] INFO  ipc.Server (Server.java:run(1319)) - Stopping IPC Server Responder
2019-09-10 22:56:35,691 [SCM Heartbeat Processing Thread - 0] WARN  node.NodeStateManager (NodeStateManager.java:scheduleNextHealthCheck(646)) - Current Thread is interrupted, shutting down HB processing thread for Node Manager.
2019-09-10 22:56:35,691 [main] INFO  server.StorageContainerManager (StorageContainerManager.java:stop(823)) - Stopping block service RPC server
2019-09-10 22:56:35,691 [main] INFO  server.SCMBlockProtocolServer (SCMBlockProtocolServer.java:stop(155)) - Stopping the RPC server for Block Protocol
2019-09-10 22:56:35,692 [main] INFO  ipc.Server (Server.java:stop(3082)) - Stopping server on 44109
2019-09-10 22:56:35,694 [IPC Server listener on 44109] INFO  ipc.Server (Server.java:run(1185)) - Stopping IPC Server listener on 44109
2019-09-10 22:56:35,694 [main] INFO  server.StorageContainerManager (StorageContainerManager.java:stop(830)) - Stopping the StorageContainerLocationProtocol RPC server
2019-09-10 22:56:35,694 [IPC Server Responder] INFO  ipc.Server (Server.java:run(1319)) - Stopping IPC Server Responder
2019-09-10 22:56:35,694 [main] INFO  server.SCMClientProtocolServer (SCMClientProtocolServer.java:stop(159)) - Stopping the RPC server for Client Protocol
2019-09-10 22:56:35,695 [main] INFO  ipc.Server (Server.java:stop(3082)) - Stopping server on 43656
2019-09-10 22:56:35,697 [IPC Server listener on 43656] INFO  ipc.Server (Server.java:run(1185)) - Stopping IPC Server listener on 43656
2019-09-10 22:56:35,697 [main] INFO  server.StorageContainerManager (StorageContainerManager.java:stop(837)) - Stopping Storage Container Manager HTTP server.
2019-09-10 22:56:35,698 [IPC Server Responder] INFO  ipc.Server (Server.java:run(1319)) - Stopping IPC Server Responder
2019-09-10 22:56:35,698 [main] INFO  handler.ContextHandler (ContextHandler.java:doStop(910)) - Stopped o.e.j.w.WebAppContext@7555b920{/,null,UNAVAILABLE}{/scm}
2019-09-10 22:56:35,699 [main] INFO  server.AbstractConnector (AbstractConnector.java:doStop(318)) - Stopped ServerConnector@6db66836{HTTP/1.1,[http/1.1]}{0.0.0.0:0}
2019-09-10 22:56:35,700 [main] INFO  handler.ContextHandler (ContextHandler.java:doStop(910)) - Stopped o.e.j.s.ServletContextHandler@6622fc65{/static,file:///workdir/hadoop-ozone/integration-test/target/test-classes/webapps/static,UNAVAILABLE}
2019-09-10 22:56:35,700 [main] INFO  handler.ContextHandler (ContextHandler.java:doStop(910)) - Stopped o.e.j.s.ServletContextHandler@732f29af{/logs,file:///workdir/hadoop-ozone/integration-test/target/log,UNAVAILABLE}
2019-09-10 22:56:35,702 [main] INFO  server.StorageContainerManager (StorageContainerManager.java:stop(848)) - Stopping Block Manager Service.
2019-09-10 22:56:35,702 [main] INFO  utils.BackgroundService (BackgroundService.java:shutdown(148)) - Shutting down service SCMBlockDeletingService
2019-09-10 22:56:35,702 [main] INFO  utils.BackgroundService (BackgroundService.java:shutdown(148)) - Shutting down service SCMBlockDeletingService
2019-09-10 22:56:35,703 [main] INFO  server.StorageContainerManager (StorageContainerManager.java:stop(870)) - Stopping SCM Event Queue.
2019-09-10 22:56:35,712 [main] INFO  impl.MetricsSystemImpl (MetricsSystemImpl.java:stop(210)) - Stopping XceiverClientMetrics metrics system...
2019-09-10 22:56:35,727 [prometheus] INFO  impl.MetricsSinkAdapter (MetricsSinkAdapter.java:publishMetricsFromQueue(141)) - prometheus thread interrupted.
2019-09-10 22:56:35,727 [main] INFO  impl.MetricsSystemImpl (MetricsSystemImpl.java:stop(216)) - XceiverClientMetrics metrics system stopped.
]]></system-out>
    <system-err><![CDATA[ERROR StatusLogger No Log4j 2 configuration file found. Using default configuration (logging only errors to the console), or user programmatically provided configurations. Set system property 'log4j2.debug' to show Log4j 2 internal initialization logging. See https://logging.apache.org/log4j/2.x/manual/configuration.html for instructions on how to configure Log4j 2
Sep 10, 2019 10:56:15 PM org.apache.ratis.thirdparty.io.grpc.internal.SerializingExecutor run
SEVERE: Exception while executing runnable org.apache.ratis.thirdparty.io.grpc.internal.ServerImpl$JumpToApplicationThreadServerStreamListener$1Closed@54bdba08
org.apache.ratis.thirdparty.io.grpc.StatusRuntimeException: CANCELLED: call already cancelled
	at org.apache.ratis.thirdparty.io.grpc.Status.asRuntimeException(Status.java:517)
	at org.apache.ratis.thirdparty.io.grpc.stub.ServerCalls$ServerCallStreamObserverImpl.onCompleted(ServerCalls.java:356)
	at org.apache.ratis.grpc.server.GrpcServerProtocolService$ServerRequestStreamObserver.onError(GrpcServerProtocolService.java:121)
	at org.apache.ratis.thirdparty.io.grpc.stub.ServerCalls$StreamingServerCallHandler$StreamingServerCallListener.onCancel(ServerCalls.java:269)
	at org.apache.ratis.thirdparty.io.grpc.internal.ServerCallImpl$ServerStreamListenerImpl.closed(ServerCallImpl.java:293)
	at org.apache.ratis.thirdparty.io.grpc.internal.ServerImpl$JumpToApplicationThreadServerStreamListener$1Closed.runInContext(ServerImpl.java:741)
	at org.apache.ratis.thirdparty.io.grpc.internal.ContextRunnable.run(ContextRunnable.java:37)
	at org.apache.ratis.thirdparty.io.grpc.internal.SerializingExecutor.run(SerializingExecutor.java:123)
	at java.util.concurrent.ThreadPoolExecutor.runWorker(ThreadPoolExecutor.java:1149)
	at java.util.concurrent.ThreadPoolExecutor$Worker.run(ThreadPoolExecutor.java:624)
	at java.lang.Thread.run(Thread.java:748)

Sep 10, 2019 10:56:25 PM org.apache.ratis.thirdparty.io.grpc.internal.SerializingExecutor run
SEVERE: Exception while executing runnable org.apache.ratis.thirdparty.io.grpc.internal.ServerImpl$JumpToApplicationThreadServerStreamListener$1Closed@793e618f
org.apache.ratis.thirdparty.io.grpc.StatusRuntimeException: CANCELLED: call already cancelled
	at org.apache.ratis.thirdparty.io.grpc.Status.asRuntimeException(Status.java:517)
	at org.apache.ratis.thirdparty.io.grpc.stub.ServerCalls$ServerCallStreamObserverImpl.onCompleted(ServerCalls.java:356)
	at org.apache.ratis.grpc.server.GrpcServerProtocolService$ServerRequestStreamObserver.onError(GrpcServerProtocolService.java:121)
	at org.apache.ratis.thirdparty.io.grpc.stub.ServerCalls$StreamingServerCallHandler$StreamingServerCallListener.onCancel(ServerCalls.java:269)
	at org.apache.ratis.thirdparty.io.grpc.internal.ServerCallImpl$ServerStreamListenerImpl.closed(ServerCallImpl.java:293)
	at org.apache.ratis.thirdparty.io.grpc.internal.ServerImpl$JumpToApplicationThreadServerStreamListener$1Closed.runInContext(ServerImpl.java:741)
	at org.apache.ratis.thirdparty.io.grpc.internal.ContextRunnable.run(ContextRunnable.java:37)
	at org.apache.ratis.thirdparty.io.grpc.internal.SerializingExecutor.run(SerializingExecutor.java:123)
	at java.util.concurrent.ThreadPoolExecutor.runWorker(ThreadPoolExecutor.java:1149)
	at java.util.concurrent.ThreadPoolExecutor$Worker.run(ThreadPoolExecutor.java:624)
	at java.lang.Thread.run(Thread.java:748)

]]></system-err>
  </testcase>
  <testcase name="testMultiBlockWritesWithDnFailures" classname="org.apache.hadoop.ozone.client.rpc.TestMultiBlockWritesWithDnFailures" time="38.523"/>
</testsuite>