<?xml version="1.0" encoding="UTF-8"?>
<testsuite xmlns:xsi="http://www.w3.org/2001/XMLSchema-instance" xsi:noNamespaceSchemaLocation="https://maven.apache.org/surefire/maven-surefire-plugin/xsd/surefire-test-report.xsd" name="org.apache.hadoop.ozone.client.rpc.TestBlockOutputStream" time="232.088" tests="6" errors="0" skipped="0" failures="1">
  <properties>
    <property name="awt.toolkit" value="sun.awt.X11.XToolkit"/>
    <property name="file.encoding.pkg" value="sun.io"/>
    <property name="java.specification.version" value="1.8"/>
    <property name="sun.cpu.isalist" value=""/>
    <property name="sun.jnu.encoding" value="UTF-8"/>
    <property name="java.class.path" value="/workdir/hadoop-ozone/integration-test/target/test-classes:/workdir/hadoop-ozone/integration-test/target/classes:/home/user/.m2/repository/org/apache/hadoop/hadoop-ozone-common/0.5.0-SNAPSHOT/hadoop-ozone-common-0.5.0-SNAPSHOT.jar:/home/user/.m2/repository/org/apache/commons/commons-compress/1.4.1/commons-compress-1.4.1.jar:/home/user/.m2/repository/org/tukaani/xz/1.0/xz-1.0.jar:/home/user/.m2/repository/org/apache/hadoop/hadoop-common/3.2.0/hadoop-common-3.2.0.jar:/home/user/.m2/repository/org/apache/hadoop/hadoop-hdfs/3.2.0/hadoop-hdfs-3.2.0.jar:/home/user/.m2/repository/org/apache/hadoop/hadoop-hdfs-client/3.2.0/hadoop-hdfs-client-3.2.0.jar:/home/user/.m2/repository/com/fasterxml/jackson/core/jackson-annotations/2.9.5/jackson-annotations-2.9.5.jar:/home/user/.m2/repository/org/apache/hadoop/hadoop-hdds-common/0.5.0-SNAPSHOT/hadoop-hdds-common-0.5.0-SNAPSHOT.jar:/home/user/.m2/repository/javax/annotation/javax.annotation-api/1.2/javax.annotation-api-1.2.jar:/home/user/.m2/repository/org/apache/ratis/ratis-server/0.4.0-78e95b9-SNAPSHOT/ratis-server-0.4.0-78e95b9-SNAPSHOT.jar:/home/user/.m2/repository/org/apache/ratis/ratis-thirdparty-misc/0.2.0/ratis-thirdparty-misc-0.2.0.jar:/home/user/.m2/repository/org/apache/ratis/ratis-proto/0.4.0-78e95b9-SNAPSHOT/ratis-proto-0.4.0-78e95b9-SNAPSHOT.jar:/home/user/.m2/repository/org/apache/ratis/ratis-common/0.4.0-78e95b9-SNAPSHOT/ratis-common-0.4.0-78e95b9-SNAPSHOT.jar:/home/user/.m2/repository/org/apache/ratis/ratis-client/0.4.0-78e95b9-SNAPSHOT/ratis-client-0.4.0-78e95b9-SNAPSHOT.jar:/home/user/.m2/repository/org/apache/ratis/ratis-metrics/0.4.0-78e95b9-SNAPSHOT/ratis-metrics-0.4.0-78e95b9-SNAPSHOT.jar:/home/user/.m2/repository/com/github/joshelser/dropwizard-metrics-hadoop-metrics2-reporter/0.1.2/dropwizard-metrics-hadoop-metrics2-reporter-0.1.2.jar:/home/user/.m2/repository/io/dropwizard/metrics/metrics-jvm/3.2.5/metrics-jvm-3.2.5.jar:/home/user/.m2/repository/io/dropwizard/metrics/metrics-ganglia/3.2.5/metrics-ganglia-3.2.5.jar:/home/user/.m2/repository/info/ganglia/gmetric4j/gmetric4j/1.0.7/gmetric4j-1.0.7.jar:/home/user/.m2/repository/org/apache/ratis/ratis-netty/0.4.0-78e95b9-SNAPSHOT/ratis-netty-0.4.0-78e95b9-SNAPSHOT.jar:/home/user/.m2/repository/org/apache/ratis/ratis-grpc/0.4.0-78e95b9-SNAPSHOT/ratis-grpc-0.4.0-78e95b9-SNAPSHOT.jar:/home/user/.m2/repository/org/rocksdb/rocksdbjni/6.0.1/rocksdbjni-6.0.1.jar:/home/user/.m2/repository/org/apache/logging/log4j/log4j-api/2.11.0/log4j-api-2.11.0.jar:/home/user/.m2/repository/org/apache/logging/log4j/log4j-core/2.11.0/log4j-core-2.11.0.jar:/home/user/.m2/repository/com/lmax/disruptor/3.4.2/disruptor-3.4.2.jar:/home/user/.m2/repository/org/apache/commons/commons-pool2/2.6.0/commons-pool2-2.6.0.jar:/home/user/.m2/repository/org/bouncycastle/bcpkix-jdk15on/1.60/bcpkix-jdk15on-1.60.jar:/home/user/.m2/repository/commons-validator/commons-validator/1.6/commons-validator-1.6.jar:/home/user/.m2/repository/commons-digester/commons-digester/1.8.1/commons-digester-1.8.1.jar:/home/user/.m2/repository/io/jaegertracing/jaeger-client/0.33.1/jaeger-client-0.33.1.jar:/home/user/.m2/repository/io/jaegertracing/jaeger-thrift/0.33.1/jaeger-thrift-0.33.1.jar:/home/user/.m2/repository/org/apache/thrift/libthrift/0.11.0/libthrift-0.11.0.jar:/home/user/.m2/repository/com/squareup/okhttp3/okhttp/3.9.0/okhttp-3.9.0.jar:/home/user/.m2/repository/com/squareup/okio/okio/1.13.0/okio-1.13.0.jar:/home/user/.m2/repository/io/jaegertracing/jaeger-core/0.33.1/jaeger-core-0.33.1.jar:/home/user/.m2/repository/io/jaegertracing/jaeger-tracerresolver/0.33.1/jaeger-tracerresolver-0.33.1.jar:/home/user/.m2/repository/io/opentracing/contrib/opentracing-tracerresolver/0.1.5/opentracing-tracerresolver-0.1.5.jar:/home/user/.m2/repository/io/opentracing/opentracing-util/0.31.0/opentracing-util-0.31.0.jar:/home/user/.m2/repository/io/opentracing/opentracing-api/0.31.0/opentracing-api-0.31.0.jar:/home/user/.m2/repository/io/opentracing/opentracing-noop/0.31.0/opentracing-noop-0.31.0.jar:/home/user/.m2/repository/org/apache/hadoop/hadoop-hdds-server-framework/0.5.0-SNAPSHOT/hadoop-hdds-server-framework-0.5.0-SNAPSHOT.jar:/home/user/.m2/repository/org/apache/hadoop/hadoop-hdds-container-service/0.5.0-SNAPSHOT/hadoop-hdds-container-service-0.5.0-SNAPSHOT.jar:/home/user/.m2/repository/org/apache/hadoop/hadoop-hdds-client/0.5.0-SNAPSHOT/hadoop-hdds-client-0.5.0-SNAPSHOT.jar:/home/user/.m2/repository/org/apache/hadoop/hadoop-hdds-tools/0.5.0-SNAPSHOT/hadoop-hdds-tools-0.5.0-SNAPSHOT.jar:/home/user/.m2/repository/org/apache/hadoop/hadoop-hdds-server-scm/0.5.0-SNAPSHOT/hadoop-hdds-server-scm-0.5.0-SNAPSHOT.jar:/home/user/.m2/repository/org/apache/hadoop/hadoop-hdds-docs/0.5.0-SNAPSHOT/hadoop-hdds-docs-0.5.0-SNAPSHOT.jar:/home/user/.m2/repository/io/dropwizard/metrics/metrics-core/3.2.4/metrics-core-3.2.4.jar:/home/user/.m2/repository/org/hamcrest/hamcrest-all/1.3/hamcrest-all-1.3.jar:/home/user/.m2/repository/org/bouncycastle/bcprov-jdk15on/1.60/bcprov-jdk15on-1.60.jar:/home/user/.m2/repository/info/picocli/picocli/3.9.6/picocli-3.9.6.jar:/home/user/.m2/repository/com/google/protobuf/protobuf-java/2.5.0/protobuf-java-2.5.0.jar:/home/user/.m2/repository/com/google/guava/guava/11.0.2/guava-11.0.2.jar:/home/user/.m2/repository/org/apache/hadoop/hadoop-ozone-ozone-manager/0.5.0-SNAPSHOT/hadoop-ozone-ozone-manager-0.5.0-SNAPSHOT.jar:/home/user/.m2/repository/org/apache/hadoop/hadoop-minikdc/3.2.0/hadoop-minikdc-3.2.0.jar:/home/user/.m2/repository/commons-io/commons-io/2.5/commons-io-2.5.jar:/home/user/.m2/repository/org/apache/kerby/kerb-simplekdc/1.0.1/kerb-simplekdc-1.0.1.jar:/home/user/.m2/repository/org/apache/kerby/kerb-client/1.0.1/kerb-client-1.0.1.jar:/home/user/.m2/repository/org/apache/kerby/kerby-config/1.0.1/kerby-config-1.0.1.jar:/home/user/.m2/repository/org/apache/kerby/kerb-core/1.0.1/kerb-core-1.0.1.jar:/home/user/.m2/repository/org/apache/kerby/kerby-pkix/1.0.1/kerby-pkix-1.0.1.jar:/home/user/.m2/repository/org/apache/kerby/kerby-asn1/1.0.1/kerby-asn1-1.0.1.jar:/home/user/.m2/repository/org/apache/kerby/kerby-util/1.0.1/kerby-util-1.0.1.jar:/home/user/.m2/repository/org/apache/kerby/kerb-common/1.0.1/kerb-common-1.0.1.jar:/home/user/.m2/repository/org/apache/kerby/kerb-crypto/1.0.1/kerb-crypto-1.0.1.jar:/home/user/.m2/repository/org/apache/kerby/kerb-util/1.0.1/kerb-util-1.0.1.jar:/home/user/.m2/repository/org/apache/kerby/token-provider/1.0.1/token-provider-1.0.1.jar:/home/user/.m2/repository/org/apache/kerby/kerb-admin/1.0.1/kerb-admin-1.0.1.jar:/home/user/.m2/repository/org/apache/kerby/kerb-server/1.0.1/kerb-server-1.0.1.jar:/home/user/.m2/repository/org/apache/kerby/kerb-identity/1.0.1/kerb-identity-1.0.1.jar:/home/user/.m2/repository/org/apache/kerby/kerby-xdr/1.0.1/kerby-xdr-1.0.1.jar:/home/user/.m2/repository/org/slf4j/slf4j-log4j12/1.7.25/slf4j-log4j12-1.7.25.jar:/home/user/.m2/repository/org/apache/hadoop/hadoop-ozone-s3gateway/0.5.0-SNAPSHOT/hadoop-ozone-s3gateway-0.5.0-SNAPSHOT.jar:/home/user/.m2/repository/org/jboss/weld/servlet/weld-servlet/2.4.7.Final/weld-servlet-2.4.7.Final.jar:/home/user/.m2/repository/org/glassfish/jersey/containers/jersey-container-servlet-core/2.27/jersey-container-servlet-core-2.27.jar:/home/user/.m2/repository/org/glassfish/hk2/external/javax.inject/2.5.0-b42/javax.inject-2.5.0-b42.jar:/home/user/.m2/repository/org/glassfish/jersey/core/jersey-common/2.27/jersey-common-2.27.jar:/home/user/.m2/repository/org/glassfish/hk2/osgi-resource-locator/1.0.1/osgi-resource-locator-1.0.1.jar:/home/user/.m2/repository/javax/ws/rs/javax.ws.rs-api/2.1/javax.ws.rs-api-2.1.jar:/home/user/.m2/repository/org/glassfish/jersey/ext/cdi/jersey-cdi1x/2.27/jersey-cdi1x-2.27.jar:/home/user/.m2/repository/org/glassfish/jersey/inject/jersey-hk2/2.27/jersey-hk2-2.27.jar:/home/user/.m2/repository/org/glassfish/hk2/hk2-locator/2.5.0-b42/hk2-locator-2.5.0-b42.jar:/home/user/.m2/repository/org/javassist/javassist/3.22.0-CR2/javassist-3.22.0-CR2.jar:/home/user/.m2/repository/org/glassfish/hk2/hk2-api/2.5.0/hk2-api-2.5.0.jar:/home/user/.m2/repository/org/glassfish/hk2/external/jakarta.inject/2.5.0/jakarta.inject-2.5.0.jar:/home/user/.m2/repository/org/glassfish/hk2/hk2-utils/2.5.0/hk2-utils-2.5.0.jar:/home/user/.m2/repository/jakarta/annotation/jakarta.annotation-api/1.3.4/jakarta.annotation-api-1.3.4.jar:/home/user/.m2/repository/org/glassfish/hk2/external/aopalliance-repackaged/2.5.0/aopalliance-repackaged-2.5.0.jar:/home/user/.m2/repository/com/fasterxml/jackson/dataformat/jackson-dataformat-xml/2.9.0/jackson-dataformat-xml-2.9.0.jar:/home/user/.m2/repository/com/fasterxml/jackson/core/jackson-core/2.9.5/jackson-core-2.9.5.jar:/home/user/.m2/repository/com/fasterxml/jackson/module/jackson-module-jaxb-annotations/2.9.5/jackson-module-jaxb-annotations-2.9.5.jar:/home/user/.m2/repository/javax/enterprise/cdi-api/1.2/cdi-api-1.2.jar:/home/user/.m2/repository/javax/el/javax.el-api/3.0.0/javax.el-api-3.0.0.jar:/home/user/.m2/repository/javax/interceptor/javax.interceptor-api/1.2/javax.interceptor-api-1.2.jar:/home/user/.m2/repository/javax/inject/javax.inject/1/javax.inject-1.jar:/home/user/.m2/repository/com/sun/xml/bind/jaxb-impl/2.3.0.1/jaxb-impl-2.3.0.1.jar:/home/user/.m2/repository/com/sun/xml/bind/jaxb-core/2.3.0.1/jaxb-core-2.3.0.1.jar:/home/user/.m2/repository/javax/xml/bind/jaxb-api/2.3.0/jaxb-api-2.3.0.jar:/home/user/.m2/repository/javax/activation/activation/1.1.1/activation-1.1.1.jar:/home/user/.m2/repository/org/apache/hadoop/hadoop-ozone-csi/0.5.0-SNAPSHOT/hadoop-ozone-csi-0.5.0-SNAPSHOT.jar:/home/user/.m2/repository/com/google/protobuf/protobuf-java-util/3.5.1/protobuf-java-util-3.5.1.jar:/home/user/.m2/repository/org/apache/hadoop/hadoop-hdds-config/0.5.0-SNAPSHOT/hadoop-hdds-config-0.5.0-SNAPSHOT.jar:/home/user/.m2/repository/io/grpc/grpc-netty/1.17.1/grpc-netty-1.17.1.jar:/home/user/.m2/repository/io/grpc/grpc-core/1.17.1/grpc-core-1.17.1.jar:/home/user/.m2/repository/io/grpc/grpc-context/1.17.1/grpc-context-1.17.1.jar:/home/user/.m2/repository/com/google/errorprone/error_prone_annotations/2.2.0/error_prone_annotations-2.2.0.jar:/home/user/.m2/repository/org/codehaus/mojo/animal-sniffer-annotations/1.17/animal-sniffer-annotations-1.17.jar:/home/user/.m2/repository/io/opencensus/opencensus-api/0.17.0/opencensus-api-0.17.0.jar:/home/user/.m2/repository/io/opencensus/opencensus-contrib-grpc-metrics/0.17.0/opencensus-contrib-grpc-metrics-0.17.0.jar:/home/user/.m2/repository/io/netty/netty-codec-http2/4.1.30.Final/netty-codec-http2-4.1.30.Final.jar:/home/user/.m2/repository/io/netty/netty-codec-http/4.1.30.Final/netty-codec-http-4.1.30.Final.jar:/home/user/.m2/repository/io/netty/netty-codec/4.1.30.Final/netty-codec-4.1.30.Final.jar:/home/user/.m2/repository/io/netty/netty-handler/4.1.30.Final/netty-handler-4.1.30.Final.jar:/home/user/.m2/repository/io/netty/netty-handler-proxy/4.1.30.Final/netty-handler-proxy-4.1.30.Final.jar:/home/user/.m2/repository/io/netty/netty-codec-socks/4.1.30.Final/netty-codec-socks-4.1.30.Final.jar:/home/user/.m2/repository/io/netty/netty-transport-native-epoll/4.1.30.Final/netty-transport-native-epoll-4.1.30.Final.jar:/home/user/.m2/repository/io/netty/netty-common/4.1.30.Final/netty-common-4.1.30.Final.jar:/home/user/.m2/repository/io/netty/netty-buffer/4.1.30.Final/netty-buffer-4.1.30.Final.jar:/home/user/.m2/repository/io/netty/netty-transport/4.1.30.Final/netty-transport-4.1.30.Final.jar:/home/user/.m2/repository/io/netty/netty-resolver/4.1.30.Final/netty-resolver-4.1.30.Final.jar:/home/user/.m2/repository/io/netty/netty-transport-native-unix-common/4.1.30.Final/netty-transport-native-unix-common-4.1.30.Final.jar:/home/user/.m2/repository/io/grpc/grpc-protobuf/1.17.1/grpc-protobuf-1.17.1.jar:/home/user/.m2/repository/com/google/api/grpc/proto-google-common-protos/1.0.0/proto-google-common-protos-1.0.0.jar:/home/user/.m2/repository/io/grpc/grpc-protobuf-lite/1.17.1/grpc-protobuf-lite-1.17.1.jar:/home/user/.m2/repository/io/grpc/grpc-stub/1.17.1/grpc-stub-1.17.1.jar:/home/user/.m2/repository/org/apache/hadoop/hadoop-ozone-recon/0.5.0-SNAPSHOT/hadoop-ozone-recon-0.5.0-SNAPSHOT.jar:/home/user/.m2/repository/org/apache/hadoop/hadoop-ozone-reconcodegen/0.5.0-SNAPSHOT/hadoop-ozone-reconcodegen-0.5.0-SNAPSHOT.jar:/home/user/.m2/repository/com/google/inject/extensions/guice-multibindings/4.0/guice-multibindings-4.0.jar:/home/user/.m2/repository/com/google/inject/guice/4.0/guice-4.0.jar:/home/user/.m2/repository/aopalliance/aopalliance/1.0/aopalliance-1.0.jar:/home/user/.m2/repository/com/google/inject/extensions/guice-servlet/4.0/guice-servlet-4.0.jar:/home/user/.m2/repository/org/glassfish/jersey/containers/jersey-container-servlet/2.27/jersey-container-servlet-2.27.jar:/home/user/.m2/repository/org/glassfish/hk2/guice-bridge/2.5.0/guice-bridge-2.5.0.jar:/home/user/.m2/repository/org/glassfish/jersey/core/jersey-server/2.27/jersey-server-2.27.jar:/home/user/.m2/repository/org/glassfish/jersey/core/jersey-client/2.27/jersey-client-2.27.jar:/home/user/.m2/repository/org/glassfish/jersey/media/jersey-media-jaxb/2.27/jersey-media-jaxb-2.27.jar:/home/user/.m2/repository/javax/validation/validation-api/1.1.0.Final/validation-api-1.1.0.Final.jar:/home/user/.m2/repository/org/glassfish/jersey/media/jersey-media-json-jackson/2.27/jersey-media-json-jackson-2.27.jar:/home/user/.m2/repository/org/glassfish/jersey/ext/jersey-entity-filtering/2.27/jersey-entity-filtering-2.27.jar:/home/user/.m2/repository/com/google/inject/extensions/guice-assistedinject/4.0/guice-assistedinject-4.0.jar:/home/user/.m2/repository/org/jooq/jooq/3.11.10/jooq-3.11.10.jar:/home/user/.m2/repository/org/jooq/jooq-meta/3.11.10/jooq-meta-3.11.10.jar:/home/user/.m2/repository/org/jooq/jooq-codegen/3.11.10/jooq-codegen-3.11.10.jar:/home/user/.m2/repository/com/jolbox/bonecp/0.8.0.RELEASE/bonecp-0.8.0.RELEASE.jar:/home/user/.m2/repository/org/xerial/sqlite-jdbc/3.25.2/sqlite-jdbc-3.25.2.jar:/home/user/.m2/repository/org/springframework/spring-jdbc/5.1.3.RELEASE/spring-jdbc-5.1.3.RELEASE.jar:/home/user/.m2/repository/org/springframework/spring-beans/5.1.3.RELEASE/spring-beans-5.1.3.RELEASE.jar:/home/user/.m2/repository/org/springframework/spring-core/5.1.3.RELEASE/spring-core-5.1.3.RELEASE.jar:/home/user/.m2/repository/org/springframework/spring-jcl/5.1.3.RELEASE/spring-jcl-5.1.3.RELEASE.jar:/home/user/.m2/repository/org/springframework/spring-tx/5.1.3.RELEASE/spring-tx-5.1.3.RELEASE.jar:/home/user/.m2/repository/org/apache/hadoop/hadoop-ozone-client/0.5.0-SNAPSHOT/hadoop-ozone-client-0.5.0-SNAPSHOT.jar:/home/user/.m2/repository/commons-lang/commons-lang/2.6/commons-lang-2.6.jar:/home/user/.m2/repository/org/apache/hadoop/hadoop-ozone-ozone-manager/0.5.0-SNAPSHOT/hadoop-ozone-ozone-manager-0.5.0-SNAPSHOT-tests.jar:/home/user/.m2/repository/junit/junit/4.11/junit-4.11.jar:/home/user/.m2/repository/org/hamcrest/hamcrest-core/1.3/hamcrest-core-1.3.jar:/home/user/.m2/repository/org/openjdk/jmh/jmh-core/1.19/jmh-core-1.19.jar:/home/user/.m2/repository/net/sf/jopt-simple/jopt-simple/4.6/jopt-simple-4.6.jar:/home/user/.m2/repository/org/apache/commons/commons-math3/3.1.1/commons-math3-3.1.1.jar:/home/user/.m2/repository/org/openjdk/jmh/jmh-generator-annprocess/1.19/jmh-generator-annprocess-1.19.jar:/home/user/.m2/repository/org/mockito/mockito-all/1.8.5/mockito-all-1.8.5.jar:/home/user/.m2/repository/org/apache/hadoop/hadoop-kms/3.2.0/hadoop-kms-3.2.0.jar:/home/user/.m2/repository/org/apache/hadoop/hadoop-auth/3.2.0/hadoop-auth-3.2.0.jar:/home/user/.m2/repository/com/nimbusds/nimbus-jose-jwt/4.41.1/nimbus-jose-jwt-4.41.1.jar:/home/user/.m2/repository/com/github/stephenc/jcip/jcip-annotations/1.0-1/jcip-annotations-1.0-1.jar:/home/user/.m2/repository/net/minidev/json-smart/2.3/json-smart-2.3.jar:/home/user/.m2/repository/net/minidev/accessors-smart/1.2/accessors-smart-1.2.jar:/home/user/.m2/repository/org/ow2/asm/asm/5.0.4/asm-5.0.4.jar:/home/user/.m2/repository/org/apache/curator/curator-framework/2.12.0/curator-framework-2.12.0.jar:/home/user/.m2/repository/com/sun/jersey/jersey-core/1.19/jersey-core-1.19.jar:/home/user/.m2/repository/javax/ws/rs/jsr311-api/1.1.1/jsr311-api-1.1.1.jar:/home/user/.m2/repository/com/sun/jersey/jersey-server/1.19/jersey-server-1.19.jar:/home/user/.m2/repository/javax/servlet/javax.servlet-api/3.1.0/javax.servlet-api-3.1.0.jar:/home/user/.m2/repository/org/eclipse/jetty/jetty-server/9.3.24.v20180605/jetty-server-9.3.24.v20180605.jar:/home/user/.m2/repository/org/eclipse/jetty/jetty-http/9.3.24.v20180605/jetty-http-9.3.24.v20180605.jar:/home/user/.m2/repository/org/eclipse/jetty/jetty-io/9.3.24.v20180605/jetty-io-9.3.24.v20180605.jar:/home/user/.m2/repository/org/eclipse/jetty/jetty-webapp/9.3.24.v20180605/jetty-webapp-9.3.24.v20180605.jar:/home/user/.m2/repository/org/eclipse/jetty/jetty-xml/9.3.24.v20180605/jetty-xml-9.3.24.v20180605.jar:/home/user/.m2/repository/log4j/log4j/1.2.17/log4j-1.2.17.jar:/home/user/.m2/repository/org/slf4j/slf4j-api/1.7.25/slf4j-api-1.7.25.jar:/home/user/.m2/repository/org/slf4j/jul-to-slf4j/1.7.25/jul-to-slf4j-1.7.25.jar:/home/user/.m2/repository/org/eclipse/jetty/jetty-util/9.3.24.v20180605/jetty-util-9.3.24.v20180605.jar:/home/user/.m2/repository/com/fasterxml/jackson/core/jackson-databind/2.9.5/jackson-databind-2.9.5.jar:/home/user/.m2/repository/org/apache/hadoop/hadoop-kms/3.2.0/hadoop-kms-3.2.0-tests.jar:/home/user/.m2/repository/org/apache/hadoop/hadoop-hdds-server-scm/0.5.0-SNAPSHOT/hadoop-hdds-server-scm-0.5.0-SNAPSHOT-tests.jar:/home/user/.m2/repository/org/apache/hadoop/hadoop-hdds-container-service/0.5.0-SNAPSHOT/hadoop-hdds-container-service-0.5.0-SNAPSHOT-tests.jar:/home/user/.m2/repository/org/yaml/snakeyaml/1.16/snakeyaml-1.16.jar:/home/user/.m2/repository/org/apache/hadoop/hadoop-common/3.2.0/hadoop-common-3.2.0-tests.jar:/home/user/.m2/repository/org/apache/hadoop/hadoop-annotations/3.2.0/hadoop-annotations-3.2.0.jar:/usr/lib/jvm/java-1.8-openjdk/jre/../lib/tools.jar:/home/user/.m2/repository/commons-cli/commons-cli/1.2/commons-cli-1.2.jar:/home/user/.m2/repository/org/apache/httpcomponents/httpclient/4.5.2/httpclient-4.5.2.jar:/home/user/.m2/repository/org/apache/httpcomponents/httpcore/4.4.4/httpcore-4.4.4.jar:/home/user/.m2/repository/commons-codec/commons-codec/1.11/commons-codec-1.11.jar:/home/user/.m2/repository/commons-net/commons-net/3.6/commons-net-3.6.jar:/home/user/.m2/repository/commons-collections/commons-collections/3.2.2/commons-collections-3.2.2.jar:/home/user/.m2/repository/org/eclipse/jetty/jetty-servlet/9.3.24.v20180605/jetty-servlet-9.3.24.v20180605.jar:/home/user/.m2/repository/org/eclipse/jetty/jetty-security/9.3.24.v20180605/jetty-security-9.3.24.v20180605.jar:/home/user/.m2/repository/javax/servlet/jsp/jsp-api/2.1/jsp-api-2.1.jar:/home/user/.m2/repository/com/sun/jersey/jersey-servlet/1.19/jersey-servlet-1.19.jar:/home/user/.m2/repository/com/sun/jersey/jersey-json/1.19/jersey-json-1.19.jar:/home/user/.m2/repository/org/codehaus/jettison/jettison/1.1/jettison-1.1.jar:/home/user/.m2/repository/org/codehaus/jackson/jackson-core-asl/1.9.13/jackson-core-asl-1.9.13.jar:/home/user/.m2/repository/org/codehaus/jackson/jackson-mapper-asl/1.9.13/jackson-mapper-asl-1.9.13.jar:/home/user/.m2/repository/org/codehaus/jackson/jackson-jaxrs/1.9.13/jackson-jaxrs-1.9.13.jar:/home/user/.m2/repository/org/codehaus/jackson/jackson-xc/1.9.13/jackson-xc-1.9.13.jar:/home/user/.m2/repository/commons-logging/commons-logging/1.1.3/commons-logging-1.1.3.jar:/home/user/.m2/repository/commons-beanutils/commons-beanutils/1.9.3/commons-beanutils-1.9.3.jar:/home/user/.m2/repository/org/apache/commons/commons-configuration2/2.1.1/commons-configuration2-2.1.1.jar:/home/user/.m2/repository/org/apache/commons/commons-lang3/3.7/commons-lang3-3.7.jar:/home/user/.m2/repository/org/apache/commons/commons-text/1.4/commons-text-1.4.jar:/home/user/.m2/repository/org/apache/avro/avro/1.7.7/avro-1.7.7.jar:/home/user/.m2/repository/com/thoughtworks/paranamer/paranamer/2.3/paranamer-2.3.jar:/home/user/.m2/repository/org/xerial/snappy/snappy-java/1.0.5/snappy-java-1.0.5.jar:/home/user/.m2/repository/com/google/re2j/re2j/1.1/re2j-1.1.jar:/home/user/.m2/repository/com/google/code/gson/gson/2.2.4/gson-2.2.4.jar:/home/user/.m2/repository/com/jcraft/jsch/0.1.54/jsch-0.1.54.jar:/home/user/.m2/repository/org/apache/curator/curator-client/2.12.0/curator-client-2.12.0.jar:/home/user/.m2/repository/org/apache/curator/curator-recipes/2.12.0/curator-recipes-2.12.0.jar:/home/user/.m2/repository/com/google/code/findbugs/jsr305/3.0.0/jsr305-3.0.0.jar:/home/user/.m2/repository/org/apache/htrace/htrace-core4/4.1.0-incubating/htrace-core4-4.1.0-incubating.jar:/home/user/.m2/repository/org/apache/zookeeper/zookeeper/3.4.13/zookeeper-3.4.13.jar:/home/user/.m2/repository/org/apache/yetus/audience-annotations/0.5.0/audience-annotations-0.5.0.jar:/home/user/.m2/repository/org/codehaus/woodstox/stax2-api/3.1.4/stax2-api-3.1.4.jar:/home/user/.m2/repository/com/fasterxml/woodstox/woodstox-core/5.0.3/woodstox-core-5.0.3.jar:/home/user/.m2/repository/dnsjava/dnsjava/2.1.7/dnsjava-2.1.7.jar:/home/user/.m2/repository/org/apache/hadoop/hadoop-hdfs/3.2.0/hadoop-hdfs-3.2.0-tests.jar:/home/user/.m2/repository/org/eclipse/jetty/jetty-util-ajax/9.3.24.v20180605/jetty-util-ajax-9.3.24.v20180605.jar:/home/user/.m2/repository/commons-daemon/commons-daemon/1.0.13/commons-daemon-1.0.13.jar:/home/user/.m2/repository/io/netty/netty/3.10.5.Final/netty-3.10.5.Final.jar:/home/user/.m2/repository/io/netty/netty-all/4.0.52.Final/netty-all-4.0.52.Final.jar:/home/user/.m2/repository/org/fusesource/leveldbjni/leveldbjni-all/1.8/leveldbjni-all-1.8.jar:"/>
    <property name="java.vm.vendor" value="IcedTea"/>
    <property name="sun.arch.data.model" value="64"/>
    <property name="test.build.dir" value="/workdir/hadoop-ozone/integration-test/target/test-dir"/>
    <property name="test.cache.data" value=""/>
    <property name="java.vendor.url" value="https://icedtea.classpath.org"/>
    <property name="user.timezone" value=""/>
    <property name="java.vm.specification.version" value="1.8"/>
    <property name="os.name" value="Linux"/>
    <property name="test.build.data" value="/workdir/hadoop-ozone/integration-test/target/test-dir"/>
    <property name="user.country" value="US"/>
    <property name="sun.java.launcher" value="SUN_STANDARD"/>
    <property name="sun.boot.library.path" value="/usr/lib/jvm/java-1.8-openjdk/jre/lib/amd64"/>
    <property name="sun.java.command" value="/workdir/hadoop-ozone/integration-test/target/surefire/surefirebooter3695044000978784490.jar /workdir/hadoop-ozone/integration-test/target/surefire 2019-09-10T21-34-56_894-jvmRun1 surefire5476416804087176597tmp surefire_39621196625402242405tmp"/>
    <property name="test" value="!TestMiniChaosOzoneCluster"/>
    <property name="surefire.test.class.path" value="/workdir/hadoop-ozone/integration-test/target/test-classes:/workdir/hadoop-ozone/integration-test/target/classes:/home/user/.m2/repository/org/apache/hadoop/hadoop-ozone-common/0.5.0-SNAPSHOT/hadoop-ozone-common-0.5.0-SNAPSHOT.jar:/home/user/.m2/repository/org/apache/commons/commons-compress/1.4.1/commons-compress-1.4.1.jar:/home/user/.m2/repository/org/tukaani/xz/1.0/xz-1.0.jar:/home/user/.m2/repository/org/apache/hadoop/hadoop-common/3.2.0/hadoop-common-3.2.0.jar:/home/user/.m2/repository/org/apache/hadoop/hadoop-hdfs/3.2.0/hadoop-hdfs-3.2.0.jar:/home/user/.m2/repository/org/apache/hadoop/hadoop-hdfs-client/3.2.0/hadoop-hdfs-client-3.2.0.jar:/home/user/.m2/repository/com/fasterxml/jackson/core/jackson-annotations/2.9.5/jackson-annotations-2.9.5.jar:/home/user/.m2/repository/org/apache/hadoop/hadoop-hdds-common/0.5.0-SNAPSHOT/hadoop-hdds-common-0.5.0-SNAPSHOT.jar:/home/user/.m2/repository/javax/annotation/javax.annotation-api/1.2/javax.annotation-api-1.2.jar:/home/user/.m2/repository/org/apache/ratis/ratis-server/0.4.0-78e95b9-SNAPSHOT/ratis-server-0.4.0-78e95b9-SNAPSHOT.jar:/home/user/.m2/repository/org/apache/ratis/ratis-thirdparty-misc/0.2.0/ratis-thirdparty-misc-0.2.0.jar:/home/user/.m2/repository/org/apache/ratis/ratis-proto/0.4.0-78e95b9-SNAPSHOT/ratis-proto-0.4.0-78e95b9-SNAPSHOT.jar:/home/user/.m2/repository/org/apache/ratis/ratis-common/0.4.0-78e95b9-SNAPSHOT/ratis-common-0.4.0-78e95b9-SNAPSHOT.jar:/home/user/.m2/repository/org/apache/ratis/ratis-client/0.4.0-78e95b9-SNAPSHOT/ratis-client-0.4.0-78e95b9-SNAPSHOT.jar:/home/user/.m2/repository/org/apache/ratis/ratis-metrics/0.4.0-78e95b9-SNAPSHOT/ratis-metrics-0.4.0-78e95b9-SNAPSHOT.jar:/home/user/.m2/repository/com/github/joshelser/dropwizard-metrics-hadoop-metrics2-reporter/0.1.2/dropwizard-metrics-hadoop-metrics2-reporter-0.1.2.jar:/home/user/.m2/repository/io/dropwizard/metrics/metrics-jvm/3.2.5/metrics-jvm-3.2.5.jar:/home/user/.m2/repository/io/dropwizard/metrics/metrics-ganglia/3.2.5/metrics-ganglia-3.2.5.jar:/home/user/.m2/repository/info/ganglia/gmetric4j/gmetric4j/1.0.7/gmetric4j-1.0.7.jar:/home/user/.m2/repository/org/apache/ratis/ratis-netty/0.4.0-78e95b9-SNAPSHOT/ratis-netty-0.4.0-78e95b9-SNAPSHOT.jar:/home/user/.m2/repository/org/apache/ratis/ratis-grpc/0.4.0-78e95b9-SNAPSHOT/ratis-grpc-0.4.0-78e95b9-SNAPSHOT.jar:/home/user/.m2/repository/org/rocksdb/rocksdbjni/6.0.1/rocksdbjni-6.0.1.jar:/home/user/.m2/repository/org/apache/logging/log4j/log4j-api/2.11.0/log4j-api-2.11.0.jar:/home/user/.m2/repository/org/apache/logging/log4j/log4j-core/2.11.0/log4j-core-2.11.0.jar:/home/user/.m2/repository/com/lmax/disruptor/3.4.2/disruptor-3.4.2.jar:/home/user/.m2/repository/org/apache/commons/commons-pool2/2.6.0/commons-pool2-2.6.0.jar:/home/user/.m2/repository/org/bouncycastle/bcpkix-jdk15on/1.60/bcpkix-jdk15on-1.60.jar:/home/user/.m2/repository/commons-validator/commons-validator/1.6/commons-validator-1.6.jar:/home/user/.m2/repository/commons-digester/commons-digester/1.8.1/commons-digester-1.8.1.jar:/home/user/.m2/repository/io/jaegertracing/jaeger-client/0.33.1/jaeger-client-0.33.1.jar:/home/user/.m2/repository/io/jaegertracing/jaeger-thrift/0.33.1/jaeger-thrift-0.33.1.jar:/home/user/.m2/repository/org/apache/thrift/libthrift/0.11.0/libthrift-0.11.0.jar:/home/user/.m2/repository/com/squareup/okhttp3/okhttp/3.9.0/okhttp-3.9.0.jar:/home/user/.m2/repository/com/squareup/okio/okio/1.13.0/okio-1.13.0.jar:/home/user/.m2/repository/io/jaegertracing/jaeger-core/0.33.1/jaeger-core-0.33.1.jar:/home/user/.m2/repository/io/jaegertracing/jaeger-tracerresolver/0.33.1/jaeger-tracerresolver-0.33.1.jar:/home/user/.m2/repository/io/opentracing/contrib/opentracing-tracerresolver/0.1.5/opentracing-tracerresolver-0.1.5.jar:/home/user/.m2/repository/io/opentracing/opentracing-util/0.31.0/opentracing-util-0.31.0.jar:/home/user/.m2/repository/io/opentracing/opentracing-api/0.31.0/opentracing-api-0.31.0.jar:/home/user/.m2/repository/io/opentracing/opentracing-noop/0.31.0/opentracing-noop-0.31.0.jar:/home/user/.m2/repository/org/apache/hadoop/hadoop-hdds-server-framework/0.5.0-SNAPSHOT/hadoop-hdds-server-framework-0.5.0-SNAPSHOT.jar:/home/user/.m2/repository/org/apache/hadoop/hadoop-hdds-container-service/0.5.0-SNAPSHOT/hadoop-hdds-container-service-0.5.0-SNAPSHOT.jar:/home/user/.m2/repository/org/apache/hadoop/hadoop-hdds-client/0.5.0-SNAPSHOT/hadoop-hdds-client-0.5.0-SNAPSHOT.jar:/home/user/.m2/repository/org/apache/hadoop/hadoop-hdds-tools/0.5.0-SNAPSHOT/hadoop-hdds-tools-0.5.0-SNAPSHOT.jar:/home/user/.m2/repository/org/apache/hadoop/hadoop-hdds-server-scm/0.5.0-SNAPSHOT/hadoop-hdds-server-scm-0.5.0-SNAPSHOT.jar:/home/user/.m2/repository/org/apache/hadoop/hadoop-hdds-docs/0.5.0-SNAPSHOT/hadoop-hdds-docs-0.5.0-SNAPSHOT.jar:/home/user/.m2/repository/io/dropwizard/metrics/metrics-core/3.2.4/metrics-core-3.2.4.jar:/home/user/.m2/repository/org/hamcrest/hamcrest-all/1.3/hamcrest-all-1.3.jar:/home/user/.m2/repository/org/bouncycastle/bcprov-jdk15on/1.60/bcprov-jdk15on-1.60.jar:/home/user/.m2/repository/info/picocli/picocli/3.9.6/picocli-3.9.6.jar:/home/user/.m2/repository/com/google/protobuf/protobuf-java/2.5.0/protobuf-java-2.5.0.jar:/home/user/.m2/repository/com/google/guava/guava/11.0.2/guava-11.0.2.jar:/home/user/.m2/repository/org/apache/hadoop/hadoop-ozone-ozone-manager/0.5.0-SNAPSHOT/hadoop-ozone-ozone-manager-0.5.0-SNAPSHOT.jar:/home/user/.m2/repository/org/apache/hadoop/hadoop-minikdc/3.2.0/hadoop-minikdc-3.2.0.jar:/home/user/.m2/repository/commons-io/commons-io/2.5/commons-io-2.5.jar:/home/user/.m2/repository/org/apache/kerby/kerb-simplekdc/1.0.1/kerb-simplekdc-1.0.1.jar:/home/user/.m2/repository/org/apache/kerby/kerb-client/1.0.1/kerb-client-1.0.1.jar:/home/user/.m2/repository/org/apache/kerby/kerby-config/1.0.1/kerby-config-1.0.1.jar:/home/user/.m2/repository/org/apache/kerby/kerb-core/1.0.1/kerb-core-1.0.1.jar:/home/user/.m2/repository/org/apache/kerby/kerby-pkix/1.0.1/kerby-pkix-1.0.1.jar:/home/user/.m2/repository/org/apache/kerby/kerby-asn1/1.0.1/kerby-asn1-1.0.1.jar:/home/user/.m2/repository/org/apache/kerby/kerby-util/1.0.1/kerby-util-1.0.1.jar:/home/user/.m2/repository/org/apache/kerby/kerb-common/1.0.1/kerb-common-1.0.1.jar:/home/user/.m2/repository/org/apache/kerby/kerb-crypto/1.0.1/kerb-crypto-1.0.1.jar:/home/user/.m2/repository/org/apache/kerby/kerb-util/1.0.1/kerb-util-1.0.1.jar:/home/user/.m2/repository/org/apache/kerby/token-provider/1.0.1/token-provider-1.0.1.jar:/home/user/.m2/repository/org/apache/kerby/kerb-admin/1.0.1/kerb-admin-1.0.1.jar:/home/user/.m2/repository/org/apache/kerby/kerb-server/1.0.1/kerb-server-1.0.1.jar:/home/user/.m2/repository/org/apache/kerby/kerb-identity/1.0.1/kerb-identity-1.0.1.jar:/home/user/.m2/repository/org/apache/kerby/kerby-xdr/1.0.1/kerby-xdr-1.0.1.jar:/home/user/.m2/repository/org/slf4j/slf4j-log4j12/1.7.25/slf4j-log4j12-1.7.25.jar:/home/user/.m2/repository/org/apache/hadoop/hadoop-ozone-s3gateway/0.5.0-SNAPSHOT/hadoop-ozone-s3gateway-0.5.0-SNAPSHOT.jar:/home/user/.m2/repository/org/jboss/weld/servlet/weld-servlet/2.4.7.Final/weld-servlet-2.4.7.Final.jar:/home/user/.m2/repository/org/glassfish/jersey/containers/jersey-container-servlet-core/2.27/jersey-container-servlet-core-2.27.jar:/home/user/.m2/repository/org/glassfish/hk2/external/javax.inject/2.5.0-b42/javax.inject-2.5.0-b42.jar:/home/user/.m2/repository/org/glassfish/jersey/core/jersey-common/2.27/jersey-common-2.27.jar:/home/user/.m2/repository/org/glassfish/hk2/osgi-resource-locator/1.0.1/osgi-resource-locator-1.0.1.jar:/home/user/.m2/repository/javax/ws/rs/javax.ws.rs-api/2.1/javax.ws.rs-api-2.1.jar:/home/user/.m2/repository/org/glassfish/jersey/ext/cdi/jersey-cdi1x/2.27/jersey-cdi1x-2.27.jar:/home/user/.m2/repository/org/glassfish/jersey/inject/jersey-hk2/2.27/jersey-hk2-2.27.jar:/home/user/.m2/repository/org/glassfish/hk2/hk2-locator/2.5.0-b42/hk2-locator-2.5.0-b42.jar:/home/user/.m2/repository/org/javassist/javassist/3.22.0-CR2/javassist-3.22.0-CR2.jar:/home/user/.m2/repository/org/glassfish/hk2/hk2-api/2.5.0/hk2-api-2.5.0.jar:/home/user/.m2/repository/org/glassfish/hk2/external/jakarta.inject/2.5.0/jakarta.inject-2.5.0.jar:/home/user/.m2/repository/org/glassfish/hk2/hk2-utils/2.5.0/hk2-utils-2.5.0.jar:/home/user/.m2/repository/jakarta/annotation/jakarta.annotation-api/1.3.4/jakarta.annotation-api-1.3.4.jar:/home/user/.m2/repository/org/glassfish/hk2/external/aopalliance-repackaged/2.5.0/aopalliance-repackaged-2.5.0.jar:/home/user/.m2/repository/com/fasterxml/jackson/dataformat/jackson-dataformat-xml/2.9.0/jackson-dataformat-xml-2.9.0.jar:/home/user/.m2/repository/com/fasterxml/jackson/core/jackson-core/2.9.5/jackson-core-2.9.5.jar:/home/user/.m2/repository/com/fasterxml/jackson/module/jackson-module-jaxb-annotations/2.9.5/jackson-module-jaxb-annotations-2.9.5.jar:/home/user/.m2/repository/javax/enterprise/cdi-api/1.2/cdi-api-1.2.jar:/home/user/.m2/repository/javax/el/javax.el-api/3.0.0/javax.el-api-3.0.0.jar:/home/user/.m2/repository/javax/interceptor/javax.interceptor-api/1.2/javax.interceptor-api-1.2.jar:/home/user/.m2/repository/javax/inject/javax.inject/1/javax.inject-1.jar:/home/user/.m2/repository/com/sun/xml/bind/jaxb-impl/2.3.0.1/jaxb-impl-2.3.0.1.jar:/home/user/.m2/repository/com/sun/xml/bind/jaxb-core/2.3.0.1/jaxb-core-2.3.0.1.jar:/home/user/.m2/repository/javax/xml/bind/jaxb-api/2.3.0/jaxb-api-2.3.0.jar:/home/user/.m2/repository/javax/activation/activation/1.1.1/activation-1.1.1.jar:/home/user/.m2/repository/org/apache/hadoop/hadoop-ozone-csi/0.5.0-SNAPSHOT/hadoop-ozone-csi-0.5.0-SNAPSHOT.jar:/home/user/.m2/repository/com/google/protobuf/protobuf-java-util/3.5.1/protobuf-java-util-3.5.1.jar:/home/user/.m2/repository/org/apache/hadoop/hadoop-hdds-config/0.5.0-SNAPSHOT/hadoop-hdds-config-0.5.0-SNAPSHOT.jar:/home/user/.m2/repository/io/grpc/grpc-netty/1.17.1/grpc-netty-1.17.1.jar:/home/user/.m2/repository/io/grpc/grpc-core/1.17.1/grpc-core-1.17.1.jar:/home/user/.m2/repository/io/grpc/grpc-context/1.17.1/grpc-context-1.17.1.jar:/home/user/.m2/repository/com/google/errorprone/error_prone_annotations/2.2.0/error_prone_annotations-2.2.0.jar:/home/user/.m2/repository/org/codehaus/mojo/animal-sniffer-annotations/1.17/animal-sniffer-annotations-1.17.jar:/home/user/.m2/repository/io/opencensus/opencensus-api/0.17.0/opencensus-api-0.17.0.jar:/home/user/.m2/repository/io/opencensus/opencensus-contrib-grpc-metrics/0.17.0/opencensus-contrib-grpc-metrics-0.17.0.jar:/home/user/.m2/repository/io/netty/netty-codec-http2/4.1.30.Final/netty-codec-http2-4.1.30.Final.jar:/home/user/.m2/repository/io/netty/netty-codec-http/4.1.30.Final/netty-codec-http-4.1.30.Final.jar:/home/user/.m2/repository/io/netty/netty-codec/4.1.30.Final/netty-codec-4.1.30.Final.jar:/home/user/.m2/repository/io/netty/netty-handler/4.1.30.Final/netty-handler-4.1.30.Final.jar:/home/user/.m2/repository/io/netty/netty-handler-proxy/4.1.30.Final/netty-handler-proxy-4.1.30.Final.jar:/home/user/.m2/repository/io/netty/netty-codec-socks/4.1.30.Final/netty-codec-socks-4.1.30.Final.jar:/home/user/.m2/repository/io/netty/netty-transport-native-epoll/4.1.30.Final/netty-transport-native-epoll-4.1.30.Final.jar:/home/user/.m2/repository/io/netty/netty-common/4.1.30.Final/netty-common-4.1.30.Final.jar:/home/user/.m2/repository/io/netty/netty-buffer/4.1.30.Final/netty-buffer-4.1.30.Final.jar:/home/user/.m2/repository/io/netty/netty-transport/4.1.30.Final/netty-transport-4.1.30.Final.jar:/home/user/.m2/repository/io/netty/netty-resolver/4.1.30.Final/netty-resolver-4.1.30.Final.jar:/home/user/.m2/repository/io/netty/netty-transport-native-unix-common/4.1.30.Final/netty-transport-native-unix-common-4.1.30.Final.jar:/home/user/.m2/repository/io/grpc/grpc-protobuf/1.17.1/grpc-protobuf-1.17.1.jar:/home/user/.m2/repository/com/google/api/grpc/proto-google-common-protos/1.0.0/proto-google-common-protos-1.0.0.jar:/home/user/.m2/repository/io/grpc/grpc-protobuf-lite/1.17.1/grpc-protobuf-lite-1.17.1.jar:/home/user/.m2/repository/io/grpc/grpc-stub/1.17.1/grpc-stub-1.17.1.jar:/home/user/.m2/repository/org/apache/hadoop/hadoop-ozone-recon/0.5.0-SNAPSHOT/hadoop-ozone-recon-0.5.0-SNAPSHOT.jar:/home/user/.m2/repository/org/apache/hadoop/hadoop-ozone-reconcodegen/0.5.0-SNAPSHOT/hadoop-ozone-reconcodegen-0.5.0-SNAPSHOT.jar:/home/user/.m2/repository/com/google/inject/extensions/guice-multibindings/4.0/guice-multibindings-4.0.jar:/home/user/.m2/repository/com/google/inject/guice/4.0/guice-4.0.jar:/home/user/.m2/repository/aopalliance/aopalliance/1.0/aopalliance-1.0.jar:/home/user/.m2/repository/com/google/inject/extensions/guice-servlet/4.0/guice-servlet-4.0.jar:/home/user/.m2/repository/org/glassfish/jersey/containers/jersey-container-servlet/2.27/jersey-container-servlet-2.27.jar:/home/user/.m2/repository/org/glassfish/hk2/guice-bridge/2.5.0/guice-bridge-2.5.0.jar:/home/user/.m2/repository/org/glassfish/jersey/core/jersey-server/2.27/jersey-server-2.27.jar:/home/user/.m2/repository/org/glassfish/jersey/core/jersey-client/2.27/jersey-client-2.27.jar:/home/user/.m2/repository/org/glassfish/jersey/media/jersey-media-jaxb/2.27/jersey-media-jaxb-2.27.jar:/home/user/.m2/repository/javax/validation/validation-api/1.1.0.Final/validation-api-1.1.0.Final.jar:/home/user/.m2/repository/org/glassfish/jersey/media/jersey-media-json-jackson/2.27/jersey-media-json-jackson-2.27.jar:/home/user/.m2/repository/org/glassfish/jersey/ext/jersey-entity-filtering/2.27/jersey-entity-filtering-2.27.jar:/home/user/.m2/repository/com/google/inject/extensions/guice-assistedinject/4.0/guice-assistedinject-4.0.jar:/home/user/.m2/repository/org/jooq/jooq/3.11.10/jooq-3.11.10.jar:/home/user/.m2/repository/org/jooq/jooq-meta/3.11.10/jooq-meta-3.11.10.jar:/home/user/.m2/repository/org/jooq/jooq-codegen/3.11.10/jooq-codegen-3.11.10.jar:/home/user/.m2/repository/com/jolbox/bonecp/0.8.0.RELEASE/bonecp-0.8.0.RELEASE.jar:/home/user/.m2/repository/org/xerial/sqlite-jdbc/3.25.2/sqlite-jdbc-3.25.2.jar:/home/user/.m2/repository/org/springframework/spring-jdbc/5.1.3.RELEASE/spring-jdbc-5.1.3.RELEASE.jar:/home/user/.m2/repository/org/springframework/spring-beans/5.1.3.RELEASE/spring-beans-5.1.3.RELEASE.jar:/home/user/.m2/repository/org/springframework/spring-core/5.1.3.RELEASE/spring-core-5.1.3.RELEASE.jar:/home/user/.m2/repository/org/springframework/spring-jcl/5.1.3.RELEASE/spring-jcl-5.1.3.RELEASE.jar:/home/user/.m2/repository/org/springframework/spring-tx/5.1.3.RELEASE/spring-tx-5.1.3.RELEASE.jar:/home/user/.m2/repository/org/apache/hadoop/hadoop-ozone-client/0.5.0-SNAPSHOT/hadoop-ozone-client-0.5.0-SNAPSHOT.jar:/home/user/.m2/repository/commons-lang/commons-lang/2.6/commons-lang-2.6.jar:/home/user/.m2/repository/org/apache/hadoop/hadoop-ozone-ozone-manager/0.5.0-SNAPSHOT/hadoop-ozone-ozone-manager-0.5.0-SNAPSHOT-tests.jar:/home/user/.m2/repository/junit/junit/4.11/junit-4.11.jar:/home/user/.m2/repository/org/hamcrest/hamcrest-core/1.3/hamcrest-core-1.3.jar:/home/user/.m2/repository/org/openjdk/jmh/jmh-core/1.19/jmh-core-1.19.jar:/home/user/.m2/repository/net/sf/jopt-simple/jopt-simple/4.6/jopt-simple-4.6.jar:/home/user/.m2/repository/org/apache/commons/commons-math3/3.1.1/commons-math3-3.1.1.jar:/home/user/.m2/repository/org/openjdk/jmh/jmh-generator-annprocess/1.19/jmh-generator-annprocess-1.19.jar:/home/user/.m2/repository/org/mockito/mockito-all/1.8.5/mockito-all-1.8.5.jar:/home/user/.m2/repository/org/apache/hadoop/hadoop-kms/3.2.0/hadoop-kms-3.2.0.jar:/home/user/.m2/repository/org/apache/hadoop/hadoop-auth/3.2.0/hadoop-auth-3.2.0.jar:/home/user/.m2/repository/com/nimbusds/nimbus-jose-jwt/4.41.1/nimbus-jose-jwt-4.41.1.jar:/home/user/.m2/repository/com/github/stephenc/jcip/jcip-annotations/1.0-1/jcip-annotations-1.0-1.jar:/home/user/.m2/repository/net/minidev/json-smart/2.3/json-smart-2.3.jar:/home/user/.m2/repository/net/minidev/accessors-smart/1.2/accessors-smart-1.2.jar:/home/user/.m2/repository/org/ow2/asm/asm/5.0.4/asm-5.0.4.jar:/home/user/.m2/repository/org/apache/curator/curator-framework/2.12.0/curator-framework-2.12.0.jar:/home/user/.m2/repository/com/sun/jersey/jersey-core/1.19/jersey-core-1.19.jar:/home/user/.m2/repository/javax/ws/rs/jsr311-api/1.1.1/jsr311-api-1.1.1.jar:/home/user/.m2/repository/com/sun/jersey/jersey-server/1.19/jersey-server-1.19.jar:/home/user/.m2/repository/javax/servlet/javax.servlet-api/3.1.0/javax.servlet-api-3.1.0.jar:/home/user/.m2/repository/org/eclipse/jetty/jetty-server/9.3.24.v20180605/jetty-server-9.3.24.v20180605.jar:/home/user/.m2/repository/org/eclipse/jetty/jetty-http/9.3.24.v20180605/jetty-http-9.3.24.v20180605.jar:/home/user/.m2/repository/org/eclipse/jetty/jetty-io/9.3.24.v20180605/jetty-io-9.3.24.v20180605.jar:/home/user/.m2/repository/org/eclipse/jetty/jetty-webapp/9.3.24.v20180605/jetty-webapp-9.3.24.v20180605.jar:/home/user/.m2/repository/org/eclipse/jetty/jetty-xml/9.3.24.v20180605/jetty-xml-9.3.24.v20180605.jar:/home/user/.m2/repository/log4j/log4j/1.2.17/log4j-1.2.17.jar:/home/user/.m2/repository/org/slf4j/slf4j-api/1.7.25/slf4j-api-1.7.25.jar:/home/user/.m2/repository/org/slf4j/jul-to-slf4j/1.7.25/jul-to-slf4j-1.7.25.jar:/home/user/.m2/repository/org/eclipse/jetty/jetty-util/9.3.24.v20180605/jetty-util-9.3.24.v20180605.jar:/home/user/.m2/repository/com/fasterxml/jackson/core/jackson-databind/2.9.5/jackson-databind-2.9.5.jar:/home/user/.m2/repository/org/apache/hadoop/hadoop-kms/3.2.0/hadoop-kms-3.2.0-tests.jar:/home/user/.m2/repository/org/apache/hadoop/hadoop-hdds-server-scm/0.5.0-SNAPSHOT/hadoop-hdds-server-scm-0.5.0-SNAPSHOT-tests.jar:/home/user/.m2/repository/org/apache/hadoop/hadoop-hdds-container-service/0.5.0-SNAPSHOT/hadoop-hdds-container-service-0.5.0-SNAPSHOT-tests.jar:/home/user/.m2/repository/org/yaml/snakeyaml/1.16/snakeyaml-1.16.jar:/home/user/.m2/repository/org/apache/hadoop/hadoop-common/3.2.0/hadoop-common-3.2.0-tests.jar:/home/user/.m2/repository/org/apache/hadoop/hadoop-annotations/3.2.0/hadoop-annotations-3.2.0.jar:/usr/lib/jvm/java-1.8-openjdk/jre/../lib/tools.jar:/home/user/.m2/repository/commons-cli/commons-cli/1.2/commons-cli-1.2.jar:/home/user/.m2/repository/org/apache/httpcomponents/httpclient/4.5.2/httpclient-4.5.2.jar:/home/user/.m2/repository/org/apache/httpcomponents/httpcore/4.4.4/httpcore-4.4.4.jar:/home/user/.m2/repository/commons-codec/commons-codec/1.11/commons-codec-1.11.jar:/home/user/.m2/repository/commons-net/commons-net/3.6/commons-net-3.6.jar:/home/user/.m2/repository/commons-collections/commons-collections/3.2.2/commons-collections-3.2.2.jar:/home/user/.m2/repository/org/eclipse/jetty/jetty-servlet/9.3.24.v20180605/jetty-servlet-9.3.24.v20180605.jar:/home/user/.m2/repository/org/eclipse/jetty/jetty-security/9.3.24.v20180605/jetty-security-9.3.24.v20180605.jar:/home/user/.m2/repository/javax/servlet/jsp/jsp-api/2.1/jsp-api-2.1.jar:/home/user/.m2/repository/com/sun/jersey/jersey-servlet/1.19/jersey-servlet-1.19.jar:/home/user/.m2/repository/com/sun/jersey/jersey-json/1.19/jersey-json-1.19.jar:/home/user/.m2/repository/org/codehaus/jettison/jettison/1.1/jettison-1.1.jar:/home/user/.m2/repository/org/codehaus/jackson/jackson-core-asl/1.9.13/jackson-core-asl-1.9.13.jar:/home/user/.m2/repository/org/codehaus/jackson/jackson-mapper-asl/1.9.13/jackson-mapper-asl-1.9.13.jar:/home/user/.m2/repository/org/codehaus/jackson/jackson-jaxrs/1.9.13/jackson-jaxrs-1.9.13.jar:/home/user/.m2/repository/org/codehaus/jackson/jackson-xc/1.9.13/jackson-xc-1.9.13.jar:/home/user/.m2/repository/commons-logging/commons-logging/1.1.3/commons-logging-1.1.3.jar:/home/user/.m2/repository/commons-beanutils/commons-beanutils/1.9.3/commons-beanutils-1.9.3.jar:/home/user/.m2/repository/org/apache/commons/commons-configuration2/2.1.1/commons-configuration2-2.1.1.jar:/home/user/.m2/repository/org/apache/commons/commons-lang3/3.7/commons-lang3-3.7.jar:/home/user/.m2/repository/org/apache/commons/commons-text/1.4/commons-text-1.4.jar:/home/user/.m2/repository/org/apache/avro/avro/1.7.7/avro-1.7.7.jar:/home/user/.m2/repository/com/thoughtworks/paranamer/paranamer/2.3/paranamer-2.3.jar:/home/user/.m2/repository/org/xerial/snappy/snappy-java/1.0.5/snappy-java-1.0.5.jar:/home/user/.m2/repository/com/google/re2j/re2j/1.1/re2j-1.1.jar:/home/user/.m2/repository/com/google/code/gson/gson/2.2.4/gson-2.2.4.jar:/home/user/.m2/repository/com/jcraft/jsch/0.1.54/jsch-0.1.54.jar:/home/user/.m2/repository/org/apache/curator/curator-client/2.12.0/curator-client-2.12.0.jar:/home/user/.m2/repository/org/apache/curator/curator-recipes/2.12.0/curator-recipes-2.12.0.jar:/home/user/.m2/repository/com/google/code/findbugs/jsr305/3.0.0/jsr305-3.0.0.jar:/home/user/.m2/repository/org/apache/htrace/htrace-core4/4.1.0-incubating/htrace-core4-4.1.0-incubating.jar:/home/user/.m2/repository/org/apache/zookeeper/zookeeper/3.4.13/zookeeper-3.4.13.jar:/home/user/.m2/repository/org/apache/yetus/audience-annotations/0.5.0/audience-annotations-0.5.0.jar:/home/user/.m2/repository/org/codehaus/woodstox/stax2-api/3.1.4/stax2-api-3.1.4.jar:/home/user/.m2/repository/com/fasterxml/woodstox/woodstox-core/5.0.3/woodstox-core-5.0.3.jar:/home/user/.m2/repository/dnsjava/dnsjava/2.1.7/dnsjava-2.1.7.jar:/home/user/.m2/repository/org/apache/hadoop/hadoop-hdfs/3.2.0/hadoop-hdfs-3.2.0-tests.jar:/home/user/.m2/repository/org/eclipse/jetty/jetty-util-ajax/9.3.24.v20180605/jetty-util-ajax-9.3.24.v20180605.jar:/home/user/.m2/repository/commons-daemon/commons-daemon/1.0.13/commons-daemon-1.0.13.jar:/home/user/.m2/repository/io/netty/netty/3.10.5.Final/netty-3.10.5.Final.jar:/home/user/.m2/repository/io/netty/netty-all/4.0.52.Final/netty-all-4.0.52.Final.jar:/home/user/.m2/repository/org/fusesource/leveldbjni/leveldbjni-all/1.8/leveldbjni-all-1.8.jar:"/>
    <property name="sun.cpu.endian" value="little"/>
    <property name="user.home" value="/home/user"/>
    <property name="user.language" value="en"/>
    <property name="java.specification.vendor" value="Oracle Corporation"/>
    <property name="java.home" value="/usr/lib/jvm/java-1.8-openjdk/jre"/>
    <property name="java.security.krb5.conf" value="/workdir/hadoop-ozone/integration-test/target/test-classes/krb5.conf"/>
    <property name="basedir" value="/workdir/hadoop-ozone/integration-test"/>
    <property name="file.separator" value="/"/>
    <property name="line.separator" value="&#10;"/>
    <property name="java.vm.specification.vendor" value="Oracle Corporation"/>
    <property name="java.specification.name" value="Java Platform API Specification"/>
    <property name="java.awt.graphicsenv" value="sun.awt.X11GraphicsEnvironment"/>
    <property name="surefire.real.class.path" value="/workdir/hadoop-ozone/integration-test/target/surefire/surefirebooter3695044000978784490.jar"/>
    <property name="hadoop.log.dir" value="/workdir/hadoop-ozone/integration-test/target/log"/>
    <property name="sun.boot.class.path" value="/usr/lib/jvm/java-1.8-openjdk/jre/lib/resources.jar:/usr/lib/jvm/java-1.8-openjdk/jre/lib/rt.jar:/usr/lib/jvm/java-1.8-openjdk/jre/lib/sunrsasign.jar:/usr/lib/jvm/java-1.8-openjdk/jre/lib/jsse.jar:/usr/lib/jvm/java-1.8-openjdk/jre/lib/jce.jar:/usr/lib/jvm/java-1.8-openjdk/jre/lib/charsets.jar:/usr/lib/jvm/java-1.8-openjdk/jre/lib/jfr.jar:/usr/lib/jvm/java-1.8-openjdk/jre/classes"/>
    <property name="sun.management.compiler" value="HotSpot 64-Bit Tiered Compilers"/>
    <property name="java.runtime.version" value="1.8.0_212-b04"/>
    <property name="java.net.preferIPv4Stack" value="true"/>
    <property name="user.name" value="jenkins1000"/>
    <property name="path.separator" value=":"/>
    <property name="java.security.egd" value="file:///dev/urandom"/>
    <property name="os.version" value="3.10.0-957.12.2.el7.x86_64"/>
    <property name="java.endorsed.dirs" value="/usr/lib/jvm/java-1.8-openjdk/jre/lib/endorsed"/>
    <property name="java.runtime.name" value="OpenJDK Runtime Environment"/>
    <property name="file.encoding" value="UTF-8"/>
    <property name="java.vm.name" value="OpenJDK 64-Bit Server VM"/>
    <property name="test.build.webapps" value=""/>
    <property name="localRepository" value="/home/user/.m2/repository"/>
    <property name="java.vendor.url.bug" value="https://icedtea.classpath.org/bugzilla"/>
    <property name="java.io.tmpdir" value="/tmp"/>
    <property name="require.test.libhadoop" value=""/>
    <property name="java.version" value="1.8.0_212"/>
    <property name="user.dir" value="/workdir/hadoop-ozone/integration-test"/>
    <property name="os.arch" value="amd64"/>
    <property name="java.vm.specification.name" value="Java Virtual Machine Specification"/>
    <property name="test.build.classes" value="/workdir/hadoop-ozone/integration-test/target/test-classes"/>
    <property name="java.awt.printerjob" value="sun.print.PSPrinterJob"/>
    <property name="sun.os.patch.level" value="unknown"/>
    <property name="hadoop.tmp.dir" value="/workdir/hadoop-ozone/integration-test/target/tmp"/>
    <property name="java.library.path" value="/usr/lib/jvm/java-1.8-openjdk/jre/lib/amd64/server:/usr/lib/jvm/java-1.8-openjdk/jre/lib/amd64:/usr/lib/jvm/java-1.8-openjdk/jre/../lib/amd64:/workdir/hadoop-ozone/integration-test/target/native/target/usr/local/lib:/workdir/hadoop-ozone/integration-test/../../hadoop-common-project/hadoop-common/target/native/target/usr/local/lib:/usr/java/packages/lib/amd64:/usr/lib64:/lib64:/lib:/usr/lib"/>
    <property name="java.vm.info" value="mixed mode"/>
    <property name="java.vendor" value="IcedTea"/>
    <property name="java.vm.version" value="25.212-b04"/>
    <property name="java.ext.dirs" value="/usr/lib/jvm/java-1.8-openjdk/jre/lib/ext:/usr/java/packages/lib/ext"/>
    <property name="sun.io.unicode.encoding" value="UnicodeLittle"/>
    <property name="java.class.version" value="52.0"/>
  </properties>
  <testcase name="testFlushChunk" classname="org.apache.hadoop.ozone.client.rpc.TestBlockOutputStream" time="5.65"/>
  <testcase name="testMultiChunkWrite2" classname="org.apache.hadoop.ozone.client.rpc.TestBlockOutputStream" time="0.449"/>
  <testcase name="testMultiChunkWrite" classname="org.apache.hadoop.ozone.client.rpc.TestBlockOutputStream" time="192.67">
    <failure message="expected:&lt;7&gt; but was:&lt;9&gt;" type="java.lang.AssertionError"><![CDATA[java.lang.AssertionError: expected:<7> but was:<9>
	at org.junit.Assert.fail(Assert.java:88)
	at org.junit.Assert.failNotEquals(Assert.java:743)
	at org.junit.Assert.assertEquals(Assert.java:118)
	at org.junit.Assert.assertEquals(Assert.java:555)
	at org.junit.Assert.assertEquals(Assert.java:542)
	at org.apache.hadoop.ozone.client.rpc.TestBlockOutputStream.testMultiChunkWrite(TestBlockOutputStream.java:364)
	at sun.reflect.NativeMethodAccessorImpl.invoke0(Native Method)
	at sun.reflect.NativeMethodAccessorImpl.invoke(NativeMethodAccessorImpl.java:62)
	at sun.reflect.DelegatingMethodAccessorImpl.invoke(DelegatingMethodAccessorImpl.java:43)
	at java.lang.reflect.Method.invoke(Method.java:498)
	at org.junit.runners.model.FrameworkMethod$1.runReflectiveCall(FrameworkMethod.java:47)
	at org.junit.internal.runners.model.ReflectiveCallable.run(ReflectiveCallable.java:12)
	at org.junit.runners.model.FrameworkMethod.invokeExplosively(FrameworkMethod.java:44)
	at org.junit.internal.runners.statements.InvokeMethod.evaluate(InvokeMethod.java:17)
	at org.junit.runners.ParentRunner.runLeaf(ParentRunner.java:271)
	at org.junit.runners.BlockJUnit4ClassRunner.runChild(BlockJUnit4ClassRunner.java:70)
	at org.junit.runners.BlockJUnit4ClassRunner.runChild(BlockJUnit4ClassRunner.java:50)
	at org.junit.runners.ParentRunner$3.run(ParentRunner.java:238)
	at org.junit.runners.ParentRunner$1.schedule(ParentRunner.java:63)
	at org.junit.runners.ParentRunner.runChildren(ParentRunner.java:236)
	at org.junit.runners.ParentRunner.access$000(ParentRunner.java:53)
	at org.junit.runners.ParentRunner$2.evaluate(ParentRunner.java:229)
	at org.junit.internal.runners.statements.RunBefores.evaluate(RunBefores.java:26)
	at org.junit.internal.runners.statements.RunAfters.evaluate(RunAfters.java:27)
	at org.junit.runners.ParentRunner.run(ParentRunner.java:309)
	at org.apache.maven.surefire.junit4.JUnit4Provider.execute(JUnit4Provider.java:365)
	at org.apache.maven.surefire.junit4.JUnit4Provider.executeWithRerun(JUnit4Provider.java:273)
	at org.apache.maven.surefire.junit4.JUnit4Provider.executeTestSet(JUnit4Provider.java:238)
	at org.apache.maven.surefire.junit4.JUnit4Provider.invoke(JUnit4Provider.java:159)
	at org.apache.maven.surefire.booter.ForkedBooter.invokeProviderInSameClassLoader(ForkedBooter.java:384)
	at org.apache.maven.surefire.booter.ForkedBooter.runSuitesInProcess(ForkedBooter.java:345)
	at org.apache.maven.surefire.booter.ForkedBooter.execute(ForkedBooter.java:126)
	at org.apache.maven.surefire.booter.ForkedBooter.main(ForkedBooter.java:418)
]]></failure>
    <system-out><![CDATA[2019-09-10 22:19:36,988 [java.util.concurrent.ThreadPoolExecutor$Worker@445a274e[State = -1, empty queue]] WARN  server.GrpcLogAppender (GrpcLogAppender.java:timeoutAppendRequest(200)) - 4219e7de-d6f6-40f0-9e98-fa950fd200be@group-93BE0A482166->4e1c38a0-fd03-44f2-a193-28de59e69b87-GrpcLogAppender: appendEntries Timeout, request=4219e7de-d6f6-40f0-9e98-fa950fd200be->4e1c38a0-fd03-44f2-a193-28de59e69b87#8-t1, previous=(t:1, i:6), leaderCommit=6, initializing? false, entries: size=1, first=(t:1, i:7), STATEMACHINELOGENTRY, client-9E45C64B54AD, cid=21
2019-09-10 22:19:36,988 [java.util.concurrent.ThreadPoolExecutor$Worker@77b7950d[State = -1, empty queue]] WARN  server.GrpcLogAppender (GrpcLogAppender.java:timeoutAppendRequest(200)) - 4219e7de-d6f6-40f0-9e98-fa950fd200be@group-93BE0A482166->901346ab-67df-4dd5-b7cf-edcbf56b35ff-GrpcLogAppender: appendEntries Timeout, request=4219e7de-d6f6-40f0-9e98-fa950fd200be->901346ab-67df-4dd5-b7cf-edcbf56b35ff#8-t1, previous=(t:1, i:6), leaderCommit=6, initializing? false, entries: size=1, first=(t:1, i:7), STATEMACHINELOGENTRY, client-9E45C64B54AD, cid=21
2019-09-10 22:19:36,991 [java.util.concurrent.ThreadPoolExecutor$Worker@445a274e[State = -1, empty queue]] WARN  server.GrpcLogAppender (GrpcLogAppender.java:timeoutAppendRequest(200)) - 4219e7de-d6f6-40f0-9e98-fa950fd200be@group-93BE0A482166->4e1c38a0-fd03-44f2-a193-28de59e69b87-GrpcLogAppender: appendEntries Timeout, request=4219e7de-d6f6-40f0-9e98-fa950fd200be->4e1c38a0-fd03-44f2-a193-28de59e69b87#9-t1, previous=(t:1, i:7), leaderCommit=6, initializing? false, entries: size=1, first=(t:1, i:8), STATEMACHINELOGENTRY, client-9E45C64B54AD, cid=22
2019-09-10 22:19:36,993 [java.util.concurrent.ThreadPoolExecutor$Worker@77b7950d[State = -1, empty queue]] WARN  server.GrpcLogAppender (GrpcLogAppender.java:timeoutAppendRequest(200)) - 4219e7de-d6f6-40f0-9e98-fa950fd200be@group-93BE0A482166->901346ab-67df-4dd5-b7cf-edcbf56b35ff-GrpcLogAppender: appendEntries Timeout, request=4219e7de-d6f6-40f0-9e98-fa950fd200be->901346ab-67df-4dd5-b7cf-edcbf56b35ff#9-t1, previous=(t:1, i:7), leaderCommit=6, initializing? false, entries: size=1, first=(t:1, i:8), STATEMACHINELOGENTRY, client-9E45C64B54AD, cid=22
2019-09-10 22:19:36,995 [java.util.concurrent.ThreadPoolExecutor$Worker@445a274e[State = -1, empty queue]] WARN  server.GrpcLogAppender (GrpcLogAppender.java:timeoutAppendRequest(200)) - 4219e7de-d6f6-40f0-9e98-fa950fd200be@group-93BE0A482166->4e1c38a0-fd03-44f2-a193-28de59e69b87-GrpcLogAppender: appendEntries Timeout, request=4219e7de-d6f6-40f0-9e98-fa950fd200be->4e1c38a0-fd03-44f2-a193-28de59e69b87#10-t1, previous=(t:1, i:8), leaderCommit=6, initializing? false, entries: size=1, first=(t:1, i:9), STATEMACHINELOGENTRY, client-9E45C64B54AD, cid=23
2019-09-10 22:19:36,996 [java.util.concurrent.ThreadPoolExecutor$Worker@77b7950d[State = -1, empty queue]] WARN  server.GrpcLogAppender (GrpcLogAppender.java:timeoutAppendRequest(200)) - 4219e7de-d6f6-40f0-9e98-fa950fd200be@group-93BE0A482166->901346ab-67df-4dd5-b7cf-edcbf56b35ff-GrpcLogAppender: appendEntries Timeout, request=4219e7de-d6f6-40f0-9e98-fa950fd200be->901346ab-67df-4dd5-b7cf-edcbf56b35ff#10-t1, previous=(t:1, i:8), leaderCommit=6, initializing? false, entries: size=1, first=(t:1, i:9), STATEMACHINELOGENTRY, client-9E45C64B54AD, cid=23
2019-09-10 22:19:39,080 [grpc-default-executor-4] INFO  client.GrpcClientProtocolClient (GrpcClientProtocolClient.java:onNext(264)) - client-9E45C64B54AD->4e1c38a0-fd03-44f2-a193-28de59e69b87: receive RaftClientReply:client-9E45C64B54AD->4e1c38a0-fd03-44f2-a193-28de59e69b87@group-93BE0A482166, cid=21, FAILED org.apache.ratis.protocol.NotLeaderException: Server 4e1c38a0-fd03-44f2-a193-28de59e69b87@group-93BE0A482166 is not the leader 4219e7de-d6f6-40f0-9e98-fa950fd200be:192.168.34.57:37976, logIndex=0, commits[4e1c38a0-fd03-44f2-a193-28de59e69b87:c6, 4219e7de-d6f6-40f0-9e98-fa950fd200be:c6, 901346ab-67df-4dd5-b7cf-edcbf56b35ff:c4]
2019-09-10 22:19:39,491 [java.util.concurrent.ThreadPoolExecutor$Worker@77b7950d[State = -1, empty queue]] WARN  server.GrpcLogAppender (GrpcLogAppender.java:timeoutAppendRequest(200)) - 4219e7de-d6f6-40f0-9e98-fa950fd200be@group-93BE0A482166->901346ab-67df-4dd5-b7cf-edcbf56b35ff-GrpcLogAppender: appendEntries Timeout, request=4219e7de-d6f6-40f0-9e98-fa950fd200be->901346ab-67df-4dd5-b7cf-edcbf56b35ff#11-t1, previous=(t:1, i:9), leaderCommit=6, initializing? false, entries: <empty>
2019-09-10 22:19:39,491 [java.util.concurrent.ThreadPoolExecutor$Worker@445a274e[State = -1, empty queue]] WARN  server.GrpcLogAppender (GrpcLogAppender.java:timeoutAppendRequest(200)) - 4219e7de-d6f6-40f0-9e98-fa950fd200be@group-93BE0A482166->4e1c38a0-fd03-44f2-a193-28de59e69b87-GrpcLogAppender: appendEntries Timeout, request=4219e7de-d6f6-40f0-9e98-fa950fd200be->4e1c38a0-fd03-44f2-a193-28de59e69b87#11-t1, previous=(t:1, i:9), leaderCommit=6, initializing? false, entries: <empty>
2019-09-10 22:19:41,991 [java.util.concurrent.ThreadPoolExecutor$Worker@445a274e[State = -1, empty queue]] WARN  server.GrpcLogAppender (GrpcLogAppender.java:timeoutAppendRequest(200)) - 4219e7de-d6f6-40f0-9e98-fa950fd200be@group-93BE0A482166->4e1c38a0-fd03-44f2-a193-28de59e69b87-GrpcLogAppender: appendEntries Timeout, request=4219e7de-d6f6-40f0-9e98-fa950fd200be->4e1c38a0-fd03-44f2-a193-28de59e69b87#12-t1, previous=(t:1, i:9), leaderCommit=6, initializing? false, entries: <empty>
2019-09-10 22:19:41,991 [java.util.concurrent.ThreadPoolExecutor$Worker@77b7950d[State = -1, empty queue]] WARN  server.GrpcLogAppender (GrpcLogAppender.java:timeoutAppendRequest(200)) - 4219e7de-d6f6-40f0-9e98-fa950fd200be@group-93BE0A482166->901346ab-67df-4dd5-b7cf-edcbf56b35ff-GrpcLogAppender: appendEntries Timeout, request=4219e7de-d6f6-40f0-9e98-fa950fd200be->901346ab-67df-4dd5-b7cf-edcbf56b35ff#12-t1, previous=(t:1, i:9), leaderCommit=6, initializing? false, entries: <empty>
2019-09-10 22:19:43,990 [4e1c38a0-fd03-44f2-a193-28de59e69b87@group-93BE0A482166-SegmentedRaftLogWorker] WARN  segmented.SegmentedRaftLogWorker (SegmentedRaftLogWorker.java:getFromFuture(90)) - Timeout 0/~
org.apache.ratis.protocol.TimeoutIOException: Timeout 10s: WriteLog:7: (t:1, i:7), STATEMACHINELOGENTRY, client-9E45C64B54AD, cid=21-writeStateMachineData
	at org.apache.ratis.util.IOUtils.getFromFuture(IOUtils.java:87)
	at org.apache.ratis.server.raftlog.segmented.SegmentedRaftLogWorker$StateMachineDataPolicy.getFromFuture(SegmentedRaftLogWorker.java:87)
	at org.apache.ratis.server.raftlog.segmented.SegmentedRaftLogWorker$WriteLog.execute(SegmentedRaftLogWorker.java:477)
	at org.apache.ratis.server.raftlog.segmented.SegmentedRaftLogWorker.run(SegmentedRaftLogWorker.java:289)
	at java.lang.Thread.run(Thread.java:748)
Caused by: java.util.concurrent.TimeoutException
	at java.util.concurrent.CompletableFuture.timedGet(CompletableFuture.java:1771)
	at java.util.concurrent.CompletableFuture.get(CompletableFuture.java:1915)
	at org.apache.ratis.util.IOUtils.getFromFuture(IOUtils.java:79)
	... 4 more
2019-09-10 22:19:43,990 [4219e7de-d6f6-40f0-9e98-fa950fd200be@group-93BE0A482166-SegmentedRaftLogWorker] WARN  segmented.SegmentedRaftLogWorker (SegmentedRaftLogWorker.java:getFromFuture(90)) - Timeout 0/~
org.apache.ratis.protocol.TimeoutIOException: Timeout 10s: WriteLog:7: (t:1, i:7), STATEMACHINELOGENTRY, client-9E45C64B54AD, cid=21-writeStateMachineData
	at org.apache.ratis.util.IOUtils.getFromFuture(IOUtils.java:87)
	at org.apache.ratis.server.raftlog.segmented.SegmentedRaftLogWorker$StateMachineDataPolicy.getFromFuture(SegmentedRaftLogWorker.java:87)
	at org.apache.ratis.server.raftlog.segmented.SegmentedRaftLogWorker$WriteLog.execute(SegmentedRaftLogWorker.java:477)
	at org.apache.ratis.server.raftlog.segmented.SegmentedRaftLogWorker.run(SegmentedRaftLogWorker.java:289)
	at java.lang.Thread.run(Thread.java:748)
Caused by: java.util.concurrent.TimeoutException
	at java.util.concurrent.CompletableFuture.timedGet(CompletableFuture.java:1771)
	at java.util.concurrent.CompletableFuture.get(CompletableFuture.java:1915)
	at org.apache.ratis.util.IOUtils.getFromFuture(IOUtils.java:79)
	... 4 more
2019-09-10 22:19:44,103 [901346ab-67df-4dd5-b7cf-edcbf56b35ff@group-93BE0A482166-SegmentedRaftLogWorker] WARN  segmented.SegmentedRaftLogWorker (SegmentedRaftLogWorker.java:getFromFuture(90)) - Timeout 0/~
org.apache.ratis.protocol.TimeoutIOException: Timeout 10s: WriteLog:8: (t:1, i:8), STATEMACHINELOGENTRY, client-9E45C64B54AD, cid=22-writeStateMachineData
	at org.apache.ratis.util.IOUtils.getFromFuture(IOUtils.java:87)
	at org.apache.ratis.server.raftlog.segmented.SegmentedRaftLogWorker$StateMachineDataPolicy.getFromFuture(SegmentedRaftLogWorker.java:87)
	at org.apache.ratis.server.raftlog.segmented.SegmentedRaftLogWorker$WriteLog.execute(SegmentedRaftLogWorker.java:477)
	at org.apache.ratis.server.raftlog.segmented.SegmentedRaftLogWorker.run(SegmentedRaftLogWorker.java:289)
	at java.lang.Thread.run(Thread.java:748)
Caused by: java.util.concurrent.TimeoutException
	at java.util.concurrent.CompletableFuture.timedGet(CompletableFuture.java:1771)
	at java.util.concurrent.CompletableFuture.get(CompletableFuture.java:1915)
	at org.apache.ratis.util.IOUtils.getFromFuture(IOUtils.java:79)
	... 4 more
2019-09-10 22:19:44,128 [grpc-default-executor-1] INFO  client.GrpcClientProtocolClient (GrpcClientProtocolClient.java:onNext(264)) - client-9E45C64B54AD->4e1c38a0-fd03-44f2-a193-28de59e69b87: receive RaftClientReply:client-9E45C64B54AD->4e1c38a0-fd03-44f2-a193-28de59e69b87@group-93BE0A482166, cid=21, FAILED org.apache.ratis.protocol.NotLeaderException: Server 4e1c38a0-fd03-44f2-a193-28de59e69b87@group-93BE0A482166 is not the leader 4219e7de-d6f6-40f0-9e98-fa950fd200be:192.168.34.57:37976, logIndex=0, commits[4e1c38a0-fd03-44f2-a193-28de59e69b87:c6, 4219e7de-d6f6-40f0-9e98-fa950fd200be:c6, 901346ab-67df-4dd5-b7cf-edcbf56b35ff:c4]
2019-09-10 22:19:44,492 [java.util.concurrent.ThreadPoolExecutor$Worker@445a274e[State = -1, empty queue]] WARN  server.GrpcLogAppender (GrpcLogAppender.java:timeoutAppendRequest(200)) - 4219e7de-d6f6-40f0-9e98-fa950fd200be@group-93BE0A482166->4e1c38a0-fd03-44f2-a193-28de59e69b87-GrpcLogAppender: appendEntries Timeout, request=4219e7de-d6f6-40f0-9e98-fa950fd200be->4e1c38a0-fd03-44f2-a193-28de59e69b87#13-t1, previous=(t:1, i:9), leaderCommit=6, initializing? false, entries: <empty>
2019-09-10 22:19:44,492 [java.util.concurrent.ThreadPoolExecutor$Worker@77b7950d[State = -1, empty queue]] WARN  server.GrpcLogAppender (GrpcLogAppender.java:timeoutAppendRequest(200)) - 4219e7de-d6f6-40f0-9e98-fa950fd200be@group-93BE0A482166->901346ab-67df-4dd5-b7cf-edcbf56b35ff-GrpcLogAppender: appendEntries Timeout, request=4219e7de-d6f6-40f0-9e98-fa950fd200be->901346ab-67df-4dd5-b7cf-edcbf56b35ff#13-t1, previous=(t:1, i:9), leaderCommit=6, initializing? false, entries: <empty>
2019-09-10 22:19:46,993 [java.util.concurrent.ThreadPoolExecutor$Worker@445a274e[State = -1, empty queue]] WARN  server.GrpcLogAppender (GrpcLogAppender.java:timeoutAppendRequest(200)) - 4219e7de-d6f6-40f0-9e98-fa950fd200be@group-93BE0A482166->4e1c38a0-fd03-44f2-a193-28de59e69b87-GrpcLogAppender: appendEntries Timeout, request=4219e7de-d6f6-40f0-9e98-fa950fd200be->4e1c38a0-fd03-44f2-a193-28de59e69b87#14-t1, previous=(t:1, i:9), leaderCommit=6, initializing? false, entries: <empty>
2019-09-10 22:19:46,993 [java.util.concurrent.ThreadPoolExecutor$Worker@77b7950d[State = -1, empty queue]] WARN  server.GrpcLogAppender (GrpcLogAppender.java:timeoutAppendRequest(200)) - 4219e7de-d6f6-40f0-9e98-fa950fd200be@group-93BE0A482166->901346ab-67df-4dd5-b7cf-edcbf56b35ff-GrpcLogAppender: appendEntries Timeout, request=4219e7de-d6f6-40f0-9e98-fa950fd200be->901346ab-67df-4dd5-b7cf-edcbf56b35ff#14-t1, previous=(t:1, i:9), leaderCommit=6, initializing? false, entries: <empty>
2019-09-10 22:19:49,180 [grpc-default-executor-1] INFO  client.GrpcClientProtocolClient (GrpcClientProtocolClient.java:onNext(264)) - client-9E45C64B54AD->901346ab-67df-4dd5-b7cf-edcbf56b35ff: receive RaftClientReply:client-9E45C64B54AD->901346ab-67df-4dd5-b7cf-edcbf56b35ff@group-93BE0A482166, cid=21, FAILED org.apache.ratis.protocol.NotLeaderException: Server 901346ab-67df-4dd5-b7cf-edcbf56b35ff@group-93BE0A482166 is not the leader 4219e7de-d6f6-40f0-9e98-fa950fd200be:192.168.34.57:37976, logIndex=0, commits[901346ab-67df-4dd5-b7cf-edcbf56b35ff:c6, 4e1c38a0-fd03-44f2-a193-28de59e69b87:c4, 4219e7de-d6f6-40f0-9e98-fa950fd200be:c6]
2019-09-10 22:19:49,493 [java.util.concurrent.ThreadPoolExecutor$Worker@77b7950d[State = -1, empty queue]] WARN  server.GrpcLogAppender (GrpcLogAppender.java:timeoutAppendRequest(200)) - 4219e7de-d6f6-40f0-9e98-fa950fd200be@group-93BE0A482166->901346ab-67df-4dd5-b7cf-edcbf56b35ff-GrpcLogAppender: appendEntries Timeout, request=4219e7de-d6f6-40f0-9e98-fa950fd200be->901346ab-67df-4dd5-b7cf-edcbf56b35ff#15-t1, previous=(t:1, i:9), leaderCommit=6, initializing? false, entries: <empty>
2019-09-10 22:19:49,493 [java.util.concurrent.ThreadPoolExecutor$Worker@445a274e[State = -1, empty queue]] WARN  server.GrpcLogAppender (GrpcLogAppender.java:timeoutAppendRequest(200)) - 4219e7de-d6f6-40f0-9e98-fa950fd200be@group-93BE0A482166->4e1c38a0-fd03-44f2-a193-28de59e69b87-GrpcLogAppender: appendEntries Timeout, request=4219e7de-d6f6-40f0-9e98-fa950fd200be->4e1c38a0-fd03-44f2-a193-28de59e69b87#15-t1, previous=(t:1, i:9), leaderCommit=6, initializing? false, entries: <empty>
2019-09-10 22:19:51,994 [java.util.concurrent.ThreadPoolExecutor$Worker@445a274e[State = -1, empty queue]] WARN  server.GrpcLogAppender (GrpcLogAppender.java:timeoutAppendRequest(200)) - 4219e7de-d6f6-40f0-9e98-fa950fd200be@group-93BE0A482166->4e1c38a0-fd03-44f2-a193-28de59e69b87-GrpcLogAppender: appendEntries Timeout, request=4219e7de-d6f6-40f0-9e98-fa950fd200be->4e1c38a0-fd03-44f2-a193-28de59e69b87#16-t1, previous=(t:1, i:9), leaderCommit=6, initializing? false, entries: <empty>
2019-09-10 22:19:51,994 [java.util.concurrent.ThreadPoolExecutor$Worker@77b7950d[State = -1, empty queue]] WARN  server.GrpcLogAppender (GrpcLogAppender.java:timeoutAppendRequest(200)) - 4219e7de-d6f6-40f0-9e98-fa950fd200be@group-93BE0A482166->901346ab-67df-4dd5-b7cf-edcbf56b35ff-GrpcLogAppender: appendEntries Timeout, request=4219e7de-d6f6-40f0-9e98-fa950fd200be->901346ab-67df-4dd5-b7cf-edcbf56b35ff#16-t1, previous=(t:1, i:9), leaderCommit=6, initializing? false, entries: <empty>
2019-09-10 22:19:53,992 [4e1c38a0-fd03-44f2-a193-28de59e69b87@group-93BE0A482166-SegmentedRaftLogWorker] WARN  segmented.SegmentedRaftLogWorker (SegmentedRaftLogWorker.java:getFromFuture(90)) - Timeout 1/~
org.apache.ratis.protocol.TimeoutIOException: Timeout 10s: WriteLog:7: (t:1, i:7), STATEMACHINELOGENTRY, client-9E45C64B54AD, cid=21-writeStateMachineData
	at org.apache.ratis.util.IOUtils.getFromFuture(IOUtils.java:87)
	at org.apache.ratis.server.raftlog.segmented.SegmentedRaftLogWorker$StateMachineDataPolicy.getFromFuture(SegmentedRaftLogWorker.java:87)
	at org.apache.ratis.server.raftlog.segmented.SegmentedRaftLogWorker$WriteLog.execute(SegmentedRaftLogWorker.java:477)
	at org.apache.ratis.server.raftlog.segmented.SegmentedRaftLogWorker.run(SegmentedRaftLogWorker.java:289)
	at java.lang.Thread.run(Thread.java:748)
Caused by: java.util.concurrent.TimeoutException
	at java.util.concurrent.CompletableFuture.timedGet(CompletableFuture.java:1771)
	at java.util.concurrent.CompletableFuture.get(CompletableFuture.java:1915)
	at org.apache.ratis.util.IOUtils.getFromFuture(IOUtils.java:79)
	... 4 more
2019-09-10 22:19:53,993 [4219e7de-d6f6-40f0-9e98-fa950fd200be@group-93BE0A482166-SegmentedRaftLogWorker] WARN  segmented.SegmentedRaftLogWorker (SegmentedRaftLogWorker.java:getFromFuture(90)) - Timeout 1/~
org.apache.ratis.protocol.TimeoutIOException: Timeout 10s: WriteLog:7: (t:1, i:7), STATEMACHINELOGENTRY, client-9E45C64B54AD, cid=21-writeStateMachineData
	at org.apache.ratis.util.IOUtils.getFromFuture(IOUtils.java:87)
	at org.apache.ratis.server.raftlog.segmented.SegmentedRaftLogWorker$StateMachineDataPolicy.getFromFuture(SegmentedRaftLogWorker.java:87)
	at org.apache.ratis.server.raftlog.segmented.SegmentedRaftLogWorker$WriteLog.execute(SegmentedRaftLogWorker.java:477)
	at org.apache.ratis.server.raftlog.segmented.SegmentedRaftLogWorker.run(SegmentedRaftLogWorker.java:289)
	at java.lang.Thread.run(Thread.java:748)
Caused by: java.util.concurrent.TimeoutException
	at java.util.concurrent.CompletableFuture.timedGet(CompletableFuture.java:1771)
	at java.util.concurrent.CompletableFuture.get(CompletableFuture.java:1915)
	at org.apache.ratis.util.IOUtils.getFromFuture(IOUtils.java:79)
	... 4 more
2019-09-10 22:19:54,104 [901346ab-67df-4dd5-b7cf-edcbf56b35ff@group-93BE0A482166-SegmentedRaftLogWorker] WARN  segmented.SegmentedRaftLogWorker (SegmentedRaftLogWorker.java:getFromFuture(90)) - Timeout 1/~
org.apache.ratis.protocol.TimeoutIOException: Timeout 10s: WriteLog:8: (t:1, i:8), STATEMACHINELOGENTRY, client-9E45C64B54AD, cid=22-writeStateMachineData
	at org.apache.ratis.util.IOUtils.getFromFuture(IOUtils.java:87)
	at org.apache.ratis.server.raftlog.segmented.SegmentedRaftLogWorker$StateMachineDataPolicy.getFromFuture(SegmentedRaftLogWorker.java:87)
	at org.apache.ratis.server.raftlog.segmented.SegmentedRaftLogWorker$WriteLog.execute(SegmentedRaftLogWorker.java:477)
	at org.apache.ratis.server.raftlog.segmented.SegmentedRaftLogWorker.run(SegmentedRaftLogWorker.java:289)
	at java.lang.Thread.run(Thread.java:748)
Caused by: java.util.concurrent.TimeoutException
	at java.util.concurrent.CompletableFuture.timedGet(CompletableFuture.java:1771)
	at java.util.concurrent.CompletableFuture.get(CompletableFuture.java:1915)
	at org.apache.ratis.util.IOUtils.getFromFuture(IOUtils.java:79)
	... 4 more
2019-09-10 22:19:54,237 [grpc-default-executor-4] INFO  client.GrpcClientProtocolClient (GrpcClientProtocolClient.java:onNext(264)) - client-9E45C64B54AD->901346ab-67df-4dd5-b7cf-edcbf56b35ff: receive RaftClientReply:client-9E45C64B54AD->901346ab-67df-4dd5-b7cf-edcbf56b35ff@group-93BE0A482166, cid=21, FAILED org.apache.ratis.protocol.NotLeaderException: Server 901346ab-67df-4dd5-b7cf-edcbf56b35ff@group-93BE0A482166 is not the leader 4219e7de-d6f6-40f0-9e98-fa950fd200be:192.168.34.57:37976, logIndex=0, commits[901346ab-67df-4dd5-b7cf-edcbf56b35ff:c6, 4e1c38a0-fd03-44f2-a193-28de59e69b87:c4, 4219e7de-d6f6-40f0-9e98-fa950fd200be:c6]
2019-09-10 22:19:54,495 [java.util.concurrent.ThreadPoolExecutor$Worker@445a274e[State = -1, empty queue]] WARN  server.GrpcLogAppender (GrpcLogAppender.java:timeoutAppendRequest(200)) - 4219e7de-d6f6-40f0-9e98-fa950fd200be@group-93BE0A482166->4e1c38a0-fd03-44f2-a193-28de59e69b87-GrpcLogAppender: appendEntries Timeout, request=4219e7de-d6f6-40f0-9e98-fa950fd200be->4e1c38a0-fd03-44f2-a193-28de59e69b87#17-t1, previous=(t:1, i:9), leaderCommit=6, initializing? false, entries: <empty>
2019-09-10 22:19:54,495 [java.util.concurrent.ThreadPoolExecutor$Worker@77b7950d[State = -1, empty queue]] WARN  server.GrpcLogAppender (GrpcLogAppender.java:timeoutAppendRequest(200)) - 4219e7de-d6f6-40f0-9e98-fa950fd200be@group-93BE0A482166->901346ab-67df-4dd5-b7cf-edcbf56b35ff-GrpcLogAppender: appendEntries Timeout, request=4219e7de-d6f6-40f0-9e98-fa950fd200be->901346ab-67df-4dd5-b7cf-edcbf56b35ff#17-t1, previous=(t:1, i:9), leaderCommit=6, initializing? false, entries: <empty>
2019-09-10 22:19:56,995 [java.util.concurrent.ThreadPoolExecutor$Worker@77b7950d[State = -1, empty queue]] WARN  server.GrpcLogAppender (GrpcLogAppender.java:timeoutAppendRequest(200)) - 4219e7de-d6f6-40f0-9e98-fa950fd200be@group-93BE0A482166->901346ab-67df-4dd5-b7cf-edcbf56b35ff-GrpcLogAppender: appendEntries Timeout, request=4219e7de-d6f6-40f0-9e98-fa950fd200be->901346ab-67df-4dd5-b7cf-edcbf56b35ff#18-t1, previous=(t:1, i:9), leaderCommit=6, initializing? false, entries: <empty>
2019-09-10 22:19:56,995 [java.util.concurrent.ThreadPoolExecutor$Worker@445a274e[State = -1, empty queue]] WARN  server.GrpcLogAppender (GrpcLogAppender.java:timeoutAppendRequest(200)) - 4219e7de-d6f6-40f0-9e98-fa950fd200be@group-93BE0A482166->4e1c38a0-fd03-44f2-a193-28de59e69b87-GrpcLogAppender: appendEntries Timeout, request=4219e7de-d6f6-40f0-9e98-fa950fd200be->4e1c38a0-fd03-44f2-a193-28de59e69b87#18-t1, previous=(t:1, i:9), leaderCommit=6, initializing? false, entries: <empty>
2019-09-10 22:19:59,304 [grpc-default-executor-1] INFO  client.GrpcClientProtocolClient (GrpcClientProtocolClient.java:onNext(264)) - client-9E45C64B54AD->901346ab-67df-4dd5-b7cf-edcbf56b35ff: receive RaftClientReply:client-9E45C64B54AD->901346ab-67df-4dd5-b7cf-edcbf56b35ff@group-93BE0A482166, cid=21, FAILED org.apache.ratis.protocol.NotLeaderException: Server 901346ab-67df-4dd5-b7cf-edcbf56b35ff@group-93BE0A482166 is not the leader 4219e7de-d6f6-40f0-9e98-fa950fd200be:192.168.34.57:37976, logIndex=0, commits[901346ab-67df-4dd5-b7cf-edcbf56b35ff:c6, 4e1c38a0-fd03-44f2-a193-28de59e69b87:c4, 4219e7de-d6f6-40f0-9e98-fa950fd200be:c6]
2019-09-10 22:19:59,496 [java.util.concurrent.ThreadPoolExecutor$Worker@445a274e[State = -1, empty queue]] WARN  server.GrpcLogAppender (GrpcLogAppender.java:timeoutAppendRequest(200)) - 4219e7de-d6f6-40f0-9e98-fa950fd200be@group-93BE0A482166->4e1c38a0-fd03-44f2-a193-28de59e69b87-GrpcLogAppender: appendEntries Timeout, request=4219e7de-d6f6-40f0-9e98-fa950fd200be->4e1c38a0-fd03-44f2-a193-28de59e69b87#19-t1, previous=(t:1, i:9), leaderCommit=6, initializing? false, entries: <empty>
2019-09-10 22:19:59,496 [java.util.concurrent.ThreadPoolExecutor$Worker@77b7950d[State = -1, empty queue]] WARN  server.GrpcLogAppender (GrpcLogAppender.java:timeoutAppendRequest(200)) - 4219e7de-d6f6-40f0-9e98-fa950fd200be@group-93BE0A482166->901346ab-67df-4dd5-b7cf-edcbf56b35ff-GrpcLogAppender: appendEntries Timeout, request=4219e7de-d6f6-40f0-9e98-fa950fd200be->901346ab-67df-4dd5-b7cf-edcbf56b35ff#19-t1, previous=(t:1, i:9), leaderCommit=6, initializing? false, entries: <empty>
2019-09-10 22:20:01,997 [java.util.concurrent.ThreadPoolExecutor$Worker@445a274e[State = -1, empty queue]] WARN  server.GrpcLogAppender (GrpcLogAppender.java:timeoutAppendRequest(200)) - 4219e7de-d6f6-40f0-9e98-fa950fd200be@group-93BE0A482166->4e1c38a0-fd03-44f2-a193-28de59e69b87-GrpcLogAppender: appendEntries Timeout, request=4219e7de-d6f6-40f0-9e98-fa950fd200be->4e1c38a0-fd03-44f2-a193-28de59e69b87#20-t1, previous=(t:1, i:9), leaderCommit=6, initializing? false, entries: <empty>
2019-09-10 22:20:01,997 [java.util.concurrent.ThreadPoolExecutor$Worker@77b7950d[State = -1, empty queue]] WARN  server.GrpcLogAppender (GrpcLogAppender.java:timeoutAppendRequest(200)) - 4219e7de-d6f6-40f0-9e98-fa950fd200be@group-93BE0A482166->901346ab-67df-4dd5-b7cf-edcbf56b35ff-GrpcLogAppender: appendEntries Timeout, request=4219e7de-d6f6-40f0-9e98-fa950fd200be->901346ab-67df-4dd5-b7cf-edcbf56b35ff#20-t1, previous=(t:1, i:9), leaderCommit=6, initializing? false, entries: <empty>
2019-09-10 22:20:03,994 [4e1c38a0-fd03-44f2-a193-28de59e69b87@group-93BE0A482166-SegmentedRaftLogWorker] WARN  segmented.SegmentedRaftLogWorker (SegmentedRaftLogWorker.java:getFromFuture(90)) - Timeout 2/~
org.apache.ratis.protocol.TimeoutIOException: Timeout 10s: WriteLog:7: (t:1, i:7), STATEMACHINELOGENTRY, client-9E45C64B54AD, cid=21-writeStateMachineData
	at org.apache.ratis.util.IOUtils.getFromFuture(IOUtils.java:87)
	at org.apache.ratis.server.raftlog.segmented.SegmentedRaftLogWorker$StateMachineDataPolicy.getFromFuture(SegmentedRaftLogWorker.java:87)
	at org.apache.ratis.server.raftlog.segmented.SegmentedRaftLogWorker$WriteLog.execute(SegmentedRaftLogWorker.java:477)
	at org.apache.ratis.server.raftlog.segmented.SegmentedRaftLogWorker.run(SegmentedRaftLogWorker.java:289)
	at java.lang.Thread.run(Thread.java:748)
Caused by: java.util.concurrent.TimeoutException
	at java.util.concurrent.CompletableFuture.timedGet(CompletableFuture.java:1771)
	at java.util.concurrent.CompletableFuture.get(CompletableFuture.java:1915)
	at org.apache.ratis.util.IOUtils.getFromFuture(IOUtils.java:79)
	... 4 more
2019-09-10 22:20:03,994 [4219e7de-d6f6-40f0-9e98-fa950fd200be@group-93BE0A482166-SegmentedRaftLogWorker] WARN  segmented.SegmentedRaftLogWorker (SegmentedRaftLogWorker.java:getFromFuture(90)) - Timeout 2/~
org.apache.ratis.protocol.TimeoutIOException: Timeout 10s: WriteLog:7: (t:1, i:7), STATEMACHINELOGENTRY, client-9E45C64B54AD, cid=21-writeStateMachineData
	at org.apache.ratis.util.IOUtils.getFromFuture(IOUtils.java:87)
	at org.apache.ratis.server.raftlog.segmented.SegmentedRaftLogWorker$StateMachineDataPolicy.getFromFuture(SegmentedRaftLogWorker.java:87)
	at org.apache.ratis.server.raftlog.segmented.SegmentedRaftLogWorker$WriteLog.execute(SegmentedRaftLogWorker.java:477)
	at org.apache.ratis.server.raftlog.segmented.SegmentedRaftLogWorker.run(SegmentedRaftLogWorker.java:289)
	at java.lang.Thread.run(Thread.java:748)
Caused by: java.util.concurrent.TimeoutException
	at java.util.concurrent.CompletableFuture.timedGet(CompletableFuture.java:1771)
	at java.util.concurrent.CompletableFuture.get(CompletableFuture.java:1915)
	at org.apache.ratis.util.IOUtils.getFromFuture(IOUtils.java:79)
	... 4 more
2019-09-10 22:20:04,105 [901346ab-67df-4dd5-b7cf-edcbf56b35ff@group-93BE0A482166-SegmentedRaftLogWorker] WARN  segmented.SegmentedRaftLogWorker (SegmentedRaftLogWorker.java:getFromFuture(90)) - Timeout 2/~
org.apache.ratis.protocol.TimeoutIOException: Timeout 10s: WriteLog:8: (t:1, i:8), STATEMACHINELOGENTRY, client-9E45C64B54AD, cid=22-writeStateMachineData
	at org.apache.ratis.util.IOUtils.getFromFuture(IOUtils.java:87)
	at org.apache.ratis.server.raftlog.segmented.SegmentedRaftLogWorker$StateMachineDataPolicy.getFromFuture(SegmentedRaftLogWorker.java:87)
	at org.apache.ratis.server.raftlog.segmented.SegmentedRaftLogWorker$WriteLog.execute(SegmentedRaftLogWorker.java:477)
	at org.apache.ratis.server.raftlog.segmented.SegmentedRaftLogWorker.run(SegmentedRaftLogWorker.java:289)
	at java.lang.Thread.run(Thread.java:748)
Caused by: java.util.concurrent.TimeoutException
	at java.util.concurrent.CompletableFuture.timedGet(CompletableFuture.java:1771)
	at java.util.concurrent.CompletableFuture.get(CompletableFuture.java:1915)
	at org.apache.ratis.util.IOUtils.getFromFuture(IOUtils.java:79)
	... 4 more
2019-09-10 22:20:04,375 [grpc-default-executor-4] INFO  client.GrpcClientProtocolClient (GrpcClientProtocolClient.java:onNext(264)) - client-9E45C64B54AD->901346ab-67df-4dd5-b7cf-edcbf56b35ff: receive RaftClientReply:client-9E45C64B54AD->901346ab-67df-4dd5-b7cf-edcbf56b35ff@group-93BE0A482166, cid=21, FAILED org.apache.ratis.protocol.NotLeaderException: Server 901346ab-67df-4dd5-b7cf-edcbf56b35ff@group-93BE0A482166 is not the leader 4219e7de-d6f6-40f0-9e98-fa950fd200be:192.168.34.57:37976, logIndex=0, commits[901346ab-67df-4dd5-b7cf-edcbf56b35ff:c6, 4e1c38a0-fd03-44f2-a193-28de59e69b87:c4, 4219e7de-d6f6-40f0-9e98-fa950fd200be:c6]
2019-09-10 22:20:04,499 [java.util.concurrent.ThreadPoolExecutor$Worker@445a274e[State = -1, empty queue]] WARN  server.GrpcLogAppender (GrpcLogAppender.java:timeoutAppendRequest(200)) - 4219e7de-d6f6-40f0-9e98-fa950fd200be@group-93BE0A482166->4e1c38a0-fd03-44f2-a193-28de59e69b87-GrpcLogAppender: appendEntries Timeout, request=4219e7de-d6f6-40f0-9e98-fa950fd200be->4e1c38a0-fd03-44f2-a193-28de59e69b87#21-t1, previous=(t:1, i:9), leaderCommit=6, initializing? false, entries: <empty>
2019-09-10 22:20:04,499 [java.util.concurrent.ThreadPoolExecutor$Worker@77b7950d[State = -1, empty queue]] WARN  server.GrpcLogAppender (GrpcLogAppender.java:timeoutAppendRequest(200)) - 4219e7de-d6f6-40f0-9e98-fa950fd200be@group-93BE0A482166->901346ab-67df-4dd5-b7cf-edcbf56b35ff-GrpcLogAppender: appendEntries Timeout, request=4219e7de-d6f6-40f0-9e98-fa950fd200be->901346ab-67df-4dd5-b7cf-edcbf56b35ff#21-t1, previous=(t:1, i:9), leaderCommit=6, initializing? false, entries: <empty>
2019-09-10 22:20:07,000 [java.util.concurrent.ThreadPoolExecutor$Worker@445a274e[State = -1, empty queue]] WARN  server.GrpcLogAppender (GrpcLogAppender.java:timeoutAppendRequest(200)) - 4219e7de-d6f6-40f0-9e98-fa950fd200be@group-93BE0A482166->4e1c38a0-fd03-44f2-a193-28de59e69b87-GrpcLogAppender: appendEntries Timeout, request=4219e7de-d6f6-40f0-9e98-fa950fd200be->4e1c38a0-fd03-44f2-a193-28de59e69b87#22-t1, previous=(t:1, i:9), leaderCommit=6, initializing? false, entries: <empty>
2019-09-10 22:20:07,000 [java.util.concurrent.ThreadPoolExecutor$Worker@77b7950d[State = -1, empty queue]] WARN  server.GrpcLogAppender (GrpcLogAppender.java:timeoutAppendRequest(200)) - 4219e7de-d6f6-40f0-9e98-fa950fd200be@group-93BE0A482166->901346ab-67df-4dd5-b7cf-edcbf56b35ff-GrpcLogAppender: appendEntries Timeout, request=4219e7de-d6f6-40f0-9e98-fa950fd200be->901346ab-67df-4dd5-b7cf-edcbf56b35ff#22-t1, previous=(t:1, i:9), leaderCommit=6, initializing? false, entries: <empty>
2019-09-10 22:20:09,442 [grpc-default-executor-0] INFO  client.GrpcClientProtocolClient (GrpcClientProtocolClient.java:onNext(264)) - client-9E45C64B54AD->4e1c38a0-fd03-44f2-a193-28de59e69b87: receive RaftClientReply:client-9E45C64B54AD->4e1c38a0-fd03-44f2-a193-28de59e69b87@group-93BE0A482166, cid=21, FAILED org.apache.ratis.protocol.NotLeaderException: Server 4e1c38a0-fd03-44f2-a193-28de59e69b87@group-93BE0A482166 is not the leader 4219e7de-d6f6-40f0-9e98-fa950fd200be:192.168.34.57:37976, logIndex=0, commits[4e1c38a0-fd03-44f2-a193-28de59e69b87:c6, 4219e7de-d6f6-40f0-9e98-fa950fd200be:c6, 901346ab-67df-4dd5-b7cf-edcbf56b35ff:c4]
2019-09-10 22:20:09,501 [java.util.concurrent.ThreadPoolExecutor$Worker@445a274e[State = -1, empty queue]] WARN  server.GrpcLogAppender (GrpcLogAppender.java:timeoutAppendRequest(200)) - 4219e7de-d6f6-40f0-9e98-fa950fd200be@group-93BE0A482166->4e1c38a0-fd03-44f2-a193-28de59e69b87-GrpcLogAppender: appendEntries Timeout, request=4219e7de-d6f6-40f0-9e98-fa950fd200be->4e1c38a0-fd03-44f2-a193-28de59e69b87#23-t1, previous=(t:1, i:9), leaderCommit=6, initializing? false, entries: <empty>
2019-09-10 22:20:09,501 [java.util.concurrent.ThreadPoolExecutor$Worker@77b7950d[State = -1, empty queue]] WARN  server.GrpcLogAppender (GrpcLogAppender.java:timeoutAppendRequest(200)) - 4219e7de-d6f6-40f0-9e98-fa950fd200be@group-93BE0A482166->901346ab-67df-4dd5-b7cf-edcbf56b35ff-GrpcLogAppender: appendEntries Timeout, request=4219e7de-d6f6-40f0-9e98-fa950fd200be->901346ab-67df-4dd5-b7cf-edcbf56b35ff#23-t1, previous=(t:1, i:9), leaderCommit=6, initializing? false, entries: <empty>
2019-09-10 22:20:12,002 [java.util.concurrent.ThreadPoolExecutor$Worker@445a274e[State = -1, empty queue]] WARN  server.GrpcLogAppender (GrpcLogAppender.java:timeoutAppendRequest(200)) - 4219e7de-d6f6-40f0-9e98-fa950fd200be@group-93BE0A482166->4e1c38a0-fd03-44f2-a193-28de59e69b87-GrpcLogAppender: appendEntries Timeout, request=4219e7de-d6f6-40f0-9e98-fa950fd200be->4e1c38a0-fd03-44f2-a193-28de59e69b87#24-t1, previous=(t:1, i:9), leaderCommit=6, initializing? false, entries: <empty>
2019-09-10 22:20:12,002 [java.util.concurrent.ThreadPoolExecutor$Worker@77b7950d[State = -1, empty queue]] WARN  server.GrpcLogAppender (GrpcLogAppender.java:timeoutAppendRequest(200)) - 4219e7de-d6f6-40f0-9e98-fa950fd200be@group-93BE0A482166->901346ab-67df-4dd5-b7cf-edcbf56b35ff-GrpcLogAppender: appendEntries Timeout, request=4219e7de-d6f6-40f0-9e98-fa950fd200be->901346ab-67df-4dd5-b7cf-edcbf56b35ff#24-t1, previous=(t:1, i:9), leaderCommit=6, initializing? false, entries: <empty>
2019-09-10 22:20:13,995 [4e1c38a0-fd03-44f2-a193-28de59e69b87@group-93BE0A482166-SegmentedRaftLogWorker] WARN  segmented.SegmentedRaftLogWorker (SegmentedRaftLogWorker.java:getFromFuture(90)) - Timeout 3/~
org.apache.ratis.protocol.TimeoutIOException: Timeout 10s: WriteLog:7: (t:1, i:7), STATEMACHINELOGENTRY, client-9E45C64B54AD, cid=21-writeStateMachineData
	at org.apache.ratis.util.IOUtils.getFromFuture(IOUtils.java:87)
	at org.apache.ratis.server.raftlog.segmented.SegmentedRaftLogWorker$StateMachineDataPolicy.getFromFuture(SegmentedRaftLogWorker.java:87)
	at org.apache.ratis.server.raftlog.segmented.SegmentedRaftLogWorker$WriteLog.execute(SegmentedRaftLogWorker.java:477)
	at org.apache.ratis.server.raftlog.segmented.SegmentedRaftLogWorker.run(SegmentedRaftLogWorker.java:289)
	at java.lang.Thread.run(Thread.java:748)
Caused by: java.util.concurrent.TimeoutException
	at java.util.concurrent.CompletableFuture.timedGet(CompletableFuture.java:1771)
	at java.util.concurrent.CompletableFuture.get(CompletableFuture.java:1915)
	at org.apache.ratis.util.IOUtils.getFromFuture(IOUtils.java:79)
	... 4 more
2019-09-10 22:20:13,996 [4219e7de-d6f6-40f0-9e98-fa950fd200be@group-93BE0A482166-SegmentedRaftLogWorker] WARN  segmented.SegmentedRaftLogWorker (SegmentedRaftLogWorker.java:getFromFuture(90)) - Timeout 3/~
org.apache.ratis.protocol.TimeoutIOException: Timeout 10s: WriteLog:7: (t:1, i:7), STATEMACHINELOGENTRY, client-9E45C64B54AD, cid=21-writeStateMachineData
	at org.apache.ratis.util.IOUtils.getFromFuture(IOUtils.java:87)
	at org.apache.ratis.server.raftlog.segmented.SegmentedRaftLogWorker$StateMachineDataPolicy.getFromFuture(SegmentedRaftLogWorker.java:87)
	at org.apache.ratis.server.raftlog.segmented.SegmentedRaftLogWorker$WriteLog.execute(SegmentedRaftLogWorker.java:477)
	at org.apache.ratis.server.raftlog.segmented.SegmentedRaftLogWorker.run(SegmentedRaftLogWorker.java:289)
	at java.lang.Thread.run(Thread.java:748)
Caused by: java.util.concurrent.TimeoutException
	at java.util.concurrent.CompletableFuture.timedGet(CompletableFuture.java:1771)
	at java.util.concurrent.CompletableFuture.get(CompletableFuture.java:1915)
	at org.apache.ratis.util.IOUtils.getFromFuture(IOUtils.java:79)
	... 4 more
2019-09-10 22:20:14,106 [901346ab-67df-4dd5-b7cf-edcbf56b35ff@group-93BE0A482166-SegmentedRaftLogWorker] WARN  segmented.SegmentedRaftLogWorker (SegmentedRaftLogWorker.java:getFromFuture(90)) - Timeout 3/~
org.apache.ratis.protocol.TimeoutIOException: Timeout 10s: WriteLog:8: (t:1, i:8), STATEMACHINELOGENTRY, client-9E45C64B54AD, cid=22-writeStateMachineData
	at org.apache.ratis.util.IOUtils.getFromFuture(IOUtils.java:87)
	at org.apache.ratis.server.raftlog.segmented.SegmentedRaftLogWorker$StateMachineDataPolicy.getFromFuture(SegmentedRaftLogWorker.java:87)
	at org.apache.ratis.server.raftlog.segmented.SegmentedRaftLogWorker$WriteLog.execute(SegmentedRaftLogWorker.java:477)
	at org.apache.ratis.server.raftlog.segmented.SegmentedRaftLogWorker.run(SegmentedRaftLogWorker.java:289)
	at java.lang.Thread.run(Thread.java:748)
Caused by: java.util.concurrent.TimeoutException
	at java.util.concurrent.CompletableFuture.timedGet(CompletableFuture.java:1771)
	at java.util.concurrent.CompletableFuture.get(CompletableFuture.java:1915)
	at org.apache.ratis.util.IOUtils.getFromFuture(IOUtils.java:79)
	... 4 more
2019-09-10 22:20:14,503 [java.util.concurrent.ThreadPoolExecutor$Worker@445a274e[State = -1, empty queue]] WARN  server.GrpcLogAppender (GrpcLogAppender.java:timeoutAppendRequest(200)) - 4219e7de-d6f6-40f0-9e98-fa950fd200be@group-93BE0A482166->4e1c38a0-fd03-44f2-a193-28de59e69b87-GrpcLogAppender: appendEntries Timeout, request=4219e7de-d6f6-40f0-9e98-fa950fd200be->4e1c38a0-fd03-44f2-a193-28de59e69b87#25-t1, previous=(t:1, i:9), leaderCommit=6, initializing? false, entries: <empty>
2019-09-10 22:20:14,503 [java.util.concurrent.ThreadPoolExecutor$Worker@77b7950d[State = -1, empty queue]] WARN  server.GrpcLogAppender (GrpcLogAppender.java:timeoutAppendRequest(200)) - 4219e7de-d6f6-40f0-9e98-fa950fd200be@group-93BE0A482166->901346ab-67df-4dd5-b7cf-edcbf56b35ff-GrpcLogAppender: appendEntries Timeout, request=4219e7de-d6f6-40f0-9e98-fa950fd200be->901346ab-67df-4dd5-b7cf-edcbf56b35ff#25-t1, previous=(t:1, i:9), leaderCommit=6, initializing? false, entries: <empty>
2019-09-10 22:20:14,532 [grpc-default-executor-0] INFO  client.GrpcClientProtocolClient (GrpcClientProtocolClient.java:onNext(264)) - client-9E45C64B54AD->901346ab-67df-4dd5-b7cf-edcbf56b35ff: receive RaftClientReply:client-9E45C64B54AD->901346ab-67df-4dd5-b7cf-edcbf56b35ff@group-93BE0A482166, cid=21, FAILED org.apache.ratis.protocol.NotLeaderException: Server 901346ab-67df-4dd5-b7cf-edcbf56b35ff@group-93BE0A482166 is not the leader 4219e7de-d6f6-40f0-9e98-fa950fd200be:192.168.34.57:37976, logIndex=0, commits[901346ab-67df-4dd5-b7cf-edcbf56b35ff:c6, 4e1c38a0-fd03-44f2-a193-28de59e69b87:c4, 4219e7de-d6f6-40f0-9e98-fa950fd200be:c6]
2019-09-10 22:20:17,003 [java.util.concurrent.ThreadPoolExecutor$Worker@445a274e[State = -1, empty queue]] WARN  server.GrpcLogAppender (GrpcLogAppender.java:timeoutAppendRequest(200)) - 4219e7de-d6f6-40f0-9e98-fa950fd200be@group-93BE0A482166->4e1c38a0-fd03-44f2-a193-28de59e69b87-GrpcLogAppender: appendEntries Timeout, request=4219e7de-d6f6-40f0-9e98-fa950fd200be->4e1c38a0-fd03-44f2-a193-28de59e69b87#26-t1, previous=(t:1, i:9), leaderCommit=6, initializing? false, entries: <empty>
2019-09-10 22:20:17,004 [java.util.concurrent.ThreadPoolExecutor$Worker@77b7950d[State = -1, empty queue]] WARN  server.GrpcLogAppender (GrpcLogAppender.java:timeoutAppendRequest(200)) - 4219e7de-d6f6-40f0-9e98-fa950fd200be@group-93BE0A482166->901346ab-67df-4dd5-b7cf-edcbf56b35ff-GrpcLogAppender: appendEntries Timeout, request=4219e7de-d6f6-40f0-9e98-fa950fd200be->901346ab-67df-4dd5-b7cf-edcbf56b35ff#26-t1, previous=(t:1, i:9), leaderCommit=6, initializing? false, entries: <empty>
2019-09-10 22:20:19,504 [java.util.concurrent.ThreadPoolExecutor$Worker@77b7950d[State = -1, empty queue]] WARN  server.GrpcLogAppender (GrpcLogAppender.java:timeoutAppendRequest(200)) - 4219e7de-d6f6-40f0-9e98-fa950fd200be@group-93BE0A482166->901346ab-67df-4dd5-b7cf-edcbf56b35ff-GrpcLogAppender: appendEntries Timeout, request=4219e7de-d6f6-40f0-9e98-fa950fd200be->901346ab-67df-4dd5-b7cf-edcbf56b35ff#27-t1, previous=(t:1, i:9), leaderCommit=6, initializing? false, entries: <empty>
2019-09-10 22:20:19,504 [java.util.concurrent.ThreadPoolExecutor$Worker@445a274e[State = -1, empty queue]] WARN  server.GrpcLogAppender (GrpcLogAppender.java:timeoutAppendRequest(200)) - 4219e7de-d6f6-40f0-9e98-fa950fd200be@group-93BE0A482166->4e1c38a0-fd03-44f2-a193-28de59e69b87-GrpcLogAppender: appendEntries Timeout, request=4219e7de-d6f6-40f0-9e98-fa950fd200be->4e1c38a0-fd03-44f2-a193-28de59e69b87#27-t1, previous=(t:1, i:9), leaderCommit=6, initializing? false, entries: <empty>
2019-09-10 22:20:19,607 [grpc-default-executor-1] INFO  client.GrpcClientProtocolClient (GrpcClientProtocolClient.java:onNext(264)) - client-9E45C64B54AD->4e1c38a0-fd03-44f2-a193-28de59e69b87: receive RaftClientReply:client-9E45C64B54AD->4e1c38a0-fd03-44f2-a193-28de59e69b87@group-93BE0A482166, cid=21, FAILED org.apache.ratis.protocol.NotLeaderException: Server 4e1c38a0-fd03-44f2-a193-28de59e69b87@group-93BE0A482166 is not the leader 4219e7de-d6f6-40f0-9e98-fa950fd200be:192.168.34.57:37976, logIndex=0, commits[4e1c38a0-fd03-44f2-a193-28de59e69b87:c6, 4219e7de-d6f6-40f0-9e98-fa950fd200be:c6, 901346ab-67df-4dd5-b7cf-edcbf56b35ff:c4]
2019-09-10 22:20:22,004 [java.util.concurrent.ThreadPoolExecutor$Worker@445a274e[State = -1, empty queue]] WARN  server.GrpcLogAppender (GrpcLogAppender.java:timeoutAppendRequest(200)) - 4219e7de-d6f6-40f0-9e98-fa950fd200be@group-93BE0A482166->4e1c38a0-fd03-44f2-a193-28de59e69b87-GrpcLogAppender: appendEntries Timeout, request=4219e7de-d6f6-40f0-9e98-fa950fd200be->4e1c38a0-fd03-44f2-a193-28de59e69b87#28-t1, previous=(t:1, i:9), leaderCommit=6, initializing? false, entries: <empty>
2019-09-10 22:20:22,004 [java.util.concurrent.ThreadPoolExecutor$Worker@77b7950d[State = -1, empty queue]] WARN  server.GrpcLogAppender (GrpcLogAppender.java:timeoutAppendRequest(200)) - 4219e7de-d6f6-40f0-9e98-fa950fd200be@group-93BE0A482166->901346ab-67df-4dd5-b7cf-edcbf56b35ff-GrpcLogAppender: appendEntries Timeout, request=4219e7de-d6f6-40f0-9e98-fa950fd200be->901346ab-67df-4dd5-b7cf-edcbf56b35ff#28-t1, previous=(t:1, i:9), leaderCommit=6, initializing? false, entries: <empty>
2019-09-10 22:20:23,997 [4e1c38a0-fd03-44f2-a193-28de59e69b87@group-93BE0A482166-SegmentedRaftLogWorker] WARN  segmented.SegmentedRaftLogWorker (SegmentedRaftLogWorker.java:getFromFuture(90)) - Timeout 4/~
org.apache.ratis.protocol.TimeoutIOException: Timeout 10s: WriteLog:7: (t:1, i:7), STATEMACHINELOGENTRY, client-9E45C64B54AD, cid=21-writeStateMachineData
	at org.apache.ratis.util.IOUtils.getFromFuture(IOUtils.java:87)
	at org.apache.ratis.server.raftlog.segmented.SegmentedRaftLogWorker$StateMachineDataPolicy.getFromFuture(SegmentedRaftLogWorker.java:87)
	at org.apache.ratis.server.raftlog.segmented.SegmentedRaftLogWorker$WriteLog.execute(SegmentedRaftLogWorker.java:477)
	at org.apache.ratis.server.raftlog.segmented.SegmentedRaftLogWorker.run(SegmentedRaftLogWorker.java:289)
	at java.lang.Thread.run(Thread.java:748)
Caused by: java.util.concurrent.TimeoutException
	at java.util.concurrent.CompletableFuture.timedGet(CompletableFuture.java:1771)
	at java.util.concurrent.CompletableFuture.get(CompletableFuture.java:1915)
	at org.apache.ratis.util.IOUtils.getFromFuture(IOUtils.java:79)
	... 4 more
2019-09-10 22:20:23,997 [4219e7de-d6f6-40f0-9e98-fa950fd200be@group-93BE0A482166-SegmentedRaftLogWorker] WARN  segmented.SegmentedRaftLogWorker (SegmentedRaftLogWorker.java:getFromFuture(90)) - Timeout 4/~
org.apache.ratis.protocol.TimeoutIOException: Timeout 10s: WriteLog:7: (t:1, i:7), STATEMACHINELOGENTRY, client-9E45C64B54AD, cid=21-writeStateMachineData
	at org.apache.ratis.util.IOUtils.getFromFuture(IOUtils.java:87)
	at org.apache.ratis.server.raftlog.segmented.SegmentedRaftLogWorker$StateMachineDataPolicy.getFromFuture(SegmentedRaftLogWorker.java:87)
	at org.apache.ratis.server.raftlog.segmented.SegmentedRaftLogWorker$WriteLog.execute(SegmentedRaftLogWorker.java:477)
	at org.apache.ratis.server.raftlog.segmented.SegmentedRaftLogWorker.run(SegmentedRaftLogWorker.java:289)
	at java.lang.Thread.run(Thread.java:748)
Caused by: java.util.concurrent.TimeoutException
	at java.util.concurrent.CompletableFuture.timedGet(CompletableFuture.java:1771)
	at java.util.concurrent.CompletableFuture.get(CompletableFuture.java:1915)
	at org.apache.ratis.util.IOUtils.getFromFuture(IOUtils.java:79)
	... 4 more
2019-09-10 22:20:24,107 [901346ab-67df-4dd5-b7cf-edcbf56b35ff@group-93BE0A482166-SegmentedRaftLogWorker] WARN  segmented.SegmentedRaftLogWorker (SegmentedRaftLogWorker.java:getFromFuture(90)) - Timeout 4/~
org.apache.ratis.protocol.TimeoutIOException: Timeout 10s: WriteLog:8: (t:1, i:8), STATEMACHINELOGENTRY, client-9E45C64B54AD, cid=22-writeStateMachineData
	at org.apache.ratis.util.IOUtils.getFromFuture(IOUtils.java:87)
	at org.apache.ratis.server.raftlog.segmented.SegmentedRaftLogWorker$StateMachineDataPolicy.getFromFuture(SegmentedRaftLogWorker.java:87)
	at org.apache.ratis.server.raftlog.segmented.SegmentedRaftLogWorker$WriteLog.execute(SegmentedRaftLogWorker.java:477)
	at org.apache.ratis.server.raftlog.segmented.SegmentedRaftLogWorker.run(SegmentedRaftLogWorker.java:289)
	at java.lang.Thread.run(Thread.java:748)
Caused by: java.util.concurrent.TimeoutException
	at java.util.concurrent.CompletableFuture.timedGet(CompletableFuture.java:1771)
	at java.util.concurrent.CompletableFuture.get(CompletableFuture.java:1915)
	at org.apache.ratis.util.IOUtils.getFromFuture(IOUtils.java:79)
	... 4 more
2019-09-10 22:20:24,505 [java.util.concurrent.ThreadPoolExecutor$Worker@445a274e[State = -1, empty queue]] WARN  server.GrpcLogAppender (GrpcLogAppender.java:timeoutAppendRequest(200)) - 4219e7de-d6f6-40f0-9e98-fa950fd200be@group-93BE0A482166->4e1c38a0-fd03-44f2-a193-28de59e69b87-GrpcLogAppender: appendEntries Timeout, request=4219e7de-d6f6-40f0-9e98-fa950fd200be->4e1c38a0-fd03-44f2-a193-28de59e69b87#29-t1, previous=(t:1, i:9), leaderCommit=6, initializing? false, entries: <empty>
2019-09-10 22:20:24,505 [java.util.concurrent.ThreadPoolExecutor$Worker@77b7950d[State = -1, empty queue]] WARN  server.GrpcLogAppender (GrpcLogAppender.java:timeoutAppendRequest(200)) - 4219e7de-d6f6-40f0-9e98-fa950fd200be@group-93BE0A482166->901346ab-67df-4dd5-b7cf-edcbf56b35ff-GrpcLogAppender: appendEntries Timeout, request=4219e7de-d6f6-40f0-9e98-fa950fd200be->901346ab-67df-4dd5-b7cf-edcbf56b35ff#29-t1, previous=(t:1, i:9), leaderCommit=6, initializing? false, entries: <empty>
2019-09-10 22:20:24,670 [grpc-default-executor-0] INFO  client.GrpcClientProtocolClient (GrpcClientProtocolClient.java:onNext(264)) - client-9E45C64B54AD->901346ab-67df-4dd5-b7cf-edcbf56b35ff: receive RaftClientReply:client-9E45C64B54AD->901346ab-67df-4dd5-b7cf-edcbf56b35ff@group-93BE0A482166, cid=21, FAILED org.apache.ratis.protocol.NotLeaderException: Server 901346ab-67df-4dd5-b7cf-edcbf56b35ff@group-93BE0A482166 is not the leader 4219e7de-d6f6-40f0-9e98-fa950fd200be:192.168.34.57:37976, logIndex=0, commits[901346ab-67df-4dd5-b7cf-edcbf56b35ff:c6, 4e1c38a0-fd03-44f2-a193-28de59e69b87:c4, 4219e7de-d6f6-40f0-9e98-fa950fd200be:c6]
2019-09-10 22:20:27,006 [java.util.concurrent.ThreadPoolExecutor$Worker@77b7950d[State = -1, empty queue]] WARN  server.GrpcLogAppender (GrpcLogAppender.java:timeoutAppendRequest(200)) - 4219e7de-d6f6-40f0-9e98-fa950fd200be@group-93BE0A482166->901346ab-67df-4dd5-b7cf-edcbf56b35ff-GrpcLogAppender: appendEntries Timeout, request=4219e7de-d6f6-40f0-9e98-fa950fd200be->901346ab-67df-4dd5-b7cf-edcbf56b35ff#30-t1, previous=(t:1, i:9), leaderCommit=6, initializing? false, entries: <empty>
2019-09-10 22:20:27,006 [java.util.concurrent.ThreadPoolExecutor$Worker@445a274e[State = -1, empty queue]] WARN  server.GrpcLogAppender (GrpcLogAppender.java:timeoutAppendRequest(200)) - 4219e7de-d6f6-40f0-9e98-fa950fd200be@group-93BE0A482166->4e1c38a0-fd03-44f2-a193-28de59e69b87-GrpcLogAppender: appendEntries Timeout, request=4219e7de-d6f6-40f0-9e98-fa950fd200be->4e1c38a0-fd03-44f2-a193-28de59e69b87#30-t1, previous=(t:1, i:9), leaderCommit=6, initializing? false, entries: <empty>
2019-09-10 22:20:29,506 [java.util.concurrent.ThreadPoolExecutor$Worker@77b7950d[State = -1, empty queue]] WARN  server.GrpcLogAppender (GrpcLogAppender.java:timeoutAppendRequest(200)) - 4219e7de-d6f6-40f0-9e98-fa950fd200be@group-93BE0A482166->901346ab-67df-4dd5-b7cf-edcbf56b35ff-GrpcLogAppender: appendEntries Timeout, request=4219e7de-d6f6-40f0-9e98-fa950fd200be->901346ab-67df-4dd5-b7cf-edcbf56b35ff#31-t1, previous=(t:1, i:9), leaderCommit=6, initializing? false, entries: <empty>
2019-09-10 22:20:29,506 [java.util.concurrent.ThreadPoolExecutor$Worker@445a274e[State = -1, empty queue]] WARN  server.GrpcLogAppender (GrpcLogAppender.java:timeoutAppendRequest(200)) - 4219e7de-d6f6-40f0-9e98-fa950fd200be@group-93BE0A482166->4e1c38a0-fd03-44f2-a193-28de59e69b87-GrpcLogAppender: appendEntries Timeout, request=4219e7de-d6f6-40f0-9e98-fa950fd200be->4e1c38a0-fd03-44f2-a193-28de59e69b87#31-t1, previous=(t:1, i:9), leaderCommit=6, initializing? false, entries: <empty>
2019-09-10 22:20:29,726 [grpc-default-executor-0] INFO  client.GrpcClientProtocolClient (GrpcClientProtocolClient.java:onNext(264)) - client-9E45C64B54AD->901346ab-67df-4dd5-b7cf-edcbf56b35ff: receive RaftClientReply:client-9E45C64B54AD->901346ab-67df-4dd5-b7cf-edcbf56b35ff@group-93BE0A482166, cid=21, FAILED org.apache.ratis.protocol.NotLeaderException: Server 901346ab-67df-4dd5-b7cf-edcbf56b35ff@group-93BE0A482166 is not the leader 4219e7de-d6f6-40f0-9e98-fa950fd200be:192.168.34.57:37976, logIndex=0, commits[901346ab-67df-4dd5-b7cf-edcbf56b35ff:c6, 4e1c38a0-fd03-44f2-a193-28de59e69b87:c4, 4219e7de-d6f6-40f0-9e98-fa950fd200be:c6]
2019-09-10 22:20:32,007 [java.util.concurrent.ThreadPoolExecutor$Worker@77b7950d[State = -1, empty queue]] WARN  server.GrpcLogAppender (GrpcLogAppender.java:timeoutAppendRequest(200)) - 4219e7de-d6f6-40f0-9e98-fa950fd200be@group-93BE0A482166->901346ab-67df-4dd5-b7cf-edcbf56b35ff-GrpcLogAppender: appendEntries Timeout, request=4219e7de-d6f6-40f0-9e98-fa950fd200be->901346ab-67df-4dd5-b7cf-edcbf56b35ff#32-t1, previous=(t:1, i:9), leaderCommit=6, initializing? false, entries: <empty>
2019-09-10 22:20:32,007 [java.util.concurrent.ThreadPoolExecutor$Worker@445a274e[State = -1, empty queue]] WARN  server.GrpcLogAppender (GrpcLogAppender.java:timeoutAppendRequest(200)) - 4219e7de-d6f6-40f0-9e98-fa950fd200be@group-93BE0A482166->4e1c38a0-fd03-44f2-a193-28de59e69b87-GrpcLogAppender: appendEntries Timeout, request=4219e7de-d6f6-40f0-9e98-fa950fd200be->4e1c38a0-fd03-44f2-a193-28de59e69b87#32-t1, previous=(t:1, i:9), leaderCommit=6, initializing? false, entries: <empty>
2019-09-10 22:20:33,998 [4e1c38a0-fd03-44f2-a193-28de59e69b87@group-93BE0A482166-SegmentedRaftLogWorker] WARN  segmented.SegmentedRaftLogWorker (SegmentedRaftLogWorker.java:getFromFuture(90)) - Timeout 5/~
org.apache.ratis.protocol.TimeoutIOException: Timeout 10s: WriteLog:7: (t:1, i:7), STATEMACHINELOGENTRY, client-9E45C64B54AD, cid=21-writeStateMachineData
	at org.apache.ratis.util.IOUtils.getFromFuture(IOUtils.java:87)
	at org.apache.ratis.server.raftlog.segmented.SegmentedRaftLogWorker$StateMachineDataPolicy.getFromFuture(SegmentedRaftLogWorker.java:87)
	at org.apache.ratis.server.raftlog.segmented.SegmentedRaftLogWorker$WriteLog.execute(SegmentedRaftLogWorker.java:477)
	at org.apache.ratis.server.raftlog.segmented.SegmentedRaftLogWorker.run(SegmentedRaftLogWorker.java:289)
	at java.lang.Thread.run(Thread.java:748)
Caused by: java.util.concurrent.TimeoutException
	at java.util.concurrent.CompletableFuture.timedGet(CompletableFuture.java:1771)
	at java.util.concurrent.CompletableFuture.get(CompletableFuture.java:1915)
	at org.apache.ratis.util.IOUtils.getFromFuture(IOUtils.java:79)
	... 4 more
2019-09-10 22:20:33,998 [4219e7de-d6f6-40f0-9e98-fa950fd200be@group-93BE0A482166-SegmentedRaftLogWorker] WARN  segmented.SegmentedRaftLogWorker (SegmentedRaftLogWorker.java:getFromFuture(90)) - Timeout 5/~
org.apache.ratis.protocol.TimeoutIOException: Timeout 10s: WriteLog:7: (t:1, i:7), STATEMACHINELOGENTRY, client-9E45C64B54AD, cid=21-writeStateMachineData
	at org.apache.ratis.util.IOUtils.getFromFuture(IOUtils.java:87)
	at org.apache.ratis.server.raftlog.segmented.SegmentedRaftLogWorker$StateMachineDataPolicy.getFromFuture(SegmentedRaftLogWorker.java:87)
	at org.apache.ratis.server.raftlog.segmented.SegmentedRaftLogWorker$WriteLog.execute(SegmentedRaftLogWorker.java:477)
	at org.apache.ratis.server.raftlog.segmented.SegmentedRaftLogWorker.run(SegmentedRaftLogWorker.java:289)
	at java.lang.Thread.run(Thread.java:748)
Caused by: java.util.concurrent.TimeoutException
	at java.util.concurrent.CompletableFuture.timedGet(CompletableFuture.java:1771)
	at java.util.concurrent.CompletableFuture.get(CompletableFuture.java:1915)
	at org.apache.ratis.util.IOUtils.getFromFuture(IOUtils.java:79)
	... 4 more
2019-09-10 22:20:34,108 [901346ab-67df-4dd5-b7cf-edcbf56b35ff@group-93BE0A482166-SegmentedRaftLogWorker] WARN  segmented.SegmentedRaftLogWorker (SegmentedRaftLogWorker.java:getFromFuture(90)) - Timeout 5/~
org.apache.ratis.protocol.TimeoutIOException: Timeout 10s: WriteLog:8: (t:1, i:8), STATEMACHINELOGENTRY, client-9E45C64B54AD, cid=22-writeStateMachineData
	at org.apache.ratis.util.IOUtils.getFromFuture(IOUtils.java:87)
	at org.apache.ratis.server.raftlog.segmented.SegmentedRaftLogWorker$StateMachineDataPolicy.getFromFuture(SegmentedRaftLogWorker.java:87)
	at org.apache.ratis.server.raftlog.segmented.SegmentedRaftLogWorker$WriteLog.execute(SegmentedRaftLogWorker.java:477)
	at org.apache.ratis.server.raftlog.segmented.SegmentedRaftLogWorker.run(SegmentedRaftLogWorker.java:289)
	at java.lang.Thread.run(Thread.java:748)
Caused by: java.util.concurrent.TimeoutException
	at java.util.concurrent.CompletableFuture.timedGet(CompletableFuture.java:1771)
	at java.util.concurrent.CompletableFuture.get(CompletableFuture.java:1915)
	at org.apache.ratis.util.IOUtils.getFromFuture(IOUtils.java:79)
	... 4 more
2019-09-10 22:20:34,507 [java.util.concurrent.ThreadPoolExecutor$Worker@445a274e[State = -1, empty queue]] WARN  server.GrpcLogAppender (GrpcLogAppender.java:timeoutAppendRequest(200)) - 4219e7de-d6f6-40f0-9e98-fa950fd200be@group-93BE0A482166->4e1c38a0-fd03-44f2-a193-28de59e69b87-GrpcLogAppender: appendEntries Timeout, request=4219e7de-d6f6-40f0-9e98-fa950fd200be->4e1c38a0-fd03-44f2-a193-28de59e69b87#33-t1, previous=(t:1, i:9), leaderCommit=6, initializing? false, entries: <empty>
2019-09-10 22:20:34,507 [java.util.concurrent.ThreadPoolExecutor$Worker@77b7950d[State = -1, empty queue]] WARN  server.GrpcLogAppender (GrpcLogAppender.java:timeoutAppendRequest(200)) - 4219e7de-d6f6-40f0-9e98-fa950fd200be@group-93BE0A482166->901346ab-67df-4dd5-b7cf-edcbf56b35ff-GrpcLogAppender: appendEntries Timeout, request=4219e7de-d6f6-40f0-9e98-fa950fd200be->901346ab-67df-4dd5-b7cf-edcbf56b35ff#33-t1, previous=(t:1, i:9), leaderCommit=6, initializing? false, entries: <empty>
2019-09-10 22:20:34,774 [grpc-default-executor-1] INFO  client.GrpcClientProtocolClient (GrpcClientProtocolClient.java:onNext(264)) - client-9E45C64B54AD->901346ab-67df-4dd5-b7cf-edcbf56b35ff: receive RaftClientReply:client-9E45C64B54AD->901346ab-67df-4dd5-b7cf-edcbf56b35ff@group-93BE0A482166, cid=21, FAILED org.apache.ratis.protocol.NotLeaderException: Server 901346ab-67df-4dd5-b7cf-edcbf56b35ff@group-93BE0A482166 is not the leader 4219e7de-d6f6-40f0-9e98-fa950fd200be:192.168.34.57:37976, logIndex=0, commits[901346ab-67df-4dd5-b7cf-edcbf56b35ff:c6, 4e1c38a0-fd03-44f2-a193-28de59e69b87:c4, 4219e7de-d6f6-40f0-9e98-fa950fd200be:c6]
2019-09-10 22:20:37,008 [java.util.concurrent.ThreadPoolExecutor$Worker@77b7950d[State = -1, empty queue]] WARN  server.GrpcLogAppender (GrpcLogAppender.java:timeoutAppendRequest(200)) - 4219e7de-d6f6-40f0-9e98-fa950fd200be@group-93BE0A482166->901346ab-67df-4dd5-b7cf-edcbf56b35ff-GrpcLogAppender: appendEntries Timeout, request=4219e7de-d6f6-40f0-9e98-fa950fd200be->901346ab-67df-4dd5-b7cf-edcbf56b35ff#34-t1, previous=(t:1, i:9), leaderCommit=6, initializing? false, entries: <empty>
2019-09-10 22:20:37,008 [java.util.concurrent.ThreadPoolExecutor$Worker@445a274e[State = -1, empty queue]] WARN  server.GrpcLogAppender (GrpcLogAppender.java:timeoutAppendRequest(200)) - 4219e7de-d6f6-40f0-9e98-fa950fd200be@group-93BE0A482166->4e1c38a0-fd03-44f2-a193-28de59e69b87-GrpcLogAppender: appendEntries Timeout, request=4219e7de-d6f6-40f0-9e98-fa950fd200be->4e1c38a0-fd03-44f2-a193-28de59e69b87#34-t1, previous=(t:1, i:9), leaderCommit=6, initializing? false, entries: <empty>
2019-09-10 22:20:39,509 [java.util.concurrent.ThreadPoolExecutor$Worker@445a274e[State = -1, empty queue]] WARN  server.GrpcLogAppender (GrpcLogAppender.java:timeoutAppendRequest(200)) - 4219e7de-d6f6-40f0-9e98-fa950fd200be@group-93BE0A482166->4e1c38a0-fd03-44f2-a193-28de59e69b87-GrpcLogAppender: appendEntries Timeout, request=4219e7de-d6f6-40f0-9e98-fa950fd200be->4e1c38a0-fd03-44f2-a193-28de59e69b87#35-t1, previous=(t:1, i:9), leaderCommit=6, initializing? false, entries: <empty>
2019-09-10 22:20:39,509 [java.util.concurrent.ThreadPoolExecutor$Worker@77b7950d[State = -1, empty queue]] WARN  server.GrpcLogAppender (GrpcLogAppender.java:timeoutAppendRequest(200)) - 4219e7de-d6f6-40f0-9e98-fa950fd200be@group-93BE0A482166->901346ab-67df-4dd5-b7cf-edcbf56b35ff-GrpcLogAppender: appendEntries Timeout, request=4219e7de-d6f6-40f0-9e98-fa950fd200be->901346ab-67df-4dd5-b7cf-edcbf56b35ff#35-t1, previous=(t:1, i:9), leaderCommit=6, initializing? false, entries: <empty>
2019-09-10 22:20:39,833 [grpc-default-executor-0] INFO  client.GrpcClientProtocolClient (GrpcClientProtocolClient.java:onNext(264)) - client-9E45C64B54AD->901346ab-67df-4dd5-b7cf-edcbf56b35ff: receive RaftClientReply:client-9E45C64B54AD->901346ab-67df-4dd5-b7cf-edcbf56b35ff@group-93BE0A482166, cid=21, FAILED org.apache.ratis.protocol.NotLeaderException: Server 901346ab-67df-4dd5-b7cf-edcbf56b35ff@group-93BE0A482166 is not the leader 4219e7de-d6f6-40f0-9e98-fa950fd200be:192.168.34.57:37976, logIndex=0, commits[901346ab-67df-4dd5-b7cf-edcbf56b35ff:c6, 4e1c38a0-fd03-44f2-a193-28de59e69b87:c4, 4219e7de-d6f6-40f0-9e98-fa950fd200be:c6]
2019-09-10 22:20:42,009 [java.util.concurrent.ThreadPoolExecutor$Worker@77b7950d[State = -1, empty queue]] WARN  server.GrpcLogAppender (GrpcLogAppender.java:timeoutAppendRequest(200)) - 4219e7de-d6f6-40f0-9e98-fa950fd200be@group-93BE0A482166->901346ab-67df-4dd5-b7cf-edcbf56b35ff-GrpcLogAppender: appendEntries Timeout, request=4219e7de-d6f6-40f0-9e98-fa950fd200be->901346ab-67df-4dd5-b7cf-edcbf56b35ff#36-t1, previous=(t:1, i:9), leaderCommit=6, initializing? false, entries: <empty>
2019-09-10 22:20:42,009 [java.util.concurrent.ThreadPoolExecutor$Worker@445a274e[State = -1, empty queue]] WARN  server.GrpcLogAppender (GrpcLogAppender.java:timeoutAppendRequest(200)) - 4219e7de-d6f6-40f0-9e98-fa950fd200be@group-93BE0A482166->4e1c38a0-fd03-44f2-a193-28de59e69b87-GrpcLogAppender: appendEntries Timeout, request=4219e7de-d6f6-40f0-9e98-fa950fd200be->4e1c38a0-fd03-44f2-a193-28de59e69b87#36-t1, previous=(t:1, i:9), leaderCommit=6, initializing? false, entries: <empty>
2019-09-10 22:20:43,999 [4e1c38a0-fd03-44f2-a193-28de59e69b87@group-93BE0A482166-SegmentedRaftLogWorker] WARN  segmented.SegmentedRaftLogWorker (SegmentedRaftLogWorker.java:getFromFuture(90)) - Timeout 6/~
org.apache.ratis.protocol.TimeoutIOException: Timeout 10s: WriteLog:7: (t:1, i:7), STATEMACHINELOGENTRY, client-9E45C64B54AD, cid=21-writeStateMachineData
	at org.apache.ratis.util.IOUtils.getFromFuture(IOUtils.java:87)
	at org.apache.ratis.server.raftlog.segmented.SegmentedRaftLogWorker$StateMachineDataPolicy.getFromFuture(SegmentedRaftLogWorker.java:87)
	at org.apache.ratis.server.raftlog.segmented.SegmentedRaftLogWorker$WriteLog.execute(SegmentedRaftLogWorker.java:477)
	at org.apache.ratis.server.raftlog.segmented.SegmentedRaftLogWorker.run(SegmentedRaftLogWorker.java:289)
	at java.lang.Thread.run(Thread.java:748)
Caused by: java.util.concurrent.TimeoutException
	at java.util.concurrent.CompletableFuture.timedGet(CompletableFuture.java:1771)
	at java.util.concurrent.CompletableFuture.get(CompletableFuture.java:1915)
	at org.apache.ratis.util.IOUtils.getFromFuture(IOUtils.java:79)
	... 4 more
2019-09-10 22:20:43,999 [4219e7de-d6f6-40f0-9e98-fa950fd200be@group-93BE0A482166-SegmentedRaftLogWorker] WARN  segmented.SegmentedRaftLogWorker (SegmentedRaftLogWorker.java:getFromFuture(90)) - Timeout 6/~
org.apache.ratis.protocol.TimeoutIOException: Timeout 10s: WriteLog:7: (t:1, i:7), STATEMACHINELOGENTRY, client-9E45C64B54AD, cid=21-writeStateMachineData
	at org.apache.ratis.util.IOUtils.getFromFuture(IOUtils.java:87)
	at org.apache.ratis.server.raftlog.segmented.SegmentedRaftLogWorker$StateMachineDataPolicy.getFromFuture(SegmentedRaftLogWorker.java:87)
	at org.apache.ratis.server.raftlog.segmented.SegmentedRaftLogWorker$WriteLog.execute(SegmentedRaftLogWorker.java:477)
	at org.apache.ratis.server.raftlog.segmented.SegmentedRaftLogWorker.run(SegmentedRaftLogWorker.java:289)
	at java.lang.Thread.run(Thread.java:748)
Caused by: java.util.concurrent.TimeoutException
	at java.util.concurrent.CompletableFuture.timedGet(CompletableFuture.java:1771)
	at java.util.concurrent.CompletableFuture.get(CompletableFuture.java:1915)
	at org.apache.ratis.util.IOUtils.getFromFuture(IOUtils.java:79)
	... 4 more
2019-09-10 22:20:44,109 [901346ab-67df-4dd5-b7cf-edcbf56b35ff@group-93BE0A482166-SegmentedRaftLogWorker] WARN  segmented.SegmentedRaftLogWorker (SegmentedRaftLogWorker.java:getFromFuture(90)) - Timeout 6/~
org.apache.ratis.protocol.TimeoutIOException: Timeout 10s: WriteLog:8: (t:1, i:8), STATEMACHINELOGENTRY, client-9E45C64B54AD, cid=22-writeStateMachineData
	at org.apache.ratis.util.IOUtils.getFromFuture(IOUtils.java:87)
	at org.apache.ratis.server.raftlog.segmented.SegmentedRaftLogWorker$StateMachineDataPolicy.getFromFuture(SegmentedRaftLogWorker.java:87)
	at org.apache.ratis.server.raftlog.segmented.SegmentedRaftLogWorker$WriteLog.execute(SegmentedRaftLogWorker.java:477)
	at org.apache.ratis.server.raftlog.segmented.SegmentedRaftLogWorker.run(SegmentedRaftLogWorker.java:289)
	at java.lang.Thread.run(Thread.java:748)
Caused by: java.util.concurrent.TimeoutException
	at java.util.concurrent.CompletableFuture.timedGet(CompletableFuture.java:1771)
	at java.util.concurrent.CompletableFuture.get(CompletableFuture.java:1915)
	at org.apache.ratis.util.IOUtils.getFromFuture(IOUtils.java:79)
	... 4 more
2019-09-10 22:20:44,510 [java.util.concurrent.ThreadPoolExecutor$Worker@445a274e[State = -1, empty queue]] WARN  server.GrpcLogAppender (GrpcLogAppender.java:timeoutAppendRequest(200)) - 4219e7de-d6f6-40f0-9e98-fa950fd200be@group-93BE0A482166->4e1c38a0-fd03-44f2-a193-28de59e69b87-GrpcLogAppender: appendEntries Timeout, request=4219e7de-d6f6-40f0-9e98-fa950fd200be->4e1c38a0-fd03-44f2-a193-28de59e69b87#37-t1, previous=(t:1, i:9), leaderCommit=6, initializing? false, entries: <empty>
2019-09-10 22:20:44,510 [java.util.concurrent.ThreadPoolExecutor$Worker@77b7950d[State = -1, empty queue]] WARN  server.GrpcLogAppender (GrpcLogAppender.java:timeoutAppendRequest(200)) - 4219e7de-d6f6-40f0-9e98-fa950fd200be@group-93BE0A482166->901346ab-67df-4dd5-b7cf-edcbf56b35ff-GrpcLogAppender: appendEntries Timeout, request=4219e7de-d6f6-40f0-9e98-fa950fd200be->901346ab-67df-4dd5-b7cf-edcbf56b35ff#37-t1, previous=(t:1, i:9), leaderCommit=6, initializing? false, entries: <empty>
2019-09-10 22:20:44,900 [grpc-default-executor-1] INFO  client.GrpcClientProtocolClient (GrpcClientProtocolClient.java:onNext(264)) - client-9E45C64B54AD->901346ab-67df-4dd5-b7cf-edcbf56b35ff: receive RaftClientReply:client-9E45C64B54AD->901346ab-67df-4dd5-b7cf-edcbf56b35ff@group-93BE0A482166, cid=21, FAILED org.apache.ratis.protocol.NotLeaderException: Server 901346ab-67df-4dd5-b7cf-edcbf56b35ff@group-93BE0A482166 is not the leader 4219e7de-d6f6-40f0-9e98-fa950fd200be:192.168.34.57:37976, logIndex=0, commits[901346ab-67df-4dd5-b7cf-edcbf56b35ff:c6, 4e1c38a0-fd03-44f2-a193-28de59e69b87:c4, 4219e7de-d6f6-40f0-9e98-fa950fd200be:c6]
2019-09-10 22:20:47,020 [java.util.concurrent.ThreadPoolExecutor$Worker@77b7950d[State = -1, empty queue]] WARN  server.GrpcLogAppender (GrpcLogAppender.java:timeoutAppendRequest(200)) - 4219e7de-d6f6-40f0-9e98-fa950fd200be@group-93BE0A482166->901346ab-67df-4dd5-b7cf-edcbf56b35ff-GrpcLogAppender: appendEntries Timeout, request=4219e7de-d6f6-40f0-9e98-fa950fd200be->901346ab-67df-4dd5-b7cf-edcbf56b35ff#38-t1, previous=(t:1, i:9), leaderCommit=6, initializing? false, entries: <empty>
2019-09-10 22:20:47,020 [java.util.concurrent.ThreadPoolExecutor$Worker@445a274e[State = -1, empty queue]] WARN  server.GrpcLogAppender (GrpcLogAppender.java:timeoutAppendRequest(200)) - 4219e7de-d6f6-40f0-9e98-fa950fd200be@group-93BE0A482166->4e1c38a0-fd03-44f2-a193-28de59e69b87-GrpcLogAppender: appendEntries Timeout, request=4219e7de-d6f6-40f0-9e98-fa950fd200be->4e1c38a0-fd03-44f2-a193-28de59e69b87#38-t1, previous=(t:1, i:9), leaderCommit=6, initializing? false, entries: <empty>
2019-09-10 22:20:49,521 [java.util.concurrent.ThreadPoolExecutor$Worker@445a274e[State = -1, empty queue]] WARN  server.GrpcLogAppender (GrpcLogAppender.java:timeoutAppendRequest(200)) - 4219e7de-d6f6-40f0-9e98-fa950fd200be@group-93BE0A482166->4e1c38a0-fd03-44f2-a193-28de59e69b87-GrpcLogAppender: appendEntries Timeout, request=4219e7de-d6f6-40f0-9e98-fa950fd200be->4e1c38a0-fd03-44f2-a193-28de59e69b87#39-t1, previous=(t:1, i:9), leaderCommit=6, initializing? false, entries: <empty>
2019-09-10 22:20:49,521 [java.util.concurrent.ThreadPoolExecutor$Worker@77b7950d[State = -1, empty queue]] WARN  server.GrpcLogAppender (GrpcLogAppender.java:timeoutAppendRequest(200)) - 4219e7de-d6f6-40f0-9e98-fa950fd200be@group-93BE0A482166->901346ab-67df-4dd5-b7cf-edcbf56b35ff-GrpcLogAppender: appendEntries Timeout, request=4219e7de-d6f6-40f0-9e98-fa950fd200be->901346ab-67df-4dd5-b7cf-edcbf56b35ff#39-t1, previous=(t:1, i:9), leaderCommit=6, initializing? false, entries: <empty>
2019-09-10 22:20:49,960 [grpc-default-executor-1] INFO  client.GrpcClientProtocolClient (GrpcClientProtocolClient.java:onNext(264)) - client-9E45C64B54AD->901346ab-67df-4dd5-b7cf-edcbf56b35ff: receive RaftClientReply:client-9E45C64B54AD->901346ab-67df-4dd5-b7cf-edcbf56b35ff@group-93BE0A482166, cid=21, FAILED org.apache.ratis.protocol.NotLeaderException: Server 901346ab-67df-4dd5-b7cf-edcbf56b35ff@group-93BE0A482166 is not the leader 4219e7de-d6f6-40f0-9e98-fa950fd200be:192.168.34.57:37976, logIndex=0, commits[901346ab-67df-4dd5-b7cf-edcbf56b35ff:c6, 4e1c38a0-fd03-44f2-a193-28de59e69b87:c4, 4219e7de-d6f6-40f0-9e98-fa950fd200be:c6]
2019-09-10 22:20:52,021 [java.util.concurrent.ThreadPoolExecutor$Worker@445a274e[State = -1, empty queue]] WARN  server.GrpcLogAppender (GrpcLogAppender.java:timeoutAppendRequest(200)) - 4219e7de-d6f6-40f0-9e98-fa950fd200be@group-93BE0A482166->4e1c38a0-fd03-44f2-a193-28de59e69b87-GrpcLogAppender: appendEntries Timeout, request=4219e7de-d6f6-40f0-9e98-fa950fd200be->4e1c38a0-fd03-44f2-a193-28de59e69b87#40-t1, previous=(t:1, i:9), leaderCommit=6, initializing? false, entries: <empty>
2019-09-10 22:20:52,021 [java.util.concurrent.ThreadPoolExecutor$Worker@77b7950d[State = -1, empty queue]] WARN  server.GrpcLogAppender (GrpcLogAppender.java:timeoutAppendRequest(200)) - 4219e7de-d6f6-40f0-9e98-fa950fd200be@group-93BE0A482166->901346ab-67df-4dd5-b7cf-edcbf56b35ff-GrpcLogAppender: appendEntries Timeout, request=4219e7de-d6f6-40f0-9e98-fa950fd200be->901346ab-67df-4dd5-b7cf-edcbf56b35ff#40-t1, previous=(t:1, i:9), leaderCommit=6, initializing? false, entries: <empty>
2019-09-10 22:20:54,000 [4e1c38a0-fd03-44f2-a193-28de59e69b87@group-93BE0A482166-SegmentedRaftLogWorker] WARN  segmented.SegmentedRaftLogWorker (SegmentedRaftLogWorker.java:getFromFuture(90)) - Timeout 7/~
org.apache.ratis.protocol.TimeoutIOException: Timeout 10s: WriteLog:7: (t:1, i:7), STATEMACHINELOGENTRY, client-9E45C64B54AD, cid=21-writeStateMachineData
	at org.apache.ratis.util.IOUtils.getFromFuture(IOUtils.java:87)
	at org.apache.ratis.server.raftlog.segmented.SegmentedRaftLogWorker$StateMachineDataPolicy.getFromFuture(SegmentedRaftLogWorker.java:87)
	at org.apache.ratis.server.raftlog.segmented.SegmentedRaftLogWorker$WriteLog.execute(SegmentedRaftLogWorker.java:477)
	at org.apache.ratis.server.raftlog.segmented.SegmentedRaftLogWorker.run(SegmentedRaftLogWorker.java:289)
	at java.lang.Thread.run(Thread.java:748)
Caused by: java.util.concurrent.TimeoutException
	at java.util.concurrent.CompletableFuture.timedGet(CompletableFuture.java:1771)
	at java.util.concurrent.CompletableFuture.get(CompletableFuture.java:1915)
	at org.apache.ratis.util.IOUtils.getFromFuture(IOUtils.java:79)
	... 4 more
2019-09-10 22:20:54,020 [4219e7de-d6f6-40f0-9e98-fa950fd200be@group-93BE0A482166-SegmentedRaftLogWorker] WARN  segmented.SegmentedRaftLogWorker (SegmentedRaftLogWorker.java:getFromFuture(90)) - Timeout 7/~
org.apache.ratis.protocol.TimeoutIOException: Timeout 10s: WriteLog:7: (t:1, i:7), STATEMACHINELOGENTRY, client-9E45C64B54AD, cid=21-writeStateMachineData
	at org.apache.ratis.util.IOUtils.getFromFuture(IOUtils.java:87)
	at org.apache.ratis.server.raftlog.segmented.SegmentedRaftLogWorker$StateMachineDataPolicy.getFromFuture(SegmentedRaftLogWorker.java:87)
	at org.apache.ratis.server.raftlog.segmented.SegmentedRaftLogWorker$WriteLog.execute(SegmentedRaftLogWorker.java:477)
	at org.apache.ratis.server.raftlog.segmented.SegmentedRaftLogWorker.run(SegmentedRaftLogWorker.java:289)
	at java.lang.Thread.run(Thread.java:748)
Caused by: java.util.concurrent.TimeoutException
	at java.util.concurrent.CompletableFuture.timedGet(CompletableFuture.java:1771)
	at java.util.concurrent.CompletableFuture.get(CompletableFuture.java:1915)
	at org.apache.ratis.util.IOUtils.getFromFuture(IOUtils.java:79)
	... 4 more
2019-09-10 22:20:54,110 [901346ab-67df-4dd5-b7cf-edcbf56b35ff@group-93BE0A482166-SegmentedRaftLogWorker] WARN  segmented.SegmentedRaftLogWorker (SegmentedRaftLogWorker.java:getFromFuture(90)) - Timeout 7/~
org.apache.ratis.protocol.TimeoutIOException: Timeout 10s: WriteLog:8: (t:1, i:8), STATEMACHINELOGENTRY, client-9E45C64B54AD, cid=22-writeStateMachineData
	at org.apache.ratis.util.IOUtils.getFromFuture(IOUtils.java:87)
	at org.apache.ratis.server.raftlog.segmented.SegmentedRaftLogWorker$StateMachineDataPolicy.getFromFuture(SegmentedRaftLogWorker.java:87)
	at org.apache.ratis.server.raftlog.segmented.SegmentedRaftLogWorker$WriteLog.execute(SegmentedRaftLogWorker.java:477)
	at org.apache.ratis.server.raftlog.segmented.SegmentedRaftLogWorker.run(SegmentedRaftLogWorker.java:289)
	at java.lang.Thread.run(Thread.java:748)
Caused by: java.util.concurrent.TimeoutException
	at java.util.concurrent.CompletableFuture.timedGet(CompletableFuture.java:1771)
	at java.util.concurrent.CompletableFuture.get(CompletableFuture.java:1915)
	at org.apache.ratis.util.IOUtils.getFromFuture(IOUtils.java:79)
	... 4 more
2019-09-10 22:20:54,522 [java.util.concurrent.ThreadPoolExecutor$Worker@445a274e[State = -1, empty queue]] WARN  server.GrpcLogAppender (GrpcLogAppender.java:timeoutAppendRequest(200)) - 4219e7de-d6f6-40f0-9e98-fa950fd200be@group-93BE0A482166->4e1c38a0-fd03-44f2-a193-28de59e69b87-GrpcLogAppender: appendEntries Timeout, request=4219e7de-d6f6-40f0-9e98-fa950fd200be->4e1c38a0-fd03-44f2-a193-28de59e69b87#41-t1, previous=(t:1, i:9), leaderCommit=6, initializing? false, entries: <empty>
2019-09-10 22:20:54,522 [java.util.concurrent.ThreadPoolExecutor$Worker@77b7950d[State = -1, empty queue]] WARN  server.GrpcLogAppender (GrpcLogAppender.java:timeoutAppendRequest(200)) - 4219e7de-d6f6-40f0-9e98-fa950fd200be@group-93BE0A482166->901346ab-67df-4dd5-b7cf-edcbf56b35ff-GrpcLogAppender: appendEntries Timeout, request=4219e7de-d6f6-40f0-9e98-fa950fd200be->901346ab-67df-4dd5-b7cf-edcbf56b35ff#41-t1, previous=(t:1, i:9), leaderCommit=6, initializing? false, entries: <empty>
2019-09-10 22:20:55,012 [grpc-default-executor-0] INFO  client.GrpcClientProtocolClient (GrpcClientProtocolClient.java:onNext(264)) - client-9E45C64B54AD->901346ab-67df-4dd5-b7cf-edcbf56b35ff: receive RaftClientReply:client-9E45C64B54AD->901346ab-67df-4dd5-b7cf-edcbf56b35ff@group-93BE0A482166, cid=21, FAILED org.apache.ratis.protocol.NotLeaderException: Server 901346ab-67df-4dd5-b7cf-edcbf56b35ff@group-93BE0A482166 is not the leader 4219e7de-d6f6-40f0-9e98-fa950fd200be:192.168.34.57:37976, logIndex=0, commits[901346ab-67df-4dd5-b7cf-edcbf56b35ff:c6, 4e1c38a0-fd03-44f2-a193-28de59e69b87:c4, 4219e7de-d6f6-40f0-9e98-fa950fd200be:c6]
2019-09-10 22:20:57,022 [java.util.concurrent.ThreadPoolExecutor$Worker@445a274e[State = -1, empty queue]] WARN  server.GrpcLogAppender (GrpcLogAppender.java:timeoutAppendRequest(200)) - 4219e7de-d6f6-40f0-9e98-fa950fd200be@group-93BE0A482166->4e1c38a0-fd03-44f2-a193-28de59e69b87-GrpcLogAppender: appendEntries Timeout, request=4219e7de-d6f6-40f0-9e98-fa950fd200be->4e1c38a0-fd03-44f2-a193-28de59e69b87#42-t1, previous=(t:1, i:9), leaderCommit=6, initializing? false, entries: <empty>
2019-09-10 22:20:57,022 [java.util.concurrent.ThreadPoolExecutor$Worker@77b7950d[State = -1, empty queue]] WARN  server.GrpcLogAppender (GrpcLogAppender.java:timeoutAppendRequest(200)) - 4219e7de-d6f6-40f0-9e98-fa950fd200be@group-93BE0A482166->901346ab-67df-4dd5-b7cf-edcbf56b35ff-GrpcLogAppender: appendEntries Timeout, request=4219e7de-d6f6-40f0-9e98-fa950fd200be->901346ab-67df-4dd5-b7cf-edcbf56b35ff#42-t1, previous=(t:1, i:9), leaderCommit=6, initializing? false, entries: <empty>
2019-09-10 22:20:59,523 [java.util.concurrent.ThreadPoolExecutor$Worker@77b7950d[State = -1, empty queue]] WARN  server.GrpcLogAppender (GrpcLogAppender.java:timeoutAppendRequest(200)) - 4219e7de-d6f6-40f0-9e98-fa950fd200be@group-93BE0A482166->901346ab-67df-4dd5-b7cf-edcbf56b35ff-GrpcLogAppender: appendEntries Timeout, request=4219e7de-d6f6-40f0-9e98-fa950fd200be->901346ab-67df-4dd5-b7cf-edcbf56b35ff#43-t1, previous=(t:1, i:9), leaderCommit=6, initializing? false, entries: <empty>
2019-09-10 22:20:59,523 [java.util.concurrent.ThreadPoolExecutor$Worker@445a274e[State = -1, empty queue]] WARN  server.GrpcLogAppender (GrpcLogAppender.java:timeoutAppendRequest(200)) - 4219e7de-d6f6-40f0-9e98-fa950fd200be@group-93BE0A482166->4e1c38a0-fd03-44f2-a193-28de59e69b87-GrpcLogAppender: appendEntries Timeout, request=4219e7de-d6f6-40f0-9e98-fa950fd200be->4e1c38a0-fd03-44f2-a193-28de59e69b87#43-t1, previous=(t:1, i:9), leaderCommit=6, initializing? false, entries: <empty>
2019-09-10 22:21:00,088 [grpc-default-executor-0] INFO  client.GrpcClientProtocolClient (GrpcClientProtocolClient.java:onNext(264)) - client-9E45C64B54AD->4e1c38a0-fd03-44f2-a193-28de59e69b87: receive RaftClientReply:client-9E45C64B54AD->4e1c38a0-fd03-44f2-a193-28de59e69b87@group-93BE0A482166, cid=21, FAILED org.apache.ratis.protocol.NotLeaderException: Server 4e1c38a0-fd03-44f2-a193-28de59e69b87@group-93BE0A482166 is not the leader 4219e7de-d6f6-40f0-9e98-fa950fd200be:192.168.34.57:37976, logIndex=0, commits[4e1c38a0-fd03-44f2-a193-28de59e69b87:c6, 4219e7de-d6f6-40f0-9e98-fa950fd200be:c6, 901346ab-67df-4dd5-b7cf-edcbf56b35ff:c4]
2019-09-10 22:21:02,023 [java.util.concurrent.ThreadPoolExecutor$Worker@445a274e[State = -1, empty queue]] WARN  server.GrpcLogAppender (GrpcLogAppender.java:timeoutAppendRequest(200)) - 4219e7de-d6f6-40f0-9e98-fa950fd200be@group-93BE0A482166->4e1c38a0-fd03-44f2-a193-28de59e69b87-GrpcLogAppender: appendEntries Timeout, request=4219e7de-d6f6-40f0-9e98-fa950fd200be->4e1c38a0-fd03-44f2-a193-28de59e69b87#44-t1, previous=(t:1, i:9), leaderCommit=6, initializing? false, entries: <empty>
2019-09-10 22:21:02,023 [java.util.concurrent.ThreadPoolExecutor$Worker@77b7950d[State = -1, empty queue]] WARN  server.GrpcLogAppender (GrpcLogAppender.java:timeoutAppendRequest(200)) - 4219e7de-d6f6-40f0-9e98-fa950fd200be@group-93BE0A482166->901346ab-67df-4dd5-b7cf-edcbf56b35ff-GrpcLogAppender: appendEntries Timeout, request=4219e7de-d6f6-40f0-9e98-fa950fd200be->901346ab-67df-4dd5-b7cf-edcbf56b35ff#44-t1, previous=(t:1, i:9), leaderCommit=6, initializing? false, entries: <empty>
2019-09-10 22:21:04,001 [4e1c38a0-fd03-44f2-a193-28de59e69b87@group-93BE0A482166-SegmentedRaftLogWorker] WARN  segmented.SegmentedRaftLogWorker (SegmentedRaftLogWorker.java:getFromFuture(90)) - Timeout 8/~
org.apache.ratis.protocol.TimeoutIOException: Timeout 10s: WriteLog:7: (t:1, i:7), STATEMACHINELOGENTRY, client-9E45C64B54AD, cid=21-writeStateMachineData
	at org.apache.ratis.util.IOUtils.getFromFuture(IOUtils.java:87)
	at org.apache.ratis.server.raftlog.segmented.SegmentedRaftLogWorker$StateMachineDataPolicy.getFromFuture(SegmentedRaftLogWorker.java:87)
	at org.apache.ratis.server.raftlog.segmented.SegmentedRaftLogWorker$WriteLog.execute(SegmentedRaftLogWorker.java:477)
	at org.apache.ratis.server.raftlog.segmented.SegmentedRaftLogWorker.run(SegmentedRaftLogWorker.java:289)
	at java.lang.Thread.run(Thread.java:748)
Caused by: java.util.concurrent.TimeoutException
	at java.util.concurrent.CompletableFuture.timedGet(CompletableFuture.java:1771)
	at java.util.concurrent.CompletableFuture.get(CompletableFuture.java:1915)
	at org.apache.ratis.util.IOUtils.getFromFuture(IOUtils.java:79)
	... 4 more
2019-09-10 22:21:04,021 [4219e7de-d6f6-40f0-9e98-fa950fd200be@group-93BE0A482166-SegmentedRaftLogWorker] WARN  segmented.SegmentedRaftLogWorker (SegmentedRaftLogWorker.java:getFromFuture(90)) - Timeout 8/~
org.apache.ratis.protocol.TimeoutIOException: Timeout 10s: WriteLog:7: (t:1, i:7), STATEMACHINELOGENTRY, client-9E45C64B54AD, cid=21-writeStateMachineData
	at org.apache.ratis.util.IOUtils.getFromFuture(IOUtils.java:87)
	at org.apache.ratis.server.raftlog.segmented.SegmentedRaftLogWorker$StateMachineDataPolicy.getFromFuture(SegmentedRaftLogWorker.java:87)
	at org.apache.ratis.server.raftlog.segmented.SegmentedRaftLogWorker$WriteLog.execute(SegmentedRaftLogWorker.java:477)
	at org.apache.ratis.server.raftlog.segmented.SegmentedRaftLogWorker.run(SegmentedRaftLogWorker.java:289)
	at java.lang.Thread.run(Thread.java:748)
Caused by: java.util.concurrent.TimeoutException
	at java.util.concurrent.CompletableFuture.timedGet(CompletableFuture.java:1771)
	at java.util.concurrent.CompletableFuture.get(CompletableFuture.java:1915)
	at org.apache.ratis.util.IOUtils.getFromFuture(IOUtils.java:79)
	... 4 more
2019-09-10 22:21:04,112 [901346ab-67df-4dd5-b7cf-edcbf56b35ff@group-93BE0A482166-SegmentedRaftLogWorker] WARN  segmented.SegmentedRaftLogWorker (SegmentedRaftLogWorker.java:getFromFuture(90)) - Timeout 8/~
org.apache.ratis.protocol.TimeoutIOException: Timeout 10s: WriteLog:8: (t:1, i:8), STATEMACHINELOGENTRY, client-9E45C64B54AD, cid=22-writeStateMachineData
	at org.apache.ratis.util.IOUtils.getFromFuture(IOUtils.java:87)
	at org.apache.ratis.server.raftlog.segmented.SegmentedRaftLogWorker$StateMachineDataPolicy.getFromFuture(SegmentedRaftLogWorker.java:87)
	at org.apache.ratis.server.raftlog.segmented.SegmentedRaftLogWorker$WriteLog.execute(SegmentedRaftLogWorker.java:477)
	at org.apache.ratis.server.raftlog.segmented.SegmentedRaftLogWorker.run(SegmentedRaftLogWorker.java:289)
	at java.lang.Thread.run(Thread.java:748)
Caused by: java.util.concurrent.TimeoutException
	at java.util.concurrent.CompletableFuture.timedGet(CompletableFuture.java:1771)
	at java.util.concurrent.CompletableFuture.get(CompletableFuture.java:1915)
	at org.apache.ratis.util.IOUtils.getFromFuture(IOUtils.java:79)
	... 4 more
2019-09-10 22:21:04,523 [java.util.concurrent.ThreadPoolExecutor$Worker@445a274e[State = -1, empty queue]] WARN  server.GrpcLogAppender (GrpcLogAppender.java:timeoutAppendRequest(200)) - 4219e7de-d6f6-40f0-9e98-fa950fd200be@group-93BE0A482166->4e1c38a0-fd03-44f2-a193-28de59e69b87-GrpcLogAppender: appendEntries Timeout, request=4219e7de-d6f6-40f0-9e98-fa950fd200be->4e1c38a0-fd03-44f2-a193-28de59e69b87#45-t1, previous=(t:1, i:9), leaderCommit=6, initializing? false, entries: <empty>
2019-09-10 22:21:04,523 [java.util.concurrent.ThreadPoolExecutor$Worker@77b7950d[State = -1, empty queue]] WARN  server.GrpcLogAppender (GrpcLogAppender.java:timeoutAppendRequest(200)) - 4219e7de-d6f6-40f0-9e98-fa950fd200be@group-93BE0A482166->901346ab-67df-4dd5-b7cf-edcbf56b35ff-GrpcLogAppender: appendEntries Timeout, request=4219e7de-d6f6-40f0-9e98-fa950fd200be->901346ab-67df-4dd5-b7cf-edcbf56b35ff#45-t1, previous=(t:1, i:9), leaderCommit=6, initializing? false, entries: <empty>
2019-09-10 22:21:05,129 [grpc-default-executor-1] INFO  client.GrpcClientProtocolClient (GrpcClientProtocolClient.java:onNext(264)) - client-9E45C64B54AD->901346ab-67df-4dd5-b7cf-edcbf56b35ff: receive RaftClientReply:client-9E45C64B54AD->901346ab-67df-4dd5-b7cf-edcbf56b35ff@group-93BE0A482166, cid=21, FAILED org.apache.ratis.protocol.NotLeaderException: Server 901346ab-67df-4dd5-b7cf-edcbf56b35ff@group-93BE0A482166 is not the leader 4219e7de-d6f6-40f0-9e98-fa950fd200be:192.168.34.57:37976, logIndex=0, commits[901346ab-67df-4dd5-b7cf-edcbf56b35ff:c6, 4e1c38a0-fd03-44f2-a193-28de59e69b87:c4, 4219e7de-d6f6-40f0-9e98-fa950fd200be:c6]
2019-09-10 22:21:07,024 [java.util.concurrent.ThreadPoolExecutor$Worker@77b7950d[State = -1, empty queue]] WARN  server.GrpcLogAppender (GrpcLogAppender.java:timeoutAppendRequest(200)) - 4219e7de-d6f6-40f0-9e98-fa950fd200be@group-93BE0A482166->901346ab-67df-4dd5-b7cf-edcbf56b35ff-GrpcLogAppender: appendEntries Timeout, request=4219e7de-d6f6-40f0-9e98-fa950fd200be->901346ab-67df-4dd5-b7cf-edcbf56b35ff#46-t1, previous=(t:1, i:9), leaderCommit=6, initializing? false, entries: <empty>
2019-09-10 22:21:07,024 [java.util.concurrent.ThreadPoolExecutor$Worker@445a274e[State = -1, empty queue]] WARN  server.GrpcLogAppender (GrpcLogAppender.java:timeoutAppendRequest(200)) - 4219e7de-d6f6-40f0-9e98-fa950fd200be@group-93BE0A482166->4e1c38a0-fd03-44f2-a193-28de59e69b87-GrpcLogAppender: appendEntries Timeout, request=4219e7de-d6f6-40f0-9e98-fa950fd200be->4e1c38a0-fd03-44f2-a193-28de59e69b87#46-t1, previous=(t:1, i:9), leaderCommit=6, initializing? false, entries: <empty>
2019-09-10 22:21:09,524 [java.util.concurrent.ThreadPoolExecutor$Worker@77b7950d[State = -1, empty queue]] WARN  server.GrpcLogAppender (GrpcLogAppender.java:timeoutAppendRequest(200)) - 4219e7de-d6f6-40f0-9e98-fa950fd200be@group-93BE0A482166->901346ab-67df-4dd5-b7cf-edcbf56b35ff-GrpcLogAppender: appendEntries Timeout, request=4219e7de-d6f6-40f0-9e98-fa950fd200be->901346ab-67df-4dd5-b7cf-edcbf56b35ff#47-t1, previous=(t:1, i:9), leaderCommit=6, initializing? false, entries: <empty>
2019-09-10 22:21:09,524 [java.util.concurrent.ThreadPoolExecutor$Worker@445a274e[State = -1, empty queue]] WARN  server.GrpcLogAppender (GrpcLogAppender.java:timeoutAppendRequest(200)) - 4219e7de-d6f6-40f0-9e98-fa950fd200be@group-93BE0A482166->4e1c38a0-fd03-44f2-a193-28de59e69b87-GrpcLogAppender: appendEntries Timeout, request=4219e7de-d6f6-40f0-9e98-fa950fd200be->4e1c38a0-fd03-44f2-a193-28de59e69b87#47-t1, previous=(t:1, i:9), leaderCommit=6, initializing? false, entries: <empty>
2019-09-10 22:21:10,173 [grpc-default-executor-1] INFO  client.GrpcClientProtocolClient (GrpcClientProtocolClient.java:onNext(264)) - client-9E45C64B54AD->4e1c38a0-fd03-44f2-a193-28de59e69b87: receive RaftClientReply:client-9E45C64B54AD->4e1c38a0-fd03-44f2-a193-28de59e69b87@group-93BE0A482166, cid=21, FAILED org.apache.ratis.protocol.NotLeaderException: Server 4e1c38a0-fd03-44f2-a193-28de59e69b87@group-93BE0A482166 is not the leader 4219e7de-d6f6-40f0-9e98-fa950fd200be:192.168.34.57:37976, logIndex=0, commits[4e1c38a0-fd03-44f2-a193-28de59e69b87:c6, 4219e7de-d6f6-40f0-9e98-fa950fd200be:c6, 901346ab-67df-4dd5-b7cf-edcbf56b35ff:c4]
2019-09-10 22:21:12,024 [java.util.concurrent.ThreadPoolExecutor$Worker@77b7950d[State = -1, empty queue]] WARN  server.GrpcLogAppender (GrpcLogAppender.java:timeoutAppendRequest(200)) - 4219e7de-d6f6-40f0-9e98-fa950fd200be@group-93BE0A482166->901346ab-67df-4dd5-b7cf-edcbf56b35ff-GrpcLogAppender: appendEntries Timeout, request=4219e7de-d6f6-40f0-9e98-fa950fd200be->901346ab-67df-4dd5-b7cf-edcbf56b35ff#48-t1, previous=(t:1, i:9), leaderCommit=6, initializing? false, entries: <empty>
2019-09-10 22:21:12,024 [java.util.concurrent.ThreadPoolExecutor$Worker@445a274e[State = -1, empty queue]] WARN  server.GrpcLogAppender (GrpcLogAppender.java:timeoutAppendRequest(200)) - 4219e7de-d6f6-40f0-9e98-fa950fd200be@group-93BE0A482166->4e1c38a0-fd03-44f2-a193-28de59e69b87-GrpcLogAppender: appendEntries Timeout, request=4219e7de-d6f6-40f0-9e98-fa950fd200be->4e1c38a0-fd03-44f2-a193-28de59e69b87#48-t1, previous=(t:1, i:9), leaderCommit=6, initializing? false, entries: <empty>
2019-09-10 22:21:14,002 [4e1c38a0-fd03-44f2-a193-28de59e69b87@group-93BE0A482166-SegmentedRaftLogWorker] WARN  segmented.SegmentedRaftLogWorker (SegmentedRaftLogWorker.java:getFromFuture(90)) - Timeout 9/~
org.apache.ratis.protocol.TimeoutIOException: Timeout 10s: WriteLog:7: (t:1, i:7), STATEMACHINELOGENTRY, client-9E45C64B54AD, cid=21-writeStateMachineData
	at org.apache.ratis.util.IOUtils.getFromFuture(IOUtils.java:87)
	at org.apache.ratis.server.raftlog.segmented.SegmentedRaftLogWorker$StateMachineDataPolicy.getFromFuture(SegmentedRaftLogWorker.java:87)
	at org.apache.ratis.server.raftlog.segmented.SegmentedRaftLogWorker$WriteLog.execute(SegmentedRaftLogWorker.java:477)
	at org.apache.ratis.server.raftlog.segmented.SegmentedRaftLogWorker.run(SegmentedRaftLogWorker.java:289)
	at java.lang.Thread.run(Thread.java:748)
Caused by: java.util.concurrent.TimeoutException
	at java.util.concurrent.CompletableFuture.timedGet(CompletableFuture.java:1771)
	at java.util.concurrent.CompletableFuture.get(CompletableFuture.java:1915)
	at org.apache.ratis.util.IOUtils.getFromFuture(IOUtils.java:79)
	... 4 more
2019-09-10 22:21:14,022 [4219e7de-d6f6-40f0-9e98-fa950fd200be@group-93BE0A482166-SegmentedRaftLogWorker] WARN  segmented.SegmentedRaftLogWorker (SegmentedRaftLogWorker.java:getFromFuture(90)) - Timeout 9/~
org.apache.ratis.protocol.TimeoutIOException: Timeout 10s: WriteLog:7: (t:1, i:7), STATEMACHINELOGENTRY, client-9E45C64B54AD, cid=21-writeStateMachineData
	at org.apache.ratis.util.IOUtils.getFromFuture(IOUtils.java:87)
	at org.apache.ratis.server.raftlog.segmented.SegmentedRaftLogWorker$StateMachineDataPolicy.getFromFuture(SegmentedRaftLogWorker.java:87)
	at org.apache.ratis.server.raftlog.segmented.SegmentedRaftLogWorker$WriteLog.execute(SegmentedRaftLogWorker.java:477)
	at org.apache.ratis.server.raftlog.segmented.SegmentedRaftLogWorker.run(SegmentedRaftLogWorker.java:289)
	at java.lang.Thread.run(Thread.java:748)
Caused by: java.util.concurrent.TimeoutException
	at java.util.concurrent.CompletableFuture.timedGet(CompletableFuture.java:1771)
	at java.util.concurrent.CompletableFuture.get(CompletableFuture.java:1915)
	at org.apache.ratis.util.IOUtils.getFromFuture(IOUtils.java:79)
	... 4 more
2019-09-10 22:21:14,115 [901346ab-67df-4dd5-b7cf-edcbf56b35ff@group-93BE0A482166-SegmentedRaftLogWorker] WARN  segmented.SegmentedRaftLogWorker (SegmentedRaftLogWorker.java:getFromFuture(90)) - Timeout 9/~
org.apache.ratis.protocol.TimeoutIOException: Timeout 10s: WriteLog:8: (t:1, i:8), STATEMACHINELOGENTRY, client-9E45C64B54AD, cid=22-writeStateMachineData
	at org.apache.ratis.util.IOUtils.getFromFuture(IOUtils.java:87)
	at org.apache.ratis.server.raftlog.segmented.SegmentedRaftLogWorker$StateMachineDataPolicy.getFromFuture(SegmentedRaftLogWorker.java:87)
	at org.apache.ratis.server.raftlog.segmented.SegmentedRaftLogWorker$WriteLog.execute(SegmentedRaftLogWorker.java:477)
	at org.apache.ratis.server.raftlog.segmented.SegmentedRaftLogWorker.run(SegmentedRaftLogWorker.java:289)
	at java.lang.Thread.run(Thread.java:748)
Caused by: java.util.concurrent.TimeoutException
	at java.util.concurrent.CompletableFuture.timedGet(CompletableFuture.java:1771)
	at java.util.concurrent.CompletableFuture.get(CompletableFuture.java:1915)
	at org.apache.ratis.util.IOUtils.getFromFuture(IOUtils.java:79)
	... 4 more
2019-09-10 22:21:14,525 [java.util.concurrent.ThreadPoolExecutor$Worker@77b7950d[State = -1, empty queue]] WARN  server.GrpcLogAppender (GrpcLogAppender.java:timeoutAppendRequest(200)) - 4219e7de-d6f6-40f0-9e98-fa950fd200be@group-93BE0A482166->901346ab-67df-4dd5-b7cf-edcbf56b35ff-GrpcLogAppender: appendEntries Timeout, request=4219e7de-d6f6-40f0-9e98-fa950fd200be->901346ab-67df-4dd5-b7cf-edcbf56b35ff#49-t1, previous=(t:1, i:9), leaderCommit=6, initializing? false, entries: <empty>
2019-09-10 22:21:14,525 [java.util.concurrent.ThreadPoolExecutor$Worker@445a274e[State = -1, empty queue]] WARN  server.GrpcLogAppender (GrpcLogAppender.java:timeoutAppendRequest(200)) - 4219e7de-d6f6-40f0-9e98-fa950fd200be@group-93BE0A482166->4e1c38a0-fd03-44f2-a193-28de59e69b87-GrpcLogAppender: appendEntries Timeout, request=4219e7de-d6f6-40f0-9e98-fa950fd200be->4e1c38a0-fd03-44f2-a193-28de59e69b87#49-t1, previous=(t:1, i:9), leaderCommit=6, initializing? false, entries: <empty>
2019-09-10 22:21:15,232 [grpc-default-executor-1] INFO  client.GrpcClientProtocolClient (GrpcClientProtocolClient.java:onNext(264)) - client-9E45C64B54AD->4e1c38a0-fd03-44f2-a193-28de59e69b87: receive RaftClientReply:client-9E45C64B54AD->4e1c38a0-fd03-44f2-a193-28de59e69b87@group-93BE0A482166, cid=21, FAILED org.apache.ratis.protocol.NotLeaderException: Server 4e1c38a0-fd03-44f2-a193-28de59e69b87@group-93BE0A482166 is not the leader 4219e7de-d6f6-40f0-9e98-fa950fd200be:192.168.34.57:37976, logIndex=0, commits[4e1c38a0-fd03-44f2-a193-28de59e69b87:c6, 4219e7de-d6f6-40f0-9e98-fa950fd200be:c6, 901346ab-67df-4dd5-b7cf-edcbf56b35ff:c4]
2019-09-10 22:21:17,025 [java.util.concurrent.ThreadPoolExecutor$Worker@445a274e[State = -1, empty queue]] WARN  server.GrpcLogAppender (GrpcLogAppender.java:timeoutAppendRequest(200)) - 4219e7de-d6f6-40f0-9e98-fa950fd200be@group-93BE0A482166->4e1c38a0-fd03-44f2-a193-28de59e69b87-GrpcLogAppender: appendEntries Timeout, request=4219e7de-d6f6-40f0-9e98-fa950fd200be->4e1c38a0-fd03-44f2-a193-28de59e69b87#50-t1, previous=(t:1, i:9), leaderCommit=6, initializing? false, entries: <empty>
2019-09-10 22:21:17,025 [java.util.concurrent.ThreadPoolExecutor$Worker@77b7950d[State = -1, empty queue]] WARN  server.GrpcLogAppender (GrpcLogAppender.java:timeoutAppendRequest(200)) - 4219e7de-d6f6-40f0-9e98-fa950fd200be@group-93BE0A482166->901346ab-67df-4dd5-b7cf-edcbf56b35ff-GrpcLogAppender: appendEntries Timeout, request=4219e7de-d6f6-40f0-9e98-fa950fd200be->901346ab-67df-4dd5-b7cf-edcbf56b35ff#50-t1, previous=(t:1, i:9), leaderCommit=6, initializing? false, entries: <empty>
2019-09-10 22:21:19,526 [java.util.concurrent.ThreadPoolExecutor$Worker@77b7950d[State = -1, empty queue]] WARN  server.GrpcLogAppender (GrpcLogAppender.java:timeoutAppendRequest(200)) - 4219e7de-d6f6-40f0-9e98-fa950fd200be@group-93BE0A482166->901346ab-67df-4dd5-b7cf-edcbf56b35ff-GrpcLogAppender: appendEntries Timeout, request=4219e7de-d6f6-40f0-9e98-fa950fd200be->901346ab-67df-4dd5-b7cf-edcbf56b35ff#51-t1, previous=(t:1, i:9), leaderCommit=6, initializing? false, entries: <empty>
2019-09-10 22:21:19,526 [java.util.concurrent.ThreadPoolExecutor$Worker@445a274e[State = -1, empty queue]] WARN  server.GrpcLogAppender (GrpcLogAppender.java:timeoutAppendRequest(200)) - 4219e7de-d6f6-40f0-9e98-fa950fd200be@group-93BE0A482166->4e1c38a0-fd03-44f2-a193-28de59e69b87-GrpcLogAppender: appendEntries Timeout, request=4219e7de-d6f6-40f0-9e98-fa950fd200be->4e1c38a0-fd03-44f2-a193-28de59e69b87#51-t1, previous=(t:1, i:9), leaderCommit=6, initializing? false, entries: <empty>
2019-09-10 22:21:20,292 [grpc-default-executor-0] INFO  client.GrpcClientProtocolClient (GrpcClientProtocolClient.java:onNext(264)) - client-9E45C64B54AD->4e1c38a0-fd03-44f2-a193-28de59e69b87: receive RaftClientReply:client-9E45C64B54AD->4e1c38a0-fd03-44f2-a193-28de59e69b87@group-93BE0A482166, cid=21, FAILED org.apache.ratis.protocol.NotLeaderException: Server 4e1c38a0-fd03-44f2-a193-28de59e69b87@group-93BE0A482166 is not the leader 4219e7de-d6f6-40f0-9e98-fa950fd200be:192.168.34.57:37976, logIndex=0, commits[4e1c38a0-fd03-44f2-a193-28de59e69b87:c6, 4219e7de-d6f6-40f0-9e98-fa950fd200be:c6, 901346ab-67df-4dd5-b7cf-edcbf56b35ff:c4]
2019-09-10 22:21:22,026 [java.util.concurrent.ThreadPoolExecutor$Worker@77b7950d[State = -1, empty queue]] WARN  server.GrpcLogAppender (GrpcLogAppender.java:timeoutAppendRequest(200)) - 4219e7de-d6f6-40f0-9e98-fa950fd200be@group-93BE0A482166->901346ab-67df-4dd5-b7cf-edcbf56b35ff-GrpcLogAppender: appendEntries Timeout, request=4219e7de-d6f6-40f0-9e98-fa950fd200be->901346ab-67df-4dd5-b7cf-edcbf56b35ff#52-t1, previous=(t:1, i:9), leaderCommit=6, initializing? false, entries: <empty>
2019-09-10 22:21:22,026 [java.util.concurrent.ThreadPoolExecutor$Worker@445a274e[State = -1, empty queue]] WARN  server.GrpcLogAppender (GrpcLogAppender.java:timeoutAppendRequest(200)) - 4219e7de-d6f6-40f0-9e98-fa950fd200be@group-93BE0A482166->4e1c38a0-fd03-44f2-a193-28de59e69b87-GrpcLogAppender: appendEntries Timeout, request=4219e7de-d6f6-40f0-9e98-fa950fd200be->4e1c38a0-fd03-44f2-a193-28de59e69b87#52-t1, previous=(t:1, i:9), leaderCommit=6, initializing? false, entries: <empty>
2019-09-10 22:21:24,004 [4e1c38a0-fd03-44f2-a193-28de59e69b87@group-93BE0A482166-SegmentedRaftLogWorker] WARN  segmented.SegmentedRaftLogWorker (SegmentedRaftLogWorker.java:getFromFuture(90)) - Timeout 10/~
org.apache.ratis.protocol.TimeoutIOException: Timeout 10s: WriteLog:7: (t:1, i:7), STATEMACHINELOGENTRY, client-9E45C64B54AD, cid=21-writeStateMachineData
	at org.apache.ratis.util.IOUtils.getFromFuture(IOUtils.java:87)
	at org.apache.ratis.server.raftlog.segmented.SegmentedRaftLogWorker$StateMachineDataPolicy.getFromFuture(SegmentedRaftLogWorker.java:87)
	at org.apache.ratis.server.raftlog.segmented.SegmentedRaftLogWorker$WriteLog.execute(SegmentedRaftLogWorker.java:477)
	at org.apache.ratis.server.raftlog.segmented.SegmentedRaftLogWorker.run(SegmentedRaftLogWorker.java:289)
	at java.lang.Thread.run(Thread.java:748)
Caused by: java.util.concurrent.TimeoutException
	at java.util.concurrent.CompletableFuture.timedGet(CompletableFuture.java:1771)
	at java.util.concurrent.CompletableFuture.get(CompletableFuture.java:1915)
	at org.apache.ratis.util.IOUtils.getFromFuture(IOUtils.java:79)
	... 4 more
2019-09-10 22:21:24,023 [4219e7de-d6f6-40f0-9e98-fa950fd200be@group-93BE0A482166-SegmentedRaftLogWorker] WARN  segmented.SegmentedRaftLogWorker (SegmentedRaftLogWorker.java:getFromFuture(90)) - Timeout 10/~
org.apache.ratis.protocol.TimeoutIOException: Timeout 10s: WriteLog:7: (t:1, i:7), STATEMACHINELOGENTRY, client-9E45C64B54AD, cid=21-writeStateMachineData
	at org.apache.ratis.util.IOUtils.getFromFuture(IOUtils.java:87)
	at org.apache.ratis.server.raftlog.segmented.SegmentedRaftLogWorker$StateMachineDataPolicy.getFromFuture(SegmentedRaftLogWorker.java:87)
	at org.apache.ratis.server.raftlog.segmented.SegmentedRaftLogWorker$WriteLog.execute(SegmentedRaftLogWorker.java:477)
	at org.apache.ratis.server.raftlog.segmented.SegmentedRaftLogWorker.run(SegmentedRaftLogWorker.java:289)
	at java.lang.Thread.run(Thread.java:748)
Caused by: java.util.concurrent.TimeoutException
	at java.util.concurrent.CompletableFuture.timedGet(CompletableFuture.java:1771)
	at java.util.concurrent.CompletableFuture.get(CompletableFuture.java:1915)
	at org.apache.ratis.util.IOUtils.getFromFuture(IOUtils.java:79)
	... 4 more
2019-09-10 22:21:24,116 [901346ab-67df-4dd5-b7cf-edcbf56b35ff@group-93BE0A482166-SegmentedRaftLogWorker] WARN  segmented.SegmentedRaftLogWorker (SegmentedRaftLogWorker.java:getFromFuture(90)) - Timeout 10/~
org.apache.ratis.protocol.TimeoutIOException: Timeout 10s: WriteLog:8: (t:1, i:8), STATEMACHINELOGENTRY, client-9E45C64B54AD, cid=22-writeStateMachineData
	at org.apache.ratis.util.IOUtils.getFromFuture(IOUtils.java:87)
	at org.apache.ratis.server.raftlog.segmented.SegmentedRaftLogWorker$StateMachineDataPolicy.getFromFuture(SegmentedRaftLogWorker.java:87)
	at org.apache.ratis.server.raftlog.segmented.SegmentedRaftLogWorker$WriteLog.execute(SegmentedRaftLogWorker.java:477)
	at org.apache.ratis.server.raftlog.segmented.SegmentedRaftLogWorker.run(SegmentedRaftLogWorker.java:289)
	at java.lang.Thread.run(Thread.java:748)
Caused by: java.util.concurrent.TimeoutException
	at java.util.concurrent.CompletableFuture.timedGet(CompletableFuture.java:1771)
	at java.util.concurrent.CompletableFuture.get(CompletableFuture.java:1915)
	at org.apache.ratis.util.IOUtils.getFromFuture(IOUtils.java:79)
	... 4 more
2019-09-10 22:21:24,527 [java.util.concurrent.ThreadPoolExecutor$Worker@77b7950d[State = -1, empty queue]] WARN  server.GrpcLogAppender (GrpcLogAppender.java:timeoutAppendRequest(200)) - 4219e7de-d6f6-40f0-9e98-fa950fd200be@group-93BE0A482166->901346ab-67df-4dd5-b7cf-edcbf56b35ff-GrpcLogAppender: appendEntries Timeout, request=4219e7de-d6f6-40f0-9e98-fa950fd200be->901346ab-67df-4dd5-b7cf-edcbf56b35ff#53-t1, previous=(t:1, i:9), leaderCommit=6, initializing? false, entries: <empty>
2019-09-10 22:21:24,527 [java.util.concurrent.ThreadPoolExecutor$Worker@445a274e[State = -1, empty queue]] WARN  server.GrpcLogAppender (GrpcLogAppender.java:timeoutAppendRequest(200)) - 4219e7de-d6f6-40f0-9e98-fa950fd200be@group-93BE0A482166->4e1c38a0-fd03-44f2-a193-28de59e69b87-GrpcLogAppender: appendEntries Timeout, request=4219e7de-d6f6-40f0-9e98-fa950fd200be->4e1c38a0-fd03-44f2-a193-28de59e69b87#53-t1, previous=(t:1, i:9), leaderCommit=6, initializing? false, entries: <empty>
2019-09-10 22:21:25,362 [grpc-default-executor-6] INFO  client.GrpcClientProtocolClient (GrpcClientProtocolClient.java:onNext(264)) - client-9E45C64B54AD->4e1c38a0-fd03-44f2-a193-28de59e69b87: receive RaftClientReply:client-9E45C64B54AD->4e1c38a0-fd03-44f2-a193-28de59e69b87@group-93BE0A482166, cid=21, FAILED org.apache.ratis.protocol.NotLeaderException: Server 4e1c38a0-fd03-44f2-a193-28de59e69b87@group-93BE0A482166 is not the leader 4219e7de-d6f6-40f0-9e98-fa950fd200be:192.168.34.57:37976, logIndex=0, commits[4e1c38a0-fd03-44f2-a193-28de59e69b87:c6, 4219e7de-d6f6-40f0-9e98-fa950fd200be:c6, 901346ab-67df-4dd5-b7cf-edcbf56b35ff:c4]
2019-09-10 22:21:27,027 [java.util.concurrent.ThreadPoolExecutor$Worker@77b7950d[State = -1, empty queue]] WARN  server.GrpcLogAppender (GrpcLogAppender.java:timeoutAppendRequest(200)) - 4219e7de-d6f6-40f0-9e98-fa950fd200be@group-93BE0A482166->901346ab-67df-4dd5-b7cf-edcbf56b35ff-GrpcLogAppender: appendEntries Timeout, request=4219e7de-d6f6-40f0-9e98-fa950fd200be->901346ab-67df-4dd5-b7cf-edcbf56b35ff#54-t1, previous=(t:1, i:9), leaderCommit=6, initializing? false, entries: <empty>
2019-09-10 22:21:27,027 [java.util.concurrent.ThreadPoolExecutor$Worker@445a274e[State = -1, empty queue]] WARN  server.GrpcLogAppender (GrpcLogAppender.java:timeoutAppendRequest(200)) - 4219e7de-d6f6-40f0-9e98-fa950fd200be@group-93BE0A482166->4e1c38a0-fd03-44f2-a193-28de59e69b87-GrpcLogAppender: appendEntries Timeout, request=4219e7de-d6f6-40f0-9e98-fa950fd200be->4e1c38a0-fd03-44f2-a193-28de59e69b87#54-t1, previous=(t:1, i:9), leaderCommit=6, initializing? false, entries: <empty>
2019-09-10 22:21:29,528 [java.util.concurrent.ThreadPoolExecutor$Worker@77b7950d[State = -1, empty queue]] WARN  server.GrpcLogAppender (GrpcLogAppender.java:timeoutAppendRequest(200)) - 4219e7de-d6f6-40f0-9e98-fa950fd200be@group-93BE0A482166->901346ab-67df-4dd5-b7cf-edcbf56b35ff-GrpcLogAppender: appendEntries Timeout, request=4219e7de-d6f6-40f0-9e98-fa950fd200be->901346ab-67df-4dd5-b7cf-edcbf56b35ff#55-t1, previous=(t:1, i:9), leaderCommit=6, initializing? false, entries: <empty>
2019-09-10 22:21:29,528 [java.util.concurrent.ThreadPoolExecutor$Worker@445a274e[State = -1, empty queue]] WARN  server.GrpcLogAppender (GrpcLogAppender.java:timeoutAppendRequest(200)) - 4219e7de-d6f6-40f0-9e98-fa950fd200be@group-93BE0A482166->4e1c38a0-fd03-44f2-a193-28de59e69b87-GrpcLogAppender: appendEntries Timeout, request=4219e7de-d6f6-40f0-9e98-fa950fd200be->4e1c38a0-fd03-44f2-a193-28de59e69b87#55-t1, previous=(t:1, i:9), leaderCommit=6, initializing? false, entries: <empty>
2019-09-10 22:21:30,437 [grpc-default-executor-0] INFO  client.GrpcClientProtocolClient (GrpcClientProtocolClient.java:onNext(264)) - client-9E45C64B54AD->4e1c38a0-fd03-44f2-a193-28de59e69b87: receive RaftClientReply:client-9E45C64B54AD->4e1c38a0-fd03-44f2-a193-28de59e69b87@group-93BE0A482166, cid=21, FAILED org.apache.ratis.protocol.NotLeaderException: Server 4e1c38a0-fd03-44f2-a193-28de59e69b87@group-93BE0A482166 is not the leader 4219e7de-d6f6-40f0-9e98-fa950fd200be:192.168.34.57:37976, logIndex=0, commits[4e1c38a0-fd03-44f2-a193-28de59e69b87:c6, 4219e7de-d6f6-40f0-9e98-fa950fd200be:c6, 901346ab-67df-4dd5-b7cf-edcbf56b35ff:c4]
2019-09-10 22:21:32,028 [java.util.concurrent.ThreadPoolExecutor$Worker@77b7950d[State = -1, empty queue]] WARN  server.GrpcLogAppender (GrpcLogAppender.java:timeoutAppendRequest(200)) - 4219e7de-d6f6-40f0-9e98-fa950fd200be@group-93BE0A482166->901346ab-67df-4dd5-b7cf-edcbf56b35ff-GrpcLogAppender: appendEntries Timeout, request=4219e7de-d6f6-40f0-9e98-fa950fd200be->901346ab-67df-4dd5-b7cf-edcbf56b35ff#56-t1, previous=(t:1, i:9), leaderCommit=6, initializing? false, entries: <empty>
2019-09-10 22:21:32,028 [java.util.concurrent.ThreadPoolExecutor$Worker@445a274e[State = -1, empty queue]] WARN  server.GrpcLogAppender (GrpcLogAppender.java:timeoutAppendRequest(200)) - 4219e7de-d6f6-40f0-9e98-fa950fd200be@group-93BE0A482166->4e1c38a0-fd03-44f2-a193-28de59e69b87-GrpcLogAppender: appendEntries Timeout, request=4219e7de-d6f6-40f0-9e98-fa950fd200be->4e1c38a0-fd03-44f2-a193-28de59e69b87#56-t1, previous=(t:1, i:9), leaderCommit=6, initializing? false, entries: <empty>
2019-09-10 22:21:34,005 [4e1c38a0-fd03-44f2-a193-28de59e69b87@group-93BE0A482166-SegmentedRaftLogWorker] WARN  segmented.SegmentedRaftLogWorker (SegmentedRaftLogWorker.java:getFromFuture(90)) - Timeout 11/~
org.apache.ratis.protocol.TimeoutIOException: Timeout 10s: WriteLog:7: (t:1, i:7), STATEMACHINELOGENTRY, client-9E45C64B54AD, cid=21-writeStateMachineData
	at org.apache.ratis.util.IOUtils.getFromFuture(IOUtils.java:87)
	at org.apache.ratis.server.raftlog.segmented.SegmentedRaftLogWorker$StateMachineDataPolicy.getFromFuture(SegmentedRaftLogWorker.java:87)
	at org.apache.ratis.server.raftlog.segmented.SegmentedRaftLogWorker$WriteLog.execute(SegmentedRaftLogWorker.java:477)
	at org.apache.ratis.server.raftlog.segmented.SegmentedRaftLogWorker.run(SegmentedRaftLogWorker.java:289)
	at java.lang.Thread.run(Thread.java:748)
Caused by: java.util.concurrent.TimeoutException
	at java.util.concurrent.CompletableFuture.timedGet(CompletableFuture.java:1771)
	at java.util.concurrent.CompletableFuture.get(CompletableFuture.java:1915)
	at org.apache.ratis.util.IOUtils.getFromFuture(IOUtils.java:79)
	... 4 more
2019-09-10 22:21:34,023 [4219e7de-d6f6-40f0-9e98-fa950fd200be@group-93BE0A482166-SegmentedRaftLogWorker] WARN  segmented.SegmentedRaftLogWorker (SegmentedRaftLogWorker.java:getFromFuture(90)) - Timeout 11/~
org.apache.ratis.protocol.TimeoutIOException: Timeout 10s: WriteLog:7: (t:1, i:7), STATEMACHINELOGENTRY, client-9E45C64B54AD, cid=21-writeStateMachineData
	at org.apache.ratis.util.IOUtils.getFromFuture(IOUtils.java:87)
	at org.apache.ratis.server.raftlog.segmented.SegmentedRaftLogWorker$StateMachineDataPolicy.getFromFuture(SegmentedRaftLogWorker.java:87)
	at org.apache.ratis.server.raftlog.segmented.SegmentedRaftLogWorker$WriteLog.execute(SegmentedRaftLogWorker.java:477)
	at org.apache.ratis.server.raftlog.segmented.SegmentedRaftLogWorker.run(SegmentedRaftLogWorker.java:289)
	at java.lang.Thread.run(Thread.java:748)
Caused by: java.util.concurrent.TimeoutException
	at java.util.concurrent.CompletableFuture.timedGet(CompletableFuture.java:1771)
	at java.util.concurrent.CompletableFuture.get(CompletableFuture.java:1915)
	at org.apache.ratis.util.IOUtils.getFromFuture(IOUtils.java:79)
	... 4 more
2019-09-10 22:21:34,066 [org.apache.ratis.server.impl.LogAppender$AppenderDaemon$$Lambda$507/1793419052@4a570dd8] ERROR ratis.XceiverServerRatis (XceiverServerRatis.java:triggerPipelineClose(568)) - pipeline Action CLOSE  on pipeline PipelineID=da482478-a182-435e-9ec1-93be0a482166.Reason : 4219e7de-d6f6-40f0-9e98-fa950fd200be has not seen follower/s 4e1c38a0-fd03-44f2-a193-28de59e69b87 for 120785ms 901346ab-67df-4dd5-b7cf-edcbf56b35ff for 120788ms
2019-09-10 22:21:34,066 [org.apache.ratis.server.impl.LogAppender$AppenderDaemon$$Lambda$507/1793419052@244f80aa] ERROR ratis.XceiverServerRatis (XceiverServerRatis.java:triggerPipelineClose(568)) - pipeline Action CLOSE  on pipeline PipelineID=da482478-a182-435e-9ec1-93be0a482166.Reason : 4219e7de-d6f6-40f0-9e98-fa950fd200be has not seen follower/s 4e1c38a0-fd03-44f2-a193-28de59e69b87 for 120785ms 901346ab-67df-4dd5-b7cf-edcbf56b35ff for 120788ms
2019-09-10 22:21:34,117 [901346ab-67df-4dd5-b7cf-edcbf56b35ff@group-93BE0A482166-SegmentedRaftLogWorker] WARN  segmented.SegmentedRaftLogWorker (SegmentedRaftLogWorker.java:getFromFuture(90)) - Timeout 11/~
org.apache.ratis.protocol.TimeoutIOException: Timeout 10s: WriteLog:8: (t:1, i:8), STATEMACHINELOGENTRY, client-9E45C64B54AD, cid=22-writeStateMachineData
	at org.apache.ratis.util.IOUtils.getFromFuture(IOUtils.java:87)
	at org.apache.ratis.server.raftlog.segmented.SegmentedRaftLogWorker$StateMachineDataPolicy.getFromFuture(SegmentedRaftLogWorker.java:87)
	at org.apache.ratis.server.raftlog.segmented.SegmentedRaftLogWorker$WriteLog.execute(SegmentedRaftLogWorker.java:477)
	at org.apache.ratis.server.raftlog.segmented.SegmentedRaftLogWorker.run(SegmentedRaftLogWorker.java:289)
	at java.lang.Thread.run(Thread.java:748)
Caused by: java.util.concurrent.TimeoutException
	at java.util.concurrent.CompletableFuture.timedGet(CompletableFuture.java:1771)
	at java.util.concurrent.CompletableFuture.get(CompletableFuture.java:1915)
	at org.apache.ratis.util.IOUtils.getFromFuture(IOUtils.java:79)
	... 4 more
2019-09-10 22:21:34,134 [EventQueue-PipelineActionsForPipelineActionHandler] ERROR pipeline.PipelineActionHandler (PipelineActionHandler.java:onMessage(60)) - Received pipeline action CLOSE for Pipeline[ Id: da482478-a182-435e-9ec1-93be0a482166, Nodes: 4219e7de-d6f6-40f0-9e98-fa950fd200be{ip: 192.168.34.57, host: pr-hdds-2106-sk2jr-1188266228, networkLocation: /default-rack, certSerialId: null}4e1c38a0-fd03-44f2-a193-28de59e69b87{ip: 192.168.34.57, host: pr-hdds-2106-sk2jr-1188266228, networkLocation: /default-rack, certSerialId: null}901346ab-67df-4dd5-b7cf-edcbf56b35ff{ip: 192.168.34.57, host: pr-hdds-2106-sk2jr-1188266228, networkLocation: /default-rack, certSerialId: null}, Type:RATIS, Factor:THREE, State:OPEN] from datanode 4219e7de-d6f6-40f0-9e98-fa950fd200be{ip: 192.168.34.57, host: pr-hdds-2106-sk2jr-1188266228, networkLocation: /default-rack, certSerialId: null}. Reason : 4219e7de-d6f6-40f0-9e98-fa950fd200be has not seen follower/s 4e1c38a0-fd03-44f2-a193-28de59e69b87 for 120785ms 901346ab-67df-4dd5-b7cf-edcbf56b35ff for 120788ms
2019-09-10 22:21:34,134 [EventQueue-PipelineActionsForPipelineActionHandler] INFO  pipeline.SCMPipelineManager (SCMPipelineManager.java:finalizeAndDestroyPipeline(311)) - destroying pipeline:Pipeline[ Id: da482478-a182-435e-9ec1-93be0a482166, Nodes: 4219e7de-d6f6-40f0-9e98-fa950fd200be{ip: 192.168.34.57, host: pr-hdds-2106-sk2jr-1188266228, networkLocation: /default-rack, certSerialId: null}4e1c38a0-fd03-44f2-a193-28de59e69b87{ip: 192.168.34.57, host: pr-hdds-2106-sk2jr-1188266228, networkLocation: /default-rack, certSerialId: null}901346ab-67df-4dd5-b7cf-edcbf56b35ff{ip: 192.168.34.57, host: pr-hdds-2106-sk2jr-1188266228, networkLocation: /default-rack, certSerialId: null}, Type:RATIS, Factor:THREE, State:OPEN]
2019-09-10 22:21:34,135 [EventQueue-PipelineActionsForPipelineActionHandler] INFO  pipeline.PipelineStateManager (PipelineStateManager.java:finalizePipeline(123)) - Pipeline Pipeline[ Id: da482478-a182-435e-9ec1-93be0a482166, Nodes: 4219e7de-d6f6-40f0-9e98-fa950fd200be{ip: 192.168.34.57, host: pr-hdds-2106-sk2jr-1188266228, networkLocation: /default-rack, certSerialId: null}4e1c38a0-fd03-44f2-a193-28de59e69b87{ip: 192.168.34.57, host: pr-hdds-2106-sk2jr-1188266228, networkLocation: /default-rack, certSerialId: null}901346ab-67df-4dd5-b7cf-edcbf56b35ff{ip: 192.168.34.57, host: pr-hdds-2106-sk2jr-1188266228, networkLocation: /default-rack, certSerialId: null}, Type:RATIS, Factor:THREE, State:CLOSED] moved to CLOSED state
2019-09-10 22:21:34,138 [EventQueue-CloseContainerForCloseContainerEventHandler] INFO  container.CloseContainerEventHandler (CloseContainerEventHandler.java:onMessage(61)) - Close container Event triggered for container : #1
2019-09-10 22:21:34,143 [EventQueue-CloseContainerForCloseContainerEventHandler] INFO  container.CloseContainerEventHandler (CloseContainerEventHandler.java:onMessage(61)) - Close container Event triggered for container : #3
2019-09-10 22:21:34,528 [java.util.concurrent.ThreadPoolExecutor$Worker@77b7950d[State = -1, empty queue]] WARN  server.GrpcLogAppender (GrpcLogAppender.java:timeoutAppendRequest(200)) - 4219e7de-d6f6-40f0-9e98-fa950fd200be@group-93BE0A482166->901346ab-67df-4dd5-b7cf-edcbf56b35ff-GrpcLogAppender: appendEntries Timeout, request=4219e7de-d6f6-40f0-9e98-fa950fd200be->901346ab-67df-4dd5-b7cf-edcbf56b35ff#57-t1, previous=(t:1, i:9), leaderCommit=6, initializing? false, entries: <empty>
2019-09-10 22:21:34,528 [java.util.concurrent.ThreadPoolExecutor$Worker@445a274e[State = -1, empty queue]] WARN  server.GrpcLogAppender (GrpcLogAppender.java:timeoutAppendRequest(200)) - 4219e7de-d6f6-40f0-9e98-fa950fd200be@group-93BE0A482166->4e1c38a0-fd03-44f2-a193-28de59e69b87-GrpcLogAppender: appendEntries Timeout, request=4219e7de-d6f6-40f0-9e98-fa950fd200be->4e1c38a0-fd03-44f2-a193-28de59e69b87#57-t1, previous=(t:1, i:9), leaderCommit=6, initializing? false, entries: <empty>
2019-09-10 22:21:35,488 [grpc-default-executor-0] INFO  client.GrpcClientProtocolClient (GrpcClientProtocolClient.java:onNext(264)) - client-9E45C64B54AD->4e1c38a0-fd03-44f2-a193-28de59e69b87: receive RaftClientReply:client-9E45C64B54AD->4e1c38a0-fd03-44f2-a193-28de59e69b87@group-93BE0A482166, cid=21, FAILED org.apache.ratis.protocol.NotLeaderException: Server 4e1c38a0-fd03-44f2-a193-28de59e69b87@group-93BE0A482166 is not the leader 4219e7de-d6f6-40f0-9e98-fa950fd200be:192.168.34.57:37976, logIndex=0, commits[4e1c38a0-fd03-44f2-a193-28de59e69b87:c6, 4219e7de-d6f6-40f0-9e98-fa950fd200be:c6, 901346ab-67df-4dd5-b7cf-edcbf56b35ff:c4]
2019-09-10 22:21:36,150 [org.apache.ratis.server.impl.LogAppender$AppenderDaemon$$Lambda$507/1793419052@244f80aa] ERROR ratis.XceiverServerRatis (XceiverServerRatis.java:triggerPipelineClose(568)) - pipeline Action CLOSE  on pipeline PipelineID=da482478-a182-435e-9ec1-93be0a482166.Reason : 4219e7de-d6f6-40f0-9e98-fa950fd200be has not seen follower/s 4e1c38a0-fd03-44f2-a193-28de59e69b87 for 122886ms 901346ab-67df-4dd5-b7cf-edcbf56b35ff for 122886ms
2019-09-10 22:21:36,150 [org.apache.ratis.server.impl.LogAppender$AppenderDaemon$$Lambda$507/1793419052@4a570dd8] ERROR ratis.XceiverServerRatis (XceiverServerRatis.java:triggerPipelineClose(568)) - pipeline Action CLOSE  on pipeline PipelineID=da482478-a182-435e-9ec1-93be0a482166.Reason : 4219e7de-d6f6-40f0-9e98-fa950fd200be has not seen follower/s 4e1c38a0-fd03-44f2-a193-28de59e69b87 for 122886ms 901346ab-67df-4dd5-b7cf-edcbf56b35ff for 122886ms
2019-09-10 22:21:37,030 [java.util.concurrent.ThreadPoolExecutor$Worker@77b7950d[State = -1, empty queue]] WARN  server.GrpcLogAppender (GrpcLogAppender.java:timeoutAppendRequest(200)) - 4219e7de-d6f6-40f0-9e98-fa950fd200be@group-93BE0A482166->901346ab-67df-4dd5-b7cf-edcbf56b35ff-GrpcLogAppender: appendEntries Timeout, request=4219e7de-d6f6-40f0-9e98-fa950fd200be->901346ab-67df-4dd5-b7cf-edcbf56b35ff#58-t1, previous=(t:1, i:9), leaderCommit=6, initializing? false, entries: <empty>
2019-09-10 22:21:37,030 [java.util.concurrent.ThreadPoolExecutor$Worker@445a274e[State = -1, empty queue]] WARN  server.GrpcLogAppender (GrpcLogAppender.java:timeoutAppendRequest(200)) - 4219e7de-d6f6-40f0-9e98-fa950fd200be@group-93BE0A482166->4e1c38a0-fd03-44f2-a193-28de59e69b87-GrpcLogAppender: appendEntries Timeout, request=4219e7de-d6f6-40f0-9e98-fa950fd200be->4e1c38a0-fd03-44f2-a193-28de59e69b87#58-t1, previous=(t:1, i:9), leaderCommit=6, initializing? false, entries: <empty>
2019-09-10 22:21:37,146 [EventQueue-PipelineActionsForPipelineActionHandler] ERROR pipeline.PipelineActionHandler (PipelineActionHandler.java:onMessage(60)) - Received pipeline action CLOSE for Pipeline[ Id: da482478-a182-435e-9ec1-93be0a482166, Nodes: 4219e7de-d6f6-40f0-9e98-fa950fd200be{ip: 192.168.34.57, host: pr-hdds-2106-sk2jr-1188266228, networkLocation: /default-rack, certSerialId: null}4e1c38a0-fd03-44f2-a193-28de59e69b87{ip: 192.168.34.57, host: pr-hdds-2106-sk2jr-1188266228, networkLocation: /default-rack, certSerialId: null}901346ab-67df-4dd5-b7cf-edcbf56b35ff{ip: 192.168.34.57, host: pr-hdds-2106-sk2jr-1188266228, networkLocation: /default-rack, certSerialId: null}, Type:RATIS, Factor:THREE, State:CLOSED] from datanode 4219e7de-d6f6-40f0-9e98-fa950fd200be{ip: 192.168.34.57, host: pr-hdds-2106-sk2jr-1188266228, networkLocation: /default-rack, certSerialId: null}. Reason : 4219e7de-d6f6-40f0-9e98-fa950fd200be has not seen follower/s 4e1c38a0-fd03-44f2-a193-28de59e69b87 for 122886ms 901346ab-67df-4dd5-b7cf-edcbf56b35ff for 122886ms
2019-09-10 22:21:37,147 [EventQueue-PipelineActionsForPipelineActionHandler] INFO  pipeline.SCMPipelineManager (SCMPipelineManager.java:finalizeAndDestroyPipeline(311)) - destroying pipeline:Pipeline[ Id: da482478-a182-435e-9ec1-93be0a482166, Nodes: 4219e7de-d6f6-40f0-9e98-fa950fd200be{ip: 192.168.34.57, host: pr-hdds-2106-sk2jr-1188266228, networkLocation: /default-rack, certSerialId: null}4e1c38a0-fd03-44f2-a193-28de59e69b87{ip: 192.168.34.57, host: pr-hdds-2106-sk2jr-1188266228, networkLocation: /default-rack, certSerialId: null}901346ab-67df-4dd5-b7cf-edcbf56b35ff{ip: 192.168.34.57, host: pr-hdds-2106-sk2jr-1188266228, networkLocation: /default-rack, certSerialId: null}, Type:RATIS, Factor:THREE, State:CLOSED]
2019-09-10 22:21:38,757 [org.apache.ratis.server.impl.LogAppender$AppenderDaemon$$Lambda$507/1793419052@4a570dd8] ERROR ratis.XceiverServerRatis (XceiverServerRatis.java:triggerPipelineClose(568)) - pipeline Action CLOSE  on pipeline PipelineID=da482478-a182-435e-9ec1-93be0a482166.Reason : 4219e7de-d6f6-40f0-9e98-fa950fd200be has not seen follower/s 4e1c38a0-fd03-44f2-a193-28de59e69b87 for 125493ms 901346ab-67df-4dd5-b7cf-edcbf56b35ff for 125493ms
2019-09-10 22:21:38,757 [org.apache.ratis.server.impl.LogAppender$AppenderDaemon$$Lambda$507/1793419052@244f80aa] ERROR ratis.XceiverServerRatis (XceiverServerRatis.java:triggerPipelineClose(568)) - pipeline Action CLOSE  on pipeline PipelineID=da482478-a182-435e-9ec1-93be0a482166.Reason : 4219e7de-d6f6-40f0-9e98-fa950fd200be has not seen follower/s 4e1c38a0-fd03-44f2-a193-28de59e69b87 for 125493ms 901346ab-67df-4dd5-b7cf-edcbf56b35ff for 125493ms
2019-09-10 22:21:39,147 [EventQueue-PipelineActionsForPipelineActionHandler] ERROR pipeline.PipelineActionHandler (PipelineActionHandler.java:onMessage(60)) - Received pipeline action CLOSE for Pipeline[ Id: da482478-a182-435e-9ec1-93be0a482166, Nodes: 4219e7de-d6f6-40f0-9e98-fa950fd200be{ip: 192.168.34.57, host: pr-hdds-2106-sk2jr-1188266228, networkLocation: /default-rack, certSerialId: null}4e1c38a0-fd03-44f2-a193-28de59e69b87{ip: 192.168.34.57, host: pr-hdds-2106-sk2jr-1188266228, networkLocation: /default-rack, certSerialId: null}901346ab-67df-4dd5-b7cf-edcbf56b35ff{ip: 192.168.34.57, host: pr-hdds-2106-sk2jr-1188266228, networkLocation: /default-rack, certSerialId: null}, Type:RATIS, Factor:THREE, State:CLOSED] from datanode 4219e7de-d6f6-40f0-9e98-fa950fd200be{ip: 192.168.34.57, host: pr-hdds-2106-sk2jr-1188266228, networkLocation: /default-rack, certSerialId: null}. Reason : 4219e7de-d6f6-40f0-9e98-fa950fd200be has not seen follower/s 4e1c38a0-fd03-44f2-a193-28de59e69b87 for 125493ms 901346ab-67df-4dd5-b7cf-edcbf56b35ff for 125493ms
2019-09-10 22:21:39,148 [EventQueue-PipelineActionsForPipelineActionHandler] INFO  pipeline.SCMPipelineManager (SCMPipelineManager.java:finalizeAndDestroyPipeline(311)) - destroying pipeline:Pipeline[ Id: da482478-a182-435e-9ec1-93be0a482166, Nodes: 4219e7de-d6f6-40f0-9e98-fa950fd200be{ip: 192.168.34.57, host: pr-hdds-2106-sk2jr-1188266228, networkLocation: /default-rack, certSerialId: null}4e1c38a0-fd03-44f2-a193-28de59e69b87{ip: 192.168.34.57, host: pr-hdds-2106-sk2jr-1188266228, networkLocation: /default-rack, certSerialId: null}901346ab-67df-4dd5-b7cf-edcbf56b35ff{ip: 192.168.34.57, host: pr-hdds-2106-sk2jr-1188266228, networkLocation: /default-rack, certSerialId: null}, Type:RATIS, Factor:THREE, State:CLOSED]
2019-09-10 22:21:39,150 [java.util.concurrent.ThreadPoolExecutor$Worker@445a274e[State = -1, empty queue]] WARN  server.GrpcLogAppender (GrpcLogAppender.java:timeoutAppendRequest(200)) - 4219e7de-d6f6-40f0-9e98-fa950fd200be@group-93BE0A482166->4e1c38a0-fd03-44f2-a193-28de59e69b87-GrpcLogAppender: appendEntries Timeout, request=4219e7de-d6f6-40f0-9e98-fa950fd200be->4e1c38a0-fd03-44f2-a193-28de59e69b87#59-t1, previous=(t:1, i:9), leaderCommit=6, initializing? false, entries: size=1, first=(t:1, i:10), STATEMACHINELOGENTRY, client-A51ED2DC5DE7, cid=1
2019-09-10 22:21:39,150 [java.util.concurrent.ThreadPoolExecutor$Worker@77b7950d[State = -1, empty queue]] WARN  server.GrpcLogAppender (GrpcLogAppender.java:timeoutAppendRequest(200)) - 4219e7de-d6f6-40f0-9e98-fa950fd200be@group-93BE0A482166->901346ab-67df-4dd5-b7cf-edcbf56b35ff-GrpcLogAppender: appendEntries Timeout, request=4219e7de-d6f6-40f0-9e98-fa950fd200be->901346ab-67df-4dd5-b7cf-edcbf56b35ff#59-t1, previous=(t:1, i:9), leaderCommit=6, initializing? false, entries: size=1, first=(t:1, i:10), STATEMACHINELOGENTRY, client-A51ED2DC5DE7, cid=1
2019-09-10 22:21:40,547 [grpc-default-executor-0] INFO  client.GrpcClientProtocolClient (GrpcClientProtocolClient.java:onNext(264)) - client-9E45C64B54AD->901346ab-67df-4dd5-b7cf-edcbf56b35ff: receive RaftClientReply:client-9E45C64B54AD->901346ab-67df-4dd5-b7cf-edcbf56b35ff@group-93BE0A482166, cid=21, FAILED org.apache.ratis.protocol.NotLeaderException: Server 901346ab-67df-4dd5-b7cf-edcbf56b35ff@group-93BE0A482166 is not the leader 4219e7de-d6f6-40f0-9e98-fa950fd200be:192.168.34.57:37976, logIndex=0, commits[901346ab-67df-4dd5-b7cf-edcbf56b35ff:c6, 4e1c38a0-fd03-44f2-a193-28de59e69b87:c4, 4219e7de-d6f6-40f0-9e98-fa950fd200be:c6]
2019-09-10 22:21:41,258 [org.apache.ratis.server.impl.LogAppender$AppenderDaemon$$Lambda$507/1793419052@244f80aa] ERROR ratis.XceiverServerRatis (XceiverServerRatis.java:triggerPipelineClose(568)) - pipeline Action CLOSE  on pipeline PipelineID=da482478-a182-435e-9ec1-93be0a482166.Reason : 4219e7de-d6f6-40f0-9e98-fa950fd200be has not seen follower/s 4e1c38a0-fd03-44f2-a193-28de59e69b87 for 127994ms 901346ab-67df-4dd5-b7cf-edcbf56b35ff for 127994ms
2019-09-10 22:21:41,258 [org.apache.ratis.server.impl.LogAppender$AppenderDaemon$$Lambda$507/1793419052@4a570dd8] ERROR ratis.XceiverServerRatis (XceiverServerRatis.java:triggerPipelineClose(568)) - pipeline Action CLOSE  on pipeline PipelineID=da482478-a182-435e-9ec1-93be0a482166.Reason : 4219e7de-d6f6-40f0-9e98-fa950fd200be has not seen follower/s 4e1c38a0-fd03-44f2-a193-28de59e69b87 for 127994ms 901346ab-67df-4dd5-b7cf-edcbf56b35ff for 127994ms
2019-09-10 22:21:41,757 [java.util.concurrent.ThreadPoolExecutor$Worker@445a274e[State = -1, empty queue]] WARN  server.GrpcLogAppender (GrpcLogAppender.java:timeoutAppendRequest(200)) - 4219e7de-d6f6-40f0-9e98-fa950fd200be@group-93BE0A482166->4e1c38a0-fd03-44f2-a193-28de59e69b87-GrpcLogAppender: appendEntries Timeout, request=4219e7de-d6f6-40f0-9e98-fa950fd200be->4e1c38a0-fd03-44f2-a193-28de59e69b87#60-t1, previous=(t:1, i:10), leaderCommit=6, initializing? false, entries: <empty>
2019-09-10 22:21:41,757 [java.util.concurrent.ThreadPoolExecutor$Worker@77b7950d[State = -1, empty queue]] WARN  server.GrpcLogAppender (GrpcLogAppender.java:timeoutAppendRequest(200)) - 4219e7de-d6f6-40f0-9e98-fa950fd200be@group-93BE0A482166->901346ab-67df-4dd5-b7cf-edcbf56b35ff-GrpcLogAppender: appendEntries Timeout, request=4219e7de-d6f6-40f0-9e98-fa950fd200be->901346ab-67df-4dd5-b7cf-edcbf56b35ff#60-t1, previous=(t:1, i:10), leaderCommit=6, initializing? false, entries: <empty>
2019-09-10 22:21:42,150 [EventQueue-PipelineActionsForPipelineActionHandler] ERROR pipeline.PipelineActionHandler (PipelineActionHandler.java:onMessage(60)) - Received pipeline action CLOSE for Pipeline[ Id: da482478-a182-435e-9ec1-93be0a482166, Nodes: 4219e7de-d6f6-40f0-9e98-fa950fd200be{ip: 192.168.34.57, host: pr-hdds-2106-sk2jr-1188266228, networkLocation: /default-rack, certSerialId: null}4e1c38a0-fd03-44f2-a193-28de59e69b87{ip: 192.168.34.57, host: pr-hdds-2106-sk2jr-1188266228, networkLocation: /default-rack, certSerialId: null}901346ab-67df-4dd5-b7cf-edcbf56b35ff{ip: 192.168.34.57, host: pr-hdds-2106-sk2jr-1188266228, networkLocation: /default-rack, certSerialId: null}, Type:RATIS, Factor:THREE, State:CLOSED] from datanode 4219e7de-d6f6-40f0-9e98-fa950fd200be{ip: 192.168.34.57, host: pr-hdds-2106-sk2jr-1188266228, networkLocation: /default-rack, certSerialId: null}. Reason : 4219e7de-d6f6-40f0-9e98-fa950fd200be has not seen follower/s 4e1c38a0-fd03-44f2-a193-28de59e69b87 for 127994ms 901346ab-67df-4dd5-b7cf-edcbf56b35ff for 127994ms
2019-09-10 22:21:42,151 [EventQueue-PipelineActionsForPipelineActionHandler] INFO  pipeline.SCMPipelineManager (SCMPipelineManager.java:finalizeAndDestroyPipeline(311)) - destroying pipeline:Pipeline[ Id: da482478-a182-435e-9ec1-93be0a482166, Nodes: 4219e7de-d6f6-40f0-9e98-fa950fd200be{ip: 192.168.34.57, host: pr-hdds-2106-sk2jr-1188266228, networkLocation: /default-rack, certSerialId: null}4e1c38a0-fd03-44f2-a193-28de59e69b87{ip: 192.168.34.57, host: pr-hdds-2106-sk2jr-1188266228, networkLocation: /default-rack, certSerialId: null}901346ab-67df-4dd5-b7cf-edcbf56b35ff{ip: 192.168.34.57, host: pr-hdds-2106-sk2jr-1188266228, networkLocation: /default-rack, certSerialId: null}, Type:RATIS, Factor:THREE, State:CLOSED]
2019-09-10 22:21:43,760 [org.apache.ratis.server.impl.LogAppender$AppenderDaemon$$Lambda$507/1793419052@244f80aa] ERROR ratis.XceiverServerRatis (XceiverServerRatis.java:triggerPipelineClose(568)) - pipeline Action CLOSE  on pipeline PipelineID=da482478-a182-435e-9ec1-93be0a482166.Reason : 4219e7de-d6f6-40f0-9e98-fa950fd200be has not seen follower/s 4e1c38a0-fd03-44f2-a193-28de59e69b87 for 130496ms 901346ab-67df-4dd5-b7cf-edcbf56b35ff for 130496ms
2019-09-10 22:21:43,760 [org.apache.ratis.server.impl.LogAppender$AppenderDaemon$$Lambda$507/1793419052@4a570dd8] ERROR ratis.XceiverServerRatis (XceiverServerRatis.java:triggerPipelineClose(568)) - pipeline Action CLOSE  on pipeline PipelineID=da482478-a182-435e-9ec1-93be0a482166.Reason : 4219e7de-d6f6-40f0-9e98-fa950fd200be has not seen follower/s 4e1c38a0-fd03-44f2-a193-28de59e69b87 for 130496ms 901346ab-67df-4dd5-b7cf-edcbf56b35ff for 130496ms
2019-09-10 22:21:44,006 [4e1c38a0-fd03-44f2-a193-28de59e69b87@group-93BE0A482166-SegmentedRaftLogWorker] WARN  segmented.SegmentedRaftLogWorker (SegmentedRaftLogWorker.java:getFromFuture(90)) - Timeout 12/~
org.apache.ratis.protocol.TimeoutIOException: Timeout 10s: WriteLog:7: (t:1, i:7), STATEMACHINELOGENTRY, client-9E45C64B54AD, cid=21-writeStateMachineData
	at org.apache.ratis.util.IOUtils.getFromFuture(IOUtils.java:87)
	at org.apache.ratis.server.raftlog.segmented.SegmentedRaftLogWorker$StateMachineDataPolicy.getFromFuture(SegmentedRaftLogWorker.java:87)
	at org.apache.ratis.server.raftlog.segmented.SegmentedRaftLogWorker$WriteLog.execute(SegmentedRaftLogWorker.java:477)
	at org.apache.ratis.server.raftlog.segmented.SegmentedRaftLogWorker.run(SegmentedRaftLogWorker.java:289)
	at java.lang.Thread.run(Thread.java:748)
Caused by: java.util.concurrent.TimeoutException
	at java.util.concurrent.CompletableFuture.timedGet(CompletableFuture.java:1771)
	at java.util.concurrent.CompletableFuture.get(CompletableFuture.java:1915)
	at org.apache.ratis.util.IOUtils.getFromFuture(IOUtils.java:79)
	... 4 more
2019-09-10 22:21:44,024 [4219e7de-d6f6-40f0-9e98-fa950fd200be@group-93BE0A482166-SegmentedRaftLogWorker] WARN  segmented.SegmentedRaftLogWorker (SegmentedRaftLogWorker.java:getFromFuture(90)) - Timeout 12/~
org.apache.ratis.protocol.TimeoutIOException: Timeout 10s: WriteLog:7: (t:1, i:7), STATEMACHINELOGENTRY, client-9E45C64B54AD, cid=21-writeStateMachineData
	at org.apache.ratis.util.IOUtils.getFromFuture(IOUtils.java:87)
	at org.apache.ratis.server.raftlog.segmented.SegmentedRaftLogWorker$StateMachineDataPolicy.getFromFuture(SegmentedRaftLogWorker.java:87)
	at org.apache.ratis.server.raftlog.segmented.SegmentedRaftLogWorker$WriteLog.execute(SegmentedRaftLogWorker.java:477)
	at org.apache.ratis.server.raftlog.segmented.SegmentedRaftLogWorker.run(SegmentedRaftLogWorker.java:289)
	at java.lang.Thread.run(Thread.java:748)
Caused by: java.util.concurrent.TimeoutException
	at java.util.concurrent.CompletableFuture.timedGet(CompletableFuture.java:1771)
	at java.util.concurrent.CompletableFuture.get(CompletableFuture.java:1915)
	at org.apache.ratis.util.IOUtils.getFromFuture(IOUtils.java:79)
	... 4 more
2019-09-10 22:21:44,117 [901346ab-67df-4dd5-b7cf-edcbf56b35ff@group-93BE0A482166-SegmentedRaftLogWorker] WARN  segmented.SegmentedRaftLogWorker (SegmentedRaftLogWorker.java:getFromFuture(90)) - Timeout 12/~
org.apache.ratis.protocol.TimeoutIOException: Timeout 10s: WriteLog:8: (t:1, i:8), STATEMACHINELOGENTRY, client-9E45C64B54AD, cid=22-writeStateMachineData
	at org.apache.ratis.util.IOUtils.getFromFuture(IOUtils.java:87)
	at org.apache.ratis.server.raftlog.segmented.SegmentedRaftLogWorker$StateMachineDataPolicy.getFromFuture(SegmentedRaftLogWorker.java:87)
	at org.apache.ratis.server.raftlog.segmented.SegmentedRaftLogWorker$WriteLog.execute(SegmentedRaftLogWorker.java:477)
	at org.apache.ratis.server.raftlog.segmented.SegmentedRaftLogWorker.run(SegmentedRaftLogWorker.java:289)
	at java.lang.Thread.run(Thread.java:748)
Caused by: java.util.concurrent.TimeoutException
	at java.util.concurrent.CompletableFuture.timedGet(CompletableFuture.java:1771)
	at java.util.concurrent.CompletableFuture.get(CompletableFuture.java:1915)
	at org.apache.ratis.util.IOUtils.getFromFuture(IOUtils.java:79)
	... 4 more
2019-09-10 22:21:44,149 [EventQueue-PipelineActionsForPipelineActionHandler] ERROR pipeline.PipelineActionHandler (PipelineActionHandler.java:onMessage(60)) - Received pipeline action CLOSE for Pipeline[ Id: da482478-a182-435e-9ec1-93be0a482166, Nodes: 4219e7de-d6f6-40f0-9e98-fa950fd200be{ip: 192.168.34.57, host: pr-hdds-2106-sk2jr-1188266228, networkLocation: /default-rack, certSerialId: null}4e1c38a0-fd03-44f2-a193-28de59e69b87{ip: 192.168.34.57, host: pr-hdds-2106-sk2jr-1188266228, networkLocation: /default-rack, certSerialId: null}901346ab-67df-4dd5-b7cf-edcbf56b35ff{ip: 192.168.34.57, host: pr-hdds-2106-sk2jr-1188266228, networkLocation: /default-rack, certSerialId: null}, Type:RATIS, Factor:THREE, State:CLOSED] from datanode 4219e7de-d6f6-40f0-9e98-fa950fd200be{ip: 192.168.34.57, host: pr-hdds-2106-sk2jr-1188266228, networkLocation: /default-rack, certSerialId: null}. Reason : 4219e7de-d6f6-40f0-9e98-fa950fd200be has not seen follower/s 4e1c38a0-fd03-44f2-a193-28de59e69b87 for 130496ms 901346ab-67df-4dd5-b7cf-edcbf56b35ff for 130496ms
2019-09-10 22:21:44,149 [EventQueue-PipelineActionsForPipelineActionHandler] INFO  pipeline.SCMPipelineManager (SCMPipelineManager.java:finalizeAndDestroyPipeline(311)) - destroying pipeline:Pipeline[ Id: da482478-a182-435e-9ec1-93be0a482166, Nodes: 4219e7de-d6f6-40f0-9e98-fa950fd200be{ip: 192.168.34.57, host: pr-hdds-2106-sk2jr-1188266228, networkLocation: /default-rack, certSerialId: null}4e1c38a0-fd03-44f2-a193-28de59e69b87{ip: 192.168.34.57, host: pr-hdds-2106-sk2jr-1188266228, networkLocation: /default-rack, certSerialId: null}901346ab-67df-4dd5-b7cf-edcbf56b35ff{ip: 192.168.34.57, host: pr-hdds-2106-sk2jr-1188266228, networkLocation: /default-rack, certSerialId: null}, Type:RATIS, Factor:THREE, State:CLOSED]
2019-09-10 22:21:44,258 [java.util.concurrent.ThreadPoolExecutor$Worker@77b7950d[State = -1, empty queue]] WARN  server.GrpcLogAppender (GrpcLogAppender.java:timeoutAppendRequest(200)) - 4219e7de-d6f6-40f0-9e98-fa950fd200be@group-93BE0A482166->901346ab-67df-4dd5-b7cf-edcbf56b35ff-GrpcLogAppender: appendEntries Timeout, request=4219e7de-d6f6-40f0-9e98-fa950fd200be->901346ab-67df-4dd5-b7cf-edcbf56b35ff#61-t1, previous=(t:1, i:10), leaderCommit=6, initializing? false, entries: <empty>
2019-09-10 22:21:44,258 [java.util.concurrent.ThreadPoolExecutor$Worker@445a274e[State = -1, empty queue]] WARN  server.GrpcLogAppender (GrpcLogAppender.java:timeoutAppendRequest(200)) - 4219e7de-d6f6-40f0-9e98-fa950fd200be@group-93BE0A482166->4e1c38a0-fd03-44f2-a193-28de59e69b87-GrpcLogAppender: appendEntries Timeout, request=4219e7de-d6f6-40f0-9e98-fa950fd200be->4e1c38a0-fd03-44f2-a193-28de59e69b87#61-t1, previous=(t:1, i:10), leaderCommit=6, initializing? false, entries: <empty>
2019-09-10 22:21:45,632 [grpc-default-executor-7] INFO  client.GrpcClientProtocolClient (GrpcClientProtocolClient.java:onNext(264)) - client-9E45C64B54AD->901346ab-67df-4dd5-b7cf-edcbf56b35ff: receive RaftClientReply:client-9E45C64B54AD->901346ab-67df-4dd5-b7cf-edcbf56b35ff@group-93BE0A482166, cid=21, FAILED org.apache.ratis.protocol.NotLeaderException: Server 901346ab-67df-4dd5-b7cf-edcbf56b35ff@group-93BE0A482166 is not the leader 4219e7de-d6f6-40f0-9e98-fa950fd200be:192.168.34.57:37976, logIndex=0, commits[901346ab-67df-4dd5-b7cf-edcbf56b35ff:c6, 4e1c38a0-fd03-44f2-a193-28de59e69b87:c4, 4219e7de-d6f6-40f0-9e98-fa950fd200be:c6]
2019-09-10 22:21:46,261 [org.apache.ratis.server.impl.LogAppender$AppenderDaemon$$Lambda$507/1793419052@4a570dd8] ERROR ratis.XceiverServerRatis (XceiverServerRatis.java:triggerPipelineClose(568)) - pipeline Action CLOSE  on pipeline PipelineID=da482478-a182-435e-9ec1-93be0a482166.Reason : 4219e7de-d6f6-40f0-9e98-fa950fd200be has not seen follower/s 4e1c38a0-fd03-44f2-a193-28de59e69b87 for 132997ms 901346ab-67df-4dd5-b7cf-edcbf56b35ff for 132997ms
2019-09-10 22:21:46,261 [org.apache.ratis.server.impl.LogAppender$AppenderDaemon$$Lambda$507/1793419052@244f80aa] ERROR ratis.XceiverServerRatis (XceiverServerRatis.java:triggerPipelineClose(568)) - pipeline Action CLOSE  on pipeline PipelineID=da482478-a182-435e-9ec1-93be0a482166.Reason : 4219e7de-d6f6-40f0-9e98-fa950fd200be has not seen follower/s 4e1c38a0-fd03-44f2-a193-28de59e69b87 for 132998ms 901346ab-67df-4dd5-b7cf-edcbf56b35ff for 132998ms
2019-09-10 22:21:46,760 [java.util.concurrent.ThreadPoolExecutor$Worker@445a274e[State = -1, empty queue]] WARN  server.GrpcLogAppender (GrpcLogAppender.java:timeoutAppendRequest(200)) - 4219e7de-d6f6-40f0-9e98-fa950fd200be@group-93BE0A482166->4e1c38a0-fd03-44f2-a193-28de59e69b87-GrpcLogAppender: appendEntries Timeout, request=4219e7de-d6f6-40f0-9e98-fa950fd200be->4e1c38a0-fd03-44f2-a193-28de59e69b87#62-t1, previous=(t:1, i:10), leaderCommit=6, initializing? false, entries: <empty>
2019-09-10 22:21:46,760 [java.util.concurrent.ThreadPoolExecutor$Worker@77b7950d[State = -1, empty queue]] WARN  server.GrpcLogAppender (GrpcLogAppender.java:timeoutAppendRequest(200)) - 4219e7de-d6f6-40f0-9e98-fa950fd200be@group-93BE0A482166->901346ab-67df-4dd5-b7cf-edcbf56b35ff-GrpcLogAppender: appendEntries Timeout, request=4219e7de-d6f6-40f0-9e98-fa950fd200be->901346ab-67df-4dd5-b7cf-edcbf56b35ff#62-t1, previous=(t:1, i:10), leaderCommit=6, initializing? false, entries: <empty>
2019-09-10 22:21:47,151 [EventQueue-PipelineActionsForPipelineActionHandler] ERROR pipeline.PipelineActionHandler (PipelineActionHandler.java:onMessage(60)) - Received pipeline action CLOSE for Pipeline[ Id: da482478-a182-435e-9ec1-93be0a482166, Nodes: 4219e7de-d6f6-40f0-9e98-fa950fd200be{ip: 192.168.34.57, host: pr-hdds-2106-sk2jr-1188266228, networkLocation: /default-rack, certSerialId: null}4e1c38a0-fd03-44f2-a193-28de59e69b87{ip: 192.168.34.57, host: pr-hdds-2106-sk2jr-1188266228, networkLocation: /default-rack, certSerialId: null}901346ab-67df-4dd5-b7cf-edcbf56b35ff{ip: 192.168.34.57, host: pr-hdds-2106-sk2jr-1188266228, networkLocation: /default-rack, certSerialId: null}, Type:RATIS, Factor:THREE, State:CLOSED] from datanode 4219e7de-d6f6-40f0-9e98-fa950fd200be{ip: 192.168.34.57, host: pr-hdds-2106-sk2jr-1188266228, networkLocation: /default-rack, certSerialId: null}. Reason : 4219e7de-d6f6-40f0-9e98-fa950fd200be has not seen follower/s 4e1c38a0-fd03-44f2-a193-28de59e69b87 for 132997ms 901346ab-67df-4dd5-b7cf-edcbf56b35ff for 132997ms
2019-09-10 22:21:47,151 [EventQueue-PipelineActionsForPipelineActionHandler] INFO  pipeline.SCMPipelineManager (SCMPipelineManager.java:finalizeAndDestroyPipeline(311)) - destroying pipeline:Pipeline[ Id: da482478-a182-435e-9ec1-93be0a482166, Nodes: 4219e7de-d6f6-40f0-9e98-fa950fd200be{ip: 192.168.34.57, host: pr-hdds-2106-sk2jr-1188266228, networkLocation: /default-rack, certSerialId: null}4e1c38a0-fd03-44f2-a193-28de59e69b87{ip: 192.168.34.57, host: pr-hdds-2106-sk2jr-1188266228, networkLocation: /default-rack, certSerialId: null}901346ab-67df-4dd5-b7cf-edcbf56b35ff{ip: 192.168.34.57, host: pr-hdds-2106-sk2jr-1188266228, networkLocation: /default-rack, certSerialId: null}, Type:RATIS, Factor:THREE, State:CLOSED]
2019-09-10 22:21:48,764 [org.apache.ratis.server.impl.LogAppender$AppenderDaemon$$Lambda$507/1793419052@244f80aa] ERROR ratis.XceiverServerRatis (XceiverServerRatis.java:triggerPipelineClose(568)) - pipeline Action CLOSE  on pipeline PipelineID=da482478-a182-435e-9ec1-93be0a482166.Reason : 4219e7de-d6f6-40f0-9e98-fa950fd200be has not seen follower/s 4e1c38a0-fd03-44f2-a193-28de59e69b87 for 135500ms 901346ab-67df-4dd5-b7cf-edcbf56b35ff for 135500ms
2019-09-10 22:21:48,764 [org.apache.ratis.server.impl.LogAppender$AppenderDaemon$$Lambda$507/1793419052@4a570dd8] ERROR ratis.XceiverServerRatis (XceiverServerRatis.java:triggerPipelineClose(568)) - pipeline Action CLOSE  on pipeline PipelineID=da482478-a182-435e-9ec1-93be0a482166.Reason : 4219e7de-d6f6-40f0-9e98-fa950fd200be has not seen follower/s 4e1c38a0-fd03-44f2-a193-28de59e69b87 for 135500ms 901346ab-67df-4dd5-b7cf-edcbf56b35ff for 135500ms
2019-09-10 22:21:49,150 [EventQueue-PipelineActionsForPipelineActionHandler] ERROR pipeline.PipelineActionHandler (PipelineActionHandler.java:onMessage(60)) - Received pipeline action CLOSE for Pipeline[ Id: da482478-a182-435e-9ec1-93be0a482166, Nodes: 4219e7de-d6f6-40f0-9e98-fa950fd200be{ip: 192.168.34.57, host: pr-hdds-2106-sk2jr-1188266228, networkLocation: /default-rack, certSerialId: null}4e1c38a0-fd03-44f2-a193-28de59e69b87{ip: 192.168.34.57, host: pr-hdds-2106-sk2jr-1188266228, networkLocation: /default-rack, certSerialId: null}901346ab-67df-4dd5-b7cf-edcbf56b35ff{ip: 192.168.34.57, host: pr-hdds-2106-sk2jr-1188266228, networkLocation: /default-rack, certSerialId: null}, Type:RATIS, Factor:THREE, State:CLOSED] from datanode 4219e7de-d6f6-40f0-9e98-fa950fd200be{ip: 192.168.34.57, host: pr-hdds-2106-sk2jr-1188266228, networkLocation: /default-rack, certSerialId: null}. Reason : 4219e7de-d6f6-40f0-9e98-fa950fd200be has not seen follower/s 4e1c38a0-fd03-44f2-a193-28de59e69b87 for 135500ms 901346ab-67df-4dd5-b7cf-edcbf56b35ff for 135500ms
2019-09-10 22:21:49,151 [EventQueue-PipelineActionsForPipelineActionHandler] INFO  pipeline.SCMPipelineManager (SCMPipelineManager.java:finalizeAndDestroyPipeline(311)) - destroying pipeline:Pipeline[ Id: da482478-a182-435e-9ec1-93be0a482166, Nodes: 4219e7de-d6f6-40f0-9e98-fa950fd200be{ip: 192.168.34.57, host: pr-hdds-2106-sk2jr-1188266228, networkLocation: /default-rack, certSerialId: null}4e1c38a0-fd03-44f2-a193-28de59e69b87{ip: 192.168.34.57, host: pr-hdds-2106-sk2jr-1188266228, networkLocation: /default-rack, certSerialId: null}901346ab-67df-4dd5-b7cf-edcbf56b35ff{ip: 192.168.34.57, host: pr-hdds-2106-sk2jr-1188266228, networkLocation: /default-rack, certSerialId: null}, Type:RATIS, Factor:THREE, State:CLOSED]
2019-09-10 22:21:49,261 [java.util.concurrent.ThreadPoolExecutor$Worker@77b7950d[State = -1, empty queue]] WARN  server.GrpcLogAppender (GrpcLogAppender.java:timeoutAppendRequest(200)) - 4219e7de-d6f6-40f0-9e98-fa950fd200be@group-93BE0A482166->901346ab-67df-4dd5-b7cf-edcbf56b35ff-GrpcLogAppender: appendEntries Timeout, request=4219e7de-d6f6-40f0-9e98-fa950fd200be->901346ab-67df-4dd5-b7cf-edcbf56b35ff#63-t1, previous=(t:1, i:10), leaderCommit=6, initializing? false, entries: <empty>
2019-09-10 22:21:49,264 [java.util.concurrent.ThreadPoolExecutor$Worker@445a274e[State = -1, empty queue]] WARN  server.GrpcLogAppender (GrpcLogAppender.java:timeoutAppendRequest(200)) - 4219e7de-d6f6-40f0-9e98-fa950fd200be@group-93BE0A482166->4e1c38a0-fd03-44f2-a193-28de59e69b87-GrpcLogAppender: appendEntries Timeout, request=4219e7de-d6f6-40f0-9e98-fa950fd200be->4e1c38a0-fd03-44f2-a193-28de59e69b87#63-t1, previous=(t:1, i:10), leaderCommit=6, initializing? false, entries: <empty>
2019-09-10 22:21:50,695 [grpc-default-executor-7] INFO  client.GrpcClientProtocolClient (GrpcClientProtocolClient.java:onNext(264)) - client-9E45C64B54AD->901346ab-67df-4dd5-b7cf-edcbf56b35ff: receive RaftClientReply:client-9E45C64B54AD->901346ab-67df-4dd5-b7cf-edcbf56b35ff@group-93BE0A482166, cid=21, FAILED org.apache.ratis.protocol.NotLeaderException: Server 901346ab-67df-4dd5-b7cf-edcbf56b35ff@group-93BE0A482166 is not the leader 4219e7de-d6f6-40f0-9e98-fa950fd200be:192.168.34.57:37976, logIndex=0, commits[901346ab-67df-4dd5-b7cf-edcbf56b35ff:c6, 4e1c38a0-fd03-44f2-a193-28de59e69b87:c4, 4219e7de-d6f6-40f0-9e98-fa950fd200be:c6]
2019-09-10 22:21:51,265 [org.apache.ratis.server.impl.LogAppender$AppenderDaemon$$Lambda$507/1793419052@4a570dd8] ERROR ratis.XceiverServerRatis (XceiverServerRatis.java:triggerPipelineClose(568)) - pipeline Action CLOSE  on pipeline PipelineID=da482478-a182-435e-9ec1-93be0a482166.Reason : 4219e7de-d6f6-40f0-9e98-fa950fd200be has not seen follower/s 4e1c38a0-fd03-44f2-a193-28de59e69b87 for 138001ms 901346ab-67df-4dd5-b7cf-edcbf56b35ff for 138001ms
2019-09-10 22:21:51,265 [org.apache.ratis.server.impl.LogAppender$AppenderDaemon$$Lambda$507/1793419052@244f80aa] ERROR ratis.XceiverServerRatis (XceiverServerRatis.java:triggerPipelineClose(568)) - pipeline Action CLOSE  on pipeline PipelineID=da482478-a182-435e-9ec1-93be0a482166.Reason : 4219e7de-d6f6-40f0-9e98-fa950fd200be has not seen follower/s 4e1c38a0-fd03-44f2-a193-28de59e69b87 for 138001ms 901346ab-67df-4dd5-b7cf-edcbf56b35ff for 138001ms
2019-09-10 22:21:51,764 [java.util.concurrent.ThreadPoolExecutor$Worker@77b7950d[State = -1, empty queue]] WARN  server.GrpcLogAppender (GrpcLogAppender.java:timeoutAppendRequest(200)) - 4219e7de-d6f6-40f0-9e98-fa950fd200be@group-93BE0A482166->901346ab-67df-4dd5-b7cf-edcbf56b35ff-GrpcLogAppender: appendEntries Timeout, request=4219e7de-d6f6-40f0-9e98-fa950fd200be->901346ab-67df-4dd5-b7cf-edcbf56b35ff#64-t1, previous=(t:1, i:10), leaderCommit=6, initializing? false, entries: <empty>
2019-09-10 22:21:51,764 [java.util.concurrent.ThreadPoolExecutor$Worker@445a274e[State = -1, empty queue]] WARN  server.GrpcLogAppender (GrpcLogAppender.java:timeoutAppendRequest(200)) - 4219e7de-d6f6-40f0-9e98-fa950fd200be@group-93BE0A482166->4e1c38a0-fd03-44f2-a193-28de59e69b87-GrpcLogAppender: appendEntries Timeout, request=4219e7de-d6f6-40f0-9e98-fa950fd200be->4e1c38a0-fd03-44f2-a193-28de59e69b87#64-t1, previous=(t:1, i:10), leaderCommit=6, initializing? false, entries: <empty>
2019-09-10 22:21:52,150 [EventQueue-PipelineActionsForPipelineActionHandler] ERROR pipeline.PipelineActionHandler (PipelineActionHandler.java:onMessage(60)) - Received pipeline action CLOSE for Pipeline[ Id: da482478-a182-435e-9ec1-93be0a482166, Nodes: 4219e7de-d6f6-40f0-9e98-fa950fd200be{ip: 192.168.34.57, host: pr-hdds-2106-sk2jr-1188266228, networkLocation: /default-rack, certSerialId: null}4e1c38a0-fd03-44f2-a193-28de59e69b87{ip: 192.168.34.57, host: pr-hdds-2106-sk2jr-1188266228, networkLocation: /default-rack, certSerialId: null}901346ab-67df-4dd5-b7cf-edcbf56b35ff{ip: 192.168.34.57, host: pr-hdds-2106-sk2jr-1188266228, networkLocation: /default-rack, certSerialId: null}, Type:RATIS, Factor:THREE, State:CLOSED] from datanode 4219e7de-d6f6-40f0-9e98-fa950fd200be{ip: 192.168.34.57, host: pr-hdds-2106-sk2jr-1188266228, networkLocation: /default-rack, certSerialId: null}. Reason : 4219e7de-d6f6-40f0-9e98-fa950fd200be has not seen follower/s 4e1c38a0-fd03-44f2-a193-28de59e69b87 for 138001ms 901346ab-67df-4dd5-b7cf-edcbf56b35ff for 138001ms
2019-09-10 22:21:52,151 [EventQueue-PipelineActionsForPipelineActionHandler] INFO  pipeline.SCMPipelineManager (SCMPipelineManager.java:finalizeAndDestroyPipeline(311)) - destroying pipeline:Pipeline[ Id: da482478-a182-435e-9ec1-93be0a482166, Nodes: 4219e7de-d6f6-40f0-9e98-fa950fd200be{ip: 192.168.34.57, host: pr-hdds-2106-sk2jr-1188266228, networkLocation: /default-rack, certSerialId: null}4e1c38a0-fd03-44f2-a193-28de59e69b87{ip: 192.168.34.57, host: pr-hdds-2106-sk2jr-1188266228, networkLocation: /default-rack, certSerialId: null}901346ab-67df-4dd5-b7cf-edcbf56b35ff{ip: 192.168.34.57, host: pr-hdds-2106-sk2jr-1188266228, networkLocation: /default-rack, certSerialId: null}, Type:RATIS, Factor:THREE, State:CLOSED]
2019-09-10 22:21:53,766 [org.apache.ratis.server.impl.LogAppender$AppenderDaemon$$Lambda$507/1793419052@4a570dd8] ERROR ratis.XceiverServerRatis (XceiverServerRatis.java:triggerPipelineClose(568)) - pipeline Action CLOSE  on pipeline PipelineID=da482478-a182-435e-9ec1-93be0a482166.Reason : 4219e7de-d6f6-40f0-9e98-fa950fd200be has not seen follower/s 4e1c38a0-fd03-44f2-a193-28de59e69b87 for 140502ms 901346ab-67df-4dd5-b7cf-edcbf56b35ff for 140502ms
2019-09-10 22:21:53,766 [org.apache.ratis.server.impl.LogAppender$AppenderDaemon$$Lambda$507/1793419052@244f80aa] ERROR ratis.XceiverServerRatis (XceiverServerRatis.java:triggerPipelineClose(568)) - pipeline Action CLOSE  on pipeline PipelineID=da482478-a182-435e-9ec1-93be0a482166.Reason : 4219e7de-d6f6-40f0-9e98-fa950fd200be has not seen follower/s 4e1c38a0-fd03-44f2-a193-28de59e69b87 for 140502ms 901346ab-67df-4dd5-b7cf-edcbf56b35ff for 140502ms
2019-09-10 22:21:54,007 [4e1c38a0-fd03-44f2-a193-28de59e69b87@group-93BE0A482166-SegmentedRaftLogWorker] WARN  segmented.SegmentedRaftLogWorker (SegmentedRaftLogWorker.java:getFromFuture(90)) - Timeout 13/~
org.apache.ratis.protocol.TimeoutIOException: Timeout 10s: WriteLog:7: (t:1, i:7), STATEMACHINELOGENTRY, client-9E45C64B54AD, cid=21-writeStateMachineData
	at org.apache.ratis.util.IOUtils.getFromFuture(IOUtils.java:87)
	at org.apache.ratis.server.raftlog.segmented.SegmentedRaftLogWorker$StateMachineDataPolicy.getFromFuture(SegmentedRaftLogWorker.java:87)
	at org.apache.ratis.server.raftlog.segmented.SegmentedRaftLogWorker$WriteLog.execute(SegmentedRaftLogWorker.java:477)
	at org.apache.ratis.server.raftlog.segmented.SegmentedRaftLogWorker.run(SegmentedRaftLogWorker.java:289)
	at java.lang.Thread.run(Thread.java:748)
Caused by: java.util.concurrent.TimeoutException
	at java.util.concurrent.CompletableFuture.timedGet(CompletableFuture.java:1771)
	at java.util.concurrent.CompletableFuture.get(CompletableFuture.java:1915)
	at org.apache.ratis.util.IOUtils.getFromFuture(IOUtils.java:79)
	... 4 more
2019-09-10 22:21:54,025 [4219e7de-d6f6-40f0-9e98-fa950fd200be@group-93BE0A482166-SegmentedRaftLogWorker] WARN  segmented.SegmentedRaftLogWorker (SegmentedRaftLogWorker.java:getFromFuture(90)) - Timeout 13/~
org.apache.ratis.protocol.TimeoutIOException: Timeout 10s: WriteLog:7: (t:1, i:7), STATEMACHINELOGENTRY, client-9E45C64B54AD, cid=21-writeStateMachineData
	at org.apache.ratis.util.IOUtils.getFromFuture(IOUtils.java:87)
	at org.apache.ratis.server.raftlog.segmented.SegmentedRaftLogWorker$StateMachineDataPolicy.getFromFuture(SegmentedRaftLogWorker.java:87)
	at org.apache.ratis.server.raftlog.segmented.SegmentedRaftLogWorker$WriteLog.execute(SegmentedRaftLogWorker.java:477)
	at org.apache.ratis.server.raftlog.segmented.SegmentedRaftLogWorker.run(SegmentedRaftLogWorker.java:289)
	at java.lang.Thread.run(Thread.java:748)
Caused by: java.util.concurrent.TimeoutException
	at java.util.concurrent.CompletableFuture.timedGet(CompletableFuture.java:1771)
	at java.util.concurrent.CompletableFuture.get(CompletableFuture.java:1915)
	at org.apache.ratis.util.IOUtils.getFromFuture(IOUtils.java:79)
	... 4 more
2019-09-10 22:21:54,119 [901346ab-67df-4dd5-b7cf-edcbf56b35ff@group-93BE0A482166-SegmentedRaftLogWorker] WARN  segmented.SegmentedRaftLogWorker (SegmentedRaftLogWorker.java:getFromFuture(90)) - Timeout 13/~
org.apache.ratis.protocol.TimeoutIOException: Timeout 10s: WriteLog:8: (t:1, i:8), STATEMACHINELOGENTRY, client-9E45C64B54AD, cid=22-writeStateMachineData
	at org.apache.ratis.util.IOUtils.getFromFuture(IOUtils.java:87)
	at org.apache.ratis.server.raftlog.segmented.SegmentedRaftLogWorker$StateMachineDataPolicy.getFromFuture(SegmentedRaftLogWorker.java:87)
	at org.apache.ratis.server.raftlog.segmented.SegmentedRaftLogWorker$WriteLog.execute(SegmentedRaftLogWorker.java:477)
	at org.apache.ratis.server.raftlog.segmented.SegmentedRaftLogWorker.run(SegmentedRaftLogWorker.java:289)
	at java.lang.Thread.run(Thread.java:748)
Caused by: java.util.concurrent.TimeoutException
	at java.util.concurrent.CompletableFuture.timedGet(CompletableFuture.java:1771)
	at java.util.concurrent.CompletableFuture.get(CompletableFuture.java:1915)
	at org.apache.ratis.util.IOUtils.getFromFuture(IOUtils.java:79)
	... 4 more
2019-09-10 22:21:54,150 [EventQueue-PipelineActionsForPipelineActionHandler] ERROR pipeline.PipelineActionHandler (PipelineActionHandler.java:onMessage(60)) - Received pipeline action CLOSE for Pipeline[ Id: da482478-a182-435e-9ec1-93be0a482166, Nodes: 4219e7de-d6f6-40f0-9e98-fa950fd200be{ip: 192.168.34.57, host: pr-hdds-2106-sk2jr-1188266228, networkLocation: /default-rack, certSerialId: null}4e1c38a0-fd03-44f2-a193-28de59e69b87{ip: 192.168.34.57, host: pr-hdds-2106-sk2jr-1188266228, networkLocation: /default-rack, certSerialId: null}901346ab-67df-4dd5-b7cf-edcbf56b35ff{ip: 192.168.34.57, host: pr-hdds-2106-sk2jr-1188266228, networkLocation: /default-rack, certSerialId: null}, Type:RATIS, Factor:THREE, State:CLOSED] from datanode 4219e7de-d6f6-40f0-9e98-fa950fd200be{ip: 192.168.34.57, host: pr-hdds-2106-sk2jr-1188266228, networkLocation: /default-rack, certSerialId: null}. Reason : 4219e7de-d6f6-40f0-9e98-fa950fd200be has not seen follower/s 4e1c38a0-fd03-44f2-a193-28de59e69b87 for 140502ms 901346ab-67df-4dd5-b7cf-edcbf56b35ff for 140502ms
2019-09-10 22:21:54,150 [EventQueue-PipelineActionsForPipelineActionHandler] INFO  pipeline.SCMPipelineManager (SCMPipelineManager.java:finalizeAndDestroyPipeline(311)) - destroying pipeline:Pipeline[ Id: da482478-a182-435e-9ec1-93be0a482166, Nodes: 4219e7de-d6f6-40f0-9e98-fa950fd200be{ip: 192.168.34.57, host: pr-hdds-2106-sk2jr-1188266228, networkLocation: /default-rack, certSerialId: null}4e1c38a0-fd03-44f2-a193-28de59e69b87{ip: 192.168.34.57, host: pr-hdds-2106-sk2jr-1188266228, networkLocation: /default-rack, certSerialId: null}901346ab-67df-4dd5-b7cf-edcbf56b35ff{ip: 192.168.34.57, host: pr-hdds-2106-sk2jr-1188266228, networkLocation: /default-rack, certSerialId: null}, Type:RATIS, Factor:THREE, State:CLOSED]
2019-09-10 22:21:54,265 [java.util.concurrent.ThreadPoolExecutor$Worker@445a274e[State = -1, empty queue]] WARN  server.GrpcLogAppender (GrpcLogAppender.java:timeoutAppendRequest(200)) - 4219e7de-d6f6-40f0-9e98-fa950fd200be@group-93BE0A482166->4e1c38a0-fd03-44f2-a193-28de59e69b87-GrpcLogAppender: appendEntries Timeout, request=4219e7de-d6f6-40f0-9e98-fa950fd200be->4e1c38a0-fd03-44f2-a193-28de59e69b87#65-t1, previous=(t:1, i:10), leaderCommit=6, initializing? false, entries: <empty>
2019-09-10 22:21:54,265 [java.util.concurrent.ThreadPoolExecutor$Worker@77b7950d[State = -1, empty queue]] WARN  server.GrpcLogAppender (GrpcLogAppender.java:timeoutAppendRequest(200)) - 4219e7de-d6f6-40f0-9e98-fa950fd200be@group-93BE0A482166->901346ab-67df-4dd5-b7cf-edcbf56b35ff-GrpcLogAppender: appendEntries Timeout, request=4219e7de-d6f6-40f0-9e98-fa950fd200be->901346ab-67df-4dd5-b7cf-edcbf56b35ff#65-t1, previous=(t:1, i:10), leaderCommit=6, initializing? false, entries: <empty>
2019-09-10 22:21:55,768 [grpc-default-executor-7] INFO  client.GrpcClientProtocolClient (GrpcClientProtocolClient.java:onNext(264)) - client-9E45C64B54AD->4e1c38a0-fd03-44f2-a193-28de59e69b87: receive RaftClientReply:client-9E45C64B54AD->4e1c38a0-fd03-44f2-a193-28de59e69b87@group-93BE0A482166, cid=21, FAILED org.apache.ratis.protocol.NotLeaderException: Server 4e1c38a0-fd03-44f2-a193-28de59e69b87@group-93BE0A482166 is not the leader 4219e7de-d6f6-40f0-9e98-fa950fd200be:192.168.34.57:37976, logIndex=0, commits[4e1c38a0-fd03-44f2-a193-28de59e69b87:c6, 4219e7de-d6f6-40f0-9e98-fa950fd200be:c6, 901346ab-67df-4dd5-b7cf-edcbf56b35ff:c4]
2019-09-10 22:21:56,267 [org.apache.ratis.server.impl.LogAppender$AppenderDaemon$$Lambda$507/1793419052@244f80aa] ERROR ratis.XceiverServerRatis (XceiverServerRatis.java:triggerPipelineClose(568)) - pipeline Action CLOSE  on pipeline PipelineID=da482478-a182-435e-9ec1-93be0a482166.Reason : 4219e7de-d6f6-40f0-9e98-fa950fd200be has not seen follower/s 4e1c38a0-fd03-44f2-a193-28de59e69b87 for 143003ms 901346ab-67df-4dd5-b7cf-edcbf56b35ff for 143003ms
2019-09-10 22:21:56,267 [org.apache.ratis.server.impl.LogAppender$AppenderDaemon$$Lambda$507/1793419052@4a570dd8] ERROR ratis.XceiverServerRatis (XceiverServerRatis.java:triggerPipelineClose(568)) - pipeline Action CLOSE  on pipeline PipelineID=da482478-a182-435e-9ec1-93be0a482166.Reason : 4219e7de-d6f6-40f0-9e98-fa950fd200be has not seen follower/s 4e1c38a0-fd03-44f2-a193-28de59e69b87 for 143004ms 901346ab-67df-4dd5-b7cf-edcbf56b35ff for 143004ms
2019-09-10 22:21:56,766 [java.util.concurrent.ThreadPoolExecutor$Worker@445a274e[State = -1, empty queue]] WARN  server.GrpcLogAppender (GrpcLogAppender.java:timeoutAppendRequest(200)) - 4219e7de-d6f6-40f0-9e98-fa950fd200be@group-93BE0A482166->4e1c38a0-fd03-44f2-a193-28de59e69b87-GrpcLogAppender: appendEntries Timeout, request=4219e7de-d6f6-40f0-9e98-fa950fd200be->4e1c38a0-fd03-44f2-a193-28de59e69b87#66-t1, previous=(t:1, i:10), leaderCommit=6, initializing? false, entries: <empty>
2019-09-10 22:21:56,766 [java.util.concurrent.ThreadPoolExecutor$Worker@77b7950d[State = -1, empty queue]] WARN  server.GrpcLogAppender (GrpcLogAppender.java:timeoutAppendRequest(200)) - 4219e7de-d6f6-40f0-9e98-fa950fd200be@group-93BE0A482166->901346ab-67df-4dd5-b7cf-edcbf56b35ff-GrpcLogAppender: appendEntries Timeout, request=4219e7de-d6f6-40f0-9e98-fa950fd200be->901346ab-67df-4dd5-b7cf-edcbf56b35ff#66-t1, previous=(t:1, i:10), leaderCommit=6, initializing? false, entries: <empty>
2019-09-10 22:21:57,150 [EventQueue-PipelineActionsForPipelineActionHandler] ERROR pipeline.PipelineActionHandler (PipelineActionHandler.java:onMessage(60)) - Received pipeline action CLOSE for Pipeline[ Id: da482478-a182-435e-9ec1-93be0a482166, Nodes: 4219e7de-d6f6-40f0-9e98-fa950fd200be{ip: 192.168.34.57, host: pr-hdds-2106-sk2jr-1188266228, networkLocation: /default-rack, certSerialId: null}4e1c38a0-fd03-44f2-a193-28de59e69b87{ip: 192.168.34.57, host: pr-hdds-2106-sk2jr-1188266228, networkLocation: /default-rack, certSerialId: null}901346ab-67df-4dd5-b7cf-edcbf56b35ff{ip: 192.168.34.57, host: pr-hdds-2106-sk2jr-1188266228, networkLocation: /default-rack, certSerialId: null}, Type:RATIS, Factor:THREE, State:CLOSED] from datanode 4219e7de-d6f6-40f0-9e98-fa950fd200be{ip: 192.168.34.57, host: pr-hdds-2106-sk2jr-1188266228, networkLocation: /default-rack, certSerialId: null}. Reason : 4219e7de-d6f6-40f0-9e98-fa950fd200be has not seen follower/s 4e1c38a0-fd03-44f2-a193-28de59e69b87 for 143003ms 901346ab-67df-4dd5-b7cf-edcbf56b35ff for 143003ms
2019-09-10 22:21:57,151 [EventQueue-PipelineActionsForPipelineActionHandler] INFO  pipeline.SCMPipelineManager (SCMPipelineManager.java:finalizeAndDestroyPipeline(311)) - destroying pipeline:Pipeline[ Id: da482478-a182-435e-9ec1-93be0a482166, Nodes: 4219e7de-d6f6-40f0-9e98-fa950fd200be{ip: 192.168.34.57, host: pr-hdds-2106-sk2jr-1188266228, networkLocation: /default-rack, certSerialId: null}4e1c38a0-fd03-44f2-a193-28de59e69b87{ip: 192.168.34.57, host: pr-hdds-2106-sk2jr-1188266228, networkLocation: /default-rack, certSerialId: null}901346ab-67df-4dd5-b7cf-edcbf56b35ff{ip: 192.168.34.57, host: pr-hdds-2106-sk2jr-1188266228, networkLocation: /default-rack, certSerialId: null}, Type:RATIS, Factor:THREE, State:CLOSED]
2019-09-10 22:21:58,769 [org.apache.ratis.server.impl.LogAppender$AppenderDaemon$$Lambda$507/1793419052@244f80aa] ERROR ratis.XceiverServerRatis (XceiverServerRatis.java:triggerPipelineClose(568)) - pipeline Action CLOSE  on pipeline PipelineID=da482478-a182-435e-9ec1-93be0a482166.Reason : 4219e7de-d6f6-40f0-9e98-fa950fd200be has not seen follower/s 4e1c38a0-fd03-44f2-a193-28de59e69b87 for 145505ms 901346ab-67df-4dd5-b7cf-edcbf56b35ff for 145505ms
2019-09-10 22:21:58,769 [org.apache.ratis.server.impl.LogAppender$AppenderDaemon$$Lambda$507/1793419052@4a570dd8] ERROR ratis.XceiverServerRatis (XceiverServerRatis.java:triggerPipelineClose(568)) - pipeline Action CLOSE  on pipeline PipelineID=da482478-a182-435e-9ec1-93be0a482166.Reason : 4219e7de-d6f6-40f0-9e98-fa950fd200be has not seen follower/s 4e1c38a0-fd03-44f2-a193-28de59e69b87 for 145505ms 901346ab-67df-4dd5-b7cf-edcbf56b35ff for 145505ms
2019-09-10 22:21:59,152 [EventQueue-PipelineActionsForPipelineActionHandler] ERROR pipeline.PipelineActionHandler (PipelineActionHandler.java:onMessage(60)) - Received pipeline action CLOSE for Pipeline[ Id: da482478-a182-435e-9ec1-93be0a482166, Nodes: 4219e7de-d6f6-40f0-9e98-fa950fd200be{ip: 192.168.34.57, host: pr-hdds-2106-sk2jr-1188266228, networkLocation: /default-rack, certSerialId: null}4e1c38a0-fd03-44f2-a193-28de59e69b87{ip: 192.168.34.57, host: pr-hdds-2106-sk2jr-1188266228, networkLocation: /default-rack, certSerialId: null}901346ab-67df-4dd5-b7cf-edcbf56b35ff{ip: 192.168.34.57, host: pr-hdds-2106-sk2jr-1188266228, networkLocation: /default-rack, certSerialId: null}, Type:RATIS, Factor:THREE, State:CLOSED] from datanode 4219e7de-d6f6-40f0-9e98-fa950fd200be{ip: 192.168.34.57, host: pr-hdds-2106-sk2jr-1188266228, networkLocation: /default-rack, certSerialId: null}. Reason : 4219e7de-d6f6-40f0-9e98-fa950fd200be has not seen follower/s 4e1c38a0-fd03-44f2-a193-28de59e69b87 for 145505ms 901346ab-67df-4dd5-b7cf-edcbf56b35ff for 145505ms
2019-09-10 22:21:59,152 [EventQueue-PipelineActionsForPipelineActionHandler] INFO  pipeline.SCMPipelineManager (SCMPipelineManager.java:finalizeAndDestroyPipeline(311)) - destroying pipeline:Pipeline[ Id: da482478-a182-435e-9ec1-93be0a482166, Nodes: 4219e7de-d6f6-40f0-9e98-fa950fd200be{ip: 192.168.34.57, host: pr-hdds-2106-sk2jr-1188266228, networkLocation: /default-rack, certSerialId: null}4e1c38a0-fd03-44f2-a193-28de59e69b87{ip: 192.168.34.57, host: pr-hdds-2106-sk2jr-1188266228, networkLocation: /default-rack, certSerialId: null}901346ab-67df-4dd5-b7cf-edcbf56b35ff{ip: 192.168.34.57, host: pr-hdds-2106-sk2jr-1188266228, networkLocation: /default-rack, certSerialId: null}, Type:RATIS, Factor:THREE, State:CLOSED]
2019-09-10 22:21:59,267 [java.util.concurrent.ThreadPoolExecutor$Worker@445a274e[State = -1, empty queue]] WARN  server.GrpcLogAppender (GrpcLogAppender.java:timeoutAppendRequest(200)) - 4219e7de-d6f6-40f0-9e98-fa950fd200be@group-93BE0A482166->4e1c38a0-fd03-44f2-a193-28de59e69b87-GrpcLogAppender: appendEntries Timeout, request=4219e7de-d6f6-40f0-9e98-fa950fd200be->4e1c38a0-fd03-44f2-a193-28de59e69b87#67-t1, previous=(t:1, i:10), leaderCommit=6, initializing? false, entries: <empty>
2019-09-10 22:21:59,279 [java.util.concurrent.ThreadPoolExecutor$Worker@77b7950d[State = -1, empty queue]] WARN  server.GrpcLogAppender (GrpcLogAppender.java:timeoutAppendRequest(200)) - 4219e7de-d6f6-40f0-9e98-fa950fd200be@group-93BE0A482166->901346ab-67df-4dd5-b7cf-edcbf56b35ff-GrpcLogAppender: appendEntries Timeout, request=4219e7de-d6f6-40f0-9e98-fa950fd200be->901346ab-67df-4dd5-b7cf-edcbf56b35ff#67-t1, previous=(t:1, i:10), leaderCommit=6, initializing? false, entries: <empty>
2019-09-10 22:22:00,815 [grpc-default-executor-1] INFO  client.GrpcClientProtocolClient (GrpcClientProtocolClient.java:onNext(264)) - client-9E45C64B54AD->901346ab-67df-4dd5-b7cf-edcbf56b35ff: receive RaftClientReply:client-9E45C64B54AD->901346ab-67df-4dd5-b7cf-edcbf56b35ff@group-93BE0A482166, cid=21, FAILED org.apache.ratis.protocol.NotLeaderException: Server 901346ab-67df-4dd5-b7cf-edcbf56b35ff@group-93BE0A482166 is not the leader 4219e7de-d6f6-40f0-9e98-fa950fd200be:192.168.34.57:37976, logIndex=0, commits[901346ab-67df-4dd5-b7cf-edcbf56b35ff:c6, 4e1c38a0-fd03-44f2-a193-28de59e69b87:c4, 4219e7de-d6f6-40f0-9e98-fa950fd200be:c6]
2019-09-10 22:22:01,271 [org.apache.ratis.server.impl.LogAppender$AppenderDaemon$$Lambda$507/1793419052@4a570dd8] ERROR ratis.XceiverServerRatis (XceiverServerRatis.java:triggerPipelineClose(568)) - pipeline Action CLOSE  on pipeline PipelineID=da482478-a182-435e-9ec1-93be0a482166.Reason : 4219e7de-d6f6-40f0-9e98-fa950fd200be has not seen follower/s 4e1c38a0-fd03-44f2-a193-28de59e69b87 for 148007ms 901346ab-67df-4dd5-b7cf-edcbf56b35ff for 148007ms
2019-09-10 22:22:01,271 [org.apache.ratis.server.impl.LogAppender$AppenderDaemon$$Lambda$507/1793419052@244f80aa] ERROR ratis.XceiverServerRatis (XceiverServerRatis.java:triggerPipelineClose(568)) - pipeline Action CLOSE  on pipeline PipelineID=da482478-a182-435e-9ec1-93be0a482166.Reason : 4219e7de-d6f6-40f0-9e98-fa950fd200be has not seen follower/s 4e1c38a0-fd03-44f2-a193-28de59e69b87 for 148007ms 901346ab-67df-4dd5-b7cf-edcbf56b35ff for 148007ms
2019-09-10 22:22:01,769 [java.util.concurrent.ThreadPoolExecutor$Worker@445a274e[State = -1, empty queue]] WARN  server.GrpcLogAppender (GrpcLogAppender.java:timeoutAppendRequest(200)) - 4219e7de-d6f6-40f0-9e98-fa950fd200be@group-93BE0A482166->4e1c38a0-fd03-44f2-a193-28de59e69b87-GrpcLogAppender: appendEntries Timeout, request=4219e7de-d6f6-40f0-9e98-fa950fd200be->4e1c38a0-fd03-44f2-a193-28de59e69b87#68-t1, previous=(t:1, i:10), leaderCommit=6, initializing? false, entries: <empty>
2019-09-10 22:22:01,769 [java.util.concurrent.ThreadPoolExecutor$Worker@77b7950d[State = -1, empty queue]] WARN  server.GrpcLogAppender (GrpcLogAppender.java:timeoutAppendRequest(200)) - 4219e7de-d6f6-40f0-9e98-fa950fd200be@group-93BE0A482166->901346ab-67df-4dd5-b7cf-edcbf56b35ff-GrpcLogAppender: appendEntries Timeout, request=4219e7de-d6f6-40f0-9e98-fa950fd200be->901346ab-67df-4dd5-b7cf-edcbf56b35ff#68-t1, previous=(t:1, i:10), leaderCommit=6, initializing? false, entries: <empty>
2019-09-10 22:22:02,154 [EventQueue-PipelineActionsForPipelineActionHandler] ERROR pipeline.PipelineActionHandler (PipelineActionHandler.java:onMessage(60)) - Received pipeline action CLOSE for Pipeline[ Id: da482478-a182-435e-9ec1-93be0a482166, Nodes: 4219e7de-d6f6-40f0-9e98-fa950fd200be{ip: 192.168.34.57, host: pr-hdds-2106-sk2jr-1188266228, networkLocation: /default-rack, certSerialId: null}4e1c38a0-fd03-44f2-a193-28de59e69b87{ip: 192.168.34.57, host: pr-hdds-2106-sk2jr-1188266228, networkLocation: /default-rack, certSerialId: null}901346ab-67df-4dd5-b7cf-edcbf56b35ff{ip: 192.168.34.57, host: pr-hdds-2106-sk2jr-1188266228, networkLocation: /default-rack, certSerialId: null}, Type:RATIS, Factor:THREE, State:CLOSED] from datanode 4219e7de-d6f6-40f0-9e98-fa950fd200be{ip: 192.168.34.57, host: pr-hdds-2106-sk2jr-1188266228, networkLocation: /default-rack, certSerialId: null}. Reason : 4219e7de-d6f6-40f0-9e98-fa950fd200be has not seen follower/s 4e1c38a0-fd03-44f2-a193-28de59e69b87 for 148007ms 901346ab-67df-4dd5-b7cf-edcbf56b35ff for 148007ms
2019-09-10 22:22:02,154 [EventQueue-PipelineActionsForPipelineActionHandler] INFO  pipeline.SCMPipelineManager (SCMPipelineManager.java:finalizeAndDestroyPipeline(311)) - destroying pipeline:Pipeline[ Id: da482478-a182-435e-9ec1-93be0a482166, Nodes: 4219e7de-d6f6-40f0-9e98-fa950fd200be{ip: 192.168.34.57, host: pr-hdds-2106-sk2jr-1188266228, networkLocation: /default-rack, certSerialId: null}4e1c38a0-fd03-44f2-a193-28de59e69b87{ip: 192.168.34.57, host: pr-hdds-2106-sk2jr-1188266228, networkLocation: /default-rack, certSerialId: null}901346ab-67df-4dd5-b7cf-edcbf56b35ff{ip: 192.168.34.57, host: pr-hdds-2106-sk2jr-1188266228, networkLocation: /default-rack, certSerialId: null}, Type:RATIS, Factor:THREE, State:CLOSED]
2019-09-10 22:22:03,773 [org.apache.ratis.server.impl.LogAppender$AppenderDaemon$$Lambda$507/1793419052@244f80aa] ERROR ratis.XceiverServerRatis (XceiverServerRatis.java:triggerPipelineClose(568)) - pipeline Action CLOSE  on pipeline PipelineID=da482478-a182-435e-9ec1-93be0a482166.Reason : 4219e7de-d6f6-40f0-9e98-fa950fd200be has not seen follower/s 4e1c38a0-fd03-44f2-a193-28de59e69b87 for 150509ms 901346ab-67df-4dd5-b7cf-edcbf56b35ff for 150509ms
2019-09-10 22:22:03,773 [org.apache.ratis.server.impl.LogAppender$AppenderDaemon$$Lambda$507/1793419052@4a570dd8] ERROR ratis.XceiverServerRatis (XceiverServerRatis.java:triggerPipelineClose(568)) - pipeline Action CLOSE  on pipeline PipelineID=da482478-a182-435e-9ec1-93be0a482166.Reason : 4219e7de-d6f6-40f0-9e98-fa950fd200be has not seen follower/s 4e1c38a0-fd03-44f2-a193-28de59e69b87 for 150509ms 901346ab-67df-4dd5-b7cf-edcbf56b35ff for 150509ms
2019-09-10 22:22:04,009 [4e1c38a0-fd03-44f2-a193-28de59e69b87@group-93BE0A482166-SegmentedRaftLogWorker] WARN  segmented.SegmentedRaftLogWorker (SegmentedRaftLogWorker.java:getFromFuture(90)) - Timeout 14/~
org.apache.ratis.protocol.TimeoutIOException: Timeout 10s: WriteLog:7: (t:1, i:7), STATEMACHINELOGENTRY, client-9E45C64B54AD, cid=21-writeStateMachineData
	at org.apache.ratis.util.IOUtils.getFromFuture(IOUtils.java:87)
	at org.apache.ratis.server.raftlog.segmented.SegmentedRaftLogWorker$StateMachineDataPolicy.getFromFuture(SegmentedRaftLogWorker.java:87)
	at org.apache.ratis.server.raftlog.segmented.SegmentedRaftLogWorker$WriteLog.execute(SegmentedRaftLogWorker.java:477)
	at org.apache.ratis.server.raftlog.segmented.SegmentedRaftLogWorker.run(SegmentedRaftLogWorker.java:289)
	at java.lang.Thread.run(Thread.java:748)
Caused by: java.util.concurrent.TimeoutException
	at java.util.concurrent.CompletableFuture.timedGet(CompletableFuture.java:1771)
	at java.util.concurrent.CompletableFuture.get(CompletableFuture.java:1915)
	at org.apache.ratis.util.IOUtils.getFromFuture(IOUtils.java:79)
	... 4 more
2019-09-10 22:22:04,026 [4219e7de-d6f6-40f0-9e98-fa950fd200be@group-93BE0A482166-SegmentedRaftLogWorker] WARN  segmented.SegmentedRaftLogWorker (SegmentedRaftLogWorker.java:getFromFuture(90)) - Timeout 14/~
org.apache.ratis.protocol.TimeoutIOException: Timeout 10s: WriteLog:7: (t:1, i:7), STATEMACHINELOGENTRY, client-9E45C64B54AD, cid=21-writeStateMachineData
	at org.apache.ratis.util.IOUtils.getFromFuture(IOUtils.java:87)
	at org.apache.ratis.server.raftlog.segmented.SegmentedRaftLogWorker$StateMachineDataPolicy.getFromFuture(SegmentedRaftLogWorker.java:87)
	at org.apache.ratis.server.raftlog.segmented.SegmentedRaftLogWorker$WriteLog.execute(SegmentedRaftLogWorker.java:477)
	at org.apache.ratis.server.raftlog.segmented.SegmentedRaftLogWorker.run(SegmentedRaftLogWorker.java:289)
	at java.lang.Thread.run(Thread.java:748)
Caused by: java.util.concurrent.TimeoutException
	at java.util.concurrent.CompletableFuture.timedGet(CompletableFuture.java:1771)
	at java.util.concurrent.CompletableFuture.get(CompletableFuture.java:1915)
	at org.apache.ratis.util.IOUtils.getFromFuture(IOUtils.java:79)
	... 4 more
2019-09-10 22:22:04,120 [901346ab-67df-4dd5-b7cf-edcbf56b35ff@group-93BE0A482166-SegmentedRaftLogWorker] WARN  segmented.SegmentedRaftLogWorker (SegmentedRaftLogWorker.java:getFromFuture(90)) - Timeout 14/~
org.apache.ratis.protocol.TimeoutIOException: Timeout 10s: WriteLog:8: (t:1, i:8), STATEMACHINELOGENTRY, client-9E45C64B54AD, cid=22-writeStateMachineData
	at org.apache.ratis.util.IOUtils.getFromFuture(IOUtils.java:87)
	at org.apache.ratis.server.raftlog.segmented.SegmentedRaftLogWorker$StateMachineDataPolicy.getFromFuture(SegmentedRaftLogWorker.java:87)
	at org.apache.ratis.server.raftlog.segmented.SegmentedRaftLogWorker$WriteLog.execute(SegmentedRaftLogWorker.java:477)
	at org.apache.ratis.server.raftlog.segmented.SegmentedRaftLogWorker.run(SegmentedRaftLogWorker.java:289)
	at java.lang.Thread.run(Thread.java:748)
Caused by: java.util.concurrent.TimeoutException
	at java.util.concurrent.CompletableFuture.timedGet(CompletableFuture.java:1771)
	at java.util.concurrent.CompletableFuture.get(CompletableFuture.java:1915)
	at org.apache.ratis.util.IOUtils.getFromFuture(IOUtils.java:79)
	... 4 more
2019-09-10 22:22:04,153 [EventQueue-PipelineActionsForPipelineActionHandler] ERROR pipeline.PipelineActionHandler (PipelineActionHandler.java:onMessage(60)) - Received pipeline action CLOSE for Pipeline[ Id: da482478-a182-435e-9ec1-93be0a482166, Nodes: 4219e7de-d6f6-40f0-9e98-fa950fd200be{ip: 192.168.34.57, host: pr-hdds-2106-sk2jr-1188266228, networkLocation: /default-rack, certSerialId: null}4e1c38a0-fd03-44f2-a193-28de59e69b87{ip: 192.168.34.57, host: pr-hdds-2106-sk2jr-1188266228, networkLocation: /default-rack, certSerialId: null}901346ab-67df-4dd5-b7cf-edcbf56b35ff{ip: 192.168.34.57, host: pr-hdds-2106-sk2jr-1188266228, networkLocation: /default-rack, certSerialId: null}, Type:RATIS, Factor:THREE, State:CLOSED] from datanode 4219e7de-d6f6-40f0-9e98-fa950fd200be{ip: 192.168.34.57, host: pr-hdds-2106-sk2jr-1188266228, networkLocation: /default-rack, certSerialId: null}. Reason : 4219e7de-d6f6-40f0-9e98-fa950fd200be has not seen follower/s 4e1c38a0-fd03-44f2-a193-28de59e69b87 for 150509ms 901346ab-67df-4dd5-b7cf-edcbf56b35ff for 150509ms
2019-09-10 22:22:04,153 [EventQueue-PipelineActionsForPipelineActionHandler] INFO  pipeline.SCMPipelineManager (SCMPipelineManager.java:finalizeAndDestroyPipeline(311)) - destroying pipeline:Pipeline[ Id: da482478-a182-435e-9ec1-93be0a482166, Nodes: 4219e7de-d6f6-40f0-9e98-fa950fd200be{ip: 192.168.34.57, host: pr-hdds-2106-sk2jr-1188266228, networkLocation: /default-rack, certSerialId: null}4e1c38a0-fd03-44f2-a193-28de59e69b87{ip: 192.168.34.57, host: pr-hdds-2106-sk2jr-1188266228, networkLocation: /default-rack, certSerialId: null}901346ab-67df-4dd5-b7cf-edcbf56b35ff{ip: 192.168.34.57, host: pr-hdds-2106-sk2jr-1188266228, networkLocation: /default-rack, certSerialId: null}, Type:RATIS, Factor:THREE, State:CLOSED]
2019-09-10 22:22:04,270 [java.util.concurrent.ThreadPoolExecutor$Worker@77b7950d[State = -1, empty queue]] WARN  server.GrpcLogAppender (GrpcLogAppender.java:timeoutAppendRequest(200)) - 4219e7de-d6f6-40f0-9e98-fa950fd200be@group-93BE0A482166->901346ab-67df-4dd5-b7cf-edcbf56b35ff-GrpcLogAppender: appendEntries Timeout, request=4219e7de-d6f6-40f0-9e98-fa950fd200be->901346ab-67df-4dd5-b7cf-edcbf56b35ff#69-t1, previous=(t:1, i:10), leaderCommit=6, initializing? false, entries: <empty>
2019-09-10 22:22:04,270 [java.util.concurrent.ThreadPoolExecutor$Worker@445a274e[State = -1, empty queue]] WARN  server.GrpcLogAppender (GrpcLogAppender.java:timeoutAppendRequest(200)) - 4219e7de-d6f6-40f0-9e98-fa950fd200be@group-93BE0A482166->4e1c38a0-fd03-44f2-a193-28de59e69b87-GrpcLogAppender: appendEntries Timeout, request=4219e7de-d6f6-40f0-9e98-fa950fd200be->4e1c38a0-fd03-44f2-a193-28de59e69b87#69-t1, previous=(t:1, i:10), leaderCommit=6, initializing? false, entries: <empty>
2019-09-10 22:22:05,855 [grpc-default-executor-0] INFO  client.GrpcClientProtocolClient (GrpcClientProtocolClient.java:onNext(264)) - client-9E45C64B54AD->4e1c38a0-fd03-44f2-a193-28de59e69b87: receive RaftClientReply:client-9E45C64B54AD->4e1c38a0-fd03-44f2-a193-28de59e69b87@group-93BE0A482166, cid=21, FAILED org.apache.ratis.protocol.NotLeaderException: Server 4e1c38a0-fd03-44f2-a193-28de59e69b87@group-93BE0A482166 is not the leader 4219e7de-d6f6-40f0-9e98-fa950fd200be:192.168.34.57:37976, logIndex=0, commits[4e1c38a0-fd03-44f2-a193-28de59e69b87:c6, 4219e7de-d6f6-40f0-9e98-fa950fd200be:c6, 901346ab-67df-4dd5-b7cf-edcbf56b35ff:c4]
2019-09-10 22:22:06,274 [org.apache.ratis.server.impl.LogAppender$AppenderDaemon$$Lambda$507/1793419052@244f80aa] ERROR ratis.XceiverServerRatis (XceiverServerRatis.java:triggerPipelineClose(568)) - pipeline Action CLOSE  on pipeline PipelineID=da482478-a182-435e-9ec1-93be0a482166.Reason : 4219e7de-d6f6-40f0-9e98-fa950fd200be has not seen follower/s 4e1c38a0-fd03-44f2-a193-28de59e69b87 for 153010ms 901346ab-67df-4dd5-b7cf-edcbf56b35ff for 153010ms
2019-09-10 22:22:06,274 [org.apache.ratis.server.impl.LogAppender$AppenderDaemon$$Lambda$507/1793419052@4a570dd8] ERROR ratis.XceiverServerRatis (XceiverServerRatis.java:triggerPipelineClose(568)) - pipeline Action CLOSE  on pipeline PipelineID=da482478-a182-435e-9ec1-93be0a482166.Reason : 4219e7de-d6f6-40f0-9e98-fa950fd200be has not seen follower/s 4e1c38a0-fd03-44f2-a193-28de59e69b87 for 153010ms 901346ab-67df-4dd5-b7cf-edcbf56b35ff for 153010ms
2019-09-10 22:22:06,773 [java.util.concurrent.ThreadPoolExecutor$Worker@445a274e[State = -1, empty queue]] WARN  server.GrpcLogAppender (GrpcLogAppender.java:timeoutAppendRequest(200)) - 4219e7de-d6f6-40f0-9e98-fa950fd200be@group-93BE0A482166->4e1c38a0-fd03-44f2-a193-28de59e69b87-GrpcLogAppender: appendEntries Timeout, request=4219e7de-d6f6-40f0-9e98-fa950fd200be->4e1c38a0-fd03-44f2-a193-28de59e69b87#70-t1, previous=(t:1, i:10), leaderCommit=6, initializing? false, entries: <empty>
2019-09-10 22:22:06,773 [java.util.concurrent.ThreadPoolExecutor$Worker@77b7950d[State = -1, empty queue]] WARN  server.GrpcLogAppender (GrpcLogAppender.java:timeoutAppendRequest(200)) - 4219e7de-d6f6-40f0-9e98-fa950fd200be@group-93BE0A482166->901346ab-67df-4dd5-b7cf-edcbf56b35ff-GrpcLogAppender: appendEntries Timeout, request=4219e7de-d6f6-40f0-9e98-fa950fd200be->901346ab-67df-4dd5-b7cf-edcbf56b35ff#70-t1, previous=(t:1, i:10), leaderCommit=6, initializing? false, entries: <empty>
2019-09-10 22:22:07,152 [EventQueue-PipelineActionsForPipelineActionHandler] ERROR pipeline.PipelineActionHandler (PipelineActionHandler.java:onMessage(60)) - Received pipeline action CLOSE for Pipeline[ Id: da482478-a182-435e-9ec1-93be0a482166, Nodes: 4219e7de-d6f6-40f0-9e98-fa950fd200be{ip: 192.168.34.57, host: pr-hdds-2106-sk2jr-1188266228, networkLocation: /default-rack, certSerialId: null}4e1c38a0-fd03-44f2-a193-28de59e69b87{ip: 192.168.34.57, host: pr-hdds-2106-sk2jr-1188266228, networkLocation: /default-rack, certSerialId: null}901346ab-67df-4dd5-b7cf-edcbf56b35ff{ip: 192.168.34.57, host: pr-hdds-2106-sk2jr-1188266228, networkLocation: /default-rack, certSerialId: null}, Type:RATIS, Factor:THREE, State:CLOSED] from datanode 4219e7de-d6f6-40f0-9e98-fa950fd200be{ip: 192.168.34.57, host: pr-hdds-2106-sk2jr-1188266228, networkLocation: /default-rack, certSerialId: null}. Reason : 4219e7de-d6f6-40f0-9e98-fa950fd200be has not seen follower/s 4e1c38a0-fd03-44f2-a193-28de59e69b87 for 153010ms 901346ab-67df-4dd5-b7cf-edcbf56b35ff for 153010ms
2019-09-10 22:22:07,153 [EventQueue-PipelineActionsForPipelineActionHandler] INFO  pipeline.SCMPipelineManager (SCMPipelineManager.java:finalizeAndDestroyPipeline(311)) - destroying pipeline:Pipeline[ Id: da482478-a182-435e-9ec1-93be0a482166, Nodes: 4219e7de-d6f6-40f0-9e98-fa950fd200be{ip: 192.168.34.57, host: pr-hdds-2106-sk2jr-1188266228, networkLocation: /default-rack, certSerialId: null}4e1c38a0-fd03-44f2-a193-28de59e69b87{ip: 192.168.34.57, host: pr-hdds-2106-sk2jr-1188266228, networkLocation: /default-rack, certSerialId: null}901346ab-67df-4dd5-b7cf-edcbf56b35ff{ip: 192.168.34.57, host: pr-hdds-2106-sk2jr-1188266228, networkLocation: /default-rack, certSerialId: null}, Type:RATIS, Factor:THREE, State:CLOSED]
2019-09-10 22:22:08,774 [org.apache.ratis.server.impl.LogAppender$AppenderDaemon$$Lambda$507/1793419052@244f80aa] ERROR ratis.XceiverServerRatis (XceiverServerRatis.java:triggerPipelineClose(568)) - pipeline Action CLOSE  on pipeline PipelineID=da482478-a182-435e-9ec1-93be0a482166.Reason : 4219e7de-d6f6-40f0-9e98-fa950fd200be has not seen follower/s 4e1c38a0-fd03-44f2-a193-28de59e69b87 for 155511ms 901346ab-67df-4dd5-b7cf-edcbf56b35ff for 155511ms
2019-09-10 22:22:08,775 [org.apache.ratis.server.impl.LogAppender$AppenderDaemon$$Lambda$507/1793419052@4a570dd8] ERROR ratis.XceiverServerRatis (XceiverServerRatis.java:triggerPipelineClose(568)) - pipeline Action CLOSE  on pipeline PipelineID=da482478-a182-435e-9ec1-93be0a482166.Reason : 4219e7de-d6f6-40f0-9e98-fa950fd200be has not seen follower/s 4e1c38a0-fd03-44f2-a193-28de59e69b87 for 155511ms 901346ab-67df-4dd5-b7cf-edcbf56b35ff for 155511ms
2019-09-10 22:22:09,153 [EventQueue-PipelineActionsForPipelineActionHandler] ERROR pipeline.PipelineActionHandler (PipelineActionHandler.java:onMessage(60)) - Received pipeline action CLOSE for Pipeline[ Id: da482478-a182-435e-9ec1-93be0a482166, Nodes: 4219e7de-d6f6-40f0-9e98-fa950fd200be{ip: 192.168.34.57, host: pr-hdds-2106-sk2jr-1188266228, networkLocation: /default-rack, certSerialId: null}4e1c38a0-fd03-44f2-a193-28de59e69b87{ip: 192.168.34.57, host: pr-hdds-2106-sk2jr-1188266228, networkLocation: /default-rack, certSerialId: null}901346ab-67df-4dd5-b7cf-edcbf56b35ff{ip: 192.168.34.57, host: pr-hdds-2106-sk2jr-1188266228, networkLocation: /default-rack, certSerialId: null}, Type:RATIS, Factor:THREE, State:CLOSED] from datanode 4219e7de-d6f6-40f0-9e98-fa950fd200be{ip: 192.168.34.57, host: pr-hdds-2106-sk2jr-1188266228, networkLocation: /default-rack, certSerialId: null}. Reason : 4219e7de-d6f6-40f0-9e98-fa950fd200be has not seen follower/s 4e1c38a0-fd03-44f2-a193-28de59e69b87 for 155511ms 901346ab-67df-4dd5-b7cf-edcbf56b35ff for 155511ms
2019-09-10 22:22:09,153 [EventQueue-PipelineActionsForPipelineActionHandler] INFO  pipeline.SCMPipelineManager (SCMPipelineManager.java:finalizeAndDestroyPipeline(311)) - destroying pipeline:Pipeline[ Id: da482478-a182-435e-9ec1-93be0a482166, Nodes: 4219e7de-d6f6-40f0-9e98-fa950fd200be{ip: 192.168.34.57, host: pr-hdds-2106-sk2jr-1188266228, networkLocation: /default-rack, certSerialId: null}4e1c38a0-fd03-44f2-a193-28de59e69b87{ip: 192.168.34.57, host: pr-hdds-2106-sk2jr-1188266228, networkLocation: /default-rack, certSerialId: null}901346ab-67df-4dd5-b7cf-edcbf56b35ff{ip: 192.168.34.57, host: pr-hdds-2106-sk2jr-1188266228, networkLocation: /default-rack, certSerialId: null}, Type:RATIS, Factor:THREE, State:CLOSED]
2019-09-10 22:22:09,274 [java.util.concurrent.ThreadPoolExecutor$Worker@445a274e[State = -1, empty queue]] WARN  server.GrpcLogAppender (GrpcLogAppender.java:timeoutAppendRequest(200)) - 4219e7de-d6f6-40f0-9e98-fa950fd200be@group-93BE0A482166->4e1c38a0-fd03-44f2-a193-28de59e69b87-GrpcLogAppender: appendEntries Timeout, request=4219e7de-d6f6-40f0-9e98-fa950fd200be->4e1c38a0-fd03-44f2-a193-28de59e69b87#71-t1, previous=(t:1, i:10), leaderCommit=6, initializing? false, entries: <empty>
2019-09-10 22:22:09,274 [java.util.concurrent.ThreadPoolExecutor$Worker@77b7950d[State = -1, empty queue]] WARN  server.GrpcLogAppender (GrpcLogAppender.java:timeoutAppendRequest(200)) - 4219e7de-d6f6-40f0-9e98-fa950fd200be@group-93BE0A482166->901346ab-67df-4dd5-b7cf-edcbf56b35ff-GrpcLogAppender: appendEntries Timeout, request=4219e7de-d6f6-40f0-9e98-fa950fd200be->901346ab-67df-4dd5-b7cf-edcbf56b35ff#71-t1, previous=(t:1, i:10), leaderCommit=6, initializing? false, entries: <empty>
2019-09-10 22:22:10,895 [grpc-default-executor-0] INFO  client.GrpcClientProtocolClient (GrpcClientProtocolClient.java:onNext(264)) - client-9E45C64B54AD->4e1c38a0-fd03-44f2-a193-28de59e69b87: receive RaftClientReply:client-9E45C64B54AD->4e1c38a0-fd03-44f2-a193-28de59e69b87@group-93BE0A482166, cid=21, FAILED org.apache.ratis.protocol.NotLeaderException: Server 4e1c38a0-fd03-44f2-a193-28de59e69b87@group-93BE0A482166 is not the leader 4219e7de-d6f6-40f0-9e98-fa950fd200be:192.168.34.57:37976, logIndex=0, commits[4e1c38a0-fd03-44f2-a193-28de59e69b87:c6, 4219e7de-d6f6-40f0-9e98-fa950fd200be:c6, 901346ab-67df-4dd5-b7cf-edcbf56b35ff:c4]
2019-09-10 22:22:11,275 [org.apache.ratis.server.impl.LogAppender$AppenderDaemon$$Lambda$507/1793419052@244f80aa] ERROR ratis.XceiverServerRatis (XceiverServerRatis.java:triggerPipelineClose(568)) - pipeline Action CLOSE  on pipeline PipelineID=da482478-a182-435e-9ec1-93be0a482166.Reason : 4219e7de-d6f6-40f0-9e98-fa950fd200be has not seen follower/s 4e1c38a0-fd03-44f2-a193-28de59e69b87 for 158012ms 901346ab-67df-4dd5-b7cf-edcbf56b35ff for 158012ms
2019-09-10 22:22:11,275 [org.apache.ratis.server.impl.LogAppender$AppenderDaemon$$Lambda$507/1793419052@4a570dd8] ERROR ratis.XceiverServerRatis (XceiverServerRatis.java:triggerPipelineClose(568)) - pipeline Action CLOSE  on pipeline PipelineID=da482478-a182-435e-9ec1-93be0a482166.Reason : 4219e7de-d6f6-40f0-9e98-fa950fd200be has not seen follower/s 4e1c38a0-fd03-44f2-a193-28de59e69b87 for 158012ms 901346ab-67df-4dd5-b7cf-edcbf56b35ff for 158012ms
2019-09-10 22:22:11,774 [java.util.concurrent.ThreadPoolExecutor$Worker@445a274e[State = -1, empty queue]] WARN  server.GrpcLogAppender (GrpcLogAppender.java:timeoutAppendRequest(200)) - 4219e7de-d6f6-40f0-9e98-fa950fd200be@group-93BE0A482166->4e1c38a0-fd03-44f2-a193-28de59e69b87-GrpcLogAppender: appendEntries Timeout, request=4219e7de-d6f6-40f0-9e98-fa950fd200be->4e1c38a0-fd03-44f2-a193-28de59e69b87#72-t1, previous=(t:1, i:10), leaderCommit=6, initializing? false, entries: <empty>
2019-09-10 22:22:11,774 [java.util.concurrent.ThreadPoolExecutor$Worker@77b7950d[State = -1, empty queue]] WARN  server.GrpcLogAppender (GrpcLogAppender.java:timeoutAppendRequest(200)) - 4219e7de-d6f6-40f0-9e98-fa950fd200be@group-93BE0A482166->901346ab-67df-4dd5-b7cf-edcbf56b35ff-GrpcLogAppender: appendEntries Timeout, request=4219e7de-d6f6-40f0-9e98-fa950fd200be->901346ab-67df-4dd5-b7cf-edcbf56b35ff#72-t1, previous=(t:1, i:10), leaderCommit=6, initializing? false, entries: <empty>
2019-09-10 22:22:12,153 [EventQueue-PipelineActionsForPipelineActionHandler] ERROR pipeline.PipelineActionHandler (PipelineActionHandler.java:onMessage(60)) - Received pipeline action CLOSE for Pipeline[ Id: da482478-a182-435e-9ec1-93be0a482166, Nodes: 4219e7de-d6f6-40f0-9e98-fa950fd200be{ip: 192.168.34.57, host: pr-hdds-2106-sk2jr-1188266228, networkLocation: /default-rack, certSerialId: null}4e1c38a0-fd03-44f2-a193-28de59e69b87{ip: 192.168.34.57, host: pr-hdds-2106-sk2jr-1188266228, networkLocation: /default-rack, certSerialId: null}901346ab-67df-4dd5-b7cf-edcbf56b35ff{ip: 192.168.34.57, host: pr-hdds-2106-sk2jr-1188266228, networkLocation: /default-rack, certSerialId: null}, Type:RATIS, Factor:THREE, State:CLOSED] from datanode 4219e7de-d6f6-40f0-9e98-fa950fd200be{ip: 192.168.34.57, host: pr-hdds-2106-sk2jr-1188266228, networkLocation: /default-rack, certSerialId: null}. Reason : 4219e7de-d6f6-40f0-9e98-fa950fd200be has not seen follower/s 4e1c38a0-fd03-44f2-a193-28de59e69b87 for 158012ms 901346ab-67df-4dd5-b7cf-edcbf56b35ff for 158012ms
2019-09-10 22:22:12,153 [EventQueue-PipelineActionsForPipelineActionHandler] INFO  pipeline.SCMPipelineManager (SCMPipelineManager.java:finalizeAndDestroyPipeline(311)) - destroying pipeline:Pipeline[ Id: da482478-a182-435e-9ec1-93be0a482166, Nodes: 4219e7de-d6f6-40f0-9e98-fa950fd200be{ip: 192.168.34.57, host: pr-hdds-2106-sk2jr-1188266228, networkLocation: /default-rack, certSerialId: null}4e1c38a0-fd03-44f2-a193-28de59e69b87{ip: 192.168.34.57, host: pr-hdds-2106-sk2jr-1188266228, networkLocation: /default-rack, certSerialId: null}901346ab-67df-4dd5-b7cf-edcbf56b35ff{ip: 192.168.34.57, host: pr-hdds-2106-sk2jr-1188266228, networkLocation: /default-rack, certSerialId: null}, Type:RATIS, Factor:THREE, State:CLOSED]
2019-09-10 22:22:13,776 [org.apache.ratis.server.impl.LogAppender$AppenderDaemon$$Lambda$507/1793419052@244f80aa] ERROR ratis.XceiverServerRatis (XceiverServerRatis.java:triggerPipelineClose(568)) - pipeline Action CLOSE  on pipeline PipelineID=da482478-a182-435e-9ec1-93be0a482166.Reason : 4219e7de-d6f6-40f0-9e98-fa950fd200be has not seen follower/s 4e1c38a0-fd03-44f2-a193-28de59e69b87 for 160512ms 901346ab-67df-4dd5-b7cf-edcbf56b35ff for 160512ms
2019-09-10 22:22:13,776 [org.apache.ratis.server.impl.LogAppender$AppenderDaemon$$Lambda$507/1793419052@4a570dd8] ERROR ratis.XceiverServerRatis (XceiverServerRatis.java:triggerPipelineClose(568)) - pipeline Action CLOSE  on pipeline PipelineID=da482478-a182-435e-9ec1-93be0a482166.Reason : 4219e7de-d6f6-40f0-9e98-fa950fd200be has not seen follower/s 4e1c38a0-fd03-44f2-a193-28de59e69b87 for 160513ms 901346ab-67df-4dd5-b7cf-edcbf56b35ff for 160513ms
2019-09-10 22:22:14,009 [4e1c38a0-fd03-44f2-a193-28de59e69b87@group-93BE0A482166-SegmentedRaftLogWorker] WARN  segmented.SegmentedRaftLogWorker (SegmentedRaftLogWorker.java:getFromFuture(90)) - Timeout 15/~
org.apache.ratis.protocol.TimeoutIOException: Timeout 10s: WriteLog:7: (t:1, i:7), STATEMACHINELOGENTRY, client-9E45C64B54AD, cid=21-writeStateMachineData
	at org.apache.ratis.util.IOUtils.getFromFuture(IOUtils.java:87)
	at org.apache.ratis.server.raftlog.segmented.SegmentedRaftLogWorker$StateMachineDataPolicy.getFromFuture(SegmentedRaftLogWorker.java:87)
	at org.apache.ratis.server.raftlog.segmented.SegmentedRaftLogWorker$WriteLog.execute(SegmentedRaftLogWorker.java:477)
	at org.apache.ratis.server.raftlog.segmented.SegmentedRaftLogWorker.run(SegmentedRaftLogWorker.java:289)
	at java.lang.Thread.run(Thread.java:748)
Caused by: java.util.concurrent.TimeoutException
	at java.util.concurrent.CompletableFuture.timedGet(CompletableFuture.java:1771)
	at java.util.concurrent.CompletableFuture.get(CompletableFuture.java:1915)
	at org.apache.ratis.util.IOUtils.getFromFuture(IOUtils.java:79)
	... 4 more
2019-09-10 22:22:14,026 [4219e7de-d6f6-40f0-9e98-fa950fd200be@group-93BE0A482166-SegmentedRaftLogWorker] WARN  segmented.SegmentedRaftLogWorker (SegmentedRaftLogWorker.java:getFromFuture(90)) - Timeout 15/~
org.apache.ratis.protocol.TimeoutIOException: Timeout 10s: WriteLog:7: (t:1, i:7), STATEMACHINELOGENTRY, client-9E45C64B54AD, cid=21-writeStateMachineData
	at org.apache.ratis.util.IOUtils.getFromFuture(IOUtils.java:87)
	at org.apache.ratis.server.raftlog.segmented.SegmentedRaftLogWorker$StateMachineDataPolicy.getFromFuture(SegmentedRaftLogWorker.java:87)
	at org.apache.ratis.server.raftlog.segmented.SegmentedRaftLogWorker$WriteLog.execute(SegmentedRaftLogWorker.java:477)
	at org.apache.ratis.server.raftlog.segmented.SegmentedRaftLogWorker.run(SegmentedRaftLogWorker.java:289)
	at java.lang.Thread.run(Thread.java:748)
Caused by: java.util.concurrent.TimeoutException
	at java.util.concurrent.CompletableFuture.timedGet(CompletableFuture.java:1771)
	at java.util.concurrent.CompletableFuture.get(CompletableFuture.java:1915)
	at org.apache.ratis.util.IOUtils.getFromFuture(IOUtils.java:79)
	... 4 more
2019-09-10 22:22:14,120 [901346ab-67df-4dd5-b7cf-edcbf56b35ff@group-93BE0A482166-SegmentedRaftLogWorker] WARN  segmented.SegmentedRaftLogWorker (SegmentedRaftLogWorker.java:getFromFuture(90)) - Timeout 15/~
org.apache.ratis.protocol.TimeoutIOException: Timeout 10s: WriteLog:8: (t:1, i:8), STATEMACHINELOGENTRY, client-9E45C64B54AD, cid=22-writeStateMachineData
	at org.apache.ratis.util.IOUtils.getFromFuture(IOUtils.java:87)
	at org.apache.ratis.server.raftlog.segmented.SegmentedRaftLogWorker$StateMachineDataPolicy.getFromFuture(SegmentedRaftLogWorker.java:87)
	at org.apache.ratis.server.raftlog.segmented.SegmentedRaftLogWorker$WriteLog.execute(SegmentedRaftLogWorker.java:477)
	at org.apache.ratis.server.raftlog.segmented.SegmentedRaftLogWorker.run(SegmentedRaftLogWorker.java:289)
	at java.lang.Thread.run(Thread.java:748)
Caused by: java.util.concurrent.TimeoutException
	at java.util.concurrent.CompletableFuture.timedGet(CompletableFuture.java:1771)
	at java.util.concurrent.CompletableFuture.get(CompletableFuture.java:1915)
	at org.apache.ratis.util.IOUtils.getFromFuture(IOUtils.java:79)
	... 4 more
2019-09-10 22:22:14,153 [EventQueue-PipelineActionsForPipelineActionHandler] ERROR pipeline.PipelineActionHandler (PipelineActionHandler.java:onMessage(60)) - Received pipeline action CLOSE for Pipeline[ Id: da482478-a182-435e-9ec1-93be0a482166, Nodes: 4219e7de-d6f6-40f0-9e98-fa950fd200be{ip: 192.168.34.57, host: pr-hdds-2106-sk2jr-1188266228, networkLocation: /default-rack, certSerialId: null}4e1c38a0-fd03-44f2-a193-28de59e69b87{ip: 192.168.34.57, host: pr-hdds-2106-sk2jr-1188266228, networkLocation: /default-rack, certSerialId: null}901346ab-67df-4dd5-b7cf-edcbf56b35ff{ip: 192.168.34.57, host: pr-hdds-2106-sk2jr-1188266228, networkLocation: /default-rack, certSerialId: null}, Type:RATIS, Factor:THREE, State:CLOSED] from datanode 4219e7de-d6f6-40f0-9e98-fa950fd200be{ip: 192.168.34.57, host: pr-hdds-2106-sk2jr-1188266228, networkLocation: /default-rack, certSerialId: null}. Reason : 4219e7de-d6f6-40f0-9e98-fa950fd200be has not seen follower/s 4e1c38a0-fd03-44f2-a193-28de59e69b87 for 160512ms 901346ab-67df-4dd5-b7cf-edcbf56b35ff for 160512ms
2019-09-10 22:22:14,154 [EventQueue-PipelineActionsForPipelineActionHandler] INFO  pipeline.SCMPipelineManager (SCMPipelineManager.java:finalizeAndDestroyPipeline(311)) - destroying pipeline:Pipeline[ Id: da482478-a182-435e-9ec1-93be0a482166, Nodes: 4219e7de-d6f6-40f0-9e98-fa950fd200be{ip: 192.168.34.57, host: pr-hdds-2106-sk2jr-1188266228, networkLocation: /default-rack, certSerialId: null}4e1c38a0-fd03-44f2-a193-28de59e69b87{ip: 192.168.34.57, host: pr-hdds-2106-sk2jr-1188266228, networkLocation: /default-rack, certSerialId: null}901346ab-67df-4dd5-b7cf-edcbf56b35ff{ip: 192.168.34.57, host: pr-hdds-2106-sk2jr-1188266228, networkLocation: /default-rack, certSerialId: null}, Type:RATIS, Factor:THREE, State:CLOSED]
2019-09-10 22:22:14,275 [java.util.concurrent.ThreadPoolExecutor$Worker@445a274e[State = -1, empty queue]] WARN  server.GrpcLogAppender (GrpcLogAppender.java:timeoutAppendRequest(200)) - 4219e7de-d6f6-40f0-9e98-fa950fd200be@group-93BE0A482166->4e1c38a0-fd03-44f2-a193-28de59e69b87-GrpcLogAppender: appendEntries Timeout, request=4219e7de-d6f6-40f0-9e98-fa950fd200be->4e1c38a0-fd03-44f2-a193-28de59e69b87#73-t1, previous=(t:1, i:10), leaderCommit=6, initializing? false, entries: <empty>
2019-09-10 22:22:14,275 [java.util.concurrent.ThreadPoolExecutor$Worker@77b7950d[State = -1, empty queue]] WARN  server.GrpcLogAppender (GrpcLogAppender.java:timeoutAppendRequest(200)) - 4219e7de-d6f6-40f0-9e98-fa950fd200be@group-93BE0A482166->901346ab-67df-4dd5-b7cf-edcbf56b35ff-GrpcLogAppender: appendEntries Timeout, request=4219e7de-d6f6-40f0-9e98-fa950fd200be->901346ab-67df-4dd5-b7cf-edcbf56b35ff#73-t1, previous=(t:1, i:10), leaderCommit=6, initializing? false, entries: <empty>
2019-09-10 22:22:15,933 [grpc-default-executor-0] INFO  client.GrpcClientProtocolClient (GrpcClientProtocolClient.java:onNext(264)) - client-9E45C64B54AD->901346ab-67df-4dd5-b7cf-edcbf56b35ff: receive RaftClientReply:client-9E45C64B54AD->901346ab-67df-4dd5-b7cf-edcbf56b35ff@group-93BE0A482166, cid=21, FAILED org.apache.ratis.protocol.NotLeaderException: Server 901346ab-67df-4dd5-b7cf-edcbf56b35ff@group-93BE0A482166 is not the leader 4219e7de-d6f6-40f0-9e98-fa950fd200be:192.168.34.57:37976, logIndex=0, commits[901346ab-67df-4dd5-b7cf-edcbf56b35ff:c6, 4e1c38a0-fd03-44f2-a193-28de59e69b87:c4, 4219e7de-d6f6-40f0-9e98-fa950fd200be:c6]
2019-09-10 22:22:16,278 [org.apache.ratis.server.impl.LogAppender$AppenderDaemon$$Lambda$507/1793419052@244f80aa] ERROR ratis.XceiverServerRatis (XceiverServerRatis.java:triggerPipelineClose(568)) - pipeline Action CLOSE  on pipeline PipelineID=da482478-a182-435e-9ec1-93be0a482166.Reason : 4219e7de-d6f6-40f0-9e98-fa950fd200be has not seen follower/s 4e1c38a0-fd03-44f2-a193-28de59e69b87 for 163014ms 901346ab-67df-4dd5-b7cf-edcbf56b35ff for 163014ms
2019-09-10 22:22:16,278 [org.apache.ratis.server.impl.LogAppender$AppenderDaemon$$Lambda$507/1793419052@4a570dd8] ERROR ratis.XceiverServerRatis (XceiverServerRatis.java:triggerPipelineClose(568)) - pipeline Action CLOSE  on pipeline PipelineID=da482478-a182-435e-9ec1-93be0a482166.Reason : 4219e7de-d6f6-40f0-9e98-fa950fd200be has not seen follower/s 4e1c38a0-fd03-44f2-a193-28de59e69b87 for 163014ms 901346ab-67df-4dd5-b7cf-edcbf56b35ff for 163014ms
2019-09-10 22:22:16,776 [java.util.concurrent.ThreadPoolExecutor$Worker@445a274e[State = -1, empty queue]] WARN  server.GrpcLogAppender (GrpcLogAppender.java:timeoutAppendRequest(200)) - 4219e7de-d6f6-40f0-9e98-fa950fd200be@group-93BE0A482166->4e1c38a0-fd03-44f2-a193-28de59e69b87-GrpcLogAppender: appendEntries Timeout, request=4219e7de-d6f6-40f0-9e98-fa950fd200be->4e1c38a0-fd03-44f2-a193-28de59e69b87#74-t1, previous=(t:1, i:10), leaderCommit=6, initializing? false, entries: <empty>
2019-09-10 22:22:16,776 [java.util.concurrent.ThreadPoolExecutor$Worker@77b7950d[State = -1, empty queue]] WARN  server.GrpcLogAppender (GrpcLogAppender.java:timeoutAppendRequest(200)) - 4219e7de-d6f6-40f0-9e98-fa950fd200be@group-93BE0A482166->901346ab-67df-4dd5-b7cf-edcbf56b35ff-GrpcLogAppender: appendEntries Timeout, request=4219e7de-d6f6-40f0-9e98-fa950fd200be->901346ab-67df-4dd5-b7cf-edcbf56b35ff#74-t1, previous=(t:1, i:10), leaderCommit=6, initializing? false, entries: <empty>
2019-09-10 22:22:17,154 [EventQueue-PipelineActionsForPipelineActionHandler] ERROR pipeline.PipelineActionHandler (PipelineActionHandler.java:onMessage(60)) - Received pipeline action CLOSE for Pipeline[ Id: da482478-a182-435e-9ec1-93be0a482166, Nodes: 4219e7de-d6f6-40f0-9e98-fa950fd200be{ip: 192.168.34.57, host: pr-hdds-2106-sk2jr-1188266228, networkLocation: /default-rack, certSerialId: null}4e1c38a0-fd03-44f2-a193-28de59e69b87{ip: 192.168.34.57, host: pr-hdds-2106-sk2jr-1188266228, networkLocation: /default-rack, certSerialId: null}901346ab-67df-4dd5-b7cf-edcbf56b35ff{ip: 192.168.34.57, host: pr-hdds-2106-sk2jr-1188266228, networkLocation: /default-rack, certSerialId: null}, Type:RATIS, Factor:THREE, State:CLOSED] from datanode 4219e7de-d6f6-40f0-9e98-fa950fd200be{ip: 192.168.34.57, host: pr-hdds-2106-sk2jr-1188266228, networkLocation: /default-rack, certSerialId: null}. Reason : 4219e7de-d6f6-40f0-9e98-fa950fd200be has not seen follower/s 4e1c38a0-fd03-44f2-a193-28de59e69b87 for 163014ms 901346ab-67df-4dd5-b7cf-edcbf56b35ff for 163014ms
2019-09-10 22:22:17,154 [EventQueue-PipelineActionsForPipelineActionHandler] INFO  pipeline.SCMPipelineManager (SCMPipelineManager.java:finalizeAndDestroyPipeline(311)) - destroying pipeline:Pipeline[ Id: da482478-a182-435e-9ec1-93be0a482166, Nodes: 4219e7de-d6f6-40f0-9e98-fa950fd200be{ip: 192.168.34.57, host: pr-hdds-2106-sk2jr-1188266228, networkLocation: /default-rack, certSerialId: null}4e1c38a0-fd03-44f2-a193-28de59e69b87{ip: 192.168.34.57, host: pr-hdds-2106-sk2jr-1188266228, networkLocation: /default-rack, certSerialId: null}901346ab-67df-4dd5-b7cf-edcbf56b35ff{ip: 192.168.34.57, host: pr-hdds-2106-sk2jr-1188266228, networkLocation: /default-rack, certSerialId: null}, Type:RATIS, Factor:THREE, State:CLOSED]
2019-09-10 22:22:18,780 [org.apache.ratis.server.impl.LogAppender$AppenderDaemon$$Lambda$507/1793419052@4a570dd8] ERROR ratis.XceiverServerRatis (XceiverServerRatis.java:triggerPipelineClose(568)) - pipeline Action CLOSE  on pipeline PipelineID=da482478-a182-435e-9ec1-93be0a482166.Reason : 4219e7de-d6f6-40f0-9e98-fa950fd200be has not seen follower/s 4e1c38a0-fd03-44f2-a193-28de59e69b87 for 165516ms 901346ab-67df-4dd5-b7cf-edcbf56b35ff for 165516ms
2019-09-10 22:22:18,780 [org.apache.ratis.server.impl.LogAppender$AppenderDaemon$$Lambda$507/1793419052@244f80aa] ERROR ratis.XceiverServerRatis (XceiverServerRatis.java:triggerPipelineClose(568)) - pipeline Action CLOSE  on pipeline PipelineID=da482478-a182-435e-9ec1-93be0a482166.Reason : 4219e7de-d6f6-40f0-9e98-fa950fd200be has not seen follower/s 4e1c38a0-fd03-44f2-a193-28de59e69b87 for 165516ms 901346ab-67df-4dd5-b7cf-edcbf56b35ff for 165516ms
2019-09-10 22:22:19,155 [EventQueue-PipelineActionsForPipelineActionHandler] ERROR pipeline.PipelineActionHandler (PipelineActionHandler.java:onMessage(60)) - Received pipeline action CLOSE for Pipeline[ Id: da482478-a182-435e-9ec1-93be0a482166, Nodes: 4219e7de-d6f6-40f0-9e98-fa950fd200be{ip: 192.168.34.57, host: pr-hdds-2106-sk2jr-1188266228, networkLocation: /default-rack, certSerialId: null}4e1c38a0-fd03-44f2-a193-28de59e69b87{ip: 192.168.34.57, host: pr-hdds-2106-sk2jr-1188266228, networkLocation: /default-rack, certSerialId: null}901346ab-67df-4dd5-b7cf-edcbf56b35ff{ip: 192.168.34.57, host: pr-hdds-2106-sk2jr-1188266228, networkLocation: /default-rack, certSerialId: null}, Type:RATIS, Factor:THREE, State:CLOSED] from datanode 4219e7de-d6f6-40f0-9e98-fa950fd200be{ip: 192.168.34.57, host: pr-hdds-2106-sk2jr-1188266228, networkLocation: /default-rack, certSerialId: null}. Reason : 4219e7de-d6f6-40f0-9e98-fa950fd200be has not seen follower/s 4e1c38a0-fd03-44f2-a193-28de59e69b87 for 165516ms 901346ab-67df-4dd5-b7cf-edcbf56b35ff for 165516ms
2019-09-10 22:22:19,155 [EventQueue-PipelineActionsForPipelineActionHandler] INFO  pipeline.SCMPipelineManager (SCMPipelineManager.java:finalizeAndDestroyPipeline(311)) - destroying pipeline:Pipeline[ Id: da482478-a182-435e-9ec1-93be0a482166, Nodes: 4219e7de-d6f6-40f0-9e98-fa950fd200be{ip: 192.168.34.57, host: pr-hdds-2106-sk2jr-1188266228, networkLocation: /default-rack, certSerialId: null}4e1c38a0-fd03-44f2-a193-28de59e69b87{ip: 192.168.34.57, host: pr-hdds-2106-sk2jr-1188266228, networkLocation: /default-rack, certSerialId: null}901346ab-67df-4dd5-b7cf-edcbf56b35ff{ip: 192.168.34.57, host: pr-hdds-2106-sk2jr-1188266228, networkLocation: /default-rack, certSerialId: null}, Type:RATIS, Factor:THREE, State:CLOSED]
2019-09-10 22:22:19,278 [java.util.concurrent.ThreadPoolExecutor$Worker@445a274e[State = -1, empty queue]] WARN  server.GrpcLogAppender (GrpcLogAppender.java:timeoutAppendRequest(200)) - 4219e7de-d6f6-40f0-9e98-fa950fd200be@group-93BE0A482166->4e1c38a0-fd03-44f2-a193-28de59e69b87-GrpcLogAppender: appendEntries Timeout, request=4219e7de-d6f6-40f0-9e98-fa950fd200be->4e1c38a0-fd03-44f2-a193-28de59e69b87#75-t1, previous=(t:1, i:10), leaderCommit=6, initializing? false, entries: <empty>
2019-09-10 22:22:19,278 [java.util.concurrent.ThreadPoolExecutor$Worker@77b7950d[State = -1, empty queue]] WARN  server.GrpcLogAppender (GrpcLogAppender.java:timeoutAppendRequest(200)) - 4219e7de-d6f6-40f0-9e98-fa950fd200be@group-93BE0A482166->901346ab-67df-4dd5-b7cf-edcbf56b35ff-GrpcLogAppender: appendEntries Timeout, request=4219e7de-d6f6-40f0-9e98-fa950fd200be->901346ab-67df-4dd5-b7cf-edcbf56b35ff#75-t1, previous=(t:1, i:10), leaderCommit=6, initializing? false, entries: <empty>
2019-09-10 22:22:20,983 [grpc-default-executor-1] INFO  client.GrpcClientProtocolClient (GrpcClientProtocolClient.java:onNext(264)) - client-9E45C64B54AD->4e1c38a0-fd03-44f2-a193-28de59e69b87: receive RaftClientReply:client-9E45C64B54AD->4e1c38a0-fd03-44f2-a193-28de59e69b87@group-93BE0A482166, cid=21, FAILED org.apache.ratis.protocol.NotLeaderException: Server 4e1c38a0-fd03-44f2-a193-28de59e69b87@group-93BE0A482166 is not the leader 4219e7de-d6f6-40f0-9e98-fa950fd200be:192.168.34.57:37976, logIndex=0, commits[4e1c38a0-fd03-44f2-a193-28de59e69b87:c6, 4219e7de-d6f6-40f0-9e98-fa950fd200be:c6, 901346ab-67df-4dd5-b7cf-edcbf56b35ff:c4]
2019-09-10 22:22:21,280 [org.apache.ratis.server.impl.LogAppender$AppenderDaemon$$Lambda$507/1793419052@4a570dd8] ERROR ratis.XceiverServerRatis (XceiverServerRatis.java:triggerPipelineClose(568)) - pipeline Action CLOSE  on pipeline PipelineID=da482478-a182-435e-9ec1-93be0a482166.Reason : 4219e7de-d6f6-40f0-9e98-fa950fd200be has not seen follower/s 4e1c38a0-fd03-44f2-a193-28de59e69b87 for 168016ms 901346ab-67df-4dd5-b7cf-edcbf56b35ff for 168016ms
2019-09-10 22:22:21,280 [org.apache.ratis.server.impl.LogAppender$AppenderDaemon$$Lambda$507/1793419052@244f80aa] ERROR ratis.XceiverServerRatis (XceiverServerRatis.java:triggerPipelineClose(568)) - pipeline Action CLOSE  on pipeline PipelineID=da482478-a182-435e-9ec1-93be0a482166.Reason : 4219e7de-d6f6-40f0-9e98-fa950fd200be has not seen follower/s 4e1c38a0-fd03-44f2-a193-28de59e69b87 for 168016ms 901346ab-67df-4dd5-b7cf-edcbf56b35ff for 168016ms
2019-09-10 22:22:21,779 [java.util.concurrent.ThreadPoolExecutor$Worker@445a274e[State = -1, empty queue]] WARN  server.GrpcLogAppender (GrpcLogAppender.java:timeoutAppendRequest(200)) - 4219e7de-d6f6-40f0-9e98-fa950fd200be@group-93BE0A482166->4e1c38a0-fd03-44f2-a193-28de59e69b87-GrpcLogAppender: appendEntries Timeout, request=4219e7de-d6f6-40f0-9e98-fa950fd200be->4e1c38a0-fd03-44f2-a193-28de59e69b87#76-t1, previous=(t:1, i:10), leaderCommit=6, initializing? false, entries: <empty>
2019-09-10 22:22:21,779 [java.util.concurrent.ThreadPoolExecutor$Worker@77b7950d[State = -1, empty queue]] WARN  server.GrpcLogAppender (GrpcLogAppender.java:timeoutAppendRequest(200)) - 4219e7de-d6f6-40f0-9e98-fa950fd200be@group-93BE0A482166->901346ab-67df-4dd5-b7cf-edcbf56b35ff-GrpcLogAppender: appendEntries Timeout, request=4219e7de-d6f6-40f0-9e98-fa950fd200be->901346ab-67df-4dd5-b7cf-edcbf56b35ff#76-t1, previous=(t:1, i:10), leaderCommit=6, initializing? false, entries: <empty>
2019-09-10 22:22:22,156 [EventQueue-PipelineActionsForPipelineActionHandler] ERROR pipeline.PipelineActionHandler (PipelineActionHandler.java:onMessage(60)) - Received pipeline action CLOSE for Pipeline[ Id: da482478-a182-435e-9ec1-93be0a482166, Nodes: 4219e7de-d6f6-40f0-9e98-fa950fd200be{ip: 192.168.34.57, host: pr-hdds-2106-sk2jr-1188266228, networkLocation: /default-rack, certSerialId: null}4e1c38a0-fd03-44f2-a193-28de59e69b87{ip: 192.168.34.57, host: pr-hdds-2106-sk2jr-1188266228, networkLocation: /default-rack, certSerialId: null}901346ab-67df-4dd5-b7cf-edcbf56b35ff{ip: 192.168.34.57, host: pr-hdds-2106-sk2jr-1188266228, networkLocation: /default-rack, certSerialId: null}, Type:RATIS, Factor:THREE, State:CLOSED] from datanode 4219e7de-d6f6-40f0-9e98-fa950fd200be{ip: 192.168.34.57, host: pr-hdds-2106-sk2jr-1188266228, networkLocation: /default-rack, certSerialId: null}. Reason : 4219e7de-d6f6-40f0-9e98-fa950fd200be has not seen follower/s 4e1c38a0-fd03-44f2-a193-28de59e69b87 for 168016ms 901346ab-67df-4dd5-b7cf-edcbf56b35ff for 168016ms
2019-09-10 22:22:22,157 [EventQueue-PipelineActionsForPipelineActionHandler] INFO  pipeline.SCMPipelineManager (SCMPipelineManager.java:finalizeAndDestroyPipeline(311)) - destroying pipeline:Pipeline[ Id: da482478-a182-435e-9ec1-93be0a482166, Nodes: 4219e7de-d6f6-40f0-9e98-fa950fd200be{ip: 192.168.34.57, host: pr-hdds-2106-sk2jr-1188266228, networkLocation: /default-rack, certSerialId: null}4e1c38a0-fd03-44f2-a193-28de59e69b87{ip: 192.168.34.57, host: pr-hdds-2106-sk2jr-1188266228, networkLocation: /default-rack, certSerialId: null}901346ab-67df-4dd5-b7cf-edcbf56b35ff{ip: 192.168.34.57, host: pr-hdds-2106-sk2jr-1188266228, networkLocation: /default-rack, certSerialId: null}, Type:RATIS, Factor:THREE, State:CLOSED]
2019-09-10 22:22:23,783 [org.apache.ratis.server.impl.LogAppender$AppenderDaemon$$Lambda$507/1793419052@244f80aa] ERROR ratis.XceiverServerRatis (XceiverServerRatis.java:triggerPipelineClose(568)) - pipeline Action CLOSE  on pipeline PipelineID=da482478-a182-435e-9ec1-93be0a482166.Reason : 4219e7de-d6f6-40f0-9e98-fa950fd200be has not seen follower/s 4e1c38a0-fd03-44f2-a193-28de59e69b87 for 170519ms 901346ab-67df-4dd5-b7cf-edcbf56b35ff for 170519ms
2019-09-10 22:22:23,783 [org.apache.ratis.server.impl.LogAppender$AppenderDaemon$$Lambda$507/1793419052@4a570dd8] ERROR ratis.XceiverServerRatis (XceiverServerRatis.java:triggerPipelineClose(568)) - pipeline Action CLOSE  on pipeline PipelineID=da482478-a182-435e-9ec1-93be0a482166.Reason : 4219e7de-d6f6-40f0-9e98-fa950fd200be has not seen follower/s 4e1c38a0-fd03-44f2-a193-28de59e69b87 for 170519ms 901346ab-67df-4dd5-b7cf-edcbf56b35ff for 170519ms
2019-09-10 22:22:24,011 [4e1c38a0-fd03-44f2-a193-28de59e69b87@group-93BE0A482166-SegmentedRaftLogWorker] WARN  segmented.SegmentedRaftLogWorker (SegmentedRaftLogWorker.java:getFromFuture(90)) - Timeout 16/~
org.apache.ratis.protocol.TimeoutIOException: Timeout 10s: WriteLog:7: (t:1, i:7), STATEMACHINELOGENTRY, client-9E45C64B54AD, cid=21-writeStateMachineData
	at org.apache.ratis.util.IOUtils.getFromFuture(IOUtils.java:87)
	at org.apache.ratis.server.raftlog.segmented.SegmentedRaftLogWorker$StateMachineDataPolicy.getFromFuture(SegmentedRaftLogWorker.java:87)
	at org.apache.ratis.server.raftlog.segmented.SegmentedRaftLogWorker$WriteLog.execute(SegmentedRaftLogWorker.java:477)
	at org.apache.ratis.server.raftlog.segmented.SegmentedRaftLogWorker.run(SegmentedRaftLogWorker.java:289)
	at java.lang.Thread.run(Thread.java:748)
Caused by: java.util.concurrent.TimeoutException
	at java.util.concurrent.CompletableFuture.timedGet(CompletableFuture.java:1771)
	at java.util.concurrent.CompletableFuture.get(CompletableFuture.java:1915)
	at org.apache.ratis.util.IOUtils.getFromFuture(IOUtils.java:79)
	... 4 more
2019-09-10 22:22:24,050 [4219e7de-d6f6-40f0-9e98-fa950fd200be@group-93BE0A482166-SegmentedRaftLogWorker] WARN  segmented.SegmentedRaftLogWorker (SegmentedRaftLogWorker.java:getFromFuture(90)) - Timeout 16/~
org.apache.ratis.protocol.TimeoutIOException: Timeout 10s: WriteLog:7: (t:1, i:7), STATEMACHINELOGENTRY, client-9E45C64B54AD, cid=21-writeStateMachineData
	at org.apache.ratis.util.IOUtils.getFromFuture(IOUtils.java:87)
	at org.apache.ratis.server.raftlog.segmented.SegmentedRaftLogWorker$StateMachineDataPolicy.getFromFuture(SegmentedRaftLogWorker.java:87)
	at org.apache.ratis.server.raftlog.segmented.SegmentedRaftLogWorker$WriteLog.execute(SegmentedRaftLogWorker.java:477)
	at org.apache.ratis.server.raftlog.segmented.SegmentedRaftLogWorker.run(SegmentedRaftLogWorker.java:289)
	at java.lang.Thread.run(Thread.java:748)
Caused by: java.util.concurrent.TimeoutException
	at java.util.concurrent.CompletableFuture.timedGet(CompletableFuture.java:1771)
	at java.util.concurrent.CompletableFuture.get(CompletableFuture.java:1915)
	at org.apache.ratis.util.IOUtils.getFromFuture(IOUtils.java:79)
	... 4 more
2019-09-10 22:22:24,121 [901346ab-67df-4dd5-b7cf-edcbf56b35ff@group-93BE0A482166-SegmentedRaftLogWorker] WARN  segmented.SegmentedRaftLogWorker (SegmentedRaftLogWorker.java:getFromFuture(90)) - Timeout 16/~
org.apache.ratis.protocol.TimeoutIOException: Timeout 10s: WriteLog:8: (t:1, i:8), STATEMACHINELOGENTRY, client-9E45C64B54AD, cid=22-writeStateMachineData
	at org.apache.ratis.util.IOUtils.getFromFuture(IOUtils.java:87)
	at org.apache.ratis.server.raftlog.segmented.SegmentedRaftLogWorker$StateMachineDataPolicy.getFromFuture(SegmentedRaftLogWorker.java:87)
	at org.apache.ratis.server.raftlog.segmented.SegmentedRaftLogWorker$WriteLog.execute(SegmentedRaftLogWorker.java:477)
	at org.apache.ratis.server.raftlog.segmented.SegmentedRaftLogWorker.run(SegmentedRaftLogWorker.java:289)
	at java.lang.Thread.run(Thread.java:748)
Caused by: java.util.concurrent.TimeoutException
	at java.util.concurrent.CompletableFuture.timedGet(CompletableFuture.java:1771)
	at java.util.concurrent.CompletableFuture.get(CompletableFuture.java:1915)
	at org.apache.ratis.util.IOUtils.getFromFuture(IOUtils.java:79)
	... 4 more
2019-09-10 22:22:24,157 [EventQueue-PipelineActionsForPipelineActionHandler] ERROR pipeline.PipelineActionHandler (PipelineActionHandler.java:onMessage(60)) - Received pipeline action CLOSE for Pipeline[ Id: da482478-a182-435e-9ec1-93be0a482166, Nodes: 4219e7de-d6f6-40f0-9e98-fa950fd200be{ip: 192.168.34.57, host: pr-hdds-2106-sk2jr-1188266228, networkLocation: /default-rack, certSerialId: null}4e1c38a0-fd03-44f2-a193-28de59e69b87{ip: 192.168.34.57, host: pr-hdds-2106-sk2jr-1188266228, networkLocation: /default-rack, certSerialId: null}901346ab-67df-4dd5-b7cf-edcbf56b35ff{ip: 192.168.34.57, host: pr-hdds-2106-sk2jr-1188266228, networkLocation: /default-rack, certSerialId: null}, Type:RATIS, Factor:THREE, State:CLOSED] from datanode 4219e7de-d6f6-40f0-9e98-fa950fd200be{ip: 192.168.34.57, host: pr-hdds-2106-sk2jr-1188266228, networkLocation: /default-rack, certSerialId: null}. Reason : 4219e7de-d6f6-40f0-9e98-fa950fd200be has not seen follower/s 4e1c38a0-fd03-44f2-a193-28de59e69b87 for 170519ms 901346ab-67df-4dd5-b7cf-edcbf56b35ff for 170519ms
2019-09-10 22:22:24,157 [EventQueue-PipelineActionsForPipelineActionHandler] INFO  pipeline.SCMPipelineManager (SCMPipelineManager.java:finalizeAndDestroyPipeline(311)) - destroying pipeline:Pipeline[ Id: da482478-a182-435e-9ec1-93be0a482166, Nodes: 4219e7de-d6f6-40f0-9e98-fa950fd200be{ip: 192.168.34.57, host: pr-hdds-2106-sk2jr-1188266228, networkLocation: /default-rack, certSerialId: null}4e1c38a0-fd03-44f2-a193-28de59e69b87{ip: 192.168.34.57, host: pr-hdds-2106-sk2jr-1188266228, networkLocation: /default-rack, certSerialId: null}901346ab-67df-4dd5-b7cf-edcbf56b35ff{ip: 192.168.34.57, host: pr-hdds-2106-sk2jr-1188266228, networkLocation: /default-rack, certSerialId: null}, Type:RATIS, Factor:THREE, State:CLOSED]
2019-09-10 22:22:24,280 [java.util.concurrent.ThreadPoolExecutor$Worker@445a274e[State = -1, empty queue]] WARN  server.GrpcLogAppender (GrpcLogAppender.java:timeoutAppendRequest(200)) - 4219e7de-d6f6-40f0-9e98-fa950fd200be@group-93BE0A482166->4e1c38a0-fd03-44f2-a193-28de59e69b87-GrpcLogAppender: appendEntries Timeout, request=4219e7de-d6f6-40f0-9e98-fa950fd200be->4e1c38a0-fd03-44f2-a193-28de59e69b87#77-t1, previous=(t:1, i:10), leaderCommit=6, initializing? false, entries: <empty>
2019-09-10 22:22:24,280 [java.util.concurrent.ThreadPoolExecutor$Worker@77b7950d[State = -1, empty queue]] WARN  server.GrpcLogAppender (GrpcLogAppender.java:timeoutAppendRequest(200)) - 4219e7de-d6f6-40f0-9e98-fa950fd200be@group-93BE0A482166->901346ab-67df-4dd5-b7cf-edcbf56b35ff-GrpcLogAppender: appendEntries Timeout, request=4219e7de-d6f6-40f0-9e98-fa950fd200be->901346ab-67df-4dd5-b7cf-edcbf56b35ff#77-t1, previous=(t:1, i:10), leaderCommit=6, initializing? false, entries: <empty>
2019-09-10 22:22:26,047 [grpc-default-executor-0] INFO  client.GrpcClientProtocolClient (GrpcClientProtocolClient.java:onNext(264)) - client-9E45C64B54AD->4e1c38a0-fd03-44f2-a193-28de59e69b87: receive RaftClientReply:client-9E45C64B54AD->4e1c38a0-fd03-44f2-a193-28de59e69b87@group-93BE0A482166, cid=21, FAILED org.apache.ratis.protocol.NotLeaderException: Server 4e1c38a0-fd03-44f2-a193-28de59e69b87@group-93BE0A482166 is not the leader 4219e7de-d6f6-40f0-9e98-fa950fd200be:192.168.34.57:37976, logIndex=0, commits[4e1c38a0-fd03-44f2-a193-28de59e69b87:c6, 4219e7de-d6f6-40f0-9e98-fa950fd200be:c6, 901346ab-67df-4dd5-b7cf-edcbf56b35ff:c4]
2019-09-10 22:22:26,283 [org.apache.ratis.server.impl.LogAppender$AppenderDaemon$$Lambda$507/1793419052@244f80aa] ERROR ratis.XceiverServerRatis (XceiverServerRatis.java:triggerPipelineClose(568)) - pipeline Action CLOSE  on pipeline PipelineID=da482478-a182-435e-9ec1-93be0a482166.Reason : 4219e7de-d6f6-40f0-9e98-fa950fd200be has not seen follower/s 4e1c38a0-fd03-44f2-a193-28de59e69b87 for 173019ms 901346ab-67df-4dd5-b7cf-edcbf56b35ff for 173019ms
2019-09-10 22:22:26,283 [org.apache.ratis.server.impl.LogAppender$AppenderDaemon$$Lambda$507/1793419052@4a570dd8] ERROR ratis.XceiverServerRatis (XceiverServerRatis.java:triggerPipelineClose(568)) - pipeline Action CLOSE  on pipeline PipelineID=da482478-a182-435e-9ec1-93be0a482166.Reason : 4219e7de-d6f6-40f0-9e98-fa950fd200be has not seen follower/s 4e1c38a0-fd03-44f2-a193-28de59e69b87 for 173019ms 901346ab-67df-4dd5-b7cf-edcbf56b35ff for 173019ms
2019-09-10 22:22:26,782 [java.util.concurrent.ThreadPoolExecutor$Worker@77b7950d[State = -1, empty queue]] WARN  server.GrpcLogAppender (GrpcLogAppender.java:timeoutAppendRequest(200)) - 4219e7de-d6f6-40f0-9e98-fa950fd200be@group-93BE0A482166->901346ab-67df-4dd5-b7cf-edcbf56b35ff-GrpcLogAppender: appendEntries Timeout, request=4219e7de-d6f6-40f0-9e98-fa950fd200be->901346ab-67df-4dd5-b7cf-edcbf56b35ff#78-t1, previous=(t:1, i:10), leaderCommit=6, initializing? false, entries: <empty>
2019-09-10 22:22:26,782 [java.util.concurrent.ThreadPoolExecutor$Worker@445a274e[State = -1, empty queue]] WARN  server.GrpcLogAppender (GrpcLogAppender.java:timeoutAppendRequest(200)) - 4219e7de-d6f6-40f0-9e98-fa950fd200be@group-93BE0A482166->4e1c38a0-fd03-44f2-a193-28de59e69b87-GrpcLogAppender: appendEntries Timeout, request=4219e7de-d6f6-40f0-9e98-fa950fd200be->4e1c38a0-fd03-44f2-a193-28de59e69b87#78-t1, previous=(t:1, i:10), leaderCommit=6, initializing? false, entries: <empty>
2019-09-10 22:22:27,157 [EventQueue-PipelineActionsForPipelineActionHandler] ERROR pipeline.PipelineActionHandler (PipelineActionHandler.java:onMessage(60)) - Received pipeline action CLOSE for Pipeline[ Id: da482478-a182-435e-9ec1-93be0a482166, Nodes: 4219e7de-d6f6-40f0-9e98-fa950fd200be{ip: 192.168.34.57, host: pr-hdds-2106-sk2jr-1188266228, networkLocation: /default-rack, certSerialId: null}4e1c38a0-fd03-44f2-a193-28de59e69b87{ip: 192.168.34.57, host: pr-hdds-2106-sk2jr-1188266228, networkLocation: /default-rack, certSerialId: null}901346ab-67df-4dd5-b7cf-edcbf56b35ff{ip: 192.168.34.57, host: pr-hdds-2106-sk2jr-1188266228, networkLocation: /default-rack, certSerialId: null}, Type:RATIS, Factor:THREE, State:CLOSED] from datanode 4219e7de-d6f6-40f0-9e98-fa950fd200be{ip: 192.168.34.57, host: pr-hdds-2106-sk2jr-1188266228, networkLocation: /default-rack, certSerialId: null}. Reason : 4219e7de-d6f6-40f0-9e98-fa950fd200be has not seen follower/s 4e1c38a0-fd03-44f2-a193-28de59e69b87 for 173019ms 901346ab-67df-4dd5-b7cf-edcbf56b35ff for 173019ms
2019-09-10 22:22:27,158 [EventQueue-PipelineActionsForPipelineActionHandler] INFO  pipeline.SCMPipelineManager (SCMPipelineManager.java:finalizeAndDestroyPipeline(311)) - destroying pipeline:Pipeline[ Id: da482478-a182-435e-9ec1-93be0a482166, Nodes: 4219e7de-d6f6-40f0-9e98-fa950fd200be{ip: 192.168.34.57, host: pr-hdds-2106-sk2jr-1188266228, networkLocation: /default-rack, certSerialId: null}4e1c38a0-fd03-44f2-a193-28de59e69b87{ip: 192.168.34.57, host: pr-hdds-2106-sk2jr-1188266228, networkLocation: /default-rack, certSerialId: null}901346ab-67df-4dd5-b7cf-edcbf56b35ff{ip: 192.168.34.57, host: pr-hdds-2106-sk2jr-1188266228, networkLocation: /default-rack, certSerialId: null}, Type:RATIS, Factor:THREE, State:CLOSED]
2019-09-10 22:22:28,786 [org.apache.ratis.server.impl.LogAppender$AppenderDaemon$$Lambda$507/1793419052@4a570dd8] ERROR ratis.XceiverServerRatis (XceiverServerRatis.java:triggerPipelineClose(568)) - pipeline Action CLOSE  on pipeline PipelineID=da482478-a182-435e-9ec1-93be0a482166.Reason : 4219e7de-d6f6-40f0-9e98-fa950fd200be has not seen follower/s 4e1c38a0-fd03-44f2-a193-28de59e69b87 for 175522ms 901346ab-67df-4dd5-b7cf-edcbf56b35ff for 175522ms
2019-09-10 22:22:28,786 [org.apache.ratis.server.impl.LogAppender$AppenderDaemon$$Lambda$507/1793419052@244f80aa] ERROR ratis.XceiverServerRatis (XceiverServerRatis.java:triggerPipelineClose(568)) - pipeline Action CLOSE  on pipeline PipelineID=da482478-a182-435e-9ec1-93be0a482166.Reason : 4219e7de-d6f6-40f0-9e98-fa950fd200be has not seen follower/s 4e1c38a0-fd03-44f2-a193-28de59e69b87 for 175522ms 901346ab-67df-4dd5-b7cf-edcbf56b35ff for 175522ms
2019-09-10 22:22:29,157 [EventQueue-PipelineActionsForPipelineActionHandler] ERROR pipeline.PipelineActionHandler (PipelineActionHandler.java:onMessage(60)) - Received pipeline action CLOSE for Pipeline[ Id: da482478-a182-435e-9ec1-93be0a482166, Nodes: 4219e7de-d6f6-40f0-9e98-fa950fd200be{ip: 192.168.34.57, host: pr-hdds-2106-sk2jr-1188266228, networkLocation: /default-rack, certSerialId: null}4e1c38a0-fd03-44f2-a193-28de59e69b87{ip: 192.168.34.57, host: pr-hdds-2106-sk2jr-1188266228, networkLocation: /default-rack, certSerialId: null}901346ab-67df-4dd5-b7cf-edcbf56b35ff{ip: 192.168.34.57, host: pr-hdds-2106-sk2jr-1188266228, networkLocation: /default-rack, certSerialId: null}, Type:RATIS, Factor:THREE, State:CLOSED] from datanode 4219e7de-d6f6-40f0-9e98-fa950fd200be{ip: 192.168.34.57, host: pr-hdds-2106-sk2jr-1188266228, networkLocation: /default-rack, certSerialId: null}. Reason : 4219e7de-d6f6-40f0-9e98-fa950fd200be has not seen follower/s 4e1c38a0-fd03-44f2-a193-28de59e69b87 for 175522ms 901346ab-67df-4dd5-b7cf-edcbf56b35ff for 175522ms
2019-09-10 22:22:29,158 [EventQueue-PipelineActionsForPipelineActionHandler] INFO  pipeline.SCMPipelineManager (SCMPipelineManager.java:finalizeAndDestroyPipeline(311)) - destroying pipeline:Pipeline[ Id: da482478-a182-435e-9ec1-93be0a482166, Nodes: 4219e7de-d6f6-40f0-9e98-fa950fd200be{ip: 192.168.34.57, host: pr-hdds-2106-sk2jr-1188266228, networkLocation: /default-rack, certSerialId: null}4e1c38a0-fd03-44f2-a193-28de59e69b87{ip: 192.168.34.57, host: pr-hdds-2106-sk2jr-1188266228, networkLocation: /default-rack, certSerialId: null}901346ab-67df-4dd5-b7cf-edcbf56b35ff{ip: 192.168.34.57, host: pr-hdds-2106-sk2jr-1188266228, networkLocation: /default-rack, certSerialId: null}, Type:RATIS, Factor:THREE, State:CLOSED]
2019-09-10 22:22:29,283 [java.util.concurrent.ThreadPoolExecutor$Worker@445a274e[State = -1, empty queue]] WARN  server.GrpcLogAppender (GrpcLogAppender.java:timeoutAppendRequest(200)) - 4219e7de-d6f6-40f0-9e98-fa950fd200be@group-93BE0A482166->4e1c38a0-fd03-44f2-a193-28de59e69b87-GrpcLogAppender: appendEntries Timeout, request=4219e7de-d6f6-40f0-9e98-fa950fd200be->4e1c38a0-fd03-44f2-a193-28de59e69b87#79-t1, previous=(t:1, i:10), leaderCommit=6, initializing? false, entries: <empty>
2019-09-10 22:22:29,283 [java.util.concurrent.ThreadPoolExecutor$Worker@77b7950d[State = -1, empty queue]] WARN  server.GrpcLogAppender (GrpcLogAppender.java:timeoutAppendRequest(200)) - 4219e7de-d6f6-40f0-9e98-fa950fd200be@group-93BE0A482166->901346ab-67df-4dd5-b7cf-edcbf56b35ff-GrpcLogAppender: appendEntries Timeout, request=4219e7de-d6f6-40f0-9e98-fa950fd200be->901346ab-67df-4dd5-b7cf-edcbf56b35ff#79-t1, previous=(t:1, i:10), leaderCommit=6, initializing? false, entries: <empty>
2019-09-10 22:22:31,104 [grpc-default-executor-1] INFO  client.GrpcClientProtocolClient (GrpcClientProtocolClient.java:onNext(264)) - client-9E45C64B54AD->901346ab-67df-4dd5-b7cf-edcbf56b35ff: receive RaftClientReply:client-9E45C64B54AD->901346ab-67df-4dd5-b7cf-edcbf56b35ff@group-93BE0A482166, cid=21, FAILED org.apache.ratis.protocol.NotLeaderException: Server 901346ab-67df-4dd5-b7cf-edcbf56b35ff@group-93BE0A482166 is not the leader 4219e7de-d6f6-40f0-9e98-fa950fd200be:192.168.34.57:37976, logIndex=0, commits[901346ab-67df-4dd5-b7cf-edcbf56b35ff:c6, 4e1c38a0-fd03-44f2-a193-28de59e69b87:c4, 4219e7de-d6f6-40f0-9e98-fa950fd200be:c6]
2019-09-10 22:22:31,286 [org.apache.ratis.server.impl.LogAppender$AppenderDaemon$$Lambda$507/1793419052@4a570dd8] ERROR ratis.XceiverServerRatis (XceiverServerRatis.java:triggerPipelineClose(568)) - pipeline Action CLOSE  on pipeline PipelineID=da482478-a182-435e-9ec1-93be0a482166.Reason : 4219e7de-d6f6-40f0-9e98-fa950fd200be has not seen follower/s 4e1c38a0-fd03-44f2-a193-28de59e69b87 for 178022ms 901346ab-67df-4dd5-b7cf-edcbf56b35ff for 178022ms
2019-09-10 22:22:31,286 [org.apache.ratis.server.impl.LogAppender$AppenderDaemon$$Lambda$507/1793419052@244f80aa] ERROR ratis.XceiverServerRatis (XceiverServerRatis.java:triggerPipelineClose(568)) - pipeline Action CLOSE  on pipeline PipelineID=da482478-a182-435e-9ec1-93be0a482166.Reason : 4219e7de-d6f6-40f0-9e98-fa950fd200be has not seen follower/s 4e1c38a0-fd03-44f2-a193-28de59e69b87 for 178023ms 901346ab-67df-4dd5-b7cf-edcbf56b35ff for 178022ms
2019-09-10 22:22:31,785 [java.util.concurrent.ThreadPoolExecutor$Worker@445a274e[State = -1, empty queue]] WARN  server.GrpcLogAppender (GrpcLogAppender.java:timeoutAppendRequest(200)) - 4219e7de-d6f6-40f0-9e98-fa950fd200be@group-93BE0A482166->4e1c38a0-fd03-44f2-a193-28de59e69b87-GrpcLogAppender: appendEntries Timeout, request=4219e7de-d6f6-40f0-9e98-fa950fd200be->4e1c38a0-fd03-44f2-a193-28de59e69b87#80-t1, previous=(t:1, i:10), leaderCommit=6, initializing? false, entries: <empty>
2019-09-10 22:22:31,785 [java.util.concurrent.ThreadPoolExecutor$Worker@77b7950d[State = -1, empty queue]] WARN  server.GrpcLogAppender (GrpcLogAppender.java:timeoutAppendRequest(200)) - 4219e7de-d6f6-40f0-9e98-fa950fd200be@group-93BE0A482166->901346ab-67df-4dd5-b7cf-edcbf56b35ff-GrpcLogAppender: appendEntries Timeout, request=4219e7de-d6f6-40f0-9e98-fa950fd200be->901346ab-67df-4dd5-b7cf-edcbf56b35ff#80-t1, previous=(t:1, i:10), leaderCommit=6, initializing? false, entries: <empty>
2019-09-10 22:22:32,157 [EventQueue-PipelineActionsForPipelineActionHandler] ERROR pipeline.PipelineActionHandler (PipelineActionHandler.java:onMessage(60)) - Received pipeline action CLOSE for Pipeline[ Id: da482478-a182-435e-9ec1-93be0a482166, Nodes: 4219e7de-d6f6-40f0-9e98-fa950fd200be{ip: 192.168.34.57, host: pr-hdds-2106-sk2jr-1188266228, networkLocation: /default-rack, certSerialId: null}4e1c38a0-fd03-44f2-a193-28de59e69b87{ip: 192.168.34.57, host: pr-hdds-2106-sk2jr-1188266228, networkLocation: /default-rack, certSerialId: null}901346ab-67df-4dd5-b7cf-edcbf56b35ff{ip: 192.168.34.57, host: pr-hdds-2106-sk2jr-1188266228, networkLocation: /default-rack, certSerialId: null}, Type:RATIS, Factor:THREE, State:CLOSED] from datanode 4219e7de-d6f6-40f0-9e98-fa950fd200be{ip: 192.168.34.57, host: pr-hdds-2106-sk2jr-1188266228, networkLocation: /default-rack, certSerialId: null}. Reason : 4219e7de-d6f6-40f0-9e98-fa950fd200be has not seen follower/s 4e1c38a0-fd03-44f2-a193-28de59e69b87 for 178022ms 901346ab-67df-4dd5-b7cf-edcbf56b35ff for 178022ms
2019-09-10 22:22:32,157 [EventQueue-PipelineActionsForPipelineActionHandler] INFO  pipeline.SCMPipelineManager (SCMPipelineManager.java:finalizeAndDestroyPipeline(311)) - destroying pipeline:Pipeline[ Id: da482478-a182-435e-9ec1-93be0a482166, Nodes: 4219e7de-d6f6-40f0-9e98-fa950fd200be{ip: 192.168.34.57, host: pr-hdds-2106-sk2jr-1188266228, networkLocation: /default-rack, certSerialId: null}4e1c38a0-fd03-44f2-a193-28de59e69b87{ip: 192.168.34.57, host: pr-hdds-2106-sk2jr-1188266228, networkLocation: /default-rack, certSerialId: null}901346ab-67df-4dd5-b7cf-edcbf56b35ff{ip: 192.168.34.57, host: pr-hdds-2106-sk2jr-1188266228, networkLocation: /default-rack, certSerialId: null}, Type:RATIS, Factor:THREE, State:CLOSED]
2019-09-10 22:22:33,787 [org.apache.ratis.server.impl.LogAppender$AppenderDaemon$$Lambda$507/1793419052@4a570dd8] ERROR ratis.XceiverServerRatis (XceiverServerRatis.java:triggerPipelineClose(568)) - pipeline Action CLOSE  on pipeline PipelineID=da482478-a182-435e-9ec1-93be0a482166.Reason : 4219e7de-d6f6-40f0-9e98-fa950fd200be has not seen follower/s 4e1c38a0-fd03-44f2-a193-28de59e69b87 for 180523ms 901346ab-67df-4dd5-b7cf-edcbf56b35ff for 180523ms
2019-09-10 22:22:33,788 [org.apache.ratis.server.impl.LogAppender$AppenderDaemon$$Lambda$507/1793419052@244f80aa] ERROR ratis.XceiverServerRatis (XceiverServerRatis.java:triggerPipelineClose(568)) - pipeline Action CLOSE  on pipeline PipelineID=da482478-a182-435e-9ec1-93be0a482166.Reason : 4219e7de-d6f6-40f0-9e98-fa950fd200be has not seen follower/s 4e1c38a0-fd03-44f2-a193-28de59e69b87 for 180524ms 901346ab-67df-4dd5-b7cf-edcbf56b35ff for 180524ms
2019-09-10 22:22:34,012 [4e1c38a0-fd03-44f2-a193-28de59e69b87@group-93BE0A482166-SegmentedRaftLogWorker] WARN  segmented.SegmentedRaftLogWorker (SegmentedRaftLogWorker.java:getFromFuture(90)) - Timeout 17/~
org.apache.ratis.protocol.TimeoutIOException: Timeout 10s: WriteLog:7: (t:1, i:7), STATEMACHINELOGENTRY, client-9E45C64B54AD, cid=21-writeStateMachineData
	at org.apache.ratis.util.IOUtils.getFromFuture(IOUtils.java:87)
	at org.apache.ratis.server.raftlog.segmented.SegmentedRaftLogWorker$StateMachineDataPolicy.getFromFuture(SegmentedRaftLogWorker.java:87)
	at org.apache.ratis.server.raftlog.segmented.SegmentedRaftLogWorker$WriteLog.execute(SegmentedRaftLogWorker.java:477)
	at org.apache.ratis.server.raftlog.segmented.SegmentedRaftLogWorker.run(SegmentedRaftLogWorker.java:289)
	at java.lang.Thread.run(Thread.java:748)
Caused by: java.util.concurrent.TimeoutException
	at java.util.concurrent.CompletableFuture.timedGet(CompletableFuture.java:1771)
	at java.util.concurrent.CompletableFuture.get(CompletableFuture.java:1915)
	at org.apache.ratis.util.IOUtils.getFromFuture(IOUtils.java:79)
	... 4 more
2019-09-10 22:22:34,051 [4219e7de-d6f6-40f0-9e98-fa950fd200be@group-93BE0A482166-SegmentedRaftLogWorker] WARN  segmented.SegmentedRaftLogWorker (SegmentedRaftLogWorker.java:getFromFuture(90)) - Timeout 17/~
org.apache.ratis.protocol.TimeoutIOException: Timeout 10s: WriteLog:7: (t:1, i:7), STATEMACHINELOGENTRY, client-9E45C64B54AD, cid=21-writeStateMachineData
	at org.apache.ratis.util.IOUtils.getFromFuture(IOUtils.java:87)
	at org.apache.ratis.server.raftlog.segmented.SegmentedRaftLogWorker$StateMachineDataPolicy.getFromFuture(SegmentedRaftLogWorker.java:87)
	at org.apache.ratis.server.raftlog.segmented.SegmentedRaftLogWorker$WriteLog.execute(SegmentedRaftLogWorker.java:477)
	at org.apache.ratis.server.raftlog.segmented.SegmentedRaftLogWorker.run(SegmentedRaftLogWorker.java:289)
	at java.lang.Thread.run(Thread.java:748)
Caused by: java.util.concurrent.TimeoutException
	at java.util.concurrent.CompletableFuture.timedGet(CompletableFuture.java:1771)
	at java.util.concurrent.CompletableFuture.get(CompletableFuture.java:1915)
	at org.apache.ratis.util.IOUtils.getFromFuture(IOUtils.java:79)
	... 4 more
2019-09-10 22:22:34,124 [901346ab-67df-4dd5-b7cf-edcbf56b35ff@group-93BE0A482166-SegmentedRaftLogWorker] WARN  segmented.SegmentedRaftLogWorker (SegmentedRaftLogWorker.java:getFromFuture(90)) - Timeout 17/~
org.apache.ratis.protocol.TimeoutIOException: Timeout 10s: WriteLog:8: (t:1, i:8), STATEMACHINELOGENTRY, client-9E45C64B54AD, cid=22-writeStateMachineData
	at org.apache.ratis.util.IOUtils.getFromFuture(IOUtils.java:87)
	at org.apache.ratis.server.raftlog.segmented.SegmentedRaftLogWorker$StateMachineDataPolicy.getFromFuture(SegmentedRaftLogWorker.java:87)
	at org.apache.ratis.server.raftlog.segmented.SegmentedRaftLogWorker$WriteLog.execute(SegmentedRaftLogWorker.java:477)
	at org.apache.ratis.server.raftlog.segmented.SegmentedRaftLogWorker.run(SegmentedRaftLogWorker.java:289)
	at java.lang.Thread.run(Thread.java:748)
Caused by: java.util.concurrent.TimeoutException
	at java.util.concurrent.CompletableFuture.timedGet(CompletableFuture.java:1771)
	at java.util.concurrent.CompletableFuture.get(CompletableFuture.java:1915)
	at org.apache.ratis.util.IOUtils.getFromFuture(IOUtils.java:79)
	... 4 more
2019-09-10 22:22:34,157 [EventQueue-PipelineActionsForPipelineActionHandler] ERROR pipeline.PipelineActionHandler (PipelineActionHandler.java:onMessage(60)) - Received pipeline action CLOSE for Pipeline[ Id: da482478-a182-435e-9ec1-93be0a482166, Nodes: 4219e7de-d6f6-40f0-9e98-fa950fd200be{ip: 192.168.34.57, host: pr-hdds-2106-sk2jr-1188266228, networkLocation: /default-rack, certSerialId: null}4e1c38a0-fd03-44f2-a193-28de59e69b87{ip: 192.168.34.57, host: pr-hdds-2106-sk2jr-1188266228, networkLocation: /default-rack, certSerialId: null}901346ab-67df-4dd5-b7cf-edcbf56b35ff{ip: 192.168.34.57, host: pr-hdds-2106-sk2jr-1188266228, networkLocation: /default-rack, certSerialId: null}, Type:RATIS, Factor:THREE, State:CLOSED] from datanode 4219e7de-d6f6-40f0-9e98-fa950fd200be{ip: 192.168.34.57, host: pr-hdds-2106-sk2jr-1188266228, networkLocation: /default-rack, certSerialId: null}. Reason : 4219e7de-d6f6-40f0-9e98-fa950fd200be has not seen follower/s 4e1c38a0-fd03-44f2-a193-28de59e69b87 for 180523ms 901346ab-67df-4dd5-b7cf-edcbf56b35ff for 180523ms
2019-09-10 22:22:34,157 [EventQueue-PipelineActionsForPipelineActionHandler] INFO  pipeline.SCMPipelineManager (SCMPipelineManager.java:finalizeAndDestroyPipeline(311)) - destroying pipeline:Pipeline[ Id: da482478-a182-435e-9ec1-93be0a482166, Nodes: 4219e7de-d6f6-40f0-9e98-fa950fd200be{ip: 192.168.34.57, host: pr-hdds-2106-sk2jr-1188266228, networkLocation: /default-rack, certSerialId: null}4e1c38a0-fd03-44f2-a193-28de59e69b87{ip: 192.168.34.57, host: pr-hdds-2106-sk2jr-1188266228, networkLocation: /default-rack, certSerialId: null}901346ab-67df-4dd5-b7cf-edcbf56b35ff{ip: 192.168.34.57, host: pr-hdds-2106-sk2jr-1188266228, networkLocation: /default-rack, certSerialId: null}, Type:RATIS, Factor:THREE, State:CLOSED]
2019-09-10 22:22:34,286 [java.util.concurrent.ThreadPoolExecutor$Worker@77b7950d[State = -1, empty queue]] WARN  server.GrpcLogAppender (GrpcLogAppender.java:timeoutAppendRequest(200)) - 4219e7de-d6f6-40f0-9e98-fa950fd200be@group-93BE0A482166->901346ab-67df-4dd5-b7cf-edcbf56b35ff-GrpcLogAppender: appendEntries Timeout, request=4219e7de-d6f6-40f0-9e98-fa950fd200be->901346ab-67df-4dd5-b7cf-edcbf56b35ff#81-t1, previous=(t:1, i:10), leaderCommit=6, initializing? false, entries: <empty>
2019-09-10 22:22:34,286 [java.util.concurrent.ThreadPoolExecutor$Worker@445a274e[State = -1, empty queue]] WARN  server.GrpcLogAppender (GrpcLogAppender.java:timeoutAppendRequest(200)) - 4219e7de-d6f6-40f0-9e98-fa950fd200be@group-93BE0A482166->4e1c38a0-fd03-44f2-a193-28de59e69b87-GrpcLogAppender: appendEntries Timeout, request=4219e7de-d6f6-40f0-9e98-fa950fd200be->4e1c38a0-fd03-44f2-a193-28de59e69b87#81-t1, previous=(t:1, i:10), leaderCommit=6, initializing? false, entries: <empty>
2019-09-10 22:22:36,151 [grpc-default-executor-1] INFO  client.GrpcClientProtocolClient (GrpcClientProtocolClient.java:onNext(264)) - client-9E45C64B54AD->4e1c38a0-fd03-44f2-a193-28de59e69b87: receive RaftClientReply:client-9E45C64B54AD->4e1c38a0-fd03-44f2-a193-28de59e69b87@group-93BE0A482166, cid=21, FAILED org.apache.ratis.protocol.NotLeaderException: Server 4e1c38a0-fd03-44f2-a193-28de59e69b87@group-93BE0A482166 is not the leader 4219e7de-d6f6-40f0-9e98-fa950fd200be:192.168.34.57:37976, logIndex=0, commits[4e1c38a0-fd03-44f2-a193-28de59e69b87:c6, 4219e7de-d6f6-40f0-9e98-fa950fd200be:c6, 901346ab-67df-4dd5-b7cf-edcbf56b35ff:c4]
2019-09-10 22:22:36,288 [org.apache.ratis.server.impl.LogAppender$AppenderDaemon$$Lambda$507/1793419052@4a570dd8] ERROR ratis.XceiverServerRatis (XceiverServerRatis.java:triggerPipelineClose(568)) - pipeline Action CLOSE  on pipeline PipelineID=da482478-a182-435e-9ec1-93be0a482166.Reason : 4219e7de-d6f6-40f0-9e98-fa950fd200be has not seen follower/s 4e1c38a0-fd03-44f2-a193-28de59e69b87 for 183025ms 901346ab-67df-4dd5-b7cf-edcbf56b35ff for 183025ms
2019-09-10 22:22:36,288 [org.apache.ratis.server.impl.LogAppender$AppenderDaemon$$Lambda$507/1793419052@244f80aa] ERROR ratis.XceiverServerRatis (XceiverServerRatis.java:triggerPipelineClose(568)) - pipeline Action CLOSE  on pipeline PipelineID=da482478-a182-435e-9ec1-93be0a482166.Reason : 4219e7de-d6f6-40f0-9e98-fa950fd200be has not seen follower/s 4e1c38a0-fd03-44f2-a193-28de59e69b87 for 183025ms 901346ab-67df-4dd5-b7cf-edcbf56b35ff for 183025ms
2019-09-10 22:22:36,787 [java.util.concurrent.ThreadPoolExecutor$Worker@77b7950d[State = -1, empty queue]] WARN  server.GrpcLogAppender (GrpcLogAppender.java:timeoutAppendRequest(200)) - 4219e7de-d6f6-40f0-9e98-fa950fd200be@group-93BE0A482166->901346ab-67df-4dd5-b7cf-edcbf56b35ff-GrpcLogAppender: appendEntries Timeout, request=4219e7de-d6f6-40f0-9e98-fa950fd200be->901346ab-67df-4dd5-b7cf-edcbf56b35ff#82-t1, previous=(t:1, i:10), leaderCommit=6, initializing? false, entries: <empty>
2019-09-10 22:22:36,788 [java.util.concurrent.ThreadPoolExecutor$Worker@445a274e[State = -1, empty queue]] WARN  server.GrpcLogAppender (GrpcLogAppender.java:timeoutAppendRequest(200)) - 4219e7de-d6f6-40f0-9e98-fa950fd200be@group-93BE0A482166->4e1c38a0-fd03-44f2-a193-28de59e69b87-GrpcLogAppender: appendEntries Timeout, request=4219e7de-d6f6-40f0-9e98-fa950fd200be->4e1c38a0-fd03-44f2-a193-28de59e69b87#82-t1, previous=(t:1, i:10), leaderCommit=6, initializing? false, entries: <empty>
2019-09-10 22:22:37,173 [EventQueue-PipelineActionsForPipelineActionHandler] ERROR pipeline.PipelineActionHandler (PipelineActionHandler.java:onMessage(60)) - Received pipeline action CLOSE for Pipeline[ Id: da482478-a182-435e-9ec1-93be0a482166, Nodes: 4219e7de-d6f6-40f0-9e98-fa950fd200be{ip: 192.168.34.57, host: pr-hdds-2106-sk2jr-1188266228, networkLocation: /default-rack, certSerialId: null}4e1c38a0-fd03-44f2-a193-28de59e69b87{ip: 192.168.34.57, host: pr-hdds-2106-sk2jr-1188266228, networkLocation: /default-rack, certSerialId: null}901346ab-67df-4dd5-b7cf-edcbf56b35ff{ip: 192.168.34.57, host: pr-hdds-2106-sk2jr-1188266228, networkLocation: /default-rack, certSerialId: null}, Type:RATIS, Factor:THREE, State:CLOSED] from datanode 4219e7de-d6f6-40f0-9e98-fa950fd200be{ip: 192.168.34.57, host: pr-hdds-2106-sk2jr-1188266228, networkLocation: /default-rack, certSerialId: null}. Reason : 4219e7de-d6f6-40f0-9e98-fa950fd200be has not seen follower/s 4e1c38a0-fd03-44f2-a193-28de59e69b87 for 183025ms 901346ab-67df-4dd5-b7cf-edcbf56b35ff for 183025ms
2019-09-10 22:22:37,173 [EventQueue-PipelineActionsForPipelineActionHandler] INFO  pipeline.SCMPipelineManager (SCMPipelineManager.java:finalizeAndDestroyPipeline(311)) - destroying pipeline:Pipeline[ Id: da482478-a182-435e-9ec1-93be0a482166, Nodes: 4219e7de-d6f6-40f0-9e98-fa950fd200be{ip: 192.168.34.57, host: pr-hdds-2106-sk2jr-1188266228, networkLocation: /default-rack, certSerialId: null}4e1c38a0-fd03-44f2-a193-28de59e69b87{ip: 192.168.34.57, host: pr-hdds-2106-sk2jr-1188266228, networkLocation: /default-rack, certSerialId: null}901346ab-67df-4dd5-b7cf-edcbf56b35ff{ip: 192.168.34.57, host: pr-hdds-2106-sk2jr-1188266228, networkLocation: /default-rack, certSerialId: null}, Type:RATIS, Factor:THREE, State:CLOSED]
2019-09-10 22:22:38,789 [org.apache.ratis.server.impl.LogAppender$AppenderDaemon$$Lambda$507/1793419052@4a570dd8] ERROR ratis.XceiverServerRatis (XceiverServerRatis.java:triggerPipelineClose(568)) - pipeline Action CLOSE  on pipeline PipelineID=da482478-a182-435e-9ec1-93be0a482166.Reason : 4219e7de-d6f6-40f0-9e98-fa950fd200be has not seen follower/s 4e1c38a0-fd03-44f2-a193-28de59e69b87 for 185525ms 901346ab-67df-4dd5-b7cf-edcbf56b35ff for 185525ms
2019-09-10 22:22:38,789 [org.apache.ratis.server.impl.LogAppender$AppenderDaemon$$Lambda$507/1793419052@244f80aa] ERROR ratis.XceiverServerRatis (XceiverServerRatis.java:triggerPipelineClose(568)) - pipeline Action CLOSE  on pipeline PipelineID=da482478-a182-435e-9ec1-93be0a482166.Reason : 4219e7de-d6f6-40f0-9e98-fa950fd200be has not seen follower/s 4e1c38a0-fd03-44f2-a193-28de59e69b87 for 185526ms 901346ab-67df-4dd5-b7cf-edcbf56b35ff for 185526ms
2019-09-10 22:22:39,173 [EventQueue-PipelineActionsForPipelineActionHandler] ERROR pipeline.PipelineActionHandler (PipelineActionHandler.java:onMessage(60)) - Received pipeline action CLOSE for Pipeline[ Id: da482478-a182-435e-9ec1-93be0a482166, Nodes: 4219e7de-d6f6-40f0-9e98-fa950fd200be{ip: 192.168.34.57, host: pr-hdds-2106-sk2jr-1188266228, networkLocation: /default-rack, certSerialId: null}4e1c38a0-fd03-44f2-a193-28de59e69b87{ip: 192.168.34.57, host: pr-hdds-2106-sk2jr-1188266228, networkLocation: /default-rack, certSerialId: null}901346ab-67df-4dd5-b7cf-edcbf56b35ff{ip: 192.168.34.57, host: pr-hdds-2106-sk2jr-1188266228, networkLocation: /default-rack, certSerialId: null}, Type:RATIS, Factor:THREE, State:CLOSED] from datanode 4219e7de-d6f6-40f0-9e98-fa950fd200be{ip: 192.168.34.57, host: pr-hdds-2106-sk2jr-1188266228, networkLocation: /default-rack, certSerialId: null}. Reason : 4219e7de-d6f6-40f0-9e98-fa950fd200be has not seen follower/s 4e1c38a0-fd03-44f2-a193-28de59e69b87 for 185525ms 901346ab-67df-4dd5-b7cf-edcbf56b35ff for 185525ms
2019-09-10 22:22:39,173 [EventQueue-PipelineActionsForPipelineActionHandler] INFO  pipeline.SCMPipelineManager (SCMPipelineManager.java:finalizeAndDestroyPipeline(311)) - destroying pipeline:Pipeline[ Id: da482478-a182-435e-9ec1-93be0a482166, Nodes: 4219e7de-d6f6-40f0-9e98-fa950fd200be{ip: 192.168.34.57, host: pr-hdds-2106-sk2jr-1188266228, networkLocation: /default-rack, certSerialId: null}4e1c38a0-fd03-44f2-a193-28de59e69b87{ip: 192.168.34.57, host: pr-hdds-2106-sk2jr-1188266228, networkLocation: /default-rack, certSerialId: null}901346ab-67df-4dd5-b7cf-edcbf56b35ff{ip: 192.168.34.57, host: pr-hdds-2106-sk2jr-1188266228, networkLocation: /default-rack, certSerialId: null}, Type:RATIS, Factor:THREE, State:CLOSED]
2019-09-10 22:22:39,288 [java.util.concurrent.ThreadPoolExecutor$Worker@445a274e[State = -1, empty queue]] WARN  server.GrpcLogAppender (GrpcLogAppender.java:timeoutAppendRequest(200)) - 4219e7de-d6f6-40f0-9e98-fa950fd200be@group-93BE0A482166->4e1c38a0-fd03-44f2-a193-28de59e69b87-GrpcLogAppender: appendEntries Timeout, request=4219e7de-d6f6-40f0-9e98-fa950fd200be->4e1c38a0-fd03-44f2-a193-28de59e69b87#83-t1, previous=(t:1, i:10), leaderCommit=6, initializing? false, entries: <empty>
2019-09-10 22:22:39,288 [java.util.concurrent.ThreadPoolExecutor$Worker@77b7950d[State = -1, empty queue]] WARN  server.GrpcLogAppender (GrpcLogAppender.java:timeoutAppendRequest(200)) - 4219e7de-d6f6-40f0-9e98-fa950fd200be@group-93BE0A482166->901346ab-67df-4dd5-b7cf-edcbf56b35ff-GrpcLogAppender: appendEntries Timeout, request=4219e7de-d6f6-40f0-9e98-fa950fd200be->901346ab-67df-4dd5-b7cf-edcbf56b35ff#83-t1, previous=(t:1, i:10), leaderCommit=6, initializing? false, entries: <empty>
2019-09-10 22:22:40,160 [grpc-default-executor-0] INFO  impl.RaftServerProxy (RaftServerProxy.java:remove(95)) - 4219e7de-d6f6-40f0-9e98-fa950fd200be: remove    LEADER 4219e7de-d6f6-40f0-9e98-fa950fd200be@group-93BE0A482166:t1, leader=4219e7de-d6f6-40f0-9e98-fa950fd200be, voted=4219e7de-d6f6-40f0-9e98-fa950fd200be, raftlog=4219e7de-d6f6-40f0-9e98-fa950fd200be@group-93BE0A482166-SegmentedRaftLog:OPENED:c6,f6,i10, conf=0: [4e1c38a0-fd03-44f2-a193-28de59e69b87:192.168.34.57:41382, 4219e7de-d6f6-40f0-9e98-fa950fd200be:192.168.34.57:37976, 901346ab-67df-4dd5-b7cf-edcbf56b35ff:192.168.34.57:34729], old=null RUNNING
2019-09-10 22:22:40,163 [grpc-default-executor-0] INFO  impl.RaftServerImpl (RaftServerImpl.java:lambda$shutdown$3(251)) - 4219e7de-d6f6-40f0-9e98-fa950fd200be@group-93BE0A482166: shutdown
2019-09-10 22:22:40,163 [grpc-default-executor-0] INFO  util.JmxRegister (JmxRegister.java:unregister(73)) - Successfully un-registered JMX Bean with object name Ratis:service=RaftServer,group=group-93BE0A482166,id=4219e7de-d6f6-40f0-9e98-fa950fd200be
2019-09-10 22:22:40,163 [grpc-default-executor-0] INFO  impl.RoleInfo (RoleInfo.java:shutdownLeaderState(104)) - 4219e7de-d6f6-40f0-9e98-fa950fd200be: shutdown LeaderState
2019-09-10 22:22:40,168 [grpc-default-executor-0] INFO  impl.PendingRequests (PendingRequests.java:sendNotLeaderResponses(202)) - 4219e7de-d6f6-40f0-9e98-fa950fd200be-PendingRequests: sendNotLeaderResponses
2019-09-10 22:22:40,168 [org.apache.ratis.server.impl.LogAppender$AppenderDaemon$$Lambda$507/1793419052@4a570dd8] WARN  server.GrpcLogAppender (GrpcLogAppender.java:mayWait(143)) - 4219e7de-d6f6-40f0-9e98-fa950fd200be@group-93BE0A482166->901346ab-67df-4dd5-b7cf-edcbf56b35ff-GrpcLogAppender: Wait interrupted by java.lang.InterruptedException
2019-09-10 22:22:40,168 [org.apache.ratis.server.impl.LogAppender$AppenderDaemon$$Lambda$507/1793419052@244f80aa] WARN  server.GrpcLogAppender (GrpcLogAppender.java:mayWait(143)) - 4219e7de-d6f6-40f0-9e98-fa950fd200be@group-93BE0A482166->4e1c38a0-fd03-44f2-a193-28de59e69b87-GrpcLogAppender: Wait interrupted by java.lang.InterruptedException
2019-09-10 22:22:40,171 [grpc-default-executor-7] INFO  server.GrpcServerProtocolService (GrpcServerProtocolService.java:onCompleted(113)) - 901346ab-67df-4dd5-b7cf-edcbf56b35ff: Completed APPEND_ENTRIES, lastRequest: 4219e7de-d6f6-40f0-9e98-fa950fd200be->901346ab-67df-4dd5-b7cf-edcbf56b35ff#84-t1, previous=(t:1, i:10), leaderCommit=6, initializing? false, entries: <empty>
2019-09-10 22:22:40,171 [grpc-default-executor-1] INFO  server.GrpcServerProtocolService (GrpcServerProtocolService.java:onCompleted(113)) - 4e1c38a0-fd03-44f2-a193-28de59e69b87: Completed APPEND_ENTRIES, lastRequest: 4219e7de-d6f6-40f0-9e98-fa950fd200be->4e1c38a0-fd03-44f2-a193-28de59e69b87#84-t1, previous=(t:1, i:10), leaderCommit=6, initializing? false, entries: <empty>
2019-09-10 22:22:40,174 [grpc-default-executor-1] INFO  server.GrpcLogAppender (GrpcLogAppender.java:onCompleted(293)) - 4219e7de-d6f6-40f0-9e98-fa950fd200be@group-93BE0A482166->901346ab-67df-4dd5-b7cf-edcbf56b35ff-AppendLogResponseHandler: follower responses appendEntries COMPLETED
2019-09-10 22:22:40,174 [grpc-default-executor-7] INFO  server.GrpcLogAppender (GrpcLogAppender.java:onCompleted(293)) - 4219e7de-d6f6-40f0-9e98-fa950fd200be@group-93BE0A482166->4e1c38a0-fd03-44f2-a193-28de59e69b87-AppendLogResponseHandler: follower responses appendEntries COMPLETED
2019-09-10 22:22:40,176 [grpc-default-executor-7] INFO  impl.FollowerInfo (FollowerInfo.java:lambda$new$0(51)) - 4219e7de-d6f6-40f0-9e98-fa950fd200be@group-93BE0A482166->4e1c38a0-fd03-44f2-a193-28de59e69b87: nextIndex: updateUnconditionally 11 -> 7
2019-09-10 22:22:40,176 [grpc-default-executor-1] INFO  impl.FollowerInfo (FollowerInfo.java:lambda$new$0(51)) - 4219e7de-d6f6-40f0-9e98-fa950fd200be@group-93BE0A482166->901346ab-67df-4dd5-b7cf-edcbf56b35ff: nextIndex: updateUnconditionally 11 -> 7
2019-09-10 22:22:40,188 [grpc-default-executor-0] INFO  impl.StateMachineUpdater (StateMachineUpdater.java:stopAndJoin(125)) - 4219e7de-d6f6-40f0-9e98-fa950fd200be@group-93BE0A482166-StateMachineUpdater: set stopIndex = 6
2019-09-10 22:22:40,189 [4219e7de-d6f6-40f0-9e98-fa950fd200be@group-93BE0A482166-StateMachineUpdater] INFO  ratis.ContainerStateMachine (ContainerStateMachine.java:takeSnapshot(289)) - group-93BE0A482166: Taking a snapshot at:(t:1, i:6) file /workdir/hadoop-ozone/integration-test/target/test-dir/MiniOzoneClusterImpl-61348bed-b9c3-4bcb-a90c-f3d9607d6304/datanode-2/data/ratis/da482478-a182-435e-9ec1-93be0a482166/sm/snapshot.1_6
2019-09-10 22:22:40,207 [Command processor thread] ERROR commandhandler.CloseContainerCommandHandler (CloseContainerCommandHandler.java:handle(125)) - Can't close container #3
java.io.IOException: org.apache.ratis.protocol.GroupMismatchException: 4219e7de-d6f6-40f0-9e98-fa950fd200be: group-93BE0A482166 not found.
	at org.apache.hadoop.ozone.container.common.transport.server.ratis.XceiverServerRatis.submitRequest(XceiverServerRatis.java:495)
	at org.apache.hadoop.ozone.container.common.statemachine.commandhandler.CloseContainerCommandHandler.handle(CloseContainerCommandHandler.java:102)
	at org.apache.hadoop.ozone.container.common.statemachine.commandhandler.CommandDispatcher.handle(CommandDispatcher.java:99)
	at org.apache.hadoop.ozone.container.common.statemachine.DatanodeStateMachine.lambda$initCommandHandlerThread$1(DatanodeStateMachine.java:432)
	at java.lang.Thread.run(Thread.java:748)
Caused by: java.util.concurrent.ExecutionException: org.apache.ratis.protocol.GroupMismatchException: 4219e7de-d6f6-40f0-9e98-fa950fd200be: group-93BE0A482166 not found.
	at java.util.concurrent.CompletableFuture.reportGet(CompletableFuture.java:357)
	at java.util.concurrent.CompletableFuture.get(CompletableFuture.java:1895)
	at org.apache.hadoop.ozone.container.common.transport.server.ratis.XceiverServerRatis.submitRequest(XceiverServerRatis.java:493)
	... 4 more
Caused by: org.apache.ratis.protocol.GroupMismatchException: 4219e7de-d6f6-40f0-9e98-fa950fd200be: group-93BE0A482166 not found.
	at org.apache.ratis.server.impl.RaftServerProxy$ImplMap.get(RaftServerProxy.java:122)
	at org.apache.ratis.server.impl.RaftServerProxy.getImplFuture(RaftServerProxy.java:269)
	at org.apache.ratis.server.impl.RaftServerProxy.submitRequest(RaftServerProxy.java:327)
	at org.apache.ratis.server.impl.RaftServerProxy.submitClientRequestAsync(RaftServerProxy.java:333)
	... 5 more
2019-09-10 22:22:40,238 [4219e7de-d6f6-40f0-9e98-fa950fd200be@group-93BE0A482166-StateMachineUpdater] INFO  ratis.ContainerStateMachine (ContainerStateMachine.java:takeSnapshot(300)) - group-93BE0A482166: Finished taking a snapshot at:(t:1, i:6) file:/workdir/hadoop-ozone/integration-test/target/test-dir/MiniOzoneClusterImpl-61348bed-b9c3-4bcb-a90c-f3d9607d6304/datanode-2/data/ratis/da482478-a182-435e-9ec1-93be0a482166/sm/snapshot.1_6 time:49
2019-09-10 22:22:40,238 [4219e7de-d6f6-40f0-9e98-fa950fd200be@group-93BE0A482166-StateMachineUpdater] INFO  impl.StateMachineUpdater (StateMachineUpdater.java:takeSnapshot(258)) - 4219e7de-d6f6-40f0-9e98-fa950fd200be@group-93BE0A482166-StateMachineUpdater: Took a snapshot at index 6
2019-09-10 22:22:40,240 [4219e7de-d6f6-40f0-9e98-fa950fd200be@group-93BE0A482166-StateMachineUpdater] INFO  impl.StateMachineUpdater (StateMachineUpdater.java:lambda$new$0(83)) - 4219e7de-d6f6-40f0-9e98-fa950fd200be@group-93BE0A482166-StateMachineUpdater: snapshotIndex: updateIncreasingly -1 -> 6
2019-09-10 22:22:40,245 [grpc-default-executor-0] INFO  impl.RaftServerImpl (ServerState.java:close(385)) - 4219e7de-d6f6-40f0-9e98-fa950fd200be@group-93BE0A482166: closes. applyIndex: 6
2019-09-10 22:22:40,249 [4219e7de-d6f6-40f0-9e98-fa950fd200be@group-93BE0A482166-SegmentedRaftLogWorker] ERROR ratis.XceiverServerRatis (XceiverServerRatis.java:triggerPipelineClose(568)) - pipeline Action CLOSE  on pipeline PipelineID=da482478-a182-435e-9ec1-93be0a482166.Reason : WriteLog:7: (t:1, i:7), STATEMACHINELOGENTRY, client-9E45C64B54AD, cid=21-writeStateMachineData interrupted.
2019-09-10 22:22:40,251 [grpc-default-executor-0] INFO  segmented.SegmentedRaftLogWorker (SegmentedRaftLogWorker.java:close(228)) - 4219e7de-d6f6-40f0-9e98-fa950fd200be@group-93BE0A482166-SegmentedRaftLogWorker close()
2019-09-10 22:22:40,251 [EventQueue-PipelineActionsForPipelineActionHandler] ERROR pipeline.PipelineActionHandler (PipelineActionHandler.java:onMessage(60)) - Received pipeline action CLOSE for Pipeline[ Id: da482478-a182-435e-9ec1-93be0a482166, Nodes: 4219e7de-d6f6-40f0-9e98-fa950fd200be{ip: 192.168.34.57, host: pr-hdds-2106-sk2jr-1188266228, networkLocation: /default-rack, certSerialId: null}4e1c38a0-fd03-44f2-a193-28de59e69b87{ip: 192.168.34.57, host: pr-hdds-2106-sk2jr-1188266228, networkLocation: /default-rack, certSerialId: null}901346ab-67df-4dd5-b7cf-edcbf56b35ff{ip: 192.168.34.57, host: pr-hdds-2106-sk2jr-1188266228, networkLocation: /default-rack, certSerialId: null}, Type:RATIS, Factor:THREE, State:CLOSED] from datanode 4219e7de-d6f6-40f0-9e98-fa950fd200be{ip: 192.168.34.57, host: pr-hdds-2106-sk2jr-1188266228, networkLocation: /default-rack, certSerialId: null}. Reason : WriteLog:7: (t:1, i:7), STATEMACHINELOGENTRY, client-9E45C64B54AD, cid=21-writeStateMachineData interrupted.
2019-09-10 22:22:40,253 [EventQueue-PipelineActionsForPipelineActionHandler] INFO  pipeline.SCMPipelineManager (SCMPipelineManager.java:finalizeAndDestroyPipeline(311)) - destroying pipeline:Pipeline[ Id: da482478-a182-435e-9ec1-93be0a482166, Nodes: 4219e7de-d6f6-40f0-9e98-fa950fd200be{ip: 192.168.34.57, host: pr-hdds-2106-sk2jr-1188266228, networkLocation: /default-rack, certSerialId: null}4e1c38a0-fd03-44f2-a193-28de59e69b87{ip: 192.168.34.57, host: pr-hdds-2106-sk2jr-1188266228, networkLocation: /default-rack, certSerialId: null}901346ab-67df-4dd5-b7cf-edcbf56b35ff{ip: 192.168.34.57, host: pr-hdds-2106-sk2jr-1188266228, networkLocation: /default-rack, certSerialId: null}, Type:RATIS, Factor:THREE, State:CLOSED]
2019-09-10 22:22:40,273 [grpc-default-executor-0] INFO  interfaces.Container (KeyValueContainer.java:flushAndSyncDB(386)) - Container 1 is synced with bcsId 4.
2019-09-10 22:22:40,273 [grpc-default-executor-0] INFO  interfaces.Container (KeyValueContainer.java:flushAndSyncDB(386)) - Container 1 is synced with bcsId 4.
2019-09-10 22:22:40,290 [EventQueue-IncrementalContainerReportForIncrementalContainerReportHandler] INFO  container.IncrementalContainerReportHandler (AbstractContainerReportHandler.java:updateContainerState(169)) - Moving container #1 to QUASI_CLOSED state, datanode 4219e7de-d6f6-40f0-9e98-fa950fd200be{ip: 192.168.34.57, host: pr-hdds-2106-sk2jr-1188266228, networkLocation: /default-rack, certSerialId: null} reported QUASI_CLOSED replica.
2019-09-10 22:22:40,369 [grpc-default-executor-0] INFO  interfaces.Container (KeyValueContainer.java:flushAndSyncDB(386)) - Container 3 is synced with bcsId 0.
2019-09-10 22:22:40,369 [grpc-default-executor-0] INFO  interfaces.Container (KeyValueContainer.java:flushAndSyncDB(386)) - Container 3 is synced with bcsId 0.
2019-09-10 22:22:40,375 [EventQueue-IncrementalContainerReportForIncrementalContainerReportHandler] INFO  container.IncrementalContainerReportHandler (AbstractContainerReportHandler.java:updateContainerState(169)) - Moving container #3 to QUASI_CLOSED state, datanode 4219e7de-d6f6-40f0-9e98-fa950fd200be{ip: 192.168.34.57, host: pr-hdds-2106-sk2jr-1188266228, networkLocation: /default-rack, certSerialId: null} reported QUASI_CLOSED replica.
2019-09-10 22:22:40,387 [grpc-default-executor-0] INFO  impl.RaftServerProxy (RaftServerProxy.java:remove(95)) - 4e1c38a0-fd03-44f2-a193-28de59e69b87: remove  FOLLOWER 4e1c38a0-fd03-44f2-a193-28de59e69b87@group-93BE0A482166:t1, leader=4219e7de-d6f6-40f0-9e98-fa950fd200be, voted=4e1c38a0-fd03-44f2-a193-28de59e69b87, raftlog=4e1c38a0-fd03-44f2-a193-28de59e69b87@group-93BE0A482166-SegmentedRaftLog:OPENED:c6,f6,i10, conf=0: [4e1c38a0-fd03-44f2-a193-28de59e69b87:192.168.34.57:41382, 4219e7de-d6f6-40f0-9e98-fa950fd200be:192.168.34.57:37976, 901346ab-67df-4dd5-b7cf-edcbf56b35ff:192.168.34.57:34729], old=null RUNNING
2019-09-10 22:22:40,388 [grpc-default-executor-0] INFO  impl.RaftServerImpl (RaftServerImpl.java:lambda$shutdown$3(251)) - 4e1c38a0-fd03-44f2-a193-28de59e69b87@group-93BE0A482166: shutdown
2019-09-10 22:22:40,388 [grpc-default-executor-0] INFO  util.JmxRegister (JmxRegister.java:unregister(73)) - Successfully un-registered JMX Bean with object name Ratis:service=RaftServer,group=group-93BE0A482166,id=4e1c38a0-fd03-44f2-a193-28de59e69b87
2019-09-10 22:22:40,388 [grpc-default-executor-0] INFO  impl.RoleInfo (RoleInfo.java:shutdownFollowerState(121)) - 4e1c38a0-fd03-44f2-a193-28de59e69b87: shutdown FollowerState
2019-09-10 22:22:40,388 [grpc-default-executor-0] INFO  impl.StateMachineUpdater (StateMachineUpdater.java:stopAndJoin(125)) - 4e1c38a0-fd03-44f2-a193-28de59e69b87@group-93BE0A482166-StateMachineUpdater: set stopIndex = 6
2019-09-10 22:22:40,388 [Thread-322] INFO  impl.FollowerState (FollowerState.java:run(115)) - 4e1c38a0-fd03-44f2-a193-28de59e69b87: FollowerState was interrupted: java.lang.InterruptedException: sleep interrupted
2019-09-10 22:22:40,388 [4e1c38a0-fd03-44f2-a193-28de59e69b87@group-93BE0A482166-StateMachineUpdater] INFO  ratis.ContainerStateMachine (ContainerStateMachine.java:takeSnapshot(289)) - group-93BE0A482166: Taking a snapshot at:(t:1, i:4) file /workdir/hadoop-ozone/integration-test/target/test-dir/MiniOzoneClusterImpl-61348bed-b9c3-4bcb-a90c-f3d9607d6304/datanode-4/data/ratis/da482478-a182-435e-9ec1-93be0a482166/sm/snapshot.1_4
2019-09-10 22:22:40,395 [4e1c38a0-fd03-44f2-a193-28de59e69b87@group-93BE0A482166-StateMachineUpdater] INFO  ratis.ContainerStateMachine (ContainerStateMachine.java:takeSnapshot(300)) - group-93BE0A482166: Finished taking a snapshot at:(t:1, i:4) file:/workdir/hadoop-ozone/integration-test/target/test-dir/MiniOzoneClusterImpl-61348bed-b9c3-4bcb-a90c-f3d9607d6304/datanode-4/data/ratis/da482478-a182-435e-9ec1-93be0a482166/sm/snapshot.1_4 time:6
2019-09-10 22:22:40,395 [4e1c38a0-fd03-44f2-a193-28de59e69b87@group-93BE0A482166-StateMachineUpdater] INFO  impl.StateMachineUpdater (StateMachineUpdater.java:takeSnapshot(258)) - 4e1c38a0-fd03-44f2-a193-28de59e69b87@group-93BE0A482166-StateMachineUpdater: Took a snapshot at index 4
2019-09-10 22:22:40,395 [4e1c38a0-fd03-44f2-a193-28de59e69b87@group-93BE0A482166-StateMachineUpdater] INFO  impl.StateMachineUpdater (StateMachineUpdater.java:lambda$new$0(83)) - 4e1c38a0-fd03-44f2-a193-28de59e69b87@group-93BE0A482166-StateMachineUpdater: snapshotIndex: updateIncreasingly -1 -> 4
2019-09-10 22:22:40,395 [4e1c38a0-fd03-44f2-a193-28de59e69b87@group-93BE0A482166-StateMachineUpdater] INFO  ratis.ContainerStateMachine (ContainerStateMachine.java:takeSnapshot(289)) - group-93BE0A482166: Taking a snapshot at:(t:1, i:4) file /workdir/hadoop-ozone/integration-test/target/test-dir/MiniOzoneClusterImpl-61348bed-b9c3-4bcb-a90c-f3d9607d6304/datanode-4/data/ratis/da482478-a182-435e-9ec1-93be0a482166/sm/snapshot.1_4
2019-09-10 22:22:40,398 [4e1c38a0-fd03-44f2-a193-28de59e69b87@group-93BE0A482166-StateMachineUpdater] INFO  ratis.ContainerStateMachine (ContainerStateMachine.java:takeSnapshot(300)) - group-93BE0A482166: Finished taking a snapshot at:(t:1, i:4) file:/workdir/hadoop-ozone/integration-test/target/test-dir/MiniOzoneClusterImpl-61348bed-b9c3-4bcb-a90c-f3d9607d6304/datanode-4/data/ratis/da482478-a182-435e-9ec1-93be0a482166/sm/snapshot.1_4 time:3
2019-09-10 22:22:40,398 [4e1c38a0-fd03-44f2-a193-28de59e69b87@group-93BE0A482166-StateMachineUpdater] INFO  impl.StateMachineUpdater (StateMachineUpdater.java:takeSnapshot(258)) - 4e1c38a0-fd03-44f2-a193-28de59e69b87@group-93BE0A482166-StateMachineUpdater: Took a snapshot at index 4
2019-09-10 22:22:40,398 [4e1c38a0-fd03-44f2-a193-28de59e69b87@group-93BE0A482166-StateMachineUpdater] INFO  impl.StateMachineUpdater (StateMachineUpdater.java:lambda$new$0(83)) - 4e1c38a0-fd03-44f2-a193-28de59e69b87@group-93BE0A482166-StateMachineUpdater: snapshotIndex: updateIncreasingly 4 -> 4
2019-09-10 22:22:40,399 [grpc-default-executor-0] INFO  impl.RaftServerImpl (ServerState.java:close(385)) - 4e1c38a0-fd03-44f2-a193-28de59e69b87@group-93BE0A482166: closes. applyIndex: 6
2019-09-10 22:22:40,401 [4e1c38a0-fd03-44f2-a193-28de59e69b87@group-93BE0A482166-SegmentedRaftLogWorker] ERROR ratis.XceiverServerRatis (XceiverServerRatis.java:triggerPipelineClose(568)) - pipeline Action CLOSE  on pipeline PipelineID=da482478-a182-435e-9ec1-93be0a482166.Reason : WriteLog:7: (t:1, i:7), STATEMACHINELOGENTRY, client-9E45C64B54AD, cid=21-writeStateMachineData interrupted.
2019-09-10 22:22:40,404 [grpc-default-executor-0] INFO  segmented.SegmentedRaftLogWorker (SegmentedRaftLogWorker.java:close(228)) - 4e1c38a0-fd03-44f2-a193-28de59e69b87@group-93BE0A482166-SegmentedRaftLogWorker close()
2019-09-10 22:22:40,409 [EventQueue-PipelineActionsForPipelineActionHandler] ERROR pipeline.PipelineActionHandler (PipelineActionHandler.java:onMessage(60)) - Received pipeline action CLOSE for Pipeline[ Id: da482478-a182-435e-9ec1-93be0a482166, Nodes: 4219e7de-d6f6-40f0-9e98-fa950fd200be{ip: 192.168.34.57, host: pr-hdds-2106-sk2jr-1188266228, networkLocation: /default-rack, certSerialId: null}4e1c38a0-fd03-44f2-a193-28de59e69b87{ip: 192.168.34.57, host: pr-hdds-2106-sk2jr-1188266228, networkLocation: /default-rack, certSerialId: null}901346ab-67df-4dd5-b7cf-edcbf56b35ff{ip: 192.168.34.57, host: pr-hdds-2106-sk2jr-1188266228, networkLocation: /default-rack, certSerialId: null}, Type:RATIS, Factor:THREE, State:CLOSED] from datanode 4e1c38a0-fd03-44f2-a193-28de59e69b87{ip: 192.168.34.57, host: pr-hdds-2106-sk2jr-1188266228, networkLocation: /default-rack, certSerialId: null}. Reason : WriteLog:7: (t:1, i:7), STATEMACHINELOGENTRY, client-9E45C64B54AD, cid=21-writeStateMachineData interrupted.
2019-09-10 22:22:40,409 [EventQueue-PipelineActionsForPipelineActionHandler] INFO  pipeline.SCMPipelineManager (SCMPipelineManager.java:finalizeAndDestroyPipeline(311)) - destroying pipeline:Pipeline[ Id: da482478-a182-435e-9ec1-93be0a482166, Nodes: 4219e7de-d6f6-40f0-9e98-fa950fd200be{ip: 192.168.34.57, host: pr-hdds-2106-sk2jr-1188266228, networkLocation: /default-rack, certSerialId: null}4e1c38a0-fd03-44f2-a193-28de59e69b87{ip: 192.168.34.57, host: pr-hdds-2106-sk2jr-1188266228, networkLocation: /default-rack, certSerialId: null}901346ab-67df-4dd5-b7cf-edcbf56b35ff{ip: 192.168.34.57, host: pr-hdds-2106-sk2jr-1188266228, networkLocation: /default-rack, certSerialId: null}, Type:RATIS, Factor:THREE, State:CLOSED]
2019-09-10 22:22:40,412 [grpc-default-executor-0] INFO  interfaces.Container (KeyValueContainer.java:flushAndSyncDB(386)) - Container 1 is synced with bcsId 4.
2019-09-10 22:22:40,413 [grpc-default-executor-0] INFO  interfaces.Container (KeyValueContainer.java:flushAndSyncDB(386)) - Container 1 is synced with bcsId 4.
2019-09-10 22:22:40,469 [grpc-default-executor-0] INFO  interfaces.Container (KeyValueContainer.java:flushAndSyncDB(386)) - Container 3 is synced with bcsId 0.
2019-09-10 22:22:40,470 [grpc-default-executor-0] INFO  interfaces.Container (KeyValueContainer.java:flushAndSyncDB(386)) - Container 3 is synced with bcsId 0.
2019-09-10 22:22:40,506 [grpc-default-executor-0] INFO  impl.RaftServerProxy (RaftServerProxy.java:remove(95)) - 901346ab-67df-4dd5-b7cf-edcbf56b35ff: remove  FOLLOWER 901346ab-67df-4dd5-b7cf-edcbf56b35ff@group-93BE0A482166:t1, leader=4219e7de-d6f6-40f0-9e98-fa950fd200be, voted=4219e7de-d6f6-40f0-9e98-fa950fd200be, raftlog=901346ab-67df-4dd5-b7cf-edcbf56b35ff@group-93BE0A482166-SegmentedRaftLog:OPENED:c6,f6,i10, conf=0: [4e1c38a0-fd03-44f2-a193-28de59e69b87:192.168.34.57:41382, 4219e7de-d6f6-40f0-9e98-fa950fd200be:192.168.34.57:37976, 901346ab-67df-4dd5-b7cf-edcbf56b35ff:192.168.34.57:34729], old=null RUNNING
2019-09-10 22:22:40,507 [grpc-default-executor-0] INFO  impl.RaftServerImpl (RaftServerImpl.java:lambda$shutdown$3(251)) - 901346ab-67df-4dd5-b7cf-edcbf56b35ff@group-93BE0A482166: shutdown
2019-09-10 22:22:40,507 [grpc-default-executor-0] INFO  util.JmxRegister (JmxRegister.java:unregister(73)) - Successfully un-registered JMX Bean with object name Ratis:service=RaftServer,group=group-93BE0A482166,id=901346ab-67df-4dd5-b7cf-edcbf56b35ff
2019-09-10 22:22:40,507 [grpc-default-executor-0] INFO  impl.RoleInfo (RoleInfo.java:shutdownFollowerState(121)) - 901346ab-67df-4dd5-b7cf-edcbf56b35ff: shutdown FollowerState
2019-09-10 22:22:40,507 [grpc-default-executor-0] INFO  impl.StateMachineUpdater (StateMachineUpdater.java:stopAndJoin(125)) - 901346ab-67df-4dd5-b7cf-edcbf56b35ff@group-93BE0A482166-StateMachineUpdater: set stopIndex = 6
2019-09-10 22:22:40,507 [Thread-309] INFO  impl.FollowerState (FollowerState.java:run(115)) - 901346ab-67df-4dd5-b7cf-edcbf56b35ff: FollowerState was interrupted: java.lang.InterruptedException: sleep interrupted
2019-09-10 22:22:40,507 [901346ab-67df-4dd5-b7cf-edcbf56b35ff@group-93BE0A482166-StateMachineUpdater] INFO  ratis.ContainerStateMachine (ContainerStateMachine.java:takeSnapshot(289)) - group-93BE0A482166: Taking a snapshot at:(t:1, i:4) file /workdir/hadoop-ozone/integration-test/target/test-dir/MiniOzoneClusterImpl-61348bed-b9c3-4bcb-a90c-f3d9607d6304/datanode-1/data/ratis/da482478-a182-435e-9ec1-93be0a482166/sm/snapshot.1_4
2019-09-10 22:22:40,523 [901346ab-67df-4dd5-b7cf-edcbf56b35ff@group-93BE0A482166-StateMachineUpdater] INFO  ratis.ContainerStateMachine (ContainerStateMachine.java:takeSnapshot(300)) - group-93BE0A482166: Finished taking a snapshot at:(t:1, i:4) file:/workdir/hadoop-ozone/integration-test/target/test-dir/MiniOzoneClusterImpl-61348bed-b9c3-4bcb-a90c-f3d9607d6304/datanode-1/data/ratis/da482478-a182-435e-9ec1-93be0a482166/sm/snapshot.1_4 time:15
2019-09-10 22:22:40,523 [901346ab-67df-4dd5-b7cf-edcbf56b35ff@group-93BE0A482166-StateMachineUpdater] INFO  impl.StateMachineUpdater (StateMachineUpdater.java:takeSnapshot(258)) - 901346ab-67df-4dd5-b7cf-edcbf56b35ff@group-93BE0A482166-StateMachineUpdater: Took a snapshot at index 4
2019-09-10 22:22:40,523 [901346ab-67df-4dd5-b7cf-edcbf56b35ff@group-93BE0A482166-StateMachineUpdater] INFO  impl.StateMachineUpdater (StateMachineUpdater.java:lambda$new$0(83)) - 901346ab-67df-4dd5-b7cf-edcbf56b35ff@group-93BE0A482166-StateMachineUpdater: snapshotIndex: updateIncreasingly -1 -> 4
2019-09-10 22:22:40,523 [901346ab-67df-4dd5-b7cf-edcbf56b35ff@group-93BE0A482166-StateMachineUpdater] INFO  ratis.ContainerStateMachine (ContainerStateMachine.java:takeSnapshot(289)) - group-93BE0A482166: Taking a snapshot at:(t:1, i:4) file /workdir/hadoop-ozone/integration-test/target/test-dir/MiniOzoneClusterImpl-61348bed-b9c3-4bcb-a90c-f3d9607d6304/datanode-1/data/ratis/da482478-a182-435e-9ec1-93be0a482166/sm/snapshot.1_4
2019-09-10 22:22:40,535 [901346ab-67df-4dd5-b7cf-edcbf56b35ff@group-93BE0A482166-StateMachineUpdater] INFO  ratis.ContainerStateMachine (ContainerStateMachine.java:takeSnapshot(300)) - group-93BE0A482166: Finished taking a snapshot at:(t:1, i:4) file:/workdir/hadoop-ozone/integration-test/target/test-dir/MiniOzoneClusterImpl-61348bed-b9c3-4bcb-a90c-f3d9607d6304/datanode-1/data/ratis/da482478-a182-435e-9ec1-93be0a482166/sm/snapshot.1_4 time:13
2019-09-10 22:22:40,535 [901346ab-67df-4dd5-b7cf-edcbf56b35ff@group-93BE0A482166-StateMachineUpdater] INFO  impl.StateMachineUpdater (StateMachineUpdater.java:takeSnapshot(258)) - 901346ab-67df-4dd5-b7cf-edcbf56b35ff@group-93BE0A482166-StateMachineUpdater: Took a snapshot at index 4
2019-09-10 22:22:40,535 [901346ab-67df-4dd5-b7cf-edcbf56b35ff@group-93BE0A482166-StateMachineUpdater] INFO  impl.StateMachineUpdater (StateMachineUpdater.java:lambda$new$0(83)) - 901346ab-67df-4dd5-b7cf-edcbf56b35ff@group-93BE0A482166-StateMachineUpdater: snapshotIndex: updateIncreasingly 4 -> 4
2019-09-10 22:22:40,536 [grpc-default-executor-0] INFO  impl.RaftServerImpl (ServerState.java:close(385)) - 901346ab-67df-4dd5-b7cf-edcbf56b35ff@group-93BE0A482166: closes. applyIndex: 6
2019-09-10 22:22:40,545 [901346ab-67df-4dd5-b7cf-edcbf56b35ff@group-93BE0A482166-SegmentedRaftLogWorker] ERROR ratis.XceiverServerRatis (XceiverServerRatis.java:triggerPipelineClose(568)) - pipeline Action CLOSE  on pipeline PipelineID=da482478-a182-435e-9ec1-93be0a482166.Reason : WriteLog:8: (t:1, i:8), STATEMACHINELOGENTRY, client-9E45C64B54AD, cid=22-writeStateMachineData interrupted.
2019-09-10 22:22:40,550 [EventQueue-PipelineActionsForPipelineActionHandler] ERROR pipeline.PipelineActionHandler (PipelineActionHandler.java:onMessage(60)) - Received pipeline action CLOSE for Pipeline[ Id: da482478-a182-435e-9ec1-93be0a482166, Nodes: 4219e7de-d6f6-40f0-9e98-fa950fd200be{ip: 192.168.34.57, host: pr-hdds-2106-sk2jr-1188266228, networkLocation: /default-rack, certSerialId: null}4e1c38a0-fd03-44f2-a193-28de59e69b87{ip: 192.168.34.57, host: pr-hdds-2106-sk2jr-1188266228, networkLocation: /default-rack, certSerialId: null}901346ab-67df-4dd5-b7cf-edcbf56b35ff{ip: 192.168.34.57, host: pr-hdds-2106-sk2jr-1188266228, networkLocation: /default-rack, certSerialId: null}, Type:RATIS, Factor:THREE, State:CLOSED] from datanode 901346ab-67df-4dd5-b7cf-edcbf56b35ff{ip: 192.168.34.57, host: pr-hdds-2106-sk2jr-1188266228, networkLocation: /default-rack, certSerialId: null}. Reason : WriteLog:8: (t:1, i:8), STATEMACHINELOGENTRY, client-9E45C64B54AD, cid=22-writeStateMachineData interrupted.
2019-09-10 22:22:40,550 [EventQueue-PipelineActionsForPipelineActionHandler] INFO  pipeline.SCMPipelineManager (SCMPipelineManager.java:finalizeAndDestroyPipeline(311)) - destroying pipeline:Pipeline[ Id: da482478-a182-435e-9ec1-93be0a482166, Nodes: 4219e7de-d6f6-40f0-9e98-fa950fd200be{ip: 192.168.34.57, host: pr-hdds-2106-sk2jr-1188266228, networkLocation: /default-rack, certSerialId: null}4e1c38a0-fd03-44f2-a193-28de59e69b87{ip: 192.168.34.57, host: pr-hdds-2106-sk2jr-1188266228, networkLocation: /default-rack, certSerialId: null}901346ab-67df-4dd5-b7cf-edcbf56b35ff{ip: 192.168.34.57, host: pr-hdds-2106-sk2jr-1188266228, networkLocation: /default-rack, certSerialId: null}, Type:RATIS, Factor:THREE, State:CLOSED]
2019-09-10 22:22:40,561 [grpc-default-executor-0] INFO  segmented.SegmentedRaftLogWorker (SegmentedRaftLogWorker.java:close(228)) - 901346ab-67df-4dd5-b7cf-edcbf56b35ff@group-93BE0A482166-SegmentedRaftLogWorker close()
2019-09-10 22:22:40,585 [grpc-default-executor-0] INFO  interfaces.Container (KeyValueContainer.java:flushAndSyncDB(386)) - Container 1 is synced with bcsId 4.
2019-09-10 22:22:40,586 [grpc-default-executor-0] INFO  interfaces.Container (KeyValueContainer.java:flushAndSyncDB(386)) - Container 1 is synced with bcsId 4.
2019-09-10 22:22:40,670 [grpc-default-executor-0] INFO  interfaces.Container (KeyValueContainer.java:flushAndSyncDB(386)) - Container 3 is synced with bcsId 0.
2019-09-10 22:22:40,671 [grpc-default-executor-0] INFO  interfaces.Container (KeyValueContainer.java:flushAndSyncDB(386)) - Container 3 is synced with bcsId 0.
2019-09-10 22:22:40,691 [RatisPipelineUtilsThread] INFO  pipeline.PipelineStateManager (PipelineStateManager.java:removePipeline(108)) - Pipeline Pipeline[ Id: da482478-a182-435e-9ec1-93be0a482166, Nodes: 4219e7de-d6f6-40f0-9e98-fa950fd200be{ip: 192.168.34.57, host: pr-hdds-2106-sk2jr-1188266228, networkLocation: /default-rack, certSerialId: null}4e1c38a0-fd03-44f2-a193-28de59e69b87{ip: 192.168.34.57, host: pr-hdds-2106-sk2jr-1188266228, networkLocation: /default-rack, certSerialId: null}901346ab-67df-4dd5-b7cf-edcbf56b35ff{ip: 192.168.34.57, host: pr-hdds-2106-sk2jr-1188266228, networkLocation: /default-rack, certSerialId: null}, Type:RATIS, Factor:THREE, State:CLOSED] removed from db
2019-09-10 22:22:40,706 [grpc-default-executor-8] INFO  impl.RaftServerProxy (RaftServerProxy.java:addNew(89)) - 901346ab-67df-4dd5-b7cf-edcbf56b35ff: addNew group-CA147C2DB95A:[4e1c38a0-fd03-44f2-a193-28de59e69b87:192.168.34.57:41382, 4219e7de-d6f6-40f0-9e98-fa950fd200be:192.168.34.57:37976, 901346ab-67df-4dd5-b7cf-edcbf56b35ff:192.168.34.57:34729] returns group-CA147C2DB95A:java.util.concurrent.CompletableFuture@6c846a67[Not completed]
2019-09-10 22:22:40,706 [grpc-default-executor-1] INFO  impl.RaftServerProxy (RaftServerProxy.java:addNew(89)) - 4e1c38a0-fd03-44f2-a193-28de59e69b87: addNew group-CA147C2DB95A:[4e1c38a0-fd03-44f2-a193-28de59e69b87:192.168.34.57:41382, 4219e7de-d6f6-40f0-9e98-fa950fd200be:192.168.34.57:37976, 901346ab-67df-4dd5-b7cf-edcbf56b35ff:192.168.34.57:34729] returns group-CA147C2DB95A:java.util.concurrent.CompletableFuture@bddedcc[Not completed]
2019-09-10 22:22:40,709 [grpc-default-executor-8] INFO  impl.RaftServerProxy (RaftServerProxy.java:addNew(89)) - 4219e7de-d6f6-40f0-9e98-fa950fd200be: addNew group-CA147C2DB95A:[4e1c38a0-fd03-44f2-a193-28de59e69b87:192.168.34.57:41382, 4219e7de-d6f6-40f0-9e98-fa950fd200be:192.168.34.57:37976, 901346ab-67df-4dd5-b7cf-edcbf56b35ff:192.168.34.57:34729] returns group-CA147C2DB95A:java.util.concurrent.CompletableFuture@3b93263[Not completed]
2019-09-10 22:22:40,711 [pool-67-thread-1] INFO  impl.RaftServerImpl (RaftServerImpl.java:<init>(95)) - 4e1c38a0-fd03-44f2-a193-28de59e69b87: new RaftServerImpl for group-CA147C2DB95A:[4e1c38a0-fd03-44f2-a193-28de59e69b87:192.168.34.57:41382, 4219e7de-d6f6-40f0-9e98-fa950fd200be:192.168.34.57:37976, 901346ab-67df-4dd5-b7cf-edcbf56b35ff:192.168.34.57:34729] with ContainerStateMachine:uninitialized
2019-09-10 22:22:40,712 [pool-67-thread-1] INFO  server.RaftServerConfigKeys (ConfUtils.java:logGet(43)) - raft.server.rpc.timeout.min = 5s (custom)
2019-09-10 22:22:40,712 [pool-67-thread-1] INFO  server.RaftServerConfigKeys (ConfUtils.java:logGet(43)) - raft.server.rpc.timeout.max = 5200ms (custom)
2019-09-10 22:22:40,712 [pool-67-thread-1] INFO  server.RaftServerConfigKeys (ConfUtils.java:logGet(43)) - raft.server.rpcslowness.timeout = 120s (custom)
2019-09-10 22:22:40,712 [pool-67-thread-1] INFO  server.RaftServerConfigKeys (ConfUtils.java:logGet(43)) - raft.server.sleep.deviation.threshold = 300 (default)
2019-09-10 22:22:40,712 [pool-67-thread-1] INFO  server.RaftServerConfigKeys (ConfUtils.java:logGet(43)) - raft.server.log.appender.install.snapshot.enabled = false (custom)
2019-09-10 22:22:40,713 [pool-67-thread-1] INFO  impl.RaftServerImpl (ServerState.java:<init>(103)) - 4e1c38a0-fd03-44f2-a193-28de59e69b87@group-CA147C2DB95A: ConfigurationManager, init=-1: [4e1c38a0-fd03-44f2-a193-28de59e69b87:192.168.34.57:41382, 4219e7de-d6f6-40f0-9e98-fa950fd200be:192.168.34.57:37976, 901346ab-67df-4dd5-b7cf-edcbf56b35ff:192.168.34.57:34729], old=null, confs=<EMPTY_MAP>
2019-09-10 22:22:40,713 [pool-47-thread-1] INFO  impl.RaftServerImpl (RaftServerImpl.java:<init>(95)) - 4219e7de-d6f6-40f0-9e98-fa950fd200be: new RaftServerImpl for group-CA147C2DB95A:[4e1c38a0-fd03-44f2-a193-28de59e69b87:192.168.34.57:41382, 4219e7de-d6f6-40f0-9e98-fa950fd200be:192.168.34.57:37976, 901346ab-67df-4dd5-b7cf-edcbf56b35ff:192.168.34.57:34729] with ContainerStateMachine:uninitialized
2019-09-10 22:22:40,713 [pool-67-thread-1] INFO  server.RaftServerConfigKeys (ConfUtils.java:logGet(43)) - raft.server.storage.dir = [/workdir/hadoop-ozone/integration-test/target/test-dir/MiniOzoneClusterImpl-61348bed-b9c3-4bcb-a90c-f3d9607d6304/datanode-4/data/ratis] (custom)
2019-09-10 22:22:40,713 [pool-47-thread-1] INFO  server.RaftServerConfigKeys (ConfUtils.java:logGet(43)) - raft.server.rpc.timeout.min = 5s (custom)
2019-09-10 22:22:40,714 [pool-47-thread-1] INFO  server.RaftServerConfigKeys (ConfUtils.java:logGet(43)) - raft.server.rpc.timeout.max = 5200ms (custom)
2019-09-10 22:22:40,714 [pool-47-thread-1] INFO  server.RaftServerConfigKeys (ConfUtils.java:logGet(43)) - raft.server.rpcslowness.timeout = 120s (custom)
2019-09-10 22:22:40,714 [pool-67-thread-1] INFO  storage.RaftStorageDirectory (RaftStorageDirectory.java:analyzeStorage(246)) - The storage directory /workdir/hadoop-ozone/integration-test/target/test-dir/MiniOzoneClusterImpl-61348bed-b9c3-4bcb-a90c-f3d9607d6304/datanode-4/data/ratis/c91f1d23-fa50-4cca-991b-ca147c2db95a does not exist. Creating ...
2019-09-10 22:22:40,714 [pool-47-thread-1] INFO  server.RaftServerConfigKeys (ConfUtils.java:logGet(43)) - raft.server.sleep.deviation.threshold = 300 (default)
2019-09-10 22:22:40,714 [pool-47-thread-1] INFO  server.RaftServerConfigKeys (ConfUtils.java:logGet(43)) - raft.server.log.appender.install.snapshot.enabled = false (custom)
2019-09-10 22:22:40,714 [pool-47-thread-1] INFO  impl.RaftServerImpl (ServerState.java:<init>(103)) - 4219e7de-d6f6-40f0-9e98-fa950fd200be@group-CA147C2DB95A: ConfigurationManager, init=-1: [4e1c38a0-fd03-44f2-a193-28de59e69b87:192.168.34.57:41382, 4219e7de-d6f6-40f0-9e98-fa950fd200be:192.168.34.57:37976, 901346ab-67df-4dd5-b7cf-edcbf56b35ff:192.168.34.57:34729], old=null, confs=<EMPTY_MAP>
2019-09-10 22:22:40,715 [pool-37-thread-1] INFO  impl.RaftServerImpl (RaftServerImpl.java:<init>(95)) - 901346ab-67df-4dd5-b7cf-edcbf56b35ff: new RaftServerImpl for group-CA147C2DB95A:[4e1c38a0-fd03-44f2-a193-28de59e69b87:192.168.34.57:41382, 4219e7de-d6f6-40f0-9e98-fa950fd200be:192.168.34.57:37976, 901346ab-67df-4dd5-b7cf-edcbf56b35ff:192.168.34.57:34729] with ContainerStateMachine:uninitialized
2019-09-10 22:22:40,715 [pool-47-thread-1] INFO  server.RaftServerConfigKeys (ConfUtils.java:logGet(43)) - raft.server.storage.dir = [/workdir/hadoop-ozone/integration-test/target/test-dir/MiniOzoneClusterImpl-61348bed-b9c3-4bcb-a90c-f3d9607d6304/datanode-2/data/ratis] (custom)
2019-09-10 22:22:40,715 [pool-37-thread-1] INFO  server.RaftServerConfigKeys (ConfUtils.java:logGet(43)) - raft.server.rpc.timeout.min = 5s (custom)
2019-09-10 22:22:40,715 [pool-37-thread-1] INFO  server.RaftServerConfigKeys (ConfUtils.java:logGet(43)) - raft.server.rpc.timeout.max = 5200ms (custom)
2019-09-10 22:22:40,715 [pool-37-thread-1] INFO  server.RaftServerConfigKeys (ConfUtils.java:logGet(43)) - raft.server.rpcslowness.timeout = 120s (custom)
2019-09-10 22:22:40,715 [pool-47-thread-1] INFO  storage.RaftStorageDirectory (RaftStorageDirectory.java:analyzeStorage(246)) - The storage directory /workdir/hadoop-ozone/integration-test/target/test-dir/MiniOzoneClusterImpl-61348bed-b9c3-4bcb-a90c-f3d9607d6304/datanode-2/data/ratis/c91f1d23-fa50-4cca-991b-ca147c2db95a does not exist. Creating ...
2019-09-10 22:22:40,715 [pool-37-thread-1] INFO  server.RaftServerConfigKeys (ConfUtils.java:logGet(43)) - raft.server.sleep.deviation.threshold = 300 (default)
2019-09-10 22:22:40,716 [pool-37-thread-1] INFO  server.RaftServerConfigKeys (ConfUtils.java:logGet(43)) - raft.server.log.appender.install.snapshot.enabled = false (custom)
2019-09-10 22:22:40,716 [pool-37-thread-1] INFO  impl.RaftServerImpl (ServerState.java:<init>(103)) - 901346ab-67df-4dd5-b7cf-edcbf56b35ff@group-CA147C2DB95A: ConfigurationManager, init=-1: [4e1c38a0-fd03-44f2-a193-28de59e69b87:192.168.34.57:41382, 4219e7de-d6f6-40f0-9e98-fa950fd200be:192.168.34.57:37976, 901346ab-67df-4dd5-b7cf-edcbf56b35ff:192.168.34.57:34729], old=null, confs=<EMPTY_MAP>
2019-09-10 22:22:40,716 [pool-37-thread-1] INFO  server.RaftServerConfigKeys (ConfUtils.java:logGet(43)) - raft.server.storage.dir = [/workdir/hadoop-ozone/integration-test/target/test-dir/MiniOzoneClusterImpl-61348bed-b9c3-4bcb-a90c-f3d9607d6304/datanode-1/data/ratis] (custom)
2019-09-10 22:22:40,716 [pool-37-thread-1] INFO  storage.RaftStorageDirectory (RaftStorageDirectory.java:analyzeStorage(246)) - The storage directory /workdir/hadoop-ozone/integration-test/target/test-dir/MiniOzoneClusterImpl-61348bed-b9c3-4bcb-a90c-f3d9607d6304/datanode-1/data/ratis/c91f1d23-fa50-4cca-991b-ca147c2db95a does not exist. Creating ...
2019-09-10 22:22:40,719 [pool-67-thread-1] INFO  storage.RaftStorageDirectory (RaftStorageDirectory.java:tryLock(328)) - Lock on /workdir/hadoop-ozone/integration-test/target/test-dir/MiniOzoneClusterImpl-61348bed-b9c3-4bcb-a90c-f3d9607d6304/datanode-4/data/ratis/c91f1d23-fa50-4cca-991b-ca147c2db95a/in_use.lock acquired by nodename 7752@pr-hdds-2106-sk2jr-1188266228
2019-09-10 22:22:40,719 [pool-47-thread-1] INFO  storage.RaftStorageDirectory (RaftStorageDirectory.java:tryLock(328)) - Lock on /workdir/hadoop-ozone/integration-test/target/test-dir/MiniOzoneClusterImpl-61348bed-b9c3-4bcb-a90c-f3d9607d6304/datanode-2/data/ratis/c91f1d23-fa50-4cca-991b-ca147c2db95a/in_use.lock acquired by nodename 7752@pr-hdds-2106-sk2jr-1188266228
2019-09-10 22:22:40,721 [pool-37-thread-1] INFO  storage.RaftStorageDirectory (RaftStorageDirectory.java:tryLock(328)) - Lock on /workdir/hadoop-ozone/integration-test/target/test-dir/MiniOzoneClusterImpl-61348bed-b9c3-4bcb-a90c-f3d9607d6304/datanode-1/data/ratis/c91f1d23-fa50-4cca-991b-ca147c2db95a/in_use.lock acquired by nodename 7752@pr-hdds-2106-sk2jr-1188266228
2019-09-10 22:22:40,724 [pool-67-thread-1] INFO  storage.RaftStorage (RaftStorage.java:format(72)) - Storage directory /workdir/hadoop-ozone/integration-test/target/test-dir/MiniOzoneClusterImpl-61348bed-b9c3-4bcb-a90c-f3d9607d6304/datanode-4/data/ratis/c91f1d23-fa50-4cca-991b-ca147c2db95a has been successfully formatted.
2019-09-10 22:22:40,724 [pool-47-thread-1] INFO  storage.RaftStorage (RaftStorage.java:format(72)) - Storage directory /workdir/hadoop-ozone/integration-test/target/test-dir/MiniOzoneClusterImpl-61348bed-b9c3-4bcb-a90c-f3d9607d6304/datanode-2/data/ratis/c91f1d23-fa50-4cca-991b-ca147c2db95a has been successfully formatted.
2019-09-10 22:22:40,724 [pool-67-thread-1] INFO  ratis.ContainerStateMachine (ContainerStateMachine.java:loadSnapshot(230)) - group-CA147C2DB95A: The snapshot info is null. Setting the last applied indexto:(t:0, i:~)
2019-09-10 22:22:40,724 [pool-47-thread-1] INFO  ratis.ContainerStateMachine (ContainerStateMachine.java:loadSnapshot(230)) - group-CA147C2DB95A: The snapshot info is null. Setting the last applied indexto:(t:0, i:~)
2019-09-10 22:22:40,724 [pool-67-thread-1] INFO  server.RaftServerConfigKeys (ConfUtils.java:logGet(43)) - raft.server.notification.no-leader.timeout = 120s (custom)
2019-09-10 22:22:40,725 [pool-47-thread-1] INFO  server.RaftServerConfigKeys (ConfUtils.java:logGet(43)) - raft.server.notification.no-leader.timeout = 120s (custom)
2019-09-10 22:22:40,725 [pool-67-thread-1] INFO  server.RaftServerConfigKeys (ConfUtils.java:logGet(43)) - raft.server.log.use.memory = false (default)
2019-09-10 22:22:40,725 [pool-47-thread-1] INFO  server.RaftServerConfigKeys (ConfUtils.java:logGet(43)) - raft.server.log.use.memory = false (default)
2019-09-10 22:22:40,725 [pool-67-thread-1] INFO  server.RaftServerConfigKeys (ConfUtils.java:logGet(43)) - raft.server.log.purge.gap = 1000000 (custom)
2019-09-10 22:22:40,725 [pool-47-thread-1] INFO  server.RaftServerConfigKeys (ConfUtils.java:logGet(43)) - raft.server.log.purge.gap = 1000000 (custom)
2019-09-10 22:22:40,725 [pool-37-thread-1] INFO  storage.RaftStorage (RaftStorage.java:format(72)) - Storage directory /workdir/hadoop-ozone/integration-test/target/test-dir/MiniOzoneClusterImpl-61348bed-b9c3-4bcb-a90c-f3d9607d6304/datanode-1/data/ratis/c91f1d23-fa50-4cca-991b-ca147c2db95a has been successfully formatted.
2019-09-10 22:22:40,725 [pool-67-thread-1] INFO  server.RaftServerConfigKeys (ConfUtils.java:logGet(43)) - raft.server.log.appender.buffer.byte-limit = 33554432 (custom)
2019-09-10 22:22:40,725 [pool-47-thread-1] INFO  server.RaftServerConfigKeys (ConfUtils.java:logGet(43)) - raft.server.log.appender.buffer.byte-limit = 33554432 (custom)
2019-09-10 22:22:40,726 [pool-67-thread-1] INFO  server.RaftServerConfigKeys (ConfUtils.java:logGet(43)) - raft.server.log.segment.size.max = 1048576 (custom)
2019-09-10 22:22:40,726 [pool-37-thread-1] INFO  ratis.ContainerStateMachine (ContainerStateMachine.java:loadSnapshot(230)) - group-CA147C2DB95A: The snapshot info is null. Setting the last applied indexto:(t:0, i:~)
2019-09-10 22:22:40,726 [pool-67-thread-1] INFO  server.RaftServerConfigKeys (ConfUtils.java:logGet(43)) - raft.server.log.segment.cache.num.max = 2 (custom)
2019-09-10 22:22:40,726 [pool-47-thread-1] INFO  server.RaftServerConfigKeys (ConfUtils.java:logGet(43)) - raft.server.log.segment.size.max = 1048576 (custom)
2019-09-10 22:22:40,726 [pool-67-thread-1] INFO  segmented.SegmentedRaftLogWorker (SegmentedRaftLogWorker.java:<init>(172)) - new 4e1c38a0-fd03-44f2-a193-28de59e69b87@group-CA147C2DB95A-SegmentedRaftLogWorker for RaftStorage:Storage Directory /workdir/hadoop-ozone/integration-test/target/test-dir/MiniOzoneClusterImpl-61348bed-b9c3-4bcb-a90c-f3d9607d6304/datanode-4/data/ratis/c91f1d23-fa50-4cca-991b-ca147c2db95a
2019-09-10 22:22:40,726 [pool-37-thread-1] INFO  server.RaftServerConfigKeys (ConfUtils.java:logGet(43)) - raft.server.notification.no-leader.timeout = 120s (custom)
2019-09-10 22:22:40,727 [pool-67-thread-1] INFO  server.RaftServerConfigKeys (ConfUtils.java:logGet(43)) - raft.server.log.queue.byte-limit = 2147483647 (custom)
2019-09-10 22:22:40,727 [pool-47-thread-1] INFO  server.RaftServerConfigKeys (ConfUtils.java:logGet(43)) - raft.server.log.segment.cache.num.max = 2 (custom)
2019-09-10 22:22:40,727 [pool-67-thread-1] INFO  server.RaftServerConfigKeys (ConfUtils.java:logGet(43)) - raft.server.log.queue.element-limit = 1024 (custom)
2019-09-10 22:22:40,727 [pool-37-thread-1] INFO  server.RaftServerConfigKeys (ConfUtils.java:logGet(43)) - raft.server.log.use.memory = false (default)
2019-09-10 22:22:40,727 [pool-67-thread-1] INFO  server.RaftServerConfigKeys (ConfUtils.java:logGet(43)) - raft.server.log.segment.size.max = 1048576 (custom)
2019-09-10 22:22:40,727 [pool-47-thread-1] INFO  segmented.SegmentedRaftLogWorker (SegmentedRaftLogWorker.java:<init>(172)) - new 4219e7de-d6f6-40f0-9e98-fa950fd200be@group-CA147C2DB95A-SegmentedRaftLogWorker for RaftStorage:Storage Directory /workdir/hadoop-ozone/integration-test/target/test-dir/MiniOzoneClusterImpl-61348bed-b9c3-4bcb-a90c-f3d9607d6304/datanode-2/data/ratis/c91f1d23-fa50-4cca-991b-ca147c2db95a
2019-09-10 22:22:40,728 [pool-67-thread-1] INFO  server.RaftServerConfigKeys (ConfUtils.java:logGet(43)) - raft.server.log.preallocated.size = 16384 (custom)
2019-09-10 22:22:40,727 [pool-37-thread-1] INFO  server.RaftServerConfigKeys (ConfUtils.java:logGet(43)) - raft.server.log.purge.gap = 1000000 (custom)
2019-09-10 22:22:40,728 [pool-67-thread-1] INFO  server.RaftServerConfigKeys (ConfUtils.java:logGet(43)) - raft.server.log.write.buffer.size = 33554432 (custom)
2019-09-10 22:22:40,728 [pool-47-thread-1] INFO  server.RaftServerConfigKeys (ConfUtils.java:logGet(43)) - raft.server.log.queue.byte-limit = 2147483647 (custom)
2019-09-10 22:22:40,728 [pool-67-thread-1] INFO  server.RaftServerConfigKeys (ConfUtils.java:logGet(43)) - raft.server.log.force.sync.num = 128 (default)
2019-09-10 22:22:40,728 [pool-37-thread-1] INFO  server.RaftServerConfigKeys (ConfUtils.java:logGet(43)) - raft.server.log.appender.buffer.byte-limit = 33554432 (custom)
2019-09-10 22:22:40,729 [pool-67-thread-1] INFO  server.RaftServerConfigKeys (ConfUtils.java:logGet(43)) - raft.server.log.statemachine.data.sync = true (default)
2019-09-10 22:22:40,728 [pool-47-thread-1] INFO  server.RaftServerConfigKeys (ConfUtils.java:logGet(43)) - raft.server.log.queue.element-limit = 1024 (custom)
2019-09-10 22:22:40,729 [pool-67-thread-1] INFO  server.RaftServerConfigKeys (ConfUtils.java:logGet(43)) - raft.server.log.statemachine.data.sync.timeout = 10s (default)
2019-09-10 22:22:40,729 [pool-37-thread-1] INFO  server.RaftServerConfigKeys (ConfUtils.java:logGet(43)) - raft.server.log.segment.size.max = 1048576 (custom)
2019-09-10 22:22:40,729 [pool-67-thread-1] INFO  server.RaftServerConfigKeys (ConfUtils.java:logGet(43)) - raft.server.log.statemachine.data.sync.timeout.retry = -1 (default)
2019-09-10 22:22:40,729 [pool-47-thread-1] INFO  server.RaftServerConfigKeys (ConfUtils.java:logGet(43)) - raft.server.log.segment.size.max = 1048576 (custom)
2019-09-10 22:22:40,729 [pool-67-thread-1] INFO  server.RaftServerConfigKeys (ConfUtils.java:logGet(43)) - raft.server.log.statemachine.data.caching.enabled = true (custom)
2019-09-10 22:22:40,729 [pool-37-thread-1] INFO  server.RaftServerConfigKeys (ConfUtils.java:logGet(43)) - raft.server.log.segment.cache.num.max = 2 (custom)
2019-09-10 22:22:40,730 [pool-47-thread-1] INFO  server.RaftServerConfigKeys (ConfUtils.java:logGet(43)) - raft.server.log.preallocated.size = 16384 (custom)
2019-09-10 22:22:40,730 [pool-67-thread-1] INFO  segmented.SegmentedRaftLogWorker (SegmentedRaftLogWorker.java:lambda$new$0(132)) - 4e1c38a0-fd03-44f2-a193-28de59e69b87@group-CA147C2DB95A-SegmentedRaftLogWorker: flushIndex: setUnconditionally 0 -> -1
2019-09-10 22:22:40,730 [pool-37-thread-1] INFO  segmented.SegmentedRaftLogWorker (SegmentedRaftLogWorker.java:<init>(172)) - new 901346ab-67df-4dd5-b7cf-edcbf56b35ff@group-CA147C2DB95A-SegmentedRaftLogWorker for RaftStorage:Storage Directory /workdir/hadoop-ozone/integration-test/target/test-dir/MiniOzoneClusterImpl-61348bed-b9c3-4bcb-a90c-f3d9607d6304/datanode-1/data/ratis/c91f1d23-fa50-4cca-991b-ca147c2db95a
2019-09-10 22:22:40,730 [pool-47-thread-1] INFO  server.RaftServerConfigKeys (ConfUtils.java:logGet(43)) - raft.server.log.write.buffer.size = 33554432 (custom)
2019-09-10 22:22:40,731 [pool-67-thread-1] INFO  server.RaftServerConfigKeys (ConfUtils.java:logGet(43)) - raft.server.snapshot.auto.trigger.enabled = true (custom)
2019-09-10 22:22:40,730 [pool-37-thread-1] INFO  server.RaftServerConfigKeys (ConfUtils.java:logGet(43)) - raft.server.log.queue.byte-limit = 2147483647 (custom)
2019-09-10 22:22:40,731 [pool-67-thread-1] INFO  server.RaftServerConfigKeys (ConfUtils.java:logGet(43)) - raft.server.snapshot.auto.trigger.threshold = 10000 (custom)
2019-09-10 22:22:40,731 [pool-47-thread-1] INFO  server.RaftServerConfigKeys (ConfUtils.java:logGet(43)) - raft.server.log.force.sync.num = 128 (default)
2019-09-10 22:22:40,731 [pool-67-thread-1] INFO  server.RaftServerConfigKeys (ConfUtils.java:logGet(43)) - raft.server.snapshot.retention.num.files = -1 (default)
2019-09-10 22:22:40,731 [pool-37-thread-1] INFO  server.RaftServerConfigKeys (ConfUtils.java:logGet(43)) - raft.server.log.queue.element-limit = 1024 (custom)
2019-09-10 22:22:40,731 [pool-67-thread-1] INFO  server.RaftServerConfigKeys (ConfUtils.java:logGet(43)) - raft.server.retrycache.expirytime = 600000ms (custom)
2019-09-10 22:22:40,731 [pool-47-thread-1] INFO  server.RaftServerConfigKeys (ConfUtils.java:logGet(43)) - raft.server.log.statemachine.data.sync = true (default)
2019-09-10 22:22:40,731 [pool-37-thread-1] INFO  server.RaftServerConfigKeys (ConfUtils.java:logGet(43)) - raft.server.log.segment.size.max = 1048576 (custom)
2019-09-10 22:22:40,732 [pool-47-thread-1] INFO  server.RaftServerConfigKeys (ConfUtils.java:logGet(43)) - raft.server.log.statemachine.data.sync.timeout = 10s (default)
2019-09-10 22:22:40,732 [pool-37-thread-1] INFO  server.RaftServerConfigKeys (ConfUtils.java:logGet(43)) - raft.server.log.preallocated.size = 16384 (custom)
2019-09-10 22:22:40,732 [pool-47-thread-1] INFO  server.RaftServerConfigKeys (ConfUtils.java:logGet(43)) - raft.server.log.statemachine.data.sync.timeout.retry = -1 (default)
2019-09-10 22:22:40,732 [pool-37-thread-1] INFO  server.RaftServerConfigKeys (ConfUtils.java:logGet(43)) - raft.server.log.write.buffer.size = 33554432 (custom)
2019-09-10 22:22:40,732 [pool-47-thread-1] INFO  server.RaftServerConfigKeys (ConfUtils.java:logGet(43)) - raft.server.log.statemachine.data.caching.enabled = true (custom)
2019-09-10 22:22:40,733 [pool-37-thread-1] INFO  server.RaftServerConfigKeys (ConfUtils.java:logGet(43)) - raft.server.log.force.sync.num = 128 (default)
2019-09-10 22:22:40,733 [pool-37-thread-1] INFO  server.RaftServerConfigKeys (ConfUtils.java:logGet(43)) - raft.server.log.statemachine.data.sync = true (default)
2019-09-10 22:22:40,733 [pool-47-thread-1] INFO  segmented.SegmentedRaftLogWorker (SegmentedRaftLogWorker.java:lambda$new$0(132)) - 4219e7de-d6f6-40f0-9e98-fa950fd200be@group-CA147C2DB95A-SegmentedRaftLogWorker: flushIndex: setUnconditionally 0 -> -1
2019-09-10 22:22:40,733 [pool-37-thread-1] INFO  server.RaftServerConfigKeys (ConfUtils.java:logGet(43)) - raft.server.log.statemachine.data.sync.timeout = 10s (default)
2019-09-10 22:22:40,733 [pool-47-thread-1] INFO  server.RaftServerConfigKeys (ConfUtils.java:logGet(43)) - raft.server.snapshot.auto.trigger.enabled = true (custom)
2019-09-10 22:22:40,733 [pool-37-thread-1] INFO  server.RaftServerConfigKeys (ConfUtils.java:logGet(43)) - raft.server.log.statemachine.data.sync.timeout.retry = -1 (default)
2019-09-10 22:22:40,734 [pool-47-thread-1] INFO  server.RaftServerConfigKeys (ConfUtils.java:logGet(43)) - raft.server.snapshot.auto.trigger.threshold = 10000 (custom)
2019-09-10 22:22:40,734 [pool-37-thread-1] INFO  server.RaftServerConfigKeys (ConfUtils.java:logGet(43)) - raft.server.log.statemachine.data.caching.enabled = true (custom)
2019-09-10 22:22:40,734 [pool-47-thread-1] INFO  server.RaftServerConfigKeys (ConfUtils.java:logGet(43)) - raft.server.snapshot.retention.num.files = -1 (default)
2019-09-10 22:22:40,734 [pool-37-thread-1] INFO  segmented.SegmentedRaftLogWorker (SegmentedRaftLogWorker.java:lambda$new$0(132)) - 901346ab-67df-4dd5-b7cf-edcbf56b35ff@group-CA147C2DB95A-SegmentedRaftLogWorker: flushIndex: setUnconditionally 0 -> -1
2019-09-10 22:22:40,734 [pool-47-thread-1] INFO  server.RaftServerConfigKeys (ConfUtils.java:logGet(43)) - raft.server.retrycache.expirytime = 600000ms (custom)
2019-09-10 22:22:40,735 [pool-37-thread-1] INFO  server.RaftServerConfigKeys (ConfUtils.java:logGet(43)) - raft.server.snapshot.auto.trigger.enabled = true (custom)
2019-09-10 22:22:40,735 [pool-37-thread-1] INFO  server.RaftServerConfigKeys (ConfUtils.java:logGet(43)) - raft.server.snapshot.auto.trigger.threshold = 10000 (custom)
2019-09-10 22:22:40,735 [pool-37-thread-1] INFO  server.RaftServerConfigKeys (ConfUtils.java:logGet(43)) - raft.server.snapshot.retention.num.files = -1 (default)
2019-09-10 22:22:40,735 [pool-67-thread-1] INFO  impl.RaftServerImpl (RaftServerImpl.java:start(185)) - 4e1c38a0-fd03-44f2-a193-28de59e69b87@group-CA147C2DB95A: start as a follower, conf=-1: [4e1c38a0-fd03-44f2-a193-28de59e69b87:192.168.34.57:41382, 4219e7de-d6f6-40f0-9e98-fa950fd200be:192.168.34.57:37976, 901346ab-67df-4dd5-b7cf-edcbf56b35ff:192.168.34.57:34729], old=null
2019-09-10 22:22:40,735 [pool-37-thread-1] INFO  server.RaftServerConfigKeys (ConfUtils.java:logGet(43)) - raft.server.retrycache.expirytime = 600000ms (custom)
2019-09-10 22:22:40,735 [pool-67-thread-1] INFO  impl.RaftServerImpl (RaftServerImpl.java:setRole(174)) - 4e1c38a0-fd03-44f2-a193-28de59e69b87@group-CA147C2DB95A: changes role from      null to FOLLOWER at term 0 for startAsFollower
2019-09-10 22:22:40,735 [pool-67-thread-1] INFO  impl.RoleInfo (RoleInfo.java:updateAndGet(143)) - 4e1c38a0-fd03-44f2-a193-28de59e69b87: start FollowerState
2019-09-10 22:22:40,736 [pool-67-thread-1] INFO  util.JmxRegister (JmxRegister.java:tryRegister(44)) - Successfully registered JMX Bean with object name Ratis:service=RaftServer,group=group-CA147C2DB95A,id=4e1c38a0-fd03-44f2-a193-28de59e69b87
2019-09-10 22:22:40,740 [pool-47-thread-1] INFO  impl.RaftServerImpl (RaftServerImpl.java:start(185)) - 4219e7de-d6f6-40f0-9e98-fa950fd200be@group-CA147C2DB95A: start as a follower, conf=-1: [4e1c38a0-fd03-44f2-a193-28de59e69b87:192.168.34.57:41382, 4219e7de-d6f6-40f0-9e98-fa950fd200be:192.168.34.57:37976, 901346ab-67df-4dd5-b7cf-edcbf56b35ff:192.168.34.57:34729], old=null
2019-09-10 22:22:40,741 [pool-47-thread-1] INFO  impl.RaftServerImpl (RaftServerImpl.java:setRole(174)) - 4219e7de-d6f6-40f0-9e98-fa950fd200be@group-CA147C2DB95A: changes role from      null to FOLLOWER at term 0 for startAsFollower
2019-09-10 22:22:40,741 [pool-37-thread-1] INFO  impl.RaftServerImpl (RaftServerImpl.java:start(185)) - 901346ab-67df-4dd5-b7cf-edcbf56b35ff@group-CA147C2DB95A: start as a follower, conf=-1: [4e1c38a0-fd03-44f2-a193-28de59e69b87:192.168.34.57:41382, 4219e7de-d6f6-40f0-9e98-fa950fd200be:192.168.34.57:37976, 901346ab-67df-4dd5-b7cf-edcbf56b35ff:192.168.34.57:34729], old=null
2019-09-10 22:22:40,741 [pool-47-thread-1] INFO  impl.RoleInfo (RoleInfo.java:updateAndGet(143)) - 4219e7de-d6f6-40f0-9e98-fa950fd200be: start FollowerState
2019-09-10 22:22:40,741 [pool-37-thread-1] INFO  impl.RaftServerImpl (RaftServerImpl.java:setRole(174)) - 901346ab-67df-4dd5-b7cf-edcbf56b35ff@group-CA147C2DB95A: changes role from      null to FOLLOWER at term 0 for startAsFollower
2019-09-10 22:22:40,741 [pool-37-thread-1] INFO  impl.RoleInfo (RoleInfo.java:updateAndGet(143)) - 901346ab-67df-4dd5-b7cf-edcbf56b35ff: start FollowerState
2019-09-10 22:22:40,741 [pool-47-thread-1] INFO  util.JmxRegister (JmxRegister.java:tryRegister(44)) - Successfully registered JMX Bean with object name Ratis:service=RaftServer,group=group-CA147C2DB95A,id=4219e7de-d6f6-40f0-9e98-fa950fd200be
2019-09-10 22:22:40,741 [pool-37-thread-1] INFO  util.JmxRegister (JmxRegister.java:tryRegister(44)) - Successfully registered JMX Bean with object name Ratis:service=RaftServer,group=group-CA147C2DB95A,id=901346ab-67df-4dd5-b7cf-edcbf56b35ff
2019-09-10 22:22:40,746 [RatisPipelineUtilsThread] INFO  pipeline.PipelineStateManager (PipelineStateManager.java:addPipeline(56)) - Created pipeline Pipeline[ Id: c91f1d23-fa50-4cca-991b-ca147c2db95a, Nodes: 4219e7de-d6f6-40f0-9e98-fa950fd200be{ip: 192.168.34.57, host: pr-hdds-2106-sk2jr-1188266228, networkLocation: /default-rack, certSerialId: null}4e1c38a0-fd03-44f2-a193-28de59e69b87{ip: 192.168.34.57, host: pr-hdds-2106-sk2jr-1188266228, networkLocation: /default-rack, certSerialId: null}901346ab-67df-4dd5-b7cf-edcbf56b35ff{ip: 192.168.34.57, host: pr-hdds-2106-sk2jr-1188266228, networkLocation: /default-rack, certSerialId: null}, Type:RATIS, Factor:THREE, State:OPEN]
2019-09-10 22:22:41,248 [main] WARN  io.KeyOutputStream (KeyOutputStream.java:handleException(276)) - Encountered exception java.io.IOException: Unexpected Storage Container Exception: java.util.concurrent.CompletionException: java.util.concurrent.CompletionException: org.apache.ratis.protocol.GroupMismatchException: 4e1c38a0-fd03-44f2-a193-28de59e69b87: group-93BE0A482166 not found. on the pipeline Pipeline[ Id: da482478-a182-435e-9ec1-93be0a482166, Nodes: 4219e7de-d6f6-40f0-9e98-fa950fd200be{ip: 192.168.34.57, host: pr-hdds-2106-sk2jr-1188266228, networkLocation: /default-rack, certSerialId: null}4e1c38a0-fd03-44f2-a193-28de59e69b87{ip: 192.168.34.57, host: pr-hdds-2106-sk2jr-1188266228, networkLocation: /default-rack, certSerialId: null}901346ab-67df-4dd5-b7cf-edcbf56b35ff{ip: 192.168.34.57, host: pr-hdds-2106-sk2jr-1188266228, networkLocation: /default-rack, certSerialId: null}, Type:RATIS, Factor:THREE, State:OPEN]. The last committed block length is 0, uncommitted data length is 150 retry count 0
2019-09-10 22:22:41,315 [grpc-default-executor-1] INFO  client.GrpcClientProtocolClient (GrpcClientProtocolClient.java:onNext(264)) - client-16A04C645B6B->4219e7de-d6f6-40f0-9e98-fa950fd200be: receive RaftClientReply:client-16A04C645B6B->4219e7de-d6f6-40f0-9e98-fa950fd200be@group-CA147C2DB95A, cid=30, FAILED org.apache.ratis.protocol.NotLeaderException: Server 4219e7de-d6f6-40f0-9e98-fa950fd200be@group-CA147C2DB95A is not the leader, logIndex=0, commits[4219e7de-d6f6-40f0-9e98-fa950fd200be:c-1]
2019-09-10 22:22:42,341 [grpc-default-executor-8] INFO  client.GrpcClientProtocolClient (GrpcClientProtocolClient.java:onNext(264)) - client-16A04C645B6B->4e1c38a0-fd03-44f2-a193-28de59e69b87: receive RaftClientReply:client-16A04C645B6B->4e1c38a0-fd03-44f2-a193-28de59e69b87@group-CA147C2DB95A, cid=30, FAILED org.apache.ratis.protocol.NotLeaderException: Server 4e1c38a0-fd03-44f2-a193-28de59e69b87@group-CA147C2DB95A is not the leader, logIndex=0, commits[4e1c38a0-fd03-44f2-a193-28de59e69b87:c-1]
2019-09-10 22:22:43,159 [grpc-default-executor-1] INFO  impl.RaftServerProxy (RaftServerProxy.java:remove(95)) - 4219e7de-d6f6-40f0-9e98-fa950fd200be: remove group-93BE0A482166:null
2019-09-10 22:22:43,171 [RatisPipelineUtilsThread] WARN  pipeline.RatisPipelineUtils (RatisPipelineUtils.java:destroyPipeline(66)) - Pipeline destroy failed for pipeline=PipelineID=da482478-a182-435e-9ec1-93be0a482166 dn=4219e7de-d6f6-40f0-9e98-fa950fd200be{ip: 192.168.34.57, host: pr-hdds-2106-sk2jr-1188266228, networkLocation: /default-rack, certSerialId: null}
2019-09-10 22:22:43,177 [grpc-default-executor-1] INFO  impl.RaftServerProxy (RaftServerProxy.java:remove(95)) - 4e1c38a0-fd03-44f2-a193-28de59e69b87: remove group-93BE0A482166:null
2019-09-10 22:22:43,184 [RatisPipelineUtilsThread] WARN  pipeline.RatisPipelineUtils (RatisPipelineUtils.java:destroyPipeline(66)) - Pipeline destroy failed for pipeline=PipelineID=da482478-a182-435e-9ec1-93be0a482166 dn=4e1c38a0-fd03-44f2-a193-28de59e69b87{ip: 192.168.34.57, host: pr-hdds-2106-sk2jr-1188266228, networkLocation: /default-rack, certSerialId: null}
2019-09-10 22:22:43,189 [grpc-default-executor-1] INFO  impl.RaftServerProxy (RaftServerProxy.java:remove(95)) - 901346ab-67df-4dd5-b7cf-edcbf56b35ff: remove group-93BE0A482166:null
2019-09-10 22:22:43,196 [RatisPipelineUtilsThread] WARN  pipeline.RatisPipelineUtils (RatisPipelineUtils.java:destroyPipeline(66)) - Pipeline destroy failed for pipeline=PipelineID=da482478-a182-435e-9ec1-93be0a482166 dn=901346ab-67df-4dd5-b7cf-edcbf56b35ff{ip: 192.168.34.57, host: pr-hdds-2106-sk2jr-1188266228, networkLocation: /default-rack, certSerialId: null}
2019-09-10 22:22:43,197 [RatisPipelineUtilsThread] ERROR pipeline.SCMPipelineManager (Scheduler.java:lambda$schedule$1(70)) - Destroy pipeline failed for pipeline:Pipeline[ Id: da482478-a182-435e-9ec1-93be0a482166, Nodes: 4219e7de-d6f6-40f0-9e98-fa950fd200be{ip: 192.168.34.57, host: pr-hdds-2106-sk2jr-1188266228, networkLocation: /default-rack, certSerialId: null}4e1c38a0-fd03-44f2-a193-28de59e69b87{ip: 192.168.34.57, host: pr-hdds-2106-sk2jr-1188266228, networkLocation: /default-rack, certSerialId: null}901346ab-67df-4dd5-b7cf-edcbf56b35ff{ip: 192.168.34.57, host: pr-hdds-2106-sk2jr-1188266228, networkLocation: /default-rack, certSerialId: null}, Type:RATIS, Factor:THREE, State:CLOSED]
org.apache.hadoop.hdds.scm.pipeline.PipelineNotFoundException: PipelineID=da482478-a182-435e-9ec1-93be0a482166 not found
	at org.apache.hadoop.hdds.scm.pipeline.PipelineStateMap.getPipeline(PipelineStateMap.java:132)
	at org.apache.hadoop.hdds.scm.pipeline.PipelineStateMap.removePipeline(PipelineStateMap.java:322)
	at org.apache.hadoop.hdds.scm.pipeline.PipelineStateManager.removePipeline(PipelineStateManager.java:107)
	at org.apache.hadoop.hdds.scm.pipeline.SCMPipelineManager.removePipeline(SCMPipelineManager.java:423)
	at org.apache.hadoop.hdds.scm.pipeline.SCMPipelineManager.destroyPipeline(SCMPipelineManager.java:409)
	at org.apache.hadoop.hdds.scm.pipeline.SCMPipelineManager.lambda$finalizeAndDestroyPipeline$0(SCMPipelineManager.java:318)
	at org.apache.hadoop.utils.Scheduler.lambda$schedule$1(Scheduler.java:68)
	at java.util.concurrent.Executors$RunnableAdapter.call(Executors.java:511)
	at java.util.concurrent.FutureTask.run(FutureTask.java:266)
	at java.util.concurrent.ScheduledThreadPoolExecutor$ScheduledFutureTask.access$201(ScheduledThreadPoolExecutor.java:180)
	at java.util.concurrent.ScheduledThreadPoolExecutor$ScheduledFutureTask.run(ScheduledThreadPoolExecutor.java:293)
	at java.util.concurrent.ThreadPoolExecutor.runWorker(ThreadPoolExecutor.java:1149)
	at java.util.concurrent.ThreadPoolExecutor$Worker.run(ThreadPoolExecutor.java:624)
	at java.lang.Thread.run(Thread.java:748)
2019-09-10 22:22:43,366 [grpc-default-executor-1] INFO  client.GrpcClientProtocolClient (GrpcClientProtocolClient.java:onNext(264)) - client-16A04C645B6B->901346ab-67df-4dd5-b7cf-edcbf56b35ff: receive RaftClientReply:client-16A04C645B6B->901346ab-67df-4dd5-b7cf-edcbf56b35ff@group-CA147C2DB95A, cid=30, FAILED org.apache.ratis.protocol.NotLeaderException: Server 901346ab-67df-4dd5-b7cf-edcbf56b35ff@group-CA147C2DB95A is not the leader, logIndex=0, commits[901346ab-67df-4dd5-b7cf-edcbf56b35ff:c-1]
2019-09-10 22:22:44,387 [grpc-default-executor-8] INFO  client.GrpcClientProtocolClient (GrpcClientProtocolClient.java:onNext(264)) - client-16A04C645B6B->4219e7de-d6f6-40f0-9e98-fa950fd200be: receive RaftClientReply:client-16A04C645B6B->4219e7de-d6f6-40f0-9e98-fa950fd200be@group-CA147C2DB95A, cid=30, FAILED org.apache.ratis.protocol.NotLeaderException: Server 4219e7de-d6f6-40f0-9e98-fa950fd200be@group-CA147C2DB95A is not the leader, logIndex=0, commits[4219e7de-d6f6-40f0-9e98-fa950fd200be:c-1]
2019-09-10 22:22:45,162 [grpc-default-executor-8] INFO  impl.RaftServerProxy (RaftServerProxy.java:remove(95)) - 4219e7de-d6f6-40f0-9e98-fa950fd200be: remove group-93BE0A482166:null
2019-09-10 22:22:45,172 [RatisPipelineUtilsThread] WARN  pipeline.RatisPipelineUtils (RatisPipelineUtils.java:destroyPipeline(66)) - Pipeline destroy failed for pipeline=PipelineID=da482478-a182-435e-9ec1-93be0a482166 dn=4219e7de-d6f6-40f0-9e98-fa950fd200be{ip: 192.168.34.57, host: pr-hdds-2106-sk2jr-1188266228, networkLocation: /default-rack, certSerialId: null}
2019-09-10 22:22:45,178 [grpc-default-executor-8] INFO  impl.RaftServerProxy (RaftServerProxy.java:remove(95)) - 4e1c38a0-fd03-44f2-a193-28de59e69b87: remove group-93BE0A482166:null
2019-09-10 22:22:45,187 [RatisPipelineUtilsThread] WARN  pipeline.RatisPipelineUtils (RatisPipelineUtils.java:destroyPipeline(66)) - Pipeline destroy failed for pipeline=PipelineID=da482478-a182-435e-9ec1-93be0a482166 dn=4e1c38a0-fd03-44f2-a193-28de59e69b87{ip: 192.168.34.57, host: pr-hdds-2106-sk2jr-1188266228, networkLocation: /default-rack, certSerialId: null}
2019-09-10 22:22:45,193 [grpc-default-executor-8] INFO  impl.RaftServerProxy (RaftServerProxy.java:remove(95)) - 901346ab-67df-4dd5-b7cf-edcbf56b35ff: remove group-93BE0A482166:null
2019-09-10 22:22:45,201 [RatisPipelineUtilsThread] WARN  pipeline.RatisPipelineUtils (RatisPipelineUtils.java:destroyPipeline(66)) - Pipeline destroy failed for pipeline=PipelineID=da482478-a182-435e-9ec1-93be0a482166 dn=901346ab-67df-4dd5-b7cf-edcbf56b35ff{ip: 192.168.34.57, host: pr-hdds-2106-sk2jr-1188266228, networkLocation: /default-rack, certSerialId: null}
2019-09-10 22:22:45,201 [RatisPipelineUtilsThread] ERROR pipeline.SCMPipelineManager (Scheduler.java:lambda$schedule$1(70)) - Destroy pipeline failed for pipeline:Pipeline[ Id: da482478-a182-435e-9ec1-93be0a482166, Nodes: 4219e7de-d6f6-40f0-9e98-fa950fd200be{ip: 192.168.34.57, host: pr-hdds-2106-sk2jr-1188266228, networkLocation: /default-rack, certSerialId: null}4e1c38a0-fd03-44f2-a193-28de59e69b87{ip: 192.168.34.57, host: pr-hdds-2106-sk2jr-1188266228, networkLocation: /default-rack, certSerialId: null}901346ab-67df-4dd5-b7cf-edcbf56b35ff{ip: 192.168.34.57, host: pr-hdds-2106-sk2jr-1188266228, networkLocation: /default-rack, certSerialId: null}, Type:RATIS, Factor:THREE, State:CLOSED]
org.apache.hadoop.hdds.scm.pipeline.PipelineNotFoundException: PipelineID=da482478-a182-435e-9ec1-93be0a482166 not found
	at org.apache.hadoop.hdds.scm.pipeline.PipelineStateMap.getPipeline(PipelineStateMap.java:132)
	at org.apache.hadoop.hdds.scm.pipeline.PipelineStateMap.removePipeline(PipelineStateMap.java:322)
	at org.apache.hadoop.hdds.scm.pipeline.PipelineStateManager.removePipeline(PipelineStateManager.java:107)
	at org.apache.hadoop.hdds.scm.pipeline.SCMPipelineManager.removePipeline(SCMPipelineManager.java:423)
	at org.apache.hadoop.hdds.scm.pipeline.SCMPipelineManager.destroyPipeline(SCMPipelineManager.java:409)
	at org.apache.hadoop.hdds.scm.pipeline.SCMPipelineManager.lambda$finalizeAndDestroyPipeline$0(SCMPipelineManager.java:318)
	at org.apache.hadoop.utils.Scheduler.lambda$schedule$1(Scheduler.java:68)
	at java.util.concurrent.Executors$RunnableAdapter.call(Executors.java:511)
	at java.util.concurrent.FutureTask.run(FutureTask.java:266)
	at java.util.concurrent.ScheduledThreadPoolExecutor$ScheduledFutureTask.access$201(ScheduledThreadPoolExecutor.java:180)
	at java.util.concurrent.ScheduledThreadPoolExecutor$ScheduledFutureTask.run(ScheduledThreadPoolExecutor.java:293)
	at java.util.concurrent.ThreadPoolExecutor.runWorker(ThreadPoolExecutor.java:1149)
	at java.util.concurrent.ThreadPoolExecutor$Worker.run(ThreadPoolExecutor.java:624)
	at java.lang.Thread.run(Thread.java:748)
2019-09-10 22:22:45,408 [grpc-default-executor-8] INFO  client.GrpcClientProtocolClient (GrpcClientProtocolClient.java:onNext(264)) - client-16A04C645B6B->4e1c38a0-fd03-44f2-a193-28de59e69b87: receive RaftClientReply:client-16A04C645B6B->4e1c38a0-fd03-44f2-a193-28de59e69b87@group-CA147C2DB95A, cid=30, FAILED org.apache.ratis.protocol.NotLeaderException: Server 4e1c38a0-fd03-44f2-a193-28de59e69b87@group-CA147C2DB95A is not the leader, logIndex=0, commits[4e1c38a0-fd03-44f2-a193-28de59e69b87:c-1]
2019-09-10 22:22:45,767 [Thread-831] INFO  impl.FollowerState (FollowerState.java:run(106)) - 4219e7de-d6f6-40f0-9e98-fa950fd200be:group-CA147C2DB95A changes to CANDIDATE, lastRpcTime:5026, electionTimeout:5026ms
2019-09-10 22:22:45,768 [Thread-831] INFO  impl.RoleInfo (RoleInfo.java:shutdownFollowerState(121)) - 4219e7de-d6f6-40f0-9e98-fa950fd200be: shutdown FollowerState
2019-09-10 22:22:45,768 [Thread-831] INFO  impl.RaftServerImpl (RaftServerImpl.java:setRole(174)) - 4219e7de-d6f6-40f0-9e98-fa950fd200be@group-CA147C2DB95A: changes role from  FOLLOWER to CANDIDATE at term 0 for changeToCandidate
2019-09-10 22:22:45,769 [Thread-831] INFO  impl.RoleInfo (RoleInfo.java:updateAndGet(143)) - 4219e7de-d6f6-40f0-9e98-fa950fd200be: start LeaderElection
2019-09-10 22:22:45,788 [4219e7de-d6f6-40f0-9e98-fa950fd200be@group-CA147C2DB95A:LeaderElection12] INFO  impl.LeaderElection (LeaderElection.java:askForVotes(182)) - 4219e7de-d6f6-40f0-9e98-fa950fd200be@group-CA147C2DB95A:LeaderElection12: begin an election at term 1 for -1: [4e1c38a0-fd03-44f2-a193-28de59e69b87:192.168.34.57:41382, 4219e7de-d6f6-40f0-9e98-fa950fd200be:192.168.34.57:37976, 901346ab-67df-4dd5-b7cf-edcbf56b35ff:192.168.34.57:34729], old=null
2019-09-10 22:22:45,797 [grpc-default-executor-1] INFO  impl.RaftServerImpl (RaftServerImpl.java:setRole(174)) - 4e1c38a0-fd03-44f2-a193-28de59e69b87@group-CA147C2DB95A: changes role from  FOLLOWER to FOLLOWER at term 1 for recognizeCandidate:4219e7de-d6f6-40f0-9e98-fa950fd200be
2019-09-10 22:22:45,797 [grpc-default-executor-8] INFO  impl.RaftServerImpl (RaftServerImpl.java:setRole(174)) - 901346ab-67df-4dd5-b7cf-edcbf56b35ff@group-CA147C2DB95A: changes role from  FOLLOWER to FOLLOWER at term 1 for recognizeCandidate:4219e7de-d6f6-40f0-9e98-fa950fd200be
2019-09-10 22:22:45,798 [grpc-default-executor-1] INFO  impl.RoleInfo (RoleInfo.java:shutdownFollowerState(121)) - 4e1c38a0-fd03-44f2-a193-28de59e69b87: shutdown FollowerState
2019-09-10 22:22:45,798 [grpc-default-executor-8] INFO  impl.RoleInfo (RoleInfo.java:shutdownFollowerState(121)) - 901346ab-67df-4dd5-b7cf-edcbf56b35ff: shutdown FollowerState
2019-09-10 22:22:45,798 [grpc-default-executor-1] INFO  impl.RoleInfo (RoleInfo.java:updateAndGet(143)) - 4e1c38a0-fd03-44f2-a193-28de59e69b87: start FollowerState
2019-09-10 22:22:45,798 [grpc-default-executor-8] INFO  impl.RoleInfo (RoleInfo.java:updateAndGet(143)) - 901346ab-67df-4dd5-b7cf-edcbf56b35ff: start FollowerState
2019-09-10 22:22:45,798 [Thread-829] INFO  impl.FollowerState (FollowerState.java:run(115)) - 4e1c38a0-fd03-44f2-a193-28de59e69b87: FollowerState was interrupted: java.lang.InterruptedException: sleep interrupted
2019-09-10 22:22:45,799 [Thread-832] INFO  impl.FollowerState (FollowerState.java:run(115)) - 901346ab-67df-4dd5-b7cf-edcbf56b35ff: FollowerState was interrupted: java.lang.InterruptedException: sleep interrupted
2019-09-10 22:22:45,815 [4219e7de-d6f6-40f0-9e98-fa950fd200be@group-CA147C2DB95A:LeaderElection12] INFO  impl.LeaderElection (LeaderElection.java:logAndReturn(56)) - 4219e7de-d6f6-40f0-9e98-fa950fd200be@group-CA147C2DB95A:LeaderElection12: Election PASSED; received 1 response(s) [4219e7de-d6f6-40f0-9e98-fa950fd200be<-4e1c38a0-fd03-44f2-a193-28de59e69b87#0:OK-t1] and 0 exception(s); 4219e7de-d6f6-40f0-9e98-fa950fd200be@group-CA147C2DB95A:t1, leader=null, voted=4219e7de-d6f6-40f0-9e98-fa950fd200be, raftlog=4219e7de-d6f6-40f0-9e98-fa950fd200be@group-CA147C2DB95A-SegmentedRaftLog:OPENED:c-1,f-1,i0, conf=-1: [4e1c38a0-fd03-44f2-a193-28de59e69b87:192.168.34.57:41382, 4219e7de-d6f6-40f0-9e98-fa950fd200be:192.168.34.57:37976, 901346ab-67df-4dd5-b7cf-edcbf56b35ff:192.168.34.57:34729], old=null
2019-09-10 22:22:45,815 [4219e7de-d6f6-40f0-9e98-fa950fd200be@group-CA147C2DB95A:LeaderElection12] INFO  impl.RoleInfo (RoleInfo.java:shutdownLeaderElection(134)) - 4219e7de-d6f6-40f0-9e98-fa950fd200be: shutdown LeaderElection
2019-09-10 22:22:45,817 [4219e7de-d6f6-40f0-9e98-fa950fd200be@group-CA147C2DB95A:LeaderElection12] INFO  impl.RaftServerImpl (RaftServerImpl.java:setRole(174)) - 4219e7de-d6f6-40f0-9e98-fa950fd200be@group-CA147C2DB95A: changes role from CANDIDATE to LEADER at term 1 for changeToLeader
2019-09-10 22:22:45,818 [4219e7de-d6f6-40f0-9e98-fa950fd200be@group-CA147C2DB95A:LeaderElection12] INFO  impl.RaftServerImpl (ServerState.java:setLeader(253)) - 4219e7de-d6f6-40f0-9e98-fa950fd200be@group-CA147C2DB95A: change Leader from null to 4219e7de-d6f6-40f0-9e98-fa950fd200be at term 1 for becomeLeader, leader elected after 5092ms
2019-09-10 22:22:45,818 [4219e7de-d6f6-40f0-9e98-fa950fd200be@group-CA147C2DB95A:LeaderElection12] INFO  server.RaftServerConfigKeys (ConfUtils.java:logGet(43)) - raft.server.staging.catchup.gap = 1000 (default)
2019-09-10 22:22:45,818 [4219e7de-d6f6-40f0-9e98-fa950fd200be@group-CA147C2DB95A:LeaderElection12] INFO  server.RaftServerConfigKeys (ConfUtils.java:logGet(43)) - raft.server.rpc.sleep.time = 25ms (default)
2019-09-10 22:22:45,818 [4219e7de-d6f6-40f0-9e98-fa950fd200be@group-CA147C2DB95A:LeaderElection12] INFO  server.RaftServerConfigKeys (ConfUtils.java:logGet(43)) - raft.server.write.element-limit = 4096 (default)
2019-09-10 22:22:45,819 [4219e7de-d6f6-40f0-9e98-fa950fd200be@group-CA147C2DB95A:LeaderElection12] INFO  server.RaftServerConfigKeys (ConfUtils.java:logGet(43)) - raft.server.watch.timeout = 10s (default)
2019-09-10 22:22:45,819 [4219e7de-d6f6-40f0-9e98-fa950fd200be@group-CA147C2DB95A:LeaderElection12] INFO  server.RaftServerConfigKeys (ConfUtils.java:logGet(43)) - raft.server.watch.timeout.denomination = 1s (default)
2019-09-10 22:22:45,819 [4219e7de-d6f6-40f0-9e98-fa950fd200be@group-CA147C2DB95A:LeaderElection12] INFO  server.RaftServerConfigKeys (ConfUtils.java:logGet(43)) - raft.server.watch.element-limit = 65536 (default)
2019-09-10 22:22:45,823 [4219e7de-d6f6-40f0-9e98-fa950fd200be@group-CA147C2DB95A:LeaderElection12] INFO  server.RaftServerConfigKeys (ConfUtils.java:logGet(43)) - raft.server.log.appender.snapshot.chunk.size.max = 16MB (=16777216) (default)
2019-09-10 22:22:45,823 [4219e7de-d6f6-40f0-9e98-fa950fd200be@group-CA147C2DB95A:LeaderElection12] INFO  server.RaftServerConfigKeys (ConfUtils.java:logGet(43)) - raft.server.log.appender.buffer.byte-limit = 33554432 (custom)
2019-09-10 22:22:45,823 [4219e7de-d6f6-40f0-9e98-fa950fd200be@group-CA147C2DB95A:LeaderElection12] INFO  server.RaftServerConfigKeys (ConfUtils.java:logGet(43)) - raft.server.log.appender.buffer.element-limit = 1 (custom)
2019-09-10 22:22:45,824 [4219e7de-d6f6-40f0-9e98-fa950fd200be@group-CA147C2DB95A:LeaderElection12] INFO  grpc.GrpcConfigKeys$Server (ConfUtils.java:logGet(43)) - raft.grpc.server.leader.outstanding.appends.max = 128 (default)
2019-09-10 22:22:45,824 [4219e7de-d6f6-40f0-9e98-fa950fd200be@group-CA147C2DB95A:LeaderElection12] INFO  server.RaftServerConfigKeys (ConfUtils.java:logGet(43)) - raft.server.rpc.request.timeout = 3000ms (default)
2019-09-10 22:22:45,824 [4219e7de-d6f6-40f0-9e98-fa950fd200be@group-CA147C2DB95A:LeaderElection12] INFO  server.RaftServerConfigKeys (ConfUtils.java:logGet(43)) - raft.server.log.appender.install.snapshot.enabled = false (custom)
2019-09-10 22:22:45,824 [4219e7de-d6f6-40f0-9e98-fa950fd200be@group-CA147C2DB95A:LeaderElection12] INFO  server.RaftServerConfigKeys (ConfUtils.java:logGet(43)) - raft.server.log.appender.snapshot.chunk.size.max = 16MB (=16777216) (default)
2019-09-10 22:22:45,825 [4219e7de-d6f6-40f0-9e98-fa950fd200be@group-CA147C2DB95A:LeaderElection12] INFO  server.RaftServerConfigKeys (ConfUtils.java:logGet(43)) - raft.server.log.appender.buffer.byte-limit = 33554432 (custom)
2019-09-10 22:22:45,825 [4219e7de-d6f6-40f0-9e98-fa950fd200be@group-CA147C2DB95A:LeaderElection12] INFO  server.RaftServerConfigKeys (ConfUtils.java:logGet(43)) - raft.server.log.appender.buffer.element-limit = 1 (custom)
2019-09-10 22:22:45,825 [4219e7de-d6f6-40f0-9e98-fa950fd200be@group-CA147C2DB95A:LeaderElection12] INFO  grpc.GrpcConfigKeys$Server (ConfUtils.java:logGet(43)) - raft.grpc.server.leader.outstanding.appends.max = 128 (default)
2019-09-10 22:22:45,825 [4219e7de-d6f6-40f0-9e98-fa950fd200be@group-CA147C2DB95A:LeaderElection12] INFO  server.RaftServerConfigKeys (ConfUtils.java:logGet(43)) - raft.server.rpc.request.timeout = 3000ms (default)
2019-09-10 22:22:45,825 [4219e7de-d6f6-40f0-9e98-fa950fd200be@group-CA147C2DB95A:LeaderElection12] INFO  server.RaftServerConfigKeys (ConfUtils.java:logGet(43)) - raft.server.log.appender.install.snapshot.enabled = false (custom)
2019-09-10 22:22:45,826 [4219e7de-d6f6-40f0-9e98-fa950fd200be@group-CA147C2DB95A:LeaderElection12] INFO  impl.RoleInfo (RoleInfo.java:updateAndGet(143)) - 4219e7de-d6f6-40f0-9e98-fa950fd200be: start LeaderState
2019-09-10 22:22:45,826 [4219e7de-d6f6-40f0-9e98-fa950fd200be@group-CA147C2DB95A:LeaderElection12] INFO  segmented.SegmentedRaftLogWorker (SegmentedRaftLogWorker.java:startLogSegment(380)) - 4219e7de-d6f6-40f0-9e98-fa950fd200be@group-CA147C2DB95A-SegmentedRaftLogWorker: Starting segment from index:0
2019-09-10 22:22:45,828 [4219e7de-d6f6-40f0-9e98-fa950fd200be@group-CA147C2DB95A:LeaderElection12] INFO  impl.RaftServerImpl (ServerState.java:setRaftConf(354)) - 4219e7de-d6f6-40f0-9e98-fa950fd200be@group-CA147C2DB95A: set configuration 0: [4e1c38a0-fd03-44f2-a193-28de59e69b87:192.168.34.57:41382, 4219e7de-d6f6-40f0-9e98-fa950fd200be:192.168.34.57:37976, 901346ab-67df-4dd5-b7cf-edcbf56b35ff:192.168.34.57:34729], old=null at 0
2019-09-10 22:22:45,872 [grpc-default-executor-1] INFO  impl.RaftServerImpl (ServerState.java:setLeader(253)) - 4e1c38a0-fd03-44f2-a193-28de59e69b87@group-CA147C2DB95A: change Leader from null to 4219e7de-d6f6-40f0-9e98-fa950fd200be at term 1 for appendEntries, leader elected after 5147ms
2019-09-10 22:22:45,872 [grpc-default-executor-8] INFO  impl.RaftServerImpl (ServerState.java:setLeader(253)) - 901346ab-67df-4dd5-b7cf-edcbf56b35ff@group-CA147C2DB95A: change Leader from null to 4219e7de-d6f6-40f0-9e98-fa950fd200be at term 1 for appendEntries, leader elected after 5145ms
2019-09-10 22:22:45,875 [4219e7de-d6f6-40f0-9e98-fa950fd200be@group-CA147C2DB95A-SegmentedRaftLogWorker] INFO  segmented.SegmentedRaftLogWorker (SegmentedRaftLogWorker.java:execute(569)) - 4219e7de-d6f6-40f0-9e98-fa950fd200be@group-CA147C2DB95A-SegmentedRaftLogWorker: created new log segment /workdir/hadoop-ozone/integration-test/target/test-dir/MiniOzoneClusterImpl-61348bed-b9c3-4bcb-a90c-f3d9607d6304/datanode-2/data/ratis/c91f1d23-fa50-4cca-991b-ca147c2db95a/current/log_inprogress_0
2019-09-10 22:22:45,892 [grpc-default-executor-1] INFO  impl.RaftServerImpl (ServerState.java:setRaftConf(354)) - 4e1c38a0-fd03-44f2-a193-28de59e69b87@group-CA147C2DB95A: set configuration 0: [4e1c38a0-fd03-44f2-a193-28de59e69b87:192.168.34.57:41382, 4219e7de-d6f6-40f0-9e98-fa950fd200be:192.168.34.57:37976, 901346ab-67df-4dd5-b7cf-edcbf56b35ff:192.168.34.57:34729], old=null at 0
2019-09-10 22:22:45,892 [grpc-default-executor-8] INFO  impl.RaftServerImpl (ServerState.java:setRaftConf(354)) - 901346ab-67df-4dd5-b7cf-edcbf56b35ff@group-CA147C2DB95A: set configuration 0: [4e1c38a0-fd03-44f2-a193-28de59e69b87:192.168.34.57:41382, 4219e7de-d6f6-40f0-9e98-fa950fd200be:192.168.34.57:37976, 901346ab-67df-4dd5-b7cf-edcbf56b35ff:192.168.34.57:34729], old=null at 0
2019-09-10 22:22:45,892 [grpc-default-executor-1] INFO  segmented.SegmentedRaftLogWorker (SegmentedRaftLogWorker.java:startLogSegment(380)) - 4e1c38a0-fd03-44f2-a193-28de59e69b87@group-CA147C2DB95A-SegmentedRaftLogWorker: Starting segment from index:0
2019-09-10 22:22:45,892 [grpc-default-executor-8] INFO  segmented.SegmentedRaftLogWorker (SegmentedRaftLogWorker.java:startLogSegment(380)) - 901346ab-67df-4dd5-b7cf-edcbf56b35ff@group-CA147C2DB95A-SegmentedRaftLogWorker: Starting segment from index:0
2019-09-10 22:22:45,927 [4e1c38a0-fd03-44f2-a193-28de59e69b87@group-CA147C2DB95A-SegmentedRaftLogWorker] INFO  segmented.SegmentedRaftLogWorker (SegmentedRaftLogWorker.java:execute(569)) - 4e1c38a0-fd03-44f2-a193-28de59e69b87@group-CA147C2DB95A-SegmentedRaftLogWorker: created new log segment /workdir/hadoop-ozone/integration-test/target/test-dir/MiniOzoneClusterImpl-61348bed-b9c3-4bcb-a90c-f3d9607d6304/datanode-4/data/ratis/c91f1d23-fa50-4cca-991b-ca147c2db95a/current/log_inprogress_0
2019-09-10 22:22:45,927 [901346ab-67df-4dd5-b7cf-edcbf56b35ff@group-CA147C2DB95A-SegmentedRaftLogWorker] INFO  segmented.SegmentedRaftLogWorker (SegmentedRaftLogWorker.java:execute(569)) - 901346ab-67df-4dd5-b7cf-edcbf56b35ff@group-CA147C2DB95A-SegmentedRaftLogWorker: created new log segment /workdir/hadoop-ozone/integration-test/target/test-dir/MiniOzoneClusterImpl-61348bed-b9c3-4bcb-a90c-f3d9607d6304/datanode-1/data/ratis/c91f1d23-fa50-4cca-991b-ca147c2db95a/current/log_inprogress_0
2019-09-10 22:22:46,575 [grpc-default-executor-1] INFO  client.GrpcClientProtocolClient (GrpcClientProtocolClient.java:onNext(264)) - client-16A04C645B6B->4219e7de-d6f6-40f0-9e98-fa950fd200be: receive RaftClientReply:client-16A04C645B6B->4219e7de-d6f6-40f0-9e98-fa950fd200be@group-CA147C2DB95A, cid=30, SUCCESS, logIndex=1, commits[4219e7de-d6f6-40f0-9e98-fa950fd200be:c1, 4e1c38a0-fd03-44f2-a193-28de59e69b87:c0, 901346ab-67df-4dd5-b7cf-edcbf56b35ff:c0]
2019-09-10 22:22:46,605 [grpc-default-executor-8] INFO  client.GrpcClientProtocolClient (GrpcClientProtocolClient.java:onNext(264)) - client-16A04C645B6B->4219e7de-d6f6-40f0-9e98-fa950fd200be: receive RaftClientReply:client-16A04C645B6B->4219e7de-d6f6-40f0-9e98-fa950fd200be@group-CA147C2DB95A, cid=31, SUCCESS, logIndex=3, commits[4219e7de-d6f6-40f0-9e98-fa950fd200be:c4, 4e1c38a0-fd03-44f2-a193-28de59e69b87:c2, 901346ab-67df-4dd5-b7cf-edcbf56b35ff:c2]
2019-09-10 22:22:46,634 [grpc-default-executor-0] INFO  client.GrpcClientProtocolClient (GrpcClientProtocolClient.java:onNext(264)) - client-16A04C645B6B->4219e7de-d6f6-40f0-9e98-fa950fd200be: receive RaftClientReply:client-16A04C645B6B->4219e7de-d6f6-40f0-9e98-fa950fd200be@group-CA147C2DB95A, cid=32, SUCCESS, logIndex=4, commits[4219e7de-d6f6-40f0-9e98-fa950fd200be:c6, 4e1c38a0-fd03-44f2-a193-28de59e69b87:c4, 901346ab-67df-4dd5-b7cf-edcbf56b35ff:c4]
]]></system-out>
  </testcase>
  <testcase name="testFullBufferCondition" classname="org.apache.hadoop.ozone.client.rpc.TestBlockOutputStream" time="0.433"/>
  <testcase name="testBufferCaching" classname="org.apache.hadoop.ozone.client.rpc.TestBlockOutputStream" time="0.336"/>
  <testcase name="testWriteWithExceedingMaxBufferLimit" classname="org.apache.hadoop.ozone.client.rpc.TestBlockOutputStream" time="0.157"/>
</testsuite>