<?xml version="1.0" encoding="UTF-8"?>
<testsuite xmlns:xsi="http://www.w3.org/2001/XMLSchema-instance" xsi:noNamespaceSchemaLocation="https://maven.apache.org/surefire/maven-surefire-plugin/xsd/surefire-test-report.xsd" name="org.apache.hadoop.ozone.client.rpc.TestMultiBlockWritesWithDnFailures" time="31.247" tests="1" errors="1" skipped="0" failures="0">
  <properties>
    <property name="awt.toolkit" value="sun.awt.X11.XToolkit"/>
    <property name="file.encoding.pkg" value="sun.io"/>
    <property name="java.specification.version" value="1.8"/>
    <property name="sun.cpu.isalist" value=""/>
    <property name="sun.jnu.encoding" value="UTF-8"/>
    <property name="java.class.path" value="/workdir/hadoop-ozone/integration-test/target/test-classes:/workdir/hadoop-ozone/integration-test/target/classes:/home/user/.m2/repository/org/apache/hadoop/hadoop-ozone-common/0.5.0-SNAPSHOT/hadoop-ozone-common-0.5.0-SNAPSHOT.jar:/home/user/.m2/repository/org/apache/commons/commons-compress/1.4.1/commons-compress-1.4.1.jar:/home/user/.m2/repository/org/tukaani/xz/1.0/xz-1.0.jar:/home/user/.m2/repository/org/apache/hadoop/hadoop-common/3.2.0/hadoop-common-3.2.0.jar:/home/user/.m2/repository/org/apache/hadoop/hadoop-hdfs/3.2.0/hadoop-hdfs-3.2.0.jar:/home/user/.m2/repository/org/apache/hadoop/hadoop-hdfs-client/3.2.0/hadoop-hdfs-client-3.2.0.jar:/home/user/.m2/repository/com/fasterxml/jackson/core/jackson-annotations/2.9.5/jackson-annotations-2.9.5.jar:/home/user/.m2/repository/org/apache/hadoop/hadoop-hdds-common/0.5.0-SNAPSHOT/hadoop-hdds-common-0.5.0-SNAPSHOT.jar:/home/user/.m2/repository/javax/annotation/javax.annotation-api/1.2/javax.annotation-api-1.2.jar:/home/user/.m2/repository/org/apache/ratis/ratis-server/0.4.0-2337318-SNAPSHOT/ratis-server-0.4.0-2337318-SNAPSHOT.jar:/home/user/.m2/repository/org/apache/ratis/ratis-thirdparty-misc/0.2.0/ratis-thirdparty-misc-0.2.0.jar:/home/user/.m2/repository/org/apache/ratis/ratis-proto/0.4.0-2337318-SNAPSHOT/ratis-proto-0.4.0-2337318-SNAPSHOT.jar:/home/user/.m2/repository/org/apache/ratis/ratis-common/0.4.0-2337318-SNAPSHOT/ratis-common-0.4.0-2337318-SNAPSHOT.jar:/home/user/.m2/repository/org/apache/ratis/ratis-client/0.4.0-2337318-SNAPSHOT/ratis-client-0.4.0-2337318-SNAPSHOT.jar:/home/user/.m2/repository/org/apache/ratis/ratis-metrics/0.4.0-2337318-SNAPSHOT/ratis-metrics-0.4.0-2337318-SNAPSHOT.jar:/home/user/.m2/repository/org/apache/ratis/ratis-netty/0.4.0-2337318-SNAPSHOT/ratis-netty-0.4.0-2337318-SNAPSHOT.jar:/home/user/.m2/repository/org/apache/ratis/ratis-grpc/0.4.0-2337318-SNAPSHOT/ratis-grpc-0.4.0-2337318-SNAPSHOT.jar:/home/user/.m2/repository/org/rocksdb/rocksdbjni/6.0.1/rocksdbjni-6.0.1.jar:/home/user/.m2/repository/org/apache/logging/log4j/log4j-api/2.11.0/log4j-api-2.11.0.jar:/home/user/.m2/repository/org/apache/logging/log4j/log4j-core/2.11.0/log4j-core-2.11.0.jar:/home/user/.m2/repository/com/lmax/disruptor/3.4.2/disruptor-3.4.2.jar:/home/user/.m2/repository/org/apache/commons/commons-pool2/2.6.0/commons-pool2-2.6.0.jar:/home/user/.m2/repository/org/bouncycastle/bcpkix-jdk15on/1.60/bcpkix-jdk15on-1.60.jar:/home/user/.m2/repository/commons-validator/commons-validator/1.6/commons-validator-1.6.jar:/home/user/.m2/repository/commons-digester/commons-digester/1.8.1/commons-digester-1.8.1.jar:/home/user/.m2/repository/io/jaegertracing/jaeger-client/0.33.1/jaeger-client-0.33.1.jar:/home/user/.m2/repository/io/jaegertracing/jaeger-thrift/0.33.1/jaeger-thrift-0.33.1.jar:/home/user/.m2/repository/org/apache/thrift/libthrift/0.11.0/libthrift-0.11.0.jar:/home/user/.m2/repository/com/squareup/okhttp3/okhttp/3.9.0/okhttp-3.9.0.jar:/home/user/.m2/repository/com/squareup/okio/okio/1.13.0/okio-1.13.0.jar:/home/user/.m2/repository/io/jaegertracing/jaeger-core/0.33.1/jaeger-core-0.33.1.jar:/home/user/.m2/repository/io/jaegertracing/jaeger-tracerresolver/0.33.1/jaeger-tracerresolver-0.33.1.jar:/home/user/.m2/repository/io/opentracing/contrib/opentracing-tracerresolver/0.1.5/opentracing-tracerresolver-0.1.5.jar:/home/user/.m2/repository/io/opentracing/opentracing-util/0.31.0/opentracing-util-0.31.0.jar:/home/user/.m2/repository/io/opentracing/opentracing-api/0.31.0/opentracing-api-0.31.0.jar:/home/user/.m2/repository/io/opentracing/opentracing-noop/0.31.0/opentracing-noop-0.31.0.jar:/home/user/.m2/repository/org/apache/hadoop/hadoop-hdds-server-framework/0.5.0-SNAPSHOT/hadoop-hdds-server-framework-0.5.0-SNAPSHOT.jar:/home/user/.m2/repository/org/apache/hadoop/hadoop-hdds-container-service/0.5.0-SNAPSHOT/hadoop-hdds-container-service-0.5.0-SNAPSHOT.jar:/home/user/.m2/repository/org/apache/hadoop/hadoop-hdds-client/0.5.0-SNAPSHOT/hadoop-hdds-client-0.5.0-SNAPSHOT.jar:/home/user/.m2/repository/org/apache/hadoop/hadoop-hdds-tools/0.5.0-SNAPSHOT/hadoop-hdds-tools-0.5.0-SNAPSHOT.jar:/home/user/.m2/repository/org/apache/hadoop/hadoop-hdds-server-scm/0.5.0-SNAPSHOT/hadoop-hdds-server-scm-0.5.0-SNAPSHOT.jar:/home/user/.m2/repository/org/apache/hadoop/hadoop-hdds-docs/0.5.0-SNAPSHOT/hadoop-hdds-docs-0.5.0-SNAPSHOT.jar:/home/user/.m2/repository/io/dropwizard/metrics/metrics-core/3.2.4/metrics-core-3.2.4.jar:/home/user/.m2/repository/org/hamcrest/hamcrest-all/1.3/hamcrest-all-1.3.jar:/home/user/.m2/repository/org/bouncycastle/bcprov-jdk15on/1.60/bcprov-jdk15on-1.60.jar:/home/user/.m2/repository/info/picocli/picocli/3.9.6/picocli-3.9.6.jar:/home/user/.m2/repository/com/google/protobuf/protobuf-java/2.5.0/protobuf-java-2.5.0.jar:/home/user/.m2/repository/com/google/guava/guava/11.0.2/guava-11.0.2.jar:/home/user/.m2/repository/org/apache/hadoop/hadoop-ozone-ozone-manager/0.5.0-SNAPSHOT/hadoop-ozone-ozone-manager-0.5.0-SNAPSHOT.jar:/home/user/.m2/repository/org/apache/hadoop/hadoop-minikdc/3.2.0/hadoop-minikdc-3.2.0.jar:/home/user/.m2/repository/commons-io/commons-io/2.5/commons-io-2.5.jar:/home/user/.m2/repository/org/apache/kerby/kerb-simplekdc/1.0.1/kerb-simplekdc-1.0.1.jar:/home/user/.m2/repository/org/apache/kerby/kerb-client/1.0.1/kerb-client-1.0.1.jar:/home/user/.m2/repository/org/apache/kerby/kerby-config/1.0.1/kerby-config-1.0.1.jar:/home/user/.m2/repository/org/apache/kerby/kerb-core/1.0.1/kerb-core-1.0.1.jar:/home/user/.m2/repository/org/apache/kerby/kerby-pkix/1.0.1/kerby-pkix-1.0.1.jar:/home/user/.m2/repository/org/apache/kerby/kerby-asn1/1.0.1/kerby-asn1-1.0.1.jar:/home/user/.m2/repository/org/apache/kerby/kerby-util/1.0.1/kerby-util-1.0.1.jar:/home/user/.m2/repository/org/apache/kerby/kerb-common/1.0.1/kerb-common-1.0.1.jar:/home/user/.m2/repository/org/apache/kerby/kerb-crypto/1.0.1/kerb-crypto-1.0.1.jar:/home/user/.m2/repository/org/apache/kerby/kerb-util/1.0.1/kerb-util-1.0.1.jar:/home/user/.m2/repository/org/apache/kerby/token-provider/1.0.1/token-provider-1.0.1.jar:/home/user/.m2/repository/org/apache/kerby/kerb-admin/1.0.1/kerb-admin-1.0.1.jar:/home/user/.m2/repository/org/apache/kerby/kerb-server/1.0.1/kerb-server-1.0.1.jar:/home/user/.m2/repository/org/apache/kerby/kerb-identity/1.0.1/kerb-identity-1.0.1.jar:/home/user/.m2/repository/org/apache/kerby/kerby-xdr/1.0.1/kerby-xdr-1.0.1.jar:/home/user/.m2/repository/org/slf4j/slf4j-log4j12/1.7.25/slf4j-log4j12-1.7.25.jar:/home/user/.m2/repository/org/apache/hadoop/hadoop-ozone-objectstore-service/0.5.0-SNAPSHOT/hadoop-ozone-objectstore-service-0.5.0-SNAPSHOT.jar:/home/user/.m2/repository/org/apache/hadoop/hadoop-ozone-s3gateway/0.5.0-SNAPSHOT/hadoop-ozone-s3gateway-0.5.0-SNAPSHOT.jar:/home/user/.m2/repository/org/jboss/weld/servlet/weld-servlet/2.4.7.Final/weld-servlet-2.4.7.Final.jar:/home/user/.m2/repository/org/glassfish/jersey/containers/jersey-container-servlet-core/2.27/jersey-container-servlet-core-2.27.jar:/home/user/.m2/repository/org/glassfish/hk2/external/javax.inject/2.5.0-b42/javax.inject-2.5.0-b42.jar:/home/user/.m2/repository/org/glassfish/jersey/core/jersey-common/2.27/jersey-common-2.27.jar:/home/user/.m2/repository/org/glassfish/hk2/osgi-resource-locator/1.0.1/osgi-resource-locator-1.0.1.jar:/home/user/.m2/repository/javax/ws/rs/javax.ws.rs-api/2.1/javax.ws.rs-api-2.1.jar:/home/user/.m2/repository/org/glassfish/jersey/ext/cdi/jersey-cdi1x/2.27/jersey-cdi1x-2.27.jar:/home/user/.m2/repository/org/glassfish/jersey/inject/jersey-hk2/2.27/jersey-hk2-2.27.jar:/home/user/.m2/repository/org/glassfish/hk2/hk2-locator/2.5.0-b42/hk2-locator-2.5.0-b42.jar:/home/user/.m2/repository/org/javassist/javassist/3.22.0-CR2/javassist-3.22.0-CR2.jar:/home/user/.m2/repository/org/glassfish/hk2/hk2-api/2.5.0/hk2-api-2.5.0.jar:/home/user/.m2/repository/org/glassfish/hk2/external/jakarta.inject/2.5.0/jakarta.inject-2.5.0.jar:/home/user/.m2/repository/org/glassfish/hk2/hk2-utils/2.5.0/hk2-utils-2.5.0.jar:/home/user/.m2/repository/jakarta/annotation/jakarta.annotation-api/1.3.4/jakarta.annotation-api-1.3.4.jar:/home/user/.m2/repository/org/glassfish/hk2/external/aopalliance-repackaged/2.5.0/aopalliance-repackaged-2.5.0.jar:/home/user/.m2/repository/com/fasterxml/jackson/dataformat/jackson-dataformat-xml/2.9.0/jackson-dataformat-xml-2.9.0.jar:/home/user/.m2/repository/com/fasterxml/jackson/core/jackson-core/2.9.5/jackson-core-2.9.5.jar:/home/user/.m2/repository/com/fasterxml/jackson/module/jackson-module-jaxb-annotations/2.9.5/jackson-module-jaxb-annotations-2.9.5.jar:/home/user/.m2/repository/javax/enterprise/cdi-api/1.2/cdi-api-1.2.jar:/home/user/.m2/repository/javax/el/javax.el-api/3.0.0/javax.el-api-3.0.0.jar:/home/user/.m2/repository/javax/interceptor/javax.interceptor-api/1.2/javax.interceptor-api-1.2.jar:/home/user/.m2/repository/javax/inject/javax.inject/1/javax.inject-1.jar:/home/user/.m2/repository/com/sun/xml/bind/jaxb-impl/2.3.0.1/jaxb-impl-2.3.0.1.jar:/home/user/.m2/repository/com/sun/xml/bind/jaxb-core/2.3.0.1/jaxb-core-2.3.0.1.jar:/home/user/.m2/repository/javax/xml/bind/jaxb-api/2.3.0/jaxb-api-2.3.0.jar:/home/user/.m2/repository/javax/activation/activation/1.1.1/activation-1.1.1.jar:/home/user/.m2/repository/org/apache/hadoop/hadoop-ozone-csi/0.5.0-SNAPSHOT/hadoop-ozone-csi-0.5.0-SNAPSHOT.jar:/home/user/.m2/repository/com/google/protobuf/protobuf-java-util/3.5.1/protobuf-java-util-3.5.1.jar:/home/user/.m2/repository/org/apache/hadoop/hadoop-hdds-config/0.5.0-SNAPSHOT/hadoop-hdds-config-0.5.0-SNAPSHOT.jar:/home/user/.m2/repository/io/grpc/grpc-netty/1.17.1/grpc-netty-1.17.1.jar:/home/user/.m2/repository/io/grpc/grpc-core/1.17.1/grpc-core-1.17.1.jar:/home/user/.m2/repository/io/grpc/grpc-context/1.17.1/grpc-context-1.17.1.jar:/home/user/.m2/repository/com/google/errorprone/error_prone_annotations/2.2.0/error_prone_annotations-2.2.0.jar:/home/user/.m2/repository/org/codehaus/mojo/animal-sniffer-annotations/1.17/animal-sniffer-annotations-1.17.jar:/home/user/.m2/repository/io/opencensus/opencensus-api/0.17.0/opencensus-api-0.17.0.jar:/home/user/.m2/repository/io/opencensus/opencensus-contrib-grpc-metrics/0.17.0/opencensus-contrib-grpc-metrics-0.17.0.jar:/home/user/.m2/repository/io/netty/netty-codec-http2/4.1.30.Final/netty-codec-http2-4.1.30.Final.jar:/home/user/.m2/repository/io/netty/netty-codec-http/4.1.30.Final/netty-codec-http-4.1.30.Final.jar:/home/user/.m2/repository/io/netty/netty-codec/4.1.30.Final/netty-codec-4.1.30.Final.jar:/home/user/.m2/repository/io/netty/netty-handler/4.1.30.Final/netty-handler-4.1.30.Final.jar:/home/user/.m2/repository/io/netty/netty-handler-proxy/4.1.30.Final/netty-handler-proxy-4.1.30.Final.jar:/home/user/.m2/repository/io/netty/netty-codec-socks/4.1.30.Final/netty-codec-socks-4.1.30.Final.jar:/home/user/.m2/repository/io/netty/netty-transport-native-epoll/4.1.30.Final/netty-transport-native-epoll-4.1.30.Final.jar:/home/user/.m2/repository/io/netty/netty-common/4.1.30.Final/netty-common-4.1.30.Final.jar:/home/user/.m2/repository/io/netty/netty-buffer/4.1.30.Final/netty-buffer-4.1.30.Final.jar:/home/user/.m2/repository/io/netty/netty-transport/4.1.30.Final/netty-transport-4.1.30.Final.jar:/home/user/.m2/repository/io/netty/netty-resolver/4.1.30.Final/netty-resolver-4.1.30.Final.jar:/home/user/.m2/repository/io/netty/netty-transport-native-unix-common/4.1.30.Final/netty-transport-native-unix-common-4.1.30.Final.jar:/home/user/.m2/repository/io/grpc/grpc-protobuf/1.17.1/grpc-protobuf-1.17.1.jar:/home/user/.m2/repository/com/google/api/grpc/proto-google-common-protos/1.0.0/proto-google-common-protos-1.0.0.jar:/home/user/.m2/repository/io/grpc/grpc-protobuf-lite/1.17.1/grpc-protobuf-lite-1.17.1.jar:/home/user/.m2/repository/io/grpc/grpc-stub/1.17.1/grpc-stub-1.17.1.jar:/home/user/.m2/repository/org/apache/hadoop/hadoop-ozone-recon/0.5.0-SNAPSHOT/hadoop-ozone-recon-0.5.0-SNAPSHOT.jar:/home/user/.m2/repository/org/apache/hadoop/hadoop-ozone-reconcodegen/0.5.0-SNAPSHOT/hadoop-ozone-reconcodegen-0.5.0-SNAPSHOT.jar:/home/user/.m2/repository/com/google/inject/extensions/guice-multibindings/4.0/guice-multibindings-4.0.jar:/home/user/.m2/repository/com/google/inject/guice/4.0/guice-4.0.jar:/home/user/.m2/repository/aopalliance/aopalliance/1.0/aopalliance-1.0.jar:/home/user/.m2/repository/com/google/inject/extensions/guice-servlet/4.0/guice-servlet-4.0.jar:/home/user/.m2/repository/org/glassfish/jersey/containers/jersey-container-servlet/2.27/jersey-container-servlet-2.27.jar:/home/user/.m2/repository/org/glassfish/hk2/guice-bridge/2.5.0/guice-bridge-2.5.0.jar:/home/user/.m2/repository/org/glassfish/jersey/core/jersey-server/2.27/jersey-server-2.27.jar:/home/user/.m2/repository/org/glassfish/jersey/core/jersey-client/2.27/jersey-client-2.27.jar:/home/user/.m2/repository/org/glassfish/jersey/media/jersey-media-jaxb/2.27/jersey-media-jaxb-2.27.jar:/home/user/.m2/repository/javax/validation/validation-api/1.1.0.Final/validation-api-1.1.0.Final.jar:/home/user/.m2/repository/org/glassfish/jersey/media/jersey-media-json-jackson/2.27/jersey-media-json-jackson-2.27.jar:/home/user/.m2/repository/org/glassfish/jersey/ext/jersey-entity-filtering/2.27/jersey-entity-filtering-2.27.jar:/home/user/.m2/repository/com/google/inject/extensions/guice-assistedinject/4.0/guice-assistedinject-4.0.jar:/home/user/.m2/repository/org/jooq/jooq/3.11.10/jooq-3.11.10.jar:/home/user/.m2/repository/org/jooq/jooq-meta/3.11.10/jooq-meta-3.11.10.jar:/home/user/.m2/repository/org/jooq/jooq-codegen/3.11.10/jooq-codegen-3.11.10.jar:/home/user/.m2/repository/com/jolbox/bonecp/0.8.0.RELEASE/bonecp-0.8.0.RELEASE.jar:/home/user/.m2/repository/org/xerial/sqlite-jdbc/3.25.2/sqlite-jdbc-3.25.2.jar:/home/user/.m2/repository/org/springframework/spring-jdbc/5.1.3.RELEASE/spring-jdbc-5.1.3.RELEASE.jar:/home/user/.m2/repository/org/springframework/spring-beans/5.1.3.RELEASE/spring-beans-5.1.3.RELEASE.jar:/home/user/.m2/repository/org/springframework/spring-core/5.1.3.RELEASE/spring-core-5.1.3.RELEASE.jar:/home/user/.m2/repository/org/springframework/spring-jcl/5.1.3.RELEASE/spring-jcl-5.1.3.RELEASE.jar:/home/user/.m2/repository/org/springframework/spring-tx/5.1.3.RELEASE/spring-tx-5.1.3.RELEASE.jar:/home/user/.m2/repository/org/apache/hadoop/hadoop-ozone-client/0.5.0-SNAPSHOT/hadoop-ozone-client-0.5.0-SNAPSHOT.jar:/home/user/.m2/repository/commons-lang/commons-lang/2.6/commons-lang-2.6.jar:/home/user/.m2/repository/org/apache/hadoop/hadoop-ozone-ozone-manager/0.5.0-SNAPSHOT/hadoop-ozone-ozone-manager-0.5.0-SNAPSHOT-tests.jar:/home/user/.m2/repository/junit/junit/4.11/junit-4.11.jar:/home/user/.m2/repository/org/hamcrest/hamcrest-core/1.3/hamcrest-core-1.3.jar:/home/user/.m2/repository/org/openjdk/jmh/jmh-core/1.19/jmh-core-1.19.jar:/home/user/.m2/repository/net/sf/jopt-simple/jopt-simple/4.6/jopt-simple-4.6.jar:/home/user/.m2/repository/org/apache/commons/commons-math3/3.1.1/commons-math3-3.1.1.jar:/home/user/.m2/repository/org/openjdk/jmh/jmh-generator-annprocess/1.19/jmh-generator-annprocess-1.19.jar:/home/user/.m2/repository/org/mockito/mockito-all/1.8.5/mockito-all-1.8.5.jar:/home/user/.m2/repository/org/apache/hadoop/hadoop-kms/3.2.0/hadoop-kms-3.2.0.jar:/home/user/.m2/repository/org/apache/hadoop/hadoop-auth/3.2.0/hadoop-auth-3.2.0.jar:/home/user/.m2/repository/com/nimbusds/nimbus-jose-jwt/4.41.1/nimbus-jose-jwt-4.41.1.jar:/home/user/.m2/repository/com/github/stephenc/jcip/jcip-annotations/1.0-1/jcip-annotations-1.0-1.jar:/home/user/.m2/repository/net/minidev/json-smart/2.3/json-smart-2.3.jar:/home/user/.m2/repository/net/minidev/accessors-smart/1.2/accessors-smart-1.2.jar:/home/user/.m2/repository/org/ow2/asm/asm/5.0.4/asm-5.0.4.jar:/home/user/.m2/repository/org/apache/curator/curator-framework/2.12.0/curator-framework-2.12.0.jar:/home/user/.m2/repository/com/sun/jersey/jersey-core/1.19/jersey-core-1.19.jar:/home/user/.m2/repository/javax/ws/rs/jsr311-api/1.1.1/jsr311-api-1.1.1.jar:/home/user/.m2/repository/com/sun/jersey/jersey-server/1.19/jersey-server-1.19.jar:/home/user/.m2/repository/javax/servlet/javax.servlet-api/3.1.0/javax.servlet-api-3.1.0.jar:/home/user/.m2/repository/org/eclipse/jetty/jetty-server/9.3.24.v20180605/jetty-server-9.3.24.v20180605.jar:/home/user/.m2/repository/org/eclipse/jetty/jetty-http/9.3.24.v20180605/jetty-http-9.3.24.v20180605.jar:/home/user/.m2/repository/org/eclipse/jetty/jetty-io/9.3.24.v20180605/jetty-io-9.3.24.v20180605.jar:/home/user/.m2/repository/org/eclipse/jetty/jetty-webapp/9.3.24.v20180605/jetty-webapp-9.3.24.v20180605.jar:/home/user/.m2/repository/org/eclipse/jetty/jetty-xml/9.3.24.v20180605/jetty-xml-9.3.24.v20180605.jar:/home/user/.m2/repository/log4j/log4j/1.2.17/log4j-1.2.17.jar:/home/user/.m2/repository/org/slf4j/slf4j-api/1.7.25/slf4j-api-1.7.25.jar:/home/user/.m2/repository/org/slf4j/jul-to-slf4j/1.7.25/jul-to-slf4j-1.7.25.jar:/home/user/.m2/repository/org/eclipse/jetty/jetty-util/9.3.24.v20180605/jetty-util-9.3.24.v20180605.jar:/home/user/.m2/repository/com/fasterxml/jackson/core/jackson-databind/2.9.5/jackson-databind-2.9.5.jar:/home/user/.m2/repository/org/apache/hadoop/hadoop-kms/3.2.0/hadoop-kms-3.2.0-tests.jar:/home/user/.m2/repository/org/apache/hadoop/hadoop-hdds-server-scm/0.5.0-SNAPSHOT/hadoop-hdds-server-scm-0.5.0-SNAPSHOT-tests.jar:/home/user/.m2/repository/org/apache/hadoop/hadoop-hdds-container-service/0.5.0-SNAPSHOT/hadoop-hdds-container-service-0.5.0-SNAPSHOT-tests.jar:/home/user/.m2/repository/org/yaml/snakeyaml/1.16/snakeyaml-1.16.jar:/home/user/.m2/repository/org/apache/hadoop/hadoop-common/3.2.0/hadoop-common-3.2.0-tests.jar:/home/user/.m2/repository/org/apache/hadoop/hadoop-annotations/3.2.0/hadoop-annotations-3.2.0.jar:/usr/lib/jvm/java-1.8-openjdk/jre/../lib/tools.jar:/home/user/.m2/repository/commons-cli/commons-cli/1.2/commons-cli-1.2.jar:/home/user/.m2/repository/org/apache/httpcomponents/httpclient/4.5.2/httpclient-4.5.2.jar:/home/user/.m2/repository/org/apache/httpcomponents/httpcore/4.4.4/httpcore-4.4.4.jar:/home/user/.m2/repository/commons-codec/commons-codec/1.11/commons-codec-1.11.jar:/home/user/.m2/repository/commons-net/commons-net/3.6/commons-net-3.6.jar:/home/user/.m2/repository/commons-collections/commons-collections/3.2.2/commons-collections-3.2.2.jar:/home/user/.m2/repository/org/eclipse/jetty/jetty-servlet/9.3.24.v20180605/jetty-servlet-9.3.24.v20180605.jar:/home/user/.m2/repository/org/eclipse/jetty/jetty-security/9.3.24.v20180605/jetty-security-9.3.24.v20180605.jar:/home/user/.m2/repository/javax/servlet/jsp/jsp-api/2.1/jsp-api-2.1.jar:/home/user/.m2/repository/com/sun/jersey/jersey-servlet/1.19/jersey-servlet-1.19.jar:/home/user/.m2/repository/com/sun/jersey/jersey-json/1.19/jersey-json-1.19.jar:/home/user/.m2/repository/org/codehaus/jettison/jettison/1.1/jettison-1.1.jar:/home/user/.m2/repository/org/codehaus/jackson/jackson-core-asl/1.9.13/jackson-core-asl-1.9.13.jar:/home/user/.m2/repository/org/codehaus/jackson/jackson-mapper-asl/1.9.13/jackson-mapper-asl-1.9.13.jar:/home/user/.m2/repository/org/codehaus/jackson/jackson-jaxrs/1.9.13/jackson-jaxrs-1.9.13.jar:/home/user/.m2/repository/org/codehaus/jackson/jackson-xc/1.9.13/jackson-xc-1.9.13.jar:/home/user/.m2/repository/commons-logging/commons-logging/1.1.3/commons-logging-1.1.3.jar:/home/user/.m2/repository/commons-beanutils/commons-beanutils/1.9.3/commons-beanutils-1.9.3.jar:/home/user/.m2/repository/org/apache/commons/commons-configuration2/2.1.1/commons-configuration2-2.1.1.jar:/home/user/.m2/repository/org/apache/commons/commons-lang3/3.7/commons-lang3-3.7.jar:/home/user/.m2/repository/org/apache/commons/commons-text/1.4/commons-text-1.4.jar:/home/user/.m2/repository/org/apache/avro/avro/1.7.7/avro-1.7.7.jar:/home/user/.m2/repository/com/thoughtworks/paranamer/paranamer/2.3/paranamer-2.3.jar:/home/user/.m2/repository/org/xerial/snappy/snappy-java/1.0.5/snappy-java-1.0.5.jar:/home/user/.m2/repository/com/google/re2j/re2j/1.1/re2j-1.1.jar:/home/user/.m2/repository/com/google/code/gson/gson/2.2.4/gson-2.2.4.jar:/home/user/.m2/repository/com/jcraft/jsch/0.1.54/jsch-0.1.54.jar:/home/user/.m2/repository/org/apache/curator/curator-client/2.12.0/curator-client-2.12.0.jar:/home/user/.m2/repository/org/apache/curator/curator-recipes/2.12.0/curator-recipes-2.12.0.jar:/home/user/.m2/repository/com/google/code/findbugs/jsr305/3.0.0/jsr305-3.0.0.jar:/home/user/.m2/repository/org/apache/htrace/htrace-core4/4.1.0-incubating/htrace-core4-4.1.0-incubating.jar:/home/user/.m2/repository/org/apache/zookeeper/zookeeper/3.4.13/zookeeper-3.4.13.jar:/home/user/.m2/repository/org/apache/yetus/audience-annotations/0.5.0/audience-annotations-0.5.0.jar:/home/user/.m2/repository/org/codehaus/woodstox/stax2-api/3.1.4/stax2-api-3.1.4.jar:/home/user/.m2/repository/com/fasterxml/woodstox/woodstox-core/5.0.3/woodstox-core-5.0.3.jar:/home/user/.m2/repository/dnsjava/dnsjava/2.1.7/dnsjava-2.1.7.jar:/home/user/.m2/repository/org/apache/hadoop/hadoop-hdfs/3.2.0/hadoop-hdfs-3.2.0-tests.jar:/home/user/.m2/repository/org/eclipse/jetty/jetty-util-ajax/9.3.24.v20180605/jetty-util-ajax-9.3.24.v20180605.jar:/home/user/.m2/repository/commons-daemon/commons-daemon/1.0.13/commons-daemon-1.0.13.jar:/home/user/.m2/repository/io/netty/netty/3.10.5.Final/netty-3.10.5.Final.jar:/home/user/.m2/repository/io/netty/netty-all/4.0.52.Final/netty-all-4.0.52.Final.jar:/home/user/.m2/repository/org/fusesource/leveldbjni/leveldbjni-all/1.8/leveldbjni-all-1.8.jar:"/>
    <property name="java.vm.vendor" value="IcedTea"/>
    <property name="sun.arch.data.model" value="64"/>
    <property name="test.build.dir" value="/workdir/hadoop-ozone/integration-test/target/test-dir"/>
    <property name="test.cache.data" value=""/>
    <property name="java.vendor.url" value="https://icedtea.classpath.org"/>
    <property name="user.timezone" value=""/>
    <property name="java.vm.specification.version" value="1.8"/>
    <property name="os.name" value="Linux"/>
    <property name="test.build.data" value="/workdir/hadoop-ozone/integration-test/target/test-dir"/>
    <property name="user.country" value="US"/>
    <property name="sun.java.launcher" value="SUN_STANDARD"/>
    <property name="sun.boot.library.path" value="/usr/lib/jvm/java-1.8-openjdk/jre/lib/amd64"/>
    <property name="sun.java.command" value="/workdir/hadoop-ozone/integration-test/target/surefire/surefirebooter8814096952047520366.jar /workdir/hadoop-ozone/integration-test/target/surefire 2019-08-22T12-19-44_723-jvmRun1 surefire2158473730347597851tmp surefire_271648681236385539264tmp"/>
    <property name="surefire.test.class.path" value="/workdir/hadoop-ozone/integration-test/target/test-classes:/workdir/hadoop-ozone/integration-test/target/classes:/home/user/.m2/repository/org/apache/hadoop/hadoop-ozone-common/0.5.0-SNAPSHOT/hadoop-ozone-common-0.5.0-SNAPSHOT.jar:/home/user/.m2/repository/org/apache/commons/commons-compress/1.4.1/commons-compress-1.4.1.jar:/home/user/.m2/repository/org/tukaani/xz/1.0/xz-1.0.jar:/home/user/.m2/repository/org/apache/hadoop/hadoop-common/3.2.0/hadoop-common-3.2.0.jar:/home/user/.m2/repository/org/apache/hadoop/hadoop-hdfs/3.2.0/hadoop-hdfs-3.2.0.jar:/home/user/.m2/repository/org/apache/hadoop/hadoop-hdfs-client/3.2.0/hadoop-hdfs-client-3.2.0.jar:/home/user/.m2/repository/com/fasterxml/jackson/core/jackson-annotations/2.9.5/jackson-annotations-2.9.5.jar:/home/user/.m2/repository/org/apache/hadoop/hadoop-hdds-common/0.5.0-SNAPSHOT/hadoop-hdds-common-0.5.0-SNAPSHOT.jar:/home/user/.m2/repository/javax/annotation/javax.annotation-api/1.2/javax.annotation-api-1.2.jar:/home/user/.m2/repository/org/apache/ratis/ratis-server/0.4.0-2337318-SNAPSHOT/ratis-server-0.4.0-2337318-SNAPSHOT.jar:/home/user/.m2/repository/org/apache/ratis/ratis-thirdparty-misc/0.2.0/ratis-thirdparty-misc-0.2.0.jar:/home/user/.m2/repository/org/apache/ratis/ratis-proto/0.4.0-2337318-SNAPSHOT/ratis-proto-0.4.0-2337318-SNAPSHOT.jar:/home/user/.m2/repository/org/apache/ratis/ratis-common/0.4.0-2337318-SNAPSHOT/ratis-common-0.4.0-2337318-SNAPSHOT.jar:/home/user/.m2/repository/org/apache/ratis/ratis-client/0.4.0-2337318-SNAPSHOT/ratis-client-0.4.0-2337318-SNAPSHOT.jar:/home/user/.m2/repository/org/apache/ratis/ratis-metrics/0.4.0-2337318-SNAPSHOT/ratis-metrics-0.4.0-2337318-SNAPSHOT.jar:/home/user/.m2/repository/org/apache/ratis/ratis-netty/0.4.0-2337318-SNAPSHOT/ratis-netty-0.4.0-2337318-SNAPSHOT.jar:/home/user/.m2/repository/org/apache/ratis/ratis-grpc/0.4.0-2337318-SNAPSHOT/ratis-grpc-0.4.0-2337318-SNAPSHOT.jar:/home/user/.m2/repository/org/rocksdb/rocksdbjni/6.0.1/rocksdbjni-6.0.1.jar:/home/user/.m2/repository/org/apache/logging/log4j/log4j-api/2.11.0/log4j-api-2.11.0.jar:/home/user/.m2/repository/org/apache/logging/log4j/log4j-core/2.11.0/log4j-core-2.11.0.jar:/home/user/.m2/repository/com/lmax/disruptor/3.4.2/disruptor-3.4.2.jar:/home/user/.m2/repository/org/apache/commons/commons-pool2/2.6.0/commons-pool2-2.6.0.jar:/home/user/.m2/repository/org/bouncycastle/bcpkix-jdk15on/1.60/bcpkix-jdk15on-1.60.jar:/home/user/.m2/repository/commons-validator/commons-validator/1.6/commons-validator-1.6.jar:/home/user/.m2/repository/commons-digester/commons-digester/1.8.1/commons-digester-1.8.1.jar:/home/user/.m2/repository/io/jaegertracing/jaeger-client/0.33.1/jaeger-client-0.33.1.jar:/home/user/.m2/repository/io/jaegertracing/jaeger-thrift/0.33.1/jaeger-thrift-0.33.1.jar:/home/user/.m2/repository/org/apache/thrift/libthrift/0.11.0/libthrift-0.11.0.jar:/home/user/.m2/repository/com/squareup/okhttp3/okhttp/3.9.0/okhttp-3.9.0.jar:/home/user/.m2/repository/com/squareup/okio/okio/1.13.0/okio-1.13.0.jar:/home/user/.m2/repository/io/jaegertracing/jaeger-core/0.33.1/jaeger-core-0.33.1.jar:/home/user/.m2/repository/io/jaegertracing/jaeger-tracerresolver/0.33.1/jaeger-tracerresolver-0.33.1.jar:/home/user/.m2/repository/io/opentracing/contrib/opentracing-tracerresolver/0.1.5/opentracing-tracerresolver-0.1.5.jar:/home/user/.m2/repository/io/opentracing/opentracing-util/0.31.0/opentracing-util-0.31.0.jar:/home/user/.m2/repository/io/opentracing/opentracing-api/0.31.0/opentracing-api-0.31.0.jar:/home/user/.m2/repository/io/opentracing/opentracing-noop/0.31.0/opentracing-noop-0.31.0.jar:/home/user/.m2/repository/org/apache/hadoop/hadoop-hdds-server-framework/0.5.0-SNAPSHOT/hadoop-hdds-server-framework-0.5.0-SNAPSHOT.jar:/home/user/.m2/repository/org/apache/hadoop/hadoop-hdds-container-service/0.5.0-SNAPSHOT/hadoop-hdds-container-service-0.5.0-SNAPSHOT.jar:/home/user/.m2/repository/org/apache/hadoop/hadoop-hdds-client/0.5.0-SNAPSHOT/hadoop-hdds-client-0.5.0-SNAPSHOT.jar:/home/user/.m2/repository/org/apache/hadoop/hadoop-hdds-tools/0.5.0-SNAPSHOT/hadoop-hdds-tools-0.5.0-SNAPSHOT.jar:/home/user/.m2/repository/org/apache/hadoop/hadoop-hdds-server-scm/0.5.0-SNAPSHOT/hadoop-hdds-server-scm-0.5.0-SNAPSHOT.jar:/home/user/.m2/repository/org/apache/hadoop/hadoop-hdds-docs/0.5.0-SNAPSHOT/hadoop-hdds-docs-0.5.0-SNAPSHOT.jar:/home/user/.m2/repository/io/dropwizard/metrics/metrics-core/3.2.4/metrics-core-3.2.4.jar:/home/user/.m2/repository/org/hamcrest/hamcrest-all/1.3/hamcrest-all-1.3.jar:/home/user/.m2/repository/org/bouncycastle/bcprov-jdk15on/1.60/bcprov-jdk15on-1.60.jar:/home/user/.m2/repository/info/picocli/picocli/3.9.6/picocli-3.9.6.jar:/home/user/.m2/repository/com/google/protobuf/protobuf-java/2.5.0/protobuf-java-2.5.0.jar:/home/user/.m2/repository/com/google/guava/guava/11.0.2/guava-11.0.2.jar:/home/user/.m2/repository/org/apache/hadoop/hadoop-ozone-ozone-manager/0.5.0-SNAPSHOT/hadoop-ozone-ozone-manager-0.5.0-SNAPSHOT.jar:/home/user/.m2/repository/org/apache/hadoop/hadoop-minikdc/3.2.0/hadoop-minikdc-3.2.0.jar:/home/user/.m2/repository/commons-io/commons-io/2.5/commons-io-2.5.jar:/home/user/.m2/repository/org/apache/kerby/kerb-simplekdc/1.0.1/kerb-simplekdc-1.0.1.jar:/home/user/.m2/repository/org/apache/kerby/kerb-client/1.0.1/kerb-client-1.0.1.jar:/home/user/.m2/repository/org/apache/kerby/kerby-config/1.0.1/kerby-config-1.0.1.jar:/home/user/.m2/repository/org/apache/kerby/kerb-core/1.0.1/kerb-core-1.0.1.jar:/home/user/.m2/repository/org/apache/kerby/kerby-pkix/1.0.1/kerby-pkix-1.0.1.jar:/home/user/.m2/repository/org/apache/kerby/kerby-asn1/1.0.1/kerby-asn1-1.0.1.jar:/home/user/.m2/repository/org/apache/kerby/kerby-util/1.0.1/kerby-util-1.0.1.jar:/home/user/.m2/repository/org/apache/kerby/kerb-common/1.0.1/kerb-common-1.0.1.jar:/home/user/.m2/repository/org/apache/kerby/kerb-crypto/1.0.1/kerb-crypto-1.0.1.jar:/home/user/.m2/repository/org/apache/kerby/kerb-util/1.0.1/kerb-util-1.0.1.jar:/home/user/.m2/repository/org/apache/kerby/token-provider/1.0.1/token-provider-1.0.1.jar:/home/user/.m2/repository/org/apache/kerby/kerb-admin/1.0.1/kerb-admin-1.0.1.jar:/home/user/.m2/repository/org/apache/kerby/kerb-server/1.0.1/kerb-server-1.0.1.jar:/home/user/.m2/repository/org/apache/kerby/kerb-identity/1.0.1/kerb-identity-1.0.1.jar:/home/user/.m2/repository/org/apache/kerby/kerby-xdr/1.0.1/kerby-xdr-1.0.1.jar:/home/user/.m2/repository/org/slf4j/slf4j-log4j12/1.7.25/slf4j-log4j12-1.7.25.jar:/home/user/.m2/repository/org/apache/hadoop/hadoop-ozone-objectstore-service/0.5.0-SNAPSHOT/hadoop-ozone-objectstore-service-0.5.0-SNAPSHOT.jar:/home/user/.m2/repository/org/apache/hadoop/hadoop-ozone-s3gateway/0.5.0-SNAPSHOT/hadoop-ozone-s3gateway-0.5.0-SNAPSHOT.jar:/home/user/.m2/repository/org/jboss/weld/servlet/weld-servlet/2.4.7.Final/weld-servlet-2.4.7.Final.jar:/home/user/.m2/repository/org/glassfish/jersey/containers/jersey-container-servlet-core/2.27/jersey-container-servlet-core-2.27.jar:/home/user/.m2/repository/org/glassfish/hk2/external/javax.inject/2.5.0-b42/javax.inject-2.5.0-b42.jar:/home/user/.m2/repository/org/glassfish/jersey/core/jersey-common/2.27/jersey-common-2.27.jar:/home/user/.m2/repository/org/glassfish/hk2/osgi-resource-locator/1.0.1/osgi-resource-locator-1.0.1.jar:/home/user/.m2/repository/javax/ws/rs/javax.ws.rs-api/2.1/javax.ws.rs-api-2.1.jar:/home/user/.m2/repository/org/glassfish/jersey/ext/cdi/jersey-cdi1x/2.27/jersey-cdi1x-2.27.jar:/home/user/.m2/repository/org/glassfish/jersey/inject/jersey-hk2/2.27/jersey-hk2-2.27.jar:/home/user/.m2/repository/org/glassfish/hk2/hk2-locator/2.5.0-b42/hk2-locator-2.5.0-b42.jar:/home/user/.m2/repository/org/javassist/javassist/3.22.0-CR2/javassist-3.22.0-CR2.jar:/home/user/.m2/repository/org/glassfish/hk2/hk2-api/2.5.0/hk2-api-2.5.0.jar:/home/user/.m2/repository/org/glassfish/hk2/external/jakarta.inject/2.5.0/jakarta.inject-2.5.0.jar:/home/user/.m2/repository/org/glassfish/hk2/hk2-utils/2.5.0/hk2-utils-2.5.0.jar:/home/user/.m2/repository/jakarta/annotation/jakarta.annotation-api/1.3.4/jakarta.annotation-api-1.3.4.jar:/home/user/.m2/repository/org/glassfish/hk2/external/aopalliance-repackaged/2.5.0/aopalliance-repackaged-2.5.0.jar:/home/user/.m2/repository/com/fasterxml/jackson/dataformat/jackson-dataformat-xml/2.9.0/jackson-dataformat-xml-2.9.0.jar:/home/user/.m2/repository/com/fasterxml/jackson/core/jackson-core/2.9.5/jackson-core-2.9.5.jar:/home/user/.m2/repository/com/fasterxml/jackson/module/jackson-module-jaxb-annotations/2.9.5/jackson-module-jaxb-annotations-2.9.5.jar:/home/user/.m2/repository/javax/enterprise/cdi-api/1.2/cdi-api-1.2.jar:/home/user/.m2/repository/javax/el/javax.el-api/3.0.0/javax.el-api-3.0.0.jar:/home/user/.m2/repository/javax/interceptor/javax.interceptor-api/1.2/javax.interceptor-api-1.2.jar:/home/user/.m2/repository/javax/inject/javax.inject/1/javax.inject-1.jar:/home/user/.m2/repository/com/sun/xml/bind/jaxb-impl/2.3.0.1/jaxb-impl-2.3.0.1.jar:/home/user/.m2/repository/com/sun/xml/bind/jaxb-core/2.3.0.1/jaxb-core-2.3.0.1.jar:/home/user/.m2/repository/javax/xml/bind/jaxb-api/2.3.0/jaxb-api-2.3.0.jar:/home/user/.m2/repository/javax/activation/activation/1.1.1/activation-1.1.1.jar:/home/user/.m2/repository/org/apache/hadoop/hadoop-ozone-csi/0.5.0-SNAPSHOT/hadoop-ozone-csi-0.5.0-SNAPSHOT.jar:/home/user/.m2/repository/com/google/protobuf/protobuf-java-util/3.5.1/protobuf-java-util-3.5.1.jar:/home/user/.m2/repository/org/apache/hadoop/hadoop-hdds-config/0.5.0-SNAPSHOT/hadoop-hdds-config-0.5.0-SNAPSHOT.jar:/home/user/.m2/repository/io/grpc/grpc-netty/1.17.1/grpc-netty-1.17.1.jar:/home/user/.m2/repository/io/grpc/grpc-core/1.17.1/grpc-core-1.17.1.jar:/home/user/.m2/repository/io/grpc/grpc-context/1.17.1/grpc-context-1.17.1.jar:/home/user/.m2/repository/com/google/errorprone/error_prone_annotations/2.2.0/error_prone_annotations-2.2.0.jar:/home/user/.m2/repository/org/codehaus/mojo/animal-sniffer-annotations/1.17/animal-sniffer-annotations-1.17.jar:/home/user/.m2/repository/io/opencensus/opencensus-api/0.17.0/opencensus-api-0.17.0.jar:/home/user/.m2/repository/io/opencensus/opencensus-contrib-grpc-metrics/0.17.0/opencensus-contrib-grpc-metrics-0.17.0.jar:/home/user/.m2/repository/io/netty/netty-codec-http2/4.1.30.Final/netty-codec-http2-4.1.30.Final.jar:/home/user/.m2/repository/io/netty/netty-codec-http/4.1.30.Final/netty-codec-http-4.1.30.Final.jar:/home/user/.m2/repository/io/netty/netty-codec/4.1.30.Final/netty-codec-4.1.30.Final.jar:/home/user/.m2/repository/io/netty/netty-handler/4.1.30.Final/netty-handler-4.1.30.Final.jar:/home/user/.m2/repository/io/netty/netty-handler-proxy/4.1.30.Final/netty-handler-proxy-4.1.30.Final.jar:/home/user/.m2/repository/io/netty/netty-codec-socks/4.1.30.Final/netty-codec-socks-4.1.30.Final.jar:/home/user/.m2/repository/io/netty/netty-transport-native-epoll/4.1.30.Final/netty-transport-native-epoll-4.1.30.Final.jar:/home/user/.m2/repository/io/netty/netty-common/4.1.30.Final/netty-common-4.1.30.Final.jar:/home/user/.m2/repository/io/netty/netty-buffer/4.1.30.Final/netty-buffer-4.1.30.Final.jar:/home/user/.m2/repository/io/netty/netty-transport/4.1.30.Final/netty-transport-4.1.30.Final.jar:/home/user/.m2/repository/io/netty/netty-resolver/4.1.30.Final/netty-resolver-4.1.30.Final.jar:/home/user/.m2/repository/io/netty/netty-transport-native-unix-common/4.1.30.Final/netty-transport-native-unix-common-4.1.30.Final.jar:/home/user/.m2/repository/io/grpc/grpc-protobuf/1.17.1/grpc-protobuf-1.17.1.jar:/home/user/.m2/repository/com/google/api/grpc/proto-google-common-protos/1.0.0/proto-google-common-protos-1.0.0.jar:/home/user/.m2/repository/io/grpc/grpc-protobuf-lite/1.17.1/grpc-protobuf-lite-1.17.1.jar:/home/user/.m2/repository/io/grpc/grpc-stub/1.17.1/grpc-stub-1.17.1.jar:/home/user/.m2/repository/org/apache/hadoop/hadoop-ozone-recon/0.5.0-SNAPSHOT/hadoop-ozone-recon-0.5.0-SNAPSHOT.jar:/home/user/.m2/repository/org/apache/hadoop/hadoop-ozone-reconcodegen/0.5.0-SNAPSHOT/hadoop-ozone-reconcodegen-0.5.0-SNAPSHOT.jar:/home/user/.m2/repository/com/google/inject/extensions/guice-multibindings/4.0/guice-multibindings-4.0.jar:/home/user/.m2/repository/com/google/inject/guice/4.0/guice-4.0.jar:/home/user/.m2/repository/aopalliance/aopalliance/1.0/aopalliance-1.0.jar:/home/user/.m2/repository/com/google/inject/extensions/guice-servlet/4.0/guice-servlet-4.0.jar:/home/user/.m2/repository/org/glassfish/jersey/containers/jersey-container-servlet/2.27/jersey-container-servlet-2.27.jar:/home/user/.m2/repository/org/glassfish/hk2/guice-bridge/2.5.0/guice-bridge-2.5.0.jar:/home/user/.m2/repository/org/glassfish/jersey/core/jersey-server/2.27/jersey-server-2.27.jar:/home/user/.m2/repository/org/glassfish/jersey/core/jersey-client/2.27/jersey-client-2.27.jar:/home/user/.m2/repository/org/glassfish/jersey/media/jersey-media-jaxb/2.27/jersey-media-jaxb-2.27.jar:/home/user/.m2/repository/javax/validation/validation-api/1.1.0.Final/validation-api-1.1.0.Final.jar:/home/user/.m2/repository/org/glassfish/jersey/media/jersey-media-json-jackson/2.27/jersey-media-json-jackson-2.27.jar:/home/user/.m2/repository/org/glassfish/jersey/ext/jersey-entity-filtering/2.27/jersey-entity-filtering-2.27.jar:/home/user/.m2/repository/com/google/inject/extensions/guice-assistedinject/4.0/guice-assistedinject-4.0.jar:/home/user/.m2/repository/org/jooq/jooq/3.11.10/jooq-3.11.10.jar:/home/user/.m2/repository/org/jooq/jooq-meta/3.11.10/jooq-meta-3.11.10.jar:/home/user/.m2/repository/org/jooq/jooq-codegen/3.11.10/jooq-codegen-3.11.10.jar:/home/user/.m2/repository/com/jolbox/bonecp/0.8.0.RELEASE/bonecp-0.8.0.RELEASE.jar:/home/user/.m2/repository/org/xerial/sqlite-jdbc/3.25.2/sqlite-jdbc-3.25.2.jar:/home/user/.m2/repository/org/springframework/spring-jdbc/5.1.3.RELEASE/spring-jdbc-5.1.3.RELEASE.jar:/home/user/.m2/repository/org/springframework/spring-beans/5.1.3.RELEASE/spring-beans-5.1.3.RELEASE.jar:/home/user/.m2/repository/org/springframework/spring-core/5.1.3.RELEASE/spring-core-5.1.3.RELEASE.jar:/home/user/.m2/repository/org/springframework/spring-jcl/5.1.3.RELEASE/spring-jcl-5.1.3.RELEASE.jar:/home/user/.m2/repository/org/springframework/spring-tx/5.1.3.RELEASE/spring-tx-5.1.3.RELEASE.jar:/home/user/.m2/repository/org/apache/hadoop/hadoop-ozone-client/0.5.0-SNAPSHOT/hadoop-ozone-client-0.5.0-SNAPSHOT.jar:/home/user/.m2/repository/commons-lang/commons-lang/2.6/commons-lang-2.6.jar:/home/user/.m2/repository/org/apache/hadoop/hadoop-ozone-ozone-manager/0.5.0-SNAPSHOT/hadoop-ozone-ozone-manager-0.5.0-SNAPSHOT-tests.jar:/home/user/.m2/repository/junit/junit/4.11/junit-4.11.jar:/home/user/.m2/repository/org/hamcrest/hamcrest-core/1.3/hamcrest-core-1.3.jar:/home/user/.m2/repository/org/openjdk/jmh/jmh-core/1.19/jmh-core-1.19.jar:/home/user/.m2/repository/net/sf/jopt-simple/jopt-simple/4.6/jopt-simple-4.6.jar:/home/user/.m2/repository/org/apache/commons/commons-math3/3.1.1/commons-math3-3.1.1.jar:/home/user/.m2/repository/org/openjdk/jmh/jmh-generator-annprocess/1.19/jmh-generator-annprocess-1.19.jar:/home/user/.m2/repository/org/mockito/mockito-all/1.8.5/mockito-all-1.8.5.jar:/home/user/.m2/repository/org/apache/hadoop/hadoop-kms/3.2.0/hadoop-kms-3.2.0.jar:/home/user/.m2/repository/org/apache/hadoop/hadoop-auth/3.2.0/hadoop-auth-3.2.0.jar:/home/user/.m2/repository/com/nimbusds/nimbus-jose-jwt/4.41.1/nimbus-jose-jwt-4.41.1.jar:/home/user/.m2/repository/com/github/stephenc/jcip/jcip-annotations/1.0-1/jcip-annotations-1.0-1.jar:/home/user/.m2/repository/net/minidev/json-smart/2.3/json-smart-2.3.jar:/home/user/.m2/repository/net/minidev/accessors-smart/1.2/accessors-smart-1.2.jar:/home/user/.m2/repository/org/ow2/asm/asm/5.0.4/asm-5.0.4.jar:/home/user/.m2/repository/org/apache/curator/curator-framework/2.12.0/curator-framework-2.12.0.jar:/home/user/.m2/repository/com/sun/jersey/jersey-core/1.19/jersey-core-1.19.jar:/home/user/.m2/repository/javax/ws/rs/jsr311-api/1.1.1/jsr311-api-1.1.1.jar:/home/user/.m2/repository/com/sun/jersey/jersey-server/1.19/jersey-server-1.19.jar:/home/user/.m2/repository/javax/servlet/javax.servlet-api/3.1.0/javax.servlet-api-3.1.0.jar:/home/user/.m2/repository/org/eclipse/jetty/jetty-server/9.3.24.v20180605/jetty-server-9.3.24.v20180605.jar:/home/user/.m2/repository/org/eclipse/jetty/jetty-http/9.3.24.v20180605/jetty-http-9.3.24.v20180605.jar:/home/user/.m2/repository/org/eclipse/jetty/jetty-io/9.3.24.v20180605/jetty-io-9.3.24.v20180605.jar:/home/user/.m2/repository/org/eclipse/jetty/jetty-webapp/9.3.24.v20180605/jetty-webapp-9.3.24.v20180605.jar:/home/user/.m2/repository/org/eclipse/jetty/jetty-xml/9.3.24.v20180605/jetty-xml-9.3.24.v20180605.jar:/home/user/.m2/repository/log4j/log4j/1.2.17/log4j-1.2.17.jar:/home/user/.m2/repository/org/slf4j/slf4j-api/1.7.25/slf4j-api-1.7.25.jar:/home/user/.m2/repository/org/slf4j/jul-to-slf4j/1.7.25/jul-to-slf4j-1.7.25.jar:/home/user/.m2/repository/org/eclipse/jetty/jetty-util/9.3.24.v20180605/jetty-util-9.3.24.v20180605.jar:/home/user/.m2/repository/com/fasterxml/jackson/core/jackson-databind/2.9.5/jackson-databind-2.9.5.jar:/home/user/.m2/repository/org/apache/hadoop/hadoop-kms/3.2.0/hadoop-kms-3.2.0-tests.jar:/home/user/.m2/repository/org/apache/hadoop/hadoop-hdds-server-scm/0.5.0-SNAPSHOT/hadoop-hdds-server-scm-0.5.0-SNAPSHOT-tests.jar:/home/user/.m2/repository/org/apache/hadoop/hadoop-hdds-container-service/0.5.0-SNAPSHOT/hadoop-hdds-container-service-0.5.0-SNAPSHOT-tests.jar:/home/user/.m2/repository/org/yaml/snakeyaml/1.16/snakeyaml-1.16.jar:/home/user/.m2/repository/org/apache/hadoop/hadoop-common/3.2.0/hadoop-common-3.2.0-tests.jar:/home/user/.m2/repository/org/apache/hadoop/hadoop-annotations/3.2.0/hadoop-annotations-3.2.0.jar:/usr/lib/jvm/java-1.8-openjdk/jre/../lib/tools.jar:/home/user/.m2/repository/commons-cli/commons-cli/1.2/commons-cli-1.2.jar:/home/user/.m2/repository/org/apache/httpcomponents/httpclient/4.5.2/httpclient-4.5.2.jar:/home/user/.m2/repository/org/apache/httpcomponents/httpcore/4.4.4/httpcore-4.4.4.jar:/home/user/.m2/repository/commons-codec/commons-codec/1.11/commons-codec-1.11.jar:/home/user/.m2/repository/commons-net/commons-net/3.6/commons-net-3.6.jar:/home/user/.m2/repository/commons-collections/commons-collections/3.2.2/commons-collections-3.2.2.jar:/home/user/.m2/repository/org/eclipse/jetty/jetty-servlet/9.3.24.v20180605/jetty-servlet-9.3.24.v20180605.jar:/home/user/.m2/repository/org/eclipse/jetty/jetty-security/9.3.24.v20180605/jetty-security-9.3.24.v20180605.jar:/home/user/.m2/repository/javax/servlet/jsp/jsp-api/2.1/jsp-api-2.1.jar:/home/user/.m2/repository/com/sun/jersey/jersey-servlet/1.19/jersey-servlet-1.19.jar:/home/user/.m2/repository/com/sun/jersey/jersey-json/1.19/jersey-json-1.19.jar:/home/user/.m2/repository/org/codehaus/jettison/jettison/1.1/jettison-1.1.jar:/home/user/.m2/repository/org/codehaus/jackson/jackson-core-asl/1.9.13/jackson-core-asl-1.9.13.jar:/home/user/.m2/repository/org/codehaus/jackson/jackson-mapper-asl/1.9.13/jackson-mapper-asl-1.9.13.jar:/home/user/.m2/repository/org/codehaus/jackson/jackson-jaxrs/1.9.13/jackson-jaxrs-1.9.13.jar:/home/user/.m2/repository/org/codehaus/jackson/jackson-xc/1.9.13/jackson-xc-1.9.13.jar:/home/user/.m2/repository/commons-logging/commons-logging/1.1.3/commons-logging-1.1.3.jar:/home/user/.m2/repository/commons-beanutils/commons-beanutils/1.9.3/commons-beanutils-1.9.3.jar:/home/user/.m2/repository/org/apache/commons/commons-configuration2/2.1.1/commons-configuration2-2.1.1.jar:/home/user/.m2/repository/org/apache/commons/commons-lang3/3.7/commons-lang3-3.7.jar:/home/user/.m2/repository/org/apache/commons/commons-text/1.4/commons-text-1.4.jar:/home/user/.m2/repository/org/apache/avro/avro/1.7.7/avro-1.7.7.jar:/home/user/.m2/repository/com/thoughtworks/paranamer/paranamer/2.3/paranamer-2.3.jar:/home/user/.m2/repository/org/xerial/snappy/snappy-java/1.0.5/snappy-java-1.0.5.jar:/home/user/.m2/repository/com/google/re2j/re2j/1.1/re2j-1.1.jar:/home/user/.m2/repository/com/google/code/gson/gson/2.2.4/gson-2.2.4.jar:/home/user/.m2/repository/com/jcraft/jsch/0.1.54/jsch-0.1.54.jar:/home/user/.m2/repository/org/apache/curator/curator-client/2.12.0/curator-client-2.12.0.jar:/home/user/.m2/repository/org/apache/curator/curator-recipes/2.12.0/curator-recipes-2.12.0.jar:/home/user/.m2/repository/com/google/code/findbugs/jsr305/3.0.0/jsr305-3.0.0.jar:/home/user/.m2/repository/org/apache/htrace/htrace-core4/4.1.0-incubating/htrace-core4-4.1.0-incubating.jar:/home/user/.m2/repository/org/apache/zookeeper/zookeeper/3.4.13/zookeeper-3.4.13.jar:/home/user/.m2/repository/org/apache/yetus/audience-annotations/0.5.0/audience-annotations-0.5.0.jar:/home/user/.m2/repository/org/codehaus/woodstox/stax2-api/3.1.4/stax2-api-3.1.4.jar:/home/user/.m2/repository/com/fasterxml/woodstox/woodstox-core/5.0.3/woodstox-core-5.0.3.jar:/home/user/.m2/repository/dnsjava/dnsjava/2.1.7/dnsjava-2.1.7.jar:/home/user/.m2/repository/org/apache/hadoop/hadoop-hdfs/3.2.0/hadoop-hdfs-3.2.0-tests.jar:/home/user/.m2/repository/org/eclipse/jetty/jetty-util-ajax/9.3.24.v20180605/jetty-util-ajax-9.3.24.v20180605.jar:/home/user/.m2/repository/commons-daemon/commons-daemon/1.0.13/commons-daemon-1.0.13.jar:/home/user/.m2/repository/io/netty/netty/3.10.5.Final/netty-3.10.5.Final.jar:/home/user/.m2/repository/io/netty/netty-all/4.0.52.Final/netty-all-4.0.52.Final.jar:/home/user/.m2/repository/org/fusesource/leveldbjni/leveldbjni-all/1.8/leveldbjni-all-1.8.jar:"/>
    <property name="sun.cpu.endian" value="little"/>
    <property name="user.home" value="/home/user"/>
    <property name="user.language" value="en"/>
    <property name="java.specification.vendor" value="Oracle Corporation"/>
    <property name="java.home" value="/usr/lib/jvm/java-1.8-openjdk/jre"/>
    <property name="java.security.krb5.conf" value="/workdir/hadoop-ozone/integration-test/target/test-classes/krb5.conf"/>
    <property name="basedir" value="/workdir/hadoop-ozone/integration-test"/>
    <property name="file.separator" value="/"/>
    <property name="line.separator" value="&#10;"/>
    <property name="java.vm.specification.vendor" value="Oracle Corporation"/>
    <property name="java.specification.name" value="Java Platform API Specification"/>
    <property name="java.awt.graphicsenv" value="sun.awt.X11GraphicsEnvironment"/>
    <property name="surefire.real.class.path" value="/workdir/hadoop-ozone/integration-test/target/surefire/surefirebooter8814096952047520366.jar"/>
    <property name="hadoop.log.dir" value="/workdir/hadoop-ozone/integration-test/target/log"/>
    <property name="sun.boot.class.path" value="/usr/lib/jvm/java-1.8-openjdk/jre/lib/resources.jar:/usr/lib/jvm/java-1.8-openjdk/jre/lib/rt.jar:/usr/lib/jvm/java-1.8-openjdk/jre/lib/sunrsasign.jar:/usr/lib/jvm/java-1.8-openjdk/jre/lib/jsse.jar:/usr/lib/jvm/java-1.8-openjdk/jre/lib/jce.jar:/usr/lib/jvm/java-1.8-openjdk/jre/lib/charsets.jar:/usr/lib/jvm/java-1.8-openjdk/jre/lib/jfr.jar:/usr/lib/jvm/java-1.8-openjdk/jre/classes"/>
    <property name="sun.management.compiler" value="HotSpot 64-Bit Tiered Compilers"/>
    <property name="java.runtime.version" value="1.8.0_212-b04"/>
    <property name="java.net.preferIPv4Stack" value="true"/>
    <property name="user.name" value="jenkins1000"/>
    <property name="path.separator" value=":"/>
    <property name="java.security.egd" value="file:///dev/urandom"/>
    <property name="os.version" value="3.10.0-957.12.2.el7.x86_64"/>
    <property name="java.endorsed.dirs" value="/usr/lib/jvm/java-1.8-openjdk/jre/lib/endorsed"/>
    <property name="java.runtime.name" value="OpenJDK Runtime Environment"/>
    <property name="file.encoding" value="UTF-8"/>
    <property name="java.vm.name" value="OpenJDK 64-Bit Server VM"/>
    <property name="test.build.webapps" value=""/>
    <property name="localRepository" value="/home/user/.m2/repository"/>
    <property name="java.vendor.url.bug" value="https://icedtea.classpath.org/bugzilla"/>
    <property name="java.io.tmpdir" value="/tmp"/>
    <property name="require.test.libhadoop" value=""/>
    <property name="java.version" value="1.8.0_212"/>
    <property name="user.dir" value="/workdir/hadoop-ozone/integration-test"/>
    <property name="os.arch" value="amd64"/>
    <property name="java.vm.specification.name" value="Java Virtual Machine Specification"/>
    <property name="test.build.classes" value="/workdir/hadoop-ozone/integration-test/target/test-classes"/>
    <property name="java.awt.printerjob" value="sun.print.PSPrinterJob"/>
    <property name="sun.os.patch.level" value="unknown"/>
    <property name="hadoop.tmp.dir" value="/workdir/hadoop-ozone/integration-test/target/tmp"/>
    <property name="java.library.path" value="/usr/lib/jvm/java-1.8-openjdk/jre/lib/amd64/server:/usr/lib/jvm/java-1.8-openjdk/jre/lib/amd64:/usr/lib/jvm/java-1.8-openjdk/jre/../lib/amd64:/workdir/hadoop-ozone/integration-test/target/native/target/usr/local/lib:/workdir/hadoop-ozone/integration-test/../../hadoop-common-project/hadoop-common/target/native/target/usr/local/lib:/usr/java/packages/lib/amd64:/usr/lib64:/lib64:/lib:/usr/lib"/>
    <property name="java.vm.info" value="mixed mode"/>
    <property name="java.vendor" value="IcedTea"/>
    <property name="java.vm.version" value="25.212-b04"/>
    <property name="java.ext.dirs" value="/usr/lib/jvm/java-1.8-openjdk/jre/lib/ext:/usr/java/packages/lib/ext"/>
    <property name="sun.io.unicode.encoding" value="UnicodeLittle"/>
    <property name="java.class.version" value="52.0"/>
  </properties>
  <testcase name="testMultiBlockWritesWithDnFailures" classname="org.apache.hadoop.ozone.client.rpc.TestMultiBlockWritesWithDnFailures" time="31.188">
    <error message="Allocated 0 blocks. Requested 1 blocks" type="INTERNAL_ERROR org.apache.hadoop.ozone.om.exceptions.OMException">INTERNAL_ERROR org.apache.hadoop.ozone.om.exceptions.OMException: Allocated 0 blocks. Requested 1 blocks
	at org.apache.hadoop.ozone.om.protocolPB.OzoneManagerProtocolClientSideTranslatorPB.handleError(OzoneManagerProtocolClientSideTranslatorPB.java:720)
	at org.apache.hadoop.ozone.om.protocolPB.OzoneManagerProtocolClientSideTranslatorPB.allocateBlock(OzoneManagerProtocolClientSideTranslatorPB.java:752)
	at org.apache.hadoop.ozone.client.io.BlockOutputStreamEntryPool.allocateNewBlock(BlockOutputStreamEntryPool.java:248)
	at org.apache.hadoop.ozone.client.io.BlockOutputStreamEntryPool.allocateBlockIfNeeded(BlockOutputStreamEntryPool.java:296)
	at org.apache.hadoop.ozone.client.io.KeyOutputStream.handleWrite(KeyOutputStream.java:201)
	at org.apache.hadoop.ozone.client.io.KeyOutputStream.handleRetry(KeyOutputStream.java:376)
	at org.apache.hadoop.ozone.client.io.KeyOutputStream.handleException(KeyOutputStream.java:325)
	at org.apache.hadoop.ozone.client.io.KeyOutputStream.handleWrite(KeyOutputStream.java:231)
	at org.apache.hadoop.ozone.client.io.KeyOutputStream.write(KeyOutputStream.java:193)
	at org.apache.hadoop.ozone.client.io.OzoneOutputStream.write(OzoneOutputStream.java:49)
	at java.io.OutputStream.write(OutputStream.java:75)
	at org.apache.hadoop.ozone.client.rpc.TestMultiBlockWritesWithDnFailures.testMultiBlockWritesWithDnFailures(TestMultiBlockWritesWithDnFailures.java:144)
	at sun.reflect.NativeMethodAccessorImpl.invoke0(Native Method)
	at sun.reflect.NativeMethodAccessorImpl.invoke(NativeMethodAccessorImpl.java:62)
	at sun.reflect.DelegatingMethodAccessorImpl.invoke(DelegatingMethodAccessorImpl.java:43)
	at java.lang.reflect.Method.invoke(Method.java:498)
	at org.junit.runners.model.FrameworkMethod$1.runReflectiveCall(FrameworkMethod.java:47)
	at org.junit.internal.runners.model.ReflectiveCallable.run(ReflectiveCallable.java:12)
	at org.junit.runners.model.FrameworkMethod.invokeExplosively(FrameworkMethod.java:44)
	at org.junit.internal.runners.statements.InvokeMethod.evaluate(InvokeMethod.java:17)
	at org.junit.runners.ParentRunner.runLeaf(ParentRunner.java:271)
	at org.junit.runners.BlockJUnit4ClassRunner.runChild(BlockJUnit4ClassRunner.java:70)
	at org.junit.runners.BlockJUnit4ClassRunner.runChild(BlockJUnit4ClassRunner.java:50)
	at org.junit.runners.ParentRunner$3.run(ParentRunner.java:238)
	at org.junit.runners.ParentRunner$1.schedule(ParentRunner.java:63)
	at org.junit.runners.ParentRunner.runChildren(ParentRunner.java:236)
	at org.junit.runners.ParentRunner.access$000(ParentRunner.java:53)
	at org.junit.runners.ParentRunner$2.evaluate(ParentRunner.java:229)
	at org.junit.runners.ParentRunner.run(ParentRunner.java:309)
	at org.apache.maven.surefire.junit4.JUnit4Provider.execute(JUnit4Provider.java:365)
	at org.apache.maven.surefire.junit4.JUnit4Provider.executeWithRerun(JUnit4Provider.java:273)
	at org.apache.maven.surefire.junit4.JUnit4Provider.executeTestSet(JUnit4Provider.java:238)
	at org.apache.maven.surefire.junit4.JUnit4Provider.invoke(JUnit4Provider.java:159)
	at org.apache.maven.surefire.booter.ForkedBooter.invokeProviderInSameClassLoader(ForkedBooter.java:384)
	at org.apache.maven.surefire.booter.ForkedBooter.runSuitesInProcess(ForkedBooter.java:345)
	at org.apache.maven.surefire.booter.ForkedBooter.execute(ForkedBooter.java:126)
	at org.apache.maven.surefire.booter.ForkedBooter.main(ForkedBooter.java:418)
</error>
    <system-out><![CDATA[2019-08-22 12:51:47,164 WARN  server.ServerUtils (ServerUtils.java:getScmDbDir(145)) - ozone.scm.db.dirs is not configured. We recommend adding this setting. Falling back to ozone.metadata.dirs instead.
2019-08-22 12:51:47,293 WARN  server.ServerUtils (ServerUtils.java:getScmDbDir(145)) - ozone.scm.db.dirs is not configured. We recommend adding this setting. Falling back to ozone.metadata.dirs instead.
2019-08-22 12:51:47,296 WARN  server.ServerUtils (ServerUtils.java:getScmDbDir(145)) - ozone.scm.db.dirs is not configured. We recommend adding this setting. Falling back to ozone.metadata.dirs instead.
2019-08-22 12:51:47,315 INFO  util.log (Log.java:initialized(192)) - Logging initialized @936ms
2019-08-22 12:51:47,420 INFO  db.DBStoreBuilder (DBStoreBuilder.java:addTable(110)) - using custom profile for table: deletedBlocks
2019-08-22 12:51:47,420 INFO  db.DBStoreBuilder (DBStoreBuilder.java:processTables(161)) - Using default column profile:DBProfile.DISK for Table:deletedBlocks
2019-08-22 12:51:47,421 INFO  db.DBStoreBuilder (DBStoreBuilder.java:addTable(110)) - using custom profile for table: validCerts
2019-08-22 12:51:47,421 INFO  db.DBStoreBuilder (DBStoreBuilder.java:processTables(161)) - Using default column profile:DBProfile.DISK for Table:validCerts
2019-08-22 12:51:47,421 INFO  db.DBStoreBuilder (DBStoreBuilder.java:addTable(110)) - using custom profile for table: revokedCerts
2019-08-22 12:51:47,422 INFO  db.DBStoreBuilder (DBStoreBuilder.java:processTables(161)) - Using default column profile:DBProfile.DISK for Table:revokedCerts
2019-08-22 12:51:47,436 INFO  db.DBStoreBuilder (DBStoreBuilder.java:addTable(110)) - using custom profile for table: default
2019-08-22 12:51:47,436 INFO  db.DBStoreBuilder (DBStoreBuilder.java:processTables(167)) - Using default column profile:DBProfile.DISK for Table:default
2019-08-22 12:51:47,438 INFO  db.DBStoreBuilder (DBStoreBuilder.java:getDbProfile(198)) - Using default options. DBProfile.DISK
2019-08-22 12:51:47,645 INFO  net.NodeSchemaLoader (NodeSchemaLoader.java:loadSchemaFromFile(125)) - Loading file from sun.misc.CompoundEnumeration@393671df
2019-08-22 12:51:47,648 INFO  net.NodeSchemaLoader (NodeSchemaLoader.java:loadSchema(171)) - Loading network topology layer schema file
2019-08-22 12:51:47,730 INFO  node.SCMNodeManager (SCMNodeManager.java:<init>(121)) - Entering startup safe mode.
2019-08-22 12:51:47,821 WARN  server.ServerUtils (ServerUtils.java:getScmDbDir(145)) - ozone.scm.db.dirs is not configured. We recommend adding this setting. Falling back to ozone.metadata.dirs instead.
2019-08-22 12:51:47,886 INFO  pipeline.SCMPipelineManager (SCMPipelineManager.java:initializePipelineState(128)) - No pipeline exists in current db
2019-08-22 12:51:47,890 WARN  server.ServerUtils (ServerUtils.java:getScmDbDir(145)) - ozone.scm.db.dirs is not configured. We recommend adding this setting. Falling back to ozone.metadata.dirs instead.
2019-08-22 12:51:48,008 WARN  events.EventQueue (EventQueue.java:fireEvent(175)) - No event handler registered for event TypedEvent{payloadType=SafeModeStatus, name='SafeModeStatus'}
2019-08-22 12:51:48,388 INFO  ipc.CallQueueManager (CallQueueManager.java:<init>(84)) - Using callQueue: class java.util.concurrent.LinkedBlockingQueue, queueCapacity: 2000, scheduler: class org.apache.hadoop.ipc.DefaultRpcScheduler, ipcBackoff: false.
2019-08-22 12:51:48,418 INFO  ipc.Server (Server.java:run(1074)) - Starting Socket Reader #1 for port 39378
2019-08-22 12:51:48,444 INFO  ipc.CallQueueManager (CallQueueManager.java:<init>(84)) - Using callQueue: class java.util.concurrent.LinkedBlockingQueue, queueCapacity: 2000, scheduler: class org.apache.hadoop.ipc.DefaultRpcScheduler, ipcBackoff: false.
2019-08-22 12:51:48,445 INFO  ipc.Server (Server.java:run(1074)) - Starting Socket Reader #1 for port 34596
2019-08-22 12:51:48,452 INFO  ipc.CallQueueManager (CallQueueManager.java:<init>(84)) - Using callQueue: class java.util.concurrent.LinkedBlockingQueue, queueCapacity: 2000, scheduler: class org.apache.hadoop.ipc.DefaultRpcScheduler, ipcBackoff: false.
2019-08-22 12:51:48,453 INFO  ipc.Server (Server.java:run(1074)) - Starting Socket Reader #1 for port 33999
2019-08-22 12:51:48,605 INFO  hdfs.DFSUtil (DFSUtil.java:httpServerTemplateForNNAndJN(1641)) - Starting Web-server for scm at: http://0.0.0.0:0
2019-08-22 12:51:48,778 INFO  server.AuthenticationFilter (AuthenticationFilter.java:constructSecretProvider(240)) - Unable to initialize FileSignerSecretProvider, falling back to use random secrets.
2019-08-22 12:51:48,787 WARN  http.HttpRequestLog (HttpRequestLog.java:getRequestLog(97)) - Jetty request log can only be enabled using Log4j
2019-08-22 12:51:48,796 INFO  http.HttpServer2 (HttpServer2.java:addGlobalFilter(975)) - Added global filter 'safety' (class=org.apache.hadoop.http.HttpServer2$QuotingInputFilter)
2019-08-22 12:51:48,799 INFO  http.HttpServer2 (HttpServer2.java:addFilter(948)) - Added filter static_user_filter (class=org.apache.hadoop.http.lib.StaticUserWebFilter$StaticUserFilter) to context scm
2019-08-22 12:51:48,799 INFO  http.HttpServer2 (HttpServer2.java:addFilter(958)) - Added filter static_user_filter (class=org.apache.hadoop.http.lib.StaticUserWebFilter$StaticUserFilter) to context static
2019-08-22 12:51:48,800 INFO  http.HttpServer2 (HttpServer2.java:addFilter(958)) - Added filter static_user_filter (class=org.apache.hadoop.http.lib.StaticUserWebFilter$StaticUserFilter) to context logs
2019-08-22 12:51:48,838 INFO  server.StorageContainerManager (StorageContainerManager.java:start(758)) - StorageContainerLocationProtocol RPC server is listening at /0.0.0.0:33999
2019-08-22 12:51:48,911 WARN  impl.MetricsConfig (MetricsConfig.java:loadFirst(134)) - Cannot locate configuration: tried hadoop-metrics2-storagecontainermanager.properties,hadoop-metrics2.properties
2019-08-22 12:51:48,927 INFO  impl.MetricsSystemImpl (MetricsSystemImpl.java:startTimer(374)) - Scheduled Metric snapshot period at 10 second(s).
2019-08-22 12:51:48,927 INFO  impl.MetricsSystemImpl (MetricsSystemImpl.java:start(191)) - StorageContainerManager metrics system started
2019-08-22 12:51:49,169 INFO  server.SCMClientProtocolServer (SCMClientProtocolServer.java:start(151)) - RPC server for Client  is listening at /0.0.0.0:33999
2019-08-22 12:51:49,170 INFO  ipc.Server (Server.java:run(1314)) - IPC Server Responder: starting
2019-08-22 12:51:49,170 INFO  ipc.Server (Server.java:run(1153)) - IPC Server listener on 33999: starting
2019-08-22 12:51:49,172 INFO  server.StorageContainerManager (StorageContainerManager.java:start(768)) - ScmBlockLocationProtocol RPC server is listening at /0.0.0.0:34596
2019-08-22 12:51:49,173 INFO  server.SCMBlockProtocolServer (SCMBlockProtocolServer.java:start(140)) - RPC server for Block Protocol is listening at /0.0.0.0:34596
2019-08-22 12:51:49,173 INFO  ipc.Server (Server.java:run(1314)) - IPC Server Responder: starting
2019-08-22 12:51:49,173 INFO  ipc.Server (Server.java:run(1153)) - IPC Server listener on 34596: starting
2019-08-22 12:51:49,175 INFO  server.StorageContainerManager (StorageContainerManager.java:start(772)) - ScmDatanodeProtocl RPC server is listening at /0.0.0.0:39378
2019-08-22 12:51:49,176 INFO  server.SCMDatanodeProtocolServer (SCMDatanodeProtocolServer.java:start(191)) - RPC server for DataNodes is listening at /0.0.0.0:39378
2019-08-22 12:51:49,176 INFO  ipc.Server (Server.java:run(1314)) - IPC Server Responder: starting
2019-08-22 12:51:49,176 INFO  ipc.Server (Server.java:run(1153)) - IPC Server listener on 39378: starting
2019-08-22 12:51:49,179 INFO  http.HttpServer2 (HttpServer2.java:bindListener(1191)) - Jetty bound to port 46096
2019-08-22 12:51:49,181 INFO  server.Server (Server.java:doStart(351)) - jetty-9.3.24.v20180605, build timestamp: 2018-06-05T17:11:56Z, git hash: 84205aa28f11a4f31f2a3b86d1bba2cc8ab69827
2019-08-22 12:51:49,220 INFO  handler.ContextHandler (ContextHandler.java:doStart(781)) - Started o.e.j.s.ServletContextHandler@79d94571{/logs,file:///workdir/hadoop-ozone/integration-test/target/log,AVAILABLE}
2019-08-22 12:51:49,221 INFO  handler.ContextHandler (ContextHandler.java:doStart(781)) - Started o.e.j.s.ServletContextHandler@3212a8d7{/static,file:///workdir/hadoop-ozone/integration-test/target/test-classes/webapps/static,AVAILABLE}
2019-08-22 12:51:49,259 INFO  handler.ContextHandler (ContextHandler.java:doStart(781)) - Started o.e.j.w.WebAppContext@4a3e3e8b{/,file:///workdir/hadoop-ozone/integration-test/target/test-classes/webapps/scm/,AVAILABLE}{/scm}
2019-08-22 12:51:49,265 INFO  server.AbstractConnector (AbstractConnector.java:doStart(278)) - Started ServerConnector@6e9319f{HTTP/1.1,[http/1.1]}{0.0.0.0:46096}
2019-08-22 12:51:49,265 INFO  server.Server (Server.java:doStart(419)) - Started @2886ms
2019-08-22 12:51:49,266 INFO  server.BaseHttpServer (BaseHttpServer.java:updateConnectorAddress(213)) - HTTP server of SCM is listening at http://0.0.0.0:46096
2019-08-22 12:51:49,275 INFO  util.JvmPauseMonitor (JvmPauseMonitor.java:run(188)) - Starting JVM pause monitor
2019-08-22 12:51:49,280 WARN  server.ServerUtils (ServerUtils.java:getDBPath(222)) - ozone.om.db.dirs is not configured. We recommend adding this setting. Falling back to ozone.metadata.dirs instead.
2019-08-22 12:51:49,391 WARN  server.ServerUtils (ServerUtils.java:getDBPath(222)) - ozone.om.db.dirs is not configured. We recommend adding this setting. Falling back to ozone.metadata.dirs instead.
2019-08-22 12:51:49,391 WARN  server.ServerUtils (ServerUtils.java:getDBPath(222)) - ozone.om.db.dirs is not configured. We recommend adding this setting. Falling back to ozone.metadata.dirs instead.
2019-08-22 12:51:49,392 INFO  om.OzoneManager (OzoneManager.java:setOMNodeDetails(647)) - OM Service ID is not set. Setting it to the default ID: omServiceIdDefault
2019-08-22 12:51:49,393 INFO  om.OzoneManager (OzoneManager.java:setOMNodeDetails(653)) - OM Node ID is not set. Setting it to the OmStorage's OmID: 8dcf3e58-8bcf-44fa-a416-2914c94874df
2019-08-22 12:51:49,394 INFO  om.OzoneManager (OzoneManager.java:loadOMHAConfigs(604)) - Found matching OM address with OMServiceId: null, OMNodeId: null, RPC Address: localhost:0 and Ratis port: 9872
2019-08-22 12:51:50,143 WARN  server.ServerUtils (ServerUtils.java:getDBPath(222)) - ozone.om.db.dirs is not configured. We recommend adding this setting. Falling back to ozone.metadata.dirs instead.
2019-08-22 12:51:50,150 INFO  db.DBStoreBuilder (DBStoreBuilder.java:addTable(110)) - using custom profile for table: userTable
2019-08-22 12:51:50,150 INFO  db.DBStoreBuilder (DBStoreBuilder.java:processTables(161)) - Using default column profile:DBProfile.DISK for Table:userTable
2019-08-22 12:51:50,151 INFO  db.DBStoreBuilder (DBStoreBuilder.java:addTable(110)) - using custom profile for table: volumeTable
2019-08-22 12:51:50,151 INFO  db.DBStoreBuilder (DBStoreBuilder.java:processTables(161)) - Using default column profile:DBProfile.DISK for Table:volumeTable
2019-08-22 12:51:50,151 INFO  db.DBStoreBuilder (DBStoreBuilder.java:addTable(110)) - using custom profile for table: bucketTable
2019-08-22 12:51:50,151 INFO  db.DBStoreBuilder (DBStoreBuilder.java:processTables(161)) - Using default column profile:DBProfile.DISK for Table:bucketTable
2019-08-22 12:51:50,152 INFO  db.DBStoreBuilder (DBStoreBuilder.java:addTable(110)) - using custom profile for table: keyTable
2019-08-22 12:51:50,152 INFO  db.DBStoreBuilder (DBStoreBuilder.java:processTables(161)) - Using default column profile:DBProfile.DISK for Table:keyTable
2019-08-22 12:51:50,152 INFO  db.DBStoreBuilder (DBStoreBuilder.java:addTable(110)) - using custom profile for table: deletedTable
2019-08-22 12:51:50,152 INFO  db.DBStoreBuilder (DBStoreBuilder.java:processTables(161)) - Using default column profile:DBProfile.DISK for Table:deletedTable
2019-08-22 12:51:50,152 INFO  db.DBStoreBuilder (DBStoreBuilder.java:addTable(110)) - using custom profile for table: openKeyTable
2019-08-22 12:51:50,153 INFO  db.DBStoreBuilder (DBStoreBuilder.java:processTables(161)) - Using default column profile:DBProfile.DISK for Table:openKeyTable
2019-08-22 12:51:50,153 INFO  db.DBStoreBuilder (DBStoreBuilder.java:addTable(110)) - using custom profile for table: s3Table
2019-08-22 12:51:50,153 INFO  db.DBStoreBuilder (DBStoreBuilder.java:processTables(161)) - Using default column profile:DBProfile.DISK for Table:s3Table
2019-08-22 12:51:50,153 INFO  db.DBStoreBuilder (DBStoreBuilder.java:addTable(110)) - using custom profile for table: multipartInfoTable
2019-08-22 12:51:50,154 INFO  db.DBStoreBuilder (DBStoreBuilder.java:processTables(161)) - Using default column profile:DBProfile.DISK for Table:multipartInfoTable
2019-08-22 12:51:50,154 INFO  db.DBStoreBuilder (DBStoreBuilder.java:addTable(110)) - using custom profile for table: dTokenTable
2019-08-22 12:51:50,154 INFO  db.DBStoreBuilder (DBStoreBuilder.java:processTables(161)) - Using default column profile:DBProfile.DISK for Table:dTokenTable
2019-08-22 12:51:50,154 INFO  db.DBStoreBuilder (DBStoreBuilder.java:addTable(110)) - using custom profile for table: s3SecretTable
2019-08-22 12:51:50,155 INFO  db.DBStoreBuilder (DBStoreBuilder.java:processTables(161)) - Using default column profile:DBProfile.DISK for Table:s3SecretTable
2019-08-22 12:51:50,155 INFO  db.DBStoreBuilder (DBStoreBuilder.java:addTable(110)) - using custom profile for table: prefixTable
2019-08-22 12:51:50,155 INFO  db.DBStoreBuilder (DBStoreBuilder.java:processTables(161)) - Using default column profile:DBProfile.DISK for Table:prefixTable
2019-08-22 12:51:50,155 INFO  db.DBStoreBuilder (DBStoreBuilder.java:addTable(110)) - using custom profile for table: default
2019-08-22 12:51:50,156 INFO  db.DBStoreBuilder (DBStoreBuilder.java:processTables(167)) - Using default column profile:DBProfile.DISK for Table:default
2019-08-22 12:51:50,156 INFO  db.DBStoreBuilder (DBStoreBuilder.java:getDbProfile(198)) - Using default options. DBProfile.DISK
2019-08-22 12:51:50,656 INFO  ipc.CallQueueManager (CallQueueManager.java:<init>(84)) - Using callQueue: class java.util.concurrent.LinkedBlockingQueue, queueCapacity: 2000, scheduler: class org.apache.hadoop.ipc.DefaultRpcScheduler, ipcBackoff: false.
2019-08-22 12:51:50,657 INFO  ipc.Server (Server.java:run(1074)) - Starting Socket Reader #1 for port 41444
2019-08-22 12:51:50,677 INFO  om.OzoneManager (OzoneManager.java:start(1258)) - OzoneManager RPC server is listening at localhost/127.0.0.1:41444
2019-08-22 12:51:50,677 INFO  impl.MetricsSystemImpl (MetricsSystemImpl.java:init(158)) - OzoneManager metrics system started (again)
2019-08-22 12:51:50,678 INFO  ipc.Server (Server.java:run(1314)) - IPC Server Responder: starting
2019-08-22 12:51:50,680 INFO  ipc.Server (Server.java:run(1153)) - IPC Server listener on 41444: starting
2019-08-22 12:51:50,685 INFO  hdfs.DFSUtil (DFSUtil.java:httpServerTemplateForNNAndJN(1641)) - Starting Web-server for ozoneManager at: http://0.0.0.0:0
2019-08-22 12:51:50,687 INFO  server.AuthenticationFilter (AuthenticationFilter.java:constructSecretProvider(240)) - Unable to initialize FileSignerSecretProvider, falling back to use random secrets.
2019-08-22 12:51:50,688 WARN  http.HttpRequestLog (HttpRequestLog.java:getRequestLog(97)) - Jetty request log can only be enabled using Log4j
2019-08-22 12:51:50,692 INFO  http.HttpServer2 (HttpServer2.java:addGlobalFilter(975)) - Added global filter 'safety' (class=org.apache.hadoop.http.HttpServer2$QuotingInputFilter)
2019-08-22 12:51:50,693 INFO  http.HttpServer2 (HttpServer2.java:addFilter(948)) - Added filter static_user_filter (class=org.apache.hadoop.http.lib.StaticUserWebFilter$StaticUserFilter) to context ozoneManager
2019-08-22 12:51:50,694 INFO  http.HttpServer2 (HttpServer2.java:addFilter(958)) - Added filter static_user_filter (class=org.apache.hadoop.http.lib.StaticUserWebFilter$StaticUserFilter) to context static
2019-08-22 12:51:50,694 INFO  http.HttpServer2 (HttpServer2.java:addFilter(958)) - Added filter static_user_filter (class=org.apache.hadoop.http.lib.StaticUserWebFilter$StaticUserFilter) to context logs
2019-08-22 12:51:50,698 INFO  http.HttpServer2 (HttpServer2.java:bindListener(1191)) - Jetty bound to port 46703
2019-08-22 12:51:50,699 INFO  server.Server (Server.java:doStart(351)) - jetty-9.3.24.v20180605, build timestamp: 2018-06-05T17:11:56Z, git hash: 84205aa28f11a4f31f2a3b86d1bba2cc8ab69827
2019-08-22 12:51:50,703 INFO  handler.ContextHandler (ContextHandler.java:doStart(781)) - Started o.e.j.s.ServletContextHandler@264c5d07{/logs,file:///workdir/hadoop-ozone/integration-test/target/log,AVAILABLE}
2019-08-22 12:51:50,705 INFO  handler.ContextHandler (ContextHandler.java:doStart(781)) - Started o.e.j.s.ServletContextHandler@69cac930{/static,file:///workdir/hadoop-ozone/integration-test/target/test-classes/webapps/static,AVAILABLE}
2019-08-22 12:51:50,712 INFO  handler.ContextHandler (ContextHandler.java:doStart(781)) - Started o.e.j.w.WebAppContext@18a645fd{/,file:///workdir/hadoop-ozone/integration-test/target/test-classes/webapps/ozoneManager/,AVAILABLE}{/ozoneManager}
2019-08-22 12:51:50,713 INFO  server.AbstractConnector (AbstractConnector.java:doStart(278)) - Started ServerConnector@6090f3ca{HTTP/1.1,[http/1.1]}{0.0.0.0:46703}
2019-08-22 12:51:50,714 INFO  server.Server (Server.java:doStart(419)) - Started @4334ms
2019-08-22 12:51:50,715 INFO  server.BaseHttpServer (BaseHttpServer.java:updateConnectorAddress(213)) - HTTP server of OZONEMANAGER is listening at http://0.0.0.0:46703
2019-08-22 12:51:51,082 INFO  impl.MetricsSystemImpl (MetricsSystemImpl.java:init(158)) - HddsDatanode metrics system started (again)
2019-08-22 12:51:51,193 INFO  ozone.HddsDatanodeService (HddsDatanodeService.java:start(184)) - HddsDatanodeService host:pr-hdds-1810-6qbbz-1568424974 ip:192.168.69.91
2019-08-22 12:51:51,228 INFO  volume.HddsVolume (HddsVolume.java:<init>(176)) - Creating Volume: /workdir/hadoop-ozone/integration-test/target/test-dir/MiniOzoneClusterImpl-c80a598f-8f6f-4d48-9250-786b4a2a8869/datanode-0/data/containers/hdds of  storage type : DISK and capacity : 1482555576320
2019-08-22 12:51:51,230 INFO  volume.VolumeSet (VolumeSet.java:initializeVolumeSet(170)) - Added Volume : /workdir/hadoop-ozone/integration-test/target/test-dir/MiniOzoneClusterImpl-c80a598f-8f6f-4d48-9250-786b4a2a8869/datanode-0/data/containers/hdds to VolumeSet
2019-08-22 12:51:51,233 INFO  volume.ThrottledAsyncChecker (ThrottledAsyncChecker.java:schedule(140)) - Scheduling a check for org.apache.hadoop.ozone.container.common.volume.HddsVolume@58d63b16
2019-08-22 12:51:51,252 INFO  volume.HddsVolumeChecker (HddsVolumeChecker.java:checkAllVolumes(203)) - Scheduled health check for volume org.apache.hadoop.ozone.container.common.volume.HddsVolume@58d63b16
2019-08-22 12:51:51,360 INFO  impl.RaftServerProxy (ConfUtils.java:logGet(43)) - raft.rpc.type = GRPC (default)
2019-08-22 12:51:51,429 INFO  grpc.GrpcFactory (GrpcFactory.java:checkPooledByteBufAllocatorUseCacheForAllThreads(45)) - PERFORMANCE WARNING: useCacheForAllThreads is true that may cause Netty to create a lot garbage objects and, as a result, trigger GC.
	It is recommended to disable useCacheForAllThreads by setting -Dorg.apache.ratis.thirdparty.io.netty.allocator.useCacheForAllThreads=false in command line.
2019-08-22 12:51:51,434 INFO  grpc.GrpcConfigKeys$Server (ConfUtils.java:logGet(43)) - raft.grpc.server.port = 0 (default)
2019-08-22 12:51:51,435 INFO  server.GrpcService (ConfUtils.java:logGet(43)) - raft.grpc.message.size.max = 33570816 (custom)
2019-08-22 12:51:51,437 INFO  server.RaftServerConfigKeys (ConfUtils.java:logGet(43)) - raft.server.log.appender.buffer.byte-limit = 33554432 (custom)
2019-08-22 12:51:51,438 INFO  server.GrpcService (ConfUtils.java:logGet(43)) - raft.grpc.flow.control.window = 1MB (=1048576) (default)
2019-08-22 12:51:51,439 INFO  server.RaftServerConfigKeys (ConfUtils.java:logGet(43)) - raft.server.rpc.request.timeout = 3000ms (default)
2019-08-22 12:51:51,604 INFO  server.RaftServerConfigKeys (ConfUtils.java:logGet(43)) - raft.server.storage.dir = [/workdir/hadoop-ozone/integration-test/target/test-dir/MiniOzoneClusterImpl-c80a598f-8f6f-4d48-9250-786b4a2a8869/datanode-0/data/ratis] (custom)
2019-08-22 12:51:51,641 INFO  replication.SimpleContainerDownloader (SimpleContainerDownloader.java:<init>(72)) - Starting container downloader service to copy containers to replicate.
2019-08-22 12:51:51,654 INFO  hdfs.DFSUtil (DFSUtil.java:httpServerTemplateForNNAndJN(1641)) - Starting Web-server for hddsDatanode at: http://0.0.0.0:0
2019-08-22 12:51:51,656 INFO  server.AuthenticationFilter (AuthenticationFilter.java:constructSecretProvider(240)) - Unable to initialize FileSignerSecretProvider, falling back to use random secrets.
2019-08-22 12:51:51,657 WARN  http.HttpRequestLog (HttpRequestLog.java:getRequestLog(97)) - Jetty request log can only be enabled using Log4j
2019-08-22 12:51:51,659 INFO  http.HttpServer2 (HttpServer2.java:addGlobalFilter(975)) - Added global filter 'safety' (class=org.apache.hadoop.http.HttpServer2$QuotingInputFilter)
2019-08-22 12:51:51,660 INFO  http.HttpServer2 (HttpServer2.java:addFilter(948)) - Added filter static_user_filter (class=org.apache.hadoop.http.lib.StaticUserWebFilter$StaticUserFilter) to context hddsDatanode
2019-08-22 12:51:51,660 INFO  http.HttpServer2 (HttpServer2.java:addFilter(958)) - Added filter static_user_filter (class=org.apache.hadoop.http.lib.StaticUserWebFilter$StaticUserFilter) to context static
2019-08-22 12:51:51,661 INFO  http.HttpServer2 (HttpServer2.java:addFilter(958)) - Added filter static_user_filter (class=org.apache.hadoop.http.lib.StaticUserWebFilter$StaticUserFilter) to context logs
2019-08-22 12:51:51,662 INFO  http.HttpServer2 (HttpServer2.java:bindListener(1191)) - Jetty bound to port 33358
2019-08-22 12:51:51,662 INFO  server.Server (Server.java:doStart(351)) - jetty-9.3.24.v20180605, build timestamp: 2018-06-05T17:11:56Z, git hash: 84205aa28f11a4f31f2a3b86d1bba2cc8ab69827
2019-08-22 12:51:51,665 INFO  handler.ContextHandler (ContextHandler.java:doStart(781)) - Started o.e.j.s.ServletContextHandler@1e0895f5{/logs,file:///workdir/hadoop-ozone/integration-test/target/log,AVAILABLE}
2019-08-22 12:51:51,665 INFO  handler.ContextHandler (ContextHandler.java:doStart(781)) - Started o.e.j.s.ServletContextHandler@fd9ebde{/static,jar:file:/home/user/.m2/repository/org/apache/hadoop/hadoop-hdds-container-service/0.5.0-SNAPSHOT/hadoop-hdds-container-service-0.5.0-SNAPSHOT.jar!/webapps/static,AVAILABLE}
2019-08-22 12:51:51,701 INFO  handler.ContextHandler (ContextHandler.java:doStart(781)) - Started o.e.j.w.WebAppContext@1aabf50d{/,file:///tmp/jetty-0.0.0.0-33358-hddsDatanode-_-any-8735232265133911628.dir/webapp/,AVAILABLE}{/hddsDatanode}
2019-08-22 12:51:51,702 INFO  server.AbstractConnector (AbstractConnector.java:doStart(278)) - Started ServerConnector@73c9e8e8{HTTP/1.1,[http/1.1]}{0.0.0.0:33358}
2019-08-22 12:51:51,703 INFO  server.Server (Server.java:doStart(419)) - Started @5324ms
2019-08-22 12:51:51,706 INFO  server.BaseHttpServer (BaseHttpServer.java:updateConnectorAddress(213)) - HTTP server of HDDSDATANODE is listening at http://0.0.0.0:33358
2019-08-22 12:51:52,670 INFO  ozone.HddsDatanodeService (HddsDatanodeService.java:startPlugins(395)) - Started plug-in org.apache.hadoop.ozone.web.OzoneHddsDatanodeService@2e71240b
2019-08-22 12:51:52,671 INFO  impl.MetricsSystemImpl (MetricsSystemImpl.java:init(158)) - HddsDatanode metrics system started (again)
2019-08-22 12:51:52,675 INFO  ozone.HddsDatanodeService (HddsDatanodeService.java:start(184)) - HddsDatanodeService host:pr-hdds-1810-6qbbz-1568424974 ip:192.168.69.91
2019-08-22 12:51:52,678 INFO  util.JvmPauseMonitor (JvmPauseMonitor.java:run(188)) - Starting JVM pause monitor
2019-08-22 12:51:52,687 INFO  volume.HddsVolume (HddsVolume.java:<init>(176)) - Creating Volume: /workdir/hadoop-ozone/integration-test/target/test-dir/MiniOzoneClusterImpl-c80a598f-8f6f-4d48-9250-786b4a2a8869/datanode-1/data/containers/hdds of  storage type : DISK and capacity : 1482555576320
2019-08-22 12:51:52,687 INFO  volume.VolumeSet (VolumeSet.java:initializeVolumeSet(170)) - Added Volume : /workdir/hadoop-ozone/integration-test/target/test-dir/MiniOzoneClusterImpl-c80a598f-8f6f-4d48-9250-786b4a2a8869/datanode-1/data/containers/hdds to VolumeSet
2019-08-22 12:51:52,689 INFO  volume.ThrottledAsyncChecker (ThrottledAsyncChecker.java:schedule(140)) - Scheduling a check for org.apache.hadoop.ozone.container.common.volume.HddsVolume@198536f6
2019-08-22 12:51:52,690 INFO  volume.HddsVolumeChecker (HddsVolumeChecker.java:checkAllVolumes(203)) - Scheduled health check for volume org.apache.hadoop.ozone.container.common.volume.HddsVolume@198536f6
2019-08-22 12:51:52,711 INFO  impl.RaftServerProxy (ConfUtils.java:logGet(43)) - raft.rpc.type = GRPC (default)
2019-08-22 12:51:52,711 INFO  grpc.GrpcFactory (GrpcFactory.java:checkPooledByteBufAllocatorUseCacheForAllThreads(45)) - PERFORMANCE WARNING: useCacheForAllThreads is true that may cause Netty to create a lot garbage objects and, as a result, trigger GC.
	It is recommended to disable useCacheForAllThreads by setting -Dorg.apache.ratis.thirdparty.io.netty.allocator.useCacheForAllThreads=false in command line.
2019-08-22 12:51:52,711 INFO  grpc.GrpcConfigKeys$Server (ConfUtils.java:logGet(43)) - raft.grpc.server.port = 0 (default)
2019-08-22 12:51:52,712 INFO  server.GrpcService (ConfUtils.java:logGet(43)) - raft.grpc.message.size.max = 33570816 (custom)
2019-08-22 12:51:52,712 INFO  server.RaftServerConfigKeys (ConfUtils.java:logGet(43)) - raft.server.log.appender.buffer.byte-limit = 33554432 (custom)
2019-08-22 12:51:52,712 INFO  server.GrpcService (ConfUtils.java:logGet(43)) - raft.grpc.flow.control.window = 1MB (=1048576) (default)
2019-08-22 12:51:52,713 INFO  server.RaftServerConfigKeys (ConfUtils.java:logGet(43)) - raft.server.rpc.request.timeout = 3000ms (default)
2019-08-22 12:51:52,713 INFO  server.RaftServerConfigKeys (ConfUtils.java:logGet(43)) - raft.server.storage.dir = [/workdir/hadoop-ozone/integration-test/target/test-dir/MiniOzoneClusterImpl-c80a598f-8f6f-4d48-9250-786b4a2a8869/datanode-1/data/ratis] (custom)
2019-08-22 12:51:52,714 INFO  replication.SimpleContainerDownloader (SimpleContainerDownloader.java:<init>(72)) - Starting container downloader service to copy containers to replicate.
2019-08-22 12:51:52,716 INFO  hdfs.DFSUtil (DFSUtil.java:httpServerTemplateForNNAndJN(1641)) - Starting Web-server for hddsDatanode at: http://0.0.0.0:0
2019-08-22 12:51:52,718 INFO  server.AuthenticationFilter (AuthenticationFilter.java:constructSecretProvider(240)) - Unable to initialize FileSignerSecretProvider, falling back to use random secrets.
2019-08-22 12:51:52,719 WARN  http.HttpRequestLog (HttpRequestLog.java:getRequestLog(97)) - Jetty request log can only be enabled using Log4j
2019-08-22 12:51:52,722 INFO  http.HttpServer2 (HttpServer2.java:addGlobalFilter(975)) - Added global filter 'safety' (class=org.apache.hadoop.http.HttpServer2$QuotingInputFilter)
2019-08-22 12:51:52,723 INFO  http.HttpServer2 (HttpServer2.java:addFilter(948)) - Added filter static_user_filter (class=org.apache.hadoop.http.lib.StaticUserWebFilter$StaticUserFilter) to context hddsDatanode
2019-08-22 12:51:52,723 INFO  http.HttpServer2 (HttpServer2.java:addFilter(958)) - Added filter static_user_filter (class=org.apache.hadoop.http.lib.StaticUserWebFilter$StaticUserFilter) to context logs
2019-08-22 12:51:52,724 INFO  http.HttpServer2 (HttpServer2.java:addFilter(958)) - Added filter static_user_filter (class=org.apache.hadoop.http.lib.StaticUserWebFilter$StaticUserFilter) to context static
2019-08-22 12:51:52,725 INFO  http.HttpServer2 (HttpServer2.java:bindListener(1191)) - Jetty bound to port 40471
2019-08-22 12:51:52,725 INFO  server.Server (Server.java:doStart(351)) - jetty-9.3.24.v20180605, build timestamp: 2018-06-05T17:11:56Z, git hash: 84205aa28f11a4f31f2a3b86d1bba2cc8ab69827
2019-08-22 12:51:52,729 INFO  handler.ContextHandler (ContextHandler.java:doStart(781)) - Started o.e.j.s.ServletContextHandler@23ca36d{/logs,file:///workdir/hadoop-ozone/integration-test/target/log,AVAILABLE}
2019-08-22 12:51:52,730 INFO  handler.ContextHandler (ContextHandler.java:doStart(781)) - Started o.e.j.s.ServletContextHandler@7bbcf6f0{/static,jar:file:/home/user/.m2/repository/org/apache/hadoop/hadoop-hdds-container-service/0.5.0-SNAPSHOT/hadoop-hdds-container-service-0.5.0-SNAPSHOT.jar!/webapps/static,AVAILABLE}
2019-08-22 12:51:52,764 INFO  handler.ContextHandler (ContextHandler.java:doStart(781)) - Started o.e.j.w.WebAppContext@2e7af36e{/,file:///tmp/jetty-0.0.0.0-40471-hddsDatanode-_-any-7671444983525176021.dir/webapp/,AVAILABLE}{/hddsDatanode}
2019-08-22 12:51:52,765 INFO  server.AbstractConnector (AbstractConnector.java:doStart(278)) - Started ServerConnector@1283ca23{HTTP/1.1,[http/1.1]}{0.0.0.0:40471}
2019-08-22 12:51:52,766 INFO  server.Server (Server.java:doStart(419)) - Started @6387ms
2019-08-22 12:51:52,767 INFO  server.BaseHttpServer (BaseHttpServer.java:updateConnectorAddress(213)) - HTTP server of HDDSDATANODE is listening at http://0.0.0.0:40471
2019-08-22 12:51:52,797 INFO  datanode.InitDatanodeState (InitDatanodeState.java:persistContainerDatanodeDetails(140)) - DatanodeDetails is persisted to /workdir/hadoop-ozone/integration-test/target/test-dir/MiniOzoneClusterImpl-c80a598f-8f6f-4d48-9250-786b4a2a8869/datanode-0/meta/datanode.id
2019-08-22 12:51:52,914 INFO  ozone.HddsDatanodeService (HddsDatanodeService.java:startPlugins(395)) - Started plug-in org.apache.hadoop.ozone.web.OzoneHddsDatanodeService@644a3add
2019-08-22 12:51:52,915 INFO  impl.MetricsSystemImpl (MetricsSystemImpl.java:init(158)) - HddsDatanode metrics system started (again)
2019-08-22 12:51:52,917 INFO  util.JvmPauseMonitor (JvmPauseMonitor.java:run(188)) - Starting JVM pause monitor
2019-08-22 12:51:52,918 INFO  ozone.HddsDatanodeService (HddsDatanodeService.java:start(184)) - HddsDatanodeService host:pr-hdds-1810-6qbbz-1568424974 ip:192.168.69.91
2019-08-22 12:51:52,924 INFO  datanode.InitDatanodeState (InitDatanodeState.java:persistContainerDatanodeDetails(140)) - DatanodeDetails is persisted to /workdir/hadoop-ozone/integration-test/target/test-dir/MiniOzoneClusterImpl-c80a598f-8f6f-4d48-9250-786b4a2a8869/datanode-1/meta/datanode.id
2019-08-22 12:51:52,929 INFO  volume.HddsVolume (HddsVolume.java:<init>(176)) - Creating Volume: /workdir/hadoop-ozone/integration-test/target/test-dir/MiniOzoneClusterImpl-c80a598f-8f6f-4d48-9250-786b4a2a8869/datanode-2/data/containers/hdds of  storage type : DISK and capacity : 1482555576320
2019-08-22 12:51:52,929 INFO  volume.VolumeSet (VolumeSet.java:initializeVolumeSet(170)) - Added Volume : /workdir/hadoop-ozone/integration-test/target/test-dir/MiniOzoneClusterImpl-c80a598f-8f6f-4d48-9250-786b4a2a8869/datanode-2/data/containers/hdds to VolumeSet
2019-08-22 12:51:52,929 INFO  volume.ThrottledAsyncChecker (ThrottledAsyncChecker.java:schedule(140)) - Scheduling a check for org.apache.hadoop.ozone.container.common.volume.HddsVolume@2199e845
2019-08-22 12:51:52,930 INFO  volume.HddsVolumeChecker (HddsVolumeChecker.java:checkAllVolumes(203)) - Scheduled health check for volume org.apache.hadoop.ozone.container.common.volume.HddsVolume@2199e845
2019-08-22 12:51:52,945 INFO  impl.RaftServerProxy (ConfUtils.java:logGet(43)) - raft.rpc.type = GRPC (default)
2019-08-22 12:51:52,945 INFO  grpc.GrpcFactory (GrpcFactory.java:checkPooledByteBufAllocatorUseCacheForAllThreads(45)) - PERFORMANCE WARNING: useCacheForAllThreads is true that may cause Netty to create a lot garbage objects and, as a result, trigger GC.
	It is recommended to disable useCacheForAllThreads by setting -Dorg.apache.ratis.thirdparty.io.netty.allocator.useCacheForAllThreads=false in command line.
2019-08-22 12:51:52,945 INFO  grpc.GrpcConfigKeys$Server (ConfUtils.java:logGet(43)) - raft.grpc.server.port = 0 (default)
2019-08-22 12:51:52,945 INFO  server.GrpcService (ConfUtils.java:logGet(43)) - raft.grpc.message.size.max = 33570816 (custom)
2019-08-22 12:51:52,946 INFO  server.RaftServerConfigKeys (ConfUtils.java:logGet(43)) - raft.server.log.appender.buffer.byte-limit = 33554432 (custom)
2019-08-22 12:51:52,946 INFO  server.GrpcService (ConfUtils.java:logGet(43)) - raft.grpc.flow.control.window = 1MB (=1048576) (default)
2019-08-22 12:51:52,946 INFO  server.RaftServerConfigKeys (ConfUtils.java:logGet(43)) - raft.server.rpc.request.timeout = 3000ms (default)
2019-08-22 12:51:52,947 INFO  server.RaftServerConfigKeys (ConfUtils.java:logGet(43)) - raft.server.storage.dir = [/workdir/hadoop-ozone/integration-test/target/test-dir/MiniOzoneClusterImpl-c80a598f-8f6f-4d48-9250-786b4a2a8869/datanode-2/data/ratis] (custom)
2019-08-22 12:51:52,948 INFO  replication.SimpleContainerDownloader (SimpleContainerDownloader.java:<init>(72)) - Starting container downloader service to copy containers to replicate.
2019-08-22 12:51:52,949 INFO  hdfs.DFSUtil (DFSUtil.java:httpServerTemplateForNNAndJN(1641)) - Starting Web-server for hddsDatanode at: http://0.0.0.0:0
2019-08-22 12:51:52,950 INFO  server.AuthenticationFilter (AuthenticationFilter.java:constructSecretProvider(240)) - Unable to initialize FileSignerSecretProvider, falling back to use random secrets.
2019-08-22 12:51:52,950 WARN  http.HttpRequestLog (HttpRequestLog.java:getRequestLog(97)) - Jetty request log can only be enabled using Log4j
2019-08-22 12:51:52,952 INFO  http.HttpServer2 (HttpServer2.java:addGlobalFilter(975)) - Added global filter 'safety' (class=org.apache.hadoop.http.HttpServer2$QuotingInputFilter)
2019-08-22 12:51:52,952 INFO  http.HttpServer2 (HttpServer2.java:addFilter(948)) - Added filter static_user_filter (class=org.apache.hadoop.http.lib.StaticUserWebFilter$StaticUserFilter) to context hddsDatanode
2019-08-22 12:51:52,952 INFO  http.HttpServer2 (HttpServer2.java:addFilter(958)) - Added filter static_user_filter (class=org.apache.hadoop.http.lib.StaticUserWebFilter$StaticUserFilter) to context static
2019-08-22 12:51:52,953 INFO  http.HttpServer2 (HttpServer2.java:addFilter(958)) - Added filter static_user_filter (class=org.apache.hadoop.http.lib.StaticUserWebFilter$StaticUserFilter) to context logs
2019-08-22 12:51:52,953 INFO  http.HttpServer2 (HttpServer2.java:bindListener(1191)) - Jetty bound to port 46476
2019-08-22 12:51:52,954 INFO  server.Server (Server.java:doStart(351)) - jetty-9.3.24.v20180605, build timestamp: 2018-06-05T17:11:56Z, git hash: 84205aa28f11a4f31f2a3b86d1bba2cc8ab69827
2019-08-22 12:51:52,955 INFO  handler.ContextHandler (ContextHandler.java:doStart(781)) - Started o.e.j.s.ServletContextHandler@528c8c1{/logs,file:///workdir/hadoop-ozone/integration-test/target/log,AVAILABLE}
2019-08-22 12:51:52,957 INFO  handler.ContextHandler (ContextHandler.java:doStart(781)) - Started o.e.j.s.ServletContextHandler@1c046c92{/static,jar:file:/home/user/.m2/repository/org/apache/hadoop/hadoop-hdds-container-service/0.5.0-SNAPSHOT/hadoop-hdds-container-service-0.5.0-SNAPSHOT.jar!/webapps/static,AVAILABLE}
2019-08-22 12:51:52,980 INFO  handler.ContextHandler (ContextHandler.java:doStart(781)) - Started o.e.j.w.WebAppContext@7418d76e{/,file:///tmp/jetty-0.0.0.0-46476-hddsDatanode-_-any-788434988471273948.dir/webapp/,AVAILABLE}{/hddsDatanode}
2019-08-22 12:51:52,980 INFO  server.AbstractConnector (AbstractConnector.java:doStart(278)) - Started ServerConnector@601eb4af{HTTP/1.1,[http/1.1]}{0.0.0.0:46476}
2019-08-22 12:51:52,981 INFO  server.Server (Server.java:doStart(419)) - Started @6602ms
2019-08-22 12:51:52,983 INFO  server.BaseHttpServer (BaseHttpServer.java:updateConnectorAddress(213)) - HTTP server of HDDSDATANODE is listening at http://0.0.0.0:46476
2019-08-22 12:51:53,118 INFO  ozone.HddsDatanodeService (HddsDatanodeService.java:startPlugins(395)) - Started plug-in org.apache.hadoop.ozone.web.OzoneHddsDatanodeService@679d0be8
2019-08-22 12:51:53,119 INFO  impl.MetricsSystemImpl (MetricsSystemImpl.java:init(158)) - HddsDatanode metrics system started (again)
2019-08-22 12:51:53,122 INFO  ozone.HddsDatanodeService (HddsDatanodeService.java:start(184)) - HddsDatanodeService host:pr-hdds-1810-6qbbz-1568424974 ip:192.168.69.91
2019-08-22 12:51:53,123 INFO  util.JvmPauseMonitor (JvmPauseMonitor.java:run(188)) - Starting JVM pause monitor
2019-08-22 12:51:53,126 INFO  datanode.InitDatanodeState (InitDatanodeState.java:persistContainerDatanodeDetails(140)) - DatanodeDetails is persisted to /workdir/hadoop-ozone/integration-test/target/test-dir/MiniOzoneClusterImpl-c80a598f-8f6f-4d48-9250-786b4a2a8869/datanode-2/meta/datanode.id
2019-08-22 12:51:53,130 INFO  volume.HddsVolume (HddsVolume.java:<init>(176)) - Creating Volume: /workdir/hadoop-ozone/integration-test/target/test-dir/MiniOzoneClusterImpl-c80a598f-8f6f-4d48-9250-786b4a2a8869/datanode-3/data/containers/hdds of  storage type : DISK and capacity : 1482555576320
2019-08-22 12:51:53,131 INFO  volume.VolumeSet (VolumeSet.java:initializeVolumeSet(170)) - Added Volume : /workdir/hadoop-ozone/integration-test/target/test-dir/MiniOzoneClusterImpl-c80a598f-8f6f-4d48-9250-786b4a2a8869/datanode-3/data/containers/hdds to VolumeSet
2019-08-22 12:51:53,131 INFO  volume.ThrottledAsyncChecker (ThrottledAsyncChecker.java:schedule(140)) - Scheduling a check for org.apache.hadoop.ozone.container.common.volume.HddsVolume@5eed6dfb
2019-08-22 12:51:53,131 INFO  volume.HddsVolumeChecker (HddsVolumeChecker.java:checkAllVolumes(203)) - Scheduled health check for volume org.apache.hadoop.ozone.container.common.volume.HddsVolume@5eed6dfb
2019-08-22 12:51:53,148 INFO  impl.RaftServerProxy (ConfUtils.java:logGet(43)) - raft.rpc.type = GRPC (default)
2019-08-22 12:51:53,148 INFO  grpc.GrpcFactory (GrpcFactory.java:checkPooledByteBufAllocatorUseCacheForAllThreads(45)) - PERFORMANCE WARNING: useCacheForAllThreads is true that may cause Netty to create a lot garbage objects and, as a result, trigger GC.
	It is recommended to disable useCacheForAllThreads by setting -Dorg.apache.ratis.thirdparty.io.netty.allocator.useCacheForAllThreads=false in command line.
2019-08-22 12:51:53,149 INFO  grpc.GrpcConfigKeys$Server (ConfUtils.java:logGet(43)) - raft.grpc.server.port = 0 (default)
2019-08-22 12:51:53,149 INFO  server.GrpcService (ConfUtils.java:logGet(43)) - raft.grpc.message.size.max = 33570816 (custom)
2019-08-22 12:51:53,149 INFO  server.RaftServerConfigKeys (ConfUtils.java:logGet(43)) - raft.server.log.appender.buffer.byte-limit = 33554432 (custom)
2019-08-22 12:51:53,150 INFO  server.GrpcService (ConfUtils.java:logGet(43)) - raft.grpc.flow.control.window = 1MB (=1048576) (default)
2019-08-22 12:51:53,150 INFO  server.RaftServerConfigKeys (ConfUtils.java:logGet(43)) - raft.server.rpc.request.timeout = 3000ms (default)
2019-08-22 12:51:53,151 INFO  server.RaftServerConfigKeys (ConfUtils.java:logGet(43)) - raft.server.storage.dir = [/workdir/hadoop-ozone/integration-test/target/test-dir/MiniOzoneClusterImpl-c80a598f-8f6f-4d48-9250-786b4a2a8869/datanode-3/data/ratis] (custom)
2019-08-22 12:51:53,152 INFO  replication.SimpleContainerDownloader (SimpleContainerDownloader.java:<init>(72)) - Starting container downloader service to copy containers to replicate.
2019-08-22 12:51:53,153 INFO  hdfs.DFSUtil (DFSUtil.java:httpServerTemplateForNNAndJN(1641)) - Starting Web-server for hddsDatanode at: http://0.0.0.0:0
2019-08-22 12:51:53,155 INFO  server.AuthenticationFilter (AuthenticationFilter.java:constructSecretProvider(240)) - Unable to initialize FileSignerSecretProvider, falling back to use random secrets.
2019-08-22 12:51:53,156 WARN  http.HttpRequestLog (HttpRequestLog.java:getRequestLog(97)) - Jetty request log can only be enabled using Log4j
2019-08-22 12:51:53,158 INFO  http.HttpServer2 (HttpServer2.java:addGlobalFilter(975)) - Added global filter 'safety' (class=org.apache.hadoop.http.HttpServer2$QuotingInputFilter)
2019-08-22 12:51:53,159 INFO  http.HttpServer2 (HttpServer2.java:addFilter(948)) - Added filter static_user_filter (class=org.apache.hadoop.http.lib.StaticUserWebFilter$StaticUserFilter) to context hddsDatanode
2019-08-22 12:51:53,160 INFO  http.HttpServer2 (HttpServer2.java:addFilter(958)) - Added filter static_user_filter (class=org.apache.hadoop.http.lib.StaticUserWebFilter$StaticUserFilter) to context static
2019-08-22 12:51:53,160 INFO  http.HttpServer2 (HttpServer2.java:addFilter(958)) - Added filter static_user_filter (class=org.apache.hadoop.http.lib.StaticUserWebFilter$StaticUserFilter) to context logs
2019-08-22 12:51:53,161 INFO  http.HttpServer2 (HttpServer2.java:bindListener(1191)) - Jetty bound to port 36232
2019-08-22 12:51:53,161 INFO  server.Server (Server.java:doStart(351)) - jetty-9.3.24.v20180605, build timestamp: 2018-06-05T17:11:56Z, git hash: 84205aa28f11a4f31f2a3b86d1bba2cc8ab69827
2019-08-22 12:51:53,166 INFO  handler.ContextHandler (ContextHandler.java:doStart(781)) - Started o.e.j.s.ServletContextHandler@b30a50d{/logs,file:///workdir/hadoop-ozone/integration-test/target/log,AVAILABLE}
2019-08-22 12:51:53,167 INFO  handler.ContextHandler (ContextHandler.java:doStart(781)) - Started o.e.j.s.ServletContextHandler@6c742b84{/static,jar:file:/home/user/.m2/repository/org/apache/hadoop/hadoop-hdds-container-service/0.5.0-SNAPSHOT/hadoop-hdds-container-service-0.5.0-SNAPSHOT.jar!/webapps/static,AVAILABLE}
2019-08-22 12:51:53,209 INFO  handler.ContextHandler (ContextHandler.java:doStart(781)) - Started o.e.j.w.WebAppContext@7f0f84d4{/,file:///tmp/jetty-0.0.0.0-36232-hddsDatanode-_-any-3571823198519649685.dir/webapp/,AVAILABLE}{/hddsDatanode}
2019-08-22 12:51:53,210 INFO  server.AbstractConnector (AbstractConnector.java:doStart(278)) - Started ServerConnector@6df4af5{HTTP/1.1,[http/1.1]}{0.0.0.0:36232}
2019-08-22 12:51:53,211 INFO  server.Server (Server.java:doStart(419)) - Started @6832ms
2019-08-22 12:51:53,212 INFO  server.BaseHttpServer (BaseHttpServer.java:updateConnectorAddress(213)) - HTTP server of HDDSDATANODE is listening at http://0.0.0.0:36232
2019-08-22 12:51:53,364 INFO  ozone.HddsDatanodeService (HddsDatanodeService.java:startPlugins(395)) - Started plug-in org.apache.hadoop.ozone.web.OzoneHddsDatanodeService@6094de13
2019-08-22 12:51:53,365 INFO  impl.MetricsSystemImpl (MetricsSystemImpl.java:init(158)) - HddsDatanode metrics system started (again)
2019-08-22 12:51:53,368 INFO  util.JvmPauseMonitor (JvmPauseMonitor.java:run(188)) - Starting JVM pause monitor
2019-08-22 12:51:53,369 INFO  ozone.HddsDatanodeService (HddsDatanodeService.java:start(184)) - HddsDatanodeService host:pr-hdds-1810-6qbbz-1568424974 ip:192.168.69.91
2019-08-22 12:51:53,371 INFO  datanode.InitDatanodeState (InitDatanodeState.java:persistContainerDatanodeDetails(140)) - DatanodeDetails is persisted to /workdir/hadoop-ozone/integration-test/target/test-dir/MiniOzoneClusterImpl-c80a598f-8f6f-4d48-9250-786b4a2a8869/datanode-3/meta/datanode.id
2019-08-22 12:51:53,376 INFO  volume.HddsVolume (HddsVolume.java:<init>(176)) - Creating Volume: /workdir/hadoop-ozone/integration-test/target/test-dir/MiniOzoneClusterImpl-c80a598f-8f6f-4d48-9250-786b4a2a8869/datanode-4/data/containers/hdds of  storage type : DISK and capacity : 1482555576320
2019-08-22 12:51:53,377 INFO  volume.VolumeSet (VolumeSet.java:initializeVolumeSet(170)) - Added Volume : /workdir/hadoop-ozone/integration-test/target/test-dir/MiniOzoneClusterImpl-c80a598f-8f6f-4d48-9250-786b4a2a8869/datanode-4/data/containers/hdds to VolumeSet
2019-08-22 12:51:53,377 INFO  volume.ThrottledAsyncChecker (ThrottledAsyncChecker.java:schedule(140)) - Scheduling a check for org.apache.hadoop.ozone.container.common.volume.HddsVolume@2c9306d3
2019-08-22 12:51:53,378 INFO  volume.HddsVolumeChecker (HddsVolumeChecker.java:checkAllVolumes(203)) - Scheduled health check for volume org.apache.hadoop.ozone.container.common.volume.HddsVolume@2c9306d3
2019-08-22 12:51:53,392 INFO  impl.RaftServerProxy (ConfUtils.java:logGet(43)) - raft.rpc.type = GRPC (default)
2019-08-22 12:51:53,392 INFO  grpc.GrpcFactory (GrpcFactory.java:checkPooledByteBufAllocatorUseCacheForAllThreads(45)) - PERFORMANCE WARNING: useCacheForAllThreads is true that may cause Netty to create a lot garbage objects and, as a result, trigger GC.
	It is recommended to disable useCacheForAllThreads by setting -Dorg.apache.ratis.thirdparty.io.netty.allocator.useCacheForAllThreads=false in command line.
2019-08-22 12:51:53,392 INFO  grpc.GrpcConfigKeys$Server (ConfUtils.java:logGet(43)) - raft.grpc.server.port = 0 (default)
2019-08-22 12:51:53,392 INFO  server.GrpcService (ConfUtils.java:logGet(43)) - raft.grpc.message.size.max = 33570816 (custom)
2019-08-22 12:51:53,393 INFO  server.RaftServerConfigKeys (ConfUtils.java:logGet(43)) - raft.server.log.appender.buffer.byte-limit = 33554432 (custom)
2019-08-22 12:51:53,393 INFO  server.GrpcService (ConfUtils.java:logGet(43)) - raft.grpc.flow.control.window = 1MB (=1048576) (default)
2019-08-22 12:51:53,393 INFO  server.RaftServerConfigKeys (ConfUtils.java:logGet(43)) - raft.server.rpc.request.timeout = 3000ms (default)
2019-08-22 12:51:53,394 INFO  server.RaftServerConfigKeys (ConfUtils.java:logGet(43)) - raft.server.storage.dir = [/workdir/hadoop-ozone/integration-test/target/test-dir/MiniOzoneClusterImpl-c80a598f-8f6f-4d48-9250-786b4a2a8869/datanode-4/data/ratis] (custom)
2019-08-22 12:51:53,394 INFO  replication.SimpleContainerDownloader (SimpleContainerDownloader.java:<init>(72)) - Starting container downloader service to copy containers to replicate.
2019-08-22 12:51:53,395 INFO  hdfs.DFSUtil (DFSUtil.java:httpServerTemplateForNNAndJN(1641)) - Starting Web-server for hddsDatanode at: http://0.0.0.0:0
2019-08-22 12:51:53,397 INFO  server.AuthenticationFilter (AuthenticationFilter.java:constructSecretProvider(240)) - Unable to initialize FileSignerSecretProvider, falling back to use random secrets.
2019-08-22 12:51:53,398 WARN  http.HttpRequestLog (HttpRequestLog.java:getRequestLog(97)) - Jetty request log can only be enabled using Log4j
2019-08-22 12:51:53,400 INFO  http.HttpServer2 (HttpServer2.java:addGlobalFilter(975)) - Added global filter 'safety' (class=org.apache.hadoop.http.HttpServer2$QuotingInputFilter)
2019-08-22 12:51:53,400 INFO  http.HttpServer2 (HttpServer2.java:addFilter(948)) - Added filter static_user_filter (class=org.apache.hadoop.http.lib.StaticUserWebFilter$StaticUserFilter) to context hddsDatanode
2019-08-22 12:51:53,401 INFO  http.HttpServer2 (HttpServer2.java:addFilter(958)) - Added filter static_user_filter (class=org.apache.hadoop.http.lib.StaticUserWebFilter$StaticUserFilter) to context static
2019-08-22 12:51:53,401 INFO  http.HttpServer2 (HttpServer2.java:addFilter(958)) - Added filter static_user_filter (class=org.apache.hadoop.http.lib.StaticUserWebFilter$StaticUserFilter) to context logs
2019-08-22 12:51:53,401 INFO  http.HttpServer2 (HttpServer2.java:bindListener(1191)) - Jetty bound to port 37507
2019-08-22 12:51:53,402 INFO  server.Server (Server.java:doStart(351)) - jetty-9.3.24.v20180605, build timestamp: 2018-06-05T17:11:56Z, git hash: 84205aa28f11a4f31f2a3b86d1bba2cc8ab69827
2019-08-22 12:51:53,404 INFO  handler.ContextHandler (ContextHandler.java:doStart(781)) - Started o.e.j.s.ServletContextHandler@5e905f2c{/logs,file:///workdir/hadoop-ozone/integration-test/target/log,AVAILABLE}
2019-08-22 12:51:53,405 INFO  handler.ContextHandler (ContextHandler.java:doStart(781)) - Started o.e.j.s.ServletContextHandler@3f6cce7f{/static,jar:file:/home/user/.m2/repository/org/apache/hadoop/hadoop-hdds-container-service/0.5.0-SNAPSHOT/hadoop-hdds-container-service-0.5.0-SNAPSHOT.jar!/webapps/static,AVAILABLE}
2019-08-22 12:51:53,439 INFO  handler.ContextHandler (ContextHandler.java:doStart(781)) - Started o.e.j.w.WebAppContext@14f060b8{/,file:///tmp/jetty-0.0.0.0-37507-hddsDatanode-_-any-5692395981524138888.dir/webapp/,AVAILABLE}{/hddsDatanode}
2019-08-22 12:51:53,441 INFO  server.AbstractConnector (AbstractConnector.java:doStart(278)) - Started ServerConnector@7a0ab480{HTTP/1.1,[http/1.1]}{0.0.0.0:37507}
2019-08-22 12:51:53,441 INFO  server.Server (Server.java:doStart(419)) - Started @7062ms
2019-08-22 12:51:53,442 INFO  server.BaseHttpServer (BaseHttpServer.java:updateConnectorAddress(213)) - HTTP server of HDDSDATANODE is listening at http://0.0.0.0:37507
2019-08-22 12:51:53,565 INFO  ozone.HddsDatanodeService (HddsDatanodeService.java:startPlugins(395)) - Started plug-in org.apache.hadoop.ozone.web.OzoneHddsDatanodeService@70be89ec
2019-08-22 12:51:53,565 INFO  impl.MetricsSystemImpl (MetricsSystemImpl.java:init(158)) - HddsDatanode metrics system started (again)
2019-08-22 12:51:53,569 INFO  ozone.HddsDatanodeService (HddsDatanodeService.java:start(184)) - HddsDatanodeService host:pr-hdds-1810-6qbbz-1568424974 ip:192.168.69.91
2019-08-22 12:51:53,569 INFO  util.JvmPauseMonitor (JvmPauseMonitor.java:run(188)) - Starting JVM pause monitor
2019-08-22 12:51:53,572 INFO  datanode.InitDatanodeState (InitDatanodeState.java:persistContainerDatanodeDetails(140)) - DatanodeDetails is persisted to /workdir/hadoop-ozone/integration-test/target/test-dir/MiniOzoneClusterImpl-c80a598f-8f6f-4d48-9250-786b4a2a8869/datanode-4/meta/datanode.id
2019-08-22 12:51:53,576 INFO  volume.HddsVolume (HddsVolume.java:<init>(176)) - Creating Volume: /workdir/hadoop-ozone/integration-test/target/test-dir/MiniOzoneClusterImpl-c80a598f-8f6f-4d48-9250-786b4a2a8869/datanode-5/data/containers/hdds of  storage type : DISK and capacity : 1482555576320
2019-08-22 12:51:53,577 INFO  volume.VolumeSet (VolumeSet.java:initializeVolumeSet(170)) - Added Volume : /workdir/hadoop-ozone/integration-test/target/test-dir/MiniOzoneClusterImpl-c80a598f-8f6f-4d48-9250-786b4a2a8869/datanode-5/data/containers/hdds to VolumeSet
2019-08-22 12:51:53,577 INFO  volume.ThrottledAsyncChecker (ThrottledAsyncChecker.java:schedule(140)) - Scheduling a check for org.apache.hadoop.ozone.container.common.volume.HddsVolume@67c6f4d8
2019-08-22 12:51:53,577 INFO  volume.HddsVolumeChecker (HddsVolumeChecker.java:checkAllVolumes(203)) - Scheduled health check for volume org.apache.hadoop.ozone.container.common.volume.HddsVolume@67c6f4d8
2019-08-22 12:51:53,591 INFO  impl.RaftServerProxy (ConfUtils.java:logGet(43)) - raft.rpc.type = GRPC (default)
2019-08-22 12:51:53,591 INFO  grpc.GrpcFactory (GrpcFactory.java:checkPooledByteBufAllocatorUseCacheForAllThreads(45)) - PERFORMANCE WARNING: useCacheForAllThreads is true that may cause Netty to create a lot garbage objects and, as a result, trigger GC.
	It is recommended to disable useCacheForAllThreads by setting -Dorg.apache.ratis.thirdparty.io.netty.allocator.useCacheForAllThreads=false in command line.
2019-08-22 12:51:53,591 INFO  grpc.GrpcConfigKeys$Server (ConfUtils.java:logGet(43)) - raft.grpc.server.port = 0 (default)
2019-08-22 12:51:53,591 INFO  server.GrpcService (ConfUtils.java:logGet(43)) - raft.grpc.message.size.max = 33570816 (custom)
2019-08-22 12:51:53,592 INFO  server.RaftServerConfigKeys (ConfUtils.java:logGet(43)) - raft.server.log.appender.buffer.byte-limit = 33554432 (custom)
2019-08-22 12:51:53,592 INFO  server.GrpcService (ConfUtils.java:logGet(43)) - raft.grpc.flow.control.window = 1MB (=1048576) (default)
2019-08-22 12:51:53,592 INFO  server.RaftServerConfigKeys (ConfUtils.java:logGet(43)) - raft.server.rpc.request.timeout = 3000ms (default)
2019-08-22 12:51:53,592 INFO  server.RaftServerConfigKeys (ConfUtils.java:logGet(43)) - raft.server.storage.dir = [/workdir/hadoop-ozone/integration-test/target/test-dir/MiniOzoneClusterImpl-c80a598f-8f6f-4d48-9250-786b4a2a8869/datanode-5/data/ratis] (custom)
2019-08-22 12:51:53,593 INFO  replication.SimpleContainerDownloader (SimpleContainerDownloader.java:<init>(72)) - Starting container downloader service to copy containers to replicate.
2019-08-22 12:51:53,594 INFO  hdfs.DFSUtil (DFSUtil.java:httpServerTemplateForNNAndJN(1641)) - Starting Web-server for hddsDatanode at: http://0.0.0.0:0
2019-08-22 12:51:53,595 INFO  server.AuthenticationFilter (AuthenticationFilter.java:constructSecretProvider(240)) - Unable to initialize FileSignerSecretProvider, falling back to use random secrets.
2019-08-22 12:51:53,596 WARN  http.HttpRequestLog (HttpRequestLog.java:getRequestLog(97)) - Jetty request log can only be enabled using Log4j
2019-08-22 12:51:53,597 INFO  http.HttpServer2 (HttpServer2.java:addGlobalFilter(975)) - Added global filter 'safety' (class=org.apache.hadoop.http.HttpServer2$QuotingInputFilter)
2019-08-22 12:51:53,597 INFO  http.HttpServer2 (HttpServer2.java:addFilter(948)) - Added filter static_user_filter (class=org.apache.hadoop.http.lib.StaticUserWebFilter$StaticUserFilter) to context hddsDatanode
2019-08-22 12:51:53,598 INFO  http.HttpServer2 (HttpServer2.java:addFilter(958)) - Added filter static_user_filter (class=org.apache.hadoop.http.lib.StaticUserWebFilter$StaticUserFilter) to context static
2019-08-22 12:51:53,598 INFO  http.HttpServer2 (HttpServer2.java:addFilter(958)) - Added filter static_user_filter (class=org.apache.hadoop.http.lib.StaticUserWebFilter$StaticUserFilter) to context logs
2019-08-22 12:51:53,598 INFO  http.HttpServer2 (HttpServer2.java:bindListener(1191)) - Jetty bound to port 46177
2019-08-22 12:51:53,598 INFO  server.Server (Server.java:doStart(351)) - jetty-9.3.24.v20180605, build timestamp: 2018-06-05T17:11:56Z, git hash: 84205aa28f11a4f31f2a3b86d1bba2cc8ab69827
2019-08-22 12:51:53,600 INFO  handler.ContextHandler (ContextHandler.java:doStart(781)) - Started o.e.j.s.ServletContextHandler@3344d163{/logs,file:///workdir/hadoop-ozone/integration-test/target/log,AVAILABLE}
2019-08-22 12:51:53,601 INFO  handler.ContextHandler (ContextHandler.java:doStart(781)) - Started o.e.j.s.ServletContextHandler@289f15e9{/static,jar:file:/home/user/.m2/repository/org/apache/hadoop/hadoop-hdds-container-service/0.5.0-SNAPSHOT/hadoop-hdds-container-service-0.5.0-SNAPSHOT.jar!/webapps/static,AVAILABLE}
2019-08-22 12:51:53,637 INFO  handler.ContextHandler (ContextHandler.java:doStart(781)) - Started o.e.j.w.WebAppContext@5329f6b3{/,file:///tmp/jetty-0.0.0.0-46177-hddsDatanode-_-any-8693742893698979025.dir/webapp/,AVAILABLE}{/hddsDatanode}
2019-08-22 12:51:53,637 INFO  server.AbstractConnector (AbstractConnector.java:doStart(278)) - Started ServerConnector@597d48ca{HTTP/1.1,[http/1.1]}{0.0.0.0:46177}
2019-08-22 12:51:53,638 INFO  server.Server (Server.java:doStart(419)) - Started @7259ms
2019-08-22 12:51:53,639 INFO  server.BaseHttpServer (BaseHttpServer.java:updateConnectorAddress(213)) - HTTP server of HDDSDATANODE is listening at http://0.0.0.0:46177
2019-08-22 12:51:53,768 INFO  ozone.HddsDatanodeService (HddsDatanodeService.java:startPlugins(395)) - Started plug-in org.apache.hadoop.ozone.web.OzoneHddsDatanodeService@259287ac
2019-08-22 12:51:53,771 INFO  ozone.MiniOzoneClusterImpl (MiniOzoneClusterImpl.java:lambda$waitForClusterToBeReady$0(142)) - Waiting for cluster to be ready. Got 0 of 6 DN Heartbeats.
2019-08-22 12:51:53,771 INFO  util.JvmPauseMonitor (JvmPauseMonitor.java:run(188)) - Starting JVM pause monitor
2019-08-22 12:51:53,774 INFO  datanode.InitDatanodeState (InitDatanodeState.java:persistContainerDatanodeDetails(140)) - DatanodeDetails is persisted to /workdir/hadoop-ozone/integration-test/target/test-dir/MiniOzoneClusterImpl-c80a598f-8f6f-4d48-9250-786b4a2a8869/datanode-5/meta/datanode.id
2019-08-22 12:51:54,772 INFO  ozone.MiniOzoneClusterImpl (MiniOzoneClusterImpl.java:lambda$waitForClusterToBeReady$0(142)) - Waiting for cluster to be ready. Got 0 of 6 DN Heartbeats.
2019-08-22 12:51:54,836 INFO  ozoneimpl.OzoneContainer (OzoneContainer.java:start(186)) - Attempting to start container services.
2019-08-22 12:51:54,838 INFO  ozoneimpl.OzoneContainer (OzoneContainer.java:startContainerScrub(160)) - Background container scrubber has been disabled by hdds.containerscrub.enabled
2019-08-22 12:51:54,838 INFO  ratis.XceiverServerRatis (XceiverServerRatis.java:start(404)) - Starting XceiverServerRatis 983d7030-2962-4884-8a8c-f3923c526d48 at port 0
2019-08-22 12:51:54,863 INFO  impl.RaftServerProxy (RaftServerProxy.java:lambda$start$3(299)) - 983d7030-2962-4884-8a8c-f3923c526d48: start RPC server
2019-08-22 12:51:54,935 INFO  ozoneimpl.OzoneContainer (OzoneContainer.java:start(186)) - Attempting to start container services.
2019-08-22 12:51:54,938 INFO  ozoneimpl.OzoneContainer (OzoneContainer.java:startContainerScrub(160)) - Background container scrubber has been disabled by hdds.containerscrub.enabled
2019-08-22 12:51:54,938 INFO  ratis.XceiverServerRatis (XceiverServerRatis.java:start(404)) - Starting XceiverServerRatis e2b4be82-fcb0-476d-a266-5024df523634 at port 0
2019-08-22 12:51:54,946 INFO  impl.RaftServerProxy (RaftServerProxy.java:lambda$start$3(299)) - e2b4be82-fcb0-476d-a266-5024df523634: start RPC server
2019-08-22 12:51:55,017 INFO  server.GrpcService (GrpcService.java:startImpl(149)) - e2b4be82-fcb0-476d-a266-5024df523634: GrpcService started, listening on 0.0.0.0/0.0.0.0:36025
2019-08-22 12:51:55,017 INFO  server.GrpcService (GrpcService.java:startImpl(149)) - 983d7030-2962-4884-8a8c-f3923c526d48: GrpcService started, listening on 0.0.0.0/0.0.0.0:45446
2019-08-22 12:51:55,019 INFO  ratis.XceiverServerRatis (XceiverServerRatis.java:start(414)) - XceiverServerRatis e2b4be82-fcb0-476d-a266-5024df523634 is started using port 36025
2019-08-22 12:51:55,019 INFO  ratis.XceiverServerRatis (XceiverServerRatis.java:start(414)) - XceiverServerRatis 983d7030-2962-4884-8a8c-f3923c526d48 is started using port 45446
2019-08-22 12:51:55,022 INFO  server.XceiverServerGrpc (XceiverServerGrpc.java:start(161)) - XceiverServerGrpc 983d7030-2962-4884-8a8c-f3923c526d48 is started using port 40491
2019-08-22 12:51:55,022 INFO  server.XceiverServerGrpc (XceiverServerGrpc.java:start(161)) - XceiverServerGrpc e2b4be82-fcb0-476d-a266-5024df523634 is started using port 42380
2019-08-22 12:51:55,139 INFO  ozoneimpl.OzoneContainer (OzoneContainer.java:start(186)) - Attempting to start container services.
2019-08-22 12:51:55,141 INFO  ozoneimpl.OzoneContainer (OzoneContainer.java:startContainerScrub(160)) - Background container scrubber has been disabled by hdds.containerscrub.enabled
2019-08-22 12:51:55,142 INFO  ratis.XceiverServerRatis (XceiverServerRatis.java:start(404)) - Starting XceiverServerRatis c79a7c55-4353-496e-9501-fc92d36c4ca1 at port 0
2019-08-22 12:51:55,149 INFO  impl.RaftServerProxy (RaftServerProxy.java:lambda$start$3(299)) - c79a7c55-4353-496e-9501-fc92d36c4ca1: start RPC server
2019-08-22 12:51:55,152 INFO  server.GrpcService (GrpcService.java:startImpl(149)) - c79a7c55-4353-496e-9501-fc92d36c4ca1: GrpcService started, listening on 0.0.0.0/0.0.0.0:38115
2019-08-22 12:51:55,153 INFO  ratis.XceiverServerRatis (XceiverServerRatis.java:start(414)) - XceiverServerRatis c79a7c55-4353-496e-9501-fc92d36c4ca1 is started using port 38115
2019-08-22 12:51:55,155 INFO  server.XceiverServerGrpc (XceiverServerGrpc.java:start(161)) - XceiverServerGrpc c79a7c55-4353-496e-9501-fc92d36c4ca1 is started using port 39510
2019-08-22 12:51:55,386 INFO  ozoneimpl.OzoneContainer (OzoneContainer.java:start(186)) - Attempting to start container services.
2019-08-22 12:51:55,391 INFO  ozoneimpl.OzoneContainer (OzoneContainer.java:startContainerScrub(160)) - Background container scrubber has been disabled by hdds.containerscrub.enabled
2019-08-22 12:51:55,392 INFO  ratis.XceiverServerRatis (XceiverServerRatis.java:start(404)) - Starting XceiverServerRatis 3611c539-4bdb-4962-9d2c-1c402a4287c2 at port 0
2019-08-22 12:51:55,398 INFO  impl.RaftServerProxy (RaftServerProxy.java:lambda$start$3(299)) - 3611c539-4bdb-4962-9d2c-1c402a4287c2: start RPC server
2019-08-22 12:51:55,401 INFO  server.GrpcService (GrpcService.java:startImpl(149)) - 3611c539-4bdb-4962-9d2c-1c402a4287c2: GrpcService started, listening on 0.0.0.0/0.0.0.0:37389
2019-08-22 12:51:55,401 INFO  ratis.XceiverServerRatis (XceiverServerRatis.java:start(414)) - XceiverServerRatis 3611c539-4bdb-4962-9d2c-1c402a4287c2 is started using port 37389
2019-08-22 12:51:55,403 INFO  server.XceiverServerGrpc (XceiverServerGrpc.java:start(161)) - XceiverServerGrpc 3611c539-4bdb-4962-9d2c-1c402a4287c2 is started using port 37419
2019-08-22 12:51:55,586 INFO  ozoneimpl.OzoneContainer (OzoneContainer.java:start(186)) - Attempting to start container services.
2019-08-22 12:51:55,587 INFO  ozoneimpl.OzoneContainer (OzoneContainer.java:startContainerScrub(160)) - Background container scrubber has been disabled by hdds.containerscrub.enabled
2019-08-22 12:51:55,587 INFO  ratis.XceiverServerRatis (XceiverServerRatis.java:start(404)) - Starting XceiverServerRatis 1fab250e-ca1c-4051-bcaf-1548020ee413 at port 0
2019-08-22 12:51:55,594 INFO  impl.RaftServerProxy (RaftServerProxy.java:lambda$start$3(299)) - 1fab250e-ca1c-4051-bcaf-1548020ee413: start RPC server
2019-08-22 12:51:55,597 INFO  server.GrpcService (GrpcService.java:startImpl(149)) - 1fab250e-ca1c-4051-bcaf-1548020ee413: GrpcService started, listening on 0.0.0.0/0.0.0.0:32889
2019-08-22 12:51:55,597 INFO  ratis.XceiverServerRatis (XceiverServerRatis.java:start(414)) - XceiverServerRatis 1fab250e-ca1c-4051-bcaf-1548020ee413 is started using port 32889
2019-08-22 12:51:55,599 INFO  server.XceiverServerGrpc (XceiverServerGrpc.java:start(161)) - XceiverServerGrpc 1fab250e-ca1c-4051-bcaf-1548020ee413 is started using port 44330
2019-08-22 12:51:55,778 INFO  ozone.MiniOzoneClusterImpl (MiniOzoneClusterImpl.java:lambda$waitForClusterToBeReady$0(142)) - Waiting for cluster to be ready. Got 0 of 6 DN Heartbeats.
2019-08-22 12:51:55,789 INFO  ozoneimpl.OzoneContainer (OzoneContainer.java:start(186)) - Attempting to start container services.
2019-08-22 12:51:55,789 INFO  ozoneimpl.OzoneContainer (OzoneContainer.java:startContainerScrub(160)) - Background container scrubber has been disabled by hdds.containerscrub.enabled
2019-08-22 12:51:55,789 INFO  ratis.XceiverServerRatis (XceiverServerRatis.java:start(404)) - Starting XceiverServerRatis 05decbf1-7e3e-44e8-b82a-076d31b784ff at port 0
2019-08-22 12:51:55,800 INFO  impl.RaftServerProxy (RaftServerProxy.java:lambda$start$3(299)) - 05decbf1-7e3e-44e8-b82a-076d31b784ff: start RPC server
2019-08-22 12:51:55,804 INFO  server.GrpcService (GrpcService.java:startImpl(149)) - 05decbf1-7e3e-44e8-b82a-076d31b784ff: GrpcService started, listening on 0.0.0.0/0.0.0.0:37749
2019-08-22 12:51:55,804 INFO  ratis.XceiverServerRatis (XceiverServerRatis.java:start(414)) - XceiverServerRatis 05decbf1-7e3e-44e8-b82a-076d31b784ff is started using port 37749
2019-08-22 12:51:55,807 INFO  server.XceiverServerGrpc (XceiverServerGrpc.java:start(161)) - XceiverServerGrpc 05decbf1-7e3e-44e8-b82a-076d31b784ff is started using port 36699
2019-08-22 12:51:56,718 INFO  net.NetworkTopology (NetworkTopologyImpl.java:add(110)) - Added a new node: /default-rack/983d7030-2962-4884-8a8c-f3923c526d48
2019-08-22 12:51:56,719 INFO  node.SCMNodeManager (SCMNodeManager.java:register(273)) - Registered Data node : 983d7030-2962-4884-8a8c-f3923c526d48{ip: 192.168.69.91, host: pr-hdds-1810-6qbbz-1568424974, networkLocation: /default-rack, certSerialId: null}
2019-08-22 12:51:56,723 INFO  safemode.SCMSafeModeManager (DataNodeSafeModeRule.java:process(71)) - SCM in safe mode. 1 DataNodes registered, 1 required.
2019-08-22 12:51:56,723 INFO  safemode.SCMSafeModeManager (SCMSafeModeManager.java:validateSafeModeExitRules(177)) - ScmSafeModeManager, all rules are successfully validated
2019-08-22 12:51:56,723 INFO  safemode.SCMSafeModeManager (SCMSafeModeManager.java:exitSafeMode(193)) - SCM exiting safe mode.
2019-08-22 12:51:56,778 INFO  ozone.MiniOzoneClusterImpl (MiniOzoneClusterImpl.java:lambda$waitForClusterToBeReady$0(142)) - Waiting for cluster to be ready. Got 1 of 6 DN Heartbeats.
2019-08-22 12:51:56,930 INFO  net.NetworkTopology (NetworkTopologyImpl.java:add(110)) - Added a new node: /default-rack/e2b4be82-fcb0-476d-a266-5024df523634
2019-08-22 12:51:56,930 INFO  node.SCMNodeManager (SCMNodeManager.java:register(273)) - Registered Data node : e2b4be82-fcb0-476d-a266-5024df523634{ip: 192.168.69.91, host: pr-hdds-1810-6qbbz-1568424974, networkLocation: /default-rack, certSerialId: null}
2019-08-22 12:51:57,126 INFO  net.NetworkTopology (NetworkTopologyImpl.java:add(110)) - Added a new node: /default-rack/c79a7c55-4353-496e-9501-fc92d36c4ca1
2019-08-22 12:51:57,126 INFO  node.SCMNodeManager (SCMNodeManager.java:register(273)) - Registered Data node : c79a7c55-4353-496e-9501-fc92d36c4ca1{ip: 192.168.69.91, host: pr-hdds-1810-6qbbz-1568424974, networkLocation: /default-rack, certSerialId: null}
2019-08-22 12:51:57,472 INFO  net.NetworkTopology (NetworkTopologyImpl.java:add(110)) - Added a new node: /default-rack/3611c539-4bdb-4962-9d2c-1c402a4287c2
2019-08-22 12:51:57,473 INFO  node.SCMNodeManager (SCMNodeManager.java:register(273)) - Registered Data node : 3611c539-4bdb-4962-9d2c-1c402a4287c2{ip: 192.168.69.91, host: pr-hdds-1810-6qbbz-1568424974, networkLocation: /default-rack, certSerialId: null}
2019-08-22 12:51:57,501 INFO  impl.RaftServerProxy (RaftServerProxy.java:addNew(89)) - 983d7030-2962-4884-8a8c-f3923c526d48: addNew group-82760E04537E:[983d7030-2962-4884-8a8c-f3923c526d48:192.168.69.91:45446] returns group-82760E04537E:java.util.concurrent.CompletableFuture@1a29214[Not completed]
2019-08-22 12:51:57,515 INFO  impl.RaftServerImpl (RaftServerImpl.java:<init>(93)) - 983d7030-2962-4884-8a8c-f3923c526d48: new RaftServerImpl for group-82760E04537E:[983d7030-2962-4884-8a8c-f3923c526d48:192.168.69.91:45446] with ContainerStateMachine:uninitialized
2019-08-22 12:51:57,516 INFO  server.RaftServerConfigKeys (ConfUtils.java:logGet(43)) - raft.server.rpc.timeout.min = 5s (custom)
2019-08-22 12:51:57,517 INFO  server.RaftServerConfigKeys (ConfUtils.java:logGet(43)) - raft.server.rpc.timeout.max = 5200ms (custom)
2019-08-22 12:51:57,517 INFO  server.RaftServerConfigKeys (ConfUtils.java:logGet(43)) - raft.server.rpcslowness.timeout = 120s (custom)
2019-08-22 12:51:57,518 INFO  server.RaftServerConfigKeys (ConfUtils.java:logGet(43)) - raft.server.sleep.deviation.threshold = 300 (default)
2019-08-22 12:51:57,518 INFO  server.RaftServerConfigKeys (ConfUtils.java:logGet(43)) - raft.server.log.appender.install.snapshot.enabled = false (custom)
2019-08-22 12:51:57,525 INFO  impl.RaftServerImpl (ServerState.java:<init>(105)) - 983d7030-2962-4884-8a8c-f3923c526d48:group-82760E04537E ConfigurationManager, init=-1: [983d7030-2962-4884-8a8c-f3923c526d48:192.168.69.91:45446], old=null, confs=<EMPTY_MAP>
2019-08-22 12:51:57,525 INFO  server.RaftServerConfigKeys (ConfUtils.java:logGet(43)) - raft.server.storage.dir = [/workdir/hadoop-ozone/integration-test/target/test-dir/MiniOzoneClusterImpl-c80a598f-8f6f-4d48-9250-786b4a2a8869/datanode-0/data/ratis] (custom)
2019-08-22 12:51:57,532 INFO  storage.RaftStorageDirectory (RaftStorageDirectory.java:analyzeStorage(246)) - The storage directory /workdir/hadoop-ozone/integration-test/target/test-dir/MiniOzoneClusterImpl-c80a598f-8f6f-4d48-9250-786b4a2a8869/datanode-0/data/ratis/8d222478-0805-42c5-9425-82760e04537e does not exist. Creating ...
2019-08-22 12:51:57,548 INFO  storage.RaftStorageDirectory (RaftStorageDirectory.java:tryLock(328)) - Lock on /workdir/hadoop-ozone/integration-test/target/test-dir/MiniOzoneClusterImpl-c80a598f-8f6f-4d48-9250-786b4a2a8869/datanode-0/data/ratis/8d222478-0805-42c5-9425-82760e04537e/in_use.lock acquired by nodename 4425@pr-hdds-1810-6qbbz-1568424974
2019-08-22 12:51:57,564 INFO  storage.RaftStorage (RaftStorage.java:format(72)) - Storage directory /workdir/hadoop-ozone/integration-test/target/test-dir/MiniOzoneClusterImpl-c80a598f-8f6f-4d48-9250-786b4a2a8869/datanode-0/data/ratis/8d222478-0805-42c5-9425-82760e04537e has been successfully formatted.
2019-08-22 12:51:57,567 INFO  ratis.ContainerStateMachine (ContainerStateMachine.java:loadSnapshot(222)) - group-82760E04537E: The snapshot info is null. Setting the last applied indexto:(t:0, i:~)
2019-08-22 12:51:57,567 INFO  server.RaftServerConfigKeys (ConfUtils.java:logGet(43)) - raft.server.leader.election.timeout = 120s (custom)
2019-08-22 12:51:57,569 INFO  server.RaftServerConfigKeys (ConfUtils.java:logGet(43)) - raft.server.log.use.memory = false (default)
2019-08-22 12:51:57,574 INFO  net.NetworkTopology (NetworkTopologyImpl.java:add(110)) - Added a new node: /default-rack/1fab250e-ca1c-4051-bcaf-1548020ee413
2019-08-22 12:51:57,574 INFO  node.SCMNodeManager (SCMNodeManager.java:register(273)) - Registered Data node : 1fab250e-ca1c-4051-bcaf-1548020ee413{ip: 192.168.69.91, host: pr-hdds-1810-6qbbz-1568424974, networkLocation: /default-rack, certSerialId: null}
2019-08-22 12:51:57,576 INFO  server.RaftServerConfigKeys (ConfUtils.java:logGet(43)) - raft.server.log.purge.gap = 1000000000 (custom)
2019-08-22 12:51:57,576 INFO  server.RaftServerConfigKeys (ConfUtils.java:logGet(43)) - raft.server.log.appender.buffer.byte-limit = 33554432 (custom)
2019-08-22 12:51:57,577 INFO  server.RaftServerConfigKeys (ConfUtils.java:logGet(43)) - raft.server.log.segment.size.max = 1048576 (custom)
2019-08-22 12:51:57,581 INFO  server.RaftServerConfigKeys (ConfUtils.java:logGet(43)) - raft.server.log.segment.cache.num.max = 2 (custom)
2019-08-22 12:51:57,586 INFO  segmented.SegmentedRaftLogWorker (SegmentedRaftLogWorker.java:<init>(172)) - new 983d7030-2962-4884-8a8c-f3923c526d48-SegmentedRaftLogWorker:Storage Directory /workdir/hadoop-ozone/integration-test/target/test-dir/MiniOzoneClusterImpl-c80a598f-8f6f-4d48-9250-786b4a2a8869/datanode-0/data/ratis/8d222478-0805-42c5-9425-82760e04537e for RaftStorage:Storage Directory /workdir/hadoop-ozone/integration-test/target/test-dir/MiniOzoneClusterImpl-c80a598f-8f6f-4d48-9250-786b4a2a8869/datanode-0/data/ratis/8d222478-0805-42c5-9425-82760e04537e
2019-08-22 12:51:57,597 INFO  server.RaftServerConfigKeys (ConfUtils.java:logGet(43)) - raft.server.log.queue.byte-limit = 2147483647 (custom)
2019-08-22 12:51:57,597 INFO  server.RaftServerConfigKeys (ConfUtils.java:logGet(43)) - raft.server.log.queue.element-limit = 1024 (custom)
2019-08-22 12:51:57,601 INFO  server.RaftServerConfigKeys (ConfUtils.java:logGet(43)) - raft.server.log.segment.size.max = 1048576 (custom)
2019-08-22 12:51:57,602 INFO  server.RaftServerConfigKeys (ConfUtils.java:logGet(43)) - raft.server.log.preallocated.size = 16384 (custom)
2019-08-22 12:51:57,602 INFO  server.RaftServerConfigKeys (ConfUtils.java:logGet(43)) - raft.server.log.write.buffer.size = 33554432 (custom)
2019-08-22 12:51:57,602 INFO  server.RaftServerConfigKeys (ConfUtils.java:logGet(43)) - raft.server.log.force.sync.num = 128 (default)
2019-08-22 12:51:57,603 INFO  server.RaftServerConfigKeys (ConfUtils.java:logGet(43)) - raft.server.log.statemachine.data.sync = true (default)
2019-08-22 12:51:57,603 INFO  server.RaftServerConfigKeys (ConfUtils.java:logGet(43)) - raft.server.log.statemachine.data.sync.timeout = 10s (default)
2019-08-22 12:51:57,604 INFO  server.RaftServerConfigKeys (ConfUtils.java:logGet(43)) - raft.server.log.statemachine.data.sync.timeout.retry = -1 (default)
2019-08-22 12:51:57,612 INFO  server.RaftServerConfigKeys (ConfUtils.java:logGet(43)) - raft.server.log.statemachine.data.caching.enabled = true (custom)
2019-08-22 12:51:57,616 INFO  segmented.SegmentedRaftLogWorker (SegmentedRaftLogWorker.java:lambda$new$0(132)) - 983d7030-2962-4884-8a8c-f3923c526d48-SegmentedRaftLogWorker:Storage Directory /workdir/hadoop-ozone/integration-test/target/test-dir/MiniOzoneClusterImpl-c80a598f-8f6f-4d48-9250-786b4a2a8869/datanode-0/data/ratis/8d222478-0805-42c5-9425-82760e04537e: flushIndex: setUnconditionally 0 -> -1
2019-08-22 12:51:57,620 INFO  server.RaftServerConfigKeys (ConfUtils.java:logGet(43)) - raft.server.snapshot.auto.trigger.enabled = true (custom)
2019-08-22 12:51:57,620 INFO  server.RaftServerConfigKeys (ConfUtils.java:logGet(43)) - raft.server.snapshot.auto.trigger.threshold = 10000 (custom)
2019-08-22 12:51:57,621 INFO  server.RaftServerConfigKeys (ConfUtils.java:logGet(43)) - raft.server.retrycache.expirytime = 600000ms (custom)
2019-08-22 12:51:57,639 INFO  impl.RaftServerImpl (RaftServerImpl.java:start(180)) - 983d7030-2962-4884-8a8c-f3923c526d48: start group-82760E04537E
2019-08-22 12:51:57,640 INFO  impl.RaftServerImpl (RaftServerImpl.java:setRole(171)) - 983d7030-2962-4884-8a8c-f3923c526d48:group-82760E04537E changes role from null to FOLLOWER at term 0 for startAsFollower
2019-08-22 12:51:57,641 INFO  impl.RoleInfo (RoleInfo.java:updateAndGet(143)) - 983d7030-2962-4884-8a8c-f3923c526d48: start FollowerState
2019-08-22 12:51:57,643 INFO  util.JmxRegister (JmxRegister.java:tryRegister(44)) - Successfully registered JMX Bean with object name Ratis:service=RaftServer,group=group-82760E04537E,id=983d7030-2962-4884-8a8c-f3923c526d48
2019-08-22 12:51:57,695 INFO  pipeline.PipelineStateManager (PipelineStateManager.java:addPipeline(56)) - Created pipeline Pipeline[ Id: 8d222478-0805-42c5-9425-82760e04537e, Nodes: 983d7030-2962-4884-8a8c-f3923c526d48{ip: 192.168.69.91, host: pr-hdds-1810-6qbbz-1568424974, networkLocation: /default-rack, certSerialId: null}, Type:RATIS, Factor:ONE, State:OPEN]
2019-08-22 12:51:57,717 INFO  impl.RaftServerProxy (RaftServerProxy.java:addNew(89)) - 1fab250e-ca1c-4051-bcaf-1548020ee413: addNew group-34B24B873A02:[1fab250e-ca1c-4051-bcaf-1548020ee413:192.168.69.91:32889] returns group-34B24B873A02:java.util.concurrent.CompletableFuture@1d808ca9[Not completed]
2019-08-22 12:51:57,754 INFO  impl.RaftServerImpl (RaftServerImpl.java:<init>(93)) - 1fab250e-ca1c-4051-bcaf-1548020ee413: new RaftServerImpl for group-34B24B873A02:[1fab250e-ca1c-4051-bcaf-1548020ee413:192.168.69.91:32889] with ContainerStateMachine:uninitialized
2019-08-22 12:51:57,755 INFO  server.RaftServerConfigKeys (ConfUtils.java:logGet(43)) - raft.server.rpc.timeout.min = 5s (custom)
2019-08-22 12:51:57,755 INFO  server.RaftServerConfigKeys (ConfUtils.java:logGet(43)) - raft.server.rpc.timeout.max = 5200ms (custom)
2019-08-22 12:51:57,755 INFO  server.RaftServerConfigKeys (ConfUtils.java:logGet(43)) - raft.server.rpcslowness.timeout = 120s (custom)
2019-08-22 12:51:57,755 INFO  server.RaftServerConfigKeys (ConfUtils.java:logGet(43)) - raft.server.sleep.deviation.threshold = 300 (default)
2019-08-22 12:51:57,755 INFO  server.RaftServerConfigKeys (ConfUtils.java:logGet(43)) - raft.server.log.appender.install.snapshot.enabled = false (custom)
2019-08-22 12:51:57,755 INFO  impl.RaftServerImpl (ServerState.java:<init>(105)) - 1fab250e-ca1c-4051-bcaf-1548020ee413:group-34B24B873A02 ConfigurationManager, init=-1: [1fab250e-ca1c-4051-bcaf-1548020ee413:192.168.69.91:32889], old=null, confs=<EMPTY_MAP>
2019-08-22 12:51:57,755 INFO  server.RaftServerConfigKeys (ConfUtils.java:logGet(43)) - raft.server.storage.dir = [/workdir/hadoop-ozone/integration-test/target/test-dir/MiniOzoneClusterImpl-c80a598f-8f6f-4d48-9250-786b4a2a8869/datanode-4/data/ratis] (custom)
2019-08-22 12:51:57,756 INFO  storage.RaftStorageDirectory (RaftStorageDirectory.java:analyzeStorage(246)) - The storage directory /workdir/hadoop-ozone/integration-test/target/test-dir/MiniOzoneClusterImpl-c80a598f-8f6f-4d48-9250-786b4a2a8869/datanode-4/data/ratis/98f346a1-79b4-4a69-8f78-34b24b873a02 does not exist. Creating ...
2019-08-22 12:51:57,770 INFO  storage.RaftStorageDirectory (RaftStorageDirectory.java:tryLock(328)) - Lock on /workdir/hadoop-ozone/integration-test/target/test-dir/MiniOzoneClusterImpl-c80a598f-8f6f-4d48-9250-786b4a2a8869/datanode-4/data/ratis/98f346a1-79b4-4a69-8f78-34b24b873a02/in_use.lock acquired by nodename 4425@pr-hdds-1810-6qbbz-1568424974
2019-08-22 12:51:57,774 INFO  net.NetworkTopology (NetworkTopologyImpl.java:add(110)) - Added a new node: /default-rack/05decbf1-7e3e-44e8-b82a-076d31b784ff
2019-08-22 12:51:57,774 INFO  node.SCMNodeManager (SCMNodeManager.java:register(273)) - Registered Data node : 05decbf1-7e3e-44e8-b82a-076d31b784ff{ip: 192.168.69.91, host: pr-hdds-1810-6qbbz-1568424974, networkLocation: /default-rack, certSerialId: null}
2019-08-22 12:51:57,779 INFO  ozone.MiniOzoneClusterImpl (MiniOzoneClusterImpl.java:lambda$waitForClusterToBeReady$0(142)) - Cluster is ready. Got 6 of 6 DN Heartbeats.
2019-08-22 12:51:57,782 INFO  storage.RaftStorage (RaftStorage.java:format(72)) - Storage directory /workdir/hadoop-ozone/integration-test/target/test-dir/MiniOzoneClusterImpl-c80a598f-8f6f-4d48-9250-786b4a2a8869/datanode-4/data/ratis/98f346a1-79b4-4a69-8f78-34b24b873a02 has been successfully formatted.
2019-08-22 12:51:57,784 INFO  ratis.ContainerStateMachine (ContainerStateMachine.java:loadSnapshot(222)) - group-34B24B873A02: The snapshot info is null. Setting the last applied indexto:(t:0, i:~)
2019-08-22 12:51:57,785 INFO  server.RaftServerConfigKeys (ConfUtils.java:logGet(43)) - raft.server.leader.election.timeout = 120s (custom)
2019-08-22 12:51:57,785 INFO  server.RaftServerConfigKeys (ConfUtils.java:logGet(43)) - raft.server.log.use.memory = false (default)
2019-08-22 12:51:57,785 INFO  server.RaftServerConfigKeys (ConfUtils.java:logGet(43)) - raft.server.log.purge.gap = 1000000000 (custom)
2019-08-22 12:51:57,785 INFO  server.RaftServerConfigKeys (ConfUtils.java:logGet(43)) - raft.server.log.appender.buffer.byte-limit = 33554432 (custom)
2019-08-22 12:51:57,785 INFO  server.RaftServerConfigKeys (ConfUtils.java:logGet(43)) - raft.server.log.segment.size.max = 1048576 (custom)
2019-08-22 12:51:57,786 INFO  server.RaftServerConfigKeys (ConfUtils.java:logGet(43)) - raft.server.log.segment.cache.num.max = 2 (custom)
2019-08-22 12:51:57,786 INFO  segmented.SegmentedRaftLogWorker (SegmentedRaftLogWorker.java:<init>(172)) - new 1fab250e-ca1c-4051-bcaf-1548020ee413-SegmentedRaftLogWorker:Storage Directory /workdir/hadoop-ozone/integration-test/target/test-dir/MiniOzoneClusterImpl-c80a598f-8f6f-4d48-9250-786b4a2a8869/datanode-4/data/ratis/98f346a1-79b4-4a69-8f78-34b24b873a02 for RaftStorage:Storage Directory /workdir/hadoop-ozone/integration-test/target/test-dir/MiniOzoneClusterImpl-c80a598f-8f6f-4d48-9250-786b4a2a8869/datanode-4/data/ratis/98f346a1-79b4-4a69-8f78-34b24b873a02
2019-08-22 12:51:57,787 INFO  server.RaftServerConfigKeys (ConfUtils.java:logGet(43)) - raft.server.log.queue.byte-limit = 2147483647 (custom)
2019-08-22 12:51:57,787 INFO  server.RaftServerConfigKeys (ConfUtils.java:logGet(43)) - raft.server.log.queue.element-limit = 1024 (custom)
2019-08-22 12:51:57,787 INFO  server.RaftServerConfigKeys (ConfUtils.java:logGet(43)) - raft.server.log.segment.size.max = 1048576 (custom)
2019-08-22 12:51:57,787 INFO  server.RaftServerConfigKeys (ConfUtils.java:logGet(43)) - raft.server.log.preallocated.size = 16384 (custom)
2019-08-22 12:51:57,788 INFO  server.RaftServerConfigKeys (ConfUtils.java:logGet(43)) - raft.server.log.write.buffer.size = 33554432 (custom)
2019-08-22 12:51:57,788 INFO  server.RaftServerConfigKeys (ConfUtils.java:logGet(43)) - raft.server.log.force.sync.num = 128 (default)
2019-08-22 12:51:57,788 INFO  server.RaftServerConfigKeys (ConfUtils.java:logGet(43)) - raft.server.log.statemachine.data.sync = true (default)
2019-08-22 12:51:57,788 INFO  server.RaftServerConfigKeys (ConfUtils.java:logGet(43)) - raft.server.log.statemachine.data.sync.timeout = 10s (default)
2019-08-22 12:51:57,788 INFO  server.RaftServerConfigKeys (ConfUtils.java:logGet(43)) - raft.server.log.statemachine.data.sync.timeout.retry = -1 (default)
2019-08-22 12:51:57,788 INFO  server.RaftServerConfigKeys (ConfUtils.java:logGet(43)) - raft.server.log.statemachine.data.caching.enabled = true (custom)
2019-08-22 12:51:57,789 INFO  segmented.SegmentedRaftLogWorker (SegmentedRaftLogWorker.java:lambda$new$0(132)) - 1fab250e-ca1c-4051-bcaf-1548020ee413-SegmentedRaftLogWorker:Storage Directory /workdir/hadoop-ozone/integration-test/target/test-dir/MiniOzoneClusterImpl-c80a598f-8f6f-4d48-9250-786b4a2a8869/datanode-4/data/ratis/98f346a1-79b4-4a69-8f78-34b24b873a02: flushIndex: setUnconditionally 0 -> -1
2019-08-22 12:51:57,789 INFO  server.RaftServerConfigKeys (ConfUtils.java:logGet(43)) - raft.server.snapshot.auto.trigger.enabled = true (custom)
2019-08-22 12:51:57,789 INFO  server.RaftServerConfigKeys (ConfUtils.java:logGet(43)) - raft.server.snapshot.auto.trigger.threshold = 10000 (custom)
2019-08-22 12:51:57,789 INFO  server.RaftServerConfigKeys (ConfUtils.java:logGet(43)) - raft.server.retrycache.expirytime = 600000ms (custom)
2019-08-22 12:51:57,789 INFO  impl.RaftServerImpl (RaftServerImpl.java:start(180)) - 1fab250e-ca1c-4051-bcaf-1548020ee413: start group-34B24B873A02
2019-08-22 12:51:57,790 INFO  impl.RaftServerImpl (RaftServerImpl.java:setRole(171)) - 1fab250e-ca1c-4051-bcaf-1548020ee413:group-34B24B873A02 changes role from null to FOLLOWER at term 0 for startAsFollower
2019-08-22 12:51:57,790 INFO  impl.RoleInfo (RoleInfo.java:updateAndGet(143)) - 1fab250e-ca1c-4051-bcaf-1548020ee413: start FollowerState
2019-08-22 12:51:57,791 INFO  util.JmxRegister (JmxRegister.java:tryRegister(44)) - Successfully registered JMX Bean with object name Ratis:service=RaftServer,group=group-34B24B873A02,id=1fab250e-ca1c-4051-bcaf-1548020ee413
2019-08-22 12:51:57,803 INFO  pipeline.PipelineStateManager (PipelineStateManager.java:addPipeline(56)) - Created pipeline Pipeline[ Id: 98f346a1-79b4-4a69-8f78-34b24b873a02, Nodes: 1fab250e-ca1c-4051-bcaf-1548020ee413{ip: 192.168.69.91, host: pr-hdds-1810-6qbbz-1568424974, networkLocation: /default-rack, certSerialId: null}, Type:RATIS, Factor:ONE, State:OPEN]
2019-08-22 12:51:57,842 INFO  impl.RaftServerProxy (RaftServerProxy.java:addNew(89)) - 05decbf1-7e3e-44e8-b82a-076d31b784ff: addNew group-E37C5CE7573C:[05decbf1-7e3e-44e8-b82a-076d31b784ff:192.168.69.91:37749] returns group-E37C5CE7573C:java.util.concurrent.CompletableFuture@17dff560[Not completed]
2019-08-22 12:51:57,855 INFO  impl.RaftServerImpl (RaftServerImpl.java:<init>(93)) - 05decbf1-7e3e-44e8-b82a-076d31b784ff: new RaftServerImpl for group-E37C5CE7573C:[05decbf1-7e3e-44e8-b82a-076d31b784ff:192.168.69.91:37749] with ContainerStateMachine:uninitialized
2019-08-22 12:51:57,855 INFO  server.RaftServerConfigKeys (ConfUtils.java:logGet(43)) - raft.server.rpc.timeout.min = 5s (custom)
2019-08-22 12:51:57,856 INFO  server.RaftServerConfigKeys (ConfUtils.java:logGet(43)) - raft.server.rpc.timeout.max = 5200ms (custom)
2019-08-22 12:51:57,856 INFO  server.RaftServerConfigKeys (ConfUtils.java:logGet(43)) - raft.server.rpcslowness.timeout = 120s (custom)
2019-08-22 12:51:57,856 INFO  server.RaftServerConfigKeys (ConfUtils.java:logGet(43)) - raft.server.sleep.deviation.threshold = 300 (default)
2019-08-22 12:51:57,856 INFO  server.RaftServerConfigKeys (ConfUtils.java:logGet(43)) - raft.server.log.appender.install.snapshot.enabled = false (custom)
2019-08-22 12:51:57,856 INFO  impl.RaftServerImpl (ServerState.java:<init>(105)) - 05decbf1-7e3e-44e8-b82a-076d31b784ff:group-E37C5CE7573C ConfigurationManager, init=-1: [05decbf1-7e3e-44e8-b82a-076d31b784ff:192.168.69.91:37749], old=null, confs=<EMPTY_MAP>
2019-08-22 12:51:57,856 INFO  server.RaftServerConfigKeys (ConfUtils.java:logGet(43)) - raft.server.storage.dir = [/workdir/hadoop-ozone/integration-test/target/test-dir/MiniOzoneClusterImpl-c80a598f-8f6f-4d48-9250-786b4a2a8869/datanode-5/data/ratis] (custom)
2019-08-22 12:51:57,857 INFO  storage.RaftStorageDirectory (RaftStorageDirectory.java:analyzeStorage(246)) - The storage directory /workdir/hadoop-ozone/integration-test/target/test-dir/MiniOzoneClusterImpl-c80a598f-8f6f-4d48-9250-786b4a2a8869/datanode-5/data/ratis/83ecf711-c869-4b4d-ac6c-e37c5ce7573c does not exist. Creating ...
2019-08-22 12:51:57,874 INFO  storage.RaftStorageDirectory (RaftStorageDirectory.java:tryLock(328)) - Lock on /workdir/hadoop-ozone/integration-test/target/test-dir/MiniOzoneClusterImpl-c80a598f-8f6f-4d48-9250-786b4a2a8869/datanode-5/data/ratis/83ecf711-c869-4b4d-ac6c-e37c5ce7573c/in_use.lock acquired by nodename 4425@pr-hdds-1810-6qbbz-1568424974
2019-08-22 12:51:57,887 INFO  storage.RaftStorage (RaftStorage.java:format(72)) - Storage directory /workdir/hadoop-ozone/integration-test/target/test-dir/MiniOzoneClusterImpl-c80a598f-8f6f-4d48-9250-786b4a2a8869/datanode-5/data/ratis/83ecf711-c869-4b4d-ac6c-e37c5ce7573c has been successfully formatted.
2019-08-22 12:51:57,888 INFO  ratis.ContainerStateMachine (ContainerStateMachine.java:loadSnapshot(222)) - group-E37C5CE7573C: The snapshot info is null. Setting the last applied indexto:(t:0, i:~)
2019-08-22 12:51:57,888 INFO  server.RaftServerConfigKeys (ConfUtils.java:logGet(43)) - raft.server.leader.election.timeout = 120s (custom)
2019-08-22 12:51:57,888 INFO  server.RaftServerConfigKeys (ConfUtils.java:logGet(43)) - raft.server.log.use.memory = false (default)
2019-08-22 12:51:57,888 INFO  server.RaftServerConfigKeys (ConfUtils.java:logGet(43)) - raft.server.log.purge.gap = 1000000000 (custom)
2019-08-22 12:51:57,888 INFO  server.RaftServerConfigKeys (ConfUtils.java:logGet(43)) - raft.server.log.appender.buffer.byte-limit = 33554432 (custom)
2019-08-22 12:51:57,888 INFO  server.RaftServerConfigKeys (ConfUtils.java:logGet(43)) - raft.server.log.segment.size.max = 1048576 (custom)
2019-08-22 12:51:57,888 INFO  server.RaftServerConfigKeys (ConfUtils.java:logGet(43)) - raft.server.log.segment.cache.num.max = 2 (custom)
2019-08-22 12:51:57,889 INFO  segmented.SegmentedRaftLogWorker (SegmentedRaftLogWorker.java:<init>(172)) - new 05decbf1-7e3e-44e8-b82a-076d31b784ff-SegmentedRaftLogWorker:Storage Directory /workdir/hadoop-ozone/integration-test/target/test-dir/MiniOzoneClusterImpl-c80a598f-8f6f-4d48-9250-786b4a2a8869/datanode-5/data/ratis/83ecf711-c869-4b4d-ac6c-e37c5ce7573c for RaftStorage:Storage Directory /workdir/hadoop-ozone/integration-test/target/test-dir/MiniOzoneClusterImpl-c80a598f-8f6f-4d48-9250-786b4a2a8869/datanode-5/data/ratis/83ecf711-c869-4b4d-ac6c-e37c5ce7573c
2019-08-22 12:51:57,889 INFO  server.RaftServerConfigKeys (ConfUtils.java:logGet(43)) - raft.server.log.queue.byte-limit = 2147483647 (custom)
2019-08-22 12:51:57,889 INFO  server.RaftServerConfigKeys (ConfUtils.java:logGet(43)) - raft.server.log.queue.element-limit = 1024 (custom)
2019-08-22 12:51:57,889 INFO  server.RaftServerConfigKeys (ConfUtils.java:logGet(43)) - raft.server.log.segment.size.max = 1048576 (custom)
2019-08-22 12:51:57,889 INFO  server.RaftServerConfigKeys (ConfUtils.java:logGet(43)) - raft.server.log.preallocated.size = 16384 (custom)
2019-08-22 12:51:57,889 INFO  server.RaftServerConfigKeys (ConfUtils.java:logGet(43)) - raft.server.log.write.buffer.size = 33554432 (custom)
2019-08-22 12:51:57,889 INFO  server.RaftServerConfigKeys (ConfUtils.java:logGet(43)) - raft.server.log.force.sync.num = 128 (default)
2019-08-22 12:51:57,889 INFO  server.RaftServerConfigKeys (ConfUtils.java:logGet(43)) - raft.server.log.statemachine.data.sync = true (default)
2019-08-22 12:51:57,890 INFO  server.RaftServerConfigKeys (ConfUtils.java:logGet(43)) - raft.server.log.statemachine.data.sync.timeout = 10s (default)
2019-08-22 12:51:57,890 INFO  server.RaftServerConfigKeys (ConfUtils.java:logGet(43)) - raft.server.log.statemachine.data.sync.timeout.retry = -1 (default)
2019-08-22 12:51:57,890 INFO  server.RaftServerConfigKeys (ConfUtils.java:logGet(43)) - raft.server.log.statemachine.data.caching.enabled = true (custom)
2019-08-22 12:51:57,890 INFO  segmented.SegmentedRaftLogWorker (SegmentedRaftLogWorker.java:lambda$new$0(132)) - 05decbf1-7e3e-44e8-b82a-076d31b784ff-SegmentedRaftLogWorker:Storage Directory /workdir/hadoop-ozone/integration-test/target/test-dir/MiniOzoneClusterImpl-c80a598f-8f6f-4d48-9250-786b4a2a8869/datanode-5/data/ratis/83ecf711-c869-4b4d-ac6c-e37c5ce7573c: flushIndex: setUnconditionally 0 -> -1
2019-08-22 12:51:57,891 INFO  server.RaftServerConfigKeys (ConfUtils.java:logGet(43)) - raft.server.snapshot.auto.trigger.enabled = true (custom)
2019-08-22 12:51:57,891 INFO  server.RaftServerConfigKeys (ConfUtils.java:logGet(43)) - raft.server.snapshot.auto.trigger.threshold = 10000 (custom)
2019-08-22 12:51:57,891 INFO  server.RaftServerConfigKeys (ConfUtils.java:logGet(43)) - raft.server.retrycache.expirytime = 600000ms (custom)
2019-08-22 12:51:57,891 INFO  impl.RaftServerImpl (RaftServerImpl.java:start(180)) - 05decbf1-7e3e-44e8-b82a-076d31b784ff: start group-E37C5CE7573C
2019-08-22 12:51:57,891 INFO  impl.RaftServerImpl (RaftServerImpl.java:setRole(171)) - 05decbf1-7e3e-44e8-b82a-076d31b784ff:group-E37C5CE7573C changes role from null to FOLLOWER at term 0 for startAsFollower
2019-08-22 12:51:57,891 INFO  impl.RoleInfo (RoleInfo.java:updateAndGet(143)) - 05decbf1-7e3e-44e8-b82a-076d31b784ff: start FollowerState
2019-08-22 12:51:57,892 INFO  util.JmxRegister (JmxRegister.java:tryRegister(44)) - Successfully registered JMX Bean with object name Ratis:service=RaftServer,group=group-E37C5CE7573C,id=05decbf1-7e3e-44e8-b82a-076d31b784ff
2019-08-22 12:51:57,901 INFO  pipeline.PipelineStateManager (PipelineStateManager.java:addPipeline(56)) - Created pipeline Pipeline[ Id: 83ecf711-c869-4b4d-ac6c-e37c5ce7573c, Nodes: 05decbf1-7e3e-44e8-b82a-076d31b784ff{ip: 192.168.69.91, host: pr-hdds-1810-6qbbz-1568424974, networkLocation: /default-rack, certSerialId: null}, Type:RATIS, Factor:ONE, State:OPEN]
2019-08-22 12:51:57,925 INFO  impl.RaftServerProxy (RaftServerProxy.java:addNew(89)) - c79a7c55-4353-496e-9501-fc92d36c4ca1: addNew group-9A73A22DBDD6:[c79a7c55-4353-496e-9501-fc92d36c4ca1:192.168.69.91:38115] returns group-9A73A22DBDD6:java.util.concurrent.CompletableFuture@79128192[Not completed]
2019-08-22 12:51:57,927 INFO  impl.RaftServerImpl (RaftServerImpl.java:<init>(93)) - c79a7c55-4353-496e-9501-fc92d36c4ca1: new RaftServerImpl for group-9A73A22DBDD6:[c79a7c55-4353-496e-9501-fc92d36c4ca1:192.168.69.91:38115] with ContainerStateMachine:uninitialized
2019-08-22 12:51:57,927 INFO  server.RaftServerConfigKeys (ConfUtils.java:logGet(43)) - raft.server.rpc.timeout.min = 5s (custom)
2019-08-22 12:51:57,928 INFO  server.RaftServerConfigKeys (ConfUtils.java:logGet(43)) - raft.server.rpc.timeout.max = 5200ms (custom)
2019-08-22 12:51:57,928 INFO  server.RaftServerConfigKeys (ConfUtils.java:logGet(43)) - raft.server.rpcslowness.timeout = 120s (custom)
2019-08-22 12:51:57,928 INFO  server.RaftServerConfigKeys (ConfUtils.java:logGet(43)) - raft.server.sleep.deviation.threshold = 300 (default)
2019-08-22 12:51:57,928 INFO  server.RaftServerConfigKeys (ConfUtils.java:logGet(43)) - raft.server.log.appender.install.snapshot.enabled = false (custom)
2019-08-22 12:51:57,928 INFO  impl.RaftServerImpl (ServerState.java:<init>(105)) - c79a7c55-4353-496e-9501-fc92d36c4ca1:group-9A73A22DBDD6 ConfigurationManager, init=-1: [c79a7c55-4353-496e-9501-fc92d36c4ca1:192.168.69.91:38115], old=null, confs=<EMPTY_MAP>
2019-08-22 12:51:57,929 INFO  server.RaftServerConfigKeys (ConfUtils.java:logGet(43)) - raft.server.storage.dir = [/workdir/hadoop-ozone/integration-test/target/test-dir/MiniOzoneClusterImpl-c80a598f-8f6f-4d48-9250-786b4a2a8869/datanode-2/data/ratis] (custom)
2019-08-22 12:51:57,929 INFO  storage.RaftStorageDirectory (RaftStorageDirectory.java:analyzeStorage(246)) - The storage directory /workdir/hadoop-ozone/integration-test/target/test-dir/MiniOzoneClusterImpl-c80a598f-8f6f-4d48-9250-786b4a2a8869/datanode-2/data/ratis/9087c696-bc3c-4d7e-a19f-9a73a22dbdd6 does not exist. Creating ...
2019-08-22 12:51:57,942 INFO  storage.RaftStorageDirectory (RaftStorageDirectory.java:tryLock(328)) - Lock on /workdir/hadoop-ozone/integration-test/target/test-dir/MiniOzoneClusterImpl-c80a598f-8f6f-4d48-9250-786b4a2a8869/datanode-2/data/ratis/9087c696-bc3c-4d7e-a19f-9a73a22dbdd6/in_use.lock acquired by nodename 4425@pr-hdds-1810-6qbbz-1568424974
2019-08-22 12:51:57,956 INFO  storage.RaftStorage (RaftStorage.java:format(72)) - Storage directory /workdir/hadoop-ozone/integration-test/target/test-dir/MiniOzoneClusterImpl-c80a598f-8f6f-4d48-9250-786b4a2a8869/datanode-2/data/ratis/9087c696-bc3c-4d7e-a19f-9a73a22dbdd6 has been successfully formatted.
2019-08-22 12:51:57,956 INFO  ratis.ContainerStateMachine (ContainerStateMachine.java:loadSnapshot(222)) - group-9A73A22DBDD6: The snapshot info is null. Setting the last applied indexto:(t:0, i:~)
2019-08-22 12:51:57,956 INFO  server.RaftServerConfigKeys (ConfUtils.java:logGet(43)) - raft.server.leader.election.timeout = 120s (custom)
2019-08-22 12:51:57,956 INFO  server.RaftServerConfigKeys (ConfUtils.java:logGet(43)) - raft.server.log.use.memory = false (default)
2019-08-22 12:51:57,956 INFO  server.RaftServerConfigKeys (ConfUtils.java:logGet(43)) - raft.server.log.purge.gap = 1000000000 (custom)
2019-08-22 12:51:57,957 INFO  server.RaftServerConfigKeys (ConfUtils.java:logGet(43)) - raft.server.log.appender.buffer.byte-limit = 33554432 (custom)
2019-08-22 12:51:57,957 INFO  server.RaftServerConfigKeys (ConfUtils.java:logGet(43)) - raft.server.log.segment.size.max = 1048576 (custom)
2019-08-22 12:51:57,957 INFO  server.RaftServerConfigKeys (ConfUtils.java:logGet(43)) - raft.server.log.segment.cache.num.max = 2 (custom)
2019-08-22 12:51:57,957 INFO  segmented.SegmentedRaftLogWorker (SegmentedRaftLogWorker.java:<init>(172)) - new c79a7c55-4353-496e-9501-fc92d36c4ca1-SegmentedRaftLogWorker:Storage Directory /workdir/hadoop-ozone/integration-test/target/test-dir/MiniOzoneClusterImpl-c80a598f-8f6f-4d48-9250-786b4a2a8869/datanode-2/data/ratis/9087c696-bc3c-4d7e-a19f-9a73a22dbdd6 for RaftStorage:Storage Directory /workdir/hadoop-ozone/integration-test/target/test-dir/MiniOzoneClusterImpl-c80a598f-8f6f-4d48-9250-786b4a2a8869/datanode-2/data/ratis/9087c696-bc3c-4d7e-a19f-9a73a22dbdd6
2019-08-22 12:51:57,958 INFO  server.RaftServerConfigKeys (ConfUtils.java:logGet(43)) - raft.server.log.queue.byte-limit = 2147483647 (custom)
2019-08-22 12:51:57,958 INFO  server.RaftServerConfigKeys (ConfUtils.java:logGet(43)) - raft.server.log.queue.element-limit = 1024 (custom)
2019-08-22 12:51:57,958 INFO  server.RaftServerConfigKeys (ConfUtils.java:logGet(43)) - raft.server.log.segment.size.max = 1048576 (custom)
2019-08-22 12:51:57,958 INFO  server.RaftServerConfigKeys (ConfUtils.java:logGet(43)) - raft.server.log.preallocated.size = 16384 (custom)
2019-08-22 12:51:57,959 INFO  server.RaftServerConfigKeys (ConfUtils.java:logGet(43)) - raft.server.log.write.buffer.size = 33554432 (custom)
2019-08-22 12:51:57,959 INFO  server.RaftServerConfigKeys (ConfUtils.java:logGet(43)) - raft.server.log.force.sync.num = 128 (default)
2019-08-22 12:51:57,959 INFO  server.RaftServerConfigKeys (ConfUtils.java:logGet(43)) - raft.server.log.statemachine.data.sync = true (default)
2019-08-22 12:51:57,959 INFO  server.RaftServerConfigKeys (ConfUtils.java:logGet(43)) - raft.server.log.statemachine.data.sync.timeout = 10s (default)
2019-08-22 12:51:57,960 INFO  server.RaftServerConfigKeys (ConfUtils.java:logGet(43)) - raft.server.log.statemachine.data.sync.timeout.retry = -1 (default)
2019-08-22 12:51:57,960 INFO  server.RaftServerConfigKeys (ConfUtils.java:logGet(43)) - raft.server.log.statemachine.data.caching.enabled = true (custom)
2019-08-22 12:51:57,961 INFO  segmented.SegmentedRaftLogWorker (SegmentedRaftLogWorker.java:lambda$new$0(132)) - c79a7c55-4353-496e-9501-fc92d36c4ca1-SegmentedRaftLogWorker:Storage Directory /workdir/hadoop-ozone/integration-test/target/test-dir/MiniOzoneClusterImpl-c80a598f-8f6f-4d48-9250-786b4a2a8869/datanode-2/data/ratis/9087c696-bc3c-4d7e-a19f-9a73a22dbdd6: flushIndex: setUnconditionally 0 -> -1
2019-08-22 12:51:57,961 INFO  server.RaftServerConfigKeys (ConfUtils.java:logGet(43)) - raft.server.snapshot.auto.trigger.enabled = true (custom)
2019-08-22 12:51:57,961 INFO  server.RaftServerConfigKeys (ConfUtils.java:logGet(43)) - raft.server.snapshot.auto.trigger.threshold = 10000 (custom)
2019-08-22 12:51:57,962 INFO  server.RaftServerConfigKeys (ConfUtils.java:logGet(43)) - raft.server.retrycache.expirytime = 600000ms (custom)
2019-08-22 12:51:57,962 INFO  impl.RaftServerImpl (RaftServerImpl.java:start(180)) - c79a7c55-4353-496e-9501-fc92d36c4ca1: start group-9A73A22DBDD6
2019-08-22 12:51:57,962 INFO  impl.RaftServerImpl (RaftServerImpl.java:setRole(171)) - c79a7c55-4353-496e-9501-fc92d36c4ca1:group-9A73A22DBDD6 changes role from null to FOLLOWER at term 0 for startAsFollower
2019-08-22 12:51:57,962 INFO  impl.RoleInfo (RoleInfo.java:updateAndGet(143)) - c79a7c55-4353-496e-9501-fc92d36c4ca1: start FollowerState
2019-08-22 12:51:57,963 INFO  util.JmxRegister (JmxRegister.java:tryRegister(44)) - Successfully registered JMX Bean with object name Ratis:service=RaftServer,group=group-9A73A22DBDD6,id=c79a7c55-4353-496e-9501-fc92d36c4ca1
2019-08-22 12:51:57,973 INFO  pipeline.PipelineStateManager (PipelineStateManager.java:addPipeline(56)) - Created pipeline Pipeline[ Id: 9087c696-bc3c-4d7e-a19f-9a73a22dbdd6, Nodes: c79a7c55-4353-496e-9501-fc92d36c4ca1{ip: 192.168.69.91, host: pr-hdds-1810-6qbbz-1568424974, networkLocation: /default-rack, certSerialId: null}, Type:RATIS, Factor:ONE, State:OPEN]
2019-08-22 12:51:57,992 INFO  impl.RaftServerProxy (RaftServerProxy.java:addNew(89)) - 3611c539-4bdb-4962-9d2c-1c402a4287c2: addNew group-338BAA38266A:[3611c539-4bdb-4962-9d2c-1c402a4287c2:192.168.69.91:37389] returns group-338BAA38266A:java.util.concurrent.CompletableFuture@39ce71f7[Not completed]
2019-08-22 12:51:57,994 INFO  impl.RaftServerImpl (RaftServerImpl.java:<init>(93)) - 3611c539-4bdb-4962-9d2c-1c402a4287c2: new RaftServerImpl for group-338BAA38266A:[3611c539-4bdb-4962-9d2c-1c402a4287c2:192.168.69.91:37389] with ContainerStateMachine:uninitialized
2019-08-22 12:51:57,994 INFO  server.RaftServerConfigKeys (ConfUtils.java:logGet(43)) - raft.server.rpc.timeout.min = 5s (custom)
2019-08-22 12:51:57,995 INFO  server.RaftServerConfigKeys (ConfUtils.java:logGet(43)) - raft.server.rpc.timeout.max = 5200ms (custom)
2019-08-22 12:51:57,995 INFO  server.RaftServerConfigKeys (ConfUtils.java:logGet(43)) - raft.server.rpcslowness.timeout = 120s (custom)
2019-08-22 12:51:57,995 INFO  server.RaftServerConfigKeys (ConfUtils.java:logGet(43)) - raft.server.sleep.deviation.threshold = 300 (default)
2019-08-22 12:51:57,995 INFO  server.RaftServerConfigKeys (ConfUtils.java:logGet(43)) - raft.server.log.appender.install.snapshot.enabled = false (custom)
2019-08-22 12:51:57,995 INFO  impl.RaftServerImpl (ServerState.java:<init>(105)) - 3611c539-4bdb-4962-9d2c-1c402a4287c2:group-338BAA38266A ConfigurationManager, init=-1: [3611c539-4bdb-4962-9d2c-1c402a4287c2:192.168.69.91:37389], old=null, confs=<EMPTY_MAP>
2019-08-22 12:51:57,995 INFO  server.RaftServerConfigKeys (ConfUtils.java:logGet(43)) - raft.server.storage.dir = [/workdir/hadoop-ozone/integration-test/target/test-dir/MiniOzoneClusterImpl-c80a598f-8f6f-4d48-9250-786b4a2a8869/datanode-3/data/ratis] (custom)
2019-08-22 12:51:57,995 INFO  storage.RaftStorageDirectory (RaftStorageDirectory.java:analyzeStorage(246)) - The storage directory /workdir/hadoop-ozone/integration-test/target/test-dir/MiniOzoneClusterImpl-c80a598f-8f6f-4d48-9250-786b4a2a8869/datanode-3/data/ratis/ad1e40b7-5f8f-4a36-aa82-338baa38266a does not exist. Creating ...
2019-08-22 12:51:58,008 INFO  storage.RaftStorageDirectory (RaftStorageDirectory.java:tryLock(328)) - Lock on /workdir/hadoop-ozone/integration-test/target/test-dir/MiniOzoneClusterImpl-c80a598f-8f6f-4d48-9250-786b4a2a8869/datanode-3/data/ratis/ad1e40b7-5f8f-4a36-aa82-338baa38266a/in_use.lock acquired by nodename 4425@pr-hdds-1810-6qbbz-1568424974
2019-08-22 12:51:58,021 INFO  storage.RaftStorage (RaftStorage.java:format(72)) - Storage directory /workdir/hadoop-ozone/integration-test/target/test-dir/MiniOzoneClusterImpl-c80a598f-8f6f-4d48-9250-786b4a2a8869/datanode-3/data/ratis/ad1e40b7-5f8f-4a36-aa82-338baa38266a has been successfully formatted.
2019-08-22 12:51:58,021 INFO  ratis.ContainerStateMachine (ContainerStateMachine.java:loadSnapshot(222)) - group-338BAA38266A: The snapshot info is null. Setting the last applied indexto:(t:0, i:~)
2019-08-22 12:51:58,022 INFO  server.RaftServerConfigKeys (ConfUtils.java:logGet(43)) - raft.server.leader.election.timeout = 120s (custom)
2019-08-22 12:51:58,022 INFO  server.RaftServerConfigKeys (ConfUtils.java:logGet(43)) - raft.server.log.use.memory = false (default)
2019-08-22 12:51:58,022 INFO  server.RaftServerConfigKeys (ConfUtils.java:logGet(43)) - raft.server.log.purge.gap = 1000000000 (custom)
2019-08-22 12:51:58,022 INFO  server.RaftServerConfigKeys (ConfUtils.java:logGet(43)) - raft.server.log.appender.buffer.byte-limit = 33554432 (custom)
2019-08-22 12:51:58,022 INFO  server.RaftServerConfigKeys (ConfUtils.java:logGet(43)) - raft.server.log.segment.size.max = 1048576 (custom)
2019-08-22 12:51:58,022 INFO  server.RaftServerConfigKeys (ConfUtils.java:logGet(43)) - raft.server.log.segment.cache.num.max = 2 (custom)
2019-08-22 12:51:58,022 INFO  segmented.SegmentedRaftLogWorker (SegmentedRaftLogWorker.java:<init>(172)) - new 3611c539-4bdb-4962-9d2c-1c402a4287c2-SegmentedRaftLogWorker:Storage Directory /workdir/hadoop-ozone/integration-test/target/test-dir/MiniOzoneClusterImpl-c80a598f-8f6f-4d48-9250-786b4a2a8869/datanode-3/data/ratis/ad1e40b7-5f8f-4a36-aa82-338baa38266a for RaftStorage:Storage Directory /workdir/hadoop-ozone/integration-test/target/test-dir/MiniOzoneClusterImpl-c80a598f-8f6f-4d48-9250-786b4a2a8869/datanode-3/data/ratis/ad1e40b7-5f8f-4a36-aa82-338baa38266a
2019-08-22 12:51:58,022 INFO  server.RaftServerConfigKeys (ConfUtils.java:logGet(43)) - raft.server.log.queue.byte-limit = 2147483647 (custom)
2019-08-22 12:51:58,023 INFO  server.RaftServerConfigKeys (ConfUtils.java:logGet(43)) - raft.server.log.queue.element-limit = 1024 (custom)
2019-08-22 12:51:58,023 INFO  server.RaftServerConfigKeys (ConfUtils.java:logGet(43)) - raft.server.log.segment.size.max = 1048576 (custom)
2019-08-22 12:51:58,023 INFO  server.RaftServerConfigKeys (ConfUtils.java:logGet(43)) - raft.server.log.preallocated.size = 16384 (custom)
2019-08-22 12:51:58,023 INFO  server.RaftServerConfigKeys (ConfUtils.java:logGet(43)) - raft.server.log.write.buffer.size = 33554432 (custom)
2019-08-22 12:51:58,023 INFO  server.RaftServerConfigKeys (ConfUtils.java:logGet(43)) - raft.server.log.force.sync.num = 128 (default)
2019-08-22 12:51:58,023 INFO  server.RaftServerConfigKeys (ConfUtils.java:logGet(43)) - raft.server.log.statemachine.data.sync = true (default)
2019-08-22 12:51:58,023 INFO  server.RaftServerConfigKeys (ConfUtils.java:logGet(43)) - raft.server.log.statemachine.data.sync.timeout = 10s (default)
2019-08-22 12:51:58,024 INFO  server.RaftServerConfigKeys (ConfUtils.java:logGet(43)) - raft.server.log.statemachine.data.sync.timeout.retry = -1 (default)
2019-08-22 12:51:58,024 INFO  server.RaftServerConfigKeys (ConfUtils.java:logGet(43)) - raft.server.log.statemachine.data.caching.enabled = true (custom)
2019-08-22 12:51:58,024 INFO  segmented.SegmentedRaftLogWorker (SegmentedRaftLogWorker.java:lambda$new$0(132)) - 3611c539-4bdb-4962-9d2c-1c402a4287c2-SegmentedRaftLogWorker:Storage Directory /workdir/hadoop-ozone/integration-test/target/test-dir/MiniOzoneClusterImpl-c80a598f-8f6f-4d48-9250-786b4a2a8869/datanode-3/data/ratis/ad1e40b7-5f8f-4a36-aa82-338baa38266a: flushIndex: setUnconditionally 0 -> -1
2019-08-22 12:51:58,024 INFO  server.RaftServerConfigKeys (ConfUtils.java:logGet(43)) - raft.server.snapshot.auto.trigger.enabled = true (custom)
2019-08-22 12:51:58,024 INFO  server.RaftServerConfigKeys (ConfUtils.java:logGet(43)) - raft.server.snapshot.auto.trigger.threshold = 10000 (custom)
2019-08-22 12:51:58,025 INFO  server.RaftServerConfigKeys (ConfUtils.java:logGet(43)) - raft.server.retrycache.expirytime = 600000ms (custom)
2019-08-22 12:51:58,025 INFO  impl.RaftServerImpl (RaftServerImpl.java:start(180)) - 3611c539-4bdb-4962-9d2c-1c402a4287c2: start group-338BAA38266A
2019-08-22 12:51:58,025 INFO  impl.RaftServerImpl (RaftServerImpl.java:setRole(171)) - 3611c539-4bdb-4962-9d2c-1c402a4287c2:group-338BAA38266A changes role from null to FOLLOWER at term 0 for startAsFollower
2019-08-22 12:51:58,025 INFO  impl.RoleInfo (RoleInfo.java:updateAndGet(143)) - 3611c539-4bdb-4962-9d2c-1c402a4287c2: start FollowerState
2019-08-22 12:51:58,025 INFO  util.JmxRegister (JmxRegister.java:tryRegister(44)) - Successfully registered JMX Bean with object name Ratis:service=RaftServer,group=group-338BAA38266A,id=3611c539-4bdb-4962-9d2c-1c402a4287c2
2019-08-22 12:51:58,048 INFO  pipeline.PipelineStateManager (PipelineStateManager.java:addPipeline(56)) - Created pipeline Pipeline[ Id: ad1e40b7-5f8f-4a36-aa82-338baa38266a, Nodes: 3611c539-4bdb-4962-9d2c-1c402a4287c2{ip: 192.168.69.91, host: pr-hdds-1810-6qbbz-1568424974, networkLocation: /default-rack, certSerialId: null}, Type:RATIS, Factor:ONE, State:OPEN]
2019-08-22 12:51:58,069 INFO  impl.RaftServerProxy (RaftServerProxy.java:addNew(89)) - e2b4be82-fcb0-476d-a266-5024df523634: addNew group-85860444BFE1:[e2b4be82-fcb0-476d-a266-5024df523634:192.168.69.91:36025] returns group-85860444BFE1:java.util.concurrent.CompletableFuture@638b9c36[Not completed]
2019-08-22 12:51:58,071 INFO  impl.RaftServerImpl (RaftServerImpl.java:<init>(93)) - e2b4be82-fcb0-476d-a266-5024df523634: new RaftServerImpl for group-85860444BFE1:[e2b4be82-fcb0-476d-a266-5024df523634:192.168.69.91:36025] with ContainerStateMachine:uninitialized
2019-08-22 12:51:58,072 INFO  server.RaftServerConfigKeys (ConfUtils.java:logGet(43)) - raft.server.rpc.timeout.min = 5s (custom)
2019-08-22 12:51:58,072 INFO  server.RaftServerConfigKeys (ConfUtils.java:logGet(43)) - raft.server.rpc.timeout.max = 5200ms (custom)
2019-08-22 12:51:58,072 INFO  server.RaftServerConfigKeys (ConfUtils.java:logGet(43)) - raft.server.rpcslowness.timeout = 120s (custom)
2019-08-22 12:51:58,072 INFO  server.RaftServerConfigKeys (ConfUtils.java:logGet(43)) - raft.server.sleep.deviation.threshold = 300 (default)
2019-08-22 12:51:58,072 INFO  server.RaftServerConfigKeys (ConfUtils.java:logGet(43)) - raft.server.log.appender.install.snapshot.enabled = false (custom)
2019-08-22 12:51:58,072 INFO  impl.RaftServerImpl (ServerState.java:<init>(105)) - e2b4be82-fcb0-476d-a266-5024df523634:group-85860444BFE1 ConfigurationManager, init=-1: [e2b4be82-fcb0-476d-a266-5024df523634:192.168.69.91:36025], old=null, confs=<EMPTY_MAP>
2019-08-22 12:51:58,073 INFO  server.RaftServerConfigKeys (ConfUtils.java:logGet(43)) - raft.server.storage.dir = [/workdir/hadoop-ozone/integration-test/target/test-dir/MiniOzoneClusterImpl-c80a598f-8f6f-4d48-9250-786b4a2a8869/datanode-1/data/ratis] (custom)
2019-08-22 12:51:58,073 INFO  storage.RaftStorageDirectory (RaftStorageDirectory.java:analyzeStorage(246)) - The storage directory /workdir/hadoop-ozone/integration-test/target/test-dir/MiniOzoneClusterImpl-c80a598f-8f6f-4d48-9250-786b4a2a8869/datanode-1/data/ratis/111902ca-7e14-4cdf-b7c7-85860444bfe1 does not exist. Creating ...
2019-08-22 12:51:58,086 INFO  storage.RaftStorageDirectory (RaftStorageDirectory.java:tryLock(328)) - Lock on /workdir/hadoop-ozone/integration-test/target/test-dir/MiniOzoneClusterImpl-c80a598f-8f6f-4d48-9250-786b4a2a8869/datanode-1/data/ratis/111902ca-7e14-4cdf-b7c7-85860444bfe1/in_use.lock acquired by nodename 4425@pr-hdds-1810-6qbbz-1568424974
2019-08-22 12:51:58,102 INFO  storage.RaftStorage (RaftStorage.java:format(72)) - Storage directory /workdir/hadoop-ozone/integration-test/target/test-dir/MiniOzoneClusterImpl-c80a598f-8f6f-4d48-9250-786b4a2a8869/datanode-1/data/ratis/111902ca-7e14-4cdf-b7c7-85860444bfe1 has been successfully formatted.
2019-08-22 12:51:58,102 INFO  ratis.ContainerStateMachine (ContainerStateMachine.java:loadSnapshot(222)) - group-85860444BFE1: The snapshot info is null. Setting the last applied indexto:(t:0, i:~)
2019-08-22 12:51:58,102 INFO  server.RaftServerConfigKeys (ConfUtils.java:logGet(43)) - raft.server.leader.election.timeout = 120s (custom)
2019-08-22 12:51:58,102 INFO  server.RaftServerConfigKeys (ConfUtils.java:logGet(43)) - raft.server.log.use.memory = false (default)
2019-08-22 12:51:58,102 INFO  server.RaftServerConfigKeys (ConfUtils.java:logGet(43)) - raft.server.log.purge.gap = 1000000000 (custom)
2019-08-22 12:51:58,103 INFO  server.RaftServerConfigKeys (ConfUtils.java:logGet(43)) - raft.server.log.appender.buffer.byte-limit = 33554432 (custom)
2019-08-22 12:51:58,103 INFO  server.RaftServerConfigKeys (ConfUtils.java:logGet(43)) - raft.server.log.segment.size.max = 1048576 (custom)
2019-08-22 12:51:58,103 INFO  server.RaftServerConfigKeys (ConfUtils.java:logGet(43)) - raft.server.log.segment.cache.num.max = 2 (custom)
2019-08-22 12:51:58,103 INFO  segmented.SegmentedRaftLogWorker (SegmentedRaftLogWorker.java:<init>(172)) - new e2b4be82-fcb0-476d-a266-5024df523634-SegmentedRaftLogWorker:Storage Directory /workdir/hadoop-ozone/integration-test/target/test-dir/MiniOzoneClusterImpl-c80a598f-8f6f-4d48-9250-786b4a2a8869/datanode-1/data/ratis/111902ca-7e14-4cdf-b7c7-85860444bfe1 for RaftStorage:Storage Directory /workdir/hadoop-ozone/integration-test/target/test-dir/MiniOzoneClusterImpl-c80a598f-8f6f-4d48-9250-786b4a2a8869/datanode-1/data/ratis/111902ca-7e14-4cdf-b7c7-85860444bfe1
2019-08-22 12:51:58,103 INFO  server.RaftServerConfigKeys (ConfUtils.java:logGet(43)) - raft.server.log.queue.byte-limit = 2147483647 (custom)
2019-08-22 12:51:58,103 INFO  server.RaftServerConfigKeys (ConfUtils.java:logGet(43)) - raft.server.log.queue.element-limit = 1024 (custom)
2019-08-22 12:51:58,104 INFO  server.RaftServerConfigKeys (ConfUtils.java:logGet(43)) - raft.server.log.segment.size.max = 1048576 (custom)
2019-08-22 12:51:58,104 INFO  server.RaftServerConfigKeys (ConfUtils.java:logGet(43)) - raft.server.log.preallocated.size = 16384 (custom)
2019-08-22 12:51:58,104 INFO  server.RaftServerConfigKeys (ConfUtils.java:logGet(43)) - raft.server.log.write.buffer.size = 33554432 (custom)
2019-08-22 12:51:58,104 INFO  server.RaftServerConfigKeys (ConfUtils.java:logGet(43)) - raft.server.log.force.sync.num = 128 (default)
2019-08-22 12:51:58,104 INFO  server.RaftServerConfigKeys (ConfUtils.java:logGet(43)) - raft.server.log.statemachine.data.sync = true (default)
2019-08-22 12:51:58,105 INFO  server.RaftServerConfigKeys (ConfUtils.java:logGet(43)) - raft.server.log.statemachine.data.sync.timeout = 10s (default)
2019-08-22 12:51:58,105 INFO  server.RaftServerConfigKeys (ConfUtils.java:logGet(43)) - raft.server.log.statemachine.data.sync.timeout.retry = -1 (default)
2019-08-22 12:51:58,105 INFO  server.RaftServerConfigKeys (ConfUtils.java:logGet(43)) - raft.server.log.statemachine.data.caching.enabled = true (custom)
2019-08-22 12:51:58,106 INFO  segmented.SegmentedRaftLogWorker (SegmentedRaftLogWorker.java:lambda$new$0(132)) - e2b4be82-fcb0-476d-a266-5024df523634-SegmentedRaftLogWorker:Storage Directory /workdir/hadoop-ozone/integration-test/target/test-dir/MiniOzoneClusterImpl-c80a598f-8f6f-4d48-9250-786b4a2a8869/datanode-1/data/ratis/111902ca-7e14-4cdf-b7c7-85860444bfe1: flushIndex: setUnconditionally 0 -> -1
2019-08-22 12:51:58,106 INFO  server.RaftServerConfigKeys (ConfUtils.java:logGet(43)) - raft.server.snapshot.auto.trigger.enabled = true (custom)
2019-08-22 12:51:58,106 INFO  server.RaftServerConfigKeys (ConfUtils.java:logGet(43)) - raft.server.snapshot.auto.trigger.threshold = 10000 (custom)
2019-08-22 12:51:58,106 INFO  server.RaftServerConfigKeys (ConfUtils.java:logGet(43)) - raft.server.retrycache.expirytime = 600000ms (custom)
2019-08-22 12:51:58,107 INFO  impl.RaftServerImpl (RaftServerImpl.java:start(180)) - e2b4be82-fcb0-476d-a266-5024df523634: start group-85860444BFE1
2019-08-22 12:51:58,107 INFO  impl.RaftServerImpl (RaftServerImpl.java:setRole(171)) - e2b4be82-fcb0-476d-a266-5024df523634:group-85860444BFE1 changes role from null to FOLLOWER at term 0 for startAsFollower
2019-08-22 12:51:58,107 INFO  impl.RoleInfo (RoleInfo.java:updateAndGet(143)) - e2b4be82-fcb0-476d-a266-5024df523634: start FollowerState
2019-08-22 12:51:58,107 INFO  util.JmxRegister (JmxRegister.java:tryRegister(44)) - Successfully registered JMX Bean with object name Ratis:service=RaftServer,group=group-85860444BFE1,id=e2b4be82-fcb0-476d-a266-5024df523634
2019-08-22 12:51:58,117 INFO  pipeline.PipelineStateManager (PipelineStateManager.java:addPipeline(56)) - Created pipeline Pipeline[ Id: 111902ca-7e14-4cdf-b7c7-85860444bfe1, Nodes: e2b4be82-fcb0-476d-a266-5024df523634{ip: 192.168.69.91, host: pr-hdds-1810-6qbbz-1568424974, networkLocation: /default-rack, certSerialId: null}, Type:RATIS, Factor:ONE, State:OPEN]
2019-08-22 12:51:58,155 INFO  impl.RaftServerProxy (RaftServerProxy.java:addNew(89)) - c79a7c55-4353-496e-9501-fc92d36c4ca1: addNew group-DBD73FB1438B:[1fab250e-ca1c-4051-bcaf-1548020ee413:192.168.69.91:32889, 05decbf1-7e3e-44e8-b82a-076d31b784ff:192.168.69.91:37749, c79a7c55-4353-496e-9501-fc92d36c4ca1:192.168.69.91:38115] returns group-DBD73FB1438B:java.util.concurrent.CompletableFuture@504634e6[Not completed]
2019-08-22 12:51:58,156 INFO  impl.RaftServerImpl (RaftServerImpl.java:<init>(93)) - c79a7c55-4353-496e-9501-fc92d36c4ca1: new RaftServerImpl for group-DBD73FB1438B:[1fab250e-ca1c-4051-bcaf-1548020ee413:192.168.69.91:32889, 05decbf1-7e3e-44e8-b82a-076d31b784ff:192.168.69.91:37749, c79a7c55-4353-496e-9501-fc92d36c4ca1:192.168.69.91:38115] with ContainerStateMachine:uninitialized
2019-08-22 12:51:58,157 INFO  server.RaftServerConfigKeys (ConfUtils.java:logGet(43)) - raft.server.rpc.timeout.min = 5s (custom)
2019-08-22 12:51:58,158 INFO  server.RaftServerConfigKeys (ConfUtils.java:logGet(43)) - raft.server.rpc.timeout.max = 5200ms (custom)
2019-08-22 12:51:58,159 INFO  server.RaftServerConfigKeys (ConfUtils.java:logGet(43)) - raft.server.rpcslowness.timeout = 120s (custom)
2019-08-22 12:51:58,159 INFO  server.RaftServerConfigKeys (ConfUtils.java:logGet(43)) - raft.server.sleep.deviation.threshold = 300 (default)
2019-08-22 12:51:58,159 INFO  impl.RaftServerProxy (RaftServerProxy.java:addNew(89)) - 1fab250e-ca1c-4051-bcaf-1548020ee413: addNew group-DBD73FB1438B:[1fab250e-ca1c-4051-bcaf-1548020ee413:192.168.69.91:32889, 05decbf1-7e3e-44e8-b82a-076d31b784ff:192.168.69.91:37749, c79a7c55-4353-496e-9501-fc92d36c4ca1:192.168.69.91:38115] returns group-DBD73FB1438B:java.util.concurrent.CompletableFuture@5479ba36[Not completed]
2019-08-22 12:51:58,159 INFO  server.RaftServerConfigKeys (ConfUtils.java:logGet(43)) - raft.server.log.appender.install.snapshot.enabled = false (custom)
2019-08-22 12:51:58,159 INFO  impl.RaftServerProxy (RaftServerProxy.java:addNew(89)) - 05decbf1-7e3e-44e8-b82a-076d31b784ff: addNew group-DBD73FB1438B:[1fab250e-ca1c-4051-bcaf-1548020ee413:192.168.69.91:32889, 05decbf1-7e3e-44e8-b82a-076d31b784ff:192.168.69.91:37749, c79a7c55-4353-496e-9501-fc92d36c4ca1:192.168.69.91:38115] returns group-DBD73FB1438B:java.util.concurrent.CompletableFuture@70038df9[Not completed]
2019-08-22 12:51:58,159 INFO  impl.RaftServerImpl (ServerState.java:<init>(105)) - c79a7c55-4353-496e-9501-fc92d36c4ca1:group-DBD73FB1438B ConfigurationManager, init=-1: [1fab250e-ca1c-4051-bcaf-1548020ee413:192.168.69.91:32889, 05decbf1-7e3e-44e8-b82a-076d31b784ff:192.168.69.91:37749, c79a7c55-4353-496e-9501-fc92d36c4ca1:192.168.69.91:38115], old=null, confs=<EMPTY_MAP>
2019-08-22 12:51:58,160 INFO  server.RaftServerConfigKeys (ConfUtils.java:logGet(43)) - raft.server.storage.dir = [/workdir/hadoop-ozone/integration-test/target/test-dir/MiniOzoneClusterImpl-c80a598f-8f6f-4d48-9250-786b4a2a8869/datanode-2/data/ratis] (custom)
2019-08-22 12:51:58,160 INFO  storage.RaftStorageDirectory (RaftStorageDirectory.java:analyzeStorage(246)) - The storage directory /workdir/hadoop-ozone/integration-test/target/test-dir/MiniOzoneClusterImpl-c80a598f-8f6f-4d48-9250-786b4a2a8869/datanode-2/data/ratis/399675b7-686a-4004-9e7d-dbd73fb1438b does not exist. Creating ...
2019-08-22 12:51:58,160 INFO  impl.RaftServerImpl (RaftServerImpl.java:<init>(93)) - 05decbf1-7e3e-44e8-b82a-076d31b784ff: new RaftServerImpl for group-DBD73FB1438B:[1fab250e-ca1c-4051-bcaf-1548020ee413:192.168.69.91:32889, 05decbf1-7e3e-44e8-b82a-076d31b784ff:192.168.69.91:37749, c79a7c55-4353-496e-9501-fc92d36c4ca1:192.168.69.91:38115] with ContainerStateMachine:uninitialized
2019-08-22 12:51:58,161 INFO  server.RaftServerConfigKeys (ConfUtils.java:logGet(43)) - raft.server.rpc.timeout.min = 5s (custom)
2019-08-22 12:51:58,161 INFO  server.RaftServerConfigKeys (ConfUtils.java:logGet(43)) - raft.server.rpc.timeout.max = 5200ms (custom)
2019-08-22 12:51:58,161 INFO  server.RaftServerConfigKeys (ConfUtils.java:logGet(43)) - raft.server.rpcslowness.timeout = 120s (custom)
2019-08-22 12:51:58,161 INFO  server.RaftServerConfigKeys (ConfUtils.java:logGet(43)) - raft.server.sleep.deviation.threshold = 300 (default)
2019-08-22 12:51:58,161 INFO  server.RaftServerConfigKeys (ConfUtils.java:logGet(43)) - raft.server.log.appender.install.snapshot.enabled = false (custom)
2019-08-22 12:51:58,161 INFO  impl.RaftServerImpl (ServerState.java:<init>(105)) - 05decbf1-7e3e-44e8-b82a-076d31b784ff:group-DBD73FB1438B ConfigurationManager, init=-1: [1fab250e-ca1c-4051-bcaf-1548020ee413:192.168.69.91:32889, 05decbf1-7e3e-44e8-b82a-076d31b784ff:192.168.69.91:37749, c79a7c55-4353-496e-9501-fc92d36c4ca1:192.168.69.91:38115], old=null, confs=<EMPTY_MAP>
2019-08-22 12:51:58,161 INFO  impl.RaftServerImpl (RaftServerImpl.java:<init>(93)) - 1fab250e-ca1c-4051-bcaf-1548020ee413: new RaftServerImpl for group-DBD73FB1438B:[1fab250e-ca1c-4051-bcaf-1548020ee413:192.168.69.91:32889, 05decbf1-7e3e-44e8-b82a-076d31b784ff:192.168.69.91:37749, c79a7c55-4353-496e-9501-fc92d36c4ca1:192.168.69.91:38115] with ContainerStateMachine:uninitialized
2019-08-22 12:51:58,161 INFO  server.RaftServerConfigKeys (ConfUtils.java:logGet(43)) - raft.server.storage.dir = [/workdir/hadoop-ozone/integration-test/target/test-dir/MiniOzoneClusterImpl-c80a598f-8f6f-4d48-9250-786b4a2a8869/datanode-5/data/ratis] (custom)
2019-08-22 12:51:58,161 INFO  server.RaftServerConfigKeys (ConfUtils.java:logGet(43)) - raft.server.rpc.timeout.min = 5s (custom)
2019-08-22 12:51:58,161 INFO  server.RaftServerConfigKeys (ConfUtils.java:logGet(43)) - raft.server.rpc.timeout.max = 5200ms (custom)
2019-08-22 12:51:58,161 INFO  storage.RaftStorageDirectory (RaftStorageDirectory.java:analyzeStorage(246)) - The storage directory /workdir/hadoop-ozone/integration-test/target/test-dir/MiniOzoneClusterImpl-c80a598f-8f6f-4d48-9250-786b4a2a8869/datanode-5/data/ratis/399675b7-686a-4004-9e7d-dbd73fb1438b does not exist. Creating ...
2019-08-22 12:51:58,162 INFO  server.RaftServerConfigKeys (ConfUtils.java:logGet(43)) - raft.server.rpcslowness.timeout = 120s (custom)
2019-08-22 12:51:58,162 INFO  server.RaftServerConfigKeys (ConfUtils.java:logGet(43)) - raft.server.sleep.deviation.threshold = 300 (default)
2019-08-22 12:51:58,162 INFO  server.RaftServerConfigKeys (ConfUtils.java:logGet(43)) - raft.server.log.appender.install.snapshot.enabled = false (custom)
2019-08-22 12:51:58,162 INFO  impl.RaftServerImpl (ServerState.java:<init>(105)) - 1fab250e-ca1c-4051-bcaf-1548020ee413:group-DBD73FB1438B ConfigurationManager, init=-1: [1fab250e-ca1c-4051-bcaf-1548020ee413:192.168.69.91:32889, 05decbf1-7e3e-44e8-b82a-076d31b784ff:192.168.69.91:37749, c79a7c55-4353-496e-9501-fc92d36c4ca1:192.168.69.91:38115], old=null, confs=<EMPTY_MAP>
2019-08-22 12:51:58,162 INFO  server.RaftServerConfigKeys (ConfUtils.java:logGet(43)) - raft.server.storage.dir = [/workdir/hadoop-ozone/integration-test/target/test-dir/MiniOzoneClusterImpl-c80a598f-8f6f-4d48-9250-786b4a2a8869/datanode-4/data/ratis] (custom)
2019-08-22 12:51:58,162 INFO  storage.RaftStorageDirectory (RaftStorageDirectory.java:analyzeStorage(246)) - The storage directory /workdir/hadoop-ozone/integration-test/target/test-dir/MiniOzoneClusterImpl-c80a598f-8f6f-4d48-9250-786b4a2a8869/datanode-4/data/ratis/399675b7-686a-4004-9e7d-dbd73fb1438b does not exist. Creating ...
2019-08-22 12:51:58,167 INFO  storage.RaftStorageDirectory (RaftStorageDirectory.java:tryLock(328)) - Lock on /workdir/hadoop-ozone/integration-test/target/test-dir/MiniOzoneClusterImpl-c80a598f-8f6f-4d48-9250-786b4a2a8869/datanode-5/data/ratis/399675b7-686a-4004-9e7d-dbd73fb1438b/in_use.lock acquired by nodename 4425@pr-hdds-1810-6qbbz-1568424974
2019-08-22 12:51:58,167 INFO  storage.RaftStorageDirectory (RaftStorageDirectory.java:tryLock(328)) - Lock on /workdir/hadoop-ozone/integration-test/target/test-dir/MiniOzoneClusterImpl-c80a598f-8f6f-4d48-9250-786b4a2a8869/datanode-2/data/ratis/399675b7-686a-4004-9e7d-dbd73fb1438b/in_use.lock acquired by nodename 4425@pr-hdds-1810-6qbbz-1568424974
2019-08-22 12:51:58,167 INFO  storage.RaftStorageDirectory (RaftStorageDirectory.java:tryLock(328)) - Lock on /workdir/hadoop-ozone/integration-test/target/test-dir/MiniOzoneClusterImpl-c80a598f-8f6f-4d48-9250-786b4a2a8869/datanode-4/data/ratis/399675b7-686a-4004-9e7d-dbd73fb1438b/in_use.lock acquired by nodename 4425@pr-hdds-1810-6qbbz-1568424974
2019-08-22 12:51:58,181 INFO  storage.RaftStorage (RaftStorage.java:format(72)) - Storage directory /workdir/hadoop-ozone/integration-test/target/test-dir/MiniOzoneClusterImpl-c80a598f-8f6f-4d48-9250-786b4a2a8869/datanode-4/data/ratis/399675b7-686a-4004-9e7d-dbd73fb1438b has been successfully formatted.
2019-08-22 12:51:58,181 INFO  storage.RaftStorage (RaftStorage.java:format(72)) - Storage directory /workdir/hadoop-ozone/integration-test/target/test-dir/MiniOzoneClusterImpl-c80a598f-8f6f-4d48-9250-786b4a2a8869/datanode-2/data/ratis/399675b7-686a-4004-9e7d-dbd73fb1438b has been successfully formatted.
2019-08-22 12:51:58,181 INFO  storage.RaftStorage (RaftStorage.java:format(72)) - Storage directory /workdir/hadoop-ozone/integration-test/target/test-dir/MiniOzoneClusterImpl-c80a598f-8f6f-4d48-9250-786b4a2a8869/datanode-5/data/ratis/399675b7-686a-4004-9e7d-dbd73fb1438b has been successfully formatted.
2019-08-22 12:51:58,182 INFO  ratis.ContainerStateMachine (ContainerStateMachine.java:loadSnapshot(222)) - group-DBD73FB1438B: The snapshot info is null. Setting the last applied indexto:(t:0, i:~)
2019-08-22 12:51:58,182 INFO  ratis.ContainerStateMachine (ContainerStateMachine.java:loadSnapshot(222)) - group-DBD73FB1438B: The snapshot info is null. Setting the last applied indexto:(t:0, i:~)
2019-08-22 12:51:58,187 INFO  server.RaftServerConfigKeys (ConfUtils.java:logGet(43)) - raft.server.leader.election.timeout = 120s (custom)
2019-08-22 12:51:58,186 INFO  ratis.ContainerStateMachine (ContainerStateMachine.java:loadSnapshot(222)) - group-DBD73FB1438B: The snapshot info is null. Setting the last applied indexto:(t:0, i:~)
2019-08-22 12:51:58,189 INFO  server.RaftServerConfigKeys (ConfUtils.java:logGet(43)) - raft.server.log.use.memory = false (default)
2019-08-22 12:51:58,189 INFO  server.RaftServerConfigKeys (ConfUtils.java:logGet(43)) - raft.server.leader.election.timeout = 120s (custom)
2019-08-22 12:51:58,189 INFO  server.RaftServerConfigKeys (ConfUtils.java:logGet(43)) - raft.server.log.purge.gap = 1000000000 (custom)
2019-08-22 12:51:58,189 INFO  server.RaftServerConfigKeys (ConfUtils.java:logGet(43)) - raft.server.leader.election.timeout = 120s (custom)
2019-08-22 12:51:58,189 INFO  server.RaftServerConfigKeys (ConfUtils.java:logGet(43)) - raft.server.log.appender.buffer.byte-limit = 33554432 (custom)
2019-08-22 12:51:58,189 INFO  server.RaftServerConfigKeys (ConfUtils.java:logGet(43)) - raft.server.log.use.memory = false (default)
2019-08-22 12:51:58,190 INFO  server.RaftServerConfigKeys (ConfUtils.java:logGet(43)) - raft.server.log.segment.size.max = 1048576 (custom)
2019-08-22 12:51:58,190 INFO  server.RaftServerConfigKeys (ConfUtils.java:logGet(43)) - raft.server.log.use.memory = false (default)
2019-08-22 12:51:58,190 INFO  server.RaftServerConfigKeys (ConfUtils.java:logGet(43)) - raft.server.log.segment.cache.num.max = 2 (custom)
2019-08-22 12:51:58,190 INFO  server.RaftServerConfigKeys (ConfUtils.java:logGet(43)) - raft.server.log.purge.gap = 1000000000 (custom)
2019-08-22 12:51:58,190 INFO  segmented.SegmentedRaftLogWorker (SegmentedRaftLogWorker.java:<init>(172)) - new 1fab250e-ca1c-4051-bcaf-1548020ee413-SegmentedRaftLogWorker:Storage Directory /workdir/hadoop-ozone/integration-test/target/test-dir/MiniOzoneClusterImpl-c80a598f-8f6f-4d48-9250-786b4a2a8869/datanode-4/data/ratis/399675b7-686a-4004-9e7d-dbd73fb1438b for RaftStorage:Storage Directory /workdir/hadoop-ozone/integration-test/target/test-dir/MiniOzoneClusterImpl-c80a598f-8f6f-4d48-9250-786b4a2a8869/datanode-4/data/ratis/399675b7-686a-4004-9e7d-dbd73fb1438b
2019-08-22 12:51:58,190 INFO  server.RaftServerConfigKeys (ConfUtils.java:logGet(43)) - raft.server.log.purge.gap = 1000000000 (custom)
2019-08-22 12:51:58,190 INFO  server.RaftServerConfigKeys (ConfUtils.java:logGet(43)) - raft.server.log.queue.byte-limit = 2147483647 (custom)
2019-08-22 12:51:58,190 INFO  server.RaftServerConfigKeys (ConfUtils.java:logGet(43)) - raft.server.log.appender.buffer.byte-limit = 33554432 (custom)
2019-08-22 12:51:58,192 INFO  server.RaftServerConfigKeys (ConfUtils.java:logGet(43)) - raft.server.log.queue.element-limit = 1024 (custom)
2019-08-22 12:51:58,191 INFO  server.RaftServerConfigKeys (ConfUtils.java:logGet(43)) - raft.server.log.appender.buffer.byte-limit = 33554432 (custom)
2019-08-22 12:51:58,192 INFO  server.RaftServerConfigKeys (ConfUtils.java:logGet(43)) - raft.server.log.segment.size.max = 1048576 (custom)
2019-08-22 12:51:58,192 INFO  server.RaftServerConfigKeys (ConfUtils.java:logGet(43)) - raft.server.log.segment.size.max = 1048576 (custom)
2019-08-22 12:51:58,193 INFO  server.RaftServerConfigKeys (ConfUtils.java:logGet(43)) - raft.server.log.preallocated.size = 16384 (custom)
2019-08-22 12:51:58,192 INFO  server.RaftServerConfigKeys (ConfUtils.java:logGet(43)) - raft.server.log.segment.size.max = 1048576 (custom)
2019-08-22 12:51:58,193 INFO  server.RaftServerConfigKeys (ConfUtils.java:logGet(43)) - raft.server.log.write.buffer.size = 33554432 (custom)
2019-08-22 12:51:58,193 INFO  server.RaftServerConfigKeys (ConfUtils.java:logGet(43)) - raft.server.log.segment.cache.num.max = 2 (custom)
2019-08-22 12:51:58,193 INFO  server.RaftServerConfigKeys (ConfUtils.java:logGet(43)) - raft.server.log.force.sync.num = 128 (default)
2019-08-22 12:51:58,193 INFO  server.RaftServerConfigKeys (ConfUtils.java:logGet(43)) - raft.server.log.segment.cache.num.max = 2 (custom)
2019-08-22 12:51:58,193 INFO  server.RaftServerConfigKeys (ConfUtils.java:logGet(43)) - raft.server.log.statemachine.data.sync = true (default)
2019-08-22 12:51:58,193 INFO  segmented.SegmentedRaftLogWorker (SegmentedRaftLogWorker.java:<init>(172)) - new c79a7c55-4353-496e-9501-fc92d36c4ca1-SegmentedRaftLogWorker:Storage Directory /workdir/hadoop-ozone/integration-test/target/test-dir/MiniOzoneClusterImpl-c80a598f-8f6f-4d48-9250-786b4a2a8869/datanode-2/data/ratis/399675b7-686a-4004-9e7d-dbd73fb1438b for RaftStorage:Storage Directory /workdir/hadoop-ozone/integration-test/target/test-dir/MiniOzoneClusterImpl-c80a598f-8f6f-4d48-9250-786b4a2a8869/datanode-2/data/ratis/399675b7-686a-4004-9e7d-dbd73fb1438b
2019-08-22 12:51:58,194 INFO  server.RaftServerConfigKeys (ConfUtils.java:logGet(43)) - raft.server.log.statemachine.data.sync.timeout = 10s (default)
2019-08-22 12:51:58,193 INFO  segmented.SegmentedRaftLogWorker (SegmentedRaftLogWorker.java:<init>(172)) - new 05decbf1-7e3e-44e8-b82a-076d31b784ff-SegmentedRaftLogWorker:Storage Directory /workdir/hadoop-ozone/integration-test/target/test-dir/MiniOzoneClusterImpl-c80a598f-8f6f-4d48-9250-786b4a2a8869/datanode-5/data/ratis/399675b7-686a-4004-9e7d-dbd73fb1438b for RaftStorage:Storage Directory /workdir/hadoop-ozone/integration-test/target/test-dir/MiniOzoneClusterImpl-c80a598f-8f6f-4d48-9250-786b4a2a8869/datanode-5/data/ratis/399675b7-686a-4004-9e7d-dbd73fb1438b
2019-08-22 12:51:58,194 INFO  server.RaftServerConfigKeys (ConfUtils.java:logGet(43)) - raft.server.log.statemachine.data.sync.timeout.retry = -1 (default)
2019-08-22 12:51:58,194 INFO  server.RaftServerConfigKeys (ConfUtils.java:logGet(43)) - raft.server.log.queue.byte-limit = 2147483647 (custom)
2019-08-22 12:51:58,197 INFO  server.RaftServerConfigKeys (ConfUtils.java:logGet(43)) - raft.server.log.statemachine.data.caching.enabled = true (custom)
2019-08-22 12:51:58,195 INFO  server.RaftServerConfigKeys (ConfUtils.java:logGet(43)) - raft.server.log.queue.byte-limit = 2147483647 (custom)
2019-08-22 12:51:58,197 INFO  server.RaftServerConfigKeys (ConfUtils.java:logGet(43)) - raft.server.log.queue.element-limit = 1024 (custom)
2019-08-22 12:51:58,197 INFO  segmented.SegmentedRaftLogWorker (SegmentedRaftLogWorker.java:lambda$new$0(132)) - 1fab250e-ca1c-4051-bcaf-1548020ee413-SegmentedRaftLogWorker:Storage Directory /workdir/hadoop-ozone/integration-test/target/test-dir/MiniOzoneClusterImpl-c80a598f-8f6f-4d48-9250-786b4a2a8869/datanode-4/data/ratis/399675b7-686a-4004-9e7d-dbd73fb1438b: flushIndex: setUnconditionally 0 -> -1
2019-08-22 12:51:58,197 INFO  server.RaftServerConfigKeys (ConfUtils.java:logGet(43)) - raft.server.log.queue.element-limit = 1024 (custom)
2019-08-22 12:51:58,197 INFO  server.RaftServerConfigKeys (ConfUtils.java:logGet(43)) - raft.server.log.segment.size.max = 1048576 (custom)
2019-08-22 12:51:58,197 INFO  server.RaftServerConfigKeys (ConfUtils.java:logGet(43)) - raft.server.log.segment.size.max = 1048576 (custom)
2019-08-22 12:51:58,197 INFO  server.RaftServerConfigKeys (ConfUtils.java:logGet(43)) - raft.server.snapshot.auto.trigger.enabled = true (custom)
2019-08-22 12:51:58,198 INFO  server.RaftServerConfigKeys (ConfUtils.java:logGet(43)) - raft.server.log.preallocated.size = 16384 (custom)
2019-08-22 12:51:58,197 INFO  server.RaftServerConfigKeys (ConfUtils.java:logGet(43)) - raft.server.log.preallocated.size = 16384 (custom)
2019-08-22 12:51:58,198 INFO  server.RaftServerConfigKeys (ConfUtils.java:logGet(43)) - raft.server.log.write.buffer.size = 33554432 (custom)
2019-08-22 12:51:58,198 INFO  server.RaftServerConfigKeys (ConfUtils.java:logGet(43)) - raft.server.snapshot.auto.trigger.threshold = 10000 (custom)
2019-08-22 12:51:58,198 INFO  server.RaftServerConfigKeys (ConfUtils.java:logGet(43)) - raft.server.log.force.sync.num = 128 (default)
2019-08-22 12:51:58,198 INFO  server.RaftServerConfigKeys (ConfUtils.java:logGet(43)) - raft.server.log.write.buffer.size = 33554432 (custom)
2019-08-22 12:51:58,198 INFO  server.RaftServerConfigKeys (ConfUtils.java:logGet(43)) - raft.server.retrycache.expirytime = 600000ms (custom)
2019-08-22 12:51:58,198 INFO  rpc.RpcClient (RpcClient.java:createVolume(288)) - Creating Volume: datanodefailurehandlingtest, with jenkins1000 as owner.
2019-08-22 12:51:58,198 INFO  server.RaftServerConfigKeys (ConfUtils.java:logGet(43)) - raft.server.log.statemachine.data.sync = true (default)
2019-08-22 12:51:58,199 INFO  impl.RaftServerImpl (RaftServerImpl.java:start(180)) - 1fab250e-ca1c-4051-bcaf-1548020ee413: start group-DBD73FB1438B
2019-08-22 12:51:58,198 INFO  server.RaftServerConfigKeys (ConfUtils.java:logGet(43)) - raft.server.log.force.sync.num = 128 (default)
2019-08-22 12:51:58,199 INFO  impl.RaftServerImpl (RaftServerImpl.java:setRole(171)) - 1fab250e-ca1c-4051-bcaf-1548020ee413:group-DBD73FB1438B changes role from null to FOLLOWER at term 0 for startAsFollower
2019-08-22 12:51:58,199 INFO  server.RaftServerConfigKeys (ConfUtils.java:logGet(43)) - raft.server.log.statemachine.data.sync.timeout = 10s (default)
2019-08-22 12:51:58,199 INFO  impl.RoleInfo (RoleInfo.java:updateAndGet(143)) - 1fab250e-ca1c-4051-bcaf-1548020ee413: start FollowerState
2019-08-22 12:51:58,199 INFO  server.RaftServerConfigKeys (ConfUtils.java:logGet(43)) - raft.server.log.statemachine.data.sync = true (default)
2019-08-22 12:51:58,199 INFO  server.RaftServerConfigKeys (ConfUtils.java:logGet(43)) - raft.server.log.statemachine.data.sync.timeout.retry = -1 (default)
2019-08-22 12:51:58,200 INFO  util.JmxRegister (JmxRegister.java:tryRegister(44)) - Successfully registered JMX Bean with object name Ratis:service=RaftServer,group=group-DBD73FB1438B,id=1fab250e-ca1c-4051-bcaf-1548020ee413
2019-08-22 12:51:58,200 INFO  server.RaftServerConfigKeys (ConfUtils.java:logGet(43)) - raft.server.log.statemachine.data.sync.timeout = 10s (default)
2019-08-22 12:51:58,200 INFO  server.RaftServerConfigKeys (ConfUtils.java:logGet(43)) - raft.server.log.statemachine.data.caching.enabled = true (custom)
2019-08-22 12:51:58,200 INFO  server.RaftServerConfigKeys (ConfUtils.java:logGet(43)) - raft.server.log.statemachine.data.sync.timeout.retry = -1 (default)
2019-08-22 12:51:58,200 INFO  server.RaftServerConfigKeys (ConfUtils.java:logGet(43)) - raft.server.log.statemachine.data.caching.enabled = true (custom)
2019-08-22 12:51:58,200 INFO  segmented.SegmentedRaftLogWorker (SegmentedRaftLogWorker.java:lambda$new$0(132)) - 05decbf1-7e3e-44e8-b82a-076d31b784ff-SegmentedRaftLogWorker:Storage Directory /workdir/hadoop-ozone/integration-test/target/test-dir/MiniOzoneClusterImpl-c80a598f-8f6f-4d48-9250-786b4a2a8869/datanode-5/data/ratis/399675b7-686a-4004-9e7d-dbd73fb1438b: flushIndex: setUnconditionally 0 -> -1
2019-08-22 12:51:58,200 INFO  segmented.SegmentedRaftLogWorker (SegmentedRaftLogWorker.java:lambda$new$0(132)) - c79a7c55-4353-496e-9501-fc92d36c4ca1-SegmentedRaftLogWorker:Storage Directory /workdir/hadoop-ozone/integration-test/target/test-dir/MiniOzoneClusterImpl-c80a598f-8f6f-4d48-9250-786b4a2a8869/datanode-2/data/ratis/399675b7-686a-4004-9e7d-dbd73fb1438b: flushIndex: setUnconditionally 0 -> -1
2019-08-22 12:51:58,202 INFO  server.RaftServerConfigKeys (ConfUtils.java:logGet(43)) - raft.server.snapshot.auto.trigger.enabled = true (custom)
2019-08-22 12:51:58,203 INFO  server.RaftServerConfigKeys (ConfUtils.java:logGet(43)) - raft.server.snapshot.auto.trigger.threshold = 10000 (custom)
2019-08-22 12:51:58,203 INFO  server.RaftServerConfigKeys (ConfUtils.java:logGet(43)) - raft.server.snapshot.auto.trigger.enabled = true (custom)
2019-08-22 12:51:58,203 INFO  server.RaftServerConfigKeys (ConfUtils.java:logGet(43)) - raft.server.snapshot.auto.trigger.threshold = 10000 (custom)
2019-08-22 12:51:58,203 INFO  server.RaftServerConfigKeys (ConfUtils.java:logGet(43)) - raft.server.retrycache.expirytime = 600000ms (custom)
2019-08-22 12:51:58,205 INFO  server.RaftServerConfigKeys (ConfUtils.java:logGet(43)) - raft.server.retrycache.expirytime = 600000ms (custom)
2019-08-22 12:51:58,205 INFO  impl.RaftServerImpl (RaftServerImpl.java:start(180)) - 05decbf1-7e3e-44e8-b82a-076d31b784ff: start group-DBD73FB1438B
2019-08-22 12:51:58,205 INFO  impl.RaftServerImpl (RaftServerImpl.java:start(180)) - c79a7c55-4353-496e-9501-fc92d36c4ca1: start group-DBD73FB1438B
2019-08-22 12:51:58,205 INFO  impl.RaftServerImpl (RaftServerImpl.java:setRole(171)) - 05decbf1-7e3e-44e8-b82a-076d31b784ff:group-DBD73FB1438B changes role from null to FOLLOWER at term 0 for startAsFollower
2019-08-22 12:51:58,205 INFO  impl.RaftServerImpl (RaftServerImpl.java:setRole(171)) - c79a7c55-4353-496e-9501-fc92d36c4ca1:group-DBD73FB1438B changes role from null to FOLLOWER at term 0 for startAsFollower
2019-08-22 12:51:58,206 INFO  impl.RoleInfo (RoleInfo.java:updateAndGet(143)) - 05decbf1-7e3e-44e8-b82a-076d31b784ff: start FollowerState
2019-08-22 12:51:58,206 INFO  impl.RoleInfo (RoleInfo.java:updateAndGet(143)) - c79a7c55-4353-496e-9501-fc92d36c4ca1: start FollowerState
2019-08-22 12:51:58,206 INFO  util.JmxRegister (JmxRegister.java:tryRegister(44)) - Successfully registered JMX Bean with object name Ratis:service=RaftServer,group=group-DBD73FB1438B,id=05decbf1-7e3e-44e8-b82a-076d31b784ff
2019-08-22 12:51:58,206 INFO  util.JmxRegister (JmxRegister.java:tryRegister(44)) - Successfully registered JMX Bean with object name Ratis:service=RaftServer,group=group-DBD73FB1438B,id=c79a7c55-4353-496e-9501-fc92d36c4ca1
2019-08-22 12:51:58,225 INFO  pipeline.PipelineStateManager (PipelineStateManager.java:addPipeline(56)) - Created pipeline Pipeline[ Id: 399675b7-686a-4004-9e7d-dbd73fb1438b, Nodes: 1fab250e-ca1c-4051-bcaf-1548020ee413{ip: 192.168.69.91, host: pr-hdds-1810-6qbbz-1568424974, networkLocation: /default-rack, certSerialId: null}05decbf1-7e3e-44e8-b82a-076d31b784ff{ip: 192.168.69.91, host: pr-hdds-1810-6qbbz-1568424974, networkLocation: /default-rack, certSerialId: null}c79a7c55-4353-496e-9501-fc92d36c4ca1{ip: 192.168.69.91, host: pr-hdds-1810-6qbbz-1568424974, networkLocation: /default-rack, certSerialId: null}, Type:RATIS, Factor:THREE, State:OPEN]
2019-08-22 12:51:58,251 INFO  impl.RaftServerProxy (RaftServerProxy.java:addNew(89)) - e2b4be82-fcb0-476d-a266-5024df523634: addNew group-553496B3409C:[3611c539-4bdb-4962-9d2c-1c402a4287c2:192.168.69.91:37389, e2b4be82-fcb0-476d-a266-5024df523634:192.168.69.91:36025, 983d7030-2962-4884-8a8c-f3923c526d48:192.168.69.91:45446] returns group-553496B3409C:java.util.concurrent.CompletableFuture@41c0e62f[Not completed]
2019-08-22 12:51:58,251 INFO  impl.RaftServerProxy (RaftServerProxy.java:addNew(89)) - 3611c539-4bdb-4962-9d2c-1c402a4287c2: addNew group-553496B3409C:[3611c539-4bdb-4962-9d2c-1c402a4287c2:192.168.69.91:37389, e2b4be82-fcb0-476d-a266-5024df523634:192.168.69.91:36025, 983d7030-2962-4884-8a8c-f3923c526d48:192.168.69.91:45446] returns group-553496B3409C:java.util.concurrent.CompletableFuture@41a0d655[Not completed]
2019-08-22 12:51:58,253 INFO  impl.RaftServerProxy (RaftServerProxy.java:addNew(89)) - 983d7030-2962-4884-8a8c-f3923c526d48: addNew group-553496B3409C:[3611c539-4bdb-4962-9d2c-1c402a4287c2:192.168.69.91:37389, e2b4be82-fcb0-476d-a266-5024df523634:192.168.69.91:36025, 983d7030-2962-4884-8a8c-f3923c526d48:192.168.69.91:45446] returns group-553496B3409C:java.util.concurrent.CompletableFuture@106b6a1a[Not completed]
2019-08-22 12:51:58,253 INFO  impl.RaftServerImpl (RaftServerImpl.java:<init>(93)) - 3611c539-4bdb-4962-9d2c-1c402a4287c2: new RaftServerImpl for group-553496B3409C:[3611c539-4bdb-4962-9d2c-1c402a4287c2:192.168.69.91:37389, e2b4be82-fcb0-476d-a266-5024df523634:192.168.69.91:36025, 983d7030-2962-4884-8a8c-f3923c526d48:192.168.69.91:45446] with ContainerStateMachine:uninitialized
2019-08-22 12:51:58,254 INFO  server.RaftServerConfigKeys (ConfUtils.java:logGet(43)) - raft.server.rpc.timeout.min = 5s (custom)
2019-08-22 12:51:58,254 INFO  server.RaftServerConfigKeys (ConfUtils.java:logGet(43)) - raft.server.rpc.timeout.max = 5200ms (custom)
2019-08-22 12:51:58,254 INFO  server.RaftServerConfigKeys (ConfUtils.java:logGet(43)) - raft.server.rpcslowness.timeout = 120s (custom)
2019-08-22 12:51:58,254 INFO  server.RaftServerConfigKeys (ConfUtils.java:logGet(43)) - raft.server.sleep.deviation.threshold = 300 (default)
2019-08-22 12:51:58,254 INFO  server.RaftServerConfigKeys (ConfUtils.java:logGet(43)) - raft.server.log.appender.install.snapshot.enabled = false (custom)
2019-08-22 12:51:58,254 INFO  impl.RaftServerImpl (RaftServerImpl.java:<init>(93)) - 983d7030-2962-4884-8a8c-f3923c526d48: new RaftServerImpl for group-553496B3409C:[3611c539-4bdb-4962-9d2c-1c402a4287c2:192.168.69.91:37389, e2b4be82-fcb0-476d-a266-5024df523634:192.168.69.91:36025, 983d7030-2962-4884-8a8c-f3923c526d48:192.168.69.91:45446] with ContainerStateMachine:uninitialized
2019-08-22 12:51:58,254 INFO  impl.RaftServerImpl (ServerState.java:<init>(105)) - 3611c539-4bdb-4962-9d2c-1c402a4287c2:group-553496B3409C ConfigurationManager, init=-1: [3611c539-4bdb-4962-9d2c-1c402a4287c2:192.168.69.91:37389, e2b4be82-fcb0-476d-a266-5024df523634:192.168.69.91:36025, 983d7030-2962-4884-8a8c-f3923c526d48:192.168.69.91:45446], old=null, confs=<EMPTY_MAP>
2019-08-22 12:51:58,254 INFO  server.RaftServerConfigKeys (ConfUtils.java:logGet(43)) - raft.server.rpc.timeout.min = 5s (custom)
2019-08-22 12:51:58,254 INFO  server.RaftServerConfigKeys (ConfUtils.java:logGet(43)) - raft.server.storage.dir = [/workdir/hadoop-ozone/integration-test/target/test-dir/MiniOzoneClusterImpl-c80a598f-8f6f-4d48-9250-786b4a2a8869/datanode-3/data/ratis] (custom)
2019-08-22 12:51:58,254 INFO  server.RaftServerConfigKeys (ConfUtils.java:logGet(43)) - raft.server.rpc.timeout.max = 5200ms (custom)
2019-08-22 12:51:58,254 INFO  server.RaftServerConfigKeys (ConfUtils.java:logGet(43)) - raft.server.rpcslowness.timeout = 120s (custom)
2019-08-22 12:51:58,255 INFO  server.RaftServerConfigKeys (ConfUtils.java:logGet(43)) - raft.server.sleep.deviation.threshold = 300 (default)
2019-08-22 12:51:58,255 INFO  impl.RaftServerImpl (RaftServerImpl.java:<init>(93)) - e2b4be82-fcb0-476d-a266-5024df523634: new RaftServerImpl for group-553496B3409C:[3611c539-4bdb-4962-9d2c-1c402a4287c2:192.168.69.91:37389, e2b4be82-fcb0-476d-a266-5024df523634:192.168.69.91:36025, 983d7030-2962-4884-8a8c-f3923c526d48:192.168.69.91:45446] with ContainerStateMachine:uninitialized
2019-08-22 12:51:58,255 INFO  storage.RaftStorageDirectory (RaftStorageDirectory.java:analyzeStorage(246)) - The storage directory /workdir/hadoop-ozone/integration-test/target/test-dir/MiniOzoneClusterImpl-c80a598f-8f6f-4d48-9250-786b4a2a8869/datanode-3/data/ratis/4f471bc3-086f-4fc2-bbe7-553496b3409c does not exist. Creating ...
2019-08-22 12:51:58,256 INFO  server.RaftServerConfigKeys (ConfUtils.java:logGet(43)) - raft.server.rpc.timeout.min = 5s (custom)
2019-08-22 12:51:58,255 INFO  server.RaftServerConfigKeys (ConfUtils.java:logGet(43)) - raft.server.log.appender.install.snapshot.enabled = false (custom)
2019-08-22 12:51:58,256 INFO  server.RaftServerConfigKeys (ConfUtils.java:logGet(43)) - raft.server.rpc.timeout.max = 5200ms (custom)
2019-08-22 12:51:58,256 INFO  impl.RaftServerImpl (ServerState.java:<init>(105)) - 983d7030-2962-4884-8a8c-f3923c526d48:group-553496B3409C ConfigurationManager, init=-1: [3611c539-4bdb-4962-9d2c-1c402a4287c2:192.168.69.91:37389, e2b4be82-fcb0-476d-a266-5024df523634:192.168.69.91:36025, 983d7030-2962-4884-8a8c-f3923c526d48:192.168.69.91:45446], old=null, confs=<EMPTY_MAP>
2019-08-22 12:51:58,256 INFO  server.RaftServerConfigKeys (ConfUtils.java:logGet(43)) - raft.server.rpcslowness.timeout = 120s (custom)
2019-08-22 12:51:58,256 INFO  server.RaftServerConfigKeys (ConfUtils.java:logGet(43)) - raft.server.storage.dir = [/workdir/hadoop-ozone/integration-test/target/test-dir/MiniOzoneClusterImpl-c80a598f-8f6f-4d48-9250-786b4a2a8869/datanode-0/data/ratis] (custom)
2019-08-22 12:51:58,256 INFO  server.RaftServerConfigKeys (ConfUtils.java:logGet(43)) - raft.server.sleep.deviation.threshold = 300 (default)
2019-08-22 12:51:58,257 INFO  server.RaftServerConfigKeys (ConfUtils.java:logGet(43)) - raft.server.log.appender.install.snapshot.enabled = false (custom)
2019-08-22 12:51:58,257 INFO  storage.RaftStorageDirectory (RaftStorageDirectory.java:analyzeStorage(246)) - The storage directory /workdir/hadoop-ozone/integration-test/target/test-dir/MiniOzoneClusterImpl-c80a598f-8f6f-4d48-9250-786b4a2a8869/datanode-0/data/ratis/4f471bc3-086f-4fc2-bbe7-553496b3409c does not exist. Creating ...
2019-08-22 12:51:58,257 INFO  impl.RaftServerImpl (ServerState.java:<init>(105)) - e2b4be82-fcb0-476d-a266-5024df523634:group-553496B3409C ConfigurationManager, init=-1: [3611c539-4bdb-4962-9d2c-1c402a4287c2:192.168.69.91:37389, e2b4be82-fcb0-476d-a266-5024df523634:192.168.69.91:36025, 983d7030-2962-4884-8a8c-f3923c526d48:192.168.69.91:45446], old=null, confs=<EMPTY_MAP>
2019-08-22 12:51:58,257 INFO  server.RaftServerConfigKeys (ConfUtils.java:logGet(43)) - raft.server.storage.dir = [/workdir/hadoop-ozone/integration-test/target/test-dir/MiniOzoneClusterImpl-c80a598f-8f6f-4d48-9250-786b4a2a8869/datanode-1/data/ratis] (custom)
2019-08-22 12:51:58,257 INFO  storage.RaftStorageDirectory (RaftStorageDirectory.java:analyzeStorage(246)) - The storage directory /workdir/hadoop-ozone/integration-test/target/test-dir/MiniOzoneClusterImpl-c80a598f-8f6f-4d48-9250-786b4a2a8869/datanode-1/data/ratis/4f471bc3-086f-4fc2-bbe7-553496b3409c does not exist. Creating ...
2019-08-22 12:51:58,269 INFO  rpc.RpcClient (RpcClient.java:createBucket(425)) - Creating Bucket: datanodefailurehandlingtest/datanodefailurehandlingtest, with Versioning false and Storage Type set to DISK and Encryption set to false 
2019-08-22 12:51:58,270 INFO  storage.RaftStorageDirectory (RaftStorageDirectory.java:tryLock(328)) - Lock on /workdir/hadoop-ozone/integration-test/target/test-dir/MiniOzoneClusterImpl-c80a598f-8f6f-4d48-9250-786b4a2a8869/datanode-0/data/ratis/4f471bc3-086f-4fc2-bbe7-553496b3409c/in_use.lock acquired by nodename 4425@pr-hdds-1810-6qbbz-1568424974
2019-08-22 12:51:58,270 INFO  storage.RaftStorageDirectory (RaftStorageDirectory.java:tryLock(328)) - Lock on /workdir/hadoop-ozone/integration-test/target/test-dir/MiniOzoneClusterImpl-c80a598f-8f6f-4d48-9250-786b4a2a8869/datanode-1/data/ratis/4f471bc3-086f-4fc2-bbe7-553496b3409c/in_use.lock acquired by nodename 4425@pr-hdds-1810-6qbbz-1568424974
2019-08-22 12:51:58,270 INFO  storage.RaftStorageDirectory (RaftStorageDirectory.java:tryLock(328)) - Lock on /workdir/hadoop-ozone/integration-test/target/test-dir/MiniOzoneClusterImpl-c80a598f-8f6f-4d48-9250-786b4a2a8869/datanode-3/data/ratis/4f471bc3-086f-4fc2-bbe7-553496b3409c/in_use.lock acquired by nodename 4425@pr-hdds-1810-6qbbz-1568424974
2019-08-22 12:51:58,284 INFO  storage.RaftStorage (RaftStorage.java:format(72)) - Storage directory /workdir/hadoop-ozone/integration-test/target/test-dir/MiniOzoneClusterImpl-c80a598f-8f6f-4d48-9250-786b4a2a8869/datanode-0/data/ratis/4f471bc3-086f-4fc2-bbe7-553496b3409c has been successfully formatted.
2019-08-22 12:51:58,284 INFO  storage.RaftStorage (RaftStorage.java:format(72)) - Storage directory /workdir/hadoop-ozone/integration-test/target/test-dir/MiniOzoneClusterImpl-c80a598f-8f6f-4d48-9250-786b4a2a8869/datanode-1/data/ratis/4f471bc3-086f-4fc2-bbe7-553496b3409c has been successfully formatted.
2019-08-22 12:51:58,284 INFO  storage.RaftStorage (RaftStorage.java:format(72)) - Storage directory /workdir/hadoop-ozone/integration-test/target/test-dir/MiniOzoneClusterImpl-c80a598f-8f6f-4d48-9250-786b4a2a8869/datanode-3/data/ratis/4f471bc3-086f-4fc2-bbe7-553496b3409c has been successfully formatted.
2019-08-22 12:51:58,284 INFO  ratis.ContainerStateMachine (ContainerStateMachine.java:loadSnapshot(222)) - group-553496B3409C: The snapshot info is null. Setting the last applied indexto:(t:0, i:~)
2019-08-22 12:51:58,284 INFO  ratis.ContainerStateMachine (ContainerStateMachine.java:loadSnapshot(222)) - group-553496B3409C: The snapshot info is null. Setting the last applied indexto:(t:0, i:~)
2019-08-22 12:51:58,284 INFO  server.RaftServerConfigKeys (ConfUtils.java:logGet(43)) - raft.server.leader.election.timeout = 120s (custom)
2019-08-22 12:51:58,284 INFO  ratis.ContainerStateMachine (ContainerStateMachine.java:loadSnapshot(222)) - group-553496B3409C: The snapshot info is null. Setting the last applied indexto:(t:0, i:~)
2019-08-22 12:51:58,284 INFO  server.RaftServerConfigKeys (ConfUtils.java:logGet(43)) - raft.server.log.use.memory = false (default)
2019-08-22 12:51:58,284 INFO  server.RaftServerConfigKeys (ConfUtils.java:logGet(43)) - raft.server.leader.election.timeout = 120s (custom)
2019-08-22 12:51:58,284 INFO  server.RaftServerConfigKeys (ConfUtils.java:logGet(43)) - raft.server.log.purge.gap = 1000000000 (custom)
2019-08-22 12:51:58,284 INFO  server.RaftServerConfigKeys (ConfUtils.java:logGet(43)) - raft.server.leader.election.timeout = 120s (custom)
2019-08-22 12:51:58,285 INFO  server.RaftServerConfigKeys (ConfUtils.java:logGet(43)) - raft.server.log.appender.buffer.byte-limit = 33554432 (custom)
2019-08-22 12:51:58,285 INFO  server.RaftServerConfigKeys (ConfUtils.java:logGet(43)) - raft.server.log.use.memory = false (default)
2019-08-22 12:51:58,285 INFO  server.RaftServerConfigKeys (ConfUtils.java:logGet(43)) - raft.server.log.segment.size.max = 1048576 (custom)
2019-08-22 12:51:58,285 INFO  server.RaftServerConfigKeys (ConfUtils.java:logGet(43)) - raft.server.log.use.memory = false (default)
2019-08-22 12:51:58,285 INFO  server.RaftServerConfigKeys (ConfUtils.java:logGet(43)) - raft.server.log.segment.cache.num.max = 2 (custom)
2019-08-22 12:51:58,285 INFO  server.RaftServerConfigKeys (ConfUtils.java:logGet(43)) - raft.server.log.purge.gap = 1000000000 (custom)
2019-08-22 12:51:58,285 INFO  segmented.SegmentedRaftLogWorker (SegmentedRaftLogWorker.java:<init>(172)) - new 983d7030-2962-4884-8a8c-f3923c526d48-SegmentedRaftLogWorker:Storage Directory /workdir/hadoop-ozone/integration-test/target/test-dir/MiniOzoneClusterImpl-c80a598f-8f6f-4d48-9250-786b4a2a8869/datanode-0/data/ratis/4f471bc3-086f-4fc2-bbe7-553496b3409c for RaftStorage:Storage Directory /workdir/hadoop-ozone/integration-test/target/test-dir/MiniOzoneClusterImpl-c80a598f-8f6f-4d48-9250-786b4a2a8869/datanode-0/data/ratis/4f471bc3-086f-4fc2-bbe7-553496b3409c
2019-08-22 12:51:58,285 INFO  server.RaftServerConfigKeys (ConfUtils.java:logGet(43)) - raft.server.log.purge.gap = 1000000000 (custom)
2019-08-22 12:51:58,285 INFO  server.RaftServerConfigKeys (ConfUtils.java:logGet(43)) - raft.server.log.queue.byte-limit = 2147483647 (custom)
2019-08-22 12:51:58,285 INFO  server.RaftServerConfigKeys (ConfUtils.java:logGet(43)) - raft.server.log.appender.buffer.byte-limit = 33554432 (custom)
2019-08-22 12:51:58,287 INFO  server.RaftServerConfigKeys (ConfUtils.java:logGet(43)) - raft.server.log.queue.element-limit = 1024 (custom)
2019-08-22 12:51:58,285 INFO  server.RaftServerConfigKeys (ConfUtils.java:logGet(43)) - raft.server.log.appender.buffer.byte-limit = 33554432 (custom)
2019-08-22 12:51:58,288 INFO  server.RaftServerConfigKeys (ConfUtils.java:logGet(43)) - raft.server.log.segment.size.max = 1048576 (custom)
2019-08-22 12:51:58,288 INFO  server.RaftServerConfigKeys (ConfUtils.java:logGet(43)) - raft.server.log.segment.size.max = 1048576 (custom)
2019-08-22 12:51:58,288 INFO  server.RaftServerConfigKeys (ConfUtils.java:logGet(43)) - raft.server.log.preallocated.size = 16384 (custom)
2019-08-22 12:51:58,288 INFO  server.RaftServerConfigKeys (ConfUtils.java:logGet(43)) - raft.server.log.segment.size.max = 1048576 (custom)
2019-08-22 12:51:58,288 INFO  server.RaftServerConfigKeys (ConfUtils.java:logGet(43)) - raft.server.log.write.buffer.size = 33554432 (custom)
2019-08-22 12:51:58,288 INFO  server.RaftServerConfigKeys (ConfUtils.java:logGet(43)) - raft.server.log.segment.cache.num.max = 2 (custom)
2019-08-22 12:51:58,288 INFO  server.RaftServerConfigKeys (ConfUtils.java:logGet(43)) - raft.server.log.force.sync.num = 128 (default)
2019-08-22 12:51:58,288 INFO  server.RaftServerConfigKeys (ConfUtils.java:logGet(43)) - raft.server.log.segment.cache.num.max = 2 (custom)
2019-08-22 12:51:58,288 INFO  server.RaftServerConfigKeys (ConfUtils.java:logGet(43)) - raft.server.log.statemachine.data.sync = true (default)
2019-08-22 12:51:58,288 INFO  segmented.SegmentedRaftLogWorker (SegmentedRaftLogWorker.java:<init>(172)) - new e2b4be82-fcb0-476d-a266-5024df523634-SegmentedRaftLogWorker:Storage Directory /workdir/hadoop-ozone/integration-test/target/test-dir/MiniOzoneClusterImpl-c80a598f-8f6f-4d48-9250-786b4a2a8869/datanode-1/data/ratis/4f471bc3-086f-4fc2-bbe7-553496b3409c for RaftStorage:Storage Directory /workdir/hadoop-ozone/integration-test/target/test-dir/MiniOzoneClusterImpl-c80a598f-8f6f-4d48-9250-786b4a2a8869/datanode-1/data/ratis/4f471bc3-086f-4fc2-bbe7-553496b3409c
2019-08-22 12:51:58,289 INFO  server.RaftServerConfigKeys (ConfUtils.java:logGet(43)) - raft.server.log.statemachine.data.sync.timeout = 10s (default)
2019-08-22 12:51:58,288 INFO  segmented.SegmentedRaftLogWorker (SegmentedRaftLogWorker.java:<init>(172)) - new 3611c539-4bdb-4962-9d2c-1c402a4287c2-SegmentedRaftLogWorker:Storage Directory /workdir/hadoop-ozone/integration-test/target/test-dir/MiniOzoneClusterImpl-c80a598f-8f6f-4d48-9250-786b4a2a8869/datanode-3/data/ratis/4f471bc3-086f-4fc2-bbe7-553496b3409c for RaftStorage:Storage Directory /workdir/hadoop-ozone/integration-test/target/test-dir/MiniOzoneClusterImpl-c80a598f-8f6f-4d48-9250-786b4a2a8869/datanode-3/data/ratis/4f471bc3-086f-4fc2-bbe7-553496b3409c
2019-08-22 12:51:58,289 INFO  server.RaftServerConfigKeys (ConfUtils.java:logGet(43)) - raft.server.log.statemachine.data.sync.timeout.retry = -1 (default)
2019-08-22 12:51:58,289 INFO  server.RaftServerConfigKeys (ConfUtils.java:logGet(43)) - raft.server.log.queue.byte-limit = 2147483647 (custom)
2019-08-22 12:51:58,292 INFO  server.RaftServerConfigKeys (ConfUtils.java:logGet(43)) - raft.server.log.statemachine.data.caching.enabled = true (custom)
2019-08-22 12:51:58,290 INFO  server.RaftServerConfigKeys (ConfUtils.java:logGet(43)) - raft.server.log.queue.byte-limit = 2147483647 (custom)
2019-08-22 12:51:58,292 INFO  server.RaftServerConfigKeys (ConfUtils.java:logGet(43)) - raft.server.log.queue.element-limit = 1024 (custom)
2019-08-22 12:51:58,292 INFO  segmented.SegmentedRaftLogWorker (SegmentedRaftLogWorker.java:lambda$new$0(132)) - 983d7030-2962-4884-8a8c-f3923c526d48-SegmentedRaftLogWorker:Storage Directory /workdir/hadoop-ozone/integration-test/target/test-dir/MiniOzoneClusterImpl-c80a598f-8f6f-4d48-9250-786b4a2a8869/datanode-0/data/ratis/4f471bc3-086f-4fc2-bbe7-553496b3409c: flushIndex: setUnconditionally 0 -> -1
2019-08-22 12:51:58,292 INFO  server.RaftServerConfigKeys (ConfUtils.java:logGet(43)) - raft.server.log.queue.element-limit = 1024 (custom)
2019-08-22 12:51:58,292 INFO  server.RaftServerConfigKeys (ConfUtils.java:logGet(43)) - raft.server.log.segment.size.max = 1048576 (custom)
2019-08-22 12:51:58,293 INFO  server.RaftServerConfigKeys (ConfUtils.java:logGet(43)) - raft.server.log.segment.size.max = 1048576 (custom)
2019-08-22 12:51:58,293 INFO  server.RaftServerConfigKeys (ConfUtils.java:logGet(43)) - raft.server.snapshot.auto.trigger.enabled = true (custom)
2019-08-22 12:51:58,293 INFO  server.RaftServerConfigKeys (ConfUtils.java:logGet(43)) - raft.server.log.preallocated.size = 16384 (custom)
2019-08-22 12:51:58,293 INFO  server.RaftServerConfigKeys (ConfUtils.java:logGet(43)) - raft.server.log.preallocated.size = 16384 (custom)
2019-08-22 12:51:58,293 INFO  server.RaftServerConfigKeys (ConfUtils.java:logGet(43)) - raft.server.log.write.buffer.size = 33554432 (custom)
2019-08-22 12:51:58,293 INFO  server.RaftServerConfigKeys (ConfUtils.java:logGet(43)) - raft.server.snapshot.auto.trigger.threshold = 10000 (custom)
2019-08-22 12:51:58,293 INFO  server.RaftServerConfigKeys (ConfUtils.java:logGet(43)) - raft.server.log.force.sync.num = 128 (default)
2019-08-22 12:51:58,293 INFO  server.RaftServerConfigKeys (ConfUtils.java:logGet(43)) - raft.server.log.write.buffer.size = 33554432 (custom)
2019-08-22 12:51:58,294 INFO  server.RaftServerConfigKeys (ConfUtils.java:logGet(43)) - raft.server.log.statemachine.data.sync = true (default)
2019-08-22 12:51:58,294 INFO  server.RaftServerConfigKeys (ConfUtils.java:logGet(43)) - raft.server.retrycache.expirytime = 600000ms (custom)
2019-08-22 12:51:58,294 INFO  server.RaftServerConfigKeys (ConfUtils.java:logGet(43)) - raft.server.log.statemachine.data.sync.timeout = 10s (default)
2019-08-22 12:51:58,294 INFO  server.RaftServerConfigKeys (ConfUtils.java:logGet(43)) - raft.server.log.force.sync.num = 128 (default)
2019-08-22 12:51:58,294 INFO  server.RaftServerConfigKeys (ConfUtils.java:logGet(43)) - raft.server.log.statemachine.data.sync.timeout.retry = -1 (default)
2019-08-22 12:51:58,294 INFO  impl.RaftServerImpl (RaftServerImpl.java:start(180)) - 983d7030-2962-4884-8a8c-f3923c526d48: start group-553496B3409C
2019-08-22 12:51:58,294 INFO  server.RaftServerConfigKeys (ConfUtils.java:logGet(43)) - raft.server.log.statemachine.data.caching.enabled = true (custom)
2019-08-22 12:51:58,294 INFO  impl.RaftServerImpl (RaftServerImpl.java:setRole(171)) - 983d7030-2962-4884-8a8c-f3923c526d48:group-553496B3409C changes role from null to FOLLOWER at term 0 for startAsFollower
2019-08-22 12:51:58,294 INFO  server.RaftServerConfigKeys (ConfUtils.java:logGet(43)) - raft.server.log.statemachine.data.sync = true (default)
2019-08-22 12:51:58,295 INFO  segmented.SegmentedRaftLogWorker (SegmentedRaftLogWorker.java:lambda$new$0(132)) - 3611c539-4bdb-4962-9d2c-1c402a4287c2-SegmentedRaftLogWorker:Storage Directory /workdir/hadoop-ozone/integration-test/target/test-dir/MiniOzoneClusterImpl-c80a598f-8f6f-4d48-9250-786b4a2a8869/datanode-3/data/ratis/4f471bc3-086f-4fc2-bbe7-553496b3409c: flushIndex: setUnconditionally 0 -> -1
2019-08-22 12:51:58,295 INFO  impl.RoleInfo (RoleInfo.java:updateAndGet(143)) - 983d7030-2962-4884-8a8c-f3923c526d48: start FollowerState
2019-08-22 12:51:58,295 INFO  server.RaftServerConfigKeys (ConfUtils.java:logGet(43)) - raft.server.log.statemachine.data.sync.timeout = 10s (default)
2019-08-22 12:51:58,295 INFO  server.RaftServerConfigKeys (ConfUtils.java:logGet(43)) - raft.server.snapshot.auto.trigger.enabled = true (custom)
2019-08-22 12:51:58,295 INFO  server.RaftServerConfigKeys (ConfUtils.java:logGet(43)) - raft.server.log.statemachine.data.sync.timeout.retry = -1 (default)
2019-08-22 12:51:58,295 INFO  util.JmxRegister (JmxRegister.java:tryRegister(44)) - Successfully registered JMX Bean with object name Ratis:service=RaftServer,group=group-553496B3409C,id=983d7030-2962-4884-8a8c-f3923c526d48
2019-08-22 12:51:58,295 INFO  server.RaftServerConfigKeys (ConfUtils.java:logGet(43)) - raft.server.snapshot.auto.trigger.threshold = 10000 (custom)
2019-08-22 12:51:58,296 INFO  server.RaftServerConfigKeys (ConfUtils.java:logGet(43)) - raft.server.log.statemachine.data.caching.enabled = true (custom)
2019-08-22 12:51:58,296 INFO  server.RaftServerConfigKeys (ConfUtils.java:logGet(43)) - raft.server.retrycache.expirytime = 600000ms (custom)
2019-08-22 12:51:58,296 INFO  impl.RaftServerImpl (RaftServerImpl.java:start(180)) - 3611c539-4bdb-4962-9d2c-1c402a4287c2: start group-553496B3409C
2019-08-22 12:51:58,296 INFO  segmented.SegmentedRaftLogWorker (SegmentedRaftLogWorker.java:lambda$new$0(132)) - e2b4be82-fcb0-476d-a266-5024df523634-SegmentedRaftLogWorker:Storage Directory /workdir/hadoop-ozone/integration-test/target/test-dir/MiniOzoneClusterImpl-c80a598f-8f6f-4d48-9250-786b4a2a8869/datanode-1/data/ratis/4f471bc3-086f-4fc2-bbe7-553496b3409c: flushIndex: setUnconditionally 0 -> -1
2019-08-22 12:51:58,296 INFO  impl.RaftServerImpl (RaftServerImpl.java:setRole(171)) - 3611c539-4bdb-4962-9d2c-1c402a4287c2:group-553496B3409C changes role from null to FOLLOWER at term 0 for startAsFollower
2019-08-22 12:51:58,296 INFO  impl.RoleInfo (RoleInfo.java:updateAndGet(143)) - 3611c539-4bdb-4962-9d2c-1c402a4287c2: start FollowerState
2019-08-22 12:51:58,296 INFO  server.RaftServerConfigKeys (ConfUtils.java:logGet(43)) - raft.server.snapshot.auto.trigger.enabled = true (custom)
2019-08-22 12:51:58,297 INFO  server.RaftServerConfigKeys (ConfUtils.java:logGet(43)) - raft.server.snapshot.auto.trigger.threshold = 10000 (custom)
2019-08-22 12:51:58,297 INFO  util.JmxRegister (JmxRegister.java:tryRegister(44)) - Successfully registered JMX Bean with object name Ratis:service=RaftServer,group=group-553496B3409C,id=3611c539-4bdb-4962-9d2c-1c402a4287c2
2019-08-22 12:51:58,297 INFO  server.RaftServerConfigKeys (ConfUtils.java:logGet(43)) - raft.server.retrycache.expirytime = 600000ms (custom)
2019-08-22 12:51:58,297 INFO  impl.RaftServerImpl (RaftServerImpl.java:start(180)) - e2b4be82-fcb0-476d-a266-5024df523634: start group-553496B3409C
2019-08-22 12:51:58,297 INFO  impl.RaftServerImpl (RaftServerImpl.java:setRole(171)) - e2b4be82-fcb0-476d-a266-5024df523634:group-553496B3409C changes role from null to FOLLOWER at term 0 for startAsFollower
2019-08-22 12:51:58,297 INFO  impl.RoleInfo (RoleInfo.java:updateAndGet(143)) - e2b4be82-fcb0-476d-a266-5024df523634: start FollowerState
2019-08-22 12:51:58,299 INFO  util.JmxRegister (JmxRegister.java:tryRegister(44)) - Successfully registered JMX Bean with object name Ratis:service=RaftServer,group=group-553496B3409C,id=e2b4be82-fcb0-476d-a266-5024df523634
2019-08-22 12:51:58,314 INFO  pipeline.PipelineStateManager (PipelineStateManager.java:addPipeline(56)) - Created pipeline Pipeline[ Id: 4f471bc3-086f-4fc2-bbe7-553496b3409c, Nodes: 3611c539-4bdb-4962-9d2c-1c402a4287c2{ip: 192.168.69.91, host: pr-hdds-1810-6qbbz-1568424974, networkLocation: /default-rack, certSerialId: null}983d7030-2962-4884-8a8c-f3923c526d48{ip: 192.168.69.91, host: pr-hdds-1810-6qbbz-1568424974, networkLocation: /default-rack, certSerialId: null}e2b4be82-fcb0-476d-a266-5024df523634{ip: 192.168.69.91, host: pr-hdds-1810-6qbbz-1568424974, networkLocation: /default-rack, certSerialId: null}, Type:RATIS, Factor:THREE, State:OPEN]
2019-08-22 12:51:58,490 INFO  impl.MetricsSystemImpl (MetricsSystemImpl.java:init(158)) - XceiverClientMetrics metrics system started (again)
2019-08-22 12:51:58,622 INFO  client.GrpcClientProtocolClient (GrpcClientProtocolClient.java:onNext(255)) - client-B708C80078D4->3611c539-4bdb-4962-9d2c-1c402a4287c2: receive RaftClientReply:client-B708C80078D4->3611c539-4bdb-4962-9d2c-1c402a4287c2@group-553496B3409C, cid=12, FAILED org.apache.ratis.protocol.NotLeaderException: Server 3611c539-4bdb-4962-9d2c-1c402a4287c2 is not the leader (null). Request must be sent to leader., logIndex=0, commits[3611c539-4bdb-4962-9d2c-1c402a4287c2:c-1]
2019-08-22 12:51:59,680 INFO  client.GrpcClientProtocolClient (GrpcClientProtocolClient.java:onNext(255)) - client-B708C80078D4->e2b4be82-fcb0-476d-a266-5024df523634: receive RaftClientReply:client-B708C80078D4->e2b4be82-fcb0-476d-a266-5024df523634@group-553496B3409C, cid=12, FAILED org.apache.ratis.protocol.NotLeaderException: Server e2b4be82-fcb0-476d-a266-5024df523634 is not the leader (null). Request must be sent to leader., logIndex=0, commits[e2b4be82-fcb0-476d-a266-5024df523634:c-1]
2019-08-22 12:51:59,724 INFO  container.ReplicationManager (ReplicationManager.java:start(155)) - Starting Replication Monitor Thread.
2019-08-22 12:51:59,728 INFO  container.ReplicationManager (ReplicationManager.java:run(207)) - Replication Monitor Thread took 3 milliseconds for processing 1 containers.
2019-08-22 12:52:00,711 INFO  client.GrpcClientProtocolClient (GrpcClientProtocolClient.java:onNext(255)) - client-B708C80078D4->983d7030-2962-4884-8a8c-f3923c526d48: receive RaftClientReply:client-B708C80078D4->983d7030-2962-4884-8a8c-f3923c526d48@group-553496B3409C, cid=12, FAILED org.apache.ratis.protocol.NotLeaderException: Server 983d7030-2962-4884-8a8c-f3923c526d48 is not the leader (null). Request must be sent to leader., logIndex=0, commits[983d7030-2962-4884-8a8c-f3923c526d48:c-1]
2019-08-22 12:52:01,738 INFO  client.GrpcClientProtocolClient (GrpcClientProtocolClient.java:onNext(255)) - client-B708C80078D4->e2b4be82-fcb0-476d-a266-5024df523634: receive RaftClientReply:client-B708C80078D4->e2b4be82-fcb0-476d-a266-5024df523634@group-553496B3409C, cid=12, FAILED org.apache.ratis.protocol.NotLeaderException: Server e2b4be82-fcb0-476d-a266-5024df523634 is not the leader (null). Request must be sent to leader., logIndex=0, commits[e2b4be82-fcb0-476d-a266-5024df523634:c-1]
2019-08-22 12:52:02,738 INFO  impl.FollowerState (FollowerState.java:run(106)) - 983d7030-2962-4884-8a8c-f3923c526d48:group-82760E04537E changes to CANDIDATE, lastRpcTime:5096, electionTimeout:5096ms
2019-08-22 12:52:02,738 INFO  impl.RoleInfo (RoleInfo.java:shutdownFollowerState(121)) - 983d7030-2962-4884-8a8c-f3923c526d48: shutdown FollowerState
2019-08-22 12:52:02,739 INFO  impl.RaftServerImpl (RaftServerImpl.java:setRole(171)) - 983d7030-2962-4884-8a8c-f3923c526d48:group-82760E04537E changes role from FOLLOWER to CANDIDATE at term 0 for changeToCandidate
2019-08-22 12:52:02,745 INFO  impl.RoleInfo (RoleInfo.java:updateAndGet(143)) - 983d7030-2962-4884-8a8c-f3923c526d48: start LeaderElection
2019-08-22 12:52:02,770 INFO  client.GrpcClientProtocolClient (GrpcClientProtocolClient.java:onNext(255)) - client-B708C80078D4->3611c539-4bdb-4962-9d2c-1c402a4287c2: receive RaftClientReply:client-B708C80078D4->3611c539-4bdb-4962-9d2c-1c402a4287c2@group-553496B3409C, cid=12, FAILED org.apache.ratis.protocol.NotLeaderException: Server 3611c539-4bdb-4962-9d2c-1c402a4287c2 is not the leader (null). Request must be sent to leader., logIndex=0, commits[3611c539-4bdb-4962-9d2c-1c402a4287c2:c-1]
2019-08-22 12:52:02,786 WARN  io.KeyOutputStream (KeyOutputStream.java:handleException(276)) - Encountered exception java.io.IOException: Unexpected Storage Container Exception: java.util.concurrent.CompletionException: java.util.concurrent.CompletionException: org.apache.ratis.protocol.RaftRetryFailureException: Failed RaftClientRequest:client-B708C80078D4->3611c539-4bdb-4962-9d2c-1c402a4287c2@group-553496B3409C, cid=12, seq=1*, RW, org.apache.hadoop.hdds.scm.XceiverClientRatis$$Lambda$316/962784388@61e377ff for 5 attempts with RetryLimited(maxAttempts=5, sleepTime=1000ms) on the pipeline Pipeline[ Id: 4f471bc3-086f-4fc2-bbe7-553496b3409c, Nodes: 3611c539-4bdb-4962-9d2c-1c402a4287c2{ip: 192.168.69.91, host: pr-hdds-1810-6qbbz-1568424974, networkLocation: /default-rack, certSerialId: null}983d7030-2962-4884-8a8c-f3923c526d48{ip: 192.168.69.91, host: pr-hdds-1810-6qbbz-1568424974, networkLocation: /default-rack, certSerialId: null}e2b4be82-fcb0-476d-a266-5024df523634{ip: 192.168.69.91, host: pr-hdds-1810-6qbbz-1568424974, networkLocation: /default-rack, certSerialId: null}, Type:RATIS, Factor:THREE, State:OPEN]. The last committed block length is 0, uncommitted data length is 2097152 retry count 0
2019-08-22 12:52:02,805 INFO  impl.LeaderElection (LeaderElection.java:askForVotes(181)) - 983d7030-2962-4884-8a8c-f3923c526d48:group-82760E04537E:LeaderElection1: begin an election at term 1 for -1: [983d7030-2962-4884-8a8c-f3923c526d48:192.168.69.91:45446], old=null
2019-08-22 12:52:02,807 INFO  impl.RoleInfo (RoleInfo.java:shutdownLeaderElection(134)) - 983d7030-2962-4884-8a8c-f3923c526d48: shutdown LeaderElection
2019-08-22 12:52:02,808 INFO  impl.RaftServerImpl (RaftServerImpl.java:setRole(171)) - 983d7030-2962-4884-8a8c-f3923c526d48:group-82760E04537E changes role from CANDIDATE to LEADER at term 1 for changeToLeader
2019-08-22 12:52:02,808 INFO  impl.RaftServerImpl (ServerState.java:setLeader(263)) - 983d7030-2962-4884-8a8c-f3923c526d48:group-82760E04537E change Leader from null to 983d7030-2962-4884-8a8c-f3923c526d48 at term 1 for becomeLeader, leader elected after 5240ms
2019-08-22 12:52:02,809 INFO  impl.FollowerState (FollowerState.java:run(106)) - 1fab250e-ca1c-4051-bcaf-1548020ee413:group-34B24B873A02 changes to CANDIDATE, lastRpcTime:5019, electionTimeout:5018ms
2019-08-22 12:52:02,812 INFO  impl.RoleInfo (RoleInfo.java:shutdownFollowerState(121)) - 1fab250e-ca1c-4051-bcaf-1548020ee413: shutdown FollowerState
2019-08-22 12:52:02,813 INFO  impl.RaftServerImpl (RaftServerImpl.java:setRole(171)) - 1fab250e-ca1c-4051-bcaf-1548020ee413:group-34B24B873A02 changes role from FOLLOWER to CANDIDATE at term 0 for changeToCandidate
2019-08-22 12:52:02,813 INFO  impl.RoleInfo (RoleInfo.java:updateAndGet(143)) - 1fab250e-ca1c-4051-bcaf-1548020ee413: start LeaderElection
2019-08-22 12:52:02,821 INFO  server.RaftServerConfigKeys (ConfUtils.java:logGet(43)) - raft.server.staging.catchup.gap = 1000 (default)
2019-08-22 12:52:02,821 INFO  server.RaftServerConfigKeys (ConfUtils.java:logGet(43)) - raft.server.rpc.sleep.time = 25ms (default)
2019-08-22 12:52:02,824 INFO  impl.LeaderElection (LeaderElection.java:askForVotes(181)) - 1fab250e-ca1c-4051-bcaf-1548020ee413:group-34B24B873A02:LeaderElection2: begin an election at term 1 for -1: [1fab250e-ca1c-4051-bcaf-1548020ee413:192.168.69.91:32889], old=null
2019-08-22 12:52:02,825 INFO  impl.RoleInfo (RoleInfo.java:shutdownLeaderElection(134)) - 1fab250e-ca1c-4051-bcaf-1548020ee413: shutdown LeaderElection
2019-08-22 12:52:02,825 INFO  impl.RaftServerImpl (RaftServerImpl.java:setRole(171)) - 1fab250e-ca1c-4051-bcaf-1548020ee413:group-34B24B873A02 changes role from CANDIDATE to LEADER at term 1 for changeToLeader
2019-08-22 12:52:02,825 INFO  impl.RaftServerImpl (ServerState.java:setLeader(263)) - 1fab250e-ca1c-4051-bcaf-1548020ee413:group-34B24B873A02 change Leader from null to 1fab250e-ca1c-4051-bcaf-1548020ee413 at term 1 for becomeLeader, leader elected after 5040ms
2019-08-22 12:52:02,825 INFO  server.RaftServerConfigKeys (ConfUtils.java:logGet(43)) - raft.server.write.element-limit = 4096 (default)
2019-08-22 12:52:02,826 INFO  server.RaftServerConfigKeys (ConfUtils.java:logGet(43)) - raft.server.staging.catchup.gap = 1000 (default)
2019-08-22 12:52:02,827 INFO  server.RaftServerConfigKeys (ConfUtils.java:logGet(43)) - raft.server.rpc.sleep.time = 25ms (default)
2019-08-22 12:52:02,827 INFO  server.RaftServerConfigKeys (ConfUtils.java:logGet(43)) - raft.server.write.element-limit = 4096 (default)
2019-08-22 12:52:02,829 INFO  server.RaftServerConfigKeys (ConfUtils.java:logGet(43)) - raft.server.watch.timeout = 10s (default)
2019-08-22 12:52:02,829 INFO  server.RaftServerConfigKeys (ConfUtils.java:logGet(43)) - raft.server.watch.timeout = 10s (default)
2019-08-22 12:52:02,829 INFO  server.RaftServerConfigKeys (ConfUtils.java:logGet(43)) - raft.server.watch.timeout.denomination = 1s (default)
2019-08-22 12:52:02,829 INFO  server.RaftServerConfigKeys (ConfUtils.java:logGet(43)) - raft.server.watch.timeout.denomination = 1s (default)
2019-08-22 12:52:02,830 INFO  server.RaftServerConfigKeys (ConfUtils.java:logGet(43)) - raft.server.watch.element-limit = 65536 (default)
2019-08-22 12:52:02,830 INFO  server.RaftServerConfigKeys (ConfUtils.java:logGet(43)) - raft.server.watch.element-limit = 65536 (default)
2019-08-22 12:52:02,845 INFO  impl.RoleInfo (RoleInfo.java:updateAndGet(143)) - 1fab250e-ca1c-4051-bcaf-1548020ee413: start LeaderState
2019-08-22 12:52:02,845 INFO  impl.RoleInfo (RoleInfo.java:updateAndGet(143)) - 983d7030-2962-4884-8a8c-f3923c526d48: start LeaderState
2019-08-22 12:52:02,861 INFO  client.GrpcClientProtocolClient (GrpcClientProtocolClient.java:onNext(255)) - client-877147FAD5E9->1fab250e-ca1c-4051-bcaf-1548020ee413: receive RaftClientReply:client-877147FAD5E9->1fab250e-ca1c-4051-bcaf-1548020ee413@group-DBD73FB1438B, cid=16, FAILED org.apache.ratis.protocol.NotLeaderException: Server 1fab250e-ca1c-4051-bcaf-1548020ee413 is not the leader (null). Request must be sent to leader., logIndex=0, commits[1fab250e-ca1c-4051-bcaf-1548020ee413:c-1]
2019-08-22 12:52:02,890 INFO  segmented.SegmentedRaftLogWorker (SegmentedRaftLogWorker.java:startLogSegment(380)) - 1fab250e-ca1c-4051-bcaf-1548020ee413-SegmentedRaftLogWorker:Storage Directory /workdir/hadoop-ozone/integration-test/target/test-dir/MiniOzoneClusterImpl-c80a598f-8f6f-4d48-9250-786b4a2a8869/datanode-4/data/ratis/98f346a1-79b4-4a69-8f78-34b24b873a02: Starting segment from index:0
2019-08-22 12:52:02,890 INFO  segmented.SegmentedRaftLogWorker (SegmentedRaftLogWorker.java:startLogSegment(380)) - 983d7030-2962-4884-8a8c-f3923c526d48-SegmentedRaftLogWorker:Storage Directory /workdir/hadoop-ozone/integration-test/target/test-dir/MiniOzoneClusterImpl-c80a598f-8f6f-4d48-9250-786b4a2a8869/datanode-0/data/ratis/8d222478-0805-42c5-9425-82760e04537e: Starting segment from index:0
2019-08-22 12:52:02,899 INFO  impl.RaftServerImpl (ServerState.java:setRaftConf(361)) - 1fab250e-ca1c-4051-bcaf-1548020ee413:group-34B24B873A02 set configuration 0: [1fab250e-ca1c-4051-bcaf-1548020ee413:192.168.69.91:32889], old=null at 0
2019-08-22 12:52:02,899 INFO  impl.RaftServerImpl (ServerState.java:setRaftConf(361)) - 983d7030-2962-4884-8a8c-f3923c526d48:group-82760E04537E set configuration 0: [983d7030-2962-4884-8a8c-f3923c526d48:192.168.69.91:45446], old=null at 0
2019-08-22 12:52:03,024 INFO  impl.FollowerState (FollowerState.java:run(106)) - 05decbf1-7e3e-44e8-b82a-076d31b784ff:group-E37C5CE7573C changes to CANDIDATE, lastRpcTime:5132, electionTimeout:5132ms
2019-08-22 12:52:03,024 INFO  impl.RoleInfo (RoleInfo.java:shutdownFollowerState(121)) - 05decbf1-7e3e-44e8-b82a-076d31b784ff: shutdown FollowerState
2019-08-22 12:52:03,024 INFO  impl.RaftServerImpl (RaftServerImpl.java:setRole(171)) - 05decbf1-7e3e-44e8-b82a-076d31b784ff:group-E37C5CE7573C changes role from FOLLOWER to CANDIDATE at term 0 for changeToCandidate
2019-08-22 12:52:03,024 INFO  impl.RoleInfo (RoleInfo.java:updateAndGet(143)) - 05decbf1-7e3e-44e8-b82a-076d31b784ff: start LeaderElection
2019-08-22 12:52:03,058 INFO  impl.FollowerState (FollowerState.java:run(106)) - c79a7c55-4353-496e-9501-fc92d36c4ca1:group-9A73A22DBDD6 changes to CANDIDATE, lastRpcTime:5095, electionTimeout:5095ms
2019-08-22 12:52:03,058 INFO  impl.FollowerState (FollowerState.java:run(106)) - 3611c539-4bdb-4962-9d2c-1c402a4287c2:group-338BAA38266A changes to CANDIDATE, lastRpcTime:5033, electionTimeout:5031ms
2019-08-22 12:52:03,062 INFO  impl.RoleInfo (RoleInfo.java:shutdownFollowerState(121)) - c79a7c55-4353-496e-9501-fc92d36c4ca1: shutdown FollowerState
2019-08-22 12:52:03,062 INFO  impl.RoleInfo (RoleInfo.java:shutdownFollowerState(121)) - 3611c539-4bdb-4962-9d2c-1c402a4287c2: shutdown FollowerState
2019-08-22 12:52:03,062 INFO  impl.RaftServerImpl (RaftServerImpl.java:setRole(171)) - c79a7c55-4353-496e-9501-fc92d36c4ca1:group-9A73A22DBDD6 changes role from FOLLOWER to CANDIDATE at term 0 for changeToCandidate
2019-08-22 12:52:03,062 INFO  impl.RaftServerImpl (RaftServerImpl.java:setRole(171)) - 3611c539-4bdb-4962-9d2c-1c402a4287c2:group-338BAA38266A changes role from FOLLOWER to CANDIDATE at term 0 for changeToCandidate
2019-08-22 12:52:03,062 INFO  impl.RoleInfo (RoleInfo.java:updateAndGet(143)) - c79a7c55-4353-496e-9501-fc92d36c4ca1: start LeaderElection
2019-08-22 12:52:03,062 INFO  impl.RoleInfo (RoleInfo.java:updateAndGet(143)) - 3611c539-4bdb-4962-9d2c-1c402a4287c2: start LeaderElection
2019-08-22 12:52:03,076 INFO  segmented.SegmentedRaftLogWorker (SegmentedRaftLogWorker.java:execute(569)) - 983d7030-2962-4884-8a8c-f3923c526d48-SegmentedRaftLogWorker:Storage Directory /workdir/hadoop-ozone/integration-test/target/test-dir/MiniOzoneClusterImpl-c80a598f-8f6f-4d48-9250-786b4a2a8869/datanode-0/data/ratis/8d222478-0805-42c5-9425-82760e04537e: created new log segment /workdir/hadoop-ozone/integration-test/target/test-dir/MiniOzoneClusterImpl-c80a598f-8f6f-4d48-9250-786b4a2a8869/datanode-0/data/ratis/8d222478-0805-42c5-9425-82760e04537e/current/log_inprogress_0
2019-08-22 12:52:03,076 INFO  impl.LeaderElection (LeaderElection.java:askForVotes(181)) - 05decbf1-7e3e-44e8-b82a-076d31b784ff:group-E37C5CE7573C:LeaderElection3: begin an election at term 1 for -1: [05decbf1-7e3e-44e8-b82a-076d31b784ff:192.168.69.91:37749], old=null
2019-08-22 12:52:03,076 INFO  impl.LeaderElection (LeaderElection.java:askForVotes(181)) - 3611c539-4bdb-4962-9d2c-1c402a4287c2:group-338BAA38266A:LeaderElection5: begin an election at term 1 for -1: [3611c539-4bdb-4962-9d2c-1c402a4287c2:192.168.69.91:37389], old=null
2019-08-22 12:52:03,076 INFO  impl.LeaderElection (LeaderElection.java:askForVotes(181)) - c79a7c55-4353-496e-9501-fc92d36c4ca1:group-9A73A22DBDD6:LeaderElection4: begin an election at term 1 for -1: [c79a7c55-4353-496e-9501-fc92d36c4ca1:192.168.69.91:38115], old=null
2019-08-22 12:52:03,077 INFO  impl.RoleInfo (RoleInfo.java:shutdownLeaderElection(134)) - 3611c539-4bdb-4962-9d2c-1c402a4287c2: shutdown LeaderElection
2019-08-22 12:52:03,076 INFO  segmented.SegmentedRaftLogWorker (SegmentedRaftLogWorker.java:execute(569)) - 1fab250e-ca1c-4051-bcaf-1548020ee413-SegmentedRaftLogWorker:Storage Directory /workdir/hadoop-ozone/integration-test/target/test-dir/MiniOzoneClusterImpl-c80a598f-8f6f-4d48-9250-786b4a2a8869/datanode-4/data/ratis/98f346a1-79b4-4a69-8f78-34b24b873a02: created new log segment /workdir/hadoop-ozone/integration-test/target/test-dir/MiniOzoneClusterImpl-c80a598f-8f6f-4d48-9250-786b4a2a8869/datanode-4/data/ratis/98f346a1-79b4-4a69-8f78-34b24b873a02/current/log_inprogress_0
2019-08-22 12:52:03,078 INFO  impl.RaftServerImpl (RaftServerImpl.java:setRole(171)) - 3611c539-4bdb-4962-9d2c-1c402a4287c2:group-338BAA38266A changes role from CANDIDATE to LEADER at term 1 for changeToLeader
2019-08-22 12:52:03,078 INFO  impl.RoleInfo (RoleInfo.java:shutdownLeaderElection(134)) - c79a7c55-4353-496e-9501-fc92d36c4ca1: shutdown LeaderElection
2019-08-22 12:52:03,079 INFO  impl.RaftServerImpl (RaftServerImpl.java:setRole(171)) - c79a7c55-4353-496e-9501-fc92d36c4ca1:group-9A73A22DBDD6 changes role from CANDIDATE to LEADER at term 1 for changeToLeader
2019-08-22 12:52:03,077 INFO  impl.RoleInfo (RoleInfo.java:shutdownLeaderElection(134)) - 05decbf1-7e3e-44e8-b82a-076d31b784ff: shutdown LeaderElection
2019-08-22 12:52:03,079 INFO  impl.RaftServerImpl (ServerState.java:setLeader(263)) - 3611c539-4bdb-4962-9d2c-1c402a4287c2:group-338BAA38266A change Leader from null to 3611c539-4bdb-4962-9d2c-1c402a4287c2 at term 1 for becomeLeader, leader elected after 5056ms
2019-08-22 12:52:03,079 INFO  impl.RaftServerImpl (ServerState.java:setLeader(263)) - c79a7c55-4353-496e-9501-fc92d36c4ca1:group-9A73A22DBDD6 change Leader from null to c79a7c55-4353-496e-9501-fc92d36c4ca1 at term 1 for becomeLeader, leader elected after 5123ms
2019-08-22 12:52:03,080 INFO  impl.RaftServerImpl (RaftServerImpl.java:setRole(171)) - 05decbf1-7e3e-44e8-b82a-076d31b784ff:group-E37C5CE7573C changes role from CANDIDATE to LEADER at term 1 for changeToLeader
2019-08-22 12:52:03,084 INFO  server.RaftServerConfigKeys (ConfUtils.java:logGet(43)) - raft.server.staging.catchup.gap = 1000 (default)
2019-08-22 12:52:03,084 INFO  server.RaftServerConfigKeys (ConfUtils.java:logGet(43)) - raft.server.staging.catchup.gap = 1000 (default)
2019-08-22 12:52:03,084 INFO  server.RaftServerConfigKeys (ConfUtils.java:logGet(43)) - raft.server.rpc.sleep.time = 25ms (default)
2019-08-22 12:52:03,084 INFO  impl.RaftServerImpl (ServerState.java:setLeader(263)) - 05decbf1-7e3e-44e8-b82a-076d31b784ff:group-E37C5CE7573C change Leader from null to 05decbf1-7e3e-44e8-b82a-076d31b784ff at term 1 for becomeLeader, leader elected after 5196ms
2019-08-22 12:52:03,084 INFO  server.RaftServerConfigKeys (ConfUtils.java:logGet(43)) - raft.server.write.element-limit = 4096 (default)
2019-08-22 12:52:03,084 INFO  server.RaftServerConfigKeys (ConfUtils.java:logGet(43)) - raft.server.rpc.sleep.time = 25ms (default)
2019-08-22 12:52:03,086 INFO  server.RaftServerConfigKeys (ConfUtils.java:logGet(43)) - raft.server.watch.timeout = 10s (default)
2019-08-22 12:52:03,086 INFO  server.RaftServerConfigKeys (ConfUtils.java:logGet(43)) - raft.server.write.element-limit = 4096 (default)
2019-08-22 12:52:03,086 INFO  server.RaftServerConfigKeys (ConfUtils.java:logGet(43)) - raft.server.staging.catchup.gap = 1000 (default)
2019-08-22 12:52:03,087 INFO  server.RaftServerConfigKeys (ConfUtils.java:logGet(43)) - raft.server.watch.timeout = 10s (default)
2019-08-22 12:52:03,086 INFO  server.RaftServerConfigKeys (ConfUtils.java:logGet(43)) - raft.server.watch.timeout.denomination = 1s (default)
2019-08-22 12:52:03,087 INFO  server.RaftServerConfigKeys (ConfUtils.java:logGet(43)) - raft.server.watch.timeout.denomination = 1s (default)
2019-08-22 12:52:03,087 INFO  server.RaftServerConfigKeys (ConfUtils.java:logGet(43)) - raft.server.rpc.sleep.time = 25ms (default)
2019-08-22 12:52:03,087 INFO  server.RaftServerConfigKeys (ConfUtils.java:logGet(43)) - raft.server.watch.element-limit = 65536 (default)
2019-08-22 12:52:03,087 INFO  server.RaftServerConfigKeys (ConfUtils.java:logGet(43)) - raft.server.watch.element-limit = 65536 (default)
2019-08-22 12:52:03,087 INFO  server.RaftServerConfigKeys (ConfUtils.java:logGet(43)) - raft.server.write.element-limit = 4096 (default)
2019-08-22 12:52:03,087 INFO  impl.RoleInfo (RoleInfo.java:updateAndGet(143)) - c79a7c55-4353-496e-9501-fc92d36c4ca1: start LeaderState
2019-08-22 12:52:03,087 INFO  server.RaftServerConfigKeys (ConfUtils.java:logGet(43)) - raft.server.watch.timeout = 10s (default)
2019-08-22 12:52:03,087 INFO  impl.RoleInfo (RoleInfo.java:updateAndGet(143)) - 3611c539-4bdb-4962-9d2c-1c402a4287c2: start LeaderState
2019-08-22 12:52:03,088 INFO  segmented.SegmentedRaftLogWorker (SegmentedRaftLogWorker.java:startLogSegment(380)) - c79a7c55-4353-496e-9501-fc92d36c4ca1-SegmentedRaftLogWorker:Storage Directory /workdir/hadoop-ozone/integration-test/target/test-dir/MiniOzoneClusterImpl-c80a598f-8f6f-4d48-9250-786b4a2a8869/datanode-2/data/ratis/9087c696-bc3c-4d7e-a19f-9a73a22dbdd6: Starting segment from index:0
2019-08-22 12:52:03,088 INFO  server.RaftServerConfigKeys (ConfUtils.java:logGet(43)) - raft.server.watch.timeout.denomination = 1s (default)
2019-08-22 12:52:03,088 INFO  segmented.SegmentedRaftLogWorker (SegmentedRaftLogWorker.java:startLogSegment(380)) - 3611c539-4bdb-4962-9d2c-1c402a4287c2-SegmentedRaftLogWorker:Storage Directory /workdir/hadoop-ozone/integration-test/target/test-dir/MiniOzoneClusterImpl-c80a598f-8f6f-4d48-9250-786b4a2a8869/datanode-3/data/ratis/ad1e40b7-5f8f-4a36-aa82-338baa38266a: Starting segment from index:0
2019-08-22 12:52:03,088 INFO  server.RaftServerConfigKeys (ConfUtils.java:logGet(43)) - raft.server.watch.element-limit = 65536 (default)
2019-08-22 12:52:03,088 INFO  impl.RaftServerImpl (ServerState.java:setRaftConf(361)) - c79a7c55-4353-496e-9501-fc92d36c4ca1:group-9A73A22DBDD6 set configuration 0: [c79a7c55-4353-496e-9501-fc92d36c4ca1:192.168.69.91:38115], old=null at 0
2019-08-22 12:52:03,119 INFO  impl.RoleInfo (RoleInfo.java:updateAndGet(143)) - 05decbf1-7e3e-44e8-b82a-076d31b784ff: start LeaderState
2019-08-22 12:52:03,119 INFO  impl.RaftServerImpl (ServerState.java:setRaftConf(361)) - 3611c539-4bdb-4962-9d2c-1c402a4287c2:group-338BAA38266A set configuration 0: [3611c539-4bdb-4962-9d2c-1c402a4287c2:192.168.69.91:37389], old=null at 0
2019-08-22 12:52:03,119 INFO  segmented.SegmentedRaftLogWorker (SegmentedRaftLogWorker.java:startLogSegment(380)) - 05decbf1-7e3e-44e8-b82a-076d31b784ff-SegmentedRaftLogWorker:Storage Directory /workdir/hadoop-ozone/integration-test/target/test-dir/MiniOzoneClusterImpl-c80a598f-8f6f-4d48-9250-786b4a2a8869/datanode-5/data/ratis/83ecf711-c869-4b4d-ac6c-e37c5ce7573c: Starting segment from index:0
2019-08-22 12:52:03,155 INFO  segmented.SegmentedRaftLogWorker (SegmentedRaftLogWorker.java:execute(569)) - c79a7c55-4353-496e-9501-fc92d36c4ca1-SegmentedRaftLogWorker:Storage Directory /workdir/hadoop-ozone/integration-test/target/test-dir/MiniOzoneClusterImpl-c80a598f-8f6f-4d48-9250-786b4a2a8869/datanode-2/data/ratis/9087c696-bc3c-4d7e-a19f-9a73a22dbdd6: created new log segment /workdir/hadoop-ozone/integration-test/target/test-dir/MiniOzoneClusterImpl-c80a598f-8f6f-4d48-9250-786b4a2a8869/datanode-2/data/ratis/9087c696-bc3c-4d7e-a19f-9a73a22dbdd6/current/log_inprogress_0
2019-08-22 12:52:03,156 INFO  impl.RaftServerImpl (ServerState.java:setRaftConf(361)) - 05decbf1-7e3e-44e8-b82a-076d31b784ff:group-E37C5CE7573C set configuration 0: [05decbf1-7e3e-44e8-b82a-076d31b784ff:192.168.69.91:37749], old=null at 0
2019-08-22 12:52:03,182 INFO  segmented.SegmentedRaftLogWorker (SegmentedRaftLogWorker.java:execute(569)) - 3611c539-4bdb-4962-9d2c-1c402a4287c2-SegmentedRaftLogWorker:Storage Directory /workdir/hadoop-ozone/integration-test/target/test-dir/MiniOzoneClusterImpl-c80a598f-8f6f-4d48-9250-786b4a2a8869/datanode-3/data/ratis/ad1e40b7-5f8f-4a36-aa82-338baa38266a: created new log segment /workdir/hadoop-ozone/integration-test/target/test-dir/MiniOzoneClusterImpl-c80a598f-8f6f-4d48-9250-786b4a2a8869/datanode-3/data/ratis/ad1e40b7-5f8f-4a36-aa82-338baa38266a/current/log_inprogress_0
2019-08-22 12:52:03,190 INFO  impl.FollowerState (FollowerState.java:run(106)) - e2b4be82-fcb0-476d-a266-5024df523634:group-85860444BFE1 changes to CANDIDATE, lastRpcTime:5083, electionTimeout:5083ms
2019-08-22 12:52:03,190 INFO  impl.RoleInfo (RoleInfo.java:shutdownFollowerState(121)) - e2b4be82-fcb0-476d-a266-5024df523634: shutdown FollowerState
2019-08-22 12:52:03,190 INFO  impl.RaftServerImpl (RaftServerImpl.java:setRole(171)) - e2b4be82-fcb0-476d-a266-5024df523634:group-85860444BFE1 changes role from FOLLOWER to CANDIDATE at term 0 for changeToCandidate
2019-08-22 12:52:03,191 INFO  impl.RoleInfo (RoleInfo.java:updateAndGet(143)) - e2b4be82-fcb0-476d-a266-5024df523634: start LeaderElection
2019-08-22 12:52:03,194 INFO  segmented.SegmentedRaftLogWorker (SegmentedRaftLogWorker.java:execute(569)) - 05decbf1-7e3e-44e8-b82a-076d31b784ff-SegmentedRaftLogWorker:Storage Directory /workdir/hadoop-ozone/integration-test/target/test-dir/MiniOzoneClusterImpl-c80a598f-8f6f-4d48-9250-786b4a2a8869/datanode-5/data/ratis/83ecf711-c869-4b4d-ac6c-e37c5ce7573c: created new log segment /workdir/hadoop-ozone/integration-test/target/test-dir/MiniOzoneClusterImpl-c80a598f-8f6f-4d48-9250-786b4a2a8869/datanode-5/data/ratis/83ecf711-c869-4b4d-ac6c-e37c5ce7573c/current/log_inprogress_0
2019-08-22 12:52:03,205 INFO  impl.FollowerState (FollowerState.java:run(106)) - 1fab250e-ca1c-4051-bcaf-1548020ee413:group-DBD73FB1438B changes to CANDIDATE, lastRpcTime:5005, electionTimeout:5005ms
2019-08-22 12:52:03,205 INFO  impl.RoleInfo (RoleInfo.java:shutdownFollowerState(121)) - 1fab250e-ca1c-4051-bcaf-1548020ee413: shutdown FollowerState
2019-08-22 12:52:03,205 INFO  impl.RaftServerImpl (RaftServerImpl.java:setRole(171)) - 1fab250e-ca1c-4051-bcaf-1548020ee413:group-DBD73FB1438B changes role from FOLLOWER to CANDIDATE at term 0 for changeToCandidate
2019-08-22 12:52:03,205 INFO  impl.RoleInfo (RoleInfo.java:updateAndGet(143)) - 1fab250e-ca1c-4051-bcaf-1548020ee413: start LeaderElection
2019-08-22 12:52:03,209 INFO  impl.LeaderElection (LeaderElection.java:askForVotes(181)) - e2b4be82-fcb0-476d-a266-5024df523634:group-85860444BFE1:LeaderElection6: begin an election at term 1 for -1: [e2b4be82-fcb0-476d-a266-5024df523634:192.168.69.91:36025], old=null
2019-08-22 12:52:03,214 INFO  impl.LeaderElection (LeaderElection.java:askForVotes(181)) - 1fab250e-ca1c-4051-bcaf-1548020ee413:group-DBD73FB1438B:LeaderElection7: begin an election at term 1 for -1: [1fab250e-ca1c-4051-bcaf-1548020ee413:192.168.69.91:32889, 05decbf1-7e3e-44e8-b82a-076d31b784ff:192.168.69.91:37749, c79a7c55-4353-496e-9501-fc92d36c4ca1:192.168.69.91:38115], old=null
2019-08-22 12:52:03,215 INFO  impl.RoleInfo (RoleInfo.java:shutdownLeaderElection(134)) - e2b4be82-fcb0-476d-a266-5024df523634: shutdown LeaderElection
2019-08-22 12:52:03,215 INFO  impl.RaftServerImpl (RaftServerImpl.java:setRole(171)) - e2b4be82-fcb0-476d-a266-5024df523634:group-85860444BFE1 changes role from CANDIDATE to LEADER at term 1 for changeToLeader
2019-08-22 12:52:03,215 INFO  impl.RaftServerImpl (ServerState.java:setLeader(263)) - e2b4be82-fcb0-476d-a266-5024df523634:group-85860444BFE1 change Leader from null to e2b4be82-fcb0-476d-a266-5024df523634 at term 1 for becomeLeader, leader elected after 5113ms
2019-08-22 12:52:03,217 INFO  server.RaftServerConfigKeys (ConfUtils.java:logGet(43)) - raft.server.staging.catchup.gap = 1000 (default)
2019-08-22 12:52:03,217 INFO  server.RaftServerConfigKeys (ConfUtils.java:logGet(43)) - raft.server.rpc.sleep.time = 25ms (default)
2019-08-22 12:52:03,217 INFO  server.RaftServerConfigKeys (ConfUtils.java:logGet(43)) - raft.server.write.element-limit = 4096 (default)
2019-08-22 12:52:03,217 INFO  server.RaftServerConfigKeys (ConfUtils.java:logGet(43)) - raft.server.watch.timeout = 10s (default)
2019-08-22 12:52:03,217 INFO  server.RaftServerConfigKeys (ConfUtils.java:logGet(43)) - raft.server.watch.timeout.denomination = 1s (default)
2019-08-22 12:52:03,217 INFO  server.RaftServerConfigKeys (ConfUtils.java:logGet(43)) - raft.server.watch.element-limit = 65536 (default)
2019-08-22 12:52:03,218 INFO  impl.RoleInfo (RoleInfo.java:updateAndGet(143)) - e2b4be82-fcb0-476d-a266-5024df523634: start LeaderState
2019-08-22 12:52:03,218 INFO  segmented.SegmentedRaftLogWorker (SegmentedRaftLogWorker.java:startLogSegment(380)) - e2b4be82-fcb0-476d-a266-5024df523634-SegmentedRaftLogWorker:Storage Directory /workdir/hadoop-ozone/integration-test/target/test-dir/MiniOzoneClusterImpl-c80a598f-8f6f-4d48-9250-786b4a2a8869/datanode-1/data/ratis/111902ca-7e14-4cdf-b7c7-85860444bfe1: Starting segment from index:0
2019-08-22 12:52:03,219 INFO  impl.RaftServerImpl (ServerState.java:setRaftConf(361)) - e2b4be82-fcb0-476d-a266-5024df523634:group-85860444BFE1 set configuration 0: [e2b4be82-fcb0-476d-a266-5024df523634:192.168.69.91:36025], old=null at 0
2019-08-22 12:52:03,263 INFO  segmented.SegmentedRaftLogWorker (SegmentedRaftLogWorker.java:execute(569)) - e2b4be82-fcb0-476d-a266-5024df523634-SegmentedRaftLogWorker:Storage Directory /workdir/hadoop-ozone/integration-test/target/test-dir/MiniOzoneClusterImpl-c80a598f-8f6f-4d48-9250-786b4a2a8869/datanode-1/data/ratis/111902ca-7e14-4cdf-b7c7-85860444bfe1: created new log segment /workdir/hadoop-ozone/integration-test/target/test-dir/MiniOzoneClusterImpl-c80a598f-8f6f-4d48-9250-786b4a2a8869/datanode-1/data/ratis/111902ca-7e14-4cdf-b7c7-85860444bfe1/current/log_inprogress_0
2019-08-22 12:52:03,272 INFO  impl.RaftServerImpl (RaftServerImpl.java:setRole(171)) - c79a7c55-4353-496e-9501-fc92d36c4ca1:group-DBD73FB1438B changes role from FOLLOWER to FOLLOWER at term 1 for recognizeCandidate:1fab250e-ca1c-4051-bcaf-1548020ee413
2019-08-22 12:52:03,272 INFO  impl.RaftServerImpl (RaftServerImpl.java:setRole(171)) - 05decbf1-7e3e-44e8-b82a-076d31b784ff:group-DBD73FB1438B changes role from FOLLOWER to FOLLOWER at term 1 for recognizeCandidate:1fab250e-ca1c-4051-bcaf-1548020ee413
2019-08-22 12:52:03,272 INFO  impl.RoleInfo (RoleInfo.java:shutdownFollowerState(121)) - c79a7c55-4353-496e-9501-fc92d36c4ca1: shutdown FollowerState
2019-08-22 12:52:03,274 INFO  impl.RoleInfo (RoleInfo.java:shutdownFollowerState(121)) - 05decbf1-7e3e-44e8-b82a-076d31b784ff: shutdown FollowerState
2019-08-22 12:52:03,274 INFO  impl.RoleInfo (RoleInfo.java:updateAndGet(143)) - c79a7c55-4353-496e-9501-fc92d36c4ca1: start FollowerState
2019-08-22 12:52:03,274 INFO  impl.RoleInfo (RoleInfo.java:updateAndGet(143)) - 05decbf1-7e3e-44e8-b82a-076d31b784ff: start FollowerState
2019-08-22 12:52:03,274 INFO  impl.FollowerState (FollowerState.java:run(114)) - 05decbf1-7e3e-44e8-b82a-076d31b784ff: FollowerState was interrupted: java.lang.InterruptedException: sleep interrupted
2019-08-22 12:52:03,274 INFO  impl.FollowerState (FollowerState.java:run(114)) - c79a7c55-4353-496e-9501-fc92d36c4ca1: FollowerState was interrupted: java.lang.InterruptedException: sleep interrupted
2019-08-22 12:52:03,305 INFO  impl.LeaderElection (LeaderElection.java:logAndReturn(56)) - 1fab250e-ca1c-4051-bcaf-1548020ee413:group-DBD73FB1438B:LeaderElection7: Election PASSED; received 1 response(s) [1fab250e-ca1c-4051-bcaf-1548020ee413<-c79a7c55-4353-496e-9501-fc92d36c4ca1#0:OK-t1] and 0 exception(s); 1fab250e-ca1c-4051-bcaf-1548020ee413:t1, leader=null, voted=1fab250e-ca1c-4051-bcaf-1548020ee413, raftlog=1fab250e-ca1c-4051-bcaf-1548020ee413-SegmentedRaftLog:OPENED:c-1,f-1,i0, conf=-1: [1fab250e-ca1c-4051-bcaf-1548020ee413:192.168.69.91:32889, 05decbf1-7e3e-44e8-b82a-076d31b784ff:192.168.69.91:37749, c79a7c55-4353-496e-9501-fc92d36c4ca1:192.168.69.91:38115], old=null
2019-08-22 12:52:03,305 INFO  impl.RoleInfo (RoleInfo.java:shutdownLeaderElection(134)) - 1fab250e-ca1c-4051-bcaf-1548020ee413: shutdown LeaderElection
2019-08-22 12:52:03,306 INFO  impl.RaftServerImpl (RaftServerImpl.java:setRole(171)) - 1fab250e-ca1c-4051-bcaf-1548020ee413:group-DBD73FB1438B changes role from CANDIDATE to LEADER at term 1 for changeToLeader
2019-08-22 12:52:03,307 INFO  impl.RaftServerImpl (ServerState.java:setLeader(263)) - 1fab250e-ca1c-4051-bcaf-1548020ee413:group-DBD73FB1438B change Leader from null to 1fab250e-ca1c-4051-bcaf-1548020ee413 at term 1 for becomeLeader, leader elected after 5122ms
2019-08-22 12:52:03,309 INFO  server.RaftServerConfigKeys (ConfUtils.java:logGet(43)) - raft.server.staging.catchup.gap = 1000 (default)
2019-08-22 12:52:03,309 INFO  server.RaftServerConfigKeys (ConfUtils.java:logGet(43)) - raft.server.rpc.sleep.time = 25ms (default)
2019-08-22 12:52:03,309 INFO  server.RaftServerConfigKeys (ConfUtils.java:logGet(43)) - raft.server.write.element-limit = 4096 (default)
2019-08-22 12:52:03,309 INFO  server.RaftServerConfigKeys (ConfUtils.java:logGet(43)) - raft.server.watch.timeout = 10s (default)
2019-08-22 12:52:03,310 INFO  server.RaftServerConfigKeys (ConfUtils.java:logGet(43)) - raft.server.watch.timeout.denomination = 1s (default)
2019-08-22 12:52:03,310 INFO  server.RaftServerConfigKeys (ConfUtils.java:logGet(43)) - raft.server.watch.element-limit = 65536 (default)
2019-08-22 12:52:03,313 INFO  server.RaftServerConfigKeys (ConfUtils.java:logGet(43)) - raft.server.log.appender.snapshot.chunk.size.max = 16MB (=16777216) (default)
2019-08-22 12:52:03,313 INFO  server.RaftServerConfigKeys (ConfUtils.java:logGet(43)) - raft.server.log.appender.buffer.byte-limit = 33554432 (custom)
2019-08-22 12:52:03,314 INFO  server.RaftServerConfigKeys (ConfUtils.java:logGet(43)) - raft.server.log.appender.buffer.element-limit = 1 (custom)
2019-08-22 12:52:03,317 INFO  grpc.GrpcConfigKeys$Server (ConfUtils.java:logGet(43)) - raft.grpc.server.leader.outstanding.appends.max = 128 (default)
2019-08-22 12:52:03,320 INFO  server.RaftServerConfigKeys (ConfUtils.java:logGet(43)) - raft.server.rpc.request.timeout = 3000ms (default)
2019-08-22 12:52:03,320 INFO  server.RaftServerConfigKeys (ConfUtils.java:logGet(43)) - raft.server.log.appender.install.snapshot.enabled = false (custom)
2019-08-22 12:52:03,320 INFO  server.RaftServerConfigKeys (ConfUtils.java:logGet(43)) - raft.server.log.appender.snapshot.chunk.size.max = 16MB (=16777216) (default)
2019-08-22 12:52:03,320 INFO  server.RaftServerConfigKeys (ConfUtils.java:logGet(43)) - raft.server.log.appender.buffer.byte-limit = 33554432 (custom)
2019-08-22 12:52:03,321 INFO  server.RaftServerConfigKeys (ConfUtils.java:logGet(43)) - raft.server.log.appender.buffer.element-limit = 1 (custom)
2019-08-22 12:52:03,321 INFO  grpc.GrpcConfigKeys$Server (ConfUtils.java:logGet(43)) - raft.grpc.server.leader.outstanding.appends.max = 128 (default)
2019-08-22 12:52:03,321 INFO  impl.FollowerState (FollowerState.java:run(106)) - e2b4be82-fcb0-476d-a266-5024df523634:group-553496B3409C changes to CANDIDATE, lastRpcTime:5023, electionTimeout:5022ms
2019-08-22 12:52:03,323 INFO  server.RaftServerConfigKeys (ConfUtils.java:logGet(43)) - raft.server.rpc.request.timeout = 3000ms (default)
2019-08-22 12:52:03,323 INFO  impl.RoleInfo (RoleInfo.java:shutdownFollowerState(121)) - e2b4be82-fcb0-476d-a266-5024df523634: shutdown FollowerState
2019-08-22 12:52:03,323 INFO  server.RaftServerConfigKeys (ConfUtils.java:logGet(43)) - raft.server.log.appender.install.snapshot.enabled = false (custom)
2019-08-22 12:52:03,323 INFO  impl.RaftServerImpl (RaftServerImpl.java:setRole(171)) - e2b4be82-fcb0-476d-a266-5024df523634:group-553496B3409C changes role from FOLLOWER to CANDIDATE at term 0 for changeToCandidate
2019-08-22 12:52:03,323 INFO  impl.RoleInfo (RoleInfo.java:updateAndGet(143)) - e2b4be82-fcb0-476d-a266-5024df523634: start LeaderElection
2019-08-22 12:52:03,326 INFO  impl.RoleInfo (RoleInfo.java:updateAndGet(143)) - 1fab250e-ca1c-4051-bcaf-1548020ee413: start LeaderState
2019-08-22 12:52:03,326 INFO  segmented.SegmentedRaftLogWorker (SegmentedRaftLogWorker.java:startLogSegment(380)) - 1fab250e-ca1c-4051-bcaf-1548020ee413-SegmentedRaftLogWorker:Storage Directory /workdir/hadoop-ozone/integration-test/target/test-dir/MiniOzoneClusterImpl-c80a598f-8f6f-4d48-9250-786b4a2a8869/datanode-4/data/ratis/399675b7-686a-4004-9e7d-dbd73fb1438b: Starting segment from index:0
2019-08-22 12:52:03,327 INFO  impl.RaftServerImpl (ServerState.java:setRaftConf(361)) - 1fab250e-ca1c-4051-bcaf-1548020ee413:group-DBD73FB1438B set configuration 0: [1fab250e-ca1c-4051-bcaf-1548020ee413:192.168.69.91:32889, 05decbf1-7e3e-44e8-b82a-076d31b784ff:192.168.69.91:37749, c79a7c55-4353-496e-9501-fc92d36c4ca1:192.168.69.91:38115], old=null at 0
2019-08-22 12:52:03,354 INFO  impl.LeaderElection (LeaderElection.java:askForVotes(181)) - e2b4be82-fcb0-476d-a266-5024df523634:group-553496B3409C:LeaderElection8: begin an election at term 1 for -1: [3611c539-4bdb-4962-9d2c-1c402a4287c2:192.168.69.91:37389, e2b4be82-fcb0-476d-a266-5024df523634:192.168.69.91:36025, 983d7030-2962-4884-8a8c-f3923c526d48:192.168.69.91:45446], old=null
2019-08-22 12:52:03,354 INFO  impl.FollowerState (FollowerState.java:run(106)) - 983d7030-2962-4884-8a8c-f3923c526d48:group-553496B3409C changes to CANDIDATE, lastRpcTime:5059, electionTimeout:5040ms
2019-08-22 12:52:03,355 INFO  impl.RoleInfo (RoleInfo.java:shutdownFollowerState(121)) - 983d7030-2962-4884-8a8c-f3923c526d48: shutdown FollowerState
2019-08-22 12:52:03,355 INFO  impl.RaftServerImpl (RaftServerImpl.java:setRole(171)) - 983d7030-2962-4884-8a8c-f3923c526d48:group-553496B3409C changes role from FOLLOWER to CANDIDATE at term 0 for changeToCandidate
2019-08-22 12:52:03,355 INFO  impl.RoleInfo (RoleInfo.java:updateAndGet(143)) - 983d7030-2962-4884-8a8c-f3923c526d48: start LeaderElection
2019-08-22 12:52:03,381 INFO  segmented.SegmentedRaftLogWorker (SegmentedRaftLogWorker.java:execute(569)) - 1fab250e-ca1c-4051-bcaf-1548020ee413-SegmentedRaftLogWorker:Storage Directory /workdir/hadoop-ozone/integration-test/target/test-dir/MiniOzoneClusterImpl-c80a598f-8f6f-4d48-9250-786b4a2a8869/datanode-4/data/ratis/399675b7-686a-4004-9e7d-dbd73fb1438b: created new log segment /workdir/hadoop-ozone/integration-test/target/test-dir/MiniOzoneClusterImpl-c80a598f-8f6f-4d48-9250-786b4a2a8869/datanode-4/data/ratis/399675b7-686a-4004-9e7d-dbd73fb1438b/current/log_inprogress_0
2019-08-22 12:52:03,381 INFO  impl.LeaderElection (LeaderElection.java:askForVotes(181)) - 983d7030-2962-4884-8a8c-f3923c526d48:group-553496B3409C:LeaderElection9: begin an election at term 1 for -1: [3611c539-4bdb-4962-9d2c-1c402a4287c2:192.168.69.91:37389, e2b4be82-fcb0-476d-a266-5024df523634:192.168.69.91:36025, 983d7030-2962-4884-8a8c-f3923c526d48:192.168.69.91:45446], old=null
2019-08-22 12:52:03,381 INFO  impl.RaftServerImpl (RaftServerImpl.java:setRole(171)) - 3611c539-4bdb-4962-9d2c-1c402a4287c2:group-553496B3409C changes role from FOLLOWER to FOLLOWER at term 1 for recognizeCandidate:e2b4be82-fcb0-476d-a266-5024df523634
2019-08-22 12:52:03,384 INFO  impl.RoleInfo (RoleInfo.java:shutdownFollowerState(121)) - 3611c539-4bdb-4962-9d2c-1c402a4287c2: shutdown FollowerState
2019-08-22 12:52:03,384 INFO  impl.FollowerState (FollowerState.java:run(114)) - 3611c539-4bdb-4962-9d2c-1c402a4287c2: FollowerState was interrupted: java.lang.InterruptedException: sleep interrupted
2019-08-22 12:52:03,384 INFO  impl.RoleInfo (RoleInfo.java:updateAndGet(143)) - 3611c539-4bdb-4962-9d2c-1c402a4287c2: start FollowerState
2019-08-22 12:52:03,399 INFO  impl.LeaderElection (LeaderElection.java:logAndReturn(56)) - e2b4be82-fcb0-476d-a266-5024df523634:group-553496B3409C:LeaderElection8: Election PASSED; received 2 response(s) [e2b4be82-fcb0-476d-a266-5024df523634<-3611c539-4bdb-4962-9d2c-1c402a4287c2#0:OK-t1, e2b4be82-fcb0-476d-a266-5024df523634<-983d7030-2962-4884-8a8c-f3923c526d48#0:FAIL-t1] and 0 exception(s); e2b4be82-fcb0-476d-a266-5024df523634:t1, leader=null, voted=e2b4be82-fcb0-476d-a266-5024df523634, raftlog=e2b4be82-fcb0-476d-a266-5024df523634-SegmentedRaftLog:OPENED:c-1,f-1,i0, conf=-1: [3611c539-4bdb-4962-9d2c-1c402a4287c2:192.168.69.91:37389, e2b4be82-fcb0-476d-a266-5024df523634:192.168.69.91:36025, 983d7030-2962-4884-8a8c-f3923c526d48:192.168.69.91:45446], old=null
2019-08-22 12:52:03,399 INFO  impl.RoleInfo (RoleInfo.java:shutdownLeaderElection(134)) - e2b4be82-fcb0-476d-a266-5024df523634: shutdown LeaderElection
2019-08-22 12:52:03,401 INFO  impl.RaftServerImpl (RaftServerImpl.java:setRole(171)) - e2b4be82-fcb0-476d-a266-5024df523634:group-553496B3409C changes role from CANDIDATE to LEADER at term 1 for changeToLeader
2019-08-22 12:52:03,402 INFO  impl.RaftServerImpl (ServerState.java:setLeader(263)) - e2b4be82-fcb0-476d-a266-5024df523634:group-553496B3409C change Leader from null to e2b4be82-fcb0-476d-a266-5024df523634 at term 1 for becomeLeader, leader elected after 5117ms
2019-08-22 12:52:03,402 INFO  server.RaftServerConfigKeys (ConfUtils.java:logGet(43)) - raft.server.staging.catchup.gap = 1000 (default)
2019-08-22 12:52:03,402 INFO  server.RaftServerConfigKeys (ConfUtils.java:logGet(43)) - raft.server.rpc.sleep.time = 25ms (default)
2019-08-22 12:52:03,402 INFO  server.RaftServerConfigKeys (ConfUtils.java:logGet(43)) - raft.server.write.element-limit = 4096 (default)
2019-08-22 12:52:03,403 INFO  server.RaftServerConfigKeys (ConfUtils.java:logGet(43)) - raft.server.watch.timeout = 10s (default)
2019-08-22 12:52:03,403 INFO  server.RaftServerConfigKeys (ConfUtils.java:logGet(43)) - raft.server.watch.timeout.denomination = 1s (default)
2019-08-22 12:52:03,403 INFO  server.RaftServerConfigKeys (ConfUtils.java:logGet(43)) - raft.server.watch.element-limit = 65536 (default)
2019-08-22 12:52:03,403 INFO  server.RaftServerConfigKeys (ConfUtils.java:logGet(43)) - raft.server.log.appender.snapshot.chunk.size.max = 16MB (=16777216) (default)
2019-08-22 12:52:03,403 INFO  server.RaftServerConfigKeys (ConfUtils.java:logGet(43)) - raft.server.log.appender.buffer.byte-limit = 33554432 (custom)
2019-08-22 12:52:03,403 INFO  server.RaftServerConfigKeys (ConfUtils.java:logGet(43)) - raft.server.log.appender.buffer.element-limit = 1 (custom)
2019-08-22 12:52:03,404 INFO  grpc.GrpcConfigKeys$Server (ConfUtils.java:logGet(43)) - raft.grpc.server.leader.outstanding.appends.max = 128 (default)
2019-08-22 12:52:03,405 INFO  server.RaftServerConfigKeys (ConfUtils.java:logGet(43)) - raft.server.rpc.request.timeout = 3000ms (default)
2019-08-22 12:52:03,406 INFO  server.RaftServerConfigKeys (ConfUtils.java:logGet(43)) - raft.server.log.appender.install.snapshot.enabled = false (custom)
2019-08-22 12:52:03,409 INFO  server.RaftServerConfigKeys (ConfUtils.java:logGet(43)) - raft.server.log.appender.snapshot.chunk.size.max = 16MB (=16777216) (default)
2019-08-22 12:52:03,409 INFO  server.RaftServerConfigKeys (ConfUtils.java:logGet(43)) - raft.server.log.appender.buffer.byte-limit = 33554432 (custom)
2019-08-22 12:52:03,409 INFO  server.RaftServerConfigKeys (ConfUtils.java:logGet(43)) - raft.server.log.appender.buffer.element-limit = 1 (custom)
2019-08-22 12:52:03,411 INFO  grpc.GrpcConfigKeys$Server (ConfUtils.java:logGet(43)) - raft.grpc.server.leader.outstanding.appends.max = 128 (default)
2019-08-22 12:52:03,413 INFO  impl.RaftServerImpl (ServerState.java:setLeader(263)) - 05decbf1-7e3e-44e8-b82a-076d31b784ff:group-DBD73FB1438B change Leader from null to 1fab250e-ca1c-4051-bcaf-1548020ee413 at term 1 for appendEntries, leader elected after 5223ms
2019-08-22 12:52:03,413 INFO  server.RaftServerConfigKeys (ConfUtils.java:logGet(43)) - raft.server.rpc.request.timeout = 3000ms (default)
2019-08-22 12:52:03,413 INFO  impl.RaftServerImpl (ServerState.java:setLeader(263)) - c79a7c55-4353-496e-9501-fc92d36c4ca1:group-DBD73FB1438B change Leader from null to 1fab250e-ca1c-4051-bcaf-1548020ee413 at term 1 for appendEntries, leader elected after 5223ms
2019-08-22 12:52:03,415 INFO  server.RaftServerConfigKeys (ConfUtils.java:logGet(43)) - raft.server.log.appender.install.snapshot.enabled = false (custom)
2019-08-22 12:52:03,416 INFO  impl.RoleInfo (RoleInfo.java:updateAndGet(143)) - e2b4be82-fcb0-476d-a266-5024df523634: start LeaderState
2019-08-22 12:52:03,416 INFO  segmented.SegmentedRaftLogWorker (SegmentedRaftLogWorker.java:startLogSegment(380)) - e2b4be82-fcb0-476d-a266-5024df523634-SegmentedRaftLogWorker:Storage Directory /workdir/hadoop-ozone/integration-test/target/test-dir/MiniOzoneClusterImpl-c80a598f-8f6f-4d48-9250-786b4a2a8869/datanode-1/data/ratis/4f471bc3-086f-4fc2-bbe7-553496b3409c: Starting segment from index:0
2019-08-22 12:52:03,417 INFO  impl.RaftServerImpl (ServerState.java:setRaftConf(361)) - e2b4be82-fcb0-476d-a266-5024df523634:group-553496B3409C set configuration 0: [3611c539-4bdb-4962-9d2c-1c402a4287c2:192.168.69.91:37389, e2b4be82-fcb0-476d-a266-5024df523634:192.168.69.91:36025, 983d7030-2962-4884-8a8c-f3923c526d48:192.168.69.91:45446], old=null at 0
2019-08-22 12:52:03,450 INFO  impl.RaftServerImpl (RaftServerImpl.java:requestVote(754)) - e2b4be82-fcb0-476d-a266-5024df523634-LEADER: Withhold vote from candidate 983d7030-2962-4884-8a8c-f3923c526d48 with term 1. State: leader=e2b4be82-fcb0-476d-a266-5024df523634, term=1, lastRpcElapsed=null
2019-08-22 12:52:03,462 INFO  impl.LeaderElection (LeaderElection.java:logAndReturn(56)) - 983d7030-2962-4884-8a8c-f3923c526d48:group-553496B3409C:LeaderElection9: Election REJECTED; received 2 response(s) [983d7030-2962-4884-8a8c-f3923c526d48<-3611c539-4bdb-4962-9d2c-1c402a4287c2#0:FAIL-t1, 983d7030-2962-4884-8a8c-f3923c526d48<-e2b4be82-fcb0-476d-a266-5024df523634#0:FAIL-t1] and 0 exception(s); 983d7030-2962-4884-8a8c-f3923c526d48:t1, leader=null, voted=983d7030-2962-4884-8a8c-f3923c526d48, raftlog=983d7030-2962-4884-8a8c-f3923c526d48-SegmentedRaftLog:OPENED:c-1,f-1,i0, conf=-1: [3611c539-4bdb-4962-9d2c-1c402a4287c2:192.168.69.91:37389, e2b4be82-fcb0-476d-a266-5024df523634:192.168.69.91:36025, 983d7030-2962-4884-8a8c-f3923c526d48:192.168.69.91:45446], old=null
2019-08-22 12:52:03,462 INFO  impl.RaftServerImpl (RaftServerImpl.java:setRole(171)) - 983d7030-2962-4884-8a8c-f3923c526d48:group-553496B3409C changes role from CANDIDATE to FOLLOWER at term 1 for appendEntries
2019-08-22 12:52:03,465 INFO  segmented.SegmentedRaftLogWorker (SegmentedRaftLogWorker.java:execute(569)) - e2b4be82-fcb0-476d-a266-5024df523634-SegmentedRaftLogWorker:Storage Directory /workdir/hadoop-ozone/integration-test/target/test-dir/MiniOzoneClusterImpl-c80a598f-8f6f-4d48-9250-786b4a2a8869/datanode-1/data/ratis/4f471bc3-086f-4fc2-bbe7-553496b3409c: created new log segment /workdir/hadoop-ozone/integration-test/target/test-dir/MiniOzoneClusterImpl-c80a598f-8f6f-4d48-9250-786b4a2a8869/datanode-1/data/ratis/4f471bc3-086f-4fc2-bbe7-553496b3409c/current/log_inprogress_0
2019-08-22 12:52:03,467 INFO  impl.RoleInfo (RoleInfo.java:shutdownLeaderElection(134)) - 983d7030-2962-4884-8a8c-f3923c526d48: shutdown LeaderElection
2019-08-22 12:52:03,467 INFO  impl.RaftServerImpl (ServerState.java:setLeader(263)) - 3611c539-4bdb-4962-9d2c-1c402a4287c2:group-553496B3409C change Leader from null to e2b4be82-fcb0-476d-a266-5024df523634 at term 1 for appendEntries, leader elected after 5182ms
2019-08-22 12:52:03,468 INFO  impl.RoleInfo (RoleInfo.java:updateAndGet(143)) - 983d7030-2962-4884-8a8c-f3923c526d48: start FollowerState
2019-08-22 12:52:03,469 INFO  impl.RaftServerImpl (ServerState.java:setLeader(263)) - 983d7030-2962-4884-8a8c-f3923c526d48:group-553496B3409C change Leader from null to e2b4be82-fcb0-476d-a266-5024df523634 at term 1 for appendEntries, leader elected after 5184ms
2019-08-22 12:52:03,488 INFO  impl.RaftServerImpl (ServerState.java:setRaftConf(361)) - c79a7c55-4353-496e-9501-fc92d36c4ca1:group-DBD73FB1438B set configuration 0: [1fab250e-ca1c-4051-bcaf-1548020ee413:192.168.69.91:32889, 05decbf1-7e3e-44e8-b82a-076d31b784ff:192.168.69.91:37749, c79a7c55-4353-496e-9501-fc92d36c4ca1:192.168.69.91:38115], old=null at 0
2019-08-22 12:52:03,488 INFO  impl.RaftServerImpl (ServerState.java:setRaftConf(361)) - 983d7030-2962-4884-8a8c-f3923c526d48:group-553496B3409C set configuration 0: [3611c539-4bdb-4962-9d2c-1c402a4287c2:192.168.69.91:37389, e2b4be82-fcb0-476d-a266-5024df523634:192.168.69.91:36025, 983d7030-2962-4884-8a8c-f3923c526d48:192.168.69.91:45446], old=null at 0
2019-08-22 12:52:03,488 INFO  segmented.SegmentedRaftLogWorker (SegmentedRaftLogWorker.java:startLogSegment(380)) - c79a7c55-4353-496e-9501-fc92d36c4ca1-SegmentedRaftLogWorker:Storage Directory /workdir/hadoop-ozone/integration-test/target/test-dir/MiniOzoneClusterImpl-c80a598f-8f6f-4d48-9250-786b4a2a8869/datanode-2/data/ratis/399675b7-686a-4004-9e7d-dbd73fb1438b: Starting segment from index:0
2019-08-22 12:52:03,488 INFO  impl.RaftServerImpl (ServerState.java:setRaftConf(361)) - 3611c539-4bdb-4962-9d2c-1c402a4287c2:group-553496B3409C set configuration 0: [3611c539-4bdb-4962-9d2c-1c402a4287c2:192.168.69.91:37389, e2b4be82-fcb0-476d-a266-5024df523634:192.168.69.91:36025, 983d7030-2962-4884-8a8c-f3923c526d48:192.168.69.91:45446], old=null at 0
2019-08-22 12:52:03,488 INFO  impl.RaftServerImpl (ServerState.java:setRaftConf(361)) - 05decbf1-7e3e-44e8-b82a-076d31b784ff:group-DBD73FB1438B set configuration 0: [1fab250e-ca1c-4051-bcaf-1548020ee413:192.168.69.91:32889, 05decbf1-7e3e-44e8-b82a-076d31b784ff:192.168.69.91:37749, c79a7c55-4353-496e-9501-fc92d36c4ca1:192.168.69.91:38115], old=null at 0
2019-08-22 12:52:03,488 INFO  segmented.SegmentedRaftLogWorker (SegmentedRaftLogWorker.java:startLogSegment(380)) - 3611c539-4bdb-4962-9d2c-1c402a4287c2-SegmentedRaftLogWorker:Storage Directory /workdir/hadoop-ozone/integration-test/target/test-dir/MiniOzoneClusterImpl-c80a598f-8f6f-4d48-9250-786b4a2a8869/datanode-3/data/ratis/4f471bc3-086f-4fc2-bbe7-553496b3409c: Starting segment from index:0
2019-08-22 12:52:03,489 INFO  segmented.SegmentedRaftLogWorker (SegmentedRaftLogWorker.java:startLogSegment(380)) - 05decbf1-7e3e-44e8-b82a-076d31b784ff-SegmentedRaftLogWorker:Storage Directory /workdir/hadoop-ozone/integration-test/target/test-dir/MiniOzoneClusterImpl-c80a598f-8f6f-4d48-9250-786b4a2a8869/datanode-5/data/ratis/399675b7-686a-4004-9e7d-dbd73fb1438b: Starting segment from index:0
2019-08-22 12:52:03,488 INFO  segmented.SegmentedRaftLogWorker (SegmentedRaftLogWorker.java:startLogSegment(380)) - 983d7030-2962-4884-8a8c-f3923c526d48-SegmentedRaftLogWorker:Storage Directory /workdir/hadoop-ozone/integration-test/target/test-dir/MiniOzoneClusterImpl-c80a598f-8f6f-4d48-9250-786b4a2a8869/datanode-0/data/ratis/4f471bc3-086f-4fc2-bbe7-553496b3409c: Starting segment from index:0
2019-08-22 12:52:03,529 INFO  segmented.SegmentedRaftLogWorker (SegmentedRaftLogWorker.java:execute(569)) - 3611c539-4bdb-4962-9d2c-1c402a4287c2-SegmentedRaftLogWorker:Storage Directory /workdir/hadoop-ozone/integration-test/target/test-dir/MiniOzoneClusterImpl-c80a598f-8f6f-4d48-9250-786b4a2a8869/datanode-3/data/ratis/4f471bc3-086f-4fc2-bbe7-553496b3409c: created new log segment /workdir/hadoop-ozone/integration-test/target/test-dir/MiniOzoneClusterImpl-c80a598f-8f6f-4d48-9250-786b4a2a8869/datanode-3/data/ratis/4f471bc3-086f-4fc2-bbe7-553496b3409c/current/log_inprogress_0
2019-08-22 12:52:03,529 INFO  segmented.SegmentedRaftLogWorker (SegmentedRaftLogWorker.java:execute(569)) - 05decbf1-7e3e-44e8-b82a-076d31b784ff-SegmentedRaftLogWorker:Storage Directory /workdir/hadoop-ozone/integration-test/target/test-dir/MiniOzoneClusterImpl-c80a598f-8f6f-4d48-9250-786b4a2a8869/datanode-5/data/ratis/399675b7-686a-4004-9e7d-dbd73fb1438b: created new log segment /workdir/hadoop-ozone/integration-test/target/test-dir/MiniOzoneClusterImpl-c80a598f-8f6f-4d48-9250-786b4a2a8869/datanode-5/data/ratis/399675b7-686a-4004-9e7d-dbd73fb1438b/current/log_inprogress_0
2019-08-22 12:52:03,529 INFO  segmented.SegmentedRaftLogWorker (SegmentedRaftLogWorker.java:execute(569)) - 983d7030-2962-4884-8a8c-f3923c526d48-SegmentedRaftLogWorker:Storage Directory /workdir/hadoop-ozone/integration-test/target/test-dir/MiniOzoneClusterImpl-c80a598f-8f6f-4d48-9250-786b4a2a8869/datanode-0/data/ratis/4f471bc3-086f-4fc2-bbe7-553496b3409c: created new log segment /workdir/hadoop-ozone/integration-test/target/test-dir/MiniOzoneClusterImpl-c80a598f-8f6f-4d48-9250-786b4a2a8869/datanode-0/data/ratis/4f471bc3-086f-4fc2-bbe7-553496b3409c/current/log_inprogress_0
2019-08-22 12:52:03,529 INFO  segmented.SegmentedRaftLogWorker (SegmentedRaftLogWorker.java:execute(569)) - c79a7c55-4353-496e-9501-fc92d36c4ca1-SegmentedRaftLogWorker:Storage Directory /workdir/hadoop-ozone/integration-test/target/test-dir/MiniOzoneClusterImpl-c80a598f-8f6f-4d48-9250-786b4a2a8869/datanode-2/data/ratis/399675b7-686a-4004-9e7d-dbd73fb1438b: created new log segment /workdir/hadoop-ozone/integration-test/target/test-dir/MiniOzoneClusterImpl-c80a598f-8f6f-4d48-9250-786b4a2a8869/datanode-2/data/ratis/399675b7-686a-4004-9e7d-dbd73fb1438b/current/log_inprogress_0
2019-08-22 12:52:03,896 INFO  client.GrpcClientProtocolClient (GrpcClientProtocolClient.java:onNext(255)) - client-877147FAD5E9->05decbf1-7e3e-44e8-b82a-076d31b784ff: receive RaftClientReply:client-877147FAD5E9->05decbf1-7e3e-44e8-b82a-076d31b784ff@group-DBD73FB1438B, cid=16, FAILED org.apache.ratis.protocol.NotLeaderException: Server 05decbf1-7e3e-44e8-b82a-076d31b784ff is not the leader (1fab250e-ca1c-4051-bcaf-1548020ee413:192.168.69.91:32889). Request must be sent to leader., logIndex=0, commits[05decbf1-7e3e-44e8-b82a-076d31b784ff:c0, 1fab250e-ca1c-4051-bcaf-1548020ee413:c0, c79a7c55-4353-496e-9501-fc92d36c4ca1:c-1]
2019-08-22 12:52:04,232 INFO  client.GrpcClientProtocolClient (GrpcClientProtocolClient.java:onNext(255)) - client-877147FAD5E9->1fab250e-ca1c-4051-bcaf-1548020ee413: receive RaftClientReply:client-877147FAD5E9->1fab250e-ca1c-4051-bcaf-1548020ee413@group-DBD73FB1438B, cid=16, SUCCESS, logIndex=1, commits[1fab250e-ca1c-4051-bcaf-1548020ee413:c1, 05decbf1-7e3e-44e8-b82a-076d31b784ff:c0, c79a7c55-4353-496e-9501-fc92d36c4ca1:c0]
2019-08-22 12:52:04,360 INFO  client.GrpcClientProtocolClient (GrpcClientProtocolClient.java:onNext(255)) - client-877147FAD5E9->1fab250e-ca1c-4051-bcaf-1548020ee413: receive RaftClientReply:client-877147FAD5E9->1fab250e-ca1c-4051-bcaf-1548020ee413@group-DBD73FB1438B, cid=17, SUCCESS, logIndex=3, commits[1fab250e-ca1c-4051-bcaf-1548020ee413:c8, 05decbf1-7e3e-44e8-b82a-076d31b784ff:c6, c79a7c55-4353-496e-9501-fc92d36c4ca1:c6]
2019-08-22 12:52:04,366 INFO  client.GrpcClientProtocolClient (GrpcClientProtocolClient.java:onNext(255)) - client-877147FAD5E9->1fab250e-ca1c-4051-bcaf-1548020ee413: receive RaftClientReply:client-877147FAD5E9->1fab250e-ca1c-4051-bcaf-1548020ee413@group-DBD73FB1438B, cid=18, SUCCESS, logIndex=4, commits[1fab250e-ca1c-4051-bcaf-1548020ee413:c8, 05decbf1-7e3e-44e8-b82a-076d31b784ff:c6, c79a7c55-4353-496e-9501-fc92d36c4ca1:c6]
2019-08-22 12:52:04,439 INFO  client.GrpcClientProtocolClient (GrpcClientProtocolClient.java:onNext(255)) - client-877147FAD5E9->1fab250e-ca1c-4051-bcaf-1548020ee413: receive RaftClientReply:client-877147FAD5E9->1fab250e-ca1c-4051-bcaf-1548020ee413@group-DBD73FB1438B, cid=19, SUCCESS, logIndex=5, commits[1fab250e-ca1c-4051-bcaf-1548020ee413:c8, 05decbf1-7e3e-44e8-b82a-076d31b784ff:c6, c79a7c55-4353-496e-9501-fc92d36c4ca1:c6]
2019-08-22 12:52:04,505 INFO  client.GrpcClientProtocolClient (GrpcClientProtocolClient.java:onNext(255)) - client-877147FAD5E9->1fab250e-ca1c-4051-bcaf-1548020ee413: receive RaftClientReply:client-877147FAD5E9->1fab250e-ca1c-4051-bcaf-1548020ee413@group-DBD73FB1438B, cid=20, SUCCESS, logIndex=9, commits[1fab250e-ca1c-4051-bcaf-1548020ee413:c10, 05decbf1-7e3e-44e8-b82a-076d31b784ff:c8, c79a7c55-4353-496e-9501-fc92d36c4ca1:c8]
2019-08-22 12:52:04,510 INFO  client.GrpcClientProtocolClient (GrpcClientProtocolClient.java:onNext(255)) - client-877147FAD5E9->1fab250e-ca1c-4051-bcaf-1548020ee413: receive RaftClientReply:client-877147FAD5E9->1fab250e-ca1c-4051-bcaf-1548020ee413@group-DBD73FB1438B, cid=21, SUCCESS, logIndex=10, commits[1fab250e-ca1c-4051-bcaf-1548020ee413:c10, 05decbf1-7e3e-44e8-b82a-076d31b784ff:c8, c79a7c55-4353-496e-9501-fc92d36c4ca1:c8]
2019-08-22 12:52:04,524 INFO  client.GrpcClientProtocolClient (GrpcClientProtocolClient.java:onNext(255)) - client-877147FAD5E9->1fab250e-ca1c-4051-bcaf-1548020ee413: receive RaftClientReply:client-877147FAD5E9->1fab250e-ca1c-4051-bcaf-1548020ee413@group-DBD73FB1438B, cid=22, SUCCESS, logIndex=11, commits[1fab250e-ca1c-4051-bcaf-1548020ee413:c13, 05decbf1-7e3e-44e8-b82a-076d31b784ff:c10, c79a7c55-4353-496e-9501-fc92d36c4ca1:c8]
2019-08-22 12:52:04,526 INFO  client.GrpcClientProtocolClient (GrpcClientProtocolClient.java:onNext(255)) - client-877147FAD5E9->1fab250e-ca1c-4051-bcaf-1548020ee413: receive RaftClientReply:client-877147FAD5E9->1fab250e-ca1c-4051-bcaf-1548020ee413@group-DBD73FB1438B, cid=23, SUCCESS, logIndex=12, commits[1fab250e-ca1c-4051-bcaf-1548020ee413:c14, 05decbf1-7e3e-44e8-b82a-076d31b784ff:c10, c79a7c55-4353-496e-9501-fc92d36c4ca1:c10]
2019-08-22 12:52:04,555 INFO  client.GrpcClientProtocolClient (GrpcClientProtocolClient.java:onNext(255)) - client-877147FAD5E9->1fab250e-ca1c-4051-bcaf-1548020ee413: receive RaftClientReply:client-877147FAD5E9->1fab250e-ca1c-4051-bcaf-1548020ee413@group-DBD73FB1438B, cid=24, SUCCESS, logIndex=0, commits[1fab250e-ca1c-4051-bcaf-1548020ee413:c16, 05decbf1-7e3e-44e8-b82a-076d31b784ff:c13, c79a7c55-4353-496e-9501-fc92d36c4ca1:c13]
2019-08-22 12:52:04,574 INFO  datanode.ObjectStoreHandler (ObjectStoreHandler.java:close(155)) - Closing ObjectStoreHandler.
2019-08-22 12:52:04,576 INFO  ozone.HddsDatanodeService (HddsDatanodeService.java:stop(451)) - Stopped plug-in org.apache.hadoop.ozone.web.OzoneHddsDatanodeService@70be89ec
2019-08-22 12:52:04,669 INFO  statemachine.DatanodeStateMachine (DatanodeStateMachine.java:lambda$startDaemon$0(350)) - Ozone container server started.
2019-08-22 12:52:04,692 INFO  client.GrpcClientProtocolClient (GrpcClientProtocolClient.java:onNext(255)) - client-877147FAD5E9->1fab250e-ca1c-4051-bcaf-1548020ee413: receive RaftClientReply:client-877147FAD5E9->1fab250e-ca1c-4051-bcaf-1548020ee413@group-DBD73FB1438B, cid=25, SUCCESS, logIndex=17, commits[1fab250e-ca1c-4051-bcaf-1548020ee413:c18, 05decbf1-7e3e-44e8-b82a-076d31b784ff:c16, c79a7c55-4353-496e-9501-fc92d36c4ca1:c16]
2019-08-22 12:52:04,753 INFO  client.GrpcClientProtocolClient (GrpcClientProtocolClient.java:onNext(255)) - client-877147FAD5E9->1fab250e-ca1c-4051-bcaf-1548020ee413: receive RaftClientReply:client-877147FAD5E9->1fab250e-ca1c-4051-bcaf-1548020ee413@group-DBD73FB1438B, cid=26, SUCCESS, logIndex=18, commits[1fab250e-ca1c-4051-bcaf-1548020ee413:c20, 05decbf1-7e3e-44e8-b82a-076d31b784ff:c18, c79a7c55-4353-496e-9501-fc92d36c4ca1:c18]
2019-08-22 12:52:09,578 INFO  ozoneimpl.OzoneContainer (OzoneContainer.java:stop(199)) - Attempting to stop container services.
2019-08-22 12:52:09,579 INFO  impl.RaftServerProxy (RaftServerProxy.java:lambda$close$4(314)) - 1fab250e-ca1c-4051-bcaf-1548020ee413: close
2019-08-22 12:52:09,581 INFO  impl.RaftServerImpl (RaftServerImpl.java:lambda$shutdown$3(245)) - 1fab250e-ca1c-4051-bcaf-1548020ee413: shutdown group-34B24B873A02
2019-08-22 12:52:09,581 INFO  impl.RaftServerImpl (RaftServerImpl.java:lambda$shutdown$3(245)) - 1fab250e-ca1c-4051-bcaf-1548020ee413: shutdown group-DBD73FB1438B
2019-08-22 12:52:09,581 INFO  util.JmxRegister (JmxRegister.java:unregister(73)) - Successfully un-registered JMX Bean with object name Ratis:service=RaftServer,group=group-34B24B873A02,id=1fab250e-ca1c-4051-bcaf-1548020ee413
2019-08-22 12:52:09,581 INFO  util.JmxRegister (JmxRegister.java:unregister(73)) - Successfully un-registered JMX Bean with object name Ratis:service=RaftServer,group=group-DBD73FB1438B,id=1fab250e-ca1c-4051-bcaf-1548020ee413
2019-08-22 12:52:09,581 INFO  impl.RoleInfo (RoleInfo.java:shutdownLeaderState(104)) - 1fab250e-ca1c-4051-bcaf-1548020ee413: shutdown LeaderState
2019-08-22 12:52:09,582 INFO  impl.RoleInfo (RoleInfo.java:shutdownLeaderState(104)) - 1fab250e-ca1c-4051-bcaf-1548020ee413: shutdown LeaderState
2019-08-22 12:52:09,583 INFO  impl.PendingRequests (PendingRequests.java:sendNotLeaderResponses(202)) - 1fab250e-ca1c-4051-bcaf-1548020ee413-PendingRequests: sendNotLeaderResponses
2019-08-22 12:52:09,586 WARN  server.GrpcLogAppender (GrpcLogAppender.java:mayWait(143)) - GrpcLogAppender(1fab250e-ca1c-4051-bcaf-1548020ee413->05decbf1-7e3e-44e8-b82a-076d31b784ff): Wait interrupted by java.lang.InterruptedException
2019-08-22 12:52:09,590 WARN  server.GrpcLogAppender (GrpcLogAppender.java:mayWait(143)) - GrpcLogAppender(1fab250e-ca1c-4051-bcaf-1548020ee413->c79a7c55-4353-496e-9501-fc92d36c4ca1): Wait interrupted by java.lang.InterruptedException
2019-08-22 12:52:09,590 INFO  impl.PendingRequests (PendingRequests.java:sendNotLeaderResponses(202)) - 1fab250e-ca1c-4051-bcaf-1548020ee413-PendingRequests: sendNotLeaderResponses
2019-08-22 12:52:09,605 INFO  server.GrpcServerProtocolService (GrpcServerProtocolService.java:onCompleted(104)) - c79a7c55-4353-496e-9501-fc92d36c4ca1: appendEntries completed
2019-08-22 12:52:09,605 INFO  server.GrpcServerProtocolService (GrpcServerProtocolService.java:onCompleted(104)) - 05decbf1-7e3e-44e8-b82a-076d31b784ff: appendEntries completed
2019-08-22 12:52:09,612 INFO  impl.StateMachineUpdater (StateMachineUpdater.java:stopAndJoin(115)) - StateMachineUpdater:1fab250e-ca1c-4051-bcaf-1548020ee413:group-34B24B873A02: set stopIndex = 0
2019-08-22 12:52:09,612 INFO  impl.StateMachineUpdater (StateMachineUpdater.java:stopAndJoin(115)) - StateMachineUpdater:1fab250e-ca1c-4051-bcaf-1548020ee413:group-DBD73FB1438B: set stopIndex = 20
2019-08-22 12:52:09,612 INFO  server.GrpcLogAppender (GrpcLogAppender.java:onCompleted(292)) - 1fab250e-ca1c-4051-bcaf-1548020ee413->05decbf1-7e3e-44e8-b82a-076d31b784ff: follower responses appendEntries COMPLETED
2019-08-22 12:52:09,612 INFO  server.GrpcLogAppender (GrpcLogAppender.java:onCompleted(292)) - 1fab250e-ca1c-4051-bcaf-1548020ee413->c79a7c55-4353-496e-9501-fc92d36c4ca1: follower responses appendEntries COMPLETED
2019-08-22 12:52:09,616 INFO  ratis.ContainerStateMachine (ContainerStateMachine.java:takeSnapshot(271)) - group-DBD73FB1438B: Taking a snapshot at:(t:1, i:20) file /workdir/hadoop-ozone/integration-test/target/test-dir/MiniOzoneClusterImpl-c80a598f-8f6f-4d48-9250-786b4a2a8869/datanode-4/data/ratis/399675b7-686a-4004-9e7d-dbd73fb1438b/sm/snapshot.1_20
2019-08-22 12:52:09,616 INFO  impl.RaftServerImpl (ServerState.java:close(394)) - 1fab250e-ca1c-4051-bcaf-1548020ee413:group-34B24B873A02 closes. The last applied log index is 0
2019-08-22 12:52:09,625 INFO  impl.FollowerInfo (FollowerInfo.java:lambda$new$0(50)) - 1fab250e-ca1c-4051-bcaf-1548020ee413->05decbf1-7e3e-44e8-b82a-076d31b784ff: nextIndex: updateUnconditionally 21 -> 20
2019-08-22 12:52:09,625 INFO  impl.FollowerInfo (FollowerInfo.java:lambda$new$0(50)) - 1fab250e-ca1c-4051-bcaf-1548020ee413->c79a7c55-4353-496e-9501-fc92d36c4ca1: nextIndex: updateUnconditionally 21 -> 20
2019-08-22 12:52:09,628 INFO  segmented.SegmentedRaftLogWorker (SegmentedRaftLogWorker.java:run(313)) - 1fab250e-ca1c-4051-bcaf-1548020ee413-SegmentedRaftLogWorker:Storage Directory /workdir/hadoop-ozone/integration-test/target/test-dir/MiniOzoneClusterImpl-c80a598f-8f6f-4d48-9250-786b4a2a8869/datanode-4/data/ratis/98f346a1-79b4-4a69-8f78-34b24b873a02 was interrupted, exiting. There are 0 tasks remaining in the queue.
2019-08-22 12:52:09,631 INFO  segmented.SegmentedRaftLogWorker (SegmentedRaftLogWorker.java:close(228)) - 1fab250e-ca1c-4051-bcaf-1548020ee413-SegmentedRaftLogWorker:Storage Directory /workdir/hadoop-ozone/integration-test/target/test-dir/MiniOzoneClusterImpl-c80a598f-8f6f-4d48-9250-786b4a2a8869/datanode-4/data/ratis/98f346a1-79b4-4a69-8f78-34b24b873a02 close()
2019-08-22 12:52:09,656 INFO  ratis.ContainerStateMachine (ContainerStateMachine.java:takeSnapshot(282)) - group-DBD73FB1438B: Finished taking a snapshot at:(t:1, i:20) file:/workdir/hadoop-ozone/integration-test/target/test-dir/MiniOzoneClusterImpl-c80a598f-8f6f-4d48-9250-786b4a2a8869/datanode-4/data/ratis/399675b7-686a-4004-9e7d-dbd73fb1438b/sm/snapshot.1_20 time:41
2019-08-22 12:52:09,656 INFO  impl.StateMachineUpdater (StateMachineUpdater.java:takeSnapshot(242)) - StateMachineUpdater:1fab250e-ca1c-4051-bcaf-1548020ee413:group-DBD73FB1438B: Took a snapshot at index 20
2019-08-22 12:52:09,656 INFO  impl.StateMachineUpdater (StateMachineUpdater.java:lambda$new$0(80)) - StateMachineUpdater:1fab250e-ca1c-4051-bcaf-1548020ee413:group-DBD73FB1438B: snapshotIndex: updateIncreasingly -1 -> 20
2019-08-22 12:52:09,661 INFO  impl.RaftServerImpl (ServerState.java:close(394)) - 1fab250e-ca1c-4051-bcaf-1548020ee413:group-DBD73FB1438B closes. The last applied log index is 20
2019-08-22 12:52:09,661 INFO  segmented.SegmentedRaftLogWorker (SegmentedRaftLogWorker.java:run(313)) - 1fab250e-ca1c-4051-bcaf-1548020ee413-SegmentedRaftLogWorker:Storage Directory /workdir/hadoop-ozone/integration-test/target/test-dir/MiniOzoneClusterImpl-c80a598f-8f6f-4d48-9250-786b4a2a8869/datanode-4/data/ratis/399675b7-686a-4004-9e7d-dbd73fb1438b was interrupted, exiting. There are 0 tasks remaining in the queue.
2019-08-22 12:52:09,665 INFO  segmented.SegmentedRaftLogWorker (SegmentedRaftLogWorker.java:close(228)) - 1fab250e-ca1c-4051-bcaf-1548020ee413-SegmentedRaftLogWorker:Storage Directory /workdir/hadoop-ozone/integration-test/target/test-dir/MiniOzoneClusterImpl-c80a598f-8f6f-4d48-9250-786b4a2a8869/datanode-4/data/ratis/399675b7-686a-4004-9e7d-dbd73fb1438b close()
2019-08-22 12:52:09,668 INFO  server.GrpcService (GrpcService.java:closeImpl(155)) - 1fab250e-ca1c-4051-bcaf-1548020ee413: shutdown server with port 32889 now
2019-08-22 12:52:09,675 INFO  server.GrpcService (GrpcService.java:closeImpl(163)) - 1fab250e-ca1c-4051-bcaf-1548020ee413: shutdown server with port 32889 successfully
2019-08-22 12:52:09,675 WARN  client.GrpcClientProtocolService (LogUtils.java:warn(134)) - 2-UnorderedRequestStreamObserver2: onError: org.apache.ratis.thirdparty.io.grpc.StatusRuntimeException: CANCELLED: cancelled before receiving half close
2019-08-22 12:52:09,684 INFO  utils.BackgroundService (BackgroundService.java:shutdown(148)) - Shutting down service BlockDeletingService
2019-08-22 12:52:09,685 WARN  fs.CachingGetSpaceUsed (CachingGetSpaceUsed.java:run(183)) - Thread Interrupted waiting to refresh disk information: sleep interrupted
2019-08-22 12:52:09,701 INFO  statemachine.DatanodeStateMachine (DatanodeStateMachine.java:stopDaemon(395)) - Ozone container server stopped.
2019-08-22 12:52:09,704 INFO  handler.ContextHandler (ContextHandler.java:doStop(910)) - Stopped o.e.j.w.WebAppContext@14f060b8{/,null,UNAVAILABLE}{/hddsDatanode}
2019-08-22 12:52:09,709 INFO  server.AbstractConnector (AbstractConnector.java:doStop(318)) - Stopped ServerConnector@7a0ab480{HTTP/1.1,[http/1.1]}{0.0.0.0:0}
2019-08-22 12:52:09,710 INFO  handler.ContextHandler (ContextHandler.java:doStop(910)) - Stopped o.e.j.s.ServletContextHandler@3f6cce7f{/static,jar:file:/home/user/.m2/repository/org/apache/hadoop/hadoop-hdds-container-service/0.5.0-SNAPSHOT/hadoop-hdds-container-service-0.5.0-SNAPSHOT.jar!/webapps/static,UNAVAILABLE}
2019-08-22 12:52:09,710 INFO  handler.ContextHandler (ContextHandler.java:doStop(910)) - Stopped o.e.j.s.ServletContextHandler@5e905f2c{/logs,file:///workdir/hadoop-ozone/integration-test/target/log,UNAVAILABLE}
2019-08-22 12:52:09,711 INFO  datanode.ObjectStoreHandler (ObjectStoreHandler.java:close(155)) - Closing ObjectStoreHandler.
2019-08-22 12:52:09,712 INFO  ozone.HddsDatanodeService (HddsDatanodeService.java:stop(451)) - Stopped plug-in org.apache.hadoop.ozone.web.OzoneHddsDatanodeService@259287ac
2019-08-22 12:52:10,671 INFO  statemachine.DatanodeStateMachine (DatanodeStateMachine.java:lambda$startDaemon$0(350)) - Ozone container server started.
2019-08-22 12:52:13,440 INFO  impl.FollowerState (FollowerState.java:run(106)) - 05decbf1-7e3e-44e8-b82a-076d31b784ff:group-DBD73FB1438B changes to CANDIDATE, lastRpcTime:6218, electionTimeout:5129ms
2019-08-22 12:52:13,440 INFO  impl.RoleInfo (RoleInfo.java:shutdownFollowerState(121)) - 05decbf1-7e3e-44e8-b82a-076d31b784ff: shutdown FollowerState
2019-08-22 12:52:13,440 INFO  impl.RaftServerImpl (RaftServerImpl.java:setRole(171)) - 05decbf1-7e3e-44e8-b82a-076d31b784ff:group-DBD73FB1438B changes role from FOLLOWER to CANDIDATE at term 1 for changeToCandidate
2019-08-22 12:52:13,440 INFO  impl.RoleInfo (RoleInfo.java:updateAndGet(143)) - 05decbf1-7e3e-44e8-b82a-076d31b784ff: start LeaderElection
2019-08-22 12:52:13,443 INFO  impl.RaftServerImpl (ServerState.java:setLeader(263)) - 05decbf1-7e3e-44e8-b82a-076d31b784ff:group-DBD73FB1438B change Leader from 1fab250e-ca1c-4051-bcaf-1548020ee413 to null at term 1 for initElection
2019-08-22 12:52:13,458 INFO  impl.LeaderElection (LeaderElection.java:askForVotes(181)) - 05decbf1-7e3e-44e8-b82a-076d31b784ff:group-DBD73FB1438B:LeaderElection10: begin an election at term 2 for 0: [1fab250e-ca1c-4051-bcaf-1548020ee413:192.168.69.91:32889, 05decbf1-7e3e-44e8-b82a-076d31b784ff:192.168.69.91:37749, c79a7c55-4353-496e-9501-fc92d36c4ca1:192.168.69.91:38115], old=null
2019-08-22 12:52:13,470 INFO  impl.RaftServerImpl (ServerState.java:setLeader(263)) - c79a7c55-4353-496e-9501-fc92d36c4ca1:group-DBD73FB1438B change Leader from 1fab250e-ca1c-4051-bcaf-1548020ee413 to null at term 2 for updateCurrentTerm
2019-08-22 12:52:13,470 INFO  impl.RaftServerImpl (RaftServerImpl.java:setRole(171)) - c79a7c55-4353-496e-9501-fc92d36c4ca1:group-DBD73FB1438B changes role from FOLLOWER to FOLLOWER at term 2 for recognizeCandidate:05decbf1-7e3e-44e8-b82a-076d31b784ff
2019-08-22 12:52:13,470 INFO  impl.RoleInfo (RoleInfo.java:shutdownFollowerState(121)) - c79a7c55-4353-496e-9501-fc92d36c4ca1: shutdown FollowerState
2019-08-22 12:52:13,471 INFO  impl.RoleInfo (RoleInfo.java:updateAndGet(143)) - c79a7c55-4353-496e-9501-fc92d36c4ca1: start FollowerState
2019-08-22 12:52:13,471 INFO  impl.FollowerState (FollowerState.java:run(114)) - c79a7c55-4353-496e-9501-fc92d36c4ca1: FollowerState was interrupted: java.lang.InterruptedException: sleep interrupted
2019-08-22 12:52:13,478 INFO  impl.LeaderElection (LogUtils.java:infoOrTrace(149)) - 05decbf1-7e3e-44e8-b82a-076d31b784ff:group-DBD73FB1438B:LeaderElection10 got exception when requesting votes: {}
java.util.concurrent.ExecutionException: org.apache.ratis.thirdparty.io.grpc.StatusRuntimeException: UNAVAILABLE: io exception
	at java.util.concurrent.FutureTask.report(FutureTask.java:122)
	at java.util.concurrent.FutureTask.get(FutureTask.java:192)
	at org.apache.ratis.server.impl.LeaderElection.waitForResults(LeaderElection.java:262)
	at org.apache.ratis.server.impl.LeaderElection.askForVotes(LeaderElection.java:200)
	at org.apache.ratis.server.impl.LeaderElection.run(LeaderElection.java:130)
	at java.lang.Thread.run(Thread.java:748)
Caused by: org.apache.ratis.thirdparty.io.grpc.StatusRuntimeException: UNAVAILABLE: io exception
	at org.apache.ratis.thirdparty.io.grpc.stub.ClientCalls.toStatusRuntimeException(ClientCalls.java:233)
	at org.apache.ratis.thirdparty.io.grpc.stub.ClientCalls.getUnchecked(ClientCalls.java:214)
	at org.apache.ratis.thirdparty.io.grpc.stub.ClientCalls.blockingUnaryCall(ClientCalls.java:139)
	at org.apache.ratis.proto.grpc.RaftServerProtocolServiceGrpc$RaftServerProtocolServiceBlockingStub.requestVote(RaftServerProtocolServiceGrpc.java:265)
	at org.apache.ratis.grpc.server.GrpcServerProtocolClient.requestVote(GrpcServerProtocolClient.java:83)
	at org.apache.ratis.grpc.server.GrpcService.requestVote(GrpcService.java:195)
	at org.apache.ratis.server.impl.LeaderElection.lambda$submitRequests$1(LeaderElection.java:237)
	at java.util.concurrent.FutureTask.run(FutureTask.java:266)
	at java.util.concurrent.Executors$RunnableAdapter.call(Executors.java:511)
	at java.util.concurrent.FutureTask.run(FutureTask.java:266)
	at java.util.concurrent.ThreadPoolExecutor.runWorker(ThreadPoolExecutor.java:1149)
	at java.util.concurrent.ThreadPoolExecutor$Worker.run(ThreadPoolExecutor.java:624)
	... 1 more
Caused by: org.apache.ratis.thirdparty.io.netty.channel.AbstractChannel$AnnotatedConnectException: Connection refused: /192.168.69.91:32889
	at sun.nio.ch.SocketChannelImpl.checkConnect(Native Method)
	at sun.nio.ch.SocketChannelImpl.finishConnect(SocketChannelImpl.java:717)
	at org.apache.ratis.thirdparty.io.netty.channel.socket.nio.NioSocketChannel.doFinishConnect(NioSocketChannel.java:327)
	at org.apache.ratis.thirdparty.io.netty.channel.nio.AbstractNioChannel$AbstractNioUnsafe.finishConnect(AbstractNioChannel.java:340)
	at org.apache.ratis.thirdparty.io.netty.channel.nio.NioEventLoop.processSelectedKey(NioEventLoop.java:632)
	at org.apache.ratis.thirdparty.io.netty.channel.nio.NioEventLoop.processSelectedKeysOptimized(NioEventLoop.java:579)
	at org.apache.ratis.thirdparty.io.netty.channel.nio.NioEventLoop.processSelectedKeys(NioEventLoop.java:496)
	at org.apache.ratis.thirdparty.io.netty.channel.nio.NioEventLoop.run(NioEventLoop.java:458)
	at org.apache.ratis.thirdparty.io.netty.util.concurrent.SingleThreadEventExecutor$5.run(SingleThreadEventExecutor.java:897)
	at org.apache.ratis.thirdparty.io.netty.util.concurrent.FastThreadLocalRunnable.run(FastThreadLocalRunnable.java:30)
	... 1 more
Caused by: java.net.ConnectException: Connection refused
	... 11 more
2019-08-22 12:52:13,489 INFO  impl.LeaderElection (LeaderElection.java:logAndReturn(56)) - 05decbf1-7e3e-44e8-b82a-076d31b784ff:group-DBD73FB1438B:LeaderElection10: Election PASSED; received 1 response(s) [05decbf1-7e3e-44e8-b82a-076d31b784ff<-c79a7c55-4353-496e-9501-fc92d36c4ca1#0:OK-t2] and 1 exception(s); 05decbf1-7e3e-44e8-b82a-076d31b784ff:t2, leader=null, voted=05decbf1-7e3e-44e8-b82a-076d31b784ff, raftlog=05decbf1-7e3e-44e8-b82a-076d31b784ff-SegmentedRaftLog:OPENED:c20,f20,i20, conf=0: [1fab250e-ca1c-4051-bcaf-1548020ee413:192.168.69.91:32889, 05decbf1-7e3e-44e8-b82a-076d31b784ff:192.168.69.91:37749, c79a7c55-4353-496e-9501-fc92d36c4ca1:192.168.69.91:38115], old=null
2019-08-22 12:52:13,489 INFO  impl.LeaderElection (LogUtils.java:infoOrTrace(149)) -   Exception 0: {}
java.util.concurrent.ExecutionException: org.apache.ratis.thirdparty.io.grpc.StatusRuntimeException: UNAVAILABLE: io exception
	at java.util.concurrent.FutureTask.report(FutureTask.java:122)
	at java.util.concurrent.FutureTask.get(FutureTask.java:192)
	at org.apache.ratis.server.impl.LeaderElection.waitForResults(LeaderElection.java:262)
	at org.apache.ratis.server.impl.LeaderElection.askForVotes(LeaderElection.java:200)
	at org.apache.ratis.server.impl.LeaderElection.run(LeaderElection.java:130)
	at java.lang.Thread.run(Thread.java:748)
Caused by: org.apache.ratis.thirdparty.io.grpc.StatusRuntimeException: UNAVAILABLE: io exception
	at org.apache.ratis.thirdparty.io.grpc.stub.ClientCalls.toStatusRuntimeException(ClientCalls.java:233)
	at org.apache.ratis.thirdparty.io.grpc.stub.ClientCalls.getUnchecked(ClientCalls.java:214)
	at org.apache.ratis.thirdparty.io.grpc.stub.ClientCalls.blockingUnaryCall(ClientCalls.java:139)
	at org.apache.ratis.proto.grpc.RaftServerProtocolServiceGrpc$RaftServerProtocolServiceBlockingStub.requestVote(RaftServerProtocolServiceGrpc.java:265)
	at org.apache.ratis.grpc.server.GrpcServerProtocolClient.requestVote(GrpcServerProtocolClient.java:83)
	at org.apache.ratis.grpc.server.GrpcService.requestVote(GrpcService.java:195)
	at org.apache.ratis.server.impl.LeaderElection.lambda$submitRequests$1(LeaderElection.java:237)
	at java.util.concurrent.FutureTask.run(FutureTask.java:266)
	at java.util.concurrent.Executors$RunnableAdapter.call(Executors.java:511)
	at java.util.concurrent.FutureTask.run(FutureTask.java:266)
	at java.util.concurrent.ThreadPoolExecutor.runWorker(ThreadPoolExecutor.java:1149)
	at java.util.concurrent.ThreadPoolExecutor$Worker.run(ThreadPoolExecutor.java:624)
	... 1 more
Caused by: org.apache.ratis.thirdparty.io.netty.channel.AbstractChannel$AnnotatedConnectException: Connection refused: /192.168.69.91:32889
	at sun.nio.ch.SocketChannelImpl.checkConnect(Native Method)
	at sun.nio.ch.SocketChannelImpl.finishConnect(SocketChannelImpl.java:717)
	at org.apache.ratis.thirdparty.io.netty.channel.socket.nio.NioSocketChannel.doFinishConnect(NioSocketChannel.java:327)
	at org.apache.ratis.thirdparty.io.netty.channel.nio.AbstractNioChannel$AbstractNioUnsafe.finishConnect(AbstractNioChannel.java:340)
	at org.apache.ratis.thirdparty.io.netty.channel.nio.NioEventLoop.processSelectedKey(NioEventLoop.java:632)
	at org.apache.ratis.thirdparty.io.netty.channel.nio.NioEventLoop.processSelectedKeysOptimized(NioEventLoop.java:579)
	at org.apache.ratis.thirdparty.io.netty.channel.nio.NioEventLoop.processSelectedKeys(NioEventLoop.java:496)
	at org.apache.ratis.thirdparty.io.netty.channel.nio.NioEventLoop.run(NioEventLoop.java:458)
	at org.apache.ratis.thirdparty.io.netty.util.concurrent.SingleThreadEventExecutor$5.run(SingleThreadEventExecutor.java:897)
	at org.apache.ratis.thirdparty.io.netty.util.concurrent.FastThreadLocalRunnable.run(FastThreadLocalRunnable.java:30)
	... 1 more
Caused by: java.net.ConnectException: Connection refused
	... 11 more
2019-08-22 12:52:13,490 INFO  impl.RoleInfo (RoleInfo.java:shutdownLeaderElection(134)) - 05decbf1-7e3e-44e8-b82a-076d31b784ff: shutdown LeaderElection
2019-08-22 12:52:13,499 INFO  impl.RaftServerImpl (RaftServerImpl.java:setRole(171)) - 05decbf1-7e3e-44e8-b82a-076d31b784ff:group-DBD73FB1438B changes role from CANDIDATE to LEADER at term 2 for changeToLeader
2019-08-22 12:52:13,500 INFO  impl.RaftServerImpl (ServerState.java:setLeader(263)) - 05decbf1-7e3e-44e8-b82a-076d31b784ff:group-DBD73FB1438B change Leader from null to 05decbf1-7e3e-44e8-b82a-076d31b784ff at term 2 for becomeLeader, leader elected after 56ms
2019-08-22 12:52:13,500 INFO  server.RaftServerConfigKeys (ConfUtils.java:logGet(43)) - raft.server.staging.catchup.gap = 1000 (default)
2019-08-22 12:52:13,500 INFO  server.RaftServerConfigKeys (ConfUtils.java:logGet(43)) - raft.server.rpc.sleep.time = 25ms (default)
2019-08-22 12:52:13,500 INFO  server.RaftServerConfigKeys (ConfUtils.java:logGet(43)) - raft.server.write.element-limit = 4096 (default)
2019-08-22 12:52:13,501 INFO  server.RaftServerConfigKeys (ConfUtils.java:logGet(43)) - raft.server.watch.timeout = 10s (default)
2019-08-22 12:52:13,501 INFO  server.RaftServerConfigKeys (ConfUtils.java:logGet(43)) - raft.server.watch.timeout.denomination = 1s (default)
2019-08-22 12:52:13,501 INFO  server.RaftServerConfigKeys (ConfUtils.java:logGet(43)) - raft.server.watch.element-limit = 65536 (default)
2019-08-22 12:52:13,501 INFO  server.RaftServerConfigKeys (ConfUtils.java:logGet(43)) - raft.server.log.appender.snapshot.chunk.size.max = 16MB (=16777216) (default)
2019-08-22 12:52:13,502 INFO  server.RaftServerConfigKeys (ConfUtils.java:logGet(43)) - raft.server.log.appender.buffer.byte-limit = 33554432 (custom)
2019-08-22 12:52:13,502 INFO  server.RaftServerConfigKeys (ConfUtils.java:logGet(43)) - raft.server.log.appender.buffer.element-limit = 1 (custom)
2019-08-22 12:52:13,502 INFO  grpc.GrpcConfigKeys$Server (ConfUtils.java:logGet(43)) - raft.grpc.server.leader.outstanding.appends.max = 128 (default)
2019-08-22 12:52:13,503 INFO  server.RaftServerConfigKeys (ConfUtils.java:logGet(43)) - raft.server.rpc.request.timeout = 3000ms (default)
2019-08-22 12:52:13,503 INFO  server.RaftServerConfigKeys (ConfUtils.java:logGet(43)) - raft.server.log.appender.install.snapshot.enabled = false (custom)
2019-08-22 12:52:13,503 INFO  server.RaftServerConfigKeys (ConfUtils.java:logGet(43)) - raft.server.log.appender.snapshot.chunk.size.max = 16MB (=16777216) (default)
2019-08-22 12:52:13,503 INFO  server.RaftServerConfigKeys (ConfUtils.java:logGet(43)) - raft.server.log.appender.buffer.byte-limit = 33554432 (custom)
2019-08-22 12:52:13,503 INFO  server.RaftServerConfigKeys (ConfUtils.java:logGet(43)) - raft.server.log.appender.buffer.element-limit = 1 (custom)
2019-08-22 12:52:13,504 INFO  grpc.GrpcConfigKeys$Server (ConfUtils.java:logGet(43)) - raft.grpc.server.leader.outstanding.appends.max = 128 (default)
2019-08-22 12:52:13,504 INFO  server.RaftServerConfigKeys (ConfUtils.java:logGet(43)) - raft.server.rpc.request.timeout = 3000ms (default)
2019-08-22 12:52:13,504 INFO  server.RaftServerConfigKeys (ConfUtils.java:logGet(43)) - raft.server.log.appender.install.snapshot.enabled = false (custom)
2019-08-22 12:52:13,504 INFO  impl.RoleInfo (RoleInfo.java:updateAndGet(143)) - 05decbf1-7e3e-44e8-b82a-076d31b784ff: start LeaderState
2019-08-22 12:52:13,505 INFO  segmented.SegmentedRaftLogWorker (SegmentedRaftLogWorker.java:rollLogSegment(385)) - 05decbf1-7e3e-44e8-b82a-076d31b784ff-SegmentedRaftLogWorker:Storage Directory /workdir/hadoop-ozone/integration-test/target/test-dir/MiniOzoneClusterImpl-c80a598f-8f6f-4d48-9250-786b4a2a8869/datanode-5/data/ratis/399675b7-686a-4004-9e7d-dbd73fb1438b: Rolling segment log-0_20 to index:20
2019-08-22 12:52:13,508 INFO  impl.RaftServerImpl (ServerState.java:setRaftConf(361)) - 05decbf1-7e3e-44e8-b82a-076d31b784ff:group-DBD73FB1438B set configuration 21: [1fab250e-ca1c-4051-bcaf-1548020ee413:192.168.69.91:32889, 05decbf1-7e3e-44e8-b82a-076d31b784ff:192.168.69.91:37749, c79a7c55-4353-496e-9501-fc92d36c4ca1:192.168.69.91:38115], old=null at 21
2019-08-22 12:52:13,508 INFO  segmented.SegmentedRaftLogWorker (SegmentedRaftLogWorker.java:execute(526)) - 05decbf1-7e3e-44e8-b82a-076d31b784ff-SegmentedRaftLogWorker:Storage Directory /workdir/hadoop-ozone/integration-test/target/test-dir/MiniOzoneClusterImpl-c80a598f-8f6f-4d48-9250-786b4a2a8869/datanode-5/data/ratis/399675b7-686a-4004-9e7d-dbd73fb1438b: Rolled log segment from /workdir/hadoop-ozone/integration-test/target/test-dir/MiniOzoneClusterImpl-c80a598f-8f6f-4d48-9250-786b4a2a8869/datanode-5/data/ratis/399675b7-686a-4004-9e7d-dbd73fb1438b/current/log_inprogress_0 to /workdir/hadoop-ozone/integration-test/target/test-dir/MiniOzoneClusterImpl-c80a598f-8f6f-4d48-9250-786b4a2a8869/datanode-5/data/ratis/399675b7-686a-4004-9e7d-dbd73fb1438b/current/log_0-20
2019-08-22 12:52:13,511 WARN  server.GrpcLogAppender (LogUtils.java:warn(134)) - 05decbf1-7e3e-44e8-b82a-076d31b784ff->1fab250e-ca1c-4051-bcaf-1548020ee413: Failed appendEntries: org.apache.ratis.thirdparty.io.grpc.StatusRuntimeException: UNAVAILABLE: io exception
2019-08-22 12:52:13,537 INFO  impl.FollowerInfo (FollowerInfo.java:lambda$new$0(50)) - 05decbf1-7e3e-44e8-b82a-076d31b784ff->1fab250e-ca1c-4051-bcaf-1548020ee413: nextIndex: updateUnconditionally 21 -> 1
2019-08-22 12:52:13,538 INFO  impl.RaftServerImpl (ServerState.java:setLeader(263)) - c79a7c55-4353-496e-9501-fc92d36c4ca1:group-DBD73FB1438B change Leader from null to 05decbf1-7e3e-44e8-b82a-076d31b784ff at term 2 for appendEntries, leader elected after 67ms
2019-08-22 12:52:13,541 INFO  impl.RaftServerImpl (ServerState.java:setRaftConf(361)) - c79a7c55-4353-496e-9501-fc92d36c4ca1:group-DBD73FB1438B set configuration 21: [1fab250e-ca1c-4051-bcaf-1548020ee413:192.168.69.91:32889, 05decbf1-7e3e-44e8-b82a-076d31b784ff:192.168.69.91:37749, c79a7c55-4353-496e-9501-fc92d36c4ca1:192.168.69.91:38115], old=null at 21
2019-08-22 12:52:13,542 INFO  segmented.SegmentedRaftLogWorker (SegmentedRaftLogWorker.java:rollLogSegment(385)) - c79a7c55-4353-496e-9501-fc92d36c4ca1-SegmentedRaftLogWorker:Storage Directory /workdir/hadoop-ozone/integration-test/target/test-dir/MiniOzoneClusterImpl-c80a598f-8f6f-4d48-9250-786b4a2a8869/datanode-2/data/ratis/399675b7-686a-4004-9e7d-dbd73fb1438b: Rolling segment log-0_20 to index:20
2019-08-22 12:52:13,542 INFO  segmented.SegmentedRaftLogWorker (SegmentedRaftLogWorker.java:execute(526)) - c79a7c55-4353-496e-9501-fc92d36c4ca1-SegmentedRaftLogWorker:Storage Directory /workdir/hadoop-ozone/integration-test/target/test-dir/MiniOzoneClusterImpl-c80a598f-8f6f-4d48-9250-786b4a2a8869/datanode-2/data/ratis/399675b7-686a-4004-9e7d-dbd73fb1438b: Rolled log segment from /workdir/hadoop-ozone/integration-test/target/test-dir/MiniOzoneClusterImpl-c80a598f-8f6f-4d48-9250-786b4a2a8869/datanode-2/data/ratis/399675b7-686a-4004-9e7d-dbd73fb1438b/current/log_inprogress_0 to /workdir/hadoop-ozone/integration-test/target/test-dir/MiniOzoneClusterImpl-c80a598f-8f6f-4d48-9250-786b4a2a8869/datanode-2/data/ratis/399675b7-686a-4004-9e7d-dbd73fb1438b/current/log_0-20
2019-08-22 12:52:13,550 INFO  segmented.SegmentedRaftLogWorker (SegmentedRaftLogWorker.java:execute(569)) - 05decbf1-7e3e-44e8-b82a-076d31b784ff-SegmentedRaftLogWorker:Storage Directory /workdir/hadoop-ozone/integration-test/target/test-dir/MiniOzoneClusterImpl-c80a598f-8f6f-4d48-9250-786b4a2a8869/datanode-5/data/ratis/399675b7-686a-4004-9e7d-dbd73fb1438b: created new log segment /workdir/hadoop-ozone/integration-test/target/test-dir/MiniOzoneClusterImpl-c80a598f-8f6f-4d48-9250-786b4a2a8869/datanode-5/data/ratis/399675b7-686a-4004-9e7d-dbd73fb1438b/current/log_inprogress_21
2019-08-22 12:52:13,593 INFO  segmented.SegmentedRaftLogWorker (SegmentedRaftLogWorker.java:execute(569)) - c79a7c55-4353-496e-9501-fc92d36c4ca1-SegmentedRaftLogWorker:Storage Directory /workdir/hadoop-ozone/integration-test/target/test-dir/MiniOzoneClusterImpl-c80a598f-8f6f-4d48-9250-786b4a2a8869/datanode-2/data/ratis/399675b7-686a-4004-9e7d-dbd73fb1438b: created new log segment /workdir/hadoop-ozone/integration-test/target/test-dir/MiniOzoneClusterImpl-c80a598f-8f6f-4d48-9250-786b4a2a8869/datanode-2/data/ratis/399675b7-686a-4004-9e7d-dbd73fb1438b/current/log_inprogress_21
2019-08-22 12:52:13,647 WARN  server.GrpcLogAppender (LogUtils.java:warn(134)) - 05decbf1-7e3e-44e8-b82a-076d31b784ff->1fab250e-ca1c-4051-bcaf-1548020ee413: Failed appendEntries: org.apache.ratis.thirdparty.io.grpc.StatusRuntimeException: UNAVAILABLE: io exception
2019-08-22 12:52:13,650 INFO  impl.FollowerInfo (FollowerInfo.java:lambda$new$0(50)) - 05decbf1-7e3e-44e8-b82a-076d31b784ff->1fab250e-ca1c-4051-bcaf-1548020ee413: nextIndex: updateUnconditionally 2 -> 1
2019-08-22 12:52:14,713 INFO  ozoneimpl.OzoneContainer (OzoneContainer.java:stop(199)) - Attempting to stop container services.
2019-08-22 12:52:14,715 INFO  impl.RaftServerProxy (RaftServerProxy.java:lambda$close$4(314)) - 05decbf1-7e3e-44e8-b82a-076d31b784ff: close
2019-08-22 12:52:14,716 INFO  impl.RaftServerImpl (RaftServerImpl.java:lambda$shutdown$3(245)) - 05decbf1-7e3e-44e8-b82a-076d31b784ff: shutdown group-E37C5CE7573C
2019-08-22 12:52:14,716 INFO  impl.RaftServerImpl (RaftServerImpl.java:lambda$shutdown$3(245)) - 05decbf1-7e3e-44e8-b82a-076d31b784ff: shutdown group-DBD73FB1438B
2019-08-22 12:52:14,716 INFO  util.JmxRegister (JmxRegister.java:unregister(73)) - Successfully un-registered JMX Bean with object name Ratis:service=RaftServer,group=group-E37C5CE7573C,id=05decbf1-7e3e-44e8-b82a-076d31b784ff
2019-08-22 12:52:14,717 INFO  util.JmxRegister (JmxRegister.java:unregister(73)) - Successfully un-registered JMX Bean with object name Ratis:service=RaftServer,group=group-DBD73FB1438B,id=05decbf1-7e3e-44e8-b82a-076d31b784ff
2019-08-22 12:52:14,717 INFO  impl.RoleInfo (RoleInfo.java:shutdownLeaderState(104)) - 05decbf1-7e3e-44e8-b82a-076d31b784ff: shutdown LeaderState
2019-08-22 12:52:14,717 INFO  impl.RoleInfo (RoleInfo.java:shutdownLeaderState(104)) - 05decbf1-7e3e-44e8-b82a-076d31b784ff: shutdown LeaderState
2019-08-22 12:52:14,718 INFO  impl.PendingRequests (PendingRequests.java:sendNotLeaderResponses(202)) - 05decbf1-7e3e-44e8-b82a-076d31b784ff-PendingRequests: sendNotLeaderResponses
2019-08-22 12:52:14,723 WARN  server.GrpcLogAppender (GrpcLogAppender.java:mayWait(143)) - GrpcLogAppender(05decbf1-7e3e-44e8-b82a-076d31b784ff->1fab250e-ca1c-4051-bcaf-1548020ee413): Wait interrupted by java.lang.InterruptedException
2019-08-22 12:52:14,723 WARN  server.GrpcLogAppender (GrpcLogAppender.java:mayWait(143)) - GrpcLogAppender(05decbf1-7e3e-44e8-b82a-076d31b784ff->c79a7c55-4353-496e-9501-fc92d36c4ca1): Wait interrupted by java.lang.InterruptedException
2019-08-22 12:52:14,722 INFO  impl.PendingRequests (PendingRequests.java:sendNotLeaderResponses(202)) - 05decbf1-7e3e-44e8-b82a-076d31b784ff-PendingRequests: sendNotLeaderResponses
2019-08-22 12:52:14,723 INFO  impl.StateMachineUpdater (StateMachineUpdater.java:stopAndJoin(115)) - StateMachineUpdater:05decbf1-7e3e-44e8-b82a-076d31b784ff:group-E37C5CE7573C: set stopIndex = 0
2019-08-22 12:52:14,729 INFO  ratis.ContainerStateMachine (ContainerStateMachine.java:takeSnapshot(271)) - group-DBD73FB1438B: Taking a snapshot at:(t:1, i:18) file /workdir/hadoop-ozone/integration-test/target/test-dir/MiniOzoneClusterImpl-c80a598f-8f6f-4d48-9250-786b4a2a8869/datanode-5/data/ratis/399675b7-686a-4004-9e7d-dbd73fb1438b/sm/snapshot.1_18
2019-08-22 12:52:14,729 INFO  impl.StateMachineUpdater (StateMachineUpdater.java:stopAndJoin(115)) - StateMachineUpdater:05decbf1-7e3e-44e8-b82a-076d31b784ff:group-DBD73FB1438B: set stopIndex = 22
2019-08-22 12:52:14,729 INFO  impl.RaftServerImpl (ServerState.java:close(394)) - 05decbf1-7e3e-44e8-b82a-076d31b784ff:group-E37C5CE7573C closes. The last applied log index is 0
2019-08-22 12:52:14,729 INFO  server.GrpcServerProtocolService (GrpcServerProtocolService.java:onCompleted(104)) - c79a7c55-4353-496e-9501-fc92d36c4ca1: appendEntries completed
2019-08-22 12:52:14,730 INFO  segmented.SegmentedRaftLogWorker (SegmentedRaftLogWorker.java:run(313)) - 05decbf1-7e3e-44e8-b82a-076d31b784ff-SegmentedRaftLogWorker:Storage Directory /workdir/hadoop-ozone/integration-test/target/test-dir/MiniOzoneClusterImpl-c80a598f-8f6f-4d48-9250-786b4a2a8869/datanode-5/data/ratis/83ecf711-c869-4b4d-ac6c-e37c5ce7573c was interrupted, exiting. There are 0 tasks remaining in the queue.
2019-08-22 12:52:14,732 INFO  segmented.SegmentedRaftLogWorker (SegmentedRaftLogWorker.java:close(228)) - 05decbf1-7e3e-44e8-b82a-076d31b784ff-SegmentedRaftLogWorker:Storage Directory /workdir/hadoop-ozone/integration-test/target/test-dir/MiniOzoneClusterImpl-c80a598f-8f6f-4d48-9250-786b4a2a8869/datanode-5/data/ratis/83ecf711-c869-4b4d-ac6c-e37c5ce7573c close()
2019-08-22 12:52:14,734 INFO  server.GrpcLogAppender (GrpcLogAppender.java:onCompleted(292)) - 05decbf1-7e3e-44e8-b82a-076d31b784ff->c79a7c55-4353-496e-9501-fc92d36c4ca1: follower responses appendEntries COMPLETED
2019-08-22 12:52:14,739 INFO  impl.FollowerInfo (FollowerInfo.java:lambda$new$0(50)) - 05decbf1-7e3e-44e8-b82a-076d31b784ff->c79a7c55-4353-496e-9501-fc92d36c4ca1: nextIndex: updateUnconditionally 23 -> 22
2019-08-22 12:52:14,742 INFO  ratis.ContainerStateMachine (ContainerStateMachine.java:takeSnapshot(282)) - group-DBD73FB1438B: Finished taking a snapshot at:(t:1, i:18) file:/workdir/hadoop-ozone/integration-test/target/test-dir/MiniOzoneClusterImpl-c80a598f-8f6f-4d48-9250-786b4a2a8869/datanode-5/data/ratis/399675b7-686a-4004-9e7d-dbd73fb1438b/sm/snapshot.1_18 time:14
2019-08-22 12:52:14,743 INFO  impl.StateMachineUpdater (StateMachineUpdater.java:takeSnapshot(242)) - StateMachineUpdater:05decbf1-7e3e-44e8-b82a-076d31b784ff:group-DBD73FB1438B: Took a snapshot at index 18
2019-08-22 12:52:14,743 INFO  impl.StateMachineUpdater (StateMachineUpdater.java:lambda$new$0(80)) - StateMachineUpdater:05decbf1-7e3e-44e8-b82a-076d31b784ff:group-DBD73FB1438B: snapshotIndex: updateIncreasingly -1 -> 18
2019-08-22 12:52:14,743 INFO  impl.RaftServerImpl (ServerState.java:close(394)) - 05decbf1-7e3e-44e8-b82a-076d31b784ff:group-DBD73FB1438B closes. The last applied log index is 22
2019-08-22 12:52:14,744 INFO  segmented.SegmentedRaftLogWorker (SegmentedRaftLogWorker.java:run(313)) - 05decbf1-7e3e-44e8-b82a-076d31b784ff-SegmentedRaftLogWorker:Storage Directory /workdir/hadoop-ozone/integration-test/target/test-dir/MiniOzoneClusterImpl-c80a598f-8f6f-4d48-9250-786b4a2a8869/datanode-5/data/ratis/399675b7-686a-4004-9e7d-dbd73fb1438b was interrupted, exiting. There are 0 tasks remaining in the queue.
2019-08-22 12:52:14,745 INFO  segmented.SegmentedRaftLogWorker (SegmentedRaftLogWorker.java:close(228)) - 05decbf1-7e3e-44e8-b82a-076d31b784ff-SegmentedRaftLogWorker:Storage Directory /workdir/hadoop-ozone/integration-test/target/test-dir/MiniOzoneClusterImpl-c80a598f-8f6f-4d48-9250-786b4a2a8869/datanode-5/data/ratis/399675b7-686a-4004-9e7d-dbd73fb1438b close()
2019-08-22 12:52:14,746 INFO  server.GrpcService (GrpcService.java:closeImpl(155)) - 05decbf1-7e3e-44e8-b82a-076d31b784ff: shutdown server with port 37749 now
2019-08-22 12:52:14,746 INFO  server.GrpcService (GrpcService.java:closeImpl(163)) - 05decbf1-7e3e-44e8-b82a-076d31b784ff: shutdown server with port 37749 successfully
2019-08-22 12:52:14,747 INFO  utils.BackgroundService (BackgroundService.java:shutdown(148)) - Shutting down service BlockDeletingService
2019-08-22 12:52:14,748 WARN  fs.CachingGetSpaceUsed (CachingGetSpaceUsed.java:run(183)) - Thread Interrupted waiting to refresh disk information: sleep interrupted
2019-08-22 12:52:14,774 INFO  statemachine.DatanodeStateMachine (DatanodeStateMachine.java:stopDaemon(395)) - Ozone container server stopped.
2019-08-22 12:52:14,787 INFO  handler.ContextHandler (ContextHandler.java:doStop(910)) - Stopped o.e.j.w.WebAppContext@5329f6b3{/,null,UNAVAILABLE}{/hddsDatanode}
2019-08-22 12:52:14,787 INFO  server.AbstractConnector (AbstractConnector.java:doStop(318)) - Stopped ServerConnector@597d48ca{HTTP/1.1,[http/1.1]}{0.0.0.0:0}
2019-08-22 12:52:14,788 INFO  handler.ContextHandler (ContextHandler.java:doStop(910)) - Stopped o.e.j.s.ServletContextHandler@289f15e9{/static,jar:file:/home/user/.m2/repository/org/apache/hadoop/hadoop-hdds-container-service/0.5.0-SNAPSHOT/hadoop-hdds-container-service-0.5.0-SNAPSHOT.jar!/webapps/static,UNAVAILABLE}
2019-08-22 12:52:14,788 INFO  handler.ContextHandler (ContextHandler.java:doStop(910)) - Stopped o.e.j.s.ServletContextHandler@3344d163{/logs,file:///workdir/hadoop-ozone/integration-test/target/log,UNAVAILABLE}
2019-08-22 12:52:17,898 INFO  client.GrpcClientProtocolClient (GrpcClientProtocolClient.java:onNext(255)) - client-877147FAD5E9->c79a7c55-4353-496e-9501-fc92d36c4ca1: receive RaftClientReply:client-877147FAD5E9->c79a7c55-4353-496e-9501-fc92d36c4ca1@group-DBD73FB1438B, cid=27, FAILED org.apache.ratis.protocol.NotLeaderException: Server c79a7c55-4353-496e-9501-fc92d36c4ca1 is not the leader (05decbf1-7e3e-44e8-b82a-076d31b784ff:192.168.69.91:37749). Request must be sent to leader., logIndex=0, commits[c79a7c55-4353-496e-9501-fc92d36c4ca1:c21, 1fab250e-ca1c-4051-bcaf-1548020ee413:c20, 05decbf1-7e3e-44e8-b82a-076d31b784ff:c21]
2019-08-22 12:52:17,916 WARN  io.KeyOutputStream (KeyOutputStream.java:handleException(276)) - Encountered exception java.io.IOException: Unexpected Storage Container Exception: java.util.concurrent.CompletionException: java.util.concurrent.CompletionException: org.apache.ratis.protocol.RaftRetryFailureException: Failed RaftClientRequest:client-877147FAD5E9->05decbf1-7e3e-44e8-b82a-076d31b784ff@group-DBD73FB1438B, cid=27, seq=11*, RW, org.apache.hadoop.hdds.scm.XceiverClientRatis$$Lambda$316/962784388@5d028819 for 5 attempts with RetryLimited(maxAttempts=5, sleepTime=1000ms) on the pipeline Pipeline[ Id: 399675b7-686a-4004-9e7d-dbd73fb1438b, Nodes: 1fab250e-ca1c-4051-bcaf-1548020ee413{ip: 192.168.69.91, host: pr-hdds-1810-6qbbz-1568424974, networkLocation: /default-rack, certSerialId: null}05decbf1-7e3e-44e8-b82a-076d31b784ff{ip: 192.168.69.91, host: pr-hdds-1810-6qbbz-1568424974, networkLocation: /default-rack, certSerialId: null}c79a7c55-4353-496e-9501-fc92d36c4ca1{ip: 192.168.69.91, host: pr-hdds-1810-6qbbz-1568424974, networkLocation: /default-rack, certSerialId: null}, Type:RATIS, Factor:THREE, State:OPEN]. The last committed block length is 1048576, uncommitted data length is 1048576 retry count 0
2019-08-22 12:52:17,944 WARN  block.BlockManagerImpl (BlockManagerImpl.java:allocateBlock(192)) - Pipeline creation failed for type:RATIS factor:THREE. Retrying get pipelines call once.
org.apache.hadoop.hdds.scm.pipeline.InsufficientDatanodesException: Cannot create pipeline of factor 3 using 0 nodes.
	at org.apache.hadoop.hdds.scm.pipeline.RatisPipelineProvider.create(RatisPipelineProvider.java:152)
	at org.apache.hadoop.hdds.scm.pipeline.PipelineFactory.create(PipelineFactory.java:57)
	at org.apache.hadoop.hdds.scm.pipeline.SCMPipelineManager.createPipeline(SCMPipelineManager.java:151)
	at org.apache.hadoop.hdds.scm.block.BlockManagerImpl.allocateBlock(BlockManagerImpl.java:190)
	at org.apache.hadoop.hdds.scm.server.SCMBlockProtocolServer.allocateBlock(SCMBlockProtocolServer.java:175)
	at org.apache.hadoop.ozone.protocolPB.ScmBlockLocationProtocolServerSideTranslatorPB.allocateScmBlock(ScmBlockLocationProtocolServerSideTranslatorPB.java:153)
	at org.apache.hadoop.ozone.protocolPB.ScmBlockLocationProtocolServerSideTranslatorPB.send(ScmBlockLocationProtocolServerSideTranslatorPB.java:112)
	at org.apache.hadoop.hdds.protocol.proto.ScmBlockLocationProtocolProtos$ScmBlockLocationProtocolService$2.callBlockingMethod(ScmBlockLocationProtocolProtos.java:13157)
	at org.apache.hadoop.ipc.ProtobufRpcEngine$Server$ProtoBufRpcInvoker.call(ProtobufRpcEngine.java:524)
	at org.apache.hadoop.ipc.RPC$Server.call(RPC.java:1025)
	at org.apache.hadoop.ipc.Server$RpcCall.run(Server.java:876)
	at org.apache.hadoop.ipc.Server$RpcCall.run(Server.java:822)
	at java.security.AccessController.doPrivileged(Native Method)
	at javax.security.auth.Subject.doAs(Subject.java:422)
	at org.apache.hadoop.security.UserGroupInformation.doAs(UserGroupInformation.java:1730)
	at org.apache.hadoop.ipc.Server$Handler.run(Server.java:2682)
2019-08-22 12:52:17,948 INFO  block.BlockManagerImpl (BlockManagerImpl.java:allocateBlock(198)) - Could not find available pipeline of type:RATIS and factor:THREE even after retrying
2019-08-22 12:52:17,948 ERROR block.BlockManagerImpl (BlockManagerImpl.java:allocateBlock(222)) - Unable to allocate a block for the size: 4194304, type: RATIS, factor: THREE
12:52:17.953 [IPC Server handler 2 on 41444] ERROR OMAudit - user=jenkins1000 | ip=127.0.0.1 | op=ALLOCATE_BLOCK {volume=datanodefailurehandlingtest, bucket=datanodefailurehandlingtest, key=ratis3, dataSize=0, replicationType=null, replicationFactor=null, keyLocationInfo=null, clientID=102660723070468096} | ret=FAILURE
org.apache.hadoop.hdds.scm.exceptions.SCMException: Allocated 0 blocks. Requested 1 blocks
	at org.apache.hadoop.hdds.scm.protocolPB.ScmBlockLocationProtocolClientSideTranslatorPB.handleError(ScmBlockLocationProtocolClientSideTranslatorPB.java:118) ~[hadoop-hdds-common-0.5.0-SNAPSHOT.jar:?]
	at org.apache.hadoop.hdds.scm.protocolPB.ScmBlockLocationProtocolClientSideTranslatorPB.allocateBlock(ScmBlockLocationProtocolClientSideTranslatorPB.java:156) ~[hadoop-hdds-common-0.5.0-SNAPSHOT.jar:?]
	at sun.reflect.NativeMethodAccessorImpl.invoke0(Native Method) ~[?:1.8.0_212]
	at sun.reflect.NativeMethodAccessorImpl.invoke(NativeMethodAccessorImpl.java:62) ~[?:1.8.0_212]
	at sun.reflect.DelegatingMethodAccessorImpl.invoke(DelegatingMethodAccessorImpl.java:43) ~[?:1.8.0_212]
	at java.lang.reflect.Method.invoke(Method.java:498) ~[?:1.8.0_212]
	at org.apache.hadoop.hdds.tracing.TraceAllMethod.invoke(TraceAllMethod.java:66) ~[hadoop-hdds-common-0.5.0-SNAPSHOT.jar:?]
	at com.sun.proxy.$Proxy25.allocateBlock(Unknown Source) ~[?:?]
	at org.apache.hadoop.ozone.om.KeyManagerImpl.allocateBlock(KeyManagerImpl.java:333) ~[hadoop-ozone-ozone-manager-0.5.0-SNAPSHOT.jar:?]
	at org.apache.hadoop.ozone.om.KeyManagerImpl.allocateBlock(KeyManagerImpl.java:304) ~[hadoop-ozone-ozone-manager-0.5.0-SNAPSHOT.jar:?]
	at org.apache.hadoop.ozone.om.OzoneManager.allocateBlock(OzoneManager.java:2297) [hadoop-ozone-ozone-manager-0.5.0-SNAPSHOT.jar:?]
	at org.apache.hadoop.ozone.protocolPB.OzoneManagerRequestHandler.allocateBlock(OzoneManagerRequestHandler.java:740) [hadoop-ozone-ozone-manager-0.5.0-SNAPSHOT.jar:?]
	at org.apache.hadoop.ozone.protocolPB.OzoneManagerRequestHandler.handle(OzoneManagerRequestHandler.java:243) [hadoop-ozone-ozone-manager-0.5.0-SNAPSHOT.jar:?]
	at org.apache.hadoop.ozone.protocolPB.OzoneManagerProtocolServerSideTranslatorPB.submitRequestDirectlyToOM(OzoneManagerProtocolServerSideTranslatorPB.java:200) [hadoop-ozone-ozone-manager-0.5.0-SNAPSHOT.jar:?]
	at org.apache.hadoop.ozone.protocolPB.OzoneManagerProtocolServerSideTranslatorPB.submitRequest(OzoneManagerProtocolServerSideTranslatorPB.java:118) [hadoop-ozone-ozone-manager-0.5.0-SNAPSHOT.jar:?]
	at org.apache.hadoop.ozone.protocol.proto.OzoneManagerProtocolProtos$OzoneManagerService$2.callBlockingMethod(OzoneManagerProtocolProtos.java) [hadoop-ozone-common-0.5.0-SNAPSHOT.jar:?]
	at org.apache.hadoop.ipc.ProtobufRpcEngine$Server$ProtoBufRpcInvoker.call(ProtobufRpcEngine.java:524) [hadoop-common-3.2.0.jar:?]
	at org.apache.hadoop.ipc.RPC$Server.call(RPC.java:1025) [hadoop-common-3.2.0.jar:?]
	at org.apache.hadoop.ipc.Server$RpcCall.run(Server.java:876) [hadoop-common-3.2.0.jar:?]
	at org.apache.hadoop.ipc.Server$RpcCall.run(Server.java:822) [hadoop-common-3.2.0.jar:?]
	at java.security.AccessController.doPrivileged(Native Method) [?:1.8.0_212]
	at javax.security.auth.Subject.doAs(Subject.java:422) [?:1.8.0_212]
	at org.apache.hadoop.security.UserGroupInformation.doAs(UserGroupInformation.java:1730) [hadoop-common-3.2.0.jar:?]
	at org.apache.hadoop.ipc.Server$Handler.run(Server.java:2682) [hadoop-common-3.2.0.jar:?]
2019-08-22 12:52:17,973 ERROR io.BlockOutputStreamEntryPool (BlockOutputStreamEntryPool.java:allocateBlockIfNeeded(299)) - Try to allocate more blocks for write failed, already allocated 0 blocks for this write.
INTERNAL_ERROR org.apache.hadoop.ozone.om.exceptions.OMException: Allocated 0 blocks. Requested 1 blocks
	at org.apache.hadoop.ozone.om.protocolPB.OzoneManagerProtocolClientSideTranslatorPB.handleError(OzoneManagerProtocolClientSideTranslatorPB.java:720)
	at org.apache.hadoop.ozone.om.protocolPB.OzoneManagerProtocolClientSideTranslatorPB.allocateBlock(OzoneManagerProtocolClientSideTranslatorPB.java:752)
	at org.apache.hadoop.ozone.client.io.BlockOutputStreamEntryPool.allocateNewBlock(BlockOutputStreamEntryPool.java:248)
	at org.apache.hadoop.ozone.client.io.BlockOutputStreamEntryPool.allocateBlockIfNeeded(BlockOutputStreamEntryPool.java:296)
	at org.apache.hadoop.ozone.client.io.KeyOutputStream.handleWrite(KeyOutputStream.java:201)
	at org.apache.hadoop.ozone.client.io.KeyOutputStream.handleRetry(KeyOutputStream.java:376)
	at org.apache.hadoop.ozone.client.io.KeyOutputStream.handleException(KeyOutputStream.java:325)
	at org.apache.hadoop.ozone.client.io.KeyOutputStream.handleWrite(KeyOutputStream.java:231)
	at org.apache.hadoop.ozone.client.io.KeyOutputStream.write(KeyOutputStream.java:193)
	at org.apache.hadoop.ozone.client.io.OzoneOutputStream.write(OzoneOutputStream.java:49)
	at java.io.OutputStream.write(OutputStream.java:75)
	at org.apache.hadoop.ozone.client.rpc.TestMultiBlockWritesWithDnFailures.testMultiBlockWritesWithDnFailures(TestMultiBlockWritesWithDnFailures.java:144)
	at sun.reflect.NativeMethodAccessorImpl.invoke0(Native Method)
	at sun.reflect.NativeMethodAccessorImpl.invoke(NativeMethodAccessorImpl.java:62)
	at sun.reflect.DelegatingMethodAccessorImpl.invoke(DelegatingMethodAccessorImpl.java:43)
	at java.lang.reflect.Method.invoke(Method.java:498)
	at org.junit.runners.model.FrameworkMethod$1.runReflectiveCall(FrameworkMethod.java:47)
	at org.junit.internal.runners.model.ReflectiveCallable.run(ReflectiveCallable.java:12)
	at org.junit.runners.model.FrameworkMethod.invokeExplosively(FrameworkMethod.java:44)
	at org.junit.internal.runners.statements.InvokeMethod.evaluate(InvokeMethod.java:17)
	at org.junit.runners.ParentRunner.runLeaf(ParentRunner.java:271)
	at org.junit.runners.BlockJUnit4ClassRunner.runChild(BlockJUnit4ClassRunner.java:70)
	at org.junit.runners.BlockJUnit4ClassRunner.runChild(BlockJUnit4ClassRunner.java:50)
	at org.junit.runners.ParentRunner$3.run(ParentRunner.java:238)
	at org.junit.runners.ParentRunner$1.schedule(ParentRunner.java:63)
	at org.junit.runners.ParentRunner.runChildren(ParentRunner.java:236)
	at org.junit.runners.ParentRunner.access$000(ParentRunner.java:53)
	at org.junit.runners.ParentRunner$2.evaluate(ParentRunner.java:229)
	at org.junit.runners.ParentRunner.run(ParentRunner.java:309)
	at org.apache.maven.surefire.junit4.JUnit4Provider.execute(JUnit4Provider.java:365)
	at org.apache.maven.surefire.junit4.JUnit4Provider.executeWithRerun(JUnit4Provider.java:273)
	at org.apache.maven.surefire.junit4.JUnit4Provider.executeTestSet(JUnit4Provider.java:238)
	at org.apache.maven.surefire.junit4.JUnit4Provider.invoke(JUnit4Provider.java:159)
	at org.apache.maven.surefire.booter.ForkedBooter.invokeProviderInSameClassLoader(ForkedBooter.java:384)
	at org.apache.maven.surefire.booter.ForkedBooter.runSuitesInProcess(ForkedBooter.java:345)
	at org.apache.maven.surefire.booter.ForkedBooter.execute(ForkedBooter.java:126)
	at org.apache.maven.surefire.booter.ForkedBooter.main(ForkedBooter.java:418)
]]></system-out>
    <system-err><![CDATA[ERROR StatusLogger No Log4j 2 configuration file found. Using default configuration (logging only errors to the console), or user programmatically provided configurations. Set system property 'log4j2.debug' to show Log4j 2 internal initialization logging. See https://logging.apache.org/log4j/2.x/manual/configuration.html for instructions on how to configure Log4j 2
Aug 22, 2019 12:51:51 PM com.sun.jersey.server.impl.application.WebApplicationImpl _initiate
INFO: Initiating Jersey application, version 'Jersey: 1.19 02/11/2015 03:25 AM'
Aug 22, 2019 12:51:52 PM com.sun.jersey.server.impl.application.WebApplicationImpl _initiate
INFO: Initiating Jersey application, version 'Jersey: 1.19 02/11/2015 03:25 AM'
Aug 22, 2019 12:51:52 PM com.sun.jersey.server.impl.application.WebApplicationImpl _initiate
INFO: Initiating Jersey application, version 'Jersey: 1.19 02/11/2015 03:25 AM'
Aug 22, 2019 12:51:53 PM com.sun.jersey.server.impl.application.WebApplicationImpl _initiate
INFO: Initiating Jersey application, version 'Jersey: 1.19 02/11/2015 03:25 AM'
Aug 22, 2019 12:51:53 PM com.sun.jersey.server.impl.application.WebApplicationImpl _initiate
INFO: Initiating Jersey application, version 'Jersey: 1.19 02/11/2015 03:25 AM'
Aug 22, 2019 12:51:53 PM com.sun.jersey.server.impl.application.WebApplicationImpl _initiate
INFO: Initiating Jersey application, version 'Jersey: 1.19 02/11/2015 03:25 AM'
]]></system-err>
  </testcase>
</testsuite>