<?xml version="1.0" encoding="UTF-8"?>
<testsuite xmlns:xsi="http://www.w3.org/2001/XMLSchema-instance" xsi:noNamespaceSchemaLocation="https://maven.apache.org/surefire/maven-surefire-plugin/xsd/surefire-test-report.xsd" name="org.apache.hadoop.hdds.scm.pipeline.TestPipelineClose" time="80.003" tests="4" errors="0" skipped="0" failures="1">
  <properties>
    <property name="awt.toolkit" value="sun.awt.X11.XToolkit"/>
    <property name="file.encoding.pkg" value="sun.io"/>
    <property name="java.specification.version" value="1.8"/>
    <property name="sun.cpu.isalist" value=""/>
    <property name="sun.jnu.encoding" value="UTF-8"/>
    <property name="java.class.path" value="/workdir/hadoop-ozone/integration-test/target/test-classes:/workdir/hadoop-ozone/integration-test/target/classes:/home/user/.m2/repository/org/apache/hadoop/hadoop-ozone-common/0.5.0-SNAPSHOT/hadoop-ozone-common-0.5.0-SNAPSHOT.jar:/home/user/.m2/repository/org/apache/commons/commons-compress/1.4.1/commons-compress-1.4.1.jar:/home/user/.m2/repository/org/tukaani/xz/1.0/xz-1.0.jar:/home/user/.m2/repository/org/apache/hadoop/hadoop-common/3.2.0/hadoop-common-3.2.0.jar:/home/user/.m2/repository/org/apache/hadoop/hadoop-hdfs/3.2.0/hadoop-hdfs-3.2.0.jar:/home/user/.m2/repository/org/apache/hadoop/hadoop-hdfs-client/3.2.0/hadoop-hdfs-client-3.2.0.jar:/home/user/.m2/repository/com/fasterxml/jackson/core/jackson-annotations/2.9.5/jackson-annotations-2.9.5.jar:/home/user/.m2/repository/org/apache/hadoop/hadoop-hdds-common/0.5.0-SNAPSHOT/hadoop-hdds-common-0.5.0-SNAPSHOT.jar:/home/user/.m2/repository/javax/annotation/javax.annotation-api/1.2/javax.annotation-api-1.2.jar:/home/user/.m2/repository/org/apache/ratis/ratis-server/0.4.0-2337318-SNAPSHOT/ratis-server-0.4.0-2337318-SNAPSHOT.jar:/home/user/.m2/repository/org/apache/ratis/ratis-thirdparty-misc/0.2.0/ratis-thirdparty-misc-0.2.0.jar:/home/user/.m2/repository/org/apache/ratis/ratis-proto/0.4.0-2337318-SNAPSHOT/ratis-proto-0.4.0-2337318-SNAPSHOT.jar:/home/user/.m2/repository/org/apache/ratis/ratis-common/0.4.0-2337318-SNAPSHOT/ratis-common-0.4.0-2337318-SNAPSHOT.jar:/home/user/.m2/repository/org/apache/ratis/ratis-client/0.4.0-2337318-SNAPSHOT/ratis-client-0.4.0-2337318-SNAPSHOT.jar:/home/user/.m2/repository/org/apache/ratis/ratis-metrics/0.4.0-2337318-SNAPSHOT/ratis-metrics-0.4.0-2337318-SNAPSHOT.jar:/home/user/.m2/repository/org/apache/ratis/ratis-netty/0.4.0-2337318-SNAPSHOT/ratis-netty-0.4.0-2337318-SNAPSHOT.jar:/home/user/.m2/repository/org/apache/ratis/ratis-grpc/0.4.0-2337318-SNAPSHOT/ratis-grpc-0.4.0-2337318-SNAPSHOT.jar:/home/user/.m2/repository/org/rocksdb/rocksdbjni/6.0.1/rocksdbjni-6.0.1.jar:/home/user/.m2/repository/org/apache/logging/log4j/log4j-api/2.11.0/log4j-api-2.11.0.jar:/home/user/.m2/repository/org/apache/logging/log4j/log4j-core/2.11.0/log4j-core-2.11.0.jar:/home/user/.m2/repository/com/lmax/disruptor/3.4.2/disruptor-3.4.2.jar:/home/user/.m2/repository/org/apache/commons/commons-pool2/2.6.0/commons-pool2-2.6.0.jar:/home/user/.m2/repository/org/bouncycastle/bcpkix-jdk15on/1.60/bcpkix-jdk15on-1.60.jar:/home/user/.m2/repository/commons-validator/commons-validator/1.6/commons-validator-1.6.jar:/home/user/.m2/repository/commons-digester/commons-digester/1.8.1/commons-digester-1.8.1.jar:/home/user/.m2/repository/io/jaegertracing/jaeger-client/0.33.1/jaeger-client-0.33.1.jar:/home/user/.m2/repository/io/jaegertracing/jaeger-thrift/0.33.1/jaeger-thrift-0.33.1.jar:/home/user/.m2/repository/org/apache/thrift/libthrift/0.11.0/libthrift-0.11.0.jar:/home/user/.m2/repository/com/squareup/okhttp3/okhttp/3.9.0/okhttp-3.9.0.jar:/home/user/.m2/repository/com/squareup/okio/okio/1.13.0/okio-1.13.0.jar:/home/user/.m2/repository/io/jaegertracing/jaeger-core/0.33.1/jaeger-core-0.33.1.jar:/home/user/.m2/repository/io/jaegertracing/jaeger-tracerresolver/0.33.1/jaeger-tracerresolver-0.33.1.jar:/home/user/.m2/repository/io/opentracing/contrib/opentracing-tracerresolver/0.1.5/opentracing-tracerresolver-0.1.5.jar:/home/user/.m2/repository/io/opentracing/opentracing-util/0.31.0/opentracing-util-0.31.0.jar:/home/user/.m2/repository/io/opentracing/opentracing-api/0.31.0/opentracing-api-0.31.0.jar:/home/user/.m2/repository/io/opentracing/opentracing-noop/0.31.0/opentracing-noop-0.31.0.jar:/home/user/.m2/repository/org/apache/hadoop/hadoop-hdds-server-framework/0.5.0-SNAPSHOT/hadoop-hdds-server-framework-0.5.0-SNAPSHOT.jar:/home/user/.m2/repository/org/apache/hadoop/hadoop-hdds-container-service/0.5.0-SNAPSHOT/hadoop-hdds-container-service-0.5.0-SNAPSHOT.jar:/home/user/.m2/repository/org/apache/hadoop/hadoop-hdds-client/0.5.0-SNAPSHOT/hadoop-hdds-client-0.5.0-SNAPSHOT.jar:/home/user/.m2/repository/org/apache/hadoop/hadoop-hdds-tools/0.5.0-SNAPSHOT/hadoop-hdds-tools-0.5.0-SNAPSHOT.jar:/home/user/.m2/repository/org/apache/hadoop/hadoop-hdds-server-scm/0.5.0-SNAPSHOT/hadoop-hdds-server-scm-0.5.0-SNAPSHOT.jar:/home/user/.m2/repository/org/apache/hadoop/hadoop-hdds-docs/0.5.0-SNAPSHOT/hadoop-hdds-docs-0.5.0-SNAPSHOT.jar:/home/user/.m2/repository/io/dropwizard/metrics/metrics-core/3.2.4/metrics-core-3.2.4.jar:/home/user/.m2/repository/org/hamcrest/hamcrest-all/1.3/hamcrest-all-1.3.jar:/home/user/.m2/repository/org/bouncycastle/bcprov-jdk15on/1.60/bcprov-jdk15on-1.60.jar:/home/user/.m2/repository/info/picocli/picocli/3.9.6/picocli-3.9.6.jar:/home/user/.m2/repository/com/google/protobuf/protobuf-java/2.5.0/protobuf-java-2.5.0.jar:/home/user/.m2/repository/com/google/guava/guava/11.0.2/guava-11.0.2.jar:/home/user/.m2/repository/org/apache/hadoop/hadoop-ozone-ozone-manager/0.5.0-SNAPSHOT/hadoop-ozone-ozone-manager-0.5.0-SNAPSHOT.jar:/home/user/.m2/repository/org/apache/hadoop/hadoop-minikdc/3.2.0/hadoop-minikdc-3.2.0.jar:/home/user/.m2/repository/commons-io/commons-io/2.5/commons-io-2.5.jar:/home/user/.m2/repository/org/apache/kerby/kerb-simplekdc/1.0.1/kerb-simplekdc-1.0.1.jar:/home/user/.m2/repository/org/apache/kerby/kerb-client/1.0.1/kerb-client-1.0.1.jar:/home/user/.m2/repository/org/apache/kerby/kerby-config/1.0.1/kerby-config-1.0.1.jar:/home/user/.m2/repository/org/apache/kerby/kerb-core/1.0.1/kerb-core-1.0.1.jar:/home/user/.m2/repository/org/apache/kerby/kerby-pkix/1.0.1/kerby-pkix-1.0.1.jar:/home/user/.m2/repository/org/apache/kerby/kerby-asn1/1.0.1/kerby-asn1-1.0.1.jar:/home/user/.m2/repository/org/apache/kerby/kerby-util/1.0.1/kerby-util-1.0.1.jar:/home/user/.m2/repository/org/apache/kerby/kerb-common/1.0.1/kerb-common-1.0.1.jar:/home/user/.m2/repository/org/apache/kerby/kerb-crypto/1.0.1/kerb-crypto-1.0.1.jar:/home/user/.m2/repository/org/apache/kerby/kerb-util/1.0.1/kerb-util-1.0.1.jar:/home/user/.m2/repository/org/apache/kerby/token-provider/1.0.1/token-provider-1.0.1.jar:/home/user/.m2/repository/org/apache/kerby/kerb-admin/1.0.1/kerb-admin-1.0.1.jar:/home/user/.m2/repository/org/apache/kerby/kerb-server/1.0.1/kerb-server-1.0.1.jar:/home/user/.m2/repository/org/apache/kerby/kerb-identity/1.0.1/kerb-identity-1.0.1.jar:/home/user/.m2/repository/org/apache/kerby/kerby-xdr/1.0.1/kerby-xdr-1.0.1.jar:/home/user/.m2/repository/org/slf4j/slf4j-log4j12/1.7.25/slf4j-log4j12-1.7.25.jar:/home/user/.m2/repository/org/apache/hadoop/hadoop-ozone-objectstore-service/0.5.0-SNAPSHOT/hadoop-ozone-objectstore-service-0.5.0-SNAPSHOT.jar:/home/user/.m2/repository/org/apache/hadoop/hadoop-ozone-s3gateway/0.5.0-SNAPSHOT/hadoop-ozone-s3gateway-0.5.0-SNAPSHOT.jar:/home/user/.m2/repository/org/jboss/weld/servlet/weld-servlet/2.4.7.Final/weld-servlet-2.4.7.Final.jar:/home/user/.m2/repository/org/glassfish/jersey/containers/jersey-container-servlet-core/2.27/jersey-container-servlet-core-2.27.jar:/home/user/.m2/repository/org/glassfish/hk2/external/javax.inject/2.5.0-b42/javax.inject-2.5.0-b42.jar:/home/user/.m2/repository/org/glassfish/jersey/core/jersey-common/2.27/jersey-common-2.27.jar:/home/user/.m2/repository/org/glassfish/hk2/osgi-resource-locator/1.0.1/osgi-resource-locator-1.0.1.jar:/home/user/.m2/repository/javax/ws/rs/javax.ws.rs-api/2.1/javax.ws.rs-api-2.1.jar:/home/user/.m2/repository/org/glassfish/jersey/ext/cdi/jersey-cdi1x/2.27/jersey-cdi1x-2.27.jar:/home/user/.m2/repository/org/glassfish/jersey/inject/jersey-hk2/2.27/jersey-hk2-2.27.jar:/home/user/.m2/repository/org/glassfish/hk2/hk2-locator/2.5.0-b42/hk2-locator-2.5.0-b42.jar:/home/user/.m2/repository/org/javassist/javassist/3.22.0-CR2/javassist-3.22.0-CR2.jar:/home/user/.m2/repository/org/glassfish/hk2/hk2-api/2.5.0/hk2-api-2.5.0.jar:/home/user/.m2/repository/org/glassfish/hk2/external/jakarta.inject/2.5.0/jakarta.inject-2.5.0.jar:/home/user/.m2/repository/org/glassfish/hk2/hk2-utils/2.5.0/hk2-utils-2.5.0.jar:/home/user/.m2/repository/jakarta/annotation/jakarta.annotation-api/1.3.4/jakarta.annotation-api-1.3.4.jar:/home/user/.m2/repository/org/glassfish/hk2/external/aopalliance-repackaged/2.5.0/aopalliance-repackaged-2.5.0.jar:/home/user/.m2/repository/com/fasterxml/jackson/dataformat/jackson-dataformat-xml/2.9.0/jackson-dataformat-xml-2.9.0.jar:/home/user/.m2/repository/com/fasterxml/jackson/core/jackson-core/2.9.5/jackson-core-2.9.5.jar:/home/user/.m2/repository/com/fasterxml/jackson/module/jackson-module-jaxb-annotations/2.9.5/jackson-module-jaxb-annotations-2.9.5.jar:/home/user/.m2/repository/javax/enterprise/cdi-api/1.2/cdi-api-1.2.jar:/home/user/.m2/repository/javax/el/javax.el-api/3.0.0/javax.el-api-3.0.0.jar:/home/user/.m2/repository/javax/interceptor/javax.interceptor-api/1.2/javax.interceptor-api-1.2.jar:/home/user/.m2/repository/javax/inject/javax.inject/1/javax.inject-1.jar:/home/user/.m2/repository/com/sun/xml/bind/jaxb-impl/2.3.0.1/jaxb-impl-2.3.0.1.jar:/home/user/.m2/repository/com/sun/xml/bind/jaxb-core/2.3.0.1/jaxb-core-2.3.0.1.jar:/home/user/.m2/repository/javax/xml/bind/jaxb-api/2.3.0/jaxb-api-2.3.0.jar:/home/user/.m2/repository/javax/activation/activation/1.1.1/activation-1.1.1.jar:/home/user/.m2/repository/org/apache/hadoop/hadoop-ozone-csi/0.5.0-SNAPSHOT/hadoop-ozone-csi-0.5.0-SNAPSHOT.jar:/home/user/.m2/repository/com/google/protobuf/protobuf-java-util/3.5.1/protobuf-java-util-3.5.1.jar:/home/user/.m2/repository/org/apache/hadoop/hadoop-hdds-config/0.5.0-SNAPSHOT/hadoop-hdds-config-0.5.0-SNAPSHOT.jar:/home/user/.m2/repository/io/grpc/grpc-netty/1.17.1/grpc-netty-1.17.1.jar:/home/user/.m2/repository/io/grpc/grpc-core/1.17.1/grpc-core-1.17.1.jar:/home/user/.m2/repository/io/grpc/grpc-context/1.17.1/grpc-context-1.17.1.jar:/home/user/.m2/repository/com/google/errorprone/error_prone_annotations/2.2.0/error_prone_annotations-2.2.0.jar:/home/user/.m2/repository/org/codehaus/mojo/animal-sniffer-annotations/1.17/animal-sniffer-annotations-1.17.jar:/home/user/.m2/repository/io/opencensus/opencensus-api/0.17.0/opencensus-api-0.17.0.jar:/home/user/.m2/repository/io/opencensus/opencensus-contrib-grpc-metrics/0.17.0/opencensus-contrib-grpc-metrics-0.17.0.jar:/home/user/.m2/repository/io/netty/netty-codec-http2/4.1.30.Final/netty-codec-http2-4.1.30.Final.jar:/home/user/.m2/repository/io/netty/netty-codec-http/4.1.30.Final/netty-codec-http-4.1.30.Final.jar:/home/user/.m2/repository/io/netty/netty-codec/4.1.30.Final/netty-codec-4.1.30.Final.jar:/home/user/.m2/repository/io/netty/netty-handler/4.1.30.Final/netty-handler-4.1.30.Final.jar:/home/user/.m2/repository/io/netty/netty-handler-proxy/4.1.30.Final/netty-handler-proxy-4.1.30.Final.jar:/home/user/.m2/repository/io/netty/netty-codec-socks/4.1.30.Final/netty-codec-socks-4.1.30.Final.jar:/home/user/.m2/repository/io/netty/netty-transport-native-epoll/4.1.30.Final/netty-transport-native-epoll-4.1.30.Final.jar:/home/user/.m2/repository/io/netty/netty-common/4.1.30.Final/netty-common-4.1.30.Final.jar:/home/user/.m2/repository/io/netty/netty-buffer/4.1.30.Final/netty-buffer-4.1.30.Final.jar:/home/user/.m2/repository/io/netty/netty-transport/4.1.30.Final/netty-transport-4.1.30.Final.jar:/home/user/.m2/repository/io/netty/netty-resolver/4.1.30.Final/netty-resolver-4.1.30.Final.jar:/home/user/.m2/repository/io/netty/netty-transport-native-unix-common/4.1.30.Final/netty-transport-native-unix-common-4.1.30.Final.jar:/home/user/.m2/repository/io/grpc/grpc-protobuf/1.17.1/grpc-protobuf-1.17.1.jar:/home/user/.m2/repository/com/google/api/grpc/proto-google-common-protos/1.0.0/proto-google-common-protos-1.0.0.jar:/home/user/.m2/repository/io/grpc/grpc-protobuf-lite/1.17.1/grpc-protobuf-lite-1.17.1.jar:/home/user/.m2/repository/io/grpc/grpc-stub/1.17.1/grpc-stub-1.17.1.jar:/home/user/.m2/repository/org/apache/hadoop/hadoop-ozone-recon/0.5.0-SNAPSHOT/hadoop-ozone-recon-0.5.0-SNAPSHOT.jar:/home/user/.m2/repository/org/apache/hadoop/hadoop-ozone-reconcodegen/0.5.0-SNAPSHOT/hadoop-ozone-reconcodegen-0.5.0-SNAPSHOT.jar:/home/user/.m2/repository/com/google/inject/extensions/guice-multibindings/4.0/guice-multibindings-4.0.jar:/home/user/.m2/repository/com/google/inject/guice/4.0/guice-4.0.jar:/home/user/.m2/repository/aopalliance/aopalliance/1.0/aopalliance-1.0.jar:/home/user/.m2/repository/com/google/inject/extensions/guice-servlet/4.0/guice-servlet-4.0.jar:/home/user/.m2/repository/org/glassfish/jersey/containers/jersey-container-servlet/2.27/jersey-container-servlet-2.27.jar:/home/user/.m2/repository/org/glassfish/hk2/guice-bridge/2.5.0/guice-bridge-2.5.0.jar:/home/user/.m2/repository/org/glassfish/jersey/core/jersey-server/2.27/jersey-server-2.27.jar:/home/user/.m2/repository/org/glassfish/jersey/core/jersey-client/2.27/jersey-client-2.27.jar:/home/user/.m2/repository/org/glassfish/jersey/media/jersey-media-jaxb/2.27/jersey-media-jaxb-2.27.jar:/home/user/.m2/repository/javax/validation/validation-api/1.1.0.Final/validation-api-1.1.0.Final.jar:/home/user/.m2/repository/org/glassfish/jersey/media/jersey-media-json-jackson/2.27/jersey-media-json-jackson-2.27.jar:/home/user/.m2/repository/org/glassfish/jersey/ext/jersey-entity-filtering/2.27/jersey-entity-filtering-2.27.jar:/home/user/.m2/repository/com/google/inject/extensions/guice-assistedinject/4.0/guice-assistedinject-4.0.jar:/home/user/.m2/repository/org/jooq/jooq/3.11.10/jooq-3.11.10.jar:/home/user/.m2/repository/org/jooq/jooq-meta/3.11.10/jooq-meta-3.11.10.jar:/home/user/.m2/repository/org/jooq/jooq-codegen/3.11.10/jooq-codegen-3.11.10.jar:/home/user/.m2/repository/com/jolbox/bonecp/0.8.0.RELEASE/bonecp-0.8.0.RELEASE.jar:/home/user/.m2/repository/org/xerial/sqlite-jdbc/3.25.2/sqlite-jdbc-3.25.2.jar:/home/user/.m2/repository/org/springframework/spring-jdbc/5.1.3.RELEASE/spring-jdbc-5.1.3.RELEASE.jar:/home/user/.m2/repository/org/springframework/spring-beans/5.1.3.RELEASE/spring-beans-5.1.3.RELEASE.jar:/home/user/.m2/repository/org/springframework/spring-core/5.1.3.RELEASE/spring-core-5.1.3.RELEASE.jar:/home/user/.m2/repository/org/springframework/spring-jcl/5.1.3.RELEASE/spring-jcl-5.1.3.RELEASE.jar:/home/user/.m2/repository/org/springframework/spring-tx/5.1.3.RELEASE/spring-tx-5.1.3.RELEASE.jar:/home/user/.m2/repository/org/apache/hadoop/hadoop-ozone-client/0.5.0-SNAPSHOT/hadoop-ozone-client-0.5.0-SNAPSHOT.jar:/home/user/.m2/repository/commons-lang/commons-lang/2.6/commons-lang-2.6.jar:/home/user/.m2/repository/org/apache/hadoop/hadoop-ozone-ozone-manager/0.5.0-SNAPSHOT/hadoop-ozone-ozone-manager-0.5.0-SNAPSHOT-tests.jar:/home/user/.m2/repository/junit/junit/4.11/junit-4.11.jar:/home/user/.m2/repository/org/hamcrest/hamcrest-core/1.3/hamcrest-core-1.3.jar:/home/user/.m2/repository/org/openjdk/jmh/jmh-core/1.19/jmh-core-1.19.jar:/home/user/.m2/repository/net/sf/jopt-simple/jopt-simple/4.6/jopt-simple-4.6.jar:/home/user/.m2/repository/org/apache/commons/commons-math3/3.1.1/commons-math3-3.1.1.jar:/home/user/.m2/repository/org/openjdk/jmh/jmh-generator-annprocess/1.19/jmh-generator-annprocess-1.19.jar:/home/user/.m2/repository/org/mockito/mockito-all/1.8.5/mockito-all-1.8.5.jar:/home/user/.m2/repository/org/apache/hadoop/hadoop-kms/3.2.0/hadoop-kms-3.2.0.jar:/home/user/.m2/repository/org/apache/hadoop/hadoop-auth/3.2.0/hadoop-auth-3.2.0.jar:/home/user/.m2/repository/com/nimbusds/nimbus-jose-jwt/4.41.1/nimbus-jose-jwt-4.41.1.jar:/home/user/.m2/repository/com/github/stephenc/jcip/jcip-annotations/1.0-1/jcip-annotations-1.0-1.jar:/home/user/.m2/repository/net/minidev/json-smart/2.3/json-smart-2.3.jar:/home/user/.m2/repository/net/minidev/accessors-smart/1.2/accessors-smart-1.2.jar:/home/user/.m2/repository/org/ow2/asm/asm/5.0.4/asm-5.0.4.jar:/home/user/.m2/repository/org/apache/curator/curator-framework/2.12.0/curator-framework-2.12.0.jar:/home/user/.m2/repository/com/sun/jersey/jersey-core/1.19/jersey-core-1.19.jar:/home/user/.m2/repository/javax/ws/rs/jsr311-api/1.1.1/jsr311-api-1.1.1.jar:/home/user/.m2/repository/com/sun/jersey/jersey-server/1.19/jersey-server-1.19.jar:/home/user/.m2/repository/javax/servlet/javax.servlet-api/3.1.0/javax.servlet-api-3.1.0.jar:/home/user/.m2/repository/org/eclipse/jetty/jetty-server/9.3.24.v20180605/jetty-server-9.3.24.v20180605.jar:/home/user/.m2/repository/org/eclipse/jetty/jetty-http/9.3.24.v20180605/jetty-http-9.3.24.v20180605.jar:/home/user/.m2/repository/org/eclipse/jetty/jetty-io/9.3.24.v20180605/jetty-io-9.3.24.v20180605.jar:/home/user/.m2/repository/org/eclipse/jetty/jetty-webapp/9.3.24.v20180605/jetty-webapp-9.3.24.v20180605.jar:/home/user/.m2/repository/org/eclipse/jetty/jetty-xml/9.3.24.v20180605/jetty-xml-9.3.24.v20180605.jar:/home/user/.m2/repository/log4j/log4j/1.2.17/log4j-1.2.17.jar:/home/user/.m2/repository/org/slf4j/slf4j-api/1.7.25/slf4j-api-1.7.25.jar:/home/user/.m2/repository/org/slf4j/jul-to-slf4j/1.7.25/jul-to-slf4j-1.7.25.jar:/home/user/.m2/repository/org/eclipse/jetty/jetty-util/9.3.24.v20180605/jetty-util-9.3.24.v20180605.jar:/home/user/.m2/repository/com/fasterxml/jackson/core/jackson-databind/2.9.5/jackson-databind-2.9.5.jar:/home/user/.m2/repository/org/apache/hadoop/hadoop-kms/3.2.0/hadoop-kms-3.2.0-tests.jar:/home/user/.m2/repository/org/apache/hadoop/hadoop-hdds-server-scm/0.5.0-SNAPSHOT/hadoop-hdds-server-scm-0.5.0-SNAPSHOT-tests.jar:/home/user/.m2/repository/org/apache/hadoop/hadoop-hdds-container-service/0.5.0-SNAPSHOT/hadoop-hdds-container-service-0.5.0-SNAPSHOT-tests.jar:/home/user/.m2/repository/org/yaml/snakeyaml/1.16/snakeyaml-1.16.jar:/home/user/.m2/repository/org/apache/hadoop/hadoop-common/3.2.0/hadoop-common-3.2.0-tests.jar:/home/user/.m2/repository/org/apache/hadoop/hadoop-annotations/3.2.0/hadoop-annotations-3.2.0.jar:/usr/lib/jvm/java-1.8-openjdk/jre/../lib/tools.jar:/home/user/.m2/repository/commons-cli/commons-cli/1.2/commons-cli-1.2.jar:/home/user/.m2/repository/org/apache/httpcomponents/httpclient/4.5.2/httpclient-4.5.2.jar:/home/user/.m2/repository/org/apache/httpcomponents/httpcore/4.4.4/httpcore-4.4.4.jar:/home/user/.m2/repository/commons-codec/commons-codec/1.11/commons-codec-1.11.jar:/home/user/.m2/repository/commons-net/commons-net/3.6/commons-net-3.6.jar:/home/user/.m2/repository/commons-collections/commons-collections/3.2.2/commons-collections-3.2.2.jar:/home/user/.m2/repository/org/eclipse/jetty/jetty-servlet/9.3.24.v20180605/jetty-servlet-9.3.24.v20180605.jar:/home/user/.m2/repository/org/eclipse/jetty/jetty-security/9.3.24.v20180605/jetty-security-9.3.24.v20180605.jar:/home/user/.m2/repository/javax/servlet/jsp/jsp-api/2.1/jsp-api-2.1.jar:/home/user/.m2/repository/com/sun/jersey/jersey-servlet/1.19/jersey-servlet-1.19.jar:/home/user/.m2/repository/com/sun/jersey/jersey-json/1.19/jersey-json-1.19.jar:/home/user/.m2/repository/org/codehaus/jettison/jettison/1.1/jettison-1.1.jar:/home/user/.m2/repository/org/codehaus/jackson/jackson-core-asl/1.9.13/jackson-core-asl-1.9.13.jar:/home/user/.m2/repository/org/codehaus/jackson/jackson-mapper-asl/1.9.13/jackson-mapper-asl-1.9.13.jar:/home/user/.m2/repository/org/codehaus/jackson/jackson-jaxrs/1.9.13/jackson-jaxrs-1.9.13.jar:/home/user/.m2/repository/org/codehaus/jackson/jackson-xc/1.9.13/jackson-xc-1.9.13.jar:/home/user/.m2/repository/commons-logging/commons-logging/1.1.3/commons-logging-1.1.3.jar:/home/user/.m2/repository/commons-beanutils/commons-beanutils/1.9.3/commons-beanutils-1.9.3.jar:/home/user/.m2/repository/org/apache/commons/commons-configuration2/2.1.1/commons-configuration2-2.1.1.jar:/home/user/.m2/repository/org/apache/commons/commons-lang3/3.7/commons-lang3-3.7.jar:/home/user/.m2/repository/org/apache/commons/commons-text/1.4/commons-text-1.4.jar:/home/user/.m2/repository/org/apache/avro/avro/1.7.7/avro-1.7.7.jar:/home/user/.m2/repository/com/thoughtworks/paranamer/paranamer/2.3/paranamer-2.3.jar:/home/user/.m2/repository/org/xerial/snappy/snappy-java/1.0.5/snappy-java-1.0.5.jar:/home/user/.m2/repository/com/google/re2j/re2j/1.1/re2j-1.1.jar:/home/user/.m2/repository/com/google/code/gson/gson/2.2.4/gson-2.2.4.jar:/home/user/.m2/repository/com/jcraft/jsch/0.1.54/jsch-0.1.54.jar:/home/user/.m2/repository/org/apache/curator/curator-client/2.12.0/curator-client-2.12.0.jar:/home/user/.m2/repository/org/apache/curator/curator-recipes/2.12.0/curator-recipes-2.12.0.jar:/home/user/.m2/repository/com/google/code/findbugs/jsr305/3.0.0/jsr305-3.0.0.jar:/home/user/.m2/repository/org/apache/htrace/htrace-core4/4.1.0-incubating/htrace-core4-4.1.0-incubating.jar:/home/user/.m2/repository/org/apache/zookeeper/zookeeper/3.4.13/zookeeper-3.4.13.jar:/home/user/.m2/repository/org/apache/yetus/audience-annotations/0.5.0/audience-annotations-0.5.0.jar:/home/user/.m2/repository/org/codehaus/woodstox/stax2-api/3.1.4/stax2-api-3.1.4.jar:/home/user/.m2/repository/com/fasterxml/woodstox/woodstox-core/5.0.3/woodstox-core-5.0.3.jar:/home/user/.m2/repository/dnsjava/dnsjava/2.1.7/dnsjava-2.1.7.jar:/home/user/.m2/repository/org/apache/hadoop/hadoop-hdfs/3.2.0/hadoop-hdfs-3.2.0-tests.jar:/home/user/.m2/repository/org/eclipse/jetty/jetty-util-ajax/9.3.24.v20180605/jetty-util-ajax-9.3.24.v20180605.jar:/home/user/.m2/repository/commons-daemon/commons-daemon/1.0.13/commons-daemon-1.0.13.jar:/home/user/.m2/repository/io/netty/netty/3.10.5.Final/netty-3.10.5.Final.jar:/home/user/.m2/repository/io/netty/netty-all/4.0.52.Final/netty-all-4.0.52.Final.jar:/home/user/.m2/repository/org/fusesource/leveldbjni/leveldbjni-all/1.8/leveldbjni-all-1.8.jar:"/>
    <property name="java.vm.vendor" value="IcedTea"/>
    <property name="sun.arch.data.model" value="64"/>
    <property name="test.build.dir" value="/workdir/hadoop-ozone/integration-test/target/test-dir"/>
    <property name="test.cache.data" value=""/>
    <property name="java.vendor.url" value="https://icedtea.classpath.org"/>
    <property name="user.timezone" value=""/>
    <property name="java.vm.specification.version" value="1.8"/>
    <property name="os.name" value="Linux"/>
    <property name="test.build.data" value="/workdir/hadoop-ozone/integration-test/target/test-dir"/>
    <property name="user.country" value="US"/>
    <property name="sun.java.launcher" value="SUN_STANDARD"/>
    <property name="sun.boot.library.path" value="/usr/lib/jvm/java-1.8-openjdk/jre/lib/amd64"/>
    <property name="sun.java.command" value="/workdir/hadoop-ozone/integration-test/target/surefire/surefirebooter3063881448865028323.jar /workdir/hadoop-ozone/integration-test/target/surefire 2019-08-22T12-19-44_723-jvmRun1 surefire6714001268604369377tmp surefire_966239460918726524639tmp"/>
    <property name="surefire.test.class.path" value="/workdir/hadoop-ozone/integration-test/target/test-classes:/workdir/hadoop-ozone/integration-test/target/classes:/home/user/.m2/repository/org/apache/hadoop/hadoop-ozone-common/0.5.0-SNAPSHOT/hadoop-ozone-common-0.5.0-SNAPSHOT.jar:/home/user/.m2/repository/org/apache/commons/commons-compress/1.4.1/commons-compress-1.4.1.jar:/home/user/.m2/repository/org/tukaani/xz/1.0/xz-1.0.jar:/home/user/.m2/repository/org/apache/hadoop/hadoop-common/3.2.0/hadoop-common-3.2.0.jar:/home/user/.m2/repository/org/apache/hadoop/hadoop-hdfs/3.2.0/hadoop-hdfs-3.2.0.jar:/home/user/.m2/repository/org/apache/hadoop/hadoop-hdfs-client/3.2.0/hadoop-hdfs-client-3.2.0.jar:/home/user/.m2/repository/com/fasterxml/jackson/core/jackson-annotations/2.9.5/jackson-annotations-2.9.5.jar:/home/user/.m2/repository/org/apache/hadoop/hadoop-hdds-common/0.5.0-SNAPSHOT/hadoop-hdds-common-0.5.0-SNAPSHOT.jar:/home/user/.m2/repository/javax/annotation/javax.annotation-api/1.2/javax.annotation-api-1.2.jar:/home/user/.m2/repository/org/apache/ratis/ratis-server/0.4.0-2337318-SNAPSHOT/ratis-server-0.4.0-2337318-SNAPSHOT.jar:/home/user/.m2/repository/org/apache/ratis/ratis-thirdparty-misc/0.2.0/ratis-thirdparty-misc-0.2.0.jar:/home/user/.m2/repository/org/apache/ratis/ratis-proto/0.4.0-2337318-SNAPSHOT/ratis-proto-0.4.0-2337318-SNAPSHOT.jar:/home/user/.m2/repository/org/apache/ratis/ratis-common/0.4.0-2337318-SNAPSHOT/ratis-common-0.4.0-2337318-SNAPSHOT.jar:/home/user/.m2/repository/org/apache/ratis/ratis-client/0.4.0-2337318-SNAPSHOT/ratis-client-0.4.0-2337318-SNAPSHOT.jar:/home/user/.m2/repository/org/apache/ratis/ratis-metrics/0.4.0-2337318-SNAPSHOT/ratis-metrics-0.4.0-2337318-SNAPSHOT.jar:/home/user/.m2/repository/org/apache/ratis/ratis-netty/0.4.0-2337318-SNAPSHOT/ratis-netty-0.4.0-2337318-SNAPSHOT.jar:/home/user/.m2/repository/org/apache/ratis/ratis-grpc/0.4.0-2337318-SNAPSHOT/ratis-grpc-0.4.0-2337318-SNAPSHOT.jar:/home/user/.m2/repository/org/rocksdb/rocksdbjni/6.0.1/rocksdbjni-6.0.1.jar:/home/user/.m2/repository/org/apache/logging/log4j/log4j-api/2.11.0/log4j-api-2.11.0.jar:/home/user/.m2/repository/org/apache/logging/log4j/log4j-core/2.11.0/log4j-core-2.11.0.jar:/home/user/.m2/repository/com/lmax/disruptor/3.4.2/disruptor-3.4.2.jar:/home/user/.m2/repository/org/apache/commons/commons-pool2/2.6.0/commons-pool2-2.6.0.jar:/home/user/.m2/repository/org/bouncycastle/bcpkix-jdk15on/1.60/bcpkix-jdk15on-1.60.jar:/home/user/.m2/repository/commons-validator/commons-validator/1.6/commons-validator-1.6.jar:/home/user/.m2/repository/commons-digester/commons-digester/1.8.1/commons-digester-1.8.1.jar:/home/user/.m2/repository/io/jaegertracing/jaeger-client/0.33.1/jaeger-client-0.33.1.jar:/home/user/.m2/repository/io/jaegertracing/jaeger-thrift/0.33.1/jaeger-thrift-0.33.1.jar:/home/user/.m2/repository/org/apache/thrift/libthrift/0.11.0/libthrift-0.11.0.jar:/home/user/.m2/repository/com/squareup/okhttp3/okhttp/3.9.0/okhttp-3.9.0.jar:/home/user/.m2/repository/com/squareup/okio/okio/1.13.0/okio-1.13.0.jar:/home/user/.m2/repository/io/jaegertracing/jaeger-core/0.33.1/jaeger-core-0.33.1.jar:/home/user/.m2/repository/io/jaegertracing/jaeger-tracerresolver/0.33.1/jaeger-tracerresolver-0.33.1.jar:/home/user/.m2/repository/io/opentracing/contrib/opentracing-tracerresolver/0.1.5/opentracing-tracerresolver-0.1.5.jar:/home/user/.m2/repository/io/opentracing/opentracing-util/0.31.0/opentracing-util-0.31.0.jar:/home/user/.m2/repository/io/opentracing/opentracing-api/0.31.0/opentracing-api-0.31.0.jar:/home/user/.m2/repository/io/opentracing/opentracing-noop/0.31.0/opentracing-noop-0.31.0.jar:/home/user/.m2/repository/org/apache/hadoop/hadoop-hdds-server-framework/0.5.0-SNAPSHOT/hadoop-hdds-server-framework-0.5.0-SNAPSHOT.jar:/home/user/.m2/repository/org/apache/hadoop/hadoop-hdds-container-service/0.5.0-SNAPSHOT/hadoop-hdds-container-service-0.5.0-SNAPSHOT.jar:/home/user/.m2/repository/org/apache/hadoop/hadoop-hdds-client/0.5.0-SNAPSHOT/hadoop-hdds-client-0.5.0-SNAPSHOT.jar:/home/user/.m2/repository/org/apache/hadoop/hadoop-hdds-tools/0.5.0-SNAPSHOT/hadoop-hdds-tools-0.5.0-SNAPSHOT.jar:/home/user/.m2/repository/org/apache/hadoop/hadoop-hdds-server-scm/0.5.0-SNAPSHOT/hadoop-hdds-server-scm-0.5.0-SNAPSHOT.jar:/home/user/.m2/repository/org/apache/hadoop/hadoop-hdds-docs/0.5.0-SNAPSHOT/hadoop-hdds-docs-0.5.0-SNAPSHOT.jar:/home/user/.m2/repository/io/dropwizard/metrics/metrics-core/3.2.4/metrics-core-3.2.4.jar:/home/user/.m2/repository/org/hamcrest/hamcrest-all/1.3/hamcrest-all-1.3.jar:/home/user/.m2/repository/org/bouncycastle/bcprov-jdk15on/1.60/bcprov-jdk15on-1.60.jar:/home/user/.m2/repository/info/picocli/picocli/3.9.6/picocli-3.9.6.jar:/home/user/.m2/repository/com/google/protobuf/protobuf-java/2.5.0/protobuf-java-2.5.0.jar:/home/user/.m2/repository/com/google/guava/guava/11.0.2/guava-11.0.2.jar:/home/user/.m2/repository/org/apache/hadoop/hadoop-ozone-ozone-manager/0.5.0-SNAPSHOT/hadoop-ozone-ozone-manager-0.5.0-SNAPSHOT.jar:/home/user/.m2/repository/org/apache/hadoop/hadoop-minikdc/3.2.0/hadoop-minikdc-3.2.0.jar:/home/user/.m2/repository/commons-io/commons-io/2.5/commons-io-2.5.jar:/home/user/.m2/repository/org/apache/kerby/kerb-simplekdc/1.0.1/kerb-simplekdc-1.0.1.jar:/home/user/.m2/repository/org/apache/kerby/kerb-client/1.0.1/kerb-client-1.0.1.jar:/home/user/.m2/repository/org/apache/kerby/kerby-config/1.0.1/kerby-config-1.0.1.jar:/home/user/.m2/repository/org/apache/kerby/kerb-core/1.0.1/kerb-core-1.0.1.jar:/home/user/.m2/repository/org/apache/kerby/kerby-pkix/1.0.1/kerby-pkix-1.0.1.jar:/home/user/.m2/repository/org/apache/kerby/kerby-asn1/1.0.1/kerby-asn1-1.0.1.jar:/home/user/.m2/repository/org/apache/kerby/kerby-util/1.0.1/kerby-util-1.0.1.jar:/home/user/.m2/repository/org/apache/kerby/kerb-common/1.0.1/kerb-common-1.0.1.jar:/home/user/.m2/repository/org/apache/kerby/kerb-crypto/1.0.1/kerb-crypto-1.0.1.jar:/home/user/.m2/repository/org/apache/kerby/kerb-util/1.0.1/kerb-util-1.0.1.jar:/home/user/.m2/repository/org/apache/kerby/token-provider/1.0.1/token-provider-1.0.1.jar:/home/user/.m2/repository/org/apache/kerby/kerb-admin/1.0.1/kerb-admin-1.0.1.jar:/home/user/.m2/repository/org/apache/kerby/kerb-server/1.0.1/kerb-server-1.0.1.jar:/home/user/.m2/repository/org/apache/kerby/kerb-identity/1.0.1/kerb-identity-1.0.1.jar:/home/user/.m2/repository/org/apache/kerby/kerby-xdr/1.0.1/kerby-xdr-1.0.1.jar:/home/user/.m2/repository/org/slf4j/slf4j-log4j12/1.7.25/slf4j-log4j12-1.7.25.jar:/home/user/.m2/repository/org/apache/hadoop/hadoop-ozone-objectstore-service/0.5.0-SNAPSHOT/hadoop-ozone-objectstore-service-0.5.0-SNAPSHOT.jar:/home/user/.m2/repository/org/apache/hadoop/hadoop-ozone-s3gateway/0.5.0-SNAPSHOT/hadoop-ozone-s3gateway-0.5.0-SNAPSHOT.jar:/home/user/.m2/repository/org/jboss/weld/servlet/weld-servlet/2.4.7.Final/weld-servlet-2.4.7.Final.jar:/home/user/.m2/repository/org/glassfish/jersey/containers/jersey-container-servlet-core/2.27/jersey-container-servlet-core-2.27.jar:/home/user/.m2/repository/org/glassfish/hk2/external/javax.inject/2.5.0-b42/javax.inject-2.5.0-b42.jar:/home/user/.m2/repository/org/glassfish/jersey/core/jersey-common/2.27/jersey-common-2.27.jar:/home/user/.m2/repository/org/glassfish/hk2/osgi-resource-locator/1.0.1/osgi-resource-locator-1.0.1.jar:/home/user/.m2/repository/javax/ws/rs/javax.ws.rs-api/2.1/javax.ws.rs-api-2.1.jar:/home/user/.m2/repository/org/glassfish/jersey/ext/cdi/jersey-cdi1x/2.27/jersey-cdi1x-2.27.jar:/home/user/.m2/repository/org/glassfish/jersey/inject/jersey-hk2/2.27/jersey-hk2-2.27.jar:/home/user/.m2/repository/org/glassfish/hk2/hk2-locator/2.5.0-b42/hk2-locator-2.5.0-b42.jar:/home/user/.m2/repository/org/javassist/javassist/3.22.0-CR2/javassist-3.22.0-CR2.jar:/home/user/.m2/repository/org/glassfish/hk2/hk2-api/2.5.0/hk2-api-2.5.0.jar:/home/user/.m2/repository/org/glassfish/hk2/external/jakarta.inject/2.5.0/jakarta.inject-2.5.0.jar:/home/user/.m2/repository/org/glassfish/hk2/hk2-utils/2.5.0/hk2-utils-2.5.0.jar:/home/user/.m2/repository/jakarta/annotation/jakarta.annotation-api/1.3.4/jakarta.annotation-api-1.3.4.jar:/home/user/.m2/repository/org/glassfish/hk2/external/aopalliance-repackaged/2.5.0/aopalliance-repackaged-2.5.0.jar:/home/user/.m2/repository/com/fasterxml/jackson/dataformat/jackson-dataformat-xml/2.9.0/jackson-dataformat-xml-2.9.0.jar:/home/user/.m2/repository/com/fasterxml/jackson/core/jackson-core/2.9.5/jackson-core-2.9.5.jar:/home/user/.m2/repository/com/fasterxml/jackson/module/jackson-module-jaxb-annotations/2.9.5/jackson-module-jaxb-annotations-2.9.5.jar:/home/user/.m2/repository/javax/enterprise/cdi-api/1.2/cdi-api-1.2.jar:/home/user/.m2/repository/javax/el/javax.el-api/3.0.0/javax.el-api-3.0.0.jar:/home/user/.m2/repository/javax/interceptor/javax.interceptor-api/1.2/javax.interceptor-api-1.2.jar:/home/user/.m2/repository/javax/inject/javax.inject/1/javax.inject-1.jar:/home/user/.m2/repository/com/sun/xml/bind/jaxb-impl/2.3.0.1/jaxb-impl-2.3.0.1.jar:/home/user/.m2/repository/com/sun/xml/bind/jaxb-core/2.3.0.1/jaxb-core-2.3.0.1.jar:/home/user/.m2/repository/javax/xml/bind/jaxb-api/2.3.0/jaxb-api-2.3.0.jar:/home/user/.m2/repository/javax/activation/activation/1.1.1/activation-1.1.1.jar:/home/user/.m2/repository/org/apache/hadoop/hadoop-ozone-csi/0.5.0-SNAPSHOT/hadoop-ozone-csi-0.5.0-SNAPSHOT.jar:/home/user/.m2/repository/com/google/protobuf/protobuf-java-util/3.5.1/protobuf-java-util-3.5.1.jar:/home/user/.m2/repository/org/apache/hadoop/hadoop-hdds-config/0.5.0-SNAPSHOT/hadoop-hdds-config-0.5.0-SNAPSHOT.jar:/home/user/.m2/repository/io/grpc/grpc-netty/1.17.1/grpc-netty-1.17.1.jar:/home/user/.m2/repository/io/grpc/grpc-core/1.17.1/grpc-core-1.17.1.jar:/home/user/.m2/repository/io/grpc/grpc-context/1.17.1/grpc-context-1.17.1.jar:/home/user/.m2/repository/com/google/errorprone/error_prone_annotations/2.2.0/error_prone_annotations-2.2.0.jar:/home/user/.m2/repository/org/codehaus/mojo/animal-sniffer-annotations/1.17/animal-sniffer-annotations-1.17.jar:/home/user/.m2/repository/io/opencensus/opencensus-api/0.17.0/opencensus-api-0.17.0.jar:/home/user/.m2/repository/io/opencensus/opencensus-contrib-grpc-metrics/0.17.0/opencensus-contrib-grpc-metrics-0.17.0.jar:/home/user/.m2/repository/io/netty/netty-codec-http2/4.1.30.Final/netty-codec-http2-4.1.30.Final.jar:/home/user/.m2/repository/io/netty/netty-codec-http/4.1.30.Final/netty-codec-http-4.1.30.Final.jar:/home/user/.m2/repository/io/netty/netty-codec/4.1.30.Final/netty-codec-4.1.30.Final.jar:/home/user/.m2/repository/io/netty/netty-handler/4.1.30.Final/netty-handler-4.1.30.Final.jar:/home/user/.m2/repository/io/netty/netty-handler-proxy/4.1.30.Final/netty-handler-proxy-4.1.30.Final.jar:/home/user/.m2/repository/io/netty/netty-codec-socks/4.1.30.Final/netty-codec-socks-4.1.30.Final.jar:/home/user/.m2/repository/io/netty/netty-transport-native-epoll/4.1.30.Final/netty-transport-native-epoll-4.1.30.Final.jar:/home/user/.m2/repository/io/netty/netty-common/4.1.30.Final/netty-common-4.1.30.Final.jar:/home/user/.m2/repository/io/netty/netty-buffer/4.1.30.Final/netty-buffer-4.1.30.Final.jar:/home/user/.m2/repository/io/netty/netty-transport/4.1.30.Final/netty-transport-4.1.30.Final.jar:/home/user/.m2/repository/io/netty/netty-resolver/4.1.30.Final/netty-resolver-4.1.30.Final.jar:/home/user/.m2/repository/io/netty/netty-transport-native-unix-common/4.1.30.Final/netty-transport-native-unix-common-4.1.30.Final.jar:/home/user/.m2/repository/io/grpc/grpc-protobuf/1.17.1/grpc-protobuf-1.17.1.jar:/home/user/.m2/repository/com/google/api/grpc/proto-google-common-protos/1.0.0/proto-google-common-protos-1.0.0.jar:/home/user/.m2/repository/io/grpc/grpc-protobuf-lite/1.17.1/grpc-protobuf-lite-1.17.1.jar:/home/user/.m2/repository/io/grpc/grpc-stub/1.17.1/grpc-stub-1.17.1.jar:/home/user/.m2/repository/org/apache/hadoop/hadoop-ozone-recon/0.5.0-SNAPSHOT/hadoop-ozone-recon-0.5.0-SNAPSHOT.jar:/home/user/.m2/repository/org/apache/hadoop/hadoop-ozone-reconcodegen/0.5.0-SNAPSHOT/hadoop-ozone-reconcodegen-0.5.0-SNAPSHOT.jar:/home/user/.m2/repository/com/google/inject/extensions/guice-multibindings/4.0/guice-multibindings-4.0.jar:/home/user/.m2/repository/com/google/inject/guice/4.0/guice-4.0.jar:/home/user/.m2/repository/aopalliance/aopalliance/1.0/aopalliance-1.0.jar:/home/user/.m2/repository/com/google/inject/extensions/guice-servlet/4.0/guice-servlet-4.0.jar:/home/user/.m2/repository/org/glassfish/jersey/containers/jersey-container-servlet/2.27/jersey-container-servlet-2.27.jar:/home/user/.m2/repository/org/glassfish/hk2/guice-bridge/2.5.0/guice-bridge-2.5.0.jar:/home/user/.m2/repository/org/glassfish/jersey/core/jersey-server/2.27/jersey-server-2.27.jar:/home/user/.m2/repository/org/glassfish/jersey/core/jersey-client/2.27/jersey-client-2.27.jar:/home/user/.m2/repository/org/glassfish/jersey/media/jersey-media-jaxb/2.27/jersey-media-jaxb-2.27.jar:/home/user/.m2/repository/javax/validation/validation-api/1.1.0.Final/validation-api-1.1.0.Final.jar:/home/user/.m2/repository/org/glassfish/jersey/media/jersey-media-json-jackson/2.27/jersey-media-json-jackson-2.27.jar:/home/user/.m2/repository/org/glassfish/jersey/ext/jersey-entity-filtering/2.27/jersey-entity-filtering-2.27.jar:/home/user/.m2/repository/com/google/inject/extensions/guice-assistedinject/4.0/guice-assistedinject-4.0.jar:/home/user/.m2/repository/org/jooq/jooq/3.11.10/jooq-3.11.10.jar:/home/user/.m2/repository/org/jooq/jooq-meta/3.11.10/jooq-meta-3.11.10.jar:/home/user/.m2/repository/org/jooq/jooq-codegen/3.11.10/jooq-codegen-3.11.10.jar:/home/user/.m2/repository/com/jolbox/bonecp/0.8.0.RELEASE/bonecp-0.8.0.RELEASE.jar:/home/user/.m2/repository/org/xerial/sqlite-jdbc/3.25.2/sqlite-jdbc-3.25.2.jar:/home/user/.m2/repository/org/springframework/spring-jdbc/5.1.3.RELEASE/spring-jdbc-5.1.3.RELEASE.jar:/home/user/.m2/repository/org/springframework/spring-beans/5.1.3.RELEASE/spring-beans-5.1.3.RELEASE.jar:/home/user/.m2/repository/org/springframework/spring-core/5.1.3.RELEASE/spring-core-5.1.3.RELEASE.jar:/home/user/.m2/repository/org/springframework/spring-jcl/5.1.3.RELEASE/spring-jcl-5.1.3.RELEASE.jar:/home/user/.m2/repository/org/springframework/spring-tx/5.1.3.RELEASE/spring-tx-5.1.3.RELEASE.jar:/home/user/.m2/repository/org/apache/hadoop/hadoop-ozone-client/0.5.0-SNAPSHOT/hadoop-ozone-client-0.5.0-SNAPSHOT.jar:/home/user/.m2/repository/commons-lang/commons-lang/2.6/commons-lang-2.6.jar:/home/user/.m2/repository/org/apache/hadoop/hadoop-ozone-ozone-manager/0.5.0-SNAPSHOT/hadoop-ozone-ozone-manager-0.5.0-SNAPSHOT-tests.jar:/home/user/.m2/repository/junit/junit/4.11/junit-4.11.jar:/home/user/.m2/repository/org/hamcrest/hamcrest-core/1.3/hamcrest-core-1.3.jar:/home/user/.m2/repository/org/openjdk/jmh/jmh-core/1.19/jmh-core-1.19.jar:/home/user/.m2/repository/net/sf/jopt-simple/jopt-simple/4.6/jopt-simple-4.6.jar:/home/user/.m2/repository/org/apache/commons/commons-math3/3.1.1/commons-math3-3.1.1.jar:/home/user/.m2/repository/org/openjdk/jmh/jmh-generator-annprocess/1.19/jmh-generator-annprocess-1.19.jar:/home/user/.m2/repository/org/mockito/mockito-all/1.8.5/mockito-all-1.8.5.jar:/home/user/.m2/repository/org/apache/hadoop/hadoop-kms/3.2.0/hadoop-kms-3.2.0.jar:/home/user/.m2/repository/org/apache/hadoop/hadoop-auth/3.2.0/hadoop-auth-3.2.0.jar:/home/user/.m2/repository/com/nimbusds/nimbus-jose-jwt/4.41.1/nimbus-jose-jwt-4.41.1.jar:/home/user/.m2/repository/com/github/stephenc/jcip/jcip-annotations/1.0-1/jcip-annotations-1.0-1.jar:/home/user/.m2/repository/net/minidev/json-smart/2.3/json-smart-2.3.jar:/home/user/.m2/repository/net/minidev/accessors-smart/1.2/accessors-smart-1.2.jar:/home/user/.m2/repository/org/ow2/asm/asm/5.0.4/asm-5.0.4.jar:/home/user/.m2/repository/org/apache/curator/curator-framework/2.12.0/curator-framework-2.12.0.jar:/home/user/.m2/repository/com/sun/jersey/jersey-core/1.19/jersey-core-1.19.jar:/home/user/.m2/repository/javax/ws/rs/jsr311-api/1.1.1/jsr311-api-1.1.1.jar:/home/user/.m2/repository/com/sun/jersey/jersey-server/1.19/jersey-server-1.19.jar:/home/user/.m2/repository/javax/servlet/javax.servlet-api/3.1.0/javax.servlet-api-3.1.0.jar:/home/user/.m2/repository/org/eclipse/jetty/jetty-server/9.3.24.v20180605/jetty-server-9.3.24.v20180605.jar:/home/user/.m2/repository/org/eclipse/jetty/jetty-http/9.3.24.v20180605/jetty-http-9.3.24.v20180605.jar:/home/user/.m2/repository/org/eclipse/jetty/jetty-io/9.3.24.v20180605/jetty-io-9.3.24.v20180605.jar:/home/user/.m2/repository/org/eclipse/jetty/jetty-webapp/9.3.24.v20180605/jetty-webapp-9.3.24.v20180605.jar:/home/user/.m2/repository/org/eclipse/jetty/jetty-xml/9.3.24.v20180605/jetty-xml-9.3.24.v20180605.jar:/home/user/.m2/repository/log4j/log4j/1.2.17/log4j-1.2.17.jar:/home/user/.m2/repository/org/slf4j/slf4j-api/1.7.25/slf4j-api-1.7.25.jar:/home/user/.m2/repository/org/slf4j/jul-to-slf4j/1.7.25/jul-to-slf4j-1.7.25.jar:/home/user/.m2/repository/org/eclipse/jetty/jetty-util/9.3.24.v20180605/jetty-util-9.3.24.v20180605.jar:/home/user/.m2/repository/com/fasterxml/jackson/core/jackson-databind/2.9.5/jackson-databind-2.9.5.jar:/home/user/.m2/repository/org/apache/hadoop/hadoop-kms/3.2.0/hadoop-kms-3.2.0-tests.jar:/home/user/.m2/repository/org/apache/hadoop/hadoop-hdds-server-scm/0.5.0-SNAPSHOT/hadoop-hdds-server-scm-0.5.0-SNAPSHOT-tests.jar:/home/user/.m2/repository/org/apache/hadoop/hadoop-hdds-container-service/0.5.0-SNAPSHOT/hadoop-hdds-container-service-0.5.0-SNAPSHOT-tests.jar:/home/user/.m2/repository/org/yaml/snakeyaml/1.16/snakeyaml-1.16.jar:/home/user/.m2/repository/org/apache/hadoop/hadoop-common/3.2.0/hadoop-common-3.2.0-tests.jar:/home/user/.m2/repository/org/apache/hadoop/hadoop-annotations/3.2.0/hadoop-annotations-3.2.0.jar:/usr/lib/jvm/java-1.8-openjdk/jre/../lib/tools.jar:/home/user/.m2/repository/commons-cli/commons-cli/1.2/commons-cli-1.2.jar:/home/user/.m2/repository/org/apache/httpcomponents/httpclient/4.5.2/httpclient-4.5.2.jar:/home/user/.m2/repository/org/apache/httpcomponents/httpcore/4.4.4/httpcore-4.4.4.jar:/home/user/.m2/repository/commons-codec/commons-codec/1.11/commons-codec-1.11.jar:/home/user/.m2/repository/commons-net/commons-net/3.6/commons-net-3.6.jar:/home/user/.m2/repository/commons-collections/commons-collections/3.2.2/commons-collections-3.2.2.jar:/home/user/.m2/repository/org/eclipse/jetty/jetty-servlet/9.3.24.v20180605/jetty-servlet-9.3.24.v20180605.jar:/home/user/.m2/repository/org/eclipse/jetty/jetty-security/9.3.24.v20180605/jetty-security-9.3.24.v20180605.jar:/home/user/.m2/repository/javax/servlet/jsp/jsp-api/2.1/jsp-api-2.1.jar:/home/user/.m2/repository/com/sun/jersey/jersey-servlet/1.19/jersey-servlet-1.19.jar:/home/user/.m2/repository/com/sun/jersey/jersey-json/1.19/jersey-json-1.19.jar:/home/user/.m2/repository/org/codehaus/jettison/jettison/1.1/jettison-1.1.jar:/home/user/.m2/repository/org/codehaus/jackson/jackson-core-asl/1.9.13/jackson-core-asl-1.9.13.jar:/home/user/.m2/repository/org/codehaus/jackson/jackson-mapper-asl/1.9.13/jackson-mapper-asl-1.9.13.jar:/home/user/.m2/repository/org/codehaus/jackson/jackson-jaxrs/1.9.13/jackson-jaxrs-1.9.13.jar:/home/user/.m2/repository/org/codehaus/jackson/jackson-xc/1.9.13/jackson-xc-1.9.13.jar:/home/user/.m2/repository/commons-logging/commons-logging/1.1.3/commons-logging-1.1.3.jar:/home/user/.m2/repository/commons-beanutils/commons-beanutils/1.9.3/commons-beanutils-1.9.3.jar:/home/user/.m2/repository/org/apache/commons/commons-configuration2/2.1.1/commons-configuration2-2.1.1.jar:/home/user/.m2/repository/org/apache/commons/commons-lang3/3.7/commons-lang3-3.7.jar:/home/user/.m2/repository/org/apache/commons/commons-text/1.4/commons-text-1.4.jar:/home/user/.m2/repository/org/apache/avro/avro/1.7.7/avro-1.7.7.jar:/home/user/.m2/repository/com/thoughtworks/paranamer/paranamer/2.3/paranamer-2.3.jar:/home/user/.m2/repository/org/xerial/snappy/snappy-java/1.0.5/snappy-java-1.0.5.jar:/home/user/.m2/repository/com/google/re2j/re2j/1.1/re2j-1.1.jar:/home/user/.m2/repository/com/google/code/gson/gson/2.2.4/gson-2.2.4.jar:/home/user/.m2/repository/com/jcraft/jsch/0.1.54/jsch-0.1.54.jar:/home/user/.m2/repository/org/apache/curator/curator-client/2.12.0/curator-client-2.12.0.jar:/home/user/.m2/repository/org/apache/curator/curator-recipes/2.12.0/curator-recipes-2.12.0.jar:/home/user/.m2/repository/com/google/code/findbugs/jsr305/3.0.0/jsr305-3.0.0.jar:/home/user/.m2/repository/org/apache/htrace/htrace-core4/4.1.0-incubating/htrace-core4-4.1.0-incubating.jar:/home/user/.m2/repository/org/apache/zookeeper/zookeeper/3.4.13/zookeeper-3.4.13.jar:/home/user/.m2/repository/org/apache/yetus/audience-annotations/0.5.0/audience-annotations-0.5.0.jar:/home/user/.m2/repository/org/codehaus/woodstox/stax2-api/3.1.4/stax2-api-3.1.4.jar:/home/user/.m2/repository/com/fasterxml/woodstox/woodstox-core/5.0.3/woodstox-core-5.0.3.jar:/home/user/.m2/repository/dnsjava/dnsjava/2.1.7/dnsjava-2.1.7.jar:/home/user/.m2/repository/org/apache/hadoop/hadoop-hdfs/3.2.0/hadoop-hdfs-3.2.0-tests.jar:/home/user/.m2/repository/org/eclipse/jetty/jetty-util-ajax/9.3.24.v20180605/jetty-util-ajax-9.3.24.v20180605.jar:/home/user/.m2/repository/commons-daemon/commons-daemon/1.0.13/commons-daemon-1.0.13.jar:/home/user/.m2/repository/io/netty/netty/3.10.5.Final/netty-3.10.5.Final.jar:/home/user/.m2/repository/io/netty/netty-all/4.0.52.Final/netty-all-4.0.52.Final.jar:/home/user/.m2/repository/org/fusesource/leveldbjni/leveldbjni-all/1.8/leveldbjni-all-1.8.jar:"/>
    <property name="sun.cpu.endian" value="little"/>
    <property name="user.home" value="/home/user"/>
    <property name="user.language" value="en"/>
    <property name="java.specification.vendor" value="Oracle Corporation"/>
    <property name="java.home" value="/usr/lib/jvm/java-1.8-openjdk/jre"/>
    <property name="java.security.krb5.conf" value="/workdir/hadoop-ozone/integration-test/target/test-classes/krb5.conf"/>
    <property name="basedir" value="/workdir/hadoop-ozone/integration-test"/>
    <property name="file.separator" value="/"/>
    <property name="line.separator" value="&#10;"/>
    <property name="java.vm.specification.vendor" value="Oracle Corporation"/>
    <property name="java.specification.name" value="Java Platform API Specification"/>
    <property name="java.awt.graphicsenv" value="sun.awt.X11GraphicsEnvironment"/>
    <property name="surefire.real.class.path" value="/workdir/hadoop-ozone/integration-test/target/surefire/surefirebooter3063881448865028323.jar"/>
    <property name="hadoop.log.dir" value="/workdir/hadoop-ozone/integration-test/target/log"/>
    <property name="sun.boot.class.path" value="/usr/lib/jvm/java-1.8-openjdk/jre/lib/resources.jar:/usr/lib/jvm/java-1.8-openjdk/jre/lib/rt.jar:/usr/lib/jvm/java-1.8-openjdk/jre/lib/sunrsasign.jar:/usr/lib/jvm/java-1.8-openjdk/jre/lib/jsse.jar:/usr/lib/jvm/java-1.8-openjdk/jre/lib/jce.jar:/usr/lib/jvm/java-1.8-openjdk/jre/lib/charsets.jar:/usr/lib/jvm/java-1.8-openjdk/jre/lib/jfr.jar:/usr/lib/jvm/java-1.8-openjdk/jre/classes"/>
    <property name="sun.management.compiler" value="HotSpot 64-Bit Tiered Compilers"/>
    <property name="java.runtime.version" value="1.8.0_212-b04"/>
    <property name="java.net.preferIPv4Stack" value="true"/>
    <property name="user.name" value="jenkins1000"/>
    <property name="path.separator" value=":"/>
    <property name="java.security.egd" value="file:///dev/urandom"/>
    <property name="os.version" value="3.10.0-957.12.2.el7.x86_64"/>
    <property name="java.endorsed.dirs" value="/usr/lib/jvm/java-1.8-openjdk/jre/lib/endorsed"/>
    <property name="java.runtime.name" value="OpenJDK Runtime Environment"/>
    <property name="file.encoding" value="UTF-8"/>
    <property name="java.vm.name" value="OpenJDK 64-Bit Server VM"/>
    <property name="test.build.webapps" value=""/>
    <property name="localRepository" value="/home/user/.m2/repository"/>
    <property name="java.vendor.url.bug" value="https://icedtea.classpath.org/bugzilla"/>
    <property name="java.io.tmpdir" value="/tmp"/>
    <property name="require.test.libhadoop" value=""/>
    <property name="java.version" value="1.8.0_212"/>
    <property name="user.dir" value="/workdir/hadoop-ozone/integration-test"/>
    <property name="os.arch" value="amd64"/>
    <property name="java.vm.specification.name" value="Java Virtual Machine Specification"/>
    <property name="test.build.classes" value="/workdir/hadoop-ozone/integration-test/target/test-classes"/>
    <property name="java.awt.printerjob" value="sun.print.PSPrinterJob"/>
    <property name="sun.os.patch.level" value="unknown"/>
    <property name="hadoop.tmp.dir" value="/workdir/hadoop-ozone/integration-test/target/tmp"/>
    <property name="java.library.path" value="/usr/lib/jvm/java-1.8-openjdk/jre/lib/amd64/server:/usr/lib/jvm/java-1.8-openjdk/jre/lib/amd64:/usr/lib/jvm/java-1.8-openjdk/jre/../lib/amd64:/workdir/hadoop-ozone/integration-test/target/native/target/usr/local/lib:/workdir/hadoop-ozone/integration-test/../../hadoop-common-project/hadoop-common/target/native/target/usr/local/lib:/usr/java/packages/lib/amd64:/usr/lib64:/lib64:/lib:/usr/lib"/>
    <property name="java.vm.info" value="mixed mode"/>
    <property name="java.vendor" value="IcedTea"/>
    <property name="java.vm.version" value="25.212-b04"/>
    <property name="java.ext.dirs" value="/usr/lib/jvm/java-1.8-openjdk/jre/lib/ext:/usr/java/packages/lib/ext"/>
    <property name="sun.io.unicode.encoding" value="UnicodeLittle"/>
    <property name="java.class.version" value="52.0"/>
  </properties>
  <testcase name="testPipelineCloseWithPipelineAction" classname="org.apache.hadoop.hdds.scm.pipeline.TestPipelineClose" time="28.513">
    <failure message="Values should be different. Actual: PipelineID=d320e1d9-8fa9-40db-997b-33c9b30e48df" type="java.lang.AssertionError">java.lang.AssertionError: Values should be different. Actual: PipelineID=d320e1d9-8fa9-40db-997b-33c9b30e48df
	at org.junit.Assert.fail(Assert.java:88)
	at org.junit.Assert.failEquals(Assert.java:185)
	at org.junit.Assert.assertNotEquals(Assert.java:161)
	at org.junit.Assert.assertNotEquals(Assert.java:175)
	at org.apache.hadoop.hdds.scm.pipeline.TestPipelineClose.testPipelineCloseWithPipelineAction(TestPipelineClose.java:180)
	at sun.reflect.NativeMethodAccessorImpl.invoke0(Native Method)
	at sun.reflect.NativeMethodAccessorImpl.invoke(NativeMethodAccessorImpl.java:62)
	at sun.reflect.DelegatingMethodAccessorImpl.invoke(DelegatingMethodAccessorImpl.java:43)
	at java.lang.reflect.Method.invoke(Method.java:498)
	at org.junit.runners.model.FrameworkMethod$1.runReflectiveCall(FrameworkMethod.java:47)
	at org.junit.internal.runners.model.ReflectiveCallable.run(ReflectiveCallable.java:12)
	at org.junit.runners.model.FrameworkMethod.invokeExplosively(FrameworkMethod.java:44)
	at org.junit.internal.runners.statements.InvokeMethod.evaluate(InvokeMethod.java:17)
	at org.junit.internal.runners.statements.RunBefores.evaluate(RunBefores.java:26)
	at org.junit.internal.runners.statements.RunAfters.evaluate(RunAfters.java:27)
	at org.junit.runners.ParentRunner.runLeaf(ParentRunner.java:271)
	at org.junit.runners.BlockJUnit4ClassRunner.runChild(BlockJUnit4ClassRunner.java:70)
	at org.junit.runners.BlockJUnit4ClassRunner.runChild(BlockJUnit4ClassRunner.java:50)
	at org.junit.runners.ParentRunner$3.run(ParentRunner.java:238)
	at org.junit.runners.ParentRunner$1.schedule(ParentRunner.java:63)
	at org.junit.runners.ParentRunner.runChildren(ParentRunner.java:236)
	at org.junit.runners.ParentRunner.access$000(ParentRunner.java:53)
	at org.junit.runners.ParentRunner$2.evaluate(ParentRunner.java:229)
	at org.junit.runners.ParentRunner.run(ParentRunner.java:309)
	at org.apache.maven.surefire.junit4.JUnit4Provider.execute(JUnit4Provider.java:365)
	at org.apache.maven.surefire.junit4.JUnit4Provider.executeWithRerun(JUnit4Provider.java:273)
	at org.apache.maven.surefire.junit4.JUnit4Provider.executeTestSet(JUnit4Provider.java:238)
	at org.apache.maven.surefire.junit4.JUnit4Provider.invoke(JUnit4Provider.java:159)
	at org.apache.maven.surefire.booter.ForkedBooter.invokeProviderInSameClassLoader(ForkedBooter.java:384)
	at org.apache.maven.surefire.booter.ForkedBooter.runSuitesInProcess(ForkedBooter.java:345)
	at org.apache.maven.surefire.booter.ForkedBooter.execute(ForkedBooter.java:126)
	at org.apache.maven.surefire.booter.ForkedBooter.main(ForkedBooter.java:418)
</failure>
    <system-out><![CDATA[2019-08-22 13:48:50,827 WARN  server.ServerUtils (ServerUtils.java:getScmDbDir(145)) - ozone.scm.db.dirs is not configured. We recommend adding this setting. Falling back to ozone.metadata.dirs instead.
2019-08-22 13:48:50,963 WARN  server.ServerUtils (ServerUtils.java:getScmDbDir(145)) - ozone.scm.db.dirs is not configured. We recommend adding this setting. Falling back to ozone.metadata.dirs instead.
2019-08-22 13:48:50,967 WARN  server.ServerUtils (ServerUtils.java:getScmDbDir(145)) - ozone.scm.db.dirs is not configured. We recommend adding this setting. Falling back to ozone.metadata.dirs instead.
2019-08-22 13:48:50,988 INFO  util.log (Log.java:initialized(192)) - Logging initialized @950ms
2019-08-22 13:48:51,095 INFO  db.DBStoreBuilder (DBStoreBuilder.java:addTable(110)) - using custom profile for table: deletedBlocks
2019-08-22 13:48:51,096 INFO  db.DBStoreBuilder (DBStoreBuilder.java:processTables(161)) - Using default column profile:DBProfile.DISK for Table:deletedBlocks
2019-08-22 13:48:51,096 INFO  db.DBStoreBuilder (DBStoreBuilder.java:addTable(110)) - using custom profile for table: validCerts
2019-08-22 13:48:51,096 INFO  db.DBStoreBuilder (DBStoreBuilder.java:processTables(161)) - Using default column profile:DBProfile.DISK for Table:validCerts
2019-08-22 13:48:51,097 INFO  db.DBStoreBuilder (DBStoreBuilder.java:addTable(110)) - using custom profile for table: revokedCerts
2019-08-22 13:48:51,097 INFO  db.DBStoreBuilder (DBStoreBuilder.java:processTables(161)) - Using default column profile:DBProfile.DISK for Table:revokedCerts
2019-08-22 13:48:51,109 INFO  db.DBStoreBuilder (DBStoreBuilder.java:addTable(110)) - using custom profile for table: default
2019-08-22 13:48:51,110 INFO  db.DBStoreBuilder (DBStoreBuilder.java:processTables(167)) - Using default column profile:DBProfile.DISK for Table:default
2019-08-22 13:48:51,111 INFO  db.DBStoreBuilder (DBStoreBuilder.java:getDbProfile(198)) - Using default options. DBProfile.DISK
2019-08-22 13:48:51,391 INFO  net.NodeSchemaLoader (NodeSchemaLoader.java:loadSchemaFromFile(125)) - Loading file from sun.misc.CompoundEnumeration@479d31f3
2019-08-22 13:48:51,394 INFO  net.NodeSchemaLoader (NodeSchemaLoader.java:loadSchema(171)) - Loading network topology layer schema file
2019-08-22 13:48:51,485 WARN  server.ServerUtils (ServerUtils.java:sanitizeUserArgs(70)) - ozone.scm.stale.node.interval value = 300000 is larger than max = 100000 based on the key value of ozone.scm.heartbeat.thread.interval, reset to the max value 100000.
2019-08-22 13:48:51,487 WARN  server.ServerUtils (ServerUtils.java:sanitizeUserArgs(70)) - ozone.scm.stale.node.interval value = 300000 is larger than max = 100000 based on the key value of ozone.scm.heartbeat.thread.interval, reset to the max value 100000.
2019-08-22 13:48:51,489 INFO  node.SCMNodeManager (SCMNodeManager.java:<init>(121)) - Entering startup safe mode.
2019-08-22 13:48:51,577 WARN  server.ServerUtils (ServerUtils.java:getScmDbDir(145)) - ozone.scm.db.dirs is not configured. We recommend adding this setting. Falling back to ozone.metadata.dirs instead.
2019-08-22 13:48:51,647 INFO  pipeline.SCMPipelineManager (SCMPipelineManager.java:initializePipelineState(128)) - No pipeline exists in current db
2019-08-22 13:48:51,649 WARN  server.ServerUtils (ServerUtils.java:getScmDbDir(145)) - ozone.scm.db.dirs is not configured. We recommend adding this setting. Falling back to ozone.metadata.dirs instead.
2019-08-22 13:48:51,775 WARN  events.EventQueue (EventQueue.java:fireEvent(175)) - No event handler registered for event TypedEvent{payloadType=SafeModeStatus, name='SafeModeStatus'}
2019-08-22 13:48:52,177 INFO  ipc.CallQueueManager (CallQueueManager.java:<init>(84)) - Using callQueue: class java.util.concurrent.LinkedBlockingQueue, queueCapacity: 2000, scheduler: class org.apache.hadoop.ipc.DefaultRpcScheduler, ipcBackoff: false.
2019-08-22 13:48:52,209 INFO  ipc.Server (Server.java:run(1074)) - Starting Socket Reader #1 for port 41787
2019-08-22 13:48:52,234 INFO  ipc.CallQueueManager (CallQueueManager.java:<init>(84)) - Using callQueue: class java.util.concurrent.LinkedBlockingQueue, queueCapacity: 2000, scheduler: class org.apache.hadoop.ipc.DefaultRpcScheduler, ipcBackoff: false.
2019-08-22 13:48:52,235 INFO  ipc.Server (Server.java:run(1074)) - Starting Socket Reader #1 for port 37369
2019-08-22 13:48:52,243 INFO  ipc.CallQueueManager (CallQueueManager.java:<init>(84)) - Using callQueue: class java.util.concurrent.LinkedBlockingQueue, queueCapacity: 2000, scheduler: class org.apache.hadoop.ipc.DefaultRpcScheduler, ipcBackoff: false.
2019-08-22 13:48:52,244 INFO  ipc.Server (Server.java:run(1074)) - Starting Socket Reader #1 for port 38542
2019-08-22 13:48:52,403 INFO  hdfs.DFSUtil (DFSUtil.java:httpServerTemplateForNNAndJN(1641)) - Starting Web-server for scm at: http://0.0.0.0:0
2019-08-22 13:48:52,590 INFO  server.AuthenticationFilter (AuthenticationFilter.java:constructSecretProvider(240)) - Unable to initialize FileSignerSecretProvider, falling back to use random secrets.
2019-08-22 13:48:52,598 WARN  http.HttpRequestLog (HttpRequestLog.java:getRequestLog(97)) - Jetty request log can only be enabled using Log4j
2019-08-22 13:48:52,606 INFO  http.HttpServer2 (HttpServer2.java:addGlobalFilter(975)) - Added global filter 'safety' (class=org.apache.hadoop.http.HttpServer2$QuotingInputFilter)
2019-08-22 13:48:52,609 INFO  http.HttpServer2 (HttpServer2.java:addFilter(948)) - Added filter static_user_filter (class=org.apache.hadoop.http.lib.StaticUserWebFilter$StaticUserFilter) to context scm
2019-08-22 13:48:52,609 INFO  http.HttpServer2 (HttpServer2.java:addFilter(958)) - Added filter static_user_filter (class=org.apache.hadoop.http.lib.StaticUserWebFilter$StaticUserFilter) to context logs
2019-08-22 13:48:52,610 INFO  http.HttpServer2 (HttpServer2.java:addFilter(958)) - Added filter static_user_filter (class=org.apache.hadoop.http.lib.StaticUserWebFilter$StaticUserFilter) to context static
2019-08-22 13:48:52,638 INFO  server.StorageContainerManager (StorageContainerManager.java:start(758)) - StorageContainerLocationProtocol RPC server is listening at /0.0.0.0:38542
2019-08-22 13:48:52,701 WARN  impl.MetricsConfig (MetricsConfig.java:loadFirst(134)) - Cannot locate configuration: tried hadoop-metrics2-storagecontainermanager.properties,hadoop-metrics2.properties
2019-08-22 13:48:52,713 INFO  impl.MetricsSystemImpl (MetricsSystemImpl.java:startTimer(374)) - Scheduled Metric snapshot period at 10 second(s).
2019-08-22 13:48:52,713 INFO  impl.MetricsSystemImpl (MetricsSystemImpl.java:start(191)) - StorageContainerManager metrics system started
2019-08-22 13:48:52,945 INFO  server.SCMClientProtocolServer (SCMClientProtocolServer.java:start(151)) - RPC server for Client  is listening at /0.0.0.0:38542
2019-08-22 13:48:52,945 INFO  ipc.Server (Server.java:run(1314)) - IPC Server Responder: starting
2019-08-22 13:48:52,945 INFO  ipc.Server (Server.java:run(1153)) - IPC Server listener on 38542: starting
2019-08-22 13:48:52,948 INFO  server.StorageContainerManager (StorageContainerManager.java:start(768)) - ScmBlockLocationProtocol RPC server is listening at /0.0.0.0:37369
2019-08-22 13:48:52,948 INFO  server.SCMBlockProtocolServer (SCMBlockProtocolServer.java:start(140)) - RPC server for Block Protocol is listening at /0.0.0.0:37369
2019-08-22 13:48:52,949 INFO  ipc.Server (Server.java:run(1314)) - IPC Server Responder: starting
2019-08-22 13:48:52,949 INFO  ipc.Server (Server.java:run(1153)) - IPC Server listener on 37369: starting
2019-08-22 13:48:52,951 INFO  server.StorageContainerManager (StorageContainerManager.java:start(772)) - ScmDatanodeProtocl RPC server is listening at /0.0.0.0:41787
2019-08-22 13:48:52,951 INFO  server.SCMDatanodeProtocolServer (SCMDatanodeProtocolServer.java:start(191)) - RPC server for DataNodes is listening at /0.0.0.0:41787
2019-08-22 13:48:52,952 INFO  ipc.Server (Server.java:run(1314)) - IPC Server Responder: starting
2019-08-22 13:48:52,952 INFO  ipc.Server (Server.java:run(1153)) - IPC Server listener on 41787: starting
2019-08-22 13:48:52,955 INFO  http.HttpServer2 (HttpServer2.java:bindListener(1191)) - Jetty bound to port 46790
2019-08-22 13:48:52,957 INFO  server.Server (Server.java:doStart(351)) - jetty-9.3.24.v20180605, build timestamp: 2018-06-05T17:11:56Z, git hash: 84205aa28f11a4f31f2a3b86d1bba2cc8ab69827
2019-08-22 13:48:52,997 INFO  handler.ContextHandler (ContextHandler.java:doStart(781)) - Started o.e.j.s.ServletContextHandler@76012793{/logs,file:///workdir/hadoop-ozone/integration-test/target/log,AVAILABLE}
2019-08-22 13:48:52,997 INFO  handler.ContextHandler (ContextHandler.java:doStart(781)) - Started o.e.j.s.ServletContextHandler@79d94571{/static,file:///workdir/hadoop-ozone/integration-test/target/test-classes/webapps/static,AVAILABLE}
2019-08-22 13:48:53,031 INFO  handler.ContextHandler (ContextHandler.java:doStart(781)) - Started o.e.j.w.WebAppContext@15a902e7{/,file:///workdir/hadoop-ozone/integration-test/target/test-classes/webapps/scm/,AVAILABLE}{/scm}
2019-08-22 13:48:53,037 INFO  server.AbstractConnector (AbstractConnector.java:doStart(278)) - Started ServerConnector@2416a51{HTTP/1.1,[http/1.1]}{0.0.0.0:46790}
2019-08-22 13:48:53,037 INFO  server.Server (Server.java:doStart(419)) - Started @2999ms
2019-08-22 13:48:53,039 INFO  server.BaseHttpServer (BaseHttpServer.java:updateConnectorAddress(213)) - HTTP server of SCM is listening at http://0.0.0.0:46790
2019-08-22 13:48:53,047 INFO  util.JvmPauseMonitor (JvmPauseMonitor.java:run(188)) - Starting JVM pause monitor
2019-08-22 13:48:53,052 WARN  server.ServerUtils (ServerUtils.java:getDBPath(222)) - ozone.om.db.dirs is not configured. We recommend adding this setting. Falling back to ozone.metadata.dirs instead.
2019-08-22 13:48:53,187 WARN  server.ServerUtils (ServerUtils.java:getDBPath(222)) - ozone.om.db.dirs is not configured. We recommend adding this setting. Falling back to ozone.metadata.dirs instead.
2019-08-22 13:48:53,188 WARN  server.ServerUtils (ServerUtils.java:getDBPath(222)) - ozone.om.db.dirs is not configured. We recommend adding this setting. Falling back to ozone.metadata.dirs instead.
2019-08-22 13:48:53,189 INFO  om.OzoneManager (OzoneManager.java:setOMNodeDetails(647)) - OM Service ID is not set. Setting it to the default ID: omServiceIdDefault
2019-08-22 13:48:53,189 INFO  om.OzoneManager (OzoneManager.java:setOMNodeDetails(653)) - OM Node ID is not set. Setting it to the OmStorage's OmID: fc0e564a-aecc-41ef-8089-4c9af3ec7535
2019-08-22 13:48:53,190 INFO  om.OzoneManager (OzoneManager.java:loadOMHAConfigs(604)) - Found matching OM address with OMServiceId: null, OMNodeId: null, RPC Address: localhost:0 and Ratis port: 9872
2019-08-22 13:48:53,960 WARN  server.ServerUtils (ServerUtils.java:getDBPath(222)) - ozone.om.db.dirs is not configured. We recommend adding this setting. Falling back to ozone.metadata.dirs instead.
2019-08-22 13:48:53,968 INFO  db.DBStoreBuilder (DBStoreBuilder.java:addTable(110)) - using custom profile for table: userTable
2019-08-22 13:48:53,968 INFO  db.DBStoreBuilder (DBStoreBuilder.java:processTables(161)) - Using default column profile:DBProfile.DISK for Table:userTable
2019-08-22 13:48:53,969 INFO  db.DBStoreBuilder (DBStoreBuilder.java:addTable(110)) - using custom profile for table: volumeTable
2019-08-22 13:48:53,969 INFO  db.DBStoreBuilder (DBStoreBuilder.java:processTables(161)) - Using default column profile:DBProfile.DISK for Table:volumeTable
2019-08-22 13:48:53,969 INFO  db.DBStoreBuilder (DBStoreBuilder.java:addTable(110)) - using custom profile for table: bucketTable
2019-08-22 13:48:53,969 INFO  db.DBStoreBuilder (DBStoreBuilder.java:processTables(161)) - Using default column profile:DBProfile.DISK for Table:bucketTable
2019-08-22 13:48:53,970 INFO  db.DBStoreBuilder (DBStoreBuilder.java:addTable(110)) - using custom profile for table: keyTable
2019-08-22 13:48:53,970 INFO  db.DBStoreBuilder (DBStoreBuilder.java:processTables(161)) - Using default column profile:DBProfile.DISK for Table:keyTable
2019-08-22 13:48:53,970 INFO  db.DBStoreBuilder (DBStoreBuilder.java:addTable(110)) - using custom profile for table: deletedTable
2019-08-22 13:48:53,970 INFO  db.DBStoreBuilder (DBStoreBuilder.java:processTables(161)) - Using default column profile:DBProfile.DISK for Table:deletedTable
2019-08-22 13:48:53,971 INFO  db.DBStoreBuilder (DBStoreBuilder.java:addTable(110)) - using custom profile for table: openKeyTable
2019-08-22 13:48:53,971 INFO  db.DBStoreBuilder (DBStoreBuilder.java:processTables(161)) - Using default column profile:DBProfile.DISK for Table:openKeyTable
2019-08-22 13:48:53,971 INFO  db.DBStoreBuilder (DBStoreBuilder.java:addTable(110)) - using custom profile for table: s3Table
2019-08-22 13:48:53,971 INFO  db.DBStoreBuilder (DBStoreBuilder.java:processTables(161)) - Using default column profile:DBProfile.DISK for Table:s3Table
2019-08-22 13:48:53,972 INFO  db.DBStoreBuilder (DBStoreBuilder.java:addTable(110)) - using custom profile for table: multipartInfoTable
2019-08-22 13:48:53,972 INFO  db.DBStoreBuilder (DBStoreBuilder.java:processTables(161)) - Using default column profile:DBProfile.DISK for Table:multipartInfoTable
2019-08-22 13:48:53,972 INFO  db.DBStoreBuilder (DBStoreBuilder.java:addTable(110)) - using custom profile for table: dTokenTable
2019-08-22 13:48:53,972 INFO  db.DBStoreBuilder (DBStoreBuilder.java:processTables(161)) - Using default column profile:DBProfile.DISK for Table:dTokenTable
2019-08-22 13:48:53,973 INFO  db.DBStoreBuilder (DBStoreBuilder.java:addTable(110)) - using custom profile for table: s3SecretTable
2019-08-22 13:48:53,973 INFO  db.DBStoreBuilder (DBStoreBuilder.java:processTables(161)) - Using default column profile:DBProfile.DISK for Table:s3SecretTable
2019-08-22 13:48:53,973 INFO  db.DBStoreBuilder (DBStoreBuilder.java:addTable(110)) - using custom profile for table: prefixTable
2019-08-22 13:48:53,973 INFO  db.DBStoreBuilder (DBStoreBuilder.java:processTables(161)) - Using default column profile:DBProfile.DISK for Table:prefixTable
2019-08-22 13:48:53,974 INFO  db.DBStoreBuilder (DBStoreBuilder.java:addTable(110)) - using custom profile for table: default
2019-08-22 13:48:53,974 INFO  db.DBStoreBuilder (DBStoreBuilder.java:processTables(167)) - Using default column profile:DBProfile.DISK for Table:default
2019-08-22 13:48:53,974 INFO  db.DBStoreBuilder (DBStoreBuilder.java:getDbProfile(198)) - Using default options. DBProfile.DISK
2019-08-22 13:48:54,580 INFO  ipc.CallQueueManager (CallQueueManager.java:<init>(84)) - Using callQueue: class java.util.concurrent.LinkedBlockingQueue, queueCapacity: 2000, scheduler: class org.apache.hadoop.ipc.DefaultRpcScheduler, ipcBackoff: false.
2019-08-22 13:48:54,581 INFO  ipc.Server (Server.java:run(1074)) - Starting Socket Reader #1 for port 36150
2019-08-22 13:48:54,628 INFO  om.OzoneManager (OzoneManager.java:start(1258)) - OzoneManager RPC server is listening at localhost/127.0.0.1:36150
2019-08-22 13:48:54,629 INFO  impl.MetricsSystemImpl (MetricsSystemImpl.java:init(158)) - OzoneManager metrics system started (again)
2019-08-22 13:48:54,634 INFO  ipc.Server (Server.java:run(1314)) - IPC Server Responder: starting
2019-08-22 13:48:54,634 INFO  ipc.Server (Server.java:run(1153)) - IPC Server listener on 36150: starting
2019-08-22 13:48:54,645 INFO  hdfs.DFSUtil (DFSUtil.java:httpServerTemplateForNNAndJN(1641)) - Starting Web-server for ozoneManager at: http://0.0.0.0:0
2019-08-22 13:48:54,651 INFO  server.AuthenticationFilter (AuthenticationFilter.java:constructSecretProvider(240)) - Unable to initialize FileSignerSecretProvider, falling back to use random secrets.
2019-08-22 13:48:54,653 WARN  http.HttpRequestLog (HttpRequestLog.java:getRequestLog(97)) - Jetty request log can only be enabled using Log4j
2019-08-22 13:48:54,658 INFO  http.HttpServer2 (HttpServer2.java:addGlobalFilter(975)) - Added global filter 'safety' (class=org.apache.hadoop.http.HttpServer2$QuotingInputFilter)
2019-08-22 13:48:54,660 INFO  http.HttpServer2 (HttpServer2.java:addFilter(948)) - Added filter static_user_filter (class=org.apache.hadoop.http.lib.StaticUserWebFilter$StaticUserFilter) to context ozoneManager
2019-08-22 13:48:54,660 INFO  http.HttpServer2 (HttpServer2.java:addFilter(958)) - Added filter static_user_filter (class=org.apache.hadoop.http.lib.StaticUserWebFilter$StaticUserFilter) to context logs
2019-08-22 13:48:54,661 INFO  http.HttpServer2 (HttpServer2.java:addFilter(958)) - Added filter static_user_filter (class=org.apache.hadoop.http.lib.StaticUserWebFilter$StaticUserFilter) to context static
2019-08-22 13:48:54,666 INFO  http.HttpServer2 (HttpServer2.java:bindListener(1191)) - Jetty bound to port 44138
2019-08-22 13:48:54,666 INFO  server.Server (Server.java:doStart(351)) - jetty-9.3.24.v20180605, build timestamp: 2018-06-05T17:11:56Z, git hash: 84205aa28f11a4f31f2a3b86d1bba2cc8ab69827
2019-08-22 13:48:54,671 INFO  handler.ContextHandler (ContextHandler.java:doStart(781)) - Started o.e.j.s.ServletContextHandler@1b32cd16{/logs,file:///workdir/hadoop-ozone/integration-test/target/log,AVAILABLE}
2019-08-22 13:48:54,672 INFO  handler.ContextHandler (ContextHandler.java:doStart(781)) - Started o.e.j.s.ServletContextHandler@61d01788{/static,file:///workdir/hadoop-ozone/integration-test/target/test-classes/webapps/static,AVAILABLE}
2019-08-22 13:48:54,682 INFO  handler.ContextHandler (ContextHandler.java:doStart(781)) - Started o.e.j.w.WebAppContext@47b2e9e1{/,file:///workdir/hadoop-ozone/integration-test/target/test-classes/webapps/ozoneManager/,AVAILABLE}{/ozoneManager}
2019-08-22 13:48:54,683 INFO  server.AbstractConnector (AbstractConnector.java:doStart(278)) - Started ServerConnector@59942b48{HTTP/1.1,[http/1.1]}{0.0.0.0:44138}
2019-08-22 13:48:54,685 INFO  server.Server (Server.java:doStart(419)) - Started @4647ms
2019-08-22 13:48:54,687 INFO  server.BaseHttpServer (BaseHttpServer.java:updateConnectorAddress(213)) - HTTP server of OZONEMANAGER is listening at http://0.0.0.0:44138
2019-08-22 13:48:55,070 INFO  impl.MetricsSystemImpl (MetricsSystemImpl.java:init(158)) - HddsDatanode metrics system started (again)
2019-08-22 13:48:55,197 INFO  ozone.HddsDatanodeService (HddsDatanodeService.java:start(184)) - HddsDatanodeService host:pr-hdds-1810-6qbbz-1568424974 ip:192.168.69.91
2019-08-22 13:48:55,236 INFO  volume.HddsVolume (HddsVolume.java:<init>(176)) - Creating Volume: /workdir/hadoop-ozone/integration-test/target/test-dir/MiniOzoneClusterImpl-136f7d7a-9d38-404e-b321-8badc284e202/datanode-0/data/containers/hdds of  storage type : DISK and capacity : 1482555576320
2019-08-22 13:48:55,240 INFO  volume.VolumeSet (VolumeSet.java:initializeVolumeSet(170)) - Added Volume : /workdir/hadoop-ozone/integration-test/target/test-dir/MiniOzoneClusterImpl-136f7d7a-9d38-404e-b321-8badc284e202/datanode-0/data/containers/hdds to VolumeSet
2019-08-22 13:48:55,245 INFO  volume.ThrottledAsyncChecker (ThrottledAsyncChecker.java:schedule(140)) - Scheduling a check for org.apache.hadoop.ozone.container.common.volume.HddsVolume@6441c486
2019-08-22 13:48:55,278 INFO  volume.HddsVolumeChecker (HddsVolumeChecker.java:checkAllVolumes(203)) - Scheduled health check for volume org.apache.hadoop.ozone.container.common.volume.HddsVolume@6441c486
2019-08-22 13:48:55,413 INFO  impl.RaftServerProxy (ConfUtils.java:logGet(43)) - raft.rpc.type = GRPC (default)
2019-08-22 13:48:55,502 INFO  grpc.GrpcFactory (GrpcFactory.java:checkPooledByteBufAllocatorUseCacheForAllThreads(45)) - PERFORMANCE WARNING: useCacheForAllThreads is true that may cause Netty to create a lot garbage objects and, as a result, trigger GC.
	It is recommended to disable useCacheForAllThreads by setting -Dorg.apache.ratis.thirdparty.io.netty.allocator.useCacheForAllThreads=false in command line.
2019-08-22 13:48:55,511 INFO  grpc.GrpcConfigKeys$Server (ConfUtils.java:logGet(43)) - raft.grpc.server.port = 0 (default)
2019-08-22 13:48:55,513 INFO  server.GrpcService (ConfUtils.java:logGet(43)) - raft.grpc.message.size.max = 33570816 (custom)
2019-08-22 13:48:55,516 INFO  server.RaftServerConfigKeys (ConfUtils.java:logGet(43)) - raft.server.log.appender.buffer.byte-limit = 33554432 (custom)
2019-08-22 13:48:55,518 INFO  server.GrpcService (ConfUtils.java:logGet(43)) - raft.grpc.flow.control.window = 1MB (=1048576) (default)
2019-08-22 13:48:55,520 INFO  server.RaftServerConfigKeys (ConfUtils.java:logGet(43)) - raft.server.rpc.request.timeout = 3000ms (default)
2019-08-22 13:48:55,705 INFO  server.RaftServerConfigKeys (ConfUtils.java:logGet(43)) - raft.server.storage.dir = [/workdir/hadoop-ozone/integration-test/target/test-dir/MiniOzoneClusterImpl-136f7d7a-9d38-404e-b321-8badc284e202/datanode-0/data/ratis] (custom)
2019-08-22 13:48:55,740 INFO  replication.SimpleContainerDownloader (SimpleContainerDownloader.java:<init>(72)) - Starting container downloader service to copy containers to replicate.
2019-08-22 13:48:55,753 INFO  hdfs.DFSUtil (DFSUtil.java:httpServerTemplateForNNAndJN(1641)) - Starting Web-server for hddsDatanode at: http://0.0.0.0:0
2019-08-22 13:48:55,755 INFO  server.AuthenticationFilter (AuthenticationFilter.java:constructSecretProvider(240)) - Unable to initialize FileSignerSecretProvider, falling back to use random secrets.
2019-08-22 13:48:55,756 WARN  http.HttpRequestLog (HttpRequestLog.java:getRequestLog(97)) - Jetty request log can only be enabled using Log4j
2019-08-22 13:48:55,759 INFO  http.HttpServer2 (HttpServer2.java:addGlobalFilter(975)) - Added global filter 'safety' (class=org.apache.hadoop.http.HttpServer2$QuotingInputFilter)
2019-08-22 13:48:55,760 INFO  http.HttpServer2 (HttpServer2.java:addFilter(948)) - Added filter static_user_filter (class=org.apache.hadoop.http.lib.StaticUserWebFilter$StaticUserFilter) to context hddsDatanode
2019-08-22 13:48:55,761 INFO  http.HttpServer2 (HttpServer2.java:addFilter(958)) - Added filter static_user_filter (class=org.apache.hadoop.http.lib.StaticUserWebFilter$StaticUserFilter) to context logs
2019-08-22 13:48:55,761 INFO  http.HttpServer2 (HttpServer2.java:addFilter(958)) - Added filter static_user_filter (class=org.apache.hadoop.http.lib.StaticUserWebFilter$StaticUserFilter) to context static
2019-08-22 13:48:55,762 INFO  http.HttpServer2 (HttpServer2.java:bindListener(1191)) - Jetty bound to port 33883
2019-08-22 13:48:55,763 INFO  server.Server (Server.java:doStart(351)) - jetty-9.3.24.v20180605, build timestamp: 2018-06-05T17:11:56Z, git hash: 84205aa28f11a4f31f2a3b86d1bba2cc8ab69827
2019-08-22 13:48:55,765 INFO  handler.ContextHandler (ContextHandler.java:doStart(781)) - Started o.e.j.s.ServletContextHandler@dc79225{/logs,file:///workdir/hadoop-ozone/integration-test/target/log,AVAILABLE}
2019-08-22 13:48:55,766 INFO  handler.ContextHandler (ContextHandler.java:doStart(781)) - Started o.e.j.s.ServletContextHandler@46185a1b{/static,jar:file:/home/user/.m2/repository/org/apache/hadoop/hadoop-hdds-container-service/0.5.0-SNAPSHOT/hadoop-hdds-container-service-0.5.0-SNAPSHOT.jar!/webapps/static,AVAILABLE}
2019-08-22 13:48:55,811 INFO  handler.ContextHandler (ContextHandler.java:doStart(781)) - Started o.e.j.w.WebAppContext@4c777e7b{/,file:///tmp/jetty-0.0.0.0-33883-hddsDatanode-_-any-2395321782678899782.dir/webapp/,AVAILABLE}{/hddsDatanode}
2019-08-22 13:48:55,812 INFO  server.AbstractConnector (AbstractConnector.java:doStart(278)) - Started ServerConnector@5f038248{HTTP/1.1,[http/1.1]}{0.0.0.0:33883}
2019-08-22 13:48:55,813 INFO  server.Server (Server.java:doStart(419)) - Started @5776ms
2019-08-22 13:48:55,814 INFO  server.BaseHttpServer (BaseHttpServer.java:updateConnectorAddress(213)) - HTTP server of HDDSDATANODE is listening at http://0.0.0.0:33883
2019-08-22 13:48:57,054 INFO  ozone.HddsDatanodeService (HddsDatanodeService.java:startPlugins(395)) - Started plug-in org.apache.hadoop.ozone.web.OzoneHddsDatanodeService@2e71240b
2019-08-22 13:48:57,056 INFO  impl.MetricsSystemImpl (MetricsSystemImpl.java:init(158)) - HddsDatanode metrics system started (again)
2019-08-22 13:48:57,059 INFO  ozone.HddsDatanodeService (HddsDatanodeService.java:start(184)) - HddsDatanodeService host:pr-hdds-1810-6qbbz-1568424974 ip:192.168.69.91
2019-08-22 13:48:57,060 INFO  util.JvmPauseMonitor (JvmPauseMonitor.java:run(188)) - Starting JVM pause monitor
2019-08-22 13:48:57,068 INFO  volume.HddsVolume (HddsVolume.java:<init>(176)) - Creating Volume: /workdir/hadoop-ozone/integration-test/target/test-dir/MiniOzoneClusterImpl-136f7d7a-9d38-404e-b321-8badc284e202/datanode-1/data/containers/hdds of  storage type : DISK and capacity : 1482555576320
2019-08-22 13:48:57,069 INFO  volume.VolumeSet (VolumeSet.java:initializeVolumeSet(170)) - Added Volume : /workdir/hadoop-ozone/integration-test/target/test-dir/MiniOzoneClusterImpl-136f7d7a-9d38-404e-b321-8badc284e202/datanode-1/data/containers/hdds to VolumeSet
2019-08-22 13:48:57,069 INFO  volume.ThrottledAsyncChecker (ThrottledAsyncChecker.java:schedule(140)) - Scheduling a check for org.apache.hadoop.ozone.container.common.volume.HddsVolume@198536f6
2019-08-22 13:48:57,069 INFO  volume.HddsVolumeChecker (HddsVolumeChecker.java:checkAllVolumes(203)) - Scheduled health check for volume org.apache.hadoop.ozone.container.common.volume.HddsVolume@198536f6
2019-08-22 13:48:57,086 INFO  impl.RaftServerProxy (ConfUtils.java:logGet(43)) - raft.rpc.type = GRPC (default)
2019-08-22 13:48:57,086 INFO  grpc.GrpcFactory (GrpcFactory.java:checkPooledByteBufAllocatorUseCacheForAllThreads(45)) - PERFORMANCE WARNING: useCacheForAllThreads is true that may cause Netty to create a lot garbage objects and, as a result, trigger GC.
	It is recommended to disable useCacheForAllThreads by setting -Dorg.apache.ratis.thirdparty.io.netty.allocator.useCacheForAllThreads=false in command line.
2019-08-22 13:48:57,087 INFO  grpc.GrpcConfigKeys$Server (ConfUtils.java:logGet(43)) - raft.grpc.server.port = 0 (default)
2019-08-22 13:48:57,087 INFO  server.GrpcService (ConfUtils.java:logGet(43)) - raft.grpc.message.size.max = 33570816 (custom)
2019-08-22 13:48:57,087 INFO  server.RaftServerConfigKeys (ConfUtils.java:logGet(43)) - raft.server.log.appender.buffer.byte-limit = 33554432 (custom)
2019-08-22 13:48:57,088 INFO  server.GrpcService (ConfUtils.java:logGet(43)) - raft.grpc.flow.control.window = 1MB (=1048576) (default)
2019-08-22 13:48:57,088 INFO  server.RaftServerConfigKeys (ConfUtils.java:logGet(43)) - raft.server.rpc.request.timeout = 3000ms (default)
2019-08-22 13:48:57,088 INFO  server.RaftServerConfigKeys (ConfUtils.java:logGet(43)) - raft.server.storage.dir = [/workdir/hadoop-ozone/integration-test/target/test-dir/MiniOzoneClusterImpl-136f7d7a-9d38-404e-b321-8badc284e202/datanode-1/data/ratis] (custom)
2019-08-22 13:48:57,089 INFO  replication.SimpleContainerDownloader (SimpleContainerDownloader.java:<init>(72)) - Starting container downloader service to copy containers to replicate.
2019-08-22 13:48:57,090 INFO  hdfs.DFSUtil (DFSUtil.java:httpServerTemplateForNNAndJN(1641)) - Starting Web-server for hddsDatanode at: http://0.0.0.0:0
2019-08-22 13:48:57,093 INFO  server.AuthenticationFilter (AuthenticationFilter.java:constructSecretProvider(240)) - Unable to initialize FileSignerSecretProvider, falling back to use random secrets.
2019-08-22 13:48:57,094 WARN  http.HttpRequestLog (HttpRequestLog.java:getRequestLog(97)) - Jetty request log can only be enabled using Log4j
2019-08-22 13:48:57,097 INFO  http.HttpServer2 (HttpServer2.java:addGlobalFilter(975)) - Added global filter 'safety' (class=org.apache.hadoop.http.HttpServer2$QuotingInputFilter)
2019-08-22 13:48:57,098 INFO  http.HttpServer2 (HttpServer2.java:addFilter(948)) - Added filter static_user_filter (class=org.apache.hadoop.http.lib.StaticUserWebFilter$StaticUserFilter) to context hddsDatanode
2019-08-22 13:48:57,098 INFO  http.HttpServer2 (HttpServer2.java:addFilter(958)) - Added filter static_user_filter (class=org.apache.hadoop.http.lib.StaticUserWebFilter$StaticUserFilter) to context logs
2019-08-22 13:48:57,099 INFO  http.HttpServer2 (HttpServer2.java:addFilter(958)) - Added filter static_user_filter (class=org.apache.hadoop.http.lib.StaticUserWebFilter$StaticUserFilter) to context static
2019-08-22 13:48:57,100 INFO  http.HttpServer2 (HttpServer2.java:bindListener(1191)) - Jetty bound to port 37402
2019-08-22 13:48:57,100 INFO  server.Server (Server.java:doStart(351)) - jetty-9.3.24.v20180605, build timestamp: 2018-06-05T17:11:56Z, git hash: 84205aa28f11a4f31f2a3b86d1bba2cc8ab69827
2019-08-22 13:48:57,105 INFO  handler.ContextHandler (ContextHandler.java:doStart(781)) - Started o.e.j.s.ServletContextHandler@23ca36d{/logs,file:///workdir/hadoop-ozone/integration-test/target/log,AVAILABLE}
2019-08-22 13:48:57,106 INFO  handler.ContextHandler (ContextHandler.java:doStart(781)) - Started o.e.j.s.ServletContextHandler@7bbcf6f0{/static,jar:file:/home/user/.m2/repository/org/apache/hadoop/hadoop-hdds-container-service/0.5.0-SNAPSHOT/hadoop-hdds-container-service-0.5.0-SNAPSHOT.jar!/webapps/static,AVAILABLE}
2019-08-22 13:48:57,149 INFO  handler.ContextHandler (ContextHandler.java:doStart(781)) - Started o.e.j.w.WebAppContext@2e7af36e{/,file:///tmp/jetty-0.0.0.0-37402-hddsDatanode-_-any-8402729431862968447.dir/webapp/,AVAILABLE}{/hddsDatanode}
2019-08-22 13:48:57,151 INFO  server.AbstractConnector (AbstractConnector.java:doStart(278)) - Started ServerConnector@1283ca23{HTTP/1.1,[http/1.1]}{0.0.0.0:37402}
2019-08-22 13:48:57,152 INFO  server.Server (Server.java:doStart(419)) - Started @7114ms
2019-08-22 13:48:57,153 INFO  server.BaseHttpServer (BaseHttpServer.java:updateConnectorAddress(213)) - HTTP server of HDDSDATANODE is listening at http://0.0.0.0:37402
2019-08-22 13:48:57,163 INFO  datanode.InitDatanodeState (InitDatanodeState.java:persistContainerDatanodeDetails(140)) - DatanodeDetails is persisted to /workdir/hadoop-ozone/integration-test/target/test-dir/MiniOzoneClusterImpl-136f7d7a-9d38-404e-b321-8badc284e202/datanode-0/meta/datanode.id
2019-08-22 13:48:57,310 INFO  ozone.HddsDatanodeService (HddsDatanodeService.java:startPlugins(395)) - Started plug-in org.apache.hadoop.ozone.web.OzoneHddsDatanodeService@644a3add
2019-08-22 13:48:57,311 INFO  impl.MetricsSystemImpl (MetricsSystemImpl.java:init(158)) - HddsDatanode metrics system started (again)
2019-08-22 13:48:57,313 INFO  util.JvmPauseMonitor (JvmPauseMonitor.java:run(188)) - Starting JVM pause monitor
2019-08-22 13:48:57,314 INFO  ozone.HddsDatanodeService (HddsDatanodeService.java:start(184)) - HddsDatanodeService host:pr-hdds-1810-6qbbz-1568424974 ip:192.168.69.91
2019-08-22 13:48:57,320 INFO  datanode.InitDatanodeState (InitDatanodeState.java:persistContainerDatanodeDetails(140)) - DatanodeDetails is persisted to /workdir/hadoop-ozone/integration-test/target/test-dir/MiniOzoneClusterImpl-136f7d7a-9d38-404e-b321-8badc284e202/datanode-1/meta/datanode.id
2019-08-22 13:48:57,326 INFO  volume.HddsVolume (HddsVolume.java:<init>(176)) - Creating Volume: /workdir/hadoop-ozone/integration-test/target/test-dir/MiniOzoneClusterImpl-136f7d7a-9d38-404e-b321-8badc284e202/datanode-2/data/containers/hdds of  storage type : DISK and capacity : 1482555576320
2019-08-22 13:48:57,327 INFO  volume.VolumeSet (VolumeSet.java:initializeVolumeSet(170)) - Added Volume : /workdir/hadoop-ozone/integration-test/target/test-dir/MiniOzoneClusterImpl-136f7d7a-9d38-404e-b321-8badc284e202/datanode-2/data/containers/hdds to VolumeSet
2019-08-22 13:48:57,327 INFO  volume.ThrottledAsyncChecker (ThrottledAsyncChecker.java:schedule(140)) - Scheduling a check for org.apache.hadoop.ozone.container.common.volume.HddsVolume@2199e845
2019-08-22 13:48:57,328 INFO  volume.HddsVolumeChecker (HddsVolumeChecker.java:checkAllVolumes(203)) - Scheduled health check for volume org.apache.hadoop.ozone.container.common.volume.HddsVolume@2199e845
2019-08-22 13:48:57,345 INFO  impl.RaftServerProxy (ConfUtils.java:logGet(43)) - raft.rpc.type = GRPC (default)
2019-08-22 13:48:57,345 INFO  grpc.GrpcFactory (GrpcFactory.java:checkPooledByteBufAllocatorUseCacheForAllThreads(45)) - PERFORMANCE WARNING: useCacheForAllThreads is true that may cause Netty to create a lot garbage objects and, as a result, trigger GC.
	It is recommended to disable useCacheForAllThreads by setting -Dorg.apache.ratis.thirdparty.io.netty.allocator.useCacheForAllThreads=false in command line.
2019-08-22 13:48:57,345 INFO  grpc.GrpcConfigKeys$Server (ConfUtils.java:logGet(43)) - raft.grpc.server.port = 0 (default)
2019-08-22 13:48:57,346 INFO  server.GrpcService (ConfUtils.java:logGet(43)) - raft.grpc.message.size.max = 33570816 (custom)
2019-08-22 13:48:57,346 INFO  server.RaftServerConfigKeys (ConfUtils.java:logGet(43)) - raft.server.log.appender.buffer.byte-limit = 33554432 (custom)
2019-08-22 13:48:57,346 INFO  server.GrpcService (ConfUtils.java:logGet(43)) - raft.grpc.flow.control.window = 1MB (=1048576) (default)
2019-08-22 13:48:57,346 INFO  server.RaftServerConfigKeys (ConfUtils.java:logGet(43)) - raft.server.rpc.request.timeout = 3000ms (default)
2019-08-22 13:48:57,347 INFO  server.RaftServerConfigKeys (ConfUtils.java:logGet(43)) - raft.server.storage.dir = [/workdir/hadoop-ozone/integration-test/target/test-dir/MiniOzoneClusterImpl-136f7d7a-9d38-404e-b321-8badc284e202/datanode-2/data/ratis] (custom)
2019-08-22 13:48:57,348 INFO  replication.SimpleContainerDownloader (SimpleContainerDownloader.java:<init>(72)) - Starting container downloader service to copy containers to replicate.
2019-08-22 13:48:57,349 INFO  hdfs.DFSUtil (DFSUtil.java:httpServerTemplateForNNAndJN(1641)) - Starting Web-server for hddsDatanode at: http://0.0.0.0:0
2019-08-22 13:48:57,351 INFO  server.AuthenticationFilter (AuthenticationFilter.java:constructSecretProvider(240)) - Unable to initialize FileSignerSecretProvider, falling back to use random secrets.
2019-08-22 13:48:57,352 WARN  http.HttpRequestLog (HttpRequestLog.java:getRequestLog(97)) - Jetty request log can only be enabled using Log4j
2019-08-22 13:48:57,355 INFO  http.HttpServer2 (HttpServer2.java:addGlobalFilter(975)) - Added global filter 'safety' (class=org.apache.hadoop.http.HttpServer2$QuotingInputFilter)
2019-08-22 13:48:57,356 INFO  http.HttpServer2 (HttpServer2.java:addFilter(948)) - Added filter static_user_filter (class=org.apache.hadoop.http.lib.StaticUserWebFilter$StaticUserFilter) to context hddsDatanode
2019-08-22 13:48:57,357 INFO  http.HttpServer2 (HttpServer2.java:addFilter(958)) - Added filter static_user_filter (class=org.apache.hadoop.http.lib.StaticUserWebFilter$StaticUserFilter) to context static
2019-08-22 13:48:57,357 INFO  http.HttpServer2 (HttpServer2.java:addFilter(958)) - Added filter static_user_filter (class=org.apache.hadoop.http.lib.StaticUserWebFilter$StaticUserFilter) to context logs
2019-08-22 13:48:57,358 INFO  http.HttpServer2 (HttpServer2.java:bindListener(1191)) - Jetty bound to port 32792
2019-08-22 13:48:57,359 INFO  server.Server (Server.java:doStart(351)) - jetty-9.3.24.v20180605, build timestamp: 2018-06-05T17:11:56Z, git hash: 84205aa28f11a4f31f2a3b86d1bba2cc8ab69827
2019-08-22 13:48:57,361 INFO  handler.ContextHandler (ContextHandler.java:doStart(781)) - Started o.e.j.s.ServletContextHandler@528c8c1{/logs,file:///workdir/hadoop-ozone/integration-test/target/log,AVAILABLE}
2019-08-22 13:48:57,362 INFO  handler.ContextHandler (ContextHandler.java:doStart(781)) - Started o.e.j.s.ServletContextHandler@1c046c92{/static,jar:file:/home/user/.m2/repository/org/apache/hadoop/hadoop-hdds-container-service/0.5.0-SNAPSHOT/hadoop-hdds-container-service-0.5.0-SNAPSHOT.jar!/webapps/static,AVAILABLE}
2019-08-22 13:48:57,406 INFO  handler.ContextHandler (ContextHandler.java:doStart(781)) - Started o.e.j.w.WebAppContext@7418d76e{/,file:///tmp/jetty-0.0.0.0-32792-hddsDatanode-_-any-1423166503677942860.dir/webapp/,AVAILABLE}{/hddsDatanode}
2019-08-22 13:48:57,407 INFO  server.AbstractConnector (AbstractConnector.java:doStart(278)) - Started ServerConnector@601eb4af{HTTP/1.1,[http/1.1]}{0.0.0.0:32792}
2019-08-22 13:48:57,408 INFO  server.Server (Server.java:doStart(419)) - Started @7370ms
2019-08-22 13:48:57,409 INFO  server.BaseHttpServer (BaseHttpServer.java:updateConnectorAddress(213)) - HTTP server of HDDSDATANODE is listening at http://0.0.0.0:32792
2019-08-22 13:48:57,561 INFO  ozone.HddsDatanodeService (HddsDatanodeService.java:startPlugins(395)) - Started plug-in org.apache.hadoop.ozone.web.OzoneHddsDatanodeService@679d0be8
2019-08-22 13:48:57,563 INFO  ozone.MiniOzoneClusterImpl (MiniOzoneClusterImpl.java:lambda$waitForClusterToBeReady$0(142)) - Waiting for cluster to be ready. Got 0 of 3 DN Heartbeats.
2019-08-22 13:48:57,563 INFO  util.JvmPauseMonitor (JvmPauseMonitor.java:run(188)) - Starting JVM pause monitor
2019-08-22 13:48:57,566 INFO  datanode.InitDatanodeState (InitDatanodeState.java:persistContainerDatanodeDetails(140)) - DatanodeDetails is persisted to /workdir/hadoop-ozone/integration-test/target/test-dir/MiniOzoneClusterImpl-136f7d7a-9d38-404e-b321-8badc284e202/datanode-2/meta/datanode.id
2019-08-22 13:48:58,563 INFO  ozone.MiniOzoneClusterImpl (MiniOzoneClusterImpl.java:lambda$waitForClusterToBeReady$0(142)) - Waiting for cluster to be ready. Got 0 of 3 DN Heartbeats.
2019-08-22 13:48:59,111 INFO  ozoneimpl.OzoneContainer (OzoneContainer.java:start(186)) - Attempting to start container services.
2019-08-22 13:48:59,113 INFO  ozoneimpl.OzoneContainer (OzoneContainer.java:startContainerScrub(160)) - Background container scrubber has been disabled by hdds.containerscrub.enabled
2019-08-22 13:48:59,113 INFO  ratis.XceiverServerRatis (XceiverServerRatis.java:start(404)) - Starting XceiverServerRatis 08a912a3-6f20-4a1b-b8fb-7c1857166863 at port 0
2019-08-22 13:48:59,139 INFO  impl.RaftServerProxy (RaftServerProxy.java:lambda$start$3(299)) - 08a912a3-6f20-4a1b-b8fb-7c1857166863: start RPC server
2019-08-22 13:48:59,273 INFO  server.GrpcService (GrpcService.java:startImpl(149)) - 08a912a3-6f20-4a1b-b8fb-7c1857166863: GrpcService started, listening on 0.0.0.0/0.0.0.0:40712
2019-08-22 13:48:59,274 INFO  ratis.XceiverServerRatis (XceiverServerRatis.java:start(414)) - XceiverServerRatis 08a912a3-6f20-4a1b-b8fb-7c1857166863 is started using port 40712
2019-08-22 13:48:59,275 INFO  server.XceiverServerGrpc (XceiverServerGrpc.java:start(161)) - XceiverServerGrpc 08a912a3-6f20-4a1b-b8fb-7c1857166863 is started using port 35479
2019-08-22 13:48:59,329 INFO  ozoneimpl.OzoneContainer (OzoneContainer.java:start(186)) - Attempting to start container services.
2019-08-22 13:48:59,331 INFO  ozoneimpl.OzoneContainer (OzoneContainer.java:startContainerScrub(160)) - Background container scrubber has been disabled by hdds.containerscrub.enabled
2019-08-22 13:48:59,331 INFO  ratis.XceiverServerRatis (XceiverServerRatis.java:start(404)) - Starting XceiverServerRatis 2d78f6bd-22a4-4917-a3d8-521bd0faba20 at port 0
2019-08-22 13:48:59,340 INFO  impl.RaftServerProxy (RaftServerProxy.java:lambda$start$3(299)) - 2d78f6bd-22a4-4917-a3d8-521bd0faba20: start RPC server
2019-08-22 13:48:59,342 INFO  server.GrpcService (GrpcService.java:startImpl(149)) - 2d78f6bd-22a4-4917-a3d8-521bd0faba20: GrpcService started, listening on 0.0.0.0/0.0.0.0:41324
2019-08-22 13:48:59,342 INFO  ratis.XceiverServerRatis (XceiverServerRatis.java:start(414)) - XceiverServerRatis 2d78f6bd-22a4-4917-a3d8-521bd0faba20 is started using port 41324
2019-08-22 13:48:59,344 INFO  server.XceiverServerGrpc (XceiverServerGrpc.java:start(161)) - XceiverServerGrpc 2d78f6bd-22a4-4917-a3d8-521bd0faba20 is started using port 44335
2019-08-22 13:48:59,564 INFO  ozone.MiniOzoneClusterImpl (MiniOzoneClusterImpl.java:lambda$waitForClusterToBeReady$0(142)) - Waiting for cluster to be ready. Got 0 of 3 DN Heartbeats.
2019-08-22 13:48:59,591 INFO  ozoneimpl.OzoneContainer (OzoneContainer.java:start(186)) - Attempting to start container services.
2019-08-22 13:48:59,592 INFO  ozoneimpl.OzoneContainer (OzoneContainer.java:startContainerScrub(160)) - Background container scrubber has been disabled by hdds.containerscrub.enabled
2019-08-22 13:48:59,593 INFO  ratis.XceiverServerRatis (XceiverServerRatis.java:start(404)) - Starting XceiverServerRatis 8e9b04b1-d934-4e32-9835-f4d675f14d6b at port 0
2019-08-22 13:48:59,603 INFO  impl.RaftServerProxy (RaftServerProxy.java:lambda$start$3(299)) - 8e9b04b1-d934-4e32-9835-f4d675f14d6b: start RPC server
2019-08-22 13:48:59,605 INFO  server.GrpcService (GrpcService.java:startImpl(149)) - 8e9b04b1-d934-4e32-9835-f4d675f14d6b: GrpcService started, listening on 0.0.0.0/0.0.0.0:35382
2019-08-22 13:48:59,605 INFO  ratis.XceiverServerRatis (XceiverServerRatis.java:start(414)) - XceiverServerRatis 8e9b04b1-d934-4e32-9835-f4d675f14d6b is started using port 35382
2019-08-22 13:48:59,608 INFO  server.XceiverServerGrpc (XceiverServerGrpc.java:start(161)) - XceiverServerGrpc 8e9b04b1-d934-4e32-9835-f4d675f14d6b is started using port 41378
2019-08-22 13:49:00,565 INFO  ozone.MiniOzoneClusterImpl (MiniOzoneClusterImpl.java:lambda$waitForClusterToBeReady$0(142)) - Waiting for cluster to be ready. Got 0 of 3 DN Heartbeats.
2019-08-22 13:49:01,103 INFO  net.NetworkTopology (NetworkTopologyImpl.java:add(110)) - Added a new node: /default-rack/08a912a3-6f20-4a1b-b8fb-7c1857166863
2019-08-22 13:49:01,104 INFO  node.SCMNodeManager (SCMNodeManager.java:register(273)) - Registered Data node : 08a912a3-6f20-4a1b-b8fb-7c1857166863{ip: 192.168.69.91, host: pr-hdds-1810-6qbbz-1568424974, networkLocation: /default-rack, certSerialId: null}
2019-08-22 13:49:01,110 INFO  safemode.SCMSafeModeManager (DataNodeSafeModeRule.java:process(71)) - SCM in safe mode. 1 DataNodes registered, 1 required.
2019-08-22 13:49:01,110 INFO  safemode.SCMSafeModeManager (SCMSafeModeManager.java:validateSafeModeExitRules(177)) - ScmSafeModeManager, all rules are successfully validated
2019-08-22 13:49:01,110 INFO  safemode.SCMSafeModeManager (SCMSafeModeManager.java:exitSafeMode(193)) - SCM exiting safe mode.
2019-08-22 13:49:01,316 INFO  net.NetworkTopology (NetworkTopologyImpl.java:add(110)) - Added a new node: /default-rack/2d78f6bd-22a4-4917-a3d8-521bd0faba20
2019-08-22 13:49:01,317 INFO  node.SCMNodeManager (SCMNodeManager.java:register(273)) - Registered Data node : 2d78f6bd-22a4-4917-a3d8-521bd0faba20{ip: 192.168.69.91, host: pr-hdds-1810-6qbbz-1568424974, networkLocation: /default-rack, certSerialId: null}
2019-08-22 13:49:01,566 INFO  ozone.MiniOzoneClusterImpl (MiniOzoneClusterImpl.java:lambda$waitForClusterToBeReady$0(142)) - Waiting for cluster to be ready. Got 2 of 3 DN Heartbeats.
2019-08-22 13:49:01,568 INFO  net.NetworkTopology (NetworkTopologyImpl.java:add(110)) - Added a new node: /default-rack/8e9b04b1-d934-4e32-9835-f4d675f14d6b
2019-08-22 13:49:01,569 INFO  node.SCMNodeManager (SCMNodeManager.java:register(273)) - Registered Data node : 8e9b04b1-d934-4e32-9835-f4d675f14d6b{ip: 192.168.69.91, host: pr-hdds-1810-6qbbz-1568424974, networkLocation: /default-rack, certSerialId: null}
2019-08-22 13:49:01,599 INFO  impl.RaftServerProxy (RaftServerProxy.java:addNew(89)) - 08a912a3-6f20-4a1b-b8fb-7c1857166863: addNew group-936DDDA716FC:[08a912a3-6f20-4a1b-b8fb-7c1857166863:192.168.69.91:40712] returns group-936DDDA716FC:java.util.concurrent.CompletableFuture@1295e2bf[Not completed]
2019-08-22 13:49:01,612 INFO  impl.RaftServerImpl (RaftServerImpl.java:<init>(93)) - 08a912a3-6f20-4a1b-b8fb-7c1857166863: new RaftServerImpl for group-936DDDA716FC:[08a912a3-6f20-4a1b-b8fb-7c1857166863:192.168.69.91:40712] with ContainerStateMachine:uninitialized
2019-08-22 13:49:01,614 INFO  server.RaftServerConfigKeys (ConfUtils.java:logGet(43)) - raft.server.rpc.timeout.min = 5s (custom)
2019-08-22 13:49:01,614 INFO  server.RaftServerConfigKeys (ConfUtils.java:logGet(43)) - raft.server.rpc.timeout.max = 5200ms (custom)
2019-08-22 13:49:01,615 INFO  server.RaftServerConfigKeys (ConfUtils.java:logGet(43)) - raft.server.rpcslowness.timeout = 120s (custom)
2019-08-22 13:49:01,615 INFO  server.RaftServerConfigKeys (ConfUtils.java:logGet(43)) - raft.server.sleep.deviation.threshold = 300 (default)
2019-08-22 13:49:01,616 INFO  server.RaftServerConfigKeys (ConfUtils.java:logGet(43)) - raft.server.log.appender.install.snapshot.enabled = false (custom)
2019-08-22 13:49:01,623 INFO  impl.RaftServerImpl (ServerState.java:<init>(105)) - 08a912a3-6f20-4a1b-b8fb-7c1857166863:group-936DDDA716FC ConfigurationManager, init=-1: [08a912a3-6f20-4a1b-b8fb-7c1857166863:192.168.69.91:40712], old=null, confs=<EMPTY_MAP>
2019-08-22 13:49:01,623 INFO  server.RaftServerConfigKeys (ConfUtils.java:logGet(43)) - raft.server.storage.dir = [/workdir/hadoop-ozone/integration-test/target/test-dir/MiniOzoneClusterImpl-136f7d7a-9d38-404e-b321-8badc284e202/datanode-0/data/ratis] (custom)
2019-08-22 13:49:01,880 INFO  storage.RaftStorageDirectory (RaftStorageDirectory.java:analyzeStorage(246)) - The storage directory /workdir/hadoop-ozone/integration-test/target/test-dir/MiniOzoneClusterImpl-136f7d7a-9d38-404e-b321-8badc284e202/datanode-0/data/ratis/66439973-c527-4680-8d62-936ddda716fc does not exist. Creating ...
2019-08-22 13:49:01,903 INFO  storage.RaftStorageDirectory (RaftStorageDirectory.java:tryLock(328)) - Lock on /workdir/hadoop-ozone/integration-test/target/test-dir/MiniOzoneClusterImpl-136f7d7a-9d38-404e-b321-8badc284e202/datanode-0/data/ratis/66439973-c527-4680-8d62-936ddda716fc/in_use.lock acquired by nodename 9156@pr-hdds-1810-6qbbz-1568424974
2019-08-22 13:49:01,917 INFO  storage.RaftStorage (RaftStorage.java:format(72)) - Storage directory /workdir/hadoop-ozone/integration-test/target/test-dir/MiniOzoneClusterImpl-136f7d7a-9d38-404e-b321-8badc284e202/datanode-0/data/ratis/66439973-c527-4680-8d62-936ddda716fc has been successfully formatted.
2019-08-22 13:49:01,920 INFO  ratis.ContainerStateMachine (ContainerStateMachine.java:loadSnapshot(222)) - group-936DDDA716FC: The snapshot info is null. Setting the last applied indexto:(t:0, i:~)
2019-08-22 13:49:01,920 INFO  server.RaftServerConfigKeys (ConfUtils.java:logGet(43)) - raft.server.leader.election.timeout = 120s (custom)
2019-08-22 13:49:01,922 INFO  server.RaftServerConfigKeys (ConfUtils.java:logGet(43)) - raft.server.log.use.memory = false (default)
2019-08-22 13:49:01,927 INFO  server.RaftServerConfigKeys (ConfUtils.java:logGet(43)) - raft.server.log.purge.gap = 1000000000 (custom)
2019-08-22 13:49:01,927 INFO  server.RaftServerConfigKeys (ConfUtils.java:logGet(43)) - raft.server.log.appender.buffer.byte-limit = 33554432 (custom)
2019-08-22 13:49:01,928 INFO  server.RaftServerConfigKeys (ConfUtils.java:logGet(43)) - raft.server.log.segment.size.max = 1048576 (custom)
2019-08-22 13:49:01,932 INFO  server.RaftServerConfigKeys (ConfUtils.java:logGet(43)) - raft.server.log.segment.cache.num.max = 2 (custom)
2019-08-22 13:49:01,937 INFO  segmented.SegmentedRaftLogWorker (SegmentedRaftLogWorker.java:<init>(172)) - new 08a912a3-6f20-4a1b-b8fb-7c1857166863-SegmentedRaftLogWorker:Storage Directory /workdir/hadoop-ozone/integration-test/target/test-dir/MiniOzoneClusterImpl-136f7d7a-9d38-404e-b321-8badc284e202/datanode-0/data/ratis/66439973-c527-4680-8d62-936ddda716fc for RaftStorage:Storage Directory /workdir/hadoop-ozone/integration-test/target/test-dir/MiniOzoneClusterImpl-136f7d7a-9d38-404e-b321-8badc284e202/datanode-0/data/ratis/66439973-c527-4680-8d62-936ddda716fc
2019-08-22 13:49:01,947 INFO  server.RaftServerConfigKeys (ConfUtils.java:logGet(43)) - raft.server.log.queue.byte-limit = 2147483647 (custom)
2019-08-22 13:49:01,948 INFO  server.RaftServerConfigKeys (ConfUtils.java:logGet(43)) - raft.server.log.queue.element-limit = 1024 (custom)
2019-08-22 13:49:01,952 INFO  server.RaftServerConfigKeys (ConfUtils.java:logGet(43)) - raft.server.log.segment.size.max = 1048576 (custom)
2019-08-22 13:49:01,952 INFO  server.RaftServerConfigKeys (ConfUtils.java:logGet(43)) - raft.server.log.preallocated.size = 16384 (custom)
2019-08-22 13:49:01,953 INFO  server.RaftServerConfigKeys (ConfUtils.java:logGet(43)) - raft.server.log.write.buffer.size = 33554432 (custom)
2019-08-22 13:49:01,953 INFO  server.RaftServerConfigKeys (ConfUtils.java:logGet(43)) - raft.server.log.force.sync.num = 128 (default)
2019-08-22 13:49:01,954 INFO  server.RaftServerConfigKeys (ConfUtils.java:logGet(43)) - raft.server.log.statemachine.data.sync = true (default)
2019-08-22 13:49:01,955 INFO  server.RaftServerConfigKeys (ConfUtils.java:logGet(43)) - raft.server.log.statemachine.data.sync.timeout = 10s (default)
2019-08-22 13:49:01,955 INFO  server.RaftServerConfigKeys (ConfUtils.java:logGet(43)) - raft.server.log.statemachine.data.sync.timeout.retry = -1 (default)
2019-08-22 13:49:01,963 INFO  server.RaftServerConfigKeys (ConfUtils.java:logGet(43)) - raft.server.log.statemachine.data.caching.enabled = true (custom)
2019-08-22 13:49:01,967 INFO  segmented.SegmentedRaftLogWorker (SegmentedRaftLogWorker.java:lambda$new$0(132)) - 08a912a3-6f20-4a1b-b8fb-7c1857166863-SegmentedRaftLogWorker:Storage Directory /workdir/hadoop-ozone/integration-test/target/test-dir/MiniOzoneClusterImpl-136f7d7a-9d38-404e-b321-8badc284e202/datanode-0/data/ratis/66439973-c527-4680-8d62-936ddda716fc: flushIndex: setUnconditionally 0 -> -1
2019-08-22 13:49:01,970 INFO  server.RaftServerConfigKeys (ConfUtils.java:logGet(43)) - raft.server.snapshot.auto.trigger.enabled = true (custom)
2019-08-22 13:49:01,971 INFO  server.RaftServerConfigKeys (ConfUtils.java:logGet(43)) - raft.server.snapshot.auto.trigger.threshold = 10000 (custom)
2019-08-22 13:49:01,972 INFO  server.RaftServerConfigKeys (ConfUtils.java:logGet(43)) - raft.server.retrycache.expirytime = 600000ms (custom)
2019-08-22 13:49:01,990 INFO  impl.RaftServerImpl (RaftServerImpl.java:start(180)) - 08a912a3-6f20-4a1b-b8fb-7c1857166863: start group-936DDDA716FC
2019-08-22 13:49:01,991 INFO  impl.RaftServerImpl (RaftServerImpl.java:setRole(171)) - 08a912a3-6f20-4a1b-b8fb-7c1857166863:group-936DDDA716FC changes role from null to FOLLOWER at term 0 for startAsFollower
2019-08-22 13:49:01,992 INFO  impl.RoleInfo (RoleInfo.java:updateAndGet(143)) - 08a912a3-6f20-4a1b-b8fb-7c1857166863: start FollowerState
2019-08-22 13:49:01,994 INFO  util.JmxRegister (JmxRegister.java:tryRegister(44)) - Successfully registered JMX Bean with object name Ratis:service=RaftServer,group=group-936DDDA716FC,id=08a912a3-6f20-4a1b-b8fb-7c1857166863
2019-08-22 13:49:02,042 INFO  pipeline.PipelineStateManager (PipelineStateManager.java:addPipeline(56)) - Created pipeline Pipeline[ Id: 66439973-c527-4680-8d62-936ddda716fc, Nodes: 08a912a3-6f20-4a1b-b8fb-7c1857166863{ip: 192.168.69.91, host: pr-hdds-1810-6qbbz-1568424974, networkLocation: /default-rack, certSerialId: null}, Type:RATIS, Factor:ONE, State:OPEN]
2019-08-22 13:49:02,062 INFO  impl.RaftServerProxy (RaftServerProxy.java:addNew(89)) - 8e9b04b1-d934-4e32-9835-f4d675f14d6b: addNew group-A2A9BDFC1C94:[8e9b04b1-d934-4e32-9835-f4d675f14d6b:192.168.69.91:35382] returns group-A2A9BDFC1C94:java.util.concurrent.CompletableFuture@24392576[Not completed]
2019-08-22 13:49:02,093 INFO  impl.RaftServerImpl (RaftServerImpl.java:<init>(93)) - 8e9b04b1-d934-4e32-9835-f4d675f14d6b: new RaftServerImpl for group-A2A9BDFC1C94:[8e9b04b1-d934-4e32-9835-f4d675f14d6b:192.168.69.91:35382] with ContainerStateMachine:uninitialized
2019-08-22 13:49:02,095 INFO  server.RaftServerConfigKeys (ConfUtils.java:logGet(43)) - raft.server.rpc.timeout.min = 5s (custom)
2019-08-22 13:49:02,095 INFO  server.RaftServerConfigKeys (ConfUtils.java:logGet(43)) - raft.server.rpc.timeout.max = 5200ms (custom)
2019-08-22 13:49:02,095 INFO  server.RaftServerConfigKeys (ConfUtils.java:logGet(43)) - raft.server.rpcslowness.timeout = 120s (custom)
2019-08-22 13:49:02,095 INFO  server.RaftServerConfigKeys (ConfUtils.java:logGet(43)) - raft.server.sleep.deviation.threshold = 300 (default)
2019-08-22 13:49:02,096 INFO  server.RaftServerConfigKeys (ConfUtils.java:logGet(43)) - raft.server.log.appender.install.snapshot.enabled = false (custom)
2019-08-22 13:49:02,096 INFO  impl.RaftServerImpl (ServerState.java:<init>(105)) - 8e9b04b1-d934-4e32-9835-f4d675f14d6b:group-A2A9BDFC1C94 ConfigurationManager, init=-1: [8e9b04b1-d934-4e32-9835-f4d675f14d6b:192.168.69.91:35382], old=null, confs=<EMPTY_MAP>
2019-08-22 13:49:02,096 INFO  server.RaftServerConfigKeys (ConfUtils.java:logGet(43)) - raft.server.storage.dir = [/workdir/hadoop-ozone/integration-test/target/test-dir/MiniOzoneClusterImpl-136f7d7a-9d38-404e-b321-8badc284e202/datanode-2/data/ratis] (custom)
2019-08-22 13:49:02,097 INFO  storage.RaftStorageDirectory (RaftStorageDirectory.java:analyzeStorage(246)) - The storage directory /workdir/hadoop-ozone/integration-test/target/test-dir/MiniOzoneClusterImpl-136f7d7a-9d38-404e-b321-8badc284e202/datanode-2/data/ratis/1a299aa9-93ae-4608-9021-a2a9bdfc1c94 does not exist. Creating ...
2019-08-22 13:49:02,111 INFO  storage.RaftStorageDirectory (RaftStorageDirectory.java:tryLock(328)) - Lock on /workdir/hadoop-ozone/integration-test/target/test-dir/MiniOzoneClusterImpl-136f7d7a-9d38-404e-b321-8badc284e202/datanode-2/data/ratis/1a299aa9-93ae-4608-9021-a2a9bdfc1c94/in_use.lock acquired by nodename 9156@pr-hdds-1810-6qbbz-1568424974
2019-08-22 13:49:02,124 INFO  storage.RaftStorage (RaftStorage.java:format(72)) - Storage directory /workdir/hadoop-ozone/integration-test/target/test-dir/MiniOzoneClusterImpl-136f7d7a-9d38-404e-b321-8badc284e202/datanode-2/data/ratis/1a299aa9-93ae-4608-9021-a2a9bdfc1c94 has been successfully formatted.
2019-08-22 13:49:02,125 INFO  ratis.ContainerStateMachine (ContainerStateMachine.java:loadSnapshot(222)) - group-A2A9BDFC1C94: The snapshot info is null. Setting the last applied indexto:(t:0, i:~)
2019-08-22 13:49:02,126 INFO  server.RaftServerConfigKeys (ConfUtils.java:logGet(43)) - raft.server.leader.election.timeout = 120s (custom)
2019-08-22 13:49:02,126 INFO  server.RaftServerConfigKeys (ConfUtils.java:logGet(43)) - raft.server.log.use.memory = false (default)
2019-08-22 13:49:02,127 INFO  server.RaftServerConfigKeys (ConfUtils.java:logGet(43)) - raft.server.log.purge.gap = 1000000000 (custom)
2019-08-22 13:49:02,127 INFO  server.RaftServerConfigKeys (ConfUtils.java:logGet(43)) - raft.server.log.appender.buffer.byte-limit = 33554432 (custom)
2019-08-22 13:49:02,127 INFO  server.RaftServerConfigKeys (ConfUtils.java:logGet(43)) - raft.server.log.segment.size.max = 1048576 (custom)
2019-08-22 13:49:02,127 INFO  server.RaftServerConfigKeys (ConfUtils.java:logGet(43)) - raft.server.log.segment.cache.num.max = 2 (custom)
2019-08-22 13:49:02,127 INFO  segmented.SegmentedRaftLogWorker (SegmentedRaftLogWorker.java:<init>(172)) - new 8e9b04b1-d934-4e32-9835-f4d675f14d6b-SegmentedRaftLogWorker:Storage Directory /workdir/hadoop-ozone/integration-test/target/test-dir/MiniOzoneClusterImpl-136f7d7a-9d38-404e-b321-8badc284e202/datanode-2/data/ratis/1a299aa9-93ae-4608-9021-a2a9bdfc1c94 for RaftStorage:Storage Directory /workdir/hadoop-ozone/integration-test/target/test-dir/MiniOzoneClusterImpl-136f7d7a-9d38-404e-b321-8badc284e202/datanode-2/data/ratis/1a299aa9-93ae-4608-9021-a2a9bdfc1c94
2019-08-22 13:49:02,129 INFO  server.RaftServerConfigKeys (ConfUtils.java:logGet(43)) - raft.server.log.queue.byte-limit = 2147483647 (custom)
2019-08-22 13:49:02,129 INFO  server.RaftServerConfigKeys (ConfUtils.java:logGet(43)) - raft.server.log.queue.element-limit = 1024 (custom)
2019-08-22 13:49:02,129 INFO  server.RaftServerConfigKeys (ConfUtils.java:logGet(43)) - raft.server.log.segment.size.max = 1048576 (custom)
2019-08-22 13:49:02,129 INFO  server.RaftServerConfigKeys (ConfUtils.java:logGet(43)) - raft.server.log.preallocated.size = 16384 (custom)
2019-08-22 13:49:02,130 INFO  server.RaftServerConfigKeys (ConfUtils.java:logGet(43)) - raft.server.log.write.buffer.size = 33554432 (custom)
2019-08-22 13:49:02,130 INFO  server.RaftServerConfigKeys (ConfUtils.java:logGet(43)) - raft.server.log.force.sync.num = 128 (default)
2019-08-22 13:49:02,130 INFO  server.RaftServerConfigKeys (ConfUtils.java:logGet(43)) - raft.server.log.statemachine.data.sync = true (default)
2019-08-22 13:49:02,130 INFO  server.RaftServerConfigKeys (ConfUtils.java:logGet(43)) - raft.server.log.statemachine.data.sync.timeout = 10s (default)
2019-08-22 13:49:02,130 INFO  server.RaftServerConfigKeys (ConfUtils.java:logGet(43)) - raft.server.log.statemachine.data.sync.timeout.retry = -1 (default)
2019-08-22 13:49:02,131 INFO  server.RaftServerConfigKeys (ConfUtils.java:logGet(43)) - raft.server.log.statemachine.data.caching.enabled = true (custom)
2019-08-22 13:49:02,131 INFO  segmented.SegmentedRaftLogWorker (SegmentedRaftLogWorker.java:lambda$new$0(132)) - 8e9b04b1-d934-4e32-9835-f4d675f14d6b-SegmentedRaftLogWorker:Storage Directory /workdir/hadoop-ozone/integration-test/target/test-dir/MiniOzoneClusterImpl-136f7d7a-9d38-404e-b321-8badc284e202/datanode-2/data/ratis/1a299aa9-93ae-4608-9021-a2a9bdfc1c94: flushIndex: setUnconditionally 0 -> -1
2019-08-22 13:49:02,132 INFO  server.RaftServerConfigKeys (ConfUtils.java:logGet(43)) - raft.server.snapshot.auto.trigger.enabled = true (custom)
2019-08-22 13:49:02,132 INFO  server.RaftServerConfigKeys (ConfUtils.java:logGet(43)) - raft.server.snapshot.auto.trigger.threshold = 10000 (custom)
2019-08-22 13:49:02,132 INFO  server.RaftServerConfigKeys (ConfUtils.java:logGet(43)) - raft.server.retrycache.expirytime = 600000ms (custom)
2019-08-22 13:49:02,133 INFO  impl.RaftServerImpl (RaftServerImpl.java:start(180)) - 8e9b04b1-d934-4e32-9835-f4d675f14d6b: start group-A2A9BDFC1C94
2019-08-22 13:49:02,133 INFO  impl.RaftServerImpl (RaftServerImpl.java:setRole(171)) - 8e9b04b1-d934-4e32-9835-f4d675f14d6b:group-A2A9BDFC1C94 changes role from null to FOLLOWER at term 0 for startAsFollower
2019-08-22 13:49:02,133 INFO  impl.RoleInfo (RoleInfo.java:updateAndGet(143)) - 8e9b04b1-d934-4e32-9835-f4d675f14d6b: start FollowerState
2019-08-22 13:49:02,134 INFO  util.JmxRegister (JmxRegister.java:tryRegister(44)) - Successfully registered JMX Bean with object name Ratis:service=RaftServer,group=group-A2A9BDFC1C94,id=8e9b04b1-d934-4e32-9835-f4d675f14d6b
2019-08-22 13:49:02,146 INFO  pipeline.PipelineStateManager (PipelineStateManager.java:addPipeline(56)) - Created pipeline Pipeline[ Id: 1a299aa9-93ae-4608-9021-a2a9bdfc1c94, Nodes: 8e9b04b1-d934-4e32-9835-f4d675f14d6b{ip: 192.168.69.91, host: pr-hdds-1810-6qbbz-1568424974, networkLocation: /default-rack, certSerialId: null}, Type:RATIS, Factor:ONE, State:OPEN]
2019-08-22 13:49:02,164 INFO  impl.RaftServerProxy (RaftServerProxy.java:addNew(89)) - 2d78f6bd-22a4-4917-a3d8-521bd0faba20: addNew group-4A4BBCF01021:[2d78f6bd-22a4-4917-a3d8-521bd0faba20:192.168.69.91:41324] returns group-4A4BBCF01021:java.util.concurrent.CompletableFuture@749b8e45[Not completed]
2019-08-22 13:49:02,170 INFO  impl.RaftServerImpl (RaftServerImpl.java:<init>(93)) - 2d78f6bd-22a4-4917-a3d8-521bd0faba20: new RaftServerImpl for group-4A4BBCF01021:[2d78f6bd-22a4-4917-a3d8-521bd0faba20:192.168.69.91:41324] with ContainerStateMachine:uninitialized
2019-08-22 13:49:02,171 INFO  server.RaftServerConfigKeys (ConfUtils.java:logGet(43)) - raft.server.rpc.timeout.min = 5s (custom)
2019-08-22 13:49:02,171 INFO  server.RaftServerConfigKeys (ConfUtils.java:logGet(43)) - raft.server.rpc.timeout.max = 5200ms (custom)
2019-08-22 13:49:02,171 INFO  server.RaftServerConfigKeys (ConfUtils.java:logGet(43)) - raft.server.rpcslowness.timeout = 120s (custom)
2019-08-22 13:49:02,171 INFO  server.RaftServerConfigKeys (ConfUtils.java:logGet(43)) - raft.server.sleep.deviation.threshold = 300 (default)
2019-08-22 13:49:02,171 INFO  server.RaftServerConfigKeys (ConfUtils.java:logGet(43)) - raft.server.log.appender.install.snapshot.enabled = false (custom)
2019-08-22 13:49:02,171 INFO  impl.RaftServerImpl (ServerState.java:<init>(105)) - 2d78f6bd-22a4-4917-a3d8-521bd0faba20:group-4A4BBCF01021 ConfigurationManager, init=-1: [2d78f6bd-22a4-4917-a3d8-521bd0faba20:192.168.69.91:41324], old=null, confs=<EMPTY_MAP>
2019-08-22 13:49:02,171 INFO  server.RaftServerConfigKeys (ConfUtils.java:logGet(43)) - raft.server.storage.dir = [/workdir/hadoop-ozone/integration-test/target/test-dir/MiniOzoneClusterImpl-136f7d7a-9d38-404e-b321-8badc284e202/datanode-1/data/ratis] (custom)
2019-08-22 13:49:02,172 INFO  storage.RaftStorageDirectory (RaftStorageDirectory.java:analyzeStorage(246)) - The storage directory /workdir/hadoop-ozone/integration-test/target/test-dir/MiniOzoneClusterImpl-136f7d7a-9d38-404e-b321-8badc284e202/datanode-1/data/ratis/8331d0c6-676a-4ce3-9d12-4a4bbcf01021 does not exist. Creating ...
2019-08-22 13:49:02,184 INFO  storage.RaftStorageDirectory (RaftStorageDirectory.java:tryLock(328)) - Lock on /workdir/hadoop-ozone/integration-test/target/test-dir/MiniOzoneClusterImpl-136f7d7a-9d38-404e-b321-8badc284e202/datanode-1/data/ratis/8331d0c6-676a-4ce3-9d12-4a4bbcf01021/in_use.lock acquired by nodename 9156@pr-hdds-1810-6qbbz-1568424974
2019-08-22 13:49:02,196 INFO  storage.RaftStorage (RaftStorage.java:format(72)) - Storage directory /workdir/hadoop-ozone/integration-test/target/test-dir/MiniOzoneClusterImpl-136f7d7a-9d38-404e-b321-8badc284e202/datanode-1/data/ratis/8331d0c6-676a-4ce3-9d12-4a4bbcf01021 has been successfully formatted.
2019-08-22 13:49:02,197 INFO  ratis.ContainerStateMachine (ContainerStateMachine.java:loadSnapshot(222)) - group-4A4BBCF01021: The snapshot info is null. Setting the last applied indexto:(t:0, i:~)
2019-08-22 13:49:02,197 INFO  server.RaftServerConfigKeys (ConfUtils.java:logGet(43)) - raft.server.leader.election.timeout = 120s (custom)
2019-08-22 13:49:02,197 INFO  server.RaftServerConfigKeys (ConfUtils.java:logGet(43)) - raft.server.log.use.memory = false (default)
2019-08-22 13:49:02,197 INFO  server.RaftServerConfigKeys (ConfUtils.java:logGet(43)) - raft.server.log.purge.gap = 1000000000 (custom)
2019-08-22 13:49:02,197 INFO  server.RaftServerConfigKeys (ConfUtils.java:logGet(43)) - raft.server.log.appender.buffer.byte-limit = 33554432 (custom)
2019-08-22 13:49:02,197 INFO  server.RaftServerConfigKeys (ConfUtils.java:logGet(43)) - raft.server.log.segment.size.max = 1048576 (custom)
2019-08-22 13:49:02,198 INFO  server.RaftServerConfigKeys (ConfUtils.java:logGet(43)) - raft.server.log.segment.cache.num.max = 2 (custom)
2019-08-22 13:49:02,198 INFO  segmented.SegmentedRaftLogWorker (SegmentedRaftLogWorker.java:<init>(172)) - new 2d78f6bd-22a4-4917-a3d8-521bd0faba20-SegmentedRaftLogWorker:Storage Directory /workdir/hadoop-ozone/integration-test/target/test-dir/MiniOzoneClusterImpl-136f7d7a-9d38-404e-b321-8badc284e202/datanode-1/data/ratis/8331d0c6-676a-4ce3-9d12-4a4bbcf01021 for RaftStorage:Storage Directory /workdir/hadoop-ozone/integration-test/target/test-dir/MiniOzoneClusterImpl-136f7d7a-9d38-404e-b321-8badc284e202/datanode-1/data/ratis/8331d0c6-676a-4ce3-9d12-4a4bbcf01021
2019-08-22 13:49:02,198 INFO  server.RaftServerConfigKeys (ConfUtils.java:logGet(43)) - raft.server.log.queue.byte-limit = 2147483647 (custom)
2019-08-22 13:49:02,198 INFO  server.RaftServerConfigKeys (ConfUtils.java:logGet(43)) - raft.server.log.queue.element-limit = 1024 (custom)
2019-08-22 13:49:02,198 INFO  server.RaftServerConfigKeys (ConfUtils.java:logGet(43)) - raft.server.log.segment.size.max = 1048576 (custom)
2019-08-22 13:49:02,198 INFO  server.RaftServerConfigKeys (ConfUtils.java:logGet(43)) - raft.server.log.preallocated.size = 16384 (custom)
2019-08-22 13:49:02,198 INFO  server.RaftServerConfigKeys (ConfUtils.java:logGet(43)) - raft.server.log.write.buffer.size = 33554432 (custom)
2019-08-22 13:49:02,199 INFO  server.RaftServerConfigKeys (ConfUtils.java:logGet(43)) - raft.server.log.force.sync.num = 128 (default)
2019-08-22 13:49:02,199 INFO  server.RaftServerConfigKeys (ConfUtils.java:logGet(43)) - raft.server.log.statemachine.data.sync = true (default)
2019-08-22 13:49:02,199 INFO  server.RaftServerConfigKeys (ConfUtils.java:logGet(43)) - raft.server.log.statemachine.data.sync.timeout = 10s (default)
2019-08-22 13:49:02,199 INFO  server.RaftServerConfigKeys (ConfUtils.java:logGet(43)) - raft.server.log.statemachine.data.sync.timeout.retry = -1 (default)
2019-08-22 13:49:02,199 INFO  server.RaftServerConfigKeys (ConfUtils.java:logGet(43)) - raft.server.log.statemachine.data.caching.enabled = true (custom)
2019-08-22 13:49:02,200 INFO  segmented.SegmentedRaftLogWorker (SegmentedRaftLogWorker.java:lambda$new$0(132)) - 2d78f6bd-22a4-4917-a3d8-521bd0faba20-SegmentedRaftLogWorker:Storage Directory /workdir/hadoop-ozone/integration-test/target/test-dir/MiniOzoneClusterImpl-136f7d7a-9d38-404e-b321-8badc284e202/datanode-1/data/ratis/8331d0c6-676a-4ce3-9d12-4a4bbcf01021: flushIndex: setUnconditionally 0 -> -1
2019-08-22 13:49:02,200 INFO  server.RaftServerConfigKeys (ConfUtils.java:logGet(43)) - raft.server.snapshot.auto.trigger.enabled = true (custom)
2019-08-22 13:49:02,200 INFO  server.RaftServerConfigKeys (ConfUtils.java:logGet(43)) - raft.server.snapshot.auto.trigger.threshold = 10000 (custom)
2019-08-22 13:49:02,200 INFO  server.RaftServerConfigKeys (ConfUtils.java:logGet(43)) - raft.server.retrycache.expirytime = 600000ms (custom)
2019-08-22 13:49:02,200 INFO  impl.RaftServerImpl (RaftServerImpl.java:start(180)) - 2d78f6bd-22a4-4917-a3d8-521bd0faba20: start group-4A4BBCF01021
2019-08-22 13:49:02,200 INFO  impl.RaftServerImpl (RaftServerImpl.java:setRole(171)) - 2d78f6bd-22a4-4917-a3d8-521bd0faba20:group-4A4BBCF01021 changes role from null to FOLLOWER at term 0 for startAsFollower
2019-08-22 13:49:02,201 INFO  impl.RoleInfo (RoleInfo.java:updateAndGet(143)) - 2d78f6bd-22a4-4917-a3d8-521bd0faba20: start FollowerState
2019-08-22 13:49:02,201 INFO  util.JmxRegister (JmxRegister.java:tryRegister(44)) - Successfully registered JMX Bean with object name Ratis:service=RaftServer,group=group-4A4BBCF01021,id=2d78f6bd-22a4-4917-a3d8-521bd0faba20
2019-08-22 13:49:02,213 INFO  pipeline.PipelineStateManager (PipelineStateManager.java:addPipeline(56)) - Created pipeline Pipeline[ Id: 8331d0c6-676a-4ce3-9d12-4a4bbcf01021, Nodes: 2d78f6bd-22a4-4917-a3d8-521bd0faba20{ip: 192.168.69.91, host: pr-hdds-1810-6qbbz-1568424974, networkLocation: /default-rack, certSerialId: null}, Type:RATIS, Factor:ONE, State:OPEN]
2019-08-22 13:49:02,251 INFO  impl.RaftServerProxy (RaftServerProxy.java:addNew(89)) - 8e9b04b1-d934-4e32-9835-f4d675f14d6b: addNew group-33C9B30E48DF:[08a912a3-6f20-4a1b-b8fb-7c1857166863:192.168.69.91:40712, 2d78f6bd-22a4-4917-a3d8-521bd0faba20:192.168.69.91:41324, 8e9b04b1-d934-4e32-9835-f4d675f14d6b:192.168.69.91:35382] returns group-33C9B30E48DF:java.util.concurrent.CompletableFuture@606ce5a[Not completed]
2019-08-22 13:49:02,253 INFO  impl.RaftServerProxy (RaftServerProxy.java:addNew(89)) - 08a912a3-6f20-4a1b-b8fb-7c1857166863: addNew group-33C9B30E48DF:[08a912a3-6f20-4a1b-b8fb-7c1857166863:192.168.69.91:40712, 2d78f6bd-22a4-4917-a3d8-521bd0faba20:192.168.69.91:41324, 8e9b04b1-d934-4e32-9835-f4d675f14d6b:192.168.69.91:35382] returns group-33C9B30E48DF:java.util.concurrent.CompletableFuture@748fcbee[Not completed]
2019-08-22 13:49:02,253 INFO  impl.RaftServerProxy (RaftServerProxy.java:addNew(89)) - 2d78f6bd-22a4-4917-a3d8-521bd0faba20: addNew group-33C9B30E48DF:[08a912a3-6f20-4a1b-b8fb-7c1857166863:192.168.69.91:40712, 2d78f6bd-22a4-4917-a3d8-521bd0faba20:192.168.69.91:41324, 8e9b04b1-d934-4e32-9835-f4d675f14d6b:192.168.69.91:35382] returns group-33C9B30E48DF:java.util.concurrent.CompletableFuture@2394a42[Not completed]
2019-08-22 13:49:02,254 INFO  impl.RaftServerImpl (RaftServerImpl.java:<init>(93)) - 8e9b04b1-d934-4e32-9835-f4d675f14d6b: new RaftServerImpl for group-33C9B30E48DF:[08a912a3-6f20-4a1b-b8fb-7c1857166863:192.168.69.91:40712, 2d78f6bd-22a4-4917-a3d8-521bd0faba20:192.168.69.91:41324, 8e9b04b1-d934-4e32-9835-f4d675f14d6b:192.168.69.91:35382] with ContainerStateMachine:uninitialized
2019-08-22 13:49:02,255 INFO  server.RaftServerConfigKeys (ConfUtils.java:logGet(43)) - raft.server.rpc.timeout.min = 5s (custom)
2019-08-22 13:49:02,255 INFO  server.RaftServerConfigKeys (ConfUtils.java:logGet(43)) - raft.server.rpc.timeout.max = 5200ms (custom)
2019-08-22 13:49:02,255 INFO  server.RaftServerConfigKeys (ConfUtils.java:logGet(43)) - raft.server.rpcslowness.timeout = 120s (custom)
2019-08-22 13:49:02,255 INFO  impl.RaftServerImpl (RaftServerImpl.java:<init>(93)) - 2d78f6bd-22a4-4917-a3d8-521bd0faba20: new RaftServerImpl for group-33C9B30E48DF:[08a912a3-6f20-4a1b-b8fb-7c1857166863:192.168.69.91:40712, 2d78f6bd-22a4-4917-a3d8-521bd0faba20:192.168.69.91:41324, 8e9b04b1-d934-4e32-9835-f4d675f14d6b:192.168.69.91:35382] with ContainerStateMachine:uninitialized
2019-08-22 13:49:02,255 INFO  server.RaftServerConfigKeys (ConfUtils.java:logGet(43)) - raft.server.sleep.deviation.threshold = 300 (default)
2019-08-22 13:49:02,255 INFO  server.RaftServerConfigKeys (ConfUtils.java:logGet(43)) - raft.server.rpc.timeout.min = 5s (custom)
2019-08-22 13:49:02,256 INFO  server.RaftServerConfigKeys (ConfUtils.java:logGet(43)) - raft.server.log.appender.install.snapshot.enabled = false (custom)
2019-08-22 13:49:02,256 INFO  server.RaftServerConfigKeys (ConfUtils.java:logGet(43)) - raft.server.rpc.timeout.max = 5200ms (custom)
2019-08-22 13:49:02,256 INFO  impl.RaftServerImpl (ServerState.java:<init>(105)) - 8e9b04b1-d934-4e32-9835-f4d675f14d6b:group-33C9B30E48DF ConfigurationManager, init=-1: [08a912a3-6f20-4a1b-b8fb-7c1857166863:192.168.69.91:40712, 2d78f6bd-22a4-4917-a3d8-521bd0faba20:192.168.69.91:41324, 8e9b04b1-d934-4e32-9835-f4d675f14d6b:192.168.69.91:35382], old=null, confs=<EMPTY_MAP>
2019-08-22 13:49:02,256 INFO  server.RaftServerConfigKeys (ConfUtils.java:logGet(43)) - raft.server.rpcslowness.timeout = 120s (custom)
2019-08-22 13:49:02,256 INFO  impl.RaftServerImpl (RaftServerImpl.java:<init>(93)) - 08a912a3-6f20-4a1b-b8fb-7c1857166863: new RaftServerImpl for group-33C9B30E48DF:[08a912a3-6f20-4a1b-b8fb-7c1857166863:192.168.69.91:40712, 2d78f6bd-22a4-4917-a3d8-521bd0faba20:192.168.69.91:41324, 8e9b04b1-d934-4e32-9835-f4d675f14d6b:192.168.69.91:35382] with ContainerStateMachine:uninitialized
2019-08-22 13:49:02,256 INFO  server.RaftServerConfigKeys (ConfUtils.java:logGet(43)) - raft.server.storage.dir = [/workdir/hadoop-ozone/integration-test/target/test-dir/MiniOzoneClusterImpl-136f7d7a-9d38-404e-b321-8badc284e202/datanode-2/data/ratis] (custom)
2019-08-22 13:49:02,256 INFO  server.RaftServerConfigKeys (ConfUtils.java:logGet(43)) - raft.server.sleep.deviation.threshold = 300 (default)
2019-08-22 13:49:02,256 INFO  server.RaftServerConfigKeys (ConfUtils.java:logGet(43)) - raft.server.rpc.timeout.min = 5s (custom)
2019-08-22 13:49:02,256 INFO  server.RaftServerConfigKeys (ConfUtils.java:logGet(43)) - raft.server.log.appender.install.snapshot.enabled = false (custom)
2019-08-22 13:49:02,257 INFO  storage.RaftStorageDirectory (RaftStorageDirectory.java:analyzeStorage(246)) - The storage directory /workdir/hadoop-ozone/integration-test/target/test-dir/MiniOzoneClusterImpl-136f7d7a-9d38-404e-b321-8badc284e202/datanode-2/data/ratis/d320e1d9-8fa9-40db-997b-33c9b30e48df does not exist. Creating ...
2019-08-22 13:49:02,257 INFO  server.RaftServerConfigKeys (ConfUtils.java:logGet(43)) - raft.server.rpc.timeout.max = 5200ms (custom)
2019-08-22 13:49:02,257 INFO  impl.RaftServerImpl (ServerState.java:<init>(105)) - 2d78f6bd-22a4-4917-a3d8-521bd0faba20:group-33C9B30E48DF ConfigurationManager, init=-1: [08a912a3-6f20-4a1b-b8fb-7c1857166863:192.168.69.91:40712, 2d78f6bd-22a4-4917-a3d8-521bd0faba20:192.168.69.91:41324, 8e9b04b1-d934-4e32-9835-f4d675f14d6b:192.168.69.91:35382], old=null, confs=<EMPTY_MAP>
2019-08-22 13:49:02,257 INFO  server.RaftServerConfigKeys (ConfUtils.java:logGet(43)) - raft.server.rpcslowness.timeout = 120s (custom)
2019-08-22 13:49:02,257 INFO  server.RaftServerConfigKeys (ConfUtils.java:logGet(43)) - raft.server.storage.dir = [/workdir/hadoop-ozone/integration-test/target/test-dir/MiniOzoneClusterImpl-136f7d7a-9d38-404e-b321-8badc284e202/datanode-1/data/ratis] (custom)
2019-08-22 13:49:02,257 INFO  server.RaftServerConfigKeys (ConfUtils.java:logGet(43)) - raft.server.sleep.deviation.threshold = 300 (default)
2019-08-22 13:49:02,257 INFO  server.RaftServerConfigKeys (ConfUtils.java:logGet(43)) - raft.server.log.appender.install.snapshot.enabled = false (custom)
2019-08-22 13:49:02,257 INFO  storage.RaftStorageDirectory (RaftStorageDirectory.java:analyzeStorage(246)) - The storage directory /workdir/hadoop-ozone/integration-test/target/test-dir/MiniOzoneClusterImpl-136f7d7a-9d38-404e-b321-8badc284e202/datanode-1/data/ratis/d320e1d9-8fa9-40db-997b-33c9b30e48df does not exist. Creating ...
2019-08-22 13:49:02,258 INFO  impl.RaftServerImpl (ServerState.java:<init>(105)) - 08a912a3-6f20-4a1b-b8fb-7c1857166863:group-33C9B30E48DF ConfigurationManager, init=-1: [08a912a3-6f20-4a1b-b8fb-7c1857166863:192.168.69.91:40712, 2d78f6bd-22a4-4917-a3d8-521bd0faba20:192.168.69.91:41324, 8e9b04b1-d934-4e32-9835-f4d675f14d6b:192.168.69.91:35382], old=null, confs=<EMPTY_MAP>
2019-08-22 13:49:02,258 INFO  server.RaftServerConfigKeys (ConfUtils.java:logGet(43)) - raft.server.storage.dir = [/workdir/hadoop-ozone/integration-test/target/test-dir/MiniOzoneClusterImpl-136f7d7a-9d38-404e-b321-8badc284e202/datanode-0/data/ratis] (custom)
2019-08-22 13:49:02,258 INFO  storage.RaftStorageDirectory (RaftStorageDirectory.java:analyzeStorage(246)) - The storage directory /workdir/hadoop-ozone/integration-test/target/test-dir/MiniOzoneClusterImpl-136f7d7a-9d38-404e-b321-8badc284e202/datanode-0/data/ratis/d320e1d9-8fa9-40db-997b-33c9b30e48df does not exist. Creating ...
2019-08-22 13:49:02,270 INFO  storage.RaftStorageDirectory (RaftStorageDirectory.java:tryLock(328)) - Lock on /workdir/hadoop-ozone/integration-test/target/test-dir/MiniOzoneClusterImpl-136f7d7a-9d38-404e-b321-8badc284e202/datanode-1/data/ratis/d320e1d9-8fa9-40db-997b-33c9b30e48df/in_use.lock acquired by nodename 9156@pr-hdds-1810-6qbbz-1568424974
2019-08-22 13:49:02,270 INFO  storage.RaftStorageDirectory (RaftStorageDirectory.java:tryLock(328)) - Lock on /workdir/hadoop-ozone/integration-test/target/test-dir/MiniOzoneClusterImpl-136f7d7a-9d38-404e-b321-8badc284e202/datanode-2/data/ratis/d320e1d9-8fa9-40db-997b-33c9b30e48df/in_use.lock acquired by nodename 9156@pr-hdds-1810-6qbbz-1568424974
2019-08-22 13:49:02,270 INFO  storage.RaftStorageDirectory (RaftStorageDirectory.java:tryLock(328)) - Lock on /workdir/hadoop-ozone/integration-test/target/test-dir/MiniOzoneClusterImpl-136f7d7a-9d38-404e-b321-8badc284e202/datanode-0/data/ratis/d320e1d9-8fa9-40db-997b-33c9b30e48df/in_use.lock acquired by nodename 9156@pr-hdds-1810-6qbbz-1568424974
2019-08-22 13:49:02,284 INFO  storage.RaftStorage (RaftStorage.java:format(72)) - Storage directory /workdir/hadoop-ozone/integration-test/target/test-dir/MiniOzoneClusterImpl-136f7d7a-9d38-404e-b321-8badc284e202/datanode-2/data/ratis/d320e1d9-8fa9-40db-997b-33c9b30e48df has been successfully formatted.
2019-08-22 13:49:02,284 INFO  storage.RaftStorage (RaftStorage.java:format(72)) - Storage directory /workdir/hadoop-ozone/integration-test/target/test-dir/MiniOzoneClusterImpl-136f7d7a-9d38-404e-b321-8badc284e202/datanode-1/data/ratis/d320e1d9-8fa9-40db-997b-33c9b30e48df has been successfully formatted.
2019-08-22 13:49:02,285 INFO  ratis.ContainerStateMachine (ContainerStateMachine.java:loadSnapshot(222)) - group-33C9B30E48DF: The snapshot info is null. Setting the last applied indexto:(t:0, i:~)
2019-08-22 13:49:02,285 INFO  ratis.ContainerStateMachine (ContainerStateMachine.java:loadSnapshot(222)) - group-33C9B30E48DF: The snapshot info is null. Setting the last applied indexto:(t:0, i:~)
2019-08-22 13:49:02,284 INFO  storage.RaftStorage (RaftStorage.java:format(72)) - Storage directory /workdir/hadoop-ozone/integration-test/target/test-dir/MiniOzoneClusterImpl-136f7d7a-9d38-404e-b321-8badc284e202/datanode-0/data/ratis/d320e1d9-8fa9-40db-997b-33c9b30e48df has been successfully formatted.
2019-08-22 13:49:02,285 INFO  server.RaftServerConfigKeys (ConfUtils.java:logGet(43)) - raft.server.leader.election.timeout = 120s (custom)
2019-08-22 13:49:02,285 INFO  server.RaftServerConfigKeys (ConfUtils.java:logGet(43)) - raft.server.leader.election.timeout = 120s (custom)
2019-08-22 13:49:02,285 INFO  ratis.ContainerStateMachine (ContainerStateMachine.java:loadSnapshot(222)) - group-33C9B30E48DF: The snapshot info is null. Setting the last applied indexto:(t:0, i:~)
2019-08-22 13:49:02,285 INFO  server.RaftServerConfigKeys (ConfUtils.java:logGet(43)) - raft.server.log.use.memory = false (default)
2019-08-22 13:49:02,286 INFO  server.RaftServerConfigKeys (ConfUtils.java:logGet(43)) - raft.server.leader.election.timeout = 120s (custom)
2019-08-22 13:49:02,285 INFO  server.RaftServerConfigKeys (ConfUtils.java:logGet(43)) - raft.server.log.use.memory = false (default)
2019-08-22 13:49:02,286 INFO  server.RaftServerConfigKeys (ConfUtils.java:logGet(43)) - raft.server.log.use.memory = false (default)
2019-08-22 13:49:02,286 INFO  server.RaftServerConfigKeys (ConfUtils.java:logGet(43)) - raft.server.log.purge.gap = 1000000000 (custom)
2019-08-22 13:49:02,286 INFO  server.RaftServerConfigKeys (ConfUtils.java:logGet(43)) - raft.server.log.purge.gap = 1000000000 (custom)
2019-08-22 13:49:02,286 INFO  server.RaftServerConfigKeys (ConfUtils.java:logGet(43)) - raft.server.log.purge.gap = 1000000000 (custom)
2019-08-22 13:49:02,287 INFO  server.RaftServerConfigKeys (ConfUtils.java:logGet(43)) - raft.server.log.appender.buffer.byte-limit = 33554432 (custom)
2019-08-22 13:49:02,286 INFO  server.RaftServerConfigKeys (ConfUtils.java:logGet(43)) - raft.server.log.appender.buffer.byte-limit = 33554432 (custom)
2019-08-22 13:49:02,287 INFO  server.RaftServerConfigKeys (ConfUtils.java:logGet(43)) - raft.server.log.segment.size.max = 1048576 (custom)
2019-08-22 13:49:02,287 INFO  server.RaftServerConfigKeys (ConfUtils.java:logGet(43)) - raft.server.log.appender.buffer.byte-limit = 33554432 (custom)
2019-08-22 13:49:02,287 INFO  server.RaftServerConfigKeys (ConfUtils.java:logGet(43)) - raft.server.log.segment.cache.num.max = 2 (custom)
2019-08-22 13:49:02,287 INFO  server.RaftServerConfigKeys (ConfUtils.java:logGet(43)) - raft.server.log.segment.size.max = 1048576 (custom)
2019-08-22 13:49:02,288 INFO  segmented.SegmentedRaftLogWorker (SegmentedRaftLogWorker.java:<init>(172)) - new 08a912a3-6f20-4a1b-b8fb-7c1857166863-SegmentedRaftLogWorker:Storage Directory /workdir/hadoop-ozone/integration-test/target/test-dir/MiniOzoneClusterImpl-136f7d7a-9d38-404e-b321-8badc284e202/datanode-0/data/ratis/d320e1d9-8fa9-40db-997b-33c9b30e48df for RaftStorage:Storage Directory /workdir/hadoop-ozone/integration-test/target/test-dir/MiniOzoneClusterImpl-136f7d7a-9d38-404e-b321-8badc284e202/datanode-0/data/ratis/d320e1d9-8fa9-40db-997b-33c9b30e48df
2019-08-22 13:49:02,288 INFO  server.RaftServerConfigKeys (ConfUtils.java:logGet(43)) - raft.server.log.segment.size.max = 1048576 (custom)
2019-08-22 13:49:02,288 INFO  server.RaftServerConfigKeys (ConfUtils.java:logGet(43)) - raft.server.log.queue.byte-limit = 2147483647 (custom)
2019-08-22 13:49:02,288 INFO  server.RaftServerConfigKeys (ConfUtils.java:logGet(43)) - raft.server.log.segment.cache.num.max = 2 (custom)
2019-08-22 13:49:02,290 INFO  server.RaftServerConfigKeys (ConfUtils.java:logGet(43)) - raft.server.log.queue.element-limit = 1024 (custom)
2019-08-22 13:49:02,288 INFO  server.RaftServerConfigKeys (ConfUtils.java:logGet(43)) - raft.server.log.segment.cache.num.max = 2 (custom)
2019-08-22 13:49:02,290 INFO  server.RaftServerConfigKeys (ConfUtils.java:logGet(43)) - raft.server.log.segment.size.max = 1048576 (custom)
2019-08-22 13:49:02,290 INFO  segmented.SegmentedRaftLogWorker (SegmentedRaftLogWorker.java:<init>(172)) - new 2d78f6bd-22a4-4917-a3d8-521bd0faba20-SegmentedRaftLogWorker:Storage Directory /workdir/hadoop-ozone/integration-test/target/test-dir/MiniOzoneClusterImpl-136f7d7a-9d38-404e-b321-8badc284e202/datanode-1/data/ratis/d320e1d9-8fa9-40db-997b-33c9b30e48df for RaftStorage:Storage Directory /workdir/hadoop-ozone/integration-test/target/test-dir/MiniOzoneClusterImpl-136f7d7a-9d38-404e-b321-8badc284e202/datanode-1/data/ratis/d320e1d9-8fa9-40db-997b-33c9b30e48df
2019-08-22 13:49:02,290 INFO  server.RaftServerConfigKeys (ConfUtils.java:logGet(43)) - raft.server.log.preallocated.size = 16384 (custom)
2019-08-22 13:49:02,290 INFO  segmented.SegmentedRaftLogWorker (SegmentedRaftLogWorker.java:<init>(172)) - new 8e9b04b1-d934-4e32-9835-f4d675f14d6b-SegmentedRaftLogWorker:Storage Directory /workdir/hadoop-ozone/integration-test/target/test-dir/MiniOzoneClusterImpl-136f7d7a-9d38-404e-b321-8badc284e202/datanode-2/data/ratis/d320e1d9-8fa9-40db-997b-33c9b30e48df for RaftStorage:Storage Directory /workdir/hadoop-ozone/integration-test/target/test-dir/MiniOzoneClusterImpl-136f7d7a-9d38-404e-b321-8badc284e202/datanode-2/data/ratis/d320e1d9-8fa9-40db-997b-33c9b30e48df
2019-08-22 13:49:02,291 INFO  server.RaftServerConfigKeys (ConfUtils.java:logGet(43)) - raft.server.log.write.buffer.size = 33554432 (custom)
2019-08-22 13:49:02,291 INFO  server.RaftServerConfigKeys (ConfUtils.java:logGet(43)) - raft.server.log.queue.byte-limit = 2147483647 (custom)
2019-08-22 13:49:02,293 INFO  server.RaftServerConfigKeys (ConfUtils.java:logGet(43)) - raft.server.log.force.sync.num = 128 (default)
2019-08-22 13:49:02,292 INFO  server.RaftServerConfigKeys (ConfUtils.java:logGet(43)) - raft.server.log.queue.byte-limit = 2147483647 (custom)
2019-08-22 13:49:02,294 INFO  server.RaftServerConfigKeys (ConfUtils.java:logGet(43)) - raft.server.log.statemachine.data.sync = true (default)
2019-08-22 13:49:02,293 INFO  server.RaftServerConfigKeys (ConfUtils.java:logGet(43)) - raft.server.log.queue.element-limit = 1024 (custom)
2019-08-22 13:49:02,294 INFO  server.RaftServerConfigKeys (ConfUtils.java:logGet(43)) - raft.server.log.statemachine.data.sync.timeout = 10s (default)
2019-08-22 13:49:02,294 INFO  server.RaftServerConfigKeys (ConfUtils.java:logGet(43)) - raft.server.log.queue.element-limit = 1024 (custom)
2019-08-22 13:49:02,295 INFO  server.RaftServerConfigKeys (ConfUtils.java:logGet(43)) - raft.server.log.statemachine.data.sync.timeout.retry = -1 (default)
2019-08-22 13:49:02,294 INFO  server.RaftServerConfigKeys (ConfUtils.java:logGet(43)) - raft.server.log.segment.size.max = 1048576 (custom)
2019-08-22 13:49:02,295 INFO  server.RaftServerConfigKeys (ConfUtils.java:logGet(43)) - raft.server.log.statemachine.data.caching.enabled = true (custom)
2019-08-22 13:49:02,295 INFO  server.RaftServerConfigKeys (ConfUtils.java:logGet(43)) - raft.server.log.segment.size.max = 1048576 (custom)
2019-08-22 13:49:02,295 INFO  server.RaftServerConfigKeys (ConfUtils.java:logGet(43)) - raft.server.log.preallocated.size = 16384 (custom)
2019-08-22 13:49:02,296 INFO  segmented.SegmentedRaftLogWorker (SegmentedRaftLogWorker.java:lambda$new$0(132)) - 08a912a3-6f20-4a1b-b8fb-7c1857166863-SegmentedRaftLogWorker:Storage Directory /workdir/hadoop-ozone/integration-test/target/test-dir/MiniOzoneClusterImpl-136f7d7a-9d38-404e-b321-8badc284e202/datanode-0/data/ratis/d320e1d9-8fa9-40db-997b-33c9b30e48df: flushIndex: setUnconditionally 0 -> -1
2019-08-22 13:49:02,296 INFO  server.RaftServerConfigKeys (ConfUtils.java:logGet(43)) - raft.server.log.preallocated.size = 16384 (custom)
2019-08-22 13:49:02,296 INFO  server.RaftServerConfigKeys (ConfUtils.java:logGet(43)) - raft.server.log.write.buffer.size = 33554432 (custom)
2019-08-22 13:49:02,296 INFO  server.RaftServerConfigKeys (ConfUtils.java:logGet(43)) - raft.server.log.write.buffer.size = 33554432 (custom)
2019-08-22 13:49:02,296 INFO  server.RaftServerConfigKeys (ConfUtils.java:logGet(43)) - raft.server.log.force.sync.num = 128 (default)
2019-08-22 13:49:02,296 INFO  server.RaftServerConfigKeys (ConfUtils.java:logGet(43)) - raft.server.snapshot.auto.trigger.enabled = true (custom)
2019-08-22 13:49:02,297 INFO  server.RaftServerConfigKeys (ConfUtils.java:logGet(43)) - raft.server.log.statemachine.data.sync = true (default)
2019-08-22 13:49:02,296 INFO  server.RaftServerConfigKeys (ConfUtils.java:logGet(43)) - raft.server.log.force.sync.num = 128 (default)
2019-08-22 13:49:02,297 INFO  server.RaftServerConfigKeys (ConfUtils.java:logGet(43)) - raft.server.log.statemachine.data.sync.timeout = 10s (default)
2019-08-22 13:49:02,297 INFO  server.RaftServerConfigKeys (ConfUtils.java:logGet(43)) - raft.server.snapshot.auto.trigger.threshold = 10000 (custom)
2019-08-22 13:49:02,297 INFO  server.RaftServerConfigKeys (ConfUtils.java:logGet(43)) - raft.server.log.statemachine.data.sync.timeout.retry = -1 (default)
2019-08-22 13:49:02,297 INFO  server.RaftServerConfigKeys (ConfUtils.java:logGet(43)) - raft.server.log.statemachine.data.sync = true (default)
2019-08-22 13:49:02,298 INFO  server.RaftServerConfigKeys (ConfUtils.java:logGet(43)) - raft.server.log.statemachine.data.caching.enabled = true (custom)
2019-08-22 13:49:02,297 INFO  server.RaftServerConfigKeys (ConfUtils.java:logGet(43)) - raft.server.retrycache.expirytime = 600000ms (custom)
2019-08-22 13:49:02,298 INFO  server.RaftServerConfigKeys (ConfUtils.java:logGet(43)) - raft.server.log.statemachine.data.sync.timeout = 10s (default)
2019-08-22 13:49:02,298 INFO  impl.RaftServerImpl (RaftServerImpl.java:start(180)) - 08a912a3-6f20-4a1b-b8fb-7c1857166863: start group-33C9B30E48DF
2019-08-22 13:49:02,298 INFO  segmented.SegmentedRaftLogWorker (SegmentedRaftLogWorker.java:lambda$new$0(132)) - 8e9b04b1-d934-4e32-9835-f4d675f14d6b-SegmentedRaftLogWorker:Storage Directory /workdir/hadoop-ozone/integration-test/target/test-dir/MiniOzoneClusterImpl-136f7d7a-9d38-404e-b321-8badc284e202/datanode-2/data/ratis/d320e1d9-8fa9-40db-997b-33c9b30e48df: flushIndex: setUnconditionally 0 -> -1
2019-08-22 13:49:02,299 INFO  impl.RaftServerImpl (RaftServerImpl.java:setRole(171)) - 08a912a3-6f20-4a1b-b8fb-7c1857166863:group-33C9B30E48DF changes role from null to FOLLOWER at term 0 for startAsFollower
2019-08-22 13:49:02,298 INFO  server.RaftServerConfigKeys (ConfUtils.java:logGet(43)) - raft.server.log.statemachine.data.sync.timeout.retry = -1 (default)
2019-08-22 13:49:02,299 INFO  server.RaftServerConfigKeys (ConfUtils.java:logGet(43)) - raft.server.snapshot.auto.trigger.enabled = true (custom)
2019-08-22 13:49:02,299 INFO  impl.RoleInfo (RoleInfo.java:updateAndGet(143)) - 08a912a3-6f20-4a1b-b8fb-7c1857166863: start FollowerState
2019-08-22 13:49:02,299 INFO  server.RaftServerConfigKeys (ConfUtils.java:logGet(43)) - raft.server.snapshot.auto.trigger.threshold = 10000 (custom)
2019-08-22 13:49:02,299 INFO  server.RaftServerConfigKeys (ConfUtils.java:logGet(43)) - raft.server.log.statemachine.data.caching.enabled = true (custom)
2019-08-22 13:49:02,300 INFO  server.RaftServerConfigKeys (ConfUtils.java:logGet(43)) - raft.server.retrycache.expirytime = 600000ms (custom)
2019-08-22 13:49:02,300 INFO  util.JmxRegister (JmxRegister.java:tryRegister(44)) - Successfully registered JMX Bean with object name Ratis:service=RaftServer,group=group-33C9B30E48DF,id=08a912a3-6f20-4a1b-b8fb-7c1857166863
2019-08-22 13:49:02,300 INFO  impl.RaftServerImpl (RaftServerImpl.java:start(180)) - 8e9b04b1-d934-4e32-9835-f4d675f14d6b: start group-33C9B30E48DF
2019-08-22 13:49:02,300 INFO  segmented.SegmentedRaftLogWorker (SegmentedRaftLogWorker.java:lambda$new$0(132)) - 2d78f6bd-22a4-4917-a3d8-521bd0faba20-SegmentedRaftLogWorker:Storage Directory /workdir/hadoop-ozone/integration-test/target/test-dir/MiniOzoneClusterImpl-136f7d7a-9d38-404e-b321-8badc284e202/datanode-1/data/ratis/d320e1d9-8fa9-40db-997b-33c9b30e48df: flushIndex: setUnconditionally 0 -> -1
2019-08-22 13:49:02,300 INFO  impl.RaftServerImpl (RaftServerImpl.java:setRole(171)) - 8e9b04b1-d934-4e32-9835-f4d675f14d6b:group-33C9B30E48DF changes role from null to FOLLOWER at term 0 for startAsFollower
2019-08-22 13:49:02,301 INFO  impl.RoleInfo (RoleInfo.java:updateAndGet(143)) - 8e9b04b1-d934-4e32-9835-f4d675f14d6b: start FollowerState
2019-08-22 13:49:02,301 INFO  server.RaftServerConfigKeys (ConfUtils.java:logGet(43)) - raft.server.snapshot.auto.trigger.enabled = true (custom)
2019-08-22 13:49:02,301 INFO  server.RaftServerConfigKeys (ConfUtils.java:logGet(43)) - raft.server.snapshot.auto.trigger.threshold = 10000 (custom)
2019-08-22 13:49:02,302 INFO  util.JmxRegister (JmxRegister.java:tryRegister(44)) - Successfully registered JMX Bean with object name Ratis:service=RaftServer,group=group-33C9B30E48DF,id=8e9b04b1-d934-4e32-9835-f4d675f14d6b
2019-08-22 13:49:02,302 INFO  server.RaftServerConfigKeys (ConfUtils.java:logGet(43)) - raft.server.retrycache.expirytime = 600000ms (custom)
2019-08-22 13:49:02,304 INFO  impl.RaftServerImpl (RaftServerImpl.java:start(180)) - 2d78f6bd-22a4-4917-a3d8-521bd0faba20: start group-33C9B30E48DF
2019-08-22 13:49:02,304 INFO  impl.RaftServerImpl (RaftServerImpl.java:setRole(171)) - 2d78f6bd-22a4-4917-a3d8-521bd0faba20:group-33C9B30E48DF changes role from null to FOLLOWER at term 0 for startAsFollower
2019-08-22 13:49:02,304 INFO  impl.RoleInfo (RoleInfo.java:updateAndGet(143)) - 2d78f6bd-22a4-4917-a3d8-521bd0faba20: start FollowerState
2019-08-22 13:49:02,307 INFO  util.JmxRegister (JmxRegister.java:tryRegister(44)) - Successfully registered JMX Bean with object name Ratis:service=RaftServer,group=group-33C9B30E48DF,id=2d78f6bd-22a4-4917-a3d8-521bd0faba20
2019-08-22 13:49:02,329 INFO  pipeline.PipelineStateManager (PipelineStateManager.java:addPipeline(56)) - Created pipeline Pipeline[ Id: d320e1d9-8fa9-40db-997b-33c9b30e48df, Nodes: 8e9b04b1-d934-4e32-9835-f4d675f14d6b{ip: 192.168.69.91, host: pr-hdds-1810-6qbbz-1568424974, networkLocation: /default-rack, certSerialId: null}08a912a3-6f20-4a1b-b8fb-7c1857166863{ip: 192.168.69.91, host: pr-hdds-1810-6qbbz-1568424974, networkLocation: /default-rack, certSerialId: null}2d78f6bd-22a4-4917-a3d8-521bd0faba20{ip: 192.168.69.91, host: pr-hdds-1810-6qbbz-1568424974, networkLocation: /default-rack, certSerialId: null}, Type:RATIS, Factor:THREE, State:OPEN]
2019-08-22 13:49:02,566 INFO  ozone.MiniOzoneClusterImpl (MiniOzoneClusterImpl.java:lambda$waitForClusterToBeReady$0(142)) - Cluster is ready. Got 3 of 3 DN Heartbeats.
2019-08-22 13:49:02,601 INFO  pipeline.PipelineActionHandler (PipelineActionHandler.java:onMessage(60)) - Received pipeline action CLOSE for Pipeline[ Id: d320e1d9-8fa9-40db-997b-33c9b30e48df, Nodes: 8e9b04b1-d934-4e32-9835-f4d675f14d6b{ip: 192.168.69.91, host: pr-hdds-1810-6qbbz-1568424974, networkLocation: /default-rack, certSerialId: null}08a912a3-6f20-4a1b-b8fb-7c1857166863{ip: 192.168.69.91, host: pr-hdds-1810-6qbbz-1568424974, networkLocation: /default-rack, certSerialId: null}2d78f6bd-22a4-4917-a3d8-521bd0faba20{ip: 192.168.69.91, host: pr-hdds-1810-6qbbz-1568424974, networkLocation: /default-rack, certSerialId: null}, Type:RATIS, Factor:THREE, State:OPEN] from datanode 8e9b04b1-d934-4e32-9835-f4d675f14d6b{ip: 192.168.69.91, host: pr-hdds-1810-6qbbz-1568424974, networkLocation: /default-rack, certSerialId: null}. Reason : 
2019-08-22 13:49:04,112 INFO  container.ReplicationManager (ReplicationManager.java:start(155)) - Starting Replication Monitor Thread.
2019-08-22 13:49:04,122 INFO  container.ReplicationManager (ReplicationManager.java:run(207)) - Replication Monitor Thread took 8 milliseconds for processing 1 containers.
2019-08-22 13:49:07,150 INFO  impl.FollowerState (FollowerState.java:run(106)) - 08a912a3-6f20-4a1b-b8fb-7c1857166863:group-936DDDA716FC changes to CANDIDATE, lastRpcTime:5158, electionTimeout:5157ms
2019-08-22 13:49:07,151 INFO  impl.RoleInfo (RoleInfo.java:shutdownFollowerState(121)) - 08a912a3-6f20-4a1b-b8fb-7c1857166863: shutdown FollowerState
2019-08-22 13:49:07,151 INFO  impl.RaftServerImpl (RaftServerImpl.java:setRole(171)) - 08a912a3-6f20-4a1b-b8fb-7c1857166863:group-936DDDA716FC changes role from FOLLOWER to CANDIDATE at term 0 for changeToCandidate
2019-08-22 13:49:07,157 INFO  impl.RoleInfo (RoleInfo.java:updateAndGet(143)) - 08a912a3-6f20-4a1b-b8fb-7c1857166863: start LeaderElection
2019-08-22 13:49:07,184 INFO  impl.LeaderElection (LeaderElection.java:askForVotes(181)) - 08a912a3-6f20-4a1b-b8fb-7c1857166863:group-936DDDA716FC:LeaderElection1: begin an election at term 1 for -1: [08a912a3-6f20-4a1b-b8fb-7c1857166863:192.168.69.91:40712], old=null
2019-08-22 13:49:07,186 INFO  impl.RoleInfo (RoleInfo.java:shutdownLeaderElection(134)) - 08a912a3-6f20-4a1b-b8fb-7c1857166863: shutdown LeaderElection
2019-08-22 13:49:07,187 INFO  impl.RaftServerImpl (RaftServerImpl.java:setRole(171)) - 08a912a3-6f20-4a1b-b8fb-7c1857166863:group-936DDDA716FC changes role from CANDIDATE to LEADER at term 1 for changeToLeader
2019-08-22 13:49:07,187 INFO  impl.RaftServerImpl (ServerState.java:setLeader(263)) - 08a912a3-6f20-4a1b-b8fb-7c1857166863:group-936DDDA716FC change Leader from null to 08a912a3-6f20-4a1b-b8fb-7c1857166863 at term 1 for becomeLeader, leader elected after 5267ms
2019-08-22 13:49:07,195 INFO  server.RaftServerConfigKeys (ConfUtils.java:logGet(43)) - raft.server.staging.catchup.gap = 1000 (default)
2019-08-22 13:49:07,195 INFO  server.RaftServerConfigKeys (ConfUtils.java:logGet(43)) - raft.server.rpc.sleep.time = 25ms (default)
2019-08-22 13:49:07,199 INFO  server.RaftServerConfigKeys (ConfUtils.java:logGet(43)) - raft.server.write.element-limit = 4096 (default)
2019-08-22 13:49:07,202 INFO  server.RaftServerConfigKeys (ConfUtils.java:logGet(43)) - raft.server.watch.timeout = 10s (default)
2019-08-22 13:49:07,202 INFO  server.RaftServerConfigKeys (ConfUtils.java:logGet(43)) - raft.server.watch.timeout.denomination = 1s (default)
2019-08-22 13:49:07,203 INFO  server.RaftServerConfigKeys (ConfUtils.java:logGet(43)) - raft.server.watch.element-limit = 65536 (default)
2019-08-22 13:49:07,214 INFO  impl.RoleInfo (RoleInfo.java:updateAndGet(143)) - 08a912a3-6f20-4a1b-b8fb-7c1857166863: start LeaderState
2019-08-22 13:49:07,223 INFO  impl.FollowerState (FollowerState.java:run(106)) - 8e9b04b1-d934-4e32-9835-f4d675f14d6b:group-A2A9BDFC1C94 changes to CANDIDATE, lastRpcTime:5090, electionTimeout:5089ms
2019-08-22 13:49:07,225 INFO  impl.RoleInfo (RoleInfo.java:shutdownFollowerState(121)) - 8e9b04b1-d934-4e32-9835-f4d675f14d6b: shutdown FollowerState
2019-08-22 13:49:07,225 INFO  impl.RaftServerImpl (RaftServerImpl.java:setRole(171)) - 8e9b04b1-d934-4e32-9835-f4d675f14d6b:group-A2A9BDFC1C94 changes role from FOLLOWER to CANDIDATE at term 0 for changeToCandidate
2019-08-22 13:49:07,225 INFO  impl.RoleInfo (RoleInfo.java:updateAndGet(143)) - 8e9b04b1-d934-4e32-9835-f4d675f14d6b: start LeaderElection
2019-08-22 13:49:07,242 INFO  segmented.SegmentedRaftLogWorker (SegmentedRaftLogWorker.java:startLogSegment(380)) - 08a912a3-6f20-4a1b-b8fb-7c1857166863-SegmentedRaftLogWorker:Storage Directory /workdir/hadoop-ozone/integration-test/target/test-dir/MiniOzoneClusterImpl-136f7d7a-9d38-404e-b321-8badc284e202/datanode-0/data/ratis/66439973-c527-4680-8d62-936ddda716fc: Starting segment from index:0
2019-08-22 13:49:07,243 INFO  impl.LeaderElection (LeaderElection.java:askForVotes(181)) - 8e9b04b1-d934-4e32-9835-f4d675f14d6b:group-A2A9BDFC1C94:LeaderElection2: begin an election at term 1 for -1: [8e9b04b1-d934-4e32-9835-f4d675f14d6b:192.168.69.91:35382], old=null
2019-08-22 13:49:07,244 INFO  impl.RoleInfo (RoleInfo.java:shutdownLeaderElection(134)) - 8e9b04b1-d934-4e32-9835-f4d675f14d6b: shutdown LeaderElection
2019-08-22 13:49:07,244 INFO  impl.RaftServerImpl (RaftServerImpl.java:setRole(171)) - 8e9b04b1-d934-4e32-9835-f4d675f14d6b:group-A2A9BDFC1C94 changes role from CANDIDATE to LEADER at term 1 for changeToLeader
2019-08-22 13:49:07,244 INFO  impl.RaftServerImpl (ServerState.java:setLeader(263)) - 8e9b04b1-d934-4e32-9835-f4d675f14d6b:group-A2A9BDFC1C94 change Leader from null to 8e9b04b1-d934-4e32-9835-f4d675f14d6b at term 1 for becomeLeader, leader elected after 5118ms
2019-08-22 13:49:07,245 INFO  server.RaftServerConfigKeys (ConfUtils.java:logGet(43)) - raft.server.staging.catchup.gap = 1000 (default)
2019-08-22 13:49:07,245 INFO  server.RaftServerConfigKeys (ConfUtils.java:logGet(43)) - raft.server.rpc.sleep.time = 25ms (default)
2019-08-22 13:49:07,245 INFO  server.RaftServerConfigKeys (ConfUtils.java:logGet(43)) - raft.server.write.element-limit = 4096 (default)
2019-08-22 13:49:07,246 INFO  server.RaftServerConfigKeys (ConfUtils.java:logGet(43)) - raft.server.watch.timeout = 10s (default)
2019-08-22 13:49:07,246 INFO  server.RaftServerConfigKeys (ConfUtils.java:logGet(43)) - raft.server.watch.timeout.denomination = 1s (default)
2019-08-22 13:49:07,246 INFO  server.RaftServerConfigKeys (ConfUtils.java:logGet(43)) - raft.server.watch.element-limit = 65536 (default)
2019-08-22 13:49:07,247 INFO  impl.RoleInfo (RoleInfo.java:updateAndGet(143)) - 8e9b04b1-d934-4e32-9835-f4d675f14d6b: start LeaderState
2019-08-22 13:49:07,247 INFO  segmented.SegmentedRaftLogWorker (SegmentedRaftLogWorker.java:startLogSegment(380)) - 8e9b04b1-d934-4e32-9835-f4d675f14d6b-SegmentedRaftLogWorker:Storage Directory /workdir/hadoop-ozone/integration-test/target/test-dir/MiniOzoneClusterImpl-136f7d7a-9d38-404e-b321-8badc284e202/datanode-2/data/ratis/1a299aa9-93ae-4608-9021-a2a9bdfc1c94: Starting segment from index:0
2019-08-22 13:49:07,253 INFO  impl.RaftServerImpl (ServerState.java:setRaftConf(361)) - 08a912a3-6f20-4a1b-b8fb-7c1857166863:group-936DDDA716FC set configuration 0: [08a912a3-6f20-4a1b-b8fb-7c1857166863:192.168.69.91:40712], old=null at 0
2019-08-22 13:49:07,253 INFO  impl.RaftServerImpl (ServerState.java:setRaftConf(361)) - 8e9b04b1-d934-4e32-9835-f4d675f14d6b:group-A2A9BDFC1C94 set configuration 0: [8e9b04b1-d934-4e32-9835-f4d675f14d6b:192.168.69.91:35382], old=null at 0
2019-08-22 13:49:07,280 INFO  impl.FollowerState (FollowerState.java:run(106)) - 2d78f6bd-22a4-4917-a3d8-521bd0faba20:group-4A4BBCF01021 changes to CANDIDATE, lastRpcTime:5079, electionTimeout:5079ms
2019-08-22 13:49:07,280 INFO  impl.RoleInfo (RoleInfo.java:shutdownFollowerState(121)) - 2d78f6bd-22a4-4917-a3d8-521bd0faba20: shutdown FollowerState
2019-08-22 13:49:07,281 INFO  impl.RaftServerImpl (RaftServerImpl.java:setRole(171)) - 2d78f6bd-22a4-4917-a3d8-521bd0faba20:group-4A4BBCF01021 changes role from FOLLOWER to CANDIDATE at term 0 for changeToCandidate
2019-08-22 13:49:07,281 INFO  impl.RoleInfo (RoleInfo.java:updateAndGet(143)) - 2d78f6bd-22a4-4917-a3d8-521bd0faba20: start LeaderElection
2019-08-22 13:49:07,297 INFO  impl.LeaderElection (LeaderElection.java:askForVotes(181)) - 2d78f6bd-22a4-4917-a3d8-521bd0faba20:group-4A4BBCF01021:LeaderElection3: begin an election at term 1 for -1: [2d78f6bd-22a4-4917-a3d8-521bd0faba20:192.168.69.91:41324], old=null
2019-08-22 13:49:07,298 INFO  impl.RoleInfo (RoleInfo.java:shutdownLeaderElection(134)) - 2d78f6bd-22a4-4917-a3d8-521bd0faba20: shutdown LeaderElection
2019-08-22 13:49:07,298 INFO  impl.RaftServerImpl (RaftServerImpl.java:setRole(171)) - 2d78f6bd-22a4-4917-a3d8-521bd0faba20:group-4A4BBCF01021 changes role from CANDIDATE to LEADER at term 1 for changeToLeader
2019-08-22 13:49:07,298 INFO  impl.RaftServerImpl (ServerState.java:setLeader(263)) - 2d78f6bd-22a4-4917-a3d8-521bd0faba20:group-4A4BBCF01021 change Leader from null to 2d78f6bd-22a4-4917-a3d8-521bd0faba20 at term 1 for becomeLeader, leader elected after 5101ms
2019-08-22 13:49:07,298 INFO  server.RaftServerConfigKeys (ConfUtils.java:logGet(43)) - raft.server.staging.catchup.gap = 1000 (default)
2019-08-22 13:49:07,298 INFO  server.RaftServerConfigKeys (ConfUtils.java:logGet(43)) - raft.server.rpc.sleep.time = 25ms (default)
2019-08-22 13:49:07,299 INFO  server.RaftServerConfigKeys (ConfUtils.java:logGet(43)) - raft.server.write.element-limit = 4096 (default)
2019-08-22 13:49:07,299 INFO  server.RaftServerConfigKeys (ConfUtils.java:logGet(43)) - raft.server.watch.timeout = 10s (default)
2019-08-22 13:49:07,299 INFO  server.RaftServerConfigKeys (ConfUtils.java:logGet(43)) - raft.server.watch.timeout.denomination = 1s (default)
2019-08-22 13:49:07,299 INFO  server.RaftServerConfigKeys (ConfUtils.java:logGet(43)) - raft.server.watch.element-limit = 65536 (default)
2019-08-22 13:49:07,300 INFO  impl.RoleInfo (RoleInfo.java:updateAndGet(143)) - 2d78f6bd-22a4-4917-a3d8-521bd0faba20: start LeaderState
2019-08-22 13:49:07,300 INFO  segmented.SegmentedRaftLogWorker (SegmentedRaftLogWorker.java:startLogSegment(380)) - 2d78f6bd-22a4-4917-a3d8-521bd0faba20-SegmentedRaftLogWorker:Storage Directory /workdir/hadoop-ozone/integration-test/target/test-dir/MiniOzoneClusterImpl-136f7d7a-9d38-404e-b321-8badc284e202/datanode-1/data/ratis/8331d0c6-676a-4ce3-9d12-4a4bbcf01021: Starting segment from index:0
2019-08-22 13:49:07,301 INFO  impl.RaftServerImpl (ServerState.java:setRaftConf(361)) - 2d78f6bd-22a4-4917-a3d8-521bd0faba20:group-4A4BBCF01021 set configuration 0: [2d78f6bd-22a4-4917-a3d8-521bd0faba20:192.168.69.91:41324], old=null at 0
2019-08-22 13:49:07,303 INFO  impl.FollowerState (FollowerState.java:run(106)) - 08a912a3-6f20-4a1b-b8fb-7c1857166863:group-33C9B30E48DF changes to CANDIDATE, lastRpcTime:5003, electionTimeout:5003ms
2019-08-22 13:49:07,303 INFO  impl.RoleInfo (RoleInfo.java:shutdownFollowerState(121)) - 08a912a3-6f20-4a1b-b8fb-7c1857166863: shutdown FollowerState
2019-08-22 13:49:07,303 INFO  impl.RaftServerImpl (RaftServerImpl.java:setRole(171)) - 08a912a3-6f20-4a1b-b8fb-7c1857166863:group-33C9B30E48DF changes role from FOLLOWER to CANDIDATE at term 0 for changeToCandidate
2019-08-22 13:49:07,303 INFO  impl.RoleInfo (RoleInfo.java:updateAndGet(143)) - 08a912a3-6f20-4a1b-b8fb-7c1857166863: start LeaderElection
2019-08-22 13:49:07,310 INFO  impl.FollowerState (FollowerState.java:run(106)) - 8e9b04b1-d934-4e32-9835-f4d675f14d6b:group-33C9B30E48DF changes to CANDIDATE, lastRpcTime:5009, electionTimeout:5009ms
2019-08-22 13:49:07,310 INFO  impl.RoleInfo (RoleInfo.java:shutdownFollowerState(121)) - 8e9b04b1-d934-4e32-9835-f4d675f14d6b: shutdown FollowerState
2019-08-22 13:49:07,311 INFO  impl.RaftServerImpl (RaftServerImpl.java:setRole(171)) - 8e9b04b1-d934-4e32-9835-f4d675f14d6b:group-33C9B30E48DF changes role from FOLLOWER to CANDIDATE at term 0 for changeToCandidate
2019-08-22 13:49:07,311 INFO  impl.RoleInfo (RoleInfo.java:updateAndGet(143)) - 8e9b04b1-d934-4e32-9835-f4d675f14d6b: start LeaderElection
2019-08-22 13:49:07,328 INFO  impl.LeaderElection (LeaderElection.java:askForVotes(181)) - 08a912a3-6f20-4a1b-b8fb-7c1857166863:group-33C9B30E48DF:LeaderElection4: begin an election at term 1 for -1: [08a912a3-6f20-4a1b-b8fb-7c1857166863:192.168.69.91:40712, 2d78f6bd-22a4-4917-a3d8-521bd0faba20:192.168.69.91:41324, 8e9b04b1-d934-4e32-9835-f4d675f14d6b:192.168.69.91:35382], old=null
2019-08-22 13:49:07,345 INFO  impl.LeaderElection (LeaderElection.java:askForVotes(181)) - 8e9b04b1-d934-4e32-9835-f4d675f14d6b:group-33C9B30E48DF:LeaderElection5: begin an election at term 1 for -1: [08a912a3-6f20-4a1b-b8fb-7c1857166863:192.168.69.91:40712, 2d78f6bd-22a4-4917-a3d8-521bd0faba20:192.168.69.91:41324, 8e9b04b1-d934-4e32-9835-f4d675f14d6b:192.168.69.91:35382], old=null
2019-08-22 13:49:07,374 INFO  impl.RaftServerImpl (RaftServerImpl.java:setRole(171)) - 2d78f6bd-22a4-4917-a3d8-521bd0faba20:group-33C9B30E48DF changes role from FOLLOWER to FOLLOWER at term 1 for recognizeCandidate:8e9b04b1-d934-4e32-9835-f4d675f14d6b
2019-08-22 13:49:07,375 INFO  impl.RoleInfo (RoleInfo.java:shutdownFollowerState(121)) - 2d78f6bd-22a4-4917-a3d8-521bd0faba20: shutdown FollowerState
2019-08-22 13:49:07,377 INFO  impl.RoleInfo (RoleInfo.java:updateAndGet(143)) - 2d78f6bd-22a4-4917-a3d8-521bd0faba20: start FollowerState
2019-08-22 13:49:07,377 INFO  impl.FollowerState (FollowerState.java:run(114)) - 2d78f6bd-22a4-4917-a3d8-521bd0faba20: FollowerState was interrupted: java.lang.InterruptedException: sleep interrupted
2019-08-22 13:49:07,410 INFO  impl.LeaderElection (LeaderElection.java:logAndReturn(56)) - 08a912a3-6f20-4a1b-b8fb-7c1857166863:group-33C9B30E48DF:LeaderElection4: Election REJECTED; received 2 response(s) [08a912a3-6f20-4a1b-b8fb-7c1857166863<-2d78f6bd-22a4-4917-a3d8-521bd0faba20#0:FAIL-t1, 08a912a3-6f20-4a1b-b8fb-7c1857166863<-8e9b04b1-d934-4e32-9835-f4d675f14d6b#0:FAIL-t1] and 0 exception(s); 08a912a3-6f20-4a1b-b8fb-7c1857166863:t1, leader=null, voted=08a912a3-6f20-4a1b-b8fb-7c1857166863, raftlog=08a912a3-6f20-4a1b-b8fb-7c1857166863-SegmentedRaftLog:OPENED:c-1,f-1,i0, conf=-1: [08a912a3-6f20-4a1b-b8fb-7c1857166863:192.168.69.91:40712, 2d78f6bd-22a4-4917-a3d8-521bd0faba20:192.168.69.91:41324, 8e9b04b1-d934-4e32-9835-f4d675f14d6b:192.168.69.91:35382], old=null
2019-08-22 13:49:07,410 INFO  impl.LeaderElection (LeaderElection.java:logAndReturn(56)) - 8e9b04b1-d934-4e32-9835-f4d675f14d6b:group-33C9B30E48DF:LeaderElection5: Election PASSED; received 2 response(s) [8e9b04b1-d934-4e32-9835-f4d675f14d6b<-08a912a3-6f20-4a1b-b8fb-7c1857166863#0:FAIL-t1, 8e9b04b1-d934-4e32-9835-f4d675f14d6b<-2d78f6bd-22a4-4917-a3d8-521bd0faba20#0:OK-t1] and 0 exception(s); 8e9b04b1-d934-4e32-9835-f4d675f14d6b:t1, leader=null, voted=8e9b04b1-d934-4e32-9835-f4d675f14d6b, raftlog=8e9b04b1-d934-4e32-9835-f4d675f14d6b-SegmentedRaftLog:OPENED:c-1,f-1,i0, conf=-1: [08a912a3-6f20-4a1b-b8fb-7c1857166863:192.168.69.91:40712, 2d78f6bd-22a4-4917-a3d8-521bd0faba20:192.168.69.91:41324, 8e9b04b1-d934-4e32-9835-f4d675f14d6b:192.168.69.91:35382], old=null
2019-08-22 13:49:07,410 INFO  impl.RoleInfo (RoleInfo.java:shutdownLeaderElection(134)) - 8e9b04b1-d934-4e32-9835-f4d675f14d6b: shutdown LeaderElection
2019-08-22 13:49:07,410 INFO  impl.RaftServerImpl (RaftServerImpl.java:setRole(171)) - 08a912a3-6f20-4a1b-b8fb-7c1857166863:group-33C9B30E48DF changes role from CANDIDATE to FOLLOWER at term 1 for DISCOVERED_A_NEW_TERM
2019-08-22 13:49:07,411 INFO  impl.RaftServerImpl (RaftServerImpl.java:setRole(171)) - 8e9b04b1-d934-4e32-9835-f4d675f14d6b:group-33C9B30E48DF changes role from CANDIDATE to LEADER at term 1 for changeToLeader
2019-08-22 13:49:07,413 INFO  impl.RoleInfo (RoleInfo.java:shutdownLeaderElection(134)) - 08a912a3-6f20-4a1b-b8fb-7c1857166863: shutdown LeaderElection
2019-08-22 13:49:07,413 INFO  impl.RaftServerImpl (ServerState.java:setLeader(263)) - 8e9b04b1-d934-4e32-9835-f4d675f14d6b:group-33C9B30E48DF change Leader from null to 8e9b04b1-d934-4e32-9835-f4d675f14d6b at term 1 for becomeLeader, leader elected after 5128ms
2019-08-22 13:49:07,413 INFO  impl.RoleInfo (RoleInfo.java:updateAndGet(143)) - 08a912a3-6f20-4a1b-b8fb-7c1857166863: start FollowerState
2019-08-22 13:49:07,413 INFO  server.RaftServerConfigKeys (ConfUtils.java:logGet(43)) - raft.server.staging.catchup.gap = 1000 (default)
2019-08-22 13:49:07,414 INFO  server.RaftServerConfigKeys (ConfUtils.java:logGet(43)) - raft.server.rpc.sleep.time = 25ms (default)
2019-08-22 13:49:07,415 INFO  server.RaftServerConfigKeys (ConfUtils.java:logGet(43)) - raft.server.write.element-limit = 4096 (default)
2019-08-22 13:49:07,415 INFO  server.RaftServerConfigKeys (ConfUtils.java:logGet(43)) - raft.server.watch.timeout = 10s (default)
2019-08-22 13:49:07,415 INFO  server.RaftServerConfigKeys (ConfUtils.java:logGet(43)) - raft.server.watch.timeout.denomination = 1s (default)
2019-08-22 13:49:07,415 INFO  server.RaftServerConfigKeys (ConfUtils.java:logGet(43)) - raft.server.watch.element-limit = 65536 (default)
2019-08-22 13:49:07,418 INFO  server.RaftServerConfigKeys (ConfUtils.java:logGet(43)) - raft.server.log.appender.snapshot.chunk.size.max = 16MB (=16777216) (default)
2019-08-22 13:49:07,419 INFO  server.RaftServerConfigKeys (ConfUtils.java:logGet(43)) - raft.server.log.appender.buffer.byte-limit = 33554432 (custom)
2019-08-22 13:49:07,420 INFO  server.RaftServerConfigKeys (ConfUtils.java:logGet(43)) - raft.server.log.appender.buffer.element-limit = 1 (custom)
2019-08-22 13:49:07,423 INFO  grpc.GrpcConfigKeys$Server (ConfUtils.java:logGet(43)) - raft.grpc.server.leader.outstanding.appends.max = 128 (default)
2019-08-22 13:49:07,424 INFO  server.RaftServerConfigKeys (ConfUtils.java:logGet(43)) - raft.server.rpc.request.timeout = 3000ms (default)
2019-08-22 13:49:07,425 INFO  server.RaftServerConfigKeys (ConfUtils.java:logGet(43)) - raft.server.log.appender.install.snapshot.enabled = false (custom)
2019-08-22 13:49:07,425 INFO  server.RaftServerConfigKeys (ConfUtils.java:logGet(43)) - raft.server.log.appender.snapshot.chunk.size.max = 16MB (=16777216) (default)
2019-08-22 13:49:07,425 INFO  server.RaftServerConfigKeys (ConfUtils.java:logGet(43)) - raft.server.log.appender.buffer.byte-limit = 33554432 (custom)
2019-08-22 13:49:07,425 INFO  server.RaftServerConfigKeys (ConfUtils.java:logGet(43)) - raft.server.log.appender.buffer.element-limit = 1 (custom)
2019-08-22 13:49:07,425 INFO  grpc.GrpcConfigKeys$Server (ConfUtils.java:logGet(43)) - raft.grpc.server.leader.outstanding.appends.max = 128 (default)
2019-08-22 13:49:07,426 INFO  server.RaftServerConfigKeys (ConfUtils.java:logGet(43)) - raft.server.rpc.request.timeout = 3000ms (default)
2019-08-22 13:49:07,426 INFO  server.RaftServerConfigKeys (ConfUtils.java:logGet(43)) - raft.server.log.appender.install.snapshot.enabled = false (custom)
2019-08-22 13:49:07,430 INFO  impl.RoleInfo (RoleInfo.java:updateAndGet(143)) - 8e9b04b1-d934-4e32-9835-f4d675f14d6b: start LeaderState
2019-08-22 13:49:07,430 INFO  segmented.SegmentedRaftLogWorker (SegmentedRaftLogWorker.java:startLogSegment(380)) - 8e9b04b1-d934-4e32-9835-f4d675f14d6b-SegmentedRaftLogWorker:Storage Directory /workdir/hadoop-ozone/integration-test/target/test-dir/MiniOzoneClusterImpl-136f7d7a-9d38-404e-b321-8badc284e202/datanode-2/data/ratis/d320e1d9-8fa9-40db-997b-33c9b30e48df: Starting segment from index:0
2019-08-22 13:49:07,431 INFO  impl.RaftServerImpl (ServerState.java:setRaftConf(361)) - 8e9b04b1-d934-4e32-9835-f4d675f14d6b:group-33C9B30E48DF set configuration 0: [08a912a3-6f20-4a1b-b8fb-7c1857166863:192.168.69.91:40712, 2d78f6bd-22a4-4917-a3d8-521bd0faba20:192.168.69.91:41324, 8e9b04b1-d934-4e32-9835-f4d675f14d6b:192.168.69.91:35382], old=null at 0
2019-08-22 13:49:07,456 INFO  impl.RaftServerImpl (ServerState.java:setLeader(263)) - 2d78f6bd-22a4-4917-a3d8-521bd0faba20:group-33C9B30E48DF change Leader from null to 8e9b04b1-d934-4e32-9835-f4d675f14d6b at term 1 for appendEntries, leader elected after 5171ms
2019-08-22 13:49:07,456 INFO  impl.RaftServerImpl (ServerState.java:setLeader(263)) - 08a912a3-6f20-4a1b-b8fb-7c1857166863:group-33C9B30E48DF change Leader from null to 8e9b04b1-d934-4e32-9835-f4d675f14d6b at term 1 for appendEntries, leader elected after 5170ms
2019-08-22 13:49:07,489 INFO  impl.RaftServerImpl (ServerState.java:setRaftConf(361)) - 08a912a3-6f20-4a1b-b8fb-7c1857166863:group-33C9B30E48DF set configuration 0: [08a912a3-6f20-4a1b-b8fb-7c1857166863:192.168.69.91:40712, 2d78f6bd-22a4-4917-a3d8-521bd0faba20:192.168.69.91:41324, 8e9b04b1-d934-4e32-9835-f4d675f14d6b:192.168.69.91:35382], old=null at 0
2019-08-22 13:49:07,489 INFO  impl.RaftServerImpl (ServerState.java:setRaftConf(361)) - 2d78f6bd-22a4-4917-a3d8-521bd0faba20:group-33C9B30E48DF set configuration 0: [08a912a3-6f20-4a1b-b8fb-7c1857166863:192.168.69.91:40712, 2d78f6bd-22a4-4917-a3d8-521bd0faba20:192.168.69.91:41324, 8e9b04b1-d934-4e32-9835-f4d675f14d6b:192.168.69.91:35382], old=null at 0
2019-08-22 13:49:07,490 INFO  segmented.SegmentedRaftLogWorker (SegmentedRaftLogWorker.java:startLogSegment(380)) - 08a912a3-6f20-4a1b-b8fb-7c1857166863-SegmentedRaftLogWorker:Storage Directory /workdir/hadoop-ozone/integration-test/target/test-dir/MiniOzoneClusterImpl-136f7d7a-9d38-404e-b321-8badc284e202/datanode-0/data/ratis/d320e1d9-8fa9-40db-997b-33c9b30e48df: Starting segment from index:0
2019-08-22 13:49:07,490 INFO  segmented.SegmentedRaftLogWorker (SegmentedRaftLogWorker.java:startLogSegment(380)) - 2d78f6bd-22a4-4917-a3d8-521bd0faba20-SegmentedRaftLogWorker:Storage Directory /workdir/hadoop-ozone/integration-test/target/test-dir/MiniOzoneClusterImpl-136f7d7a-9d38-404e-b321-8badc284e202/datanode-1/data/ratis/d320e1d9-8fa9-40db-997b-33c9b30e48df: Starting segment from index:0
2019-08-22 13:49:07,563 INFO  segmented.SegmentedRaftLogWorker (SegmentedRaftLogWorker.java:execute(569)) - 8e9b04b1-d934-4e32-9835-f4d675f14d6b-SegmentedRaftLogWorker:Storage Directory /workdir/hadoop-ozone/integration-test/target/test-dir/MiniOzoneClusterImpl-136f7d7a-9d38-404e-b321-8badc284e202/datanode-2/data/ratis/1a299aa9-93ae-4608-9021-a2a9bdfc1c94: created new log segment /workdir/hadoop-ozone/integration-test/target/test-dir/MiniOzoneClusterImpl-136f7d7a-9d38-404e-b321-8badc284e202/datanode-2/data/ratis/1a299aa9-93ae-4608-9021-a2a9bdfc1c94/current/log_inprogress_0
2019-08-22 13:49:07,563 INFO  segmented.SegmentedRaftLogWorker (SegmentedRaftLogWorker.java:execute(569)) - 08a912a3-6f20-4a1b-b8fb-7c1857166863-SegmentedRaftLogWorker:Storage Directory /workdir/hadoop-ozone/integration-test/target/test-dir/MiniOzoneClusterImpl-136f7d7a-9d38-404e-b321-8badc284e202/datanode-0/data/ratis/d320e1d9-8fa9-40db-997b-33c9b30e48df: created new log segment /workdir/hadoop-ozone/integration-test/target/test-dir/MiniOzoneClusterImpl-136f7d7a-9d38-404e-b321-8badc284e202/datanode-0/data/ratis/d320e1d9-8fa9-40db-997b-33c9b30e48df/current/log_inprogress_0
2019-08-22 13:49:07,563 INFO  segmented.SegmentedRaftLogWorker (SegmentedRaftLogWorker.java:execute(569)) - 2d78f6bd-22a4-4917-a3d8-521bd0faba20-SegmentedRaftLogWorker:Storage Directory /workdir/hadoop-ozone/integration-test/target/test-dir/MiniOzoneClusterImpl-136f7d7a-9d38-404e-b321-8badc284e202/datanode-1/data/ratis/d320e1d9-8fa9-40db-997b-33c9b30e48df: created new log segment /workdir/hadoop-ozone/integration-test/target/test-dir/MiniOzoneClusterImpl-136f7d7a-9d38-404e-b321-8badc284e202/datanode-1/data/ratis/d320e1d9-8fa9-40db-997b-33c9b30e48df/current/log_inprogress_0
2019-08-22 13:49:07,563 INFO  segmented.SegmentedRaftLogWorker (SegmentedRaftLogWorker.java:execute(569)) - 8e9b04b1-d934-4e32-9835-f4d675f14d6b-SegmentedRaftLogWorker:Storage Directory /workdir/hadoop-ozone/integration-test/target/test-dir/MiniOzoneClusterImpl-136f7d7a-9d38-404e-b321-8badc284e202/datanode-2/data/ratis/d320e1d9-8fa9-40db-997b-33c9b30e48df: created new log segment /workdir/hadoop-ozone/integration-test/target/test-dir/MiniOzoneClusterImpl-136f7d7a-9d38-404e-b321-8badc284e202/datanode-2/data/ratis/d320e1d9-8fa9-40db-997b-33c9b30e48df/current/log_inprogress_0
2019-08-22 13:49:07,563 INFO  segmented.SegmentedRaftLogWorker (SegmentedRaftLogWorker.java:execute(569)) - 2d78f6bd-22a4-4917-a3d8-521bd0faba20-SegmentedRaftLogWorker:Storage Directory /workdir/hadoop-ozone/integration-test/target/test-dir/MiniOzoneClusterImpl-136f7d7a-9d38-404e-b321-8badc284e202/datanode-1/data/ratis/8331d0c6-676a-4ce3-9d12-4a4bbcf01021: created new log segment /workdir/hadoop-ozone/integration-test/target/test-dir/MiniOzoneClusterImpl-136f7d7a-9d38-404e-b321-8badc284e202/datanode-1/data/ratis/8331d0c6-676a-4ce3-9d12-4a4bbcf01021/current/log_inprogress_0
2019-08-22 13:49:07,563 INFO  segmented.SegmentedRaftLogWorker (SegmentedRaftLogWorker.java:execute(569)) - 08a912a3-6f20-4a1b-b8fb-7c1857166863-SegmentedRaftLogWorker:Storage Directory /workdir/hadoop-ozone/integration-test/target/test-dir/MiniOzoneClusterImpl-136f7d7a-9d38-404e-b321-8badc284e202/datanode-0/data/ratis/66439973-c527-4680-8d62-936ddda716fc: created new log segment /workdir/hadoop-ozone/integration-test/target/test-dir/MiniOzoneClusterImpl-136f7d7a-9d38-404e-b321-8badc284e202/datanode-0/data/ratis/66439973-c527-4680-8d62-936ddda716fc/current/log_inprogress_0
2019-08-22 13:49:08,607 INFO  ozone.MiniOzoneClusterImpl (MiniOzoneClusterImpl.java:shutdown(321)) - Shutting down the Mini Ozone Cluster
2019-08-22 13:49:08,609 INFO  ozone.MiniOzoneClusterImpl (MiniOzoneClusterImpl.java:stop(336)) - Stopping the Mini Ozone Cluster
2019-08-22 13:49:08,609 INFO  ozone.MiniOzoneClusterImpl (MiniOzoneClusterImpl.java:stop(338)) - Stopping the OzoneManager
2019-08-22 13:49:08,610 INFO  ipc.Server (Server.java:stop(3082)) - Stopping server on 36150
2019-08-22 13:49:08,623 INFO  ipc.Server (Server.java:run(1185)) - Stopping IPC Server listener on 36150
2019-08-22 13:49:08,629 INFO  ratis.OzoneManagerDoubleBuffer (OzoneManagerDoubleBuffer.java:stop(248)) - Stopping OMDoubleBuffer flush thread
2019-08-22 13:49:08,631 INFO  ipc.Server (Server.java:run(1319)) - Stopping IPC Server Responder
2019-08-22 13:49:08,638 INFO  ratis.OzoneManagerDoubleBuffer (OzoneManagerDoubleBuffer.java:flushTransactions(191)) - OMDoubleBuffer flush thread OMDoubleBufferFlushThread is interrupted and will exit. OMDoubleBufferFlushThread
2019-08-22 13:49:08,639 INFO  utils.BackgroundService (BackgroundService.java:shutdown(148)) - Shutting down service KeyDeletingService
2019-08-22 13:49:08,644 INFO  handler.ContextHandler (ContextHandler.java:doStop(910)) - Stopped o.e.j.w.WebAppContext@47b2e9e1{/,null,UNAVAILABLE}{/ozoneManager}
2019-08-22 13:49:08,651 INFO  server.AbstractConnector (AbstractConnector.java:doStop(318)) - Stopped ServerConnector@59942b48{HTTP/1.1,[http/1.1]}{0.0.0.0:0}
2019-08-22 13:49:08,652 INFO  handler.ContextHandler (ContextHandler.java:doStop(910)) - Stopped o.e.j.s.ServletContextHandler@61d01788{/static,file:///workdir/hadoop-ozone/integration-test/target/test-classes/webapps/static,UNAVAILABLE}
2019-08-22 13:49:08,652 INFO  handler.ContextHandler (ContextHandler.java:doStop(910)) - Stopped o.e.j.s.ServletContextHandler@1b32cd16{/logs,file:///workdir/hadoop-ozone/integration-test/target/log,UNAVAILABLE}
2019-08-22 13:49:08,658 INFO  ozone.MiniOzoneClusterImpl (MiniOzoneClusterImpl.java:stop(344)) - Shutting the HddsDatanodes
2019-08-22 13:49:08,659 INFO  datanode.ObjectStoreHandler (ObjectStoreHandler.java:close(155)) - Closing ObjectStoreHandler.
2019-08-22 13:49:08,659 INFO  datanode.ObjectStoreHandler (ObjectStoreHandler.java:close(155)) - Closing ObjectStoreHandler.
2019-08-22 13:49:08,673 INFO  ozone.HddsDatanodeService (HddsDatanodeService.java:stop(451)) - Stopped plug-in org.apache.hadoop.ozone.web.OzoneHddsDatanodeService@644a3add
2019-08-22 13:49:08,673 INFO  ozone.HddsDatanodeService (HddsDatanodeService.java:stop(451)) - Stopped plug-in org.apache.hadoop.ozone.web.OzoneHddsDatanodeService@2e71240b
2019-08-22 13:49:09,060 INFO  statemachine.DatanodeStateMachine (DatanodeStateMachine.java:lambda$startDaemon$0(350)) - Ozone container server started.
2019-08-22 13:49:09,315 INFO  statemachine.DatanodeStateMachine (DatanodeStateMachine.java:lambda$startDaemon$0(350)) - Ozone container server started.
2019-08-22 13:49:13,683 INFO  ozoneimpl.OzoneContainer (OzoneContainer.java:stop(199)) - Attempting to stop container services.
2019-08-22 13:49:13,683 INFO  ozoneimpl.OzoneContainer (OzoneContainer.java:stop(199)) - Attempting to stop container services.
2019-08-22 13:49:13,684 INFO  impl.RaftServerProxy (RaftServerProxy.java:lambda$close$4(314)) - 2d78f6bd-22a4-4917-a3d8-521bd0faba20: close
2019-08-22 13:49:13,684 INFO  impl.RaftServerProxy (RaftServerProxy.java:lambda$close$4(314)) - 08a912a3-6f20-4a1b-b8fb-7c1857166863: close
2019-08-22 13:49:13,688 INFO  impl.RaftServerImpl (RaftServerImpl.java:lambda$shutdown$3(245)) - 08a912a3-6f20-4a1b-b8fb-7c1857166863: shutdown group-936DDDA716FC
2019-08-22 13:49:13,688 INFO  impl.RaftServerImpl (RaftServerImpl.java:lambda$shutdown$3(245)) - 2d78f6bd-22a4-4917-a3d8-521bd0faba20: shutdown group-4A4BBCF01021
2019-08-22 13:49:13,689 INFO  util.JmxRegister (JmxRegister.java:unregister(73)) - Successfully un-registered JMX Bean with object name Ratis:service=RaftServer,group=group-936DDDA716FC,id=08a912a3-6f20-4a1b-b8fb-7c1857166863
2019-08-22 13:49:13,689 INFO  util.JmxRegister (JmxRegister.java:unregister(73)) - Successfully un-registered JMX Bean with object name Ratis:service=RaftServer,group=group-4A4BBCF01021,id=2d78f6bd-22a4-4917-a3d8-521bd0faba20
2019-08-22 13:49:13,689 INFO  impl.RoleInfo (RoleInfo.java:shutdownLeaderState(104)) - 08a912a3-6f20-4a1b-b8fb-7c1857166863: shutdown LeaderState
2019-08-22 13:49:13,690 INFO  impl.RoleInfo (RoleInfo.java:shutdownLeaderState(104)) - 2d78f6bd-22a4-4917-a3d8-521bd0faba20: shutdown LeaderState
2019-08-22 13:49:13,693 INFO  impl.PendingRequests (PendingRequests.java:sendNotLeaderResponses(202)) - 08a912a3-6f20-4a1b-b8fb-7c1857166863-PendingRequests: sendNotLeaderResponses
2019-08-22 13:49:13,693 INFO  impl.PendingRequests (PendingRequests.java:sendNotLeaderResponses(202)) - 2d78f6bd-22a4-4917-a3d8-521bd0faba20-PendingRequests: sendNotLeaderResponses
2019-08-22 13:49:13,697 INFO  impl.StateMachineUpdater (StateMachineUpdater.java:stopAndJoin(115)) - StateMachineUpdater:08a912a3-6f20-4a1b-b8fb-7c1857166863:group-936DDDA716FC: set stopIndex = 0
2019-08-22 13:49:13,697 INFO  impl.StateMachineUpdater (StateMachineUpdater.java:stopAndJoin(115)) - StateMachineUpdater:2d78f6bd-22a4-4917-a3d8-521bd0faba20:group-4A4BBCF01021: set stopIndex = 0
2019-08-22 13:49:13,701 INFO  impl.RaftServerImpl (ServerState.java:close(394)) - 08a912a3-6f20-4a1b-b8fb-7c1857166863:group-936DDDA716FC closes. The last applied log index is 0
2019-08-22 13:49:13,701 INFO  impl.RaftServerImpl (ServerState.java:close(394)) - 2d78f6bd-22a4-4917-a3d8-521bd0faba20:group-4A4BBCF01021 closes. The last applied log index is 0
2019-08-22 13:49:13,704 INFO  segmented.SegmentedRaftLogWorker (SegmentedRaftLogWorker.java:run(313)) - 2d78f6bd-22a4-4917-a3d8-521bd0faba20-SegmentedRaftLogWorker:Storage Directory /workdir/hadoop-ozone/integration-test/target/test-dir/MiniOzoneClusterImpl-136f7d7a-9d38-404e-b321-8badc284e202/datanode-1/data/ratis/8331d0c6-676a-4ce3-9d12-4a4bbcf01021 was interrupted, exiting. There are 0 tasks remaining in the queue.
2019-08-22 13:49:13,704 INFO  segmented.SegmentedRaftLogWorker (SegmentedRaftLogWorker.java:run(313)) - 08a912a3-6f20-4a1b-b8fb-7c1857166863-SegmentedRaftLogWorker:Storage Directory /workdir/hadoop-ozone/integration-test/target/test-dir/MiniOzoneClusterImpl-136f7d7a-9d38-404e-b321-8badc284e202/datanode-0/data/ratis/66439973-c527-4680-8d62-936ddda716fc was interrupted, exiting. There are 0 tasks remaining in the queue.
2019-08-22 13:49:13,706 INFO  segmented.SegmentedRaftLogWorker (SegmentedRaftLogWorker.java:close(228)) - 2d78f6bd-22a4-4917-a3d8-521bd0faba20-SegmentedRaftLogWorker:Storage Directory /workdir/hadoop-ozone/integration-test/target/test-dir/MiniOzoneClusterImpl-136f7d7a-9d38-404e-b321-8badc284e202/datanode-1/data/ratis/8331d0c6-676a-4ce3-9d12-4a4bbcf01021 close()
2019-08-22 13:49:13,706 INFO  segmented.SegmentedRaftLogWorker (SegmentedRaftLogWorker.java:close(228)) - 08a912a3-6f20-4a1b-b8fb-7c1857166863-SegmentedRaftLogWorker:Storage Directory /workdir/hadoop-ozone/integration-test/target/test-dir/MiniOzoneClusterImpl-136f7d7a-9d38-404e-b321-8badc284e202/datanode-0/data/ratis/66439973-c527-4680-8d62-936ddda716fc close()
2019-08-22 13:49:13,711 INFO  impl.RaftServerImpl (RaftServerImpl.java:lambda$shutdown$3(245)) - 2d78f6bd-22a4-4917-a3d8-521bd0faba20: shutdown group-33C9B30E48DF
2019-08-22 13:49:13,711 INFO  impl.RaftServerImpl (RaftServerImpl.java:lambda$shutdown$3(245)) - 08a912a3-6f20-4a1b-b8fb-7c1857166863: shutdown group-33C9B30E48DF
2019-08-22 13:49:13,711 INFO  util.JmxRegister (JmxRegister.java:unregister(73)) - Successfully un-registered JMX Bean with object name Ratis:service=RaftServer,group=group-33C9B30E48DF,id=2d78f6bd-22a4-4917-a3d8-521bd0faba20
2019-08-22 13:49:13,711 INFO  util.JmxRegister (JmxRegister.java:unregister(73)) - Successfully un-registered JMX Bean with object name Ratis:service=RaftServer,group=group-33C9B30E48DF,id=08a912a3-6f20-4a1b-b8fb-7c1857166863
2019-08-22 13:49:13,712 INFO  impl.RoleInfo (RoleInfo.java:shutdownFollowerState(121)) - 2d78f6bd-22a4-4917-a3d8-521bd0faba20: shutdown FollowerState
2019-08-22 13:49:13,712 INFO  impl.RoleInfo (RoleInfo.java:shutdownFollowerState(121)) - 08a912a3-6f20-4a1b-b8fb-7c1857166863: shutdown FollowerState
2019-08-22 13:49:13,712 INFO  impl.FollowerState (FollowerState.java:run(114)) - 2d78f6bd-22a4-4917-a3d8-521bd0faba20: FollowerState was interrupted: java.lang.InterruptedException: sleep interrupted
2019-08-22 13:49:13,712 INFO  impl.StateMachineUpdater (StateMachineUpdater.java:stopAndJoin(115)) - StateMachineUpdater:2d78f6bd-22a4-4917-a3d8-521bd0faba20:group-33C9B30E48DF: set stopIndex = 0
2019-08-22 13:49:13,714 INFO  impl.FollowerState (FollowerState.java:run(114)) - 08a912a3-6f20-4a1b-b8fb-7c1857166863: FollowerState was interrupted: java.lang.InterruptedException: sleep interrupted
2019-08-22 13:49:13,713 INFO  impl.StateMachineUpdater (StateMachineUpdater.java:stopAndJoin(115)) - StateMachineUpdater:08a912a3-6f20-4a1b-b8fb-7c1857166863:group-33C9B30E48DF: set stopIndex = 0
2019-08-22 13:49:13,716 INFO  impl.RaftServerImpl (ServerState.java:close(394)) - 2d78f6bd-22a4-4917-a3d8-521bd0faba20:group-33C9B30E48DF closes. The last applied log index is 0
2019-08-22 13:49:13,717 INFO  impl.RaftServerImpl (ServerState.java:close(394)) - 08a912a3-6f20-4a1b-b8fb-7c1857166863:group-33C9B30E48DF closes. The last applied log index is 0
2019-08-22 13:49:13,718 INFO  segmented.SegmentedRaftLogWorker (SegmentedRaftLogWorker.java:run(313)) - 2d78f6bd-22a4-4917-a3d8-521bd0faba20-SegmentedRaftLogWorker:Storage Directory /workdir/hadoop-ozone/integration-test/target/test-dir/MiniOzoneClusterImpl-136f7d7a-9d38-404e-b321-8badc284e202/datanode-1/data/ratis/d320e1d9-8fa9-40db-997b-33c9b30e48df was interrupted, exiting. There are 0 tasks remaining in the queue.
2019-08-22 13:49:13,718 INFO  segmented.SegmentedRaftLogWorker (SegmentedRaftLogWorker.java:run(313)) - 08a912a3-6f20-4a1b-b8fb-7c1857166863-SegmentedRaftLogWorker:Storage Directory /workdir/hadoop-ozone/integration-test/target/test-dir/MiniOzoneClusterImpl-136f7d7a-9d38-404e-b321-8badc284e202/datanode-0/data/ratis/d320e1d9-8fa9-40db-997b-33c9b30e48df was interrupted, exiting. There are 0 tasks remaining in the queue.
2019-08-22 13:49:13,719 INFO  segmented.SegmentedRaftLogWorker (SegmentedRaftLogWorker.java:close(228)) - 2d78f6bd-22a4-4917-a3d8-521bd0faba20-SegmentedRaftLogWorker:Storage Directory /workdir/hadoop-ozone/integration-test/target/test-dir/MiniOzoneClusterImpl-136f7d7a-9d38-404e-b321-8badc284e202/datanode-1/data/ratis/d320e1d9-8fa9-40db-997b-33c9b30e48df close()
2019-08-22 13:49:13,721 INFO  segmented.SegmentedRaftLogWorker (SegmentedRaftLogWorker.java:close(228)) - 08a912a3-6f20-4a1b-b8fb-7c1857166863-SegmentedRaftLogWorker:Storage Directory /workdir/hadoop-ozone/integration-test/target/test-dir/MiniOzoneClusterImpl-136f7d7a-9d38-404e-b321-8badc284e202/datanode-0/data/ratis/d320e1d9-8fa9-40db-997b-33c9b30e48df close()
2019-08-22 13:49:13,725 INFO  server.GrpcService (GrpcService.java:closeImpl(155)) - 2d78f6bd-22a4-4917-a3d8-521bd0faba20: shutdown server with port 41324 now
2019-08-22 13:49:13,725 INFO  server.GrpcService (GrpcService.java:closeImpl(155)) - 08a912a3-6f20-4a1b-b8fb-7c1857166863: shutdown server with port 40712 now
2019-08-22 13:49:13,736 WARN  server.GrpcServerProtocolService (LogUtils.java:warn(134)) - 2d78f6bd-22a4-4917-a3d8-521bd0faba20: appendEntries onError: org.apache.ratis.thirdparty.io.grpc.StatusRuntimeException: CANCELLED: cancelled before receiving half close
2019-08-22 13:49:13,736 WARN  server.GrpcServerProtocolService (LogUtils.java:warn(134)) - 08a912a3-6f20-4a1b-b8fb-7c1857166863: appendEntries onError: org.apache.ratis.thirdparty.io.grpc.StatusRuntimeException: CANCELLED: cancelled before receiving half close
2019-08-22 13:49:13,739 INFO  server.GrpcService (GrpcService.java:closeImpl(163)) - 08a912a3-6f20-4a1b-b8fb-7c1857166863: shutdown server with port 40712 successfully
2019-08-22 13:49:13,739 INFO  server.GrpcService (GrpcService.java:closeImpl(163)) - 2d78f6bd-22a4-4917-a3d8-521bd0faba20: shutdown server with port 41324 successfully
2019-08-22 13:49:13,740 WARN  server.GrpcLogAppender (LogUtils.java:warn(134)) - 8e9b04b1-d934-4e32-9835-f4d675f14d6b->2d78f6bd-22a4-4917-a3d8-521bd0faba20: Failed appendEntries: org.apache.ratis.thirdparty.io.grpc.StatusRuntimeException: CANCELLED: HTTP/2 error code: CANCEL
Received Rst Stream
2019-08-22 13:49:13,740 WARN  server.GrpcLogAppender (LogUtils.java:warn(134)) - 8e9b04b1-d934-4e32-9835-f4d675f14d6b->08a912a3-6f20-4a1b-b8fb-7c1857166863: Failed appendEntries: org.apache.ratis.thirdparty.io.grpc.StatusRuntimeException: CANCELLED: HTTP/2 error code: CANCEL
Received Rst Stream
2019-08-22 13:49:13,747 INFO  utils.BackgroundService (BackgroundService.java:shutdown(148)) - Shutting down service BlockDeletingService
2019-08-22 13:49:13,747 INFO  utils.BackgroundService (BackgroundService.java:shutdown(148)) - Shutting down service BlockDeletingService
2019-08-22 13:49:13,748 INFO  impl.FollowerInfo (FollowerInfo.java:lambda$new$0(50)) - 8e9b04b1-d934-4e32-9835-f4d675f14d6b->2d78f6bd-22a4-4917-a3d8-521bd0faba20: nextIndex: updateUnconditionally 1 -> 0
2019-08-22 13:49:13,748 INFO  impl.FollowerInfo (FollowerInfo.java:lambda$new$0(50)) - 8e9b04b1-d934-4e32-9835-f4d675f14d6b->08a912a3-6f20-4a1b-b8fb-7c1857166863: nextIndex: updateUnconditionally 1 -> 0
2019-08-22 13:49:13,750 WARN  fs.CachingGetSpaceUsed (CachingGetSpaceUsed.java:run(183)) - Thread Interrupted waiting to refresh disk information: sleep interrupted
2019-08-22 13:49:13,750 WARN  fs.CachingGetSpaceUsed (CachingGetSpaceUsed.java:run(183)) - Thread Interrupted waiting to refresh disk information: sleep interrupted
2019-08-22 13:49:13,780 INFO  statemachine.DatanodeStateMachine (DatanodeStateMachine.java:stopDaemon(395)) - Ozone container server stopped.
2019-08-22 13:49:13,783 INFO  handler.ContextHandler (ContextHandler.java:doStop(910)) - Stopped o.e.j.w.WebAppContext@2e7af36e{/,null,UNAVAILABLE}{/hddsDatanode}
2019-08-22 13:49:13,784 INFO  statemachine.DatanodeStateMachine (DatanodeStateMachine.java:stopDaemon(395)) - Ozone container server stopped.
2019-08-22 13:49:13,786 INFO  server.AbstractConnector (AbstractConnector.java:doStop(318)) - Stopped ServerConnector@1283ca23{HTTP/1.1,[http/1.1]}{0.0.0.0:0}
2019-08-22 13:49:13,787 INFO  handler.ContextHandler (ContextHandler.java:doStop(910)) - Stopped o.e.j.s.ServletContextHandler@7bbcf6f0{/static,jar:file:/home/user/.m2/repository/org/apache/hadoop/hadoop-hdds-container-service/0.5.0-SNAPSHOT/hadoop-hdds-container-service-0.5.0-SNAPSHOT.jar!/webapps/static,UNAVAILABLE}
2019-08-22 13:49:13,787 INFO  handler.ContextHandler (ContextHandler.java:doStop(910)) - Stopped o.e.j.w.WebAppContext@4c777e7b{/,null,UNAVAILABLE}{/hddsDatanode}
2019-08-22 13:49:13,788 INFO  handler.ContextHandler (ContextHandler.java:doStop(910)) - Stopped o.e.j.s.ServletContextHandler@23ca36d{/logs,file:///workdir/hadoop-ozone/integration-test/target/log,UNAVAILABLE}
2019-08-22 13:49:13,788 INFO  server.AbstractConnector (AbstractConnector.java:doStop(318)) - Stopped ServerConnector@5f038248{HTTP/1.1,[http/1.1]}{0.0.0.0:0}
2019-08-22 13:49:13,789 INFO  datanode.ObjectStoreHandler (ObjectStoreHandler.java:close(155)) - Closing ObjectStoreHandler.
2019-08-22 13:49:13,790 INFO  handler.ContextHandler (ContextHandler.java:doStop(910)) - Stopped o.e.j.s.ServletContextHandler@46185a1b{/static,jar:file:/home/user/.m2/repository/org/apache/hadoop/hadoop-hdds-container-service/0.5.0-SNAPSHOT/hadoop-hdds-container-service-0.5.0-SNAPSHOT.jar!/webapps/static,UNAVAILABLE}
2019-08-22 13:49:13,791 INFO  ozone.HddsDatanodeService (HddsDatanodeService.java:stop(451)) - Stopped plug-in org.apache.hadoop.ozone.web.OzoneHddsDatanodeService@679d0be8
2019-08-22 13:49:13,791 INFO  handler.ContextHandler (ContextHandler.java:doStop(910)) - Stopped o.e.j.s.ServletContextHandler@dc79225{/logs,file:///workdir/hadoop-ozone/integration-test/target/log,UNAVAILABLE}
2019-08-22 13:49:14,567 INFO  statemachine.DatanodeStateMachine (DatanodeStateMachine.java:lambda$startDaemon$0(350)) - Ozone container server started.
2019-08-22 13:49:15,131 WARN  server.GrpcLogAppender (LogUtils.java:warn(134)) - 8e9b04b1-d934-4e32-9835-f4d675f14d6b->2d78f6bd-22a4-4917-a3d8-521bd0faba20: Failed appendEntries: org.apache.ratis.thirdparty.io.grpc.StatusRuntimeException: UNAVAILABLE: io exception
2019-08-22 13:49:15,131 WARN  server.GrpcLogAppender (LogUtils.java:warn(134)) - 8e9b04b1-d934-4e32-9835-f4d675f14d6b->08a912a3-6f20-4a1b-b8fb-7c1857166863: Failed appendEntries: org.apache.ratis.thirdparty.io.grpc.StatusRuntimeException: UNAVAILABLE: io exception
2019-08-22 13:49:15,134 INFO  impl.FollowerInfo (FollowerInfo.java:lambda$new$0(50)) - 8e9b04b1-d934-4e32-9835-f4d675f14d6b->2d78f6bd-22a4-4917-a3d8-521bd0faba20: nextIndex: updateUnconditionally 0 -> 0
2019-08-22 13:49:15,136 INFO  impl.FollowerInfo (FollowerInfo.java:lambda$new$0(50)) - 8e9b04b1-d934-4e32-9835-f4d675f14d6b->08a912a3-6f20-4a1b-b8fb-7c1857166863: nextIndex: updateUnconditionally 0 -> 0
2019-08-22 13:49:17,627 WARN  server.GrpcLogAppender (LogUtils.java:warn(134)) - 8e9b04b1-d934-4e32-9835-f4d675f14d6b->08a912a3-6f20-4a1b-b8fb-7c1857166863: Failed appendEntries: org.apache.ratis.thirdparty.io.grpc.StatusRuntimeException: UNAVAILABLE: io exception
2019-08-22 13:49:17,627 WARN  server.GrpcLogAppender (LogUtils.java:warn(134)) - 8e9b04b1-d934-4e32-9835-f4d675f14d6b->2d78f6bd-22a4-4917-a3d8-521bd0faba20: Failed appendEntries: org.apache.ratis.thirdparty.io.grpc.StatusRuntimeException: UNAVAILABLE: io exception
2019-08-22 13:49:17,630 INFO  impl.FollowerInfo (FollowerInfo.java:lambda$new$0(50)) - 8e9b04b1-d934-4e32-9835-f4d675f14d6b->08a912a3-6f20-4a1b-b8fb-7c1857166863: nextIndex: updateUnconditionally 0 -> 0
2019-08-22 13:49:17,632 INFO  impl.FollowerInfo (FollowerInfo.java:lambda$new$0(50)) - 8e9b04b1-d934-4e32-9835-f4d675f14d6b->2d78f6bd-22a4-4917-a3d8-521bd0faba20: nextIndex: updateUnconditionally 0 -> 0
2019-08-22 13:49:18,793 INFO  ozoneimpl.OzoneContainer (OzoneContainer.java:stop(199)) - Attempting to stop container services.
2019-08-22 13:49:18,794 INFO  impl.RaftServerProxy (RaftServerProxy.java:lambda$close$4(314)) - 8e9b04b1-d934-4e32-9835-f4d675f14d6b: close
2019-08-22 13:49:18,794 INFO  impl.RaftServerImpl (RaftServerImpl.java:lambda$shutdown$3(245)) - 8e9b04b1-d934-4e32-9835-f4d675f14d6b: shutdown group-A2A9BDFC1C94
2019-08-22 13:49:18,795 INFO  impl.RaftServerImpl (RaftServerImpl.java:lambda$shutdown$3(245)) - 8e9b04b1-d934-4e32-9835-f4d675f14d6b: shutdown group-33C9B30E48DF
2019-08-22 13:49:18,795 INFO  util.JmxRegister (JmxRegister.java:unregister(73)) - Successfully un-registered JMX Bean with object name Ratis:service=RaftServer,group=group-A2A9BDFC1C94,id=8e9b04b1-d934-4e32-9835-f4d675f14d6b
2019-08-22 13:49:18,796 INFO  util.JmxRegister (JmxRegister.java:unregister(73)) - Successfully un-registered JMX Bean with object name Ratis:service=RaftServer,group=group-33C9B30E48DF,id=8e9b04b1-d934-4e32-9835-f4d675f14d6b
2019-08-22 13:49:18,796 INFO  impl.RoleInfo (RoleInfo.java:shutdownLeaderState(104)) - 8e9b04b1-d934-4e32-9835-f4d675f14d6b: shutdown LeaderState
2019-08-22 13:49:18,796 INFO  impl.RoleInfo (RoleInfo.java:shutdownLeaderState(104)) - 8e9b04b1-d934-4e32-9835-f4d675f14d6b: shutdown LeaderState
2019-08-22 13:49:18,797 INFO  impl.PendingRequests (PendingRequests.java:sendNotLeaderResponses(202)) - 8e9b04b1-d934-4e32-9835-f4d675f14d6b-PendingRequests: sendNotLeaderResponses
2019-08-22 13:49:18,799 INFO  impl.PendingRequests (PendingRequests.java:sendNotLeaderResponses(202)) - 8e9b04b1-d934-4e32-9835-f4d675f14d6b-PendingRequests: sendNotLeaderResponses
2019-08-22 13:49:18,799 INFO  impl.StateMachineUpdater (StateMachineUpdater.java:stopAndJoin(115)) - StateMachineUpdater:8e9b04b1-d934-4e32-9835-f4d675f14d6b:group-A2A9BDFC1C94: set stopIndex = 0
2019-08-22 13:49:18,800 INFO  impl.RaftServerImpl (ServerState.java:close(394)) - 8e9b04b1-d934-4e32-9835-f4d675f14d6b:group-A2A9BDFC1C94 closes. The last applied log index is 0
2019-08-22 13:49:18,799 WARN  server.GrpcLogAppender (GrpcLogAppender.java:mayWait(143)) - GrpcLogAppender(8e9b04b1-d934-4e32-9835-f4d675f14d6b->2d78f6bd-22a4-4917-a3d8-521bd0faba20): Wait interrupted by java.lang.InterruptedException
2019-08-22 13:49:18,799 WARN  server.GrpcLogAppender (GrpcLogAppender.java:mayWait(143)) - GrpcLogAppender(8e9b04b1-d934-4e32-9835-f4d675f14d6b->08a912a3-6f20-4a1b-b8fb-7c1857166863): Wait interrupted by java.lang.InterruptedException
2019-08-22 13:49:18,802 INFO  segmented.SegmentedRaftLogWorker (SegmentedRaftLogWorker.java:run(313)) - 8e9b04b1-d934-4e32-9835-f4d675f14d6b-SegmentedRaftLogWorker:Storage Directory /workdir/hadoop-ozone/integration-test/target/test-dir/MiniOzoneClusterImpl-136f7d7a-9d38-404e-b321-8badc284e202/datanode-2/data/ratis/1a299aa9-93ae-4608-9021-a2a9bdfc1c94 was interrupted, exiting. There are 0 tasks remaining in the queue.
2019-08-22 13:49:18,800 INFO  impl.StateMachineUpdater (StateMachineUpdater.java:stopAndJoin(115)) - StateMachineUpdater:8e9b04b1-d934-4e32-9835-f4d675f14d6b:group-33C9B30E48DF: set stopIndex = 0
2019-08-22 13:49:18,803 INFO  segmented.SegmentedRaftLogWorker (SegmentedRaftLogWorker.java:close(228)) - 8e9b04b1-d934-4e32-9835-f4d675f14d6b-SegmentedRaftLogWorker:Storage Directory /workdir/hadoop-ozone/integration-test/target/test-dir/MiniOzoneClusterImpl-136f7d7a-9d38-404e-b321-8badc284e202/datanode-2/data/ratis/1a299aa9-93ae-4608-9021-a2a9bdfc1c94 close()
2019-08-22 13:49:18,803 INFO  impl.RaftServerImpl (ServerState.java:close(394)) - 8e9b04b1-d934-4e32-9835-f4d675f14d6b:group-33C9B30E48DF closes. The last applied log index is 0
2019-08-22 13:49:18,806 INFO  segmented.SegmentedRaftLogWorker (SegmentedRaftLogWorker.java:run(313)) - 8e9b04b1-d934-4e32-9835-f4d675f14d6b-SegmentedRaftLogWorker:Storage Directory /workdir/hadoop-ozone/integration-test/target/test-dir/MiniOzoneClusterImpl-136f7d7a-9d38-404e-b321-8badc284e202/datanode-2/data/ratis/d320e1d9-8fa9-40db-997b-33c9b30e48df was interrupted, exiting. There are 0 tasks remaining in the queue.
2019-08-22 13:49:18,823 INFO  segmented.SegmentedRaftLogWorker (SegmentedRaftLogWorker.java:close(228)) - 8e9b04b1-d934-4e32-9835-f4d675f14d6b-SegmentedRaftLogWorker:Storage Directory /workdir/hadoop-ozone/integration-test/target/test-dir/MiniOzoneClusterImpl-136f7d7a-9d38-404e-b321-8badc284e202/datanode-2/data/ratis/d320e1d9-8fa9-40db-997b-33c9b30e48df close()
2019-08-22 13:49:18,824 INFO  server.GrpcService (GrpcService.java:closeImpl(155)) - 8e9b04b1-d934-4e32-9835-f4d675f14d6b: shutdown server with port 35382 now
2019-08-22 13:49:18,825 INFO  server.GrpcService (GrpcService.java:closeImpl(163)) - 8e9b04b1-d934-4e32-9835-f4d675f14d6b: shutdown server with port 35382 successfully
2019-08-22 13:49:18,829 INFO  utils.BackgroundService (BackgroundService.java:shutdown(148)) - Shutting down service BlockDeletingService
2019-08-22 13:49:18,830 WARN  fs.CachingGetSpaceUsed (CachingGetSpaceUsed.java:run(183)) - Thread Interrupted waiting to refresh disk information: sleep interrupted
2019-08-22 13:49:18,853 INFO  statemachine.DatanodeStateMachine (DatanodeStateMachine.java:stopDaemon(395)) - Ozone container server stopped.
2019-08-22 13:49:18,854 INFO  handler.ContextHandler (ContextHandler.java:doStop(910)) - Stopped o.e.j.w.WebAppContext@7418d76e{/,null,UNAVAILABLE}{/hddsDatanode}
2019-08-22 13:49:18,855 INFO  server.AbstractConnector (AbstractConnector.java:doStop(318)) - Stopped ServerConnector@601eb4af{HTTP/1.1,[http/1.1]}{0.0.0.0:0}
2019-08-22 13:49:18,856 INFO  handler.ContextHandler (ContextHandler.java:doStop(910)) - Stopped o.e.j.s.ServletContextHandler@1c046c92{/static,jar:file:/home/user/.m2/repository/org/apache/hadoop/hadoop-hdds-container-service/0.5.0-SNAPSHOT/hadoop-hdds-container-service-0.5.0-SNAPSHOT.jar!/webapps/static,UNAVAILABLE}
2019-08-22 13:49:18,856 INFO  handler.ContextHandler (ContextHandler.java:doStop(910)) - Stopped o.e.j.s.ServletContextHandler@528c8c1{/logs,file:///workdir/hadoop-ozone/integration-test/target/log,UNAVAILABLE}
2019-08-22 13:49:18,857 INFO  ozone.MiniOzoneClusterImpl (MiniOzoneClusterImpl.java:stop(353)) - Stopping the StorageContainerManager
2019-08-22 13:49:18,857 INFO  server.StorageContainerManager (StorageContainerManager.java:stop(796)) - Stopping Replication Manager Service.
2019-08-22 13:49:18,857 INFO  container.ReplicationManager (ReplicationManager.java:stop(187)) - Stopping Replication Monitor Thread.
2019-08-22 13:49:18,858 INFO  server.StorageContainerManager (StorageContainerManager.java:stop(803)) - Stopping Lease Manager of the command watchers
2019-08-22 13:49:18,858 INFO  server.StorageContainerManager (StorageContainerManager.java:stop(810)) - Stopping datanode service RPC server
2019-08-22 13:49:18,858 INFO  server.SCMDatanodeProtocolServer (SCMDatanodeProtocolServer.java:stop(367)) - Stopping the RPC server for DataNodes
2019-08-22 13:49:18,858 INFO  ipc.Server (Server.java:stop(3082)) - Stopping server on 41787
2019-08-22 13:49:18,860 INFO  ipc.Server (Server.java:run(1185)) - Stopping IPC Server listener on 41787
2019-08-22 13:49:18,860 INFO  ipc.Server (Server.java:run(1319)) - Stopping IPC Server Responder
2019-08-22 13:49:18,910 WARN  node.NodeStateManager (NodeStateManager.java:scheduleNextHealthCheck(631)) - Current Thread is interrupted, shutting down HB processing thread for Node Manager.
2019-08-22 13:49:18,910 INFO  server.StorageContainerManager (StorageContainerManager.java:stop(818)) - Stopping block service RPC server
2019-08-22 13:49:18,911 INFO  server.SCMBlockProtocolServer (SCMBlockProtocolServer.java:stop(148)) - Stopping the RPC server for Block Protocol
2019-08-22 13:49:18,911 INFO  ipc.Server (Server.java:stop(3082)) - Stopping server on 37369
2019-08-22 13:49:18,913 INFO  server.StorageContainerManager (StorageContainerManager.java:stop(825)) - Stopping the StorageContainerLocationProtocol RPC server
2019-08-22 13:49:18,913 INFO  server.SCMClientProtocolServer (SCMClientProtocolServer.java:stop(159)) - Stopping the RPC server for Client Protocol
2019-08-22 13:49:18,914 INFO  ipc.Server (Server.java:run(1319)) - Stopping IPC Server Responder
2019-08-22 13:49:18,914 INFO  ipc.Server (Server.java:run(1185)) - Stopping IPC Server listener on 37369
2019-08-22 13:49:18,914 INFO  ipc.Server (Server.java:stop(3082)) - Stopping server on 38542
2019-08-22 13:49:18,917 INFO  ipc.Server (Server.java:run(1185)) - Stopping IPC Server listener on 38542
2019-08-22 13:49:18,917 INFO  server.StorageContainerManager (StorageContainerManager.java:stop(832)) - Stopping Storage Container Manager HTTP server.
2019-08-22 13:49:18,917 INFO  ipc.Server (Server.java:run(1319)) - Stopping IPC Server Responder
2019-08-22 13:49:18,919 INFO  handler.ContextHandler (ContextHandler.java:doStop(910)) - Stopped o.e.j.w.WebAppContext@15a902e7{/,null,UNAVAILABLE}{/scm}
2019-08-22 13:49:18,919 INFO  server.AbstractConnector (AbstractConnector.java:doStop(318)) - Stopped ServerConnector@2416a51{HTTP/1.1,[http/1.1]}{0.0.0.0:0}
2019-08-22 13:49:18,920 INFO  handler.ContextHandler (ContextHandler.java:doStop(910)) - Stopped o.e.j.s.ServletContextHandler@79d94571{/static,file:///workdir/hadoop-ozone/integration-test/target/test-classes/webapps/static,UNAVAILABLE}
2019-08-22 13:49:18,921 INFO  handler.ContextHandler (ContextHandler.java:doStop(910)) - Stopped o.e.j.s.ServletContextHandler@76012793{/logs,file:///workdir/hadoop-ozone/integration-test/target/log,UNAVAILABLE}
2019-08-22 13:49:18,923 INFO  server.StorageContainerManager (StorageContainerManager.java:stop(843)) - Stopping Block Manager Service.
2019-08-22 13:49:18,923 INFO  utils.BackgroundService (BackgroundService.java:shutdown(148)) - Shutting down service SCMBlockDeletingService
2019-08-22 13:49:18,924 INFO  utils.BackgroundService (BackgroundService.java:shutdown(148)) - Shutting down service SCMBlockDeletingService
2019-08-22 13:49:18,924 INFO  server.StorageContainerManager (StorageContainerManager.java:stop(865)) - Stopping SCM Event Queue.
2019-08-22 13:49:18,931 INFO  impl.MetricsSystemImpl (MetricsSystemImpl.java:stop(210)) - Stopping HddsDatanode metrics system...
2019-08-22 13:49:18,935 INFO  impl.MetricsSystemImpl (MetricsSystemImpl.java:stop(216)) - HddsDatanode metrics system stopped.
]]></system-out>
    <system-err><![CDATA[ERROR StatusLogger No Log4j 2 configuration file found. Using default configuration (logging only errors to the console), or user programmatically provided configurations. Set system property 'log4j2.debug' to show Log4j 2 internal initialization logging. See https://logging.apache.org/log4j/2.x/manual/configuration.html for instructions on how to configure Log4j 2
Aug 22, 2019 1:48:56 PM com.sun.jersey.server.impl.application.WebApplicationImpl _initiate
INFO: Initiating Jersey application, version 'Jersey: 1.19 02/11/2015 03:25 AM'
Aug 22, 2019 1:48:57 PM com.sun.jersey.server.impl.application.WebApplicationImpl _initiate
INFO: Initiating Jersey application, version 'Jersey: 1.19 02/11/2015 03:25 AM'
Aug 22, 2019 1:48:57 PM com.sun.jersey.server.impl.application.WebApplicationImpl _initiate
INFO: Initiating Jersey application, version 'Jersey: 1.19 02/11/2015 03:25 AM'
]]></system-err>
  </testcase>
  <testcase name="testPipelineCloseWithOpenContainer" classname="org.apache.hadoop.hdds.scm.pipeline.TestPipelineClose" time="17.254"/>
  <testcase name="testPipelineCloseWithClosedContainer" classname="org.apache.hadoop.hdds.scm.pipeline.TestPipelineClose" time="17.213"/>
  <testcase name="testPipelineCloseWithLogFailure" classname="org.apache.hadoop.hdds.scm.pipeline.TestPipelineClose" time="16.945"/>
</testsuite>