<?xml version="1.0" encoding="UTF-8"?>
<testsuite xmlns:xsi="http://www.w3.org/2001/XMLSchema-instance" xsi:noNamespaceSchemaLocation="https://maven.apache.org/surefire/maven-surefire-plugin/xsd/surefire-test-report.xsd" name="org.apache.hadoop.ozone.client.rpc.TestFailureHandlingByClient" time="270.753" tests="5" errors="0" skipped="0" failures="1">
  <properties>
    <property name="awt.toolkit" value="sun.awt.X11.XToolkit"/>
    <property name="file.encoding.pkg" value="sun.io"/>
    <property name="java.specification.version" value="1.8"/>
    <property name="sun.cpu.isalist" value=""/>
    <property name="sun.jnu.encoding" value="UTF-8"/>
    <property name="java.class.path" value="/workdir/hadoop-ozone/integration-test/target/test-classes:/workdir/hadoop-ozone/integration-test/target/classes:/home/user/.m2/repository/org/apache/hadoop/hadoop-ozone-common/0.5.0-SNAPSHOT/hadoop-ozone-common-0.5.0-SNAPSHOT.jar:/home/user/.m2/repository/org/apache/commons/commons-compress/1.4.1/commons-compress-1.4.1.jar:/home/user/.m2/repository/org/tukaani/xz/1.0/xz-1.0.jar:/home/user/.m2/repository/org/apache/hadoop/hadoop-common/3.2.0/hadoop-common-3.2.0.jar:/home/user/.m2/repository/org/apache/hadoop/hadoop-hdfs/3.2.0/hadoop-hdfs-3.2.0.jar:/home/user/.m2/repository/org/apache/hadoop/hadoop-hdfs-client/3.2.0/hadoop-hdfs-client-3.2.0.jar:/home/user/.m2/repository/com/fasterxml/jackson/core/jackson-annotations/2.9.5/jackson-annotations-2.9.5.jar:/home/user/.m2/repository/org/apache/hadoop/hadoop-hdds-common/0.5.0-SNAPSHOT/hadoop-hdds-common-0.5.0-SNAPSHOT.jar:/home/user/.m2/repository/javax/annotation/javax.annotation-api/1.2/javax.annotation-api-1.2.jar:/home/user/.m2/repository/org/apache/ratis/ratis-server/0.4.0-2337318-SNAPSHOT/ratis-server-0.4.0-2337318-SNAPSHOT.jar:/home/user/.m2/repository/org/apache/ratis/ratis-thirdparty-misc/0.2.0/ratis-thirdparty-misc-0.2.0.jar:/home/user/.m2/repository/org/apache/ratis/ratis-proto/0.4.0-2337318-SNAPSHOT/ratis-proto-0.4.0-2337318-SNAPSHOT.jar:/home/user/.m2/repository/org/apache/ratis/ratis-common/0.4.0-2337318-SNAPSHOT/ratis-common-0.4.0-2337318-SNAPSHOT.jar:/home/user/.m2/repository/org/apache/ratis/ratis-client/0.4.0-2337318-SNAPSHOT/ratis-client-0.4.0-2337318-SNAPSHOT.jar:/home/user/.m2/repository/org/apache/ratis/ratis-metrics/0.4.0-2337318-SNAPSHOT/ratis-metrics-0.4.0-2337318-SNAPSHOT.jar:/home/user/.m2/repository/org/apache/ratis/ratis-netty/0.4.0-2337318-SNAPSHOT/ratis-netty-0.4.0-2337318-SNAPSHOT.jar:/home/user/.m2/repository/org/apache/ratis/ratis-grpc/0.4.0-2337318-SNAPSHOT/ratis-grpc-0.4.0-2337318-SNAPSHOT.jar:/home/user/.m2/repository/org/rocksdb/rocksdbjni/6.0.1/rocksdbjni-6.0.1.jar:/home/user/.m2/repository/org/apache/logging/log4j/log4j-api/2.11.0/log4j-api-2.11.0.jar:/home/user/.m2/repository/org/apache/logging/log4j/log4j-core/2.11.0/log4j-core-2.11.0.jar:/home/user/.m2/repository/com/lmax/disruptor/3.4.2/disruptor-3.4.2.jar:/home/user/.m2/repository/org/apache/commons/commons-pool2/2.6.0/commons-pool2-2.6.0.jar:/home/user/.m2/repository/org/bouncycastle/bcpkix-jdk15on/1.60/bcpkix-jdk15on-1.60.jar:/home/user/.m2/repository/commons-validator/commons-validator/1.6/commons-validator-1.6.jar:/home/user/.m2/repository/commons-digester/commons-digester/1.8.1/commons-digester-1.8.1.jar:/home/user/.m2/repository/io/jaegertracing/jaeger-client/0.33.1/jaeger-client-0.33.1.jar:/home/user/.m2/repository/io/jaegertracing/jaeger-thrift/0.33.1/jaeger-thrift-0.33.1.jar:/home/user/.m2/repository/org/apache/thrift/libthrift/0.11.0/libthrift-0.11.0.jar:/home/user/.m2/repository/com/squareup/okhttp3/okhttp/3.9.0/okhttp-3.9.0.jar:/home/user/.m2/repository/com/squareup/okio/okio/1.13.0/okio-1.13.0.jar:/home/user/.m2/repository/io/jaegertracing/jaeger-core/0.33.1/jaeger-core-0.33.1.jar:/home/user/.m2/repository/io/jaegertracing/jaeger-tracerresolver/0.33.1/jaeger-tracerresolver-0.33.1.jar:/home/user/.m2/repository/io/opentracing/contrib/opentracing-tracerresolver/0.1.5/opentracing-tracerresolver-0.1.5.jar:/home/user/.m2/repository/io/opentracing/opentracing-util/0.31.0/opentracing-util-0.31.0.jar:/home/user/.m2/repository/io/opentracing/opentracing-api/0.31.0/opentracing-api-0.31.0.jar:/home/user/.m2/repository/io/opentracing/opentracing-noop/0.31.0/opentracing-noop-0.31.0.jar:/home/user/.m2/repository/org/apache/hadoop/hadoop-hdds-server-framework/0.5.0-SNAPSHOT/hadoop-hdds-server-framework-0.5.0-SNAPSHOT.jar:/home/user/.m2/repository/org/apache/hadoop/hadoop-hdds-container-service/0.5.0-SNAPSHOT/hadoop-hdds-container-service-0.5.0-SNAPSHOT.jar:/home/user/.m2/repository/org/apache/hadoop/hadoop-hdds-client/0.5.0-SNAPSHOT/hadoop-hdds-client-0.5.0-SNAPSHOT.jar:/home/user/.m2/repository/org/apache/hadoop/hadoop-hdds-tools/0.5.0-SNAPSHOT/hadoop-hdds-tools-0.5.0-SNAPSHOT.jar:/home/user/.m2/repository/org/apache/hadoop/hadoop-hdds-server-scm/0.5.0-SNAPSHOT/hadoop-hdds-server-scm-0.5.0-SNAPSHOT.jar:/home/user/.m2/repository/org/apache/hadoop/hadoop-hdds-docs/0.5.0-SNAPSHOT/hadoop-hdds-docs-0.5.0-SNAPSHOT.jar:/home/user/.m2/repository/io/dropwizard/metrics/metrics-core/3.2.4/metrics-core-3.2.4.jar:/home/user/.m2/repository/org/hamcrest/hamcrest-all/1.3/hamcrest-all-1.3.jar:/home/user/.m2/repository/org/bouncycastle/bcprov-jdk15on/1.60/bcprov-jdk15on-1.60.jar:/home/user/.m2/repository/info/picocli/picocli/3.9.6/picocli-3.9.6.jar:/home/user/.m2/repository/com/google/protobuf/protobuf-java/2.5.0/protobuf-java-2.5.0.jar:/home/user/.m2/repository/com/google/guava/guava/11.0.2/guava-11.0.2.jar:/home/user/.m2/repository/org/apache/hadoop/hadoop-ozone-ozone-manager/0.5.0-SNAPSHOT/hadoop-ozone-ozone-manager-0.5.0-SNAPSHOT.jar:/home/user/.m2/repository/org/apache/hadoop/hadoop-minikdc/3.2.0/hadoop-minikdc-3.2.0.jar:/home/user/.m2/repository/commons-io/commons-io/2.5/commons-io-2.5.jar:/home/user/.m2/repository/org/apache/kerby/kerb-simplekdc/1.0.1/kerb-simplekdc-1.0.1.jar:/home/user/.m2/repository/org/apache/kerby/kerb-client/1.0.1/kerb-client-1.0.1.jar:/home/user/.m2/repository/org/apache/kerby/kerby-config/1.0.1/kerby-config-1.0.1.jar:/home/user/.m2/repository/org/apache/kerby/kerb-core/1.0.1/kerb-core-1.0.1.jar:/home/user/.m2/repository/org/apache/kerby/kerby-pkix/1.0.1/kerby-pkix-1.0.1.jar:/home/user/.m2/repository/org/apache/kerby/kerby-asn1/1.0.1/kerby-asn1-1.0.1.jar:/home/user/.m2/repository/org/apache/kerby/kerby-util/1.0.1/kerby-util-1.0.1.jar:/home/user/.m2/repository/org/apache/kerby/kerb-common/1.0.1/kerb-common-1.0.1.jar:/home/user/.m2/repository/org/apache/kerby/kerb-crypto/1.0.1/kerb-crypto-1.0.1.jar:/home/user/.m2/repository/org/apache/kerby/kerb-util/1.0.1/kerb-util-1.0.1.jar:/home/user/.m2/repository/org/apache/kerby/token-provider/1.0.1/token-provider-1.0.1.jar:/home/user/.m2/repository/org/apache/kerby/kerb-admin/1.0.1/kerb-admin-1.0.1.jar:/home/user/.m2/repository/org/apache/kerby/kerb-server/1.0.1/kerb-server-1.0.1.jar:/home/user/.m2/repository/org/apache/kerby/kerb-identity/1.0.1/kerb-identity-1.0.1.jar:/home/user/.m2/repository/org/apache/kerby/kerby-xdr/1.0.1/kerby-xdr-1.0.1.jar:/home/user/.m2/repository/org/slf4j/slf4j-log4j12/1.7.25/slf4j-log4j12-1.7.25.jar:/home/user/.m2/repository/org/apache/hadoop/hadoop-ozone-s3gateway/0.5.0-SNAPSHOT/hadoop-ozone-s3gateway-0.5.0-SNAPSHOT.jar:/home/user/.m2/repository/org/jboss/weld/servlet/weld-servlet/2.4.7.Final/weld-servlet-2.4.7.Final.jar:/home/user/.m2/repository/org/glassfish/jersey/containers/jersey-container-servlet-core/2.27/jersey-container-servlet-core-2.27.jar:/home/user/.m2/repository/org/glassfish/hk2/external/javax.inject/2.5.0-b42/javax.inject-2.5.0-b42.jar:/home/user/.m2/repository/org/glassfish/jersey/core/jersey-common/2.27/jersey-common-2.27.jar:/home/user/.m2/repository/org/glassfish/hk2/osgi-resource-locator/1.0.1/osgi-resource-locator-1.0.1.jar:/home/user/.m2/repository/javax/ws/rs/javax.ws.rs-api/2.1/javax.ws.rs-api-2.1.jar:/home/user/.m2/repository/org/glassfish/jersey/ext/cdi/jersey-cdi1x/2.27/jersey-cdi1x-2.27.jar:/home/user/.m2/repository/org/glassfish/jersey/inject/jersey-hk2/2.27/jersey-hk2-2.27.jar:/home/user/.m2/repository/org/glassfish/hk2/hk2-locator/2.5.0-b42/hk2-locator-2.5.0-b42.jar:/home/user/.m2/repository/org/javassist/javassist/3.22.0-CR2/javassist-3.22.0-CR2.jar:/home/user/.m2/repository/org/glassfish/hk2/hk2-api/2.5.0/hk2-api-2.5.0.jar:/home/user/.m2/repository/org/glassfish/hk2/external/jakarta.inject/2.5.0/jakarta.inject-2.5.0.jar:/home/user/.m2/repository/org/glassfish/hk2/hk2-utils/2.5.0/hk2-utils-2.5.0.jar:/home/user/.m2/repository/jakarta/annotation/jakarta.annotation-api/1.3.4/jakarta.annotation-api-1.3.4.jar:/home/user/.m2/repository/org/glassfish/hk2/external/aopalliance-repackaged/2.5.0/aopalliance-repackaged-2.5.0.jar:/home/user/.m2/repository/com/fasterxml/jackson/dataformat/jackson-dataformat-xml/2.9.0/jackson-dataformat-xml-2.9.0.jar:/home/user/.m2/repository/com/fasterxml/jackson/core/jackson-core/2.9.5/jackson-core-2.9.5.jar:/home/user/.m2/repository/com/fasterxml/jackson/module/jackson-module-jaxb-annotations/2.9.5/jackson-module-jaxb-annotations-2.9.5.jar:/home/user/.m2/repository/javax/enterprise/cdi-api/1.2/cdi-api-1.2.jar:/home/user/.m2/repository/javax/el/javax.el-api/3.0.0/javax.el-api-3.0.0.jar:/home/user/.m2/repository/javax/interceptor/javax.interceptor-api/1.2/javax.interceptor-api-1.2.jar:/home/user/.m2/repository/javax/inject/javax.inject/1/javax.inject-1.jar:/home/user/.m2/repository/com/sun/xml/bind/jaxb-impl/2.3.0.1/jaxb-impl-2.3.0.1.jar:/home/user/.m2/repository/com/sun/xml/bind/jaxb-core/2.3.0.1/jaxb-core-2.3.0.1.jar:/home/user/.m2/repository/javax/xml/bind/jaxb-api/2.3.0/jaxb-api-2.3.0.jar:/home/user/.m2/repository/javax/activation/activation/1.1.1/activation-1.1.1.jar:/home/user/.m2/repository/org/apache/hadoop/hadoop-ozone-csi/0.5.0-SNAPSHOT/hadoop-ozone-csi-0.5.0-SNAPSHOT.jar:/home/user/.m2/repository/com/google/protobuf/protobuf-java-util/3.5.1/protobuf-java-util-3.5.1.jar:/home/user/.m2/repository/org/apache/hadoop/hadoop-hdds-config/0.5.0-SNAPSHOT/hadoop-hdds-config-0.5.0-SNAPSHOT.jar:/home/user/.m2/repository/io/grpc/grpc-netty/1.17.1/grpc-netty-1.17.1.jar:/home/user/.m2/repository/io/grpc/grpc-core/1.17.1/grpc-core-1.17.1.jar:/home/user/.m2/repository/io/grpc/grpc-context/1.17.1/grpc-context-1.17.1.jar:/home/user/.m2/repository/com/google/errorprone/error_prone_annotations/2.2.0/error_prone_annotations-2.2.0.jar:/home/user/.m2/repository/org/codehaus/mojo/animal-sniffer-annotations/1.17/animal-sniffer-annotations-1.17.jar:/home/user/.m2/repository/io/opencensus/opencensus-api/0.17.0/opencensus-api-0.17.0.jar:/home/user/.m2/repository/io/opencensus/opencensus-contrib-grpc-metrics/0.17.0/opencensus-contrib-grpc-metrics-0.17.0.jar:/home/user/.m2/repository/io/netty/netty-codec-http2/4.1.30.Final/netty-codec-http2-4.1.30.Final.jar:/home/user/.m2/repository/io/netty/netty-codec-http/4.1.30.Final/netty-codec-http-4.1.30.Final.jar:/home/user/.m2/repository/io/netty/netty-codec/4.1.30.Final/netty-codec-4.1.30.Final.jar:/home/user/.m2/repository/io/netty/netty-handler/4.1.30.Final/netty-handler-4.1.30.Final.jar:/home/user/.m2/repository/io/netty/netty-handler-proxy/4.1.30.Final/netty-handler-proxy-4.1.30.Final.jar:/home/user/.m2/repository/io/netty/netty-codec-socks/4.1.30.Final/netty-codec-socks-4.1.30.Final.jar:/home/user/.m2/repository/io/netty/netty-transport-native-epoll/4.1.30.Final/netty-transport-native-epoll-4.1.30.Final.jar:/home/user/.m2/repository/io/netty/netty-common/4.1.30.Final/netty-common-4.1.30.Final.jar:/home/user/.m2/repository/io/netty/netty-buffer/4.1.30.Final/netty-buffer-4.1.30.Final.jar:/home/user/.m2/repository/io/netty/netty-transport/4.1.30.Final/netty-transport-4.1.30.Final.jar:/home/user/.m2/repository/io/netty/netty-resolver/4.1.30.Final/netty-resolver-4.1.30.Final.jar:/home/user/.m2/repository/io/netty/netty-transport-native-unix-common/4.1.30.Final/netty-transport-native-unix-common-4.1.30.Final.jar:/home/user/.m2/repository/io/grpc/grpc-protobuf/1.17.1/grpc-protobuf-1.17.1.jar:/home/user/.m2/repository/com/google/api/grpc/proto-google-common-protos/1.0.0/proto-google-common-protos-1.0.0.jar:/home/user/.m2/repository/io/grpc/grpc-protobuf-lite/1.17.1/grpc-protobuf-lite-1.17.1.jar:/home/user/.m2/repository/io/grpc/grpc-stub/1.17.1/grpc-stub-1.17.1.jar:/home/user/.m2/repository/org/apache/hadoop/hadoop-ozone-recon/0.5.0-SNAPSHOT/hadoop-ozone-recon-0.5.0-SNAPSHOT.jar:/home/user/.m2/repository/org/apache/hadoop/hadoop-ozone-reconcodegen/0.5.0-SNAPSHOT/hadoop-ozone-reconcodegen-0.5.0-SNAPSHOT.jar:/home/user/.m2/repository/com/google/inject/extensions/guice-multibindings/4.0/guice-multibindings-4.0.jar:/home/user/.m2/repository/com/google/inject/guice/4.0/guice-4.0.jar:/home/user/.m2/repository/aopalliance/aopalliance/1.0/aopalliance-1.0.jar:/home/user/.m2/repository/com/google/inject/extensions/guice-servlet/4.0/guice-servlet-4.0.jar:/home/user/.m2/repository/org/glassfish/jersey/containers/jersey-container-servlet/2.27/jersey-container-servlet-2.27.jar:/home/user/.m2/repository/org/glassfish/hk2/guice-bridge/2.5.0/guice-bridge-2.5.0.jar:/home/user/.m2/repository/org/glassfish/jersey/core/jersey-server/2.27/jersey-server-2.27.jar:/home/user/.m2/repository/org/glassfish/jersey/core/jersey-client/2.27/jersey-client-2.27.jar:/home/user/.m2/repository/org/glassfish/jersey/media/jersey-media-jaxb/2.27/jersey-media-jaxb-2.27.jar:/home/user/.m2/repository/javax/validation/validation-api/1.1.0.Final/validation-api-1.1.0.Final.jar:/home/user/.m2/repository/org/glassfish/jersey/media/jersey-media-json-jackson/2.27/jersey-media-json-jackson-2.27.jar:/home/user/.m2/repository/org/glassfish/jersey/ext/jersey-entity-filtering/2.27/jersey-entity-filtering-2.27.jar:/home/user/.m2/repository/com/google/inject/extensions/guice-assistedinject/4.0/guice-assistedinject-4.0.jar:/home/user/.m2/repository/org/jooq/jooq/3.11.10/jooq-3.11.10.jar:/home/user/.m2/repository/org/jooq/jooq-meta/3.11.10/jooq-meta-3.11.10.jar:/home/user/.m2/repository/org/jooq/jooq-codegen/3.11.10/jooq-codegen-3.11.10.jar:/home/user/.m2/repository/com/jolbox/bonecp/0.8.0.RELEASE/bonecp-0.8.0.RELEASE.jar:/home/user/.m2/repository/org/xerial/sqlite-jdbc/3.25.2/sqlite-jdbc-3.25.2.jar:/home/user/.m2/repository/org/springframework/spring-jdbc/5.1.3.RELEASE/spring-jdbc-5.1.3.RELEASE.jar:/home/user/.m2/repository/org/springframework/spring-beans/5.1.3.RELEASE/spring-beans-5.1.3.RELEASE.jar:/home/user/.m2/repository/org/springframework/spring-core/5.1.3.RELEASE/spring-core-5.1.3.RELEASE.jar:/home/user/.m2/repository/org/springframework/spring-jcl/5.1.3.RELEASE/spring-jcl-5.1.3.RELEASE.jar:/home/user/.m2/repository/org/springframework/spring-tx/5.1.3.RELEASE/spring-tx-5.1.3.RELEASE.jar:/home/user/.m2/repository/org/apache/hadoop/hadoop-ozone-client/0.5.0-SNAPSHOT/hadoop-ozone-client-0.5.0-SNAPSHOT.jar:/home/user/.m2/repository/commons-lang/commons-lang/2.6/commons-lang-2.6.jar:/home/user/.m2/repository/org/apache/hadoop/hadoop-ozone-ozone-manager/0.5.0-SNAPSHOT/hadoop-ozone-ozone-manager-0.5.0-SNAPSHOT-tests.jar:/home/user/.m2/repository/junit/junit/4.11/junit-4.11.jar:/home/user/.m2/repository/org/hamcrest/hamcrest-core/1.3/hamcrest-core-1.3.jar:/home/user/.m2/repository/org/openjdk/jmh/jmh-core/1.19/jmh-core-1.19.jar:/home/user/.m2/repository/net/sf/jopt-simple/jopt-simple/4.6/jopt-simple-4.6.jar:/home/user/.m2/repository/org/apache/commons/commons-math3/3.1.1/commons-math3-3.1.1.jar:/home/user/.m2/repository/org/openjdk/jmh/jmh-generator-annprocess/1.19/jmh-generator-annprocess-1.19.jar:/home/user/.m2/repository/org/mockito/mockito-all/1.8.5/mockito-all-1.8.5.jar:/home/user/.m2/repository/org/apache/hadoop/hadoop-kms/3.2.0/hadoop-kms-3.2.0.jar:/home/user/.m2/repository/org/apache/hadoop/hadoop-auth/3.2.0/hadoop-auth-3.2.0.jar:/home/user/.m2/repository/com/nimbusds/nimbus-jose-jwt/4.41.1/nimbus-jose-jwt-4.41.1.jar:/home/user/.m2/repository/com/github/stephenc/jcip/jcip-annotations/1.0-1/jcip-annotations-1.0-1.jar:/home/user/.m2/repository/net/minidev/json-smart/2.3/json-smart-2.3.jar:/home/user/.m2/repository/net/minidev/accessors-smart/1.2/accessors-smart-1.2.jar:/home/user/.m2/repository/org/ow2/asm/asm/5.0.4/asm-5.0.4.jar:/home/user/.m2/repository/org/apache/curator/curator-framework/2.12.0/curator-framework-2.12.0.jar:/home/user/.m2/repository/com/sun/jersey/jersey-core/1.19/jersey-core-1.19.jar:/home/user/.m2/repository/javax/ws/rs/jsr311-api/1.1.1/jsr311-api-1.1.1.jar:/home/user/.m2/repository/com/sun/jersey/jersey-server/1.19/jersey-server-1.19.jar:/home/user/.m2/repository/javax/servlet/javax.servlet-api/3.1.0/javax.servlet-api-3.1.0.jar:/home/user/.m2/repository/org/eclipse/jetty/jetty-server/9.3.24.v20180605/jetty-server-9.3.24.v20180605.jar:/home/user/.m2/repository/org/eclipse/jetty/jetty-http/9.3.24.v20180605/jetty-http-9.3.24.v20180605.jar:/home/user/.m2/repository/org/eclipse/jetty/jetty-io/9.3.24.v20180605/jetty-io-9.3.24.v20180605.jar:/home/user/.m2/repository/org/eclipse/jetty/jetty-webapp/9.3.24.v20180605/jetty-webapp-9.3.24.v20180605.jar:/home/user/.m2/repository/org/eclipse/jetty/jetty-xml/9.3.24.v20180605/jetty-xml-9.3.24.v20180605.jar:/home/user/.m2/repository/log4j/log4j/1.2.17/log4j-1.2.17.jar:/home/user/.m2/repository/org/slf4j/slf4j-api/1.7.25/slf4j-api-1.7.25.jar:/home/user/.m2/repository/org/slf4j/jul-to-slf4j/1.7.25/jul-to-slf4j-1.7.25.jar:/home/user/.m2/repository/org/eclipse/jetty/jetty-util/9.3.24.v20180605/jetty-util-9.3.24.v20180605.jar:/home/user/.m2/repository/com/fasterxml/jackson/core/jackson-databind/2.9.5/jackson-databind-2.9.5.jar:/home/user/.m2/repository/org/apache/hadoop/hadoop-kms/3.2.0/hadoop-kms-3.2.0-tests.jar:/home/user/.m2/repository/org/apache/hadoop/hadoop-hdds-server-scm/0.5.0-SNAPSHOT/hadoop-hdds-server-scm-0.5.0-SNAPSHOT-tests.jar:/home/user/.m2/repository/org/apache/hadoop/hadoop-hdds-container-service/0.5.0-SNAPSHOT/hadoop-hdds-container-service-0.5.0-SNAPSHOT-tests.jar:/home/user/.m2/repository/org/yaml/snakeyaml/1.16/snakeyaml-1.16.jar:/home/user/.m2/repository/org/apache/hadoop/hadoop-common/3.2.0/hadoop-common-3.2.0-tests.jar:/home/user/.m2/repository/org/apache/hadoop/hadoop-annotations/3.2.0/hadoop-annotations-3.2.0.jar:/usr/lib/jvm/java-1.8-openjdk/jre/../lib/tools.jar:/home/user/.m2/repository/commons-cli/commons-cli/1.2/commons-cli-1.2.jar:/home/user/.m2/repository/org/apache/httpcomponents/httpclient/4.5.2/httpclient-4.5.2.jar:/home/user/.m2/repository/org/apache/httpcomponents/httpcore/4.4.4/httpcore-4.4.4.jar:/home/user/.m2/repository/commons-codec/commons-codec/1.11/commons-codec-1.11.jar:/home/user/.m2/repository/commons-net/commons-net/3.6/commons-net-3.6.jar:/home/user/.m2/repository/commons-collections/commons-collections/3.2.2/commons-collections-3.2.2.jar:/home/user/.m2/repository/org/eclipse/jetty/jetty-servlet/9.3.24.v20180605/jetty-servlet-9.3.24.v20180605.jar:/home/user/.m2/repository/org/eclipse/jetty/jetty-security/9.3.24.v20180605/jetty-security-9.3.24.v20180605.jar:/home/user/.m2/repository/javax/servlet/jsp/jsp-api/2.1/jsp-api-2.1.jar:/home/user/.m2/repository/com/sun/jersey/jersey-servlet/1.19/jersey-servlet-1.19.jar:/home/user/.m2/repository/com/sun/jersey/jersey-json/1.19/jersey-json-1.19.jar:/home/user/.m2/repository/org/codehaus/jettison/jettison/1.1/jettison-1.1.jar:/home/user/.m2/repository/org/codehaus/jackson/jackson-core-asl/1.9.13/jackson-core-asl-1.9.13.jar:/home/user/.m2/repository/org/codehaus/jackson/jackson-mapper-asl/1.9.13/jackson-mapper-asl-1.9.13.jar:/home/user/.m2/repository/org/codehaus/jackson/jackson-jaxrs/1.9.13/jackson-jaxrs-1.9.13.jar:/home/user/.m2/repository/org/codehaus/jackson/jackson-xc/1.9.13/jackson-xc-1.9.13.jar:/home/user/.m2/repository/commons-logging/commons-logging/1.1.3/commons-logging-1.1.3.jar:/home/user/.m2/repository/commons-beanutils/commons-beanutils/1.9.3/commons-beanutils-1.9.3.jar:/home/user/.m2/repository/org/apache/commons/commons-configuration2/2.1.1/commons-configuration2-2.1.1.jar:/home/user/.m2/repository/org/apache/commons/commons-lang3/3.7/commons-lang3-3.7.jar:/home/user/.m2/repository/org/apache/commons/commons-text/1.4/commons-text-1.4.jar:/home/user/.m2/repository/org/apache/avro/avro/1.7.7/avro-1.7.7.jar:/home/user/.m2/repository/com/thoughtworks/paranamer/paranamer/2.3/paranamer-2.3.jar:/home/user/.m2/repository/org/xerial/snappy/snappy-java/1.0.5/snappy-java-1.0.5.jar:/home/user/.m2/repository/com/google/re2j/re2j/1.1/re2j-1.1.jar:/home/user/.m2/repository/com/google/code/gson/gson/2.2.4/gson-2.2.4.jar:/home/user/.m2/repository/com/jcraft/jsch/0.1.54/jsch-0.1.54.jar:/home/user/.m2/repository/org/apache/curator/curator-client/2.12.0/curator-client-2.12.0.jar:/home/user/.m2/repository/org/apache/curator/curator-recipes/2.12.0/curator-recipes-2.12.0.jar:/home/user/.m2/repository/com/google/code/findbugs/jsr305/3.0.0/jsr305-3.0.0.jar:/home/user/.m2/repository/org/apache/htrace/htrace-core4/4.1.0-incubating/htrace-core4-4.1.0-incubating.jar:/home/user/.m2/repository/org/apache/zookeeper/zookeeper/3.4.13/zookeeper-3.4.13.jar:/home/user/.m2/repository/org/apache/yetus/audience-annotations/0.5.0/audience-annotations-0.5.0.jar:/home/user/.m2/repository/org/codehaus/woodstox/stax2-api/3.1.4/stax2-api-3.1.4.jar:/home/user/.m2/repository/com/fasterxml/woodstox/woodstox-core/5.0.3/woodstox-core-5.0.3.jar:/home/user/.m2/repository/dnsjava/dnsjava/2.1.7/dnsjava-2.1.7.jar:/home/user/.m2/repository/org/apache/hadoop/hadoop-hdfs/3.2.0/hadoop-hdfs-3.2.0-tests.jar:/home/user/.m2/repository/org/eclipse/jetty/jetty-util-ajax/9.3.24.v20180605/jetty-util-ajax-9.3.24.v20180605.jar:/home/user/.m2/repository/commons-daemon/commons-daemon/1.0.13/commons-daemon-1.0.13.jar:/home/user/.m2/repository/io/netty/netty/3.10.5.Final/netty-3.10.5.Final.jar:/home/user/.m2/repository/io/netty/netty-all/4.0.52.Final/netty-all-4.0.52.Final.jar:/home/user/.m2/repository/org/fusesource/leveldbjni/leveldbjni-all/1.8/leveldbjni-all-1.8.jar:"/>
    <property name="java.vm.vendor" value="IcedTea"/>
    <property name="sun.arch.data.model" value="64"/>
    <property name="test.build.dir" value="/workdir/hadoop-ozone/integration-test/target/test-dir"/>
    <property name="test.cache.data" value=""/>
    <property name="java.vendor.url" value="https://icedtea.classpath.org"/>
    <property name="user.timezone" value=""/>
    <property name="java.vm.specification.version" value="1.8"/>
    <property name="os.name" value="Linux"/>
    <property name="test.build.data" value="/workdir/hadoop-ozone/integration-test/target/test-dir"/>
    <property name="user.country" value="US"/>
    <property name="sun.java.launcher" value="SUN_STANDARD"/>
    <property name="sun.boot.library.path" value="/usr/lib/jvm/java-1.8-openjdk/jre/lib/amd64"/>
    <property name="sun.java.command" value="/workdir/hadoop-ozone/integration-test/target/surefire/surefirebooter3720659520710590968.jar /workdir/hadoop-ozone/integration-test/target/surefire 2019-09-01T05-12-47_812-jvmRun1 surefire7844730703004205267tmp surefire_257001232183722182809tmp"/>
    <property name="test" value="!TestMiniChaosOzoneCluster"/>
    <property name="surefire.test.class.path" value="/workdir/hadoop-ozone/integration-test/target/test-classes:/workdir/hadoop-ozone/integration-test/target/classes:/home/user/.m2/repository/org/apache/hadoop/hadoop-ozone-common/0.5.0-SNAPSHOT/hadoop-ozone-common-0.5.0-SNAPSHOT.jar:/home/user/.m2/repository/org/apache/commons/commons-compress/1.4.1/commons-compress-1.4.1.jar:/home/user/.m2/repository/org/tukaani/xz/1.0/xz-1.0.jar:/home/user/.m2/repository/org/apache/hadoop/hadoop-common/3.2.0/hadoop-common-3.2.0.jar:/home/user/.m2/repository/org/apache/hadoop/hadoop-hdfs/3.2.0/hadoop-hdfs-3.2.0.jar:/home/user/.m2/repository/org/apache/hadoop/hadoop-hdfs-client/3.2.0/hadoop-hdfs-client-3.2.0.jar:/home/user/.m2/repository/com/fasterxml/jackson/core/jackson-annotations/2.9.5/jackson-annotations-2.9.5.jar:/home/user/.m2/repository/org/apache/hadoop/hadoop-hdds-common/0.5.0-SNAPSHOT/hadoop-hdds-common-0.5.0-SNAPSHOT.jar:/home/user/.m2/repository/javax/annotation/javax.annotation-api/1.2/javax.annotation-api-1.2.jar:/home/user/.m2/repository/org/apache/ratis/ratis-server/0.4.0-2337318-SNAPSHOT/ratis-server-0.4.0-2337318-SNAPSHOT.jar:/home/user/.m2/repository/org/apache/ratis/ratis-thirdparty-misc/0.2.0/ratis-thirdparty-misc-0.2.0.jar:/home/user/.m2/repository/org/apache/ratis/ratis-proto/0.4.0-2337318-SNAPSHOT/ratis-proto-0.4.0-2337318-SNAPSHOT.jar:/home/user/.m2/repository/org/apache/ratis/ratis-common/0.4.0-2337318-SNAPSHOT/ratis-common-0.4.0-2337318-SNAPSHOT.jar:/home/user/.m2/repository/org/apache/ratis/ratis-client/0.4.0-2337318-SNAPSHOT/ratis-client-0.4.0-2337318-SNAPSHOT.jar:/home/user/.m2/repository/org/apache/ratis/ratis-metrics/0.4.0-2337318-SNAPSHOT/ratis-metrics-0.4.0-2337318-SNAPSHOT.jar:/home/user/.m2/repository/org/apache/ratis/ratis-netty/0.4.0-2337318-SNAPSHOT/ratis-netty-0.4.0-2337318-SNAPSHOT.jar:/home/user/.m2/repository/org/apache/ratis/ratis-grpc/0.4.0-2337318-SNAPSHOT/ratis-grpc-0.4.0-2337318-SNAPSHOT.jar:/home/user/.m2/repository/org/rocksdb/rocksdbjni/6.0.1/rocksdbjni-6.0.1.jar:/home/user/.m2/repository/org/apache/logging/log4j/log4j-api/2.11.0/log4j-api-2.11.0.jar:/home/user/.m2/repository/org/apache/logging/log4j/log4j-core/2.11.0/log4j-core-2.11.0.jar:/home/user/.m2/repository/com/lmax/disruptor/3.4.2/disruptor-3.4.2.jar:/home/user/.m2/repository/org/apache/commons/commons-pool2/2.6.0/commons-pool2-2.6.0.jar:/home/user/.m2/repository/org/bouncycastle/bcpkix-jdk15on/1.60/bcpkix-jdk15on-1.60.jar:/home/user/.m2/repository/commons-validator/commons-validator/1.6/commons-validator-1.6.jar:/home/user/.m2/repository/commons-digester/commons-digester/1.8.1/commons-digester-1.8.1.jar:/home/user/.m2/repository/io/jaegertracing/jaeger-client/0.33.1/jaeger-client-0.33.1.jar:/home/user/.m2/repository/io/jaegertracing/jaeger-thrift/0.33.1/jaeger-thrift-0.33.1.jar:/home/user/.m2/repository/org/apache/thrift/libthrift/0.11.0/libthrift-0.11.0.jar:/home/user/.m2/repository/com/squareup/okhttp3/okhttp/3.9.0/okhttp-3.9.0.jar:/home/user/.m2/repository/com/squareup/okio/okio/1.13.0/okio-1.13.0.jar:/home/user/.m2/repository/io/jaegertracing/jaeger-core/0.33.1/jaeger-core-0.33.1.jar:/home/user/.m2/repository/io/jaegertracing/jaeger-tracerresolver/0.33.1/jaeger-tracerresolver-0.33.1.jar:/home/user/.m2/repository/io/opentracing/contrib/opentracing-tracerresolver/0.1.5/opentracing-tracerresolver-0.1.5.jar:/home/user/.m2/repository/io/opentracing/opentracing-util/0.31.0/opentracing-util-0.31.0.jar:/home/user/.m2/repository/io/opentracing/opentracing-api/0.31.0/opentracing-api-0.31.0.jar:/home/user/.m2/repository/io/opentracing/opentracing-noop/0.31.0/opentracing-noop-0.31.0.jar:/home/user/.m2/repository/org/apache/hadoop/hadoop-hdds-server-framework/0.5.0-SNAPSHOT/hadoop-hdds-server-framework-0.5.0-SNAPSHOT.jar:/home/user/.m2/repository/org/apache/hadoop/hadoop-hdds-container-service/0.5.0-SNAPSHOT/hadoop-hdds-container-service-0.5.0-SNAPSHOT.jar:/home/user/.m2/repository/org/apache/hadoop/hadoop-hdds-client/0.5.0-SNAPSHOT/hadoop-hdds-client-0.5.0-SNAPSHOT.jar:/home/user/.m2/repository/org/apache/hadoop/hadoop-hdds-tools/0.5.0-SNAPSHOT/hadoop-hdds-tools-0.5.0-SNAPSHOT.jar:/home/user/.m2/repository/org/apache/hadoop/hadoop-hdds-server-scm/0.5.0-SNAPSHOT/hadoop-hdds-server-scm-0.5.0-SNAPSHOT.jar:/home/user/.m2/repository/org/apache/hadoop/hadoop-hdds-docs/0.5.0-SNAPSHOT/hadoop-hdds-docs-0.5.0-SNAPSHOT.jar:/home/user/.m2/repository/io/dropwizard/metrics/metrics-core/3.2.4/metrics-core-3.2.4.jar:/home/user/.m2/repository/org/hamcrest/hamcrest-all/1.3/hamcrest-all-1.3.jar:/home/user/.m2/repository/org/bouncycastle/bcprov-jdk15on/1.60/bcprov-jdk15on-1.60.jar:/home/user/.m2/repository/info/picocli/picocli/3.9.6/picocli-3.9.6.jar:/home/user/.m2/repository/com/google/protobuf/protobuf-java/2.5.0/protobuf-java-2.5.0.jar:/home/user/.m2/repository/com/google/guava/guava/11.0.2/guava-11.0.2.jar:/home/user/.m2/repository/org/apache/hadoop/hadoop-ozone-ozone-manager/0.5.0-SNAPSHOT/hadoop-ozone-ozone-manager-0.5.0-SNAPSHOT.jar:/home/user/.m2/repository/org/apache/hadoop/hadoop-minikdc/3.2.0/hadoop-minikdc-3.2.0.jar:/home/user/.m2/repository/commons-io/commons-io/2.5/commons-io-2.5.jar:/home/user/.m2/repository/org/apache/kerby/kerb-simplekdc/1.0.1/kerb-simplekdc-1.0.1.jar:/home/user/.m2/repository/org/apache/kerby/kerb-client/1.0.1/kerb-client-1.0.1.jar:/home/user/.m2/repository/org/apache/kerby/kerby-config/1.0.1/kerby-config-1.0.1.jar:/home/user/.m2/repository/org/apache/kerby/kerb-core/1.0.1/kerb-core-1.0.1.jar:/home/user/.m2/repository/org/apache/kerby/kerby-pkix/1.0.1/kerby-pkix-1.0.1.jar:/home/user/.m2/repository/org/apache/kerby/kerby-asn1/1.0.1/kerby-asn1-1.0.1.jar:/home/user/.m2/repository/org/apache/kerby/kerby-util/1.0.1/kerby-util-1.0.1.jar:/home/user/.m2/repository/org/apache/kerby/kerb-common/1.0.1/kerb-common-1.0.1.jar:/home/user/.m2/repository/org/apache/kerby/kerb-crypto/1.0.1/kerb-crypto-1.0.1.jar:/home/user/.m2/repository/org/apache/kerby/kerb-util/1.0.1/kerb-util-1.0.1.jar:/home/user/.m2/repository/org/apache/kerby/token-provider/1.0.1/token-provider-1.0.1.jar:/home/user/.m2/repository/org/apache/kerby/kerb-admin/1.0.1/kerb-admin-1.0.1.jar:/home/user/.m2/repository/org/apache/kerby/kerb-server/1.0.1/kerb-server-1.0.1.jar:/home/user/.m2/repository/org/apache/kerby/kerb-identity/1.0.1/kerb-identity-1.0.1.jar:/home/user/.m2/repository/org/apache/kerby/kerby-xdr/1.0.1/kerby-xdr-1.0.1.jar:/home/user/.m2/repository/org/slf4j/slf4j-log4j12/1.7.25/slf4j-log4j12-1.7.25.jar:/home/user/.m2/repository/org/apache/hadoop/hadoop-ozone-s3gateway/0.5.0-SNAPSHOT/hadoop-ozone-s3gateway-0.5.0-SNAPSHOT.jar:/home/user/.m2/repository/org/jboss/weld/servlet/weld-servlet/2.4.7.Final/weld-servlet-2.4.7.Final.jar:/home/user/.m2/repository/org/glassfish/jersey/containers/jersey-container-servlet-core/2.27/jersey-container-servlet-core-2.27.jar:/home/user/.m2/repository/org/glassfish/hk2/external/javax.inject/2.5.0-b42/javax.inject-2.5.0-b42.jar:/home/user/.m2/repository/org/glassfish/jersey/core/jersey-common/2.27/jersey-common-2.27.jar:/home/user/.m2/repository/org/glassfish/hk2/osgi-resource-locator/1.0.1/osgi-resource-locator-1.0.1.jar:/home/user/.m2/repository/javax/ws/rs/javax.ws.rs-api/2.1/javax.ws.rs-api-2.1.jar:/home/user/.m2/repository/org/glassfish/jersey/ext/cdi/jersey-cdi1x/2.27/jersey-cdi1x-2.27.jar:/home/user/.m2/repository/org/glassfish/jersey/inject/jersey-hk2/2.27/jersey-hk2-2.27.jar:/home/user/.m2/repository/org/glassfish/hk2/hk2-locator/2.5.0-b42/hk2-locator-2.5.0-b42.jar:/home/user/.m2/repository/org/javassist/javassist/3.22.0-CR2/javassist-3.22.0-CR2.jar:/home/user/.m2/repository/org/glassfish/hk2/hk2-api/2.5.0/hk2-api-2.5.0.jar:/home/user/.m2/repository/org/glassfish/hk2/external/jakarta.inject/2.5.0/jakarta.inject-2.5.0.jar:/home/user/.m2/repository/org/glassfish/hk2/hk2-utils/2.5.0/hk2-utils-2.5.0.jar:/home/user/.m2/repository/jakarta/annotation/jakarta.annotation-api/1.3.4/jakarta.annotation-api-1.3.4.jar:/home/user/.m2/repository/org/glassfish/hk2/external/aopalliance-repackaged/2.5.0/aopalliance-repackaged-2.5.0.jar:/home/user/.m2/repository/com/fasterxml/jackson/dataformat/jackson-dataformat-xml/2.9.0/jackson-dataformat-xml-2.9.0.jar:/home/user/.m2/repository/com/fasterxml/jackson/core/jackson-core/2.9.5/jackson-core-2.9.5.jar:/home/user/.m2/repository/com/fasterxml/jackson/module/jackson-module-jaxb-annotations/2.9.5/jackson-module-jaxb-annotations-2.9.5.jar:/home/user/.m2/repository/javax/enterprise/cdi-api/1.2/cdi-api-1.2.jar:/home/user/.m2/repository/javax/el/javax.el-api/3.0.0/javax.el-api-3.0.0.jar:/home/user/.m2/repository/javax/interceptor/javax.interceptor-api/1.2/javax.interceptor-api-1.2.jar:/home/user/.m2/repository/javax/inject/javax.inject/1/javax.inject-1.jar:/home/user/.m2/repository/com/sun/xml/bind/jaxb-impl/2.3.0.1/jaxb-impl-2.3.0.1.jar:/home/user/.m2/repository/com/sun/xml/bind/jaxb-core/2.3.0.1/jaxb-core-2.3.0.1.jar:/home/user/.m2/repository/javax/xml/bind/jaxb-api/2.3.0/jaxb-api-2.3.0.jar:/home/user/.m2/repository/javax/activation/activation/1.1.1/activation-1.1.1.jar:/home/user/.m2/repository/org/apache/hadoop/hadoop-ozone-csi/0.5.0-SNAPSHOT/hadoop-ozone-csi-0.5.0-SNAPSHOT.jar:/home/user/.m2/repository/com/google/protobuf/protobuf-java-util/3.5.1/protobuf-java-util-3.5.1.jar:/home/user/.m2/repository/org/apache/hadoop/hadoop-hdds-config/0.5.0-SNAPSHOT/hadoop-hdds-config-0.5.0-SNAPSHOT.jar:/home/user/.m2/repository/io/grpc/grpc-netty/1.17.1/grpc-netty-1.17.1.jar:/home/user/.m2/repository/io/grpc/grpc-core/1.17.1/grpc-core-1.17.1.jar:/home/user/.m2/repository/io/grpc/grpc-context/1.17.1/grpc-context-1.17.1.jar:/home/user/.m2/repository/com/google/errorprone/error_prone_annotations/2.2.0/error_prone_annotations-2.2.0.jar:/home/user/.m2/repository/org/codehaus/mojo/animal-sniffer-annotations/1.17/animal-sniffer-annotations-1.17.jar:/home/user/.m2/repository/io/opencensus/opencensus-api/0.17.0/opencensus-api-0.17.0.jar:/home/user/.m2/repository/io/opencensus/opencensus-contrib-grpc-metrics/0.17.0/opencensus-contrib-grpc-metrics-0.17.0.jar:/home/user/.m2/repository/io/netty/netty-codec-http2/4.1.30.Final/netty-codec-http2-4.1.30.Final.jar:/home/user/.m2/repository/io/netty/netty-codec-http/4.1.30.Final/netty-codec-http-4.1.30.Final.jar:/home/user/.m2/repository/io/netty/netty-codec/4.1.30.Final/netty-codec-4.1.30.Final.jar:/home/user/.m2/repository/io/netty/netty-handler/4.1.30.Final/netty-handler-4.1.30.Final.jar:/home/user/.m2/repository/io/netty/netty-handler-proxy/4.1.30.Final/netty-handler-proxy-4.1.30.Final.jar:/home/user/.m2/repository/io/netty/netty-codec-socks/4.1.30.Final/netty-codec-socks-4.1.30.Final.jar:/home/user/.m2/repository/io/netty/netty-transport-native-epoll/4.1.30.Final/netty-transport-native-epoll-4.1.30.Final.jar:/home/user/.m2/repository/io/netty/netty-common/4.1.30.Final/netty-common-4.1.30.Final.jar:/home/user/.m2/repository/io/netty/netty-buffer/4.1.30.Final/netty-buffer-4.1.30.Final.jar:/home/user/.m2/repository/io/netty/netty-transport/4.1.30.Final/netty-transport-4.1.30.Final.jar:/home/user/.m2/repository/io/netty/netty-resolver/4.1.30.Final/netty-resolver-4.1.30.Final.jar:/home/user/.m2/repository/io/netty/netty-transport-native-unix-common/4.1.30.Final/netty-transport-native-unix-common-4.1.30.Final.jar:/home/user/.m2/repository/io/grpc/grpc-protobuf/1.17.1/grpc-protobuf-1.17.1.jar:/home/user/.m2/repository/com/google/api/grpc/proto-google-common-protos/1.0.0/proto-google-common-protos-1.0.0.jar:/home/user/.m2/repository/io/grpc/grpc-protobuf-lite/1.17.1/grpc-protobuf-lite-1.17.1.jar:/home/user/.m2/repository/io/grpc/grpc-stub/1.17.1/grpc-stub-1.17.1.jar:/home/user/.m2/repository/org/apache/hadoop/hadoop-ozone-recon/0.5.0-SNAPSHOT/hadoop-ozone-recon-0.5.0-SNAPSHOT.jar:/home/user/.m2/repository/org/apache/hadoop/hadoop-ozone-reconcodegen/0.5.0-SNAPSHOT/hadoop-ozone-reconcodegen-0.5.0-SNAPSHOT.jar:/home/user/.m2/repository/com/google/inject/extensions/guice-multibindings/4.0/guice-multibindings-4.0.jar:/home/user/.m2/repository/com/google/inject/guice/4.0/guice-4.0.jar:/home/user/.m2/repository/aopalliance/aopalliance/1.0/aopalliance-1.0.jar:/home/user/.m2/repository/com/google/inject/extensions/guice-servlet/4.0/guice-servlet-4.0.jar:/home/user/.m2/repository/org/glassfish/jersey/containers/jersey-container-servlet/2.27/jersey-container-servlet-2.27.jar:/home/user/.m2/repository/org/glassfish/hk2/guice-bridge/2.5.0/guice-bridge-2.5.0.jar:/home/user/.m2/repository/org/glassfish/jersey/core/jersey-server/2.27/jersey-server-2.27.jar:/home/user/.m2/repository/org/glassfish/jersey/core/jersey-client/2.27/jersey-client-2.27.jar:/home/user/.m2/repository/org/glassfish/jersey/media/jersey-media-jaxb/2.27/jersey-media-jaxb-2.27.jar:/home/user/.m2/repository/javax/validation/validation-api/1.1.0.Final/validation-api-1.1.0.Final.jar:/home/user/.m2/repository/org/glassfish/jersey/media/jersey-media-json-jackson/2.27/jersey-media-json-jackson-2.27.jar:/home/user/.m2/repository/org/glassfish/jersey/ext/jersey-entity-filtering/2.27/jersey-entity-filtering-2.27.jar:/home/user/.m2/repository/com/google/inject/extensions/guice-assistedinject/4.0/guice-assistedinject-4.0.jar:/home/user/.m2/repository/org/jooq/jooq/3.11.10/jooq-3.11.10.jar:/home/user/.m2/repository/org/jooq/jooq-meta/3.11.10/jooq-meta-3.11.10.jar:/home/user/.m2/repository/org/jooq/jooq-codegen/3.11.10/jooq-codegen-3.11.10.jar:/home/user/.m2/repository/com/jolbox/bonecp/0.8.0.RELEASE/bonecp-0.8.0.RELEASE.jar:/home/user/.m2/repository/org/xerial/sqlite-jdbc/3.25.2/sqlite-jdbc-3.25.2.jar:/home/user/.m2/repository/org/springframework/spring-jdbc/5.1.3.RELEASE/spring-jdbc-5.1.3.RELEASE.jar:/home/user/.m2/repository/org/springframework/spring-beans/5.1.3.RELEASE/spring-beans-5.1.3.RELEASE.jar:/home/user/.m2/repository/org/springframework/spring-core/5.1.3.RELEASE/spring-core-5.1.3.RELEASE.jar:/home/user/.m2/repository/org/springframework/spring-jcl/5.1.3.RELEASE/spring-jcl-5.1.3.RELEASE.jar:/home/user/.m2/repository/org/springframework/spring-tx/5.1.3.RELEASE/spring-tx-5.1.3.RELEASE.jar:/home/user/.m2/repository/org/apache/hadoop/hadoop-ozone-client/0.5.0-SNAPSHOT/hadoop-ozone-client-0.5.0-SNAPSHOT.jar:/home/user/.m2/repository/commons-lang/commons-lang/2.6/commons-lang-2.6.jar:/home/user/.m2/repository/org/apache/hadoop/hadoop-ozone-ozone-manager/0.5.0-SNAPSHOT/hadoop-ozone-ozone-manager-0.5.0-SNAPSHOT-tests.jar:/home/user/.m2/repository/junit/junit/4.11/junit-4.11.jar:/home/user/.m2/repository/org/hamcrest/hamcrest-core/1.3/hamcrest-core-1.3.jar:/home/user/.m2/repository/org/openjdk/jmh/jmh-core/1.19/jmh-core-1.19.jar:/home/user/.m2/repository/net/sf/jopt-simple/jopt-simple/4.6/jopt-simple-4.6.jar:/home/user/.m2/repository/org/apache/commons/commons-math3/3.1.1/commons-math3-3.1.1.jar:/home/user/.m2/repository/org/openjdk/jmh/jmh-generator-annprocess/1.19/jmh-generator-annprocess-1.19.jar:/home/user/.m2/repository/org/mockito/mockito-all/1.8.5/mockito-all-1.8.5.jar:/home/user/.m2/repository/org/apache/hadoop/hadoop-kms/3.2.0/hadoop-kms-3.2.0.jar:/home/user/.m2/repository/org/apache/hadoop/hadoop-auth/3.2.0/hadoop-auth-3.2.0.jar:/home/user/.m2/repository/com/nimbusds/nimbus-jose-jwt/4.41.1/nimbus-jose-jwt-4.41.1.jar:/home/user/.m2/repository/com/github/stephenc/jcip/jcip-annotations/1.0-1/jcip-annotations-1.0-1.jar:/home/user/.m2/repository/net/minidev/json-smart/2.3/json-smart-2.3.jar:/home/user/.m2/repository/net/minidev/accessors-smart/1.2/accessors-smart-1.2.jar:/home/user/.m2/repository/org/ow2/asm/asm/5.0.4/asm-5.0.4.jar:/home/user/.m2/repository/org/apache/curator/curator-framework/2.12.0/curator-framework-2.12.0.jar:/home/user/.m2/repository/com/sun/jersey/jersey-core/1.19/jersey-core-1.19.jar:/home/user/.m2/repository/javax/ws/rs/jsr311-api/1.1.1/jsr311-api-1.1.1.jar:/home/user/.m2/repository/com/sun/jersey/jersey-server/1.19/jersey-server-1.19.jar:/home/user/.m2/repository/javax/servlet/javax.servlet-api/3.1.0/javax.servlet-api-3.1.0.jar:/home/user/.m2/repository/org/eclipse/jetty/jetty-server/9.3.24.v20180605/jetty-server-9.3.24.v20180605.jar:/home/user/.m2/repository/org/eclipse/jetty/jetty-http/9.3.24.v20180605/jetty-http-9.3.24.v20180605.jar:/home/user/.m2/repository/org/eclipse/jetty/jetty-io/9.3.24.v20180605/jetty-io-9.3.24.v20180605.jar:/home/user/.m2/repository/org/eclipse/jetty/jetty-webapp/9.3.24.v20180605/jetty-webapp-9.3.24.v20180605.jar:/home/user/.m2/repository/org/eclipse/jetty/jetty-xml/9.3.24.v20180605/jetty-xml-9.3.24.v20180605.jar:/home/user/.m2/repository/log4j/log4j/1.2.17/log4j-1.2.17.jar:/home/user/.m2/repository/org/slf4j/slf4j-api/1.7.25/slf4j-api-1.7.25.jar:/home/user/.m2/repository/org/slf4j/jul-to-slf4j/1.7.25/jul-to-slf4j-1.7.25.jar:/home/user/.m2/repository/org/eclipse/jetty/jetty-util/9.3.24.v20180605/jetty-util-9.3.24.v20180605.jar:/home/user/.m2/repository/com/fasterxml/jackson/core/jackson-databind/2.9.5/jackson-databind-2.9.5.jar:/home/user/.m2/repository/org/apache/hadoop/hadoop-kms/3.2.0/hadoop-kms-3.2.0-tests.jar:/home/user/.m2/repository/org/apache/hadoop/hadoop-hdds-server-scm/0.5.0-SNAPSHOT/hadoop-hdds-server-scm-0.5.0-SNAPSHOT-tests.jar:/home/user/.m2/repository/org/apache/hadoop/hadoop-hdds-container-service/0.5.0-SNAPSHOT/hadoop-hdds-container-service-0.5.0-SNAPSHOT-tests.jar:/home/user/.m2/repository/org/yaml/snakeyaml/1.16/snakeyaml-1.16.jar:/home/user/.m2/repository/org/apache/hadoop/hadoop-common/3.2.0/hadoop-common-3.2.0-tests.jar:/home/user/.m2/repository/org/apache/hadoop/hadoop-annotations/3.2.0/hadoop-annotations-3.2.0.jar:/usr/lib/jvm/java-1.8-openjdk/jre/../lib/tools.jar:/home/user/.m2/repository/commons-cli/commons-cli/1.2/commons-cli-1.2.jar:/home/user/.m2/repository/org/apache/httpcomponents/httpclient/4.5.2/httpclient-4.5.2.jar:/home/user/.m2/repository/org/apache/httpcomponents/httpcore/4.4.4/httpcore-4.4.4.jar:/home/user/.m2/repository/commons-codec/commons-codec/1.11/commons-codec-1.11.jar:/home/user/.m2/repository/commons-net/commons-net/3.6/commons-net-3.6.jar:/home/user/.m2/repository/commons-collections/commons-collections/3.2.2/commons-collections-3.2.2.jar:/home/user/.m2/repository/org/eclipse/jetty/jetty-servlet/9.3.24.v20180605/jetty-servlet-9.3.24.v20180605.jar:/home/user/.m2/repository/org/eclipse/jetty/jetty-security/9.3.24.v20180605/jetty-security-9.3.24.v20180605.jar:/home/user/.m2/repository/javax/servlet/jsp/jsp-api/2.1/jsp-api-2.1.jar:/home/user/.m2/repository/com/sun/jersey/jersey-servlet/1.19/jersey-servlet-1.19.jar:/home/user/.m2/repository/com/sun/jersey/jersey-json/1.19/jersey-json-1.19.jar:/home/user/.m2/repository/org/codehaus/jettison/jettison/1.1/jettison-1.1.jar:/home/user/.m2/repository/org/codehaus/jackson/jackson-core-asl/1.9.13/jackson-core-asl-1.9.13.jar:/home/user/.m2/repository/org/codehaus/jackson/jackson-mapper-asl/1.9.13/jackson-mapper-asl-1.9.13.jar:/home/user/.m2/repository/org/codehaus/jackson/jackson-jaxrs/1.9.13/jackson-jaxrs-1.9.13.jar:/home/user/.m2/repository/org/codehaus/jackson/jackson-xc/1.9.13/jackson-xc-1.9.13.jar:/home/user/.m2/repository/commons-logging/commons-logging/1.1.3/commons-logging-1.1.3.jar:/home/user/.m2/repository/commons-beanutils/commons-beanutils/1.9.3/commons-beanutils-1.9.3.jar:/home/user/.m2/repository/org/apache/commons/commons-configuration2/2.1.1/commons-configuration2-2.1.1.jar:/home/user/.m2/repository/org/apache/commons/commons-lang3/3.7/commons-lang3-3.7.jar:/home/user/.m2/repository/org/apache/commons/commons-text/1.4/commons-text-1.4.jar:/home/user/.m2/repository/org/apache/avro/avro/1.7.7/avro-1.7.7.jar:/home/user/.m2/repository/com/thoughtworks/paranamer/paranamer/2.3/paranamer-2.3.jar:/home/user/.m2/repository/org/xerial/snappy/snappy-java/1.0.5/snappy-java-1.0.5.jar:/home/user/.m2/repository/com/google/re2j/re2j/1.1/re2j-1.1.jar:/home/user/.m2/repository/com/google/code/gson/gson/2.2.4/gson-2.2.4.jar:/home/user/.m2/repository/com/jcraft/jsch/0.1.54/jsch-0.1.54.jar:/home/user/.m2/repository/org/apache/curator/curator-client/2.12.0/curator-client-2.12.0.jar:/home/user/.m2/repository/org/apache/curator/curator-recipes/2.12.0/curator-recipes-2.12.0.jar:/home/user/.m2/repository/com/google/code/findbugs/jsr305/3.0.0/jsr305-3.0.0.jar:/home/user/.m2/repository/org/apache/htrace/htrace-core4/4.1.0-incubating/htrace-core4-4.1.0-incubating.jar:/home/user/.m2/repository/org/apache/zookeeper/zookeeper/3.4.13/zookeeper-3.4.13.jar:/home/user/.m2/repository/org/apache/yetus/audience-annotations/0.5.0/audience-annotations-0.5.0.jar:/home/user/.m2/repository/org/codehaus/woodstox/stax2-api/3.1.4/stax2-api-3.1.4.jar:/home/user/.m2/repository/com/fasterxml/woodstox/woodstox-core/5.0.3/woodstox-core-5.0.3.jar:/home/user/.m2/repository/dnsjava/dnsjava/2.1.7/dnsjava-2.1.7.jar:/home/user/.m2/repository/org/apache/hadoop/hadoop-hdfs/3.2.0/hadoop-hdfs-3.2.0-tests.jar:/home/user/.m2/repository/org/eclipse/jetty/jetty-util-ajax/9.3.24.v20180605/jetty-util-ajax-9.3.24.v20180605.jar:/home/user/.m2/repository/commons-daemon/commons-daemon/1.0.13/commons-daemon-1.0.13.jar:/home/user/.m2/repository/io/netty/netty/3.10.5.Final/netty-3.10.5.Final.jar:/home/user/.m2/repository/io/netty/netty-all/4.0.52.Final/netty-all-4.0.52.Final.jar:/home/user/.m2/repository/org/fusesource/leveldbjni/leveldbjni-all/1.8/leveldbjni-all-1.8.jar:"/>
    <property name="sun.cpu.endian" value="little"/>
    <property name="user.home" value="/home/user"/>
    <property name="user.language" value="en"/>
    <property name="java.specification.vendor" value="Oracle Corporation"/>
    <property name="java.home" value="/usr/lib/jvm/java-1.8-openjdk/jre"/>
    <property name="java.security.krb5.conf" value="/workdir/hadoop-ozone/integration-test/target/test-classes/krb5.conf"/>
    <property name="basedir" value="/workdir/hadoop-ozone/integration-test"/>
    <property name="file.separator" value="/"/>
    <property name="line.separator" value="&#10;"/>
    <property name="java.vm.specification.vendor" value="Oracle Corporation"/>
    <property name="java.specification.name" value="Java Platform API Specification"/>
    <property name="java.awt.graphicsenv" value="sun.awt.X11GraphicsEnvironment"/>
    <property name="surefire.real.class.path" value="/workdir/hadoop-ozone/integration-test/target/surefire/surefirebooter3720659520710590968.jar"/>
    <property name="hadoop.log.dir" value="/workdir/hadoop-ozone/integration-test/target/log"/>
    <property name="sun.boot.class.path" value="/usr/lib/jvm/java-1.8-openjdk/jre/lib/resources.jar:/usr/lib/jvm/java-1.8-openjdk/jre/lib/rt.jar:/usr/lib/jvm/java-1.8-openjdk/jre/lib/sunrsasign.jar:/usr/lib/jvm/java-1.8-openjdk/jre/lib/jsse.jar:/usr/lib/jvm/java-1.8-openjdk/jre/lib/jce.jar:/usr/lib/jvm/java-1.8-openjdk/jre/lib/charsets.jar:/usr/lib/jvm/java-1.8-openjdk/jre/lib/jfr.jar:/usr/lib/jvm/java-1.8-openjdk/jre/classes"/>
    <property name="sun.management.compiler" value="HotSpot 64-Bit Tiered Compilers"/>
    <property name="java.runtime.version" value="1.8.0_212-b04"/>
    <property name="java.net.preferIPv4Stack" value="true"/>
    <property name="user.name" value="jenkins1000"/>
    <property name="path.separator" value=":"/>
    <property name="java.security.egd" value="file:///dev/urandom"/>
    <property name="os.version" value="3.10.0-957.12.2.el7.x86_64"/>
    <property name="java.endorsed.dirs" value="/usr/lib/jvm/java-1.8-openjdk/jre/lib/endorsed"/>
    <property name="java.runtime.name" value="OpenJDK Runtime Environment"/>
    <property name="file.encoding" value="UTF-8"/>
    <property name="java.vm.name" value="OpenJDK 64-Bit Server VM"/>
    <property name="test.build.webapps" value=""/>
    <property name="localRepository" value="/home/user/.m2/repository"/>
    <property name="java.vendor.url.bug" value="https://icedtea.classpath.org/bugzilla"/>
    <property name="java.io.tmpdir" value="/tmp"/>
    <property name="require.test.libhadoop" value=""/>
    <property name="java.version" value="1.8.0_212"/>
    <property name="user.dir" value="/workdir/hadoop-ozone/integration-test"/>
    <property name="os.arch" value="amd64"/>
    <property name="java.vm.specification.name" value="Java Virtual Machine Specification"/>
    <property name="test.build.classes" value="/workdir/hadoop-ozone/integration-test/target/test-classes"/>
    <property name="java.awt.printerjob" value="sun.print.PSPrinterJob"/>
    <property name="sun.os.patch.level" value="unknown"/>
    <property name="hadoop.tmp.dir" value="/workdir/hadoop-ozone/integration-test/target/tmp"/>
    <property name="java.library.path" value="/usr/lib/jvm/java-1.8-openjdk/jre/lib/amd64/server:/usr/lib/jvm/java-1.8-openjdk/jre/lib/amd64:/usr/lib/jvm/java-1.8-openjdk/jre/../lib/amd64:/workdir/hadoop-ozone/integration-test/target/native/target/usr/local/lib:/workdir/hadoop-ozone/integration-test/../../hadoop-common-project/hadoop-common/target/native/target/usr/local/lib:/usr/java/packages/lib/amd64:/usr/lib64:/lib64:/lib:/usr/lib"/>
    <property name="java.vm.info" value="mixed mode"/>
    <property name="java.vendor" value="IcedTea"/>
    <property name="java.vm.version" value="25.212-b04"/>
    <property name="java.ext.dirs" value="/usr/lib/jvm/java-1.8-openjdk/jre/lib/ext:/usr/java/packages/lib/ext"/>
    <property name="sun.io.unicode.encoding" value="UnicodeLittle"/>
    <property name="java.class.version" value="52.0"/>
  </properties>
  <testcase name="testPipelineExclusionWithPipelineFailure" classname="org.apache.hadoop.ozone.client.rpc.TestFailureHandlingByClient" time="60.046"/>
  <testcase name="testContainerExclusionWithClosedContainerException" classname="org.apache.hadoop.ozone.client.rpc.TestFailureHandlingByClient" time="39.694"/>
  <testcase name="testWriteSmallFile" classname="org.apache.hadoop.ozone.client.rpc.TestFailureHandlingByClient" time="50.794"/>
  <testcase name="testBlockWritesWithDnFailures" classname="org.apache.hadoop.ozone.client.rpc.TestFailureHandlingByClient" time="53.835"/>
  <testcase name="testDatanodeExclusionWithMajorityCommit" classname="org.apache.hadoop.ozone.client.rpc.TestFailureHandlingByClient" time="66.32">
    <failure type="java.lang.AssertionError">java.lang.AssertionError
	at org.junit.Assert.fail(Assert.java:86)
	at org.junit.Assert.assertTrue(Assert.java:41)
	at org.junit.Assert.assertTrue(Assert.java:52)
	at org.apache.hadoop.ozone.client.rpc.TestFailureHandlingByClient.testDatanodeExclusionWithMajorityCommit(TestFailureHandlingByClient.java:318)
	at sun.reflect.NativeMethodAccessorImpl.invoke0(Native Method)
	at sun.reflect.NativeMethodAccessorImpl.invoke(NativeMethodAccessorImpl.java:62)
	at sun.reflect.DelegatingMethodAccessorImpl.invoke(DelegatingMethodAccessorImpl.java:43)
	at java.lang.reflect.Method.invoke(Method.java:498)
	at org.junit.runners.model.FrameworkMethod$1.runReflectiveCall(FrameworkMethod.java:47)
	at org.junit.internal.runners.model.ReflectiveCallable.run(ReflectiveCallable.java:12)
	at org.junit.runners.model.FrameworkMethod.invokeExplosively(FrameworkMethod.java:44)
	at org.junit.internal.runners.statements.InvokeMethod.evaluate(InvokeMethod.java:17)
	at org.junit.internal.runners.statements.RunAfters.evaluate(RunAfters.java:27)
	at org.junit.runners.ParentRunner.runLeaf(ParentRunner.java:271)
	at org.junit.runners.BlockJUnit4ClassRunner.runChild(BlockJUnit4ClassRunner.java:70)
	at org.junit.runners.BlockJUnit4ClassRunner.runChild(BlockJUnit4ClassRunner.java:50)
	at org.junit.runners.ParentRunner$3.run(ParentRunner.java:238)
	at org.junit.runners.ParentRunner$1.schedule(ParentRunner.java:63)
	at org.junit.runners.ParentRunner.runChildren(ParentRunner.java:236)
	at org.junit.runners.ParentRunner.access$000(ParentRunner.java:53)
	at org.junit.runners.ParentRunner$2.evaluate(ParentRunner.java:229)
	at org.junit.runners.ParentRunner.run(ParentRunner.java:309)
	at org.apache.maven.surefire.junit4.JUnit4Provider.execute(JUnit4Provider.java:365)
	at org.apache.maven.surefire.junit4.JUnit4Provider.executeWithRerun(JUnit4Provider.java:273)
	at org.apache.maven.surefire.junit4.JUnit4Provider.executeTestSet(JUnit4Provider.java:238)
	at org.apache.maven.surefire.junit4.JUnit4Provider.invoke(JUnit4Provider.java:159)
	at org.apache.maven.surefire.booter.ForkedBooter.invokeProviderInSameClassLoader(ForkedBooter.java:384)
	at org.apache.maven.surefire.booter.ForkedBooter.runSuitesInProcess(ForkedBooter.java:345)
	at org.apache.maven.surefire.booter.ForkedBooter.execute(ForkedBooter.java:126)
	at org.apache.maven.surefire.booter.ForkedBooter.main(ForkedBooter.java:418)
</failure>
    <system-out><![CDATA[2019-09-01 05:52:45,906 [main] WARN  server.ServerUtils (ServerUtils.java:getScmDbDir(145)) - ozone.scm.db.dirs is not configured. We recommend adding this setting. Falling back to ozone.metadata.dirs instead.
2019-09-01 05:52:46,027 [main] WARN  server.ServerUtils (ServerUtils.java:getScmDbDir(145)) - ozone.scm.db.dirs is not configured. We recommend adding this setting. Falling back to ozone.metadata.dirs instead.
2019-09-01 05:52:46,028 [main] WARN  server.ServerUtils (ServerUtils.java:getScmDbDir(145)) - ozone.scm.db.dirs is not configured. We recommend adding this setting. Falling back to ozone.metadata.dirs instead.
2019-09-01 05:52:46,028 [main] INFO  db.DBStoreBuilder (DBStoreBuilder.java:addTable(110)) - using custom profile for table: deletedBlocks
2019-09-01 05:52:46,029 [main] INFO  db.DBStoreBuilder (DBStoreBuilder.java:processTables(161)) - Using default column profile:DBProfile.DISK for Table:deletedBlocks
2019-09-01 05:52:46,029 [main] INFO  db.DBStoreBuilder (DBStoreBuilder.java:addTable(110)) - using custom profile for table: validCerts
2019-09-01 05:52:46,029 [main] INFO  db.DBStoreBuilder (DBStoreBuilder.java:processTables(161)) - Using default column profile:DBProfile.DISK for Table:validCerts
2019-09-01 05:52:46,030 [main] INFO  db.DBStoreBuilder (DBStoreBuilder.java:addTable(110)) - using custom profile for table: revokedCerts
2019-09-01 05:52:46,030 [main] INFO  db.DBStoreBuilder (DBStoreBuilder.java:processTables(161)) - Using default column profile:DBProfile.DISK for Table:revokedCerts
2019-09-01 05:52:46,030 [main] INFO  db.DBStoreBuilder (DBStoreBuilder.java:addTable(110)) - using custom profile for table: default
2019-09-01 05:52:46,031 [main] INFO  db.DBStoreBuilder (DBStoreBuilder.java:processTables(167)) - Using default column profile:DBProfile.DISK for Table:default
2019-09-01 05:52:46,031 [main] INFO  db.DBStoreBuilder (DBStoreBuilder.java:getDbProfile(198)) - Using default options. DBProfile.DISK
2019-09-01 05:52:46,877 [main] INFO  net.NodeSchemaLoader (NodeSchemaLoader.java:loadSchemaFromFile(125)) - Loading file from sun.misc.CompoundEnumeration@6075b369
2019-09-01 05:52:46,877 [main] INFO  net.NodeSchemaLoader (NodeSchemaLoader.java:loadSchema(171)) - Loading network topology layer schema file
2019-09-01 05:52:46,885 [main] INFO  node.SCMNodeManager (SCMNodeManager.java:<init>(114)) - Entering startup safe mode.
2019-09-01 05:52:46,886 [main] INFO  algorithms.ContainerPlacementPolicyFactory (ContainerPlacementPolicyFactory.java:getPolicy(55)) - Create container placement policy of type org.apache.hadoop.hdds.scm.container.placement.algorithms.SCMContainerPlacementRandom
2019-09-01 05:52:46,886 [main] WARN  server.ServerUtils (ServerUtils.java:getScmDbDir(145)) - ozone.scm.db.dirs is not configured. We recommend adding this setting. Falling back to ozone.metadata.dirs instead.
2019-09-01 05:52:47,375 [main] INFO  pipeline.SCMPipelineManager (SCMPipelineManager.java:initializePipelineState(126)) - No pipeline exists in current db
2019-09-01 05:52:47,376 [main] WARN  server.ServerUtils (ServerUtils.java:getScmDbDir(145)) - ozone.scm.db.dirs is not configured. We recommend adding this setting. Falling back to ozone.metadata.dirs instead.
2019-09-01 05:52:47,792 [main] WARN  events.EventQueue (EventQueue.java:fireEvent(183)) - No event handler registered for event TypedEvent{payloadType=SafeModeStatus, name='SafeModeStatus'}
2019-09-01 05:52:47,794 [main] INFO  ipc.CallQueueManager (CallQueueManager.java:<init>(84)) - Using callQueue: class java.util.concurrent.LinkedBlockingQueue, queueCapacity: 2000, scheduler: class org.apache.hadoop.ipc.DefaultRpcScheduler, ipcBackoff: false.
2019-09-01 05:52:47,795 [Socket Reader #1 for port 37499] INFO  ipc.Server (Server.java:run(1074)) - Starting Socket Reader #1 for port 37499
2019-09-01 05:52:47,797 [main] INFO  ipc.CallQueueManager (CallQueueManager.java:<init>(84)) - Using callQueue: class java.util.concurrent.LinkedBlockingQueue, queueCapacity: 2000, scheduler: class org.apache.hadoop.ipc.DefaultRpcScheduler, ipcBackoff: false.
2019-09-01 05:52:47,798 [Socket Reader #1 for port 41366] INFO  ipc.Server (Server.java:run(1074)) - Starting Socket Reader #1 for port 41366
2019-09-01 05:52:47,799 [main] INFO  ipc.CallQueueManager (CallQueueManager.java:<init>(84)) - Using callQueue: class java.util.concurrent.LinkedBlockingQueue, queueCapacity: 2000, scheduler: class org.apache.hadoop.ipc.DefaultRpcScheduler, ipcBackoff: false.
2019-09-01 05:52:47,800 [Socket Reader #1 for port 43202] INFO  ipc.Server (Server.java:run(1074)) - Starting Socket Reader #1 for port 43202
2019-09-01 05:52:47,802 [main] INFO  hdfs.DFSUtil (DFSUtil.java:httpServerTemplateForNNAndJN(1641)) - Starting Web-server for scm at: http://0.0.0.0:0
2019-09-01 05:52:47,805 [main] INFO  server.AuthenticationFilter (AuthenticationFilter.java:constructSecretProvider(240)) - Unable to initialize FileSignerSecretProvider, falling back to use random secrets.
2019-09-01 05:52:47,806 [main] WARN  http.HttpRequestLog (HttpRequestLog.java:getRequestLog(97)) - Jetty request log can only be enabled using Log4j
2019-09-01 05:52:47,808 [main] INFO  http.HttpServer2 (HttpServer2.java:addGlobalFilter(975)) - Added global filter 'safety' (class=org.apache.hadoop.http.HttpServer2$QuotingInputFilter)
2019-09-01 05:52:47,809 [main] INFO  http.HttpServer2 (HttpServer2.java:addFilter(948)) - Added filter static_user_filter (class=org.apache.hadoop.http.lib.StaticUserWebFilter$StaticUserFilter) to context scm
2019-09-01 05:52:47,809 [main] INFO  http.HttpServer2 (HttpServer2.java:addFilter(958)) - Added filter static_user_filter (class=org.apache.hadoop.http.lib.StaticUserWebFilter$StaticUserFilter) to context logs
2019-09-01 05:52:47,809 [main] INFO  http.HttpServer2 (HttpServer2.java:addFilter(958)) - Added filter static_user_filter (class=org.apache.hadoop.http.lib.StaticUserWebFilter$StaticUserFilter) to context static
2019-09-01 05:52:47,811 [main] INFO  server.StorageContainerManager (StorageContainerManager.java:start(759)) - StorageContainerLocationProtocol RPC server is listening at /0.0.0.0:43202
2019-09-01 05:52:47,814 [main] WARN  impl.MetricsConfig (MetricsConfig.java:loadFirst(134)) - Cannot locate configuration: tried hadoop-metrics2-storagecontainermanager.properties,hadoop-metrics2.properties
2019-09-01 05:52:47,815 [main] INFO  impl.MetricsSystemImpl (MetricsSystemImpl.java:startTimer(374)) - Scheduled Metric snapshot period at 10 second(s).
2019-09-01 05:52:47,816 [main] INFO  impl.MetricsSystemImpl (MetricsSystemImpl.java:start(191)) - StorageContainerManager metrics system started
2019-09-01 05:52:47,870 [main] WARN  impl.MetricsSystemImpl (MetricsSystemImpl.java:register(276)) - Sink prometheus already exists!
2019-09-01 05:52:47,922 [main] INFO  server.SCMClientProtocolServer (SCMClientProtocolServer.java:start(151)) - RPC server for Client  is listening at /0.0.0.0:43202
2019-09-01 05:52:47,923 [IPC Server Responder] INFO  ipc.Server (Server.java:run(1314)) - IPC Server Responder: starting
2019-09-01 05:52:47,923 [IPC Server listener on 43202] INFO  ipc.Server (Server.java:run(1153)) - IPC Server listener on 43202: starting
2019-09-01 05:52:47,927 [main] INFO  server.StorageContainerManager (StorageContainerManager.java:start(769)) - ScmBlockLocationProtocol RPC server is listening at /0.0.0.0:41366
2019-09-01 05:52:47,928 [main] INFO  server.SCMBlockProtocolServer (SCMBlockProtocolServer.java:start(146)) - RPC server for Block Protocol is listening at /0.0.0.0:41366
2019-09-01 05:52:47,928 [IPC Server Responder] INFO  ipc.Server (Server.java:run(1314)) - IPC Server Responder: starting
2019-09-01 05:52:47,928 [IPC Server listener on 41366] INFO  ipc.Server (Server.java:run(1153)) - IPC Server listener on 41366: starting
2019-09-01 05:52:47,932 [main] INFO  server.StorageContainerManager (StorageContainerManager.java:start(773)) - ScmDatanodeProtocl RPC server is listening at /0.0.0.0:37499
2019-09-01 05:52:47,932 [main] INFO  server.SCMDatanodeProtocolServer (SCMDatanodeProtocolServer.java:start(191)) - RPC server for DataNodes is listening at /0.0.0.0:37499
2019-09-01 05:52:47,932 [IPC Server Responder] INFO  ipc.Server (Server.java:run(1314)) - IPC Server Responder: starting
2019-09-01 05:52:47,933 [IPC Server listener on 37499] INFO  ipc.Server (Server.java:run(1153)) - IPC Server listener on 37499: starting
2019-09-01 05:52:47,936 [main] INFO  http.HttpServer2 (HttpServer2.java:bindListener(1191)) - Jetty bound to port 45978
2019-09-01 05:52:47,937 [main] INFO  server.Server (Server.java:doStart(351)) - jetty-9.3.24.v20180605, build timestamp: 2018-06-05T17:11:56Z, git hash: 84205aa28f11a4f31f2a3b86d1bba2cc8ab69827
2019-09-01 05:52:47,939 [main] INFO  handler.ContextHandler (ContextHandler.java:doStart(781)) - Started o.e.j.s.ServletContextHandler@581c9bb7{/logs,file:///workdir/hadoop-ozone/integration-test/target/log,AVAILABLE}
2019-09-01 05:52:47,940 [main] INFO  handler.ContextHandler (ContextHandler.java:doStart(781)) - Started o.e.j.s.ServletContextHandler@212fafd1{/static,file:///workdir/hadoop-ozone/integration-test/target/test-classes/webapps/static,AVAILABLE}
2019-09-01 05:52:47,945 [main] INFO  handler.ContextHandler (ContextHandler.java:doStart(781)) - Started o.e.j.w.WebAppContext@27ec8754{/,file:///workdir/hadoop-ozone/integration-test/target/test-classes/webapps/scm/,AVAILABLE}{/scm}
2019-09-01 05:52:47,945 [main] INFO  server.AbstractConnector (AbstractConnector.java:doStart(278)) - Started ServerConnector@3bbf1c0d{HTTP/1.1,[http/1.1]}{0.0.0.0:45978}
2019-09-01 05:52:47,946 [main] INFO  server.Server (Server.java:doStart(419)) - Started @206820ms
2019-09-01 05:52:47,946 [main] WARN  impl.MetricsSystemImpl (MetricsSystemImpl.java:register(276)) - Sink prometheus already exists!
2019-09-01 05:52:47,947 [main] INFO  server.BaseHttpServer (BaseHttpServer.java:updateConnectorAddress(215)) - HTTP server of SCM is listening at http://0.0.0.0:45978
2019-09-01 05:52:47,948 [main] WARN  server.ServerUtils (ServerUtils.java:getDBPath(222)) - ozone.om.db.dirs is not configured. We recommend adding this setting. Falling back to ozone.metadata.dirs instead.
2019-09-01 05:52:47,949 [org.apache.hadoop.util.JvmPauseMonitor$Monitor@216c22ce] INFO  util.JvmPauseMonitor (JvmPauseMonitor.java:run(188)) - Starting JVM pause monitor
2019-09-01 05:52:48,018 [main] WARN  server.ServerUtils (ServerUtils.java:getDBPath(222)) - ozone.om.db.dirs is not configured. We recommend adding this setting. Falling back to ozone.metadata.dirs instead.
2019-09-01 05:52:48,019 [main] WARN  server.ServerUtils (ServerUtils.java:getDBPath(222)) - ozone.om.db.dirs is not configured. We recommend adding this setting. Falling back to ozone.metadata.dirs instead.
2019-09-01 05:52:48,019 [main] INFO  om.OzoneManager (OzoneManager.java:setOMNodeDetails(649)) - OM Service ID is not set. Setting it to the default ID: omServiceIdDefault
2019-09-01 05:52:48,019 [main] INFO  om.OzoneManager (OzoneManager.java:setOMNodeDetails(655)) - OM Node ID is not set. Setting it to the OmStorage's OmID: 8976df76-6ddc-4a72-b5fa-24a2affcc2af
2019-09-01 05:52:48,020 [main] INFO  om.OzoneManager (OzoneManager.java:loadOMHAConfigs(606)) - Found matching OM address with OMServiceId: null, OMNodeId: null, RPC Address: localhost:0 and Ratis port: 9872
2019-09-01 05:52:48,026 [main] WARN  server.ServerUtils (ServerUtils.java:getDBPath(222)) - ozone.om.db.dirs is not configured. We recommend adding this setting. Falling back to ozone.metadata.dirs instead.
2019-09-01 05:52:48,026 [main] INFO  db.DBStoreBuilder (DBStoreBuilder.java:addTable(110)) - using custom profile for table: userTable
2019-09-01 05:52:48,026 [main] INFO  db.DBStoreBuilder (DBStoreBuilder.java:processTables(161)) - Using default column profile:DBProfile.DISK for Table:userTable
2019-09-01 05:52:48,027 [main] INFO  db.DBStoreBuilder (DBStoreBuilder.java:addTable(110)) - using custom profile for table: volumeTable
2019-09-01 05:52:48,027 [main] INFO  db.DBStoreBuilder (DBStoreBuilder.java:processTables(161)) - Using default column profile:DBProfile.DISK for Table:volumeTable
2019-09-01 05:52:48,027 [main] INFO  db.DBStoreBuilder (DBStoreBuilder.java:addTable(110)) - using custom profile for table: bucketTable
2019-09-01 05:52:48,027 [main] INFO  db.DBStoreBuilder (DBStoreBuilder.java:processTables(161)) - Using default column profile:DBProfile.DISK for Table:bucketTable
2019-09-01 05:52:48,027 [main] INFO  db.DBStoreBuilder (DBStoreBuilder.java:addTable(110)) - using custom profile for table: keyTable
2019-09-01 05:52:48,028 [main] INFO  db.DBStoreBuilder (DBStoreBuilder.java:processTables(161)) - Using default column profile:DBProfile.DISK for Table:keyTable
2019-09-01 05:52:48,028 [main] INFO  db.DBStoreBuilder (DBStoreBuilder.java:addTable(110)) - using custom profile for table: deletedTable
2019-09-01 05:52:48,028 [main] INFO  db.DBStoreBuilder (DBStoreBuilder.java:processTables(161)) - Using default column profile:DBProfile.DISK for Table:deletedTable
2019-09-01 05:52:48,028 [main] INFO  db.DBStoreBuilder (DBStoreBuilder.java:addTable(110)) - using custom profile for table: openKeyTable
2019-09-01 05:52:48,028 [main] INFO  db.DBStoreBuilder (DBStoreBuilder.java:processTables(161)) - Using default column profile:DBProfile.DISK for Table:openKeyTable
2019-09-01 05:52:48,029 [main] INFO  db.DBStoreBuilder (DBStoreBuilder.java:addTable(110)) - using custom profile for table: s3Table
2019-09-01 05:52:48,029 [main] INFO  db.DBStoreBuilder (DBStoreBuilder.java:processTables(161)) - Using default column profile:DBProfile.DISK for Table:s3Table
2019-09-01 05:52:48,029 [main] INFO  db.DBStoreBuilder (DBStoreBuilder.java:addTable(110)) - using custom profile for table: multipartInfoTable
2019-09-01 05:52:48,029 [main] INFO  db.DBStoreBuilder (DBStoreBuilder.java:processTables(161)) - Using default column profile:DBProfile.DISK for Table:multipartInfoTable
2019-09-01 05:52:48,029 [main] INFO  db.DBStoreBuilder (DBStoreBuilder.java:addTable(110)) - using custom profile for table: dTokenTable
2019-09-01 05:52:48,029 [main] INFO  db.DBStoreBuilder (DBStoreBuilder.java:processTables(161)) - Using default column profile:DBProfile.DISK for Table:dTokenTable
2019-09-01 05:52:48,030 [main] INFO  db.DBStoreBuilder (DBStoreBuilder.java:addTable(110)) - using custom profile for table: s3SecretTable
2019-09-01 05:52:48,030 [main] INFO  db.DBStoreBuilder (DBStoreBuilder.java:processTables(161)) - Using default column profile:DBProfile.DISK for Table:s3SecretTable
2019-09-01 05:52:48,030 [main] INFO  db.DBStoreBuilder (DBStoreBuilder.java:addTable(110)) - using custom profile for table: prefixTable
2019-09-01 05:52:48,030 [main] INFO  db.DBStoreBuilder (DBStoreBuilder.java:processTables(161)) - Using default column profile:DBProfile.DISK for Table:prefixTable
2019-09-01 05:52:48,030 [main] INFO  db.DBStoreBuilder (DBStoreBuilder.java:addTable(110)) - using custom profile for table: default
2019-09-01 05:52:48,031 [main] INFO  db.DBStoreBuilder (DBStoreBuilder.java:processTables(167)) - Using default column profile:DBProfile.DISK for Table:default
2019-09-01 05:52:48,031 [main] INFO  db.DBStoreBuilder (DBStoreBuilder.java:getDbProfile(198)) - Using default options. DBProfile.DISK
2019-09-01 05:52:50,646 [main] INFO  ipc.CallQueueManager (CallQueueManager.java:<init>(84)) - Using callQueue: class java.util.concurrent.LinkedBlockingQueue, queueCapacity: 2000, scheduler: class org.apache.hadoop.ipc.DefaultRpcScheduler, ipcBackoff: false.
2019-09-01 05:52:50,647 [Socket Reader #1 for port 40519] INFO  ipc.Server (Server.java:run(1074)) - Starting Socket Reader #1 for port 40519
2019-09-01 05:52:50,667 [main] INFO  om.OzoneManager (OzoneManager.java:start(1240)) - OzoneManager RPC server is listening at localhost/127.0.0.1:40519
2019-09-01 05:52:50,667 [main] INFO  impl.MetricsSystemImpl (MetricsSystemImpl.java:init(158)) - OzoneManager metrics system started (again)
2019-09-01 05:52:50,668 [IPC Server Responder] INFO  ipc.Server (Server.java:run(1314)) - IPC Server Responder: starting
2019-09-01 05:52:50,668 [IPC Server listener on 40519] INFO  ipc.Server (Server.java:run(1153)) - IPC Server listener on 40519: starting
2019-09-01 05:52:50,673 [main] INFO  hdfs.DFSUtil (DFSUtil.java:httpServerTemplateForNNAndJN(1641)) - Starting Web-server for ozoneManager at: http://0.0.0.0:0
2019-09-01 05:52:50,675 [main] INFO  server.AuthenticationFilter (AuthenticationFilter.java:constructSecretProvider(240)) - Unable to initialize FileSignerSecretProvider, falling back to use random secrets.
2019-09-01 05:52:50,675 [main] WARN  http.HttpRequestLog (HttpRequestLog.java:getRequestLog(97)) - Jetty request log can only be enabled using Log4j
2019-09-01 05:52:50,678 [main] INFO  http.HttpServer2 (HttpServer2.java:addGlobalFilter(975)) - Added global filter 'safety' (class=org.apache.hadoop.http.HttpServer2$QuotingInputFilter)
2019-09-01 05:52:50,678 [main] INFO  http.HttpServer2 (HttpServer2.java:addFilter(948)) - Added filter static_user_filter (class=org.apache.hadoop.http.lib.StaticUserWebFilter$StaticUserFilter) to context ozoneManager
2019-09-01 05:52:50,678 [main] INFO  http.HttpServer2 (HttpServer2.java:addFilter(958)) - Added filter static_user_filter (class=org.apache.hadoop.http.lib.StaticUserWebFilter$StaticUserFilter) to context logs
2019-09-01 05:52:50,679 [main] INFO  http.HttpServer2 (HttpServer2.java:addFilter(958)) - Added filter static_user_filter (class=org.apache.hadoop.http.lib.StaticUserWebFilter$StaticUserFilter) to context static
2019-09-01 05:52:50,679 [main] INFO  http.HttpServer2 (HttpServer2.java:bindListener(1191)) - Jetty bound to port 39669
2019-09-01 05:52:50,680 [main] INFO  server.Server (Server.java:doStart(351)) - jetty-9.3.24.v20180605, build timestamp: 2018-06-05T17:11:56Z, git hash: 84205aa28f11a4f31f2a3b86d1bba2cc8ab69827
2019-09-01 05:52:50,681 [main] INFO  handler.ContextHandler (ContextHandler.java:doStart(781)) - Started o.e.j.s.ServletContextHandler@6842c101{/logs,file:///workdir/hadoop-ozone/integration-test/target/log,AVAILABLE}
2019-09-01 05:52:50,682 [main] INFO  handler.ContextHandler (ContextHandler.java:doStart(781)) - Started o.e.j.s.ServletContextHandler@2c48cede{/static,file:///workdir/hadoop-ozone/integration-test/target/test-classes/webapps/static,AVAILABLE}
2019-09-01 05:52:50,687 [main] INFO  handler.ContextHandler (ContextHandler.java:doStart(781)) - Started o.e.j.w.WebAppContext@3009eed7{/,file:///workdir/hadoop-ozone/integration-test/target/test-classes/webapps/ozoneManager/,AVAILABLE}{/ozoneManager}
2019-09-01 05:52:50,687 [main] INFO  server.AbstractConnector (AbstractConnector.java:doStart(278)) - Started ServerConnector@2ee4706d{HTTP/1.1,[http/1.1]}{0.0.0.0:39669}
2019-09-01 05:52:50,689 [main] INFO  server.Server (Server.java:doStart(419)) - Started @209562ms
2019-09-01 05:52:50,689 [main] WARN  impl.MetricsSystemImpl (MetricsSystemImpl.java:register(276)) - Sink prometheus already exists!
2019-09-01 05:52:50,690 [main] INFO  server.BaseHttpServer (BaseHttpServer.java:updateConnectorAddress(215)) - HTTP server of OZONEMANAGER is listening at http://0.0.0.0:39669
2019-09-01 05:52:50,718 [main] INFO  impl.MetricsSystemImpl (MetricsSystemImpl.java:init(158)) - HddsDatanode metrics system started (again)
2019-09-01 05:52:50,721 [main] INFO  ozone.HddsDatanodeService (HddsDatanodeService.java:start(184)) - HddsDatanodeService host:trunk-nightly-20190901-gkzrd-4143273587 ip:192.168.36.91
2019-09-01 05:52:50,728 [main] INFO  volume.HddsVolume (HddsVolume.java:<init>(176)) - Creating Volume: /workdir/hadoop-ozone/integration-test/target/test-dir/MiniOzoneClusterImpl-fb00d516-ae13-4d3c-8a3f-926c553c4eaa/datanode-0/data/containers/hdds of  storage type : DISK and capacity : 1482555576320
2019-09-01 05:52:50,728 [main] INFO  volume.VolumeSet (VolumeSet.java:initializeVolumeSet(170)) - Added Volume : /workdir/hadoop-ozone/integration-test/target/test-dir/MiniOzoneClusterImpl-fb00d516-ae13-4d3c-8a3f-926c553c4eaa/datanode-0/data/containers/hdds to VolumeSet
2019-09-01 05:52:50,728 [main] INFO  volume.ThrottledAsyncChecker (ThrottledAsyncChecker.java:schedule(140)) - Scheduling a check for org.apache.hadoop.ozone.container.common.volume.HddsVolume@5faeeb56
2019-09-01 05:52:50,730 [main] INFO  volume.HddsVolumeChecker (HddsVolumeChecker.java:checkAllVolumes(203)) - Scheduled health check for volume org.apache.hadoop.ozone.container.common.volume.HddsVolume@5faeeb56
2019-09-01 05:52:50,746 [main] INFO  impl.RaftServerProxy (ConfUtils.java:logGet(43)) - raft.rpc.type = GRPC (default)
2019-09-01 05:52:50,746 [main] INFO  grpc.GrpcFactory (GrpcFactory.java:checkPooledByteBufAllocatorUseCacheForAllThreads(45)) - PERFORMANCE WARNING: useCacheForAllThreads is true that may cause Netty to create a lot garbage objects and, as a result, trigger GC.
	It is recommended to disable useCacheForAllThreads by setting -Dorg.apache.ratis.thirdparty.io.netty.allocator.useCacheForAllThreads=false in command line.
2019-09-01 05:52:50,746 [main] INFO  grpc.GrpcConfigKeys$Server (ConfUtils.java:logGet(43)) - raft.grpc.server.port = 0 (default)
2019-09-01 05:52:50,747 [main] INFO  server.GrpcService (ConfUtils.java:logGet(43)) - raft.grpc.message.size.max = 33570816 (custom)
2019-09-01 05:52:50,747 [main] INFO  server.RaftServerConfigKeys (ConfUtils.java:logGet(43)) - raft.server.log.appender.buffer.byte-limit = 33554432 (custom)
2019-09-01 05:52:50,747 [main] INFO  server.GrpcService (ConfUtils.java:logGet(43)) - raft.grpc.flow.control.window = 1MB (=1048576) (default)
2019-09-01 05:52:50,747 [main] INFO  server.RaftServerConfigKeys (ConfUtils.java:logGet(43)) - raft.server.rpc.request.timeout = 3000ms (default)
2019-09-01 05:52:50,748 [main] INFO  server.RaftServerConfigKeys (ConfUtils.java:logGet(43)) - raft.server.storage.dir = [/workdir/hadoop-ozone/integration-test/target/test-dir/MiniOzoneClusterImpl-fb00d516-ae13-4d3c-8a3f-926c553c4eaa/datanode-0/data/ratis] (custom)
2019-09-01 05:52:50,750 [main] INFO  hdfs.DFSUtil (DFSUtil.java:httpServerTemplateForNNAndJN(1641)) - Starting Web-server for hddsDatanode at: http://0.0.0.0:0
2019-09-01 05:52:50,752 [main] INFO  server.AuthenticationFilter (AuthenticationFilter.java:constructSecretProvider(240)) - Unable to initialize FileSignerSecretProvider, falling back to use random secrets.
2019-09-01 05:52:50,752 [main] WARN  http.HttpRequestLog (HttpRequestLog.java:getRequestLog(97)) - Jetty request log can only be enabled using Log4j
2019-09-01 05:52:50,755 [main] INFO  http.HttpServer2 (HttpServer2.java:addGlobalFilter(975)) - Added global filter 'safety' (class=org.apache.hadoop.http.HttpServer2$QuotingInputFilter)
2019-09-01 05:52:50,755 [main] INFO  http.HttpServer2 (HttpServer2.java:addFilter(948)) - Added filter static_user_filter (class=org.apache.hadoop.http.lib.StaticUserWebFilter$StaticUserFilter) to context hddsDatanode
2019-09-01 05:52:50,756 [main] INFO  http.HttpServer2 (HttpServer2.java:addFilter(958)) - Added filter static_user_filter (class=org.apache.hadoop.http.lib.StaticUserWebFilter$StaticUserFilter) to context static
2019-09-01 05:52:50,756 [main] INFO  http.HttpServer2 (HttpServer2.java:addFilter(958)) - Added filter static_user_filter (class=org.apache.hadoop.http.lib.StaticUserWebFilter$StaticUserFilter) to context logs
2019-09-01 05:52:50,757 [main] INFO  http.HttpServer2 (HttpServer2.java:bindListener(1191)) - Jetty bound to port 39150
2019-09-01 05:52:50,757 [main] INFO  server.Server (Server.java:doStart(351)) - jetty-9.3.24.v20180605, build timestamp: 2018-06-05T17:11:56Z, git hash: 84205aa28f11a4f31f2a3b86d1bba2cc8ab69827
2019-09-01 05:52:50,759 [main] INFO  handler.ContextHandler (ContextHandler.java:doStart(781)) - Started o.e.j.s.ServletContextHandler@7eb27768{/logs,file:///workdir/hadoop-ozone/integration-test/target/log,AVAILABLE}
2019-09-01 05:52:50,760 [main] INFO  handler.ContextHandler (ContextHandler.java:doStart(781)) - Started o.e.j.s.ServletContextHandler@5e3db14{/static,jar:file:/home/user/.m2/repository/org/apache/hadoop/hadoop-hdds-container-service/0.5.0-SNAPSHOT/hadoop-hdds-container-service-0.5.0-SNAPSHOT.jar!/webapps/static,AVAILABLE}
2019-09-01 05:52:50,803 [main] INFO  handler.ContextHandler (ContextHandler.java:doStart(781)) - Started o.e.j.w.WebAppContext@7841bd30{/,file:///tmp/jetty-0.0.0.0-39150-hddsDatanode-_-any-2669877739712419498.dir/webapp/,AVAILABLE}{/hddsDatanode}
2019-09-01 05:52:50,804 [main] INFO  server.AbstractConnector (AbstractConnector.java:doStart(278)) - Started ServerConnector@45c80312{HTTP/1.1,[http/1.1]}{0.0.0.0:39150}
2019-09-01 05:52:50,805 [main] INFO  server.Server (Server.java:doStart(419)) - Started @209679ms
2019-09-01 05:52:50,806 [main] WARN  impl.MetricsSystemImpl (MetricsSystemImpl.java:register(276)) - Sink prometheus already exists!
2019-09-01 05:52:50,806 [main] INFO  server.BaseHttpServer (BaseHttpServer.java:updateConnectorAddress(215)) - HTTP server of HDDSDATANODE is listening at http://0.0.0.0:39150
2019-09-01 05:52:50,807 [main] INFO  impl.MetricsSystemImpl (MetricsSystemImpl.java:init(158)) - HddsDatanode metrics system started (again)
2019-09-01 05:52:50,810 [org.apache.hadoop.util.JvmPauseMonitor$Monitor@5b62d410] INFO  util.JvmPauseMonitor (JvmPauseMonitor.java:run(188)) - Starting JVM pause monitor
2019-09-01 05:52:50,810 [main] INFO  ozone.HddsDatanodeService (HddsDatanodeService.java:start(184)) - HddsDatanodeService host:trunk-nightly-20190901-gkzrd-4143273587 ip:192.168.36.91
2019-09-01 05:52:50,812 [Datanode State Machine Thread - 0] INFO  datanode.InitDatanodeState (InitDatanodeState.java:persistContainerDatanodeDetails(140)) - DatanodeDetails is persisted to /workdir/hadoop-ozone/integration-test/target/test-dir/MiniOzoneClusterImpl-fb00d516-ae13-4d3c-8a3f-926c553c4eaa/datanode-0/meta/datanode.id
2019-09-01 05:52:50,817 [main] INFO  volume.HddsVolume (HddsVolume.java:<init>(176)) - Creating Volume: /workdir/hadoop-ozone/integration-test/target/test-dir/MiniOzoneClusterImpl-fb00d516-ae13-4d3c-8a3f-926c553c4eaa/datanode-1/data/containers/hdds of  storage type : DISK and capacity : 1482555576320
2019-09-01 05:52:50,818 [main] INFO  volume.VolumeSet (VolumeSet.java:initializeVolumeSet(170)) - Added Volume : /workdir/hadoop-ozone/integration-test/target/test-dir/MiniOzoneClusterImpl-fb00d516-ae13-4d3c-8a3f-926c553c4eaa/datanode-1/data/containers/hdds to VolumeSet
2019-09-01 05:52:50,818 [main] INFO  volume.ThrottledAsyncChecker (ThrottledAsyncChecker.java:schedule(140)) - Scheduling a check for org.apache.hadoop.ozone.container.common.volume.HddsVolume@48499739
2019-09-01 05:52:50,818 [main] INFO  volume.HddsVolumeChecker (HddsVolumeChecker.java:checkAllVolumes(203)) - Scheduled health check for volume org.apache.hadoop.ozone.container.common.volume.HddsVolume@48499739
2019-09-01 05:52:50,833 [main] INFO  impl.RaftServerProxy (ConfUtils.java:logGet(43)) - raft.rpc.type = GRPC (default)
2019-09-01 05:52:50,833 [main] INFO  grpc.GrpcFactory (GrpcFactory.java:checkPooledByteBufAllocatorUseCacheForAllThreads(45)) - PERFORMANCE WARNING: useCacheForAllThreads is true that may cause Netty to create a lot garbage objects and, as a result, trigger GC.
	It is recommended to disable useCacheForAllThreads by setting -Dorg.apache.ratis.thirdparty.io.netty.allocator.useCacheForAllThreads=false in command line.
2019-09-01 05:52:50,834 [main] INFO  grpc.GrpcConfigKeys$Server (ConfUtils.java:logGet(43)) - raft.grpc.server.port = 0 (default)
2019-09-01 05:52:50,834 [main] INFO  server.GrpcService (ConfUtils.java:logGet(43)) - raft.grpc.message.size.max = 33570816 (custom)
2019-09-01 05:52:50,834 [main] INFO  server.RaftServerConfigKeys (ConfUtils.java:logGet(43)) - raft.server.log.appender.buffer.byte-limit = 33554432 (custom)
2019-09-01 05:52:50,834 [main] INFO  server.GrpcService (ConfUtils.java:logGet(43)) - raft.grpc.flow.control.window = 1MB (=1048576) (default)
2019-09-01 05:52:50,834 [main] INFO  server.RaftServerConfigKeys (ConfUtils.java:logGet(43)) - raft.server.rpc.request.timeout = 3000ms (default)
2019-09-01 05:52:50,835 [main] INFO  server.RaftServerConfigKeys (ConfUtils.java:logGet(43)) - raft.server.storage.dir = [/workdir/hadoop-ozone/integration-test/target/test-dir/MiniOzoneClusterImpl-fb00d516-ae13-4d3c-8a3f-926c553c4eaa/datanode-1/data/ratis] (custom)
2019-09-01 05:52:50,836 [main] INFO  hdfs.DFSUtil (DFSUtil.java:httpServerTemplateForNNAndJN(1641)) - Starting Web-server for hddsDatanode at: http://0.0.0.0:0
2019-09-01 05:52:50,838 [main] INFO  server.AuthenticationFilter (AuthenticationFilter.java:constructSecretProvider(240)) - Unable to initialize FileSignerSecretProvider, falling back to use random secrets.
2019-09-01 05:52:50,838 [main] WARN  http.HttpRequestLog (HttpRequestLog.java:getRequestLog(97)) - Jetty request log can only be enabled using Log4j
2019-09-01 05:52:50,840 [main] INFO  http.HttpServer2 (HttpServer2.java:addGlobalFilter(975)) - Added global filter 'safety' (class=org.apache.hadoop.http.HttpServer2$QuotingInputFilter)
2019-09-01 05:52:50,840 [main] INFO  http.HttpServer2 (HttpServer2.java:addFilter(948)) - Added filter static_user_filter (class=org.apache.hadoop.http.lib.StaticUserWebFilter$StaticUserFilter) to context hddsDatanode
2019-09-01 05:52:50,840 [main] INFO  http.HttpServer2 (HttpServer2.java:addFilter(958)) - Added filter static_user_filter (class=org.apache.hadoop.http.lib.StaticUserWebFilter$StaticUserFilter) to context logs
2019-09-01 05:52:50,840 [main] INFO  http.HttpServer2 (HttpServer2.java:addFilter(958)) - Added filter static_user_filter (class=org.apache.hadoop.http.lib.StaticUserWebFilter$StaticUserFilter) to context static
2019-09-01 05:52:50,841 [main] INFO  http.HttpServer2 (HttpServer2.java:bindListener(1191)) - Jetty bound to port 37705
2019-09-01 05:52:50,841 [main] INFO  server.Server (Server.java:doStart(351)) - jetty-9.3.24.v20180605, build timestamp: 2018-06-05T17:11:56Z, git hash: 84205aa28f11a4f31f2a3b86d1bba2cc8ab69827
2019-09-01 05:52:50,843 [main] INFO  handler.ContextHandler (ContextHandler.java:doStart(781)) - Started o.e.j.s.ServletContextHandler@ceb7701{/logs,file:///workdir/hadoop-ozone/integration-test/target/log,AVAILABLE}
2019-09-01 05:52:50,844 [main] INFO  handler.ContextHandler (ContextHandler.java:doStart(781)) - Started o.e.j.s.ServletContextHandler@106c988{/static,jar:file:/home/user/.m2/repository/org/apache/hadoop/hadoop-hdds-container-service/0.5.0-SNAPSHOT/hadoop-hdds-container-service-0.5.0-SNAPSHOT.jar!/webapps/static,AVAILABLE}
2019-09-01 05:52:50,873 [main] INFO  handler.ContextHandler (ContextHandler.java:doStart(781)) - Started o.e.j.w.WebAppContext@24d8f87a{/,file:///tmp/jetty-0.0.0.0-37705-hddsDatanode-_-any-8949096813416365186.dir/webapp/,AVAILABLE}{/hddsDatanode}
2019-09-01 05:52:50,874 [main] INFO  server.AbstractConnector (AbstractConnector.java:doStart(278)) - Started ServerConnector@3f048c86{HTTP/1.1,[http/1.1]}{0.0.0.0:37705}
2019-09-01 05:52:50,875 [main] INFO  server.Server (Server.java:doStart(419)) - Started @209749ms
2019-09-01 05:52:50,875 [main] WARN  impl.MetricsSystemImpl (MetricsSystemImpl.java:register(276)) - Sink prometheus already exists!
2019-09-01 05:52:50,876 [main] INFO  server.BaseHttpServer (BaseHttpServer.java:updateConnectorAddress(215)) - HTTP server of HDDSDATANODE is listening at http://0.0.0.0:37705
2019-09-01 05:52:50,877 [main] INFO  impl.MetricsSystemImpl (MetricsSystemImpl.java:init(158)) - HddsDatanode metrics system started (again)
2019-09-01 05:52:50,880 [org.apache.hadoop.util.JvmPauseMonitor$Monitor@7a79951e] INFO  util.JvmPauseMonitor (JvmPauseMonitor.java:run(188)) - Starting JVM pause monitor
2019-09-01 05:52:50,881 [main] INFO  ozone.HddsDatanodeService (HddsDatanodeService.java:start(184)) - HddsDatanodeService host:trunk-nightly-20190901-gkzrd-4143273587 ip:192.168.36.91
2019-09-01 05:52:50,881 [Datanode State Machine Thread - 0] INFO  datanode.InitDatanodeState (InitDatanodeState.java:persistContainerDatanodeDetails(140)) - DatanodeDetails is persisted to /workdir/hadoop-ozone/integration-test/target/test-dir/MiniOzoneClusterImpl-fb00d516-ae13-4d3c-8a3f-926c553c4eaa/datanode-1/meta/datanode.id
2019-09-01 05:52:50,888 [main] INFO  volume.HddsVolume (HddsVolume.java:<init>(176)) - Creating Volume: /workdir/hadoop-ozone/integration-test/target/test-dir/MiniOzoneClusterImpl-fb00d516-ae13-4d3c-8a3f-926c553c4eaa/datanode-2/data/containers/hdds of  storage type : DISK and capacity : 1482555576320
2019-09-01 05:52:50,888 [main] INFO  volume.VolumeSet (VolumeSet.java:initializeVolumeSet(170)) - Added Volume : /workdir/hadoop-ozone/integration-test/target/test-dir/MiniOzoneClusterImpl-fb00d516-ae13-4d3c-8a3f-926c553c4eaa/datanode-2/data/containers/hdds to VolumeSet
2019-09-01 05:52:50,889 [main] INFO  volume.ThrottledAsyncChecker (ThrottledAsyncChecker.java:schedule(140)) - Scheduling a check for org.apache.hadoop.ozone.container.common.volume.HddsVolume@245cb8df
2019-09-01 05:52:50,889 [main] INFO  volume.HddsVolumeChecker (HddsVolumeChecker.java:checkAllVolumes(203)) - Scheduled health check for volume org.apache.hadoop.ozone.container.common.volume.HddsVolume@245cb8df
2019-09-01 05:52:50,907 [main] INFO  impl.RaftServerProxy (ConfUtils.java:logGet(43)) - raft.rpc.type = GRPC (default)
2019-09-01 05:52:50,907 [main] INFO  grpc.GrpcFactory (GrpcFactory.java:checkPooledByteBufAllocatorUseCacheForAllThreads(45)) - PERFORMANCE WARNING: useCacheForAllThreads is true that may cause Netty to create a lot garbage objects and, as a result, trigger GC.
	It is recommended to disable useCacheForAllThreads by setting -Dorg.apache.ratis.thirdparty.io.netty.allocator.useCacheForAllThreads=false in command line.
2019-09-01 05:52:50,908 [main] INFO  grpc.GrpcConfigKeys$Server (ConfUtils.java:logGet(43)) - raft.grpc.server.port = 0 (default)
2019-09-01 05:52:50,908 [main] INFO  server.GrpcService (ConfUtils.java:logGet(43)) - raft.grpc.message.size.max = 33570816 (custom)
2019-09-01 05:52:50,908 [main] INFO  server.RaftServerConfigKeys (ConfUtils.java:logGet(43)) - raft.server.log.appender.buffer.byte-limit = 33554432 (custom)
2019-09-01 05:52:50,909 [main] INFO  server.GrpcService (ConfUtils.java:logGet(43)) - raft.grpc.flow.control.window = 1MB (=1048576) (default)
2019-09-01 05:52:50,909 [main] INFO  server.RaftServerConfigKeys (ConfUtils.java:logGet(43)) - raft.server.rpc.request.timeout = 3000ms (default)
2019-09-01 05:52:50,909 [main] INFO  server.RaftServerConfigKeys (ConfUtils.java:logGet(43)) - raft.server.storage.dir = [/workdir/hadoop-ozone/integration-test/target/test-dir/MiniOzoneClusterImpl-fb00d516-ae13-4d3c-8a3f-926c553c4eaa/datanode-2/data/ratis] (custom)
2019-09-01 05:52:50,911 [main] INFO  hdfs.DFSUtil (DFSUtil.java:httpServerTemplateForNNAndJN(1641)) - Starting Web-server for hddsDatanode at: http://0.0.0.0:0
2019-09-01 05:52:50,913 [main] INFO  server.AuthenticationFilter (AuthenticationFilter.java:constructSecretProvider(240)) - Unable to initialize FileSignerSecretProvider, falling back to use random secrets.
2019-09-01 05:52:50,913 [main] WARN  http.HttpRequestLog (HttpRequestLog.java:getRequestLog(97)) - Jetty request log can only be enabled using Log4j
2019-09-01 05:52:50,915 [main] INFO  http.HttpServer2 (HttpServer2.java:addGlobalFilter(975)) - Added global filter 'safety' (class=org.apache.hadoop.http.HttpServer2$QuotingInputFilter)
2019-09-01 05:52:50,916 [main] INFO  http.HttpServer2 (HttpServer2.java:addFilter(948)) - Added filter static_user_filter (class=org.apache.hadoop.http.lib.StaticUserWebFilter$StaticUserFilter) to context hddsDatanode
2019-09-01 05:52:50,916 [main] INFO  http.HttpServer2 (HttpServer2.java:addFilter(958)) - Added filter static_user_filter (class=org.apache.hadoop.http.lib.StaticUserWebFilter$StaticUserFilter) to context static
2019-09-01 05:52:50,916 [main] INFO  http.HttpServer2 (HttpServer2.java:addFilter(958)) - Added filter static_user_filter (class=org.apache.hadoop.http.lib.StaticUserWebFilter$StaticUserFilter) to context logs
2019-09-01 05:52:50,917 [main] INFO  http.HttpServer2 (HttpServer2.java:bindListener(1191)) - Jetty bound to port 38991
2019-09-01 05:52:50,917 [main] INFO  server.Server (Server.java:doStart(351)) - jetty-9.3.24.v20180605, build timestamp: 2018-06-05T17:11:56Z, git hash: 84205aa28f11a4f31f2a3b86d1bba2cc8ab69827
2019-09-01 05:52:50,922 [main] INFO  handler.ContextHandler (ContextHandler.java:doStart(781)) - Started o.e.j.s.ServletContextHandler@1eb85a47{/logs,file:///workdir/hadoop-ozone/integration-test/target/log,AVAILABLE}
2019-09-01 05:52:50,923 [main] INFO  handler.ContextHandler (ContextHandler.java:doStart(781)) - Started o.e.j.s.ServletContextHandler@99a8de3{/static,jar:file:/home/user/.m2/repository/org/apache/hadoop/hadoop-hdds-container-service/0.5.0-SNAPSHOT/hadoop-hdds-container-service-0.5.0-SNAPSHOT.jar!/webapps/static,AVAILABLE}
2019-09-01 05:52:50,961 [main] INFO  handler.ContextHandler (ContextHandler.java:doStart(781)) - Started o.e.j.w.WebAppContext@72c4a3aa{/,file:///tmp/jetty-0.0.0.0-38991-hddsDatanode-_-any-8012235689423514371.dir/webapp/,AVAILABLE}{/hddsDatanode}
2019-09-01 05:52:50,961 [main] INFO  server.AbstractConnector (AbstractConnector.java:doStart(278)) - Started ServerConnector@1e495414{HTTP/1.1,[http/1.1]}{0.0.0.0:38991}
2019-09-01 05:52:50,961 [main] INFO  server.Server (Server.java:doStart(419)) - Started @209835ms
2019-09-01 05:52:50,965 [main] WARN  impl.MetricsSystemImpl (MetricsSystemImpl.java:register(276)) - Sink prometheus already exists!
2019-09-01 05:52:50,966 [main] INFO  server.BaseHttpServer (BaseHttpServer.java:updateConnectorAddress(215)) - HTTP server of HDDSDATANODE is listening at http://0.0.0.0:38991
2019-09-01 05:52:50,967 [main] INFO  impl.MetricsSystemImpl (MetricsSystemImpl.java:init(158)) - HddsDatanode metrics system started (again)
2019-09-01 05:52:50,969 [org.apache.hadoop.util.JvmPauseMonitor$Monitor@2e656184] INFO  util.JvmPauseMonitor (JvmPauseMonitor.java:run(188)) - Starting JVM pause monitor
2019-09-01 05:52:50,973 [main] INFO  ozone.HddsDatanodeService (HddsDatanodeService.java:start(184)) - HddsDatanodeService host:trunk-nightly-20190901-gkzrd-4143273587 ip:192.168.36.91
2019-09-01 05:52:50,974 [Datanode State Machine Thread - 0] INFO  datanode.InitDatanodeState (InitDatanodeState.java:persistContainerDatanodeDetails(140)) - DatanodeDetails is persisted to /workdir/hadoop-ozone/integration-test/target/test-dir/MiniOzoneClusterImpl-fb00d516-ae13-4d3c-8a3f-926c553c4eaa/datanode-2/meta/datanode.id
2019-09-01 05:52:50,981 [main] INFO  volume.HddsVolume (HddsVolume.java:<init>(176)) - Creating Volume: /workdir/hadoop-ozone/integration-test/target/test-dir/MiniOzoneClusterImpl-fb00d516-ae13-4d3c-8a3f-926c553c4eaa/datanode-3/data/containers/hdds of  storage type : DISK and capacity : 1482555576320
2019-09-01 05:52:50,982 [main] INFO  volume.VolumeSet (VolumeSet.java:initializeVolumeSet(170)) - Added Volume : /workdir/hadoop-ozone/integration-test/target/test-dir/MiniOzoneClusterImpl-fb00d516-ae13-4d3c-8a3f-926c553c4eaa/datanode-3/data/containers/hdds to VolumeSet
2019-09-01 05:52:50,982 [main] INFO  volume.ThrottledAsyncChecker (ThrottledAsyncChecker.java:schedule(140)) - Scheduling a check for org.apache.hadoop.ozone.container.common.volume.HddsVolume@5175d9ad
2019-09-01 05:52:50,983 [main] INFO  volume.HddsVolumeChecker (HddsVolumeChecker.java:checkAllVolumes(203)) - Scheduled health check for volume org.apache.hadoop.ozone.container.common.volume.HddsVolume@5175d9ad
2019-09-01 05:52:51,003 [main] INFO  impl.RaftServerProxy (ConfUtils.java:logGet(43)) - raft.rpc.type = GRPC (default)
2019-09-01 05:52:51,004 [main] INFO  grpc.GrpcFactory (GrpcFactory.java:checkPooledByteBufAllocatorUseCacheForAllThreads(45)) - PERFORMANCE WARNING: useCacheForAllThreads is true that may cause Netty to create a lot garbage objects and, as a result, trigger GC.
	It is recommended to disable useCacheForAllThreads by setting -Dorg.apache.ratis.thirdparty.io.netty.allocator.useCacheForAllThreads=false in command line.
2019-09-01 05:52:51,004 [main] INFO  grpc.GrpcConfigKeys$Server (ConfUtils.java:logGet(43)) - raft.grpc.server.port = 0 (default)
2019-09-01 05:52:51,004 [main] INFO  server.GrpcService (ConfUtils.java:logGet(43)) - raft.grpc.message.size.max = 33570816 (custom)
2019-09-01 05:52:51,005 [main] INFO  server.RaftServerConfigKeys (ConfUtils.java:logGet(43)) - raft.server.log.appender.buffer.byte-limit = 33554432 (custom)
2019-09-01 05:52:51,005 [main] INFO  server.GrpcService (ConfUtils.java:logGet(43)) - raft.grpc.flow.control.window = 1MB (=1048576) (default)
2019-09-01 05:52:51,005 [main] INFO  server.RaftServerConfigKeys (ConfUtils.java:logGet(43)) - raft.server.rpc.request.timeout = 3000ms (default)
2019-09-01 05:52:51,006 [main] INFO  server.RaftServerConfigKeys (ConfUtils.java:logGet(43)) - raft.server.storage.dir = [/workdir/hadoop-ozone/integration-test/target/test-dir/MiniOzoneClusterImpl-fb00d516-ae13-4d3c-8a3f-926c553c4eaa/datanode-3/data/ratis] (custom)
2019-09-01 05:52:51,008 [main] INFO  hdfs.DFSUtil (DFSUtil.java:httpServerTemplateForNNAndJN(1641)) - Starting Web-server for hddsDatanode at: http://0.0.0.0:0
2019-09-01 05:52:51,010 [main] INFO  server.AuthenticationFilter (AuthenticationFilter.java:constructSecretProvider(240)) - Unable to initialize FileSignerSecretProvider, falling back to use random secrets.
2019-09-01 05:52:51,010 [main] WARN  http.HttpRequestLog (HttpRequestLog.java:getRequestLog(97)) - Jetty request log can only be enabled using Log4j
2019-09-01 05:52:51,012 [main] INFO  http.HttpServer2 (HttpServer2.java:addGlobalFilter(975)) - Added global filter 'safety' (class=org.apache.hadoop.http.HttpServer2$QuotingInputFilter)
2019-09-01 05:52:51,013 [main] INFO  http.HttpServer2 (HttpServer2.java:addFilter(948)) - Added filter static_user_filter (class=org.apache.hadoop.http.lib.StaticUserWebFilter$StaticUserFilter) to context hddsDatanode
2019-09-01 05:52:51,013 [main] INFO  http.HttpServer2 (HttpServer2.java:addFilter(958)) - Added filter static_user_filter (class=org.apache.hadoop.http.lib.StaticUserWebFilter$StaticUserFilter) to context logs
2019-09-01 05:52:51,014 [main] INFO  http.HttpServer2 (HttpServer2.java:addFilter(958)) - Added filter static_user_filter (class=org.apache.hadoop.http.lib.StaticUserWebFilter$StaticUserFilter) to context static
2019-09-01 05:52:51,014 [main] INFO  http.HttpServer2 (HttpServer2.java:bindListener(1191)) - Jetty bound to port 34416
2019-09-01 05:52:51,015 [main] INFO  server.Server (Server.java:doStart(351)) - jetty-9.3.24.v20180605, build timestamp: 2018-06-05T17:11:56Z, git hash: 84205aa28f11a4f31f2a3b86d1bba2cc8ab69827
2019-09-01 05:52:51,017 [main] INFO  handler.ContextHandler (ContextHandler.java:doStart(781)) - Started o.e.j.s.ServletContextHandler@6321a5aa{/logs,file:///workdir/hadoop-ozone/integration-test/target/log,AVAILABLE}
2019-09-01 05:52:51,017 [main] INFO  handler.ContextHandler (ContextHandler.java:doStart(781)) - Started o.e.j.s.ServletContextHandler@7a36c83a{/static,jar:file:/home/user/.m2/repository/org/apache/hadoop/hadoop-hdds-container-service/0.5.0-SNAPSHOT/hadoop-hdds-container-service-0.5.0-SNAPSHOT.jar!/webapps/static,AVAILABLE}
2019-09-01 05:52:51,053 [main] INFO  handler.ContextHandler (ContextHandler.java:doStart(781)) - Started o.e.j.w.WebAppContext@2d237460{/,file:///tmp/jetty-0.0.0.0-34416-hddsDatanode-_-any-5369602499073665684.dir/webapp/,AVAILABLE}{/hddsDatanode}
2019-09-01 05:52:51,054 [main] INFO  server.AbstractConnector (AbstractConnector.java:doStart(278)) - Started ServerConnector@48f2054d{HTTP/1.1,[http/1.1]}{0.0.0.0:34416}
2019-09-01 05:52:51,057 [main] INFO  server.Server (Server.java:doStart(419)) - Started @209931ms
2019-09-01 05:52:51,057 [main] WARN  impl.MetricsSystemImpl (MetricsSystemImpl.java:register(276)) - Sink prometheus already exists!
2019-09-01 05:52:51,058 [main] INFO  server.BaseHttpServer (BaseHttpServer.java:updateConnectorAddress(215)) - HTTP server of HDDSDATANODE is listening at http://0.0.0.0:34416
2019-09-01 05:52:51,059 [main] INFO  impl.MetricsSystemImpl (MetricsSystemImpl.java:init(158)) - HddsDatanode metrics system started (again)
2019-09-01 05:52:51,064 [main] INFO  ozone.HddsDatanodeService (HddsDatanodeService.java:start(184)) - HddsDatanodeService host:trunk-nightly-20190901-gkzrd-4143273587 ip:192.168.36.91
2019-09-01 05:52:51,065 [org.apache.hadoop.util.JvmPauseMonitor$Monitor@7514254] INFO  util.JvmPauseMonitor (JvmPauseMonitor.java:run(188)) - Starting JVM pause monitor
2019-09-01 05:52:51,066 [Datanode State Machine Thread - 0] INFO  datanode.InitDatanodeState (InitDatanodeState.java:persistContainerDatanodeDetails(140)) - DatanodeDetails is persisted to /workdir/hadoop-ozone/integration-test/target/test-dir/MiniOzoneClusterImpl-fb00d516-ae13-4d3c-8a3f-926c553c4eaa/datanode-3/meta/datanode.id
2019-09-01 05:52:51,071 [main] INFO  volume.HddsVolume (HddsVolume.java:<init>(176)) - Creating Volume: /workdir/hadoop-ozone/integration-test/target/test-dir/MiniOzoneClusterImpl-fb00d516-ae13-4d3c-8a3f-926c553c4eaa/datanode-4/data/containers/hdds of  storage type : DISK and capacity : 1482555576320
2019-09-01 05:52:51,072 [main] INFO  volume.VolumeSet (VolumeSet.java:initializeVolumeSet(170)) - Added Volume : /workdir/hadoop-ozone/integration-test/target/test-dir/MiniOzoneClusterImpl-fb00d516-ae13-4d3c-8a3f-926c553c4eaa/datanode-4/data/containers/hdds to VolumeSet
2019-09-01 05:52:51,072 [main] INFO  volume.ThrottledAsyncChecker (ThrottledAsyncChecker.java:schedule(140)) - Scheduling a check for org.apache.hadoop.ozone.container.common.volume.HddsVolume@56a05324
2019-09-01 05:52:51,073 [main] INFO  volume.HddsVolumeChecker (HddsVolumeChecker.java:checkAllVolumes(203)) - Scheduled health check for volume org.apache.hadoop.ozone.container.common.volume.HddsVolume@56a05324
2019-09-01 05:52:51,090 [main] INFO  impl.RaftServerProxy (ConfUtils.java:logGet(43)) - raft.rpc.type = GRPC (default)
2019-09-01 05:52:51,090 [main] INFO  grpc.GrpcFactory (GrpcFactory.java:checkPooledByteBufAllocatorUseCacheForAllThreads(45)) - PERFORMANCE WARNING: useCacheForAllThreads is true that may cause Netty to create a lot garbage objects and, as a result, trigger GC.
	It is recommended to disable useCacheForAllThreads by setting -Dorg.apache.ratis.thirdparty.io.netty.allocator.useCacheForAllThreads=false in command line.
2019-09-01 05:52:51,091 [main] INFO  grpc.GrpcConfigKeys$Server (ConfUtils.java:logGet(43)) - raft.grpc.server.port = 0 (default)
2019-09-01 05:52:51,091 [main] INFO  server.GrpcService (ConfUtils.java:logGet(43)) - raft.grpc.message.size.max = 33570816 (custom)
2019-09-01 05:52:51,091 [main] INFO  server.RaftServerConfigKeys (ConfUtils.java:logGet(43)) - raft.server.log.appender.buffer.byte-limit = 33554432 (custom)
2019-09-01 05:52:51,092 [main] INFO  server.GrpcService (ConfUtils.java:logGet(43)) - raft.grpc.flow.control.window = 1MB (=1048576) (default)
2019-09-01 05:52:51,092 [main] INFO  server.RaftServerConfigKeys (ConfUtils.java:logGet(43)) - raft.server.rpc.request.timeout = 3000ms (default)
2019-09-01 05:52:51,092 [main] INFO  server.RaftServerConfigKeys (ConfUtils.java:logGet(43)) - raft.server.storage.dir = [/workdir/hadoop-ozone/integration-test/target/test-dir/MiniOzoneClusterImpl-fb00d516-ae13-4d3c-8a3f-926c553c4eaa/datanode-4/data/ratis] (custom)
2019-09-01 05:52:51,094 [main] INFO  hdfs.DFSUtil (DFSUtil.java:httpServerTemplateForNNAndJN(1641)) - Starting Web-server for hddsDatanode at: http://0.0.0.0:0
2019-09-01 05:52:51,095 [main] INFO  server.AuthenticationFilter (AuthenticationFilter.java:constructSecretProvider(240)) - Unable to initialize FileSignerSecretProvider, falling back to use random secrets.
2019-09-01 05:52:51,096 [main] WARN  http.HttpRequestLog (HttpRequestLog.java:getRequestLog(97)) - Jetty request log can only be enabled using Log4j
2019-09-01 05:52:51,097 [main] INFO  http.HttpServer2 (HttpServer2.java:addGlobalFilter(975)) - Added global filter 'safety' (class=org.apache.hadoop.http.HttpServer2$QuotingInputFilter)
2019-09-01 05:52:51,098 [main] INFO  http.HttpServer2 (HttpServer2.java:addFilter(948)) - Added filter static_user_filter (class=org.apache.hadoop.http.lib.StaticUserWebFilter$StaticUserFilter) to context hddsDatanode
2019-09-01 05:52:51,098 [main] INFO  http.HttpServer2 (HttpServer2.java:addFilter(958)) - Added filter static_user_filter (class=org.apache.hadoop.http.lib.StaticUserWebFilter$StaticUserFilter) to context logs
2019-09-01 05:52:51,098 [main] INFO  http.HttpServer2 (HttpServer2.java:addFilter(958)) - Added filter static_user_filter (class=org.apache.hadoop.http.lib.StaticUserWebFilter$StaticUserFilter) to context static
2019-09-01 05:52:51,099 [main] INFO  http.HttpServer2 (HttpServer2.java:bindListener(1191)) - Jetty bound to port 44040
2019-09-01 05:52:51,099 [main] INFO  server.Server (Server.java:doStart(351)) - jetty-9.3.24.v20180605, build timestamp: 2018-06-05T17:11:56Z, git hash: 84205aa28f11a4f31f2a3b86d1bba2cc8ab69827
2019-09-01 05:52:51,101 [main] INFO  handler.ContextHandler (ContextHandler.java:doStart(781)) - Started o.e.j.s.ServletContextHandler@19ad75e5{/logs,file:///workdir/hadoop-ozone/integration-test/target/log,AVAILABLE}
2019-09-01 05:52:51,102 [main] INFO  handler.ContextHandler (ContextHandler.java:doStart(781)) - Started o.e.j.s.ServletContextHandler@19cdc217{/static,jar:file:/home/user/.m2/repository/org/apache/hadoop/hadoop-hdds-container-service/0.5.0-SNAPSHOT/hadoop-hdds-container-service-0.5.0-SNAPSHOT.jar!/webapps/static,AVAILABLE}
2019-09-01 05:52:51,141 [main] INFO  handler.ContextHandler (ContextHandler.java:doStart(781)) - Started o.e.j.w.WebAppContext@53982523{/,file:///tmp/jetty-0.0.0.0-44040-hddsDatanode-_-any-8633278170224547173.dir/webapp/,AVAILABLE}{/hddsDatanode}
2019-09-01 05:52:51,141 [main] INFO  server.AbstractConnector (AbstractConnector.java:doStart(278)) - Started ServerConnector@489110c2{HTTP/1.1,[http/1.1]}{0.0.0.0:44040}
2019-09-01 05:52:51,143 [main] INFO  server.Server (Server.java:doStart(419)) - Started @210017ms
2019-09-01 05:52:51,143 [main] WARN  impl.MetricsSystemImpl (MetricsSystemImpl.java:register(276)) - Sink prometheus already exists!
2019-09-01 05:52:51,144 [main] INFO  server.BaseHttpServer (BaseHttpServer.java:updateConnectorAddress(215)) - HTTP server of HDDSDATANODE is listening at http://0.0.0.0:44040
2019-09-01 05:52:51,145 [main] INFO  impl.MetricsSystemImpl (MetricsSystemImpl.java:init(158)) - HddsDatanode metrics system started (again)
2019-09-01 05:52:51,149 [org.apache.hadoop.util.JvmPauseMonitor$Monitor@16e6f650] INFO  util.JvmPauseMonitor (JvmPauseMonitor.java:run(188)) - Starting JVM pause monitor
2019-09-01 05:52:51,149 [main] INFO  ozone.HddsDatanodeService (HddsDatanodeService.java:start(184)) - HddsDatanodeService host:trunk-nightly-20190901-gkzrd-4143273587 ip:192.168.36.91
2019-09-01 05:52:51,150 [Datanode State Machine Thread - 0] INFO  datanode.InitDatanodeState (InitDatanodeState.java:persistContainerDatanodeDetails(140)) - DatanodeDetails is persisted to /workdir/hadoop-ozone/integration-test/target/test-dir/MiniOzoneClusterImpl-fb00d516-ae13-4d3c-8a3f-926c553c4eaa/datanode-4/meta/datanode.id
2019-09-01 05:52:51,155 [main] INFO  volume.HddsVolume (HddsVolume.java:<init>(176)) - Creating Volume: /workdir/hadoop-ozone/integration-test/target/test-dir/MiniOzoneClusterImpl-fb00d516-ae13-4d3c-8a3f-926c553c4eaa/datanode-5/data/containers/hdds of  storage type : DISK and capacity : 1482555576320
2019-09-01 05:52:51,192 [main] INFO  volume.VolumeSet (VolumeSet.java:initializeVolumeSet(170)) - Added Volume : /workdir/hadoop-ozone/integration-test/target/test-dir/MiniOzoneClusterImpl-fb00d516-ae13-4d3c-8a3f-926c553c4eaa/datanode-5/data/containers/hdds to VolumeSet
2019-09-01 05:52:51,193 [main] INFO  volume.ThrottledAsyncChecker (ThrottledAsyncChecker.java:schedule(140)) - Scheduling a check for org.apache.hadoop.ozone.container.common.volume.HddsVolume@67d8faec
2019-09-01 05:52:51,197 [main] INFO  volume.HddsVolumeChecker (HddsVolumeChecker.java:checkAllVolumes(203)) - Scheduled health check for volume org.apache.hadoop.ozone.container.common.volume.HddsVolume@67d8faec
2019-09-01 05:52:51,214 [main] INFO  impl.RaftServerProxy (ConfUtils.java:logGet(43)) - raft.rpc.type = GRPC (default)
2019-09-01 05:52:51,214 [main] INFO  grpc.GrpcFactory (GrpcFactory.java:checkPooledByteBufAllocatorUseCacheForAllThreads(45)) - PERFORMANCE WARNING: useCacheForAllThreads is true that may cause Netty to create a lot garbage objects and, as a result, trigger GC.
	It is recommended to disable useCacheForAllThreads by setting -Dorg.apache.ratis.thirdparty.io.netty.allocator.useCacheForAllThreads=false in command line.
2019-09-01 05:52:51,214 [main] INFO  grpc.GrpcConfigKeys$Server (ConfUtils.java:logGet(43)) - raft.grpc.server.port = 0 (default)
2019-09-01 05:52:51,214 [main] INFO  server.GrpcService (ConfUtils.java:logGet(43)) - raft.grpc.message.size.max = 33570816 (custom)
2019-09-01 05:52:51,214 [main] INFO  server.RaftServerConfigKeys (ConfUtils.java:logGet(43)) - raft.server.log.appender.buffer.byte-limit = 33554432 (custom)
2019-09-01 05:52:51,215 [main] INFO  server.GrpcService (ConfUtils.java:logGet(43)) - raft.grpc.flow.control.window = 1MB (=1048576) (default)
2019-09-01 05:52:51,215 [main] INFO  server.RaftServerConfigKeys (ConfUtils.java:logGet(43)) - raft.server.rpc.request.timeout = 3000ms (default)
2019-09-01 05:52:51,215 [main] INFO  server.RaftServerConfigKeys (ConfUtils.java:logGet(43)) - raft.server.storage.dir = [/workdir/hadoop-ozone/integration-test/target/test-dir/MiniOzoneClusterImpl-fb00d516-ae13-4d3c-8a3f-926c553c4eaa/datanode-5/data/ratis] (custom)
2019-09-01 05:52:51,217 [main] INFO  hdfs.DFSUtil (DFSUtil.java:httpServerTemplateForNNAndJN(1641)) - Starting Web-server for hddsDatanode at: http://0.0.0.0:0
2019-09-01 05:52:51,218 [main] INFO  server.AuthenticationFilter (AuthenticationFilter.java:constructSecretProvider(240)) - Unable to initialize FileSignerSecretProvider, falling back to use random secrets.
2019-09-01 05:52:51,219 [main] WARN  http.HttpRequestLog (HttpRequestLog.java:getRequestLog(97)) - Jetty request log can only be enabled using Log4j
2019-09-01 05:52:51,221 [main] INFO  http.HttpServer2 (HttpServer2.java:addGlobalFilter(975)) - Added global filter 'safety' (class=org.apache.hadoop.http.HttpServer2$QuotingInputFilter)
2019-09-01 05:52:51,221 [main] INFO  http.HttpServer2 (HttpServer2.java:addFilter(948)) - Added filter static_user_filter (class=org.apache.hadoop.http.lib.StaticUserWebFilter$StaticUserFilter) to context hddsDatanode
2019-09-01 05:52:51,222 [main] INFO  http.HttpServer2 (HttpServer2.java:addFilter(958)) - Added filter static_user_filter (class=org.apache.hadoop.http.lib.StaticUserWebFilter$StaticUserFilter) to context logs
2019-09-01 05:52:51,222 [main] INFO  http.HttpServer2 (HttpServer2.java:addFilter(958)) - Added filter static_user_filter (class=org.apache.hadoop.http.lib.StaticUserWebFilter$StaticUserFilter) to context static
2019-09-01 05:52:51,223 [main] INFO  http.HttpServer2 (HttpServer2.java:bindListener(1191)) - Jetty bound to port 40234
2019-09-01 05:52:51,223 [main] INFO  server.Server (Server.java:doStart(351)) - jetty-9.3.24.v20180605, build timestamp: 2018-06-05T17:11:56Z, git hash: 84205aa28f11a4f31f2a3b86d1bba2cc8ab69827
2019-09-01 05:52:51,225 [main] INFO  handler.ContextHandler (ContextHandler.java:doStart(781)) - Started o.e.j.s.ServletContextHandler@2b0454d2{/logs,file:///workdir/hadoop-ozone/integration-test/target/log,AVAILABLE}
2019-09-01 05:52:51,225 [main] INFO  handler.ContextHandler (ContextHandler.java:doStart(781)) - Started o.e.j.s.ServletContextHandler@73bb573d{/static,jar:file:/home/user/.m2/repository/org/apache/hadoop/hadoop-hdds-container-service/0.5.0-SNAPSHOT/hadoop-hdds-container-service-0.5.0-SNAPSHOT.jar!/webapps/static,AVAILABLE}
2019-09-01 05:52:51,259 [main] INFO  handler.ContextHandler (ContextHandler.java:doStart(781)) - Started o.e.j.w.WebAppContext@26c7b1c6{/,file:///tmp/jetty-0.0.0.0-40234-hddsDatanode-_-any-1707513826326795551.dir/webapp/,AVAILABLE}{/hddsDatanode}
2019-09-01 05:52:51,260 [main] INFO  server.AbstractConnector (AbstractConnector.java:doStart(278)) - Started ServerConnector@19526f1d{HTTP/1.1,[http/1.1]}{0.0.0.0:40234}
2019-09-01 05:52:51,262 [main] INFO  server.Server (Server.java:doStart(419)) - Started @210136ms
2019-09-01 05:52:51,262 [main] WARN  impl.MetricsSystemImpl (MetricsSystemImpl.java:register(276)) - Sink prometheus already exists!
2019-09-01 05:52:51,263 [main] INFO  server.BaseHttpServer (BaseHttpServer.java:updateConnectorAddress(215)) - HTTP server of HDDSDATANODE is listening at http://0.0.0.0:40234
2019-09-01 05:52:51,263 [main] INFO  impl.MetricsSystemImpl (MetricsSystemImpl.java:init(158)) - HddsDatanode metrics system started (again)
2019-09-01 05:52:51,268 [org.apache.hadoop.util.JvmPauseMonitor$Monitor@5263dfd2] INFO  util.JvmPauseMonitor (JvmPauseMonitor.java:run(188)) - Starting JVM pause monitor
2019-09-01 05:52:51,269 [main] INFO  ozone.HddsDatanodeService (HddsDatanodeService.java:start(184)) - HddsDatanodeService host:trunk-nightly-20190901-gkzrd-4143273587 ip:192.168.36.91
2019-09-01 05:52:51,270 [Datanode State Machine Thread - 0] INFO  datanode.InitDatanodeState (InitDatanodeState.java:persistContainerDatanodeDetails(140)) - DatanodeDetails is persisted to /workdir/hadoop-ozone/integration-test/target/test-dir/MiniOzoneClusterImpl-fb00d516-ae13-4d3c-8a3f-926c553c4eaa/datanode-5/meta/datanode.id
2019-09-01 05:52:51,277 [main] INFO  volume.HddsVolume (HddsVolume.java:<init>(176)) - Creating Volume: /workdir/hadoop-ozone/integration-test/target/test-dir/MiniOzoneClusterImpl-fb00d516-ae13-4d3c-8a3f-926c553c4eaa/datanode-6/data/containers/hdds of  storage type : DISK and capacity : 1482555576320
2019-09-01 05:52:51,277 [main] INFO  volume.VolumeSet (VolumeSet.java:initializeVolumeSet(170)) - Added Volume : /workdir/hadoop-ozone/integration-test/target/test-dir/MiniOzoneClusterImpl-fb00d516-ae13-4d3c-8a3f-926c553c4eaa/datanode-6/data/containers/hdds to VolumeSet
2019-09-01 05:52:51,277 [main] INFO  volume.ThrottledAsyncChecker (ThrottledAsyncChecker.java:schedule(140)) - Scheduling a check for org.apache.hadoop.ozone.container.common.volume.HddsVolume@27da994b
2019-09-01 05:52:51,278 [main] INFO  volume.HddsVolumeChecker (HddsVolumeChecker.java:checkAllVolumes(203)) - Scheduled health check for volume org.apache.hadoop.ozone.container.common.volume.HddsVolume@27da994b
2019-09-01 05:52:51,294 [main] INFO  impl.RaftServerProxy (ConfUtils.java:logGet(43)) - raft.rpc.type = GRPC (default)
2019-09-01 05:52:51,295 [main] INFO  grpc.GrpcFactory (GrpcFactory.java:checkPooledByteBufAllocatorUseCacheForAllThreads(45)) - PERFORMANCE WARNING: useCacheForAllThreads is true that may cause Netty to create a lot garbage objects and, as a result, trigger GC.
	It is recommended to disable useCacheForAllThreads by setting -Dorg.apache.ratis.thirdparty.io.netty.allocator.useCacheForAllThreads=false in command line.
2019-09-01 05:52:51,295 [main] INFO  grpc.GrpcConfigKeys$Server (ConfUtils.java:logGet(43)) - raft.grpc.server.port = 0 (default)
2019-09-01 05:52:51,295 [main] INFO  server.GrpcService (ConfUtils.java:logGet(43)) - raft.grpc.message.size.max = 33570816 (custom)
2019-09-01 05:52:51,295 [main] INFO  server.RaftServerConfigKeys (ConfUtils.java:logGet(43)) - raft.server.log.appender.buffer.byte-limit = 33554432 (custom)
2019-09-01 05:52:51,296 [main] INFO  server.GrpcService (ConfUtils.java:logGet(43)) - raft.grpc.flow.control.window = 1MB (=1048576) (default)
2019-09-01 05:52:51,296 [main] INFO  server.RaftServerConfigKeys (ConfUtils.java:logGet(43)) - raft.server.rpc.request.timeout = 3000ms (default)
2019-09-01 05:52:51,296 [main] INFO  server.RaftServerConfigKeys (ConfUtils.java:logGet(43)) - raft.server.storage.dir = [/workdir/hadoop-ozone/integration-test/target/test-dir/MiniOzoneClusterImpl-fb00d516-ae13-4d3c-8a3f-926c553c4eaa/datanode-6/data/ratis] (custom)
2019-09-01 05:52:51,298 [main] INFO  hdfs.DFSUtil (DFSUtil.java:httpServerTemplateForNNAndJN(1641)) - Starting Web-server for hddsDatanode at: http://0.0.0.0:0
2019-09-01 05:52:51,299 [main] INFO  server.AuthenticationFilter (AuthenticationFilter.java:constructSecretProvider(240)) - Unable to initialize FileSignerSecretProvider, falling back to use random secrets.
2019-09-01 05:52:51,300 [main] WARN  http.HttpRequestLog (HttpRequestLog.java:getRequestLog(97)) - Jetty request log can only be enabled using Log4j
2019-09-01 05:52:51,301 [main] INFO  http.HttpServer2 (HttpServer2.java:addGlobalFilter(975)) - Added global filter 'safety' (class=org.apache.hadoop.http.HttpServer2$QuotingInputFilter)
2019-09-01 05:52:51,302 [main] INFO  http.HttpServer2 (HttpServer2.java:addFilter(948)) - Added filter static_user_filter (class=org.apache.hadoop.http.lib.StaticUserWebFilter$StaticUserFilter) to context hddsDatanode
2019-09-01 05:52:51,302 [main] INFO  http.HttpServer2 (HttpServer2.java:addFilter(958)) - Added filter static_user_filter (class=org.apache.hadoop.http.lib.StaticUserWebFilter$StaticUserFilter) to context logs
2019-09-01 05:52:51,302 [main] INFO  http.HttpServer2 (HttpServer2.java:addFilter(958)) - Added filter static_user_filter (class=org.apache.hadoop.http.lib.StaticUserWebFilter$StaticUserFilter) to context static
2019-09-01 05:52:51,303 [main] INFO  http.HttpServer2 (HttpServer2.java:bindListener(1191)) - Jetty bound to port 42406
2019-09-01 05:52:51,303 [main] INFO  server.Server (Server.java:doStart(351)) - jetty-9.3.24.v20180605, build timestamp: 2018-06-05T17:11:56Z, git hash: 84205aa28f11a4f31f2a3b86d1bba2cc8ab69827
2019-09-01 05:52:51,305 [main] INFO  handler.ContextHandler (ContextHandler.java:doStart(781)) - Started o.e.j.s.ServletContextHandler@23ee2ccf{/logs,file:///workdir/hadoop-ozone/integration-test/target/log,AVAILABLE}
2019-09-01 05:52:51,306 [main] INFO  handler.ContextHandler (ContextHandler.java:doStart(781)) - Started o.e.j.s.ServletContextHandler@6e685e6c{/static,jar:file:/home/user/.m2/repository/org/apache/hadoop/hadoop-hdds-container-service/0.5.0-SNAPSHOT/hadoop-hdds-container-service-0.5.0-SNAPSHOT.jar!/webapps/static,AVAILABLE}
2019-09-01 05:52:51,338 [main] INFO  handler.ContextHandler (ContextHandler.java:doStart(781)) - Started o.e.j.w.WebAppContext@13516600{/,file:///tmp/jetty-0.0.0.0-42406-hddsDatanode-_-any-4920632044385532548.dir/webapp/,AVAILABLE}{/hddsDatanode}
2019-09-01 05:52:51,338 [main] INFO  server.AbstractConnector (AbstractConnector.java:doStart(278)) - Started ServerConnector@35d7386b{HTTP/1.1,[http/1.1]}{0.0.0.0:42406}
2019-09-01 05:52:51,340 [main] INFO  server.Server (Server.java:doStart(419)) - Started @210213ms
2019-09-01 05:52:51,340 [main] WARN  impl.MetricsSystemImpl (MetricsSystemImpl.java:register(276)) - Sink prometheus already exists!
2019-09-01 05:52:51,340 [main] INFO  server.BaseHttpServer (BaseHttpServer.java:updateConnectorAddress(215)) - HTTP server of HDDSDATANODE is listening at http://0.0.0.0:42406
2019-09-01 05:52:51,341 [main] INFO  impl.MetricsSystemImpl (MetricsSystemImpl.java:init(158)) - HddsDatanode metrics system started (again)
2019-09-01 05:52:51,345 [org.apache.hadoop.util.JvmPauseMonitor$Monitor@1e44cec8] INFO  util.JvmPauseMonitor (JvmPauseMonitor.java:run(188)) - Starting JVM pause monitor
2019-09-01 05:52:51,345 [main] INFO  ozone.HddsDatanodeService (HddsDatanodeService.java:start(184)) - HddsDatanodeService host:trunk-nightly-20190901-gkzrd-4143273587 ip:192.168.36.91
2019-09-01 05:52:51,346 [Datanode State Machine Thread - 0] INFO  datanode.InitDatanodeState (InitDatanodeState.java:persistContainerDatanodeDetails(140)) - DatanodeDetails is persisted to /workdir/hadoop-ozone/integration-test/target/test-dir/MiniOzoneClusterImpl-fb00d516-ae13-4d3c-8a3f-926c553c4eaa/datanode-6/meta/datanode.id
2019-09-01 05:52:51,351 [main] INFO  volume.HddsVolume (HddsVolume.java:<init>(176)) - Creating Volume: /workdir/hadoop-ozone/integration-test/target/test-dir/MiniOzoneClusterImpl-fb00d516-ae13-4d3c-8a3f-926c553c4eaa/datanode-7/data/containers/hdds of  storage type : DISK and capacity : 1482555576320
2019-09-01 05:52:51,351 [main] INFO  volume.VolumeSet (VolumeSet.java:initializeVolumeSet(170)) - Added Volume : /workdir/hadoop-ozone/integration-test/target/test-dir/MiniOzoneClusterImpl-fb00d516-ae13-4d3c-8a3f-926c553c4eaa/datanode-7/data/containers/hdds to VolumeSet
2019-09-01 05:52:51,352 [main] INFO  volume.ThrottledAsyncChecker (ThrottledAsyncChecker.java:schedule(140)) - Scheduling a check for org.apache.hadoop.ozone.container.common.volume.HddsVolume@1578fa9
2019-09-01 05:52:51,352 [main] INFO  volume.HddsVolumeChecker (HddsVolumeChecker.java:checkAllVolumes(203)) - Scheduled health check for volume org.apache.hadoop.ozone.container.common.volume.HddsVolume@1578fa9
2019-09-01 05:52:51,366 [main] INFO  impl.RaftServerProxy (ConfUtils.java:logGet(43)) - raft.rpc.type = GRPC (default)
2019-09-01 05:52:51,366 [main] INFO  grpc.GrpcFactory (GrpcFactory.java:checkPooledByteBufAllocatorUseCacheForAllThreads(45)) - PERFORMANCE WARNING: useCacheForAllThreads is true that may cause Netty to create a lot garbage objects and, as a result, trigger GC.
	It is recommended to disable useCacheForAllThreads by setting -Dorg.apache.ratis.thirdparty.io.netty.allocator.useCacheForAllThreads=false in command line.
2019-09-01 05:52:51,366 [main] INFO  grpc.GrpcConfigKeys$Server (ConfUtils.java:logGet(43)) - raft.grpc.server.port = 0 (default)
2019-09-01 05:52:51,366 [main] INFO  server.GrpcService (ConfUtils.java:logGet(43)) - raft.grpc.message.size.max = 33570816 (custom)
2019-09-01 05:52:51,366 [main] INFO  server.RaftServerConfigKeys (ConfUtils.java:logGet(43)) - raft.server.log.appender.buffer.byte-limit = 33554432 (custom)
2019-09-01 05:52:51,367 [main] INFO  server.GrpcService (ConfUtils.java:logGet(43)) - raft.grpc.flow.control.window = 1MB (=1048576) (default)
2019-09-01 05:52:51,367 [main] INFO  server.RaftServerConfigKeys (ConfUtils.java:logGet(43)) - raft.server.rpc.request.timeout = 3000ms (default)
2019-09-01 05:52:51,367 [main] INFO  server.RaftServerConfigKeys (ConfUtils.java:logGet(43)) - raft.server.storage.dir = [/workdir/hadoop-ozone/integration-test/target/test-dir/MiniOzoneClusterImpl-fb00d516-ae13-4d3c-8a3f-926c553c4eaa/datanode-7/data/ratis] (custom)
2019-09-01 05:52:51,368 [main] INFO  hdfs.DFSUtil (DFSUtil.java:httpServerTemplateForNNAndJN(1641)) - Starting Web-server for hddsDatanode at: http://0.0.0.0:0
2019-09-01 05:52:51,369 [main] INFO  server.AuthenticationFilter (AuthenticationFilter.java:constructSecretProvider(240)) - Unable to initialize FileSignerSecretProvider, falling back to use random secrets.
2019-09-01 05:52:51,370 [main] WARN  http.HttpRequestLog (HttpRequestLog.java:getRequestLog(97)) - Jetty request log can only be enabled using Log4j
2019-09-01 05:52:51,371 [main] INFO  http.HttpServer2 (HttpServer2.java:addGlobalFilter(975)) - Added global filter 'safety' (class=org.apache.hadoop.http.HttpServer2$QuotingInputFilter)
2019-09-01 05:52:51,371 [main] INFO  http.HttpServer2 (HttpServer2.java:addFilter(948)) - Added filter static_user_filter (class=org.apache.hadoop.http.lib.StaticUserWebFilter$StaticUserFilter) to context hddsDatanode
2019-09-01 05:52:51,372 [main] INFO  http.HttpServer2 (HttpServer2.java:addFilter(958)) - Added filter static_user_filter (class=org.apache.hadoop.http.lib.StaticUserWebFilter$StaticUserFilter) to context logs
2019-09-01 05:52:51,372 [main] INFO  http.HttpServer2 (HttpServer2.java:addFilter(958)) - Added filter static_user_filter (class=org.apache.hadoop.http.lib.StaticUserWebFilter$StaticUserFilter) to context static
2019-09-01 05:52:51,372 [main] INFO  http.HttpServer2 (HttpServer2.java:bindListener(1191)) - Jetty bound to port 43656
2019-09-01 05:52:51,372 [main] INFO  server.Server (Server.java:doStart(351)) - jetty-9.3.24.v20180605, build timestamp: 2018-06-05T17:11:56Z, git hash: 84205aa28f11a4f31f2a3b86d1bba2cc8ab69827
2019-09-01 05:52:51,374 [main] INFO  handler.ContextHandler (ContextHandler.java:doStart(781)) - Started o.e.j.s.ServletContextHandler@7c9beb51{/logs,file:///workdir/hadoop-ozone/integration-test/target/log,AVAILABLE}
2019-09-01 05:52:51,375 [main] INFO  handler.ContextHandler (ContextHandler.java:doStart(781)) - Started o.e.j.s.ServletContextHandler@2aa5bd48{/static,jar:file:/home/user/.m2/repository/org/apache/hadoop/hadoop-hdds-container-service/0.5.0-SNAPSHOT/hadoop-hdds-container-service-0.5.0-SNAPSHOT.jar!/webapps/static,AVAILABLE}
2019-09-01 05:52:51,401 [main] INFO  handler.ContextHandler (ContextHandler.java:doStart(781)) - Started o.e.j.w.WebAppContext@130a6eb9{/,file:///tmp/jetty-0.0.0.0-43656-hddsDatanode-_-any-3703199393464102252.dir/webapp/,AVAILABLE}{/hddsDatanode}
2019-09-01 05:52:51,401 [main] INFO  server.AbstractConnector (AbstractConnector.java:doStart(278)) - Started ServerConnector@722531ab{HTTP/1.1,[http/1.1]}{0.0.0.0:43656}
2019-09-01 05:52:51,402 [main] INFO  server.Server (Server.java:doStart(419)) - Started @210276ms
2019-09-01 05:52:51,402 [main] WARN  impl.MetricsSystemImpl (MetricsSystemImpl.java:register(276)) - Sink prometheus already exists!
2019-09-01 05:52:51,403 [main] INFO  server.BaseHttpServer (BaseHttpServer.java:updateConnectorAddress(215)) - HTTP server of HDDSDATANODE is listening at http://0.0.0.0:43656
2019-09-01 05:52:51,403 [main] INFO  impl.MetricsSystemImpl (MetricsSystemImpl.java:init(158)) - HddsDatanode metrics system started (again)
2019-09-01 05:52:51,407 [org.apache.hadoop.util.JvmPauseMonitor$Monitor@4646c8b1] INFO  util.JvmPauseMonitor (JvmPauseMonitor.java:run(188)) - Starting JVM pause monitor
2019-09-01 05:52:51,408 [main] INFO  ozone.HddsDatanodeService (HddsDatanodeService.java:start(184)) - HddsDatanodeService host:trunk-nightly-20190901-gkzrd-4143273587 ip:192.168.36.91
2019-09-01 05:52:51,409 [Datanode State Machine Thread - 0] INFO  datanode.InitDatanodeState (InitDatanodeState.java:persistContainerDatanodeDetails(140)) - DatanodeDetails is persisted to /workdir/hadoop-ozone/integration-test/target/test-dir/MiniOzoneClusterImpl-fb00d516-ae13-4d3c-8a3f-926c553c4eaa/datanode-7/meta/datanode.id
2019-09-01 05:52:51,413 [main] INFO  volume.HddsVolume (HddsVolume.java:<init>(176)) - Creating Volume: /workdir/hadoop-ozone/integration-test/target/test-dir/MiniOzoneClusterImpl-fb00d516-ae13-4d3c-8a3f-926c553c4eaa/datanode-8/data/containers/hdds of  storage type : DISK and capacity : 1482555576320
2019-09-01 05:52:51,413 [main] INFO  volume.VolumeSet (VolumeSet.java:initializeVolumeSet(170)) - Added Volume : /workdir/hadoop-ozone/integration-test/target/test-dir/MiniOzoneClusterImpl-fb00d516-ae13-4d3c-8a3f-926c553c4eaa/datanode-8/data/containers/hdds to VolumeSet
2019-09-01 05:52:51,414 [main] INFO  volume.ThrottledAsyncChecker (ThrottledAsyncChecker.java:schedule(140)) - Scheduling a check for org.apache.hadoop.ozone.container.common.volume.HddsVolume@65f3e805
2019-09-01 05:52:51,414 [main] INFO  volume.HddsVolumeChecker (HddsVolumeChecker.java:checkAllVolumes(203)) - Scheduled health check for volume org.apache.hadoop.ozone.container.common.volume.HddsVolume@65f3e805
2019-09-01 05:52:51,426 [main] INFO  impl.RaftServerProxy (ConfUtils.java:logGet(43)) - raft.rpc.type = GRPC (default)
2019-09-01 05:52:51,427 [main] INFO  grpc.GrpcFactory (GrpcFactory.java:checkPooledByteBufAllocatorUseCacheForAllThreads(45)) - PERFORMANCE WARNING: useCacheForAllThreads is true that may cause Netty to create a lot garbage objects and, as a result, trigger GC.
	It is recommended to disable useCacheForAllThreads by setting -Dorg.apache.ratis.thirdparty.io.netty.allocator.useCacheForAllThreads=false in command line.
2019-09-01 05:52:51,427 [main] INFO  grpc.GrpcConfigKeys$Server (ConfUtils.java:logGet(43)) - raft.grpc.server.port = 0 (default)
2019-09-01 05:52:51,427 [main] INFO  server.GrpcService (ConfUtils.java:logGet(43)) - raft.grpc.message.size.max = 33570816 (custom)
2019-09-01 05:52:51,427 [main] INFO  server.RaftServerConfigKeys (ConfUtils.java:logGet(43)) - raft.server.log.appender.buffer.byte-limit = 33554432 (custom)
2019-09-01 05:52:51,427 [main] INFO  server.GrpcService (ConfUtils.java:logGet(43)) - raft.grpc.flow.control.window = 1MB (=1048576) (default)
2019-09-01 05:52:51,428 [main] INFO  server.RaftServerConfigKeys (ConfUtils.java:logGet(43)) - raft.server.rpc.request.timeout = 3000ms (default)
2019-09-01 05:52:51,428 [main] INFO  server.RaftServerConfigKeys (ConfUtils.java:logGet(43)) - raft.server.storage.dir = [/workdir/hadoop-ozone/integration-test/target/test-dir/MiniOzoneClusterImpl-fb00d516-ae13-4d3c-8a3f-926c553c4eaa/datanode-8/data/ratis] (custom)
2019-09-01 05:52:51,429 [main] INFO  hdfs.DFSUtil (DFSUtil.java:httpServerTemplateForNNAndJN(1641)) - Starting Web-server for hddsDatanode at: http://0.0.0.0:0
2019-09-01 05:52:51,430 [main] INFO  server.AuthenticationFilter (AuthenticationFilter.java:constructSecretProvider(240)) - Unable to initialize FileSignerSecretProvider, falling back to use random secrets.
2019-09-01 05:52:51,430 [main] WARN  http.HttpRequestLog (HttpRequestLog.java:getRequestLog(97)) - Jetty request log can only be enabled using Log4j
2019-09-01 05:52:51,432 [main] INFO  http.HttpServer2 (HttpServer2.java:addGlobalFilter(975)) - Added global filter 'safety' (class=org.apache.hadoop.http.HttpServer2$QuotingInputFilter)
2019-09-01 05:52:51,432 [main] INFO  http.HttpServer2 (HttpServer2.java:addFilter(948)) - Added filter static_user_filter (class=org.apache.hadoop.http.lib.StaticUserWebFilter$StaticUserFilter) to context hddsDatanode
2019-09-01 05:52:51,432 [main] INFO  http.HttpServer2 (HttpServer2.java:addFilter(958)) - Added filter static_user_filter (class=org.apache.hadoop.http.lib.StaticUserWebFilter$StaticUserFilter) to context static
2019-09-01 05:52:51,432 [main] INFO  http.HttpServer2 (HttpServer2.java:addFilter(958)) - Added filter static_user_filter (class=org.apache.hadoop.http.lib.StaticUserWebFilter$StaticUserFilter) to context logs
2019-09-01 05:52:51,433 [main] INFO  http.HttpServer2 (HttpServer2.java:bindListener(1191)) - Jetty bound to port 42954
2019-09-01 05:52:51,433 [main] INFO  server.Server (Server.java:doStart(351)) - jetty-9.3.24.v20180605, build timestamp: 2018-06-05T17:11:56Z, git hash: 84205aa28f11a4f31f2a3b86d1bba2cc8ab69827
2019-09-01 05:52:51,435 [main] INFO  handler.ContextHandler (ContextHandler.java:doStart(781)) - Started o.e.j.s.ServletContextHandler@2450256f{/logs,file:///workdir/hadoop-ozone/integration-test/target/log,AVAILABLE}
2019-09-01 05:52:51,435 [main] INFO  handler.ContextHandler (ContextHandler.java:doStart(781)) - Started o.e.j.s.ServletContextHandler@2b7facc7{/static,jar:file:/home/user/.m2/repository/org/apache/hadoop/hadoop-hdds-container-service/0.5.0-SNAPSHOT/hadoop-hdds-container-service-0.5.0-SNAPSHOT.jar!/webapps/static,AVAILABLE}
2019-09-01 05:52:51,461 [main] INFO  handler.ContextHandler (ContextHandler.java:doStart(781)) - Started o.e.j.w.WebAppContext@53feeac9{/,file:///tmp/jetty-0.0.0.0-42954-hddsDatanode-_-any-1107760115549659886.dir/webapp/,AVAILABLE}{/hddsDatanode}
2019-09-01 05:52:51,462 [main] INFO  server.AbstractConnector (AbstractConnector.java:doStart(278)) - Started ServerConnector@70091872{HTTP/1.1,[http/1.1]}{0.0.0.0:42954}
2019-09-01 05:52:51,463 [main] INFO  server.Server (Server.java:doStart(419)) - Started @210337ms
2019-09-01 05:52:51,463 [main] WARN  impl.MetricsSystemImpl (MetricsSystemImpl.java:register(276)) - Sink prometheus already exists!
2019-09-01 05:52:51,463 [main] INFO  server.BaseHttpServer (BaseHttpServer.java:updateConnectorAddress(215)) - HTTP server of HDDSDATANODE is listening at http://0.0.0.0:42954
2019-09-01 05:52:51,464 [main] INFO  impl.MetricsSystemImpl (MetricsSystemImpl.java:init(158)) - HddsDatanode metrics system started (again)
2019-09-01 05:52:51,468 [org.apache.hadoop.util.JvmPauseMonitor$Monitor@613d0191] INFO  util.JvmPauseMonitor (JvmPauseMonitor.java:run(188)) - Starting JVM pause monitor
2019-09-01 05:52:51,469 [main] INFO  ozone.HddsDatanodeService (HddsDatanodeService.java:start(184)) - HddsDatanodeService host:trunk-nightly-20190901-gkzrd-4143273587 ip:192.168.36.91
2019-09-01 05:52:51,469 [Datanode State Machine Thread - 0] INFO  datanode.InitDatanodeState (InitDatanodeState.java:persistContainerDatanodeDetails(140)) - DatanodeDetails is persisted to /workdir/hadoop-ozone/integration-test/target/test-dir/MiniOzoneClusterImpl-fb00d516-ae13-4d3c-8a3f-926c553c4eaa/datanode-8/meta/datanode.id
2019-09-01 05:52:51,474 [main] INFO  volume.HddsVolume (HddsVolume.java:<init>(176)) - Creating Volume: /workdir/hadoop-ozone/integration-test/target/test-dir/MiniOzoneClusterImpl-fb00d516-ae13-4d3c-8a3f-926c553c4eaa/datanode-9/data/containers/hdds of  storage type : DISK and capacity : 1482555576320
2019-09-01 05:52:51,474 [main] INFO  volume.VolumeSet (VolumeSet.java:initializeVolumeSet(170)) - Added Volume : /workdir/hadoop-ozone/integration-test/target/test-dir/MiniOzoneClusterImpl-fb00d516-ae13-4d3c-8a3f-926c553c4eaa/datanode-9/data/containers/hdds to VolumeSet
2019-09-01 05:52:51,474 [main] INFO  volume.ThrottledAsyncChecker (ThrottledAsyncChecker.java:schedule(140)) - Scheduling a check for org.apache.hadoop.ozone.container.common.volume.HddsVolume@45e140ae
2019-09-01 05:52:51,475 [main] INFO  volume.HddsVolumeChecker (HddsVolumeChecker.java:checkAllVolumes(203)) - Scheduled health check for volume org.apache.hadoop.ozone.container.common.volume.HddsVolume@45e140ae
2019-09-01 05:52:51,487 [main] INFO  impl.RaftServerProxy (ConfUtils.java:logGet(43)) - raft.rpc.type = GRPC (default)
2019-09-01 05:52:51,487 [main] INFO  grpc.GrpcFactory (GrpcFactory.java:checkPooledByteBufAllocatorUseCacheForAllThreads(45)) - PERFORMANCE WARNING: useCacheForAllThreads is true that may cause Netty to create a lot garbage objects and, as a result, trigger GC.
	It is recommended to disable useCacheForAllThreads by setting -Dorg.apache.ratis.thirdparty.io.netty.allocator.useCacheForAllThreads=false in command line.
2019-09-01 05:52:51,487 [main] INFO  grpc.GrpcConfigKeys$Server (ConfUtils.java:logGet(43)) - raft.grpc.server.port = 0 (default)
2019-09-01 05:52:51,487 [main] INFO  server.GrpcService (ConfUtils.java:logGet(43)) - raft.grpc.message.size.max = 33570816 (custom)
2019-09-01 05:52:51,487 [main] INFO  server.RaftServerConfigKeys (ConfUtils.java:logGet(43)) - raft.server.log.appender.buffer.byte-limit = 33554432 (custom)
2019-09-01 05:52:51,488 [main] INFO  server.GrpcService (ConfUtils.java:logGet(43)) - raft.grpc.flow.control.window = 1MB (=1048576) (default)
2019-09-01 05:52:51,488 [main] INFO  server.RaftServerConfigKeys (ConfUtils.java:logGet(43)) - raft.server.rpc.request.timeout = 3000ms (default)
2019-09-01 05:52:51,489 [main] INFO  server.RaftServerConfigKeys (ConfUtils.java:logGet(43)) - raft.server.storage.dir = [/workdir/hadoop-ozone/integration-test/target/test-dir/MiniOzoneClusterImpl-fb00d516-ae13-4d3c-8a3f-926c553c4eaa/datanode-9/data/ratis] (custom)
2019-09-01 05:52:51,490 [main] INFO  hdfs.DFSUtil (DFSUtil.java:httpServerTemplateForNNAndJN(1641)) - Starting Web-server for hddsDatanode at: http://0.0.0.0:0
2019-09-01 05:52:51,491 [main] INFO  server.AuthenticationFilter (AuthenticationFilter.java:constructSecretProvider(240)) - Unable to initialize FileSignerSecretProvider, falling back to use random secrets.
2019-09-01 05:52:51,492 [main] WARN  http.HttpRequestLog (HttpRequestLog.java:getRequestLog(97)) - Jetty request log can only be enabled using Log4j
2019-09-01 05:52:51,493 [main] INFO  http.HttpServer2 (HttpServer2.java:addGlobalFilter(975)) - Added global filter 'safety' (class=org.apache.hadoop.http.HttpServer2$QuotingInputFilter)
2019-09-01 05:52:51,494 [main] INFO  http.HttpServer2 (HttpServer2.java:addFilter(948)) - Added filter static_user_filter (class=org.apache.hadoop.http.lib.StaticUserWebFilter$StaticUserFilter) to context hddsDatanode
2019-09-01 05:52:51,494 [main] INFO  http.HttpServer2 (HttpServer2.java:addFilter(958)) - Added filter static_user_filter (class=org.apache.hadoop.http.lib.StaticUserWebFilter$StaticUserFilter) to context logs
2019-09-01 05:52:51,494 [main] INFO  http.HttpServer2 (HttpServer2.java:addFilter(958)) - Added filter static_user_filter (class=org.apache.hadoop.http.lib.StaticUserWebFilter$StaticUserFilter) to context static
2019-09-01 05:52:51,495 [main] INFO  http.HttpServer2 (HttpServer2.java:bindListener(1191)) - Jetty bound to port 33709
2019-09-01 05:52:51,495 [main] INFO  server.Server (Server.java:doStart(351)) - jetty-9.3.24.v20180605, build timestamp: 2018-06-05T17:11:56Z, git hash: 84205aa28f11a4f31f2a3b86d1bba2cc8ab69827
2019-09-01 05:52:51,496 [main] INFO  handler.ContextHandler (ContextHandler.java:doStart(781)) - Started o.e.j.s.ServletContextHandler@28daf506{/logs,file:///workdir/hadoop-ozone/integration-test/target/log,AVAILABLE}
2019-09-01 05:52:51,497 [main] INFO  handler.ContextHandler (ContextHandler.java:doStart(781)) - Started o.e.j.s.ServletContextHandler@693f2213{/static,jar:file:/home/user/.m2/repository/org/apache/hadoop/hadoop-hdds-container-service/0.5.0-SNAPSHOT/hadoop-hdds-container-service-0.5.0-SNAPSHOT.jar!/webapps/static,AVAILABLE}
2019-09-01 05:52:51,525 [main] INFO  handler.ContextHandler (ContextHandler.java:doStart(781)) - Started o.e.j.w.WebAppContext@70b33256{/,file:///tmp/jetty-0.0.0.0-33709-hddsDatanode-_-any-1539274901099144971.dir/webapp/,AVAILABLE}{/hddsDatanode}
2019-09-01 05:52:51,525 [main] INFO  server.AbstractConnector (AbstractConnector.java:doStart(278)) - Started ServerConnector@33d230ce{HTTP/1.1,[http/1.1]}{0.0.0.0:33709}
2019-09-01 05:52:51,528 [main] INFO  server.Server (Server.java:doStart(419)) - Started @210399ms
2019-09-01 05:52:51,529 [main] WARN  impl.MetricsSystemImpl (MetricsSystemImpl.java:register(276)) - Sink prometheus already exists!
2019-09-01 05:52:51,529 [main] INFO  server.BaseHttpServer (BaseHttpServer.java:updateConnectorAddress(215)) - HTTP server of HDDSDATANODE is listening at http://0.0.0.0:33709
2019-09-01 05:52:51,529 [main] INFO  ozone.MiniOzoneClusterImpl (MiniOzoneClusterImpl.java:lambda$waitForClusterToBeReady$0(140)) - Waiting for cluster to be ready. Got 0 of 10 DN Heartbeats.
2019-09-01 05:52:51,531 [org.apache.hadoop.util.JvmPauseMonitor$Monitor@4b373c91] INFO  util.JvmPauseMonitor (JvmPauseMonitor.java:run(188)) - Starting JVM pause monitor
2019-09-01 05:52:51,531 [Datanode State Machine Thread - 0] INFO  datanode.InitDatanodeState (InitDatanodeState.java:persistContainerDatanodeDetails(140)) - DatanodeDetails is persisted to /workdir/hadoop-ozone/integration-test/target/test-dir/MiniOzoneClusterImpl-fb00d516-ae13-4d3c-8a3f-926c553c4eaa/datanode-9/meta/datanode.id
2019-09-01 05:52:52,530 [main] INFO  ozone.MiniOzoneClusterImpl (MiniOzoneClusterImpl.java:lambda$waitForClusterToBeReady$0(140)) - Waiting for cluster to be ready. Got 0 of 10 DN Heartbeats.
2019-09-01 05:52:52,999 [Datanode State Machine Thread - 0] INFO  ozoneimpl.OzoneContainer (OzoneContainer.java:start(201)) - Attempting to start container services.
2019-09-01 05:52:52,999 [Datanode State Machine Thread - 0] INFO  ozoneimpl.OzoneContainer (OzoneContainer.java:startContainerScrub(175)) - Background container scrubber has been disabled by hdds.containerscrub.enabled
2019-09-01 05:52:53,000 [Datanode State Machine Thread - 0] INFO  ratis.XceiverServerRatis (XceiverServerRatis.java:start(393)) - Starting XceiverServerRatis 196a83ac-f404-447a-85c9-b484bfff17ef at port 0
2019-09-01 05:52:53,008 [Datanode State Machine Thread - 0] INFO  ozoneimpl.OzoneContainer (OzoneContainer.java:start(201)) - Attempting to start container services.
2019-09-01 05:52:53,008 [Datanode State Machine Thread - 0] INFO  ozoneimpl.OzoneContainer (OzoneContainer.java:start(201)) - Attempting to start container services.
2019-09-01 05:52:53,009 [Datanode State Machine Thread - 0] INFO  ozoneimpl.OzoneContainer (OzoneContainer.java:startContainerScrub(175)) - Background container scrubber has been disabled by hdds.containerscrub.enabled
2019-09-01 05:52:53,009 [Datanode State Machine Thread - 0] INFO  impl.RaftServerProxy (RaftServerProxy.java:lambda$start$3(299)) - 196a83ac-f404-447a-85c9-b484bfff17ef: start RPC server
2019-09-01 05:52:53,009 [Datanode State Machine Thread - 0] INFO  ratis.XceiverServerRatis (XceiverServerRatis.java:start(393)) - Starting XceiverServerRatis 99b5111b-d356-42b4-8380-346acbcabf6e at port 0
2019-09-01 05:52:53,009 [Datanode State Machine Thread - 0] INFO  ozoneimpl.OzoneContainer (OzoneContainer.java:startContainerScrub(175)) - Background container scrubber has been disabled by hdds.containerscrub.enabled
2019-09-01 05:52:53,010 [Datanode State Machine Thread - 0] INFO  ratis.XceiverServerRatis (XceiverServerRatis.java:start(393)) - Starting XceiverServerRatis 9adf8f3f-00f4-442f-a7e9-ac686daae57d at port 0
2019-09-01 05:52:53,014 [Datanode State Machine Thread - 0] INFO  server.GrpcService (GrpcService.java:startImpl(149)) - 196a83ac-f404-447a-85c9-b484bfff17ef: GrpcService started, listening on 0.0.0.0/0.0.0.0:35328
2019-09-01 05:52:53,014 [Datanode State Machine Thread - 0] INFO  ratis.XceiverServerRatis (XceiverServerRatis.java:start(403)) - XceiverServerRatis 196a83ac-f404-447a-85c9-b484bfff17ef is started using port 35328
2019-09-01 05:52:53,015 [Datanode State Machine Thread - 0] INFO  server.XceiverServerGrpc (XceiverServerGrpc.java:start(163)) - XceiverServerGrpc 196a83ac-f404-447a-85c9-b484bfff17ef is started using port 43357
2019-09-01 05:52:53,030 [Datanode State Machine Thread - 0] INFO  impl.RaftServerProxy (RaftServerProxy.java:lambda$start$3(299)) - 9adf8f3f-00f4-442f-a7e9-ac686daae57d: start RPC server
2019-09-01 05:52:53,033 [Datanode State Machine Thread - 0] INFO  impl.RaftServerProxy (RaftServerProxy.java:lambda$start$3(299)) - 99b5111b-d356-42b4-8380-346acbcabf6e: start RPC server
2019-09-01 05:52:53,033 [Datanode State Machine Thread - 0] INFO  server.GrpcService (GrpcService.java:startImpl(149)) - 9adf8f3f-00f4-442f-a7e9-ac686daae57d: GrpcService started, listening on 0.0.0.0/0.0.0.0:44931
2019-09-01 05:52:53,033 [Datanode State Machine Thread - 0] INFO  ratis.XceiverServerRatis (XceiverServerRatis.java:start(403)) - XceiverServerRatis 9adf8f3f-00f4-442f-a7e9-ac686daae57d is started using port 44931
2019-09-01 05:52:53,035 [Datanode State Machine Thread - 0] INFO  server.GrpcService (GrpcService.java:startImpl(149)) - 99b5111b-d356-42b4-8380-346acbcabf6e: GrpcService started, listening on 0.0.0.0/0.0.0.0:35209
2019-09-01 05:52:53,035 [Datanode State Machine Thread - 0] INFO  server.XceiverServerGrpc (XceiverServerGrpc.java:start(163)) - XceiverServerGrpc 9adf8f3f-00f4-442f-a7e9-ac686daae57d is started using port 36111
2019-09-01 05:52:53,035 [Datanode State Machine Thread - 0] INFO  ratis.XceiverServerRatis (XceiverServerRatis.java:start(403)) - XceiverServerRatis 99b5111b-d356-42b4-8380-346acbcabf6e is started using port 35209
2019-09-01 05:52:53,036 [Datanode State Machine Thread - 0] INFO  server.XceiverServerGrpc (XceiverServerGrpc.java:start(163)) - XceiverServerGrpc 99b5111b-d356-42b4-8380-346acbcabf6e is started using port 43441
2019-09-01 05:52:53,205 [Datanode State Machine Thread - 0] INFO  ozoneimpl.OzoneContainer (OzoneContainer.java:start(201)) - Attempting to start container services.
2019-09-01 05:52:53,205 [Datanode State Machine Thread - 0] INFO  ozoneimpl.OzoneContainer (OzoneContainer.java:start(201)) - Attempting to start container services.
2019-09-01 05:52:53,206 [Datanode State Machine Thread - 0] INFO  ozoneimpl.OzoneContainer (OzoneContainer.java:startContainerScrub(175)) - Background container scrubber has been disabled by hdds.containerscrub.enabled
2019-09-01 05:52:53,206 [Datanode State Machine Thread - 0] INFO  ozoneimpl.OzoneContainer (OzoneContainer.java:startContainerScrub(175)) - Background container scrubber has been disabled by hdds.containerscrub.enabled
2019-09-01 05:52:53,206 [Datanode State Machine Thread - 0] INFO  ratis.XceiverServerRatis (XceiverServerRatis.java:start(393)) - Starting XceiverServerRatis f61a82c2-42b9-49e6-922b-54bde2900752 at port 0
2019-09-01 05:52:53,206 [Datanode State Machine Thread - 0] INFO  ratis.XceiverServerRatis (XceiverServerRatis.java:start(393)) - Starting XceiverServerRatis 2e72a9ea-f178-40e5-bf42-2c889e32e769 at port 0
2019-09-01 05:52:53,219 [Datanode State Machine Thread - 0] INFO  impl.RaftServerProxy (RaftServerProxy.java:lambda$start$3(299)) - f61a82c2-42b9-49e6-922b-54bde2900752: start RPC server
2019-09-01 05:52:53,219 [Datanode State Machine Thread - 0] INFO  impl.RaftServerProxy (RaftServerProxy.java:lambda$start$3(299)) - 2e72a9ea-f178-40e5-bf42-2c889e32e769: start RPC server
2019-09-01 05:52:53,220 [Datanode State Machine Thread - 0] INFO  server.GrpcService (GrpcService.java:startImpl(149)) - f61a82c2-42b9-49e6-922b-54bde2900752: GrpcService started, listening on 0.0.0.0/0.0.0.0:40137
2019-09-01 05:52:53,220 [Datanode State Machine Thread - 0] INFO  server.GrpcService (GrpcService.java:startImpl(149)) - 2e72a9ea-f178-40e5-bf42-2c889e32e769: GrpcService started, listening on 0.0.0.0/0.0.0.0:37184
2019-09-01 05:52:53,220 [Datanode State Machine Thread - 0] INFO  ratis.XceiverServerRatis (XceiverServerRatis.java:start(403)) - XceiverServerRatis f61a82c2-42b9-49e6-922b-54bde2900752 is started using port 40137
2019-09-01 05:52:53,220 [Datanode State Machine Thread - 0] INFO  ratis.XceiverServerRatis (XceiverServerRatis.java:start(403)) - XceiverServerRatis 2e72a9ea-f178-40e5-bf42-2c889e32e769 is started using port 37184
2019-09-01 05:52:53,221 [Datanode State Machine Thread - 0] INFO  server.XceiverServerGrpc (XceiverServerGrpc.java:start(163)) - XceiverServerGrpc f61a82c2-42b9-49e6-922b-54bde2900752 is started using port 33611
2019-09-01 05:52:53,234 [Datanode State Machine Thread - 0] INFO  server.XceiverServerGrpc (XceiverServerGrpc.java:start(163)) - XceiverServerGrpc 2e72a9ea-f178-40e5-bf42-2c889e32e769 is started using port 34072
2019-09-01 05:52:53,456 [Datanode State Machine Thread - 0] INFO  ozoneimpl.OzoneContainer (OzoneContainer.java:start(201)) - Attempting to start container services.
2019-09-01 05:52:53,457 [Datanode State Machine Thread - 0] INFO  ozoneimpl.OzoneContainer (OzoneContainer.java:startContainerScrub(175)) - Background container scrubber has been disabled by hdds.containerscrub.enabled
2019-09-01 05:52:53,457 [Datanode State Machine Thread - 0] INFO  ratis.XceiverServerRatis (XceiverServerRatis.java:start(393)) - Starting XceiverServerRatis ad88f3b0-98a4-4e16-8300-c870fa2dd819 at port 0
2019-09-01 05:52:53,468 [Datanode State Machine Thread - 0] INFO  impl.RaftServerProxy (RaftServerProxy.java:lambda$start$3(299)) - ad88f3b0-98a4-4e16-8300-c870fa2dd819: start RPC server
2019-09-01 05:52:53,471 [Datanode State Machine Thread - 0] INFO  server.GrpcService (GrpcService.java:startImpl(149)) - ad88f3b0-98a4-4e16-8300-c870fa2dd819: GrpcService started, listening on 0.0.0.0/0.0.0.0:34127
2019-09-01 05:52:53,472 [Datanode State Machine Thread - 0] INFO  ratis.XceiverServerRatis (XceiverServerRatis.java:start(403)) - XceiverServerRatis ad88f3b0-98a4-4e16-8300-c870fa2dd819 is started using port 34127
2019-09-01 05:52:53,473 [Datanode State Machine Thread - 0] INFO  server.XceiverServerGrpc (XceiverServerGrpc.java:start(163)) - XceiverServerGrpc ad88f3b0-98a4-4e16-8300-c870fa2dd819 is started using port 36280
2019-09-01 05:52:53,502 [Datanode State Machine Thread - 0] INFO  ozoneimpl.OzoneContainer (OzoneContainer.java:start(201)) - Attempting to start container services.
2019-09-01 05:52:53,502 [Datanode State Machine Thread - 0] INFO  ozoneimpl.OzoneContainer (OzoneContainer.java:start(201)) - Attempting to start container services.
2019-09-01 05:52:53,502 [Datanode State Machine Thread - 0] INFO  ozoneimpl.OzoneContainer (OzoneContainer.java:startContainerScrub(175)) - Background container scrubber has been disabled by hdds.containerscrub.enabled
2019-09-01 05:52:53,503 [Datanode State Machine Thread - 0] INFO  ratis.XceiverServerRatis (XceiverServerRatis.java:start(393)) - Starting XceiverServerRatis 58ac0b1f-3b21-42d3-b916-9551d6eb3ea3 at port 0
2019-09-01 05:52:53,502 [Datanode State Machine Thread - 0] INFO  ozoneimpl.OzoneContainer (OzoneContainer.java:start(201)) - Attempting to start container services.
2019-09-01 05:52:53,502 [Datanode State Machine Thread - 0] INFO  ozoneimpl.OzoneContainer (OzoneContainer.java:startContainerScrub(175)) - Background container scrubber has been disabled by hdds.containerscrub.enabled
2019-09-01 05:52:53,503 [Datanode State Machine Thread - 0] INFO  ozoneimpl.OzoneContainer (OzoneContainer.java:startContainerScrub(175)) - Background container scrubber has been disabled by hdds.containerscrub.enabled
2019-09-01 05:52:53,503 [Datanode State Machine Thread - 0] INFO  ratis.XceiverServerRatis (XceiverServerRatis.java:start(393)) - Starting XceiverServerRatis e504cd85-a1db-4587-8509-c7399dc7cafe at port 0
2019-09-01 05:52:53,503 [Datanode State Machine Thread - 0] INFO  ratis.XceiverServerRatis (XceiverServerRatis.java:start(393)) - Starting XceiverServerRatis 2add93e0-2462-45f9-8504-d95fbdd1cf50 at port 0
2019-09-01 05:52:53,525 [Datanode State Machine Thread - 0] INFO  impl.RaftServerProxy (RaftServerProxy.java:lambda$start$3(299)) - 2add93e0-2462-45f9-8504-d95fbdd1cf50: start RPC server
2019-09-01 05:52:53,526 [Datanode State Machine Thread - 0] INFO  server.GrpcService (GrpcService.java:startImpl(149)) - 2add93e0-2462-45f9-8504-d95fbdd1cf50: GrpcService started, listening on 0.0.0.0/0.0.0.0:37068
2019-09-01 05:52:53,527 [Datanode State Machine Thread - 0] INFO  ratis.XceiverServerRatis (XceiverServerRatis.java:start(403)) - XceiverServerRatis 2add93e0-2462-45f9-8504-d95fbdd1cf50 is started using port 37068
2019-09-01 05:52:53,530 [Datanode State Machine Thread - 0] INFO  server.XceiverServerGrpc (XceiverServerGrpc.java:start(163)) - XceiverServerGrpc 2add93e0-2462-45f9-8504-d95fbdd1cf50 is started using port 38673
2019-09-01 05:52:53,530 [main] INFO  ozone.MiniOzoneClusterImpl (MiniOzoneClusterImpl.java:lambda$waitForClusterToBeReady$0(140)) - Waiting for cluster to be ready. Got 0 of 10 DN Heartbeats.
2019-09-01 05:52:53,535 [Datanode State Machine Thread - 0] INFO  impl.RaftServerProxy (RaftServerProxy.java:lambda$start$3(299)) - e504cd85-a1db-4587-8509-c7399dc7cafe: start RPC server
2019-09-01 05:52:53,536 [Datanode State Machine Thread - 0] INFO  server.GrpcService (GrpcService.java:startImpl(149)) - e504cd85-a1db-4587-8509-c7399dc7cafe: GrpcService started, listening on 0.0.0.0/0.0.0.0:36185
2019-09-01 05:52:53,536 [Datanode State Machine Thread - 0] INFO  ratis.XceiverServerRatis (XceiverServerRatis.java:start(403)) - XceiverServerRatis e504cd85-a1db-4587-8509-c7399dc7cafe is started using port 36185
2019-09-01 05:52:53,536 [Datanode State Machine Thread - 0] INFO  impl.RaftServerProxy (RaftServerProxy.java:lambda$start$3(299)) - 58ac0b1f-3b21-42d3-b916-9551d6eb3ea3: start RPC server
2019-09-01 05:52:53,536 [Datanode State Machine Thread - 0] INFO  server.XceiverServerGrpc (XceiverServerGrpc.java:start(163)) - XceiverServerGrpc e504cd85-a1db-4587-8509-c7399dc7cafe is started using port 45819
2019-09-01 05:52:53,541 [Datanode State Machine Thread - 0] INFO  server.GrpcService (GrpcService.java:startImpl(149)) - 58ac0b1f-3b21-42d3-b916-9551d6eb3ea3: GrpcService started, listening on 0.0.0.0/0.0.0.0:41717
2019-09-01 05:52:53,541 [Datanode State Machine Thread - 0] INFO  ratis.XceiverServerRatis (XceiverServerRatis.java:start(403)) - XceiverServerRatis 58ac0b1f-3b21-42d3-b916-9551d6eb3ea3 is started using port 41717
2019-09-01 05:52:53,542 [Datanode State Machine Thread - 0] INFO  server.XceiverServerGrpc (XceiverServerGrpc.java:start(163)) - XceiverServerGrpc 58ac0b1f-3b21-42d3-b916-9551d6eb3ea3 is started using port 38757
2019-09-01 05:52:53,683 [Datanode State Machine Thread - 0] INFO  ozoneimpl.OzoneContainer (OzoneContainer.java:start(201)) - Attempting to start container services.
2019-09-01 05:52:53,683 [Datanode State Machine Thread - 0] INFO  ozoneimpl.OzoneContainer (OzoneContainer.java:startContainerScrub(175)) - Background container scrubber has been disabled by hdds.containerscrub.enabled
2019-09-01 05:52:53,683 [Datanode State Machine Thread - 0] INFO  ratis.XceiverServerRatis (XceiverServerRatis.java:start(393)) - Starting XceiverServerRatis ce2be70a-d267-4ebc-abe0-fdcdf40aaae1 at port 0
2019-09-01 05:52:53,692 [Datanode State Machine Thread - 0] INFO  impl.RaftServerProxy (RaftServerProxy.java:lambda$start$3(299)) - ce2be70a-d267-4ebc-abe0-fdcdf40aaae1: start RPC server
2019-09-01 05:52:53,693 [Datanode State Machine Thread - 0] INFO  server.GrpcService (GrpcService.java:startImpl(149)) - ce2be70a-d267-4ebc-abe0-fdcdf40aaae1: GrpcService started, listening on 0.0.0.0/0.0.0.0:38648
2019-09-01 05:52:53,693 [Datanode State Machine Thread - 0] INFO  ratis.XceiverServerRatis (XceiverServerRatis.java:start(403)) - XceiverServerRatis ce2be70a-d267-4ebc-abe0-fdcdf40aaae1 is started using port 38648
2019-09-01 05:52:53,712 [Datanode State Machine Thread - 0] INFO  server.XceiverServerGrpc (XceiverServerGrpc.java:start(163)) - XceiverServerGrpc ce2be70a-d267-4ebc-abe0-fdcdf40aaae1 is started using port 34676
2019-09-01 05:52:54,531 [main] INFO  ozone.MiniOzoneClusterImpl (MiniOzoneClusterImpl.java:lambda$waitForClusterToBeReady$0(140)) - Waiting for cluster to be ready. Got 0 of 10 DN Heartbeats.
2019-09-01 05:52:54,817 [IPC Server handler 8 on 37499] INFO  net.NetworkTopology (NetworkTopologyImpl.java:add(110)) - Added a new node: /rack1/196a83ac-f404-447a-85c9-b484bfff17ef
2019-09-01 05:52:54,820 [IPC Server handler 8 on 37499] INFO  node.SCMNodeManager (SCMNodeManager.java:register(266)) - Registered Data node : 196a83ac-f404-447a-85c9-b484bfff17ef{ip: 192.168.36.91, host: trunk-nightly-20190901-gkzrd-4143273587, networkLocation: /rack1, certSerialId: null}
2019-09-01 05:52:54,821 [EventQueue-NodeRegistrationContainerReportForDataNodeSafeModeRule] INFO  safemode.SCMSafeModeManager (DataNodeSafeModeRule.java:process(71)) - SCM in safe mode. 1 DataNodes registered, 1 required.
2019-09-01 05:52:54,825 [EventQueue-NodeRegistrationContainerReportForDataNodeSafeModeRule] INFO  safemode.SCMSafeModeManager (SCMSafeModeManager.java:validateSafeModeExitRules(177)) - ScmSafeModeManager, all rules are successfully validated
2019-09-01 05:52:54,825 [EventQueue-NodeRegistrationContainerReportForDataNodeSafeModeRule] INFO  safemode.SCMSafeModeManager (SCMSafeModeManager.java:exitSafeMode(193)) - SCM exiting safe mode.
2019-09-01 05:52:54,837 [grpc-default-executor-6] INFO  impl.RaftServerProxy (RaftServerProxy.java:addNew(89)) - 196a83ac-f404-447a-85c9-b484bfff17ef: addNew group-7DF048B7DBD0:[196a83ac-f404-447a-85c9-b484bfff17ef:192.168.36.91:35328] returns group-7DF048B7DBD0:java.util.concurrent.CompletableFuture@374d1b0[Not completed]
2019-09-01 05:52:54,839 [pool-509-thread-1] INFO  impl.RaftServerImpl (RaftServerImpl.java:<init>(93)) - 196a83ac-f404-447a-85c9-b484bfff17ef: new RaftServerImpl for group-7DF048B7DBD0:[196a83ac-f404-447a-85c9-b484bfff17ef:192.168.36.91:35328] with ContainerStateMachine:uninitialized
2019-09-01 05:52:54,839 [pool-509-thread-1] INFO  server.RaftServerConfigKeys (ConfUtils.java:logGet(43)) - raft.server.rpc.timeout.min = 1s (custom)
2019-09-01 05:52:54,839 [pool-509-thread-1] INFO  server.RaftServerConfigKeys (ConfUtils.java:logGet(43)) - raft.server.rpc.timeout.max = 1200ms (custom)
2019-09-01 05:52:54,840 [pool-509-thread-1] INFO  server.RaftServerConfigKeys (ConfUtils.java:logGet(43)) - raft.server.rpcslowness.timeout = 120s (custom)
2019-09-01 05:52:54,840 [pool-509-thread-1] INFO  server.RaftServerConfigKeys (ConfUtils.java:logGet(43)) - raft.server.sleep.deviation.threshold = 300 (default)
2019-09-01 05:52:54,840 [pool-509-thread-1] INFO  server.RaftServerConfigKeys (ConfUtils.java:logGet(43)) - raft.server.log.appender.install.snapshot.enabled = false (custom)
2019-09-01 05:52:54,840 [pool-509-thread-1] INFO  impl.RaftServerImpl (ServerState.java:<init>(105)) - 196a83ac-f404-447a-85c9-b484bfff17ef:group-7DF048B7DBD0 ConfigurationManager, init=-1: [196a83ac-f404-447a-85c9-b484bfff17ef:192.168.36.91:35328], old=null, confs=<EMPTY_MAP>
2019-09-01 05:52:54,841 [pool-509-thread-1] INFO  server.RaftServerConfigKeys (ConfUtils.java:logGet(43)) - raft.server.storage.dir = [/workdir/hadoop-ozone/integration-test/target/test-dir/MiniOzoneClusterImpl-fb00d516-ae13-4d3c-8a3f-926c553c4eaa/datanode-0/data/ratis] (custom)
2019-09-01 05:52:54,842 [pool-509-thread-1] INFO  storage.RaftStorageDirectory (RaftStorageDirectory.java:analyzeStorage(246)) - The storage directory /workdir/hadoop-ozone/integration-test/target/test-dir/MiniOzoneClusterImpl-fb00d516-ae13-4d3c-8a3f-926c553c4eaa/datanode-0/data/ratis/9318f69d-a636-419f-9937-7df048b7dbd0 does not exist. Creating ...
2019-09-01 05:52:54,881 [IPC Server handler 9 on 37499] INFO  net.NetworkTopology (NetworkTopologyImpl.java:add(110)) - Added a new node: /rack1/99b5111b-d356-42b4-8380-346acbcabf6e
2019-09-01 05:52:54,882 [IPC Server handler 9 on 37499] INFO  node.SCMNodeManager (SCMNodeManager.java:register(266)) - Registered Data node : 99b5111b-d356-42b4-8380-346acbcabf6e{ip: 192.168.36.91, host: trunk-nightly-20190901-gkzrd-4143273587, networkLocation: /rack1, certSerialId: null}
2019-09-01 05:52:54,970 [IPC Server handler 1 on 37499] INFO  net.NetworkTopology (NetworkTopologyImpl.java:add(110)) - Added a new node: /rack1/9adf8f3f-00f4-442f-a7e9-ac686daae57d
2019-09-01 05:52:54,970 [IPC Server handler 1 on 37499] INFO  node.SCMNodeManager (SCMNodeManager.java:register(266)) - Registered Data node : 9adf8f3f-00f4-442f-a7e9-ac686daae57d{ip: 192.168.36.91, host: trunk-nightly-20190901-gkzrd-4143273587, networkLocation: /rack1, certSerialId: null}
2019-09-01 05:52:55,004 [pool-509-thread-1] INFO  storage.RaftStorageDirectory (RaftStorageDirectory.java:tryLock(328)) - Lock on /workdir/hadoop-ozone/integration-test/target/test-dir/MiniOzoneClusterImpl-fb00d516-ae13-4d3c-8a3f-926c553c4eaa/datanode-0/data/ratis/9318f69d-a636-419f-9937-7df048b7dbd0/in_use.lock acquired by nodename 16999@trunk-nightly-20190901-gkzrd-4143273587
2019-09-01 05:52:55,066 [IPC Server handler 2 on 37499] INFO  net.NetworkTopology (NetworkTopologyImpl.java:add(110)) - Added a new node: /rack1/f61a82c2-42b9-49e6-922b-54bde2900752
2019-09-01 05:52:55,066 [IPC Server handler 2 on 37499] INFO  node.SCMNodeManager (SCMNodeManager.java:register(266)) - Registered Data node : f61a82c2-42b9-49e6-922b-54bde2900752{ip: 192.168.36.91, host: trunk-nightly-20190901-gkzrd-4143273587, networkLocation: /rack1, certSerialId: null}
2019-09-01 05:52:55,151 [IPC Server handler 4 on 37499] INFO  net.NetworkTopology (NetworkTopologyImpl.java:add(110)) - Added a new node: /rack1/2e72a9ea-f178-40e5-bf42-2c889e32e769
2019-09-01 05:52:55,151 [IPC Server handler 4 on 37499] INFO  node.SCMNodeManager (SCMNodeManager.java:register(266)) - Registered Data node : 2e72a9ea-f178-40e5-bf42-2c889e32e769{ip: 192.168.36.91, host: trunk-nightly-20190901-gkzrd-4143273587, networkLocation: /rack1, certSerialId: null}
2019-09-01 05:52:55,270 [IPC Server handler 3 on 37499] INFO  net.NetworkTopology (NetworkTopologyImpl.java:add(110)) - Added a new node: /rack1/ad88f3b0-98a4-4e16-8300-c870fa2dd819
2019-09-01 05:52:55,270 [IPC Server handler 3 on 37499] INFO  node.SCMNodeManager (SCMNodeManager.java:register(266)) - Registered Data node : ad88f3b0-98a4-4e16-8300-c870fa2dd819{ip: 192.168.36.91, host: trunk-nightly-20190901-gkzrd-4143273587, networkLocation: /rack1, certSerialId: null}
2019-09-01 05:52:55,319 [pool-509-thread-1] INFO  storage.RaftStorage (RaftStorage.java:format(72)) - Storage directory /workdir/hadoop-ozone/integration-test/target/test-dir/MiniOzoneClusterImpl-fb00d516-ae13-4d3c-8a3f-926c553c4eaa/datanode-0/data/ratis/9318f69d-a636-419f-9937-7df048b7dbd0 has been successfully formatted.
2019-09-01 05:52:55,320 [pool-509-thread-1] INFO  ratis.ContainerStateMachine (ContainerStateMachine.java:loadSnapshot(227)) - group-7DF048B7DBD0: The snapshot info is null. Setting the last applied indexto:(t:0, i:~)
2019-09-01 05:52:55,320 [pool-509-thread-1] INFO  server.RaftServerConfigKeys (ConfUtils.java:logGet(43)) - raft.server.leader.election.timeout = 120s (custom)
2019-09-01 05:52:55,320 [pool-509-thread-1] INFO  server.RaftServerConfigKeys (ConfUtils.java:logGet(43)) - raft.server.log.use.memory = false (default)
2019-09-01 05:52:55,321 [pool-509-thread-1] INFO  server.RaftServerConfigKeys (ConfUtils.java:logGet(43)) - raft.server.log.purge.gap = 1000000 (custom)
2019-09-01 05:52:55,321 [pool-509-thread-1] INFO  server.RaftServerConfigKeys (ConfUtils.java:logGet(43)) - raft.server.log.appender.buffer.byte-limit = 33554432 (custom)
2019-09-01 05:52:55,321 [pool-509-thread-1] INFO  server.RaftServerConfigKeys (ConfUtils.java:logGet(43)) - raft.server.log.segment.size.max = 1048576 (custom)
2019-09-01 05:52:55,321 [pool-509-thread-1] INFO  server.RaftServerConfigKeys (ConfUtils.java:logGet(43)) - raft.server.log.segment.cache.num.max = 2 (custom)
2019-09-01 05:52:55,322 [pool-509-thread-1] INFO  segmented.SegmentedRaftLogWorker (SegmentedRaftLogWorker.java:<init>(172)) - new 196a83ac-f404-447a-85c9-b484bfff17ef-SegmentedRaftLogWorker:Storage Directory /workdir/hadoop-ozone/integration-test/target/test-dir/MiniOzoneClusterImpl-fb00d516-ae13-4d3c-8a3f-926c553c4eaa/datanode-0/data/ratis/9318f69d-a636-419f-9937-7df048b7dbd0 for RaftStorage:Storage Directory /workdir/hadoop-ozone/integration-test/target/test-dir/MiniOzoneClusterImpl-fb00d516-ae13-4d3c-8a3f-926c553c4eaa/datanode-0/data/ratis/9318f69d-a636-419f-9937-7df048b7dbd0
2019-09-01 05:52:55,322 [pool-509-thread-1] INFO  server.RaftServerConfigKeys (ConfUtils.java:logGet(43)) - raft.server.log.queue.byte-limit = 2147483647 (custom)
2019-09-01 05:52:55,322 [pool-509-thread-1] INFO  server.RaftServerConfigKeys (ConfUtils.java:logGet(43)) - raft.server.log.queue.element-limit = 1024 (custom)
2019-09-01 05:52:55,323 [pool-509-thread-1] INFO  server.RaftServerConfigKeys (ConfUtils.java:logGet(43)) - raft.server.log.segment.size.max = 1048576 (custom)
2019-09-01 05:52:55,323 [pool-509-thread-1] INFO  server.RaftServerConfigKeys (ConfUtils.java:logGet(43)) - raft.server.log.preallocated.size = 16384 (custom)
2019-09-01 05:52:55,323 [pool-509-thread-1] INFO  server.RaftServerConfigKeys (ConfUtils.java:logGet(43)) - raft.server.log.write.buffer.size = 33554432 (custom)
2019-09-01 05:52:55,324 [pool-509-thread-1] INFO  server.RaftServerConfigKeys (ConfUtils.java:logGet(43)) - raft.server.log.force.sync.num = 128 (default)
2019-09-01 05:52:55,324 [pool-509-thread-1] INFO  server.RaftServerConfigKeys (ConfUtils.java:logGet(43)) - raft.server.log.statemachine.data.sync = true (default)
2019-09-01 05:52:55,324 [pool-509-thread-1] INFO  server.RaftServerConfigKeys (ConfUtils.java:logGet(43)) - raft.server.log.statemachine.data.sync.timeout = 10s (default)
2019-09-01 05:52:55,324 [pool-509-thread-1] INFO  server.RaftServerConfigKeys (ConfUtils.java:logGet(43)) - raft.server.log.statemachine.data.sync.timeout.retry = -1 (default)
2019-09-01 05:52:55,325 [pool-509-thread-1] INFO  server.RaftServerConfigKeys (ConfUtils.java:logGet(43)) - raft.server.log.statemachine.data.caching.enabled = true (custom)
2019-09-01 05:52:55,325 [pool-509-thread-1] INFO  segmented.SegmentedRaftLogWorker (SegmentedRaftLogWorker.java:lambda$new$0(132)) - 196a83ac-f404-447a-85c9-b484bfff17ef-SegmentedRaftLogWorker:Storage Directory /workdir/hadoop-ozone/integration-test/target/test-dir/MiniOzoneClusterImpl-fb00d516-ae13-4d3c-8a3f-926c553c4eaa/datanode-0/data/ratis/9318f69d-a636-419f-9937-7df048b7dbd0: flushIndex: setUnconditionally 0 -> -1
2019-09-01 05:52:55,326 [pool-509-thread-1] INFO  server.RaftServerConfigKeys (ConfUtils.java:logGet(43)) - raft.server.snapshot.auto.trigger.enabled = true (custom)
2019-09-01 05:52:55,326 [pool-509-thread-1] INFO  server.RaftServerConfigKeys (ConfUtils.java:logGet(43)) - raft.server.snapshot.auto.trigger.threshold = 10000 (custom)
2019-09-01 05:52:55,327 [pool-509-thread-1] INFO  server.RaftServerConfigKeys (ConfUtils.java:logGet(43)) - raft.server.retrycache.expirytime = 600000ms (custom)
2019-09-01 05:52:55,327 [pool-509-thread-1] INFO  impl.RaftServerImpl (RaftServerImpl.java:start(180)) - 196a83ac-f404-447a-85c9-b484bfff17ef: start group-7DF048B7DBD0
2019-09-01 05:52:55,327 [pool-509-thread-1] INFO  impl.RaftServerImpl (RaftServerImpl.java:setRole(171)) - 196a83ac-f404-447a-85c9-b484bfff17ef:group-7DF048B7DBD0 changes role from null to FOLLOWER at term 0 for startAsFollower
2019-09-01 05:52:55,327 [pool-509-thread-1] INFO  impl.RoleInfo (RoleInfo.java:updateAndGet(143)) - 196a83ac-f404-447a-85c9-b484bfff17ef: start FollowerState
2019-09-01 05:52:55,328 [pool-509-thread-1] INFO  util.JmxRegister (JmxRegister.java:tryRegister(44)) - Successfully registered JMX Bean with object name Ratis:service=RaftServer,group=group-7DF048B7DBD0,id=196a83ac-f404-447a-85c9-b484bfff17ef
2019-09-01 05:52:55,332 [RatisPipelineUtilsThread] INFO  pipeline.PipelineStateManager (PipelineStateManager.java:addPipeline(56)) - Created pipeline Pipeline[ Id: 9318f69d-a636-419f-9937-7df048b7dbd0, Nodes: 196a83ac-f404-447a-85c9-b484bfff17ef{ip: 192.168.36.91, host: trunk-nightly-20190901-gkzrd-4143273587, networkLocation: /rack1, certSerialId: null}, Type:RATIS, Factor:ONE, State:OPEN]
2019-09-01 05:52:55,346 [grpc-default-executor-6] INFO  impl.RaftServerProxy (RaftServerProxy.java:addNew(89)) - 99b5111b-d356-42b4-8380-346acbcabf6e: addNew group-21A5ED0EAC4D:[99b5111b-d356-42b4-8380-346acbcabf6e:192.168.36.91:35209] returns group-21A5ED0EAC4D:java.util.concurrent.CompletableFuture@195ecffb[Not completed]
2019-09-01 05:52:55,347 [IPC Server handler 7 on 37499] INFO  net.NetworkTopology (NetworkTopologyImpl.java:add(110)) - Added a new node: /rack1/58ac0b1f-3b21-42d3-b916-9551d6eb3ea3
2019-09-01 05:52:55,347 [IPC Server handler 7 on 37499] INFO  node.SCMNodeManager (SCMNodeManager.java:register(266)) - Registered Data node : 58ac0b1f-3b21-42d3-b916-9551d6eb3ea3{ip: 192.168.36.91, host: trunk-nightly-20190901-gkzrd-4143273587, networkLocation: /rack1, certSerialId: null}
2019-09-01 05:52:55,347 [pool-519-thread-1] INFO  impl.RaftServerImpl (RaftServerImpl.java:<init>(93)) - 99b5111b-d356-42b4-8380-346acbcabf6e: new RaftServerImpl for group-21A5ED0EAC4D:[99b5111b-d356-42b4-8380-346acbcabf6e:192.168.36.91:35209] with ContainerStateMachine:uninitialized
2019-09-01 05:52:55,347 [pool-519-thread-1] INFO  server.RaftServerConfigKeys (ConfUtils.java:logGet(43)) - raft.server.rpc.timeout.min = 1s (custom)
2019-09-01 05:52:55,348 [pool-519-thread-1] INFO  server.RaftServerConfigKeys (ConfUtils.java:logGet(43)) - raft.server.rpc.timeout.max = 1200ms (custom)
2019-09-01 05:52:55,348 [pool-519-thread-1] INFO  server.RaftServerConfigKeys (ConfUtils.java:logGet(43)) - raft.server.rpcslowness.timeout = 120s (custom)
2019-09-01 05:52:55,348 [pool-519-thread-1] INFO  server.RaftServerConfigKeys (ConfUtils.java:logGet(43)) - raft.server.sleep.deviation.threshold = 300 (default)
2019-09-01 05:52:55,348 [pool-519-thread-1] INFO  server.RaftServerConfigKeys (ConfUtils.java:logGet(43)) - raft.server.log.appender.install.snapshot.enabled = false (custom)
2019-09-01 05:52:55,348 [pool-519-thread-1] INFO  impl.RaftServerImpl (ServerState.java:<init>(105)) - 99b5111b-d356-42b4-8380-346acbcabf6e:group-21A5ED0EAC4D ConfigurationManager, init=-1: [99b5111b-d356-42b4-8380-346acbcabf6e:192.168.36.91:35209], old=null, confs=<EMPTY_MAP>
2019-09-01 05:52:55,348 [pool-519-thread-1] INFO  server.RaftServerConfigKeys (ConfUtils.java:logGet(43)) - raft.server.storage.dir = [/workdir/hadoop-ozone/integration-test/target/test-dir/MiniOzoneClusterImpl-fb00d516-ae13-4d3c-8a3f-926c553c4eaa/datanode-1/data/ratis] (custom)
2019-09-01 05:52:55,349 [pool-519-thread-1] INFO  storage.RaftStorageDirectory (RaftStorageDirectory.java:analyzeStorage(246)) - The storage directory /workdir/hadoop-ozone/integration-test/target/test-dir/MiniOzoneClusterImpl-fb00d516-ae13-4d3c-8a3f-926c553c4eaa/datanode-1/data/ratis/7e918f36-55ca-47e2-b66d-21a5ed0eac4d does not exist. Creating ...
2019-09-01 05:52:55,408 [IPC Server handler 6 on 37499] INFO  net.NetworkTopology (NetworkTopologyImpl.java:add(110)) - Added a new node: /rack1/e504cd85-a1db-4587-8509-c7399dc7cafe
2019-09-01 05:52:55,409 [IPC Server handler 6 on 37499] INFO  node.SCMNodeManager (SCMNodeManager.java:register(266)) - Registered Data node : e504cd85-a1db-4587-8509-c7399dc7cafe{ip: 192.168.36.91, host: trunk-nightly-20190901-gkzrd-4143273587, networkLocation: /rack1, certSerialId: null}
2019-09-01 05:52:55,469 [IPC Server handler 5 on 37499] INFO  net.NetworkTopology (NetworkTopologyImpl.java:add(110)) - Added a new node: /rack1/2add93e0-2462-45f9-8504-d95fbdd1cf50
2019-09-01 05:52:55,470 [IPC Server handler 5 on 37499] INFO  node.SCMNodeManager (SCMNodeManager.java:register(266)) - Registered Data node : 2add93e0-2462-45f9-8504-d95fbdd1cf50{ip: 192.168.36.91, host: trunk-nightly-20190901-gkzrd-4143273587, networkLocation: /rack1, certSerialId: null}
2019-09-01 05:52:55,520 [pool-519-thread-1] INFO  storage.RaftStorageDirectory (RaftStorageDirectory.java:tryLock(328)) - Lock on /workdir/hadoop-ozone/integration-test/target/test-dir/MiniOzoneClusterImpl-fb00d516-ae13-4d3c-8a3f-926c553c4eaa/datanode-1/data/ratis/7e918f36-55ca-47e2-b66d-21a5ed0eac4d/in_use.lock acquired by nodename 16999@trunk-nightly-20190901-gkzrd-4143273587
2019-09-01 05:52:55,532 [main] INFO  ozone.MiniOzoneClusterImpl (MiniOzoneClusterImpl.java:lambda$waitForClusterToBeReady$0(140)) - Waiting for cluster to be ready. Got 9 of 10 DN Heartbeats.
2019-09-01 05:52:55,532 [IPC Server handler 8 on 37499] INFO  net.NetworkTopology (NetworkTopologyImpl.java:add(110)) - Added a new node: /rack1/ce2be70a-d267-4ebc-abe0-fdcdf40aaae1
2019-09-01 05:52:55,532 [IPC Server handler 8 on 37499] INFO  node.SCMNodeManager (SCMNodeManager.java:register(266)) - Registered Data node : ce2be70a-d267-4ebc-abe0-fdcdf40aaae1{ip: 192.168.36.91, host: trunk-nightly-20190901-gkzrd-4143273587, networkLocation: /rack1, certSerialId: null}
2019-09-01 05:52:55,634 [pool-519-thread-1] INFO  storage.RaftStorage (RaftStorage.java:format(72)) - Storage directory /workdir/hadoop-ozone/integration-test/target/test-dir/MiniOzoneClusterImpl-fb00d516-ae13-4d3c-8a3f-926c553c4eaa/datanode-1/data/ratis/7e918f36-55ca-47e2-b66d-21a5ed0eac4d has been successfully formatted.
2019-09-01 05:52:55,634 [pool-519-thread-1] INFO  ratis.ContainerStateMachine (ContainerStateMachine.java:loadSnapshot(227)) - group-21A5ED0EAC4D: The snapshot info is null. Setting the last applied indexto:(t:0, i:~)
2019-09-01 05:52:55,635 [pool-519-thread-1] INFO  server.RaftServerConfigKeys (ConfUtils.java:logGet(43)) - raft.server.leader.election.timeout = 120s (custom)
2019-09-01 05:52:55,635 [pool-519-thread-1] INFO  server.RaftServerConfigKeys (ConfUtils.java:logGet(43)) - raft.server.log.use.memory = false (default)
2019-09-01 05:52:55,635 [pool-519-thread-1] INFO  server.RaftServerConfigKeys (ConfUtils.java:logGet(43)) - raft.server.log.purge.gap = 1000000 (custom)
2019-09-01 05:52:55,635 [pool-519-thread-1] INFO  server.RaftServerConfigKeys (ConfUtils.java:logGet(43)) - raft.server.log.appender.buffer.byte-limit = 33554432 (custom)
2019-09-01 05:52:55,635 [pool-519-thread-1] INFO  server.RaftServerConfigKeys (ConfUtils.java:logGet(43)) - raft.server.log.segment.size.max = 1048576 (custom)
2019-09-01 05:52:55,636 [pool-519-thread-1] INFO  server.RaftServerConfigKeys (ConfUtils.java:logGet(43)) - raft.server.log.segment.cache.num.max = 2 (custom)
2019-09-01 05:52:55,636 [pool-519-thread-1] INFO  segmented.SegmentedRaftLogWorker (SegmentedRaftLogWorker.java:<init>(172)) - new 99b5111b-d356-42b4-8380-346acbcabf6e-SegmentedRaftLogWorker:Storage Directory /workdir/hadoop-ozone/integration-test/target/test-dir/MiniOzoneClusterImpl-fb00d516-ae13-4d3c-8a3f-926c553c4eaa/datanode-1/data/ratis/7e918f36-55ca-47e2-b66d-21a5ed0eac4d for RaftStorage:Storage Directory /workdir/hadoop-ozone/integration-test/target/test-dir/MiniOzoneClusterImpl-fb00d516-ae13-4d3c-8a3f-926c553c4eaa/datanode-1/data/ratis/7e918f36-55ca-47e2-b66d-21a5ed0eac4d
2019-09-01 05:52:55,636 [pool-519-thread-1] INFO  server.RaftServerConfigKeys (ConfUtils.java:logGet(43)) - raft.server.log.queue.byte-limit = 2147483647 (custom)
2019-09-01 05:52:55,636 [pool-519-thread-1] INFO  server.RaftServerConfigKeys (ConfUtils.java:logGet(43)) - raft.server.log.queue.element-limit = 1024 (custom)
2019-09-01 05:52:55,637 [pool-519-thread-1] INFO  server.RaftServerConfigKeys (ConfUtils.java:logGet(43)) - raft.server.log.segment.size.max = 1048576 (custom)
2019-09-01 05:52:55,637 [pool-519-thread-1] INFO  server.RaftServerConfigKeys (ConfUtils.java:logGet(43)) - raft.server.log.preallocated.size = 16384 (custom)
2019-09-01 05:52:55,637 [pool-519-thread-1] INFO  server.RaftServerConfigKeys (ConfUtils.java:logGet(43)) - raft.server.log.write.buffer.size = 33554432 (custom)
2019-09-01 05:52:55,637 [pool-519-thread-1] INFO  server.RaftServerConfigKeys (ConfUtils.java:logGet(43)) - raft.server.log.force.sync.num = 128 (default)
2019-09-01 05:52:55,637 [pool-519-thread-1] INFO  server.RaftServerConfigKeys (ConfUtils.java:logGet(43)) - raft.server.log.statemachine.data.sync = true (default)
2019-09-01 05:52:55,637 [pool-519-thread-1] INFO  server.RaftServerConfigKeys (ConfUtils.java:logGet(43)) - raft.server.log.statemachine.data.sync.timeout = 10s (default)
2019-09-01 05:52:55,638 [pool-519-thread-1] INFO  server.RaftServerConfigKeys (ConfUtils.java:logGet(43)) - raft.server.log.statemachine.data.sync.timeout.retry = -1 (default)
2019-09-01 05:52:55,638 [pool-519-thread-1] INFO  server.RaftServerConfigKeys (ConfUtils.java:logGet(43)) - raft.server.log.statemachine.data.caching.enabled = true (custom)
2019-09-01 05:52:55,638 [pool-519-thread-1] INFO  segmented.SegmentedRaftLogWorker (SegmentedRaftLogWorker.java:lambda$new$0(132)) - 99b5111b-d356-42b4-8380-346acbcabf6e-SegmentedRaftLogWorker:Storage Directory /workdir/hadoop-ozone/integration-test/target/test-dir/MiniOzoneClusterImpl-fb00d516-ae13-4d3c-8a3f-926c553c4eaa/datanode-1/data/ratis/7e918f36-55ca-47e2-b66d-21a5ed0eac4d: flushIndex: setUnconditionally 0 -> -1
2019-09-01 05:52:55,639 [pool-519-thread-1] INFO  server.RaftServerConfigKeys (ConfUtils.java:logGet(43)) - raft.server.snapshot.auto.trigger.enabled = true (custom)
2019-09-01 05:52:55,639 [pool-519-thread-1] INFO  server.RaftServerConfigKeys (ConfUtils.java:logGet(43)) - raft.server.snapshot.auto.trigger.threshold = 10000 (custom)
2019-09-01 05:52:55,639 [pool-519-thread-1] INFO  server.RaftServerConfigKeys (ConfUtils.java:logGet(43)) - raft.server.retrycache.expirytime = 600000ms (custom)
2019-09-01 05:52:55,639 [pool-519-thread-1] INFO  impl.RaftServerImpl (RaftServerImpl.java:start(180)) - 99b5111b-d356-42b4-8380-346acbcabf6e: start group-21A5ED0EAC4D
2019-09-01 05:52:55,640 [pool-519-thread-1] INFO  impl.RaftServerImpl (RaftServerImpl.java:setRole(171)) - 99b5111b-d356-42b4-8380-346acbcabf6e:group-21A5ED0EAC4D changes role from null to FOLLOWER at term 0 for startAsFollower
2019-09-01 05:52:55,640 [pool-519-thread-1] INFO  impl.RoleInfo (RoleInfo.java:updateAndGet(143)) - 99b5111b-d356-42b4-8380-346acbcabf6e: start FollowerState
2019-09-01 05:52:55,640 [pool-519-thread-1] INFO  util.JmxRegister (JmxRegister.java:tryRegister(44)) - Successfully registered JMX Bean with object name Ratis:service=RaftServer,group=group-21A5ED0EAC4D,id=99b5111b-d356-42b4-8380-346acbcabf6e
2019-09-01 05:52:55,643 [RatisPipelineUtilsThread] INFO  pipeline.PipelineStateManager (PipelineStateManager.java:addPipeline(56)) - Created pipeline Pipeline[ Id: 7e918f36-55ca-47e2-b66d-21a5ed0eac4d, Nodes: 99b5111b-d356-42b4-8380-346acbcabf6e{ip: 192.168.36.91, host: trunk-nightly-20190901-gkzrd-4143273587, networkLocation: /rack1, certSerialId: null}, Type:RATIS, Factor:ONE, State:OPEN]
2019-09-01 05:52:55,652 [grpc-default-executor-6] INFO  impl.RaftServerProxy (RaftServerProxy.java:addNew(89)) - f61a82c2-42b9-49e6-922b-54bde2900752: addNew group-6BC3A0FC5839:[f61a82c2-42b9-49e6-922b-54bde2900752:192.168.36.91:40137] returns group-6BC3A0FC5839:java.util.concurrent.CompletableFuture@4fc82263[Not completed]
2019-09-01 05:52:55,654 [pool-539-thread-1] INFO  impl.RaftServerImpl (RaftServerImpl.java:<init>(93)) - f61a82c2-42b9-49e6-922b-54bde2900752: new RaftServerImpl for group-6BC3A0FC5839:[f61a82c2-42b9-49e6-922b-54bde2900752:192.168.36.91:40137] with ContainerStateMachine:uninitialized
2019-09-01 05:52:55,654 [pool-539-thread-1] INFO  server.RaftServerConfigKeys (ConfUtils.java:logGet(43)) - raft.server.rpc.timeout.min = 1s (custom)
2019-09-01 05:52:55,654 [pool-539-thread-1] INFO  server.RaftServerConfigKeys (ConfUtils.java:logGet(43)) - raft.server.rpc.timeout.max = 1200ms (custom)
2019-09-01 05:52:55,654 [pool-539-thread-1] INFO  server.RaftServerConfigKeys (ConfUtils.java:logGet(43)) - raft.server.rpcslowness.timeout = 120s (custom)
2019-09-01 05:52:55,654 [pool-539-thread-1] INFO  server.RaftServerConfigKeys (ConfUtils.java:logGet(43)) - raft.server.sleep.deviation.threshold = 300 (default)
2019-09-01 05:52:55,654 [pool-539-thread-1] INFO  server.RaftServerConfigKeys (ConfUtils.java:logGet(43)) - raft.server.log.appender.install.snapshot.enabled = false (custom)
2019-09-01 05:52:55,655 [pool-539-thread-1] INFO  impl.RaftServerImpl (ServerState.java:<init>(105)) - f61a82c2-42b9-49e6-922b-54bde2900752:group-6BC3A0FC5839 ConfigurationManager, init=-1: [f61a82c2-42b9-49e6-922b-54bde2900752:192.168.36.91:40137], old=null, confs=<EMPTY_MAP>
2019-09-01 05:52:55,655 [pool-539-thread-1] INFO  server.RaftServerConfigKeys (ConfUtils.java:logGet(43)) - raft.server.storage.dir = [/workdir/hadoop-ozone/integration-test/target/test-dir/MiniOzoneClusterImpl-fb00d516-ae13-4d3c-8a3f-926c553c4eaa/datanode-3/data/ratis] (custom)
2019-09-01 05:52:55,655 [pool-539-thread-1] INFO  storage.RaftStorageDirectory (RaftStorageDirectory.java:analyzeStorage(246)) - The storage directory /workdir/hadoop-ozone/integration-test/target/test-dir/MiniOzoneClusterImpl-fb00d516-ae13-4d3c-8a3f-926c553c4eaa/datanode-3/data/ratis/d5698a59-f073-4dc9-9293-6bc3a0fc5839 does not exist. Creating ...
2019-09-01 05:52:55,707 [pool-539-thread-1] INFO  storage.RaftStorageDirectory (RaftStorageDirectory.java:tryLock(328)) - Lock on /workdir/hadoop-ozone/integration-test/target/test-dir/MiniOzoneClusterImpl-fb00d516-ae13-4d3c-8a3f-926c553c4eaa/datanode-3/data/ratis/d5698a59-f073-4dc9-9293-6bc3a0fc5839/in_use.lock acquired by nodename 16999@trunk-nightly-20190901-gkzrd-4143273587
2019-09-01 05:52:55,885 [pool-539-thread-1] INFO  storage.RaftStorage (RaftStorage.java:format(72)) - Storage directory /workdir/hadoop-ozone/integration-test/target/test-dir/MiniOzoneClusterImpl-fb00d516-ae13-4d3c-8a3f-926c553c4eaa/datanode-3/data/ratis/d5698a59-f073-4dc9-9293-6bc3a0fc5839 has been successfully formatted.
2019-09-01 05:52:55,885 [pool-539-thread-1] INFO  ratis.ContainerStateMachine (ContainerStateMachine.java:loadSnapshot(227)) - group-6BC3A0FC5839: The snapshot info is null. Setting the last applied indexto:(t:0, i:~)
2019-09-01 05:52:55,885 [pool-539-thread-1] INFO  server.RaftServerConfigKeys (ConfUtils.java:logGet(43)) - raft.server.leader.election.timeout = 120s (custom)
2019-09-01 05:52:55,885 [pool-539-thread-1] INFO  server.RaftServerConfigKeys (ConfUtils.java:logGet(43)) - raft.server.log.use.memory = false (default)
2019-09-01 05:52:55,885 [pool-539-thread-1] INFO  server.RaftServerConfigKeys (ConfUtils.java:logGet(43)) - raft.server.log.purge.gap = 1000000 (custom)
2019-09-01 05:52:55,886 [pool-539-thread-1] INFO  server.RaftServerConfigKeys (ConfUtils.java:logGet(43)) - raft.server.log.appender.buffer.byte-limit = 33554432 (custom)
2019-09-01 05:52:55,886 [pool-539-thread-1] INFO  server.RaftServerConfigKeys (ConfUtils.java:logGet(43)) - raft.server.log.segment.size.max = 1048576 (custom)
2019-09-01 05:52:55,886 [pool-539-thread-1] INFO  server.RaftServerConfigKeys (ConfUtils.java:logGet(43)) - raft.server.log.segment.cache.num.max = 2 (custom)
2019-09-01 05:52:55,886 [pool-539-thread-1] INFO  segmented.SegmentedRaftLogWorker (SegmentedRaftLogWorker.java:<init>(172)) - new f61a82c2-42b9-49e6-922b-54bde2900752-SegmentedRaftLogWorker:Storage Directory /workdir/hadoop-ozone/integration-test/target/test-dir/MiniOzoneClusterImpl-fb00d516-ae13-4d3c-8a3f-926c553c4eaa/datanode-3/data/ratis/d5698a59-f073-4dc9-9293-6bc3a0fc5839 for RaftStorage:Storage Directory /workdir/hadoop-ozone/integration-test/target/test-dir/MiniOzoneClusterImpl-fb00d516-ae13-4d3c-8a3f-926c553c4eaa/datanode-3/data/ratis/d5698a59-f073-4dc9-9293-6bc3a0fc5839
2019-09-01 05:52:55,886 [pool-539-thread-1] INFO  server.RaftServerConfigKeys (ConfUtils.java:logGet(43)) - raft.server.log.queue.byte-limit = 2147483647 (custom)
2019-09-01 05:52:55,886 [pool-539-thread-1] INFO  server.RaftServerConfigKeys (ConfUtils.java:logGet(43)) - raft.server.log.queue.element-limit = 1024 (custom)
2019-09-01 05:52:55,887 [pool-539-thread-1] INFO  server.RaftServerConfigKeys (ConfUtils.java:logGet(43)) - raft.server.log.segment.size.max = 1048576 (custom)
2019-09-01 05:52:55,887 [pool-539-thread-1] INFO  server.RaftServerConfigKeys (ConfUtils.java:logGet(43)) - raft.server.log.preallocated.size = 16384 (custom)
2019-09-01 05:52:55,887 [pool-539-thread-1] INFO  server.RaftServerConfigKeys (ConfUtils.java:logGet(43)) - raft.server.log.write.buffer.size = 33554432 (custom)
2019-09-01 05:52:55,887 [pool-539-thread-1] INFO  server.RaftServerConfigKeys (ConfUtils.java:logGet(43)) - raft.server.log.force.sync.num = 128 (default)
2019-09-01 05:52:55,887 [pool-539-thread-1] INFO  server.RaftServerConfigKeys (ConfUtils.java:logGet(43)) - raft.server.log.statemachine.data.sync = true (default)
2019-09-01 05:52:55,887 [pool-539-thread-1] INFO  server.RaftServerConfigKeys (ConfUtils.java:logGet(43)) - raft.server.log.statemachine.data.sync.timeout = 10s (default)
2019-09-01 05:52:55,887 [pool-539-thread-1] INFO  server.RaftServerConfigKeys (ConfUtils.java:logGet(43)) - raft.server.log.statemachine.data.sync.timeout.retry = -1 (default)
2019-09-01 05:52:55,887 [pool-539-thread-1] INFO  server.RaftServerConfigKeys (ConfUtils.java:logGet(43)) - raft.server.log.statemachine.data.caching.enabled = true (custom)
2019-09-01 05:52:55,888 [pool-539-thread-1] INFO  segmented.SegmentedRaftLogWorker (SegmentedRaftLogWorker.java:lambda$new$0(132)) - f61a82c2-42b9-49e6-922b-54bde2900752-SegmentedRaftLogWorker:Storage Directory /workdir/hadoop-ozone/integration-test/target/test-dir/MiniOzoneClusterImpl-fb00d516-ae13-4d3c-8a3f-926c553c4eaa/datanode-3/data/ratis/d5698a59-f073-4dc9-9293-6bc3a0fc5839: flushIndex: setUnconditionally 0 -> -1
2019-09-01 05:52:55,888 [pool-539-thread-1] INFO  server.RaftServerConfigKeys (ConfUtils.java:logGet(43)) - raft.server.snapshot.auto.trigger.enabled = true (custom)
2019-09-01 05:52:55,888 [pool-539-thread-1] INFO  server.RaftServerConfigKeys (ConfUtils.java:logGet(43)) - raft.server.snapshot.auto.trigger.threshold = 10000 (custom)
2019-09-01 05:52:55,889 [pool-539-thread-1] INFO  server.RaftServerConfigKeys (ConfUtils.java:logGet(43)) - raft.server.retrycache.expirytime = 600000ms (custom)
2019-09-01 05:52:55,889 [pool-539-thread-1] INFO  impl.RaftServerImpl (RaftServerImpl.java:start(180)) - f61a82c2-42b9-49e6-922b-54bde2900752: start group-6BC3A0FC5839
2019-09-01 05:52:55,889 [pool-539-thread-1] INFO  impl.RaftServerImpl (RaftServerImpl.java:setRole(171)) - f61a82c2-42b9-49e6-922b-54bde2900752:group-6BC3A0FC5839 changes role from null to FOLLOWER at term 0 for startAsFollower
2019-09-01 05:52:55,889 [pool-539-thread-1] INFO  impl.RoleInfo (RoleInfo.java:updateAndGet(143)) - f61a82c2-42b9-49e6-922b-54bde2900752: start FollowerState
2019-09-01 05:52:55,889 [pool-539-thread-1] INFO  util.JmxRegister (JmxRegister.java:tryRegister(44)) - Successfully registered JMX Bean with object name Ratis:service=RaftServer,group=group-6BC3A0FC5839,id=f61a82c2-42b9-49e6-922b-54bde2900752
2019-09-01 05:52:55,892 [RatisPipelineUtilsThread] INFO  pipeline.PipelineStateManager (PipelineStateManager.java:addPipeline(56)) - Created pipeline Pipeline[ Id: d5698a59-f073-4dc9-9293-6bc3a0fc5839, Nodes: f61a82c2-42b9-49e6-922b-54bde2900752{ip: 192.168.36.91, host: trunk-nightly-20190901-gkzrd-4143273587, networkLocation: /rack1, certSerialId: null}, Type:RATIS, Factor:ONE, State:OPEN]
2019-09-01 05:52:55,900 [grpc-default-executor-6] INFO  impl.RaftServerProxy (RaftServerProxy.java:addNew(89)) - 2e72a9ea-f178-40e5-bf42-2c889e32e769: addNew group-1CEB937456E3:[2e72a9ea-f178-40e5-bf42-2c889e32e769:192.168.36.91:37184] returns group-1CEB937456E3:java.util.concurrent.CompletableFuture@1f62828c[Not completed]
2019-09-01 05:52:55,901 [pool-549-thread-1] INFO  impl.RaftServerImpl (RaftServerImpl.java:<init>(93)) - 2e72a9ea-f178-40e5-bf42-2c889e32e769: new RaftServerImpl for group-1CEB937456E3:[2e72a9ea-f178-40e5-bf42-2c889e32e769:192.168.36.91:37184] with ContainerStateMachine:uninitialized
2019-09-01 05:52:55,901 [pool-549-thread-1] INFO  server.RaftServerConfigKeys (ConfUtils.java:logGet(43)) - raft.server.rpc.timeout.min = 1s (custom)
2019-09-01 05:52:55,901 [pool-549-thread-1] INFO  server.RaftServerConfigKeys (ConfUtils.java:logGet(43)) - raft.server.rpc.timeout.max = 1200ms (custom)
2019-09-01 05:52:55,901 [pool-549-thread-1] INFO  server.RaftServerConfigKeys (ConfUtils.java:logGet(43)) - raft.server.rpcslowness.timeout = 120s (custom)
2019-09-01 05:52:55,902 [pool-549-thread-1] INFO  server.RaftServerConfigKeys (ConfUtils.java:logGet(43)) - raft.server.sleep.deviation.threshold = 300 (default)
2019-09-01 05:52:55,902 [pool-549-thread-1] INFO  server.RaftServerConfigKeys (ConfUtils.java:logGet(43)) - raft.server.log.appender.install.snapshot.enabled = false (custom)
2019-09-01 05:52:55,902 [pool-549-thread-1] INFO  impl.RaftServerImpl (ServerState.java:<init>(105)) - 2e72a9ea-f178-40e5-bf42-2c889e32e769:group-1CEB937456E3 ConfigurationManager, init=-1: [2e72a9ea-f178-40e5-bf42-2c889e32e769:192.168.36.91:37184], old=null, confs=<EMPTY_MAP>
2019-09-01 05:52:55,902 [pool-549-thread-1] INFO  server.RaftServerConfigKeys (ConfUtils.java:logGet(43)) - raft.server.storage.dir = [/workdir/hadoop-ozone/integration-test/target/test-dir/MiniOzoneClusterImpl-fb00d516-ae13-4d3c-8a3f-926c553c4eaa/datanode-4/data/ratis] (custom)
2019-09-01 05:52:55,902 [pool-549-thread-1] INFO  storage.RaftStorageDirectory (RaftStorageDirectory.java:analyzeStorage(246)) - The storage directory /workdir/hadoop-ozone/integration-test/target/test-dir/MiniOzoneClusterImpl-fb00d516-ae13-4d3c-8a3f-926c553c4eaa/datanode-4/data/ratis/c57c860e-8f2e-4013-995c-1ceb937456e3 does not exist. Creating ...
2019-09-01 05:52:55,990 [pool-549-thread-1] INFO  storage.RaftStorageDirectory (RaftStorageDirectory.java:tryLock(328)) - Lock on /workdir/hadoop-ozone/integration-test/target/test-dir/MiniOzoneClusterImpl-fb00d516-ae13-4d3c-8a3f-926c553c4eaa/datanode-4/data/ratis/c57c860e-8f2e-4013-995c-1ceb937456e3/in_use.lock acquired by nodename 16999@trunk-nightly-20190901-gkzrd-4143273587
2019-09-01 05:52:56,067 [pool-549-thread-1] INFO  storage.RaftStorage (RaftStorage.java:format(72)) - Storage directory /workdir/hadoop-ozone/integration-test/target/test-dir/MiniOzoneClusterImpl-fb00d516-ae13-4d3c-8a3f-926c553c4eaa/datanode-4/data/ratis/c57c860e-8f2e-4013-995c-1ceb937456e3 has been successfully formatted.
2019-09-01 05:52:56,067 [pool-549-thread-1] INFO  ratis.ContainerStateMachine (ContainerStateMachine.java:loadSnapshot(227)) - group-1CEB937456E3: The snapshot info is null. Setting the last applied indexto:(t:0, i:~)
2019-09-01 05:52:56,068 [pool-549-thread-1] INFO  server.RaftServerConfigKeys (ConfUtils.java:logGet(43)) - raft.server.leader.election.timeout = 120s (custom)
2019-09-01 05:52:56,068 [pool-549-thread-1] INFO  server.RaftServerConfigKeys (ConfUtils.java:logGet(43)) - raft.server.log.use.memory = false (default)
2019-09-01 05:52:56,068 [pool-549-thread-1] INFO  server.RaftServerConfigKeys (ConfUtils.java:logGet(43)) - raft.server.log.purge.gap = 1000000 (custom)
2019-09-01 05:52:56,068 [pool-549-thread-1] INFO  server.RaftServerConfigKeys (ConfUtils.java:logGet(43)) - raft.server.log.appender.buffer.byte-limit = 33554432 (custom)
2019-09-01 05:52:56,068 [pool-549-thread-1] INFO  server.RaftServerConfigKeys (ConfUtils.java:logGet(43)) - raft.server.log.segment.size.max = 1048576 (custom)
2019-09-01 05:52:56,068 [pool-549-thread-1] INFO  server.RaftServerConfigKeys (ConfUtils.java:logGet(43)) - raft.server.log.segment.cache.num.max = 2 (custom)
2019-09-01 05:52:56,068 [pool-549-thread-1] INFO  segmented.SegmentedRaftLogWorker (SegmentedRaftLogWorker.java:<init>(172)) - new 2e72a9ea-f178-40e5-bf42-2c889e32e769-SegmentedRaftLogWorker:Storage Directory /workdir/hadoop-ozone/integration-test/target/test-dir/MiniOzoneClusterImpl-fb00d516-ae13-4d3c-8a3f-926c553c4eaa/datanode-4/data/ratis/c57c860e-8f2e-4013-995c-1ceb937456e3 for RaftStorage:Storage Directory /workdir/hadoop-ozone/integration-test/target/test-dir/MiniOzoneClusterImpl-fb00d516-ae13-4d3c-8a3f-926c553c4eaa/datanode-4/data/ratis/c57c860e-8f2e-4013-995c-1ceb937456e3
2019-09-01 05:52:56,069 [pool-549-thread-1] INFO  server.RaftServerConfigKeys (ConfUtils.java:logGet(43)) - raft.server.log.queue.byte-limit = 2147483647 (custom)
2019-09-01 05:52:56,069 [pool-549-thread-1] INFO  server.RaftServerConfigKeys (ConfUtils.java:logGet(43)) - raft.server.log.queue.element-limit = 1024 (custom)
2019-09-01 05:52:56,069 [pool-549-thread-1] INFO  server.RaftServerConfigKeys (ConfUtils.java:logGet(43)) - raft.server.log.segment.size.max = 1048576 (custom)
2019-09-01 05:52:56,069 [pool-549-thread-1] INFO  server.RaftServerConfigKeys (ConfUtils.java:logGet(43)) - raft.server.log.preallocated.size = 16384 (custom)
2019-09-01 05:52:56,069 [pool-549-thread-1] INFO  server.RaftServerConfigKeys (ConfUtils.java:logGet(43)) - raft.server.log.write.buffer.size = 33554432 (custom)
2019-09-01 05:52:56,069 [pool-549-thread-1] INFO  server.RaftServerConfigKeys (ConfUtils.java:logGet(43)) - raft.server.log.force.sync.num = 128 (default)
2019-09-01 05:52:56,070 [pool-549-thread-1] INFO  server.RaftServerConfigKeys (ConfUtils.java:logGet(43)) - raft.server.log.statemachine.data.sync = true (default)
2019-09-01 05:52:56,070 [pool-549-thread-1] INFO  server.RaftServerConfigKeys (ConfUtils.java:logGet(43)) - raft.server.log.statemachine.data.sync.timeout = 10s (default)
2019-09-01 05:52:56,070 [pool-549-thread-1] INFO  server.RaftServerConfigKeys (ConfUtils.java:logGet(43)) - raft.server.log.statemachine.data.sync.timeout.retry = -1 (default)
2019-09-01 05:52:56,070 [pool-549-thread-1] INFO  server.RaftServerConfigKeys (ConfUtils.java:logGet(43)) - raft.server.log.statemachine.data.caching.enabled = true (custom)
2019-09-01 05:52:56,070 [pool-549-thread-1] INFO  segmented.SegmentedRaftLogWorker (SegmentedRaftLogWorker.java:lambda$new$0(132)) - 2e72a9ea-f178-40e5-bf42-2c889e32e769-SegmentedRaftLogWorker:Storage Directory /workdir/hadoop-ozone/integration-test/target/test-dir/MiniOzoneClusterImpl-fb00d516-ae13-4d3c-8a3f-926c553c4eaa/datanode-4/data/ratis/c57c860e-8f2e-4013-995c-1ceb937456e3: flushIndex: setUnconditionally 0 -> -1
2019-09-01 05:52:56,071 [pool-549-thread-1] INFO  server.RaftServerConfigKeys (ConfUtils.java:logGet(43)) - raft.server.snapshot.auto.trigger.enabled = true (custom)
2019-09-01 05:52:56,071 [pool-549-thread-1] INFO  server.RaftServerConfigKeys (ConfUtils.java:logGet(43)) - raft.server.snapshot.auto.trigger.threshold = 10000 (custom)
2019-09-01 05:52:56,071 [pool-549-thread-1] INFO  server.RaftServerConfigKeys (ConfUtils.java:logGet(43)) - raft.server.retrycache.expirytime = 600000ms (custom)
2019-09-01 05:52:56,071 [pool-549-thread-1] INFO  impl.RaftServerImpl (RaftServerImpl.java:start(180)) - 2e72a9ea-f178-40e5-bf42-2c889e32e769: start group-1CEB937456E3
2019-09-01 05:52:56,071 [pool-549-thread-1] INFO  impl.RaftServerImpl (RaftServerImpl.java:setRole(171)) - 2e72a9ea-f178-40e5-bf42-2c889e32e769:group-1CEB937456E3 changes role from null to FOLLOWER at term 0 for startAsFollower
2019-09-01 05:52:56,072 [pool-549-thread-1] INFO  impl.RoleInfo (RoleInfo.java:updateAndGet(143)) - 2e72a9ea-f178-40e5-bf42-2c889e32e769: start FollowerState
2019-09-01 05:52:56,072 [pool-549-thread-1] INFO  util.JmxRegister (JmxRegister.java:tryRegister(44)) - Successfully registered JMX Bean with object name Ratis:service=RaftServer,group=group-1CEB937456E3,id=2e72a9ea-f178-40e5-bf42-2c889e32e769
2019-09-01 05:52:56,074 [RatisPipelineUtilsThread] INFO  pipeline.PipelineStateManager (PipelineStateManager.java:addPipeline(56)) - Created pipeline Pipeline[ Id: c57c860e-8f2e-4013-995c-1ceb937456e3, Nodes: 2e72a9ea-f178-40e5-bf42-2c889e32e769{ip: 192.168.36.91, host: trunk-nightly-20190901-gkzrd-4143273587, networkLocation: /rack1, certSerialId: null}, Type:RATIS, Factor:ONE, State:OPEN]
2019-09-01 05:52:56,083 [grpc-default-executor-6] INFO  impl.RaftServerProxy (RaftServerProxy.java:addNew(89)) - e504cd85-a1db-4587-8509-c7399dc7cafe: addNew group-2B36214608ED:[e504cd85-a1db-4587-8509-c7399dc7cafe:192.168.36.91:36185] returns group-2B36214608ED:java.util.concurrent.CompletableFuture@582c83c8[Not completed]
2019-09-01 05:52:56,085 [pool-579-thread-1] INFO  impl.RaftServerImpl (RaftServerImpl.java:<init>(93)) - e504cd85-a1db-4587-8509-c7399dc7cafe: new RaftServerImpl for group-2B36214608ED:[e504cd85-a1db-4587-8509-c7399dc7cafe:192.168.36.91:36185] with ContainerStateMachine:uninitialized
2019-09-01 05:52:56,085 [pool-579-thread-1] INFO  server.RaftServerConfigKeys (ConfUtils.java:logGet(43)) - raft.server.rpc.timeout.min = 1s (custom)
2019-09-01 05:52:56,085 [pool-579-thread-1] INFO  server.RaftServerConfigKeys (ConfUtils.java:logGet(43)) - raft.server.rpc.timeout.max = 1200ms (custom)
2019-09-01 05:52:56,085 [pool-579-thread-1] INFO  server.RaftServerConfigKeys (ConfUtils.java:logGet(43)) - raft.server.rpcslowness.timeout = 120s (custom)
2019-09-01 05:52:56,085 [pool-579-thread-1] INFO  server.RaftServerConfigKeys (ConfUtils.java:logGet(43)) - raft.server.sleep.deviation.threshold = 300 (default)
2019-09-01 05:52:56,085 [pool-579-thread-1] INFO  server.RaftServerConfigKeys (ConfUtils.java:logGet(43)) - raft.server.log.appender.install.snapshot.enabled = false (custom)
2019-09-01 05:52:56,085 [pool-579-thread-1] INFO  impl.RaftServerImpl (ServerState.java:<init>(105)) - e504cd85-a1db-4587-8509-c7399dc7cafe:group-2B36214608ED ConfigurationManager, init=-1: [e504cd85-a1db-4587-8509-c7399dc7cafe:192.168.36.91:36185], old=null, confs=<EMPTY_MAP>
2019-09-01 05:52:56,086 [pool-579-thread-1] INFO  server.RaftServerConfigKeys (ConfUtils.java:logGet(43)) - raft.server.storage.dir = [/workdir/hadoop-ozone/integration-test/target/test-dir/MiniOzoneClusterImpl-fb00d516-ae13-4d3c-8a3f-926c553c4eaa/datanode-7/data/ratis] (custom)
2019-09-01 05:52:56,086 [pool-579-thread-1] INFO  storage.RaftStorageDirectory (RaftStorageDirectory.java:analyzeStorage(246)) - The storage directory /workdir/hadoop-ozone/integration-test/target/test-dir/MiniOzoneClusterImpl-fb00d516-ae13-4d3c-8a3f-926c553c4eaa/datanode-7/data/ratis/e9ff67bb-a997-4147-8dd2-2b36214608ed does not exist. Creating ...
2019-09-01 05:52:56,151 [pool-579-thread-1] INFO  storage.RaftStorageDirectory (RaftStorageDirectory.java:tryLock(328)) - Lock on /workdir/hadoop-ozone/integration-test/target/test-dir/MiniOzoneClusterImpl-fb00d516-ae13-4d3c-8a3f-926c553c4eaa/datanode-7/data/ratis/e9ff67bb-a997-4147-8dd2-2b36214608ed/in_use.lock acquired by nodename 16999@trunk-nightly-20190901-gkzrd-4143273587
2019-09-01 05:52:56,207 [pool-579-thread-1] INFO  storage.RaftStorage (RaftStorage.java:format(72)) - Storage directory /workdir/hadoop-ozone/integration-test/target/test-dir/MiniOzoneClusterImpl-fb00d516-ae13-4d3c-8a3f-926c553c4eaa/datanode-7/data/ratis/e9ff67bb-a997-4147-8dd2-2b36214608ed has been successfully formatted.
2019-09-01 05:52:56,207 [pool-579-thread-1] INFO  ratis.ContainerStateMachine (ContainerStateMachine.java:loadSnapshot(227)) - group-2B36214608ED: The snapshot info is null. Setting the last applied indexto:(t:0, i:~)
2019-09-01 05:52:56,208 [pool-579-thread-1] INFO  server.RaftServerConfigKeys (ConfUtils.java:logGet(43)) - raft.server.leader.election.timeout = 120s (custom)
2019-09-01 05:52:56,208 [pool-579-thread-1] INFO  server.RaftServerConfigKeys (ConfUtils.java:logGet(43)) - raft.server.log.use.memory = false (default)
2019-09-01 05:52:56,208 [pool-579-thread-1] INFO  server.RaftServerConfigKeys (ConfUtils.java:logGet(43)) - raft.server.log.purge.gap = 1000000 (custom)
2019-09-01 05:52:56,208 [pool-579-thread-1] INFO  server.RaftServerConfigKeys (ConfUtils.java:logGet(43)) - raft.server.log.appender.buffer.byte-limit = 33554432 (custom)
2019-09-01 05:52:56,208 [pool-579-thread-1] INFO  server.RaftServerConfigKeys (ConfUtils.java:logGet(43)) - raft.server.log.segment.size.max = 1048576 (custom)
2019-09-01 05:52:56,209 [pool-579-thread-1] INFO  server.RaftServerConfigKeys (ConfUtils.java:logGet(43)) - raft.server.log.segment.cache.num.max = 2 (custom)
2019-09-01 05:52:56,209 [pool-579-thread-1] INFO  segmented.SegmentedRaftLogWorker (SegmentedRaftLogWorker.java:<init>(172)) - new e504cd85-a1db-4587-8509-c7399dc7cafe-SegmentedRaftLogWorker:Storage Directory /workdir/hadoop-ozone/integration-test/target/test-dir/MiniOzoneClusterImpl-fb00d516-ae13-4d3c-8a3f-926c553c4eaa/datanode-7/data/ratis/e9ff67bb-a997-4147-8dd2-2b36214608ed for RaftStorage:Storage Directory /workdir/hadoop-ozone/integration-test/target/test-dir/MiniOzoneClusterImpl-fb00d516-ae13-4d3c-8a3f-926c553c4eaa/datanode-7/data/ratis/e9ff67bb-a997-4147-8dd2-2b36214608ed
2019-09-01 05:52:56,209 [pool-579-thread-1] INFO  server.RaftServerConfigKeys (ConfUtils.java:logGet(43)) - raft.server.log.queue.byte-limit = 2147483647 (custom)
2019-09-01 05:52:56,209 [pool-579-thread-1] INFO  server.RaftServerConfigKeys (ConfUtils.java:logGet(43)) - raft.server.log.queue.element-limit = 1024 (custom)
2019-09-01 05:52:56,209 [pool-579-thread-1] INFO  server.RaftServerConfigKeys (ConfUtils.java:logGet(43)) - raft.server.log.segment.size.max = 1048576 (custom)
2019-09-01 05:52:56,210 [pool-579-thread-1] INFO  server.RaftServerConfigKeys (ConfUtils.java:logGet(43)) - raft.server.log.preallocated.size = 16384 (custom)
2019-09-01 05:52:56,210 [pool-579-thread-1] INFO  server.RaftServerConfigKeys (ConfUtils.java:logGet(43)) - raft.server.log.write.buffer.size = 33554432 (custom)
2019-09-01 05:52:56,210 [pool-579-thread-1] INFO  server.RaftServerConfigKeys (ConfUtils.java:logGet(43)) - raft.server.log.force.sync.num = 128 (default)
2019-09-01 05:52:56,210 [pool-579-thread-1] INFO  server.RaftServerConfigKeys (ConfUtils.java:logGet(43)) - raft.server.log.statemachine.data.sync = true (default)
2019-09-01 05:52:56,210 [pool-579-thread-1] INFO  server.RaftServerConfigKeys (ConfUtils.java:logGet(43)) - raft.server.log.statemachine.data.sync.timeout = 10s (default)
2019-09-01 05:52:56,210 [pool-579-thread-1] INFO  server.RaftServerConfigKeys (ConfUtils.java:logGet(43)) - raft.server.log.statemachine.data.sync.timeout.retry = -1 (default)
2019-09-01 05:52:56,211 [pool-579-thread-1] INFO  server.RaftServerConfigKeys (ConfUtils.java:logGet(43)) - raft.server.log.statemachine.data.caching.enabled = true (custom)
2019-09-01 05:52:56,211 [pool-579-thread-1] INFO  segmented.SegmentedRaftLogWorker (SegmentedRaftLogWorker.java:lambda$new$0(132)) - e504cd85-a1db-4587-8509-c7399dc7cafe-SegmentedRaftLogWorker:Storage Directory /workdir/hadoop-ozone/integration-test/target/test-dir/MiniOzoneClusterImpl-fb00d516-ae13-4d3c-8a3f-926c553c4eaa/datanode-7/data/ratis/e9ff67bb-a997-4147-8dd2-2b36214608ed: flushIndex: setUnconditionally 0 -> -1
2019-09-01 05:52:56,212 [pool-579-thread-1] INFO  server.RaftServerConfigKeys (ConfUtils.java:logGet(43)) - raft.server.snapshot.auto.trigger.enabled = true (custom)
2019-09-01 05:52:56,212 [pool-579-thread-1] INFO  server.RaftServerConfigKeys (ConfUtils.java:logGet(43)) - raft.server.snapshot.auto.trigger.threshold = 10000 (custom)
2019-09-01 05:52:56,212 [pool-579-thread-1] INFO  server.RaftServerConfigKeys (ConfUtils.java:logGet(43)) - raft.server.retrycache.expirytime = 600000ms (custom)
2019-09-01 05:52:56,212 [pool-579-thread-1] INFO  impl.RaftServerImpl (RaftServerImpl.java:start(180)) - e504cd85-a1db-4587-8509-c7399dc7cafe: start group-2B36214608ED
2019-09-01 05:52:56,212 [pool-579-thread-1] INFO  impl.RaftServerImpl (RaftServerImpl.java:setRole(171)) - e504cd85-a1db-4587-8509-c7399dc7cafe:group-2B36214608ED changes role from null to FOLLOWER at term 0 for startAsFollower
2019-09-01 05:52:56,213 [pool-579-thread-1] INFO  impl.RoleInfo (RoleInfo.java:updateAndGet(143)) - e504cd85-a1db-4587-8509-c7399dc7cafe: start FollowerState
2019-09-01 05:52:56,213 [pool-579-thread-1] INFO  util.JmxRegister (JmxRegister.java:tryRegister(44)) - Successfully registered JMX Bean with object name Ratis:service=RaftServer,group=group-2B36214608ED,id=e504cd85-a1db-4587-8509-c7399dc7cafe
2019-09-01 05:52:56,216 [RatisPipelineUtilsThread] INFO  pipeline.PipelineStateManager (PipelineStateManager.java:addPipeline(56)) - Created pipeline Pipeline[ Id: e9ff67bb-a997-4147-8dd2-2b36214608ed, Nodes: e504cd85-a1db-4587-8509-c7399dc7cafe{ip: 192.168.36.91, host: trunk-nightly-20190901-gkzrd-4143273587, networkLocation: /rack1, certSerialId: null}, Type:RATIS, Factor:ONE, State:OPEN]
2019-09-01 05:52:56,225 [grpc-default-executor-6] INFO  impl.RaftServerProxy (RaftServerProxy.java:addNew(89)) - 2add93e0-2462-45f9-8504-d95fbdd1cf50: addNew group-81B41AFD0915:[2add93e0-2462-45f9-8504-d95fbdd1cf50:192.168.36.91:37068] returns group-81B41AFD0915:java.util.concurrent.CompletableFuture@2dc549b7[Not completed]
2019-09-01 05:52:56,226 [pool-589-thread-1] INFO  impl.RaftServerImpl (RaftServerImpl.java:<init>(93)) - 2add93e0-2462-45f9-8504-d95fbdd1cf50: new RaftServerImpl for group-81B41AFD0915:[2add93e0-2462-45f9-8504-d95fbdd1cf50:192.168.36.91:37068] with ContainerStateMachine:uninitialized
2019-09-01 05:52:56,226 [pool-589-thread-1] INFO  server.RaftServerConfigKeys (ConfUtils.java:logGet(43)) - raft.server.rpc.timeout.min = 1s (custom)
2019-09-01 05:52:56,227 [pool-589-thread-1] INFO  server.RaftServerConfigKeys (ConfUtils.java:logGet(43)) - raft.server.rpc.timeout.max = 1200ms (custom)
2019-09-01 05:52:56,227 [pool-589-thread-1] INFO  server.RaftServerConfigKeys (ConfUtils.java:logGet(43)) - raft.server.rpcslowness.timeout = 120s (custom)
2019-09-01 05:52:56,227 [pool-589-thread-1] INFO  server.RaftServerConfigKeys (ConfUtils.java:logGet(43)) - raft.server.sleep.deviation.threshold = 300 (default)
2019-09-01 05:52:56,227 [pool-589-thread-1] INFO  server.RaftServerConfigKeys (ConfUtils.java:logGet(43)) - raft.server.log.appender.install.snapshot.enabled = false (custom)
2019-09-01 05:52:56,227 [pool-589-thread-1] INFO  impl.RaftServerImpl (ServerState.java:<init>(105)) - 2add93e0-2462-45f9-8504-d95fbdd1cf50:group-81B41AFD0915 ConfigurationManager, init=-1: [2add93e0-2462-45f9-8504-d95fbdd1cf50:192.168.36.91:37068], old=null, confs=<EMPTY_MAP>
2019-09-01 05:52:56,227 [pool-589-thread-1] INFO  server.RaftServerConfigKeys (ConfUtils.java:logGet(43)) - raft.server.storage.dir = [/workdir/hadoop-ozone/integration-test/target/test-dir/MiniOzoneClusterImpl-fb00d516-ae13-4d3c-8a3f-926c553c4eaa/datanode-8/data/ratis] (custom)
2019-09-01 05:52:56,228 [pool-589-thread-1] INFO  storage.RaftStorageDirectory (RaftStorageDirectory.java:analyzeStorage(246)) - The storage directory /workdir/hadoop-ozone/integration-test/target/test-dir/MiniOzoneClusterImpl-fb00d516-ae13-4d3c-8a3f-926c553c4eaa/datanode-8/data/ratis/c5ed2ac6-c3a6-4d8d-afd7-81b41afd0915 does not exist. Creating ...
2019-09-01 05:52:56,310 [pool-589-thread-1] INFO  storage.RaftStorageDirectory (RaftStorageDirectory.java:tryLock(328)) - Lock on /workdir/hadoop-ozone/integration-test/target/test-dir/MiniOzoneClusterImpl-fb00d516-ae13-4d3c-8a3f-926c553c4eaa/datanode-8/data/ratis/c5ed2ac6-c3a6-4d8d-afd7-81b41afd0915/in_use.lock acquired by nodename 16999@trunk-nightly-20190901-gkzrd-4143273587
2019-09-01 05:52:56,378 [pool-589-thread-1] INFO  storage.RaftStorage (RaftStorage.java:format(72)) - Storage directory /workdir/hadoop-ozone/integration-test/target/test-dir/MiniOzoneClusterImpl-fb00d516-ae13-4d3c-8a3f-926c553c4eaa/datanode-8/data/ratis/c5ed2ac6-c3a6-4d8d-afd7-81b41afd0915 has been successfully formatted.
2019-09-01 05:52:56,378 [pool-589-thread-1] INFO  ratis.ContainerStateMachine (ContainerStateMachine.java:loadSnapshot(227)) - group-81B41AFD0915: The snapshot info is null. Setting the last applied indexto:(t:0, i:~)
2019-09-01 05:52:56,379 [pool-589-thread-1] INFO  server.RaftServerConfigKeys (ConfUtils.java:logGet(43)) - raft.server.leader.election.timeout = 120s (custom)
2019-09-01 05:52:56,379 [pool-589-thread-1] INFO  server.RaftServerConfigKeys (ConfUtils.java:logGet(43)) - raft.server.log.use.memory = false (default)
2019-09-01 05:52:56,379 [pool-589-thread-1] INFO  server.RaftServerConfigKeys (ConfUtils.java:logGet(43)) - raft.server.log.purge.gap = 1000000 (custom)
2019-09-01 05:52:56,379 [pool-589-thread-1] INFO  server.RaftServerConfigKeys (ConfUtils.java:logGet(43)) - raft.server.log.appender.buffer.byte-limit = 33554432 (custom)
2019-09-01 05:52:56,379 [pool-589-thread-1] INFO  server.RaftServerConfigKeys (ConfUtils.java:logGet(43)) - raft.server.log.segment.size.max = 1048576 (custom)
2019-09-01 05:52:56,379 [pool-589-thread-1] INFO  server.RaftServerConfigKeys (ConfUtils.java:logGet(43)) - raft.server.log.segment.cache.num.max = 2 (custom)
2019-09-01 05:52:56,380 [pool-589-thread-1] INFO  segmented.SegmentedRaftLogWorker (SegmentedRaftLogWorker.java:<init>(172)) - new 2add93e0-2462-45f9-8504-d95fbdd1cf50-SegmentedRaftLogWorker:Storage Directory /workdir/hadoop-ozone/integration-test/target/test-dir/MiniOzoneClusterImpl-fb00d516-ae13-4d3c-8a3f-926c553c4eaa/datanode-8/data/ratis/c5ed2ac6-c3a6-4d8d-afd7-81b41afd0915 for RaftStorage:Storage Directory /workdir/hadoop-ozone/integration-test/target/test-dir/MiniOzoneClusterImpl-fb00d516-ae13-4d3c-8a3f-926c553c4eaa/datanode-8/data/ratis/c5ed2ac6-c3a6-4d8d-afd7-81b41afd0915
2019-09-01 05:52:56,380 [pool-589-thread-1] INFO  server.RaftServerConfigKeys (ConfUtils.java:logGet(43)) - raft.server.log.queue.byte-limit = 2147483647 (custom)
2019-09-01 05:52:56,380 [pool-589-thread-1] INFO  server.RaftServerConfigKeys (ConfUtils.java:logGet(43)) - raft.server.log.queue.element-limit = 1024 (custom)
2019-09-01 05:52:56,380 [pool-589-thread-1] INFO  server.RaftServerConfigKeys (ConfUtils.java:logGet(43)) - raft.server.log.segment.size.max = 1048576 (custom)
2019-09-01 05:52:56,380 [pool-589-thread-1] INFO  server.RaftServerConfigKeys (ConfUtils.java:logGet(43)) - raft.server.log.preallocated.size = 16384 (custom)
2019-09-01 05:52:56,380 [pool-589-thread-1] INFO  server.RaftServerConfigKeys (ConfUtils.java:logGet(43)) - raft.server.log.write.buffer.size = 33554432 (custom)
2019-09-01 05:52:56,381 [pool-589-thread-1] INFO  server.RaftServerConfigKeys (ConfUtils.java:logGet(43)) - raft.server.log.force.sync.num = 128 (default)
2019-09-01 05:52:56,381 [pool-589-thread-1] INFO  server.RaftServerConfigKeys (ConfUtils.java:logGet(43)) - raft.server.log.statemachine.data.sync = true (default)
2019-09-01 05:52:56,381 [pool-589-thread-1] INFO  server.RaftServerConfigKeys (ConfUtils.java:logGet(43)) - raft.server.log.statemachine.data.sync.timeout = 10s (default)
2019-09-01 05:52:56,381 [pool-589-thread-1] INFO  server.RaftServerConfigKeys (ConfUtils.java:logGet(43)) - raft.server.log.statemachine.data.sync.timeout.retry = -1 (default)
2019-09-01 05:52:56,381 [pool-589-thread-1] INFO  server.RaftServerConfigKeys (ConfUtils.java:logGet(43)) - raft.server.log.statemachine.data.caching.enabled = true (custom)
2019-09-01 05:52:56,382 [pool-589-thread-1] INFO  segmented.SegmentedRaftLogWorker (SegmentedRaftLogWorker.java:lambda$new$0(132)) - 2add93e0-2462-45f9-8504-d95fbdd1cf50-SegmentedRaftLogWorker:Storage Directory /workdir/hadoop-ozone/integration-test/target/test-dir/MiniOzoneClusterImpl-fb00d516-ae13-4d3c-8a3f-926c553c4eaa/datanode-8/data/ratis/c5ed2ac6-c3a6-4d8d-afd7-81b41afd0915: flushIndex: setUnconditionally 0 -> -1
2019-09-01 05:52:56,382 [pool-589-thread-1] INFO  server.RaftServerConfigKeys (ConfUtils.java:logGet(43)) - raft.server.snapshot.auto.trigger.enabled = true (custom)
2019-09-01 05:52:56,382 [pool-589-thread-1] INFO  server.RaftServerConfigKeys (ConfUtils.java:logGet(43)) - raft.server.snapshot.auto.trigger.threshold = 10000 (custom)
2019-09-01 05:52:56,382 [pool-589-thread-1] INFO  server.RaftServerConfigKeys (ConfUtils.java:logGet(43)) - raft.server.retrycache.expirytime = 600000ms (custom)
2019-09-01 05:52:56,383 [pool-589-thread-1] INFO  impl.RaftServerImpl (RaftServerImpl.java:start(180)) - 2add93e0-2462-45f9-8504-d95fbdd1cf50: start group-81B41AFD0915
2019-09-01 05:52:56,383 [pool-589-thread-1] INFO  impl.RaftServerImpl (RaftServerImpl.java:setRole(171)) - 2add93e0-2462-45f9-8504-d95fbdd1cf50:group-81B41AFD0915 changes role from null to FOLLOWER at term 0 for startAsFollower
2019-09-01 05:52:56,383 [pool-589-thread-1] INFO  impl.RoleInfo (RoleInfo.java:updateAndGet(143)) - 2add93e0-2462-45f9-8504-d95fbdd1cf50: start FollowerState
2019-09-01 05:52:56,383 [pool-589-thread-1] INFO  util.JmxRegister (JmxRegister.java:tryRegister(44)) - Successfully registered JMX Bean with object name Ratis:service=RaftServer,group=group-81B41AFD0915,id=2add93e0-2462-45f9-8504-d95fbdd1cf50
2019-09-01 05:52:56,386 [RatisPipelineUtilsThread] INFO  pipeline.PipelineStateManager (PipelineStateManager.java:addPipeline(56)) - Created pipeline Pipeline[ Id: c5ed2ac6-c3a6-4d8d-afd7-81b41afd0915, Nodes: 2add93e0-2462-45f9-8504-d95fbdd1cf50{ip: 192.168.36.91, host: trunk-nightly-20190901-gkzrd-4143273587, networkLocation: /rack1, certSerialId: null}, Type:RATIS, Factor:ONE, State:OPEN]
2019-09-01 05:52:56,395 [grpc-default-executor-6] INFO  impl.RaftServerProxy (RaftServerProxy.java:addNew(89)) - ce2be70a-d267-4ebc-abe0-fdcdf40aaae1: addNew group-745F023B1BC3:[ce2be70a-d267-4ebc-abe0-fdcdf40aaae1:192.168.36.91:38648] returns group-745F023B1BC3:java.util.concurrent.CompletableFuture@5b3a514e[Not completed]
2019-09-01 05:52:56,397 [pool-599-thread-1] INFO  impl.RaftServerImpl (RaftServerImpl.java:<init>(93)) - ce2be70a-d267-4ebc-abe0-fdcdf40aaae1: new RaftServerImpl for group-745F023B1BC3:[ce2be70a-d267-4ebc-abe0-fdcdf40aaae1:192.168.36.91:38648] with ContainerStateMachine:uninitialized
2019-09-01 05:52:56,397 [pool-599-thread-1] INFO  server.RaftServerConfigKeys (ConfUtils.java:logGet(43)) - raft.server.rpc.timeout.min = 1s (custom)
2019-09-01 05:52:56,397 [pool-599-thread-1] INFO  server.RaftServerConfigKeys (ConfUtils.java:logGet(43)) - raft.server.rpc.timeout.max = 1200ms (custom)
2019-09-01 05:52:56,397 [pool-599-thread-1] INFO  server.RaftServerConfigKeys (ConfUtils.java:logGet(43)) - raft.server.rpcslowness.timeout = 120s (custom)
2019-09-01 05:52:56,397 [pool-599-thread-1] INFO  server.RaftServerConfigKeys (ConfUtils.java:logGet(43)) - raft.server.sleep.deviation.threshold = 300 (default)
2019-09-01 05:52:56,397 [pool-599-thread-1] INFO  server.RaftServerConfigKeys (ConfUtils.java:logGet(43)) - raft.server.log.appender.install.snapshot.enabled = false (custom)
2019-09-01 05:52:56,397 [pool-599-thread-1] INFO  impl.RaftServerImpl (ServerState.java:<init>(105)) - ce2be70a-d267-4ebc-abe0-fdcdf40aaae1:group-745F023B1BC3 ConfigurationManager, init=-1: [ce2be70a-d267-4ebc-abe0-fdcdf40aaae1:192.168.36.91:38648], old=null, confs=<EMPTY_MAP>
2019-09-01 05:52:56,398 [pool-599-thread-1] INFO  server.RaftServerConfigKeys (ConfUtils.java:logGet(43)) - raft.server.storage.dir = [/workdir/hadoop-ozone/integration-test/target/test-dir/MiniOzoneClusterImpl-fb00d516-ae13-4d3c-8a3f-926c553c4eaa/datanode-9/data/ratis] (custom)
2019-09-01 05:52:56,398 [pool-599-thread-1] INFO  storage.RaftStorageDirectory (RaftStorageDirectory.java:analyzeStorage(246)) - The storage directory /workdir/hadoop-ozone/integration-test/target/test-dir/MiniOzoneClusterImpl-fb00d516-ae13-4d3c-8a3f-926c553c4eaa/datanode-9/data/ratis/5e533381-3820-4832-bddd-745f023b1bc3 does not exist. Creating ...
2019-09-01 05:52:56,472 [pool-599-thread-1] INFO  storage.RaftStorageDirectory (RaftStorageDirectory.java:tryLock(328)) - Lock on /workdir/hadoop-ozone/integration-test/target/test-dir/MiniOzoneClusterImpl-fb00d516-ae13-4d3c-8a3f-926c553c4eaa/datanode-9/data/ratis/5e533381-3820-4832-bddd-745f023b1bc3/in_use.lock acquired by nodename 16999@trunk-nightly-20190901-gkzrd-4143273587
2019-09-01 05:52:56,498 [Thread-3588] INFO  impl.FollowerState (FollowerState.java:run(106)) - 196a83ac-f404-447a-85c9-b484bfff17ef:group-7DF048B7DBD0 changes to CANDIDATE, lastRpcTime:1170, electionTimeout:1170ms
2019-09-01 05:52:56,498 [Thread-3588] INFO  impl.RoleInfo (RoleInfo.java:shutdownFollowerState(121)) - 196a83ac-f404-447a-85c9-b484bfff17ef: shutdown FollowerState
2019-09-01 05:52:56,498 [Thread-3588] INFO  impl.RaftServerImpl (RaftServerImpl.java:setRole(171)) - 196a83ac-f404-447a-85c9-b484bfff17ef:group-7DF048B7DBD0 changes role from FOLLOWER to CANDIDATE at term 0 for changeToCandidate
2019-09-01 05:52:56,499 [Thread-3588] INFO  impl.RoleInfo (RoleInfo.java:updateAndGet(143)) - 196a83ac-f404-447a-85c9-b484bfff17ef: start LeaderElection
2019-09-01 05:52:56,532 [main] INFO  ozone.MiniOzoneClusterImpl (MiniOzoneClusterImpl.java:lambda$waitForClusterToBeReady$0(140)) - Cluster is ready. Got 10 of 10 DN Heartbeats.
2019-09-01 05:52:56,549 [pool-599-thread-1] INFO  storage.RaftStorage (RaftStorage.java:format(72)) - Storage directory /workdir/hadoop-ozone/integration-test/target/test-dir/MiniOzoneClusterImpl-fb00d516-ae13-4d3c-8a3f-926c553c4eaa/datanode-9/data/ratis/5e533381-3820-4832-bddd-745f023b1bc3 has been successfully formatted.
2019-09-01 05:52:56,549 [196a83ac-f404-447a-85c9-b484bfff17ef:group-7DF048B7DBD0:LeaderElection169] INFO  impl.LeaderElection (LeaderElection.java:askForVotes(181)) - 196a83ac-f404-447a-85c9-b484bfff17ef:group-7DF048B7DBD0:LeaderElection169: begin an election at term 1 for -1: [196a83ac-f404-447a-85c9-b484bfff17ef:192.168.36.91:35328], old=null
2019-09-01 05:52:56,550 [196a83ac-f404-447a-85c9-b484bfff17ef:group-7DF048B7DBD0:LeaderElection169] INFO  impl.RoleInfo (RoleInfo.java:shutdownLeaderElection(134)) - 196a83ac-f404-447a-85c9-b484bfff17ef: shutdown LeaderElection
2019-09-01 05:52:56,550 [pool-599-thread-1] INFO  ratis.ContainerStateMachine (ContainerStateMachine.java:loadSnapshot(227)) - group-745F023B1BC3: The snapshot info is null. Setting the last applied indexto:(t:0, i:~)
2019-09-01 05:52:56,550 [196a83ac-f404-447a-85c9-b484bfff17ef:group-7DF048B7DBD0:LeaderElection169] INFO  impl.RaftServerImpl (RaftServerImpl.java:setRole(171)) - 196a83ac-f404-447a-85c9-b484bfff17ef:group-7DF048B7DBD0 changes role from CANDIDATE to LEADER at term 1 for changeToLeader
2019-09-01 05:52:56,562 [pool-599-thread-1] INFO  server.RaftServerConfigKeys (ConfUtils.java:logGet(43)) - raft.server.leader.election.timeout = 120s (custom)
2019-09-01 05:52:56,562 [196a83ac-f404-447a-85c9-b484bfff17ef:group-7DF048B7DBD0:LeaderElection169] INFO  impl.RaftServerImpl (ServerState.java:setLeader(263)) - 196a83ac-f404-447a-85c9-b484bfff17ef:group-7DF048B7DBD0 change Leader from null to 196a83ac-f404-447a-85c9-b484bfff17ef at term 1 for becomeLeader, leader elected after 1242ms
2019-09-01 05:52:56,563 [pool-599-thread-1] INFO  server.RaftServerConfigKeys (ConfUtils.java:logGet(43)) - raft.server.log.use.memory = false (default)
2019-09-01 05:52:56,563 [196a83ac-f404-447a-85c9-b484bfff17ef:group-7DF048B7DBD0:LeaderElection169] INFO  server.RaftServerConfigKeys (ConfUtils.java:logGet(43)) - raft.server.staging.catchup.gap = 1000 (default)
2019-09-01 05:52:56,563 [pool-599-thread-1] INFO  server.RaftServerConfigKeys (ConfUtils.java:logGet(43)) - raft.server.log.purge.gap = 1000000 (custom)
2019-09-01 05:52:56,563 [196a83ac-f404-447a-85c9-b484bfff17ef:group-7DF048B7DBD0:LeaderElection169] INFO  server.RaftServerConfigKeys (ConfUtils.java:logGet(43)) - raft.server.rpc.sleep.time = 25ms (default)
2019-09-01 05:52:56,563 [pool-599-thread-1] INFO  server.RaftServerConfigKeys (ConfUtils.java:logGet(43)) - raft.server.log.appender.buffer.byte-limit = 33554432 (custom)
2019-09-01 05:52:56,563 [196a83ac-f404-447a-85c9-b484bfff17ef:group-7DF048B7DBD0:LeaderElection169] INFO  server.RaftServerConfigKeys (ConfUtils.java:logGet(43)) - raft.server.write.element-limit = 4096 (default)
2019-09-01 05:52:56,564 [pool-599-thread-1] INFO  server.RaftServerConfigKeys (ConfUtils.java:logGet(43)) - raft.server.log.segment.size.max = 1048576 (custom)
2019-09-01 05:52:56,564 [196a83ac-f404-447a-85c9-b484bfff17ef:group-7DF048B7DBD0:LeaderElection169] INFO  server.RaftServerConfigKeys (ConfUtils.java:logGet(43)) - raft.server.watch.timeout = 10s (default)
2019-09-01 05:52:56,564 [pool-599-thread-1] INFO  server.RaftServerConfigKeys (ConfUtils.java:logGet(43)) - raft.server.log.segment.cache.num.max = 2 (custom)
2019-09-01 05:52:56,564 [196a83ac-f404-447a-85c9-b484bfff17ef:group-7DF048B7DBD0:LeaderElection169] INFO  server.RaftServerConfigKeys (ConfUtils.java:logGet(43)) - raft.server.watch.timeout.denomination = 1s (default)
2019-09-01 05:52:56,564 [pool-599-thread-1] INFO  segmented.SegmentedRaftLogWorker (SegmentedRaftLogWorker.java:<init>(172)) - new ce2be70a-d267-4ebc-abe0-fdcdf40aaae1-SegmentedRaftLogWorker:Storage Directory /workdir/hadoop-ozone/integration-test/target/test-dir/MiniOzoneClusterImpl-fb00d516-ae13-4d3c-8a3f-926c553c4eaa/datanode-9/data/ratis/5e533381-3820-4832-bddd-745f023b1bc3 for RaftStorage:Storage Directory /workdir/hadoop-ozone/integration-test/target/test-dir/MiniOzoneClusterImpl-fb00d516-ae13-4d3c-8a3f-926c553c4eaa/datanode-9/data/ratis/5e533381-3820-4832-bddd-745f023b1bc3
2019-09-01 05:52:56,564 [196a83ac-f404-447a-85c9-b484bfff17ef:group-7DF048B7DBD0:LeaderElection169] INFO  server.RaftServerConfigKeys (ConfUtils.java:logGet(43)) - raft.server.watch.element-limit = 65536 (default)
2019-09-01 05:52:56,565 [pool-599-thread-1] INFO  server.RaftServerConfigKeys (ConfUtils.java:logGet(43)) - raft.server.log.queue.byte-limit = 2147483647 (custom)
2019-09-01 05:52:56,565 [pool-599-thread-1] INFO  server.RaftServerConfigKeys (ConfUtils.java:logGet(43)) - raft.server.log.queue.element-limit = 1024 (custom)
2019-09-01 05:52:56,565 [196a83ac-f404-447a-85c9-b484bfff17ef:group-7DF048B7DBD0:LeaderElection169] INFO  impl.RoleInfo (RoleInfo.java:updateAndGet(143)) - 196a83ac-f404-447a-85c9-b484bfff17ef: start LeaderState
2019-09-01 05:52:56,566 [pool-599-thread-1] INFO  server.RaftServerConfigKeys (ConfUtils.java:logGet(43)) - raft.server.log.segment.size.max = 1048576 (custom)
2019-09-01 05:52:56,566 [196a83ac-f404-447a-85c9-b484bfff17ef:group-7DF048B7DBD0:LeaderElection169] INFO  segmented.SegmentedRaftLogWorker (SegmentedRaftLogWorker.java:startLogSegment(380)) - 196a83ac-f404-447a-85c9-b484bfff17ef-SegmentedRaftLogWorker:Storage Directory /workdir/hadoop-ozone/integration-test/target/test-dir/MiniOzoneClusterImpl-fb00d516-ae13-4d3c-8a3f-926c553c4eaa/datanode-0/data/ratis/9318f69d-a636-419f-9937-7df048b7dbd0: Starting segment from index:0
2019-09-01 05:52:56,566 [pool-599-thread-1] INFO  server.RaftServerConfigKeys (ConfUtils.java:logGet(43)) - raft.server.log.preallocated.size = 16384 (custom)
2019-09-01 05:52:56,566 [pool-599-thread-1] INFO  server.RaftServerConfigKeys (ConfUtils.java:logGet(43)) - raft.server.log.write.buffer.size = 33554432 (custom)
2019-09-01 05:52:56,567 [pool-599-thread-1] INFO  server.RaftServerConfigKeys (ConfUtils.java:logGet(43)) - raft.server.log.force.sync.num = 128 (default)
2019-09-01 05:52:56,567 [196a83ac-f404-447a-85c9-b484bfff17ef:group-7DF048B7DBD0:LeaderElection169] INFO  impl.RaftServerImpl (ServerState.java:setRaftConf(361)) - 196a83ac-f404-447a-85c9-b484bfff17ef:group-7DF048B7DBD0 set configuration 0: [196a83ac-f404-447a-85c9-b484bfff17ef:192.168.36.91:35328], old=null at 0
2019-09-01 05:52:56,567 [pool-599-thread-1] INFO  server.RaftServerConfigKeys (ConfUtils.java:logGet(43)) - raft.server.log.statemachine.data.sync = true (default)
2019-09-01 05:52:56,567 [pool-599-thread-1] INFO  server.RaftServerConfigKeys (ConfUtils.java:logGet(43)) - raft.server.log.statemachine.data.sync.timeout = 10s (default)
2019-09-01 05:52:56,567 [pool-599-thread-1] INFO  server.RaftServerConfigKeys (ConfUtils.java:logGet(43)) - raft.server.log.statemachine.data.sync.timeout.retry = -1 (default)
2019-09-01 05:52:56,568 [pool-599-thread-1] INFO  server.RaftServerConfigKeys (ConfUtils.java:logGet(43)) - raft.server.log.statemachine.data.caching.enabled = true (custom)
2019-09-01 05:52:56,568 [main] INFO  rpc.RpcClient (RpcClient.java:createVolume(293)) - Creating Volume: datanodefailurehandlingtest, with jenkins1000 as owner.
2019-09-01 05:52:56,568 [pool-599-thread-1] INFO  segmented.SegmentedRaftLogWorker (SegmentedRaftLogWorker.java:lambda$new$0(132)) - ce2be70a-d267-4ebc-abe0-fdcdf40aaae1-SegmentedRaftLogWorker:Storage Directory /workdir/hadoop-ozone/integration-test/target/test-dir/MiniOzoneClusterImpl-fb00d516-ae13-4d3c-8a3f-926c553c4eaa/datanode-9/data/ratis/5e533381-3820-4832-bddd-745f023b1bc3: flushIndex: setUnconditionally 0 -> -1
2019-09-01 05:52:56,569 [pool-599-thread-1] INFO  server.RaftServerConfigKeys (ConfUtils.java:logGet(43)) - raft.server.snapshot.auto.trigger.enabled = true (custom)
2019-09-01 05:52:56,569 [pool-599-thread-1] INFO  server.RaftServerConfigKeys (ConfUtils.java:logGet(43)) - raft.server.snapshot.auto.trigger.threshold = 10000 (custom)
2019-09-01 05:52:56,569 [pool-599-thread-1] INFO  server.RaftServerConfigKeys (ConfUtils.java:logGet(43)) - raft.server.retrycache.expirytime = 600000ms (custom)
2019-09-01 05:52:56,570 [pool-599-thread-1] INFO  impl.RaftServerImpl (RaftServerImpl.java:start(180)) - ce2be70a-d267-4ebc-abe0-fdcdf40aaae1: start group-745F023B1BC3
2019-09-01 05:52:56,570 [pool-599-thread-1] INFO  impl.RaftServerImpl (RaftServerImpl.java:setRole(171)) - ce2be70a-d267-4ebc-abe0-fdcdf40aaae1:group-745F023B1BC3 changes role from null to FOLLOWER at term 0 for startAsFollower
2019-09-01 05:52:56,570 [pool-599-thread-1] INFO  impl.RoleInfo (RoleInfo.java:updateAndGet(143)) - ce2be70a-d267-4ebc-abe0-fdcdf40aaae1: start FollowerState
2019-09-01 05:52:56,571 [pool-599-thread-1] INFO  util.JmxRegister (JmxRegister.java:tryRegister(44)) - Successfully registered JMX Bean with object name Ratis:service=RaftServer,group=group-745F023B1BC3,id=ce2be70a-d267-4ebc-abe0-fdcdf40aaae1
2019-09-01 05:52:56,606 [RatisPipelineUtilsThread] INFO  pipeline.PipelineStateManager (PipelineStateManager.java:addPipeline(56)) - Created pipeline Pipeline[ Id: 5e533381-3820-4832-bddd-745f023b1bc3, Nodes: ce2be70a-d267-4ebc-abe0-fdcdf40aaae1{ip: 192.168.36.91, host: trunk-nightly-20190901-gkzrd-4143273587, networkLocation: /rack1, certSerialId: null}, Type:RATIS, Factor:ONE, State:OPEN]
2019-09-01 05:52:56,607 [main] INFO  rpc.RpcClient (RpcClient.java:createBucket(432)) - Creating Bucket: datanodefailurehandlingtest/datanodefailurehandlingtest, with Versioning false and Storage Type set to DISK and Encryption set to false 
2019-09-01 05:52:56,629 [grpc-default-executor-6] INFO  impl.RaftServerProxy (RaftServerProxy.java:addNew(89)) - 9adf8f3f-00f4-442f-a7e9-ac686daae57d: addNew group-530F2349AF89:[9adf8f3f-00f4-442f-a7e9-ac686daae57d:192.168.36.91:44931] returns group-530F2349AF89:java.util.concurrent.CompletableFuture@7ae8032e[Not completed]
2019-09-01 05:52:56,631 [pool-529-thread-1] INFO  impl.RaftServerImpl (RaftServerImpl.java:<init>(93)) - 9adf8f3f-00f4-442f-a7e9-ac686daae57d: new RaftServerImpl for group-530F2349AF89:[9adf8f3f-00f4-442f-a7e9-ac686daae57d:192.168.36.91:44931] with ContainerStateMachine:uninitialized
2019-09-01 05:52:56,632 [pool-529-thread-1] INFO  server.RaftServerConfigKeys (ConfUtils.java:logGet(43)) - raft.server.rpc.timeout.min = 1s (custom)
2019-09-01 05:52:56,632 [pool-529-thread-1] INFO  server.RaftServerConfigKeys (ConfUtils.java:logGet(43)) - raft.server.rpc.timeout.max = 1200ms (custom)
2019-09-01 05:52:56,632 [pool-529-thread-1] INFO  server.RaftServerConfigKeys (ConfUtils.java:logGet(43)) - raft.server.rpcslowness.timeout = 120s (custom)
2019-09-01 05:52:56,632 [pool-529-thread-1] INFO  server.RaftServerConfigKeys (ConfUtils.java:logGet(43)) - raft.server.sleep.deviation.threshold = 300 (default)
2019-09-01 05:52:56,632 [pool-529-thread-1] INFO  server.RaftServerConfigKeys (ConfUtils.java:logGet(43)) - raft.server.log.appender.install.snapshot.enabled = false (custom)
2019-09-01 05:52:56,632 [pool-529-thread-1] INFO  impl.RaftServerImpl (ServerState.java:<init>(105)) - 9adf8f3f-00f4-442f-a7e9-ac686daae57d:group-530F2349AF89 ConfigurationManager, init=-1: [9adf8f3f-00f4-442f-a7e9-ac686daae57d:192.168.36.91:44931], old=null, confs=<EMPTY_MAP>
2019-09-01 05:52:56,633 [pool-529-thread-1] INFO  server.RaftServerConfigKeys (ConfUtils.java:logGet(43)) - raft.server.storage.dir = [/workdir/hadoop-ozone/integration-test/target/test-dir/MiniOzoneClusterImpl-fb00d516-ae13-4d3c-8a3f-926c553c4eaa/datanode-2/data/ratis] (custom)
2019-09-01 05:52:56,633 [pool-529-thread-1] INFO  storage.RaftStorageDirectory (RaftStorageDirectory.java:analyzeStorage(246)) - The storage directory /workdir/hadoop-ozone/integration-test/target/test-dir/MiniOzoneClusterImpl-fb00d516-ae13-4d3c-8a3f-926c553c4eaa/datanode-2/data/ratis/e5deabbb-ac21-4a0b-b4a4-530f2349af89 does not exist. Creating ...
2019-09-01 05:52:56,719 [196a83ac-f404-447a-85c9-b484bfff17ef-SegmentedRaftLogWorker:Storage Directory /workdir/hadoop-ozone/integration-test/target/test-dir/MiniOzoneClusterImpl-fb00d516-ae13-4d3c-8a3f-926c553c4eaa/datanode-0/data/ratis/9318f69d-a636-419f-9937-7df048b7dbd0] INFO  segmented.SegmentedRaftLogWorker (SegmentedRaftLogWorker.java:execute(569)) - 196a83ac-f404-447a-85c9-b484bfff17ef-SegmentedRaftLogWorker:Storage Directory /workdir/hadoop-ozone/integration-test/target/test-dir/MiniOzoneClusterImpl-fb00d516-ae13-4d3c-8a3f-926c553c4eaa/datanode-0/data/ratis/9318f69d-a636-419f-9937-7df048b7dbd0: created new log segment /workdir/hadoop-ozone/integration-test/target/test-dir/MiniOzoneClusterImpl-fb00d516-ae13-4d3c-8a3f-926c553c4eaa/datanode-0/data/ratis/9318f69d-a636-419f-9937-7df048b7dbd0/current/log_inprogress_0
2019-09-01 05:52:56,734 [Thread-3591] INFO  impl.FollowerState (FollowerState.java:run(106)) - 99b5111b-d356-42b4-8380-346acbcabf6e:group-21A5ED0EAC4D changes to CANDIDATE, lastRpcTime:1094, electionTimeout:1094ms
2019-09-01 05:52:56,734 [Thread-3591] INFO  impl.RoleInfo (RoleInfo.java:shutdownFollowerState(121)) - 99b5111b-d356-42b4-8380-346acbcabf6e: shutdown FollowerState
2019-09-01 05:52:56,735 [Thread-3591] INFO  impl.RaftServerImpl (RaftServerImpl.java:setRole(171)) - 99b5111b-d356-42b4-8380-346acbcabf6e:group-21A5ED0EAC4D changes role from FOLLOWER to CANDIDATE at term 0 for changeToCandidate
2019-09-01 05:52:56,735 [Thread-3591] INFO  impl.RoleInfo (RoleInfo.java:updateAndGet(143)) - 99b5111b-d356-42b4-8380-346acbcabf6e: start LeaderElection
2019-09-01 05:52:56,749 [pool-529-thread-1] INFO  storage.RaftStorageDirectory (RaftStorageDirectory.java:tryLock(328)) - Lock on /workdir/hadoop-ozone/integration-test/target/test-dir/MiniOzoneClusterImpl-fb00d516-ae13-4d3c-8a3f-926c553c4eaa/datanode-2/data/ratis/e5deabbb-ac21-4a0b-b4a4-530f2349af89/in_use.lock acquired by nodename 16999@trunk-nightly-20190901-gkzrd-4143273587
2019-09-01 05:52:56,956 [Thread-3594] INFO  impl.FollowerState (FollowerState.java:run(106)) - f61a82c2-42b9-49e6-922b-54bde2900752:group-6BC3A0FC5839 changes to CANDIDATE, lastRpcTime:1067, electionTimeout:1067ms
2019-09-01 05:52:56,957 [Thread-3594] INFO  impl.RoleInfo (RoleInfo.java:shutdownFollowerState(121)) - f61a82c2-42b9-49e6-922b-54bde2900752: shutdown FollowerState
2019-09-01 05:52:56,957 [Thread-3594] INFO  impl.RaftServerImpl (RaftServerImpl.java:setRole(171)) - f61a82c2-42b9-49e6-922b-54bde2900752:group-6BC3A0FC5839 changes role from FOLLOWER to CANDIDATE at term 0 for changeToCandidate
2019-09-01 05:52:56,957 [Thread-3594] INFO  impl.RoleInfo (RoleInfo.java:updateAndGet(143)) - f61a82c2-42b9-49e6-922b-54bde2900752: start LeaderElection
2019-09-01 05:52:57,112 [Thread-3597] INFO  impl.FollowerState (FollowerState.java:run(106)) - 2e72a9ea-f178-40e5-bf42-2c889e32e769:group-1CEB937456E3 changes to CANDIDATE, lastRpcTime:1040, electionTimeout:1040ms
2019-09-01 05:52:57,112 [Thread-3597] INFO  impl.RoleInfo (RoleInfo.java:shutdownFollowerState(121)) - 2e72a9ea-f178-40e5-bf42-2c889e32e769: shutdown FollowerState
2019-09-01 05:52:57,112 [Thread-3597] INFO  impl.RaftServerImpl (RaftServerImpl.java:setRole(171)) - 2e72a9ea-f178-40e5-bf42-2c889e32e769:group-1CEB937456E3 changes role from FOLLOWER to CANDIDATE at term 0 for changeToCandidate
2019-09-01 05:52:57,113 [Thread-3597] INFO  impl.RoleInfo (RoleInfo.java:updateAndGet(143)) - 2e72a9ea-f178-40e5-bf42-2c889e32e769: start LeaderElection
2019-09-01 05:52:57,221 [pool-529-thread-1] INFO  storage.RaftStorage (RaftStorage.java:format(72)) - Storage directory /workdir/hadoop-ozone/integration-test/target/test-dir/MiniOzoneClusterImpl-fb00d516-ae13-4d3c-8a3f-926c553c4eaa/datanode-2/data/ratis/e5deabbb-ac21-4a0b-b4a4-530f2349af89 has been successfully formatted.
2019-09-01 05:52:57,222 [99b5111b-d356-42b4-8380-346acbcabf6e:group-21A5ED0EAC4D:LeaderElection170] INFO  impl.LeaderElection (LeaderElection.java:askForVotes(181)) - 99b5111b-d356-42b4-8380-346acbcabf6e:group-21A5ED0EAC4D:LeaderElection170: begin an election at term 1 for -1: [99b5111b-d356-42b4-8380-346acbcabf6e:192.168.36.91:35209], old=null
2019-09-01 05:52:57,221 [2e72a9ea-f178-40e5-bf42-2c889e32e769:group-1CEB937456E3:LeaderElection172] INFO  impl.LeaderElection (LeaderElection.java:askForVotes(181)) - 2e72a9ea-f178-40e5-bf42-2c889e32e769:group-1CEB937456E3:LeaderElection172: begin an election at term 1 for -1: [2e72a9ea-f178-40e5-bf42-2c889e32e769:192.168.36.91:37184], old=null
2019-09-01 05:52:57,221 [f61a82c2-42b9-49e6-922b-54bde2900752:group-6BC3A0FC5839:LeaderElection171] INFO  impl.LeaderElection (LeaderElection.java:askForVotes(181)) - f61a82c2-42b9-49e6-922b-54bde2900752:group-6BC3A0FC5839:LeaderElection171: begin an election at term 1 for -1: [f61a82c2-42b9-49e6-922b-54bde2900752:192.168.36.91:40137], old=null
2019-09-01 05:52:57,222 [2e72a9ea-f178-40e5-bf42-2c889e32e769:group-1CEB937456E3:LeaderElection172] INFO  impl.RoleInfo (RoleInfo.java:shutdownLeaderElection(134)) - 2e72a9ea-f178-40e5-bf42-2c889e32e769: shutdown LeaderElection
2019-09-01 05:52:57,222 [pool-529-thread-1] INFO  ratis.ContainerStateMachine (ContainerStateMachine.java:loadSnapshot(227)) - group-530F2349AF89: The snapshot info is null. Setting the last applied indexto:(t:0, i:~)
2019-09-01 05:52:57,222 [99b5111b-d356-42b4-8380-346acbcabf6e:group-21A5ED0EAC4D:LeaderElection170] INFO  impl.RoleInfo (RoleInfo.java:shutdownLeaderElection(134)) - 99b5111b-d356-42b4-8380-346acbcabf6e: shutdown LeaderElection
2019-09-01 05:52:57,223 [pool-529-thread-1] INFO  server.RaftServerConfigKeys (ConfUtils.java:logGet(43)) - raft.server.leader.election.timeout = 120s (custom)
2019-09-01 05:52:57,222 [2e72a9ea-f178-40e5-bf42-2c889e32e769:group-1CEB937456E3:LeaderElection172] INFO  impl.RaftServerImpl (RaftServerImpl.java:setRole(171)) - 2e72a9ea-f178-40e5-bf42-2c889e32e769:group-1CEB937456E3 changes role from CANDIDATE to LEADER at term 1 for changeToLeader
2019-09-01 05:52:57,222 [f61a82c2-42b9-49e6-922b-54bde2900752:group-6BC3A0FC5839:LeaderElection171] INFO  impl.RoleInfo (RoleInfo.java:shutdownLeaderElection(134)) - f61a82c2-42b9-49e6-922b-54bde2900752: shutdown LeaderElection
2019-09-01 05:52:57,223 [2e72a9ea-f178-40e5-bf42-2c889e32e769:group-1CEB937456E3:LeaderElection172] INFO  impl.RaftServerImpl (ServerState.java:setLeader(263)) - 2e72a9ea-f178-40e5-bf42-2c889e32e769:group-1CEB937456E3 change Leader from null to 2e72a9ea-f178-40e5-bf42-2c889e32e769 at term 1 for becomeLeader, leader elected after 1155ms
2019-09-01 05:52:57,223 [pool-529-thread-1] INFO  server.RaftServerConfigKeys (ConfUtils.java:logGet(43)) - raft.server.log.use.memory = false (default)
2019-09-01 05:52:57,223 [99b5111b-d356-42b4-8380-346acbcabf6e:group-21A5ED0EAC4D:LeaderElection170] INFO  impl.RaftServerImpl (RaftServerImpl.java:setRole(171)) - 99b5111b-d356-42b4-8380-346acbcabf6e:group-21A5ED0EAC4D changes role from CANDIDATE to LEADER at term 1 for changeToLeader
2019-09-01 05:52:57,223 [pool-529-thread-1] INFO  server.RaftServerConfigKeys (ConfUtils.java:logGet(43)) - raft.server.log.purge.gap = 1000000 (custom)
2019-09-01 05:52:57,223 [2e72a9ea-f178-40e5-bf42-2c889e32e769:group-1CEB937456E3:LeaderElection172] INFO  server.RaftServerConfigKeys (ConfUtils.java:logGet(43)) - raft.server.staging.catchup.gap = 1000 (default)
2019-09-01 05:52:57,224 [2e72a9ea-f178-40e5-bf42-2c889e32e769:group-1CEB937456E3:LeaderElection172] INFO  server.RaftServerConfigKeys (ConfUtils.java:logGet(43)) - raft.server.rpc.sleep.time = 25ms (default)
2019-09-01 05:52:57,223 [f61a82c2-42b9-49e6-922b-54bde2900752:group-6BC3A0FC5839:LeaderElection171] INFO  impl.RaftServerImpl (RaftServerImpl.java:setRole(171)) - f61a82c2-42b9-49e6-922b-54bde2900752:group-6BC3A0FC5839 changes role from CANDIDATE to LEADER at term 1 for changeToLeader
2019-09-01 05:52:57,224 [2e72a9ea-f178-40e5-bf42-2c889e32e769:group-1CEB937456E3:LeaderElection172] INFO  server.RaftServerConfigKeys (ConfUtils.java:logGet(43)) - raft.server.write.element-limit = 4096 (default)
2019-09-01 05:52:57,224 [pool-529-thread-1] INFO  server.RaftServerConfigKeys (ConfUtils.java:logGet(43)) - raft.server.log.appender.buffer.byte-limit = 33554432 (custom)
2019-09-01 05:52:57,223 [99b5111b-d356-42b4-8380-346acbcabf6e:group-21A5ED0EAC4D:LeaderElection170] INFO  impl.RaftServerImpl (ServerState.java:setLeader(263)) - 99b5111b-d356-42b4-8380-346acbcabf6e:group-21A5ED0EAC4D change Leader from null to 99b5111b-d356-42b4-8380-346acbcabf6e at term 1 for becomeLeader, leader elected after 1588ms
2019-09-01 05:52:57,224 [pool-529-thread-1] INFO  server.RaftServerConfigKeys (ConfUtils.java:logGet(43)) - raft.server.log.segment.size.max = 1048576 (custom)
2019-09-01 05:52:57,224 [2e72a9ea-f178-40e5-bf42-2c889e32e769:group-1CEB937456E3:LeaderElection172] INFO  server.RaftServerConfigKeys (ConfUtils.java:logGet(43)) - raft.server.watch.timeout = 10s (default)
2019-09-01 05:52:57,224 [f61a82c2-42b9-49e6-922b-54bde2900752:group-6BC3A0FC5839:LeaderElection171] INFO  impl.RaftServerImpl (ServerState.java:setLeader(263)) - f61a82c2-42b9-49e6-922b-54bde2900752:group-6BC3A0FC5839 change Leader from null to f61a82c2-42b9-49e6-922b-54bde2900752 at term 1 for becomeLeader, leader elected after 1338ms
2019-09-01 05:52:57,224 [2e72a9ea-f178-40e5-bf42-2c889e32e769:group-1CEB937456E3:LeaderElection172] INFO  server.RaftServerConfigKeys (ConfUtils.java:logGet(43)) - raft.server.watch.timeout.denomination = 1s (default)
2019-09-01 05:52:57,224 [pool-529-thread-1] INFO  server.RaftServerConfigKeys (ConfUtils.java:logGet(43)) - raft.server.log.segment.cache.num.max = 2 (custom)
2019-09-01 05:52:57,224 [99b5111b-d356-42b4-8380-346acbcabf6e:group-21A5ED0EAC4D:LeaderElection170] INFO  server.RaftServerConfigKeys (ConfUtils.java:logGet(43)) - raft.server.staging.catchup.gap = 1000 (default)
2019-09-01 05:52:57,225 [pool-529-thread-1] INFO  segmented.SegmentedRaftLogWorker (SegmentedRaftLogWorker.java:<init>(172)) - new 9adf8f3f-00f4-442f-a7e9-ac686daae57d-SegmentedRaftLogWorker:Storage Directory /workdir/hadoop-ozone/integration-test/target/test-dir/MiniOzoneClusterImpl-fb00d516-ae13-4d3c-8a3f-926c553c4eaa/datanode-2/data/ratis/e5deabbb-ac21-4a0b-b4a4-530f2349af89 for RaftStorage:Storage Directory /workdir/hadoop-ozone/integration-test/target/test-dir/MiniOzoneClusterImpl-fb00d516-ae13-4d3c-8a3f-926c553c4eaa/datanode-2/data/ratis/e5deabbb-ac21-4a0b-b4a4-530f2349af89
2019-09-01 05:52:57,225 [2e72a9ea-f178-40e5-bf42-2c889e32e769:group-1CEB937456E3:LeaderElection172] INFO  server.RaftServerConfigKeys (ConfUtils.java:logGet(43)) - raft.server.watch.element-limit = 65536 (default)
2019-09-01 05:52:57,225 [f61a82c2-42b9-49e6-922b-54bde2900752:group-6BC3A0FC5839:LeaderElection171] INFO  server.RaftServerConfigKeys (ConfUtils.java:logGet(43)) - raft.server.staging.catchup.gap = 1000 (default)
2019-09-01 05:52:57,225 [pool-529-thread-1] INFO  server.RaftServerConfigKeys (ConfUtils.java:logGet(43)) - raft.server.log.queue.byte-limit = 2147483647 (custom)
2019-09-01 05:52:57,225 [99b5111b-d356-42b4-8380-346acbcabf6e:group-21A5ED0EAC4D:LeaderElection170] INFO  server.RaftServerConfigKeys (ConfUtils.java:logGet(43)) - raft.server.rpc.sleep.time = 25ms (default)
2019-09-01 05:52:57,225 [pool-529-thread-1] INFO  server.RaftServerConfigKeys (ConfUtils.java:logGet(43)) - raft.server.log.queue.element-limit = 1024 (custom)
2019-09-01 05:52:57,225 [2e72a9ea-f178-40e5-bf42-2c889e32e769:group-1CEB937456E3:LeaderElection172] INFO  impl.RoleInfo (RoleInfo.java:updateAndGet(143)) - 2e72a9ea-f178-40e5-bf42-2c889e32e769: start LeaderState
2019-09-01 05:52:57,225 [f61a82c2-42b9-49e6-922b-54bde2900752:group-6BC3A0FC5839:LeaderElection171] INFO  server.RaftServerConfigKeys (ConfUtils.java:logGet(43)) - raft.server.rpc.sleep.time = 25ms (default)
2019-09-01 05:52:57,226 [pool-529-thread-1] INFO  server.RaftServerConfigKeys (ConfUtils.java:logGet(43)) - raft.server.log.segment.size.max = 1048576 (custom)
2019-09-01 05:52:57,226 [99b5111b-d356-42b4-8380-346acbcabf6e:group-21A5ED0EAC4D:LeaderElection170] INFO  server.RaftServerConfigKeys (ConfUtils.java:logGet(43)) - raft.server.write.element-limit = 4096 (default)
2019-09-01 05:52:57,226 [pool-529-thread-1] INFO  server.RaftServerConfigKeys (ConfUtils.java:logGet(43)) - raft.server.log.preallocated.size = 16384 (custom)
2019-09-01 05:52:57,226 [f61a82c2-42b9-49e6-922b-54bde2900752:group-6BC3A0FC5839:LeaderElection171] INFO  server.RaftServerConfigKeys (ConfUtils.java:logGet(43)) - raft.server.write.element-limit = 4096 (default)
2019-09-01 05:52:57,226 [2e72a9ea-f178-40e5-bf42-2c889e32e769:group-1CEB937456E3:LeaderElection172] INFO  segmented.SegmentedRaftLogWorker (SegmentedRaftLogWorker.java:startLogSegment(380)) - 2e72a9ea-f178-40e5-bf42-2c889e32e769-SegmentedRaftLogWorker:Storage Directory /workdir/hadoop-ozone/integration-test/target/test-dir/MiniOzoneClusterImpl-fb00d516-ae13-4d3c-8a3f-926c553c4eaa/datanode-4/data/ratis/c57c860e-8f2e-4013-995c-1ceb937456e3: Starting segment from index:0
2019-09-01 05:52:57,226 [f61a82c2-42b9-49e6-922b-54bde2900752:group-6BC3A0FC5839:LeaderElection171] INFO  server.RaftServerConfigKeys (ConfUtils.java:logGet(43)) - raft.server.watch.timeout = 10s (default)
2019-09-01 05:52:57,226 [pool-529-thread-1] INFO  server.RaftServerConfigKeys (ConfUtils.java:logGet(43)) - raft.server.log.write.buffer.size = 33554432 (custom)
2019-09-01 05:52:57,226 [99b5111b-d356-42b4-8380-346acbcabf6e:group-21A5ED0EAC4D:LeaderElection170] INFO  server.RaftServerConfigKeys (ConfUtils.java:logGet(43)) - raft.server.watch.timeout = 10s (default)
2019-09-01 05:52:57,227 [pool-529-thread-1] INFO  server.RaftServerConfigKeys (ConfUtils.java:logGet(43)) - raft.server.log.force.sync.num = 128 (default)
2019-09-01 05:52:57,227 [2e72a9ea-f178-40e5-bf42-2c889e32e769:group-1CEB937456E3:LeaderElection172] INFO  impl.RaftServerImpl (ServerState.java:setRaftConf(361)) - 2e72a9ea-f178-40e5-bf42-2c889e32e769:group-1CEB937456E3 set configuration 0: [2e72a9ea-f178-40e5-bf42-2c889e32e769:192.168.36.91:37184], old=null at 0
2019-09-01 05:52:57,227 [f61a82c2-42b9-49e6-922b-54bde2900752:group-6BC3A0FC5839:LeaderElection171] INFO  server.RaftServerConfigKeys (ConfUtils.java:logGet(43)) - raft.server.watch.timeout.denomination = 1s (default)
2019-09-01 05:52:57,227 [pool-529-thread-1] INFO  server.RaftServerConfigKeys (ConfUtils.java:logGet(43)) - raft.server.log.statemachine.data.sync = true (default)
2019-09-01 05:52:57,228 [pool-529-thread-1] INFO  server.RaftServerConfigKeys (ConfUtils.java:logGet(43)) - raft.server.log.statemachine.data.sync.timeout = 10s (default)
2019-09-01 05:52:57,227 [99b5111b-d356-42b4-8380-346acbcabf6e:group-21A5ED0EAC4D:LeaderElection170] INFO  server.RaftServerConfigKeys (ConfUtils.java:logGet(43)) - raft.server.watch.timeout.denomination = 1s (default)
2019-09-01 05:52:57,228 [pool-529-thread-1] INFO  server.RaftServerConfigKeys (ConfUtils.java:logGet(43)) - raft.server.log.statemachine.data.sync.timeout.retry = -1 (default)
2019-09-01 05:52:57,227 [f61a82c2-42b9-49e6-922b-54bde2900752:group-6BC3A0FC5839:LeaderElection171] INFO  server.RaftServerConfigKeys (ConfUtils.java:logGet(43)) - raft.server.watch.element-limit = 65536 (default)
2019-09-01 05:52:57,228 [99b5111b-d356-42b4-8380-346acbcabf6e:group-21A5ED0EAC4D:LeaderElection170] INFO  server.RaftServerConfigKeys (ConfUtils.java:logGet(43)) - raft.server.watch.element-limit = 65536 (default)
2019-09-01 05:52:57,228 [f61a82c2-42b9-49e6-922b-54bde2900752:group-6BC3A0FC5839:LeaderElection171] INFO  impl.RoleInfo (RoleInfo.java:updateAndGet(143)) - f61a82c2-42b9-49e6-922b-54bde2900752: start LeaderState
2019-09-01 05:52:57,228 [99b5111b-d356-42b4-8380-346acbcabf6e:group-21A5ED0EAC4D:LeaderElection170] INFO  impl.RoleInfo (RoleInfo.java:updateAndGet(143)) - 99b5111b-d356-42b4-8380-346acbcabf6e: start LeaderState
2019-09-01 05:52:57,228 [pool-529-thread-1] INFO  server.RaftServerConfigKeys (ConfUtils.java:logGet(43)) - raft.server.log.statemachine.data.caching.enabled = true (custom)
2019-09-01 05:52:57,228 [99b5111b-d356-42b4-8380-346acbcabf6e:group-21A5ED0EAC4D:LeaderElection170] INFO  segmented.SegmentedRaftLogWorker (SegmentedRaftLogWorker.java:startLogSegment(380)) - 99b5111b-d356-42b4-8380-346acbcabf6e-SegmentedRaftLogWorker:Storage Directory /workdir/hadoop-ozone/integration-test/target/test-dir/MiniOzoneClusterImpl-fb00d516-ae13-4d3c-8a3f-926c553c4eaa/datanode-1/data/ratis/7e918f36-55ca-47e2-b66d-21a5ed0eac4d: Starting segment from index:0
2019-09-01 05:52:57,228 [f61a82c2-42b9-49e6-922b-54bde2900752:group-6BC3A0FC5839:LeaderElection171] INFO  segmented.SegmentedRaftLogWorker (SegmentedRaftLogWorker.java:startLogSegment(380)) - f61a82c2-42b9-49e6-922b-54bde2900752-SegmentedRaftLogWorker:Storage Directory /workdir/hadoop-ozone/integration-test/target/test-dir/MiniOzoneClusterImpl-fb00d516-ae13-4d3c-8a3f-926c553c4eaa/datanode-3/data/ratis/d5698a59-f073-4dc9-9293-6bc3a0fc5839: Starting segment from index:0
2019-09-01 05:52:57,229 [pool-529-thread-1] INFO  segmented.SegmentedRaftLogWorker (SegmentedRaftLogWorker.java:lambda$new$0(132)) - 9adf8f3f-00f4-442f-a7e9-ac686daae57d-SegmentedRaftLogWorker:Storage Directory /workdir/hadoop-ozone/integration-test/target/test-dir/MiniOzoneClusterImpl-fb00d516-ae13-4d3c-8a3f-926c553c4eaa/datanode-2/data/ratis/e5deabbb-ac21-4a0b-b4a4-530f2349af89: flushIndex: setUnconditionally 0 -> -1
2019-09-01 05:52:57,229 [99b5111b-d356-42b4-8380-346acbcabf6e:group-21A5ED0EAC4D:LeaderElection170] INFO  impl.RaftServerImpl (ServerState.java:setRaftConf(361)) - 99b5111b-d356-42b4-8380-346acbcabf6e:group-21A5ED0EAC4D set configuration 0: [99b5111b-d356-42b4-8380-346acbcabf6e:192.168.36.91:35209], old=null at 0
2019-09-01 05:52:57,229 [f61a82c2-42b9-49e6-922b-54bde2900752:group-6BC3A0FC5839:LeaderElection171] INFO  impl.RaftServerImpl (ServerState.java:setRaftConf(361)) - f61a82c2-42b9-49e6-922b-54bde2900752:group-6BC3A0FC5839 set configuration 0: [f61a82c2-42b9-49e6-922b-54bde2900752:192.168.36.91:40137], old=null at 0
2019-09-01 05:52:57,229 [pool-529-thread-1] INFO  server.RaftServerConfigKeys (ConfUtils.java:logGet(43)) - raft.server.snapshot.auto.trigger.enabled = true (custom)
2019-09-01 05:52:57,230 [pool-529-thread-1] INFO  server.RaftServerConfigKeys (ConfUtils.java:logGet(43)) - raft.server.snapshot.auto.trigger.threshold = 10000 (custom)
2019-09-01 05:52:57,230 [pool-529-thread-1] INFO  server.RaftServerConfigKeys (ConfUtils.java:logGet(43)) - raft.server.retrycache.expirytime = 600000ms (custom)
2019-09-01 05:52:57,230 [pool-529-thread-1] INFO  impl.RaftServerImpl (RaftServerImpl.java:start(180)) - 9adf8f3f-00f4-442f-a7e9-ac686daae57d: start group-530F2349AF89
2019-09-01 05:52:57,230 [pool-529-thread-1] INFO  impl.RaftServerImpl (RaftServerImpl.java:setRole(171)) - 9adf8f3f-00f4-442f-a7e9-ac686daae57d:group-530F2349AF89 changes role from null to FOLLOWER at term 0 for startAsFollower
2019-09-01 05:52:57,230 [pool-529-thread-1] INFO  impl.RoleInfo (RoleInfo.java:updateAndGet(143)) - 9adf8f3f-00f4-442f-a7e9-ac686daae57d: start FollowerState
2019-09-01 05:52:57,231 [pool-529-thread-1] INFO  util.JmxRegister (JmxRegister.java:tryRegister(44)) - Successfully registered JMX Bean with object name Ratis:service=RaftServer,group=group-530F2349AF89,id=9adf8f3f-00f4-442f-a7e9-ac686daae57d
2019-09-01 05:52:57,233 [RatisPipelineUtilsThread] INFO  pipeline.PipelineStateManager (PipelineStateManager.java:addPipeline(56)) - Created pipeline Pipeline[ Id: e5deabbb-ac21-4a0b-b4a4-530f2349af89, Nodes: 9adf8f3f-00f4-442f-a7e9-ac686daae57d{ip: 192.168.36.91, host: trunk-nightly-20190901-gkzrd-4143273587, networkLocation: /rack1, certSerialId: null}, Type:RATIS, Factor:ONE, State:OPEN]
2019-09-01 05:52:57,268 [grpc-default-executor-6] INFO  impl.RaftServerProxy (RaftServerProxy.java:addNew(89)) - ad88f3b0-98a4-4e16-8300-c870fa2dd819: addNew group-BF5B67360C2F:[ad88f3b0-98a4-4e16-8300-c870fa2dd819:192.168.36.91:34127] returns group-BF5B67360C2F:java.util.concurrent.CompletableFuture@42279975[Not completed]
2019-09-01 05:52:57,269 [pool-559-thread-1] INFO  impl.RaftServerImpl (RaftServerImpl.java:<init>(93)) - ad88f3b0-98a4-4e16-8300-c870fa2dd819: new RaftServerImpl for group-BF5B67360C2F:[ad88f3b0-98a4-4e16-8300-c870fa2dd819:192.168.36.91:34127] with ContainerStateMachine:uninitialized
2019-09-01 05:52:57,269 [pool-559-thread-1] INFO  server.RaftServerConfigKeys (ConfUtils.java:logGet(43)) - raft.server.rpc.timeout.min = 1s (custom)
2019-09-01 05:52:57,269 [pool-559-thread-1] INFO  server.RaftServerConfigKeys (ConfUtils.java:logGet(43)) - raft.server.rpc.timeout.max = 1200ms (custom)
2019-09-01 05:52:57,270 [pool-559-thread-1] INFO  server.RaftServerConfigKeys (ConfUtils.java:logGet(43)) - raft.server.rpcslowness.timeout = 120s (custom)
2019-09-01 05:52:57,270 [pool-559-thread-1] INFO  server.RaftServerConfigKeys (ConfUtils.java:logGet(43)) - raft.server.sleep.deviation.threshold = 300 (default)
2019-09-01 05:52:57,270 [pool-559-thread-1] INFO  server.RaftServerConfigKeys (ConfUtils.java:logGet(43)) - raft.server.log.appender.install.snapshot.enabled = false (custom)
2019-09-01 05:52:57,270 [pool-559-thread-1] INFO  impl.RaftServerImpl (ServerState.java:<init>(105)) - ad88f3b0-98a4-4e16-8300-c870fa2dd819:group-BF5B67360C2F ConfigurationManager, init=-1: [ad88f3b0-98a4-4e16-8300-c870fa2dd819:192.168.36.91:34127], old=null, confs=<EMPTY_MAP>
2019-09-01 05:52:57,270 [pool-559-thread-1] INFO  server.RaftServerConfigKeys (ConfUtils.java:logGet(43)) - raft.server.storage.dir = [/workdir/hadoop-ozone/integration-test/target/test-dir/MiniOzoneClusterImpl-fb00d516-ae13-4d3c-8a3f-926c553c4eaa/datanode-5/data/ratis] (custom)
2019-09-01 05:52:57,270 [pool-559-thread-1] INFO  storage.RaftStorageDirectory (RaftStorageDirectory.java:analyzeStorage(246)) - The storage directory /workdir/hadoop-ozone/integration-test/target/test-dir/MiniOzoneClusterImpl-fb00d516-ae13-4d3c-8a3f-926c553c4eaa/datanode-5/data/ratis/fa762a78-473e-4d39-8c69-bf5b67360c2f does not exist. Creating ...
2019-09-01 05:52:57,382 [Thread-3600] INFO  impl.FollowerState (FollowerState.java:run(106)) - e504cd85-a1db-4587-8509-c7399dc7cafe:group-2B36214608ED changes to CANDIDATE, lastRpcTime:1169, electionTimeout:1169ms
2019-09-01 05:52:57,382 [Thread-3600] INFO  impl.RoleInfo (RoleInfo.java:shutdownFollowerState(121)) - e504cd85-a1db-4587-8509-c7399dc7cafe: shutdown FollowerState
2019-09-01 05:52:57,382 [Thread-3600] INFO  impl.RaftServerImpl (RaftServerImpl.java:setRole(171)) - e504cd85-a1db-4587-8509-c7399dc7cafe:group-2B36214608ED changes role from FOLLOWER to CANDIDATE at term 0 for changeToCandidate
2019-09-01 05:52:57,383 [Thread-3600] INFO  impl.RoleInfo (RoleInfo.java:updateAndGet(143)) - e504cd85-a1db-4587-8509-c7399dc7cafe: start LeaderElection
2019-09-01 05:52:57,522 [pool-559-thread-1] INFO  storage.RaftStorageDirectory (RaftStorageDirectory.java:tryLock(328)) - Lock on /workdir/hadoop-ozone/integration-test/target/test-dir/MiniOzoneClusterImpl-fb00d516-ae13-4d3c-8a3f-926c553c4eaa/datanode-5/data/ratis/fa762a78-473e-4d39-8c69-bf5b67360c2f/in_use.lock acquired by nodename 16999@trunk-nightly-20190901-gkzrd-4143273587
2019-09-01 05:52:57,522 [e504cd85-a1db-4587-8509-c7399dc7cafe:group-2B36214608ED:LeaderElection173] INFO  impl.LeaderElection (LeaderElection.java:askForVotes(181)) - e504cd85-a1db-4587-8509-c7399dc7cafe:group-2B36214608ED:LeaderElection173: begin an election at term 1 for -1: [e504cd85-a1db-4587-8509-c7399dc7cafe:192.168.36.91:36185], old=null
2019-09-01 05:52:57,522 [99b5111b-d356-42b4-8380-346acbcabf6e-SegmentedRaftLogWorker:Storage Directory /workdir/hadoop-ozone/integration-test/target/test-dir/MiniOzoneClusterImpl-fb00d516-ae13-4d3c-8a3f-926c553c4eaa/datanode-1/data/ratis/7e918f36-55ca-47e2-b66d-21a5ed0eac4d] INFO  segmented.SegmentedRaftLogWorker (SegmentedRaftLogWorker.java:execute(569)) - 99b5111b-d356-42b4-8380-346acbcabf6e-SegmentedRaftLogWorker:Storage Directory /workdir/hadoop-ozone/integration-test/target/test-dir/MiniOzoneClusterImpl-fb00d516-ae13-4d3c-8a3f-926c553c4eaa/datanode-1/data/ratis/7e918f36-55ca-47e2-b66d-21a5ed0eac4d: created new log segment /workdir/hadoop-ozone/integration-test/target/test-dir/MiniOzoneClusterImpl-fb00d516-ae13-4d3c-8a3f-926c553c4eaa/datanode-1/data/ratis/7e918f36-55ca-47e2-b66d-21a5ed0eac4d/current/log_inprogress_0
2019-09-01 05:52:57,522 [f61a82c2-42b9-49e6-922b-54bde2900752-SegmentedRaftLogWorker:Storage Directory /workdir/hadoop-ozone/integration-test/target/test-dir/MiniOzoneClusterImpl-fb00d516-ae13-4d3c-8a3f-926c553c4eaa/datanode-3/data/ratis/d5698a59-f073-4dc9-9293-6bc3a0fc5839] INFO  segmented.SegmentedRaftLogWorker (SegmentedRaftLogWorker.java:execute(569)) - f61a82c2-42b9-49e6-922b-54bde2900752-SegmentedRaftLogWorker:Storage Directory /workdir/hadoop-ozone/integration-test/target/test-dir/MiniOzoneClusterImpl-fb00d516-ae13-4d3c-8a3f-926c553c4eaa/datanode-3/data/ratis/d5698a59-f073-4dc9-9293-6bc3a0fc5839: created new log segment /workdir/hadoop-ozone/integration-test/target/test-dir/MiniOzoneClusterImpl-fb00d516-ae13-4d3c-8a3f-926c553c4eaa/datanode-3/data/ratis/d5698a59-f073-4dc9-9293-6bc3a0fc5839/current/log_inprogress_0
2019-09-01 05:52:57,522 [2e72a9ea-f178-40e5-bf42-2c889e32e769-SegmentedRaftLogWorker:Storage Directory /workdir/hadoop-ozone/integration-test/target/test-dir/MiniOzoneClusterImpl-fb00d516-ae13-4d3c-8a3f-926c553c4eaa/datanode-4/data/ratis/c57c860e-8f2e-4013-995c-1ceb937456e3] INFO  segmented.SegmentedRaftLogWorker (SegmentedRaftLogWorker.java:execute(569)) - 2e72a9ea-f178-40e5-bf42-2c889e32e769-SegmentedRaftLogWorker:Storage Directory /workdir/hadoop-ozone/integration-test/target/test-dir/MiniOzoneClusterImpl-fb00d516-ae13-4d3c-8a3f-926c553c4eaa/datanode-4/data/ratis/c57c860e-8f2e-4013-995c-1ceb937456e3: created new log segment /workdir/hadoop-ozone/integration-test/target/test-dir/MiniOzoneClusterImpl-fb00d516-ae13-4d3c-8a3f-926c553c4eaa/datanode-4/data/ratis/c57c860e-8f2e-4013-995c-1ceb937456e3/current/log_inprogress_0
2019-09-01 05:52:57,523 [e504cd85-a1db-4587-8509-c7399dc7cafe:group-2B36214608ED:LeaderElection173] INFO  impl.RoleInfo (RoleInfo.java:shutdownLeaderElection(134)) - e504cd85-a1db-4587-8509-c7399dc7cafe: shutdown LeaderElection
2019-09-01 05:52:57,523 [e504cd85-a1db-4587-8509-c7399dc7cafe:group-2B36214608ED:LeaderElection173] INFO  impl.RaftServerImpl (RaftServerImpl.java:setRole(171)) - e504cd85-a1db-4587-8509-c7399dc7cafe:group-2B36214608ED changes role from CANDIDATE to LEADER at term 1 for changeToLeader
2019-09-01 05:52:57,523 [e504cd85-a1db-4587-8509-c7399dc7cafe:group-2B36214608ED:LeaderElection173] INFO  impl.RaftServerImpl (ServerState.java:setLeader(263)) - e504cd85-a1db-4587-8509-c7399dc7cafe:group-2B36214608ED change Leader from null to e504cd85-a1db-4587-8509-c7399dc7cafe at term 1 for becomeLeader, leader elected after 1315ms
2019-09-01 05:52:57,523 [e504cd85-a1db-4587-8509-c7399dc7cafe:group-2B36214608ED:LeaderElection173] INFO  server.RaftServerConfigKeys (ConfUtils.java:logGet(43)) - raft.server.staging.catchup.gap = 1000 (default)
2019-09-01 05:52:57,523 [e504cd85-a1db-4587-8509-c7399dc7cafe:group-2B36214608ED:LeaderElection173] INFO  server.RaftServerConfigKeys (ConfUtils.java:logGet(43)) - raft.server.rpc.sleep.time = 25ms (default)
2019-09-01 05:52:57,524 [e504cd85-a1db-4587-8509-c7399dc7cafe:group-2B36214608ED:LeaderElection173] INFO  server.RaftServerConfigKeys (ConfUtils.java:logGet(43)) - raft.server.write.element-limit = 4096 (default)
2019-09-01 05:52:57,524 [e504cd85-a1db-4587-8509-c7399dc7cafe:group-2B36214608ED:LeaderElection173] INFO  server.RaftServerConfigKeys (ConfUtils.java:logGet(43)) - raft.server.watch.timeout = 10s (default)
2019-09-01 05:52:57,524 [e504cd85-a1db-4587-8509-c7399dc7cafe:group-2B36214608ED:LeaderElection173] INFO  server.RaftServerConfigKeys (ConfUtils.java:logGet(43)) - raft.server.watch.timeout.denomination = 1s (default)
2019-09-01 05:52:57,524 [e504cd85-a1db-4587-8509-c7399dc7cafe:group-2B36214608ED:LeaderElection173] INFO  server.RaftServerConfigKeys (ConfUtils.java:logGet(43)) - raft.server.watch.element-limit = 65536 (default)
2019-09-01 05:52:57,524 [e504cd85-a1db-4587-8509-c7399dc7cafe:group-2B36214608ED:LeaderElection173] INFO  impl.RoleInfo (RoleInfo.java:updateAndGet(143)) - e504cd85-a1db-4587-8509-c7399dc7cafe: start LeaderState
2019-09-01 05:52:57,524 [e504cd85-a1db-4587-8509-c7399dc7cafe:group-2B36214608ED:LeaderElection173] INFO  segmented.SegmentedRaftLogWorker (SegmentedRaftLogWorker.java:startLogSegment(380)) - e504cd85-a1db-4587-8509-c7399dc7cafe-SegmentedRaftLogWorker:Storage Directory /workdir/hadoop-ozone/integration-test/target/test-dir/MiniOzoneClusterImpl-fb00d516-ae13-4d3c-8a3f-926c553c4eaa/datanode-7/data/ratis/e9ff67bb-a997-4147-8dd2-2b36214608ed: Starting segment from index:0
2019-09-01 05:52:57,525 [e504cd85-a1db-4587-8509-c7399dc7cafe:group-2B36214608ED:LeaderElection173] INFO  impl.RaftServerImpl (ServerState.java:setRaftConf(361)) - e504cd85-a1db-4587-8509-c7399dc7cafe:group-2B36214608ED set configuration 0: [e504cd85-a1db-4587-8509-c7399dc7cafe:192.168.36.91:36185], old=null at 0
2019-09-01 05:52:57,575 [Thread-3603] INFO  impl.FollowerState (FollowerState.java:run(106)) - 2add93e0-2462-45f9-8504-d95fbdd1cf50:group-81B41AFD0915 changes to CANDIDATE, lastRpcTime:1192, electionTimeout:1192ms
2019-09-01 05:52:57,576 [Thread-3603] INFO  impl.RoleInfo (RoleInfo.java:shutdownFollowerState(121)) - 2add93e0-2462-45f9-8504-d95fbdd1cf50: shutdown FollowerState
2019-09-01 05:52:57,576 [Thread-3603] INFO  impl.RaftServerImpl (RaftServerImpl.java:setRole(171)) - 2add93e0-2462-45f9-8504-d95fbdd1cf50:group-81B41AFD0915 changes role from FOLLOWER to CANDIDATE at term 0 for changeToCandidate
2019-09-01 05:52:57,576 [Thread-3603] INFO  impl.RoleInfo (RoleInfo.java:updateAndGet(143)) - 2add93e0-2462-45f9-8504-d95fbdd1cf50: start LeaderElection
2019-09-01 05:52:57,686 [Thread-3610] INFO  impl.FollowerState (FollowerState.java:run(106)) - ce2be70a-d267-4ebc-abe0-fdcdf40aaae1:group-745F023B1BC3 changes to CANDIDATE, lastRpcTime:1115, electionTimeout:1115ms
2019-09-01 05:52:57,686 [Thread-3610] INFO  impl.RoleInfo (RoleInfo.java:shutdownFollowerState(121)) - ce2be70a-d267-4ebc-abe0-fdcdf40aaae1: shutdown FollowerState
2019-09-01 05:52:57,686 [Thread-3610] INFO  impl.RaftServerImpl (RaftServerImpl.java:setRole(171)) - ce2be70a-d267-4ebc-abe0-fdcdf40aaae1:group-745F023B1BC3 changes role from FOLLOWER to CANDIDATE at term 0 for changeToCandidate
2019-09-01 05:52:57,686 [Thread-3610] INFO  impl.RoleInfo (RoleInfo.java:updateAndGet(143)) - ce2be70a-d267-4ebc-abe0-fdcdf40aaae1: start LeaderElection
2019-09-01 05:52:57,773 [pool-559-thread-1] INFO  storage.RaftStorage (RaftStorage.java:format(72)) - Storage directory /workdir/hadoop-ozone/integration-test/target/test-dir/MiniOzoneClusterImpl-fb00d516-ae13-4d3c-8a3f-926c553c4eaa/datanode-5/data/ratis/fa762a78-473e-4d39-8c69-bf5b67360c2f has been successfully formatted.
2019-09-01 05:52:57,774 [pool-559-thread-1] INFO  ratis.ContainerStateMachine (ContainerStateMachine.java:loadSnapshot(227)) - group-BF5B67360C2F: The snapshot info is null. Setting the last applied indexto:(t:0, i:~)
2019-09-01 05:52:57,774 [pool-559-thread-1] INFO  server.RaftServerConfigKeys (ConfUtils.java:logGet(43)) - raft.server.leader.election.timeout = 120s (custom)
2019-09-01 05:52:57,774 [pool-559-thread-1] INFO  server.RaftServerConfigKeys (ConfUtils.java:logGet(43)) - raft.server.log.use.memory = false (default)
2019-09-01 05:52:57,774 [pool-559-thread-1] INFO  server.RaftServerConfigKeys (ConfUtils.java:logGet(43)) - raft.server.log.purge.gap = 1000000 (custom)
2019-09-01 05:52:57,774 [pool-559-thread-1] INFO  server.RaftServerConfigKeys (ConfUtils.java:logGet(43)) - raft.server.log.appender.buffer.byte-limit = 33554432 (custom)
2019-09-01 05:52:57,775 [pool-559-thread-1] INFO  server.RaftServerConfigKeys (ConfUtils.java:logGet(43)) - raft.server.log.segment.size.max = 1048576 (custom)
2019-09-01 05:52:57,775 [pool-559-thread-1] INFO  server.RaftServerConfigKeys (ConfUtils.java:logGet(43)) - raft.server.log.segment.cache.num.max = 2 (custom)
2019-09-01 05:52:57,775 [pool-559-thread-1] INFO  segmented.SegmentedRaftLogWorker (SegmentedRaftLogWorker.java:<init>(172)) - new ad88f3b0-98a4-4e16-8300-c870fa2dd819-SegmentedRaftLogWorker:Storage Directory /workdir/hadoop-ozone/integration-test/target/test-dir/MiniOzoneClusterImpl-fb00d516-ae13-4d3c-8a3f-926c553c4eaa/datanode-5/data/ratis/fa762a78-473e-4d39-8c69-bf5b67360c2f for RaftStorage:Storage Directory /workdir/hadoop-ozone/integration-test/target/test-dir/MiniOzoneClusterImpl-fb00d516-ae13-4d3c-8a3f-926c553c4eaa/datanode-5/data/ratis/fa762a78-473e-4d39-8c69-bf5b67360c2f
2019-09-01 05:52:57,775 [pool-559-thread-1] INFO  server.RaftServerConfigKeys (ConfUtils.java:logGet(43)) - raft.server.log.queue.byte-limit = 2147483647 (custom)
2019-09-01 05:52:57,775 [pool-559-thread-1] INFO  server.RaftServerConfigKeys (ConfUtils.java:logGet(43)) - raft.server.log.queue.element-limit = 1024 (custom)
2019-09-01 05:52:57,776 [pool-559-thread-1] INFO  server.RaftServerConfigKeys (ConfUtils.java:logGet(43)) - raft.server.log.segment.size.max = 1048576 (custom)
2019-09-01 05:52:57,776 [pool-559-thread-1] INFO  server.RaftServerConfigKeys (ConfUtils.java:logGet(43)) - raft.server.log.preallocated.size = 16384 (custom)
2019-09-01 05:52:57,776 [pool-559-thread-1] INFO  server.RaftServerConfigKeys (ConfUtils.java:logGet(43)) - raft.server.log.write.buffer.size = 33554432 (custom)
2019-09-01 05:52:57,776 [pool-559-thread-1] INFO  server.RaftServerConfigKeys (ConfUtils.java:logGet(43)) - raft.server.log.force.sync.num = 128 (default)
2019-09-01 05:52:57,776 [pool-559-thread-1] INFO  server.RaftServerConfigKeys (ConfUtils.java:logGet(43)) - raft.server.log.statemachine.data.sync = true (default)
2019-09-01 05:52:57,776 [pool-559-thread-1] INFO  server.RaftServerConfigKeys (ConfUtils.java:logGet(43)) - raft.server.log.statemachine.data.sync.timeout = 10s (default)
2019-09-01 05:52:57,776 [pool-559-thread-1] INFO  server.RaftServerConfigKeys (ConfUtils.java:logGet(43)) - raft.server.log.statemachine.data.sync.timeout.retry = -1 (default)
2019-09-01 05:52:57,777 [pool-559-thread-1] INFO  server.RaftServerConfigKeys (ConfUtils.java:logGet(43)) - raft.server.log.statemachine.data.caching.enabled = true (custom)
2019-09-01 05:52:57,777 [pool-559-thread-1] INFO  segmented.SegmentedRaftLogWorker (SegmentedRaftLogWorker.java:lambda$new$0(132)) - ad88f3b0-98a4-4e16-8300-c870fa2dd819-SegmentedRaftLogWorker:Storage Directory /workdir/hadoop-ozone/integration-test/target/test-dir/MiniOzoneClusterImpl-fb00d516-ae13-4d3c-8a3f-926c553c4eaa/datanode-5/data/ratis/fa762a78-473e-4d39-8c69-bf5b67360c2f: flushIndex: setUnconditionally 0 -> -1
2019-09-01 05:52:57,777 [pool-559-thread-1] INFO  server.RaftServerConfigKeys (ConfUtils.java:logGet(43)) - raft.server.snapshot.auto.trigger.enabled = true (custom)
2019-09-01 05:52:57,778 [pool-559-thread-1] INFO  server.RaftServerConfigKeys (ConfUtils.java:logGet(43)) - raft.server.snapshot.auto.trigger.threshold = 10000 (custom)
2019-09-01 05:52:57,778 [pool-559-thread-1] INFO  server.RaftServerConfigKeys (ConfUtils.java:logGet(43)) - raft.server.retrycache.expirytime = 600000ms (custom)
2019-09-01 05:52:57,778 [pool-559-thread-1] INFO  impl.RaftServerImpl (RaftServerImpl.java:start(180)) - ad88f3b0-98a4-4e16-8300-c870fa2dd819: start group-BF5B67360C2F
2019-09-01 05:52:57,778 [pool-559-thread-1] INFO  impl.RaftServerImpl (RaftServerImpl.java:setRole(171)) - ad88f3b0-98a4-4e16-8300-c870fa2dd819:group-BF5B67360C2F changes role from null to FOLLOWER at term 0 for startAsFollower
2019-09-01 05:52:57,778 [pool-559-thread-1] INFO  impl.RoleInfo (RoleInfo.java:updateAndGet(143)) - ad88f3b0-98a4-4e16-8300-c870fa2dd819: start FollowerState
2019-09-01 05:52:57,779 [pool-559-thread-1] INFO  util.JmxRegister (JmxRegister.java:tryRegister(44)) - Successfully registered JMX Bean with object name Ratis:service=RaftServer,group=group-BF5B67360C2F,id=ad88f3b0-98a4-4e16-8300-c870fa2dd819
2019-09-01 05:52:57,827 [Thread-3586] INFO  container.ReplicationManager (ReplicationManager.java:start(162)) - Starting Replication Monitor Thread.
2019-09-01 05:52:57,830 [ReplicationMonitor] INFO  container.ReplicationManager (ReplicationManager.java:run(225)) - Replication Monitor Thread took 0 milliseconds for processing 0 containers.
2019-09-01 05:52:58,298 [Thread-3619] INFO  impl.FollowerState (FollowerState.java:run(106)) - 9adf8f3f-00f4-442f-a7e9-ac686daae57d:group-530F2349AF89 changes to CANDIDATE, lastRpcTime:1067, electionTimeout:1067ms
2019-09-01 05:52:58,298 [Thread-3619] INFO  impl.RoleInfo (RoleInfo.java:shutdownFollowerState(121)) - 9adf8f3f-00f4-442f-a7e9-ac686daae57d: shutdown FollowerState
2019-09-01 05:52:58,298 [Thread-3619] INFO  impl.RaftServerImpl (RaftServerImpl.java:setRole(171)) - 9adf8f3f-00f4-442f-a7e9-ac686daae57d:group-530F2349AF89 changes role from FOLLOWER to CANDIDATE at term 0 for changeToCandidate
2019-09-01 05:52:58,298 [Thread-3619] INFO  impl.RoleInfo (RoleInfo.java:updateAndGet(143)) - 9adf8f3f-00f4-442f-a7e9-ac686daae57d: start LeaderElection
2019-09-01 05:52:58,299 [RatisPipelineUtilsThread] INFO  pipeline.PipelineStateManager (PipelineStateManager.java:addPipeline(56)) - Created pipeline Pipeline[ Id: fa762a78-473e-4d39-8c69-bf5b67360c2f, Nodes: ad88f3b0-98a4-4e16-8300-c870fa2dd819{ip: 192.168.36.91, host: trunk-nightly-20190901-gkzrd-4143273587, networkLocation: /rack1, certSerialId: null}, Type:RATIS, Factor:ONE, State:OPEN]
2019-09-01 05:52:58,314 [grpc-default-executor-6] INFO  impl.RaftServerProxy (RaftServerProxy.java:addNew(89)) - 58ac0b1f-3b21-42d3-b916-9551d6eb3ea3: addNew group-1AB947813186:[58ac0b1f-3b21-42d3-b916-9551d6eb3ea3:192.168.36.91:41717] returns group-1AB947813186:java.util.concurrent.CompletableFuture@564316d1[Not completed]
2019-09-01 05:52:58,316 [pool-569-thread-1] INFO  impl.RaftServerImpl (RaftServerImpl.java:<init>(93)) - 58ac0b1f-3b21-42d3-b916-9551d6eb3ea3: new RaftServerImpl for group-1AB947813186:[58ac0b1f-3b21-42d3-b916-9551d6eb3ea3:192.168.36.91:41717] with ContainerStateMachine:uninitialized
2019-09-01 05:52:58,316 [pool-569-thread-1] INFO  server.RaftServerConfigKeys (ConfUtils.java:logGet(43)) - raft.server.rpc.timeout.min = 1s (custom)
2019-09-01 05:52:58,316 [pool-569-thread-1] INFO  server.RaftServerConfigKeys (ConfUtils.java:logGet(43)) - raft.server.rpc.timeout.max = 1200ms (custom)
2019-09-01 05:52:58,316 [pool-569-thread-1] INFO  server.RaftServerConfigKeys (ConfUtils.java:logGet(43)) - raft.server.rpcslowness.timeout = 120s (custom)
2019-09-01 05:52:58,316 [pool-569-thread-1] INFO  server.RaftServerConfigKeys (ConfUtils.java:logGet(43)) - raft.server.sleep.deviation.threshold = 300 (default)
2019-09-01 05:52:58,316 [pool-569-thread-1] INFO  server.RaftServerConfigKeys (ConfUtils.java:logGet(43)) - raft.server.log.appender.install.snapshot.enabled = false (custom)
2019-09-01 05:52:58,317 [pool-569-thread-1] INFO  impl.RaftServerImpl (ServerState.java:<init>(105)) - 58ac0b1f-3b21-42d3-b916-9551d6eb3ea3:group-1AB947813186 ConfigurationManager, init=-1: [58ac0b1f-3b21-42d3-b916-9551d6eb3ea3:192.168.36.91:41717], old=null, confs=<EMPTY_MAP>
2019-09-01 05:52:58,317 [pool-569-thread-1] INFO  server.RaftServerConfigKeys (ConfUtils.java:logGet(43)) - raft.server.storage.dir = [/workdir/hadoop-ozone/integration-test/target/test-dir/MiniOzoneClusterImpl-fb00d516-ae13-4d3c-8a3f-926c553c4eaa/datanode-6/data/ratis] (custom)
2019-09-01 05:52:58,317 [e504cd85-a1db-4587-8509-c7399dc7cafe-SegmentedRaftLogWorker:Storage Directory /workdir/hadoop-ozone/integration-test/target/test-dir/MiniOzoneClusterImpl-fb00d516-ae13-4d3c-8a3f-926c553c4eaa/datanode-7/data/ratis/e9ff67bb-a997-4147-8dd2-2b36214608ed] INFO  segmented.SegmentedRaftLogWorker (SegmentedRaftLogWorker.java:execute(569)) - e504cd85-a1db-4587-8509-c7399dc7cafe-SegmentedRaftLogWorker:Storage Directory /workdir/hadoop-ozone/integration-test/target/test-dir/MiniOzoneClusterImpl-fb00d516-ae13-4d3c-8a3f-926c553c4eaa/datanode-7/data/ratis/e9ff67bb-a997-4147-8dd2-2b36214608ed: created new log segment /workdir/hadoop-ozone/integration-test/target/test-dir/MiniOzoneClusterImpl-fb00d516-ae13-4d3c-8a3f-926c553c4eaa/datanode-7/data/ratis/e9ff67bb-a997-4147-8dd2-2b36214608ed/current/log_inprogress_0
2019-09-01 05:52:58,317 [2add93e0-2462-45f9-8504-d95fbdd1cf50:group-81B41AFD0915:LeaderElection174] INFO  impl.LeaderElection (LeaderElection.java:askForVotes(181)) - 2add93e0-2462-45f9-8504-d95fbdd1cf50:group-81B41AFD0915:LeaderElection174: begin an election at term 1 for -1: [2add93e0-2462-45f9-8504-d95fbdd1cf50:192.168.36.91:37068], old=null
2019-09-01 05:52:58,317 [ce2be70a-d267-4ebc-abe0-fdcdf40aaae1:group-745F023B1BC3:LeaderElection175] INFO  impl.LeaderElection (LeaderElection.java:askForVotes(181)) - ce2be70a-d267-4ebc-abe0-fdcdf40aaae1:group-745F023B1BC3:LeaderElection175: begin an election at term 1 for -1: [ce2be70a-d267-4ebc-abe0-fdcdf40aaae1:192.168.36.91:38648], old=null
2019-09-01 05:52:58,317 [2add93e0-2462-45f9-8504-d95fbdd1cf50:group-81B41AFD0915:LeaderElection174] INFO  impl.RoleInfo (RoleInfo.java:shutdownLeaderElection(134)) - 2add93e0-2462-45f9-8504-d95fbdd1cf50: shutdown LeaderElection
2019-09-01 05:52:58,317 [pool-569-thread-1] INFO  storage.RaftStorageDirectory (RaftStorageDirectory.java:analyzeStorage(246)) - The storage directory /workdir/hadoop-ozone/integration-test/target/test-dir/MiniOzoneClusterImpl-fb00d516-ae13-4d3c-8a3f-926c553c4eaa/datanode-6/data/ratis/49184a75-1f85-499d-96be-1ab947813186 does not exist. Creating ...
2019-09-01 05:52:58,317 [2add93e0-2462-45f9-8504-d95fbdd1cf50:group-81B41AFD0915:LeaderElection174] INFO  impl.RaftServerImpl (RaftServerImpl.java:setRole(171)) - 2add93e0-2462-45f9-8504-d95fbdd1cf50:group-81B41AFD0915 changes role from CANDIDATE to LEADER at term 1 for changeToLeader
2019-09-01 05:52:58,318 [2add93e0-2462-45f9-8504-d95fbdd1cf50:group-81B41AFD0915:LeaderElection174] INFO  impl.RaftServerImpl (ServerState.java:setLeader(263)) - 2add93e0-2462-45f9-8504-d95fbdd1cf50:group-81B41AFD0915 change Leader from null to 2add93e0-2462-45f9-8504-d95fbdd1cf50 at term 1 for becomeLeader, leader elected after 1938ms
2019-09-01 05:52:58,317 [ce2be70a-d267-4ebc-abe0-fdcdf40aaae1:group-745F023B1BC3:LeaderElection175] INFO  impl.RoleInfo (RoleInfo.java:shutdownLeaderElection(134)) - ce2be70a-d267-4ebc-abe0-fdcdf40aaae1: shutdown LeaderElection
2019-09-01 05:52:58,318 [2add93e0-2462-45f9-8504-d95fbdd1cf50:group-81B41AFD0915:LeaderElection174] INFO  server.RaftServerConfigKeys (ConfUtils.java:logGet(43)) - raft.server.staging.catchup.gap = 1000 (default)
2019-09-01 05:52:58,318 [ce2be70a-d267-4ebc-abe0-fdcdf40aaae1:group-745F023B1BC3:LeaderElection175] INFO  impl.RaftServerImpl (RaftServerImpl.java:setRole(171)) - ce2be70a-d267-4ebc-abe0-fdcdf40aaae1:group-745F023B1BC3 changes role from CANDIDATE to LEADER at term 1 for changeToLeader
2019-09-01 05:52:58,318 [2add93e0-2462-45f9-8504-d95fbdd1cf50:group-81B41AFD0915:LeaderElection174] INFO  server.RaftServerConfigKeys (ConfUtils.java:logGet(43)) - raft.server.rpc.sleep.time = 25ms (default)
2019-09-01 05:52:58,318 [ce2be70a-d267-4ebc-abe0-fdcdf40aaae1:group-745F023B1BC3:LeaderElection175] INFO  impl.RaftServerImpl (ServerState.java:setLeader(263)) - ce2be70a-d267-4ebc-abe0-fdcdf40aaae1:group-745F023B1BC3 change Leader from null to ce2be70a-d267-4ebc-abe0-fdcdf40aaae1 at term 1 for becomeLeader, leader elected after 1762ms
2019-09-01 05:52:58,318 [2add93e0-2462-45f9-8504-d95fbdd1cf50:group-81B41AFD0915:LeaderElection174] INFO  server.RaftServerConfigKeys (ConfUtils.java:logGet(43)) - raft.server.write.element-limit = 4096 (default)
2019-09-01 05:52:58,318 [ce2be70a-d267-4ebc-abe0-fdcdf40aaae1:group-745F023B1BC3:LeaderElection175] INFO  server.RaftServerConfigKeys (ConfUtils.java:logGet(43)) - raft.server.staging.catchup.gap = 1000 (default)
2019-09-01 05:52:58,318 [2add93e0-2462-45f9-8504-d95fbdd1cf50:group-81B41AFD0915:LeaderElection174] INFO  server.RaftServerConfigKeys (ConfUtils.java:logGet(43)) - raft.server.watch.timeout = 10s (default)
2019-09-01 05:52:58,319 [ce2be70a-d267-4ebc-abe0-fdcdf40aaae1:group-745F023B1BC3:LeaderElection175] INFO  server.RaftServerConfigKeys (ConfUtils.java:logGet(43)) - raft.server.rpc.sleep.time = 25ms (default)
2019-09-01 05:52:58,319 [2add93e0-2462-45f9-8504-d95fbdd1cf50:group-81B41AFD0915:LeaderElection174] INFO  server.RaftServerConfigKeys (ConfUtils.java:logGet(43)) - raft.server.watch.timeout.denomination = 1s (default)
2019-09-01 05:52:58,319 [ce2be70a-d267-4ebc-abe0-fdcdf40aaae1:group-745F023B1BC3:LeaderElection175] INFO  server.RaftServerConfigKeys (ConfUtils.java:logGet(43)) - raft.server.write.element-limit = 4096 (default)
2019-09-01 05:52:58,319 [2add93e0-2462-45f9-8504-d95fbdd1cf50:group-81B41AFD0915:LeaderElection174] INFO  server.RaftServerConfigKeys (ConfUtils.java:logGet(43)) - raft.server.watch.element-limit = 65536 (default)
2019-09-01 05:52:58,319 [ce2be70a-d267-4ebc-abe0-fdcdf40aaae1:group-745F023B1BC3:LeaderElection175] INFO  server.RaftServerConfigKeys (ConfUtils.java:logGet(43)) - raft.server.watch.timeout = 10s (default)
2019-09-01 05:52:58,319 [2add93e0-2462-45f9-8504-d95fbdd1cf50:group-81B41AFD0915:LeaderElection174] INFO  impl.RoleInfo (RoleInfo.java:updateAndGet(143)) - 2add93e0-2462-45f9-8504-d95fbdd1cf50: start LeaderState
2019-09-01 05:52:58,319 [ce2be70a-d267-4ebc-abe0-fdcdf40aaae1:group-745F023B1BC3:LeaderElection175] INFO  server.RaftServerConfigKeys (ConfUtils.java:logGet(43)) - raft.server.watch.timeout.denomination = 1s (default)
2019-09-01 05:52:58,320 [ce2be70a-d267-4ebc-abe0-fdcdf40aaae1:group-745F023B1BC3:LeaderElection175] INFO  server.RaftServerConfigKeys (ConfUtils.java:logGet(43)) - raft.server.watch.element-limit = 65536 (default)
2019-09-01 05:52:58,320 [2add93e0-2462-45f9-8504-d95fbdd1cf50:group-81B41AFD0915:LeaderElection174] INFO  segmented.SegmentedRaftLogWorker (SegmentedRaftLogWorker.java:startLogSegment(380)) - 2add93e0-2462-45f9-8504-d95fbdd1cf50-SegmentedRaftLogWorker:Storage Directory /workdir/hadoop-ozone/integration-test/target/test-dir/MiniOzoneClusterImpl-fb00d516-ae13-4d3c-8a3f-926c553c4eaa/datanode-8/data/ratis/c5ed2ac6-c3a6-4d8d-afd7-81b41afd0915: Starting segment from index:0
2019-09-01 05:52:58,320 [ce2be70a-d267-4ebc-abe0-fdcdf40aaae1:group-745F023B1BC3:LeaderElection175] INFO  impl.RoleInfo (RoleInfo.java:updateAndGet(143)) - ce2be70a-d267-4ebc-abe0-fdcdf40aaae1: start LeaderState
2019-09-01 05:52:58,320 [ce2be70a-d267-4ebc-abe0-fdcdf40aaae1:group-745F023B1BC3:LeaderElection175] INFO  segmented.SegmentedRaftLogWorker (SegmentedRaftLogWorker.java:startLogSegment(380)) - ce2be70a-d267-4ebc-abe0-fdcdf40aaae1-SegmentedRaftLogWorker:Storage Directory /workdir/hadoop-ozone/integration-test/target/test-dir/MiniOzoneClusterImpl-fb00d516-ae13-4d3c-8a3f-926c553c4eaa/datanode-9/data/ratis/5e533381-3820-4832-bddd-745f023b1bc3: Starting segment from index:0
2019-09-01 05:52:58,320 [2add93e0-2462-45f9-8504-d95fbdd1cf50:group-81B41AFD0915:LeaderElection174] INFO  impl.RaftServerImpl (ServerState.java:setRaftConf(361)) - 2add93e0-2462-45f9-8504-d95fbdd1cf50:group-81B41AFD0915 set configuration 0: [2add93e0-2462-45f9-8504-d95fbdd1cf50:192.168.36.91:37068], old=null at 0
2019-09-01 05:52:58,321 [ce2be70a-d267-4ebc-abe0-fdcdf40aaae1:group-745F023B1BC3:LeaderElection175] INFO  impl.RaftServerImpl (ServerState.java:setRaftConf(361)) - ce2be70a-d267-4ebc-abe0-fdcdf40aaae1:group-745F023B1BC3 set configuration 0: [ce2be70a-d267-4ebc-abe0-fdcdf40aaae1:192.168.36.91:38648], old=null at 0
2019-09-01 05:52:58,526 [pool-569-thread-1] INFO  storage.RaftStorageDirectory (RaftStorageDirectory.java:tryLock(328)) - Lock on /workdir/hadoop-ozone/integration-test/target/test-dir/MiniOzoneClusterImpl-fb00d516-ae13-4d3c-8a3f-926c553c4eaa/datanode-6/data/ratis/49184a75-1f85-499d-96be-1ab947813186/in_use.lock acquired by nodename 16999@trunk-nightly-20190901-gkzrd-4143273587
2019-09-01 05:52:58,526 [9adf8f3f-00f4-442f-a7e9-ac686daae57d:group-530F2349AF89:LeaderElection176] INFO  impl.LeaderElection (LeaderElection.java:askForVotes(181)) - 9adf8f3f-00f4-442f-a7e9-ac686daae57d:group-530F2349AF89:LeaderElection176: begin an election at term 1 for -1: [9adf8f3f-00f4-442f-a7e9-ac686daae57d:192.168.36.91:44931], old=null
2019-09-01 05:52:58,526 [9adf8f3f-00f4-442f-a7e9-ac686daae57d:group-530F2349AF89:LeaderElection176] INFO  impl.RoleInfo (RoleInfo.java:shutdownLeaderElection(134)) - 9adf8f3f-00f4-442f-a7e9-ac686daae57d: shutdown LeaderElection
2019-09-01 05:52:58,526 [9adf8f3f-00f4-442f-a7e9-ac686daae57d:group-530F2349AF89:LeaderElection176] INFO  impl.RaftServerImpl (RaftServerImpl.java:setRole(171)) - 9adf8f3f-00f4-442f-a7e9-ac686daae57d:group-530F2349AF89 changes role from CANDIDATE to LEADER at term 1 for changeToLeader
2019-09-01 05:52:58,526 [9adf8f3f-00f4-442f-a7e9-ac686daae57d:group-530F2349AF89:LeaderElection176] INFO  impl.RaftServerImpl (ServerState.java:setLeader(263)) - 9adf8f3f-00f4-442f-a7e9-ac686daae57d:group-530F2349AF89 change Leader from null to 9adf8f3f-00f4-442f-a7e9-ac686daae57d at term 1 for becomeLeader, leader elected after 1303ms
2019-09-01 05:52:58,527 [9adf8f3f-00f4-442f-a7e9-ac686daae57d:group-530F2349AF89:LeaderElection176] INFO  server.RaftServerConfigKeys (ConfUtils.java:logGet(43)) - raft.server.staging.catchup.gap = 1000 (default)
2019-09-01 05:52:58,527 [9adf8f3f-00f4-442f-a7e9-ac686daae57d:group-530F2349AF89:LeaderElection176] INFO  server.RaftServerConfigKeys (ConfUtils.java:logGet(43)) - raft.server.rpc.sleep.time = 25ms (default)
2019-09-01 05:52:58,527 [9adf8f3f-00f4-442f-a7e9-ac686daae57d:group-530F2349AF89:LeaderElection176] INFO  server.RaftServerConfigKeys (ConfUtils.java:logGet(43)) - raft.server.write.element-limit = 4096 (default)
2019-09-01 05:52:58,527 [9adf8f3f-00f4-442f-a7e9-ac686daae57d:group-530F2349AF89:LeaderElection176] INFO  server.RaftServerConfigKeys (ConfUtils.java:logGet(43)) - raft.server.watch.timeout = 10s (default)
2019-09-01 05:52:58,527 [9adf8f3f-00f4-442f-a7e9-ac686daae57d:group-530F2349AF89:LeaderElection176] INFO  server.RaftServerConfigKeys (ConfUtils.java:logGet(43)) - raft.server.watch.timeout.denomination = 1s (default)
2019-09-01 05:52:58,527 [9adf8f3f-00f4-442f-a7e9-ac686daae57d:group-530F2349AF89:LeaderElection176] INFO  server.RaftServerConfigKeys (ConfUtils.java:logGet(43)) - raft.server.watch.element-limit = 65536 (default)
2019-09-01 05:52:58,527 [9adf8f3f-00f4-442f-a7e9-ac686daae57d:group-530F2349AF89:LeaderElection176] INFO  impl.RoleInfo (RoleInfo.java:updateAndGet(143)) - 9adf8f3f-00f4-442f-a7e9-ac686daae57d: start LeaderState
2019-09-01 05:52:58,528 [9adf8f3f-00f4-442f-a7e9-ac686daae57d:group-530F2349AF89:LeaderElection176] INFO  segmented.SegmentedRaftLogWorker (SegmentedRaftLogWorker.java:startLogSegment(380)) - 9adf8f3f-00f4-442f-a7e9-ac686daae57d-SegmentedRaftLogWorker:Storage Directory /workdir/hadoop-ozone/integration-test/target/test-dir/MiniOzoneClusterImpl-fb00d516-ae13-4d3c-8a3f-926c553c4eaa/datanode-2/data/ratis/e5deabbb-ac21-4a0b-b4a4-530f2349af89: Starting segment from index:0
2019-09-01 05:52:58,528 [9adf8f3f-00f4-442f-a7e9-ac686daae57d:group-530F2349AF89:LeaderElection176] INFO  impl.RaftServerImpl (ServerState.java:setRaftConf(361)) - 9adf8f3f-00f4-442f-a7e9-ac686daae57d:group-530F2349AF89 set configuration 0: [9adf8f3f-00f4-442f-a7e9-ac686daae57d:192.168.36.91:44931], old=null at 0
2019-09-01 05:52:58,867 [Thread-3626] INFO  impl.FollowerState (FollowerState.java:run(106)) - ad88f3b0-98a4-4e16-8300-c870fa2dd819:group-BF5B67360C2F changes to CANDIDATE, lastRpcTime:1088, electionTimeout:1088ms
2019-09-01 05:52:58,867 [Thread-3626] INFO  impl.RoleInfo (RoleInfo.java:shutdownFollowerState(121)) - ad88f3b0-98a4-4e16-8300-c870fa2dd819: shutdown FollowerState
2019-09-01 05:52:58,867 [Thread-3626] INFO  impl.RaftServerImpl (RaftServerImpl.java:setRole(171)) - ad88f3b0-98a4-4e16-8300-c870fa2dd819:group-BF5B67360C2F changes role from FOLLOWER to CANDIDATE at term 0 for changeToCandidate
2019-09-01 05:52:58,867 [Thread-3626] INFO  impl.RoleInfo (RoleInfo.java:updateAndGet(143)) - ad88f3b0-98a4-4e16-8300-c870fa2dd819: start LeaderElection
2019-09-01 05:52:59,061 [ce2be70a-d267-4ebc-abe0-fdcdf40aaae1-SegmentedRaftLogWorker:Storage Directory /workdir/hadoop-ozone/integration-test/target/test-dir/MiniOzoneClusterImpl-fb00d516-ae13-4d3c-8a3f-926c553c4eaa/datanode-9/data/ratis/5e533381-3820-4832-bddd-745f023b1bc3] INFO  segmented.SegmentedRaftLogWorker (SegmentedRaftLogWorker.java:execute(569)) - ce2be70a-d267-4ebc-abe0-fdcdf40aaae1-SegmentedRaftLogWorker:Storage Directory /workdir/hadoop-ozone/integration-test/target/test-dir/MiniOzoneClusterImpl-fb00d516-ae13-4d3c-8a3f-926c553c4eaa/datanode-9/data/ratis/5e533381-3820-4832-bddd-745f023b1bc3: created new log segment /workdir/hadoop-ozone/integration-test/target/test-dir/MiniOzoneClusterImpl-fb00d516-ae13-4d3c-8a3f-926c553c4eaa/datanode-9/data/ratis/5e533381-3820-4832-bddd-745f023b1bc3/current/log_inprogress_0
2019-09-01 05:52:59,061 [2add93e0-2462-45f9-8504-d95fbdd1cf50-SegmentedRaftLogWorker:Storage Directory /workdir/hadoop-ozone/integration-test/target/test-dir/MiniOzoneClusterImpl-fb00d516-ae13-4d3c-8a3f-926c553c4eaa/datanode-8/data/ratis/c5ed2ac6-c3a6-4d8d-afd7-81b41afd0915] INFO  segmented.SegmentedRaftLogWorker (SegmentedRaftLogWorker.java:execute(569)) - 2add93e0-2462-45f9-8504-d95fbdd1cf50-SegmentedRaftLogWorker:Storage Directory /workdir/hadoop-ozone/integration-test/target/test-dir/MiniOzoneClusterImpl-fb00d516-ae13-4d3c-8a3f-926c553c4eaa/datanode-8/data/ratis/c5ed2ac6-c3a6-4d8d-afd7-81b41afd0915: created new log segment /workdir/hadoop-ozone/integration-test/target/test-dir/MiniOzoneClusterImpl-fb00d516-ae13-4d3c-8a3f-926c553c4eaa/datanode-8/data/ratis/c5ed2ac6-c3a6-4d8d-afd7-81b41afd0915/current/log_inprogress_0
2019-09-01 05:52:59,061 [pool-569-thread-1] INFO  storage.RaftStorage (RaftStorage.java:format(72)) - Storage directory /workdir/hadoop-ozone/integration-test/target/test-dir/MiniOzoneClusterImpl-fb00d516-ae13-4d3c-8a3f-926c553c4eaa/datanode-6/data/ratis/49184a75-1f85-499d-96be-1ab947813186 has been successfully formatted.
2019-09-01 05:52:59,062 [pool-569-thread-1] INFO  ratis.ContainerStateMachine (ContainerStateMachine.java:loadSnapshot(227)) - group-1AB947813186: The snapshot info is null. Setting the last applied indexto:(t:0, i:~)
2019-09-01 05:52:59,063 [pool-569-thread-1] INFO  server.RaftServerConfigKeys (ConfUtils.java:logGet(43)) - raft.server.leader.election.timeout = 120s (custom)
2019-09-01 05:52:59,063 [pool-569-thread-1] INFO  server.RaftServerConfigKeys (ConfUtils.java:logGet(43)) - raft.server.log.use.memory = false (default)
2019-09-01 05:52:59,063 [pool-569-thread-1] INFO  server.RaftServerConfigKeys (ConfUtils.java:logGet(43)) - raft.server.log.purge.gap = 1000000 (custom)
2019-09-01 05:52:59,063 [pool-569-thread-1] INFO  server.RaftServerConfigKeys (ConfUtils.java:logGet(43)) - raft.server.log.appender.buffer.byte-limit = 33554432 (custom)
2019-09-01 05:52:59,063 [pool-569-thread-1] INFO  server.RaftServerConfigKeys (ConfUtils.java:logGet(43)) - raft.server.log.segment.size.max = 1048576 (custom)
2019-09-01 05:52:59,063 [pool-569-thread-1] INFO  server.RaftServerConfigKeys (ConfUtils.java:logGet(43)) - raft.server.log.segment.cache.num.max = 2 (custom)
2019-09-01 05:52:59,064 [pool-569-thread-1] INFO  segmented.SegmentedRaftLogWorker (SegmentedRaftLogWorker.java:<init>(172)) - new 58ac0b1f-3b21-42d3-b916-9551d6eb3ea3-SegmentedRaftLogWorker:Storage Directory /workdir/hadoop-ozone/integration-test/target/test-dir/MiniOzoneClusterImpl-fb00d516-ae13-4d3c-8a3f-926c553c4eaa/datanode-6/data/ratis/49184a75-1f85-499d-96be-1ab947813186 for RaftStorage:Storage Directory /workdir/hadoop-ozone/integration-test/target/test-dir/MiniOzoneClusterImpl-fb00d516-ae13-4d3c-8a3f-926c553c4eaa/datanode-6/data/ratis/49184a75-1f85-499d-96be-1ab947813186
2019-09-01 05:52:59,064 [pool-569-thread-1] INFO  server.RaftServerConfigKeys (ConfUtils.java:logGet(43)) - raft.server.log.queue.byte-limit = 2147483647 (custom)
2019-09-01 05:52:59,064 [pool-569-thread-1] INFO  server.RaftServerConfigKeys (ConfUtils.java:logGet(43)) - raft.server.log.queue.element-limit = 1024 (custom)
2019-09-01 05:52:59,064 [pool-569-thread-1] INFO  server.RaftServerConfigKeys (ConfUtils.java:logGet(43)) - raft.server.log.segment.size.max = 1048576 (custom)
2019-09-01 05:52:59,065 [pool-569-thread-1] INFO  server.RaftServerConfigKeys (ConfUtils.java:logGet(43)) - raft.server.log.preallocated.size = 16384 (custom)
2019-09-01 05:52:59,065 [pool-569-thread-1] INFO  server.RaftServerConfigKeys (ConfUtils.java:logGet(43)) - raft.server.log.write.buffer.size = 33554432 (custom)
2019-09-01 05:52:59,065 [pool-569-thread-1] INFO  server.RaftServerConfigKeys (ConfUtils.java:logGet(43)) - raft.server.log.force.sync.num = 128 (default)
2019-09-01 05:52:59,065 [pool-569-thread-1] INFO  server.RaftServerConfigKeys (ConfUtils.java:logGet(43)) - raft.server.log.statemachine.data.sync = true (default)
2019-09-01 05:52:59,065 [pool-569-thread-1] INFO  server.RaftServerConfigKeys (ConfUtils.java:logGet(43)) - raft.server.log.statemachine.data.sync.timeout = 10s (default)
2019-09-01 05:52:59,066 [pool-569-thread-1] INFO  server.RaftServerConfigKeys (ConfUtils.java:logGet(43)) - raft.server.log.statemachine.data.sync.timeout.retry = -1 (default)
2019-09-01 05:52:59,066 [pool-569-thread-1] INFO  server.RaftServerConfigKeys (ConfUtils.java:logGet(43)) - raft.server.log.statemachine.data.caching.enabled = true (custom)
2019-09-01 05:52:59,229 [pool-569-thread-1] INFO  segmented.SegmentedRaftLogWorker (SegmentedRaftLogWorker.java:lambda$new$0(132)) - 58ac0b1f-3b21-42d3-b916-9551d6eb3ea3-SegmentedRaftLogWorker:Storage Directory /workdir/hadoop-ozone/integration-test/target/test-dir/MiniOzoneClusterImpl-fb00d516-ae13-4d3c-8a3f-926c553c4eaa/datanode-6/data/ratis/49184a75-1f85-499d-96be-1ab947813186: flushIndex: setUnconditionally 0 -> -1
2019-09-01 05:52:59,229 [pool-569-thread-1] INFO  server.RaftServerConfigKeys (ConfUtils.java:logGet(43)) - raft.server.snapshot.auto.trigger.enabled = true (custom)
2019-09-01 05:52:59,229 [pool-569-thread-1] INFO  server.RaftServerConfigKeys (ConfUtils.java:logGet(43)) - raft.server.snapshot.auto.trigger.threshold = 10000 (custom)
2019-09-01 05:52:59,229 [pool-569-thread-1] INFO  server.RaftServerConfigKeys (ConfUtils.java:logGet(43)) - raft.server.retrycache.expirytime = 600000ms (custom)
2019-09-01 05:52:59,230 [pool-569-thread-1] INFO  impl.RaftServerImpl (RaftServerImpl.java:start(180)) - 58ac0b1f-3b21-42d3-b916-9551d6eb3ea3: start group-1AB947813186
2019-09-01 05:52:59,230 [pool-569-thread-1] INFO  impl.RaftServerImpl (RaftServerImpl.java:setRole(171)) - 58ac0b1f-3b21-42d3-b916-9551d6eb3ea3:group-1AB947813186 changes role from null to FOLLOWER at term 0 for startAsFollower
2019-09-01 05:52:59,230 [pool-569-thread-1] INFO  impl.RoleInfo (RoleInfo.java:updateAndGet(143)) - 58ac0b1f-3b21-42d3-b916-9551d6eb3ea3: start FollowerState
2019-09-01 05:52:59,230 [pool-569-thread-1] INFO  util.JmxRegister (JmxRegister.java:tryRegister(44)) - Successfully registered JMX Bean with object name Ratis:service=RaftServer,group=group-1AB947813186,id=58ac0b1f-3b21-42d3-b916-9551d6eb3ea3
2019-09-01 05:52:59,233 [RatisPipelineUtilsThread] INFO  pipeline.PipelineStateManager (PipelineStateManager.java:addPipeline(56)) - Created pipeline Pipeline[ Id: 49184a75-1f85-499d-96be-1ab947813186, Nodes: 58ac0b1f-3b21-42d3-b916-9551d6eb3ea3{ip: 192.168.36.91, host: trunk-nightly-20190901-gkzrd-4143273587, networkLocation: /rack1, certSerialId: null}, Type:RATIS, Factor:ONE, State:OPEN]
2019-09-01 05:52:59,245 [9adf8f3f-00f4-442f-a7e9-ac686daae57d-SegmentedRaftLogWorker:Storage Directory /workdir/hadoop-ozone/integration-test/target/test-dir/MiniOzoneClusterImpl-fb00d516-ae13-4d3c-8a3f-926c553c4eaa/datanode-2/data/ratis/e5deabbb-ac21-4a0b-b4a4-530f2349af89] INFO  segmented.SegmentedRaftLogWorker (SegmentedRaftLogWorker.java:execute(569)) - 9adf8f3f-00f4-442f-a7e9-ac686daae57d-SegmentedRaftLogWorker:Storage Directory /workdir/hadoop-ozone/integration-test/target/test-dir/MiniOzoneClusterImpl-fb00d516-ae13-4d3c-8a3f-926c553c4eaa/datanode-2/data/ratis/e5deabbb-ac21-4a0b-b4a4-530f2349af89: created new log segment /workdir/hadoop-ozone/integration-test/target/test-dir/MiniOzoneClusterImpl-fb00d516-ae13-4d3c-8a3f-926c553c4eaa/datanode-2/data/ratis/e5deabbb-ac21-4a0b-b4a4-530f2349af89/current/log_inprogress_0
2019-09-01 05:52:59,246 [ad88f3b0-98a4-4e16-8300-c870fa2dd819:group-BF5B67360C2F:LeaderElection177] INFO  impl.LeaderElection (LeaderElection.java:askForVotes(181)) - ad88f3b0-98a4-4e16-8300-c870fa2dd819:group-BF5B67360C2F:LeaderElection177: begin an election at term 1 for -1: [ad88f3b0-98a4-4e16-8300-c870fa2dd819:192.168.36.91:34127], old=null
2019-09-01 05:52:59,246 [ad88f3b0-98a4-4e16-8300-c870fa2dd819:group-BF5B67360C2F:LeaderElection177] INFO  impl.RoleInfo (RoleInfo.java:shutdownLeaderElection(134)) - ad88f3b0-98a4-4e16-8300-c870fa2dd819: shutdown LeaderElection
2019-09-01 05:52:59,246 [ad88f3b0-98a4-4e16-8300-c870fa2dd819:group-BF5B67360C2F:LeaderElection177] INFO  impl.RaftServerImpl (RaftServerImpl.java:setRole(171)) - ad88f3b0-98a4-4e16-8300-c870fa2dd819:group-BF5B67360C2F changes role from CANDIDATE to LEADER at term 1 for changeToLeader
2019-09-01 05:52:59,246 [ad88f3b0-98a4-4e16-8300-c870fa2dd819:group-BF5B67360C2F:LeaderElection177] INFO  impl.RaftServerImpl (ServerState.java:setLeader(263)) - ad88f3b0-98a4-4e16-8300-c870fa2dd819:group-BF5B67360C2F change Leader from null to ad88f3b0-98a4-4e16-8300-c870fa2dd819 at term 1 for becomeLeader, leader elected after 1472ms
2019-09-01 05:52:59,246 [ad88f3b0-98a4-4e16-8300-c870fa2dd819:group-BF5B67360C2F:LeaderElection177] INFO  server.RaftServerConfigKeys (ConfUtils.java:logGet(43)) - raft.server.staging.catchup.gap = 1000 (default)
2019-09-01 05:52:59,247 [ad88f3b0-98a4-4e16-8300-c870fa2dd819:group-BF5B67360C2F:LeaderElection177] INFO  server.RaftServerConfigKeys (ConfUtils.java:logGet(43)) - raft.server.rpc.sleep.time = 25ms (default)
2019-09-01 05:52:59,251 [ad88f3b0-98a4-4e16-8300-c870fa2dd819:group-BF5B67360C2F:LeaderElection177] INFO  server.RaftServerConfigKeys (ConfUtils.java:logGet(43)) - raft.server.write.element-limit = 4096 (default)
2019-09-01 05:52:59,252 [ad88f3b0-98a4-4e16-8300-c870fa2dd819:group-BF5B67360C2F:LeaderElection177] INFO  server.RaftServerConfigKeys (ConfUtils.java:logGet(43)) - raft.server.watch.timeout = 10s (default)
2019-09-01 05:52:59,255 [ad88f3b0-98a4-4e16-8300-c870fa2dd819:group-BF5B67360C2F:LeaderElection177] INFO  server.RaftServerConfigKeys (ConfUtils.java:logGet(43)) - raft.server.watch.timeout.denomination = 1s (default)
2019-09-01 05:52:59,255 [ad88f3b0-98a4-4e16-8300-c870fa2dd819:group-BF5B67360C2F:LeaderElection177] INFO  server.RaftServerConfigKeys (ConfUtils.java:logGet(43)) - raft.server.watch.element-limit = 65536 (default)
2019-09-01 05:52:59,256 [ad88f3b0-98a4-4e16-8300-c870fa2dd819:group-BF5B67360C2F:LeaderElection177] INFO  impl.RoleInfo (RoleInfo.java:updateAndGet(143)) - ad88f3b0-98a4-4e16-8300-c870fa2dd819: start LeaderState
2019-09-01 05:52:59,256 [ad88f3b0-98a4-4e16-8300-c870fa2dd819:group-BF5B67360C2F:LeaderElection177] INFO  segmented.SegmentedRaftLogWorker (SegmentedRaftLogWorker.java:startLogSegment(380)) - ad88f3b0-98a4-4e16-8300-c870fa2dd819-SegmentedRaftLogWorker:Storage Directory /workdir/hadoop-ozone/integration-test/target/test-dir/MiniOzoneClusterImpl-fb00d516-ae13-4d3c-8a3f-926c553c4eaa/datanode-5/data/ratis/fa762a78-473e-4d39-8c69-bf5b67360c2f: Starting segment from index:0
2019-09-01 05:52:59,256 [ad88f3b0-98a4-4e16-8300-c870fa2dd819:group-BF5B67360C2F:LeaderElection177] INFO  impl.RaftServerImpl (ServerState.java:setRaftConf(361)) - ad88f3b0-98a4-4e16-8300-c870fa2dd819:group-BF5B67360C2F set configuration 0: [ad88f3b0-98a4-4e16-8300-c870fa2dd819:192.168.36.91:34127], old=null at 0
2019-09-01 05:52:59,257 [grpc-default-executor-1] INFO  impl.RaftServerProxy (RaftServerProxy.java:addNew(89)) - f61a82c2-42b9-49e6-922b-54bde2900752: addNew group-BF85EB72019C:[f61a82c2-42b9-49e6-922b-54bde2900752:192.168.36.91:40137, 2e72a9ea-f178-40e5-bf42-2c889e32e769:192.168.36.91:37184, 99b5111b-d356-42b4-8380-346acbcabf6e:192.168.36.91:35209] returns group-BF85EB72019C:java.util.concurrent.CompletableFuture@26797d80[Not completed]
2019-09-01 05:52:59,257 [grpc-default-executor-3] INFO  impl.RaftServerProxy (RaftServerProxy.java:addNew(89)) - 99b5111b-d356-42b4-8380-346acbcabf6e: addNew group-BF85EB72019C:[f61a82c2-42b9-49e6-922b-54bde2900752:192.168.36.91:40137, 2e72a9ea-f178-40e5-bf42-2c889e32e769:192.168.36.91:37184, 99b5111b-d356-42b4-8380-346acbcabf6e:192.168.36.91:35209] returns group-BF85EB72019C:java.util.concurrent.CompletableFuture@296a76d5[Not completed]
2019-09-01 05:52:59,257 [grpc-default-executor-6] INFO  impl.RaftServerProxy (RaftServerProxy.java:addNew(89)) - 2e72a9ea-f178-40e5-bf42-2c889e32e769: addNew group-BF85EB72019C:[f61a82c2-42b9-49e6-922b-54bde2900752:192.168.36.91:40137, 2e72a9ea-f178-40e5-bf42-2c889e32e769:192.168.36.91:37184, 99b5111b-d356-42b4-8380-346acbcabf6e:192.168.36.91:35209] returns group-BF85EB72019C:java.util.concurrent.CompletableFuture@303e4058[Not completed]
2019-09-01 05:52:59,258 [pool-549-thread-1] INFO  impl.RaftServerImpl (RaftServerImpl.java:<init>(93)) - 2e72a9ea-f178-40e5-bf42-2c889e32e769: new RaftServerImpl for group-BF85EB72019C:[f61a82c2-42b9-49e6-922b-54bde2900752:192.168.36.91:40137, 2e72a9ea-f178-40e5-bf42-2c889e32e769:192.168.36.91:37184, 99b5111b-d356-42b4-8380-346acbcabf6e:192.168.36.91:35209] with ContainerStateMachine:uninitialized
2019-09-01 05:52:59,259 [pool-549-thread-1] INFO  server.RaftServerConfigKeys (ConfUtils.java:logGet(43)) - raft.server.rpc.timeout.min = 1s (custom)
2019-09-01 05:52:59,259 [pool-549-thread-1] INFO  server.RaftServerConfigKeys (ConfUtils.java:logGet(43)) - raft.server.rpc.timeout.max = 1200ms (custom)
2019-09-01 05:52:59,259 [pool-549-thread-1] INFO  server.RaftServerConfigKeys (ConfUtils.java:logGet(43)) - raft.server.rpcslowness.timeout = 120s (custom)
2019-09-01 05:52:59,259 [pool-549-thread-1] INFO  server.RaftServerConfigKeys (ConfUtils.java:logGet(43)) - raft.server.sleep.deviation.threshold = 300 (default)
2019-09-01 05:52:59,259 [pool-539-thread-1] INFO  impl.RaftServerImpl (RaftServerImpl.java:<init>(93)) - f61a82c2-42b9-49e6-922b-54bde2900752: new RaftServerImpl for group-BF85EB72019C:[f61a82c2-42b9-49e6-922b-54bde2900752:192.168.36.91:40137, 2e72a9ea-f178-40e5-bf42-2c889e32e769:192.168.36.91:37184, 99b5111b-d356-42b4-8380-346acbcabf6e:192.168.36.91:35209] with ContainerStateMachine:uninitialized
2019-09-01 05:52:59,259 [pool-549-thread-1] INFO  server.RaftServerConfigKeys (ConfUtils.java:logGet(43)) - raft.server.log.appender.install.snapshot.enabled = false (custom)
2019-09-01 05:52:59,259 [pool-539-thread-1] INFO  server.RaftServerConfigKeys (ConfUtils.java:logGet(43)) - raft.server.rpc.timeout.min = 1s (custom)
2019-09-01 05:52:59,259 [pool-549-thread-1] INFO  impl.RaftServerImpl (ServerState.java:<init>(105)) - 2e72a9ea-f178-40e5-bf42-2c889e32e769:group-BF85EB72019C ConfigurationManager, init=-1: [f61a82c2-42b9-49e6-922b-54bde2900752:192.168.36.91:40137, 2e72a9ea-f178-40e5-bf42-2c889e32e769:192.168.36.91:37184, 99b5111b-d356-42b4-8380-346acbcabf6e:192.168.36.91:35209], old=null, confs=<EMPTY_MAP>
2019-09-01 05:52:59,260 [pool-519-thread-1] INFO  impl.RaftServerImpl (RaftServerImpl.java:<init>(93)) - 99b5111b-d356-42b4-8380-346acbcabf6e: new RaftServerImpl for group-BF85EB72019C:[f61a82c2-42b9-49e6-922b-54bde2900752:192.168.36.91:40137, 2e72a9ea-f178-40e5-bf42-2c889e32e769:192.168.36.91:37184, 99b5111b-d356-42b4-8380-346acbcabf6e:192.168.36.91:35209] with ContainerStateMachine:uninitialized
2019-09-01 05:52:59,260 [pool-539-thread-1] INFO  server.RaftServerConfigKeys (ConfUtils.java:logGet(43)) - raft.server.rpc.timeout.max = 1200ms (custom)
2019-09-01 05:52:59,260 [pool-519-thread-1] INFO  server.RaftServerConfigKeys (ConfUtils.java:logGet(43)) - raft.server.rpc.timeout.min = 1s (custom)
2019-09-01 05:52:59,260 [pool-549-thread-1] INFO  server.RaftServerConfigKeys (ConfUtils.java:logGet(43)) - raft.server.storage.dir = [/workdir/hadoop-ozone/integration-test/target/test-dir/MiniOzoneClusterImpl-fb00d516-ae13-4d3c-8a3f-926c553c4eaa/datanode-4/data/ratis] (custom)
2019-09-01 05:52:59,260 [pool-519-thread-1] INFO  server.RaftServerConfigKeys (ConfUtils.java:logGet(43)) - raft.server.rpc.timeout.max = 1200ms (custom)
2019-09-01 05:52:59,260 [pool-539-thread-1] INFO  server.RaftServerConfigKeys (ConfUtils.java:logGet(43)) - raft.server.rpcslowness.timeout = 120s (custom)
2019-09-01 05:52:59,260 [pool-519-thread-1] INFO  server.RaftServerConfigKeys (ConfUtils.java:logGet(43)) - raft.server.rpcslowness.timeout = 120s (custom)
2019-09-01 05:52:59,260 [pool-539-thread-1] INFO  server.RaftServerConfigKeys (ConfUtils.java:logGet(43)) - raft.server.sleep.deviation.threshold = 300 (default)
2019-09-01 05:52:59,261 [pool-519-thread-1] INFO  server.RaftServerConfigKeys (ConfUtils.java:logGet(43)) - raft.server.sleep.deviation.threshold = 300 (default)
2019-09-01 05:52:59,261 [pool-549-thread-1] INFO  storage.RaftStorageDirectory (RaftStorageDirectory.java:analyzeStorage(246)) - The storage directory /workdir/hadoop-ozone/integration-test/target/test-dir/MiniOzoneClusterImpl-fb00d516-ae13-4d3c-8a3f-926c553c4eaa/datanode-4/data/ratis/55cef6a9-e725-4da7-8f63-bf85eb72019c does not exist. Creating ...
2019-09-01 05:52:59,261 [pool-539-thread-1] INFO  server.RaftServerConfigKeys (ConfUtils.java:logGet(43)) - raft.server.log.appender.install.snapshot.enabled = false (custom)
2019-09-01 05:52:59,261 [pool-519-thread-1] INFO  server.RaftServerConfigKeys (ConfUtils.java:logGet(43)) - raft.server.log.appender.install.snapshot.enabled = false (custom)
2019-09-01 05:52:59,261 [pool-539-thread-1] INFO  impl.RaftServerImpl (ServerState.java:<init>(105)) - f61a82c2-42b9-49e6-922b-54bde2900752:group-BF85EB72019C ConfigurationManager, init=-1: [f61a82c2-42b9-49e6-922b-54bde2900752:192.168.36.91:40137, 2e72a9ea-f178-40e5-bf42-2c889e32e769:192.168.36.91:37184, 99b5111b-d356-42b4-8380-346acbcabf6e:192.168.36.91:35209], old=null, confs=<EMPTY_MAP>
2019-09-01 05:52:59,261 [pool-519-thread-1] INFO  impl.RaftServerImpl (ServerState.java:<init>(105)) - 99b5111b-d356-42b4-8380-346acbcabf6e:group-BF85EB72019C ConfigurationManager, init=-1: [f61a82c2-42b9-49e6-922b-54bde2900752:192.168.36.91:40137, 2e72a9ea-f178-40e5-bf42-2c889e32e769:192.168.36.91:37184, 99b5111b-d356-42b4-8380-346acbcabf6e:192.168.36.91:35209], old=null, confs=<EMPTY_MAP>
2019-09-01 05:52:59,261 [pool-539-thread-1] INFO  server.RaftServerConfigKeys (ConfUtils.java:logGet(43)) - raft.server.storage.dir = [/workdir/hadoop-ozone/integration-test/target/test-dir/MiniOzoneClusterImpl-fb00d516-ae13-4d3c-8a3f-926c553c4eaa/datanode-3/data/ratis] (custom)
2019-09-01 05:52:59,261 [pool-519-thread-1] INFO  server.RaftServerConfigKeys (ConfUtils.java:logGet(43)) - raft.server.storage.dir = [/workdir/hadoop-ozone/integration-test/target/test-dir/MiniOzoneClusterImpl-fb00d516-ae13-4d3c-8a3f-926c553c4eaa/datanode-1/data/ratis] (custom)
2019-09-01 05:52:59,262 [pool-539-thread-1] INFO  storage.RaftStorageDirectory (RaftStorageDirectory.java:analyzeStorage(246)) - The storage directory /workdir/hadoop-ozone/integration-test/target/test-dir/MiniOzoneClusterImpl-fb00d516-ae13-4d3c-8a3f-926c553c4eaa/datanode-3/data/ratis/55cef6a9-e725-4da7-8f63-bf85eb72019c does not exist. Creating ...
2019-09-01 05:52:59,262 [pool-519-thread-1] INFO  storage.RaftStorageDirectory (RaftStorageDirectory.java:analyzeStorage(246)) - The storage directory /workdir/hadoop-ozone/integration-test/target/test-dir/MiniOzoneClusterImpl-fb00d516-ae13-4d3c-8a3f-926c553c4eaa/datanode-1/data/ratis/55cef6a9-e725-4da7-8f63-bf85eb72019c does not exist. Creating ...
2019-09-01 05:52:59,613 [pool-539-thread-1] INFO  storage.RaftStorageDirectory (RaftStorageDirectory.java:tryLock(328)) - Lock on /workdir/hadoop-ozone/integration-test/target/test-dir/MiniOzoneClusterImpl-fb00d516-ae13-4d3c-8a3f-926c553c4eaa/datanode-3/data/ratis/55cef6a9-e725-4da7-8f63-bf85eb72019c/in_use.lock acquired by nodename 16999@trunk-nightly-20190901-gkzrd-4143273587
2019-09-01 05:52:59,613 [ad88f3b0-98a4-4e16-8300-c870fa2dd819-SegmentedRaftLogWorker:Storage Directory /workdir/hadoop-ozone/integration-test/target/test-dir/MiniOzoneClusterImpl-fb00d516-ae13-4d3c-8a3f-926c553c4eaa/datanode-5/data/ratis/fa762a78-473e-4d39-8c69-bf5b67360c2f] INFO  segmented.SegmentedRaftLogWorker (SegmentedRaftLogWorker.java:execute(569)) - ad88f3b0-98a4-4e16-8300-c870fa2dd819-SegmentedRaftLogWorker:Storage Directory /workdir/hadoop-ozone/integration-test/target/test-dir/MiniOzoneClusterImpl-fb00d516-ae13-4d3c-8a3f-926c553c4eaa/datanode-5/data/ratis/fa762a78-473e-4d39-8c69-bf5b67360c2f: created new log segment /workdir/hadoop-ozone/integration-test/target/test-dir/MiniOzoneClusterImpl-fb00d516-ae13-4d3c-8a3f-926c553c4eaa/datanode-5/data/ratis/fa762a78-473e-4d39-8c69-bf5b67360c2f/current/log_inprogress_0
2019-09-01 05:52:59,613 [pool-549-thread-1] INFO  storage.RaftStorageDirectory (RaftStorageDirectory.java:tryLock(328)) - Lock on /workdir/hadoop-ozone/integration-test/target/test-dir/MiniOzoneClusterImpl-fb00d516-ae13-4d3c-8a3f-926c553c4eaa/datanode-4/data/ratis/55cef6a9-e725-4da7-8f63-bf85eb72019c/in_use.lock acquired by nodename 16999@trunk-nightly-20190901-gkzrd-4143273587
2019-09-01 05:52:59,613 [pool-519-thread-1] INFO  storage.RaftStorageDirectory (RaftStorageDirectory.java:tryLock(328)) - Lock on /workdir/hadoop-ozone/integration-test/target/test-dir/MiniOzoneClusterImpl-fb00d516-ae13-4d3c-8a3f-926c553c4eaa/datanode-1/data/ratis/55cef6a9-e725-4da7-8f63-bf85eb72019c/in_use.lock acquired by nodename 16999@trunk-nightly-20190901-gkzrd-4143273587
2019-09-01 05:52:59,806 [pool-549-thread-1] INFO  storage.RaftStorage (RaftStorage.java:format(72)) - Storage directory /workdir/hadoop-ozone/integration-test/target/test-dir/MiniOzoneClusterImpl-fb00d516-ae13-4d3c-8a3f-926c553c4eaa/datanode-4/data/ratis/55cef6a9-e725-4da7-8f63-bf85eb72019c has been successfully formatted.
2019-09-01 05:52:59,806 [pool-539-thread-1] INFO  storage.RaftStorage (RaftStorage.java:format(72)) - Storage directory /workdir/hadoop-ozone/integration-test/target/test-dir/MiniOzoneClusterImpl-fb00d516-ae13-4d3c-8a3f-926c553c4eaa/datanode-3/data/ratis/55cef6a9-e725-4da7-8f63-bf85eb72019c has been successfully formatted.
2019-09-01 05:52:59,806 [pool-549-thread-1] INFO  ratis.ContainerStateMachine (ContainerStateMachine.java:loadSnapshot(227)) - group-BF85EB72019C: The snapshot info is null. Setting the last applied indexto:(t:0, i:~)
2019-09-01 05:52:59,807 [pool-539-thread-1] INFO  ratis.ContainerStateMachine (ContainerStateMachine.java:loadSnapshot(227)) - group-BF85EB72019C: The snapshot info is null. Setting the last applied indexto:(t:0, i:~)
2019-09-01 05:52:59,806 [pool-519-thread-1] INFO  storage.RaftStorage (RaftStorage.java:format(72)) - Storage directory /workdir/hadoop-ozone/integration-test/target/test-dir/MiniOzoneClusterImpl-fb00d516-ae13-4d3c-8a3f-926c553c4eaa/datanode-1/data/ratis/55cef6a9-e725-4da7-8f63-bf85eb72019c has been successfully formatted.
2019-09-01 05:52:59,807 [pool-539-thread-1] INFO  server.RaftServerConfigKeys (ConfUtils.java:logGet(43)) - raft.server.leader.election.timeout = 120s (custom)
2019-09-01 05:52:59,807 [pool-519-thread-1] INFO  ratis.ContainerStateMachine (ContainerStateMachine.java:loadSnapshot(227)) - group-BF85EB72019C: The snapshot info is null. Setting the last applied indexto:(t:0, i:~)
2019-09-01 05:52:59,807 [pool-549-thread-1] INFO  server.RaftServerConfigKeys (ConfUtils.java:logGet(43)) - raft.server.leader.election.timeout = 120s (custom)
2019-09-01 05:52:59,807 [pool-519-thread-1] INFO  server.RaftServerConfigKeys (ConfUtils.java:logGet(43)) - raft.server.leader.election.timeout = 120s (custom)
2019-09-01 05:52:59,808 [pool-519-thread-1] INFO  server.RaftServerConfigKeys (ConfUtils.java:logGet(43)) - raft.server.log.use.memory = false (default)
2019-09-01 05:52:59,807 [pool-539-thread-1] INFO  server.RaftServerConfigKeys (ConfUtils.java:logGet(43)) - raft.server.log.use.memory = false (default)
2019-09-01 05:52:59,808 [pool-519-thread-1] INFO  server.RaftServerConfigKeys (ConfUtils.java:logGet(43)) - raft.server.log.purge.gap = 1000000 (custom)
2019-09-01 05:52:59,807 [pool-549-thread-1] INFO  server.RaftServerConfigKeys (ConfUtils.java:logGet(43)) - raft.server.log.use.memory = false (default)
2019-09-01 05:52:59,808 [pool-519-thread-1] INFO  server.RaftServerConfigKeys (ConfUtils.java:logGet(43)) - raft.server.log.appender.buffer.byte-limit = 33554432 (custom)
2019-09-01 05:52:59,808 [pool-539-thread-1] INFO  server.RaftServerConfigKeys (ConfUtils.java:logGet(43)) - raft.server.log.purge.gap = 1000000 (custom)
2019-09-01 05:52:59,809 [pool-519-thread-1] INFO  server.RaftServerConfigKeys (ConfUtils.java:logGet(43)) - raft.server.log.segment.size.max = 1048576 (custom)
2019-09-01 05:52:59,808 [pool-549-thread-1] INFO  server.RaftServerConfigKeys (ConfUtils.java:logGet(43)) - raft.server.log.purge.gap = 1000000 (custom)
2019-09-01 05:52:59,809 [pool-519-thread-1] INFO  server.RaftServerConfigKeys (ConfUtils.java:logGet(43)) - raft.server.log.segment.cache.num.max = 2 (custom)
2019-09-01 05:52:59,809 [pool-539-thread-1] INFO  server.RaftServerConfigKeys (ConfUtils.java:logGet(43)) - raft.server.log.appender.buffer.byte-limit = 33554432 (custom)
2019-09-01 05:52:59,809 [pool-519-thread-1] INFO  segmented.SegmentedRaftLogWorker (SegmentedRaftLogWorker.java:<init>(172)) - new 99b5111b-d356-42b4-8380-346acbcabf6e-SegmentedRaftLogWorker:Storage Directory /workdir/hadoop-ozone/integration-test/target/test-dir/MiniOzoneClusterImpl-fb00d516-ae13-4d3c-8a3f-926c553c4eaa/datanode-1/data/ratis/55cef6a9-e725-4da7-8f63-bf85eb72019c for RaftStorage:Storage Directory /workdir/hadoop-ozone/integration-test/target/test-dir/MiniOzoneClusterImpl-fb00d516-ae13-4d3c-8a3f-926c553c4eaa/datanode-1/data/ratis/55cef6a9-e725-4da7-8f63-bf85eb72019c
2019-09-01 05:52:59,809 [pool-549-thread-1] INFO  server.RaftServerConfigKeys (ConfUtils.java:logGet(43)) - raft.server.log.appender.buffer.byte-limit = 33554432 (custom)
2019-09-01 05:52:59,810 [pool-519-thread-1] INFO  server.RaftServerConfigKeys (ConfUtils.java:logGet(43)) - raft.server.log.queue.byte-limit = 2147483647 (custom)
2019-09-01 05:52:59,809 [pool-539-thread-1] INFO  server.RaftServerConfigKeys (ConfUtils.java:logGet(43)) - raft.server.log.segment.size.max = 1048576 (custom)
2019-09-01 05:52:59,810 [pool-519-thread-1] INFO  server.RaftServerConfigKeys (ConfUtils.java:logGet(43)) - raft.server.log.queue.element-limit = 1024 (custom)
2019-09-01 05:52:59,810 [pool-549-thread-1] INFO  server.RaftServerConfigKeys (ConfUtils.java:logGet(43)) - raft.server.log.segment.size.max = 1048576 (custom)
2019-09-01 05:52:59,810 [pool-519-thread-1] INFO  server.RaftServerConfigKeys (ConfUtils.java:logGet(43)) - raft.server.log.segment.size.max = 1048576 (custom)
2019-09-01 05:52:59,810 [pool-539-thread-1] INFO  server.RaftServerConfigKeys (ConfUtils.java:logGet(43)) - raft.server.log.segment.cache.num.max = 2 (custom)
2019-09-01 05:52:59,810 [pool-519-thread-1] INFO  server.RaftServerConfigKeys (ConfUtils.java:logGet(43)) - raft.server.log.preallocated.size = 16384 (custom)
2019-09-01 05:52:59,810 [pool-549-thread-1] INFO  server.RaftServerConfigKeys (ConfUtils.java:logGet(43)) - raft.server.log.segment.cache.num.max = 2 (custom)
2019-09-01 05:52:59,811 [pool-519-thread-1] INFO  server.RaftServerConfigKeys (ConfUtils.java:logGet(43)) - raft.server.log.write.buffer.size = 33554432 (custom)
2019-09-01 05:52:59,811 [pool-539-thread-1] INFO  segmented.SegmentedRaftLogWorker (SegmentedRaftLogWorker.java:<init>(172)) - new f61a82c2-42b9-49e6-922b-54bde2900752-SegmentedRaftLogWorker:Storage Directory /workdir/hadoop-ozone/integration-test/target/test-dir/MiniOzoneClusterImpl-fb00d516-ae13-4d3c-8a3f-926c553c4eaa/datanode-3/data/ratis/55cef6a9-e725-4da7-8f63-bf85eb72019c for RaftStorage:Storage Directory /workdir/hadoop-ozone/integration-test/target/test-dir/MiniOzoneClusterImpl-fb00d516-ae13-4d3c-8a3f-926c553c4eaa/datanode-3/data/ratis/55cef6a9-e725-4da7-8f63-bf85eb72019c
2019-09-01 05:52:59,811 [pool-519-thread-1] INFO  server.RaftServerConfigKeys (ConfUtils.java:logGet(43)) - raft.server.log.force.sync.num = 128 (default)
2019-09-01 05:52:59,811 [pool-549-thread-1] INFO  segmented.SegmentedRaftLogWorker (SegmentedRaftLogWorker.java:<init>(172)) - new 2e72a9ea-f178-40e5-bf42-2c889e32e769-SegmentedRaftLogWorker:Storage Directory /workdir/hadoop-ozone/integration-test/target/test-dir/MiniOzoneClusterImpl-fb00d516-ae13-4d3c-8a3f-926c553c4eaa/datanode-4/data/ratis/55cef6a9-e725-4da7-8f63-bf85eb72019c for RaftStorage:Storage Directory /workdir/hadoop-ozone/integration-test/target/test-dir/MiniOzoneClusterImpl-fb00d516-ae13-4d3c-8a3f-926c553c4eaa/datanode-4/data/ratis/55cef6a9-e725-4da7-8f63-bf85eb72019c
2019-09-01 05:52:59,811 [pool-519-thread-1] INFO  server.RaftServerConfigKeys (ConfUtils.java:logGet(43)) - raft.server.log.statemachine.data.sync = true (default)
2019-09-01 05:52:59,811 [pool-539-thread-1] INFO  server.RaftServerConfigKeys (ConfUtils.java:logGet(43)) - raft.server.log.queue.byte-limit = 2147483647 (custom)
2019-09-01 05:52:59,812 [pool-519-thread-1] INFO  server.RaftServerConfigKeys (ConfUtils.java:logGet(43)) - raft.server.log.statemachine.data.sync.timeout = 10s (default)
2019-09-01 05:52:59,812 [pool-549-thread-1] INFO  server.RaftServerConfigKeys (ConfUtils.java:logGet(43)) - raft.server.log.queue.byte-limit = 2147483647 (custom)
2019-09-01 05:52:59,812 [pool-519-thread-1] INFO  server.RaftServerConfigKeys (ConfUtils.java:logGet(43)) - raft.server.log.statemachine.data.sync.timeout.retry = -1 (default)
2019-09-01 05:52:59,812 [pool-539-thread-1] INFO  server.RaftServerConfigKeys (ConfUtils.java:logGet(43)) - raft.server.log.queue.element-limit = 1024 (custom)
2019-09-01 05:52:59,813 [pool-519-thread-1] INFO  server.RaftServerConfigKeys (ConfUtils.java:logGet(43)) - raft.server.log.statemachine.data.caching.enabled = true (custom)
2019-09-01 05:52:59,812 [pool-549-thread-1] INFO  server.RaftServerConfigKeys (ConfUtils.java:logGet(43)) - raft.server.log.queue.element-limit = 1024 (custom)
2019-09-01 05:52:59,813 [pool-539-thread-1] INFO  server.RaftServerConfigKeys (ConfUtils.java:logGet(43)) - raft.server.log.segment.size.max = 1048576 (custom)
2019-09-01 05:52:59,813 [pool-519-thread-1] INFO  segmented.SegmentedRaftLogWorker (SegmentedRaftLogWorker.java:lambda$new$0(132)) - 99b5111b-d356-42b4-8380-346acbcabf6e-SegmentedRaftLogWorker:Storage Directory /workdir/hadoop-ozone/integration-test/target/test-dir/MiniOzoneClusterImpl-fb00d516-ae13-4d3c-8a3f-926c553c4eaa/datanode-1/data/ratis/55cef6a9-e725-4da7-8f63-bf85eb72019c: flushIndex: setUnconditionally 0 -> -1
2019-09-01 05:52:59,813 [pool-549-thread-1] INFO  server.RaftServerConfigKeys (ConfUtils.java:logGet(43)) - raft.server.log.segment.size.max = 1048576 (custom)
2019-09-01 05:52:59,813 [pool-539-thread-1] INFO  server.RaftServerConfigKeys (ConfUtils.java:logGet(43)) - raft.server.log.preallocated.size = 16384 (custom)
2019-09-01 05:52:59,814 [pool-519-thread-1] INFO  server.RaftServerConfigKeys (ConfUtils.java:logGet(43)) - raft.server.snapshot.auto.trigger.enabled = true (custom)
2019-09-01 05:52:59,814 [pool-549-thread-1] INFO  server.RaftServerConfigKeys (ConfUtils.java:logGet(43)) - raft.server.log.preallocated.size = 16384 (custom)
2019-09-01 05:52:59,814 [pool-519-thread-1] INFO  server.RaftServerConfigKeys (ConfUtils.java:logGet(43)) - raft.server.snapshot.auto.trigger.threshold = 10000 (custom)
2019-09-01 05:52:59,814 [pool-539-thread-1] INFO  server.RaftServerConfigKeys (ConfUtils.java:logGet(43)) - raft.server.log.write.buffer.size = 33554432 (custom)
2019-09-01 05:52:59,814 [pool-519-thread-1] INFO  server.RaftServerConfigKeys (ConfUtils.java:logGet(43)) - raft.server.retrycache.expirytime = 600000ms (custom)
2019-09-01 05:52:59,814 [pool-549-thread-1] INFO  server.RaftServerConfigKeys (ConfUtils.java:logGet(43)) - raft.server.log.write.buffer.size = 33554432 (custom)
2019-09-01 05:52:59,815 [pool-519-thread-1] INFO  impl.RaftServerImpl (RaftServerImpl.java:start(180)) - 99b5111b-d356-42b4-8380-346acbcabf6e: start group-BF85EB72019C
2019-09-01 05:52:59,814 [pool-539-thread-1] INFO  server.RaftServerConfigKeys (ConfUtils.java:logGet(43)) - raft.server.log.force.sync.num = 128 (default)
2019-09-01 05:52:59,815 [pool-519-thread-1] INFO  impl.RaftServerImpl (RaftServerImpl.java:setRole(171)) - 99b5111b-d356-42b4-8380-346acbcabf6e:group-BF85EB72019C changes role from null to FOLLOWER at term 0 for startAsFollower
2019-09-01 05:52:59,815 [pool-549-thread-1] INFO  server.RaftServerConfigKeys (ConfUtils.java:logGet(43)) - raft.server.log.force.sync.num = 128 (default)
2019-09-01 05:52:59,815 [pool-519-thread-1] INFO  impl.RoleInfo (RoleInfo.java:updateAndGet(143)) - 99b5111b-d356-42b4-8380-346acbcabf6e: start FollowerState
2019-09-01 05:52:59,815 [pool-539-thread-1] INFO  server.RaftServerConfigKeys (ConfUtils.java:logGet(43)) - raft.server.log.statemachine.data.sync = true (default)
2019-09-01 05:52:59,815 [pool-549-thread-1] INFO  server.RaftServerConfigKeys (ConfUtils.java:logGet(43)) - raft.server.log.statemachine.data.sync = true (default)
2019-09-01 05:52:59,816 [pool-539-thread-1] INFO  server.RaftServerConfigKeys (ConfUtils.java:logGet(43)) - raft.server.log.statemachine.data.sync.timeout = 10s (default)
2019-09-01 05:52:59,816 [pool-519-thread-1] INFO  util.JmxRegister (JmxRegister.java:tryRegister(44)) - Successfully registered JMX Bean with object name Ratis:service=RaftServer,group=group-BF85EB72019C,id=99b5111b-d356-42b4-8380-346acbcabf6e
2019-09-01 05:52:59,816 [pool-549-thread-1] INFO  server.RaftServerConfigKeys (ConfUtils.java:logGet(43)) - raft.server.log.statemachine.data.sync.timeout = 10s (default)
2019-09-01 05:52:59,816 [pool-539-thread-1] INFO  server.RaftServerConfigKeys (ConfUtils.java:logGet(43)) - raft.server.log.statemachine.data.sync.timeout.retry = -1 (default)
2019-09-01 05:52:59,816 [pool-549-thread-1] INFO  server.RaftServerConfigKeys (ConfUtils.java:logGet(43)) - raft.server.log.statemachine.data.sync.timeout.retry = -1 (default)
2019-09-01 05:52:59,817 [pool-539-thread-1] INFO  server.RaftServerConfigKeys (ConfUtils.java:logGet(43)) - raft.server.log.statemachine.data.caching.enabled = true (custom)
2019-09-01 05:52:59,817 [pool-549-thread-1] INFO  server.RaftServerConfigKeys (ConfUtils.java:logGet(43)) - raft.server.log.statemachine.data.caching.enabled = true (custom)
2019-09-01 05:52:59,817 [pool-539-thread-1] INFO  segmented.SegmentedRaftLogWorker (SegmentedRaftLogWorker.java:lambda$new$0(132)) - f61a82c2-42b9-49e6-922b-54bde2900752-SegmentedRaftLogWorker:Storage Directory /workdir/hadoop-ozone/integration-test/target/test-dir/MiniOzoneClusterImpl-fb00d516-ae13-4d3c-8a3f-926c553c4eaa/datanode-3/data/ratis/55cef6a9-e725-4da7-8f63-bf85eb72019c: flushIndex: setUnconditionally 0 -> -1
2019-09-01 05:52:59,817 [pool-549-thread-1] INFO  segmented.SegmentedRaftLogWorker (SegmentedRaftLogWorker.java:lambda$new$0(132)) - 2e72a9ea-f178-40e5-bf42-2c889e32e769-SegmentedRaftLogWorker:Storage Directory /workdir/hadoop-ozone/integration-test/target/test-dir/MiniOzoneClusterImpl-fb00d516-ae13-4d3c-8a3f-926c553c4eaa/datanode-4/data/ratis/55cef6a9-e725-4da7-8f63-bf85eb72019c: flushIndex: setUnconditionally 0 -> -1
2019-09-01 05:52:59,818 [pool-539-thread-1] INFO  server.RaftServerConfigKeys (ConfUtils.java:logGet(43)) - raft.server.snapshot.auto.trigger.enabled = true (custom)
2019-09-01 05:52:59,818 [pool-549-thread-1] INFO  server.RaftServerConfigKeys (ConfUtils.java:logGet(43)) - raft.server.snapshot.auto.trigger.enabled = true (custom)
2019-09-01 05:52:59,818 [pool-539-thread-1] INFO  server.RaftServerConfigKeys (ConfUtils.java:logGet(43)) - raft.server.snapshot.auto.trigger.threshold = 10000 (custom)
2019-09-01 05:52:59,818 [pool-549-thread-1] INFO  server.RaftServerConfigKeys (ConfUtils.java:logGet(43)) - raft.server.snapshot.auto.trigger.threshold = 10000 (custom)
2019-09-01 05:52:59,818 [pool-539-thread-1] INFO  server.RaftServerConfigKeys (ConfUtils.java:logGet(43)) - raft.server.retrycache.expirytime = 600000ms (custom)
2019-09-01 05:52:59,819 [pool-549-thread-1] INFO  server.RaftServerConfigKeys (ConfUtils.java:logGet(43)) - raft.server.retrycache.expirytime = 600000ms (custom)
2019-09-01 05:52:59,819 [pool-539-thread-1] INFO  impl.RaftServerImpl (RaftServerImpl.java:start(180)) - f61a82c2-42b9-49e6-922b-54bde2900752: start group-BF85EB72019C
2019-09-01 05:52:59,819 [pool-549-thread-1] INFO  impl.RaftServerImpl (RaftServerImpl.java:start(180)) - 2e72a9ea-f178-40e5-bf42-2c889e32e769: start group-BF85EB72019C
2019-09-01 05:52:59,819 [pool-539-thread-1] INFO  impl.RaftServerImpl (RaftServerImpl.java:setRole(171)) - f61a82c2-42b9-49e6-922b-54bde2900752:group-BF85EB72019C changes role from null to FOLLOWER at term 0 for startAsFollower
2019-09-01 05:52:59,819 [pool-549-thread-1] INFO  impl.RaftServerImpl (RaftServerImpl.java:setRole(171)) - 2e72a9ea-f178-40e5-bf42-2c889e32e769:group-BF85EB72019C changes role from null to FOLLOWER at term 0 for startAsFollower
2019-09-01 05:52:59,819 [pool-539-thread-1] INFO  impl.RoleInfo (RoleInfo.java:updateAndGet(143)) - f61a82c2-42b9-49e6-922b-54bde2900752: start FollowerState
2019-09-01 05:52:59,819 [pool-549-thread-1] INFO  impl.RoleInfo (RoleInfo.java:updateAndGet(143)) - 2e72a9ea-f178-40e5-bf42-2c889e32e769: start FollowerState
2019-09-01 05:52:59,820 [pool-539-thread-1] INFO  util.JmxRegister (JmxRegister.java:tryRegister(44)) - Successfully registered JMX Bean with object name Ratis:service=RaftServer,group=group-BF85EB72019C,id=f61a82c2-42b9-49e6-922b-54bde2900752
2019-09-01 05:52:59,820 [pool-549-thread-1] INFO  util.JmxRegister (JmxRegister.java:tryRegister(44)) - Successfully registered JMX Bean with object name Ratis:service=RaftServer,group=group-BF85EB72019C,id=2e72a9ea-f178-40e5-bf42-2c889e32e769
2019-09-01 05:52:59,823 [RatisPipelineUtilsThread] INFO  pipeline.PipelineStateManager (PipelineStateManager.java:addPipeline(56)) - Created pipeline Pipeline[ Id: 55cef6a9-e725-4da7-8f63-bf85eb72019c, Nodes: 99b5111b-d356-42b4-8380-346acbcabf6e{ip: 192.168.36.91, host: trunk-nightly-20190901-gkzrd-4143273587, networkLocation: /rack1, certSerialId: null}f61a82c2-42b9-49e6-922b-54bde2900752{ip: 192.168.36.91, host: trunk-nightly-20190901-gkzrd-4143273587, networkLocation: /rack1, certSerialId: null}2e72a9ea-f178-40e5-bf42-2c889e32e769{ip: 192.168.36.91, host: trunk-nightly-20190901-gkzrd-4143273587, networkLocation: /rack1, certSerialId: null}, Type:RATIS, Factor:THREE, State:OPEN]
2019-09-01 05:52:59,842 [grpc-default-executor-3] INFO  impl.RaftServerProxy (RaftServerProxy.java:addNew(89)) - 2add93e0-2462-45f9-8504-d95fbdd1cf50: addNew group-389DF4E823E9:[2add93e0-2462-45f9-8504-d95fbdd1cf50:192.168.36.91:37068, 196a83ac-f404-447a-85c9-b484bfff17ef:192.168.36.91:35328, e504cd85-a1db-4587-8509-c7399dc7cafe:192.168.36.91:36185] returns group-389DF4E823E9:java.util.concurrent.CompletableFuture@106c36b2[Not completed]
2019-09-01 05:52:59,843 [grpc-default-executor-1] INFO  impl.RaftServerProxy (RaftServerProxy.java:addNew(89)) - 196a83ac-f404-447a-85c9-b484bfff17ef: addNew group-389DF4E823E9:[2add93e0-2462-45f9-8504-d95fbdd1cf50:192.168.36.91:37068, 196a83ac-f404-447a-85c9-b484bfff17ef:192.168.36.91:35328, e504cd85-a1db-4587-8509-c7399dc7cafe:192.168.36.91:36185] returns group-389DF4E823E9:java.util.concurrent.CompletableFuture@5e0beb83[Not completed]
2019-09-01 05:52:59,843 [grpc-default-executor-6] INFO  impl.RaftServerProxy (RaftServerProxy.java:addNew(89)) - e504cd85-a1db-4587-8509-c7399dc7cafe: addNew group-389DF4E823E9:[2add93e0-2462-45f9-8504-d95fbdd1cf50:192.168.36.91:37068, 196a83ac-f404-447a-85c9-b484bfff17ef:192.168.36.91:35328, e504cd85-a1db-4587-8509-c7399dc7cafe:192.168.36.91:36185] returns group-389DF4E823E9:java.util.concurrent.CompletableFuture@2b3a8368[Not completed]
2019-09-01 05:52:59,844 [pool-589-thread-1] INFO  impl.RaftServerImpl (RaftServerImpl.java:<init>(93)) - 2add93e0-2462-45f9-8504-d95fbdd1cf50: new RaftServerImpl for group-389DF4E823E9:[2add93e0-2462-45f9-8504-d95fbdd1cf50:192.168.36.91:37068, 196a83ac-f404-447a-85c9-b484bfff17ef:192.168.36.91:35328, e504cd85-a1db-4587-8509-c7399dc7cafe:192.168.36.91:36185] with ContainerStateMachine:uninitialized
2019-09-01 05:52:59,845 [pool-589-thread-1] INFO  server.RaftServerConfigKeys (ConfUtils.java:logGet(43)) - raft.server.rpc.timeout.min = 1s (custom)
2019-09-01 05:52:59,845 [pool-589-thread-1] INFO  server.RaftServerConfigKeys (ConfUtils.java:logGet(43)) - raft.server.rpc.timeout.max = 1200ms (custom)
2019-09-01 05:52:59,845 [pool-589-thread-1] INFO  server.RaftServerConfigKeys (ConfUtils.java:logGet(43)) - raft.server.rpcslowness.timeout = 120s (custom)
2019-09-01 05:52:59,845 [pool-589-thread-1] INFO  server.RaftServerConfigKeys (ConfUtils.java:logGet(43)) - raft.server.sleep.deviation.threshold = 300 (default)
2019-09-01 05:52:59,845 [pool-509-thread-1] INFO  impl.RaftServerImpl (RaftServerImpl.java:<init>(93)) - 196a83ac-f404-447a-85c9-b484bfff17ef: new RaftServerImpl for group-389DF4E823E9:[2add93e0-2462-45f9-8504-d95fbdd1cf50:192.168.36.91:37068, 196a83ac-f404-447a-85c9-b484bfff17ef:192.168.36.91:35328, e504cd85-a1db-4587-8509-c7399dc7cafe:192.168.36.91:36185] with ContainerStateMachine:uninitialized
2019-09-01 05:52:59,845 [pool-589-thread-1] INFO  server.RaftServerConfigKeys (ConfUtils.java:logGet(43)) - raft.server.log.appender.install.snapshot.enabled = false (custom)
2019-09-01 05:52:59,845 [pool-509-thread-1] INFO  server.RaftServerConfigKeys (ConfUtils.java:logGet(43)) - raft.server.rpc.timeout.min = 1s (custom)
2019-09-01 05:52:59,845 [pool-589-thread-1] INFO  impl.RaftServerImpl (ServerState.java:<init>(105)) - 2add93e0-2462-45f9-8504-d95fbdd1cf50:group-389DF4E823E9 ConfigurationManager, init=-1: [2add93e0-2462-45f9-8504-d95fbdd1cf50:192.168.36.91:37068, 196a83ac-f404-447a-85c9-b484bfff17ef:192.168.36.91:35328, e504cd85-a1db-4587-8509-c7399dc7cafe:192.168.36.91:36185], old=null, confs=<EMPTY_MAP>
2019-09-01 05:52:59,846 [pool-579-thread-1] INFO  impl.RaftServerImpl (RaftServerImpl.java:<init>(93)) - e504cd85-a1db-4587-8509-c7399dc7cafe: new RaftServerImpl for group-389DF4E823E9:[2add93e0-2462-45f9-8504-d95fbdd1cf50:192.168.36.91:37068, 196a83ac-f404-447a-85c9-b484bfff17ef:192.168.36.91:35328, e504cd85-a1db-4587-8509-c7399dc7cafe:192.168.36.91:36185] with ContainerStateMachine:uninitialized
2019-09-01 05:52:59,846 [pool-509-thread-1] INFO  server.RaftServerConfigKeys (ConfUtils.java:logGet(43)) - raft.server.rpc.timeout.max = 1200ms (custom)
2019-09-01 05:52:59,846 [pool-579-thread-1] INFO  server.RaftServerConfigKeys (ConfUtils.java:logGet(43)) - raft.server.rpc.timeout.min = 1s (custom)
2019-09-01 05:52:59,846 [pool-589-thread-1] INFO  server.RaftServerConfigKeys (ConfUtils.java:logGet(43)) - raft.server.storage.dir = [/workdir/hadoop-ozone/integration-test/target/test-dir/MiniOzoneClusterImpl-fb00d516-ae13-4d3c-8a3f-926c553c4eaa/datanode-8/data/ratis] (custom)
2019-09-01 05:52:59,846 [pool-579-thread-1] INFO  server.RaftServerConfigKeys (ConfUtils.java:logGet(43)) - raft.server.rpc.timeout.max = 1200ms (custom)
2019-09-01 05:52:59,846 [pool-509-thread-1] INFO  server.RaftServerConfigKeys (ConfUtils.java:logGet(43)) - raft.server.rpcslowness.timeout = 120s (custom)
2019-09-01 05:52:59,847 [pool-579-thread-1] INFO  server.RaftServerConfigKeys (ConfUtils.java:logGet(43)) - raft.server.rpcslowness.timeout = 120s (custom)
2019-09-01 05:52:59,847 [pool-579-thread-1] INFO  server.RaftServerConfigKeys (ConfUtils.java:logGet(43)) - raft.server.sleep.deviation.threshold = 300 (default)
2019-09-01 05:52:59,847 [pool-509-thread-1] INFO  server.RaftServerConfigKeys (ConfUtils.java:logGet(43)) - raft.server.sleep.deviation.threshold = 300 (default)
2019-09-01 05:52:59,847 [pool-589-thread-1] INFO  storage.RaftStorageDirectory (RaftStorageDirectory.java:analyzeStorage(246)) - The storage directory /workdir/hadoop-ozone/integration-test/target/test-dir/MiniOzoneClusterImpl-fb00d516-ae13-4d3c-8a3f-926c553c4eaa/datanode-8/data/ratis/cbe75309-bf4f-419f-81ce-389df4e823e9 does not exist. Creating ...
2019-09-01 05:52:59,847 [pool-579-thread-1] INFO  server.RaftServerConfigKeys (ConfUtils.java:logGet(43)) - raft.server.log.appender.install.snapshot.enabled = false (custom)
2019-09-01 05:52:59,847 [pool-509-thread-1] INFO  server.RaftServerConfigKeys (ConfUtils.java:logGet(43)) - raft.server.log.appender.install.snapshot.enabled = false (custom)
2019-09-01 05:52:59,848 [pool-579-thread-1] INFO  impl.RaftServerImpl (ServerState.java:<init>(105)) - e504cd85-a1db-4587-8509-c7399dc7cafe:group-389DF4E823E9 ConfigurationManager, init=-1: [2add93e0-2462-45f9-8504-d95fbdd1cf50:192.168.36.91:37068, 196a83ac-f404-447a-85c9-b484bfff17ef:192.168.36.91:35328, e504cd85-a1db-4587-8509-c7399dc7cafe:192.168.36.91:36185], old=null, confs=<EMPTY_MAP>
2019-09-01 05:52:59,848 [pool-509-thread-1] INFO  impl.RaftServerImpl (ServerState.java:<init>(105)) - 196a83ac-f404-447a-85c9-b484bfff17ef:group-389DF4E823E9 ConfigurationManager, init=-1: [2add93e0-2462-45f9-8504-d95fbdd1cf50:192.168.36.91:37068, 196a83ac-f404-447a-85c9-b484bfff17ef:192.168.36.91:35328, e504cd85-a1db-4587-8509-c7399dc7cafe:192.168.36.91:36185], old=null, confs=<EMPTY_MAP>
2019-09-01 05:52:59,848 [pool-579-thread-1] INFO  server.RaftServerConfigKeys (ConfUtils.java:logGet(43)) - raft.server.storage.dir = [/workdir/hadoop-ozone/integration-test/target/test-dir/MiniOzoneClusterImpl-fb00d516-ae13-4d3c-8a3f-926c553c4eaa/datanode-7/data/ratis] (custom)
2019-09-01 05:52:59,848 [pool-509-thread-1] INFO  server.RaftServerConfigKeys (ConfUtils.java:logGet(43)) - raft.server.storage.dir = [/workdir/hadoop-ozone/integration-test/target/test-dir/MiniOzoneClusterImpl-fb00d516-ae13-4d3c-8a3f-926c553c4eaa/datanode-0/data/ratis] (custom)
2019-09-01 05:52:59,848 [pool-509-thread-1] INFO  storage.RaftStorageDirectory (RaftStorageDirectory.java:analyzeStorage(246)) - The storage directory /workdir/hadoop-ozone/integration-test/target/test-dir/MiniOzoneClusterImpl-fb00d516-ae13-4d3c-8a3f-926c553c4eaa/datanode-0/data/ratis/cbe75309-bf4f-419f-81ce-389df4e823e9 does not exist. Creating ...
2019-09-01 05:52:59,848 [pool-579-thread-1] INFO  storage.RaftStorageDirectory (RaftStorageDirectory.java:analyzeStorage(246)) - The storage directory /workdir/hadoop-ozone/integration-test/target/test-dir/MiniOzoneClusterImpl-fb00d516-ae13-4d3c-8a3f-926c553c4eaa/datanode-7/data/ratis/cbe75309-bf4f-419f-81ce-389df4e823e9 does not exist. Creating ...
2019-09-01 05:53:00,314 [Thread-3635] INFO  impl.FollowerState (FollowerState.java:run(106)) - 58ac0b1f-3b21-42d3-b916-9551d6eb3ea3:group-1AB947813186 changes to CANDIDATE, lastRpcTime:1084, electionTimeout:1084ms
2019-09-01 05:53:00,315 [Thread-3635] INFO  impl.RoleInfo (RoleInfo.java:shutdownFollowerState(121)) - 58ac0b1f-3b21-42d3-b916-9551d6eb3ea3: shutdown FollowerState
2019-09-01 05:53:00,315 [Thread-3635] INFO  impl.RaftServerImpl (RaftServerImpl.java:setRole(171)) - 58ac0b1f-3b21-42d3-b916-9551d6eb3ea3:group-1AB947813186 changes role from FOLLOWER to CANDIDATE at term 0 for changeToCandidate
2019-09-01 05:53:00,315 [Thread-3635] INFO  impl.RoleInfo (RoleInfo.java:updateAndGet(143)) - 58ac0b1f-3b21-42d3-b916-9551d6eb3ea3: start LeaderElection
2019-09-01 05:53:00,407 [pool-579-thread-1] INFO  storage.RaftStorageDirectory (RaftStorageDirectory.java:tryLock(328)) - Lock on /workdir/hadoop-ozone/integration-test/target/test-dir/MiniOzoneClusterImpl-fb00d516-ae13-4d3c-8a3f-926c553c4eaa/datanode-7/data/ratis/cbe75309-bf4f-419f-81ce-389df4e823e9/in_use.lock acquired by nodename 16999@trunk-nightly-20190901-gkzrd-4143273587
2019-09-01 05:53:00,407 [pool-589-thread-1] INFO  storage.RaftStorageDirectory (RaftStorageDirectory.java:tryLock(328)) - Lock on /workdir/hadoop-ozone/integration-test/target/test-dir/MiniOzoneClusterImpl-fb00d516-ae13-4d3c-8a3f-926c553c4eaa/datanode-8/data/ratis/cbe75309-bf4f-419f-81ce-389df4e823e9/in_use.lock acquired by nodename 16999@trunk-nightly-20190901-gkzrd-4143273587
2019-09-01 05:53:00,407 [pool-509-thread-1] INFO  storage.RaftStorageDirectory (RaftStorageDirectory.java:tryLock(328)) - Lock on /workdir/hadoop-ozone/integration-test/target/test-dir/MiniOzoneClusterImpl-fb00d516-ae13-4d3c-8a3f-926c553c4eaa/datanode-0/data/ratis/cbe75309-bf4f-419f-81ce-389df4e823e9/in_use.lock acquired by nodename 16999@trunk-nightly-20190901-gkzrd-4143273587
2019-09-01 05:53:00,427 [pool-509-thread-1] INFO  storage.RaftStorage (RaftStorage.java:format(72)) - Storage directory /workdir/hadoop-ozone/integration-test/target/test-dir/MiniOzoneClusterImpl-fb00d516-ae13-4d3c-8a3f-926c553c4eaa/datanode-0/data/ratis/cbe75309-bf4f-419f-81ce-389df4e823e9 has been successfully formatted.
2019-09-01 05:53:00,427 [pool-589-thread-1] INFO  storage.RaftStorage (RaftStorage.java:format(72)) - Storage directory /workdir/hadoop-ozone/integration-test/target/test-dir/MiniOzoneClusterImpl-fb00d516-ae13-4d3c-8a3f-926c553c4eaa/datanode-8/data/ratis/cbe75309-bf4f-419f-81ce-389df4e823e9 has been successfully formatted.
2019-09-01 05:53:00,428 [pool-509-thread-1] INFO  ratis.ContainerStateMachine (ContainerStateMachine.java:loadSnapshot(227)) - group-389DF4E823E9: The snapshot info is null. Setting the last applied indexto:(t:0, i:~)
2019-09-01 05:53:00,427 [58ac0b1f-3b21-42d3-b916-9551d6eb3ea3:group-1AB947813186:LeaderElection178] INFO  impl.LeaderElection (LeaderElection.java:askForVotes(181)) - 58ac0b1f-3b21-42d3-b916-9551d6eb3ea3:group-1AB947813186:LeaderElection178: begin an election at term 1 for -1: [58ac0b1f-3b21-42d3-b916-9551d6eb3ea3:192.168.36.91:41717], old=null
2019-09-01 05:53:00,427 [pool-579-thread-1] INFO  storage.RaftStorage (RaftStorage.java:format(72)) - Storage directory /workdir/hadoop-ozone/integration-test/target/test-dir/MiniOzoneClusterImpl-fb00d516-ae13-4d3c-8a3f-926c553c4eaa/datanode-7/data/ratis/cbe75309-bf4f-419f-81ce-389df4e823e9 has been successfully formatted.
2019-09-01 05:53:00,428 [58ac0b1f-3b21-42d3-b916-9551d6eb3ea3:group-1AB947813186:LeaderElection178] INFO  impl.RoleInfo (RoleInfo.java:shutdownLeaderElection(134)) - 58ac0b1f-3b21-42d3-b916-9551d6eb3ea3: shutdown LeaderElection
2019-09-01 05:53:00,428 [pool-509-thread-1] INFO  server.RaftServerConfigKeys (ConfUtils.java:logGet(43)) - raft.server.leader.election.timeout = 120s (custom)
2019-09-01 05:53:00,428 [pool-589-thread-1] INFO  ratis.ContainerStateMachine (ContainerStateMachine.java:loadSnapshot(227)) - group-389DF4E823E9: The snapshot info is null. Setting the last applied indexto:(t:0, i:~)
2019-09-01 05:53:00,429 [pool-509-thread-1] INFO  server.RaftServerConfigKeys (ConfUtils.java:logGet(43)) - raft.server.log.use.memory = false (default)
2019-09-01 05:53:00,428 [58ac0b1f-3b21-42d3-b916-9551d6eb3ea3:group-1AB947813186:LeaderElection178] INFO  impl.RaftServerImpl (RaftServerImpl.java:setRole(171)) - 58ac0b1f-3b21-42d3-b916-9551d6eb3ea3:group-1AB947813186 changes role from CANDIDATE to LEADER at term 1 for changeToLeader
2019-09-01 05:53:00,428 [pool-579-thread-1] INFO  ratis.ContainerStateMachine (ContainerStateMachine.java:loadSnapshot(227)) - group-389DF4E823E9: The snapshot info is null. Setting the last applied indexto:(t:0, i:~)
2019-09-01 05:53:00,429 [58ac0b1f-3b21-42d3-b916-9551d6eb3ea3:group-1AB947813186:LeaderElection178] INFO  impl.RaftServerImpl (ServerState.java:setLeader(263)) - 58ac0b1f-3b21-42d3-b916-9551d6eb3ea3:group-1AB947813186 change Leader from null to 58ac0b1f-3b21-42d3-b916-9551d6eb3ea3 at term 1 for becomeLeader, leader elected after 1366ms
2019-09-01 05:53:00,429 [pool-509-thread-1] INFO  server.RaftServerConfigKeys (ConfUtils.java:logGet(43)) - raft.server.log.purge.gap = 1000000 (custom)
2019-09-01 05:53:00,429 [pool-589-thread-1] INFO  server.RaftServerConfigKeys (ConfUtils.java:logGet(43)) - raft.server.leader.election.timeout = 120s (custom)
2019-09-01 05:53:00,429 [pool-509-thread-1] INFO  server.RaftServerConfigKeys (ConfUtils.java:logGet(43)) - raft.server.log.appender.buffer.byte-limit = 33554432 (custom)
2019-09-01 05:53:00,429 [58ac0b1f-3b21-42d3-b916-9551d6eb3ea3:group-1AB947813186:LeaderElection178] INFO  server.RaftServerConfigKeys (ConfUtils.java:logGet(43)) - raft.server.staging.catchup.gap = 1000 (default)
2019-09-01 05:53:00,430 [58ac0b1f-3b21-42d3-b916-9551d6eb3ea3:group-1AB947813186:LeaderElection178] INFO  server.RaftServerConfigKeys (ConfUtils.java:logGet(43)) - raft.server.rpc.sleep.time = 25ms (default)
2019-09-01 05:53:00,429 [pool-579-thread-1] INFO  server.RaftServerConfigKeys (ConfUtils.java:logGet(43)) - raft.server.leader.election.timeout = 120s (custom)
2019-09-01 05:53:00,430 [58ac0b1f-3b21-42d3-b916-9551d6eb3ea3:group-1AB947813186:LeaderElection178] INFO  server.RaftServerConfigKeys (ConfUtils.java:logGet(43)) - raft.server.write.element-limit = 4096 (default)
2019-09-01 05:53:00,430 [pool-509-thread-1] INFO  server.RaftServerConfigKeys (ConfUtils.java:logGet(43)) - raft.server.log.segment.size.max = 1048576 (custom)
2019-09-01 05:53:00,430 [pool-589-thread-1] INFO  server.RaftServerConfigKeys (ConfUtils.java:logGet(43)) - raft.server.log.use.memory = false (default)
2019-09-01 05:53:00,431 [pool-509-thread-1] INFO  server.RaftServerConfigKeys (ConfUtils.java:logGet(43)) - raft.server.log.segment.cache.num.max = 2 (custom)
2019-09-01 05:53:00,431 [58ac0b1f-3b21-42d3-b916-9551d6eb3ea3:group-1AB947813186:LeaderElection178] INFO  server.RaftServerConfigKeys (ConfUtils.java:logGet(43)) - raft.server.watch.timeout = 10s (default)
2019-09-01 05:53:00,430 [pool-579-thread-1] INFO  server.RaftServerConfigKeys (ConfUtils.java:logGet(43)) - raft.server.log.use.memory = false (default)
2019-09-01 05:53:00,431 [58ac0b1f-3b21-42d3-b916-9551d6eb3ea3:group-1AB947813186:LeaderElection178] INFO  server.RaftServerConfigKeys (ConfUtils.java:logGet(43)) - raft.server.watch.timeout.denomination = 1s (default)
2019-09-01 05:53:00,432 [58ac0b1f-3b21-42d3-b916-9551d6eb3ea3:group-1AB947813186:LeaderElection178] INFO  server.RaftServerConfigKeys (ConfUtils.java:logGet(43)) - raft.server.watch.element-limit = 65536 (default)
2019-09-01 05:53:00,431 [pool-509-thread-1] INFO  segmented.SegmentedRaftLogWorker (SegmentedRaftLogWorker.java:<init>(172)) - new 196a83ac-f404-447a-85c9-b484bfff17ef-SegmentedRaftLogWorker:Storage Directory /workdir/hadoop-ozone/integration-test/target/test-dir/MiniOzoneClusterImpl-fb00d516-ae13-4d3c-8a3f-926c553c4eaa/datanode-0/data/ratis/cbe75309-bf4f-419f-81ce-389df4e823e9 for RaftStorage:Storage Directory /workdir/hadoop-ozone/integration-test/target/test-dir/MiniOzoneClusterImpl-fb00d516-ae13-4d3c-8a3f-926c553c4eaa/datanode-0/data/ratis/cbe75309-bf4f-419f-81ce-389df4e823e9
2019-09-01 05:53:00,431 [pool-589-thread-1] INFO  server.RaftServerConfigKeys (ConfUtils.java:logGet(43)) - raft.server.log.purge.gap = 1000000 (custom)
2019-09-01 05:53:00,432 [pool-509-thread-1] INFO  server.RaftServerConfigKeys (ConfUtils.java:logGet(43)) - raft.server.log.queue.byte-limit = 2147483647 (custom)
2019-09-01 05:53:00,432 [pool-509-thread-1] INFO  server.RaftServerConfigKeys (ConfUtils.java:logGet(43)) - raft.server.log.queue.element-limit = 1024 (custom)
2019-09-01 05:53:00,432 [58ac0b1f-3b21-42d3-b916-9551d6eb3ea3:group-1AB947813186:LeaderElection178] INFO  impl.RoleInfo (RoleInfo.java:updateAndGet(143)) - 58ac0b1f-3b21-42d3-b916-9551d6eb3ea3: start LeaderState
2019-09-01 05:53:00,431 [pool-579-thread-1] INFO  server.RaftServerConfigKeys (ConfUtils.java:logGet(43)) - raft.server.log.purge.gap = 1000000 (custom)
2019-09-01 05:53:00,433 [58ac0b1f-3b21-42d3-b916-9551d6eb3ea3:group-1AB947813186:LeaderElection178] INFO  segmented.SegmentedRaftLogWorker (SegmentedRaftLogWorker.java:startLogSegment(380)) - 58ac0b1f-3b21-42d3-b916-9551d6eb3ea3-SegmentedRaftLogWorker:Storage Directory /workdir/hadoop-ozone/integration-test/target/test-dir/MiniOzoneClusterImpl-fb00d516-ae13-4d3c-8a3f-926c553c4eaa/datanode-6/data/ratis/49184a75-1f85-499d-96be-1ab947813186: Starting segment from index:0
2019-09-01 05:53:00,433 [pool-509-thread-1] INFO  server.RaftServerConfigKeys (ConfUtils.java:logGet(43)) - raft.server.log.segment.size.max = 1048576 (custom)
2019-09-01 05:53:00,432 [pool-589-thread-1] INFO  server.RaftServerConfigKeys (ConfUtils.java:logGet(43)) - raft.server.log.appender.buffer.byte-limit = 33554432 (custom)
2019-09-01 05:53:00,433 [pool-509-thread-1] INFO  server.RaftServerConfigKeys (ConfUtils.java:logGet(43)) - raft.server.log.preallocated.size = 16384 (custom)
2019-09-01 05:53:00,434 [pool-509-thread-1] INFO  server.RaftServerConfigKeys (ConfUtils.java:logGet(43)) - raft.server.log.write.buffer.size = 33554432 (custom)
2019-09-01 05:53:00,433 [pool-579-thread-1] INFO  server.RaftServerConfigKeys (ConfUtils.java:logGet(43)) - raft.server.log.appender.buffer.byte-limit = 33554432 (custom)
2019-09-01 05:53:00,434 [pool-509-thread-1] INFO  server.RaftServerConfigKeys (ConfUtils.java:logGet(43)) - raft.server.log.force.sync.num = 128 (default)
2019-09-01 05:53:00,434 [58ac0b1f-3b21-42d3-b916-9551d6eb3ea3:group-1AB947813186:LeaderElection178] INFO  impl.RaftServerImpl (ServerState.java:setRaftConf(361)) - 58ac0b1f-3b21-42d3-b916-9551d6eb3ea3:group-1AB947813186 set configuration 0: [58ac0b1f-3b21-42d3-b916-9551d6eb3ea3:192.168.36.91:41717], old=null at 0
2019-09-01 05:53:00,433 [pool-589-thread-1] INFO  server.RaftServerConfigKeys (ConfUtils.java:logGet(43)) - raft.server.log.segment.size.max = 1048576 (custom)
2019-09-01 05:53:00,434 [pool-509-thread-1] INFO  server.RaftServerConfigKeys (ConfUtils.java:logGet(43)) - raft.server.log.statemachine.data.sync = true (default)
2019-09-01 05:53:00,434 [pool-579-thread-1] INFO  server.RaftServerConfigKeys (ConfUtils.java:logGet(43)) - raft.server.log.segment.size.max = 1048576 (custom)
2019-09-01 05:53:00,435 [pool-509-thread-1] INFO  server.RaftServerConfigKeys (ConfUtils.java:logGet(43)) - raft.server.log.statemachine.data.sync.timeout = 10s (default)
2019-09-01 05:53:00,435 [pool-509-thread-1] INFO  server.RaftServerConfigKeys (ConfUtils.java:logGet(43)) - raft.server.log.statemachine.data.sync.timeout.retry = -1 (default)
2019-09-01 05:53:00,435 [pool-589-thread-1] INFO  server.RaftServerConfigKeys (ConfUtils.java:logGet(43)) - raft.server.log.segment.cache.num.max = 2 (custom)
2019-09-01 05:53:00,435 [pool-509-thread-1] INFO  server.RaftServerConfigKeys (ConfUtils.java:logGet(43)) - raft.server.log.statemachine.data.caching.enabled = true (custom)
2019-09-01 05:53:00,435 [pool-579-thread-1] INFO  server.RaftServerConfigKeys (ConfUtils.java:logGet(43)) - raft.server.log.segment.cache.num.max = 2 (custom)
2019-09-01 05:53:00,435 [pool-589-thread-1] INFO  segmented.SegmentedRaftLogWorker (SegmentedRaftLogWorker.java:<init>(172)) - new 2add93e0-2462-45f9-8504-d95fbdd1cf50-SegmentedRaftLogWorker:Storage Directory /workdir/hadoop-ozone/integration-test/target/test-dir/MiniOzoneClusterImpl-fb00d516-ae13-4d3c-8a3f-926c553c4eaa/datanode-8/data/ratis/cbe75309-bf4f-419f-81ce-389df4e823e9 for RaftStorage:Storage Directory /workdir/hadoop-ozone/integration-test/target/test-dir/MiniOzoneClusterImpl-fb00d516-ae13-4d3c-8a3f-926c553c4eaa/datanode-8/data/ratis/cbe75309-bf4f-419f-81ce-389df4e823e9
2019-09-01 05:53:00,436 [pool-509-thread-1] INFO  segmented.SegmentedRaftLogWorker (SegmentedRaftLogWorker.java:lambda$new$0(132)) - 196a83ac-f404-447a-85c9-b484bfff17ef-SegmentedRaftLogWorker:Storage Directory /workdir/hadoop-ozone/integration-test/target/test-dir/MiniOzoneClusterImpl-fb00d516-ae13-4d3c-8a3f-926c553c4eaa/datanode-0/data/ratis/cbe75309-bf4f-419f-81ce-389df4e823e9: flushIndex: setUnconditionally 0 -> -1
2019-09-01 05:53:00,436 [pool-579-thread-1] INFO  segmented.SegmentedRaftLogWorker (SegmentedRaftLogWorker.java:<init>(172)) - new e504cd85-a1db-4587-8509-c7399dc7cafe-SegmentedRaftLogWorker:Storage Directory /workdir/hadoop-ozone/integration-test/target/test-dir/MiniOzoneClusterImpl-fb00d516-ae13-4d3c-8a3f-926c553c4eaa/datanode-7/data/ratis/cbe75309-bf4f-419f-81ce-389df4e823e9 for RaftStorage:Storage Directory /workdir/hadoop-ozone/integration-test/target/test-dir/MiniOzoneClusterImpl-fb00d516-ae13-4d3c-8a3f-926c553c4eaa/datanode-7/data/ratis/cbe75309-bf4f-419f-81ce-389df4e823e9
2019-09-01 05:53:00,436 [pool-589-thread-1] INFO  server.RaftServerConfigKeys (ConfUtils.java:logGet(43)) - raft.server.log.queue.byte-limit = 2147483647 (custom)
2019-09-01 05:53:00,436 [pool-579-thread-1] INFO  server.RaftServerConfigKeys (ConfUtils.java:logGet(43)) - raft.server.log.queue.byte-limit = 2147483647 (custom)
2019-09-01 05:53:00,436 [pool-509-thread-1] INFO  server.RaftServerConfigKeys (ConfUtils.java:logGet(43)) - raft.server.snapshot.auto.trigger.enabled = true (custom)
2019-09-01 05:53:00,437 [pool-579-thread-1] INFO  server.RaftServerConfigKeys (ConfUtils.java:logGet(43)) - raft.server.log.queue.element-limit = 1024 (custom)
2019-09-01 05:53:00,437 [pool-589-thread-1] INFO  server.RaftServerConfigKeys (ConfUtils.java:logGet(43)) - raft.server.log.queue.element-limit = 1024 (custom)
2019-09-01 05:53:00,437 [pool-579-thread-1] INFO  server.RaftServerConfigKeys (ConfUtils.java:logGet(43)) - raft.server.log.segment.size.max = 1048576 (custom)
2019-09-01 05:53:00,437 [pool-509-thread-1] INFO  server.RaftServerConfigKeys (ConfUtils.java:logGet(43)) - raft.server.snapshot.auto.trigger.threshold = 10000 (custom)
2019-09-01 05:53:00,437 [pool-579-thread-1] INFO  server.RaftServerConfigKeys (ConfUtils.java:logGet(43)) - raft.server.log.preallocated.size = 16384 (custom)
2019-09-01 05:53:00,437 [pool-589-thread-1] INFO  server.RaftServerConfigKeys (ConfUtils.java:logGet(43)) - raft.server.log.segment.size.max = 1048576 (custom)
2019-09-01 05:53:00,438 [pool-579-thread-1] INFO  server.RaftServerConfigKeys (ConfUtils.java:logGet(43)) - raft.server.log.write.buffer.size = 33554432 (custom)
2019-09-01 05:53:00,438 [pool-509-thread-1] INFO  server.RaftServerConfigKeys (ConfUtils.java:logGet(43)) - raft.server.retrycache.expirytime = 600000ms (custom)
2019-09-01 05:53:00,438 [pool-579-thread-1] INFO  server.RaftServerConfigKeys (ConfUtils.java:logGet(43)) - raft.server.log.force.sync.num = 128 (default)
2019-09-01 05:53:00,438 [pool-589-thread-1] INFO  server.RaftServerConfigKeys (ConfUtils.java:logGet(43)) - raft.server.log.preallocated.size = 16384 (custom)
2019-09-01 05:53:00,438 [pool-579-thread-1] INFO  server.RaftServerConfigKeys (ConfUtils.java:logGet(43)) - raft.server.log.statemachine.data.sync = true (default)
2019-09-01 05:53:00,438 [pool-509-thread-1] INFO  impl.RaftServerImpl (RaftServerImpl.java:start(180)) - 196a83ac-f404-447a-85c9-b484bfff17ef: start group-389DF4E823E9
2019-09-01 05:53:00,439 [pool-579-thread-1] INFO  server.RaftServerConfigKeys (ConfUtils.java:logGet(43)) - raft.server.log.statemachine.data.sync.timeout = 10s (default)
2019-09-01 05:53:00,439 [pool-579-thread-1] INFO  server.RaftServerConfigKeys (ConfUtils.java:logGet(43)) - raft.server.log.statemachine.data.sync.timeout.retry = -1 (default)
2019-09-01 05:53:00,439 [pool-589-thread-1] INFO  server.RaftServerConfigKeys (ConfUtils.java:logGet(43)) - raft.server.log.write.buffer.size = 33554432 (custom)
2019-09-01 05:53:00,439 [pool-579-thread-1] INFO  server.RaftServerConfigKeys (ConfUtils.java:logGet(43)) - raft.server.log.statemachine.data.caching.enabled = true (custom)
2019-09-01 05:53:00,439 [pool-509-thread-1] INFO  impl.RaftServerImpl (RaftServerImpl.java:setRole(171)) - 196a83ac-f404-447a-85c9-b484bfff17ef:group-389DF4E823E9 changes role from null to FOLLOWER at term 0 for startAsFollower
2019-09-01 05:53:00,440 [pool-579-thread-1] INFO  segmented.SegmentedRaftLogWorker (SegmentedRaftLogWorker.java:lambda$new$0(132)) - e504cd85-a1db-4587-8509-c7399dc7cafe-SegmentedRaftLogWorker:Storage Directory /workdir/hadoop-ozone/integration-test/target/test-dir/MiniOzoneClusterImpl-fb00d516-ae13-4d3c-8a3f-926c553c4eaa/datanode-7/data/ratis/cbe75309-bf4f-419f-81ce-389df4e823e9: flushIndex: setUnconditionally 0 -> -1
2019-09-01 05:53:00,440 [pool-589-thread-1] INFO  server.RaftServerConfigKeys (ConfUtils.java:logGet(43)) - raft.server.log.force.sync.num = 128 (default)
2019-09-01 05:53:00,440 [pool-509-thread-1] INFO  impl.RoleInfo (RoleInfo.java:updateAndGet(143)) - 196a83ac-f404-447a-85c9-b484bfff17ef: start FollowerState
2019-09-01 05:53:00,440 [pool-589-thread-1] INFO  server.RaftServerConfigKeys (ConfUtils.java:logGet(43)) - raft.server.log.statemachine.data.sync = true (default)
2019-09-01 05:53:00,440 [pool-579-thread-1] INFO  server.RaftServerConfigKeys (ConfUtils.java:logGet(43)) - raft.server.snapshot.auto.trigger.enabled = true (custom)
2019-09-01 05:53:00,441 [pool-589-thread-1] INFO  server.RaftServerConfigKeys (ConfUtils.java:logGet(43)) - raft.server.log.statemachine.data.sync.timeout = 10s (default)
2019-09-01 05:53:00,441 [pool-509-thread-1] INFO  util.JmxRegister (JmxRegister.java:tryRegister(44)) - Successfully registered JMX Bean with object name Ratis:service=RaftServer,group=group-389DF4E823E9,id=196a83ac-f404-447a-85c9-b484bfff17ef
2019-09-01 05:53:00,441 [pool-579-thread-1] INFO  server.RaftServerConfigKeys (ConfUtils.java:logGet(43)) - raft.server.snapshot.auto.trigger.threshold = 10000 (custom)
2019-09-01 05:53:00,441 [pool-589-thread-1] INFO  server.RaftServerConfigKeys (ConfUtils.java:logGet(43)) - raft.server.log.statemachine.data.sync.timeout.retry = -1 (default)
2019-09-01 05:53:00,441 [pool-579-thread-1] INFO  server.RaftServerConfigKeys (ConfUtils.java:logGet(43)) - raft.server.retrycache.expirytime = 600000ms (custom)
2019-09-01 05:53:00,442 [pool-589-thread-1] INFO  server.RaftServerConfigKeys (ConfUtils.java:logGet(43)) - raft.server.log.statemachine.data.caching.enabled = true (custom)
2019-09-01 05:53:00,442 [pool-579-thread-1] INFO  impl.RaftServerImpl (RaftServerImpl.java:start(180)) - e504cd85-a1db-4587-8509-c7399dc7cafe: start group-389DF4E823E9
2019-09-01 05:53:00,442 [pool-579-thread-1] INFO  impl.RaftServerImpl (RaftServerImpl.java:setRole(171)) - e504cd85-a1db-4587-8509-c7399dc7cafe:group-389DF4E823E9 changes role from null to FOLLOWER at term 0 for startAsFollower
2019-09-01 05:53:00,442 [pool-589-thread-1] INFO  segmented.SegmentedRaftLogWorker (SegmentedRaftLogWorker.java:lambda$new$0(132)) - 2add93e0-2462-45f9-8504-d95fbdd1cf50-SegmentedRaftLogWorker:Storage Directory /workdir/hadoop-ozone/integration-test/target/test-dir/MiniOzoneClusterImpl-fb00d516-ae13-4d3c-8a3f-926c553c4eaa/datanode-8/data/ratis/cbe75309-bf4f-419f-81ce-389df4e823e9: flushIndex: setUnconditionally 0 -> -1
2019-09-01 05:53:00,442 [pool-579-thread-1] INFO  impl.RoleInfo (RoleInfo.java:updateAndGet(143)) - e504cd85-a1db-4587-8509-c7399dc7cafe: start FollowerState
2019-09-01 05:53:00,443 [pool-589-thread-1] INFO  server.RaftServerConfigKeys (ConfUtils.java:logGet(43)) - raft.server.snapshot.auto.trigger.enabled = true (custom)
2019-09-01 05:53:00,443 [pool-589-thread-1] INFO  server.RaftServerConfigKeys (ConfUtils.java:logGet(43)) - raft.server.snapshot.auto.trigger.threshold = 10000 (custom)
2019-09-01 05:53:00,443 [pool-579-thread-1] INFO  util.JmxRegister (JmxRegister.java:tryRegister(44)) - Successfully registered JMX Bean with object name Ratis:service=RaftServer,group=group-389DF4E823E9,id=e504cd85-a1db-4587-8509-c7399dc7cafe
2019-09-01 05:53:00,443 [pool-589-thread-1] INFO  server.RaftServerConfigKeys (ConfUtils.java:logGet(43)) - raft.server.retrycache.expirytime = 600000ms (custom)
2019-09-01 05:53:00,443 [pool-589-thread-1] INFO  impl.RaftServerImpl (RaftServerImpl.java:start(180)) - 2add93e0-2462-45f9-8504-d95fbdd1cf50: start group-389DF4E823E9
2019-09-01 05:53:00,444 [pool-589-thread-1] INFO  impl.RaftServerImpl (RaftServerImpl.java:setRole(171)) - 2add93e0-2462-45f9-8504-d95fbdd1cf50:group-389DF4E823E9 changes role from null to FOLLOWER at term 0 for startAsFollower
2019-09-01 05:53:00,444 [pool-589-thread-1] INFO  impl.RoleInfo (RoleInfo.java:updateAndGet(143)) - 2add93e0-2462-45f9-8504-d95fbdd1cf50: start FollowerState
2019-09-01 05:53:00,444 [pool-589-thread-1] INFO  util.JmxRegister (JmxRegister.java:tryRegister(44)) - Successfully registered JMX Bean with object name Ratis:service=RaftServer,group=group-389DF4E823E9,id=2add93e0-2462-45f9-8504-d95fbdd1cf50
2019-09-01 05:53:00,447 [RatisPipelineUtilsThread] INFO  pipeline.PipelineStateManager (PipelineStateManager.java:addPipeline(56)) - Created pipeline Pipeline[ Id: cbe75309-bf4f-419f-81ce-389df4e823e9, Nodes: e504cd85-a1db-4587-8509-c7399dc7cafe{ip: 192.168.36.91, host: trunk-nightly-20190901-gkzrd-4143273587, networkLocation: /rack1, certSerialId: null}196a83ac-f404-447a-85c9-b484bfff17ef{ip: 192.168.36.91, host: trunk-nightly-20190901-gkzrd-4143273587, networkLocation: /rack1, certSerialId: null}2add93e0-2462-45f9-8504-d95fbdd1cf50{ip: 192.168.36.91, host: trunk-nightly-20190901-gkzrd-4143273587, networkLocation: /rack1, certSerialId: null}, Type:RATIS, Factor:THREE, State:OPEN]
2019-09-01 05:53:00,491 [grpc-default-executor-6] INFO  impl.RaftServerProxy (RaftServerProxy.java:addNew(89)) - ce2be70a-d267-4ebc-abe0-fdcdf40aaae1: addNew group-62A27AB5243B:[ce2be70a-d267-4ebc-abe0-fdcdf40aaae1:192.168.36.91:38648, 9adf8f3f-00f4-442f-a7e9-ac686daae57d:192.168.36.91:44931, ad88f3b0-98a4-4e16-8300-c870fa2dd819:192.168.36.91:34127] returns group-62A27AB5243B:java.util.concurrent.CompletableFuture@4fb9490b[Not completed]
2019-09-01 05:53:00,491 [grpc-default-executor-1] INFO  impl.RaftServerProxy (RaftServerProxy.java:addNew(89)) - 9adf8f3f-00f4-442f-a7e9-ac686daae57d: addNew group-62A27AB5243B:[ce2be70a-d267-4ebc-abe0-fdcdf40aaae1:192.168.36.91:38648, 9adf8f3f-00f4-442f-a7e9-ac686daae57d:192.168.36.91:44931, ad88f3b0-98a4-4e16-8300-c870fa2dd819:192.168.36.91:34127] returns group-62A27AB5243B:java.util.concurrent.CompletableFuture@ab924c5[Not completed]
2019-09-01 05:53:00,491 [grpc-default-executor-3] INFO  impl.RaftServerProxy (RaftServerProxy.java:addNew(89)) - ad88f3b0-98a4-4e16-8300-c870fa2dd819: addNew group-62A27AB5243B:[ce2be70a-d267-4ebc-abe0-fdcdf40aaae1:192.168.36.91:38648, 9adf8f3f-00f4-442f-a7e9-ac686daae57d:192.168.36.91:44931, ad88f3b0-98a4-4e16-8300-c870fa2dd819:192.168.36.91:34127] returns group-62A27AB5243B:java.util.concurrent.CompletableFuture@a0b082f[Not completed]
2019-09-01 05:53:00,493 [pool-529-thread-1] INFO  impl.RaftServerImpl (RaftServerImpl.java:<init>(93)) - 9adf8f3f-00f4-442f-a7e9-ac686daae57d: new RaftServerImpl for group-62A27AB5243B:[ce2be70a-d267-4ebc-abe0-fdcdf40aaae1:192.168.36.91:38648, 9adf8f3f-00f4-442f-a7e9-ac686daae57d:192.168.36.91:44931, ad88f3b0-98a4-4e16-8300-c870fa2dd819:192.168.36.91:34127] with ContainerStateMachine:uninitialized
2019-09-01 05:53:00,494 [pool-529-thread-1] INFO  server.RaftServerConfigKeys (ConfUtils.java:logGet(43)) - raft.server.rpc.timeout.min = 1s (custom)
2019-09-01 05:53:00,494 [pool-529-thread-1] INFO  server.RaftServerConfigKeys (ConfUtils.java:logGet(43)) - raft.server.rpc.timeout.max = 1200ms (custom)
2019-09-01 05:53:00,494 [pool-529-thread-1] INFO  server.RaftServerConfigKeys (ConfUtils.java:logGet(43)) - raft.server.rpcslowness.timeout = 120s (custom)
2019-09-01 05:53:00,494 [pool-529-thread-1] INFO  server.RaftServerConfigKeys (ConfUtils.java:logGet(43)) - raft.server.sleep.deviation.threshold = 300 (default)
2019-09-01 05:53:00,494 [pool-559-thread-1] INFO  impl.RaftServerImpl (RaftServerImpl.java:<init>(93)) - ad88f3b0-98a4-4e16-8300-c870fa2dd819: new RaftServerImpl for group-62A27AB5243B:[ce2be70a-d267-4ebc-abe0-fdcdf40aaae1:192.168.36.91:38648, 9adf8f3f-00f4-442f-a7e9-ac686daae57d:192.168.36.91:44931, ad88f3b0-98a4-4e16-8300-c870fa2dd819:192.168.36.91:34127] with ContainerStateMachine:uninitialized
2019-09-01 05:53:00,494 [pool-529-thread-1] INFO  server.RaftServerConfigKeys (ConfUtils.java:logGet(43)) - raft.server.log.appender.install.snapshot.enabled = false (custom)
2019-09-01 05:53:00,494 [pool-559-thread-1] INFO  server.RaftServerConfigKeys (ConfUtils.java:logGet(43)) - raft.server.rpc.timeout.min = 1s (custom)
2019-09-01 05:53:00,495 [pool-599-thread-1] INFO  impl.RaftServerImpl (RaftServerImpl.java:<init>(93)) - ce2be70a-d267-4ebc-abe0-fdcdf40aaae1: new RaftServerImpl for group-62A27AB5243B:[ce2be70a-d267-4ebc-abe0-fdcdf40aaae1:192.168.36.91:38648, 9adf8f3f-00f4-442f-a7e9-ac686daae57d:192.168.36.91:44931, ad88f3b0-98a4-4e16-8300-c870fa2dd819:192.168.36.91:34127] with ContainerStateMachine:uninitialized
2019-09-01 05:53:00,494 [pool-529-thread-1] INFO  impl.RaftServerImpl (ServerState.java:<init>(105)) - 9adf8f3f-00f4-442f-a7e9-ac686daae57d:group-62A27AB5243B ConfigurationManager, init=-1: [ce2be70a-d267-4ebc-abe0-fdcdf40aaae1:192.168.36.91:38648, 9adf8f3f-00f4-442f-a7e9-ac686daae57d:192.168.36.91:44931, ad88f3b0-98a4-4e16-8300-c870fa2dd819:192.168.36.91:34127], old=null, confs=<EMPTY_MAP>
2019-09-01 05:53:00,495 [pool-599-thread-1] INFO  server.RaftServerConfigKeys (ConfUtils.java:logGet(43)) - raft.server.rpc.timeout.min = 1s (custom)
2019-09-01 05:53:00,495 [pool-559-thread-1] INFO  server.RaftServerConfigKeys (ConfUtils.java:logGet(43)) - raft.server.rpc.timeout.max = 1200ms (custom)
2019-09-01 05:53:00,495 [pool-599-thread-1] INFO  server.RaftServerConfigKeys (ConfUtils.java:logGet(43)) - raft.server.rpc.timeout.max = 1200ms (custom)
2019-09-01 05:53:00,495 [pool-529-thread-1] INFO  server.RaftServerConfigKeys (ConfUtils.java:logGet(43)) - raft.server.storage.dir = [/workdir/hadoop-ozone/integration-test/target/test-dir/MiniOzoneClusterImpl-fb00d516-ae13-4d3c-8a3f-926c553c4eaa/datanode-2/data/ratis] (custom)
2019-09-01 05:53:00,495 [pool-599-thread-1] INFO  server.RaftServerConfigKeys (ConfUtils.java:logGet(43)) - raft.server.rpcslowness.timeout = 120s (custom)
2019-09-01 05:53:00,496 [pool-599-thread-1] INFO  server.RaftServerConfigKeys (ConfUtils.java:logGet(43)) - raft.server.sleep.deviation.threshold = 300 (default)
2019-09-01 05:53:00,495 [pool-559-thread-1] INFO  server.RaftServerConfigKeys (ConfUtils.java:logGet(43)) - raft.server.rpcslowness.timeout = 120s (custom)
2019-09-01 05:53:00,496 [pool-529-thread-1] INFO  storage.RaftStorageDirectory (RaftStorageDirectory.java:analyzeStorage(246)) - The storage directory /workdir/hadoop-ozone/integration-test/target/test-dir/MiniOzoneClusterImpl-fb00d516-ae13-4d3c-8a3f-926c553c4eaa/datanode-2/data/ratis/8840249b-6eaa-4700-9665-62a27ab5243b does not exist. Creating ...
2019-09-01 05:53:00,496 [pool-599-thread-1] INFO  server.RaftServerConfigKeys (ConfUtils.java:logGet(43)) - raft.server.log.appender.install.snapshot.enabled = false (custom)
2019-09-01 05:53:00,496 [pool-559-thread-1] INFO  server.RaftServerConfigKeys (ConfUtils.java:logGet(43)) - raft.server.sleep.deviation.threshold = 300 (default)
2019-09-01 05:53:00,496 [pool-599-thread-1] INFO  impl.RaftServerImpl (ServerState.java:<init>(105)) - ce2be70a-d267-4ebc-abe0-fdcdf40aaae1:group-62A27AB5243B ConfigurationManager, init=-1: [ce2be70a-d267-4ebc-abe0-fdcdf40aaae1:192.168.36.91:38648, 9adf8f3f-00f4-442f-a7e9-ac686daae57d:192.168.36.91:44931, ad88f3b0-98a4-4e16-8300-c870fa2dd819:192.168.36.91:34127], old=null, confs=<EMPTY_MAP>
2019-09-01 05:53:00,496 [pool-559-thread-1] INFO  server.RaftServerConfigKeys (ConfUtils.java:logGet(43)) - raft.server.log.appender.install.snapshot.enabled = false (custom)
2019-09-01 05:53:00,497 [pool-599-thread-1] INFO  server.RaftServerConfigKeys (ConfUtils.java:logGet(43)) - raft.server.storage.dir = [/workdir/hadoop-ozone/integration-test/target/test-dir/MiniOzoneClusterImpl-fb00d516-ae13-4d3c-8a3f-926c553c4eaa/datanode-9/data/ratis] (custom)
2019-09-01 05:53:00,497 [pool-559-thread-1] INFO  impl.RaftServerImpl (ServerState.java:<init>(105)) - ad88f3b0-98a4-4e16-8300-c870fa2dd819:group-62A27AB5243B ConfigurationManager, init=-1: [ce2be70a-d267-4ebc-abe0-fdcdf40aaae1:192.168.36.91:38648, 9adf8f3f-00f4-442f-a7e9-ac686daae57d:192.168.36.91:44931, ad88f3b0-98a4-4e16-8300-c870fa2dd819:192.168.36.91:34127], old=null, confs=<EMPTY_MAP>
2019-09-01 05:53:00,497 [pool-599-thread-1] INFO  storage.RaftStorageDirectory (RaftStorageDirectory.java:analyzeStorage(246)) - The storage directory /workdir/hadoop-ozone/integration-test/target/test-dir/MiniOzoneClusterImpl-fb00d516-ae13-4d3c-8a3f-926c553c4eaa/datanode-9/data/ratis/8840249b-6eaa-4700-9665-62a27ab5243b does not exist. Creating ...
2019-09-01 05:53:00,497 [pool-559-thread-1] INFO  server.RaftServerConfigKeys (ConfUtils.java:logGet(43)) - raft.server.storage.dir = [/workdir/hadoop-ozone/integration-test/target/test-dir/MiniOzoneClusterImpl-fb00d516-ae13-4d3c-8a3f-926c553c4eaa/datanode-5/data/ratis] (custom)
2019-09-01 05:53:00,498 [pool-559-thread-1] INFO  storage.RaftStorageDirectory (RaftStorageDirectory.java:analyzeStorage(246)) - The storage directory /workdir/hadoop-ozone/integration-test/target/test-dir/MiniOzoneClusterImpl-fb00d516-ae13-4d3c-8a3f-926c553c4eaa/datanode-5/data/ratis/8840249b-6eaa-4700-9665-62a27ab5243b does not exist. Creating ...
2019-09-01 05:53:00,600 [pool-559-thread-1] INFO  storage.RaftStorageDirectory (RaftStorageDirectory.java:tryLock(328)) - Lock on /workdir/hadoop-ozone/integration-test/target/test-dir/MiniOzoneClusterImpl-fb00d516-ae13-4d3c-8a3f-926c553c4eaa/datanode-5/data/ratis/8840249b-6eaa-4700-9665-62a27ab5243b/in_use.lock acquired by nodename 16999@trunk-nightly-20190901-gkzrd-4143273587
2019-09-01 05:53:00,601 [pool-529-thread-1] INFO  storage.RaftStorageDirectory (RaftStorageDirectory.java:tryLock(328)) - Lock on /workdir/hadoop-ozone/integration-test/target/test-dir/MiniOzoneClusterImpl-fb00d516-ae13-4d3c-8a3f-926c553c4eaa/datanode-2/data/ratis/8840249b-6eaa-4700-9665-62a27ab5243b/in_use.lock acquired by nodename 16999@trunk-nightly-20190901-gkzrd-4143273587
2019-09-01 05:53:00,600 [58ac0b1f-3b21-42d3-b916-9551d6eb3ea3-SegmentedRaftLogWorker:Storage Directory /workdir/hadoop-ozone/integration-test/target/test-dir/MiniOzoneClusterImpl-fb00d516-ae13-4d3c-8a3f-926c553c4eaa/datanode-6/data/ratis/49184a75-1f85-499d-96be-1ab947813186] INFO  segmented.SegmentedRaftLogWorker (SegmentedRaftLogWorker.java:execute(569)) - 58ac0b1f-3b21-42d3-b916-9551d6eb3ea3-SegmentedRaftLogWorker:Storage Directory /workdir/hadoop-ozone/integration-test/target/test-dir/MiniOzoneClusterImpl-fb00d516-ae13-4d3c-8a3f-926c553c4eaa/datanode-6/data/ratis/49184a75-1f85-499d-96be-1ab947813186: created new log segment /workdir/hadoop-ozone/integration-test/target/test-dir/MiniOzoneClusterImpl-fb00d516-ae13-4d3c-8a3f-926c553c4eaa/datanode-6/data/ratis/49184a75-1f85-499d-96be-1ab947813186/current/log_inprogress_0
2019-09-01 05:53:00,600 [pool-599-thread-1] INFO  storage.RaftStorageDirectory (RaftStorageDirectory.java:tryLock(328)) - Lock on /workdir/hadoop-ozone/integration-test/target/test-dir/MiniOzoneClusterImpl-fb00d516-ae13-4d3c-8a3f-926c553c4eaa/datanode-9/data/ratis/8840249b-6eaa-4700-9665-62a27ab5243b/in_use.lock acquired by nodename 16999@trunk-nightly-20190901-gkzrd-4143273587
2019-09-01 05:53:00,846 [Thread-3643] INFO  impl.FollowerState (FollowerState.java:run(106)) - f61a82c2-42b9-49e6-922b-54bde2900752:group-BF85EB72019C changes to CANDIDATE, lastRpcTime:1026, electionTimeout:1026ms
2019-09-01 05:53:00,846 [Thread-3643] INFO  impl.RoleInfo (RoleInfo.java:shutdownFollowerState(121)) - f61a82c2-42b9-49e6-922b-54bde2900752: shutdown FollowerState
2019-09-01 05:53:00,846 [Thread-3643] INFO  impl.RaftServerImpl (RaftServerImpl.java:setRole(171)) - f61a82c2-42b9-49e6-922b-54bde2900752:group-BF85EB72019C changes role from FOLLOWER to CANDIDATE at term 0 for changeToCandidate
2019-09-01 05:53:00,846 [Thread-3643] INFO  impl.RoleInfo (RoleInfo.java:updateAndGet(143)) - f61a82c2-42b9-49e6-922b-54bde2900752: start LeaderElection
2019-09-01 05:53:00,911 [pool-529-thread-1] INFO  storage.RaftStorage (RaftStorage.java:format(72)) - Storage directory /workdir/hadoop-ozone/integration-test/target/test-dir/MiniOzoneClusterImpl-fb00d516-ae13-4d3c-8a3f-926c553c4eaa/datanode-2/data/ratis/8840249b-6eaa-4700-9665-62a27ab5243b has been successfully formatted.
2019-09-01 05:53:00,911 [f61a82c2-42b9-49e6-922b-54bde2900752:group-BF85EB72019C:LeaderElection179] INFO  impl.LeaderElection (LeaderElection.java:askForVotes(181)) - f61a82c2-42b9-49e6-922b-54bde2900752:group-BF85EB72019C:LeaderElection179: begin an election at term 1 for -1: [f61a82c2-42b9-49e6-922b-54bde2900752:192.168.36.91:40137, 2e72a9ea-f178-40e5-bf42-2c889e32e769:192.168.36.91:37184, 99b5111b-d356-42b4-8380-346acbcabf6e:192.168.36.91:35209], old=null
2019-09-01 05:53:00,911 [pool-599-thread-1] INFO  storage.RaftStorage (RaftStorage.java:format(72)) - Storage directory /workdir/hadoop-ozone/integration-test/target/test-dir/MiniOzoneClusterImpl-fb00d516-ae13-4d3c-8a3f-926c553c4eaa/datanode-9/data/ratis/8840249b-6eaa-4700-9665-62a27ab5243b has been successfully formatted.
2019-09-01 05:53:00,911 [pool-559-thread-1] INFO  storage.RaftStorage (RaftStorage.java:format(72)) - Storage directory /workdir/hadoop-ozone/integration-test/target/test-dir/MiniOzoneClusterImpl-fb00d516-ae13-4d3c-8a3f-926c553c4eaa/datanode-5/data/ratis/8840249b-6eaa-4700-9665-62a27ab5243b has been successfully formatted.
2019-09-01 05:53:00,912 [pool-599-thread-1] INFO  ratis.ContainerStateMachine (ContainerStateMachine.java:loadSnapshot(227)) - group-62A27AB5243B: The snapshot info is null. Setting the last applied indexto:(t:0, i:~)
2019-09-01 05:53:00,912 [pool-529-thread-1] INFO  ratis.ContainerStateMachine (ContainerStateMachine.java:loadSnapshot(227)) - group-62A27AB5243B: The snapshot info is null. Setting the last applied indexto:(t:0, i:~)
2019-09-01 05:53:00,912 [pool-599-thread-1] INFO  server.RaftServerConfigKeys (ConfUtils.java:logGet(43)) - raft.server.leader.election.timeout = 120s (custom)
2019-09-01 05:53:00,912 [pool-559-thread-1] INFO  ratis.ContainerStateMachine (ContainerStateMachine.java:loadSnapshot(227)) - group-62A27AB5243B: The snapshot info is null. Setting the last applied indexto:(t:0, i:~)
2019-09-01 05:53:00,913 [pool-599-thread-1] INFO  server.RaftServerConfigKeys (ConfUtils.java:logGet(43)) - raft.server.log.use.memory = false (default)
2019-09-01 05:53:00,913 [pool-529-thread-1] INFO  server.RaftServerConfigKeys (ConfUtils.java:logGet(43)) - raft.server.leader.election.timeout = 120s (custom)
2019-09-01 05:53:00,913 [pool-599-thread-1] INFO  server.RaftServerConfigKeys (ConfUtils.java:logGet(43)) - raft.server.log.purge.gap = 1000000 (custom)
2019-09-01 05:53:00,913 [pool-559-thread-1] INFO  server.RaftServerConfigKeys (ConfUtils.java:logGet(43)) - raft.server.leader.election.timeout = 120s (custom)
2019-09-01 05:53:00,914 [pool-599-thread-1] INFO  server.RaftServerConfigKeys (ConfUtils.java:logGet(43)) - raft.server.log.appender.buffer.byte-limit = 33554432 (custom)
2019-09-01 05:53:00,913 [pool-529-thread-1] INFO  server.RaftServerConfigKeys (ConfUtils.java:logGet(43)) - raft.server.log.use.memory = false (default)
2019-09-01 05:53:00,914 [pool-599-thread-1] INFO  server.RaftServerConfigKeys (ConfUtils.java:logGet(43)) - raft.server.log.segment.size.max = 1048576 (custom)
2019-09-01 05:53:00,914 [pool-559-thread-1] INFO  server.RaftServerConfigKeys (ConfUtils.java:logGet(43)) - raft.server.log.use.memory = false (default)
2019-09-01 05:53:00,914 [pool-599-thread-1] INFO  server.RaftServerConfigKeys (ConfUtils.java:logGet(43)) - raft.server.log.segment.cache.num.max = 2 (custom)
2019-09-01 05:53:00,914 [pool-529-thread-1] INFO  server.RaftServerConfigKeys (ConfUtils.java:logGet(43)) - raft.server.log.purge.gap = 1000000 (custom)
2019-09-01 05:53:00,919 [pool-599-thread-1] INFO  segmented.SegmentedRaftLogWorker (SegmentedRaftLogWorker.java:<init>(172)) - new ce2be70a-d267-4ebc-abe0-fdcdf40aaae1-SegmentedRaftLogWorker:Storage Directory /workdir/hadoop-ozone/integration-test/target/test-dir/MiniOzoneClusterImpl-fb00d516-ae13-4d3c-8a3f-926c553c4eaa/datanode-9/data/ratis/8840249b-6eaa-4700-9665-62a27ab5243b for RaftStorage:Storage Directory /workdir/hadoop-ozone/integration-test/target/test-dir/MiniOzoneClusterImpl-fb00d516-ae13-4d3c-8a3f-926c553c4eaa/datanode-9/data/ratis/8840249b-6eaa-4700-9665-62a27ab5243b
2019-09-01 05:53:00,914 [pool-559-thread-1] INFO  server.RaftServerConfigKeys (ConfUtils.java:logGet(43)) - raft.server.log.purge.gap = 1000000 (custom)
2019-09-01 05:53:00,919 [pool-599-thread-1] INFO  server.RaftServerConfigKeys (ConfUtils.java:logGet(43)) - raft.server.log.queue.byte-limit = 2147483647 (custom)
2019-09-01 05:53:00,919 [pool-529-thread-1] INFO  server.RaftServerConfigKeys (ConfUtils.java:logGet(43)) - raft.server.log.appender.buffer.byte-limit = 33554432 (custom)
2019-09-01 05:53:00,920 [pool-599-thread-1] INFO  server.RaftServerConfigKeys (ConfUtils.java:logGet(43)) - raft.server.log.queue.element-limit = 1024 (custom)
2019-09-01 05:53:00,920 [pool-559-thread-1] INFO  server.RaftServerConfigKeys (ConfUtils.java:logGet(43)) - raft.server.log.appender.buffer.byte-limit = 33554432 (custom)
2019-09-01 05:53:00,920 [pool-599-thread-1] INFO  server.RaftServerConfigKeys (ConfUtils.java:logGet(43)) - raft.server.log.segment.size.max = 1048576 (custom)
2019-09-01 05:53:00,920 [pool-529-thread-1] INFO  server.RaftServerConfigKeys (ConfUtils.java:logGet(43)) - raft.server.log.segment.size.max = 1048576 (custom)
2019-09-01 05:53:00,921 [pool-599-thread-1] INFO  server.RaftServerConfigKeys (ConfUtils.java:logGet(43)) - raft.server.log.preallocated.size = 16384 (custom)
2019-09-01 05:53:00,920 [pool-559-thread-1] INFO  server.RaftServerConfigKeys (ConfUtils.java:logGet(43)) - raft.server.log.segment.size.max = 1048576 (custom)
2019-09-01 05:53:00,921 [pool-599-thread-1] INFO  server.RaftServerConfigKeys (ConfUtils.java:logGet(43)) - raft.server.log.write.buffer.size = 33554432 (custom)
2019-09-01 05:53:00,921 [pool-529-thread-1] INFO  server.RaftServerConfigKeys (ConfUtils.java:logGet(43)) - raft.server.log.segment.cache.num.max = 2 (custom)
2019-09-01 05:53:00,921 [pool-599-thread-1] INFO  server.RaftServerConfigKeys (ConfUtils.java:logGet(43)) - raft.server.log.force.sync.num = 128 (default)
2019-09-01 05:53:00,922 [pool-599-thread-1] INFO  server.RaftServerConfigKeys (ConfUtils.java:logGet(43)) - raft.server.log.statemachine.data.sync = true (default)
2019-09-01 05:53:00,921 [pool-559-thread-1] INFO  server.RaftServerConfigKeys (ConfUtils.java:logGet(43)) - raft.server.log.segment.cache.num.max = 2 (custom)
2019-09-01 05:53:00,922 [pool-599-thread-1] INFO  server.RaftServerConfigKeys (ConfUtils.java:logGet(43)) - raft.server.log.statemachine.data.sync.timeout = 10s (default)
2019-09-01 05:53:00,922 [pool-529-thread-1] INFO  segmented.SegmentedRaftLogWorker (SegmentedRaftLogWorker.java:<init>(172)) - new 9adf8f3f-00f4-442f-a7e9-ac686daae57d-SegmentedRaftLogWorker:Storage Directory /workdir/hadoop-ozone/integration-test/target/test-dir/MiniOzoneClusterImpl-fb00d516-ae13-4d3c-8a3f-926c553c4eaa/datanode-2/data/ratis/8840249b-6eaa-4700-9665-62a27ab5243b for RaftStorage:Storage Directory /workdir/hadoop-ozone/integration-test/target/test-dir/MiniOzoneClusterImpl-fb00d516-ae13-4d3c-8a3f-926c553c4eaa/datanode-2/data/ratis/8840249b-6eaa-4700-9665-62a27ab5243b
2019-09-01 05:53:00,930 [grpc-default-executor-3] INFO  impl.RaftServerImpl (RaftServerImpl.java:setRole(171)) - 99b5111b-d356-42b4-8380-346acbcabf6e:group-BF85EB72019C changes role from FOLLOWER to FOLLOWER at term 1 for recognizeCandidate:f61a82c2-42b9-49e6-922b-54bde2900752
2019-09-01 05:53:00,926 [pool-599-thread-1] INFO  server.RaftServerConfigKeys (ConfUtils.java:logGet(43)) - raft.server.log.statemachine.data.sync.timeout.retry = -1 (default)
2019-09-01 05:53:00,926 [grpc-default-executor-1] INFO  impl.RaftServerImpl (RaftServerImpl.java:setRole(171)) - 2e72a9ea-f178-40e5-bf42-2c889e32e769:group-BF85EB72019C changes role from FOLLOWER to FOLLOWER at term 1 for recognizeCandidate:f61a82c2-42b9-49e6-922b-54bde2900752
2019-09-01 05:53:00,931 [grpc-default-executor-1] INFO  impl.RoleInfo (RoleInfo.java:shutdownFollowerState(121)) - 2e72a9ea-f178-40e5-bf42-2c889e32e769: shutdown FollowerState
2019-09-01 05:53:00,926 [pool-559-thread-1] INFO  segmented.SegmentedRaftLogWorker (SegmentedRaftLogWorker.java:<init>(172)) - new ad88f3b0-98a4-4e16-8300-c870fa2dd819-SegmentedRaftLogWorker:Storage Directory /workdir/hadoop-ozone/integration-test/target/test-dir/MiniOzoneClusterImpl-fb00d516-ae13-4d3c-8a3f-926c553c4eaa/datanode-5/data/ratis/8840249b-6eaa-4700-9665-62a27ab5243b for RaftStorage:Storage Directory /workdir/hadoop-ozone/integration-test/target/test-dir/MiniOzoneClusterImpl-fb00d516-ae13-4d3c-8a3f-926c553c4eaa/datanode-5/data/ratis/8840249b-6eaa-4700-9665-62a27ab5243b
2019-09-01 05:53:00,931 [Thread-3644] INFO  impl.FollowerState (FollowerState.java:run(114)) - 2e72a9ea-f178-40e5-bf42-2c889e32e769: FollowerState was interrupted: java.lang.InterruptedException: sleep interrupted
2019-09-01 05:53:00,931 [grpc-default-executor-1] INFO  impl.RoleInfo (RoleInfo.java:updateAndGet(143)) - 2e72a9ea-f178-40e5-bf42-2c889e32e769: start FollowerState
2019-09-01 05:53:00,931 [pool-599-thread-1] INFO  server.RaftServerConfigKeys (ConfUtils.java:logGet(43)) - raft.server.log.statemachine.data.caching.enabled = true (custom)
2019-09-01 05:53:00,931 [grpc-default-executor-3] INFO  impl.RoleInfo (RoleInfo.java:shutdownFollowerState(121)) - 99b5111b-d356-42b4-8380-346acbcabf6e: shutdown FollowerState
2019-09-01 05:53:00,930 [pool-529-thread-1] INFO  server.RaftServerConfigKeys (ConfUtils.java:logGet(43)) - raft.server.log.queue.byte-limit = 2147483647 (custom)
2019-09-01 05:53:00,932 [grpc-default-executor-3] INFO  impl.RoleInfo (RoleInfo.java:updateAndGet(143)) - 99b5111b-d356-42b4-8380-346acbcabf6e: start FollowerState
2019-09-01 05:53:00,932 [Thread-3639] INFO  impl.FollowerState (FollowerState.java:run(114)) - 99b5111b-d356-42b4-8380-346acbcabf6e: FollowerState was interrupted: java.lang.InterruptedException: sleep interrupted
2019-09-01 05:53:00,932 [pool-599-thread-1] INFO  segmented.SegmentedRaftLogWorker (SegmentedRaftLogWorker.java:lambda$new$0(132)) - ce2be70a-d267-4ebc-abe0-fdcdf40aaae1-SegmentedRaftLogWorker:Storage Directory /workdir/hadoop-ozone/integration-test/target/test-dir/MiniOzoneClusterImpl-fb00d516-ae13-4d3c-8a3f-926c553c4eaa/datanode-9/data/ratis/8840249b-6eaa-4700-9665-62a27ab5243b: flushIndex: setUnconditionally 0 -> -1
2019-09-01 05:53:00,931 [pool-559-thread-1] INFO  server.RaftServerConfigKeys (ConfUtils.java:logGet(43)) - raft.server.log.queue.byte-limit = 2147483647 (custom)
2019-09-01 05:53:00,932 [pool-529-thread-1] INFO  server.RaftServerConfigKeys (ConfUtils.java:logGet(43)) - raft.server.log.queue.element-limit = 1024 (custom)
2019-09-01 05:53:00,933 [pool-599-thread-1] INFO  server.RaftServerConfigKeys (ConfUtils.java:logGet(43)) - raft.server.snapshot.auto.trigger.enabled = true (custom)
2019-09-01 05:53:00,933 [pool-559-thread-1] INFO  server.RaftServerConfigKeys (ConfUtils.java:logGet(43)) - raft.server.log.queue.element-limit = 1024 (custom)
2019-09-01 05:53:00,934 [pool-599-thread-1] INFO  server.RaftServerConfigKeys (ConfUtils.java:logGet(43)) - raft.server.snapshot.auto.trigger.threshold = 10000 (custom)
2019-09-01 05:53:00,933 [pool-529-thread-1] INFO  server.RaftServerConfigKeys (ConfUtils.java:logGet(43)) - raft.server.log.segment.size.max = 1048576 (custom)
2019-09-01 05:53:00,934 [pool-599-thread-1] INFO  server.RaftServerConfigKeys (ConfUtils.java:logGet(43)) - raft.server.retrycache.expirytime = 600000ms (custom)
2019-09-01 05:53:00,934 [pool-559-thread-1] INFO  server.RaftServerConfigKeys (ConfUtils.java:logGet(43)) - raft.server.log.segment.size.max = 1048576 (custom)
2019-09-01 05:53:00,934 [pool-599-thread-1] INFO  impl.RaftServerImpl (RaftServerImpl.java:start(180)) - ce2be70a-d267-4ebc-abe0-fdcdf40aaae1: start group-62A27AB5243B
2019-09-01 05:53:00,934 [pool-529-thread-1] INFO  server.RaftServerConfigKeys (ConfUtils.java:logGet(43)) - raft.server.log.preallocated.size = 16384 (custom)
2019-09-01 05:53:00,934 [pool-599-thread-1] INFO  impl.RaftServerImpl (RaftServerImpl.java:setRole(171)) - ce2be70a-d267-4ebc-abe0-fdcdf40aaae1:group-62A27AB5243B changes role from null to FOLLOWER at term 0 for startAsFollower
2019-09-01 05:53:00,934 [pool-559-thread-1] INFO  server.RaftServerConfigKeys (ConfUtils.java:logGet(43)) - raft.server.log.preallocated.size = 16384 (custom)
2019-09-01 05:53:00,935 [pool-599-thread-1] INFO  impl.RoleInfo (RoleInfo.java:updateAndGet(143)) - ce2be70a-d267-4ebc-abe0-fdcdf40aaae1: start FollowerState
2019-09-01 05:53:00,935 [pool-529-thread-1] INFO  server.RaftServerConfigKeys (ConfUtils.java:logGet(43)) - raft.server.log.write.buffer.size = 33554432 (custom)
2019-09-01 05:53:00,935 [pool-559-thread-1] INFO  server.RaftServerConfigKeys (ConfUtils.java:logGet(43)) - raft.server.log.write.buffer.size = 33554432 (custom)
2019-09-01 05:53:00,935 [pool-599-thread-1] INFO  util.JmxRegister (JmxRegister.java:tryRegister(44)) - Successfully registered JMX Bean with object name Ratis:service=RaftServer,group=group-62A27AB5243B,id=ce2be70a-d267-4ebc-abe0-fdcdf40aaae1
2019-09-01 05:53:00,935 [pool-529-thread-1] INFO  server.RaftServerConfigKeys (ConfUtils.java:logGet(43)) - raft.server.log.force.sync.num = 128 (default)
2019-09-01 05:53:00,936 [pool-529-thread-1] INFO  server.RaftServerConfigKeys (ConfUtils.java:logGet(43)) - raft.server.log.statemachine.data.sync = true (default)
2019-09-01 05:53:00,935 [pool-559-thread-1] INFO  server.RaftServerConfigKeys (ConfUtils.java:logGet(43)) - raft.server.log.force.sync.num = 128 (default)
2019-09-01 05:53:00,936 [pool-529-thread-1] INFO  server.RaftServerConfigKeys (ConfUtils.java:logGet(43)) - raft.server.log.statemachine.data.sync.timeout = 10s (default)
2019-09-01 05:53:00,936 [pool-559-thread-1] INFO  server.RaftServerConfigKeys (ConfUtils.java:logGet(43)) - raft.server.log.statemachine.data.sync = true (default)
2019-09-01 05:53:00,936 [pool-529-thread-1] INFO  server.RaftServerConfigKeys (ConfUtils.java:logGet(43)) - raft.server.log.statemachine.data.sync.timeout.retry = -1 (default)
2019-09-01 05:53:00,936 [pool-559-thread-1] INFO  server.RaftServerConfigKeys (ConfUtils.java:logGet(43)) - raft.server.log.statemachine.data.sync.timeout = 10s (default)
2019-09-01 05:53:00,937 [pool-529-thread-1] INFO  server.RaftServerConfigKeys (ConfUtils.java:logGet(43)) - raft.server.log.statemachine.data.caching.enabled = true (custom)
2019-09-01 05:53:00,937 [pool-559-thread-1] INFO  server.RaftServerConfigKeys (ConfUtils.java:logGet(43)) - raft.server.log.statemachine.data.sync.timeout.retry = -1 (default)
2019-09-01 05:53:00,937 [pool-529-thread-1] INFO  segmented.SegmentedRaftLogWorker (SegmentedRaftLogWorker.java:lambda$new$0(132)) - 9adf8f3f-00f4-442f-a7e9-ac686daae57d-SegmentedRaftLogWorker:Storage Directory /workdir/hadoop-ozone/integration-test/target/test-dir/MiniOzoneClusterImpl-fb00d516-ae13-4d3c-8a3f-926c553c4eaa/datanode-2/data/ratis/8840249b-6eaa-4700-9665-62a27ab5243b: flushIndex: setUnconditionally 0 -> -1
2019-09-01 05:53:00,937 [pool-559-thread-1] INFO  server.RaftServerConfigKeys (ConfUtils.java:logGet(43)) - raft.server.log.statemachine.data.caching.enabled = true (custom)
2019-09-01 05:53:00,938 [pool-529-thread-1] INFO  server.RaftServerConfigKeys (ConfUtils.java:logGet(43)) - raft.server.snapshot.auto.trigger.enabled = true (custom)
2019-09-01 05:53:00,938 [pool-559-thread-1] INFO  segmented.SegmentedRaftLogWorker (SegmentedRaftLogWorker.java:lambda$new$0(132)) - ad88f3b0-98a4-4e16-8300-c870fa2dd819-SegmentedRaftLogWorker:Storage Directory /workdir/hadoop-ozone/integration-test/target/test-dir/MiniOzoneClusterImpl-fb00d516-ae13-4d3c-8a3f-926c553c4eaa/datanode-5/data/ratis/8840249b-6eaa-4700-9665-62a27ab5243b: flushIndex: setUnconditionally 0 -> -1
2019-09-01 05:53:00,938 [pool-529-thread-1] INFO  server.RaftServerConfigKeys (ConfUtils.java:logGet(43)) - raft.server.snapshot.auto.trigger.threshold = 10000 (custom)
2019-09-01 05:53:00,938 [pool-559-thread-1] INFO  server.RaftServerConfigKeys (ConfUtils.java:logGet(43)) - raft.server.snapshot.auto.trigger.enabled = true (custom)
2019-09-01 05:53:00,938 [pool-529-thread-1] INFO  server.RaftServerConfigKeys (ConfUtils.java:logGet(43)) - raft.server.retrycache.expirytime = 600000ms (custom)
2019-09-01 05:53:00,938 [pool-559-thread-1] INFO  server.RaftServerConfigKeys (ConfUtils.java:logGet(43)) - raft.server.snapshot.auto.trigger.threshold = 10000 (custom)
2019-09-01 05:53:00,938 [pool-529-thread-1] INFO  impl.RaftServerImpl (RaftServerImpl.java:start(180)) - 9adf8f3f-00f4-442f-a7e9-ac686daae57d: start group-62A27AB5243B
2019-09-01 05:53:00,939 [pool-559-thread-1] INFO  server.RaftServerConfigKeys (ConfUtils.java:logGet(43)) - raft.server.retrycache.expirytime = 600000ms (custom)
2019-09-01 05:53:00,939 [pool-529-thread-1] INFO  impl.RaftServerImpl (RaftServerImpl.java:setRole(171)) - 9adf8f3f-00f4-442f-a7e9-ac686daae57d:group-62A27AB5243B changes role from null to FOLLOWER at term 0 for startAsFollower
2019-09-01 05:53:00,939 [pool-559-thread-1] INFO  impl.RaftServerImpl (RaftServerImpl.java:start(180)) - ad88f3b0-98a4-4e16-8300-c870fa2dd819: start group-62A27AB5243B
2019-09-01 05:53:00,939 [pool-529-thread-1] INFO  impl.RoleInfo (RoleInfo.java:updateAndGet(143)) - 9adf8f3f-00f4-442f-a7e9-ac686daae57d: start FollowerState
2019-09-01 05:53:00,939 [pool-559-thread-1] INFO  impl.RaftServerImpl (RaftServerImpl.java:setRole(171)) - ad88f3b0-98a4-4e16-8300-c870fa2dd819:group-62A27AB5243B changes role from null to FOLLOWER at term 0 for startAsFollower
2019-09-01 05:53:00,939 [pool-559-thread-1] INFO  impl.RoleInfo (RoleInfo.java:updateAndGet(143)) - ad88f3b0-98a4-4e16-8300-c870fa2dd819: start FollowerState
2019-09-01 05:53:00,939 [pool-529-thread-1] INFO  util.JmxRegister (JmxRegister.java:tryRegister(44)) - Successfully registered JMX Bean with object name Ratis:service=RaftServer,group=group-62A27AB5243B,id=9adf8f3f-00f4-442f-a7e9-ac686daae57d
2019-09-01 05:53:00,940 [pool-559-thread-1] INFO  util.JmxRegister (JmxRegister.java:tryRegister(44)) - Successfully registered JMX Bean with object name Ratis:service=RaftServer,group=group-62A27AB5243B,id=ad88f3b0-98a4-4e16-8300-c870fa2dd819
2019-09-01 05:53:00,943 [RatisPipelineUtilsThread] INFO  pipeline.PipelineStateManager (PipelineStateManager.java:addPipeline(56)) - Created pipeline Pipeline[ Id: 8840249b-6eaa-4700-9665-62a27ab5243b, Nodes: ce2be70a-d267-4ebc-abe0-fdcdf40aaae1{ip: 192.168.36.91, host: trunk-nightly-20190901-gkzrd-4143273587, networkLocation: /rack1, certSerialId: null}9adf8f3f-00f4-442f-a7e9-ac686daae57d{ip: 192.168.36.91, host: trunk-nightly-20190901-gkzrd-4143273587, networkLocation: /rack1, certSerialId: null}ad88f3b0-98a4-4e16-8300-c870fa2dd819{ip: 192.168.36.91, host: trunk-nightly-20190901-gkzrd-4143273587, networkLocation: /rack1, certSerialId: null}, Type:RATIS, Factor:THREE, State:OPEN]
2019-09-01 05:53:00,996 [grpc-default-executor-8] INFO  client.GrpcClientProtocolClient (GrpcClientProtocolClient.java:onNext(255)) - client-A47DC5B775C0->ce2be70a-d267-4ebc-abe0-fdcdf40aaae1: receive RaftClientReply:client-A47DC5B775C0->ce2be70a-d267-4ebc-abe0-fdcdf40aaae1@group-62A27AB5243B, cid=121, FAILED org.apache.ratis.protocol.NotLeaderException: Server ce2be70a-d267-4ebc-abe0-fdcdf40aaae1 is not the leader (null). Request must be sent to leader., logIndex=0, commits[ce2be70a-d267-4ebc-abe0-fdcdf40aaae1:c-1]
2019-09-01 05:53:01,289 [f61a82c2-42b9-49e6-922b-54bde2900752:group-BF85EB72019C:LeaderElection179] INFO  impl.LeaderElection (LeaderElection.java:logAndReturn(56)) - f61a82c2-42b9-49e6-922b-54bde2900752:group-BF85EB72019C:LeaderElection179: Election PASSED; received 1 response(s) [f61a82c2-42b9-49e6-922b-54bde2900752<-99b5111b-d356-42b4-8380-346acbcabf6e#0:OK-t1] and 0 exception(s); f61a82c2-42b9-49e6-922b-54bde2900752:t1, leader=null, voted=f61a82c2-42b9-49e6-922b-54bde2900752, raftlog=f61a82c2-42b9-49e6-922b-54bde2900752-SegmentedRaftLog:OPENED:c-1,f-1,i0, conf=-1: [f61a82c2-42b9-49e6-922b-54bde2900752:192.168.36.91:40137, 2e72a9ea-f178-40e5-bf42-2c889e32e769:192.168.36.91:37184, 99b5111b-d356-42b4-8380-346acbcabf6e:192.168.36.91:35209], old=null
2019-09-01 05:53:01,290 [f61a82c2-42b9-49e6-922b-54bde2900752:group-BF85EB72019C:LeaderElection179] INFO  impl.RoleInfo (RoleInfo.java:shutdownLeaderElection(134)) - f61a82c2-42b9-49e6-922b-54bde2900752: shutdown LeaderElection
2019-09-01 05:53:01,290 [f61a82c2-42b9-49e6-922b-54bde2900752:group-BF85EB72019C:LeaderElection179] INFO  impl.RaftServerImpl (RaftServerImpl.java:setRole(171)) - f61a82c2-42b9-49e6-922b-54bde2900752:group-BF85EB72019C changes role from CANDIDATE to LEADER at term 1 for changeToLeader
2019-09-01 05:53:01,290 [f61a82c2-42b9-49e6-922b-54bde2900752:group-BF85EB72019C:LeaderElection179] INFO  impl.RaftServerImpl (ServerState.java:setLeader(263)) - f61a82c2-42b9-49e6-922b-54bde2900752:group-BF85EB72019C change Leader from null to f61a82c2-42b9-49e6-922b-54bde2900752 at term 1 for becomeLeader, leader elected after 1483ms
2019-09-01 05:53:01,290 [f61a82c2-42b9-49e6-922b-54bde2900752:group-BF85EB72019C:LeaderElection179] INFO  server.RaftServerConfigKeys (ConfUtils.java:logGet(43)) - raft.server.staging.catchup.gap = 1000 (default)
2019-09-01 05:53:01,290 [f61a82c2-42b9-49e6-922b-54bde2900752:group-BF85EB72019C:LeaderElection179] INFO  server.RaftServerConfigKeys (ConfUtils.java:logGet(43)) - raft.server.rpc.sleep.time = 25ms (default)
2019-09-01 05:53:01,290 [f61a82c2-42b9-49e6-922b-54bde2900752:group-BF85EB72019C:LeaderElection179] INFO  server.RaftServerConfigKeys (ConfUtils.java:logGet(43)) - raft.server.write.element-limit = 4096 (default)
2019-09-01 05:53:01,291 [f61a82c2-42b9-49e6-922b-54bde2900752:group-BF85EB72019C:LeaderElection179] INFO  server.RaftServerConfigKeys (ConfUtils.java:logGet(43)) - raft.server.watch.timeout = 10s (default)
2019-09-01 05:53:01,291 [f61a82c2-42b9-49e6-922b-54bde2900752:group-BF85EB72019C:LeaderElection179] INFO  server.RaftServerConfigKeys (ConfUtils.java:logGet(43)) - raft.server.watch.timeout.denomination = 1s (default)
2019-09-01 05:53:01,291 [f61a82c2-42b9-49e6-922b-54bde2900752:group-BF85EB72019C:LeaderElection179] INFO  server.RaftServerConfigKeys (ConfUtils.java:logGet(43)) - raft.server.watch.element-limit = 65536 (default)
2019-09-01 05:53:01,291 [f61a82c2-42b9-49e6-922b-54bde2900752:group-BF85EB72019C:LeaderElection179] INFO  server.RaftServerConfigKeys (ConfUtils.java:logGet(43)) - raft.server.log.appender.snapshot.chunk.size.max = 16MB (=16777216) (default)
2019-09-01 05:53:01,292 [f61a82c2-42b9-49e6-922b-54bde2900752:group-BF85EB72019C:LeaderElection179] INFO  server.RaftServerConfigKeys (ConfUtils.java:logGet(43)) - raft.server.log.appender.buffer.byte-limit = 33554432 (custom)
2019-09-01 05:53:01,292 [f61a82c2-42b9-49e6-922b-54bde2900752:group-BF85EB72019C:LeaderElection179] INFO  server.RaftServerConfigKeys (ConfUtils.java:logGet(43)) - raft.server.log.appender.buffer.element-limit = 1 (custom)
2019-09-01 05:53:01,292 [f61a82c2-42b9-49e6-922b-54bde2900752:group-BF85EB72019C:LeaderElection179] INFO  grpc.GrpcConfigKeys$Server (ConfUtils.java:logGet(43)) - raft.grpc.server.leader.outstanding.appends.max = 128 (default)
2019-09-01 05:53:01,292 [f61a82c2-42b9-49e6-922b-54bde2900752:group-BF85EB72019C:LeaderElection179] INFO  server.RaftServerConfigKeys (ConfUtils.java:logGet(43)) - raft.server.rpc.request.timeout = 3000ms (default)
2019-09-01 05:53:01,293 [f61a82c2-42b9-49e6-922b-54bde2900752:group-BF85EB72019C:LeaderElection179] INFO  server.RaftServerConfigKeys (ConfUtils.java:logGet(43)) - raft.server.log.appender.install.snapshot.enabled = false (custom)
2019-09-01 05:53:01,293 [f61a82c2-42b9-49e6-922b-54bde2900752:group-BF85EB72019C:LeaderElection179] INFO  server.RaftServerConfigKeys (ConfUtils.java:logGet(43)) - raft.server.log.appender.snapshot.chunk.size.max = 16MB (=16777216) (default)
2019-09-01 05:53:01,293 [f61a82c2-42b9-49e6-922b-54bde2900752:group-BF85EB72019C:LeaderElection179] INFO  server.RaftServerConfigKeys (ConfUtils.java:logGet(43)) - raft.server.log.appender.buffer.byte-limit = 33554432 (custom)
2019-09-01 05:53:01,293 [f61a82c2-42b9-49e6-922b-54bde2900752:group-BF85EB72019C:LeaderElection179] INFO  server.RaftServerConfigKeys (ConfUtils.java:logGet(43)) - raft.server.log.appender.buffer.element-limit = 1 (custom)
2019-09-01 05:53:01,293 [f61a82c2-42b9-49e6-922b-54bde2900752:group-BF85EB72019C:LeaderElection179] INFO  grpc.GrpcConfigKeys$Server (ConfUtils.java:logGet(43)) - raft.grpc.server.leader.outstanding.appends.max = 128 (default)
2019-09-01 05:53:01,293 [f61a82c2-42b9-49e6-922b-54bde2900752:group-BF85EB72019C:LeaderElection179] INFO  server.RaftServerConfigKeys (ConfUtils.java:logGet(43)) - raft.server.rpc.request.timeout = 3000ms (default)
2019-09-01 05:53:01,294 [f61a82c2-42b9-49e6-922b-54bde2900752:group-BF85EB72019C:LeaderElection179] INFO  server.RaftServerConfigKeys (ConfUtils.java:logGet(43)) - raft.server.log.appender.install.snapshot.enabled = false (custom)
2019-09-01 05:53:01,294 [f61a82c2-42b9-49e6-922b-54bde2900752:group-BF85EB72019C:LeaderElection179] INFO  impl.RoleInfo (RoleInfo.java:updateAndGet(143)) - f61a82c2-42b9-49e6-922b-54bde2900752: start LeaderState
2019-09-01 05:53:01,294 [f61a82c2-42b9-49e6-922b-54bde2900752:group-BF85EB72019C:LeaderElection179] INFO  segmented.SegmentedRaftLogWorker (SegmentedRaftLogWorker.java:startLogSegment(380)) - f61a82c2-42b9-49e6-922b-54bde2900752-SegmentedRaftLogWorker:Storage Directory /workdir/hadoop-ozone/integration-test/target/test-dir/MiniOzoneClusterImpl-fb00d516-ae13-4d3c-8a3f-926c553c4eaa/datanode-3/data/ratis/55cef6a9-e725-4da7-8f63-bf85eb72019c: Starting segment from index:0
2019-09-01 05:53:01,295 [f61a82c2-42b9-49e6-922b-54bde2900752:group-BF85EB72019C:LeaderElection179] INFO  impl.RaftServerImpl (ServerState.java:setRaftConf(361)) - f61a82c2-42b9-49e6-922b-54bde2900752:group-BF85EB72019C set configuration 0: [f61a82c2-42b9-49e6-922b-54bde2900752:192.168.36.91:40137, 2e72a9ea-f178-40e5-bf42-2c889e32e769:192.168.36.91:37184, 99b5111b-d356-42b4-8380-346acbcabf6e:192.168.36.91:35209], old=null at 0
2019-09-01 05:53:01,335 [grpc-default-executor-3] INFO  impl.RaftServerImpl (ServerState.java:setLeader(263)) - 2e72a9ea-f178-40e5-bf42-2c889e32e769:group-BF85EB72019C change Leader from null to f61a82c2-42b9-49e6-922b-54bde2900752 at term 1 for appendEntries, leader elected after 1528ms
2019-09-01 05:53:01,339 [grpc-default-executor-1] INFO  impl.RaftServerImpl (ServerState.java:setLeader(263)) - 99b5111b-d356-42b4-8380-346acbcabf6e:group-BF85EB72019C change Leader from null to f61a82c2-42b9-49e6-922b-54bde2900752 at term 1 for appendEntries, leader elected after 1531ms
2019-09-01 05:53:01,341 [grpc-default-executor-1] INFO  impl.RaftServerImpl (ServerState.java:setRaftConf(361)) - 2e72a9ea-f178-40e5-bf42-2c889e32e769:group-BF85EB72019C set configuration 0: [f61a82c2-42b9-49e6-922b-54bde2900752:192.168.36.91:40137, 2e72a9ea-f178-40e5-bf42-2c889e32e769:192.168.36.91:37184, 99b5111b-d356-42b4-8380-346acbcabf6e:192.168.36.91:35209], old=null at 0
2019-09-01 05:53:01,341 [grpc-default-executor-3] INFO  impl.RaftServerImpl (ServerState.java:setRaftConf(361)) - 99b5111b-d356-42b4-8380-346acbcabf6e:group-BF85EB72019C set configuration 0: [f61a82c2-42b9-49e6-922b-54bde2900752:192.168.36.91:40137, 2e72a9ea-f178-40e5-bf42-2c889e32e769:192.168.36.91:37184, 99b5111b-d356-42b4-8380-346acbcabf6e:192.168.36.91:35209], old=null at 0
2019-09-01 05:53:01,341 [grpc-default-executor-1] INFO  segmented.SegmentedRaftLogWorker (SegmentedRaftLogWorker.java:startLogSegment(380)) - 2e72a9ea-f178-40e5-bf42-2c889e32e769-SegmentedRaftLogWorker:Storage Directory /workdir/hadoop-ozone/integration-test/target/test-dir/MiniOzoneClusterImpl-fb00d516-ae13-4d3c-8a3f-926c553c4eaa/datanode-4/data/ratis/55cef6a9-e725-4da7-8f63-bf85eb72019c: Starting segment from index:0
2019-09-01 05:53:01,341 [grpc-default-executor-3] INFO  segmented.SegmentedRaftLogWorker (SegmentedRaftLogWorker.java:startLogSegment(380)) - 99b5111b-d356-42b4-8380-346acbcabf6e-SegmentedRaftLogWorker:Storage Directory /workdir/hadoop-ozone/integration-test/target/test-dir/MiniOzoneClusterImpl-fb00d516-ae13-4d3c-8a3f-926c553c4eaa/datanode-1/data/ratis/55cef6a9-e725-4da7-8f63-bf85eb72019c: Starting segment from index:0
2019-09-01 05:53:01,547 [Thread-3656] INFO  impl.FollowerState (FollowerState.java:run(106)) - 2add93e0-2462-45f9-8504-d95fbdd1cf50:group-389DF4E823E9 changes to CANDIDATE, lastRpcTime:1103, electionTimeout:1103ms
2019-09-01 05:53:01,548 [Thread-3656] INFO  impl.RoleInfo (RoleInfo.java:shutdownFollowerState(121)) - 2add93e0-2462-45f9-8504-d95fbdd1cf50: shutdown FollowerState
2019-09-01 05:53:01,548 [Thread-3656] INFO  impl.RaftServerImpl (RaftServerImpl.java:setRole(171)) - 2add93e0-2462-45f9-8504-d95fbdd1cf50:group-389DF4E823E9 changes role from FOLLOWER to CANDIDATE at term 0 for changeToCandidate
2019-09-01 05:53:01,548 [Thread-3656] INFO  impl.RoleInfo (RoleInfo.java:updateAndGet(143)) - 2add93e0-2462-45f9-8504-d95fbdd1cf50: start LeaderElection
2019-09-01 05:53:01,568 [Thread-3650] INFO  impl.FollowerState (FollowerState.java:run(106)) - 196a83ac-f404-447a-85c9-b484bfff17ef:group-389DF4E823E9 changes to CANDIDATE, lastRpcTime:1127, electionTimeout:1127ms
2019-09-01 05:53:01,568 [Thread-3650] INFO  impl.RoleInfo (RoleInfo.java:shutdownFollowerState(121)) - 196a83ac-f404-447a-85c9-b484bfff17ef: shutdown FollowerState
2019-09-01 05:53:01,568 [Thread-3650] INFO  impl.RaftServerImpl (RaftServerImpl.java:setRole(171)) - 196a83ac-f404-447a-85c9-b484bfff17ef:group-389DF4E823E9 changes role from FOLLOWER to CANDIDATE at term 0 for changeToCandidate
2019-09-01 05:53:01,568 [Thread-3650] INFO  impl.RoleInfo (RoleInfo.java:updateAndGet(143)) - 196a83ac-f404-447a-85c9-b484bfff17ef: start LeaderElection
2019-09-01 05:53:01,633 [Thread-3653] INFO  impl.FollowerState (FollowerState.java:run(106)) - e504cd85-a1db-4587-8509-c7399dc7cafe:group-389DF4E823E9 changes to CANDIDATE, lastRpcTime:1191, electionTimeout:1190ms
2019-09-01 05:53:01,633 [Thread-3653] INFO  impl.RoleInfo (RoleInfo.java:shutdownFollowerState(121)) - e504cd85-a1db-4587-8509-c7399dc7cafe: shutdown FollowerState
2019-09-01 05:53:01,633 [Thread-3653] INFO  impl.RaftServerImpl (RaftServerImpl.java:setRole(171)) - e504cd85-a1db-4587-8509-c7399dc7cafe:group-389DF4E823E9 changes role from FOLLOWER to CANDIDATE at term 0 for changeToCandidate
2019-09-01 05:53:01,634 [Thread-3653] INFO  impl.RoleInfo (RoleInfo.java:updateAndGet(143)) - e504cd85-a1db-4587-8509-c7399dc7cafe: start LeaderElection
2019-09-01 05:53:01,959 [Thread-3668] INFO  impl.FollowerState (FollowerState.java:run(106)) - 9adf8f3f-00f4-442f-a7e9-ac686daae57d:group-62A27AB5243B changes to CANDIDATE, lastRpcTime:1019, electionTimeout:1019ms
2019-09-01 05:53:01,959 [Thread-3668] INFO  impl.RoleInfo (RoleInfo.java:shutdownFollowerState(121)) - 9adf8f3f-00f4-442f-a7e9-ac686daae57d: shutdown FollowerState
2019-09-01 05:53:01,959 [Thread-3668] INFO  impl.RaftServerImpl (RaftServerImpl.java:setRole(171)) - 9adf8f3f-00f4-442f-a7e9-ac686daae57d:group-62A27AB5243B changes role from FOLLOWER to CANDIDATE at term 0 for changeToCandidate
2019-09-01 05:53:01,959 [Thread-3668] INFO  impl.RoleInfo (RoleInfo.java:updateAndGet(143)) - 9adf8f3f-00f4-442f-a7e9-ac686daae57d: start LeaderElection
2019-09-01 05:53:02,000 [Thread-3664] INFO  impl.FollowerState (FollowerState.java:run(106)) - ce2be70a-d267-4ebc-abe0-fdcdf40aaae1:group-62A27AB5243B changes to CANDIDATE, lastRpcTime:1064, electionTimeout:1064ms
2019-09-01 05:53:02,000 [Thread-3664] INFO  impl.RoleInfo (RoleInfo.java:shutdownFollowerState(121)) - ce2be70a-d267-4ebc-abe0-fdcdf40aaae1: shutdown FollowerState
2019-09-01 05:53:02,000 [Thread-3664] INFO  impl.RaftServerImpl (RaftServerImpl.java:setRole(171)) - ce2be70a-d267-4ebc-abe0-fdcdf40aaae1:group-62A27AB5243B changes role from FOLLOWER to CANDIDATE at term 0 for changeToCandidate
2019-09-01 05:53:02,000 [Thread-3664] INFO  impl.RoleInfo (RoleInfo.java:updateAndGet(143)) - ce2be70a-d267-4ebc-abe0-fdcdf40aaae1: start LeaderElection
2019-09-01 05:53:02,026 [grpc-default-executor-3] INFO  client.GrpcClientProtocolClient (GrpcClientProtocolClient.java:onNext(255)) - client-A47DC5B775C0->ad88f3b0-98a4-4e16-8300-c870fa2dd819: receive RaftClientReply:client-A47DC5B775C0->ad88f3b0-98a4-4e16-8300-c870fa2dd819@group-62A27AB5243B, cid=121, FAILED org.apache.ratis.protocol.NotLeaderException: Server ad88f3b0-98a4-4e16-8300-c870fa2dd819 is not the leader (null). Request must be sent to leader., logIndex=0, commits[ad88f3b0-98a4-4e16-8300-c870fa2dd819:c-1]
2019-09-01 05:53:02,102 [Thread-3669] INFO  impl.FollowerState (FollowerState.java:run(106)) - ad88f3b0-98a4-4e16-8300-c870fa2dd819:group-62A27AB5243B changes to CANDIDATE, lastRpcTime:1162, electionTimeout:1162ms
2019-09-01 05:53:02,102 [Thread-3669] INFO  impl.RoleInfo (RoleInfo.java:shutdownFollowerState(121)) - ad88f3b0-98a4-4e16-8300-c870fa2dd819: shutdown FollowerState
2019-09-01 05:53:02,102 [Thread-3669] INFO  impl.RaftServerImpl (RaftServerImpl.java:setRole(171)) - ad88f3b0-98a4-4e16-8300-c870fa2dd819:group-62A27AB5243B changes role from FOLLOWER to CANDIDATE at term 0 for changeToCandidate
2019-09-01 05:53:02,102 [Thread-3669] INFO  impl.RoleInfo (RoleInfo.java:updateAndGet(143)) - ad88f3b0-98a4-4e16-8300-c870fa2dd819: start LeaderElection
2019-09-01 05:53:02,439 [2e72a9ea-f178-40e5-bf42-2c889e32e769-SegmentedRaftLogWorker:Storage Directory /workdir/hadoop-ozone/integration-test/target/test-dir/MiniOzoneClusterImpl-fb00d516-ae13-4d3c-8a3f-926c553c4eaa/datanode-4/data/ratis/55cef6a9-e725-4da7-8f63-bf85eb72019c] INFO  segmented.SegmentedRaftLogWorker (SegmentedRaftLogWorker.java:execute(569)) - 2e72a9ea-f178-40e5-bf42-2c889e32e769-SegmentedRaftLogWorker:Storage Directory /workdir/hadoop-ozone/integration-test/target/test-dir/MiniOzoneClusterImpl-fb00d516-ae13-4d3c-8a3f-926c553c4eaa/datanode-4/data/ratis/55cef6a9-e725-4da7-8f63-bf85eb72019c: created new log segment /workdir/hadoop-ozone/integration-test/target/test-dir/MiniOzoneClusterImpl-fb00d516-ae13-4d3c-8a3f-926c553c4eaa/datanode-4/data/ratis/55cef6a9-e725-4da7-8f63-bf85eb72019c/current/log_inprogress_0
2019-09-01 05:53:02,439 [99b5111b-d356-42b4-8380-346acbcabf6e-SegmentedRaftLogWorker:Storage Directory /workdir/hadoop-ozone/integration-test/target/test-dir/MiniOzoneClusterImpl-fb00d516-ae13-4d3c-8a3f-926c553c4eaa/datanode-1/data/ratis/55cef6a9-e725-4da7-8f63-bf85eb72019c] INFO  segmented.SegmentedRaftLogWorker (SegmentedRaftLogWorker.java:execute(569)) - 99b5111b-d356-42b4-8380-346acbcabf6e-SegmentedRaftLogWorker:Storage Directory /workdir/hadoop-ozone/integration-test/target/test-dir/MiniOzoneClusterImpl-fb00d516-ae13-4d3c-8a3f-926c553c4eaa/datanode-1/data/ratis/55cef6a9-e725-4da7-8f63-bf85eb72019c: created new log segment /workdir/hadoop-ozone/integration-test/target/test-dir/MiniOzoneClusterImpl-fb00d516-ae13-4d3c-8a3f-926c553c4eaa/datanode-1/data/ratis/55cef6a9-e725-4da7-8f63-bf85eb72019c/current/log_inprogress_0
2019-09-01 05:53:02,440 [e504cd85-a1db-4587-8509-c7399dc7cafe:group-389DF4E823E9:LeaderElection182] INFO  impl.LeaderElection (LeaderElection.java:askForVotes(181)) - e504cd85-a1db-4587-8509-c7399dc7cafe:group-389DF4E823E9:LeaderElection182: begin an election at term 1 for -1: [2add93e0-2462-45f9-8504-d95fbdd1cf50:192.168.36.91:37068, 196a83ac-f404-447a-85c9-b484bfff17ef:192.168.36.91:35328, e504cd85-a1db-4587-8509-c7399dc7cafe:192.168.36.91:36185], old=null
2019-09-01 05:53:02,440 [2add93e0-2462-45f9-8504-d95fbdd1cf50:group-389DF4E823E9:LeaderElection180] INFO  impl.LeaderElection (LeaderElection.java:askForVotes(181)) - 2add93e0-2462-45f9-8504-d95fbdd1cf50:group-389DF4E823E9:LeaderElection180: begin an election at term 1 for -1: [2add93e0-2462-45f9-8504-d95fbdd1cf50:192.168.36.91:37068, 196a83ac-f404-447a-85c9-b484bfff17ef:192.168.36.91:35328, e504cd85-a1db-4587-8509-c7399dc7cafe:192.168.36.91:36185], old=null
2019-09-01 05:53:02,439 [196a83ac-f404-447a-85c9-b484bfff17ef:group-389DF4E823E9:LeaderElection181] INFO  impl.LeaderElection (LeaderElection.java:askForVotes(181)) - 196a83ac-f404-447a-85c9-b484bfff17ef:group-389DF4E823E9:LeaderElection181: begin an election at term 1 for -1: [2add93e0-2462-45f9-8504-d95fbdd1cf50:192.168.36.91:37068, 196a83ac-f404-447a-85c9-b484bfff17ef:192.168.36.91:35328, e504cd85-a1db-4587-8509-c7399dc7cafe:192.168.36.91:36185], old=null
2019-09-01 05:53:02,439 [f61a82c2-42b9-49e6-922b-54bde2900752-SegmentedRaftLogWorker:Storage Directory /workdir/hadoop-ozone/integration-test/target/test-dir/MiniOzoneClusterImpl-fb00d516-ae13-4d3c-8a3f-926c553c4eaa/datanode-3/data/ratis/55cef6a9-e725-4da7-8f63-bf85eb72019c] INFO  segmented.SegmentedRaftLogWorker (SegmentedRaftLogWorker.java:execute(569)) - f61a82c2-42b9-49e6-922b-54bde2900752-SegmentedRaftLogWorker:Storage Directory /workdir/hadoop-ozone/integration-test/target/test-dir/MiniOzoneClusterImpl-fb00d516-ae13-4d3c-8a3f-926c553c4eaa/datanode-3/data/ratis/55cef6a9-e725-4da7-8f63-bf85eb72019c: created new log segment /workdir/hadoop-ozone/integration-test/target/test-dir/MiniOzoneClusterImpl-fb00d516-ae13-4d3c-8a3f-926c553c4eaa/datanode-3/data/ratis/55cef6a9-e725-4da7-8f63-bf85eb72019c/current/log_inprogress_0
2019-09-01 05:53:02,451 [2add93e0-2462-45f9-8504-d95fbdd1cf50:group-389DF4E823E9:LeaderElection180] INFO  impl.LeaderElection (LeaderElection.java:logAndReturn(56)) - 2add93e0-2462-45f9-8504-d95fbdd1cf50:group-389DF4E823E9:LeaderElection180: Election REJECTED; received 2 response(s) [2add93e0-2462-45f9-8504-d95fbdd1cf50<-196a83ac-f404-447a-85c9-b484bfff17ef#0:FAIL-t1, 2add93e0-2462-45f9-8504-d95fbdd1cf50<-e504cd85-a1db-4587-8509-c7399dc7cafe#0:FAIL-t1] and 0 exception(s); 2add93e0-2462-45f9-8504-d95fbdd1cf50:t1, leader=null, voted=2add93e0-2462-45f9-8504-d95fbdd1cf50, raftlog=2add93e0-2462-45f9-8504-d95fbdd1cf50-SegmentedRaftLog:OPENED:c-1,f-1,i0, conf=-1: [2add93e0-2462-45f9-8504-d95fbdd1cf50:192.168.36.91:37068, 196a83ac-f404-447a-85c9-b484bfff17ef:192.168.36.91:35328, e504cd85-a1db-4587-8509-c7399dc7cafe:192.168.36.91:36185], old=null
2019-09-01 05:53:02,451 [2add93e0-2462-45f9-8504-d95fbdd1cf50:group-389DF4E823E9:LeaderElection180] INFO  impl.RaftServerImpl (RaftServerImpl.java:setRole(171)) - 2add93e0-2462-45f9-8504-d95fbdd1cf50:group-389DF4E823E9 changes role from CANDIDATE to FOLLOWER at term 1 for DISCOVERED_A_NEW_TERM
2019-09-01 05:53:02,451 [2add93e0-2462-45f9-8504-d95fbdd1cf50:group-389DF4E823E9:LeaderElection180] INFO  impl.RoleInfo (RoleInfo.java:shutdownLeaderElection(134)) - 2add93e0-2462-45f9-8504-d95fbdd1cf50: shutdown LeaderElection
2019-09-01 05:53:02,451 [2add93e0-2462-45f9-8504-d95fbdd1cf50:group-389DF4E823E9:LeaderElection180] INFO  impl.RoleInfo (RoleInfo.java:updateAndGet(143)) - 2add93e0-2462-45f9-8504-d95fbdd1cf50: start FollowerState
2019-09-01 05:53:02,452 [196a83ac-f404-447a-85c9-b484bfff17ef:group-389DF4E823E9:LeaderElection181] INFO  impl.LeaderElection (LeaderElection.java:logAndReturn(56)) - 196a83ac-f404-447a-85c9-b484bfff17ef:group-389DF4E823E9:LeaderElection181: Election REJECTED; received 2 response(s) [196a83ac-f404-447a-85c9-b484bfff17ef<-2add93e0-2462-45f9-8504-d95fbdd1cf50#0:FAIL-t1, 196a83ac-f404-447a-85c9-b484bfff17ef<-e504cd85-a1db-4587-8509-c7399dc7cafe#0:FAIL-t1] and 0 exception(s); 196a83ac-f404-447a-85c9-b484bfff17ef:t1, leader=null, voted=196a83ac-f404-447a-85c9-b484bfff17ef, raftlog=196a83ac-f404-447a-85c9-b484bfff17ef-SegmentedRaftLog:OPENED:c-1,f-1,i0, conf=-1: [2add93e0-2462-45f9-8504-d95fbdd1cf50:192.168.36.91:37068, 196a83ac-f404-447a-85c9-b484bfff17ef:192.168.36.91:35328, e504cd85-a1db-4587-8509-c7399dc7cafe:192.168.36.91:36185], old=null
2019-09-01 05:53:02,452 [196a83ac-f404-447a-85c9-b484bfff17ef:group-389DF4E823E9:LeaderElection181] INFO  impl.RaftServerImpl (RaftServerImpl.java:setRole(171)) - 196a83ac-f404-447a-85c9-b484bfff17ef:group-389DF4E823E9 changes role from CANDIDATE to FOLLOWER at term 1 for DISCOVERED_A_NEW_TERM
2019-09-01 05:53:02,452 [196a83ac-f404-447a-85c9-b484bfff17ef:group-389DF4E823E9:LeaderElection181] INFO  impl.RoleInfo (RoleInfo.java:shutdownLeaderElection(134)) - 196a83ac-f404-447a-85c9-b484bfff17ef: shutdown LeaderElection
2019-09-01 05:53:02,452 [196a83ac-f404-447a-85c9-b484bfff17ef:group-389DF4E823E9:LeaderElection181] INFO  impl.RoleInfo (RoleInfo.java:updateAndGet(143)) - 196a83ac-f404-447a-85c9-b484bfff17ef: start FollowerState
2019-09-01 05:53:02,452 [e504cd85-a1db-4587-8509-c7399dc7cafe:group-389DF4E823E9:LeaderElection182] INFO  impl.LeaderElection (LeaderElection.java:logAndReturn(56)) - e504cd85-a1db-4587-8509-c7399dc7cafe:group-389DF4E823E9:LeaderElection182: Election REJECTED; received 2 response(s) [e504cd85-a1db-4587-8509-c7399dc7cafe<-2add93e0-2462-45f9-8504-d95fbdd1cf50#0:FAIL-t1, e504cd85-a1db-4587-8509-c7399dc7cafe<-196a83ac-f404-447a-85c9-b484bfff17ef#0:FAIL-t1] and 0 exception(s); e504cd85-a1db-4587-8509-c7399dc7cafe:t1, leader=null, voted=e504cd85-a1db-4587-8509-c7399dc7cafe, raftlog=e504cd85-a1db-4587-8509-c7399dc7cafe-SegmentedRaftLog:OPENED:c-1,f-1,i0, conf=-1: [2add93e0-2462-45f9-8504-d95fbdd1cf50:192.168.36.91:37068, 196a83ac-f404-447a-85c9-b484bfff17ef:192.168.36.91:35328, e504cd85-a1db-4587-8509-c7399dc7cafe:192.168.36.91:36185], old=null
2019-09-01 05:53:02,453 [e504cd85-a1db-4587-8509-c7399dc7cafe:group-389DF4E823E9:LeaderElection182] INFO  impl.RaftServerImpl (RaftServerImpl.java:setRole(171)) - e504cd85-a1db-4587-8509-c7399dc7cafe:group-389DF4E823E9 changes role from CANDIDATE to FOLLOWER at term 1 for DISCOVERED_A_NEW_TERM
2019-09-01 05:53:02,453 [e504cd85-a1db-4587-8509-c7399dc7cafe:group-389DF4E823E9:LeaderElection182] INFO  impl.RoleInfo (RoleInfo.java:shutdownLeaderElection(134)) - e504cd85-a1db-4587-8509-c7399dc7cafe: shutdown LeaderElection
2019-09-01 05:53:02,453 [e504cd85-a1db-4587-8509-c7399dc7cafe:group-389DF4E823E9:LeaderElection182] INFO  impl.RoleInfo (RoleInfo.java:updateAndGet(143)) - e504cd85-a1db-4587-8509-c7399dc7cafe: start FollowerState
2019-09-01 05:53:02,837 [ce2be70a-d267-4ebc-abe0-fdcdf40aaae1:group-62A27AB5243B:LeaderElection184] INFO  impl.LeaderElection (LeaderElection.java:askForVotes(181)) - ce2be70a-d267-4ebc-abe0-fdcdf40aaae1:group-62A27AB5243B:LeaderElection184: begin an election at term 1 for -1: [ce2be70a-d267-4ebc-abe0-fdcdf40aaae1:192.168.36.91:38648, 9adf8f3f-00f4-442f-a7e9-ac686daae57d:192.168.36.91:44931, ad88f3b0-98a4-4e16-8300-c870fa2dd819:192.168.36.91:34127], old=null
2019-09-01 05:53:02,837 [9adf8f3f-00f4-442f-a7e9-ac686daae57d:group-62A27AB5243B:LeaderElection183] INFO  impl.LeaderElection (LeaderElection.java:askForVotes(181)) - 9adf8f3f-00f4-442f-a7e9-ac686daae57d:group-62A27AB5243B:LeaderElection183: begin an election at term 1 for -1: [ce2be70a-d267-4ebc-abe0-fdcdf40aaae1:192.168.36.91:38648, 9adf8f3f-00f4-442f-a7e9-ac686daae57d:192.168.36.91:44931, ad88f3b0-98a4-4e16-8300-c870fa2dd819:192.168.36.91:34127], old=null
2019-09-01 05:53:02,837 [ad88f3b0-98a4-4e16-8300-c870fa2dd819:group-62A27AB5243B:LeaderElection185] INFO  impl.LeaderElection (LeaderElection.java:askForVotes(181)) - ad88f3b0-98a4-4e16-8300-c870fa2dd819:group-62A27AB5243B:LeaderElection185: begin an election at term 1 for -1: [ce2be70a-d267-4ebc-abe0-fdcdf40aaae1:192.168.36.91:38648, 9adf8f3f-00f4-442f-a7e9-ac686daae57d:192.168.36.91:44931, ad88f3b0-98a4-4e16-8300-c870fa2dd819:192.168.36.91:34127], old=null
2019-09-01 05:53:02,844 [ad88f3b0-98a4-4e16-8300-c870fa2dd819:group-62A27AB5243B:LeaderElection185] INFO  impl.LeaderElection (LeaderElection.java:logAndReturn(56)) - ad88f3b0-98a4-4e16-8300-c870fa2dd819:group-62A27AB5243B:LeaderElection185: Election REJECTED; received 2 response(s) [ad88f3b0-98a4-4e16-8300-c870fa2dd819<-ce2be70a-d267-4ebc-abe0-fdcdf40aaae1#0:FAIL-t1, ad88f3b0-98a4-4e16-8300-c870fa2dd819<-9adf8f3f-00f4-442f-a7e9-ac686daae57d#0:FAIL-t1] and 0 exception(s); ad88f3b0-98a4-4e16-8300-c870fa2dd819:t1, leader=null, voted=ad88f3b0-98a4-4e16-8300-c870fa2dd819, raftlog=ad88f3b0-98a4-4e16-8300-c870fa2dd819-SegmentedRaftLog:OPENED:c-1,f-1,i0, conf=-1: [ce2be70a-d267-4ebc-abe0-fdcdf40aaae1:192.168.36.91:38648, 9adf8f3f-00f4-442f-a7e9-ac686daae57d:192.168.36.91:44931, ad88f3b0-98a4-4e16-8300-c870fa2dd819:192.168.36.91:34127], old=null
2019-09-01 05:53:02,844 [ce2be70a-d267-4ebc-abe0-fdcdf40aaae1:group-62A27AB5243B:LeaderElection184] INFO  impl.LeaderElection (LeaderElection.java:logAndReturn(56)) - ce2be70a-d267-4ebc-abe0-fdcdf40aaae1:group-62A27AB5243B:LeaderElection184: Election REJECTED; received 2 response(s) [ce2be70a-d267-4ebc-abe0-fdcdf40aaae1<-9adf8f3f-00f4-442f-a7e9-ac686daae57d#0:FAIL-t1, ce2be70a-d267-4ebc-abe0-fdcdf40aaae1<-ad88f3b0-98a4-4e16-8300-c870fa2dd819#0:FAIL-t1] and 0 exception(s); ce2be70a-d267-4ebc-abe0-fdcdf40aaae1:t1, leader=null, voted=ce2be70a-d267-4ebc-abe0-fdcdf40aaae1, raftlog=ce2be70a-d267-4ebc-abe0-fdcdf40aaae1-SegmentedRaftLog:OPENED:c-1,f-1,i0, conf=-1: [ce2be70a-d267-4ebc-abe0-fdcdf40aaae1:192.168.36.91:38648, 9adf8f3f-00f4-442f-a7e9-ac686daae57d:192.168.36.91:44931, ad88f3b0-98a4-4e16-8300-c870fa2dd819:192.168.36.91:34127], old=null
2019-09-01 05:53:02,844 [ad88f3b0-98a4-4e16-8300-c870fa2dd819:group-62A27AB5243B:LeaderElection185] INFO  impl.RaftServerImpl (RaftServerImpl.java:setRole(171)) - ad88f3b0-98a4-4e16-8300-c870fa2dd819:group-62A27AB5243B changes role from CANDIDATE to FOLLOWER at term 1 for DISCOVERED_A_NEW_TERM
2019-09-01 05:53:02,845 [ce2be70a-d267-4ebc-abe0-fdcdf40aaae1:group-62A27AB5243B:LeaderElection184] INFO  impl.RaftServerImpl (RaftServerImpl.java:setRole(171)) - ce2be70a-d267-4ebc-abe0-fdcdf40aaae1:group-62A27AB5243B changes role from CANDIDATE to FOLLOWER at term 1 for DISCOVERED_A_NEW_TERM
2019-09-01 05:53:02,845 [ce2be70a-d267-4ebc-abe0-fdcdf40aaae1:group-62A27AB5243B:LeaderElection184] INFO  impl.RoleInfo (RoleInfo.java:shutdownLeaderElection(134)) - ce2be70a-d267-4ebc-abe0-fdcdf40aaae1: shutdown LeaderElection
2019-09-01 05:53:02,845 [9adf8f3f-00f4-442f-a7e9-ac686daae57d:group-62A27AB5243B:LeaderElection183] INFO  impl.LeaderElection (LeaderElection.java:logAndReturn(56)) - 9adf8f3f-00f4-442f-a7e9-ac686daae57d:group-62A27AB5243B:LeaderElection183: Election REJECTED; received 2 response(s) [9adf8f3f-00f4-442f-a7e9-ac686daae57d<-ce2be70a-d267-4ebc-abe0-fdcdf40aaae1#0:FAIL-t1, 9adf8f3f-00f4-442f-a7e9-ac686daae57d<-ad88f3b0-98a4-4e16-8300-c870fa2dd819#0:FAIL-t1] and 0 exception(s); 9adf8f3f-00f4-442f-a7e9-ac686daae57d:t1, leader=null, voted=9adf8f3f-00f4-442f-a7e9-ac686daae57d, raftlog=9adf8f3f-00f4-442f-a7e9-ac686daae57d-SegmentedRaftLog:OPENED:c-1,f-1,i0, conf=-1: [ce2be70a-d267-4ebc-abe0-fdcdf40aaae1:192.168.36.91:38648, 9adf8f3f-00f4-442f-a7e9-ac686daae57d:192.168.36.91:44931, ad88f3b0-98a4-4e16-8300-c870fa2dd819:192.168.36.91:34127], old=null
2019-09-01 05:53:02,845 [ce2be70a-d267-4ebc-abe0-fdcdf40aaae1:group-62A27AB5243B:LeaderElection184] INFO  impl.RoleInfo (RoleInfo.java:updateAndGet(143)) - ce2be70a-d267-4ebc-abe0-fdcdf40aaae1: start FollowerState
2019-09-01 05:53:02,845 [ad88f3b0-98a4-4e16-8300-c870fa2dd819:group-62A27AB5243B:LeaderElection185] INFO  impl.RoleInfo (RoleInfo.java:shutdownLeaderElection(134)) - ad88f3b0-98a4-4e16-8300-c870fa2dd819: shutdown LeaderElection
2019-09-01 05:53:02,845 [9adf8f3f-00f4-442f-a7e9-ac686daae57d:group-62A27AB5243B:LeaderElection183] INFO  impl.RaftServerImpl (RaftServerImpl.java:setRole(171)) - 9adf8f3f-00f4-442f-a7e9-ac686daae57d:group-62A27AB5243B changes role from CANDIDATE to FOLLOWER at term 1 for DISCOVERED_A_NEW_TERM
2019-09-01 05:53:02,846 [ad88f3b0-98a4-4e16-8300-c870fa2dd819:group-62A27AB5243B:LeaderElection185] INFO  impl.RoleInfo (RoleInfo.java:updateAndGet(143)) - ad88f3b0-98a4-4e16-8300-c870fa2dd819: start FollowerState
2019-09-01 05:53:02,846 [9adf8f3f-00f4-442f-a7e9-ac686daae57d:group-62A27AB5243B:LeaderElection183] INFO  impl.RoleInfo (RoleInfo.java:shutdownLeaderElection(134)) - 9adf8f3f-00f4-442f-a7e9-ac686daae57d: shutdown LeaderElection
2019-09-01 05:53:02,846 [9adf8f3f-00f4-442f-a7e9-ac686daae57d:group-62A27AB5243B:LeaderElection183] INFO  impl.RoleInfo (RoleInfo.java:updateAndGet(143)) - 9adf8f3f-00f4-442f-a7e9-ac686daae57d: start FollowerState
2019-09-01 05:53:03,049 [grpc-default-executor-1] INFO  client.GrpcClientProtocolClient (GrpcClientProtocolClient.java:onNext(255)) - client-A47DC5B775C0->9adf8f3f-00f4-442f-a7e9-ac686daae57d: receive RaftClientReply:client-A47DC5B775C0->9adf8f3f-00f4-442f-a7e9-ac686daae57d@group-62A27AB5243B, cid=121, FAILED org.apache.ratis.protocol.NotLeaderException: Server 9adf8f3f-00f4-442f-a7e9-ac686daae57d is not the leader (null). Request must be sent to leader., logIndex=0, commits[9adf8f3f-00f4-442f-a7e9-ac686daae57d:c-1]
2019-09-01 05:53:03,488 [Thread-3703] INFO  impl.FollowerState (FollowerState.java:run(106)) - 196a83ac-f404-447a-85c9-b484bfff17ef:group-389DF4E823E9 changes to CANDIDATE, lastRpcTime:1035, electionTimeout:1035ms
2019-09-01 05:53:03,488 [Thread-3703] INFO  impl.RoleInfo (RoleInfo.java:shutdownFollowerState(121)) - 196a83ac-f404-447a-85c9-b484bfff17ef: shutdown FollowerState
2019-09-01 05:53:03,488 [Thread-3703] INFO  impl.RaftServerImpl (RaftServerImpl.java:setRole(171)) - 196a83ac-f404-447a-85c9-b484bfff17ef:group-389DF4E823E9 changes role from FOLLOWER to CANDIDATE at term 1 for changeToCandidate
2019-09-01 05:53:03,489 [Thread-3703] INFO  impl.RoleInfo (RoleInfo.java:updateAndGet(143)) - 196a83ac-f404-447a-85c9-b484bfff17ef: start LeaderElection
2019-09-01 05:53:03,503 [Thread-3704] INFO  impl.FollowerState (FollowerState.java:run(106)) - e504cd85-a1db-4587-8509-c7399dc7cafe:group-389DF4E823E9 changes to CANDIDATE, lastRpcTime:1049, electionTimeout:1049ms
2019-09-01 05:53:03,503 [Thread-3704] INFO  impl.RoleInfo (RoleInfo.java:shutdownFollowerState(121)) - e504cd85-a1db-4587-8509-c7399dc7cafe: shutdown FollowerState
2019-09-01 05:53:03,503 [Thread-3704] INFO  impl.RaftServerImpl (RaftServerImpl.java:setRole(171)) - e504cd85-a1db-4587-8509-c7399dc7cafe:group-389DF4E823E9 changes role from FOLLOWER to CANDIDATE at term 1 for changeToCandidate
2019-09-01 05:53:03,503 [Thread-3704] INFO  impl.RoleInfo (RoleInfo.java:updateAndGet(143)) - e504cd85-a1db-4587-8509-c7399dc7cafe: start LeaderElection
2019-09-01 05:53:03,616 [Thread-3702] INFO  impl.FollowerState (FollowerState.java:run(106)) - 2add93e0-2462-45f9-8504-d95fbdd1cf50:group-389DF4E823E9 changes to CANDIDATE, lastRpcTime:1164, electionTimeout:1164ms
2019-09-01 05:53:03,616 [Thread-3702] INFO  impl.RoleInfo (RoleInfo.java:shutdownFollowerState(121)) - 2add93e0-2462-45f9-8504-d95fbdd1cf50: shutdown FollowerState
2019-09-01 05:53:03,616 [Thread-3702] INFO  impl.RaftServerImpl (RaftServerImpl.java:setRole(171)) - 2add93e0-2462-45f9-8504-d95fbdd1cf50:group-389DF4E823E9 changes role from FOLLOWER to CANDIDATE at term 1 for changeToCandidate
2019-09-01 05:53:03,616 [Thread-3702] INFO  impl.RoleInfo (RoleInfo.java:updateAndGet(143)) - 2add93e0-2462-45f9-8504-d95fbdd1cf50: start LeaderElection
2019-09-01 05:53:03,686 [2add93e0-2462-45f9-8504-d95fbdd1cf50:group-389DF4E823E9:LeaderElection188] INFO  impl.LeaderElection (LeaderElection.java:askForVotes(181)) - 2add93e0-2462-45f9-8504-d95fbdd1cf50:group-389DF4E823E9:LeaderElection188: begin an election at term 2 for -1: [2add93e0-2462-45f9-8504-d95fbdd1cf50:192.168.36.91:37068, 196a83ac-f404-447a-85c9-b484bfff17ef:192.168.36.91:35328, e504cd85-a1db-4587-8509-c7399dc7cafe:192.168.36.91:36185], old=null
2019-09-01 05:53:03,686 [e504cd85-a1db-4587-8509-c7399dc7cafe:group-389DF4E823E9:LeaderElection187] INFO  impl.LeaderElection (LeaderElection.java:askForVotes(181)) - e504cd85-a1db-4587-8509-c7399dc7cafe:group-389DF4E823E9:LeaderElection187: begin an election at term 2 for -1: [2add93e0-2462-45f9-8504-d95fbdd1cf50:192.168.36.91:37068, 196a83ac-f404-447a-85c9-b484bfff17ef:192.168.36.91:35328, e504cd85-a1db-4587-8509-c7399dc7cafe:192.168.36.91:36185], old=null
2019-09-01 05:53:03,686 [196a83ac-f404-447a-85c9-b484bfff17ef:group-389DF4E823E9:LeaderElection186] INFO  impl.LeaderElection (LeaderElection.java:askForVotes(181)) - 196a83ac-f404-447a-85c9-b484bfff17ef:group-389DF4E823E9:LeaderElection186: begin an election at term 2 for -1: [2add93e0-2462-45f9-8504-d95fbdd1cf50:192.168.36.91:37068, 196a83ac-f404-447a-85c9-b484bfff17ef:192.168.36.91:35328, e504cd85-a1db-4587-8509-c7399dc7cafe:192.168.36.91:36185], old=null
2019-09-01 05:53:03,691 [196a83ac-f404-447a-85c9-b484bfff17ef:group-389DF4E823E9:LeaderElection186] INFO  impl.LeaderElection (LeaderElection.java:logAndReturn(56)) - 196a83ac-f404-447a-85c9-b484bfff17ef:group-389DF4E823E9:LeaderElection186: Election REJECTED; received 2 response(s) [196a83ac-f404-447a-85c9-b484bfff17ef<-2add93e0-2462-45f9-8504-d95fbdd1cf50#0:FAIL-t2, 196a83ac-f404-447a-85c9-b484bfff17ef<-e504cd85-a1db-4587-8509-c7399dc7cafe#0:FAIL-t2] and 0 exception(s); 196a83ac-f404-447a-85c9-b484bfff17ef:t2, leader=null, voted=196a83ac-f404-447a-85c9-b484bfff17ef, raftlog=196a83ac-f404-447a-85c9-b484bfff17ef-SegmentedRaftLog:OPENED:c-1,f-1,i0, conf=-1: [2add93e0-2462-45f9-8504-d95fbdd1cf50:192.168.36.91:37068, 196a83ac-f404-447a-85c9-b484bfff17ef:192.168.36.91:35328, e504cd85-a1db-4587-8509-c7399dc7cafe:192.168.36.91:36185], old=null
2019-09-01 05:53:03,691 [196a83ac-f404-447a-85c9-b484bfff17ef:group-389DF4E823E9:LeaderElection186] INFO  impl.RaftServerImpl (RaftServerImpl.java:setRole(171)) - 196a83ac-f404-447a-85c9-b484bfff17ef:group-389DF4E823E9 changes role from CANDIDATE to FOLLOWER at term 2 for DISCOVERED_A_NEW_TERM
2019-09-01 05:53:03,692 [196a83ac-f404-447a-85c9-b484bfff17ef:group-389DF4E823E9:LeaderElection186] INFO  impl.RoleInfo (RoleInfo.java:shutdownLeaderElection(134)) - 196a83ac-f404-447a-85c9-b484bfff17ef: shutdown LeaderElection
2019-09-01 05:53:03,692 [2add93e0-2462-45f9-8504-d95fbdd1cf50:group-389DF4E823E9:LeaderElection188] INFO  impl.LeaderElection (LeaderElection.java:logAndReturn(56)) - 2add93e0-2462-45f9-8504-d95fbdd1cf50:group-389DF4E823E9:LeaderElection188: Election REJECTED; received 2 response(s) [2add93e0-2462-45f9-8504-d95fbdd1cf50<-196a83ac-f404-447a-85c9-b484bfff17ef#0:FAIL-t2, 2add93e0-2462-45f9-8504-d95fbdd1cf50<-e504cd85-a1db-4587-8509-c7399dc7cafe#0:FAIL-t2] and 0 exception(s); 2add93e0-2462-45f9-8504-d95fbdd1cf50:t2, leader=null, voted=2add93e0-2462-45f9-8504-d95fbdd1cf50, raftlog=2add93e0-2462-45f9-8504-d95fbdd1cf50-SegmentedRaftLog:OPENED:c-1,f-1,i0, conf=-1: [2add93e0-2462-45f9-8504-d95fbdd1cf50:192.168.36.91:37068, 196a83ac-f404-447a-85c9-b484bfff17ef:192.168.36.91:35328, e504cd85-a1db-4587-8509-c7399dc7cafe:192.168.36.91:36185], old=null
2019-09-01 05:53:03,692 [196a83ac-f404-447a-85c9-b484bfff17ef:group-389DF4E823E9:LeaderElection186] INFO  impl.RoleInfo (RoleInfo.java:updateAndGet(143)) - 196a83ac-f404-447a-85c9-b484bfff17ef: start FollowerState
2019-09-01 05:53:03,692 [2add93e0-2462-45f9-8504-d95fbdd1cf50:group-389DF4E823E9:LeaderElection188] INFO  impl.RaftServerImpl (RaftServerImpl.java:setRole(171)) - 2add93e0-2462-45f9-8504-d95fbdd1cf50:group-389DF4E823E9 changes role from CANDIDATE to FOLLOWER at term 2 for DISCOVERED_A_NEW_TERM
2019-09-01 05:53:03,692 [2add93e0-2462-45f9-8504-d95fbdd1cf50:group-389DF4E823E9:LeaderElection188] INFO  impl.RoleInfo (RoleInfo.java:shutdownLeaderElection(134)) - 2add93e0-2462-45f9-8504-d95fbdd1cf50: shutdown LeaderElection
2019-09-01 05:53:03,693 [2add93e0-2462-45f9-8504-d95fbdd1cf50:group-389DF4E823E9:LeaderElection188] INFO  impl.RoleInfo (RoleInfo.java:updateAndGet(143)) - 2add93e0-2462-45f9-8504-d95fbdd1cf50: start FollowerState
2019-09-01 05:53:03,693 [e504cd85-a1db-4587-8509-c7399dc7cafe:group-389DF4E823E9:LeaderElection187] INFO  impl.LeaderElection (LeaderElection.java:logAndReturn(56)) - e504cd85-a1db-4587-8509-c7399dc7cafe:group-389DF4E823E9:LeaderElection187: Election REJECTED; received 2 response(s) [e504cd85-a1db-4587-8509-c7399dc7cafe<-2add93e0-2462-45f9-8504-d95fbdd1cf50#0:FAIL-t2, e504cd85-a1db-4587-8509-c7399dc7cafe<-196a83ac-f404-447a-85c9-b484bfff17ef#0:FAIL-t2] and 0 exception(s); e504cd85-a1db-4587-8509-c7399dc7cafe:t2, leader=null, voted=e504cd85-a1db-4587-8509-c7399dc7cafe, raftlog=e504cd85-a1db-4587-8509-c7399dc7cafe-SegmentedRaftLog:OPENED:c-1,f-1,i0, conf=-1: [2add93e0-2462-45f9-8504-d95fbdd1cf50:192.168.36.91:37068, 196a83ac-f404-447a-85c9-b484bfff17ef:192.168.36.91:35328, e504cd85-a1db-4587-8509-c7399dc7cafe:192.168.36.91:36185], old=null
2019-09-01 05:53:03,693 [e504cd85-a1db-4587-8509-c7399dc7cafe:group-389DF4E823E9:LeaderElection187] INFO  impl.RaftServerImpl (RaftServerImpl.java:setRole(171)) - e504cd85-a1db-4587-8509-c7399dc7cafe:group-389DF4E823E9 changes role from CANDIDATE to FOLLOWER at term 2 for DISCOVERED_A_NEW_TERM
2019-09-01 05:53:03,693 [e504cd85-a1db-4587-8509-c7399dc7cafe:group-389DF4E823E9:LeaderElection187] INFO  impl.RoleInfo (RoleInfo.java:shutdownLeaderElection(134)) - e504cd85-a1db-4587-8509-c7399dc7cafe: shutdown LeaderElection
2019-09-01 05:53:03,693 [e504cd85-a1db-4587-8509-c7399dc7cafe:group-389DF4E823E9:LeaderElection187] INFO  impl.RoleInfo (RoleInfo.java:updateAndGet(143)) - e504cd85-a1db-4587-8509-c7399dc7cafe: start FollowerState
2019-09-01 05:53:03,920 [Thread-3714] INFO  impl.FollowerState (FollowerState.java:run(106)) - ad88f3b0-98a4-4e16-8300-c870fa2dd819:group-62A27AB5243B changes to CANDIDATE, lastRpcTime:1074, electionTimeout:1074ms
2019-09-01 05:53:03,920 [Thread-3714] INFO  impl.RoleInfo (RoleInfo.java:shutdownFollowerState(121)) - ad88f3b0-98a4-4e16-8300-c870fa2dd819: shutdown FollowerState
2019-09-01 05:53:03,921 [Thread-3714] INFO  impl.RaftServerImpl (RaftServerImpl.java:setRole(171)) - ad88f3b0-98a4-4e16-8300-c870fa2dd819:group-62A27AB5243B changes role from FOLLOWER to CANDIDATE at term 1 for changeToCandidate
2019-09-01 05:53:03,921 [Thread-3714] INFO  impl.RoleInfo (RoleInfo.java:updateAndGet(143)) - ad88f3b0-98a4-4e16-8300-c870fa2dd819: start LeaderElection
2019-09-01 05:53:03,953 [Thread-3715] INFO  impl.FollowerState (FollowerState.java:run(106)) - 9adf8f3f-00f4-442f-a7e9-ac686daae57d:group-62A27AB5243B changes to CANDIDATE, lastRpcTime:1106, electionTimeout:1106ms
2019-09-01 05:53:03,953 [Thread-3715] INFO  impl.RoleInfo (RoleInfo.java:shutdownFollowerState(121)) - 9adf8f3f-00f4-442f-a7e9-ac686daae57d: shutdown FollowerState
2019-09-01 05:53:03,953 [Thread-3715] INFO  impl.RaftServerImpl (RaftServerImpl.java:setRole(171)) - 9adf8f3f-00f4-442f-a7e9-ac686daae57d:group-62A27AB5243B changes role from FOLLOWER to CANDIDATE at term 1 for changeToCandidate
2019-09-01 05:53:03,953 [Thread-3715] INFO  impl.RoleInfo (RoleInfo.java:updateAndGet(143)) - 9adf8f3f-00f4-442f-a7e9-ac686daae57d: start LeaderElection
2019-09-01 05:53:04,026 [Thread-3713] INFO  impl.FollowerState (FollowerState.java:run(106)) - ce2be70a-d267-4ebc-abe0-fdcdf40aaae1:group-62A27AB5243B changes to CANDIDATE, lastRpcTime:1180, electionTimeout:1180ms
2019-09-01 05:53:04,026 [Thread-3713] INFO  impl.RoleInfo (RoleInfo.java:shutdownFollowerState(121)) - ce2be70a-d267-4ebc-abe0-fdcdf40aaae1: shutdown FollowerState
2019-09-01 05:53:04,026 [Thread-3713] INFO  impl.RaftServerImpl (RaftServerImpl.java:setRole(171)) - ce2be70a-d267-4ebc-abe0-fdcdf40aaae1:group-62A27AB5243B changes role from FOLLOWER to CANDIDATE at term 1 for changeToCandidate
2019-09-01 05:53:04,026 [Thread-3713] INFO  impl.RoleInfo (RoleInfo.java:updateAndGet(143)) - ce2be70a-d267-4ebc-abe0-fdcdf40aaae1: start LeaderElection
2019-09-01 05:53:04,058 [ad88f3b0-98a4-4e16-8300-c870fa2dd819:group-62A27AB5243B:LeaderElection189] INFO  impl.LeaderElection (LeaderElection.java:askForVotes(181)) - ad88f3b0-98a4-4e16-8300-c870fa2dd819:group-62A27AB5243B:LeaderElection189: begin an election at term 2 for -1: [ce2be70a-d267-4ebc-abe0-fdcdf40aaae1:192.168.36.91:38648, 9adf8f3f-00f4-442f-a7e9-ac686daae57d:192.168.36.91:44931, ad88f3b0-98a4-4e16-8300-c870fa2dd819:192.168.36.91:34127], old=null
2019-09-01 05:53:04,068 [grpc-default-executor-1] INFO  client.GrpcClientProtocolClient (GrpcClientProtocolClient.java:onNext(255)) - client-A47DC5B775C0->ad88f3b0-98a4-4e16-8300-c870fa2dd819: receive RaftClientReply:client-A47DC5B775C0->ad88f3b0-98a4-4e16-8300-c870fa2dd819@group-62A27AB5243B, cid=121, FAILED org.apache.ratis.protocol.NotLeaderException: Server ad88f3b0-98a4-4e16-8300-c870fa2dd819 is not the leader (null). Request must be sent to leader., logIndex=0, commits[ad88f3b0-98a4-4e16-8300-c870fa2dd819:c-1]
2019-09-01 05:53:04,227 [ce2be70a-d267-4ebc-abe0-fdcdf40aaae1:group-62A27AB5243B:LeaderElection191] INFO  impl.LeaderElection (LeaderElection.java:askForVotes(181)) - ce2be70a-d267-4ebc-abe0-fdcdf40aaae1:group-62A27AB5243B:LeaderElection191: begin an election at term 2 for -1: [ce2be70a-d267-4ebc-abe0-fdcdf40aaae1:192.168.36.91:38648, 9adf8f3f-00f4-442f-a7e9-ac686daae57d:192.168.36.91:44931, ad88f3b0-98a4-4e16-8300-c870fa2dd819:192.168.36.91:34127], old=null
2019-09-01 05:53:04,227 [9adf8f3f-00f4-442f-a7e9-ac686daae57d:group-62A27AB5243B:LeaderElection190] INFO  impl.LeaderElection (LeaderElection.java:askForVotes(181)) - 9adf8f3f-00f4-442f-a7e9-ac686daae57d:group-62A27AB5243B:LeaderElection190: begin an election at term 2 for -1: [ce2be70a-d267-4ebc-abe0-fdcdf40aaae1:192.168.36.91:38648, 9adf8f3f-00f4-442f-a7e9-ac686daae57d:192.168.36.91:44931, ad88f3b0-98a4-4e16-8300-c870fa2dd819:192.168.36.91:34127], old=null
2019-09-01 05:53:04,229 [ad88f3b0-98a4-4e16-8300-c870fa2dd819:group-62A27AB5243B:LeaderElection189] INFO  impl.LeaderElection (LeaderElection.java:logAndReturn(56)) - ad88f3b0-98a4-4e16-8300-c870fa2dd819:group-62A27AB5243B:LeaderElection189: Election REJECTED; received 2 response(s) [ad88f3b0-98a4-4e16-8300-c870fa2dd819<-ce2be70a-d267-4ebc-abe0-fdcdf40aaae1#0:FAIL-t2, ad88f3b0-98a4-4e16-8300-c870fa2dd819<-9adf8f3f-00f4-442f-a7e9-ac686daae57d#0:FAIL-t2] and 0 exception(s); ad88f3b0-98a4-4e16-8300-c870fa2dd819:t2, leader=null, voted=ad88f3b0-98a4-4e16-8300-c870fa2dd819, raftlog=ad88f3b0-98a4-4e16-8300-c870fa2dd819-SegmentedRaftLog:OPENED:c-1,f-1,i0, conf=-1: [ce2be70a-d267-4ebc-abe0-fdcdf40aaae1:192.168.36.91:38648, 9adf8f3f-00f4-442f-a7e9-ac686daae57d:192.168.36.91:44931, ad88f3b0-98a4-4e16-8300-c870fa2dd819:192.168.36.91:34127], old=null
2019-09-01 05:53:04,229 [ad88f3b0-98a4-4e16-8300-c870fa2dd819:group-62A27AB5243B:LeaderElection189] INFO  impl.RaftServerImpl (RaftServerImpl.java:setRole(171)) - ad88f3b0-98a4-4e16-8300-c870fa2dd819:group-62A27AB5243B changes role from CANDIDATE to FOLLOWER at term 2 for DISCOVERED_A_NEW_TERM
2019-09-01 05:53:04,229 [ad88f3b0-98a4-4e16-8300-c870fa2dd819:group-62A27AB5243B:LeaderElection189] INFO  impl.RoleInfo (RoleInfo.java:shutdownLeaderElection(134)) - ad88f3b0-98a4-4e16-8300-c870fa2dd819: shutdown LeaderElection
2019-09-01 05:53:04,229 [ad88f3b0-98a4-4e16-8300-c870fa2dd819:group-62A27AB5243B:LeaderElection189] INFO  impl.RoleInfo (RoleInfo.java:updateAndGet(143)) - ad88f3b0-98a4-4e16-8300-c870fa2dd819: start FollowerState
2019-09-01 05:53:04,233 [ce2be70a-d267-4ebc-abe0-fdcdf40aaae1:group-62A27AB5243B:LeaderElection191] INFO  impl.LeaderElection (LeaderElection.java:logAndReturn(56)) - ce2be70a-d267-4ebc-abe0-fdcdf40aaae1:group-62A27AB5243B:LeaderElection191: Election REJECTED; received 2 response(s) [ce2be70a-d267-4ebc-abe0-fdcdf40aaae1<-9adf8f3f-00f4-442f-a7e9-ac686daae57d#0:FAIL-t2, ce2be70a-d267-4ebc-abe0-fdcdf40aaae1<-ad88f3b0-98a4-4e16-8300-c870fa2dd819#0:FAIL-t2] and 0 exception(s); ce2be70a-d267-4ebc-abe0-fdcdf40aaae1:t2, leader=null, voted=ce2be70a-d267-4ebc-abe0-fdcdf40aaae1, raftlog=ce2be70a-d267-4ebc-abe0-fdcdf40aaae1-SegmentedRaftLog:OPENED:c-1,f-1,i0, conf=-1: [ce2be70a-d267-4ebc-abe0-fdcdf40aaae1:192.168.36.91:38648, 9adf8f3f-00f4-442f-a7e9-ac686daae57d:192.168.36.91:44931, ad88f3b0-98a4-4e16-8300-c870fa2dd819:192.168.36.91:34127], old=null
2019-09-01 05:53:04,233 [ce2be70a-d267-4ebc-abe0-fdcdf40aaae1:group-62A27AB5243B:LeaderElection191] INFO  impl.RaftServerImpl (RaftServerImpl.java:setRole(171)) - ce2be70a-d267-4ebc-abe0-fdcdf40aaae1:group-62A27AB5243B changes role from CANDIDATE to FOLLOWER at term 2 for DISCOVERED_A_NEW_TERM
2019-09-01 05:53:04,233 [ce2be70a-d267-4ebc-abe0-fdcdf40aaae1:group-62A27AB5243B:LeaderElection191] INFO  impl.RoleInfo (RoleInfo.java:shutdownLeaderElection(134)) - ce2be70a-d267-4ebc-abe0-fdcdf40aaae1: shutdown LeaderElection
2019-09-01 05:53:04,233 [9adf8f3f-00f4-442f-a7e9-ac686daae57d:group-62A27AB5243B:LeaderElection190] INFO  impl.LeaderElection (LeaderElection.java:logAndReturn(56)) - 9adf8f3f-00f4-442f-a7e9-ac686daae57d:group-62A27AB5243B:LeaderElection190: Election REJECTED; received 2 response(s) [9adf8f3f-00f4-442f-a7e9-ac686daae57d<-ce2be70a-d267-4ebc-abe0-fdcdf40aaae1#0:FAIL-t2, 9adf8f3f-00f4-442f-a7e9-ac686daae57d<-ad88f3b0-98a4-4e16-8300-c870fa2dd819#0:FAIL-t2] and 0 exception(s); 9adf8f3f-00f4-442f-a7e9-ac686daae57d:t2, leader=null, voted=9adf8f3f-00f4-442f-a7e9-ac686daae57d, raftlog=9adf8f3f-00f4-442f-a7e9-ac686daae57d-SegmentedRaftLog:OPENED:c-1,f-1,i0, conf=-1: [ce2be70a-d267-4ebc-abe0-fdcdf40aaae1:192.168.36.91:38648, 9adf8f3f-00f4-442f-a7e9-ac686daae57d:192.168.36.91:44931, ad88f3b0-98a4-4e16-8300-c870fa2dd819:192.168.36.91:34127], old=null
2019-09-01 05:53:04,233 [ce2be70a-d267-4ebc-abe0-fdcdf40aaae1:group-62A27AB5243B:LeaderElection191] INFO  impl.RoleInfo (RoleInfo.java:updateAndGet(143)) - ce2be70a-d267-4ebc-abe0-fdcdf40aaae1: start FollowerState
2019-09-01 05:53:04,233 [9adf8f3f-00f4-442f-a7e9-ac686daae57d:group-62A27AB5243B:LeaderElection190] INFO  impl.RaftServerImpl (RaftServerImpl.java:setRole(171)) - 9adf8f3f-00f4-442f-a7e9-ac686daae57d:group-62A27AB5243B changes role from CANDIDATE to FOLLOWER at term 2 for DISCOVERED_A_NEW_TERM
2019-09-01 05:53:04,234 [9adf8f3f-00f4-442f-a7e9-ac686daae57d:group-62A27AB5243B:LeaderElection190] INFO  impl.RoleInfo (RoleInfo.java:shutdownLeaderElection(134)) - 9adf8f3f-00f4-442f-a7e9-ac686daae57d: shutdown LeaderElection
2019-09-01 05:53:04,234 [9adf8f3f-00f4-442f-a7e9-ac686daae57d:group-62A27AB5243B:LeaderElection190] INFO  impl.RoleInfo (RoleInfo.java:updateAndGet(143)) - 9adf8f3f-00f4-442f-a7e9-ac686daae57d: start FollowerState
2019-09-01 05:53:04,711 [Thread-3733] INFO  impl.FollowerState (FollowerState.java:run(106)) - e504cd85-a1db-4587-8509-c7399dc7cafe:group-389DF4E823E9 changes to CANDIDATE, lastRpcTime:1017, electionTimeout:1017ms
2019-09-01 05:53:04,711 [Thread-3733] INFO  impl.RoleInfo (RoleInfo.java:shutdownFollowerState(121)) - e504cd85-a1db-4587-8509-c7399dc7cafe: shutdown FollowerState
2019-09-01 05:53:04,711 [Thread-3733] INFO  impl.RaftServerImpl (RaftServerImpl.java:setRole(171)) - e504cd85-a1db-4587-8509-c7399dc7cafe:group-389DF4E823E9 changes role from FOLLOWER to CANDIDATE at term 2 for changeToCandidate
2019-09-01 05:53:04,712 [Thread-3733] INFO  impl.RoleInfo (RoleInfo.java:updateAndGet(143)) - e504cd85-a1db-4587-8509-c7399dc7cafe: start LeaderElection
2019-09-01 05:53:04,862 [Thread-3732] INFO  impl.FollowerState (FollowerState.java:run(106)) - 2add93e0-2462-45f9-8504-d95fbdd1cf50:group-389DF4E823E9 changes to CANDIDATE, lastRpcTime:1168, electionTimeout:1168ms
2019-09-01 05:53:04,862 [Thread-3732] INFO  impl.RoleInfo (RoleInfo.java:shutdownFollowerState(121)) - 2add93e0-2462-45f9-8504-d95fbdd1cf50: shutdown FollowerState
2019-09-01 05:53:04,862 [Thread-3732] INFO  impl.RaftServerImpl (RaftServerImpl.java:setRole(171)) - 2add93e0-2462-45f9-8504-d95fbdd1cf50:group-389DF4E823E9 changes role from FOLLOWER to CANDIDATE at term 2 for changeToCandidate
2019-09-01 05:53:04,862 [Thread-3732] INFO  impl.RoleInfo (RoleInfo.java:updateAndGet(143)) - 2add93e0-2462-45f9-8504-d95fbdd1cf50: start LeaderElection
2019-09-01 05:53:04,886 [Thread-3731] INFO  impl.FollowerState (FollowerState.java:run(106)) - 196a83ac-f404-447a-85c9-b484bfff17ef:group-389DF4E823E9 changes to CANDIDATE, lastRpcTime:1193, electionTimeout:1193ms
2019-09-01 05:53:04,886 [Thread-3731] INFO  impl.RoleInfo (RoleInfo.java:shutdownFollowerState(121)) - 196a83ac-f404-447a-85c9-b484bfff17ef: shutdown FollowerState
2019-09-01 05:53:04,886 [Thread-3731] INFO  impl.RaftServerImpl (RaftServerImpl.java:setRole(171)) - 196a83ac-f404-447a-85c9-b484bfff17ef:group-389DF4E823E9 changes role from FOLLOWER to CANDIDATE at term 2 for changeToCandidate
2019-09-01 05:53:04,886 [Thread-3731] INFO  impl.RoleInfo (RoleInfo.java:updateAndGet(143)) - 196a83ac-f404-447a-85c9-b484bfff17ef: start LeaderElection
2019-09-01 05:53:05,016 [2add93e0-2462-45f9-8504-d95fbdd1cf50:group-389DF4E823E9:LeaderElection193] INFO  impl.LeaderElection (LeaderElection.java:askForVotes(181)) - 2add93e0-2462-45f9-8504-d95fbdd1cf50:group-389DF4E823E9:LeaderElection193: begin an election at term 3 for -1: [2add93e0-2462-45f9-8504-d95fbdd1cf50:192.168.36.91:37068, 196a83ac-f404-447a-85c9-b484bfff17ef:192.168.36.91:35328, e504cd85-a1db-4587-8509-c7399dc7cafe:192.168.36.91:36185], old=null
2019-09-01 05:53:05,016 [e504cd85-a1db-4587-8509-c7399dc7cafe:group-389DF4E823E9:LeaderElection192] INFO  impl.LeaderElection (LeaderElection.java:askForVotes(181)) - e504cd85-a1db-4587-8509-c7399dc7cafe:group-389DF4E823E9:LeaderElection192: begin an election at term 3 for -1: [2add93e0-2462-45f9-8504-d95fbdd1cf50:192.168.36.91:37068, 196a83ac-f404-447a-85c9-b484bfff17ef:192.168.36.91:35328, e504cd85-a1db-4587-8509-c7399dc7cafe:192.168.36.91:36185], old=null
2019-09-01 05:53:05,024 [196a83ac-f404-447a-85c9-b484bfff17ef:group-389DF4E823E9:LeaderElection194] INFO  impl.LeaderElection (LeaderElection.java:askForVotes(181)) - 196a83ac-f404-447a-85c9-b484bfff17ef:group-389DF4E823E9:LeaderElection194: begin an election at term 3 for -1: [2add93e0-2462-45f9-8504-d95fbdd1cf50:192.168.36.91:37068, 196a83ac-f404-447a-85c9-b484bfff17ef:192.168.36.91:35328, e504cd85-a1db-4587-8509-c7399dc7cafe:192.168.36.91:36185], old=null
2019-09-01 05:53:05,025 [e504cd85-a1db-4587-8509-c7399dc7cafe:group-389DF4E823E9:LeaderElection192] INFO  impl.LeaderElection (LeaderElection.java:logAndReturn(56)) - e504cd85-a1db-4587-8509-c7399dc7cafe:group-389DF4E823E9:LeaderElection192: Election REJECTED; received 2 response(s) [e504cd85-a1db-4587-8509-c7399dc7cafe<-2add93e0-2462-45f9-8504-d95fbdd1cf50#0:FAIL-t3, e504cd85-a1db-4587-8509-c7399dc7cafe<-196a83ac-f404-447a-85c9-b484bfff17ef#0:FAIL-t3] and 0 exception(s); e504cd85-a1db-4587-8509-c7399dc7cafe:t3, leader=null, voted=e504cd85-a1db-4587-8509-c7399dc7cafe, raftlog=e504cd85-a1db-4587-8509-c7399dc7cafe-SegmentedRaftLog:OPENED:c-1,f-1,i0, conf=-1: [2add93e0-2462-45f9-8504-d95fbdd1cf50:192.168.36.91:37068, 196a83ac-f404-447a-85c9-b484bfff17ef:192.168.36.91:35328, e504cd85-a1db-4587-8509-c7399dc7cafe:192.168.36.91:36185], old=null
2019-09-01 05:53:05,025 [2add93e0-2462-45f9-8504-d95fbdd1cf50:group-389DF4E823E9:LeaderElection193] INFO  impl.LeaderElection (LeaderElection.java:logAndReturn(56)) - 2add93e0-2462-45f9-8504-d95fbdd1cf50:group-389DF4E823E9:LeaderElection193: Election REJECTED; received 2 response(s) [2add93e0-2462-45f9-8504-d95fbdd1cf50<-196a83ac-f404-447a-85c9-b484bfff17ef#0:FAIL-t3, 2add93e0-2462-45f9-8504-d95fbdd1cf50<-e504cd85-a1db-4587-8509-c7399dc7cafe#0:FAIL-t3] and 0 exception(s); 2add93e0-2462-45f9-8504-d95fbdd1cf50:t3, leader=null, voted=2add93e0-2462-45f9-8504-d95fbdd1cf50, raftlog=2add93e0-2462-45f9-8504-d95fbdd1cf50-SegmentedRaftLog:OPENED:c-1,f-1,i0, conf=-1: [2add93e0-2462-45f9-8504-d95fbdd1cf50:192.168.36.91:37068, 196a83ac-f404-447a-85c9-b484bfff17ef:192.168.36.91:35328, e504cd85-a1db-4587-8509-c7399dc7cafe:192.168.36.91:36185], old=null
2019-09-01 05:53:05,025 [e504cd85-a1db-4587-8509-c7399dc7cafe:group-389DF4E823E9:LeaderElection192] INFO  impl.RaftServerImpl (RaftServerImpl.java:setRole(171)) - e504cd85-a1db-4587-8509-c7399dc7cafe:group-389DF4E823E9 changes role from CANDIDATE to FOLLOWER at term 3 for DISCOVERED_A_NEW_TERM
2019-09-01 05:53:05,026 [2add93e0-2462-45f9-8504-d95fbdd1cf50:group-389DF4E823E9:LeaderElection193] INFO  impl.RaftServerImpl (RaftServerImpl.java:setRole(171)) - 2add93e0-2462-45f9-8504-d95fbdd1cf50:group-389DF4E823E9 changes role from CANDIDATE to FOLLOWER at term 3 for DISCOVERED_A_NEW_TERM
2019-09-01 05:53:05,026 [e504cd85-a1db-4587-8509-c7399dc7cafe:group-389DF4E823E9:LeaderElection192] INFO  impl.RoleInfo (RoleInfo.java:shutdownLeaderElection(134)) - e504cd85-a1db-4587-8509-c7399dc7cafe: shutdown LeaderElection
2019-09-01 05:53:05,026 [2add93e0-2462-45f9-8504-d95fbdd1cf50:group-389DF4E823E9:LeaderElection193] INFO  impl.RoleInfo (RoleInfo.java:shutdownLeaderElection(134)) - 2add93e0-2462-45f9-8504-d95fbdd1cf50: shutdown LeaderElection
2019-09-01 05:53:05,026 [e504cd85-a1db-4587-8509-c7399dc7cafe:group-389DF4E823E9:LeaderElection192] INFO  impl.RoleInfo (RoleInfo.java:updateAndGet(143)) - e504cd85-a1db-4587-8509-c7399dc7cafe: start FollowerState
2019-09-01 05:53:05,026 [2add93e0-2462-45f9-8504-d95fbdd1cf50:group-389DF4E823E9:LeaderElection193] INFO  impl.RoleInfo (RoleInfo.java:updateAndGet(143)) - 2add93e0-2462-45f9-8504-d95fbdd1cf50: start FollowerState
2019-09-01 05:53:05,027 [196a83ac-f404-447a-85c9-b484bfff17ef:group-389DF4E823E9:LeaderElection194] INFO  impl.LeaderElection (LeaderElection.java:logAndReturn(56)) - 196a83ac-f404-447a-85c9-b484bfff17ef:group-389DF4E823E9:LeaderElection194: Election REJECTED; received 2 response(s) [196a83ac-f404-447a-85c9-b484bfff17ef<-2add93e0-2462-45f9-8504-d95fbdd1cf50#0:FAIL-t3, 196a83ac-f404-447a-85c9-b484bfff17ef<-e504cd85-a1db-4587-8509-c7399dc7cafe#0:FAIL-t3] and 0 exception(s); 196a83ac-f404-447a-85c9-b484bfff17ef:t3, leader=null, voted=196a83ac-f404-447a-85c9-b484bfff17ef, raftlog=196a83ac-f404-447a-85c9-b484bfff17ef-SegmentedRaftLog:OPENED:c-1,f-1,i0, conf=-1: [2add93e0-2462-45f9-8504-d95fbdd1cf50:192.168.36.91:37068, 196a83ac-f404-447a-85c9-b484bfff17ef:192.168.36.91:35328, e504cd85-a1db-4587-8509-c7399dc7cafe:192.168.36.91:36185], old=null
2019-09-01 05:53:05,027 [196a83ac-f404-447a-85c9-b484bfff17ef:group-389DF4E823E9:LeaderElection194] INFO  impl.RaftServerImpl (RaftServerImpl.java:setRole(171)) - 196a83ac-f404-447a-85c9-b484bfff17ef:group-389DF4E823E9 changes role from CANDIDATE to FOLLOWER at term 3 for DISCOVERED_A_NEW_TERM
2019-09-01 05:53:05,028 [196a83ac-f404-447a-85c9-b484bfff17ef:group-389DF4E823E9:LeaderElection194] INFO  impl.RoleInfo (RoleInfo.java:shutdownLeaderElection(134)) - 196a83ac-f404-447a-85c9-b484bfff17ef: shutdown LeaderElection
2019-09-01 05:53:05,028 [196a83ac-f404-447a-85c9-b484bfff17ef:group-389DF4E823E9:LeaderElection194] INFO  impl.RoleInfo (RoleInfo.java:updateAndGet(143)) - 196a83ac-f404-447a-85c9-b484bfff17ef: start FollowerState
2019-09-01 05:53:05,087 [grpc-default-executor-1] INFO  client.GrpcClientProtocolClient (GrpcClientProtocolClient.java:onNext(255)) - client-A47DC5B775C0->ce2be70a-d267-4ebc-abe0-fdcdf40aaae1: receive RaftClientReply:client-A47DC5B775C0->ce2be70a-d267-4ebc-abe0-fdcdf40aaae1@group-62A27AB5243B, cid=121, FAILED org.apache.ratis.protocol.NotLeaderException: Server ce2be70a-d267-4ebc-abe0-fdcdf40aaae1 is not the leader (null). Request must be sent to leader., logIndex=0, commits[ce2be70a-d267-4ebc-abe0-fdcdf40aaae1:c-1]
2019-09-01 05:53:05,271 [Thread-3748] INFO  impl.FollowerState (FollowerState.java:run(106)) - ad88f3b0-98a4-4e16-8300-c870fa2dd819:group-62A27AB5243B changes to CANDIDATE, lastRpcTime:1041, electionTimeout:1041ms
2019-09-01 05:53:05,271 [Thread-3748] INFO  impl.RoleInfo (RoleInfo.java:shutdownFollowerState(121)) - ad88f3b0-98a4-4e16-8300-c870fa2dd819: shutdown FollowerState
2019-09-01 05:53:05,271 [Thread-3748] INFO  impl.RaftServerImpl (RaftServerImpl.java:setRole(171)) - ad88f3b0-98a4-4e16-8300-c870fa2dd819:group-62A27AB5243B changes role from FOLLOWER to CANDIDATE at term 2 for changeToCandidate
2019-09-01 05:53:05,272 [Thread-3748] INFO  impl.RoleInfo (RoleInfo.java:updateAndGet(143)) - ad88f3b0-98a4-4e16-8300-c870fa2dd819: start LeaderElection
2019-09-01 05:53:05,347 [Thread-3749] INFO  impl.FollowerState (FollowerState.java:run(106)) - ce2be70a-d267-4ebc-abe0-fdcdf40aaae1:group-62A27AB5243B changes to CANDIDATE, lastRpcTime:1113, electionTimeout:1113ms
2019-09-01 05:53:05,347 [Thread-3749] INFO  impl.RoleInfo (RoleInfo.java:shutdownFollowerState(121)) - ce2be70a-d267-4ebc-abe0-fdcdf40aaae1: shutdown FollowerState
2019-09-01 05:53:05,347 [Thread-3749] INFO  impl.RaftServerImpl (RaftServerImpl.java:setRole(171)) - ce2be70a-d267-4ebc-abe0-fdcdf40aaae1:group-62A27AB5243B changes role from FOLLOWER to CANDIDATE at term 2 for changeToCandidate
2019-09-01 05:53:05,347 [Thread-3749] INFO  impl.RoleInfo (RoleInfo.java:updateAndGet(143)) - ce2be70a-d267-4ebc-abe0-fdcdf40aaae1: start LeaderElection
2019-09-01 05:53:05,397 [Thread-3750] INFO  impl.FollowerState (FollowerState.java:run(106)) - 9adf8f3f-00f4-442f-a7e9-ac686daae57d:group-62A27AB5243B changes to CANDIDATE, lastRpcTime:1163, electionTimeout:1163ms
2019-09-01 05:53:05,398 [Thread-3750] INFO  impl.RoleInfo (RoleInfo.java:shutdownFollowerState(121)) - 9adf8f3f-00f4-442f-a7e9-ac686daae57d: shutdown FollowerState
2019-09-01 05:53:05,398 [Thread-3750] INFO  impl.RaftServerImpl (RaftServerImpl.java:setRole(171)) - 9adf8f3f-00f4-442f-a7e9-ac686daae57d:group-62A27AB5243B changes role from FOLLOWER to CANDIDATE at term 2 for changeToCandidate
2019-09-01 05:53:05,398 [Thread-3750] INFO  impl.RoleInfo (RoleInfo.java:updateAndGet(143)) - 9adf8f3f-00f4-442f-a7e9-ac686daae57d: start LeaderElection
2019-09-01 05:53:06,078 [Thread-3765] INFO  impl.FollowerState (FollowerState.java:run(106)) - e504cd85-a1db-4587-8509-c7399dc7cafe:group-389DF4E823E9 changes to CANDIDATE, lastRpcTime:1051, electionTimeout:1051ms
2019-09-01 05:53:06,078 [Thread-3765] INFO  impl.RoleInfo (RoleInfo.java:shutdownFollowerState(121)) - e504cd85-a1db-4587-8509-c7399dc7cafe: shutdown FollowerState
2019-09-01 05:53:06,078 [Thread-3765] INFO  impl.RaftServerImpl (RaftServerImpl.java:setRole(171)) - e504cd85-a1db-4587-8509-c7399dc7cafe:group-389DF4E823E9 changes role from FOLLOWER to CANDIDATE at term 3 for changeToCandidate
2019-09-01 05:53:06,079 [Thread-3765] INFO  impl.RoleInfo (RoleInfo.java:updateAndGet(143)) - e504cd85-a1db-4587-8509-c7399dc7cafe: start LeaderElection
2019-09-01 05:53:06,105 [grpc-default-executor-6] INFO  client.GrpcClientProtocolClient (GrpcClientProtocolClient.java:onNext(255)) - client-A47DC5B775C0->9adf8f3f-00f4-442f-a7e9-ac686daae57d: receive RaftClientReply:client-A47DC5B775C0->9adf8f3f-00f4-442f-a7e9-ac686daae57d@group-62A27AB5243B, cid=121, FAILED org.apache.ratis.protocol.NotLeaderException: Server 9adf8f3f-00f4-442f-a7e9-ac686daae57d is not the leader (null). Request must be sent to leader., logIndex=0, commits[9adf8f3f-00f4-442f-a7e9-ac686daae57d:c-1]
2019-09-01 05:53:06,127 [ce2be70a-d267-4ebc-abe0-fdcdf40aaae1:group-62A27AB5243B:LeaderElection196] INFO  impl.LeaderElection (LeaderElection.java:askForVotes(181)) - ce2be70a-d267-4ebc-abe0-fdcdf40aaae1:group-62A27AB5243B:LeaderElection196: begin an election at term 3 for -1: [ce2be70a-d267-4ebc-abe0-fdcdf40aaae1:192.168.36.91:38648, 9adf8f3f-00f4-442f-a7e9-ac686daae57d:192.168.36.91:44931, ad88f3b0-98a4-4e16-8300-c870fa2dd819:192.168.36.91:34127], old=null
2019-09-01 05:53:06,127 [ad88f3b0-98a4-4e16-8300-c870fa2dd819:group-62A27AB5243B:LeaderElection195] INFO  impl.LeaderElection (LeaderElection.java:askForVotes(181)) - ad88f3b0-98a4-4e16-8300-c870fa2dd819:group-62A27AB5243B:LeaderElection195: begin an election at term 3 for -1: [ce2be70a-d267-4ebc-abe0-fdcdf40aaae1:192.168.36.91:38648, 9adf8f3f-00f4-442f-a7e9-ac686daae57d:192.168.36.91:44931, ad88f3b0-98a4-4e16-8300-c870fa2dd819:192.168.36.91:34127], old=null
2019-09-01 05:53:06,127 [9adf8f3f-00f4-442f-a7e9-ac686daae57d:group-62A27AB5243B:LeaderElection197] INFO  impl.LeaderElection (LeaderElection.java:askForVotes(181)) - 9adf8f3f-00f4-442f-a7e9-ac686daae57d:group-62A27AB5243B:LeaderElection197: begin an election at term 3 for -1: [ce2be70a-d267-4ebc-abe0-fdcdf40aaae1:192.168.36.91:38648, 9adf8f3f-00f4-442f-a7e9-ac686daae57d:192.168.36.91:44931, ad88f3b0-98a4-4e16-8300-c870fa2dd819:192.168.36.91:34127], old=null
2019-09-01 05:53:06,130 [9adf8f3f-00f4-442f-a7e9-ac686daae57d:group-62A27AB5243B:LeaderElection197] INFO  impl.LeaderElection (LeaderElection.java:logAndReturn(56)) - 9adf8f3f-00f4-442f-a7e9-ac686daae57d:group-62A27AB5243B:LeaderElection197: Election REJECTED; received 2 response(s) [9adf8f3f-00f4-442f-a7e9-ac686daae57d<-ce2be70a-d267-4ebc-abe0-fdcdf40aaae1#0:FAIL-t3, 9adf8f3f-00f4-442f-a7e9-ac686daae57d<-ad88f3b0-98a4-4e16-8300-c870fa2dd819#0:FAIL-t3] and 0 exception(s); 9adf8f3f-00f4-442f-a7e9-ac686daae57d:t3, leader=null, voted=9adf8f3f-00f4-442f-a7e9-ac686daae57d, raftlog=9adf8f3f-00f4-442f-a7e9-ac686daae57d-SegmentedRaftLog:OPENED:c-1,f-1,i0, conf=-1: [ce2be70a-d267-4ebc-abe0-fdcdf40aaae1:192.168.36.91:38648, 9adf8f3f-00f4-442f-a7e9-ac686daae57d:192.168.36.91:44931, ad88f3b0-98a4-4e16-8300-c870fa2dd819:192.168.36.91:34127], old=null
2019-09-01 05:53:06,130 [ad88f3b0-98a4-4e16-8300-c870fa2dd819:group-62A27AB5243B:LeaderElection195] INFO  impl.LeaderElection (LeaderElection.java:logAndReturn(56)) - ad88f3b0-98a4-4e16-8300-c870fa2dd819:group-62A27AB5243B:LeaderElection195: Election REJECTED; received 2 response(s) [ad88f3b0-98a4-4e16-8300-c870fa2dd819<-ce2be70a-d267-4ebc-abe0-fdcdf40aaae1#0:FAIL-t3, ad88f3b0-98a4-4e16-8300-c870fa2dd819<-9adf8f3f-00f4-442f-a7e9-ac686daae57d#0:FAIL-t3] and 0 exception(s); ad88f3b0-98a4-4e16-8300-c870fa2dd819:t3, leader=null, voted=ad88f3b0-98a4-4e16-8300-c870fa2dd819, raftlog=ad88f3b0-98a4-4e16-8300-c870fa2dd819-SegmentedRaftLog:OPENED:c-1,f-1,i0, conf=-1: [ce2be70a-d267-4ebc-abe0-fdcdf40aaae1:192.168.36.91:38648, 9adf8f3f-00f4-442f-a7e9-ac686daae57d:192.168.36.91:44931, ad88f3b0-98a4-4e16-8300-c870fa2dd819:192.168.36.91:34127], old=null
2019-09-01 05:53:06,130 [9adf8f3f-00f4-442f-a7e9-ac686daae57d:group-62A27AB5243B:LeaderElection197] INFO  impl.RaftServerImpl (RaftServerImpl.java:setRole(171)) - 9adf8f3f-00f4-442f-a7e9-ac686daae57d:group-62A27AB5243B changes role from CANDIDATE to FOLLOWER at term 3 for DISCOVERED_A_NEW_TERM
2019-09-01 05:53:06,131 [ad88f3b0-98a4-4e16-8300-c870fa2dd819:group-62A27AB5243B:LeaderElection195] INFO  impl.RaftServerImpl (RaftServerImpl.java:setRole(171)) - ad88f3b0-98a4-4e16-8300-c870fa2dd819:group-62A27AB5243B changes role from CANDIDATE to FOLLOWER at term 3 for DISCOVERED_A_NEW_TERM
2019-09-01 05:53:06,131 [ad88f3b0-98a4-4e16-8300-c870fa2dd819:group-62A27AB5243B:LeaderElection195] INFO  impl.RoleInfo (RoleInfo.java:shutdownLeaderElection(134)) - ad88f3b0-98a4-4e16-8300-c870fa2dd819: shutdown LeaderElection
2019-09-01 05:53:06,131 [ce2be70a-d267-4ebc-abe0-fdcdf40aaae1:group-62A27AB5243B:LeaderElection196] INFO  impl.LeaderElection (LeaderElection.java:logAndReturn(56)) - ce2be70a-d267-4ebc-abe0-fdcdf40aaae1:group-62A27AB5243B:LeaderElection196: Election REJECTED; received 2 response(s) [ce2be70a-d267-4ebc-abe0-fdcdf40aaae1<-9adf8f3f-00f4-442f-a7e9-ac686daae57d#0:FAIL-t3, ce2be70a-d267-4ebc-abe0-fdcdf40aaae1<-ad88f3b0-98a4-4e16-8300-c870fa2dd819#0:FAIL-t3] and 0 exception(s); ce2be70a-d267-4ebc-abe0-fdcdf40aaae1:t3, leader=null, voted=ce2be70a-d267-4ebc-abe0-fdcdf40aaae1, raftlog=ce2be70a-d267-4ebc-abe0-fdcdf40aaae1-SegmentedRaftLog:OPENED:c-1,f-1,i0, conf=-1: [ce2be70a-d267-4ebc-abe0-fdcdf40aaae1:192.168.36.91:38648, 9adf8f3f-00f4-442f-a7e9-ac686daae57d:192.168.36.91:44931, ad88f3b0-98a4-4e16-8300-c870fa2dd819:192.168.36.91:34127], old=null
2019-09-01 05:53:06,131 [9adf8f3f-00f4-442f-a7e9-ac686daae57d:group-62A27AB5243B:LeaderElection197] INFO  impl.RoleInfo (RoleInfo.java:shutdownLeaderElection(134)) - 9adf8f3f-00f4-442f-a7e9-ac686daae57d: shutdown LeaderElection
2019-09-01 05:53:06,131 [ce2be70a-d267-4ebc-abe0-fdcdf40aaae1:group-62A27AB5243B:LeaderElection196] INFO  impl.RaftServerImpl (RaftServerImpl.java:setRole(171)) - ce2be70a-d267-4ebc-abe0-fdcdf40aaae1:group-62A27AB5243B changes role from CANDIDATE to FOLLOWER at term 3 for DISCOVERED_A_NEW_TERM
2019-09-01 05:53:06,131 [ce2be70a-d267-4ebc-abe0-fdcdf40aaae1:group-62A27AB5243B:LeaderElection196] INFO  impl.RoleInfo (RoleInfo.java:shutdownLeaderElection(134)) - ce2be70a-d267-4ebc-abe0-fdcdf40aaae1: shutdown LeaderElection
2019-09-01 05:53:06,131 [ad88f3b0-98a4-4e16-8300-c870fa2dd819:group-62A27AB5243B:LeaderElection195] INFO  impl.RoleInfo (RoleInfo.java:updateAndGet(143)) - ad88f3b0-98a4-4e16-8300-c870fa2dd819: start FollowerState
2019-09-01 05:53:06,131 [ce2be70a-d267-4ebc-abe0-fdcdf40aaae1:group-62A27AB5243B:LeaderElection196] INFO  impl.RoleInfo (RoleInfo.java:updateAndGet(143)) - ce2be70a-d267-4ebc-abe0-fdcdf40aaae1: start FollowerState
2019-09-01 05:53:06,131 [9adf8f3f-00f4-442f-a7e9-ac686daae57d:group-62A27AB5243B:LeaderElection197] INFO  impl.RoleInfo (RoleInfo.java:updateAndGet(143)) - 9adf8f3f-00f4-442f-a7e9-ac686daae57d: start FollowerState
2019-09-01 05:53:06,142 [Thread-3766] INFO  impl.FollowerState (FollowerState.java:run(106)) - 2add93e0-2462-45f9-8504-d95fbdd1cf50:group-389DF4E823E9 changes to CANDIDATE, lastRpcTime:1115, electionTimeout:1115ms
2019-09-01 05:53:06,142 [Thread-3766] INFO  impl.RoleInfo (RoleInfo.java:shutdownFollowerState(121)) - 2add93e0-2462-45f9-8504-d95fbdd1cf50: shutdown FollowerState
2019-09-01 05:53:06,142 [Thread-3766] INFO  impl.RaftServerImpl (RaftServerImpl.java:setRole(171)) - 2add93e0-2462-45f9-8504-d95fbdd1cf50:group-389DF4E823E9 changes role from FOLLOWER to CANDIDATE at term 3 for changeToCandidate
2019-09-01 05:53:06,142 [Thread-3766] INFO  impl.RoleInfo (RoleInfo.java:updateAndGet(143)) - 2add93e0-2462-45f9-8504-d95fbdd1cf50: start LeaderElection
2019-09-01 05:53:06,201 [Thread-3767] INFO  impl.FollowerState (FollowerState.java:run(106)) - 196a83ac-f404-447a-85c9-b484bfff17ef:group-389DF4E823E9 changes to CANDIDATE, lastRpcTime:1173, electionTimeout:1173ms
2019-09-01 05:53:06,202 [Thread-3767] INFO  impl.RoleInfo (RoleInfo.java:shutdownFollowerState(121)) - 196a83ac-f404-447a-85c9-b484bfff17ef: shutdown FollowerState
2019-09-01 05:53:06,202 [Thread-3767] INFO  impl.RaftServerImpl (RaftServerImpl.java:setRole(171)) - 196a83ac-f404-447a-85c9-b484bfff17ef:group-389DF4E823E9 changes role from FOLLOWER to CANDIDATE at term 3 for changeToCandidate
2019-09-01 05:53:06,202 [Thread-3767] INFO  impl.RoleInfo (RoleInfo.java:updateAndGet(143)) - 196a83ac-f404-447a-85c9-b484bfff17ef: start LeaderElection
2019-09-01 05:53:06,792 [e504cd85-a1db-4587-8509-c7399dc7cafe:group-389DF4E823E9:LeaderElection198] INFO  impl.LeaderElection (LeaderElection.java:askForVotes(181)) - e504cd85-a1db-4587-8509-c7399dc7cafe:group-389DF4E823E9:LeaderElection198: begin an election at term 4 for -1: [2add93e0-2462-45f9-8504-d95fbdd1cf50:192.168.36.91:37068, 196a83ac-f404-447a-85c9-b484bfff17ef:192.168.36.91:35328, e504cd85-a1db-4587-8509-c7399dc7cafe:192.168.36.91:36185], old=null
2019-09-01 05:53:06,792 [196a83ac-f404-447a-85c9-b484bfff17ef:group-389DF4E823E9:LeaderElection200] INFO  impl.LeaderElection (LeaderElection.java:askForVotes(181)) - 196a83ac-f404-447a-85c9-b484bfff17ef:group-389DF4E823E9:LeaderElection200: begin an election at term 4 for -1: [2add93e0-2462-45f9-8504-d95fbdd1cf50:192.168.36.91:37068, 196a83ac-f404-447a-85c9-b484bfff17ef:192.168.36.91:35328, e504cd85-a1db-4587-8509-c7399dc7cafe:192.168.36.91:36185], old=null
2019-09-01 05:53:06,792 [2add93e0-2462-45f9-8504-d95fbdd1cf50:group-389DF4E823E9:LeaderElection199] INFO  impl.LeaderElection (LeaderElection.java:askForVotes(181)) - 2add93e0-2462-45f9-8504-d95fbdd1cf50:group-389DF4E823E9:LeaderElection199: begin an election at term 4 for -1: [2add93e0-2462-45f9-8504-d95fbdd1cf50:192.168.36.91:37068, 196a83ac-f404-447a-85c9-b484bfff17ef:192.168.36.91:35328, e504cd85-a1db-4587-8509-c7399dc7cafe:192.168.36.91:36185], old=null
2019-09-01 05:53:06,796 [e504cd85-a1db-4587-8509-c7399dc7cafe:group-389DF4E823E9:LeaderElection198] INFO  impl.LeaderElection (LeaderElection.java:logAndReturn(56)) - e504cd85-a1db-4587-8509-c7399dc7cafe:group-389DF4E823E9:LeaderElection198: Election REJECTED; received 2 response(s) [e504cd85-a1db-4587-8509-c7399dc7cafe<-2add93e0-2462-45f9-8504-d95fbdd1cf50#0:FAIL-t4, e504cd85-a1db-4587-8509-c7399dc7cafe<-196a83ac-f404-447a-85c9-b484bfff17ef#0:FAIL-t4] and 0 exception(s); e504cd85-a1db-4587-8509-c7399dc7cafe:t4, leader=null, voted=e504cd85-a1db-4587-8509-c7399dc7cafe, raftlog=e504cd85-a1db-4587-8509-c7399dc7cafe-SegmentedRaftLog:OPENED:c-1,f-1,i0, conf=-1: [2add93e0-2462-45f9-8504-d95fbdd1cf50:192.168.36.91:37068, 196a83ac-f404-447a-85c9-b484bfff17ef:192.168.36.91:35328, e504cd85-a1db-4587-8509-c7399dc7cafe:192.168.36.91:36185], old=null
2019-09-01 05:53:06,796 [e504cd85-a1db-4587-8509-c7399dc7cafe:group-389DF4E823E9:LeaderElection198] INFO  impl.RaftServerImpl (RaftServerImpl.java:setRole(171)) - e504cd85-a1db-4587-8509-c7399dc7cafe:group-389DF4E823E9 changes role from CANDIDATE to FOLLOWER at term 4 for DISCOVERED_A_NEW_TERM
2019-09-01 05:53:06,796 [e504cd85-a1db-4587-8509-c7399dc7cafe:group-389DF4E823E9:LeaderElection198] INFO  impl.RoleInfo (RoleInfo.java:shutdownLeaderElection(134)) - e504cd85-a1db-4587-8509-c7399dc7cafe: shutdown LeaderElection
2019-09-01 05:53:06,796 [196a83ac-f404-447a-85c9-b484bfff17ef:group-389DF4E823E9:LeaderElection200] INFO  impl.LeaderElection (LeaderElection.java:logAndReturn(56)) - 196a83ac-f404-447a-85c9-b484bfff17ef:group-389DF4E823E9:LeaderElection200: Election REJECTED; received 2 response(s) [196a83ac-f404-447a-85c9-b484bfff17ef<-2add93e0-2462-45f9-8504-d95fbdd1cf50#0:FAIL-t4, 196a83ac-f404-447a-85c9-b484bfff17ef<-e504cd85-a1db-4587-8509-c7399dc7cafe#0:FAIL-t4] and 0 exception(s); 196a83ac-f404-447a-85c9-b484bfff17ef:t4, leader=null, voted=196a83ac-f404-447a-85c9-b484bfff17ef, raftlog=196a83ac-f404-447a-85c9-b484bfff17ef-SegmentedRaftLog:OPENED:c-1,f-1,i0, conf=-1: [2add93e0-2462-45f9-8504-d95fbdd1cf50:192.168.36.91:37068, 196a83ac-f404-447a-85c9-b484bfff17ef:192.168.36.91:35328, e504cd85-a1db-4587-8509-c7399dc7cafe:192.168.36.91:36185], old=null
2019-09-01 05:53:06,797 [2add93e0-2462-45f9-8504-d95fbdd1cf50:group-389DF4E823E9:LeaderElection199] INFO  impl.LeaderElection (LeaderElection.java:logAndReturn(56)) - 2add93e0-2462-45f9-8504-d95fbdd1cf50:group-389DF4E823E9:LeaderElection199: Election REJECTED; received 2 response(s) [2add93e0-2462-45f9-8504-d95fbdd1cf50<-196a83ac-f404-447a-85c9-b484bfff17ef#0:FAIL-t4, 2add93e0-2462-45f9-8504-d95fbdd1cf50<-e504cd85-a1db-4587-8509-c7399dc7cafe#0:FAIL-t4] and 0 exception(s); 2add93e0-2462-45f9-8504-d95fbdd1cf50:t4, leader=null, voted=2add93e0-2462-45f9-8504-d95fbdd1cf50, raftlog=2add93e0-2462-45f9-8504-d95fbdd1cf50-SegmentedRaftLog:OPENED:c-1,f-1,i0, conf=-1: [2add93e0-2462-45f9-8504-d95fbdd1cf50:192.168.36.91:37068, 196a83ac-f404-447a-85c9-b484bfff17ef:192.168.36.91:35328, e504cd85-a1db-4587-8509-c7399dc7cafe:192.168.36.91:36185], old=null
2019-09-01 05:53:06,797 [e504cd85-a1db-4587-8509-c7399dc7cafe:group-389DF4E823E9:LeaderElection198] INFO  impl.RoleInfo (RoleInfo.java:updateAndGet(143)) - e504cd85-a1db-4587-8509-c7399dc7cafe: start FollowerState
2019-09-01 05:53:06,797 [2add93e0-2462-45f9-8504-d95fbdd1cf50:group-389DF4E823E9:LeaderElection199] INFO  impl.RaftServerImpl (RaftServerImpl.java:setRole(171)) - 2add93e0-2462-45f9-8504-d95fbdd1cf50:group-389DF4E823E9 changes role from CANDIDATE to FOLLOWER at term 4 for DISCOVERED_A_NEW_TERM
2019-09-01 05:53:06,797 [2add93e0-2462-45f9-8504-d95fbdd1cf50:group-389DF4E823E9:LeaderElection199] INFO  impl.RoleInfo (RoleInfo.java:shutdownLeaderElection(134)) - 2add93e0-2462-45f9-8504-d95fbdd1cf50: shutdown LeaderElection
2019-09-01 05:53:06,797 [196a83ac-f404-447a-85c9-b484bfff17ef:group-389DF4E823E9:LeaderElection200] INFO  impl.RaftServerImpl (RaftServerImpl.java:setRole(171)) - 196a83ac-f404-447a-85c9-b484bfff17ef:group-389DF4E823E9 changes role from CANDIDATE to FOLLOWER at term 4 for DISCOVERED_A_NEW_TERM
2019-09-01 05:53:06,798 [2add93e0-2462-45f9-8504-d95fbdd1cf50:group-389DF4E823E9:LeaderElection199] INFO  impl.RoleInfo (RoleInfo.java:updateAndGet(143)) - 2add93e0-2462-45f9-8504-d95fbdd1cf50: start FollowerState
2019-09-01 05:53:06,798 [196a83ac-f404-447a-85c9-b484bfff17ef:group-389DF4E823E9:LeaderElection200] INFO  impl.RoleInfo (RoleInfo.java:shutdownLeaderElection(134)) - 196a83ac-f404-447a-85c9-b484bfff17ef: shutdown LeaderElection
2019-09-01 05:53:06,798 [196a83ac-f404-447a-85c9-b484bfff17ef:group-389DF4E823E9:LeaderElection200] INFO  impl.RoleInfo (RoleInfo.java:updateAndGet(143)) - 196a83ac-f404-447a-85c9-b484bfff17ef: start FollowerState
2019-09-01 05:53:07,121 [grpc-default-executor-6] INFO  client.GrpcClientProtocolClient (GrpcClientProtocolClient.java:onNext(255)) - client-A47DC5B775C0->ce2be70a-d267-4ebc-abe0-fdcdf40aaae1: receive RaftClientReply:client-A47DC5B775C0->ce2be70a-d267-4ebc-abe0-fdcdf40aaae1@group-62A27AB5243B, cid=121, FAILED org.apache.ratis.protocol.NotLeaderException: Server ce2be70a-d267-4ebc-abe0-fdcdf40aaae1 is not the leader (null). Request must be sent to leader., logIndex=0, commits[ce2be70a-d267-4ebc-abe0-fdcdf40aaae1:c-1]
2019-09-01 05:53:07,146 [Thread-3787] INFO  impl.FollowerState (FollowerState.java:run(106)) - ad88f3b0-98a4-4e16-8300-c870fa2dd819:group-62A27AB5243B changes to CANDIDATE, lastRpcTime:1014, electionTimeout:1014ms
2019-09-01 05:53:07,146 [Thread-3787] INFO  impl.RoleInfo (RoleInfo.java:shutdownFollowerState(121)) - ad88f3b0-98a4-4e16-8300-c870fa2dd819: shutdown FollowerState
2019-09-01 05:53:07,146 [Thread-3787] INFO  impl.RaftServerImpl (RaftServerImpl.java:setRole(171)) - ad88f3b0-98a4-4e16-8300-c870fa2dd819:group-62A27AB5243B changes role from FOLLOWER to CANDIDATE at term 3 for changeToCandidate
2019-09-01 05:53:07,146 [Thread-3787] INFO  impl.RoleInfo (RoleInfo.java:updateAndGet(143)) - ad88f3b0-98a4-4e16-8300-c870fa2dd819: start LeaderElection
2019-09-01 05:53:07,164 [Thread-3789] INFO  impl.FollowerState (FollowerState.java:run(106)) - ce2be70a-d267-4ebc-abe0-fdcdf40aaae1:group-62A27AB5243B changes to CANDIDATE, lastRpcTime:1032, electionTimeout:1032ms
2019-09-01 05:53:07,164 [Thread-3789] INFO  impl.RoleInfo (RoleInfo.java:shutdownFollowerState(121)) - ce2be70a-d267-4ebc-abe0-fdcdf40aaae1: shutdown FollowerState
2019-09-01 05:53:07,164 [Thread-3789] INFO  impl.RaftServerImpl (RaftServerImpl.java:setRole(171)) - ce2be70a-d267-4ebc-abe0-fdcdf40aaae1:group-62A27AB5243B changes role from FOLLOWER to CANDIDATE at term 3 for changeToCandidate
2019-09-01 05:53:07,164 [Thread-3789] INFO  impl.RoleInfo (RoleInfo.java:updateAndGet(143)) - ce2be70a-d267-4ebc-abe0-fdcdf40aaae1: start LeaderElection
2019-09-01 05:53:07,175 [Thread-3788] INFO  impl.FollowerState (FollowerState.java:run(106)) - 9adf8f3f-00f4-442f-a7e9-ac686daae57d:group-62A27AB5243B changes to CANDIDATE, lastRpcTime:1043, electionTimeout:1043ms
2019-09-01 05:53:07,175 [Thread-3788] INFO  impl.RoleInfo (RoleInfo.java:shutdownFollowerState(121)) - 9adf8f3f-00f4-442f-a7e9-ac686daae57d: shutdown FollowerState
2019-09-01 05:53:07,175 [Thread-3788] INFO  impl.RaftServerImpl (RaftServerImpl.java:setRole(171)) - 9adf8f3f-00f4-442f-a7e9-ac686daae57d:group-62A27AB5243B changes role from FOLLOWER to CANDIDATE at term 3 for changeToCandidate
2019-09-01 05:53:07,175 [Thread-3788] INFO  impl.RoleInfo (RoleInfo.java:updateAndGet(143)) - 9adf8f3f-00f4-442f-a7e9-ac686daae57d: start LeaderElection
2019-09-01 05:53:07,910 [Thread-3802] INFO  impl.FollowerState (FollowerState.java:run(106)) - 196a83ac-f404-447a-85c9-b484bfff17ef:group-389DF4E823E9 changes to CANDIDATE, lastRpcTime:1111, electionTimeout:1111ms
2019-09-01 05:53:07,910 [Thread-3802] INFO  impl.RoleInfo (RoleInfo.java:shutdownFollowerState(121)) - 196a83ac-f404-447a-85c9-b484bfff17ef: shutdown FollowerState
2019-09-01 05:53:07,910 [Thread-3802] INFO  impl.RaftServerImpl (RaftServerImpl.java:setRole(171)) - 196a83ac-f404-447a-85c9-b484bfff17ef:group-389DF4E823E9 changes role from FOLLOWER to CANDIDATE at term 4 for changeToCandidate
2019-09-01 05:53:07,910 [Thread-3802] INFO  impl.RoleInfo (RoleInfo.java:updateAndGet(143)) - 196a83ac-f404-447a-85c9-b484bfff17ef: start LeaderElection
2019-09-01 05:53:07,962 [Thread-3801] INFO  impl.FollowerState (FollowerState.java:run(106)) - 2add93e0-2462-45f9-8504-d95fbdd1cf50:group-389DF4E823E9 changes to CANDIDATE, lastRpcTime:1164, electionTimeout:1164ms
2019-09-01 05:53:07,962 [Thread-3801] INFO  impl.RoleInfo (RoleInfo.java:shutdownFollowerState(121)) - 2add93e0-2462-45f9-8504-d95fbdd1cf50: shutdown FollowerState
2019-09-01 05:53:07,963 [Thread-3801] INFO  impl.RaftServerImpl (RaftServerImpl.java:setRole(171)) - 2add93e0-2462-45f9-8504-d95fbdd1cf50:group-389DF4E823E9 changes role from FOLLOWER to CANDIDATE at term 4 for changeToCandidate
2019-09-01 05:53:07,963 [Thread-3801] INFO  impl.RoleInfo (RoleInfo.java:updateAndGet(143)) - 2add93e0-2462-45f9-8504-d95fbdd1cf50: start LeaderElection
2019-09-01 05:53:07,987 [Thread-3800] INFO  impl.FollowerState (FollowerState.java:run(106)) - e504cd85-a1db-4587-8509-c7399dc7cafe:group-389DF4E823E9 changes to CANDIDATE, lastRpcTime:1190, electionTimeout:1189ms
2019-09-01 05:53:07,987 [Thread-3800] INFO  impl.RoleInfo (RoleInfo.java:shutdownFollowerState(121)) - e504cd85-a1db-4587-8509-c7399dc7cafe: shutdown FollowerState
2019-09-01 05:53:07,987 [Thread-3800] INFO  impl.RaftServerImpl (RaftServerImpl.java:setRole(171)) - e504cd85-a1db-4587-8509-c7399dc7cafe:group-389DF4E823E9 changes role from FOLLOWER to CANDIDATE at term 4 for changeToCandidate
2019-09-01 05:53:07,987 [Thread-3800] INFO  impl.RoleInfo (RoleInfo.java:updateAndGet(143)) - e504cd85-a1db-4587-8509-c7399dc7cafe: start LeaderElection
2019-09-01 05:53:08,137 [grpc-default-executor-6] INFO  client.GrpcClientProtocolClient (GrpcClientProtocolClient.java:onNext(255)) - client-A47DC5B775C0->ad88f3b0-98a4-4e16-8300-c870fa2dd819: receive RaftClientReply:client-A47DC5B775C0->ad88f3b0-98a4-4e16-8300-c870fa2dd819@group-62A27AB5243B, cid=121, FAILED org.apache.ratis.protocol.NotLeaderException: Server ad88f3b0-98a4-4e16-8300-c870fa2dd819 is not the leader (null). Request must be sent to leader., logIndex=0, commits[ad88f3b0-98a4-4e16-8300-c870fa2dd819:c-1]
2019-09-01 05:53:08,988 [196a83ac-f404-447a-85c9-b484bfff17ef:group-389DF4E823E9:LeaderElection204] INFO  impl.LeaderElection (LeaderElection.java:askForVotes(181)) - 196a83ac-f404-447a-85c9-b484bfff17ef:group-389DF4E823E9:LeaderElection204: begin an election at term 5 for -1: [2add93e0-2462-45f9-8504-d95fbdd1cf50:192.168.36.91:37068, 196a83ac-f404-447a-85c9-b484bfff17ef:192.168.36.91:35328, e504cd85-a1db-4587-8509-c7399dc7cafe:192.168.36.91:36185], old=null
2019-09-01 05:53:08,988 [9adf8f3f-00f4-442f-a7e9-ac686daae57d:group-62A27AB5243B:LeaderElection203] INFO  impl.LeaderElection (LeaderElection.java:askForVotes(181)) - 9adf8f3f-00f4-442f-a7e9-ac686daae57d:group-62A27AB5243B:LeaderElection203: begin an election at term 4 for -1: [ce2be70a-d267-4ebc-abe0-fdcdf40aaae1:192.168.36.91:38648, 9adf8f3f-00f4-442f-a7e9-ac686daae57d:192.168.36.91:44931, ad88f3b0-98a4-4e16-8300-c870fa2dd819:192.168.36.91:34127], old=null
2019-09-01 05:53:08,988 [ad88f3b0-98a4-4e16-8300-c870fa2dd819:group-62A27AB5243B:LeaderElection201] INFO  impl.LeaderElection (LeaderElection.java:askForVotes(181)) - ad88f3b0-98a4-4e16-8300-c870fa2dd819:group-62A27AB5243B:LeaderElection201: begin an election at term 4 for -1: [ce2be70a-d267-4ebc-abe0-fdcdf40aaae1:192.168.36.91:38648, 9adf8f3f-00f4-442f-a7e9-ac686daae57d:192.168.36.91:44931, ad88f3b0-98a4-4e16-8300-c870fa2dd819:192.168.36.91:34127], old=null
2019-09-01 05:53:08,988 [ce2be70a-d267-4ebc-abe0-fdcdf40aaae1:group-62A27AB5243B:LeaderElection202] INFO  impl.LeaderElection (LeaderElection.java:askForVotes(181)) - ce2be70a-d267-4ebc-abe0-fdcdf40aaae1:group-62A27AB5243B:LeaderElection202: begin an election at term 4 for -1: [ce2be70a-d267-4ebc-abe0-fdcdf40aaae1:192.168.36.91:38648, 9adf8f3f-00f4-442f-a7e9-ac686daae57d:192.168.36.91:44931, ad88f3b0-98a4-4e16-8300-c870fa2dd819:192.168.36.91:34127], old=null
2019-09-01 05:53:08,988 [2add93e0-2462-45f9-8504-d95fbdd1cf50:group-389DF4E823E9:LeaderElection205] INFO  impl.LeaderElection (LeaderElection.java:askForVotes(181)) - 2add93e0-2462-45f9-8504-d95fbdd1cf50:group-389DF4E823E9:LeaderElection205: begin an election at term 5 for -1: [2add93e0-2462-45f9-8504-d95fbdd1cf50:192.168.36.91:37068, 196a83ac-f404-447a-85c9-b484bfff17ef:192.168.36.91:35328, e504cd85-a1db-4587-8509-c7399dc7cafe:192.168.36.91:36185], old=null
2019-09-01 05:53:08,988 [e504cd85-a1db-4587-8509-c7399dc7cafe:group-389DF4E823E9:LeaderElection206] INFO  impl.LeaderElection (LeaderElection.java:askForVotes(181)) - e504cd85-a1db-4587-8509-c7399dc7cafe:group-389DF4E823E9:LeaderElection206: begin an election at term 5 for -1: [2add93e0-2462-45f9-8504-d95fbdd1cf50:192.168.36.91:37068, 196a83ac-f404-447a-85c9-b484bfff17ef:192.168.36.91:35328, e504cd85-a1db-4587-8509-c7399dc7cafe:192.168.36.91:36185], old=null
2019-09-01 05:53:08,994 [196a83ac-f404-447a-85c9-b484bfff17ef:group-389DF4E823E9:LeaderElection204] INFO  impl.LeaderElection (LeaderElection.java:logAndReturn(56)) - 196a83ac-f404-447a-85c9-b484bfff17ef:group-389DF4E823E9:LeaderElection204: Election REJECTED; received 2 response(s) [196a83ac-f404-447a-85c9-b484bfff17ef<-2add93e0-2462-45f9-8504-d95fbdd1cf50#0:FAIL-t5, 196a83ac-f404-447a-85c9-b484bfff17ef<-e504cd85-a1db-4587-8509-c7399dc7cafe#0:FAIL-t5] and 0 exception(s); 196a83ac-f404-447a-85c9-b484bfff17ef:t5, leader=null, voted=196a83ac-f404-447a-85c9-b484bfff17ef, raftlog=196a83ac-f404-447a-85c9-b484bfff17ef-SegmentedRaftLog:OPENED:c-1,f-1,i0, conf=-1: [2add93e0-2462-45f9-8504-d95fbdd1cf50:192.168.36.91:37068, 196a83ac-f404-447a-85c9-b484bfff17ef:192.168.36.91:35328, e504cd85-a1db-4587-8509-c7399dc7cafe:192.168.36.91:36185], old=null
2019-09-01 05:53:08,994 [196a83ac-f404-447a-85c9-b484bfff17ef:group-389DF4E823E9:LeaderElection204] INFO  impl.RaftServerImpl (RaftServerImpl.java:setRole(171)) - 196a83ac-f404-447a-85c9-b484bfff17ef:group-389DF4E823E9 changes role from CANDIDATE to FOLLOWER at term 5 for DISCOVERED_A_NEW_TERM
2019-09-01 05:53:08,994 [196a83ac-f404-447a-85c9-b484bfff17ef:group-389DF4E823E9:LeaderElection204] INFO  impl.RoleInfo (RoleInfo.java:shutdownLeaderElection(134)) - 196a83ac-f404-447a-85c9-b484bfff17ef: shutdown LeaderElection
2019-09-01 05:53:08,994 [9adf8f3f-00f4-442f-a7e9-ac686daae57d:group-62A27AB5243B:LeaderElection203] INFO  impl.LeaderElection (LeaderElection.java:logAndReturn(56)) - 9adf8f3f-00f4-442f-a7e9-ac686daae57d:group-62A27AB5243B:LeaderElection203: Election REJECTED; received 2 response(s) [9adf8f3f-00f4-442f-a7e9-ac686daae57d<-ce2be70a-d267-4ebc-abe0-fdcdf40aaae1#0:FAIL-t4, 9adf8f3f-00f4-442f-a7e9-ac686daae57d<-ad88f3b0-98a4-4e16-8300-c870fa2dd819#0:FAIL-t4] and 0 exception(s); 9adf8f3f-00f4-442f-a7e9-ac686daae57d:t4, leader=null, voted=9adf8f3f-00f4-442f-a7e9-ac686daae57d, raftlog=9adf8f3f-00f4-442f-a7e9-ac686daae57d-SegmentedRaftLog:OPENED:c-1,f-1,i0, conf=-1: [ce2be70a-d267-4ebc-abe0-fdcdf40aaae1:192.168.36.91:38648, 9adf8f3f-00f4-442f-a7e9-ac686daae57d:192.168.36.91:44931, ad88f3b0-98a4-4e16-8300-c870fa2dd819:192.168.36.91:34127], old=null
2019-09-01 05:53:08,994 [196a83ac-f404-447a-85c9-b484bfff17ef:group-389DF4E823E9:LeaderElection204] INFO  impl.RoleInfo (RoleInfo.java:updateAndGet(143)) - 196a83ac-f404-447a-85c9-b484bfff17ef: start FollowerState
2019-09-01 05:53:08,994 [9adf8f3f-00f4-442f-a7e9-ac686daae57d:group-62A27AB5243B:LeaderElection203] INFO  impl.RaftServerImpl (RaftServerImpl.java:setRole(171)) - 9adf8f3f-00f4-442f-a7e9-ac686daae57d:group-62A27AB5243B changes role from CANDIDATE to FOLLOWER at term 4 for DISCOVERED_A_NEW_TERM
2019-09-01 05:53:08,995 [9adf8f3f-00f4-442f-a7e9-ac686daae57d:group-62A27AB5243B:LeaderElection203] INFO  impl.RoleInfo (RoleInfo.java:shutdownLeaderElection(134)) - 9adf8f3f-00f4-442f-a7e9-ac686daae57d: shutdown LeaderElection
2019-09-01 05:53:08,994 [2add93e0-2462-45f9-8504-d95fbdd1cf50:group-389DF4E823E9:LeaderElection205] INFO  impl.LeaderElection (LeaderElection.java:logAndReturn(56)) - 2add93e0-2462-45f9-8504-d95fbdd1cf50:group-389DF4E823E9:LeaderElection205: Election REJECTED; received 2 response(s) [2add93e0-2462-45f9-8504-d95fbdd1cf50<-196a83ac-f404-447a-85c9-b484bfff17ef#0:FAIL-t5, 2add93e0-2462-45f9-8504-d95fbdd1cf50<-e504cd85-a1db-4587-8509-c7399dc7cafe#0:FAIL-t5] and 0 exception(s); 2add93e0-2462-45f9-8504-d95fbdd1cf50:t5, leader=null, voted=2add93e0-2462-45f9-8504-d95fbdd1cf50, raftlog=2add93e0-2462-45f9-8504-d95fbdd1cf50-SegmentedRaftLog:OPENED:c-1,f-1,i0, conf=-1: [2add93e0-2462-45f9-8504-d95fbdd1cf50:192.168.36.91:37068, 196a83ac-f404-447a-85c9-b484bfff17ef:192.168.36.91:35328, e504cd85-a1db-4587-8509-c7399dc7cafe:192.168.36.91:36185], old=null
2019-09-01 05:53:08,995 [9adf8f3f-00f4-442f-a7e9-ac686daae57d:group-62A27AB5243B:LeaderElection203] INFO  impl.RoleInfo (RoleInfo.java:updateAndGet(143)) - 9adf8f3f-00f4-442f-a7e9-ac686daae57d: start FollowerState
2019-09-01 05:53:08,995 [2add93e0-2462-45f9-8504-d95fbdd1cf50:group-389DF4E823E9:LeaderElection205] INFO  impl.RaftServerImpl (RaftServerImpl.java:setRole(171)) - 2add93e0-2462-45f9-8504-d95fbdd1cf50:group-389DF4E823E9 changes role from CANDIDATE to FOLLOWER at term 5 for DISCOVERED_A_NEW_TERM
2019-09-01 05:53:08,995 [2add93e0-2462-45f9-8504-d95fbdd1cf50:group-389DF4E823E9:LeaderElection205] INFO  impl.RoleInfo (RoleInfo.java:shutdownLeaderElection(134)) - 2add93e0-2462-45f9-8504-d95fbdd1cf50: shutdown LeaderElection
2019-09-01 05:53:08,996 [2add93e0-2462-45f9-8504-d95fbdd1cf50:group-389DF4E823E9:LeaderElection205] INFO  impl.RoleInfo (RoleInfo.java:updateAndGet(143)) - 2add93e0-2462-45f9-8504-d95fbdd1cf50: start FollowerState
2019-09-01 05:53:08,996 [ad88f3b0-98a4-4e16-8300-c870fa2dd819:group-62A27AB5243B:LeaderElection201] INFO  impl.LeaderElection (LeaderElection.java:logAndReturn(56)) - ad88f3b0-98a4-4e16-8300-c870fa2dd819:group-62A27AB5243B:LeaderElection201: Election REJECTED; received 2 response(s) [ad88f3b0-98a4-4e16-8300-c870fa2dd819<-ce2be70a-d267-4ebc-abe0-fdcdf40aaae1#0:FAIL-t4, ad88f3b0-98a4-4e16-8300-c870fa2dd819<-9adf8f3f-00f4-442f-a7e9-ac686daae57d#0:FAIL-t4] and 0 exception(s); ad88f3b0-98a4-4e16-8300-c870fa2dd819:t4, leader=null, voted=ad88f3b0-98a4-4e16-8300-c870fa2dd819, raftlog=ad88f3b0-98a4-4e16-8300-c870fa2dd819-SegmentedRaftLog:OPENED:c-1,f-1,i0, conf=-1: [ce2be70a-d267-4ebc-abe0-fdcdf40aaae1:192.168.36.91:38648, 9adf8f3f-00f4-442f-a7e9-ac686daae57d:192.168.36.91:44931, ad88f3b0-98a4-4e16-8300-c870fa2dd819:192.168.36.91:34127], old=null
2019-09-01 05:53:08,996 [ad88f3b0-98a4-4e16-8300-c870fa2dd819:group-62A27AB5243B:LeaderElection201] INFO  impl.RaftServerImpl (RaftServerImpl.java:setRole(171)) - ad88f3b0-98a4-4e16-8300-c870fa2dd819:group-62A27AB5243B changes role from CANDIDATE to FOLLOWER at term 4 for DISCOVERED_A_NEW_TERM
2019-09-01 05:53:08,996 [ad88f3b0-98a4-4e16-8300-c870fa2dd819:group-62A27AB5243B:LeaderElection201] INFO  impl.RoleInfo (RoleInfo.java:shutdownLeaderElection(134)) - ad88f3b0-98a4-4e16-8300-c870fa2dd819: shutdown LeaderElection
2019-09-01 05:53:08,996 [ad88f3b0-98a4-4e16-8300-c870fa2dd819:group-62A27AB5243B:LeaderElection201] INFO  impl.RoleInfo (RoleInfo.java:updateAndGet(143)) - ad88f3b0-98a4-4e16-8300-c870fa2dd819: start FollowerState
2019-09-01 05:53:08,996 [e504cd85-a1db-4587-8509-c7399dc7cafe:group-389DF4E823E9:LeaderElection206] INFO  impl.LeaderElection (LeaderElection.java:logAndReturn(56)) - e504cd85-a1db-4587-8509-c7399dc7cafe:group-389DF4E823E9:LeaderElection206: Election REJECTED; received 2 response(s) [e504cd85-a1db-4587-8509-c7399dc7cafe<-2add93e0-2462-45f9-8504-d95fbdd1cf50#0:FAIL-t5, e504cd85-a1db-4587-8509-c7399dc7cafe<-196a83ac-f404-447a-85c9-b484bfff17ef#0:FAIL-t5] and 0 exception(s); e504cd85-a1db-4587-8509-c7399dc7cafe:t5, leader=null, voted=e504cd85-a1db-4587-8509-c7399dc7cafe, raftlog=e504cd85-a1db-4587-8509-c7399dc7cafe-SegmentedRaftLog:OPENED:c-1,f-1,i0, conf=-1: [2add93e0-2462-45f9-8504-d95fbdd1cf50:192.168.36.91:37068, 196a83ac-f404-447a-85c9-b484bfff17ef:192.168.36.91:35328, e504cd85-a1db-4587-8509-c7399dc7cafe:192.168.36.91:36185], old=null
2019-09-01 05:53:08,997 [ce2be70a-d267-4ebc-abe0-fdcdf40aaae1:group-62A27AB5243B:LeaderElection202] INFO  impl.LeaderElection (LeaderElection.java:logAndReturn(56)) - ce2be70a-d267-4ebc-abe0-fdcdf40aaae1:group-62A27AB5243B:LeaderElection202: Election REJECTED; received 2 response(s) [ce2be70a-d267-4ebc-abe0-fdcdf40aaae1<-9adf8f3f-00f4-442f-a7e9-ac686daae57d#0:FAIL-t4, ce2be70a-d267-4ebc-abe0-fdcdf40aaae1<-ad88f3b0-98a4-4e16-8300-c870fa2dd819#0:FAIL-t4] and 0 exception(s); ce2be70a-d267-4ebc-abe0-fdcdf40aaae1:t4, leader=null, voted=ce2be70a-d267-4ebc-abe0-fdcdf40aaae1, raftlog=ce2be70a-d267-4ebc-abe0-fdcdf40aaae1-SegmentedRaftLog:OPENED:c-1,f-1,i0, conf=-1: [ce2be70a-d267-4ebc-abe0-fdcdf40aaae1:192.168.36.91:38648, 9adf8f3f-00f4-442f-a7e9-ac686daae57d:192.168.36.91:44931, ad88f3b0-98a4-4e16-8300-c870fa2dd819:192.168.36.91:34127], old=null
2019-09-01 05:53:08,997 [e504cd85-a1db-4587-8509-c7399dc7cafe:group-389DF4E823E9:LeaderElection206] INFO  impl.RaftServerImpl (RaftServerImpl.java:setRole(171)) - e504cd85-a1db-4587-8509-c7399dc7cafe:group-389DF4E823E9 changes role from CANDIDATE to FOLLOWER at term 5 for DISCOVERED_A_NEW_TERM
2019-09-01 05:53:08,997 [ce2be70a-d267-4ebc-abe0-fdcdf40aaae1:group-62A27AB5243B:LeaderElection202] INFO  impl.RaftServerImpl (RaftServerImpl.java:setRole(171)) - ce2be70a-d267-4ebc-abe0-fdcdf40aaae1:group-62A27AB5243B changes role from CANDIDATE to FOLLOWER at term 4 for DISCOVERED_A_NEW_TERM
2019-09-01 05:53:08,997 [e504cd85-a1db-4587-8509-c7399dc7cafe:group-389DF4E823E9:LeaderElection206] INFO  impl.RoleInfo (RoleInfo.java:shutdownLeaderElection(134)) - e504cd85-a1db-4587-8509-c7399dc7cafe: shutdown LeaderElection
2019-09-01 05:53:08,997 [ce2be70a-d267-4ebc-abe0-fdcdf40aaae1:group-62A27AB5243B:LeaderElection202] INFO  impl.RoleInfo (RoleInfo.java:shutdownLeaderElection(134)) - ce2be70a-d267-4ebc-abe0-fdcdf40aaae1: shutdown LeaderElection
2019-09-01 05:53:08,998 [e504cd85-a1db-4587-8509-c7399dc7cafe:group-389DF4E823E9:LeaderElection206] INFO  impl.RoleInfo (RoleInfo.java:updateAndGet(143)) - e504cd85-a1db-4587-8509-c7399dc7cafe: start FollowerState
2019-09-01 05:53:08,998 [ce2be70a-d267-4ebc-abe0-fdcdf40aaae1:group-62A27AB5243B:LeaderElection202] INFO  impl.RoleInfo (RoleInfo.java:updateAndGet(143)) - ce2be70a-d267-4ebc-abe0-fdcdf40aaae1: start FollowerState
2019-09-01 05:53:09,154 [grpc-default-executor-3] INFO  client.GrpcClientProtocolClient (GrpcClientProtocolClient.java:onNext(255)) - client-A47DC5B775C0->ce2be70a-d267-4ebc-abe0-fdcdf40aaae1: receive RaftClientReply:client-A47DC5B775C0->ce2be70a-d267-4ebc-abe0-fdcdf40aaae1@group-62A27AB5243B, cid=121, FAILED org.apache.ratis.protocol.NotLeaderException: Server ce2be70a-d267-4ebc-abe0-fdcdf40aaae1 is not the leader (null). Request must be sent to leader., logIndex=0, commits[ce2be70a-d267-4ebc-abe0-fdcdf40aaae1:c-1]
2019-09-01 05:53:10,109 [Thread-3837] INFO  impl.FollowerState (FollowerState.java:run(106)) - 196a83ac-f404-447a-85c9-b484bfff17ef:group-389DF4E823E9 changes to CANDIDATE, lastRpcTime:1114, electionTimeout:1114ms
2019-09-01 05:53:10,109 [Thread-3837] INFO  impl.RoleInfo (RoleInfo.java:shutdownFollowerState(121)) - 196a83ac-f404-447a-85c9-b484bfff17ef: shutdown FollowerState
2019-09-01 05:53:10,110 [Thread-3837] INFO  impl.RaftServerImpl (RaftServerImpl.java:setRole(171)) - 196a83ac-f404-447a-85c9-b484bfff17ef:group-389DF4E823E9 changes role from FOLLOWER to CANDIDATE at term 5 for changeToCandidate
2019-09-01 05:53:10,110 [Thread-3837] INFO  impl.RoleInfo (RoleInfo.java:updateAndGet(143)) - 196a83ac-f404-447a-85c9-b484bfff17ef: start LeaderElection
2019-09-01 05:53:10,134 [Thread-3842] INFO  impl.FollowerState (FollowerState.java:run(106)) - ce2be70a-d267-4ebc-abe0-fdcdf40aaae1:group-62A27AB5243B changes to CANDIDATE, lastRpcTime:1136, electionTimeout:1136ms
2019-09-01 05:53:10,134 [Thread-3842] INFO  impl.RoleInfo (RoleInfo.java:shutdownFollowerState(121)) - ce2be70a-d267-4ebc-abe0-fdcdf40aaae1: shutdown FollowerState
2019-09-01 05:53:10,135 [Thread-3842] INFO  impl.RaftServerImpl (RaftServerImpl.java:setRole(171)) - ce2be70a-d267-4ebc-abe0-fdcdf40aaae1:group-62A27AB5243B changes role from FOLLOWER to CANDIDATE at term 4 for changeToCandidate
2019-09-01 05:53:10,135 [Thread-3842] INFO  impl.RoleInfo (RoleInfo.java:updateAndGet(143)) - ce2be70a-d267-4ebc-abe0-fdcdf40aaae1: start LeaderElection
2019-09-01 05:53:10,143 [Thread-3841] INFO  impl.FollowerState (FollowerState.java:run(106)) - e504cd85-a1db-4587-8509-c7399dc7cafe:group-389DF4E823E9 changes to CANDIDATE, lastRpcTime:1145, electionTimeout:1145ms
2019-09-01 05:53:10,143 [Thread-3841] INFO  impl.RoleInfo (RoleInfo.java:shutdownFollowerState(121)) - e504cd85-a1db-4587-8509-c7399dc7cafe: shutdown FollowerState
2019-09-01 05:53:10,143 [Thread-3841] INFO  impl.RaftServerImpl (RaftServerImpl.java:setRole(171)) - e504cd85-a1db-4587-8509-c7399dc7cafe:group-389DF4E823E9 changes role from FOLLOWER to CANDIDATE at term 5 for changeToCandidate
2019-09-01 05:53:10,143 [Thread-3841] INFO  impl.RoleInfo (RoleInfo.java:updateAndGet(143)) - e504cd85-a1db-4587-8509-c7399dc7cafe: start LeaderElection
2019-09-01 05:53:10,144 [Thread-3840] INFO  impl.FollowerState (FollowerState.java:run(106)) - ad88f3b0-98a4-4e16-8300-c870fa2dd819:group-62A27AB5243B changes to CANDIDATE, lastRpcTime:1147, electionTimeout:1147ms
2019-09-01 05:53:10,144 [Thread-3840] INFO  impl.RoleInfo (RoleInfo.java:shutdownFollowerState(121)) - ad88f3b0-98a4-4e16-8300-c870fa2dd819: shutdown FollowerState
2019-09-01 05:53:10,144 [Thread-3840] INFO  impl.RaftServerImpl (RaftServerImpl.java:setRole(171)) - ad88f3b0-98a4-4e16-8300-c870fa2dd819:group-62A27AB5243B changes role from FOLLOWER to CANDIDATE at term 4 for changeToCandidate
2019-09-01 05:53:10,144 [Thread-3840] INFO  impl.RoleInfo (RoleInfo.java:updateAndGet(143)) - ad88f3b0-98a4-4e16-8300-c870fa2dd819: start LeaderElection
2019-09-01 05:53:10,157 [Thread-3838] INFO  impl.FollowerState (FollowerState.java:run(106)) - 9adf8f3f-00f4-442f-a7e9-ac686daae57d:group-62A27AB5243B changes to CANDIDATE, lastRpcTime:1161, electionTimeout:1161ms
2019-09-01 05:53:10,157 [Thread-3838] INFO  impl.RoleInfo (RoleInfo.java:shutdownFollowerState(121)) - 9adf8f3f-00f4-442f-a7e9-ac686daae57d: shutdown FollowerState
2019-09-01 05:53:10,157 [Thread-3838] INFO  impl.RaftServerImpl (RaftServerImpl.java:setRole(171)) - 9adf8f3f-00f4-442f-a7e9-ac686daae57d:group-62A27AB5243B changes role from FOLLOWER to CANDIDATE at term 4 for changeToCandidate
2019-09-01 05:53:10,157 [Thread-3838] INFO  impl.RoleInfo (RoleInfo.java:updateAndGet(143)) - 9adf8f3f-00f4-442f-a7e9-ac686daae57d: start LeaderElection
2019-09-01 05:53:10,173 [grpc-default-executor-6] INFO  client.GrpcClientProtocolClient (GrpcClientProtocolClient.java:onNext(255)) - client-A47DC5B775C0->9adf8f3f-00f4-442f-a7e9-ac686daae57d: receive RaftClientReply:client-A47DC5B775C0->9adf8f3f-00f4-442f-a7e9-ac686daae57d@group-62A27AB5243B, cid=121, FAILED org.apache.ratis.protocol.NotLeaderException: Server 9adf8f3f-00f4-442f-a7e9-ac686daae57d is not the leader (null). Request must be sent to leader., logIndex=0, commits[9adf8f3f-00f4-442f-a7e9-ac686daae57d:c-1]
2019-09-01 05:53:10,184 [Thread-3839] INFO  impl.FollowerState (FollowerState.java:run(106)) - 2add93e0-2462-45f9-8504-d95fbdd1cf50:group-389DF4E823E9 changes to CANDIDATE, lastRpcTime:1188, electionTimeout:1185ms
2019-09-01 05:53:10,184 [main] WARN  io.KeyOutputStream (KeyOutputStream.java:handleException(276)) - Encountered exception java.io.IOException: Unexpected Storage Container Exception: java.util.concurrent.CompletionException: java.util.concurrent.CompletionException: org.apache.ratis.protocol.RaftRetryFailureException: Failed RaftClientRequest:client-A47DC5B775C0->9adf8f3f-00f4-442f-a7e9-ac686daae57d@group-62A27AB5243B, cid=121, seq=1*, RW, org.apache.hadoop.hdds.scm.XceiverClientRatis$$Lambda$469/1656197285@33651d53 for 10 attempts with RetryLimited(maxAttempts=10, sleepTime=1000ms) on the pipeline Pipeline[ Id: 8840249b-6eaa-4700-9665-62a27ab5243b, Nodes: ce2be70a-d267-4ebc-abe0-fdcdf40aaae1{ip: 192.168.36.91, host: trunk-nightly-20190901-gkzrd-4143273587, networkLocation: /rack1, certSerialId: null}9adf8f3f-00f4-442f-a7e9-ac686daae57d{ip: 192.168.36.91, host: trunk-nightly-20190901-gkzrd-4143273587, networkLocation: /rack1, certSerialId: null}ad88f3b0-98a4-4e16-8300-c870fa2dd819{ip: 192.168.36.91, host: trunk-nightly-20190901-gkzrd-4143273587, networkLocation: /rack1, certSerialId: null}, Type:RATIS, Factor:THREE, State:OPEN]. The last committed block length is 0, uncommitted data length is 1048576 retry count 0
2019-09-01 05:53:10,184 [Thread-3839] INFO  impl.RoleInfo (RoleInfo.java:shutdownFollowerState(121)) - 2add93e0-2462-45f9-8504-d95fbdd1cf50: shutdown FollowerState
2019-09-01 05:53:10,184 [Thread-3839] INFO  impl.RaftServerImpl (RaftServerImpl.java:setRole(171)) - 2add93e0-2462-45f9-8504-d95fbdd1cf50:group-389DF4E823E9 changes role from FOLLOWER to CANDIDATE at term 5 for changeToCandidate
2019-09-01 05:53:10,186 [Thread-3839] INFO  impl.RoleInfo (RoleInfo.java:updateAndGet(143)) - 2add93e0-2462-45f9-8504-d95fbdd1cf50: start LeaderElection
2019-09-01 05:53:10,219 [grpc-default-executor-3] INFO  client.GrpcClientProtocolClient (GrpcClientProtocolClient.java:onNext(255)) - client-140AEB51EE0B->e504cd85-a1db-4587-8509-c7399dc7cafe: receive RaftClientReply:client-140AEB51EE0B->e504cd85-a1db-4587-8509-c7399dc7cafe@group-389DF4E823E9, cid=123, FAILED org.apache.ratis.protocol.NotLeaderException: Server e504cd85-a1db-4587-8509-c7399dc7cafe is not the leader (null). Request must be sent to leader., logIndex=0, commits[e504cd85-a1db-4587-8509-c7399dc7cafe:c-1]
2019-09-01 05:53:11,254 [grpc-default-executor-3] INFO  client.GrpcClientProtocolClient (GrpcClientProtocolClient.java:onNext(255)) - client-140AEB51EE0B->2add93e0-2462-45f9-8504-d95fbdd1cf50: receive RaftClientReply:client-140AEB51EE0B->2add93e0-2462-45f9-8504-d95fbdd1cf50@group-389DF4E823E9, cid=123, FAILED org.apache.ratis.protocol.NotLeaderException: Server 2add93e0-2462-45f9-8504-d95fbdd1cf50 is not the leader (null). Request must be sent to leader., logIndex=0, commits[2add93e0-2462-45f9-8504-d95fbdd1cf50:c-1]
2019-09-01 05:53:11,979 [9adf8f3f-00f4-442f-a7e9-ac686daae57d:group-62A27AB5243B:LeaderElection211] INFO  impl.LeaderElection (LeaderElection.java:askForVotes(181)) - 9adf8f3f-00f4-442f-a7e9-ac686daae57d:group-62A27AB5243B:LeaderElection211: begin an election at term 5 for -1: [ce2be70a-d267-4ebc-abe0-fdcdf40aaae1:192.168.36.91:38648, 9adf8f3f-00f4-442f-a7e9-ac686daae57d:192.168.36.91:44931, ad88f3b0-98a4-4e16-8300-c870fa2dd819:192.168.36.91:34127], old=null
2019-09-01 05:53:11,979 [e504cd85-a1db-4587-8509-c7399dc7cafe:group-389DF4E823E9:LeaderElection209] INFO  impl.LeaderElection (LeaderElection.java:askForVotes(181)) - e504cd85-a1db-4587-8509-c7399dc7cafe:group-389DF4E823E9:LeaderElection209: begin an election at term 6 for -1: [2add93e0-2462-45f9-8504-d95fbdd1cf50:192.168.36.91:37068, 196a83ac-f404-447a-85c9-b484bfff17ef:192.168.36.91:35328, e504cd85-a1db-4587-8509-c7399dc7cafe:192.168.36.91:36185], old=null
2019-09-01 05:53:11,979 [ce2be70a-d267-4ebc-abe0-fdcdf40aaae1:group-62A27AB5243B:LeaderElection208] INFO  impl.LeaderElection (LeaderElection.java:askForVotes(181)) - ce2be70a-d267-4ebc-abe0-fdcdf40aaae1:group-62A27AB5243B:LeaderElection208: begin an election at term 5 for -1: [ce2be70a-d267-4ebc-abe0-fdcdf40aaae1:192.168.36.91:38648, 9adf8f3f-00f4-442f-a7e9-ac686daae57d:192.168.36.91:44931, ad88f3b0-98a4-4e16-8300-c870fa2dd819:192.168.36.91:34127], old=null
2019-09-01 05:53:11,979 [ad88f3b0-98a4-4e16-8300-c870fa2dd819:group-62A27AB5243B:LeaderElection210] INFO  impl.LeaderElection (LeaderElection.java:askForVotes(181)) - ad88f3b0-98a4-4e16-8300-c870fa2dd819:group-62A27AB5243B:LeaderElection210: begin an election at term 5 for -1: [ce2be70a-d267-4ebc-abe0-fdcdf40aaae1:192.168.36.91:38648, 9adf8f3f-00f4-442f-a7e9-ac686daae57d:192.168.36.91:44931, ad88f3b0-98a4-4e16-8300-c870fa2dd819:192.168.36.91:34127], old=null
2019-09-01 05:53:11,979 [196a83ac-f404-447a-85c9-b484bfff17ef:group-389DF4E823E9:LeaderElection207] INFO  impl.LeaderElection (LeaderElection.java:askForVotes(181)) - 196a83ac-f404-447a-85c9-b484bfff17ef:group-389DF4E823E9:LeaderElection207: begin an election at term 6 for -1: [2add93e0-2462-45f9-8504-d95fbdd1cf50:192.168.36.91:37068, 196a83ac-f404-447a-85c9-b484bfff17ef:192.168.36.91:35328, e504cd85-a1db-4587-8509-c7399dc7cafe:192.168.36.91:36185], old=null
2019-09-01 05:53:11,979 [2add93e0-2462-45f9-8504-d95fbdd1cf50:group-389DF4E823E9:LeaderElection212] INFO  impl.LeaderElection (LeaderElection.java:askForVotes(181)) - 2add93e0-2462-45f9-8504-d95fbdd1cf50:group-389DF4E823E9:LeaderElection212: begin an election at term 6 for -1: [2add93e0-2462-45f9-8504-d95fbdd1cf50:192.168.36.91:37068, 196a83ac-f404-447a-85c9-b484bfff17ef:192.168.36.91:35328, e504cd85-a1db-4587-8509-c7399dc7cafe:192.168.36.91:36185], old=null
2019-09-01 05:53:11,985 [9adf8f3f-00f4-442f-a7e9-ac686daae57d:group-62A27AB5243B:LeaderElection211] INFO  impl.LeaderElection (LeaderElection.java:logAndReturn(56)) - 9adf8f3f-00f4-442f-a7e9-ac686daae57d:group-62A27AB5243B:LeaderElection211: Election REJECTED; received 2 response(s) [9adf8f3f-00f4-442f-a7e9-ac686daae57d<-ce2be70a-d267-4ebc-abe0-fdcdf40aaae1#0:FAIL-t5, 9adf8f3f-00f4-442f-a7e9-ac686daae57d<-ad88f3b0-98a4-4e16-8300-c870fa2dd819#0:FAIL-t5] and 0 exception(s); 9adf8f3f-00f4-442f-a7e9-ac686daae57d:t5, leader=null, voted=9adf8f3f-00f4-442f-a7e9-ac686daae57d, raftlog=9adf8f3f-00f4-442f-a7e9-ac686daae57d-SegmentedRaftLog:OPENED:c-1,f-1,i0, conf=-1: [ce2be70a-d267-4ebc-abe0-fdcdf40aaae1:192.168.36.91:38648, 9adf8f3f-00f4-442f-a7e9-ac686daae57d:192.168.36.91:44931, ad88f3b0-98a4-4e16-8300-c870fa2dd819:192.168.36.91:34127], old=null
2019-09-01 05:53:11,986 [9adf8f3f-00f4-442f-a7e9-ac686daae57d:group-62A27AB5243B:LeaderElection211] INFO  impl.RaftServerImpl (RaftServerImpl.java:setRole(171)) - 9adf8f3f-00f4-442f-a7e9-ac686daae57d:group-62A27AB5243B changes role from CANDIDATE to FOLLOWER at term 5 for DISCOVERED_A_NEW_TERM
2019-09-01 05:53:11,986 [9adf8f3f-00f4-442f-a7e9-ac686daae57d:group-62A27AB5243B:LeaderElection211] INFO  impl.RoleInfo (RoleInfo.java:shutdownLeaderElection(134)) - 9adf8f3f-00f4-442f-a7e9-ac686daae57d: shutdown LeaderElection
2019-09-01 05:53:11,986 [9adf8f3f-00f4-442f-a7e9-ac686daae57d:group-62A27AB5243B:LeaderElection211] INFO  impl.RoleInfo (RoleInfo.java:updateAndGet(143)) - 9adf8f3f-00f4-442f-a7e9-ac686daae57d: start FollowerState
2019-09-01 05:53:11,986 [196a83ac-f404-447a-85c9-b484bfff17ef:group-389DF4E823E9:LeaderElection207] INFO  impl.LeaderElection (LeaderElection.java:logAndReturn(56)) - 196a83ac-f404-447a-85c9-b484bfff17ef:group-389DF4E823E9:LeaderElection207: Election REJECTED; received 2 response(s) [196a83ac-f404-447a-85c9-b484bfff17ef<-2add93e0-2462-45f9-8504-d95fbdd1cf50#0:FAIL-t6, 196a83ac-f404-447a-85c9-b484bfff17ef<-e504cd85-a1db-4587-8509-c7399dc7cafe#0:FAIL-t6] and 0 exception(s); 196a83ac-f404-447a-85c9-b484bfff17ef:t6, leader=null, voted=196a83ac-f404-447a-85c9-b484bfff17ef, raftlog=196a83ac-f404-447a-85c9-b484bfff17ef-SegmentedRaftLog:OPENED:c-1,f-1,i0, conf=-1: [2add93e0-2462-45f9-8504-d95fbdd1cf50:192.168.36.91:37068, 196a83ac-f404-447a-85c9-b484bfff17ef:192.168.36.91:35328, e504cd85-a1db-4587-8509-c7399dc7cafe:192.168.36.91:36185], old=null
2019-09-01 05:53:11,987 [196a83ac-f404-447a-85c9-b484bfff17ef:group-389DF4E823E9:LeaderElection207] INFO  impl.RaftServerImpl (RaftServerImpl.java:setRole(171)) - 196a83ac-f404-447a-85c9-b484bfff17ef:group-389DF4E823E9 changes role from CANDIDATE to FOLLOWER at term 6 for DISCOVERED_A_NEW_TERM
2019-09-01 05:53:11,987 [ce2be70a-d267-4ebc-abe0-fdcdf40aaae1:group-62A27AB5243B:LeaderElection208] INFO  impl.LeaderElection (LeaderElection.java:logAndReturn(56)) - ce2be70a-d267-4ebc-abe0-fdcdf40aaae1:group-62A27AB5243B:LeaderElection208: Election REJECTED; received 2 response(s) [ce2be70a-d267-4ebc-abe0-fdcdf40aaae1<-9adf8f3f-00f4-442f-a7e9-ac686daae57d#0:FAIL-t5, ce2be70a-d267-4ebc-abe0-fdcdf40aaae1<-ad88f3b0-98a4-4e16-8300-c870fa2dd819#0:FAIL-t5] and 0 exception(s); ce2be70a-d267-4ebc-abe0-fdcdf40aaae1:t5, leader=null, voted=ce2be70a-d267-4ebc-abe0-fdcdf40aaae1, raftlog=ce2be70a-d267-4ebc-abe0-fdcdf40aaae1-SegmentedRaftLog:OPENED:c-1,f-1,i0, conf=-1: [ce2be70a-d267-4ebc-abe0-fdcdf40aaae1:192.168.36.91:38648, 9adf8f3f-00f4-442f-a7e9-ac686daae57d:192.168.36.91:44931, ad88f3b0-98a4-4e16-8300-c870fa2dd819:192.168.36.91:34127], old=null
2019-09-01 05:53:11,987 [196a83ac-f404-447a-85c9-b484bfff17ef:group-389DF4E823E9:LeaderElection207] INFO  impl.RoleInfo (RoleInfo.java:shutdownLeaderElection(134)) - 196a83ac-f404-447a-85c9-b484bfff17ef: shutdown LeaderElection
2019-09-01 05:53:11,987 [ce2be70a-d267-4ebc-abe0-fdcdf40aaae1:group-62A27AB5243B:LeaderElection208] INFO  impl.RaftServerImpl (RaftServerImpl.java:setRole(171)) - ce2be70a-d267-4ebc-abe0-fdcdf40aaae1:group-62A27AB5243B changes role from CANDIDATE to FOLLOWER at term 5 for DISCOVERED_A_NEW_TERM
2019-09-01 05:53:11,987 [ce2be70a-d267-4ebc-abe0-fdcdf40aaae1:group-62A27AB5243B:LeaderElection208] INFO  impl.RoleInfo (RoleInfo.java:shutdownLeaderElection(134)) - ce2be70a-d267-4ebc-abe0-fdcdf40aaae1: shutdown LeaderElection
2019-09-01 05:53:11,987 [196a83ac-f404-447a-85c9-b484bfff17ef:group-389DF4E823E9:LeaderElection207] INFO  impl.RoleInfo (RoleInfo.java:updateAndGet(143)) - 196a83ac-f404-447a-85c9-b484bfff17ef: start FollowerState
2019-09-01 05:53:11,987 [ce2be70a-d267-4ebc-abe0-fdcdf40aaae1:group-62A27AB5243B:LeaderElection208] INFO  impl.RoleInfo (RoleInfo.java:updateAndGet(143)) - ce2be70a-d267-4ebc-abe0-fdcdf40aaae1: start FollowerState
2019-09-01 05:53:11,987 [2add93e0-2462-45f9-8504-d95fbdd1cf50:group-389DF4E823E9:LeaderElection212] INFO  impl.LeaderElection (LeaderElection.java:logAndReturn(56)) - 2add93e0-2462-45f9-8504-d95fbdd1cf50:group-389DF4E823E9:LeaderElection212: Election REJECTED; received 2 response(s) [2add93e0-2462-45f9-8504-d95fbdd1cf50<-196a83ac-f404-447a-85c9-b484bfff17ef#0:FAIL-t6, 2add93e0-2462-45f9-8504-d95fbdd1cf50<-e504cd85-a1db-4587-8509-c7399dc7cafe#0:FAIL-t6] and 0 exception(s); 2add93e0-2462-45f9-8504-d95fbdd1cf50:t6, leader=null, voted=2add93e0-2462-45f9-8504-d95fbdd1cf50, raftlog=2add93e0-2462-45f9-8504-d95fbdd1cf50-SegmentedRaftLog:OPENED:c-1,f-1,i0, conf=-1: [2add93e0-2462-45f9-8504-d95fbdd1cf50:192.168.36.91:37068, 196a83ac-f404-447a-85c9-b484bfff17ef:192.168.36.91:35328, e504cd85-a1db-4587-8509-c7399dc7cafe:192.168.36.91:36185], old=null
2019-09-01 05:53:11,988 [2add93e0-2462-45f9-8504-d95fbdd1cf50:group-389DF4E823E9:LeaderElection212] INFO  impl.RaftServerImpl (RaftServerImpl.java:setRole(171)) - 2add93e0-2462-45f9-8504-d95fbdd1cf50:group-389DF4E823E9 changes role from CANDIDATE to FOLLOWER at term 6 for DISCOVERED_A_NEW_TERM
2019-09-01 05:53:11,988 [2add93e0-2462-45f9-8504-d95fbdd1cf50:group-389DF4E823E9:LeaderElection212] INFO  impl.RoleInfo (RoleInfo.java:shutdownLeaderElection(134)) - 2add93e0-2462-45f9-8504-d95fbdd1cf50: shutdown LeaderElection
2019-09-01 05:53:11,989 [2add93e0-2462-45f9-8504-d95fbdd1cf50:group-389DF4E823E9:LeaderElection212] INFO  impl.RoleInfo (RoleInfo.java:updateAndGet(143)) - 2add93e0-2462-45f9-8504-d95fbdd1cf50: start FollowerState
2019-09-01 05:53:11,989 [e504cd85-a1db-4587-8509-c7399dc7cafe:group-389DF4E823E9:LeaderElection209] INFO  impl.LeaderElection (LeaderElection.java:logAndReturn(56)) - e504cd85-a1db-4587-8509-c7399dc7cafe:group-389DF4E823E9:LeaderElection209: Election REJECTED; received 2 response(s) [e504cd85-a1db-4587-8509-c7399dc7cafe<-2add93e0-2462-45f9-8504-d95fbdd1cf50#0:FAIL-t6, e504cd85-a1db-4587-8509-c7399dc7cafe<-196a83ac-f404-447a-85c9-b484bfff17ef#0:FAIL-t6] and 0 exception(s); e504cd85-a1db-4587-8509-c7399dc7cafe:t6, leader=null, voted=e504cd85-a1db-4587-8509-c7399dc7cafe, raftlog=e504cd85-a1db-4587-8509-c7399dc7cafe-SegmentedRaftLog:OPENED:c-1,f-1,i0, conf=-1: [2add93e0-2462-45f9-8504-d95fbdd1cf50:192.168.36.91:37068, 196a83ac-f404-447a-85c9-b484bfff17ef:192.168.36.91:35328, e504cd85-a1db-4587-8509-c7399dc7cafe:192.168.36.91:36185], old=null
2019-09-01 05:53:11,989 [ad88f3b0-98a4-4e16-8300-c870fa2dd819:group-62A27AB5243B:LeaderElection210] INFO  impl.LeaderElection (LeaderElection.java:logAndReturn(56)) - ad88f3b0-98a4-4e16-8300-c870fa2dd819:group-62A27AB5243B:LeaderElection210: Election REJECTED; received 2 response(s) [ad88f3b0-98a4-4e16-8300-c870fa2dd819<-ce2be70a-d267-4ebc-abe0-fdcdf40aaae1#0:FAIL-t5, ad88f3b0-98a4-4e16-8300-c870fa2dd819<-9adf8f3f-00f4-442f-a7e9-ac686daae57d#0:FAIL-t5] and 0 exception(s); ad88f3b0-98a4-4e16-8300-c870fa2dd819:t5, leader=null, voted=ad88f3b0-98a4-4e16-8300-c870fa2dd819, raftlog=ad88f3b0-98a4-4e16-8300-c870fa2dd819-SegmentedRaftLog:OPENED:c-1,f-1,i0, conf=-1: [ce2be70a-d267-4ebc-abe0-fdcdf40aaae1:192.168.36.91:38648, 9adf8f3f-00f4-442f-a7e9-ac686daae57d:192.168.36.91:44931, ad88f3b0-98a4-4e16-8300-c870fa2dd819:192.168.36.91:34127], old=null
2019-09-01 05:53:11,989 [e504cd85-a1db-4587-8509-c7399dc7cafe:group-389DF4E823E9:LeaderElection209] INFO  impl.RaftServerImpl (RaftServerImpl.java:setRole(171)) - e504cd85-a1db-4587-8509-c7399dc7cafe:group-389DF4E823E9 changes role from CANDIDATE to FOLLOWER at term 6 for DISCOVERED_A_NEW_TERM
2019-09-01 05:53:11,990 [ad88f3b0-98a4-4e16-8300-c870fa2dd819:group-62A27AB5243B:LeaderElection210] INFO  impl.RaftServerImpl (RaftServerImpl.java:setRole(171)) - ad88f3b0-98a4-4e16-8300-c870fa2dd819:group-62A27AB5243B changes role from CANDIDATE to FOLLOWER at term 5 for DISCOVERED_A_NEW_TERM
2019-09-01 05:53:11,990 [e504cd85-a1db-4587-8509-c7399dc7cafe:group-389DF4E823E9:LeaderElection209] INFO  impl.RoleInfo (RoleInfo.java:shutdownLeaderElection(134)) - e504cd85-a1db-4587-8509-c7399dc7cafe: shutdown LeaderElection
2019-09-01 05:53:11,990 [ad88f3b0-98a4-4e16-8300-c870fa2dd819:group-62A27AB5243B:LeaderElection210] INFO  impl.RoleInfo (RoleInfo.java:shutdownLeaderElection(134)) - ad88f3b0-98a4-4e16-8300-c870fa2dd819: shutdown LeaderElection
2019-09-01 05:53:11,990 [e504cd85-a1db-4587-8509-c7399dc7cafe:group-389DF4E823E9:LeaderElection209] INFO  impl.RoleInfo (RoleInfo.java:updateAndGet(143)) - e504cd85-a1db-4587-8509-c7399dc7cafe: start FollowerState
2019-09-01 05:53:11,990 [ad88f3b0-98a4-4e16-8300-c870fa2dd819:group-62A27AB5243B:LeaderElection210] INFO  impl.RoleInfo (RoleInfo.java:updateAndGet(143)) - ad88f3b0-98a4-4e16-8300-c870fa2dd819: start FollowerState
2019-09-01 05:53:12,277 [grpc-default-executor-6] INFO  client.GrpcClientProtocolClient (GrpcClientProtocolClient.java:onNext(255)) - client-140AEB51EE0B->196a83ac-f404-447a-85c9-b484bfff17ef: receive RaftClientReply:client-140AEB51EE0B->196a83ac-f404-447a-85c9-b484bfff17ef@group-389DF4E823E9, cid=123, FAILED org.apache.ratis.protocol.NotLeaderException: Server 196a83ac-f404-447a-85c9-b484bfff17ef is not the leader (null). Request must be sent to leader., logIndex=0, commits[196a83ac-f404-447a-85c9-b484bfff17ef:c-1]
2019-09-01 05:53:12,991 [Thread-3892] INFO  impl.FollowerState (FollowerState.java:run(106)) - ad88f3b0-98a4-4e16-8300-c870fa2dd819:group-62A27AB5243B changes to CANDIDATE, lastRpcTime:1000, electionTimeout:1000ms
2019-09-01 05:53:12,991 [Thread-3892] INFO  impl.RoleInfo (RoleInfo.java:shutdownFollowerState(121)) - ad88f3b0-98a4-4e16-8300-c870fa2dd819: shutdown FollowerState
2019-09-01 05:53:12,991 [Thread-3892] INFO  impl.RaftServerImpl (RaftServerImpl.java:setRole(171)) - ad88f3b0-98a4-4e16-8300-c870fa2dd819:group-62A27AB5243B changes role from FOLLOWER to CANDIDATE at term 5 for changeToCandidate
2019-09-01 05:53:12,991 [Thread-3892] INFO  impl.RoleInfo (RoleInfo.java:updateAndGet(143)) - ad88f3b0-98a4-4e16-8300-c870fa2dd819: start LeaderElection
2019-09-01 05:53:13,005 [Thread-3891] INFO  impl.FollowerState (FollowerState.java:run(106)) - e504cd85-a1db-4587-8509-c7399dc7cafe:group-389DF4E823E9 changes to CANDIDATE, lastRpcTime:1014, electionTimeout:1014ms
2019-09-01 05:53:13,005 [Thread-3891] INFO  impl.RoleInfo (RoleInfo.java:shutdownFollowerState(121)) - e504cd85-a1db-4587-8509-c7399dc7cafe: shutdown FollowerState
2019-09-01 05:53:13,005 [Thread-3891] INFO  impl.RaftServerImpl (RaftServerImpl.java:setRole(171)) - e504cd85-a1db-4587-8509-c7399dc7cafe:group-389DF4E823E9 changes role from FOLLOWER to CANDIDATE at term 6 for changeToCandidate
2019-09-01 05:53:13,005 [Thread-3891] INFO  impl.RoleInfo (RoleInfo.java:updateAndGet(143)) - e504cd85-a1db-4587-8509-c7399dc7cafe: start LeaderElection
2019-09-01 05:53:13,017 [Thread-3887] INFO  impl.FollowerState (FollowerState.java:run(106)) - 9adf8f3f-00f4-442f-a7e9-ac686daae57d:group-62A27AB5243B changes to CANDIDATE, lastRpcTime:1031, electionTimeout:1031ms
2019-09-01 05:53:13,018 [Thread-3887] INFO  impl.RoleInfo (RoleInfo.java:shutdownFollowerState(121)) - 9adf8f3f-00f4-442f-a7e9-ac686daae57d: shutdown FollowerState
2019-09-01 05:53:13,018 [Thread-3887] INFO  impl.RaftServerImpl (RaftServerImpl.java:setRole(171)) - 9adf8f3f-00f4-442f-a7e9-ac686daae57d:group-62A27AB5243B changes role from FOLLOWER to CANDIDATE at term 5 for changeToCandidate
2019-09-01 05:53:13,018 [Thread-3887] INFO  impl.RoleInfo (RoleInfo.java:updateAndGet(143)) - 9adf8f3f-00f4-442f-a7e9-ac686daae57d: start LeaderElection
2019-09-01 05:53:13,049 [Thread-3889] INFO  impl.FollowerState (FollowerState.java:run(106)) - ce2be70a-d267-4ebc-abe0-fdcdf40aaae1:group-62A27AB5243B changes to CANDIDATE, lastRpcTime:1062, electionTimeout:1061ms
2019-09-01 05:53:13,050 [Thread-3889] INFO  impl.RoleInfo (RoleInfo.java:shutdownFollowerState(121)) - ce2be70a-d267-4ebc-abe0-fdcdf40aaae1: shutdown FollowerState
2019-09-01 05:53:13,050 [Thread-3889] INFO  impl.RaftServerImpl (RaftServerImpl.java:setRole(171)) - ce2be70a-d267-4ebc-abe0-fdcdf40aaae1:group-62A27AB5243B changes role from FOLLOWER to CANDIDATE at term 5 for changeToCandidate
2019-09-01 05:53:13,050 [Thread-3889] INFO  impl.RoleInfo (RoleInfo.java:updateAndGet(143)) - ce2be70a-d267-4ebc-abe0-fdcdf40aaae1: start LeaderElection
2019-09-01 05:53:13,152 [Thread-3890] INFO  impl.FollowerState (FollowerState.java:run(106)) - 2add93e0-2462-45f9-8504-d95fbdd1cf50:group-389DF4E823E9 changes to CANDIDATE, lastRpcTime:1163, electionTimeout:1163ms
2019-09-01 05:53:13,153 [Thread-3890] INFO  impl.RoleInfo (RoleInfo.java:shutdownFollowerState(121)) - 2add93e0-2462-45f9-8504-d95fbdd1cf50: shutdown FollowerState
2019-09-01 05:53:13,153 [Thread-3890] INFO  impl.RaftServerImpl (RaftServerImpl.java:setRole(171)) - 2add93e0-2462-45f9-8504-d95fbdd1cf50:group-389DF4E823E9 changes role from FOLLOWER to CANDIDATE at term 6 for changeToCandidate
2019-09-01 05:53:13,153 [Thread-3890] INFO  impl.RoleInfo (RoleInfo.java:updateAndGet(143)) - 2add93e0-2462-45f9-8504-d95fbdd1cf50: start LeaderElection
2019-09-01 05:53:13,187 [Thread-3888] INFO  impl.FollowerState (FollowerState.java:run(106)) - 196a83ac-f404-447a-85c9-b484bfff17ef:group-389DF4E823E9 changes to CANDIDATE, lastRpcTime:1199, electionTimeout:1199ms
2019-09-01 05:53:13,187 [Thread-3888] INFO  impl.RoleInfo (RoleInfo.java:shutdownFollowerState(121)) - 196a83ac-f404-447a-85c9-b484bfff17ef: shutdown FollowerState
2019-09-01 05:53:13,187 [Thread-3888] INFO  impl.RaftServerImpl (RaftServerImpl.java:setRole(171)) - 196a83ac-f404-447a-85c9-b484bfff17ef:group-389DF4E823E9 changes role from FOLLOWER to CANDIDATE at term 6 for changeToCandidate
2019-09-01 05:53:13,187 [Thread-3888] INFO  impl.RoleInfo (RoleInfo.java:updateAndGet(143)) - 196a83ac-f404-447a-85c9-b484bfff17ef: start LeaderElection
2019-09-01 05:53:13,297 [grpc-default-executor-3] INFO  client.GrpcClientProtocolClient (GrpcClientProtocolClient.java:onNext(255)) - client-140AEB51EE0B->2add93e0-2462-45f9-8504-d95fbdd1cf50: receive RaftClientReply:client-140AEB51EE0B->2add93e0-2462-45f9-8504-d95fbdd1cf50@group-389DF4E823E9, cid=123, FAILED org.apache.ratis.protocol.NotLeaderException: Server 2add93e0-2462-45f9-8504-d95fbdd1cf50 is not the leader (null). Request must be sent to leader., logIndex=0, commits[2add93e0-2462-45f9-8504-d95fbdd1cf50:c-1]
2019-09-01 05:53:14,324 [grpc-default-executor-3] INFO  client.GrpcClientProtocolClient (GrpcClientProtocolClient.java:onNext(255)) - client-140AEB51EE0B->196a83ac-f404-447a-85c9-b484bfff17ef: receive RaftClientReply:client-140AEB51EE0B->196a83ac-f404-447a-85c9-b484bfff17ef@group-389DF4E823E9, cid=123, FAILED org.apache.ratis.protocol.NotLeaderException: Server 196a83ac-f404-447a-85c9-b484bfff17ef is not the leader (null). Request must be sent to leader., logIndex=0, commits[196a83ac-f404-447a-85c9-b484bfff17ef:c-1]
2019-09-01 05:53:14,495 [ce2be70a-d267-4ebc-abe0-fdcdf40aaae1:group-62A27AB5243B:LeaderElection216] INFO  impl.LeaderElection (LeaderElection.java:askForVotes(181)) - ce2be70a-d267-4ebc-abe0-fdcdf40aaae1:group-62A27AB5243B:LeaderElection216: begin an election at term 6 for -1: [ce2be70a-d267-4ebc-abe0-fdcdf40aaae1:192.168.36.91:38648, 9adf8f3f-00f4-442f-a7e9-ac686daae57d:192.168.36.91:44931, ad88f3b0-98a4-4e16-8300-c870fa2dd819:192.168.36.91:34127], old=null
2019-09-01 05:53:14,495 [e504cd85-a1db-4587-8509-c7399dc7cafe:group-389DF4E823E9:LeaderElection214] INFO  impl.LeaderElection (LeaderElection.java:askForVotes(181)) - e504cd85-a1db-4587-8509-c7399dc7cafe:group-389DF4E823E9:LeaderElection214: begin an election at term 7 for -1: [2add93e0-2462-45f9-8504-d95fbdd1cf50:192.168.36.91:37068, 196a83ac-f404-447a-85c9-b484bfff17ef:192.168.36.91:35328, e504cd85-a1db-4587-8509-c7399dc7cafe:192.168.36.91:36185], old=null
2019-09-01 05:53:14,495 [ad88f3b0-98a4-4e16-8300-c870fa2dd819:group-62A27AB5243B:LeaderElection213] INFO  impl.LeaderElection (LeaderElection.java:askForVotes(181)) - ad88f3b0-98a4-4e16-8300-c870fa2dd819:group-62A27AB5243B:LeaderElection213: begin an election at term 6 for -1: [ce2be70a-d267-4ebc-abe0-fdcdf40aaae1:192.168.36.91:38648, 9adf8f3f-00f4-442f-a7e9-ac686daae57d:192.168.36.91:44931, ad88f3b0-98a4-4e16-8300-c870fa2dd819:192.168.36.91:34127], old=null
2019-09-01 05:53:14,495 [9adf8f3f-00f4-442f-a7e9-ac686daae57d:group-62A27AB5243B:LeaderElection215] INFO  impl.LeaderElection (LeaderElection.java:askForVotes(181)) - 9adf8f3f-00f4-442f-a7e9-ac686daae57d:group-62A27AB5243B:LeaderElection215: begin an election at term 6 for -1: [ce2be70a-d267-4ebc-abe0-fdcdf40aaae1:192.168.36.91:38648, 9adf8f3f-00f4-442f-a7e9-ac686daae57d:192.168.36.91:44931, ad88f3b0-98a4-4e16-8300-c870fa2dd819:192.168.36.91:34127], old=null
2019-09-01 05:53:14,502 [ce2be70a-d267-4ebc-abe0-fdcdf40aaae1:group-62A27AB5243B:LeaderElection216] INFO  impl.LeaderElection (LeaderElection.java:logAndReturn(56)) - ce2be70a-d267-4ebc-abe0-fdcdf40aaae1:group-62A27AB5243B:LeaderElection216: Election REJECTED; received 2 response(s) [ce2be70a-d267-4ebc-abe0-fdcdf40aaae1<-9adf8f3f-00f4-442f-a7e9-ac686daae57d#0:FAIL-t6, ce2be70a-d267-4ebc-abe0-fdcdf40aaae1<-ad88f3b0-98a4-4e16-8300-c870fa2dd819#0:FAIL-t6] and 0 exception(s); ce2be70a-d267-4ebc-abe0-fdcdf40aaae1:t6, leader=null, voted=ce2be70a-d267-4ebc-abe0-fdcdf40aaae1, raftlog=ce2be70a-d267-4ebc-abe0-fdcdf40aaae1-SegmentedRaftLog:OPENED:c-1,f-1,i0, conf=-1: [ce2be70a-d267-4ebc-abe0-fdcdf40aaae1:192.168.36.91:38648, 9adf8f3f-00f4-442f-a7e9-ac686daae57d:192.168.36.91:44931, ad88f3b0-98a4-4e16-8300-c870fa2dd819:192.168.36.91:34127], old=null
2019-09-01 05:53:14,502 [ad88f3b0-98a4-4e16-8300-c870fa2dd819:group-62A27AB5243B:LeaderElection213] INFO  impl.LeaderElection (LeaderElection.java:logAndReturn(56)) - ad88f3b0-98a4-4e16-8300-c870fa2dd819:group-62A27AB5243B:LeaderElection213: Election REJECTED; received 2 response(s) [ad88f3b0-98a4-4e16-8300-c870fa2dd819<-ce2be70a-d267-4ebc-abe0-fdcdf40aaae1#0:FAIL-t6, ad88f3b0-98a4-4e16-8300-c870fa2dd819<-9adf8f3f-00f4-442f-a7e9-ac686daae57d#0:FAIL-t6] and 0 exception(s); ad88f3b0-98a4-4e16-8300-c870fa2dd819:t6, leader=null, voted=ad88f3b0-98a4-4e16-8300-c870fa2dd819, raftlog=ad88f3b0-98a4-4e16-8300-c870fa2dd819-SegmentedRaftLog:OPENED:c-1,f-1,i0, conf=-1: [ce2be70a-d267-4ebc-abe0-fdcdf40aaae1:192.168.36.91:38648, 9adf8f3f-00f4-442f-a7e9-ac686daae57d:192.168.36.91:44931, ad88f3b0-98a4-4e16-8300-c870fa2dd819:192.168.36.91:34127], old=null
2019-09-01 05:53:14,502 [ce2be70a-d267-4ebc-abe0-fdcdf40aaae1:group-62A27AB5243B:LeaderElection216] INFO  impl.RaftServerImpl (RaftServerImpl.java:setRole(171)) - ce2be70a-d267-4ebc-abe0-fdcdf40aaae1:group-62A27AB5243B changes role from CANDIDATE to FOLLOWER at term 6 for DISCOVERED_A_NEW_TERM
2019-09-01 05:53:14,502 [ad88f3b0-98a4-4e16-8300-c870fa2dd819:group-62A27AB5243B:LeaderElection213] INFO  impl.RaftServerImpl (RaftServerImpl.java:setRole(171)) - ad88f3b0-98a4-4e16-8300-c870fa2dd819:group-62A27AB5243B changes role from CANDIDATE to FOLLOWER at term 6 for DISCOVERED_A_NEW_TERM
2019-09-01 05:53:14,502 [9adf8f3f-00f4-442f-a7e9-ac686daae57d:group-62A27AB5243B:LeaderElection215] INFO  impl.LeaderElection (LeaderElection.java:logAndReturn(56)) - 9adf8f3f-00f4-442f-a7e9-ac686daae57d:group-62A27AB5243B:LeaderElection215: Election REJECTED; received 2 response(s) [9adf8f3f-00f4-442f-a7e9-ac686daae57d<-ce2be70a-d267-4ebc-abe0-fdcdf40aaae1#0:FAIL-t6, 9adf8f3f-00f4-442f-a7e9-ac686daae57d<-ad88f3b0-98a4-4e16-8300-c870fa2dd819#0:FAIL-t6] and 0 exception(s); 9adf8f3f-00f4-442f-a7e9-ac686daae57d:t6, leader=null, voted=9adf8f3f-00f4-442f-a7e9-ac686daae57d, raftlog=9adf8f3f-00f4-442f-a7e9-ac686daae57d-SegmentedRaftLog:OPENED:c-1,f-1,i0, conf=-1: [ce2be70a-d267-4ebc-abe0-fdcdf40aaae1:192.168.36.91:38648, 9adf8f3f-00f4-442f-a7e9-ac686daae57d:192.168.36.91:44931, ad88f3b0-98a4-4e16-8300-c870fa2dd819:192.168.36.91:34127], old=null
2019-09-01 05:53:14,502 [ce2be70a-d267-4ebc-abe0-fdcdf40aaae1:group-62A27AB5243B:LeaderElection216] INFO  impl.RoleInfo (RoleInfo.java:shutdownLeaderElection(134)) - ce2be70a-d267-4ebc-abe0-fdcdf40aaae1: shutdown LeaderElection
2019-09-01 05:53:14,503 [9adf8f3f-00f4-442f-a7e9-ac686daae57d:group-62A27AB5243B:LeaderElection215] INFO  impl.RaftServerImpl (RaftServerImpl.java:setRole(171)) - 9adf8f3f-00f4-442f-a7e9-ac686daae57d:group-62A27AB5243B changes role from CANDIDATE to FOLLOWER at term 6 for DISCOVERED_A_NEW_TERM
2019-09-01 05:53:14,503 [ad88f3b0-98a4-4e16-8300-c870fa2dd819:group-62A27AB5243B:LeaderElection213] INFO  impl.RoleInfo (RoleInfo.java:shutdownLeaderElection(134)) - ad88f3b0-98a4-4e16-8300-c870fa2dd819: shutdown LeaderElection
2019-09-01 05:53:14,503 [9adf8f3f-00f4-442f-a7e9-ac686daae57d:group-62A27AB5243B:LeaderElection215] INFO  impl.RoleInfo (RoleInfo.java:shutdownLeaderElection(134)) - 9adf8f3f-00f4-442f-a7e9-ac686daae57d: shutdown LeaderElection
2019-09-01 05:53:14,503 [ce2be70a-d267-4ebc-abe0-fdcdf40aaae1:group-62A27AB5243B:LeaderElection216] INFO  impl.RoleInfo (RoleInfo.java:updateAndGet(143)) - ce2be70a-d267-4ebc-abe0-fdcdf40aaae1: start FollowerState
2019-09-01 05:53:14,504 [9adf8f3f-00f4-442f-a7e9-ac686daae57d:group-62A27AB5243B:LeaderElection215] INFO  impl.RoleInfo (RoleInfo.java:updateAndGet(143)) - 9adf8f3f-00f4-442f-a7e9-ac686daae57d: start FollowerState
2019-09-01 05:53:14,503 [ad88f3b0-98a4-4e16-8300-c870fa2dd819:group-62A27AB5243B:LeaderElection213] INFO  impl.RoleInfo (RoleInfo.java:updateAndGet(143)) - ad88f3b0-98a4-4e16-8300-c870fa2dd819: start FollowerState
2019-09-01 05:53:14,514 [196a83ac-f404-447a-85c9-b484bfff17ef:group-389DF4E823E9:LeaderElection218] INFO  impl.LeaderElection (LeaderElection.java:askForVotes(181)) - 196a83ac-f404-447a-85c9-b484bfff17ef:group-389DF4E823E9:LeaderElection218: begin an election at term 7 for -1: [2add93e0-2462-45f9-8504-d95fbdd1cf50:192.168.36.91:37068, 196a83ac-f404-447a-85c9-b484bfff17ef:192.168.36.91:35328, e504cd85-a1db-4587-8509-c7399dc7cafe:192.168.36.91:36185], old=null
2019-09-01 05:53:14,514 [2add93e0-2462-45f9-8504-d95fbdd1cf50:group-389DF4E823E9:LeaderElection217] INFO  impl.LeaderElection (LeaderElection.java:askForVotes(181)) - 2add93e0-2462-45f9-8504-d95fbdd1cf50:group-389DF4E823E9:LeaderElection217: begin an election at term 7 for -1: [2add93e0-2462-45f9-8504-d95fbdd1cf50:192.168.36.91:37068, 196a83ac-f404-447a-85c9-b484bfff17ef:192.168.36.91:35328, e504cd85-a1db-4587-8509-c7399dc7cafe:192.168.36.91:36185], old=null
2019-09-01 05:53:14,515 [e504cd85-a1db-4587-8509-c7399dc7cafe:group-389DF4E823E9:LeaderElection214] INFO  impl.LeaderElection (LeaderElection.java:logAndReturn(56)) - e504cd85-a1db-4587-8509-c7399dc7cafe:group-389DF4E823E9:LeaderElection214: Election REJECTED; received 2 response(s) [e504cd85-a1db-4587-8509-c7399dc7cafe<-2add93e0-2462-45f9-8504-d95fbdd1cf50#0:FAIL-t7, e504cd85-a1db-4587-8509-c7399dc7cafe<-196a83ac-f404-447a-85c9-b484bfff17ef#0:FAIL-t7] and 0 exception(s); e504cd85-a1db-4587-8509-c7399dc7cafe:t7, leader=null, voted=e504cd85-a1db-4587-8509-c7399dc7cafe, raftlog=e504cd85-a1db-4587-8509-c7399dc7cafe-SegmentedRaftLog:OPENED:c-1,f-1,i0, conf=-1: [2add93e0-2462-45f9-8504-d95fbdd1cf50:192.168.36.91:37068, 196a83ac-f404-447a-85c9-b484bfff17ef:192.168.36.91:35328, e504cd85-a1db-4587-8509-c7399dc7cafe:192.168.36.91:36185], old=null
2019-09-01 05:53:14,515 [e504cd85-a1db-4587-8509-c7399dc7cafe:group-389DF4E823E9:LeaderElection214] INFO  impl.RaftServerImpl (RaftServerImpl.java:setRole(171)) - e504cd85-a1db-4587-8509-c7399dc7cafe:group-389DF4E823E9 changes role from CANDIDATE to FOLLOWER at term 7 for DISCOVERED_A_NEW_TERM
2019-09-01 05:53:14,515 [e504cd85-a1db-4587-8509-c7399dc7cafe:group-389DF4E823E9:LeaderElection214] INFO  impl.RoleInfo (RoleInfo.java:shutdownLeaderElection(134)) - e504cd85-a1db-4587-8509-c7399dc7cafe: shutdown LeaderElection
2019-09-01 05:53:14,516 [e504cd85-a1db-4587-8509-c7399dc7cafe:group-389DF4E823E9:LeaderElection214] INFO  impl.RoleInfo (RoleInfo.java:updateAndGet(143)) - e504cd85-a1db-4587-8509-c7399dc7cafe: start FollowerState
2019-09-01 05:53:14,518 [196a83ac-f404-447a-85c9-b484bfff17ef:group-389DF4E823E9:LeaderElection218] INFO  impl.LeaderElection (LeaderElection.java:logAndReturn(56)) - 196a83ac-f404-447a-85c9-b484bfff17ef:group-389DF4E823E9:LeaderElection218: Election REJECTED; received 2 response(s) [196a83ac-f404-447a-85c9-b484bfff17ef<-2add93e0-2462-45f9-8504-d95fbdd1cf50#0:FAIL-t7, 196a83ac-f404-447a-85c9-b484bfff17ef<-e504cd85-a1db-4587-8509-c7399dc7cafe#0:FAIL-t7] and 0 exception(s); 196a83ac-f404-447a-85c9-b484bfff17ef:t7, leader=null, voted=196a83ac-f404-447a-85c9-b484bfff17ef, raftlog=196a83ac-f404-447a-85c9-b484bfff17ef-SegmentedRaftLog:OPENED:c-1,f-1,i0, conf=-1: [2add93e0-2462-45f9-8504-d95fbdd1cf50:192.168.36.91:37068, 196a83ac-f404-447a-85c9-b484bfff17ef:192.168.36.91:35328, e504cd85-a1db-4587-8509-c7399dc7cafe:192.168.36.91:36185], old=null
2019-09-01 05:53:14,518 [2add93e0-2462-45f9-8504-d95fbdd1cf50:group-389DF4E823E9:LeaderElection217] INFO  impl.LeaderElection (LeaderElection.java:logAndReturn(56)) - 2add93e0-2462-45f9-8504-d95fbdd1cf50:group-389DF4E823E9:LeaderElection217: Election REJECTED; received 2 response(s) [2add93e0-2462-45f9-8504-d95fbdd1cf50<-196a83ac-f404-447a-85c9-b484bfff17ef#0:FAIL-t7, 2add93e0-2462-45f9-8504-d95fbdd1cf50<-e504cd85-a1db-4587-8509-c7399dc7cafe#0:FAIL-t7] and 0 exception(s); 2add93e0-2462-45f9-8504-d95fbdd1cf50:t7, leader=null, voted=2add93e0-2462-45f9-8504-d95fbdd1cf50, raftlog=2add93e0-2462-45f9-8504-d95fbdd1cf50-SegmentedRaftLog:OPENED:c-1,f-1,i0, conf=-1: [2add93e0-2462-45f9-8504-d95fbdd1cf50:192.168.36.91:37068, 196a83ac-f404-447a-85c9-b484bfff17ef:192.168.36.91:35328, e504cd85-a1db-4587-8509-c7399dc7cafe:192.168.36.91:36185], old=null
2019-09-01 05:53:14,519 [196a83ac-f404-447a-85c9-b484bfff17ef:group-389DF4E823E9:LeaderElection218] INFO  impl.RaftServerImpl (RaftServerImpl.java:setRole(171)) - 196a83ac-f404-447a-85c9-b484bfff17ef:group-389DF4E823E9 changes role from CANDIDATE to FOLLOWER at term 7 for DISCOVERED_A_NEW_TERM
2019-09-01 05:53:14,519 [2add93e0-2462-45f9-8504-d95fbdd1cf50:group-389DF4E823E9:LeaderElection217] INFO  impl.RaftServerImpl (RaftServerImpl.java:setRole(171)) - 2add93e0-2462-45f9-8504-d95fbdd1cf50:group-389DF4E823E9 changes role from CANDIDATE to FOLLOWER at term 7 for DISCOVERED_A_NEW_TERM
2019-09-01 05:53:14,519 [196a83ac-f404-447a-85c9-b484bfff17ef:group-389DF4E823E9:LeaderElection218] INFO  impl.RoleInfo (RoleInfo.java:shutdownLeaderElection(134)) - 196a83ac-f404-447a-85c9-b484bfff17ef: shutdown LeaderElection
2019-09-01 05:53:14,519 [2add93e0-2462-45f9-8504-d95fbdd1cf50:group-389DF4E823E9:LeaderElection217] INFO  impl.RoleInfo (RoleInfo.java:shutdownLeaderElection(134)) - 2add93e0-2462-45f9-8504-d95fbdd1cf50: shutdown LeaderElection
2019-09-01 05:53:14,519 [196a83ac-f404-447a-85c9-b484bfff17ef:group-389DF4E823E9:LeaderElection218] INFO  impl.RoleInfo (RoleInfo.java:updateAndGet(143)) - 196a83ac-f404-447a-85c9-b484bfff17ef: start FollowerState
2019-09-01 05:53:14,519 [2add93e0-2462-45f9-8504-d95fbdd1cf50:group-389DF4E823E9:LeaderElection217] INFO  impl.RoleInfo (RoleInfo.java:updateAndGet(143)) - 2add93e0-2462-45f9-8504-d95fbdd1cf50: start FollowerState
2019-09-01 05:53:15,344 [grpc-default-executor-1] INFO  client.GrpcClientProtocolClient (GrpcClientProtocolClient.java:onNext(255)) - client-140AEB51EE0B->2add93e0-2462-45f9-8504-d95fbdd1cf50: receive RaftClientReply:client-140AEB51EE0B->2add93e0-2462-45f9-8504-d95fbdd1cf50@group-389DF4E823E9, cid=123, FAILED org.apache.ratis.protocol.NotLeaderException: Server 2add93e0-2462-45f9-8504-d95fbdd1cf50 is not the leader (null). Request must be sent to leader., logIndex=0, commits[2add93e0-2462-45f9-8504-d95fbdd1cf50:c-1]
2019-09-01 05:53:15,568 [Thread-3929] INFO  impl.FollowerState (FollowerState.java:run(106)) - 9adf8f3f-00f4-442f-a7e9-ac686daae57d:group-62A27AB5243B changes to CANDIDATE, lastRpcTime:1064, electionTimeout:1064ms
2019-09-01 05:53:15,569 [Thread-3929] INFO  impl.RoleInfo (RoleInfo.java:shutdownFollowerState(121)) - 9adf8f3f-00f4-442f-a7e9-ac686daae57d: shutdown FollowerState
2019-09-01 05:53:15,569 [Thread-3929] INFO  impl.RaftServerImpl (RaftServerImpl.java:setRole(171)) - 9adf8f3f-00f4-442f-a7e9-ac686daae57d:group-62A27AB5243B changes role from FOLLOWER to CANDIDATE at term 6 for changeToCandidate
2019-09-01 05:53:15,569 [Thread-3929] INFO  impl.RoleInfo (RoleInfo.java:updateAndGet(143)) - 9adf8f3f-00f4-442f-a7e9-ac686daae57d: start LeaderElection
2019-09-01 05:53:15,581 [Thread-3928] INFO  impl.FollowerState (FollowerState.java:run(106)) - ad88f3b0-98a4-4e16-8300-c870fa2dd819:group-62A27AB5243B changes to CANDIDATE, lastRpcTime:1077, electionTimeout:1076ms
2019-09-01 05:53:15,581 [Thread-3928] INFO  impl.RoleInfo (RoleInfo.java:shutdownFollowerState(121)) - ad88f3b0-98a4-4e16-8300-c870fa2dd819: shutdown FollowerState
2019-09-01 05:53:15,581 [Thread-3928] INFO  impl.RaftServerImpl (RaftServerImpl.java:setRole(171)) - ad88f3b0-98a4-4e16-8300-c870fa2dd819:group-62A27AB5243B changes role from FOLLOWER to CANDIDATE at term 6 for changeToCandidate
2019-09-01 05:53:15,581 [Thread-3928] INFO  impl.RoleInfo (RoleInfo.java:updateAndGet(143)) - ad88f3b0-98a4-4e16-8300-c870fa2dd819: start LeaderElection
2019-09-01 05:53:15,600 [Thread-3927] INFO  impl.FollowerState (FollowerState.java:run(106)) - ce2be70a-d267-4ebc-abe0-fdcdf40aaae1:group-62A27AB5243B changes to CANDIDATE, lastRpcTime:1096, electionTimeout:1096ms
2019-09-01 05:53:15,600 [Thread-3927] INFO  impl.RoleInfo (RoleInfo.java:shutdownFollowerState(121)) - ce2be70a-d267-4ebc-abe0-fdcdf40aaae1: shutdown FollowerState
2019-09-01 05:53:15,600 [Thread-3927] INFO  impl.RaftServerImpl (RaftServerImpl.java:setRole(171)) - ce2be70a-d267-4ebc-abe0-fdcdf40aaae1:group-62A27AB5243B changes role from FOLLOWER to CANDIDATE at term 6 for changeToCandidate
2019-09-01 05:53:15,600 [Thread-3927] INFO  impl.RoleInfo (RoleInfo.java:updateAndGet(143)) - ce2be70a-d267-4ebc-abe0-fdcdf40aaae1: start LeaderElection
2019-09-01 05:53:15,645 [Thread-3936] INFO  impl.FollowerState (FollowerState.java:run(106)) - e504cd85-a1db-4587-8509-c7399dc7cafe:group-389DF4E823E9 changes to CANDIDATE, lastRpcTime:1129, electionTimeout:1129ms
2019-09-01 05:53:15,645 [Thread-3936] INFO  impl.RoleInfo (RoleInfo.java:shutdownFollowerState(121)) - e504cd85-a1db-4587-8509-c7399dc7cafe: shutdown FollowerState
2019-09-01 05:53:15,646 [Thread-3936] INFO  impl.RaftServerImpl (RaftServerImpl.java:setRole(171)) - e504cd85-a1db-4587-8509-c7399dc7cafe:group-389DF4E823E9 changes role from FOLLOWER to CANDIDATE at term 7 for changeToCandidate
2019-09-01 05:53:15,646 [Thread-3936] INFO  impl.RoleInfo (RoleInfo.java:updateAndGet(143)) - e504cd85-a1db-4587-8509-c7399dc7cafe: start LeaderElection
2019-09-01 05:53:15,664 [Thread-3937] INFO  impl.FollowerState (FollowerState.java:run(106)) - 196a83ac-f404-447a-85c9-b484bfff17ef:group-389DF4E823E9 changes to CANDIDATE, lastRpcTime:1144, electionTimeout:1144ms
2019-09-01 05:53:15,664 [Thread-3937] INFO  impl.RoleInfo (RoleInfo.java:shutdownFollowerState(121)) - 196a83ac-f404-447a-85c9-b484bfff17ef: shutdown FollowerState
2019-09-01 05:53:15,664 [Thread-3937] INFO  impl.RaftServerImpl (RaftServerImpl.java:setRole(171)) - 196a83ac-f404-447a-85c9-b484bfff17ef:group-389DF4E823E9 changes role from FOLLOWER to CANDIDATE at term 7 for changeToCandidate
2019-09-01 05:53:15,664 [Thread-3937] INFO  impl.RoleInfo (RoleInfo.java:updateAndGet(143)) - 196a83ac-f404-447a-85c9-b484bfff17ef: start LeaderElection
2019-09-01 05:53:15,675 [Thread-3938] INFO  impl.FollowerState (FollowerState.java:run(106)) - 2add93e0-2462-45f9-8504-d95fbdd1cf50:group-389DF4E823E9 changes to CANDIDATE, lastRpcTime:1155, electionTimeout:1155ms
2019-09-01 05:53:15,675 [Thread-3938] INFO  impl.RoleInfo (RoleInfo.java:shutdownFollowerState(121)) - 2add93e0-2462-45f9-8504-d95fbdd1cf50: shutdown FollowerState
2019-09-01 05:53:15,676 [Thread-3938] INFO  impl.RaftServerImpl (RaftServerImpl.java:setRole(171)) - 2add93e0-2462-45f9-8504-d95fbdd1cf50:group-389DF4E823E9 changes role from FOLLOWER to CANDIDATE at term 7 for changeToCandidate
2019-09-01 05:53:15,676 [Thread-3938] INFO  impl.RoleInfo (RoleInfo.java:updateAndGet(143)) - 2add93e0-2462-45f9-8504-d95fbdd1cf50: start LeaderElection
2019-09-01 05:53:16,345 [9adf8f3f-00f4-442f-a7e9-ac686daae57d:group-62A27AB5243B:LeaderElection219] INFO  impl.LeaderElection (LeaderElection.java:askForVotes(181)) - 9adf8f3f-00f4-442f-a7e9-ac686daae57d:group-62A27AB5243B:LeaderElection219: begin an election at term 7 for -1: [ce2be70a-d267-4ebc-abe0-fdcdf40aaae1:192.168.36.91:38648, 9adf8f3f-00f4-442f-a7e9-ac686daae57d:192.168.36.91:44931, ad88f3b0-98a4-4e16-8300-c870fa2dd819:192.168.36.91:34127], old=null
2019-09-01 05:53:16,354 [196a83ac-f404-447a-85c9-b484bfff17ef:group-389DF4E823E9:LeaderElection223] INFO  impl.LeaderElection (LeaderElection.java:askForVotes(181)) - 196a83ac-f404-447a-85c9-b484bfff17ef:group-389DF4E823E9:LeaderElection223: begin an election at term 8 for -1: [2add93e0-2462-45f9-8504-d95fbdd1cf50:192.168.36.91:37068, 196a83ac-f404-447a-85c9-b484bfff17ef:192.168.36.91:35328, e504cd85-a1db-4587-8509-c7399dc7cafe:192.168.36.91:36185], old=null
2019-09-01 05:53:16,354 [ad88f3b0-98a4-4e16-8300-c870fa2dd819:group-62A27AB5243B:LeaderElection220] INFO  impl.LeaderElection (LeaderElection.java:askForVotes(181)) - ad88f3b0-98a4-4e16-8300-c870fa2dd819:group-62A27AB5243B:LeaderElection220: begin an election at term 7 for -1: [ce2be70a-d267-4ebc-abe0-fdcdf40aaae1:192.168.36.91:38648, 9adf8f3f-00f4-442f-a7e9-ac686daae57d:192.168.36.91:44931, ad88f3b0-98a4-4e16-8300-c870fa2dd819:192.168.36.91:34127], old=null
2019-09-01 05:53:16,354 [ce2be70a-d267-4ebc-abe0-fdcdf40aaae1:group-62A27AB5243B:LeaderElection221] INFO  impl.LeaderElection (LeaderElection.java:askForVotes(181)) - ce2be70a-d267-4ebc-abe0-fdcdf40aaae1:group-62A27AB5243B:LeaderElection221: begin an election at term 7 for -1: [ce2be70a-d267-4ebc-abe0-fdcdf40aaae1:192.168.36.91:38648, 9adf8f3f-00f4-442f-a7e9-ac686daae57d:192.168.36.91:44931, ad88f3b0-98a4-4e16-8300-c870fa2dd819:192.168.36.91:34127], old=null
2019-09-01 05:53:16,354 [2add93e0-2462-45f9-8504-d95fbdd1cf50:group-389DF4E823E9:LeaderElection224] INFO  impl.LeaderElection (LeaderElection.java:askForVotes(181)) - 2add93e0-2462-45f9-8504-d95fbdd1cf50:group-389DF4E823E9:LeaderElection224: begin an election at term 8 for -1: [2add93e0-2462-45f9-8504-d95fbdd1cf50:192.168.36.91:37068, 196a83ac-f404-447a-85c9-b484bfff17ef:192.168.36.91:35328, e504cd85-a1db-4587-8509-c7399dc7cafe:192.168.36.91:36185], old=null
2019-09-01 05:53:16,354 [e504cd85-a1db-4587-8509-c7399dc7cafe:group-389DF4E823E9:LeaderElection222] INFO  impl.LeaderElection (LeaderElection.java:askForVotes(181)) - e504cd85-a1db-4587-8509-c7399dc7cafe:group-389DF4E823E9:LeaderElection222: begin an election at term 8 for -1: [2add93e0-2462-45f9-8504-d95fbdd1cf50:192.168.36.91:37068, 196a83ac-f404-447a-85c9-b484bfff17ef:192.168.36.91:35328, e504cd85-a1db-4587-8509-c7399dc7cafe:192.168.36.91:36185], old=null
2019-09-01 05:53:16,355 [9adf8f3f-00f4-442f-a7e9-ac686daae57d:group-62A27AB5243B:LeaderElection219] INFO  impl.LeaderElection (LeaderElection.java:logAndReturn(56)) - 9adf8f3f-00f4-442f-a7e9-ac686daae57d:group-62A27AB5243B:LeaderElection219: Election REJECTED; received 2 response(s) [9adf8f3f-00f4-442f-a7e9-ac686daae57d<-ce2be70a-d267-4ebc-abe0-fdcdf40aaae1#0:FAIL-t7, 9adf8f3f-00f4-442f-a7e9-ac686daae57d<-ad88f3b0-98a4-4e16-8300-c870fa2dd819#0:FAIL-t7] and 0 exception(s); 9adf8f3f-00f4-442f-a7e9-ac686daae57d:t7, leader=null, voted=9adf8f3f-00f4-442f-a7e9-ac686daae57d, raftlog=9adf8f3f-00f4-442f-a7e9-ac686daae57d-SegmentedRaftLog:OPENED:c-1,f-1,i0, conf=-1: [ce2be70a-d267-4ebc-abe0-fdcdf40aaae1:192.168.36.91:38648, 9adf8f3f-00f4-442f-a7e9-ac686daae57d:192.168.36.91:44931, ad88f3b0-98a4-4e16-8300-c870fa2dd819:192.168.36.91:34127], old=null
2019-09-01 05:53:16,357 [9adf8f3f-00f4-442f-a7e9-ac686daae57d:group-62A27AB5243B:LeaderElection219] INFO  impl.RaftServerImpl (RaftServerImpl.java:setRole(171)) - 9adf8f3f-00f4-442f-a7e9-ac686daae57d:group-62A27AB5243B changes role from CANDIDATE to FOLLOWER at term 7 for DISCOVERED_A_NEW_TERM
2019-09-01 05:53:16,357 [9adf8f3f-00f4-442f-a7e9-ac686daae57d:group-62A27AB5243B:LeaderElection219] INFO  impl.RoleInfo (RoleInfo.java:shutdownLeaderElection(134)) - 9adf8f3f-00f4-442f-a7e9-ac686daae57d: shutdown LeaderElection
2019-09-01 05:53:16,357 [9adf8f3f-00f4-442f-a7e9-ac686daae57d:group-62A27AB5243B:LeaderElection219] INFO  impl.RoleInfo (RoleInfo.java:updateAndGet(143)) - 9adf8f3f-00f4-442f-a7e9-ac686daae57d: start FollowerState
2019-09-01 05:53:16,361 [e504cd85-a1db-4587-8509-c7399dc7cafe:group-389DF4E823E9:LeaderElection222] INFO  impl.LeaderElection (LeaderElection.java:logAndReturn(56)) - e504cd85-a1db-4587-8509-c7399dc7cafe:group-389DF4E823E9:LeaderElection222: Election REJECTED; received 2 response(s) [e504cd85-a1db-4587-8509-c7399dc7cafe<-2add93e0-2462-45f9-8504-d95fbdd1cf50#0:FAIL-t8, e504cd85-a1db-4587-8509-c7399dc7cafe<-196a83ac-f404-447a-85c9-b484bfff17ef#0:FAIL-t8] and 0 exception(s); e504cd85-a1db-4587-8509-c7399dc7cafe:t8, leader=null, voted=e504cd85-a1db-4587-8509-c7399dc7cafe, raftlog=e504cd85-a1db-4587-8509-c7399dc7cafe-SegmentedRaftLog:OPENED:c-1,f-1,i0, conf=-1: [2add93e0-2462-45f9-8504-d95fbdd1cf50:192.168.36.91:37068, 196a83ac-f404-447a-85c9-b484bfff17ef:192.168.36.91:35328, e504cd85-a1db-4587-8509-c7399dc7cafe:192.168.36.91:36185], old=null
2019-09-01 05:53:16,361 [e504cd85-a1db-4587-8509-c7399dc7cafe:group-389DF4E823E9:LeaderElection222] INFO  impl.RaftServerImpl (RaftServerImpl.java:setRole(171)) - e504cd85-a1db-4587-8509-c7399dc7cafe:group-389DF4E823E9 changes role from CANDIDATE to FOLLOWER at term 8 for DISCOVERED_A_NEW_TERM
2019-09-01 05:53:16,361 [e504cd85-a1db-4587-8509-c7399dc7cafe:group-389DF4E823E9:LeaderElection222] INFO  impl.RoleInfo (RoleInfo.java:shutdownLeaderElection(134)) - e504cd85-a1db-4587-8509-c7399dc7cafe: shutdown LeaderElection
2019-09-01 05:53:16,362 [2add93e0-2462-45f9-8504-d95fbdd1cf50:group-389DF4E823E9:LeaderElection224] INFO  impl.LeaderElection (LeaderElection.java:logAndReturn(56)) - 2add93e0-2462-45f9-8504-d95fbdd1cf50:group-389DF4E823E9:LeaderElection224: Election REJECTED; received 2 response(s) [2add93e0-2462-45f9-8504-d95fbdd1cf50<-196a83ac-f404-447a-85c9-b484bfff17ef#0:FAIL-t8, 2add93e0-2462-45f9-8504-d95fbdd1cf50<-e504cd85-a1db-4587-8509-c7399dc7cafe#0:FAIL-t8] and 0 exception(s); 2add93e0-2462-45f9-8504-d95fbdd1cf50:t8, leader=null, voted=2add93e0-2462-45f9-8504-d95fbdd1cf50, raftlog=2add93e0-2462-45f9-8504-d95fbdd1cf50-SegmentedRaftLog:OPENED:c-1,f-1,i0, conf=-1: [2add93e0-2462-45f9-8504-d95fbdd1cf50:192.168.36.91:37068, 196a83ac-f404-447a-85c9-b484bfff17ef:192.168.36.91:35328, e504cd85-a1db-4587-8509-c7399dc7cafe:192.168.36.91:36185], old=null
2019-09-01 05:53:16,362 [ce2be70a-d267-4ebc-abe0-fdcdf40aaae1:group-62A27AB5243B:LeaderElection221] INFO  impl.LeaderElection (LeaderElection.java:logAndReturn(56)) - ce2be70a-d267-4ebc-abe0-fdcdf40aaae1:group-62A27AB5243B:LeaderElection221: Election REJECTED; received 2 response(s) [ce2be70a-d267-4ebc-abe0-fdcdf40aaae1<-9adf8f3f-00f4-442f-a7e9-ac686daae57d#0:FAIL-t7, ce2be70a-d267-4ebc-abe0-fdcdf40aaae1<-ad88f3b0-98a4-4e16-8300-c870fa2dd819#0:FAIL-t7] and 0 exception(s); ce2be70a-d267-4ebc-abe0-fdcdf40aaae1:t7, leader=null, voted=ce2be70a-d267-4ebc-abe0-fdcdf40aaae1, raftlog=ce2be70a-d267-4ebc-abe0-fdcdf40aaae1-SegmentedRaftLog:OPENED:c-1,f-1,i0, conf=-1: [ce2be70a-d267-4ebc-abe0-fdcdf40aaae1:192.168.36.91:38648, 9adf8f3f-00f4-442f-a7e9-ac686daae57d:192.168.36.91:44931, ad88f3b0-98a4-4e16-8300-c870fa2dd819:192.168.36.91:34127], old=null
2019-09-01 05:53:16,362 [ad88f3b0-98a4-4e16-8300-c870fa2dd819:group-62A27AB5243B:LeaderElection220] INFO  impl.LeaderElection (LeaderElection.java:logAndReturn(56)) - ad88f3b0-98a4-4e16-8300-c870fa2dd819:group-62A27AB5243B:LeaderElection220: Election REJECTED; received 2 response(s) [ad88f3b0-98a4-4e16-8300-c870fa2dd819<-ce2be70a-d267-4ebc-abe0-fdcdf40aaae1#0:FAIL-t7, ad88f3b0-98a4-4e16-8300-c870fa2dd819<-9adf8f3f-00f4-442f-a7e9-ac686daae57d#0:FAIL-t7] and 0 exception(s); ad88f3b0-98a4-4e16-8300-c870fa2dd819:t7, leader=null, voted=ad88f3b0-98a4-4e16-8300-c870fa2dd819, raftlog=ad88f3b0-98a4-4e16-8300-c870fa2dd819-SegmentedRaftLog:OPENED:c-1,f-1,i0, conf=-1: [ce2be70a-d267-4ebc-abe0-fdcdf40aaae1:192.168.36.91:38648, 9adf8f3f-00f4-442f-a7e9-ac686daae57d:192.168.36.91:44931, ad88f3b0-98a4-4e16-8300-c870fa2dd819:192.168.36.91:34127], old=null
2019-09-01 05:53:16,362 [196a83ac-f404-447a-85c9-b484bfff17ef:group-389DF4E823E9:LeaderElection223] INFO  impl.LeaderElection (LeaderElection.java:logAndReturn(56)) - 196a83ac-f404-447a-85c9-b484bfff17ef:group-389DF4E823E9:LeaderElection223: Election REJECTED; received 2 response(s) [196a83ac-f404-447a-85c9-b484bfff17ef<-2add93e0-2462-45f9-8504-d95fbdd1cf50#0:FAIL-t8, 196a83ac-f404-447a-85c9-b484bfff17ef<-e504cd85-a1db-4587-8509-c7399dc7cafe#0:FAIL-t8] and 0 exception(s); 196a83ac-f404-447a-85c9-b484bfff17ef:t8, leader=null, voted=196a83ac-f404-447a-85c9-b484bfff17ef, raftlog=196a83ac-f404-447a-85c9-b484bfff17ef-SegmentedRaftLog:OPENED:c-1,f-1,i0, conf=-1: [2add93e0-2462-45f9-8504-d95fbdd1cf50:192.168.36.91:37068, 196a83ac-f404-447a-85c9-b484bfff17ef:192.168.36.91:35328, e504cd85-a1db-4587-8509-c7399dc7cafe:192.168.36.91:36185], old=null
2019-09-01 05:53:16,362 [e504cd85-a1db-4587-8509-c7399dc7cafe:group-389DF4E823E9:LeaderElection222] INFO  impl.RoleInfo (RoleInfo.java:updateAndGet(143)) - e504cd85-a1db-4587-8509-c7399dc7cafe: start FollowerState
2019-09-01 05:53:16,363 [196a83ac-f404-447a-85c9-b484bfff17ef:group-389DF4E823E9:LeaderElection223] INFO  impl.RaftServerImpl (RaftServerImpl.java:setRole(171)) - 196a83ac-f404-447a-85c9-b484bfff17ef:group-389DF4E823E9 changes role from CANDIDATE to FOLLOWER at term 8 for DISCOVERED_A_NEW_TERM
2019-09-01 05:53:16,363 [ad88f3b0-98a4-4e16-8300-c870fa2dd819:group-62A27AB5243B:LeaderElection220] INFO  impl.RaftServerImpl (RaftServerImpl.java:setRole(171)) - ad88f3b0-98a4-4e16-8300-c870fa2dd819:group-62A27AB5243B changes role from CANDIDATE to FOLLOWER at term 7 for DISCOVERED_A_NEW_TERM
2019-09-01 05:53:16,368 [ad88f3b0-98a4-4e16-8300-c870fa2dd819:group-62A27AB5243B:LeaderElection220] INFO  impl.RoleInfo (RoleInfo.java:shutdownLeaderElection(134)) - ad88f3b0-98a4-4e16-8300-c870fa2dd819: shutdown LeaderElection
2019-09-01 05:53:16,362 [ce2be70a-d267-4ebc-abe0-fdcdf40aaae1:group-62A27AB5243B:LeaderElection221] INFO  impl.RaftServerImpl (RaftServerImpl.java:setRole(171)) - ce2be70a-d267-4ebc-abe0-fdcdf40aaae1:group-62A27AB5243B changes role from CANDIDATE to FOLLOWER at term 7 for DISCOVERED_A_NEW_TERM
2019-09-01 05:53:16,368 [ce2be70a-d267-4ebc-abe0-fdcdf40aaae1:group-62A27AB5243B:LeaderElection221] INFO  impl.RoleInfo (RoleInfo.java:shutdownLeaderElection(134)) - ce2be70a-d267-4ebc-abe0-fdcdf40aaae1: shutdown LeaderElection
2019-09-01 05:53:16,362 [2add93e0-2462-45f9-8504-d95fbdd1cf50:group-389DF4E823E9:LeaderElection224] INFO  impl.RaftServerImpl (RaftServerImpl.java:setRole(171)) - 2add93e0-2462-45f9-8504-d95fbdd1cf50:group-389DF4E823E9 changes role from CANDIDATE to FOLLOWER at term 8 for DISCOVERED_A_NEW_TERM
2019-09-01 05:53:16,368 [ce2be70a-d267-4ebc-abe0-fdcdf40aaae1:group-62A27AB5243B:LeaderElection221] INFO  impl.RoleInfo (RoleInfo.java:updateAndGet(143)) - ce2be70a-d267-4ebc-abe0-fdcdf40aaae1: start FollowerState
2019-09-01 05:53:16,368 [ad88f3b0-98a4-4e16-8300-c870fa2dd819:group-62A27AB5243B:LeaderElection220] INFO  impl.RoleInfo (RoleInfo.java:updateAndGet(143)) - ad88f3b0-98a4-4e16-8300-c870fa2dd819: start FollowerState
2019-09-01 05:53:16,363 [196a83ac-f404-447a-85c9-b484bfff17ef:group-389DF4E823E9:LeaderElection223] INFO  impl.RoleInfo (RoleInfo.java:shutdownLeaderElection(134)) - 196a83ac-f404-447a-85c9-b484bfff17ef: shutdown LeaderElection
2019-09-01 05:53:16,369 [grpc-default-executor-1] INFO  client.GrpcClientProtocolClient (GrpcClientProtocolClient.java:onNext(255)) - client-140AEB51EE0B->196a83ac-f404-447a-85c9-b484bfff17ef: receive RaftClientReply:client-140AEB51EE0B->196a83ac-f404-447a-85c9-b484bfff17ef@group-389DF4E823E9, cid=123, FAILED org.apache.ratis.protocol.NotLeaderException: Server 196a83ac-f404-447a-85c9-b484bfff17ef is not the leader (null). Request must be sent to leader., logIndex=0, commits[196a83ac-f404-447a-85c9-b484bfff17ef:c-1]
2019-09-01 05:53:16,369 [2add93e0-2462-45f9-8504-d95fbdd1cf50:group-389DF4E823E9:LeaderElection224] INFO  impl.RoleInfo (RoleInfo.java:shutdownLeaderElection(134)) - 2add93e0-2462-45f9-8504-d95fbdd1cf50: shutdown LeaderElection
2019-09-01 05:53:16,369 [196a83ac-f404-447a-85c9-b484bfff17ef:group-389DF4E823E9:LeaderElection223] INFO  impl.RoleInfo (RoleInfo.java:updateAndGet(143)) - 196a83ac-f404-447a-85c9-b484bfff17ef: start FollowerState
2019-09-01 05:53:16,376 [2add93e0-2462-45f9-8504-d95fbdd1cf50:group-389DF4E823E9:LeaderElection224] INFO  impl.RoleInfo (RoleInfo.java:updateAndGet(143)) - 2add93e0-2462-45f9-8504-d95fbdd1cf50: start FollowerState
2019-09-01 05:53:17,392 [grpc-default-executor-7] INFO  client.GrpcClientProtocolClient (GrpcClientProtocolClient.java:onNext(255)) - client-140AEB51EE0B->2add93e0-2462-45f9-8504-d95fbdd1cf50: receive RaftClientReply:client-140AEB51EE0B->2add93e0-2462-45f9-8504-d95fbdd1cf50@group-389DF4E823E9, cid=123, FAILED org.apache.ratis.protocol.NotLeaderException: Server 2add93e0-2462-45f9-8504-d95fbdd1cf50 is not the leader (null). Request must be sent to leader., logIndex=0, commits[2add93e0-2462-45f9-8504-d95fbdd1cf50:c-1]
2019-09-01 05:53:17,458 [Thread-3973] INFO  impl.FollowerState (FollowerState.java:run(106)) - 196a83ac-f404-447a-85c9-b484bfff17ef:group-389DF4E823E9 changes to CANDIDATE, lastRpcTime:1088, electionTimeout:1082ms
2019-09-01 05:53:17,459 [Thread-3973] INFO  impl.RoleInfo (RoleInfo.java:shutdownFollowerState(121)) - 196a83ac-f404-447a-85c9-b484bfff17ef: shutdown FollowerState
2019-09-01 05:53:17,459 [Thread-3973] INFO  impl.RaftServerImpl (RaftServerImpl.java:setRole(171)) - 196a83ac-f404-447a-85c9-b484bfff17ef:group-389DF4E823E9 changes role from FOLLOWER to CANDIDATE at term 8 for changeToCandidate
2019-09-01 05:53:17,459 [Thread-3973] INFO  impl.RoleInfo (RoleInfo.java:updateAndGet(143)) - 196a83ac-f404-447a-85c9-b484bfff17ef: start LeaderElection
2019-09-01 05:53:17,521 [Thread-3968] INFO  impl.FollowerState (FollowerState.java:run(106)) - 9adf8f3f-00f4-442f-a7e9-ac686daae57d:group-62A27AB5243B changes to CANDIDATE, lastRpcTime:1163, electionTimeout:1163ms
2019-09-01 05:53:17,521 [Thread-3968] INFO  impl.RoleInfo (RoleInfo.java:shutdownFollowerState(121)) - 9adf8f3f-00f4-442f-a7e9-ac686daae57d: shutdown FollowerState
2019-09-01 05:53:17,521 [Thread-3968] INFO  impl.RaftServerImpl (RaftServerImpl.java:setRole(171)) - 9adf8f3f-00f4-442f-a7e9-ac686daae57d:group-62A27AB5243B changes role from FOLLOWER to CANDIDATE at term 7 for changeToCandidate
2019-09-01 05:53:17,521 [Thread-3968] INFO  impl.RoleInfo (RoleInfo.java:updateAndGet(143)) - 9adf8f3f-00f4-442f-a7e9-ac686daae57d: start LeaderElection
2019-09-01 05:53:17,524 [Thread-3974] INFO  impl.FollowerState (FollowerState.java:run(106)) - 2add93e0-2462-45f9-8504-d95fbdd1cf50:group-389DF4E823E9 changes to CANDIDATE, lastRpcTime:1148, electionTimeout:1145ms
2019-09-01 05:53:17,525 [Thread-3974] INFO  impl.RoleInfo (RoleInfo.java:shutdownFollowerState(121)) - 2add93e0-2462-45f9-8504-d95fbdd1cf50: shutdown FollowerState
2019-09-01 05:53:17,525 [Thread-3974] INFO  impl.RaftServerImpl (RaftServerImpl.java:setRole(171)) - 2add93e0-2462-45f9-8504-d95fbdd1cf50:group-389DF4E823E9 changes role from FOLLOWER to CANDIDATE at term 8 for changeToCandidate
2019-09-01 05:53:17,525 [Thread-3974] INFO  impl.RoleInfo (RoleInfo.java:updateAndGet(143)) - 2add93e0-2462-45f9-8504-d95fbdd1cf50: start LeaderElection
2019-09-01 05:53:17,529 [Thread-3972] INFO  impl.FollowerState (FollowerState.java:run(106)) - ce2be70a-d267-4ebc-abe0-fdcdf40aaae1:group-62A27AB5243B changes to CANDIDATE, lastRpcTime:1160, electionTimeout:1160ms
2019-09-01 05:53:17,529 [Thread-3972] INFO  impl.RoleInfo (RoleInfo.java:shutdownFollowerState(121)) - ce2be70a-d267-4ebc-abe0-fdcdf40aaae1: shutdown FollowerState
2019-09-01 05:53:17,529 [Thread-3972] INFO  impl.RaftServerImpl (RaftServerImpl.java:setRole(171)) - ce2be70a-d267-4ebc-abe0-fdcdf40aaae1:group-62A27AB5243B changes role from FOLLOWER to CANDIDATE at term 7 for changeToCandidate
2019-09-01 05:53:17,530 [Thread-3972] INFO  impl.RoleInfo (RoleInfo.java:updateAndGet(143)) - ce2be70a-d267-4ebc-abe0-fdcdf40aaae1: start LeaderElection
2019-09-01 05:53:17,532 [Thread-3971] INFO  impl.FollowerState (FollowerState.java:run(106)) - ad88f3b0-98a4-4e16-8300-c870fa2dd819:group-62A27AB5243B changes to CANDIDATE, lastRpcTime:1164, electionTimeout:1163ms
2019-09-01 05:53:17,533 [Thread-3971] INFO  impl.RoleInfo (RoleInfo.java:shutdownFollowerState(121)) - ad88f3b0-98a4-4e16-8300-c870fa2dd819: shutdown FollowerState
2019-09-01 05:53:17,533 [Thread-3971] INFO  impl.RaftServerImpl (RaftServerImpl.java:setRole(171)) - ad88f3b0-98a4-4e16-8300-c870fa2dd819:group-62A27AB5243B changes role from FOLLOWER to CANDIDATE at term 7 for changeToCandidate
2019-09-01 05:53:17,533 [Thread-3971] INFO  impl.RoleInfo (RoleInfo.java:updateAndGet(143)) - ad88f3b0-98a4-4e16-8300-c870fa2dd819: start LeaderElection
2019-09-01 05:53:17,557 [Thread-3969] INFO  impl.FollowerState (FollowerState.java:run(106)) - e504cd85-a1db-4587-8509-c7399dc7cafe:group-389DF4E823E9 changes to CANDIDATE, lastRpcTime:1195, electionTimeout:1189ms
2019-09-01 05:53:17,557 [Thread-3969] INFO  impl.RoleInfo (RoleInfo.java:shutdownFollowerState(121)) - e504cd85-a1db-4587-8509-c7399dc7cafe: shutdown FollowerState
2019-09-01 05:53:17,557 [Thread-3969] INFO  impl.RaftServerImpl (RaftServerImpl.java:setRole(171)) - e504cd85-a1db-4587-8509-c7399dc7cafe:group-389DF4E823E9 changes role from FOLLOWER to CANDIDATE at term 8 for changeToCandidate
2019-09-01 05:53:17,557 [Thread-3969] INFO  impl.RoleInfo (RoleInfo.java:updateAndGet(143)) - e504cd85-a1db-4587-8509-c7399dc7cafe: start LeaderElection
2019-09-01 05:53:17,790 [ad88f3b0-98a4-4e16-8300-c870fa2dd819:group-62A27AB5243B:LeaderElection229] INFO  impl.LeaderElection (LeaderElection.java:askForVotes(181)) - ad88f3b0-98a4-4e16-8300-c870fa2dd819:group-62A27AB5243B:LeaderElection229: begin an election at term 8 for -1: [ce2be70a-d267-4ebc-abe0-fdcdf40aaae1:192.168.36.91:38648, 9adf8f3f-00f4-442f-a7e9-ac686daae57d:192.168.36.91:44931, ad88f3b0-98a4-4e16-8300-c870fa2dd819:192.168.36.91:34127], old=null
2019-09-01 05:53:17,791 [196a83ac-f404-447a-85c9-b484bfff17ef:group-389DF4E823E9:LeaderElection225] INFO  impl.LeaderElection (LeaderElection.java:askForVotes(181)) - 196a83ac-f404-447a-85c9-b484bfff17ef:group-389DF4E823E9:LeaderElection225: begin an election at term 9 for -1: [2add93e0-2462-45f9-8504-d95fbdd1cf50:192.168.36.91:37068, 196a83ac-f404-447a-85c9-b484bfff17ef:192.168.36.91:35328, e504cd85-a1db-4587-8509-c7399dc7cafe:192.168.36.91:36185], old=null
2019-09-01 05:53:17,791 [e504cd85-a1db-4587-8509-c7399dc7cafe:group-389DF4E823E9:LeaderElection230] INFO  impl.LeaderElection (LeaderElection.java:askForVotes(181)) - e504cd85-a1db-4587-8509-c7399dc7cafe:group-389DF4E823E9:LeaderElection230: begin an election at term 9 for -1: [2add93e0-2462-45f9-8504-d95fbdd1cf50:192.168.36.91:37068, 196a83ac-f404-447a-85c9-b484bfff17ef:192.168.36.91:35328, e504cd85-a1db-4587-8509-c7399dc7cafe:192.168.36.91:36185], old=null
2019-09-01 05:53:17,791 [9adf8f3f-00f4-442f-a7e9-ac686daae57d:group-62A27AB5243B:LeaderElection226] INFO  impl.LeaderElection (LeaderElection.java:askForVotes(181)) - 9adf8f3f-00f4-442f-a7e9-ac686daae57d:group-62A27AB5243B:LeaderElection226: begin an election at term 8 for -1: [ce2be70a-d267-4ebc-abe0-fdcdf40aaae1:192.168.36.91:38648, 9adf8f3f-00f4-442f-a7e9-ac686daae57d:192.168.36.91:44931, ad88f3b0-98a4-4e16-8300-c870fa2dd819:192.168.36.91:34127], old=null
2019-09-01 05:53:17,790 [2add93e0-2462-45f9-8504-d95fbdd1cf50:group-389DF4E823E9:LeaderElection227] INFO  impl.LeaderElection (LeaderElection.java:askForVotes(181)) - 2add93e0-2462-45f9-8504-d95fbdd1cf50:group-389DF4E823E9:LeaderElection227: begin an election at term 9 for -1: [2add93e0-2462-45f9-8504-d95fbdd1cf50:192.168.36.91:37068, 196a83ac-f404-447a-85c9-b484bfff17ef:192.168.36.91:35328, e504cd85-a1db-4587-8509-c7399dc7cafe:192.168.36.91:36185], old=null
2019-09-01 05:53:17,790 [ce2be70a-d267-4ebc-abe0-fdcdf40aaae1:group-62A27AB5243B:LeaderElection228] INFO  impl.LeaderElection (LeaderElection.java:askForVotes(181)) - ce2be70a-d267-4ebc-abe0-fdcdf40aaae1:group-62A27AB5243B:LeaderElection228: begin an election at term 8 for -1: [ce2be70a-d267-4ebc-abe0-fdcdf40aaae1:192.168.36.91:38648, 9adf8f3f-00f4-442f-a7e9-ac686daae57d:192.168.36.91:44931, ad88f3b0-98a4-4e16-8300-c870fa2dd819:192.168.36.91:34127], old=null
2019-09-01 05:53:17,797 [ce2be70a-d267-4ebc-abe0-fdcdf40aaae1:group-62A27AB5243B:LeaderElection228] INFO  impl.LeaderElection (LeaderElection.java:logAndReturn(56)) - ce2be70a-d267-4ebc-abe0-fdcdf40aaae1:group-62A27AB5243B:LeaderElection228: Election REJECTED; received 2 response(s) [ce2be70a-d267-4ebc-abe0-fdcdf40aaae1<-9adf8f3f-00f4-442f-a7e9-ac686daae57d#0:FAIL-t8, ce2be70a-d267-4ebc-abe0-fdcdf40aaae1<-ad88f3b0-98a4-4e16-8300-c870fa2dd819#0:FAIL-t8] and 0 exception(s); ce2be70a-d267-4ebc-abe0-fdcdf40aaae1:t8, leader=null, voted=ce2be70a-d267-4ebc-abe0-fdcdf40aaae1, raftlog=ce2be70a-d267-4ebc-abe0-fdcdf40aaae1-SegmentedRaftLog:OPENED:c-1,f-1,i0, conf=-1: [ce2be70a-d267-4ebc-abe0-fdcdf40aaae1:192.168.36.91:38648, 9adf8f3f-00f4-442f-a7e9-ac686daae57d:192.168.36.91:44931, ad88f3b0-98a4-4e16-8300-c870fa2dd819:192.168.36.91:34127], old=null
2019-09-01 05:53:17,797 [ce2be70a-d267-4ebc-abe0-fdcdf40aaae1:group-62A27AB5243B:LeaderElection228] INFO  impl.RaftServerImpl (RaftServerImpl.java:setRole(171)) - ce2be70a-d267-4ebc-abe0-fdcdf40aaae1:group-62A27AB5243B changes role from CANDIDATE to FOLLOWER at term 8 for DISCOVERED_A_NEW_TERM
2019-09-01 05:53:17,797 [ce2be70a-d267-4ebc-abe0-fdcdf40aaae1:group-62A27AB5243B:LeaderElection228] INFO  impl.RoleInfo (RoleInfo.java:shutdownLeaderElection(134)) - ce2be70a-d267-4ebc-abe0-fdcdf40aaae1: shutdown LeaderElection
2019-09-01 05:53:17,797 [ce2be70a-d267-4ebc-abe0-fdcdf40aaae1:group-62A27AB5243B:LeaderElection228] INFO  impl.RoleInfo (RoleInfo.java:updateAndGet(143)) - ce2be70a-d267-4ebc-abe0-fdcdf40aaae1: start FollowerState
2019-09-01 05:53:17,798 [196a83ac-f404-447a-85c9-b484bfff17ef:group-389DF4E823E9:LeaderElection225] INFO  impl.LeaderElection (LeaderElection.java:logAndReturn(56)) - 196a83ac-f404-447a-85c9-b484bfff17ef:group-389DF4E823E9:LeaderElection225: Election REJECTED; received 2 response(s) [196a83ac-f404-447a-85c9-b484bfff17ef<-2add93e0-2462-45f9-8504-d95fbdd1cf50#0:FAIL-t9, 196a83ac-f404-447a-85c9-b484bfff17ef<-e504cd85-a1db-4587-8509-c7399dc7cafe#0:FAIL-t9] and 0 exception(s); 196a83ac-f404-447a-85c9-b484bfff17ef:t9, leader=null, voted=196a83ac-f404-447a-85c9-b484bfff17ef, raftlog=196a83ac-f404-447a-85c9-b484bfff17ef-SegmentedRaftLog:OPENED:c-1,f-1,i0, conf=-1: [2add93e0-2462-45f9-8504-d95fbdd1cf50:192.168.36.91:37068, 196a83ac-f404-447a-85c9-b484bfff17ef:192.168.36.91:35328, e504cd85-a1db-4587-8509-c7399dc7cafe:192.168.36.91:36185], old=null
2019-09-01 05:53:17,798 [2add93e0-2462-45f9-8504-d95fbdd1cf50:group-389DF4E823E9:LeaderElection227] INFO  impl.LeaderElection (LeaderElection.java:logAndReturn(56)) - 2add93e0-2462-45f9-8504-d95fbdd1cf50:group-389DF4E823E9:LeaderElection227: Election REJECTED; received 2 response(s) [2add93e0-2462-45f9-8504-d95fbdd1cf50<-196a83ac-f404-447a-85c9-b484bfff17ef#0:FAIL-t9, 2add93e0-2462-45f9-8504-d95fbdd1cf50<-e504cd85-a1db-4587-8509-c7399dc7cafe#0:FAIL-t9] and 0 exception(s); 2add93e0-2462-45f9-8504-d95fbdd1cf50:t9, leader=null, voted=2add93e0-2462-45f9-8504-d95fbdd1cf50, raftlog=2add93e0-2462-45f9-8504-d95fbdd1cf50-SegmentedRaftLog:OPENED:c-1,f-1,i0, conf=-1: [2add93e0-2462-45f9-8504-d95fbdd1cf50:192.168.36.91:37068, 196a83ac-f404-447a-85c9-b484bfff17ef:192.168.36.91:35328, e504cd85-a1db-4587-8509-c7399dc7cafe:192.168.36.91:36185], old=null
2019-09-01 05:53:17,798 [196a83ac-f404-447a-85c9-b484bfff17ef:group-389DF4E823E9:LeaderElection225] INFO  impl.RaftServerImpl (RaftServerImpl.java:setRole(171)) - 196a83ac-f404-447a-85c9-b484bfff17ef:group-389DF4E823E9 changes role from CANDIDATE to FOLLOWER at term 9 for DISCOVERED_A_NEW_TERM
2019-09-01 05:53:17,799 [9adf8f3f-00f4-442f-a7e9-ac686daae57d:group-62A27AB5243B:LeaderElection226] INFO  impl.LeaderElection (LeaderElection.java:logAndReturn(56)) - 9adf8f3f-00f4-442f-a7e9-ac686daae57d:group-62A27AB5243B:LeaderElection226: Election REJECTED; received 2 response(s) [9adf8f3f-00f4-442f-a7e9-ac686daae57d<-ce2be70a-d267-4ebc-abe0-fdcdf40aaae1#0:FAIL-t8, 9adf8f3f-00f4-442f-a7e9-ac686daae57d<-ad88f3b0-98a4-4e16-8300-c870fa2dd819#0:FAIL-t8] and 0 exception(s); 9adf8f3f-00f4-442f-a7e9-ac686daae57d:t8, leader=null, voted=9adf8f3f-00f4-442f-a7e9-ac686daae57d, raftlog=9adf8f3f-00f4-442f-a7e9-ac686daae57d-SegmentedRaftLog:OPENED:c-1,f-1,i0, conf=-1: [ce2be70a-d267-4ebc-abe0-fdcdf40aaae1:192.168.36.91:38648, 9adf8f3f-00f4-442f-a7e9-ac686daae57d:192.168.36.91:44931, ad88f3b0-98a4-4e16-8300-c870fa2dd819:192.168.36.91:34127], old=null
2019-09-01 05:53:17,798 [2add93e0-2462-45f9-8504-d95fbdd1cf50:group-389DF4E823E9:LeaderElection227] INFO  impl.RaftServerImpl (RaftServerImpl.java:setRole(171)) - 2add93e0-2462-45f9-8504-d95fbdd1cf50:group-389DF4E823E9 changes role from CANDIDATE to FOLLOWER at term 9 for DISCOVERED_A_NEW_TERM
2019-09-01 05:53:17,799 [9adf8f3f-00f4-442f-a7e9-ac686daae57d:group-62A27AB5243B:LeaderElection226] INFO  impl.RaftServerImpl (RaftServerImpl.java:setRole(171)) - 9adf8f3f-00f4-442f-a7e9-ac686daae57d:group-62A27AB5243B changes role from CANDIDATE to FOLLOWER at term 8 for DISCOVERED_A_NEW_TERM
2019-09-01 05:53:17,799 [196a83ac-f404-447a-85c9-b484bfff17ef:group-389DF4E823E9:LeaderElection225] INFO  impl.RoleInfo (RoleInfo.java:shutdownLeaderElection(134)) - 196a83ac-f404-447a-85c9-b484bfff17ef: shutdown LeaderElection
2019-09-01 05:53:17,799 [9adf8f3f-00f4-442f-a7e9-ac686daae57d:group-62A27AB5243B:LeaderElection226] INFO  impl.RoleInfo (RoleInfo.java:shutdownLeaderElection(134)) - 9adf8f3f-00f4-442f-a7e9-ac686daae57d: shutdown LeaderElection
2019-09-01 05:53:17,799 [2add93e0-2462-45f9-8504-d95fbdd1cf50:group-389DF4E823E9:LeaderElection227] INFO  impl.RoleInfo (RoleInfo.java:shutdownLeaderElection(134)) - 2add93e0-2462-45f9-8504-d95fbdd1cf50: shutdown LeaderElection
2019-09-01 05:53:17,800 [9adf8f3f-00f4-442f-a7e9-ac686daae57d:group-62A27AB5243B:LeaderElection226] INFO  impl.RoleInfo (RoleInfo.java:updateAndGet(143)) - 9adf8f3f-00f4-442f-a7e9-ac686daae57d: start FollowerState
2019-09-01 05:53:17,799 [196a83ac-f404-447a-85c9-b484bfff17ef:group-389DF4E823E9:LeaderElection225] INFO  impl.RoleInfo (RoleInfo.java:updateAndGet(143)) - 196a83ac-f404-447a-85c9-b484bfff17ef: start FollowerState
2019-09-01 05:53:17,800 [2add93e0-2462-45f9-8504-d95fbdd1cf50:group-389DF4E823E9:LeaderElection227] INFO  impl.RoleInfo (RoleInfo.java:updateAndGet(143)) - 2add93e0-2462-45f9-8504-d95fbdd1cf50: start FollowerState
2019-09-01 05:53:17,800 [ad88f3b0-98a4-4e16-8300-c870fa2dd819:group-62A27AB5243B:LeaderElection229] INFO  impl.LeaderElection (LeaderElection.java:logAndReturn(56)) - ad88f3b0-98a4-4e16-8300-c870fa2dd819:group-62A27AB5243B:LeaderElection229: Election REJECTED; received 2 response(s) [ad88f3b0-98a4-4e16-8300-c870fa2dd819<-ce2be70a-d267-4ebc-abe0-fdcdf40aaae1#0:FAIL-t8, ad88f3b0-98a4-4e16-8300-c870fa2dd819<-9adf8f3f-00f4-442f-a7e9-ac686daae57d#0:FAIL-t8] and 0 exception(s); ad88f3b0-98a4-4e16-8300-c870fa2dd819:t8, leader=null, voted=ad88f3b0-98a4-4e16-8300-c870fa2dd819, raftlog=ad88f3b0-98a4-4e16-8300-c870fa2dd819-SegmentedRaftLog:OPENED:c-1,f-1,i0, conf=-1: [ce2be70a-d267-4ebc-abe0-fdcdf40aaae1:192.168.36.91:38648, 9adf8f3f-00f4-442f-a7e9-ac686daae57d:192.168.36.91:44931, ad88f3b0-98a4-4e16-8300-c870fa2dd819:192.168.36.91:34127], old=null
2019-09-01 05:53:17,800 [ad88f3b0-98a4-4e16-8300-c870fa2dd819:group-62A27AB5243B:LeaderElection229] INFO  impl.RaftServerImpl (RaftServerImpl.java:setRole(171)) - ad88f3b0-98a4-4e16-8300-c870fa2dd819:group-62A27AB5243B changes role from CANDIDATE to FOLLOWER at term 8 for DISCOVERED_A_NEW_TERM
2019-09-01 05:53:17,801 [ad88f3b0-98a4-4e16-8300-c870fa2dd819:group-62A27AB5243B:LeaderElection229] INFO  impl.RoleInfo (RoleInfo.java:shutdownLeaderElection(134)) - ad88f3b0-98a4-4e16-8300-c870fa2dd819: shutdown LeaderElection
2019-09-01 05:53:17,801 [ad88f3b0-98a4-4e16-8300-c870fa2dd819:group-62A27AB5243B:LeaderElection229] INFO  impl.RoleInfo (RoleInfo.java:updateAndGet(143)) - ad88f3b0-98a4-4e16-8300-c870fa2dd819: start FollowerState
2019-09-01 05:53:17,801 [e504cd85-a1db-4587-8509-c7399dc7cafe:group-389DF4E823E9:LeaderElection230] INFO  impl.LeaderElection (LeaderElection.java:logAndReturn(56)) - e504cd85-a1db-4587-8509-c7399dc7cafe:group-389DF4E823E9:LeaderElection230: Election REJECTED; received 2 response(s) [e504cd85-a1db-4587-8509-c7399dc7cafe<-2add93e0-2462-45f9-8504-d95fbdd1cf50#0:FAIL-t9, e504cd85-a1db-4587-8509-c7399dc7cafe<-196a83ac-f404-447a-85c9-b484bfff17ef#0:FAIL-t9] and 0 exception(s); e504cd85-a1db-4587-8509-c7399dc7cafe:t9, leader=null, voted=e504cd85-a1db-4587-8509-c7399dc7cafe, raftlog=e504cd85-a1db-4587-8509-c7399dc7cafe-SegmentedRaftLog:OPENED:c-1,f-1,i0, conf=-1: [2add93e0-2462-45f9-8504-d95fbdd1cf50:192.168.36.91:37068, 196a83ac-f404-447a-85c9-b484bfff17ef:192.168.36.91:35328, e504cd85-a1db-4587-8509-c7399dc7cafe:192.168.36.91:36185], old=null
2019-09-01 05:53:17,801 [e504cd85-a1db-4587-8509-c7399dc7cafe:group-389DF4E823E9:LeaderElection230] INFO  impl.RaftServerImpl (RaftServerImpl.java:setRole(171)) - e504cd85-a1db-4587-8509-c7399dc7cafe:group-389DF4E823E9 changes role from CANDIDATE to FOLLOWER at term 9 for DISCOVERED_A_NEW_TERM
2019-09-01 05:53:17,802 [e504cd85-a1db-4587-8509-c7399dc7cafe:group-389DF4E823E9:LeaderElection230] INFO  impl.RoleInfo (RoleInfo.java:shutdownLeaderElection(134)) - e504cd85-a1db-4587-8509-c7399dc7cafe: shutdown LeaderElection
2019-09-01 05:53:17,802 [e504cd85-a1db-4587-8509-c7399dc7cafe:group-389DF4E823E9:LeaderElection230] INFO  impl.RoleInfo (RoleInfo.java:updateAndGet(143)) - e504cd85-a1db-4587-8509-c7399dc7cafe: start FollowerState
2019-09-01 05:53:18,416 [grpc-default-executor-7] INFO  client.GrpcClientProtocolClient (GrpcClientProtocolClient.java:onNext(255)) - client-140AEB51EE0B->e504cd85-a1db-4587-8509-c7399dc7cafe: receive RaftClientReply:client-140AEB51EE0B->e504cd85-a1db-4587-8509-c7399dc7cafe@group-389DF4E823E9, cid=123, FAILED org.apache.ratis.protocol.NotLeaderException: Server e504cd85-a1db-4587-8509-c7399dc7cafe is not the leader (null). Request must be sent to leader., logIndex=0, commits[e504cd85-a1db-4587-8509-c7399dc7cafe:c-1]
2019-09-01 05:53:18,804 [Thread-4004] INFO  impl.FollowerState (FollowerState.java:run(106)) - 9adf8f3f-00f4-442f-a7e9-ac686daae57d:group-62A27AB5243B changes to CANDIDATE, lastRpcTime:1004, electionTimeout:1004ms
2019-09-01 05:53:18,805 [Thread-4004] INFO  impl.RoleInfo (RoleInfo.java:shutdownFollowerState(121)) - 9adf8f3f-00f4-442f-a7e9-ac686daae57d: shutdown FollowerState
2019-09-01 05:53:18,805 [Thread-4004] INFO  impl.RaftServerImpl (RaftServerImpl.java:setRole(171)) - 9adf8f3f-00f4-442f-a7e9-ac686daae57d:group-62A27AB5243B changes role from FOLLOWER to CANDIDATE at term 8 for changeToCandidate
2019-09-01 05:53:18,805 [Thread-4004] INFO  impl.RoleInfo (RoleInfo.java:updateAndGet(143)) - 9adf8f3f-00f4-442f-a7e9-ac686daae57d: start LeaderElection
2019-09-01 05:53:18,823 [Thread-4007] INFO  impl.FollowerState (FollowerState.java:run(106)) - e504cd85-a1db-4587-8509-c7399dc7cafe:group-389DF4E823E9 changes to CANDIDATE, lastRpcTime:1021, electionTimeout:1021ms
2019-09-01 05:53:18,823 [Thread-4007] INFO  impl.RoleInfo (RoleInfo.java:shutdownFollowerState(121)) - e504cd85-a1db-4587-8509-c7399dc7cafe: shutdown FollowerState
2019-09-01 05:53:18,823 [Thread-4007] INFO  impl.RaftServerImpl (RaftServerImpl.java:setRole(171)) - e504cd85-a1db-4587-8509-c7399dc7cafe:group-389DF4E823E9 changes role from FOLLOWER to CANDIDATE at term 9 for changeToCandidate
2019-09-01 05:53:18,824 [Thread-4007] INFO  impl.RoleInfo (RoleInfo.java:updateAndGet(143)) - e504cd85-a1db-4587-8509-c7399dc7cafe: start LeaderElection
2019-09-01 05:53:18,870 [Thread-4003] INFO  impl.FollowerState (FollowerState.java:run(106)) - 196a83ac-f404-447a-85c9-b484bfff17ef:group-389DF4E823E9 changes to CANDIDATE, lastRpcTime:1070, electionTimeout:1070ms
2019-09-01 05:53:18,871 [Thread-4003] INFO  impl.RoleInfo (RoleInfo.java:shutdownFollowerState(121)) - 196a83ac-f404-447a-85c9-b484bfff17ef: shutdown FollowerState
2019-09-01 05:53:18,871 [Thread-4003] INFO  impl.RaftServerImpl (RaftServerImpl.java:setRole(171)) - 196a83ac-f404-447a-85c9-b484bfff17ef:group-389DF4E823E9 changes role from FOLLOWER to CANDIDATE at term 9 for changeToCandidate
2019-09-01 05:53:18,871 [Thread-4003] INFO  impl.RoleInfo (RoleInfo.java:updateAndGet(143)) - 196a83ac-f404-447a-85c9-b484bfff17ef: start LeaderElection
2019-09-01 05:53:18,914 [Thread-4002] INFO  impl.FollowerState (FollowerState.java:run(106)) - ce2be70a-d267-4ebc-abe0-fdcdf40aaae1:group-62A27AB5243B changes to CANDIDATE, lastRpcTime:1116, electionTimeout:1116ms
2019-09-01 05:53:18,914 [Thread-4002] INFO  impl.RoleInfo (RoleInfo.java:shutdownFollowerState(121)) - ce2be70a-d267-4ebc-abe0-fdcdf40aaae1: shutdown FollowerState
2019-09-01 05:53:18,914 [Thread-4002] INFO  impl.RaftServerImpl (RaftServerImpl.java:setRole(171)) - ce2be70a-d267-4ebc-abe0-fdcdf40aaae1:group-62A27AB5243B changes role from FOLLOWER to CANDIDATE at term 8 for changeToCandidate
2019-09-01 05:53:18,915 [Thread-4002] INFO  impl.RoleInfo (RoleInfo.java:updateAndGet(143)) - ce2be70a-d267-4ebc-abe0-fdcdf40aaae1: start LeaderElection
2019-09-01 05:53:18,946 [Thread-4005] INFO  impl.FollowerState (FollowerState.java:run(106)) - 2add93e0-2462-45f9-8504-d95fbdd1cf50:group-389DF4E823E9 changes to CANDIDATE, lastRpcTime:1146, electionTimeout:1145ms
2019-09-01 05:53:18,946 [Thread-4005] INFO  impl.RoleInfo (RoleInfo.java:shutdownFollowerState(121)) - 2add93e0-2462-45f9-8504-d95fbdd1cf50: shutdown FollowerState
2019-09-01 05:53:18,946 [Thread-4005] INFO  impl.RaftServerImpl (RaftServerImpl.java:setRole(171)) - 2add93e0-2462-45f9-8504-d95fbdd1cf50:group-389DF4E823E9 changes role from FOLLOWER to CANDIDATE at term 9 for changeToCandidate
2019-09-01 05:53:18,946 [Thread-4005] INFO  impl.RoleInfo (RoleInfo.java:updateAndGet(143)) - 2add93e0-2462-45f9-8504-d95fbdd1cf50: start LeaderElection
2019-09-01 05:53:18,969 [Thread-4006] INFO  impl.FollowerState (FollowerState.java:run(106)) - ad88f3b0-98a4-4e16-8300-c870fa2dd819:group-62A27AB5243B changes to CANDIDATE, lastRpcTime:1167, electionTimeout:1167ms
2019-09-01 05:53:18,969 [Thread-4006] INFO  impl.RoleInfo (RoleInfo.java:shutdownFollowerState(121)) - ad88f3b0-98a4-4e16-8300-c870fa2dd819: shutdown FollowerState
2019-09-01 05:53:18,969 [Thread-4006] INFO  impl.RaftServerImpl (RaftServerImpl.java:setRole(171)) - ad88f3b0-98a4-4e16-8300-c870fa2dd819:group-62A27AB5243B changes role from FOLLOWER to CANDIDATE at term 8 for changeToCandidate
2019-09-01 05:53:18,969 [Thread-4006] INFO  impl.RoleInfo (RoleInfo.java:updateAndGet(143)) - ad88f3b0-98a4-4e16-8300-c870fa2dd819: start LeaderElection
2019-09-01 05:53:19,096 [e504cd85-a1db-4587-8509-c7399dc7cafe:group-389DF4E823E9:LeaderElection232] INFO  impl.LeaderElection (LeaderElection.java:askForVotes(181)) - e504cd85-a1db-4587-8509-c7399dc7cafe:group-389DF4E823E9:LeaderElection232: begin an election at term 10 for -1: [2add93e0-2462-45f9-8504-d95fbdd1cf50:192.168.36.91:37068, 196a83ac-f404-447a-85c9-b484bfff17ef:192.168.36.91:35328, e504cd85-a1db-4587-8509-c7399dc7cafe:192.168.36.91:36185], old=null
2019-09-01 05:53:19,096 [9adf8f3f-00f4-442f-a7e9-ac686daae57d:group-62A27AB5243B:LeaderElection231] INFO  impl.LeaderElection (LeaderElection.java:askForVotes(181)) - 9adf8f3f-00f4-442f-a7e9-ac686daae57d:group-62A27AB5243B:LeaderElection231: begin an election at term 9 for -1: [ce2be70a-d267-4ebc-abe0-fdcdf40aaae1:192.168.36.91:38648, 9adf8f3f-00f4-442f-a7e9-ac686daae57d:192.168.36.91:44931, ad88f3b0-98a4-4e16-8300-c870fa2dd819:192.168.36.91:34127], old=null
2019-09-01 05:53:19,117 [ce2be70a-d267-4ebc-abe0-fdcdf40aaae1:group-62A27AB5243B:LeaderElection234] INFO  impl.LeaderElection (LeaderElection.java:askForVotes(181)) - ce2be70a-d267-4ebc-abe0-fdcdf40aaae1:group-62A27AB5243B:LeaderElection234: begin an election at term 9 for -1: [ce2be70a-d267-4ebc-abe0-fdcdf40aaae1:192.168.36.91:38648, 9adf8f3f-00f4-442f-a7e9-ac686daae57d:192.168.36.91:44931, ad88f3b0-98a4-4e16-8300-c870fa2dd819:192.168.36.91:34127], old=null
2019-09-01 05:53:19,117 [196a83ac-f404-447a-85c9-b484bfff17ef:group-389DF4E823E9:LeaderElection233] INFO  impl.LeaderElection (LeaderElection.java:askForVotes(181)) - 196a83ac-f404-447a-85c9-b484bfff17ef:group-389DF4E823E9:LeaderElection233: begin an election at term 10 for -1: [2add93e0-2462-45f9-8504-d95fbdd1cf50:192.168.36.91:37068, 196a83ac-f404-447a-85c9-b484bfff17ef:192.168.36.91:35328, e504cd85-a1db-4587-8509-c7399dc7cafe:192.168.36.91:36185], old=null
2019-09-01 05:53:19,117 [2add93e0-2462-45f9-8504-d95fbdd1cf50:group-389DF4E823E9:LeaderElection235] INFO  impl.LeaderElection (LeaderElection.java:askForVotes(181)) - 2add93e0-2462-45f9-8504-d95fbdd1cf50:group-389DF4E823E9:LeaderElection235: begin an election at term 10 for -1: [2add93e0-2462-45f9-8504-d95fbdd1cf50:192.168.36.91:37068, 196a83ac-f404-447a-85c9-b484bfff17ef:192.168.36.91:35328, e504cd85-a1db-4587-8509-c7399dc7cafe:192.168.36.91:36185], old=null
2019-09-01 05:53:19,117 [ad88f3b0-98a4-4e16-8300-c870fa2dd819:group-62A27AB5243B:LeaderElection236] INFO  impl.LeaderElection (LeaderElection.java:askForVotes(181)) - ad88f3b0-98a4-4e16-8300-c870fa2dd819:group-62A27AB5243B:LeaderElection236: begin an election at term 9 for -1: [ce2be70a-d267-4ebc-abe0-fdcdf40aaae1:192.168.36.91:38648, 9adf8f3f-00f4-442f-a7e9-ac686daae57d:192.168.36.91:44931, ad88f3b0-98a4-4e16-8300-c870fa2dd819:192.168.36.91:34127], old=null
2019-09-01 05:53:19,119 [9adf8f3f-00f4-442f-a7e9-ac686daae57d:group-62A27AB5243B:LeaderElection231] INFO  impl.LeaderElection (LeaderElection.java:logAndReturn(56)) - 9adf8f3f-00f4-442f-a7e9-ac686daae57d:group-62A27AB5243B:LeaderElection231: Election REJECTED; received 2 response(s) [9adf8f3f-00f4-442f-a7e9-ac686daae57d<-ce2be70a-d267-4ebc-abe0-fdcdf40aaae1#0:FAIL-t9, 9adf8f3f-00f4-442f-a7e9-ac686daae57d<-ad88f3b0-98a4-4e16-8300-c870fa2dd819#0:FAIL-t9] and 0 exception(s); 9adf8f3f-00f4-442f-a7e9-ac686daae57d:t9, leader=null, voted=9adf8f3f-00f4-442f-a7e9-ac686daae57d, raftlog=9adf8f3f-00f4-442f-a7e9-ac686daae57d-SegmentedRaftLog:OPENED:c-1,f-1,i0, conf=-1: [ce2be70a-d267-4ebc-abe0-fdcdf40aaae1:192.168.36.91:38648, 9adf8f3f-00f4-442f-a7e9-ac686daae57d:192.168.36.91:44931, ad88f3b0-98a4-4e16-8300-c870fa2dd819:192.168.36.91:34127], old=null
2019-09-01 05:53:19,120 [e504cd85-a1db-4587-8509-c7399dc7cafe:group-389DF4E823E9:LeaderElection232] INFO  impl.LeaderElection (LeaderElection.java:logAndReturn(56)) - e504cd85-a1db-4587-8509-c7399dc7cafe:group-389DF4E823E9:LeaderElection232: Election REJECTED; received 2 response(s) [e504cd85-a1db-4587-8509-c7399dc7cafe<-2add93e0-2462-45f9-8504-d95fbdd1cf50#0:FAIL-t10, e504cd85-a1db-4587-8509-c7399dc7cafe<-196a83ac-f404-447a-85c9-b484bfff17ef#0:FAIL-t10] and 0 exception(s); e504cd85-a1db-4587-8509-c7399dc7cafe:t10, leader=null, voted=e504cd85-a1db-4587-8509-c7399dc7cafe, raftlog=e504cd85-a1db-4587-8509-c7399dc7cafe-SegmentedRaftLog:OPENED:c-1,f-1,i0, conf=-1: [2add93e0-2462-45f9-8504-d95fbdd1cf50:192.168.36.91:37068, 196a83ac-f404-447a-85c9-b484bfff17ef:192.168.36.91:35328, e504cd85-a1db-4587-8509-c7399dc7cafe:192.168.36.91:36185], old=null
2019-09-01 05:53:19,120 [9adf8f3f-00f4-442f-a7e9-ac686daae57d:group-62A27AB5243B:LeaderElection231] INFO  impl.RaftServerImpl (RaftServerImpl.java:setRole(171)) - 9adf8f3f-00f4-442f-a7e9-ac686daae57d:group-62A27AB5243B changes role from CANDIDATE to FOLLOWER at term 9 for DISCOVERED_A_NEW_TERM
2019-09-01 05:53:19,120 [e504cd85-a1db-4587-8509-c7399dc7cafe:group-389DF4E823E9:LeaderElection232] INFO  impl.RaftServerImpl (RaftServerImpl.java:setRole(171)) - e504cd85-a1db-4587-8509-c7399dc7cafe:group-389DF4E823E9 changes role from CANDIDATE to FOLLOWER at term 10 for DISCOVERED_A_NEW_TERM
2019-09-01 05:53:19,120 [e504cd85-a1db-4587-8509-c7399dc7cafe:group-389DF4E823E9:LeaderElection232] INFO  impl.RoleInfo (RoleInfo.java:shutdownLeaderElection(134)) - e504cd85-a1db-4587-8509-c7399dc7cafe: shutdown LeaderElection
2019-09-01 05:53:19,120 [9adf8f3f-00f4-442f-a7e9-ac686daae57d:group-62A27AB5243B:LeaderElection231] INFO  impl.RoleInfo (RoleInfo.java:shutdownLeaderElection(134)) - 9adf8f3f-00f4-442f-a7e9-ac686daae57d: shutdown LeaderElection
2019-09-01 05:53:19,121 [e504cd85-a1db-4587-8509-c7399dc7cafe:group-389DF4E823E9:LeaderElection232] INFO  impl.RoleInfo (RoleInfo.java:updateAndGet(143)) - e504cd85-a1db-4587-8509-c7399dc7cafe: start FollowerState
2019-09-01 05:53:19,121 [9adf8f3f-00f4-442f-a7e9-ac686daae57d:group-62A27AB5243B:LeaderElection231] INFO  impl.RoleInfo (RoleInfo.java:updateAndGet(143)) - 9adf8f3f-00f4-442f-a7e9-ac686daae57d: start FollowerState
2019-09-01 05:53:19,122 [ce2be70a-d267-4ebc-abe0-fdcdf40aaae1:group-62A27AB5243B:LeaderElection234] INFO  impl.LeaderElection (LeaderElection.java:logAndReturn(56)) - ce2be70a-d267-4ebc-abe0-fdcdf40aaae1:group-62A27AB5243B:LeaderElection234: Election REJECTED; received 2 response(s) [ce2be70a-d267-4ebc-abe0-fdcdf40aaae1<-9adf8f3f-00f4-442f-a7e9-ac686daae57d#0:FAIL-t9, ce2be70a-d267-4ebc-abe0-fdcdf40aaae1<-ad88f3b0-98a4-4e16-8300-c870fa2dd819#0:FAIL-t9] and 0 exception(s); ce2be70a-d267-4ebc-abe0-fdcdf40aaae1:t9, leader=null, voted=ce2be70a-d267-4ebc-abe0-fdcdf40aaae1, raftlog=ce2be70a-d267-4ebc-abe0-fdcdf40aaae1-SegmentedRaftLog:OPENED:c-1,f-1,i0, conf=-1: [ce2be70a-d267-4ebc-abe0-fdcdf40aaae1:192.168.36.91:38648, 9adf8f3f-00f4-442f-a7e9-ac686daae57d:192.168.36.91:44931, ad88f3b0-98a4-4e16-8300-c870fa2dd819:192.168.36.91:34127], old=null
2019-09-01 05:53:19,122 [ce2be70a-d267-4ebc-abe0-fdcdf40aaae1:group-62A27AB5243B:LeaderElection234] INFO  impl.RaftServerImpl (RaftServerImpl.java:setRole(171)) - ce2be70a-d267-4ebc-abe0-fdcdf40aaae1:group-62A27AB5243B changes role from CANDIDATE to FOLLOWER at term 9 for DISCOVERED_A_NEW_TERM
2019-09-01 05:53:19,123 [ce2be70a-d267-4ebc-abe0-fdcdf40aaae1:group-62A27AB5243B:LeaderElection234] INFO  impl.RoleInfo (RoleInfo.java:shutdownLeaderElection(134)) - ce2be70a-d267-4ebc-abe0-fdcdf40aaae1: shutdown LeaderElection
2019-09-01 05:53:19,123 [ce2be70a-d267-4ebc-abe0-fdcdf40aaae1:group-62A27AB5243B:LeaderElection234] INFO  impl.RoleInfo (RoleInfo.java:updateAndGet(143)) - ce2be70a-d267-4ebc-abe0-fdcdf40aaae1: start FollowerState
2019-09-01 05:53:19,123 [196a83ac-f404-447a-85c9-b484bfff17ef:group-389DF4E823E9:LeaderElection233] INFO  impl.LeaderElection (LeaderElection.java:logAndReturn(56)) - 196a83ac-f404-447a-85c9-b484bfff17ef:group-389DF4E823E9:LeaderElection233: Election REJECTED; received 2 response(s) [196a83ac-f404-447a-85c9-b484bfff17ef<-2add93e0-2462-45f9-8504-d95fbdd1cf50#0:FAIL-t10, 196a83ac-f404-447a-85c9-b484bfff17ef<-e504cd85-a1db-4587-8509-c7399dc7cafe#0:FAIL-t10] and 0 exception(s); 196a83ac-f404-447a-85c9-b484bfff17ef:t10, leader=null, voted=196a83ac-f404-447a-85c9-b484bfff17ef, raftlog=196a83ac-f404-447a-85c9-b484bfff17ef-SegmentedRaftLog:OPENED:c-1,f-1,i0, conf=-1: [2add93e0-2462-45f9-8504-d95fbdd1cf50:192.168.36.91:37068, 196a83ac-f404-447a-85c9-b484bfff17ef:192.168.36.91:35328, e504cd85-a1db-4587-8509-c7399dc7cafe:192.168.36.91:36185], old=null
2019-09-01 05:53:19,123 [196a83ac-f404-447a-85c9-b484bfff17ef:group-389DF4E823E9:LeaderElection233] INFO  impl.RaftServerImpl (RaftServerImpl.java:setRole(171)) - 196a83ac-f404-447a-85c9-b484bfff17ef:group-389DF4E823E9 changes role from CANDIDATE to FOLLOWER at term 10 for DISCOVERED_A_NEW_TERM
2019-09-01 05:53:19,123 [196a83ac-f404-447a-85c9-b484bfff17ef:group-389DF4E823E9:LeaderElection233] INFO  impl.RoleInfo (RoleInfo.java:shutdownLeaderElection(134)) - 196a83ac-f404-447a-85c9-b484bfff17ef: shutdown LeaderElection
2019-09-01 05:53:19,123 [196a83ac-f404-447a-85c9-b484bfff17ef:group-389DF4E823E9:LeaderElection233] INFO  impl.RoleInfo (RoleInfo.java:updateAndGet(143)) - 196a83ac-f404-447a-85c9-b484bfff17ef: start FollowerState
2019-09-01 05:53:19,124 [ad88f3b0-98a4-4e16-8300-c870fa2dd819:group-62A27AB5243B:LeaderElection236] INFO  impl.LeaderElection (LeaderElection.java:logAndReturn(56)) - ad88f3b0-98a4-4e16-8300-c870fa2dd819:group-62A27AB5243B:LeaderElection236: Election REJECTED; received 2 response(s) [ad88f3b0-98a4-4e16-8300-c870fa2dd819<-ce2be70a-d267-4ebc-abe0-fdcdf40aaae1#0:FAIL-t9, ad88f3b0-98a4-4e16-8300-c870fa2dd819<-9adf8f3f-00f4-442f-a7e9-ac686daae57d#0:FAIL-t9] and 0 exception(s); ad88f3b0-98a4-4e16-8300-c870fa2dd819:t9, leader=null, voted=ad88f3b0-98a4-4e16-8300-c870fa2dd819, raftlog=ad88f3b0-98a4-4e16-8300-c870fa2dd819-SegmentedRaftLog:OPENED:c-1,f-1,i0, conf=-1: [ce2be70a-d267-4ebc-abe0-fdcdf40aaae1:192.168.36.91:38648, 9adf8f3f-00f4-442f-a7e9-ac686daae57d:192.168.36.91:44931, ad88f3b0-98a4-4e16-8300-c870fa2dd819:192.168.36.91:34127], old=null
2019-09-01 05:53:19,124 [ad88f3b0-98a4-4e16-8300-c870fa2dd819:group-62A27AB5243B:LeaderElection236] INFO  impl.RaftServerImpl (RaftServerImpl.java:setRole(171)) - ad88f3b0-98a4-4e16-8300-c870fa2dd819:group-62A27AB5243B changes role from CANDIDATE to FOLLOWER at term 9 for DISCOVERED_A_NEW_TERM
2019-09-01 05:53:19,124 [2add93e0-2462-45f9-8504-d95fbdd1cf50:group-389DF4E823E9:LeaderElection235] INFO  impl.LeaderElection (LeaderElection.java:logAndReturn(56)) - 2add93e0-2462-45f9-8504-d95fbdd1cf50:group-389DF4E823E9:LeaderElection235: Election REJECTED; received 2 response(s) [2add93e0-2462-45f9-8504-d95fbdd1cf50<-196a83ac-f404-447a-85c9-b484bfff17ef#0:FAIL-t10, 2add93e0-2462-45f9-8504-d95fbdd1cf50<-e504cd85-a1db-4587-8509-c7399dc7cafe#0:FAIL-t10] and 0 exception(s); 2add93e0-2462-45f9-8504-d95fbdd1cf50:t10, leader=null, voted=2add93e0-2462-45f9-8504-d95fbdd1cf50, raftlog=2add93e0-2462-45f9-8504-d95fbdd1cf50-SegmentedRaftLog:OPENED:c-1,f-1,i0, conf=-1: [2add93e0-2462-45f9-8504-d95fbdd1cf50:192.168.36.91:37068, 196a83ac-f404-447a-85c9-b484bfff17ef:192.168.36.91:35328, e504cd85-a1db-4587-8509-c7399dc7cafe:192.168.36.91:36185], old=null
2019-09-01 05:53:19,124 [ad88f3b0-98a4-4e16-8300-c870fa2dd819:group-62A27AB5243B:LeaderElection236] INFO  impl.RoleInfo (RoleInfo.java:shutdownLeaderElection(134)) - ad88f3b0-98a4-4e16-8300-c870fa2dd819: shutdown LeaderElection
2019-09-01 05:53:19,125 [2add93e0-2462-45f9-8504-d95fbdd1cf50:group-389DF4E823E9:LeaderElection235] INFO  impl.RaftServerImpl (RaftServerImpl.java:setRole(171)) - 2add93e0-2462-45f9-8504-d95fbdd1cf50:group-389DF4E823E9 changes role from CANDIDATE to FOLLOWER at term 10 for DISCOVERED_A_NEW_TERM
2019-09-01 05:53:19,125 [ad88f3b0-98a4-4e16-8300-c870fa2dd819:group-62A27AB5243B:LeaderElection236] INFO  impl.RoleInfo (RoleInfo.java:updateAndGet(143)) - ad88f3b0-98a4-4e16-8300-c870fa2dd819: start FollowerState
2019-09-01 05:53:19,125 [2add93e0-2462-45f9-8504-d95fbdd1cf50:group-389DF4E823E9:LeaderElection235] INFO  impl.RoleInfo (RoleInfo.java:shutdownLeaderElection(134)) - 2add93e0-2462-45f9-8504-d95fbdd1cf50: shutdown LeaderElection
2019-09-01 05:53:19,125 [2add93e0-2462-45f9-8504-d95fbdd1cf50:group-389DF4E823E9:LeaderElection235] INFO  impl.RoleInfo (RoleInfo.java:updateAndGet(143)) - 2add93e0-2462-45f9-8504-d95fbdd1cf50: start FollowerState
2019-09-01 05:53:19,454 [grpc-default-executor-7] INFO  client.GrpcClientProtocolClient (GrpcClientProtocolClient.java:onNext(255)) - client-140AEB51EE0B->2add93e0-2462-45f9-8504-d95fbdd1cf50: receive RaftClientReply:client-140AEB51EE0B->2add93e0-2462-45f9-8504-d95fbdd1cf50@group-389DF4E823E9, cid=123, FAILED org.apache.ratis.protocol.NotLeaderException: Server 2add93e0-2462-45f9-8504-d95fbdd1cf50 is not the leader (null). Request must be sent to leader., logIndex=0, commits[2add93e0-2462-45f9-8504-d95fbdd1cf50:c-1]
2019-09-01 05:53:19,476 [main] WARN  io.KeyOutputStream (KeyOutputStream.java:handleException(276)) - Encountered exception java.io.IOException: Unexpected Storage Container Exception: java.util.concurrent.CompletionException: java.util.concurrent.CompletionException: org.apache.ratis.protocol.RaftRetryFailureException: Failed RaftClientRequest:client-140AEB51EE0B->2add93e0-2462-45f9-8504-d95fbdd1cf50@group-389DF4E823E9, cid=123, seq=1*, RW, org.apache.hadoop.hdds.scm.XceiverClientRatis$$Lambda$469/1656197285@3e389de9 for 10 attempts with RetryLimited(maxAttempts=10, sleepTime=1000ms) on the pipeline Pipeline[ Id: cbe75309-bf4f-419f-81ce-389df4e823e9, Nodes: e504cd85-a1db-4587-8509-c7399dc7cafe{ip: 192.168.36.91, host: trunk-nightly-20190901-gkzrd-4143273587, networkLocation: /rack1, certSerialId: null}196a83ac-f404-447a-85c9-b484bfff17ef{ip: 192.168.36.91, host: trunk-nightly-20190901-gkzrd-4143273587, networkLocation: /rack1, certSerialId: null}2add93e0-2462-45f9-8504-d95fbdd1cf50{ip: 192.168.36.91, host: trunk-nightly-20190901-gkzrd-4143273587, networkLocation: /rack1, certSerialId: null}, Type:RATIS, Factor:THREE, State:OPEN]. The last committed block length is 0, uncommitted data length is 1048576 retry count 0
2019-09-01 05:53:19,538 [grpc-default-executor-7] INFO  client.GrpcClientProtocolClient (GrpcClientProtocolClient.java:onNext(255)) - client-FAA5A8C7BEC4->99b5111b-d356-42b4-8380-346acbcabf6e: receive RaftClientReply:client-FAA5A8C7BEC4->99b5111b-d356-42b4-8380-346acbcabf6e@group-BF85EB72019C, cid=125, FAILED org.apache.ratis.protocol.NotLeaderException: Server 99b5111b-d356-42b4-8380-346acbcabf6e is not the leader (f61a82c2-42b9-49e6-922b-54bde2900752:192.168.36.91:40137). Request must be sent to leader., logIndex=0, commits[99b5111b-d356-42b4-8380-346acbcabf6e:c0, f61a82c2-42b9-49e6-922b-54bde2900752:c0, 2e72a9ea-f178-40e5-bf42-2c889e32e769:c0]
2019-09-01 05:53:20,107 [grpc-default-executor-6] INFO  client.GrpcClientProtocolClient (GrpcClientProtocolClient.java:onNext(255)) - client-FAA5A8C7BEC4->f61a82c2-42b9-49e6-922b-54bde2900752: receive RaftClientReply:client-FAA5A8C7BEC4->f61a82c2-42b9-49e6-922b-54bde2900752@group-BF85EB72019C, cid=125, SUCCESS, logIndex=1, commits[f61a82c2-42b9-49e6-922b-54bde2900752:c1, 2e72a9ea-f178-40e5-bf42-2c889e32e769:c0, 99b5111b-d356-42b4-8380-346acbcabf6e:c0]
2019-09-01 05:53:20,147 [Thread-4035] INFO  impl.FollowerState (FollowerState.java:run(106)) - e504cd85-a1db-4587-8509-c7399dc7cafe:group-389DF4E823E9 changes to CANDIDATE, lastRpcTime:1026, electionTimeout:1026ms
2019-09-01 05:53:20,148 [Thread-4035] INFO  impl.RoleInfo (RoleInfo.java:shutdownFollowerState(121)) - e504cd85-a1db-4587-8509-c7399dc7cafe: shutdown FollowerState
2019-09-01 05:53:20,148 [Thread-4035] INFO  impl.RaftServerImpl (RaftServerImpl.java:setRole(171)) - e504cd85-a1db-4587-8509-c7399dc7cafe:group-389DF4E823E9 changes role from FOLLOWER to CANDIDATE at term 10 for changeToCandidate
2019-09-01 05:53:20,148 [Thread-4035] INFO  impl.RoleInfo (RoleInfo.java:updateAndGet(143)) - e504cd85-a1db-4587-8509-c7399dc7cafe: start LeaderElection
2019-09-01 05:53:20,175 [Thread-4038] INFO  impl.FollowerState (FollowerState.java:run(106)) - 196a83ac-f404-447a-85c9-b484bfff17ef:group-389DF4E823E9 changes to CANDIDATE, lastRpcTime:1051, electionTimeout:1051ms
2019-09-01 05:53:20,175 [Thread-4038] INFO  impl.RoleInfo (RoleInfo.java:shutdownFollowerState(121)) - 196a83ac-f404-447a-85c9-b484bfff17ef: shutdown FollowerState
2019-09-01 05:53:20,175 [Thread-4038] INFO  impl.RaftServerImpl (RaftServerImpl.java:setRole(171)) - 196a83ac-f404-447a-85c9-b484bfff17ef:group-389DF4E823E9 changes role from FOLLOWER to CANDIDATE at term 10 for changeToCandidate
2019-09-01 05:53:20,175 [Thread-4038] INFO  impl.RoleInfo (RoleInfo.java:updateAndGet(143)) - 196a83ac-f404-447a-85c9-b484bfff17ef: start LeaderElection
2019-09-01 05:53:20,213 [Thread-4036] INFO  impl.FollowerState (FollowerState.java:run(106)) - 9adf8f3f-00f4-442f-a7e9-ac686daae57d:group-62A27AB5243B changes to CANDIDATE, lastRpcTime:1092, electionTimeout:1092ms
2019-09-01 05:53:20,214 [Thread-4036] INFO  impl.RoleInfo (RoleInfo.java:shutdownFollowerState(121)) - 9adf8f3f-00f4-442f-a7e9-ac686daae57d: shutdown FollowerState
2019-09-01 05:53:20,214 [Thread-4036] INFO  impl.RaftServerImpl (RaftServerImpl.java:setRole(171)) - 9adf8f3f-00f4-442f-a7e9-ac686daae57d:group-62A27AB5243B changes role from FOLLOWER to CANDIDATE at term 9 for changeToCandidate
2019-09-01 05:53:20,214 [Thread-4036] INFO  impl.RoleInfo (RoleInfo.java:updateAndGet(143)) - 9adf8f3f-00f4-442f-a7e9-ac686daae57d: start LeaderElection
2019-09-01 05:53:20,227 [Thread-4040] INFO  impl.FollowerState (FollowerState.java:run(106)) - 2add93e0-2462-45f9-8504-d95fbdd1cf50:group-389DF4E823E9 changes to CANDIDATE, lastRpcTime:1101, electionTimeout:1101ms
2019-09-01 05:53:20,227 [Thread-4040] INFO  impl.RoleInfo (RoleInfo.java:shutdownFollowerState(121)) - 2add93e0-2462-45f9-8504-d95fbdd1cf50: shutdown FollowerState
2019-09-01 05:53:20,227 [Thread-4040] INFO  impl.RaftServerImpl (RaftServerImpl.java:setRole(171)) - 2add93e0-2462-45f9-8504-d95fbdd1cf50:group-389DF4E823E9 changes role from FOLLOWER to CANDIDATE at term 10 for changeToCandidate
2019-09-01 05:53:20,227 [Thread-4040] INFO  impl.RoleInfo (RoleInfo.java:updateAndGet(143)) - 2add93e0-2462-45f9-8504-d95fbdd1cf50: start LeaderElection
2019-09-01 05:53:20,255 [Thread-4039] INFO  impl.FollowerState (FollowerState.java:run(106)) - ad88f3b0-98a4-4e16-8300-c870fa2dd819:group-62A27AB5243B changes to CANDIDATE, lastRpcTime:1130, electionTimeout:1130ms
2019-09-01 05:53:20,256 [Thread-4039] INFO  impl.RoleInfo (RoleInfo.java:shutdownFollowerState(121)) - ad88f3b0-98a4-4e16-8300-c870fa2dd819: shutdown FollowerState
2019-09-01 05:53:20,256 [Thread-4039] INFO  impl.RaftServerImpl (RaftServerImpl.java:setRole(171)) - ad88f3b0-98a4-4e16-8300-c870fa2dd819:group-62A27AB5243B changes role from FOLLOWER to CANDIDATE at term 9 for changeToCandidate
2019-09-01 05:53:20,256 [Thread-4039] INFO  impl.RoleInfo (RoleInfo.java:updateAndGet(143)) - ad88f3b0-98a4-4e16-8300-c870fa2dd819: start LeaderElection
2019-09-01 05:53:20,257 [e504cd85-a1db-4587-8509-c7399dc7cafe:group-389DF4E823E9:LeaderElection237] INFO  impl.LeaderElection (LeaderElection.java:askForVotes(181)) - e504cd85-a1db-4587-8509-c7399dc7cafe:group-389DF4E823E9:LeaderElection237: begin an election at term 11 for -1: [2add93e0-2462-45f9-8504-d95fbdd1cf50:192.168.36.91:37068, 196a83ac-f404-447a-85c9-b484bfff17ef:192.168.36.91:35328, e504cd85-a1db-4587-8509-c7399dc7cafe:192.168.36.91:36185], old=null
2019-09-01 05:53:20,264 [196a83ac-f404-447a-85c9-b484bfff17ef:group-389DF4E823E9:LeaderElection238] INFO  impl.LeaderElection (LeaderElection.java:askForVotes(181)) - 196a83ac-f404-447a-85c9-b484bfff17ef:group-389DF4E823E9:LeaderElection238: begin an election at term 11 for -1: [2add93e0-2462-45f9-8504-d95fbdd1cf50:192.168.36.91:37068, 196a83ac-f404-447a-85c9-b484bfff17ef:192.168.36.91:35328, e504cd85-a1db-4587-8509-c7399dc7cafe:192.168.36.91:36185], old=null
2019-09-01 05:53:20,266 [Thread-4037] INFO  impl.FollowerState (FollowerState.java:run(106)) - ce2be70a-d267-4ebc-abe0-fdcdf40aaae1:group-62A27AB5243B changes to CANDIDATE, lastRpcTime:1143, electionTimeout:1143ms
2019-09-01 05:53:20,267 [Thread-4037] INFO  impl.RoleInfo (RoleInfo.java:shutdownFollowerState(121)) - ce2be70a-d267-4ebc-abe0-fdcdf40aaae1: shutdown FollowerState
2019-09-01 05:53:20,267 [Thread-4037] INFO  impl.RaftServerImpl (RaftServerImpl.java:setRole(171)) - ce2be70a-d267-4ebc-abe0-fdcdf40aaae1:group-62A27AB5243B changes role from FOLLOWER to CANDIDATE at term 9 for changeToCandidate
2019-09-01 05:53:20,267 [Thread-4037] INFO  impl.RoleInfo (RoleInfo.java:updateAndGet(143)) - ce2be70a-d267-4ebc-abe0-fdcdf40aaae1: start LeaderElection
2019-09-01 05:53:20,360 [ce2be70a-d267-4ebc-abe0-fdcdf40aaae1:group-62A27AB5243B:LeaderElection242] INFO  impl.LeaderElection (LeaderElection.java:askForVotes(181)) - ce2be70a-d267-4ebc-abe0-fdcdf40aaae1:group-62A27AB5243B:LeaderElection242: begin an election at term 10 for -1: [ce2be70a-d267-4ebc-abe0-fdcdf40aaae1:192.168.36.91:38648, 9adf8f3f-00f4-442f-a7e9-ac686daae57d:192.168.36.91:44931, ad88f3b0-98a4-4e16-8300-c870fa2dd819:192.168.36.91:34127], old=null
2019-09-01 05:53:20,360 [ad88f3b0-98a4-4e16-8300-c870fa2dd819:group-62A27AB5243B:LeaderElection241] INFO  impl.LeaderElection (LeaderElection.java:askForVotes(181)) - ad88f3b0-98a4-4e16-8300-c870fa2dd819:group-62A27AB5243B:LeaderElection241: begin an election at term 10 for -1: [ce2be70a-d267-4ebc-abe0-fdcdf40aaae1:192.168.36.91:38648, 9adf8f3f-00f4-442f-a7e9-ac686daae57d:192.168.36.91:44931, ad88f3b0-98a4-4e16-8300-c870fa2dd819:192.168.36.91:34127], old=null
2019-09-01 05:53:20,360 [2add93e0-2462-45f9-8504-d95fbdd1cf50:group-389DF4E823E9:LeaderElection240] INFO  impl.LeaderElection (LeaderElection.java:askForVotes(181)) - 2add93e0-2462-45f9-8504-d95fbdd1cf50:group-389DF4E823E9:LeaderElection240: begin an election at term 11 for -1: [2add93e0-2462-45f9-8504-d95fbdd1cf50:192.168.36.91:37068, 196a83ac-f404-447a-85c9-b484bfff17ef:192.168.36.91:35328, e504cd85-a1db-4587-8509-c7399dc7cafe:192.168.36.91:36185], old=null
2019-09-01 05:53:20,360 [9adf8f3f-00f4-442f-a7e9-ac686daae57d:group-62A27AB5243B:LeaderElection239] INFO  impl.LeaderElection (LeaderElection.java:askForVotes(181)) - 9adf8f3f-00f4-442f-a7e9-ac686daae57d:group-62A27AB5243B:LeaderElection239: begin an election at term 10 for -1: [ce2be70a-d267-4ebc-abe0-fdcdf40aaae1:192.168.36.91:38648, 9adf8f3f-00f4-442f-a7e9-ac686daae57d:192.168.36.91:44931, ad88f3b0-98a4-4e16-8300-c870fa2dd819:192.168.36.91:34127], old=null
2019-09-01 05:53:20,361 [196a83ac-f404-447a-85c9-b484bfff17ef:group-389DF4E823E9:LeaderElection238] INFO  impl.LeaderElection (LeaderElection.java:logAndReturn(56)) - 196a83ac-f404-447a-85c9-b484bfff17ef:group-389DF4E823E9:LeaderElection238: Election REJECTED; received 2 response(s) [196a83ac-f404-447a-85c9-b484bfff17ef<-2add93e0-2462-45f9-8504-d95fbdd1cf50#0:FAIL-t11, 196a83ac-f404-447a-85c9-b484bfff17ef<-e504cd85-a1db-4587-8509-c7399dc7cafe#0:FAIL-t11] and 0 exception(s); 196a83ac-f404-447a-85c9-b484bfff17ef:t11, leader=null, voted=196a83ac-f404-447a-85c9-b484bfff17ef, raftlog=196a83ac-f404-447a-85c9-b484bfff17ef-SegmentedRaftLog:OPENED:c-1,f-1,i0, conf=-1: [2add93e0-2462-45f9-8504-d95fbdd1cf50:192.168.36.91:37068, 196a83ac-f404-447a-85c9-b484bfff17ef:192.168.36.91:35328, e504cd85-a1db-4587-8509-c7399dc7cafe:192.168.36.91:36185], old=null
2019-09-01 05:53:20,361 [e504cd85-a1db-4587-8509-c7399dc7cafe:group-389DF4E823E9:LeaderElection237] INFO  impl.LeaderElection (LeaderElection.java:logAndReturn(56)) - e504cd85-a1db-4587-8509-c7399dc7cafe:group-389DF4E823E9:LeaderElection237: Election REJECTED; received 2 response(s) [e504cd85-a1db-4587-8509-c7399dc7cafe<-2add93e0-2462-45f9-8504-d95fbdd1cf50#0:FAIL-t11, e504cd85-a1db-4587-8509-c7399dc7cafe<-196a83ac-f404-447a-85c9-b484bfff17ef#0:FAIL-t11] and 0 exception(s); e504cd85-a1db-4587-8509-c7399dc7cafe:t11, leader=null, voted=e504cd85-a1db-4587-8509-c7399dc7cafe, raftlog=e504cd85-a1db-4587-8509-c7399dc7cafe-SegmentedRaftLog:OPENED:c-1,f-1,i0, conf=-1: [2add93e0-2462-45f9-8504-d95fbdd1cf50:192.168.36.91:37068, 196a83ac-f404-447a-85c9-b484bfff17ef:192.168.36.91:35328, e504cd85-a1db-4587-8509-c7399dc7cafe:192.168.36.91:36185], old=null
2019-09-01 05:53:20,362 [196a83ac-f404-447a-85c9-b484bfff17ef:group-389DF4E823E9:LeaderElection238] INFO  impl.RaftServerImpl (RaftServerImpl.java:setRole(171)) - 196a83ac-f404-447a-85c9-b484bfff17ef:group-389DF4E823E9 changes role from CANDIDATE to FOLLOWER at term 11 for DISCOVERED_A_NEW_TERM
2019-09-01 05:53:20,362 [e504cd85-a1db-4587-8509-c7399dc7cafe:group-389DF4E823E9:LeaderElection237] INFO  impl.RaftServerImpl (RaftServerImpl.java:setRole(171)) - e504cd85-a1db-4587-8509-c7399dc7cafe:group-389DF4E823E9 changes role from CANDIDATE to FOLLOWER at term 11 for DISCOVERED_A_NEW_TERM
2019-09-01 05:53:20,362 [e504cd85-a1db-4587-8509-c7399dc7cafe:group-389DF4E823E9:LeaderElection237] INFO  impl.RoleInfo (RoleInfo.java:shutdownLeaderElection(134)) - e504cd85-a1db-4587-8509-c7399dc7cafe: shutdown LeaderElection
2019-09-01 05:53:20,362 [196a83ac-f404-447a-85c9-b484bfff17ef:group-389DF4E823E9:LeaderElection238] INFO  impl.RoleInfo (RoleInfo.java:shutdownLeaderElection(134)) - 196a83ac-f404-447a-85c9-b484bfff17ef: shutdown LeaderElection
2019-09-01 05:53:20,362 [e504cd85-a1db-4587-8509-c7399dc7cafe:group-389DF4E823E9:LeaderElection237] INFO  impl.RoleInfo (RoleInfo.java:updateAndGet(143)) - e504cd85-a1db-4587-8509-c7399dc7cafe: start FollowerState
2019-09-01 05:53:20,362 [196a83ac-f404-447a-85c9-b484bfff17ef:group-389DF4E823E9:LeaderElection238] INFO  impl.RoleInfo (RoleInfo.java:updateAndGet(143)) - 196a83ac-f404-447a-85c9-b484bfff17ef: start FollowerState
2019-09-01 05:53:20,365 [ce2be70a-d267-4ebc-abe0-fdcdf40aaae1:group-62A27AB5243B:LeaderElection242] INFO  impl.LeaderElection (LeaderElection.java:logAndReturn(56)) - ce2be70a-d267-4ebc-abe0-fdcdf40aaae1:group-62A27AB5243B:LeaderElection242: Election REJECTED; received 2 response(s) [ce2be70a-d267-4ebc-abe0-fdcdf40aaae1<-9adf8f3f-00f4-442f-a7e9-ac686daae57d#0:FAIL-t10, ce2be70a-d267-4ebc-abe0-fdcdf40aaae1<-ad88f3b0-98a4-4e16-8300-c870fa2dd819#0:FAIL-t10] and 0 exception(s); ce2be70a-d267-4ebc-abe0-fdcdf40aaae1:t10, leader=null, voted=ce2be70a-d267-4ebc-abe0-fdcdf40aaae1, raftlog=ce2be70a-d267-4ebc-abe0-fdcdf40aaae1-SegmentedRaftLog:OPENED:c-1,f-1,i0, conf=-1: [ce2be70a-d267-4ebc-abe0-fdcdf40aaae1:192.168.36.91:38648, 9adf8f3f-00f4-442f-a7e9-ac686daae57d:192.168.36.91:44931, ad88f3b0-98a4-4e16-8300-c870fa2dd819:192.168.36.91:34127], old=null
2019-09-01 05:53:20,365 [ce2be70a-d267-4ebc-abe0-fdcdf40aaae1:group-62A27AB5243B:LeaderElection242] INFO  impl.RaftServerImpl (RaftServerImpl.java:setRole(171)) - ce2be70a-d267-4ebc-abe0-fdcdf40aaae1:group-62A27AB5243B changes role from CANDIDATE to FOLLOWER at term 10 for DISCOVERED_A_NEW_TERM
2019-09-01 05:53:20,365 [ce2be70a-d267-4ebc-abe0-fdcdf40aaae1:group-62A27AB5243B:LeaderElection242] INFO  impl.RoleInfo (RoleInfo.java:shutdownLeaderElection(134)) - ce2be70a-d267-4ebc-abe0-fdcdf40aaae1: shutdown LeaderElection
2019-09-01 05:53:20,365 [ce2be70a-d267-4ebc-abe0-fdcdf40aaae1:group-62A27AB5243B:LeaderElection242] INFO  impl.RoleInfo (RoleInfo.java:updateAndGet(143)) - ce2be70a-d267-4ebc-abe0-fdcdf40aaae1: start FollowerState
2019-09-01 05:53:20,365 [ad88f3b0-98a4-4e16-8300-c870fa2dd819:group-62A27AB5243B:LeaderElection241] INFO  impl.LeaderElection (LeaderElection.java:logAndReturn(56)) - ad88f3b0-98a4-4e16-8300-c870fa2dd819:group-62A27AB5243B:LeaderElection241: Election REJECTED; received 2 response(s) [ad88f3b0-98a4-4e16-8300-c870fa2dd819<-ce2be70a-d267-4ebc-abe0-fdcdf40aaae1#0:FAIL-t10, ad88f3b0-98a4-4e16-8300-c870fa2dd819<-9adf8f3f-00f4-442f-a7e9-ac686daae57d#0:FAIL-t10] and 0 exception(s); ad88f3b0-98a4-4e16-8300-c870fa2dd819:t10, leader=null, voted=ad88f3b0-98a4-4e16-8300-c870fa2dd819, raftlog=ad88f3b0-98a4-4e16-8300-c870fa2dd819-SegmentedRaftLog:OPENED:c-1,f-1,i0, conf=-1: [ce2be70a-d267-4ebc-abe0-fdcdf40aaae1:192.168.36.91:38648, 9adf8f3f-00f4-442f-a7e9-ac686daae57d:192.168.36.91:44931, ad88f3b0-98a4-4e16-8300-c870fa2dd819:192.168.36.91:34127], old=null
2019-09-01 05:53:20,366 [2add93e0-2462-45f9-8504-d95fbdd1cf50:group-389DF4E823E9:LeaderElection240] INFO  impl.LeaderElection (LeaderElection.java:logAndReturn(56)) - 2add93e0-2462-45f9-8504-d95fbdd1cf50:group-389DF4E823E9:LeaderElection240: Election REJECTED; received 2 response(s) [2add93e0-2462-45f9-8504-d95fbdd1cf50<-196a83ac-f404-447a-85c9-b484bfff17ef#0:FAIL-t11, 2add93e0-2462-45f9-8504-d95fbdd1cf50<-e504cd85-a1db-4587-8509-c7399dc7cafe#0:FAIL-t11] and 0 exception(s); 2add93e0-2462-45f9-8504-d95fbdd1cf50:t11, leader=null, voted=2add93e0-2462-45f9-8504-d95fbdd1cf50, raftlog=2add93e0-2462-45f9-8504-d95fbdd1cf50-SegmentedRaftLog:OPENED:c-1,f-1,i0, conf=-1: [2add93e0-2462-45f9-8504-d95fbdd1cf50:192.168.36.91:37068, 196a83ac-f404-447a-85c9-b484bfff17ef:192.168.36.91:35328, e504cd85-a1db-4587-8509-c7399dc7cafe:192.168.36.91:36185], old=null
2019-09-01 05:53:20,366 [ad88f3b0-98a4-4e16-8300-c870fa2dd819:group-62A27AB5243B:LeaderElection241] INFO  impl.RaftServerImpl (RaftServerImpl.java:setRole(171)) - ad88f3b0-98a4-4e16-8300-c870fa2dd819:group-62A27AB5243B changes role from CANDIDATE to FOLLOWER at term 10 for DISCOVERED_A_NEW_TERM
2019-09-01 05:53:20,366 [2add93e0-2462-45f9-8504-d95fbdd1cf50:group-389DF4E823E9:LeaderElection240] INFO  impl.RaftServerImpl (RaftServerImpl.java:setRole(171)) - 2add93e0-2462-45f9-8504-d95fbdd1cf50:group-389DF4E823E9 changes role from CANDIDATE to FOLLOWER at term 11 for DISCOVERED_A_NEW_TERM
2019-09-01 05:53:20,366 [9adf8f3f-00f4-442f-a7e9-ac686daae57d:group-62A27AB5243B:LeaderElection239] INFO  impl.LeaderElection (LeaderElection.java:logAndReturn(56)) - 9adf8f3f-00f4-442f-a7e9-ac686daae57d:group-62A27AB5243B:LeaderElection239: Election REJECTED; received 2 response(s) [9adf8f3f-00f4-442f-a7e9-ac686daae57d<-ce2be70a-d267-4ebc-abe0-fdcdf40aaae1#0:FAIL-t10, 9adf8f3f-00f4-442f-a7e9-ac686daae57d<-ad88f3b0-98a4-4e16-8300-c870fa2dd819#0:FAIL-t10] and 0 exception(s); 9adf8f3f-00f4-442f-a7e9-ac686daae57d:t10, leader=null, voted=9adf8f3f-00f4-442f-a7e9-ac686daae57d, raftlog=9adf8f3f-00f4-442f-a7e9-ac686daae57d-SegmentedRaftLog:OPENED:c-1,f-1,i0, conf=-1: [ce2be70a-d267-4ebc-abe0-fdcdf40aaae1:192.168.36.91:38648, 9adf8f3f-00f4-442f-a7e9-ac686daae57d:192.168.36.91:44931, ad88f3b0-98a4-4e16-8300-c870fa2dd819:192.168.36.91:34127], old=null
2019-09-01 05:53:20,366 [ad88f3b0-98a4-4e16-8300-c870fa2dd819:group-62A27AB5243B:LeaderElection241] INFO  impl.RoleInfo (RoleInfo.java:shutdownLeaderElection(134)) - ad88f3b0-98a4-4e16-8300-c870fa2dd819: shutdown LeaderElection
2019-09-01 05:53:20,366 [9adf8f3f-00f4-442f-a7e9-ac686daae57d:group-62A27AB5243B:LeaderElection239] INFO  impl.RaftServerImpl (RaftServerImpl.java:setRole(171)) - 9adf8f3f-00f4-442f-a7e9-ac686daae57d:group-62A27AB5243B changes role from CANDIDATE to FOLLOWER at term 10 for DISCOVERED_A_NEW_TERM
2019-09-01 05:53:20,366 [2add93e0-2462-45f9-8504-d95fbdd1cf50:group-389DF4E823E9:LeaderElection240] INFO  impl.RoleInfo (RoleInfo.java:shutdownLeaderElection(134)) - 2add93e0-2462-45f9-8504-d95fbdd1cf50: shutdown LeaderElection
2019-09-01 05:53:20,367 [9adf8f3f-00f4-442f-a7e9-ac686daae57d:group-62A27AB5243B:LeaderElection239] INFO  impl.RoleInfo (RoleInfo.java:shutdownLeaderElection(134)) - 9adf8f3f-00f4-442f-a7e9-ac686daae57d: shutdown LeaderElection
2019-09-01 05:53:20,367 [ad88f3b0-98a4-4e16-8300-c870fa2dd819:group-62A27AB5243B:LeaderElection241] INFO  impl.RoleInfo (RoleInfo.java:updateAndGet(143)) - ad88f3b0-98a4-4e16-8300-c870fa2dd819: start FollowerState
2019-09-01 05:53:20,367 [9adf8f3f-00f4-442f-a7e9-ac686daae57d:group-62A27AB5243B:LeaderElection239] INFO  impl.RoleInfo (RoleInfo.java:updateAndGet(143)) - 9adf8f3f-00f4-442f-a7e9-ac686daae57d: start FollowerState
2019-09-01 05:53:20,367 [2add93e0-2462-45f9-8504-d95fbdd1cf50:group-389DF4E823E9:LeaderElection240] INFO  impl.RoleInfo (RoleInfo.java:updateAndGet(143)) - 2add93e0-2462-45f9-8504-d95fbdd1cf50: start FollowerState
2019-09-01 05:53:21,126 [grpc-default-executor-6] INFO  client.GrpcClientProtocolClient (GrpcClientProtocolClient.java:onNext(255)) - client-FAA5A8C7BEC4->f61a82c2-42b9-49e6-922b-54bde2900752: receive RaftClientReply:client-FAA5A8C7BEC4->f61a82c2-42b9-49e6-922b-54bde2900752@group-BF85EB72019C, cid=126, SUCCESS, logIndex=3, commits[f61a82c2-42b9-49e6-922b-54bde2900752:c4, 2e72a9ea-f178-40e5-bf42-2c889e32e769:c4, 99b5111b-d356-42b4-8380-346acbcabf6e:c4]
2019-09-01 05:53:21,367 [Thread-4086] INFO  impl.FollowerState (FollowerState.java:run(106)) - ce2be70a-d267-4ebc-abe0-fdcdf40aaae1:group-62A27AB5243B changes to CANDIDATE, lastRpcTime:1001, electionTimeout:1001ms
2019-09-01 05:53:21,367 [Thread-4086] INFO  impl.RoleInfo (RoleInfo.java:shutdownFollowerState(121)) - ce2be70a-d267-4ebc-abe0-fdcdf40aaae1: shutdown FollowerState
2019-09-01 05:53:21,367 [Thread-4086] INFO  impl.RaftServerImpl (RaftServerImpl.java:setRole(171)) - ce2be70a-d267-4ebc-abe0-fdcdf40aaae1:group-62A27AB5243B changes role from FOLLOWER to CANDIDATE at term 10 for changeToCandidate
2019-09-01 05:53:21,367 [Thread-4086] INFO  impl.RoleInfo (RoleInfo.java:updateAndGet(143)) - ce2be70a-d267-4ebc-abe0-fdcdf40aaae1: start LeaderElection
2019-09-01 05:53:21,399 [Thread-4085] INFO  impl.FollowerState (FollowerState.java:run(106)) - 196a83ac-f404-447a-85c9-b484bfff17ef:group-389DF4E823E9 changes to CANDIDATE, lastRpcTime:1036, electionTimeout:1036ms
2019-09-01 05:53:21,399 [Thread-4085] INFO  impl.RoleInfo (RoleInfo.java:shutdownFollowerState(121)) - 196a83ac-f404-447a-85c9-b484bfff17ef: shutdown FollowerState
2019-09-01 05:53:21,400 [Thread-4085] INFO  impl.RaftServerImpl (RaftServerImpl.java:setRole(171)) - 196a83ac-f404-447a-85c9-b484bfff17ef:group-389DF4E823E9 changes role from FOLLOWER to CANDIDATE at term 11 for changeToCandidate
2019-09-01 05:53:21,400 [Thread-4085] INFO  impl.RoleInfo (RoleInfo.java:updateAndGet(143)) - 196a83ac-f404-447a-85c9-b484bfff17ef: start LeaderElection
2019-09-01 05:53:21,405 [Thread-4089] INFO  impl.FollowerState (FollowerState.java:run(106)) - 9adf8f3f-00f4-442f-a7e9-ac686daae57d:group-62A27AB5243B changes to CANDIDATE, lastRpcTime:1038, electionTimeout:1033ms
2019-09-01 05:53:21,406 [Thread-4089] INFO  impl.RoleInfo (RoleInfo.java:shutdownFollowerState(121)) - 9adf8f3f-00f4-442f-a7e9-ac686daae57d: shutdown FollowerState
2019-09-01 05:53:21,406 [Thread-4089] INFO  impl.RaftServerImpl (RaftServerImpl.java:setRole(171)) - 9adf8f3f-00f4-442f-a7e9-ac686daae57d:group-62A27AB5243B changes role from FOLLOWER to CANDIDATE at term 10 for changeToCandidate
2019-09-01 05:53:21,406 [Thread-4089] INFO  impl.RoleInfo (RoleInfo.java:updateAndGet(143)) - 9adf8f3f-00f4-442f-a7e9-ac686daae57d: start LeaderElection
2019-09-01 05:53:21,470 [Thread-4087] INFO  impl.FollowerState (FollowerState.java:run(106)) - ad88f3b0-98a4-4e16-8300-c870fa2dd819:group-62A27AB5243B changes to CANDIDATE, lastRpcTime:1103, electionTimeout:1103ms
2019-09-01 05:53:21,471 [Thread-4087] INFO  impl.RoleInfo (RoleInfo.java:shutdownFollowerState(121)) - ad88f3b0-98a4-4e16-8300-c870fa2dd819: shutdown FollowerState
2019-09-01 05:53:21,471 [Thread-4087] INFO  impl.RaftServerImpl (RaftServerImpl.java:setRole(171)) - ad88f3b0-98a4-4e16-8300-c870fa2dd819:group-62A27AB5243B changes role from FOLLOWER to CANDIDATE at term 10 for changeToCandidate
2019-09-01 05:53:21,471 [Thread-4087] INFO  impl.RoleInfo (RoleInfo.java:updateAndGet(143)) - ad88f3b0-98a4-4e16-8300-c870fa2dd819: start LeaderElection
2019-09-01 05:53:21,482 [Thread-4084] INFO  impl.FollowerState (FollowerState.java:run(106)) - e504cd85-a1db-4587-8509-c7399dc7cafe:group-389DF4E823E9 changes to CANDIDATE, lastRpcTime:1119, electionTimeout:1119ms
2019-09-01 05:53:21,482 [Thread-4084] INFO  impl.RoleInfo (RoleInfo.java:shutdownFollowerState(121)) - e504cd85-a1db-4587-8509-c7399dc7cafe: shutdown FollowerState
2019-09-01 05:53:21,482 [Thread-4084] INFO  impl.RaftServerImpl (RaftServerImpl.java:setRole(171)) - e504cd85-a1db-4587-8509-c7399dc7cafe:group-389DF4E823E9 changes role from FOLLOWER to CANDIDATE at term 11 for changeToCandidate
2019-09-01 05:53:21,482 [Thread-4084] INFO  impl.RoleInfo (RoleInfo.java:updateAndGet(143)) - e504cd85-a1db-4587-8509-c7399dc7cafe: start LeaderElection
2019-09-01 05:53:21,518 [Thread-4088] INFO  impl.FollowerState (FollowerState.java:run(106)) - 2add93e0-2462-45f9-8504-d95fbdd1cf50:group-389DF4E823E9 changes to CANDIDATE, lastRpcTime:1150, electionTimeout:1150ms
2019-09-01 05:53:21,518 [Thread-4088] INFO  impl.RoleInfo (RoleInfo.java:shutdownFollowerState(121)) - 2add93e0-2462-45f9-8504-d95fbdd1cf50: shutdown FollowerState
2019-09-01 05:53:21,518 [Thread-4088] INFO  impl.RaftServerImpl (RaftServerImpl.java:setRole(171)) - 2add93e0-2462-45f9-8504-d95fbdd1cf50:group-389DF4E823E9 changes role from FOLLOWER to CANDIDATE at term 11 for changeToCandidate
2019-09-01 05:53:21,518 [Thread-4088] INFO  impl.RoleInfo (RoleInfo.java:updateAndGet(143)) - 2add93e0-2462-45f9-8504-d95fbdd1cf50: start LeaderElection
2019-09-01 05:53:21,532 [Datanode State Machine Thread - 0] INFO  statemachine.DatanodeStateMachine (DatanodeStateMachine.java:lambda$startDaemon$0(350)) - Ozone container server started.
2019-09-01 05:53:21,545 [ce2be70a-d267-4ebc-abe0-fdcdf40aaae1:group-62A27AB5243B:LeaderElection243] INFO  impl.LeaderElection (LeaderElection.java:askForVotes(181)) - ce2be70a-d267-4ebc-abe0-fdcdf40aaae1:group-62A27AB5243B:LeaderElection243: begin an election at term 11 for -1: [ce2be70a-d267-4ebc-abe0-fdcdf40aaae1:192.168.36.91:38648, 9adf8f3f-00f4-442f-a7e9-ac686daae57d:192.168.36.91:44931, ad88f3b0-98a4-4e16-8300-c870fa2dd819:192.168.36.91:34127], old=null
2019-09-01 05:53:21,657 [2add93e0-2462-45f9-8504-d95fbdd1cf50:group-389DF4E823E9:LeaderElection248] INFO  impl.LeaderElection (LeaderElection.java:askForVotes(181)) - 2add93e0-2462-45f9-8504-d95fbdd1cf50:group-389DF4E823E9:LeaderElection248: begin an election at term 12 for -1: [2add93e0-2462-45f9-8504-d95fbdd1cf50:192.168.36.91:37068, 196a83ac-f404-447a-85c9-b484bfff17ef:192.168.36.91:35328, e504cd85-a1db-4587-8509-c7399dc7cafe:192.168.36.91:36185], old=null
2019-09-01 05:53:21,657 [ad88f3b0-98a4-4e16-8300-c870fa2dd819:group-62A27AB5243B:LeaderElection246] INFO  impl.LeaderElection (LeaderElection.java:askForVotes(181)) - ad88f3b0-98a4-4e16-8300-c870fa2dd819:group-62A27AB5243B:LeaderElection246: begin an election at term 11 for -1: [ce2be70a-d267-4ebc-abe0-fdcdf40aaae1:192.168.36.91:38648, 9adf8f3f-00f4-442f-a7e9-ac686daae57d:192.168.36.91:44931, ad88f3b0-98a4-4e16-8300-c870fa2dd819:192.168.36.91:34127], old=null
2019-09-01 05:53:21,657 [9adf8f3f-00f4-442f-a7e9-ac686daae57d:group-62A27AB5243B:LeaderElection245] INFO  impl.LeaderElection (LeaderElection.java:askForVotes(181)) - 9adf8f3f-00f4-442f-a7e9-ac686daae57d:group-62A27AB5243B:LeaderElection245: begin an election at term 11 for -1: [ce2be70a-d267-4ebc-abe0-fdcdf40aaae1:192.168.36.91:38648, 9adf8f3f-00f4-442f-a7e9-ac686daae57d:192.168.36.91:44931, ad88f3b0-98a4-4e16-8300-c870fa2dd819:192.168.36.91:34127], old=null
2019-09-01 05:53:21,657 [196a83ac-f404-447a-85c9-b484bfff17ef:group-389DF4E823E9:LeaderElection244] INFO  impl.LeaderElection (LeaderElection.java:askForVotes(181)) - 196a83ac-f404-447a-85c9-b484bfff17ef:group-389DF4E823E9:LeaderElection244: begin an election at term 12 for -1: [2add93e0-2462-45f9-8504-d95fbdd1cf50:192.168.36.91:37068, 196a83ac-f404-447a-85c9-b484bfff17ef:192.168.36.91:35328, e504cd85-a1db-4587-8509-c7399dc7cafe:192.168.36.91:36185], old=null
2019-09-01 05:53:21,657 [e504cd85-a1db-4587-8509-c7399dc7cafe:group-389DF4E823E9:LeaderElection247] INFO  impl.LeaderElection (LeaderElection.java:askForVotes(181)) - e504cd85-a1db-4587-8509-c7399dc7cafe:group-389DF4E823E9:LeaderElection247: begin an election at term 12 for -1: [2add93e0-2462-45f9-8504-d95fbdd1cf50:192.168.36.91:37068, 196a83ac-f404-447a-85c9-b484bfff17ef:192.168.36.91:35328, e504cd85-a1db-4587-8509-c7399dc7cafe:192.168.36.91:36185], old=null
2019-09-01 05:53:21,658 [ce2be70a-d267-4ebc-abe0-fdcdf40aaae1:group-62A27AB5243B:LeaderElection243] INFO  impl.LeaderElection (LeaderElection.java:logAndReturn(56)) - ce2be70a-d267-4ebc-abe0-fdcdf40aaae1:group-62A27AB5243B:LeaderElection243: Election REJECTED; received 2 response(s) [ce2be70a-d267-4ebc-abe0-fdcdf40aaae1<-9adf8f3f-00f4-442f-a7e9-ac686daae57d#0:FAIL-t11, ce2be70a-d267-4ebc-abe0-fdcdf40aaae1<-ad88f3b0-98a4-4e16-8300-c870fa2dd819#0:FAIL-t11] and 0 exception(s); ce2be70a-d267-4ebc-abe0-fdcdf40aaae1:t11, leader=null, voted=ce2be70a-d267-4ebc-abe0-fdcdf40aaae1, raftlog=ce2be70a-d267-4ebc-abe0-fdcdf40aaae1-SegmentedRaftLog:OPENED:c-1,f-1,i0, conf=-1: [ce2be70a-d267-4ebc-abe0-fdcdf40aaae1:192.168.36.91:38648, 9adf8f3f-00f4-442f-a7e9-ac686daae57d:192.168.36.91:44931, ad88f3b0-98a4-4e16-8300-c870fa2dd819:192.168.36.91:34127], old=null
2019-09-01 05:53:21,659 [ce2be70a-d267-4ebc-abe0-fdcdf40aaae1:group-62A27AB5243B:LeaderElection243] INFO  impl.RaftServerImpl (RaftServerImpl.java:setRole(171)) - ce2be70a-d267-4ebc-abe0-fdcdf40aaae1:group-62A27AB5243B changes role from CANDIDATE to FOLLOWER at term 11 for DISCOVERED_A_NEW_TERM
2019-09-01 05:53:21,659 [ce2be70a-d267-4ebc-abe0-fdcdf40aaae1:group-62A27AB5243B:LeaderElection243] INFO  impl.RoleInfo (RoleInfo.java:shutdownLeaderElection(134)) - ce2be70a-d267-4ebc-abe0-fdcdf40aaae1: shutdown LeaderElection
2019-09-01 05:53:21,659 [ce2be70a-d267-4ebc-abe0-fdcdf40aaae1:group-62A27AB5243B:LeaderElection243] INFO  impl.RoleInfo (RoleInfo.java:updateAndGet(143)) - ce2be70a-d267-4ebc-abe0-fdcdf40aaae1: start FollowerState
2019-09-01 05:53:21,662 [9adf8f3f-00f4-442f-a7e9-ac686daae57d:group-62A27AB5243B:LeaderElection245] INFO  impl.LeaderElection (LeaderElection.java:logAndReturn(56)) - 9adf8f3f-00f4-442f-a7e9-ac686daae57d:group-62A27AB5243B:LeaderElection245: Election REJECTED; received 2 response(s) [9adf8f3f-00f4-442f-a7e9-ac686daae57d<-ce2be70a-d267-4ebc-abe0-fdcdf40aaae1#0:FAIL-t11, 9adf8f3f-00f4-442f-a7e9-ac686daae57d<-ad88f3b0-98a4-4e16-8300-c870fa2dd819#0:FAIL-t11] and 0 exception(s); 9adf8f3f-00f4-442f-a7e9-ac686daae57d:t11, leader=null, voted=9adf8f3f-00f4-442f-a7e9-ac686daae57d, raftlog=9adf8f3f-00f4-442f-a7e9-ac686daae57d-SegmentedRaftLog:OPENED:c-1,f-1,i0, conf=-1: [ce2be70a-d267-4ebc-abe0-fdcdf40aaae1:192.168.36.91:38648, 9adf8f3f-00f4-442f-a7e9-ac686daae57d:192.168.36.91:44931, ad88f3b0-98a4-4e16-8300-c870fa2dd819:192.168.36.91:34127], old=null
2019-09-01 05:53:21,662 [9adf8f3f-00f4-442f-a7e9-ac686daae57d:group-62A27AB5243B:LeaderElection245] INFO  impl.RaftServerImpl (RaftServerImpl.java:setRole(171)) - 9adf8f3f-00f4-442f-a7e9-ac686daae57d:group-62A27AB5243B changes role from CANDIDATE to FOLLOWER at term 11 for DISCOVERED_A_NEW_TERM
2019-09-01 05:53:21,662 [9adf8f3f-00f4-442f-a7e9-ac686daae57d:group-62A27AB5243B:LeaderElection245] INFO  impl.RoleInfo (RoleInfo.java:shutdownLeaderElection(134)) - 9adf8f3f-00f4-442f-a7e9-ac686daae57d: shutdown LeaderElection
2019-09-01 05:53:21,662 [9adf8f3f-00f4-442f-a7e9-ac686daae57d:group-62A27AB5243B:LeaderElection245] INFO  impl.RoleInfo (RoleInfo.java:updateAndGet(143)) - 9adf8f3f-00f4-442f-a7e9-ac686daae57d: start FollowerState
2019-09-01 05:53:21,662 [2add93e0-2462-45f9-8504-d95fbdd1cf50:group-389DF4E823E9:LeaderElection248] INFO  impl.LeaderElection (LeaderElection.java:logAndReturn(56)) - 2add93e0-2462-45f9-8504-d95fbdd1cf50:group-389DF4E823E9:LeaderElection248: Election REJECTED; received 2 response(s) [2add93e0-2462-45f9-8504-d95fbdd1cf50<-196a83ac-f404-447a-85c9-b484bfff17ef#0:FAIL-t12, 2add93e0-2462-45f9-8504-d95fbdd1cf50<-e504cd85-a1db-4587-8509-c7399dc7cafe#0:FAIL-t12] and 0 exception(s); 2add93e0-2462-45f9-8504-d95fbdd1cf50:t12, leader=null, voted=2add93e0-2462-45f9-8504-d95fbdd1cf50, raftlog=2add93e0-2462-45f9-8504-d95fbdd1cf50-SegmentedRaftLog:OPENED:c-1,f-1,i0, conf=-1: [2add93e0-2462-45f9-8504-d95fbdd1cf50:192.168.36.91:37068, 196a83ac-f404-447a-85c9-b484bfff17ef:192.168.36.91:35328, e504cd85-a1db-4587-8509-c7399dc7cafe:192.168.36.91:36185], old=null
2019-09-01 05:53:21,663 [2add93e0-2462-45f9-8504-d95fbdd1cf50:group-389DF4E823E9:LeaderElection248] INFO  impl.RaftServerImpl (RaftServerImpl.java:setRole(171)) - 2add93e0-2462-45f9-8504-d95fbdd1cf50:group-389DF4E823E9 changes role from CANDIDATE to FOLLOWER at term 12 for DISCOVERED_A_NEW_TERM
2019-09-01 05:53:21,664 [2add93e0-2462-45f9-8504-d95fbdd1cf50:group-389DF4E823E9:LeaderElection248] INFO  impl.RoleInfo (RoleInfo.java:shutdownLeaderElection(134)) - 2add93e0-2462-45f9-8504-d95fbdd1cf50: shutdown LeaderElection
2019-09-01 05:53:21,664 [2add93e0-2462-45f9-8504-d95fbdd1cf50:group-389DF4E823E9:LeaderElection248] INFO  impl.RoleInfo (RoleInfo.java:updateAndGet(143)) - 2add93e0-2462-45f9-8504-d95fbdd1cf50: start FollowerState
2019-09-01 05:53:21,664 [ad88f3b0-98a4-4e16-8300-c870fa2dd819:group-62A27AB5243B:LeaderElection246] INFO  impl.LeaderElection (LeaderElection.java:logAndReturn(56)) - ad88f3b0-98a4-4e16-8300-c870fa2dd819:group-62A27AB5243B:LeaderElection246: Election REJECTED; received 2 response(s) [ad88f3b0-98a4-4e16-8300-c870fa2dd819<-ce2be70a-d267-4ebc-abe0-fdcdf40aaae1#0:FAIL-t11, ad88f3b0-98a4-4e16-8300-c870fa2dd819<-9adf8f3f-00f4-442f-a7e9-ac686daae57d#0:FAIL-t11] and 0 exception(s); ad88f3b0-98a4-4e16-8300-c870fa2dd819:t11, leader=null, voted=ad88f3b0-98a4-4e16-8300-c870fa2dd819, raftlog=ad88f3b0-98a4-4e16-8300-c870fa2dd819-SegmentedRaftLog:OPENED:c-1,f-1,i0, conf=-1: [ce2be70a-d267-4ebc-abe0-fdcdf40aaae1:192.168.36.91:38648, 9adf8f3f-00f4-442f-a7e9-ac686daae57d:192.168.36.91:44931, ad88f3b0-98a4-4e16-8300-c870fa2dd819:192.168.36.91:34127], old=null
2019-09-01 05:53:21,664 [196a83ac-f404-447a-85c9-b484bfff17ef:group-389DF4E823E9:LeaderElection244] INFO  impl.LeaderElection (LeaderElection.java:logAndReturn(56)) - 196a83ac-f404-447a-85c9-b484bfff17ef:group-389DF4E823E9:LeaderElection244: Election REJECTED; received 2 response(s) [196a83ac-f404-447a-85c9-b484bfff17ef<-2add93e0-2462-45f9-8504-d95fbdd1cf50#0:FAIL-t12, 196a83ac-f404-447a-85c9-b484bfff17ef<-e504cd85-a1db-4587-8509-c7399dc7cafe#0:FAIL-t12] and 0 exception(s); 196a83ac-f404-447a-85c9-b484bfff17ef:t12, leader=null, voted=196a83ac-f404-447a-85c9-b484bfff17ef, raftlog=196a83ac-f404-447a-85c9-b484bfff17ef-SegmentedRaftLog:OPENED:c-1,f-1,i0, conf=-1: [2add93e0-2462-45f9-8504-d95fbdd1cf50:192.168.36.91:37068, 196a83ac-f404-447a-85c9-b484bfff17ef:192.168.36.91:35328, e504cd85-a1db-4587-8509-c7399dc7cafe:192.168.36.91:36185], old=null
2019-09-01 05:53:21,664 [ad88f3b0-98a4-4e16-8300-c870fa2dd819:group-62A27AB5243B:LeaderElection246] INFO  impl.RaftServerImpl (RaftServerImpl.java:setRole(171)) - ad88f3b0-98a4-4e16-8300-c870fa2dd819:group-62A27AB5243B changes role from CANDIDATE to FOLLOWER at term 11 for DISCOVERED_A_NEW_TERM
2019-09-01 05:53:21,665 [196a83ac-f404-447a-85c9-b484bfff17ef:group-389DF4E823E9:LeaderElection244] INFO  impl.RaftServerImpl (RaftServerImpl.java:setRole(171)) - 196a83ac-f404-447a-85c9-b484bfff17ef:group-389DF4E823E9 changes role from CANDIDATE to FOLLOWER at term 12 for DISCOVERED_A_NEW_TERM
2019-09-01 05:53:21,665 [ad88f3b0-98a4-4e16-8300-c870fa2dd819:group-62A27AB5243B:LeaderElection246] INFO  impl.RoleInfo (RoleInfo.java:shutdownLeaderElection(134)) - ad88f3b0-98a4-4e16-8300-c870fa2dd819: shutdown LeaderElection
2019-09-01 05:53:21,665 [e504cd85-a1db-4587-8509-c7399dc7cafe:group-389DF4E823E9:LeaderElection247] INFO  impl.LeaderElection (LeaderElection.java:logAndReturn(56)) - e504cd85-a1db-4587-8509-c7399dc7cafe:group-389DF4E823E9:LeaderElection247: Election REJECTED; received 2 response(s) [e504cd85-a1db-4587-8509-c7399dc7cafe<-2add93e0-2462-45f9-8504-d95fbdd1cf50#0:FAIL-t12, e504cd85-a1db-4587-8509-c7399dc7cafe<-196a83ac-f404-447a-85c9-b484bfff17ef#0:FAIL-t12] and 0 exception(s); e504cd85-a1db-4587-8509-c7399dc7cafe:t12, leader=null, voted=e504cd85-a1db-4587-8509-c7399dc7cafe, raftlog=e504cd85-a1db-4587-8509-c7399dc7cafe-SegmentedRaftLog:OPENED:c-1,f-1,i0, conf=-1: [2add93e0-2462-45f9-8504-d95fbdd1cf50:192.168.36.91:37068, 196a83ac-f404-447a-85c9-b484bfff17ef:192.168.36.91:35328, e504cd85-a1db-4587-8509-c7399dc7cafe:192.168.36.91:36185], old=null
2019-09-01 05:53:21,665 [196a83ac-f404-447a-85c9-b484bfff17ef:group-389DF4E823E9:LeaderElection244] INFO  impl.RoleInfo (RoleInfo.java:shutdownLeaderElection(134)) - 196a83ac-f404-447a-85c9-b484bfff17ef: shutdown LeaderElection
2019-09-01 05:53:21,665 [e504cd85-a1db-4587-8509-c7399dc7cafe:group-389DF4E823E9:LeaderElection247] INFO  impl.RaftServerImpl (RaftServerImpl.java:setRole(171)) - e504cd85-a1db-4587-8509-c7399dc7cafe:group-389DF4E823E9 changes role from CANDIDATE to FOLLOWER at term 12 for DISCOVERED_A_NEW_TERM
2019-09-01 05:53:21,666 [e504cd85-a1db-4587-8509-c7399dc7cafe:group-389DF4E823E9:LeaderElection247] INFO  impl.RoleInfo (RoleInfo.java:shutdownLeaderElection(134)) - e504cd85-a1db-4587-8509-c7399dc7cafe: shutdown LeaderElection
2019-09-01 05:53:21,665 [ad88f3b0-98a4-4e16-8300-c870fa2dd819:group-62A27AB5243B:LeaderElection246] INFO  impl.RoleInfo (RoleInfo.java:updateAndGet(143)) - ad88f3b0-98a4-4e16-8300-c870fa2dd819: start FollowerState
2019-09-01 05:53:21,666 [e504cd85-a1db-4587-8509-c7399dc7cafe:group-389DF4E823E9:LeaderElection247] INFO  impl.RoleInfo (RoleInfo.java:updateAndGet(143)) - e504cd85-a1db-4587-8509-c7399dc7cafe: start FollowerState
2019-09-01 05:53:21,666 [196a83ac-f404-447a-85c9-b484bfff17ef:group-389DF4E823E9:LeaderElection244] INFO  impl.RoleInfo (RoleInfo.java:updateAndGet(143)) - 196a83ac-f404-447a-85c9-b484bfff17ef: start FollowerState
2019-09-01 05:53:22,762 [Thread-4116] INFO  impl.FollowerState (FollowerState.java:run(106)) - 9adf8f3f-00f4-442f-a7e9-ac686daae57d:group-62A27AB5243B changes to CANDIDATE, lastRpcTime:1099, electionTimeout:1098ms
2019-09-01 05:53:22,762 [Thread-4116] INFO  impl.RoleInfo (RoleInfo.java:shutdownFollowerState(121)) - 9adf8f3f-00f4-442f-a7e9-ac686daae57d: shutdown FollowerState
2019-09-01 05:53:22,762 [Thread-4116] INFO  impl.RaftServerImpl (RaftServerImpl.java:setRole(171)) - 9adf8f3f-00f4-442f-a7e9-ac686daae57d:group-62A27AB5243B changes role from FOLLOWER to CANDIDATE at term 11 for changeToCandidate
2019-09-01 05:53:22,762 [Thread-4116] INFO  impl.RoleInfo (RoleInfo.java:updateAndGet(143)) - 9adf8f3f-00f4-442f-a7e9-ac686daae57d: start LeaderElection
2019-09-01 05:53:22,769 [Thread-4119] INFO  impl.FollowerState (FollowerState.java:run(106)) - 196a83ac-f404-447a-85c9-b484bfff17ef:group-389DF4E823E9 changes to CANDIDATE, lastRpcTime:1103, electionTimeout:1102ms
2019-09-01 05:53:22,769 [Thread-4119] INFO  impl.RoleInfo (RoleInfo.java:shutdownFollowerState(121)) - 196a83ac-f404-447a-85c9-b484bfff17ef: shutdown FollowerState
2019-09-01 05:53:22,769 [Thread-4119] INFO  impl.RaftServerImpl (RaftServerImpl.java:setRole(171)) - 196a83ac-f404-447a-85c9-b484bfff17ef:group-389DF4E823E9 changes role from FOLLOWER to CANDIDATE at term 12 for changeToCandidate
2019-09-01 05:53:22,769 [Thread-4119] INFO  impl.RoleInfo (RoleInfo.java:updateAndGet(143)) - 196a83ac-f404-447a-85c9-b484bfff17ef: start LeaderElection
2019-09-01 05:53:22,785 [Thread-4118] INFO  impl.FollowerState (FollowerState.java:run(106)) - ad88f3b0-98a4-4e16-8300-c870fa2dd819:group-62A27AB5243B changes to CANDIDATE, lastRpcTime:1120, electionTimeout:1119ms
2019-09-01 05:53:22,786 [Thread-4118] INFO  impl.RoleInfo (RoleInfo.java:shutdownFollowerState(121)) - ad88f3b0-98a4-4e16-8300-c870fa2dd819: shutdown FollowerState
2019-09-01 05:53:22,786 [Thread-4118] INFO  impl.RaftServerImpl (RaftServerImpl.java:setRole(171)) - ad88f3b0-98a4-4e16-8300-c870fa2dd819:group-62A27AB5243B changes role from FOLLOWER to CANDIDATE at term 11 for changeToCandidate
2019-09-01 05:53:22,786 [Thread-4118] INFO  impl.RoleInfo (RoleInfo.java:updateAndGet(143)) - ad88f3b0-98a4-4e16-8300-c870fa2dd819: start LeaderElection
2019-09-01 05:53:22,816 [Thread-4117] INFO  impl.FollowerState (FollowerState.java:run(106)) - 2add93e0-2462-45f9-8504-d95fbdd1cf50:group-389DF4E823E9 changes to CANDIDATE, lastRpcTime:1152, electionTimeout:1152ms
2019-09-01 05:53:22,817 [Thread-4117] INFO  impl.RoleInfo (RoleInfo.java:shutdownFollowerState(121)) - 2add93e0-2462-45f9-8504-d95fbdd1cf50: shutdown FollowerState
2019-09-01 05:53:22,817 [Thread-4117] INFO  impl.RaftServerImpl (RaftServerImpl.java:setRole(171)) - 2add93e0-2462-45f9-8504-d95fbdd1cf50:group-389DF4E823E9 changes role from FOLLOWER to CANDIDATE at term 12 for changeToCandidate
2019-09-01 05:53:22,817 [Thread-4117] INFO  impl.RoleInfo (RoleInfo.java:updateAndGet(143)) - 2add93e0-2462-45f9-8504-d95fbdd1cf50: start LeaderElection
2019-09-01 05:53:22,843 [Thread-4120] INFO  impl.FollowerState (FollowerState.java:run(106)) - e504cd85-a1db-4587-8509-c7399dc7cafe:group-389DF4E823E9 changes to CANDIDATE, lastRpcTime:1176, electionTimeout:1176ms
2019-09-01 05:53:22,843 [Thread-4120] INFO  impl.RoleInfo (RoleInfo.java:shutdownFollowerState(121)) - e504cd85-a1db-4587-8509-c7399dc7cafe: shutdown FollowerState
2019-09-01 05:53:22,843 [Thread-4120] INFO  impl.RaftServerImpl (RaftServerImpl.java:setRole(171)) - e504cd85-a1db-4587-8509-c7399dc7cafe:group-389DF4E823E9 changes role from FOLLOWER to CANDIDATE at term 12 for changeToCandidate
2019-09-01 05:53:22,843 [Thread-4120] INFO  impl.RoleInfo (RoleInfo.java:updateAndGet(143)) - e504cd85-a1db-4587-8509-c7399dc7cafe: start LeaderElection
2019-09-01 05:53:22,853 [Thread-4115] INFO  impl.FollowerState (FollowerState.java:run(106)) - ce2be70a-d267-4ebc-abe0-fdcdf40aaae1:group-62A27AB5243B changes to CANDIDATE, lastRpcTime:1193, electionTimeout:1193ms
2019-09-01 05:53:22,853 [Thread-4115] INFO  impl.RoleInfo (RoleInfo.java:shutdownFollowerState(121)) - ce2be70a-d267-4ebc-abe0-fdcdf40aaae1: shutdown FollowerState
2019-09-01 05:53:22,853 [Thread-4115] INFO  impl.RaftServerImpl (RaftServerImpl.java:setRole(171)) - ce2be70a-d267-4ebc-abe0-fdcdf40aaae1:group-62A27AB5243B changes role from FOLLOWER to CANDIDATE at term 11 for changeToCandidate
2019-09-01 05:53:22,853 [Thread-4115] INFO  impl.RoleInfo (RoleInfo.java:updateAndGet(143)) - ce2be70a-d267-4ebc-abe0-fdcdf40aaae1: start LeaderElection
2019-09-01 05:53:23,056 [9adf8f3f-00f4-442f-a7e9-ac686daae57d:group-62A27AB5243B:LeaderElection249] INFO  impl.LeaderElection (LeaderElection.java:askForVotes(181)) - 9adf8f3f-00f4-442f-a7e9-ac686daae57d:group-62A27AB5243B:LeaderElection249: begin an election at term 12 for -1: [ce2be70a-d267-4ebc-abe0-fdcdf40aaae1:192.168.36.91:38648, 9adf8f3f-00f4-442f-a7e9-ac686daae57d:192.168.36.91:44931, ad88f3b0-98a4-4e16-8300-c870fa2dd819:192.168.36.91:34127], old=null
2019-09-01 05:53:23,056 [ad88f3b0-98a4-4e16-8300-c870fa2dd819:group-62A27AB5243B:LeaderElection251] INFO  impl.LeaderElection (LeaderElection.java:askForVotes(181)) - ad88f3b0-98a4-4e16-8300-c870fa2dd819:group-62A27AB5243B:LeaderElection251: begin an election at term 12 for -1: [ce2be70a-d267-4ebc-abe0-fdcdf40aaae1:192.168.36.91:38648, 9adf8f3f-00f4-442f-a7e9-ac686daae57d:192.168.36.91:44931, ad88f3b0-98a4-4e16-8300-c870fa2dd819:192.168.36.91:34127], old=null
2019-09-01 05:53:23,056 [2add93e0-2462-45f9-8504-d95fbdd1cf50:group-389DF4E823E9:LeaderElection252] INFO  impl.LeaderElection (LeaderElection.java:askForVotes(181)) - 2add93e0-2462-45f9-8504-d95fbdd1cf50:group-389DF4E823E9:LeaderElection252: begin an election at term 13 for -1: [2add93e0-2462-45f9-8504-d95fbdd1cf50:192.168.36.91:37068, 196a83ac-f404-447a-85c9-b484bfff17ef:192.168.36.91:35328, e504cd85-a1db-4587-8509-c7399dc7cafe:192.168.36.91:36185], old=null
2019-09-01 05:53:23,056 [196a83ac-f404-447a-85c9-b484bfff17ef:group-389DF4E823E9:LeaderElection250] INFO  impl.LeaderElection (LeaderElection.java:askForVotes(181)) - 196a83ac-f404-447a-85c9-b484bfff17ef:group-389DF4E823E9:LeaderElection250: begin an election at term 13 for -1: [2add93e0-2462-45f9-8504-d95fbdd1cf50:192.168.36.91:37068, 196a83ac-f404-447a-85c9-b484bfff17ef:192.168.36.91:35328, e504cd85-a1db-4587-8509-c7399dc7cafe:192.168.36.91:36185], old=null
2019-09-01 05:53:23,065 [e504cd85-a1db-4587-8509-c7399dc7cafe:group-389DF4E823E9:LeaderElection253] INFO  impl.LeaderElection (LeaderElection.java:askForVotes(181)) - e504cd85-a1db-4587-8509-c7399dc7cafe:group-389DF4E823E9:LeaderElection253: begin an election at term 13 for -1: [2add93e0-2462-45f9-8504-d95fbdd1cf50:192.168.36.91:37068, 196a83ac-f404-447a-85c9-b484bfff17ef:192.168.36.91:35328, e504cd85-a1db-4587-8509-c7399dc7cafe:192.168.36.91:36185], old=null
2019-09-01 05:53:23,065 [ce2be70a-d267-4ebc-abe0-fdcdf40aaae1:group-62A27AB5243B:LeaderElection254] INFO  impl.LeaderElection (LeaderElection.java:askForVotes(181)) - ce2be70a-d267-4ebc-abe0-fdcdf40aaae1:group-62A27AB5243B:LeaderElection254: begin an election at term 12 for -1: [ce2be70a-d267-4ebc-abe0-fdcdf40aaae1:192.168.36.91:38648, 9adf8f3f-00f4-442f-a7e9-ac686daae57d:192.168.36.91:44931, ad88f3b0-98a4-4e16-8300-c870fa2dd819:192.168.36.91:34127], old=null
2019-09-01 05:53:23,066 [9adf8f3f-00f4-442f-a7e9-ac686daae57d:group-62A27AB5243B:LeaderElection249] INFO  impl.LeaderElection (LeaderElection.java:logAndReturn(56)) - 9adf8f3f-00f4-442f-a7e9-ac686daae57d:group-62A27AB5243B:LeaderElection249: Election REJECTED; received 2 response(s) [9adf8f3f-00f4-442f-a7e9-ac686daae57d<-ce2be70a-d267-4ebc-abe0-fdcdf40aaae1#0:FAIL-t12, 9adf8f3f-00f4-442f-a7e9-ac686daae57d<-ad88f3b0-98a4-4e16-8300-c870fa2dd819#0:FAIL-t12] and 0 exception(s); 9adf8f3f-00f4-442f-a7e9-ac686daae57d:t12, leader=null, voted=9adf8f3f-00f4-442f-a7e9-ac686daae57d, raftlog=9adf8f3f-00f4-442f-a7e9-ac686daae57d-SegmentedRaftLog:OPENED:c-1,f-1,i0, conf=-1: [ce2be70a-d267-4ebc-abe0-fdcdf40aaae1:192.168.36.91:38648, 9adf8f3f-00f4-442f-a7e9-ac686daae57d:192.168.36.91:44931, ad88f3b0-98a4-4e16-8300-c870fa2dd819:192.168.36.91:34127], old=null
2019-09-01 05:53:23,066 [2add93e0-2462-45f9-8504-d95fbdd1cf50:group-389DF4E823E9:LeaderElection252] INFO  impl.LeaderElection (LeaderElection.java:logAndReturn(56)) - 2add93e0-2462-45f9-8504-d95fbdd1cf50:group-389DF4E823E9:LeaderElection252: Election REJECTED; received 2 response(s) [2add93e0-2462-45f9-8504-d95fbdd1cf50<-196a83ac-f404-447a-85c9-b484bfff17ef#0:FAIL-t13, 2add93e0-2462-45f9-8504-d95fbdd1cf50<-e504cd85-a1db-4587-8509-c7399dc7cafe#0:FAIL-t13] and 0 exception(s); 2add93e0-2462-45f9-8504-d95fbdd1cf50:t13, leader=null, voted=2add93e0-2462-45f9-8504-d95fbdd1cf50, raftlog=2add93e0-2462-45f9-8504-d95fbdd1cf50-SegmentedRaftLog:OPENED:c-1,f-1,i0, conf=-1: [2add93e0-2462-45f9-8504-d95fbdd1cf50:192.168.36.91:37068, 196a83ac-f404-447a-85c9-b484bfff17ef:192.168.36.91:35328, e504cd85-a1db-4587-8509-c7399dc7cafe:192.168.36.91:36185], old=null
2019-09-01 05:53:23,066 [196a83ac-f404-447a-85c9-b484bfff17ef:group-389DF4E823E9:LeaderElection250] INFO  impl.LeaderElection (LeaderElection.java:logAndReturn(56)) - 196a83ac-f404-447a-85c9-b484bfff17ef:group-389DF4E823E9:LeaderElection250: Election REJECTED; received 2 response(s) [196a83ac-f404-447a-85c9-b484bfff17ef<-2add93e0-2462-45f9-8504-d95fbdd1cf50#0:FAIL-t13, 196a83ac-f404-447a-85c9-b484bfff17ef<-e504cd85-a1db-4587-8509-c7399dc7cafe#0:FAIL-t13] and 0 exception(s); 196a83ac-f404-447a-85c9-b484bfff17ef:t13, leader=null, voted=196a83ac-f404-447a-85c9-b484bfff17ef, raftlog=196a83ac-f404-447a-85c9-b484bfff17ef-SegmentedRaftLog:OPENED:c-1,f-1,i0, conf=-1: [2add93e0-2462-45f9-8504-d95fbdd1cf50:192.168.36.91:37068, 196a83ac-f404-447a-85c9-b484bfff17ef:192.168.36.91:35328, e504cd85-a1db-4587-8509-c7399dc7cafe:192.168.36.91:36185], old=null
2019-09-01 05:53:23,066 [ad88f3b0-98a4-4e16-8300-c870fa2dd819:group-62A27AB5243B:LeaderElection251] INFO  impl.LeaderElection (LeaderElection.java:logAndReturn(56)) - ad88f3b0-98a4-4e16-8300-c870fa2dd819:group-62A27AB5243B:LeaderElection251: Election REJECTED; received 2 response(s) [ad88f3b0-98a4-4e16-8300-c870fa2dd819<-ce2be70a-d267-4ebc-abe0-fdcdf40aaae1#0:FAIL-t12, ad88f3b0-98a4-4e16-8300-c870fa2dd819<-9adf8f3f-00f4-442f-a7e9-ac686daae57d#0:FAIL-t12] and 0 exception(s); ad88f3b0-98a4-4e16-8300-c870fa2dd819:t12, leader=null, voted=ad88f3b0-98a4-4e16-8300-c870fa2dd819, raftlog=ad88f3b0-98a4-4e16-8300-c870fa2dd819-SegmentedRaftLog:OPENED:c-1,f-1,i0, conf=-1: [ce2be70a-d267-4ebc-abe0-fdcdf40aaae1:192.168.36.91:38648, 9adf8f3f-00f4-442f-a7e9-ac686daae57d:192.168.36.91:44931, ad88f3b0-98a4-4e16-8300-c870fa2dd819:192.168.36.91:34127], old=null
2019-09-01 05:53:23,067 [196a83ac-f404-447a-85c9-b484bfff17ef:group-389DF4E823E9:LeaderElection250] INFO  impl.RaftServerImpl (RaftServerImpl.java:setRole(171)) - 196a83ac-f404-447a-85c9-b484bfff17ef:group-389DF4E823E9 changes role from CANDIDATE to FOLLOWER at term 13 for DISCOVERED_A_NEW_TERM
2019-09-01 05:53:23,067 [2add93e0-2462-45f9-8504-d95fbdd1cf50:group-389DF4E823E9:LeaderElection252] INFO  impl.RaftServerImpl (RaftServerImpl.java:setRole(171)) - 2add93e0-2462-45f9-8504-d95fbdd1cf50:group-389DF4E823E9 changes role from CANDIDATE to FOLLOWER at term 13 for DISCOVERED_A_NEW_TERM
2019-09-01 05:53:23,066 [9adf8f3f-00f4-442f-a7e9-ac686daae57d:group-62A27AB5243B:LeaderElection249] INFO  impl.RaftServerImpl (RaftServerImpl.java:setRole(171)) - 9adf8f3f-00f4-442f-a7e9-ac686daae57d:group-62A27AB5243B changes role from CANDIDATE to FOLLOWER at term 12 for DISCOVERED_A_NEW_TERM
2019-09-01 05:53:23,068 [9adf8f3f-00f4-442f-a7e9-ac686daae57d:group-62A27AB5243B:LeaderElection249] INFO  impl.RoleInfo (RoleInfo.java:shutdownLeaderElection(134)) - 9adf8f3f-00f4-442f-a7e9-ac686daae57d: shutdown LeaderElection
2019-09-01 05:53:23,067 [2add93e0-2462-45f9-8504-d95fbdd1cf50:group-389DF4E823E9:LeaderElection252] INFO  impl.RoleInfo (RoleInfo.java:shutdownLeaderElection(134)) - 2add93e0-2462-45f9-8504-d95fbdd1cf50: shutdown LeaderElection
2019-09-01 05:53:23,067 [196a83ac-f404-447a-85c9-b484bfff17ef:group-389DF4E823E9:LeaderElection250] INFO  impl.RoleInfo (RoleInfo.java:shutdownLeaderElection(134)) - 196a83ac-f404-447a-85c9-b484bfff17ef: shutdown LeaderElection
2019-09-01 05:53:23,067 [ad88f3b0-98a4-4e16-8300-c870fa2dd819:group-62A27AB5243B:LeaderElection251] INFO  impl.RaftServerImpl (RaftServerImpl.java:setRole(171)) - ad88f3b0-98a4-4e16-8300-c870fa2dd819:group-62A27AB5243B changes role from CANDIDATE to FOLLOWER at term 12 for DISCOVERED_A_NEW_TERM
2019-09-01 05:53:23,068 [196a83ac-f404-447a-85c9-b484bfff17ef:group-389DF4E823E9:LeaderElection250] INFO  impl.RoleInfo (RoleInfo.java:updateAndGet(143)) - 196a83ac-f404-447a-85c9-b484bfff17ef: start FollowerState
2019-09-01 05:53:23,068 [2add93e0-2462-45f9-8504-d95fbdd1cf50:group-389DF4E823E9:LeaderElection252] INFO  impl.RoleInfo (RoleInfo.java:updateAndGet(143)) - 2add93e0-2462-45f9-8504-d95fbdd1cf50: start FollowerState
2019-09-01 05:53:23,068 [9adf8f3f-00f4-442f-a7e9-ac686daae57d:group-62A27AB5243B:LeaderElection249] INFO  impl.RoleInfo (RoleInfo.java:updateAndGet(143)) - 9adf8f3f-00f4-442f-a7e9-ac686daae57d: start FollowerState
2019-09-01 05:53:23,068 [ad88f3b0-98a4-4e16-8300-c870fa2dd819:group-62A27AB5243B:LeaderElection251] INFO  impl.RoleInfo (RoleInfo.java:shutdownLeaderElection(134)) - ad88f3b0-98a4-4e16-8300-c870fa2dd819: shutdown LeaderElection
2019-09-01 05:53:23,069 [ad88f3b0-98a4-4e16-8300-c870fa2dd819:group-62A27AB5243B:LeaderElection251] INFO  impl.RoleInfo (RoleInfo.java:updateAndGet(143)) - ad88f3b0-98a4-4e16-8300-c870fa2dd819: start FollowerState
2019-09-01 05:53:23,070 [e504cd85-a1db-4587-8509-c7399dc7cafe:group-389DF4E823E9:LeaderElection253] INFO  impl.LeaderElection (LeaderElection.java:logAndReturn(56)) - e504cd85-a1db-4587-8509-c7399dc7cafe:group-389DF4E823E9:LeaderElection253: Election REJECTED; received 2 response(s) [e504cd85-a1db-4587-8509-c7399dc7cafe<-2add93e0-2462-45f9-8504-d95fbdd1cf50#0:FAIL-t13, e504cd85-a1db-4587-8509-c7399dc7cafe<-196a83ac-f404-447a-85c9-b484bfff17ef#0:FAIL-t13] and 0 exception(s); e504cd85-a1db-4587-8509-c7399dc7cafe:t13, leader=null, voted=e504cd85-a1db-4587-8509-c7399dc7cafe, raftlog=e504cd85-a1db-4587-8509-c7399dc7cafe-SegmentedRaftLog:OPENED:c-1,f-1,i0, conf=-1: [2add93e0-2462-45f9-8504-d95fbdd1cf50:192.168.36.91:37068, 196a83ac-f404-447a-85c9-b484bfff17ef:192.168.36.91:35328, e504cd85-a1db-4587-8509-c7399dc7cafe:192.168.36.91:36185], old=null
2019-09-01 05:53:23,070 [e504cd85-a1db-4587-8509-c7399dc7cafe:group-389DF4E823E9:LeaderElection253] INFO  impl.RaftServerImpl (RaftServerImpl.java:setRole(171)) - e504cd85-a1db-4587-8509-c7399dc7cafe:group-389DF4E823E9 changes role from CANDIDATE to FOLLOWER at term 13 for DISCOVERED_A_NEW_TERM
2019-09-01 05:53:23,070 [e504cd85-a1db-4587-8509-c7399dc7cafe:group-389DF4E823E9:LeaderElection253] INFO  impl.RoleInfo (RoleInfo.java:shutdownLeaderElection(134)) - e504cd85-a1db-4587-8509-c7399dc7cafe: shutdown LeaderElection
2019-09-01 05:53:23,070 [e504cd85-a1db-4587-8509-c7399dc7cafe:group-389DF4E823E9:LeaderElection253] INFO  impl.RoleInfo (RoleInfo.java:updateAndGet(143)) - e504cd85-a1db-4587-8509-c7399dc7cafe: start FollowerState
2019-09-01 05:53:23,070 [ce2be70a-d267-4ebc-abe0-fdcdf40aaae1:group-62A27AB5243B:LeaderElection254] INFO  impl.LeaderElection (LeaderElection.java:logAndReturn(56)) - ce2be70a-d267-4ebc-abe0-fdcdf40aaae1:group-62A27AB5243B:LeaderElection254: Election REJECTED; received 2 response(s) [ce2be70a-d267-4ebc-abe0-fdcdf40aaae1<-9adf8f3f-00f4-442f-a7e9-ac686daae57d#0:FAIL-t12, ce2be70a-d267-4ebc-abe0-fdcdf40aaae1<-ad88f3b0-98a4-4e16-8300-c870fa2dd819#0:FAIL-t12] and 0 exception(s); ce2be70a-d267-4ebc-abe0-fdcdf40aaae1:t12, leader=null, voted=ce2be70a-d267-4ebc-abe0-fdcdf40aaae1, raftlog=ce2be70a-d267-4ebc-abe0-fdcdf40aaae1-SegmentedRaftLog:OPENED:c-1,f-1,i0, conf=-1: [ce2be70a-d267-4ebc-abe0-fdcdf40aaae1:192.168.36.91:38648, 9adf8f3f-00f4-442f-a7e9-ac686daae57d:192.168.36.91:44931, ad88f3b0-98a4-4e16-8300-c870fa2dd819:192.168.36.91:34127], old=null
2019-09-01 05:53:23,070 [ce2be70a-d267-4ebc-abe0-fdcdf40aaae1:group-62A27AB5243B:LeaderElection254] INFO  impl.RaftServerImpl (RaftServerImpl.java:setRole(171)) - ce2be70a-d267-4ebc-abe0-fdcdf40aaae1:group-62A27AB5243B changes role from CANDIDATE to FOLLOWER at term 12 for DISCOVERED_A_NEW_TERM
2019-09-01 05:53:23,070 [ce2be70a-d267-4ebc-abe0-fdcdf40aaae1:group-62A27AB5243B:LeaderElection254] INFO  impl.RoleInfo (RoleInfo.java:shutdownLeaderElection(134)) - ce2be70a-d267-4ebc-abe0-fdcdf40aaae1: shutdown LeaderElection
2019-09-01 05:53:23,071 [ce2be70a-d267-4ebc-abe0-fdcdf40aaae1:group-62A27AB5243B:LeaderElection254] INFO  impl.RoleInfo (RoleInfo.java:updateAndGet(143)) - ce2be70a-d267-4ebc-abe0-fdcdf40aaae1: start FollowerState
2019-09-01 05:53:24,072 [Thread-4151] INFO  impl.FollowerState (FollowerState.java:run(106)) - e504cd85-a1db-4587-8509-c7399dc7cafe:group-389DF4E823E9 changes to CANDIDATE, lastRpcTime:1001, electionTimeout:1001ms
2019-09-01 05:53:24,072 [Thread-4151] INFO  impl.RoleInfo (RoleInfo.java:shutdownFollowerState(121)) - e504cd85-a1db-4587-8509-c7399dc7cafe: shutdown FollowerState
2019-09-01 05:53:24,072 [Thread-4151] INFO  impl.RaftServerImpl (RaftServerImpl.java:setRole(171)) - e504cd85-a1db-4587-8509-c7399dc7cafe:group-389DF4E823E9 changes role from FOLLOWER to CANDIDATE at term 13 for changeToCandidate
2019-09-01 05:53:24,072 [Thread-4151] INFO  impl.RoleInfo (RoleInfo.java:updateAndGet(143)) - e504cd85-a1db-4587-8509-c7399dc7cafe: start LeaderElection
2019-09-01 05:53:24,085 [Thread-4147] INFO  impl.FollowerState (FollowerState.java:run(106)) - 9adf8f3f-00f4-442f-a7e9-ac686daae57d:group-62A27AB5243B changes to CANDIDATE, lastRpcTime:1017, electionTimeout:1016ms
2019-09-01 05:53:24,086 [Thread-4147] INFO  impl.RoleInfo (RoleInfo.java:shutdownFollowerState(121)) - 9adf8f3f-00f4-442f-a7e9-ac686daae57d: shutdown FollowerState
2019-09-01 05:53:24,086 [Thread-4147] INFO  impl.RaftServerImpl (RaftServerImpl.java:setRole(171)) - 9adf8f3f-00f4-442f-a7e9-ac686daae57d:group-62A27AB5243B changes role from FOLLOWER to CANDIDATE at term 12 for changeToCandidate
2019-09-01 05:53:24,086 [Thread-4147] INFO  impl.RoleInfo (RoleInfo.java:updateAndGet(143)) - 9adf8f3f-00f4-442f-a7e9-ac686daae57d: start LeaderElection
2019-09-01 05:53:24,101 [Thread-4152] INFO  impl.FollowerState (FollowerState.java:run(106)) - ce2be70a-d267-4ebc-abe0-fdcdf40aaae1:group-62A27AB5243B changes to CANDIDATE, lastRpcTime:1030, electionTimeout:1030ms
2019-09-01 05:53:24,101 [Thread-4152] INFO  impl.RoleInfo (RoleInfo.java:shutdownFollowerState(121)) - ce2be70a-d267-4ebc-abe0-fdcdf40aaae1: shutdown FollowerState
2019-09-01 05:53:24,101 [Thread-4152] INFO  impl.RaftServerImpl (RaftServerImpl.java:setRole(171)) - ce2be70a-d267-4ebc-abe0-fdcdf40aaae1:group-62A27AB5243B changes role from FOLLOWER to CANDIDATE at term 12 for changeToCandidate
2019-09-01 05:53:24,101 [Thread-4152] INFO  impl.RoleInfo (RoleInfo.java:updateAndGet(143)) - ce2be70a-d267-4ebc-abe0-fdcdf40aaae1: start LeaderElection
2019-09-01 05:53:24,192 [Thread-4149] INFO  impl.FollowerState (FollowerState.java:run(106)) - 196a83ac-f404-447a-85c9-b484bfff17ef:group-389DF4E823E9 changes to CANDIDATE, lastRpcTime:1123, electionTimeout:1123ms
2019-09-01 05:53:24,192 [Thread-4149] INFO  impl.RoleInfo (RoleInfo.java:shutdownFollowerState(121)) - 196a83ac-f404-447a-85c9-b484bfff17ef: shutdown FollowerState
2019-09-01 05:53:24,192 [Thread-4149] INFO  impl.RaftServerImpl (RaftServerImpl.java:setRole(171)) - 196a83ac-f404-447a-85c9-b484bfff17ef:group-389DF4E823E9 changes role from FOLLOWER to CANDIDATE at term 13 for changeToCandidate
2019-09-01 05:53:24,192 [Thread-4149] INFO  impl.RoleInfo (RoleInfo.java:updateAndGet(143)) - 196a83ac-f404-447a-85c9-b484bfff17ef: start LeaderElection
2019-09-01 05:53:24,193 [9adf8f3f-00f4-442f-a7e9-ac686daae57d:group-62A27AB5243B:LeaderElection256] INFO  impl.LeaderElection (LeaderElection.java:askForVotes(181)) - 9adf8f3f-00f4-442f-a7e9-ac686daae57d:group-62A27AB5243B:LeaderElection256: begin an election at term 13 for -1: [ce2be70a-d267-4ebc-abe0-fdcdf40aaae1:192.168.36.91:38648, 9adf8f3f-00f4-442f-a7e9-ac686daae57d:192.168.36.91:44931, ad88f3b0-98a4-4e16-8300-c870fa2dd819:192.168.36.91:34127], old=null
2019-09-01 05:53:24,193 [ce2be70a-d267-4ebc-abe0-fdcdf40aaae1:group-62A27AB5243B:LeaderElection257] INFO  impl.LeaderElection (LeaderElection.java:askForVotes(181)) - ce2be70a-d267-4ebc-abe0-fdcdf40aaae1:group-62A27AB5243B:LeaderElection257: begin an election at term 13 for -1: [ce2be70a-d267-4ebc-abe0-fdcdf40aaae1:192.168.36.91:38648, 9adf8f3f-00f4-442f-a7e9-ac686daae57d:192.168.36.91:44931, ad88f3b0-98a4-4e16-8300-c870fa2dd819:192.168.36.91:34127], old=null
2019-09-01 05:53:24,193 [e504cd85-a1db-4587-8509-c7399dc7cafe:group-389DF4E823E9:LeaderElection255] INFO  impl.LeaderElection (LeaderElection.java:askForVotes(181)) - e504cd85-a1db-4587-8509-c7399dc7cafe:group-389DF4E823E9:LeaderElection255: begin an election at term 14 for -1: [2add93e0-2462-45f9-8504-d95fbdd1cf50:192.168.36.91:37068, 196a83ac-f404-447a-85c9-b484bfff17ef:192.168.36.91:35328, e504cd85-a1db-4587-8509-c7399dc7cafe:192.168.36.91:36185], old=null
2019-09-01 05:53:24,196 [grpc-default-executor-3] INFO  impl.RaftServerImpl (RaftServerImpl.java:setRole(171)) - ad88f3b0-98a4-4e16-8300-c870fa2dd819:group-62A27AB5243B changes role from FOLLOWER to FOLLOWER at term 13 for recognizeCandidate:ce2be70a-d267-4ebc-abe0-fdcdf40aaae1
2019-09-01 05:53:24,197 [grpc-default-executor-3] INFO  impl.RoleInfo (RoleInfo.java:shutdownFollowerState(121)) - ad88f3b0-98a4-4e16-8300-c870fa2dd819: shutdown FollowerState
2019-09-01 05:53:24,197 [grpc-default-executor-3] INFO  impl.RoleInfo (RoleInfo.java:updateAndGet(143)) - ad88f3b0-98a4-4e16-8300-c870fa2dd819: start FollowerState
2019-09-01 05:53:24,197 [grpc-default-executor-6] INFO  impl.RaftServerImpl (RaftServerImpl.java:setRole(171)) - 2add93e0-2462-45f9-8504-d95fbdd1cf50:group-389DF4E823E9 changes role from FOLLOWER to FOLLOWER at term 14 for recognizeCandidate:e504cd85-a1db-4587-8509-c7399dc7cafe
2019-09-01 05:53:24,197 [Thread-4150] INFO  impl.FollowerState (FollowerState.java:run(114)) - ad88f3b0-98a4-4e16-8300-c870fa2dd819: FollowerState was interrupted: java.lang.InterruptedException: sleep interrupted
2019-09-01 05:53:24,197 [grpc-default-executor-6] INFO  impl.RoleInfo (RoleInfo.java:shutdownFollowerState(121)) - 2add93e0-2462-45f9-8504-d95fbdd1cf50: shutdown FollowerState
2019-09-01 05:53:24,197 [grpc-default-executor-6] INFO  impl.RoleInfo (RoleInfo.java:updateAndGet(143)) - 2add93e0-2462-45f9-8504-d95fbdd1cf50: start FollowerState
2019-09-01 05:53:24,198 [Thread-4148] INFO  impl.FollowerState (FollowerState.java:run(114)) - 2add93e0-2462-45f9-8504-d95fbdd1cf50: FollowerState was interrupted: java.lang.InterruptedException: sleep interrupted
2019-09-01 05:53:24,412 [196a83ac-f404-447a-85c9-b484bfff17ef:group-389DF4E823E9:LeaderElection258] INFO  impl.LeaderElection (LeaderElection.java:askForVotes(181)) - 196a83ac-f404-447a-85c9-b484bfff17ef:group-389DF4E823E9:LeaderElection258: begin an election at term 14 for -1: [2add93e0-2462-45f9-8504-d95fbdd1cf50:192.168.36.91:37068, 196a83ac-f404-447a-85c9-b484bfff17ef:192.168.36.91:35328, e504cd85-a1db-4587-8509-c7399dc7cafe:192.168.36.91:36185], old=null
2019-09-01 05:53:24,413 [ce2be70a-d267-4ebc-abe0-fdcdf40aaae1:group-62A27AB5243B:LeaderElection257] INFO  impl.LeaderElection (LeaderElection.java:logAndReturn(56)) - ce2be70a-d267-4ebc-abe0-fdcdf40aaae1:group-62A27AB5243B:LeaderElection257: Election PASSED; received 2 response(s) [ce2be70a-d267-4ebc-abe0-fdcdf40aaae1<-9adf8f3f-00f4-442f-a7e9-ac686daae57d#0:FAIL-t13, ce2be70a-d267-4ebc-abe0-fdcdf40aaae1<-ad88f3b0-98a4-4e16-8300-c870fa2dd819#0:OK-t13] and 0 exception(s); ce2be70a-d267-4ebc-abe0-fdcdf40aaae1:t13, leader=null, voted=ce2be70a-d267-4ebc-abe0-fdcdf40aaae1, raftlog=ce2be70a-d267-4ebc-abe0-fdcdf40aaae1-SegmentedRaftLog:OPENED:c-1,f-1,i0, conf=-1: [ce2be70a-d267-4ebc-abe0-fdcdf40aaae1:192.168.36.91:38648, 9adf8f3f-00f4-442f-a7e9-ac686daae57d:192.168.36.91:44931, ad88f3b0-98a4-4e16-8300-c870fa2dd819:192.168.36.91:34127], old=null
2019-09-01 05:53:24,413 [9adf8f3f-00f4-442f-a7e9-ac686daae57d:group-62A27AB5243B:LeaderElection256] INFO  impl.LeaderElection (LeaderElection.java:logAndReturn(56)) - 9adf8f3f-00f4-442f-a7e9-ac686daae57d:group-62A27AB5243B:LeaderElection256: Election REJECTED; received 2 response(s) [9adf8f3f-00f4-442f-a7e9-ac686daae57d<-ce2be70a-d267-4ebc-abe0-fdcdf40aaae1#0:FAIL-t13, 9adf8f3f-00f4-442f-a7e9-ac686daae57d<-ad88f3b0-98a4-4e16-8300-c870fa2dd819#0:FAIL-t13] and 0 exception(s); 9adf8f3f-00f4-442f-a7e9-ac686daae57d:t13, leader=null, voted=9adf8f3f-00f4-442f-a7e9-ac686daae57d, raftlog=9adf8f3f-00f4-442f-a7e9-ac686daae57d-SegmentedRaftLog:OPENED:c-1,f-1,i0, conf=-1: [ce2be70a-d267-4ebc-abe0-fdcdf40aaae1:192.168.36.91:38648, 9adf8f3f-00f4-442f-a7e9-ac686daae57d:192.168.36.91:44931, ad88f3b0-98a4-4e16-8300-c870fa2dd819:192.168.36.91:34127], old=null
2019-09-01 05:53:24,414 [ce2be70a-d267-4ebc-abe0-fdcdf40aaae1:group-62A27AB5243B:LeaderElection257] INFO  impl.RoleInfo (RoleInfo.java:shutdownLeaderElection(134)) - ce2be70a-d267-4ebc-abe0-fdcdf40aaae1: shutdown LeaderElection
2019-09-01 05:53:24,414 [ce2be70a-d267-4ebc-abe0-fdcdf40aaae1:group-62A27AB5243B:LeaderElection257] INFO  impl.RaftServerImpl (RaftServerImpl.java:setRole(171)) - ce2be70a-d267-4ebc-abe0-fdcdf40aaae1:group-62A27AB5243B changes role from CANDIDATE to LEADER at term 13 for changeToLeader
2019-09-01 05:53:24,414 [e504cd85-a1db-4587-8509-c7399dc7cafe:group-389DF4E823E9:LeaderElection255] INFO  impl.LeaderElection (LeaderElection.java:logAndReturn(56)) - e504cd85-a1db-4587-8509-c7399dc7cafe:group-389DF4E823E9:LeaderElection255: Election PASSED; received 1 response(s) [e504cd85-a1db-4587-8509-c7399dc7cafe<-2add93e0-2462-45f9-8504-d95fbdd1cf50#0:OK-t14] and 0 exception(s); e504cd85-a1db-4587-8509-c7399dc7cafe:t14, leader=null, voted=e504cd85-a1db-4587-8509-c7399dc7cafe, raftlog=e504cd85-a1db-4587-8509-c7399dc7cafe-SegmentedRaftLog:OPENED:c-1,f-1,i0, conf=-1: [2add93e0-2462-45f9-8504-d95fbdd1cf50:192.168.36.91:37068, 196a83ac-f404-447a-85c9-b484bfff17ef:192.168.36.91:35328, e504cd85-a1db-4587-8509-c7399dc7cafe:192.168.36.91:36185], old=null
2019-09-01 05:53:24,414 [ce2be70a-d267-4ebc-abe0-fdcdf40aaae1:group-62A27AB5243B:LeaderElection257] INFO  impl.RaftServerImpl (ServerState.java:setLeader(263)) - ce2be70a-d267-4ebc-abe0-fdcdf40aaae1:group-62A27AB5243B change Leader from null to ce2be70a-d267-4ebc-abe0-fdcdf40aaae1 at term 13 for becomeLeader, leader elected after 23501ms
2019-09-01 05:53:24,414 [9adf8f3f-00f4-442f-a7e9-ac686daae57d:group-62A27AB5243B:LeaderElection256] INFO  impl.RaftServerImpl (RaftServerImpl.java:setRole(171)) - 9adf8f3f-00f4-442f-a7e9-ac686daae57d:group-62A27AB5243B changes role from CANDIDATE to FOLLOWER at term 13 for DISCOVERED_A_NEW_TERM
2019-09-01 05:53:24,415 [9adf8f3f-00f4-442f-a7e9-ac686daae57d:group-62A27AB5243B:LeaderElection256] INFO  impl.RoleInfo (RoleInfo.java:shutdownLeaderElection(134)) - 9adf8f3f-00f4-442f-a7e9-ac686daae57d: shutdown LeaderElection
2019-09-01 05:53:24,414 [e504cd85-a1db-4587-8509-c7399dc7cafe:group-389DF4E823E9:LeaderElection255] INFO  impl.RoleInfo (RoleInfo.java:shutdownLeaderElection(134)) - e504cd85-a1db-4587-8509-c7399dc7cafe: shutdown LeaderElection
2019-09-01 05:53:24,415 [9adf8f3f-00f4-442f-a7e9-ac686daae57d:group-62A27AB5243B:LeaderElection256] INFO  impl.RoleInfo (RoleInfo.java:updateAndGet(143)) - 9adf8f3f-00f4-442f-a7e9-ac686daae57d: start FollowerState
2019-09-01 05:53:24,415 [ce2be70a-d267-4ebc-abe0-fdcdf40aaae1:group-62A27AB5243B:LeaderElection257] INFO  server.RaftServerConfigKeys (ConfUtils.java:logGet(43)) - raft.server.staging.catchup.gap = 1000 (default)
2019-09-01 05:53:24,415 [e504cd85-a1db-4587-8509-c7399dc7cafe:group-389DF4E823E9:LeaderElection255] INFO  impl.RaftServerImpl (RaftServerImpl.java:setRole(171)) - e504cd85-a1db-4587-8509-c7399dc7cafe:group-389DF4E823E9 changes role from CANDIDATE to LEADER at term 14 for changeToLeader
2019-09-01 05:53:24,415 [ce2be70a-d267-4ebc-abe0-fdcdf40aaae1:group-62A27AB5243B:LeaderElection257] INFO  server.RaftServerConfigKeys (ConfUtils.java:logGet(43)) - raft.server.rpc.sleep.time = 25ms (default)
2019-09-01 05:53:24,416 [e504cd85-a1db-4587-8509-c7399dc7cafe:group-389DF4E823E9:LeaderElection255] INFO  impl.RaftServerImpl (ServerState.java:setLeader(263)) - e504cd85-a1db-4587-8509-c7399dc7cafe:group-389DF4E823E9 change Leader from null to e504cd85-a1db-4587-8509-c7399dc7cafe at term 14 for becomeLeader, leader elected after 23986ms
2019-09-01 05:53:24,416 [ce2be70a-d267-4ebc-abe0-fdcdf40aaae1:group-62A27AB5243B:LeaderElection257] INFO  server.RaftServerConfigKeys (ConfUtils.java:logGet(43)) - raft.server.write.element-limit = 4096 (default)
2019-09-01 05:53:24,416 [e504cd85-a1db-4587-8509-c7399dc7cafe:group-389DF4E823E9:LeaderElection255] INFO  server.RaftServerConfigKeys (ConfUtils.java:logGet(43)) - raft.server.staging.catchup.gap = 1000 (default)
2019-09-01 05:53:24,416 [ce2be70a-d267-4ebc-abe0-fdcdf40aaae1:group-62A27AB5243B:LeaderElection257] INFO  server.RaftServerConfigKeys (ConfUtils.java:logGet(43)) - raft.server.watch.timeout = 10s (default)
2019-09-01 05:53:24,416 [e504cd85-a1db-4587-8509-c7399dc7cafe:group-389DF4E823E9:LeaderElection255] INFO  server.RaftServerConfigKeys (ConfUtils.java:logGet(43)) - raft.server.rpc.sleep.time = 25ms (default)
2019-09-01 05:53:24,416 [ce2be70a-d267-4ebc-abe0-fdcdf40aaae1:group-62A27AB5243B:LeaderElection257] INFO  server.RaftServerConfigKeys (ConfUtils.java:logGet(43)) - raft.server.watch.timeout.denomination = 1s (default)
2019-09-01 05:53:24,416 [e504cd85-a1db-4587-8509-c7399dc7cafe:group-389DF4E823E9:LeaderElection255] INFO  server.RaftServerConfigKeys (ConfUtils.java:logGet(43)) - raft.server.write.element-limit = 4096 (default)
2019-09-01 05:53:24,416 [ce2be70a-d267-4ebc-abe0-fdcdf40aaae1:group-62A27AB5243B:LeaderElection257] INFO  server.RaftServerConfigKeys (ConfUtils.java:logGet(43)) - raft.server.watch.element-limit = 65536 (default)
2019-09-01 05:53:24,417 [e504cd85-a1db-4587-8509-c7399dc7cafe:group-389DF4E823E9:LeaderElection255] INFO  server.RaftServerConfigKeys (ConfUtils.java:logGet(43)) - raft.server.watch.timeout = 10s (default)
2019-09-01 05:53:24,417 [e504cd85-a1db-4587-8509-c7399dc7cafe:group-389DF4E823E9:LeaderElection255] INFO  server.RaftServerConfigKeys (ConfUtils.java:logGet(43)) - raft.server.watch.timeout.denomination = 1s (default)
2019-09-01 05:53:24,417 [ce2be70a-d267-4ebc-abe0-fdcdf40aaae1:group-62A27AB5243B:LeaderElection257] INFO  server.RaftServerConfigKeys (ConfUtils.java:logGet(43)) - raft.server.log.appender.snapshot.chunk.size.max = 16MB (=16777216) (default)
2019-09-01 05:53:24,417 [e504cd85-a1db-4587-8509-c7399dc7cafe:group-389DF4E823E9:LeaderElection255] INFO  server.RaftServerConfigKeys (ConfUtils.java:logGet(43)) - raft.server.watch.element-limit = 65536 (default)
2019-09-01 05:53:24,417 [ce2be70a-d267-4ebc-abe0-fdcdf40aaae1:group-62A27AB5243B:LeaderElection257] INFO  server.RaftServerConfigKeys (ConfUtils.java:logGet(43)) - raft.server.log.appender.buffer.byte-limit = 33554432 (custom)
2019-09-01 05:53:24,417 [e504cd85-a1db-4587-8509-c7399dc7cafe:group-389DF4E823E9:LeaderElection255] INFO  server.RaftServerConfigKeys (ConfUtils.java:logGet(43)) - raft.server.log.appender.snapshot.chunk.size.max = 16MB (=16777216) (default)
2019-09-01 05:53:24,418 [ce2be70a-d267-4ebc-abe0-fdcdf40aaae1:group-62A27AB5243B:LeaderElection257] INFO  server.RaftServerConfigKeys (ConfUtils.java:logGet(43)) - raft.server.log.appender.buffer.element-limit = 1 (custom)
2019-09-01 05:53:24,418 [e504cd85-a1db-4587-8509-c7399dc7cafe:group-389DF4E823E9:LeaderElection255] INFO  server.RaftServerConfigKeys (ConfUtils.java:logGet(43)) - raft.server.log.appender.buffer.byte-limit = 33554432 (custom)
2019-09-01 05:53:24,418 [ce2be70a-d267-4ebc-abe0-fdcdf40aaae1:group-62A27AB5243B:LeaderElection257] INFO  grpc.GrpcConfigKeys$Server (ConfUtils.java:logGet(43)) - raft.grpc.server.leader.outstanding.appends.max = 128 (default)
2019-09-01 05:53:24,418 [e504cd85-a1db-4587-8509-c7399dc7cafe:group-389DF4E823E9:LeaderElection255] INFO  server.RaftServerConfigKeys (ConfUtils.java:logGet(43)) - raft.server.log.appender.buffer.element-limit = 1 (custom)
2019-09-01 05:53:24,418 [ce2be70a-d267-4ebc-abe0-fdcdf40aaae1:group-62A27AB5243B:LeaderElection257] INFO  server.RaftServerConfigKeys (ConfUtils.java:logGet(43)) - raft.server.rpc.request.timeout = 3000ms (default)
2019-09-01 05:53:24,419 [e504cd85-a1db-4587-8509-c7399dc7cafe:group-389DF4E823E9:LeaderElection255] INFO  grpc.GrpcConfigKeys$Server (ConfUtils.java:logGet(43)) - raft.grpc.server.leader.outstanding.appends.max = 128 (default)
2019-09-01 05:53:24,419 [ce2be70a-d267-4ebc-abe0-fdcdf40aaae1:group-62A27AB5243B:LeaderElection257] INFO  server.RaftServerConfigKeys (ConfUtils.java:logGet(43)) - raft.server.log.appender.install.snapshot.enabled = false (custom)
2019-09-01 05:53:24,419 [e504cd85-a1db-4587-8509-c7399dc7cafe:group-389DF4E823E9:LeaderElection255] INFO  server.RaftServerConfigKeys (ConfUtils.java:logGet(43)) - raft.server.rpc.request.timeout = 3000ms (default)
2019-09-01 05:53:24,419 [ce2be70a-d267-4ebc-abe0-fdcdf40aaae1:group-62A27AB5243B:LeaderElection257] INFO  server.RaftServerConfigKeys (ConfUtils.java:logGet(43)) - raft.server.log.appender.snapshot.chunk.size.max = 16MB (=16777216) (default)
2019-09-01 05:53:24,419 [e504cd85-a1db-4587-8509-c7399dc7cafe:group-389DF4E823E9:LeaderElection255] INFO  server.RaftServerConfigKeys (ConfUtils.java:logGet(43)) - raft.server.log.appender.install.snapshot.enabled = false (custom)
2019-09-01 05:53:24,419 [ce2be70a-d267-4ebc-abe0-fdcdf40aaae1:group-62A27AB5243B:LeaderElection257] INFO  server.RaftServerConfigKeys (ConfUtils.java:logGet(43)) - raft.server.log.appender.buffer.byte-limit = 33554432 (custom)
2019-09-01 05:53:24,419 [e504cd85-a1db-4587-8509-c7399dc7cafe:group-389DF4E823E9:LeaderElection255] INFO  server.RaftServerConfigKeys (ConfUtils.java:logGet(43)) - raft.server.log.appender.snapshot.chunk.size.max = 16MB (=16777216) (default)
2019-09-01 05:53:24,420 [ce2be70a-d267-4ebc-abe0-fdcdf40aaae1:group-62A27AB5243B:LeaderElection257] INFO  server.RaftServerConfigKeys (ConfUtils.java:logGet(43)) - raft.server.log.appender.buffer.element-limit = 1 (custom)
2019-09-01 05:53:24,420 [e504cd85-a1db-4587-8509-c7399dc7cafe:group-389DF4E823E9:LeaderElection255] INFO  server.RaftServerConfigKeys (ConfUtils.java:logGet(43)) - raft.server.log.appender.buffer.byte-limit = 33554432 (custom)
2019-09-01 05:53:24,420 [ce2be70a-d267-4ebc-abe0-fdcdf40aaae1:group-62A27AB5243B:LeaderElection257] INFO  grpc.GrpcConfigKeys$Server (ConfUtils.java:logGet(43)) - raft.grpc.server.leader.outstanding.appends.max = 128 (default)
2019-09-01 05:53:24,420 [e504cd85-a1db-4587-8509-c7399dc7cafe:group-389DF4E823E9:LeaderElection255] INFO  server.RaftServerConfigKeys (ConfUtils.java:logGet(43)) - raft.server.log.appender.buffer.element-limit = 1 (custom)
2019-09-01 05:53:24,420 [ce2be70a-d267-4ebc-abe0-fdcdf40aaae1:group-62A27AB5243B:LeaderElection257] INFO  server.RaftServerConfigKeys (ConfUtils.java:logGet(43)) - raft.server.rpc.request.timeout = 3000ms (default)
2019-09-01 05:53:24,421 [e504cd85-a1db-4587-8509-c7399dc7cafe:group-389DF4E823E9:LeaderElection255] INFO  grpc.GrpcConfigKeys$Server (ConfUtils.java:logGet(43)) - raft.grpc.server.leader.outstanding.appends.max = 128 (default)
2019-09-01 05:53:24,421 [ce2be70a-d267-4ebc-abe0-fdcdf40aaae1:group-62A27AB5243B:LeaderElection257] INFO  server.RaftServerConfigKeys (ConfUtils.java:logGet(43)) - raft.server.log.appender.install.snapshot.enabled = false (custom)
2019-09-01 05:53:24,421 [e504cd85-a1db-4587-8509-c7399dc7cafe:group-389DF4E823E9:LeaderElection255] INFO  server.RaftServerConfigKeys (ConfUtils.java:logGet(43)) - raft.server.rpc.request.timeout = 3000ms (default)
2019-09-01 05:53:24,421 [ce2be70a-d267-4ebc-abe0-fdcdf40aaae1:group-62A27AB5243B:LeaderElection257] INFO  impl.RoleInfo (RoleInfo.java:updateAndGet(143)) - ce2be70a-d267-4ebc-abe0-fdcdf40aaae1: start LeaderState
2019-09-01 05:53:24,421 [e504cd85-a1db-4587-8509-c7399dc7cafe:group-389DF4E823E9:LeaderElection255] INFO  server.RaftServerConfigKeys (ConfUtils.java:logGet(43)) - raft.server.log.appender.install.snapshot.enabled = false (custom)
2019-09-01 05:53:24,422 [ce2be70a-d267-4ebc-abe0-fdcdf40aaae1:group-62A27AB5243B:LeaderElection257] INFO  segmented.SegmentedRaftLogWorker (SegmentedRaftLogWorker.java:startLogSegment(380)) - ce2be70a-d267-4ebc-abe0-fdcdf40aaae1-SegmentedRaftLogWorker:Storage Directory /workdir/hadoop-ozone/integration-test/target/test-dir/MiniOzoneClusterImpl-fb00d516-ae13-4d3c-8a3f-926c553c4eaa/datanode-9/data/ratis/8840249b-6eaa-4700-9665-62a27ab5243b: Starting segment from index:0
2019-09-01 05:53:24,422 [e504cd85-a1db-4587-8509-c7399dc7cafe:group-389DF4E823E9:LeaderElection255] INFO  impl.RoleInfo (RoleInfo.java:updateAndGet(143)) - e504cd85-a1db-4587-8509-c7399dc7cafe: start LeaderState
2019-09-01 05:53:24,422 [e504cd85-a1db-4587-8509-c7399dc7cafe:group-389DF4E823E9:LeaderElection255] INFO  segmented.SegmentedRaftLogWorker (SegmentedRaftLogWorker.java:startLogSegment(380)) - e504cd85-a1db-4587-8509-c7399dc7cafe-SegmentedRaftLogWorker:Storage Directory /workdir/hadoop-ozone/integration-test/target/test-dir/MiniOzoneClusterImpl-fb00d516-ae13-4d3c-8a3f-926c553c4eaa/datanode-7/data/ratis/cbe75309-bf4f-419f-81ce-389df4e823e9: Starting segment from index:0
2019-09-01 05:53:24,423 [ce2be70a-d267-4ebc-abe0-fdcdf40aaae1:group-62A27AB5243B:LeaderElection257] INFO  impl.RaftServerImpl (ServerState.java:setRaftConf(361)) - ce2be70a-d267-4ebc-abe0-fdcdf40aaae1:group-62A27AB5243B set configuration 0: [ce2be70a-d267-4ebc-abe0-fdcdf40aaae1:192.168.36.91:38648, 9adf8f3f-00f4-442f-a7e9-ac686daae57d:192.168.36.91:44931, ad88f3b0-98a4-4e16-8300-c870fa2dd819:192.168.36.91:34127], old=null at 0
2019-09-01 05:53:24,423 [e504cd85-a1db-4587-8509-c7399dc7cafe:group-389DF4E823E9:LeaderElection255] INFO  impl.RaftServerImpl (ServerState.java:setRaftConf(361)) - e504cd85-a1db-4587-8509-c7399dc7cafe:group-389DF4E823E9 set configuration 0: [2add93e0-2462-45f9-8504-d95fbdd1cf50:192.168.36.91:37068, 196a83ac-f404-447a-85c9-b484bfff17ef:192.168.36.91:35328, e504cd85-a1db-4587-8509-c7399dc7cafe:192.168.36.91:36185], old=null at 0
2019-09-01 05:53:24,461 [grpc-default-executor-7] INFO  impl.RaftServerImpl (RaftServerImpl.java:requestVote(754)) - e504cd85-a1db-4587-8509-c7399dc7cafe-LEADER: Withhold vote from candidate 196a83ac-f404-447a-85c9-b484bfff17ef with term 14. State: leader=e504cd85-a1db-4587-8509-c7399dc7cafe, term=14, lastRpcElapsed=null
2019-09-01 05:53:24,462 [grpc-default-executor-1] INFO  impl.RaftServerImpl (ServerState.java:setLeader(263)) - 9adf8f3f-00f4-442f-a7e9-ac686daae57d:group-62A27AB5243B change Leader from null to ce2be70a-d267-4ebc-abe0-fdcdf40aaae1 at term 13 for appendEntries, leader elected after 23549ms
2019-09-01 05:53:24,462 [grpc-default-executor-6] INFO  impl.RaftServerImpl (ServerState.java:setLeader(263)) - 2add93e0-2462-45f9-8504-d95fbdd1cf50:group-389DF4E823E9 change Leader from null to e504cd85-a1db-4587-8509-c7399dc7cafe at term 14 for appendEntries, leader elected after 24033ms
2019-09-01 05:53:24,462 [196a83ac-f404-447a-85c9-b484bfff17ef:group-389DF4E823E9:LeaderElection258] INFO  impl.LeaderElection (LeaderElection.java:logAndReturn(56)) - 196a83ac-f404-447a-85c9-b484bfff17ef:group-389DF4E823E9:LeaderElection258: Election REJECTED; received 2 response(s) [196a83ac-f404-447a-85c9-b484bfff17ef<-2add93e0-2462-45f9-8504-d95fbdd1cf50#0:FAIL-t14, 196a83ac-f404-447a-85c9-b484bfff17ef<-e504cd85-a1db-4587-8509-c7399dc7cafe#0:FAIL-t14] and 0 exception(s); 196a83ac-f404-447a-85c9-b484bfff17ef:t14, leader=null, voted=196a83ac-f404-447a-85c9-b484bfff17ef, raftlog=196a83ac-f404-447a-85c9-b484bfff17ef-SegmentedRaftLog:OPENED:c-1,f-1,i0, conf=-1: [2add93e0-2462-45f9-8504-d95fbdd1cf50:192.168.36.91:37068, 196a83ac-f404-447a-85c9-b484bfff17ef:192.168.36.91:35328, e504cd85-a1db-4587-8509-c7399dc7cafe:192.168.36.91:36185], old=null
2019-09-01 05:53:24,463 [grpc-default-executor-7] INFO  impl.RaftServerImpl (RaftServerImpl.java:setRole(171)) - 196a83ac-f404-447a-85c9-b484bfff17ef:group-389DF4E823E9 changes role from CANDIDATE to FOLLOWER at term 14 for appendEntries
2019-09-01 05:53:24,463 [grpc-default-executor-1] INFO  impl.RaftServerImpl (ServerState.java:setLeader(263)) - ad88f3b0-98a4-4e16-8300-c870fa2dd819:group-62A27AB5243B change Leader from null to ce2be70a-d267-4ebc-abe0-fdcdf40aaae1 at term 13 for appendEntries, leader elected after 23549ms
2019-09-01 05:53:24,463 [grpc-default-executor-7] INFO  impl.RoleInfo (RoleInfo.java:shutdownLeaderElection(134)) - 196a83ac-f404-447a-85c9-b484bfff17ef: shutdown LeaderElection
2019-09-01 05:53:24,463 [grpc-default-executor-7] INFO  impl.RoleInfo (RoleInfo.java:updateAndGet(143)) - 196a83ac-f404-447a-85c9-b484bfff17ef: start FollowerState
2019-09-01 05:53:24,464 [grpc-default-executor-7] INFO  impl.RaftServerImpl (ServerState.java:setLeader(263)) - 196a83ac-f404-447a-85c9-b484bfff17ef:group-389DF4E823E9 change Leader from null to e504cd85-a1db-4587-8509-c7399dc7cafe at term 14 for appendEntries, leader elected after 24035ms
2019-09-01 05:53:24,464 [grpc-default-executor-1] INFO  impl.RaftServerImpl (ServerState.java:setRaftConf(361)) - 2add93e0-2462-45f9-8504-d95fbdd1cf50:group-389DF4E823E9 set configuration 0: [2add93e0-2462-45f9-8504-d95fbdd1cf50:192.168.36.91:37068, 196a83ac-f404-447a-85c9-b484bfff17ef:192.168.36.91:35328, e504cd85-a1db-4587-8509-c7399dc7cafe:192.168.36.91:36185], old=null at 0
2019-09-01 05:53:24,465 [grpc-default-executor-1] INFO  segmented.SegmentedRaftLogWorker (SegmentedRaftLogWorker.java:startLogSegment(380)) - 2add93e0-2462-45f9-8504-d95fbdd1cf50-SegmentedRaftLogWorker:Storage Directory /workdir/hadoop-ozone/integration-test/target/test-dir/MiniOzoneClusterImpl-fb00d516-ae13-4d3c-8a3f-926c553c4eaa/datanode-8/data/ratis/cbe75309-bf4f-419f-81ce-389df4e823e9: Starting segment from index:0
2019-09-01 05:53:24,465 [grpc-default-executor-7] INFO  impl.RaftServerImpl (ServerState.java:setRaftConf(361)) - 9adf8f3f-00f4-442f-a7e9-ac686daae57d:group-62A27AB5243B set configuration 0: [ce2be70a-d267-4ebc-abe0-fdcdf40aaae1:192.168.36.91:38648, 9adf8f3f-00f4-442f-a7e9-ac686daae57d:192.168.36.91:44931, ad88f3b0-98a4-4e16-8300-c870fa2dd819:192.168.36.91:34127], old=null at 0
2019-09-01 05:53:24,465 [grpc-default-executor-7] INFO  segmented.SegmentedRaftLogWorker (SegmentedRaftLogWorker.java:startLogSegment(380)) - 9adf8f3f-00f4-442f-a7e9-ac686daae57d-SegmentedRaftLogWorker:Storage Directory /workdir/hadoop-ozone/integration-test/target/test-dir/MiniOzoneClusterImpl-fb00d516-ae13-4d3c-8a3f-926c553c4eaa/datanode-2/data/ratis/8840249b-6eaa-4700-9665-62a27ab5243b: Starting segment from index:0
2019-09-01 05:53:24,465 [grpc-default-executor-1] INFO  impl.RaftServerImpl (ServerState.java:setRaftConf(361)) - ad88f3b0-98a4-4e16-8300-c870fa2dd819:group-62A27AB5243B set configuration 0: [ce2be70a-d267-4ebc-abe0-fdcdf40aaae1:192.168.36.91:38648, 9adf8f3f-00f4-442f-a7e9-ac686daae57d:192.168.36.91:44931, ad88f3b0-98a4-4e16-8300-c870fa2dd819:192.168.36.91:34127], old=null at 0
2019-09-01 05:53:24,466 [grpc-default-executor-6] INFO  impl.RaftServerImpl (ServerState.java:setRaftConf(361)) - 196a83ac-f404-447a-85c9-b484bfff17ef:group-389DF4E823E9 set configuration 0: [2add93e0-2462-45f9-8504-d95fbdd1cf50:192.168.36.91:37068, 196a83ac-f404-447a-85c9-b484bfff17ef:192.168.36.91:35328, e504cd85-a1db-4587-8509-c7399dc7cafe:192.168.36.91:36185], old=null at 0
2019-09-01 05:53:24,466 [grpc-default-executor-1] INFO  segmented.SegmentedRaftLogWorker (SegmentedRaftLogWorker.java:startLogSegment(380)) - ad88f3b0-98a4-4e16-8300-c870fa2dd819-SegmentedRaftLogWorker:Storage Directory /workdir/hadoop-ozone/integration-test/target/test-dir/MiniOzoneClusterImpl-fb00d516-ae13-4d3c-8a3f-926c553c4eaa/datanode-5/data/ratis/8840249b-6eaa-4700-9665-62a27ab5243b: Starting segment from index:0
2019-09-01 05:53:24,466 [grpc-default-executor-6] INFO  segmented.SegmentedRaftLogWorker (SegmentedRaftLogWorker.java:startLogSegment(380)) - 196a83ac-f404-447a-85c9-b484bfff17ef-SegmentedRaftLogWorker:Storage Directory /workdir/hadoop-ozone/integration-test/target/test-dir/MiniOzoneClusterImpl-fb00d516-ae13-4d3c-8a3f-926c553c4eaa/datanode-0/data/ratis/cbe75309-bf4f-419f-81ce-389df4e823e9: Starting segment from index:0
2019-09-01 05:53:24,803 [e504cd85-a1db-4587-8509-c7399dc7cafe-SegmentedRaftLogWorker:Storage Directory /workdir/hadoop-ozone/integration-test/target/test-dir/MiniOzoneClusterImpl-fb00d516-ae13-4d3c-8a3f-926c553c4eaa/datanode-7/data/ratis/cbe75309-bf4f-419f-81ce-389df4e823e9] INFO  segmented.SegmentedRaftLogWorker (SegmentedRaftLogWorker.java:execute(569)) - e504cd85-a1db-4587-8509-c7399dc7cafe-SegmentedRaftLogWorker:Storage Directory /workdir/hadoop-ozone/integration-test/target/test-dir/MiniOzoneClusterImpl-fb00d516-ae13-4d3c-8a3f-926c553c4eaa/datanode-7/data/ratis/cbe75309-bf4f-419f-81ce-389df4e823e9: created new log segment /workdir/hadoop-ozone/integration-test/target/test-dir/MiniOzoneClusterImpl-fb00d516-ae13-4d3c-8a3f-926c553c4eaa/datanode-7/data/ratis/cbe75309-bf4f-419f-81ce-389df4e823e9/current/log_inprogress_0
2019-09-01 05:53:24,803 [ce2be70a-d267-4ebc-abe0-fdcdf40aaae1-SegmentedRaftLogWorker:Storage Directory /workdir/hadoop-ozone/integration-test/target/test-dir/MiniOzoneClusterImpl-fb00d516-ae13-4d3c-8a3f-926c553c4eaa/datanode-9/data/ratis/8840249b-6eaa-4700-9665-62a27ab5243b] INFO  segmented.SegmentedRaftLogWorker (SegmentedRaftLogWorker.java:execute(569)) - ce2be70a-d267-4ebc-abe0-fdcdf40aaae1-SegmentedRaftLogWorker:Storage Directory /workdir/hadoop-ozone/integration-test/target/test-dir/MiniOzoneClusterImpl-fb00d516-ae13-4d3c-8a3f-926c553c4eaa/datanode-9/data/ratis/8840249b-6eaa-4700-9665-62a27ab5243b: created new log segment /workdir/hadoop-ozone/integration-test/target/test-dir/MiniOzoneClusterImpl-fb00d516-ae13-4d3c-8a3f-926c553c4eaa/datanode-9/data/ratis/8840249b-6eaa-4700-9665-62a27ab5243b/current/log_inprogress_0
2019-09-01 05:53:24,803 [9adf8f3f-00f4-442f-a7e9-ac686daae57d-SegmentedRaftLogWorker:Storage Directory /workdir/hadoop-ozone/integration-test/target/test-dir/MiniOzoneClusterImpl-fb00d516-ae13-4d3c-8a3f-926c553c4eaa/datanode-2/data/ratis/8840249b-6eaa-4700-9665-62a27ab5243b] INFO  segmented.SegmentedRaftLogWorker (SegmentedRaftLogWorker.java:execute(569)) - 9adf8f3f-00f4-442f-a7e9-ac686daae57d-SegmentedRaftLogWorker:Storage Directory /workdir/hadoop-ozone/integration-test/target/test-dir/MiniOzoneClusterImpl-fb00d516-ae13-4d3c-8a3f-926c553c4eaa/datanode-2/data/ratis/8840249b-6eaa-4700-9665-62a27ab5243b: created new log segment /workdir/hadoop-ozone/integration-test/target/test-dir/MiniOzoneClusterImpl-fb00d516-ae13-4d3c-8a3f-926c553c4eaa/datanode-2/data/ratis/8840249b-6eaa-4700-9665-62a27ab5243b/current/log_inprogress_0
2019-09-01 05:53:24,803 [ad88f3b0-98a4-4e16-8300-c870fa2dd819-SegmentedRaftLogWorker:Storage Directory /workdir/hadoop-ozone/integration-test/target/test-dir/MiniOzoneClusterImpl-fb00d516-ae13-4d3c-8a3f-926c553c4eaa/datanode-5/data/ratis/8840249b-6eaa-4700-9665-62a27ab5243b] INFO  segmented.SegmentedRaftLogWorker (SegmentedRaftLogWorker.java:execute(569)) - ad88f3b0-98a4-4e16-8300-c870fa2dd819-SegmentedRaftLogWorker:Storage Directory /workdir/hadoop-ozone/integration-test/target/test-dir/MiniOzoneClusterImpl-fb00d516-ae13-4d3c-8a3f-926c553c4eaa/datanode-5/data/ratis/8840249b-6eaa-4700-9665-62a27ab5243b: created new log segment /workdir/hadoop-ozone/integration-test/target/test-dir/MiniOzoneClusterImpl-fb00d516-ae13-4d3c-8a3f-926c553c4eaa/datanode-5/data/ratis/8840249b-6eaa-4700-9665-62a27ab5243b/current/log_inprogress_0
2019-09-01 05:53:24,803 [2add93e0-2462-45f9-8504-d95fbdd1cf50-SegmentedRaftLogWorker:Storage Directory /workdir/hadoop-ozone/integration-test/target/test-dir/MiniOzoneClusterImpl-fb00d516-ae13-4d3c-8a3f-926c553c4eaa/datanode-8/data/ratis/cbe75309-bf4f-419f-81ce-389df4e823e9] INFO  segmented.SegmentedRaftLogWorker (SegmentedRaftLogWorker.java:execute(569)) - 2add93e0-2462-45f9-8504-d95fbdd1cf50-SegmentedRaftLogWorker:Storage Directory /workdir/hadoop-ozone/integration-test/target/test-dir/MiniOzoneClusterImpl-fb00d516-ae13-4d3c-8a3f-926c553c4eaa/datanode-8/data/ratis/cbe75309-bf4f-419f-81ce-389df4e823e9: created new log segment /workdir/hadoop-ozone/integration-test/target/test-dir/MiniOzoneClusterImpl-fb00d516-ae13-4d3c-8a3f-926c553c4eaa/datanode-8/data/ratis/cbe75309-bf4f-419f-81ce-389df4e823e9/current/log_inprogress_0
2019-09-01 05:53:24,803 [196a83ac-f404-447a-85c9-b484bfff17ef-SegmentedRaftLogWorker:Storage Directory /workdir/hadoop-ozone/integration-test/target/test-dir/MiniOzoneClusterImpl-fb00d516-ae13-4d3c-8a3f-926c553c4eaa/datanode-0/data/ratis/cbe75309-bf4f-419f-81ce-389df4e823e9] INFO  segmented.SegmentedRaftLogWorker (SegmentedRaftLogWorker.java:execute(569)) - 196a83ac-f404-447a-85c9-b484bfff17ef-SegmentedRaftLogWorker:Storage Directory /workdir/hadoop-ozone/integration-test/target/test-dir/MiniOzoneClusterImpl-fb00d516-ae13-4d3c-8a3f-926c553c4eaa/datanode-0/data/ratis/cbe75309-bf4f-419f-81ce-389df4e823e9: created new log segment /workdir/hadoop-ozone/integration-test/target/test-dir/MiniOzoneClusterImpl-fb00d516-ae13-4d3c-8a3f-926c553c4eaa/datanode-0/data/ratis/cbe75309-bf4f-419f-81ce-389df4e823e9/current/log_inprogress_0
2019-09-01 05:53:26,128 [main] INFO  ozoneimpl.OzoneContainer (OzoneContainer.java:stop(215)) - Attempting to stop container services.
2019-09-01 05:53:26,129 [main] INFO  impl.RaftServerProxy (RaftServerProxy.java:lambda$close$4(314)) - ce2be70a-d267-4ebc-abe0-fdcdf40aaae1: close
2019-09-01 05:53:26,130 [main] INFO  impl.RaftServerImpl (RaftServerImpl.java:lambda$shutdown$3(245)) - ce2be70a-d267-4ebc-abe0-fdcdf40aaae1: shutdown group-62A27AB5243B
2019-09-01 05:53:26,131 [main] INFO  util.JmxRegister (JmxRegister.java:unregister(73)) - Successfully un-registered JMX Bean with object name Ratis:service=RaftServer,group=group-62A27AB5243B,id=ce2be70a-d267-4ebc-abe0-fdcdf40aaae1
2019-09-01 05:53:26,131 [main] INFO  impl.RoleInfo (RoleInfo.java:shutdownLeaderState(104)) - ce2be70a-d267-4ebc-abe0-fdcdf40aaae1: shutdown LeaderState
2019-09-01 05:53:26,138 [main] INFO  impl.PendingRequests (PendingRequests.java:sendNotLeaderResponses(202)) - ce2be70a-d267-4ebc-abe0-fdcdf40aaae1-PendingRequests: sendNotLeaderResponses
2019-09-01 05:53:26,138 [org.apache.ratis.server.impl.LogAppender$AppenderDaemon$$Lambda$522/1454028154@7d87aedc] WARN  server.GrpcLogAppender (GrpcLogAppender.java:mayWait(143)) - GrpcLogAppender(ce2be70a-d267-4ebc-abe0-fdcdf40aaae1->ad88f3b0-98a4-4e16-8300-c870fa2dd819): Wait interrupted by java.lang.InterruptedException
2019-09-01 05:53:26,138 [org.apache.ratis.server.impl.LogAppender$AppenderDaemon$$Lambda$522/1454028154@388537a8] WARN  server.GrpcLogAppender (GrpcLogAppender.java:mayWait(143)) - GrpcLogAppender(ce2be70a-d267-4ebc-abe0-fdcdf40aaae1->9adf8f3f-00f4-442f-a7e9-ac686daae57d): Wait interrupted by java.lang.InterruptedException
2019-09-01 05:53:26,139 [main] INFO  impl.StateMachineUpdater (StateMachineUpdater.java:stopAndJoin(115)) - StateMachineUpdater:ce2be70a-d267-4ebc-abe0-fdcdf40aaae1:group-62A27AB5243B: set stopIndex = 0
2019-09-01 05:53:26,140 [grpc-default-executor-6] INFO  server.GrpcServerProtocolService (GrpcServerProtocolService.java:onCompleted(104)) - 9adf8f3f-00f4-442f-a7e9-ac686daae57d: appendEntries completed
2019-09-01 05:53:26,140 [grpc-default-executor-1] INFO  server.GrpcServerProtocolService (GrpcServerProtocolService.java:onCompleted(104)) - ad88f3b0-98a4-4e16-8300-c870fa2dd819: appendEntries completed
2019-09-01 05:53:26,140 [main] INFO  impl.RaftServerImpl (ServerState.java:close(394)) - ce2be70a-d267-4ebc-abe0-fdcdf40aaae1:group-62A27AB5243B closes. The last applied log index is 0
2019-09-01 05:53:26,140 [grpc-default-executor-1] INFO  server.GrpcLogAppender (GrpcLogAppender.java:onCompleted(292)) - ce2be70a-d267-4ebc-abe0-fdcdf40aaae1->9adf8f3f-00f4-442f-a7e9-ac686daae57d: follower responses appendEntries COMPLETED
2019-09-01 05:53:26,141 [ce2be70a-d267-4ebc-abe0-fdcdf40aaae1-SegmentedRaftLogWorker:Storage Directory /workdir/hadoop-ozone/integration-test/target/test-dir/MiniOzoneClusterImpl-fb00d516-ae13-4d3c-8a3f-926c553c4eaa/datanode-9/data/ratis/8840249b-6eaa-4700-9665-62a27ab5243b] INFO  segmented.SegmentedRaftLogWorker (SegmentedRaftLogWorker.java:run(313)) - ce2be70a-d267-4ebc-abe0-fdcdf40aaae1-SegmentedRaftLogWorker:Storage Directory /workdir/hadoop-ozone/integration-test/target/test-dir/MiniOzoneClusterImpl-fb00d516-ae13-4d3c-8a3f-926c553c4eaa/datanode-9/data/ratis/8840249b-6eaa-4700-9665-62a27ab5243b was interrupted, exiting. There are 0 tasks remaining in the queue.
2019-09-01 05:53:26,141 [grpc-default-executor-6] INFO  server.GrpcLogAppender (GrpcLogAppender.java:onCompleted(292)) - ce2be70a-d267-4ebc-abe0-fdcdf40aaae1->ad88f3b0-98a4-4e16-8300-c870fa2dd819: follower responses appendEntries COMPLETED
2019-09-01 05:53:26,144 [main] INFO  segmented.SegmentedRaftLogWorker (SegmentedRaftLogWorker.java:close(228)) - ce2be70a-d267-4ebc-abe0-fdcdf40aaae1-SegmentedRaftLogWorker:Storage Directory /workdir/hadoop-ozone/integration-test/target/test-dir/MiniOzoneClusterImpl-fb00d516-ae13-4d3c-8a3f-926c553c4eaa/datanode-9/data/ratis/8840249b-6eaa-4700-9665-62a27ab5243b close()
2019-09-01 05:53:26,144 [grpc-default-executor-1] INFO  impl.FollowerInfo (FollowerInfo.java:lambda$new$0(50)) - ce2be70a-d267-4ebc-abe0-fdcdf40aaae1->9adf8f3f-00f4-442f-a7e9-ac686daae57d: nextIndex: updateUnconditionally 1 -> 0
2019-09-01 05:53:26,150 [main] INFO  impl.RaftServerImpl (RaftServerImpl.java:lambda$shutdown$3(245)) - ce2be70a-d267-4ebc-abe0-fdcdf40aaae1: shutdown group-745F023B1BC3
2019-09-01 05:53:26,144 [grpc-default-executor-6] INFO  impl.FollowerInfo (FollowerInfo.java:lambda$new$0(50)) - ce2be70a-d267-4ebc-abe0-fdcdf40aaae1->ad88f3b0-98a4-4e16-8300-c870fa2dd819: nextIndex: updateUnconditionally 1 -> 0
2019-09-01 05:53:26,150 [main] INFO  util.JmxRegister (JmxRegister.java:unregister(73)) - Successfully un-registered JMX Bean with object name Ratis:service=RaftServer,group=group-745F023B1BC3,id=ce2be70a-d267-4ebc-abe0-fdcdf40aaae1
2019-09-01 05:53:26,151 [main] INFO  impl.RoleInfo (RoleInfo.java:shutdownLeaderState(104)) - ce2be70a-d267-4ebc-abe0-fdcdf40aaae1: shutdown LeaderState
2019-09-01 05:53:26,151 [main] INFO  impl.PendingRequests (PendingRequests.java:sendNotLeaderResponses(202)) - ce2be70a-d267-4ebc-abe0-fdcdf40aaae1-PendingRequests: sendNotLeaderResponses
2019-09-01 05:53:26,152 [main] INFO  impl.StateMachineUpdater (StateMachineUpdater.java:stopAndJoin(115)) - StateMachineUpdater:ce2be70a-d267-4ebc-abe0-fdcdf40aaae1:group-745F023B1BC3: set stopIndex = 0
2019-09-01 05:53:26,152 [main] INFO  impl.RaftServerImpl (ServerState.java:close(394)) - ce2be70a-d267-4ebc-abe0-fdcdf40aaae1:group-745F023B1BC3 closes. The last applied log index is 0
2019-09-01 05:53:26,153 [ce2be70a-d267-4ebc-abe0-fdcdf40aaae1-SegmentedRaftLogWorker:Storage Directory /workdir/hadoop-ozone/integration-test/target/test-dir/MiniOzoneClusterImpl-fb00d516-ae13-4d3c-8a3f-926c553c4eaa/datanode-9/data/ratis/5e533381-3820-4832-bddd-745f023b1bc3] INFO  segmented.SegmentedRaftLogWorker (SegmentedRaftLogWorker.java:run(313)) - ce2be70a-d267-4ebc-abe0-fdcdf40aaae1-SegmentedRaftLogWorker:Storage Directory /workdir/hadoop-ozone/integration-test/target/test-dir/MiniOzoneClusterImpl-fb00d516-ae13-4d3c-8a3f-926c553c4eaa/datanode-9/data/ratis/5e533381-3820-4832-bddd-745f023b1bc3 was interrupted, exiting. There are 0 tasks remaining in the queue.
2019-09-01 05:53:26,155 [main] INFO  segmented.SegmentedRaftLogWorker (SegmentedRaftLogWorker.java:close(228)) - ce2be70a-d267-4ebc-abe0-fdcdf40aaae1-SegmentedRaftLogWorker:Storage Directory /workdir/hadoop-ozone/integration-test/target/test-dir/MiniOzoneClusterImpl-fb00d516-ae13-4d3c-8a3f-926c553c4eaa/datanode-9/data/ratis/5e533381-3820-4832-bddd-745f023b1bc3 close()
2019-09-01 05:53:26,161 [main] INFO  server.GrpcService (GrpcService.java:closeImpl(155)) - ce2be70a-d267-4ebc-abe0-fdcdf40aaae1: shutdown server with port 38648 now
2019-09-01 05:53:26,162 [main] INFO  server.GrpcService (GrpcService.java:closeImpl(163)) - ce2be70a-d267-4ebc-abe0-fdcdf40aaae1: shutdown server with port 38648 successfully
2019-09-01 05:53:26,164 [refreshUsed-/workdir/hadoop-ozone/integration-test/target/test-dir/MiniOzoneClusterImpl-fb00d516-ae13-4d3c-8a3f-926c553c4eaa/datanode-9/data/containers] WARN  fs.CachingGetSpaceUsed (CachingGetSpaceUsed.java:run(183)) - Thread Interrupted waiting to refresh disk information: sleep interrupted
2019-09-01 05:53:26,182 [main] INFO  utils.BackgroundService (BackgroundService.java:shutdown(148)) - Shutting down service BlockDeletingService
2019-09-01 05:53:26,190 [main] INFO  statemachine.DatanodeStateMachine (DatanodeStateMachine.java:stopDaemon(395)) - Ozone container server stopped.
2019-09-01 05:53:26,193 [main] INFO  handler.ContextHandler (ContextHandler.java:doStop(910)) - Stopped o.e.j.w.WebAppContext@70b33256{/,null,UNAVAILABLE}{/hddsDatanode}
2019-09-01 05:53:26,194 [main] INFO  server.AbstractConnector (AbstractConnector.java:doStop(318)) - Stopped ServerConnector@33d230ce{HTTP/1.1,[http/1.1]}{0.0.0.0:0}
2019-09-01 05:53:26,194 [main] INFO  handler.ContextHandler (ContextHandler.java:doStop(910)) - Stopped o.e.j.s.ServletContextHandler@693f2213{/static,jar:file:/home/user/.m2/repository/org/apache/hadoop/hadoop-hdds-container-service/0.5.0-SNAPSHOT/hadoop-hdds-container-service-0.5.0-SNAPSHOT.jar!/webapps/static,UNAVAILABLE}
2019-09-01 05:53:26,195 [main] INFO  handler.ContextHandler (ContextHandler.java:doStop(910)) - Stopped o.e.j.s.ServletContextHandler@28daf506{/logs,file:///workdir/hadoop-ozone/integration-test/target/log,UNAVAILABLE}
2019-09-01 05:53:26,388 [grpc-default-executor-7] INFO  client.GrpcClientProtocolClient (GrpcClientProtocolClient.java:onNext(255)) - client-FAA5A8C7BEC4->f61a82c2-42b9-49e6-922b-54bde2900752: receive RaftClientReply:client-FAA5A8C7BEC4->f61a82c2-42b9-49e6-922b-54bde2900752@group-BF85EB72019C, cid=127, SUCCESS, logIndex=5, commits[f61a82c2-42b9-49e6-922b-54bde2900752:c6, 2e72a9ea-f178-40e5-bf42-2c889e32e769:c4, 99b5111b-d356-42b4-8380-346acbcabf6e:c4]
2019-09-01 05:53:26,394 [grpc-default-executor-7] INFO  client.GrpcClientProtocolClient (GrpcClientProtocolClient.java:onNext(255)) - client-FAA5A8C7BEC4->f61a82c2-42b9-49e6-922b-54bde2900752: receive RaftClientReply:client-FAA5A8C7BEC4->f61a82c2-42b9-49e6-922b-54bde2900752@group-BF85EB72019C, cid=128, SUCCESS, logIndex=6, commits[f61a82c2-42b9-49e6-922b-54bde2900752:c7, 2e72a9ea-f178-40e5-bf42-2c889e32e769:c4, 99b5111b-d356-42b4-8380-346acbcabf6e:c4]
2019-09-01 05:53:26,395 [grpc-default-executor-7] INFO  client.GrpcClientProtocolClient (GrpcClientProtocolClient.java:onNext(255)) - client-FAA5A8C7BEC4->f61a82c2-42b9-49e6-922b-54bde2900752: receive RaftClientReply:client-FAA5A8C7BEC4->f61a82c2-42b9-49e6-922b-54bde2900752@group-BF85EB72019C, cid=129, SUCCESS, logIndex=7, commits[f61a82c2-42b9-49e6-922b-54bde2900752:c8, 2e72a9ea-f178-40e5-bf42-2c889e32e769:c4, 99b5111b-d356-42b4-8380-346acbcabf6e:c4]
2019-09-01 05:53:26,399 [grpc-default-executor-1] INFO  client.GrpcClientProtocolClient (GrpcClientProtocolClient.java:onNext(255)) - client-FAA5A8C7BEC4->f61a82c2-42b9-49e6-922b-54bde2900752: receive RaftClientReply:client-FAA5A8C7BEC4->f61a82c2-42b9-49e6-922b-54bde2900752@group-BF85EB72019C, cid=130, SUCCESS, logIndex=8, commits[f61a82c2-42b9-49e6-922b-54bde2900752:c8, 2e72a9ea-f178-40e5-bf42-2c889e32e769:c4, 99b5111b-d356-42b4-8380-346acbcabf6e:c6]
2019-09-01 05:53:26,425 [grpc-default-executor-1] INFO  client.GrpcClientProtocolClient (GrpcClientProtocolClient.java:onNext(255)) - client-FAA5A8C7BEC4->f61a82c2-42b9-49e6-922b-54bde2900752: receive RaftClientReply:client-FAA5A8C7BEC4->f61a82c2-42b9-49e6-922b-54bde2900752@group-BF85EB72019C, cid=131, SUCCESS, logIndex=0, commits[f61a82c2-42b9-49e6-922b-54bde2900752:c10, 2e72a9ea-f178-40e5-bf42-2c889e32e769:c6, 99b5111b-d356-42b4-8380-346acbcabf6e:c6]
2019-09-01 05:53:26,548 [grpc-default-executor-1] INFO  client.GrpcClientProtocolClient (GrpcClientProtocolClient.java:onNext(255)) - client-FAA5A8C7BEC4->f61a82c2-42b9-49e6-922b-54bde2900752: receive RaftClientReply:client-FAA5A8C7BEC4->f61a82c2-42b9-49e6-922b-54bde2900752@group-BF85EB72019C, cid=132, SUCCESS, logIndex=0, commits[f61a82c2-42b9-49e6-922b-54bde2900752:c12, 2e72a9ea-f178-40e5-bf42-2c889e32e769:c8, 99b5111b-d356-42b4-8380-346acbcabf6e:c8]
2019-09-01 05:53:26,550 [main] INFO  ozone.MiniOzoneClusterImpl (MiniOzoneClusterImpl.java:shutdown(307)) - Shutting down the Mini Ozone Cluster
2019-09-01 05:53:26,550 [main] INFO  ozone.MiniOzoneClusterImpl (MiniOzoneClusterImpl.java:stop(322)) - Stopping the Mini Ozone Cluster
2019-09-01 05:53:26,550 [main] INFO  ozone.MiniOzoneClusterImpl (MiniOzoneClusterImpl.java:stop(324)) - Stopping the OzoneManager
2019-09-01 05:53:26,551 [main] INFO  ipc.Server (Server.java:stop(3082)) - Stopping server on 40519
2019-09-01 05:53:26,561 [IPC Server listener on 40519] INFO  ipc.Server (Server.java:run(1185)) - Stopping IPC Server listener on 40519
2019-09-01 05:53:26,561 [main] INFO  ratis.OzoneManagerDoubleBuffer (OzoneManagerDoubleBuffer.java:stop(248)) - Stopping OMDoubleBuffer flush thread
2019-09-01 05:53:26,575 [IPC Server Responder] INFO  ipc.Server (Server.java:run(1319)) - Stopping IPC Server Responder
2019-09-01 05:53:26,578 [OMDoubleBufferFlushThread] INFO  ratis.OzoneManagerDoubleBuffer (OzoneManagerDoubleBuffer.java:flushTransactions(191)) - OMDoubleBuffer flush thread OMDoubleBufferFlushThread is interrupted and will exit. OMDoubleBufferFlushThread
2019-09-01 05:53:26,587 [main] INFO  utils.BackgroundService (BackgroundService.java:shutdown(148)) - Shutting down service KeyDeletingService
2019-09-01 05:53:26,597 [main] INFO  handler.ContextHandler (ContextHandler.java:doStop(910)) - Stopped o.e.j.w.WebAppContext@3009eed7{/,null,UNAVAILABLE}{/ozoneManager}
2019-09-01 05:53:26,598 [main] INFO  server.AbstractConnector (AbstractConnector.java:doStop(318)) - Stopped ServerConnector@2ee4706d{HTTP/1.1,[http/1.1]}{0.0.0.0:0}
2019-09-01 05:53:26,599 [main] INFO  handler.ContextHandler (ContextHandler.java:doStop(910)) - Stopped o.e.j.s.ServletContextHandler@2c48cede{/static,file:///workdir/hadoop-ozone/integration-test/target/test-classes/webapps/static,UNAVAILABLE}
2019-09-01 05:53:26,599 [main] INFO  handler.ContextHandler (ContextHandler.java:doStop(910)) - Stopped o.e.j.s.ServletContextHandler@6842c101{/logs,file:///workdir/hadoop-ozone/integration-test/target/log,UNAVAILABLE}
2019-09-01 05:53:26,602 [main] INFO  ozone.MiniOzoneClusterImpl (MiniOzoneClusterImpl.java:stop(330)) - Shutting the HddsDatanodes
2019-09-01 05:53:26,971 [Datanode State Machine Thread - 0] INFO  statemachine.DatanodeStateMachine (DatanodeStateMachine.java:lambda$startDaemon$0(350)) - Ozone container server started.
2019-09-01 05:53:27,271 [Datanode State Machine Thread - 0] INFO  statemachine.DatanodeStateMachine (DatanodeStateMachine.java:lambda$startDaemon$0(350)) - Ozone container server started.
2019-09-01 05:53:27,559 [Thread-4174] INFO  impl.FollowerState (FollowerState.java:run(106)) - 9adf8f3f-00f4-442f-a7e9-ac686daae57d:group-62A27AB5243B changes to CANDIDATE, lastRpcTime:1678, electionTimeout:1050ms
2019-09-01 05:53:27,559 [Thread-4174] INFO  impl.RoleInfo (RoleInfo.java:shutdownFollowerState(121)) - 9adf8f3f-00f4-442f-a7e9-ac686daae57d: shutdown FollowerState
2019-09-01 05:53:27,559 [Thread-4174] INFO  impl.RaftServerImpl (RaftServerImpl.java:setRole(171)) - 9adf8f3f-00f4-442f-a7e9-ac686daae57d:group-62A27AB5243B changes role from FOLLOWER to CANDIDATE at term 13 for changeToCandidate
2019-09-01 05:53:27,559 [Thread-4174] INFO  impl.RoleInfo (RoleInfo.java:updateAndGet(143)) - 9adf8f3f-00f4-442f-a7e9-ac686daae57d: start LeaderElection
2019-09-01 05:53:27,559 [9adf8f3f-00f4-442f-a7e9-ac686daae57d:group-62A27AB5243B:LeaderElection259] INFO  impl.RaftServerImpl (ServerState.java:setLeader(263)) - 9adf8f3f-00f4-442f-a7e9-ac686daae57d:group-62A27AB5243B change Leader from ce2be70a-d267-4ebc-abe0-fdcdf40aaae1 to null at term 13 for initElection
2019-09-01 05:53:27,610 [Thread-4170] INFO  impl.FollowerState (FollowerState.java:run(106)) - ad88f3b0-98a4-4e16-8300-c870fa2dd819:group-62A27AB5243B changes to CANDIDATE, lastRpcTime:1727, electionTimeout:1103ms
2019-09-01 05:53:27,610 [Thread-4170] INFO  impl.RoleInfo (RoleInfo.java:shutdownFollowerState(121)) - ad88f3b0-98a4-4e16-8300-c870fa2dd819: shutdown FollowerState
2019-09-01 05:53:27,610 [Thread-4170] INFO  impl.RaftServerImpl (RaftServerImpl.java:setRole(171)) - ad88f3b0-98a4-4e16-8300-c870fa2dd819:group-62A27AB5243B changes role from FOLLOWER to CANDIDATE at term 13 for changeToCandidate
2019-09-01 05:53:27,610 [Thread-4170] INFO  impl.RoleInfo (RoleInfo.java:updateAndGet(143)) - ad88f3b0-98a4-4e16-8300-c870fa2dd819: start LeaderElection
2019-09-01 05:53:27,611 [ad88f3b0-98a4-4e16-8300-c870fa2dd819:group-62A27AB5243B:LeaderElection260] INFO  impl.RaftServerImpl (ServerState.java:setLeader(263)) - ad88f3b0-98a4-4e16-8300-c870fa2dd819:group-62A27AB5243B change Leader from ce2be70a-d267-4ebc-abe0-fdcdf40aaae1 to null at term 13 for initElection
2019-09-01 05:53:28,454 [9adf8f3f-00f4-442f-a7e9-ac686daae57d:group-62A27AB5243B:LeaderElection259] INFO  impl.LeaderElection (LeaderElection.java:askForVotes(181)) - 9adf8f3f-00f4-442f-a7e9-ac686daae57d:group-62A27AB5243B:LeaderElection259: begin an election at term 14 for 0: [ce2be70a-d267-4ebc-abe0-fdcdf40aaae1:192.168.36.91:38648, 9adf8f3f-00f4-442f-a7e9-ac686daae57d:192.168.36.91:44931, ad88f3b0-98a4-4e16-8300-c870fa2dd819:192.168.36.91:34127], old=null
2019-09-01 05:53:28,454 [ad88f3b0-98a4-4e16-8300-c870fa2dd819:group-62A27AB5243B:LeaderElection260] INFO  impl.LeaderElection (LeaderElection.java:askForVotes(181)) - ad88f3b0-98a4-4e16-8300-c870fa2dd819:group-62A27AB5243B:LeaderElection260: begin an election at term 14 for 0: [ce2be70a-d267-4ebc-abe0-fdcdf40aaae1:192.168.36.91:38648, 9adf8f3f-00f4-442f-a7e9-ac686daae57d:192.168.36.91:44931, ad88f3b0-98a4-4e16-8300-c870fa2dd819:192.168.36.91:34127], old=null
2019-09-01 05:53:28,456 [ad88f3b0-98a4-4e16-8300-c870fa2dd819:group-62A27AB5243B:LeaderElection260] INFO  impl.LeaderElection (LogUtils.java:infoOrTrace(149)) - ad88f3b0-98a4-4e16-8300-c870fa2dd819:group-62A27AB5243B:LeaderElection260 got exception when requesting votes: {}
java.util.concurrent.ExecutionException: org.apache.ratis.thirdparty.io.grpc.StatusRuntimeException: UNAVAILABLE: io exception
	at java.util.concurrent.FutureTask.report(FutureTask.java:122)
	at java.util.concurrent.FutureTask.get(FutureTask.java:192)
	at org.apache.ratis.server.impl.LeaderElection.waitForResults(LeaderElection.java:262)
	at org.apache.ratis.server.impl.LeaderElection.askForVotes(LeaderElection.java:200)
	at org.apache.ratis.server.impl.LeaderElection.run(LeaderElection.java:130)
	at java.lang.Thread.run(Thread.java:748)
Caused by: org.apache.ratis.thirdparty.io.grpc.StatusRuntimeException: UNAVAILABLE: io exception
	at org.apache.ratis.thirdparty.io.grpc.stub.ClientCalls.toStatusRuntimeException(ClientCalls.java:233)
	at org.apache.ratis.thirdparty.io.grpc.stub.ClientCalls.getUnchecked(ClientCalls.java:214)
	at org.apache.ratis.thirdparty.io.grpc.stub.ClientCalls.blockingUnaryCall(ClientCalls.java:139)
	at org.apache.ratis.proto.grpc.RaftServerProtocolServiceGrpc$RaftServerProtocolServiceBlockingStub.requestVote(RaftServerProtocolServiceGrpc.java:265)
	at org.apache.ratis.grpc.server.GrpcServerProtocolClient.requestVote(GrpcServerProtocolClient.java:83)
	at org.apache.ratis.grpc.server.GrpcService.requestVote(GrpcService.java:195)
	at org.apache.ratis.server.impl.LeaderElection.lambda$submitRequests$1(LeaderElection.java:237)
	at java.util.concurrent.FutureTask.run(FutureTask.java:266)
	at java.util.concurrent.Executors$RunnableAdapter.call(Executors.java:511)
	at java.util.concurrent.FutureTask.run(FutureTask.java:266)
	at java.util.concurrent.ThreadPoolExecutor.runWorker(ThreadPoolExecutor.java:1149)
	at java.util.concurrent.ThreadPoolExecutor$Worker.run(ThreadPoolExecutor.java:624)
	... 1 more
Caused by: org.apache.ratis.thirdparty.io.netty.channel.AbstractChannel$AnnotatedConnectException: Connection refused: /192.168.36.91:38648
	at sun.nio.ch.SocketChannelImpl.checkConnect(Native Method)
	at sun.nio.ch.SocketChannelImpl.finishConnect(SocketChannelImpl.java:717)
	at org.apache.ratis.thirdparty.io.netty.channel.socket.nio.NioSocketChannel.doFinishConnect(NioSocketChannel.java:327)
	at org.apache.ratis.thirdparty.io.netty.channel.nio.AbstractNioChannel$AbstractNioUnsafe.finishConnect(AbstractNioChannel.java:340)
	at org.apache.ratis.thirdparty.io.netty.channel.nio.NioEventLoop.processSelectedKey(NioEventLoop.java:632)
	at org.apache.ratis.thirdparty.io.netty.channel.nio.NioEventLoop.processSelectedKeysOptimized(NioEventLoop.java:579)
	at org.apache.ratis.thirdparty.io.netty.channel.nio.NioEventLoop.processSelectedKeys(NioEventLoop.java:496)
	at org.apache.ratis.thirdparty.io.netty.channel.nio.NioEventLoop.run(NioEventLoop.java:458)
	at org.apache.ratis.thirdparty.io.netty.util.concurrent.SingleThreadEventExecutor$5.run(SingleThreadEventExecutor.java:897)
	at org.apache.ratis.thirdparty.io.netty.util.concurrent.FastThreadLocalRunnable.run(FastThreadLocalRunnable.java:30)
	... 1 more
Caused by: java.net.ConnectException: Connection refused
	... 11 more
2019-09-01 05:53:28,456 [9adf8f3f-00f4-442f-a7e9-ac686daae57d:group-62A27AB5243B:LeaderElection259] INFO  impl.LeaderElection (LogUtils.java:infoOrTrace(149)) - 9adf8f3f-00f4-442f-a7e9-ac686daae57d:group-62A27AB5243B:LeaderElection259 got exception when requesting votes: {}
java.util.concurrent.ExecutionException: org.apache.ratis.thirdparty.io.grpc.StatusRuntimeException: UNAVAILABLE: io exception
	at java.util.concurrent.FutureTask.report(FutureTask.java:122)
	at java.util.concurrent.FutureTask.get(FutureTask.java:192)
	at org.apache.ratis.server.impl.LeaderElection.waitForResults(LeaderElection.java:262)
	at org.apache.ratis.server.impl.LeaderElection.askForVotes(LeaderElection.java:200)
	at org.apache.ratis.server.impl.LeaderElection.run(LeaderElection.java:130)
	at java.lang.Thread.run(Thread.java:748)
Caused by: org.apache.ratis.thirdparty.io.grpc.StatusRuntimeException: UNAVAILABLE: io exception
	at org.apache.ratis.thirdparty.io.grpc.stub.ClientCalls.toStatusRuntimeException(ClientCalls.java:233)
	at org.apache.ratis.thirdparty.io.grpc.stub.ClientCalls.getUnchecked(ClientCalls.java:214)
	at org.apache.ratis.thirdparty.io.grpc.stub.ClientCalls.blockingUnaryCall(ClientCalls.java:139)
	at org.apache.ratis.proto.grpc.RaftServerProtocolServiceGrpc$RaftServerProtocolServiceBlockingStub.requestVote(RaftServerProtocolServiceGrpc.java:265)
	at org.apache.ratis.grpc.server.GrpcServerProtocolClient.requestVote(GrpcServerProtocolClient.java:83)
	at org.apache.ratis.grpc.server.GrpcService.requestVote(GrpcService.java:195)
	at org.apache.ratis.server.impl.LeaderElection.lambda$submitRequests$1(LeaderElection.java:237)
	at java.util.concurrent.FutureTask.run(FutureTask.java:266)
	at java.util.concurrent.Executors$RunnableAdapter.call(Executors.java:511)
	at java.util.concurrent.FutureTask.run(FutureTask.java:266)
	at java.util.concurrent.ThreadPoolExecutor.runWorker(ThreadPoolExecutor.java:1149)
	at java.util.concurrent.ThreadPoolExecutor$Worker.run(ThreadPoolExecutor.java:624)
	... 1 more
Caused by: org.apache.ratis.thirdparty.io.netty.channel.AbstractChannel$AnnotatedConnectException: Connection refused: /192.168.36.91:38648
	at sun.nio.ch.SocketChannelImpl.checkConnect(Native Method)
	at sun.nio.ch.SocketChannelImpl.finishConnect(SocketChannelImpl.java:717)
	at org.apache.ratis.thirdparty.io.netty.channel.socket.nio.NioSocketChannel.doFinishConnect(NioSocketChannel.java:327)
	at org.apache.ratis.thirdparty.io.netty.channel.nio.AbstractNioChannel$AbstractNioUnsafe.finishConnect(AbstractNioChannel.java:340)
	at org.apache.ratis.thirdparty.io.netty.channel.nio.NioEventLoop.processSelectedKey(NioEventLoop.java:632)
	at org.apache.ratis.thirdparty.io.netty.channel.nio.NioEventLoop.processSelectedKeysOptimized(NioEventLoop.java:579)
	at org.apache.ratis.thirdparty.io.netty.channel.nio.NioEventLoop.processSelectedKeys(NioEventLoop.java:496)
	at org.apache.ratis.thirdparty.io.netty.channel.nio.NioEventLoop.run(NioEventLoop.java:458)
	at org.apache.ratis.thirdparty.io.netty.util.concurrent.SingleThreadEventExecutor$5.run(SingleThreadEventExecutor.java:897)
	at org.apache.ratis.thirdparty.io.netty.util.concurrent.FastThreadLocalRunnable.run(FastThreadLocalRunnable.java:30)
	... 1 more
Caused by: java.net.ConnectException: Connection refused
	... 11 more
2019-09-01 05:53:28,457 [ad88f3b0-98a4-4e16-8300-c870fa2dd819:group-62A27AB5243B:LeaderElection260] INFO  impl.LeaderElection (LeaderElection.java:logAndReturn(56)) - ad88f3b0-98a4-4e16-8300-c870fa2dd819:group-62A27AB5243B:LeaderElection260: Election REJECTED; received 1 response(s) [ad88f3b0-98a4-4e16-8300-c870fa2dd819<-9adf8f3f-00f4-442f-a7e9-ac686daae57d#0:FAIL-t14] and 1 exception(s); ad88f3b0-98a4-4e16-8300-c870fa2dd819:t14, leader=null, voted=ad88f3b0-98a4-4e16-8300-c870fa2dd819, raftlog=ad88f3b0-98a4-4e16-8300-c870fa2dd819-SegmentedRaftLog:OPENED:c0,f0,i0, conf=0: [ce2be70a-d267-4ebc-abe0-fdcdf40aaae1:192.168.36.91:38648, 9adf8f3f-00f4-442f-a7e9-ac686daae57d:192.168.36.91:44931, ad88f3b0-98a4-4e16-8300-c870fa2dd819:192.168.36.91:34127], old=null
2019-09-01 05:53:28,457 [9adf8f3f-00f4-442f-a7e9-ac686daae57d:group-62A27AB5243B:LeaderElection259] INFO  impl.LeaderElection (LeaderElection.java:logAndReturn(56)) - 9adf8f3f-00f4-442f-a7e9-ac686daae57d:group-62A27AB5243B:LeaderElection259: Election REJECTED; received 1 response(s) [9adf8f3f-00f4-442f-a7e9-ac686daae57d<-ad88f3b0-98a4-4e16-8300-c870fa2dd819#0:FAIL-t14] and 1 exception(s); 9adf8f3f-00f4-442f-a7e9-ac686daae57d:t14, leader=null, voted=9adf8f3f-00f4-442f-a7e9-ac686daae57d, raftlog=9adf8f3f-00f4-442f-a7e9-ac686daae57d-SegmentedRaftLog:OPENED:c0,f0,i0, conf=0: [ce2be70a-d267-4ebc-abe0-fdcdf40aaae1:192.168.36.91:38648, 9adf8f3f-00f4-442f-a7e9-ac686daae57d:192.168.36.91:44931, ad88f3b0-98a4-4e16-8300-c870fa2dd819:192.168.36.91:34127], old=null
2019-09-01 05:53:28,457 [ad88f3b0-98a4-4e16-8300-c870fa2dd819:group-62A27AB5243B:LeaderElection260] INFO  impl.LeaderElection (LogUtils.java:infoOrTrace(149)) -   Exception 0: {}
java.util.concurrent.ExecutionException: org.apache.ratis.thirdparty.io.grpc.StatusRuntimeException: UNAVAILABLE: io exception
	at java.util.concurrent.FutureTask.report(FutureTask.java:122)
	at java.util.concurrent.FutureTask.get(FutureTask.java:192)
	at org.apache.ratis.server.impl.LeaderElection.waitForResults(LeaderElection.java:262)
	at org.apache.ratis.server.impl.LeaderElection.askForVotes(LeaderElection.java:200)
	at org.apache.ratis.server.impl.LeaderElection.run(LeaderElection.java:130)
	at java.lang.Thread.run(Thread.java:748)
Caused by: org.apache.ratis.thirdparty.io.grpc.StatusRuntimeException: UNAVAILABLE: io exception
	at org.apache.ratis.thirdparty.io.grpc.stub.ClientCalls.toStatusRuntimeException(ClientCalls.java:233)
	at org.apache.ratis.thirdparty.io.grpc.stub.ClientCalls.getUnchecked(ClientCalls.java:214)
	at org.apache.ratis.thirdparty.io.grpc.stub.ClientCalls.blockingUnaryCall(ClientCalls.java:139)
	at org.apache.ratis.proto.grpc.RaftServerProtocolServiceGrpc$RaftServerProtocolServiceBlockingStub.requestVote(RaftServerProtocolServiceGrpc.java:265)
	at org.apache.ratis.grpc.server.GrpcServerProtocolClient.requestVote(GrpcServerProtocolClient.java:83)
	at org.apache.ratis.grpc.server.GrpcService.requestVote(GrpcService.java:195)
	at org.apache.ratis.server.impl.LeaderElection.lambda$submitRequests$1(LeaderElection.java:237)
	at java.util.concurrent.FutureTask.run(FutureTask.java:266)
	at java.util.concurrent.Executors$RunnableAdapter.call(Executors.java:511)
	at java.util.concurrent.FutureTask.run(FutureTask.java:266)
	at java.util.concurrent.ThreadPoolExecutor.runWorker(ThreadPoolExecutor.java:1149)
	at java.util.concurrent.ThreadPoolExecutor$Worker.run(ThreadPoolExecutor.java:624)
	... 1 more
Caused by: org.apache.ratis.thirdparty.io.netty.channel.AbstractChannel$AnnotatedConnectException: Connection refused: /192.168.36.91:38648
	at sun.nio.ch.SocketChannelImpl.checkConnect(Native Method)
	at sun.nio.ch.SocketChannelImpl.finishConnect(SocketChannelImpl.java:717)
	at org.apache.ratis.thirdparty.io.netty.channel.socket.nio.NioSocketChannel.doFinishConnect(NioSocketChannel.java:327)
	at org.apache.ratis.thirdparty.io.netty.channel.nio.AbstractNioChannel$AbstractNioUnsafe.finishConnect(AbstractNioChannel.java:340)
	at org.apache.ratis.thirdparty.io.netty.channel.nio.NioEventLoop.processSelectedKey(NioEventLoop.java:632)
	at org.apache.ratis.thirdparty.io.netty.channel.nio.NioEventLoop.processSelectedKeysOptimized(NioEventLoop.java:579)
	at org.apache.ratis.thirdparty.io.netty.channel.nio.NioEventLoop.processSelectedKeys(NioEventLoop.java:496)
	at org.apache.ratis.thirdparty.io.netty.channel.nio.NioEventLoop.run(NioEventLoop.java:458)
	at org.apache.ratis.thirdparty.io.netty.util.concurrent.SingleThreadEventExecutor$5.run(SingleThreadEventExecutor.java:897)
	at org.apache.ratis.thirdparty.io.netty.util.concurrent.FastThreadLocalRunnable.run(FastThreadLocalRunnable.java:30)
	... 1 more
Caused by: java.net.ConnectException: Connection refused
	... 11 more
2019-09-01 05:53:28,457 [9adf8f3f-00f4-442f-a7e9-ac686daae57d:group-62A27AB5243B:LeaderElection259] INFO  impl.LeaderElection (LogUtils.java:infoOrTrace(149)) -   Exception 0: {}
java.util.concurrent.ExecutionException: org.apache.ratis.thirdparty.io.grpc.StatusRuntimeException: UNAVAILABLE: io exception
	at java.util.concurrent.FutureTask.report(FutureTask.java:122)
	at java.util.concurrent.FutureTask.get(FutureTask.java:192)
	at org.apache.ratis.server.impl.LeaderElection.waitForResults(LeaderElection.java:262)
	at org.apache.ratis.server.impl.LeaderElection.askForVotes(LeaderElection.java:200)
	at org.apache.ratis.server.impl.LeaderElection.run(LeaderElection.java:130)
	at java.lang.Thread.run(Thread.java:748)
Caused by: org.apache.ratis.thirdparty.io.grpc.StatusRuntimeException: UNAVAILABLE: io exception
	at org.apache.ratis.thirdparty.io.grpc.stub.ClientCalls.toStatusRuntimeException(ClientCalls.java:233)
	at org.apache.ratis.thirdparty.io.grpc.stub.ClientCalls.getUnchecked(ClientCalls.java:214)
	at org.apache.ratis.thirdparty.io.grpc.stub.ClientCalls.blockingUnaryCall(ClientCalls.java:139)
	at org.apache.ratis.proto.grpc.RaftServerProtocolServiceGrpc$RaftServerProtocolServiceBlockingStub.requestVote(RaftServerProtocolServiceGrpc.java:265)
	at org.apache.ratis.grpc.server.GrpcServerProtocolClient.requestVote(GrpcServerProtocolClient.java:83)
	at org.apache.ratis.grpc.server.GrpcService.requestVote(GrpcService.java:195)
	at org.apache.ratis.server.impl.LeaderElection.lambda$submitRequests$1(LeaderElection.java:237)
	at java.util.concurrent.FutureTask.run(FutureTask.java:266)
	at java.util.concurrent.Executors$RunnableAdapter.call(Executors.java:511)
	at java.util.concurrent.FutureTask.run(FutureTask.java:266)
	at java.util.concurrent.ThreadPoolExecutor.runWorker(ThreadPoolExecutor.java:1149)
	at java.util.concurrent.ThreadPoolExecutor$Worker.run(ThreadPoolExecutor.java:624)
	... 1 more
Caused by: org.apache.ratis.thirdparty.io.netty.channel.AbstractChannel$AnnotatedConnectException: Connection refused: /192.168.36.91:38648
	at sun.nio.ch.SocketChannelImpl.checkConnect(Native Method)
	at sun.nio.ch.SocketChannelImpl.finishConnect(SocketChannelImpl.java:717)
	at org.apache.ratis.thirdparty.io.netty.channel.socket.nio.NioSocketChannel.doFinishConnect(NioSocketChannel.java:327)
	at org.apache.ratis.thirdparty.io.netty.channel.nio.AbstractNioChannel$AbstractNioUnsafe.finishConnect(AbstractNioChannel.java:340)
	at org.apache.ratis.thirdparty.io.netty.channel.nio.NioEventLoop.processSelectedKey(NioEventLoop.java:632)
	at org.apache.ratis.thirdparty.io.netty.channel.nio.NioEventLoop.processSelectedKeysOptimized(NioEventLoop.java:579)
	at org.apache.ratis.thirdparty.io.netty.channel.nio.NioEventLoop.processSelectedKeys(NioEventLoop.java:496)
	at org.apache.ratis.thirdparty.io.netty.channel.nio.NioEventLoop.run(NioEventLoop.java:458)
	at org.apache.ratis.thirdparty.io.netty.util.concurrent.SingleThreadEventExecutor$5.run(SingleThreadEventExecutor.java:897)
	at org.apache.ratis.thirdparty.io.netty.util.concurrent.FastThreadLocalRunnable.run(FastThreadLocalRunnable.java:30)
	... 1 more
Caused by: java.net.ConnectException: Connection refused
	... 11 more
2019-09-01 05:53:28,457 [ad88f3b0-98a4-4e16-8300-c870fa2dd819:group-62A27AB5243B:LeaderElection260] INFO  impl.RaftServerImpl (RaftServerImpl.java:setRole(171)) - ad88f3b0-98a4-4e16-8300-c870fa2dd819:group-62A27AB5243B changes role from CANDIDATE to FOLLOWER at term 14 for DISCOVERED_A_NEW_TERM
2019-09-01 05:53:28,458 [ad88f3b0-98a4-4e16-8300-c870fa2dd819:group-62A27AB5243B:LeaderElection260] INFO  impl.RoleInfo (RoleInfo.java:shutdownLeaderElection(134)) - ad88f3b0-98a4-4e16-8300-c870fa2dd819: shutdown LeaderElection
2019-09-01 05:53:28,458 [9adf8f3f-00f4-442f-a7e9-ac686daae57d:group-62A27AB5243B:LeaderElection259] INFO  impl.RaftServerImpl (RaftServerImpl.java:setRole(171)) - 9adf8f3f-00f4-442f-a7e9-ac686daae57d:group-62A27AB5243B changes role from CANDIDATE to FOLLOWER at term 14 for DISCOVERED_A_NEW_TERM
2019-09-01 05:53:28,458 [ad88f3b0-98a4-4e16-8300-c870fa2dd819:group-62A27AB5243B:LeaderElection260] INFO  impl.RoleInfo (RoleInfo.java:updateAndGet(143)) - ad88f3b0-98a4-4e16-8300-c870fa2dd819: start FollowerState
2019-09-01 05:53:28,458 [9adf8f3f-00f4-442f-a7e9-ac686daae57d:group-62A27AB5243B:LeaderElection259] INFO  impl.RoleInfo (RoleInfo.java:shutdownLeaderElection(134)) - 9adf8f3f-00f4-442f-a7e9-ac686daae57d: shutdown LeaderElection
2019-09-01 05:53:28,458 [9adf8f3f-00f4-442f-a7e9-ac686daae57d:group-62A27AB5243B:LeaderElection259] INFO  impl.RoleInfo (RoleInfo.java:updateAndGet(143)) - 9adf8f3f-00f4-442f-a7e9-ac686daae57d: start FollowerState
2019-09-01 05:53:29,472 [Thread-4258] INFO  impl.FollowerState (FollowerState.java:run(106)) - ad88f3b0-98a4-4e16-8300-c870fa2dd819:group-62A27AB5243B changes to CANDIDATE, lastRpcTime:1013, electionTimeout:1013ms
2019-09-01 05:53:29,472 [Thread-4258] INFO  impl.RoleInfo (RoleInfo.java:shutdownFollowerState(121)) - ad88f3b0-98a4-4e16-8300-c870fa2dd819: shutdown FollowerState
2019-09-01 05:53:29,472 [Thread-4258] INFO  impl.RaftServerImpl (RaftServerImpl.java:setRole(171)) - ad88f3b0-98a4-4e16-8300-c870fa2dd819:group-62A27AB5243B changes role from FOLLOWER to CANDIDATE at term 14 for changeToCandidate
2019-09-01 05:53:29,472 [Thread-4258] INFO  impl.RoleInfo (RoleInfo.java:updateAndGet(143)) - ad88f3b0-98a4-4e16-8300-c870fa2dd819: start LeaderElection
2019-09-01 05:53:29,490 [Thread-4259] INFO  impl.FollowerState (FollowerState.java:run(106)) - 9adf8f3f-00f4-442f-a7e9-ac686daae57d:group-62A27AB5243B changes to CANDIDATE, lastRpcTime:1031, electionTimeout:1031ms
2019-09-01 05:53:29,490 [Thread-4259] INFO  impl.RoleInfo (RoleInfo.java:shutdownFollowerState(121)) - 9adf8f3f-00f4-442f-a7e9-ac686daae57d: shutdown FollowerState
2019-09-01 05:53:29,490 [Thread-4259] INFO  impl.RaftServerImpl (RaftServerImpl.java:setRole(171)) - 9adf8f3f-00f4-442f-a7e9-ac686daae57d:group-62A27AB5243B changes role from FOLLOWER to CANDIDATE at term 14 for changeToCandidate
2019-09-01 05:53:29,490 [Thread-4259] INFO  impl.RoleInfo (RoleInfo.java:updateAndGet(143)) - 9adf8f3f-00f4-442f-a7e9-ac686daae57d: start LeaderElection
2019-09-01 05:53:29,730 [ad88f3b0-98a4-4e16-8300-c870fa2dd819:group-62A27AB5243B:LeaderElection261] INFO  impl.LeaderElection (LeaderElection.java:askForVotes(181)) - ad88f3b0-98a4-4e16-8300-c870fa2dd819:group-62A27AB5243B:LeaderElection261: begin an election at term 15 for 0: [ce2be70a-d267-4ebc-abe0-fdcdf40aaae1:192.168.36.91:38648, 9adf8f3f-00f4-442f-a7e9-ac686daae57d:192.168.36.91:44931, ad88f3b0-98a4-4e16-8300-c870fa2dd819:192.168.36.91:34127], old=null
2019-09-01 05:53:29,730 [9adf8f3f-00f4-442f-a7e9-ac686daae57d:group-62A27AB5243B:LeaderElection262] INFO  impl.LeaderElection (LeaderElection.java:askForVotes(181)) - 9adf8f3f-00f4-442f-a7e9-ac686daae57d:group-62A27AB5243B:LeaderElection262: begin an election at term 15 for 0: [ce2be70a-d267-4ebc-abe0-fdcdf40aaae1:192.168.36.91:38648, 9adf8f3f-00f4-442f-a7e9-ac686daae57d:192.168.36.91:44931, ad88f3b0-98a4-4e16-8300-c870fa2dd819:192.168.36.91:34127], old=null
2019-09-01 05:53:29,732 [ad88f3b0-98a4-4e16-8300-c870fa2dd819:group-62A27AB5243B:LeaderElection261] INFO  impl.LeaderElection (LogUtils.java:infoOrTrace(149)) - ad88f3b0-98a4-4e16-8300-c870fa2dd819:group-62A27AB5243B:LeaderElection261 got exception when requesting votes: {}
java.util.concurrent.ExecutionException: org.apache.ratis.thirdparty.io.grpc.StatusRuntimeException: UNAVAILABLE: io exception
	at java.util.concurrent.FutureTask.report(FutureTask.java:122)
	at java.util.concurrent.FutureTask.get(FutureTask.java:192)
	at org.apache.ratis.server.impl.LeaderElection.waitForResults(LeaderElection.java:262)
	at org.apache.ratis.server.impl.LeaderElection.askForVotes(LeaderElection.java:200)
	at org.apache.ratis.server.impl.LeaderElection.run(LeaderElection.java:130)
	at java.lang.Thread.run(Thread.java:748)
Caused by: org.apache.ratis.thirdparty.io.grpc.StatusRuntimeException: UNAVAILABLE: io exception
	at org.apache.ratis.thirdparty.io.grpc.stub.ClientCalls.toStatusRuntimeException(ClientCalls.java:233)
	at org.apache.ratis.thirdparty.io.grpc.stub.ClientCalls.getUnchecked(ClientCalls.java:214)
	at org.apache.ratis.thirdparty.io.grpc.stub.ClientCalls.blockingUnaryCall(ClientCalls.java:139)
	at org.apache.ratis.proto.grpc.RaftServerProtocolServiceGrpc$RaftServerProtocolServiceBlockingStub.requestVote(RaftServerProtocolServiceGrpc.java:265)
	at org.apache.ratis.grpc.server.GrpcServerProtocolClient.requestVote(GrpcServerProtocolClient.java:83)
	at org.apache.ratis.grpc.server.GrpcService.requestVote(GrpcService.java:195)
	at org.apache.ratis.server.impl.LeaderElection.lambda$submitRequests$1(LeaderElection.java:237)
	at java.util.concurrent.FutureTask.run(FutureTask.java:266)
	at java.util.concurrent.Executors$RunnableAdapter.call(Executors.java:511)
	at java.util.concurrent.FutureTask.run(FutureTask.java:266)
	at java.util.concurrent.ThreadPoolExecutor.runWorker(ThreadPoolExecutor.java:1149)
	at java.util.concurrent.ThreadPoolExecutor$Worker.run(ThreadPoolExecutor.java:624)
	... 1 more
Caused by: org.apache.ratis.thirdparty.io.netty.channel.AbstractChannel$AnnotatedConnectException: Connection refused: /192.168.36.91:38648
	at sun.nio.ch.SocketChannelImpl.checkConnect(Native Method)
	at sun.nio.ch.SocketChannelImpl.finishConnect(SocketChannelImpl.java:717)
	at org.apache.ratis.thirdparty.io.netty.channel.socket.nio.NioSocketChannel.doFinishConnect(NioSocketChannel.java:327)
	at org.apache.ratis.thirdparty.io.netty.channel.nio.AbstractNioChannel$AbstractNioUnsafe.finishConnect(AbstractNioChannel.java:340)
	at org.apache.ratis.thirdparty.io.netty.channel.nio.NioEventLoop.processSelectedKey(NioEventLoop.java:632)
	at org.apache.ratis.thirdparty.io.netty.channel.nio.NioEventLoop.processSelectedKeysOptimized(NioEventLoop.java:579)
	at org.apache.ratis.thirdparty.io.netty.channel.nio.NioEventLoop.processSelectedKeys(NioEventLoop.java:496)
	at org.apache.ratis.thirdparty.io.netty.channel.nio.NioEventLoop.run(NioEventLoop.java:458)
	at org.apache.ratis.thirdparty.io.netty.util.concurrent.SingleThreadEventExecutor$5.run(SingleThreadEventExecutor.java:897)
	at org.apache.ratis.thirdparty.io.netty.util.concurrent.FastThreadLocalRunnable.run(FastThreadLocalRunnable.java:30)
	... 1 more
Caused by: java.net.ConnectException: Connection refused
	... 11 more
2019-09-01 05:53:29,732 [9adf8f3f-00f4-442f-a7e9-ac686daae57d:group-62A27AB5243B:LeaderElection262] INFO  impl.LeaderElection (LogUtils.java:infoOrTrace(149)) - 9adf8f3f-00f4-442f-a7e9-ac686daae57d:group-62A27AB5243B:LeaderElection262 got exception when requesting votes: {}
java.util.concurrent.ExecutionException: org.apache.ratis.thirdparty.io.grpc.StatusRuntimeException: UNAVAILABLE: io exception
	at java.util.concurrent.FutureTask.report(FutureTask.java:122)
	at java.util.concurrent.FutureTask.get(FutureTask.java:192)
	at org.apache.ratis.server.impl.LeaderElection.waitForResults(LeaderElection.java:262)
	at org.apache.ratis.server.impl.LeaderElection.askForVotes(LeaderElection.java:200)
	at org.apache.ratis.server.impl.LeaderElection.run(LeaderElection.java:130)
	at java.lang.Thread.run(Thread.java:748)
Caused by: org.apache.ratis.thirdparty.io.grpc.StatusRuntimeException: UNAVAILABLE: io exception
	at org.apache.ratis.thirdparty.io.grpc.stub.ClientCalls.toStatusRuntimeException(ClientCalls.java:233)
	at org.apache.ratis.thirdparty.io.grpc.stub.ClientCalls.getUnchecked(ClientCalls.java:214)
	at org.apache.ratis.thirdparty.io.grpc.stub.ClientCalls.blockingUnaryCall(ClientCalls.java:139)
	at org.apache.ratis.proto.grpc.RaftServerProtocolServiceGrpc$RaftServerProtocolServiceBlockingStub.requestVote(RaftServerProtocolServiceGrpc.java:265)
	at org.apache.ratis.grpc.server.GrpcServerProtocolClient.requestVote(GrpcServerProtocolClient.java:83)
	at org.apache.ratis.grpc.server.GrpcService.requestVote(GrpcService.java:195)
	at org.apache.ratis.server.impl.LeaderElection.lambda$submitRequests$1(LeaderElection.java:237)
	at java.util.concurrent.FutureTask.run(FutureTask.java:266)
	at java.util.concurrent.Executors$RunnableAdapter.call(Executors.java:511)
	at java.util.concurrent.FutureTask.run(FutureTask.java:266)
	at java.util.concurrent.ThreadPoolExecutor.runWorker(ThreadPoolExecutor.java:1149)
	at java.util.concurrent.ThreadPoolExecutor$Worker.run(ThreadPoolExecutor.java:624)
	... 1 more
Caused by: org.apache.ratis.thirdparty.io.netty.channel.AbstractChannel$AnnotatedConnectException: Connection refused: /192.168.36.91:38648
	at sun.nio.ch.SocketChannelImpl.checkConnect(Native Method)
	at sun.nio.ch.SocketChannelImpl.finishConnect(SocketChannelImpl.java:717)
	at org.apache.ratis.thirdparty.io.netty.channel.socket.nio.NioSocketChannel.doFinishConnect(NioSocketChannel.java:327)
	at org.apache.ratis.thirdparty.io.netty.channel.nio.AbstractNioChannel$AbstractNioUnsafe.finishConnect(AbstractNioChannel.java:340)
	at org.apache.ratis.thirdparty.io.netty.channel.nio.NioEventLoop.processSelectedKey(NioEventLoop.java:632)
	at org.apache.ratis.thirdparty.io.netty.channel.nio.NioEventLoop.processSelectedKeysOptimized(NioEventLoop.java:579)
	at org.apache.ratis.thirdparty.io.netty.channel.nio.NioEventLoop.processSelectedKeys(NioEventLoop.java:496)
	at org.apache.ratis.thirdparty.io.netty.channel.nio.NioEventLoop.run(NioEventLoop.java:458)
	at org.apache.ratis.thirdparty.io.netty.util.concurrent.SingleThreadEventExecutor$5.run(SingleThreadEventExecutor.java:897)
	at org.apache.ratis.thirdparty.io.netty.util.concurrent.FastThreadLocalRunnable.run(FastThreadLocalRunnable.java:30)
	... 1 more
Caused by: java.net.ConnectException: Connection refused
	... 11 more
2019-09-01 05:53:29,734 [ad88f3b0-98a4-4e16-8300-c870fa2dd819:group-62A27AB5243B:LeaderElection261] INFO  impl.LeaderElection (LeaderElection.java:logAndReturn(56)) - ad88f3b0-98a4-4e16-8300-c870fa2dd819:group-62A27AB5243B:LeaderElection261: Election REJECTED; received 1 response(s) [ad88f3b0-98a4-4e16-8300-c870fa2dd819<-9adf8f3f-00f4-442f-a7e9-ac686daae57d#0:FAIL-t15] and 1 exception(s); ad88f3b0-98a4-4e16-8300-c870fa2dd819:t15, leader=null, voted=ad88f3b0-98a4-4e16-8300-c870fa2dd819, raftlog=ad88f3b0-98a4-4e16-8300-c870fa2dd819-SegmentedRaftLog:OPENED:c0,f0,i0, conf=0: [ce2be70a-d267-4ebc-abe0-fdcdf40aaae1:192.168.36.91:38648, 9adf8f3f-00f4-442f-a7e9-ac686daae57d:192.168.36.91:44931, ad88f3b0-98a4-4e16-8300-c870fa2dd819:192.168.36.91:34127], old=null
2019-09-01 05:53:29,734 [9adf8f3f-00f4-442f-a7e9-ac686daae57d:group-62A27AB5243B:LeaderElection262] INFO  impl.LeaderElection (LeaderElection.java:logAndReturn(56)) - 9adf8f3f-00f4-442f-a7e9-ac686daae57d:group-62A27AB5243B:LeaderElection262: Election REJECTED; received 1 response(s) [9adf8f3f-00f4-442f-a7e9-ac686daae57d<-ad88f3b0-98a4-4e16-8300-c870fa2dd819#0:FAIL-t15] and 1 exception(s); 9adf8f3f-00f4-442f-a7e9-ac686daae57d:t15, leader=null, voted=9adf8f3f-00f4-442f-a7e9-ac686daae57d, raftlog=9adf8f3f-00f4-442f-a7e9-ac686daae57d-SegmentedRaftLog:OPENED:c0,f0,i0, conf=0: [ce2be70a-d267-4ebc-abe0-fdcdf40aaae1:192.168.36.91:38648, 9adf8f3f-00f4-442f-a7e9-ac686daae57d:192.168.36.91:44931, ad88f3b0-98a4-4e16-8300-c870fa2dd819:192.168.36.91:34127], old=null
2019-09-01 05:53:29,734 [ad88f3b0-98a4-4e16-8300-c870fa2dd819:group-62A27AB5243B:LeaderElection261] INFO  impl.LeaderElection (LogUtils.java:infoOrTrace(149)) -   Exception 0: {}
java.util.concurrent.ExecutionException: org.apache.ratis.thirdparty.io.grpc.StatusRuntimeException: UNAVAILABLE: io exception
	at java.util.concurrent.FutureTask.report(FutureTask.java:122)
	at java.util.concurrent.FutureTask.get(FutureTask.java:192)
	at org.apache.ratis.server.impl.LeaderElection.waitForResults(LeaderElection.java:262)
	at org.apache.ratis.server.impl.LeaderElection.askForVotes(LeaderElection.java:200)
	at org.apache.ratis.server.impl.LeaderElection.run(LeaderElection.java:130)
	at java.lang.Thread.run(Thread.java:748)
Caused by: org.apache.ratis.thirdparty.io.grpc.StatusRuntimeException: UNAVAILABLE: io exception
	at org.apache.ratis.thirdparty.io.grpc.stub.ClientCalls.toStatusRuntimeException(ClientCalls.java:233)
	at org.apache.ratis.thirdparty.io.grpc.stub.ClientCalls.getUnchecked(ClientCalls.java:214)
	at org.apache.ratis.thirdparty.io.grpc.stub.ClientCalls.blockingUnaryCall(ClientCalls.java:139)
	at org.apache.ratis.proto.grpc.RaftServerProtocolServiceGrpc$RaftServerProtocolServiceBlockingStub.requestVote(RaftServerProtocolServiceGrpc.java:265)
	at org.apache.ratis.grpc.server.GrpcServerProtocolClient.requestVote(GrpcServerProtocolClient.java:83)
	at org.apache.ratis.grpc.server.GrpcService.requestVote(GrpcService.java:195)
	at org.apache.ratis.server.impl.LeaderElection.lambda$submitRequests$1(LeaderElection.java:237)
	at java.util.concurrent.FutureTask.run(FutureTask.java:266)
	at java.util.concurrent.Executors$RunnableAdapter.call(Executors.java:511)
	at java.util.concurrent.FutureTask.run(FutureTask.java:266)
	at java.util.concurrent.ThreadPoolExecutor.runWorker(ThreadPoolExecutor.java:1149)
	at java.util.concurrent.ThreadPoolExecutor$Worker.run(ThreadPoolExecutor.java:624)
	... 1 more
Caused by: org.apache.ratis.thirdparty.io.netty.channel.AbstractChannel$AnnotatedConnectException: Connection refused: /192.168.36.91:38648
	at sun.nio.ch.SocketChannelImpl.checkConnect(Native Method)
	at sun.nio.ch.SocketChannelImpl.finishConnect(SocketChannelImpl.java:717)
	at org.apache.ratis.thirdparty.io.netty.channel.socket.nio.NioSocketChannel.doFinishConnect(NioSocketChannel.java:327)
	at org.apache.ratis.thirdparty.io.netty.channel.nio.AbstractNioChannel$AbstractNioUnsafe.finishConnect(AbstractNioChannel.java:340)
	at org.apache.ratis.thirdparty.io.netty.channel.nio.NioEventLoop.processSelectedKey(NioEventLoop.java:632)
	at org.apache.ratis.thirdparty.io.netty.channel.nio.NioEventLoop.processSelectedKeysOptimized(NioEventLoop.java:579)
	at org.apache.ratis.thirdparty.io.netty.channel.nio.NioEventLoop.processSelectedKeys(NioEventLoop.java:496)
	at org.apache.ratis.thirdparty.io.netty.channel.nio.NioEventLoop.run(NioEventLoop.java:458)
	at org.apache.ratis.thirdparty.io.netty.util.concurrent.SingleThreadEventExecutor$5.run(SingleThreadEventExecutor.java:897)
	at org.apache.ratis.thirdparty.io.netty.util.concurrent.FastThreadLocalRunnable.run(FastThreadLocalRunnable.java:30)
	... 1 more
Caused by: java.net.ConnectException: Connection refused
	... 11 more
2019-09-01 05:53:29,734 [9adf8f3f-00f4-442f-a7e9-ac686daae57d:group-62A27AB5243B:LeaderElection262] INFO  impl.LeaderElection (LogUtils.java:infoOrTrace(149)) -   Exception 0: {}
java.util.concurrent.ExecutionException: org.apache.ratis.thirdparty.io.grpc.StatusRuntimeException: UNAVAILABLE: io exception
	at java.util.concurrent.FutureTask.report(FutureTask.java:122)
	at java.util.concurrent.FutureTask.get(FutureTask.java:192)
	at org.apache.ratis.server.impl.LeaderElection.waitForResults(LeaderElection.java:262)
	at org.apache.ratis.server.impl.LeaderElection.askForVotes(LeaderElection.java:200)
	at org.apache.ratis.server.impl.LeaderElection.run(LeaderElection.java:130)
	at java.lang.Thread.run(Thread.java:748)
Caused by: org.apache.ratis.thirdparty.io.grpc.StatusRuntimeException: UNAVAILABLE: io exception
	at org.apache.ratis.thirdparty.io.grpc.stub.ClientCalls.toStatusRuntimeException(ClientCalls.java:233)
	at org.apache.ratis.thirdparty.io.grpc.stub.ClientCalls.getUnchecked(ClientCalls.java:214)
	at org.apache.ratis.thirdparty.io.grpc.stub.ClientCalls.blockingUnaryCall(ClientCalls.java:139)
	at org.apache.ratis.proto.grpc.RaftServerProtocolServiceGrpc$RaftServerProtocolServiceBlockingStub.requestVote(RaftServerProtocolServiceGrpc.java:265)
	at org.apache.ratis.grpc.server.GrpcServerProtocolClient.requestVote(GrpcServerProtocolClient.java:83)
	at org.apache.ratis.grpc.server.GrpcService.requestVote(GrpcService.java:195)
	at org.apache.ratis.server.impl.LeaderElection.lambda$submitRequests$1(LeaderElection.java:237)
	at java.util.concurrent.FutureTask.run(FutureTask.java:266)
	at java.util.concurrent.Executors$RunnableAdapter.call(Executors.java:511)
	at java.util.concurrent.FutureTask.run(FutureTask.java:266)
	at java.util.concurrent.ThreadPoolExecutor.runWorker(ThreadPoolExecutor.java:1149)
	at java.util.concurrent.ThreadPoolExecutor$Worker.run(ThreadPoolExecutor.java:624)
	... 1 more
Caused by: org.apache.ratis.thirdparty.io.netty.channel.AbstractChannel$AnnotatedConnectException: Connection refused: /192.168.36.91:38648
	at sun.nio.ch.SocketChannelImpl.checkConnect(Native Method)
	at sun.nio.ch.SocketChannelImpl.finishConnect(SocketChannelImpl.java:717)
	at org.apache.ratis.thirdparty.io.netty.channel.socket.nio.NioSocketChannel.doFinishConnect(NioSocketChannel.java:327)
	at org.apache.ratis.thirdparty.io.netty.channel.nio.AbstractNioChannel$AbstractNioUnsafe.finishConnect(AbstractNioChannel.java:340)
	at org.apache.ratis.thirdparty.io.netty.channel.nio.NioEventLoop.processSelectedKey(NioEventLoop.java:632)
	at org.apache.ratis.thirdparty.io.netty.channel.nio.NioEventLoop.processSelectedKeysOptimized(NioEventLoop.java:579)
	at org.apache.ratis.thirdparty.io.netty.channel.nio.NioEventLoop.processSelectedKeys(NioEventLoop.java:496)
	at org.apache.ratis.thirdparty.io.netty.channel.nio.NioEventLoop.run(NioEventLoop.java:458)
	at org.apache.ratis.thirdparty.io.netty.util.concurrent.SingleThreadEventExecutor$5.run(SingleThreadEventExecutor.java:897)
	at org.apache.ratis.thirdparty.io.netty.util.concurrent.FastThreadLocalRunnable.run(FastThreadLocalRunnable.java:30)
	... 1 more
Caused by: java.net.ConnectException: Connection refused
	... 11 more
2019-09-01 05:53:29,735 [ad88f3b0-98a4-4e16-8300-c870fa2dd819:group-62A27AB5243B:LeaderElection261] INFO  impl.RaftServerImpl (RaftServerImpl.java:setRole(171)) - ad88f3b0-98a4-4e16-8300-c870fa2dd819:group-62A27AB5243B changes role from CANDIDATE to FOLLOWER at term 15 for DISCOVERED_A_NEW_TERM
2019-09-01 05:53:29,735 [9adf8f3f-00f4-442f-a7e9-ac686daae57d:group-62A27AB5243B:LeaderElection262] INFO  impl.RaftServerImpl (RaftServerImpl.java:setRole(171)) - 9adf8f3f-00f4-442f-a7e9-ac686daae57d:group-62A27AB5243B changes role from CANDIDATE to FOLLOWER at term 15 for DISCOVERED_A_NEW_TERM
2019-09-01 05:53:29,735 [ad88f3b0-98a4-4e16-8300-c870fa2dd819:group-62A27AB5243B:LeaderElection261] INFO  impl.RoleInfo (RoleInfo.java:shutdownLeaderElection(134)) - ad88f3b0-98a4-4e16-8300-c870fa2dd819: shutdown LeaderElection
2019-09-01 05:53:29,736 [9adf8f3f-00f4-442f-a7e9-ac686daae57d:group-62A27AB5243B:LeaderElection262] INFO  impl.RoleInfo (RoleInfo.java:shutdownLeaderElection(134)) - 9adf8f3f-00f4-442f-a7e9-ac686daae57d: shutdown LeaderElection
2019-09-01 05:53:29,736 [ad88f3b0-98a4-4e16-8300-c870fa2dd819:group-62A27AB5243B:LeaderElection261] INFO  impl.RoleInfo (RoleInfo.java:updateAndGet(143)) - ad88f3b0-98a4-4e16-8300-c870fa2dd819: start FollowerState
2019-09-01 05:53:29,736 [9adf8f3f-00f4-442f-a7e9-ac686daae57d:group-62A27AB5243B:LeaderElection262] INFO  impl.RoleInfo (RoleInfo.java:updateAndGet(143)) - 9adf8f3f-00f4-442f-a7e9-ac686daae57d: start FollowerState
2019-09-01 05:53:30,749 [Thread-4276] INFO  impl.FollowerState (FollowerState.java:run(106)) - 9adf8f3f-00f4-442f-a7e9-ac686daae57d:group-62A27AB5243B changes to CANDIDATE, lastRpcTime:1012, electionTimeout:1012ms
2019-09-01 05:53:30,749 [Thread-4276] INFO  impl.RoleInfo (RoleInfo.java:shutdownFollowerState(121)) - 9adf8f3f-00f4-442f-a7e9-ac686daae57d: shutdown FollowerState
2019-09-01 05:53:30,749 [Thread-4276] INFO  impl.RaftServerImpl (RaftServerImpl.java:setRole(171)) - 9adf8f3f-00f4-442f-a7e9-ac686daae57d:group-62A27AB5243B changes role from FOLLOWER to CANDIDATE at term 15 for changeToCandidate
2019-09-01 05:53:30,749 [Thread-4276] INFO  impl.RoleInfo (RoleInfo.java:updateAndGet(143)) - 9adf8f3f-00f4-442f-a7e9-ac686daae57d: start LeaderElection
2019-09-01 05:53:30,793 [Thread-4275] INFO  impl.FollowerState (FollowerState.java:run(106)) - ad88f3b0-98a4-4e16-8300-c870fa2dd819:group-62A27AB5243B changes to CANDIDATE, lastRpcTime:1057, electionTimeout:1057ms
2019-09-01 05:53:30,794 [Thread-4275] INFO  impl.RoleInfo (RoleInfo.java:shutdownFollowerState(121)) - ad88f3b0-98a4-4e16-8300-c870fa2dd819: shutdown FollowerState
2019-09-01 05:53:30,794 [Thread-4275] INFO  impl.RaftServerImpl (RaftServerImpl.java:setRole(171)) - ad88f3b0-98a4-4e16-8300-c870fa2dd819:group-62A27AB5243B changes role from FOLLOWER to CANDIDATE at term 15 for changeToCandidate
2019-09-01 05:53:30,794 [Thread-4275] INFO  impl.RoleInfo (RoleInfo.java:updateAndGet(143)) - ad88f3b0-98a4-4e16-8300-c870fa2dd819: start LeaderElection
2019-09-01 05:53:30,818 [9adf8f3f-00f4-442f-a7e9-ac686daae57d:group-62A27AB5243B:LeaderElection263] INFO  impl.LeaderElection (LeaderElection.java:askForVotes(181)) - 9adf8f3f-00f4-442f-a7e9-ac686daae57d:group-62A27AB5243B:LeaderElection263: begin an election at term 16 for 0: [ce2be70a-d267-4ebc-abe0-fdcdf40aaae1:192.168.36.91:38648, 9adf8f3f-00f4-442f-a7e9-ac686daae57d:192.168.36.91:44931, ad88f3b0-98a4-4e16-8300-c870fa2dd819:192.168.36.91:34127], old=null
2019-09-01 05:53:30,820 [9adf8f3f-00f4-442f-a7e9-ac686daae57d:group-62A27AB5243B:LeaderElection263] INFO  impl.LeaderElection (LogUtils.java:infoOrTrace(149)) - 9adf8f3f-00f4-442f-a7e9-ac686daae57d:group-62A27AB5243B:LeaderElection263 got exception when requesting votes: {}
java.util.concurrent.ExecutionException: org.apache.ratis.thirdparty.io.grpc.StatusRuntimeException: UNAVAILABLE: io exception
	at java.util.concurrent.FutureTask.report(FutureTask.java:122)
	at java.util.concurrent.FutureTask.get(FutureTask.java:192)
	at org.apache.ratis.server.impl.LeaderElection.waitForResults(LeaderElection.java:262)
	at org.apache.ratis.server.impl.LeaderElection.askForVotes(LeaderElection.java:200)
	at org.apache.ratis.server.impl.LeaderElection.run(LeaderElection.java:130)
	at java.lang.Thread.run(Thread.java:748)
Caused by: org.apache.ratis.thirdparty.io.grpc.StatusRuntimeException: UNAVAILABLE: io exception
	at org.apache.ratis.thirdparty.io.grpc.stub.ClientCalls.toStatusRuntimeException(ClientCalls.java:233)
	at org.apache.ratis.thirdparty.io.grpc.stub.ClientCalls.getUnchecked(ClientCalls.java:214)
	at org.apache.ratis.thirdparty.io.grpc.stub.ClientCalls.blockingUnaryCall(ClientCalls.java:139)
	at org.apache.ratis.proto.grpc.RaftServerProtocolServiceGrpc$RaftServerProtocolServiceBlockingStub.requestVote(RaftServerProtocolServiceGrpc.java:265)
	at org.apache.ratis.grpc.server.GrpcServerProtocolClient.requestVote(GrpcServerProtocolClient.java:83)
	at org.apache.ratis.grpc.server.GrpcService.requestVote(GrpcService.java:195)
	at org.apache.ratis.server.impl.LeaderElection.lambda$submitRequests$1(LeaderElection.java:237)
	at java.util.concurrent.FutureTask.run(FutureTask.java:266)
	at java.util.concurrent.Executors$RunnableAdapter.call(Executors.java:511)
	at java.util.concurrent.FutureTask.run(FutureTask.java:266)
	at java.util.concurrent.ThreadPoolExecutor.runWorker(ThreadPoolExecutor.java:1149)
	at java.util.concurrent.ThreadPoolExecutor$Worker.run(ThreadPoolExecutor.java:624)
	... 1 more
Caused by: org.apache.ratis.thirdparty.io.netty.channel.AbstractChannel$AnnotatedConnectException: Connection refused: /192.168.36.91:38648
	at sun.nio.ch.SocketChannelImpl.checkConnect(Native Method)
	at sun.nio.ch.SocketChannelImpl.finishConnect(SocketChannelImpl.java:717)
	at org.apache.ratis.thirdparty.io.netty.channel.socket.nio.NioSocketChannel.doFinishConnect(NioSocketChannel.java:327)
	at org.apache.ratis.thirdparty.io.netty.channel.nio.AbstractNioChannel$AbstractNioUnsafe.finishConnect(AbstractNioChannel.java:340)
	at org.apache.ratis.thirdparty.io.netty.channel.nio.NioEventLoop.processSelectedKey(NioEventLoop.java:632)
	at org.apache.ratis.thirdparty.io.netty.channel.nio.NioEventLoop.processSelectedKeysOptimized(NioEventLoop.java:579)
	at org.apache.ratis.thirdparty.io.netty.channel.nio.NioEventLoop.processSelectedKeys(NioEventLoop.java:496)
	at org.apache.ratis.thirdparty.io.netty.channel.nio.NioEventLoop.run(NioEventLoop.java:458)
	at org.apache.ratis.thirdparty.io.netty.util.concurrent.SingleThreadEventExecutor$5.run(SingleThreadEventExecutor.java:897)
	at org.apache.ratis.thirdparty.io.netty.util.concurrent.FastThreadLocalRunnable.run(FastThreadLocalRunnable.java:30)
	... 1 more
Caused by: java.net.ConnectException: Connection refused
	... 11 more
2019-09-01 05:53:30,846 [ad88f3b0-98a4-4e16-8300-c870fa2dd819:group-62A27AB5243B:LeaderElection264] INFO  impl.LeaderElection (LeaderElection.java:askForVotes(181)) - ad88f3b0-98a4-4e16-8300-c870fa2dd819:group-62A27AB5243B:LeaderElection264: begin an election at term 16 for 0: [ce2be70a-d267-4ebc-abe0-fdcdf40aaae1:192.168.36.91:38648, 9adf8f3f-00f4-442f-a7e9-ac686daae57d:192.168.36.91:44931, ad88f3b0-98a4-4e16-8300-c870fa2dd819:192.168.36.91:34127], old=null
2019-09-01 05:53:30,847 [9adf8f3f-00f4-442f-a7e9-ac686daae57d:group-62A27AB5243B:LeaderElection263] INFO  impl.LeaderElection (LeaderElection.java:logAndReturn(56)) - 9adf8f3f-00f4-442f-a7e9-ac686daae57d:group-62A27AB5243B:LeaderElection263: Election REJECTED; received 1 response(s) [9adf8f3f-00f4-442f-a7e9-ac686daae57d<-ad88f3b0-98a4-4e16-8300-c870fa2dd819#0:FAIL-t16] and 1 exception(s); 9adf8f3f-00f4-442f-a7e9-ac686daae57d:t16, leader=null, voted=9adf8f3f-00f4-442f-a7e9-ac686daae57d, raftlog=9adf8f3f-00f4-442f-a7e9-ac686daae57d-SegmentedRaftLog:OPENED:c0,f0,i0, conf=0: [ce2be70a-d267-4ebc-abe0-fdcdf40aaae1:192.168.36.91:38648, 9adf8f3f-00f4-442f-a7e9-ac686daae57d:192.168.36.91:44931, ad88f3b0-98a4-4e16-8300-c870fa2dd819:192.168.36.91:34127], old=null
2019-09-01 05:53:30,847 [ad88f3b0-98a4-4e16-8300-c870fa2dd819:group-62A27AB5243B:LeaderElection264] INFO  impl.LeaderElection (LogUtils.java:infoOrTrace(149)) - ad88f3b0-98a4-4e16-8300-c870fa2dd819:group-62A27AB5243B:LeaderElection264 got exception when requesting votes: {}
java.util.concurrent.ExecutionException: org.apache.ratis.thirdparty.io.grpc.StatusRuntimeException: UNAVAILABLE: io exception
	at java.util.concurrent.FutureTask.report(FutureTask.java:122)
	at java.util.concurrent.FutureTask.get(FutureTask.java:192)
	at org.apache.ratis.server.impl.LeaderElection.waitForResults(LeaderElection.java:262)
	at org.apache.ratis.server.impl.LeaderElection.askForVotes(LeaderElection.java:200)
	at org.apache.ratis.server.impl.LeaderElection.run(LeaderElection.java:130)
	at java.lang.Thread.run(Thread.java:748)
Caused by: org.apache.ratis.thirdparty.io.grpc.StatusRuntimeException: UNAVAILABLE: io exception
	at org.apache.ratis.thirdparty.io.grpc.stub.ClientCalls.toStatusRuntimeException(ClientCalls.java:233)
	at org.apache.ratis.thirdparty.io.grpc.stub.ClientCalls.getUnchecked(ClientCalls.java:214)
	at org.apache.ratis.thirdparty.io.grpc.stub.ClientCalls.blockingUnaryCall(ClientCalls.java:139)
	at org.apache.ratis.proto.grpc.RaftServerProtocolServiceGrpc$RaftServerProtocolServiceBlockingStub.requestVote(RaftServerProtocolServiceGrpc.java:265)
	at org.apache.ratis.grpc.server.GrpcServerProtocolClient.requestVote(GrpcServerProtocolClient.java:83)
	at org.apache.ratis.grpc.server.GrpcService.requestVote(GrpcService.java:195)
	at org.apache.ratis.server.impl.LeaderElection.lambda$submitRequests$1(LeaderElection.java:237)
	at java.util.concurrent.FutureTask.run(FutureTask.java:266)
	at java.util.concurrent.Executors$RunnableAdapter.call(Executors.java:511)
	at java.util.concurrent.FutureTask.run(FutureTask.java:266)
	at java.util.concurrent.ThreadPoolExecutor.runWorker(ThreadPoolExecutor.java:1149)
	at java.util.concurrent.ThreadPoolExecutor$Worker.run(ThreadPoolExecutor.java:624)
	... 1 more
Caused by: org.apache.ratis.thirdparty.io.netty.channel.AbstractChannel$AnnotatedConnectException: Connection refused: /192.168.36.91:38648
	at sun.nio.ch.SocketChannelImpl.checkConnect(Native Method)
	at sun.nio.ch.SocketChannelImpl.finishConnect(SocketChannelImpl.java:717)
	at org.apache.ratis.thirdparty.io.netty.channel.socket.nio.NioSocketChannel.doFinishConnect(NioSocketChannel.java:327)
	at org.apache.ratis.thirdparty.io.netty.channel.nio.AbstractNioChannel$AbstractNioUnsafe.finishConnect(AbstractNioChannel.java:340)
	at org.apache.ratis.thirdparty.io.netty.channel.nio.NioEventLoop.processSelectedKey(NioEventLoop.java:632)
	at org.apache.ratis.thirdparty.io.netty.channel.nio.NioEventLoop.processSelectedKeysOptimized(NioEventLoop.java:579)
	at org.apache.ratis.thirdparty.io.netty.channel.nio.NioEventLoop.processSelectedKeys(NioEventLoop.java:496)
	at org.apache.ratis.thirdparty.io.netty.channel.nio.NioEventLoop.run(NioEventLoop.java:458)
	at org.apache.ratis.thirdparty.io.netty.util.concurrent.SingleThreadEventExecutor$5.run(SingleThreadEventExecutor.java:897)
	at org.apache.ratis.thirdparty.io.netty.util.concurrent.FastThreadLocalRunnable.run(FastThreadLocalRunnable.java:30)
	... 1 more
Caused by: java.net.ConnectException: Connection refused
	... 11 more
2019-09-01 05:53:30,847 [9adf8f3f-00f4-442f-a7e9-ac686daae57d:group-62A27AB5243B:LeaderElection263] INFO  impl.LeaderElection (LogUtils.java:infoOrTrace(149)) -   Exception 0: {}
java.util.concurrent.ExecutionException: org.apache.ratis.thirdparty.io.grpc.StatusRuntimeException: UNAVAILABLE: io exception
	at java.util.concurrent.FutureTask.report(FutureTask.java:122)
	at java.util.concurrent.FutureTask.get(FutureTask.java:192)
	at org.apache.ratis.server.impl.LeaderElection.waitForResults(LeaderElection.java:262)
	at org.apache.ratis.server.impl.LeaderElection.askForVotes(LeaderElection.java:200)
	at org.apache.ratis.server.impl.LeaderElection.run(LeaderElection.java:130)
	at java.lang.Thread.run(Thread.java:748)
Caused by: org.apache.ratis.thirdparty.io.grpc.StatusRuntimeException: UNAVAILABLE: io exception
	at org.apache.ratis.thirdparty.io.grpc.stub.ClientCalls.toStatusRuntimeException(ClientCalls.java:233)
	at org.apache.ratis.thirdparty.io.grpc.stub.ClientCalls.getUnchecked(ClientCalls.java:214)
	at org.apache.ratis.thirdparty.io.grpc.stub.ClientCalls.blockingUnaryCall(ClientCalls.java:139)
	at org.apache.ratis.proto.grpc.RaftServerProtocolServiceGrpc$RaftServerProtocolServiceBlockingStub.requestVote(RaftServerProtocolServiceGrpc.java:265)
	at org.apache.ratis.grpc.server.GrpcServerProtocolClient.requestVote(GrpcServerProtocolClient.java:83)
	at org.apache.ratis.grpc.server.GrpcService.requestVote(GrpcService.java:195)
	at org.apache.ratis.server.impl.LeaderElection.lambda$submitRequests$1(LeaderElection.java:237)
	at java.util.concurrent.FutureTask.run(FutureTask.java:266)
	at java.util.concurrent.Executors$RunnableAdapter.call(Executors.java:511)
	at java.util.concurrent.FutureTask.run(FutureTask.java:266)
	at java.util.concurrent.ThreadPoolExecutor.runWorker(ThreadPoolExecutor.java:1149)
	at java.util.concurrent.ThreadPoolExecutor$Worker.run(ThreadPoolExecutor.java:624)
	... 1 more
Caused by: org.apache.ratis.thirdparty.io.netty.channel.AbstractChannel$AnnotatedConnectException: Connection refused: /192.168.36.91:38648
	at sun.nio.ch.SocketChannelImpl.checkConnect(Native Method)
	at sun.nio.ch.SocketChannelImpl.finishConnect(SocketChannelImpl.java:717)
	at org.apache.ratis.thirdparty.io.netty.channel.socket.nio.NioSocketChannel.doFinishConnect(NioSocketChannel.java:327)
	at org.apache.ratis.thirdparty.io.netty.channel.nio.AbstractNioChannel$AbstractNioUnsafe.finishConnect(AbstractNioChannel.java:340)
	at org.apache.ratis.thirdparty.io.netty.channel.nio.NioEventLoop.processSelectedKey(NioEventLoop.java:632)
	at org.apache.ratis.thirdparty.io.netty.channel.nio.NioEventLoop.processSelectedKeysOptimized(NioEventLoop.java:579)
	at org.apache.ratis.thirdparty.io.netty.channel.nio.NioEventLoop.processSelectedKeys(NioEventLoop.java:496)
	at org.apache.ratis.thirdparty.io.netty.channel.nio.NioEventLoop.run(NioEventLoop.java:458)
	at org.apache.ratis.thirdparty.io.netty.util.concurrent.SingleThreadEventExecutor$5.run(SingleThreadEventExecutor.java:897)
	at org.apache.ratis.thirdparty.io.netty.util.concurrent.FastThreadLocalRunnable.run(FastThreadLocalRunnable.java:30)
	... 1 more
Caused by: java.net.ConnectException: Connection refused
	... 11 more
2019-09-01 05:53:30,848 [9adf8f3f-00f4-442f-a7e9-ac686daae57d:group-62A27AB5243B:LeaderElection263] INFO  impl.RaftServerImpl (RaftServerImpl.java:setRole(171)) - 9adf8f3f-00f4-442f-a7e9-ac686daae57d:group-62A27AB5243B changes role from CANDIDATE to FOLLOWER at term 16 for DISCOVERED_A_NEW_TERM
2019-09-01 05:53:30,848 [9adf8f3f-00f4-442f-a7e9-ac686daae57d:group-62A27AB5243B:LeaderElection263] INFO  impl.RoleInfo (RoleInfo.java:shutdownLeaderElection(134)) - 9adf8f3f-00f4-442f-a7e9-ac686daae57d: shutdown LeaderElection
2019-09-01 05:53:30,848 [9adf8f3f-00f4-442f-a7e9-ac686daae57d:group-62A27AB5243B:LeaderElection263] INFO  impl.RoleInfo (RoleInfo.java:updateAndGet(143)) - 9adf8f3f-00f4-442f-a7e9-ac686daae57d: start FollowerState
2019-09-01 05:53:30,849 [ad88f3b0-98a4-4e16-8300-c870fa2dd819:group-62A27AB5243B:LeaderElection264] INFO  impl.LeaderElection (LeaderElection.java:logAndReturn(56)) - ad88f3b0-98a4-4e16-8300-c870fa2dd819:group-62A27AB5243B:LeaderElection264: Election REJECTED; received 1 response(s) [ad88f3b0-98a4-4e16-8300-c870fa2dd819<-9adf8f3f-00f4-442f-a7e9-ac686daae57d#0:FAIL-t16] and 1 exception(s); ad88f3b0-98a4-4e16-8300-c870fa2dd819:t16, leader=null, voted=ad88f3b0-98a4-4e16-8300-c870fa2dd819, raftlog=ad88f3b0-98a4-4e16-8300-c870fa2dd819-SegmentedRaftLog:OPENED:c0,f0,i0, conf=0: [ce2be70a-d267-4ebc-abe0-fdcdf40aaae1:192.168.36.91:38648, 9adf8f3f-00f4-442f-a7e9-ac686daae57d:192.168.36.91:44931, ad88f3b0-98a4-4e16-8300-c870fa2dd819:192.168.36.91:34127], old=null
2019-09-01 05:53:30,850 [ad88f3b0-98a4-4e16-8300-c870fa2dd819:group-62A27AB5243B:LeaderElection264] INFO  impl.LeaderElection (LogUtils.java:infoOrTrace(149)) -   Exception 0: {}
java.util.concurrent.ExecutionException: org.apache.ratis.thirdparty.io.grpc.StatusRuntimeException: UNAVAILABLE: io exception
	at java.util.concurrent.FutureTask.report(FutureTask.java:122)
	at java.util.concurrent.FutureTask.get(FutureTask.java:192)
	at org.apache.ratis.server.impl.LeaderElection.waitForResults(LeaderElection.java:262)
	at org.apache.ratis.server.impl.LeaderElection.askForVotes(LeaderElection.java:200)
	at org.apache.ratis.server.impl.LeaderElection.run(LeaderElection.java:130)
	at java.lang.Thread.run(Thread.java:748)
Caused by: org.apache.ratis.thirdparty.io.grpc.StatusRuntimeException: UNAVAILABLE: io exception
	at org.apache.ratis.thirdparty.io.grpc.stub.ClientCalls.toStatusRuntimeException(ClientCalls.java:233)
	at org.apache.ratis.thirdparty.io.grpc.stub.ClientCalls.getUnchecked(ClientCalls.java:214)
	at org.apache.ratis.thirdparty.io.grpc.stub.ClientCalls.blockingUnaryCall(ClientCalls.java:139)
	at org.apache.ratis.proto.grpc.RaftServerProtocolServiceGrpc$RaftServerProtocolServiceBlockingStub.requestVote(RaftServerProtocolServiceGrpc.java:265)
	at org.apache.ratis.grpc.server.GrpcServerProtocolClient.requestVote(GrpcServerProtocolClient.java:83)
	at org.apache.ratis.grpc.server.GrpcService.requestVote(GrpcService.java:195)
	at org.apache.ratis.server.impl.LeaderElection.lambda$submitRequests$1(LeaderElection.java:237)
	at java.util.concurrent.FutureTask.run(FutureTask.java:266)
	at java.util.concurrent.Executors$RunnableAdapter.call(Executors.java:511)
	at java.util.concurrent.FutureTask.run(FutureTask.java:266)
	at java.util.concurrent.ThreadPoolExecutor.runWorker(ThreadPoolExecutor.java:1149)
	at java.util.concurrent.ThreadPoolExecutor$Worker.run(ThreadPoolExecutor.java:624)
	... 1 more
Caused by: org.apache.ratis.thirdparty.io.netty.channel.AbstractChannel$AnnotatedConnectException: Connection refused: /192.168.36.91:38648
	at sun.nio.ch.SocketChannelImpl.checkConnect(Native Method)
	at sun.nio.ch.SocketChannelImpl.finishConnect(SocketChannelImpl.java:717)
	at org.apache.ratis.thirdparty.io.netty.channel.socket.nio.NioSocketChannel.doFinishConnect(NioSocketChannel.java:327)
	at org.apache.ratis.thirdparty.io.netty.channel.nio.AbstractNioChannel$AbstractNioUnsafe.finishConnect(AbstractNioChannel.java:340)
	at org.apache.ratis.thirdparty.io.netty.channel.nio.NioEventLoop.processSelectedKey(NioEventLoop.java:632)
	at org.apache.ratis.thirdparty.io.netty.channel.nio.NioEventLoop.processSelectedKeysOptimized(NioEventLoop.java:579)
	at org.apache.ratis.thirdparty.io.netty.channel.nio.NioEventLoop.processSelectedKeys(NioEventLoop.java:496)
	at org.apache.ratis.thirdparty.io.netty.channel.nio.NioEventLoop.run(NioEventLoop.java:458)
	at org.apache.ratis.thirdparty.io.netty.util.concurrent.SingleThreadEventExecutor$5.run(SingleThreadEventExecutor.java:897)
	at org.apache.ratis.thirdparty.io.netty.util.concurrent.FastThreadLocalRunnable.run(FastThreadLocalRunnable.java:30)
	... 1 more
Caused by: java.net.ConnectException: Connection refused
	... 11 more
2019-09-01 05:53:30,850 [ad88f3b0-98a4-4e16-8300-c870fa2dd819:group-62A27AB5243B:LeaderElection264] INFO  impl.RaftServerImpl (RaftServerImpl.java:setRole(171)) - ad88f3b0-98a4-4e16-8300-c870fa2dd819:group-62A27AB5243B changes role from CANDIDATE to FOLLOWER at term 16 for DISCOVERED_A_NEW_TERM
2019-09-01 05:53:30,850 [ad88f3b0-98a4-4e16-8300-c870fa2dd819:group-62A27AB5243B:LeaderElection264] INFO  impl.RoleInfo (RoleInfo.java:shutdownLeaderElection(134)) - ad88f3b0-98a4-4e16-8300-c870fa2dd819: shutdown LeaderElection
2019-09-01 05:53:30,850 [ad88f3b0-98a4-4e16-8300-c870fa2dd819:group-62A27AB5243B:LeaderElection264] INFO  impl.RoleInfo (RoleInfo.java:updateAndGet(143)) - ad88f3b0-98a4-4e16-8300-c870fa2dd819: start FollowerState
2019-09-01 05:53:31,603 [ForkJoinPool.commonPool-worker-1] INFO  ozoneimpl.OzoneContainer (OzoneContainer.java:stop(215)) - Attempting to stop container services.
2019-09-01 05:53:31,603 [main] INFO  ozoneimpl.OzoneContainer (OzoneContainer.java:stop(215)) - Attempting to stop container services.
2019-09-01 05:53:31,604 [ForkJoinPool.commonPool-worker-1] INFO  impl.RaftServerProxy (RaftServerProxy.java:lambda$close$4(314)) - 9adf8f3f-00f4-442f-a7e9-ac686daae57d: close
2019-09-01 05:53:31,604 [main] INFO  impl.RaftServerProxy (RaftServerProxy.java:lambda$close$4(314)) - ad88f3b0-98a4-4e16-8300-c870fa2dd819: close
2019-09-01 05:53:31,605 [ForkJoinPool.commonPool-worker-1] INFO  impl.RaftServerImpl (RaftServerImpl.java:lambda$shutdown$3(245)) - 9adf8f3f-00f4-442f-a7e9-ac686daae57d: shutdown group-530F2349AF89
2019-09-01 05:53:31,605 [main] INFO  impl.RaftServerImpl (RaftServerImpl.java:lambda$shutdown$3(245)) - ad88f3b0-98a4-4e16-8300-c870fa2dd819: shutdown group-BF5B67360C2F
2019-09-01 05:53:31,605 [ForkJoinPool.commonPool-worker-1] INFO  util.JmxRegister (JmxRegister.java:unregister(73)) - Successfully un-registered JMX Bean with object name Ratis:service=RaftServer,group=group-530F2349AF89,id=9adf8f3f-00f4-442f-a7e9-ac686daae57d
2019-09-01 05:53:31,606 [main] INFO  util.JmxRegister (JmxRegister.java:unregister(73)) - Successfully un-registered JMX Bean with object name Ratis:service=RaftServer,group=group-BF5B67360C2F,id=ad88f3b0-98a4-4e16-8300-c870fa2dd819
2019-09-01 05:53:31,606 [ForkJoinPool.commonPool-worker-1] INFO  impl.RoleInfo (RoleInfo.java:shutdownLeaderState(104)) - 9adf8f3f-00f4-442f-a7e9-ac686daae57d: shutdown LeaderState
2019-09-01 05:53:31,606 [main] INFO  impl.RoleInfo (RoleInfo.java:shutdownLeaderState(104)) - ad88f3b0-98a4-4e16-8300-c870fa2dd819: shutdown LeaderState
2019-09-01 05:53:31,607 [ForkJoinPool.commonPool-worker-1] INFO  impl.PendingRequests (PendingRequests.java:sendNotLeaderResponses(202)) - 9adf8f3f-00f4-442f-a7e9-ac686daae57d-PendingRequests: sendNotLeaderResponses
2019-09-01 05:53:31,607 [main] INFO  impl.PendingRequests (PendingRequests.java:sendNotLeaderResponses(202)) - ad88f3b0-98a4-4e16-8300-c870fa2dd819-PendingRequests: sendNotLeaderResponses
2019-09-01 05:53:31,608 [ForkJoinPool.commonPool-worker-1] INFO  impl.StateMachineUpdater (StateMachineUpdater.java:stopAndJoin(115)) - StateMachineUpdater:9adf8f3f-00f4-442f-a7e9-ac686daae57d:group-530F2349AF89: set stopIndex = 0
2019-09-01 05:53:31,608 [main] INFO  impl.StateMachineUpdater (StateMachineUpdater.java:stopAndJoin(115)) - StateMachineUpdater:ad88f3b0-98a4-4e16-8300-c870fa2dd819:group-BF5B67360C2F: set stopIndex = 0
2019-09-01 05:53:31,608 [ForkJoinPool.commonPool-worker-1] INFO  impl.RaftServerImpl (ServerState.java:close(394)) - 9adf8f3f-00f4-442f-a7e9-ac686daae57d:group-530F2349AF89 closes. The last applied log index is 0
2019-09-01 05:53:31,609 [main] INFO  impl.RaftServerImpl (ServerState.java:close(394)) - ad88f3b0-98a4-4e16-8300-c870fa2dd819:group-BF5B67360C2F closes. The last applied log index is 0
2019-09-01 05:53:31,609 [9adf8f3f-00f4-442f-a7e9-ac686daae57d-SegmentedRaftLogWorker:Storage Directory /workdir/hadoop-ozone/integration-test/target/test-dir/MiniOzoneClusterImpl-fb00d516-ae13-4d3c-8a3f-926c553c4eaa/datanode-2/data/ratis/e5deabbb-ac21-4a0b-b4a4-530f2349af89] INFO  segmented.SegmentedRaftLogWorker (SegmentedRaftLogWorker.java:run(313)) - 9adf8f3f-00f4-442f-a7e9-ac686daae57d-SegmentedRaftLogWorker:Storage Directory /workdir/hadoop-ozone/integration-test/target/test-dir/MiniOzoneClusterImpl-fb00d516-ae13-4d3c-8a3f-926c553c4eaa/datanode-2/data/ratis/e5deabbb-ac21-4a0b-b4a4-530f2349af89 was interrupted, exiting. There are 0 tasks remaining in the queue.
2019-09-01 05:53:31,610 [ad88f3b0-98a4-4e16-8300-c870fa2dd819-SegmentedRaftLogWorker:Storage Directory /workdir/hadoop-ozone/integration-test/target/test-dir/MiniOzoneClusterImpl-fb00d516-ae13-4d3c-8a3f-926c553c4eaa/datanode-5/data/ratis/fa762a78-473e-4d39-8c69-bf5b67360c2f] INFO  segmented.SegmentedRaftLogWorker (SegmentedRaftLogWorker.java:run(313)) - ad88f3b0-98a4-4e16-8300-c870fa2dd819-SegmentedRaftLogWorker:Storage Directory /workdir/hadoop-ozone/integration-test/target/test-dir/MiniOzoneClusterImpl-fb00d516-ae13-4d3c-8a3f-926c553c4eaa/datanode-5/data/ratis/fa762a78-473e-4d39-8c69-bf5b67360c2f was interrupted, exiting. There are 0 tasks remaining in the queue.
2019-09-01 05:53:31,617 [ForkJoinPool.commonPool-worker-1] INFO  segmented.SegmentedRaftLogWorker (SegmentedRaftLogWorker.java:close(228)) - 9adf8f3f-00f4-442f-a7e9-ac686daae57d-SegmentedRaftLogWorker:Storage Directory /workdir/hadoop-ozone/integration-test/target/test-dir/MiniOzoneClusterImpl-fb00d516-ae13-4d3c-8a3f-926c553c4eaa/datanode-2/data/ratis/e5deabbb-ac21-4a0b-b4a4-530f2349af89 close()
2019-09-01 05:53:31,617 [main] INFO  segmented.SegmentedRaftLogWorker (SegmentedRaftLogWorker.java:close(228)) - ad88f3b0-98a4-4e16-8300-c870fa2dd819-SegmentedRaftLogWorker:Storage Directory /workdir/hadoop-ozone/integration-test/target/test-dir/MiniOzoneClusterImpl-fb00d516-ae13-4d3c-8a3f-926c553c4eaa/datanode-5/data/ratis/fa762a78-473e-4d39-8c69-bf5b67360c2f close()
2019-09-01 05:53:31,623 [ForkJoinPool.commonPool-worker-1] INFO  impl.RaftServerImpl (RaftServerImpl.java:lambda$shutdown$3(245)) - 9adf8f3f-00f4-442f-a7e9-ac686daae57d: shutdown group-62A27AB5243B
2019-09-01 05:53:31,628 [main] INFO  impl.RaftServerImpl (RaftServerImpl.java:lambda$shutdown$3(245)) - ad88f3b0-98a4-4e16-8300-c870fa2dd819: shutdown group-62A27AB5243B
2019-09-01 05:53:31,629 [ForkJoinPool.commonPool-worker-1] INFO  util.JmxRegister (JmxRegister.java:unregister(73)) - Successfully un-registered JMX Bean with object name Ratis:service=RaftServer,group=group-62A27AB5243B,id=9adf8f3f-00f4-442f-a7e9-ac686daae57d
2019-09-01 05:53:31,629 [main] INFO  util.JmxRegister (JmxRegister.java:unregister(73)) - Successfully un-registered JMX Bean with object name Ratis:service=RaftServer,group=group-62A27AB5243B,id=ad88f3b0-98a4-4e16-8300-c870fa2dd819
2019-09-01 05:53:31,629 [ForkJoinPool.commonPool-worker-1] INFO  impl.RoleInfo (RoleInfo.java:shutdownFollowerState(121)) - 9adf8f3f-00f4-442f-a7e9-ac686daae57d: shutdown FollowerState
2019-09-01 05:53:31,630 [main] INFO  impl.RoleInfo (RoleInfo.java:shutdownFollowerState(121)) - ad88f3b0-98a4-4e16-8300-c870fa2dd819: shutdown FollowerState
2019-09-01 05:53:31,630 [Thread-4291] INFO  impl.FollowerState (FollowerState.java:run(114)) - 9adf8f3f-00f4-442f-a7e9-ac686daae57d: FollowerState was interrupted: java.lang.InterruptedException: sleep interrupted
2019-09-01 05:53:31,630 [ForkJoinPool.commonPool-worker-1] INFO  impl.StateMachineUpdater (StateMachineUpdater.java:stopAndJoin(115)) - StateMachineUpdater:9adf8f3f-00f4-442f-a7e9-ac686daae57d:group-62A27AB5243B: set stopIndex = 0
2019-09-01 05:53:31,631 [Thread-4292] INFO  impl.FollowerState (FollowerState.java:run(114)) - ad88f3b0-98a4-4e16-8300-c870fa2dd819: FollowerState was interrupted: java.lang.InterruptedException: sleep interrupted
2019-09-01 05:53:31,630 [main] INFO  impl.StateMachineUpdater (StateMachineUpdater.java:stopAndJoin(115)) - StateMachineUpdater:ad88f3b0-98a4-4e16-8300-c870fa2dd819:group-62A27AB5243B: set stopIndex = 0
2019-09-01 05:53:31,632 [main] INFO  impl.RaftServerImpl (ServerState.java:close(394)) - ad88f3b0-98a4-4e16-8300-c870fa2dd819:group-62A27AB5243B closes. The last applied log index is 0
2019-09-01 05:53:31,631 [ForkJoinPool.commonPool-worker-1] INFO  impl.RaftServerImpl (ServerState.java:close(394)) - 9adf8f3f-00f4-442f-a7e9-ac686daae57d:group-62A27AB5243B closes. The last applied log index is 0
2019-09-01 05:53:31,632 [ad88f3b0-98a4-4e16-8300-c870fa2dd819-SegmentedRaftLogWorker:Storage Directory /workdir/hadoop-ozone/integration-test/target/test-dir/MiniOzoneClusterImpl-fb00d516-ae13-4d3c-8a3f-926c553c4eaa/datanode-5/data/ratis/8840249b-6eaa-4700-9665-62a27ab5243b] INFO  segmented.SegmentedRaftLogWorker (SegmentedRaftLogWorker.java:run(313)) - ad88f3b0-98a4-4e16-8300-c870fa2dd819-SegmentedRaftLogWorker:Storage Directory /workdir/hadoop-ozone/integration-test/target/test-dir/MiniOzoneClusterImpl-fb00d516-ae13-4d3c-8a3f-926c553c4eaa/datanode-5/data/ratis/8840249b-6eaa-4700-9665-62a27ab5243b was interrupted, exiting. There are 0 tasks remaining in the queue.
2019-09-01 05:53:31,633 [9adf8f3f-00f4-442f-a7e9-ac686daae57d-SegmentedRaftLogWorker:Storage Directory /workdir/hadoop-ozone/integration-test/target/test-dir/MiniOzoneClusterImpl-fb00d516-ae13-4d3c-8a3f-926c553c4eaa/datanode-2/data/ratis/8840249b-6eaa-4700-9665-62a27ab5243b] INFO  segmented.SegmentedRaftLogWorker (SegmentedRaftLogWorker.java:run(313)) - 9adf8f3f-00f4-442f-a7e9-ac686daae57d-SegmentedRaftLogWorker:Storage Directory /workdir/hadoop-ozone/integration-test/target/test-dir/MiniOzoneClusterImpl-fb00d516-ae13-4d3c-8a3f-926c553c4eaa/datanode-2/data/ratis/8840249b-6eaa-4700-9665-62a27ab5243b was interrupted, exiting. There are 0 tasks remaining in the queue.
2019-09-01 05:53:31,635 [main] INFO  segmented.SegmentedRaftLogWorker (SegmentedRaftLogWorker.java:close(228)) - ad88f3b0-98a4-4e16-8300-c870fa2dd819-SegmentedRaftLogWorker:Storage Directory /workdir/hadoop-ozone/integration-test/target/test-dir/MiniOzoneClusterImpl-fb00d516-ae13-4d3c-8a3f-926c553c4eaa/datanode-5/data/ratis/8840249b-6eaa-4700-9665-62a27ab5243b close()
2019-09-01 05:53:31,638 [ForkJoinPool.commonPool-worker-1] INFO  segmented.SegmentedRaftLogWorker (SegmentedRaftLogWorker.java:close(228)) - 9adf8f3f-00f4-442f-a7e9-ac686daae57d-SegmentedRaftLogWorker:Storage Directory /workdir/hadoop-ozone/integration-test/target/test-dir/MiniOzoneClusterImpl-fb00d516-ae13-4d3c-8a3f-926c553c4eaa/datanode-2/data/ratis/8840249b-6eaa-4700-9665-62a27ab5243b close()
2019-09-01 05:53:31,643 [main] INFO  server.GrpcService (GrpcService.java:closeImpl(155)) - ad88f3b0-98a4-4e16-8300-c870fa2dd819: shutdown server with port 34127 now
2019-09-01 05:53:31,648 [ForkJoinPool.commonPool-worker-1] INFO  server.GrpcService (GrpcService.java:closeImpl(155)) - 9adf8f3f-00f4-442f-a7e9-ac686daae57d: shutdown server with port 44931 now
2019-09-01 05:53:31,649 [ForkJoinPool.commonPool-worker-1] INFO  server.GrpcService (GrpcService.java:closeImpl(163)) - 9adf8f3f-00f4-442f-a7e9-ac686daae57d: shutdown server with port 44931 successfully
2019-09-01 05:53:31,649 [main] INFO  server.GrpcService (GrpcService.java:closeImpl(163)) - ad88f3b0-98a4-4e16-8300-c870fa2dd819: shutdown server with port 34127 successfully
2019-09-01 05:53:31,652 [refreshUsed-/workdir/hadoop-ozone/integration-test/target/test-dir/MiniOzoneClusterImpl-fb00d516-ae13-4d3c-8a3f-926c553c4eaa/datanode-2/data/containers] WARN  fs.CachingGetSpaceUsed (CachingGetSpaceUsed.java:run(183)) - Thread Interrupted waiting to refresh disk information: sleep interrupted
2019-09-01 05:53:31,661 [refreshUsed-/workdir/hadoop-ozone/integration-test/target/test-dir/MiniOzoneClusterImpl-fb00d516-ae13-4d3c-8a3f-926c553c4eaa/datanode-5/data/containers] WARN  fs.CachingGetSpaceUsed (CachingGetSpaceUsed.java:run(183)) - Thread Interrupted waiting to refresh disk information: sleep interrupted
2019-09-01 05:53:31,673 [ForkJoinPool.commonPool-worker-1] INFO  utils.BackgroundService (BackgroundService.java:shutdown(148)) - Shutting down service BlockDeletingService
2019-09-01 05:53:31,695 [ForkJoinPool.commonPool-worker-1] INFO  statemachine.DatanodeStateMachine (DatanodeStateMachine.java:stopDaemon(395)) - Ozone container server stopped.
2019-09-01 05:53:31,702 [ForkJoinPool.commonPool-worker-1] INFO  handler.ContextHandler (ContextHandler.java:doStop(910)) - Stopped o.e.j.w.WebAppContext@72c4a3aa{/,null,UNAVAILABLE}{/hddsDatanode}
2019-09-01 05:53:31,703 [ForkJoinPool.commonPool-worker-1] INFO  server.AbstractConnector (AbstractConnector.java:doStop(318)) - Stopped ServerConnector@1e495414{HTTP/1.1,[http/1.1]}{0.0.0.0:0}
2019-09-01 05:53:31,705 [ForkJoinPool.commonPool-worker-1] INFO  handler.ContextHandler (ContextHandler.java:doStop(910)) - Stopped o.e.j.s.ServletContextHandler@99a8de3{/static,jar:file:/home/user/.m2/repository/org/apache/hadoop/hadoop-hdds-container-service/0.5.0-SNAPSHOT/hadoop-hdds-container-service-0.5.0-SNAPSHOT.jar!/webapps/static,UNAVAILABLE}
2019-09-01 05:53:31,707 [ForkJoinPool.commonPool-worker-1] INFO  handler.ContextHandler (ContextHandler.java:doStop(910)) - Stopped o.e.j.s.ServletContextHandler@1eb85a47{/logs,file:///workdir/hadoop-ozone/integration-test/target/log,UNAVAILABLE}
2019-09-01 05:53:31,708 [main] INFO  utils.BackgroundService (BackgroundService.java:shutdown(148)) - Shutting down service BlockDeletingService
2019-09-01 05:53:31,712 [main] INFO  statemachine.DatanodeStateMachine (DatanodeStateMachine.java:stopDaemon(395)) - Ozone container server stopped.
2019-09-01 05:53:31,713 [main] INFO  handler.ContextHandler (ContextHandler.java:doStop(910)) - Stopped o.e.j.w.WebAppContext@26c7b1c6{/,null,UNAVAILABLE}{/hddsDatanode}
2019-09-01 05:53:31,714 [main] INFO  server.AbstractConnector (AbstractConnector.java:doStop(318)) - Stopped ServerConnector@19526f1d{HTTP/1.1,[http/1.1]}{0.0.0.0:0}
2019-09-01 05:53:31,714 [main] INFO  handler.ContextHandler (ContextHandler.java:doStop(910)) - Stopped o.e.j.s.ServletContextHandler@73bb573d{/static,jar:file:/home/user/.m2/repository/org/apache/hadoop/hadoop-hdds-container-service/0.5.0-SNAPSHOT/hadoop-hdds-container-service-0.5.0-SNAPSHOT.jar!/webapps/static,UNAVAILABLE}
2019-09-01 05:53:31,715 [main] INFO  handler.ContextHandler (ContextHandler.java:doStop(910)) - Stopped o.e.j.s.ServletContextHandler@2b0454d2{/logs,file:///workdir/hadoop-ozone/integration-test/target/log,UNAVAILABLE}
2019-09-01 05:53:32,069 [Datanode State Machine Thread - 0] INFO  statemachine.DatanodeStateMachine (DatanodeStateMachine.java:lambda$startDaemon$0(350)) - Ozone container server started.
2019-09-01 05:53:32,352 [Datanode State Machine Thread - 0] INFO  statemachine.DatanodeStateMachine (DatanodeStateMachine.java:lambda$startDaemon$0(350)) - Ozone container server started.
2019-09-01 05:53:36,709 [ForkJoinPool.commonPool-worker-1] INFO  ozoneimpl.OzoneContainer (OzoneContainer.java:stop(215)) - Attempting to stop container services.
2019-09-01 05:53:36,710 [ForkJoinPool.commonPool-worker-1] INFO  impl.RaftServerProxy (RaftServerProxy.java:lambda$close$4(314)) - f61a82c2-42b9-49e6-922b-54bde2900752: close
2019-09-01 05:53:36,710 [ForkJoinPool.commonPool-worker-1] INFO  impl.RaftServerImpl (RaftServerImpl.java:lambda$shutdown$3(245)) - f61a82c2-42b9-49e6-922b-54bde2900752: shutdown group-BF85EB72019C
2019-09-01 05:53:36,710 [ForkJoinPool.commonPool-worker-1] INFO  util.JmxRegister (JmxRegister.java:unregister(73)) - Successfully un-registered JMX Bean with object name Ratis:service=RaftServer,group=group-BF85EB72019C,id=f61a82c2-42b9-49e6-922b-54bde2900752
2019-09-01 05:53:36,710 [ForkJoinPool.commonPool-worker-1] INFO  impl.RoleInfo (RoleInfo.java:shutdownLeaderState(104)) - f61a82c2-42b9-49e6-922b-54bde2900752: shutdown LeaderState
2019-09-01 05:53:36,716 [org.apache.ratis.server.impl.LogAppender$AppenderDaemon$$Lambda$522/1454028154@64f3d327] WARN  server.GrpcLogAppender (GrpcLogAppender.java:mayWait(143)) - GrpcLogAppender(f61a82c2-42b9-49e6-922b-54bde2900752->2e72a9ea-f178-40e5-bf42-2c889e32e769): Wait interrupted by java.lang.InterruptedException
2019-09-01 05:53:36,716 [ForkJoinPool.commonPool-worker-1] INFO  impl.PendingRequests (PendingRequests.java:sendNotLeaderResponses(202)) - f61a82c2-42b9-49e6-922b-54bde2900752-PendingRequests: sendNotLeaderResponses
2019-09-01 05:53:36,717 [main] INFO  ozoneimpl.OzoneContainer (OzoneContainer.java:stop(215)) - Attempting to stop container services.
2019-09-01 05:53:36,716 [org.apache.ratis.server.impl.LogAppender$AppenderDaemon$$Lambda$522/1454028154@21f151dd] WARN  server.GrpcLogAppender (GrpcLogAppender.java:mayWait(143)) - GrpcLogAppender(f61a82c2-42b9-49e6-922b-54bde2900752->99b5111b-d356-42b4-8380-346acbcabf6e): Wait interrupted by java.lang.InterruptedException
2019-09-01 05:53:36,727 [main] INFO  impl.RaftServerProxy (RaftServerProxy.java:lambda$close$4(314)) - 58ac0b1f-3b21-42d3-b916-9551d6eb3ea3: close
2019-09-01 05:53:36,722 [StateMachineUpdater:f61a82c2-42b9-49e6-922b-54bde2900752:group-BF85EB72019C] INFO  ratis.ContainerStateMachine (ContainerStateMachine.java:takeSnapshot(284)) - group-BF85EB72019C: Taking a snapshot at:(t:1, i:9) file /workdir/hadoop-ozone/integration-test/target/test-dir/MiniOzoneClusterImpl-fb00d516-ae13-4d3c-8a3f-926c553c4eaa/datanode-3/data/ratis/55cef6a9-e725-4da7-8f63-bf85eb72019c/sm/snapshot.1_9
2019-09-01 05:53:36,721 [ForkJoinPool.commonPool-worker-1] INFO  impl.StateMachineUpdater (StateMachineUpdater.java:stopAndJoin(115)) - StateMachineUpdater:f61a82c2-42b9-49e6-922b-54bde2900752:group-BF85EB72019C: set stopIndex = 12
2019-09-01 05:53:36,717 [grpc-default-executor-7] INFO  server.GrpcServerProtocolService (GrpcServerProtocolService.java:onCompleted(104)) - 2e72a9ea-f178-40e5-bf42-2c889e32e769: appendEntries completed
2019-09-01 05:53:36,729 [main] INFO  impl.RaftServerImpl (RaftServerImpl.java:lambda$shutdown$3(245)) - 58ac0b1f-3b21-42d3-b916-9551d6eb3ea3: shutdown group-1AB947813186
2019-09-01 05:53:36,728 [grpc-default-executor-1] INFO  server.GrpcServerProtocolService (GrpcServerProtocolService.java:onCompleted(104)) - 99b5111b-d356-42b4-8380-346acbcabf6e: appendEntries completed
2019-09-01 05:53:36,731 [main] INFO  util.JmxRegister (JmxRegister.java:unregister(73)) - Successfully un-registered JMX Bean with object name Ratis:service=RaftServer,group=group-1AB947813186,id=58ac0b1f-3b21-42d3-b916-9551d6eb3ea3
2019-09-01 05:53:36,731 [grpc-default-executor-3] INFO  server.GrpcLogAppender (GrpcLogAppender.java:onCompleted(292)) - f61a82c2-42b9-49e6-922b-54bde2900752->2e72a9ea-f178-40e5-bf42-2c889e32e769: follower responses appendEntries COMPLETED
2019-09-01 05:53:36,732 [main] INFO  impl.RoleInfo (RoleInfo.java:shutdownLeaderState(104)) - 58ac0b1f-3b21-42d3-b916-9551d6eb3ea3: shutdown LeaderState
2019-09-01 05:53:36,731 [grpc-default-executor-1] INFO  server.GrpcLogAppender (GrpcLogAppender.java:onCompleted(292)) - f61a82c2-42b9-49e6-922b-54bde2900752->99b5111b-d356-42b4-8380-346acbcabf6e: follower responses appendEntries COMPLETED
2019-09-01 05:53:36,733 [main] INFO  impl.PendingRequests (PendingRequests.java:sendNotLeaderResponses(202)) - 58ac0b1f-3b21-42d3-b916-9551d6eb3ea3-PendingRequests: sendNotLeaderResponses
2019-09-01 05:53:36,732 [grpc-default-executor-3] INFO  impl.FollowerInfo (FollowerInfo.java:lambda$new$0(50)) - f61a82c2-42b9-49e6-922b-54bde2900752->2e72a9ea-f178-40e5-bf42-2c889e32e769: nextIndex: updateUnconditionally 13 -> 12
2019-09-01 05:53:36,733 [main] INFO  impl.StateMachineUpdater (StateMachineUpdater.java:stopAndJoin(115)) - StateMachineUpdater:58ac0b1f-3b21-42d3-b916-9551d6eb3ea3:group-1AB947813186: set stopIndex = 0
2019-09-01 05:53:36,733 [grpc-default-executor-1] INFO  impl.FollowerInfo (FollowerInfo.java:lambda$new$0(50)) - f61a82c2-42b9-49e6-922b-54bde2900752->99b5111b-d356-42b4-8380-346acbcabf6e: nextIndex: updateUnconditionally 13 -> 12
2019-09-01 05:53:36,734 [main] INFO  impl.RaftServerImpl (ServerState.java:close(394)) - 58ac0b1f-3b21-42d3-b916-9551d6eb3ea3:group-1AB947813186 closes. The last applied log index is 0
2019-09-01 05:53:36,735 [58ac0b1f-3b21-42d3-b916-9551d6eb3ea3-SegmentedRaftLogWorker:Storage Directory /workdir/hadoop-ozone/integration-test/target/test-dir/MiniOzoneClusterImpl-fb00d516-ae13-4d3c-8a3f-926c553c4eaa/datanode-6/data/ratis/49184a75-1f85-499d-96be-1ab947813186] INFO  segmented.SegmentedRaftLogWorker (SegmentedRaftLogWorker.java:run(313)) - 58ac0b1f-3b21-42d3-b916-9551d6eb3ea3-SegmentedRaftLogWorker:Storage Directory /workdir/hadoop-ozone/integration-test/target/test-dir/MiniOzoneClusterImpl-fb00d516-ae13-4d3c-8a3f-926c553c4eaa/datanode-6/data/ratis/49184a75-1f85-499d-96be-1ab947813186 was interrupted, exiting. There are 0 tasks remaining in the queue.
2019-09-01 05:53:36,741 [main] INFO  segmented.SegmentedRaftLogWorker (SegmentedRaftLogWorker.java:close(228)) - 58ac0b1f-3b21-42d3-b916-9551d6eb3ea3-SegmentedRaftLogWorker:Storage Directory /workdir/hadoop-ozone/integration-test/target/test-dir/MiniOzoneClusterImpl-fb00d516-ae13-4d3c-8a3f-926c553c4eaa/datanode-6/data/ratis/49184a75-1f85-499d-96be-1ab947813186 close()
2019-09-01 05:53:36,746 [main] INFO  server.GrpcService (GrpcService.java:closeImpl(155)) - 58ac0b1f-3b21-42d3-b916-9551d6eb3ea3: shutdown server with port 41717 now
2019-09-01 05:53:36,749 [main] INFO  server.GrpcService (GrpcService.java:closeImpl(163)) - 58ac0b1f-3b21-42d3-b916-9551d6eb3ea3: shutdown server with port 41717 successfully
2019-09-01 05:53:36,752 [refreshUsed-/workdir/hadoop-ozone/integration-test/target/test-dir/MiniOzoneClusterImpl-fb00d516-ae13-4d3c-8a3f-926c553c4eaa/datanode-6/data/containers] WARN  fs.CachingGetSpaceUsed (CachingGetSpaceUsed.java:run(183)) - Thread Interrupted waiting to refresh disk information: sleep interrupted
2019-09-01 05:53:36,771 [main] INFO  utils.BackgroundService (BackgroundService.java:shutdown(148)) - Shutting down service BlockDeletingService
2019-09-01 05:53:36,772 [StateMachineUpdater:f61a82c2-42b9-49e6-922b-54bde2900752:group-BF85EB72019C] INFO  ratis.ContainerStateMachine (ContainerStateMachine.java:takeSnapshot(295)) - group-BF85EB72019C: Finished taking a snapshot at:(t:1, i:9) file:/workdir/hadoop-ozone/integration-test/target/test-dir/MiniOzoneClusterImpl-fb00d516-ae13-4d3c-8a3f-926c553c4eaa/datanode-3/data/ratis/55cef6a9-e725-4da7-8f63-bf85eb72019c/sm/snapshot.1_9 time:50
2019-09-01 05:53:36,774 [StateMachineUpdater:f61a82c2-42b9-49e6-922b-54bde2900752:group-BF85EB72019C] INFO  impl.StateMachineUpdater (StateMachineUpdater.java:takeSnapshot(242)) - StateMachineUpdater:f61a82c2-42b9-49e6-922b-54bde2900752:group-BF85EB72019C: Took a snapshot at index 9
2019-09-01 05:53:36,774 [main] INFO  statemachine.DatanodeStateMachine (DatanodeStateMachine.java:stopDaemon(395)) - Ozone container server stopped.
2019-09-01 05:53:36,774 [StateMachineUpdater:f61a82c2-42b9-49e6-922b-54bde2900752:group-BF85EB72019C] INFO  impl.StateMachineUpdater (StateMachineUpdater.java:lambda$new$0(80)) - StateMachineUpdater:f61a82c2-42b9-49e6-922b-54bde2900752:group-BF85EB72019C: snapshotIndex: updateIncreasingly -1 -> 9
2019-09-01 05:53:36,775 [ForkJoinPool.commonPool-worker-1] INFO  impl.RaftServerImpl (ServerState.java:close(394)) - f61a82c2-42b9-49e6-922b-54bde2900752:group-BF85EB72019C closes. The last applied log index is 12
2019-09-01 05:53:36,776 [main] INFO  handler.ContextHandler (ContextHandler.java:doStop(910)) - Stopped o.e.j.w.WebAppContext@13516600{/,null,UNAVAILABLE}{/hddsDatanode}
2019-09-01 05:53:36,776 [f61a82c2-42b9-49e6-922b-54bde2900752-SegmentedRaftLogWorker:Storage Directory /workdir/hadoop-ozone/integration-test/target/test-dir/MiniOzoneClusterImpl-fb00d516-ae13-4d3c-8a3f-926c553c4eaa/datanode-3/data/ratis/55cef6a9-e725-4da7-8f63-bf85eb72019c] INFO  segmented.SegmentedRaftLogWorker (SegmentedRaftLogWorker.java:run(313)) - f61a82c2-42b9-49e6-922b-54bde2900752-SegmentedRaftLogWorker:Storage Directory /workdir/hadoop-ozone/integration-test/target/test-dir/MiniOzoneClusterImpl-fb00d516-ae13-4d3c-8a3f-926c553c4eaa/datanode-3/data/ratis/55cef6a9-e725-4da7-8f63-bf85eb72019c was interrupted, exiting. There are 0 tasks remaining in the queue.
2019-09-01 05:53:36,779 [ForkJoinPool.commonPool-worker-1] INFO  segmented.SegmentedRaftLogWorker (SegmentedRaftLogWorker.java:close(228)) - f61a82c2-42b9-49e6-922b-54bde2900752-SegmentedRaftLogWorker:Storage Directory /workdir/hadoop-ozone/integration-test/target/test-dir/MiniOzoneClusterImpl-fb00d516-ae13-4d3c-8a3f-926c553c4eaa/datanode-3/data/ratis/55cef6a9-e725-4da7-8f63-bf85eb72019c close()
2019-09-01 05:53:36,779 [main] INFO  server.AbstractConnector (AbstractConnector.java:doStop(318)) - Stopped ServerConnector@35d7386b{HTTP/1.1,[http/1.1]}{0.0.0.0:0}
2019-09-01 05:53:36,784 [ForkJoinPool.commonPool-worker-1] INFO  impl.RaftServerImpl (RaftServerImpl.java:lambda$shutdown$3(245)) - f61a82c2-42b9-49e6-922b-54bde2900752: shutdown group-6BC3A0FC5839
2019-09-01 05:53:36,784 [main] INFO  handler.ContextHandler (ContextHandler.java:doStop(910)) - Stopped o.e.j.s.ServletContextHandler@6e685e6c{/static,jar:file:/home/user/.m2/repository/org/apache/hadoop/hadoop-hdds-container-service/0.5.0-SNAPSHOT/hadoop-hdds-container-service-0.5.0-SNAPSHOT.jar!/webapps/static,UNAVAILABLE}
2019-09-01 05:53:36,784 [ForkJoinPool.commonPool-worker-1] INFO  util.JmxRegister (JmxRegister.java:unregister(73)) - Successfully un-registered JMX Bean with object name Ratis:service=RaftServer,group=group-6BC3A0FC5839,id=f61a82c2-42b9-49e6-922b-54bde2900752
2019-09-01 05:53:36,785 [main] INFO  handler.ContextHandler (ContextHandler.java:doStop(910)) - Stopped o.e.j.s.ServletContextHandler@23ee2ccf{/logs,file:///workdir/hadoop-ozone/integration-test/target/log,UNAVAILABLE}
2019-09-01 05:53:36,785 [ForkJoinPool.commonPool-worker-1] INFO  impl.RoleInfo (RoleInfo.java:shutdownLeaderState(104)) - f61a82c2-42b9-49e6-922b-54bde2900752: shutdown LeaderState
2019-09-01 05:53:36,785 [ForkJoinPool.commonPool-worker-1] INFO  impl.PendingRequests (PendingRequests.java:sendNotLeaderResponses(202)) - f61a82c2-42b9-49e6-922b-54bde2900752-PendingRequests: sendNotLeaderResponses
2019-09-01 05:53:36,786 [ForkJoinPool.commonPool-worker-1] INFO  impl.StateMachineUpdater (StateMachineUpdater.java:stopAndJoin(115)) - StateMachineUpdater:f61a82c2-42b9-49e6-922b-54bde2900752:group-6BC3A0FC5839: set stopIndex = 0
2019-09-01 05:53:36,786 [ForkJoinPool.commonPool-worker-1] INFO  impl.RaftServerImpl (ServerState.java:close(394)) - f61a82c2-42b9-49e6-922b-54bde2900752:group-6BC3A0FC5839 closes. The last applied log index is 0
2019-09-01 05:53:36,787 [f61a82c2-42b9-49e6-922b-54bde2900752-SegmentedRaftLogWorker:Storage Directory /workdir/hadoop-ozone/integration-test/target/test-dir/MiniOzoneClusterImpl-fb00d516-ae13-4d3c-8a3f-926c553c4eaa/datanode-3/data/ratis/d5698a59-f073-4dc9-9293-6bc3a0fc5839] INFO  segmented.SegmentedRaftLogWorker (SegmentedRaftLogWorker.java:run(313)) - f61a82c2-42b9-49e6-922b-54bde2900752-SegmentedRaftLogWorker:Storage Directory /workdir/hadoop-ozone/integration-test/target/test-dir/MiniOzoneClusterImpl-fb00d516-ae13-4d3c-8a3f-926c553c4eaa/datanode-3/data/ratis/d5698a59-f073-4dc9-9293-6bc3a0fc5839 was interrupted, exiting. There are 0 tasks remaining in the queue.
2019-09-01 05:53:36,789 [ForkJoinPool.commonPool-worker-1] INFO  segmented.SegmentedRaftLogWorker (SegmentedRaftLogWorker.java:close(228)) - f61a82c2-42b9-49e6-922b-54bde2900752-SegmentedRaftLogWorker:Storage Directory /workdir/hadoop-ozone/integration-test/target/test-dir/MiniOzoneClusterImpl-fb00d516-ae13-4d3c-8a3f-926c553c4eaa/datanode-3/data/ratis/d5698a59-f073-4dc9-9293-6bc3a0fc5839 close()
2019-09-01 05:53:36,794 [ForkJoinPool.commonPool-worker-1] INFO  server.GrpcService (GrpcService.java:closeImpl(155)) - f61a82c2-42b9-49e6-922b-54bde2900752: shutdown server with port 40137 now
2019-09-01 05:53:36,794 [ForkJoinPool.commonPool-worker-1] INFO  server.GrpcService (GrpcService.java:closeImpl(163)) - f61a82c2-42b9-49e6-922b-54bde2900752: shutdown server with port 40137 successfully
2019-09-01 05:53:36,798 [grpc-default-executor-3] WARN  client.GrpcClientProtocolService (LogUtils.java:warn(134)) - 1-UnorderedRequestStreamObserver1: onError: org.apache.ratis.thirdparty.io.grpc.StatusRuntimeException: CANCELLED: cancelled before receiving half close
2019-09-01 05:53:36,800 [refreshUsed-/workdir/hadoop-ozone/integration-test/target/test-dir/MiniOzoneClusterImpl-fb00d516-ae13-4d3c-8a3f-926c553c4eaa/datanode-3/data/containers] WARN  fs.CachingGetSpaceUsed (CachingGetSpaceUsed.java:run(183)) - Thread Interrupted waiting to refresh disk information: sleep interrupted
2019-09-01 05:53:36,814 [ForkJoinPool.commonPool-worker-1] INFO  utils.BackgroundService (BackgroundService.java:shutdown(148)) - Shutting down service BlockDeletingService
2019-09-01 05:53:36,817 [ForkJoinPool.commonPool-worker-1] INFO  statemachine.DatanodeStateMachine (DatanodeStateMachine.java:stopDaemon(395)) - Ozone container server stopped.
2019-09-01 05:53:36,824 [ForkJoinPool.commonPool-worker-1] INFO  handler.ContextHandler (ContextHandler.java:doStop(910)) - Stopped o.e.j.w.WebAppContext@2d237460{/,null,UNAVAILABLE}{/hddsDatanode}
2019-09-01 05:53:36,824 [ForkJoinPool.commonPool-worker-1] INFO  server.AbstractConnector (AbstractConnector.java:doStop(318)) - Stopped ServerConnector@48f2054d{HTTP/1.1,[http/1.1]}{0.0.0.0:0}
2019-09-01 05:53:36,826 [ForkJoinPool.commonPool-worker-1] INFO  handler.ContextHandler (ContextHandler.java:doStop(910)) - Stopped o.e.j.s.ServletContextHandler@7a36c83a{/static,jar:file:/home/user/.m2/repository/org/apache/hadoop/hadoop-hdds-container-service/0.5.0-SNAPSHOT/hadoop-hdds-container-service-0.5.0-SNAPSHOT.jar!/webapps/static,UNAVAILABLE}
2019-09-01 05:53:36,828 [ForkJoinPool.commonPool-worker-1] INFO  handler.ContextHandler (ContextHandler.java:doStop(910)) - Stopped o.e.j.s.ServletContextHandler@6321a5aa{/logs,file:///workdir/hadoop-ozone/integration-test/target/log,UNAVAILABLE}
2019-09-01 05:53:36,986 [Datanode State Machine Thread - 0] INFO  statemachine.DatanodeStateMachine (DatanodeStateMachine.java:lambda$startDaemon$0(350)) - Ozone container server started.
2019-09-01 05:53:37,488 [Datanode State Machine Thread - 0] INFO  statemachine.DatanodeStateMachine (DatanodeStateMachine.java:lambda$startDaemon$0(350)) - Ozone container server started.
2019-09-01 05:53:37,829 [Thread-3662] INFO  impl.FollowerState (FollowerState.java:run(106)) - 99b5111b-d356-42b4-8380-346acbcabf6e:group-BF85EB72019C changes to CANDIDATE, lastRpcTime:1242, electionTimeout:1167ms
2019-09-01 05:53:37,829 [Thread-3662] INFO  impl.RoleInfo (RoleInfo.java:shutdownFollowerState(121)) - 99b5111b-d356-42b4-8380-346acbcabf6e: shutdown FollowerState
2019-09-01 05:53:37,829 [Thread-3662] INFO  impl.RaftServerImpl (RaftServerImpl.java:setRole(171)) - 99b5111b-d356-42b4-8380-346acbcabf6e:group-BF85EB72019C changes role from FOLLOWER to CANDIDATE at term 1 for changeToCandidate
2019-09-01 05:53:37,830 [Thread-3662] INFO  impl.RoleInfo (RoleInfo.java:updateAndGet(143)) - 99b5111b-d356-42b4-8380-346acbcabf6e: start LeaderElection
2019-09-01 05:53:37,830 [99b5111b-d356-42b4-8380-346acbcabf6e:group-BF85EB72019C:LeaderElection265] INFO  impl.RaftServerImpl (ServerState.java:setLeader(263)) - 99b5111b-d356-42b4-8380-346acbcabf6e:group-BF85EB72019C change Leader from f61a82c2-42b9-49e6-922b-54bde2900752 to null at term 1 for initElection
2019-09-01 05:53:37,894 [99b5111b-d356-42b4-8380-346acbcabf6e:group-BF85EB72019C:LeaderElection265] INFO  impl.LeaderElection (LeaderElection.java:askForVotes(181)) - 99b5111b-d356-42b4-8380-346acbcabf6e:group-BF85EB72019C:LeaderElection265: begin an election at term 2 for 0: [f61a82c2-42b9-49e6-922b-54bde2900752:192.168.36.91:40137, 2e72a9ea-f178-40e5-bf42-2c889e32e769:192.168.36.91:37184, 99b5111b-d356-42b4-8380-346acbcabf6e:192.168.36.91:35209], old=null
2019-09-01 05:53:37,898 [99b5111b-d356-42b4-8380-346acbcabf6e:group-BF85EB72019C:LeaderElection265] INFO  impl.LeaderElection (LogUtils.java:infoOrTrace(149)) - 99b5111b-d356-42b4-8380-346acbcabf6e:group-BF85EB72019C:LeaderElection265 got exception when requesting votes: {}
java.util.concurrent.ExecutionException: org.apache.ratis.thirdparty.io.grpc.StatusRuntimeException: UNAVAILABLE: io exception
	at java.util.concurrent.FutureTask.report(FutureTask.java:122)
	at java.util.concurrent.FutureTask.get(FutureTask.java:192)
	at org.apache.ratis.server.impl.LeaderElection.waitForResults(LeaderElection.java:262)
	at org.apache.ratis.server.impl.LeaderElection.askForVotes(LeaderElection.java:200)
	at org.apache.ratis.server.impl.LeaderElection.run(LeaderElection.java:130)
	at java.lang.Thread.run(Thread.java:748)
Caused by: org.apache.ratis.thirdparty.io.grpc.StatusRuntimeException: UNAVAILABLE: io exception
	at org.apache.ratis.thirdparty.io.grpc.stub.ClientCalls.toStatusRuntimeException(ClientCalls.java:233)
	at org.apache.ratis.thirdparty.io.grpc.stub.ClientCalls.getUnchecked(ClientCalls.java:214)
	at org.apache.ratis.thirdparty.io.grpc.stub.ClientCalls.blockingUnaryCall(ClientCalls.java:139)
	at org.apache.ratis.proto.grpc.RaftServerProtocolServiceGrpc$RaftServerProtocolServiceBlockingStub.requestVote(RaftServerProtocolServiceGrpc.java:265)
	at org.apache.ratis.grpc.server.GrpcServerProtocolClient.requestVote(GrpcServerProtocolClient.java:83)
	at org.apache.ratis.grpc.server.GrpcService.requestVote(GrpcService.java:195)
	at org.apache.ratis.server.impl.LeaderElection.lambda$submitRequests$1(LeaderElection.java:237)
	at java.util.concurrent.FutureTask.run(FutureTask.java:266)
	at java.util.concurrent.Executors$RunnableAdapter.call(Executors.java:511)
	at java.util.concurrent.FutureTask.run(FutureTask.java:266)
	at java.util.concurrent.ThreadPoolExecutor.runWorker(ThreadPoolExecutor.java:1149)
	at java.util.concurrent.ThreadPoolExecutor$Worker.run(ThreadPoolExecutor.java:624)
	... 1 more
Caused by: org.apache.ratis.thirdparty.io.netty.channel.AbstractChannel$AnnotatedConnectException: Connection refused: /192.168.36.91:40137
	at sun.nio.ch.SocketChannelImpl.checkConnect(Native Method)
	at sun.nio.ch.SocketChannelImpl.finishConnect(SocketChannelImpl.java:717)
	at org.apache.ratis.thirdparty.io.netty.channel.socket.nio.NioSocketChannel.doFinishConnect(NioSocketChannel.java:327)
	at org.apache.ratis.thirdparty.io.netty.channel.nio.AbstractNioChannel$AbstractNioUnsafe.finishConnect(AbstractNioChannel.java:340)
	at org.apache.ratis.thirdparty.io.netty.channel.nio.NioEventLoop.processSelectedKey(NioEventLoop.java:632)
	at org.apache.ratis.thirdparty.io.netty.channel.nio.NioEventLoop.processSelectedKeysOptimized(NioEventLoop.java:579)
	at org.apache.ratis.thirdparty.io.netty.channel.nio.NioEventLoop.processSelectedKeys(NioEventLoop.java:496)
	at org.apache.ratis.thirdparty.io.netty.channel.nio.NioEventLoop.run(NioEventLoop.java:458)
	at org.apache.ratis.thirdparty.io.netty.util.concurrent.SingleThreadEventExecutor$5.run(SingleThreadEventExecutor.java:897)
	at org.apache.ratis.thirdparty.io.netty.util.concurrent.FastThreadLocalRunnable.run(FastThreadLocalRunnable.java:30)
	... 1 more
Caused by: java.net.ConnectException: Connection refused
	... 11 more
2019-09-01 05:53:37,899 [grpc-default-executor-1] INFO  impl.RaftServerImpl (ServerState.java:setLeader(263)) - 2e72a9ea-f178-40e5-bf42-2c889e32e769:group-BF85EB72019C change Leader from f61a82c2-42b9-49e6-922b-54bde2900752 to null at term 2 for updateCurrentTerm
2019-09-01 05:53:37,900 [grpc-default-executor-1] INFO  impl.RaftServerImpl (RaftServerImpl.java:setRole(171)) - 2e72a9ea-f178-40e5-bf42-2c889e32e769:group-BF85EB72019C changes role from FOLLOWER to FOLLOWER at term 2 for recognizeCandidate:99b5111b-d356-42b4-8380-346acbcabf6e
2019-09-01 05:53:37,900 [grpc-default-executor-1] INFO  impl.RoleInfo (RoleInfo.java:shutdownFollowerState(121)) - 2e72a9ea-f178-40e5-bf42-2c889e32e769: shutdown FollowerState
2019-09-01 05:53:37,900 [grpc-default-executor-1] INFO  impl.RoleInfo (RoleInfo.java:updateAndGet(143)) - 2e72a9ea-f178-40e5-bf42-2c889e32e769: start FollowerState
2019-09-01 05:53:37,900 [Thread-3661] INFO  impl.FollowerState (FollowerState.java:run(114)) - 2e72a9ea-f178-40e5-bf42-2c889e32e769: FollowerState was interrupted: java.lang.InterruptedException: sleep interrupted
2019-09-01 05:53:37,945 [99b5111b-d356-42b4-8380-346acbcabf6e:group-BF85EB72019C:LeaderElection265] INFO  impl.LeaderElection (LeaderElection.java:logAndReturn(56)) - 99b5111b-d356-42b4-8380-346acbcabf6e:group-BF85EB72019C:LeaderElection265: Election PASSED; received 1 response(s) [99b5111b-d356-42b4-8380-346acbcabf6e<-2e72a9ea-f178-40e5-bf42-2c889e32e769#0:OK-t2] and 1 exception(s); 99b5111b-d356-42b4-8380-346acbcabf6e:t2, leader=null, voted=99b5111b-d356-42b4-8380-346acbcabf6e, raftlog=99b5111b-d356-42b4-8380-346acbcabf6e-SegmentedRaftLog:OPENED:c12,f12,i12, conf=0: [f61a82c2-42b9-49e6-922b-54bde2900752:192.168.36.91:40137, 2e72a9ea-f178-40e5-bf42-2c889e32e769:192.168.36.91:37184, 99b5111b-d356-42b4-8380-346acbcabf6e:192.168.36.91:35209], old=null
2019-09-01 05:53:37,945 [99b5111b-d356-42b4-8380-346acbcabf6e:group-BF85EB72019C:LeaderElection265] INFO  impl.LeaderElection (LogUtils.java:infoOrTrace(149)) -   Exception 0: {}
java.util.concurrent.ExecutionException: org.apache.ratis.thirdparty.io.grpc.StatusRuntimeException: UNAVAILABLE: io exception
	at java.util.concurrent.FutureTask.report(FutureTask.java:122)
	at java.util.concurrent.FutureTask.get(FutureTask.java:192)
	at org.apache.ratis.server.impl.LeaderElection.waitForResults(LeaderElection.java:262)
	at org.apache.ratis.server.impl.LeaderElection.askForVotes(LeaderElection.java:200)
	at org.apache.ratis.server.impl.LeaderElection.run(LeaderElection.java:130)
	at java.lang.Thread.run(Thread.java:748)
Caused by: org.apache.ratis.thirdparty.io.grpc.StatusRuntimeException: UNAVAILABLE: io exception
	at org.apache.ratis.thirdparty.io.grpc.stub.ClientCalls.toStatusRuntimeException(ClientCalls.java:233)
	at org.apache.ratis.thirdparty.io.grpc.stub.ClientCalls.getUnchecked(ClientCalls.java:214)
	at org.apache.ratis.thirdparty.io.grpc.stub.ClientCalls.blockingUnaryCall(ClientCalls.java:139)
	at org.apache.ratis.proto.grpc.RaftServerProtocolServiceGrpc$RaftServerProtocolServiceBlockingStub.requestVote(RaftServerProtocolServiceGrpc.java:265)
	at org.apache.ratis.grpc.server.GrpcServerProtocolClient.requestVote(GrpcServerProtocolClient.java:83)
	at org.apache.ratis.grpc.server.GrpcService.requestVote(GrpcService.java:195)
	at org.apache.ratis.server.impl.LeaderElection.lambda$submitRequests$1(LeaderElection.java:237)
	at java.util.concurrent.FutureTask.run(FutureTask.java:266)
	at java.util.concurrent.Executors$RunnableAdapter.call(Executors.java:511)
	at java.util.concurrent.FutureTask.run(FutureTask.java:266)
	at java.util.concurrent.ThreadPoolExecutor.runWorker(ThreadPoolExecutor.java:1149)
	at java.util.concurrent.ThreadPoolExecutor$Worker.run(ThreadPoolExecutor.java:624)
	... 1 more
Caused by: org.apache.ratis.thirdparty.io.netty.channel.AbstractChannel$AnnotatedConnectException: Connection refused: /192.168.36.91:40137
	at sun.nio.ch.SocketChannelImpl.checkConnect(Native Method)
	at sun.nio.ch.SocketChannelImpl.finishConnect(SocketChannelImpl.java:717)
	at org.apache.ratis.thirdparty.io.netty.channel.socket.nio.NioSocketChannel.doFinishConnect(NioSocketChannel.java:327)
	at org.apache.ratis.thirdparty.io.netty.channel.nio.AbstractNioChannel$AbstractNioUnsafe.finishConnect(AbstractNioChannel.java:340)
	at org.apache.ratis.thirdparty.io.netty.channel.nio.NioEventLoop.processSelectedKey(NioEventLoop.java:632)
	at org.apache.ratis.thirdparty.io.netty.channel.nio.NioEventLoop.processSelectedKeysOptimized(NioEventLoop.java:579)
	at org.apache.ratis.thirdparty.io.netty.channel.nio.NioEventLoop.processSelectedKeys(NioEventLoop.java:496)
	at org.apache.ratis.thirdparty.io.netty.channel.nio.NioEventLoop.run(NioEventLoop.java:458)
	at org.apache.ratis.thirdparty.io.netty.util.concurrent.SingleThreadEventExecutor$5.run(SingleThreadEventExecutor.java:897)
	at org.apache.ratis.thirdparty.io.netty.util.concurrent.FastThreadLocalRunnable.run(FastThreadLocalRunnable.java:30)
	... 1 more
Caused by: java.net.ConnectException: Connection refused
	... 11 more
2019-09-01 05:53:37,945 [99b5111b-d356-42b4-8380-346acbcabf6e:group-BF85EB72019C:LeaderElection265] INFO  impl.RoleInfo (RoleInfo.java:shutdownLeaderElection(134)) - 99b5111b-d356-42b4-8380-346acbcabf6e: shutdown LeaderElection
2019-09-01 05:53:37,945 [99b5111b-d356-42b4-8380-346acbcabf6e:group-BF85EB72019C:LeaderElection265] INFO  impl.RaftServerImpl (RaftServerImpl.java:setRole(171)) - 99b5111b-d356-42b4-8380-346acbcabf6e:group-BF85EB72019C changes role from CANDIDATE to LEADER at term 2 for changeToLeader
2019-09-01 05:53:37,945 [99b5111b-d356-42b4-8380-346acbcabf6e:group-BF85EB72019C:LeaderElection265] INFO  impl.RaftServerImpl (ServerState.java:setLeader(263)) - 99b5111b-d356-42b4-8380-346acbcabf6e:group-BF85EB72019C change Leader from null to 99b5111b-d356-42b4-8380-346acbcabf6e at term 2 for becomeLeader, leader elected after 115ms
2019-09-01 05:53:37,946 [99b5111b-d356-42b4-8380-346acbcabf6e:group-BF85EB72019C:LeaderElection265] INFO  server.RaftServerConfigKeys (ConfUtils.java:logGet(43)) - raft.server.staging.catchup.gap = 1000 (default)
2019-09-01 05:53:37,946 [99b5111b-d356-42b4-8380-346acbcabf6e:group-BF85EB72019C:LeaderElection265] INFO  server.RaftServerConfigKeys (ConfUtils.java:logGet(43)) - raft.server.rpc.sleep.time = 25ms (default)
2019-09-01 05:53:37,946 [99b5111b-d356-42b4-8380-346acbcabf6e:group-BF85EB72019C:LeaderElection265] INFO  server.RaftServerConfigKeys (ConfUtils.java:logGet(43)) - raft.server.write.element-limit = 4096 (default)
2019-09-01 05:53:37,946 [99b5111b-d356-42b4-8380-346acbcabf6e:group-BF85EB72019C:LeaderElection265] INFO  server.RaftServerConfigKeys (ConfUtils.java:logGet(43)) - raft.server.watch.timeout = 10s (default)
2019-09-01 05:53:37,946 [99b5111b-d356-42b4-8380-346acbcabf6e:group-BF85EB72019C:LeaderElection265] INFO  server.RaftServerConfigKeys (ConfUtils.java:logGet(43)) - raft.server.watch.timeout.denomination = 1s (default)
2019-09-01 05:53:37,946 [99b5111b-d356-42b4-8380-346acbcabf6e:group-BF85EB72019C:LeaderElection265] INFO  server.RaftServerConfigKeys (ConfUtils.java:logGet(43)) - raft.server.watch.element-limit = 65536 (default)
2019-09-01 05:53:37,947 [99b5111b-d356-42b4-8380-346acbcabf6e:group-BF85EB72019C:LeaderElection265] INFO  server.RaftServerConfigKeys (ConfUtils.java:logGet(43)) - raft.server.log.appender.snapshot.chunk.size.max = 16MB (=16777216) (default)
2019-09-01 05:53:37,947 [99b5111b-d356-42b4-8380-346acbcabf6e:group-BF85EB72019C:LeaderElection265] INFO  server.RaftServerConfigKeys (ConfUtils.java:logGet(43)) - raft.server.log.appender.buffer.byte-limit = 33554432 (custom)
2019-09-01 05:53:37,947 [99b5111b-d356-42b4-8380-346acbcabf6e:group-BF85EB72019C:LeaderElection265] INFO  server.RaftServerConfigKeys (ConfUtils.java:logGet(43)) - raft.server.log.appender.buffer.element-limit = 1 (custom)
2019-09-01 05:53:37,948 [99b5111b-d356-42b4-8380-346acbcabf6e:group-BF85EB72019C:LeaderElection265] INFO  grpc.GrpcConfigKeys$Server (ConfUtils.java:logGet(43)) - raft.grpc.server.leader.outstanding.appends.max = 128 (default)
2019-09-01 05:53:37,948 [99b5111b-d356-42b4-8380-346acbcabf6e:group-BF85EB72019C:LeaderElection265] INFO  server.RaftServerConfigKeys (ConfUtils.java:logGet(43)) - raft.server.rpc.request.timeout = 3000ms (default)
2019-09-01 05:53:37,948 [99b5111b-d356-42b4-8380-346acbcabf6e:group-BF85EB72019C:LeaderElection265] INFO  server.RaftServerConfigKeys (ConfUtils.java:logGet(43)) - raft.server.log.appender.install.snapshot.enabled = false (custom)
2019-09-01 05:53:37,948 [99b5111b-d356-42b4-8380-346acbcabf6e:group-BF85EB72019C:LeaderElection265] INFO  server.RaftServerConfigKeys (ConfUtils.java:logGet(43)) - raft.server.log.appender.snapshot.chunk.size.max = 16MB (=16777216) (default)
2019-09-01 05:53:37,948 [99b5111b-d356-42b4-8380-346acbcabf6e:group-BF85EB72019C:LeaderElection265] INFO  server.RaftServerConfigKeys (ConfUtils.java:logGet(43)) - raft.server.log.appender.buffer.byte-limit = 33554432 (custom)
2019-09-01 05:53:37,949 [99b5111b-d356-42b4-8380-346acbcabf6e:group-BF85EB72019C:LeaderElection265] INFO  server.RaftServerConfigKeys (ConfUtils.java:logGet(43)) - raft.server.log.appender.buffer.element-limit = 1 (custom)
2019-09-01 05:53:37,949 [99b5111b-d356-42b4-8380-346acbcabf6e:group-BF85EB72019C:LeaderElection265] INFO  grpc.GrpcConfigKeys$Server (ConfUtils.java:logGet(43)) - raft.grpc.server.leader.outstanding.appends.max = 128 (default)
2019-09-01 05:53:37,949 [99b5111b-d356-42b4-8380-346acbcabf6e:group-BF85EB72019C:LeaderElection265] INFO  server.RaftServerConfigKeys (ConfUtils.java:logGet(43)) - raft.server.rpc.request.timeout = 3000ms (default)
2019-09-01 05:53:37,949 [99b5111b-d356-42b4-8380-346acbcabf6e:group-BF85EB72019C:LeaderElection265] INFO  server.RaftServerConfigKeys (ConfUtils.java:logGet(43)) - raft.server.log.appender.install.snapshot.enabled = false (custom)
2019-09-01 05:53:37,949 [99b5111b-d356-42b4-8380-346acbcabf6e:group-BF85EB72019C:LeaderElection265] INFO  impl.RoleInfo (RoleInfo.java:updateAndGet(143)) - 99b5111b-d356-42b4-8380-346acbcabf6e: start LeaderState
2019-09-01 05:53:37,950 [99b5111b-d356-42b4-8380-346acbcabf6e:group-BF85EB72019C:LeaderElection265] INFO  segmented.SegmentedRaftLogWorker (SegmentedRaftLogWorker.java:rollLogSegment(385)) - 99b5111b-d356-42b4-8380-346acbcabf6e-SegmentedRaftLogWorker:Storage Directory /workdir/hadoop-ozone/integration-test/target/test-dir/MiniOzoneClusterImpl-fb00d516-ae13-4d3c-8a3f-926c553c4eaa/datanode-1/data/ratis/55cef6a9-e725-4da7-8f63-bf85eb72019c: Rolling segment log-0_12 to index:12
2019-09-01 05:53:37,951 [99b5111b-d356-42b4-8380-346acbcabf6e-SegmentedRaftLogWorker:Storage Directory /workdir/hadoop-ozone/integration-test/target/test-dir/MiniOzoneClusterImpl-fb00d516-ae13-4d3c-8a3f-926c553c4eaa/datanode-1/data/ratis/55cef6a9-e725-4da7-8f63-bf85eb72019c] INFO  segmented.SegmentedRaftLogWorker (SegmentedRaftLogWorker.java:execute(526)) - 99b5111b-d356-42b4-8380-346acbcabf6e-SegmentedRaftLogWorker:Storage Directory /workdir/hadoop-ozone/integration-test/target/test-dir/MiniOzoneClusterImpl-fb00d516-ae13-4d3c-8a3f-926c553c4eaa/datanode-1/data/ratis/55cef6a9-e725-4da7-8f63-bf85eb72019c: Rolled log segment from /workdir/hadoop-ozone/integration-test/target/test-dir/MiniOzoneClusterImpl-fb00d516-ae13-4d3c-8a3f-926c553c4eaa/datanode-1/data/ratis/55cef6a9-e725-4da7-8f63-bf85eb72019c/current/log_inprogress_0 to /workdir/hadoop-ozone/integration-test/target/test-dir/MiniOzoneClusterImpl-fb00d516-ae13-4d3c-8a3f-926c553c4eaa/datanode-1/data/ratis/55cef6a9-e725-4da7-8f63-bf85eb72019c/current/log_0-12
2019-09-01 05:53:37,951 [99b5111b-d356-42b4-8380-346acbcabf6e:group-BF85EB72019C:LeaderElection265] INFO  impl.RaftServerImpl (ServerState.java:setRaftConf(361)) - 99b5111b-d356-42b4-8380-346acbcabf6e:group-BF85EB72019C set configuration 13: [f61a82c2-42b9-49e6-922b-54bde2900752:192.168.36.91:40137, 2e72a9ea-f178-40e5-bf42-2c889e32e769:192.168.36.91:37184, 99b5111b-d356-42b4-8380-346acbcabf6e:192.168.36.91:35209], old=null at 13
2019-09-01 05:53:37,952 [grpc-default-executor-1] WARN  server.GrpcLogAppender (LogUtils.java:warn(134)) - 99b5111b-d356-42b4-8380-346acbcabf6e->f61a82c2-42b9-49e6-922b-54bde2900752: Failed appendEntries: org.apache.ratis.thirdparty.io.grpc.StatusRuntimeException: UNAVAILABLE: io exception
2019-09-01 05:53:37,952 [grpc-default-executor-1] INFO  impl.FollowerInfo (FollowerInfo.java:lambda$new$0(50)) - 99b5111b-d356-42b4-8380-346acbcabf6e->f61a82c2-42b9-49e6-922b-54bde2900752: nextIndex: updateUnconditionally 13 -> 1
2019-09-01 05:53:38,002 [grpc-default-executor-7] INFO  impl.RaftServerImpl (ServerState.java:setLeader(263)) - 2e72a9ea-f178-40e5-bf42-2c889e32e769:group-BF85EB72019C change Leader from null to 99b5111b-d356-42b4-8380-346acbcabf6e at term 2 for appendEntries, leader elected after 102ms
2019-09-01 05:53:38,005 [grpc-default-executor-7] INFO  impl.RaftServerImpl (ServerState.java:setRaftConf(361)) - 2e72a9ea-f178-40e5-bf42-2c889e32e769:group-BF85EB72019C set configuration 13: [f61a82c2-42b9-49e6-922b-54bde2900752:192.168.36.91:40137, 2e72a9ea-f178-40e5-bf42-2c889e32e769:192.168.36.91:37184, 99b5111b-d356-42b4-8380-346acbcabf6e:192.168.36.91:35209], old=null at 13
2019-09-01 05:53:38,006 [grpc-default-executor-7] INFO  segmented.SegmentedRaftLogWorker (SegmentedRaftLogWorker.java:rollLogSegment(385)) - 2e72a9ea-f178-40e5-bf42-2c889e32e769-SegmentedRaftLogWorker:Storage Directory /workdir/hadoop-ozone/integration-test/target/test-dir/MiniOzoneClusterImpl-fb00d516-ae13-4d3c-8a3f-926c553c4eaa/datanode-4/data/ratis/55cef6a9-e725-4da7-8f63-bf85eb72019c: Rolling segment log-0_12 to index:12
2019-09-01 05:53:38,006 [2e72a9ea-f178-40e5-bf42-2c889e32e769-SegmentedRaftLogWorker:Storage Directory /workdir/hadoop-ozone/integration-test/target/test-dir/MiniOzoneClusterImpl-fb00d516-ae13-4d3c-8a3f-926c553c4eaa/datanode-4/data/ratis/55cef6a9-e725-4da7-8f63-bf85eb72019c] INFO  segmented.SegmentedRaftLogWorker (SegmentedRaftLogWorker.java:execute(526)) - 2e72a9ea-f178-40e5-bf42-2c889e32e769-SegmentedRaftLogWorker:Storage Directory /workdir/hadoop-ozone/integration-test/target/test-dir/MiniOzoneClusterImpl-fb00d516-ae13-4d3c-8a3f-926c553c4eaa/datanode-4/data/ratis/55cef6a9-e725-4da7-8f63-bf85eb72019c: Rolled log segment from /workdir/hadoop-ozone/integration-test/target/test-dir/MiniOzoneClusterImpl-fb00d516-ae13-4d3c-8a3f-926c553c4eaa/datanode-4/data/ratis/55cef6a9-e725-4da7-8f63-bf85eb72019c/current/log_inprogress_0 to /workdir/hadoop-ozone/integration-test/target/test-dir/MiniOzoneClusterImpl-fb00d516-ae13-4d3c-8a3f-926c553c4eaa/datanode-4/data/ratis/55cef6a9-e725-4da7-8f63-bf85eb72019c/current/log_0-12
2019-09-01 05:53:38,063 [99b5111b-d356-42b4-8380-346acbcabf6e-SegmentedRaftLogWorker:Storage Directory /workdir/hadoop-ozone/integration-test/target/test-dir/MiniOzoneClusterImpl-fb00d516-ae13-4d3c-8a3f-926c553c4eaa/datanode-1/data/ratis/55cef6a9-e725-4da7-8f63-bf85eb72019c] INFO  segmented.SegmentedRaftLogWorker (SegmentedRaftLogWorker.java:execute(569)) - 99b5111b-d356-42b4-8380-346acbcabf6e-SegmentedRaftLogWorker:Storage Directory /workdir/hadoop-ozone/integration-test/target/test-dir/MiniOzoneClusterImpl-fb00d516-ae13-4d3c-8a3f-926c553c4eaa/datanode-1/data/ratis/55cef6a9-e725-4da7-8f63-bf85eb72019c: created new log segment /workdir/hadoop-ozone/integration-test/target/test-dir/MiniOzoneClusterImpl-fb00d516-ae13-4d3c-8a3f-926c553c4eaa/datanode-1/data/ratis/55cef6a9-e725-4da7-8f63-bf85eb72019c/current/log_inprogress_13
2019-09-01 05:53:38,065 [2e72a9ea-f178-40e5-bf42-2c889e32e769-SegmentedRaftLogWorker:Storage Directory /workdir/hadoop-ozone/integration-test/target/test-dir/MiniOzoneClusterImpl-fb00d516-ae13-4d3c-8a3f-926c553c4eaa/datanode-4/data/ratis/55cef6a9-e725-4da7-8f63-bf85eb72019c] INFO  segmented.SegmentedRaftLogWorker (SegmentedRaftLogWorker.java:execute(569)) - 2e72a9ea-f178-40e5-bf42-2c889e32e769-SegmentedRaftLogWorker:Storage Directory /workdir/hadoop-ozone/integration-test/target/test-dir/MiniOzoneClusterImpl-fb00d516-ae13-4d3c-8a3f-926c553c4eaa/datanode-4/data/ratis/55cef6a9-e725-4da7-8f63-bf85eb72019c: created new log segment /workdir/hadoop-ozone/integration-test/target/test-dir/MiniOzoneClusterImpl-fb00d516-ae13-4d3c-8a3f-926c553c4eaa/datanode-4/data/ratis/55cef6a9-e725-4da7-8f63-bf85eb72019c/current/log_inprogress_13
2019-09-01 05:53:38,086 [grpc-default-executor-3] WARN  server.GrpcLogAppender (LogUtils.java:warn(134)) - 99b5111b-d356-42b4-8380-346acbcabf6e->f61a82c2-42b9-49e6-922b-54bde2900752: Failed appendEntries: org.apache.ratis.thirdparty.io.grpc.StatusRuntimeException: UNAVAILABLE: io exception
2019-09-01 05:53:38,086 [grpc-default-executor-3] INFO  impl.FollowerInfo (FollowerInfo.java:lambda$new$0(50)) - 99b5111b-d356-42b4-8380-346acbcabf6e->f61a82c2-42b9-49e6-922b-54bde2900752: nextIndex: updateUnconditionally 2 -> 1
2019-09-01 05:53:38,096 [grpc-default-executor-1] WARN  server.GrpcLogAppender (LogUtils.java:warn(134)) - 99b5111b-d356-42b4-8380-346acbcabf6e->f61a82c2-42b9-49e6-922b-54bde2900752: Failed appendEntries: org.apache.ratis.thirdparty.io.grpc.StatusRuntimeException: UNAVAILABLE: io exception
2019-09-01 05:53:38,097 [grpc-default-executor-1] INFO  impl.FollowerInfo (FollowerInfo.java:lambda$new$0(50)) - 99b5111b-d356-42b4-8380-346acbcabf6e->f61a82c2-42b9-49e6-922b-54bde2900752: nextIndex: updateUnconditionally 2 -> 1
2019-09-01 05:53:38,597 [grpc-default-executor-3] WARN  server.GrpcLogAppender (LogUtils.java:warn(134)) - 99b5111b-d356-42b4-8380-346acbcabf6e->f61a82c2-42b9-49e6-922b-54bde2900752: Failed appendEntries: org.apache.ratis.thirdparty.io.grpc.StatusRuntimeException: UNAVAILABLE: io exception
2019-09-01 05:53:38,598 [grpc-default-executor-3] INFO  impl.FollowerInfo (FollowerInfo.java:lambda$new$0(50)) - 99b5111b-d356-42b4-8380-346acbcabf6e->f61a82c2-42b9-49e6-922b-54bde2900752: nextIndex: updateUnconditionally 1 -> 0
2019-09-01 05:53:39,103 [grpc-default-executor-1] WARN  server.GrpcLogAppender (LogUtils.java:warn(134)) - 99b5111b-d356-42b4-8380-346acbcabf6e->f61a82c2-42b9-49e6-922b-54bde2900752: Failed appendEntries: org.apache.ratis.thirdparty.io.grpc.StatusRuntimeException: UNAVAILABLE: io exception
2019-09-01 05:53:39,104 [grpc-default-executor-1] INFO  impl.FollowerInfo (FollowerInfo.java:lambda$new$0(50)) - 99b5111b-d356-42b4-8380-346acbcabf6e->f61a82c2-42b9-49e6-922b-54bde2900752: nextIndex: updateUnconditionally 0 -> 0
2019-09-01 05:53:39,601 [grpc-default-executor-1] WARN  server.GrpcLogAppender (LogUtils.java:warn(134)) - 99b5111b-d356-42b4-8380-346acbcabf6e->f61a82c2-42b9-49e6-922b-54bde2900752: Failed appendEntries: org.apache.ratis.thirdparty.io.grpc.StatusRuntimeException: UNAVAILABLE: io exception
2019-09-01 05:53:39,601 [grpc-default-executor-1] INFO  impl.FollowerInfo (FollowerInfo.java:lambda$new$0(50)) - 99b5111b-d356-42b4-8380-346acbcabf6e->f61a82c2-42b9-49e6-922b-54bde2900752: nextIndex: updateUnconditionally 0 -> 0
2019-09-01 05:53:40,101 [grpc-default-executor-7] WARN  server.GrpcLogAppender (LogUtils.java:warn(134)) - 99b5111b-d356-42b4-8380-346acbcabf6e->f61a82c2-42b9-49e6-922b-54bde2900752: Failed appendEntries: org.apache.ratis.thirdparty.io.grpc.StatusRuntimeException: UNAVAILABLE: io exception
2019-09-01 05:53:40,102 [grpc-default-executor-7] INFO  impl.FollowerInfo (FollowerInfo.java:lambda$new$0(50)) - 99b5111b-d356-42b4-8380-346acbcabf6e->f61a82c2-42b9-49e6-922b-54bde2900752: nextIndex: updateUnconditionally 0 -> 0
2019-09-01 05:53:40,602 [grpc-default-executor-1] WARN  server.GrpcLogAppender (LogUtils.java:warn(134)) - 99b5111b-d356-42b4-8380-346acbcabf6e->f61a82c2-42b9-49e6-922b-54bde2900752: Failed appendEntries: org.apache.ratis.thirdparty.io.grpc.StatusRuntimeException: UNAVAILABLE: io exception
2019-09-01 05:53:40,603 [grpc-default-executor-1] INFO  impl.FollowerInfo (FollowerInfo.java:lambda$new$0(50)) - 99b5111b-d356-42b4-8380-346acbcabf6e->f61a82c2-42b9-49e6-922b-54bde2900752: nextIndex: updateUnconditionally 0 -> 0
2019-09-01 05:53:41,103 [grpc-default-executor-3] WARN  server.GrpcLogAppender (LogUtils.java:warn(134)) - 99b5111b-d356-42b4-8380-346acbcabf6e->f61a82c2-42b9-49e6-922b-54bde2900752: Failed appendEntries: org.apache.ratis.thirdparty.io.grpc.StatusRuntimeException: UNAVAILABLE: io exception
2019-09-01 05:53:41,103 [grpc-default-executor-3] INFO  impl.FollowerInfo (FollowerInfo.java:lambda$new$0(50)) - 99b5111b-d356-42b4-8380-346acbcabf6e->f61a82c2-42b9-49e6-922b-54bde2900752: nextIndex: updateUnconditionally 0 -> 0
2019-09-01 05:53:41,603 [grpc-default-executor-7] WARN  server.GrpcLogAppender (LogUtils.java:warn(134)) - 99b5111b-d356-42b4-8380-346acbcabf6e->f61a82c2-42b9-49e6-922b-54bde2900752: Failed appendEntries: org.apache.ratis.thirdparty.io.grpc.StatusRuntimeException: UNAVAILABLE: io exception
2019-09-01 05:53:41,604 [grpc-default-executor-7] INFO  impl.FollowerInfo (FollowerInfo.java:lambda$new$0(50)) - 99b5111b-d356-42b4-8380-346acbcabf6e->f61a82c2-42b9-49e6-922b-54bde2900752: nextIndex: updateUnconditionally 0 -> 0
2019-09-01 05:53:41,787 [main] INFO  ozoneimpl.OzoneContainer (OzoneContainer.java:stop(215)) - Attempting to stop container services.
2019-09-01 05:53:41,787 [main] INFO  impl.RaftServerProxy (RaftServerProxy.java:lambda$close$4(314)) - 2add93e0-2462-45f9-8504-d95fbdd1cf50: close
2019-09-01 05:53:41,788 [main] INFO  impl.RaftServerImpl (RaftServerImpl.java:lambda$shutdown$3(245)) - 2add93e0-2462-45f9-8504-d95fbdd1cf50: shutdown group-81B41AFD0915
2019-09-01 05:53:41,788 [main] INFO  util.JmxRegister (JmxRegister.java:unregister(73)) - Successfully un-registered JMX Bean with object name Ratis:service=RaftServer,group=group-81B41AFD0915,id=2add93e0-2462-45f9-8504-d95fbdd1cf50
2019-09-01 05:53:41,789 [main] INFO  impl.RoleInfo (RoleInfo.java:shutdownLeaderState(104)) - 2add93e0-2462-45f9-8504-d95fbdd1cf50: shutdown LeaderState
2019-09-01 05:53:41,789 [main] INFO  impl.PendingRequests (PendingRequests.java:sendNotLeaderResponses(202)) - 2add93e0-2462-45f9-8504-d95fbdd1cf50-PendingRequests: sendNotLeaderResponses
2019-09-01 05:53:41,789 [main] INFO  impl.StateMachineUpdater (StateMachineUpdater.java:stopAndJoin(115)) - StateMachineUpdater:2add93e0-2462-45f9-8504-d95fbdd1cf50:group-81B41AFD0915: set stopIndex = 0
2019-09-01 05:53:41,790 [main] INFO  impl.RaftServerImpl (ServerState.java:close(394)) - 2add93e0-2462-45f9-8504-d95fbdd1cf50:group-81B41AFD0915 closes. The last applied log index is 0
2019-09-01 05:53:41,790 [2add93e0-2462-45f9-8504-d95fbdd1cf50-SegmentedRaftLogWorker:Storage Directory /workdir/hadoop-ozone/integration-test/target/test-dir/MiniOzoneClusterImpl-fb00d516-ae13-4d3c-8a3f-926c553c4eaa/datanode-8/data/ratis/c5ed2ac6-c3a6-4d8d-afd7-81b41afd0915] INFO  segmented.SegmentedRaftLogWorker (SegmentedRaftLogWorker.java:run(313)) - 2add93e0-2462-45f9-8504-d95fbdd1cf50-SegmentedRaftLogWorker:Storage Directory /workdir/hadoop-ozone/integration-test/target/test-dir/MiniOzoneClusterImpl-fb00d516-ae13-4d3c-8a3f-926c553c4eaa/datanode-8/data/ratis/c5ed2ac6-c3a6-4d8d-afd7-81b41afd0915 was interrupted, exiting. There are 0 tasks remaining in the queue.
2019-09-01 05:53:41,794 [main] INFO  segmented.SegmentedRaftLogWorker (SegmentedRaftLogWorker.java:close(228)) - 2add93e0-2462-45f9-8504-d95fbdd1cf50-SegmentedRaftLogWorker:Storage Directory /workdir/hadoop-ozone/integration-test/target/test-dir/MiniOzoneClusterImpl-fb00d516-ae13-4d3c-8a3f-926c553c4eaa/datanode-8/data/ratis/c5ed2ac6-c3a6-4d8d-afd7-81b41afd0915 close()
2019-09-01 05:53:41,810 [main] INFO  impl.RaftServerImpl (RaftServerImpl.java:lambda$shutdown$3(245)) - 2add93e0-2462-45f9-8504-d95fbdd1cf50: shutdown group-389DF4E823E9
2019-09-01 05:53:41,810 [main] INFO  util.JmxRegister (JmxRegister.java:unregister(73)) - Successfully un-registered JMX Bean with object name Ratis:service=RaftServer,group=group-389DF4E823E9,id=2add93e0-2462-45f9-8504-d95fbdd1cf50
2019-09-01 05:53:41,811 [main] INFO  impl.RoleInfo (RoleInfo.java:shutdownFollowerState(121)) - 2add93e0-2462-45f9-8504-d95fbdd1cf50: shutdown FollowerState
2019-09-01 05:53:41,811 [main] INFO  impl.StateMachineUpdater (StateMachineUpdater.java:stopAndJoin(115)) - StateMachineUpdater:2add93e0-2462-45f9-8504-d95fbdd1cf50:group-389DF4E823E9: set stopIndex = 0
2019-09-01 05:53:41,811 [Thread-4171] INFO  impl.FollowerState (FollowerState.java:run(114)) - 2add93e0-2462-45f9-8504-d95fbdd1cf50: FollowerState was interrupted: java.lang.InterruptedException: sleep interrupted
2019-09-01 05:53:41,811 [main] INFO  impl.RaftServerImpl (ServerState.java:close(394)) - 2add93e0-2462-45f9-8504-d95fbdd1cf50:group-389DF4E823E9 closes. The last applied log index is 0
2019-09-01 05:53:41,812 [2add93e0-2462-45f9-8504-d95fbdd1cf50-SegmentedRaftLogWorker:Storage Directory /workdir/hadoop-ozone/integration-test/target/test-dir/MiniOzoneClusterImpl-fb00d516-ae13-4d3c-8a3f-926c553c4eaa/datanode-8/data/ratis/cbe75309-bf4f-419f-81ce-389df4e823e9] INFO  segmented.SegmentedRaftLogWorker (SegmentedRaftLogWorker.java:run(313)) - 2add93e0-2462-45f9-8504-d95fbdd1cf50-SegmentedRaftLogWorker:Storage Directory /workdir/hadoop-ozone/integration-test/target/test-dir/MiniOzoneClusterImpl-fb00d516-ae13-4d3c-8a3f-926c553c4eaa/datanode-8/data/ratis/cbe75309-bf4f-419f-81ce-389df4e823e9 was interrupted, exiting. There are 0 tasks remaining in the queue.
2019-09-01 05:53:41,812 [main] INFO  segmented.SegmentedRaftLogWorker (SegmentedRaftLogWorker.java:close(228)) - 2add93e0-2462-45f9-8504-d95fbdd1cf50-SegmentedRaftLogWorker:Storage Directory /workdir/hadoop-ozone/integration-test/target/test-dir/MiniOzoneClusterImpl-fb00d516-ae13-4d3c-8a3f-926c553c4eaa/datanode-8/data/ratis/cbe75309-bf4f-419f-81ce-389df4e823e9 close()
2019-09-01 05:53:41,815 [main] INFO  server.GrpcService (GrpcService.java:closeImpl(155)) - 2add93e0-2462-45f9-8504-d95fbdd1cf50: shutdown server with port 37068 now
2019-09-01 05:53:41,816 [grpc-default-executor-1] WARN  server.GrpcServerProtocolService (LogUtils.java:warn(134)) - 2add93e0-2462-45f9-8504-d95fbdd1cf50: appendEntries onError: org.apache.ratis.thirdparty.io.grpc.StatusRuntimeException: CANCELLED: cancelled before receiving half close
2019-09-01 05:53:41,816 [main] INFO  server.GrpcService (GrpcService.java:closeImpl(163)) - 2add93e0-2462-45f9-8504-d95fbdd1cf50: shutdown server with port 37068 successfully
2019-09-01 05:53:41,816 [grpc-default-executor-7] WARN  server.GrpcLogAppender (LogUtils.java:warn(134)) - e504cd85-a1db-4587-8509-c7399dc7cafe->2add93e0-2462-45f9-8504-d95fbdd1cf50: Failed appendEntries: org.apache.ratis.thirdparty.io.grpc.StatusRuntimeException: CANCELLED: HTTP/2 error code: CANCEL
Received Rst Stream
2019-09-01 05:53:41,817 [grpc-default-executor-7] INFO  impl.FollowerInfo (FollowerInfo.java:lambda$new$0(50)) - e504cd85-a1db-4587-8509-c7399dc7cafe->2add93e0-2462-45f9-8504-d95fbdd1cf50: nextIndex: updateUnconditionally 1 -> 0
2019-09-01 05:53:41,818 [refreshUsed-/workdir/hadoop-ozone/integration-test/target/test-dir/MiniOzoneClusterImpl-fb00d516-ae13-4d3c-8a3f-926c553c4eaa/datanode-8/data/containers] WARN  fs.CachingGetSpaceUsed (CachingGetSpaceUsed.java:run(183)) - Thread Interrupted waiting to refresh disk information: sleep interrupted
2019-09-01 05:53:41,831 [ForkJoinPool.commonPool-worker-1] INFO  ozoneimpl.OzoneContainer (OzoneContainer.java:stop(215)) - Attempting to stop container services.
2019-09-01 05:53:41,831 [ForkJoinPool.commonPool-worker-1] INFO  impl.RaftServerProxy (RaftServerProxy.java:lambda$close$4(314)) - 2e72a9ea-f178-40e5-bf42-2c889e32e769: close
2019-09-01 05:53:41,831 [ForkJoinPool.commonPool-worker-1] INFO  impl.RaftServerImpl (RaftServerImpl.java:lambda$shutdown$3(245)) - 2e72a9ea-f178-40e5-bf42-2c889e32e769: shutdown group-BF85EB72019C
2019-09-01 05:53:41,831 [ForkJoinPool.commonPool-worker-1] INFO  util.JmxRegister (JmxRegister.java:unregister(73)) - Successfully un-registered JMX Bean with object name Ratis:service=RaftServer,group=group-BF85EB72019C,id=2e72a9ea-f178-40e5-bf42-2c889e32e769
2019-09-01 05:53:41,832 [ForkJoinPool.commonPool-worker-1] INFO  impl.RoleInfo (RoleInfo.java:shutdownFollowerState(121)) - 2e72a9ea-f178-40e5-bf42-2c889e32e769: shutdown FollowerState
2019-09-01 05:53:41,832 [ForkJoinPool.commonPool-worker-1] INFO  impl.StateMachineUpdater (StateMachineUpdater.java:stopAndJoin(115)) - StateMachineUpdater:2e72a9ea-f178-40e5-bf42-2c889e32e769:group-BF85EB72019C: set stopIndex = 14
2019-09-01 05:53:41,832 [Thread-4349] INFO  impl.FollowerState (FollowerState.java:run(114)) - 2e72a9ea-f178-40e5-bf42-2c889e32e769: FollowerState was interrupted: java.lang.InterruptedException: sleep interrupted
2019-09-01 05:53:41,832 [StateMachineUpdater:2e72a9ea-f178-40e5-bf42-2c889e32e769:group-BF85EB72019C] INFO  ratis.ContainerStateMachine (ContainerStateMachine.java:takeSnapshot(284)) - group-BF85EB72019C: Taking a snapshot at:(t:1, i:8) file /workdir/hadoop-ozone/integration-test/target/test-dir/MiniOzoneClusterImpl-fb00d516-ae13-4d3c-8a3f-926c553c4eaa/datanode-4/data/ratis/55cef6a9-e725-4da7-8f63-bf85eb72019c/sm/snapshot.1_8
2019-09-01 05:53:41,835 [main] INFO  utils.BackgroundService (BackgroundService.java:shutdown(148)) - Shutting down service BlockDeletingService
2019-09-01 05:53:41,837 [main] INFO  statemachine.DatanodeStateMachine (DatanodeStateMachine.java:stopDaemon(395)) - Ozone container server stopped.
2019-09-01 05:53:41,838 [main] INFO  handler.ContextHandler (ContextHandler.java:doStop(910)) - Stopped o.e.j.w.WebAppContext@53feeac9{/,null,UNAVAILABLE}{/hddsDatanode}
2019-09-01 05:53:41,839 [main] INFO  server.AbstractConnector (AbstractConnector.java:doStop(318)) - Stopped ServerConnector@70091872{HTTP/1.1,[http/1.1]}{0.0.0.0:0}
2019-09-01 05:53:41,839 [main] INFO  handler.ContextHandler (ContextHandler.java:doStop(910)) - Stopped o.e.j.s.ServletContextHandler@2b7facc7{/static,jar:file:/home/user/.m2/repository/org/apache/hadoop/hadoop-hdds-container-service/0.5.0-SNAPSHOT/hadoop-hdds-container-service-0.5.0-SNAPSHOT.jar!/webapps/static,UNAVAILABLE}
2019-09-01 05:53:41,840 [main] INFO  handler.ContextHandler (ContextHandler.java:doStop(910)) - Stopped o.e.j.s.ServletContextHandler@2450256f{/logs,file:///workdir/hadoop-ozone/integration-test/target/log,UNAVAILABLE}
2019-09-01 05:53:41,894 [StateMachineUpdater:2e72a9ea-f178-40e5-bf42-2c889e32e769:group-BF85EB72019C] INFO  ratis.ContainerStateMachine (ContainerStateMachine.java:takeSnapshot(295)) - group-BF85EB72019C: Finished taking a snapshot at:(t:1, i:8) file:/workdir/hadoop-ozone/integration-test/target/test-dir/MiniOzoneClusterImpl-fb00d516-ae13-4d3c-8a3f-926c553c4eaa/datanode-4/data/ratis/55cef6a9-e725-4da7-8f63-bf85eb72019c/sm/snapshot.1_8 time:62
2019-09-01 05:53:41,894 [StateMachineUpdater:2e72a9ea-f178-40e5-bf42-2c889e32e769:group-BF85EB72019C] INFO  impl.StateMachineUpdater (StateMachineUpdater.java:takeSnapshot(242)) - StateMachineUpdater:2e72a9ea-f178-40e5-bf42-2c889e32e769:group-BF85EB72019C: Took a snapshot at index 8
2019-09-01 05:53:41,894 [StateMachineUpdater:2e72a9ea-f178-40e5-bf42-2c889e32e769:group-BF85EB72019C] INFO  impl.StateMachineUpdater (StateMachineUpdater.java:lambda$new$0(80)) - StateMachineUpdater:2e72a9ea-f178-40e5-bf42-2c889e32e769:group-BF85EB72019C: snapshotIndex: updateIncreasingly -1 -> 8
2019-09-01 05:53:41,894 [ForkJoinPool.commonPool-worker-1] INFO  impl.RaftServerImpl (ServerState.java:close(394)) - 2e72a9ea-f178-40e5-bf42-2c889e32e769:group-BF85EB72019C closes. The last applied log index is 14
2019-09-01 05:53:41,895 [2e72a9ea-f178-40e5-bf42-2c889e32e769-SegmentedRaftLogWorker:Storage Directory /workdir/hadoop-ozone/integration-test/target/test-dir/MiniOzoneClusterImpl-fb00d516-ae13-4d3c-8a3f-926c553c4eaa/datanode-4/data/ratis/55cef6a9-e725-4da7-8f63-bf85eb72019c] INFO  segmented.SegmentedRaftLogWorker (SegmentedRaftLogWorker.java:run(313)) - 2e72a9ea-f178-40e5-bf42-2c889e32e769-SegmentedRaftLogWorker:Storage Directory /workdir/hadoop-ozone/integration-test/target/test-dir/MiniOzoneClusterImpl-fb00d516-ae13-4d3c-8a3f-926c553c4eaa/datanode-4/data/ratis/55cef6a9-e725-4da7-8f63-bf85eb72019c was interrupted, exiting. There are 0 tasks remaining in the queue.
2019-09-01 05:53:41,895 [ForkJoinPool.commonPool-worker-1] INFO  segmented.SegmentedRaftLogWorker (SegmentedRaftLogWorker.java:close(228)) - 2e72a9ea-f178-40e5-bf42-2c889e32e769-SegmentedRaftLogWorker:Storage Directory /workdir/hadoop-ozone/integration-test/target/test-dir/MiniOzoneClusterImpl-fb00d516-ae13-4d3c-8a3f-926c553c4eaa/datanode-4/data/ratis/55cef6a9-e725-4da7-8f63-bf85eb72019c close()
2019-09-01 05:53:41,897 [ForkJoinPool.commonPool-worker-1] INFO  impl.RaftServerImpl (RaftServerImpl.java:lambda$shutdown$3(245)) - 2e72a9ea-f178-40e5-bf42-2c889e32e769: shutdown group-1CEB937456E3
2019-09-01 05:53:41,898 [ForkJoinPool.commonPool-worker-1] INFO  util.JmxRegister (JmxRegister.java:unregister(73)) - Successfully un-registered JMX Bean with object name Ratis:service=RaftServer,group=group-1CEB937456E3,id=2e72a9ea-f178-40e5-bf42-2c889e32e769
2019-09-01 05:53:41,898 [ForkJoinPool.commonPool-worker-1] INFO  impl.RoleInfo (RoleInfo.java:shutdownLeaderState(104)) - 2e72a9ea-f178-40e5-bf42-2c889e32e769: shutdown LeaderState
2019-09-01 05:53:41,898 [ForkJoinPool.commonPool-worker-1] INFO  impl.PendingRequests (PendingRequests.java:sendNotLeaderResponses(202)) - 2e72a9ea-f178-40e5-bf42-2c889e32e769-PendingRequests: sendNotLeaderResponses
2019-09-01 05:53:41,899 [ForkJoinPool.commonPool-worker-1] INFO  impl.StateMachineUpdater (StateMachineUpdater.java:stopAndJoin(115)) - StateMachineUpdater:2e72a9ea-f178-40e5-bf42-2c889e32e769:group-1CEB937456E3: set stopIndex = 0
2019-09-01 05:53:41,899 [ForkJoinPool.commonPool-worker-1] INFO  impl.RaftServerImpl (ServerState.java:close(394)) - 2e72a9ea-f178-40e5-bf42-2c889e32e769:group-1CEB937456E3 closes. The last applied log index is 0
2019-09-01 05:53:41,899 [2e72a9ea-f178-40e5-bf42-2c889e32e769-SegmentedRaftLogWorker:Storage Directory /workdir/hadoop-ozone/integration-test/target/test-dir/MiniOzoneClusterImpl-fb00d516-ae13-4d3c-8a3f-926c553c4eaa/datanode-4/data/ratis/c57c860e-8f2e-4013-995c-1ceb937456e3] INFO  segmented.SegmentedRaftLogWorker (SegmentedRaftLogWorker.java:run(313)) - 2e72a9ea-f178-40e5-bf42-2c889e32e769-SegmentedRaftLogWorker:Storage Directory /workdir/hadoop-ozone/integration-test/target/test-dir/MiniOzoneClusterImpl-fb00d516-ae13-4d3c-8a3f-926c553c4eaa/datanode-4/data/ratis/c57c860e-8f2e-4013-995c-1ceb937456e3 was interrupted, exiting. There are 0 tasks remaining in the queue.
2019-09-01 05:53:41,900 [ForkJoinPool.commonPool-worker-1] INFO  segmented.SegmentedRaftLogWorker (SegmentedRaftLogWorker.java:close(228)) - 2e72a9ea-f178-40e5-bf42-2c889e32e769-SegmentedRaftLogWorker:Storage Directory /workdir/hadoop-ozone/integration-test/target/test-dir/MiniOzoneClusterImpl-fb00d516-ae13-4d3c-8a3f-926c553c4eaa/datanode-4/data/ratis/c57c860e-8f2e-4013-995c-1ceb937456e3 close()
2019-09-01 05:53:41,901 [ForkJoinPool.commonPool-worker-1] INFO  server.GrpcService (GrpcService.java:closeImpl(155)) - 2e72a9ea-f178-40e5-bf42-2c889e32e769: shutdown server with port 37184 now
2019-09-01 05:53:41,902 [grpc-default-executor-1] WARN  server.GrpcServerProtocolService (LogUtils.java:warn(134)) - 2e72a9ea-f178-40e5-bf42-2c889e32e769: appendEntries onError: org.apache.ratis.thirdparty.io.grpc.StatusRuntimeException: CANCELLED: cancelled before receiving half close
2019-09-01 05:53:41,902 [ForkJoinPool.commonPool-worker-1] INFO  server.GrpcService (GrpcService.java:closeImpl(163)) - 2e72a9ea-f178-40e5-bf42-2c889e32e769: shutdown server with port 37184 successfully
2019-09-01 05:53:41,902 [grpc-default-executor-3] WARN  server.GrpcLogAppender (LogUtils.java:warn(134)) - 99b5111b-d356-42b4-8380-346acbcabf6e->2e72a9ea-f178-40e5-bf42-2c889e32e769: Failed appendEntries: org.apache.ratis.thirdparty.io.grpc.StatusRuntimeException: CANCELLED: HTTP/2 error code: CANCEL
Received Rst Stream
2019-09-01 05:53:41,903 [grpc-default-executor-3] INFO  impl.FollowerInfo (FollowerInfo.java:lambda$new$0(50)) - 99b5111b-d356-42b4-8380-346acbcabf6e->2e72a9ea-f178-40e5-bf42-2c889e32e769: nextIndex: updateUnconditionally 15 -> 14
2019-09-01 05:53:41,904 [refreshUsed-/workdir/hadoop-ozone/integration-test/target/test-dir/MiniOzoneClusterImpl-fb00d516-ae13-4d3c-8a3f-926c553c4eaa/datanode-4/data/containers] WARN  fs.CachingGetSpaceUsed (CachingGetSpaceUsed.java:run(183)) - Thread Interrupted waiting to refresh disk information: sleep interrupted
2019-09-01 05:53:41,922 [ForkJoinPool.commonPool-worker-1] INFO  utils.BackgroundService (BackgroundService.java:shutdown(148)) - Shutting down service BlockDeletingService
2019-09-01 05:53:41,925 [ForkJoinPool.commonPool-worker-1] INFO  statemachine.DatanodeStateMachine (DatanodeStateMachine.java:stopDaemon(395)) - Ozone container server stopped.
2019-09-01 05:53:41,930 [ForkJoinPool.commonPool-worker-1] INFO  handler.ContextHandler (ContextHandler.java:doStop(910)) - Stopped o.e.j.w.WebAppContext@53982523{/,null,UNAVAILABLE}{/hddsDatanode}
2019-09-01 05:53:41,931 [ForkJoinPool.commonPool-worker-1] INFO  server.AbstractConnector (AbstractConnector.java:doStop(318)) - Stopped ServerConnector@489110c2{HTTP/1.1,[http/1.1]}{0.0.0.0:0}
2019-09-01 05:53:41,933 [ForkJoinPool.commonPool-worker-1] INFO  handler.ContextHandler (ContextHandler.java:doStop(910)) - Stopped o.e.j.s.ServletContextHandler@19cdc217{/static,jar:file:/home/user/.m2/repository/org/apache/hadoop/hadoop-hdds-container-service/0.5.0-SNAPSHOT/hadoop-hdds-container-service-0.5.0-SNAPSHOT.jar!/webapps/static,UNAVAILABLE}
2019-09-01 05:53:41,935 [ForkJoinPool.commonPool-worker-1] INFO  handler.ContextHandler (ContextHandler.java:doStop(910)) - Stopped o.e.j.s.ServletContextHandler@19ad75e5{/logs,file:///workdir/hadoop-ozone/integration-test/target/log,UNAVAILABLE}
2019-09-01 05:53:41,954 [grpc-default-executor-3] WARN  server.GrpcLogAppender (LogUtils.java:warn(134)) - e504cd85-a1db-4587-8509-c7399dc7cafe->2add93e0-2462-45f9-8504-d95fbdd1cf50: Failed appendEntries: org.apache.ratis.thirdparty.io.grpc.StatusRuntimeException: UNAVAILABLE: io exception
2019-09-01 05:53:41,954 [grpc-default-executor-3] INFO  impl.FollowerInfo (FollowerInfo.java:lambda$new$0(50)) - e504cd85-a1db-4587-8509-c7399dc7cafe->2add93e0-2462-45f9-8504-d95fbdd1cf50: nextIndex: updateUnconditionally 0 -> 0
2019-09-01 05:53:42,104 [grpc-default-executor-3] WARN  server.GrpcLogAppender (LogUtils.java:warn(134)) - 99b5111b-d356-42b4-8380-346acbcabf6e->f61a82c2-42b9-49e6-922b-54bde2900752: Failed appendEntries: org.apache.ratis.thirdparty.io.grpc.StatusRuntimeException: UNAVAILABLE: io exception
2019-09-01 05:53:42,104 [grpc-default-executor-3] INFO  impl.FollowerInfo (FollowerInfo.java:lambda$new$0(50)) - 99b5111b-d356-42b4-8380-346acbcabf6e->f61a82c2-42b9-49e6-922b-54bde2900752: nextIndex: updateUnconditionally 0 -> 0
2019-09-01 05:53:42,114 [grpc-default-executor-3] WARN  server.GrpcLogAppender (LogUtils.java:warn(134)) - 99b5111b-d356-42b4-8380-346acbcabf6e->2e72a9ea-f178-40e5-bf42-2c889e32e769: Failed appendEntries: org.apache.ratis.thirdparty.io.grpc.StatusRuntimeException: UNAVAILABLE: io exception
2019-09-01 05:53:42,114 [grpc-default-executor-3] INFO  impl.FollowerInfo (FollowerInfo.java:lambda$new$0(50)) - 99b5111b-d356-42b4-8380-346acbcabf6e->2e72a9ea-f178-40e5-bf42-2c889e32e769: nextIndex: updateUnconditionally 14 -> 13
2019-09-01 05:53:42,411 [Datanode State Machine Thread - 0] INFO  statemachine.DatanodeStateMachine (DatanodeStateMachine.java:lambda$startDaemon$0(350)) - Ozone container server started.
2019-09-01 05:53:42,455 [grpc-default-executor-6] WARN  server.GrpcLogAppender (LogUtils.java:warn(134)) - e504cd85-a1db-4587-8509-c7399dc7cafe->2add93e0-2462-45f9-8504-d95fbdd1cf50: Failed appendEntries: org.apache.ratis.thirdparty.io.grpc.StatusRuntimeException: UNAVAILABLE: io exception
2019-09-01 05:53:42,456 [grpc-default-executor-6] INFO  impl.FollowerInfo (FollowerInfo.java:lambda$new$0(50)) - e504cd85-a1db-4587-8509-c7399dc7cafe->2add93e0-2462-45f9-8504-d95fbdd1cf50: nextIndex: updateUnconditionally 0 -> 0
2019-09-01 05:53:42,604 [grpc-default-executor-1] WARN  server.GrpcLogAppender (LogUtils.java:warn(134)) - 99b5111b-d356-42b4-8380-346acbcabf6e->f61a82c2-42b9-49e6-922b-54bde2900752: Failed appendEntries: org.apache.ratis.thirdparty.io.grpc.StatusRuntimeException: UNAVAILABLE: io exception
2019-09-01 05:53:42,604 [grpc-default-executor-1] INFO  impl.FollowerInfo (FollowerInfo.java:lambda$new$0(50)) - 99b5111b-d356-42b4-8380-346acbcabf6e->f61a82c2-42b9-49e6-922b-54bde2900752: nextIndex: updateUnconditionally 0 -> 0
2019-09-01 05:53:42,615 [grpc-default-executor-6] WARN  server.GrpcLogAppender (LogUtils.java:warn(134)) - 99b5111b-d356-42b4-8380-346acbcabf6e->2e72a9ea-f178-40e5-bf42-2c889e32e769: Failed appendEntries: org.apache.ratis.thirdparty.io.grpc.StatusRuntimeException: UNAVAILABLE: io exception
2019-09-01 05:53:42,615 [grpc-default-executor-6] INFO  impl.FollowerInfo (FollowerInfo.java:lambda$new$0(50)) - 99b5111b-d356-42b4-8380-346acbcabf6e->2e72a9ea-f178-40e5-bf42-2c889e32e769: nextIndex: updateUnconditionally 13 -> 12
2019-09-01 05:53:42,820 [Datanode State Machine Thread - 0] INFO  statemachine.DatanodeStateMachine (DatanodeStateMachine.java:lambda$startDaemon$0(350)) - Ozone container server started.
2019-09-01 05:53:42,956 [grpc-default-executor-7] WARN  server.GrpcLogAppender (LogUtils.java:warn(134)) - e504cd85-a1db-4587-8509-c7399dc7cafe->2add93e0-2462-45f9-8504-d95fbdd1cf50: Failed appendEntries: org.apache.ratis.thirdparty.io.grpc.StatusRuntimeException: UNAVAILABLE: io exception
2019-09-01 05:53:42,956 [grpc-default-executor-7] INFO  impl.FollowerInfo (FollowerInfo.java:lambda$new$0(50)) - e504cd85-a1db-4587-8509-c7399dc7cafe->2add93e0-2462-45f9-8504-d95fbdd1cf50: nextIndex: updateUnconditionally 0 -> 0
2019-09-01 05:53:43,105 [grpc-default-executor-1] WARN  server.GrpcLogAppender (LogUtils.java:warn(134)) - 99b5111b-d356-42b4-8380-346acbcabf6e->f61a82c2-42b9-49e6-922b-54bde2900752: Failed appendEntries: org.apache.ratis.thirdparty.io.grpc.StatusRuntimeException: UNAVAILABLE: io exception
2019-09-01 05:53:43,105 [grpc-default-executor-1] INFO  impl.FollowerInfo (FollowerInfo.java:lambda$new$0(50)) - 99b5111b-d356-42b4-8380-346acbcabf6e->f61a82c2-42b9-49e6-922b-54bde2900752: nextIndex: updateUnconditionally 0 -> 0
2019-09-01 05:53:43,115 [grpc-default-executor-1] WARN  server.GrpcLogAppender (LogUtils.java:warn(134)) - 99b5111b-d356-42b4-8380-346acbcabf6e->2e72a9ea-f178-40e5-bf42-2c889e32e769: Failed appendEntries: org.apache.ratis.thirdparty.io.grpc.StatusRuntimeException: UNAVAILABLE: io exception
2019-09-01 05:53:43,115 [grpc-default-executor-1] INFO  impl.FollowerInfo (FollowerInfo.java:lambda$new$0(50)) - 99b5111b-d356-42b4-8380-346acbcabf6e->2e72a9ea-f178-40e5-bf42-2c889e32e769: nextIndex: updateUnconditionally 12 -> 11
2019-09-01 05:53:43,456 [grpc-default-executor-1] WARN  server.GrpcLogAppender (LogUtils.java:warn(134)) - e504cd85-a1db-4587-8509-c7399dc7cafe->2add93e0-2462-45f9-8504-d95fbdd1cf50: Failed appendEntries: org.apache.ratis.thirdparty.io.grpc.StatusRuntimeException: UNAVAILABLE: io exception
2019-09-01 05:53:43,456 [grpc-default-executor-1] INFO  impl.FollowerInfo (FollowerInfo.java:lambda$new$0(50)) - e504cd85-a1db-4587-8509-c7399dc7cafe->2add93e0-2462-45f9-8504-d95fbdd1cf50: nextIndex: updateUnconditionally 0 -> 0
2019-09-01 05:53:43,605 [grpc-default-executor-7] WARN  server.GrpcLogAppender (LogUtils.java:warn(134)) - 99b5111b-d356-42b4-8380-346acbcabf6e->f61a82c2-42b9-49e6-922b-54bde2900752: Failed appendEntries: org.apache.ratis.thirdparty.io.grpc.StatusRuntimeException: UNAVAILABLE: io exception
2019-09-01 05:53:43,605 [grpc-default-executor-7] INFO  impl.FollowerInfo (FollowerInfo.java:lambda$new$0(50)) - 99b5111b-d356-42b4-8380-346acbcabf6e->f61a82c2-42b9-49e6-922b-54bde2900752: nextIndex: updateUnconditionally 0 -> 0
2019-09-01 05:53:43,615 [grpc-default-executor-6] WARN  server.GrpcLogAppender (LogUtils.java:warn(134)) - 99b5111b-d356-42b4-8380-346acbcabf6e->2e72a9ea-f178-40e5-bf42-2c889e32e769: Failed appendEntries: org.apache.ratis.thirdparty.io.grpc.StatusRuntimeException: UNAVAILABLE: io exception
2019-09-01 05:53:43,616 [grpc-default-executor-6] INFO  impl.FollowerInfo (FollowerInfo.java:lambda$new$0(50)) - 99b5111b-d356-42b4-8380-346acbcabf6e->2e72a9ea-f178-40e5-bf42-2c889e32e769: nextIndex: updateUnconditionally 11 -> 10
2019-09-01 05:53:43,957 [grpc-default-executor-1] WARN  server.GrpcLogAppender (LogUtils.java:warn(134)) - e504cd85-a1db-4587-8509-c7399dc7cafe->2add93e0-2462-45f9-8504-d95fbdd1cf50: Failed appendEntries: org.apache.ratis.thirdparty.io.grpc.StatusRuntimeException: UNAVAILABLE: io exception
2019-09-01 05:53:43,958 [grpc-default-executor-1] INFO  impl.FollowerInfo (FollowerInfo.java:lambda$new$0(50)) - e504cd85-a1db-4587-8509-c7399dc7cafe->2add93e0-2462-45f9-8504-d95fbdd1cf50: nextIndex: updateUnconditionally 0 -> 0
2019-09-01 05:53:44,105 [grpc-default-executor-7] WARN  server.GrpcLogAppender (LogUtils.java:warn(134)) - 99b5111b-d356-42b4-8380-346acbcabf6e->f61a82c2-42b9-49e6-922b-54bde2900752: Failed appendEntries: org.apache.ratis.thirdparty.io.grpc.StatusRuntimeException: UNAVAILABLE: io exception
2019-09-01 05:53:44,106 [grpc-default-executor-7] INFO  impl.FollowerInfo (FollowerInfo.java:lambda$new$0(50)) - 99b5111b-d356-42b4-8380-346acbcabf6e->f61a82c2-42b9-49e6-922b-54bde2900752: nextIndex: updateUnconditionally 0 -> 0
2019-09-01 05:53:44,116 [grpc-default-executor-6] WARN  server.GrpcLogAppender (LogUtils.java:warn(134)) - 99b5111b-d356-42b4-8380-346acbcabf6e->2e72a9ea-f178-40e5-bf42-2c889e32e769: Failed appendEntries: org.apache.ratis.thirdparty.io.grpc.StatusRuntimeException: UNAVAILABLE: io exception
2019-09-01 05:53:44,116 [grpc-default-executor-6] INFO  impl.FollowerInfo (FollowerInfo.java:lambda$new$0(50)) - 99b5111b-d356-42b4-8380-346acbcabf6e->2e72a9ea-f178-40e5-bf42-2c889e32e769: nextIndex: updateUnconditionally 10 -> 9
2019-09-01 05:53:44,457 [grpc-default-executor-6] WARN  server.GrpcLogAppender (LogUtils.java:warn(134)) - e504cd85-a1db-4587-8509-c7399dc7cafe->2add93e0-2462-45f9-8504-d95fbdd1cf50: Failed appendEntries: org.apache.ratis.thirdparty.io.grpc.StatusRuntimeException: UNAVAILABLE: io exception
2019-09-01 05:53:44,457 [grpc-default-executor-6] INFO  impl.FollowerInfo (FollowerInfo.java:lambda$new$0(50)) - e504cd85-a1db-4587-8509-c7399dc7cafe->2add93e0-2462-45f9-8504-d95fbdd1cf50: nextIndex: updateUnconditionally 0 -> 0
2019-09-01 05:53:44,606 [grpc-default-executor-1] WARN  server.GrpcLogAppender (LogUtils.java:warn(134)) - 99b5111b-d356-42b4-8380-346acbcabf6e->f61a82c2-42b9-49e6-922b-54bde2900752: Failed appendEntries: org.apache.ratis.thirdparty.io.grpc.StatusRuntimeException: UNAVAILABLE: io exception
2019-09-01 05:53:44,606 [grpc-default-executor-1] INFO  impl.FollowerInfo (FollowerInfo.java:lambda$new$0(50)) - 99b5111b-d356-42b4-8380-346acbcabf6e->f61a82c2-42b9-49e6-922b-54bde2900752: nextIndex: updateUnconditionally 0 -> 0
2019-09-01 05:53:44,616 [grpc-default-executor-7] WARN  server.GrpcLogAppender (LogUtils.java:warn(134)) - 99b5111b-d356-42b4-8380-346acbcabf6e->2e72a9ea-f178-40e5-bf42-2c889e32e769: Failed appendEntries: org.apache.ratis.thirdparty.io.grpc.StatusRuntimeException: UNAVAILABLE: io exception
2019-09-01 05:53:44,617 [grpc-default-executor-7] INFO  impl.FollowerInfo (FollowerInfo.java:lambda$new$0(50)) - 99b5111b-d356-42b4-8380-346acbcabf6e->2e72a9ea-f178-40e5-bf42-2c889e32e769: nextIndex: updateUnconditionally 9 -> 8
2019-09-01 05:53:44,958 [grpc-default-executor-6] WARN  server.GrpcLogAppender (LogUtils.java:warn(134)) - e504cd85-a1db-4587-8509-c7399dc7cafe->2add93e0-2462-45f9-8504-d95fbdd1cf50: Failed appendEntries: org.apache.ratis.thirdparty.io.grpc.StatusRuntimeException: UNAVAILABLE: io exception
2019-09-01 05:53:44,959 [grpc-default-executor-6] INFO  impl.FollowerInfo (FollowerInfo.java:lambda$new$0(50)) - e504cd85-a1db-4587-8509-c7399dc7cafe->2add93e0-2462-45f9-8504-d95fbdd1cf50: nextIndex: updateUnconditionally 0 -> 0
2019-09-01 05:53:45,107 [grpc-default-executor-1] WARN  server.GrpcLogAppender (LogUtils.java:warn(134)) - 99b5111b-d356-42b4-8380-346acbcabf6e->f61a82c2-42b9-49e6-922b-54bde2900752: Failed appendEntries: org.apache.ratis.thirdparty.io.grpc.StatusRuntimeException: UNAVAILABLE: io exception
2019-09-01 05:53:45,107 [grpc-default-executor-1] INFO  impl.FollowerInfo (FollowerInfo.java:lambda$new$0(50)) - 99b5111b-d356-42b4-8380-346acbcabf6e->f61a82c2-42b9-49e6-922b-54bde2900752: nextIndex: updateUnconditionally 0 -> 0
2019-09-01 05:53:45,117 [grpc-default-executor-7] WARN  server.GrpcLogAppender (LogUtils.java:warn(134)) - 99b5111b-d356-42b4-8380-346acbcabf6e->2e72a9ea-f178-40e5-bf42-2c889e32e769: Failed appendEntries: org.apache.ratis.thirdparty.io.grpc.StatusRuntimeException: UNAVAILABLE: io exception
2019-09-01 05:53:45,117 [grpc-default-executor-7] INFO  impl.FollowerInfo (FollowerInfo.java:lambda$new$0(50)) - 99b5111b-d356-42b4-8380-346acbcabf6e->2e72a9ea-f178-40e5-bf42-2c889e32e769: nextIndex: updateUnconditionally 8 -> 7
2019-09-01 05:53:45,459 [grpc-default-executor-6] WARN  server.GrpcLogAppender (LogUtils.java:warn(134)) - e504cd85-a1db-4587-8509-c7399dc7cafe->2add93e0-2462-45f9-8504-d95fbdd1cf50: Failed appendEntries: org.apache.ratis.thirdparty.io.grpc.StatusRuntimeException: UNAVAILABLE: io exception
2019-09-01 05:53:45,459 [grpc-default-executor-6] INFO  impl.FollowerInfo (FollowerInfo.java:lambda$new$0(50)) - e504cd85-a1db-4587-8509-c7399dc7cafe->2add93e0-2462-45f9-8504-d95fbdd1cf50: nextIndex: updateUnconditionally 0 -> 0
2019-09-01 05:53:45,607 [grpc-default-executor-6] WARN  server.GrpcLogAppender (LogUtils.java:warn(134)) - 99b5111b-d356-42b4-8380-346acbcabf6e->f61a82c2-42b9-49e6-922b-54bde2900752: Failed appendEntries: org.apache.ratis.thirdparty.io.grpc.StatusRuntimeException: UNAVAILABLE: io exception
2019-09-01 05:53:45,608 [grpc-default-executor-6] INFO  impl.FollowerInfo (FollowerInfo.java:lambda$new$0(50)) - 99b5111b-d356-42b4-8380-346acbcabf6e->f61a82c2-42b9-49e6-922b-54bde2900752: nextIndex: updateUnconditionally 0 -> 0
2019-09-01 05:53:45,617 [grpc-default-executor-6] WARN  server.GrpcLogAppender (LogUtils.java:warn(134)) - 99b5111b-d356-42b4-8380-346acbcabf6e->2e72a9ea-f178-40e5-bf42-2c889e32e769: Failed appendEntries: org.apache.ratis.thirdparty.io.grpc.StatusRuntimeException: UNAVAILABLE: io exception
2019-09-01 05:53:45,618 [grpc-default-executor-6] INFO  impl.FollowerInfo (FollowerInfo.java:lambda$new$0(50)) - 99b5111b-d356-42b4-8380-346acbcabf6e->2e72a9ea-f178-40e5-bf42-2c889e32e769: nextIndex: updateUnconditionally 7 -> 6
2019-09-01 05:53:45,960 [grpc-default-executor-6] WARN  server.GrpcLogAppender (LogUtils.java:warn(134)) - e504cd85-a1db-4587-8509-c7399dc7cafe->2add93e0-2462-45f9-8504-d95fbdd1cf50: Failed appendEntries: org.apache.ratis.thirdparty.io.grpc.StatusRuntimeException: UNAVAILABLE: io exception
2019-09-01 05:53:45,960 [grpc-default-executor-6] INFO  impl.FollowerInfo (FollowerInfo.java:lambda$new$0(50)) - e504cd85-a1db-4587-8509-c7399dc7cafe->2add93e0-2462-45f9-8504-d95fbdd1cf50: nextIndex: updateUnconditionally 0 -> 0
2019-09-01 05:53:46,108 [grpc-default-executor-7] WARN  server.GrpcLogAppender (LogUtils.java:warn(134)) - 99b5111b-d356-42b4-8380-346acbcabf6e->f61a82c2-42b9-49e6-922b-54bde2900752: Failed appendEntries: org.apache.ratis.thirdparty.io.grpc.StatusRuntimeException: UNAVAILABLE: io exception
2019-09-01 05:53:46,109 [grpc-default-executor-7] INFO  impl.FollowerInfo (FollowerInfo.java:lambda$new$0(50)) - 99b5111b-d356-42b4-8380-346acbcabf6e->f61a82c2-42b9-49e6-922b-54bde2900752: nextIndex: updateUnconditionally 0 -> 0
2019-09-01 05:53:46,118 [grpc-default-executor-6] WARN  server.GrpcLogAppender (LogUtils.java:warn(134)) - 99b5111b-d356-42b4-8380-346acbcabf6e->2e72a9ea-f178-40e5-bf42-2c889e32e769: Failed appendEntries: org.apache.ratis.thirdparty.io.grpc.StatusRuntimeException: UNAVAILABLE: io exception
2019-09-01 05:53:46,119 [grpc-default-executor-6] INFO  impl.FollowerInfo (FollowerInfo.java:lambda$new$0(50)) - 99b5111b-d356-42b4-8380-346acbcabf6e->2e72a9ea-f178-40e5-bf42-2c889e32e769: nextIndex: updateUnconditionally 6 -> 5
2019-09-01 05:53:46,460 [grpc-default-executor-6] WARN  server.GrpcLogAppender (LogUtils.java:warn(134)) - e504cd85-a1db-4587-8509-c7399dc7cafe->2add93e0-2462-45f9-8504-d95fbdd1cf50: Failed appendEntries: org.apache.ratis.thirdparty.io.grpc.StatusRuntimeException: UNAVAILABLE: io exception
2019-09-01 05:53:46,461 [grpc-default-executor-6] INFO  impl.FollowerInfo (FollowerInfo.java:lambda$new$0(50)) - e504cd85-a1db-4587-8509-c7399dc7cafe->2add93e0-2462-45f9-8504-d95fbdd1cf50: nextIndex: updateUnconditionally 0 -> 0
2019-09-01 05:53:46,609 [grpc-default-executor-1] WARN  server.GrpcLogAppender (LogUtils.java:warn(134)) - 99b5111b-d356-42b4-8380-346acbcabf6e->f61a82c2-42b9-49e6-922b-54bde2900752: Failed appendEntries: org.apache.ratis.thirdparty.io.grpc.StatusRuntimeException: UNAVAILABLE: io exception
2019-09-01 05:53:46,610 [grpc-default-executor-1] INFO  impl.FollowerInfo (FollowerInfo.java:lambda$new$0(50)) - 99b5111b-d356-42b4-8380-346acbcabf6e->f61a82c2-42b9-49e6-922b-54bde2900752: nextIndex: updateUnconditionally 0 -> 0
2019-09-01 05:53:46,618 [grpc-default-executor-7] WARN  server.GrpcLogAppender (LogUtils.java:warn(134)) - 99b5111b-d356-42b4-8380-346acbcabf6e->2e72a9ea-f178-40e5-bf42-2c889e32e769: Failed appendEntries: org.apache.ratis.thirdparty.io.grpc.StatusRuntimeException: UNAVAILABLE: io exception
2019-09-01 05:53:46,619 [grpc-default-executor-7] INFO  impl.FollowerInfo (FollowerInfo.java:lambda$new$0(50)) - 99b5111b-d356-42b4-8380-346acbcabf6e->2e72a9ea-f178-40e5-bf42-2c889e32e769: nextIndex: updateUnconditionally 5 -> 4
2019-09-01 05:53:46,842 [main] INFO  ozoneimpl.OzoneContainer (OzoneContainer.java:stop(215)) - Attempting to stop container services.
2019-09-01 05:53:46,842 [main] INFO  impl.RaftServerProxy (RaftServerProxy.java:lambda$close$4(314)) - e504cd85-a1db-4587-8509-c7399dc7cafe: close
2019-09-01 05:53:46,843 [main] INFO  impl.RaftServerImpl (RaftServerImpl.java:lambda$shutdown$3(245)) - e504cd85-a1db-4587-8509-c7399dc7cafe: shutdown group-2B36214608ED
2019-09-01 05:53:46,843 [main] INFO  util.JmxRegister (JmxRegister.java:unregister(73)) - Successfully un-registered JMX Bean with object name Ratis:service=RaftServer,group=group-2B36214608ED,id=e504cd85-a1db-4587-8509-c7399dc7cafe
2019-09-01 05:53:46,844 [main] INFO  impl.RoleInfo (RoleInfo.java:shutdownLeaderState(104)) - e504cd85-a1db-4587-8509-c7399dc7cafe: shutdown LeaderState
2019-09-01 05:53:46,844 [main] INFO  impl.PendingRequests (PendingRequests.java:sendNotLeaderResponses(202)) - e504cd85-a1db-4587-8509-c7399dc7cafe-PendingRequests: sendNotLeaderResponses
2019-09-01 05:53:46,845 [main] INFO  impl.StateMachineUpdater (StateMachineUpdater.java:stopAndJoin(115)) - StateMachineUpdater:e504cd85-a1db-4587-8509-c7399dc7cafe:group-2B36214608ED: set stopIndex = 0
2019-09-01 05:53:46,845 [main] INFO  impl.RaftServerImpl (ServerState.java:close(394)) - e504cd85-a1db-4587-8509-c7399dc7cafe:group-2B36214608ED closes. The last applied log index is 0
2019-09-01 05:53:46,846 [e504cd85-a1db-4587-8509-c7399dc7cafe-SegmentedRaftLogWorker:Storage Directory /workdir/hadoop-ozone/integration-test/target/test-dir/MiniOzoneClusterImpl-fb00d516-ae13-4d3c-8a3f-926c553c4eaa/datanode-7/data/ratis/e9ff67bb-a997-4147-8dd2-2b36214608ed] INFO  segmented.SegmentedRaftLogWorker (SegmentedRaftLogWorker.java:run(313)) - e504cd85-a1db-4587-8509-c7399dc7cafe-SegmentedRaftLogWorker:Storage Directory /workdir/hadoop-ozone/integration-test/target/test-dir/MiniOzoneClusterImpl-fb00d516-ae13-4d3c-8a3f-926c553c4eaa/datanode-7/data/ratis/e9ff67bb-a997-4147-8dd2-2b36214608ed was interrupted, exiting. There are 0 tasks remaining in the queue.
2019-09-01 05:53:46,846 [main] INFO  segmented.SegmentedRaftLogWorker (SegmentedRaftLogWorker.java:close(228)) - e504cd85-a1db-4587-8509-c7399dc7cafe-SegmentedRaftLogWorker:Storage Directory /workdir/hadoop-ozone/integration-test/target/test-dir/MiniOzoneClusterImpl-fb00d516-ae13-4d3c-8a3f-926c553c4eaa/datanode-7/data/ratis/e9ff67bb-a997-4147-8dd2-2b36214608ed close()
2019-09-01 05:53:46,849 [main] INFO  impl.RaftServerImpl (RaftServerImpl.java:lambda$shutdown$3(245)) - e504cd85-a1db-4587-8509-c7399dc7cafe: shutdown group-389DF4E823E9
2019-09-01 05:53:46,849 [main] INFO  util.JmxRegister (JmxRegister.java:unregister(73)) - Successfully un-registered JMX Bean with object name Ratis:service=RaftServer,group=group-389DF4E823E9,id=e504cd85-a1db-4587-8509-c7399dc7cafe
2019-09-01 05:53:46,850 [main] INFO  impl.RoleInfo (RoleInfo.java:shutdownLeaderState(104)) - e504cd85-a1db-4587-8509-c7399dc7cafe: shutdown LeaderState
2019-09-01 05:53:46,856 [org.apache.ratis.server.impl.LogAppender$AppenderDaemon$$Lambda$522/1454028154@2a3a7e13] WARN  server.GrpcLogAppender (GrpcLogAppender.java:mayWait(143)) - GrpcLogAppender(e504cd85-a1db-4587-8509-c7399dc7cafe->2add93e0-2462-45f9-8504-d95fbdd1cf50): Wait interrupted by java.lang.InterruptedException
2019-09-01 05:53:46,856 [main] INFO  impl.PendingRequests (PendingRequests.java:sendNotLeaderResponses(202)) - e504cd85-a1db-4587-8509-c7399dc7cafe-PendingRequests: sendNotLeaderResponses
2019-09-01 05:53:46,856 [org.apache.ratis.server.impl.LogAppender$AppenderDaemon$$Lambda$522/1454028154@6f38e530] WARN  server.GrpcLogAppender (GrpcLogAppender.java:mayWait(143)) - GrpcLogAppender(e504cd85-a1db-4587-8509-c7399dc7cafe->196a83ac-f404-447a-85c9-b484bfff17ef): Wait interrupted by java.lang.InterruptedException
2019-09-01 05:53:46,857 [main] INFO  impl.StateMachineUpdater (StateMachineUpdater.java:stopAndJoin(115)) - StateMachineUpdater:e504cd85-a1db-4587-8509-c7399dc7cafe:group-389DF4E823E9: set stopIndex = 0
2019-09-01 05:53:46,858 [main] INFO  impl.RaftServerImpl (ServerState.java:close(394)) - e504cd85-a1db-4587-8509-c7399dc7cafe:group-389DF4E823E9 closes. The last applied log index is 0
2019-09-01 05:53:46,858 [grpc-default-executor-7] INFO  server.GrpcServerProtocolService (GrpcServerProtocolService.java:onCompleted(104)) - 196a83ac-f404-447a-85c9-b484bfff17ef: appendEntries completed
2019-09-01 05:53:46,858 [e504cd85-a1db-4587-8509-c7399dc7cafe-SegmentedRaftLogWorker:Storage Directory /workdir/hadoop-ozone/integration-test/target/test-dir/MiniOzoneClusterImpl-fb00d516-ae13-4d3c-8a3f-926c553c4eaa/datanode-7/data/ratis/cbe75309-bf4f-419f-81ce-389df4e823e9] INFO  segmented.SegmentedRaftLogWorker (SegmentedRaftLogWorker.java:run(313)) - e504cd85-a1db-4587-8509-c7399dc7cafe-SegmentedRaftLogWorker:Storage Directory /workdir/hadoop-ozone/integration-test/target/test-dir/MiniOzoneClusterImpl-fb00d516-ae13-4d3c-8a3f-926c553c4eaa/datanode-7/data/ratis/cbe75309-bf4f-419f-81ce-389df4e823e9 was interrupted, exiting. There are 0 tasks remaining in the queue.
2019-09-01 05:53:46,858 [main] INFO  segmented.SegmentedRaftLogWorker (SegmentedRaftLogWorker.java:close(228)) - e504cd85-a1db-4587-8509-c7399dc7cafe-SegmentedRaftLogWorker:Storage Directory /workdir/hadoop-ozone/integration-test/target/test-dir/MiniOzoneClusterImpl-fb00d516-ae13-4d3c-8a3f-926c553c4eaa/datanode-7/data/ratis/cbe75309-bf4f-419f-81ce-389df4e823e9 close()
2019-09-01 05:53:46,859 [grpc-default-executor-7] INFO  server.GrpcLogAppender (GrpcLogAppender.java:onCompleted(292)) - e504cd85-a1db-4587-8509-c7399dc7cafe->196a83ac-f404-447a-85c9-b484bfff17ef: follower responses appendEntries COMPLETED
2019-09-01 05:53:46,860 [main] INFO  server.GrpcService (GrpcService.java:closeImpl(155)) - e504cd85-a1db-4587-8509-c7399dc7cafe: shutdown server with port 36185 now
2019-09-01 05:53:46,861 [grpc-default-executor-7] INFO  impl.FollowerInfo (FollowerInfo.java:lambda$new$0(50)) - e504cd85-a1db-4587-8509-c7399dc7cafe->196a83ac-f404-447a-85c9-b484bfff17ef: nextIndex: updateUnconditionally 1 -> 0
2019-09-01 05:53:46,861 [main] INFO  server.GrpcService (GrpcService.java:closeImpl(163)) - e504cd85-a1db-4587-8509-c7399dc7cafe: shutdown server with port 36185 successfully
2019-09-01 05:53:46,863 [refreshUsed-/workdir/hadoop-ozone/integration-test/target/test-dir/MiniOzoneClusterImpl-fb00d516-ae13-4d3c-8a3f-926c553c4eaa/datanode-7/data/containers] WARN  fs.CachingGetSpaceUsed (CachingGetSpaceUsed.java:run(183)) - Thread Interrupted waiting to refresh disk information: sleep interrupted
2019-09-01 05:53:46,881 [main] INFO  utils.BackgroundService (BackgroundService.java:shutdown(148)) - Shutting down service BlockDeletingService
2019-09-01 05:53:46,883 [main] INFO  statemachine.DatanodeStateMachine (DatanodeStateMachine.java:stopDaemon(395)) - Ozone container server stopped.
2019-09-01 05:53:46,896 [main] INFO  handler.ContextHandler (ContextHandler.java:doStop(910)) - Stopped o.e.j.w.WebAppContext@130a6eb9{/,null,UNAVAILABLE}{/hddsDatanode}
2019-09-01 05:53:46,897 [main] INFO  server.AbstractConnector (AbstractConnector.java:doStop(318)) - Stopped ServerConnector@722531ab{HTTP/1.1,[http/1.1]}{0.0.0.0:0}
2019-09-01 05:53:46,898 [main] INFO  handler.ContextHandler (ContextHandler.java:doStop(910)) - Stopped o.e.j.s.ServletContextHandler@2aa5bd48{/static,jar:file:/home/user/.m2/repository/org/apache/hadoop/hadoop-hdds-container-service/0.5.0-SNAPSHOT/hadoop-hdds-container-service-0.5.0-SNAPSHOT.jar!/webapps/static,UNAVAILABLE}
2019-09-01 05:53:46,898 [main] INFO  handler.ContextHandler (ContextHandler.java:doStop(910)) - Stopped o.e.j.s.ServletContextHandler@7c9beb51{/logs,file:///workdir/hadoop-ozone/integration-test/target/log,UNAVAILABLE}
2019-09-01 05:53:46,936 [ForkJoinPool.commonPool-worker-1] INFO  ozoneimpl.OzoneContainer (OzoneContainer.java:stop(215)) - Attempting to stop container services.
2019-09-01 05:53:46,937 [ForkJoinPool.commonPool-worker-1] INFO  impl.RaftServerProxy (RaftServerProxy.java:lambda$close$4(314)) - 196a83ac-f404-447a-85c9-b484bfff17ef: close
2019-09-01 05:53:46,937 [ForkJoinPool.commonPool-worker-1] INFO  impl.RaftServerImpl (RaftServerImpl.java:lambda$shutdown$3(245)) - 196a83ac-f404-447a-85c9-b484bfff17ef: shutdown group-7DF048B7DBD0
2019-09-01 05:53:46,938 [ForkJoinPool.commonPool-worker-1] INFO  util.JmxRegister (JmxRegister.java:unregister(73)) - Successfully un-registered JMX Bean with object name Ratis:service=RaftServer,group=group-7DF048B7DBD0,id=196a83ac-f404-447a-85c9-b484bfff17ef
2019-09-01 05:53:46,938 [ForkJoinPool.commonPool-worker-1] INFO  impl.RoleInfo (RoleInfo.java:shutdownLeaderState(104)) - 196a83ac-f404-447a-85c9-b484bfff17ef: shutdown LeaderState
2019-09-01 05:53:46,938 [ForkJoinPool.commonPool-worker-1] INFO  impl.PendingRequests (PendingRequests.java:sendNotLeaderResponses(202)) - 196a83ac-f404-447a-85c9-b484bfff17ef-PendingRequests: sendNotLeaderResponses
2019-09-01 05:53:46,939 [ForkJoinPool.commonPool-worker-1] INFO  impl.StateMachineUpdater (StateMachineUpdater.java:stopAndJoin(115)) - StateMachineUpdater:196a83ac-f404-447a-85c9-b484bfff17ef:group-7DF048B7DBD0: set stopIndex = 0
2019-09-01 05:53:46,939 [ForkJoinPool.commonPool-worker-1] INFO  impl.RaftServerImpl (ServerState.java:close(394)) - 196a83ac-f404-447a-85c9-b484bfff17ef:group-7DF048B7DBD0 closes. The last applied log index is 0
2019-09-01 05:53:46,939 [196a83ac-f404-447a-85c9-b484bfff17ef-SegmentedRaftLogWorker:Storage Directory /workdir/hadoop-ozone/integration-test/target/test-dir/MiniOzoneClusterImpl-fb00d516-ae13-4d3c-8a3f-926c553c4eaa/datanode-0/data/ratis/9318f69d-a636-419f-9937-7df048b7dbd0] INFO  segmented.SegmentedRaftLogWorker (SegmentedRaftLogWorker.java:run(313)) - 196a83ac-f404-447a-85c9-b484bfff17ef-SegmentedRaftLogWorker:Storage Directory /workdir/hadoop-ozone/integration-test/target/test-dir/MiniOzoneClusterImpl-fb00d516-ae13-4d3c-8a3f-926c553c4eaa/datanode-0/data/ratis/9318f69d-a636-419f-9937-7df048b7dbd0 was interrupted, exiting. There are 0 tasks remaining in the queue.
2019-09-01 05:53:46,940 [ForkJoinPool.commonPool-worker-1] INFO  segmented.SegmentedRaftLogWorker (SegmentedRaftLogWorker.java:close(228)) - 196a83ac-f404-447a-85c9-b484bfff17ef-SegmentedRaftLogWorker:Storage Directory /workdir/hadoop-ozone/integration-test/target/test-dir/MiniOzoneClusterImpl-fb00d516-ae13-4d3c-8a3f-926c553c4eaa/datanode-0/data/ratis/9318f69d-a636-419f-9937-7df048b7dbd0 close()
2019-09-01 05:53:46,941 [ForkJoinPool.commonPool-worker-1] INFO  impl.RaftServerImpl (RaftServerImpl.java:lambda$shutdown$3(245)) - 196a83ac-f404-447a-85c9-b484bfff17ef: shutdown group-389DF4E823E9
2019-09-01 05:53:46,942 [ForkJoinPool.commonPool-worker-1] INFO  util.JmxRegister (JmxRegister.java:unregister(73)) - Successfully un-registered JMX Bean with object name Ratis:service=RaftServer,group=group-389DF4E823E9,id=196a83ac-f404-447a-85c9-b484bfff17ef
2019-09-01 05:53:46,942 [ForkJoinPool.commonPool-worker-1] INFO  impl.RoleInfo (RoleInfo.java:shutdownFollowerState(121)) - 196a83ac-f404-447a-85c9-b484bfff17ef: shutdown FollowerState
2019-09-01 05:53:46,942 [ForkJoinPool.commonPool-worker-1] INFO  impl.StateMachineUpdater (StateMachineUpdater.java:stopAndJoin(115)) - StateMachineUpdater:196a83ac-f404-447a-85c9-b484bfff17ef:group-389DF4E823E9: set stopIndex = 0
2019-09-01 05:53:46,942 [Thread-4188] INFO  impl.FollowerState (FollowerState.java:run(114)) - 196a83ac-f404-447a-85c9-b484bfff17ef: FollowerState was interrupted: java.lang.InterruptedException: sleep interrupted
2019-09-01 05:53:46,943 [ForkJoinPool.commonPool-worker-1] INFO  impl.RaftServerImpl (ServerState.java:close(394)) - 196a83ac-f404-447a-85c9-b484bfff17ef:group-389DF4E823E9 closes. The last applied log index is 0
2019-09-01 05:53:46,943 [196a83ac-f404-447a-85c9-b484bfff17ef-SegmentedRaftLogWorker:Storage Directory /workdir/hadoop-ozone/integration-test/target/test-dir/MiniOzoneClusterImpl-fb00d516-ae13-4d3c-8a3f-926c553c4eaa/datanode-0/data/ratis/cbe75309-bf4f-419f-81ce-389df4e823e9] INFO  segmented.SegmentedRaftLogWorker (SegmentedRaftLogWorker.java:run(313)) - 196a83ac-f404-447a-85c9-b484bfff17ef-SegmentedRaftLogWorker:Storage Directory /workdir/hadoop-ozone/integration-test/target/test-dir/MiniOzoneClusterImpl-fb00d516-ae13-4d3c-8a3f-926c553c4eaa/datanode-0/data/ratis/cbe75309-bf4f-419f-81ce-389df4e823e9 was interrupted, exiting. There are 0 tasks remaining in the queue.
2019-09-01 05:53:46,943 [ForkJoinPool.commonPool-worker-1] INFO  segmented.SegmentedRaftLogWorker (SegmentedRaftLogWorker.java:close(228)) - 196a83ac-f404-447a-85c9-b484bfff17ef-SegmentedRaftLogWorker:Storage Directory /workdir/hadoop-ozone/integration-test/target/test-dir/MiniOzoneClusterImpl-fb00d516-ae13-4d3c-8a3f-926c553c4eaa/datanode-0/data/ratis/cbe75309-bf4f-419f-81ce-389df4e823e9 close()
2019-09-01 05:53:46,945 [ForkJoinPool.commonPool-worker-1] INFO  server.GrpcService (GrpcService.java:closeImpl(155)) - 196a83ac-f404-447a-85c9-b484bfff17ef: shutdown server with port 35328 now
2019-09-01 05:53:46,945 [ForkJoinPool.commonPool-worker-1] INFO  server.GrpcService (GrpcService.java:closeImpl(163)) - 196a83ac-f404-447a-85c9-b484bfff17ef: shutdown server with port 35328 successfully
2019-09-01 05:53:46,952 [refreshUsed-/workdir/hadoop-ozone/integration-test/target/test-dir/MiniOzoneClusterImpl-fb00d516-ae13-4d3c-8a3f-926c553c4eaa/datanode-0/data/containers] WARN  fs.CachingGetSpaceUsed (CachingGetSpaceUsed.java:run(183)) - Thread Interrupted waiting to refresh disk information: sleep interrupted
2019-09-01 05:53:46,964 [ForkJoinPool.commonPool-worker-1] INFO  utils.BackgroundService (BackgroundService.java:shutdown(148)) - Shutting down service BlockDeletingService
2019-09-01 05:53:46,966 [ForkJoinPool.commonPool-worker-1] INFO  statemachine.DatanodeStateMachine (DatanodeStateMachine.java:stopDaemon(395)) - Ozone container server stopped.
2019-09-01 05:53:46,974 [ForkJoinPool.commonPool-worker-1] INFO  handler.ContextHandler (ContextHandler.java:doStop(910)) - Stopped o.e.j.w.WebAppContext@7841bd30{/,null,UNAVAILABLE}{/hddsDatanode}
2019-09-01 05:53:46,975 [ForkJoinPool.commonPool-worker-1] INFO  server.AbstractConnector (AbstractConnector.java:doStop(318)) - Stopped ServerConnector@45c80312{HTTP/1.1,[http/1.1]}{0.0.0.0:0}
2019-09-01 05:53:46,976 [ForkJoinPool.commonPool-worker-1] INFO  handler.ContextHandler (ContextHandler.java:doStop(910)) - Stopped o.e.j.s.ServletContextHandler@5e3db14{/static,jar:file:/home/user/.m2/repository/org/apache/hadoop/hadoop-hdds-container-service/0.5.0-SNAPSHOT/hadoop-hdds-container-service-0.5.0-SNAPSHOT.jar!/webapps/static,UNAVAILABLE}
2019-09-01 05:53:46,977 [ForkJoinPool.commonPool-worker-1] INFO  handler.ContextHandler (ContextHandler.java:doStop(910)) - Stopped o.e.j.s.ServletContextHandler@7eb27768{/logs,file:///workdir/hadoop-ozone/integration-test/target/log,UNAVAILABLE}
2019-09-01 05:53:47,068 [Datanode State Machine Thread - 0] INFO  statemachine.DatanodeStateMachine (DatanodeStateMachine.java:lambda$startDaemon$0(350)) - Ozone container server started.
2019-09-01 05:53:47,109 [grpc-default-executor-7] WARN  server.GrpcLogAppender (LogUtils.java:warn(134)) - 99b5111b-d356-42b4-8380-346acbcabf6e->f61a82c2-42b9-49e6-922b-54bde2900752: Failed appendEntries: org.apache.ratis.thirdparty.io.grpc.StatusRuntimeException: UNAVAILABLE: io exception
2019-09-01 05:53:47,109 [grpc-default-executor-7] INFO  impl.FollowerInfo (FollowerInfo.java:lambda$new$0(50)) - 99b5111b-d356-42b4-8380-346acbcabf6e->f61a82c2-42b9-49e6-922b-54bde2900752: nextIndex: updateUnconditionally 0 -> 0
2019-09-01 05:53:47,119 [grpc-default-executor-7] WARN  server.GrpcLogAppender (LogUtils.java:warn(134)) - 99b5111b-d356-42b4-8380-346acbcabf6e->2e72a9ea-f178-40e5-bf42-2c889e32e769: Failed appendEntries: org.apache.ratis.thirdparty.io.grpc.StatusRuntimeException: UNAVAILABLE: io exception
2019-09-01 05:53:47,119 [grpc-default-executor-7] INFO  impl.FollowerInfo (FollowerInfo.java:lambda$new$0(50)) - 99b5111b-d356-42b4-8380-346acbcabf6e->2e72a9ea-f178-40e5-bf42-2c889e32e769: nextIndex: updateUnconditionally 4 -> 3
2019-09-01 05:53:47,610 [grpc-default-executor-7] WARN  server.GrpcLogAppender (LogUtils.java:warn(134)) - 99b5111b-d356-42b4-8380-346acbcabf6e->f61a82c2-42b9-49e6-922b-54bde2900752: Failed appendEntries: org.apache.ratis.thirdparty.io.grpc.StatusRuntimeException: UNAVAILABLE: io exception
2019-09-01 05:53:47,611 [grpc-default-executor-7] INFO  impl.FollowerInfo (FollowerInfo.java:lambda$new$0(50)) - 99b5111b-d356-42b4-8380-346acbcabf6e->f61a82c2-42b9-49e6-922b-54bde2900752: nextIndex: updateUnconditionally 0 -> 0
2019-09-01 05:53:47,619 [grpc-default-executor-7] WARN  server.GrpcLogAppender (LogUtils.java:warn(134)) - 99b5111b-d356-42b4-8380-346acbcabf6e->2e72a9ea-f178-40e5-bf42-2c889e32e769: Failed appendEntries: org.apache.ratis.thirdparty.io.grpc.StatusRuntimeException: UNAVAILABLE: io exception
2019-09-01 05:53:47,620 [grpc-default-executor-7] INFO  impl.FollowerInfo (FollowerInfo.java:lambda$new$0(50)) - 99b5111b-d356-42b4-8380-346acbcabf6e->2e72a9ea-f178-40e5-bf42-2c889e32e769: nextIndex: updateUnconditionally 3 -> 2
2019-09-01 05:53:48,111 [grpc-default-executor-6] WARN  server.GrpcLogAppender (LogUtils.java:warn(134)) - 99b5111b-d356-42b4-8380-346acbcabf6e->f61a82c2-42b9-49e6-922b-54bde2900752: Failed appendEntries: org.apache.ratis.thirdparty.io.grpc.StatusRuntimeException: UNAVAILABLE: io exception
2019-09-01 05:53:48,112 [grpc-default-executor-6] INFO  impl.FollowerInfo (FollowerInfo.java:lambda$new$0(50)) - 99b5111b-d356-42b4-8380-346acbcabf6e->f61a82c2-42b9-49e6-922b-54bde2900752: nextIndex: updateUnconditionally 0 -> 0
2019-09-01 05:53:48,120 [grpc-default-executor-1] WARN  server.GrpcLogAppender (LogUtils.java:warn(134)) - 99b5111b-d356-42b4-8380-346acbcabf6e->2e72a9ea-f178-40e5-bf42-2c889e32e769: Failed appendEntries: org.apache.ratis.thirdparty.io.grpc.StatusRuntimeException: UNAVAILABLE: io exception
2019-09-01 05:53:48,120 [grpc-default-executor-1] INFO  impl.FollowerInfo (FollowerInfo.java:lambda$new$0(50)) - 99b5111b-d356-42b4-8380-346acbcabf6e->2e72a9ea-f178-40e5-bf42-2c889e32e769: nextIndex: updateUnconditionally 2 -> 1
2019-09-01 05:53:48,612 [grpc-default-executor-7] WARN  server.GrpcLogAppender (LogUtils.java:warn(134)) - 99b5111b-d356-42b4-8380-346acbcabf6e->f61a82c2-42b9-49e6-922b-54bde2900752: Failed appendEntries: org.apache.ratis.thirdparty.io.grpc.StatusRuntimeException: UNAVAILABLE: io exception
2019-09-01 05:53:48,612 [grpc-default-executor-7] INFO  impl.FollowerInfo (FollowerInfo.java:lambda$new$0(50)) - 99b5111b-d356-42b4-8380-346acbcabf6e->f61a82c2-42b9-49e6-922b-54bde2900752: nextIndex: updateUnconditionally 0 -> 0
2019-09-01 05:53:48,620 [grpc-default-executor-6] WARN  server.GrpcLogAppender (LogUtils.java:warn(134)) - 99b5111b-d356-42b4-8380-346acbcabf6e->2e72a9ea-f178-40e5-bf42-2c889e32e769: Failed appendEntries: org.apache.ratis.thirdparty.io.grpc.StatusRuntimeException: UNAVAILABLE: io exception
2019-09-01 05:53:48,620 [grpc-default-executor-6] INFO  impl.FollowerInfo (FollowerInfo.java:lambda$new$0(50)) - 99b5111b-d356-42b4-8380-346acbcabf6e->2e72a9ea-f178-40e5-bf42-2c889e32e769: nextIndex: updateUnconditionally 1 -> 0
2019-09-01 05:53:49,113 [grpc-default-executor-6] WARN  server.GrpcLogAppender (LogUtils.java:warn(134)) - 99b5111b-d356-42b4-8380-346acbcabf6e->f61a82c2-42b9-49e6-922b-54bde2900752: Failed appendEntries: org.apache.ratis.thirdparty.io.grpc.StatusRuntimeException: UNAVAILABLE: io exception
2019-09-01 05:53:49,113 [grpc-default-executor-6] INFO  impl.FollowerInfo (FollowerInfo.java:lambda$new$0(50)) - 99b5111b-d356-42b4-8380-346acbcabf6e->f61a82c2-42b9-49e6-922b-54bde2900752: nextIndex: updateUnconditionally 0 -> 0
2019-09-01 05:53:49,120 [grpc-default-executor-7] WARN  server.GrpcLogAppender (LogUtils.java:warn(134)) - 99b5111b-d356-42b4-8380-346acbcabf6e->2e72a9ea-f178-40e5-bf42-2c889e32e769: Failed appendEntries: org.apache.ratis.thirdparty.io.grpc.StatusRuntimeException: UNAVAILABLE: io exception
2019-09-01 05:53:49,121 [grpc-default-executor-7] INFO  impl.FollowerInfo (FollowerInfo.java:lambda$new$0(50)) - 99b5111b-d356-42b4-8380-346acbcabf6e->2e72a9ea-f178-40e5-bf42-2c889e32e769: nextIndex: updateUnconditionally 0 -> 0
2019-09-01 05:53:49,613 [grpc-default-executor-7] WARN  server.GrpcLogAppender (LogUtils.java:warn(134)) - 99b5111b-d356-42b4-8380-346acbcabf6e->f61a82c2-42b9-49e6-922b-54bde2900752: Failed appendEntries: org.apache.ratis.thirdparty.io.grpc.StatusRuntimeException: UNAVAILABLE: io exception
2019-09-01 05:53:49,614 [grpc-default-executor-7] INFO  impl.FollowerInfo (FollowerInfo.java:lambda$new$0(50)) - 99b5111b-d356-42b4-8380-346acbcabf6e->f61a82c2-42b9-49e6-922b-54bde2900752: nextIndex: updateUnconditionally 0 -> 0
2019-09-01 05:53:49,621 [grpc-default-executor-7] WARN  server.GrpcLogAppender (LogUtils.java:warn(134)) - 99b5111b-d356-42b4-8380-346acbcabf6e->2e72a9ea-f178-40e5-bf42-2c889e32e769: Failed appendEntries: org.apache.ratis.thirdparty.io.grpc.StatusRuntimeException: UNAVAILABLE: io exception
2019-09-01 05:53:49,621 [grpc-default-executor-7] INFO  impl.FollowerInfo (FollowerInfo.java:lambda$new$0(50)) - 99b5111b-d356-42b4-8380-346acbcabf6e->2e72a9ea-f178-40e5-bf42-2c889e32e769: nextIndex: updateUnconditionally 0 -> 0
2019-09-01 05:53:50,114 [grpc-default-executor-1] WARN  server.GrpcLogAppender (LogUtils.java:warn(134)) - 99b5111b-d356-42b4-8380-346acbcabf6e->f61a82c2-42b9-49e6-922b-54bde2900752: Failed appendEntries: org.apache.ratis.thirdparty.io.grpc.StatusRuntimeException: UNAVAILABLE: io exception
2019-09-01 05:53:50,115 [grpc-default-executor-1] INFO  impl.FollowerInfo (FollowerInfo.java:lambda$new$0(50)) - 99b5111b-d356-42b4-8380-346acbcabf6e->f61a82c2-42b9-49e6-922b-54bde2900752: nextIndex: updateUnconditionally 0 -> 0
2019-09-01 05:53:50,122 [grpc-default-executor-6] WARN  server.GrpcLogAppender (LogUtils.java:warn(134)) - 99b5111b-d356-42b4-8380-346acbcabf6e->2e72a9ea-f178-40e5-bf42-2c889e32e769: Failed appendEntries: org.apache.ratis.thirdparty.io.grpc.StatusRuntimeException: UNAVAILABLE: io exception
2019-09-01 05:53:50,122 [grpc-default-executor-6] INFO  impl.FollowerInfo (FollowerInfo.java:lambda$new$0(50)) - 99b5111b-d356-42b4-8380-346acbcabf6e->2e72a9ea-f178-40e5-bf42-2c889e32e769: nextIndex: updateUnconditionally 0 -> 0
2019-09-01 05:53:50,615 [grpc-default-executor-6] WARN  server.GrpcLogAppender (LogUtils.java:warn(134)) - 99b5111b-d356-42b4-8380-346acbcabf6e->f61a82c2-42b9-49e6-922b-54bde2900752: Failed appendEntries: org.apache.ratis.thirdparty.io.grpc.StatusRuntimeException: UNAVAILABLE: io exception
2019-09-01 05:53:50,615 [grpc-default-executor-6] INFO  impl.FollowerInfo (FollowerInfo.java:lambda$new$0(50)) - 99b5111b-d356-42b4-8380-346acbcabf6e->f61a82c2-42b9-49e6-922b-54bde2900752: nextIndex: updateUnconditionally 0 -> 0
2019-09-01 05:53:50,622 [grpc-default-executor-6] WARN  server.GrpcLogAppender (LogUtils.java:warn(134)) - 99b5111b-d356-42b4-8380-346acbcabf6e->2e72a9ea-f178-40e5-bf42-2c889e32e769: Failed appendEntries: org.apache.ratis.thirdparty.io.grpc.StatusRuntimeException: UNAVAILABLE: io exception
2019-09-01 05:53:50,622 [grpc-default-executor-6] INFO  impl.FollowerInfo (FollowerInfo.java:lambda$new$0(50)) - 99b5111b-d356-42b4-8380-346acbcabf6e->2e72a9ea-f178-40e5-bf42-2c889e32e769: nextIndex: updateUnconditionally 0 -> 0
2019-09-01 05:53:51,116 [grpc-default-executor-6] WARN  server.GrpcLogAppender (LogUtils.java:warn(134)) - 99b5111b-d356-42b4-8380-346acbcabf6e->f61a82c2-42b9-49e6-922b-54bde2900752: Failed appendEntries: org.apache.ratis.thirdparty.io.grpc.StatusRuntimeException: UNAVAILABLE: io exception
2019-09-01 05:53:51,116 [grpc-default-executor-6] INFO  impl.FollowerInfo (FollowerInfo.java:lambda$new$0(50)) - 99b5111b-d356-42b4-8380-346acbcabf6e->f61a82c2-42b9-49e6-922b-54bde2900752: nextIndex: updateUnconditionally 0 -> 0
2019-09-01 05:53:51,122 [grpc-default-executor-7] WARN  server.GrpcLogAppender (LogUtils.java:warn(134)) - 99b5111b-d356-42b4-8380-346acbcabf6e->2e72a9ea-f178-40e5-bf42-2c889e32e769: Failed appendEntries: org.apache.ratis.thirdparty.io.grpc.StatusRuntimeException: UNAVAILABLE: io exception
2019-09-01 05:53:51,123 [grpc-default-executor-7] INFO  impl.FollowerInfo (FollowerInfo.java:lambda$new$0(50)) - 99b5111b-d356-42b4-8380-346acbcabf6e->2e72a9ea-f178-40e5-bf42-2c889e32e769: nextIndex: updateUnconditionally 0 -> 0
2019-09-01 05:53:51,616 [grpc-default-executor-1] WARN  server.GrpcLogAppender (LogUtils.java:warn(134)) - 99b5111b-d356-42b4-8380-346acbcabf6e->f61a82c2-42b9-49e6-922b-54bde2900752: Failed appendEntries: org.apache.ratis.thirdparty.io.grpc.StatusRuntimeException: UNAVAILABLE: io exception
2019-09-01 05:53:51,617 [grpc-default-executor-1] INFO  impl.FollowerInfo (FollowerInfo.java:lambda$new$0(50)) - 99b5111b-d356-42b4-8380-346acbcabf6e->f61a82c2-42b9-49e6-922b-54bde2900752: nextIndex: updateUnconditionally 0 -> 0
2019-09-01 05:53:51,623 [grpc-default-executor-6] WARN  server.GrpcLogAppender (LogUtils.java:warn(134)) - 99b5111b-d356-42b4-8380-346acbcabf6e->2e72a9ea-f178-40e5-bf42-2c889e32e769: Failed appendEntries: org.apache.ratis.thirdparty.io.grpc.StatusRuntimeException: UNAVAILABLE: io exception
2019-09-01 05:53:51,624 [grpc-default-executor-6] INFO  impl.FollowerInfo (FollowerInfo.java:lambda$new$0(50)) - 99b5111b-d356-42b4-8380-346acbcabf6e->2e72a9ea-f178-40e5-bf42-2c889e32e769: nextIndex: updateUnconditionally 0 -> 0
2019-09-01 05:53:51,979 [ForkJoinPool.commonPool-worker-1] INFO  ozoneimpl.OzoneContainer (OzoneContainer.java:stop(215)) - Attempting to stop container services.
2019-09-01 05:53:51,979 [ForkJoinPool.commonPool-worker-1] INFO  impl.RaftServerProxy (RaftServerProxy.java:lambda$close$4(314)) - 99b5111b-d356-42b4-8380-346acbcabf6e: close
2019-09-01 05:53:51,980 [ForkJoinPool.commonPool-worker-1] INFO  impl.RaftServerImpl (RaftServerImpl.java:lambda$shutdown$3(245)) - 99b5111b-d356-42b4-8380-346acbcabf6e: shutdown group-21A5ED0EAC4D
2019-09-01 05:53:51,980 [ForkJoinPool.commonPool-worker-1] INFO  util.JmxRegister (JmxRegister.java:unregister(73)) - Successfully un-registered JMX Bean with object name Ratis:service=RaftServer,group=group-21A5ED0EAC4D,id=99b5111b-d356-42b4-8380-346acbcabf6e
2019-09-01 05:53:51,980 [ForkJoinPool.commonPool-worker-1] INFO  impl.RoleInfo (RoleInfo.java:shutdownLeaderState(104)) - 99b5111b-d356-42b4-8380-346acbcabf6e: shutdown LeaderState
2019-09-01 05:53:51,981 [ForkJoinPool.commonPool-worker-1] INFO  impl.PendingRequests (PendingRequests.java:sendNotLeaderResponses(202)) - 99b5111b-d356-42b4-8380-346acbcabf6e-PendingRequests: sendNotLeaderResponses
2019-09-01 05:53:51,981 [ForkJoinPool.commonPool-worker-1] INFO  impl.StateMachineUpdater (StateMachineUpdater.java:stopAndJoin(115)) - StateMachineUpdater:99b5111b-d356-42b4-8380-346acbcabf6e:group-21A5ED0EAC4D: set stopIndex = 0
2019-09-01 05:53:51,981 [ForkJoinPool.commonPool-worker-1] INFO  impl.RaftServerImpl (ServerState.java:close(394)) - 99b5111b-d356-42b4-8380-346acbcabf6e:group-21A5ED0EAC4D closes. The last applied log index is 0
2019-09-01 05:53:51,982 [99b5111b-d356-42b4-8380-346acbcabf6e-SegmentedRaftLogWorker:Storage Directory /workdir/hadoop-ozone/integration-test/target/test-dir/MiniOzoneClusterImpl-fb00d516-ae13-4d3c-8a3f-926c553c4eaa/datanode-1/data/ratis/7e918f36-55ca-47e2-b66d-21a5ed0eac4d] INFO  segmented.SegmentedRaftLogWorker (SegmentedRaftLogWorker.java:run(313)) - 99b5111b-d356-42b4-8380-346acbcabf6e-SegmentedRaftLogWorker:Storage Directory /workdir/hadoop-ozone/integration-test/target/test-dir/MiniOzoneClusterImpl-fb00d516-ae13-4d3c-8a3f-926c553c4eaa/datanode-1/data/ratis/7e918f36-55ca-47e2-b66d-21a5ed0eac4d was interrupted, exiting. There are 0 tasks remaining in the queue.
2019-09-01 05:53:51,984 [ForkJoinPool.commonPool-worker-1] INFO  segmented.SegmentedRaftLogWorker (SegmentedRaftLogWorker.java:close(228)) - 99b5111b-d356-42b4-8380-346acbcabf6e-SegmentedRaftLogWorker:Storage Directory /workdir/hadoop-ozone/integration-test/target/test-dir/MiniOzoneClusterImpl-fb00d516-ae13-4d3c-8a3f-926c553c4eaa/datanode-1/data/ratis/7e918f36-55ca-47e2-b66d-21a5ed0eac4d close()
2019-09-01 05:53:51,986 [ForkJoinPool.commonPool-worker-1] INFO  impl.RaftServerImpl (RaftServerImpl.java:lambda$shutdown$3(245)) - 99b5111b-d356-42b4-8380-346acbcabf6e: shutdown group-BF85EB72019C
2019-09-01 05:53:51,986 [ForkJoinPool.commonPool-worker-1] INFO  util.JmxRegister (JmxRegister.java:unregister(73)) - Successfully un-registered JMX Bean with object name Ratis:service=RaftServer,group=group-BF85EB72019C,id=99b5111b-d356-42b4-8380-346acbcabf6e
2019-09-01 05:53:51,987 [ForkJoinPool.commonPool-worker-1] INFO  impl.RoleInfo (RoleInfo.java:shutdownLeaderState(104)) - 99b5111b-d356-42b4-8380-346acbcabf6e: shutdown LeaderState
2019-09-01 05:53:51,987 [ForkJoinPool.commonPool-worker-1] INFO  impl.PendingRequests (PendingRequests.java:sendNotLeaderResponses(202)) - 99b5111b-d356-42b4-8380-346acbcabf6e-PendingRequests: sendNotLeaderResponses
2019-09-01 05:53:51,987 [org.apache.ratis.server.impl.LogAppender$AppenderDaemon$$Lambda$522/1454028154@10ac837] WARN  server.GrpcLogAppender (GrpcLogAppender.java:mayWait(143)) - GrpcLogAppender(99b5111b-d356-42b4-8380-346acbcabf6e->f61a82c2-42b9-49e6-922b-54bde2900752): Wait interrupted by java.lang.InterruptedException
2019-09-01 05:53:51,987 [org.apache.ratis.server.impl.LogAppender$AppenderDaemon$$Lambda$522/1454028154@5c243a20] WARN  server.GrpcLogAppender (GrpcLogAppender.java:mayWait(143)) - GrpcLogAppender(99b5111b-d356-42b4-8380-346acbcabf6e->2e72a9ea-f178-40e5-bf42-2c889e32e769): Wait interrupted by java.lang.InterruptedException
2019-09-01 05:53:51,987 [ForkJoinPool.commonPool-worker-1] INFO  impl.StateMachineUpdater (StateMachineUpdater.java:stopAndJoin(115)) - StateMachineUpdater:99b5111b-d356-42b4-8380-346acbcabf6e:group-BF85EB72019C: set stopIndex = 14
2019-09-01 05:53:51,988 [StateMachineUpdater:99b5111b-d356-42b4-8380-346acbcabf6e:group-BF85EB72019C] INFO  ratis.ContainerStateMachine (ContainerStateMachine.java:takeSnapshot(284)) - group-BF85EB72019C: Taking a snapshot at:(t:1, i:8) file /workdir/hadoop-ozone/integration-test/target/test-dir/MiniOzoneClusterImpl-fb00d516-ae13-4d3c-8a3f-926c553c4eaa/datanode-1/data/ratis/55cef6a9-e725-4da7-8f63-bf85eb72019c/sm/snapshot.1_8
2019-09-01 05:53:52,030 [StateMachineUpdater:99b5111b-d356-42b4-8380-346acbcabf6e:group-BF85EB72019C] INFO  ratis.ContainerStateMachine (ContainerStateMachine.java:takeSnapshot(295)) - group-BF85EB72019C: Finished taking a snapshot at:(t:1, i:8) file:/workdir/hadoop-ozone/integration-test/target/test-dir/MiniOzoneClusterImpl-fb00d516-ae13-4d3c-8a3f-926c553c4eaa/datanode-1/data/ratis/55cef6a9-e725-4da7-8f63-bf85eb72019c/sm/snapshot.1_8 time:42
2019-09-01 05:53:52,030 [StateMachineUpdater:99b5111b-d356-42b4-8380-346acbcabf6e:group-BF85EB72019C] INFO  impl.StateMachineUpdater (StateMachineUpdater.java:takeSnapshot(242)) - StateMachineUpdater:99b5111b-d356-42b4-8380-346acbcabf6e:group-BF85EB72019C: Took a snapshot at index 8
2019-09-01 05:53:52,030 [StateMachineUpdater:99b5111b-d356-42b4-8380-346acbcabf6e:group-BF85EB72019C] INFO  impl.StateMachineUpdater (StateMachineUpdater.java:lambda$new$0(80)) - StateMachineUpdater:99b5111b-d356-42b4-8380-346acbcabf6e:group-BF85EB72019C: snapshotIndex: updateIncreasingly -1 -> 8
2019-09-01 05:53:52,031 [ForkJoinPool.commonPool-worker-1] INFO  impl.RaftServerImpl (ServerState.java:close(394)) - 99b5111b-d356-42b4-8380-346acbcabf6e:group-BF85EB72019C closes. The last applied log index is 14
2019-09-01 05:53:52,031 [99b5111b-d356-42b4-8380-346acbcabf6e-SegmentedRaftLogWorker:Storage Directory /workdir/hadoop-ozone/integration-test/target/test-dir/MiniOzoneClusterImpl-fb00d516-ae13-4d3c-8a3f-926c553c4eaa/datanode-1/data/ratis/55cef6a9-e725-4da7-8f63-bf85eb72019c] INFO  segmented.SegmentedRaftLogWorker (SegmentedRaftLogWorker.java:run(313)) - 99b5111b-d356-42b4-8380-346acbcabf6e-SegmentedRaftLogWorker:Storage Directory /workdir/hadoop-ozone/integration-test/target/test-dir/MiniOzoneClusterImpl-fb00d516-ae13-4d3c-8a3f-926c553c4eaa/datanode-1/data/ratis/55cef6a9-e725-4da7-8f63-bf85eb72019c was interrupted, exiting. There are 0 tasks remaining in the queue.
2019-09-01 05:53:52,031 [ForkJoinPool.commonPool-worker-1] INFO  segmented.SegmentedRaftLogWorker (SegmentedRaftLogWorker.java:close(228)) - 99b5111b-d356-42b4-8380-346acbcabf6e-SegmentedRaftLogWorker:Storage Directory /workdir/hadoop-ozone/integration-test/target/test-dir/MiniOzoneClusterImpl-fb00d516-ae13-4d3c-8a3f-926c553c4eaa/datanode-1/data/ratis/55cef6a9-e725-4da7-8f63-bf85eb72019c close()
2019-09-01 05:53:52,033 [ForkJoinPool.commonPool-worker-1] INFO  server.GrpcService (GrpcService.java:closeImpl(155)) - 99b5111b-d356-42b4-8380-346acbcabf6e: shutdown server with port 35209 now
2019-09-01 05:53:52,034 [ForkJoinPool.commonPool-worker-1] INFO  server.GrpcService (GrpcService.java:closeImpl(163)) - 99b5111b-d356-42b4-8380-346acbcabf6e: shutdown server with port 35209 successfully
2019-09-01 05:53:52,040 [refreshUsed-/workdir/hadoop-ozone/integration-test/target/test-dir/MiniOzoneClusterImpl-fb00d516-ae13-4d3c-8a3f-926c553c4eaa/datanode-1/data/containers] WARN  fs.CachingGetSpaceUsed (CachingGetSpaceUsed.java:run(183)) - Thread Interrupted waiting to refresh disk information: sleep interrupted
2019-09-01 05:53:52,054 [ForkJoinPool.commonPool-worker-1] INFO  utils.BackgroundService (BackgroundService.java:shutdown(148)) - Shutting down service BlockDeletingService
2019-09-01 05:53:52,056 [ForkJoinPool.commonPool-worker-1] INFO  statemachine.DatanodeStateMachine (DatanodeStateMachine.java:stopDaemon(395)) - Ozone container server stopped.
2019-09-01 05:53:52,057 [ForkJoinPool.commonPool-worker-1] INFO  handler.ContextHandler (ContextHandler.java:doStop(910)) - Stopped o.e.j.w.WebAppContext@24d8f87a{/,null,UNAVAILABLE}{/hddsDatanode}
2019-09-01 05:53:52,058 [ForkJoinPool.commonPool-worker-1] INFO  server.AbstractConnector (AbstractConnector.java:doStop(318)) - Stopped ServerConnector@3f048c86{HTTP/1.1,[http/1.1]}{0.0.0.0:0}
2019-09-01 05:53:52,059 [ForkJoinPool.commonPool-worker-1] INFO  handler.ContextHandler (ContextHandler.java:doStop(910)) - Stopped o.e.j.s.ServletContextHandler@106c988{/static,jar:file:/home/user/.m2/repository/org/apache/hadoop/hadoop-hdds-container-service/0.5.0-SNAPSHOT/hadoop-hdds-container-service-0.5.0-SNAPSHOT.jar!/webapps/static,UNAVAILABLE}
2019-09-01 05:53:52,060 [ForkJoinPool.commonPool-worker-1] INFO  handler.ContextHandler (ContextHandler.java:doStop(910)) - Stopped o.e.j.s.ServletContextHandler@ceb7701{/logs,file:///workdir/hadoop-ozone/integration-test/target/log,UNAVAILABLE}
2019-09-01 05:53:52,061 [main] INFO  ozone.MiniOzoneClusterImpl (MiniOzoneClusterImpl.java:stop(339)) - Stopping the StorageContainerManager
2019-09-01 05:53:52,061 [main] INFO  server.StorageContainerManager (StorageContainerManager.java:stop(797)) - Stopping Replication Manager Service.
2019-09-01 05:53:52,061 [main] INFO  container.ReplicationManager (ReplicationManager.java:stop(203)) - Stopping Replication Monitor Thread.
2019-09-01 05:53:52,062 [main] INFO  server.StorageContainerManager (StorageContainerManager.java:stop(804)) - Stopping Lease Manager of the command watchers
2019-09-01 05:53:52,062 [main] INFO  server.StorageContainerManager (StorageContainerManager.java:stop(811)) - Stopping datanode service RPC server
2019-09-01 05:53:52,062 [main] INFO  server.SCMDatanodeProtocolServer (SCMDatanodeProtocolServer.java:stop(367)) - Stopping the RPC server for DataNodes
2019-09-01 05:53:52,062 [main] INFO  ipc.Server (Server.java:stop(3082)) - Stopping server on 37499
2019-09-01 05:53:52,066 [IPC Server listener on 37499] INFO  ipc.Server (Server.java:run(1185)) - Stopping IPC Server listener on 37499
2019-09-01 05:53:52,066 [IPC Server Responder] INFO  ipc.Server (Server.java:run(1319)) - Stopping IPC Server Responder
2019-09-01 05:53:52,134 [SCM Heartbeat Processing Thread - 0] WARN  node.NodeStateManager (NodeStateManager.java:scheduleNextHealthCheck(646)) - Current Thread is interrupted, shutting down HB processing thread for Node Manager.
2019-09-01 05:53:52,134 [main] INFO  server.StorageContainerManager (StorageContainerManager.java:stop(819)) - Stopping block service RPC server
2019-09-01 05:53:52,135 [main] INFO  server.SCMBlockProtocolServer (SCMBlockProtocolServer.java:stop(155)) - Stopping the RPC server for Block Protocol
2019-09-01 05:53:52,135 [main] INFO  ipc.Server (Server.java:stop(3082)) - Stopping server on 41366
2019-09-01 05:53:52,138 [IPC Server listener on 41366] INFO  ipc.Server (Server.java:run(1185)) - Stopping IPC Server listener on 41366
2019-09-01 05:53:52,139 [main] INFO  server.StorageContainerManager (StorageContainerManager.java:stop(826)) - Stopping the StorageContainerLocationProtocol RPC server
2019-09-01 05:53:52,141 [IPC Server Responder] INFO  ipc.Server (Server.java:run(1319)) - Stopping IPC Server Responder
2019-09-01 05:53:52,141 [main] INFO  server.SCMClientProtocolServer (SCMClientProtocolServer.java:stop(159)) - Stopping the RPC server for Client Protocol
2019-09-01 05:53:52,141 [main] INFO  ipc.Server (Server.java:stop(3082)) - Stopping server on 43202
2019-09-01 05:53:52,145 [IPC Server listener on 43202] INFO  ipc.Server (Server.java:run(1185)) - Stopping IPC Server listener on 43202
2019-09-01 05:53:52,145 [main] INFO  server.StorageContainerManager (StorageContainerManager.java:stop(833)) - Stopping Storage Container Manager HTTP server.
2019-09-01 05:53:52,146 [IPC Server Responder] INFO  ipc.Server (Server.java:run(1319)) - Stopping IPC Server Responder
2019-09-01 05:53:52,147 [main] INFO  handler.ContextHandler (ContextHandler.java:doStop(910)) - Stopped o.e.j.w.WebAppContext@27ec8754{/,null,UNAVAILABLE}{/scm}
2019-09-01 05:53:52,147 [main] INFO  server.AbstractConnector (AbstractConnector.java:doStop(318)) - Stopped ServerConnector@3bbf1c0d{HTTP/1.1,[http/1.1]}{0.0.0.0:0}
2019-09-01 05:53:52,148 [main] INFO  handler.ContextHandler (ContextHandler.java:doStop(910)) - Stopped o.e.j.s.ServletContextHandler@212fafd1{/static,file:///workdir/hadoop-ozone/integration-test/target/test-classes/webapps/static,UNAVAILABLE}
2019-09-01 05:53:52,148 [main] INFO  handler.ContextHandler (ContextHandler.java:doStop(910)) - Stopped o.e.j.s.ServletContextHandler@581c9bb7{/logs,file:///workdir/hadoop-ozone/integration-test/target/log,UNAVAILABLE}
2019-09-01 05:53:52,149 [main] INFO  server.StorageContainerManager (StorageContainerManager.java:stop(844)) - Stopping Block Manager Service.
2019-09-01 05:53:52,149 [main] INFO  utils.BackgroundService (BackgroundService.java:shutdown(148)) - Shutting down service SCMBlockDeletingService
2019-09-01 05:53:52,150 [main] INFO  utils.BackgroundService (BackgroundService.java:shutdown(148)) - Shutting down service SCMBlockDeletingService
2019-09-01 05:53:52,150 [main] INFO  server.StorageContainerManager (StorageContainerManager.java:stop(866)) - Stopping SCM Event Queue.
2019-09-01 05:53:52,154 [main] INFO  impl.MetricsSystemImpl (MetricsSystemImpl.java:stop(210)) - Stopping HddsDatanode metrics system...
2019-09-01 05:53:52,171 [main] INFO  impl.MetricsSystemImpl (MetricsSystemImpl.java:stop(216)) - HddsDatanode metrics system stopped.
]]></system-out>
  </testcase>
</testsuite>