<?xml version="1.0" encoding="UTF-8"?>
<testsuite xmlns:xsi="http://www.w3.org/2001/XMLSchema-instance" xsi:noNamespaceSchemaLocation="https://maven.apache.org/surefire/maven-surefire-plugin/xsd/surefire-test-report.xsd" name="org.apache.hadoop.ozone.client.rpc.TestBlockOutputStreamWithFailures" time="741.539" tests="8" errors="0" skipped="0" failures="1">
  <properties>
    <property name="awt.toolkit" value="sun.awt.X11.XToolkit"/>
    <property name="file.encoding.pkg" value="sun.io"/>
    <property name="java.specification.version" value="1.8"/>
    <property name="sun.cpu.isalist" value=""/>
    <property name="sun.jnu.encoding" value="UTF-8"/>
    <property name="java.class.path" value="/workdir/hadoop-ozone/integration-test/target/test-classes:/workdir/hadoop-ozone/integration-test/target/classes:/home/user/.m2/repository/org/apache/hadoop/hadoop-ozone-common/0.5.0-SNAPSHOT/hadoop-ozone-common-0.5.0-SNAPSHOT.jar:/home/user/.m2/repository/org/apache/commons/commons-compress/1.4.1/commons-compress-1.4.1.jar:/home/user/.m2/repository/org/tukaani/xz/1.0/xz-1.0.jar:/home/user/.m2/repository/org/apache/hadoop/hadoop-common/3.2.0/hadoop-common-3.2.0.jar:/home/user/.m2/repository/org/apache/hadoop/hadoop-hdfs/3.2.0/hadoop-hdfs-3.2.0.jar:/home/user/.m2/repository/org/apache/hadoop/hadoop-hdfs-client/3.2.0/hadoop-hdfs-client-3.2.0.jar:/home/user/.m2/repository/com/fasterxml/jackson/core/jackson-annotations/2.9.5/jackson-annotations-2.9.5.jar:/home/user/.m2/repository/org/apache/hadoop/hadoop-hdds-common/0.5.0-SNAPSHOT/hadoop-hdds-common-0.5.0-SNAPSHOT.jar:/home/user/.m2/repository/javax/annotation/javax.annotation-api/1.2/javax.annotation-api-1.2.jar:/home/user/.m2/repository/org/apache/ratis/ratis-server/0.4.0-2337318-SNAPSHOT/ratis-server-0.4.0-2337318-SNAPSHOT.jar:/home/user/.m2/repository/org/apache/ratis/ratis-thirdparty-misc/0.2.0/ratis-thirdparty-misc-0.2.0.jar:/home/user/.m2/repository/org/apache/ratis/ratis-proto/0.4.0-2337318-SNAPSHOT/ratis-proto-0.4.0-2337318-SNAPSHOT.jar:/home/user/.m2/repository/org/apache/ratis/ratis-common/0.4.0-2337318-SNAPSHOT/ratis-common-0.4.0-2337318-SNAPSHOT.jar:/home/user/.m2/repository/org/apache/ratis/ratis-client/0.4.0-2337318-SNAPSHOT/ratis-client-0.4.0-2337318-SNAPSHOT.jar:/home/user/.m2/repository/org/apache/ratis/ratis-metrics/0.4.0-2337318-SNAPSHOT/ratis-metrics-0.4.0-2337318-SNAPSHOT.jar:/home/user/.m2/repository/org/apache/ratis/ratis-netty/0.4.0-2337318-SNAPSHOT/ratis-netty-0.4.0-2337318-SNAPSHOT.jar:/home/user/.m2/repository/org/apache/ratis/ratis-grpc/0.4.0-2337318-SNAPSHOT/ratis-grpc-0.4.0-2337318-SNAPSHOT.jar:/home/user/.m2/repository/org/rocksdb/rocksdbjni/6.0.1/rocksdbjni-6.0.1.jar:/home/user/.m2/repository/org/apache/logging/log4j/log4j-api/2.11.0/log4j-api-2.11.0.jar:/home/user/.m2/repository/org/apache/logging/log4j/log4j-core/2.11.0/log4j-core-2.11.0.jar:/home/user/.m2/repository/com/lmax/disruptor/3.4.2/disruptor-3.4.2.jar:/home/user/.m2/repository/org/apache/commons/commons-pool2/2.6.0/commons-pool2-2.6.0.jar:/home/user/.m2/repository/org/bouncycastle/bcpkix-jdk15on/1.60/bcpkix-jdk15on-1.60.jar:/home/user/.m2/repository/commons-validator/commons-validator/1.6/commons-validator-1.6.jar:/home/user/.m2/repository/commons-digester/commons-digester/1.8.1/commons-digester-1.8.1.jar:/home/user/.m2/repository/io/jaegertracing/jaeger-client/0.33.1/jaeger-client-0.33.1.jar:/home/user/.m2/repository/io/jaegertracing/jaeger-thrift/0.33.1/jaeger-thrift-0.33.1.jar:/home/user/.m2/repository/org/apache/thrift/libthrift/0.11.0/libthrift-0.11.0.jar:/home/user/.m2/repository/com/squareup/okhttp3/okhttp/3.9.0/okhttp-3.9.0.jar:/home/user/.m2/repository/com/squareup/okio/okio/1.13.0/okio-1.13.0.jar:/home/user/.m2/repository/io/jaegertracing/jaeger-core/0.33.1/jaeger-core-0.33.1.jar:/home/user/.m2/repository/io/jaegertracing/jaeger-tracerresolver/0.33.1/jaeger-tracerresolver-0.33.1.jar:/home/user/.m2/repository/io/opentracing/contrib/opentracing-tracerresolver/0.1.5/opentracing-tracerresolver-0.1.5.jar:/home/user/.m2/repository/io/opentracing/opentracing-util/0.31.0/opentracing-util-0.31.0.jar:/home/user/.m2/repository/io/opentracing/opentracing-api/0.31.0/opentracing-api-0.31.0.jar:/home/user/.m2/repository/io/opentracing/opentracing-noop/0.31.0/opentracing-noop-0.31.0.jar:/home/user/.m2/repository/org/apache/hadoop/hadoop-hdds-server-framework/0.5.0-SNAPSHOT/hadoop-hdds-server-framework-0.5.0-SNAPSHOT.jar:/home/user/.m2/repository/org/apache/hadoop/hadoop-hdds-container-service/0.5.0-SNAPSHOT/hadoop-hdds-container-service-0.5.0-SNAPSHOT.jar:/home/user/.m2/repository/org/apache/hadoop/hadoop-hdds-client/0.5.0-SNAPSHOT/hadoop-hdds-client-0.5.0-SNAPSHOT.jar:/home/user/.m2/repository/org/apache/hadoop/hadoop-hdds-tools/0.5.0-SNAPSHOT/hadoop-hdds-tools-0.5.0-SNAPSHOT.jar:/home/user/.m2/repository/org/apache/hadoop/hadoop-hdds-server-scm/0.5.0-SNAPSHOT/hadoop-hdds-server-scm-0.5.0-SNAPSHOT.jar:/home/user/.m2/repository/org/apache/hadoop/hadoop-hdds-docs/0.5.0-SNAPSHOT/hadoop-hdds-docs-0.5.0-SNAPSHOT.jar:/home/user/.m2/repository/io/dropwizard/metrics/metrics-core/3.2.4/metrics-core-3.2.4.jar:/home/user/.m2/repository/org/hamcrest/hamcrest-all/1.3/hamcrest-all-1.3.jar:/home/user/.m2/repository/org/bouncycastle/bcprov-jdk15on/1.60/bcprov-jdk15on-1.60.jar:/home/user/.m2/repository/info/picocli/picocli/3.9.6/picocli-3.9.6.jar:/home/user/.m2/repository/com/google/protobuf/protobuf-java/2.5.0/protobuf-java-2.5.0.jar:/home/user/.m2/repository/com/google/guava/guava/11.0.2/guava-11.0.2.jar:/home/user/.m2/repository/org/apache/hadoop/hadoop-ozone-ozone-manager/0.5.0-SNAPSHOT/hadoop-ozone-ozone-manager-0.5.0-SNAPSHOT.jar:/home/user/.m2/repository/org/apache/hadoop/hadoop-minikdc/3.2.0/hadoop-minikdc-3.2.0.jar:/home/user/.m2/repository/commons-io/commons-io/2.5/commons-io-2.5.jar:/home/user/.m2/repository/org/apache/kerby/kerb-simplekdc/1.0.1/kerb-simplekdc-1.0.1.jar:/home/user/.m2/repository/org/apache/kerby/kerb-client/1.0.1/kerb-client-1.0.1.jar:/home/user/.m2/repository/org/apache/kerby/kerby-config/1.0.1/kerby-config-1.0.1.jar:/home/user/.m2/repository/org/apache/kerby/kerb-core/1.0.1/kerb-core-1.0.1.jar:/home/user/.m2/repository/org/apache/kerby/kerby-pkix/1.0.1/kerby-pkix-1.0.1.jar:/home/user/.m2/repository/org/apache/kerby/kerby-asn1/1.0.1/kerby-asn1-1.0.1.jar:/home/user/.m2/repository/org/apache/kerby/kerby-util/1.0.1/kerby-util-1.0.1.jar:/home/user/.m2/repository/org/apache/kerby/kerb-common/1.0.1/kerb-common-1.0.1.jar:/home/user/.m2/repository/org/apache/kerby/kerb-crypto/1.0.1/kerb-crypto-1.0.1.jar:/home/user/.m2/repository/org/apache/kerby/kerb-util/1.0.1/kerb-util-1.0.1.jar:/home/user/.m2/repository/org/apache/kerby/token-provider/1.0.1/token-provider-1.0.1.jar:/home/user/.m2/repository/org/apache/kerby/kerb-admin/1.0.1/kerb-admin-1.0.1.jar:/home/user/.m2/repository/org/apache/kerby/kerb-server/1.0.1/kerb-server-1.0.1.jar:/home/user/.m2/repository/org/apache/kerby/kerb-identity/1.0.1/kerb-identity-1.0.1.jar:/home/user/.m2/repository/org/apache/kerby/kerby-xdr/1.0.1/kerby-xdr-1.0.1.jar:/home/user/.m2/repository/org/slf4j/slf4j-log4j12/1.7.25/slf4j-log4j12-1.7.25.jar:/home/user/.m2/repository/org/apache/hadoop/hadoop-ozone-s3gateway/0.5.0-SNAPSHOT/hadoop-ozone-s3gateway-0.5.0-SNAPSHOT.jar:/home/user/.m2/repository/org/jboss/weld/servlet/weld-servlet/2.4.7.Final/weld-servlet-2.4.7.Final.jar:/home/user/.m2/repository/org/glassfish/jersey/containers/jersey-container-servlet-core/2.27/jersey-container-servlet-core-2.27.jar:/home/user/.m2/repository/org/glassfish/hk2/external/javax.inject/2.5.0-b42/javax.inject-2.5.0-b42.jar:/home/user/.m2/repository/org/glassfish/jersey/core/jersey-common/2.27/jersey-common-2.27.jar:/home/user/.m2/repository/org/glassfish/hk2/osgi-resource-locator/1.0.1/osgi-resource-locator-1.0.1.jar:/home/user/.m2/repository/javax/ws/rs/javax.ws.rs-api/2.1/javax.ws.rs-api-2.1.jar:/home/user/.m2/repository/org/glassfish/jersey/ext/cdi/jersey-cdi1x/2.27/jersey-cdi1x-2.27.jar:/home/user/.m2/repository/org/glassfish/jersey/inject/jersey-hk2/2.27/jersey-hk2-2.27.jar:/home/user/.m2/repository/org/glassfish/hk2/hk2-locator/2.5.0-b42/hk2-locator-2.5.0-b42.jar:/home/user/.m2/repository/org/javassist/javassist/3.22.0-CR2/javassist-3.22.0-CR2.jar:/home/user/.m2/repository/org/glassfish/hk2/hk2-api/2.5.0/hk2-api-2.5.0.jar:/home/user/.m2/repository/org/glassfish/hk2/external/jakarta.inject/2.5.0/jakarta.inject-2.5.0.jar:/home/user/.m2/repository/org/glassfish/hk2/hk2-utils/2.5.0/hk2-utils-2.5.0.jar:/home/user/.m2/repository/jakarta/annotation/jakarta.annotation-api/1.3.4/jakarta.annotation-api-1.3.4.jar:/home/user/.m2/repository/org/glassfish/hk2/external/aopalliance-repackaged/2.5.0/aopalliance-repackaged-2.5.0.jar:/home/user/.m2/repository/com/fasterxml/jackson/dataformat/jackson-dataformat-xml/2.9.0/jackson-dataformat-xml-2.9.0.jar:/home/user/.m2/repository/com/fasterxml/jackson/core/jackson-core/2.9.5/jackson-core-2.9.5.jar:/home/user/.m2/repository/com/fasterxml/jackson/module/jackson-module-jaxb-annotations/2.9.5/jackson-module-jaxb-annotations-2.9.5.jar:/home/user/.m2/repository/javax/enterprise/cdi-api/1.2/cdi-api-1.2.jar:/home/user/.m2/repository/javax/el/javax.el-api/3.0.0/javax.el-api-3.0.0.jar:/home/user/.m2/repository/javax/interceptor/javax.interceptor-api/1.2/javax.interceptor-api-1.2.jar:/home/user/.m2/repository/javax/inject/javax.inject/1/javax.inject-1.jar:/home/user/.m2/repository/com/sun/xml/bind/jaxb-impl/2.3.0.1/jaxb-impl-2.3.0.1.jar:/home/user/.m2/repository/com/sun/xml/bind/jaxb-core/2.3.0.1/jaxb-core-2.3.0.1.jar:/home/user/.m2/repository/javax/xml/bind/jaxb-api/2.3.0/jaxb-api-2.3.0.jar:/home/user/.m2/repository/javax/activation/activation/1.1.1/activation-1.1.1.jar:/home/user/.m2/repository/org/apache/hadoop/hadoop-ozone-csi/0.5.0-SNAPSHOT/hadoop-ozone-csi-0.5.0-SNAPSHOT.jar:/home/user/.m2/repository/com/google/protobuf/protobuf-java-util/3.5.1/protobuf-java-util-3.5.1.jar:/home/user/.m2/repository/org/apache/hadoop/hadoop-hdds-config/0.5.0-SNAPSHOT/hadoop-hdds-config-0.5.0-SNAPSHOT.jar:/home/user/.m2/repository/io/grpc/grpc-netty/1.17.1/grpc-netty-1.17.1.jar:/home/user/.m2/repository/io/grpc/grpc-core/1.17.1/grpc-core-1.17.1.jar:/home/user/.m2/repository/io/grpc/grpc-context/1.17.1/grpc-context-1.17.1.jar:/home/user/.m2/repository/com/google/errorprone/error_prone_annotations/2.2.0/error_prone_annotations-2.2.0.jar:/home/user/.m2/repository/org/codehaus/mojo/animal-sniffer-annotations/1.17/animal-sniffer-annotations-1.17.jar:/home/user/.m2/repository/io/opencensus/opencensus-api/0.17.0/opencensus-api-0.17.0.jar:/home/user/.m2/repository/io/opencensus/opencensus-contrib-grpc-metrics/0.17.0/opencensus-contrib-grpc-metrics-0.17.0.jar:/home/user/.m2/repository/io/netty/netty-codec-http2/4.1.30.Final/netty-codec-http2-4.1.30.Final.jar:/home/user/.m2/repository/io/netty/netty-codec-http/4.1.30.Final/netty-codec-http-4.1.30.Final.jar:/home/user/.m2/repository/io/netty/netty-codec/4.1.30.Final/netty-codec-4.1.30.Final.jar:/home/user/.m2/repository/io/netty/netty-handler/4.1.30.Final/netty-handler-4.1.30.Final.jar:/home/user/.m2/repository/io/netty/netty-handler-proxy/4.1.30.Final/netty-handler-proxy-4.1.30.Final.jar:/home/user/.m2/repository/io/netty/netty-codec-socks/4.1.30.Final/netty-codec-socks-4.1.30.Final.jar:/home/user/.m2/repository/io/netty/netty-transport-native-epoll/4.1.30.Final/netty-transport-native-epoll-4.1.30.Final.jar:/home/user/.m2/repository/io/netty/netty-common/4.1.30.Final/netty-common-4.1.30.Final.jar:/home/user/.m2/repository/io/netty/netty-buffer/4.1.30.Final/netty-buffer-4.1.30.Final.jar:/home/user/.m2/repository/io/netty/netty-transport/4.1.30.Final/netty-transport-4.1.30.Final.jar:/home/user/.m2/repository/io/netty/netty-resolver/4.1.30.Final/netty-resolver-4.1.30.Final.jar:/home/user/.m2/repository/io/netty/netty-transport-native-unix-common/4.1.30.Final/netty-transport-native-unix-common-4.1.30.Final.jar:/home/user/.m2/repository/io/grpc/grpc-protobuf/1.17.1/grpc-protobuf-1.17.1.jar:/home/user/.m2/repository/com/google/api/grpc/proto-google-common-protos/1.0.0/proto-google-common-protos-1.0.0.jar:/home/user/.m2/repository/io/grpc/grpc-protobuf-lite/1.17.1/grpc-protobuf-lite-1.17.1.jar:/home/user/.m2/repository/io/grpc/grpc-stub/1.17.1/grpc-stub-1.17.1.jar:/home/user/.m2/repository/org/apache/hadoop/hadoop-ozone-recon/0.5.0-SNAPSHOT/hadoop-ozone-recon-0.5.0-SNAPSHOT.jar:/home/user/.m2/repository/org/apache/hadoop/hadoop-ozone-reconcodegen/0.5.0-SNAPSHOT/hadoop-ozone-reconcodegen-0.5.0-SNAPSHOT.jar:/home/user/.m2/repository/com/google/inject/extensions/guice-multibindings/4.0/guice-multibindings-4.0.jar:/home/user/.m2/repository/com/google/inject/guice/4.0/guice-4.0.jar:/home/user/.m2/repository/aopalliance/aopalliance/1.0/aopalliance-1.0.jar:/home/user/.m2/repository/com/google/inject/extensions/guice-servlet/4.0/guice-servlet-4.0.jar:/home/user/.m2/repository/org/glassfish/jersey/containers/jersey-container-servlet/2.27/jersey-container-servlet-2.27.jar:/home/user/.m2/repository/org/glassfish/hk2/guice-bridge/2.5.0/guice-bridge-2.5.0.jar:/home/user/.m2/repository/org/glassfish/jersey/core/jersey-server/2.27/jersey-server-2.27.jar:/home/user/.m2/repository/org/glassfish/jersey/core/jersey-client/2.27/jersey-client-2.27.jar:/home/user/.m2/repository/org/glassfish/jersey/media/jersey-media-jaxb/2.27/jersey-media-jaxb-2.27.jar:/home/user/.m2/repository/javax/validation/validation-api/1.1.0.Final/validation-api-1.1.0.Final.jar:/home/user/.m2/repository/org/glassfish/jersey/media/jersey-media-json-jackson/2.27/jersey-media-json-jackson-2.27.jar:/home/user/.m2/repository/org/glassfish/jersey/ext/jersey-entity-filtering/2.27/jersey-entity-filtering-2.27.jar:/home/user/.m2/repository/com/google/inject/extensions/guice-assistedinject/4.0/guice-assistedinject-4.0.jar:/home/user/.m2/repository/org/jooq/jooq/3.11.10/jooq-3.11.10.jar:/home/user/.m2/repository/org/jooq/jooq-meta/3.11.10/jooq-meta-3.11.10.jar:/home/user/.m2/repository/org/jooq/jooq-codegen/3.11.10/jooq-codegen-3.11.10.jar:/home/user/.m2/repository/com/jolbox/bonecp/0.8.0.RELEASE/bonecp-0.8.0.RELEASE.jar:/home/user/.m2/repository/org/xerial/sqlite-jdbc/3.25.2/sqlite-jdbc-3.25.2.jar:/home/user/.m2/repository/org/springframework/spring-jdbc/5.1.3.RELEASE/spring-jdbc-5.1.3.RELEASE.jar:/home/user/.m2/repository/org/springframework/spring-beans/5.1.3.RELEASE/spring-beans-5.1.3.RELEASE.jar:/home/user/.m2/repository/org/springframework/spring-core/5.1.3.RELEASE/spring-core-5.1.3.RELEASE.jar:/home/user/.m2/repository/org/springframework/spring-jcl/5.1.3.RELEASE/spring-jcl-5.1.3.RELEASE.jar:/home/user/.m2/repository/org/springframework/spring-tx/5.1.3.RELEASE/spring-tx-5.1.3.RELEASE.jar:/home/user/.m2/repository/org/apache/hadoop/hadoop-ozone-client/0.5.0-SNAPSHOT/hadoop-ozone-client-0.5.0-SNAPSHOT.jar:/home/user/.m2/repository/commons-lang/commons-lang/2.6/commons-lang-2.6.jar:/home/user/.m2/repository/org/apache/hadoop/hadoop-ozone-ozone-manager/0.5.0-SNAPSHOT/hadoop-ozone-ozone-manager-0.5.0-SNAPSHOT-tests.jar:/home/user/.m2/repository/junit/junit/4.11/junit-4.11.jar:/home/user/.m2/repository/org/hamcrest/hamcrest-core/1.3/hamcrest-core-1.3.jar:/home/user/.m2/repository/org/openjdk/jmh/jmh-core/1.19/jmh-core-1.19.jar:/home/user/.m2/repository/net/sf/jopt-simple/jopt-simple/4.6/jopt-simple-4.6.jar:/home/user/.m2/repository/org/apache/commons/commons-math3/3.1.1/commons-math3-3.1.1.jar:/home/user/.m2/repository/org/openjdk/jmh/jmh-generator-annprocess/1.19/jmh-generator-annprocess-1.19.jar:/home/user/.m2/repository/org/mockito/mockito-all/1.8.5/mockito-all-1.8.5.jar:/home/user/.m2/repository/org/apache/hadoop/hadoop-kms/3.2.0/hadoop-kms-3.2.0.jar:/home/user/.m2/repository/org/apache/hadoop/hadoop-auth/3.2.0/hadoop-auth-3.2.0.jar:/home/user/.m2/repository/com/nimbusds/nimbus-jose-jwt/4.41.1/nimbus-jose-jwt-4.41.1.jar:/home/user/.m2/repository/com/github/stephenc/jcip/jcip-annotations/1.0-1/jcip-annotations-1.0-1.jar:/home/user/.m2/repository/net/minidev/json-smart/2.3/json-smart-2.3.jar:/home/user/.m2/repository/net/minidev/accessors-smart/1.2/accessors-smart-1.2.jar:/home/user/.m2/repository/org/ow2/asm/asm/5.0.4/asm-5.0.4.jar:/home/user/.m2/repository/org/apache/curator/curator-framework/2.12.0/curator-framework-2.12.0.jar:/home/user/.m2/repository/com/sun/jersey/jersey-core/1.19/jersey-core-1.19.jar:/home/user/.m2/repository/javax/ws/rs/jsr311-api/1.1.1/jsr311-api-1.1.1.jar:/home/user/.m2/repository/com/sun/jersey/jersey-server/1.19/jersey-server-1.19.jar:/home/user/.m2/repository/javax/servlet/javax.servlet-api/3.1.0/javax.servlet-api-3.1.0.jar:/home/user/.m2/repository/org/eclipse/jetty/jetty-server/9.3.24.v20180605/jetty-server-9.3.24.v20180605.jar:/home/user/.m2/repository/org/eclipse/jetty/jetty-http/9.3.24.v20180605/jetty-http-9.3.24.v20180605.jar:/home/user/.m2/repository/org/eclipse/jetty/jetty-io/9.3.24.v20180605/jetty-io-9.3.24.v20180605.jar:/home/user/.m2/repository/org/eclipse/jetty/jetty-webapp/9.3.24.v20180605/jetty-webapp-9.3.24.v20180605.jar:/home/user/.m2/repository/org/eclipse/jetty/jetty-xml/9.3.24.v20180605/jetty-xml-9.3.24.v20180605.jar:/home/user/.m2/repository/log4j/log4j/1.2.17/log4j-1.2.17.jar:/home/user/.m2/repository/org/slf4j/slf4j-api/1.7.25/slf4j-api-1.7.25.jar:/home/user/.m2/repository/org/slf4j/jul-to-slf4j/1.7.25/jul-to-slf4j-1.7.25.jar:/home/user/.m2/repository/org/eclipse/jetty/jetty-util/9.3.24.v20180605/jetty-util-9.3.24.v20180605.jar:/home/user/.m2/repository/com/fasterxml/jackson/core/jackson-databind/2.9.5/jackson-databind-2.9.5.jar:/home/user/.m2/repository/org/apache/hadoop/hadoop-kms/3.2.0/hadoop-kms-3.2.0-tests.jar:/home/user/.m2/repository/org/apache/hadoop/hadoop-hdds-server-scm/0.5.0-SNAPSHOT/hadoop-hdds-server-scm-0.5.0-SNAPSHOT-tests.jar:/home/user/.m2/repository/org/apache/hadoop/hadoop-hdds-container-service/0.5.0-SNAPSHOT/hadoop-hdds-container-service-0.5.0-SNAPSHOT-tests.jar:/home/user/.m2/repository/org/yaml/snakeyaml/1.16/snakeyaml-1.16.jar:/home/user/.m2/repository/org/apache/hadoop/hadoop-common/3.2.0/hadoop-common-3.2.0-tests.jar:/home/user/.m2/repository/org/apache/hadoop/hadoop-annotations/3.2.0/hadoop-annotations-3.2.0.jar:/usr/lib/jvm/java-1.8-openjdk/jre/../lib/tools.jar:/home/user/.m2/repository/commons-cli/commons-cli/1.2/commons-cli-1.2.jar:/home/user/.m2/repository/org/apache/httpcomponents/httpclient/4.5.2/httpclient-4.5.2.jar:/home/user/.m2/repository/org/apache/httpcomponents/httpcore/4.4.4/httpcore-4.4.4.jar:/home/user/.m2/repository/commons-codec/commons-codec/1.11/commons-codec-1.11.jar:/home/user/.m2/repository/commons-net/commons-net/3.6/commons-net-3.6.jar:/home/user/.m2/repository/commons-collections/commons-collections/3.2.2/commons-collections-3.2.2.jar:/home/user/.m2/repository/org/eclipse/jetty/jetty-servlet/9.3.24.v20180605/jetty-servlet-9.3.24.v20180605.jar:/home/user/.m2/repository/org/eclipse/jetty/jetty-security/9.3.24.v20180605/jetty-security-9.3.24.v20180605.jar:/home/user/.m2/repository/javax/servlet/jsp/jsp-api/2.1/jsp-api-2.1.jar:/home/user/.m2/repository/com/sun/jersey/jersey-servlet/1.19/jersey-servlet-1.19.jar:/home/user/.m2/repository/com/sun/jersey/jersey-json/1.19/jersey-json-1.19.jar:/home/user/.m2/repository/org/codehaus/jettison/jettison/1.1/jettison-1.1.jar:/home/user/.m2/repository/org/codehaus/jackson/jackson-core-asl/1.9.13/jackson-core-asl-1.9.13.jar:/home/user/.m2/repository/org/codehaus/jackson/jackson-mapper-asl/1.9.13/jackson-mapper-asl-1.9.13.jar:/home/user/.m2/repository/org/codehaus/jackson/jackson-jaxrs/1.9.13/jackson-jaxrs-1.9.13.jar:/home/user/.m2/repository/org/codehaus/jackson/jackson-xc/1.9.13/jackson-xc-1.9.13.jar:/home/user/.m2/repository/commons-logging/commons-logging/1.1.3/commons-logging-1.1.3.jar:/home/user/.m2/repository/commons-beanutils/commons-beanutils/1.9.3/commons-beanutils-1.9.3.jar:/home/user/.m2/repository/org/apache/commons/commons-configuration2/2.1.1/commons-configuration2-2.1.1.jar:/home/user/.m2/repository/org/apache/commons/commons-lang3/3.7/commons-lang3-3.7.jar:/home/user/.m2/repository/org/apache/commons/commons-text/1.4/commons-text-1.4.jar:/home/user/.m2/repository/org/apache/avro/avro/1.7.7/avro-1.7.7.jar:/home/user/.m2/repository/com/thoughtworks/paranamer/paranamer/2.3/paranamer-2.3.jar:/home/user/.m2/repository/org/xerial/snappy/snappy-java/1.0.5/snappy-java-1.0.5.jar:/home/user/.m2/repository/com/google/re2j/re2j/1.1/re2j-1.1.jar:/home/user/.m2/repository/com/google/code/gson/gson/2.2.4/gson-2.2.4.jar:/home/user/.m2/repository/com/jcraft/jsch/0.1.54/jsch-0.1.54.jar:/home/user/.m2/repository/org/apache/curator/curator-client/2.12.0/curator-client-2.12.0.jar:/home/user/.m2/repository/org/apache/curator/curator-recipes/2.12.0/curator-recipes-2.12.0.jar:/home/user/.m2/repository/com/google/code/findbugs/jsr305/3.0.0/jsr305-3.0.0.jar:/home/user/.m2/repository/org/apache/htrace/htrace-core4/4.1.0-incubating/htrace-core4-4.1.0-incubating.jar:/home/user/.m2/repository/org/apache/zookeeper/zookeeper/3.4.13/zookeeper-3.4.13.jar:/home/user/.m2/repository/org/apache/yetus/audience-annotations/0.5.0/audience-annotations-0.5.0.jar:/home/user/.m2/repository/org/codehaus/woodstox/stax2-api/3.1.4/stax2-api-3.1.4.jar:/home/user/.m2/repository/com/fasterxml/woodstox/woodstox-core/5.0.3/woodstox-core-5.0.3.jar:/home/user/.m2/repository/dnsjava/dnsjava/2.1.7/dnsjava-2.1.7.jar:/home/user/.m2/repository/org/apache/hadoop/hadoop-hdfs/3.2.0/hadoop-hdfs-3.2.0-tests.jar:/home/user/.m2/repository/org/eclipse/jetty/jetty-util-ajax/9.3.24.v20180605/jetty-util-ajax-9.3.24.v20180605.jar:/home/user/.m2/repository/commons-daemon/commons-daemon/1.0.13/commons-daemon-1.0.13.jar:/home/user/.m2/repository/io/netty/netty/3.10.5.Final/netty-3.10.5.Final.jar:/home/user/.m2/repository/io/netty/netty-all/4.0.52.Final/netty-all-4.0.52.Final.jar:/home/user/.m2/repository/org/fusesource/leveldbjni/leveldbjni-all/1.8/leveldbjni-all-1.8.jar:"/>
    <property name="java.vm.vendor" value="IcedTea"/>
    <property name="sun.arch.data.model" value="64"/>
    <property name="test.build.dir" value="/workdir/hadoop-ozone/integration-test/target/test-dir"/>
    <property name="test.cache.data" value=""/>
    <property name="java.vendor.url" value="https://icedtea.classpath.org"/>
    <property name="user.timezone" value=""/>
    <property name="java.vm.specification.version" value="1.8"/>
    <property name="os.name" value="Linux"/>
    <property name="test.build.data" value="/workdir/hadoop-ozone/integration-test/target/test-dir"/>
    <property name="user.country" value="US"/>
    <property name="sun.java.launcher" value="SUN_STANDARD"/>
    <property name="sun.boot.library.path" value="/usr/lib/jvm/java-1.8-openjdk/jre/lib/amd64"/>
    <property name="sun.java.command" value="/workdir/hadoop-ozone/integration-test/target/surefire/surefirebooter884693561434027388.jar /workdir/hadoop-ozone/integration-test/target/surefire 2019-09-01T05-12-47_812-jvmRun1 surefire8270799350532643002tmp surefire_162036460294128528153tmp"/>
    <property name="test" value="!TestMiniChaosOzoneCluster"/>
    <property name="surefire.test.class.path" value="/workdir/hadoop-ozone/integration-test/target/test-classes:/workdir/hadoop-ozone/integration-test/target/classes:/home/user/.m2/repository/org/apache/hadoop/hadoop-ozone-common/0.5.0-SNAPSHOT/hadoop-ozone-common-0.5.0-SNAPSHOT.jar:/home/user/.m2/repository/org/apache/commons/commons-compress/1.4.1/commons-compress-1.4.1.jar:/home/user/.m2/repository/org/tukaani/xz/1.0/xz-1.0.jar:/home/user/.m2/repository/org/apache/hadoop/hadoop-common/3.2.0/hadoop-common-3.2.0.jar:/home/user/.m2/repository/org/apache/hadoop/hadoop-hdfs/3.2.0/hadoop-hdfs-3.2.0.jar:/home/user/.m2/repository/org/apache/hadoop/hadoop-hdfs-client/3.2.0/hadoop-hdfs-client-3.2.0.jar:/home/user/.m2/repository/com/fasterxml/jackson/core/jackson-annotations/2.9.5/jackson-annotations-2.9.5.jar:/home/user/.m2/repository/org/apache/hadoop/hadoop-hdds-common/0.5.0-SNAPSHOT/hadoop-hdds-common-0.5.0-SNAPSHOT.jar:/home/user/.m2/repository/javax/annotation/javax.annotation-api/1.2/javax.annotation-api-1.2.jar:/home/user/.m2/repository/org/apache/ratis/ratis-server/0.4.0-2337318-SNAPSHOT/ratis-server-0.4.0-2337318-SNAPSHOT.jar:/home/user/.m2/repository/org/apache/ratis/ratis-thirdparty-misc/0.2.0/ratis-thirdparty-misc-0.2.0.jar:/home/user/.m2/repository/org/apache/ratis/ratis-proto/0.4.0-2337318-SNAPSHOT/ratis-proto-0.4.0-2337318-SNAPSHOT.jar:/home/user/.m2/repository/org/apache/ratis/ratis-common/0.4.0-2337318-SNAPSHOT/ratis-common-0.4.0-2337318-SNAPSHOT.jar:/home/user/.m2/repository/org/apache/ratis/ratis-client/0.4.0-2337318-SNAPSHOT/ratis-client-0.4.0-2337318-SNAPSHOT.jar:/home/user/.m2/repository/org/apache/ratis/ratis-metrics/0.4.0-2337318-SNAPSHOT/ratis-metrics-0.4.0-2337318-SNAPSHOT.jar:/home/user/.m2/repository/org/apache/ratis/ratis-netty/0.4.0-2337318-SNAPSHOT/ratis-netty-0.4.0-2337318-SNAPSHOT.jar:/home/user/.m2/repository/org/apache/ratis/ratis-grpc/0.4.0-2337318-SNAPSHOT/ratis-grpc-0.4.0-2337318-SNAPSHOT.jar:/home/user/.m2/repository/org/rocksdb/rocksdbjni/6.0.1/rocksdbjni-6.0.1.jar:/home/user/.m2/repository/org/apache/logging/log4j/log4j-api/2.11.0/log4j-api-2.11.0.jar:/home/user/.m2/repository/org/apache/logging/log4j/log4j-core/2.11.0/log4j-core-2.11.0.jar:/home/user/.m2/repository/com/lmax/disruptor/3.4.2/disruptor-3.4.2.jar:/home/user/.m2/repository/org/apache/commons/commons-pool2/2.6.0/commons-pool2-2.6.0.jar:/home/user/.m2/repository/org/bouncycastle/bcpkix-jdk15on/1.60/bcpkix-jdk15on-1.60.jar:/home/user/.m2/repository/commons-validator/commons-validator/1.6/commons-validator-1.6.jar:/home/user/.m2/repository/commons-digester/commons-digester/1.8.1/commons-digester-1.8.1.jar:/home/user/.m2/repository/io/jaegertracing/jaeger-client/0.33.1/jaeger-client-0.33.1.jar:/home/user/.m2/repository/io/jaegertracing/jaeger-thrift/0.33.1/jaeger-thrift-0.33.1.jar:/home/user/.m2/repository/org/apache/thrift/libthrift/0.11.0/libthrift-0.11.0.jar:/home/user/.m2/repository/com/squareup/okhttp3/okhttp/3.9.0/okhttp-3.9.0.jar:/home/user/.m2/repository/com/squareup/okio/okio/1.13.0/okio-1.13.0.jar:/home/user/.m2/repository/io/jaegertracing/jaeger-core/0.33.1/jaeger-core-0.33.1.jar:/home/user/.m2/repository/io/jaegertracing/jaeger-tracerresolver/0.33.1/jaeger-tracerresolver-0.33.1.jar:/home/user/.m2/repository/io/opentracing/contrib/opentracing-tracerresolver/0.1.5/opentracing-tracerresolver-0.1.5.jar:/home/user/.m2/repository/io/opentracing/opentracing-util/0.31.0/opentracing-util-0.31.0.jar:/home/user/.m2/repository/io/opentracing/opentracing-api/0.31.0/opentracing-api-0.31.0.jar:/home/user/.m2/repository/io/opentracing/opentracing-noop/0.31.0/opentracing-noop-0.31.0.jar:/home/user/.m2/repository/org/apache/hadoop/hadoop-hdds-server-framework/0.5.0-SNAPSHOT/hadoop-hdds-server-framework-0.5.0-SNAPSHOT.jar:/home/user/.m2/repository/org/apache/hadoop/hadoop-hdds-container-service/0.5.0-SNAPSHOT/hadoop-hdds-container-service-0.5.0-SNAPSHOT.jar:/home/user/.m2/repository/org/apache/hadoop/hadoop-hdds-client/0.5.0-SNAPSHOT/hadoop-hdds-client-0.5.0-SNAPSHOT.jar:/home/user/.m2/repository/org/apache/hadoop/hadoop-hdds-tools/0.5.0-SNAPSHOT/hadoop-hdds-tools-0.5.0-SNAPSHOT.jar:/home/user/.m2/repository/org/apache/hadoop/hadoop-hdds-server-scm/0.5.0-SNAPSHOT/hadoop-hdds-server-scm-0.5.0-SNAPSHOT.jar:/home/user/.m2/repository/org/apache/hadoop/hadoop-hdds-docs/0.5.0-SNAPSHOT/hadoop-hdds-docs-0.5.0-SNAPSHOT.jar:/home/user/.m2/repository/io/dropwizard/metrics/metrics-core/3.2.4/metrics-core-3.2.4.jar:/home/user/.m2/repository/org/hamcrest/hamcrest-all/1.3/hamcrest-all-1.3.jar:/home/user/.m2/repository/org/bouncycastle/bcprov-jdk15on/1.60/bcprov-jdk15on-1.60.jar:/home/user/.m2/repository/info/picocli/picocli/3.9.6/picocli-3.9.6.jar:/home/user/.m2/repository/com/google/protobuf/protobuf-java/2.5.0/protobuf-java-2.5.0.jar:/home/user/.m2/repository/com/google/guava/guava/11.0.2/guava-11.0.2.jar:/home/user/.m2/repository/org/apache/hadoop/hadoop-ozone-ozone-manager/0.5.0-SNAPSHOT/hadoop-ozone-ozone-manager-0.5.0-SNAPSHOT.jar:/home/user/.m2/repository/org/apache/hadoop/hadoop-minikdc/3.2.0/hadoop-minikdc-3.2.0.jar:/home/user/.m2/repository/commons-io/commons-io/2.5/commons-io-2.5.jar:/home/user/.m2/repository/org/apache/kerby/kerb-simplekdc/1.0.1/kerb-simplekdc-1.0.1.jar:/home/user/.m2/repository/org/apache/kerby/kerb-client/1.0.1/kerb-client-1.0.1.jar:/home/user/.m2/repository/org/apache/kerby/kerby-config/1.0.1/kerby-config-1.0.1.jar:/home/user/.m2/repository/org/apache/kerby/kerb-core/1.0.1/kerb-core-1.0.1.jar:/home/user/.m2/repository/org/apache/kerby/kerby-pkix/1.0.1/kerby-pkix-1.0.1.jar:/home/user/.m2/repository/org/apache/kerby/kerby-asn1/1.0.1/kerby-asn1-1.0.1.jar:/home/user/.m2/repository/org/apache/kerby/kerby-util/1.0.1/kerby-util-1.0.1.jar:/home/user/.m2/repository/org/apache/kerby/kerb-common/1.0.1/kerb-common-1.0.1.jar:/home/user/.m2/repository/org/apache/kerby/kerb-crypto/1.0.1/kerb-crypto-1.0.1.jar:/home/user/.m2/repository/org/apache/kerby/kerb-util/1.0.1/kerb-util-1.0.1.jar:/home/user/.m2/repository/org/apache/kerby/token-provider/1.0.1/token-provider-1.0.1.jar:/home/user/.m2/repository/org/apache/kerby/kerb-admin/1.0.1/kerb-admin-1.0.1.jar:/home/user/.m2/repository/org/apache/kerby/kerb-server/1.0.1/kerb-server-1.0.1.jar:/home/user/.m2/repository/org/apache/kerby/kerb-identity/1.0.1/kerb-identity-1.0.1.jar:/home/user/.m2/repository/org/apache/kerby/kerby-xdr/1.0.1/kerby-xdr-1.0.1.jar:/home/user/.m2/repository/org/slf4j/slf4j-log4j12/1.7.25/slf4j-log4j12-1.7.25.jar:/home/user/.m2/repository/org/apache/hadoop/hadoop-ozone-s3gateway/0.5.0-SNAPSHOT/hadoop-ozone-s3gateway-0.5.0-SNAPSHOT.jar:/home/user/.m2/repository/org/jboss/weld/servlet/weld-servlet/2.4.7.Final/weld-servlet-2.4.7.Final.jar:/home/user/.m2/repository/org/glassfish/jersey/containers/jersey-container-servlet-core/2.27/jersey-container-servlet-core-2.27.jar:/home/user/.m2/repository/org/glassfish/hk2/external/javax.inject/2.5.0-b42/javax.inject-2.5.0-b42.jar:/home/user/.m2/repository/org/glassfish/jersey/core/jersey-common/2.27/jersey-common-2.27.jar:/home/user/.m2/repository/org/glassfish/hk2/osgi-resource-locator/1.0.1/osgi-resource-locator-1.0.1.jar:/home/user/.m2/repository/javax/ws/rs/javax.ws.rs-api/2.1/javax.ws.rs-api-2.1.jar:/home/user/.m2/repository/org/glassfish/jersey/ext/cdi/jersey-cdi1x/2.27/jersey-cdi1x-2.27.jar:/home/user/.m2/repository/org/glassfish/jersey/inject/jersey-hk2/2.27/jersey-hk2-2.27.jar:/home/user/.m2/repository/org/glassfish/hk2/hk2-locator/2.5.0-b42/hk2-locator-2.5.0-b42.jar:/home/user/.m2/repository/org/javassist/javassist/3.22.0-CR2/javassist-3.22.0-CR2.jar:/home/user/.m2/repository/org/glassfish/hk2/hk2-api/2.5.0/hk2-api-2.5.0.jar:/home/user/.m2/repository/org/glassfish/hk2/external/jakarta.inject/2.5.0/jakarta.inject-2.5.0.jar:/home/user/.m2/repository/org/glassfish/hk2/hk2-utils/2.5.0/hk2-utils-2.5.0.jar:/home/user/.m2/repository/jakarta/annotation/jakarta.annotation-api/1.3.4/jakarta.annotation-api-1.3.4.jar:/home/user/.m2/repository/org/glassfish/hk2/external/aopalliance-repackaged/2.5.0/aopalliance-repackaged-2.5.0.jar:/home/user/.m2/repository/com/fasterxml/jackson/dataformat/jackson-dataformat-xml/2.9.0/jackson-dataformat-xml-2.9.0.jar:/home/user/.m2/repository/com/fasterxml/jackson/core/jackson-core/2.9.5/jackson-core-2.9.5.jar:/home/user/.m2/repository/com/fasterxml/jackson/module/jackson-module-jaxb-annotations/2.9.5/jackson-module-jaxb-annotations-2.9.5.jar:/home/user/.m2/repository/javax/enterprise/cdi-api/1.2/cdi-api-1.2.jar:/home/user/.m2/repository/javax/el/javax.el-api/3.0.0/javax.el-api-3.0.0.jar:/home/user/.m2/repository/javax/interceptor/javax.interceptor-api/1.2/javax.interceptor-api-1.2.jar:/home/user/.m2/repository/javax/inject/javax.inject/1/javax.inject-1.jar:/home/user/.m2/repository/com/sun/xml/bind/jaxb-impl/2.3.0.1/jaxb-impl-2.3.0.1.jar:/home/user/.m2/repository/com/sun/xml/bind/jaxb-core/2.3.0.1/jaxb-core-2.3.0.1.jar:/home/user/.m2/repository/javax/xml/bind/jaxb-api/2.3.0/jaxb-api-2.3.0.jar:/home/user/.m2/repository/javax/activation/activation/1.1.1/activation-1.1.1.jar:/home/user/.m2/repository/org/apache/hadoop/hadoop-ozone-csi/0.5.0-SNAPSHOT/hadoop-ozone-csi-0.5.0-SNAPSHOT.jar:/home/user/.m2/repository/com/google/protobuf/protobuf-java-util/3.5.1/protobuf-java-util-3.5.1.jar:/home/user/.m2/repository/org/apache/hadoop/hadoop-hdds-config/0.5.0-SNAPSHOT/hadoop-hdds-config-0.5.0-SNAPSHOT.jar:/home/user/.m2/repository/io/grpc/grpc-netty/1.17.1/grpc-netty-1.17.1.jar:/home/user/.m2/repository/io/grpc/grpc-core/1.17.1/grpc-core-1.17.1.jar:/home/user/.m2/repository/io/grpc/grpc-context/1.17.1/grpc-context-1.17.1.jar:/home/user/.m2/repository/com/google/errorprone/error_prone_annotations/2.2.0/error_prone_annotations-2.2.0.jar:/home/user/.m2/repository/org/codehaus/mojo/animal-sniffer-annotations/1.17/animal-sniffer-annotations-1.17.jar:/home/user/.m2/repository/io/opencensus/opencensus-api/0.17.0/opencensus-api-0.17.0.jar:/home/user/.m2/repository/io/opencensus/opencensus-contrib-grpc-metrics/0.17.0/opencensus-contrib-grpc-metrics-0.17.0.jar:/home/user/.m2/repository/io/netty/netty-codec-http2/4.1.30.Final/netty-codec-http2-4.1.30.Final.jar:/home/user/.m2/repository/io/netty/netty-codec-http/4.1.30.Final/netty-codec-http-4.1.30.Final.jar:/home/user/.m2/repository/io/netty/netty-codec/4.1.30.Final/netty-codec-4.1.30.Final.jar:/home/user/.m2/repository/io/netty/netty-handler/4.1.30.Final/netty-handler-4.1.30.Final.jar:/home/user/.m2/repository/io/netty/netty-handler-proxy/4.1.30.Final/netty-handler-proxy-4.1.30.Final.jar:/home/user/.m2/repository/io/netty/netty-codec-socks/4.1.30.Final/netty-codec-socks-4.1.30.Final.jar:/home/user/.m2/repository/io/netty/netty-transport-native-epoll/4.1.30.Final/netty-transport-native-epoll-4.1.30.Final.jar:/home/user/.m2/repository/io/netty/netty-common/4.1.30.Final/netty-common-4.1.30.Final.jar:/home/user/.m2/repository/io/netty/netty-buffer/4.1.30.Final/netty-buffer-4.1.30.Final.jar:/home/user/.m2/repository/io/netty/netty-transport/4.1.30.Final/netty-transport-4.1.30.Final.jar:/home/user/.m2/repository/io/netty/netty-resolver/4.1.30.Final/netty-resolver-4.1.30.Final.jar:/home/user/.m2/repository/io/netty/netty-transport-native-unix-common/4.1.30.Final/netty-transport-native-unix-common-4.1.30.Final.jar:/home/user/.m2/repository/io/grpc/grpc-protobuf/1.17.1/grpc-protobuf-1.17.1.jar:/home/user/.m2/repository/com/google/api/grpc/proto-google-common-protos/1.0.0/proto-google-common-protos-1.0.0.jar:/home/user/.m2/repository/io/grpc/grpc-protobuf-lite/1.17.1/grpc-protobuf-lite-1.17.1.jar:/home/user/.m2/repository/io/grpc/grpc-stub/1.17.1/grpc-stub-1.17.1.jar:/home/user/.m2/repository/org/apache/hadoop/hadoop-ozone-recon/0.5.0-SNAPSHOT/hadoop-ozone-recon-0.5.0-SNAPSHOT.jar:/home/user/.m2/repository/org/apache/hadoop/hadoop-ozone-reconcodegen/0.5.0-SNAPSHOT/hadoop-ozone-reconcodegen-0.5.0-SNAPSHOT.jar:/home/user/.m2/repository/com/google/inject/extensions/guice-multibindings/4.0/guice-multibindings-4.0.jar:/home/user/.m2/repository/com/google/inject/guice/4.0/guice-4.0.jar:/home/user/.m2/repository/aopalliance/aopalliance/1.0/aopalliance-1.0.jar:/home/user/.m2/repository/com/google/inject/extensions/guice-servlet/4.0/guice-servlet-4.0.jar:/home/user/.m2/repository/org/glassfish/jersey/containers/jersey-container-servlet/2.27/jersey-container-servlet-2.27.jar:/home/user/.m2/repository/org/glassfish/hk2/guice-bridge/2.5.0/guice-bridge-2.5.0.jar:/home/user/.m2/repository/org/glassfish/jersey/core/jersey-server/2.27/jersey-server-2.27.jar:/home/user/.m2/repository/org/glassfish/jersey/core/jersey-client/2.27/jersey-client-2.27.jar:/home/user/.m2/repository/org/glassfish/jersey/media/jersey-media-jaxb/2.27/jersey-media-jaxb-2.27.jar:/home/user/.m2/repository/javax/validation/validation-api/1.1.0.Final/validation-api-1.1.0.Final.jar:/home/user/.m2/repository/org/glassfish/jersey/media/jersey-media-json-jackson/2.27/jersey-media-json-jackson-2.27.jar:/home/user/.m2/repository/org/glassfish/jersey/ext/jersey-entity-filtering/2.27/jersey-entity-filtering-2.27.jar:/home/user/.m2/repository/com/google/inject/extensions/guice-assistedinject/4.0/guice-assistedinject-4.0.jar:/home/user/.m2/repository/org/jooq/jooq/3.11.10/jooq-3.11.10.jar:/home/user/.m2/repository/org/jooq/jooq-meta/3.11.10/jooq-meta-3.11.10.jar:/home/user/.m2/repository/org/jooq/jooq-codegen/3.11.10/jooq-codegen-3.11.10.jar:/home/user/.m2/repository/com/jolbox/bonecp/0.8.0.RELEASE/bonecp-0.8.0.RELEASE.jar:/home/user/.m2/repository/org/xerial/sqlite-jdbc/3.25.2/sqlite-jdbc-3.25.2.jar:/home/user/.m2/repository/org/springframework/spring-jdbc/5.1.3.RELEASE/spring-jdbc-5.1.3.RELEASE.jar:/home/user/.m2/repository/org/springframework/spring-beans/5.1.3.RELEASE/spring-beans-5.1.3.RELEASE.jar:/home/user/.m2/repository/org/springframework/spring-core/5.1.3.RELEASE/spring-core-5.1.3.RELEASE.jar:/home/user/.m2/repository/org/springframework/spring-jcl/5.1.3.RELEASE/spring-jcl-5.1.3.RELEASE.jar:/home/user/.m2/repository/org/springframework/spring-tx/5.1.3.RELEASE/spring-tx-5.1.3.RELEASE.jar:/home/user/.m2/repository/org/apache/hadoop/hadoop-ozone-client/0.5.0-SNAPSHOT/hadoop-ozone-client-0.5.0-SNAPSHOT.jar:/home/user/.m2/repository/commons-lang/commons-lang/2.6/commons-lang-2.6.jar:/home/user/.m2/repository/org/apache/hadoop/hadoop-ozone-ozone-manager/0.5.0-SNAPSHOT/hadoop-ozone-ozone-manager-0.5.0-SNAPSHOT-tests.jar:/home/user/.m2/repository/junit/junit/4.11/junit-4.11.jar:/home/user/.m2/repository/org/hamcrest/hamcrest-core/1.3/hamcrest-core-1.3.jar:/home/user/.m2/repository/org/openjdk/jmh/jmh-core/1.19/jmh-core-1.19.jar:/home/user/.m2/repository/net/sf/jopt-simple/jopt-simple/4.6/jopt-simple-4.6.jar:/home/user/.m2/repository/org/apache/commons/commons-math3/3.1.1/commons-math3-3.1.1.jar:/home/user/.m2/repository/org/openjdk/jmh/jmh-generator-annprocess/1.19/jmh-generator-annprocess-1.19.jar:/home/user/.m2/repository/org/mockito/mockito-all/1.8.5/mockito-all-1.8.5.jar:/home/user/.m2/repository/org/apache/hadoop/hadoop-kms/3.2.0/hadoop-kms-3.2.0.jar:/home/user/.m2/repository/org/apache/hadoop/hadoop-auth/3.2.0/hadoop-auth-3.2.0.jar:/home/user/.m2/repository/com/nimbusds/nimbus-jose-jwt/4.41.1/nimbus-jose-jwt-4.41.1.jar:/home/user/.m2/repository/com/github/stephenc/jcip/jcip-annotations/1.0-1/jcip-annotations-1.0-1.jar:/home/user/.m2/repository/net/minidev/json-smart/2.3/json-smart-2.3.jar:/home/user/.m2/repository/net/minidev/accessors-smart/1.2/accessors-smart-1.2.jar:/home/user/.m2/repository/org/ow2/asm/asm/5.0.4/asm-5.0.4.jar:/home/user/.m2/repository/org/apache/curator/curator-framework/2.12.0/curator-framework-2.12.0.jar:/home/user/.m2/repository/com/sun/jersey/jersey-core/1.19/jersey-core-1.19.jar:/home/user/.m2/repository/javax/ws/rs/jsr311-api/1.1.1/jsr311-api-1.1.1.jar:/home/user/.m2/repository/com/sun/jersey/jersey-server/1.19/jersey-server-1.19.jar:/home/user/.m2/repository/javax/servlet/javax.servlet-api/3.1.0/javax.servlet-api-3.1.0.jar:/home/user/.m2/repository/org/eclipse/jetty/jetty-server/9.3.24.v20180605/jetty-server-9.3.24.v20180605.jar:/home/user/.m2/repository/org/eclipse/jetty/jetty-http/9.3.24.v20180605/jetty-http-9.3.24.v20180605.jar:/home/user/.m2/repository/org/eclipse/jetty/jetty-io/9.3.24.v20180605/jetty-io-9.3.24.v20180605.jar:/home/user/.m2/repository/org/eclipse/jetty/jetty-webapp/9.3.24.v20180605/jetty-webapp-9.3.24.v20180605.jar:/home/user/.m2/repository/org/eclipse/jetty/jetty-xml/9.3.24.v20180605/jetty-xml-9.3.24.v20180605.jar:/home/user/.m2/repository/log4j/log4j/1.2.17/log4j-1.2.17.jar:/home/user/.m2/repository/org/slf4j/slf4j-api/1.7.25/slf4j-api-1.7.25.jar:/home/user/.m2/repository/org/slf4j/jul-to-slf4j/1.7.25/jul-to-slf4j-1.7.25.jar:/home/user/.m2/repository/org/eclipse/jetty/jetty-util/9.3.24.v20180605/jetty-util-9.3.24.v20180605.jar:/home/user/.m2/repository/com/fasterxml/jackson/core/jackson-databind/2.9.5/jackson-databind-2.9.5.jar:/home/user/.m2/repository/org/apache/hadoop/hadoop-kms/3.2.0/hadoop-kms-3.2.0-tests.jar:/home/user/.m2/repository/org/apache/hadoop/hadoop-hdds-server-scm/0.5.0-SNAPSHOT/hadoop-hdds-server-scm-0.5.0-SNAPSHOT-tests.jar:/home/user/.m2/repository/org/apache/hadoop/hadoop-hdds-container-service/0.5.0-SNAPSHOT/hadoop-hdds-container-service-0.5.0-SNAPSHOT-tests.jar:/home/user/.m2/repository/org/yaml/snakeyaml/1.16/snakeyaml-1.16.jar:/home/user/.m2/repository/org/apache/hadoop/hadoop-common/3.2.0/hadoop-common-3.2.0-tests.jar:/home/user/.m2/repository/org/apache/hadoop/hadoop-annotations/3.2.0/hadoop-annotations-3.2.0.jar:/usr/lib/jvm/java-1.8-openjdk/jre/../lib/tools.jar:/home/user/.m2/repository/commons-cli/commons-cli/1.2/commons-cli-1.2.jar:/home/user/.m2/repository/org/apache/httpcomponents/httpclient/4.5.2/httpclient-4.5.2.jar:/home/user/.m2/repository/org/apache/httpcomponents/httpcore/4.4.4/httpcore-4.4.4.jar:/home/user/.m2/repository/commons-codec/commons-codec/1.11/commons-codec-1.11.jar:/home/user/.m2/repository/commons-net/commons-net/3.6/commons-net-3.6.jar:/home/user/.m2/repository/commons-collections/commons-collections/3.2.2/commons-collections-3.2.2.jar:/home/user/.m2/repository/org/eclipse/jetty/jetty-servlet/9.3.24.v20180605/jetty-servlet-9.3.24.v20180605.jar:/home/user/.m2/repository/org/eclipse/jetty/jetty-security/9.3.24.v20180605/jetty-security-9.3.24.v20180605.jar:/home/user/.m2/repository/javax/servlet/jsp/jsp-api/2.1/jsp-api-2.1.jar:/home/user/.m2/repository/com/sun/jersey/jersey-servlet/1.19/jersey-servlet-1.19.jar:/home/user/.m2/repository/com/sun/jersey/jersey-json/1.19/jersey-json-1.19.jar:/home/user/.m2/repository/org/codehaus/jettison/jettison/1.1/jettison-1.1.jar:/home/user/.m2/repository/org/codehaus/jackson/jackson-core-asl/1.9.13/jackson-core-asl-1.9.13.jar:/home/user/.m2/repository/org/codehaus/jackson/jackson-mapper-asl/1.9.13/jackson-mapper-asl-1.9.13.jar:/home/user/.m2/repository/org/codehaus/jackson/jackson-jaxrs/1.9.13/jackson-jaxrs-1.9.13.jar:/home/user/.m2/repository/org/codehaus/jackson/jackson-xc/1.9.13/jackson-xc-1.9.13.jar:/home/user/.m2/repository/commons-logging/commons-logging/1.1.3/commons-logging-1.1.3.jar:/home/user/.m2/repository/commons-beanutils/commons-beanutils/1.9.3/commons-beanutils-1.9.3.jar:/home/user/.m2/repository/org/apache/commons/commons-configuration2/2.1.1/commons-configuration2-2.1.1.jar:/home/user/.m2/repository/org/apache/commons/commons-lang3/3.7/commons-lang3-3.7.jar:/home/user/.m2/repository/org/apache/commons/commons-text/1.4/commons-text-1.4.jar:/home/user/.m2/repository/org/apache/avro/avro/1.7.7/avro-1.7.7.jar:/home/user/.m2/repository/com/thoughtworks/paranamer/paranamer/2.3/paranamer-2.3.jar:/home/user/.m2/repository/org/xerial/snappy/snappy-java/1.0.5/snappy-java-1.0.5.jar:/home/user/.m2/repository/com/google/re2j/re2j/1.1/re2j-1.1.jar:/home/user/.m2/repository/com/google/code/gson/gson/2.2.4/gson-2.2.4.jar:/home/user/.m2/repository/com/jcraft/jsch/0.1.54/jsch-0.1.54.jar:/home/user/.m2/repository/org/apache/curator/curator-client/2.12.0/curator-client-2.12.0.jar:/home/user/.m2/repository/org/apache/curator/curator-recipes/2.12.0/curator-recipes-2.12.0.jar:/home/user/.m2/repository/com/google/code/findbugs/jsr305/3.0.0/jsr305-3.0.0.jar:/home/user/.m2/repository/org/apache/htrace/htrace-core4/4.1.0-incubating/htrace-core4-4.1.0-incubating.jar:/home/user/.m2/repository/org/apache/zookeeper/zookeeper/3.4.13/zookeeper-3.4.13.jar:/home/user/.m2/repository/org/apache/yetus/audience-annotations/0.5.0/audience-annotations-0.5.0.jar:/home/user/.m2/repository/org/codehaus/woodstox/stax2-api/3.1.4/stax2-api-3.1.4.jar:/home/user/.m2/repository/com/fasterxml/woodstox/woodstox-core/5.0.3/woodstox-core-5.0.3.jar:/home/user/.m2/repository/dnsjava/dnsjava/2.1.7/dnsjava-2.1.7.jar:/home/user/.m2/repository/org/apache/hadoop/hadoop-hdfs/3.2.0/hadoop-hdfs-3.2.0-tests.jar:/home/user/.m2/repository/org/eclipse/jetty/jetty-util-ajax/9.3.24.v20180605/jetty-util-ajax-9.3.24.v20180605.jar:/home/user/.m2/repository/commons-daemon/commons-daemon/1.0.13/commons-daemon-1.0.13.jar:/home/user/.m2/repository/io/netty/netty/3.10.5.Final/netty-3.10.5.Final.jar:/home/user/.m2/repository/io/netty/netty-all/4.0.52.Final/netty-all-4.0.52.Final.jar:/home/user/.m2/repository/org/fusesource/leveldbjni/leveldbjni-all/1.8/leveldbjni-all-1.8.jar:"/>
    <property name="sun.cpu.endian" value="little"/>
    <property name="user.home" value="/home/user"/>
    <property name="user.language" value="en"/>
    <property name="java.specification.vendor" value="Oracle Corporation"/>
    <property name="java.home" value="/usr/lib/jvm/java-1.8-openjdk/jre"/>
    <property name="java.security.krb5.conf" value="/workdir/hadoop-ozone/integration-test/target/test-classes/krb5.conf"/>
    <property name="basedir" value="/workdir/hadoop-ozone/integration-test"/>
    <property name="file.separator" value="/"/>
    <property name="line.separator" value="&#10;"/>
    <property name="java.vm.specification.vendor" value="Oracle Corporation"/>
    <property name="java.specification.name" value="Java Platform API Specification"/>
    <property name="java.awt.graphicsenv" value="sun.awt.X11GraphicsEnvironment"/>
    <property name="surefire.real.class.path" value="/workdir/hadoop-ozone/integration-test/target/surefire/surefirebooter884693561434027388.jar"/>
    <property name="hadoop.log.dir" value="/workdir/hadoop-ozone/integration-test/target/log"/>
    <property name="sun.boot.class.path" value="/usr/lib/jvm/java-1.8-openjdk/jre/lib/resources.jar:/usr/lib/jvm/java-1.8-openjdk/jre/lib/rt.jar:/usr/lib/jvm/java-1.8-openjdk/jre/lib/sunrsasign.jar:/usr/lib/jvm/java-1.8-openjdk/jre/lib/jsse.jar:/usr/lib/jvm/java-1.8-openjdk/jre/lib/jce.jar:/usr/lib/jvm/java-1.8-openjdk/jre/lib/charsets.jar:/usr/lib/jvm/java-1.8-openjdk/jre/lib/jfr.jar:/usr/lib/jvm/java-1.8-openjdk/jre/classes"/>
    <property name="sun.management.compiler" value="HotSpot 64-Bit Tiered Compilers"/>
    <property name="java.runtime.version" value="1.8.0_212-b04"/>
    <property name="java.net.preferIPv4Stack" value="true"/>
    <property name="user.name" value="jenkins1000"/>
    <property name="path.separator" value=":"/>
    <property name="java.security.egd" value="file:///dev/urandom"/>
    <property name="os.version" value="3.10.0-957.12.2.el7.x86_64"/>
    <property name="java.endorsed.dirs" value="/usr/lib/jvm/java-1.8-openjdk/jre/lib/endorsed"/>
    <property name="java.runtime.name" value="OpenJDK Runtime Environment"/>
    <property name="file.encoding" value="UTF-8"/>
    <property name="java.vm.name" value="OpenJDK 64-Bit Server VM"/>
    <property name="test.build.webapps" value=""/>
    <property name="localRepository" value="/home/user/.m2/repository"/>
    <property name="java.vendor.url.bug" value="https://icedtea.classpath.org/bugzilla"/>
    <property name="java.io.tmpdir" value="/tmp"/>
    <property name="require.test.libhadoop" value=""/>
    <property name="java.version" value="1.8.0_212"/>
    <property name="user.dir" value="/workdir/hadoop-ozone/integration-test"/>
    <property name="os.arch" value="amd64"/>
    <property name="java.vm.specification.name" value="Java Virtual Machine Specification"/>
    <property name="test.build.classes" value="/workdir/hadoop-ozone/integration-test/target/test-classes"/>
    <property name="java.awt.printerjob" value="sun.print.PSPrinterJob"/>
    <property name="sun.os.patch.level" value="unknown"/>
    <property name="hadoop.tmp.dir" value="/workdir/hadoop-ozone/integration-test/target/tmp"/>
    <property name="java.library.path" value="/usr/lib/jvm/java-1.8-openjdk/jre/lib/amd64/server:/usr/lib/jvm/java-1.8-openjdk/jre/lib/amd64:/usr/lib/jvm/java-1.8-openjdk/jre/../lib/amd64:/workdir/hadoop-ozone/integration-test/target/native/target/usr/local/lib:/workdir/hadoop-ozone/integration-test/../../hadoop-common-project/hadoop-common/target/native/target/usr/local/lib:/usr/java/packages/lib/amd64:/usr/lib64:/lib64:/lib:/usr/lib"/>
    <property name="java.vm.info" value="mixed mode"/>
    <property name="java.vendor" value="IcedTea"/>
    <property name="java.vm.version" value="25.212-b04"/>
    <property name="java.ext.dirs" value="/usr/lib/jvm/java-1.8-openjdk/jre/lib/ext:/usr/java/packages/lib/ext"/>
    <property name="sun.io.unicode.encoding" value="UnicodeLittle"/>
    <property name="java.class.version" value="52.0"/>
  </properties>
  <testcase name="test2DatanodesFailure" classname="org.apache.hadoop.ozone.client.rpc.TestBlockOutputStreamWithFailures" time="108.525"/>
  <testcase name="testDatanodeFailureWithPreAllocation" classname="org.apache.hadoop.ozone.client.rpc.TestBlockOutputStreamWithFailures" time="225.786"/>
  <testcase name="testDatanodeFailureWithSingleNodeRatis" classname="org.apache.hadoop.ozone.client.rpc.TestBlockOutputStreamWithFailures" time="225.272"/>
  <testcase name="testWatchForCommitWithSingleNodeRatis" classname="org.apache.hadoop.ozone.client.rpc.TestBlockOutputStreamWithFailures" time="35.003"/>
  <testcase name="testWatchForCommitDatanodeFailure" classname="org.apache.hadoop.ozone.client.rpc.TestBlockOutputStreamWithFailures" time="40.098"/>
  <testcase name="testFailureWithPrimeSizedData" classname="org.apache.hadoop.ozone.client.rpc.TestBlockOutputStreamWithFailures" time="34.499">
    <failure message="expected:&lt;68&gt; but was:&lt;70&gt;" type="java.lang.AssertionError"><![CDATA[java.lang.AssertionError: expected:<68> but was:<70>
	at org.junit.Assert.fail(Assert.java:88)
	at org.junit.Assert.failNotEquals(Assert.java:743)
	at org.junit.Assert.assertEquals(Assert.java:118)
	at org.junit.Assert.assertEquals(Assert.java:555)
	at org.junit.Assert.assertEquals(Assert.java:542)
	at org.apache.hadoop.ozone.client.rpc.TestBlockOutputStreamWithFailures.testFailureWithPrimeSizedData(TestBlockOutputStreamWithFailures.java:605)
	at sun.reflect.NativeMethodAccessorImpl.invoke0(Native Method)
	at sun.reflect.NativeMethodAccessorImpl.invoke(NativeMethodAccessorImpl.java:62)
	at sun.reflect.DelegatingMethodAccessorImpl.invoke(DelegatingMethodAccessorImpl.java:43)
	at java.lang.reflect.Method.invoke(Method.java:498)
	at org.junit.runners.model.FrameworkMethod$1.runReflectiveCall(FrameworkMethod.java:47)
	at org.junit.internal.runners.model.ReflectiveCallable.run(ReflectiveCallable.java:12)
	at org.junit.runners.model.FrameworkMethod.invokeExplosively(FrameworkMethod.java:44)
	at org.junit.internal.runners.statements.InvokeMethod.evaluate(InvokeMethod.java:17)
	at org.junit.internal.runners.statements.RunBefores.evaluate(RunBefores.java:26)
	at org.junit.internal.runners.statements.RunAfters.evaluate(RunAfters.java:27)
	at org.junit.runners.ParentRunner.runLeaf(ParentRunner.java:271)
	at org.junit.runners.BlockJUnit4ClassRunner.runChild(BlockJUnit4ClassRunner.java:70)
	at org.junit.runners.BlockJUnit4ClassRunner.runChild(BlockJUnit4ClassRunner.java:50)
	at org.junit.runners.ParentRunner$3.run(ParentRunner.java:238)
	at org.junit.runners.ParentRunner$1.schedule(ParentRunner.java:63)
	at org.junit.runners.ParentRunner.runChildren(ParentRunner.java:236)
	at org.junit.runners.ParentRunner.access$000(ParentRunner.java:53)
	at org.junit.runners.ParentRunner$2.evaluate(ParentRunner.java:229)
	at org.junit.runners.ParentRunner.run(ParentRunner.java:309)
	at org.apache.maven.surefire.junit4.JUnit4Provider.execute(JUnit4Provider.java:365)
	at org.apache.maven.surefire.junit4.JUnit4Provider.executeWithRerun(JUnit4Provider.java:273)
	at org.apache.maven.surefire.junit4.JUnit4Provider.executeTestSet(JUnit4Provider.java:238)
	at org.apache.maven.surefire.junit4.JUnit4Provider.invoke(JUnit4Provider.java:159)
	at org.apache.maven.surefire.booter.ForkedBooter.invokeProviderInSameClassLoader(ForkedBooter.java:384)
	at org.apache.maven.surefire.booter.ForkedBooter.runSuitesInProcess(ForkedBooter.java:345)
	at org.apache.maven.surefire.booter.ForkedBooter.execute(ForkedBooter.java:126)
	at org.apache.maven.surefire.booter.ForkedBooter.main(ForkedBooter.java:418)
]]></failure>
    <system-out><![CDATA[2019-09-01 05:36:00,880 [main] WARN  server.ServerUtils (ServerUtils.java:getScmDbDir(145)) - ozone.scm.db.dirs is not configured. We recommend adding this setting. Falling back to ozone.metadata.dirs instead.
2019-09-01 05:36:00,914 [main] WARN  server.ServerUtils (ServerUtils.java:getScmDbDir(145)) - ozone.scm.db.dirs is not configured. We recommend adding this setting. Falling back to ozone.metadata.dirs instead.
2019-09-01 05:36:00,914 [main] WARN  server.ServerUtils (ServerUtils.java:getScmDbDir(145)) - ozone.scm.db.dirs is not configured. We recommend adding this setting. Falling back to ozone.metadata.dirs instead.
2019-09-01 05:36:00,914 [main] INFO  db.DBStoreBuilder (DBStoreBuilder.java:addTable(110)) - using custom profile for table: deletedBlocks
2019-09-01 05:36:00,915 [main] INFO  db.DBStoreBuilder (DBStoreBuilder.java:processTables(161)) - Using default column profile:DBProfile.DISK for Table:deletedBlocks
2019-09-01 05:36:00,915 [main] INFO  db.DBStoreBuilder (DBStoreBuilder.java:addTable(110)) - using custom profile for table: validCerts
2019-09-01 05:36:00,915 [main] INFO  db.DBStoreBuilder (DBStoreBuilder.java:processTables(161)) - Using default column profile:DBProfile.DISK for Table:validCerts
2019-09-01 05:36:00,915 [main] INFO  db.DBStoreBuilder (DBStoreBuilder.java:addTable(110)) - using custom profile for table: revokedCerts
2019-09-01 05:36:00,915 [main] INFO  db.DBStoreBuilder (DBStoreBuilder.java:processTables(161)) - Using default column profile:DBProfile.DISK for Table:revokedCerts
2019-09-01 05:36:00,915 [main] INFO  db.DBStoreBuilder (DBStoreBuilder.java:addTable(110)) - using custom profile for table: default
2019-09-01 05:36:00,916 [main] INFO  db.DBStoreBuilder (DBStoreBuilder.java:processTables(167)) - Using default column profile:DBProfile.DISK for Table:default
2019-09-01 05:36:00,916 [main] INFO  db.DBStoreBuilder (DBStoreBuilder.java:getDbProfile(198)) - Using default options. DBProfile.DISK
2019-09-01 05:36:01,189 [main] INFO  net.NodeSchemaLoader (NodeSchemaLoader.java:loadSchemaFromFile(125)) - Loading file from sun.misc.CompoundEnumeration@154b8cb6
2019-09-01 05:36:01,189 [main] INFO  net.NodeSchemaLoader (NodeSchemaLoader.java:loadSchema(171)) - Loading network topology layer schema file
2019-09-01 05:36:01,193 [main] INFO  node.SCMNodeManager (SCMNodeManager.java:<init>(114)) - Entering startup safe mode.
2019-09-01 05:36:01,194 [main] INFO  algorithms.ContainerPlacementPolicyFactory (ContainerPlacementPolicyFactory.java:getPolicy(55)) - Create container placement policy of type org.apache.hadoop.hdds.scm.container.placement.algorithms.SCMContainerPlacementRandom
2019-09-01 05:36:01,194 [main] WARN  server.ServerUtils (ServerUtils.java:getScmDbDir(145)) - ozone.scm.db.dirs is not configured. We recommend adding this setting. Falling back to ozone.metadata.dirs instead.
2019-09-01 05:36:01,311 [main] INFO  pipeline.SCMPipelineManager (SCMPipelineManager.java:initializePipelineState(126)) - No pipeline exists in current db
2019-09-01 05:36:01,311 [main] WARN  server.ServerUtils (ServerUtils.java:getScmDbDir(145)) - ozone.scm.db.dirs is not configured. We recommend adding this setting. Falling back to ozone.metadata.dirs instead.
2019-09-01 05:36:01,397 [main] WARN  events.EventQueue (EventQueue.java:fireEvent(183)) - No event handler registered for event TypedEvent{payloadType=SafeModeStatus, name='SafeModeStatus'}
2019-09-01 05:36:01,398 [main] INFO  ipc.CallQueueManager (CallQueueManager.java:<init>(84)) - Using callQueue: class java.util.concurrent.LinkedBlockingQueue, queueCapacity: 2000, scheduler: class org.apache.hadoop.ipc.DefaultRpcScheduler, ipcBackoff: false.
2019-09-01 05:36:01,399 [Socket Reader #1 for port 38907] INFO  ipc.Server (Server.java:run(1074)) - Starting Socket Reader #1 for port 38907
2019-09-01 05:36:01,401 [main] INFO  ipc.CallQueueManager (CallQueueManager.java:<init>(84)) - Using callQueue: class java.util.concurrent.LinkedBlockingQueue, queueCapacity: 2000, scheduler: class org.apache.hadoop.ipc.DefaultRpcScheduler, ipcBackoff: false.
2019-09-01 05:36:01,402 [Socket Reader #1 for port 34079] INFO  ipc.Server (Server.java:run(1074)) - Starting Socket Reader #1 for port 34079
2019-09-01 05:36:01,403 [main] INFO  ipc.CallQueueManager (CallQueueManager.java:<init>(84)) - Using callQueue: class java.util.concurrent.LinkedBlockingQueue, queueCapacity: 2000, scheduler: class org.apache.hadoop.ipc.DefaultRpcScheduler, ipcBackoff: false.
2019-09-01 05:36:01,404 [Socket Reader #1 for port 33196] INFO  ipc.Server (Server.java:run(1074)) - Starting Socket Reader #1 for port 33196
2019-09-01 05:36:01,408 [main] INFO  hdfs.DFSUtil (DFSUtil.java:httpServerTemplateForNNAndJN(1641)) - Starting Web-server for scm at: http://0.0.0.0:0
2019-09-01 05:36:01,412 [main] INFO  server.AuthenticationFilter (AuthenticationFilter.java:constructSecretProvider(240)) - Unable to initialize FileSignerSecretProvider, falling back to use random secrets.
2019-09-01 05:36:01,412 [main] WARN  http.HttpRequestLog (HttpRequestLog.java:getRequestLog(97)) - Jetty request log can only be enabled using Log4j
2019-09-01 05:36:01,414 [main] INFO  http.HttpServer2 (HttpServer2.java:addGlobalFilter(975)) - Added global filter 'safety' (class=org.apache.hadoop.http.HttpServer2$QuotingInputFilter)
2019-09-01 05:36:01,415 [main] INFO  http.HttpServer2 (HttpServer2.java:addFilter(948)) - Added filter static_user_filter (class=org.apache.hadoop.http.lib.StaticUserWebFilter$StaticUserFilter) to context scm
2019-09-01 05:36:01,415 [main] INFO  http.HttpServer2 (HttpServer2.java:addFilter(958)) - Added filter static_user_filter (class=org.apache.hadoop.http.lib.StaticUserWebFilter$StaticUserFilter) to context logs
2019-09-01 05:36:01,415 [main] INFO  http.HttpServer2 (HttpServer2.java:addFilter(958)) - Added filter static_user_filter (class=org.apache.hadoop.http.lib.StaticUserWebFilter$StaticUserFilter) to context static
2019-09-01 05:36:01,417 [main] INFO  server.StorageContainerManager (StorageContainerManager.java:start(759)) - StorageContainerLocationProtocol RPC server is listening at /0.0.0.0:33196
2019-09-01 05:36:01,420 [main] WARN  impl.MetricsConfig (MetricsConfig.java:loadFirst(134)) - Cannot locate configuration: tried hadoop-metrics2-storagecontainermanager.properties,hadoop-metrics2.properties
2019-09-01 05:36:01,420 [main] INFO  impl.MetricsSystemImpl (MetricsSystemImpl.java:startTimer(374)) - Scheduled Metric snapshot period at 10 second(s).
2019-09-01 05:36:01,421 [main] INFO  impl.MetricsSystemImpl (MetricsSystemImpl.java:start(191)) - StorageContainerManager metrics system started
2019-09-01 05:36:01,472 [main] WARN  impl.MetricsSystemImpl (MetricsSystemImpl.java:register(276)) - Sink prometheus already exists!
2019-09-01 05:36:01,526 [main] INFO  server.SCMClientProtocolServer (SCMClientProtocolServer.java:start(151)) - RPC server for Client  is listening at /0.0.0.0:33196
2019-09-01 05:36:01,526 [IPC Server Responder] INFO  ipc.Server (Server.java:run(1314)) - IPC Server Responder: starting
2019-09-01 05:36:01,527 [IPC Server listener on 33196] INFO  ipc.Server (Server.java:run(1153)) - IPC Server listener on 33196: starting
2019-09-01 05:36:01,529 [main] INFO  server.StorageContainerManager (StorageContainerManager.java:start(769)) - ScmBlockLocationProtocol RPC server is listening at /0.0.0.0:34079
2019-09-01 05:36:01,530 [main] INFO  server.SCMBlockProtocolServer (SCMBlockProtocolServer.java:start(146)) - RPC server for Block Protocol is listening at /0.0.0.0:34079
2019-09-01 05:36:01,530 [IPC Server listener on 34079] INFO  ipc.Server (Server.java:run(1153)) - IPC Server listener on 34079: starting
2019-09-01 05:36:01,530 [IPC Server Responder] INFO  ipc.Server (Server.java:run(1314)) - IPC Server Responder: starting
2019-09-01 05:36:01,533 [main] INFO  server.StorageContainerManager (StorageContainerManager.java:start(773)) - ScmDatanodeProtocl RPC server is listening at /0.0.0.0:38907
2019-09-01 05:36:01,533 [main] INFO  server.SCMDatanodeProtocolServer (SCMDatanodeProtocolServer.java:start(191)) - RPC server for DataNodes is listening at /0.0.0.0:38907
2019-09-01 05:36:01,533 [IPC Server Responder] INFO  ipc.Server (Server.java:run(1314)) - IPC Server Responder: starting
2019-09-01 05:36:01,533 [IPC Server listener on 38907] INFO  ipc.Server (Server.java:run(1153)) - IPC Server listener on 38907: starting
2019-09-01 05:36:01,538 [main] INFO  http.HttpServer2 (HttpServer2.java:bindListener(1191)) - Jetty bound to port 37456
2019-09-01 05:36:01,538 [main] INFO  server.Server (Server.java:doStart(351)) - jetty-9.3.24.v20180605, build timestamp: 2018-06-05T17:11:56Z, git hash: 84205aa28f11a4f31f2a3b86d1bba2cc8ab69827
2019-09-01 05:36:01,539 [main] INFO  handler.ContextHandler (ContextHandler.java:doStart(781)) - Started o.e.j.s.ServletContextHandler@47058864{/logs,file:///workdir/hadoop-ozone/integration-test/target/log,AVAILABLE}
2019-09-01 05:36:01,540 [main] INFO  handler.ContextHandler (ContextHandler.java:doStart(781)) - Started o.e.j.s.ServletContextHandler@54ccb3{/static,file:///workdir/hadoop-ozone/integration-test/target/test-classes/webapps/static,AVAILABLE}
2019-09-01 05:36:01,543 [main] INFO  handler.ContextHandler (ContextHandler.java:doStart(781)) - Started o.e.j.w.WebAppContext@700b9e6b{/,file:///workdir/hadoop-ozone/integration-test/target/test-classes/webapps/scm/,AVAILABLE}{/scm}
2019-09-01 05:36:01,544 [main] INFO  server.AbstractConnector (AbstractConnector.java:doStart(278)) - Started ServerConnector@7ac5b4c{HTTP/1.1,[http/1.1]}{0.0.0.0:37456}
2019-09-01 05:36:01,544 [main] INFO  server.Server (Server.java:doStart(419)) - Started @636016ms
2019-09-01 05:36:01,544 [main] WARN  impl.MetricsSystemImpl (MetricsSystemImpl.java:register(276)) - Sink prometheus already exists!
2019-09-01 05:36:01,546 [main] INFO  server.BaseHttpServer (BaseHttpServer.java:updateConnectorAddress(215)) - HTTP server of SCM is listening at http://0.0.0.0:37456
2019-09-01 05:36:01,548 [main] WARN  server.ServerUtils (ServerUtils.java:getDBPath(222)) - ozone.om.db.dirs is not configured. We recommend adding this setting. Falling back to ozone.metadata.dirs instead.
2019-09-01 05:36:01,548 [org.apache.hadoop.util.JvmPauseMonitor$Monitor@55d8c2c4] INFO  util.JvmPauseMonitor (JvmPauseMonitor.java:run(188)) - Starting JVM pause monitor
2019-09-01 05:36:01,562 [main] WARN  server.ServerUtils (ServerUtils.java:getDBPath(222)) - ozone.om.db.dirs is not configured. We recommend adding this setting. Falling back to ozone.metadata.dirs instead.
2019-09-01 05:36:01,563 [main] WARN  server.ServerUtils (ServerUtils.java:getDBPath(222)) - ozone.om.db.dirs is not configured. We recommend adding this setting. Falling back to ozone.metadata.dirs instead.
2019-09-01 05:36:01,563 [main] INFO  om.OzoneManager (OzoneManager.java:setOMNodeDetails(649)) - OM Service ID is not set. Setting it to the default ID: omServiceIdDefault
2019-09-01 05:36:01,563 [main] INFO  om.OzoneManager (OzoneManager.java:setOMNodeDetails(655)) - OM Node ID is not set. Setting it to the OmStorage's OmID: 0d6955f9-1764-407d-97bd-842d5b901504
2019-09-01 05:36:01,563 [main] INFO  om.OzoneManager (OzoneManager.java:loadOMHAConfigs(606)) - Found matching OM address with OMServiceId: null, OMNodeId: null, RPC Address: localhost:0 and Ratis port: 9872
2019-09-01 05:36:01,569 [main] WARN  server.ServerUtils (ServerUtils.java:getDBPath(222)) - ozone.om.db.dirs is not configured. We recommend adding this setting. Falling back to ozone.metadata.dirs instead.
2019-09-01 05:36:01,570 [main] INFO  db.DBStoreBuilder (DBStoreBuilder.java:addTable(110)) - using custom profile for table: userTable
2019-09-01 05:36:01,570 [main] INFO  db.DBStoreBuilder (DBStoreBuilder.java:processTables(161)) - Using default column profile:DBProfile.DISK for Table:userTable
2019-09-01 05:36:01,570 [main] INFO  db.DBStoreBuilder (DBStoreBuilder.java:addTable(110)) - using custom profile for table: volumeTable
2019-09-01 05:36:01,570 [main] INFO  db.DBStoreBuilder (DBStoreBuilder.java:processTables(161)) - Using default column profile:DBProfile.DISK for Table:volumeTable
2019-09-01 05:36:01,570 [main] INFO  db.DBStoreBuilder (DBStoreBuilder.java:addTable(110)) - using custom profile for table: bucketTable
2019-09-01 05:36:01,570 [main] INFO  db.DBStoreBuilder (DBStoreBuilder.java:processTables(161)) - Using default column profile:DBProfile.DISK for Table:bucketTable
2019-09-01 05:36:01,570 [main] INFO  db.DBStoreBuilder (DBStoreBuilder.java:addTable(110)) - using custom profile for table: keyTable
2019-09-01 05:36:01,571 [main] INFO  db.DBStoreBuilder (DBStoreBuilder.java:processTables(161)) - Using default column profile:DBProfile.DISK for Table:keyTable
2019-09-01 05:36:01,571 [main] INFO  db.DBStoreBuilder (DBStoreBuilder.java:addTable(110)) - using custom profile for table: deletedTable
2019-09-01 05:36:01,571 [main] INFO  db.DBStoreBuilder (DBStoreBuilder.java:processTables(161)) - Using default column profile:DBProfile.DISK for Table:deletedTable
2019-09-01 05:36:01,571 [main] INFO  db.DBStoreBuilder (DBStoreBuilder.java:addTable(110)) - using custom profile for table: openKeyTable
2019-09-01 05:36:01,571 [main] INFO  db.DBStoreBuilder (DBStoreBuilder.java:processTables(161)) - Using default column profile:DBProfile.DISK for Table:openKeyTable
2019-09-01 05:36:01,571 [main] INFO  db.DBStoreBuilder (DBStoreBuilder.java:addTable(110)) - using custom profile for table: s3Table
2019-09-01 05:36:01,572 [main] INFO  db.DBStoreBuilder (DBStoreBuilder.java:processTables(161)) - Using default column profile:DBProfile.DISK for Table:s3Table
2019-09-01 05:36:01,572 [main] INFO  db.DBStoreBuilder (DBStoreBuilder.java:addTable(110)) - using custom profile for table: multipartInfoTable
2019-09-01 05:36:01,572 [main] INFO  db.DBStoreBuilder (DBStoreBuilder.java:processTables(161)) - Using default column profile:DBProfile.DISK for Table:multipartInfoTable
2019-09-01 05:36:01,572 [main] INFO  db.DBStoreBuilder (DBStoreBuilder.java:addTable(110)) - using custom profile for table: dTokenTable
2019-09-01 05:36:01,572 [main] INFO  db.DBStoreBuilder (DBStoreBuilder.java:processTables(161)) - Using default column profile:DBProfile.DISK for Table:dTokenTable
2019-09-01 05:36:01,572 [main] INFO  db.DBStoreBuilder (DBStoreBuilder.java:addTable(110)) - using custom profile for table: s3SecretTable
2019-09-01 05:36:01,572 [main] INFO  db.DBStoreBuilder (DBStoreBuilder.java:processTables(161)) - Using default column profile:DBProfile.DISK for Table:s3SecretTable
2019-09-01 05:36:01,573 [main] INFO  db.DBStoreBuilder (DBStoreBuilder.java:addTable(110)) - using custom profile for table: prefixTable
2019-09-01 05:36:01,573 [main] INFO  db.DBStoreBuilder (DBStoreBuilder.java:processTables(161)) - Using default column profile:DBProfile.DISK for Table:prefixTable
2019-09-01 05:36:01,573 [main] INFO  db.DBStoreBuilder (DBStoreBuilder.java:addTable(110)) - using custom profile for table: default
2019-09-01 05:36:01,573 [main] INFO  db.DBStoreBuilder (DBStoreBuilder.java:processTables(167)) - Using default column profile:DBProfile.DISK for Table:default
2019-09-01 05:36:01,573 [main] INFO  db.DBStoreBuilder (DBStoreBuilder.java:getDbProfile(198)) - Using default options. DBProfile.DISK
2019-09-01 05:36:02,160 [main] INFO  ipc.CallQueueManager (CallQueueManager.java:<init>(84)) - Using callQueue: class java.util.concurrent.LinkedBlockingQueue, queueCapacity: 2000, scheduler: class org.apache.hadoop.ipc.DefaultRpcScheduler, ipcBackoff: false.
2019-09-01 05:36:02,160 [Socket Reader #1 for port 42961] INFO  ipc.Server (Server.java:run(1074)) - Starting Socket Reader #1 for port 42961
2019-09-01 05:36:02,173 [main] INFO  om.OzoneManager (OzoneManager.java:start(1240)) - OzoneManager RPC server is listening at localhost/127.0.0.1:42961
2019-09-01 05:36:02,173 [main] INFO  impl.MetricsSystemImpl (MetricsSystemImpl.java:init(158)) - OzoneManager metrics system started (again)
2019-09-01 05:36:02,174 [IPC Server Responder] INFO  ipc.Server (Server.java:run(1314)) - IPC Server Responder: starting
2019-09-01 05:36:02,174 [IPC Server listener on 42961] INFO  ipc.Server (Server.java:run(1153)) - IPC Server listener on 42961: starting
2019-09-01 05:36:02,178 [main] INFO  hdfs.DFSUtil (DFSUtil.java:httpServerTemplateForNNAndJN(1641)) - Starting Web-server for ozoneManager at: http://0.0.0.0:0
2019-09-01 05:36:02,179 [main] INFO  server.AuthenticationFilter (AuthenticationFilter.java:constructSecretProvider(240)) - Unable to initialize FileSignerSecretProvider, falling back to use random secrets.
2019-09-01 05:36:02,180 [main] WARN  http.HttpRequestLog (HttpRequestLog.java:getRequestLog(97)) - Jetty request log can only be enabled using Log4j
2019-09-01 05:36:02,181 [main] INFO  http.HttpServer2 (HttpServer2.java:addGlobalFilter(975)) - Added global filter 'safety' (class=org.apache.hadoop.http.HttpServer2$QuotingInputFilter)
2019-09-01 05:36:02,182 [main] INFO  http.HttpServer2 (HttpServer2.java:addFilter(948)) - Added filter static_user_filter (class=org.apache.hadoop.http.lib.StaticUserWebFilter$StaticUserFilter) to context ozoneManager
2019-09-01 05:36:02,182 [main] INFO  http.HttpServer2 (HttpServer2.java:addFilter(958)) - Added filter static_user_filter (class=org.apache.hadoop.http.lib.StaticUserWebFilter$StaticUserFilter) to context static
2019-09-01 05:36:02,182 [main] INFO  http.HttpServer2 (HttpServer2.java:addFilter(958)) - Added filter static_user_filter (class=org.apache.hadoop.http.lib.StaticUserWebFilter$StaticUserFilter) to context logs
2019-09-01 05:36:02,182 [main] INFO  http.HttpServer2 (HttpServer2.java:bindListener(1191)) - Jetty bound to port 39339
2019-09-01 05:36:02,183 [main] INFO  server.Server (Server.java:doStart(351)) - jetty-9.3.24.v20180605, build timestamp: 2018-06-05T17:11:56Z, git hash: 84205aa28f11a4f31f2a3b86d1bba2cc8ab69827
2019-09-01 05:36:02,184 [main] INFO  handler.ContextHandler (ContextHandler.java:doStart(781)) - Started o.e.j.s.ServletContextHandler@7d7ceca8{/logs,file:///workdir/hadoop-ozone/integration-test/target/log,AVAILABLE}
2019-09-01 05:36:02,185 [main] INFO  handler.ContextHandler (ContextHandler.java:doStart(781)) - Started o.e.j.s.ServletContextHandler@26c7b1c6{/static,file:///workdir/hadoop-ozone/integration-test/target/test-classes/webapps/static,AVAILABLE}
2019-09-01 05:36:02,188 [main] INFO  handler.ContextHandler (ContextHandler.java:doStart(781)) - Started o.e.j.w.WebAppContext@795b66d{/,file:///workdir/hadoop-ozone/integration-test/target/test-classes/webapps/ozoneManager/,AVAILABLE}{/ozoneManager}
2019-09-01 05:36:02,189 [main] INFO  server.AbstractConnector (AbstractConnector.java:doStart(278)) - Started ServerConnector@359ceb13{HTTP/1.1,[http/1.1]}{0.0.0.0:39339}
2019-09-01 05:36:02,189 [main] INFO  server.Server (Server.java:doStart(419)) - Started @636661ms
2019-09-01 05:36:02,190 [main] WARN  impl.MetricsSystemImpl (MetricsSystemImpl.java:register(276)) - Sink prometheus already exists!
2019-09-01 05:36:02,190 [main] INFO  server.BaseHttpServer (BaseHttpServer.java:updateConnectorAddress(215)) - HTTP server of OZONEMANAGER is listening at http://0.0.0.0:39339
2019-09-01 05:36:02,209 [main] INFO  impl.MetricsSystemImpl (MetricsSystemImpl.java:init(158)) - HddsDatanode metrics system started (again)
2019-09-01 05:36:02,211 [main] INFO  ozone.HddsDatanodeService (HddsDatanodeService.java:start(184)) - HddsDatanodeService host:trunk-nightly-20190901-gkzrd-4143273587 ip:192.168.36.91
2019-09-01 05:36:02,217 [main] INFO  volume.HddsVolume (HddsVolume.java:<init>(176)) - Creating Volume: /workdir/hadoop-ozone/integration-test/target/test-dir/MiniOzoneClusterImpl-321653a8-8d1f-4dd6-a653-78f44973ed1e/datanode-0/data/containers/hdds of  storage type : DISK and capacity : 1482555576320
2019-09-01 05:36:02,217 [main] INFO  volume.VolumeSet (VolumeSet.java:initializeVolumeSet(170)) - Added Volume : /workdir/hadoop-ozone/integration-test/target/test-dir/MiniOzoneClusterImpl-321653a8-8d1f-4dd6-a653-78f44973ed1e/datanode-0/data/containers/hdds to VolumeSet
2019-09-01 05:36:02,217 [main] INFO  volume.ThrottledAsyncChecker (ThrottledAsyncChecker.java:schedule(140)) - Scheduling a check for org.apache.hadoop.ozone.container.common.volume.HddsVolume@3e03046d
2019-09-01 05:36:02,219 [main] INFO  volume.HddsVolumeChecker (HddsVolumeChecker.java:checkAllVolumes(203)) - Scheduled health check for volume org.apache.hadoop.ozone.container.common.volume.HddsVolume@3e03046d
2019-09-01 05:36:02,232 [main] INFO  impl.RaftServerProxy (ConfUtils.java:logGet(43)) - raft.rpc.type = GRPC (default)
2019-09-01 05:36:02,233 [main] INFO  grpc.GrpcFactory (GrpcFactory.java:checkPooledByteBufAllocatorUseCacheForAllThreads(45)) - PERFORMANCE WARNING: useCacheForAllThreads is true that may cause Netty to create a lot garbage objects and, as a result, trigger GC.
	It is recommended to disable useCacheForAllThreads by setting -Dorg.apache.ratis.thirdparty.io.netty.allocator.useCacheForAllThreads=false in command line.
2019-09-01 05:36:02,233 [main] INFO  grpc.GrpcConfigKeys$Server (ConfUtils.java:logGet(43)) - raft.grpc.server.port = 0 (default)
2019-09-01 05:36:02,233 [main] INFO  server.GrpcService (ConfUtils.java:logGet(43)) - raft.grpc.message.size.max = 33570816 (custom)
2019-09-01 05:36:02,233 [main] INFO  server.RaftServerConfigKeys (ConfUtils.java:logGet(43)) - raft.server.log.appender.buffer.byte-limit = 33554432 (custom)
2019-09-01 05:36:02,234 [main] INFO  server.GrpcService (ConfUtils.java:logGet(43)) - raft.grpc.flow.control.window = 1MB (=1048576) (default)
2019-09-01 05:36:02,234 [main] INFO  server.RaftServerConfigKeys (ConfUtils.java:logGet(43)) - raft.server.rpc.request.timeout = 3000ms (default)
2019-09-01 05:36:02,234 [main] INFO  server.RaftServerConfigKeys (ConfUtils.java:logGet(43)) - raft.server.storage.dir = [/workdir/hadoop-ozone/integration-test/target/test-dir/MiniOzoneClusterImpl-321653a8-8d1f-4dd6-a653-78f44973ed1e/datanode-0/data/ratis] (custom)
2019-09-01 05:36:02,236 [main] INFO  hdfs.DFSUtil (DFSUtil.java:httpServerTemplateForNNAndJN(1641)) - Starting Web-server for hddsDatanode at: http://0.0.0.0:0
2019-09-01 05:36:02,238 [main] INFO  server.AuthenticationFilter (AuthenticationFilter.java:constructSecretProvider(240)) - Unable to initialize FileSignerSecretProvider, falling back to use random secrets.
2019-09-01 05:36:02,239 [main] WARN  http.HttpRequestLog (HttpRequestLog.java:getRequestLog(97)) - Jetty request log can only be enabled using Log4j
2019-09-01 05:36:02,241 [main] INFO  http.HttpServer2 (HttpServer2.java:addGlobalFilter(975)) - Added global filter 'safety' (class=org.apache.hadoop.http.HttpServer2$QuotingInputFilter)
2019-09-01 05:36:02,241 [main] INFO  http.HttpServer2 (HttpServer2.java:addFilter(948)) - Added filter static_user_filter (class=org.apache.hadoop.http.lib.StaticUserWebFilter$StaticUserFilter) to context hddsDatanode
2019-09-01 05:36:02,242 [main] INFO  http.HttpServer2 (HttpServer2.java:addFilter(958)) - Added filter static_user_filter (class=org.apache.hadoop.http.lib.StaticUserWebFilter$StaticUserFilter) to context static
2019-09-01 05:36:02,242 [main] INFO  http.HttpServer2 (HttpServer2.java:addFilter(958)) - Added filter static_user_filter (class=org.apache.hadoop.http.lib.StaticUserWebFilter$StaticUserFilter) to context logs
2019-09-01 05:36:02,243 [main] INFO  http.HttpServer2 (HttpServer2.java:bindListener(1191)) - Jetty bound to port 41733
2019-09-01 05:36:02,243 [main] INFO  server.Server (Server.java:doStart(351)) - jetty-9.3.24.v20180605, build timestamp: 2018-06-05T17:11:56Z, git hash: 84205aa28f11a4f31f2a3b86d1bba2cc8ab69827
2019-09-01 05:36:02,245 [main] INFO  handler.ContextHandler (ContextHandler.java:doStart(781)) - Started o.e.j.s.ServletContextHandler@1578fa9{/logs,file:///workdir/hadoop-ozone/integration-test/target/log,AVAILABLE}
2019-09-01 05:36:02,245 [main] INFO  handler.ContextHandler (ContextHandler.java:doStart(781)) - Started o.e.j.s.ServletContextHandler@9e30f9a{/static,jar:file:/home/user/.m2/repository/org/apache/hadoop/hadoop-hdds-container-service/0.5.0-SNAPSHOT/hadoop-hdds-container-service-0.5.0-SNAPSHOT.jar!/webapps/static,AVAILABLE}
2019-09-01 05:36:02,289 [main] INFO  handler.ContextHandler (ContextHandler.java:doStart(781)) - Started o.e.j.w.WebAppContext@4c24f3a2{/,file:///tmp/jetty-0.0.0.0-41733-hddsDatanode-_-any-2119068588091938062.dir/webapp/,AVAILABLE}{/hddsDatanode}
2019-09-01 05:36:02,290 [main] INFO  server.AbstractConnector (AbstractConnector.java:doStart(278)) - Started ServerConnector@783b3aa0{HTTP/1.1,[http/1.1]}{0.0.0.0:41733}
2019-09-01 05:36:02,291 [main] INFO  server.Server (Server.java:doStart(419)) - Started @636763ms
2019-09-01 05:36:02,291 [main] WARN  impl.MetricsSystemImpl (MetricsSystemImpl.java:register(276)) - Sink prometheus already exists!
2019-09-01 05:36:02,292 [main] INFO  server.BaseHttpServer (BaseHttpServer.java:updateConnectorAddress(215)) - HTTP server of HDDSDATANODE is listening at http://0.0.0.0:41733
2019-09-01 05:36:02,292 [main] INFO  impl.MetricsSystemImpl (MetricsSystemImpl.java:init(158)) - HddsDatanode metrics system started (again)
2019-09-01 05:36:02,295 [org.apache.hadoop.util.JvmPauseMonitor$Monitor@6339b61] INFO  util.JvmPauseMonitor (JvmPauseMonitor.java:run(188)) - Starting JVM pause monitor
2019-09-01 05:36:02,295 [main] INFO  ozone.HddsDatanodeService (HddsDatanodeService.java:start(184)) - HddsDatanodeService host:trunk-nightly-20190901-gkzrd-4143273587 ip:192.168.36.91
2019-09-01 05:36:02,296 [Datanode State Machine Thread - 0] INFO  datanode.InitDatanodeState (InitDatanodeState.java:persistContainerDatanodeDetails(140)) - DatanodeDetails is persisted to /workdir/hadoop-ozone/integration-test/target/test-dir/MiniOzoneClusterImpl-321653a8-8d1f-4dd6-a653-78f44973ed1e/datanode-0/meta/datanode.id
2019-09-01 05:36:02,301 [main] INFO  volume.HddsVolume (HddsVolume.java:<init>(176)) - Creating Volume: /workdir/hadoop-ozone/integration-test/target/test-dir/MiniOzoneClusterImpl-321653a8-8d1f-4dd6-a653-78f44973ed1e/datanode-1/data/containers/hdds of  storage type : DISK and capacity : 1482555576320
2019-09-01 05:36:02,301 [main] INFO  volume.VolumeSet (VolumeSet.java:initializeVolumeSet(170)) - Added Volume : /workdir/hadoop-ozone/integration-test/target/test-dir/MiniOzoneClusterImpl-321653a8-8d1f-4dd6-a653-78f44973ed1e/datanode-1/data/containers/hdds to VolumeSet
2019-09-01 05:36:02,301 [main] INFO  volume.ThrottledAsyncChecker (ThrottledAsyncChecker.java:schedule(140)) - Scheduling a check for org.apache.hadoop.ozone.container.common.volume.HddsVolume@22f8adc2
2019-09-01 05:36:02,302 [main] INFO  volume.HddsVolumeChecker (HddsVolumeChecker.java:checkAllVolumes(203)) - Scheduled health check for volume org.apache.hadoop.ozone.container.common.volume.HddsVolume@22f8adc2
2019-09-01 05:36:02,317 [main] INFO  impl.RaftServerProxy (ConfUtils.java:logGet(43)) - raft.rpc.type = GRPC (default)
2019-09-01 05:36:02,317 [main] INFO  grpc.GrpcFactory (GrpcFactory.java:checkPooledByteBufAllocatorUseCacheForAllThreads(45)) - PERFORMANCE WARNING: useCacheForAllThreads is true that may cause Netty to create a lot garbage objects and, as a result, trigger GC.
	It is recommended to disable useCacheForAllThreads by setting -Dorg.apache.ratis.thirdparty.io.netty.allocator.useCacheForAllThreads=false in command line.
2019-09-01 05:36:02,317 [main] INFO  grpc.GrpcConfigKeys$Server (ConfUtils.java:logGet(43)) - raft.grpc.server.port = 0 (default)
2019-09-01 05:36:02,318 [main] INFO  server.GrpcService (ConfUtils.java:logGet(43)) - raft.grpc.message.size.max = 33570816 (custom)
2019-09-01 05:36:02,318 [main] INFO  server.RaftServerConfigKeys (ConfUtils.java:logGet(43)) - raft.server.log.appender.buffer.byte-limit = 33554432 (custom)
2019-09-01 05:36:02,318 [main] INFO  server.GrpcService (ConfUtils.java:logGet(43)) - raft.grpc.flow.control.window = 1MB (=1048576) (default)
2019-09-01 05:36:02,318 [main] INFO  server.RaftServerConfigKeys (ConfUtils.java:logGet(43)) - raft.server.rpc.request.timeout = 3000ms (default)
2019-09-01 05:36:02,319 [main] INFO  server.RaftServerConfigKeys (ConfUtils.java:logGet(43)) - raft.server.storage.dir = [/workdir/hadoop-ozone/integration-test/target/test-dir/MiniOzoneClusterImpl-321653a8-8d1f-4dd6-a653-78f44973ed1e/datanode-1/data/ratis] (custom)
2019-09-01 05:36:02,320 [main] INFO  hdfs.DFSUtil (DFSUtil.java:httpServerTemplateForNNAndJN(1641)) - Starting Web-server for hddsDatanode at: http://0.0.0.0:0
2019-09-01 05:36:02,321 [main] INFO  server.AuthenticationFilter (AuthenticationFilter.java:constructSecretProvider(240)) - Unable to initialize FileSignerSecretProvider, falling back to use random secrets.
2019-09-01 05:36:02,322 [main] WARN  http.HttpRequestLog (HttpRequestLog.java:getRequestLog(97)) - Jetty request log can only be enabled using Log4j
2019-09-01 05:36:02,323 [main] INFO  http.HttpServer2 (HttpServer2.java:addGlobalFilter(975)) - Added global filter 'safety' (class=org.apache.hadoop.http.HttpServer2$QuotingInputFilter)
2019-09-01 05:36:02,324 [main] INFO  http.HttpServer2 (HttpServer2.java:addFilter(948)) - Added filter static_user_filter (class=org.apache.hadoop.http.lib.StaticUserWebFilter$StaticUserFilter) to context hddsDatanode
2019-09-01 05:36:02,324 [main] INFO  http.HttpServer2 (HttpServer2.java:addFilter(958)) - Added filter static_user_filter (class=org.apache.hadoop.http.lib.StaticUserWebFilter$StaticUserFilter) to context logs
2019-09-01 05:36:02,324 [main] INFO  http.HttpServer2 (HttpServer2.java:addFilter(958)) - Added filter static_user_filter (class=org.apache.hadoop.http.lib.StaticUserWebFilter$StaticUserFilter) to context static
2019-09-01 05:36:02,325 [main] INFO  http.HttpServer2 (HttpServer2.java:bindListener(1191)) - Jetty bound to port 39225
2019-09-01 05:36:02,325 [main] INFO  server.Server (Server.java:doStart(351)) - jetty-9.3.24.v20180605, build timestamp: 2018-06-05T17:11:56Z, git hash: 84205aa28f11a4f31f2a3b86d1bba2cc8ab69827
2019-09-01 05:36:02,326 [main] INFO  handler.ContextHandler (ContextHandler.java:doStart(781)) - Started o.e.j.s.ServletContextHandler@282c4da0{/logs,file:///workdir/hadoop-ozone/integration-test/target/log,AVAILABLE}
2019-09-01 05:36:02,327 [main] INFO  handler.ContextHandler (ContextHandler.java:doStart(781)) - Started o.e.j.s.ServletContextHandler@18cf5c52{/static,jar:file:/home/user/.m2/repository/org/apache/hadoop/hadoop-hdds-container-service/0.5.0-SNAPSHOT/hadoop-hdds-container-service-0.5.0-SNAPSHOT.jar!/webapps/static,AVAILABLE}
2019-09-01 05:36:02,358 [main] INFO  handler.ContextHandler (ContextHandler.java:doStart(781)) - Started o.e.j.w.WebAppContext@5345dfe8{/,file:///tmp/jetty-0.0.0.0-39225-hddsDatanode-_-any-8730071285062876445.dir/webapp/,AVAILABLE}{/hddsDatanode}
2019-09-01 05:36:02,358 [main] INFO  server.AbstractConnector (AbstractConnector.java:doStart(278)) - Started ServerConnector@478967eb{HTTP/1.1,[http/1.1]}{0.0.0.0:39225}
2019-09-01 05:36:02,359 [main] INFO  server.Server (Server.java:doStart(419)) - Started @636831ms
2019-09-01 05:36:02,359 [main] WARN  impl.MetricsSystemImpl (MetricsSystemImpl.java:register(276)) - Sink prometheus already exists!
2019-09-01 05:36:02,360 [main] INFO  server.BaseHttpServer (BaseHttpServer.java:updateConnectorAddress(215)) - HTTP server of HDDSDATANODE is listening at http://0.0.0.0:39225
2019-09-01 05:36:02,360 [main] INFO  impl.MetricsSystemImpl (MetricsSystemImpl.java:init(158)) - HddsDatanode metrics system started (again)
2019-09-01 05:36:02,363 [org.apache.hadoop.util.JvmPauseMonitor$Monitor@12433175] INFO  util.JvmPauseMonitor (JvmPauseMonitor.java:run(188)) - Starting JVM pause monitor
2019-09-01 05:36:02,363 [main] INFO  ozone.HddsDatanodeService (HddsDatanodeService.java:start(184)) - HddsDatanodeService host:trunk-nightly-20190901-gkzrd-4143273587 ip:192.168.36.91
2019-09-01 05:36:02,364 [Datanode State Machine Thread - 0] INFO  datanode.InitDatanodeState (InitDatanodeState.java:persistContainerDatanodeDetails(140)) - DatanodeDetails is persisted to /workdir/hadoop-ozone/integration-test/target/test-dir/MiniOzoneClusterImpl-321653a8-8d1f-4dd6-a653-78f44973ed1e/datanode-1/meta/datanode.id
2019-09-01 05:36:02,369 [main] INFO  volume.HddsVolume (HddsVolume.java:<init>(176)) - Creating Volume: /workdir/hadoop-ozone/integration-test/target/test-dir/MiniOzoneClusterImpl-321653a8-8d1f-4dd6-a653-78f44973ed1e/datanode-2/data/containers/hdds of  storage type : DISK and capacity : 1482555576320
2019-09-01 05:36:02,369 [main] INFO  volume.VolumeSet (VolumeSet.java:initializeVolumeSet(170)) - Added Volume : /workdir/hadoop-ozone/integration-test/target/test-dir/MiniOzoneClusterImpl-321653a8-8d1f-4dd6-a653-78f44973ed1e/datanode-2/data/containers/hdds to VolumeSet
2019-09-01 05:36:02,369 [main] INFO  volume.ThrottledAsyncChecker (ThrottledAsyncChecker.java:schedule(140)) - Scheduling a check for org.apache.hadoop.ozone.container.common.volume.HddsVolume@61a87366
2019-09-01 05:36:02,370 [main] INFO  volume.HddsVolumeChecker (HddsVolumeChecker.java:checkAllVolumes(203)) - Scheduled health check for volume org.apache.hadoop.ozone.container.common.volume.HddsVolume@61a87366
2019-09-01 05:36:02,382 [main] INFO  impl.RaftServerProxy (ConfUtils.java:logGet(43)) - raft.rpc.type = GRPC (default)
2019-09-01 05:36:02,382 [main] INFO  grpc.GrpcFactory (GrpcFactory.java:checkPooledByteBufAllocatorUseCacheForAllThreads(45)) - PERFORMANCE WARNING: useCacheForAllThreads is true that may cause Netty to create a lot garbage objects and, as a result, trigger GC.
	It is recommended to disable useCacheForAllThreads by setting -Dorg.apache.ratis.thirdparty.io.netty.allocator.useCacheForAllThreads=false in command line.
2019-09-01 05:36:02,383 [main] INFO  grpc.GrpcConfigKeys$Server (ConfUtils.java:logGet(43)) - raft.grpc.server.port = 0 (default)
2019-09-01 05:36:02,383 [main] INFO  server.GrpcService (ConfUtils.java:logGet(43)) - raft.grpc.message.size.max = 33570816 (custom)
2019-09-01 05:36:02,383 [main] INFO  server.RaftServerConfigKeys (ConfUtils.java:logGet(43)) - raft.server.log.appender.buffer.byte-limit = 33554432 (custom)
2019-09-01 05:36:02,383 [main] INFO  server.GrpcService (ConfUtils.java:logGet(43)) - raft.grpc.flow.control.window = 1MB (=1048576) (default)
2019-09-01 05:36:02,383 [main] INFO  server.RaftServerConfigKeys (ConfUtils.java:logGet(43)) - raft.server.rpc.request.timeout = 3000ms (default)
2019-09-01 05:36:02,384 [main] INFO  server.RaftServerConfigKeys (ConfUtils.java:logGet(43)) - raft.server.storage.dir = [/workdir/hadoop-ozone/integration-test/target/test-dir/MiniOzoneClusterImpl-321653a8-8d1f-4dd6-a653-78f44973ed1e/datanode-2/data/ratis] (custom)
2019-09-01 05:36:02,385 [main] INFO  hdfs.DFSUtil (DFSUtil.java:httpServerTemplateForNNAndJN(1641)) - Starting Web-server for hddsDatanode at: http://0.0.0.0:0
2019-09-01 05:36:02,386 [main] INFO  server.AuthenticationFilter (AuthenticationFilter.java:constructSecretProvider(240)) - Unable to initialize FileSignerSecretProvider, falling back to use random secrets.
2019-09-01 05:36:02,386 [main] WARN  http.HttpRequestLog (HttpRequestLog.java:getRequestLog(97)) - Jetty request log can only be enabled using Log4j
2019-09-01 05:36:02,387 [main] INFO  http.HttpServer2 (HttpServer2.java:addGlobalFilter(975)) - Added global filter 'safety' (class=org.apache.hadoop.http.HttpServer2$QuotingInputFilter)
2019-09-01 05:36:02,388 [main] INFO  http.HttpServer2 (HttpServer2.java:addFilter(948)) - Added filter static_user_filter (class=org.apache.hadoop.http.lib.StaticUserWebFilter$StaticUserFilter) to context hddsDatanode
2019-09-01 05:36:02,388 [main] INFO  http.HttpServer2 (HttpServer2.java:addFilter(958)) - Added filter static_user_filter (class=org.apache.hadoop.http.lib.StaticUserWebFilter$StaticUserFilter) to context static
2019-09-01 05:36:02,388 [main] INFO  http.HttpServer2 (HttpServer2.java:addFilter(958)) - Added filter static_user_filter (class=org.apache.hadoop.http.lib.StaticUserWebFilter$StaticUserFilter) to context logs
2019-09-01 05:36:02,389 [main] INFO  http.HttpServer2 (HttpServer2.java:bindListener(1191)) - Jetty bound to port 37995
2019-09-01 05:36:02,389 [main] INFO  server.Server (Server.java:doStart(351)) - jetty-9.3.24.v20180605, build timestamp: 2018-06-05T17:11:56Z, git hash: 84205aa28f11a4f31f2a3b86d1bba2cc8ab69827
2019-09-01 05:36:02,390 [main] INFO  handler.ContextHandler (ContextHandler.java:doStart(781)) - Started o.e.j.s.ServletContextHandler@5e9bf744{/logs,file:///workdir/hadoop-ozone/integration-test/target/log,AVAILABLE}
2019-09-01 05:36:02,390 [main] INFO  handler.ContextHandler (ContextHandler.java:doStart(781)) - Started o.e.j.s.ServletContextHandler@48cdb156{/static,jar:file:/home/user/.m2/repository/org/apache/hadoop/hadoop-hdds-container-service/0.5.0-SNAPSHOT/hadoop-hdds-container-service-0.5.0-SNAPSHOT.jar!/webapps/static,AVAILABLE}
2019-09-01 05:36:02,701 [main] INFO  handler.ContextHandler (ContextHandler.java:doStart(781)) - Started o.e.j.w.WebAppContext@7ac48f05{/,file:///tmp/jetty-0.0.0.0-37995-hddsDatanode-_-any-4396520198293703097.dir/webapp/,AVAILABLE}{/hddsDatanode}
2019-09-01 05:36:02,727 [main] INFO  server.AbstractConnector (AbstractConnector.java:doStart(278)) - Started ServerConnector@7af1d072{HTTP/1.1,[http/1.1]}{0.0.0.0:37995}
2019-09-01 05:36:02,732 [main] INFO  server.Server (Server.java:doStart(419)) - Started @637204ms
2019-09-01 05:36:02,737 [main] WARN  impl.MetricsSystemImpl (MetricsSystemImpl.java:register(276)) - Sink prometheus already exists!
2019-09-01 05:36:02,751 [main] INFO  server.BaseHttpServer (BaseHttpServer.java:updateConnectorAddress(215)) - HTTP server of HDDSDATANODE is listening at http://0.0.0.0:37995
2019-09-01 05:36:02,765 [main] INFO  impl.MetricsSystemImpl (MetricsSystemImpl.java:init(158)) - HddsDatanode metrics system started (again)
2019-09-01 05:36:02,818 [org.apache.hadoop.util.JvmPauseMonitor$Monitor@2ea10b86] INFO  util.JvmPauseMonitor (JvmPauseMonitor.java:run(188)) - Starting JVM pause monitor
2019-09-01 05:36:02,829 [main] INFO  ozone.HddsDatanodeService (HddsDatanodeService.java:start(184)) - HddsDatanodeService host:trunk-nightly-20190901-gkzrd-4143273587 ip:192.168.36.91
2019-09-01 05:36:02,840 [Datanode State Machine Thread - 0] INFO  datanode.InitDatanodeState (InitDatanodeState.java:persistContainerDatanodeDetails(140)) - DatanodeDetails is persisted to /workdir/hadoop-ozone/integration-test/target/test-dir/MiniOzoneClusterImpl-321653a8-8d1f-4dd6-a653-78f44973ed1e/datanode-2/meta/datanode.id
2019-09-01 05:36:02,847 [main] INFO  volume.HddsVolume (HddsVolume.java:<init>(176)) - Creating Volume: /workdir/hadoop-ozone/integration-test/target/test-dir/MiniOzoneClusterImpl-321653a8-8d1f-4dd6-a653-78f44973ed1e/datanode-3/data/containers/hdds of  storage type : DISK and capacity : 1482555576320
2019-09-01 05:36:02,847 [main] INFO  volume.VolumeSet (VolumeSet.java:initializeVolumeSet(170)) - Added Volume : /workdir/hadoop-ozone/integration-test/target/test-dir/MiniOzoneClusterImpl-321653a8-8d1f-4dd6-a653-78f44973ed1e/datanode-3/data/containers/hdds to VolumeSet
2019-09-01 05:36:02,847 [main] INFO  volume.ThrottledAsyncChecker (ThrottledAsyncChecker.java:schedule(140)) - Scheduling a check for org.apache.hadoop.ozone.container.common.volume.HddsVolume@26a4f9ed
2019-09-01 05:36:02,848 [main] INFO  volume.HddsVolumeChecker (HddsVolumeChecker.java:checkAllVolumes(203)) - Scheduled health check for volume org.apache.hadoop.ozone.container.common.volume.HddsVolume@26a4f9ed
2019-09-01 05:36:02,877 [main] INFO  impl.RaftServerProxy (ConfUtils.java:logGet(43)) - raft.rpc.type = GRPC (default)
2019-09-01 05:36:02,877 [main] INFO  grpc.GrpcFactory (GrpcFactory.java:checkPooledByteBufAllocatorUseCacheForAllThreads(45)) - PERFORMANCE WARNING: useCacheForAllThreads is true that may cause Netty to create a lot garbage objects and, as a result, trigger GC.
	It is recommended to disable useCacheForAllThreads by setting -Dorg.apache.ratis.thirdparty.io.netty.allocator.useCacheForAllThreads=false in command line.
2019-09-01 05:36:02,877 [main] INFO  grpc.GrpcConfigKeys$Server (ConfUtils.java:logGet(43)) - raft.grpc.server.port = 0 (default)
2019-09-01 05:36:02,878 [main] INFO  server.GrpcService (ConfUtils.java:logGet(43)) - raft.grpc.message.size.max = 33570816 (custom)
2019-09-01 05:36:02,878 [main] INFO  server.RaftServerConfigKeys (ConfUtils.java:logGet(43)) - raft.server.log.appender.buffer.byte-limit = 33554432 (custom)
2019-09-01 05:36:02,878 [main] INFO  server.GrpcService (ConfUtils.java:logGet(43)) - raft.grpc.flow.control.window = 1MB (=1048576) (default)
2019-09-01 05:36:02,878 [main] INFO  server.RaftServerConfigKeys (ConfUtils.java:logGet(43)) - raft.server.rpc.request.timeout = 3000ms (default)
2019-09-01 05:36:02,879 [main] INFO  server.RaftServerConfigKeys (ConfUtils.java:logGet(43)) - raft.server.storage.dir = [/workdir/hadoop-ozone/integration-test/target/test-dir/MiniOzoneClusterImpl-321653a8-8d1f-4dd6-a653-78f44973ed1e/datanode-3/data/ratis] (custom)
2019-09-01 05:36:02,880 [main] INFO  hdfs.DFSUtil (DFSUtil.java:httpServerTemplateForNNAndJN(1641)) - Starting Web-server for hddsDatanode at: http://0.0.0.0:0
2019-09-01 05:36:02,882 [main] INFO  server.AuthenticationFilter (AuthenticationFilter.java:constructSecretProvider(240)) - Unable to initialize FileSignerSecretProvider, falling back to use random secrets.
2019-09-01 05:36:02,883 [main] WARN  http.HttpRequestLog (HttpRequestLog.java:getRequestLog(97)) - Jetty request log can only be enabled using Log4j
2019-09-01 05:36:02,885 [main] INFO  http.HttpServer2 (HttpServer2.java:addGlobalFilter(975)) - Added global filter 'safety' (class=org.apache.hadoop.http.HttpServer2$QuotingInputFilter)
2019-09-01 05:36:02,886 [main] INFO  http.HttpServer2 (HttpServer2.java:addFilter(948)) - Added filter static_user_filter (class=org.apache.hadoop.http.lib.StaticUserWebFilter$StaticUserFilter) to context hddsDatanode
2019-09-01 05:36:02,886 [main] INFO  http.HttpServer2 (HttpServer2.java:addFilter(958)) - Added filter static_user_filter (class=org.apache.hadoop.http.lib.StaticUserWebFilter$StaticUserFilter) to context logs
2019-09-01 05:36:02,886 [main] INFO  http.HttpServer2 (HttpServer2.java:addFilter(958)) - Added filter static_user_filter (class=org.apache.hadoop.http.lib.StaticUserWebFilter$StaticUserFilter) to context static
2019-09-01 05:36:02,887 [main] INFO  http.HttpServer2 (HttpServer2.java:bindListener(1191)) - Jetty bound to port 43624
2019-09-01 05:36:02,887 [main] INFO  server.Server (Server.java:doStart(351)) - jetty-9.3.24.v20180605, build timestamp: 2018-06-05T17:11:56Z, git hash: 84205aa28f11a4f31f2a3b86d1bba2cc8ab69827
2019-09-01 05:36:02,889 [main] INFO  handler.ContextHandler (ContextHandler.java:doStart(781)) - Started o.e.j.s.ServletContextHandler@2eb1c615{/logs,file:///workdir/hadoop-ozone/integration-test/target/log,AVAILABLE}
2019-09-01 05:36:02,890 [main] INFO  handler.ContextHandler (ContextHandler.java:doStart(781)) - Started o.e.j.s.ServletContextHandler@5d9d2119{/static,jar:file:/home/user/.m2/repository/org/apache/hadoop/hadoop-hdds-container-service/0.5.0-SNAPSHOT/hadoop-hdds-container-service-0.5.0-SNAPSHOT.jar!/webapps/static,AVAILABLE}
2019-09-01 05:36:02,923 [main] INFO  handler.ContextHandler (ContextHandler.java:doStart(781)) - Started o.e.j.w.WebAppContext@1216eb3f{/,file:///tmp/jetty-0.0.0.0-43624-hddsDatanode-_-any-998360459764444564.dir/webapp/,AVAILABLE}{/hddsDatanode}
2019-09-01 05:36:02,924 [main] INFO  server.AbstractConnector (AbstractConnector.java:doStart(278)) - Started ServerConnector@59e7564b{HTTP/1.1,[http/1.1]}{0.0.0.0:43624}
2019-09-01 05:36:02,925 [main] INFO  server.Server (Server.java:doStart(419)) - Started @637397ms
2019-09-01 05:36:02,926 [main] WARN  impl.MetricsSystemImpl (MetricsSystemImpl.java:register(276)) - Sink prometheus already exists!
2019-09-01 05:36:02,926 [main] INFO  server.BaseHttpServer (BaseHttpServer.java:updateConnectorAddress(215)) - HTTP server of HDDSDATANODE is listening at http://0.0.0.0:43624
2019-09-01 05:36:02,926 [main] INFO  impl.MetricsSystemImpl (MetricsSystemImpl.java:init(158)) - HddsDatanode metrics system started (again)
2019-09-01 05:36:02,929 [org.apache.hadoop.util.JvmPauseMonitor$Monitor@7805043d] INFO  util.JvmPauseMonitor (JvmPauseMonitor.java:run(188)) - Starting JVM pause monitor
2019-09-01 05:36:02,929 [main] INFO  ozone.HddsDatanodeService (HddsDatanodeService.java:start(184)) - HddsDatanodeService host:trunk-nightly-20190901-gkzrd-4143273587 ip:192.168.36.91
2019-09-01 05:36:02,930 [Datanode State Machine Thread - 0] INFO  datanode.InitDatanodeState (InitDatanodeState.java:persistContainerDatanodeDetails(140)) - DatanodeDetails is persisted to /workdir/hadoop-ozone/integration-test/target/test-dir/MiniOzoneClusterImpl-321653a8-8d1f-4dd6-a653-78f44973ed1e/datanode-3/meta/datanode.id
2019-09-01 05:36:02,934 [main] INFO  volume.HddsVolume (HddsVolume.java:<init>(176)) - Creating Volume: /workdir/hadoop-ozone/integration-test/target/test-dir/MiniOzoneClusterImpl-321653a8-8d1f-4dd6-a653-78f44973ed1e/datanode-4/data/containers/hdds of  storage type : DISK and capacity : 1482555576320
2019-09-01 05:36:02,935 [main] INFO  volume.VolumeSet (VolumeSet.java:initializeVolumeSet(170)) - Added Volume : /workdir/hadoop-ozone/integration-test/target/test-dir/MiniOzoneClusterImpl-321653a8-8d1f-4dd6-a653-78f44973ed1e/datanode-4/data/containers/hdds to VolumeSet
2019-09-01 05:36:02,935 [main] INFO  volume.ThrottledAsyncChecker (ThrottledAsyncChecker.java:schedule(140)) - Scheduling a check for org.apache.hadoop.ozone.container.common.volume.HddsVolume@935d3f9
2019-09-01 05:36:02,935 [main] INFO  volume.HddsVolumeChecker (HddsVolumeChecker.java:checkAllVolumes(203)) - Scheduled health check for volume org.apache.hadoop.ozone.container.common.volume.HddsVolume@935d3f9
2019-09-01 05:36:02,949 [main] INFO  impl.RaftServerProxy (ConfUtils.java:logGet(43)) - raft.rpc.type = GRPC (default)
2019-09-01 05:36:02,949 [main] INFO  grpc.GrpcFactory (GrpcFactory.java:checkPooledByteBufAllocatorUseCacheForAllThreads(45)) - PERFORMANCE WARNING: useCacheForAllThreads is true that may cause Netty to create a lot garbage objects and, as a result, trigger GC.
	It is recommended to disable useCacheForAllThreads by setting -Dorg.apache.ratis.thirdparty.io.netty.allocator.useCacheForAllThreads=false in command line.
2019-09-01 05:36:02,949 [main] INFO  grpc.GrpcConfigKeys$Server (ConfUtils.java:logGet(43)) - raft.grpc.server.port = 0 (default)
2019-09-01 05:36:02,950 [main] INFO  server.GrpcService (ConfUtils.java:logGet(43)) - raft.grpc.message.size.max = 33570816 (custom)
2019-09-01 05:36:02,950 [main] INFO  server.RaftServerConfigKeys (ConfUtils.java:logGet(43)) - raft.server.log.appender.buffer.byte-limit = 33554432 (custom)
2019-09-01 05:36:02,950 [main] INFO  server.GrpcService (ConfUtils.java:logGet(43)) - raft.grpc.flow.control.window = 1MB (=1048576) (default)
2019-09-01 05:36:02,950 [main] INFO  server.RaftServerConfigKeys (ConfUtils.java:logGet(43)) - raft.server.rpc.request.timeout = 3000ms (default)
2019-09-01 05:36:02,951 [main] INFO  server.RaftServerConfigKeys (ConfUtils.java:logGet(43)) - raft.server.storage.dir = [/workdir/hadoop-ozone/integration-test/target/test-dir/MiniOzoneClusterImpl-321653a8-8d1f-4dd6-a653-78f44973ed1e/datanode-4/data/ratis] (custom)
2019-09-01 05:36:02,953 [main] INFO  hdfs.DFSUtil (DFSUtil.java:httpServerTemplateForNNAndJN(1641)) - Starting Web-server for hddsDatanode at: http://0.0.0.0:0
2019-09-01 05:36:02,954 [main] INFO  server.AuthenticationFilter (AuthenticationFilter.java:constructSecretProvider(240)) - Unable to initialize FileSignerSecretProvider, falling back to use random secrets.
2019-09-01 05:36:02,954 [main] WARN  http.HttpRequestLog (HttpRequestLog.java:getRequestLog(97)) - Jetty request log can only be enabled using Log4j
2019-09-01 05:36:02,955 [main] INFO  http.HttpServer2 (HttpServer2.java:addGlobalFilter(975)) - Added global filter 'safety' (class=org.apache.hadoop.http.HttpServer2$QuotingInputFilter)
2019-09-01 05:36:02,956 [main] INFO  http.HttpServer2 (HttpServer2.java:addFilter(948)) - Added filter static_user_filter (class=org.apache.hadoop.http.lib.StaticUserWebFilter$StaticUserFilter) to context hddsDatanode
2019-09-01 05:36:02,956 [main] INFO  http.HttpServer2 (HttpServer2.java:addFilter(958)) - Added filter static_user_filter (class=org.apache.hadoop.http.lib.StaticUserWebFilter$StaticUserFilter) to context logs
2019-09-01 05:36:02,956 [main] INFO  http.HttpServer2 (HttpServer2.java:addFilter(958)) - Added filter static_user_filter (class=org.apache.hadoop.http.lib.StaticUserWebFilter$StaticUserFilter) to context static
2019-09-01 05:36:02,957 [main] INFO  http.HttpServer2 (HttpServer2.java:bindListener(1191)) - Jetty bound to port 37197
2019-09-01 05:36:02,957 [main] INFO  server.Server (Server.java:doStart(351)) - jetty-9.3.24.v20180605, build timestamp: 2018-06-05T17:11:56Z, git hash: 84205aa28f11a4f31f2a3b86d1bba2cc8ab69827
2019-09-01 05:36:02,958 [main] INFO  handler.ContextHandler (ContextHandler.java:doStart(781)) - Started o.e.j.s.ServletContextHandler@6c07add6{/logs,file:///workdir/hadoop-ozone/integration-test/target/log,AVAILABLE}
2019-09-01 05:36:02,959 [main] INFO  handler.ContextHandler (ContextHandler.java:doStart(781)) - Started o.e.j.s.ServletContextHandler@57a667c8{/static,jar:file:/home/user/.m2/repository/org/apache/hadoop/hadoop-hdds-container-service/0.5.0-SNAPSHOT/hadoop-hdds-container-service-0.5.0-SNAPSHOT.jar!/webapps/static,AVAILABLE}
2019-09-01 05:36:02,985 [main] INFO  handler.ContextHandler (ContextHandler.java:doStart(781)) - Started o.e.j.w.WebAppContext@2ee92e7d{/,file:///tmp/jetty-0.0.0.0-37197-hddsDatanode-_-any-6503948057905154124.dir/webapp/,AVAILABLE}{/hddsDatanode}
2019-09-01 05:36:02,986 [main] INFO  server.AbstractConnector (AbstractConnector.java:doStart(278)) - Started ServerConnector@759a678a{HTTP/1.1,[http/1.1]}{0.0.0.0:37197}
2019-09-01 05:36:02,987 [main] INFO  server.Server (Server.java:doStart(419)) - Started @637459ms
2019-09-01 05:36:02,987 [main] WARN  impl.MetricsSystemImpl (MetricsSystemImpl.java:register(276)) - Sink prometheus already exists!
2019-09-01 05:36:02,988 [main] INFO  server.BaseHttpServer (BaseHttpServer.java:updateConnectorAddress(215)) - HTTP server of HDDSDATANODE is listening at http://0.0.0.0:37197
2019-09-01 05:36:02,988 [main] INFO  impl.MetricsSystemImpl (MetricsSystemImpl.java:init(158)) - HddsDatanode metrics system started (again)
2019-09-01 05:36:02,991 [org.apache.hadoop.util.JvmPauseMonitor$Monitor@1a4b9b7e] INFO  util.JvmPauseMonitor (JvmPauseMonitor.java:run(188)) - Starting JVM pause monitor
2019-09-01 05:36:02,992 [main] INFO  ozone.HddsDatanodeService (HddsDatanodeService.java:start(184)) - HddsDatanodeService host:trunk-nightly-20190901-gkzrd-4143273587 ip:192.168.36.91
2019-09-01 05:36:02,992 [Datanode State Machine Thread - 0] INFO  datanode.InitDatanodeState (InitDatanodeState.java:persistContainerDatanodeDetails(140)) - DatanodeDetails is persisted to /workdir/hadoop-ozone/integration-test/target/test-dir/MiniOzoneClusterImpl-321653a8-8d1f-4dd6-a653-78f44973ed1e/datanode-4/meta/datanode.id
2019-09-01 05:36:03,002 [main] INFO  volume.HddsVolume (HddsVolume.java:<init>(176)) - Creating Volume: /workdir/hadoop-ozone/integration-test/target/test-dir/MiniOzoneClusterImpl-321653a8-8d1f-4dd6-a653-78f44973ed1e/datanode-5/data/containers/hdds of  storage type : DISK and capacity : 1482555576320
2019-09-01 05:36:03,003 [main] INFO  volume.VolumeSet (VolumeSet.java:initializeVolumeSet(170)) - Added Volume : /workdir/hadoop-ozone/integration-test/target/test-dir/MiniOzoneClusterImpl-321653a8-8d1f-4dd6-a653-78f44973ed1e/datanode-5/data/containers/hdds to VolumeSet
2019-09-01 05:36:03,003 [main] INFO  volume.ThrottledAsyncChecker (ThrottledAsyncChecker.java:schedule(140)) - Scheduling a check for org.apache.hadoop.ozone.container.common.volume.HddsVolume@4bf4680c
2019-09-01 05:36:03,003 [main] INFO  volume.HddsVolumeChecker (HddsVolumeChecker.java:checkAllVolumes(203)) - Scheduled health check for volume org.apache.hadoop.ozone.container.common.volume.HddsVolume@4bf4680c
2019-09-01 05:36:03,019 [main] INFO  impl.RaftServerProxy (ConfUtils.java:logGet(43)) - raft.rpc.type = GRPC (default)
2019-09-01 05:36:03,019 [main] INFO  grpc.GrpcFactory (GrpcFactory.java:checkPooledByteBufAllocatorUseCacheForAllThreads(45)) - PERFORMANCE WARNING: useCacheForAllThreads is true that may cause Netty to create a lot garbage objects and, as a result, trigger GC.
	It is recommended to disable useCacheForAllThreads by setting -Dorg.apache.ratis.thirdparty.io.netty.allocator.useCacheForAllThreads=false in command line.
2019-09-01 05:36:03,019 [main] INFO  grpc.GrpcConfigKeys$Server (ConfUtils.java:logGet(43)) - raft.grpc.server.port = 0 (default)
2019-09-01 05:36:03,019 [main] INFO  server.GrpcService (ConfUtils.java:logGet(43)) - raft.grpc.message.size.max = 33570816 (custom)
2019-09-01 05:36:03,020 [main] INFO  server.RaftServerConfigKeys (ConfUtils.java:logGet(43)) - raft.server.log.appender.buffer.byte-limit = 33554432 (custom)
2019-09-01 05:36:03,020 [main] INFO  server.GrpcService (ConfUtils.java:logGet(43)) - raft.grpc.flow.control.window = 1MB (=1048576) (default)
2019-09-01 05:36:03,020 [main] INFO  server.RaftServerConfigKeys (ConfUtils.java:logGet(43)) - raft.server.rpc.request.timeout = 3000ms (default)
2019-09-01 05:36:03,021 [main] INFO  server.RaftServerConfigKeys (ConfUtils.java:logGet(43)) - raft.server.storage.dir = [/workdir/hadoop-ozone/integration-test/target/test-dir/MiniOzoneClusterImpl-321653a8-8d1f-4dd6-a653-78f44973ed1e/datanode-5/data/ratis] (custom)
2019-09-01 05:36:03,022 [main] INFO  hdfs.DFSUtil (DFSUtil.java:httpServerTemplateForNNAndJN(1641)) - Starting Web-server for hddsDatanode at: http://0.0.0.0:0
2019-09-01 05:36:03,023 [main] INFO  server.AuthenticationFilter (AuthenticationFilter.java:constructSecretProvider(240)) - Unable to initialize FileSignerSecretProvider, falling back to use random secrets.
2019-09-01 05:36:03,024 [main] WARN  http.HttpRequestLog (HttpRequestLog.java:getRequestLog(97)) - Jetty request log can only be enabled using Log4j
2019-09-01 05:36:03,025 [main] INFO  http.HttpServer2 (HttpServer2.java:addGlobalFilter(975)) - Added global filter 'safety' (class=org.apache.hadoop.http.HttpServer2$QuotingInputFilter)
2019-09-01 05:36:03,026 [main] INFO  http.HttpServer2 (HttpServer2.java:addFilter(948)) - Added filter static_user_filter (class=org.apache.hadoop.http.lib.StaticUserWebFilter$StaticUserFilter) to context hddsDatanode
2019-09-01 05:36:03,026 [main] INFO  http.HttpServer2 (HttpServer2.java:addFilter(958)) - Added filter static_user_filter (class=org.apache.hadoop.http.lib.StaticUserWebFilter$StaticUserFilter) to context logs
2019-09-01 05:36:03,026 [main] INFO  http.HttpServer2 (HttpServer2.java:addFilter(958)) - Added filter static_user_filter (class=org.apache.hadoop.http.lib.StaticUserWebFilter$StaticUserFilter) to context static
2019-09-01 05:36:03,027 [main] INFO  http.HttpServer2 (HttpServer2.java:bindListener(1191)) - Jetty bound to port 33144
2019-09-01 05:36:03,027 [main] INFO  server.Server (Server.java:doStart(351)) - jetty-9.3.24.v20180605, build timestamp: 2018-06-05T17:11:56Z, git hash: 84205aa28f11a4f31f2a3b86d1bba2cc8ab69827
2019-09-01 05:36:03,028 [main] INFO  handler.ContextHandler (ContextHandler.java:doStart(781)) - Started o.e.j.s.ServletContextHandler@3f0ce0d1{/logs,file:///workdir/hadoop-ozone/integration-test/target/log,AVAILABLE}
2019-09-01 05:36:03,029 [main] INFO  handler.ContextHandler (ContextHandler.java:doStart(781)) - Started o.e.j.s.ServletContextHandler@1491cd6c{/static,jar:file:/home/user/.m2/repository/org/apache/hadoop/hadoop-hdds-container-service/0.5.0-SNAPSHOT/hadoop-hdds-container-service-0.5.0-SNAPSHOT.jar!/webapps/static,AVAILABLE}
2019-09-01 05:36:03,062 [main] INFO  handler.ContextHandler (ContextHandler.java:doStart(781)) - Started o.e.j.w.WebAppContext@24691c5{/,file:///tmp/jetty-0.0.0.0-33144-hddsDatanode-_-any-7499497548705766977.dir/webapp/,AVAILABLE}{/hddsDatanode}
2019-09-01 05:36:03,063 [main] INFO  server.AbstractConnector (AbstractConnector.java:doStart(278)) - Started ServerConnector@7b91d9f{HTTP/1.1,[http/1.1]}{0.0.0.0:33144}
2019-09-01 05:36:03,066 [main] INFO  server.Server (Server.java:doStart(419)) - Started @637538ms
2019-09-01 05:36:03,066 [main] WARN  impl.MetricsSystemImpl (MetricsSystemImpl.java:register(276)) - Sink prometheus already exists!
2019-09-01 05:36:03,067 [main] INFO  server.BaseHttpServer (BaseHttpServer.java:updateConnectorAddress(215)) - HTTP server of HDDSDATANODE is listening at http://0.0.0.0:33144
2019-09-01 05:36:03,068 [main] INFO  impl.MetricsSystemImpl (MetricsSystemImpl.java:init(158)) - HddsDatanode metrics system started (again)
2019-09-01 05:36:03,071 [org.apache.hadoop.util.JvmPauseMonitor$Monitor@2968a338] INFO  util.JvmPauseMonitor (JvmPauseMonitor.java:run(188)) - Starting JVM pause monitor
2019-09-01 05:36:03,072 [main] INFO  ozone.HddsDatanodeService (HddsDatanodeService.java:start(184)) - HddsDatanodeService host:trunk-nightly-20190901-gkzrd-4143273587 ip:192.168.36.91
2019-09-01 05:36:03,072 [Datanode State Machine Thread - 0] INFO  datanode.InitDatanodeState (InitDatanodeState.java:persistContainerDatanodeDetails(140)) - DatanodeDetails is persisted to /workdir/hadoop-ozone/integration-test/target/test-dir/MiniOzoneClusterImpl-321653a8-8d1f-4dd6-a653-78f44973ed1e/datanode-5/meta/datanode.id
2019-09-01 05:36:03,078 [main] INFO  volume.HddsVolume (HddsVolume.java:<init>(176)) - Creating Volume: /workdir/hadoop-ozone/integration-test/target/test-dir/MiniOzoneClusterImpl-321653a8-8d1f-4dd6-a653-78f44973ed1e/datanode-6/data/containers/hdds of  storage type : DISK and capacity : 1482555576320
2019-09-01 05:36:03,079 [main] INFO  volume.VolumeSet (VolumeSet.java:initializeVolumeSet(170)) - Added Volume : /workdir/hadoop-ozone/integration-test/target/test-dir/MiniOzoneClusterImpl-321653a8-8d1f-4dd6-a653-78f44973ed1e/datanode-6/data/containers/hdds to VolumeSet
2019-09-01 05:36:03,079 [main] INFO  volume.ThrottledAsyncChecker (ThrottledAsyncChecker.java:schedule(140)) - Scheduling a check for org.apache.hadoop.ozone.container.common.volume.HddsVolume@38c460e8
2019-09-01 05:36:03,079 [main] INFO  volume.HddsVolumeChecker (HddsVolumeChecker.java:checkAllVolumes(203)) - Scheduled health check for volume org.apache.hadoop.ozone.container.common.volume.HddsVolume@38c460e8
2019-09-01 05:36:03,093 [main] INFO  impl.RaftServerProxy (ConfUtils.java:logGet(43)) - raft.rpc.type = GRPC (default)
2019-09-01 05:36:03,093 [main] INFO  grpc.GrpcFactory (GrpcFactory.java:checkPooledByteBufAllocatorUseCacheForAllThreads(45)) - PERFORMANCE WARNING: useCacheForAllThreads is true that may cause Netty to create a lot garbage objects and, as a result, trigger GC.
	It is recommended to disable useCacheForAllThreads by setting -Dorg.apache.ratis.thirdparty.io.netty.allocator.useCacheForAllThreads=false in command line.
2019-09-01 05:36:03,093 [main] INFO  grpc.GrpcConfigKeys$Server (ConfUtils.java:logGet(43)) - raft.grpc.server.port = 0 (default)
2019-09-01 05:36:03,094 [main] INFO  server.GrpcService (ConfUtils.java:logGet(43)) - raft.grpc.message.size.max = 33570816 (custom)
2019-09-01 05:36:03,094 [main] INFO  server.RaftServerConfigKeys (ConfUtils.java:logGet(43)) - raft.server.log.appender.buffer.byte-limit = 33554432 (custom)
2019-09-01 05:36:03,094 [main] INFO  server.GrpcService (ConfUtils.java:logGet(43)) - raft.grpc.flow.control.window = 1MB (=1048576) (default)
2019-09-01 05:36:03,094 [main] INFO  server.RaftServerConfigKeys (ConfUtils.java:logGet(43)) - raft.server.rpc.request.timeout = 3000ms (default)
2019-09-01 05:36:03,095 [main] INFO  server.RaftServerConfigKeys (ConfUtils.java:logGet(43)) - raft.server.storage.dir = [/workdir/hadoop-ozone/integration-test/target/test-dir/MiniOzoneClusterImpl-321653a8-8d1f-4dd6-a653-78f44973ed1e/datanode-6/data/ratis] (custom)
2019-09-01 05:36:03,096 [main] INFO  hdfs.DFSUtil (DFSUtil.java:httpServerTemplateForNNAndJN(1641)) - Starting Web-server for hddsDatanode at: http://0.0.0.0:0
2019-09-01 05:36:03,097 [main] INFO  server.AuthenticationFilter (AuthenticationFilter.java:constructSecretProvider(240)) - Unable to initialize FileSignerSecretProvider, falling back to use random secrets.
2019-09-01 05:36:03,098 [main] WARN  http.HttpRequestLog (HttpRequestLog.java:getRequestLog(97)) - Jetty request log can only be enabled using Log4j
2019-09-01 05:36:03,099 [main] INFO  http.HttpServer2 (HttpServer2.java:addGlobalFilter(975)) - Added global filter 'safety' (class=org.apache.hadoop.http.HttpServer2$QuotingInputFilter)
2019-09-01 05:36:03,100 [main] INFO  http.HttpServer2 (HttpServer2.java:addFilter(948)) - Added filter static_user_filter (class=org.apache.hadoop.http.lib.StaticUserWebFilter$StaticUserFilter) to context hddsDatanode
2019-09-01 05:36:03,100 [main] INFO  http.HttpServer2 (HttpServer2.java:addFilter(958)) - Added filter static_user_filter (class=org.apache.hadoop.http.lib.StaticUserWebFilter$StaticUserFilter) to context static
2019-09-01 05:36:03,100 [main] INFO  http.HttpServer2 (HttpServer2.java:addFilter(958)) - Added filter static_user_filter (class=org.apache.hadoop.http.lib.StaticUserWebFilter$StaticUserFilter) to context logs
2019-09-01 05:36:03,101 [main] INFO  http.HttpServer2 (HttpServer2.java:bindListener(1191)) - Jetty bound to port 46183
2019-09-01 05:36:03,101 [main] INFO  server.Server (Server.java:doStart(351)) - jetty-9.3.24.v20180605, build timestamp: 2018-06-05T17:11:56Z, git hash: 84205aa28f11a4f31f2a3b86d1bba2cc8ab69827
2019-09-01 05:36:03,102 [main] INFO  handler.ContextHandler (ContextHandler.java:doStart(781)) - Started o.e.j.s.ServletContextHandler@3b6c2be6{/logs,file:///workdir/hadoop-ozone/integration-test/target/log,AVAILABLE}
2019-09-01 05:36:03,103 [main] INFO  handler.ContextHandler (ContextHandler.java:doStart(781)) - Started o.e.j.s.ServletContextHandler@26d0ece6{/static,jar:file:/home/user/.m2/repository/org/apache/hadoop/hadoop-hdds-container-service/0.5.0-SNAPSHOT/hadoop-hdds-container-service-0.5.0-SNAPSHOT.jar!/webapps/static,AVAILABLE}
2019-09-01 05:36:03,129 [main] INFO  handler.ContextHandler (ContextHandler.java:doStart(781)) - Started o.e.j.w.WebAppContext@19eea77c{/,file:///tmp/jetty-0.0.0.0-46183-hddsDatanode-_-any-2742714547602049724.dir/webapp/,AVAILABLE}{/hddsDatanode}
2019-09-01 05:36:03,130 [main] INFO  server.AbstractConnector (AbstractConnector.java:doStart(278)) - Started ServerConnector@6682e6a5{HTTP/1.1,[http/1.1]}{0.0.0.0:46183}
2019-09-01 05:36:03,130 [main] INFO  server.Server (Server.java:doStart(419)) - Started @637602ms
2019-09-01 05:36:03,132 [main] WARN  impl.MetricsSystemImpl (MetricsSystemImpl.java:register(276)) - Sink prometheus already exists!
2019-09-01 05:36:03,132 [main] INFO  server.BaseHttpServer (BaseHttpServer.java:updateConnectorAddress(215)) - HTTP server of HDDSDATANODE is listening at http://0.0.0.0:46183
2019-09-01 05:36:03,133 [main] INFO  ozone.MiniOzoneClusterImpl (MiniOzoneClusterImpl.java:lambda$waitForClusterToBeReady$0(140)) - Waiting for cluster to be ready. Got 0 of 7 DN Heartbeats.
2019-09-01 05:36:03,134 [org.apache.hadoop.util.JvmPauseMonitor$Monitor@44c41576] INFO  util.JvmPauseMonitor (JvmPauseMonitor.java:run(188)) - Starting JVM pause monitor
2019-09-01 05:36:03,135 [Datanode State Machine Thread - 0] INFO  datanode.InitDatanodeState (InitDatanodeState.java:persistContainerDatanodeDetails(140)) - DatanodeDetails is persisted to /workdir/hadoop-ozone/integration-test/target/test-dir/MiniOzoneClusterImpl-321653a8-8d1f-4dd6-a653-78f44973ed1e/datanode-6/meta/datanode.id
2019-09-01 05:36:04,133 [main] INFO  ozone.MiniOzoneClusterImpl (MiniOzoneClusterImpl.java:lambda$waitForClusterToBeReady$0(140)) - Waiting for cluster to be ready. Got 0 of 7 DN Heartbeats.
2019-09-01 05:36:04,317 [Datanode State Machine Thread - 0] INFO  ozoneimpl.OzoneContainer (OzoneContainer.java:start(201)) - Attempting to start container services.
2019-09-01 05:36:04,317 [Datanode State Machine Thread - 0] INFO  ozoneimpl.OzoneContainer (OzoneContainer.java:startContainerScrub(175)) - Background container scrubber has been disabled by hdds.containerscrub.enabled
2019-09-01 05:36:04,318 [Datanode State Machine Thread - 0] INFO  ratis.XceiverServerRatis (XceiverServerRatis.java:start(393)) - Starting XceiverServerRatis 9ed047e0-6800-4801-bfd0-fb58a65bdb17 at port 0
2019-09-01 05:36:04,325 [Datanode State Machine Thread - 0] INFO  impl.RaftServerProxy (RaftServerProxy.java:lambda$start$3(299)) - 9ed047e0-6800-4801-bfd0-fb58a65bdb17: start RPC server
2019-09-01 05:36:04,333 [Datanode State Machine Thread - 0] INFO  server.GrpcService (GrpcService.java:startImpl(149)) - 9ed047e0-6800-4801-bfd0-fb58a65bdb17: GrpcService started, listening on 0.0.0.0/0.0.0.0:41400
2019-09-01 05:36:04,333 [Datanode State Machine Thread - 0] INFO  ratis.XceiverServerRatis (XceiverServerRatis.java:start(403)) - XceiverServerRatis 9ed047e0-6800-4801-bfd0-fb58a65bdb17 is started using port 41400
2019-09-01 05:36:04,334 [Datanode State Machine Thread - 0] INFO  server.XceiverServerGrpc (XceiverServerGrpc.java:start(163)) - XceiverServerGrpc 9ed047e0-6800-4801-bfd0-fb58a65bdb17 is started using port 33986
2019-09-01 05:36:04,386 [Datanode State Machine Thread - 0] INFO  ozoneimpl.OzoneContainer (OzoneContainer.java:start(201)) - Attempting to start container services.
2019-09-01 05:36:04,386 [Datanode State Machine Thread - 0] INFO  ozoneimpl.OzoneContainer (OzoneContainer.java:startContainerScrub(175)) - Background container scrubber has been disabled by hdds.containerscrub.enabled
2019-09-01 05:36:04,386 [Datanode State Machine Thread - 0] INFO  ratis.XceiverServerRatis (XceiverServerRatis.java:start(393)) - Starting XceiverServerRatis 9b3dd7f4-91cd-47fd-a215-72ecb837dc75 at port 0
2019-09-01 05:36:04,391 [Datanode State Machine Thread - 0] INFO  impl.RaftServerProxy (RaftServerProxy.java:lambda$start$3(299)) - 9b3dd7f4-91cd-47fd-a215-72ecb837dc75: start RPC server
2019-09-01 05:36:04,392 [Datanode State Machine Thread - 0] INFO  server.GrpcService (GrpcService.java:startImpl(149)) - 9b3dd7f4-91cd-47fd-a215-72ecb837dc75: GrpcService started, listening on 0.0.0.0/0.0.0.0:34713
2019-09-01 05:36:04,393 [Datanode State Machine Thread - 0] INFO  ratis.XceiverServerRatis (XceiverServerRatis.java:start(403)) - XceiverServerRatis 9b3dd7f4-91cd-47fd-a215-72ecb837dc75 is started using port 34713
2019-09-01 05:36:04,393 [Datanode State Machine Thread - 0] INFO  server.XceiverServerGrpc (XceiverServerGrpc.java:start(163)) - XceiverServerGrpc 9b3dd7f4-91cd-47fd-a215-72ecb837dc75 is started using port 34974
2019-09-01 05:36:04,829 [Datanode State Machine Thread - 0] INFO  ozoneimpl.OzoneContainer (OzoneContainer.java:start(201)) - Attempting to start container services.
2019-09-01 05:36:04,829 [Datanode State Machine Thread - 0] INFO  ozoneimpl.OzoneContainer (OzoneContainer.java:startContainerScrub(175)) - Background container scrubber has been disabled by hdds.containerscrub.enabled
2019-09-01 05:36:04,829 [Datanode State Machine Thread - 0] INFO  ratis.XceiverServerRatis (XceiverServerRatis.java:start(393)) - Starting XceiverServerRatis 6ec88abe-3aa0-4cdc-bd94-b96ed0fe04dc at port 0
2019-09-01 05:36:04,835 [Datanode State Machine Thread - 0] INFO  impl.RaftServerProxy (RaftServerProxy.java:lambda$start$3(299)) - 6ec88abe-3aa0-4cdc-bd94-b96ed0fe04dc: start RPC server
2019-09-01 05:36:04,836 [Datanode State Machine Thread - 0] INFO  server.GrpcService (GrpcService.java:startImpl(149)) - 6ec88abe-3aa0-4cdc-bd94-b96ed0fe04dc: GrpcService started, listening on 0.0.0.0/0.0.0.0:40580
2019-09-01 05:36:04,836 [Datanode State Machine Thread - 0] INFO  ratis.XceiverServerRatis (XceiverServerRatis.java:start(403)) - XceiverServerRatis 6ec88abe-3aa0-4cdc-bd94-b96ed0fe04dc is started using port 40580
2019-09-01 05:36:04,837 [Datanode State Machine Thread - 0] INFO  server.XceiverServerGrpc (XceiverServerGrpc.java:start(163)) - XceiverServerGrpc 6ec88abe-3aa0-4cdc-bd94-b96ed0fe04dc is started using port 33719
2019-09-01 05:36:04,947 [Datanode State Machine Thread - 0] INFO  ozoneimpl.OzoneContainer (OzoneContainer.java:start(201)) - Attempting to start container services.
2019-09-01 05:36:04,947 [Datanode State Machine Thread - 0] INFO  ozoneimpl.OzoneContainer (OzoneContainer.java:startContainerScrub(175)) - Background container scrubber has been disabled by hdds.containerscrub.enabled
2019-09-01 05:36:04,947 [Datanode State Machine Thread - 0] INFO  ratis.XceiverServerRatis (XceiverServerRatis.java:start(393)) - Starting XceiverServerRatis cf674907-dece-4092-b393-45c73bb01958 at port 0
2019-09-01 05:36:04,953 [Datanode State Machine Thread - 0] INFO  impl.RaftServerProxy (RaftServerProxy.java:lambda$start$3(299)) - cf674907-dece-4092-b393-45c73bb01958: start RPC server
2019-09-01 05:36:04,954 [Datanode State Machine Thread - 0] INFO  server.GrpcService (GrpcService.java:startImpl(149)) - cf674907-dece-4092-b393-45c73bb01958: GrpcService started, listening on 0.0.0.0/0.0.0.0:45960
2019-09-01 05:36:04,954 [Datanode State Machine Thread - 0] INFO  ratis.XceiverServerRatis (XceiverServerRatis.java:start(403)) - XceiverServerRatis cf674907-dece-4092-b393-45c73bb01958 is started using port 45960
2019-09-01 05:36:04,954 [Datanode State Machine Thread - 0] INFO  server.XceiverServerGrpc (XceiverServerGrpc.java:start(163)) - XceiverServerGrpc cf674907-dece-4092-b393-45c73bb01958 is started using port 45028
2019-09-01 05:36:05,012 [Datanode State Machine Thread - 0] INFO  ozoneimpl.OzoneContainer (OzoneContainer.java:start(201)) - Attempting to start container services.
2019-09-01 05:36:05,012 [Datanode State Machine Thread - 0] INFO  ozoneimpl.OzoneContainer (OzoneContainer.java:startContainerScrub(175)) - Background container scrubber has been disabled by hdds.containerscrub.enabled
2019-09-01 05:36:05,012 [Datanode State Machine Thread - 0] INFO  ratis.XceiverServerRatis (XceiverServerRatis.java:start(393)) - Starting XceiverServerRatis b4827cc5-e6d4-40a4-bd7a-ab968f420f26 at port 0
2019-09-01 05:36:05,017 [Datanode State Machine Thread - 0] INFO  impl.RaftServerProxy (RaftServerProxy.java:lambda$start$3(299)) - b4827cc5-e6d4-40a4-bd7a-ab968f420f26: start RPC server
2019-09-01 05:36:05,018 [Datanode State Machine Thread - 0] INFO  server.GrpcService (GrpcService.java:startImpl(149)) - b4827cc5-e6d4-40a4-bd7a-ab968f420f26: GrpcService started, listening on 0.0.0.0/0.0.0.0:46458
2019-09-01 05:36:05,018 [Datanode State Machine Thread - 0] INFO  ratis.XceiverServerRatis (XceiverServerRatis.java:start(403)) - XceiverServerRatis b4827cc5-e6d4-40a4-bd7a-ab968f420f26 is started using port 46458
2019-09-01 05:36:05,018 [Datanode State Machine Thread - 0] INFO  server.XceiverServerGrpc (XceiverServerGrpc.java:start(163)) - XceiverServerGrpc b4827cc5-e6d4-40a4-bd7a-ab968f420f26 is started using port 32926
2019-09-01 05:36:05,117 [Datanode State Machine Thread - 0] INFO  ozoneimpl.OzoneContainer (OzoneContainer.java:start(201)) - Attempting to start container services.
2019-09-01 05:36:05,117 [Datanode State Machine Thread - 0] INFO  ozoneimpl.OzoneContainer (OzoneContainer.java:startContainerScrub(175)) - Background container scrubber has been disabled by hdds.containerscrub.enabled
2019-09-01 05:36:05,118 [Datanode State Machine Thread - 0] INFO  ratis.XceiverServerRatis (XceiverServerRatis.java:start(393)) - Starting XceiverServerRatis 3bf717c5-51ea-4d54-aafc-6388feca3bed at port 0
2019-09-01 05:36:05,123 [Datanode State Machine Thread - 0] INFO  impl.RaftServerProxy (RaftServerProxy.java:lambda$start$3(299)) - 3bf717c5-51ea-4d54-aafc-6388feca3bed: start RPC server
2019-09-01 05:36:05,124 [Datanode State Machine Thread - 0] INFO  server.GrpcService (GrpcService.java:startImpl(149)) - 3bf717c5-51ea-4d54-aafc-6388feca3bed: GrpcService started, listening on 0.0.0.0/0.0.0.0:46634
2019-09-01 05:36:05,124 [Datanode State Machine Thread - 0] INFO  ratis.XceiverServerRatis (XceiverServerRatis.java:start(403)) - XceiverServerRatis 3bf717c5-51ea-4d54-aafc-6388feca3bed is started using port 46634
2019-09-01 05:36:05,125 [Datanode State Machine Thread - 0] INFO  server.XceiverServerGrpc (XceiverServerGrpc.java:start(163)) - XceiverServerGrpc 3bf717c5-51ea-4d54-aafc-6388feca3bed is started using port 36698
2019-09-01 05:36:05,133 [main] INFO  ozone.MiniOzoneClusterImpl (MiniOzoneClusterImpl.java:lambda$waitForClusterToBeReady$0(140)) - Waiting for cluster to be ready. Got 0 of 7 DN Heartbeats.
2019-09-01 05:36:05,173 [Datanode State Machine Thread - 0] INFO  ozoneimpl.OzoneContainer (OzoneContainer.java:start(201)) - Attempting to start container services.
2019-09-01 05:36:05,174 [Datanode State Machine Thread - 0] INFO  ozoneimpl.OzoneContainer (OzoneContainer.java:startContainerScrub(175)) - Background container scrubber has been disabled by hdds.containerscrub.enabled
2019-09-01 05:36:05,174 [Datanode State Machine Thread - 0] INFO  ratis.XceiverServerRatis (XceiverServerRatis.java:start(393)) - Starting XceiverServerRatis 98d58070-504e-4381-8607-140696a0bcab at port 0
2019-09-01 05:36:05,179 [Datanode State Machine Thread - 0] INFO  impl.RaftServerProxy (RaftServerProxy.java:lambda$start$3(299)) - 98d58070-504e-4381-8607-140696a0bcab: start RPC server
2019-09-01 05:36:05,183 [Datanode State Machine Thread - 0] INFO  server.GrpcService (GrpcService.java:startImpl(149)) - 98d58070-504e-4381-8607-140696a0bcab: GrpcService started, listening on 0.0.0.0/0.0.0.0:36578
2019-09-01 05:36:05,183 [Datanode State Machine Thread - 0] INFO  ratis.XceiverServerRatis (XceiverServerRatis.java:start(403)) - XceiverServerRatis 98d58070-504e-4381-8607-140696a0bcab is started using port 36578
2019-09-01 05:36:05,184 [Datanode State Machine Thread - 0] INFO  server.XceiverServerGrpc (XceiverServerGrpc.java:start(163)) - XceiverServerGrpc 98d58070-504e-4381-8607-140696a0bcab is started using port 36608
2019-09-01 05:36:06,134 [main] INFO  ozone.MiniOzoneClusterImpl (MiniOzoneClusterImpl.java:lambda$waitForClusterToBeReady$0(140)) - Waiting for cluster to be ready. Got 0 of 7 DN Heartbeats.
2019-09-01 05:36:06,298 [IPC Server handler 14 on 38907] INFO  net.NetworkTopology (NetworkTopologyImpl.java:add(110)) - Added a new node: /default-rack/9ed047e0-6800-4801-bfd0-fb58a65bdb17
2019-09-01 05:36:06,299 [IPC Server handler 14 on 38907] INFO  node.SCMNodeManager (SCMNodeManager.java:register(266)) - Registered Data node : 9ed047e0-6800-4801-bfd0-fb58a65bdb17{ip: 192.168.36.91, host: trunk-nightly-20190901-gkzrd-4143273587, networkLocation: /default-rack, certSerialId: null}
2019-09-01 05:36:06,301 [EventQueue-NodeRegistrationContainerReportForDataNodeSafeModeRule] INFO  safemode.SCMSafeModeManager (DataNodeSafeModeRule.java:process(71)) - SCM in safe mode. 1 DataNodes registered, 1 required.
2019-09-01 05:36:06,304 [EventQueue-NodeRegistrationContainerReportForDataNodeSafeModeRule] INFO  safemode.SCMSafeModeManager (SCMSafeModeManager.java:validateSafeModeExitRules(177)) - ScmSafeModeManager, all rules are successfully validated
2019-09-01 05:36:06,304 [EventQueue-NodeRegistrationContainerReportForDataNodeSafeModeRule] INFO  safemode.SCMSafeModeManager (SCMSafeModeManager.java:exitSafeMode(193)) - SCM exiting safe mode.
2019-09-01 05:36:06,349 [grpc-default-executor-15] INFO  impl.RaftServerProxy (RaftServerProxy.java:addNew(89)) - 9ed047e0-6800-4801-bfd0-fb58a65bdb17: addNew group-EF9B54071A8C:[9ed047e0-6800-4801-bfd0-fb58a65bdb17:192.168.36.91:41400] returns group-EF9B54071A8C:java.util.concurrent.CompletableFuture@1f2198a6[Not completed]
2019-09-01 05:36:06,351 [pool-499-thread-1] INFO  impl.RaftServerImpl (RaftServerImpl.java:<init>(93)) - 9ed047e0-6800-4801-bfd0-fb58a65bdb17: new RaftServerImpl for group-EF9B54071A8C:[9ed047e0-6800-4801-bfd0-fb58a65bdb17:192.168.36.91:41400] with ContainerStateMachine:uninitialized
2019-09-01 05:36:06,351 [pool-499-thread-1] INFO  server.RaftServerConfigKeys (ConfUtils.java:logGet(43)) - raft.server.rpc.timeout.min = 5s (custom)
2019-09-01 05:36:06,351 [pool-499-thread-1] INFO  server.RaftServerConfigKeys (ConfUtils.java:logGet(43)) - raft.server.rpc.timeout.max = 5200ms (custom)
2019-09-01 05:36:06,351 [pool-499-thread-1] INFO  server.RaftServerConfigKeys (ConfUtils.java:logGet(43)) - raft.server.rpcslowness.timeout = 120s (custom)
2019-09-01 05:36:06,351 [pool-499-thread-1] INFO  server.RaftServerConfigKeys (ConfUtils.java:logGet(43)) - raft.server.sleep.deviation.threshold = 300 (default)
2019-09-01 05:36:06,351 [pool-499-thread-1] INFO  server.RaftServerConfigKeys (ConfUtils.java:logGet(43)) - raft.server.log.appender.install.snapshot.enabled = false (custom)
2019-09-01 05:36:06,352 [pool-499-thread-1] INFO  impl.RaftServerImpl (ServerState.java:<init>(105)) - 9ed047e0-6800-4801-bfd0-fb58a65bdb17:group-EF9B54071A8C ConfigurationManager, init=-1: [9ed047e0-6800-4801-bfd0-fb58a65bdb17:192.168.36.91:41400], old=null, confs=<EMPTY_MAP>
2019-09-01 05:36:06,352 [pool-499-thread-1] INFO  server.RaftServerConfigKeys (ConfUtils.java:logGet(43)) - raft.server.storage.dir = [/workdir/hadoop-ozone/integration-test/target/test-dir/MiniOzoneClusterImpl-321653a8-8d1f-4dd6-a653-78f44973ed1e/datanode-0/data/ratis] (custom)
2019-09-01 05:36:06,352 [pool-499-thread-1] INFO  storage.RaftStorageDirectory (RaftStorageDirectory.java:analyzeStorage(246)) - The storage directory /workdir/hadoop-ozone/integration-test/target/test-dir/MiniOzoneClusterImpl-321653a8-8d1f-4dd6-a653-78f44973ed1e/datanode-0/data/ratis/8e51f005-929a-439a-933b-ef9b54071a8c does not exist. Creating ...
2019-09-01 05:36:06,364 [IPC Server handler 13 on 38907] INFO  net.NetworkTopology (NetworkTopologyImpl.java:add(110)) - Added a new node: /default-rack/9b3dd7f4-91cd-47fd-a215-72ecb837dc75
2019-09-01 05:36:06,365 [IPC Server handler 13 on 38907] INFO  node.SCMNodeManager (SCMNodeManager.java:register(266)) - Registered Data node : 9b3dd7f4-91cd-47fd-a215-72ecb837dc75{ip: 192.168.36.91, host: trunk-nightly-20190901-gkzrd-4143273587, networkLocation: /default-rack, certSerialId: null}
2019-09-01 05:36:06,406 [pool-499-thread-1] INFO  storage.RaftStorageDirectory (RaftStorageDirectory.java:tryLock(328)) - Lock on /workdir/hadoop-ozone/integration-test/target/test-dir/MiniOzoneClusterImpl-321653a8-8d1f-4dd6-a653-78f44973ed1e/datanode-0/data/ratis/8e51f005-929a-439a-933b-ef9b54071a8c/in_use.lock acquired by nodename 23283@trunk-nightly-20190901-gkzrd-4143273587
2019-09-01 05:36:06,422 [pool-499-thread-1] INFO  storage.RaftStorage (RaftStorage.java:format(72)) - Storage directory /workdir/hadoop-ozone/integration-test/target/test-dir/MiniOzoneClusterImpl-321653a8-8d1f-4dd6-a653-78f44973ed1e/datanode-0/data/ratis/8e51f005-929a-439a-933b-ef9b54071a8c has been successfully formatted.
2019-09-01 05:36:06,423 [pool-499-thread-1] INFO  ratis.ContainerStateMachine (ContainerStateMachine.java:loadSnapshot(227)) - group-EF9B54071A8C: The snapshot info is null. Setting the last applied indexto:(t:0, i:~)
2019-09-01 05:36:06,423 [pool-499-thread-1] INFO  server.RaftServerConfigKeys (ConfUtils.java:logGet(43)) - raft.server.leader.election.timeout = 120s (custom)
2019-09-01 05:36:06,423 [pool-499-thread-1] INFO  server.RaftServerConfigKeys (ConfUtils.java:logGet(43)) - raft.server.log.use.memory = false (default)
2019-09-01 05:36:06,423 [pool-499-thread-1] INFO  server.RaftServerConfigKeys (ConfUtils.java:logGet(43)) - raft.server.log.purge.gap = 1000000 (custom)
2019-09-01 05:36:06,423 [pool-499-thread-1] INFO  server.RaftServerConfigKeys (ConfUtils.java:logGet(43)) - raft.server.log.appender.buffer.byte-limit = 33554432 (custom)
2019-09-01 05:36:06,423 [pool-499-thread-1] INFO  server.RaftServerConfigKeys (ConfUtils.java:logGet(43)) - raft.server.log.segment.size.max = 1048576 (custom)
2019-09-01 05:36:06,423 [pool-499-thread-1] INFO  server.RaftServerConfigKeys (ConfUtils.java:logGet(43)) - raft.server.log.segment.cache.num.max = 2 (custom)
2019-09-01 05:36:06,423 [pool-499-thread-1] INFO  segmented.SegmentedRaftLogWorker (SegmentedRaftLogWorker.java:<init>(172)) - new 9ed047e0-6800-4801-bfd0-fb58a65bdb17-SegmentedRaftLogWorker:Storage Directory /workdir/hadoop-ozone/integration-test/target/test-dir/MiniOzoneClusterImpl-321653a8-8d1f-4dd6-a653-78f44973ed1e/datanode-0/data/ratis/8e51f005-929a-439a-933b-ef9b54071a8c for RaftStorage:Storage Directory /workdir/hadoop-ozone/integration-test/target/test-dir/MiniOzoneClusterImpl-321653a8-8d1f-4dd6-a653-78f44973ed1e/datanode-0/data/ratis/8e51f005-929a-439a-933b-ef9b54071a8c
2019-09-01 05:36:06,424 [pool-499-thread-1] INFO  server.RaftServerConfigKeys (ConfUtils.java:logGet(43)) - raft.server.log.queue.byte-limit = 2147483647 (custom)
2019-09-01 05:36:06,424 [pool-499-thread-1] INFO  server.RaftServerConfigKeys (ConfUtils.java:logGet(43)) - raft.server.log.queue.element-limit = 1024 (custom)
2019-09-01 05:36:06,424 [pool-499-thread-1] INFO  server.RaftServerConfigKeys (ConfUtils.java:logGet(43)) - raft.server.log.segment.size.max = 1048576 (custom)
2019-09-01 05:36:06,424 [pool-499-thread-1] INFO  server.RaftServerConfigKeys (ConfUtils.java:logGet(43)) - raft.server.log.preallocated.size = 16384 (custom)
2019-09-01 05:36:06,424 [pool-499-thread-1] INFO  server.RaftServerConfigKeys (ConfUtils.java:logGet(43)) - raft.server.log.write.buffer.size = 33554432 (custom)
2019-09-01 05:36:06,424 [pool-499-thread-1] INFO  server.RaftServerConfigKeys (ConfUtils.java:logGet(43)) - raft.server.log.force.sync.num = 128 (default)
2019-09-01 05:36:06,424 [pool-499-thread-1] INFO  server.RaftServerConfigKeys (ConfUtils.java:logGet(43)) - raft.server.log.statemachine.data.sync = true (default)
2019-09-01 05:36:06,424 [pool-499-thread-1] INFO  server.RaftServerConfigKeys (ConfUtils.java:logGet(43)) - raft.server.log.statemachine.data.sync.timeout = 10s (default)
2019-09-01 05:36:06,424 [pool-499-thread-1] INFO  server.RaftServerConfigKeys (ConfUtils.java:logGet(43)) - raft.server.log.statemachine.data.sync.timeout.retry = -1 (default)
2019-09-01 05:36:06,425 [pool-499-thread-1] INFO  server.RaftServerConfigKeys (ConfUtils.java:logGet(43)) - raft.server.log.statemachine.data.caching.enabled = true (custom)
2019-09-01 05:36:06,425 [pool-499-thread-1] INFO  segmented.SegmentedRaftLogWorker (SegmentedRaftLogWorker.java:lambda$new$0(132)) - 9ed047e0-6800-4801-bfd0-fb58a65bdb17-SegmentedRaftLogWorker:Storage Directory /workdir/hadoop-ozone/integration-test/target/test-dir/MiniOzoneClusterImpl-321653a8-8d1f-4dd6-a653-78f44973ed1e/datanode-0/data/ratis/8e51f005-929a-439a-933b-ef9b54071a8c: flushIndex: setUnconditionally 0 -> -1
2019-09-01 05:36:06,425 [pool-499-thread-1] INFO  server.RaftServerConfigKeys (ConfUtils.java:logGet(43)) - raft.server.snapshot.auto.trigger.enabled = true (custom)
2019-09-01 05:36:06,425 [pool-499-thread-1] INFO  server.RaftServerConfigKeys (ConfUtils.java:logGet(43)) - raft.server.snapshot.auto.trigger.threshold = 10000 (custom)
2019-09-01 05:36:06,425 [pool-499-thread-1] INFO  server.RaftServerConfigKeys (ConfUtils.java:logGet(43)) - raft.server.retrycache.expirytime = 600000ms (custom)
2019-09-01 05:36:06,426 [pool-499-thread-1] INFO  impl.RaftServerImpl (RaftServerImpl.java:start(180)) - 9ed047e0-6800-4801-bfd0-fb58a65bdb17: start group-EF9B54071A8C
2019-09-01 05:36:06,426 [pool-499-thread-1] INFO  impl.RaftServerImpl (RaftServerImpl.java:setRole(171)) - 9ed047e0-6800-4801-bfd0-fb58a65bdb17:group-EF9B54071A8C changes role from null to FOLLOWER at term 0 for startAsFollower
2019-09-01 05:36:06,426 [pool-499-thread-1] INFO  impl.RoleInfo (RoleInfo.java:updateAndGet(143)) - 9ed047e0-6800-4801-bfd0-fb58a65bdb17: start FollowerState
2019-09-01 05:36:06,426 [pool-499-thread-1] INFO  util.JmxRegister (JmxRegister.java:tryRegister(44)) - Successfully registered JMX Bean with object name Ratis:service=RaftServer,group=group-EF9B54071A8C,id=9ed047e0-6800-4801-bfd0-fb58a65bdb17
2019-09-01 05:36:06,428 [RatisPipelineUtilsThread] INFO  pipeline.PipelineStateManager (PipelineStateManager.java:addPipeline(56)) - Created pipeline Pipeline[ Id: 8e51f005-929a-439a-933b-ef9b54071a8c, Nodes: 9ed047e0-6800-4801-bfd0-fb58a65bdb17{ip: 192.168.36.91, host: trunk-nightly-20190901-gkzrd-4143273587, networkLocation: /default-rack, certSerialId: null}, Type:RATIS, Factor:ONE, State:OPEN]
2019-09-01 05:36:06,436 [grpc-default-executor-15] INFO  impl.RaftServerProxy (RaftServerProxy.java:addNew(89)) - 9b3dd7f4-91cd-47fd-a215-72ecb837dc75: addNew group-B990F2176190:[9b3dd7f4-91cd-47fd-a215-72ecb837dc75:192.168.36.91:34713] returns group-B990F2176190:java.util.concurrent.CompletableFuture@2664df23[Not completed]
2019-09-01 05:36:06,437 [pool-509-thread-1] INFO  impl.RaftServerImpl (RaftServerImpl.java:<init>(93)) - 9b3dd7f4-91cd-47fd-a215-72ecb837dc75: new RaftServerImpl for group-B990F2176190:[9b3dd7f4-91cd-47fd-a215-72ecb837dc75:192.168.36.91:34713] with ContainerStateMachine:uninitialized
2019-09-01 05:36:06,437 [pool-509-thread-1] INFO  server.RaftServerConfigKeys (ConfUtils.java:logGet(43)) - raft.server.rpc.timeout.min = 5s (custom)
2019-09-01 05:36:06,438 [pool-509-thread-1] INFO  server.RaftServerConfigKeys (ConfUtils.java:logGet(43)) - raft.server.rpc.timeout.max = 5200ms (custom)
2019-09-01 05:36:06,438 [pool-509-thread-1] INFO  server.RaftServerConfigKeys (ConfUtils.java:logGet(43)) - raft.server.rpcslowness.timeout = 120s (custom)
2019-09-01 05:36:06,438 [pool-509-thread-1] INFO  server.RaftServerConfigKeys (ConfUtils.java:logGet(43)) - raft.server.sleep.deviation.threshold = 300 (default)
2019-09-01 05:36:06,438 [pool-509-thread-1] INFO  server.RaftServerConfigKeys (ConfUtils.java:logGet(43)) - raft.server.log.appender.install.snapshot.enabled = false (custom)
2019-09-01 05:36:06,438 [pool-509-thread-1] INFO  impl.RaftServerImpl (ServerState.java:<init>(105)) - 9b3dd7f4-91cd-47fd-a215-72ecb837dc75:group-B990F2176190 ConfigurationManager, init=-1: [9b3dd7f4-91cd-47fd-a215-72ecb837dc75:192.168.36.91:34713], old=null, confs=<EMPTY_MAP>
2019-09-01 05:36:06,438 [pool-509-thread-1] INFO  server.RaftServerConfigKeys (ConfUtils.java:logGet(43)) - raft.server.storage.dir = [/workdir/hadoop-ozone/integration-test/target/test-dir/MiniOzoneClusterImpl-321653a8-8d1f-4dd6-a653-78f44973ed1e/datanode-1/data/ratis] (custom)
2019-09-01 05:36:06,439 [pool-509-thread-1] INFO  storage.RaftStorageDirectory (RaftStorageDirectory.java:analyzeStorage(246)) - The storage directory /workdir/hadoop-ozone/integration-test/target/test-dir/MiniOzoneClusterImpl-321653a8-8d1f-4dd6-a653-78f44973ed1e/datanode-1/data/ratis/e90bc4ff-f8c9-47f1-8bb6-b990f2176190 does not exist. Creating ...
2019-09-01 05:36:06,461 [pool-509-thread-1] INFO  storage.RaftStorageDirectory (RaftStorageDirectory.java:tryLock(328)) - Lock on /workdir/hadoop-ozone/integration-test/target/test-dir/MiniOzoneClusterImpl-321653a8-8d1f-4dd6-a653-78f44973ed1e/datanode-1/data/ratis/e90bc4ff-f8c9-47f1-8bb6-b990f2176190/in_use.lock acquired by nodename 23283@trunk-nightly-20190901-gkzrd-4143273587
2019-09-01 05:36:06,490 [pool-509-thread-1] INFO  storage.RaftStorage (RaftStorage.java:format(72)) - Storage directory /workdir/hadoop-ozone/integration-test/target/test-dir/MiniOzoneClusterImpl-321653a8-8d1f-4dd6-a653-78f44973ed1e/datanode-1/data/ratis/e90bc4ff-f8c9-47f1-8bb6-b990f2176190 has been successfully formatted.
2019-09-01 05:36:06,491 [pool-509-thread-1] INFO  ratis.ContainerStateMachine (ContainerStateMachine.java:loadSnapshot(227)) - group-B990F2176190: The snapshot info is null. Setting the last applied indexto:(t:0, i:~)
2019-09-01 05:36:06,491 [pool-509-thread-1] INFO  server.RaftServerConfigKeys (ConfUtils.java:logGet(43)) - raft.server.leader.election.timeout = 120s (custom)
2019-09-01 05:36:06,491 [pool-509-thread-1] INFO  server.RaftServerConfigKeys (ConfUtils.java:logGet(43)) - raft.server.log.use.memory = false (default)
2019-09-01 05:36:06,492 [pool-509-thread-1] INFO  server.RaftServerConfigKeys (ConfUtils.java:logGet(43)) - raft.server.log.purge.gap = 1000000 (custom)
2019-09-01 05:36:06,492 [pool-509-thread-1] INFO  server.RaftServerConfigKeys (ConfUtils.java:logGet(43)) - raft.server.log.appender.buffer.byte-limit = 33554432 (custom)
2019-09-01 05:36:06,492 [pool-509-thread-1] INFO  server.RaftServerConfigKeys (ConfUtils.java:logGet(43)) - raft.server.log.segment.size.max = 1048576 (custom)
2019-09-01 05:36:06,493 [pool-509-thread-1] INFO  server.RaftServerConfigKeys (ConfUtils.java:logGet(43)) - raft.server.log.segment.cache.num.max = 2 (custom)
2019-09-01 05:36:06,493 [pool-509-thread-1] INFO  segmented.SegmentedRaftLogWorker (SegmentedRaftLogWorker.java:<init>(172)) - new 9b3dd7f4-91cd-47fd-a215-72ecb837dc75-SegmentedRaftLogWorker:Storage Directory /workdir/hadoop-ozone/integration-test/target/test-dir/MiniOzoneClusterImpl-321653a8-8d1f-4dd6-a653-78f44973ed1e/datanode-1/data/ratis/e90bc4ff-f8c9-47f1-8bb6-b990f2176190 for RaftStorage:Storage Directory /workdir/hadoop-ozone/integration-test/target/test-dir/MiniOzoneClusterImpl-321653a8-8d1f-4dd6-a653-78f44973ed1e/datanode-1/data/ratis/e90bc4ff-f8c9-47f1-8bb6-b990f2176190
2019-09-01 05:36:06,493 [pool-509-thread-1] INFO  server.RaftServerConfigKeys (ConfUtils.java:logGet(43)) - raft.server.log.queue.byte-limit = 2147483647 (custom)
2019-09-01 05:36:06,493 [pool-509-thread-1] INFO  server.RaftServerConfigKeys (ConfUtils.java:logGet(43)) - raft.server.log.queue.element-limit = 1024 (custom)
2019-09-01 05:36:06,494 [pool-509-thread-1] INFO  server.RaftServerConfigKeys (ConfUtils.java:logGet(43)) - raft.server.log.segment.size.max = 1048576 (custom)
2019-09-01 05:36:06,494 [pool-509-thread-1] INFO  server.RaftServerConfigKeys (ConfUtils.java:logGet(43)) - raft.server.log.preallocated.size = 16384 (custom)
2019-09-01 05:36:06,494 [pool-509-thread-1] INFO  server.RaftServerConfigKeys (ConfUtils.java:logGet(43)) - raft.server.log.write.buffer.size = 33554432 (custom)
2019-09-01 05:36:06,495 [pool-509-thread-1] INFO  server.RaftServerConfigKeys (ConfUtils.java:logGet(43)) - raft.server.log.force.sync.num = 128 (default)
2019-09-01 05:36:06,495 [pool-509-thread-1] INFO  server.RaftServerConfigKeys (ConfUtils.java:logGet(43)) - raft.server.log.statemachine.data.sync = true (default)
2019-09-01 05:36:06,495 [pool-509-thread-1] INFO  server.RaftServerConfigKeys (ConfUtils.java:logGet(43)) - raft.server.log.statemachine.data.sync.timeout = 10s (default)
2019-09-01 05:36:06,495 [pool-509-thread-1] INFO  server.RaftServerConfigKeys (ConfUtils.java:logGet(43)) - raft.server.log.statemachine.data.sync.timeout.retry = -1 (default)
2019-09-01 05:36:06,496 [pool-509-thread-1] INFO  server.RaftServerConfigKeys (ConfUtils.java:logGet(43)) - raft.server.log.statemachine.data.caching.enabled = true (custom)
2019-09-01 05:36:06,496 [pool-509-thread-1] INFO  segmented.SegmentedRaftLogWorker (SegmentedRaftLogWorker.java:lambda$new$0(132)) - 9b3dd7f4-91cd-47fd-a215-72ecb837dc75-SegmentedRaftLogWorker:Storage Directory /workdir/hadoop-ozone/integration-test/target/test-dir/MiniOzoneClusterImpl-321653a8-8d1f-4dd6-a653-78f44973ed1e/datanode-1/data/ratis/e90bc4ff-f8c9-47f1-8bb6-b990f2176190: flushIndex: setUnconditionally 0 -> -1
2019-09-01 05:36:06,497 [pool-509-thread-1] INFO  server.RaftServerConfigKeys (ConfUtils.java:logGet(43)) - raft.server.snapshot.auto.trigger.enabled = true (custom)
2019-09-01 05:36:06,497 [pool-509-thread-1] INFO  server.RaftServerConfigKeys (ConfUtils.java:logGet(43)) - raft.server.snapshot.auto.trigger.threshold = 10000 (custom)
2019-09-01 05:36:06,497 [pool-509-thread-1] INFO  server.RaftServerConfigKeys (ConfUtils.java:logGet(43)) - raft.server.retrycache.expirytime = 600000ms (custom)
2019-09-01 05:36:06,498 [pool-509-thread-1] INFO  impl.RaftServerImpl (RaftServerImpl.java:start(180)) - 9b3dd7f4-91cd-47fd-a215-72ecb837dc75: start group-B990F2176190
2019-09-01 05:36:06,498 [pool-509-thread-1] INFO  impl.RaftServerImpl (RaftServerImpl.java:setRole(171)) - 9b3dd7f4-91cd-47fd-a215-72ecb837dc75:group-B990F2176190 changes role from null to FOLLOWER at term 0 for startAsFollower
2019-09-01 05:36:06,498 [pool-509-thread-1] INFO  impl.RoleInfo (RoleInfo.java:updateAndGet(143)) - 9b3dd7f4-91cd-47fd-a215-72ecb837dc75: start FollowerState
2019-09-01 05:36:06,499 [pool-509-thread-1] INFO  util.JmxRegister (JmxRegister.java:tryRegister(44)) - Successfully registered JMX Bean with object name Ratis:service=RaftServer,group=group-B990F2176190,id=9b3dd7f4-91cd-47fd-a215-72ecb837dc75
2019-09-01 05:36:06,501 [RatisPipelineUtilsThread] INFO  pipeline.PipelineStateManager (PipelineStateManager.java:addPipeline(56)) - Created pipeline Pipeline[ Id: e90bc4ff-f8c9-47f1-8bb6-b990f2176190, Nodes: 9b3dd7f4-91cd-47fd-a215-72ecb837dc75{ip: 192.168.36.91, host: trunk-nightly-20190901-gkzrd-4143273587, networkLocation: /default-rack, certSerialId: null}, Type:RATIS, Factor:ONE, State:OPEN]
2019-09-01 05:36:06,813 [IPC Server handler 19 on 38907] INFO  net.NetworkTopology (NetworkTopologyImpl.java:add(110)) - Added a new node: /default-rack/6ec88abe-3aa0-4cdc-bd94-b96ed0fe04dc
2019-09-01 05:36:06,814 [IPC Server handler 19 on 38907] INFO  node.SCMNodeManager (SCMNodeManager.java:register(266)) - Registered Data node : 6ec88abe-3aa0-4cdc-bd94-b96ed0fe04dc{ip: 192.168.36.91, host: trunk-nightly-20190901-gkzrd-4143273587, networkLocation: /default-rack, certSerialId: null}
2019-09-01 05:36:06,827 [grpc-default-executor-15] INFO  impl.RaftServerProxy (RaftServerProxy.java:addNew(89)) - 6ec88abe-3aa0-4cdc-bd94-b96ed0fe04dc: addNew group-75BEB7B30774:[6ec88abe-3aa0-4cdc-bd94-b96ed0fe04dc:192.168.36.91:40580] returns group-75BEB7B30774:java.util.concurrent.CompletableFuture@689d902f[Not completed]
2019-09-01 05:36:06,829 [pool-519-thread-1] INFO  impl.RaftServerImpl (RaftServerImpl.java:<init>(93)) - 6ec88abe-3aa0-4cdc-bd94-b96ed0fe04dc: new RaftServerImpl for group-75BEB7B30774:[6ec88abe-3aa0-4cdc-bd94-b96ed0fe04dc:192.168.36.91:40580] with ContainerStateMachine:uninitialized
2019-09-01 05:36:06,829 [pool-519-thread-1] INFO  server.RaftServerConfigKeys (ConfUtils.java:logGet(43)) - raft.server.rpc.timeout.min = 5s (custom)
2019-09-01 05:36:06,829 [pool-519-thread-1] INFO  server.RaftServerConfigKeys (ConfUtils.java:logGet(43)) - raft.server.rpc.timeout.max = 5200ms (custom)
2019-09-01 05:36:06,829 [pool-519-thread-1] INFO  server.RaftServerConfigKeys (ConfUtils.java:logGet(43)) - raft.server.rpcslowness.timeout = 120s (custom)
2019-09-01 05:36:06,830 [pool-519-thread-1] INFO  server.RaftServerConfigKeys (ConfUtils.java:logGet(43)) - raft.server.sleep.deviation.threshold = 300 (default)
2019-09-01 05:36:06,830 [pool-519-thread-1] INFO  server.RaftServerConfigKeys (ConfUtils.java:logGet(43)) - raft.server.log.appender.install.snapshot.enabled = false (custom)
2019-09-01 05:36:06,830 [pool-519-thread-1] INFO  impl.RaftServerImpl (ServerState.java:<init>(105)) - 6ec88abe-3aa0-4cdc-bd94-b96ed0fe04dc:group-75BEB7B30774 ConfigurationManager, init=-1: [6ec88abe-3aa0-4cdc-bd94-b96ed0fe04dc:192.168.36.91:40580], old=null, confs=<EMPTY_MAP>
2019-09-01 05:36:06,830 [pool-519-thread-1] INFO  server.RaftServerConfigKeys (ConfUtils.java:logGet(43)) - raft.server.storage.dir = [/workdir/hadoop-ozone/integration-test/target/test-dir/MiniOzoneClusterImpl-321653a8-8d1f-4dd6-a653-78f44973ed1e/datanode-2/data/ratis] (custom)
2019-09-01 05:36:06,831 [pool-519-thread-1] INFO  storage.RaftStorageDirectory (RaftStorageDirectory.java:analyzeStorage(246)) - The storage directory /workdir/hadoop-ozone/integration-test/target/test-dir/MiniOzoneClusterImpl-321653a8-8d1f-4dd6-a653-78f44973ed1e/datanode-2/data/ratis/553904e1-cdcd-4714-8f7f-75beb7b30774 does not exist. Creating ...
2019-09-01 05:36:06,866 [pool-519-thread-1] INFO  storage.RaftStorageDirectory (RaftStorageDirectory.java:tryLock(328)) - Lock on /workdir/hadoop-ozone/integration-test/target/test-dir/MiniOzoneClusterImpl-321653a8-8d1f-4dd6-a653-78f44973ed1e/datanode-2/data/ratis/553904e1-cdcd-4714-8f7f-75beb7b30774/in_use.lock acquired by nodename 23283@trunk-nightly-20190901-gkzrd-4143273587
2019-09-01 05:36:06,892 [pool-519-thread-1] INFO  storage.RaftStorage (RaftStorage.java:format(72)) - Storage directory /workdir/hadoop-ozone/integration-test/target/test-dir/MiniOzoneClusterImpl-321653a8-8d1f-4dd6-a653-78f44973ed1e/datanode-2/data/ratis/553904e1-cdcd-4714-8f7f-75beb7b30774 has been successfully formatted.
2019-09-01 05:36:06,893 [pool-519-thread-1] INFO  ratis.ContainerStateMachine (ContainerStateMachine.java:loadSnapshot(227)) - group-75BEB7B30774: The snapshot info is null. Setting the last applied indexto:(t:0, i:~)
2019-09-01 05:36:06,893 [pool-519-thread-1] INFO  server.RaftServerConfigKeys (ConfUtils.java:logGet(43)) - raft.server.leader.election.timeout = 120s (custom)
2019-09-01 05:36:06,893 [pool-519-thread-1] INFO  server.RaftServerConfigKeys (ConfUtils.java:logGet(43)) - raft.server.log.use.memory = false (default)
2019-09-01 05:36:06,893 [pool-519-thread-1] INFO  server.RaftServerConfigKeys (ConfUtils.java:logGet(43)) - raft.server.log.purge.gap = 1000000 (custom)
2019-09-01 05:36:06,894 [pool-519-thread-1] INFO  server.RaftServerConfigKeys (ConfUtils.java:logGet(43)) - raft.server.log.appender.buffer.byte-limit = 33554432 (custom)
2019-09-01 05:36:06,894 [pool-519-thread-1] INFO  server.RaftServerConfigKeys (ConfUtils.java:logGet(43)) - raft.server.log.segment.size.max = 1048576 (custom)
2019-09-01 05:36:06,894 [pool-519-thread-1] INFO  server.RaftServerConfigKeys (ConfUtils.java:logGet(43)) - raft.server.log.segment.cache.num.max = 2 (custom)
2019-09-01 05:36:06,894 [pool-519-thread-1] INFO  segmented.SegmentedRaftLogWorker (SegmentedRaftLogWorker.java:<init>(172)) - new 6ec88abe-3aa0-4cdc-bd94-b96ed0fe04dc-SegmentedRaftLogWorker:Storage Directory /workdir/hadoop-ozone/integration-test/target/test-dir/MiniOzoneClusterImpl-321653a8-8d1f-4dd6-a653-78f44973ed1e/datanode-2/data/ratis/553904e1-cdcd-4714-8f7f-75beb7b30774 for RaftStorage:Storage Directory /workdir/hadoop-ozone/integration-test/target/test-dir/MiniOzoneClusterImpl-321653a8-8d1f-4dd6-a653-78f44973ed1e/datanode-2/data/ratis/553904e1-cdcd-4714-8f7f-75beb7b30774
2019-09-01 05:36:06,895 [pool-519-thread-1] INFO  server.RaftServerConfigKeys (ConfUtils.java:logGet(43)) - raft.server.log.queue.byte-limit = 2147483647 (custom)
2019-09-01 05:36:06,895 [pool-519-thread-1] INFO  server.RaftServerConfigKeys (ConfUtils.java:logGet(43)) - raft.server.log.queue.element-limit = 1024 (custom)
2019-09-01 05:36:06,895 [pool-519-thread-1] INFO  server.RaftServerConfigKeys (ConfUtils.java:logGet(43)) - raft.server.log.segment.size.max = 1048576 (custom)
2019-09-01 05:36:06,896 [pool-519-thread-1] INFO  server.RaftServerConfigKeys (ConfUtils.java:logGet(43)) - raft.server.log.preallocated.size = 16384 (custom)
2019-09-01 05:36:06,896 [pool-519-thread-1] INFO  server.RaftServerConfigKeys (ConfUtils.java:logGet(43)) - raft.server.log.write.buffer.size = 33554432 (custom)
2019-09-01 05:36:06,896 [pool-519-thread-1] INFO  server.RaftServerConfigKeys (ConfUtils.java:logGet(43)) - raft.server.log.force.sync.num = 128 (default)
2019-09-01 05:36:06,896 [pool-519-thread-1] INFO  server.RaftServerConfigKeys (ConfUtils.java:logGet(43)) - raft.server.log.statemachine.data.sync = true (default)
2019-09-01 05:36:06,896 [pool-519-thread-1] INFO  server.RaftServerConfigKeys (ConfUtils.java:logGet(43)) - raft.server.log.statemachine.data.sync.timeout = 10s (default)
2019-09-01 05:36:06,897 [pool-519-thread-1] INFO  server.RaftServerConfigKeys (ConfUtils.java:logGet(43)) - raft.server.log.statemachine.data.sync.timeout.retry = -1 (default)
2019-09-01 05:36:06,897 [pool-519-thread-1] INFO  server.RaftServerConfigKeys (ConfUtils.java:logGet(43)) - raft.server.log.statemachine.data.caching.enabled = true (custom)
2019-09-01 05:36:06,898 [pool-519-thread-1] INFO  segmented.SegmentedRaftLogWorker (SegmentedRaftLogWorker.java:lambda$new$0(132)) - 6ec88abe-3aa0-4cdc-bd94-b96ed0fe04dc-SegmentedRaftLogWorker:Storage Directory /workdir/hadoop-ozone/integration-test/target/test-dir/MiniOzoneClusterImpl-321653a8-8d1f-4dd6-a653-78f44973ed1e/datanode-2/data/ratis/553904e1-cdcd-4714-8f7f-75beb7b30774: flushIndex: setUnconditionally 0 -> -1
2019-09-01 05:36:06,898 [pool-519-thread-1] INFO  server.RaftServerConfigKeys (ConfUtils.java:logGet(43)) - raft.server.snapshot.auto.trigger.enabled = true (custom)
2019-09-01 05:36:06,898 [pool-519-thread-1] INFO  server.RaftServerConfigKeys (ConfUtils.java:logGet(43)) - raft.server.snapshot.auto.trigger.threshold = 10000 (custom)
2019-09-01 05:36:06,898 [pool-519-thread-1] INFO  server.RaftServerConfigKeys (ConfUtils.java:logGet(43)) - raft.server.retrycache.expirytime = 600000ms (custom)
2019-09-01 05:36:06,899 [pool-519-thread-1] INFO  impl.RaftServerImpl (RaftServerImpl.java:start(180)) - 6ec88abe-3aa0-4cdc-bd94-b96ed0fe04dc: start group-75BEB7B30774
2019-09-01 05:36:06,899 [pool-519-thread-1] INFO  impl.RaftServerImpl (RaftServerImpl.java:setRole(171)) - 6ec88abe-3aa0-4cdc-bd94-b96ed0fe04dc:group-75BEB7B30774 changes role from null to FOLLOWER at term 0 for startAsFollower
2019-09-01 05:36:06,899 [pool-519-thread-1] INFO  impl.RoleInfo (RoleInfo.java:updateAndGet(143)) - 6ec88abe-3aa0-4cdc-bd94-b96ed0fe04dc: start FollowerState
2019-09-01 05:36:06,900 [pool-519-thread-1] INFO  util.JmxRegister (JmxRegister.java:tryRegister(44)) - Successfully registered JMX Bean with object name Ratis:service=RaftServer,group=group-75BEB7B30774,id=6ec88abe-3aa0-4cdc-bd94-b96ed0fe04dc
2019-09-01 05:36:06,902 [RatisPipelineUtilsThread] INFO  pipeline.PipelineStateManager (PipelineStateManager.java:addPipeline(56)) - Created pipeline Pipeline[ Id: 553904e1-cdcd-4714-8f7f-75beb7b30774, Nodes: 6ec88abe-3aa0-4cdc-bd94-b96ed0fe04dc{ip: 192.168.36.91, host: trunk-nightly-20190901-gkzrd-4143273587, networkLocation: /default-rack, certSerialId: null}, Type:RATIS, Factor:ONE, State:OPEN]
2019-09-01 05:36:06,914 [grpc-default-executor-12] INFO  impl.RaftServerProxy (RaftServerProxy.java:addNew(89)) - 9ed047e0-6800-4801-bfd0-fb58a65bdb17: addNew group-6AA036CA3DED:[9ed047e0-6800-4801-bfd0-fb58a65bdb17:192.168.36.91:41400, 6ec88abe-3aa0-4cdc-bd94-b96ed0fe04dc:192.168.36.91:40580, 9b3dd7f4-91cd-47fd-a215-72ecb837dc75:192.168.36.91:34713] returns group-6AA036CA3DED:java.util.concurrent.CompletableFuture@46f9605f[Not completed]
2019-09-01 05:36:06,914 [grpc-default-executor-16] INFO  impl.RaftServerProxy (RaftServerProxy.java:addNew(89)) - 9b3dd7f4-91cd-47fd-a215-72ecb837dc75: addNew group-6AA036CA3DED:[9ed047e0-6800-4801-bfd0-fb58a65bdb17:192.168.36.91:41400, 6ec88abe-3aa0-4cdc-bd94-b96ed0fe04dc:192.168.36.91:40580, 9b3dd7f4-91cd-47fd-a215-72ecb837dc75:192.168.36.91:34713] returns group-6AA036CA3DED:java.util.concurrent.CompletableFuture@3ed1bfc4[Not completed]
2019-09-01 05:36:06,914 [grpc-default-executor-15] INFO  impl.RaftServerProxy (RaftServerProxy.java:addNew(89)) - 6ec88abe-3aa0-4cdc-bd94-b96ed0fe04dc: addNew group-6AA036CA3DED:[9ed047e0-6800-4801-bfd0-fb58a65bdb17:192.168.36.91:41400, 6ec88abe-3aa0-4cdc-bd94-b96ed0fe04dc:192.168.36.91:40580, 9b3dd7f4-91cd-47fd-a215-72ecb837dc75:192.168.36.91:34713] returns group-6AA036CA3DED:java.util.concurrent.CompletableFuture@410579a6[Not completed]
2019-09-01 05:36:06,916 [pool-509-thread-1] INFO  impl.RaftServerImpl (RaftServerImpl.java:<init>(93)) - 9b3dd7f4-91cd-47fd-a215-72ecb837dc75: new RaftServerImpl for group-6AA036CA3DED:[9ed047e0-6800-4801-bfd0-fb58a65bdb17:192.168.36.91:41400, 6ec88abe-3aa0-4cdc-bd94-b96ed0fe04dc:192.168.36.91:40580, 9b3dd7f4-91cd-47fd-a215-72ecb837dc75:192.168.36.91:34713] with ContainerStateMachine:uninitialized
2019-09-01 05:36:06,916 [pool-509-thread-1] INFO  server.RaftServerConfigKeys (ConfUtils.java:logGet(43)) - raft.server.rpc.timeout.min = 5s (custom)
2019-09-01 05:36:06,916 [pool-509-thread-1] INFO  server.RaftServerConfigKeys (ConfUtils.java:logGet(43)) - raft.server.rpc.timeout.max = 5200ms (custom)
2019-09-01 05:36:06,916 [pool-509-thread-1] INFO  server.RaftServerConfigKeys (ConfUtils.java:logGet(43)) - raft.server.rpcslowness.timeout = 120s (custom)
2019-09-01 05:36:06,916 [pool-519-thread-1] INFO  impl.RaftServerImpl (RaftServerImpl.java:<init>(93)) - 6ec88abe-3aa0-4cdc-bd94-b96ed0fe04dc: new RaftServerImpl for group-6AA036CA3DED:[9ed047e0-6800-4801-bfd0-fb58a65bdb17:192.168.36.91:41400, 6ec88abe-3aa0-4cdc-bd94-b96ed0fe04dc:192.168.36.91:40580, 9b3dd7f4-91cd-47fd-a215-72ecb837dc75:192.168.36.91:34713] with ContainerStateMachine:uninitialized
2019-09-01 05:36:06,916 [pool-509-thread-1] INFO  server.RaftServerConfigKeys (ConfUtils.java:logGet(43)) - raft.server.sleep.deviation.threshold = 300 (default)
2019-09-01 05:36:06,916 [pool-519-thread-1] INFO  server.RaftServerConfigKeys (ConfUtils.java:logGet(43)) - raft.server.rpc.timeout.min = 5s (custom)
2019-09-01 05:36:06,917 [pool-509-thread-1] INFO  server.RaftServerConfigKeys (ConfUtils.java:logGet(43)) - raft.server.log.appender.install.snapshot.enabled = false (custom)
2019-09-01 05:36:06,917 [pool-499-thread-1] INFO  impl.RaftServerImpl (RaftServerImpl.java:<init>(93)) - 9ed047e0-6800-4801-bfd0-fb58a65bdb17: new RaftServerImpl for group-6AA036CA3DED:[9ed047e0-6800-4801-bfd0-fb58a65bdb17:192.168.36.91:41400, 6ec88abe-3aa0-4cdc-bd94-b96ed0fe04dc:192.168.36.91:40580, 9b3dd7f4-91cd-47fd-a215-72ecb837dc75:192.168.36.91:34713] with ContainerStateMachine:uninitialized
2019-09-01 05:36:06,917 [pool-509-thread-1] INFO  impl.RaftServerImpl (ServerState.java:<init>(105)) - 9b3dd7f4-91cd-47fd-a215-72ecb837dc75:group-6AA036CA3DED ConfigurationManager, init=-1: [9ed047e0-6800-4801-bfd0-fb58a65bdb17:192.168.36.91:41400, 6ec88abe-3aa0-4cdc-bd94-b96ed0fe04dc:192.168.36.91:40580, 9b3dd7f4-91cd-47fd-a215-72ecb837dc75:192.168.36.91:34713], old=null, confs=<EMPTY_MAP>
2019-09-01 05:36:06,917 [pool-519-thread-1] INFO  server.RaftServerConfigKeys (ConfUtils.java:logGet(43)) - raft.server.rpc.timeout.max = 5200ms (custom)
2019-09-01 05:36:06,917 [pool-509-thread-1] INFO  server.RaftServerConfigKeys (ConfUtils.java:logGet(43)) - raft.server.storage.dir = [/workdir/hadoop-ozone/integration-test/target/test-dir/MiniOzoneClusterImpl-321653a8-8d1f-4dd6-a653-78f44973ed1e/datanode-1/data/ratis] (custom)
2019-09-01 05:36:06,917 [pool-499-thread-1] INFO  server.RaftServerConfigKeys (ConfUtils.java:logGet(43)) - raft.server.rpc.timeout.min = 5s (custom)
2019-09-01 05:36:06,917 [pool-519-thread-1] INFO  server.RaftServerConfigKeys (ConfUtils.java:logGet(43)) - raft.server.rpcslowness.timeout = 120s (custom)
2019-09-01 05:36:06,917 [pool-499-thread-1] INFO  server.RaftServerConfigKeys (ConfUtils.java:logGet(43)) - raft.server.rpc.timeout.max = 5200ms (custom)
2019-09-01 05:36:06,918 [pool-509-thread-1] INFO  storage.RaftStorageDirectory (RaftStorageDirectory.java:analyzeStorage(246)) - The storage directory /workdir/hadoop-ozone/integration-test/target/test-dir/MiniOzoneClusterImpl-321653a8-8d1f-4dd6-a653-78f44973ed1e/datanode-1/data/ratis/bcf006d6-d885-44eb-ae42-6aa036ca3ded does not exist. Creating ...
2019-09-01 05:36:06,917 [pool-519-thread-1] INFO  server.RaftServerConfigKeys (ConfUtils.java:logGet(43)) - raft.server.sleep.deviation.threshold = 300 (default)
2019-09-01 05:36:06,918 [pool-499-thread-1] INFO  server.RaftServerConfigKeys (ConfUtils.java:logGet(43)) - raft.server.rpcslowness.timeout = 120s (custom)
2019-09-01 05:36:06,918 [pool-519-thread-1] INFO  server.RaftServerConfigKeys (ConfUtils.java:logGet(43)) - raft.server.log.appender.install.snapshot.enabled = false (custom)
2019-09-01 05:36:06,918 [pool-499-thread-1] INFO  server.RaftServerConfigKeys (ConfUtils.java:logGet(43)) - raft.server.sleep.deviation.threshold = 300 (default)
2019-09-01 05:36:06,918 [pool-519-thread-1] INFO  impl.RaftServerImpl (ServerState.java:<init>(105)) - 6ec88abe-3aa0-4cdc-bd94-b96ed0fe04dc:group-6AA036CA3DED ConfigurationManager, init=-1: [9ed047e0-6800-4801-bfd0-fb58a65bdb17:192.168.36.91:41400, 6ec88abe-3aa0-4cdc-bd94-b96ed0fe04dc:192.168.36.91:40580, 9b3dd7f4-91cd-47fd-a215-72ecb837dc75:192.168.36.91:34713], old=null, confs=<EMPTY_MAP>
2019-09-01 05:36:06,918 [pool-499-thread-1] INFO  server.RaftServerConfigKeys (ConfUtils.java:logGet(43)) - raft.server.log.appender.install.snapshot.enabled = false (custom)
2019-09-01 05:36:06,918 [pool-519-thread-1] INFO  server.RaftServerConfigKeys (ConfUtils.java:logGet(43)) - raft.server.storage.dir = [/workdir/hadoop-ozone/integration-test/target/test-dir/MiniOzoneClusterImpl-321653a8-8d1f-4dd6-a653-78f44973ed1e/datanode-2/data/ratis] (custom)
2019-09-01 05:36:06,918 [pool-499-thread-1] INFO  impl.RaftServerImpl (ServerState.java:<init>(105)) - 9ed047e0-6800-4801-bfd0-fb58a65bdb17:group-6AA036CA3DED ConfigurationManager, init=-1: [9ed047e0-6800-4801-bfd0-fb58a65bdb17:192.168.36.91:41400, 6ec88abe-3aa0-4cdc-bd94-b96ed0fe04dc:192.168.36.91:40580, 9b3dd7f4-91cd-47fd-a215-72ecb837dc75:192.168.36.91:34713], old=null, confs=<EMPTY_MAP>
2019-09-01 05:36:06,919 [pool-499-thread-1] INFO  server.RaftServerConfigKeys (ConfUtils.java:logGet(43)) - raft.server.storage.dir = [/workdir/hadoop-ozone/integration-test/target/test-dir/MiniOzoneClusterImpl-321653a8-8d1f-4dd6-a653-78f44973ed1e/datanode-0/data/ratis] (custom)
2019-09-01 05:36:06,919 [pool-519-thread-1] INFO  storage.RaftStorageDirectory (RaftStorageDirectory.java:analyzeStorage(246)) - The storage directory /workdir/hadoop-ozone/integration-test/target/test-dir/MiniOzoneClusterImpl-321653a8-8d1f-4dd6-a653-78f44973ed1e/datanode-2/data/ratis/bcf006d6-d885-44eb-ae42-6aa036ca3ded does not exist. Creating ...
2019-09-01 05:36:06,919 [pool-499-thread-1] INFO  storage.RaftStorageDirectory (RaftStorageDirectory.java:analyzeStorage(246)) - The storage directory /workdir/hadoop-ozone/integration-test/target/test-dir/MiniOzoneClusterImpl-321653a8-8d1f-4dd6-a653-78f44973ed1e/datanode-0/data/ratis/bcf006d6-d885-44eb-ae42-6aa036ca3ded does not exist. Creating ...
2019-09-01 05:36:06,930 [IPC Server handler 18 on 38907] INFO  net.NetworkTopology (NetworkTopologyImpl.java:add(110)) - Added a new node: /default-rack/cf674907-dece-4092-b393-45c73bb01958
2019-09-01 05:36:06,930 [IPC Server handler 18 on 38907] INFO  node.SCMNodeManager (SCMNodeManager.java:register(266)) - Registered Data node : cf674907-dece-4092-b393-45c73bb01958{ip: 192.168.36.91, host: trunk-nightly-20190901-gkzrd-4143273587, networkLocation: /default-rack, certSerialId: null}
2019-09-01 05:36:06,952 [pool-509-thread-1] INFO  storage.RaftStorageDirectory (RaftStorageDirectory.java:tryLock(328)) - Lock on /workdir/hadoop-ozone/integration-test/target/test-dir/MiniOzoneClusterImpl-321653a8-8d1f-4dd6-a653-78f44973ed1e/datanode-1/data/ratis/bcf006d6-d885-44eb-ae42-6aa036ca3ded/in_use.lock acquired by nodename 23283@trunk-nightly-20190901-gkzrd-4143273587
2019-09-01 05:36:06,952 [pool-519-thread-1] INFO  storage.RaftStorageDirectory (RaftStorageDirectory.java:tryLock(328)) - Lock on /workdir/hadoop-ozone/integration-test/target/test-dir/MiniOzoneClusterImpl-321653a8-8d1f-4dd6-a653-78f44973ed1e/datanode-2/data/ratis/bcf006d6-d885-44eb-ae42-6aa036ca3ded/in_use.lock acquired by nodename 23283@trunk-nightly-20190901-gkzrd-4143273587
2019-09-01 05:36:06,952 [pool-499-thread-1] INFO  storage.RaftStorageDirectory (RaftStorageDirectory.java:tryLock(328)) - Lock on /workdir/hadoop-ozone/integration-test/target/test-dir/MiniOzoneClusterImpl-321653a8-8d1f-4dd6-a653-78f44973ed1e/datanode-0/data/ratis/bcf006d6-d885-44eb-ae42-6aa036ca3ded/in_use.lock acquired by nodename 23283@trunk-nightly-20190901-gkzrd-4143273587
2019-09-01 05:36:06,985 [pool-519-thread-1] INFO  storage.RaftStorage (RaftStorage.java:format(72)) - Storage directory /workdir/hadoop-ozone/integration-test/target/test-dir/MiniOzoneClusterImpl-321653a8-8d1f-4dd6-a653-78f44973ed1e/datanode-2/data/ratis/bcf006d6-d885-44eb-ae42-6aa036ca3ded has been successfully formatted.
2019-09-01 05:36:06,985 [pool-509-thread-1] INFO  storage.RaftStorage (RaftStorage.java:format(72)) - Storage directory /workdir/hadoop-ozone/integration-test/target/test-dir/MiniOzoneClusterImpl-321653a8-8d1f-4dd6-a653-78f44973ed1e/datanode-1/data/ratis/bcf006d6-d885-44eb-ae42-6aa036ca3ded has been successfully formatted.
2019-09-01 05:36:06,985 [pool-499-thread-1] INFO  storage.RaftStorage (RaftStorage.java:format(72)) - Storage directory /workdir/hadoop-ozone/integration-test/target/test-dir/MiniOzoneClusterImpl-321653a8-8d1f-4dd6-a653-78f44973ed1e/datanode-0/data/ratis/bcf006d6-d885-44eb-ae42-6aa036ca3ded has been successfully formatted.
2019-09-01 05:36:06,985 [pool-519-thread-1] INFO  ratis.ContainerStateMachine (ContainerStateMachine.java:loadSnapshot(227)) - group-6AA036CA3DED: The snapshot info is null. Setting the last applied indexto:(t:0, i:~)
2019-09-01 05:36:06,986 [pool-509-thread-1] INFO  ratis.ContainerStateMachine (ContainerStateMachine.java:loadSnapshot(227)) - group-6AA036CA3DED: The snapshot info is null. Setting the last applied indexto:(t:0, i:~)
2019-09-01 05:36:06,986 [pool-519-thread-1] INFO  server.RaftServerConfigKeys (ConfUtils.java:logGet(43)) - raft.server.leader.election.timeout = 120s (custom)
2019-09-01 05:36:06,986 [pool-499-thread-1] INFO  ratis.ContainerStateMachine (ContainerStateMachine.java:loadSnapshot(227)) - group-6AA036CA3DED: The snapshot info is null. Setting the last applied indexto:(t:0, i:~)
2019-09-01 05:36:06,986 [pool-519-thread-1] INFO  server.RaftServerConfigKeys (ConfUtils.java:logGet(43)) - raft.server.log.use.memory = false (default)
2019-09-01 05:36:06,986 [pool-509-thread-1] INFO  server.RaftServerConfigKeys (ConfUtils.java:logGet(43)) - raft.server.leader.election.timeout = 120s (custom)
2019-09-01 05:36:06,986 [pool-519-thread-1] INFO  server.RaftServerConfigKeys (ConfUtils.java:logGet(43)) - raft.server.log.purge.gap = 1000000 (custom)
2019-09-01 05:36:06,986 [pool-499-thread-1] INFO  server.RaftServerConfigKeys (ConfUtils.java:logGet(43)) - raft.server.leader.election.timeout = 120s (custom)
2019-09-01 05:36:06,986 [pool-519-thread-1] INFO  server.RaftServerConfigKeys (ConfUtils.java:logGet(43)) - raft.server.log.appender.buffer.byte-limit = 33554432 (custom)
2019-09-01 05:36:06,986 [pool-509-thread-1] INFO  server.RaftServerConfigKeys (ConfUtils.java:logGet(43)) - raft.server.log.use.memory = false (default)
2019-09-01 05:36:06,987 [pool-519-thread-1] INFO  server.RaftServerConfigKeys (ConfUtils.java:logGet(43)) - raft.server.log.segment.size.max = 1048576 (custom)
2019-09-01 05:36:06,987 [pool-499-thread-1] INFO  server.RaftServerConfigKeys (ConfUtils.java:logGet(43)) - raft.server.log.use.memory = false (default)
2019-09-01 05:36:06,987 [pool-519-thread-1] INFO  server.RaftServerConfigKeys (ConfUtils.java:logGet(43)) - raft.server.log.segment.cache.num.max = 2 (custom)
2019-09-01 05:36:06,987 [pool-509-thread-1] INFO  server.RaftServerConfigKeys (ConfUtils.java:logGet(43)) - raft.server.log.purge.gap = 1000000 (custom)
2019-09-01 05:36:06,987 [pool-519-thread-1] INFO  segmented.SegmentedRaftLogWorker (SegmentedRaftLogWorker.java:<init>(172)) - new 6ec88abe-3aa0-4cdc-bd94-b96ed0fe04dc-SegmentedRaftLogWorker:Storage Directory /workdir/hadoop-ozone/integration-test/target/test-dir/MiniOzoneClusterImpl-321653a8-8d1f-4dd6-a653-78f44973ed1e/datanode-2/data/ratis/bcf006d6-d885-44eb-ae42-6aa036ca3ded for RaftStorage:Storage Directory /workdir/hadoop-ozone/integration-test/target/test-dir/MiniOzoneClusterImpl-321653a8-8d1f-4dd6-a653-78f44973ed1e/datanode-2/data/ratis/bcf006d6-d885-44eb-ae42-6aa036ca3ded
2019-09-01 05:36:06,987 [pool-499-thread-1] INFO  server.RaftServerConfigKeys (ConfUtils.java:logGet(43)) - raft.server.log.purge.gap = 1000000 (custom)
2019-09-01 05:36:06,987 [pool-519-thread-1] INFO  server.RaftServerConfigKeys (ConfUtils.java:logGet(43)) - raft.server.log.queue.byte-limit = 2147483647 (custom)
2019-09-01 05:36:06,987 [pool-509-thread-1] INFO  server.RaftServerConfigKeys (ConfUtils.java:logGet(43)) - raft.server.log.appender.buffer.byte-limit = 33554432 (custom)
2019-09-01 05:36:06,988 [pool-519-thread-1] INFO  server.RaftServerConfigKeys (ConfUtils.java:logGet(43)) - raft.server.log.queue.element-limit = 1024 (custom)
2019-09-01 05:36:06,988 [pool-499-thread-1] INFO  server.RaftServerConfigKeys (ConfUtils.java:logGet(43)) - raft.server.log.appender.buffer.byte-limit = 33554432 (custom)
2019-09-01 05:36:06,988 [pool-519-thread-1] INFO  server.RaftServerConfigKeys (ConfUtils.java:logGet(43)) - raft.server.log.segment.size.max = 1048576 (custom)
2019-09-01 05:36:06,988 [pool-509-thread-1] INFO  server.RaftServerConfigKeys (ConfUtils.java:logGet(43)) - raft.server.log.segment.size.max = 1048576 (custom)
2019-09-01 05:36:06,988 [pool-519-thread-1] INFO  server.RaftServerConfigKeys (ConfUtils.java:logGet(43)) - raft.server.log.preallocated.size = 16384 (custom)
2019-09-01 05:36:06,988 [pool-499-thread-1] INFO  server.RaftServerConfigKeys (ConfUtils.java:logGet(43)) - raft.server.log.segment.size.max = 1048576 (custom)
2019-09-01 05:36:06,988 [pool-519-thread-1] INFO  server.RaftServerConfigKeys (ConfUtils.java:logGet(43)) - raft.server.log.write.buffer.size = 33554432 (custom)
2019-09-01 05:36:06,988 [pool-509-thread-1] INFO  server.RaftServerConfigKeys (ConfUtils.java:logGet(43)) - raft.server.log.segment.cache.num.max = 2 (custom)
2019-09-01 05:36:06,988 [pool-519-thread-1] INFO  server.RaftServerConfigKeys (ConfUtils.java:logGet(43)) - raft.server.log.force.sync.num = 128 (default)
2019-09-01 05:36:06,988 [pool-499-thread-1] INFO  server.RaftServerConfigKeys (ConfUtils.java:logGet(43)) - raft.server.log.segment.cache.num.max = 2 (custom)
2019-09-01 05:36:06,989 [pool-519-thread-1] INFO  server.RaftServerConfigKeys (ConfUtils.java:logGet(43)) - raft.server.log.statemachine.data.sync = true (default)
2019-09-01 05:36:06,989 [pool-509-thread-1] INFO  segmented.SegmentedRaftLogWorker (SegmentedRaftLogWorker.java:<init>(172)) - new 9b3dd7f4-91cd-47fd-a215-72ecb837dc75-SegmentedRaftLogWorker:Storage Directory /workdir/hadoop-ozone/integration-test/target/test-dir/MiniOzoneClusterImpl-321653a8-8d1f-4dd6-a653-78f44973ed1e/datanode-1/data/ratis/bcf006d6-d885-44eb-ae42-6aa036ca3ded for RaftStorage:Storage Directory /workdir/hadoop-ozone/integration-test/target/test-dir/MiniOzoneClusterImpl-321653a8-8d1f-4dd6-a653-78f44973ed1e/datanode-1/data/ratis/bcf006d6-d885-44eb-ae42-6aa036ca3ded
2019-09-01 05:36:06,989 [pool-519-thread-1] INFO  server.RaftServerConfigKeys (ConfUtils.java:logGet(43)) - raft.server.log.statemachine.data.sync.timeout = 10s (default)
2019-09-01 05:36:06,989 [pool-499-thread-1] INFO  segmented.SegmentedRaftLogWorker (SegmentedRaftLogWorker.java:<init>(172)) - new 9ed047e0-6800-4801-bfd0-fb58a65bdb17-SegmentedRaftLogWorker:Storage Directory /workdir/hadoop-ozone/integration-test/target/test-dir/MiniOzoneClusterImpl-321653a8-8d1f-4dd6-a653-78f44973ed1e/datanode-0/data/ratis/bcf006d6-d885-44eb-ae42-6aa036ca3ded for RaftStorage:Storage Directory /workdir/hadoop-ozone/integration-test/target/test-dir/MiniOzoneClusterImpl-321653a8-8d1f-4dd6-a653-78f44973ed1e/datanode-0/data/ratis/bcf006d6-d885-44eb-ae42-6aa036ca3ded
2019-09-01 05:36:06,989 [pool-519-thread-1] INFO  server.RaftServerConfigKeys (ConfUtils.java:logGet(43)) - raft.server.log.statemachine.data.sync.timeout.retry = -1 (default)
2019-09-01 05:36:06,989 [pool-509-thread-1] INFO  server.RaftServerConfigKeys (ConfUtils.java:logGet(43)) - raft.server.log.queue.byte-limit = 2147483647 (custom)
2019-09-01 05:36:06,989 [pool-519-thread-1] INFO  server.RaftServerConfigKeys (ConfUtils.java:logGet(43)) - raft.server.log.statemachine.data.caching.enabled = true (custom)
2019-09-01 05:36:06,989 [pool-499-thread-1] INFO  server.RaftServerConfigKeys (ConfUtils.java:logGet(43)) - raft.server.log.queue.byte-limit = 2147483647 (custom)
2019-09-01 05:36:06,989 [pool-509-thread-1] INFO  server.RaftServerConfigKeys (ConfUtils.java:logGet(43)) - raft.server.log.queue.element-limit = 1024 (custom)
2019-09-01 05:36:06,990 [pool-519-thread-1] INFO  segmented.SegmentedRaftLogWorker (SegmentedRaftLogWorker.java:lambda$new$0(132)) - 6ec88abe-3aa0-4cdc-bd94-b96ed0fe04dc-SegmentedRaftLogWorker:Storage Directory /workdir/hadoop-ozone/integration-test/target/test-dir/MiniOzoneClusterImpl-321653a8-8d1f-4dd6-a653-78f44973ed1e/datanode-2/data/ratis/bcf006d6-d885-44eb-ae42-6aa036ca3ded: flushIndex: setUnconditionally 0 -> -1
2019-09-01 05:36:06,990 [pool-499-thread-1] INFO  server.RaftServerConfigKeys (ConfUtils.java:logGet(43)) - raft.server.log.queue.element-limit = 1024 (custom)
2019-09-01 05:36:06,990 [pool-509-thread-1] INFO  server.RaftServerConfigKeys (ConfUtils.java:logGet(43)) - raft.server.log.segment.size.max = 1048576 (custom)
2019-09-01 05:36:06,990 [pool-519-thread-1] INFO  server.RaftServerConfigKeys (ConfUtils.java:logGet(43)) - raft.server.snapshot.auto.trigger.enabled = true (custom)
2019-09-01 05:36:06,990 [pool-499-thread-1] INFO  server.RaftServerConfigKeys (ConfUtils.java:logGet(43)) - raft.server.log.segment.size.max = 1048576 (custom)
2019-09-01 05:36:06,990 [pool-519-thread-1] INFO  server.RaftServerConfigKeys (ConfUtils.java:logGet(43)) - raft.server.snapshot.auto.trigger.threshold = 10000 (custom)
2019-09-01 05:36:06,990 [pool-509-thread-1] INFO  server.RaftServerConfigKeys (ConfUtils.java:logGet(43)) - raft.server.log.preallocated.size = 16384 (custom)
2019-09-01 05:36:06,990 [pool-519-thread-1] INFO  server.RaftServerConfigKeys (ConfUtils.java:logGet(43)) - raft.server.retrycache.expirytime = 600000ms (custom)
2019-09-01 05:36:06,990 [pool-499-thread-1] INFO  server.RaftServerConfigKeys (ConfUtils.java:logGet(43)) - raft.server.log.preallocated.size = 16384 (custom)
2019-09-01 05:36:06,990 [pool-509-thread-1] INFO  server.RaftServerConfigKeys (ConfUtils.java:logGet(43)) - raft.server.log.write.buffer.size = 33554432 (custom)
2019-09-01 05:36:06,991 [pool-499-thread-1] INFO  server.RaftServerConfigKeys (ConfUtils.java:logGet(43)) - raft.server.log.write.buffer.size = 33554432 (custom)
2019-09-01 05:36:06,991 [pool-519-thread-1] INFO  impl.RaftServerImpl (RaftServerImpl.java:start(180)) - 6ec88abe-3aa0-4cdc-bd94-b96ed0fe04dc: start group-6AA036CA3DED
2019-09-01 05:36:06,991 [pool-499-thread-1] INFO  server.RaftServerConfigKeys (ConfUtils.java:logGet(43)) - raft.server.log.force.sync.num = 128 (default)
2019-09-01 05:36:06,991 [pool-509-thread-1] INFO  server.RaftServerConfigKeys (ConfUtils.java:logGet(43)) - raft.server.log.force.sync.num = 128 (default)
2019-09-01 05:36:06,991 [pool-499-thread-1] INFO  server.RaftServerConfigKeys (ConfUtils.java:logGet(43)) - raft.server.log.statemachine.data.sync = true (default)
2019-09-01 05:36:06,991 [pool-519-thread-1] INFO  impl.RaftServerImpl (RaftServerImpl.java:setRole(171)) - 6ec88abe-3aa0-4cdc-bd94-b96ed0fe04dc:group-6AA036CA3DED changes role from null to FOLLOWER at term 0 for startAsFollower
2019-09-01 05:36:06,991 [pool-499-thread-1] INFO  server.RaftServerConfigKeys (ConfUtils.java:logGet(43)) - raft.server.log.statemachine.data.sync.timeout = 10s (default)
2019-09-01 05:36:06,991 [pool-509-thread-1] INFO  server.RaftServerConfigKeys (ConfUtils.java:logGet(43)) - raft.server.log.statemachine.data.sync = true (default)
2019-09-01 05:36:06,991 [pool-499-thread-1] INFO  server.RaftServerConfigKeys (ConfUtils.java:logGet(43)) - raft.server.log.statemachine.data.sync.timeout.retry = -1 (default)
2019-09-01 05:36:06,991 [pool-519-thread-1] INFO  impl.RoleInfo (RoleInfo.java:updateAndGet(143)) - 6ec88abe-3aa0-4cdc-bd94-b96ed0fe04dc: start FollowerState
2019-09-01 05:36:06,992 [pool-499-thread-1] INFO  server.RaftServerConfigKeys (ConfUtils.java:logGet(43)) - raft.server.log.statemachine.data.caching.enabled = true (custom)
2019-09-01 05:36:06,991 [pool-509-thread-1] INFO  server.RaftServerConfigKeys (ConfUtils.java:logGet(43)) - raft.server.log.statemachine.data.sync.timeout = 10s (default)
2019-09-01 05:36:06,992 [IPC Server handler 17 on 38907] INFO  net.NetworkTopology (NetworkTopologyImpl.java:add(110)) - Added a new node: /default-rack/b4827cc5-e6d4-40a4-bd7a-ab968f420f26
2019-09-01 05:36:06,992 [pool-519-thread-1] INFO  util.JmxRegister (JmxRegister.java:tryRegister(44)) - Successfully registered JMX Bean with object name Ratis:service=RaftServer,group=group-6AA036CA3DED,id=6ec88abe-3aa0-4cdc-bd94-b96ed0fe04dc
2019-09-01 05:36:06,992 [pool-499-thread-1] INFO  segmented.SegmentedRaftLogWorker (SegmentedRaftLogWorker.java:lambda$new$0(132)) - 9ed047e0-6800-4801-bfd0-fb58a65bdb17-SegmentedRaftLogWorker:Storage Directory /workdir/hadoop-ozone/integration-test/target/test-dir/MiniOzoneClusterImpl-321653a8-8d1f-4dd6-a653-78f44973ed1e/datanode-0/data/ratis/bcf006d6-d885-44eb-ae42-6aa036ca3ded: flushIndex: setUnconditionally 0 -> -1
2019-09-01 05:36:06,992 [pool-509-thread-1] INFO  server.RaftServerConfigKeys (ConfUtils.java:logGet(43)) - raft.server.log.statemachine.data.sync.timeout.retry = -1 (default)
2019-09-01 05:36:06,992 [IPC Server handler 17 on 38907] INFO  node.SCMNodeManager (SCMNodeManager.java:register(266)) - Registered Data node : b4827cc5-e6d4-40a4-bd7a-ab968f420f26{ip: 192.168.36.91, host: trunk-nightly-20190901-gkzrd-4143273587, networkLocation: /default-rack, certSerialId: null}
2019-09-01 05:36:06,992 [pool-509-thread-1] INFO  server.RaftServerConfigKeys (ConfUtils.java:logGet(43)) - raft.server.log.statemachine.data.caching.enabled = true (custom)
2019-09-01 05:36:06,992 [pool-499-thread-1] INFO  server.RaftServerConfigKeys (ConfUtils.java:logGet(43)) - raft.server.snapshot.auto.trigger.enabled = true (custom)
2019-09-01 05:36:06,993 [pool-509-thread-1] INFO  segmented.SegmentedRaftLogWorker (SegmentedRaftLogWorker.java:lambda$new$0(132)) - 9b3dd7f4-91cd-47fd-a215-72ecb837dc75-SegmentedRaftLogWorker:Storage Directory /workdir/hadoop-ozone/integration-test/target/test-dir/MiniOzoneClusterImpl-321653a8-8d1f-4dd6-a653-78f44973ed1e/datanode-1/data/ratis/bcf006d6-d885-44eb-ae42-6aa036ca3ded: flushIndex: setUnconditionally 0 -> -1
2019-09-01 05:36:06,993 [pool-499-thread-1] INFO  server.RaftServerConfigKeys (ConfUtils.java:logGet(43)) - raft.server.snapshot.auto.trigger.threshold = 10000 (custom)
2019-09-01 05:36:06,993 [pool-499-thread-1] INFO  server.RaftServerConfigKeys (ConfUtils.java:logGet(43)) - raft.server.retrycache.expirytime = 600000ms (custom)
2019-09-01 05:36:06,993 [pool-509-thread-1] INFO  server.RaftServerConfigKeys (ConfUtils.java:logGet(43)) - raft.server.snapshot.auto.trigger.enabled = true (custom)
2019-09-01 05:36:06,993 [pool-499-thread-1] INFO  impl.RaftServerImpl (RaftServerImpl.java:start(180)) - 9ed047e0-6800-4801-bfd0-fb58a65bdb17: start group-6AA036CA3DED
2019-09-01 05:36:06,993 [pool-499-thread-1] INFO  impl.RaftServerImpl (RaftServerImpl.java:setRole(171)) - 9ed047e0-6800-4801-bfd0-fb58a65bdb17:group-6AA036CA3DED changes role from null to FOLLOWER at term 0 for startAsFollower
2019-09-01 05:36:06,993 [pool-509-thread-1] INFO  server.RaftServerConfigKeys (ConfUtils.java:logGet(43)) - raft.server.snapshot.auto.trigger.threshold = 10000 (custom)
2019-09-01 05:36:06,993 [pool-499-thread-1] INFO  impl.RoleInfo (RoleInfo.java:updateAndGet(143)) - 9ed047e0-6800-4801-bfd0-fb58a65bdb17: start FollowerState
2019-09-01 05:36:06,994 [pool-509-thread-1] INFO  server.RaftServerConfigKeys (ConfUtils.java:logGet(43)) - raft.server.retrycache.expirytime = 600000ms (custom)
2019-09-01 05:36:06,994 [pool-509-thread-1] INFO  impl.RaftServerImpl (RaftServerImpl.java:start(180)) - 9b3dd7f4-91cd-47fd-a215-72ecb837dc75: start group-6AA036CA3DED
2019-09-01 05:36:07,005 [pool-509-thread-1] INFO  impl.RaftServerImpl (RaftServerImpl.java:setRole(171)) - 9b3dd7f4-91cd-47fd-a215-72ecb837dc75:group-6AA036CA3DED changes role from null to FOLLOWER at term 0 for startAsFollower
2019-09-01 05:36:07,005 [pool-499-thread-1] INFO  util.JmxRegister (JmxRegister.java:tryRegister(44)) - Successfully registered JMX Bean with object name Ratis:service=RaftServer,group=group-6AA036CA3DED,id=9ed047e0-6800-4801-bfd0-fb58a65bdb17
2019-09-01 05:36:07,005 [pool-509-thread-1] INFO  impl.RoleInfo (RoleInfo.java:updateAndGet(143)) - 9b3dd7f4-91cd-47fd-a215-72ecb837dc75: start FollowerState
2019-09-01 05:36:07,006 [pool-509-thread-1] INFO  util.JmxRegister (JmxRegister.java:tryRegister(44)) - Successfully registered JMX Bean with object name Ratis:service=RaftServer,group=group-6AA036CA3DED,id=9b3dd7f4-91cd-47fd-a215-72ecb837dc75
2019-09-01 05:36:07,007 [RatisPipelineUtilsThread] INFO  pipeline.PipelineStateManager (PipelineStateManager.java:addPipeline(56)) - Created pipeline Pipeline[ Id: bcf006d6-d885-44eb-ae42-6aa036ca3ded, Nodes: 9b3dd7f4-91cd-47fd-a215-72ecb837dc75{ip: 192.168.36.91, host: trunk-nightly-20190901-gkzrd-4143273587, networkLocation: /default-rack, certSerialId: null}6ec88abe-3aa0-4cdc-bd94-b96ed0fe04dc{ip: 192.168.36.91, host: trunk-nightly-20190901-gkzrd-4143273587, networkLocation: /default-rack, certSerialId: null}9ed047e0-6800-4801-bfd0-fb58a65bdb17{ip: 192.168.36.91, host: trunk-nightly-20190901-gkzrd-4143273587, networkLocation: /default-rack, certSerialId: null}, Type:RATIS, Factor:THREE, State:OPEN]
2019-09-01 05:36:07,071 [IPC Server handler 16 on 38907] INFO  net.NetworkTopology (NetworkTopologyImpl.java:add(110)) - Added a new node: /default-rack/3bf717c5-51ea-4d54-aafc-6388feca3bed
2019-09-01 05:36:07,072 [IPC Server handler 16 on 38907] INFO  node.SCMNodeManager (SCMNodeManager.java:register(266)) - Registered Data node : 3bf717c5-51ea-4d54-aafc-6388feca3bed{ip: 192.168.36.91, host: trunk-nightly-20190901-gkzrd-4143273587, networkLocation: /default-rack, certSerialId: null}
2019-09-01 05:36:07,083 [grpc-default-executor-15] INFO  impl.RaftServerProxy (RaftServerProxy.java:addNew(89)) - cf674907-dece-4092-b393-45c73bb01958: addNew group-C275D291A638:[cf674907-dece-4092-b393-45c73bb01958:192.168.36.91:45960] returns group-C275D291A638:java.util.concurrent.CompletableFuture@1596adef[Not completed]
2019-09-01 05:36:07,085 [pool-529-thread-1] INFO  impl.RaftServerImpl (RaftServerImpl.java:<init>(93)) - cf674907-dece-4092-b393-45c73bb01958: new RaftServerImpl for group-C275D291A638:[cf674907-dece-4092-b393-45c73bb01958:192.168.36.91:45960] with ContainerStateMachine:uninitialized
2019-09-01 05:36:07,085 [pool-529-thread-1] INFO  server.RaftServerConfigKeys (ConfUtils.java:logGet(43)) - raft.server.rpc.timeout.min = 5s (custom)
2019-09-01 05:36:07,085 [pool-529-thread-1] INFO  server.RaftServerConfigKeys (ConfUtils.java:logGet(43)) - raft.server.rpc.timeout.max = 5200ms (custom)
2019-09-01 05:36:07,085 [pool-529-thread-1] INFO  server.RaftServerConfigKeys (ConfUtils.java:logGet(43)) - raft.server.rpcslowness.timeout = 120s (custom)
2019-09-01 05:36:07,086 [pool-529-thread-1] INFO  server.RaftServerConfigKeys (ConfUtils.java:logGet(43)) - raft.server.sleep.deviation.threshold = 300 (default)
2019-09-01 05:36:07,086 [pool-529-thread-1] INFO  server.RaftServerConfigKeys (ConfUtils.java:logGet(43)) - raft.server.log.appender.install.snapshot.enabled = false (custom)
2019-09-01 05:36:07,086 [pool-529-thread-1] INFO  impl.RaftServerImpl (ServerState.java:<init>(105)) - cf674907-dece-4092-b393-45c73bb01958:group-C275D291A638 ConfigurationManager, init=-1: [cf674907-dece-4092-b393-45c73bb01958:192.168.36.91:45960], old=null, confs=<EMPTY_MAP>
2019-09-01 05:36:07,086 [pool-529-thread-1] INFO  server.RaftServerConfigKeys (ConfUtils.java:logGet(43)) - raft.server.storage.dir = [/workdir/hadoop-ozone/integration-test/target/test-dir/MiniOzoneClusterImpl-321653a8-8d1f-4dd6-a653-78f44973ed1e/datanode-3/data/ratis] (custom)
2019-09-01 05:36:07,087 [pool-529-thread-1] INFO  storage.RaftStorageDirectory (RaftStorageDirectory.java:analyzeStorage(246)) - The storage directory /workdir/hadoop-ozone/integration-test/target/test-dir/MiniOzoneClusterImpl-321653a8-8d1f-4dd6-a653-78f44973ed1e/datanode-3/data/ratis/2b88e833-af19-4e51-ac88-c275d291a638 does not exist. Creating ...
2019-09-01 05:36:07,102 [pool-529-thread-1] INFO  storage.RaftStorageDirectory (RaftStorageDirectory.java:tryLock(328)) - Lock on /workdir/hadoop-ozone/integration-test/target/test-dir/MiniOzoneClusterImpl-321653a8-8d1f-4dd6-a653-78f44973ed1e/datanode-3/data/ratis/2b88e833-af19-4e51-ac88-c275d291a638/in_use.lock acquired by nodename 23283@trunk-nightly-20190901-gkzrd-4143273587
2019-09-01 05:36:07,134 [main] INFO  ozone.MiniOzoneClusterImpl (MiniOzoneClusterImpl.java:lambda$waitForClusterToBeReady$0(140)) - Waiting for cluster to be ready. Got 6 of 7 DN Heartbeats.
2019-09-01 05:36:07,135 [IPC Server handler 15 on 38907] INFO  net.NetworkTopology (NetworkTopologyImpl.java:add(110)) - Added a new node: /default-rack/98d58070-504e-4381-8607-140696a0bcab
2019-09-01 05:36:07,136 [IPC Server handler 15 on 38907] INFO  node.SCMNodeManager (SCMNodeManager.java:register(266)) - Registered Data node : 98d58070-504e-4381-8607-140696a0bcab{ip: 192.168.36.91, host: trunk-nightly-20190901-gkzrd-4143273587, networkLocation: /default-rack, certSerialId: null}
2019-09-01 05:36:07,137 [pool-529-thread-1] INFO  storage.RaftStorage (RaftStorage.java:format(72)) - Storage directory /workdir/hadoop-ozone/integration-test/target/test-dir/MiniOzoneClusterImpl-321653a8-8d1f-4dd6-a653-78f44973ed1e/datanode-3/data/ratis/2b88e833-af19-4e51-ac88-c275d291a638 has been successfully formatted.
2019-09-01 05:36:07,138 [pool-529-thread-1] INFO  ratis.ContainerStateMachine (ContainerStateMachine.java:loadSnapshot(227)) - group-C275D291A638: The snapshot info is null. Setting the last applied indexto:(t:0, i:~)
2019-09-01 05:36:07,138 [pool-529-thread-1] INFO  server.RaftServerConfigKeys (ConfUtils.java:logGet(43)) - raft.server.leader.election.timeout = 120s (custom)
2019-09-01 05:36:07,138 [pool-529-thread-1] INFO  server.RaftServerConfigKeys (ConfUtils.java:logGet(43)) - raft.server.log.use.memory = false (default)
2019-09-01 05:36:07,138 [pool-529-thread-1] INFO  server.RaftServerConfigKeys (ConfUtils.java:logGet(43)) - raft.server.log.purge.gap = 1000000 (custom)
2019-09-01 05:36:07,139 [pool-529-thread-1] INFO  server.RaftServerConfigKeys (ConfUtils.java:logGet(43)) - raft.server.log.appender.buffer.byte-limit = 33554432 (custom)
2019-09-01 05:36:07,139 [pool-529-thread-1] INFO  server.RaftServerConfigKeys (ConfUtils.java:logGet(43)) - raft.server.log.segment.size.max = 1048576 (custom)
2019-09-01 05:36:07,139 [pool-529-thread-1] INFO  server.RaftServerConfigKeys (ConfUtils.java:logGet(43)) - raft.server.log.segment.cache.num.max = 2 (custom)
2019-09-01 05:36:07,139 [pool-529-thread-1] INFO  segmented.SegmentedRaftLogWorker (SegmentedRaftLogWorker.java:<init>(172)) - new cf674907-dece-4092-b393-45c73bb01958-SegmentedRaftLogWorker:Storage Directory /workdir/hadoop-ozone/integration-test/target/test-dir/MiniOzoneClusterImpl-321653a8-8d1f-4dd6-a653-78f44973ed1e/datanode-3/data/ratis/2b88e833-af19-4e51-ac88-c275d291a638 for RaftStorage:Storage Directory /workdir/hadoop-ozone/integration-test/target/test-dir/MiniOzoneClusterImpl-321653a8-8d1f-4dd6-a653-78f44973ed1e/datanode-3/data/ratis/2b88e833-af19-4e51-ac88-c275d291a638
2019-09-01 05:36:07,139 [pool-529-thread-1] INFO  server.RaftServerConfigKeys (ConfUtils.java:logGet(43)) - raft.server.log.queue.byte-limit = 2147483647 (custom)
2019-09-01 05:36:07,140 [pool-529-thread-1] INFO  server.RaftServerConfigKeys (ConfUtils.java:logGet(43)) - raft.server.log.queue.element-limit = 1024 (custom)
2019-09-01 05:36:07,140 [pool-529-thread-1] INFO  server.RaftServerConfigKeys (ConfUtils.java:logGet(43)) - raft.server.log.segment.size.max = 1048576 (custom)
2019-09-01 05:36:07,140 [pool-529-thread-1] INFO  server.RaftServerConfigKeys (ConfUtils.java:logGet(43)) - raft.server.log.preallocated.size = 16384 (custom)
2019-09-01 05:36:07,140 [pool-529-thread-1] INFO  server.RaftServerConfigKeys (ConfUtils.java:logGet(43)) - raft.server.log.write.buffer.size = 33554432 (custom)
2019-09-01 05:36:07,140 [pool-529-thread-1] INFO  server.RaftServerConfigKeys (ConfUtils.java:logGet(43)) - raft.server.log.force.sync.num = 128 (default)
2019-09-01 05:36:07,140 [pool-529-thread-1] INFO  server.RaftServerConfigKeys (ConfUtils.java:logGet(43)) - raft.server.log.statemachine.data.sync = true (default)
2019-09-01 05:36:07,140 [pool-529-thread-1] INFO  server.RaftServerConfigKeys (ConfUtils.java:logGet(43)) - raft.server.log.statemachine.data.sync.timeout = 10s (default)
2019-09-01 05:36:07,140 [pool-529-thread-1] INFO  server.RaftServerConfigKeys (ConfUtils.java:logGet(43)) - raft.server.log.statemachine.data.sync.timeout.retry = -1 (default)
2019-09-01 05:36:07,141 [pool-529-thread-1] INFO  server.RaftServerConfigKeys (ConfUtils.java:logGet(43)) - raft.server.log.statemachine.data.caching.enabled = true (custom)
2019-09-01 05:36:07,141 [pool-529-thread-1] INFO  segmented.SegmentedRaftLogWorker (SegmentedRaftLogWorker.java:lambda$new$0(132)) - cf674907-dece-4092-b393-45c73bb01958-SegmentedRaftLogWorker:Storage Directory /workdir/hadoop-ozone/integration-test/target/test-dir/MiniOzoneClusterImpl-321653a8-8d1f-4dd6-a653-78f44973ed1e/datanode-3/data/ratis/2b88e833-af19-4e51-ac88-c275d291a638: flushIndex: setUnconditionally 0 -> -1
2019-09-01 05:36:07,141 [pool-529-thread-1] INFO  server.RaftServerConfigKeys (ConfUtils.java:logGet(43)) - raft.server.snapshot.auto.trigger.enabled = true (custom)
2019-09-01 05:36:07,141 [pool-529-thread-1] INFO  server.RaftServerConfigKeys (ConfUtils.java:logGet(43)) - raft.server.snapshot.auto.trigger.threshold = 10000 (custom)
2019-09-01 05:36:07,142 [pool-529-thread-1] INFO  server.RaftServerConfigKeys (ConfUtils.java:logGet(43)) - raft.server.retrycache.expirytime = 600000ms (custom)
2019-09-01 05:36:07,142 [pool-529-thread-1] INFO  impl.RaftServerImpl (RaftServerImpl.java:start(180)) - cf674907-dece-4092-b393-45c73bb01958: start group-C275D291A638
2019-09-01 05:36:07,142 [pool-529-thread-1] INFO  impl.RaftServerImpl (RaftServerImpl.java:setRole(171)) - cf674907-dece-4092-b393-45c73bb01958:group-C275D291A638 changes role from null to FOLLOWER at term 0 for startAsFollower
2019-09-01 05:36:07,142 [pool-529-thread-1] INFO  impl.RoleInfo (RoleInfo.java:updateAndGet(143)) - cf674907-dece-4092-b393-45c73bb01958: start FollowerState
2019-09-01 05:36:07,142 [pool-529-thread-1] INFO  util.JmxRegister (JmxRegister.java:tryRegister(44)) - Successfully registered JMX Bean with object name Ratis:service=RaftServer,group=group-C275D291A638,id=cf674907-dece-4092-b393-45c73bb01958
2019-09-01 05:36:07,144 [RatisPipelineUtilsThread] INFO  pipeline.PipelineStateManager (PipelineStateManager.java:addPipeline(56)) - Created pipeline Pipeline[ Id: 2b88e833-af19-4e51-ac88-c275d291a638, Nodes: cf674907-dece-4092-b393-45c73bb01958{ip: 192.168.36.91, host: trunk-nightly-20190901-gkzrd-4143273587, networkLocation: /default-rack, certSerialId: null}, Type:RATIS, Factor:ONE, State:OPEN]
2019-09-01 05:36:07,151 [grpc-default-executor-15] INFO  impl.RaftServerProxy (RaftServerProxy.java:addNew(89)) - 98d58070-504e-4381-8607-140696a0bcab: addNew group-252092821D51:[98d58070-504e-4381-8607-140696a0bcab:192.168.36.91:36578] returns group-252092821D51:java.util.concurrent.CompletableFuture@3c36750f[Not completed]
2019-09-01 05:36:07,152 [pool-559-thread-1] INFO  impl.RaftServerImpl (RaftServerImpl.java:<init>(93)) - 98d58070-504e-4381-8607-140696a0bcab: new RaftServerImpl for group-252092821D51:[98d58070-504e-4381-8607-140696a0bcab:192.168.36.91:36578] with ContainerStateMachine:uninitialized
2019-09-01 05:36:07,152 [pool-559-thread-1] INFO  server.RaftServerConfigKeys (ConfUtils.java:logGet(43)) - raft.server.rpc.timeout.min = 5s (custom)
2019-09-01 05:36:07,152 [pool-559-thread-1] INFO  server.RaftServerConfigKeys (ConfUtils.java:logGet(43)) - raft.server.rpc.timeout.max = 5200ms (custom)
2019-09-01 05:36:07,152 [pool-559-thread-1] INFO  server.RaftServerConfigKeys (ConfUtils.java:logGet(43)) - raft.server.rpcslowness.timeout = 120s (custom)
2019-09-01 05:36:07,152 [pool-559-thread-1] INFO  server.RaftServerConfigKeys (ConfUtils.java:logGet(43)) - raft.server.sleep.deviation.threshold = 300 (default)
2019-09-01 05:36:07,152 [pool-559-thread-1] INFO  server.RaftServerConfigKeys (ConfUtils.java:logGet(43)) - raft.server.log.appender.install.snapshot.enabled = false (custom)
2019-09-01 05:36:07,152 [pool-559-thread-1] INFO  impl.RaftServerImpl (ServerState.java:<init>(105)) - 98d58070-504e-4381-8607-140696a0bcab:group-252092821D51 ConfigurationManager, init=-1: [98d58070-504e-4381-8607-140696a0bcab:192.168.36.91:36578], old=null, confs=<EMPTY_MAP>
2019-09-01 05:36:07,152 [pool-559-thread-1] INFO  server.RaftServerConfigKeys (ConfUtils.java:logGet(43)) - raft.server.storage.dir = [/workdir/hadoop-ozone/integration-test/target/test-dir/MiniOzoneClusterImpl-321653a8-8d1f-4dd6-a653-78f44973ed1e/datanode-6/data/ratis] (custom)
2019-09-01 05:36:07,153 [pool-559-thread-1] INFO  storage.RaftStorageDirectory (RaftStorageDirectory.java:analyzeStorage(246)) - The storage directory /workdir/hadoop-ozone/integration-test/target/test-dir/MiniOzoneClusterImpl-321653a8-8d1f-4dd6-a653-78f44973ed1e/datanode-6/data/ratis/80544ec3-2063-4ef5-ad13-252092821d51 does not exist. Creating ...
2019-09-01 05:36:07,178 [pool-559-thread-1] INFO  storage.RaftStorageDirectory (RaftStorageDirectory.java:tryLock(328)) - Lock on /workdir/hadoop-ozone/integration-test/target/test-dir/MiniOzoneClusterImpl-321653a8-8d1f-4dd6-a653-78f44973ed1e/datanode-6/data/ratis/80544ec3-2063-4ef5-ad13-252092821d51/in_use.lock acquired by nodename 23283@trunk-nightly-20190901-gkzrd-4143273587
2019-09-01 05:36:07,203 [pool-559-thread-1] INFO  storage.RaftStorage (RaftStorage.java:format(72)) - Storage directory /workdir/hadoop-ozone/integration-test/target/test-dir/MiniOzoneClusterImpl-321653a8-8d1f-4dd6-a653-78f44973ed1e/datanode-6/data/ratis/80544ec3-2063-4ef5-ad13-252092821d51 has been successfully formatted.
2019-09-01 05:36:07,204 [pool-559-thread-1] INFO  ratis.ContainerStateMachine (ContainerStateMachine.java:loadSnapshot(227)) - group-252092821D51: The snapshot info is null. Setting the last applied indexto:(t:0, i:~)
2019-09-01 05:36:07,204 [pool-559-thread-1] INFO  server.RaftServerConfigKeys (ConfUtils.java:logGet(43)) - raft.server.leader.election.timeout = 120s (custom)
2019-09-01 05:36:07,204 [pool-559-thread-1] INFO  server.RaftServerConfigKeys (ConfUtils.java:logGet(43)) - raft.server.log.use.memory = false (default)
2019-09-01 05:36:07,204 [pool-559-thread-1] INFO  server.RaftServerConfigKeys (ConfUtils.java:logGet(43)) - raft.server.log.purge.gap = 1000000 (custom)
2019-09-01 05:36:07,204 [pool-559-thread-1] INFO  server.RaftServerConfigKeys (ConfUtils.java:logGet(43)) - raft.server.log.appender.buffer.byte-limit = 33554432 (custom)
2019-09-01 05:36:07,204 [pool-559-thread-1] INFO  server.RaftServerConfigKeys (ConfUtils.java:logGet(43)) - raft.server.log.segment.size.max = 1048576 (custom)
2019-09-01 05:36:07,204 [pool-559-thread-1] INFO  server.RaftServerConfigKeys (ConfUtils.java:logGet(43)) - raft.server.log.segment.cache.num.max = 2 (custom)
2019-09-01 05:36:07,204 [pool-559-thread-1] INFO  segmented.SegmentedRaftLogWorker (SegmentedRaftLogWorker.java:<init>(172)) - new 98d58070-504e-4381-8607-140696a0bcab-SegmentedRaftLogWorker:Storage Directory /workdir/hadoop-ozone/integration-test/target/test-dir/MiniOzoneClusterImpl-321653a8-8d1f-4dd6-a653-78f44973ed1e/datanode-6/data/ratis/80544ec3-2063-4ef5-ad13-252092821d51 for RaftStorage:Storage Directory /workdir/hadoop-ozone/integration-test/target/test-dir/MiniOzoneClusterImpl-321653a8-8d1f-4dd6-a653-78f44973ed1e/datanode-6/data/ratis/80544ec3-2063-4ef5-ad13-252092821d51
2019-09-01 05:36:07,205 [pool-559-thread-1] INFO  server.RaftServerConfigKeys (ConfUtils.java:logGet(43)) - raft.server.log.queue.byte-limit = 2147483647 (custom)
2019-09-01 05:36:07,205 [pool-559-thread-1] INFO  server.RaftServerConfigKeys (ConfUtils.java:logGet(43)) - raft.server.log.queue.element-limit = 1024 (custom)
2019-09-01 05:36:07,205 [pool-559-thread-1] INFO  server.RaftServerConfigKeys (ConfUtils.java:logGet(43)) - raft.server.log.segment.size.max = 1048576 (custom)
2019-09-01 05:36:07,205 [pool-559-thread-1] INFO  server.RaftServerConfigKeys (ConfUtils.java:logGet(43)) - raft.server.log.preallocated.size = 16384 (custom)
2019-09-01 05:36:07,205 [pool-559-thread-1] INFO  server.RaftServerConfigKeys (ConfUtils.java:logGet(43)) - raft.server.log.write.buffer.size = 33554432 (custom)
2019-09-01 05:36:07,205 [pool-559-thread-1] INFO  server.RaftServerConfigKeys (ConfUtils.java:logGet(43)) - raft.server.log.force.sync.num = 128 (default)
2019-09-01 05:36:07,205 [pool-559-thread-1] INFO  server.RaftServerConfigKeys (ConfUtils.java:logGet(43)) - raft.server.log.statemachine.data.sync = true (default)
2019-09-01 05:36:07,205 [pool-559-thread-1] INFO  server.RaftServerConfigKeys (ConfUtils.java:logGet(43)) - raft.server.log.statemachine.data.sync.timeout = 10s (default)
2019-09-01 05:36:07,206 [pool-559-thread-1] INFO  server.RaftServerConfigKeys (ConfUtils.java:logGet(43)) - raft.server.log.statemachine.data.sync.timeout.retry = -1 (default)
2019-09-01 05:36:07,206 [pool-559-thread-1] INFO  server.RaftServerConfigKeys (ConfUtils.java:logGet(43)) - raft.server.log.statemachine.data.caching.enabled = true (custom)
2019-09-01 05:36:07,206 [pool-559-thread-1] INFO  segmented.SegmentedRaftLogWorker (SegmentedRaftLogWorker.java:lambda$new$0(132)) - 98d58070-504e-4381-8607-140696a0bcab-SegmentedRaftLogWorker:Storage Directory /workdir/hadoop-ozone/integration-test/target/test-dir/MiniOzoneClusterImpl-321653a8-8d1f-4dd6-a653-78f44973ed1e/datanode-6/data/ratis/80544ec3-2063-4ef5-ad13-252092821d51: flushIndex: setUnconditionally 0 -> -1
2019-09-01 05:36:07,206 [pool-559-thread-1] INFO  server.RaftServerConfigKeys (ConfUtils.java:logGet(43)) - raft.server.snapshot.auto.trigger.enabled = true (custom)
2019-09-01 05:36:07,207 [pool-559-thread-1] INFO  server.RaftServerConfigKeys (ConfUtils.java:logGet(43)) - raft.server.snapshot.auto.trigger.threshold = 10000 (custom)
2019-09-01 05:36:07,207 [pool-559-thread-1] INFO  server.RaftServerConfigKeys (ConfUtils.java:logGet(43)) - raft.server.retrycache.expirytime = 600000ms (custom)
2019-09-01 05:36:07,207 [pool-559-thread-1] INFO  impl.RaftServerImpl (RaftServerImpl.java:start(180)) - 98d58070-504e-4381-8607-140696a0bcab: start group-252092821D51
2019-09-01 05:36:07,207 [pool-559-thread-1] INFO  impl.RaftServerImpl (RaftServerImpl.java:setRole(171)) - 98d58070-504e-4381-8607-140696a0bcab:group-252092821D51 changes role from null to FOLLOWER at term 0 for startAsFollower
2019-09-01 05:36:07,207 [pool-559-thread-1] INFO  impl.RoleInfo (RoleInfo.java:updateAndGet(143)) - 98d58070-504e-4381-8607-140696a0bcab: start FollowerState
2019-09-01 05:36:07,207 [pool-559-thread-1] INFO  util.JmxRegister (JmxRegister.java:tryRegister(44)) - Successfully registered JMX Bean with object name Ratis:service=RaftServer,group=group-252092821D51,id=98d58070-504e-4381-8607-140696a0bcab
2019-09-01 05:36:07,209 [RatisPipelineUtilsThread] INFO  pipeline.PipelineStateManager (PipelineStateManager.java:addPipeline(56)) - Created pipeline Pipeline[ Id: 80544ec3-2063-4ef5-ad13-252092821d51, Nodes: 98d58070-504e-4381-8607-140696a0bcab{ip: 192.168.36.91, host: trunk-nightly-20190901-gkzrd-4143273587, networkLocation: /default-rack, certSerialId: null}, Type:RATIS, Factor:ONE, State:OPEN]
2019-09-01 05:36:07,226 [grpc-default-executor-15] INFO  impl.RaftServerProxy (RaftServerProxy.java:addNew(89)) - b4827cc5-e6d4-40a4-bd7a-ab968f420f26: addNew group-E314E2C53BC6:[b4827cc5-e6d4-40a4-bd7a-ab968f420f26:192.168.36.91:46458] returns group-E314E2C53BC6:java.util.concurrent.CompletableFuture@182c00b0[Not completed]
2019-09-01 05:36:07,227 [pool-539-thread-1] INFO  impl.RaftServerImpl (RaftServerImpl.java:<init>(93)) - b4827cc5-e6d4-40a4-bd7a-ab968f420f26: new RaftServerImpl for group-E314E2C53BC6:[b4827cc5-e6d4-40a4-bd7a-ab968f420f26:192.168.36.91:46458] with ContainerStateMachine:uninitialized
2019-09-01 05:36:07,227 [pool-539-thread-1] INFO  server.RaftServerConfigKeys (ConfUtils.java:logGet(43)) - raft.server.rpc.timeout.min = 5s (custom)
2019-09-01 05:36:07,227 [pool-539-thread-1] INFO  server.RaftServerConfigKeys (ConfUtils.java:logGet(43)) - raft.server.rpc.timeout.max = 5200ms (custom)
2019-09-01 05:36:07,227 [pool-539-thread-1] INFO  server.RaftServerConfigKeys (ConfUtils.java:logGet(43)) - raft.server.rpcslowness.timeout = 120s (custom)
2019-09-01 05:36:07,227 [pool-539-thread-1] INFO  server.RaftServerConfigKeys (ConfUtils.java:logGet(43)) - raft.server.sleep.deviation.threshold = 300 (default)
2019-09-01 05:36:07,227 [pool-539-thread-1] INFO  server.RaftServerConfigKeys (ConfUtils.java:logGet(43)) - raft.server.log.appender.install.snapshot.enabled = false (custom)
2019-09-01 05:36:07,227 [pool-539-thread-1] INFO  impl.RaftServerImpl (ServerState.java:<init>(105)) - b4827cc5-e6d4-40a4-bd7a-ab968f420f26:group-E314E2C53BC6 ConfigurationManager, init=-1: [b4827cc5-e6d4-40a4-bd7a-ab968f420f26:192.168.36.91:46458], old=null, confs=<EMPTY_MAP>
2019-09-01 05:36:07,227 [pool-539-thread-1] INFO  server.RaftServerConfigKeys (ConfUtils.java:logGet(43)) - raft.server.storage.dir = [/workdir/hadoop-ozone/integration-test/target/test-dir/MiniOzoneClusterImpl-321653a8-8d1f-4dd6-a653-78f44973ed1e/datanode-4/data/ratis] (custom)
2019-09-01 05:36:07,228 [pool-539-thread-1] INFO  storage.RaftStorageDirectory (RaftStorageDirectory.java:analyzeStorage(246)) - The storage directory /workdir/hadoop-ozone/integration-test/target/test-dir/MiniOzoneClusterImpl-321653a8-8d1f-4dd6-a653-78f44973ed1e/datanode-4/data/ratis/902c88c3-6c9a-4879-9e61-e314e2c53bc6 does not exist. Creating ...
2019-09-01 05:36:07,254 [pool-539-thread-1] INFO  storage.RaftStorageDirectory (RaftStorageDirectory.java:tryLock(328)) - Lock on /workdir/hadoop-ozone/integration-test/target/test-dir/MiniOzoneClusterImpl-321653a8-8d1f-4dd6-a653-78f44973ed1e/datanode-4/data/ratis/902c88c3-6c9a-4879-9e61-e314e2c53bc6/in_use.lock acquired by nodename 23283@trunk-nightly-20190901-gkzrd-4143273587
2019-09-01 05:36:07,279 [pool-539-thread-1] INFO  storage.RaftStorage (RaftStorage.java:format(72)) - Storage directory /workdir/hadoop-ozone/integration-test/target/test-dir/MiniOzoneClusterImpl-321653a8-8d1f-4dd6-a653-78f44973ed1e/datanode-4/data/ratis/902c88c3-6c9a-4879-9e61-e314e2c53bc6 has been successfully formatted.
2019-09-01 05:36:07,279 [pool-539-thread-1] INFO  ratis.ContainerStateMachine (ContainerStateMachine.java:loadSnapshot(227)) - group-E314E2C53BC6: The snapshot info is null. Setting the last applied indexto:(t:0, i:~)
2019-09-01 05:36:07,280 [pool-539-thread-1] INFO  server.RaftServerConfigKeys (ConfUtils.java:logGet(43)) - raft.server.leader.election.timeout = 120s (custom)
2019-09-01 05:36:07,280 [pool-539-thread-1] INFO  server.RaftServerConfigKeys (ConfUtils.java:logGet(43)) - raft.server.log.use.memory = false (default)
2019-09-01 05:36:07,280 [pool-539-thread-1] INFO  server.RaftServerConfigKeys (ConfUtils.java:logGet(43)) - raft.server.log.purge.gap = 1000000 (custom)
2019-09-01 05:36:07,280 [pool-539-thread-1] INFO  server.RaftServerConfigKeys (ConfUtils.java:logGet(43)) - raft.server.log.appender.buffer.byte-limit = 33554432 (custom)
2019-09-01 05:36:07,280 [pool-539-thread-1] INFO  server.RaftServerConfigKeys (ConfUtils.java:logGet(43)) - raft.server.log.segment.size.max = 1048576 (custom)
2019-09-01 05:36:07,280 [pool-539-thread-1] INFO  server.RaftServerConfigKeys (ConfUtils.java:logGet(43)) - raft.server.log.segment.cache.num.max = 2 (custom)
2019-09-01 05:36:07,280 [pool-539-thread-1] INFO  segmented.SegmentedRaftLogWorker (SegmentedRaftLogWorker.java:<init>(172)) - new b4827cc5-e6d4-40a4-bd7a-ab968f420f26-SegmentedRaftLogWorker:Storage Directory /workdir/hadoop-ozone/integration-test/target/test-dir/MiniOzoneClusterImpl-321653a8-8d1f-4dd6-a653-78f44973ed1e/datanode-4/data/ratis/902c88c3-6c9a-4879-9e61-e314e2c53bc6 for RaftStorage:Storage Directory /workdir/hadoop-ozone/integration-test/target/test-dir/MiniOzoneClusterImpl-321653a8-8d1f-4dd6-a653-78f44973ed1e/datanode-4/data/ratis/902c88c3-6c9a-4879-9e61-e314e2c53bc6
2019-09-01 05:36:07,280 [pool-539-thread-1] INFO  server.RaftServerConfigKeys (ConfUtils.java:logGet(43)) - raft.server.log.queue.byte-limit = 2147483647 (custom)
2019-09-01 05:36:07,280 [pool-539-thread-1] INFO  server.RaftServerConfigKeys (ConfUtils.java:logGet(43)) - raft.server.log.queue.element-limit = 1024 (custom)
2019-09-01 05:36:07,281 [pool-539-thread-1] INFO  server.RaftServerConfigKeys (ConfUtils.java:logGet(43)) - raft.server.log.segment.size.max = 1048576 (custom)
2019-09-01 05:36:07,281 [pool-539-thread-1] INFO  server.RaftServerConfigKeys (ConfUtils.java:logGet(43)) - raft.server.log.preallocated.size = 16384 (custom)
2019-09-01 05:36:07,281 [pool-539-thread-1] INFO  server.RaftServerConfigKeys (ConfUtils.java:logGet(43)) - raft.server.log.write.buffer.size = 33554432 (custom)
2019-09-01 05:36:07,281 [pool-539-thread-1] INFO  server.RaftServerConfigKeys (ConfUtils.java:logGet(43)) - raft.server.log.force.sync.num = 128 (default)
2019-09-01 05:36:07,281 [pool-539-thread-1] INFO  server.RaftServerConfigKeys (ConfUtils.java:logGet(43)) - raft.server.log.statemachine.data.sync = true (default)
2019-09-01 05:36:07,281 [pool-539-thread-1] INFO  server.RaftServerConfigKeys (ConfUtils.java:logGet(43)) - raft.server.log.statemachine.data.sync.timeout = 10s (default)
2019-09-01 05:36:07,281 [pool-539-thread-1] INFO  server.RaftServerConfigKeys (ConfUtils.java:logGet(43)) - raft.server.log.statemachine.data.sync.timeout.retry = -1 (default)
2019-09-01 05:36:07,281 [pool-539-thread-1] INFO  server.RaftServerConfigKeys (ConfUtils.java:logGet(43)) - raft.server.log.statemachine.data.caching.enabled = true (custom)
2019-09-01 05:36:07,282 [pool-539-thread-1] INFO  segmented.SegmentedRaftLogWorker (SegmentedRaftLogWorker.java:lambda$new$0(132)) - b4827cc5-e6d4-40a4-bd7a-ab968f420f26-SegmentedRaftLogWorker:Storage Directory /workdir/hadoop-ozone/integration-test/target/test-dir/MiniOzoneClusterImpl-321653a8-8d1f-4dd6-a653-78f44973ed1e/datanode-4/data/ratis/902c88c3-6c9a-4879-9e61-e314e2c53bc6: flushIndex: setUnconditionally 0 -> -1
2019-09-01 05:36:07,282 [pool-539-thread-1] INFO  server.RaftServerConfigKeys (ConfUtils.java:logGet(43)) - raft.server.snapshot.auto.trigger.enabled = true (custom)
2019-09-01 05:36:07,282 [pool-539-thread-1] INFO  server.RaftServerConfigKeys (ConfUtils.java:logGet(43)) - raft.server.snapshot.auto.trigger.threshold = 10000 (custom)
2019-09-01 05:36:07,282 [pool-539-thread-1] INFO  server.RaftServerConfigKeys (ConfUtils.java:logGet(43)) - raft.server.retrycache.expirytime = 600000ms (custom)
2019-09-01 05:36:07,282 [pool-539-thread-1] INFO  impl.RaftServerImpl (RaftServerImpl.java:start(180)) - b4827cc5-e6d4-40a4-bd7a-ab968f420f26: start group-E314E2C53BC6
2019-09-01 05:36:07,282 [pool-539-thread-1] INFO  impl.RaftServerImpl (RaftServerImpl.java:setRole(171)) - b4827cc5-e6d4-40a4-bd7a-ab968f420f26:group-E314E2C53BC6 changes role from null to FOLLOWER at term 0 for startAsFollower
2019-09-01 05:36:07,282 [pool-539-thread-1] INFO  impl.RoleInfo (RoleInfo.java:updateAndGet(143)) - b4827cc5-e6d4-40a4-bd7a-ab968f420f26: start FollowerState
2019-09-01 05:36:07,283 [pool-539-thread-1] INFO  util.JmxRegister (JmxRegister.java:tryRegister(44)) - Successfully registered JMX Bean with object name Ratis:service=RaftServer,group=group-E314E2C53BC6,id=b4827cc5-e6d4-40a4-bd7a-ab968f420f26
2019-09-01 05:36:07,285 [RatisPipelineUtilsThread] INFO  pipeline.PipelineStateManager (PipelineStateManager.java:addPipeline(56)) - Created pipeline Pipeline[ Id: 902c88c3-6c9a-4879-9e61-e314e2c53bc6, Nodes: b4827cc5-e6d4-40a4-bd7a-ab968f420f26{ip: 192.168.36.91, host: trunk-nightly-20190901-gkzrd-4143273587, networkLocation: /default-rack, certSerialId: null}, Type:RATIS, Factor:ONE, State:OPEN]
2019-09-01 05:36:07,291 [grpc-default-executor-15] INFO  impl.RaftServerProxy (RaftServerProxy.java:addNew(89)) - 3bf717c5-51ea-4d54-aafc-6388feca3bed: addNew group-15423DD87A68:[3bf717c5-51ea-4d54-aafc-6388feca3bed:192.168.36.91:46634] returns group-15423DD87A68:java.util.concurrent.CompletableFuture@36e7030d[Not completed]
2019-09-01 05:36:07,292 [pool-549-thread-1] INFO  impl.RaftServerImpl (RaftServerImpl.java:<init>(93)) - 3bf717c5-51ea-4d54-aafc-6388feca3bed: new RaftServerImpl for group-15423DD87A68:[3bf717c5-51ea-4d54-aafc-6388feca3bed:192.168.36.91:46634] with ContainerStateMachine:uninitialized
2019-09-01 05:36:07,293 [pool-549-thread-1] INFO  server.RaftServerConfigKeys (ConfUtils.java:logGet(43)) - raft.server.rpc.timeout.min = 5s (custom)
2019-09-01 05:36:07,293 [pool-549-thread-1] INFO  server.RaftServerConfigKeys (ConfUtils.java:logGet(43)) - raft.server.rpc.timeout.max = 5200ms (custom)
2019-09-01 05:36:07,293 [pool-549-thread-1] INFO  server.RaftServerConfigKeys (ConfUtils.java:logGet(43)) - raft.server.rpcslowness.timeout = 120s (custom)
2019-09-01 05:36:07,293 [pool-549-thread-1] INFO  server.RaftServerConfigKeys (ConfUtils.java:logGet(43)) - raft.server.sleep.deviation.threshold = 300 (default)
2019-09-01 05:36:07,293 [pool-549-thread-1] INFO  server.RaftServerConfigKeys (ConfUtils.java:logGet(43)) - raft.server.log.appender.install.snapshot.enabled = false (custom)
2019-09-01 05:36:07,293 [pool-549-thread-1] INFO  impl.RaftServerImpl (ServerState.java:<init>(105)) - 3bf717c5-51ea-4d54-aafc-6388feca3bed:group-15423DD87A68 ConfigurationManager, init=-1: [3bf717c5-51ea-4d54-aafc-6388feca3bed:192.168.36.91:46634], old=null, confs=<EMPTY_MAP>
2019-09-01 05:36:07,293 [pool-549-thread-1] INFO  server.RaftServerConfigKeys (ConfUtils.java:logGet(43)) - raft.server.storage.dir = [/workdir/hadoop-ozone/integration-test/target/test-dir/MiniOzoneClusterImpl-321653a8-8d1f-4dd6-a653-78f44973ed1e/datanode-5/data/ratis] (custom)
2019-09-01 05:36:07,294 [pool-549-thread-1] INFO  storage.RaftStorageDirectory (RaftStorageDirectory.java:analyzeStorage(246)) - The storage directory /workdir/hadoop-ozone/integration-test/target/test-dir/MiniOzoneClusterImpl-321653a8-8d1f-4dd6-a653-78f44973ed1e/datanode-5/data/ratis/67dc4085-6ccc-4491-a5ef-15423dd87a68 does not exist. Creating ...
2019-09-01 05:36:07,331 [pool-549-thread-1] INFO  storage.RaftStorageDirectory (RaftStorageDirectory.java:tryLock(328)) - Lock on /workdir/hadoop-ozone/integration-test/target/test-dir/MiniOzoneClusterImpl-321653a8-8d1f-4dd6-a653-78f44973ed1e/datanode-5/data/ratis/67dc4085-6ccc-4491-a5ef-15423dd87a68/in_use.lock acquired by nodename 23283@trunk-nightly-20190901-gkzrd-4143273587
2019-09-01 05:36:07,347 [pool-549-thread-1] INFO  storage.RaftStorage (RaftStorage.java:format(72)) - Storage directory /workdir/hadoop-ozone/integration-test/target/test-dir/MiniOzoneClusterImpl-321653a8-8d1f-4dd6-a653-78f44973ed1e/datanode-5/data/ratis/67dc4085-6ccc-4491-a5ef-15423dd87a68 has been successfully formatted.
2019-09-01 05:36:07,348 [pool-549-thread-1] INFO  ratis.ContainerStateMachine (ContainerStateMachine.java:loadSnapshot(227)) - group-15423DD87A68: The snapshot info is null. Setting the last applied indexto:(t:0, i:~)
2019-09-01 05:36:07,348 [pool-549-thread-1] INFO  server.RaftServerConfigKeys (ConfUtils.java:logGet(43)) - raft.server.leader.election.timeout = 120s (custom)
2019-09-01 05:36:07,348 [pool-549-thread-1] INFO  server.RaftServerConfigKeys (ConfUtils.java:logGet(43)) - raft.server.log.use.memory = false (default)
2019-09-01 05:36:07,348 [pool-549-thread-1] INFO  server.RaftServerConfigKeys (ConfUtils.java:logGet(43)) - raft.server.log.purge.gap = 1000000 (custom)
2019-09-01 05:36:07,348 [pool-549-thread-1] INFO  server.RaftServerConfigKeys (ConfUtils.java:logGet(43)) - raft.server.log.appender.buffer.byte-limit = 33554432 (custom)
2019-09-01 05:36:07,348 [pool-549-thread-1] INFO  server.RaftServerConfigKeys (ConfUtils.java:logGet(43)) - raft.server.log.segment.size.max = 1048576 (custom)
2019-09-01 05:36:07,348 [pool-549-thread-1] INFO  server.RaftServerConfigKeys (ConfUtils.java:logGet(43)) - raft.server.log.segment.cache.num.max = 2 (custom)
2019-09-01 05:36:07,348 [pool-549-thread-1] INFO  segmented.SegmentedRaftLogWorker (SegmentedRaftLogWorker.java:<init>(172)) - new 3bf717c5-51ea-4d54-aafc-6388feca3bed-SegmentedRaftLogWorker:Storage Directory /workdir/hadoop-ozone/integration-test/target/test-dir/MiniOzoneClusterImpl-321653a8-8d1f-4dd6-a653-78f44973ed1e/datanode-5/data/ratis/67dc4085-6ccc-4491-a5ef-15423dd87a68 for RaftStorage:Storage Directory /workdir/hadoop-ozone/integration-test/target/test-dir/MiniOzoneClusterImpl-321653a8-8d1f-4dd6-a653-78f44973ed1e/datanode-5/data/ratis/67dc4085-6ccc-4491-a5ef-15423dd87a68
2019-09-01 05:36:07,348 [pool-549-thread-1] INFO  server.RaftServerConfigKeys (ConfUtils.java:logGet(43)) - raft.server.log.queue.byte-limit = 2147483647 (custom)
2019-09-01 05:36:07,349 [pool-549-thread-1] INFO  server.RaftServerConfigKeys (ConfUtils.java:logGet(43)) - raft.server.log.queue.element-limit = 1024 (custom)
2019-09-01 05:36:07,349 [pool-549-thread-1] INFO  server.RaftServerConfigKeys (ConfUtils.java:logGet(43)) - raft.server.log.segment.size.max = 1048576 (custom)
2019-09-01 05:36:07,349 [pool-549-thread-1] INFO  server.RaftServerConfigKeys (ConfUtils.java:logGet(43)) - raft.server.log.preallocated.size = 16384 (custom)
2019-09-01 05:36:07,349 [pool-549-thread-1] INFO  server.RaftServerConfigKeys (ConfUtils.java:logGet(43)) - raft.server.log.write.buffer.size = 33554432 (custom)
2019-09-01 05:36:07,349 [pool-549-thread-1] INFO  server.RaftServerConfigKeys (ConfUtils.java:logGet(43)) - raft.server.log.force.sync.num = 128 (default)
2019-09-01 05:36:07,349 [pool-549-thread-1] INFO  server.RaftServerConfigKeys (ConfUtils.java:logGet(43)) - raft.server.log.statemachine.data.sync = true (default)
2019-09-01 05:36:07,349 [pool-549-thread-1] INFO  server.RaftServerConfigKeys (ConfUtils.java:logGet(43)) - raft.server.log.statemachine.data.sync.timeout = 10s (default)
2019-09-01 05:36:07,349 [pool-549-thread-1] INFO  server.RaftServerConfigKeys (ConfUtils.java:logGet(43)) - raft.server.log.statemachine.data.sync.timeout.retry = -1 (default)
2019-09-01 05:36:07,349 [pool-549-thread-1] INFO  server.RaftServerConfigKeys (ConfUtils.java:logGet(43)) - raft.server.log.statemachine.data.caching.enabled = true (custom)
2019-09-01 05:36:07,350 [pool-549-thread-1] INFO  segmented.SegmentedRaftLogWorker (SegmentedRaftLogWorker.java:lambda$new$0(132)) - 3bf717c5-51ea-4d54-aafc-6388feca3bed-SegmentedRaftLogWorker:Storage Directory /workdir/hadoop-ozone/integration-test/target/test-dir/MiniOzoneClusterImpl-321653a8-8d1f-4dd6-a653-78f44973ed1e/datanode-5/data/ratis/67dc4085-6ccc-4491-a5ef-15423dd87a68: flushIndex: setUnconditionally 0 -> -1
2019-09-01 05:36:07,350 [pool-549-thread-1] INFO  server.RaftServerConfigKeys (ConfUtils.java:logGet(43)) - raft.server.snapshot.auto.trigger.enabled = true (custom)
2019-09-01 05:36:07,350 [pool-549-thread-1] INFO  server.RaftServerConfigKeys (ConfUtils.java:logGet(43)) - raft.server.snapshot.auto.trigger.threshold = 10000 (custom)
2019-09-01 05:36:07,350 [pool-549-thread-1] INFO  server.RaftServerConfigKeys (ConfUtils.java:logGet(43)) - raft.server.retrycache.expirytime = 600000ms (custom)
2019-09-01 05:36:07,350 [pool-549-thread-1] INFO  impl.RaftServerImpl (RaftServerImpl.java:start(180)) - 3bf717c5-51ea-4d54-aafc-6388feca3bed: start group-15423DD87A68
2019-09-01 05:36:07,350 [pool-549-thread-1] INFO  impl.RaftServerImpl (RaftServerImpl.java:setRole(171)) - 3bf717c5-51ea-4d54-aafc-6388feca3bed:group-15423DD87A68 changes role from null to FOLLOWER at term 0 for startAsFollower
2019-09-01 05:36:07,350 [pool-549-thread-1] INFO  impl.RoleInfo (RoleInfo.java:updateAndGet(143)) - 3bf717c5-51ea-4d54-aafc-6388feca3bed: start FollowerState
2019-09-01 05:36:07,351 [pool-549-thread-1] INFO  util.JmxRegister (JmxRegister.java:tryRegister(44)) - Successfully registered JMX Bean with object name Ratis:service=RaftServer,group=group-15423DD87A68,id=3bf717c5-51ea-4d54-aafc-6388feca3bed
2019-09-01 05:36:07,353 [RatisPipelineUtilsThread] INFO  pipeline.PipelineStateManager (PipelineStateManager.java:addPipeline(56)) - Created pipeline Pipeline[ Id: 67dc4085-6ccc-4491-a5ef-15423dd87a68, Nodes: 3bf717c5-51ea-4d54-aafc-6388feca3bed{ip: 192.168.36.91, host: trunk-nightly-20190901-gkzrd-4143273587, networkLocation: /default-rack, certSerialId: null}, Type:RATIS, Factor:ONE, State:OPEN]
2019-09-01 05:36:07,370 [grpc-default-executor-12] INFO  impl.RaftServerProxy (RaftServerProxy.java:addNew(89)) - b4827cc5-e6d4-40a4-bd7a-ab968f420f26: addNew group-EA26DABB2B00:[cf674907-dece-4092-b393-45c73bb01958:192.168.36.91:45960, b4827cc5-e6d4-40a4-bd7a-ab968f420f26:192.168.36.91:46458, 98d58070-504e-4381-8607-140696a0bcab:192.168.36.91:36578] returns group-EA26DABB2B00:java.util.concurrent.CompletableFuture@21d22dab[Not completed]
2019-09-01 05:36:07,370 [grpc-default-executor-15] INFO  impl.RaftServerProxy (RaftServerProxy.java:addNew(89)) - 98d58070-504e-4381-8607-140696a0bcab: addNew group-EA26DABB2B00:[cf674907-dece-4092-b393-45c73bb01958:192.168.36.91:45960, b4827cc5-e6d4-40a4-bd7a-ab968f420f26:192.168.36.91:46458, 98d58070-504e-4381-8607-140696a0bcab:192.168.36.91:36578] returns group-EA26DABB2B00:java.util.concurrent.CompletableFuture@3575b5a8[Not completed]
2019-09-01 05:36:07,370 [grpc-default-executor-16] INFO  impl.RaftServerProxy (RaftServerProxy.java:addNew(89)) - cf674907-dece-4092-b393-45c73bb01958: addNew group-EA26DABB2B00:[cf674907-dece-4092-b393-45c73bb01958:192.168.36.91:45960, b4827cc5-e6d4-40a4-bd7a-ab968f420f26:192.168.36.91:46458, 98d58070-504e-4381-8607-140696a0bcab:192.168.36.91:36578] returns group-EA26DABB2B00:java.util.concurrent.CompletableFuture@16a22fca[Not completed]
2019-09-01 05:36:07,372 [pool-539-thread-1] INFO  impl.RaftServerImpl (RaftServerImpl.java:<init>(93)) - b4827cc5-e6d4-40a4-bd7a-ab968f420f26: new RaftServerImpl for group-EA26DABB2B00:[cf674907-dece-4092-b393-45c73bb01958:192.168.36.91:45960, b4827cc5-e6d4-40a4-bd7a-ab968f420f26:192.168.36.91:46458, 98d58070-504e-4381-8607-140696a0bcab:192.168.36.91:36578] with ContainerStateMachine:uninitialized
2019-09-01 05:36:07,372 [pool-539-thread-1] INFO  server.RaftServerConfigKeys (ConfUtils.java:logGet(43)) - raft.server.rpc.timeout.min = 5s (custom)
2019-09-01 05:36:07,372 [pool-559-thread-1] INFO  impl.RaftServerImpl (RaftServerImpl.java:<init>(93)) - 98d58070-504e-4381-8607-140696a0bcab: new RaftServerImpl for group-EA26DABB2B00:[cf674907-dece-4092-b393-45c73bb01958:192.168.36.91:45960, b4827cc5-e6d4-40a4-bd7a-ab968f420f26:192.168.36.91:46458, 98d58070-504e-4381-8607-140696a0bcab:192.168.36.91:36578] with ContainerStateMachine:uninitialized
2019-09-01 05:36:07,372 [pool-539-thread-1] INFO  server.RaftServerConfigKeys (ConfUtils.java:logGet(43)) - raft.server.rpc.timeout.max = 5200ms (custom)
2019-09-01 05:36:07,372 [pool-559-thread-1] INFO  server.RaftServerConfigKeys (ConfUtils.java:logGet(43)) - raft.server.rpc.timeout.min = 5s (custom)
2019-09-01 05:36:07,372 [pool-539-thread-1] INFO  server.RaftServerConfigKeys (ConfUtils.java:logGet(43)) - raft.server.rpcslowness.timeout = 120s (custom)
2019-09-01 05:36:07,373 [pool-529-thread-1] INFO  impl.RaftServerImpl (RaftServerImpl.java:<init>(93)) - cf674907-dece-4092-b393-45c73bb01958: new RaftServerImpl for group-EA26DABB2B00:[cf674907-dece-4092-b393-45c73bb01958:192.168.36.91:45960, b4827cc5-e6d4-40a4-bd7a-ab968f420f26:192.168.36.91:46458, 98d58070-504e-4381-8607-140696a0bcab:192.168.36.91:36578] with ContainerStateMachine:uninitialized
2019-09-01 05:36:07,373 [pool-559-thread-1] INFO  server.RaftServerConfigKeys (ConfUtils.java:logGet(43)) - raft.server.rpc.timeout.max = 5200ms (custom)
2019-09-01 05:36:07,373 [pool-529-thread-1] INFO  server.RaftServerConfigKeys (ConfUtils.java:logGet(43)) - raft.server.rpc.timeout.min = 5s (custom)
2019-09-01 05:36:07,373 [pool-529-thread-1] INFO  server.RaftServerConfigKeys (ConfUtils.java:logGet(43)) - raft.server.rpc.timeout.max = 5200ms (custom)
2019-09-01 05:36:07,373 [pool-539-thread-1] INFO  server.RaftServerConfigKeys (ConfUtils.java:logGet(43)) - raft.server.sleep.deviation.threshold = 300 (default)
2019-09-01 05:36:07,373 [pool-529-thread-1] INFO  server.RaftServerConfigKeys (ConfUtils.java:logGet(43)) - raft.server.rpcslowness.timeout = 120s (custom)
2019-09-01 05:36:07,373 [pool-559-thread-1] INFO  server.RaftServerConfigKeys (ConfUtils.java:logGet(43)) - raft.server.rpcslowness.timeout = 120s (custom)
2019-09-01 05:36:07,373 [pool-529-thread-1] INFO  server.RaftServerConfigKeys (ConfUtils.java:logGet(43)) - raft.server.sleep.deviation.threshold = 300 (default)
2019-09-01 05:36:07,374 [pool-529-thread-1] INFO  server.RaftServerConfigKeys (ConfUtils.java:logGet(43)) - raft.server.log.appender.install.snapshot.enabled = false (custom)
2019-09-01 05:36:07,373 [pool-539-thread-1] INFO  server.RaftServerConfigKeys (ConfUtils.java:logGet(43)) - raft.server.log.appender.install.snapshot.enabled = false (custom)
2019-09-01 05:36:07,374 [pool-529-thread-1] INFO  impl.RaftServerImpl (ServerState.java:<init>(105)) - cf674907-dece-4092-b393-45c73bb01958:group-EA26DABB2B00 ConfigurationManager, init=-1: [cf674907-dece-4092-b393-45c73bb01958:192.168.36.91:45960, b4827cc5-e6d4-40a4-bd7a-ab968f420f26:192.168.36.91:46458, 98d58070-504e-4381-8607-140696a0bcab:192.168.36.91:36578], old=null, confs=<EMPTY_MAP>
2019-09-01 05:36:07,374 [pool-559-thread-1] INFO  server.RaftServerConfigKeys (ConfUtils.java:logGet(43)) - raft.server.sleep.deviation.threshold = 300 (default)
2019-09-01 05:36:07,374 [pool-529-thread-1] INFO  server.RaftServerConfigKeys (ConfUtils.java:logGet(43)) - raft.server.storage.dir = [/workdir/hadoop-ozone/integration-test/target/test-dir/MiniOzoneClusterImpl-321653a8-8d1f-4dd6-a653-78f44973ed1e/datanode-3/data/ratis] (custom)
2019-09-01 05:36:07,374 [pool-539-thread-1] INFO  impl.RaftServerImpl (ServerState.java:<init>(105)) - b4827cc5-e6d4-40a4-bd7a-ab968f420f26:group-EA26DABB2B00 ConfigurationManager, init=-1: [cf674907-dece-4092-b393-45c73bb01958:192.168.36.91:45960, b4827cc5-e6d4-40a4-bd7a-ab968f420f26:192.168.36.91:46458, 98d58070-504e-4381-8607-140696a0bcab:192.168.36.91:36578], old=null, confs=<EMPTY_MAP>
2019-09-01 05:36:07,374 [pool-559-thread-1] INFO  server.RaftServerConfigKeys (ConfUtils.java:logGet(43)) - raft.server.log.appender.install.snapshot.enabled = false (custom)
2019-09-01 05:36:07,375 [pool-529-thread-1] INFO  storage.RaftStorageDirectory (RaftStorageDirectory.java:analyzeStorage(246)) - The storage directory /workdir/hadoop-ozone/integration-test/target/test-dir/MiniOzoneClusterImpl-321653a8-8d1f-4dd6-a653-78f44973ed1e/datanode-3/data/ratis/301f6b9e-02ed-4011-9018-ea26dabb2b00 does not exist. Creating ...
2019-09-01 05:36:07,375 [pool-539-thread-1] INFO  server.RaftServerConfigKeys (ConfUtils.java:logGet(43)) - raft.server.storage.dir = [/workdir/hadoop-ozone/integration-test/target/test-dir/MiniOzoneClusterImpl-321653a8-8d1f-4dd6-a653-78f44973ed1e/datanode-4/data/ratis] (custom)
2019-09-01 05:36:07,375 [pool-559-thread-1] INFO  impl.RaftServerImpl (ServerState.java:<init>(105)) - 98d58070-504e-4381-8607-140696a0bcab:group-EA26DABB2B00 ConfigurationManager, init=-1: [cf674907-dece-4092-b393-45c73bb01958:192.168.36.91:45960, b4827cc5-e6d4-40a4-bd7a-ab968f420f26:192.168.36.91:46458, 98d58070-504e-4381-8607-140696a0bcab:192.168.36.91:36578], old=null, confs=<EMPTY_MAP>
2019-09-01 05:36:07,375 [pool-559-thread-1] INFO  server.RaftServerConfigKeys (ConfUtils.java:logGet(43)) - raft.server.storage.dir = [/workdir/hadoop-ozone/integration-test/target/test-dir/MiniOzoneClusterImpl-321653a8-8d1f-4dd6-a653-78f44973ed1e/datanode-6/data/ratis] (custom)
2019-09-01 05:36:07,375 [pool-539-thread-1] INFO  storage.RaftStorageDirectory (RaftStorageDirectory.java:analyzeStorage(246)) - The storage directory /workdir/hadoop-ozone/integration-test/target/test-dir/MiniOzoneClusterImpl-321653a8-8d1f-4dd6-a653-78f44973ed1e/datanode-4/data/ratis/301f6b9e-02ed-4011-9018-ea26dabb2b00 does not exist. Creating ...
2019-09-01 05:36:07,375 [pool-559-thread-1] INFO  storage.RaftStorageDirectory (RaftStorageDirectory.java:analyzeStorage(246)) - The storage directory /workdir/hadoop-ozone/integration-test/target/test-dir/MiniOzoneClusterImpl-321653a8-8d1f-4dd6-a653-78f44973ed1e/datanode-6/data/ratis/301f6b9e-02ed-4011-9018-ea26dabb2b00 does not exist. Creating ...
2019-09-01 05:36:07,398 [pool-539-thread-1] INFO  storage.RaftStorageDirectory (RaftStorageDirectory.java:tryLock(328)) - Lock on /workdir/hadoop-ozone/integration-test/target/test-dir/MiniOzoneClusterImpl-321653a8-8d1f-4dd6-a653-78f44973ed1e/datanode-4/data/ratis/301f6b9e-02ed-4011-9018-ea26dabb2b00/in_use.lock acquired by nodename 23283@trunk-nightly-20190901-gkzrd-4143273587
2019-09-01 05:36:07,398 [pool-529-thread-1] INFO  storage.RaftStorageDirectory (RaftStorageDirectory.java:tryLock(328)) - Lock on /workdir/hadoop-ozone/integration-test/target/test-dir/MiniOzoneClusterImpl-321653a8-8d1f-4dd6-a653-78f44973ed1e/datanode-3/data/ratis/301f6b9e-02ed-4011-9018-ea26dabb2b00/in_use.lock acquired by nodename 23283@trunk-nightly-20190901-gkzrd-4143273587
2019-09-01 05:36:07,398 [pool-559-thread-1] INFO  storage.RaftStorageDirectory (RaftStorageDirectory.java:tryLock(328)) - Lock on /workdir/hadoop-ozone/integration-test/target/test-dir/MiniOzoneClusterImpl-321653a8-8d1f-4dd6-a653-78f44973ed1e/datanode-6/data/ratis/301f6b9e-02ed-4011-9018-ea26dabb2b00/in_use.lock acquired by nodename 23283@trunk-nightly-20190901-gkzrd-4143273587
2019-09-01 05:36:07,424 [pool-529-thread-1] INFO  storage.RaftStorage (RaftStorage.java:format(72)) - Storage directory /workdir/hadoop-ozone/integration-test/target/test-dir/MiniOzoneClusterImpl-321653a8-8d1f-4dd6-a653-78f44973ed1e/datanode-3/data/ratis/301f6b9e-02ed-4011-9018-ea26dabb2b00 has been successfully formatted.
2019-09-01 05:36:07,424 [pool-539-thread-1] INFO  storage.RaftStorage (RaftStorage.java:format(72)) - Storage directory /workdir/hadoop-ozone/integration-test/target/test-dir/MiniOzoneClusterImpl-321653a8-8d1f-4dd6-a653-78f44973ed1e/datanode-4/data/ratis/301f6b9e-02ed-4011-9018-ea26dabb2b00 has been successfully formatted.
2019-09-01 05:36:07,424 [pool-529-thread-1] INFO  ratis.ContainerStateMachine (ContainerStateMachine.java:loadSnapshot(227)) - group-EA26DABB2B00: The snapshot info is null. Setting the last applied indexto:(t:0, i:~)
2019-09-01 05:36:07,424 [pool-559-thread-1] INFO  storage.RaftStorage (RaftStorage.java:format(72)) - Storage directory /workdir/hadoop-ozone/integration-test/target/test-dir/MiniOzoneClusterImpl-321653a8-8d1f-4dd6-a653-78f44973ed1e/datanode-6/data/ratis/301f6b9e-02ed-4011-9018-ea26dabb2b00 has been successfully formatted.
2019-09-01 05:36:07,424 [pool-529-thread-1] INFO  server.RaftServerConfigKeys (ConfUtils.java:logGet(43)) - raft.server.leader.election.timeout = 120s (custom)
2019-09-01 05:36:07,424 [pool-539-thread-1] INFO  ratis.ContainerStateMachine (ContainerStateMachine.java:loadSnapshot(227)) - group-EA26DABB2B00: The snapshot info is null. Setting the last applied indexto:(t:0, i:~)
2019-09-01 05:36:07,425 [pool-529-thread-1] INFO  server.RaftServerConfigKeys (ConfUtils.java:logGet(43)) - raft.server.log.use.memory = false (default)
2019-09-01 05:36:07,424 [pool-559-thread-1] INFO  ratis.ContainerStateMachine (ContainerStateMachine.java:loadSnapshot(227)) - group-EA26DABB2B00: The snapshot info is null. Setting the last applied indexto:(t:0, i:~)
2019-09-01 05:36:07,425 [pool-529-thread-1] INFO  server.RaftServerConfigKeys (ConfUtils.java:logGet(43)) - raft.server.log.purge.gap = 1000000 (custom)
2019-09-01 05:36:07,425 [pool-539-thread-1] INFO  server.RaftServerConfigKeys (ConfUtils.java:logGet(43)) - raft.server.leader.election.timeout = 120s (custom)
2019-09-01 05:36:07,425 [pool-529-thread-1] INFO  server.RaftServerConfigKeys (ConfUtils.java:logGet(43)) - raft.server.log.appender.buffer.byte-limit = 33554432 (custom)
2019-09-01 05:36:07,425 [pool-559-thread-1] INFO  server.RaftServerConfigKeys (ConfUtils.java:logGet(43)) - raft.server.leader.election.timeout = 120s (custom)
2019-09-01 05:36:07,425 [pool-529-thread-1] INFO  server.RaftServerConfigKeys (ConfUtils.java:logGet(43)) - raft.server.log.segment.size.max = 1048576 (custom)
2019-09-01 05:36:07,425 [pool-539-thread-1] INFO  server.RaftServerConfigKeys (ConfUtils.java:logGet(43)) - raft.server.log.use.memory = false (default)
2019-09-01 05:36:07,426 [pool-529-thread-1] INFO  server.RaftServerConfigKeys (ConfUtils.java:logGet(43)) - raft.server.log.segment.cache.num.max = 2 (custom)
2019-09-01 05:36:07,425 [pool-559-thread-1] INFO  server.RaftServerConfigKeys (ConfUtils.java:logGet(43)) - raft.server.log.use.memory = false (default)
2019-09-01 05:36:07,426 [pool-529-thread-1] INFO  segmented.SegmentedRaftLogWorker (SegmentedRaftLogWorker.java:<init>(172)) - new cf674907-dece-4092-b393-45c73bb01958-SegmentedRaftLogWorker:Storage Directory /workdir/hadoop-ozone/integration-test/target/test-dir/MiniOzoneClusterImpl-321653a8-8d1f-4dd6-a653-78f44973ed1e/datanode-3/data/ratis/301f6b9e-02ed-4011-9018-ea26dabb2b00 for RaftStorage:Storage Directory /workdir/hadoop-ozone/integration-test/target/test-dir/MiniOzoneClusterImpl-321653a8-8d1f-4dd6-a653-78f44973ed1e/datanode-3/data/ratis/301f6b9e-02ed-4011-9018-ea26dabb2b00
2019-09-01 05:36:07,426 [pool-539-thread-1] INFO  server.RaftServerConfigKeys (ConfUtils.java:logGet(43)) - raft.server.log.purge.gap = 1000000 (custom)
2019-09-01 05:36:07,426 [pool-529-thread-1] INFO  server.RaftServerConfigKeys (ConfUtils.java:logGet(43)) - raft.server.log.queue.byte-limit = 2147483647 (custom)
2019-09-01 05:36:07,426 [pool-559-thread-1] INFO  server.RaftServerConfigKeys (ConfUtils.java:logGet(43)) - raft.server.log.purge.gap = 1000000 (custom)
2019-09-01 05:36:07,426 [pool-529-thread-1] INFO  server.RaftServerConfigKeys (ConfUtils.java:logGet(43)) - raft.server.log.queue.element-limit = 1024 (custom)
2019-09-01 05:36:07,426 [pool-539-thread-1] INFO  server.RaftServerConfigKeys (ConfUtils.java:logGet(43)) - raft.server.log.appender.buffer.byte-limit = 33554432 (custom)
2019-09-01 05:36:07,427 [pool-529-thread-1] INFO  server.RaftServerConfigKeys (ConfUtils.java:logGet(43)) - raft.server.log.segment.size.max = 1048576 (custom)
2019-09-01 05:36:07,427 [pool-529-thread-1] INFO  server.RaftServerConfigKeys (ConfUtils.java:logGet(43)) - raft.server.log.preallocated.size = 16384 (custom)
2019-09-01 05:36:07,427 [pool-529-thread-1] INFO  server.RaftServerConfigKeys (ConfUtils.java:logGet(43)) - raft.server.log.write.buffer.size = 33554432 (custom)
2019-09-01 05:36:07,427 [pool-559-thread-1] INFO  server.RaftServerConfigKeys (ConfUtils.java:logGet(43)) - raft.server.log.appender.buffer.byte-limit = 33554432 (custom)
2019-09-01 05:36:07,427 [pool-529-thread-1] INFO  server.RaftServerConfigKeys (ConfUtils.java:logGet(43)) - raft.server.log.force.sync.num = 128 (default)
2019-09-01 05:36:07,427 [pool-539-thread-1] INFO  server.RaftServerConfigKeys (ConfUtils.java:logGet(43)) - raft.server.log.segment.size.max = 1048576 (custom)
2019-09-01 05:36:07,427 [pool-529-thread-1] INFO  server.RaftServerConfigKeys (ConfUtils.java:logGet(43)) - raft.server.log.statemachine.data.sync = true (default)
2019-09-01 05:36:07,427 [pool-559-thread-1] INFO  server.RaftServerConfigKeys (ConfUtils.java:logGet(43)) - raft.server.log.segment.size.max = 1048576 (custom)
2019-09-01 05:36:07,428 [pool-529-thread-1] INFO  server.RaftServerConfigKeys (ConfUtils.java:logGet(43)) - raft.server.log.statemachine.data.sync.timeout = 10s (default)
2019-09-01 05:36:07,428 [pool-539-thread-1] INFO  server.RaftServerConfigKeys (ConfUtils.java:logGet(43)) - raft.server.log.segment.cache.num.max = 2 (custom)
2019-09-01 05:36:07,428 [pool-529-thread-1] INFO  server.RaftServerConfigKeys (ConfUtils.java:logGet(43)) - raft.server.log.statemachine.data.sync.timeout.retry = -1 (default)
2019-09-01 05:36:07,428 [pool-559-thread-1] INFO  server.RaftServerConfigKeys (ConfUtils.java:logGet(43)) - raft.server.log.segment.cache.num.max = 2 (custom)
2019-09-01 05:36:07,428 [pool-529-thread-1] INFO  server.RaftServerConfigKeys (ConfUtils.java:logGet(43)) - raft.server.log.statemachine.data.caching.enabled = true (custom)
2019-09-01 05:36:07,428 [pool-539-thread-1] INFO  segmented.SegmentedRaftLogWorker (SegmentedRaftLogWorker.java:<init>(172)) - new b4827cc5-e6d4-40a4-bd7a-ab968f420f26-SegmentedRaftLogWorker:Storage Directory /workdir/hadoop-ozone/integration-test/target/test-dir/MiniOzoneClusterImpl-321653a8-8d1f-4dd6-a653-78f44973ed1e/datanode-4/data/ratis/301f6b9e-02ed-4011-9018-ea26dabb2b00 for RaftStorage:Storage Directory /workdir/hadoop-ozone/integration-test/target/test-dir/MiniOzoneClusterImpl-321653a8-8d1f-4dd6-a653-78f44973ed1e/datanode-4/data/ratis/301f6b9e-02ed-4011-9018-ea26dabb2b00
2019-09-01 05:36:07,428 [pool-559-thread-1] INFO  segmented.SegmentedRaftLogWorker (SegmentedRaftLogWorker.java:<init>(172)) - new 98d58070-504e-4381-8607-140696a0bcab-SegmentedRaftLogWorker:Storage Directory /workdir/hadoop-ozone/integration-test/target/test-dir/MiniOzoneClusterImpl-321653a8-8d1f-4dd6-a653-78f44973ed1e/datanode-6/data/ratis/301f6b9e-02ed-4011-9018-ea26dabb2b00 for RaftStorage:Storage Directory /workdir/hadoop-ozone/integration-test/target/test-dir/MiniOzoneClusterImpl-321653a8-8d1f-4dd6-a653-78f44973ed1e/datanode-6/data/ratis/301f6b9e-02ed-4011-9018-ea26dabb2b00
2019-09-01 05:36:07,429 [pool-559-thread-1] INFO  server.RaftServerConfigKeys (ConfUtils.java:logGet(43)) - raft.server.log.queue.byte-limit = 2147483647 (custom)
2019-09-01 05:36:07,429 [pool-559-thread-1] INFO  server.RaftServerConfigKeys (ConfUtils.java:logGet(43)) - raft.server.log.queue.element-limit = 1024 (custom)
2019-09-01 05:36:07,429 [pool-559-thread-1] INFO  server.RaftServerConfigKeys (ConfUtils.java:logGet(43)) - raft.server.log.segment.size.max = 1048576 (custom)
2019-09-01 05:36:07,429 [pool-559-thread-1] INFO  server.RaftServerConfigKeys (ConfUtils.java:logGet(43)) - raft.server.log.preallocated.size = 16384 (custom)
2019-09-01 05:36:07,429 [pool-559-thread-1] INFO  server.RaftServerConfigKeys (ConfUtils.java:logGet(43)) - raft.server.log.write.buffer.size = 33554432 (custom)
2019-09-01 05:36:07,429 [pool-559-thread-1] INFO  server.RaftServerConfigKeys (ConfUtils.java:logGet(43)) - raft.server.log.force.sync.num = 128 (default)
2019-09-01 05:36:07,429 [pool-529-thread-1] INFO  segmented.SegmentedRaftLogWorker (SegmentedRaftLogWorker.java:lambda$new$0(132)) - cf674907-dece-4092-b393-45c73bb01958-SegmentedRaftLogWorker:Storage Directory /workdir/hadoop-ozone/integration-test/target/test-dir/MiniOzoneClusterImpl-321653a8-8d1f-4dd6-a653-78f44973ed1e/datanode-3/data/ratis/301f6b9e-02ed-4011-9018-ea26dabb2b00: flushIndex: setUnconditionally 0 -> -1
2019-09-01 05:36:07,429 [pool-539-thread-1] INFO  server.RaftServerConfigKeys (ConfUtils.java:logGet(43)) - raft.server.log.queue.byte-limit = 2147483647 (custom)
2019-09-01 05:36:07,429 [pool-559-thread-1] INFO  server.RaftServerConfigKeys (ConfUtils.java:logGet(43)) - raft.server.log.statemachine.data.sync = true (default)
2019-09-01 05:36:07,430 [pool-539-thread-1] INFO  server.RaftServerConfigKeys (ConfUtils.java:logGet(43)) - raft.server.log.queue.element-limit = 1024 (custom)
2019-09-01 05:36:07,430 [pool-529-thread-1] INFO  server.RaftServerConfigKeys (ConfUtils.java:logGet(43)) - raft.server.snapshot.auto.trigger.enabled = true (custom)
2019-09-01 05:36:07,430 [pool-559-thread-1] INFO  server.RaftServerConfigKeys (ConfUtils.java:logGet(43)) - raft.server.log.statemachine.data.sync.timeout = 10s (default)
2019-09-01 05:36:07,430 [pool-559-thread-1] INFO  server.RaftServerConfigKeys (ConfUtils.java:logGet(43)) - raft.server.log.statemachine.data.sync.timeout.retry = -1 (default)
2019-09-01 05:36:07,430 [pool-529-thread-1] INFO  server.RaftServerConfigKeys (ConfUtils.java:logGet(43)) - raft.server.snapshot.auto.trigger.threshold = 10000 (custom)
2019-09-01 05:36:07,430 [pool-539-thread-1] INFO  server.RaftServerConfigKeys (ConfUtils.java:logGet(43)) - raft.server.log.segment.size.max = 1048576 (custom)
2019-09-01 05:36:07,431 [pool-529-thread-1] INFO  server.RaftServerConfigKeys (ConfUtils.java:logGet(43)) - raft.server.retrycache.expirytime = 600000ms (custom)
2019-09-01 05:36:07,430 [pool-559-thread-1] INFO  server.RaftServerConfigKeys (ConfUtils.java:logGet(43)) - raft.server.log.statemachine.data.caching.enabled = true (custom)
2019-09-01 05:36:07,431 [pool-539-thread-1] INFO  server.RaftServerConfigKeys (ConfUtils.java:logGet(43)) - raft.server.log.preallocated.size = 16384 (custom)
2019-09-01 05:36:07,431 [pool-529-thread-1] INFO  impl.RaftServerImpl (RaftServerImpl.java:start(180)) - cf674907-dece-4092-b393-45c73bb01958: start group-EA26DABB2B00
2019-09-01 05:36:07,431 [pool-559-thread-1] INFO  segmented.SegmentedRaftLogWorker (SegmentedRaftLogWorker.java:lambda$new$0(132)) - 98d58070-504e-4381-8607-140696a0bcab-SegmentedRaftLogWorker:Storage Directory /workdir/hadoop-ozone/integration-test/target/test-dir/MiniOzoneClusterImpl-321653a8-8d1f-4dd6-a653-78f44973ed1e/datanode-6/data/ratis/301f6b9e-02ed-4011-9018-ea26dabb2b00: flushIndex: setUnconditionally 0 -> -1
2019-09-01 05:36:07,431 [pool-539-thread-1] INFO  server.RaftServerConfigKeys (ConfUtils.java:logGet(43)) - raft.server.log.write.buffer.size = 33554432 (custom)
2019-09-01 05:36:07,431 [pool-529-thread-1] INFO  impl.RaftServerImpl (RaftServerImpl.java:setRole(171)) - cf674907-dece-4092-b393-45c73bb01958:group-EA26DABB2B00 changes role from null to FOLLOWER at term 0 for startAsFollower
2019-09-01 05:36:07,432 [pool-559-thread-1] INFO  server.RaftServerConfigKeys (ConfUtils.java:logGet(43)) - raft.server.snapshot.auto.trigger.enabled = true (custom)
2019-09-01 05:36:07,432 [pool-539-thread-1] INFO  server.RaftServerConfigKeys (ConfUtils.java:logGet(43)) - raft.server.log.force.sync.num = 128 (default)
2019-09-01 05:36:07,432 [pool-559-thread-1] INFO  server.RaftServerConfigKeys (ConfUtils.java:logGet(43)) - raft.server.snapshot.auto.trigger.threshold = 10000 (custom)
2019-09-01 05:36:07,432 [pool-529-thread-1] INFO  impl.RoleInfo (RoleInfo.java:updateAndGet(143)) - cf674907-dece-4092-b393-45c73bb01958: start FollowerState
2019-09-01 05:36:07,432 [pool-559-thread-1] INFO  server.RaftServerConfigKeys (ConfUtils.java:logGet(43)) - raft.server.retrycache.expirytime = 600000ms (custom)
2019-09-01 05:36:07,432 [pool-539-thread-1] INFO  server.RaftServerConfigKeys (ConfUtils.java:logGet(43)) - raft.server.log.statemachine.data.sync = true (default)
2019-09-01 05:36:07,432 [pool-559-thread-1] INFO  impl.RaftServerImpl (RaftServerImpl.java:start(180)) - 98d58070-504e-4381-8607-140696a0bcab: start group-EA26DABB2B00
2019-09-01 05:36:07,432 [pool-539-thread-1] INFO  server.RaftServerConfigKeys (ConfUtils.java:logGet(43)) - raft.server.log.statemachine.data.sync.timeout = 10s (default)
2019-09-01 05:36:07,433 [pool-529-thread-1] INFO  util.JmxRegister (JmxRegister.java:tryRegister(44)) - Successfully registered JMX Bean with object name Ratis:service=RaftServer,group=group-EA26DABB2B00,id=cf674907-dece-4092-b393-45c73bb01958
2019-09-01 05:36:07,433 [pool-559-thread-1] INFO  impl.RaftServerImpl (RaftServerImpl.java:setRole(171)) - 98d58070-504e-4381-8607-140696a0bcab:group-EA26DABB2B00 changes role from null to FOLLOWER at term 0 for startAsFollower
2019-09-01 05:36:07,433 [pool-539-thread-1] INFO  server.RaftServerConfigKeys (ConfUtils.java:logGet(43)) - raft.server.log.statemachine.data.sync.timeout.retry = -1 (default)
2019-09-01 05:36:07,433 [pool-559-thread-1] INFO  impl.RoleInfo (RoleInfo.java:updateAndGet(143)) - 98d58070-504e-4381-8607-140696a0bcab: start FollowerState
2019-09-01 05:36:07,433 [pool-539-thread-1] INFO  server.RaftServerConfigKeys (ConfUtils.java:logGet(43)) - raft.server.log.statemachine.data.caching.enabled = true (custom)
2019-09-01 05:36:07,433 [pool-539-thread-1] INFO  segmented.SegmentedRaftLogWorker (SegmentedRaftLogWorker.java:lambda$new$0(132)) - b4827cc5-e6d4-40a4-bd7a-ab968f420f26-SegmentedRaftLogWorker:Storage Directory /workdir/hadoop-ozone/integration-test/target/test-dir/MiniOzoneClusterImpl-321653a8-8d1f-4dd6-a653-78f44973ed1e/datanode-4/data/ratis/301f6b9e-02ed-4011-9018-ea26dabb2b00: flushIndex: setUnconditionally 0 -> -1
2019-09-01 05:36:07,434 [pool-559-thread-1] INFO  util.JmxRegister (JmxRegister.java:tryRegister(44)) - Successfully registered JMX Bean with object name Ratis:service=RaftServer,group=group-EA26DABB2B00,id=98d58070-504e-4381-8607-140696a0bcab
2019-09-01 05:36:07,434 [pool-539-thread-1] INFO  server.RaftServerConfigKeys (ConfUtils.java:logGet(43)) - raft.server.snapshot.auto.trigger.enabled = true (custom)
2019-09-01 05:36:07,434 [pool-539-thread-1] INFO  server.RaftServerConfigKeys (ConfUtils.java:logGet(43)) - raft.server.snapshot.auto.trigger.threshold = 10000 (custom)
2019-09-01 05:36:07,434 [pool-539-thread-1] INFO  server.RaftServerConfigKeys (ConfUtils.java:logGet(43)) - raft.server.retrycache.expirytime = 600000ms (custom)
2019-09-01 05:36:07,434 [pool-539-thread-1] INFO  impl.RaftServerImpl (RaftServerImpl.java:start(180)) - b4827cc5-e6d4-40a4-bd7a-ab968f420f26: start group-EA26DABB2B00
2019-09-01 05:36:07,434 [pool-539-thread-1] INFO  impl.RaftServerImpl (RaftServerImpl.java:setRole(171)) - b4827cc5-e6d4-40a4-bd7a-ab968f420f26:group-EA26DABB2B00 changes role from null to FOLLOWER at term 0 for startAsFollower
2019-09-01 05:36:07,434 [pool-539-thread-1] INFO  impl.RoleInfo (RoleInfo.java:updateAndGet(143)) - b4827cc5-e6d4-40a4-bd7a-ab968f420f26: start FollowerState
2019-09-01 05:36:07,435 [pool-539-thread-1] INFO  util.JmxRegister (JmxRegister.java:tryRegister(44)) - Successfully registered JMX Bean with object name Ratis:service=RaftServer,group=group-EA26DABB2B00,id=b4827cc5-e6d4-40a4-bd7a-ab968f420f26
2019-09-01 05:36:07,436 [RatisPipelineUtilsThread] INFO  pipeline.PipelineStateManager (PipelineStateManager.java:addPipeline(56)) - Created pipeline Pipeline[ Id: 301f6b9e-02ed-4011-9018-ea26dabb2b00, Nodes: cf674907-dece-4092-b393-45c73bb01958{ip: 192.168.36.91, host: trunk-nightly-20190901-gkzrd-4143273587, networkLocation: /default-rack, certSerialId: null}98d58070-504e-4381-8607-140696a0bcab{ip: 192.168.36.91, host: trunk-nightly-20190901-gkzrd-4143273587, networkLocation: /default-rack, certSerialId: null}b4827cc5-e6d4-40a4-bd7a-ab968f420f26{ip: 192.168.36.91, host: trunk-nightly-20190901-gkzrd-4143273587, networkLocation: /default-rack, certSerialId: null}, Type:RATIS, Factor:THREE, State:OPEN]
2019-09-01 05:36:08,135 [main] INFO  ozone.MiniOzoneClusterImpl (MiniOzoneClusterImpl.java:lambda$waitForClusterToBeReady$0(140)) - Cluster is ready. Got 7 of 7 DN Heartbeats.
2019-09-01 05:36:08,173 [main] INFO  rpc.RpcClient (RpcClient.java:createVolume(293)) - Creating Volume: testblockoutputstream, with jenkins1000 as owner.
2019-09-01 05:36:08,189 [main] INFO  rpc.RpcClient (RpcClient.java:createBucket(432)) - Creating Bucket: testblockoutputstream/testblockoutputstream, with Versioning false and Storage Type set to DISK and Encryption set to false 
2019-09-01 05:36:08,212 [grpc-default-executor-16] INFO  client.GrpcClientProtocolClient (GrpcClientProtocolClient.java:onNext(255)) - client-FDBCFB2537E7->9b3dd7f4-91cd-47fd-a215-72ecb837dc75: receive RaftClientReply:client-FDBCFB2537E7->9b3dd7f4-91cd-47fd-a215-72ecb837dc75@group-6AA036CA3DED, cid=215, FAILED org.apache.ratis.protocol.NotLeaderException: Server 9b3dd7f4-91cd-47fd-a215-72ecb837dc75 is not the leader (null). Request must be sent to leader., logIndex=0, commits[9b3dd7f4-91cd-47fd-a215-72ecb837dc75:c-1]
2019-09-01 05:36:09,224 [grpc-default-executor-15] INFO  client.GrpcClientProtocolClient (GrpcClientProtocolClient.java:onNext(255)) - client-FDBCFB2537E7->9ed047e0-6800-4801-bfd0-fb58a65bdb17: receive RaftClientReply:client-FDBCFB2537E7->9ed047e0-6800-4801-bfd0-fb58a65bdb17@group-6AA036CA3DED, cid=215, FAILED org.apache.ratis.protocol.NotLeaderException: Server 9ed047e0-6800-4801-bfd0-fb58a65bdb17 is not the leader (null). Request must be sent to leader., logIndex=0, commits[9ed047e0-6800-4801-bfd0-fb58a65bdb17:c-1]
2019-09-01 05:36:09,306 [Thread-4073] INFO  container.ReplicationManager (ReplicationManager.java:start(162)) - Starting Replication Monitor Thread.
2019-09-01 05:36:09,309 [ReplicationMonitor] INFO  container.ReplicationManager (ReplicationManager.java:run(225)) - Replication Monitor Thread took 0 milliseconds for processing 1 containers.
2019-09-01 05:36:10,232 [grpc-default-executor-16] INFO  client.GrpcClientProtocolClient (GrpcClientProtocolClient.java:onNext(255)) - client-FDBCFB2537E7->6ec88abe-3aa0-4cdc-bd94-b96ed0fe04dc: receive RaftClientReply:client-FDBCFB2537E7->6ec88abe-3aa0-4cdc-bd94-b96ed0fe04dc@group-6AA036CA3DED, cid=215, FAILED org.apache.ratis.protocol.NotLeaderException: Server 6ec88abe-3aa0-4cdc-bd94-b96ed0fe04dc is not the leader (null). Request must be sent to leader., logIndex=0, commits[6ec88abe-3aa0-4cdc-bd94-b96ed0fe04dc:c-1]
2019-09-01 05:36:11,240 [grpc-default-executor-16] INFO  client.GrpcClientProtocolClient (GrpcClientProtocolClient.java:onNext(255)) - client-FDBCFB2537E7->9b3dd7f4-91cd-47fd-a215-72ecb837dc75: receive RaftClientReply:client-FDBCFB2537E7->9b3dd7f4-91cd-47fd-a215-72ecb837dc75@group-6AA036CA3DED, cid=215, FAILED org.apache.ratis.protocol.NotLeaderException: Server 9b3dd7f4-91cd-47fd-a215-72ecb837dc75 is not the leader (null). Request must be sent to leader., logIndex=0, commits[9b3dd7f4-91cd-47fd-a215-72ecb837dc75:c-1]
2019-09-01 05:36:11,499 [Thread-4075] INFO  impl.FollowerState (FollowerState.java:run(106)) - 9ed047e0-6800-4801-bfd0-fb58a65bdb17:group-EF9B54071A8C changes to CANDIDATE, lastRpcTime:5073, electionTimeout:5073ms
2019-09-01 05:36:11,499 [Thread-4075] INFO  impl.RoleInfo (RoleInfo.java:shutdownFollowerState(121)) - 9ed047e0-6800-4801-bfd0-fb58a65bdb17: shutdown FollowerState
2019-09-01 05:36:11,499 [Thread-4075] INFO  impl.RaftServerImpl (RaftServerImpl.java:setRole(171)) - 9ed047e0-6800-4801-bfd0-fb58a65bdb17:group-EF9B54071A8C changes role from FOLLOWER to CANDIDATE at term 0 for changeToCandidate
2019-09-01 05:36:11,500 [Thread-4075] INFO  impl.RoleInfo (RoleInfo.java:updateAndGet(143)) - 9ed047e0-6800-4801-bfd0-fb58a65bdb17: start LeaderElection
2019-09-01 05:36:11,529 [9ed047e0-6800-4801-bfd0-fb58a65bdb17:group-EF9B54071A8C:LeaderElection99] INFO  impl.LeaderElection (LeaderElection.java:askForVotes(181)) - 9ed047e0-6800-4801-bfd0-fb58a65bdb17:group-EF9B54071A8C:LeaderElection99: begin an election at term 1 for -1: [9ed047e0-6800-4801-bfd0-fb58a65bdb17:192.168.36.91:41400], old=null
2019-09-01 05:36:11,530 [9ed047e0-6800-4801-bfd0-fb58a65bdb17:group-EF9B54071A8C:LeaderElection99] INFO  impl.RoleInfo (RoleInfo.java:shutdownLeaderElection(134)) - 9ed047e0-6800-4801-bfd0-fb58a65bdb17: shutdown LeaderElection
2019-09-01 05:36:11,530 [9ed047e0-6800-4801-bfd0-fb58a65bdb17:group-EF9B54071A8C:LeaderElection99] INFO  impl.RaftServerImpl (RaftServerImpl.java:setRole(171)) - 9ed047e0-6800-4801-bfd0-fb58a65bdb17:group-EF9B54071A8C changes role from CANDIDATE to LEADER at term 1 for changeToLeader
2019-09-01 05:36:11,530 [9ed047e0-6800-4801-bfd0-fb58a65bdb17:group-EF9B54071A8C:LeaderElection99] INFO  impl.RaftServerImpl (ServerState.java:setLeader(263)) - 9ed047e0-6800-4801-bfd0-fb58a65bdb17:group-EF9B54071A8C change Leader from null to 9ed047e0-6800-4801-bfd0-fb58a65bdb17 at term 1 for becomeLeader, leader elected after 5107ms
2019-09-01 05:36:11,530 [9ed047e0-6800-4801-bfd0-fb58a65bdb17:group-EF9B54071A8C:LeaderElection99] INFO  server.RaftServerConfigKeys (ConfUtils.java:logGet(43)) - raft.server.staging.catchup.gap = 1000 (default)
2019-09-01 05:36:11,530 [9ed047e0-6800-4801-bfd0-fb58a65bdb17:group-EF9B54071A8C:LeaderElection99] INFO  server.RaftServerConfigKeys (ConfUtils.java:logGet(43)) - raft.server.rpc.sleep.time = 25ms (default)
2019-09-01 05:36:11,530 [9ed047e0-6800-4801-bfd0-fb58a65bdb17:group-EF9B54071A8C:LeaderElection99] INFO  server.RaftServerConfigKeys (ConfUtils.java:logGet(43)) - raft.server.write.element-limit = 4096 (default)
2019-09-01 05:36:11,531 [9ed047e0-6800-4801-bfd0-fb58a65bdb17:group-EF9B54071A8C:LeaderElection99] INFO  server.RaftServerConfigKeys (ConfUtils.java:logGet(43)) - raft.server.watch.timeout = 10s (default)
2019-09-01 05:36:11,531 [9ed047e0-6800-4801-bfd0-fb58a65bdb17:group-EF9B54071A8C:LeaderElection99] INFO  server.RaftServerConfigKeys (ConfUtils.java:logGet(43)) - raft.server.watch.timeout.denomination = 1s (default)
2019-09-01 05:36:11,531 [9ed047e0-6800-4801-bfd0-fb58a65bdb17:group-EF9B54071A8C:LeaderElection99] INFO  server.RaftServerConfigKeys (ConfUtils.java:logGet(43)) - raft.server.watch.element-limit = 65536 (default)
2019-09-01 05:36:11,531 [9ed047e0-6800-4801-bfd0-fb58a65bdb17:group-EF9B54071A8C:LeaderElection99] INFO  impl.RoleInfo (RoleInfo.java:updateAndGet(143)) - 9ed047e0-6800-4801-bfd0-fb58a65bdb17: start LeaderState
2019-09-01 05:36:11,532 [9ed047e0-6800-4801-bfd0-fb58a65bdb17:group-EF9B54071A8C:LeaderElection99] INFO  segmented.SegmentedRaftLogWorker (SegmentedRaftLogWorker.java:startLogSegment(380)) - 9ed047e0-6800-4801-bfd0-fb58a65bdb17-SegmentedRaftLogWorker:Storage Directory /workdir/hadoop-ozone/integration-test/target/test-dir/MiniOzoneClusterImpl-321653a8-8d1f-4dd6-a653-78f44973ed1e/datanode-0/data/ratis/8e51f005-929a-439a-933b-ef9b54071a8c: Starting segment from index:0
2019-09-01 05:36:11,532 [9ed047e0-6800-4801-bfd0-fb58a65bdb17:group-EF9B54071A8C:LeaderElection99] INFO  impl.RaftServerImpl (ServerState.java:setRaftConf(361)) - 9ed047e0-6800-4801-bfd0-fb58a65bdb17:group-EF9B54071A8C set configuration 0: [9ed047e0-6800-4801-bfd0-fb58a65bdb17:192.168.36.91:41400], old=null at 0
2019-09-01 05:36:11,584 [9ed047e0-6800-4801-bfd0-fb58a65bdb17-SegmentedRaftLogWorker:Storage Directory /workdir/hadoop-ozone/integration-test/target/test-dir/MiniOzoneClusterImpl-321653a8-8d1f-4dd6-a653-78f44973ed1e/datanode-0/data/ratis/8e51f005-929a-439a-933b-ef9b54071a8c] INFO  segmented.SegmentedRaftLogWorker (SegmentedRaftLogWorker.java:execute(569)) - 9ed047e0-6800-4801-bfd0-fb58a65bdb17-SegmentedRaftLogWorker:Storage Directory /workdir/hadoop-ozone/integration-test/target/test-dir/MiniOzoneClusterImpl-321653a8-8d1f-4dd6-a653-78f44973ed1e/datanode-0/data/ratis/8e51f005-929a-439a-933b-ef9b54071a8c: created new log segment /workdir/hadoop-ozone/integration-test/target/test-dir/MiniOzoneClusterImpl-321653a8-8d1f-4dd6-a653-78f44973ed1e/datanode-0/data/ratis/8e51f005-929a-439a-933b-ef9b54071a8c/current/log_inprogress_0
2019-09-01 05:36:11,616 [Thread-4078] INFO  impl.FollowerState (FollowerState.java:run(106)) - 9b3dd7f4-91cd-47fd-a215-72ecb837dc75:group-B990F2176190 changes to CANDIDATE, lastRpcTime:5118, electionTimeout:5117ms
2019-09-01 05:36:11,617 [Thread-4078] INFO  impl.RoleInfo (RoleInfo.java:shutdownFollowerState(121)) - 9b3dd7f4-91cd-47fd-a215-72ecb837dc75: shutdown FollowerState
2019-09-01 05:36:11,617 [Thread-4078] INFO  impl.RaftServerImpl (RaftServerImpl.java:setRole(171)) - 9b3dd7f4-91cd-47fd-a215-72ecb837dc75:group-B990F2176190 changes role from FOLLOWER to CANDIDATE at term 0 for changeToCandidate
2019-09-01 05:36:11,617 [Thread-4078] INFO  impl.RoleInfo (RoleInfo.java:updateAndGet(143)) - 9b3dd7f4-91cd-47fd-a215-72ecb837dc75: start LeaderElection
2019-09-01 05:36:11,702 [9b3dd7f4-91cd-47fd-a215-72ecb837dc75:group-B990F2176190:LeaderElection100] INFO  impl.LeaderElection (LeaderElection.java:askForVotes(181)) - 9b3dd7f4-91cd-47fd-a215-72ecb837dc75:group-B990F2176190:LeaderElection100: begin an election at term 1 for -1: [9b3dd7f4-91cd-47fd-a215-72ecb837dc75:192.168.36.91:34713], old=null
2019-09-01 05:36:11,703 [9b3dd7f4-91cd-47fd-a215-72ecb837dc75:group-B990F2176190:LeaderElection100] INFO  impl.RoleInfo (RoleInfo.java:shutdownLeaderElection(134)) - 9b3dd7f4-91cd-47fd-a215-72ecb837dc75: shutdown LeaderElection
2019-09-01 05:36:11,703 [9b3dd7f4-91cd-47fd-a215-72ecb837dc75:group-B990F2176190:LeaderElection100] INFO  impl.RaftServerImpl (RaftServerImpl.java:setRole(171)) - 9b3dd7f4-91cd-47fd-a215-72ecb837dc75:group-B990F2176190 changes role from CANDIDATE to LEADER at term 1 for changeToLeader
2019-09-01 05:36:11,703 [9b3dd7f4-91cd-47fd-a215-72ecb837dc75:group-B990F2176190:LeaderElection100] INFO  impl.RaftServerImpl (ServerState.java:setLeader(263)) - 9b3dd7f4-91cd-47fd-a215-72ecb837dc75:group-B990F2176190 change Leader from null to 9b3dd7f4-91cd-47fd-a215-72ecb837dc75 at term 1 for becomeLeader, leader elected after 5211ms
2019-09-01 05:36:11,703 [9b3dd7f4-91cd-47fd-a215-72ecb837dc75:group-B990F2176190:LeaderElection100] INFO  server.RaftServerConfigKeys (ConfUtils.java:logGet(43)) - raft.server.staging.catchup.gap = 1000 (default)
2019-09-01 05:36:11,703 [9b3dd7f4-91cd-47fd-a215-72ecb837dc75:group-B990F2176190:LeaderElection100] INFO  server.RaftServerConfigKeys (ConfUtils.java:logGet(43)) - raft.server.rpc.sleep.time = 25ms (default)
2019-09-01 05:36:11,703 [9b3dd7f4-91cd-47fd-a215-72ecb837dc75:group-B990F2176190:LeaderElection100] INFO  server.RaftServerConfigKeys (ConfUtils.java:logGet(43)) - raft.server.write.element-limit = 4096 (default)
2019-09-01 05:36:11,703 [9b3dd7f4-91cd-47fd-a215-72ecb837dc75:group-B990F2176190:LeaderElection100] INFO  server.RaftServerConfigKeys (ConfUtils.java:logGet(43)) - raft.server.watch.timeout = 10s (default)
2019-09-01 05:36:11,703 [9b3dd7f4-91cd-47fd-a215-72ecb837dc75:group-B990F2176190:LeaderElection100] INFO  server.RaftServerConfigKeys (ConfUtils.java:logGet(43)) - raft.server.watch.timeout.denomination = 1s (default)
2019-09-01 05:36:11,703 [9b3dd7f4-91cd-47fd-a215-72ecb837dc75:group-B990F2176190:LeaderElection100] INFO  server.RaftServerConfigKeys (ConfUtils.java:logGet(43)) - raft.server.watch.element-limit = 65536 (default)
2019-09-01 05:36:11,704 [9b3dd7f4-91cd-47fd-a215-72ecb837dc75:group-B990F2176190:LeaderElection100] INFO  impl.RoleInfo (RoleInfo.java:updateAndGet(143)) - 9b3dd7f4-91cd-47fd-a215-72ecb837dc75: start LeaderState
2019-09-01 05:36:11,704 [9b3dd7f4-91cd-47fd-a215-72ecb837dc75:group-B990F2176190:LeaderElection100] INFO  segmented.SegmentedRaftLogWorker (SegmentedRaftLogWorker.java:startLogSegment(380)) - 9b3dd7f4-91cd-47fd-a215-72ecb837dc75-SegmentedRaftLogWorker:Storage Directory /workdir/hadoop-ozone/integration-test/target/test-dir/MiniOzoneClusterImpl-321653a8-8d1f-4dd6-a653-78f44973ed1e/datanode-1/data/ratis/e90bc4ff-f8c9-47f1-8bb6-b990f2176190: Starting segment from index:0
2019-09-01 05:36:11,704 [9b3dd7f4-91cd-47fd-a215-72ecb837dc75:group-B990F2176190:LeaderElection100] INFO  impl.RaftServerImpl (ServerState.java:setRaftConf(361)) - 9b3dd7f4-91cd-47fd-a215-72ecb837dc75:group-B990F2176190 set configuration 0: [9b3dd7f4-91cd-47fd-a215-72ecb837dc75:192.168.36.91:34713], old=null at 0
2019-09-01 05:36:11,899 [9b3dd7f4-91cd-47fd-a215-72ecb837dc75-SegmentedRaftLogWorker:Storage Directory /workdir/hadoop-ozone/integration-test/target/test-dir/MiniOzoneClusterImpl-321653a8-8d1f-4dd6-a653-78f44973ed1e/datanode-1/data/ratis/e90bc4ff-f8c9-47f1-8bb6-b990f2176190] INFO  segmented.SegmentedRaftLogWorker (SegmentedRaftLogWorker.java:execute(569)) - 9b3dd7f4-91cd-47fd-a215-72ecb837dc75-SegmentedRaftLogWorker:Storage Directory /workdir/hadoop-ozone/integration-test/target/test-dir/MiniOzoneClusterImpl-321653a8-8d1f-4dd6-a653-78f44973ed1e/datanode-1/data/ratis/e90bc4ff-f8c9-47f1-8bb6-b990f2176190: created new log segment /workdir/hadoop-ozone/integration-test/target/test-dir/MiniOzoneClusterImpl-321653a8-8d1f-4dd6-a653-78f44973ed1e/datanode-1/data/ratis/e90bc4ff-f8c9-47f1-8bb6-b990f2176190/current/log_inprogress_0
2019-09-01 05:36:11,915 [Thread-4081] INFO  impl.FollowerState (FollowerState.java:run(106)) - 6ec88abe-3aa0-4cdc-bd94-b96ed0fe04dc:group-75BEB7B30774 changes to CANDIDATE, lastRpcTime:5015, electionTimeout:5015ms
2019-09-01 05:36:11,915 [Thread-4081] INFO  impl.RoleInfo (RoleInfo.java:shutdownFollowerState(121)) - 6ec88abe-3aa0-4cdc-bd94-b96ed0fe04dc: shutdown FollowerState
2019-09-01 05:36:11,915 [Thread-4081] INFO  impl.RaftServerImpl (RaftServerImpl.java:setRole(171)) - 6ec88abe-3aa0-4cdc-bd94-b96ed0fe04dc:group-75BEB7B30774 changes role from FOLLOWER to CANDIDATE at term 0 for changeToCandidate
2019-09-01 05:36:11,915 [Thread-4081] INFO  impl.RoleInfo (RoleInfo.java:updateAndGet(143)) - 6ec88abe-3aa0-4cdc-bd94-b96ed0fe04dc: start LeaderElection
2019-09-01 05:36:12,002 [6ec88abe-3aa0-4cdc-bd94-b96ed0fe04dc:group-75BEB7B30774:LeaderElection101] INFO  impl.LeaderElection (LeaderElection.java:askForVotes(181)) - 6ec88abe-3aa0-4cdc-bd94-b96ed0fe04dc:group-75BEB7B30774:LeaderElection101: begin an election at term 1 for -1: [6ec88abe-3aa0-4cdc-bd94-b96ed0fe04dc:192.168.36.91:40580], old=null
2019-09-01 05:36:12,003 [6ec88abe-3aa0-4cdc-bd94-b96ed0fe04dc:group-75BEB7B30774:LeaderElection101] INFO  impl.RoleInfo (RoleInfo.java:shutdownLeaderElection(134)) - 6ec88abe-3aa0-4cdc-bd94-b96ed0fe04dc: shutdown LeaderElection
2019-09-01 05:36:12,003 [6ec88abe-3aa0-4cdc-bd94-b96ed0fe04dc:group-75BEB7B30774:LeaderElection101] INFO  impl.RaftServerImpl (RaftServerImpl.java:setRole(171)) - 6ec88abe-3aa0-4cdc-bd94-b96ed0fe04dc:group-75BEB7B30774 changes role from CANDIDATE to LEADER at term 1 for changeToLeader
2019-09-01 05:36:12,003 [6ec88abe-3aa0-4cdc-bd94-b96ed0fe04dc:group-75BEB7B30774:LeaderElection101] INFO  impl.RaftServerImpl (ServerState.java:setLeader(263)) - 6ec88abe-3aa0-4cdc-bd94-b96ed0fe04dc:group-75BEB7B30774 change Leader from null to 6ec88abe-3aa0-4cdc-bd94-b96ed0fe04dc at term 1 for becomeLeader, leader elected after 5110ms
2019-09-01 05:36:12,003 [6ec88abe-3aa0-4cdc-bd94-b96ed0fe04dc:group-75BEB7B30774:LeaderElection101] INFO  server.RaftServerConfigKeys (ConfUtils.java:logGet(43)) - raft.server.staging.catchup.gap = 1000 (default)
2019-09-01 05:36:12,003 [6ec88abe-3aa0-4cdc-bd94-b96ed0fe04dc:group-75BEB7B30774:LeaderElection101] INFO  server.RaftServerConfigKeys (ConfUtils.java:logGet(43)) - raft.server.rpc.sleep.time = 25ms (default)
2019-09-01 05:36:12,004 [6ec88abe-3aa0-4cdc-bd94-b96ed0fe04dc:group-75BEB7B30774:LeaderElection101] INFO  server.RaftServerConfigKeys (ConfUtils.java:logGet(43)) - raft.server.write.element-limit = 4096 (default)
2019-09-01 05:36:12,004 [6ec88abe-3aa0-4cdc-bd94-b96ed0fe04dc:group-75BEB7B30774:LeaderElection101] INFO  server.RaftServerConfigKeys (ConfUtils.java:logGet(43)) - raft.server.watch.timeout = 10s (default)
2019-09-01 05:36:12,004 [6ec88abe-3aa0-4cdc-bd94-b96ed0fe04dc:group-75BEB7B30774:LeaderElection101] INFO  server.RaftServerConfigKeys (ConfUtils.java:logGet(43)) - raft.server.watch.timeout.denomination = 1s (default)
2019-09-01 05:36:12,004 [6ec88abe-3aa0-4cdc-bd94-b96ed0fe04dc:group-75BEB7B30774:LeaderElection101] INFO  server.RaftServerConfigKeys (ConfUtils.java:logGet(43)) - raft.server.watch.element-limit = 65536 (default)
2019-09-01 05:36:12,004 [6ec88abe-3aa0-4cdc-bd94-b96ed0fe04dc:group-75BEB7B30774:LeaderElection101] INFO  impl.RoleInfo (RoleInfo.java:updateAndGet(143)) - 6ec88abe-3aa0-4cdc-bd94-b96ed0fe04dc: start LeaderState
2019-09-01 05:36:12,005 [6ec88abe-3aa0-4cdc-bd94-b96ed0fe04dc:group-75BEB7B30774:LeaderElection101] INFO  segmented.SegmentedRaftLogWorker (SegmentedRaftLogWorker.java:startLogSegment(380)) - 6ec88abe-3aa0-4cdc-bd94-b96ed0fe04dc-SegmentedRaftLogWorker:Storage Directory /workdir/hadoop-ozone/integration-test/target/test-dir/MiniOzoneClusterImpl-321653a8-8d1f-4dd6-a653-78f44973ed1e/datanode-2/data/ratis/553904e1-cdcd-4714-8f7f-75beb7b30774: Starting segment from index:0
2019-09-01 05:36:12,005 [6ec88abe-3aa0-4cdc-bd94-b96ed0fe04dc:group-75BEB7B30774:LeaderElection101] INFO  impl.RaftServerImpl (ServerState.java:setRaftConf(361)) - 6ec88abe-3aa0-4cdc-bd94-b96ed0fe04dc:group-75BEB7B30774 set configuration 0: [6ec88abe-3aa0-4cdc-bd94-b96ed0fe04dc:192.168.36.91:40580], old=null at 0
2019-09-01 05:36:12,048 [6ec88abe-3aa0-4cdc-bd94-b96ed0fe04dc-SegmentedRaftLogWorker:Storage Directory /workdir/hadoop-ozone/integration-test/target/test-dir/MiniOzoneClusterImpl-321653a8-8d1f-4dd6-a653-78f44973ed1e/datanode-2/data/ratis/553904e1-cdcd-4714-8f7f-75beb7b30774] INFO  segmented.SegmentedRaftLogWorker (SegmentedRaftLogWorker.java:execute(569)) - 6ec88abe-3aa0-4cdc-bd94-b96ed0fe04dc-SegmentedRaftLogWorker:Storage Directory /workdir/hadoop-ozone/integration-test/target/test-dir/MiniOzoneClusterImpl-321653a8-8d1f-4dd6-a653-78f44973ed1e/datanode-2/data/ratis/553904e1-cdcd-4714-8f7f-75beb7b30774: created new log segment /workdir/hadoop-ozone/integration-test/target/test-dir/MiniOzoneClusterImpl-321653a8-8d1f-4dd6-a653-78f44973ed1e/datanode-2/data/ratis/553904e1-cdcd-4714-8f7f-75beb7b30774/current/log_inprogress_0
2019-09-01 05:36:12,076 [Thread-4087] INFO  impl.FollowerState (FollowerState.java:run(106)) - 9ed047e0-6800-4801-bfd0-fb58a65bdb17:group-6AA036CA3DED changes to CANDIDATE, lastRpcTime:5082, electionTimeout:5071ms
2019-09-01 05:36:12,076 [Thread-4087] INFO  impl.RoleInfo (RoleInfo.java:shutdownFollowerState(121)) - 9ed047e0-6800-4801-bfd0-fb58a65bdb17: shutdown FollowerState
2019-09-01 05:36:12,076 [Thread-4087] INFO  impl.RaftServerImpl (RaftServerImpl.java:setRole(171)) - 9ed047e0-6800-4801-bfd0-fb58a65bdb17:group-6AA036CA3DED changes role from FOLLOWER to CANDIDATE at term 0 for changeToCandidate
2019-09-01 05:36:12,076 [Thread-4087] INFO  impl.RoleInfo (RoleInfo.java:updateAndGet(143)) - 9ed047e0-6800-4801-bfd0-fb58a65bdb17: start LeaderElection
2019-09-01 05:36:12,082 [Thread-4089] INFO  impl.FollowerState (FollowerState.java:run(106)) - 9b3dd7f4-91cd-47fd-a215-72ecb837dc75:group-6AA036CA3DED changes to CANDIDATE, lastRpcTime:5076, electionTimeout:5076ms
2019-09-01 05:36:12,082 [Thread-4089] INFO  impl.RoleInfo (RoleInfo.java:shutdownFollowerState(121)) - 9b3dd7f4-91cd-47fd-a215-72ecb837dc75: shutdown FollowerState
2019-09-01 05:36:12,082 [Thread-4089] INFO  impl.RaftServerImpl (RaftServerImpl.java:setRole(171)) - 9b3dd7f4-91cd-47fd-a215-72ecb837dc75:group-6AA036CA3DED changes role from FOLLOWER to CANDIDATE at term 0 for changeToCandidate
2019-09-01 05:36:12,082 [Thread-4089] INFO  impl.RoleInfo (RoleInfo.java:updateAndGet(143)) - 9b3dd7f4-91cd-47fd-a215-72ecb837dc75: start LeaderElection
2019-09-01 05:36:12,104 [9b3dd7f4-91cd-47fd-a215-72ecb837dc75:group-6AA036CA3DED:LeaderElection103] INFO  impl.LeaderElection (LeaderElection.java:askForVotes(181)) - 9b3dd7f4-91cd-47fd-a215-72ecb837dc75:group-6AA036CA3DED:LeaderElection103: begin an election at term 1 for -1: [9ed047e0-6800-4801-bfd0-fb58a65bdb17:192.168.36.91:41400, 6ec88abe-3aa0-4cdc-bd94-b96ed0fe04dc:192.168.36.91:40580, 9b3dd7f4-91cd-47fd-a215-72ecb837dc75:192.168.36.91:34713], old=null
2019-09-01 05:36:12,104 [9ed047e0-6800-4801-bfd0-fb58a65bdb17:group-6AA036CA3DED:LeaderElection102] INFO  impl.LeaderElection (LeaderElection.java:askForVotes(181)) - 9ed047e0-6800-4801-bfd0-fb58a65bdb17:group-6AA036CA3DED:LeaderElection102: begin an election at term 1 for -1: [9ed047e0-6800-4801-bfd0-fb58a65bdb17:192.168.36.91:41400, 6ec88abe-3aa0-4cdc-bd94-b96ed0fe04dc:192.168.36.91:40580, 9b3dd7f4-91cd-47fd-a215-72ecb837dc75:192.168.36.91:34713], old=null
2019-09-01 05:36:12,107 [grpc-default-executor-14] INFO  impl.RaftServerImpl (RaftServerImpl.java:setRole(171)) - 6ec88abe-3aa0-4cdc-bd94-b96ed0fe04dc:group-6AA036CA3DED changes role from FOLLOWER to FOLLOWER at term 1 for recognizeCandidate:9ed047e0-6800-4801-bfd0-fb58a65bdb17
2019-09-01 05:36:12,107 [grpc-default-executor-14] INFO  impl.RoleInfo (RoleInfo.java:shutdownFollowerState(121)) - 6ec88abe-3aa0-4cdc-bd94-b96ed0fe04dc: shutdown FollowerState
2019-09-01 05:36:12,109 [grpc-default-executor-14] INFO  impl.RoleInfo (RoleInfo.java:updateAndGet(143)) - 6ec88abe-3aa0-4cdc-bd94-b96ed0fe04dc: start FollowerState
2019-09-01 05:36:12,109 [Thread-4084] INFO  impl.FollowerState (FollowerState.java:run(114)) - 6ec88abe-3aa0-4cdc-bd94-b96ed0fe04dc: FollowerState was interrupted: java.lang.InterruptedException: sleep interrupted
2019-09-01 05:36:12,144 [9b3dd7f4-91cd-47fd-a215-72ecb837dc75:group-6AA036CA3DED:LeaderElection103] INFO  impl.LeaderElection (LeaderElection.java:logAndReturn(56)) - 9b3dd7f4-91cd-47fd-a215-72ecb837dc75:group-6AA036CA3DED:LeaderElection103: Election REJECTED; received 2 response(s) [9b3dd7f4-91cd-47fd-a215-72ecb837dc75<-9ed047e0-6800-4801-bfd0-fb58a65bdb17#0:FAIL-t1, 9b3dd7f4-91cd-47fd-a215-72ecb837dc75<-6ec88abe-3aa0-4cdc-bd94-b96ed0fe04dc#0:FAIL-t1] and 0 exception(s); 9b3dd7f4-91cd-47fd-a215-72ecb837dc75:t1, leader=null, voted=9b3dd7f4-91cd-47fd-a215-72ecb837dc75, raftlog=9b3dd7f4-91cd-47fd-a215-72ecb837dc75-SegmentedRaftLog:OPENED:c-1,f-1,i0, conf=-1: [9ed047e0-6800-4801-bfd0-fb58a65bdb17:192.168.36.91:41400, 6ec88abe-3aa0-4cdc-bd94-b96ed0fe04dc:192.168.36.91:40580, 9b3dd7f4-91cd-47fd-a215-72ecb837dc75:192.168.36.91:34713], old=null
2019-09-01 05:36:12,144 [9b3dd7f4-91cd-47fd-a215-72ecb837dc75:group-6AA036CA3DED:LeaderElection103] INFO  impl.RaftServerImpl (RaftServerImpl.java:setRole(171)) - 9b3dd7f4-91cd-47fd-a215-72ecb837dc75:group-6AA036CA3DED changes role from CANDIDATE to FOLLOWER at term 1 for DISCOVERED_A_NEW_TERM
2019-09-01 05:36:12,144 [9b3dd7f4-91cd-47fd-a215-72ecb837dc75:group-6AA036CA3DED:LeaderElection103] INFO  impl.RoleInfo (RoleInfo.java:shutdownLeaderElection(134)) - 9b3dd7f4-91cd-47fd-a215-72ecb837dc75: shutdown LeaderElection
2019-09-01 05:36:12,145 [9ed047e0-6800-4801-bfd0-fb58a65bdb17:group-6AA036CA3DED:LeaderElection102] INFO  impl.LeaderElection (LeaderElection.java:logAndReturn(56)) - 9ed047e0-6800-4801-bfd0-fb58a65bdb17:group-6AA036CA3DED:LeaderElection102: Election PASSED; received 2 response(s) [9ed047e0-6800-4801-bfd0-fb58a65bdb17<-6ec88abe-3aa0-4cdc-bd94-b96ed0fe04dc#0:OK-t1, 9ed047e0-6800-4801-bfd0-fb58a65bdb17<-9b3dd7f4-91cd-47fd-a215-72ecb837dc75#0:FAIL-t1] and 0 exception(s); 9ed047e0-6800-4801-bfd0-fb58a65bdb17:t1, leader=null, voted=9ed047e0-6800-4801-bfd0-fb58a65bdb17, raftlog=9ed047e0-6800-4801-bfd0-fb58a65bdb17-SegmentedRaftLog:OPENED:c-1,f-1,i0, conf=-1: [9ed047e0-6800-4801-bfd0-fb58a65bdb17:192.168.36.91:41400, 6ec88abe-3aa0-4cdc-bd94-b96ed0fe04dc:192.168.36.91:40580, 9b3dd7f4-91cd-47fd-a215-72ecb837dc75:192.168.36.91:34713], old=null
2019-09-01 05:36:12,145 [9b3dd7f4-91cd-47fd-a215-72ecb837dc75:group-6AA036CA3DED:LeaderElection103] INFO  impl.RoleInfo (RoleInfo.java:updateAndGet(143)) - 9b3dd7f4-91cd-47fd-a215-72ecb837dc75: start FollowerState
2019-09-01 05:36:12,145 [9ed047e0-6800-4801-bfd0-fb58a65bdb17:group-6AA036CA3DED:LeaderElection102] INFO  impl.RoleInfo (RoleInfo.java:shutdownLeaderElection(134)) - 9ed047e0-6800-4801-bfd0-fb58a65bdb17: shutdown LeaderElection
2019-09-01 05:36:12,145 [9ed047e0-6800-4801-bfd0-fb58a65bdb17:group-6AA036CA3DED:LeaderElection102] INFO  impl.RaftServerImpl (RaftServerImpl.java:setRole(171)) - 9ed047e0-6800-4801-bfd0-fb58a65bdb17:group-6AA036CA3DED changes role from CANDIDATE to LEADER at term 1 for changeToLeader
2019-09-01 05:36:12,145 [9ed047e0-6800-4801-bfd0-fb58a65bdb17:group-6AA036CA3DED:LeaderElection102] INFO  impl.RaftServerImpl (ServerState.java:setLeader(263)) - 9ed047e0-6800-4801-bfd0-fb58a65bdb17:group-6AA036CA3DED change Leader from null to 9ed047e0-6800-4801-bfd0-fb58a65bdb17 at term 1 for becomeLeader, leader elected after 5159ms
2019-09-01 05:36:12,145 [9ed047e0-6800-4801-bfd0-fb58a65bdb17:group-6AA036CA3DED:LeaderElection102] INFO  server.RaftServerConfigKeys (ConfUtils.java:logGet(43)) - raft.server.staging.catchup.gap = 1000 (default)
2019-09-01 05:36:12,145 [9ed047e0-6800-4801-bfd0-fb58a65bdb17:group-6AA036CA3DED:LeaderElection102] INFO  server.RaftServerConfigKeys (ConfUtils.java:logGet(43)) - raft.server.rpc.sleep.time = 25ms (default)
2019-09-01 05:36:12,146 [9ed047e0-6800-4801-bfd0-fb58a65bdb17:group-6AA036CA3DED:LeaderElection102] INFO  server.RaftServerConfigKeys (ConfUtils.java:logGet(43)) - raft.server.write.element-limit = 4096 (default)
2019-09-01 05:36:12,146 [9ed047e0-6800-4801-bfd0-fb58a65bdb17:group-6AA036CA3DED:LeaderElection102] INFO  server.RaftServerConfigKeys (ConfUtils.java:logGet(43)) - raft.server.watch.timeout = 10s (default)
2019-09-01 05:36:12,146 [9ed047e0-6800-4801-bfd0-fb58a65bdb17:group-6AA036CA3DED:LeaderElection102] INFO  server.RaftServerConfigKeys (ConfUtils.java:logGet(43)) - raft.server.watch.timeout.denomination = 1s (default)
2019-09-01 05:36:12,146 [9ed047e0-6800-4801-bfd0-fb58a65bdb17:group-6AA036CA3DED:LeaderElection102] INFO  server.RaftServerConfigKeys (ConfUtils.java:logGet(43)) - raft.server.watch.element-limit = 65536 (default)
2019-09-01 05:36:12,146 [9ed047e0-6800-4801-bfd0-fb58a65bdb17:group-6AA036CA3DED:LeaderElection102] INFO  server.RaftServerConfigKeys (ConfUtils.java:logGet(43)) - raft.server.log.appender.snapshot.chunk.size.max = 16MB (=16777216) (default)
2019-09-01 05:36:12,146 [9ed047e0-6800-4801-bfd0-fb58a65bdb17:group-6AA036CA3DED:LeaderElection102] INFO  server.RaftServerConfigKeys (ConfUtils.java:logGet(43)) - raft.server.log.appender.buffer.byte-limit = 33554432 (custom)
2019-09-01 05:36:12,147 [9ed047e0-6800-4801-bfd0-fb58a65bdb17:group-6AA036CA3DED:LeaderElection102] INFO  server.RaftServerConfigKeys (ConfUtils.java:logGet(43)) - raft.server.log.appender.buffer.element-limit = 1 (custom)
2019-09-01 05:36:12,147 [9ed047e0-6800-4801-bfd0-fb58a65bdb17:group-6AA036CA3DED:LeaderElection102] INFO  grpc.GrpcConfigKeys$Server (ConfUtils.java:logGet(43)) - raft.grpc.server.leader.outstanding.appends.max = 128 (default)
2019-09-01 05:36:12,147 [9ed047e0-6800-4801-bfd0-fb58a65bdb17:group-6AA036CA3DED:LeaderElection102] INFO  server.RaftServerConfigKeys (ConfUtils.java:logGet(43)) - raft.server.rpc.request.timeout = 3000ms (default)
2019-09-01 05:36:12,147 [9ed047e0-6800-4801-bfd0-fb58a65bdb17:group-6AA036CA3DED:LeaderElection102] INFO  server.RaftServerConfigKeys (ConfUtils.java:logGet(43)) - raft.server.log.appender.install.snapshot.enabled = false (custom)
2019-09-01 05:36:12,147 [9ed047e0-6800-4801-bfd0-fb58a65bdb17:group-6AA036CA3DED:LeaderElection102] INFO  server.RaftServerConfigKeys (ConfUtils.java:logGet(43)) - raft.server.log.appender.snapshot.chunk.size.max = 16MB (=16777216) (default)
2019-09-01 05:36:12,147 [9ed047e0-6800-4801-bfd0-fb58a65bdb17:group-6AA036CA3DED:LeaderElection102] INFO  server.RaftServerConfigKeys (ConfUtils.java:logGet(43)) - raft.server.log.appender.buffer.byte-limit = 33554432 (custom)
2019-09-01 05:36:12,147 [9ed047e0-6800-4801-bfd0-fb58a65bdb17:group-6AA036CA3DED:LeaderElection102] INFO  server.RaftServerConfigKeys (ConfUtils.java:logGet(43)) - raft.server.log.appender.buffer.element-limit = 1 (custom)
2019-09-01 05:36:12,148 [9ed047e0-6800-4801-bfd0-fb58a65bdb17:group-6AA036CA3DED:LeaderElection102] INFO  grpc.GrpcConfigKeys$Server (ConfUtils.java:logGet(43)) - raft.grpc.server.leader.outstanding.appends.max = 128 (default)
2019-09-01 05:36:12,148 [9ed047e0-6800-4801-bfd0-fb58a65bdb17:group-6AA036CA3DED:LeaderElection102] INFO  server.RaftServerConfigKeys (ConfUtils.java:logGet(43)) - raft.server.rpc.request.timeout = 3000ms (default)
2019-09-01 05:36:12,148 [9ed047e0-6800-4801-bfd0-fb58a65bdb17:group-6AA036CA3DED:LeaderElection102] INFO  server.RaftServerConfigKeys (ConfUtils.java:logGet(43)) - raft.server.log.appender.install.snapshot.enabled = false (custom)
2019-09-01 05:36:12,148 [9ed047e0-6800-4801-bfd0-fb58a65bdb17:group-6AA036CA3DED:LeaderElection102] INFO  impl.RoleInfo (RoleInfo.java:updateAndGet(143)) - 9ed047e0-6800-4801-bfd0-fb58a65bdb17: start LeaderState
2019-09-01 05:36:12,148 [9ed047e0-6800-4801-bfd0-fb58a65bdb17:group-6AA036CA3DED:LeaderElection102] INFO  segmented.SegmentedRaftLogWorker (SegmentedRaftLogWorker.java:startLogSegment(380)) - 9ed047e0-6800-4801-bfd0-fb58a65bdb17-SegmentedRaftLogWorker:Storage Directory /workdir/hadoop-ozone/integration-test/target/test-dir/MiniOzoneClusterImpl-321653a8-8d1f-4dd6-a653-78f44973ed1e/datanode-0/data/ratis/bcf006d6-d885-44eb-ae42-6aa036ca3ded: Starting segment from index:0
2019-09-01 05:36:12,149 [9ed047e0-6800-4801-bfd0-fb58a65bdb17:group-6AA036CA3DED:LeaderElection102] INFO  impl.RaftServerImpl (ServerState.java:setRaftConf(361)) - 9ed047e0-6800-4801-bfd0-fb58a65bdb17:group-6AA036CA3DED set configuration 0: [9ed047e0-6800-4801-bfd0-fb58a65bdb17:192.168.36.91:41400, 6ec88abe-3aa0-4cdc-bd94-b96ed0fe04dc:192.168.36.91:40580, 9b3dd7f4-91cd-47fd-a215-72ecb837dc75:192.168.36.91:34713], old=null at 0
2019-09-01 05:36:12,150 [grpc-default-executor-15] INFO  impl.RaftServerImpl (ServerState.java:setLeader(263)) - 9b3dd7f4-91cd-47fd-a215-72ecb837dc75:group-6AA036CA3DED change Leader from null to 9ed047e0-6800-4801-bfd0-fb58a65bdb17 at term 1 for appendEntries, leader elected after 5163ms
2019-09-01 05:36:12,150 [grpc-default-executor-14] INFO  impl.RaftServerImpl (ServerState.java:setLeader(263)) - 6ec88abe-3aa0-4cdc-bd94-b96ed0fe04dc:group-6AA036CA3DED change Leader from null to 9ed047e0-6800-4801-bfd0-fb58a65bdb17 at term 1 for appendEntries, leader elected after 5164ms
2019-09-01 05:36:12,151 [grpc-default-executor-14] INFO  impl.RaftServerImpl (ServerState.java:setRaftConf(361)) - 6ec88abe-3aa0-4cdc-bd94-b96ed0fe04dc:group-6AA036CA3DED set configuration 0: [9ed047e0-6800-4801-bfd0-fb58a65bdb17:192.168.36.91:41400, 6ec88abe-3aa0-4cdc-bd94-b96ed0fe04dc:192.168.36.91:40580, 9b3dd7f4-91cd-47fd-a215-72ecb837dc75:192.168.36.91:34713], old=null at 0
2019-09-01 05:36:12,151 [grpc-default-executor-15] INFO  impl.RaftServerImpl (ServerState.java:setRaftConf(361)) - 9b3dd7f4-91cd-47fd-a215-72ecb837dc75:group-6AA036CA3DED set configuration 0: [9ed047e0-6800-4801-bfd0-fb58a65bdb17:192.168.36.91:41400, 6ec88abe-3aa0-4cdc-bd94-b96ed0fe04dc:192.168.36.91:40580, 9b3dd7f4-91cd-47fd-a215-72ecb837dc75:192.168.36.91:34713], old=null at 0
2019-09-01 05:36:12,152 [grpc-default-executor-14] INFO  segmented.SegmentedRaftLogWorker (SegmentedRaftLogWorker.java:startLogSegment(380)) - 6ec88abe-3aa0-4cdc-bd94-b96ed0fe04dc-SegmentedRaftLogWorker:Storage Directory /workdir/hadoop-ozone/integration-test/target/test-dir/MiniOzoneClusterImpl-321653a8-8d1f-4dd6-a653-78f44973ed1e/datanode-2/data/ratis/bcf006d6-d885-44eb-ae42-6aa036ca3ded: Starting segment from index:0
2019-09-01 05:36:12,152 [grpc-default-executor-15] INFO  segmented.SegmentedRaftLogWorker (SegmentedRaftLogWorker.java:startLogSegment(380)) - 9b3dd7f4-91cd-47fd-a215-72ecb837dc75-SegmentedRaftLogWorker:Storage Directory /workdir/hadoop-ozone/integration-test/target/test-dir/MiniOzoneClusterImpl-321653a8-8d1f-4dd6-a653-78f44973ed1e/datanode-1/data/ratis/bcf006d6-d885-44eb-ae42-6aa036ca3ded: Starting segment from index:0
2019-09-01 05:36:12,202 [6ec88abe-3aa0-4cdc-bd94-b96ed0fe04dc-SegmentedRaftLogWorker:Storage Directory /workdir/hadoop-ozone/integration-test/target/test-dir/MiniOzoneClusterImpl-321653a8-8d1f-4dd6-a653-78f44973ed1e/datanode-2/data/ratis/bcf006d6-d885-44eb-ae42-6aa036ca3ded] INFO  segmented.SegmentedRaftLogWorker (SegmentedRaftLogWorker.java:execute(569)) - 6ec88abe-3aa0-4cdc-bd94-b96ed0fe04dc-SegmentedRaftLogWorker:Storage Directory /workdir/hadoop-ozone/integration-test/target/test-dir/MiniOzoneClusterImpl-321653a8-8d1f-4dd6-a653-78f44973ed1e/datanode-2/data/ratis/bcf006d6-d885-44eb-ae42-6aa036ca3ded: created new log segment /workdir/hadoop-ozone/integration-test/target/test-dir/MiniOzoneClusterImpl-321653a8-8d1f-4dd6-a653-78f44973ed1e/datanode-2/data/ratis/bcf006d6-d885-44eb-ae42-6aa036ca3ded/current/log_inprogress_0
2019-09-01 05:36:12,202 [9ed047e0-6800-4801-bfd0-fb58a65bdb17-SegmentedRaftLogWorker:Storage Directory /workdir/hadoop-ozone/integration-test/target/test-dir/MiniOzoneClusterImpl-321653a8-8d1f-4dd6-a653-78f44973ed1e/datanode-0/data/ratis/bcf006d6-d885-44eb-ae42-6aa036ca3ded] INFO  segmented.SegmentedRaftLogWorker (SegmentedRaftLogWorker.java:execute(569)) - 9ed047e0-6800-4801-bfd0-fb58a65bdb17-SegmentedRaftLogWorker:Storage Directory /workdir/hadoop-ozone/integration-test/target/test-dir/MiniOzoneClusterImpl-321653a8-8d1f-4dd6-a653-78f44973ed1e/datanode-0/data/ratis/bcf006d6-d885-44eb-ae42-6aa036ca3ded: created new log segment /workdir/hadoop-ozone/integration-test/target/test-dir/MiniOzoneClusterImpl-321653a8-8d1f-4dd6-a653-78f44973ed1e/datanode-0/data/ratis/bcf006d6-d885-44eb-ae42-6aa036ca3ded/current/log_inprogress_0
2019-09-01 05:36:12,202 [9b3dd7f4-91cd-47fd-a215-72ecb837dc75-SegmentedRaftLogWorker:Storage Directory /workdir/hadoop-ozone/integration-test/target/test-dir/MiniOzoneClusterImpl-321653a8-8d1f-4dd6-a653-78f44973ed1e/datanode-1/data/ratis/bcf006d6-d885-44eb-ae42-6aa036ca3ded] INFO  segmented.SegmentedRaftLogWorker (SegmentedRaftLogWorker.java:execute(569)) - 9b3dd7f4-91cd-47fd-a215-72ecb837dc75-SegmentedRaftLogWorker:Storage Directory /workdir/hadoop-ozone/integration-test/target/test-dir/MiniOzoneClusterImpl-321653a8-8d1f-4dd6-a653-78f44973ed1e/datanode-1/data/ratis/bcf006d6-d885-44eb-ae42-6aa036ca3ded: created new log segment /workdir/hadoop-ozone/integration-test/target/test-dir/MiniOzoneClusterImpl-321653a8-8d1f-4dd6-a653-78f44973ed1e/datanode-1/data/ratis/bcf006d6-d885-44eb-ae42-6aa036ca3ded/current/log_inprogress_0
2019-09-01 05:36:12,247 [grpc-default-executor-15] INFO  client.GrpcClientProtocolClient (GrpcClientProtocolClient.java:onNext(255)) - client-FDBCFB2537E7->6ec88abe-3aa0-4cdc-bd94-b96ed0fe04dc: receive RaftClientReply:client-FDBCFB2537E7->6ec88abe-3aa0-4cdc-bd94-b96ed0fe04dc@group-6AA036CA3DED, cid=215, FAILED org.apache.ratis.protocol.NotLeaderException: Server 6ec88abe-3aa0-4cdc-bd94-b96ed0fe04dc is not the leader (9ed047e0-6800-4801-bfd0-fb58a65bdb17:192.168.36.91:41400). Request must be sent to leader., logIndex=0, commits[6ec88abe-3aa0-4cdc-bd94-b96ed0fe04dc:c-1, 9ed047e0-6800-4801-bfd0-fb58a65bdb17:c-1, 9b3dd7f4-91cd-47fd-a215-72ecb837dc75:c-1]
2019-09-01 05:36:12,342 [Thread-4093] INFO  impl.FollowerState (FollowerState.java:run(106)) - cf674907-dece-4092-b393-45c73bb01958:group-C275D291A638 changes to CANDIDATE, lastRpcTime:5200, electionTimeout:5200ms
2019-09-01 05:36:12,343 [Thread-4093] INFO  impl.RoleInfo (RoleInfo.java:shutdownFollowerState(121)) - cf674907-dece-4092-b393-45c73bb01958: shutdown FollowerState
2019-09-01 05:36:12,343 [Thread-4093] INFO  impl.RaftServerImpl (RaftServerImpl.java:setRole(171)) - cf674907-dece-4092-b393-45c73bb01958:group-C275D291A638 changes role from FOLLOWER to CANDIDATE at term 0 for changeToCandidate
2019-09-01 05:36:12,343 [Thread-4093] INFO  impl.RoleInfo (RoleInfo.java:updateAndGet(143)) - cf674907-dece-4092-b393-45c73bb01958: start LeaderElection
2019-09-01 05:36:12,348 [Thread-4096] INFO  impl.FollowerState (FollowerState.java:run(106)) - 98d58070-504e-4381-8607-140696a0bcab:group-252092821D51 changes to CANDIDATE, lastRpcTime:5141, electionTimeout:5140ms
2019-09-01 05:36:12,351 [Thread-4096] INFO  impl.RoleInfo (RoleInfo.java:shutdownFollowerState(121)) - 98d58070-504e-4381-8607-140696a0bcab: shutdown FollowerState
2019-09-01 05:36:12,351 [Thread-4096] INFO  impl.RaftServerImpl (RaftServerImpl.java:setRole(171)) - 98d58070-504e-4381-8607-140696a0bcab:group-252092821D51 changes role from FOLLOWER to CANDIDATE at term 0 for changeToCandidate
2019-09-01 05:36:12,351 [Thread-4096] INFO  impl.RoleInfo (RoleInfo.java:updateAndGet(143)) - 98d58070-504e-4381-8607-140696a0bcab: start LeaderElection
2019-09-01 05:36:12,365 [cf674907-dece-4092-b393-45c73bb01958:group-C275D291A638:LeaderElection104] INFO  impl.LeaderElection (LeaderElection.java:askForVotes(181)) - cf674907-dece-4092-b393-45c73bb01958:group-C275D291A638:LeaderElection104: begin an election at term 1 for -1: [cf674907-dece-4092-b393-45c73bb01958:192.168.36.91:45960], old=null
2019-09-01 05:36:12,366 [cf674907-dece-4092-b393-45c73bb01958:group-C275D291A638:LeaderElection104] INFO  impl.RoleInfo (RoleInfo.java:shutdownLeaderElection(134)) - cf674907-dece-4092-b393-45c73bb01958: shutdown LeaderElection
2019-09-01 05:36:12,366 [cf674907-dece-4092-b393-45c73bb01958:group-C275D291A638:LeaderElection104] INFO  impl.RaftServerImpl (RaftServerImpl.java:setRole(171)) - cf674907-dece-4092-b393-45c73bb01958:group-C275D291A638 changes role from CANDIDATE to LEADER at term 1 for changeToLeader
2019-09-01 05:36:12,366 [cf674907-dece-4092-b393-45c73bb01958:group-C275D291A638:LeaderElection104] INFO  impl.RaftServerImpl (ServerState.java:setLeader(263)) - cf674907-dece-4092-b393-45c73bb01958:group-C275D291A638 change Leader from null to cf674907-dece-4092-b393-45c73bb01958 at term 1 for becomeLeader, leader elected after 5227ms
2019-09-01 05:36:12,366 [cf674907-dece-4092-b393-45c73bb01958:group-C275D291A638:LeaderElection104] INFO  server.RaftServerConfigKeys (ConfUtils.java:logGet(43)) - raft.server.staging.catchup.gap = 1000 (default)
2019-09-01 05:36:12,366 [cf674907-dece-4092-b393-45c73bb01958:group-C275D291A638:LeaderElection104] INFO  server.RaftServerConfigKeys (ConfUtils.java:logGet(43)) - raft.server.rpc.sleep.time = 25ms (default)
2019-09-01 05:36:12,366 [cf674907-dece-4092-b393-45c73bb01958:group-C275D291A638:LeaderElection104] INFO  server.RaftServerConfigKeys (ConfUtils.java:logGet(43)) - raft.server.write.element-limit = 4096 (default)
2019-09-01 05:36:12,366 [cf674907-dece-4092-b393-45c73bb01958:group-C275D291A638:LeaderElection104] INFO  server.RaftServerConfigKeys (ConfUtils.java:logGet(43)) - raft.server.watch.timeout = 10s (default)
2019-09-01 05:36:12,366 [cf674907-dece-4092-b393-45c73bb01958:group-C275D291A638:LeaderElection104] INFO  server.RaftServerConfigKeys (ConfUtils.java:logGet(43)) - raft.server.watch.timeout.denomination = 1s (default)
2019-09-01 05:36:12,366 [cf674907-dece-4092-b393-45c73bb01958:group-C275D291A638:LeaderElection104] INFO  server.RaftServerConfigKeys (ConfUtils.java:logGet(43)) - raft.server.watch.element-limit = 65536 (default)
2019-09-01 05:36:12,367 [cf674907-dece-4092-b393-45c73bb01958:group-C275D291A638:LeaderElection104] INFO  impl.RoleInfo (RoleInfo.java:updateAndGet(143)) - cf674907-dece-4092-b393-45c73bb01958: start LeaderState
2019-09-01 05:36:12,367 [cf674907-dece-4092-b393-45c73bb01958:group-C275D291A638:LeaderElection104] INFO  segmented.SegmentedRaftLogWorker (SegmentedRaftLogWorker.java:startLogSegment(380)) - cf674907-dece-4092-b393-45c73bb01958-SegmentedRaftLogWorker:Storage Directory /workdir/hadoop-ozone/integration-test/target/test-dir/MiniOzoneClusterImpl-321653a8-8d1f-4dd6-a653-78f44973ed1e/datanode-3/data/ratis/2b88e833-af19-4e51-ac88-c275d291a638: Starting segment from index:0
2019-09-01 05:36:12,367 [cf674907-dece-4092-b393-45c73bb01958:group-C275D291A638:LeaderElection104] INFO  impl.RaftServerImpl (ServerState.java:setRaftConf(361)) - cf674907-dece-4092-b393-45c73bb01958:group-C275D291A638 set configuration 0: [cf674907-dece-4092-b393-45c73bb01958:192.168.36.91:45960], old=null at 0
2019-09-01 05:36:12,392 [98d58070-504e-4381-8607-140696a0bcab:group-252092821D51:LeaderElection105] INFO  impl.LeaderElection (LeaderElection.java:askForVotes(181)) - 98d58070-504e-4381-8607-140696a0bcab:group-252092821D51:LeaderElection105: begin an election at term 1 for -1: [98d58070-504e-4381-8607-140696a0bcab:192.168.36.91:36578], old=null
2019-09-01 05:36:12,392 [98d58070-504e-4381-8607-140696a0bcab:group-252092821D51:LeaderElection105] INFO  impl.RoleInfo (RoleInfo.java:shutdownLeaderElection(134)) - 98d58070-504e-4381-8607-140696a0bcab: shutdown LeaderElection
2019-09-01 05:36:12,397 [98d58070-504e-4381-8607-140696a0bcab:group-252092821D51:LeaderElection105] INFO  impl.RaftServerImpl (RaftServerImpl.java:setRole(171)) - 98d58070-504e-4381-8607-140696a0bcab:group-252092821D51 changes role from CANDIDATE to LEADER at term 1 for changeToLeader
2019-09-01 05:36:12,398 [98d58070-504e-4381-8607-140696a0bcab:group-252092821D51:LeaderElection105] INFO  impl.RaftServerImpl (ServerState.java:setLeader(263)) - 98d58070-504e-4381-8607-140696a0bcab:group-252092821D51 change Leader from null to 98d58070-504e-4381-8607-140696a0bcab at term 1 for becomeLeader, leader elected after 5193ms
2019-09-01 05:36:12,398 [98d58070-504e-4381-8607-140696a0bcab:group-252092821D51:LeaderElection105] INFO  server.RaftServerConfigKeys (ConfUtils.java:logGet(43)) - raft.server.staging.catchup.gap = 1000 (default)
2019-09-01 05:36:12,398 [98d58070-504e-4381-8607-140696a0bcab:group-252092821D51:LeaderElection105] INFO  server.RaftServerConfigKeys (ConfUtils.java:logGet(43)) - raft.server.rpc.sleep.time = 25ms (default)
2019-09-01 05:36:12,398 [98d58070-504e-4381-8607-140696a0bcab:group-252092821D51:LeaderElection105] INFO  server.RaftServerConfigKeys (ConfUtils.java:logGet(43)) - raft.server.write.element-limit = 4096 (default)
2019-09-01 05:36:12,398 [98d58070-504e-4381-8607-140696a0bcab:group-252092821D51:LeaderElection105] INFO  server.RaftServerConfigKeys (ConfUtils.java:logGet(43)) - raft.server.watch.timeout = 10s (default)
2019-09-01 05:36:12,398 [98d58070-504e-4381-8607-140696a0bcab:group-252092821D51:LeaderElection105] INFO  server.RaftServerConfigKeys (ConfUtils.java:logGet(43)) - raft.server.watch.timeout.denomination = 1s (default)
2019-09-01 05:36:12,398 [98d58070-504e-4381-8607-140696a0bcab:group-252092821D51:LeaderElection105] INFO  server.RaftServerConfigKeys (ConfUtils.java:logGet(43)) - raft.server.watch.element-limit = 65536 (default)
2019-09-01 05:36:12,398 [98d58070-504e-4381-8607-140696a0bcab:group-252092821D51:LeaderElection105] INFO  impl.RoleInfo (RoleInfo.java:updateAndGet(143)) - 98d58070-504e-4381-8607-140696a0bcab: start LeaderState
2019-09-01 05:36:12,398 [98d58070-504e-4381-8607-140696a0bcab:group-252092821D51:LeaderElection105] INFO  segmented.SegmentedRaftLogWorker (SegmentedRaftLogWorker.java:startLogSegment(380)) - 98d58070-504e-4381-8607-140696a0bcab-SegmentedRaftLogWorker:Storage Directory /workdir/hadoop-ozone/integration-test/target/test-dir/MiniOzoneClusterImpl-321653a8-8d1f-4dd6-a653-78f44973ed1e/datanode-6/data/ratis/80544ec3-2063-4ef5-ad13-252092821d51: Starting segment from index:0
2019-09-01 05:36:12,399 [98d58070-504e-4381-8607-140696a0bcab:group-252092821D51:LeaderElection105] INFO  impl.RaftServerImpl (ServerState.java:setRaftConf(361)) - 98d58070-504e-4381-8607-140696a0bcab:group-252092821D51 set configuration 0: [98d58070-504e-4381-8607-140696a0bcab:192.168.36.91:36578], old=null at 0
2019-09-01 05:36:12,419 [Thread-4099] INFO  impl.FollowerState (FollowerState.java:run(106)) - b4827cc5-e6d4-40a4-bd7a-ab968f420f26:group-E314E2C53BC6 changes to CANDIDATE, lastRpcTime:5136, electionTimeout:5136ms
2019-09-01 05:36:12,419 [Thread-4099] INFO  impl.RoleInfo (RoleInfo.java:shutdownFollowerState(121)) - b4827cc5-e6d4-40a4-bd7a-ab968f420f26: shutdown FollowerState
2019-09-01 05:36:12,419 [Thread-4099] INFO  impl.RaftServerImpl (RaftServerImpl.java:setRole(171)) - b4827cc5-e6d4-40a4-bd7a-ab968f420f26:group-E314E2C53BC6 changes role from FOLLOWER to CANDIDATE at term 0 for changeToCandidate
2019-09-01 05:36:12,419 [Thread-4099] INFO  impl.RoleInfo (RoleInfo.java:updateAndGet(143)) - b4827cc5-e6d4-40a4-bd7a-ab968f420f26: start LeaderElection
2019-09-01 05:36:12,449 [cf674907-dece-4092-b393-45c73bb01958-SegmentedRaftLogWorker:Storage Directory /workdir/hadoop-ozone/integration-test/target/test-dir/MiniOzoneClusterImpl-321653a8-8d1f-4dd6-a653-78f44973ed1e/datanode-3/data/ratis/2b88e833-af19-4e51-ac88-c275d291a638] INFO  segmented.SegmentedRaftLogWorker (SegmentedRaftLogWorker.java:execute(569)) - cf674907-dece-4092-b393-45c73bb01958-SegmentedRaftLogWorker:Storage Directory /workdir/hadoop-ozone/integration-test/target/test-dir/MiniOzoneClusterImpl-321653a8-8d1f-4dd6-a653-78f44973ed1e/datanode-3/data/ratis/2b88e833-af19-4e51-ac88-c275d291a638: created new log segment /workdir/hadoop-ozone/integration-test/target/test-dir/MiniOzoneClusterImpl-321653a8-8d1f-4dd6-a653-78f44973ed1e/datanode-3/data/ratis/2b88e833-af19-4e51-ac88-c275d291a638/current/log_inprogress_0
2019-09-01 05:36:12,466 [98d58070-504e-4381-8607-140696a0bcab-SegmentedRaftLogWorker:Storage Directory /workdir/hadoop-ozone/integration-test/target/test-dir/MiniOzoneClusterImpl-321653a8-8d1f-4dd6-a653-78f44973ed1e/datanode-6/data/ratis/80544ec3-2063-4ef5-ad13-252092821d51] INFO  segmented.SegmentedRaftLogWorker (SegmentedRaftLogWorker.java:execute(569)) - 98d58070-504e-4381-8607-140696a0bcab-SegmentedRaftLogWorker:Storage Directory /workdir/hadoop-ozone/integration-test/target/test-dir/MiniOzoneClusterImpl-321653a8-8d1f-4dd6-a653-78f44973ed1e/datanode-6/data/ratis/80544ec3-2063-4ef5-ad13-252092821d51: created new log segment /workdir/hadoop-ozone/integration-test/target/test-dir/MiniOzoneClusterImpl-321653a8-8d1f-4dd6-a653-78f44973ed1e/datanode-6/data/ratis/80544ec3-2063-4ef5-ad13-252092821d51/current/log_inprogress_0
2019-09-01 05:36:12,466 [b4827cc5-e6d4-40a4-bd7a-ab968f420f26:group-E314E2C53BC6:LeaderElection106] INFO  impl.LeaderElection (LeaderElection.java:askForVotes(181)) - b4827cc5-e6d4-40a4-bd7a-ab968f420f26:group-E314E2C53BC6:LeaderElection106: begin an election at term 1 for -1: [b4827cc5-e6d4-40a4-bd7a-ab968f420f26:192.168.36.91:46458], old=null
2019-09-01 05:36:12,467 [b4827cc5-e6d4-40a4-bd7a-ab968f420f26:group-E314E2C53BC6:LeaderElection106] INFO  impl.RoleInfo (RoleInfo.java:shutdownLeaderElection(134)) - b4827cc5-e6d4-40a4-bd7a-ab968f420f26: shutdown LeaderElection
2019-09-01 05:36:12,467 [b4827cc5-e6d4-40a4-bd7a-ab968f420f26:group-E314E2C53BC6:LeaderElection106] INFO  impl.RaftServerImpl (RaftServerImpl.java:setRole(171)) - b4827cc5-e6d4-40a4-bd7a-ab968f420f26:group-E314E2C53BC6 changes role from CANDIDATE to LEADER at term 1 for changeToLeader
2019-09-01 05:36:12,467 [b4827cc5-e6d4-40a4-bd7a-ab968f420f26:group-E314E2C53BC6:LeaderElection106] INFO  impl.RaftServerImpl (ServerState.java:setLeader(263)) - b4827cc5-e6d4-40a4-bd7a-ab968f420f26:group-E314E2C53BC6 change Leader from null to b4827cc5-e6d4-40a4-bd7a-ab968f420f26 at term 1 for becomeLeader, leader elected after 5187ms
2019-09-01 05:36:12,467 [b4827cc5-e6d4-40a4-bd7a-ab968f420f26:group-E314E2C53BC6:LeaderElection106] INFO  server.RaftServerConfigKeys (ConfUtils.java:logGet(43)) - raft.server.staging.catchup.gap = 1000 (default)
2019-09-01 05:36:12,467 [b4827cc5-e6d4-40a4-bd7a-ab968f420f26:group-E314E2C53BC6:LeaderElection106] INFO  server.RaftServerConfigKeys (ConfUtils.java:logGet(43)) - raft.server.rpc.sleep.time = 25ms (default)
2019-09-01 05:36:12,467 [b4827cc5-e6d4-40a4-bd7a-ab968f420f26:group-E314E2C53BC6:LeaderElection106] INFO  server.RaftServerConfigKeys (ConfUtils.java:logGet(43)) - raft.server.write.element-limit = 4096 (default)
2019-09-01 05:36:12,467 [b4827cc5-e6d4-40a4-bd7a-ab968f420f26:group-E314E2C53BC6:LeaderElection106] INFO  server.RaftServerConfigKeys (ConfUtils.java:logGet(43)) - raft.server.watch.timeout = 10s (default)
2019-09-01 05:36:12,467 [b4827cc5-e6d4-40a4-bd7a-ab968f420f26:group-E314E2C53BC6:LeaderElection106] INFO  server.RaftServerConfigKeys (ConfUtils.java:logGet(43)) - raft.server.watch.timeout.denomination = 1s (default)
2019-09-01 05:36:12,467 [b4827cc5-e6d4-40a4-bd7a-ab968f420f26:group-E314E2C53BC6:LeaderElection106] INFO  server.RaftServerConfigKeys (ConfUtils.java:logGet(43)) - raft.server.watch.element-limit = 65536 (default)
2019-09-01 05:36:12,467 [b4827cc5-e6d4-40a4-bd7a-ab968f420f26:group-E314E2C53BC6:LeaderElection106] INFO  impl.RoleInfo (RoleInfo.java:updateAndGet(143)) - b4827cc5-e6d4-40a4-bd7a-ab968f420f26: start LeaderState
2019-09-01 05:36:12,468 [b4827cc5-e6d4-40a4-bd7a-ab968f420f26:group-E314E2C53BC6:LeaderElection106] INFO  segmented.SegmentedRaftLogWorker (SegmentedRaftLogWorker.java:startLogSegment(380)) - b4827cc5-e6d4-40a4-bd7a-ab968f420f26-SegmentedRaftLogWorker:Storage Directory /workdir/hadoop-ozone/integration-test/target/test-dir/MiniOzoneClusterImpl-321653a8-8d1f-4dd6-a653-78f44973ed1e/datanode-4/data/ratis/902c88c3-6c9a-4879-9e61-e314e2c53bc6: Starting segment from index:0
2019-09-01 05:36:12,468 [b4827cc5-e6d4-40a4-bd7a-ab968f420f26:group-E314E2C53BC6:LeaderElection106] INFO  impl.RaftServerImpl (ServerState.java:setRaftConf(361)) - b4827cc5-e6d4-40a4-bd7a-ab968f420f26:group-E314E2C53BC6 set configuration 0: [b4827cc5-e6d4-40a4-bd7a-ab968f420f26:192.168.36.91:46458], old=null at 0
2019-09-01 05:36:12,500 [grpc-default-executor-14] INFO  client.GrpcClientProtocolClient (GrpcClientProtocolClient.java:onNext(255)) - client-FDBCFB2537E7->9ed047e0-6800-4801-bfd0-fb58a65bdb17: receive RaftClientReply:client-FDBCFB2537E7->9ed047e0-6800-4801-bfd0-fb58a65bdb17@group-6AA036CA3DED, cid=215, SUCCESS, logIndex=1, commits[9ed047e0-6800-4801-bfd0-fb58a65bdb17:c1, 6ec88abe-3aa0-4cdc-bd94-b96ed0fe04dc:c0, 9b3dd7f4-91cd-47fd-a215-72ecb837dc75:c0]
2019-09-01 05:36:12,514 [grpc-default-executor-12] INFO  client.GrpcClientProtocolClient (GrpcClientProtocolClient.java:onNext(255)) - client-FDBCFB2537E7->9ed047e0-6800-4801-bfd0-fb58a65bdb17: receive RaftClientReply:client-FDBCFB2537E7->9ed047e0-6800-4801-bfd0-fb58a65bdb17@group-6AA036CA3DED, cid=216, SUCCESS, logIndex=3, commits[9ed047e0-6800-4801-bfd0-fb58a65bdb17:c3, 6ec88abe-3aa0-4cdc-bd94-b96ed0fe04dc:c2, 9b3dd7f4-91cd-47fd-a215-72ecb837dc75:c2]
2019-09-01 05:36:12,517 [b4827cc5-e6d4-40a4-bd7a-ab968f420f26-SegmentedRaftLogWorker:Storage Directory /workdir/hadoop-ozone/integration-test/target/test-dir/MiniOzoneClusterImpl-321653a8-8d1f-4dd6-a653-78f44973ed1e/datanode-4/data/ratis/902c88c3-6c9a-4879-9e61-e314e2c53bc6] INFO  segmented.SegmentedRaftLogWorker (SegmentedRaftLogWorker.java:execute(569)) - b4827cc5-e6d4-40a4-bd7a-ab968f420f26-SegmentedRaftLogWorker:Storage Directory /workdir/hadoop-ozone/integration-test/target/test-dir/MiniOzoneClusterImpl-321653a8-8d1f-4dd6-a653-78f44973ed1e/datanode-4/data/ratis/902c88c3-6c9a-4879-9e61-e314e2c53bc6: created new log segment /workdir/hadoop-ozone/integration-test/target/test-dir/MiniOzoneClusterImpl-321653a8-8d1f-4dd6-a653-78f44973ed1e/datanode-4/data/ratis/902c88c3-6c9a-4879-9e61-e314e2c53bc6/current/log_inprogress_0
2019-09-01 05:36:12,524 [Thread-4102] INFO  impl.FollowerState (FollowerState.java:run(106)) - 3bf717c5-51ea-4d54-aafc-6388feca3bed:group-15423DD87A68 changes to CANDIDATE, lastRpcTime:5173, electionTimeout:5173ms
2019-09-01 05:36:12,524 [Thread-4102] INFO  impl.RoleInfo (RoleInfo.java:shutdownFollowerState(121)) - 3bf717c5-51ea-4d54-aafc-6388feca3bed: shutdown FollowerState
2019-09-01 05:36:12,524 [Thread-4102] INFO  impl.RaftServerImpl (RaftServerImpl.java:setRole(171)) - 3bf717c5-51ea-4d54-aafc-6388feca3bed:group-15423DD87A68 changes role from FOLLOWER to CANDIDATE at term 0 for changeToCandidate
2019-09-01 05:36:12,524 [Thread-4102] INFO  impl.RoleInfo (RoleInfo.java:updateAndGet(143)) - 3bf717c5-51ea-4d54-aafc-6388feca3bed: start LeaderElection
2019-09-01 05:36:12,543 [3bf717c5-51ea-4d54-aafc-6388feca3bed:group-15423DD87A68:LeaderElection107] INFO  impl.LeaderElection (LeaderElection.java:askForVotes(181)) - 3bf717c5-51ea-4d54-aafc-6388feca3bed:group-15423DD87A68:LeaderElection107: begin an election at term 1 for -1: [3bf717c5-51ea-4d54-aafc-6388feca3bed:192.168.36.91:46634], old=null
2019-09-01 05:36:12,543 [3bf717c5-51ea-4d54-aafc-6388feca3bed:group-15423DD87A68:LeaderElection107] INFO  impl.RoleInfo (RoleInfo.java:shutdownLeaderElection(134)) - 3bf717c5-51ea-4d54-aafc-6388feca3bed: shutdown LeaderElection
2019-09-01 05:36:12,543 [3bf717c5-51ea-4d54-aafc-6388feca3bed:group-15423DD87A68:LeaderElection107] INFO  impl.RaftServerImpl (RaftServerImpl.java:setRole(171)) - 3bf717c5-51ea-4d54-aafc-6388feca3bed:group-15423DD87A68 changes role from CANDIDATE to LEADER at term 1 for changeToLeader
2019-09-01 05:36:12,543 [3bf717c5-51ea-4d54-aafc-6388feca3bed:group-15423DD87A68:LeaderElection107] INFO  impl.RaftServerImpl (ServerState.java:setLeader(263)) - 3bf717c5-51ea-4d54-aafc-6388feca3bed:group-15423DD87A68 change Leader from null to 3bf717c5-51ea-4d54-aafc-6388feca3bed at term 1 for becomeLeader, leader elected after 5195ms
2019-09-01 05:36:12,543 [3bf717c5-51ea-4d54-aafc-6388feca3bed:group-15423DD87A68:LeaderElection107] INFO  server.RaftServerConfigKeys (ConfUtils.java:logGet(43)) - raft.server.staging.catchup.gap = 1000 (default)
2019-09-01 05:36:12,543 [3bf717c5-51ea-4d54-aafc-6388feca3bed:group-15423DD87A68:LeaderElection107] INFO  server.RaftServerConfigKeys (ConfUtils.java:logGet(43)) - raft.server.rpc.sleep.time = 25ms (default)
2019-09-01 05:36:12,543 [3bf717c5-51ea-4d54-aafc-6388feca3bed:group-15423DD87A68:LeaderElection107] INFO  server.RaftServerConfigKeys (ConfUtils.java:logGet(43)) - raft.server.write.element-limit = 4096 (default)
2019-09-01 05:36:12,543 [3bf717c5-51ea-4d54-aafc-6388feca3bed:group-15423DD87A68:LeaderElection107] INFO  server.RaftServerConfigKeys (ConfUtils.java:logGet(43)) - raft.server.watch.timeout = 10s (default)
2019-09-01 05:36:12,544 [3bf717c5-51ea-4d54-aafc-6388feca3bed:group-15423DD87A68:LeaderElection107] INFO  server.RaftServerConfigKeys (ConfUtils.java:logGet(43)) - raft.server.watch.timeout.denomination = 1s (default)
2019-09-01 05:36:12,544 [3bf717c5-51ea-4d54-aafc-6388feca3bed:group-15423DD87A68:LeaderElection107] INFO  server.RaftServerConfigKeys (ConfUtils.java:logGet(43)) - raft.server.watch.element-limit = 65536 (default)
2019-09-01 05:36:12,544 [3bf717c5-51ea-4d54-aafc-6388feca3bed:group-15423DD87A68:LeaderElection107] INFO  impl.RoleInfo (RoleInfo.java:updateAndGet(143)) - 3bf717c5-51ea-4d54-aafc-6388feca3bed: start LeaderState
2019-09-01 05:36:12,544 [3bf717c5-51ea-4d54-aafc-6388feca3bed:group-15423DD87A68:LeaderElection107] INFO  segmented.SegmentedRaftLogWorker (SegmentedRaftLogWorker.java:startLogSegment(380)) - 3bf717c5-51ea-4d54-aafc-6388feca3bed-SegmentedRaftLogWorker:Storage Directory /workdir/hadoop-ozone/integration-test/target/test-dir/MiniOzoneClusterImpl-321653a8-8d1f-4dd6-a653-78f44973ed1e/datanode-5/data/ratis/67dc4085-6ccc-4491-a5ef-15423dd87a68: Starting segment from index:0
2019-09-01 05:36:12,544 [3bf717c5-51ea-4d54-aafc-6388feca3bed:group-15423DD87A68:LeaderElection107] INFO  impl.RaftServerImpl (ServerState.java:setRaftConf(361)) - 3bf717c5-51ea-4d54-aafc-6388feca3bed:group-15423DD87A68 set configuration 0: [3bf717c5-51ea-4d54-aafc-6388feca3bed:192.168.36.91:46634], old=null at 0
2019-09-01 05:36:12,551 [Thread-4111] INFO  impl.FollowerState (FollowerState.java:run(106)) - b4827cc5-e6d4-40a4-bd7a-ab968f420f26:group-EA26DABB2B00 changes to CANDIDATE, lastRpcTime:5116, electionTimeout:5116ms
2019-09-01 05:36:12,551 [Thread-4111] INFO  impl.RoleInfo (RoleInfo.java:shutdownFollowerState(121)) - b4827cc5-e6d4-40a4-bd7a-ab968f420f26: shutdown FollowerState
2019-09-01 05:36:12,551 [Thread-4111] INFO  impl.RaftServerImpl (RaftServerImpl.java:setRole(171)) - b4827cc5-e6d4-40a4-bd7a-ab968f420f26:group-EA26DABB2B00 changes role from FOLLOWER to CANDIDATE at term 0 for changeToCandidate
2019-09-01 05:36:12,551 [Thread-4111] INFO  impl.RoleInfo (RoleInfo.java:updateAndGet(143)) - b4827cc5-e6d4-40a4-bd7a-ab968f420f26: start LeaderElection
2019-09-01 05:36:12,570 [b4827cc5-e6d4-40a4-bd7a-ab968f420f26:group-EA26DABB2B00:LeaderElection108] INFO  impl.LeaderElection (LeaderElection.java:askForVotes(181)) - b4827cc5-e6d4-40a4-bd7a-ab968f420f26:group-EA26DABB2B00:LeaderElection108: begin an election at term 1 for -1: [cf674907-dece-4092-b393-45c73bb01958:192.168.36.91:45960, b4827cc5-e6d4-40a4-bd7a-ab968f420f26:192.168.36.91:46458, 98d58070-504e-4381-8607-140696a0bcab:192.168.36.91:36578], old=null
2019-09-01 05:36:12,585 [grpc-default-executor-12] INFO  client.GrpcClientProtocolClient (GrpcClientProtocolClient.java:onNext(255)) - client-FDBCFB2537E7->9ed047e0-6800-4801-bfd0-fb58a65bdb17: receive RaftClientReply:client-FDBCFB2537E7->9ed047e0-6800-4801-bfd0-fb58a65bdb17@group-6AA036CA3DED, cid=217, SUCCESS, logIndex=4, commits[9ed047e0-6800-4801-bfd0-fb58a65bdb17:c6, 6ec88abe-3aa0-4cdc-bd94-b96ed0fe04dc:c3, 9b3dd7f4-91cd-47fd-a215-72ecb837dc75:c3]
2019-09-01 05:36:12,588 [grpc-default-executor-14] INFO  impl.RaftServerImpl (RaftServerImpl.java:setRole(171)) - cf674907-dece-4092-b393-45c73bb01958:group-EA26DABB2B00 changes role from FOLLOWER to FOLLOWER at term 1 for recognizeCandidate:b4827cc5-e6d4-40a4-bd7a-ab968f420f26
2019-09-01 05:36:12,588 [grpc-default-executor-15] INFO  impl.RaftServerImpl (RaftServerImpl.java:setRole(171)) - 98d58070-504e-4381-8607-140696a0bcab:group-EA26DABB2B00 changes role from FOLLOWER to FOLLOWER at term 1 for recognizeCandidate:b4827cc5-e6d4-40a4-bd7a-ab968f420f26
2019-09-01 05:36:12,588 [grpc-default-executor-14] INFO  impl.RoleInfo (RoleInfo.java:shutdownFollowerState(121)) - cf674907-dece-4092-b393-45c73bb01958: shutdown FollowerState
2019-09-01 05:36:12,588 [grpc-default-executor-15] INFO  impl.RoleInfo (RoleInfo.java:shutdownFollowerState(121)) - 98d58070-504e-4381-8607-140696a0bcab: shutdown FollowerState
2019-09-01 05:36:12,588 [Thread-4105] INFO  impl.FollowerState (FollowerState.java:run(114)) - cf674907-dece-4092-b393-45c73bb01958: FollowerState was interrupted: java.lang.InterruptedException: sleep interrupted
2019-09-01 05:36:12,588 [grpc-default-executor-14] INFO  impl.RoleInfo (RoleInfo.java:updateAndGet(143)) - cf674907-dece-4092-b393-45c73bb01958: start FollowerState
2019-09-01 05:36:12,590 [Thread-4107] INFO  impl.FollowerState (FollowerState.java:run(114)) - 98d58070-504e-4381-8607-140696a0bcab: FollowerState was interrupted: java.lang.InterruptedException: sleep interrupted
2019-09-01 05:36:12,588 [grpc-default-executor-15] INFO  impl.RoleInfo (RoleInfo.java:updateAndGet(143)) - 98d58070-504e-4381-8607-140696a0bcab: start FollowerState
2019-09-01 05:36:12,600 [3bf717c5-51ea-4d54-aafc-6388feca3bed-SegmentedRaftLogWorker:Storage Directory /workdir/hadoop-ozone/integration-test/target/test-dir/MiniOzoneClusterImpl-321653a8-8d1f-4dd6-a653-78f44973ed1e/datanode-5/data/ratis/67dc4085-6ccc-4491-a5ef-15423dd87a68] INFO  segmented.SegmentedRaftLogWorker (SegmentedRaftLogWorker.java:execute(569)) - 3bf717c5-51ea-4d54-aafc-6388feca3bed-SegmentedRaftLogWorker:Storage Directory /workdir/hadoop-ozone/integration-test/target/test-dir/MiniOzoneClusterImpl-321653a8-8d1f-4dd6-a653-78f44973ed1e/datanode-5/data/ratis/67dc4085-6ccc-4491-a5ef-15423dd87a68: created new log segment /workdir/hadoop-ozone/integration-test/target/test-dir/MiniOzoneClusterImpl-321653a8-8d1f-4dd6-a653-78f44973ed1e/datanode-5/data/ratis/67dc4085-6ccc-4491-a5ef-15423dd87a68/current/log_inprogress_0
2019-09-01 05:36:12,616 [b4827cc5-e6d4-40a4-bd7a-ab968f420f26:group-EA26DABB2B00:LeaderElection108] INFO  impl.LeaderElection (LeaderElection.java:logAndReturn(56)) - b4827cc5-e6d4-40a4-bd7a-ab968f420f26:group-EA26DABB2B00:LeaderElection108: Election PASSED; received 1 response(s) [b4827cc5-e6d4-40a4-bd7a-ab968f420f26<-98d58070-504e-4381-8607-140696a0bcab#0:OK-t1] and 0 exception(s); b4827cc5-e6d4-40a4-bd7a-ab968f420f26:t1, leader=null, voted=b4827cc5-e6d4-40a4-bd7a-ab968f420f26, raftlog=b4827cc5-e6d4-40a4-bd7a-ab968f420f26-SegmentedRaftLog:OPENED:c-1,f-1,i0, conf=-1: [cf674907-dece-4092-b393-45c73bb01958:192.168.36.91:45960, b4827cc5-e6d4-40a4-bd7a-ab968f420f26:192.168.36.91:46458, 98d58070-504e-4381-8607-140696a0bcab:192.168.36.91:36578], old=null
2019-09-01 05:36:12,616 [b4827cc5-e6d4-40a4-bd7a-ab968f420f26:group-EA26DABB2B00:LeaderElection108] INFO  impl.RoleInfo (RoleInfo.java:shutdownLeaderElection(134)) - b4827cc5-e6d4-40a4-bd7a-ab968f420f26: shutdown LeaderElection
2019-09-01 05:36:12,616 [b4827cc5-e6d4-40a4-bd7a-ab968f420f26:group-EA26DABB2B00:LeaderElection108] INFO  impl.RaftServerImpl (RaftServerImpl.java:setRole(171)) - b4827cc5-e6d4-40a4-bd7a-ab968f420f26:group-EA26DABB2B00 changes role from CANDIDATE to LEADER at term 1 for changeToLeader
2019-09-01 05:36:12,616 [b4827cc5-e6d4-40a4-bd7a-ab968f420f26:group-EA26DABB2B00:LeaderElection108] INFO  impl.RaftServerImpl (ServerState.java:setLeader(263)) - b4827cc5-e6d4-40a4-bd7a-ab968f420f26:group-EA26DABB2B00 change Leader from null to b4827cc5-e6d4-40a4-bd7a-ab968f420f26 at term 1 for becomeLeader, leader elected after 5191ms
2019-09-01 05:36:12,617 [b4827cc5-e6d4-40a4-bd7a-ab968f420f26:group-EA26DABB2B00:LeaderElection108] INFO  server.RaftServerConfigKeys (ConfUtils.java:logGet(43)) - raft.server.staging.catchup.gap = 1000 (default)
2019-09-01 05:36:12,617 [b4827cc5-e6d4-40a4-bd7a-ab968f420f26:group-EA26DABB2B00:LeaderElection108] INFO  server.RaftServerConfigKeys (ConfUtils.java:logGet(43)) - raft.server.rpc.sleep.time = 25ms (default)
2019-09-01 05:36:12,617 [b4827cc5-e6d4-40a4-bd7a-ab968f420f26:group-EA26DABB2B00:LeaderElection108] INFO  server.RaftServerConfigKeys (ConfUtils.java:logGet(43)) - raft.server.write.element-limit = 4096 (default)
2019-09-01 05:36:12,617 [b4827cc5-e6d4-40a4-bd7a-ab968f420f26:group-EA26DABB2B00:LeaderElection108] INFO  server.RaftServerConfigKeys (ConfUtils.java:logGet(43)) - raft.server.watch.timeout = 10s (default)
2019-09-01 05:36:12,617 [b4827cc5-e6d4-40a4-bd7a-ab968f420f26:group-EA26DABB2B00:LeaderElection108] INFO  server.RaftServerConfigKeys (ConfUtils.java:logGet(43)) - raft.server.watch.timeout.denomination = 1s (default)
2019-09-01 05:36:12,617 [b4827cc5-e6d4-40a4-bd7a-ab968f420f26:group-EA26DABB2B00:LeaderElection108] INFO  server.RaftServerConfigKeys (ConfUtils.java:logGet(43)) - raft.server.watch.element-limit = 65536 (default)
2019-09-01 05:36:12,618 [b4827cc5-e6d4-40a4-bd7a-ab968f420f26:group-EA26DABB2B00:LeaderElection108] INFO  server.RaftServerConfigKeys (ConfUtils.java:logGet(43)) - raft.server.log.appender.snapshot.chunk.size.max = 16MB (=16777216) (default)
2019-09-01 05:36:12,618 [b4827cc5-e6d4-40a4-bd7a-ab968f420f26:group-EA26DABB2B00:LeaderElection108] INFO  server.RaftServerConfigKeys (ConfUtils.java:logGet(43)) - raft.server.log.appender.buffer.byte-limit = 33554432 (custom)
2019-09-01 05:36:12,618 [b4827cc5-e6d4-40a4-bd7a-ab968f420f26:group-EA26DABB2B00:LeaderElection108] INFO  server.RaftServerConfigKeys (ConfUtils.java:logGet(43)) - raft.server.log.appender.buffer.element-limit = 1 (custom)
2019-09-01 05:36:12,618 [b4827cc5-e6d4-40a4-bd7a-ab968f420f26:group-EA26DABB2B00:LeaderElection108] INFO  grpc.GrpcConfigKeys$Server (ConfUtils.java:logGet(43)) - raft.grpc.server.leader.outstanding.appends.max = 128 (default)
2019-09-01 05:36:12,619 [b4827cc5-e6d4-40a4-bd7a-ab968f420f26:group-EA26DABB2B00:LeaderElection108] INFO  server.RaftServerConfigKeys (ConfUtils.java:logGet(43)) - raft.server.rpc.request.timeout = 3000ms (default)
2019-09-01 05:36:12,619 [b4827cc5-e6d4-40a4-bd7a-ab968f420f26:group-EA26DABB2B00:LeaderElection108] INFO  server.RaftServerConfigKeys (ConfUtils.java:logGet(43)) - raft.server.log.appender.install.snapshot.enabled = false (custom)
2019-09-01 05:36:12,619 [b4827cc5-e6d4-40a4-bd7a-ab968f420f26:group-EA26DABB2B00:LeaderElection108] INFO  server.RaftServerConfigKeys (ConfUtils.java:logGet(43)) - raft.server.log.appender.snapshot.chunk.size.max = 16MB (=16777216) (default)
2019-09-01 05:36:12,619 [b4827cc5-e6d4-40a4-bd7a-ab968f420f26:group-EA26DABB2B00:LeaderElection108] INFO  server.RaftServerConfigKeys (ConfUtils.java:logGet(43)) - raft.server.log.appender.buffer.byte-limit = 33554432 (custom)
2019-09-01 05:36:12,619 [b4827cc5-e6d4-40a4-bd7a-ab968f420f26:group-EA26DABB2B00:LeaderElection108] INFO  server.RaftServerConfigKeys (ConfUtils.java:logGet(43)) - raft.server.log.appender.buffer.element-limit = 1 (custom)
2019-09-01 05:36:12,620 [b4827cc5-e6d4-40a4-bd7a-ab968f420f26:group-EA26DABB2B00:LeaderElection108] INFO  grpc.GrpcConfigKeys$Server (ConfUtils.java:logGet(43)) - raft.grpc.server.leader.outstanding.appends.max = 128 (default)
2019-09-01 05:36:12,620 [b4827cc5-e6d4-40a4-bd7a-ab968f420f26:group-EA26DABB2B00:LeaderElection108] INFO  server.RaftServerConfigKeys (ConfUtils.java:logGet(43)) - raft.server.rpc.request.timeout = 3000ms (default)
2019-09-01 05:36:12,620 [b4827cc5-e6d4-40a4-bd7a-ab968f420f26:group-EA26DABB2B00:LeaderElection108] INFO  server.RaftServerConfigKeys (ConfUtils.java:logGet(43)) - raft.server.log.appender.install.snapshot.enabled = false (custom)
2019-09-01 05:36:12,620 [b4827cc5-e6d4-40a4-bd7a-ab968f420f26:group-EA26DABB2B00:LeaderElection108] INFO  impl.RoleInfo (RoleInfo.java:updateAndGet(143)) - b4827cc5-e6d4-40a4-bd7a-ab968f420f26: start LeaderState
2019-09-01 05:36:12,620 [b4827cc5-e6d4-40a4-bd7a-ab968f420f26:group-EA26DABB2B00:LeaderElection108] INFO  segmented.SegmentedRaftLogWorker (SegmentedRaftLogWorker.java:startLogSegment(380)) - b4827cc5-e6d4-40a4-bd7a-ab968f420f26-SegmentedRaftLogWorker:Storage Directory /workdir/hadoop-ozone/integration-test/target/test-dir/MiniOzoneClusterImpl-321653a8-8d1f-4dd6-a653-78f44973ed1e/datanode-4/data/ratis/301f6b9e-02ed-4011-9018-ea26dabb2b00: Starting segment from index:0
2019-09-01 05:36:12,621 [b4827cc5-e6d4-40a4-bd7a-ab968f420f26:group-EA26DABB2B00:LeaderElection108] INFO  impl.RaftServerImpl (ServerState.java:setRaftConf(361)) - b4827cc5-e6d4-40a4-bd7a-ab968f420f26:group-EA26DABB2B00 set configuration 0: [cf674907-dece-4092-b393-45c73bb01958:192.168.36.91:45960, b4827cc5-e6d4-40a4-bd7a-ab968f420f26:192.168.36.91:46458, 98d58070-504e-4381-8607-140696a0bcab:192.168.36.91:36578], old=null at 0
2019-09-01 05:36:12,622 [grpc-default-executor-14] INFO  impl.RaftServerImpl (ServerState.java:setLeader(263)) - cf674907-dece-4092-b393-45c73bb01958:group-EA26DABB2B00 change Leader from null to b4827cc5-e6d4-40a4-bd7a-ab968f420f26 at term 1 for appendEntries, leader elected after 5197ms
2019-09-01 05:36:12,622 [grpc-default-executor-15] INFO  impl.RaftServerImpl (ServerState.java:setLeader(263)) - 98d58070-504e-4381-8607-140696a0bcab:group-EA26DABB2B00 change Leader from null to b4827cc5-e6d4-40a4-bd7a-ab968f420f26 at term 1 for appendEntries, leader elected after 5197ms
2019-09-01 05:36:12,650 [grpc-default-executor-15] INFO  impl.RaftServerImpl (ServerState.java:setRaftConf(361)) - cf674907-dece-4092-b393-45c73bb01958:group-EA26DABB2B00 set configuration 0: [cf674907-dece-4092-b393-45c73bb01958:192.168.36.91:45960, b4827cc5-e6d4-40a4-bd7a-ab968f420f26:192.168.36.91:46458, 98d58070-504e-4381-8607-140696a0bcab:192.168.36.91:36578], old=null at 0
2019-09-01 05:36:12,650 [grpc-default-executor-14] INFO  impl.RaftServerImpl (ServerState.java:setRaftConf(361)) - 98d58070-504e-4381-8607-140696a0bcab:group-EA26DABB2B00 set configuration 0: [cf674907-dece-4092-b393-45c73bb01958:192.168.36.91:45960, b4827cc5-e6d4-40a4-bd7a-ab968f420f26:192.168.36.91:46458, 98d58070-504e-4381-8607-140696a0bcab:192.168.36.91:36578], old=null at 0
2019-09-01 05:36:12,650 [grpc-default-executor-15] INFO  segmented.SegmentedRaftLogWorker (SegmentedRaftLogWorker.java:startLogSegment(380)) - cf674907-dece-4092-b393-45c73bb01958-SegmentedRaftLogWorker:Storage Directory /workdir/hadoop-ozone/integration-test/target/test-dir/MiniOzoneClusterImpl-321653a8-8d1f-4dd6-a653-78f44973ed1e/datanode-3/data/ratis/301f6b9e-02ed-4011-9018-ea26dabb2b00: Starting segment from index:0
2019-09-01 05:36:12,650 [grpc-default-executor-14] INFO  segmented.SegmentedRaftLogWorker (SegmentedRaftLogWorker.java:startLogSegment(380)) - 98d58070-504e-4381-8607-140696a0bcab-SegmentedRaftLogWorker:Storage Directory /workdir/hadoop-ozone/integration-test/target/test-dir/MiniOzoneClusterImpl-321653a8-8d1f-4dd6-a653-78f44973ed1e/datanode-6/data/ratis/301f6b9e-02ed-4011-9018-ea26dabb2b00: Starting segment from index:0
2019-09-01 05:36:12,683 [b4827cc5-e6d4-40a4-bd7a-ab968f420f26-SegmentedRaftLogWorker:Storage Directory /workdir/hadoop-ozone/integration-test/target/test-dir/MiniOzoneClusterImpl-321653a8-8d1f-4dd6-a653-78f44973ed1e/datanode-4/data/ratis/301f6b9e-02ed-4011-9018-ea26dabb2b00] INFO  segmented.SegmentedRaftLogWorker (SegmentedRaftLogWorker.java:execute(569)) - b4827cc5-e6d4-40a4-bd7a-ab968f420f26-SegmentedRaftLogWorker:Storage Directory /workdir/hadoop-ozone/integration-test/target/test-dir/MiniOzoneClusterImpl-321653a8-8d1f-4dd6-a653-78f44973ed1e/datanode-4/data/ratis/301f6b9e-02ed-4011-9018-ea26dabb2b00: created new log segment /workdir/hadoop-ozone/integration-test/target/test-dir/MiniOzoneClusterImpl-321653a8-8d1f-4dd6-a653-78f44973ed1e/datanode-4/data/ratis/301f6b9e-02ed-4011-9018-ea26dabb2b00/current/log_inprogress_0
2019-09-01 05:36:12,698 [cf674907-dece-4092-b393-45c73bb01958-SegmentedRaftLogWorker:Storage Directory /workdir/hadoop-ozone/integration-test/target/test-dir/MiniOzoneClusterImpl-321653a8-8d1f-4dd6-a653-78f44973ed1e/datanode-3/data/ratis/301f6b9e-02ed-4011-9018-ea26dabb2b00] INFO  segmented.SegmentedRaftLogWorker (SegmentedRaftLogWorker.java:execute(569)) - cf674907-dece-4092-b393-45c73bb01958-SegmentedRaftLogWorker:Storage Directory /workdir/hadoop-ozone/integration-test/target/test-dir/MiniOzoneClusterImpl-321653a8-8d1f-4dd6-a653-78f44973ed1e/datanode-3/data/ratis/301f6b9e-02ed-4011-9018-ea26dabb2b00: created new log segment /workdir/hadoop-ozone/integration-test/target/test-dir/MiniOzoneClusterImpl-321653a8-8d1f-4dd6-a653-78f44973ed1e/datanode-3/data/ratis/301f6b9e-02ed-4011-9018-ea26dabb2b00/current/log_inprogress_0
2019-09-01 05:36:12,713 [98d58070-504e-4381-8607-140696a0bcab-SegmentedRaftLogWorker:Storage Directory /workdir/hadoop-ozone/integration-test/target/test-dir/MiniOzoneClusterImpl-321653a8-8d1f-4dd6-a653-78f44973ed1e/datanode-6/data/ratis/301f6b9e-02ed-4011-9018-ea26dabb2b00] INFO  segmented.SegmentedRaftLogWorker (SegmentedRaftLogWorker.java:execute(569)) - 98d58070-504e-4381-8607-140696a0bcab-SegmentedRaftLogWorker:Storage Directory /workdir/hadoop-ozone/integration-test/target/test-dir/MiniOzoneClusterImpl-321653a8-8d1f-4dd6-a653-78f44973ed1e/datanode-6/data/ratis/301f6b9e-02ed-4011-9018-ea26dabb2b00: created new log segment /workdir/hadoop-ozone/integration-test/target/test-dir/MiniOzoneClusterImpl-321653a8-8d1f-4dd6-a653-78f44973ed1e/datanode-6/data/ratis/301f6b9e-02ed-4011-9018-ea26dabb2b00/current/log_inprogress_0
2019-09-01 05:36:13,588 [main] WARN  scm.XceiverClientRatis (XceiverClientRatis.java:watchForCommit(262)) - 3 way commit failed on pipeline Pipeline[ Id: bcf006d6-d885-44eb-ae42-6aa036ca3ded, Nodes: 9b3dd7f4-91cd-47fd-a215-72ecb837dc75{ip: 192.168.36.91, host: trunk-nightly-20190901-gkzrd-4143273587, networkLocation: /default-rack, certSerialId: null}6ec88abe-3aa0-4cdc-bd94-b96ed0fe04dc{ip: 192.168.36.91, host: trunk-nightly-20190901-gkzrd-4143273587, networkLocation: /default-rack, certSerialId: null}9ed047e0-6800-4801-bfd0-fb58a65bdb17{ip: 192.168.36.91, host: trunk-nightly-20190901-gkzrd-4143273587, networkLocation: /default-rack, certSerialId: null}, Type:RATIS, Factor:THREE, State:OPEN]
java.util.concurrent.TimeoutException
	at java.util.concurrent.CompletableFuture.timedGet(CompletableFuture.java:1771)
	at java.util.concurrent.CompletableFuture.get(CompletableFuture.java:1915)
	at org.apache.hadoop.hdds.scm.XceiverClientRatis.watchForCommit(XceiverClientRatis.java:259)
	at org.apache.hadoop.hdds.scm.storage.CommitWatcher.watchForCommit(CommitWatcher.java:194)
	at org.apache.hadoop.hdds.scm.storage.CommitWatcher.watchOnLastIndex(CommitWatcher.java:157)
	at org.apache.hadoop.hdds.scm.storage.BlockOutputStream.watchForCommit(BlockOutputStream.java:347)
	at org.apache.hadoop.hdds.scm.storage.BlockOutputStream.handleFlush(BlockOutputStream.java:479)
	at org.apache.hadoop.hdds.scm.storage.BlockOutputStream.flush(BlockOutputStream.java:428)
	at org.apache.hadoop.ozone.client.io.BlockOutputStreamEntry.flush(BlockOutputStreamEntry.java:136)
	at org.apache.hadoop.ozone.client.io.KeyOutputStream.handleFlushOrClose(KeyOutputStream.java:442)
	at org.apache.hadoop.ozone.client.io.KeyOutputStream.flush(KeyOutputStream.java:396)
	at org.apache.hadoop.ozone.client.io.OzoneOutputStream.flush(OzoneOutputStream.java:54)
	at org.apache.hadoop.ozone.client.rpc.TestBlockOutputStreamWithFailures.testFailureWithPrimeSizedData(TestBlockOutputStreamWithFailures.java:599)
	at sun.reflect.NativeMethodAccessorImpl.invoke0(Native Method)
	at sun.reflect.NativeMethodAccessorImpl.invoke(NativeMethodAccessorImpl.java:62)
	at sun.reflect.DelegatingMethodAccessorImpl.invoke(DelegatingMethodAccessorImpl.java:43)
	at java.lang.reflect.Method.invoke(Method.java:498)
	at org.junit.runners.model.FrameworkMethod$1.runReflectiveCall(FrameworkMethod.java:47)
	at org.junit.internal.runners.model.ReflectiveCallable.run(ReflectiveCallable.java:12)
	at org.junit.runners.model.FrameworkMethod.invokeExplosively(FrameworkMethod.java:44)
	at org.junit.internal.runners.statements.InvokeMethod.evaluate(InvokeMethod.java:17)
	at org.junit.internal.runners.statements.RunBefores.evaluate(RunBefores.java:26)
	at org.junit.internal.runners.statements.RunAfters.evaluate(RunAfters.java:27)
	at org.junit.runners.ParentRunner.runLeaf(ParentRunner.java:271)
	at org.junit.runners.BlockJUnit4ClassRunner.runChild(BlockJUnit4ClassRunner.java:70)
	at org.junit.runners.BlockJUnit4ClassRunner.runChild(BlockJUnit4ClassRunner.java:50)
	at org.junit.runners.ParentRunner$3.run(ParentRunner.java:238)
	at org.junit.runners.ParentRunner$1.schedule(ParentRunner.java:63)
	at org.junit.runners.ParentRunner.runChildren(ParentRunner.java:236)
	at org.junit.runners.ParentRunner.access$000(ParentRunner.java:53)
	at org.junit.runners.ParentRunner$2.evaluate(ParentRunner.java:229)
	at org.junit.runners.ParentRunner.run(ParentRunner.java:309)
	at org.apache.maven.surefire.junit4.JUnit4Provider.execute(JUnit4Provider.java:365)
	at org.apache.maven.surefire.junit4.JUnit4Provider.executeWithRerun(JUnit4Provider.java:273)
	at org.apache.maven.surefire.junit4.JUnit4Provider.executeTestSet(JUnit4Provider.java:238)
	at org.apache.maven.surefire.junit4.JUnit4Provider.invoke(JUnit4Provider.java:159)
	at org.apache.maven.surefire.booter.ForkedBooter.invokeProviderInSameClassLoader(ForkedBooter.java:384)
	at org.apache.maven.surefire.booter.ForkedBooter.runSuitesInProcess(ForkedBooter.java:345)
	at org.apache.maven.surefire.booter.ForkedBooter.execute(ForkedBooter.java:126)
	at org.apache.maven.surefire.booter.ForkedBooter.main(ForkedBooter.java:418)
2019-09-01 05:36:14,591 [main] WARN  storage.CommitWatcher (CommitWatcher.java:watchForCommit(203)) - watchForCommit failed for index 4
java.util.concurrent.TimeoutException
	at java.util.concurrent.CompletableFuture.timedGet(CompletableFuture.java:1771)
	at java.util.concurrent.CompletableFuture.get(CompletableFuture.java:1915)
	at org.apache.hadoop.hdds.scm.XceiverClientRatis.watchForCommit(XceiverClientRatis.java:268)
	at org.apache.hadoop.hdds.scm.storage.CommitWatcher.watchForCommit(CommitWatcher.java:194)
	at org.apache.hadoop.hdds.scm.storage.CommitWatcher.watchOnLastIndex(CommitWatcher.java:157)
	at org.apache.hadoop.hdds.scm.storage.BlockOutputStream.watchForCommit(BlockOutputStream.java:347)
	at org.apache.hadoop.hdds.scm.storage.BlockOutputStream.handleFlush(BlockOutputStream.java:479)
	at org.apache.hadoop.hdds.scm.storage.BlockOutputStream.flush(BlockOutputStream.java:428)
	at org.apache.hadoop.ozone.client.io.BlockOutputStreamEntry.flush(BlockOutputStreamEntry.java:136)
	at org.apache.hadoop.ozone.client.io.KeyOutputStream.handleFlushOrClose(KeyOutputStream.java:442)
	at org.apache.hadoop.ozone.client.io.KeyOutputStream.flush(KeyOutputStream.java:396)
	at org.apache.hadoop.ozone.client.io.OzoneOutputStream.flush(OzoneOutputStream.java:54)
	at org.apache.hadoop.ozone.client.rpc.TestBlockOutputStreamWithFailures.testFailureWithPrimeSizedData(TestBlockOutputStreamWithFailures.java:599)
	at sun.reflect.NativeMethodAccessorImpl.invoke0(Native Method)
	at sun.reflect.NativeMethodAccessorImpl.invoke(NativeMethodAccessorImpl.java:62)
	at sun.reflect.DelegatingMethodAccessorImpl.invoke(DelegatingMethodAccessorImpl.java:43)
	at java.lang.reflect.Method.invoke(Method.java:498)
	at org.junit.runners.model.FrameworkMethod$1.runReflectiveCall(FrameworkMethod.java:47)
	at org.junit.internal.runners.model.ReflectiveCallable.run(ReflectiveCallable.java:12)
	at org.junit.runners.model.FrameworkMethod.invokeExplosively(FrameworkMethod.java:44)
	at org.junit.internal.runners.statements.InvokeMethod.evaluate(InvokeMethod.java:17)
	at org.junit.internal.runners.statements.RunBefores.evaluate(RunBefores.java:26)
	at org.junit.internal.runners.statements.RunAfters.evaluate(RunAfters.java:27)
	at org.junit.runners.ParentRunner.runLeaf(ParentRunner.java:271)
	at org.junit.runners.BlockJUnit4ClassRunner.runChild(BlockJUnit4ClassRunner.java:70)
	at org.junit.runners.BlockJUnit4ClassRunner.runChild(BlockJUnit4ClassRunner.java:50)
	at org.junit.runners.ParentRunner$3.run(ParentRunner.java:238)
	at org.junit.runners.ParentRunner$1.schedule(ParentRunner.java:63)
	at org.junit.runners.ParentRunner.runChildren(ParentRunner.java:236)
	at org.junit.runners.ParentRunner.access$000(ParentRunner.java:53)
	at org.junit.runners.ParentRunner$2.evaluate(ParentRunner.java:229)
	at org.junit.runners.ParentRunner.run(ParentRunner.java:309)
	at org.apache.maven.surefire.junit4.JUnit4Provider.execute(JUnit4Provider.java:365)
	at org.apache.maven.surefire.junit4.JUnit4Provider.executeWithRerun(JUnit4Provider.java:273)
	at org.apache.maven.surefire.junit4.JUnit4Provider.executeTestSet(JUnit4Provider.java:238)
	at org.apache.maven.surefire.junit4.JUnit4Provider.invoke(JUnit4Provider.java:159)
	at org.apache.maven.surefire.booter.ForkedBooter.invokeProviderInSameClassLoader(ForkedBooter.java:384)
	at org.apache.maven.surefire.booter.ForkedBooter.runSuitesInProcess(ForkedBooter.java:345)
	at org.apache.maven.surefire.booter.ForkedBooter.execute(ForkedBooter.java:126)
	at org.apache.maven.surefire.booter.ForkedBooter.main(ForkedBooter.java:418)
2019-09-01 05:36:14,592 [main] WARN  io.KeyOutputStream (KeyOutputStream.java:handleException(276)) - Encountered exception java.io.IOException: Unexpected Storage Container Exception: java.io.IOException: Unexpected Storage Container Exception: java.util.concurrent.TimeoutException on the pipeline Pipeline[ Id: bcf006d6-d885-44eb-ae42-6aa036ca3ded, Nodes: 9b3dd7f4-91cd-47fd-a215-72ecb837dc75{ip: 192.168.36.91, host: trunk-nightly-20190901-gkzrd-4143273587, networkLocation: /default-rack, certSerialId: null}6ec88abe-3aa0-4cdc-bd94-b96ed0fe04dc{ip: 192.168.36.91, host: trunk-nightly-20190901-gkzrd-4143273587, networkLocation: /default-rack, certSerialId: null}9ed047e0-6800-4801-bfd0-fb58a65bdb17{ip: 192.168.36.91, host: trunk-nightly-20190901-gkzrd-4143273587, networkLocation: /default-rack, certSerialId: null}, Type:RATIS, Factor:THREE, State:OPEN]. The last committed block length is 0, uncommitted data length is 167 retry count 0
2019-09-01 05:36:14,606 [grpc-default-executor-14] INFO  client.GrpcClientProtocolClient (GrpcClientProtocolClient.java:onNext(255)) - client-CF6565878E29->cf674907-dece-4092-b393-45c73bb01958: receive RaftClientReply:client-CF6565878E29->cf674907-dece-4092-b393-45c73bb01958@group-EA26DABB2B00, cid=220, FAILED org.apache.ratis.protocol.NotLeaderException: Server cf674907-dece-4092-b393-45c73bb01958 is not the leader (b4827cc5-e6d4-40a4-bd7a-ab968f420f26:192.168.36.91:46458). Request must be sent to leader., logIndex=0, commits[cf674907-dece-4092-b393-45c73bb01958:c-1, b4827cc5-e6d4-40a4-bd7a-ab968f420f26:c-1, 98d58070-504e-4381-8607-140696a0bcab:c-1]
2019-09-01 05:36:14,804 [grpc-default-executor-14] INFO  client.GrpcClientProtocolClient (GrpcClientProtocolClient.java:onNext(255)) - client-CF6565878E29->b4827cc5-e6d4-40a4-bd7a-ab968f420f26: receive RaftClientReply:client-CF6565878E29->b4827cc5-e6d4-40a4-bd7a-ab968f420f26@group-EA26DABB2B00, cid=220, SUCCESS, logIndex=1, commits[b4827cc5-e6d4-40a4-bd7a-ab968f420f26:c1, cf674907-dece-4092-b393-45c73bb01958:c0, 98d58070-504e-4381-8607-140696a0bcab:c0]
2019-09-01 05:36:14,837 [grpc-default-executor-14] INFO  client.GrpcClientProtocolClient (GrpcClientProtocolClient.java:onNext(255)) - client-CF6565878E29->b4827cc5-e6d4-40a4-bd7a-ab968f420f26: receive RaftClientReply:client-CF6565878E29->b4827cc5-e6d4-40a4-bd7a-ab968f420f26@group-EA26DABB2B00, cid=221, SUCCESS, logIndex=3, commits[b4827cc5-e6d4-40a4-bd7a-ab968f420f26:c4, cf674907-dece-4092-b393-45c73bb01958:c2, 98d58070-504e-4381-8607-140696a0bcab:c2]
2019-09-01 05:36:14,915 [grpc-default-executor-14] INFO  client.GrpcClientProtocolClient (GrpcClientProtocolClient.java:onNext(255)) - client-CF6565878E29->b4827cc5-e6d4-40a4-bd7a-ab968f420f26: receive RaftClientReply:client-CF6565878E29->b4827cc5-e6d4-40a4-bd7a-ab968f420f26@group-EA26DABB2B00, cid=222, SUCCESS, logIndex=4, commits[b4827cc5-e6d4-40a4-bd7a-ab968f420f26:c6, cf674907-dece-4092-b393-45c73bb01958:c4, 98d58070-504e-4381-8607-140696a0bcab:c4]
2019-09-01 05:36:14,917 [main] INFO  ozone.MiniOzoneClusterImpl (MiniOzoneClusterImpl.java:shutdown(307)) - Shutting down the Mini Ozone Cluster
2019-09-01 05:36:14,917 [main] INFO  ozone.MiniOzoneClusterImpl (MiniOzoneClusterImpl.java:stop(322)) - Stopping the Mini Ozone Cluster
2019-09-01 05:36:14,917 [main] INFO  ozone.MiniOzoneClusterImpl (MiniOzoneClusterImpl.java:stop(324)) - Stopping the OzoneManager
2019-09-01 05:36:14,917 [main] INFO  ipc.Server (Server.java:stop(3082)) - Stopping server on 42961
2019-09-01 05:36:14,932 [IPC Server listener on 42961] INFO  ipc.Server (Server.java:run(1185)) - Stopping IPC Server listener on 42961
2019-09-01 05:36:14,932 [main] INFO  ratis.OzoneManagerDoubleBuffer (OzoneManagerDoubleBuffer.java:stop(248)) - Stopping OMDoubleBuffer flush thread
2019-09-01 05:36:14,938 [IPC Server Responder] INFO  ipc.Server (Server.java:run(1319)) - Stopping IPC Server Responder
2019-09-01 05:36:14,940 [OMDoubleBufferFlushThread] INFO  ratis.OzoneManagerDoubleBuffer (OzoneManagerDoubleBuffer.java:flushTransactions(191)) - OMDoubleBuffer flush thread OMDoubleBufferFlushThread is interrupted and will exit. OMDoubleBufferFlushThread
2019-09-01 05:36:14,941 [main] INFO  utils.BackgroundService (BackgroundService.java:shutdown(148)) - Shutting down service KeyDeletingService
2019-09-01 05:36:14,942 [main] INFO  handler.ContextHandler (ContextHandler.java:doStop(910)) - Stopped o.e.j.w.WebAppContext@795b66d{/,null,UNAVAILABLE}{/ozoneManager}
2019-09-01 05:36:14,943 [main] INFO  server.AbstractConnector (AbstractConnector.java:doStop(318)) - Stopped ServerConnector@359ceb13{HTTP/1.1,[http/1.1]}{0.0.0.0:0}
2019-09-01 05:36:14,943 [main] INFO  handler.ContextHandler (ContextHandler.java:doStop(910)) - Stopped o.e.j.s.ServletContextHandler@26c7b1c6{/static,file:///workdir/hadoop-ozone/integration-test/target/test-classes/webapps/static,UNAVAILABLE}
2019-09-01 05:36:14,944 [main] INFO  handler.ContextHandler (ContextHandler.java:doStop(910)) - Stopped o.e.j.s.ServletContextHandler@7d7ceca8{/logs,file:///workdir/hadoop-ozone/integration-test/target/log,UNAVAILABLE}
2019-09-01 05:36:14,947 [main] INFO  ozone.MiniOzoneClusterImpl (MiniOzoneClusterImpl.java:stop(330)) - Shutting the HddsDatanodes
2019-09-01 05:36:15,019 [grpc-default-executor-14] INFO  client.GrpcClientProtocolClient (GrpcClientProtocolClient.java:onNext(255)) - client-FDBCFB2537E7->9ed047e0-6800-4801-bfd0-fb58a65bdb17: receive RaftClientReply:client-FDBCFB2537E7->9ed047e0-6800-4801-bfd0-fb58a65bdb17@group-6AA036CA3DED, cid=219, SUCCESS, logIndex=0, commits[9ed047e0-6800-4801-bfd0-fb58a65bdb17:c6, 6ec88abe-3aa0-4cdc-bd94-b96ed0fe04dc:c6, 9b3dd7f4-91cd-47fd-a215-72ecb837dc75:c3]
2019-09-01 05:36:15,019 [grpc-default-executor-14] INFO  client.GrpcClientProtocolClient (GrpcClientProtocolClient.java:onNext(255)) - client-FDBCFB2537E7->9ed047e0-6800-4801-bfd0-fb58a65bdb17: receive RaftClientReply:client-FDBCFB2537E7->9ed047e0-6800-4801-bfd0-fb58a65bdb17@group-6AA036CA3DED, cid=218, SUCCESS, logIndex=0, commits[9ed047e0-6800-4801-bfd0-fb58a65bdb17:c6, 6ec88abe-3aa0-4cdc-bd94-b96ed0fe04dc:c6, 9b3dd7f4-91cd-47fd-a215-72ecb837dc75:c6]
2019-09-01 05:36:15,398 [Datanode State Machine Thread - 0] INFO  statemachine.DatanodeStateMachine (DatanodeStateMachine.java:lambda$startDaemon$0(350)) - Ozone container server started.
2019-09-01 05:36:15,794 [Datanode State Machine Thread - 0] INFO  statemachine.DatanodeStateMachine (DatanodeStateMachine.java:lambda$startDaemon$0(350)) - Ozone container server started.
2019-09-01 05:36:19,467 [EventQueue-StaleNodeForStaleNodeHandler] INFO  node.StaleNodeHandler (StaleNodeHandler.java:onMessage(58)) - Datanode 9b3dd7f4-91cd-47fd-a215-72ecb837dc75{ip: 192.168.36.91, host: trunk-nightly-20190901-gkzrd-4143273587, networkLocation: /default-rack, certSerialId: null} moved to stale state. Finalizing its pipelines [PipelineID=e90bc4ff-f8c9-47f1-8bb6-b990f2176190, PipelineID=bcf006d6-d885-44eb-ae42-6aa036ca3ded]
2019-09-01 05:36:19,467 [EventQueue-StaleNodeForStaleNodeHandler] INFO  pipeline.SCMPipelineManager (SCMPipelineManager.java:finalizeAndDestroyPipeline(309)) - destroying pipeline:Pipeline[ Id: e90bc4ff-f8c9-47f1-8bb6-b990f2176190, Nodes: 9b3dd7f4-91cd-47fd-a215-72ecb837dc75{ip: 192.168.36.91, host: trunk-nightly-20190901-gkzrd-4143273587, networkLocation: /default-rack, certSerialId: null}, Type:RATIS, Factor:ONE, State:OPEN]
2019-09-01 05:36:19,467 [EventQueue-StaleNodeForStaleNodeHandler] INFO  pipeline.PipelineStateManager (PipelineStateManager.java:finalizePipeline(123)) - Pipeline Pipeline[ Id: e90bc4ff-f8c9-47f1-8bb6-b990f2176190, Nodes: 9b3dd7f4-91cd-47fd-a215-72ecb837dc75{ip: 192.168.36.91, host: trunk-nightly-20190901-gkzrd-4143273587, networkLocation: /default-rack, certSerialId: null}, Type:RATIS, Factor:ONE, State:CLOSED] moved to CLOSED state
2019-09-01 05:36:19,467 [EventQueue-StaleNodeForStaleNodeHandler] INFO  pipeline.SCMPipelineManager (SCMPipelineManager.java:finalizeAndDestroyPipeline(309)) - destroying pipeline:Pipeline[ Id: bcf006d6-d885-44eb-ae42-6aa036ca3ded, Nodes: 9b3dd7f4-91cd-47fd-a215-72ecb837dc75{ip: 192.168.36.91, host: trunk-nightly-20190901-gkzrd-4143273587, networkLocation: /default-rack, certSerialId: null}6ec88abe-3aa0-4cdc-bd94-b96ed0fe04dc{ip: 192.168.36.91, host: trunk-nightly-20190901-gkzrd-4143273587, networkLocation: /default-rack, certSerialId: null}9ed047e0-6800-4801-bfd0-fb58a65bdb17{ip: 192.168.36.91, host: trunk-nightly-20190901-gkzrd-4143273587, networkLocation: /default-rack, certSerialId: null}, Type:RATIS, Factor:THREE, State:OPEN]
2019-09-01 05:36:19,468 [EventQueue-StaleNodeForStaleNodeHandler] INFO  pipeline.PipelineStateManager (PipelineStateManager.java:finalizePipeline(123)) - Pipeline Pipeline[ Id: bcf006d6-d885-44eb-ae42-6aa036ca3ded, Nodes: 9b3dd7f4-91cd-47fd-a215-72ecb837dc75{ip: 192.168.36.91, host: trunk-nightly-20190901-gkzrd-4143273587, networkLocation: /default-rack, certSerialId: null}6ec88abe-3aa0-4cdc-bd94-b96ed0fe04dc{ip: 192.168.36.91, host: trunk-nightly-20190901-gkzrd-4143273587, networkLocation: /default-rack, certSerialId: null}9ed047e0-6800-4801-bfd0-fb58a65bdb17{ip: 192.168.36.91, host: trunk-nightly-20190901-gkzrd-4143273587, networkLocation: /default-rack, certSerialId: null}, Type:RATIS, Factor:THREE, State:CLOSED] moved to CLOSED state
2019-09-01 05:36:19,468 [EventQueue-CloseContainerForCloseContainerEventHandler] INFO  container.CloseContainerEventHandler (CloseContainerEventHandler.java:onMessage(61)) - Close container Event triggered for container : #1
2019-09-01 05:36:19,867 [EventQueue-StaleNodeForStaleNodeHandler] INFO  node.StaleNodeHandler (StaleNodeHandler.java:onMessage(58)) - Datanode b4827cc5-e6d4-40a4-bd7a-ab968f420f26{ip: 192.168.36.91, host: trunk-nightly-20190901-gkzrd-4143273587, networkLocation: /default-rack, certSerialId: null} moved to stale state. Finalizing its pipelines [PipelineID=301f6b9e-02ed-4011-9018-ea26dabb2b00, PipelineID=902c88c3-6c9a-4879-9e61-e314e2c53bc6]
2019-09-01 05:36:19,867 [EventQueue-StaleNodeForStaleNodeHandler] INFO  pipeline.SCMPipelineManager (SCMPipelineManager.java:finalizeAndDestroyPipeline(309)) - destroying pipeline:Pipeline[ Id: 301f6b9e-02ed-4011-9018-ea26dabb2b00, Nodes: cf674907-dece-4092-b393-45c73bb01958{ip: 192.168.36.91, host: trunk-nightly-20190901-gkzrd-4143273587, networkLocation: /default-rack, certSerialId: null}98d58070-504e-4381-8607-140696a0bcab{ip: 192.168.36.91, host: trunk-nightly-20190901-gkzrd-4143273587, networkLocation: /default-rack, certSerialId: null}b4827cc5-e6d4-40a4-bd7a-ab968f420f26{ip: 192.168.36.91, host: trunk-nightly-20190901-gkzrd-4143273587, networkLocation: /default-rack, certSerialId: null}, Type:RATIS, Factor:THREE, State:OPEN]
2019-09-01 05:36:19,867 [EventQueue-StaleNodeForStaleNodeHandler] INFO  pipeline.PipelineStateManager (PipelineStateManager.java:finalizePipeline(123)) - Pipeline Pipeline[ Id: 301f6b9e-02ed-4011-9018-ea26dabb2b00, Nodes: cf674907-dece-4092-b393-45c73bb01958{ip: 192.168.36.91, host: trunk-nightly-20190901-gkzrd-4143273587, networkLocation: /default-rack, certSerialId: null}98d58070-504e-4381-8607-140696a0bcab{ip: 192.168.36.91, host: trunk-nightly-20190901-gkzrd-4143273587, networkLocation: /default-rack, certSerialId: null}b4827cc5-e6d4-40a4-bd7a-ab968f420f26{ip: 192.168.36.91, host: trunk-nightly-20190901-gkzrd-4143273587, networkLocation: /default-rack, certSerialId: null}, Type:RATIS, Factor:THREE, State:CLOSED] moved to CLOSED state
2019-09-01 05:36:19,868 [EventQueue-CloseContainerForCloseContainerEventHandler] INFO  container.CloseContainerEventHandler (CloseContainerEventHandler.java:onMessage(61)) - Close container Event triggered for container : #2
2019-09-01 05:36:19,868 [EventQueue-StaleNodeForStaleNodeHandler] INFO  pipeline.SCMPipelineManager (SCMPipelineManager.java:finalizeAndDestroyPipeline(309)) - destroying pipeline:Pipeline[ Id: 902c88c3-6c9a-4879-9e61-e314e2c53bc6, Nodes: b4827cc5-e6d4-40a4-bd7a-ab968f420f26{ip: 192.168.36.91, host: trunk-nightly-20190901-gkzrd-4143273587, networkLocation: /default-rack, certSerialId: null}, Type:RATIS, Factor:ONE, State:OPEN]
2019-09-01 05:36:19,868 [EventQueue-StaleNodeForStaleNodeHandler] INFO  pipeline.PipelineStateManager (PipelineStateManager.java:finalizePipeline(123)) - Pipeline Pipeline[ Id: 902c88c3-6c9a-4879-9e61-e314e2c53bc6, Nodes: b4827cc5-e6d4-40a4-bd7a-ab968f420f26{ip: 192.168.36.91, host: trunk-nightly-20190901-gkzrd-4143273587, networkLocation: /default-rack, certSerialId: null}, Type:RATIS, Factor:ONE, State:CLOSED] moved to CLOSED state
2019-09-01 05:36:19,948 [main] INFO  ozoneimpl.OzoneContainer (OzoneContainer.java:stop(215)) - Attempting to stop container services.
2019-09-01 05:36:19,948 [ForkJoinPool.commonPool-worker-1] INFO  ozoneimpl.OzoneContainer (OzoneContainer.java:stop(215)) - Attempting to stop container services.
2019-09-01 05:36:19,948 [main] INFO  impl.RaftServerProxy (RaftServerProxy.java:lambda$close$4(314)) - b4827cc5-e6d4-40a4-bd7a-ab968f420f26: close
2019-09-01 05:36:19,949 [ForkJoinPool.commonPool-worker-1] INFO  impl.RaftServerProxy (RaftServerProxy.java:lambda$close$4(314)) - 9b3dd7f4-91cd-47fd-a215-72ecb837dc75: close
2019-09-01 05:36:19,949 [main] INFO  impl.RaftServerImpl (RaftServerImpl.java:lambda$shutdown$3(245)) - b4827cc5-e6d4-40a4-bd7a-ab968f420f26: shutdown group-EA26DABB2B00
2019-09-01 05:36:19,949 [ForkJoinPool.commonPool-worker-1] INFO  impl.RaftServerImpl (RaftServerImpl.java:lambda$shutdown$3(245)) - 9b3dd7f4-91cd-47fd-a215-72ecb837dc75: shutdown group-B990F2176190
2019-09-01 05:36:19,949 [main] INFO  util.JmxRegister (JmxRegister.java:unregister(73)) - Successfully un-registered JMX Bean with object name Ratis:service=RaftServer,group=group-EA26DABB2B00,id=b4827cc5-e6d4-40a4-bd7a-ab968f420f26
2019-09-01 05:36:19,950 [ForkJoinPool.commonPool-worker-1] INFO  util.JmxRegister (JmxRegister.java:unregister(73)) - Successfully un-registered JMX Bean with object name Ratis:service=RaftServer,group=group-B990F2176190,id=9b3dd7f4-91cd-47fd-a215-72ecb837dc75
2019-09-01 05:36:19,950 [main] INFO  impl.RoleInfo (RoleInfo.java:shutdownLeaderState(104)) - b4827cc5-e6d4-40a4-bd7a-ab968f420f26: shutdown LeaderState
2019-09-01 05:36:19,950 [ForkJoinPool.commonPool-worker-1] INFO  impl.RoleInfo (RoleInfo.java:shutdownLeaderState(104)) - 9b3dd7f4-91cd-47fd-a215-72ecb837dc75: shutdown LeaderState
2019-09-01 05:36:19,957 [org.apache.ratis.server.impl.LogAppender$AppenderDaemon$$Lambda$480/287808713@5a83d867] WARN  server.GrpcLogAppender (GrpcLogAppender.java:mayWait(143)) - GrpcLogAppender(b4827cc5-e6d4-40a4-bd7a-ab968f420f26->98d58070-504e-4381-8607-140696a0bcab): Wait interrupted by java.lang.InterruptedException
2019-09-01 05:36:19,957 [main] INFO  impl.PendingRequests (PendingRequests.java:sendNotLeaderResponses(202)) - b4827cc5-e6d4-40a4-bd7a-ab968f420f26-PendingRequests: sendNotLeaderResponses
2019-09-01 05:36:19,957 [org.apache.ratis.server.impl.LogAppender$AppenderDaemon$$Lambda$480/287808713@1f8145f3] WARN  server.GrpcLogAppender (GrpcLogAppender.java:mayWait(143)) - GrpcLogAppender(b4827cc5-e6d4-40a4-bd7a-ab968f420f26->cf674907-dece-4092-b393-45c73bb01958): Wait interrupted by java.lang.InterruptedException
2019-09-01 05:36:19,957 [ForkJoinPool.commonPool-worker-1] INFO  impl.PendingRequests (PendingRequests.java:sendNotLeaderResponses(202)) - 9b3dd7f4-91cd-47fd-a215-72ecb837dc75-PendingRequests: sendNotLeaderResponses
2019-09-01 05:36:19,964 [grpc-default-executor-15] INFO  server.GrpcServerProtocolService (GrpcServerProtocolService.java:onCompleted(104)) - cf674907-dece-4092-b393-45c73bb01958: appendEntries completed
2019-09-01 05:36:19,964 [StateMachineUpdater:b4827cc5-e6d4-40a4-bd7a-ab968f420f26:group-EA26DABB2B00] INFO  ratis.ContainerStateMachine (ContainerStateMachine.java:takeSnapshot(284)) - group-EA26DABB2B00: Taking a snapshot at:(t:1, i:6) file /workdir/hadoop-ozone/integration-test/target/test-dir/MiniOzoneClusterImpl-321653a8-8d1f-4dd6-a653-78f44973ed1e/datanode-4/data/ratis/301f6b9e-02ed-4011-9018-ea26dabb2b00/sm/snapshot.1_6
2019-09-01 05:36:19,964 [main] INFO  impl.StateMachineUpdater (StateMachineUpdater.java:stopAndJoin(115)) - StateMachineUpdater:b4827cc5-e6d4-40a4-bd7a-ab968f420f26:group-EA26DABB2B00: set stopIndex = 6
2019-09-01 05:36:19,960 [grpc-default-executor-14] INFO  server.GrpcServerProtocolService (GrpcServerProtocolService.java:onCompleted(104)) - 98d58070-504e-4381-8607-140696a0bcab: appendEntries completed
2019-09-01 05:36:19,965 [grpc-default-executor-15] INFO  server.GrpcLogAppender (GrpcLogAppender.java:onCompleted(292)) - b4827cc5-e6d4-40a4-bd7a-ab968f420f26->cf674907-dece-4092-b393-45c73bb01958: follower responses appendEntries COMPLETED
2019-09-01 05:36:19,965 [ForkJoinPool.commonPool-worker-1] INFO  impl.StateMachineUpdater (StateMachineUpdater.java:stopAndJoin(115)) - StateMachineUpdater:9b3dd7f4-91cd-47fd-a215-72ecb837dc75:group-B990F2176190: set stopIndex = 0
2019-09-01 05:36:19,965 [grpc-default-executor-15] INFO  impl.FollowerInfo (FollowerInfo.java:lambda$new$0(50)) - b4827cc5-e6d4-40a4-bd7a-ab968f420f26->cf674907-dece-4092-b393-45c73bb01958: nextIndex: updateUnconditionally 7 -> 6
2019-09-01 05:36:19,965 [grpc-default-executor-14] INFO  server.GrpcLogAppender (GrpcLogAppender.java:onCompleted(292)) - b4827cc5-e6d4-40a4-bd7a-ab968f420f26->98d58070-504e-4381-8607-140696a0bcab: follower responses appendEntries COMPLETED
2019-09-01 05:36:19,966 [ForkJoinPool.commonPool-worker-1] INFO  impl.RaftServerImpl (ServerState.java:close(394)) - 9b3dd7f4-91cd-47fd-a215-72ecb837dc75:group-B990F2176190 closes. The last applied log index is 0
2019-09-01 05:36:19,966 [grpc-default-executor-14] INFO  impl.FollowerInfo (FollowerInfo.java:lambda$new$0(50)) - b4827cc5-e6d4-40a4-bd7a-ab968f420f26->98d58070-504e-4381-8607-140696a0bcab: nextIndex: updateUnconditionally 7 -> 6
2019-09-01 05:36:19,966 [9b3dd7f4-91cd-47fd-a215-72ecb837dc75-SegmentedRaftLogWorker:Storage Directory /workdir/hadoop-ozone/integration-test/target/test-dir/MiniOzoneClusterImpl-321653a8-8d1f-4dd6-a653-78f44973ed1e/datanode-1/data/ratis/e90bc4ff-f8c9-47f1-8bb6-b990f2176190] INFO  segmented.SegmentedRaftLogWorker (SegmentedRaftLogWorker.java:run(313)) - 9b3dd7f4-91cd-47fd-a215-72ecb837dc75-SegmentedRaftLogWorker:Storage Directory /workdir/hadoop-ozone/integration-test/target/test-dir/MiniOzoneClusterImpl-321653a8-8d1f-4dd6-a653-78f44973ed1e/datanode-1/data/ratis/e90bc4ff-f8c9-47f1-8bb6-b990f2176190 was interrupted, exiting. There are 0 tasks remaining in the queue.
2019-09-01 05:36:19,969 [ForkJoinPool.commonPool-worker-1] INFO  segmented.SegmentedRaftLogWorker (SegmentedRaftLogWorker.java:close(228)) - 9b3dd7f4-91cd-47fd-a215-72ecb837dc75-SegmentedRaftLogWorker:Storage Directory /workdir/hadoop-ozone/integration-test/target/test-dir/MiniOzoneClusterImpl-321653a8-8d1f-4dd6-a653-78f44973ed1e/datanode-1/data/ratis/e90bc4ff-f8c9-47f1-8bb6-b990f2176190 close()
2019-09-01 05:36:19,972 [ForkJoinPool.commonPool-worker-1] INFO  impl.RaftServerImpl (RaftServerImpl.java:lambda$shutdown$3(245)) - 9b3dd7f4-91cd-47fd-a215-72ecb837dc75: shutdown group-6AA036CA3DED
2019-09-01 05:36:19,972 [ForkJoinPool.commonPool-worker-1] INFO  util.JmxRegister (JmxRegister.java:unregister(73)) - Successfully un-registered JMX Bean with object name Ratis:service=RaftServer,group=group-6AA036CA3DED,id=9b3dd7f4-91cd-47fd-a215-72ecb837dc75
2019-09-01 05:36:19,972 [ForkJoinPool.commonPool-worker-1] INFO  impl.RoleInfo (RoleInfo.java:shutdownFollowerState(121)) - 9b3dd7f4-91cd-47fd-a215-72ecb837dc75: shutdown FollowerState
2019-09-01 05:36:19,973 [ForkJoinPool.commonPool-worker-1] INFO  impl.StateMachineUpdater (StateMachineUpdater.java:stopAndJoin(115)) - StateMachineUpdater:9b3dd7f4-91cd-47fd-a215-72ecb837dc75:group-6AA036CA3DED: set stopIndex = 6
2019-09-01 05:36:19,973 [Thread-4142] INFO  impl.FollowerState (FollowerState.java:run(114)) - 9b3dd7f4-91cd-47fd-a215-72ecb837dc75: FollowerState was interrupted: java.lang.InterruptedException: sleep interrupted
2019-09-01 05:36:19,973 [StateMachineUpdater:9b3dd7f4-91cd-47fd-a215-72ecb837dc75:group-6AA036CA3DED] INFO  ratis.ContainerStateMachine (ContainerStateMachine.java:takeSnapshot(284)) - group-6AA036CA3DED: Taking a snapshot at:(t:1, i:6) file /workdir/hadoop-ozone/integration-test/target/test-dir/MiniOzoneClusterImpl-321653a8-8d1f-4dd6-a653-78f44973ed1e/datanode-1/data/ratis/bcf006d6-d885-44eb-ae42-6aa036ca3ded/sm/snapshot.1_6
2019-09-01 05:36:19,992 [StateMachineUpdater:b4827cc5-e6d4-40a4-bd7a-ab968f420f26:group-EA26DABB2B00] INFO  ratis.ContainerStateMachine (ContainerStateMachine.java:takeSnapshot(295)) - group-EA26DABB2B00: Finished taking a snapshot at:(t:1, i:6) file:/workdir/hadoop-ozone/integration-test/target/test-dir/MiniOzoneClusterImpl-321653a8-8d1f-4dd6-a653-78f44973ed1e/datanode-4/data/ratis/301f6b9e-02ed-4011-9018-ea26dabb2b00/sm/snapshot.1_6 time:27
2019-09-01 05:36:19,992 [StateMachineUpdater:b4827cc5-e6d4-40a4-bd7a-ab968f420f26:group-EA26DABB2B00] INFO  impl.StateMachineUpdater (StateMachineUpdater.java:takeSnapshot(242)) - StateMachineUpdater:b4827cc5-e6d4-40a4-bd7a-ab968f420f26:group-EA26DABB2B00: Took a snapshot at index 6
2019-09-01 05:36:19,992 [StateMachineUpdater:b4827cc5-e6d4-40a4-bd7a-ab968f420f26:group-EA26DABB2B00] INFO  impl.StateMachineUpdater (StateMachineUpdater.java:lambda$new$0(80)) - StateMachineUpdater:b4827cc5-e6d4-40a4-bd7a-ab968f420f26:group-EA26DABB2B00: snapshotIndex: updateIncreasingly -1 -> 6
2019-09-01 05:36:19,992 [main] INFO  impl.RaftServerImpl (ServerState.java:close(394)) - b4827cc5-e6d4-40a4-bd7a-ab968f420f26:group-EA26DABB2B00 closes. The last applied log index is 6
2019-09-01 05:36:19,993 [b4827cc5-e6d4-40a4-bd7a-ab968f420f26-SegmentedRaftLogWorker:Storage Directory /workdir/hadoop-ozone/integration-test/target/test-dir/MiniOzoneClusterImpl-321653a8-8d1f-4dd6-a653-78f44973ed1e/datanode-4/data/ratis/301f6b9e-02ed-4011-9018-ea26dabb2b00] INFO  segmented.SegmentedRaftLogWorker (SegmentedRaftLogWorker.java:run(313)) - b4827cc5-e6d4-40a4-bd7a-ab968f420f26-SegmentedRaftLogWorker:Storage Directory /workdir/hadoop-ozone/integration-test/target/test-dir/MiniOzoneClusterImpl-321653a8-8d1f-4dd6-a653-78f44973ed1e/datanode-4/data/ratis/301f6b9e-02ed-4011-9018-ea26dabb2b00 was interrupted, exiting. There are 0 tasks remaining in the queue.
2019-09-01 05:36:19,994 [StateMachineUpdater:9b3dd7f4-91cd-47fd-a215-72ecb837dc75:group-6AA036CA3DED] INFO  ratis.ContainerStateMachine (ContainerStateMachine.java:takeSnapshot(295)) - group-6AA036CA3DED: Finished taking a snapshot at:(t:1, i:6) file:/workdir/hadoop-ozone/integration-test/target/test-dir/MiniOzoneClusterImpl-321653a8-8d1f-4dd6-a653-78f44973ed1e/datanode-1/data/ratis/bcf006d6-d885-44eb-ae42-6aa036ca3ded/sm/snapshot.1_6 time:21
2019-09-01 05:36:19,994 [main] INFO  segmented.SegmentedRaftLogWorker (SegmentedRaftLogWorker.java:close(228)) - b4827cc5-e6d4-40a4-bd7a-ab968f420f26-SegmentedRaftLogWorker:Storage Directory /workdir/hadoop-ozone/integration-test/target/test-dir/MiniOzoneClusterImpl-321653a8-8d1f-4dd6-a653-78f44973ed1e/datanode-4/data/ratis/301f6b9e-02ed-4011-9018-ea26dabb2b00 close()
2019-09-01 05:36:19,994 [StateMachineUpdater:9b3dd7f4-91cd-47fd-a215-72ecb837dc75:group-6AA036CA3DED] INFO  impl.StateMachineUpdater (StateMachineUpdater.java:takeSnapshot(242)) - StateMachineUpdater:9b3dd7f4-91cd-47fd-a215-72ecb837dc75:group-6AA036CA3DED: Took a snapshot at index 6
2019-09-01 05:36:19,997 [StateMachineUpdater:9b3dd7f4-91cd-47fd-a215-72ecb837dc75:group-6AA036CA3DED] INFO  impl.StateMachineUpdater (StateMachineUpdater.java:lambda$new$0(80)) - StateMachineUpdater:9b3dd7f4-91cd-47fd-a215-72ecb837dc75:group-6AA036CA3DED: snapshotIndex: updateIncreasingly -1 -> 6
2019-09-01 05:36:19,997 [main] INFO  impl.RaftServerImpl (RaftServerImpl.java:lambda$shutdown$3(245)) - b4827cc5-e6d4-40a4-bd7a-ab968f420f26: shutdown group-E314E2C53BC6
2019-09-01 05:36:19,997 [ForkJoinPool.commonPool-worker-1] INFO  impl.RaftServerImpl (ServerState.java:close(394)) - 9b3dd7f4-91cd-47fd-a215-72ecb837dc75:group-6AA036CA3DED closes. The last applied log index is 6
2019-09-01 05:36:19,998 [main] INFO  util.JmxRegister (JmxRegister.java:unregister(73)) - Successfully un-registered JMX Bean with object name Ratis:service=RaftServer,group=group-E314E2C53BC6,id=b4827cc5-e6d4-40a4-bd7a-ab968f420f26
2019-09-01 05:36:19,998 [main] INFO  impl.RoleInfo (RoleInfo.java:shutdownLeaderState(104)) - b4827cc5-e6d4-40a4-bd7a-ab968f420f26: shutdown LeaderState
2019-09-01 05:36:19,998 [9b3dd7f4-91cd-47fd-a215-72ecb837dc75-SegmentedRaftLogWorker:Storage Directory /workdir/hadoop-ozone/integration-test/target/test-dir/MiniOzoneClusterImpl-321653a8-8d1f-4dd6-a653-78f44973ed1e/datanode-1/data/ratis/bcf006d6-d885-44eb-ae42-6aa036ca3ded] INFO  segmented.SegmentedRaftLogWorker (SegmentedRaftLogWorker.java:run(313)) - 9b3dd7f4-91cd-47fd-a215-72ecb837dc75-SegmentedRaftLogWorker:Storage Directory /workdir/hadoop-ozone/integration-test/target/test-dir/MiniOzoneClusterImpl-321653a8-8d1f-4dd6-a653-78f44973ed1e/datanode-1/data/ratis/bcf006d6-d885-44eb-ae42-6aa036ca3ded was interrupted, exiting. There are 0 tasks remaining in the queue.
2019-09-01 05:36:19,998 [main] INFO  impl.PendingRequests (PendingRequests.java:sendNotLeaderResponses(202)) - b4827cc5-e6d4-40a4-bd7a-ab968f420f26-PendingRequests: sendNotLeaderResponses
2019-09-01 05:36:20,000 [ForkJoinPool.commonPool-worker-1] INFO  segmented.SegmentedRaftLogWorker (SegmentedRaftLogWorker.java:close(228)) - 9b3dd7f4-91cd-47fd-a215-72ecb837dc75-SegmentedRaftLogWorker:Storage Directory /workdir/hadoop-ozone/integration-test/target/test-dir/MiniOzoneClusterImpl-321653a8-8d1f-4dd6-a653-78f44973ed1e/datanode-1/data/ratis/bcf006d6-d885-44eb-ae42-6aa036ca3ded close()
2019-09-01 05:36:20,000 [main] INFO  impl.StateMachineUpdater (StateMachineUpdater.java:stopAndJoin(115)) - StateMachineUpdater:b4827cc5-e6d4-40a4-bd7a-ab968f420f26:group-E314E2C53BC6: set stopIndex = 0
2019-09-01 05:36:20,004 [ForkJoinPool.commonPool-worker-1] INFO  server.GrpcService (GrpcService.java:closeImpl(155)) - 9b3dd7f4-91cd-47fd-a215-72ecb837dc75: shutdown server with port 34713 now
2019-09-01 05:36:20,004 [main] INFO  impl.RaftServerImpl (ServerState.java:close(394)) - b4827cc5-e6d4-40a4-bd7a-ab968f420f26:group-E314E2C53BC6 closes. The last applied log index is 0
2019-09-01 05:36:20,004 [b4827cc5-e6d4-40a4-bd7a-ab968f420f26-SegmentedRaftLogWorker:Storage Directory /workdir/hadoop-ozone/integration-test/target/test-dir/MiniOzoneClusterImpl-321653a8-8d1f-4dd6-a653-78f44973ed1e/datanode-4/data/ratis/902c88c3-6c9a-4879-9e61-e314e2c53bc6] INFO  segmented.SegmentedRaftLogWorker (SegmentedRaftLogWorker.java:run(313)) - b4827cc5-e6d4-40a4-bd7a-ab968f420f26-SegmentedRaftLogWorker:Storage Directory /workdir/hadoop-ozone/integration-test/target/test-dir/MiniOzoneClusterImpl-321653a8-8d1f-4dd6-a653-78f44973ed1e/datanode-4/data/ratis/902c88c3-6c9a-4879-9e61-e314e2c53bc6 was interrupted, exiting. There are 0 tasks remaining in the queue.
2019-09-01 05:36:20,006 [grpc-default-executor-15] WARN  server.GrpcServerProtocolService (LogUtils.java:warn(134)) - 9b3dd7f4-91cd-47fd-a215-72ecb837dc75: appendEntries onError: org.apache.ratis.thirdparty.io.grpc.StatusRuntimeException: CANCELLED: cancelled before receiving half close
2019-09-01 05:36:20,006 [ForkJoinPool.commonPool-worker-1] INFO  server.GrpcService (GrpcService.java:closeImpl(163)) - 9b3dd7f4-91cd-47fd-a215-72ecb837dc75: shutdown server with port 34713 successfully
2019-09-01 05:36:20,006 [grpc-default-executor-15] WARN  server.GrpcLogAppender (LogUtils.java:warn(134)) - 9ed047e0-6800-4801-bfd0-fb58a65bdb17->9b3dd7f4-91cd-47fd-a215-72ecb837dc75: Failed appendEntries: org.apache.ratis.thirdparty.io.grpc.StatusRuntimeException: CANCELLED: HTTP/2 error code: CANCEL
Received Rst Stream
2019-09-01 05:36:20,006 [main] INFO  segmented.SegmentedRaftLogWorker (SegmentedRaftLogWorker.java:close(228)) - b4827cc5-e6d4-40a4-bd7a-ab968f420f26-SegmentedRaftLogWorker:Storage Directory /workdir/hadoop-ozone/integration-test/target/test-dir/MiniOzoneClusterImpl-321653a8-8d1f-4dd6-a653-78f44973ed1e/datanode-4/data/ratis/902c88c3-6c9a-4879-9e61-e314e2c53bc6 close()
2019-09-01 05:36:20,007 [grpc-default-executor-15] INFO  impl.FollowerInfo (FollowerInfo.java:lambda$new$0(50)) - 9ed047e0-6800-4801-bfd0-fb58a65bdb17->9b3dd7f4-91cd-47fd-a215-72ecb837dc75: nextIndex: updateUnconditionally 7 -> 6
2019-09-01 05:36:20,009 [main] INFO  server.GrpcService (GrpcService.java:closeImpl(155)) - b4827cc5-e6d4-40a4-bd7a-ab968f420f26: shutdown server with port 46458 now
2019-09-01 05:36:20,010 [main] INFO  server.GrpcService (GrpcService.java:closeImpl(163)) - b4827cc5-e6d4-40a4-bd7a-ab968f420f26: shutdown server with port 46458 successfully
2019-09-01 05:36:20,012 [refreshUsed-/workdir/hadoop-ozone/integration-test/target/test-dir/MiniOzoneClusterImpl-321653a8-8d1f-4dd6-a653-78f44973ed1e/datanode-1/data/containers] WARN  fs.CachingGetSpaceUsed (CachingGetSpaceUsed.java:run(183)) - Thread Interrupted waiting to refresh disk information: sleep interrupted
2019-09-01 05:36:20,012 [refreshUsed-/workdir/hadoop-ozone/integration-test/target/test-dir/MiniOzoneClusterImpl-321653a8-8d1f-4dd6-a653-78f44973ed1e/datanode-4/data/containers] WARN  fs.CachingGetSpaceUsed (CachingGetSpaceUsed.java:run(183)) - Thread Interrupted waiting to refresh disk information: sleep interrupted
2019-09-01 05:36:20,021 [grpc-default-executor-12] WARN  server.GrpcLogAppender (LogUtils.java:warn(134)) - 9ed047e0-6800-4801-bfd0-fb58a65bdb17->9b3dd7f4-91cd-47fd-a215-72ecb837dc75: Failed appendEntries: org.apache.ratis.thirdparty.io.grpc.StatusRuntimeException: UNAVAILABLE: io exception
2019-09-01 05:36:20,021 [grpc-default-executor-12] INFO  impl.FollowerInfo (FollowerInfo.java:lambda$new$0(50)) - 9ed047e0-6800-4801-bfd0-fb58a65bdb17->9b3dd7f4-91cd-47fd-a215-72ecb837dc75: nextIndex: updateUnconditionally 6 -> 5
2019-09-01 05:36:20,028 [ForkJoinPool.commonPool-worker-1] INFO  utils.BackgroundService (BackgroundService.java:shutdown(148)) - Shutting down service BlockDeletingService
2019-09-01 05:36:20,032 [ForkJoinPool.commonPool-worker-1] INFO  statemachine.DatanodeStateMachine (DatanodeStateMachine.java:stopDaemon(395)) - Ozone container server stopped.
2019-09-01 05:36:20,036 [ForkJoinPool.commonPool-worker-1] INFO  handler.ContextHandler (ContextHandler.java:doStop(910)) - Stopped o.e.j.w.WebAppContext@5345dfe8{/,null,UNAVAILABLE}{/hddsDatanode}
2019-09-01 05:36:20,037 [ForkJoinPool.commonPool-worker-1] INFO  server.AbstractConnector (AbstractConnector.java:doStop(318)) - Stopped ServerConnector@478967eb{HTTP/1.1,[http/1.1]}{0.0.0.0:0}
2019-09-01 05:36:20,037 [main] INFO  utils.BackgroundService (BackgroundService.java:shutdown(148)) - Shutting down service BlockDeletingService
2019-09-01 05:36:20,038 [ForkJoinPool.commonPool-worker-1] INFO  handler.ContextHandler (ContextHandler.java:doStop(910)) - Stopped o.e.j.s.ServletContextHandler@18cf5c52{/static,jar:file:/home/user/.m2/repository/org/apache/hadoop/hadoop-hdds-container-service/0.5.0-SNAPSHOT/hadoop-hdds-container-service-0.5.0-SNAPSHOT.jar!/webapps/static,UNAVAILABLE}
2019-09-01 05:36:20,040 [ForkJoinPool.commonPool-worker-1] INFO  handler.ContextHandler (ContextHandler.java:doStop(910)) - Stopped o.e.j.s.ServletContextHandler@282c4da0{/logs,file:///workdir/hadoop-ozone/integration-test/target/log,UNAVAILABLE}
2019-09-01 05:36:20,043 [main] INFO  statemachine.DatanodeStateMachine (DatanodeStateMachine.java:stopDaemon(395)) - Ozone container server stopped.
2019-09-01 05:36:20,044 [main] INFO  handler.ContextHandler (ContextHandler.java:doStop(910)) - Stopped o.e.j.w.WebAppContext@2ee92e7d{/,null,UNAVAILABLE}{/hddsDatanode}
2019-09-01 05:36:20,044 [main] INFO  server.AbstractConnector (AbstractConnector.java:doStop(318)) - Stopped ServerConnector@759a678a{HTTP/1.1,[http/1.1]}{0.0.0.0:0}
2019-09-01 05:36:20,044 [main] INFO  handler.ContextHandler (ContextHandler.java:doStop(910)) - Stopped o.e.j.s.ServletContextHandler@57a667c8{/static,jar:file:/home/user/.m2/repository/org/apache/hadoop/hadoop-hdds-container-service/0.5.0-SNAPSHOT/hadoop-hdds-container-service-0.5.0-SNAPSHOT.jar!/webapps/static,UNAVAILABLE}
2019-09-01 05:36:20,045 [main] INFO  handler.ContextHandler (ContextHandler.java:doStop(910)) - Stopped o.e.j.s.ServletContextHandler@6c07add6{/logs,file:///workdir/hadoop-ozone/integration-test/target/log,UNAVAILABLE}
2019-09-01 05:36:20,461 [Datanode State Machine Thread - 0] INFO  statemachine.DatanodeStateMachine (DatanodeStateMachine.java:lambda$startDaemon$0(350)) - Ozone container server started.
2019-09-01 05:36:20,794 [Datanode State Machine Thread - 0] INFO  statemachine.DatanodeStateMachine (DatanodeStateMachine.java:lambda$startDaemon$0(350)) - Ozone container server started.
2019-09-01 05:36:21,546 [grpc-default-executor-14] WARN  server.GrpcLogAppender (LogUtils.java:warn(134)) - 9ed047e0-6800-4801-bfd0-fb58a65bdb17->9b3dd7f4-91cd-47fd-a215-72ecb837dc75: Failed appendEntries: org.apache.ratis.thirdparty.io.grpc.StatusRuntimeException: UNAVAILABLE: io exception
2019-09-01 05:36:21,546 [grpc-default-executor-14] INFO  impl.FollowerInfo (FollowerInfo.java:lambda$new$0(50)) - 9ed047e0-6800-4801-bfd0-fb58a65bdb17->9b3dd7f4-91cd-47fd-a215-72ecb837dc75: nextIndex: updateUnconditionally 6 -> 5
2019-09-01 05:36:21,594 [grpc-default-executor-15] WARN  server.GrpcLogAppender (LogUtils.java:warn(134)) - 9ed047e0-6800-4801-bfd0-fb58a65bdb17->9b3dd7f4-91cd-47fd-a215-72ecb837dc75: Failed appendEntries: org.apache.ratis.thirdparty.io.grpc.StatusRuntimeException: UNAVAILABLE: io exception
2019-09-01 05:36:21,595 [grpc-default-executor-15] INFO  impl.FollowerInfo (FollowerInfo.java:lambda$new$0(50)) - 9ed047e0-6800-4801-bfd0-fb58a65bdb17->9b3dd7f4-91cd-47fd-a215-72ecb837dc75: nextIndex: updateUnconditionally 6 -> 5
2019-09-01 05:36:21,603 [RatisApplyTransactionExecutor 1] INFO  interfaces.Container (KeyValueContainer.java:flushAndSyncDB(382)) - Container 1 is synced with bcsId 4.
2019-09-01 05:36:21,603 [RatisApplyTransactionExecutor 1] INFO  interfaces.Container (KeyValueContainer.java:flushAndSyncDB(382)) - Container 1 is synced with bcsId 4.
2019-09-01 05:36:21,606 [grpc-default-executor-12] WARN  server.GrpcLogAppender (LogUtils.java:warn(134)) - 9ed047e0-6800-4801-bfd0-fb58a65bdb17->9b3dd7f4-91cd-47fd-a215-72ecb837dc75: Failed appendEntries: org.apache.ratis.thirdparty.io.grpc.StatusRuntimeException: UNAVAILABLE: io exception
2019-09-01 05:36:21,607 [grpc-default-executor-12] INFO  impl.FollowerInfo (FollowerInfo.java:lambda$new$0(50)) - 9ed047e0-6800-4801-bfd0-fb58a65bdb17->9b3dd7f4-91cd-47fd-a215-72ecb837dc75: nextIndex: updateUnconditionally 6 -> 5
2019-09-01 05:36:21,659 [EventQueue-IncrementalContainerReportForIncrementalContainerReportHandler] INFO  container.IncrementalContainerReportHandler (AbstractContainerReportHandler.java:updateContainerState(176)) - Moving container #1 to CLOSED state, datanode 9ed047e0-6800-4801-bfd0-fb58a65bdb17{ip: 192.168.36.91, host: trunk-nightly-20190901-gkzrd-4143273587, networkLocation: /default-rack, certSerialId: null} reported CLOSED replica.
2019-09-01 05:36:21,669 [RatisApplyTransactionExecutor 1] INFO  interfaces.Container (KeyValueContainer.java:flushAndSyncDB(382)) - Container 1 is synced with bcsId 4.
2019-09-01 05:36:21,669 [RatisApplyTransactionExecutor 1] INFO  interfaces.Container (KeyValueContainer.java:flushAndSyncDB(382)) - Container 1 is synced with bcsId 4.
2019-09-01 05:36:24,107 [grpc-default-executor-14] WARN  server.GrpcLogAppender (LogUtils.java:warn(134)) - 9ed047e0-6800-4801-bfd0-fb58a65bdb17->9b3dd7f4-91cd-47fd-a215-72ecb837dc75: Failed appendEntries: org.apache.ratis.thirdparty.io.grpc.StatusRuntimeException: UNAVAILABLE: io exception
2019-09-01 05:36:24,108 [grpc-default-executor-14] INFO  impl.FollowerInfo (FollowerInfo.java:lambda$new$0(50)) - 9ed047e0-6800-4801-bfd0-fb58a65bdb17->9b3dd7f4-91cd-47fd-a215-72ecb837dc75: nextIndex: updateUnconditionally 5 -> 4
2019-09-01 05:36:24,475 [EventQueue-StaleNodeForStaleNodeHandler] INFO  node.StaleNodeHandler (StaleNodeHandler.java:onMessage(58)) - Datanode 6ec88abe-3aa0-4cdc-bd94-b96ed0fe04dc{ip: 192.168.36.91, host: trunk-nightly-20190901-gkzrd-4143273587, networkLocation: /default-rack, certSerialId: null} moved to stale state. Finalizing its pipelines [PipelineID=553904e1-cdcd-4714-8f7f-75beb7b30774, PipelineID=bcf006d6-d885-44eb-ae42-6aa036ca3ded]
2019-09-01 05:36:24,475 [EventQueue-StaleNodeForStaleNodeHandler] INFO  pipeline.SCMPipelineManager (SCMPipelineManager.java:finalizeAndDestroyPipeline(309)) - destroying pipeline:Pipeline[ Id: 553904e1-cdcd-4714-8f7f-75beb7b30774, Nodes: 6ec88abe-3aa0-4cdc-bd94-b96ed0fe04dc{ip: 192.168.36.91, host: trunk-nightly-20190901-gkzrd-4143273587, networkLocation: /default-rack, certSerialId: null}, Type:RATIS, Factor:ONE, State:OPEN]
2019-09-01 05:36:24,475 [EventQueue-StaleNodeForStaleNodeHandler] INFO  pipeline.PipelineStateManager (PipelineStateManager.java:finalizePipeline(123)) - Pipeline Pipeline[ Id: 553904e1-cdcd-4714-8f7f-75beb7b30774, Nodes: 6ec88abe-3aa0-4cdc-bd94-b96ed0fe04dc{ip: 192.168.36.91, host: trunk-nightly-20190901-gkzrd-4143273587, networkLocation: /default-rack, certSerialId: null}, Type:RATIS, Factor:ONE, State:CLOSED] moved to CLOSED state
2019-09-01 05:36:24,476 [EventQueue-StaleNodeForStaleNodeHandler] INFO  pipeline.SCMPipelineManager (SCMPipelineManager.java:finalizeAndDestroyPipeline(309)) - destroying pipeline:Pipeline[ Id: bcf006d6-d885-44eb-ae42-6aa036ca3ded, Nodes: 9b3dd7f4-91cd-47fd-a215-72ecb837dc75{ip: 192.168.36.91, host: trunk-nightly-20190901-gkzrd-4143273587, networkLocation: /default-rack, certSerialId: null}6ec88abe-3aa0-4cdc-bd94-b96ed0fe04dc{ip: 192.168.36.91, host: trunk-nightly-20190901-gkzrd-4143273587, networkLocation: /default-rack, certSerialId: null}9ed047e0-6800-4801-bfd0-fb58a65bdb17{ip: 192.168.36.91, host: trunk-nightly-20190901-gkzrd-4143273587, networkLocation: /default-rack, certSerialId: null}, Type:RATIS, Factor:THREE, State:CLOSED]
2019-09-01 05:36:24,875 [EventQueue-StaleNodeForStaleNodeHandler] INFO  node.StaleNodeHandler (StaleNodeHandler.java:onMessage(58)) - Datanode cf674907-dece-4092-b393-45c73bb01958{ip: 192.168.36.91, host: trunk-nightly-20190901-gkzrd-4143273587, networkLocation: /default-rack, certSerialId: null} moved to stale state. Finalizing its pipelines [PipelineID=2b88e833-af19-4e51-ac88-c275d291a638, PipelineID=301f6b9e-02ed-4011-9018-ea26dabb2b00]
2019-09-01 05:36:24,876 [EventQueue-StaleNodeForStaleNodeHandler] INFO  pipeline.SCMPipelineManager (SCMPipelineManager.java:finalizeAndDestroyPipeline(309)) - destroying pipeline:Pipeline[ Id: 2b88e833-af19-4e51-ac88-c275d291a638, Nodes: cf674907-dece-4092-b393-45c73bb01958{ip: 192.168.36.91, host: trunk-nightly-20190901-gkzrd-4143273587, networkLocation: /default-rack, certSerialId: null}, Type:RATIS, Factor:ONE, State:OPEN]
2019-09-01 05:36:24,876 [EventQueue-StaleNodeForStaleNodeHandler] INFO  pipeline.PipelineStateManager (PipelineStateManager.java:finalizePipeline(123)) - Pipeline Pipeline[ Id: 2b88e833-af19-4e51-ac88-c275d291a638, Nodes: cf674907-dece-4092-b393-45c73bb01958{ip: 192.168.36.91, host: trunk-nightly-20190901-gkzrd-4143273587, networkLocation: /default-rack, certSerialId: null}, Type:RATIS, Factor:ONE, State:CLOSED] moved to CLOSED state
2019-09-01 05:36:24,876 [EventQueue-StaleNodeForStaleNodeHandler] INFO  pipeline.SCMPipelineManager (SCMPipelineManager.java:finalizeAndDestroyPipeline(309)) - destroying pipeline:Pipeline[ Id: 301f6b9e-02ed-4011-9018-ea26dabb2b00, Nodes: cf674907-dece-4092-b393-45c73bb01958{ip: 192.168.36.91, host: trunk-nightly-20190901-gkzrd-4143273587, networkLocation: /default-rack, certSerialId: null}98d58070-504e-4381-8607-140696a0bcab{ip: 192.168.36.91, host: trunk-nightly-20190901-gkzrd-4143273587, networkLocation: /default-rack, certSerialId: null}b4827cc5-e6d4-40a4-bd7a-ab968f420f26{ip: 192.168.36.91, host: trunk-nightly-20190901-gkzrd-4143273587, networkLocation: /default-rack, certSerialId: null}, Type:RATIS, Factor:THREE, State:CLOSED]
2019-09-01 05:36:25,044 [ForkJoinPool.commonPool-worker-1] INFO  ozoneimpl.OzoneContainer (OzoneContainer.java:stop(215)) - Attempting to stop container services.
2019-09-01 05:36:25,045 [ForkJoinPool.commonPool-worker-1] INFO  impl.RaftServerProxy (RaftServerProxy.java:lambda$close$4(314)) - 6ec88abe-3aa0-4cdc-bd94-b96ed0fe04dc: close
2019-09-01 05:36:25,045 [ForkJoinPool.commonPool-worker-1] INFO  impl.RaftServerImpl (RaftServerImpl.java:lambda$shutdown$3(245)) - 6ec88abe-3aa0-4cdc-bd94-b96ed0fe04dc: shutdown group-75BEB7B30774
2019-09-01 05:36:25,046 [ForkJoinPool.commonPool-worker-1] INFO  util.JmxRegister (JmxRegister.java:unregister(73)) - Successfully un-registered JMX Bean with object name Ratis:service=RaftServer,group=group-75BEB7B30774,id=6ec88abe-3aa0-4cdc-bd94-b96ed0fe04dc
2019-09-01 05:36:25,046 [main] INFO  ozoneimpl.OzoneContainer (OzoneContainer.java:stop(215)) - Attempting to stop container services.
2019-09-01 05:36:25,046 [ForkJoinPool.commonPool-worker-1] INFO  impl.RoleInfo (RoleInfo.java:shutdownLeaderState(104)) - 6ec88abe-3aa0-4cdc-bd94-b96ed0fe04dc: shutdown LeaderState
2019-09-01 05:36:25,047 [main] INFO  impl.RaftServerProxy (RaftServerProxy.java:lambda$close$4(314)) - cf674907-dece-4092-b393-45c73bb01958: close
2019-09-01 05:36:25,047 [ForkJoinPool.commonPool-worker-1] INFO  impl.PendingRequests (PendingRequests.java:sendNotLeaderResponses(202)) - 6ec88abe-3aa0-4cdc-bd94-b96ed0fe04dc-PendingRequests: sendNotLeaderResponses
2019-09-01 05:36:25,047 [main] INFO  impl.RaftServerImpl (RaftServerImpl.java:lambda$shutdown$3(245)) - cf674907-dece-4092-b393-45c73bb01958: shutdown group-C275D291A638
2019-09-01 05:36:25,048 [main] INFO  util.JmxRegister (JmxRegister.java:unregister(73)) - Successfully un-registered JMX Bean with object name Ratis:service=RaftServer,group=group-C275D291A638,id=cf674907-dece-4092-b393-45c73bb01958
2019-09-01 05:36:25,048 [main] INFO  impl.RoleInfo (RoleInfo.java:shutdownLeaderState(104)) - cf674907-dece-4092-b393-45c73bb01958: shutdown LeaderState
2019-09-01 05:36:25,048 [ForkJoinPool.commonPool-worker-1] INFO  impl.StateMachineUpdater (StateMachineUpdater.java:stopAndJoin(115)) - StateMachineUpdater:6ec88abe-3aa0-4cdc-bd94-b96ed0fe04dc:group-75BEB7B30774: set stopIndex = 0
2019-09-01 05:36:25,048 [main] INFO  impl.PendingRequests (PendingRequests.java:sendNotLeaderResponses(202)) - cf674907-dece-4092-b393-45c73bb01958-PendingRequests: sendNotLeaderResponses
2019-09-01 05:36:25,049 [ForkJoinPool.commonPool-worker-1] INFO  impl.RaftServerImpl (ServerState.java:close(394)) - 6ec88abe-3aa0-4cdc-bd94-b96ed0fe04dc:group-75BEB7B30774 closes. The last applied log index is 0
2019-09-01 05:36:25,049 [main] INFO  impl.StateMachineUpdater (StateMachineUpdater.java:stopAndJoin(115)) - StateMachineUpdater:cf674907-dece-4092-b393-45c73bb01958:group-C275D291A638: set stopIndex = 0
2019-09-01 05:36:25,049 [6ec88abe-3aa0-4cdc-bd94-b96ed0fe04dc-SegmentedRaftLogWorker:Storage Directory /workdir/hadoop-ozone/integration-test/target/test-dir/MiniOzoneClusterImpl-321653a8-8d1f-4dd6-a653-78f44973ed1e/datanode-2/data/ratis/553904e1-cdcd-4714-8f7f-75beb7b30774] INFO  segmented.SegmentedRaftLogWorker (SegmentedRaftLogWorker.java:run(313)) - 6ec88abe-3aa0-4cdc-bd94-b96ed0fe04dc-SegmentedRaftLogWorker:Storage Directory /workdir/hadoop-ozone/integration-test/target/test-dir/MiniOzoneClusterImpl-321653a8-8d1f-4dd6-a653-78f44973ed1e/datanode-2/data/ratis/553904e1-cdcd-4714-8f7f-75beb7b30774 was interrupted, exiting. There are 0 tasks remaining in the queue.
2019-09-01 05:36:25,050 [main] INFO  impl.RaftServerImpl (ServerState.java:close(394)) - cf674907-dece-4092-b393-45c73bb01958:group-C275D291A638 closes. The last applied log index is 0
2019-09-01 05:36:25,053 [ForkJoinPool.commonPool-worker-1] INFO  segmented.SegmentedRaftLogWorker (SegmentedRaftLogWorker.java:close(228)) - 6ec88abe-3aa0-4cdc-bd94-b96ed0fe04dc-SegmentedRaftLogWorker:Storage Directory /workdir/hadoop-ozone/integration-test/target/test-dir/MiniOzoneClusterImpl-321653a8-8d1f-4dd6-a653-78f44973ed1e/datanode-2/data/ratis/553904e1-cdcd-4714-8f7f-75beb7b30774 close()
2019-09-01 05:36:25,053 [cf674907-dece-4092-b393-45c73bb01958-SegmentedRaftLogWorker:Storage Directory /workdir/hadoop-ozone/integration-test/target/test-dir/MiniOzoneClusterImpl-321653a8-8d1f-4dd6-a653-78f44973ed1e/datanode-3/data/ratis/2b88e833-af19-4e51-ac88-c275d291a638] INFO  segmented.SegmentedRaftLogWorker (SegmentedRaftLogWorker.java:run(313)) - cf674907-dece-4092-b393-45c73bb01958-SegmentedRaftLogWorker:Storage Directory /workdir/hadoop-ozone/integration-test/target/test-dir/MiniOzoneClusterImpl-321653a8-8d1f-4dd6-a653-78f44973ed1e/datanode-3/data/ratis/2b88e833-af19-4e51-ac88-c275d291a638 was interrupted, exiting. There are 0 tasks remaining in the queue.
2019-09-01 05:36:25,059 [main] INFO  segmented.SegmentedRaftLogWorker (SegmentedRaftLogWorker.java:close(228)) - cf674907-dece-4092-b393-45c73bb01958-SegmentedRaftLogWorker:Storage Directory /workdir/hadoop-ozone/integration-test/target/test-dir/MiniOzoneClusterImpl-321653a8-8d1f-4dd6-a653-78f44973ed1e/datanode-3/data/ratis/2b88e833-af19-4e51-ac88-c275d291a638 close()
2019-09-01 05:36:25,059 [ForkJoinPool.commonPool-worker-1] INFO  impl.RaftServerImpl (RaftServerImpl.java:lambda$shutdown$3(245)) - 6ec88abe-3aa0-4cdc-bd94-b96ed0fe04dc: shutdown group-6AA036CA3DED
2019-09-01 05:36:25,061 [main] INFO  impl.RaftServerImpl (RaftServerImpl.java:lambda$shutdown$3(245)) - cf674907-dece-4092-b393-45c73bb01958: shutdown group-EA26DABB2B00
2019-09-01 05:36:25,062 [ForkJoinPool.commonPool-worker-1] INFO  util.JmxRegister (JmxRegister.java:unregister(73)) - Successfully un-registered JMX Bean with object name Ratis:service=RaftServer,group=group-6AA036CA3DED,id=6ec88abe-3aa0-4cdc-bd94-b96ed0fe04dc
2019-09-01 05:36:25,062 [main] INFO  util.JmxRegister (JmxRegister.java:unregister(73)) - Successfully un-registered JMX Bean with object name Ratis:service=RaftServer,group=group-EA26DABB2B00,id=cf674907-dece-4092-b393-45c73bb01958
2019-09-01 05:36:25,062 [main] INFO  impl.RoleInfo (RoleInfo.java:shutdownFollowerState(121)) - cf674907-dece-4092-b393-45c73bb01958: shutdown FollowerState
2019-09-01 05:36:25,062 [ForkJoinPool.commonPool-worker-1] INFO  impl.RoleInfo (RoleInfo.java:shutdownFollowerState(121)) - 6ec88abe-3aa0-4cdc-bd94-b96ed0fe04dc: shutdown FollowerState
2019-09-01 05:36:25,063 [StateMachineUpdater:cf674907-dece-4092-b393-45c73bb01958:group-EA26DABB2B00] INFO  ratis.ContainerStateMachine (ContainerStateMachine.java:takeSnapshot(284)) - group-EA26DABB2B00: Taking a snapshot at:(t:1, i:4) file /workdir/hadoop-ozone/integration-test/target/test-dir/MiniOzoneClusterImpl-321653a8-8d1f-4dd6-a653-78f44973ed1e/datanode-3/data/ratis/301f6b9e-02ed-4011-9018-ea26dabb2b00/sm/snapshot.1_4
2019-09-01 05:36:25,063 [Thread-4188] INFO  impl.FollowerState (FollowerState.java:run(114)) - cf674907-dece-4092-b393-45c73bb01958: FollowerState was interrupted: java.lang.InterruptedException: sleep interrupted
2019-09-01 05:36:25,063 [main] INFO  impl.StateMachineUpdater (StateMachineUpdater.java:stopAndJoin(115)) - StateMachineUpdater:cf674907-dece-4092-b393-45c73bb01958:group-EA26DABB2B00: set stopIndex = 6
2019-09-01 05:36:25,063 [Thread-4141] INFO  impl.FollowerState (FollowerState.java:run(114)) - 6ec88abe-3aa0-4cdc-bd94-b96ed0fe04dc: FollowerState was interrupted: java.lang.InterruptedException: sleep interrupted
2019-09-01 05:36:25,063 [StateMachineUpdater:6ec88abe-3aa0-4cdc-bd94-b96ed0fe04dc:group-6AA036CA3DED] INFO  ratis.ContainerStateMachine (ContainerStateMachine.java:takeSnapshot(284)) - group-6AA036CA3DED: Taking a snapshot at:(t:1, i:7) file /workdir/hadoop-ozone/integration-test/target/test-dir/MiniOzoneClusterImpl-321653a8-8d1f-4dd6-a653-78f44973ed1e/datanode-2/data/ratis/bcf006d6-d885-44eb-ae42-6aa036ca3ded/sm/snapshot.1_7
2019-09-01 05:36:25,063 [ForkJoinPool.commonPool-worker-1] INFO  impl.StateMachineUpdater (StateMachineUpdater.java:stopAndJoin(115)) - StateMachineUpdater:6ec88abe-3aa0-4cdc-bd94-b96ed0fe04dc:group-6AA036CA3DED: set stopIndex = 8
2019-09-01 05:36:25,088 [StateMachineUpdater:cf674907-dece-4092-b393-45c73bb01958:group-EA26DABB2B00] INFO  ratis.ContainerStateMachine (ContainerStateMachine.java:takeSnapshot(295)) - group-EA26DABB2B00: Finished taking a snapshot at:(t:1, i:4) file:/workdir/hadoop-ozone/integration-test/target/test-dir/MiniOzoneClusterImpl-321653a8-8d1f-4dd6-a653-78f44973ed1e/datanode-3/data/ratis/301f6b9e-02ed-4011-9018-ea26dabb2b00/sm/snapshot.1_4 time:25
2019-09-01 05:36:25,088 [StateMachineUpdater:6ec88abe-3aa0-4cdc-bd94-b96ed0fe04dc:group-6AA036CA3DED] INFO  ratis.ContainerStateMachine (ContainerStateMachine.java:takeSnapshot(295)) - group-6AA036CA3DED: Finished taking a snapshot at:(t:1, i:7) file:/workdir/hadoop-ozone/integration-test/target/test-dir/MiniOzoneClusterImpl-321653a8-8d1f-4dd6-a653-78f44973ed1e/datanode-2/data/ratis/bcf006d6-d885-44eb-ae42-6aa036ca3ded/sm/snapshot.1_7 time:25
2019-09-01 05:36:25,088 [StateMachineUpdater:cf674907-dece-4092-b393-45c73bb01958:group-EA26DABB2B00] INFO  impl.StateMachineUpdater (StateMachineUpdater.java:takeSnapshot(242)) - StateMachineUpdater:cf674907-dece-4092-b393-45c73bb01958:group-EA26DABB2B00: Took a snapshot at index 4
2019-09-01 05:36:25,088 [StateMachineUpdater:6ec88abe-3aa0-4cdc-bd94-b96ed0fe04dc:group-6AA036CA3DED] INFO  impl.StateMachineUpdater (StateMachineUpdater.java:takeSnapshot(242)) - StateMachineUpdater:6ec88abe-3aa0-4cdc-bd94-b96ed0fe04dc:group-6AA036CA3DED: Took a snapshot at index 7
2019-09-01 05:36:25,088 [StateMachineUpdater:cf674907-dece-4092-b393-45c73bb01958:group-EA26DABB2B00] INFO  impl.StateMachineUpdater (StateMachineUpdater.java:lambda$new$0(80)) - StateMachineUpdater:cf674907-dece-4092-b393-45c73bb01958:group-EA26DABB2B00: snapshotIndex: updateIncreasingly -1 -> 4
2019-09-01 05:36:25,089 [StateMachineUpdater:6ec88abe-3aa0-4cdc-bd94-b96ed0fe04dc:group-6AA036CA3DED] INFO  impl.StateMachineUpdater (StateMachineUpdater.java:lambda$new$0(80)) - StateMachineUpdater:6ec88abe-3aa0-4cdc-bd94-b96ed0fe04dc:group-6AA036CA3DED: snapshotIndex: updateIncreasingly -1 -> 7
2019-09-01 05:36:25,089 [main] INFO  impl.RaftServerImpl (ServerState.java:close(394)) - cf674907-dece-4092-b393-45c73bb01958:group-EA26DABB2B00 closes. The last applied log index is 6
2019-09-01 05:36:25,089 [ForkJoinPool.commonPool-worker-1] INFO  impl.RaftServerImpl (ServerState.java:close(394)) - 6ec88abe-3aa0-4cdc-bd94-b96ed0fe04dc:group-6AA036CA3DED closes. The last applied log index is 8
2019-09-01 05:36:25,089 [cf674907-dece-4092-b393-45c73bb01958-SegmentedRaftLogWorker:Storage Directory /workdir/hadoop-ozone/integration-test/target/test-dir/MiniOzoneClusterImpl-321653a8-8d1f-4dd6-a653-78f44973ed1e/datanode-3/data/ratis/301f6b9e-02ed-4011-9018-ea26dabb2b00] INFO  segmented.SegmentedRaftLogWorker (SegmentedRaftLogWorker.java:run(313)) - cf674907-dece-4092-b393-45c73bb01958-SegmentedRaftLogWorker:Storage Directory /workdir/hadoop-ozone/integration-test/target/test-dir/MiniOzoneClusterImpl-321653a8-8d1f-4dd6-a653-78f44973ed1e/datanode-3/data/ratis/301f6b9e-02ed-4011-9018-ea26dabb2b00 was interrupted, exiting. There are 0 tasks remaining in the queue.
2019-09-01 05:36:25,090 [6ec88abe-3aa0-4cdc-bd94-b96ed0fe04dc-SegmentedRaftLogWorker:Storage Directory /workdir/hadoop-ozone/integration-test/target/test-dir/MiniOzoneClusterImpl-321653a8-8d1f-4dd6-a653-78f44973ed1e/datanode-2/data/ratis/bcf006d6-d885-44eb-ae42-6aa036ca3ded] INFO  segmented.SegmentedRaftLogWorker (SegmentedRaftLogWorker.java:run(313)) - 6ec88abe-3aa0-4cdc-bd94-b96ed0fe04dc-SegmentedRaftLogWorker:Storage Directory /workdir/hadoop-ozone/integration-test/target/test-dir/MiniOzoneClusterImpl-321653a8-8d1f-4dd6-a653-78f44973ed1e/datanode-2/data/ratis/bcf006d6-d885-44eb-ae42-6aa036ca3ded was interrupted, exiting. There are 0 tasks remaining in the queue.
2019-09-01 05:36:25,093 [main] INFO  segmented.SegmentedRaftLogWorker (SegmentedRaftLogWorker.java:close(228)) - cf674907-dece-4092-b393-45c73bb01958-SegmentedRaftLogWorker:Storage Directory /workdir/hadoop-ozone/integration-test/target/test-dir/MiniOzoneClusterImpl-321653a8-8d1f-4dd6-a653-78f44973ed1e/datanode-3/data/ratis/301f6b9e-02ed-4011-9018-ea26dabb2b00 close()
2019-09-01 05:36:25,093 [ForkJoinPool.commonPool-worker-1] INFO  segmented.SegmentedRaftLogWorker (SegmentedRaftLogWorker.java:close(228)) - 6ec88abe-3aa0-4cdc-bd94-b96ed0fe04dc-SegmentedRaftLogWorker:Storage Directory /workdir/hadoop-ozone/integration-test/target/test-dir/MiniOzoneClusterImpl-321653a8-8d1f-4dd6-a653-78f44973ed1e/datanode-2/data/ratis/bcf006d6-d885-44eb-ae42-6aa036ca3ded close()
2019-09-01 05:36:25,103 [main] INFO  server.GrpcService (GrpcService.java:closeImpl(155)) - cf674907-dece-4092-b393-45c73bb01958: shutdown server with port 45960 now
2019-09-01 05:36:25,104 [ForkJoinPool.commonPool-worker-1] INFO  server.GrpcService (GrpcService.java:closeImpl(155)) - 6ec88abe-3aa0-4cdc-bd94-b96ed0fe04dc: shutdown server with port 40580 now
2019-09-01 05:36:25,104 [main] INFO  server.GrpcService (GrpcService.java:closeImpl(163)) - cf674907-dece-4092-b393-45c73bb01958: shutdown server with port 45960 successfully
2019-09-01 05:36:25,105 [grpc-default-executor-15] WARN  server.GrpcServerProtocolService (LogUtils.java:warn(134)) - 6ec88abe-3aa0-4cdc-bd94-b96ed0fe04dc: appendEntries onError: org.apache.ratis.thirdparty.io.grpc.StatusRuntimeException: CANCELLED: cancelled before receiving half close
2019-09-01 05:36:25,105 [ForkJoinPool.commonPool-worker-1] INFO  server.GrpcService (GrpcService.java:closeImpl(163)) - 6ec88abe-3aa0-4cdc-bd94-b96ed0fe04dc: shutdown server with port 40580 successfully
2019-09-01 05:36:25,105 [grpc-default-executor-15] WARN  server.GrpcLogAppender (LogUtils.java:warn(134)) - 9ed047e0-6800-4801-bfd0-fb58a65bdb17->6ec88abe-3aa0-4cdc-bd94-b96ed0fe04dc: Failed appendEntries: org.apache.ratis.thirdparty.io.grpc.StatusRuntimeException: CANCELLED: HTTP/2 error code: CANCEL
Received Rst Stream
2019-09-01 05:36:25,106 [grpc-default-executor-15] INFO  impl.FollowerInfo (FollowerInfo.java:lambda$new$0(50)) - 9ed047e0-6800-4801-bfd0-fb58a65bdb17->6ec88abe-3aa0-4cdc-bd94-b96ed0fe04dc: nextIndex: updateUnconditionally 9 -> 8
2019-09-01 05:36:25,106 [refreshUsed-/workdir/hadoop-ozone/integration-test/target/test-dir/MiniOzoneClusterImpl-321653a8-8d1f-4dd6-a653-78f44973ed1e/datanode-3/data/containers] WARN  fs.CachingGetSpaceUsed (CachingGetSpaceUsed.java:run(183)) - Thread Interrupted waiting to refresh disk information: sleep interrupted
2019-09-01 05:36:25,112 [refreshUsed-/workdir/hadoop-ozone/integration-test/target/test-dir/MiniOzoneClusterImpl-321653a8-8d1f-4dd6-a653-78f44973ed1e/datanode-2/data/containers] WARN  fs.CachingGetSpaceUsed (CachingGetSpaceUsed.java:run(183)) - Thread Interrupted waiting to refresh disk information: sleep interrupted
2019-09-01 05:36:25,122 [ForkJoinPool.commonPool-worker-1] INFO  utils.BackgroundService (BackgroundService.java:shutdown(148)) - Shutting down service BlockDeletingService
2019-09-01 05:36:25,122 [main] INFO  utils.BackgroundService (BackgroundService.java:shutdown(148)) - Shutting down service BlockDeletingService
2019-09-01 05:36:25,126 [ForkJoinPool.commonPool-worker-1] INFO  statemachine.DatanodeStateMachine (DatanodeStateMachine.java:stopDaemon(395)) - Ozone container server stopped.
2019-09-01 05:36:25,130 [main] INFO  statemachine.DatanodeStateMachine (DatanodeStateMachine.java:stopDaemon(395)) - Ozone container server stopped.
2019-09-01 05:36:25,134 [ForkJoinPool.commonPool-worker-1] INFO  handler.ContextHandler (ContextHandler.java:doStop(910)) - Stopped o.e.j.w.WebAppContext@7ac48f05{/,null,UNAVAILABLE}{/hddsDatanode}
2019-09-01 05:36:25,134 [main] INFO  handler.ContextHandler (ContextHandler.java:doStop(910)) - Stopped o.e.j.w.WebAppContext@1216eb3f{/,null,UNAVAILABLE}{/hddsDatanode}
2019-09-01 05:36:25,135 [ForkJoinPool.commonPool-worker-1] INFO  server.AbstractConnector (AbstractConnector.java:doStop(318)) - Stopped ServerConnector@7af1d072{HTTP/1.1,[http/1.1]}{0.0.0.0:0}
2019-09-01 05:36:25,136 [main] INFO  server.AbstractConnector (AbstractConnector.java:doStop(318)) - Stopped ServerConnector@59e7564b{HTTP/1.1,[http/1.1]}{0.0.0.0:0}
2019-09-01 05:36:25,136 [ForkJoinPool.commonPool-worker-1] INFO  handler.ContextHandler (ContextHandler.java:doStop(910)) - Stopped o.e.j.s.ServletContextHandler@48cdb156{/static,jar:file:/home/user/.m2/repository/org/apache/hadoop/hadoop-hdds-container-service/0.5.0-SNAPSHOT/hadoop-hdds-container-service-0.5.0-SNAPSHOT.jar!/webapps/static,UNAVAILABLE}
2019-09-01 05:36:25,136 [main] INFO  handler.ContextHandler (ContextHandler.java:doStop(910)) - Stopped o.e.j.s.ServletContextHandler@5d9d2119{/static,jar:file:/home/user/.m2/repository/org/apache/hadoop/hadoop-hdds-container-service/0.5.0-SNAPSHOT/hadoop-hdds-container-service-0.5.0-SNAPSHOT.jar!/webapps/static,UNAVAILABLE}
2019-09-01 05:36:25,137 [ForkJoinPool.commonPool-worker-1] INFO  handler.ContextHandler (ContextHandler.java:doStop(910)) - Stopped o.e.j.s.ServletContextHandler@5e9bf744{/logs,file:///workdir/hadoop-ozone/integration-test/target/log,UNAVAILABLE}
2019-09-01 05:36:25,137 [main] INFO  handler.ContextHandler (ContextHandler.java:doStop(910)) - Stopped o.e.j.s.ServletContextHandler@2eb1c615{/logs,file:///workdir/hadoop-ozone/integration-test/target/log,UNAVAILABLE}
2019-09-01 05:36:25,658 [Datanode State Machine Thread - 0] INFO  statemachine.DatanodeStateMachine (DatanodeStateMachine.java:lambda$startDaemon$0(350)) - Ozone container server started.
2019-09-01 05:36:25,824 [Datanode State Machine Thread - 0] INFO  statemachine.DatanodeStateMachine (DatanodeStateMachine.java:lambda$startDaemon$0(350)) - Ozone container server started.
2019-09-01 05:36:26,608 [grpc-default-executor-15] WARN  server.GrpcLogAppender (LogUtils.java:warn(134)) - 9ed047e0-6800-4801-bfd0-fb58a65bdb17->9b3dd7f4-91cd-47fd-a215-72ecb837dc75: Failed appendEntries: org.apache.ratis.thirdparty.io.grpc.StatusRuntimeException: UNAVAILABLE: io exception
2019-09-01 05:36:26,608 [grpc-default-executor-16] WARN  server.GrpcLogAppender (LogUtils.java:warn(134)) - 9ed047e0-6800-4801-bfd0-fb58a65bdb17->6ec88abe-3aa0-4cdc-bd94-b96ed0fe04dc: Failed appendEntries: org.apache.ratis.thirdparty.io.grpc.StatusRuntimeException: UNAVAILABLE: io exception
2019-09-01 05:36:26,608 [grpc-default-executor-15] INFO  impl.FollowerInfo (FollowerInfo.java:lambda$new$0(50)) - 9ed047e0-6800-4801-bfd0-fb58a65bdb17->9b3dd7f4-91cd-47fd-a215-72ecb837dc75: nextIndex: updateUnconditionally 4 -> 3
2019-09-01 05:36:26,608 [grpc-default-executor-16] INFO  impl.FollowerInfo (FollowerInfo.java:lambda$new$0(50)) - 9ed047e0-6800-4801-bfd0-fb58a65bdb17->6ec88abe-3aa0-4cdc-bd94-b96ed0fe04dc: nextIndex: updateUnconditionally 8 -> 7
2019-09-01 05:36:27,692 [Thread-4189] INFO  impl.FollowerState (FollowerState.java:run(106)) - 98d58070-504e-4381-8607-140696a0bcab:group-EA26DABB2B00 changes to CANDIDATE, lastRpcTime:7829, electionTimeout:5038ms
2019-09-01 05:36:27,693 [Thread-4189] INFO  impl.RoleInfo (RoleInfo.java:shutdownFollowerState(121)) - 98d58070-504e-4381-8607-140696a0bcab: shutdown FollowerState
2019-09-01 05:36:27,693 [Thread-4189] INFO  impl.RaftServerImpl (RaftServerImpl.java:setRole(171)) - 98d58070-504e-4381-8607-140696a0bcab:group-EA26DABB2B00 changes role from FOLLOWER to CANDIDATE at term 1 for changeToCandidate
2019-09-01 05:36:27,693 [Thread-4189] INFO  impl.RoleInfo (RoleInfo.java:updateAndGet(143)) - 98d58070-504e-4381-8607-140696a0bcab: start LeaderElection
2019-09-01 05:36:27,695 [98d58070-504e-4381-8607-140696a0bcab:group-EA26DABB2B00:LeaderElection109] INFO  impl.RaftServerImpl (ServerState.java:setLeader(263)) - 98d58070-504e-4381-8607-140696a0bcab:group-EA26DABB2B00 change Leader from b4827cc5-e6d4-40a4-bd7a-ab968f420f26 to null at term 1 for initElection
2019-09-01 05:36:27,716 [98d58070-504e-4381-8607-140696a0bcab:group-EA26DABB2B00:LeaderElection109] INFO  impl.LeaderElection (LeaderElection.java:askForVotes(181)) - 98d58070-504e-4381-8607-140696a0bcab:group-EA26DABB2B00:LeaderElection109: begin an election at term 2 for 0: [cf674907-dece-4092-b393-45c73bb01958:192.168.36.91:45960, b4827cc5-e6d4-40a4-bd7a-ab968f420f26:192.168.36.91:46458, 98d58070-504e-4381-8607-140696a0bcab:192.168.36.91:36578], old=null
2019-09-01 05:36:27,718 [98d58070-504e-4381-8607-140696a0bcab:group-EA26DABB2B00:LeaderElection109] INFO  impl.LeaderElection (LogUtils.java:infoOrTrace(149)) - 98d58070-504e-4381-8607-140696a0bcab:group-EA26DABB2B00:LeaderElection109 got exception when requesting votes: {}
java.util.concurrent.ExecutionException: org.apache.ratis.thirdparty.io.grpc.StatusRuntimeException: UNAVAILABLE: io exception
	at java.util.concurrent.FutureTask.report(FutureTask.java:122)
	at java.util.concurrent.FutureTask.get(FutureTask.java:192)
	at org.apache.ratis.server.impl.LeaderElection.waitForResults(LeaderElection.java:262)
	at org.apache.ratis.server.impl.LeaderElection.askForVotes(LeaderElection.java:200)
	at org.apache.ratis.server.impl.LeaderElection.run(LeaderElection.java:130)
	at java.lang.Thread.run(Thread.java:748)
Caused by: org.apache.ratis.thirdparty.io.grpc.StatusRuntimeException: UNAVAILABLE: io exception
	at org.apache.ratis.thirdparty.io.grpc.stub.ClientCalls.toStatusRuntimeException(ClientCalls.java:233)
	at org.apache.ratis.thirdparty.io.grpc.stub.ClientCalls.getUnchecked(ClientCalls.java:214)
	at org.apache.ratis.thirdparty.io.grpc.stub.ClientCalls.blockingUnaryCall(ClientCalls.java:139)
	at org.apache.ratis.proto.grpc.RaftServerProtocolServiceGrpc$RaftServerProtocolServiceBlockingStub.requestVote(RaftServerProtocolServiceGrpc.java:265)
	at org.apache.ratis.grpc.server.GrpcServerProtocolClient.requestVote(GrpcServerProtocolClient.java:83)
	at org.apache.ratis.grpc.server.GrpcService.requestVote(GrpcService.java:195)
	at org.apache.ratis.server.impl.LeaderElection.lambda$submitRequests$1(LeaderElection.java:237)
	at java.util.concurrent.FutureTask.run(FutureTask.java:266)
	at java.util.concurrent.Executors$RunnableAdapter.call(Executors.java:511)
	at java.util.concurrent.FutureTask.run(FutureTask.java:266)
	at java.util.concurrent.ThreadPoolExecutor.runWorker(ThreadPoolExecutor.java:1149)
	at java.util.concurrent.ThreadPoolExecutor$Worker.run(ThreadPoolExecutor.java:624)
	... 1 more
Caused by: org.apache.ratis.thirdparty.io.netty.channel.AbstractChannel$AnnotatedConnectException: Connection refused: /192.168.36.91:46458
	at sun.nio.ch.SocketChannelImpl.checkConnect(Native Method)
	at sun.nio.ch.SocketChannelImpl.finishConnect(SocketChannelImpl.java:717)
	at org.apache.ratis.thirdparty.io.netty.channel.socket.nio.NioSocketChannel.doFinishConnect(NioSocketChannel.java:327)
	at org.apache.ratis.thirdparty.io.netty.channel.nio.AbstractNioChannel$AbstractNioUnsafe.finishConnect(AbstractNioChannel.java:340)
	at org.apache.ratis.thirdparty.io.netty.channel.nio.NioEventLoop.processSelectedKey(NioEventLoop.java:632)
	at org.apache.ratis.thirdparty.io.netty.channel.nio.NioEventLoop.processSelectedKeysOptimized(NioEventLoop.java:579)
	at org.apache.ratis.thirdparty.io.netty.channel.nio.NioEventLoop.processSelectedKeys(NioEventLoop.java:496)
	at org.apache.ratis.thirdparty.io.netty.channel.nio.NioEventLoop.run(NioEventLoop.java:458)
	at org.apache.ratis.thirdparty.io.netty.util.concurrent.SingleThreadEventExecutor$5.run(SingleThreadEventExecutor.java:897)
	at org.apache.ratis.thirdparty.io.netty.util.concurrent.FastThreadLocalRunnable.run(FastThreadLocalRunnable.java:30)
	... 1 more
Caused by: java.net.ConnectException: Connection refused
	... 11 more
2019-09-01 05:36:27,720 [98d58070-504e-4381-8607-140696a0bcab:group-EA26DABB2B00:LeaderElection109] INFO  impl.LeaderElection (LogUtils.java:infoOrTrace(149)) - 98d58070-504e-4381-8607-140696a0bcab:group-EA26DABB2B00:LeaderElection109 got exception when requesting votes: {}
java.util.concurrent.ExecutionException: org.apache.ratis.thirdparty.io.grpc.StatusRuntimeException: UNAVAILABLE: io exception
	at java.util.concurrent.FutureTask.report(FutureTask.java:122)
	at java.util.concurrent.FutureTask.get(FutureTask.java:192)
	at org.apache.ratis.server.impl.LeaderElection.waitForResults(LeaderElection.java:262)
	at org.apache.ratis.server.impl.LeaderElection.askForVotes(LeaderElection.java:200)
	at org.apache.ratis.server.impl.LeaderElection.run(LeaderElection.java:130)
	at java.lang.Thread.run(Thread.java:748)
Caused by: org.apache.ratis.thirdparty.io.grpc.StatusRuntimeException: UNAVAILABLE: io exception
	at org.apache.ratis.thirdparty.io.grpc.stub.ClientCalls.toStatusRuntimeException(ClientCalls.java:233)
	at org.apache.ratis.thirdparty.io.grpc.stub.ClientCalls.getUnchecked(ClientCalls.java:214)
	at org.apache.ratis.thirdparty.io.grpc.stub.ClientCalls.blockingUnaryCall(ClientCalls.java:139)
	at org.apache.ratis.proto.grpc.RaftServerProtocolServiceGrpc$RaftServerProtocolServiceBlockingStub.requestVote(RaftServerProtocolServiceGrpc.java:265)
	at org.apache.ratis.grpc.server.GrpcServerProtocolClient.requestVote(GrpcServerProtocolClient.java:83)
	at org.apache.ratis.grpc.server.GrpcService.requestVote(GrpcService.java:195)
	at org.apache.ratis.server.impl.LeaderElection.lambda$submitRequests$1(LeaderElection.java:237)
	at java.util.concurrent.FutureTask.run(FutureTask.java:266)
	at java.util.concurrent.Executors$RunnableAdapter.call(Executors.java:511)
	at java.util.concurrent.FutureTask.run(FutureTask.java:266)
	at java.util.concurrent.ThreadPoolExecutor.runWorker(ThreadPoolExecutor.java:1149)
	at java.util.concurrent.ThreadPoolExecutor$Worker.run(ThreadPoolExecutor.java:624)
	... 1 more
Caused by: org.apache.ratis.thirdparty.io.netty.channel.AbstractChannel$AnnotatedConnectException: Connection refused: /192.168.36.91:45960
	at sun.nio.ch.SocketChannelImpl.checkConnect(Native Method)
	at sun.nio.ch.SocketChannelImpl.finishConnect(SocketChannelImpl.java:717)
	at org.apache.ratis.thirdparty.io.netty.channel.socket.nio.NioSocketChannel.doFinishConnect(NioSocketChannel.java:327)
	at org.apache.ratis.thirdparty.io.netty.channel.nio.AbstractNioChannel$AbstractNioUnsafe.finishConnect(AbstractNioChannel.java:340)
	at org.apache.ratis.thirdparty.io.netty.channel.nio.NioEventLoop.processSelectedKey(NioEventLoop.java:632)
	at org.apache.ratis.thirdparty.io.netty.channel.nio.NioEventLoop.processSelectedKeysOptimized(NioEventLoop.java:579)
	at org.apache.ratis.thirdparty.io.netty.channel.nio.NioEventLoop.processSelectedKeys(NioEventLoop.java:496)
	at org.apache.ratis.thirdparty.io.netty.channel.nio.NioEventLoop.run(NioEventLoop.java:458)
	at org.apache.ratis.thirdparty.io.netty.util.concurrent.SingleThreadEventExecutor$5.run(SingleThreadEventExecutor.java:897)
	at org.apache.ratis.thirdparty.io.netty.util.concurrent.FastThreadLocalRunnable.run(FastThreadLocalRunnable.java:30)
	... 1 more
Caused by: java.net.ConnectException: Connection refused
	... 11 more
2019-09-01 05:36:27,721 [98d58070-504e-4381-8607-140696a0bcab:group-EA26DABB2B00:LeaderElection109] INFO  impl.LeaderElection (LeaderElection.java:logAndReturn(56)) - 98d58070-504e-4381-8607-140696a0bcab:group-EA26DABB2B00:LeaderElection109: Election REJECTED; received 0 response(s) [] and 2 exception(s); 98d58070-504e-4381-8607-140696a0bcab:t2, leader=null, voted=98d58070-504e-4381-8607-140696a0bcab, raftlog=98d58070-504e-4381-8607-140696a0bcab-SegmentedRaftLog:OPENED:c6,f6,i6, conf=0: [cf674907-dece-4092-b393-45c73bb01958:192.168.36.91:45960, b4827cc5-e6d4-40a4-bd7a-ab968f420f26:192.168.36.91:46458, 98d58070-504e-4381-8607-140696a0bcab:192.168.36.91:36578], old=null
2019-09-01 05:36:27,722 [98d58070-504e-4381-8607-140696a0bcab:group-EA26DABB2B00:LeaderElection109] INFO  impl.LeaderElection (LogUtils.java:infoOrTrace(149)) -   Exception 0: {}
java.util.concurrent.ExecutionException: org.apache.ratis.thirdparty.io.grpc.StatusRuntimeException: UNAVAILABLE: io exception
	at java.util.concurrent.FutureTask.report(FutureTask.java:122)
	at java.util.concurrent.FutureTask.get(FutureTask.java:192)
	at org.apache.ratis.server.impl.LeaderElection.waitForResults(LeaderElection.java:262)
	at org.apache.ratis.server.impl.LeaderElection.askForVotes(LeaderElection.java:200)
	at org.apache.ratis.server.impl.LeaderElection.run(LeaderElection.java:130)
	at java.lang.Thread.run(Thread.java:748)
Caused by: org.apache.ratis.thirdparty.io.grpc.StatusRuntimeException: UNAVAILABLE: io exception
	at org.apache.ratis.thirdparty.io.grpc.stub.ClientCalls.toStatusRuntimeException(ClientCalls.java:233)
	at org.apache.ratis.thirdparty.io.grpc.stub.ClientCalls.getUnchecked(ClientCalls.java:214)
	at org.apache.ratis.thirdparty.io.grpc.stub.ClientCalls.blockingUnaryCall(ClientCalls.java:139)
	at org.apache.ratis.proto.grpc.RaftServerProtocolServiceGrpc$RaftServerProtocolServiceBlockingStub.requestVote(RaftServerProtocolServiceGrpc.java:265)
	at org.apache.ratis.grpc.server.GrpcServerProtocolClient.requestVote(GrpcServerProtocolClient.java:83)
	at org.apache.ratis.grpc.server.GrpcService.requestVote(GrpcService.java:195)
	at org.apache.ratis.server.impl.LeaderElection.lambda$submitRequests$1(LeaderElection.java:237)
	at java.util.concurrent.FutureTask.run(FutureTask.java:266)
	at java.util.concurrent.Executors$RunnableAdapter.call(Executors.java:511)
	at java.util.concurrent.FutureTask.run(FutureTask.java:266)
	at java.util.concurrent.ThreadPoolExecutor.runWorker(ThreadPoolExecutor.java:1149)
	at java.util.concurrent.ThreadPoolExecutor$Worker.run(ThreadPoolExecutor.java:624)
	... 1 more
Caused by: org.apache.ratis.thirdparty.io.netty.channel.AbstractChannel$AnnotatedConnectException: Connection refused: /192.168.36.91:46458
	at sun.nio.ch.SocketChannelImpl.checkConnect(Native Method)
	at sun.nio.ch.SocketChannelImpl.finishConnect(SocketChannelImpl.java:717)
	at org.apache.ratis.thirdparty.io.netty.channel.socket.nio.NioSocketChannel.doFinishConnect(NioSocketChannel.java:327)
	at org.apache.ratis.thirdparty.io.netty.channel.nio.AbstractNioChannel$AbstractNioUnsafe.finishConnect(AbstractNioChannel.java:340)
	at org.apache.ratis.thirdparty.io.netty.channel.nio.NioEventLoop.processSelectedKey(NioEventLoop.java:632)
	at org.apache.ratis.thirdparty.io.netty.channel.nio.NioEventLoop.processSelectedKeysOptimized(NioEventLoop.java:579)
	at org.apache.ratis.thirdparty.io.netty.channel.nio.NioEventLoop.processSelectedKeys(NioEventLoop.java:496)
	at org.apache.ratis.thirdparty.io.netty.channel.nio.NioEventLoop.run(NioEventLoop.java:458)
	at org.apache.ratis.thirdparty.io.netty.util.concurrent.SingleThreadEventExecutor$5.run(SingleThreadEventExecutor.java:897)
	at org.apache.ratis.thirdparty.io.netty.util.concurrent.FastThreadLocalRunnable.run(FastThreadLocalRunnable.java:30)
	... 1 more
Caused by: java.net.ConnectException: Connection refused
	... 11 more
2019-09-01 05:36:27,722 [98d58070-504e-4381-8607-140696a0bcab:group-EA26DABB2B00:LeaderElection109] INFO  impl.LeaderElection (LogUtils.java:infoOrTrace(149)) -   Exception 1: {}
java.util.concurrent.ExecutionException: org.apache.ratis.thirdparty.io.grpc.StatusRuntimeException: UNAVAILABLE: io exception
	at java.util.concurrent.FutureTask.report(FutureTask.java:122)
	at java.util.concurrent.FutureTask.get(FutureTask.java:192)
	at org.apache.ratis.server.impl.LeaderElection.waitForResults(LeaderElection.java:262)
	at org.apache.ratis.server.impl.LeaderElection.askForVotes(LeaderElection.java:200)
	at org.apache.ratis.server.impl.LeaderElection.run(LeaderElection.java:130)
	at java.lang.Thread.run(Thread.java:748)
Caused by: org.apache.ratis.thirdparty.io.grpc.StatusRuntimeException: UNAVAILABLE: io exception
	at org.apache.ratis.thirdparty.io.grpc.stub.ClientCalls.toStatusRuntimeException(ClientCalls.java:233)
	at org.apache.ratis.thirdparty.io.grpc.stub.ClientCalls.getUnchecked(ClientCalls.java:214)
	at org.apache.ratis.thirdparty.io.grpc.stub.ClientCalls.blockingUnaryCall(ClientCalls.java:139)
	at org.apache.ratis.proto.grpc.RaftServerProtocolServiceGrpc$RaftServerProtocolServiceBlockingStub.requestVote(RaftServerProtocolServiceGrpc.java:265)
	at org.apache.ratis.grpc.server.GrpcServerProtocolClient.requestVote(GrpcServerProtocolClient.java:83)
	at org.apache.ratis.grpc.server.GrpcService.requestVote(GrpcService.java:195)
	at org.apache.ratis.server.impl.LeaderElection.lambda$submitRequests$1(LeaderElection.java:237)
	at java.util.concurrent.FutureTask.run(FutureTask.java:266)
	at java.util.concurrent.Executors$RunnableAdapter.call(Executors.java:511)
	at java.util.concurrent.FutureTask.run(FutureTask.java:266)
	at java.util.concurrent.ThreadPoolExecutor.runWorker(ThreadPoolExecutor.java:1149)
	at java.util.concurrent.ThreadPoolExecutor$Worker.run(ThreadPoolExecutor.java:624)
	... 1 more
Caused by: org.apache.ratis.thirdparty.io.netty.channel.AbstractChannel$AnnotatedConnectException: Connection refused: /192.168.36.91:45960
	at sun.nio.ch.SocketChannelImpl.checkConnect(Native Method)
	at sun.nio.ch.SocketChannelImpl.finishConnect(SocketChannelImpl.java:717)
	at org.apache.ratis.thirdparty.io.netty.channel.socket.nio.NioSocketChannel.doFinishConnect(NioSocketChannel.java:327)
	at org.apache.ratis.thirdparty.io.netty.channel.nio.AbstractNioChannel$AbstractNioUnsafe.finishConnect(AbstractNioChannel.java:340)
	at org.apache.ratis.thirdparty.io.netty.channel.nio.NioEventLoop.processSelectedKey(NioEventLoop.java:632)
	at org.apache.ratis.thirdparty.io.netty.channel.nio.NioEventLoop.processSelectedKeysOptimized(NioEventLoop.java:579)
	at org.apache.ratis.thirdparty.io.netty.channel.nio.NioEventLoop.processSelectedKeys(NioEventLoop.java:496)
	at org.apache.ratis.thirdparty.io.netty.channel.nio.NioEventLoop.run(NioEventLoop.java:458)
	at org.apache.ratis.thirdparty.io.netty.util.concurrent.SingleThreadEventExecutor$5.run(SingleThreadEventExecutor.java:897)
	at org.apache.ratis.thirdparty.io.netty.util.concurrent.FastThreadLocalRunnable.run(FastThreadLocalRunnable.java:30)
	... 1 more
Caused by: java.net.ConnectException: Connection refused
	... 11 more
2019-09-01 05:36:27,722 [98d58070-504e-4381-8607-140696a0bcab:group-EA26DABB2B00:LeaderElection109] INFO  impl.RaftServerImpl (RaftServerImpl.java:setRole(171)) - 98d58070-504e-4381-8607-140696a0bcab:group-EA26DABB2B00 changes role from CANDIDATE to FOLLOWER at term 2 for DISCOVERED_A_NEW_TERM
2019-09-01 05:36:27,722 [98d58070-504e-4381-8607-140696a0bcab:group-EA26DABB2B00:LeaderElection109] INFO  impl.RoleInfo (RoleInfo.java:shutdownLeaderElection(134)) - 98d58070-504e-4381-8607-140696a0bcab: shutdown LeaderElection
2019-09-01 05:36:27,722 [98d58070-504e-4381-8607-140696a0bcab:group-EA26DABB2B00:LeaderElection109] INFO  impl.RoleInfo (RoleInfo.java:updateAndGet(143)) - 98d58070-504e-4381-8607-140696a0bcab: start FollowerState
2019-09-01 05:36:29,108 [grpc-default-executor-15] WARN  server.GrpcLogAppender (LogUtils.java:warn(134)) - 9ed047e0-6800-4801-bfd0-fb58a65bdb17->9b3dd7f4-91cd-47fd-a215-72ecb837dc75: Failed appendEntries: org.apache.ratis.thirdparty.io.grpc.StatusRuntimeException: UNAVAILABLE: io exception
2019-09-01 05:36:29,108 [grpc-default-executor-11] WARN  server.GrpcLogAppender (LogUtils.java:warn(134)) - 9ed047e0-6800-4801-bfd0-fb58a65bdb17->6ec88abe-3aa0-4cdc-bd94-b96ed0fe04dc: Failed appendEntries: org.apache.ratis.thirdparty.io.grpc.StatusRuntimeException: UNAVAILABLE: io exception
2019-09-01 05:36:29,109 [grpc-default-executor-15] INFO  impl.FollowerInfo (FollowerInfo.java:lambda$new$0(50)) - 9ed047e0-6800-4801-bfd0-fb58a65bdb17->9b3dd7f4-91cd-47fd-a215-72ecb837dc75: nextIndex: updateUnconditionally 3 -> 2
2019-09-01 05:36:29,109 [grpc-default-executor-11] INFO  impl.FollowerInfo (FollowerInfo.java:lambda$new$0(50)) - 9ed047e0-6800-4801-bfd0-fb58a65bdb17->6ec88abe-3aa0-4cdc-bd94-b96ed0fe04dc: nextIndex: updateUnconditionally 7 -> 6
2019-09-01 05:36:29,681 [EventQueue-StaleNodeForStaleNodeHandler] INFO  node.StaleNodeHandler (StaleNodeHandler.java:onMessage(58)) - Datanode 9ed047e0-6800-4801-bfd0-fb58a65bdb17{ip: 192.168.36.91, host: trunk-nightly-20190901-gkzrd-4143273587, networkLocation: /default-rack, certSerialId: null} moved to stale state. Finalizing its pipelines [PipelineID=bcf006d6-d885-44eb-ae42-6aa036ca3ded, PipelineID=8e51f005-929a-439a-933b-ef9b54071a8c]
2019-09-01 05:36:29,681 [EventQueue-StaleNodeForStaleNodeHandler] INFO  pipeline.SCMPipelineManager (SCMPipelineManager.java:finalizeAndDestroyPipeline(309)) - destroying pipeline:Pipeline[ Id: bcf006d6-d885-44eb-ae42-6aa036ca3ded, Nodes: 9b3dd7f4-91cd-47fd-a215-72ecb837dc75{ip: 192.168.36.91, host: trunk-nightly-20190901-gkzrd-4143273587, networkLocation: /default-rack, certSerialId: null}6ec88abe-3aa0-4cdc-bd94-b96ed0fe04dc{ip: 192.168.36.91, host: trunk-nightly-20190901-gkzrd-4143273587, networkLocation: /default-rack, certSerialId: null}9ed047e0-6800-4801-bfd0-fb58a65bdb17{ip: 192.168.36.91, host: trunk-nightly-20190901-gkzrd-4143273587, networkLocation: /default-rack, certSerialId: null}, Type:RATIS, Factor:THREE, State:CLOSED]
2019-09-01 05:36:29,682 [EventQueue-StaleNodeForStaleNodeHandler] INFO  pipeline.SCMPipelineManager (SCMPipelineManager.java:finalizeAndDestroyPipeline(309)) - destroying pipeline:Pipeline[ Id: 8e51f005-929a-439a-933b-ef9b54071a8c, Nodes: 9ed047e0-6800-4801-bfd0-fb58a65bdb17{ip: 192.168.36.91, host: trunk-nightly-20190901-gkzrd-4143273587, networkLocation: /default-rack, certSerialId: null}, Type:RATIS, Factor:ONE, State:OPEN]
2019-09-01 05:36:29,682 [EventQueue-StaleNodeForStaleNodeHandler] INFO  pipeline.PipelineStateManager (PipelineStateManager.java:finalizePipeline(123)) - Pipeline Pipeline[ Id: 8e51f005-929a-439a-933b-ef9b54071a8c, Nodes: 9ed047e0-6800-4801-bfd0-fb58a65bdb17{ip: 192.168.36.91, host: trunk-nightly-20190901-gkzrd-4143273587, networkLocation: /default-rack, certSerialId: null}, Type:RATIS, Factor:ONE, State:CLOSED] moved to CLOSED state
2019-09-01 05:36:29,881 [EventQueue-StaleNodeForStaleNodeHandler] INFO  node.StaleNodeHandler (StaleNodeHandler.java:onMessage(58)) - Datanode 98d58070-504e-4381-8607-140696a0bcab{ip: 192.168.36.91, host: trunk-nightly-20190901-gkzrd-4143273587, networkLocation: /default-rack, certSerialId: null} moved to stale state. Finalizing its pipelines [PipelineID=80544ec3-2063-4ef5-ad13-252092821d51, PipelineID=301f6b9e-02ed-4011-9018-ea26dabb2b00]
2019-09-01 05:36:29,882 [EventQueue-StaleNodeForStaleNodeHandler] INFO  pipeline.SCMPipelineManager (SCMPipelineManager.java:finalizeAndDestroyPipeline(309)) - destroying pipeline:Pipeline[ Id: 80544ec3-2063-4ef5-ad13-252092821d51, Nodes: 98d58070-504e-4381-8607-140696a0bcab{ip: 192.168.36.91, host: trunk-nightly-20190901-gkzrd-4143273587, networkLocation: /default-rack, certSerialId: null}, Type:RATIS, Factor:ONE, State:OPEN]
2019-09-01 05:36:29,882 [EventQueue-StaleNodeForStaleNodeHandler] INFO  pipeline.PipelineStateManager (PipelineStateManager.java:finalizePipeline(123)) - Pipeline Pipeline[ Id: 80544ec3-2063-4ef5-ad13-252092821d51, Nodes: 98d58070-504e-4381-8607-140696a0bcab{ip: 192.168.36.91, host: trunk-nightly-20190901-gkzrd-4143273587, networkLocation: /default-rack, certSerialId: null}, Type:RATIS, Factor:ONE, State:CLOSED] moved to CLOSED state
2019-09-01 05:36:29,882 [EventQueue-StaleNodeForStaleNodeHandler] INFO  pipeline.SCMPipelineManager (SCMPipelineManager.java:finalizeAndDestroyPipeline(309)) - destroying pipeline:Pipeline[ Id: 301f6b9e-02ed-4011-9018-ea26dabb2b00, Nodes: cf674907-dece-4092-b393-45c73bb01958{ip: 192.168.36.91, host: trunk-nightly-20190901-gkzrd-4143273587, networkLocation: /default-rack, certSerialId: null}98d58070-504e-4381-8607-140696a0bcab{ip: 192.168.36.91, host: trunk-nightly-20190901-gkzrd-4143273587, networkLocation: /default-rack, certSerialId: null}b4827cc5-e6d4-40a4-bd7a-ab968f420f26{ip: 192.168.36.91, host: trunk-nightly-20190901-gkzrd-4143273587, networkLocation: /default-rack, certSerialId: null}, Type:RATIS, Factor:THREE, State:CLOSED]
2019-09-01 05:36:30,139 [ForkJoinPool.commonPool-worker-1] INFO  ozoneimpl.OzoneContainer (OzoneContainer.java:stop(215)) - Attempting to stop container services.
2019-09-01 05:36:30,139 [main] INFO  ozoneimpl.OzoneContainer (OzoneContainer.java:stop(215)) - Attempting to stop container services.
2019-09-01 05:36:30,139 [ForkJoinPool.commonPool-worker-1] INFO  impl.RaftServerProxy (RaftServerProxy.java:lambda$close$4(314)) - 9ed047e0-6800-4801-bfd0-fb58a65bdb17: close
2019-09-01 05:36:30,140 [main] INFO  impl.RaftServerProxy (RaftServerProxy.java:lambda$close$4(314)) - 98d58070-504e-4381-8607-140696a0bcab: close
2019-09-01 05:36:30,140 [ForkJoinPool.commonPool-worker-1] INFO  impl.RaftServerImpl (RaftServerImpl.java:lambda$shutdown$3(245)) - 9ed047e0-6800-4801-bfd0-fb58a65bdb17: shutdown group-6AA036CA3DED
2019-09-01 05:36:30,140 [main] INFO  impl.RaftServerImpl (RaftServerImpl.java:lambda$shutdown$3(245)) - 98d58070-504e-4381-8607-140696a0bcab: shutdown group-252092821D51
2019-09-01 05:36:30,140 [main] INFO  util.JmxRegister (JmxRegister.java:unregister(73)) - Successfully un-registered JMX Bean with object name Ratis:service=RaftServer,group=group-252092821D51,id=98d58070-504e-4381-8607-140696a0bcab
2019-09-01 05:36:30,141 [main] INFO  impl.RoleInfo (RoleInfo.java:shutdownLeaderState(104)) - 98d58070-504e-4381-8607-140696a0bcab: shutdown LeaderState
2019-09-01 05:36:30,140 [ForkJoinPool.commonPool-worker-1] INFO  util.JmxRegister (JmxRegister.java:unregister(73)) - Successfully un-registered JMX Bean with object name Ratis:service=RaftServer,group=group-6AA036CA3DED,id=9ed047e0-6800-4801-bfd0-fb58a65bdb17
2019-09-01 05:36:30,141 [main] INFO  impl.PendingRequests (PendingRequests.java:sendNotLeaderResponses(202)) - 98d58070-504e-4381-8607-140696a0bcab-PendingRequests: sendNotLeaderResponses
2019-09-01 05:36:30,141 [ForkJoinPool.commonPool-worker-1] INFO  impl.RoleInfo (RoleInfo.java:shutdownLeaderState(104)) - 9ed047e0-6800-4801-bfd0-fb58a65bdb17: shutdown LeaderState
2019-09-01 05:36:30,141 [main] INFO  impl.StateMachineUpdater (StateMachineUpdater.java:stopAndJoin(115)) - StateMachineUpdater:98d58070-504e-4381-8607-140696a0bcab:group-252092821D51: set stopIndex = 0
2019-09-01 05:36:30,145 [main] INFO  impl.RaftServerImpl (ServerState.java:close(394)) - 98d58070-504e-4381-8607-140696a0bcab:group-252092821D51 closes. The last applied log index is 0
2019-09-01 05:36:30,145 [org.apache.ratis.server.impl.LogAppender$AppenderDaemon$$Lambda$480/287808713@727c1259] WARN  server.GrpcLogAppender (GrpcLogAppender.java:mayWait(143)) - GrpcLogAppender(9ed047e0-6800-4801-bfd0-fb58a65bdb17->9b3dd7f4-91cd-47fd-a215-72ecb837dc75): Wait interrupted by java.lang.InterruptedException
2019-09-01 05:36:30,146 [98d58070-504e-4381-8607-140696a0bcab-SegmentedRaftLogWorker:Storage Directory /workdir/hadoop-ozone/integration-test/target/test-dir/MiniOzoneClusterImpl-321653a8-8d1f-4dd6-a653-78f44973ed1e/datanode-6/data/ratis/80544ec3-2063-4ef5-ad13-252092821d51] INFO  segmented.SegmentedRaftLogWorker (SegmentedRaftLogWorker.java:run(313)) - 98d58070-504e-4381-8607-140696a0bcab-SegmentedRaftLogWorker:Storage Directory /workdir/hadoop-ozone/integration-test/target/test-dir/MiniOzoneClusterImpl-321653a8-8d1f-4dd6-a653-78f44973ed1e/datanode-6/data/ratis/80544ec3-2063-4ef5-ad13-252092821d51 was interrupted, exiting. There are 0 tasks remaining in the queue.
2019-09-01 05:36:30,145 [org.apache.ratis.server.impl.LogAppender$AppenderDaemon$$Lambda$480/287808713@377e9ad2] WARN  server.GrpcLogAppender (GrpcLogAppender.java:mayWait(143)) - GrpcLogAppender(9ed047e0-6800-4801-bfd0-fb58a65bdb17->6ec88abe-3aa0-4cdc-bd94-b96ed0fe04dc): Wait interrupted by java.lang.InterruptedException
2019-09-01 05:36:30,145 [ForkJoinPool.commonPool-worker-1] INFO  impl.PendingRequests (PendingRequests.java:sendNotLeaderResponses(202)) - 9ed047e0-6800-4801-bfd0-fb58a65bdb17-PendingRequests: sendNotLeaderResponses
2019-09-01 05:36:30,147 [main] INFO  segmented.SegmentedRaftLogWorker (SegmentedRaftLogWorker.java:close(228)) - 98d58070-504e-4381-8607-140696a0bcab-SegmentedRaftLogWorker:Storage Directory /workdir/hadoop-ozone/integration-test/target/test-dir/MiniOzoneClusterImpl-321653a8-8d1f-4dd6-a653-78f44973ed1e/datanode-6/data/ratis/80544ec3-2063-4ef5-ad13-252092821d51 close()
2019-09-01 05:36:30,149 [StateMachineUpdater:9ed047e0-6800-4801-bfd0-fb58a65bdb17:group-6AA036CA3DED] INFO  ratis.ContainerStateMachine (ContainerStateMachine.java:takeSnapshot(284)) - group-6AA036CA3DED: Taking a snapshot at:(t:1, i:8) file /workdir/hadoop-ozone/integration-test/target/test-dir/MiniOzoneClusterImpl-321653a8-8d1f-4dd6-a653-78f44973ed1e/datanode-0/data/ratis/bcf006d6-d885-44eb-ae42-6aa036ca3ded/sm/snapshot.1_8
2019-09-01 05:36:30,148 [ForkJoinPool.commonPool-worker-1] INFO  impl.StateMachineUpdater (StateMachineUpdater.java:stopAndJoin(115)) - StateMachineUpdater:9ed047e0-6800-4801-bfd0-fb58a65bdb17:group-6AA036CA3DED: set stopIndex = 8
2019-09-01 05:36:30,150 [main] INFO  impl.RaftServerImpl (RaftServerImpl.java:lambda$shutdown$3(245)) - 98d58070-504e-4381-8607-140696a0bcab: shutdown group-EA26DABB2B00
2019-09-01 05:36:30,151 [main] INFO  util.JmxRegister (JmxRegister.java:unregister(73)) - Successfully un-registered JMX Bean with object name Ratis:service=RaftServer,group=group-EA26DABB2B00,id=98d58070-504e-4381-8607-140696a0bcab
2019-09-01 05:36:30,151 [main] INFO  impl.RoleInfo (RoleInfo.java:shutdownFollowerState(121)) - 98d58070-504e-4381-8607-140696a0bcab: shutdown FollowerState
2019-09-01 05:36:30,152 [main] INFO  impl.StateMachineUpdater (StateMachineUpdater.java:stopAndJoin(115)) - StateMachineUpdater:98d58070-504e-4381-8607-140696a0bcab:group-EA26DABB2B00: set stopIndex = 6
2019-09-01 05:36:30,152 [Thread-4252] INFO  impl.FollowerState (FollowerState.java:run(114)) - 98d58070-504e-4381-8607-140696a0bcab: FollowerState was interrupted: java.lang.InterruptedException: sleep interrupted
2019-09-01 05:36:30,152 [StateMachineUpdater:98d58070-504e-4381-8607-140696a0bcab:group-EA26DABB2B00] INFO  ratis.ContainerStateMachine (ContainerStateMachine.java:takeSnapshot(284)) - group-EA26DABB2B00: Taking a snapshot at:(t:1, i:4) file /workdir/hadoop-ozone/integration-test/target/test-dir/MiniOzoneClusterImpl-321653a8-8d1f-4dd6-a653-78f44973ed1e/datanode-6/data/ratis/301f6b9e-02ed-4011-9018-ea26dabb2b00/sm/snapshot.1_4
2019-09-01 05:36:30,174 [StateMachineUpdater:98d58070-504e-4381-8607-140696a0bcab:group-EA26DABB2B00] INFO  ratis.ContainerStateMachine (ContainerStateMachine.java:takeSnapshot(295)) - group-EA26DABB2B00: Finished taking a snapshot at:(t:1, i:4) file:/workdir/hadoop-ozone/integration-test/target/test-dir/MiniOzoneClusterImpl-321653a8-8d1f-4dd6-a653-78f44973ed1e/datanode-6/data/ratis/301f6b9e-02ed-4011-9018-ea26dabb2b00/sm/snapshot.1_4 time:22
2019-09-01 05:36:30,174 [StateMachineUpdater:9ed047e0-6800-4801-bfd0-fb58a65bdb17:group-6AA036CA3DED] INFO  ratis.ContainerStateMachine (ContainerStateMachine.java:takeSnapshot(295)) - group-6AA036CA3DED: Finished taking a snapshot at:(t:1, i:8) file:/workdir/hadoop-ozone/integration-test/target/test-dir/MiniOzoneClusterImpl-321653a8-8d1f-4dd6-a653-78f44973ed1e/datanode-0/data/ratis/bcf006d6-d885-44eb-ae42-6aa036ca3ded/sm/snapshot.1_8 time:25
2019-09-01 05:36:30,174 [StateMachineUpdater:98d58070-504e-4381-8607-140696a0bcab:group-EA26DABB2B00] INFO  impl.StateMachineUpdater (StateMachineUpdater.java:takeSnapshot(242)) - StateMachineUpdater:98d58070-504e-4381-8607-140696a0bcab:group-EA26DABB2B00: Took a snapshot at index 4
2019-09-01 05:36:30,174 [StateMachineUpdater:9ed047e0-6800-4801-bfd0-fb58a65bdb17:group-6AA036CA3DED] INFO  impl.StateMachineUpdater (StateMachineUpdater.java:takeSnapshot(242)) - StateMachineUpdater:9ed047e0-6800-4801-bfd0-fb58a65bdb17:group-6AA036CA3DED: Took a snapshot at index 8
2019-09-01 05:36:30,174 [StateMachineUpdater:98d58070-504e-4381-8607-140696a0bcab:group-EA26DABB2B00] INFO  impl.StateMachineUpdater (StateMachineUpdater.java:lambda$new$0(80)) - StateMachineUpdater:98d58070-504e-4381-8607-140696a0bcab:group-EA26DABB2B00: snapshotIndex: updateIncreasingly -1 -> 4
2019-09-01 05:36:30,174 [StateMachineUpdater:9ed047e0-6800-4801-bfd0-fb58a65bdb17:group-6AA036CA3DED] INFO  impl.StateMachineUpdater (StateMachineUpdater.java:lambda$new$0(80)) - StateMachineUpdater:9ed047e0-6800-4801-bfd0-fb58a65bdb17:group-6AA036CA3DED: snapshotIndex: updateIncreasingly -1 -> 8
2019-09-01 05:36:30,174 [ForkJoinPool.commonPool-worker-1] INFO  impl.RaftServerImpl (ServerState.java:close(394)) - 9ed047e0-6800-4801-bfd0-fb58a65bdb17:group-6AA036CA3DED closes. The last applied log index is 8
2019-09-01 05:36:30,174 [main] INFO  impl.RaftServerImpl (ServerState.java:close(394)) - 98d58070-504e-4381-8607-140696a0bcab:group-EA26DABB2B00 closes. The last applied log index is 6
2019-09-01 05:36:30,174 [9ed047e0-6800-4801-bfd0-fb58a65bdb17-SegmentedRaftLogWorker:Storage Directory /workdir/hadoop-ozone/integration-test/target/test-dir/MiniOzoneClusterImpl-321653a8-8d1f-4dd6-a653-78f44973ed1e/datanode-0/data/ratis/bcf006d6-d885-44eb-ae42-6aa036ca3ded] INFO  segmented.SegmentedRaftLogWorker (SegmentedRaftLogWorker.java:run(313)) - 9ed047e0-6800-4801-bfd0-fb58a65bdb17-SegmentedRaftLogWorker:Storage Directory /workdir/hadoop-ozone/integration-test/target/test-dir/MiniOzoneClusterImpl-321653a8-8d1f-4dd6-a653-78f44973ed1e/datanode-0/data/ratis/bcf006d6-d885-44eb-ae42-6aa036ca3ded was interrupted, exiting. There are 0 tasks remaining in the queue.
2019-09-01 05:36:30,175 [98d58070-504e-4381-8607-140696a0bcab-SegmentedRaftLogWorker:Storage Directory /workdir/hadoop-ozone/integration-test/target/test-dir/MiniOzoneClusterImpl-321653a8-8d1f-4dd6-a653-78f44973ed1e/datanode-6/data/ratis/301f6b9e-02ed-4011-9018-ea26dabb2b00] INFO  segmented.SegmentedRaftLogWorker (SegmentedRaftLogWorker.java:run(313)) - 98d58070-504e-4381-8607-140696a0bcab-SegmentedRaftLogWorker:Storage Directory /workdir/hadoop-ozone/integration-test/target/test-dir/MiniOzoneClusterImpl-321653a8-8d1f-4dd6-a653-78f44973ed1e/datanode-6/data/ratis/301f6b9e-02ed-4011-9018-ea26dabb2b00 was interrupted, exiting. There are 0 tasks remaining in the queue.
2019-09-01 05:36:30,176 [ForkJoinPool.commonPool-worker-1] INFO  segmented.SegmentedRaftLogWorker (SegmentedRaftLogWorker.java:close(228)) - 9ed047e0-6800-4801-bfd0-fb58a65bdb17-SegmentedRaftLogWorker:Storage Directory /workdir/hadoop-ozone/integration-test/target/test-dir/MiniOzoneClusterImpl-321653a8-8d1f-4dd6-a653-78f44973ed1e/datanode-0/data/ratis/bcf006d6-d885-44eb-ae42-6aa036ca3ded close()
2019-09-01 05:36:30,177 [main] INFO  segmented.SegmentedRaftLogWorker (SegmentedRaftLogWorker.java:close(228)) - 98d58070-504e-4381-8607-140696a0bcab-SegmentedRaftLogWorker:Storage Directory /workdir/hadoop-ozone/integration-test/target/test-dir/MiniOzoneClusterImpl-321653a8-8d1f-4dd6-a653-78f44973ed1e/datanode-6/data/ratis/301f6b9e-02ed-4011-9018-ea26dabb2b00 close()
2019-09-01 05:36:30,178 [ForkJoinPool.commonPool-worker-1] INFO  impl.RaftServerImpl (RaftServerImpl.java:lambda$shutdown$3(245)) - 9ed047e0-6800-4801-bfd0-fb58a65bdb17: shutdown group-EF9B54071A8C
2019-09-01 05:36:30,179 [main] INFO  server.GrpcService (GrpcService.java:closeImpl(155)) - 98d58070-504e-4381-8607-140696a0bcab: shutdown server with port 36578 now
2019-09-01 05:36:30,180 [ForkJoinPool.commonPool-worker-1] INFO  util.JmxRegister (JmxRegister.java:unregister(73)) - Successfully un-registered JMX Bean with object name Ratis:service=RaftServer,group=group-EF9B54071A8C,id=9ed047e0-6800-4801-bfd0-fb58a65bdb17
2019-09-01 05:36:30,180 [main] INFO  server.GrpcService (GrpcService.java:closeImpl(163)) - 98d58070-504e-4381-8607-140696a0bcab: shutdown server with port 36578 successfully
2019-09-01 05:36:30,180 [ForkJoinPool.commonPool-worker-1] INFO  impl.RoleInfo (RoleInfo.java:shutdownLeaderState(104)) - 9ed047e0-6800-4801-bfd0-fb58a65bdb17: shutdown LeaderState
2019-09-01 05:36:30,180 [ForkJoinPool.commonPool-worker-1] INFO  impl.PendingRequests (PendingRequests.java:sendNotLeaderResponses(202)) - 9ed047e0-6800-4801-bfd0-fb58a65bdb17-PendingRequests: sendNotLeaderResponses
2019-09-01 05:36:30,181 [ForkJoinPool.commonPool-worker-1] INFO  impl.StateMachineUpdater (StateMachineUpdater.java:stopAndJoin(115)) - StateMachineUpdater:9ed047e0-6800-4801-bfd0-fb58a65bdb17:group-EF9B54071A8C: set stopIndex = 0
2019-09-01 05:36:30,181 [ForkJoinPool.commonPool-worker-1] INFO  impl.RaftServerImpl (ServerState.java:close(394)) - 9ed047e0-6800-4801-bfd0-fb58a65bdb17:group-EF9B54071A8C closes. The last applied log index is 0
2019-09-01 05:36:30,181 [9ed047e0-6800-4801-bfd0-fb58a65bdb17-SegmentedRaftLogWorker:Storage Directory /workdir/hadoop-ozone/integration-test/target/test-dir/MiniOzoneClusterImpl-321653a8-8d1f-4dd6-a653-78f44973ed1e/datanode-0/data/ratis/8e51f005-929a-439a-933b-ef9b54071a8c] INFO  segmented.SegmentedRaftLogWorker (SegmentedRaftLogWorker.java:run(313)) - 9ed047e0-6800-4801-bfd0-fb58a65bdb17-SegmentedRaftLogWorker:Storage Directory /workdir/hadoop-ozone/integration-test/target/test-dir/MiniOzoneClusterImpl-321653a8-8d1f-4dd6-a653-78f44973ed1e/datanode-0/data/ratis/8e51f005-929a-439a-933b-ef9b54071a8c was interrupted, exiting. There are 0 tasks remaining in the queue.
2019-09-01 05:36:30,182 [ForkJoinPool.commonPool-worker-1] INFO  segmented.SegmentedRaftLogWorker (SegmentedRaftLogWorker.java:close(228)) - 9ed047e0-6800-4801-bfd0-fb58a65bdb17-SegmentedRaftLogWorker:Storage Directory /workdir/hadoop-ozone/integration-test/target/test-dir/MiniOzoneClusterImpl-321653a8-8d1f-4dd6-a653-78f44973ed1e/datanode-0/data/ratis/8e51f005-929a-439a-933b-ef9b54071a8c close()
2019-09-01 05:36:30,183 [refreshUsed-/workdir/hadoop-ozone/integration-test/target/test-dir/MiniOzoneClusterImpl-321653a8-8d1f-4dd6-a653-78f44973ed1e/datanode-6/data/containers] WARN  fs.CachingGetSpaceUsed (CachingGetSpaceUsed.java:run(183)) - Thread Interrupted waiting to refresh disk information: sleep interrupted
2019-09-01 05:36:30,184 [ForkJoinPool.commonPool-worker-1] INFO  server.GrpcService (GrpcService.java:closeImpl(155)) - 9ed047e0-6800-4801-bfd0-fb58a65bdb17: shutdown server with port 41400 now
2019-09-01 05:36:30,184 [grpc-default-executor-15] WARN  client.GrpcClientProtocolService (LogUtils.java:warn(134)) - 2-UnorderedRequestStreamObserver2: onError: org.apache.ratis.thirdparty.io.grpc.StatusRuntimeException: CANCELLED: cancelled before receiving half close
2019-09-01 05:36:30,184 [ForkJoinPool.commonPool-worker-1] INFO  server.GrpcService (GrpcService.java:closeImpl(163)) - 9ed047e0-6800-4801-bfd0-fb58a65bdb17: shutdown server with port 41400 successfully
2019-09-01 05:36:30,187 [refreshUsed-/workdir/hadoop-ozone/integration-test/target/test-dir/MiniOzoneClusterImpl-321653a8-8d1f-4dd6-a653-78f44973ed1e/datanode-0/data/containers] WARN  fs.CachingGetSpaceUsed (CachingGetSpaceUsed.java:run(183)) - Thread Interrupted waiting to refresh disk information: sleep interrupted
2019-09-01 05:36:30,197 [main] INFO  utils.BackgroundService (BackgroundService.java:shutdown(148)) - Shutting down service BlockDeletingService
2019-09-01 05:36:30,199 [main] INFO  statemachine.DatanodeStateMachine (DatanodeStateMachine.java:stopDaemon(395)) - Ozone container server stopped.
2019-09-01 05:36:30,200 [main] INFO  handler.ContextHandler (ContextHandler.java:doStop(910)) - Stopped o.e.j.w.WebAppContext@19eea77c{/,null,UNAVAILABLE}{/hddsDatanode}
2019-09-01 05:36:30,200 [ForkJoinPool.commonPool-worker-1] INFO  utils.BackgroundService (BackgroundService.java:shutdown(148)) - Shutting down service BlockDeletingService
2019-09-01 05:36:30,201 [main] INFO  server.AbstractConnector (AbstractConnector.java:doStop(318)) - Stopped ServerConnector@6682e6a5{HTTP/1.1,[http/1.1]}{0.0.0.0:0}
2019-09-01 05:36:30,206 [ForkJoinPool.commonPool-worker-1] INFO  statemachine.DatanodeStateMachine (DatanodeStateMachine.java:stopDaemon(395)) - Ozone container server stopped.
2019-09-01 05:36:30,206 [main] INFO  handler.ContextHandler (ContextHandler.java:doStop(910)) - Stopped o.e.j.s.ServletContextHandler@26d0ece6{/static,jar:file:/home/user/.m2/repository/org/apache/hadoop/hadoop-hdds-container-service/0.5.0-SNAPSHOT/hadoop-hdds-container-service-0.5.0-SNAPSHOT.jar!/webapps/static,UNAVAILABLE}
2019-09-01 05:36:30,209 [ForkJoinPool.commonPool-worker-1] INFO  handler.ContextHandler (ContextHandler.java:doStop(910)) - Stopped o.e.j.w.WebAppContext@4c24f3a2{/,null,UNAVAILABLE}{/hddsDatanode}
2019-09-01 05:36:30,209 [main] INFO  handler.ContextHandler (ContextHandler.java:doStop(910)) - Stopped o.e.j.s.ServletContextHandler@3b6c2be6{/logs,file:///workdir/hadoop-ozone/integration-test/target/log,UNAVAILABLE}
2019-09-01 05:36:30,210 [ForkJoinPool.commonPool-worker-1] INFO  server.AbstractConnector (AbstractConnector.java:doStop(318)) - Stopped ServerConnector@783b3aa0{HTTP/1.1,[http/1.1]}{0.0.0.0:0}
2019-09-01 05:36:30,211 [ForkJoinPool.commonPool-worker-1] INFO  handler.ContextHandler (ContextHandler.java:doStop(910)) - Stopped o.e.j.s.ServletContextHandler@9e30f9a{/static,jar:file:/home/user/.m2/repository/org/apache/hadoop/hadoop-hdds-container-service/0.5.0-SNAPSHOT/hadoop-hdds-container-service-0.5.0-SNAPSHOT.jar!/webapps/static,UNAVAILABLE}
2019-09-01 05:36:30,212 [ForkJoinPool.commonPool-worker-1] INFO  handler.ContextHandler (ContextHandler.java:doStop(910)) - Stopped o.e.j.s.ServletContextHandler@1578fa9{/logs,file:///workdir/hadoop-ozone/integration-test/target/log,UNAVAILABLE}
2019-09-01 05:36:31,072 [Datanode State Machine Thread - 0] INFO  statemachine.DatanodeStateMachine (DatanodeStateMachine.java:lambda$startDaemon$0(350)) - Ozone container server started.
2019-09-01 05:36:35,089 [EventQueue-StaleNodeForStaleNodeHandler] INFO  node.StaleNodeHandler (StaleNodeHandler.java:onMessage(58)) - Datanode 3bf717c5-51ea-4d54-aafc-6388feca3bed{ip: 192.168.36.91, host: trunk-nightly-20190901-gkzrd-4143273587, networkLocation: /default-rack, certSerialId: null} moved to stale state. Finalizing its pipelines [PipelineID=67dc4085-6ccc-4491-a5ef-15423dd87a68]
2019-09-01 05:36:35,089 [EventQueue-StaleNodeForStaleNodeHandler] INFO  pipeline.SCMPipelineManager (SCMPipelineManager.java:finalizeAndDestroyPipeline(309)) - destroying pipeline:Pipeline[ Id: 67dc4085-6ccc-4491-a5ef-15423dd87a68, Nodes: 3bf717c5-51ea-4d54-aafc-6388feca3bed{ip: 192.168.36.91, host: trunk-nightly-20190901-gkzrd-4143273587, networkLocation: /default-rack, certSerialId: null}, Type:RATIS, Factor:ONE, State:OPEN]
2019-09-01 05:36:35,089 [EventQueue-StaleNodeForStaleNodeHandler] INFO  pipeline.PipelineStateManager (PipelineStateManager.java:finalizePipeline(123)) - Pipeline Pipeline[ Id: 67dc4085-6ccc-4491-a5ef-15423dd87a68, Nodes: 3bf717c5-51ea-4d54-aafc-6388feca3bed{ip: 192.168.36.91, host: trunk-nightly-20190901-gkzrd-4143273587, networkLocation: /default-rack, certSerialId: null}, Type:RATIS, Factor:ONE, State:CLOSED] moved to CLOSED state
2019-09-01 05:36:35,211 [main] INFO  ozoneimpl.OzoneContainer (OzoneContainer.java:stop(215)) - Attempting to stop container services.
2019-09-01 05:36:35,212 [main] INFO  impl.RaftServerProxy (RaftServerProxy.java:lambda$close$4(314)) - 3bf717c5-51ea-4d54-aafc-6388feca3bed: close
2019-09-01 05:36:35,213 [main] INFO  impl.RaftServerImpl (RaftServerImpl.java:lambda$shutdown$3(245)) - 3bf717c5-51ea-4d54-aafc-6388feca3bed: shutdown group-15423DD87A68
2019-09-01 05:36:35,214 [main] INFO  util.JmxRegister (JmxRegister.java:unregister(73)) - Successfully un-registered JMX Bean with object name Ratis:service=RaftServer,group=group-15423DD87A68,id=3bf717c5-51ea-4d54-aafc-6388feca3bed
2019-09-01 05:36:35,214 [main] INFO  impl.RoleInfo (RoleInfo.java:shutdownLeaderState(104)) - 3bf717c5-51ea-4d54-aafc-6388feca3bed: shutdown LeaderState
2019-09-01 05:36:35,214 [main] INFO  impl.PendingRequests (PendingRequests.java:sendNotLeaderResponses(202)) - 3bf717c5-51ea-4d54-aafc-6388feca3bed-PendingRequests: sendNotLeaderResponses
2019-09-01 05:36:35,215 [main] INFO  impl.StateMachineUpdater (StateMachineUpdater.java:stopAndJoin(115)) - StateMachineUpdater:3bf717c5-51ea-4d54-aafc-6388feca3bed:group-15423DD87A68: set stopIndex = 0
2019-09-01 05:36:35,215 [main] INFO  impl.RaftServerImpl (ServerState.java:close(394)) - 3bf717c5-51ea-4d54-aafc-6388feca3bed:group-15423DD87A68 closes. The last applied log index is 0
2019-09-01 05:36:35,215 [3bf717c5-51ea-4d54-aafc-6388feca3bed-SegmentedRaftLogWorker:Storage Directory /workdir/hadoop-ozone/integration-test/target/test-dir/MiniOzoneClusterImpl-321653a8-8d1f-4dd6-a653-78f44973ed1e/datanode-5/data/ratis/67dc4085-6ccc-4491-a5ef-15423dd87a68] INFO  segmented.SegmentedRaftLogWorker (SegmentedRaftLogWorker.java:run(313)) - 3bf717c5-51ea-4d54-aafc-6388feca3bed-SegmentedRaftLogWorker:Storage Directory /workdir/hadoop-ozone/integration-test/target/test-dir/MiniOzoneClusterImpl-321653a8-8d1f-4dd6-a653-78f44973ed1e/datanode-5/data/ratis/67dc4085-6ccc-4491-a5ef-15423dd87a68 was interrupted, exiting. There are 0 tasks remaining in the queue.
2019-09-01 05:36:35,216 [main] INFO  segmented.SegmentedRaftLogWorker (SegmentedRaftLogWorker.java:close(228)) - 3bf717c5-51ea-4d54-aafc-6388feca3bed-SegmentedRaftLogWorker:Storage Directory /workdir/hadoop-ozone/integration-test/target/test-dir/MiniOzoneClusterImpl-321653a8-8d1f-4dd6-a653-78f44973ed1e/datanode-5/data/ratis/67dc4085-6ccc-4491-a5ef-15423dd87a68 close()
2019-09-01 05:36:35,217 [main] INFO  server.GrpcService (GrpcService.java:closeImpl(155)) - 3bf717c5-51ea-4d54-aafc-6388feca3bed: shutdown server with port 46634 now
2019-09-01 05:36:35,219 [main] INFO  server.GrpcService (GrpcService.java:closeImpl(163)) - 3bf717c5-51ea-4d54-aafc-6388feca3bed: shutdown server with port 46634 successfully
2019-09-01 05:36:35,228 [refreshUsed-/workdir/hadoop-ozone/integration-test/target/test-dir/MiniOzoneClusterImpl-321653a8-8d1f-4dd6-a653-78f44973ed1e/datanode-5/data/containers] WARN  fs.CachingGetSpaceUsed (CachingGetSpaceUsed.java:run(183)) - Thread Interrupted waiting to refresh disk information: sleep interrupted
2019-09-01 05:36:35,240 [main] INFO  utils.BackgroundService (BackgroundService.java:shutdown(148)) - Shutting down service BlockDeletingService
2019-09-01 05:36:35,242 [main] INFO  statemachine.DatanodeStateMachine (DatanodeStateMachine.java:stopDaemon(395)) - Ozone container server stopped.
2019-09-01 05:36:35,255 [main] INFO  handler.ContextHandler (ContextHandler.java:doStop(910)) - Stopped o.e.j.w.WebAppContext@24691c5{/,null,UNAVAILABLE}{/hddsDatanode}
2019-09-01 05:36:35,256 [main] INFO  server.AbstractConnector (AbstractConnector.java:doStop(318)) - Stopped ServerConnector@7b91d9f{HTTP/1.1,[http/1.1]}{0.0.0.0:0}
2019-09-01 05:36:35,256 [main] INFO  handler.ContextHandler (ContextHandler.java:doStop(910)) - Stopped o.e.j.s.ServletContextHandler@1491cd6c{/static,jar:file:/home/user/.m2/repository/org/apache/hadoop/hadoop-hdds-container-service/0.5.0-SNAPSHOT/hadoop-hdds-container-service-0.5.0-SNAPSHOT.jar!/webapps/static,UNAVAILABLE}
2019-09-01 05:36:35,257 [main] INFO  handler.ContextHandler (ContextHandler.java:doStop(910)) - Stopped o.e.j.s.ServletContextHandler@3f0ce0d1{/logs,file:///workdir/hadoop-ozone/integration-test/target/log,UNAVAILABLE}
2019-09-01 05:36:35,258 [main] INFO  ozone.MiniOzoneClusterImpl (MiniOzoneClusterImpl.java:stop(339)) - Stopping the StorageContainerManager
2019-09-01 05:36:35,258 [main] INFO  server.StorageContainerManager (StorageContainerManager.java:stop(797)) - Stopping Replication Manager Service.
2019-09-01 05:36:35,258 [main] INFO  container.ReplicationManager (ReplicationManager.java:stop(203)) - Stopping Replication Monitor Thread.
2019-09-01 05:36:35,258 [main] INFO  server.StorageContainerManager (StorageContainerManager.java:stop(804)) - Stopping Lease Manager of the command watchers
2019-09-01 05:36:35,259 [main] INFO  server.StorageContainerManager (StorageContainerManager.java:stop(811)) - Stopping datanode service RPC server
2019-09-01 05:36:35,259 [main] INFO  server.SCMDatanodeProtocolServer (SCMDatanodeProtocolServer.java:stop(367)) - Stopping the RPC server for DataNodes
2019-09-01 05:36:35,259 [main] INFO  ipc.Server (Server.java:stop(3082)) - Stopping server on 38907
2019-09-01 05:36:35,262 [IPC Server listener on 38907] INFO  ipc.Server (Server.java:run(1185)) - Stopping IPC Server listener on 38907
2019-09-01 05:36:35,262 [IPC Server Responder] INFO  ipc.Server (Server.java:run(1319)) - Stopping IPC Server Responder
2019-09-01 05:36:35,289 [SCM Heartbeat Processing Thread - 0] WARN  node.NodeStateManager (NodeStateManager.java:scheduleNextHealthCheck(646)) - Current Thread is interrupted, shutting down HB processing thread for Node Manager.
2019-09-01 05:36:35,289 [main] INFO  server.StorageContainerManager (StorageContainerManager.java:stop(819)) - Stopping block service RPC server
2019-09-01 05:36:35,289 [main] INFO  server.SCMBlockProtocolServer (SCMBlockProtocolServer.java:stop(155)) - Stopping the RPC server for Block Protocol
2019-09-01 05:36:35,290 [main] INFO  ipc.Server (Server.java:stop(3082)) - Stopping server on 34079
2019-09-01 05:36:35,291 [IPC Server listener on 34079] INFO  ipc.Server (Server.java:run(1185)) - Stopping IPC Server listener on 34079
2019-09-01 05:36:35,293 [main] INFO  server.StorageContainerManager (StorageContainerManager.java:stop(826)) - Stopping the StorageContainerLocationProtocol RPC server
2019-09-01 05:36:35,294 [main] INFO  server.SCMClientProtocolServer (SCMClientProtocolServer.java:stop(159)) - Stopping the RPC server for Client Protocol
2019-09-01 05:36:35,295 [main] INFO  ipc.Server (Server.java:stop(3082)) - Stopping server on 33196
2019-09-01 05:36:35,294 [IPC Server Responder] INFO  ipc.Server (Server.java:run(1319)) - Stopping IPC Server Responder
2019-09-01 05:36:35,297 [IPC Server listener on 33196] INFO  ipc.Server (Server.java:run(1185)) - Stopping IPC Server listener on 33196
2019-09-01 05:36:35,298 [IPC Server Responder] INFO  ipc.Server (Server.java:run(1319)) - Stopping IPC Server Responder
2019-09-01 05:36:35,298 [main] INFO  server.StorageContainerManager (StorageContainerManager.java:stop(833)) - Stopping Storage Container Manager HTTP server.
2019-09-01 05:36:35,299 [main] INFO  handler.ContextHandler (ContextHandler.java:doStop(910)) - Stopped o.e.j.w.WebAppContext@700b9e6b{/,null,UNAVAILABLE}{/scm}
2019-09-01 05:36:35,300 [main] INFO  server.AbstractConnector (AbstractConnector.java:doStop(318)) - Stopped ServerConnector@7ac5b4c{HTTP/1.1,[http/1.1]}{0.0.0.0:0}
2019-09-01 05:36:35,301 [main] INFO  handler.ContextHandler (ContextHandler.java:doStop(910)) - Stopped o.e.j.s.ServletContextHandler@54ccb3{/static,file:///workdir/hadoop-ozone/integration-test/target/test-classes/webapps/static,UNAVAILABLE}
2019-09-01 05:36:35,301 [main] INFO  handler.ContextHandler (ContextHandler.java:doStop(910)) - Stopped o.e.j.s.ServletContextHandler@47058864{/logs,file:///workdir/hadoop-ozone/integration-test/target/log,UNAVAILABLE}
2019-09-01 05:36:35,302 [main] INFO  server.StorageContainerManager (StorageContainerManager.java:stop(844)) - Stopping Block Manager Service.
2019-09-01 05:36:35,302 [main] INFO  utils.BackgroundService (BackgroundService.java:shutdown(148)) - Shutting down service SCMBlockDeletingService
2019-09-01 05:36:35,303 [main] INFO  utils.BackgroundService (BackgroundService.java:shutdown(148)) - Shutting down service SCMBlockDeletingService
2019-09-01 05:36:35,303 [main] INFO  server.StorageContainerManager (StorageContainerManager.java:stop(866)) - Stopping SCM Event Queue.
2019-09-01 05:36:35,307 [main] INFO  impl.MetricsSystemImpl (MetricsSystemImpl.java:stop(210)) - Stopping HddsDatanode metrics system...
2019-09-01 05:36:35,318 [main] INFO  impl.MetricsSystemImpl (MetricsSystemImpl.java:stop(216)) - HddsDatanode metrics system stopped.
]]></system-out>
    <system-err><![CDATA[Sep 01, 2019 5:36:06 AM org.apache.ratis.thirdparty.io.grpc.internal.ManagedChannelOrphanWrapper$ManagedChannelReference cleanQueue
SEVERE: *~*~*~ Channel ManagedChannelImpl{logId=3277, target=192.168.36.91:34335} was not shutdown properly!!! ~*~*~*
    Make sure to call shutdown()/shutdownNow() and wait until awaitTermination() returns true.
java.lang.RuntimeException: ManagedChannel allocation site
	at org.apache.ratis.thirdparty.io.grpc.internal.ManagedChannelOrphanWrapper$ManagedChannelReference.<init>(ManagedChannelOrphanWrapper.java:103)
	at org.apache.ratis.thirdparty.io.grpc.internal.ManagedChannelOrphanWrapper.<init>(ManagedChannelOrphanWrapper.java:53)
	at org.apache.ratis.thirdparty.io.grpc.internal.ManagedChannelOrphanWrapper.<init>(ManagedChannelOrphanWrapper.java:44)
	at org.apache.ratis.thirdparty.io.grpc.internal.AbstractManagedChannelImplBuilder.build(AbstractManagedChannelImplBuilder.java:411)
	at org.apache.hadoop.hdds.scm.XceiverClientGrpc.connectToDatanode(XceiverClientGrpc.java:175)
	at org.apache.hadoop.hdds.scm.XceiverClientGrpc.reconnect(XceiverClientGrpc.java:423)
	at org.apache.hadoop.hdds.scm.XceiverClientGrpc.sendCommandAsync(XceiverClientGrpc.java:372)
	at org.apache.hadoop.hdds.scm.XceiverClientGrpc.sendCommandWithRetry(XceiverClientGrpc.java:285)
	at org.apache.hadoop.hdds.scm.XceiverClientGrpc.sendCommandWithTraceIDAndRetry(XceiverClientGrpc.java:251)
	at org.apache.hadoop.hdds.scm.XceiverClientGrpc.sendCommand(XceiverClientGrpc.java:234)
	at org.apache.hadoop.hdds.scm.storage.ContainerProtocolCalls.getBlock(ContainerProtocolCalls.java:118)
	at org.apache.hadoop.hdds.scm.storage.BlockInputStream.getChunkInfos(BlockInputStream.java:167)
	at org.apache.hadoop.hdds.scm.storage.BlockInputStream.initialize(BlockInputStream.java:118)
	at org.apache.hadoop.hdds.scm.storage.BlockInputStream.read(BlockInputStream.java:222)
	at org.apache.hadoop.ozone.client.io.KeyInputStream.read(KeyInputStream.java:171)
	at org.apache.hadoop.ozone.client.io.OzoneInputStream.read(OzoneInputStream.java:47)
	at java.io.InputStream.read(InputStream.java:101)
	at org.apache.hadoop.ozone.container.ContainerTestHelper.validateData(ContainerTestHelper.java:714)
	at org.apache.hadoop.ozone.client.rpc.TestBlockOutputStreamWithFailures.validateData(TestBlockOutputStreamWithFailures.java:1216)
	at org.apache.hadoop.ozone.client.rpc.TestBlockOutputStreamWithFailures.testWatchForCommitDatanodeFailure(TestBlockOutputStreamWithFailures.java:393)
	at sun.reflect.NativeMethodAccessorImpl.invoke0(Native Method)
	at sun.reflect.NativeMethodAccessorImpl.invoke(NativeMethodAccessorImpl.java:62)
	at sun.reflect.DelegatingMethodAccessorImpl.invoke(DelegatingMethodAccessorImpl.java:43)
	at java.lang.reflect.Method.invoke(Method.java:498)
	at org.junit.runners.model.FrameworkMethod$1.runReflectiveCall(FrameworkMethod.java:47)
	at org.junit.internal.runners.model.ReflectiveCallable.run(ReflectiveCallable.java:12)
	at org.junit.runners.model.FrameworkMethod.invokeExplosively(FrameworkMethod.java:44)
	at org.junit.internal.runners.statements.InvokeMethod.evaluate(InvokeMethod.java:17)
	at org.junit.internal.runners.statements.RunBefores.evaluate(RunBefores.java:26)
	at org.junit.internal.runners.statements.RunAfters.evaluate(RunAfters.java:27)
	at org.junit.runners.ParentRunner.runLeaf(ParentRunner.java:271)
	at org.junit.runners.BlockJUnit4ClassRunner.runChild(BlockJUnit4ClassRunner.java:70)
	at org.junit.runners.BlockJUnit4ClassRunner.runChild(BlockJUnit4ClassRunner.java:50)
	at org.junit.runners.ParentRunner$3.run(ParentRunner.java:238)
	at org.junit.runners.ParentRunner$1.schedule(ParentRunner.java:63)
	at org.junit.runners.ParentRunner.runChildren(ParentRunner.java:236)
	at org.junit.runners.ParentRunner.access$000(ParentRunner.java:53)
	at org.junit.runners.ParentRunner$2.evaluate(ParentRunner.java:229)
	at org.junit.runners.ParentRunner.run(ParentRunner.java:309)
	at org.apache.maven.surefire.junit4.JUnit4Provider.execute(JUnit4Provider.java:365)
	at org.apache.maven.surefire.junit4.JUnit4Provider.executeWithRerun(JUnit4Provider.java:273)
	at org.apache.maven.surefire.junit4.JUnit4Provider.executeTestSet(JUnit4Provider.java:238)
	at org.apache.maven.surefire.junit4.JUnit4Provider.invoke(JUnit4Provider.java:159)
	at org.apache.maven.surefire.booter.ForkedBooter.invokeProviderInSameClassLoader(ForkedBooter.java:384)
	at org.apache.maven.surefire.booter.ForkedBooter.runSuitesInProcess(ForkedBooter.java:345)
	at org.apache.maven.surefire.booter.ForkedBooter.execute(ForkedBooter.java:126)
	at org.apache.maven.surefire.booter.ForkedBooter.main(ForkedBooter.java:418)

Sep 01, 2019 5:36:06 AM org.apache.ratis.thirdparty.io.grpc.internal.ManagedChannelOrphanWrapper$ManagedChannelReference cleanQueue
SEVERE: *~*~*~ Channel ManagedChannelImpl{logId=3225, target=192.168.36.91:45547} was not shutdown properly!!! ~*~*~*
    Make sure to call shutdown()/shutdownNow() and wait until awaitTermination() returns true.
java.lang.RuntimeException: ManagedChannel allocation site
	at org.apache.ratis.thirdparty.io.grpc.internal.ManagedChannelOrphanWrapper$ManagedChannelReference.<init>(ManagedChannelOrphanWrapper.java:103)
	at org.apache.ratis.thirdparty.io.grpc.internal.ManagedChannelOrphanWrapper.<init>(ManagedChannelOrphanWrapper.java:53)
	at org.apache.ratis.thirdparty.io.grpc.internal.ManagedChannelOrphanWrapper.<init>(ManagedChannelOrphanWrapper.java:44)
	at org.apache.ratis.thirdparty.io.grpc.internal.AbstractManagedChannelImplBuilder.build(AbstractManagedChannelImplBuilder.java:411)
	at org.apache.ratis.grpc.client.GrpcClientProtocolClient.<init>(GrpcClientProtocolClient.java:119)
	at org.apache.ratis.grpc.client.GrpcClientRpc.lambda$new$0(GrpcClientRpc.java:55)
	at org.apache.ratis.util.PeerProxyMap$PeerAndProxy.lambda$getProxy$0(PeerProxyMap.java:61)
	at org.apache.ratis.util.LifeCycle.startAndTransition(LifeCycle.java:202)
	at org.apache.ratis.util.PeerProxyMap$PeerAndProxy.getProxy(PeerProxyMap.java:60)
	at org.apache.ratis.util.PeerProxyMap.getProxy(PeerProxyMap.java:107)
	at org.apache.ratis.grpc.client.GrpcClientRpc.sendRequestAsync(GrpcClientRpc.java:66)
	at org.apache.ratis.client.impl.OrderedAsync.sendRequest(OrderedAsync.java:208)
	at org.apache.ratis.client.impl.OrderedAsync.sendRequestWithRetry(OrderedAsync.java:169)
	at org.apache.ratis.util.SlidingWindow$Client.sendOrDelayRequest(SlidingWindow.java:278)
	at org.apache.ratis.util.SlidingWindow$Client.retry(SlidingWindow.java:294)
	at org.apache.ratis.client.impl.OrderedAsync.lambda$scheduleWithTimeout$7(OrderedAsync.java:195)
	at org.apache.ratis.util.TimeoutScheduler.lambda$onTimeout$0(TimeoutScheduler.java:85)
	at org.apache.ratis.util.TimeoutScheduler.lambda$onTimeout$1(TimeoutScheduler.java:104)
	at org.apache.ratis.util.LogUtils.runAndLog(LogUtils.java:50)
	at org.apache.ratis.util.LogUtils$1.run(LogUtils.java:91)
	at java.util.concurrent.Executors$RunnableAdapter.call(Executors.java:511)
	at java.util.concurrent.FutureTask.run(FutureTask.java:266)
	at java.util.concurrent.ScheduledThreadPoolExecutor$ScheduledFutureTask.access$201(ScheduledThreadPoolExecutor.java:180)
	at java.util.concurrent.ScheduledThreadPoolExecutor$ScheduledFutureTask.run(ScheduledThreadPoolExecutor.java:293)
	at java.util.concurrent.ThreadPoolExecutor.runWorker(ThreadPoolExecutor.java:1149)
	at java.util.concurrent.ThreadPoolExecutor$Worker.run(ThreadPoolExecutor.java:624)
	at java.lang.Thread.run(Thread.java:748)

Sep 01, 2019 5:36:06 AM org.apache.ratis.thirdparty.io.grpc.internal.ManagedChannelOrphanWrapper$ManagedChannelReference cleanQueue
SEVERE: *~*~*~ Channel ManagedChannelImpl{logId=2975, target=192.168.36.91:39790} was not shutdown properly!!! ~*~*~*
    Make sure to call shutdown()/shutdownNow() and wait until awaitTermination() returns true.
java.lang.RuntimeException: ManagedChannel allocation site
	at org.apache.ratis.thirdparty.io.grpc.internal.ManagedChannelOrphanWrapper$ManagedChannelReference.<init>(ManagedChannelOrphanWrapper.java:103)
	at org.apache.ratis.thirdparty.io.grpc.internal.ManagedChannelOrphanWrapper.<init>(ManagedChannelOrphanWrapper.java:53)
	at org.apache.ratis.thirdparty.io.grpc.internal.ManagedChannelOrphanWrapper.<init>(ManagedChannelOrphanWrapper.java:44)
	at org.apache.ratis.thirdparty.io.grpc.internal.AbstractManagedChannelImplBuilder.build(AbstractManagedChannelImplBuilder.java:411)
	at org.apache.ratis.grpc.client.GrpcClientProtocolClient.<init>(GrpcClientProtocolClient.java:119)
	at org.apache.ratis.grpc.client.GrpcClientRpc.lambda$new$0(GrpcClientRpc.java:55)
	at org.apache.ratis.util.PeerProxyMap$PeerAndProxy.lambda$getProxy$0(PeerProxyMap.java:61)
	at org.apache.ratis.util.LifeCycle.startAndTransition(LifeCycle.java:202)
	at org.apache.ratis.util.PeerProxyMap$PeerAndProxy.getProxy(PeerProxyMap.java:60)
	at org.apache.ratis.util.PeerProxyMap.getProxy(PeerProxyMap.java:107)
	at org.apache.ratis.grpc.client.GrpcClientRpc.sendRequestAsync(GrpcClientRpc.java:66)
	at org.apache.ratis.client.impl.OrderedAsync.sendRequest(OrderedAsync.java:208)
	at org.apache.ratis.client.impl.OrderedAsync.sendRequestWithRetry(OrderedAsync.java:169)
	at org.apache.ratis.util.SlidingWindow$Client.sendOrDelayRequest(SlidingWindow.java:278)
	at org.apache.ratis.util.SlidingWindow$Client.retry(SlidingWindow.java:294)
	at org.apache.ratis.client.impl.OrderedAsync.lambda$scheduleWithTimeout$7(OrderedAsync.java:195)
	at org.apache.ratis.util.TimeoutScheduler.lambda$onTimeout$0(TimeoutScheduler.java:85)
	at org.apache.ratis.util.TimeoutScheduler.lambda$onTimeout$1(TimeoutScheduler.java:104)
	at org.apache.ratis.util.LogUtils.runAndLog(LogUtils.java:50)
	at org.apache.ratis.util.LogUtils$1.run(LogUtils.java:91)
	at java.util.concurrent.Executors$RunnableAdapter.call(Executors.java:511)
	at java.util.concurrent.FutureTask.run(FutureTask.java:266)
	at java.util.concurrent.ScheduledThreadPoolExecutor$ScheduledFutureTask.access$201(ScheduledThreadPoolExecutor.java:180)
	at java.util.concurrent.ScheduledThreadPoolExecutor$ScheduledFutureTask.run(ScheduledThreadPoolExecutor.java:293)
	at java.util.concurrent.ThreadPoolExecutor.runWorker(ThreadPoolExecutor.java:1149)
	at java.util.concurrent.ThreadPoolExecutor$Worker.run(ThreadPoolExecutor.java:624)
	at java.lang.Thread.run(Thread.java:748)

Sep 01, 2019 5:36:06 AM org.apache.ratis.thirdparty.io.grpc.internal.ManagedChannelOrphanWrapper$ManagedChannelReference cleanQueue
SEVERE: *~*~*~ Channel ManagedChannelImpl{logId=2985, target=192.168.36.91:36337} was not shutdown properly!!! ~*~*~*
    Make sure to call shutdown()/shutdownNow() and wait until awaitTermination() returns true.
java.lang.RuntimeException: ManagedChannel allocation site
	at org.apache.ratis.thirdparty.io.grpc.internal.ManagedChannelOrphanWrapper$ManagedChannelReference.<init>(ManagedChannelOrphanWrapper.java:103)
	at org.apache.ratis.thirdparty.io.grpc.internal.ManagedChannelOrphanWrapper.<init>(ManagedChannelOrphanWrapper.java:53)
	at org.apache.ratis.thirdparty.io.grpc.internal.ManagedChannelOrphanWrapper.<init>(ManagedChannelOrphanWrapper.java:44)
	at org.apache.ratis.thirdparty.io.grpc.internal.AbstractManagedChannelImplBuilder.build(AbstractManagedChannelImplBuilder.java:411)
	at org.apache.hadoop.hdds.scm.XceiverClientGrpc.connectToDatanode(XceiverClientGrpc.java:175)
	at org.apache.hadoop.hdds.scm.XceiverClientGrpc.reconnect(XceiverClientGrpc.java:423)
	at org.apache.hadoop.hdds.scm.XceiverClientGrpc.sendCommandAsync(XceiverClientGrpc.java:372)
	at org.apache.hadoop.hdds.scm.XceiverClientGrpc.sendCommandWithRetry(XceiverClientGrpc.java:285)
	at org.apache.hadoop.hdds.scm.XceiverClientGrpc.sendCommandWithTraceIDAndRetry(XceiverClientGrpc.java:251)
	at org.apache.hadoop.hdds.scm.XceiverClientGrpc.sendCommand(XceiverClientGrpc.java:234)
	at org.apache.hadoop.hdds.scm.storage.ContainerProtocolCalls.getBlock(ContainerProtocolCalls.java:118)
	at org.apache.hadoop.hdds.scm.storage.BlockInputStream.getChunkInfos(BlockInputStream.java:167)
	at org.apache.hadoop.hdds.scm.storage.BlockInputStream.initialize(BlockInputStream.java:118)
	at org.apache.hadoop.hdds.scm.storage.BlockInputStream.read(BlockInputStream.java:222)
	at org.apache.hadoop.ozone.client.io.KeyInputStream.read(KeyInputStream.java:171)
	at org.apache.hadoop.ozone.client.io.OzoneInputStream.read(OzoneInputStream.java:47)
	at java.io.InputStream.read(InputStream.java:101)
	at org.apache.hadoop.ozone.container.ContainerTestHelper.validateData(ContainerTestHelper.java:714)
	at org.apache.hadoop.ozone.client.rpc.TestBlockOutputStreamWithFailures.validateData(TestBlockOutputStreamWithFailures.java:1216)
	at org.apache.hadoop.ozone.client.rpc.TestBlockOutputStreamWithFailures.testWatchForCommitWithSingleNodeRatis(TestBlockOutputStreamWithFailures.java:918)
	at sun.reflect.NativeMethodAccessorImpl.invoke0(Native Method)
	at sun.reflect.NativeMethodAccessorImpl.invoke(NativeMethodAccessorImpl.java:62)
	at sun.reflect.DelegatingMethodAccessorImpl.invoke(DelegatingMethodAccessorImpl.java:43)
	at java.lang.reflect.Method.invoke(Method.java:498)
	at org.junit.runners.model.FrameworkMethod$1.runReflectiveCall(FrameworkMethod.java:47)
	at org.junit.internal.runners.model.ReflectiveCallable.run(ReflectiveCallable.java:12)
	at org.junit.runners.model.FrameworkMethod.invokeExplosively(FrameworkMethod.java:44)
	at org.junit.internal.runners.statements.InvokeMethod.evaluate(InvokeMethod.java:17)
	at org.junit.internal.runners.statements.RunBefores.evaluate(RunBefores.java:26)
	at org.junit.internal.runners.statements.RunAfters.evaluate(RunAfters.java:27)
	at org.junit.runners.ParentRunner.runLeaf(ParentRunner.java:271)
	at org.junit.runners.BlockJUnit4ClassRunner.runChild(BlockJUnit4ClassRunner.java:70)
	at org.junit.runners.BlockJUnit4ClassRunner.runChild(BlockJUnit4ClassRunner.java:50)
	at org.junit.runners.ParentRunner$3.run(ParentRunner.java:238)
	at org.junit.runners.ParentRunner$1.schedule(ParentRunner.java:63)
	at org.junit.runners.ParentRunner.runChildren(ParentRunner.java:236)
	at org.junit.runners.ParentRunner.access$000(ParentRunner.java:53)
	at org.junit.runners.ParentRunner$2.evaluate(ParentRunner.java:229)
	at org.junit.runners.ParentRunner.run(ParentRunner.java:309)
	at org.apache.maven.surefire.junit4.JUnit4Provider.execute(JUnit4Provider.java:365)
	at org.apache.maven.surefire.junit4.JUnit4Provider.executeWithRerun(JUnit4Provider.java:273)
	at org.apache.maven.surefire.junit4.JUnit4Provider.executeTestSet(JUnit4Provider.java:238)
	at org.apache.maven.surefire.junit4.JUnit4Provider.invoke(JUnit4Provider.java:159)
	at org.apache.maven.surefire.booter.ForkedBooter.invokeProviderInSameClassLoader(ForkedBooter.java:384)
	at org.apache.maven.surefire.booter.ForkedBooter.runSuitesInProcess(ForkedBooter.java:345)
	at org.apache.maven.surefire.booter.ForkedBooter.execute(ForkedBooter.java:126)
	at org.apache.maven.surefire.booter.ForkedBooter.main(ForkedBooter.java:418)

Sep 01, 2019 5:36:06 AM org.apache.ratis.thirdparty.io.grpc.internal.ManagedChannelOrphanWrapper$ManagedChannelReference cleanQueue
SEVERE: *~*~*~ Channel ManagedChannelImpl{logId=2791, target=192.168.36.91:38527} was not shutdown properly!!! ~*~*~*
    Make sure to call shutdown()/shutdownNow() and wait until awaitTermination() returns true.
java.lang.RuntimeException: ManagedChannel allocation site
	at org.apache.ratis.thirdparty.io.grpc.internal.ManagedChannelOrphanWrapper$ManagedChannelReference.<init>(ManagedChannelOrphanWrapper.java:103)
	at org.apache.ratis.thirdparty.io.grpc.internal.ManagedChannelOrphanWrapper.<init>(ManagedChannelOrphanWrapper.java:53)
	at org.apache.ratis.thirdparty.io.grpc.internal.ManagedChannelOrphanWrapper.<init>(ManagedChannelOrphanWrapper.java:44)
	at org.apache.ratis.thirdparty.io.grpc.internal.AbstractManagedChannelImplBuilder.build(AbstractManagedChannelImplBuilder.java:411)
	at org.apache.hadoop.hdds.scm.XceiverClientGrpc.connectToDatanode(XceiverClientGrpc.java:175)
	at org.apache.hadoop.hdds.scm.XceiverClientGrpc.reconnect(XceiverClientGrpc.java:423)
	at org.apache.hadoop.hdds.scm.XceiverClientGrpc.sendCommandAsync(XceiverClientGrpc.java:372)
	at org.apache.hadoop.hdds.scm.XceiverClientGrpc.sendCommandWithRetry(XceiverClientGrpc.java:285)
	at org.apache.hadoop.hdds.scm.XceiverClientGrpc.sendCommandWithTraceIDAndRetry(XceiverClientGrpc.java:251)
	at org.apache.hadoop.hdds.scm.XceiverClientGrpc.sendCommand(XceiverClientGrpc.java:234)
	at org.apache.hadoop.hdds.scm.storage.ContainerProtocolCalls.getBlock(ContainerProtocolCalls.java:118)
	at org.apache.hadoop.hdds.scm.storage.BlockInputStream.getChunkInfos(BlockInputStream.java:167)
	at org.apache.hadoop.hdds.scm.storage.BlockInputStream.initialize(BlockInputStream.java:118)
	at org.apache.hadoop.hdds.scm.storage.BlockInputStream.read(BlockInputStream.java:222)
	at org.apache.hadoop.ozone.client.io.KeyInputStream.read(KeyInputStream.java:171)
	at org.apache.hadoop.ozone.client.io.OzoneInputStream.read(OzoneInputStream.java:47)
	at java.io.InputStream.read(InputStream.java:101)
	at org.apache.hadoop.ozone.container.ContainerTestHelper.validateData(ContainerTestHelper.java:714)
	at org.apache.hadoop.ozone.client.rpc.TestBlockOutputStreamWithFailures.validateData(TestBlockOutputStreamWithFailures.java:1216)
	at org.apache.hadoop.ozone.client.rpc.TestBlockOutputStreamWithFailures.testDatanodeFailureWithSingleNodeRatis(TestBlockOutputStreamWithFailures.java:1058)
	at sun.reflect.NativeMethodAccessorImpl.invoke0(Native Method)
	at sun.reflect.NativeMethodAccessorImpl.invoke(NativeMethodAccessorImpl.java:62)
	at sun.reflect.DelegatingMethodAccessorImpl.invoke(DelegatingMethodAccessorImpl.java:43)
	at java.lang.reflect.Method.invoke(Method.java:498)
	at org.junit.runners.model.FrameworkMethod$1.runReflectiveCall(FrameworkMethod.java:47)
	at org.junit.internal.runners.model.ReflectiveCallable.run(ReflectiveCallable.java:12)
	at org.junit.runners.model.FrameworkMethod.invokeExplosively(FrameworkMethod.java:44)
	at org.junit.internal.runners.statements.InvokeMethod.evaluate(InvokeMethod.java:17)
	at org.junit.internal.runners.statements.RunBefores.evaluate(RunBefores.java:26)
	at org.junit.internal.runners.statements.RunAfters.evaluate(RunAfters.java:27)
	at org.junit.runners.ParentRunner.runLeaf(ParentRunner.java:271)
	at org.junit.runners.BlockJUnit4ClassRunner.runChild(BlockJUnit4ClassRunner.java:70)
	at org.junit.runners.BlockJUnit4ClassRunner.runChild(BlockJUnit4ClassRunner.java:50)
	at org.junit.runners.ParentRunner$3.run(ParentRunner.java:238)
	at org.junit.runners.ParentRunner$1.schedule(ParentRunner.java:63)
	at org.junit.runners.ParentRunner.runChildren(ParentRunner.java:236)
	at org.junit.runners.ParentRunner.access$000(ParentRunner.java:53)
	at org.junit.runners.ParentRunner$2.evaluate(ParentRunner.java:229)
	at org.junit.runners.ParentRunner.run(ParentRunner.java:309)
	at org.apache.maven.surefire.junit4.JUnit4Provider.execute(JUnit4Provider.java:365)
	at org.apache.maven.surefire.junit4.JUnit4Provider.executeWithRerun(JUnit4Provider.java:273)
	at org.apache.maven.surefire.junit4.JUnit4Provider.executeTestSet(JUnit4Provider.java:238)
	at org.apache.maven.surefire.junit4.JUnit4Provider.invoke(JUnit4Provider.java:159)
	at org.apache.maven.surefire.booter.ForkedBooter.invokeProviderInSameClassLoader(ForkedBooter.java:384)
	at org.apache.maven.surefire.booter.ForkedBooter.runSuitesInProcess(ForkedBooter.java:345)
	at org.apache.maven.surefire.booter.ForkedBooter.execute(ForkedBooter.java:126)
	at org.apache.maven.surefire.booter.ForkedBooter.main(ForkedBooter.java:418)

Sep 01, 2019 5:36:06 AM org.apache.ratis.thirdparty.io.grpc.internal.ManagedChannelOrphanWrapper$ManagedChannelReference cleanQueue
SEVERE: *~*~*~ Channel ManagedChannelImpl{logId=2760, target=192.168.36.91:44323} was not shutdown properly!!! ~*~*~*
    Make sure to call shutdown()/shutdownNow() and wait until awaitTermination() returns true.
java.lang.RuntimeException: ManagedChannel allocation site
	at org.apache.ratis.thirdparty.io.grpc.internal.ManagedChannelOrphanWrapper$ManagedChannelReference.<init>(ManagedChannelOrphanWrapper.java:103)
	at org.apache.ratis.thirdparty.io.grpc.internal.ManagedChannelOrphanWrapper.<init>(ManagedChannelOrphanWrapper.java:53)
	at org.apache.ratis.thirdparty.io.grpc.internal.ManagedChannelOrphanWrapper.<init>(ManagedChannelOrphanWrapper.java:44)
	at org.apache.ratis.thirdparty.io.grpc.internal.AbstractManagedChannelImplBuilder.build(AbstractManagedChannelImplBuilder.java:411)
	at org.apache.ratis.grpc.client.GrpcClientProtocolClient.<init>(GrpcClientProtocolClient.java:119)
	at org.apache.ratis.grpc.client.GrpcClientRpc.lambda$new$0(GrpcClientRpc.java:55)
	at org.apache.ratis.util.PeerProxyMap$PeerAndProxy.lambda$getProxy$0(PeerProxyMap.java:61)
	at org.apache.ratis.util.LifeCycle.startAndTransition(LifeCycle.java:202)
	at org.apache.ratis.util.PeerProxyMap$PeerAndProxy.getProxy(PeerProxyMap.java:60)
	at org.apache.ratis.util.PeerProxyMap.getProxy(PeerProxyMap.java:107)
	at org.apache.ratis.grpc.client.GrpcClientRpc.sendRequestAsync(GrpcClientRpc.java:66)
	at org.apache.ratis.client.impl.OrderedAsync.sendRequest(OrderedAsync.java:208)
	at org.apache.ratis.client.impl.OrderedAsync.sendRequestWithRetry(OrderedAsync.java:169)
	at org.apache.ratis.util.SlidingWindow$Client.sendOrDelayRequest(SlidingWindow.java:278)
	at org.apache.ratis.util.SlidingWindow$Client.submitNewRequest(SlidingWindow.java:257)
	at org.apache.ratis.client.impl.OrderedAsync.send(OrderedAsync.java:155)
	at org.apache.ratis.client.impl.RaftClientImpl.sendAsync(RaftClientImpl.java:145)
	at org.apache.ratis.client.impl.RaftClientImpl.sendAsync(RaftClientImpl.java:125)
	at org.apache.hadoop.hdds.scm.XceiverClientRatis.sendRequestAsync(XceiverClientRatis.java:224)
	at org.apache.hadoop.hdds.scm.XceiverClientRatis.sendCommandAsync(XceiverClientRatis.java:302)
	at org.apache.hadoop.hdds.scm.storage.ContainerProtocolCalls.writeChunkAsync(ContainerProtocolCalls.java:310)
	at org.apache.hadoop.hdds.scm.storage.BlockOutputStream.writeChunkToContainer(BlockOutputStream.java:601)
	at org.apache.hadoop.hdds.scm.storage.BlockOutputStream.writeChunk(BlockOutputStream.java:459)
	at org.apache.hadoop.hdds.scm.storage.BlockOutputStream.writeOnRetry(BlockOutputStream.java:285)
	at org.apache.hadoop.ozone.client.io.BlockOutputStreamEntry.writeOnRetry(BlockOutputStreamEntry.java:200)
	at org.apache.hadoop.ozone.client.io.KeyOutputStream.handleWrite(KeyOutputStream.java:209)
	at org.apache.hadoop.ozone.client.io.KeyOutputStream.handleRetry(KeyOutputStream.java:376)
	at org.apache.hadoop.ozone.client.io.KeyOutputStream.handleException(KeyOutputStream.java:325)
	at org.apache.hadoop.ozone.client.io.KeyOutputStream.handleFlushOrClose(KeyOutputStream.java:448)
	at org.apache.hadoop.ozone.client.io.KeyOutputStream.handleWrite(KeyOutputStream.java:235)
	at org.apache.hadoop.ozone.client.io.KeyOutputStream.write(KeyOutputStream.java:193)
	at org.apache.hadoop.ozone.client.io.OzoneOutputStream.write(OzoneOutputStream.java:49)
	at java.io.OutputStream.write(OutputStream.java:75)
	at org.apache.hadoop.ozone.client.rpc.TestBlockOutputStreamWithFailures.testDatanodeFailureWithSingleNodeRatis(TestBlockOutputStreamWithFailures.java:1021)
	at sun.reflect.NativeMethodAccessorImpl.invoke0(Native Method)
	at sun.reflect.NativeMethodAccessorImpl.invoke(NativeMethodAccessorImpl.java:62)
	at sun.reflect.DelegatingMethodAccessorImpl.invoke(DelegatingMethodAccessorImpl.java:43)
	at java.lang.reflect.Method.invoke(Method.java:498)
	at org.junit.runners.model.FrameworkMethod$1.runReflectiveCall(FrameworkMethod.java:47)
	at org.junit.internal.runners.model.ReflectiveCallable.run(ReflectiveCallable.java:12)
	at org.junit.runners.model.FrameworkMethod.invokeExplosively(FrameworkMethod.java:44)
	at org.junit.internal.runners.statements.InvokeMethod.evaluate(InvokeMethod.java:17)
	at org.junit.internal.runners.statements.RunBefores.evaluate(RunBefores.java:26)
	at org.junit.internal.runners.statements.RunAfters.evaluate(RunAfters.java:27)
	at org.junit.runners.ParentRunner.runLeaf(ParentRunner.java:271)
	at org.junit.runners.BlockJUnit4ClassRunner.runChild(BlockJUnit4ClassRunner.java:70)
	at org.junit.runners.BlockJUnit4ClassRunner.runChild(BlockJUnit4ClassRunner.java:50)
	at org.junit.runners.ParentRunner$3.run(ParentRunner.java:238)
	at org.junit.runners.ParentRunner$1.schedule(ParentRunner.java:63)
	at org.junit.runners.ParentRunner.runChildren(ParentRunner.java:236)
	at org.junit.runners.ParentRunner.access$000(ParentRunner.java:53)
	at org.junit.runners.ParentRunner$2.evaluate(ParentRunner.java:229)
	at org.junit.runners.ParentRunner.run(ParentRunner.java:309)
	at org.apache.maven.surefire.junit4.JUnit4Provider.execute(JUnit4Provider.java:365)
	at org.apache.maven.surefire.junit4.JUnit4Provider.executeWithRerun(JUnit4Provider.java:273)
	at org.apache.maven.surefire.junit4.JUnit4Provider.executeTestSet(JUnit4Provider.java:238)
	at org.apache.maven.surefire.junit4.JUnit4Provider.invoke(JUnit4Provider.java:159)
	at org.apache.maven.surefire.booter.ForkedBooter.invokeProviderInSameClassLoader(ForkedBooter.java:384)
	at org.apache.maven.surefire.booter.ForkedBooter.runSuitesInProcess(ForkedBooter.java:345)
	at org.apache.maven.surefire.booter.ForkedBooter.execute(ForkedBooter.java:126)
	at org.apache.maven.surefire.booter.ForkedBooter.main(ForkedBooter.java:418)

Sep 01, 2019 5:36:06 AM org.apache.ratis.thirdparty.io.grpc.internal.ManagedChannelOrphanWrapper$ManagedChannelReference cleanQueue
SEVERE: *~*~*~ Channel ManagedChannelImpl{logId=2786, target=192.168.36.91:42011} was not shutdown properly!!! ~*~*~*
    Make sure to call shutdown()/shutdownNow() and wait until awaitTermination() returns true.
java.lang.RuntimeException: ManagedChannel allocation site
	at org.apache.ratis.thirdparty.io.grpc.internal.ManagedChannelOrphanWrapper$ManagedChannelReference.<init>(ManagedChannelOrphanWrapper.java:103)
	at org.apache.ratis.thirdparty.io.grpc.internal.ManagedChannelOrphanWrapper.<init>(ManagedChannelOrphanWrapper.java:53)
	at org.apache.ratis.thirdparty.io.grpc.internal.ManagedChannelOrphanWrapper.<init>(ManagedChannelOrphanWrapper.java:44)
	at org.apache.ratis.thirdparty.io.grpc.internal.AbstractManagedChannelImplBuilder.build(AbstractManagedChannelImplBuilder.java:411)
	at org.apache.hadoop.hdds.scm.XceiverClientGrpc.connectToDatanode(XceiverClientGrpc.java:175)
	at org.apache.hadoop.hdds.scm.XceiverClientGrpc.reconnect(XceiverClientGrpc.java:423)
	at org.apache.hadoop.hdds.scm.XceiverClientGrpc.sendCommandAsync(XceiverClientGrpc.java:372)
	at org.apache.hadoop.hdds.scm.XceiverClientGrpc.sendCommandWithRetry(XceiverClientGrpc.java:285)
	at org.apache.hadoop.hdds.scm.XceiverClientGrpc.sendCommandWithTraceIDAndRetry(XceiverClientGrpc.java:251)
	at org.apache.hadoop.hdds.scm.XceiverClientGrpc.sendCommand(XceiverClientGrpc.java:234)
	at org.apache.hadoop.hdds.scm.storage.ContainerProtocolCalls.getBlock(ContainerProtocolCalls.java:118)
	at org.apache.hadoop.hdds.scm.storage.BlockInputStream.getChunkInfos(BlockInputStream.java:167)
	at org.apache.hadoop.hdds.scm.storage.BlockInputStream.initialize(BlockInputStream.java:118)
	at org.apache.hadoop.hdds.scm.storage.BlockInputStream.read(BlockInputStream.java:222)
	at org.apache.hadoop.ozone.client.io.KeyInputStream.read(KeyInputStream.java:171)
	at org.apache.hadoop.ozone.client.io.OzoneInputStream.read(OzoneInputStream.java:47)
	at java.io.InputStream.read(InputStream.java:101)
	at org.apache.hadoop.ozone.container.ContainerTestHelper.validateData(ContainerTestHelper.java:714)
	at org.apache.hadoop.ozone.client.rpc.TestBlockOutputStreamWithFailures.validateData(TestBlockOutputStreamWithFailures.java:1216)
	at org.apache.hadoop.ozone.client.rpc.TestBlockOutputStreamWithFailures.testDatanodeFailureWithSingleNodeRatis(TestBlockOutputStreamWithFailures.java:1058)
	at sun.reflect.NativeMethodAccessorImpl.invoke0(Native Method)
	at sun.reflect.NativeMethodAccessorImpl.invoke(NativeMethodAccessorImpl.java:62)
	at sun.reflect.DelegatingMethodAccessorImpl.invoke(DelegatingMethodAccessorImpl.java:43)
	at java.lang.reflect.Method.invoke(Method.java:498)
	at org.junit.runners.model.FrameworkMethod$1.runReflectiveCall(FrameworkMethod.java:47)
	at org.junit.internal.runners.model.ReflectiveCallable.run(ReflectiveCallable.java:12)
	at org.junit.runners.model.FrameworkMethod.invokeExplosively(FrameworkMethod.java:44)
	at org.junit.internal.runners.statements.InvokeMethod.evaluate(InvokeMethod.java:17)
	at org.junit.internal.runners.statements.RunBefores.evaluate(RunBefores.java:26)
	at org.junit.internal.runners.statements.RunAfters.evaluate(RunAfters.java:27)
	at org.junit.runners.ParentRunner.runLeaf(ParentRunner.java:271)
	at org.junit.runners.BlockJUnit4ClassRunner.runChild(BlockJUnit4ClassRunner.java:70)
	at org.junit.runners.BlockJUnit4ClassRunner.runChild(BlockJUnit4ClassRunner.java:50)
	at org.junit.runners.ParentRunner$3.run(ParentRunner.java:238)
	at org.junit.runners.ParentRunner$1.schedule(ParentRunner.java:63)
	at org.junit.runners.ParentRunner.runChildren(ParentRunner.java:236)
	at org.junit.runners.ParentRunner.access$000(ParentRunner.java:53)
	at org.junit.runners.ParentRunner$2.evaluate(ParentRunner.java:229)
	at org.junit.runners.ParentRunner.run(ParentRunner.java:309)
	at org.apache.maven.surefire.junit4.JUnit4Provider.execute(JUnit4Provider.java:365)
	at org.apache.maven.surefire.junit4.JUnit4Provider.executeWithRerun(JUnit4Provider.java:273)
	at org.apache.maven.surefire.junit4.JUnit4Provider.executeTestSet(JUnit4Provider.java:238)
	at org.apache.maven.surefire.junit4.JUnit4Provider.invoke(JUnit4Provider.java:159)
	at org.apache.maven.surefire.booter.ForkedBooter.invokeProviderInSameClassLoader(ForkedBooter.java:384)
	at org.apache.maven.surefire.booter.ForkedBooter.runSuitesInProcess(ForkedBooter.java:345)
	at org.apache.maven.surefire.booter.ForkedBooter.execute(ForkedBooter.java:126)
	at org.apache.maven.surefire.booter.ForkedBooter.main(ForkedBooter.java:418)

Sep 01, 2019 5:36:06 AM org.apache.ratis.thirdparty.io.grpc.internal.ManagedChannelOrphanWrapper$ManagedChannelReference cleanQueue
SEVERE: *~*~*~ Channel ManagedChannelImpl{logId=3272, target=192.168.36.91:39848} was not shutdown properly!!! ~*~*~*
    Make sure to call shutdown()/shutdownNow() and wait until awaitTermination() returns true.
java.lang.RuntimeException: ManagedChannel allocation site
	at org.apache.ratis.thirdparty.io.grpc.internal.ManagedChannelOrphanWrapper$ManagedChannelReference.<init>(ManagedChannelOrphanWrapper.java:103)
	at org.apache.ratis.thirdparty.io.grpc.internal.ManagedChannelOrphanWrapper.<init>(ManagedChannelOrphanWrapper.java:53)
	at org.apache.ratis.thirdparty.io.grpc.internal.ManagedChannelOrphanWrapper.<init>(ManagedChannelOrphanWrapper.java:44)
	at org.apache.ratis.thirdparty.io.grpc.internal.AbstractManagedChannelImplBuilder.build(AbstractManagedChannelImplBuilder.java:411)
	at org.apache.hadoop.hdds.scm.XceiverClientGrpc.connectToDatanode(XceiverClientGrpc.java:175)
	at org.apache.hadoop.hdds.scm.XceiverClientGrpc.reconnect(XceiverClientGrpc.java:423)
	at org.apache.hadoop.hdds.scm.XceiverClientGrpc.sendCommandAsync(XceiverClientGrpc.java:372)
	at org.apache.hadoop.hdds.scm.XceiverClientGrpc.sendCommandWithRetry(XceiverClientGrpc.java:285)
	at org.apache.hadoop.hdds.scm.XceiverClientGrpc.sendCommandWithTraceIDAndRetry(XceiverClientGrpc.java:251)
	at org.apache.hadoop.hdds.scm.XceiverClientGrpc.sendCommand(XceiverClientGrpc.java:234)
	at org.apache.hadoop.hdds.scm.storage.ContainerProtocolCalls.readChunk(ContainerProtocolCalls.java:245)
	at org.apache.hadoop.hdds.scm.storage.ChunkInputStream.readChunk(ChunkInputStream.java:335)
	at org.apache.hadoop.hdds.scm.storage.ChunkInputStream.readChunkFromContainer(ChunkInputStream.java:307)
	at org.apache.hadoop.hdds.scm.storage.ChunkInputStream.prepareRead(ChunkInputStream.java:259)
	at org.apache.hadoop.hdds.scm.storage.ChunkInputStream.read(ChunkInputStream.java:144)
	at org.apache.hadoop.hdds.scm.storage.BlockInputStream.read(BlockInputStream.java:239)
	at org.apache.hadoop.ozone.client.io.KeyInputStream.read(KeyInputStream.java:171)
	at org.apache.hadoop.ozone.client.io.OzoneInputStream.read(OzoneInputStream.java:47)
	at java.io.InputStream.read(InputStream.java:101)
	at org.apache.hadoop.ozone.container.ContainerTestHelper.validateData(ContainerTestHelper.java:714)
	at org.apache.hadoop.ozone.client.rpc.TestBlockOutputStreamWithFailures.validateData(TestBlockOutputStreamWithFailures.java:1216)
	at org.apache.hadoop.ozone.client.rpc.TestBlockOutputStreamWithFailures.testWatchForCommitDatanodeFailure(TestBlockOutputStreamWithFailures.java:393)
	at sun.reflect.NativeMethodAccessorImpl.invoke0(Native Method)
	at sun.reflect.NativeMethodAccessorImpl.invoke(NativeMethodAccessorImpl.java:62)
	at sun.reflect.DelegatingMethodAccessorImpl.invoke(DelegatingMethodAccessorImpl.java:43)
	at java.lang.reflect.Method.invoke(Method.java:498)
	at org.junit.runners.model.FrameworkMethod$1.runReflectiveCall(FrameworkMethod.java:47)
	at org.junit.internal.runners.model.ReflectiveCallable.run(ReflectiveCallable.java:12)
	at org.junit.runners.model.FrameworkMethod.invokeExplosively(FrameworkMethod.java:44)
	at org.junit.internal.runners.statements.InvokeMethod.evaluate(InvokeMethod.java:17)
	at org.junit.internal.runners.statements.RunBefores.evaluate(RunBefores.java:26)
	at org.junit.internal.runners.statements.RunAfters.evaluate(RunAfters.java:27)
	at org.junit.runners.ParentRunner.runLeaf(ParentRunner.java:271)
	at org.junit.runners.BlockJUnit4ClassRunner.runChild(BlockJUnit4ClassRunner.java:70)
	at org.junit.runners.BlockJUnit4ClassRunner.runChild(BlockJUnit4ClassRunner.java:50)
	at org.junit.runners.ParentRunner$3.run(ParentRunner.java:238)
	at org.junit.runners.ParentRunner$1.schedule(ParentRunner.java:63)
	at org.junit.runners.ParentRunner.runChildren(ParentRunner.java:236)
	at org.junit.runners.ParentRunner.access$000(ParentRunner.java:53)
	at org.junit.runners.ParentRunner$2.evaluate(ParentRunner.java:229)
	at org.junit.runners.ParentRunner.run(ParentRunner.java:309)
	at org.apache.maven.surefire.junit4.JUnit4Provider.execute(JUnit4Provider.java:365)
	at org.apache.maven.surefire.junit4.JUnit4Provider.executeWithRerun(JUnit4Provider.java:273)
	at org.apache.maven.surefire.junit4.JUnit4Provider.executeTestSet(JUnit4Provider.java:238)
	at org.apache.maven.surefire.junit4.JUnit4Provider.invoke(JUnit4Provider.java:159)
	at org.apache.maven.surefire.booter.ForkedBooter.invokeProviderInSameClassLoader(ForkedBooter.java:384)
	at org.apache.maven.surefire.booter.ForkedBooter.runSuitesInProcess(ForkedBooter.java:345)
	at org.apache.maven.surefire.booter.ForkedBooter.execute(ForkedBooter.java:126)
	at org.apache.maven.surefire.booter.ForkedBooter.main(ForkedBooter.java:418)

Sep 01, 2019 5:36:06 AM org.apache.ratis.thirdparty.io.grpc.internal.ManagedChannelOrphanWrapper$ManagedChannelReference cleanQueue
SEVERE: *~*~*~ Channel ManagedChannelImpl{logId=3263, target=192.168.36.91:36557} was not shutdown properly!!! ~*~*~*
    Make sure to call shutdown()/shutdownNow() and wait until awaitTermination() returns true.
java.lang.RuntimeException: ManagedChannel allocation site
	at org.apache.ratis.thirdparty.io.grpc.internal.ManagedChannelOrphanWrapper$ManagedChannelReference.<init>(ManagedChannelOrphanWrapper.java:103)
	at org.apache.ratis.thirdparty.io.grpc.internal.ManagedChannelOrphanWrapper.<init>(ManagedChannelOrphanWrapper.java:53)
	at org.apache.ratis.thirdparty.io.grpc.internal.ManagedChannelOrphanWrapper.<init>(ManagedChannelOrphanWrapper.java:44)
	at org.apache.ratis.thirdparty.io.grpc.internal.AbstractManagedChannelImplBuilder.build(AbstractManagedChannelImplBuilder.java:411)
	at org.apache.hadoop.hdds.scm.XceiverClientGrpc.connectToDatanode(XceiverClientGrpc.java:175)
	at org.apache.hadoop.hdds.scm.XceiverClientGrpc.reconnect(XceiverClientGrpc.java:423)
	at org.apache.hadoop.hdds.scm.XceiverClientGrpc.sendCommandAsync(XceiverClientGrpc.java:372)
	at org.apache.hadoop.hdds.scm.XceiverClientGrpc.sendCommandWithRetry(XceiverClientGrpc.java:285)
	at org.apache.hadoop.hdds.scm.XceiverClientGrpc.sendCommandWithTraceIDAndRetry(XceiverClientGrpc.java:251)
	at org.apache.hadoop.hdds.scm.XceiverClientGrpc.sendCommand(XceiverClientGrpc.java:234)
	at org.apache.hadoop.hdds.scm.storage.ContainerProtocolCalls.getBlock(ContainerProtocolCalls.java:118)
	at org.apache.hadoop.hdds.scm.storage.BlockInputStream.getChunkInfos(BlockInputStream.java:167)
	at org.apache.hadoop.hdds.scm.storage.BlockInputStream.initialize(BlockInputStream.java:118)
	at org.apache.hadoop.hdds.scm.storage.BlockInputStream.read(BlockInputStream.java:222)
	at org.apache.hadoop.ozone.client.io.KeyInputStream.read(KeyInputStream.java:171)
	at org.apache.hadoop.ozone.client.io.OzoneInputStream.read(OzoneInputStream.java:47)
	at java.io.InputStream.read(InputStream.java:101)
	at org.apache.hadoop.ozone.container.ContainerTestHelper.validateData(ContainerTestHelper.java:714)
	at org.apache.hadoop.ozone.client.rpc.TestBlockOutputStreamWithFailures.validateData(TestBlockOutputStreamWithFailures.java:1216)
	at org.apache.hadoop.ozone.client.rpc.TestBlockOutputStreamWithFailures.testWatchForCommitDatanodeFailure(TestBlockOutputStreamWithFailures.java:393)
	at sun.reflect.NativeMethodAccessorImpl.invoke0(Native Method)
	at sun.reflect.NativeMethodAccessorImpl.invoke(NativeMethodAccessorImpl.java:62)
	at sun.reflect.DelegatingMethodAccessorImpl.invoke(DelegatingMethodAccessorImpl.java:43)
	at java.lang.reflect.Method.invoke(Method.java:498)
	at org.junit.runners.model.FrameworkMethod$1.runReflectiveCall(FrameworkMethod.java:47)
	at org.junit.internal.runners.model.ReflectiveCallable.run(ReflectiveCallable.java:12)
	at org.junit.runners.model.FrameworkMethod.invokeExplosively(FrameworkMethod.java:44)
	at org.junit.internal.runners.statements.InvokeMethod.evaluate(InvokeMethod.java:17)
	at org.junit.internal.runners.statements.RunBefores.evaluate(RunBefores.java:26)
	at org.junit.internal.runners.statements.RunAfters.evaluate(RunAfters.java:27)
	at org.junit.runners.ParentRunner.runLeaf(ParentRunner.java:271)
	at org.junit.runners.BlockJUnit4ClassRunner.runChild(BlockJUnit4ClassRunner.java:70)
	at org.junit.runners.BlockJUnit4ClassRunner.runChild(BlockJUnit4ClassRunner.java:50)
	at org.junit.runners.ParentRunner$3.run(ParentRunner.java:238)
	at org.junit.runners.ParentRunner$1.schedule(ParentRunner.java:63)
	at org.junit.runners.ParentRunner.runChildren(ParentRunner.java:236)
	at org.junit.runners.ParentRunner.access$000(ParentRunner.java:53)
	at org.junit.runners.ParentRunner$2.evaluate(ParentRunner.java:229)
	at org.junit.runners.ParentRunner.run(ParentRunner.java:309)
	at org.apache.maven.surefire.junit4.JUnit4Provider.execute(JUnit4Provider.java:365)
	at org.apache.maven.surefire.junit4.JUnit4Provider.executeWithRerun(JUnit4Provider.java:273)
	at org.apache.maven.surefire.junit4.JUnit4Provider.executeTestSet(JUnit4Provider.java:238)
	at org.apache.maven.surefire.junit4.JUnit4Provider.invoke(JUnit4Provider.java:159)
	at org.apache.maven.surefire.booter.ForkedBooter.invokeProviderInSameClassLoader(ForkedBooter.java:384)
	at org.apache.maven.surefire.booter.ForkedBooter.runSuitesInProcess(ForkedBooter.java:345)
	at org.apache.maven.surefire.booter.ForkedBooter.execute(ForkedBooter.java:126)
	at org.apache.maven.surefire.booter.ForkedBooter.main(ForkedBooter.java:418)

Sep 01, 2019 5:36:06 AM org.apache.ratis.thirdparty.io.grpc.internal.ManagedChannelOrphanWrapper$ManagedChannelReference cleanQueue
SEVERE: *~*~*~ Channel ManagedChannelImpl{logId=3258, target=192.168.36.91:46746} was not shutdown properly!!! ~*~*~*
    Make sure to call shutdown()/shutdownNow() and wait until awaitTermination() returns true.
java.lang.RuntimeException: ManagedChannel allocation site
	at org.apache.ratis.thirdparty.io.grpc.internal.ManagedChannelOrphanWrapper$ManagedChannelReference.<init>(ManagedChannelOrphanWrapper.java:103)
	at org.apache.ratis.thirdparty.io.grpc.internal.ManagedChannelOrphanWrapper.<init>(ManagedChannelOrphanWrapper.java:53)
	at org.apache.ratis.thirdparty.io.grpc.internal.ManagedChannelOrphanWrapper.<init>(ManagedChannelOrphanWrapper.java:44)
	at org.apache.ratis.thirdparty.io.grpc.internal.AbstractManagedChannelImplBuilder.build(AbstractManagedChannelImplBuilder.java:411)
	at org.apache.ratis.grpc.client.GrpcClientProtocolClient.<init>(GrpcClientProtocolClient.java:119)
	at org.apache.ratis.grpc.client.GrpcClientRpc.lambda$new$0(GrpcClientRpc.java:55)
	at org.apache.ratis.util.PeerProxyMap$PeerAndProxy.lambda$getProxy$0(PeerProxyMap.java:61)
	at org.apache.ratis.util.LifeCycle.startAndTransition(LifeCycle.java:202)
	at org.apache.ratis.util.PeerProxyMap$PeerAndProxy.getProxy(PeerProxyMap.java:60)
	at org.apache.ratis.util.PeerProxyMap.getProxy(PeerProxyMap.java:107)
	at org.apache.ratis.grpc.client.GrpcClientRpc.sendRequestAsync(GrpcClientRpc.java:66)
	at org.apache.ratis.client.impl.OrderedAsync.sendRequest(OrderedAsync.java:208)
	at org.apache.ratis.client.impl.OrderedAsync.sendRequestWithRetry(OrderedAsync.java:169)
	at org.apache.ratis.util.SlidingWindow$Client.sendOrDelayRequest(SlidingWindow.java:278)
	at org.apache.ratis.util.SlidingWindow$Client.submitNewRequest(SlidingWindow.java:257)
	at org.apache.ratis.client.impl.OrderedAsync.send(OrderedAsync.java:155)
	at org.apache.ratis.client.impl.RaftClientImpl.sendAsync(RaftClientImpl.java:145)
	at org.apache.ratis.client.impl.RaftClientImpl.sendAsync(RaftClientImpl.java:125)
	at org.apache.hadoop.hdds.scm.XceiverClientRatis.sendRequestAsync(XceiverClientRatis.java:224)
	at org.apache.hadoop.hdds.scm.XceiverClientRatis.sendCommandAsync(XceiverClientRatis.java:302)
	at org.apache.hadoop.hdds.scm.storage.ContainerProtocolCalls.writeChunkAsync(ContainerProtocolCalls.java:310)
	at org.apache.hadoop.hdds.scm.storage.BlockOutputStream.writeChunkToContainer(BlockOutputStream.java:601)
	at org.apache.hadoop.hdds.scm.storage.BlockOutputStream.writeChunk(BlockOutputStream.java:459)
	at org.apache.hadoop.hdds.scm.storage.BlockOutputStream.write(BlockOutputStream.java:240)
	at org.apache.hadoop.ozone.client.io.BlockOutputStreamEntry.write(BlockOutputStreamEntry.java:129)
	at org.apache.hadoop.ozone.client.io.KeyOutputStream.handleWrite(KeyOutputStream.java:211)
	at org.apache.hadoop.ozone.client.io.KeyOutputStream.write(KeyOutputStream.java:193)
	at org.apache.hadoop.ozone.client.io.OzoneOutputStream.write(OzoneOutputStream.java:49)
	at java.io.OutputStream.write(OutputStream.java:75)
	at org.apache.hadoop.ozone.client.rpc.TestBlockOutputStreamWithFailures.testWatchForCommitDatanodeFailure(TestBlockOutputStreamWithFailures.java:363)
	at sun.reflect.NativeMethodAccessorImpl.invoke0(Native Method)
	at sun.reflect.NativeMethodAccessorImpl.invoke(NativeMethodAccessorImpl.java:62)
	at sun.reflect.DelegatingMethodAccessorImpl.invoke(DelegatingMethodAccessorImpl.java:43)
	at java.lang.reflect.Method.invoke(Method.java:498)
	at org.junit.runners.model.FrameworkMethod$1.runReflectiveCall(FrameworkMethod.java:47)
	at org.junit.internal.runners.model.ReflectiveCallable.run(ReflectiveCallable.java:12)
	at org.junit.runners.model.FrameworkMethod.invokeExplosively(FrameworkMethod.java:44)
	at org.junit.internal.runners.statements.InvokeMethod.evaluate(InvokeMethod.java:17)
	at org.junit.internal.runners.statements.RunBefores.evaluate(RunBefores.java:26)
	at org.junit.internal.runners.statements.RunAfters.evaluate(RunAfters.java:27)
	at org.junit.runners.ParentRunner.runLeaf(ParentRunner.java:271)
	at org.junit.runners.BlockJUnit4ClassRunner.runChild(BlockJUnit4ClassRunner.java:70)
	at org.junit.runners.BlockJUnit4ClassRunner.runChild(BlockJUnit4ClassRunner.java:50)
	at org.junit.runners.ParentRunner$3.run(ParentRunner.java:238)
	at org.junit.runners.ParentRunner$1.schedule(ParentRunner.java:63)
	at org.junit.runners.ParentRunner.runChildren(ParentRunner.java:236)
	at org.junit.runners.ParentRunner.access$000(ParentRunner.java:53)
	at org.junit.runners.ParentRunner$2.evaluate(ParentRunner.java:229)
	at org.junit.runners.ParentRunner.run(ParentRunner.java:309)
	at org.apache.maven.surefire.junit4.JUnit4Provider.execute(JUnit4Provider.java:365)
	at org.apache.maven.surefire.junit4.JUnit4Provider.executeWithRerun(JUnit4Provider.java:273)
	at org.apache.maven.surefire.junit4.JUnit4Provider.executeTestSet(JUnit4Provider.java:238)
	at org.apache.maven.surefire.junit4.JUnit4Provider.invoke(JUnit4Provider.java:159)
	at org.apache.maven.surefire.booter.ForkedBooter.invokeProviderInSameClassLoader(ForkedBooter.java:384)
	at org.apache.maven.surefire.booter.ForkedBooter.runSuitesInProcess(ForkedBooter.java:345)
	at org.apache.maven.surefire.booter.ForkedBooter.execute(ForkedBooter.java:126)
	at org.apache.maven.surefire.booter.ForkedBooter.main(ForkedBooter.java:418)

Sep 01, 2019 5:36:06 AM org.apache.ratis.thirdparty.io.grpc.internal.ManagedChannelOrphanWrapper$ManagedChannelReference cleanQueue
SEVERE: *~*~*~ Channel ManagedChannelImpl{logId=2980, target=192.168.36.91:36337} was not shutdown properly!!! ~*~*~*
    Make sure to call shutdown()/shutdownNow() and wait until awaitTermination() returns true.
java.lang.RuntimeException: ManagedChannel allocation site
	at org.apache.ratis.thirdparty.io.grpc.internal.ManagedChannelOrphanWrapper$ManagedChannelReference.<init>(ManagedChannelOrphanWrapper.java:103)
	at org.apache.ratis.thirdparty.io.grpc.internal.ManagedChannelOrphanWrapper.<init>(ManagedChannelOrphanWrapper.java:53)
	at org.apache.ratis.thirdparty.io.grpc.internal.ManagedChannelOrphanWrapper.<init>(ManagedChannelOrphanWrapper.java:44)
	at org.apache.ratis.thirdparty.io.grpc.internal.AbstractManagedChannelImplBuilder.build(AbstractManagedChannelImplBuilder.java:411)
	at org.apache.hadoop.hdds.scm.XceiverClientGrpc.connectToDatanode(XceiverClientGrpc.java:175)
	at org.apache.hadoop.hdds.scm.XceiverClientGrpc.reconnect(XceiverClientGrpc.java:423)
	at org.apache.hadoop.hdds.scm.XceiverClientGrpc.sendCommandAsync(XceiverClientGrpc.java:372)
	at org.apache.hadoop.hdds.scm.XceiverClientGrpc.sendCommandWithRetry(XceiverClientGrpc.java:285)
	at org.apache.hadoop.hdds.scm.XceiverClientGrpc.sendCommandWithTraceIDAndRetry(XceiverClientGrpc.java:251)
	at org.apache.hadoop.hdds.scm.XceiverClientGrpc.sendCommand(XceiverClientGrpc.java:234)
	at org.apache.hadoop.hdds.scm.storage.ContainerProtocolCalls.getBlock(ContainerProtocolCalls.java:118)
	at org.apache.hadoop.hdds.scm.storage.BlockInputStream.getChunkInfos(BlockInputStream.java:167)
	at org.apache.hadoop.hdds.scm.storage.BlockInputStream.initialize(BlockInputStream.java:118)
	at org.apache.hadoop.hdds.scm.storage.BlockInputStream.read(BlockInputStream.java:222)
	at org.apache.hadoop.ozone.client.io.KeyInputStream.read(KeyInputStream.java:171)
	at org.apache.hadoop.ozone.client.io.OzoneInputStream.read(OzoneInputStream.java:47)
	at java.io.InputStream.read(InputStream.java:101)
	at org.apache.hadoop.ozone.container.ContainerTestHelper.validateData(ContainerTestHelper.java:714)
	at org.apache.hadoop.ozone.client.rpc.TestBlockOutputStreamWithFailures.validateData(TestBlockOutputStreamWithFailures.java:1216)
	at org.apache.hadoop.ozone.client.rpc.TestBlockOutputStreamWithFailures.testWatchForCommitWithSingleNodeRatis(TestBlockOutputStreamWithFailures.java:918)
	at sun.reflect.NativeMethodAccessorImpl.invoke0(Native Method)
	at sun.reflect.NativeMethodAccessorImpl.invoke(NativeMethodAccessorImpl.java:62)
	at sun.reflect.DelegatingMethodAccessorImpl.invoke(DelegatingMethodAccessorImpl.java:43)
	at java.lang.reflect.Method.invoke(Method.java:498)
	at org.junit.runners.model.FrameworkMethod$1.runReflectiveCall(FrameworkMethod.java:47)
	at org.junit.internal.runners.model.ReflectiveCallable.run(ReflectiveCallable.java:12)
	at org.junit.runners.model.FrameworkMethod.invokeExplosively(FrameworkMethod.java:44)
	at org.junit.internal.runners.statements.InvokeMethod.evaluate(InvokeMethod.java:17)
	at org.junit.internal.runners.statements.RunBefores.evaluate(RunBefores.java:26)
	at org.junit.internal.runners.statements.RunAfters.evaluate(RunAfters.java:27)
	at org.junit.runners.ParentRunner.runLeaf(ParentRunner.java:271)
	at org.junit.runners.BlockJUnit4ClassRunner.runChild(BlockJUnit4ClassRunner.java:70)
	at org.junit.runners.BlockJUnit4ClassRunner.runChild(BlockJUnit4ClassRunner.java:50)
	at org.junit.runners.ParentRunner$3.run(ParentRunner.java:238)
	at org.junit.runners.ParentRunner$1.schedule(ParentRunner.java:63)
	at org.junit.runners.ParentRunner.runChildren(ParentRunner.java:236)
	at org.junit.runners.ParentRunner.access$000(ParentRunner.java:53)
	at org.junit.runners.ParentRunner$2.evaluate(ParentRunner.java:229)
	at org.junit.runners.ParentRunner.run(ParentRunner.java:309)
	at org.apache.maven.surefire.junit4.JUnit4Provider.execute(JUnit4Provider.java:365)
	at org.apache.maven.surefire.junit4.JUnit4Provider.executeWithRerun(JUnit4Provider.java:273)
	at org.apache.maven.surefire.junit4.JUnit4Provider.executeTestSet(JUnit4Provider.java:238)
	at org.apache.maven.surefire.junit4.JUnit4Provider.invoke(JUnit4Provider.java:159)
	at org.apache.maven.surefire.booter.ForkedBooter.invokeProviderInSameClassLoader(ForkedBooter.java:384)
	at org.apache.maven.surefire.booter.ForkedBooter.runSuitesInProcess(ForkedBooter.java:345)
	at org.apache.maven.surefire.booter.ForkedBooter.execute(ForkedBooter.java:126)
	at org.apache.maven.surefire.booter.ForkedBooter.main(ForkedBooter.java:418)

Sep 01, 2019 5:36:06 AM org.apache.ratis.thirdparty.io.grpc.internal.ManagedChannelOrphanWrapper$ManagedChannelReference cleanQueue
SEVERE: *~*~*~ Channel ManagedChannelImpl{logId=3267, target=192.168.36.91:46028} was not shutdown properly!!! ~*~*~*
    Make sure to call shutdown()/shutdownNow() and wait until awaitTermination() returns true.
java.lang.RuntimeException: ManagedChannel allocation site
	at org.apache.ratis.thirdparty.io.grpc.internal.ManagedChannelOrphanWrapper$ManagedChannelReference.<init>(ManagedChannelOrphanWrapper.java:103)
	at org.apache.ratis.thirdparty.io.grpc.internal.ManagedChannelOrphanWrapper.<init>(ManagedChannelOrphanWrapper.java:53)
	at org.apache.ratis.thirdparty.io.grpc.internal.ManagedChannelOrphanWrapper.<init>(ManagedChannelOrphanWrapper.java:44)
	at org.apache.ratis.thirdparty.io.grpc.internal.AbstractManagedChannelImplBuilder.build(AbstractManagedChannelImplBuilder.java:411)
	at org.apache.hadoop.hdds.scm.XceiverClientGrpc.connectToDatanode(XceiverClientGrpc.java:175)
	at org.apache.hadoop.hdds.scm.XceiverClientGrpc.reconnect(XceiverClientGrpc.java:423)
	at org.apache.hadoop.hdds.scm.XceiverClientGrpc.sendCommandAsync(XceiverClientGrpc.java:372)
	at org.apache.hadoop.hdds.scm.XceiverClientGrpc.sendCommandWithRetry(XceiverClientGrpc.java:285)
	at org.apache.hadoop.hdds.scm.XceiverClientGrpc.sendCommandWithTraceIDAndRetry(XceiverClientGrpc.java:251)
	at org.apache.hadoop.hdds.scm.XceiverClientGrpc.sendCommand(XceiverClientGrpc.java:234)
	at org.apache.hadoop.hdds.scm.storage.ContainerProtocolCalls.getBlock(ContainerProtocolCalls.java:118)
	at org.apache.hadoop.hdds.scm.storage.BlockInputStream.getChunkInfos(BlockInputStream.java:167)
	at org.apache.hadoop.hdds.scm.storage.BlockInputStream.initialize(BlockInputStream.java:118)
	at org.apache.hadoop.hdds.scm.storage.BlockInputStream.read(BlockInputStream.java:222)
	at org.apache.hadoop.ozone.client.io.KeyInputStream.read(KeyInputStream.java:171)
	at org.apache.hadoop.ozone.client.io.OzoneInputStream.read(OzoneInputStream.java:47)
	at java.io.InputStream.read(InputStream.java:101)
	at org.apache.hadoop.ozone.container.ContainerTestHelper.validateData(ContainerTestHelper.java:714)
	at org.apache.hadoop.ozone.client.rpc.TestBlockOutputStreamWithFailures.validateData(TestBlockOutputStreamWithFailures.java:1216)
	at org.apache.hadoop.ozone.client.rpc.TestBlockOutputStreamWithFailures.testWatchForCommitDatanodeFailure(TestBlockOutputStreamWithFailures.java:393)
	at sun.reflect.NativeMethodAccessorImpl.invoke0(Native Method)
	at sun.reflect.NativeMethodAccessorImpl.invoke(NativeMethodAccessorImpl.java:62)
	at sun.reflect.DelegatingMethodAccessorImpl.invoke(DelegatingMethodAccessorImpl.java:43)
	at java.lang.reflect.Method.invoke(Method.java:498)
	at org.junit.runners.model.FrameworkMethod$1.runReflectiveCall(FrameworkMethod.java:47)
	at org.junit.internal.runners.model.ReflectiveCallable.run(ReflectiveCallable.java:12)
	at org.junit.runners.model.FrameworkMethod.invokeExplosively(FrameworkMethod.java:44)
	at org.junit.internal.runners.statements.InvokeMethod.evaluate(InvokeMethod.java:17)
	at org.junit.internal.runners.statements.RunBefores.evaluate(RunBefores.java:26)
	at org.junit.internal.runners.statements.RunAfters.evaluate(RunAfters.java:27)
	at org.junit.runners.ParentRunner.runLeaf(ParentRunner.java:271)
	at org.junit.runners.BlockJUnit4ClassRunner.runChild(BlockJUnit4ClassRunner.java:70)
	at org.junit.runners.BlockJUnit4ClassRunner.runChild(BlockJUnit4ClassRunner.java:50)
	at org.junit.runners.ParentRunner$3.run(ParentRunner.java:238)
	at org.junit.runners.ParentRunner$1.schedule(ParentRunner.java:63)
	at org.junit.runners.ParentRunner.runChildren(ParentRunner.java:236)
	at org.junit.runners.ParentRunner.access$000(ParentRunner.java:53)
	at org.junit.runners.ParentRunner$2.evaluate(ParentRunner.java:229)
	at org.junit.runners.ParentRunner.run(ParentRunner.java:309)
	at org.apache.maven.surefire.junit4.JUnit4Provider.execute(JUnit4Provider.java:365)
	at org.apache.maven.surefire.junit4.JUnit4Provider.executeWithRerun(JUnit4Provider.java:273)
	at org.apache.maven.surefire.junit4.JUnit4Provider.executeTestSet(JUnit4Provider.java:238)
	at org.apache.maven.surefire.junit4.JUnit4Provider.invoke(JUnit4Provider.java:159)
	at org.apache.maven.surefire.booter.ForkedBooter.invokeProviderInSameClassLoader(ForkedBooter.java:384)
	at org.apache.maven.surefire.booter.ForkedBooter.runSuitesInProcess(ForkedBooter.java:345)
	at org.apache.maven.surefire.booter.ForkedBooter.execute(ForkedBooter.java:126)
	at org.apache.maven.surefire.booter.ForkedBooter.main(ForkedBooter.java:418)

]]></system-err>
  </testcase>
  <testcase name="testWatchForCommitWithCloseContainerException" classname="org.apache.hadoop.ozone.client.rpc.TestBlockOutputStreamWithFailures" time="35.832"/>
  <testcase name="testExceptionDuringClose" classname="org.apache.hadoop.ozone.client.rpc.TestBlockOutputStreamWithFailures" time="36.248"/>
</testsuite>