<?xml version="1.0" encoding="UTF-8"?>
<testsuite xmlns:xsi="http://www.w3.org/2001/XMLSchema-instance" xsi:noNamespaceSchemaLocation="https://maven.apache.org/surefire/maven-surefire-plugin/xsd/surefire-test-report.xsd" name="org.apache.hadoop.ozone.client.rpc.TestWatchForCommit" time="254.884" tests="5" errors="1" skipped="0" failures="0">
  <properties>
    <property name="awt.toolkit" value="sun.awt.X11.XToolkit"/>
    <property name="file.encoding.pkg" value="sun.io"/>
    <property name="java.specification.version" value="1.8"/>
    <property name="sun.cpu.isalist" value=""/>
    <property name="sun.jnu.encoding" value="UTF-8"/>
    <property name="java.class.path" value="/workdir/hadoop-ozone/integration-test/target/test-classes:/workdir/hadoop-ozone/integration-test/target/classes:/home/user/.m2/repository/org/apache/hadoop/hadoop-ozone-common/0.5.0-SNAPSHOT/hadoop-ozone-common-0.5.0-SNAPSHOT.jar:/home/user/.m2/repository/org/apache/commons/commons-compress/1.4.1/commons-compress-1.4.1.jar:/home/user/.m2/repository/org/tukaani/xz/1.0/xz-1.0.jar:/home/user/.m2/repository/org/apache/hadoop/hadoop-common/3.2.0/hadoop-common-3.2.0.jar:/home/user/.m2/repository/org/apache/hadoop/hadoop-hdfs/3.2.0/hadoop-hdfs-3.2.0.jar:/home/user/.m2/repository/org/apache/hadoop/hadoop-hdfs-client/3.2.0/hadoop-hdfs-client-3.2.0.jar:/home/user/.m2/repository/com/fasterxml/jackson/core/jackson-annotations/2.9.5/jackson-annotations-2.9.5.jar:/home/user/.m2/repository/org/apache/hadoop/hadoop-hdds-common/0.5.0-SNAPSHOT/hadoop-hdds-common-0.5.0-SNAPSHOT.jar:/home/user/.m2/repository/javax/annotation/javax.annotation-api/1.2/javax.annotation-api-1.2.jar:/home/user/.m2/repository/org/apache/ratis/ratis-server/0.4.0-2337318-SNAPSHOT/ratis-server-0.4.0-2337318-SNAPSHOT.jar:/home/user/.m2/repository/org/apache/ratis/ratis-thirdparty-misc/0.2.0/ratis-thirdparty-misc-0.2.0.jar:/home/user/.m2/repository/org/apache/ratis/ratis-proto/0.4.0-2337318-SNAPSHOT/ratis-proto-0.4.0-2337318-SNAPSHOT.jar:/home/user/.m2/repository/org/apache/ratis/ratis-common/0.4.0-2337318-SNAPSHOT/ratis-common-0.4.0-2337318-SNAPSHOT.jar:/home/user/.m2/repository/org/apache/ratis/ratis-client/0.4.0-2337318-SNAPSHOT/ratis-client-0.4.0-2337318-SNAPSHOT.jar:/home/user/.m2/repository/org/apache/ratis/ratis-metrics/0.4.0-2337318-SNAPSHOT/ratis-metrics-0.4.0-2337318-SNAPSHOT.jar:/home/user/.m2/repository/org/apache/ratis/ratis-netty/0.4.0-2337318-SNAPSHOT/ratis-netty-0.4.0-2337318-SNAPSHOT.jar:/home/user/.m2/repository/org/apache/ratis/ratis-grpc/0.4.0-2337318-SNAPSHOT/ratis-grpc-0.4.0-2337318-SNAPSHOT.jar:/home/user/.m2/repository/org/rocksdb/rocksdbjni/6.0.1/rocksdbjni-6.0.1.jar:/home/user/.m2/repository/org/apache/logging/log4j/log4j-api/2.11.0/log4j-api-2.11.0.jar:/home/user/.m2/repository/org/apache/logging/log4j/log4j-core/2.11.0/log4j-core-2.11.0.jar:/home/user/.m2/repository/com/lmax/disruptor/3.4.2/disruptor-3.4.2.jar:/home/user/.m2/repository/org/apache/commons/commons-pool2/2.6.0/commons-pool2-2.6.0.jar:/home/user/.m2/repository/org/bouncycastle/bcpkix-jdk15on/1.60/bcpkix-jdk15on-1.60.jar:/home/user/.m2/repository/commons-validator/commons-validator/1.6/commons-validator-1.6.jar:/home/user/.m2/repository/commons-digester/commons-digester/1.8.1/commons-digester-1.8.1.jar:/home/user/.m2/repository/io/jaegertracing/jaeger-client/0.33.1/jaeger-client-0.33.1.jar:/home/user/.m2/repository/io/jaegertracing/jaeger-thrift/0.33.1/jaeger-thrift-0.33.1.jar:/home/user/.m2/repository/org/apache/thrift/libthrift/0.11.0/libthrift-0.11.0.jar:/home/user/.m2/repository/com/squareup/okhttp3/okhttp/3.9.0/okhttp-3.9.0.jar:/home/user/.m2/repository/com/squareup/okio/okio/1.13.0/okio-1.13.0.jar:/home/user/.m2/repository/io/jaegertracing/jaeger-core/0.33.1/jaeger-core-0.33.1.jar:/home/user/.m2/repository/io/jaegertracing/jaeger-tracerresolver/0.33.1/jaeger-tracerresolver-0.33.1.jar:/home/user/.m2/repository/io/opentracing/contrib/opentracing-tracerresolver/0.1.5/opentracing-tracerresolver-0.1.5.jar:/home/user/.m2/repository/io/opentracing/opentracing-util/0.31.0/opentracing-util-0.31.0.jar:/home/user/.m2/repository/io/opentracing/opentracing-api/0.31.0/opentracing-api-0.31.0.jar:/home/user/.m2/repository/io/opentracing/opentracing-noop/0.31.0/opentracing-noop-0.31.0.jar:/home/user/.m2/repository/org/apache/hadoop/hadoop-hdds-server-framework/0.5.0-SNAPSHOT/hadoop-hdds-server-framework-0.5.0-SNAPSHOT.jar:/home/user/.m2/repository/org/apache/hadoop/hadoop-hdds-container-service/0.5.0-SNAPSHOT/hadoop-hdds-container-service-0.5.0-SNAPSHOT.jar:/home/user/.m2/repository/org/apache/hadoop/hadoop-hdds-client/0.5.0-SNAPSHOT/hadoop-hdds-client-0.5.0-SNAPSHOT.jar:/home/user/.m2/repository/org/apache/hadoop/hadoop-hdds-tools/0.5.0-SNAPSHOT/hadoop-hdds-tools-0.5.0-SNAPSHOT.jar:/home/user/.m2/repository/org/apache/hadoop/hadoop-hdds-server-scm/0.5.0-SNAPSHOT/hadoop-hdds-server-scm-0.5.0-SNAPSHOT.jar:/home/user/.m2/repository/org/apache/hadoop/hadoop-hdds-docs/0.5.0-SNAPSHOT/hadoop-hdds-docs-0.5.0-SNAPSHOT.jar:/home/user/.m2/repository/io/dropwizard/metrics/metrics-core/3.2.4/metrics-core-3.2.4.jar:/home/user/.m2/repository/org/hamcrest/hamcrest-all/1.3/hamcrest-all-1.3.jar:/home/user/.m2/repository/org/bouncycastle/bcprov-jdk15on/1.60/bcprov-jdk15on-1.60.jar:/home/user/.m2/repository/info/picocli/picocli/3.9.6/picocli-3.9.6.jar:/home/user/.m2/repository/com/google/protobuf/protobuf-java/2.5.0/protobuf-java-2.5.0.jar:/home/user/.m2/repository/com/google/guava/guava/11.0.2/guava-11.0.2.jar:/home/user/.m2/repository/org/apache/hadoop/hadoop-ozone-ozone-manager/0.5.0-SNAPSHOT/hadoop-ozone-ozone-manager-0.5.0-SNAPSHOT.jar:/home/user/.m2/repository/org/apache/hadoop/hadoop-minikdc/3.2.0/hadoop-minikdc-3.2.0.jar:/home/user/.m2/repository/commons-io/commons-io/2.5/commons-io-2.5.jar:/home/user/.m2/repository/org/apache/kerby/kerb-simplekdc/1.0.1/kerb-simplekdc-1.0.1.jar:/home/user/.m2/repository/org/apache/kerby/kerb-client/1.0.1/kerb-client-1.0.1.jar:/home/user/.m2/repository/org/apache/kerby/kerby-config/1.0.1/kerby-config-1.0.1.jar:/home/user/.m2/repository/org/apache/kerby/kerb-core/1.0.1/kerb-core-1.0.1.jar:/home/user/.m2/repository/org/apache/kerby/kerby-pkix/1.0.1/kerby-pkix-1.0.1.jar:/home/user/.m2/repository/org/apache/kerby/kerby-asn1/1.0.1/kerby-asn1-1.0.1.jar:/home/user/.m2/repository/org/apache/kerby/kerby-util/1.0.1/kerby-util-1.0.1.jar:/home/user/.m2/repository/org/apache/kerby/kerb-common/1.0.1/kerb-common-1.0.1.jar:/home/user/.m2/repository/org/apache/kerby/kerb-crypto/1.0.1/kerb-crypto-1.0.1.jar:/home/user/.m2/repository/org/apache/kerby/kerb-util/1.0.1/kerb-util-1.0.1.jar:/home/user/.m2/repository/org/apache/kerby/token-provider/1.0.1/token-provider-1.0.1.jar:/home/user/.m2/repository/org/apache/kerby/kerb-admin/1.0.1/kerb-admin-1.0.1.jar:/home/user/.m2/repository/org/apache/kerby/kerb-server/1.0.1/kerb-server-1.0.1.jar:/home/user/.m2/repository/org/apache/kerby/kerb-identity/1.0.1/kerb-identity-1.0.1.jar:/home/user/.m2/repository/org/apache/kerby/kerby-xdr/1.0.1/kerby-xdr-1.0.1.jar:/home/user/.m2/repository/org/slf4j/slf4j-log4j12/1.7.25/slf4j-log4j12-1.7.25.jar:/home/user/.m2/repository/org/apache/hadoop/hadoop-ozone-s3gateway/0.5.0-SNAPSHOT/hadoop-ozone-s3gateway-0.5.0-SNAPSHOT.jar:/home/user/.m2/repository/org/jboss/weld/servlet/weld-servlet/2.4.7.Final/weld-servlet-2.4.7.Final.jar:/home/user/.m2/repository/org/glassfish/jersey/containers/jersey-container-servlet-core/2.27/jersey-container-servlet-core-2.27.jar:/home/user/.m2/repository/org/glassfish/hk2/external/javax.inject/2.5.0-b42/javax.inject-2.5.0-b42.jar:/home/user/.m2/repository/org/glassfish/jersey/core/jersey-common/2.27/jersey-common-2.27.jar:/home/user/.m2/repository/org/glassfish/hk2/osgi-resource-locator/1.0.1/osgi-resource-locator-1.0.1.jar:/home/user/.m2/repository/javax/ws/rs/javax.ws.rs-api/2.1/javax.ws.rs-api-2.1.jar:/home/user/.m2/repository/org/glassfish/jersey/ext/cdi/jersey-cdi1x/2.27/jersey-cdi1x-2.27.jar:/home/user/.m2/repository/org/glassfish/jersey/inject/jersey-hk2/2.27/jersey-hk2-2.27.jar:/home/user/.m2/repository/org/glassfish/hk2/hk2-locator/2.5.0-b42/hk2-locator-2.5.0-b42.jar:/home/user/.m2/repository/org/javassist/javassist/3.22.0-CR2/javassist-3.22.0-CR2.jar:/home/user/.m2/repository/org/glassfish/hk2/hk2-api/2.5.0/hk2-api-2.5.0.jar:/home/user/.m2/repository/org/glassfish/hk2/external/jakarta.inject/2.5.0/jakarta.inject-2.5.0.jar:/home/user/.m2/repository/org/glassfish/hk2/hk2-utils/2.5.0/hk2-utils-2.5.0.jar:/home/user/.m2/repository/jakarta/annotation/jakarta.annotation-api/1.3.4/jakarta.annotation-api-1.3.4.jar:/home/user/.m2/repository/org/glassfish/hk2/external/aopalliance-repackaged/2.5.0/aopalliance-repackaged-2.5.0.jar:/home/user/.m2/repository/com/fasterxml/jackson/dataformat/jackson-dataformat-xml/2.9.0/jackson-dataformat-xml-2.9.0.jar:/home/user/.m2/repository/com/fasterxml/jackson/core/jackson-core/2.9.5/jackson-core-2.9.5.jar:/home/user/.m2/repository/com/fasterxml/jackson/module/jackson-module-jaxb-annotations/2.9.5/jackson-module-jaxb-annotations-2.9.5.jar:/home/user/.m2/repository/javax/enterprise/cdi-api/1.2/cdi-api-1.2.jar:/home/user/.m2/repository/javax/el/javax.el-api/3.0.0/javax.el-api-3.0.0.jar:/home/user/.m2/repository/javax/interceptor/javax.interceptor-api/1.2/javax.interceptor-api-1.2.jar:/home/user/.m2/repository/javax/inject/javax.inject/1/javax.inject-1.jar:/home/user/.m2/repository/com/sun/xml/bind/jaxb-impl/2.3.0.1/jaxb-impl-2.3.0.1.jar:/home/user/.m2/repository/com/sun/xml/bind/jaxb-core/2.3.0.1/jaxb-core-2.3.0.1.jar:/home/user/.m2/repository/javax/xml/bind/jaxb-api/2.3.0/jaxb-api-2.3.0.jar:/home/user/.m2/repository/javax/activation/activation/1.1.1/activation-1.1.1.jar:/home/user/.m2/repository/org/apache/hadoop/hadoop-ozone-csi/0.5.0-SNAPSHOT/hadoop-ozone-csi-0.5.0-SNAPSHOT.jar:/home/user/.m2/repository/com/google/protobuf/protobuf-java-util/3.5.1/protobuf-java-util-3.5.1.jar:/home/user/.m2/repository/org/apache/hadoop/hadoop-hdds-config/0.5.0-SNAPSHOT/hadoop-hdds-config-0.5.0-SNAPSHOT.jar:/home/user/.m2/repository/io/grpc/grpc-netty/1.17.1/grpc-netty-1.17.1.jar:/home/user/.m2/repository/io/grpc/grpc-core/1.17.1/grpc-core-1.17.1.jar:/home/user/.m2/repository/io/grpc/grpc-context/1.17.1/grpc-context-1.17.1.jar:/home/user/.m2/repository/com/google/errorprone/error_prone_annotations/2.2.0/error_prone_annotations-2.2.0.jar:/home/user/.m2/repository/org/codehaus/mojo/animal-sniffer-annotations/1.17/animal-sniffer-annotations-1.17.jar:/home/user/.m2/repository/io/opencensus/opencensus-api/0.17.0/opencensus-api-0.17.0.jar:/home/user/.m2/repository/io/opencensus/opencensus-contrib-grpc-metrics/0.17.0/opencensus-contrib-grpc-metrics-0.17.0.jar:/home/user/.m2/repository/io/netty/netty-codec-http2/4.1.30.Final/netty-codec-http2-4.1.30.Final.jar:/home/user/.m2/repository/io/netty/netty-codec-http/4.1.30.Final/netty-codec-http-4.1.30.Final.jar:/home/user/.m2/repository/io/netty/netty-codec/4.1.30.Final/netty-codec-4.1.30.Final.jar:/home/user/.m2/repository/io/netty/netty-handler/4.1.30.Final/netty-handler-4.1.30.Final.jar:/home/user/.m2/repository/io/netty/netty-handler-proxy/4.1.30.Final/netty-handler-proxy-4.1.30.Final.jar:/home/user/.m2/repository/io/netty/netty-codec-socks/4.1.30.Final/netty-codec-socks-4.1.30.Final.jar:/home/user/.m2/repository/io/netty/netty-transport-native-epoll/4.1.30.Final/netty-transport-native-epoll-4.1.30.Final.jar:/home/user/.m2/repository/io/netty/netty-common/4.1.30.Final/netty-common-4.1.30.Final.jar:/home/user/.m2/repository/io/netty/netty-buffer/4.1.30.Final/netty-buffer-4.1.30.Final.jar:/home/user/.m2/repository/io/netty/netty-transport/4.1.30.Final/netty-transport-4.1.30.Final.jar:/home/user/.m2/repository/io/netty/netty-resolver/4.1.30.Final/netty-resolver-4.1.30.Final.jar:/home/user/.m2/repository/io/netty/netty-transport-native-unix-common/4.1.30.Final/netty-transport-native-unix-common-4.1.30.Final.jar:/home/user/.m2/repository/io/grpc/grpc-protobuf/1.17.1/grpc-protobuf-1.17.1.jar:/home/user/.m2/repository/com/google/api/grpc/proto-google-common-protos/1.0.0/proto-google-common-protos-1.0.0.jar:/home/user/.m2/repository/io/grpc/grpc-protobuf-lite/1.17.1/grpc-protobuf-lite-1.17.1.jar:/home/user/.m2/repository/io/grpc/grpc-stub/1.17.1/grpc-stub-1.17.1.jar:/home/user/.m2/repository/org/apache/hadoop/hadoop-ozone-recon/0.5.0-SNAPSHOT/hadoop-ozone-recon-0.5.0-SNAPSHOT.jar:/home/user/.m2/repository/org/apache/hadoop/hadoop-ozone-reconcodegen/0.5.0-SNAPSHOT/hadoop-ozone-reconcodegen-0.5.0-SNAPSHOT.jar:/home/user/.m2/repository/com/google/inject/extensions/guice-multibindings/4.0/guice-multibindings-4.0.jar:/home/user/.m2/repository/com/google/inject/guice/4.0/guice-4.0.jar:/home/user/.m2/repository/aopalliance/aopalliance/1.0/aopalliance-1.0.jar:/home/user/.m2/repository/com/google/inject/extensions/guice-servlet/4.0/guice-servlet-4.0.jar:/home/user/.m2/repository/org/glassfish/jersey/containers/jersey-container-servlet/2.27/jersey-container-servlet-2.27.jar:/home/user/.m2/repository/org/glassfish/hk2/guice-bridge/2.5.0/guice-bridge-2.5.0.jar:/home/user/.m2/repository/org/glassfish/jersey/core/jersey-server/2.27/jersey-server-2.27.jar:/home/user/.m2/repository/org/glassfish/jersey/core/jersey-client/2.27/jersey-client-2.27.jar:/home/user/.m2/repository/org/glassfish/jersey/media/jersey-media-jaxb/2.27/jersey-media-jaxb-2.27.jar:/home/user/.m2/repository/javax/validation/validation-api/1.1.0.Final/validation-api-1.1.0.Final.jar:/home/user/.m2/repository/org/glassfish/jersey/media/jersey-media-json-jackson/2.27/jersey-media-json-jackson-2.27.jar:/home/user/.m2/repository/org/glassfish/jersey/ext/jersey-entity-filtering/2.27/jersey-entity-filtering-2.27.jar:/home/user/.m2/repository/com/google/inject/extensions/guice-assistedinject/4.0/guice-assistedinject-4.0.jar:/home/user/.m2/repository/org/jooq/jooq/3.11.10/jooq-3.11.10.jar:/home/user/.m2/repository/org/jooq/jooq-meta/3.11.10/jooq-meta-3.11.10.jar:/home/user/.m2/repository/org/jooq/jooq-codegen/3.11.10/jooq-codegen-3.11.10.jar:/home/user/.m2/repository/com/jolbox/bonecp/0.8.0.RELEASE/bonecp-0.8.0.RELEASE.jar:/home/user/.m2/repository/org/xerial/sqlite-jdbc/3.25.2/sqlite-jdbc-3.25.2.jar:/home/user/.m2/repository/org/springframework/spring-jdbc/5.1.3.RELEASE/spring-jdbc-5.1.3.RELEASE.jar:/home/user/.m2/repository/org/springframework/spring-beans/5.1.3.RELEASE/spring-beans-5.1.3.RELEASE.jar:/home/user/.m2/repository/org/springframework/spring-core/5.1.3.RELEASE/spring-core-5.1.3.RELEASE.jar:/home/user/.m2/repository/org/springframework/spring-jcl/5.1.3.RELEASE/spring-jcl-5.1.3.RELEASE.jar:/home/user/.m2/repository/org/springframework/spring-tx/5.1.3.RELEASE/spring-tx-5.1.3.RELEASE.jar:/home/user/.m2/repository/org/apache/hadoop/hadoop-ozone-client/0.5.0-SNAPSHOT/hadoop-ozone-client-0.5.0-SNAPSHOT.jar:/home/user/.m2/repository/commons-lang/commons-lang/2.6/commons-lang-2.6.jar:/home/user/.m2/repository/org/apache/hadoop/hadoop-ozone-ozone-manager/0.5.0-SNAPSHOT/hadoop-ozone-ozone-manager-0.5.0-SNAPSHOT-tests.jar:/home/user/.m2/repository/junit/junit/4.11/junit-4.11.jar:/home/user/.m2/repository/org/hamcrest/hamcrest-core/1.3/hamcrest-core-1.3.jar:/home/user/.m2/repository/org/openjdk/jmh/jmh-core/1.19/jmh-core-1.19.jar:/home/user/.m2/repository/net/sf/jopt-simple/jopt-simple/4.6/jopt-simple-4.6.jar:/home/user/.m2/repository/org/apache/commons/commons-math3/3.1.1/commons-math3-3.1.1.jar:/home/user/.m2/repository/org/openjdk/jmh/jmh-generator-annprocess/1.19/jmh-generator-annprocess-1.19.jar:/home/user/.m2/repository/org/mockito/mockito-all/1.8.5/mockito-all-1.8.5.jar:/home/user/.m2/repository/org/apache/hadoop/hadoop-kms/3.2.0/hadoop-kms-3.2.0.jar:/home/user/.m2/repository/org/apache/hadoop/hadoop-auth/3.2.0/hadoop-auth-3.2.0.jar:/home/user/.m2/repository/com/nimbusds/nimbus-jose-jwt/4.41.1/nimbus-jose-jwt-4.41.1.jar:/home/user/.m2/repository/com/github/stephenc/jcip/jcip-annotations/1.0-1/jcip-annotations-1.0-1.jar:/home/user/.m2/repository/net/minidev/json-smart/2.3/json-smart-2.3.jar:/home/user/.m2/repository/net/minidev/accessors-smart/1.2/accessors-smart-1.2.jar:/home/user/.m2/repository/org/ow2/asm/asm/5.0.4/asm-5.0.4.jar:/home/user/.m2/repository/org/apache/curator/curator-framework/2.12.0/curator-framework-2.12.0.jar:/home/user/.m2/repository/com/sun/jersey/jersey-core/1.19/jersey-core-1.19.jar:/home/user/.m2/repository/javax/ws/rs/jsr311-api/1.1.1/jsr311-api-1.1.1.jar:/home/user/.m2/repository/com/sun/jersey/jersey-server/1.19/jersey-server-1.19.jar:/home/user/.m2/repository/javax/servlet/javax.servlet-api/3.1.0/javax.servlet-api-3.1.0.jar:/home/user/.m2/repository/org/eclipse/jetty/jetty-server/9.3.24.v20180605/jetty-server-9.3.24.v20180605.jar:/home/user/.m2/repository/org/eclipse/jetty/jetty-http/9.3.24.v20180605/jetty-http-9.3.24.v20180605.jar:/home/user/.m2/repository/org/eclipse/jetty/jetty-io/9.3.24.v20180605/jetty-io-9.3.24.v20180605.jar:/home/user/.m2/repository/org/eclipse/jetty/jetty-webapp/9.3.24.v20180605/jetty-webapp-9.3.24.v20180605.jar:/home/user/.m2/repository/org/eclipse/jetty/jetty-xml/9.3.24.v20180605/jetty-xml-9.3.24.v20180605.jar:/home/user/.m2/repository/log4j/log4j/1.2.17/log4j-1.2.17.jar:/home/user/.m2/repository/org/slf4j/slf4j-api/1.7.25/slf4j-api-1.7.25.jar:/home/user/.m2/repository/org/slf4j/jul-to-slf4j/1.7.25/jul-to-slf4j-1.7.25.jar:/home/user/.m2/repository/org/eclipse/jetty/jetty-util/9.3.24.v20180605/jetty-util-9.3.24.v20180605.jar:/home/user/.m2/repository/com/fasterxml/jackson/core/jackson-databind/2.9.5/jackson-databind-2.9.5.jar:/home/user/.m2/repository/org/apache/hadoop/hadoop-kms/3.2.0/hadoop-kms-3.2.0-tests.jar:/home/user/.m2/repository/org/apache/hadoop/hadoop-hdds-server-scm/0.5.0-SNAPSHOT/hadoop-hdds-server-scm-0.5.0-SNAPSHOT-tests.jar:/home/user/.m2/repository/org/apache/hadoop/hadoop-hdds-container-service/0.5.0-SNAPSHOT/hadoop-hdds-container-service-0.5.0-SNAPSHOT-tests.jar:/home/user/.m2/repository/org/yaml/snakeyaml/1.16/snakeyaml-1.16.jar:/home/user/.m2/repository/org/apache/hadoop/hadoop-common/3.2.0/hadoop-common-3.2.0-tests.jar:/home/user/.m2/repository/org/apache/hadoop/hadoop-annotations/3.2.0/hadoop-annotations-3.2.0.jar:/usr/lib/jvm/java-1.8-openjdk/jre/../lib/tools.jar:/home/user/.m2/repository/commons-cli/commons-cli/1.2/commons-cli-1.2.jar:/home/user/.m2/repository/org/apache/httpcomponents/httpclient/4.5.2/httpclient-4.5.2.jar:/home/user/.m2/repository/org/apache/httpcomponents/httpcore/4.4.4/httpcore-4.4.4.jar:/home/user/.m2/repository/commons-codec/commons-codec/1.11/commons-codec-1.11.jar:/home/user/.m2/repository/commons-net/commons-net/3.6/commons-net-3.6.jar:/home/user/.m2/repository/commons-collections/commons-collections/3.2.2/commons-collections-3.2.2.jar:/home/user/.m2/repository/org/eclipse/jetty/jetty-servlet/9.3.24.v20180605/jetty-servlet-9.3.24.v20180605.jar:/home/user/.m2/repository/org/eclipse/jetty/jetty-security/9.3.24.v20180605/jetty-security-9.3.24.v20180605.jar:/home/user/.m2/repository/javax/servlet/jsp/jsp-api/2.1/jsp-api-2.1.jar:/home/user/.m2/repository/com/sun/jersey/jersey-servlet/1.19/jersey-servlet-1.19.jar:/home/user/.m2/repository/com/sun/jersey/jersey-json/1.19/jersey-json-1.19.jar:/home/user/.m2/repository/org/codehaus/jettison/jettison/1.1/jettison-1.1.jar:/home/user/.m2/repository/org/codehaus/jackson/jackson-core-asl/1.9.13/jackson-core-asl-1.9.13.jar:/home/user/.m2/repository/org/codehaus/jackson/jackson-mapper-asl/1.9.13/jackson-mapper-asl-1.9.13.jar:/home/user/.m2/repository/org/codehaus/jackson/jackson-jaxrs/1.9.13/jackson-jaxrs-1.9.13.jar:/home/user/.m2/repository/org/codehaus/jackson/jackson-xc/1.9.13/jackson-xc-1.9.13.jar:/home/user/.m2/repository/commons-logging/commons-logging/1.1.3/commons-logging-1.1.3.jar:/home/user/.m2/repository/commons-beanutils/commons-beanutils/1.9.3/commons-beanutils-1.9.3.jar:/home/user/.m2/repository/org/apache/commons/commons-configuration2/2.1.1/commons-configuration2-2.1.1.jar:/home/user/.m2/repository/org/apache/commons/commons-lang3/3.7/commons-lang3-3.7.jar:/home/user/.m2/repository/org/apache/commons/commons-text/1.4/commons-text-1.4.jar:/home/user/.m2/repository/org/apache/avro/avro/1.7.7/avro-1.7.7.jar:/home/user/.m2/repository/com/thoughtworks/paranamer/paranamer/2.3/paranamer-2.3.jar:/home/user/.m2/repository/org/xerial/snappy/snappy-java/1.0.5/snappy-java-1.0.5.jar:/home/user/.m2/repository/com/google/re2j/re2j/1.1/re2j-1.1.jar:/home/user/.m2/repository/com/google/code/gson/gson/2.2.4/gson-2.2.4.jar:/home/user/.m2/repository/com/jcraft/jsch/0.1.54/jsch-0.1.54.jar:/home/user/.m2/repository/org/apache/curator/curator-client/2.12.0/curator-client-2.12.0.jar:/home/user/.m2/repository/org/apache/curator/curator-recipes/2.12.0/curator-recipes-2.12.0.jar:/home/user/.m2/repository/com/google/code/findbugs/jsr305/3.0.0/jsr305-3.0.0.jar:/home/user/.m2/repository/org/apache/htrace/htrace-core4/4.1.0-incubating/htrace-core4-4.1.0-incubating.jar:/home/user/.m2/repository/org/apache/zookeeper/zookeeper/3.4.13/zookeeper-3.4.13.jar:/home/user/.m2/repository/org/apache/yetus/audience-annotations/0.5.0/audience-annotations-0.5.0.jar:/home/user/.m2/repository/org/codehaus/woodstox/stax2-api/3.1.4/stax2-api-3.1.4.jar:/home/user/.m2/repository/com/fasterxml/woodstox/woodstox-core/5.0.3/woodstox-core-5.0.3.jar:/home/user/.m2/repository/dnsjava/dnsjava/2.1.7/dnsjava-2.1.7.jar:/home/user/.m2/repository/org/apache/hadoop/hadoop-hdfs/3.2.0/hadoop-hdfs-3.2.0-tests.jar:/home/user/.m2/repository/org/eclipse/jetty/jetty-util-ajax/9.3.24.v20180605/jetty-util-ajax-9.3.24.v20180605.jar:/home/user/.m2/repository/commons-daemon/commons-daemon/1.0.13/commons-daemon-1.0.13.jar:/home/user/.m2/repository/io/netty/netty/3.10.5.Final/netty-3.10.5.Final.jar:/home/user/.m2/repository/io/netty/netty-all/4.0.52.Final/netty-all-4.0.52.Final.jar:/home/user/.m2/repository/org/fusesource/leveldbjni/leveldbjni-all/1.8/leveldbjni-all-1.8.jar:"/>
    <property name="java.vm.vendor" value="IcedTea"/>
    <property name="sun.arch.data.model" value="64"/>
    <property name="test.build.dir" value="/workdir/hadoop-ozone/integration-test/target/test-dir"/>
    <property name="test.cache.data" value=""/>
    <property name="java.vendor.url" value="https://icedtea.classpath.org"/>
    <property name="user.timezone" value=""/>
    <property name="java.vm.specification.version" value="1.8"/>
    <property name="os.name" value="Linux"/>
    <property name="test.build.data" value="/workdir/hadoop-ozone/integration-test/target/test-dir"/>
    <property name="user.country" value="US"/>
    <property name="sun.java.launcher" value="SUN_STANDARD"/>
    <property name="sun.boot.library.path" value="/usr/lib/jvm/java-1.8-openjdk/jre/lib/amd64"/>
    <property name="sun.java.command" value="/workdir/hadoop-ozone/integration-test/target/surefire/surefirebooter724577508481684583.jar /workdir/hadoop-ozone/integration-test/target/surefire 2019-09-01T05-12-47_812-jvmRun1 surefire2744838741333504434tmp surefire_181332046451924714588tmp"/>
    <property name="test" value="!TestMiniChaosOzoneCluster"/>
    <property name="surefire.test.class.path" value="/workdir/hadoop-ozone/integration-test/target/test-classes:/workdir/hadoop-ozone/integration-test/target/classes:/home/user/.m2/repository/org/apache/hadoop/hadoop-ozone-common/0.5.0-SNAPSHOT/hadoop-ozone-common-0.5.0-SNAPSHOT.jar:/home/user/.m2/repository/org/apache/commons/commons-compress/1.4.1/commons-compress-1.4.1.jar:/home/user/.m2/repository/org/tukaani/xz/1.0/xz-1.0.jar:/home/user/.m2/repository/org/apache/hadoop/hadoop-common/3.2.0/hadoop-common-3.2.0.jar:/home/user/.m2/repository/org/apache/hadoop/hadoop-hdfs/3.2.0/hadoop-hdfs-3.2.0.jar:/home/user/.m2/repository/org/apache/hadoop/hadoop-hdfs-client/3.2.0/hadoop-hdfs-client-3.2.0.jar:/home/user/.m2/repository/com/fasterxml/jackson/core/jackson-annotations/2.9.5/jackson-annotations-2.9.5.jar:/home/user/.m2/repository/org/apache/hadoop/hadoop-hdds-common/0.5.0-SNAPSHOT/hadoop-hdds-common-0.5.0-SNAPSHOT.jar:/home/user/.m2/repository/javax/annotation/javax.annotation-api/1.2/javax.annotation-api-1.2.jar:/home/user/.m2/repository/org/apache/ratis/ratis-server/0.4.0-2337318-SNAPSHOT/ratis-server-0.4.0-2337318-SNAPSHOT.jar:/home/user/.m2/repository/org/apache/ratis/ratis-thirdparty-misc/0.2.0/ratis-thirdparty-misc-0.2.0.jar:/home/user/.m2/repository/org/apache/ratis/ratis-proto/0.4.0-2337318-SNAPSHOT/ratis-proto-0.4.0-2337318-SNAPSHOT.jar:/home/user/.m2/repository/org/apache/ratis/ratis-common/0.4.0-2337318-SNAPSHOT/ratis-common-0.4.0-2337318-SNAPSHOT.jar:/home/user/.m2/repository/org/apache/ratis/ratis-client/0.4.0-2337318-SNAPSHOT/ratis-client-0.4.0-2337318-SNAPSHOT.jar:/home/user/.m2/repository/org/apache/ratis/ratis-metrics/0.4.0-2337318-SNAPSHOT/ratis-metrics-0.4.0-2337318-SNAPSHOT.jar:/home/user/.m2/repository/org/apache/ratis/ratis-netty/0.4.0-2337318-SNAPSHOT/ratis-netty-0.4.0-2337318-SNAPSHOT.jar:/home/user/.m2/repository/org/apache/ratis/ratis-grpc/0.4.0-2337318-SNAPSHOT/ratis-grpc-0.4.0-2337318-SNAPSHOT.jar:/home/user/.m2/repository/org/rocksdb/rocksdbjni/6.0.1/rocksdbjni-6.0.1.jar:/home/user/.m2/repository/org/apache/logging/log4j/log4j-api/2.11.0/log4j-api-2.11.0.jar:/home/user/.m2/repository/org/apache/logging/log4j/log4j-core/2.11.0/log4j-core-2.11.0.jar:/home/user/.m2/repository/com/lmax/disruptor/3.4.2/disruptor-3.4.2.jar:/home/user/.m2/repository/org/apache/commons/commons-pool2/2.6.0/commons-pool2-2.6.0.jar:/home/user/.m2/repository/org/bouncycastle/bcpkix-jdk15on/1.60/bcpkix-jdk15on-1.60.jar:/home/user/.m2/repository/commons-validator/commons-validator/1.6/commons-validator-1.6.jar:/home/user/.m2/repository/commons-digester/commons-digester/1.8.1/commons-digester-1.8.1.jar:/home/user/.m2/repository/io/jaegertracing/jaeger-client/0.33.1/jaeger-client-0.33.1.jar:/home/user/.m2/repository/io/jaegertracing/jaeger-thrift/0.33.1/jaeger-thrift-0.33.1.jar:/home/user/.m2/repository/org/apache/thrift/libthrift/0.11.0/libthrift-0.11.0.jar:/home/user/.m2/repository/com/squareup/okhttp3/okhttp/3.9.0/okhttp-3.9.0.jar:/home/user/.m2/repository/com/squareup/okio/okio/1.13.0/okio-1.13.0.jar:/home/user/.m2/repository/io/jaegertracing/jaeger-core/0.33.1/jaeger-core-0.33.1.jar:/home/user/.m2/repository/io/jaegertracing/jaeger-tracerresolver/0.33.1/jaeger-tracerresolver-0.33.1.jar:/home/user/.m2/repository/io/opentracing/contrib/opentracing-tracerresolver/0.1.5/opentracing-tracerresolver-0.1.5.jar:/home/user/.m2/repository/io/opentracing/opentracing-util/0.31.0/opentracing-util-0.31.0.jar:/home/user/.m2/repository/io/opentracing/opentracing-api/0.31.0/opentracing-api-0.31.0.jar:/home/user/.m2/repository/io/opentracing/opentracing-noop/0.31.0/opentracing-noop-0.31.0.jar:/home/user/.m2/repository/org/apache/hadoop/hadoop-hdds-server-framework/0.5.0-SNAPSHOT/hadoop-hdds-server-framework-0.5.0-SNAPSHOT.jar:/home/user/.m2/repository/org/apache/hadoop/hadoop-hdds-container-service/0.5.0-SNAPSHOT/hadoop-hdds-container-service-0.5.0-SNAPSHOT.jar:/home/user/.m2/repository/org/apache/hadoop/hadoop-hdds-client/0.5.0-SNAPSHOT/hadoop-hdds-client-0.5.0-SNAPSHOT.jar:/home/user/.m2/repository/org/apache/hadoop/hadoop-hdds-tools/0.5.0-SNAPSHOT/hadoop-hdds-tools-0.5.0-SNAPSHOT.jar:/home/user/.m2/repository/org/apache/hadoop/hadoop-hdds-server-scm/0.5.0-SNAPSHOT/hadoop-hdds-server-scm-0.5.0-SNAPSHOT.jar:/home/user/.m2/repository/org/apache/hadoop/hadoop-hdds-docs/0.5.0-SNAPSHOT/hadoop-hdds-docs-0.5.0-SNAPSHOT.jar:/home/user/.m2/repository/io/dropwizard/metrics/metrics-core/3.2.4/metrics-core-3.2.4.jar:/home/user/.m2/repository/org/hamcrest/hamcrest-all/1.3/hamcrest-all-1.3.jar:/home/user/.m2/repository/org/bouncycastle/bcprov-jdk15on/1.60/bcprov-jdk15on-1.60.jar:/home/user/.m2/repository/info/picocli/picocli/3.9.6/picocli-3.9.6.jar:/home/user/.m2/repository/com/google/protobuf/protobuf-java/2.5.0/protobuf-java-2.5.0.jar:/home/user/.m2/repository/com/google/guava/guava/11.0.2/guava-11.0.2.jar:/home/user/.m2/repository/org/apache/hadoop/hadoop-ozone-ozone-manager/0.5.0-SNAPSHOT/hadoop-ozone-ozone-manager-0.5.0-SNAPSHOT.jar:/home/user/.m2/repository/org/apache/hadoop/hadoop-minikdc/3.2.0/hadoop-minikdc-3.2.0.jar:/home/user/.m2/repository/commons-io/commons-io/2.5/commons-io-2.5.jar:/home/user/.m2/repository/org/apache/kerby/kerb-simplekdc/1.0.1/kerb-simplekdc-1.0.1.jar:/home/user/.m2/repository/org/apache/kerby/kerb-client/1.0.1/kerb-client-1.0.1.jar:/home/user/.m2/repository/org/apache/kerby/kerby-config/1.0.1/kerby-config-1.0.1.jar:/home/user/.m2/repository/org/apache/kerby/kerb-core/1.0.1/kerb-core-1.0.1.jar:/home/user/.m2/repository/org/apache/kerby/kerby-pkix/1.0.1/kerby-pkix-1.0.1.jar:/home/user/.m2/repository/org/apache/kerby/kerby-asn1/1.0.1/kerby-asn1-1.0.1.jar:/home/user/.m2/repository/org/apache/kerby/kerby-util/1.0.1/kerby-util-1.0.1.jar:/home/user/.m2/repository/org/apache/kerby/kerb-common/1.0.1/kerb-common-1.0.1.jar:/home/user/.m2/repository/org/apache/kerby/kerb-crypto/1.0.1/kerb-crypto-1.0.1.jar:/home/user/.m2/repository/org/apache/kerby/kerb-util/1.0.1/kerb-util-1.0.1.jar:/home/user/.m2/repository/org/apache/kerby/token-provider/1.0.1/token-provider-1.0.1.jar:/home/user/.m2/repository/org/apache/kerby/kerb-admin/1.0.1/kerb-admin-1.0.1.jar:/home/user/.m2/repository/org/apache/kerby/kerb-server/1.0.1/kerb-server-1.0.1.jar:/home/user/.m2/repository/org/apache/kerby/kerb-identity/1.0.1/kerb-identity-1.0.1.jar:/home/user/.m2/repository/org/apache/kerby/kerby-xdr/1.0.1/kerby-xdr-1.0.1.jar:/home/user/.m2/repository/org/slf4j/slf4j-log4j12/1.7.25/slf4j-log4j12-1.7.25.jar:/home/user/.m2/repository/org/apache/hadoop/hadoop-ozone-s3gateway/0.5.0-SNAPSHOT/hadoop-ozone-s3gateway-0.5.0-SNAPSHOT.jar:/home/user/.m2/repository/org/jboss/weld/servlet/weld-servlet/2.4.7.Final/weld-servlet-2.4.7.Final.jar:/home/user/.m2/repository/org/glassfish/jersey/containers/jersey-container-servlet-core/2.27/jersey-container-servlet-core-2.27.jar:/home/user/.m2/repository/org/glassfish/hk2/external/javax.inject/2.5.0-b42/javax.inject-2.5.0-b42.jar:/home/user/.m2/repository/org/glassfish/jersey/core/jersey-common/2.27/jersey-common-2.27.jar:/home/user/.m2/repository/org/glassfish/hk2/osgi-resource-locator/1.0.1/osgi-resource-locator-1.0.1.jar:/home/user/.m2/repository/javax/ws/rs/javax.ws.rs-api/2.1/javax.ws.rs-api-2.1.jar:/home/user/.m2/repository/org/glassfish/jersey/ext/cdi/jersey-cdi1x/2.27/jersey-cdi1x-2.27.jar:/home/user/.m2/repository/org/glassfish/jersey/inject/jersey-hk2/2.27/jersey-hk2-2.27.jar:/home/user/.m2/repository/org/glassfish/hk2/hk2-locator/2.5.0-b42/hk2-locator-2.5.0-b42.jar:/home/user/.m2/repository/org/javassist/javassist/3.22.0-CR2/javassist-3.22.0-CR2.jar:/home/user/.m2/repository/org/glassfish/hk2/hk2-api/2.5.0/hk2-api-2.5.0.jar:/home/user/.m2/repository/org/glassfish/hk2/external/jakarta.inject/2.5.0/jakarta.inject-2.5.0.jar:/home/user/.m2/repository/org/glassfish/hk2/hk2-utils/2.5.0/hk2-utils-2.5.0.jar:/home/user/.m2/repository/jakarta/annotation/jakarta.annotation-api/1.3.4/jakarta.annotation-api-1.3.4.jar:/home/user/.m2/repository/org/glassfish/hk2/external/aopalliance-repackaged/2.5.0/aopalliance-repackaged-2.5.0.jar:/home/user/.m2/repository/com/fasterxml/jackson/dataformat/jackson-dataformat-xml/2.9.0/jackson-dataformat-xml-2.9.0.jar:/home/user/.m2/repository/com/fasterxml/jackson/core/jackson-core/2.9.5/jackson-core-2.9.5.jar:/home/user/.m2/repository/com/fasterxml/jackson/module/jackson-module-jaxb-annotations/2.9.5/jackson-module-jaxb-annotations-2.9.5.jar:/home/user/.m2/repository/javax/enterprise/cdi-api/1.2/cdi-api-1.2.jar:/home/user/.m2/repository/javax/el/javax.el-api/3.0.0/javax.el-api-3.0.0.jar:/home/user/.m2/repository/javax/interceptor/javax.interceptor-api/1.2/javax.interceptor-api-1.2.jar:/home/user/.m2/repository/javax/inject/javax.inject/1/javax.inject-1.jar:/home/user/.m2/repository/com/sun/xml/bind/jaxb-impl/2.3.0.1/jaxb-impl-2.3.0.1.jar:/home/user/.m2/repository/com/sun/xml/bind/jaxb-core/2.3.0.1/jaxb-core-2.3.0.1.jar:/home/user/.m2/repository/javax/xml/bind/jaxb-api/2.3.0/jaxb-api-2.3.0.jar:/home/user/.m2/repository/javax/activation/activation/1.1.1/activation-1.1.1.jar:/home/user/.m2/repository/org/apache/hadoop/hadoop-ozone-csi/0.5.0-SNAPSHOT/hadoop-ozone-csi-0.5.0-SNAPSHOT.jar:/home/user/.m2/repository/com/google/protobuf/protobuf-java-util/3.5.1/protobuf-java-util-3.5.1.jar:/home/user/.m2/repository/org/apache/hadoop/hadoop-hdds-config/0.5.0-SNAPSHOT/hadoop-hdds-config-0.5.0-SNAPSHOT.jar:/home/user/.m2/repository/io/grpc/grpc-netty/1.17.1/grpc-netty-1.17.1.jar:/home/user/.m2/repository/io/grpc/grpc-core/1.17.1/grpc-core-1.17.1.jar:/home/user/.m2/repository/io/grpc/grpc-context/1.17.1/grpc-context-1.17.1.jar:/home/user/.m2/repository/com/google/errorprone/error_prone_annotations/2.2.0/error_prone_annotations-2.2.0.jar:/home/user/.m2/repository/org/codehaus/mojo/animal-sniffer-annotations/1.17/animal-sniffer-annotations-1.17.jar:/home/user/.m2/repository/io/opencensus/opencensus-api/0.17.0/opencensus-api-0.17.0.jar:/home/user/.m2/repository/io/opencensus/opencensus-contrib-grpc-metrics/0.17.0/opencensus-contrib-grpc-metrics-0.17.0.jar:/home/user/.m2/repository/io/netty/netty-codec-http2/4.1.30.Final/netty-codec-http2-4.1.30.Final.jar:/home/user/.m2/repository/io/netty/netty-codec-http/4.1.30.Final/netty-codec-http-4.1.30.Final.jar:/home/user/.m2/repository/io/netty/netty-codec/4.1.30.Final/netty-codec-4.1.30.Final.jar:/home/user/.m2/repository/io/netty/netty-handler/4.1.30.Final/netty-handler-4.1.30.Final.jar:/home/user/.m2/repository/io/netty/netty-handler-proxy/4.1.30.Final/netty-handler-proxy-4.1.30.Final.jar:/home/user/.m2/repository/io/netty/netty-codec-socks/4.1.30.Final/netty-codec-socks-4.1.30.Final.jar:/home/user/.m2/repository/io/netty/netty-transport-native-epoll/4.1.30.Final/netty-transport-native-epoll-4.1.30.Final.jar:/home/user/.m2/repository/io/netty/netty-common/4.1.30.Final/netty-common-4.1.30.Final.jar:/home/user/.m2/repository/io/netty/netty-buffer/4.1.30.Final/netty-buffer-4.1.30.Final.jar:/home/user/.m2/repository/io/netty/netty-transport/4.1.30.Final/netty-transport-4.1.30.Final.jar:/home/user/.m2/repository/io/netty/netty-resolver/4.1.30.Final/netty-resolver-4.1.30.Final.jar:/home/user/.m2/repository/io/netty/netty-transport-native-unix-common/4.1.30.Final/netty-transport-native-unix-common-4.1.30.Final.jar:/home/user/.m2/repository/io/grpc/grpc-protobuf/1.17.1/grpc-protobuf-1.17.1.jar:/home/user/.m2/repository/com/google/api/grpc/proto-google-common-protos/1.0.0/proto-google-common-protos-1.0.0.jar:/home/user/.m2/repository/io/grpc/grpc-protobuf-lite/1.17.1/grpc-protobuf-lite-1.17.1.jar:/home/user/.m2/repository/io/grpc/grpc-stub/1.17.1/grpc-stub-1.17.1.jar:/home/user/.m2/repository/org/apache/hadoop/hadoop-ozone-recon/0.5.0-SNAPSHOT/hadoop-ozone-recon-0.5.0-SNAPSHOT.jar:/home/user/.m2/repository/org/apache/hadoop/hadoop-ozone-reconcodegen/0.5.0-SNAPSHOT/hadoop-ozone-reconcodegen-0.5.0-SNAPSHOT.jar:/home/user/.m2/repository/com/google/inject/extensions/guice-multibindings/4.0/guice-multibindings-4.0.jar:/home/user/.m2/repository/com/google/inject/guice/4.0/guice-4.0.jar:/home/user/.m2/repository/aopalliance/aopalliance/1.0/aopalliance-1.0.jar:/home/user/.m2/repository/com/google/inject/extensions/guice-servlet/4.0/guice-servlet-4.0.jar:/home/user/.m2/repository/org/glassfish/jersey/containers/jersey-container-servlet/2.27/jersey-container-servlet-2.27.jar:/home/user/.m2/repository/org/glassfish/hk2/guice-bridge/2.5.0/guice-bridge-2.5.0.jar:/home/user/.m2/repository/org/glassfish/jersey/core/jersey-server/2.27/jersey-server-2.27.jar:/home/user/.m2/repository/org/glassfish/jersey/core/jersey-client/2.27/jersey-client-2.27.jar:/home/user/.m2/repository/org/glassfish/jersey/media/jersey-media-jaxb/2.27/jersey-media-jaxb-2.27.jar:/home/user/.m2/repository/javax/validation/validation-api/1.1.0.Final/validation-api-1.1.0.Final.jar:/home/user/.m2/repository/org/glassfish/jersey/media/jersey-media-json-jackson/2.27/jersey-media-json-jackson-2.27.jar:/home/user/.m2/repository/org/glassfish/jersey/ext/jersey-entity-filtering/2.27/jersey-entity-filtering-2.27.jar:/home/user/.m2/repository/com/google/inject/extensions/guice-assistedinject/4.0/guice-assistedinject-4.0.jar:/home/user/.m2/repository/org/jooq/jooq/3.11.10/jooq-3.11.10.jar:/home/user/.m2/repository/org/jooq/jooq-meta/3.11.10/jooq-meta-3.11.10.jar:/home/user/.m2/repository/org/jooq/jooq-codegen/3.11.10/jooq-codegen-3.11.10.jar:/home/user/.m2/repository/com/jolbox/bonecp/0.8.0.RELEASE/bonecp-0.8.0.RELEASE.jar:/home/user/.m2/repository/org/xerial/sqlite-jdbc/3.25.2/sqlite-jdbc-3.25.2.jar:/home/user/.m2/repository/org/springframework/spring-jdbc/5.1.3.RELEASE/spring-jdbc-5.1.3.RELEASE.jar:/home/user/.m2/repository/org/springframework/spring-beans/5.1.3.RELEASE/spring-beans-5.1.3.RELEASE.jar:/home/user/.m2/repository/org/springframework/spring-core/5.1.3.RELEASE/spring-core-5.1.3.RELEASE.jar:/home/user/.m2/repository/org/springframework/spring-jcl/5.1.3.RELEASE/spring-jcl-5.1.3.RELEASE.jar:/home/user/.m2/repository/org/springframework/spring-tx/5.1.3.RELEASE/spring-tx-5.1.3.RELEASE.jar:/home/user/.m2/repository/org/apache/hadoop/hadoop-ozone-client/0.5.0-SNAPSHOT/hadoop-ozone-client-0.5.0-SNAPSHOT.jar:/home/user/.m2/repository/commons-lang/commons-lang/2.6/commons-lang-2.6.jar:/home/user/.m2/repository/org/apache/hadoop/hadoop-ozone-ozone-manager/0.5.0-SNAPSHOT/hadoop-ozone-ozone-manager-0.5.0-SNAPSHOT-tests.jar:/home/user/.m2/repository/junit/junit/4.11/junit-4.11.jar:/home/user/.m2/repository/org/hamcrest/hamcrest-core/1.3/hamcrest-core-1.3.jar:/home/user/.m2/repository/org/openjdk/jmh/jmh-core/1.19/jmh-core-1.19.jar:/home/user/.m2/repository/net/sf/jopt-simple/jopt-simple/4.6/jopt-simple-4.6.jar:/home/user/.m2/repository/org/apache/commons/commons-math3/3.1.1/commons-math3-3.1.1.jar:/home/user/.m2/repository/org/openjdk/jmh/jmh-generator-annprocess/1.19/jmh-generator-annprocess-1.19.jar:/home/user/.m2/repository/org/mockito/mockito-all/1.8.5/mockito-all-1.8.5.jar:/home/user/.m2/repository/org/apache/hadoop/hadoop-kms/3.2.0/hadoop-kms-3.2.0.jar:/home/user/.m2/repository/org/apache/hadoop/hadoop-auth/3.2.0/hadoop-auth-3.2.0.jar:/home/user/.m2/repository/com/nimbusds/nimbus-jose-jwt/4.41.1/nimbus-jose-jwt-4.41.1.jar:/home/user/.m2/repository/com/github/stephenc/jcip/jcip-annotations/1.0-1/jcip-annotations-1.0-1.jar:/home/user/.m2/repository/net/minidev/json-smart/2.3/json-smart-2.3.jar:/home/user/.m2/repository/net/minidev/accessors-smart/1.2/accessors-smart-1.2.jar:/home/user/.m2/repository/org/ow2/asm/asm/5.0.4/asm-5.0.4.jar:/home/user/.m2/repository/org/apache/curator/curator-framework/2.12.0/curator-framework-2.12.0.jar:/home/user/.m2/repository/com/sun/jersey/jersey-core/1.19/jersey-core-1.19.jar:/home/user/.m2/repository/javax/ws/rs/jsr311-api/1.1.1/jsr311-api-1.1.1.jar:/home/user/.m2/repository/com/sun/jersey/jersey-server/1.19/jersey-server-1.19.jar:/home/user/.m2/repository/javax/servlet/javax.servlet-api/3.1.0/javax.servlet-api-3.1.0.jar:/home/user/.m2/repository/org/eclipse/jetty/jetty-server/9.3.24.v20180605/jetty-server-9.3.24.v20180605.jar:/home/user/.m2/repository/org/eclipse/jetty/jetty-http/9.3.24.v20180605/jetty-http-9.3.24.v20180605.jar:/home/user/.m2/repository/org/eclipse/jetty/jetty-io/9.3.24.v20180605/jetty-io-9.3.24.v20180605.jar:/home/user/.m2/repository/org/eclipse/jetty/jetty-webapp/9.3.24.v20180605/jetty-webapp-9.3.24.v20180605.jar:/home/user/.m2/repository/org/eclipse/jetty/jetty-xml/9.3.24.v20180605/jetty-xml-9.3.24.v20180605.jar:/home/user/.m2/repository/log4j/log4j/1.2.17/log4j-1.2.17.jar:/home/user/.m2/repository/org/slf4j/slf4j-api/1.7.25/slf4j-api-1.7.25.jar:/home/user/.m2/repository/org/slf4j/jul-to-slf4j/1.7.25/jul-to-slf4j-1.7.25.jar:/home/user/.m2/repository/org/eclipse/jetty/jetty-util/9.3.24.v20180605/jetty-util-9.3.24.v20180605.jar:/home/user/.m2/repository/com/fasterxml/jackson/core/jackson-databind/2.9.5/jackson-databind-2.9.5.jar:/home/user/.m2/repository/org/apache/hadoop/hadoop-kms/3.2.0/hadoop-kms-3.2.0-tests.jar:/home/user/.m2/repository/org/apache/hadoop/hadoop-hdds-server-scm/0.5.0-SNAPSHOT/hadoop-hdds-server-scm-0.5.0-SNAPSHOT-tests.jar:/home/user/.m2/repository/org/apache/hadoop/hadoop-hdds-container-service/0.5.0-SNAPSHOT/hadoop-hdds-container-service-0.5.0-SNAPSHOT-tests.jar:/home/user/.m2/repository/org/yaml/snakeyaml/1.16/snakeyaml-1.16.jar:/home/user/.m2/repository/org/apache/hadoop/hadoop-common/3.2.0/hadoop-common-3.2.0-tests.jar:/home/user/.m2/repository/org/apache/hadoop/hadoop-annotations/3.2.0/hadoop-annotations-3.2.0.jar:/usr/lib/jvm/java-1.8-openjdk/jre/../lib/tools.jar:/home/user/.m2/repository/commons-cli/commons-cli/1.2/commons-cli-1.2.jar:/home/user/.m2/repository/org/apache/httpcomponents/httpclient/4.5.2/httpclient-4.5.2.jar:/home/user/.m2/repository/org/apache/httpcomponents/httpcore/4.4.4/httpcore-4.4.4.jar:/home/user/.m2/repository/commons-codec/commons-codec/1.11/commons-codec-1.11.jar:/home/user/.m2/repository/commons-net/commons-net/3.6/commons-net-3.6.jar:/home/user/.m2/repository/commons-collections/commons-collections/3.2.2/commons-collections-3.2.2.jar:/home/user/.m2/repository/org/eclipse/jetty/jetty-servlet/9.3.24.v20180605/jetty-servlet-9.3.24.v20180605.jar:/home/user/.m2/repository/org/eclipse/jetty/jetty-security/9.3.24.v20180605/jetty-security-9.3.24.v20180605.jar:/home/user/.m2/repository/javax/servlet/jsp/jsp-api/2.1/jsp-api-2.1.jar:/home/user/.m2/repository/com/sun/jersey/jersey-servlet/1.19/jersey-servlet-1.19.jar:/home/user/.m2/repository/com/sun/jersey/jersey-json/1.19/jersey-json-1.19.jar:/home/user/.m2/repository/org/codehaus/jettison/jettison/1.1/jettison-1.1.jar:/home/user/.m2/repository/org/codehaus/jackson/jackson-core-asl/1.9.13/jackson-core-asl-1.9.13.jar:/home/user/.m2/repository/org/codehaus/jackson/jackson-mapper-asl/1.9.13/jackson-mapper-asl-1.9.13.jar:/home/user/.m2/repository/org/codehaus/jackson/jackson-jaxrs/1.9.13/jackson-jaxrs-1.9.13.jar:/home/user/.m2/repository/org/codehaus/jackson/jackson-xc/1.9.13/jackson-xc-1.9.13.jar:/home/user/.m2/repository/commons-logging/commons-logging/1.1.3/commons-logging-1.1.3.jar:/home/user/.m2/repository/commons-beanutils/commons-beanutils/1.9.3/commons-beanutils-1.9.3.jar:/home/user/.m2/repository/org/apache/commons/commons-configuration2/2.1.1/commons-configuration2-2.1.1.jar:/home/user/.m2/repository/org/apache/commons/commons-lang3/3.7/commons-lang3-3.7.jar:/home/user/.m2/repository/org/apache/commons/commons-text/1.4/commons-text-1.4.jar:/home/user/.m2/repository/org/apache/avro/avro/1.7.7/avro-1.7.7.jar:/home/user/.m2/repository/com/thoughtworks/paranamer/paranamer/2.3/paranamer-2.3.jar:/home/user/.m2/repository/org/xerial/snappy/snappy-java/1.0.5/snappy-java-1.0.5.jar:/home/user/.m2/repository/com/google/re2j/re2j/1.1/re2j-1.1.jar:/home/user/.m2/repository/com/google/code/gson/gson/2.2.4/gson-2.2.4.jar:/home/user/.m2/repository/com/jcraft/jsch/0.1.54/jsch-0.1.54.jar:/home/user/.m2/repository/org/apache/curator/curator-client/2.12.0/curator-client-2.12.0.jar:/home/user/.m2/repository/org/apache/curator/curator-recipes/2.12.0/curator-recipes-2.12.0.jar:/home/user/.m2/repository/com/google/code/findbugs/jsr305/3.0.0/jsr305-3.0.0.jar:/home/user/.m2/repository/org/apache/htrace/htrace-core4/4.1.0-incubating/htrace-core4-4.1.0-incubating.jar:/home/user/.m2/repository/org/apache/zookeeper/zookeeper/3.4.13/zookeeper-3.4.13.jar:/home/user/.m2/repository/org/apache/yetus/audience-annotations/0.5.0/audience-annotations-0.5.0.jar:/home/user/.m2/repository/org/codehaus/woodstox/stax2-api/3.1.4/stax2-api-3.1.4.jar:/home/user/.m2/repository/com/fasterxml/woodstox/woodstox-core/5.0.3/woodstox-core-5.0.3.jar:/home/user/.m2/repository/dnsjava/dnsjava/2.1.7/dnsjava-2.1.7.jar:/home/user/.m2/repository/org/apache/hadoop/hadoop-hdfs/3.2.0/hadoop-hdfs-3.2.0-tests.jar:/home/user/.m2/repository/org/eclipse/jetty/jetty-util-ajax/9.3.24.v20180605/jetty-util-ajax-9.3.24.v20180605.jar:/home/user/.m2/repository/commons-daemon/commons-daemon/1.0.13/commons-daemon-1.0.13.jar:/home/user/.m2/repository/io/netty/netty/3.10.5.Final/netty-3.10.5.Final.jar:/home/user/.m2/repository/io/netty/netty-all/4.0.52.Final/netty-all-4.0.52.Final.jar:/home/user/.m2/repository/org/fusesource/leveldbjni/leveldbjni-all/1.8/leveldbjni-all-1.8.jar:"/>
    <property name="sun.cpu.endian" value="little"/>
    <property name="user.home" value="/home/user"/>
    <property name="user.language" value="en"/>
    <property name="java.specification.vendor" value="Oracle Corporation"/>
    <property name="java.home" value="/usr/lib/jvm/java-1.8-openjdk/jre"/>
    <property name="java.security.krb5.conf" value="/workdir/hadoop-ozone/integration-test/target/test-classes/krb5.conf"/>
    <property name="basedir" value="/workdir/hadoop-ozone/integration-test"/>
    <property name="file.separator" value="/"/>
    <property name="line.separator" value="&#10;"/>
    <property name="java.vm.specification.vendor" value="Oracle Corporation"/>
    <property name="java.specification.name" value="Java Platform API Specification"/>
    <property name="java.awt.graphicsenv" value="sun.awt.X11GraphicsEnvironment"/>
    <property name="surefire.real.class.path" value="/workdir/hadoop-ozone/integration-test/target/surefire/surefirebooter724577508481684583.jar"/>
    <property name="hadoop.log.dir" value="/workdir/hadoop-ozone/integration-test/target/log"/>
    <property name="sun.boot.class.path" value="/usr/lib/jvm/java-1.8-openjdk/jre/lib/resources.jar:/usr/lib/jvm/java-1.8-openjdk/jre/lib/rt.jar:/usr/lib/jvm/java-1.8-openjdk/jre/lib/sunrsasign.jar:/usr/lib/jvm/java-1.8-openjdk/jre/lib/jsse.jar:/usr/lib/jvm/java-1.8-openjdk/jre/lib/jce.jar:/usr/lib/jvm/java-1.8-openjdk/jre/lib/charsets.jar:/usr/lib/jvm/java-1.8-openjdk/jre/lib/jfr.jar:/usr/lib/jvm/java-1.8-openjdk/jre/classes"/>
    <property name="sun.management.compiler" value="HotSpot 64-Bit Tiered Compilers"/>
    <property name="java.runtime.version" value="1.8.0_212-b04"/>
    <property name="java.net.preferIPv4Stack" value="true"/>
    <property name="user.name" value="jenkins1000"/>
    <property name="path.separator" value=":"/>
    <property name="java.security.egd" value="file:///dev/urandom"/>
    <property name="os.version" value="3.10.0-957.12.2.el7.x86_64"/>
    <property name="java.endorsed.dirs" value="/usr/lib/jvm/java-1.8-openjdk/jre/lib/endorsed"/>
    <property name="java.runtime.name" value="OpenJDK Runtime Environment"/>
    <property name="file.encoding" value="UTF-8"/>
    <property name="java.vm.name" value="OpenJDK 64-Bit Server VM"/>
    <property name="test.build.webapps" value=""/>
    <property name="localRepository" value="/home/user/.m2/repository"/>
    <property name="java.vendor.url.bug" value="https://icedtea.classpath.org/bugzilla"/>
    <property name="java.io.tmpdir" value="/tmp"/>
    <property name="require.test.libhadoop" value=""/>
    <property name="java.version" value="1.8.0_212"/>
    <property name="user.dir" value="/workdir/hadoop-ozone/integration-test"/>
    <property name="os.arch" value="amd64"/>
    <property name="java.vm.specification.name" value="Java Virtual Machine Specification"/>
    <property name="test.build.classes" value="/workdir/hadoop-ozone/integration-test/target/test-classes"/>
    <property name="java.awt.printerjob" value="sun.print.PSPrinterJob"/>
    <property name="sun.os.patch.level" value="unknown"/>
    <property name="hadoop.tmp.dir" value="/workdir/hadoop-ozone/integration-test/target/tmp"/>
    <property name="java.library.path" value="/usr/lib/jvm/java-1.8-openjdk/jre/lib/amd64/server:/usr/lib/jvm/java-1.8-openjdk/jre/lib/amd64:/usr/lib/jvm/java-1.8-openjdk/jre/../lib/amd64:/workdir/hadoop-ozone/integration-test/target/native/target/usr/local/lib:/workdir/hadoop-ozone/integration-test/../../hadoop-common-project/hadoop-common/target/native/target/usr/local/lib:/usr/java/packages/lib/amd64:/usr/lib64:/lib64:/lib:/usr/lib"/>
    <property name="java.vm.info" value="mixed mode"/>
    <property name="java.vendor" value="IcedTea"/>
    <property name="java.vm.version" value="25.212-b04"/>
    <property name="java.ext.dirs" value="/usr/lib/jvm/java-1.8-openjdk/jre/lib/ext:/usr/java/packages/lib/ext"/>
    <property name="sun.io.unicode.encoding" value="UnicodeLittle"/>
    <property name="java.class.version" value="52.0"/>
  </properties>
  <testcase name="testWatchForCommitWithKeyWrite" classname="org.apache.hadoop.ozone.client.rpc.TestWatchForCommit" time="74.143"/>
  <testcase name="testWatchForCommitWithSmallerTimeoutValue" classname="org.apache.hadoop.ozone.client.rpc.TestWatchForCommit" time="43.113"/>
  <testcase name="testWatchForCommitForRetryfailure" classname="org.apache.hadoop.ozone.client.rpc.TestWatchForCommit" time="77.327"/>
  <testcase name="testWatchForCommitForGroupMismatchException" classname="org.apache.hadoop.ozone.client.rpc.TestWatchForCommit" time="31.824"/>
  <testcase name="test2WayCommitForTimeoutException" classname="org.apache.hadoop.ozone.client.rpc.TestWatchForCommit" time="28.397">
    <error message="org.apache.ratis.protocol.RaftRetryFailureException: Failed RaftClientRequest:client-A40567C845B8-&gt;118ead1c-3dd0-4d18-b1c5-69ccbf52f2b4@group-1CE661B5BE22, cid=104, seq=2*, RW, org.apache.hadoop.hdds.scm.XceiverClientRatis$$Lambda$361/1822651119@8c9f3fb for 20 attempts with RetryLimited(maxAttempts=20, sleepTime=1000ms)" type="java.util.concurrent.ExecutionException">java.util.concurrent.ExecutionException: org.apache.ratis.protocol.RaftRetryFailureException: Failed RaftClientRequest:client-A40567C845B8->118ead1c-3dd0-4d18-b1c5-69ccbf52f2b4@group-1CE661B5BE22, cid=104, seq=2*, RW, org.apache.hadoop.hdds.scm.XceiverClientRatis$$Lambda$361/1822651119@8c9f3fb for 20 attempts with RetryLimited(maxAttempts=20, sleepTime=1000ms)
	at java.util.concurrent.CompletableFuture.reportGet(CompletableFuture.java:357)
	at java.util.concurrent.CompletableFuture.get(CompletableFuture.java:1895)
	at org.apache.hadoop.ozone.client.rpc.TestWatchForCommit.test2WayCommitForTimeoutException(TestWatchForCommit.java:390)
	at sun.reflect.NativeMethodAccessorImpl.invoke0(Native Method)
	at sun.reflect.NativeMethodAccessorImpl.invoke(NativeMethodAccessorImpl.java:62)
	at sun.reflect.DelegatingMethodAccessorImpl.invoke(DelegatingMethodAccessorImpl.java:43)
	at java.lang.reflect.Method.invoke(Method.java:498)
	at org.junit.runners.model.FrameworkMethod$1.runReflectiveCall(FrameworkMethod.java:47)
	at org.junit.internal.runners.model.ReflectiveCallable.run(ReflectiveCallable.java:12)
	at org.junit.runners.model.FrameworkMethod.invokeExplosively(FrameworkMethod.java:44)
	at org.junit.internal.runners.statements.InvokeMethod.evaluate(InvokeMethod.java:17)
	at org.junit.runners.ParentRunner.runLeaf(ParentRunner.java:271)
	at org.junit.runners.BlockJUnit4ClassRunner.runChild(BlockJUnit4ClassRunner.java:70)
	at org.junit.runners.BlockJUnit4ClassRunner.runChild(BlockJUnit4ClassRunner.java:50)
	at org.junit.runners.ParentRunner$3.run(ParentRunner.java:238)
	at org.junit.runners.ParentRunner$1.schedule(ParentRunner.java:63)
	at org.junit.runners.ParentRunner.runChildren(ParentRunner.java:236)
	at org.junit.runners.ParentRunner.access$000(ParentRunner.java:53)
	at org.junit.runners.ParentRunner$2.evaluate(ParentRunner.java:229)
	at org.junit.runners.ParentRunner.run(ParentRunner.java:309)
	at org.apache.maven.surefire.junit4.JUnit4Provider.execute(JUnit4Provider.java:365)
	at org.apache.maven.surefire.junit4.JUnit4Provider.executeWithRerun(JUnit4Provider.java:273)
	at org.apache.maven.surefire.junit4.JUnit4Provider.executeTestSet(JUnit4Provider.java:238)
	at org.apache.maven.surefire.junit4.JUnit4Provider.invoke(JUnit4Provider.java:159)
	at org.apache.maven.surefire.booter.ForkedBooter.invokeProviderInSameClassLoader(ForkedBooter.java:384)
	at org.apache.maven.surefire.booter.ForkedBooter.runSuitesInProcess(ForkedBooter.java:345)
	at org.apache.maven.surefire.booter.ForkedBooter.execute(ForkedBooter.java:126)
	at org.apache.maven.surefire.booter.ForkedBooter.main(ForkedBooter.java:418)
Caused by: org.apache.ratis.protocol.RaftRetryFailureException: Failed RaftClientRequest:client-A40567C845B8->118ead1c-3dd0-4d18-b1c5-69ccbf52f2b4@group-1CE661B5BE22, cid=104, seq=2*, RW, org.apache.hadoop.hdds.scm.XceiverClientRatis$$Lambda$361/1822651119@8c9f3fb for 20 attempts with RetryLimited(maxAttempts=20, sleepTime=1000ms)
	at org.apache.ratis.client.impl.RaftClientImpl.noMoreRetries(RaftClientImpl.java:272)
	at org.apache.ratis.client.impl.OrderedAsync.handleAsyncRetryFailure(OrderedAsync.java:138)
	at org.apache.ratis.client.impl.OrderedAsync.lambda$sendRequest$10(OrderedAsync.java:230)
	at java.util.concurrent.CompletableFuture.uniExceptionally(CompletableFuture.java:870)
	at java.util.concurrent.CompletableFuture$UniExceptionally.tryFire(CompletableFuture.java:852)
	at java.util.concurrent.CompletableFuture.postComplete(CompletableFuture.java:474)
	at java.util.concurrent.CompletableFuture.completeExceptionally(CompletableFuture.java:1977)
	at org.apache.ratis.grpc.client.GrpcClientProtocolClient$AsyncStreamObservers.completeReplyExceptionally(GrpcClientProtocolClient.java:330)
	at org.apache.ratis.grpc.client.GrpcClientProtocolClient$AsyncStreamObservers.access$000(GrpcClientProtocolClient.java:246)
	at org.apache.ratis.grpc.client.GrpcClientProtocolClient$AsyncStreamObservers$1.onError(GrpcClientProtocolClient.java:275)
	at org.apache.ratis.thirdparty.io.grpc.stub.ClientCalls$StreamObserverToCallListenerAdapter.onClose(ClientCalls.java:434)
	at org.apache.ratis.thirdparty.io.grpc.PartialForwardingClientCallListener.onClose(PartialForwardingClientCallListener.java:39)
	at org.apache.ratis.thirdparty.io.grpc.ForwardingClientCallListener.onClose(ForwardingClientCallListener.java:23)
	at org.apache.ratis.thirdparty.io.grpc.ForwardingClientCallListener$SimpleForwardingClientCallListener.onClose(ForwardingClientCallListener.java:40)
	at org.apache.ratis.thirdparty.io.grpc.internal.CensusStatsModule$StatsClientInterceptor$1$1.onClose(CensusStatsModule.java:678)
	at org.apache.ratis.thirdparty.io.grpc.PartialForwardingClientCallListener.onClose(PartialForwardingClientCallListener.java:39)
	at org.apache.ratis.thirdparty.io.grpc.ForwardingClientCallListener.onClose(ForwardingClientCallListener.java:23)
	at org.apache.ratis.thirdparty.io.grpc.ForwardingClientCallListener$SimpleForwardingClientCallListener.onClose(ForwardingClientCallListener.java:40)
	at org.apache.ratis.thirdparty.io.grpc.internal.CensusTracingModule$TracingClientInterceptor$1$1.onClose(CensusTracingModule.java:397)
	at org.apache.ratis.thirdparty.io.grpc.internal.ClientCallImpl.closeObserver(ClientCallImpl.java:459)
	at org.apache.ratis.thirdparty.io.grpc.internal.ClientCallImpl.access$300(ClientCallImpl.java:63)
	at org.apache.ratis.thirdparty.io.grpc.internal.ClientCallImpl$ClientStreamListenerImpl.close(ClientCallImpl.java:546)
	at org.apache.ratis.thirdparty.io.grpc.internal.ClientCallImpl$ClientStreamListenerImpl.access$600(ClientCallImpl.java:467)
	at org.apache.ratis.thirdparty.io.grpc.internal.ClientCallImpl$ClientStreamListenerImpl$1StreamClosed.runInContext(ClientCallImpl.java:584)
	at org.apache.ratis.thirdparty.io.grpc.internal.ContextRunnable.run(ContextRunnable.java:37)
	at org.apache.ratis.thirdparty.io.grpc.internal.SerializingExecutor.run(SerializingExecutor.java:123)
	at java.util.concurrent.ThreadPoolExecutor.runWorker(ThreadPoolExecutor.java:1149)
	at java.util.concurrent.ThreadPoolExecutor$Worker.run(ThreadPoolExecutor.java:624)
	at java.lang.Thread.run(Thread.java:748)
Caused by: java.io.IOException: org.apache.ratis.thirdparty.io.grpc.StatusRuntimeException: UNAVAILABLE: io exception
	at org.apache.ratis.grpc.GrpcUtil.unwrapException(GrpcUtil.java:76)
	at org.apache.ratis.grpc.GrpcUtil.unwrapIOException(GrpcUtil.java:128)
	at org.apache.ratis.grpc.client.GrpcClientProtocolClient$AsyncStreamObservers$1.onError(GrpcClientProtocolClient.java:274)
	... 19 more
Caused by: org.apache.ratis.thirdparty.io.grpc.StatusRuntimeException: UNAVAILABLE: io exception
	at org.apache.ratis.thirdparty.io.grpc.Status.asRuntimeException(Status.java:526)
	... 19 more
Caused by: org.apache.ratis.thirdparty.io.netty.channel.AbstractChannel$AnnotatedConnectException: Connection refused: /192.168.36.91:39313
	at sun.nio.ch.SocketChannelImpl.checkConnect(Native Method)
	at sun.nio.ch.SocketChannelImpl.finishConnect(SocketChannelImpl.java:717)
	at org.apache.ratis.thirdparty.io.netty.channel.socket.nio.NioSocketChannel.doFinishConnect(NioSocketChannel.java:327)
	at org.apache.ratis.thirdparty.io.netty.channel.nio.AbstractNioChannel$AbstractNioUnsafe.finishConnect(AbstractNioChannel.java:340)
	at org.apache.ratis.thirdparty.io.netty.channel.nio.NioEventLoop.processSelectedKey(NioEventLoop.java:632)
	at org.apache.ratis.thirdparty.io.netty.channel.nio.NioEventLoop.processSelectedKeysOptimized(NioEventLoop.java:579)
	at org.apache.ratis.thirdparty.io.netty.channel.nio.NioEventLoop.processSelectedKeys(NioEventLoop.java:496)
	at org.apache.ratis.thirdparty.io.netty.channel.nio.NioEventLoop.run(NioEventLoop.java:458)
	at org.apache.ratis.thirdparty.io.netty.util.concurrent.SingleThreadEventExecutor$5.run(SingleThreadEventExecutor.java:897)
	at org.apache.ratis.thirdparty.io.netty.util.concurrent.FastThreadLocalRunnable.run(FastThreadLocalRunnable.java:30)
	... 1 more
Caused by: java.net.ConnectException: Connection refused
	... 11 more
</error>
    <system-out><![CDATA[2019-09-01 05:41:57,096 [main] WARN  server.ServerUtils (ServerUtils.java:getScmDbDir(145)) - ozone.scm.db.dirs is not configured. We recommend adding this setting. Falling back to ozone.metadata.dirs instead.
2019-09-01 05:41:57,113 [main] WARN  server.ServerUtils (ServerUtils.java:getScmDbDir(145)) - ozone.scm.db.dirs is not configured. We recommend adding this setting. Falling back to ozone.metadata.dirs instead.
2019-09-01 05:41:57,114 [main] WARN  server.ServerUtils (ServerUtils.java:getScmDbDir(145)) - ozone.scm.db.dirs is not configured. We recommend adding this setting. Falling back to ozone.metadata.dirs instead.
2019-09-01 05:41:57,114 [main] INFO  db.DBStoreBuilder (DBStoreBuilder.java:addTable(110)) - using custom profile for table: deletedBlocks
2019-09-01 05:41:57,115 [main] INFO  db.DBStoreBuilder (DBStoreBuilder.java:processTables(161)) - Using default column profile:DBProfile.DISK for Table:deletedBlocks
2019-09-01 05:41:57,115 [main] INFO  db.DBStoreBuilder (DBStoreBuilder.java:addTable(110)) - using custom profile for table: validCerts
2019-09-01 05:41:57,115 [main] INFO  db.DBStoreBuilder (DBStoreBuilder.java:processTables(161)) - Using default column profile:DBProfile.DISK for Table:validCerts
2019-09-01 05:41:57,116 [main] INFO  db.DBStoreBuilder (DBStoreBuilder.java:addTable(110)) - using custom profile for table: revokedCerts
2019-09-01 05:41:57,116 [main] INFO  db.DBStoreBuilder (DBStoreBuilder.java:processTables(161)) - Using default column profile:DBProfile.DISK for Table:revokedCerts
2019-09-01 05:41:57,116 [main] INFO  db.DBStoreBuilder (DBStoreBuilder.java:addTable(110)) - using custom profile for table: default
2019-09-01 05:41:57,116 [main] INFO  db.DBStoreBuilder (DBStoreBuilder.java:processTables(167)) - Using default column profile:DBProfile.DISK for Table:default
2019-09-01 05:41:57,117 [main] INFO  db.DBStoreBuilder (DBStoreBuilder.java:getDbProfile(198)) - Using default options. DBProfile.DISK
2019-09-01 05:41:57,391 [main] INFO  net.NodeSchemaLoader (NodeSchemaLoader.java:loadSchemaFromFile(125)) - Loading file from sun.misc.CompoundEnumeration@b14b60a
2019-09-01 05:41:57,392 [main] INFO  net.NodeSchemaLoader (NodeSchemaLoader.java:loadSchema(171)) - Loading network topology layer schema file
2019-09-01 05:41:57,397 [main] WARN  server.ServerUtils (ServerUtils.java:sanitizeUserArgs(70)) - ozone.scm.stale.node.interval value = 300000 is larger than max = 100000 based on the key value of ozone.scm.heartbeat.thread.interval, reset to the max value 100000.
2019-09-01 05:41:57,397 [main] WARN  server.ServerUtils (ServerUtils.java:sanitizeUserArgs(70)) - ozone.scm.stale.node.interval value = 300000 is larger than max = 100000 based on the key value of ozone.scm.heartbeat.thread.interval, reset to the max value 100000.
2019-09-01 05:41:57,398 [main] INFO  node.SCMNodeManager (SCMNodeManager.java:<init>(114)) - Entering startup safe mode.
2019-09-01 05:41:57,398 [main] INFO  algorithms.ContainerPlacementPolicyFactory (ContainerPlacementPolicyFactory.java:getPolicy(55)) - Create container placement policy of type org.apache.hadoop.hdds.scm.container.placement.algorithms.SCMContainerPlacementRandom
2019-09-01 05:41:57,399 [main] WARN  server.ServerUtils (ServerUtils.java:getScmDbDir(145)) - ozone.scm.db.dirs is not configured. We recommend adding this setting. Falling back to ozone.metadata.dirs instead.
2019-09-01 05:41:57,486 [main] INFO  pipeline.SCMPipelineManager (SCMPipelineManager.java:initializePipelineState(126)) - No pipeline exists in current db
2019-09-01 05:41:57,486 [main] WARN  server.ServerUtils (ServerUtils.java:getScmDbDir(145)) - ozone.scm.db.dirs is not configured. We recommend adding this setting. Falling back to ozone.metadata.dirs instead.
2019-09-01 05:41:57,857 [main] WARN  events.EventQueue (EventQueue.java:fireEvent(183)) - No event handler registered for event TypedEvent{payloadType=SafeModeStatus, name='SafeModeStatus'}
2019-09-01 05:41:57,858 [main] INFO  ipc.CallQueueManager (CallQueueManager.java:<init>(84)) - Using callQueue: class java.util.concurrent.LinkedBlockingQueue, queueCapacity: 2000, scheduler: class org.apache.hadoop.ipc.DefaultRpcScheduler, ipcBackoff: false.
2019-09-01 05:41:57,859 [Socket Reader #1 for port 45543] INFO  ipc.Server (Server.java:run(1074)) - Starting Socket Reader #1 for port 45543
2019-09-01 05:41:57,860 [main] INFO  ipc.CallQueueManager (CallQueueManager.java:<init>(84)) - Using callQueue: class java.util.concurrent.LinkedBlockingQueue, queueCapacity: 2000, scheduler: class org.apache.hadoop.ipc.DefaultRpcScheduler, ipcBackoff: false.
2019-09-01 05:41:57,861 [Socket Reader #1 for port 42024] INFO  ipc.Server (Server.java:run(1074)) - Starting Socket Reader #1 for port 42024
2019-09-01 05:41:57,862 [main] INFO  ipc.CallQueueManager (CallQueueManager.java:<init>(84)) - Using callQueue: class java.util.concurrent.LinkedBlockingQueue, queueCapacity: 2000, scheduler: class org.apache.hadoop.ipc.DefaultRpcScheduler, ipcBackoff: false.
2019-09-01 05:41:57,863 [Socket Reader #1 for port 40419] INFO  ipc.Server (Server.java:run(1074)) - Starting Socket Reader #1 for port 40419
2019-09-01 05:41:57,866 [main] INFO  hdfs.DFSUtil (DFSUtil.java:httpServerTemplateForNNAndJN(1641)) - Starting Web-server for scm at: http://0.0.0.0:0
2019-09-01 05:41:57,869 [main] INFO  server.AuthenticationFilter (AuthenticationFilter.java:constructSecretProvider(240)) - Unable to initialize FileSignerSecretProvider, falling back to use random secrets.
2019-09-01 05:41:57,869 [main] WARN  http.HttpRequestLog (HttpRequestLog.java:getRequestLog(97)) - Jetty request log can only be enabled using Log4j
2019-09-01 05:41:57,872 [main] INFO  http.HttpServer2 (HttpServer2.java:addGlobalFilter(975)) - Added global filter 'safety' (class=org.apache.hadoop.http.HttpServer2$QuotingInputFilter)
2019-09-01 05:41:57,873 [main] INFO  http.HttpServer2 (HttpServer2.java:addFilter(948)) - Added filter static_user_filter (class=org.apache.hadoop.http.lib.StaticUserWebFilter$StaticUserFilter) to context scm
2019-09-01 05:41:57,873 [main] INFO  http.HttpServer2 (HttpServer2.java:addFilter(958)) - Added filter static_user_filter (class=org.apache.hadoop.http.lib.StaticUserWebFilter$StaticUserFilter) to context static
2019-09-01 05:41:57,873 [main] INFO  http.HttpServer2 (HttpServer2.java:addFilter(958)) - Added filter static_user_filter (class=org.apache.hadoop.http.lib.StaticUserWebFilter$StaticUserFilter) to context logs
2019-09-01 05:41:57,876 [main] INFO  server.StorageContainerManager (StorageContainerManager.java:start(759)) - StorageContainerLocationProtocol RPC server is listening at /0.0.0.0:40419
2019-09-01 05:41:57,879 [main] WARN  impl.MetricsConfig (MetricsConfig.java:loadFirst(134)) - Cannot locate configuration: tried hadoop-metrics2-storagecontainermanager.properties,hadoop-metrics2.properties
2019-09-01 05:41:57,880 [main] INFO  impl.MetricsSystemImpl (MetricsSystemImpl.java:startTimer(374)) - Scheduled Metric snapshot period at 10 second(s).
2019-09-01 05:41:57,880 [main] INFO  impl.MetricsSystemImpl (MetricsSystemImpl.java:start(191)) - StorageContainerManager metrics system started
2019-09-01 05:41:57,974 [main] WARN  impl.MetricsSystemImpl (MetricsSystemImpl.java:register(276)) - Sink prometheus already exists!
2019-09-01 05:41:57,978 [main] INFO  server.SCMClientProtocolServer (SCMClientProtocolServer.java:start(151)) - RPC server for Client  is listening at /0.0.0.0:40419
2019-09-01 05:41:57,978 [IPC Server Responder] INFO  ipc.Server (Server.java:run(1314)) - IPC Server Responder: starting
2019-09-01 05:41:57,979 [IPC Server listener on 40419] INFO  ipc.Server (Server.java:run(1153)) - IPC Server listener on 40419: starting
2019-09-01 05:41:57,981 [main] INFO  server.StorageContainerManager (StorageContainerManager.java:start(769)) - ScmBlockLocationProtocol RPC server is listening at /0.0.0.0:42024
2019-09-01 05:41:57,982 [main] INFO  server.SCMBlockProtocolServer (SCMBlockProtocolServer.java:start(146)) - RPC server for Block Protocol is listening at /0.0.0.0:42024
2019-09-01 05:41:57,982 [IPC Server Responder] INFO  ipc.Server (Server.java:run(1314)) - IPC Server Responder: starting
2019-09-01 05:41:57,982 [IPC Server listener on 42024] INFO  ipc.Server (Server.java:run(1153)) - IPC Server listener on 42024: starting
2019-09-01 05:41:57,986 [main] INFO  server.StorageContainerManager (StorageContainerManager.java:start(773)) - ScmDatanodeProtocl RPC server is listening at /0.0.0.0:45543
2019-09-01 05:41:57,986 [main] INFO  server.SCMDatanodeProtocolServer (SCMDatanodeProtocolServer.java:start(191)) - RPC server for DataNodes is listening at /0.0.0.0:45543
2019-09-01 05:41:57,986 [IPC Server Responder] INFO  ipc.Server (Server.java:run(1314)) - IPC Server Responder: starting
2019-09-01 05:41:57,986 [IPC Server listener on 45543] INFO  ipc.Server (Server.java:run(1153)) - IPC Server listener on 45543: starting
2019-09-01 05:41:57,989 [main] INFO  http.HttpServer2 (HttpServer2.java:bindListener(1191)) - Jetty bound to port 36607
2019-09-01 05:41:57,989 [main] INFO  server.Server (Server.java:doStart(351)) - jetty-9.3.24.v20180605, build timestamp: 2018-06-05T17:11:56Z, git hash: 84205aa28f11a4f31f2a3b86d1bba2cc8ab69827
2019-09-01 05:41:57,991 [main] INFO  handler.ContextHandler (ContextHandler.java:doStart(781)) - Started o.e.j.s.ServletContextHandler@3b78c683{/logs,file:///workdir/hadoop-ozone/integration-test/target/log,AVAILABLE}
2019-09-01 05:41:57,992 [main] INFO  handler.ContextHandler (ContextHandler.java:doStart(781)) - Started o.e.j.s.ServletContextHandler@480cbe2e{/static,file:///workdir/hadoop-ozone/integration-test/target/test-classes/webapps/static,AVAILABLE}
2019-09-01 05:41:57,997 [main] INFO  handler.ContextHandler (ContextHandler.java:doStart(781)) - Started o.e.j.w.WebAppContext@11b5f4e2{/,file:///workdir/hadoop-ozone/integration-test/target/test-classes/webapps/scm/,AVAILABLE}{/scm}
2019-09-01 05:41:57,997 [main] INFO  server.AbstractConnector (AbstractConnector.java:doStart(278)) - Started ServerConnector@6bcae9{HTTP/1.1,[http/1.1]}{0.0.0.0:36607}
2019-09-01 05:41:57,998 [main] INFO  server.Server (Server.java:doStart(419)) - Started @227731ms
2019-09-01 05:41:57,998 [main] WARN  impl.MetricsSystemImpl (MetricsSystemImpl.java:register(276)) - Sink prometheus already exists!
2019-09-01 05:41:57,999 [main] INFO  server.BaseHttpServer (BaseHttpServer.java:updateConnectorAddress(215)) - HTTP server of SCM is listening at http://0.0.0.0:36607
2019-09-01 05:41:57,999 [main] WARN  server.ServerUtils (ServerUtils.java:getDBPath(222)) - ozone.om.db.dirs is not configured. We recommend adding this setting. Falling back to ozone.metadata.dirs instead.
2019-09-01 05:41:58,000 [org.apache.hadoop.util.JvmPauseMonitor$Monitor@58feb6b0] INFO  util.JvmPauseMonitor (JvmPauseMonitor.java:run(188)) - Starting JVM pause monitor
2019-09-01 05:41:58,022 [main] WARN  server.ServerUtils (ServerUtils.java:getDBPath(222)) - ozone.om.db.dirs is not configured. We recommend adding this setting. Falling back to ozone.metadata.dirs instead.
2019-09-01 05:41:58,022 [main] WARN  server.ServerUtils (ServerUtils.java:getDBPath(222)) - ozone.om.db.dirs is not configured. We recommend adding this setting. Falling back to ozone.metadata.dirs instead.
2019-09-01 05:41:58,022 [main] INFO  om.OzoneManager (OzoneManager.java:setOMNodeDetails(649)) - OM Service ID is not set. Setting it to the default ID: omServiceIdDefault
2019-09-01 05:41:58,023 [main] INFO  om.OzoneManager (OzoneManager.java:setOMNodeDetails(655)) - OM Node ID is not set. Setting it to the OmStorage's OmID: 6426a460-ab18-4571-bc40-2210d71f8f34
2019-09-01 05:41:58,023 [main] INFO  om.OzoneManager (OzoneManager.java:loadOMHAConfigs(606)) - Found matching OM address with OMServiceId: null, OMNodeId: null, RPC Address: localhost:0 and Ratis port: 9872
2019-09-01 05:41:58,032 [main] WARN  server.ServerUtils (ServerUtils.java:getDBPath(222)) - ozone.om.db.dirs is not configured. We recommend adding this setting. Falling back to ozone.metadata.dirs instead.
2019-09-01 05:41:58,033 [main] INFO  db.DBStoreBuilder (DBStoreBuilder.java:addTable(110)) - using custom profile for table: userTable
2019-09-01 05:41:58,033 [main] INFO  db.DBStoreBuilder (DBStoreBuilder.java:processTables(161)) - Using default column profile:DBProfile.DISK for Table:userTable
2019-09-01 05:41:58,033 [main] INFO  db.DBStoreBuilder (DBStoreBuilder.java:addTable(110)) - using custom profile for table: volumeTable
2019-09-01 05:41:58,033 [main] INFO  db.DBStoreBuilder (DBStoreBuilder.java:processTables(161)) - Using default column profile:DBProfile.DISK for Table:volumeTable
2019-09-01 05:41:58,034 [main] INFO  db.DBStoreBuilder (DBStoreBuilder.java:addTable(110)) - using custom profile for table: bucketTable
2019-09-01 05:41:58,034 [main] INFO  db.DBStoreBuilder (DBStoreBuilder.java:processTables(161)) - Using default column profile:DBProfile.DISK for Table:bucketTable
2019-09-01 05:41:58,034 [main] INFO  db.DBStoreBuilder (DBStoreBuilder.java:addTable(110)) - using custom profile for table: keyTable
2019-09-01 05:41:58,034 [main] INFO  db.DBStoreBuilder (DBStoreBuilder.java:processTables(161)) - Using default column profile:DBProfile.DISK for Table:keyTable
2019-09-01 05:41:58,034 [main] INFO  db.DBStoreBuilder (DBStoreBuilder.java:addTable(110)) - using custom profile for table: deletedTable
2019-09-01 05:41:58,034 [main] INFO  db.DBStoreBuilder (DBStoreBuilder.java:processTables(161)) - Using default column profile:DBProfile.DISK for Table:deletedTable
2019-09-01 05:41:58,035 [main] INFO  db.DBStoreBuilder (DBStoreBuilder.java:addTable(110)) - using custom profile for table: openKeyTable
2019-09-01 05:41:58,035 [main] INFO  db.DBStoreBuilder (DBStoreBuilder.java:processTables(161)) - Using default column profile:DBProfile.DISK for Table:openKeyTable
2019-09-01 05:41:58,035 [main] INFO  db.DBStoreBuilder (DBStoreBuilder.java:addTable(110)) - using custom profile for table: s3Table
2019-09-01 05:41:58,035 [main] INFO  db.DBStoreBuilder (DBStoreBuilder.java:processTables(161)) - Using default column profile:DBProfile.DISK for Table:s3Table
2019-09-01 05:41:58,035 [main] INFO  db.DBStoreBuilder (DBStoreBuilder.java:addTable(110)) - using custom profile for table: multipartInfoTable
2019-09-01 05:41:58,036 [main] INFO  db.DBStoreBuilder (DBStoreBuilder.java:processTables(161)) - Using default column profile:DBProfile.DISK for Table:multipartInfoTable
2019-09-01 05:41:58,036 [main] INFO  db.DBStoreBuilder (DBStoreBuilder.java:addTable(110)) - using custom profile for table: dTokenTable
2019-09-01 05:41:58,036 [main] INFO  db.DBStoreBuilder (DBStoreBuilder.java:processTables(161)) - Using default column profile:DBProfile.DISK for Table:dTokenTable
2019-09-01 05:41:58,036 [main] INFO  db.DBStoreBuilder (DBStoreBuilder.java:addTable(110)) - using custom profile for table: s3SecretTable
2019-09-01 05:41:58,036 [main] INFO  db.DBStoreBuilder (DBStoreBuilder.java:processTables(161)) - Using default column profile:DBProfile.DISK for Table:s3SecretTable
2019-09-01 05:41:58,036 [main] INFO  db.DBStoreBuilder (DBStoreBuilder.java:addTable(110)) - using custom profile for table: prefixTable
2019-09-01 05:41:58,036 [main] INFO  db.DBStoreBuilder (DBStoreBuilder.java:processTables(161)) - Using default column profile:DBProfile.DISK for Table:prefixTable
2019-09-01 05:41:58,037 [main] INFO  db.DBStoreBuilder (DBStoreBuilder.java:addTable(110)) - using custom profile for table: default
2019-09-01 05:41:58,037 [main] INFO  db.DBStoreBuilder (DBStoreBuilder.java:processTables(167)) - Using default column profile:DBProfile.DISK for Table:default
2019-09-01 05:41:58,037 [main] INFO  db.DBStoreBuilder (DBStoreBuilder.java:getDbProfile(198)) - Using default options. DBProfile.DISK
2019-09-01 05:41:58,734 [main] INFO  ipc.CallQueueManager (CallQueueManager.java:<init>(84)) - Using callQueue: class java.util.concurrent.LinkedBlockingQueue, queueCapacity: 2000, scheduler: class org.apache.hadoop.ipc.DefaultRpcScheduler, ipcBackoff: false.
2019-09-01 05:41:58,735 [Socket Reader #1 for port 41704] INFO  ipc.Server (Server.java:run(1074)) - Starting Socket Reader #1 for port 41704
2019-09-01 05:41:58,750 [main] INFO  om.OzoneManager (OzoneManager.java:start(1240)) - OzoneManager RPC server is listening at localhost/127.0.0.1:41704
2019-09-01 05:41:58,750 [main] INFO  impl.MetricsSystemImpl (MetricsSystemImpl.java:init(158)) - OzoneManager metrics system started (again)
2019-09-01 05:41:58,750 [IPC Server Responder] INFO  ipc.Server (Server.java:run(1314)) - IPC Server Responder: starting
2019-09-01 05:41:58,751 [IPC Server listener on 41704] INFO  ipc.Server (Server.java:run(1153)) - IPC Server listener on 41704: starting
2019-09-01 05:41:58,754 [main] INFO  hdfs.DFSUtil (DFSUtil.java:httpServerTemplateForNNAndJN(1641)) - Starting Web-server for ozoneManager at: http://0.0.0.0:0
2019-09-01 05:41:58,756 [main] INFO  server.AuthenticationFilter (AuthenticationFilter.java:constructSecretProvider(240)) - Unable to initialize FileSignerSecretProvider, falling back to use random secrets.
2019-09-01 05:41:58,756 [main] WARN  http.HttpRequestLog (HttpRequestLog.java:getRequestLog(97)) - Jetty request log can only be enabled using Log4j
2019-09-01 05:41:58,757 [main] INFO  http.HttpServer2 (HttpServer2.java:addGlobalFilter(975)) - Added global filter 'safety' (class=org.apache.hadoop.http.HttpServer2$QuotingInputFilter)
2019-09-01 05:41:58,758 [main] INFO  http.HttpServer2 (HttpServer2.java:addFilter(948)) - Added filter static_user_filter (class=org.apache.hadoop.http.lib.StaticUserWebFilter$StaticUserFilter) to context ozoneManager
2019-09-01 05:41:58,758 [main] INFO  http.HttpServer2 (HttpServer2.java:addFilter(958)) - Added filter static_user_filter (class=org.apache.hadoop.http.lib.StaticUserWebFilter$StaticUserFilter) to context logs
2019-09-01 05:41:58,758 [main] INFO  http.HttpServer2 (HttpServer2.java:addFilter(958)) - Added filter static_user_filter (class=org.apache.hadoop.http.lib.StaticUserWebFilter$StaticUserFilter) to context static
2019-09-01 05:41:58,759 [main] INFO  http.HttpServer2 (HttpServer2.java:bindListener(1191)) - Jetty bound to port 41310
2019-09-01 05:41:58,759 [main] INFO  server.Server (Server.java:doStart(351)) - jetty-9.3.24.v20180605, build timestamp: 2018-06-05T17:11:56Z, git hash: 84205aa28f11a4f31f2a3b86d1bba2cc8ab69827
2019-09-01 05:41:58,761 [main] INFO  handler.ContextHandler (ContextHandler.java:doStart(781)) - Started o.e.j.s.ServletContextHandler@14fc9bd{/logs,file:///workdir/hadoop-ozone/integration-test/target/log,AVAILABLE}
2019-09-01 05:41:58,761 [main] INFO  handler.ContextHandler (ContextHandler.java:doStart(781)) - Started o.e.j.s.ServletContextHandler@1cd6b1bd{/static,file:///workdir/hadoop-ozone/integration-test/target/test-classes/webapps/static,AVAILABLE}
2019-09-01 05:41:58,765 [main] INFO  handler.ContextHandler (ContextHandler.java:doStart(781)) - Started o.e.j.w.WebAppContext@70b6db83{/,file:///workdir/hadoop-ozone/integration-test/target/test-classes/webapps/ozoneManager/,AVAILABLE}{/ozoneManager}
2019-09-01 05:41:58,765 [main] INFO  server.AbstractConnector (AbstractConnector.java:doStart(278)) - Started ServerConnector@5a090f62{HTTP/1.1,[http/1.1]}{0.0.0.0:41310}
2019-09-01 05:41:58,766 [main] INFO  server.Server (Server.java:doStart(419)) - Started @228499ms
2019-09-01 05:41:58,766 [main] WARN  impl.MetricsSystemImpl (MetricsSystemImpl.java:register(276)) - Sink prometheus already exists!
2019-09-01 05:41:58,767 [main] INFO  server.BaseHttpServer (BaseHttpServer.java:updateConnectorAddress(215)) - HTTP server of OZONEMANAGER is listening at http://0.0.0.0:41310
2019-09-01 05:41:58,785 [main] INFO  impl.MetricsSystemImpl (MetricsSystemImpl.java:init(158)) - HddsDatanode metrics system started (again)
2019-09-01 05:41:58,788 [main] INFO  ozone.HddsDatanodeService (HddsDatanodeService.java:start(184)) - HddsDatanodeService host:trunk-nightly-20190901-gkzrd-4143273587 ip:192.168.36.91
2019-09-01 05:41:58,793 [main] INFO  volume.HddsVolume (HddsVolume.java:<init>(176)) - Creating Volume: /workdir/hadoop-ozone/integration-test/target/test-dir/MiniOzoneClusterImpl-5793c448-5931-4119-8416-4c480dda9cd0/datanode-0/data/containers/hdds of  storage type : DISK and capacity : 1482555576320
2019-09-01 05:41:58,794 [main] INFO  volume.VolumeSet (VolumeSet.java:initializeVolumeSet(170)) - Added Volume : /workdir/hadoop-ozone/integration-test/target/test-dir/MiniOzoneClusterImpl-5793c448-5931-4119-8416-4c480dda9cd0/datanode-0/data/containers/hdds to VolumeSet
2019-09-01 05:41:58,794 [main] INFO  volume.ThrottledAsyncChecker (ThrottledAsyncChecker.java:schedule(140)) - Scheduling a check for org.apache.hadoop.ozone.container.common.volume.HddsVolume@36f6e521
2019-09-01 05:41:58,794 [main] INFO  volume.HddsVolumeChecker (HddsVolumeChecker.java:checkAllVolumes(203)) - Scheduled health check for volume org.apache.hadoop.ozone.container.common.volume.HddsVolume@36f6e521
2019-09-01 05:41:58,812 [main] INFO  impl.RaftServerProxy (ConfUtils.java:logGet(43)) - raft.rpc.type = GRPC (default)
2019-09-01 05:41:58,812 [main] INFO  grpc.GrpcFactory (GrpcFactory.java:checkPooledByteBufAllocatorUseCacheForAllThreads(45)) - PERFORMANCE WARNING: useCacheForAllThreads is true that may cause Netty to create a lot garbage objects and, as a result, trigger GC.
	It is recommended to disable useCacheForAllThreads by setting -Dorg.apache.ratis.thirdparty.io.netty.allocator.useCacheForAllThreads=false in command line.
2019-09-01 05:41:58,812 [main] INFO  grpc.GrpcConfigKeys$Server (ConfUtils.java:logGet(43)) - raft.grpc.server.port = 0 (default)
2019-09-01 05:41:58,812 [main] INFO  server.GrpcService (ConfUtils.java:logGet(43)) - raft.grpc.message.size.max = 33570816 (custom)
2019-09-01 05:41:58,813 [main] INFO  server.RaftServerConfigKeys (ConfUtils.java:logGet(43)) - raft.server.log.appender.buffer.byte-limit = 33554432 (custom)
2019-09-01 05:41:58,813 [main] INFO  server.GrpcService (ConfUtils.java:logGet(43)) - raft.grpc.flow.control.window = 1MB (=1048576) (default)
2019-09-01 05:41:58,813 [main] INFO  server.RaftServerConfigKeys (ConfUtils.java:logGet(43)) - raft.server.rpc.request.timeout = 3000ms (default)
2019-09-01 05:41:58,814 [main] INFO  server.RaftServerConfigKeys (ConfUtils.java:logGet(43)) - raft.server.storage.dir = [/workdir/hadoop-ozone/integration-test/target/test-dir/MiniOzoneClusterImpl-5793c448-5931-4119-8416-4c480dda9cd0/datanode-0/data/ratis] (custom)
2019-09-01 05:41:58,815 [main] INFO  hdfs.DFSUtil (DFSUtil.java:httpServerTemplateForNNAndJN(1641)) - Starting Web-server for hddsDatanode at: http://0.0.0.0:0
2019-09-01 05:41:58,816 [main] INFO  server.AuthenticationFilter (AuthenticationFilter.java:constructSecretProvider(240)) - Unable to initialize FileSignerSecretProvider, falling back to use random secrets.
2019-09-01 05:41:58,817 [main] WARN  http.HttpRequestLog (HttpRequestLog.java:getRequestLog(97)) - Jetty request log can only be enabled using Log4j
2019-09-01 05:41:58,819 [main] INFO  http.HttpServer2 (HttpServer2.java:addGlobalFilter(975)) - Added global filter 'safety' (class=org.apache.hadoop.http.HttpServer2$QuotingInputFilter)
2019-09-01 05:41:58,819 [main] INFO  http.HttpServer2 (HttpServer2.java:addFilter(948)) - Added filter static_user_filter (class=org.apache.hadoop.http.lib.StaticUserWebFilter$StaticUserFilter) to context hddsDatanode
2019-09-01 05:41:58,820 [main] INFO  http.HttpServer2 (HttpServer2.java:addFilter(958)) - Added filter static_user_filter (class=org.apache.hadoop.http.lib.StaticUserWebFilter$StaticUserFilter) to context logs
2019-09-01 05:41:58,820 [main] INFO  http.HttpServer2 (HttpServer2.java:addFilter(958)) - Added filter static_user_filter (class=org.apache.hadoop.http.lib.StaticUserWebFilter$StaticUserFilter) to context static
2019-09-01 05:41:58,820 [main] INFO  http.HttpServer2 (HttpServer2.java:bindListener(1191)) - Jetty bound to port 36835
2019-09-01 05:41:58,821 [main] INFO  server.Server (Server.java:doStart(351)) - jetty-9.3.24.v20180605, build timestamp: 2018-06-05T17:11:56Z, git hash: 84205aa28f11a4f31f2a3b86d1bba2cc8ab69827
2019-09-01 05:41:58,822 [main] INFO  handler.ContextHandler (ContextHandler.java:doStart(781)) - Started o.e.j.s.ServletContextHandler@28a6e171{/logs,file:///workdir/hadoop-ozone/integration-test/target/log,AVAILABLE}
2019-09-01 05:41:58,823 [main] INFO  handler.ContextHandler (ContextHandler.java:doStart(781)) - Started o.e.j.s.ServletContextHandler@31a136a6{/static,jar:file:/home/user/.m2/repository/org/apache/hadoop/hadoop-hdds-container-service/0.5.0-SNAPSHOT/hadoop-hdds-container-service-0.5.0-SNAPSHOT.jar!/webapps/static,AVAILABLE}
2019-09-01 05:41:58,852 [main] INFO  handler.ContextHandler (ContextHandler.java:doStart(781)) - Started o.e.j.w.WebAppContext@5db948c9{/,file:///tmp/jetty-0.0.0.0-36835-hddsDatanode-_-any-9147984641971215923.dir/webapp/,AVAILABLE}{/hddsDatanode}
2019-09-01 05:41:58,853 [main] INFO  server.AbstractConnector (AbstractConnector.java:doStart(278)) - Started ServerConnector@296edc75{HTTP/1.1,[http/1.1]}{0.0.0.0:36835}
2019-09-01 05:41:58,854 [main] INFO  server.Server (Server.java:doStart(419)) - Started @228587ms
2019-09-01 05:41:58,854 [main] WARN  impl.MetricsSystemImpl (MetricsSystemImpl.java:register(276)) - Sink prometheus already exists!
2019-09-01 05:41:58,855 [main] INFO  server.BaseHttpServer (BaseHttpServer.java:updateConnectorAddress(215)) - HTTP server of HDDSDATANODE is listening at http://0.0.0.0:36835
2019-09-01 05:41:58,856 [main] INFO  impl.MetricsSystemImpl (MetricsSystemImpl.java:init(158)) - HddsDatanode metrics system started (again)
2019-09-01 05:41:58,858 [org.apache.hadoop.util.JvmPauseMonitor$Monitor@1c8d2b1] INFO  util.JvmPauseMonitor (JvmPauseMonitor.java:run(188)) - Starting JVM pause monitor
2019-09-01 05:41:58,859 [main] INFO  ozone.HddsDatanodeService (HddsDatanodeService.java:start(184)) - HddsDatanodeService host:trunk-nightly-20190901-gkzrd-4143273587 ip:192.168.36.91
2019-09-01 05:41:58,859 [Datanode State Machine Thread - 0] INFO  datanode.InitDatanodeState (InitDatanodeState.java:persistContainerDatanodeDetails(140)) - DatanodeDetails is persisted to /workdir/hadoop-ozone/integration-test/target/test-dir/MiniOzoneClusterImpl-5793c448-5931-4119-8416-4c480dda9cd0/datanode-0/meta/datanode.id
2019-09-01 05:41:58,865 [main] INFO  volume.HddsVolume (HddsVolume.java:<init>(176)) - Creating Volume: /workdir/hadoop-ozone/integration-test/target/test-dir/MiniOzoneClusterImpl-5793c448-5931-4119-8416-4c480dda9cd0/datanode-1/data/containers/hdds of  storage type : DISK and capacity : 1482555576320
2019-09-01 05:41:58,866 [main] INFO  volume.VolumeSet (VolumeSet.java:initializeVolumeSet(170)) - Added Volume : /workdir/hadoop-ozone/integration-test/target/test-dir/MiniOzoneClusterImpl-5793c448-5931-4119-8416-4c480dda9cd0/datanode-1/data/containers/hdds to VolumeSet
2019-09-01 05:41:58,866 [main] INFO  volume.ThrottledAsyncChecker (ThrottledAsyncChecker.java:schedule(140)) - Scheduling a check for org.apache.hadoop.ozone.container.common.volume.HddsVolume@6a2d867d
2019-09-01 05:41:58,869 [main] INFO  volume.HddsVolumeChecker (HddsVolumeChecker.java:checkAllVolumes(203)) - Scheduled health check for volume org.apache.hadoop.ozone.container.common.volume.HddsVolume@6a2d867d
2019-09-01 05:41:58,886 [main] INFO  impl.RaftServerProxy (ConfUtils.java:logGet(43)) - raft.rpc.type = GRPC (default)
2019-09-01 05:41:58,886 [main] INFO  grpc.GrpcFactory (GrpcFactory.java:checkPooledByteBufAllocatorUseCacheForAllThreads(45)) - PERFORMANCE WARNING: useCacheForAllThreads is true that may cause Netty to create a lot garbage objects and, as a result, trigger GC.
	It is recommended to disable useCacheForAllThreads by setting -Dorg.apache.ratis.thirdparty.io.netty.allocator.useCacheForAllThreads=false in command line.
2019-09-01 05:41:58,886 [main] INFO  grpc.GrpcConfigKeys$Server (ConfUtils.java:logGet(43)) - raft.grpc.server.port = 0 (default)
2019-09-01 05:41:58,886 [main] INFO  server.GrpcService (ConfUtils.java:logGet(43)) - raft.grpc.message.size.max = 33570816 (custom)
2019-09-01 05:41:58,887 [main] INFO  server.RaftServerConfigKeys (ConfUtils.java:logGet(43)) - raft.server.log.appender.buffer.byte-limit = 33554432 (custom)
2019-09-01 05:41:58,887 [main] INFO  server.GrpcService (ConfUtils.java:logGet(43)) - raft.grpc.flow.control.window = 1MB (=1048576) (default)
2019-09-01 05:41:58,887 [main] INFO  server.RaftServerConfigKeys (ConfUtils.java:logGet(43)) - raft.server.rpc.request.timeout = 3000ms (default)
2019-09-01 05:41:58,888 [main] INFO  server.RaftServerConfigKeys (ConfUtils.java:logGet(43)) - raft.server.storage.dir = [/workdir/hadoop-ozone/integration-test/target/test-dir/MiniOzoneClusterImpl-5793c448-5931-4119-8416-4c480dda9cd0/datanode-1/data/ratis] (custom)
2019-09-01 05:41:58,889 [main] INFO  hdfs.DFSUtil (DFSUtil.java:httpServerTemplateForNNAndJN(1641)) - Starting Web-server for hddsDatanode at: http://0.0.0.0:0
2019-09-01 05:41:58,890 [main] INFO  server.AuthenticationFilter (AuthenticationFilter.java:constructSecretProvider(240)) - Unable to initialize FileSignerSecretProvider, falling back to use random secrets.
2019-09-01 05:41:58,891 [main] WARN  http.HttpRequestLog (HttpRequestLog.java:getRequestLog(97)) - Jetty request log can only be enabled using Log4j
2019-09-01 05:41:58,892 [main] INFO  http.HttpServer2 (HttpServer2.java:addGlobalFilter(975)) - Added global filter 'safety' (class=org.apache.hadoop.http.HttpServer2$QuotingInputFilter)
2019-09-01 05:41:58,893 [main] INFO  http.HttpServer2 (HttpServer2.java:addFilter(948)) - Added filter static_user_filter (class=org.apache.hadoop.http.lib.StaticUserWebFilter$StaticUserFilter) to context hddsDatanode
2019-09-01 05:41:58,893 [main] INFO  http.HttpServer2 (HttpServer2.java:addFilter(958)) - Added filter static_user_filter (class=org.apache.hadoop.http.lib.StaticUserWebFilter$StaticUserFilter) to context static
2019-09-01 05:41:58,893 [main] INFO  http.HttpServer2 (HttpServer2.java:addFilter(958)) - Added filter static_user_filter (class=org.apache.hadoop.http.lib.StaticUserWebFilter$StaticUserFilter) to context logs
2019-09-01 05:41:58,894 [main] INFO  http.HttpServer2 (HttpServer2.java:bindListener(1191)) - Jetty bound to port 35796
2019-09-01 05:41:58,894 [main] INFO  server.Server (Server.java:doStart(351)) - jetty-9.3.24.v20180605, build timestamp: 2018-06-05T17:11:56Z, git hash: 84205aa28f11a4f31f2a3b86d1bba2cc8ab69827
2019-09-01 05:41:58,896 [main] INFO  handler.ContextHandler (ContextHandler.java:doStart(781)) - Started o.e.j.s.ServletContextHandler@491f8831{/logs,file:///workdir/hadoop-ozone/integration-test/target/log,AVAILABLE}
2019-09-01 05:41:58,896 [main] INFO  handler.ContextHandler (ContextHandler.java:doStart(781)) - Started o.e.j.s.ServletContextHandler@5b733ef7{/static,jar:file:/home/user/.m2/repository/org/apache/hadoop/hadoop-hdds-container-service/0.5.0-SNAPSHOT/hadoop-hdds-container-service-0.5.0-SNAPSHOT.jar!/webapps/static,AVAILABLE}
2019-09-01 05:41:58,923 [main] INFO  handler.ContextHandler (ContextHandler.java:doStart(781)) - Started o.e.j.w.WebAppContext@6f85ee02{/,file:///tmp/jetty-0.0.0.0-35796-hddsDatanode-_-any-8056154861393881867.dir/webapp/,AVAILABLE}{/hddsDatanode}
2019-09-01 05:41:58,924 [main] INFO  server.AbstractConnector (AbstractConnector.java:doStart(278)) - Started ServerConnector@679d0be8{HTTP/1.1,[http/1.1]}{0.0.0.0:35796}
2019-09-01 05:41:58,925 [main] INFO  server.Server (Server.java:doStart(419)) - Started @228658ms
2019-09-01 05:41:58,925 [main] WARN  impl.MetricsSystemImpl (MetricsSystemImpl.java:register(276)) - Sink prometheus already exists!
2019-09-01 05:41:58,926 [main] INFO  server.BaseHttpServer (BaseHttpServer.java:updateConnectorAddress(215)) - HTTP server of HDDSDATANODE is listening at http://0.0.0.0:35796
2019-09-01 05:41:58,926 [main] INFO  impl.MetricsSystemImpl (MetricsSystemImpl.java:init(158)) - HddsDatanode metrics system started (again)
2019-09-01 05:41:58,929 [org.apache.hadoop.util.JvmPauseMonitor$Monitor@56c713dc] INFO  util.JvmPauseMonitor (JvmPauseMonitor.java:run(188)) - Starting JVM pause monitor
2019-09-01 05:41:58,929 [main] INFO  ozone.HddsDatanodeService (HddsDatanodeService.java:start(184)) - HddsDatanodeService host:trunk-nightly-20190901-gkzrd-4143273587 ip:192.168.36.91
2019-09-01 05:41:58,930 [Datanode State Machine Thread - 0] INFO  datanode.InitDatanodeState (InitDatanodeState.java:persistContainerDatanodeDetails(140)) - DatanodeDetails is persisted to /workdir/hadoop-ozone/integration-test/target/test-dir/MiniOzoneClusterImpl-5793c448-5931-4119-8416-4c480dda9cd0/datanode-1/meta/datanode.id
2019-09-01 05:41:58,934 [main] INFO  volume.HddsVolume (HddsVolume.java:<init>(176)) - Creating Volume: /workdir/hadoop-ozone/integration-test/target/test-dir/MiniOzoneClusterImpl-5793c448-5931-4119-8416-4c480dda9cd0/datanode-2/data/containers/hdds of  storage type : DISK and capacity : 1482555576320
2019-09-01 05:41:58,935 [main] INFO  volume.VolumeSet (VolumeSet.java:initializeVolumeSet(170)) - Added Volume : /workdir/hadoop-ozone/integration-test/target/test-dir/MiniOzoneClusterImpl-5793c448-5931-4119-8416-4c480dda9cd0/datanode-2/data/containers/hdds to VolumeSet
2019-09-01 05:41:58,935 [main] INFO  volume.ThrottledAsyncChecker (ThrottledAsyncChecker.java:schedule(140)) - Scheduling a check for org.apache.hadoop.ozone.container.common.volume.HddsVolume@5eed6dfb
2019-09-01 05:41:58,936 [main] INFO  volume.HddsVolumeChecker (HddsVolumeChecker.java:checkAllVolumes(203)) - Scheduled health check for volume org.apache.hadoop.ozone.container.common.volume.HddsVolume@5eed6dfb
2019-09-01 05:41:58,950 [main] INFO  impl.RaftServerProxy (ConfUtils.java:logGet(43)) - raft.rpc.type = GRPC (default)
2019-09-01 05:41:58,951 [main] INFO  grpc.GrpcFactory (GrpcFactory.java:checkPooledByteBufAllocatorUseCacheForAllThreads(45)) - PERFORMANCE WARNING: useCacheForAllThreads is true that may cause Netty to create a lot garbage objects and, as a result, trigger GC.
	It is recommended to disable useCacheForAllThreads by setting -Dorg.apache.ratis.thirdparty.io.netty.allocator.useCacheForAllThreads=false in command line.
2019-09-01 05:41:58,951 [main] INFO  grpc.GrpcConfigKeys$Server (ConfUtils.java:logGet(43)) - raft.grpc.server.port = 0 (default)
2019-09-01 05:41:58,951 [main] INFO  server.GrpcService (ConfUtils.java:logGet(43)) - raft.grpc.message.size.max = 33570816 (custom)
2019-09-01 05:41:58,952 [main] INFO  server.RaftServerConfigKeys (ConfUtils.java:logGet(43)) - raft.server.log.appender.buffer.byte-limit = 33554432 (custom)
2019-09-01 05:41:58,952 [main] INFO  server.GrpcService (ConfUtils.java:logGet(43)) - raft.grpc.flow.control.window = 1MB (=1048576) (default)
2019-09-01 05:41:58,952 [main] INFO  server.RaftServerConfigKeys (ConfUtils.java:logGet(43)) - raft.server.rpc.request.timeout = 3000ms (default)
2019-09-01 05:41:58,953 [main] INFO  server.RaftServerConfigKeys (ConfUtils.java:logGet(43)) - raft.server.storage.dir = [/workdir/hadoop-ozone/integration-test/target/test-dir/MiniOzoneClusterImpl-5793c448-5931-4119-8416-4c480dda9cd0/datanode-2/data/ratis] (custom)
2019-09-01 05:41:58,954 [main] INFO  hdfs.DFSUtil (DFSUtil.java:httpServerTemplateForNNAndJN(1641)) - Starting Web-server for hddsDatanode at: http://0.0.0.0:0
2019-09-01 05:41:58,956 [main] INFO  server.AuthenticationFilter (AuthenticationFilter.java:constructSecretProvider(240)) - Unable to initialize FileSignerSecretProvider, falling back to use random secrets.
2019-09-01 05:41:58,956 [main] WARN  http.HttpRequestLog (HttpRequestLog.java:getRequestLog(97)) - Jetty request log can only be enabled using Log4j
2019-09-01 05:41:58,958 [main] INFO  http.HttpServer2 (HttpServer2.java:addGlobalFilter(975)) - Added global filter 'safety' (class=org.apache.hadoop.http.HttpServer2$QuotingInputFilter)
2019-09-01 05:41:58,958 [main] INFO  http.HttpServer2 (HttpServer2.java:addFilter(948)) - Added filter static_user_filter (class=org.apache.hadoop.http.lib.StaticUserWebFilter$StaticUserFilter) to context hddsDatanode
2019-09-01 05:41:58,958 [main] INFO  http.HttpServer2 (HttpServer2.java:addFilter(958)) - Added filter static_user_filter (class=org.apache.hadoop.http.lib.StaticUserWebFilter$StaticUserFilter) to context static
2019-09-01 05:41:58,958 [main] INFO  http.HttpServer2 (HttpServer2.java:addFilter(958)) - Added filter static_user_filter (class=org.apache.hadoop.http.lib.StaticUserWebFilter$StaticUserFilter) to context logs
2019-09-01 05:41:58,959 [main] INFO  http.HttpServer2 (HttpServer2.java:bindListener(1191)) - Jetty bound to port 34814
2019-09-01 05:41:58,959 [main] INFO  server.Server (Server.java:doStart(351)) - jetty-9.3.24.v20180605, build timestamp: 2018-06-05T17:11:56Z, git hash: 84205aa28f11a4f31f2a3b86d1bba2cc8ab69827
2019-09-01 05:41:58,961 [main] INFO  handler.ContextHandler (ContextHandler.java:doStart(781)) - Started o.e.j.s.ServletContextHandler@5d1d9d73{/logs,file:///workdir/hadoop-ozone/integration-test/target/log,AVAILABLE}
2019-09-01 05:41:58,961 [main] INFO  handler.ContextHandler (ContextHandler.java:doStart(781)) - Started o.e.j.s.ServletContextHandler@764a3e5d{/static,jar:file:/home/user/.m2/repository/org/apache/hadoop/hadoop-hdds-container-service/0.5.0-SNAPSHOT/hadoop-hdds-container-service-0.5.0-SNAPSHOT.jar!/webapps/static,AVAILABLE}
2019-09-01 05:41:58,989 [main] INFO  handler.ContextHandler (ContextHandler.java:doStart(781)) - Started o.e.j.w.WebAppContext@6df4af5{/,file:///tmp/jetty-0.0.0.0-34814-hddsDatanode-_-any-6667455561435407540.dir/webapp/,AVAILABLE}{/hddsDatanode}
2019-09-01 05:41:58,990 [main] INFO  server.AbstractConnector (AbstractConnector.java:doStart(278)) - Started ServerConnector@26e8ff8c{HTTP/1.1,[http/1.1]}{0.0.0.0:34814}
2019-09-01 05:41:58,991 [main] INFO  server.Server (Server.java:doStart(419)) - Started @228724ms
2019-09-01 05:41:58,992 [main] WARN  impl.MetricsSystemImpl (MetricsSystemImpl.java:register(276)) - Sink prometheus already exists!
2019-09-01 05:41:58,993 [main] INFO  server.BaseHttpServer (BaseHttpServer.java:updateConnectorAddress(215)) - HTTP server of HDDSDATANODE is listening at http://0.0.0.0:34814
2019-09-01 05:41:58,993 [main] INFO  impl.MetricsSystemImpl (MetricsSystemImpl.java:init(158)) - HddsDatanode metrics system started (again)
2019-09-01 05:41:58,996 [org.apache.hadoop.util.JvmPauseMonitor$Monitor@6ed0b3da] INFO  util.JvmPauseMonitor (JvmPauseMonitor.java:run(188)) - Starting JVM pause monitor
2019-09-01 05:41:58,996 [main] INFO  ozone.HddsDatanodeService (HddsDatanodeService.java:start(184)) - HddsDatanodeService host:trunk-nightly-20190901-gkzrd-4143273587 ip:192.168.36.91
2019-09-01 05:41:58,996 [Datanode State Machine Thread - 0] INFO  datanode.InitDatanodeState (InitDatanodeState.java:persistContainerDatanodeDetails(140)) - DatanodeDetails is persisted to /workdir/hadoop-ozone/integration-test/target/test-dir/MiniOzoneClusterImpl-5793c448-5931-4119-8416-4c480dda9cd0/datanode-2/meta/datanode.id
2019-09-01 05:41:59,001 [main] INFO  volume.HddsVolume (HddsVolume.java:<init>(176)) - Creating Volume: /workdir/hadoop-ozone/integration-test/target/test-dir/MiniOzoneClusterImpl-5793c448-5931-4119-8416-4c480dda9cd0/datanode-3/data/containers/hdds of  storage type : DISK and capacity : 1482555576320
2019-09-01 05:41:59,001 [main] INFO  volume.VolumeSet (VolumeSet.java:initializeVolumeSet(170)) - Added Volume : /workdir/hadoop-ozone/integration-test/target/test-dir/MiniOzoneClusterImpl-5793c448-5931-4119-8416-4c480dda9cd0/datanode-3/data/containers/hdds to VolumeSet
2019-09-01 05:41:59,001 [main] INFO  volume.ThrottledAsyncChecker (ThrottledAsyncChecker.java:schedule(140)) - Scheduling a check for org.apache.hadoop.ozone.container.common.volume.HddsVolume@34045582
2019-09-01 05:41:59,002 [main] INFO  volume.HddsVolumeChecker (HddsVolumeChecker.java:checkAllVolumes(203)) - Scheduled health check for volume org.apache.hadoop.ozone.container.common.volume.HddsVolume@34045582
2019-09-01 05:41:59,015 [main] INFO  impl.RaftServerProxy (ConfUtils.java:logGet(43)) - raft.rpc.type = GRPC (default)
2019-09-01 05:41:59,015 [main] INFO  grpc.GrpcFactory (GrpcFactory.java:checkPooledByteBufAllocatorUseCacheForAllThreads(45)) - PERFORMANCE WARNING: useCacheForAllThreads is true that may cause Netty to create a lot garbage objects and, as a result, trigger GC.
	It is recommended to disable useCacheForAllThreads by setting -Dorg.apache.ratis.thirdparty.io.netty.allocator.useCacheForAllThreads=false in command line.
2019-09-01 05:41:59,015 [main] INFO  grpc.GrpcConfigKeys$Server (ConfUtils.java:logGet(43)) - raft.grpc.server.port = 0 (default)
2019-09-01 05:41:59,015 [main] INFO  server.GrpcService (ConfUtils.java:logGet(43)) - raft.grpc.message.size.max = 33570816 (custom)
2019-09-01 05:41:59,015 [main] INFO  server.RaftServerConfigKeys (ConfUtils.java:logGet(43)) - raft.server.log.appender.buffer.byte-limit = 33554432 (custom)
2019-09-01 05:41:59,016 [main] INFO  server.GrpcService (ConfUtils.java:logGet(43)) - raft.grpc.flow.control.window = 1MB (=1048576) (default)
2019-09-01 05:41:59,016 [main] INFO  server.RaftServerConfigKeys (ConfUtils.java:logGet(43)) - raft.server.rpc.request.timeout = 3000ms (default)
2019-09-01 05:41:59,016 [main] INFO  server.RaftServerConfigKeys (ConfUtils.java:logGet(43)) - raft.server.storage.dir = [/workdir/hadoop-ozone/integration-test/target/test-dir/MiniOzoneClusterImpl-5793c448-5931-4119-8416-4c480dda9cd0/datanode-3/data/ratis] (custom)
2019-09-01 05:41:59,019 [main] INFO  hdfs.DFSUtil (DFSUtil.java:httpServerTemplateForNNAndJN(1641)) - Starting Web-server for hddsDatanode at: http://0.0.0.0:0
2019-09-01 05:41:59,020 [main] INFO  server.AuthenticationFilter (AuthenticationFilter.java:constructSecretProvider(240)) - Unable to initialize FileSignerSecretProvider, falling back to use random secrets.
2019-09-01 05:41:59,021 [main] WARN  http.HttpRequestLog (HttpRequestLog.java:getRequestLog(97)) - Jetty request log can only be enabled using Log4j
2019-09-01 05:41:59,022 [main] INFO  http.HttpServer2 (HttpServer2.java:addGlobalFilter(975)) - Added global filter 'safety' (class=org.apache.hadoop.http.HttpServer2$QuotingInputFilter)
2019-09-01 05:41:59,023 [main] INFO  http.HttpServer2 (HttpServer2.java:addFilter(948)) - Added filter static_user_filter (class=org.apache.hadoop.http.lib.StaticUserWebFilter$StaticUserFilter) to context hddsDatanode
2019-09-01 05:41:59,023 [main] INFO  http.HttpServer2 (HttpServer2.java:addFilter(958)) - Added filter static_user_filter (class=org.apache.hadoop.http.lib.StaticUserWebFilter$StaticUserFilter) to context static
2019-09-01 05:41:59,023 [main] INFO  http.HttpServer2 (HttpServer2.java:addFilter(958)) - Added filter static_user_filter (class=org.apache.hadoop.http.lib.StaticUserWebFilter$StaticUserFilter) to context logs
2019-09-01 05:41:59,024 [main] INFO  http.HttpServer2 (HttpServer2.java:bindListener(1191)) - Jetty bound to port 44236
2019-09-01 05:41:59,024 [main] INFO  server.Server (Server.java:doStart(351)) - jetty-9.3.24.v20180605, build timestamp: 2018-06-05T17:11:56Z, git hash: 84205aa28f11a4f31f2a3b86d1bba2cc8ab69827
2019-09-01 05:41:59,026 [main] INFO  handler.ContextHandler (ContextHandler.java:doStart(781)) - Started o.e.j.s.ServletContextHandler@5b1e88f{/logs,file:///workdir/hadoop-ozone/integration-test/target/log,AVAILABLE}
2019-09-01 05:41:59,026 [main] INFO  handler.ContextHandler (ContextHandler.java:doStart(781)) - Started o.e.j.s.ServletContextHandler@6a1568d6{/static,jar:file:/home/user/.m2/repository/org/apache/hadoop/hadoop-hdds-container-service/0.5.0-SNAPSHOT/hadoop-hdds-container-service-0.5.0-SNAPSHOT.jar!/webapps/static,AVAILABLE}
2019-09-01 05:41:59,064 [main] INFO  handler.ContextHandler (ContextHandler.java:doStart(781)) - Started o.e.j.w.WebAppContext@16bd7ae1{/,file:///tmp/jetty-0.0.0.0-44236-hddsDatanode-_-any-4283123407907385776.dir/webapp/,AVAILABLE}{/hddsDatanode}
2019-09-01 05:41:59,065 [main] INFO  server.AbstractConnector (AbstractConnector.java:doStart(278)) - Started ServerConnector@15d114ce{HTTP/1.1,[http/1.1]}{0.0.0.0:44236}
2019-09-01 05:41:59,067 [main] INFO  server.Server (Server.java:doStart(419)) - Started @228800ms
2019-09-01 05:41:59,067 [main] WARN  impl.MetricsSystemImpl (MetricsSystemImpl.java:register(276)) - Sink prometheus already exists!
2019-09-01 05:41:59,068 [main] INFO  server.BaseHttpServer (BaseHttpServer.java:updateConnectorAddress(215)) - HTTP server of HDDSDATANODE is listening at http://0.0.0.0:44236
2019-09-01 05:41:59,068 [main] INFO  impl.MetricsSystemImpl (MetricsSystemImpl.java:init(158)) - HddsDatanode metrics system started (again)
2019-09-01 05:41:59,071 [org.apache.hadoop.util.JvmPauseMonitor$Monitor@71766867] INFO  util.JvmPauseMonitor (JvmPauseMonitor.java:run(188)) - Starting JVM pause monitor
2019-09-01 05:41:59,072 [main] INFO  ozone.HddsDatanodeService (HddsDatanodeService.java:start(184)) - HddsDatanodeService host:trunk-nightly-20190901-gkzrd-4143273587 ip:192.168.36.91
2019-09-01 05:41:59,072 [Datanode State Machine Thread - 0] INFO  datanode.InitDatanodeState (InitDatanodeState.java:persistContainerDatanodeDetails(140)) - DatanodeDetails is persisted to /workdir/hadoop-ozone/integration-test/target/test-dir/MiniOzoneClusterImpl-5793c448-5931-4119-8416-4c480dda9cd0/datanode-3/meta/datanode.id
2019-09-01 05:41:59,077 [main] INFO  volume.HddsVolume (HddsVolume.java:<init>(176)) - Creating Volume: /workdir/hadoop-ozone/integration-test/target/test-dir/MiniOzoneClusterImpl-5793c448-5931-4119-8416-4c480dda9cd0/datanode-4/data/containers/hdds of  storage type : DISK and capacity : 1482555576320
2019-09-01 05:41:59,077 [main] INFO  volume.VolumeSet (VolumeSet.java:initializeVolumeSet(170)) - Added Volume : /workdir/hadoop-ozone/integration-test/target/test-dir/MiniOzoneClusterImpl-5793c448-5931-4119-8416-4c480dda9cd0/datanode-4/data/containers/hdds to VolumeSet
2019-09-01 05:41:59,078 [main] INFO  volume.ThrottledAsyncChecker (ThrottledAsyncChecker.java:schedule(140)) - Scheduling a check for org.apache.hadoop.ozone.container.common.volume.HddsVolume@3af2f846
2019-09-01 05:41:59,078 [main] INFO  volume.HddsVolumeChecker (HddsVolumeChecker.java:checkAllVolumes(203)) - Scheduled health check for volume org.apache.hadoop.ozone.container.common.volume.HddsVolume@3af2f846
2019-09-01 05:41:59,091 [main] INFO  impl.RaftServerProxy (ConfUtils.java:logGet(43)) - raft.rpc.type = GRPC (default)
2019-09-01 05:41:59,092 [main] INFO  grpc.GrpcFactory (GrpcFactory.java:checkPooledByteBufAllocatorUseCacheForAllThreads(45)) - PERFORMANCE WARNING: useCacheForAllThreads is true that may cause Netty to create a lot garbage objects and, as a result, trigger GC.
	It is recommended to disable useCacheForAllThreads by setting -Dorg.apache.ratis.thirdparty.io.netty.allocator.useCacheForAllThreads=false in command line.
2019-09-01 05:41:59,092 [main] INFO  grpc.GrpcConfigKeys$Server (ConfUtils.java:logGet(43)) - raft.grpc.server.port = 0 (default)
2019-09-01 05:41:59,092 [main] INFO  server.GrpcService (ConfUtils.java:logGet(43)) - raft.grpc.message.size.max = 33570816 (custom)
2019-09-01 05:41:59,092 [main] INFO  server.RaftServerConfigKeys (ConfUtils.java:logGet(43)) - raft.server.log.appender.buffer.byte-limit = 33554432 (custom)
2019-09-01 05:41:59,092 [main] INFO  server.GrpcService (ConfUtils.java:logGet(43)) - raft.grpc.flow.control.window = 1MB (=1048576) (default)
2019-09-01 05:41:59,092 [main] INFO  server.RaftServerConfigKeys (ConfUtils.java:logGet(43)) - raft.server.rpc.request.timeout = 3000ms (default)
2019-09-01 05:41:59,093 [main] INFO  server.RaftServerConfigKeys (ConfUtils.java:logGet(43)) - raft.server.storage.dir = [/workdir/hadoop-ozone/integration-test/target/test-dir/MiniOzoneClusterImpl-5793c448-5931-4119-8416-4c480dda9cd0/datanode-4/data/ratis] (custom)
2019-09-01 05:41:59,094 [main] INFO  hdfs.DFSUtil (DFSUtil.java:httpServerTemplateForNNAndJN(1641)) - Starting Web-server for hddsDatanode at: http://0.0.0.0:0
2019-09-01 05:41:59,096 [main] INFO  server.AuthenticationFilter (AuthenticationFilter.java:constructSecretProvider(240)) - Unable to initialize FileSignerSecretProvider, falling back to use random secrets.
2019-09-01 05:41:59,096 [main] WARN  http.HttpRequestLog (HttpRequestLog.java:getRequestLog(97)) - Jetty request log can only be enabled using Log4j
2019-09-01 05:41:59,098 [main] INFO  http.HttpServer2 (HttpServer2.java:addGlobalFilter(975)) - Added global filter 'safety' (class=org.apache.hadoop.http.HttpServer2$QuotingInputFilter)
2019-09-01 05:41:59,098 [main] INFO  http.HttpServer2 (HttpServer2.java:addFilter(948)) - Added filter static_user_filter (class=org.apache.hadoop.http.lib.StaticUserWebFilter$StaticUserFilter) to context hddsDatanode
2019-09-01 05:41:59,098 [main] INFO  http.HttpServer2 (HttpServer2.java:addFilter(958)) - Added filter static_user_filter (class=org.apache.hadoop.http.lib.StaticUserWebFilter$StaticUserFilter) to context logs
2019-09-01 05:41:59,098 [main] INFO  http.HttpServer2 (HttpServer2.java:addFilter(958)) - Added filter static_user_filter (class=org.apache.hadoop.http.lib.StaticUserWebFilter$StaticUserFilter) to context static
2019-09-01 05:41:59,099 [main] INFO  http.HttpServer2 (HttpServer2.java:bindListener(1191)) - Jetty bound to port 34414
2019-09-01 05:41:59,099 [main] INFO  server.Server (Server.java:doStart(351)) - jetty-9.3.24.v20180605, build timestamp: 2018-06-05T17:11:56Z, git hash: 84205aa28f11a4f31f2a3b86d1bba2cc8ab69827
2019-09-01 05:41:59,100 [main] INFO  handler.ContextHandler (ContextHandler.java:doStart(781)) - Started o.e.j.s.ServletContextHandler@3e856100{/logs,file:///workdir/hadoop-ozone/integration-test/target/log,AVAILABLE}
2019-09-01 05:41:59,101 [main] INFO  handler.ContextHandler (ContextHandler.java:doStart(781)) - Started o.e.j.s.ServletContextHandler@28fc1132{/static,jar:file:/home/user/.m2/repository/org/apache/hadoop/hadoop-hdds-container-service/0.5.0-SNAPSHOT/hadoop-hdds-container-service-0.5.0-SNAPSHOT.jar!/webapps/static,AVAILABLE}
2019-09-01 05:41:59,129 [main] INFO  handler.ContextHandler (ContextHandler.java:doStart(781)) - Started o.e.j.w.WebAppContext@a0c5be{/,file:///tmp/jetty-0.0.0.0-34414-hddsDatanode-_-any-2517157399641464544.dir/webapp/,AVAILABLE}{/hddsDatanode}
2019-09-01 05:41:59,129 [main] INFO  server.AbstractConnector (AbstractConnector.java:doStart(278)) - Started ServerConnector@6424e613{HTTP/1.1,[http/1.1]}{0.0.0.0:34414}
2019-09-01 05:41:59,131 [main] INFO  server.Server (Server.java:doStart(419)) - Started @228863ms
2019-09-01 05:41:59,131 [main] WARN  impl.MetricsSystemImpl (MetricsSystemImpl.java:register(276)) - Sink prometheus already exists!
2019-09-01 05:41:59,131 [main] INFO  server.BaseHttpServer (BaseHttpServer.java:updateConnectorAddress(215)) - HTTP server of HDDSDATANODE is listening at http://0.0.0.0:34414
2019-09-01 05:41:59,132 [main] INFO  impl.MetricsSystemImpl (MetricsSystemImpl.java:init(158)) - HddsDatanode metrics system started (again)
2019-09-01 05:41:59,135 [org.apache.hadoop.util.JvmPauseMonitor$Monitor@64a466fa] INFO  util.JvmPauseMonitor (JvmPauseMonitor.java:run(188)) - Starting JVM pause monitor
2019-09-01 05:41:59,135 [main] INFO  ozone.HddsDatanodeService (HddsDatanodeService.java:start(184)) - HddsDatanodeService host:trunk-nightly-20190901-gkzrd-4143273587 ip:192.168.36.91
2019-09-01 05:41:59,136 [Datanode State Machine Thread - 0] INFO  datanode.InitDatanodeState (InitDatanodeState.java:persistContainerDatanodeDetails(140)) - DatanodeDetails is persisted to /workdir/hadoop-ozone/integration-test/target/test-dir/MiniOzoneClusterImpl-5793c448-5931-4119-8416-4c480dda9cd0/datanode-4/meta/datanode.id
2019-09-01 05:41:59,141 [main] INFO  volume.HddsVolume (HddsVolume.java:<init>(176)) - Creating Volume: /workdir/hadoop-ozone/integration-test/target/test-dir/MiniOzoneClusterImpl-5793c448-5931-4119-8416-4c480dda9cd0/datanode-5/data/containers/hdds of  storage type : DISK and capacity : 1482555576320
2019-09-01 05:41:59,141 [main] INFO  volume.VolumeSet (VolumeSet.java:initializeVolumeSet(170)) - Added Volume : /workdir/hadoop-ozone/integration-test/target/test-dir/MiniOzoneClusterImpl-5793c448-5931-4119-8416-4c480dda9cd0/datanode-5/data/containers/hdds to VolumeSet
2019-09-01 05:41:59,142 [main] INFO  volume.ThrottledAsyncChecker (ThrottledAsyncChecker.java:schedule(140)) - Scheduling a check for org.apache.hadoop.ozone.container.common.volume.HddsVolume@1e76afeb
2019-09-01 05:41:59,142 [main] INFO  volume.HddsVolumeChecker (HddsVolumeChecker.java:checkAllVolumes(203)) - Scheduled health check for volume org.apache.hadoop.ozone.container.common.volume.HddsVolume@1e76afeb
2019-09-01 05:41:59,155 [main] INFO  impl.RaftServerProxy (ConfUtils.java:logGet(43)) - raft.rpc.type = GRPC (default)
2019-09-01 05:41:59,155 [main] INFO  grpc.GrpcFactory (GrpcFactory.java:checkPooledByteBufAllocatorUseCacheForAllThreads(45)) - PERFORMANCE WARNING: useCacheForAllThreads is true that may cause Netty to create a lot garbage objects and, as a result, trigger GC.
	It is recommended to disable useCacheForAllThreads by setting -Dorg.apache.ratis.thirdparty.io.netty.allocator.useCacheForAllThreads=false in command line.
2019-09-01 05:41:59,156 [main] INFO  grpc.GrpcConfigKeys$Server (ConfUtils.java:logGet(43)) - raft.grpc.server.port = 0 (default)
2019-09-01 05:41:59,156 [main] INFO  server.GrpcService (ConfUtils.java:logGet(43)) - raft.grpc.message.size.max = 33570816 (custom)
2019-09-01 05:41:59,156 [main] INFO  server.RaftServerConfigKeys (ConfUtils.java:logGet(43)) - raft.server.log.appender.buffer.byte-limit = 33554432 (custom)
2019-09-01 05:41:59,156 [main] INFO  server.GrpcService (ConfUtils.java:logGet(43)) - raft.grpc.flow.control.window = 1MB (=1048576) (default)
2019-09-01 05:41:59,156 [main] INFO  server.RaftServerConfigKeys (ConfUtils.java:logGet(43)) - raft.server.rpc.request.timeout = 3000ms (default)
2019-09-01 05:41:59,157 [main] INFO  server.RaftServerConfigKeys (ConfUtils.java:logGet(43)) - raft.server.storage.dir = [/workdir/hadoop-ozone/integration-test/target/test-dir/MiniOzoneClusterImpl-5793c448-5931-4119-8416-4c480dda9cd0/datanode-5/data/ratis] (custom)
2019-09-01 05:41:59,158 [main] INFO  hdfs.DFSUtil (DFSUtil.java:httpServerTemplateForNNAndJN(1641)) - Starting Web-server for hddsDatanode at: http://0.0.0.0:0
2019-09-01 05:41:59,159 [main] INFO  server.AuthenticationFilter (AuthenticationFilter.java:constructSecretProvider(240)) - Unable to initialize FileSignerSecretProvider, falling back to use random secrets.
2019-09-01 05:41:59,160 [main] WARN  http.HttpRequestLog (HttpRequestLog.java:getRequestLog(97)) - Jetty request log can only be enabled using Log4j
2019-09-01 05:41:59,161 [main] INFO  http.HttpServer2 (HttpServer2.java:addGlobalFilter(975)) - Added global filter 'safety' (class=org.apache.hadoop.http.HttpServer2$QuotingInputFilter)
2019-09-01 05:41:59,161 [main] INFO  http.HttpServer2 (HttpServer2.java:addFilter(948)) - Added filter static_user_filter (class=org.apache.hadoop.http.lib.StaticUserWebFilter$StaticUserFilter) to context hddsDatanode
2019-09-01 05:41:59,161 [main] INFO  http.HttpServer2 (HttpServer2.java:addFilter(958)) - Added filter static_user_filter (class=org.apache.hadoop.http.lib.StaticUserWebFilter$StaticUserFilter) to context static
2019-09-01 05:41:59,161 [main] INFO  http.HttpServer2 (HttpServer2.java:addFilter(958)) - Added filter static_user_filter (class=org.apache.hadoop.http.lib.StaticUserWebFilter$StaticUserFilter) to context logs
2019-09-01 05:41:59,162 [main] INFO  http.HttpServer2 (HttpServer2.java:bindListener(1191)) - Jetty bound to port 32908
2019-09-01 05:41:59,162 [main] INFO  server.Server (Server.java:doStart(351)) - jetty-9.3.24.v20180605, build timestamp: 2018-06-05T17:11:56Z, git hash: 84205aa28f11a4f31f2a3b86d1bba2cc8ab69827
2019-09-01 05:41:59,164 [main] INFO  handler.ContextHandler (ContextHandler.java:doStart(781)) - Started o.e.j.s.ServletContextHandler@191a0351{/logs,file:///workdir/hadoop-ozone/integration-test/target/log,AVAILABLE}
2019-09-01 05:41:59,164 [main] INFO  handler.ContextHandler (ContextHandler.java:doStart(781)) - Started o.e.j.s.ServletContextHandler@51ba952e{/static,jar:file:/home/user/.m2/repository/org/apache/hadoop/hadoop-hdds-container-service/0.5.0-SNAPSHOT/hadoop-hdds-container-service-0.5.0-SNAPSHOT.jar!/webapps/static,AVAILABLE}
2019-09-01 05:41:59,191 [main] INFO  handler.ContextHandler (ContextHandler.java:doStart(781)) - Started o.e.j.w.WebAppContext@492be039{/,file:///tmp/jetty-0.0.0.0-32908-hddsDatanode-_-any-1737680317329068349.dir/webapp/,AVAILABLE}{/hddsDatanode}
2019-09-01 05:41:59,192 [main] INFO  server.AbstractConnector (AbstractConnector.java:doStart(278)) - Started ServerConnector@1cd2143b{HTTP/1.1,[http/1.1]}{0.0.0.0:32908}
2019-09-01 05:41:59,193 [main] INFO  server.Server (Server.java:doStart(419)) - Started @228926ms
2019-09-01 05:41:59,193 [main] WARN  impl.MetricsSystemImpl (MetricsSystemImpl.java:register(276)) - Sink prometheus already exists!
2019-09-01 05:41:59,194 [main] INFO  server.BaseHttpServer (BaseHttpServer.java:updateConnectorAddress(215)) - HTTP server of HDDSDATANODE is listening at http://0.0.0.0:32908
2019-09-01 05:41:59,195 [main] INFO  impl.MetricsSystemImpl (MetricsSystemImpl.java:init(158)) - HddsDatanode metrics system started (again)
2019-09-01 05:41:59,198 [org.apache.hadoop.util.JvmPauseMonitor$Monitor@3a2eec65] INFO  util.JvmPauseMonitor (JvmPauseMonitor.java:run(188)) - Starting JVM pause monitor
2019-09-01 05:41:59,198 [main] INFO  ozone.HddsDatanodeService (HddsDatanodeService.java:start(184)) - HddsDatanodeService host:trunk-nightly-20190901-gkzrd-4143273587 ip:192.168.36.91
2019-09-01 05:41:59,199 [Datanode State Machine Thread - 0] INFO  datanode.InitDatanodeState (InitDatanodeState.java:persistContainerDatanodeDetails(140)) - DatanodeDetails is persisted to /workdir/hadoop-ozone/integration-test/target/test-dir/MiniOzoneClusterImpl-5793c448-5931-4119-8416-4c480dda9cd0/datanode-5/meta/datanode.id
2019-09-01 05:41:59,203 [main] INFO  volume.HddsVolume (HddsVolume.java:<init>(176)) - Creating Volume: /workdir/hadoop-ozone/integration-test/target/test-dir/MiniOzoneClusterImpl-5793c448-5931-4119-8416-4c480dda9cd0/datanode-6/data/containers/hdds of  storage type : DISK and capacity : 1482555576320
2019-09-01 05:41:59,204 [main] INFO  volume.VolumeSet (VolumeSet.java:initializeVolumeSet(170)) - Added Volume : /workdir/hadoop-ozone/integration-test/target/test-dir/MiniOzoneClusterImpl-5793c448-5931-4119-8416-4c480dda9cd0/datanode-6/data/containers/hdds to VolumeSet
2019-09-01 05:41:59,204 [main] INFO  volume.ThrottledAsyncChecker (ThrottledAsyncChecker.java:schedule(140)) - Scheduling a check for org.apache.hadoop.ozone.container.common.volume.HddsVolume@1f916219
2019-09-01 05:41:59,204 [main] INFO  volume.HddsVolumeChecker (HddsVolumeChecker.java:checkAllVolumes(203)) - Scheduled health check for volume org.apache.hadoop.ozone.container.common.volume.HddsVolume@1f916219
2019-09-01 05:41:59,216 [main] INFO  impl.RaftServerProxy (ConfUtils.java:logGet(43)) - raft.rpc.type = GRPC (default)
2019-09-01 05:41:59,217 [main] INFO  grpc.GrpcFactory (GrpcFactory.java:checkPooledByteBufAllocatorUseCacheForAllThreads(45)) - PERFORMANCE WARNING: useCacheForAllThreads is true that may cause Netty to create a lot garbage objects and, as a result, trigger GC.
	It is recommended to disable useCacheForAllThreads by setting -Dorg.apache.ratis.thirdparty.io.netty.allocator.useCacheForAllThreads=false in command line.
2019-09-01 05:41:59,217 [main] INFO  grpc.GrpcConfigKeys$Server (ConfUtils.java:logGet(43)) - raft.grpc.server.port = 0 (default)
2019-09-01 05:41:59,217 [main] INFO  server.GrpcService (ConfUtils.java:logGet(43)) - raft.grpc.message.size.max = 33570816 (custom)
2019-09-01 05:41:59,217 [main] INFO  server.RaftServerConfigKeys (ConfUtils.java:logGet(43)) - raft.server.log.appender.buffer.byte-limit = 33554432 (custom)
2019-09-01 05:41:59,217 [main] INFO  server.GrpcService (ConfUtils.java:logGet(43)) - raft.grpc.flow.control.window = 1MB (=1048576) (default)
2019-09-01 05:41:59,218 [main] INFO  server.RaftServerConfigKeys (ConfUtils.java:logGet(43)) - raft.server.rpc.request.timeout = 3000ms (default)
2019-09-01 05:41:59,218 [main] INFO  server.RaftServerConfigKeys (ConfUtils.java:logGet(43)) - raft.server.storage.dir = [/workdir/hadoop-ozone/integration-test/target/test-dir/MiniOzoneClusterImpl-5793c448-5931-4119-8416-4c480dda9cd0/datanode-6/data/ratis] (custom)
2019-09-01 05:41:59,219 [main] INFO  hdfs.DFSUtil (DFSUtil.java:httpServerTemplateForNNAndJN(1641)) - Starting Web-server for hddsDatanode at: http://0.0.0.0:0
2019-09-01 05:41:59,221 [main] INFO  server.AuthenticationFilter (AuthenticationFilter.java:constructSecretProvider(240)) - Unable to initialize FileSignerSecretProvider, falling back to use random secrets.
2019-09-01 05:41:59,221 [main] WARN  http.HttpRequestLog (HttpRequestLog.java:getRequestLog(97)) - Jetty request log can only be enabled using Log4j
2019-09-01 05:41:59,222 [main] INFO  http.HttpServer2 (HttpServer2.java:addGlobalFilter(975)) - Added global filter 'safety' (class=org.apache.hadoop.http.HttpServer2$QuotingInputFilter)
2019-09-01 05:41:59,223 [main] INFO  http.HttpServer2 (HttpServer2.java:addFilter(948)) - Added filter static_user_filter (class=org.apache.hadoop.http.lib.StaticUserWebFilter$StaticUserFilter) to context hddsDatanode
2019-09-01 05:41:59,223 [main] INFO  http.HttpServer2 (HttpServer2.java:addFilter(958)) - Added filter static_user_filter (class=org.apache.hadoop.http.lib.StaticUserWebFilter$StaticUserFilter) to context static
2019-09-01 05:41:59,223 [main] INFO  http.HttpServer2 (HttpServer2.java:addFilter(958)) - Added filter static_user_filter (class=org.apache.hadoop.http.lib.StaticUserWebFilter$StaticUserFilter) to context logs
2019-09-01 05:41:59,223 [main] INFO  http.HttpServer2 (HttpServer2.java:bindListener(1191)) - Jetty bound to port 41057
2019-09-01 05:41:59,224 [main] INFO  server.Server (Server.java:doStart(351)) - jetty-9.3.24.v20180605, build timestamp: 2018-06-05T17:11:56Z, git hash: 84205aa28f11a4f31f2a3b86d1bba2cc8ab69827
2019-09-01 05:41:59,225 [main] INFO  handler.ContextHandler (ContextHandler.java:doStart(781)) - Started o.e.j.s.ServletContextHandler@5968800d{/logs,file:///workdir/hadoop-ozone/integration-test/target/log,AVAILABLE}
2019-09-01 05:41:59,225 [main] INFO  handler.ContextHandler (ContextHandler.java:doStart(781)) - Started o.e.j.s.ServletContextHandler@b1b471{/static,jar:file:/home/user/.m2/repository/org/apache/hadoop/hadoop-hdds-container-service/0.5.0-SNAPSHOT/hadoop-hdds-container-service-0.5.0-SNAPSHOT.jar!/webapps/static,AVAILABLE}
2019-09-01 05:41:59,252 [main] INFO  handler.ContextHandler (ContextHandler.java:doStart(781)) - Started o.e.j.w.WebAppContext@7ccd611e{/,file:///tmp/jetty-0.0.0.0-41057-hddsDatanode-_-any-9133909007012897325.dir/webapp/,AVAILABLE}{/hddsDatanode}
2019-09-01 05:41:59,253 [main] INFO  server.AbstractConnector (AbstractConnector.java:doStart(278)) - Started ServerConnector@4dc52559{HTTP/1.1,[http/1.1]}{0.0.0.0:41057}
2019-09-01 05:41:59,255 [main] INFO  server.Server (Server.java:doStart(419)) - Started @228987ms
2019-09-01 05:41:59,255 [main] WARN  impl.MetricsSystemImpl (MetricsSystemImpl.java:register(276)) - Sink prometheus already exists!
2019-09-01 05:41:59,255 [main] INFO  server.BaseHttpServer (BaseHttpServer.java:updateConnectorAddress(215)) - HTTP server of HDDSDATANODE is listening at http://0.0.0.0:41057
2019-09-01 05:41:59,256 [main] INFO  ozone.MiniOzoneClusterImpl (MiniOzoneClusterImpl.java:lambda$waitForClusterToBeReady$0(140)) - Waiting for cluster to be ready. Got 0 of 7 DN Heartbeats.
2019-09-01 05:41:59,257 [org.apache.hadoop.util.JvmPauseMonitor$Monitor@62c4b1c6] INFO  util.JvmPauseMonitor (JvmPauseMonitor.java:run(188)) - Starting JVM pause monitor
2019-09-01 05:41:59,258 [Datanode State Machine Thread - 0] INFO  datanode.InitDatanodeState (InitDatanodeState.java:persistContainerDatanodeDetails(140)) - DatanodeDetails is persisted to /workdir/hadoop-ozone/integration-test/target/test-dir/MiniOzoneClusterImpl-5793c448-5931-4119-8416-4c480dda9cd0/datanode-6/meta/datanode.id
2019-09-01 05:42:00,256 [main] INFO  ozone.MiniOzoneClusterImpl (MiniOzoneClusterImpl.java:lambda$waitForClusterToBeReady$0(140)) - Waiting for cluster to be ready. Got 0 of 7 DN Heartbeats.
2019-09-01 05:42:00,903 [Datanode State Machine Thread - 0] INFO  ozoneimpl.OzoneContainer (OzoneContainer.java:start(201)) - Attempting to start container services.
2019-09-01 05:42:00,903 [Datanode State Machine Thread - 0] INFO  ozoneimpl.OzoneContainer (OzoneContainer.java:startContainerScrub(175)) - Background container scrubber has been disabled by hdds.containerscrub.enabled
2019-09-01 05:42:00,903 [Datanode State Machine Thread - 0] INFO  ratis.XceiverServerRatis (XceiverServerRatis.java:start(393)) - Starting XceiverServerRatis 118ead1c-3dd0-4d18-b1c5-69ccbf52f2b4 at port 0
2019-09-01 05:42:00,911 [Datanode State Machine Thread - 0] INFO  impl.RaftServerProxy (RaftServerProxy.java:lambda$start$3(299)) - 118ead1c-3dd0-4d18-b1c5-69ccbf52f2b4: start RPC server
2019-09-01 05:42:00,914 [Datanode State Machine Thread - 0] INFO  server.GrpcService (GrpcService.java:startImpl(149)) - 118ead1c-3dd0-4d18-b1c5-69ccbf52f2b4: GrpcService started, listening on 0.0.0.0/0.0.0.0:39313
2019-09-01 05:42:00,914 [Datanode State Machine Thread - 0] INFO  ratis.XceiverServerRatis (XceiverServerRatis.java:start(403)) - XceiverServerRatis 118ead1c-3dd0-4d18-b1c5-69ccbf52f2b4 is started using port 39313
2019-09-01 05:42:00,918 [Datanode State Machine Thread - 0] INFO  server.XceiverServerGrpc (XceiverServerGrpc.java:start(163)) - XceiverServerGrpc 118ead1c-3dd0-4d18-b1c5-69ccbf52f2b4 is started using port 34703
2019-09-01 05:42:00,958 [Datanode State Machine Thread - 0] INFO  ozoneimpl.OzoneContainer (OzoneContainer.java:start(201)) - Attempting to start container services.
2019-09-01 05:42:00,959 [Datanode State Machine Thread - 0] INFO  ozoneimpl.OzoneContainer (OzoneContainer.java:startContainerScrub(175)) - Background container scrubber has been disabled by hdds.containerscrub.enabled
2019-09-01 05:42:00,959 [Datanode State Machine Thread - 0] INFO  ratis.XceiverServerRatis (XceiverServerRatis.java:start(393)) - Starting XceiverServerRatis 4f9fb466-3d6c-4064-8357-5bf349958387 at port 0
2019-09-01 05:42:00,965 [Datanode State Machine Thread - 0] INFO  impl.RaftServerProxy (RaftServerProxy.java:lambda$start$3(299)) - 4f9fb466-3d6c-4064-8357-5bf349958387: start RPC server
2019-09-01 05:42:00,966 [Datanode State Machine Thread - 0] INFO  server.GrpcService (GrpcService.java:startImpl(149)) - 4f9fb466-3d6c-4064-8357-5bf349958387: GrpcService started, listening on 0.0.0.0/0.0.0.0:33208
2019-09-01 05:42:00,967 [Datanode State Machine Thread - 0] INFO  ratis.XceiverServerRatis (XceiverServerRatis.java:start(403)) - XceiverServerRatis 4f9fb466-3d6c-4064-8357-5bf349958387 is started using port 33208
2019-09-01 05:42:00,967 [Datanode State Machine Thread - 0] INFO  server.XceiverServerGrpc (XceiverServerGrpc.java:start(163)) - XceiverServerGrpc 4f9fb466-3d6c-4064-8357-5bf349958387 is started using port 44058
2019-09-01 05:42:01,064 [Datanode State Machine Thread - 0] INFO  ozoneimpl.OzoneContainer (OzoneContainer.java:start(201)) - Attempting to start container services.
2019-09-01 05:42:01,064 [Datanode State Machine Thread - 0] INFO  ozoneimpl.OzoneContainer (OzoneContainer.java:startContainerScrub(175)) - Background container scrubber has been disabled by hdds.containerscrub.enabled
2019-09-01 05:42:01,064 [Datanode State Machine Thread - 0] INFO  ratis.XceiverServerRatis (XceiverServerRatis.java:start(393)) - Starting XceiverServerRatis 33c85cdb-b84c-478c-bf87-ba5fca0e584d at port 0
2019-09-01 05:42:01,069 [Datanode State Machine Thread - 0] INFO  impl.RaftServerProxy (RaftServerProxy.java:lambda$start$3(299)) - 33c85cdb-b84c-478c-bf87-ba5fca0e584d: start RPC server
2019-09-01 05:42:01,070 [Datanode State Machine Thread - 0] INFO  server.GrpcService (GrpcService.java:startImpl(149)) - 33c85cdb-b84c-478c-bf87-ba5fca0e584d: GrpcService started, listening on 0.0.0.0/0.0.0.0:39248
2019-09-01 05:42:01,070 [Datanode State Machine Thread - 0] INFO  ratis.XceiverServerRatis (XceiverServerRatis.java:start(403)) - XceiverServerRatis 33c85cdb-b84c-478c-bf87-ba5fca0e584d is started using port 39248
2019-09-01 05:42:01,071 [Datanode State Machine Thread - 0] INFO  server.XceiverServerGrpc (XceiverServerGrpc.java:start(163)) - XceiverServerGrpc 33c85cdb-b84c-478c-bf87-ba5fca0e584d is started using port 38851
2019-09-01 05:42:01,114 [Datanode State Machine Thread - 0] INFO  ozoneimpl.OzoneContainer (OzoneContainer.java:start(201)) - Attempting to start container services.
2019-09-01 05:42:01,114 [Datanode State Machine Thread - 0] INFO  ozoneimpl.OzoneContainer (OzoneContainer.java:startContainerScrub(175)) - Background container scrubber has been disabled by hdds.containerscrub.enabled
2019-09-01 05:42:01,114 [Datanode State Machine Thread - 0] INFO  ratis.XceiverServerRatis (XceiverServerRatis.java:start(393)) - Starting XceiverServerRatis 347d3a05-4419-419b-98aa-931b8b5cf3bf at port 0
2019-09-01 05:42:01,120 [Datanode State Machine Thread - 0] INFO  impl.RaftServerProxy (RaftServerProxy.java:lambda$start$3(299)) - 347d3a05-4419-419b-98aa-931b8b5cf3bf: start RPC server
2019-09-01 05:42:01,121 [Datanode State Machine Thread - 0] INFO  server.GrpcService (GrpcService.java:startImpl(149)) - 347d3a05-4419-419b-98aa-931b8b5cf3bf: GrpcService started, listening on 0.0.0.0/0.0.0.0:41604
2019-09-01 05:42:01,121 [Datanode State Machine Thread - 0] INFO  ratis.XceiverServerRatis (XceiverServerRatis.java:start(403)) - XceiverServerRatis 347d3a05-4419-419b-98aa-931b8b5cf3bf is started using port 41604
2019-09-01 05:42:01,122 [Datanode State Machine Thread - 0] INFO  server.XceiverServerGrpc (XceiverServerGrpc.java:start(163)) - XceiverServerGrpc 347d3a05-4419-419b-98aa-931b8b5cf3bf is started using port 46482
2019-09-01 05:42:01,164 [Datanode State Machine Thread - 0] INFO  ozoneimpl.OzoneContainer (OzoneContainer.java:start(201)) - Attempting to start container services.
2019-09-01 05:42:01,164 [Datanode State Machine Thread - 0] INFO  ozoneimpl.OzoneContainer (OzoneContainer.java:startContainerScrub(175)) - Background container scrubber has been disabled by hdds.containerscrub.enabled
2019-09-01 05:42:01,164 [Datanode State Machine Thread - 0] INFO  ratis.XceiverServerRatis (XceiverServerRatis.java:start(393)) - Starting XceiverServerRatis 624fda4c-503f-4d7b-9536-707723049ff7 at port 0
2019-09-01 05:42:01,170 [Datanode State Machine Thread - 0] INFO  impl.RaftServerProxy (RaftServerProxy.java:lambda$start$3(299)) - 624fda4c-503f-4d7b-9536-707723049ff7: start RPC server
2019-09-01 05:42:01,173 [Datanode State Machine Thread - 0] INFO  server.GrpcService (GrpcService.java:startImpl(149)) - 624fda4c-503f-4d7b-9536-707723049ff7: GrpcService started, listening on 0.0.0.0/0.0.0.0:46279
2019-09-01 05:42:01,173 [Datanode State Machine Thread - 0] INFO  ratis.XceiverServerRatis (XceiverServerRatis.java:start(403)) - XceiverServerRatis 624fda4c-503f-4d7b-9536-707723049ff7 is started using port 46279
2019-09-01 05:42:01,173 [Datanode State Machine Thread - 0] INFO  server.XceiverServerGrpc (XceiverServerGrpc.java:start(163)) - XceiverServerGrpc 624fda4c-503f-4d7b-9536-707723049ff7 is started using port 43462
2019-09-01 05:42:01,231 [Datanode State Machine Thread - 0] INFO  ozoneimpl.OzoneContainer (OzoneContainer.java:start(201)) - Attempting to start container services.
2019-09-01 05:42:01,231 [Datanode State Machine Thread - 0] INFO  ozoneimpl.OzoneContainer (OzoneContainer.java:startContainerScrub(175)) - Background container scrubber has been disabled by hdds.containerscrub.enabled
2019-09-01 05:42:01,231 [Datanode State Machine Thread - 0] INFO  ratis.XceiverServerRatis (XceiverServerRatis.java:start(393)) - Starting XceiverServerRatis 7098809c-b562-4a8a-ae10-ebee9eb441f0 at port 0
2019-09-01 05:42:01,237 [Datanode State Machine Thread - 0] INFO  impl.RaftServerProxy (RaftServerProxy.java:lambda$start$3(299)) - 7098809c-b562-4a8a-ae10-ebee9eb441f0: start RPC server
2019-09-01 05:42:01,237 [Datanode State Machine Thread - 0] INFO  server.GrpcService (GrpcService.java:startImpl(149)) - 7098809c-b562-4a8a-ae10-ebee9eb441f0: GrpcService started, listening on 0.0.0.0/0.0.0.0:43030
2019-09-01 05:42:01,237 [Datanode State Machine Thread - 0] INFO  ratis.XceiverServerRatis (XceiverServerRatis.java:start(403)) - XceiverServerRatis 7098809c-b562-4a8a-ae10-ebee9eb441f0 is started using port 43030
2019-09-01 05:42:01,238 [Datanode State Machine Thread - 0] INFO  server.XceiverServerGrpc (XceiverServerGrpc.java:start(163)) - XceiverServerGrpc 7098809c-b562-4a8a-ae10-ebee9eb441f0 is started using port 37702
2019-09-01 05:42:01,257 [main] INFO  ozone.MiniOzoneClusterImpl (MiniOzoneClusterImpl.java:lambda$waitForClusterToBeReady$0(140)) - Waiting for cluster to be ready. Got 0 of 7 DN Heartbeats.
2019-09-01 05:42:01,290 [Datanode State Machine Thread - 0] INFO  ozoneimpl.OzoneContainer (OzoneContainer.java:start(201)) - Attempting to start container services.
2019-09-01 05:42:01,290 [Datanode State Machine Thread - 0] INFO  ozoneimpl.OzoneContainer (OzoneContainer.java:startContainerScrub(175)) - Background container scrubber has been disabled by hdds.containerscrub.enabled
2019-09-01 05:42:01,290 [Datanode State Machine Thread - 0] INFO  ratis.XceiverServerRatis (XceiverServerRatis.java:start(393)) - Starting XceiverServerRatis 069b4c9a-be92-48c5-a953-5202f2b9bb94 at port 0
2019-09-01 05:42:01,296 [Datanode State Machine Thread - 0] INFO  impl.RaftServerProxy (RaftServerProxy.java:lambda$start$3(299)) - 069b4c9a-be92-48c5-a953-5202f2b9bb94: start RPC server
2019-09-01 05:42:01,297 [Datanode State Machine Thread - 0] INFO  server.GrpcService (GrpcService.java:startImpl(149)) - 069b4c9a-be92-48c5-a953-5202f2b9bb94: GrpcService started, listening on 0.0.0.0/0.0.0.0:34327
2019-09-01 05:42:01,297 [Datanode State Machine Thread - 0] INFO  ratis.XceiverServerRatis (XceiverServerRatis.java:start(403)) - XceiverServerRatis 069b4c9a-be92-48c5-a953-5202f2b9bb94 is started using port 34327
2019-09-01 05:42:01,297 [Datanode State Machine Thread - 0] INFO  server.XceiverServerGrpc (XceiverServerGrpc.java:start(163)) - XceiverServerGrpc 069b4c9a-be92-48c5-a953-5202f2b9bb94 is started using port 38709
2019-09-01 05:42:02,258 [main] INFO  ozone.MiniOzoneClusterImpl (MiniOzoneClusterImpl.java:lambda$waitForClusterToBeReady$0(140)) - Waiting for cluster to be ready. Got 0 of 7 DN Heartbeats.
2019-09-01 05:42:02,864 [IPC Server handler 5 on 45543] INFO  net.NetworkTopology (NetworkTopologyImpl.java:add(110)) - Added a new node: /default-rack/118ead1c-3dd0-4d18-b1c5-69ccbf52f2b4
2019-09-01 05:42:02,866 [IPC Server handler 5 on 45543] INFO  node.SCMNodeManager (SCMNodeManager.java:register(266)) - Registered Data node : 118ead1c-3dd0-4d18-b1c5-69ccbf52f2b4{ip: 192.168.36.91, host: trunk-nightly-20190901-gkzrd-4143273587, networkLocation: /default-rack, certSerialId: null}
2019-09-01 05:42:02,867 [EventQueue-NodeRegistrationContainerReportForDataNodeSafeModeRule] INFO  safemode.SCMSafeModeManager (DataNodeSafeModeRule.java:process(71)) - SCM in safe mode. 1 DataNodes registered, 1 required.
2019-09-01 05:42:02,869 [EventQueue-NodeRegistrationContainerReportForDataNodeSafeModeRule] INFO  safemode.SCMSafeModeManager (SCMSafeModeManager.java:validateSafeModeExitRules(177)) - ScmSafeModeManager, all rules are successfully validated
2019-09-01 05:42:02,869 [EventQueue-NodeRegistrationContainerReportForDataNodeSafeModeRule] INFO  safemode.SCMSafeModeManager (SCMSafeModeManager.java:exitSafeMode(193)) - SCM exiting safe mode.
2019-09-01 05:42:02,880 [grpc-default-executor-2] INFO  impl.RaftServerProxy (RaftServerProxy.java:addNew(89)) - 118ead1c-3dd0-4d18-b1c5-69ccbf52f2b4: addNew group-AD0E37B2D344:[118ead1c-3dd0-4d18-b1c5-69ccbf52f2b4:192.168.36.91:39313] returns group-AD0E37B2D344:java.util.concurrent.CompletableFuture@4a30c0c7[Not completed]
2019-09-01 05:42:02,882 [pool-383-thread-1] INFO  impl.RaftServerImpl (RaftServerImpl.java:<init>(93)) - 118ead1c-3dd0-4d18-b1c5-69ccbf52f2b4: new RaftServerImpl for group-AD0E37B2D344:[118ead1c-3dd0-4d18-b1c5-69ccbf52f2b4:192.168.36.91:39313] with ContainerStateMachine:uninitialized
2019-09-01 05:42:02,882 [pool-383-thread-1] INFO  server.RaftServerConfigKeys (ConfUtils.java:logGet(43)) - raft.server.rpc.timeout.min = 5s (custom)
2019-09-01 05:42:02,883 [pool-383-thread-1] INFO  server.RaftServerConfigKeys (ConfUtils.java:logGet(43)) - raft.server.rpc.timeout.max = 5200ms (custom)
2019-09-01 05:42:02,883 [pool-383-thread-1] INFO  server.RaftServerConfigKeys (ConfUtils.java:logGet(43)) - raft.server.rpcslowness.timeout = 120s (custom)
2019-09-01 05:42:02,883 [pool-383-thread-1] INFO  server.RaftServerConfigKeys (ConfUtils.java:logGet(43)) - raft.server.sleep.deviation.threshold = 300 (default)
2019-09-01 05:42:02,883 [pool-383-thread-1] INFO  server.RaftServerConfigKeys (ConfUtils.java:logGet(43)) - raft.server.log.appender.install.snapshot.enabled = false (custom)
2019-09-01 05:42:02,883 [pool-383-thread-1] INFO  impl.RaftServerImpl (ServerState.java:<init>(105)) - 118ead1c-3dd0-4d18-b1c5-69ccbf52f2b4:group-AD0E37B2D344 ConfigurationManager, init=-1: [118ead1c-3dd0-4d18-b1c5-69ccbf52f2b4:192.168.36.91:39313], old=null, confs=<EMPTY_MAP>
2019-09-01 05:42:02,884 [pool-383-thread-1] INFO  server.RaftServerConfigKeys (ConfUtils.java:logGet(43)) - raft.server.storage.dir = [/workdir/hadoop-ozone/integration-test/target/test-dir/MiniOzoneClusterImpl-5793c448-5931-4119-8416-4c480dda9cd0/datanode-0/data/ratis] (custom)
2019-09-01 05:42:02,884 [pool-383-thread-1] INFO  storage.RaftStorageDirectory (RaftStorageDirectory.java:analyzeStorage(246)) - The storage directory /workdir/hadoop-ozone/integration-test/target/test-dir/MiniOzoneClusterImpl-5793c448-5931-4119-8416-4c480dda9cd0/datanode-0/data/ratis/ecf18bc6-87bd-4d76-bfdb-ad0e37b2d344 does not exist. Creating ...
2019-09-01 05:42:02,923 [pool-383-thread-1] INFO  storage.RaftStorageDirectory (RaftStorageDirectory.java:tryLock(328)) - Lock on /workdir/hadoop-ozone/integration-test/target/test-dir/MiniOzoneClusterImpl-5793c448-5931-4119-8416-4c480dda9cd0/datanode-0/data/ratis/ecf18bc6-87bd-4d76-bfdb-ad0e37b2d344/in_use.lock acquired by nodename 4038@trunk-nightly-20190901-gkzrd-4143273587
2019-09-01 05:42:02,930 [IPC Server handler 6 on 45543] INFO  net.NetworkTopology (NetworkTopologyImpl.java:add(110)) - Added a new node: /default-rack/4f9fb466-3d6c-4064-8357-5bf349958387
2019-09-01 05:42:02,930 [IPC Server handler 6 on 45543] INFO  node.SCMNodeManager (SCMNodeManager.java:register(266)) - Registered Data node : 4f9fb466-3d6c-4064-8357-5bf349958387{ip: 192.168.36.91, host: trunk-nightly-20190901-gkzrd-4143273587, networkLocation: /default-rack, certSerialId: null}
2019-09-01 05:42:02,982 [pool-383-thread-1] INFO  storage.RaftStorage (RaftStorage.java:format(72)) - Storage directory /workdir/hadoop-ozone/integration-test/target/test-dir/MiniOzoneClusterImpl-5793c448-5931-4119-8416-4c480dda9cd0/datanode-0/data/ratis/ecf18bc6-87bd-4d76-bfdb-ad0e37b2d344 has been successfully formatted.
2019-09-01 05:42:02,983 [pool-383-thread-1] INFO  ratis.ContainerStateMachine (ContainerStateMachine.java:loadSnapshot(227)) - group-AD0E37B2D344: The snapshot info is null. Setting the last applied indexto:(t:0, i:~)
2019-09-01 05:42:02,983 [pool-383-thread-1] INFO  server.RaftServerConfigKeys (ConfUtils.java:logGet(43)) - raft.server.leader.election.timeout = 120s (custom)
2019-09-01 05:42:02,983 [pool-383-thread-1] INFO  server.RaftServerConfigKeys (ConfUtils.java:logGet(43)) - raft.server.log.use.memory = false (default)
2019-09-01 05:42:02,983 [pool-383-thread-1] INFO  server.RaftServerConfigKeys (ConfUtils.java:logGet(43)) - raft.server.log.purge.gap = 1000000 (custom)
2019-09-01 05:42:02,984 [pool-383-thread-1] INFO  server.RaftServerConfigKeys (ConfUtils.java:logGet(43)) - raft.server.log.appender.buffer.byte-limit = 33554432 (custom)
2019-09-01 05:42:02,984 [pool-383-thread-1] INFO  server.RaftServerConfigKeys (ConfUtils.java:logGet(43)) - raft.server.log.segment.size.max = 1048576 (custom)
2019-09-01 05:42:02,984 [pool-383-thread-1] INFO  server.RaftServerConfigKeys (ConfUtils.java:logGet(43)) - raft.server.log.segment.cache.num.max = 2 (custom)
2019-09-01 05:42:02,984 [pool-383-thread-1] INFO  segmented.SegmentedRaftLogWorker (SegmentedRaftLogWorker.java:<init>(172)) - new 118ead1c-3dd0-4d18-b1c5-69ccbf52f2b4-SegmentedRaftLogWorker:Storage Directory /workdir/hadoop-ozone/integration-test/target/test-dir/MiniOzoneClusterImpl-5793c448-5931-4119-8416-4c480dda9cd0/datanode-0/data/ratis/ecf18bc6-87bd-4d76-bfdb-ad0e37b2d344 for RaftStorage:Storage Directory /workdir/hadoop-ozone/integration-test/target/test-dir/MiniOzoneClusterImpl-5793c448-5931-4119-8416-4c480dda9cd0/datanode-0/data/ratis/ecf18bc6-87bd-4d76-bfdb-ad0e37b2d344
2019-09-01 05:42:02,984 [pool-383-thread-1] INFO  server.RaftServerConfigKeys (ConfUtils.java:logGet(43)) - raft.server.log.queue.byte-limit = 2147483647 (custom)
2019-09-01 05:42:02,985 [pool-383-thread-1] INFO  server.RaftServerConfigKeys (ConfUtils.java:logGet(43)) - raft.server.log.queue.element-limit = 1024 (custom)
2019-09-01 05:42:02,985 [pool-383-thread-1] INFO  server.RaftServerConfigKeys (ConfUtils.java:logGet(43)) - raft.server.log.segment.size.max = 1048576 (custom)
2019-09-01 05:42:02,985 [pool-383-thread-1] INFO  server.RaftServerConfigKeys (ConfUtils.java:logGet(43)) - raft.server.log.preallocated.size = 16384 (custom)
2019-09-01 05:42:02,986 [pool-383-thread-1] INFO  server.RaftServerConfigKeys (ConfUtils.java:logGet(43)) - raft.server.log.write.buffer.size = 33554432 (custom)
2019-09-01 05:42:02,986 [pool-383-thread-1] INFO  server.RaftServerConfigKeys (ConfUtils.java:logGet(43)) - raft.server.log.force.sync.num = 128 (default)
2019-09-01 05:42:02,986 [pool-383-thread-1] INFO  server.RaftServerConfigKeys (ConfUtils.java:logGet(43)) - raft.server.log.statemachine.data.sync = true (default)
2019-09-01 05:42:02,986 [pool-383-thread-1] INFO  server.RaftServerConfigKeys (ConfUtils.java:logGet(43)) - raft.server.log.statemachine.data.sync.timeout = 10s (default)
2019-09-01 05:42:02,986 [pool-383-thread-1] INFO  server.RaftServerConfigKeys (ConfUtils.java:logGet(43)) - raft.server.log.statemachine.data.sync.timeout.retry = -1 (default)
2019-09-01 05:42:02,987 [pool-383-thread-1] INFO  server.RaftServerConfigKeys (ConfUtils.java:logGet(43)) - raft.server.log.statemachine.data.caching.enabled = true (custom)
2019-09-01 05:42:02,987 [pool-383-thread-1] INFO  segmented.SegmentedRaftLogWorker (SegmentedRaftLogWorker.java:lambda$new$0(132)) - 118ead1c-3dd0-4d18-b1c5-69ccbf52f2b4-SegmentedRaftLogWorker:Storage Directory /workdir/hadoop-ozone/integration-test/target/test-dir/MiniOzoneClusterImpl-5793c448-5931-4119-8416-4c480dda9cd0/datanode-0/data/ratis/ecf18bc6-87bd-4d76-bfdb-ad0e37b2d344: flushIndex: setUnconditionally 0 -> -1
2019-09-01 05:42:02,988 [pool-383-thread-1] INFO  server.RaftServerConfigKeys (ConfUtils.java:logGet(43)) - raft.server.snapshot.auto.trigger.enabled = true (custom)
2019-09-01 05:42:02,988 [pool-383-thread-1] INFO  server.RaftServerConfigKeys (ConfUtils.java:logGet(43)) - raft.server.snapshot.auto.trigger.threshold = 10000 (custom)
2019-09-01 05:42:02,988 [pool-383-thread-1] INFO  server.RaftServerConfigKeys (ConfUtils.java:logGet(43)) - raft.server.retrycache.expirytime = 600000ms (custom)
2019-09-01 05:42:02,989 [pool-383-thread-1] INFO  impl.RaftServerImpl (RaftServerImpl.java:start(180)) - 118ead1c-3dd0-4d18-b1c5-69ccbf52f2b4: start group-AD0E37B2D344
2019-09-01 05:42:02,989 [pool-383-thread-1] INFO  impl.RaftServerImpl (RaftServerImpl.java:setRole(171)) - 118ead1c-3dd0-4d18-b1c5-69ccbf52f2b4:group-AD0E37B2D344 changes role from null to FOLLOWER at term 0 for startAsFollower
2019-09-01 05:42:02,989 [pool-383-thread-1] INFO  impl.RoleInfo (RoleInfo.java:updateAndGet(143)) - 118ead1c-3dd0-4d18-b1c5-69ccbf52f2b4: start FollowerState
2019-09-01 05:42:02,990 [pool-383-thread-1] INFO  util.JmxRegister (JmxRegister.java:tryRegister(44)) - Successfully registered JMX Bean with object name Ratis:service=RaftServer,group=group-AD0E37B2D344,id=118ead1c-3dd0-4d18-b1c5-69ccbf52f2b4
2019-09-01 05:42:02,997 [IPC Server handler 1 on 45543] INFO  net.NetworkTopology (NetworkTopologyImpl.java:add(110)) - Added a new node: /default-rack/33c85cdb-b84c-478c-bf87-ba5fca0e584d
2019-09-01 05:42:02,997 [IPC Server handler 1 on 45543] INFO  node.SCMNodeManager (SCMNodeManager.java:register(266)) - Registered Data node : 33c85cdb-b84c-478c-bf87-ba5fca0e584d{ip: 192.168.36.91, host: trunk-nightly-20190901-gkzrd-4143273587, networkLocation: /default-rack, certSerialId: null}
2019-09-01 05:42:02,999 [RatisPipelineUtilsThread] INFO  pipeline.PipelineStateManager (PipelineStateManager.java:addPipeline(56)) - Created pipeline Pipeline[ Id: ecf18bc6-87bd-4d76-bfdb-ad0e37b2d344, Nodes: 118ead1c-3dd0-4d18-b1c5-69ccbf52f2b4{ip: 192.168.36.91, host: trunk-nightly-20190901-gkzrd-4143273587, networkLocation: /default-rack, certSerialId: null}, Type:RATIS, Factor:ONE, State:OPEN]
2019-09-01 05:42:03,006 [grpc-default-executor-2] INFO  impl.RaftServerProxy (RaftServerProxy.java:addNew(89)) - 4f9fb466-3d6c-4064-8357-5bf349958387: addNew group-01438BE6A480:[4f9fb466-3d6c-4064-8357-5bf349958387:192.168.36.91:33208] returns group-01438BE6A480:java.util.concurrent.CompletableFuture@542877f3[Not completed]
2019-09-01 05:42:03,007 [pool-393-thread-1] INFO  impl.RaftServerImpl (RaftServerImpl.java:<init>(93)) - 4f9fb466-3d6c-4064-8357-5bf349958387: new RaftServerImpl for group-01438BE6A480:[4f9fb466-3d6c-4064-8357-5bf349958387:192.168.36.91:33208] with ContainerStateMachine:uninitialized
2019-09-01 05:42:03,007 [pool-393-thread-1] INFO  server.RaftServerConfigKeys (ConfUtils.java:logGet(43)) - raft.server.rpc.timeout.min = 5s (custom)
2019-09-01 05:42:03,007 [pool-393-thread-1] INFO  server.RaftServerConfigKeys (ConfUtils.java:logGet(43)) - raft.server.rpc.timeout.max = 5200ms (custom)
2019-09-01 05:42:03,007 [pool-393-thread-1] INFO  server.RaftServerConfigKeys (ConfUtils.java:logGet(43)) - raft.server.rpcslowness.timeout = 120s (custom)
2019-09-01 05:42:03,007 [pool-393-thread-1] INFO  server.RaftServerConfigKeys (ConfUtils.java:logGet(43)) - raft.server.sleep.deviation.threshold = 300 (default)
2019-09-01 05:42:03,008 [pool-393-thread-1] INFO  server.RaftServerConfigKeys (ConfUtils.java:logGet(43)) - raft.server.log.appender.install.snapshot.enabled = false (custom)
2019-09-01 05:42:03,008 [pool-393-thread-1] INFO  impl.RaftServerImpl (ServerState.java:<init>(105)) - 4f9fb466-3d6c-4064-8357-5bf349958387:group-01438BE6A480 ConfigurationManager, init=-1: [4f9fb466-3d6c-4064-8357-5bf349958387:192.168.36.91:33208], old=null, confs=<EMPTY_MAP>
2019-09-01 05:42:03,008 [pool-393-thread-1] INFO  server.RaftServerConfigKeys (ConfUtils.java:logGet(43)) - raft.server.storage.dir = [/workdir/hadoop-ozone/integration-test/target/test-dir/MiniOzoneClusterImpl-5793c448-5931-4119-8416-4c480dda9cd0/datanode-1/data/ratis] (custom)
2019-09-01 05:42:03,008 [pool-393-thread-1] INFO  storage.RaftStorageDirectory (RaftStorageDirectory.java:analyzeStorage(246)) - The storage directory /workdir/hadoop-ozone/integration-test/target/test-dir/MiniOzoneClusterImpl-5793c448-5931-4119-8416-4c480dda9cd0/datanode-1/data/ratis/f16841f4-a51a-4dc1-ac2d-01438be6a480 does not exist. Creating ...
2019-09-01 05:42:03,035 [pool-393-thread-1] INFO  storage.RaftStorageDirectory (RaftStorageDirectory.java:tryLock(328)) - Lock on /workdir/hadoop-ozone/integration-test/target/test-dir/MiniOzoneClusterImpl-5793c448-5931-4119-8416-4c480dda9cd0/datanode-1/data/ratis/f16841f4-a51a-4dc1-ac2d-01438be6a480/in_use.lock acquired by nodename 4038@trunk-nightly-20190901-gkzrd-4143273587
2019-09-01 05:42:03,061 [pool-393-thread-1] INFO  storage.RaftStorage (RaftStorage.java:format(72)) - Storage directory /workdir/hadoop-ozone/integration-test/target/test-dir/MiniOzoneClusterImpl-5793c448-5931-4119-8416-4c480dda9cd0/datanode-1/data/ratis/f16841f4-a51a-4dc1-ac2d-01438be6a480 has been successfully formatted.
2019-09-01 05:42:03,061 [pool-393-thread-1] INFO  ratis.ContainerStateMachine (ContainerStateMachine.java:loadSnapshot(227)) - group-01438BE6A480: The snapshot info is null. Setting the last applied indexto:(t:0, i:~)
2019-09-01 05:42:03,061 [pool-393-thread-1] INFO  server.RaftServerConfigKeys (ConfUtils.java:logGet(43)) - raft.server.leader.election.timeout = 120s (custom)
2019-09-01 05:42:03,061 [pool-393-thread-1] INFO  server.RaftServerConfigKeys (ConfUtils.java:logGet(43)) - raft.server.log.use.memory = false (default)
2019-09-01 05:42:03,061 [pool-393-thread-1] INFO  server.RaftServerConfigKeys (ConfUtils.java:logGet(43)) - raft.server.log.purge.gap = 1000000 (custom)
2019-09-01 05:42:03,062 [pool-393-thread-1] INFO  server.RaftServerConfigKeys (ConfUtils.java:logGet(43)) - raft.server.log.appender.buffer.byte-limit = 33554432 (custom)
2019-09-01 05:42:03,062 [pool-393-thread-1] INFO  server.RaftServerConfigKeys (ConfUtils.java:logGet(43)) - raft.server.log.segment.size.max = 1048576 (custom)
2019-09-01 05:42:03,062 [pool-393-thread-1] INFO  server.RaftServerConfigKeys (ConfUtils.java:logGet(43)) - raft.server.log.segment.cache.num.max = 2 (custom)
2019-09-01 05:42:03,062 [pool-393-thread-1] INFO  segmented.SegmentedRaftLogWorker (SegmentedRaftLogWorker.java:<init>(172)) - new 4f9fb466-3d6c-4064-8357-5bf349958387-SegmentedRaftLogWorker:Storage Directory /workdir/hadoop-ozone/integration-test/target/test-dir/MiniOzoneClusterImpl-5793c448-5931-4119-8416-4c480dda9cd0/datanode-1/data/ratis/f16841f4-a51a-4dc1-ac2d-01438be6a480 for RaftStorage:Storage Directory /workdir/hadoop-ozone/integration-test/target/test-dir/MiniOzoneClusterImpl-5793c448-5931-4119-8416-4c480dda9cd0/datanode-1/data/ratis/f16841f4-a51a-4dc1-ac2d-01438be6a480
2019-09-01 05:42:03,062 [pool-393-thread-1] INFO  server.RaftServerConfigKeys (ConfUtils.java:logGet(43)) - raft.server.log.queue.byte-limit = 2147483647 (custom)
2019-09-01 05:42:03,062 [pool-393-thread-1] INFO  server.RaftServerConfigKeys (ConfUtils.java:logGet(43)) - raft.server.log.queue.element-limit = 1024 (custom)
2019-09-01 05:42:03,062 [pool-393-thread-1] INFO  server.RaftServerConfigKeys (ConfUtils.java:logGet(43)) - raft.server.log.segment.size.max = 1048576 (custom)
2019-09-01 05:42:03,062 [pool-393-thread-1] INFO  server.RaftServerConfigKeys (ConfUtils.java:logGet(43)) - raft.server.log.preallocated.size = 16384 (custom)
2019-09-01 05:42:03,063 [pool-393-thread-1] INFO  server.RaftServerConfigKeys (ConfUtils.java:logGet(43)) - raft.server.log.write.buffer.size = 33554432 (custom)
2019-09-01 05:42:03,063 [pool-393-thread-1] INFO  server.RaftServerConfigKeys (ConfUtils.java:logGet(43)) - raft.server.log.force.sync.num = 128 (default)
2019-09-01 05:42:03,063 [pool-393-thread-1] INFO  server.RaftServerConfigKeys (ConfUtils.java:logGet(43)) - raft.server.log.statemachine.data.sync = true (default)
2019-09-01 05:42:03,063 [pool-393-thread-1] INFO  server.RaftServerConfigKeys (ConfUtils.java:logGet(43)) - raft.server.log.statemachine.data.sync.timeout = 10s (default)
2019-09-01 05:42:03,063 [pool-393-thread-1] INFO  server.RaftServerConfigKeys (ConfUtils.java:logGet(43)) - raft.server.log.statemachine.data.sync.timeout.retry = -1 (default)
2019-09-01 05:42:03,063 [pool-393-thread-1] INFO  server.RaftServerConfigKeys (ConfUtils.java:logGet(43)) - raft.server.log.statemachine.data.caching.enabled = true (custom)
2019-09-01 05:42:03,063 [pool-393-thread-1] INFO  segmented.SegmentedRaftLogWorker (SegmentedRaftLogWorker.java:lambda$new$0(132)) - 4f9fb466-3d6c-4064-8357-5bf349958387-SegmentedRaftLogWorker:Storage Directory /workdir/hadoop-ozone/integration-test/target/test-dir/MiniOzoneClusterImpl-5793c448-5931-4119-8416-4c480dda9cd0/datanode-1/data/ratis/f16841f4-a51a-4dc1-ac2d-01438be6a480: flushIndex: setUnconditionally 0 -> -1
2019-09-01 05:42:03,064 [pool-393-thread-1] INFO  server.RaftServerConfigKeys (ConfUtils.java:logGet(43)) - raft.server.snapshot.auto.trigger.enabled = true (custom)
2019-09-01 05:42:03,064 [pool-393-thread-1] INFO  server.RaftServerConfigKeys (ConfUtils.java:logGet(43)) - raft.server.snapshot.auto.trigger.threshold = 10000 (custom)
2019-09-01 05:42:03,064 [pool-393-thread-1] INFO  server.RaftServerConfigKeys (ConfUtils.java:logGet(43)) - raft.server.retrycache.expirytime = 600000ms (custom)
2019-09-01 05:42:03,064 [pool-393-thread-1] INFO  impl.RaftServerImpl (RaftServerImpl.java:start(180)) - 4f9fb466-3d6c-4064-8357-5bf349958387: start group-01438BE6A480
2019-09-01 05:42:03,064 [pool-393-thread-1] INFO  impl.RaftServerImpl (RaftServerImpl.java:setRole(171)) - 4f9fb466-3d6c-4064-8357-5bf349958387:group-01438BE6A480 changes role from null to FOLLOWER at term 0 for startAsFollower
2019-09-01 05:42:03,064 [pool-393-thread-1] INFO  impl.RoleInfo (RoleInfo.java:updateAndGet(143)) - 4f9fb466-3d6c-4064-8357-5bf349958387: start FollowerState
2019-09-01 05:42:03,065 [pool-393-thread-1] INFO  util.JmxRegister (JmxRegister.java:tryRegister(44)) - Successfully registered JMX Bean with object name Ratis:service=RaftServer,group=group-01438BE6A480,id=4f9fb466-3d6c-4064-8357-5bf349958387
2019-09-01 05:42:03,067 [RatisPipelineUtilsThread] INFO  pipeline.PipelineStateManager (PipelineStateManager.java:addPipeline(56)) - Created pipeline Pipeline[ Id: f16841f4-a51a-4dc1-ac2d-01438be6a480, Nodes: 4f9fb466-3d6c-4064-8357-5bf349958387{ip: 192.168.36.91, host: trunk-nightly-20190901-gkzrd-4143273587, networkLocation: /default-rack, certSerialId: null}, Type:RATIS, Factor:ONE, State:OPEN]
2019-09-01 05:42:03,074 [grpc-default-executor-2] INFO  impl.RaftServerProxy (RaftServerProxy.java:addNew(89)) - 33c85cdb-b84c-478c-bf87-ba5fca0e584d: addNew group-0E170177E563:[33c85cdb-b84c-478c-bf87-ba5fca0e584d:192.168.36.91:39248] returns group-0E170177E563:java.util.concurrent.CompletableFuture@440329b3[Not completed]
2019-09-01 05:42:03,074 [pool-403-thread-1] INFO  impl.RaftServerImpl (RaftServerImpl.java:<init>(93)) - 33c85cdb-b84c-478c-bf87-ba5fca0e584d: new RaftServerImpl for group-0E170177E563:[33c85cdb-b84c-478c-bf87-ba5fca0e584d:192.168.36.91:39248] with ContainerStateMachine:uninitialized
2019-09-01 05:42:03,075 [IPC Server handler 2 on 45543] INFO  net.NetworkTopology (NetworkTopologyImpl.java:add(110)) - Added a new node: /default-rack/347d3a05-4419-419b-98aa-931b8b5cf3bf
2019-09-01 05:42:03,075 [pool-403-thread-1] INFO  server.RaftServerConfigKeys (ConfUtils.java:logGet(43)) - raft.server.rpc.timeout.min = 5s (custom)
2019-09-01 05:42:03,075 [IPC Server handler 2 on 45543] INFO  node.SCMNodeManager (SCMNodeManager.java:register(266)) - Registered Data node : 347d3a05-4419-419b-98aa-931b8b5cf3bf{ip: 192.168.36.91, host: trunk-nightly-20190901-gkzrd-4143273587, networkLocation: /default-rack, certSerialId: null}
2019-09-01 05:42:03,075 [pool-403-thread-1] INFO  server.RaftServerConfigKeys (ConfUtils.java:logGet(43)) - raft.server.rpc.timeout.max = 5200ms (custom)
2019-09-01 05:42:03,075 [pool-403-thread-1] INFO  server.RaftServerConfigKeys (ConfUtils.java:logGet(43)) - raft.server.rpcslowness.timeout = 120s (custom)
2019-09-01 05:42:03,075 [pool-403-thread-1] INFO  server.RaftServerConfigKeys (ConfUtils.java:logGet(43)) - raft.server.sleep.deviation.threshold = 300 (default)
2019-09-01 05:42:03,075 [pool-403-thread-1] INFO  server.RaftServerConfigKeys (ConfUtils.java:logGet(43)) - raft.server.log.appender.install.snapshot.enabled = false (custom)
2019-09-01 05:42:03,075 [pool-403-thread-1] INFO  impl.RaftServerImpl (ServerState.java:<init>(105)) - 33c85cdb-b84c-478c-bf87-ba5fca0e584d:group-0E170177E563 ConfigurationManager, init=-1: [33c85cdb-b84c-478c-bf87-ba5fca0e584d:192.168.36.91:39248], old=null, confs=<EMPTY_MAP>
2019-09-01 05:42:03,076 [pool-403-thread-1] INFO  server.RaftServerConfigKeys (ConfUtils.java:logGet(43)) - raft.server.storage.dir = [/workdir/hadoop-ozone/integration-test/target/test-dir/MiniOzoneClusterImpl-5793c448-5931-4119-8416-4c480dda9cd0/datanode-2/data/ratis] (custom)
2019-09-01 05:42:03,076 [pool-403-thread-1] INFO  storage.RaftStorageDirectory (RaftStorageDirectory.java:analyzeStorage(246)) - The storage directory /workdir/hadoop-ozone/integration-test/target/test-dir/MiniOzoneClusterImpl-5793c448-5931-4119-8416-4c480dda9cd0/datanode-2/data/ratis/84200117-da75-43d3-92b6-0e170177e563 does not exist. Creating ...
2019-09-01 05:42:03,103 [pool-403-thread-1] INFO  storage.RaftStorageDirectory (RaftStorageDirectory.java:tryLock(328)) - Lock on /workdir/hadoop-ozone/integration-test/target/test-dir/MiniOzoneClusterImpl-5793c448-5931-4119-8416-4c480dda9cd0/datanode-2/data/ratis/84200117-da75-43d3-92b6-0e170177e563/in_use.lock acquired by nodename 4038@trunk-nightly-20190901-gkzrd-4143273587
2019-09-01 05:42:03,127 [pool-403-thread-1] INFO  storage.RaftStorage (RaftStorage.java:format(72)) - Storage directory /workdir/hadoop-ozone/integration-test/target/test-dir/MiniOzoneClusterImpl-5793c448-5931-4119-8416-4c480dda9cd0/datanode-2/data/ratis/84200117-da75-43d3-92b6-0e170177e563 has been successfully formatted.
2019-09-01 05:42:03,128 [pool-403-thread-1] INFO  ratis.ContainerStateMachine (ContainerStateMachine.java:loadSnapshot(227)) - group-0E170177E563: The snapshot info is null. Setting the last applied indexto:(t:0, i:~)
2019-09-01 05:42:03,128 [pool-403-thread-1] INFO  server.RaftServerConfigKeys (ConfUtils.java:logGet(43)) - raft.server.leader.election.timeout = 120s (custom)
2019-09-01 05:42:03,128 [pool-403-thread-1] INFO  server.RaftServerConfigKeys (ConfUtils.java:logGet(43)) - raft.server.log.use.memory = false (default)
2019-09-01 05:42:03,128 [pool-403-thread-1] INFO  server.RaftServerConfigKeys (ConfUtils.java:logGet(43)) - raft.server.log.purge.gap = 1000000 (custom)
2019-09-01 05:42:03,128 [pool-403-thread-1] INFO  server.RaftServerConfigKeys (ConfUtils.java:logGet(43)) - raft.server.log.appender.buffer.byte-limit = 33554432 (custom)
2019-09-01 05:42:03,128 [pool-403-thread-1] INFO  server.RaftServerConfigKeys (ConfUtils.java:logGet(43)) - raft.server.log.segment.size.max = 1048576 (custom)
2019-09-01 05:42:03,128 [pool-403-thread-1] INFO  server.RaftServerConfigKeys (ConfUtils.java:logGet(43)) - raft.server.log.segment.cache.num.max = 2 (custom)
2019-09-01 05:42:03,128 [pool-403-thread-1] INFO  segmented.SegmentedRaftLogWorker (SegmentedRaftLogWorker.java:<init>(172)) - new 33c85cdb-b84c-478c-bf87-ba5fca0e584d-SegmentedRaftLogWorker:Storage Directory /workdir/hadoop-ozone/integration-test/target/test-dir/MiniOzoneClusterImpl-5793c448-5931-4119-8416-4c480dda9cd0/datanode-2/data/ratis/84200117-da75-43d3-92b6-0e170177e563 for RaftStorage:Storage Directory /workdir/hadoop-ozone/integration-test/target/test-dir/MiniOzoneClusterImpl-5793c448-5931-4119-8416-4c480dda9cd0/datanode-2/data/ratis/84200117-da75-43d3-92b6-0e170177e563
2019-09-01 05:42:03,128 [pool-403-thread-1] INFO  server.RaftServerConfigKeys (ConfUtils.java:logGet(43)) - raft.server.log.queue.byte-limit = 2147483647 (custom)
2019-09-01 05:42:03,129 [pool-403-thread-1] INFO  server.RaftServerConfigKeys (ConfUtils.java:logGet(43)) - raft.server.log.queue.element-limit = 1024 (custom)
2019-09-01 05:42:03,129 [pool-403-thread-1] INFO  server.RaftServerConfigKeys (ConfUtils.java:logGet(43)) - raft.server.log.segment.size.max = 1048576 (custom)
2019-09-01 05:42:03,129 [pool-403-thread-1] INFO  server.RaftServerConfigKeys (ConfUtils.java:logGet(43)) - raft.server.log.preallocated.size = 16384 (custom)
2019-09-01 05:42:03,129 [pool-403-thread-1] INFO  server.RaftServerConfigKeys (ConfUtils.java:logGet(43)) - raft.server.log.write.buffer.size = 33554432 (custom)
2019-09-01 05:42:03,129 [pool-403-thread-1] INFO  server.RaftServerConfigKeys (ConfUtils.java:logGet(43)) - raft.server.log.force.sync.num = 128 (default)
2019-09-01 05:42:03,129 [pool-403-thread-1] INFO  server.RaftServerConfigKeys (ConfUtils.java:logGet(43)) - raft.server.log.statemachine.data.sync = true (default)
2019-09-01 05:42:03,129 [pool-403-thread-1] INFO  server.RaftServerConfigKeys (ConfUtils.java:logGet(43)) - raft.server.log.statemachine.data.sync.timeout = 10s (default)
2019-09-01 05:42:03,129 [pool-403-thread-1] INFO  server.RaftServerConfigKeys (ConfUtils.java:logGet(43)) - raft.server.log.statemachine.data.sync.timeout.retry = -1 (default)
2019-09-01 05:42:03,130 [pool-403-thread-1] INFO  server.RaftServerConfigKeys (ConfUtils.java:logGet(43)) - raft.server.log.statemachine.data.caching.enabled = true (custom)
2019-09-01 05:42:03,130 [pool-403-thread-1] INFO  segmented.SegmentedRaftLogWorker (SegmentedRaftLogWorker.java:lambda$new$0(132)) - 33c85cdb-b84c-478c-bf87-ba5fca0e584d-SegmentedRaftLogWorker:Storage Directory /workdir/hadoop-ozone/integration-test/target/test-dir/MiniOzoneClusterImpl-5793c448-5931-4119-8416-4c480dda9cd0/datanode-2/data/ratis/84200117-da75-43d3-92b6-0e170177e563: flushIndex: setUnconditionally 0 -> -1
2019-09-01 05:42:03,130 [pool-403-thread-1] INFO  server.RaftServerConfigKeys (ConfUtils.java:logGet(43)) - raft.server.snapshot.auto.trigger.enabled = true (custom)
2019-09-01 05:42:03,130 [pool-403-thread-1] INFO  server.RaftServerConfigKeys (ConfUtils.java:logGet(43)) - raft.server.snapshot.auto.trigger.threshold = 10000 (custom)
2019-09-01 05:42:03,130 [pool-403-thread-1] INFO  server.RaftServerConfigKeys (ConfUtils.java:logGet(43)) - raft.server.retrycache.expirytime = 600000ms (custom)
2019-09-01 05:42:03,131 [pool-403-thread-1] INFO  impl.RaftServerImpl (RaftServerImpl.java:start(180)) - 33c85cdb-b84c-478c-bf87-ba5fca0e584d: start group-0E170177E563
2019-09-01 05:42:03,131 [pool-403-thread-1] INFO  impl.RaftServerImpl (RaftServerImpl.java:setRole(171)) - 33c85cdb-b84c-478c-bf87-ba5fca0e584d:group-0E170177E563 changes role from null to FOLLOWER at term 0 for startAsFollower
2019-09-01 05:42:03,131 [pool-403-thread-1] INFO  impl.RoleInfo (RoleInfo.java:updateAndGet(143)) - 33c85cdb-b84c-478c-bf87-ba5fca0e584d: start FollowerState
2019-09-01 05:42:03,131 [pool-403-thread-1] INFO  util.JmxRegister (JmxRegister.java:tryRegister(44)) - Successfully registered JMX Bean with object name Ratis:service=RaftServer,group=group-0E170177E563,id=33c85cdb-b84c-478c-bf87-ba5fca0e584d
2019-09-01 05:42:03,133 [RatisPipelineUtilsThread] INFO  pipeline.PipelineStateManager (PipelineStateManager.java:addPipeline(56)) - Created pipeline Pipeline[ Id: 84200117-da75-43d3-92b6-0e170177e563, Nodes: 33c85cdb-b84c-478c-bf87-ba5fca0e584d{ip: 192.168.36.91, host: trunk-nightly-20190901-gkzrd-4143273587, networkLocation: /default-rack, certSerialId: null}, Type:RATIS, Factor:ONE, State:OPEN]
2019-09-01 05:42:03,136 [IPC Server handler 3 on 45543] INFO  net.NetworkTopology (NetworkTopologyImpl.java:add(110)) - Added a new node: /default-rack/624fda4c-503f-4d7b-9536-707723049ff7
2019-09-01 05:42:03,136 [IPC Server handler 3 on 45543] INFO  node.SCMNodeManager (SCMNodeManager.java:register(266)) - Registered Data node : 624fda4c-503f-4d7b-9536-707723049ff7{ip: 192.168.36.91, host: trunk-nightly-20190901-gkzrd-4143273587, networkLocation: /default-rack, certSerialId: null}
2019-09-01 05:42:03,140 [grpc-default-executor-2] INFO  impl.RaftServerProxy (RaftServerProxy.java:addNew(89)) - 347d3a05-4419-419b-98aa-931b8b5cf3bf: addNew group-7FC7F254AB5A:[347d3a05-4419-419b-98aa-931b8b5cf3bf:192.168.36.91:41604] returns group-7FC7F254AB5A:java.util.concurrent.CompletableFuture@158210c1[Not completed]
2019-09-01 05:42:03,141 [pool-413-thread-1] INFO  impl.RaftServerImpl (RaftServerImpl.java:<init>(93)) - 347d3a05-4419-419b-98aa-931b8b5cf3bf: new RaftServerImpl for group-7FC7F254AB5A:[347d3a05-4419-419b-98aa-931b8b5cf3bf:192.168.36.91:41604] with ContainerStateMachine:uninitialized
2019-09-01 05:42:03,141 [pool-413-thread-1] INFO  server.RaftServerConfigKeys (ConfUtils.java:logGet(43)) - raft.server.rpc.timeout.min = 5s (custom)
2019-09-01 05:42:03,141 [pool-413-thread-1] INFO  server.RaftServerConfigKeys (ConfUtils.java:logGet(43)) - raft.server.rpc.timeout.max = 5200ms (custom)
2019-09-01 05:42:03,141 [pool-413-thread-1] INFO  server.RaftServerConfigKeys (ConfUtils.java:logGet(43)) - raft.server.rpcslowness.timeout = 120s (custom)
2019-09-01 05:42:03,141 [pool-413-thread-1] INFO  server.RaftServerConfigKeys (ConfUtils.java:logGet(43)) - raft.server.sleep.deviation.threshold = 300 (default)
2019-09-01 05:42:03,141 [pool-413-thread-1] INFO  server.RaftServerConfigKeys (ConfUtils.java:logGet(43)) - raft.server.log.appender.install.snapshot.enabled = false (custom)
2019-09-01 05:42:03,141 [pool-413-thread-1] INFO  impl.RaftServerImpl (ServerState.java:<init>(105)) - 347d3a05-4419-419b-98aa-931b8b5cf3bf:group-7FC7F254AB5A ConfigurationManager, init=-1: [347d3a05-4419-419b-98aa-931b8b5cf3bf:192.168.36.91:41604], old=null, confs=<EMPTY_MAP>
2019-09-01 05:42:03,141 [pool-413-thread-1] INFO  server.RaftServerConfigKeys (ConfUtils.java:logGet(43)) - raft.server.storage.dir = [/workdir/hadoop-ozone/integration-test/target/test-dir/MiniOzoneClusterImpl-5793c448-5931-4119-8416-4c480dda9cd0/datanode-3/data/ratis] (custom)
2019-09-01 05:42:03,142 [pool-413-thread-1] INFO  storage.RaftStorageDirectory (RaftStorageDirectory.java:analyzeStorage(246)) - The storage directory /workdir/hadoop-ozone/integration-test/target/test-dir/MiniOzoneClusterImpl-5793c448-5931-4119-8416-4c480dda9cd0/datanode-3/data/ratis/9435c8f4-fc56-43c9-88e4-7fc7f254ab5a does not exist. Creating ...
2019-09-01 05:42:03,169 [pool-413-thread-1] INFO  storage.RaftStorageDirectory (RaftStorageDirectory.java:tryLock(328)) - Lock on /workdir/hadoop-ozone/integration-test/target/test-dir/MiniOzoneClusterImpl-5793c448-5931-4119-8416-4c480dda9cd0/datanode-3/data/ratis/9435c8f4-fc56-43c9-88e4-7fc7f254ab5a/in_use.lock acquired by nodename 4038@trunk-nightly-20190901-gkzrd-4143273587
2019-09-01 05:42:03,196 [pool-413-thread-1] INFO  storage.RaftStorage (RaftStorage.java:format(72)) - Storage directory /workdir/hadoop-ozone/integration-test/target/test-dir/MiniOzoneClusterImpl-5793c448-5931-4119-8416-4c480dda9cd0/datanode-3/data/ratis/9435c8f4-fc56-43c9-88e4-7fc7f254ab5a has been successfully formatted.
2019-09-01 05:42:03,196 [pool-413-thread-1] INFO  ratis.ContainerStateMachine (ContainerStateMachine.java:loadSnapshot(227)) - group-7FC7F254AB5A: The snapshot info is null. Setting the last applied indexto:(t:0, i:~)
2019-09-01 05:42:03,197 [pool-413-thread-1] INFO  server.RaftServerConfigKeys (ConfUtils.java:logGet(43)) - raft.server.leader.election.timeout = 120s (custom)
2019-09-01 05:42:03,197 [pool-413-thread-1] INFO  server.RaftServerConfigKeys (ConfUtils.java:logGet(43)) - raft.server.log.use.memory = false (default)
2019-09-01 05:42:03,197 [pool-413-thread-1] INFO  server.RaftServerConfigKeys (ConfUtils.java:logGet(43)) - raft.server.log.purge.gap = 1000000 (custom)
2019-09-01 05:42:03,197 [pool-413-thread-1] INFO  server.RaftServerConfigKeys (ConfUtils.java:logGet(43)) - raft.server.log.appender.buffer.byte-limit = 33554432 (custom)
2019-09-01 05:42:03,197 [pool-413-thread-1] INFO  server.RaftServerConfigKeys (ConfUtils.java:logGet(43)) - raft.server.log.segment.size.max = 1048576 (custom)
2019-09-01 05:42:03,198 [pool-413-thread-1] INFO  server.RaftServerConfigKeys (ConfUtils.java:logGet(43)) - raft.server.log.segment.cache.num.max = 2 (custom)
2019-09-01 05:42:03,198 [pool-413-thread-1] INFO  segmented.SegmentedRaftLogWorker (SegmentedRaftLogWorker.java:<init>(172)) - new 347d3a05-4419-419b-98aa-931b8b5cf3bf-SegmentedRaftLogWorker:Storage Directory /workdir/hadoop-ozone/integration-test/target/test-dir/MiniOzoneClusterImpl-5793c448-5931-4119-8416-4c480dda9cd0/datanode-3/data/ratis/9435c8f4-fc56-43c9-88e4-7fc7f254ab5a for RaftStorage:Storage Directory /workdir/hadoop-ozone/integration-test/target/test-dir/MiniOzoneClusterImpl-5793c448-5931-4119-8416-4c480dda9cd0/datanode-3/data/ratis/9435c8f4-fc56-43c9-88e4-7fc7f254ab5a
2019-09-01 05:42:03,198 [pool-413-thread-1] INFO  server.RaftServerConfigKeys (ConfUtils.java:logGet(43)) - raft.server.log.queue.byte-limit = 2147483647 (custom)
2019-09-01 05:42:03,198 [pool-413-thread-1] INFO  server.RaftServerConfigKeys (ConfUtils.java:logGet(43)) - raft.server.log.queue.element-limit = 1024 (custom)
2019-09-01 05:42:03,198 [pool-413-thread-1] INFO  server.RaftServerConfigKeys (ConfUtils.java:logGet(43)) - raft.server.log.segment.size.max = 1048576 (custom)
2019-09-01 05:42:03,199 [pool-413-thread-1] INFO  server.RaftServerConfigKeys (ConfUtils.java:logGet(43)) - raft.server.log.preallocated.size = 16384 (custom)
2019-09-01 05:42:03,199 [pool-413-thread-1] INFO  server.RaftServerConfigKeys (ConfUtils.java:logGet(43)) - raft.server.log.write.buffer.size = 33554432 (custom)
2019-09-01 05:42:03,199 [pool-413-thread-1] INFO  server.RaftServerConfigKeys (ConfUtils.java:logGet(43)) - raft.server.log.force.sync.num = 128 (default)
2019-09-01 05:42:03,199 [pool-413-thread-1] INFO  server.RaftServerConfigKeys (ConfUtils.java:logGet(43)) - raft.server.log.statemachine.data.sync = true (default)
2019-09-01 05:42:03,199 [IPC Server handler 4 on 45543] INFO  net.NetworkTopology (NetworkTopologyImpl.java:add(110)) - Added a new node: /default-rack/7098809c-b562-4a8a-ae10-ebee9eb441f0
2019-09-01 05:42:03,199 [pool-413-thread-1] INFO  server.RaftServerConfigKeys (ConfUtils.java:logGet(43)) - raft.server.log.statemachine.data.sync.timeout = 10s (default)
2019-09-01 05:42:03,199 [IPC Server handler 4 on 45543] INFO  node.SCMNodeManager (SCMNodeManager.java:register(266)) - Registered Data node : 7098809c-b562-4a8a-ae10-ebee9eb441f0{ip: 192.168.36.91, host: trunk-nightly-20190901-gkzrd-4143273587, networkLocation: /default-rack, certSerialId: null}
2019-09-01 05:42:03,200 [pool-413-thread-1] INFO  server.RaftServerConfigKeys (ConfUtils.java:logGet(43)) - raft.server.log.statemachine.data.sync.timeout.retry = -1 (default)
2019-09-01 05:42:03,200 [pool-413-thread-1] INFO  server.RaftServerConfigKeys (ConfUtils.java:logGet(43)) - raft.server.log.statemachine.data.caching.enabled = true (custom)
2019-09-01 05:42:03,201 [pool-413-thread-1] INFO  segmented.SegmentedRaftLogWorker (SegmentedRaftLogWorker.java:lambda$new$0(132)) - 347d3a05-4419-419b-98aa-931b8b5cf3bf-SegmentedRaftLogWorker:Storage Directory /workdir/hadoop-ozone/integration-test/target/test-dir/MiniOzoneClusterImpl-5793c448-5931-4119-8416-4c480dda9cd0/datanode-3/data/ratis/9435c8f4-fc56-43c9-88e4-7fc7f254ab5a: flushIndex: setUnconditionally 0 -> -1
2019-09-01 05:42:03,201 [pool-413-thread-1] INFO  server.RaftServerConfigKeys (ConfUtils.java:logGet(43)) - raft.server.snapshot.auto.trigger.enabled = true (custom)
2019-09-01 05:42:03,201 [pool-413-thread-1] INFO  server.RaftServerConfigKeys (ConfUtils.java:logGet(43)) - raft.server.snapshot.auto.trigger.threshold = 10000 (custom)
2019-09-01 05:42:03,201 [pool-413-thread-1] INFO  server.RaftServerConfigKeys (ConfUtils.java:logGet(43)) - raft.server.retrycache.expirytime = 600000ms (custom)
2019-09-01 05:42:03,202 [pool-413-thread-1] INFO  impl.RaftServerImpl (RaftServerImpl.java:start(180)) - 347d3a05-4419-419b-98aa-931b8b5cf3bf: start group-7FC7F254AB5A
2019-09-01 05:42:03,202 [pool-413-thread-1] INFO  impl.RaftServerImpl (RaftServerImpl.java:setRole(171)) - 347d3a05-4419-419b-98aa-931b8b5cf3bf:group-7FC7F254AB5A changes role from null to FOLLOWER at term 0 for startAsFollower
2019-09-01 05:42:03,202 [pool-413-thread-1] INFO  impl.RoleInfo (RoleInfo.java:updateAndGet(143)) - 347d3a05-4419-419b-98aa-931b8b5cf3bf: start FollowerState
2019-09-01 05:42:03,202 [pool-413-thread-1] INFO  util.JmxRegister (JmxRegister.java:tryRegister(44)) - Successfully registered JMX Bean with object name Ratis:service=RaftServer,group=group-7FC7F254AB5A,id=347d3a05-4419-419b-98aa-931b8b5cf3bf
2019-09-01 05:42:03,205 [RatisPipelineUtilsThread] INFO  pipeline.PipelineStateManager (PipelineStateManager.java:addPipeline(56)) - Created pipeline Pipeline[ Id: 9435c8f4-fc56-43c9-88e4-7fc7f254ab5a, Nodes: 347d3a05-4419-419b-98aa-931b8b5cf3bf{ip: 192.168.36.91, host: trunk-nightly-20190901-gkzrd-4143273587, networkLocation: /default-rack, certSerialId: null}, Type:RATIS, Factor:ONE, State:OPEN]
2019-09-01 05:42:03,215 [grpc-default-executor-2] INFO  impl.RaftServerProxy (RaftServerProxy.java:addNew(89)) - 624fda4c-503f-4d7b-9536-707723049ff7: addNew group-0A07C94DF3EC:[624fda4c-503f-4d7b-9536-707723049ff7:192.168.36.91:46279] returns group-0A07C94DF3EC:java.util.concurrent.CompletableFuture@6cbec6a8[Not completed]
2019-09-01 05:42:03,216 [pool-423-thread-1] INFO  impl.RaftServerImpl (RaftServerImpl.java:<init>(93)) - 624fda4c-503f-4d7b-9536-707723049ff7: new RaftServerImpl for group-0A07C94DF3EC:[624fda4c-503f-4d7b-9536-707723049ff7:192.168.36.91:46279] with ContainerStateMachine:uninitialized
2019-09-01 05:42:03,217 [pool-423-thread-1] INFO  server.RaftServerConfigKeys (ConfUtils.java:logGet(43)) - raft.server.rpc.timeout.min = 5s (custom)
2019-09-01 05:42:03,217 [pool-423-thread-1] INFO  server.RaftServerConfigKeys (ConfUtils.java:logGet(43)) - raft.server.rpc.timeout.max = 5200ms (custom)
2019-09-01 05:42:03,217 [pool-423-thread-1] INFO  server.RaftServerConfigKeys (ConfUtils.java:logGet(43)) - raft.server.rpcslowness.timeout = 120s (custom)
2019-09-01 05:42:03,217 [pool-423-thread-1] INFO  server.RaftServerConfigKeys (ConfUtils.java:logGet(43)) - raft.server.sleep.deviation.threshold = 300 (default)
2019-09-01 05:42:03,217 [pool-423-thread-1] INFO  server.RaftServerConfigKeys (ConfUtils.java:logGet(43)) - raft.server.log.appender.install.snapshot.enabled = false (custom)
2019-09-01 05:42:03,218 [pool-423-thread-1] INFO  impl.RaftServerImpl (ServerState.java:<init>(105)) - 624fda4c-503f-4d7b-9536-707723049ff7:group-0A07C94DF3EC ConfigurationManager, init=-1: [624fda4c-503f-4d7b-9536-707723049ff7:192.168.36.91:46279], old=null, confs=<EMPTY_MAP>
2019-09-01 05:42:03,218 [pool-423-thread-1] INFO  server.RaftServerConfigKeys (ConfUtils.java:logGet(43)) - raft.server.storage.dir = [/workdir/hadoop-ozone/integration-test/target/test-dir/MiniOzoneClusterImpl-5793c448-5931-4119-8416-4c480dda9cd0/datanode-4/data/ratis] (custom)
2019-09-01 05:42:03,218 [pool-423-thread-1] INFO  storage.RaftStorageDirectory (RaftStorageDirectory.java:analyzeStorage(246)) - The storage directory /workdir/hadoop-ozone/integration-test/target/test-dir/MiniOzoneClusterImpl-5793c448-5931-4119-8416-4c480dda9cd0/datanode-4/data/ratis/613f4c2a-0f59-4076-a667-0a07c94df3ec does not exist. Creating ...
2019-09-01 05:42:03,248 [pool-423-thread-1] INFO  storage.RaftStorageDirectory (RaftStorageDirectory.java:tryLock(328)) - Lock on /workdir/hadoop-ozone/integration-test/target/test-dir/MiniOzoneClusterImpl-5793c448-5931-4119-8416-4c480dda9cd0/datanode-4/data/ratis/613f4c2a-0f59-4076-a667-0a07c94df3ec/in_use.lock acquired by nodename 4038@trunk-nightly-20190901-gkzrd-4143273587
2019-09-01 05:42:03,258 [IPC Server handler 5 on 45543] INFO  net.NetworkTopology (NetworkTopologyImpl.java:add(110)) - Added a new node: /default-rack/069b4c9a-be92-48c5-a953-5202f2b9bb94
2019-09-01 05:42:03,258 [IPC Server handler 5 on 45543] INFO  node.SCMNodeManager (SCMNodeManager.java:register(266)) - Registered Data node : 069b4c9a-be92-48c5-a953-5202f2b9bb94{ip: 192.168.36.91, host: trunk-nightly-20190901-gkzrd-4143273587, networkLocation: /default-rack, certSerialId: null}
2019-09-01 05:42:03,258 [main] INFO  ozone.MiniOzoneClusterImpl (MiniOzoneClusterImpl.java:lambda$waitForClusterToBeReady$0(140)) - Cluster is ready. Got 7 of 7 DN Heartbeats.
2019-09-01 05:42:03,296 [pool-423-thread-1] INFO  storage.RaftStorage (RaftStorage.java:format(72)) - Storage directory /workdir/hadoop-ozone/integration-test/target/test-dir/MiniOzoneClusterImpl-5793c448-5931-4119-8416-4c480dda9cd0/datanode-4/data/ratis/613f4c2a-0f59-4076-a667-0a07c94df3ec has been successfully formatted.
2019-09-01 05:42:03,297 [pool-423-thread-1] INFO  ratis.ContainerStateMachine (ContainerStateMachine.java:loadSnapshot(227)) - group-0A07C94DF3EC: The snapshot info is null. Setting the last applied indexto:(t:0, i:~)
2019-09-01 05:42:03,297 [pool-423-thread-1] INFO  server.RaftServerConfigKeys (ConfUtils.java:logGet(43)) - raft.server.leader.election.timeout = 120s (custom)
2019-09-01 05:42:03,297 [pool-423-thread-1] INFO  server.RaftServerConfigKeys (ConfUtils.java:logGet(43)) - raft.server.log.use.memory = false (default)
2019-09-01 05:42:03,297 [pool-423-thread-1] INFO  server.RaftServerConfigKeys (ConfUtils.java:logGet(43)) - raft.server.log.purge.gap = 1000000 (custom)
2019-09-01 05:42:03,298 [pool-423-thread-1] INFO  server.RaftServerConfigKeys (ConfUtils.java:logGet(43)) - raft.server.log.appender.buffer.byte-limit = 33554432 (custom)
2019-09-01 05:42:03,298 [pool-423-thread-1] INFO  server.RaftServerConfigKeys (ConfUtils.java:logGet(43)) - raft.server.log.segment.size.max = 1048576 (custom)
2019-09-01 05:42:03,298 [pool-423-thread-1] INFO  server.RaftServerConfigKeys (ConfUtils.java:logGet(43)) - raft.server.log.segment.cache.num.max = 2 (custom)
2019-09-01 05:42:03,298 [pool-423-thread-1] INFO  segmented.SegmentedRaftLogWorker (SegmentedRaftLogWorker.java:<init>(172)) - new 624fda4c-503f-4d7b-9536-707723049ff7-SegmentedRaftLogWorker:Storage Directory /workdir/hadoop-ozone/integration-test/target/test-dir/MiniOzoneClusterImpl-5793c448-5931-4119-8416-4c480dda9cd0/datanode-4/data/ratis/613f4c2a-0f59-4076-a667-0a07c94df3ec for RaftStorage:Storage Directory /workdir/hadoop-ozone/integration-test/target/test-dir/MiniOzoneClusterImpl-5793c448-5931-4119-8416-4c480dda9cd0/datanode-4/data/ratis/613f4c2a-0f59-4076-a667-0a07c94df3ec
2019-09-01 05:42:03,299 [pool-423-thread-1] INFO  server.RaftServerConfigKeys (ConfUtils.java:logGet(43)) - raft.server.log.queue.byte-limit = 2147483647 (custom)
2019-09-01 05:42:03,299 [main] INFO  rpc.RpcClient (RpcClient.java:createVolume(293)) - Creating Volume: watchforcommithandlingtest, with jenkins1000 as owner.
2019-09-01 05:42:03,299 [pool-423-thread-1] INFO  server.RaftServerConfigKeys (ConfUtils.java:logGet(43)) - raft.server.log.queue.element-limit = 1024 (custom)
2019-09-01 05:42:03,299 [pool-423-thread-1] INFO  server.RaftServerConfigKeys (ConfUtils.java:logGet(43)) - raft.server.log.segment.size.max = 1048576 (custom)
2019-09-01 05:42:03,300 [pool-423-thread-1] INFO  server.RaftServerConfigKeys (ConfUtils.java:logGet(43)) - raft.server.log.preallocated.size = 16384 (custom)
2019-09-01 05:42:03,300 [pool-423-thread-1] INFO  server.RaftServerConfigKeys (ConfUtils.java:logGet(43)) - raft.server.log.write.buffer.size = 33554432 (custom)
2019-09-01 05:42:03,300 [pool-423-thread-1] INFO  server.RaftServerConfigKeys (ConfUtils.java:logGet(43)) - raft.server.log.force.sync.num = 128 (default)
2019-09-01 05:42:03,300 [pool-423-thread-1] INFO  server.RaftServerConfigKeys (ConfUtils.java:logGet(43)) - raft.server.log.statemachine.data.sync = true (default)
2019-09-01 05:42:03,300 [pool-423-thread-1] INFO  server.RaftServerConfigKeys (ConfUtils.java:logGet(43)) - raft.server.log.statemachine.data.sync.timeout = 10s (default)
2019-09-01 05:42:03,301 [pool-423-thread-1] INFO  server.RaftServerConfigKeys (ConfUtils.java:logGet(43)) - raft.server.log.statemachine.data.sync.timeout.retry = -1 (default)
2019-09-01 05:42:03,301 [pool-423-thread-1] INFO  server.RaftServerConfigKeys (ConfUtils.java:logGet(43)) - raft.server.log.statemachine.data.caching.enabled = true (custom)
2019-09-01 05:42:03,301 [pool-423-thread-1] INFO  segmented.SegmentedRaftLogWorker (SegmentedRaftLogWorker.java:lambda$new$0(132)) - 624fda4c-503f-4d7b-9536-707723049ff7-SegmentedRaftLogWorker:Storage Directory /workdir/hadoop-ozone/integration-test/target/test-dir/MiniOzoneClusterImpl-5793c448-5931-4119-8416-4c480dda9cd0/datanode-4/data/ratis/613f4c2a-0f59-4076-a667-0a07c94df3ec: flushIndex: setUnconditionally 0 -> -1
2019-09-01 05:42:03,302 [pool-423-thread-1] INFO  server.RaftServerConfigKeys (ConfUtils.java:logGet(43)) - raft.server.snapshot.auto.trigger.enabled = true (custom)
2019-09-01 05:42:03,302 [pool-423-thread-1] INFO  server.RaftServerConfigKeys (ConfUtils.java:logGet(43)) - raft.server.snapshot.auto.trigger.threshold = 10000 (custom)
2019-09-01 05:42:03,302 [pool-423-thread-1] INFO  server.RaftServerConfigKeys (ConfUtils.java:logGet(43)) - raft.server.retrycache.expirytime = 600000ms (custom)
2019-09-01 05:42:03,303 [pool-423-thread-1] INFO  impl.RaftServerImpl (RaftServerImpl.java:start(180)) - 624fda4c-503f-4d7b-9536-707723049ff7: start group-0A07C94DF3EC
2019-09-01 05:42:03,303 [pool-423-thread-1] INFO  impl.RaftServerImpl (RaftServerImpl.java:setRole(171)) - 624fda4c-503f-4d7b-9536-707723049ff7:group-0A07C94DF3EC changes role from null to FOLLOWER at term 0 for startAsFollower
2019-09-01 05:42:03,303 [pool-423-thread-1] INFO  impl.RoleInfo (RoleInfo.java:updateAndGet(143)) - 624fda4c-503f-4d7b-9536-707723049ff7: start FollowerState
2019-09-01 05:42:03,306 [pool-423-thread-1] INFO  util.JmxRegister (JmxRegister.java:tryRegister(44)) - Successfully registered JMX Bean with object name Ratis:service=RaftServer,group=group-0A07C94DF3EC,id=624fda4c-503f-4d7b-9536-707723049ff7
2019-09-01 05:42:03,316 [main] INFO  rpc.RpcClient (RpcClient.java:createBucket(432)) - Creating Bucket: watchforcommithandlingtest/watchforcommithandlingtest, with Versioning false and Storage Type set to DISK and Encryption set to false 
2019-09-01 05:42:03,317 [RatisPipelineUtilsThread] INFO  pipeline.PipelineStateManager (PipelineStateManager.java:addPipeline(56)) - Created pipeline Pipeline[ Id: 613f4c2a-0f59-4076-a667-0a07c94df3ec, Nodes: 624fda4c-503f-4d7b-9536-707723049ff7{ip: 192.168.36.91, host: trunk-nightly-20190901-gkzrd-4143273587, networkLocation: /default-rack, certSerialId: null}, Type:RATIS, Factor:ONE, State:OPEN]
2019-09-01 05:42:03,321 [main] INFO  ozone.MiniOzoneClusterImpl (MiniOzoneClusterImpl.java:getStorageContainerLocationClient(227)) - Creating StorageContainerLocationProtocol RPC client with address /0.0.0.0:40419
2019-09-01 05:42:03,326 [grpc-default-executor-2] INFO  impl.RaftServerProxy (RaftServerProxy.java:addNew(89)) - 7098809c-b562-4a8a-ae10-ebee9eb441f0: addNew group-56E10B9077CE:[7098809c-b562-4a8a-ae10-ebee9eb441f0:192.168.36.91:43030] returns group-56E10B9077CE:java.util.concurrent.CompletableFuture@3bfede8f[Not completed]
2019-09-01 05:42:03,327 [pool-433-thread-1] INFO  impl.RaftServerImpl (RaftServerImpl.java:<init>(93)) - 7098809c-b562-4a8a-ae10-ebee9eb441f0: new RaftServerImpl for group-56E10B9077CE:[7098809c-b562-4a8a-ae10-ebee9eb441f0:192.168.36.91:43030] with ContainerStateMachine:uninitialized
2019-09-01 05:42:03,327 [pool-433-thread-1] INFO  server.RaftServerConfigKeys (ConfUtils.java:logGet(43)) - raft.server.rpc.timeout.min = 5s (custom)
2019-09-01 05:42:03,328 [pool-433-thread-1] INFO  server.RaftServerConfigKeys (ConfUtils.java:logGet(43)) - raft.server.rpc.timeout.max = 5200ms (custom)
2019-09-01 05:42:03,328 [pool-433-thread-1] INFO  server.RaftServerConfigKeys (ConfUtils.java:logGet(43)) - raft.server.rpcslowness.timeout = 120s (custom)
2019-09-01 05:42:03,328 [pool-433-thread-1] INFO  server.RaftServerConfigKeys (ConfUtils.java:logGet(43)) - raft.server.sleep.deviation.threshold = 300 (default)
2019-09-01 05:42:03,328 [pool-433-thread-1] INFO  server.RaftServerConfigKeys (ConfUtils.java:logGet(43)) - raft.server.log.appender.install.snapshot.enabled = false (custom)
2019-09-01 05:42:03,328 [pool-433-thread-1] INFO  impl.RaftServerImpl (ServerState.java:<init>(105)) - 7098809c-b562-4a8a-ae10-ebee9eb441f0:group-56E10B9077CE ConfigurationManager, init=-1: [7098809c-b562-4a8a-ae10-ebee9eb441f0:192.168.36.91:43030], old=null, confs=<EMPTY_MAP>
2019-09-01 05:42:03,328 [pool-433-thread-1] INFO  server.RaftServerConfigKeys (ConfUtils.java:logGet(43)) - raft.server.storage.dir = [/workdir/hadoop-ozone/integration-test/target/test-dir/MiniOzoneClusterImpl-5793c448-5931-4119-8416-4c480dda9cd0/datanode-5/data/ratis] (custom)
2019-09-01 05:42:03,329 [pool-433-thread-1] INFO  storage.RaftStorageDirectory (RaftStorageDirectory.java:analyzeStorage(246)) - The storage directory /workdir/hadoop-ozone/integration-test/target/test-dir/MiniOzoneClusterImpl-5793c448-5931-4119-8416-4c480dda9cd0/datanode-5/data/ratis/623c030c-f89d-4aff-b9a9-56e10b9077ce does not exist. Creating ...
2019-09-01 05:42:03,347 [pool-433-thread-1] INFO  storage.RaftStorageDirectory (RaftStorageDirectory.java:tryLock(328)) - Lock on /workdir/hadoop-ozone/integration-test/target/test-dir/MiniOzoneClusterImpl-5793c448-5931-4119-8416-4c480dda9cd0/datanode-5/data/ratis/623c030c-f89d-4aff-b9a9-56e10b9077ce/in_use.lock acquired by nodename 4038@trunk-nightly-20190901-gkzrd-4143273587
2019-09-01 05:42:03,385 [pool-433-thread-1] INFO  storage.RaftStorage (RaftStorage.java:format(72)) - Storage directory /workdir/hadoop-ozone/integration-test/target/test-dir/MiniOzoneClusterImpl-5793c448-5931-4119-8416-4c480dda9cd0/datanode-5/data/ratis/623c030c-f89d-4aff-b9a9-56e10b9077ce has been successfully formatted.
2019-09-01 05:42:03,385 [pool-433-thread-1] INFO  ratis.ContainerStateMachine (ContainerStateMachine.java:loadSnapshot(227)) - group-56E10B9077CE: The snapshot info is null. Setting the last applied indexto:(t:0, i:~)
2019-09-01 05:42:03,386 [pool-433-thread-1] INFO  server.RaftServerConfigKeys (ConfUtils.java:logGet(43)) - raft.server.leader.election.timeout = 120s (custom)
2019-09-01 05:42:03,386 [pool-433-thread-1] INFO  server.RaftServerConfigKeys (ConfUtils.java:logGet(43)) - raft.server.log.use.memory = false (default)
2019-09-01 05:42:03,386 [pool-433-thread-1] INFO  server.RaftServerConfigKeys (ConfUtils.java:logGet(43)) - raft.server.log.purge.gap = 1000000 (custom)
2019-09-01 05:42:03,386 [pool-433-thread-1] INFO  server.RaftServerConfigKeys (ConfUtils.java:logGet(43)) - raft.server.log.appender.buffer.byte-limit = 33554432 (custom)
2019-09-01 05:42:03,386 [pool-433-thread-1] INFO  server.RaftServerConfigKeys (ConfUtils.java:logGet(43)) - raft.server.log.segment.size.max = 1048576 (custom)
2019-09-01 05:42:03,386 [pool-433-thread-1] INFO  server.RaftServerConfigKeys (ConfUtils.java:logGet(43)) - raft.server.log.segment.cache.num.max = 2 (custom)
2019-09-01 05:42:03,386 [pool-433-thread-1] INFO  segmented.SegmentedRaftLogWorker (SegmentedRaftLogWorker.java:<init>(172)) - new 7098809c-b562-4a8a-ae10-ebee9eb441f0-SegmentedRaftLogWorker:Storage Directory /workdir/hadoop-ozone/integration-test/target/test-dir/MiniOzoneClusterImpl-5793c448-5931-4119-8416-4c480dda9cd0/datanode-5/data/ratis/623c030c-f89d-4aff-b9a9-56e10b9077ce for RaftStorage:Storage Directory /workdir/hadoop-ozone/integration-test/target/test-dir/MiniOzoneClusterImpl-5793c448-5931-4119-8416-4c480dda9cd0/datanode-5/data/ratis/623c030c-f89d-4aff-b9a9-56e10b9077ce
2019-09-01 05:42:03,387 [pool-433-thread-1] INFO  server.RaftServerConfigKeys (ConfUtils.java:logGet(43)) - raft.server.log.queue.byte-limit = 2147483647 (custom)
2019-09-01 05:42:03,387 [pool-433-thread-1] INFO  server.RaftServerConfigKeys (ConfUtils.java:logGet(43)) - raft.server.log.queue.element-limit = 1024 (custom)
2019-09-01 05:42:03,387 [pool-433-thread-1] INFO  server.RaftServerConfigKeys (ConfUtils.java:logGet(43)) - raft.server.log.segment.size.max = 1048576 (custom)
2019-09-01 05:42:03,387 [pool-433-thread-1] INFO  server.RaftServerConfigKeys (ConfUtils.java:logGet(43)) - raft.server.log.preallocated.size = 16384 (custom)
2019-09-01 05:42:03,387 [pool-433-thread-1] INFO  server.RaftServerConfigKeys (ConfUtils.java:logGet(43)) - raft.server.log.write.buffer.size = 33554432 (custom)
2019-09-01 05:42:03,387 [pool-433-thread-1] INFO  server.RaftServerConfigKeys (ConfUtils.java:logGet(43)) - raft.server.log.force.sync.num = 128 (default)
2019-09-01 05:42:03,387 [pool-433-thread-1] INFO  server.RaftServerConfigKeys (ConfUtils.java:logGet(43)) - raft.server.log.statemachine.data.sync = true (default)
2019-09-01 05:42:03,388 [pool-433-thread-1] INFO  server.RaftServerConfigKeys (ConfUtils.java:logGet(43)) - raft.server.log.statemachine.data.sync.timeout = 10s (default)
2019-09-01 05:42:03,388 [pool-433-thread-1] INFO  server.RaftServerConfigKeys (ConfUtils.java:logGet(43)) - raft.server.log.statemachine.data.sync.timeout.retry = -1 (default)
2019-09-01 05:42:03,388 [pool-433-thread-1] INFO  server.RaftServerConfigKeys (ConfUtils.java:logGet(43)) - raft.server.log.statemachine.data.caching.enabled = true (custom)
2019-09-01 05:42:03,388 [pool-433-thread-1] INFO  segmented.SegmentedRaftLogWorker (SegmentedRaftLogWorker.java:lambda$new$0(132)) - 7098809c-b562-4a8a-ae10-ebee9eb441f0-SegmentedRaftLogWorker:Storage Directory /workdir/hadoop-ozone/integration-test/target/test-dir/MiniOzoneClusterImpl-5793c448-5931-4119-8416-4c480dda9cd0/datanode-5/data/ratis/623c030c-f89d-4aff-b9a9-56e10b9077ce: flushIndex: setUnconditionally 0 -> -1
2019-09-01 05:42:03,389 [pool-433-thread-1] INFO  server.RaftServerConfigKeys (ConfUtils.java:logGet(43)) - raft.server.snapshot.auto.trigger.enabled = true (custom)
2019-09-01 05:42:03,389 [pool-433-thread-1] INFO  server.RaftServerConfigKeys (ConfUtils.java:logGet(43)) - raft.server.snapshot.auto.trigger.threshold = 10000 (custom)
2019-09-01 05:42:03,389 [pool-433-thread-1] INFO  server.RaftServerConfigKeys (ConfUtils.java:logGet(43)) - raft.server.retrycache.expirytime = 600000ms (custom)
2019-09-01 05:42:03,389 [pool-433-thread-1] INFO  impl.RaftServerImpl (RaftServerImpl.java:start(180)) - 7098809c-b562-4a8a-ae10-ebee9eb441f0: start group-56E10B9077CE
2019-09-01 05:42:03,389 [pool-433-thread-1] INFO  impl.RaftServerImpl (RaftServerImpl.java:setRole(171)) - 7098809c-b562-4a8a-ae10-ebee9eb441f0:group-56E10B9077CE changes role from null to FOLLOWER at term 0 for startAsFollower
2019-09-01 05:42:03,389 [pool-433-thread-1] INFO  impl.RoleInfo (RoleInfo.java:updateAndGet(143)) - 7098809c-b562-4a8a-ae10-ebee9eb441f0: start FollowerState
2019-09-01 05:42:03,390 [pool-433-thread-1] INFO  util.JmxRegister (JmxRegister.java:tryRegister(44)) - Successfully registered JMX Bean with object name Ratis:service=RaftServer,group=group-56E10B9077CE,id=7098809c-b562-4a8a-ae10-ebee9eb441f0
2019-09-01 05:42:03,392 [RatisPipelineUtilsThread] INFO  pipeline.PipelineStateManager (PipelineStateManager.java:addPipeline(56)) - Created pipeline Pipeline[ Id: 623c030c-f89d-4aff-b9a9-56e10b9077ce, Nodes: 7098809c-b562-4a8a-ae10-ebee9eb441f0{ip: 192.168.36.91, host: trunk-nightly-20190901-gkzrd-4143273587, networkLocation: /default-rack, certSerialId: null}, Type:RATIS, Factor:ONE, State:OPEN]
2019-09-01 05:42:03,404 [grpc-default-executor-2] INFO  impl.RaftServerProxy (RaftServerProxy.java:addNew(89)) - 069b4c9a-be92-48c5-a953-5202f2b9bb94: addNew group-FEB423157B5A:[069b4c9a-be92-48c5-a953-5202f2b9bb94:192.168.36.91:34327] returns group-FEB423157B5A:java.util.concurrent.CompletableFuture@ae87007[Not completed]
2019-09-01 05:42:03,405 [pool-443-thread-1] INFO  impl.RaftServerImpl (RaftServerImpl.java:<init>(93)) - 069b4c9a-be92-48c5-a953-5202f2b9bb94: new RaftServerImpl for group-FEB423157B5A:[069b4c9a-be92-48c5-a953-5202f2b9bb94:192.168.36.91:34327] with ContainerStateMachine:uninitialized
2019-09-01 05:42:03,405 [pool-443-thread-1] INFO  server.RaftServerConfigKeys (ConfUtils.java:logGet(43)) - raft.server.rpc.timeout.min = 5s (custom)
2019-09-01 05:42:03,405 [pool-443-thread-1] INFO  server.RaftServerConfigKeys (ConfUtils.java:logGet(43)) - raft.server.rpc.timeout.max = 5200ms (custom)
2019-09-01 05:42:03,405 [pool-443-thread-1] INFO  server.RaftServerConfigKeys (ConfUtils.java:logGet(43)) - raft.server.rpcslowness.timeout = 120s (custom)
2019-09-01 05:42:03,405 [pool-443-thread-1] INFO  server.RaftServerConfigKeys (ConfUtils.java:logGet(43)) - raft.server.sleep.deviation.threshold = 300 (default)
2019-09-01 05:42:03,405 [pool-443-thread-1] INFO  server.RaftServerConfigKeys (ConfUtils.java:logGet(43)) - raft.server.log.appender.install.snapshot.enabled = false (custom)
2019-09-01 05:42:03,405 [pool-443-thread-1] INFO  impl.RaftServerImpl (ServerState.java:<init>(105)) - 069b4c9a-be92-48c5-a953-5202f2b9bb94:group-FEB423157B5A ConfigurationManager, init=-1: [069b4c9a-be92-48c5-a953-5202f2b9bb94:192.168.36.91:34327], old=null, confs=<EMPTY_MAP>
2019-09-01 05:42:03,405 [pool-443-thread-1] INFO  server.RaftServerConfigKeys (ConfUtils.java:logGet(43)) - raft.server.storage.dir = [/workdir/hadoop-ozone/integration-test/target/test-dir/MiniOzoneClusterImpl-5793c448-5931-4119-8416-4c480dda9cd0/datanode-6/data/ratis] (custom)
2019-09-01 05:42:03,406 [pool-443-thread-1] INFO  storage.RaftStorageDirectory (RaftStorageDirectory.java:analyzeStorage(246)) - The storage directory /workdir/hadoop-ozone/integration-test/target/test-dir/MiniOzoneClusterImpl-5793c448-5931-4119-8416-4c480dda9cd0/datanode-6/data/ratis/14787771-edc4-4054-8c37-feb423157b5a does not exist. Creating ...
2019-09-01 05:42:03,430 [pool-443-thread-1] INFO  storage.RaftStorageDirectory (RaftStorageDirectory.java:tryLock(328)) - Lock on /workdir/hadoop-ozone/integration-test/target/test-dir/MiniOzoneClusterImpl-5793c448-5931-4119-8416-4c480dda9cd0/datanode-6/data/ratis/14787771-edc4-4054-8c37-feb423157b5a/in_use.lock acquired by nodename 4038@trunk-nightly-20190901-gkzrd-4143273587
2019-09-01 05:42:03,459 [pool-443-thread-1] INFO  storage.RaftStorage (RaftStorage.java:format(72)) - Storage directory /workdir/hadoop-ozone/integration-test/target/test-dir/MiniOzoneClusterImpl-5793c448-5931-4119-8416-4c480dda9cd0/datanode-6/data/ratis/14787771-edc4-4054-8c37-feb423157b5a has been successfully formatted.
2019-09-01 05:42:03,460 [pool-443-thread-1] INFO  ratis.ContainerStateMachine (ContainerStateMachine.java:loadSnapshot(227)) - group-FEB423157B5A: The snapshot info is null. Setting the last applied indexto:(t:0, i:~)
2019-09-01 05:42:03,460 [pool-443-thread-1] INFO  server.RaftServerConfigKeys (ConfUtils.java:logGet(43)) - raft.server.leader.election.timeout = 120s (custom)
2019-09-01 05:42:03,460 [pool-443-thread-1] INFO  server.RaftServerConfigKeys (ConfUtils.java:logGet(43)) - raft.server.log.use.memory = false (default)
2019-09-01 05:42:03,460 [pool-443-thread-1] INFO  server.RaftServerConfigKeys (ConfUtils.java:logGet(43)) - raft.server.log.purge.gap = 1000000 (custom)
2019-09-01 05:42:03,460 [pool-443-thread-1] INFO  server.RaftServerConfigKeys (ConfUtils.java:logGet(43)) - raft.server.log.appender.buffer.byte-limit = 33554432 (custom)
2019-09-01 05:42:03,460 [pool-443-thread-1] INFO  server.RaftServerConfigKeys (ConfUtils.java:logGet(43)) - raft.server.log.segment.size.max = 1048576 (custom)
2019-09-01 05:42:03,460 [pool-443-thread-1] INFO  server.RaftServerConfigKeys (ConfUtils.java:logGet(43)) - raft.server.log.segment.cache.num.max = 2 (custom)
2019-09-01 05:42:03,460 [pool-443-thread-1] INFO  segmented.SegmentedRaftLogWorker (SegmentedRaftLogWorker.java:<init>(172)) - new 069b4c9a-be92-48c5-a953-5202f2b9bb94-SegmentedRaftLogWorker:Storage Directory /workdir/hadoop-ozone/integration-test/target/test-dir/MiniOzoneClusterImpl-5793c448-5931-4119-8416-4c480dda9cd0/datanode-6/data/ratis/14787771-edc4-4054-8c37-feb423157b5a for RaftStorage:Storage Directory /workdir/hadoop-ozone/integration-test/target/test-dir/MiniOzoneClusterImpl-5793c448-5931-4119-8416-4c480dda9cd0/datanode-6/data/ratis/14787771-edc4-4054-8c37-feb423157b5a
2019-09-01 05:42:03,461 [pool-443-thread-1] INFO  server.RaftServerConfigKeys (ConfUtils.java:logGet(43)) - raft.server.log.queue.byte-limit = 2147483647 (custom)
2019-09-01 05:42:03,461 [pool-443-thread-1] INFO  server.RaftServerConfigKeys (ConfUtils.java:logGet(43)) - raft.server.log.queue.element-limit = 1024 (custom)
2019-09-01 05:42:03,461 [pool-443-thread-1] INFO  server.RaftServerConfigKeys (ConfUtils.java:logGet(43)) - raft.server.log.segment.size.max = 1048576 (custom)
2019-09-01 05:42:03,461 [pool-443-thread-1] INFO  server.RaftServerConfigKeys (ConfUtils.java:logGet(43)) - raft.server.log.preallocated.size = 16384 (custom)
2019-09-01 05:42:03,461 [pool-443-thread-1] INFO  server.RaftServerConfigKeys (ConfUtils.java:logGet(43)) - raft.server.log.write.buffer.size = 33554432 (custom)
2019-09-01 05:42:03,461 [pool-443-thread-1] INFO  server.RaftServerConfigKeys (ConfUtils.java:logGet(43)) - raft.server.log.force.sync.num = 128 (default)
2019-09-01 05:42:03,461 [pool-443-thread-1] INFO  server.RaftServerConfigKeys (ConfUtils.java:logGet(43)) - raft.server.log.statemachine.data.sync = true (default)
2019-09-01 05:42:03,461 [pool-443-thread-1] INFO  server.RaftServerConfigKeys (ConfUtils.java:logGet(43)) - raft.server.log.statemachine.data.sync.timeout = 10s (default)
2019-09-01 05:42:03,461 [pool-443-thread-1] INFO  server.RaftServerConfigKeys (ConfUtils.java:logGet(43)) - raft.server.log.statemachine.data.sync.timeout.retry = -1 (default)
2019-09-01 05:42:03,462 [pool-443-thread-1] INFO  server.RaftServerConfigKeys (ConfUtils.java:logGet(43)) - raft.server.log.statemachine.data.caching.enabled = true (custom)
2019-09-01 05:42:03,462 [pool-443-thread-1] INFO  segmented.SegmentedRaftLogWorker (SegmentedRaftLogWorker.java:lambda$new$0(132)) - 069b4c9a-be92-48c5-a953-5202f2b9bb94-SegmentedRaftLogWorker:Storage Directory /workdir/hadoop-ozone/integration-test/target/test-dir/MiniOzoneClusterImpl-5793c448-5931-4119-8416-4c480dda9cd0/datanode-6/data/ratis/14787771-edc4-4054-8c37-feb423157b5a: flushIndex: setUnconditionally 0 -> -1
2019-09-01 05:42:03,462 [pool-443-thread-1] INFO  server.RaftServerConfigKeys (ConfUtils.java:logGet(43)) - raft.server.snapshot.auto.trigger.enabled = true (custom)
2019-09-01 05:42:03,462 [pool-443-thread-1] INFO  server.RaftServerConfigKeys (ConfUtils.java:logGet(43)) - raft.server.snapshot.auto.trigger.threshold = 10000 (custom)
2019-09-01 05:42:03,463 [pool-443-thread-1] INFO  server.RaftServerConfigKeys (ConfUtils.java:logGet(43)) - raft.server.retrycache.expirytime = 600000ms (custom)
2019-09-01 05:42:03,463 [pool-443-thread-1] INFO  impl.RaftServerImpl (RaftServerImpl.java:start(180)) - 069b4c9a-be92-48c5-a953-5202f2b9bb94: start group-FEB423157B5A
2019-09-01 05:42:03,463 [pool-443-thread-1] INFO  impl.RaftServerImpl (RaftServerImpl.java:setRole(171)) - 069b4c9a-be92-48c5-a953-5202f2b9bb94:group-FEB423157B5A changes role from null to FOLLOWER at term 0 for startAsFollower
2019-09-01 05:42:03,463 [pool-443-thread-1] INFO  impl.RoleInfo (RoleInfo.java:updateAndGet(143)) - 069b4c9a-be92-48c5-a953-5202f2b9bb94: start FollowerState
2019-09-01 05:42:03,463 [pool-443-thread-1] INFO  util.JmxRegister (JmxRegister.java:tryRegister(44)) - Successfully registered JMX Bean with object name Ratis:service=RaftServer,group=group-FEB423157B5A,id=069b4c9a-be92-48c5-a953-5202f2b9bb94
2019-09-01 05:42:03,466 [RatisPipelineUtilsThread] INFO  pipeline.PipelineStateManager (PipelineStateManager.java:addPipeline(56)) - Created pipeline Pipeline[ Id: 14787771-edc4-4054-8c37-feb423157b5a, Nodes: 069b4c9a-be92-48c5-a953-5202f2b9bb94{ip: 192.168.36.91, host: trunk-nightly-20190901-gkzrd-4143273587, networkLocation: /default-rack, certSerialId: null}, Type:RATIS, Factor:ONE, State:OPEN]
2019-09-01 05:42:03,480 [grpc-default-executor-5] INFO  impl.RaftServerProxy (RaftServerProxy.java:addNew(89)) - 624fda4c-503f-4d7b-9536-707723049ff7: addNew group-1CE661B5BE22:[118ead1c-3dd0-4d18-b1c5-69ccbf52f2b4:192.168.36.91:39313, 7098809c-b562-4a8a-ae10-ebee9eb441f0:192.168.36.91:43030, 624fda4c-503f-4d7b-9536-707723049ff7:192.168.36.91:46279] returns group-1CE661B5BE22:java.util.concurrent.CompletableFuture@20a66a51[Not completed]
2019-09-01 05:42:03,480 [grpc-default-executor-4] INFO  impl.RaftServerProxy (RaftServerProxy.java:addNew(89)) - 118ead1c-3dd0-4d18-b1c5-69ccbf52f2b4: addNew group-1CE661B5BE22:[118ead1c-3dd0-4d18-b1c5-69ccbf52f2b4:192.168.36.91:39313, 7098809c-b562-4a8a-ae10-ebee9eb441f0:192.168.36.91:43030, 624fda4c-503f-4d7b-9536-707723049ff7:192.168.36.91:46279] returns group-1CE661B5BE22:java.util.concurrent.CompletableFuture@54a2753c[Not completed]
2019-09-01 05:42:03,481 [grpc-default-executor-4] INFO  impl.RaftServerProxy (RaftServerProxy.java:addNew(89)) - 7098809c-b562-4a8a-ae10-ebee9eb441f0: addNew group-1CE661B5BE22:[118ead1c-3dd0-4d18-b1c5-69ccbf52f2b4:192.168.36.91:39313, 7098809c-b562-4a8a-ae10-ebee9eb441f0:192.168.36.91:43030, 624fda4c-503f-4d7b-9536-707723049ff7:192.168.36.91:46279] returns group-1CE661B5BE22:java.util.concurrent.CompletableFuture@6ad270c2[Not completed]
2019-09-01 05:42:03,481 [pool-383-thread-1] INFO  impl.RaftServerImpl (RaftServerImpl.java:<init>(93)) - 118ead1c-3dd0-4d18-b1c5-69ccbf52f2b4: new RaftServerImpl for group-1CE661B5BE22:[118ead1c-3dd0-4d18-b1c5-69ccbf52f2b4:192.168.36.91:39313, 7098809c-b562-4a8a-ae10-ebee9eb441f0:192.168.36.91:43030, 624fda4c-503f-4d7b-9536-707723049ff7:192.168.36.91:46279] with ContainerStateMachine:uninitialized
2019-09-01 05:42:03,482 [pool-383-thread-1] INFO  server.RaftServerConfigKeys (ConfUtils.java:logGet(43)) - raft.server.rpc.timeout.min = 5s (custom)
2019-09-01 05:42:03,482 [pool-383-thread-1] INFO  server.RaftServerConfigKeys (ConfUtils.java:logGet(43)) - raft.server.rpc.timeout.max = 5200ms (custom)
2019-09-01 05:42:03,482 [pool-383-thread-1] INFO  server.RaftServerConfigKeys (ConfUtils.java:logGet(43)) - raft.server.rpcslowness.timeout = 120s (custom)
2019-09-01 05:42:03,482 [pool-383-thread-1] INFO  server.RaftServerConfigKeys (ConfUtils.java:logGet(43)) - raft.server.sleep.deviation.threshold = 300 (default)
2019-09-01 05:42:03,482 [pool-383-thread-1] INFO  server.RaftServerConfigKeys (ConfUtils.java:logGet(43)) - raft.server.log.appender.install.snapshot.enabled = false (custom)
2019-09-01 05:42:03,482 [pool-383-thread-1] INFO  impl.RaftServerImpl (ServerState.java:<init>(105)) - 118ead1c-3dd0-4d18-b1c5-69ccbf52f2b4:group-1CE661B5BE22 ConfigurationManager, init=-1: [118ead1c-3dd0-4d18-b1c5-69ccbf52f2b4:192.168.36.91:39313, 7098809c-b562-4a8a-ae10-ebee9eb441f0:192.168.36.91:43030, 624fda4c-503f-4d7b-9536-707723049ff7:192.168.36.91:46279], old=null, confs=<EMPTY_MAP>
2019-09-01 05:42:03,482 [pool-383-thread-1] INFO  server.RaftServerConfigKeys (ConfUtils.java:logGet(43)) - raft.server.storage.dir = [/workdir/hadoop-ozone/integration-test/target/test-dir/MiniOzoneClusterImpl-5793c448-5931-4119-8416-4c480dda9cd0/datanode-0/data/ratis] (custom)
2019-09-01 05:42:03,483 [pool-383-thread-1] INFO  storage.RaftStorageDirectory (RaftStorageDirectory.java:analyzeStorage(246)) - The storage directory /workdir/hadoop-ozone/integration-test/target/test-dir/MiniOzoneClusterImpl-5793c448-5931-4119-8416-4c480dda9cd0/datanode-0/data/ratis/4363aa6a-576b-4364-8349-1ce661b5be22 does not exist. Creating ...
2019-09-01 05:42:03,483 [pool-423-thread-1] INFO  impl.RaftServerImpl (RaftServerImpl.java:<init>(93)) - 624fda4c-503f-4d7b-9536-707723049ff7: new RaftServerImpl for group-1CE661B5BE22:[118ead1c-3dd0-4d18-b1c5-69ccbf52f2b4:192.168.36.91:39313, 7098809c-b562-4a8a-ae10-ebee9eb441f0:192.168.36.91:43030, 624fda4c-503f-4d7b-9536-707723049ff7:192.168.36.91:46279] with ContainerStateMachine:uninitialized
2019-09-01 05:42:03,483 [pool-433-thread-1] INFO  impl.RaftServerImpl (RaftServerImpl.java:<init>(93)) - 7098809c-b562-4a8a-ae10-ebee9eb441f0: new RaftServerImpl for group-1CE661B5BE22:[118ead1c-3dd0-4d18-b1c5-69ccbf52f2b4:192.168.36.91:39313, 7098809c-b562-4a8a-ae10-ebee9eb441f0:192.168.36.91:43030, 624fda4c-503f-4d7b-9536-707723049ff7:192.168.36.91:46279] with ContainerStateMachine:uninitialized
2019-09-01 05:42:03,483 [pool-423-thread-1] INFO  server.RaftServerConfigKeys (ConfUtils.java:logGet(43)) - raft.server.rpc.timeout.min = 5s (custom)
2019-09-01 05:42:03,483 [pool-433-thread-1] INFO  server.RaftServerConfigKeys (ConfUtils.java:logGet(43)) - raft.server.rpc.timeout.min = 5s (custom)
2019-09-01 05:42:03,483 [pool-423-thread-1] INFO  server.RaftServerConfigKeys (ConfUtils.java:logGet(43)) - raft.server.rpc.timeout.max = 5200ms (custom)
2019-09-01 05:42:03,483 [pool-433-thread-1] INFO  server.RaftServerConfigKeys (ConfUtils.java:logGet(43)) - raft.server.rpc.timeout.max = 5200ms (custom)
2019-09-01 05:42:03,484 [pool-423-thread-1] INFO  server.RaftServerConfigKeys (ConfUtils.java:logGet(43)) - raft.server.rpcslowness.timeout = 120s (custom)
2019-09-01 05:42:03,484 [pool-433-thread-1] INFO  server.RaftServerConfigKeys (ConfUtils.java:logGet(43)) - raft.server.rpcslowness.timeout = 120s (custom)
2019-09-01 05:42:03,484 [pool-423-thread-1] INFO  server.RaftServerConfigKeys (ConfUtils.java:logGet(43)) - raft.server.sleep.deviation.threshold = 300 (default)
2019-09-01 05:42:03,484 [pool-433-thread-1] INFO  server.RaftServerConfigKeys (ConfUtils.java:logGet(43)) - raft.server.sleep.deviation.threshold = 300 (default)
2019-09-01 05:42:03,484 [pool-423-thread-1] INFO  server.RaftServerConfigKeys (ConfUtils.java:logGet(43)) - raft.server.log.appender.install.snapshot.enabled = false (custom)
2019-09-01 05:42:03,484 [pool-433-thread-1] INFO  server.RaftServerConfigKeys (ConfUtils.java:logGet(43)) - raft.server.log.appender.install.snapshot.enabled = false (custom)
2019-09-01 05:42:03,484 [pool-423-thread-1] INFO  impl.RaftServerImpl (ServerState.java:<init>(105)) - 624fda4c-503f-4d7b-9536-707723049ff7:group-1CE661B5BE22 ConfigurationManager, init=-1: [118ead1c-3dd0-4d18-b1c5-69ccbf52f2b4:192.168.36.91:39313, 7098809c-b562-4a8a-ae10-ebee9eb441f0:192.168.36.91:43030, 624fda4c-503f-4d7b-9536-707723049ff7:192.168.36.91:46279], old=null, confs=<EMPTY_MAP>
2019-09-01 05:42:03,485 [pool-433-thread-1] INFO  impl.RaftServerImpl (ServerState.java:<init>(105)) - 7098809c-b562-4a8a-ae10-ebee9eb441f0:group-1CE661B5BE22 ConfigurationManager, init=-1: [118ead1c-3dd0-4d18-b1c5-69ccbf52f2b4:192.168.36.91:39313, 7098809c-b562-4a8a-ae10-ebee9eb441f0:192.168.36.91:43030, 624fda4c-503f-4d7b-9536-707723049ff7:192.168.36.91:46279], old=null, confs=<EMPTY_MAP>
2019-09-01 05:42:03,485 [pool-423-thread-1] INFO  server.RaftServerConfigKeys (ConfUtils.java:logGet(43)) - raft.server.storage.dir = [/workdir/hadoop-ozone/integration-test/target/test-dir/MiniOzoneClusterImpl-5793c448-5931-4119-8416-4c480dda9cd0/datanode-4/data/ratis] (custom)
2019-09-01 05:42:03,485 [pool-433-thread-1] INFO  server.RaftServerConfigKeys (ConfUtils.java:logGet(43)) - raft.server.storage.dir = [/workdir/hadoop-ozone/integration-test/target/test-dir/MiniOzoneClusterImpl-5793c448-5931-4119-8416-4c480dda9cd0/datanode-5/data/ratis] (custom)
2019-09-01 05:42:03,485 [pool-433-thread-1] INFO  storage.RaftStorageDirectory (RaftStorageDirectory.java:analyzeStorage(246)) - The storage directory /workdir/hadoop-ozone/integration-test/target/test-dir/MiniOzoneClusterImpl-5793c448-5931-4119-8416-4c480dda9cd0/datanode-5/data/ratis/4363aa6a-576b-4364-8349-1ce661b5be22 does not exist. Creating ...
2019-09-01 05:42:03,485 [pool-423-thread-1] INFO  storage.RaftStorageDirectory (RaftStorageDirectory.java:analyzeStorage(246)) - The storage directory /workdir/hadoop-ozone/integration-test/target/test-dir/MiniOzoneClusterImpl-5793c448-5931-4119-8416-4c480dda9cd0/datanode-4/data/ratis/4363aa6a-576b-4364-8349-1ce661b5be22 does not exist. Creating ...
2019-09-01 05:42:03,514 [pool-433-thread-1] INFO  storage.RaftStorageDirectory (RaftStorageDirectory.java:tryLock(328)) - Lock on /workdir/hadoop-ozone/integration-test/target/test-dir/MiniOzoneClusterImpl-5793c448-5931-4119-8416-4c480dda9cd0/datanode-5/data/ratis/4363aa6a-576b-4364-8349-1ce661b5be22/in_use.lock acquired by nodename 4038@trunk-nightly-20190901-gkzrd-4143273587
2019-09-01 05:42:03,514 [pool-423-thread-1] INFO  storage.RaftStorageDirectory (RaftStorageDirectory.java:tryLock(328)) - Lock on /workdir/hadoop-ozone/integration-test/target/test-dir/MiniOzoneClusterImpl-5793c448-5931-4119-8416-4c480dda9cd0/datanode-4/data/ratis/4363aa6a-576b-4364-8349-1ce661b5be22/in_use.lock acquired by nodename 4038@trunk-nightly-20190901-gkzrd-4143273587
2019-09-01 05:42:03,514 [pool-383-thread-1] INFO  storage.RaftStorageDirectory (RaftStorageDirectory.java:tryLock(328)) - Lock on /workdir/hadoop-ozone/integration-test/target/test-dir/MiniOzoneClusterImpl-5793c448-5931-4119-8416-4c480dda9cd0/datanode-0/data/ratis/4363aa6a-576b-4364-8349-1ce661b5be22/in_use.lock acquired by nodename 4038@trunk-nightly-20190901-gkzrd-4143273587
2019-09-01 05:42:03,541 [pool-433-thread-1] INFO  storage.RaftStorage (RaftStorage.java:format(72)) - Storage directory /workdir/hadoop-ozone/integration-test/target/test-dir/MiniOzoneClusterImpl-5793c448-5931-4119-8416-4c480dda9cd0/datanode-5/data/ratis/4363aa6a-576b-4364-8349-1ce661b5be22 has been successfully formatted.
2019-09-01 05:42:03,541 [pool-383-thread-1] INFO  storage.RaftStorage (RaftStorage.java:format(72)) - Storage directory /workdir/hadoop-ozone/integration-test/target/test-dir/MiniOzoneClusterImpl-5793c448-5931-4119-8416-4c480dda9cd0/datanode-0/data/ratis/4363aa6a-576b-4364-8349-1ce661b5be22 has been successfully formatted.
2019-09-01 05:42:03,541 [pool-423-thread-1] INFO  storage.RaftStorage (RaftStorage.java:format(72)) - Storage directory /workdir/hadoop-ozone/integration-test/target/test-dir/MiniOzoneClusterImpl-5793c448-5931-4119-8416-4c480dda9cd0/datanode-4/data/ratis/4363aa6a-576b-4364-8349-1ce661b5be22 has been successfully formatted.
2019-09-01 05:42:03,542 [pool-383-thread-1] INFO  ratis.ContainerStateMachine (ContainerStateMachine.java:loadSnapshot(227)) - group-1CE661B5BE22: The snapshot info is null. Setting the last applied indexto:(t:0, i:~)
2019-09-01 05:42:03,541 [pool-433-thread-1] INFO  ratis.ContainerStateMachine (ContainerStateMachine.java:loadSnapshot(227)) - group-1CE661B5BE22: The snapshot info is null. Setting the last applied indexto:(t:0, i:~)
2019-09-01 05:42:03,542 [pool-423-thread-1] INFO  ratis.ContainerStateMachine (ContainerStateMachine.java:loadSnapshot(227)) - group-1CE661B5BE22: The snapshot info is null. Setting the last applied indexto:(t:0, i:~)
2019-09-01 05:42:03,542 [pool-383-thread-1] INFO  server.RaftServerConfigKeys (ConfUtils.java:logGet(43)) - raft.server.leader.election.timeout = 120s (custom)
2019-09-01 05:42:03,542 [pool-423-thread-1] INFO  server.RaftServerConfigKeys (ConfUtils.java:logGet(43)) - raft.server.leader.election.timeout = 120s (custom)
2019-09-01 05:42:03,542 [pool-433-thread-1] INFO  server.RaftServerConfigKeys (ConfUtils.java:logGet(43)) - raft.server.leader.election.timeout = 120s (custom)
2019-09-01 05:42:03,542 [pool-423-thread-1] INFO  server.RaftServerConfigKeys (ConfUtils.java:logGet(43)) - raft.server.log.use.memory = false (default)
2019-09-01 05:42:03,542 [pool-383-thread-1] INFO  server.RaftServerConfigKeys (ConfUtils.java:logGet(43)) - raft.server.log.use.memory = false (default)
2019-09-01 05:42:03,543 [pool-423-thread-1] INFO  server.RaftServerConfigKeys (ConfUtils.java:logGet(43)) - raft.server.log.purge.gap = 1000000 (custom)
2019-09-01 05:42:03,543 [pool-433-thread-1] INFO  server.RaftServerConfigKeys (ConfUtils.java:logGet(43)) - raft.server.log.use.memory = false (default)
2019-09-01 05:42:03,543 [pool-423-thread-1] INFO  server.RaftServerConfigKeys (ConfUtils.java:logGet(43)) - raft.server.log.appender.buffer.byte-limit = 33554432 (custom)
2019-09-01 05:42:03,543 [pool-383-thread-1] INFO  server.RaftServerConfigKeys (ConfUtils.java:logGet(43)) - raft.server.log.purge.gap = 1000000 (custom)
2019-09-01 05:42:03,543 [pool-423-thread-1] INFO  server.RaftServerConfigKeys (ConfUtils.java:logGet(43)) - raft.server.log.segment.size.max = 1048576 (custom)
2019-09-01 05:42:03,543 [pool-433-thread-1] INFO  server.RaftServerConfigKeys (ConfUtils.java:logGet(43)) - raft.server.log.purge.gap = 1000000 (custom)
2019-09-01 05:42:03,544 [pool-423-thread-1] INFO  server.RaftServerConfigKeys (ConfUtils.java:logGet(43)) - raft.server.log.segment.cache.num.max = 2 (custom)
2019-09-01 05:42:03,543 [pool-383-thread-1] INFO  server.RaftServerConfigKeys (ConfUtils.java:logGet(43)) - raft.server.log.appender.buffer.byte-limit = 33554432 (custom)
2019-09-01 05:42:03,544 [pool-423-thread-1] INFO  segmented.SegmentedRaftLogWorker (SegmentedRaftLogWorker.java:<init>(172)) - new 624fda4c-503f-4d7b-9536-707723049ff7-SegmentedRaftLogWorker:Storage Directory /workdir/hadoop-ozone/integration-test/target/test-dir/MiniOzoneClusterImpl-5793c448-5931-4119-8416-4c480dda9cd0/datanode-4/data/ratis/4363aa6a-576b-4364-8349-1ce661b5be22 for RaftStorage:Storage Directory /workdir/hadoop-ozone/integration-test/target/test-dir/MiniOzoneClusterImpl-5793c448-5931-4119-8416-4c480dda9cd0/datanode-4/data/ratis/4363aa6a-576b-4364-8349-1ce661b5be22
2019-09-01 05:42:03,544 [pool-433-thread-1] INFO  server.RaftServerConfigKeys (ConfUtils.java:logGet(43)) - raft.server.log.appender.buffer.byte-limit = 33554432 (custom)
2019-09-01 05:42:03,544 [pool-423-thread-1] INFO  server.RaftServerConfigKeys (ConfUtils.java:logGet(43)) - raft.server.log.queue.byte-limit = 2147483647 (custom)
2019-09-01 05:42:03,545 [pool-423-thread-1] INFO  server.RaftServerConfigKeys (ConfUtils.java:logGet(43)) - raft.server.log.queue.element-limit = 1024 (custom)
2019-09-01 05:42:03,544 [pool-383-thread-1] INFO  server.RaftServerConfigKeys (ConfUtils.java:logGet(43)) - raft.server.log.segment.size.max = 1048576 (custom)
2019-09-01 05:42:03,545 [pool-423-thread-1] INFO  server.RaftServerConfigKeys (ConfUtils.java:logGet(43)) - raft.server.log.segment.size.max = 1048576 (custom)
2019-09-01 05:42:03,544 [pool-433-thread-1] INFO  server.RaftServerConfigKeys (ConfUtils.java:logGet(43)) - raft.server.log.segment.size.max = 1048576 (custom)
2019-09-01 05:42:03,545 [pool-423-thread-1] INFO  server.RaftServerConfigKeys (ConfUtils.java:logGet(43)) - raft.server.log.preallocated.size = 16384 (custom)
2019-09-01 05:42:03,545 [pool-383-thread-1] INFO  server.RaftServerConfigKeys (ConfUtils.java:logGet(43)) - raft.server.log.segment.cache.num.max = 2 (custom)
2019-09-01 05:42:03,545 [pool-423-thread-1] INFO  server.RaftServerConfigKeys (ConfUtils.java:logGet(43)) - raft.server.log.write.buffer.size = 33554432 (custom)
2019-09-01 05:42:03,546 [pool-423-thread-1] INFO  server.RaftServerConfigKeys (ConfUtils.java:logGet(43)) - raft.server.log.force.sync.num = 128 (default)
2019-09-01 05:42:03,545 [pool-433-thread-1] INFO  server.RaftServerConfigKeys (ConfUtils.java:logGet(43)) - raft.server.log.segment.cache.num.max = 2 (custom)
2019-09-01 05:42:03,546 [pool-423-thread-1] INFO  server.RaftServerConfigKeys (ConfUtils.java:logGet(43)) - raft.server.log.statemachine.data.sync = true (default)
2019-09-01 05:42:03,546 [pool-423-thread-1] INFO  server.RaftServerConfigKeys (ConfUtils.java:logGet(43)) - raft.server.log.statemachine.data.sync.timeout = 10s (default)
2019-09-01 05:42:03,545 [pool-383-thread-1] INFO  segmented.SegmentedRaftLogWorker (SegmentedRaftLogWorker.java:<init>(172)) - new 118ead1c-3dd0-4d18-b1c5-69ccbf52f2b4-SegmentedRaftLogWorker:Storage Directory /workdir/hadoop-ozone/integration-test/target/test-dir/MiniOzoneClusterImpl-5793c448-5931-4119-8416-4c480dda9cd0/datanode-0/data/ratis/4363aa6a-576b-4364-8349-1ce661b5be22 for RaftStorage:Storage Directory /workdir/hadoop-ozone/integration-test/target/test-dir/MiniOzoneClusterImpl-5793c448-5931-4119-8416-4c480dda9cd0/datanode-0/data/ratis/4363aa6a-576b-4364-8349-1ce661b5be22
2019-09-01 05:42:03,546 [pool-423-thread-1] INFO  server.RaftServerConfigKeys (ConfUtils.java:logGet(43)) - raft.server.log.statemachine.data.sync.timeout.retry = -1 (default)
2019-09-01 05:42:03,546 [pool-433-thread-1] INFO  segmented.SegmentedRaftLogWorker (SegmentedRaftLogWorker.java:<init>(172)) - new 7098809c-b562-4a8a-ae10-ebee9eb441f0-SegmentedRaftLogWorker:Storage Directory /workdir/hadoop-ozone/integration-test/target/test-dir/MiniOzoneClusterImpl-5793c448-5931-4119-8416-4c480dda9cd0/datanode-5/data/ratis/4363aa6a-576b-4364-8349-1ce661b5be22 for RaftStorage:Storage Directory /workdir/hadoop-ozone/integration-test/target/test-dir/MiniOzoneClusterImpl-5793c448-5931-4119-8416-4c480dda9cd0/datanode-5/data/ratis/4363aa6a-576b-4364-8349-1ce661b5be22
2019-09-01 05:42:03,547 [pool-423-thread-1] INFO  server.RaftServerConfigKeys (ConfUtils.java:logGet(43)) - raft.server.log.statemachine.data.caching.enabled = true (custom)
2019-09-01 05:42:03,546 [pool-383-thread-1] INFO  server.RaftServerConfigKeys (ConfUtils.java:logGet(43)) - raft.server.log.queue.byte-limit = 2147483647 (custom)
2019-09-01 05:42:03,547 [pool-433-thread-1] INFO  server.RaftServerConfigKeys (ConfUtils.java:logGet(43)) - raft.server.log.queue.byte-limit = 2147483647 (custom)
2019-09-01 05:42:03,547 [pool-423-thread-1] INFO  segmented.SegmentedRaftLogWorker (SegmentedRaftLogWorker.java:lambda$new$0(132)) - 624fda4c-503f-4d7b-9536-707723049ff7-SegmentedRaftLogWorker:Storage Directory /workdir/hadoop-ozone/integration-test/target/test-dir/MiniOzoneClusterImpl-5793c448-5931-4119-8416-4c480dda9cd0/datanode-4/data/ratis/4363aa6a-576b-4364-8349-1ce661b5be22: flushIndex: setUnconditionally 0 -> -1
2019-09-01 05:42:03,547 [pool-383-thread-1] INFO  server.RaftServerConfigKeys (ConfUtils.java:logGet(43)) - raft.server.log.queue.element-limit = 1024 (custom)
2019-09-01 05:42:03,547 [pool-433-thread-1] INFO  server.RaftServerConfigKeys (ConfUtils.java:logGet(43)) - raft.server.log.queue.element-limit = 1024 (custom)
2019-09-01 05:42:03,548 [pool-423-thread-1] INFO  server.RaftServerConfigKeys (ConfUtils.java:logGet(43)) - raft.server.snapshot.auto.trigger.enabled = true (custom)
2019-09-01 05:42:03,548 [pool-433-thread-1] INFO  server.RaftServerConfigKeys (ConfUtils.java:logGet(43)) - raft.server.log.segment.size.max = 1048576 (custom)
2019-09-01 05:42:03,548 [pool-383-thread-1] INFO  server.RaftServerConfigKeys (ConfUtils.java:logGet(43)) - raft.server.log.segment.size.max = 1048576 (custom)
2019-09-01 05:42:03,548 [pool-433-thread-1] INFO  server.RaftServerConfigKeys (ConfUtils.java:logGet(43)) - raft.server.log.preallocated.size = 16384 (custom)
2019-09-01 05:42:03,548 [pool-423-thread-1] INFO  server.RaftServerConfigKeys (ConfUtils.java:logGet(43)) - raft.server.snapshot.auto.trigger.threshold = 10000 (custom)
2019-09-01 05:42:03,549 [pool-433-thread-1] INFO  server.RaftServerConfigKeys (ConfUtils.java:logGet(43)) - raft.server.log.write.buffer.size = 33554432 (custom)
2019-09-01 05:42:03,548 [pool-383-thread-1] INFO  server.RaftServerConfigKeys (ConfUtils.java:logGet(43)) - raft.server.log.preallocated.size = 16384 (custom)
2019-09-01 05:42:03,549 [pool-433-thread-1] INFO  server.RaftServerConfigKeys (ConfUtils.java:logGet(43)) - raft.server.log.force.sync.num = 128 (default)
2019-09-01 05:42:03,549 [pool-423-thread-1] INFO  server.RaftServerConfigKeys (ConfUtils.java:logGet(43)) - raft.server.retrycache.expirytime = 600000ms (custom)
2019-09-01 05:42:03,549 [pool-433-thread-1] INFO  server.RaftServerConfigKeys (ConfUtils.java:logGet(43)) - raft.server.log.statemachine.data.sync = true (default)
2019-09-01 05:42:03,549 [pool-383-thread-1] INFO  server.RaftServerConfigKeys (ConfUtils.java:logGet(43)) - raft.server.log.write.buffer.size = 33554432 (custom)
2019-09-01 05:42:03,550 [pool-433-thread-1] INFO  server.RaftServerConfigKeys (ConfUtils.java:logGet(43)) - raft.server.log.statemachine.data.sync.timeout = 10s (default)
2019-09-01 05:42:03,549 [pool-423-thread-1] INFO  impl.RaftServerImpl (RaftServerImpl.java:start(180)) - 624fda4c-503f-4d7b-9536-707723049ff7: start group-1CE661B5BE22
2019-09-01 05:42:03,550 [pool-433-thread-1] INFO  server.RaftServerConfigKeys (ConfUtils.java:logGet(43)) - raft.server.log.statemachine.data.sync.timeout.retry = -1 (default)
2019-09-01 05:42:03,550 [pool-383-thread-1] INFO  server.RaftServerConfigKeys (ConfUtils.java:logGet(43)) - raft.server.log.force.sync.num = 128 (default)
2019-09-01 05:42:03,550 [pool-433-thread-1] INFO  server.RaftServerConfigKeys (ConfUtils.java:logGet(43)) - raft.server.log.statemachine.data.caching.enabled = true (custom)
2019-09-01 05:42:03,550 [pool-423-thread-1] INFO  impl.RaftServerImpl (RaftServerImpl.java:setRole(171)) - 624fda4c-503f-4d7b-9536-707723049ff7:group-1CE661B5BE22 changes role from null to FOLLOWER at term 0 for startAsFollower
2019-09-01 05:42:03,550 [pool-383-thread-1] INFO  server.RaftServerConfigKeys (ConfUtils.java:logGet(43)) - raft.server.log.statemachine.data.sync = true (default)
2019-09-01 05:42:03,551 [pool-433-thread-1] INFO  segmented.SegmentedRaftLogWorker (SegmentedRaftLogWorker.java:lambda$new$0(132)) - 7098809c-b562-4a8a-ae10-ebee9eb441f0-SegmentedRaftLogWorker:Storage Directory /workdir/hadoop-ozone/integration-test/target/test-dir/MiniOzoneClusterImpl-5793c448-5931-4119-8416-4c480dda9cd0/datanode-5/data/ratis/4363aa6a-576b-4364-8349-1ce661b5be22: flushIndex: setUnconditionally 0 -> -1
2019-09-01 05:42:03,551 [pool-423-thread-1] INFO  impl.RoleInfo (RoleInfo.java:updateAndGet(143)) - 624fda4c-503f-4d7b-9536-707723049ff7: start FollowerState
2019-09-01 05:42:03,551 [pool-383-thread-1] INFO  server.RaftServerConfigKeys (ConfUtils.java:logGet(43)) - raft.server.log.statemachine.data.sync.timeout = 10s (default)
2019-09-01 05:42:03,551 [pool-433-thread-1] INFO  server.RaftServerConfigKeys (ConfUtils.java:logGet(43)) - raft.server.snapshot.auto.trigger.enabled = true (custom)
2019-09-01 05:42:03,551 [pool-383-thread-1] INFO  server.RaftServerConfigKeys (ConfUtils.java:logGet(43)) - raft.server.log.statemachine.data.sync.timeout.retry = -1 (default)
2019-09-01 05:42:03,552 [pool-423-thread-1] INFO  util.JmxRegister (JmxRegister.java:tryRegister(44)) - Successfully registered JMX Bean with object name Ratis:service=RaftServer,group=group-1CE661B5BE22,id=624fda4c-503f-4d7b-9536-707723049ff7
2019-09-01 05:42:03,552 [pool-433-thread-1] INFO  server.RaftServerConfigKeys (ConfUtils.java:logGet(43)) - raft.server.snapshot.auto.trigger.threshold = 10000 (custom)
2019-09-01 05:42:03,552 [pool-383-thread-1] INFO  server.RaftServerConfigKeys (ConfUtils.java:logGet(43)) - raft.server.log.statemachine.data.caching.enabled = true (custom)
2019-09-01 05:42:03,552 [pool-433-thread-1] INFO  server.RaftServerConfigKeys (ConfUtils.java:logGet(43)) - raft.server.retrycache.expirytime = 600000ms (custom)
2019-09-01 05:42:03,552 [pool-383-thread-1] INFO  segmented.SegmentedRaftLogWorker (SegmentedRaftLogWorker.java:lambda$new$0(132)) - 118ead1c-3dd0-4d18-b1c5-69ccbf52f2b4-SegmentedRaftLogWorker:Storage Directory /workdir/hadoop-ozone/integration-test/target/test-dir/MiniOzoneClusterImpl-5793c448-5931-4119-8416-4c480dda9cd0/datanode-0/data/ratis/4363aa6a-576b-4364-8349-1ce661b5be22: flushIndex: setUnconditionally 0 -> -1
2019-09-01 05:42:03,552 [pool-433-thread-1] INFO  impl.RaftServerImpl (RaftServerImpl.java:start(180)) - 7098809c-b562-4a8a-ae10-ebee9eb441f0: start group-1CE661B5BE22
2019-09-01 05:42:03,553 [pool-383-thread-1] INFO  server.RaftServerConfigKeys (ConfUtils.java:logGet(43)) - raft.server.snapshot.auto.trigger.enabled = true (custom)
2019-09-01 05:42:03,553 [pool-433-thread-1] INFO  impl.RaftServerImpl (RaftServerImpl.java:setRole(171)) - 7098809c-b562-4a8a-ae10-ebee9eb441f0:group-1CE661B5BE22 changes role from null to FOLLOWER at term 0 for startAsFollower
2019-09-01 05:42:03,553 [pool-383-thread-1] INFO  server.RaftServerConfigKeys (ConfUtils.java:logGet(43)) - raft.server.snapshot.auto.trigger.threshold = 10000 (custom)
2019-09-01 05:42:03,553 [pool-433-thread-1] INFO  impl.RoleInfo (RoleInfo.java:updateAndGet(143)) - 7098809c-b562-4a8a-ae10-ebee9eb441f0: start FollowerState
2019-09-01 05:42:03,553 [pool-383-thread-1] INFO  server.RaftServerConfigKeys (ConfUtils.java:logGet(43)) - raft.server.retrycache.expirytime = 600000ms (custom)
2019-09-01 05:42:03,553 [pool-383-thread-1] INFO  impl.RaftServerImpl (RaftServerImpl.java:start(180)) - 118ead1c-3dd0-4d18-b1c5-69ccbf52f2b4: start group-1CE661B5BE22
2019-09-01 05:42:03,553 [pool-383-thread-1] INFO  impl.RaftServerImpl (RaftServerImpl.java:setRole(171)) - 118ead1c-3dd0-4d18-b1c5-69ccbf52f2b4:group-1CE661B5BE22 changes role from null to FOLLOWER at term 0 for startAsFollower
2019-09-01 05:42:03,553 [pool-433-thread-1] INFO  util.JmxRegister (JmxRegister.java:tryRegister(44)) - Successfully registered JMX Bean with object name Ratis:service=RaftServer,group=group-1CE661B5BE22,id=7098809c-b562-4a8a-ae10-ebee9eb441f0
2019-09-01 05:42:03,554 [pool-383-thread-1] INFO  impl.RoleInfo (RoleInfo.java:updateAndGet(143)) - 118ead1c-3dd0-4d18-b1c5-69ccbf52f2b4: start FollowerState
2019-09-01 05:42:03,554 [pool-383-thread-1] INFO  util.JmxRegister (JmxRegister.java:tryRegister(44)) - Successfully registered JMX Bean with object name Ratis:service=RaftServer,group=group-1CE661B5BE22,id=118ead1c-3dd0-4d18-b1c5-69ccbf52f2b4
2019-09-01 05:42:03,557 [RatisPipelineUtilsThread] INFO  pipeline.PipelineStateManager (PipelineStateManager.java:addPipeline(56)) - Created pipeline Pipeline[ Id: 4363aa6a-576b-4364-8349-1ce661b5be22, Nodes: 118ead1c-3dd0-4d18-b1c5-69ccbf52f2b4{ip: 192.168.36.91, host: trunk-nightly-20190901-gkzrd-4143273587, networkLocation: /default-rack, certSerialId: null}624fda4c-503f-4d7b-9536-707723049ff7{ip: 192.168.36.91, host: trunk-nightly-20190901-gkzrd-4143273587, networkLocation: /default-rack, certSerialId: null}7098809c-b562-4a8a-ae10-ebee9eb441f0{ip: 192.168.36.91, host: trunk-nightly-20190901-gkzrd-4143273587, networkLocation: /default-rack, certSerialId: null}, Type:RATIS, Factor:THREE, State:OPEN]
2019-09-01 05:42:03,569 [grpc-default-executor-4] INFO  impl.RaftServerProxy (RaftServerProxy.java:addNew(89)) - 4f9fb466-3d6c-4064-8357-5bf349958387: addNew group-3D63AEBF48FE:[33c85cdb-b84c-478c-bf87-ba5fca0e584d:192.168.36.91:39248, 4f9fb466-3d6c-4064-8357-5bf349958387:192.168.36.91:33208, 347d3a05-4419-419b-98aa-931b8b5cf3bf:192.168.36.91:41604] returns group-3D63AEBF48FE:java.util.concurrent.CompletableFuture@5d1fea07[Not completed]
2019-09-01 05:42:03,569 [grpc-default-executor-2] INFO  impl.RaftServerProxy (RaftServerProxy.java:addNew(89)) - 347d3a05-4419-419b-98aa-931b8b5cf3bf: addNew group-3D63AEBF48FE:[33c85cdb-b84c-478c-bf87-ba5fca0e584d:192.168.36.91:39248, 4f9fb466-3d6c-4064-8357-5bf349958387:192.168.36.91:33208, 347d3a05-4419-419b-98aa-931b8b5cf3bf:192.168.36.91:41604] returns group-3D63AEBF48FE:java.util.concurrent.CompletableFuture@6f09cbae[Not completed]
2019-09-01 05:42:03,569 [grpc-default-executor-5] INFO  impl.RaftServerProxy (RaftServerProxy.java:addNew(89)) - 33c85cdb-b84c-478c-bf87-ba5fca0e584d: addNew group-3D63AEBF48FE:[33c85cdb-b84c-478c-bf87-ba5fca0e584d:192.168.36.91:39248, 4f9fb466-3d6c-4064-8357-5bf349958387:192.168.36.91:33208, 347d3a05-4419-419b-98aa-931b8b5cf3bf:192.168.36.91:41604] returns group-3D63AEBF48FE:java.util.concurrent.CompletableFuture@7448c9ad[Not completed]
2019-09-01 05:42:03,571 [pool-413-thread-1] INFO  impl.RaftServerImpl (RaftServerImpl.java:<init>(93)) - 347d3a05-4419-419b-98aa-931b8b5cf3bf: new RaftServerImpl for group-3D63AEBF48FE:[33c85cdb-b84c-478c-bf87-ba5fca0e584d:192.168.36.91:39248, 4f9fb466-3d6c-4064-8357-5bf349958387:192.168.36.91:33208, 347d3a05-4419-419b-98aa-931b8b5cf3bf:192.168.36.91:41604] with ContainerStateMachine:uninitialized
2019-09-01 05:42:03,571 [pool-413-thread-1] INFO  server.RaftServerConfigKeys (ConfUtils.java:logGet(43)) - raft.server.rpc.timeout.min = 5s (custom)
2019-09-01 05:42:03,571 [pool-413-thread-1] INFO  server.RaftServerConfigKeys (ConfUtils.java:logGet(43)) - raft.server.rpc.timeout.max = 5200ms (custom)
2019-09-01 05:42:03,571 [pool-413-thread-1] INFO  server.RaftServerConfigKeys (ConfUtils.java:logGet(43)) - raft.server.rpcslowness.timeout = 120s (custom)
2019-09-01 05:42:03,571 [pool-413-thread-1] INFO  server.RaftServerConfigKeys (ConfUtils.java:logGet(43)) - raft.server.sleep.deviation.threshold = 300 (default)
2019-09-01 05:42:03,571 [pool-413-thread-1] INFO  server.RaftServerConfigKeys (ConfUtils.java:logGet(43)) - raft.server.log.appender.install.snapshot.enabled = false (custom)
2019-09-01 05:42:03,571 [pool-403-thread-1] INFO  impl.RaftServerImpl (RaftServerImpl.java:<init>(93)) - 33c85cdb-b84c-478c-bf87-ba5fca0e584d: new RaftServerImpl for group-3D63AEBF48FE:[33c85cdb-b84c-478c-bf87-ba5fca0e584d:192.168.36.91:39248, 4f9fb466-3d6c-4064-8357-5bf349958387:192.168.36.91:33208, 347d3a05-4419-419b-98aa-931b8b5cf3bf:192.168.36.91:41604] with ContainerStateMachine:uninitialized
2019-09-01 05:42:03,571 [pool-413-thread-1] INFO  impl.RaftServerImpl (ServerState.java:<init>(105)) - 347d3a05-4419-419b-98aa-931b8b5cf3bf:group-3D63AEBF48FE ConfigurationManager, init=-1: [33c85cdb-b84c-478c-bf87-ba5fca0e584d:192.168.36.91:39248, 4f9fb466-3d6c-4064-8357-5bf349958387:192.168.36.91:33208, 347d3a05-4419-419b-98aa-931b8b5cf3bf:192.168.36.91:41604], old=null, confs=<EMPTY_MAP>
2019-09-01 05:42:03,571 [pool-403-thread-1] INFO  server.RaftServerConfigKeys (ConfUtils.java:logGet(43)) - raft.server.rpc.timeout.min = 5s (custom)
2019-09-01 05:42:03,572 [pool-413-thread-1] INFO  server.RaftServerConfigKeys (ConfUtils.java:logGet(43)) - raft.server.storage.dir = [/workdir/hadoop-ozone/integration-test/target/test-dir/MiniOzoneClusterImpl-5793c448-5931-4119-8416-4c480dda9cd0/datanode-3/data/ratis] (custom)
2019-09-01 05:42:03,572 [pool-403-thread-1] INFO  server.RaftServerConfigKeys (ConfUtils.java:logGet(43)) - raft.server.rpc.timeout.max = 5200ms (custom)
2019-09-01 05:42:03,572 [pool-403-thread-1] INFO  server.RaftServerConfigKeys (ConfUtils.java:logGet(43)) - raft.server.rpcslowness.timeout = 120s (custom)
2019-09-01 05:42:03,572 [pool-413-thread-1] INFO  storage.RaftStorageDirectory (RaftStorageDirectory.java:analyzeStorage(246)) - The storage directory /workdir/hadoop-ozone/integration-test/target/test-dir/MiniOzoneClusterImpl-5793c448-5931-4119-8416-4c480dda9cd0/datanode-3/data/ratis/27e53591-6560-41a2-8ccc-3d63aebf48fe does not exist. Creating ...
2019-09-01 05:42:03,572 [pool-393-thread-1] INFO  impl.RaftServerImpl (RaftServerImpl.java:<init>(93)) - 4f9fb466-3d6c-4064-8357-5bf349958387: new RaftServerImpl for group-3D63AEBF48FE:[33c85cdb-b84c-478c-bf87-ba5fca0e584d:192.168.36.91:39248, 4f9fb466-3d6c-4064-8357-5bf349958387:192.168.36.91:33208, 347d3a05-4419-419b-98aa-931b8b5cf3bf:192.168.36.91:41604] with ContainerStateMachine:uninitialized
2019-09-01 05:42:03,572 [pool-403-thread-1] INFO  server.RaftServerConfigKeys (ConfUtils.java:logGet(43)) - raft.server.sleep.deviation.threshold = 300 (default)
2019-09-01 05:42:03,572 [pool-393-thread-1] INFO  server.RaftServerConfigKeys (ConfUtils.java:logGet(43)) - raft.server.rpc.timeout.min = 5s (custom)
2019-09-01 05:42:03,572 [pool-403-thread-1] INFO  server.RaftServerConfigKeys (ConfUtils.java:logGet(43)) - raft.server.log.appender.install.snapshot.enabled = false (custom)
2019-09-01 05:42:03,573 [pool-393-thread-1] INFO  server.RaftServerConfigKeys (ConfUtils.java:logGet(43)) - raft.server.rpc.timeout.max = 5200ms (custom)
2019-09-01 05:42:03,573 [pool-403-thread-1] INFO  impl.RaftServerImpl (ServerState.java:<init>(105)) - 33c85cdb-b84c-478c-bf87-ba5fca0e584d:group-3D63AEBF48FE ConfigurationManager, init=-1: [33c85cdb-b84c-478c-bf87-ba5fca0e584d:192.168.36.91:39248, 4f9fb466-3d6c-4064-8357-5bf349958387:192.168.36.91:33208, 347d3a05-4419-419b-98aa-931b8b5cf3bf:192.168.36.91:41604], old=null, confs=<EMPTY_MAP>
2019-09-01 05:42:03,573 [pool-393-thread-1] INFO  server.RaftServerConfigKeys (ConfUtils.java:logGet(43)) - raft.server.rpcslowness.timeout = 120s (custom)
2019-09-01 05:42:03,573 [pool-403-thread-1] INFO  server.RaftServerConfigKeys (ConfUtils.java:logGet(43)) - raft.server.storage.dir = [/workdir/hadoop-ozone/integration-test/target/test-dir/MiniOzoneClusterImpl-5793c448-5931-4119-8416-4c480dda9cd0/datanode-2/data/ratis] (custom)
2019-09-01 05:42:03,573 [pool-393-thread-1] INFO  server.RaftServerConfigKeys (ConfUtils.java:logGet(43)) - raft.server.sleep.deviation.threshold = 300 (default)
2019-09-01 05:42:03,573 [pool-393-thread-1] INFO  server.RaftServerConfigKeys (ConfUtils.java:logGet(43)) - raft.server.log.appender.install.snapshot.enabled = false (custom)
2019-09-01 05:42:03,574 [pool-403-thread-1] INFO  storage.RaftStorageDirectory (RaftStorageDirectory.java:analyzeStorage(246)) - The storage directory /workdir/hadoop-ozone/integration-test/target/test-dir/MiniOzoneClusterImpl-5793c448-5931-4119-8416-4c480dda9cd0/datanode-2/data/ratis/27e53591-6560-41a2-8ccc-3d63aebf48fe does not exist. Creating ...
2019-09-01 05:42:03,574 [pool-393-thread-1] INFO  impl.RaftServerImpl (ServerState.java:<init>(105)) - 4f9fb466-3d6c-4064-8357-5bf349958387:group-3D63AEBF48FE ConfigurationManager, init=-1: [33c85cdb-b84c-478c-bf87-ba5fca0e584d:192.168.36.91:39248, 4f9fb466-3d6c-4064-8357-5bf349958387:192.168.36.91:33208, 347d3a05-4419-419b-98aa-931b8b5cf3bf:192.168.36.91:41604], old=null, confs=<EMPTY_MAP>
2019-09-01 05:42:03,574 [pool-393-thread-1] INFO  server.RaftServerConfigKeys (ConfUtils.java:logGet(43)) - raft.server.storage.dir = [/workdir/hadoop-ozone/integration-test/target/test-dir/MiniOzoneClusterImpl-5793c448-5931-4119-8416-4c480dda9cd0/datanode-1/data/ratis] (custom)
2019-09-01 05:42:03,574 [pool-393-thread-1] INFO  storage.RaftStorageDirectory (RaftStorageDirectory.java:analyzeStorage(246)) - The storage directory /workdir/hadoop-ozone/integration-test/target/test-dir/MiniOzoneClusterImpl-5793c448-5931-4119-8416-4c480dda9cd0/datanode-1/data/ratis/27e53591-6560-41a2-8ccc-3d63aebf48fe does not exist. Creating ...
2019-09-01 05:42:03,601 [pool-403-thread-1] INFO  storage.RaftStorageDirectory (RaftStorageDirectory.java:tryLock(328)) - Lock on /workdir/hadoop-ozone/integration-test/target/test-dir/MiniOzoneClusterImpl-5793c448-5931-4119-8416-4c480dda9cd0/datanode-2/data/ratis/27e53591-6560-41a2-8ccc-3d63aebf48fe/in_use.lock acquired by nodename 4038@trunk-nightly-20190901-gkzrd-4143273587
2019-09-01 05:42:03,601 [pool-393-thread-1] INFO  storage.RaftStorageDirectory (RaftStorageDirectory.java:tryLock(328)) - Lock on /workdir/hadoop-ozone/integration-test/target/test-dir/MiniOzoneClusterImpl-5793c448-5931-4119-8416-4c480dda9cd0/datanode-1/data/ratis/27e53591-6560-41a2-8ccc-3d63aebf48fe/in_use.lock acquired by nodename 4038@trunk-nightly-20190901-gkzrd-4143273587
2019-09-01 05:42:03,601 [pool-413-thread-1] INFO  storage.RaftStorageDirectory (RaftStorageDirectory.java:tryLock(328)) - Lock on /workdir/hadoop-ozone/integration-test/target/test-dir/MiniOzoneClusterImpl-5793c448-5931-4119-8416-4c480dda9cd0/datanode-3/data/ratis/27e53591-6560-41a2-8ccc-3d63aebf48fe/in_use.lock acquired by nodename 4038@trunk-nightly-20190901-gkzrd-4143273587
2019-09-01 05:42:03,648 [pool-393-thread-1] INFO  storage.RaftStorage (RaftStorage.java:format(72)) - Storage directory /workdir/hadoop-ozone/integration-test/target/test-dir/MiniOzoneClusterImpl-5793c448-5931-4119-8416-4c480dda9cd0/datanode-1/data/ratis/27e53591-6560-41a2-8ccc-3d63aebf48fe has been successfully formatted.
2019-09-01 05:42:03,648 [pool-413-thread-1] INFO  storage.RaftStorage (RaftStorage.java:format(72)) - Storage directory /workdir/hadoop-ozone/integration-test/target/test-dir/MiniOzoneClusterImpl-5793c448-5931-4119-8416-4c480dda9cd0/datanode-3/data/ratis/27e53591-6560-41a2-8ccc-3d63aebf48fe has been successfully formatted.
2019-09-01 05:42:03,648 [pool-403-thread-1] INFO  storage.RaftStorage (RaftStorage.java:format(72)) - Storage directory /workdir/hadoop-ozone/integration-test/target/test-dir/MiniOzoneClusterImpl-5793c448-5931-4119-8416-4c480dda9cd0/datanode-2/data/ratis/27e53591-6560-41a2-8ccc-3d63aebf48fe has been successfully formatted.
2019-09-01 05:42:03,648 [pool-393-thread-1] INFO  ratis.ContainerStateMachine (ContainerStateMachine.java:loadSnapshot(227)) - group-3D63AEBF48FE: The snapshot info is null. Setting the last applied indexto:(t:0, i:~)
2019-09-01 05:42:03,649 [pool-403-thread-1] INFO  ratis.ContainerStateMachine (ContainerStateMachine.java:loadSnapshot(227)) - group-3D63AEBF48FE: The snapshot info is null. Setting the last applied indexto:(t:0, i:~)
2019-09-01 05:42:03,649 [pool-413-thread-1] INFO  ratis.ContainerStateMachine (ContainerStateMachine.java:loadSnapshot(227)) - group-3D63AEBF48FE: The snapshot info is null. Setting the last applied indexto:(t:0, i:~)
2019-09-01 05:42:03,649 [pool-403-thread-1] INFO  server.RaftServerConfigKeys (ConfUtils.java:logGet(43)) - raft.server.leader.election.timeout = 120s (custom)
2019-09-01 05:42:03,649 [pool-403-thread-1] INFO  server.RaftServerConfigKeys (ConfUtils.java:logGet(43)) - raft.server.log.use.memory = false (default)
2019-09-01 05:42:03,649 [pool-393-thread-1] INFO  server.RaftServerConfigKeys (ConfUtils.java:logGet(43)) - raft.server.leader.election.timeout = 120s (custom)
2019-09-01 05:42:03,650 [pool-403-thread-1] INFO  server.RaftServerConfigKeys (ConfUtils.java:logGet(43)) - raft.server.log.purge.gap = 1000000 (custom)
2019-09-01 05:42:03,649 [pool-413-thread-1] INFO  server.RaftServerConfigKeys (ConfUtils.java:logGet(43)) - raft.server.leader.election.timeout = 120s (custom)
2019-09-01 05:42:03,650 [pool-403-thread-1] INFO  server.RaftServerConfigKeys (ConfUtils.java:logGet(43)) - raft.server.log.appender.buffer.byte-limit = 33554432 (custom)
2019-09-01 05:42:03,650 [pool-393-thread-1] INFO  server.RaftServerConfigKeys (ConfUtils.java:logGet(43)) - raft.server.log.use.memory = false (default)
2019-09-01 05:42:03,650 [pool-403-thread-1] INFO  server.RaftServerConfigKeys (ConfUtils.java:logGet(43)) - raft.server.log.segment.size.max = 1048576 (custom)
2019-09-01 05:42:03,650 [pool-413-thread-1] INFO  server.RaftServerConfigKeys (ConfUtils.java:logGet(43)) - raft.server.log.use.memory = false (default)
2019-09-01 05:42:03,651 [pool-403-thread-1] INFO  server.RaftServerConfigKeys (ConfUtils.java:logGet(43)) - raft.server.log.segment.cache.num.max = 2 (custom)
2019-09-01 05:42:03,650 [pool-393-thread-1] INFO  server.RaftServerConfigKeys (ConfUtils.java:logGet(43)) - raft.server.log.purge.gap = 1000000 (custom)
2019-09-01 05:42:03,651 [pool-403-thread-1] INFO  segmented.SegmentedRaftLogWorker (SegmentedRaftLogWorker.java:<init>(172)) - new 33c85cdb-b84c-478c-bf87-ba5fca0e584d-SegmentedRaftLogWorker:Storage Directory /workdir/hadoop-ozone/integration-test/target/test-dir/MiniOzoneClusterImpl-5793c448-5931-4119-8416-4c480dda9cd0/datanode-2/data/ratis/27e53591-6560-41a2-8ccc-3d63aebf48fe for RaftStorage:Storage Directory /workdir/hadoop-ozone/integration-test/target/test-dir/MiniOzoneClusterImpl-5793c448-5931-4119-8416-4c480dda9cd0/datanode-2/data/ratis/27e53591-6560-41a2-8ccc-3d63aebf48fe
2019-09-01 05:42:03,651 [pool-413-thread-1] INFO  server.RaftServerConfigKeys (ConfUtils.java:logGet(43)) - raft.server.log.purge.gap = 1000000 (custom)
2019-09-01 05:42:03,651 [pool-403-thread-1] INFO  server.RaftServerConfigKeys (ConfUtils.java:logGet(43)) - raft.server.log.queue.byte-limit = 2147483647 (custom)
2019-09-01 05:42:03,652 [pool-403-thread-1] INFO  server.RaftServerConfigKeys (ConfUtils.java:logGet(43)) - raft.server.log.queue.element-limit = 1024 (custom)
2019-09-01 05:42:03,651 [pool-393-thread-1] INFO  server.RaftServerConfigKeys (ConfUtils.java:logGet(43)) - raft.server.log.appender.buffer.byte-limit = 33554432 (custom)
2019-09-01 05:42:03,652 [pool-403-thread-1] INFO  server.RaftServerConfigKeys (ConfUtils.java:logGet(43)) - raft.server.log.segment.size.max = 1048576 (custom)
2019-09-01 05:42:03,651 [pool-413-thread-1] INFO  server.RaftServerConfigKeys (ConfUtils.java:logGet(43)) - raft.server.log.appender.buffer.byte-limit = 33554432 (custom)
2019-09-01 05:42:03,652 [pool-403-thread-1] INFO  server.RaftServerConfigKeys (ConfUtils.java:logGet(43)) - raft.server.log.preallocated.size = 16384 (custom)
2019-09-01 05:42:03,652 [pool-403-thread-1] INFO  server.RaftServerConfigKeys (ConfUtils.java:logGet(43)) - raft.server.log.write.buffer.size = 33554432 (custom)
2019-09-01 05:42:03,652 [pool-393-thread-1] INFO  server.RaftServerConfigKeys (ConfUtils.java:logGet(43)) - raft.server.log.segment.size.max = 1048576 (custom)
2019-09-01 05:42:03,653 [pool-403-thread-1] INFO  server.RaftServerConfigKeys (ConfUtils.java:logGet(43)) - raft.server.log.force.sync.num = 128 (default)
2019-09-01 05:42:03,652 [pool-413-thread-1] INFO  server.RaftServerConfigKeys (ConfUtils.java:logGet(43)) - raft.server.log.segment.size.max = 1048576 (custom)
2019-09-01 05:42:03,653 [pool-403-thread-1] INFO  server.RaftServerConfigKeys (ConfUtils.java:logGet(43)) - raft.server.log.statemachine.data.sync = true (default)
2019-09-01 05:42:03,653 [pool-403-thread-1] INFO  server.RaftServerConfigKeys (ConfUtils.java:logGet(43)) - raft.server.log.statemachine.data.sync.timeout = 10s (default)
2019-09-01 05:42:03,653 [pool-393-thread-1] INFO  server.RaftServerConfigKeys (ConfUtils.java:logGet(43)) - raft.server.log.segment.cache.num.max = 2 (custom)
2019-09-01 05:42:03,653 [pool-403-thread-1] INFO  server.RaftServerConfigKeys (ConfUtils.java:logGet(43)) - raft.server.log.statemachine.data.sync.timeout.retry = -1 (default)
2019-09-01 05:42:03,653 [pool-413-thread-1] INFO  server.RaftServerConfigKeys (ConfUtils.java:logGet(43)) - raft.server.log.segment.cache.num.max = 2 (custom)
2019-09-01 05:42:03,654 [pool-403-thread-1] INFO  server.RaftServerConfigKeys (ConfUtils.java:logGet(43)) - raft.server.log.statemachine.data.caching.enabled = true (custom)
2019-09-01 05:42:03,654 [pool-393-thread-1] INFO  segmented.SegmentedRaftLogWorker (SegmentedRaftLogWorker.java:<init>(172)) - new 4f9fb466-3d6c-4064-8357-5bf349958387-SegmentedRaftLogWorker:Storage Directory /workdir/hadoop-ozone/integration-test/target/test-dir/MiniOzoneClusterImpl-5793c448-5931-4119-8416-4c480dda9cd0/datanode-1/data/ratis/27e53591-6560-41a2-8ccc-3d63aebf48fe for RaftStorage:Storage Directory /workdir/hadoop-ozone/integration-test/target/test-dir/MiniOzoneClusterImpl-5793c448-5931-4119-8416-4c480dda9cd0/datanode-1/data/ratis/27e53591-6560-41a2-8ccc-3d63aebf48fe
2019-09-01 05:42:03,654 [pool-413-thread-1] INFO  segmented.SegmentedRaftLogWorker (SegmentedRaftLogWorker.java:<init>(172)) - new 347d3a05-4419-419b-98aa-931b8b5cf3bf-SegmentedRaftLogWorker:Storage Directory /workdir/hadoop-ozone/integration-test/target/test-dir/MiniOzoneClusterImpl-5793c448-5931-4119-8416-4c480dda9cd0/datanode-3/data/ratis/27e53591-6560-41a2-8ccc-3d63aebf48fe for RaftStorage:Storage Directory /workdir/hadoop-ozone/integration-test/target/test-dir/MiniOzoneClusterImpl-5793c448-5931-4119-8416-4c480dda9cd0/datanode-3/data/ratis/27e53591-6560-41a2-8ccc-3d63aebf48fe
2019-09-01 05:42:03,654 [pool-403-thread-1] INFO  segmented.SegmentedRaftLogWorker (SegmentedRaftLogWorker.java:lambda$new$0(132)) - 33c85cdb-b84c-478c-bf87-ba5fca0e584d-SegmentedRaftLogWorker:Storage Directory /workdir/hadoop-ozone/integration-test/target/test-dir/MiniOzoneClusterImpl-5793c448-5931-4119-8416-4c480dda9cd0/datanode-2/data/ratis/27e53591-6560-41a2-8ccc-3d63aebf48fe: flushIndex: setUnconditionally 0 -> -1
2019-09-01 05:42:03,654 [pool-393-thread-1] INFO  server.RaftServerConfigKeys (ConfUtils.java:logGet(43)) - raft.server.log.queue.byte-limit = 2147483647 (custom)
2019-09-01 05:42:03,654 [pool-413-thread-1] INFO  server.RaftServerConfigKeys (ConfUtils.java:logGet(43)) - raft.server.log.queue.byte-limit = 2147483647 (custom)
2019-09-01 05:42:03,655 [pool-403-thread-1] INFO  server.RaftServerConfigKeys (ConfUtils.java:logGet(43)) - raft.server.snapshot.auto.trigger.enabled = true (custom)
2019-09-01 05:42:03,655 [pool-393-thread-1] INFO  server.RaftServerConfigKeys (ConfUtils.java:logGet(43)) - raft.server.log.queue.element-limit = 1024 (custom)
2019-09-01 05:42:03,655 [pool-403-thread-1] INFO  server.RaftServerConfigKeys (ConfUtils.java:logGet(43)) - raft.server.snapshot.auto.trigger.threshold = 10000 (custom)
2019-09-01 05:42:03,655 [pool-413-thread-1] INFO  server.RaftServerConfigKeys (ConfUtils.java:logGet(43)) - raft.server.log.queue.element-limit = 1024 (custom)
2019-09-01 05:42:03,655 [pool-403-thread-1] INFO  server.RaftServerConfigKeys (ConfUtils.java:logGet(43)) - raft.server.retrycache.expirytime = 600000ms (custom)
2019-09-01 05:42:03,655 [pool-393-thread-1] INFO  server.RaftServerConfigKeys (ConfUtils.java:logGet(43)) - raft.server.log.segment.size.max = 1048576 (custom)
2019-09-01 05:42:03,656 [pool-413-thread-1] INFO  server.RaftServerConfigKeys (ConfUtils.java:logGet(43)) - raft.server.log.segment.size.max = 1048576 (custom)
2019-09-01 05:42:03,656 [pool-403-thread-1] INFO  impl.RaftServerImpl (RaftServerImpl.java:start(180)) - 33c85cdb-b84c-478c-bf87-ba5fca0e584d: start group-3D63AEBF48FE
2019-09-01 05:42:03,656 [pool-393-thread-1] INFO  server.RaftServerConfigKeys (ConfUtils.java:logGet(43)) - raft.server.log.preallocated.size = 16384 (custom)
2019-09-01 05:42:03,656 [pool-403-thread-1] INFO  impl.RaftServerImpl (RaftServerImpl.java:setRole(171)) - 33c85cdb-b84c-478c-bf87-ba5fca0e584d:group-3D63AEBF48FE changes role from null to FOLLOWER at term 0 for startAsFollower
2019-09-01 05:42:03,656 [pool-413-thread-1] INFO  server.RaftServerConfigKeys (ConfUtils.java:logGet(43)) - raft.server.log.preallocated.size = 16384 (custom)
2019-09-01 05:42:03,656 [pool-403-thread-1] INFO  impl.RoleInfo (RoleInfo.java:updateAndGet(143)) - 33c85cdb-b84c-478c-bf87-ba5fca0e584d: start FollowerState
2019-09-01 05:42:03,656 [pool-393-thread-1] INFO  server.RaftServerConfigKeys (ConfUtils.java:logGet(43)) - raft.server.log.write.buffer.size = 33554432 (custom)
2019-09-01 05:42:03,657 [pool-413-thread-1] INFO  server.RaftServerConfigKeys (ConfUtils.java:logGet(43)) - raft.server.log.write.buffer.size = 33554432 (custom)
2019-09-01 05:42:03,657 [pool-393-thread-1] INFO  server.RaftServerConfigKeys (ConfUtils.java:logGet(43)) - raft.server.log.force.sync.num = 128 (default)
2019-09-01 05:42:03,657 [pool-413-thread-1] INFO  server.RaftServerConfigKeys (ConfUtils.java:logGet(43)) - raft.server.log.force.sync.num = 128 (default)
2019-09-01 05:42:03,657 [pool-403-thread-1] INFO  util.JmxRegister (JmxRegister.java:tryRegister(44)) - Successfully registered JMX Bean with object name Ratis:service=RaftServer,group=group-3D63AEBF48FE,id=33c85cdb-b84c-478c-bf87-ba5fca0e584d
2019-09-01 05:42:03,657 [pool-393-thread-1] INFO  server.RaftServerConfigKeys (ConfUtils.java:logGet(43)) - raft.server.log.statemachine.data.sync = true (default)
2019-09-01 05:42:03,657 [pool-413-thread-1] INFO  server.RaftServerConfigKeys (ConfUtils.java:logGet(43)) - raft.server.log.statemachine.data.sync = true (default)
2019-09-01 05:42:03,658 [pool-393-thread-1] INFO  server.RaftServerConfigKeys (ConfUtils.java:logGet(43)) - raft.server.log.statemachine.data.sync.timeout = 10s (default)
2019-09-01 05:42:03,658 [pool-413-thread-1] INFO  server.RaftServerConfigKeys (ConfUtils.java:logGet(43)) - raft.server.log.statemachine.data.sync.timeout = 10s (default)
2019-09-01 05:42:03,658 [pool-393-thread-1] INFO  server.RaftServerConfigKeys (ConfUtils.java:logGet(43)) - raft.server.log.statemachine.data.sync.timeout.retry = -1 (default)
2019-09-01 05:42:03,658 [pool-413-thread-1] INFO  server.RaftServerConfigKeys (ConfUtils.java:logGet(43)) - raft.server.log.statemachine.data.sync.timeout.retry = -1 (default)
2019-09-01 05:42:03,658 [pool-393-thread-1] INFO  server.RaftServerConfigKeys (ConfUtils.java:logGet(43)) - raft.server.log.statemachine.data.caching.enabled = true (custom)
2019-09-01 05:42:03,658 [pool-413-thread-1] INFO  server.RaftServerConfigKeys (ConfUtils.java:logGet(43)) - raft.server.log.statemachine.data.caching.enabled = true (custom)
2019-09-01 05:42:03,659 [pool-393-thread-1] INFO  segmented.SegmentedRaftLogWorker (SegmentedRaftLogWorker.java:lambda$new$0(132)) - 4f9fb466-3d6c-4064-8357-5bf349958387-SegmentedRaftLogWorker:Storage Directory /workdir/hadoop-ozone/integration-test/target/test-dir/MiniOzoneClusterImpl-5793c448-5931-4119-8416-4c480dda9cd0/datanode-1/data/ratis/27e53591-6560-41a2-8ccc-3d63aebf48fe: flushIndex: setUnconditionally 0 -> -1
2019-09-01 05:42:03,659 [pool-413-thread-1] INFO  segmented.SegmentedRaftLogWorker (SegmentedRaftLogWorker.java:lambda$new$0(132)) - 347d3a05-4419-419b-98aa-931b8b5cf3bf-SegmentedRaftLogWorker:Storage Directory /workdir/hadoop-ozone/integration-test/target/test-dir/MiniOzoneClusterImpl-5793c448-5931-4119-8416-4c480dda9cd0/datanode-3/data/ratis/27e53591-6560-41a2-8ccc-3d63aebf48fe: flushIndex: setUnconditionally 0 -> -1
2019-09-01 05:42:03,659 [pool-393-thread-1] INFO  server.RaftServerConfigKeys (ConfUtils.java:logGet(43)) - raft.server.snapshot.auto.trigger.enabled = true (custom)
2019-09-01 05:42:03,659 [pool-393-thread-1] INFO  server.RaftServerConfigKeys (ConfUtils.java:logGet(43)) - raft.server.snapshot.auto.trigger.threshold = 10000 (custom)
2019-09-01 05:42:03,659 [pool-413-thread-1] INFO  server.RaftServerConfigKeys (ConfUtils.java:logGet(43)) - raft.server.snapshot.auto.trigger.enabled = true (custom)
2019-09-01 05:42:03,659 [pool-393-thread-1] INFO  server.RaftServerConfigKeys (ConfUtils.java:logGet(43)) - raft.server.retrycache.expirytime = 600000ms (custom)
2019-09-01 05:42:03,659 [pool-413-thread-1] INFO  server.RaftServerConfigKeys (ConfUtils.java:logGet(43)) - raft.server.snapshot.auto.trigger.threshold = 10000 (custom)
2019-09-01 05:42:03,660 [pool-393-thread-1] INFO  impl.RaftServerImpl (RaftServerImpl.java:start(180)) - 4f9fb466-3d6c-4064-8357-5bf349958387: start group-3D63AEBF48FE
2019-09-01 05:42:03,660 [pool-413-thread-1] INFO  server.RaftServerConfigKeys (ConfUtils.java:logGet(43)) - raft.server.retrycache.expirytime = 600000ms (custom)
2019-09-01 05:42:03,660 [pool-393-thread-1] INFO  impl.RaftServerImpl (RaftServerImpl.java:setRole(171)) - 4f9fb466-3d6c-4064-8357-5bf349958387:group-3D63AEBF48FE changes role from null to FOLLOWER at term 0 for startAsFollower
2019-09-01 05:42:03,660 [pool-413-thread-1] INFO  impl.RaftServerImpl (RaftServerImpl.java:start(180)) - 347d3a05-4419-419b-98aa-931b8b5cf3bf: start group-3D63AEBF48FE
2019-09-01 05:42:03,660 [pool-393-thread-1] INFO  impl.RoleInfo (RoleInfo.java:updateAndGet(143)) - 4f9fb466-3d6c-4064-8357-5bf349958387: start FollowerState
2019-09-01 05:42:03,660 [pool-413-thread-1] INFO  impl.RaftServerImpl (RaftServerImpl.java:setRole(171)) - 347d3a05-4419-419b-98aa-931b8b5cf3bf:group-3D63AEBF48FE changes role from null to FOLLOWER at term 0 for startAsFollower
2019-09-01 05:42:03,660 [pool-413-thread-1] INFO  impl.RoleInfo (RoleInfo.java:updateAndGet(143)) - 347d3a05-4419-419b-98aa-931b8b5cf3bf: start FollowerState
2019-09-01 05:42:03,660 [pool-393-thread-1] INFO  util.JmxRegister (JmxRegister.java:tryRegister(44)) - Successfully registered JMX Bean with object name Ratis:service=RaftServer,group=group-3D63AEBF48FE,id=4f9fb466-3d6c-4064-8357-5bf349958387
2019-09-01 05:42:03,661 [pool-413-thread-1] INFO  util.JmxRegister (JmxRegister.java:tryRegister(44)) - Successfully registered JMX Bean with object name Ratis:service=RaftServer,group=group-3D63AEBF48FE,id=347d3a05-4419-419b-98aa-931b8b5cf3bf
2019-09-01 05:42:03,663 [RatisPipelineUtilsThread] INFO  pipeline.PipelineStateManager (PipelineStateManager.java:addPipeline(56)) - Created pipeline Pipeline[ Id: 27e53591-6560-41a2-8ccc-3d63aebf48fe, Nodes: 4f9fb466-3d6c-4064-8357-5bf349958387{ip: 192.168.36.91, host: trunk-nightly-20190901-gkzrd-4143273587, networkLocation: /default-rack, certSerialId: null}33c85cdb-b84c-478c-bf87-ba5fca0e584d{ip: 192.168.36.91, host: trunk-nightly-20190901-gkzrd-4143273587, networkLocation: /default-rack, certSerialId: null}347d3a05-4419-419b-98aa-931b8b5cf3bf{ip: 192.168.36.91, host: trunk-nightly-20190901-gkzrd-4143273587, networkLocation: /default-rack, certSerialId: null}, Type:RATIS, Factor:THREE, State:OPEN]
2019-09-01 05:42:03,680 [grpc-default-executor-5] INFO  client.GrpcClientProtocolClient (GrpcClientProtocolClient.java:onNext(255)) - client-A40567C845B8->118ead1c-3dd0-4d18-b1c5-69ccbf52f2b4: receive RaftClientReply:client-A40567C845B8->118ead1c-3dd0-4d18-b1c5-69ccbf52f2b4@group-1CE661B5BE22, cid=103, FAILED org.apache.ratis.protocol.NotLeaderException: Server 118ead1c-3dd0-4d18-b1c5-69ccbf52f2b4 is not the leader (null). Request must be sent to leader., logIndex=0, commits[118ead1c-3dd0-4d18-b1c5-69ccbf52f2b4:c-1]
2019-09-01 05:42:05,024 [grpc-default-executor-2] INFO  client.GrpcClientProtocolClient (GrpcClientProtocolClient.java:onNext(255)) - client-A40567C845B8->624fda4c-503f-4d7b-9536-707723049ff7: receive RaftClientReply:client-A40567C845B8->624fda4c-503f-4d7b-9536-707723049ff7@group-1CE661B5BE22, cid=103, FAILED org.apache.ratis.protocol.NotLeaderException: Server 624fda4c-503f-4d7b-9536-707723049ff7 is not the leader (null). Request must be sent to leader., logIndex=0, commits[624fda4c-503f-4d7b-9536-707723049ff7:c-1]
2019-09-01 05:42:05,871 [Thread-2398] INFO  container.ReplicationManager (ReplicationManager.java:start(162)) - Starting Replication Monitor Thread.
2019-09-01 05:42:05,874 [ReplicationMonitor] INFO  container.ReplicationManager (ReplicationManager.java:run(225)) - Replication Monitor Thread took 0 milliseconds for processing 1 containers.
2019-09-01 05:42:06,063 [grpc-default-executor-2] INFO  client.GrpcClientProtocolClient (GrpcClientProtocolClient.java:onNext(255)) - client-A40567C845B8->118ead1c-3dd0-4d18-b1c5-69ccbf52f2b4: receive RaftClientReply:client-A40567C845B8->118ead1c-3dd0-4d18-b1c5-69ccbf52f2b4@group-1CE661B5BE22, cid=103, FAILED org.apache.ratis.protocol.NotLeaderException: Server 118ead1c-3dd0-4d18-b1c5-69ccbf52f2b4 is not the leader (null). Request must be sent to leader., logIndex=0, commits[118ead1c-3dd0-4d18-b1c5-69ccbf52f2b4:c-1]
2019-09-01 05:42:07,079 [grpc-default-executor-2] INFO  client.GrpcClientProtocolClient (GrpcClientProtocolClient.java:onNext(255)) - client-A40567C845B8->7098809c-b562-4a8a-ae10-ebee9eb441f0: receive RaftClientReply:client-A40567C845B8->7098809c-b562-4a8a-ae10-ebee9eb441f0@group-1CE661B5BE22, cid=103, FAILED org.apache.ratis.protocol.NotLeaderException: Server 7098809c-b562-4a8a-ae10-ebee9eb441f0 is not the leader (null). Request must be sent to leader., logIndex=0, commits[7098809c-b562-4a8a-ae10-ebee9eb441f0:c-1]
2019-09-01 05:42:08,089 [grpc-default-executor-2] INFO  client.GrpcClientProtocolClient (GrpcClientProtocolClient.java:onNext(255)) - client-A40567C845B8->118ead1c-3dd0-4d18-b1c5-69ccbf52f2b4: receive RaftClientReply:client-A40567C845B8->118ead1c-3dd0-4d18-b1c5-69ccbf52f2b4@group-1CE661B5BE22, cid=103, FAILED org.apache.ratis.protocol.NotLeaderException: Server 118ead1c-3dd0-4d18-b1c5-69ccbf52f2b4 is not the leader (null). Request must be sent to leader., logIndex=0, commits[118ead1c-3dd0-4d18-b1c5-69ccbf52f2b4:c-1]
2019-09-01 05:42:08,135 [Thread-2400] INFO  impl.FollowerState (FollowerState.java:run(106)) - 118ead1c-3dd0-4d18-b1c5-69ccbf52f2b4:group-AD0E37B2D344 changes to CANDIDATE, lastRpcTime:5145, electionTimeout:5145ms
2019-09-01 05:42:08,135 [Thread-2400] INFO  impl.RoleInfo (RoleInfo.java:shutdownFollowerState(121)) - 118ead1c-3dd0-4d18-b1c5-69ccbf52f2b4: shutdown FollowerState
2019-09-01 05:42:08,135 [Thread-2400] INFO  impl.RaftServerImpl (RaftServerImpl.java:setRole(171)) - 118ead1c-3dd0-4d18-b1c5-69ccbf52f2b4:group-AD0E37B2D344 changes role from FOLLOWER to CANDIDATE at term 0 for changeToCandidate
2019-09-01 05:42:08,135 [Thread-2400] INFO  impl.RoleInfo (RoleInfo.java:updateAndGet(143)) - 118ead1c-3dd0-4d18-b1c5-69ccbf52f2b4: start LeaderElection
2019-09-01 05:42:08,158 [118ead1c-3dd0-4d18-b1c5-69ccbf52f2b4:group-AD0E37B2D344:LeaderElection51] INFO  impl.LeaderElection (LeaderElection.java:askForVotes(181)) - 118ead1c-3dd0-4d18-b1c5-69ccbf52f2b4:group-AD0E37B2D344:LeaderElection51: begin an election at term 1 for -1: [118ead1c-3dd0-4d18-b1c5-69ccbf52f2b4:192.168.36.91:39313], old=null
2019-09-01 05:42:08,159 [118ead1c-3dd0-4d18-b1c5-69ccbf52f2b4:group-AD0E37B2D344:LeaderElection51] INFO  impl.RoleInfo (RoleInfo.java:shutdownLeaderElection(134)) - 118ead1c-3dd0-4d18-b1c5-69ccbf52f2b4: shutdown LeaderElection
2019-09-01 05:42:08,159 [118ead1c-3dd0-4d18-b1c5-69ccbf52f2b4:group-AD0E37B2D344:LeaderElection51] INFO  impl.RaftServerImpl (RaftServerImpl.java:setRole(171)) - 118ead1c-3dd0-4d18-b1c5-69ccbf52f2b4:group-AD0E37B2D344 changes role from CANDIDATE to LEADER at term 1 for changeToLeader
2019-09-01 05:42:08,159 [118ead1c-3dd0-4d18-b1c5-69ccbf52f2b4:group-AD0E37B2D344:LeaderElection51] INFO  impl.RaftServerImpl (ServerState.java:setLeader(263)) - 118ead1c-3dd0-4d18-b1c5-69ccbf52f2b4:group-AD0E37B2D344 change Leader from null to 118ead1c-3dd0-4d18-b1c5-69ccbf52f2b4 at term 1 for becomeLeader, leader elected after 5175ms
2019-09-01 05:42:08,159 [118ead1c-3dd0-4d18-b1c5-69ccbf52f2b4:group-AD0E37B2D344:LeaderElection51] INFO  server.RaftServerConfigKeys (ConfUtils.java:logGet(43)) - raft.server.staging.catchup.gap = 1000 (default)
2019-09-01 05:42:08,159 [118ead1c-3dd0-4d18-b1c5-69ccbf52f2b4:group-AD0E37B2D344:LeaderElection51] INFO  server.RaftServerConfigKeys (ConfUtils.java:logGet(43)) - raft.server.rpc.sleep.time = 25ms (default)
2019-09-01 05:42:08,159 [118ead1c-3dd0-4d18-b1c5-69ccbf52f2b4:group-AD0E37B2D344:LeaderElection51] INFO  server.RaftServerConfigKeys (ConfUtils.java:logGet(43)) - raft.server.write.element-limit = 4096 (default)
2019-09-01 05:42:08,160 [118ead1c-3dd0-4d18-b1c5-69ccbf52f2b4:group-AD0E37B2D344:LeaderElection51] INFO  server.RaftServerConfigKeys (ConfUtils.java:logGet(43)) - raft.server.watch.timeout = 10s (default)
2019-09-01 05:42:08,160 [118ead1c-3dd0-4d18-b1c5-69ccbf52f2b4:group-AD0E37B2D344:LeaderElection51] INFO  server.RaftServerConfigKeys (ConfUtils.java:logGet(43)) - raft.server.watch.timeout.denomination = 1s (default)
2019-09-01 05:42:08,160 [118ead1c-3dd0-4d18-b1c5-69ccbf52f2b4:group-AD0E37B2D344:LeaderElection51] INFO  server.RaftServerConfigKeys (ConfUtils.java:logGet(43)) - raft.server.watch.element-limit = 65536 (default)
2019-09-01 05:42:08,160 [118ead1c-3dd0-4d18-b1c5-69ccbf52f2b4:group-AD0E37B2D344:LeaderElection51] INFO  impl.RoleInfo (RoleInfo.java:updateAndGet(143)) - 118ead1c-3dd0-4d18-b1c5-69ccbf52f2b4: start LeaderState
2019-09-01 05:42:08,160 [118ead1c-3dd0-4d18-b1c5-69ccbf52f2b4:group-AD0E37B2D344:LeaderElection51] INFO  segmented.SegmentedRaftLogWorker (SegmentedRaftLogWorker.java:startLogSegment(380)) - 118ead1c-3dd0-4d18-b1c5-69ccbf52f2b4-SegmentedRaftLogWorker:Storage Directory /workdir/hadoop-ozone/integration-test/target/test-dir/MiniOzoneClusterImpl-5793c448-5931-4119-8416-4c480dda9cd0/datanode-0/data/ratis/ecf18bc6-87bd-4d76-bfdb-ad0e37b2d344: Starting segment from index:0
2019-09-01 05:42:08,161 [118ead1c-3dd0-4d18-b1c5-69ccbf52f2b4:group-AD0E37B2D344:LeaderElection51] INFO  impl.RaftServerImpl (ServerState.java:setRaftConf(361)) - 118ead1c-3dd0-4d18-b1c5-69ccbf52f2b4:group-AD0E37B2D344 set configuration 0: [118ead1c-3dd0-4d18-b1c5-69ccbf52f2b4:192.168.36.91:39313], old=null at 0
2019-09-01 05:42:08,214 [118ead1c-3dd0-4d18-b1c5-69ccbf52f2b4-SegmentedRaftLogWorker:Storage Directory /workdir/hadoop-ozone/integration-test/target/test-dir/MiniOzoneClusterImpl-5793c448-5931-4119-8416-4c480dda9cd0/datanode-0/data/ratis/ecf18bc6-87bd-4d76-bfdb-ad0e37b2d344] INFO  segmented.SegmentedRaftLogWorker (SegmentedRaftLogWorker.java:execute(569)) - 118ead1c-3dd0-4d18-b1c5-69ccbf52f2b4-SegmentedRaftLogWorker:Storage Directory /workdir/hadoop-ozone/integration-test/target/test-dir/MiniOzoneClusterImpl-5793c448-5931-4119-8416-4c480dda9cd0/datanode-0/data/ratis/ecf18bc6-87bd-4d76-bfdb-ad0e37b2d344: created new log segment /workdir/hadoop-ozone/integration-test/target/test-dir/MiniOzoneClusterImpl-5793c448-5931-4119-8416-4c480dda9cd0/datanode-0/data/ratis/ecf18bc6-87bd-4d76-bfdb-ad0e37b2d344/current/log_inprogress_0
2019-09-01 05:42:08,219 [Thread-2403] INFO  impl.FollowerState (FollowerState.java:run(106)) - 4f9fb466-3d6c-4064-8357-5bf349958387:group-01438BE6A480 changes to CANDIDATE, lastRpcTime:5154, electionTimeout:5154ms
2019-09-01 05:42:08,219 [Thread-2403] INFO  impl.RoleInfo (RoleInfo.java:shutdownFollowerState(121)) - 4f9fb466-3d6c-4064-8357-5bf349958387: shutdown FollowerState
2019-09-01 05:42:08,219 [Thread-2403] INFO  impl.RaftServerImpl (RaftServerImpl.java:setRole(171)) - 4f9fb466-3d6c-4064-8357-5bf349958387:group-01438BE6A480 changes role from FOLLOWER to CANDIDATE at term 0 for changeToCandidate
2019-09-01 05:42:08,219 [Thread-2403] INFO  impl.RoleInfo (RoleInfo.java:updateAndGet(143)) - 4f9fb466-3d6c-4064-8357-5bf349958387: start LeaderElection
2019-09-01 05:42:08,241 [4f9fb466-3d6c-4064-8357-5bf349958387:group-01438BE6A480:LeaderElection52] INFO  impl.LeaderElection (LeaderElection.java:askForVotes(181)) - 4f9fb466-3d6c-4064-8357-5bf349958387:group-01438BE6A480:LeaderElection52: begin an election at term 1 for -1: [4f9fb466-3d6c-4064-8357-5bf349958387:192.168.36.91:33208], old=null
2019-09-01 05:42:08,241 [4f9fb466-3d6c-4064-8357-5bf349958387:group-01438BE6A480:LeaderElection52] INFO  impl.RoleInfo (RoleInfo.java:shutdownLeaderElection(134)) - 4f9fb466-3d6c-4064-8357-5bf349958387: shutdown LeaderElection
2019-09-01 05:42:08,241 [4f9fb466-3d6c-4064-8357-5bf349958387:group-01438BE6A480:LeaderElection52] INFO  impl.RaftServerImpl (RaftServerImpl.java:setRole(171)) - 4f9fb466-3d6c-4064-8357-5bf349958387:group-01438BE6A480 changes role from CANDIDATE to LEADER at term 1 for changeToLeader
2019-09-01 05:42:08,241 [4f9fb466-3d6c-4064-8357-5bf349958387:group-01438BE6A480:LeaderElection52] INFO  impl.RaftServerImpl (ServerState.java:setLeader(263)) - 4f9fb466-3d6c-4064-8357-5bf349958387:group-01438BE6A480 change Leader from null to 4f9fb466-3d6c-4064-8357-5bf349958387 at term 1 for becomeLeader, leader elected after 5180ms
2019-09-01 05:42:08,242 [4f9fb466-3d6c-4064-8357-5bf349958387:group-01438BE6A480:LeaderElection52] INFO  server.RaftServerConfigKeys (ConfUtils.java:logGet(43)) - raft.server.staging.catchup.gap = 1000 (default)
2019-09-01 05:42:08,242 [4f9fb466-3d6c-4064-8357-5bf349958387:group-01438BE6A480:LeaderElection52] INFO  server.RaftServerConfigKeys (ConfUtils.java:logGet(43)) - raft.server.rpc.sleep.time = 25ms (default)
2019-09-01 05:42:08,242 [4f9fb466-3d6c-4064-8357-5bf349958387:group-01438BE6A480:LeaderElection52] INFO  server.RaftServerConfigKeys (ConfUtils.java:logGet(43)) - raft.server.write.element-limit = 4096 (default)
2019-09-01 05:42:08,242 [4f9fb466-3d6c-4064-8357-5bf349958387:group-01438BE6A480:LeaderElection52] INFO  server.RaftServerConfigKeys (ConfUtils.java:logGet(43)) - raft.server.watch.timeout = 10s (default)
2019-09-01 05:42:08,242 [4f9fb466-3d6c-4064-8357-5bf349958387:group-01438BE6A480:LeaderElection52] INFO  server.RaftServerConfigKeys (ConfUtils.java:logGet(43)) - raft.server.watch.timeout.denomination = 1s (default)
2019-09-01 05:42:08,242 [4f9fb466-3d6c-4064-8357-5bf349958387:group-01438BE6A480:LeaderElection52] INFO  server.RaftServerConfigKeys (ConfUtils.java:logGet(43)) - raft.server.watch.element-limit = 65536 (default)
2019-09-01 05:42:08,242 [4f9fb466-3d6c-4064-8357-5bf349958387:group-01438BE6A480:LeaderElection52] INFO  impl.RoleInfo (RoleInfo.java:updateAndGet(143)) - 4f9fb466-3d6c-4064-8357-5bf349958387: start LeaderState
2019-09-01 05:42:08,243 [4f9fb466-3d6c-4064-8357-5bf349958387:group-01438BE6A480:LeaderElection52] INFO  segmented.SegmentedRaftLogWorker (SegmentedRaftLogWorker.java:startLogSegment(380)) - 4f9fb466-3d6c-4064-8357-5bf349958387-SegmentedRaftLogWorker:Storage Directory /workdir/hadoop-ozone/integration-test/target/test-dir/MiniOzoneClusterImpl-5793c448-5931-4119-8416-4c480dda9cd0/datanode-1/data/ratis/f16841f4-a51a-4dc1-ac2d-01438be6a480: Starting segment from index:0
2019-09-01 05:42:08,243 [4f9fb466-3d6c-4064-8357-5bf349958387:group-01438BE6A480:LeaderElection52] INFO  impl.RaftServerImpl (ServerState.java:setRaftConf(361)) - 4f9fb466-3d6c-4064-8357-5bf349958387:group-01438BE6A480 set configuration 0: [4f9fb466-3d6c-4064-8357-5bf349958387:192.168.36.91:33208], old=null at 0
2019-09-01 05:42:08,306 [4f9fb466-3d6c-4064-8357-5bf349958387-SegmentedRaftLogWorker:Storage Directory /workdir/hadoop-ozone/integration-test/target/test-dir/MiniOzoneClusterImpl-5793c448-5931-4119-8416-4c480dda9cd0/datanode-1/data/ratis/f16841f4-a51a-4dc1-ac2d-01438be6a480] INFO  segmented.SegmentedRaftLogWorker (SegmentedRaftLogWorker.java:execute(569)) - 4f9fb466-3d6c-4064-8357-5bf349958387-SegmentedRaftLogWorker:Storage Directory /workdir/hadoop-ozone/integration-test/target/test-dir/MiniOzoneClusterImpl-5793c448-5931-4119-8416-4c480dda9cd0/datanode-1/data/ratis/f16841f4-a51a-4dc1-ac2d-01438be6a480: created new log segment /workdir/hadoop-ozone/integration-test/target/test-dir/MiniOzoneClusterImpl-5793c448-5931-4119-8416-4c480dda9cd0/datanode-1/data/ratis/f16841f4-a51a-4dc1-ac2d-01438be6a480/current/log_inprogress_0
2019-09-01 05:42:08,323 [Thread-2406] INFO  impl.FollowerState (FollowerState.java:run(106)) - 33c85cdb-b84c-478c-bf87-ba5fca0e584d:group-0E170177E563 changes to CANDIDATE, lastRpcTime:5192, electionTimeout:5192ms
2019-09-01 05:42:08,324 [Thread-2406] INFO  impl.RoleInfo (RoleInfo.java:shutdownFollowerState(121)) - 33c85cdb-b84c-478c-bf87-ba5fca0e584d: shutdown FollowerState
2019-09-01 05:42:08,324 [Thread-2406] INFO  impl.RaftServerImpl (RaftServerImpl.java:setRole(171)) - 33c85cdb-b84c-478c-bf87-ba5fca0e584d:group-0E170177E563 changes role from FOLLOWER to CANDIDATE at term 0 for changeToCandidate
2019-09-01 05:42:08,324 [Thread-2406] INFO  impl.RoleInfo (RoleInfo.java:updateAndGet(143)) - 33c85cdb-b84c-478c-bf87-ba5fca0e584d: start LeaderElection
2019-09-01 05:42:08,346 [Thread-2409] INFO  impl.FollowerState (FollowerState.java:run(106)) - 347d3a05-4419-419b-98aa-931b8b5cf3bf:group-7FC7F254AB5A changes to CANDIDATE, lastRpcTime:5144, electionTimeout:5144ms
2019-09-01 05:42:08,347 [Thread-2409] INFO  impl.RoleInfo (RoleInfo.java:shutdownFollowerState(121)) - 347d3a05-4419-419b-98aa-931b8b5cf3bf: shutdown FollowerState
2019-09-01 05:42:08,347 [Thread-2409] INFO  impl.RaftServerImpl (RaftServerImpl.java:setRole(171)) - 347d3a05-4419-419b-98aa-931b8b5cf3bf:group-7FC7F254AB5A changes role from FOLLOWER to CANDIDATE at term 0 for changeToCandidate
2019-09-01 05:42:08,347 [Thread-2409] INFO  impl.RoleInfo (RoleInfo.java:updateAndGet(143)) - 347d3a05-4419-419b-98aa-931b8b5cf3bf: start LeaderElection
2019-09-01 05:42:08,354 [Thread-2414] INFO  impl.FollowerState (FollowerState.java:run(106)) - 624fda4c-503f-4d7b-9536-707723049ff7:group-0A07C94DF3EC changes to CANDIDATE, lastRpcTime:5051, electionTimeout:5045ms
2019-09-01 05:42:08,354 [33c85cdb-b84c-478c-bf87-ba5fca0e584d:group-0E170177E563:LeaderElection53] INFO  impl.LeaderElection (LeaderElection.java:askForVotes(181)) - 33c85cdb-b84c-478c-bf87-ba5fca0e584d:group-0E170177E563:LeaderElection53: begin an election at term 1 for -1: [33c85cdb-b84c-478c-bf87-ba5fca0e584d:192.168.36.91:39248], old=null
2019-09-01 05:42:08,354 [Thread-2414] INFO  impl.RoleInfo (RoleInfo.java:shutdownFollowerState(121)) - 624fda4c-503f-4d7b-9536-707723049ff7: shutdown FollowerState
2019-09-01 05:42:08,354 [33c85cdb-b84c-478c-bf87-ba5fca0e584d:group-0E170177E563:LeaderElection53] INFO  impl.RoleInfo (RoleInfo.java:shutdownLeaderElection(134)) - 33c85cdb-b84c-478c-bf87-ba5fca0e584d: shutdown LeaderElection
2019-09-01 05:42:08,354 [Thread-2414] INFO  impl.RaftServerImpl (RaftServerImpl.java:setRole(171)) - 624fda4c-503f-4d7b-9536-707723049ff7:group-0A07C94DF3EC changes role from FOLLOWER to CANDIDATE at term 0 for changeToCandidate
2019-09-01 05:42:08,355 [33c85cdb-b84c-478c-bf87-ba5fca0e584d:group-0E170177E563:LeaderElection53] INFO  impl.RaftServerImpl (RaftServerImpl.java:setRole(171)) - 33c85cdb-b84c-478c-bf87-ba5fca0e584d:group-0E170177E563 changes role from CANDIDATE to LEADER at term 1 for changeToLeader
2019-09-01 05:42:08,355 [Thread-2414] INFO  impl.RoleInfo (RoleInfo.java:updateAndGet(143)) - 624fda4c-503f-4d7b-9536-707723049ff7: start LeaderElection
2019-09-01 05:42:08,355 [33c85cdb-b84c-478c-bf87-ba5fca0e584d:group-0E170177E563:LeaderElection53] INFO  impl.RaftServerImpl (ServerState.java:setLeader(263)) - 33c85cdb-b84c-478c-bf87-ba5fca0e584d:group-0E170177E563 change Leader from null to 33c85cdb-b84c-478c-bf87-ba5fca0e584d at term 1 for becomeLeader, leader elected after 5227ms
2019-09-01 05:42:08,362 [33c85cdb-b84c-478c-bf87-ba5fca0e584d:group-0E170177E563:LeaderElection53] INFO  server.RaftServerConfigKeys (ConfUtils.java:logGet(43)) - raft.server.staging.catchup.gap = 1000 (default)
2019-09-01 05:42:08,362 [33c85cdb-b84c-478c-bf87-ba5fca0e584d:group-0E170177E563:LeaderElection53] INFO  server.RaftServerConfigKeys (ConfUtils.java:logGet(43)) - raft.server.rpc.sleep.time = 25ms (default)
2019-09-01 05:42:08,362 [33c85cdb-b84c-478c-bf87-ba5fca0e584d:group-0E170177E563:LeaderElection53] INFO  server.RaftServerConfigKeys (ConfUtils.java:logGet(43)) - raft.server.write.element-limit = 4096 (default)
2019-09-01 05:42:08,363 [33c85cdb-b84c-478c-bf87-ba5fca0e584d:group-0E170177E563:LeaderElection53] INFO  server.RaftServerConfigKeys (ConfUtils.java:logGet(43)) - raft.server.watch.timeout = 10s (default)
2019-09-01 05:42:08,363 [33c85cdb-b84c-478c-bf87-ba5fca0e584d:group-0E170177E563:LeaderElection53] INFO  server.RaftServerConfigKeys (ConfUtils.java:logGet(43)) - raft.server.watch.timeout.denomination = 1s (default)
2019-09-01 05:42:08,363 [33c85cdb-b84c-478c-bf87-ba5fca0e584d:group-0E170177E563:LeaderElection53] INFO  server.RaftServerConfigKeys (ConfUtils.java:logGet(43)) - raft.server.watch.element-limit = 65536 (default)
2019-09-01 05:42:08,363 [33c85cdb-b84c-478c-bf87-ba5fca0e584d:group-0E170177E563:LeaderElection53] INFO  impl.RoleInfo (RoleInfo.java:updateAndGet(143)) - 33c85cdb-b84c-478c-bf87-ba5fca0e584d: start LeaderState
2019-09-01 05:42:08,364 [33c85cdb-b84c-478c-bf87-ba5fca0e584d:group-0E170177E563:LeaderElection53] INFO  segmented.SegmentedRaftLogWorker (SegmentedRaftLogWorker.java:startLogSegment(380)) - 33c85cdb-b84c-478c-bf87-ba5fca0e584d-SegmentedRaftLogWorker:Storage Directory /workdir/hadoop-ozone/integration-test/target/test-dir/MiniOzoneClusterImpl-5793c448-5931-4119-8416-4c480dda9cd0/datanode-2/data/ratis/84200117-da75-43d3-92b6-0e170177e563: Starting segment from index:0
2019-09-01 05:42:08,364 [33c85cdb-b84c-478c-bf87-ba5fca0e584d:group-0E170177E563:LeaderElection53] INFO  impl.RaftServerImpl (ServerState.java:setRaftConf(361)) - 33c85cdb-b84c-478c-bf87-ba5fca0e584d:group-0E170177E563 set configuration 0: [33c85cdb-b84c-478c-bf87-ba5fca0e584d:192.168.36.91:39248], old=null at 0
2019-09-01 05:42:08,369 [347d3a05-4419-419b-98aa-931b8b5cf3bf:group-7FC7F254AB5A:LeaderElection54] INFO  impl.LeaderElection (LeaderElection.java:askForVotes(181)) - 347d3a05-4419-419b-98aa-931b8b5cf3bf:group-7FC7F254AB5A:LeaderElection54: begin an election at term 1 for -1: [347d3a05-4419-419b-98aa-931b8b5cf3bf:192.168.36.91:41604], old=null
2019-09-01 05:42:08,369 [347d3a05-4419-419b-98aa-931b8b5cf3bf:group-7FC7F254AB5A:LeaderElection54] INFO  impl.RoleInfo (RoleInfo.java:shutdownLeaderElection(134)) - 347d3a05-4419-419b-98aa-931b8b5cf3bf: shutdown LeaderElection
2019-09-01 05:42:08,369 [347d3a05-4419-419b-98aa-931b8b5cf3bf:group-7FC7F254AB5A:LeaderElection54] INFO  impl.RaftServerImpl (RaftServerImpl.java:setRole(171)) - 347d3a05-4419-419b-98aa-931b8b5cf3bf:group-7FC7F254AB5A changes role from CANDIDATE to LEADER at term 1 for changeToLeader
2019-09-01 05:42:08,369 [347d3a05-4419-419b-98aa-931b8b5cf3bf:group-7FC7F254AB5A:LeaderElection54] INFO  impl.RaftServerImpl (ServerState.java:setLeader(263)) - 347d3a05-4419-419b-98aa-931b8b5cf3bf:group-7FC7F254AB5A change Leader from null to 347d3a05-4419-419b-98aa-931b8b5cf3bf at term 1 for becomeLeader, leader elected after 5172ms
2019-09-01 05:42:08,369 [347d3a05-4419-419b-98aa-931b8b5cf3bf:group-7FC7F254AB5A:LeaderElection54] INFO  server.RaftServerConfigKeys (ConfUtils.java:logGet(43)) - raft.server.staging.catchup.gap = 1000 (default)
2019-09-01 05:42:08,369 [347d3a05-4419-419b-98aa-931b8b5cf3bf:group-7FC7F254AB5A:LeaderElection54] INFO  server.RaftServerConfigKeys (ConfUtils.java:logGet(43)) - raft.server.rpc.sleep.time = 25ms (default)
2019-09-01 05:42:08,369 [347d3a05-4419-419b-98aa-931b8b5cf3bf:group-7FC7F254AB5A:LeaderElection54] INFO  server.RaftServerConfigKeys (ConfUtils.java:logGet(43)) - raft.server.write.element-limit = 4096 (default)
2019-09-01 05:42:08,369 [347d3a05-4419-419b-98aa-931b8b5cf3bf:group-7FC7F254AB5A:LeaderElection54] INFO  server.RaftServerConfigKeys (ConfUtils.java:logGet(43)) - raft.server.watch.timeout = 10s (default)
2019-09-01 05:42:08,370 [347d3a05-4419-419b-98aa-931b8b5cf3bf:group-7FC7F254AB5A:LeaderElection54] INFO  server.RaftServerConfigKeys (ConfUtils.java:logGet(43)) - raft.server.watch.timeout.denomination = 1s (default)
2019-09-01 05:42:08,370 [347d3a05-4419-419b-98aa-931b8b5cf3bf:group-7FC7F254AB5A:LeaderElection54] INFO  server.RaftServerConfigKeys (ConfUtils.java:logGet(43)) - raft.server.watch.element-limit = 65536 (default)
2019-09-01 05:42:08,370 [347d3a05-4419-419b-98aa-931b8b5cf3bf:group-7FC7F254AB5A:LeaderElection54] INFO  impl.RoleInfo (RoleInfo.java:updateAndGet(143)) - 347d3a05-4419-419b-98aa-931b8b5cf3bf: start LeaderState
2019-09-01 05:42:08,370 [347d3a05-4419-419b-98aa-931b8b5cf3bf:group-7FC7F254AB5A:LeaderElection54] INFO  segmented.SegmentedRaftLogWorker (SegmentedRaftLogWorker.java:startLogSegment(380)) - 347d3a05-4419-419b-98aa-931b8b5cf3bf-SegmentedRaftLogWorker:Storage Directory /workdir/hadoop-ozone/integration-test/target/test-dir/MiniOzoneClusterImpl-5793c448-5931-4119-8416-4c480dda9cd0/datanode-3/data/ratis/9435c8f4-fc56-43c9-88e4-7fc7f254ab5a: Starting segment from index:0
2019-09-01 05:42:08,371 [347d3a05-4419-419b-98aa-931b8b5cf3bf:group-7FC7F254AB5A:LeaderElection54] INFO  impl.RaftServerImpl (ServerState.java:setRaftConf(361)) - 347d3a05-4419-419b-98aa-931b8b5cf3bf:group-7FC7F254AB5A set configuration 0: [347d3a05-4419-419b-98aa-931b8b5cf3bf:192.168.36.91:41604], old=null at 0
2019-09-01 05:42:08,382 [624fda4c-503f-4d7b-9536-707723049ff7:group-0A07C94DF3EC:LeaderElection55] INFO  impl.LeaderElection (LeaderElection.java:askForVotes(181)) - 624fda4c-503f-4d7b-9536-707723049ff7:group-0A07C94DF3EC:LeaderElection55: begin an election at term 1 for -1: [624fda4c-503f-4d7b-9536-707723049ff7:192.168.36.91:46279], old=null
2019-09-01 05:42:08,382 [624fda4c-503f-4d7b-9536-707723049ff7:group-0A07C94DF3EC:LeaderElection55] INFO  impl.RoleInfo (RoleInfo.java:shutdownLeaderElection(134)) - 624fda4c-503f-4d7b-9536-707723049ff7: shutdown LeaderElection
2019-09-01 05:42:08,382 [624fda4c-503f-4d7b-9536-707723049ff7:group-0A07C94DF3EC:LeaderElection55] INFO  impl.RaftServerImpl (RaftServerImpl.java:setRole(171)) - 624fda4c-503f-4d7b-9536-707723049ff7:group-0A07C94DF3EC changes role from CANDIDATE to LEADER at term 1 for changeToLeader
2019-09-01 05:42:08,383 [624fda4c-503f-4d7b-9536-707723049ff7:group-0A07C94DF3EC:LeaderElection55] INFO  impl.RaftServerImpl (ServerState.java:setLeader(263)) - 624fda4c-503f-4d7b-9536-707723049ff7:group-0A07C94DF3EC change Leader from null to 624fda4c-503f-4d7b-9536-707723049ff7 at term 1 for becomeLeader, leader elected after 5085ms
2019-09-01 05:42:08,383 [624fda4c-503f-4d7b-9536-707723049ff7:group-0A07C94DF3EC:LeaderElection55] INFO  server.RaftServerConfigKeys (ConfUtils.java:logGet(43)) - raft.server.staging.catchup.gap = 1000 (default)
2019-09-01 05:42:08,383 [624fda4c-503f-4d7b-9536-707723049ff7:group-0A07C94DF3EC:LeaderElection55] INFO  server.RaftServerConfigKeys (ConfUtils.java:logGet(43)) - raft.server.rpc.sleep.time = 25ms (default)
2019-09-01 05:42:08,383 [624fda4c-503f-4d7b-9536-707723049ff7:group-0A07C94DF3EC:LeaderElection55] INFO  server.RaftServerConfigKeys (ConfUtils.java:logGet(43)) - raft.server.write.element-limit = 4096 (default)
2019-09-01 05:42:08,383 [624fda4c-503f-4d7b-9536-707723049ff7:group-0A07C94DF3EC:LeaderElection55] INFO  server.RaftServerConfigKeys (ConfUtils.java:logGet(43)) - raft.server.watch.timeout = 10s (default)
2019-09-01 05:42:08,384 [624fda4c-503f-4d7b-9536-707723049ff7:group-0A07C94DF3EC:LeaderElection55] INFO  server.RaftServerConfigKeys (ConfUtils.java:logGet(43)) - raft.server.watch.timeout.denomination = 1s (default)
2019-09-01 05:42:08,384 [624fda4c-503f-4d7b-9536-707723049ff7:group-0A07C94DF3EC:LeaderElection55] INFO  server.RaftServerConfigKeys (ConfUtils.java:logGet(43)) - raft.server.watch.element-limit = 65536 (default)
2019-09-01 05:42:08,384 [624fda4c-503f-4d7b-9536-707723049ff7:group-0A07C94DF3EC:LeaderElection55] INFO  impl.RoleInfo (RoleInfo.java:updateAndGet(143)) - 624fda4c-503f-4d7b-9536-707723049ff7: start LeaderState
2019-09-01 05:42:08,384 [624fda4c-503f-4d7b-9536-707723049ff7:group-0A07C94DF3EC:LeaderElection55] INFO  segmented.SegmentedRaftLogWorker (SegmentedRaftLogWorker.java:startLogSegment(380)) - 624fda4c-503f-4d7b-9536-707723049ff7-SegmentedRaftLogWorker:Storage Directory /workdir/hadoop-ozone/integration-test/target/test-dir/MiniOzoneClusterImpl-5793c448-5931-4119-8416-4c480dda9cd0/datanode-4/data/ratis/613f4c2a-0f59-4076-a667-0a07c94df3ec: Starting segment from index:0
2019-09-01 05:42:08,385 [624fda4c-503f-4d7b-9536-707723049ff7:group-0A07C94DF3EC:LeaderElection55] INFO  impl.RaftServerImpl (ServerState.java:setRaftConf(361)) - 624fda4c-503f-4d7b-9536-707723049ff7:group-0A07C94DF3EC set configuration 0: [624fda4c-503f-4d7b-9536-707723049ff7:192.168.36.91:46279], old=null at 0
2019-09-01 05:42:08,426 [33c85cdb-b84c-478c-bf87-ba5fca0e584d-SegmentedRaftLogWorker:Storage Directory /workdir/hadoop-ozone/integration-test/target/test-dir/MiniOzoneClusterImpl-5793c448-5931-4119-8416-4c480dda9cd0/datanode-2/data/ratis/84200117-da75-43d3-92b6-0e170177e563] INFO  segmented.SegmentedRaftLogWorker (SegmentedRaftLogWorker.java:execute(569)) - 33c85cdb-b84c-478c-bf87-ba5fca0e584d-SegmentedRaftLogWorker:Storage Directory /workdir/hadoop-ozone/integration-test/target/test-dir/MiniOzoneClusterImpl-5793c448-5931-4119-8416-4c480dda9cd0/datanode-2/data/ratis/84200117-da75-43d3-92b6-0e170177e563: created new log segment /workdir/hadoop-ozone/integration-test/target/test-dir/MiniOzoneClusterImpl-5793c448-5931-4119-8416-4c480dda9cd0/datanode-2/data/ratis/84200117-da75-43d3-92b6-0e170177e563/current/log_inprogress_0
2019-09-01 05:42:08,426 [347d3a05-4419-419b-98aa-931b8b5cf3bf-SegmentedRaftLogWorker:Storage Directory /workdir/hadoop-ozone/integration-test/target/test-dir/MiniOzoneClusterImpl-5793c448-5931-4119-8416-4c480dda9cd0/datanode-3/data/ratis/9435c8f4-fc56-43c9-88e4-7fc7f254ab5a] INFO  segmented.SegmentedRaftLogWorker (SegmentedRaftLogWorker.java:execute(569)) - 347d3a05-4419-419b-98aa-931b8b5cf3bf-SegmentedRaftLogWorker:Storage Directory /workdir/hadoop-ozone/integration-test/target/test-dir/MiniOzoneClusterImpl-5793c448-5931-4119-8416-4c480dda9cd0/datanode-3/data/ratis/9435c8f4-fc56-43c9-88e4-7fc7f254ab5a: created new log segment /workdir/hadoop-ozone/integration-test/target/test-dir/MiniOzoneClusterImpl-5793c448-5931-4119-8416-4c480dda9cd0/datanode-3/data/ratis/9435c8f4-fc56-43c9-88e4-7fc7f254ab5a/current/log_inprogress_0
2019-09-01 05:42:08,443 [624fda4c-503f-4d7b-9536-707723049ff7-SegmentedRaftLogWorker:Storage Directory /workdir/hadoop-ozone/integration-test/target/test-dir/MiniOzoneClusterImpl-5793c448-5931-4119-8416-4c480dda9cd0/datanode-4/data/ratis/613f4c2a-0f59-4076-a667-0a07c94df3ec] INFO  segmented.SegmentedRaftLogWorker (SegmentedRaftLogWorker.java:execute(569)) - 624fda4c-503f-4d7b-9536-707723049ff7-SegmentedRaftLogWorker:Storage Directory /workdir/hadoop-ozone/integration-test/target/test-dir/MiniOzoneClusterImpl-5793c448-5931-4119-8416-4c480dda9cd0/datanode-4/data/ratis/613f4c2a-0f59-4076-a667-0a07c94df3ec: created new log segment /workdir/hadoop-ozone/integration-test/target/test-dir/MiniOzoneClusterImpl-5793c448-5931-4119-8416-4c480dda9cd0/datanode-4/data/ratis/613f4c2a-0f59-4076-a667-0a07c94df3ec/current/log_inprogress_0
2019-09-01 05:42:08,504 [Thread-2417] INFO  impl.FollowerState (FollowerState.java:run(106)) - 7098809c-b562-4a8a-ae10-ebee9eb441f0:group-56E10B9077CE changes to CANDIDATE, lastRpcTime:5114, electionTimeout:5114ms
2019-09-01 05:42:08,504 [Thread-2417] INFO  impl.RoleInfo (RoleInfo.java:shutdownFollowerState(121)) - 7098809c-b562-4a8a-ae10-ebee9eb441f0: shutdown FollowerState
2019-09-01 05:42:08,504 [Thread-2417] INFO  impl.RaftServerImpl (RaftServerImpl.java:setRole(171)) - 7098809c-b562-4a8a-ae10-ebee9eb441f0:group-56E10B9077CE changes role from FOLLOWER to CANDIDATE at term 0 for changeToCandidate
2019-09-01 05:42:08,504 [Thread-2417] INFO  impl.RoleInfo (RoleInfo.java:updateAndGet(143)) - 7098809c-b562-4a8a-ae10-ebee9eb441f0: start LeaderElection
2019-09-01 05:42:08,535 [7098809c-b562-4a8a-ae10-ebee9eb441f0:group-56E10B9077CE:LeaderElection56] INFO  impl.LeaderElection (LeaderElection.java:askForVotes(181)) - 7098809c-b562-4a8a-ae10-ebee9eb441f0:group-56E10B9077CE:LeaderElection56: begin an election at term 1 for -1: [7098809c-b562-4a8a-ae10-ebee9eb441f0:192.168.36.91:43030], old=null
2019-09-01 05:42:08,535 [7098809c-b562-4a8a-ae10-ebee9eb441f0:group-56E10B9077CE:LeaderElection56] INFO  impl.RoleInfo (RoleInfo.java:shutdownLeaderElection(134)) - 7098809c-b562-4a8a-ae10-ebee9eb441f0: shutdown LeaderElection
2019-09-01 05:42:08,535 [7098809c-b562-4a8a-ae10-ebee9eb441f0:group-56E10B9077CE:LeaderElection56] INFO  impl.RaftServerImpl (RaftServerImpl.java:setRole(171)) - 7098809c-b562-4a8a-ae10-ebee9eb441f0:group-56E10B9077CE changes role from CANDIDATE to LEADER at term 1 for changeToLeader
2019-09-01 05:42:08,535 [7098809c-b562-4a8a-ae10-ebee9eb441f0:group-56E10B9077CE:LeaderElection56] INFO  impl.RaftServerImpl (ServerState.java:setLeader(263)) - 7098809c-b562-4a8a-ae10-ebee9eb441f0:group-56E10B9077CE change Leader from null to 7098809c-b562-4a8a-ae10-ebee9eb441f0 at term 1 for becomeLeader, leader elected after 5149ms
2019-09-01 05:42:08,536 [7098809c-b562-4a8a-ae10-ebee9eb441f0:group-56E10B9077CE:LeaderElection56] INFO  server.RaftServerConfigKeys (ConfUtils.java:logGet(43)) - raft.server.staging.catchup.gap = 1000 (default)
2019-09-01 05:42:08,536 [7098809c-b562-4a8a-ae10-ebee9eb441f0:group-56E10B9077CE:LeaderElection56] INFO  server.RaftServerConfigKeys (ConfUtils.java:logGet(43)) - raft.server.rpc.sleep.time = 25ms (default)
2019-09-01 05:42:08,536 [7098809c-b562-4a8a-ae10-ebee9eb441f0:group-56E10B9077CE:LeaderElection56] INFO  server.RaftServerConfigKeys (ConfUtils.java:logGet(43)) - raft.server.write.element-limit = 4096 (default)
2019-09-01 05:42:08,536 [7098809c-b562-4a8a-ae10-ebee9eb441f0:group-56E10B9077CE:LeaderElection56] INFO  server.RaftServerConfigKeys (ConfUtils.java:logGet(43)) - raft.server.watch.timeout = 10s (default)
2019-09-01 05:42:08,536 [7098809c-b562-4a8a-ae10-ebee9eb441f0:group-56E10B9077CE:LeaderElection56] INFO  server.RaftServerConfigKeys (ConfUtils.java:logGet(43)) - raft.server.watch.timeout.denomination = 1s (default)
2019-09-01 05:42:08,536 [7098809c-b562-4a8a-ae10-ebee9eb441f0:group-56E10B9077CE:LeaderElection56] INFO  server.RaftServerConfigKeys (ConfUtils.java:logGet(43)) - raft.server.watch.element-limit = 65536 (default)
2019-09-01 05:42:08,536 [7098809c-b562-4a8a-ae10-ebee9eb441f0:group-56E10B9077CE:LeaderElection56] INFO  impl.RoleInfo (RoleInfo.java:updateAndGet(143)) - 7098809c-b562-4a8a-ae10-ebee9eb441f0: start LeaderState
2019-09-01 05:42:08,537 [7098809c-b562-4a8a-ae10-ebee9eb441f0:group-56E10B9077CE:LeaderElection56] INFO  segmented.SegmentedRaftLogWorker (SegmentedRaftLogWorker.java:startLogSegment(380)) - 7098809c-b562-4a8a-ae10-ebee9eb441f0-SegmentedRaftLogWorker:Storage Directory /workdir/hadoop-ozone/integration-test/target/test-dir/MiniOzoneClusterImpl-5793c448-5931-4119-8416-4c480dda9cd0/datanode-5/data/ratis/623c030c-f89d-4aff-b9a9-56e10b9077ce: Starting segment from index:0
2019-09-01 05:42:08,537 [7098809c-b562-4a8a-ae10-ebee9eb441f0:group-56E10B9077CE:LeaderElection56] INFO  impl.RaftServerImpl (ServerState.java:setRaftConf(361)) - 7098809c-b562-4a8a-ae10-ebee9eb441f0:group-56E10B9077CE set configuration 0: [7098809c-b562-4a8a-ae10-ebee9eb441f0:192.168.36.91:43030], old=null at 0
2019-09-01 05:42:08,572 [Thread-2428] INFO  impl.FollowerState (FollowerState.java:run(106)) - 118ead1c-3dd0-4d18-b1c5-69ccbf52f2b4:group-1CE661B5BE22 changes to CANDIDATE, lastRpcTime:5018, electionTimeout:5018ms
2019-09-01 05:42:08,573 [Thread-2428] INFO  impl.RoleInfo (RoleInfo.java:shutdownFollowerState(121)) - 118ead1c-3dd0-4d18-b1c5-69ccbf52f2b4: shutdown FollowerState
2019-09-01 05:42:08,573 [Thread-2428] INFO  impl.RaftServerImpl (RaftServerImpl.java:setRole(171)) - 118ead1c-3dd0-4d18-b1c5-69ccbf52f2b4:group-1CE661B5BE22 changes role from FOLLOWER to CANDIDATE at term 0 for changeToCandidate
2019-09-01 05:42:08,573 [Thread-2428] INFO  impl.RoleInfo (RoleInfo.java:updateAndGet(143)) - 118ead1c-3dd0-4d18-b1c5-69ccbf52f2b4: start LeaderElection
2019-09-01 05:42:08,578 [7098809c-b562-4a8a-ae10-ebee9eb441f0-SegmentedRaftLogWorker:Storage Directory /workdir/hadoop-ozone/integration-test/target/test-dir/MiniOzoneClusterImpl-5793c448-5931-4119-8416-4c480dda9cd0/datanode-5/data/ratis/623c030c-f89d-4aff-b9a9-56e10b9077ce] INFO  segmented.SegmentedRaftLogWorker (SegmentedRaftLogWorker.java:execute(569)) - 7098809c-b562-4a8a-ae10-ebee9eb441f0-SegmentedRaftLogWorker:Storage Directory /workdir/hadoop-ozone/integration-test/target/test-dir/MiniOzoneClusterImpl-5793c448-5931-4119-8416-4c480dda9cd0/datanode-5/data/ratis/623c030c-f89d-4aff-b9a9-56e10b9077ce: created new log segment /workdir/hadoop-ozone/integration-test/target/test-dir/MiniOzoneClusterImpl-5793c448-5931-4119-8416-4c480dda9cd0/datanode-5/data/ratis/623c030c-f89d-4aff-b9a9-56e10b9077ce/current/log_inprogress_0
2019-09-01 05:42:08,583 [Thread-2423] INFO  impl.FollowerState (FollowerState.java:run(106)) - 624fda4c-503f-4d7b-9536-707723049ff7:group-1CE661B5BE22 changes to CANDIDATE, lastRpcTime:5031, electionTimeout:5031ms
2019-09-01 05:42:08,583 [Thread-2423] INFO  impl.RoleInfo (RoleInfo.java:shutdownFollowerState(121)) - 624fda4c-503f-4d7b-9536-707723049ff7: shutdown FollowerState
2019-09-01 05:42:08,583 [Thread-2423] INFO  impl.RaftServerImpl (RaftServerImpl.java:setRole(171)) - 624fda4c-503f-4d7b-9536-707723049ff7:group-1CE661B5BE22 changes role from FOLLOWER to CANDIDATE at term 0 for changeToCandidate
2019-09-01 05:42:08,583 [Thread-2423] INFO  impl.RoleInfo (RoleInfo.java:updateAndGet(143)) - 624fda4c-503f-4d7b-9536-707723049ff7: start LeaderElection
2019-09-01 05:42:08,603 [118ead1c-3dd0-4d18-b1c5-69ccbf52f2b4:group-1CE661B5BE22:LeaderElection57] INFO  impl.LeaderElection (LeaderElection.java:askForVotes(181)) - 118ead1c-3dd0-4d18-b1c5-69ccbf52f2b4:group-1CE661B5BE22:LeaderElection57: begin an election at term 1 for -1: [118ead1c-3dd0-4d18-b1c5-69ccbf52f2b4:192.168.36.91:39313, 7098809c-b562-4a8a-ae10-ebee9eb441f0:192.168.36.91:43030, 624fda4c-503f-4d7b-9536-707723049ff7:192.168.36.91:46279], old=null
2019-09-01 05:42:08,607 [grpc-default-executor-2] INFO  impl.RaftServerImpl (RaftServerImpl.java:setRole(171)) - 7098809c-b562-4a8a-ae10-ebee9eb441f0:group-1CE661B5BE22 changes role from FOLLOWER to FOLLOWER at term 1 for recognizeCandidate:118ead1c-3dd0-4d18-b1c5-69ccbf52f2b4
2019-09-01 05:42:08,607 [grpc-default-executor-2] INFO  impl.RoleInfo (RoleInfo.java:shutdownFollowerState(121)) - 7098809c-b562-4a8a-ae10-ebee9eb441f0: shutdown FollowerState
2019-09-01 05:42:08,608 [grpc-default-executor-2] INFO  impl.RoleInfo (RoleInfo.java:updateAndGet(143)) - 7098809c-b562-4a8a-ae10-ebee9eb441f0: start FollowerState
2019-09-01 05:42:08,608 [Thread-2426] INFO  impl.FollowerState (FollowerState.java:run(114)) - 7098809c-b562-4a8a-ae10-ebee9eb441f0: FollowerState was interrupted: java.lang.InterruptedException: sleep interrupted
2019-09-01 05:42:08,612 [624fda4c-503f-4d7b-9536-707723049ff7:group-1CE661B5BE22:LeaderElection58] INFO  impl.LeaderElection (LeaderElection.java:askForVotes(181)) - 624fda4c-503f-4d7b-9536-707723049ff7:group-1CE661B5BE22:LeaderElection58: begin an election at term 1 for -1: [118ead1c-3dd0-4d18-b1c5-69ccbf52f2b4:192.168.36.91:39313, 7098809c-b562-4a8a-ae10-ebee9eb441f0:192.168.36.91:43030, 624fda4c-503f-4d7b-9536-707723049ff7:192.168.36.91:46279], old=null
2019-09-01 05:42:08,630 [624fda4c-503f-4d7b-9536-707723049ff7:group-1CE661B5BE22:LeaderElection58] INFO  impl.LeaderElection (LeaderElection.java:logAndReturn(56)) - 624fda4c-503f-4d7b-9536-707723049ff7:group-1CE661B5BE22:LeaderElection58: Election REJECTED; received 2 response(s) [624fda4c-503f-4d7b-9536-707723049ff7<-118ead1c-3dd0-4d18-b1c5-69ccbf52f2b4#0:FAIL-t1, 624fda4c-503f-4d7b-9536-707723049ff7<-7098809c-b562-4a8a-ae10-ebee9eb441f0#0:FAIL-t1] and 0 exception(s); 624fda4c-503f-4d7b-9536-707723049ff7:t1, leader=null, voted=624fda4c-503f-4d7b-9536-707723049ff7, raftlog=624fda4c-503f-4d7b-9536-707723049ff7-SegmentedRaftLog:OPENED:c-1,f-1,i0, conf=-1: [118ead1c-3dd0-4d18-b1c5-69ccbf52f2b4:192.168.36.91:39313, 7098809c-b562-4a8a-ae10-ebee9eb441f0:192.168.36.91:43030, 624fda4c-503f-4d7b-9536-707723049ff7:192.168.36.91:46279], old=null
2019-09-01 05:42:08,630 [624fda4c-503f-4d7b-9536-707723049ff7:group-1CE661B5BE22:LeaderElection58] INFO  impl.RaftServerImpl (RaftServerImpl.java:setRole(171)) - 624fda4c-503f-4d7b-9536-707723049ff7:group-1CE661B5BE22 changes role from CANDIDATE to FOLLOWER at term 1 for DISCOVERED_A_NEW_TERM
2019-09-01 05:42:08,630 [624fda4c-503f-4d7b-9536-707723049ff7:group-1CE661B5BE22:LeaderElection58] INFO  impl.RoleInfo (RoleInfo.java:shutdownLeaderElection(134)) - 624fda4c-503f-4d7b-9536-707723049ff7: shutdown LeaderElection
2019-09-01 05:42:08,630 [118ead1c-3dd0-4d18-b1c5-69ccbf52f2b4:group-1CE661B5BE22:LeaderElection57] INFO  impl.LeaderElection (LeaderElection.java:logAndReturn(56)) - 118ead1c-3dd0-4d18-b1c5-69ccbf52f2b4:group-1CE661B5BE22:LeaderElection57: Election PASSED; received 2 response(s) [118ead1c-3dd0-4d18-b1c5-69ccbf52f2b4<-7098809c-b562-4a8a-ae10-ebee9eb441f0#0:OK-t1, 118ead1c-3dd0-4d18-b1c5-69ccbf52f2b4<-624fda4c-503f-4d7b-9536-707723049ff7#0:FAIL-t1] and 0 exception(s); 118ead1c-3dd0-4d18-b1c5-69ccbf52f2b4:t1, leader=null, voted=118ead1c-3dd0-4d18-b1c5-69ccbf52f2b4, raftlog=118ead1c-3dd0-4d18-b1c5-69ccbf52f2b4-SegmentedRaftLog:OPENED:c-1,f-1,i0, conf=-1: [118ead1c-3dd0-4d18-b1c5-69ccbf52f2b4:192.168.36.91:39313, 7098809c-b562-4a8a-ae10-ebee9eb441f0:192.168.36.91:43030, 624fda4c-503f-4d7b-9536-707723049ff7:192.168.36.91:46279], old=null
2019-09-01 05:42:08,630 [624fda4c-503f-4d7b-9536-707723049ff7:group-1CE661B5BE22:LeaderElection58] INFO  impl.RoleInfo (RoleInfo.java:updateAndGet(143)) - 624fda4c-503f-4d7b-9536-707723049ff7: start FollowerState
2019-09-01 05:42:08,631 [118ead1c-3dd0-4d18-b1c5-69ccbf52f2b4:group-1CE661B5BE22:LeaderElection57] INFO  impl.RoleInfo (RoleInfo.java:shutdownLeaderElection(134)) - 118ead1c-3dd0-4d18-b1c5-69ccbf52f2b4: shutdown LeaderElection
2019-09-01 05:42:08,631 [118ead1c-3dd0-4d18-b1c5-69ccbf52f2b4:group-1CE661B5BE22:LeaderElection57] INFO  impl.RaftServerImpl (RaftServerImpl.java:setRole(171)) - 118ead1c-3dd0-4d18-b1c5-69ccbf52f2b4:group-1CE661B5BE22 changes role from CANDIDATE to LEADER at term 1 for changeToLeader
2019-09-01 05:42:08,631 [118ead1c-3dd0-4d18-b1c5-69ccbf52f2b4:group-1CE661B5BE22:LeaderElection57] INFO  impl.RaftServerImpl (ServerState.java:setLeader(263)) - 118ead1c-3dd0-4d18-b1c5-69ccbf52f2b4:group-1CE661B5BE22 change Leader from null to 118ead1c-3dd0-4d18-b1c5-69ccbf52f2b4 at term 1 for becomeLeader, leader elected after 5089ms
2019-09-01 05:42:08,631 [118ead1c-3dd0-4d18-b1c5-69ccbf52f2b4:group-1CE661B5BE22:LeaderElection57] INFO  server.RaftServerConfigKeys (ConfUtils.java:logGet(43)) - raft.server.staging.catchup.gap = 1000 (default)
2019-09-01 05:42:08,631 [118ead1c-3dd0-4d18-b1c5-69ccbf52f2b4:group-1CE661B5BE22:LeaderElection57] INFO  server.RaftServerConfigKeys (ConfUtils.java:logGet(43)) - raft.server.rpc.sleep.time = 25ms (default)
2019-09-01 05:42:08,631 [118ead1c-3dd0-4d18-b1c5-69ccbf52f2b4:group-1CE661B5BE22:LeaderElection57] INFO  server.RaftServerConfigKeys (ConfUtils.java:logGet(43)) - raft.server.write.element-limit = 4096 (default)
2019-09-01 05:42:08,632 [118ead1c-3dd0-4d18-b1c5-69ccbf52f2b4:group-1CE661B5BE22:LeaderElection57] INFO  server.RaftServerConfigKeys (ConfUtils.java:logGet(43)) - raft.server.watch.timeout = 10s (default)
2019-09-01 05:42:08,632 [118ead1c-3dd0-4d18-b1c5-69ccbf52f2b4:group-1CE661B5BE22:LeaderElection57] INFO  server.RaftServerConfigKeys (ConfUtils.java:logGet(43)) - raft.server.watch.timeout.denomination = 1s (default)
2019-09-01 05:42:08,632 [118ead1c-3dd0-4d18-b1c5-69ccbf52f2b4:group-1CE661B5BE22:LeaderElection57] INFO  server.RaftServerConfigKeys (ConfUtils.java:logGet(43)) - raft.server.watch.element-limit = 65536 (default)
2019-09-01 05:42:08,632 [118ead1c-3dd0-4d18-b1c5-69ccbf52f2b4:group-1CE661B5BE22:LeaderElection57] INFO  server.RaftServerConfigKeys (ConfUtils.java:logGet(43)) - raft.server.log.appender.snapshot.chunk.size.max = 16MB (=16777216) (default)
2019-09-01 05:42:08,632 [118ead1c-3dd0-4d18-b1c5-69ccbf52f2b4:group-1CE661B5BE22:LeaderElection57] INFO  server.RaftServerConfigKeys (ConfUtils.java:logGet(43)) - raft.server.log.appender.buffer.byte-limit = 33554432 (custom)
2019-09-01 05:42:08,632 [118ead1c-3dd0-4d18-b1c5-69ccbf52f2b4:group-1CE661B5BE22:LeaderElection57] INFO  server.RaftServerConfigKeys (ConfUtils.java:logGet(43)) - raft.server.log.appender.buffer.element-limit = 1 (custom)
2019-09-01 05:42:08,632 [118ead1c-3dd0-4d18-b1c5-69ccbf52f2b4:group-1CE661B5BE22:LeaderElection57] INFO  grpc.GrpcConfigKeys$Server (ConfUtils.java:logGet(43)) - raft.grpc.server.leader.outstanding.appends.max = 128 (default)
2019-09-01 05:42:08,633 [118ead1c-3dd0-4d18-b1c5-69ccbf52f2b4:group-1CE661B5BE22:LeaderElection57] INFO  server.RaftServerConfigKeys (ConfUtils.java:logGet(43)) - raft.server.rpc.request.timeout = 3000ms (default)
2019-09-01 05:42:08,633 [118ead1c-3dd0-4d18-b1c5-69ccbf52f2b4:group-1CE661B5BE22:LeaderElection57] INFO  server.RaftServerConfigKeys (ConfUtils.java:logGet(43)) - raft.server.log.appender.install.snapshot.enabled = false (custom)
2019-09-01 05:42:08,633 [118ead1c-3dd0-4d18-b1c5-69ccbf52f2b4:group-1CE661B5BE22:LeaderElection57] INFO  server.RaftServerConfigKeys (ConfUtils.java:logGet(43)) - raft.server.log.appender.snapshot.chunk.size.max = 16MB (=16777216) (default)
2019-09-01 05:42:08,633 [118ead1c-3dd0-4d18-b1c5-69ccbf52f2b4:group-1CE661B5BE22:LeaderElection57] INFO  server.RaftServerConfigKeys (ConfUtils.java:logGet(43)) - raft.server.log.appender.buffer.byte-limit = 33554432 (custom)
2019-09-01 05:42:08,633 [118ead1c-3dd0-4d18-b1c5-69ccbf52f2b4:group-1CE661B5BE22:LeaderElection57] INFO  server.RaftServerConfigKeys (ConfUtils.java:logGet(43)) - raft.server.log.appender.buffer.element-limit = 1 (custom)
2019-09-01 05:42:08,633 [118ead1c-3dd0-4d18-b1c5-69ccbf52f2b4:group-1CE661B5BE22:LeaderElection57] INFO  grpc.GrpcConfigKeys$Server (ConfUtils.java:logGet(43)) - raft.grpc.server.leader.outstanding.appends.max = 128 (default)
2019-09-01 05:42:08,633 [118ead1c-3dd0-4d18-b1c5-69ccbf52f2b4:group-1CE661B5BE22:LeaderElection57] INFO  server.RaftServerConfigKeys (ConfUtils.java:logGet(43)) - raft.server.rpc.request.timeout = 3000ms (default)
2019-09-01 05:42:08,633 [118ead1c-3dd0-4d18-b1c5-69ccbf52f2b4:group-1CE661B5BE22:LeaderElection57] INFO  server.RaftServerConfigKeys (ConfUtils.java:logGet(43)) - raft.server.log.appender.install.snapshot.enabled = false (custom)
2019-09-01 05:42:08,634 [118ead1c-3dd0-4d18-b1c5-69ccbf52f2b4:group-1CE661B5BE22:LeaderElection57] INFO  impl.RoleInfo (RoleInfo.java:updateAndGet(143)) - 118ead1c-3dd0-4d18-b1c5-69ccbf52f2b4: start LeaderState
2019-09-01 05:42:08,634 [118ead1c-3dd0-4d18-b1c5-69ccbf52f2b4:group-1CE661B5BE22:LeaderElection57] INFO  segmented.SegmentedRaftLogWorker (SegmentedRaftLogWorker.java:startLogSegment(380)) - 118ead1c-3dd0-4d18-b1c5-69ccbf52f2b4-SegmentedRaftLogWorker:Storage Directory /workdir/hadoop-ozone/integration-test/target/test-dir/MiniOzoneClusterImpl-5793c448-5931-4119-8416-4c480dda9cd0/datanode-0/data/ratis/4363aa6a-576b-4364-8349-1ce661b5be22: Starting segment from index:0
2019-09-01 05:42:08,634 [118ead1c-3dd0-4d18-b1c5-69ccbf52f2b4:group-1CE661B5BE22:LeaderElection57] INFO  impl.RaftServerImpl (ServerState.java:setRaftConf(361)) - 118ead1c-3dd0-4d18-b1c5-69ccbf52f2b4:group-1CE661B5BE22 set configuration 0: [118ead1c-3dd0-4d18-b1c5-69ccbf52f2b4:192.168.36.91:39313, 7098809c-b562-4a8a-ae10-ebee9eb441f0:192.168.36.91:43030, 624fda4c-503f-4d7b-9536-707723049ff7:192.168.36.91:46279], old=null at 0
2019-09-01 05:42:08,675 [Thread-2420] INFO  impl.FollowerState (FollowerState.java:run(106)) - 069b4c9a-be92-48c5-a953-5202f2b9bb94:group-FEB423157B5A changes to CANDIDATE, lastRpcTime:5211, electionTimeout:5194ms
2019-09-01 05:42:08,675 [grpc-default-executor-2] INFO  impl.RaftServerImpl (ServerState.java:setLeader(263)) - 624fda4c-503f-4d7b-9536-707723049ff7:group-1CE661B5BE22 change Leader from null to 118ead1c-3dd0-4d18-b1c5-69ccbf52f2b4 at term 1 for appendEntries, leader elected after 5132ms
2019-09-01 05:42:08,675 [Thread-2420] INFO  impl.RoleInfo (RoleInfo.java:shutdownFollowerState(121)) - 069b4c9a-be92-48c5-a953-5202f2b9bb94: shutdown FollowerState
2019-09-01 05:42:08,675 [grpc-default-executor-5] INFO  impl.RaftServerImpl (ServerState.java:setLeader(263)) - 7098809c-b562-4a8a-ae10-ebee9eb441f0:group-1CE661B5BE22 change Leader from null to 118ead1c-3dd0-4d18-b1c5-69ccbf52f2b4 at term 1 for appendEntries, leader elected after 5132ms
2019-09-01 05:42:08,675 [Thread-2420] INFO  impl.RaftServerImpl (RaftServerImpl.java:setRole(171)) - 069b4c9a-be92-48c5-a953-5202f2b9bb94:group-FEB423157B5A changes role from FOLLOWER to CANDIDATE at term 0 for changeToCandidate
2019-09-01 05:42:08,676 [Thread-2420] INFO  impl.RoleInfo (RoleInfo.java:updateAndGet(143)) - 069b4c9a-be92-48c5-a953-5202f2b9bb94: start LeaderElection
2019-09-01 05:42:08,682 [grpc-default-executor-5] INFO  impl.RaftServerImpl (ServerState.java:setRaftConf(361)) - 624fda4c-503f-4d7b-9536-707723049ff7:group-1CE661B5BE22 set configuration 0: [118ead1c-3dd0-4d18-b1c5-69ccbf52f2b4:192.168.36.91:39313, 7098809c-b562-4a8a-ae10-ebee9eb441f0:192.168.36.91:43030, 624fda4c-503f-4d7b-9536-707723049ff7:192.168.36.91:46279], old=null at 0
2019-09-01 05:42:08,682 [grpc-default-executor-5] INFO  segmented.SegmentedRaftLogWorker (SegmentedRaftLogWorker.java:startLogSegment(380)) - 624fda4c-503f-4d7b-9536-707723049ff7-SegmentedRaftLogWorker:Storage Directory /workdir/hadoop-ozone/integration-test/target/test-dir/MiniOzoneClusterImpl-5793c448-5931-4119-8416-4c480dda9cd0/datanode-4/data/ratis/4363aa6a-576b-4364-8349-1ce661b5be22: Starting segment from index:0
2019-09-01 05:42:08,682 [grpc-default-executor-2] INFO  impl.RaftServerImpl (ServerState.java:setRaftConf(361)) - 7098809c-b562-4a8a-ae10-ebee9eb441f0:group-1CE661B5BE22 set configuration 0: [118ead1c-3dd0-4d18-b1c5-69ccbf52f2b4:192.168.36.91:39313, 7098809c-b562-4a8a-ae10-ebee9eb441f0:192.168.36.91:43030, 624fda4c-503f-4d7b-9536-707723049ff7:192.168.36.91:46279], old=null at 0
2019-09-01 05:42:08,682 [grpc-default-executor-2] INFO  segmented.SegmentedRaftLogWorker (SegmentedRaftLogWorker.java:startLogSegment(380)) - 7098809c-b562-4a8a-ae10-ebee9eb441f0-SegmentedRaftLogWorker:Storage Directory /workdir/hadoop-ozone/integration-test/target/test-dir/MiniOzoneClusterImpl-5793c448-5931-4119-8416-4c480dda9cd0/datanode-5/data/ratis/4363aa6a-576b-4364-8349-1ce661b5be22: Starting segment from index:0
2019-09-01 05:42:08,695 [Thread-2432] INFO  impl.FollowerState (FollowerState.java:run(106)) - 33c85cdb-b84c-478c-bf87-ba5fca0e584d:group-3D63AEBF48FE changes to CANDIDATE, lastRpcTime:5038, electionTimeout:5038ms
2019-09-01 05:42:08,695 [Thread-2432] INFO  impl.RoleInfo (RoleInfo.java:shutdownFollowerState(121)) - 33c85cdb-b84c-478c-bf87-ba5fca0e584d: shutdown FollowerState
2019-09-01 05:42:08,695 [Thread-2432] INFO  impl.RaftServerImpl (RaftServerImpl.java:setRole(171)) - 33c85cdb-b84c-478c-bf87-ba5fca0e584d:group-3D63AEBF48FE changes role from FOLLOWER to CANDIDATE at term 0 for changeToCandidate
2019-09-01 05:42:08,696 [Thread-2432] INFO  impl.RoleInfo (RoleInfo.java:updateAndGet(143)) - 33c85cdb-b84c-478c-bf87-ba5fca0e584d: start LeaderElection
2019-09-01 05:42:08,696 [118ead1c-3dd0-4d18-b1c5-69ccbf52f2b4-SegmentedRaftLogWorker:Storage Directory /workdir/hadoop-ozone/integration-test/target/test-dir/MiniOzoneClusterImpl-5793c448-5931-4119-8416-4c480dda9cd0/datanode-0/data/ratis/4363aa6a-576b-4364-8349-1ce661b5be22] INFO  segmented.SegmentedRaftLogWorker (SegmentedRaftLogWorker.java:execute(569)) - 118ead1c-3dd0-4d18-b1c5-69ccbf52f2b4-SegmentedRaftLogWorker:Storage Directory /workdir/hadoop-ozone/integration-test/target/test-dir/MiniOzoneClusterImpl-5793c448-5931-4119-8416-4c480dda9cd0/datanode-0/data/ratis/4363aa6a-576b-4364-8349-1ce661b5be22: created new log segment /workdir/hadoop-ozone/integration-test/target/test-dir/MiniOzoneClusterImpl-5793c448-5931-4119-8416-4c480dda9cd0/datanode-0/data/ratis/4363aa6a-576b-4364-8349-1ce661b5be22/current/log_inprogress_0
2019-09-01 05:42:08,714 [069b4c9a-be92-48c5-a953-5202f2b9bb94:group-FEB423157B5A:LeaderElection59] INFO  impl.LeaderElection (LeaderElection.java:askForVotes(181)) - 069b4c9a-be92-48c5-a953-5202f2b9bb94:group-FEB423157B5A:LeaderElection59: begin an election at term 1 for -1: [069b4c9a-be92-48c5-a953-5202f2b9bb94:192.168.36.91:34327], old=null
2019-09-01 05:42:08,717 [069b4c9a-be92-48c5-a953-5202f2b9bb94:group-FEB423157B5A:LeaderElection59] INFO  impl.RoleInfo (RoleInfo.java:shutdownLeaderElection(134)) - 069b4c9a-be92-48c5-a953-5202f2b9bb94: shutdown LeaderElection
2019-09-01 05:42:08,717 [069b4c9a-be92-48c5-a953-5202f2b9bb94:group-FEB423157B5A:LeaderElection59] INFO  impl.RaftServerImpl (RaftServerImpl.java:setRole(171)) - 069b4c9a-be92-48c5-a953-5202f2b9bb94:group-FEB423157B5A changes role from CANDIDATE to LEADER at term 1 for changeToLeader
2019-09-01 05:42:08,717 [069b4c9a-be92-48c5-a953-5202f2b9bb94:group-FEB423157B5A:LeaderElection59] INFO  impl.RaftServerImpl (ServerState.java:setLeader(263)) - 069b4c9a-be92-48c5-a953-5202f2b9bb94:group-FEB423157B5A change Leader from null to 069b4c9a-be92-48c5-a953-5202f2b9bb94 at term 1 for becomeLeader, leader elected after 5257ms
2019-09-01 05:42:08,718 [069b4c9a-be92-48c5-a953-5202f2b9bb94:group-FEB423157B5A:LeaderElection59] INFO  server.RaftServerConfigKeys (ConfUtils.java:logGet(43)) - raft.server.staging.catchup.gap = 1000 (default)
2019-09-01 05:42:08,718 [069b4c9a-be92-48c5-a953-5202f2b9bb94:group-FEB423157B5A:LeaderElection59] INFO  server.RaftServerConfigKeys (ConfUtils.java:logGet(43)) - raft.server.rpc.sleep.time = 25ms (default)
2019-09-01 05:42:08,718 [069b4c9a-be92-48c5-a953-5202f2b9bb94:group-FEB423157B5A:LeaderElection59] INFO  server.RaftServerConfigKeys (ConfUtils.java:logGet(43)) - raft.server.write.element-limit = 4096 (default)
2019-09-01 05:42:08,718 [069b4c9a-be92-48c5-a953-5202f2b9bb94:group-FEB423157B5A:LeaderElection59] INFO  server.RaftServerConfigKeys (ConfUtils.java:logGet(43)) - raft.server.watch.timeout = 10s (default)
2019-09-01 05:42:08,718 [069b4c9a-be92-48c5-a953-5202f2b9bb94:group-FEB423157B5A:LeaderElection59] INFO  server.RaftServerConfigKeys (ConfUtils.java:logGet(43)) - raft.server.watch.timeout.denomination = 1s (default)
2019-09-01 05:42:08,718 [069b4c9a-be92-48c5-a953-5202f2b9bb94:group-FEB423157B5A:LeaderElection59] INFO  server.RaftServerConfigKeys (ConfUtils.java:logGet(43)) - raft.server.watch.element-limit = 65536 (default)
2019-09-01 05:42:08,718 [069b4c9a-be92-48c5-a953-5202f2b9bb94:group-FEB423157B5A:LeaderElection59] INFO  impl.RoleInfo (RoleInfo.java:updateAndGet(143)) - 069b4c9a-be92-48c5-a953-5202f2b9bb94: start LeaderState
2019-09-01 05:42:08,718 [069b4c9a-be92-48c5-a953-5202f2b9bb94:group-FEB423157B5A:LeaderElection59] INFO  segmented.SegmentedRaftLogWorker (SegmentedRaftLogWorker.java:startLogSegment(380)) - 069b4c9a-be92-48c5-a953-5202f2b9bb94-SegmentedRaftLogWorker:Storage Directory /workdir/hadoop-ozone/integration-test/target/test-dir/MiniOzoneClusterImpl-5793c448-5931-4119-8416-4c480dda9cd0/datanode-6/data/ratis/14787771-edc4-4054-8c37-feb423157b5a: Starting segment from index:0
2019-09-01 05:42:08,719 [069b4c9a-be92-48c5-a953-5202f2b9bb94:group-FEB423157B5A:LeaderElection59] INFO  impl.RaftServerImpl (ServerState.java:setRaftConf(361)) - 069b4c9a-be92-48c5-a953-5202f2b9bb94:group-FEB423157B5A set configuration 0: [069b4c9a-be92-48c5-a953-5202f2b9bb94:192.168.36.91:34327], old=null at 0
2019-09-01 05:42:08,730 [624fda4c-503f-4d7b-9536-707723049ff7-SegmentedRaftLogWorker:Storage Directory /workdir/hadoop-ozone/integration-test/target/test-dir/MiniOzoneClusterImpl-5793c448-5931-4119-8416-4c480dda9cd0/datanode-4/data/ratis/4363aa6a-576b-4364-8349-1ce661b5be22] INFO  segmented.SegmentedRaftLogWorker (SegmentedRaftLogWorker.java:execute(569)) - 624fda4c-503f-4d7b-9536-707723049ff7-SegmentedRaftLogWorker:Storage Directory /workdir/hadoop-ozone/integration-test/target/test-dir/MiniOzoneClusterImpl-5793c448-5931-4119-8416-4c480dda9cd0/datanode-4/data/ratis/4363aa6a-576b-4364-8349-1ce661b5be22: created new log segment /workdir/hadoop-ozone/integration-test/target/test-dir/MiniOzoneClusterImpl-5793c448-5931-4119-8416-4c480dda9cd0/datanode-4/data/ratis/4363aa6a-576b-4364-8349-1ce661b5be22/current/log_inprogress_0
2019-09-01 05:42:08,730 [7098809c-b562-4a8a-ae10-ebee9eb441f0-SegmentedRaftLogWorker:Storage Directory /workdir/hadoop-ozone/integration-test/target/test-dir/MiniOzoneClusterImpl-5793c448-5931-4119-8416-4c480dda9cd0/datanode-5/data/ratis/4363aa6a-576b-4364-8349-1ce661b5be22] INFO  segmented.SegmentedRaftLogWorker (SegmentedRaftLogWorker.java:execute(569)) - 7098809c-b562-4a8a-ae10-ebee9eb441f0-SegmentedRaftLogWorker:Storage Directory /workdir/hadoop-ozone/integration-test/target/test-dir/MiniOzoneClusterImpl-5793c448-5931-4119-8416-4c480dda9cd0/datanode-5/data/ratis/4363aa6a-576b-4364-8349-1ce661b5be22: created new log segment /workdir/hadoop-ozone/integration-test/target/test-dir/MiniOzoneClusterImpl-5793c448-5931-4119-8416-4c480dda9cd0/datanode-5/data/ratis/4363aa6a-576b-4364-8349-1ce661b5be22/current/log_inprogress_0
2019-09-01 05:42:08,730 [33c85cdb-b84c-478c-bf87-ba5fca0e584d:group-3D63AEBF48FE:LeaderElection60] INFO  impl.LeaderElection (LeaderElection.java:askForVotes(181)) - 33c85cdb-b84c-478c-bf87-ba5fca0e584d:group-3D63AEBF48FE:LeaderElection60: begin an election at term 1 for -1: [33c85cdb-b84c-478c-bf87-ba5fca0e584d:192.168.36.91:39248, 4f9fb466-3d6c-4064-8357-5bf349958387:192.168.36.91:33208, 347d3a05-4419-419b-98aa-931b8b5cf3bf:192.168.36.91:41604], old=null
2019-09-01 05:42:08,747 [grpc-default-executor-5] INFO  impl.RaftServerImpl (RaftServerImpl.java:setRole(171)) - 347d3a05-4419-419b-98aa-931b8b5cf3bf:group-3D63AEBF48FE changes role from FOLLOWER to FOLLOWER at term 1 for recognizeCandidate:33c85cdb-b84c-478c-bf87-ba5fca0e584d
2019-09-01 05:42:08,747 [grpc-default-executor-2] INFO  impl.RaftServerImpl (RaftServerImpl.java:setRole(171)) - 4f9fb466-3d6c-4064-8357-5bf349958387:group-3D63AEBF48FE changes role from FOLLOWER to FOLLOWER at term 1 for recognizeCandidate:33c85cdb-b84c-478c-bf87-ba5fca0e584d
2019-09-01 05:42:08,747 [grpc-default-executor-5] INFO  impl.RoleInfo (RoleInfo.java:shutdownFollowerState(121)) - 347d3a05-4419-419b-98aa-931b8b5cf3bf: shutdown FollowerState
2019-09-01 05:42:08,747 [grpc-default-executor-2] INFO  impl.RoleInfo (RoleInfo.java:shutdownFollowerState(121)) - 4f9fb466-3d6c-4064-8357-5bf349958387: shutdown FollowerState
2019-09-01 05:42:08,747 [Thread-2437] INFO  impl.FollowerState (FollowerState.java:run(114)) - 347d3a05-4419-419b-98aa-931b8b5cf3bf: FollowerState was interrupted: java.lang.InterruptedException: sleep interrupted
2019-09-01 05:42:08,747 [grpc-default-executor-5] INFO  impl.RoleInfo (RoleInfo.java:updateAndGet(143)) - 347d3a05-4419-419b-98aa-931b8b5cf3bf: start FollowerState
2019-09-01 05:42:08,747 [Thread-2436] INFO  impl.FollowerState (FollowerState.java:run(114)) - 4f9fb466-3d6c-4064-8357-5bf349958387: FollowerState was interrupted: java.lang.InterruptedException: sleep interrupted
2019-09-01 05:42:08,747 [grpc-default-executor-2] INFO  impl.RoleInfo (RoleInfo.java:updateAndGet(143)) - 4f9fb466-3d6c-4064-8357-5bf349958387: start FollowerState
2019-09-01 05:42:08,764 [069b4c9a-be92-48c5-a953-5202f2b9bb94-SegmentedRaftLogWorker:Storage Directory /workdir/hadoop-ozone/integration-test/target/test-dir/MiniOzoneClusterImpl-5793c448-5931-4119-8416-4c480dda9cd0/datanode-6/data/ratis/14787771-edc4-4054-8c37-feb423157b5a] INFO  segmented.SegmentedRaftLogWorker (SegmentedRaftLogWorker.java:execute(569)) - 069b4c9a-be92-48c5-a953-5202f2b9bb94-SegmentedRaftLogWorker:Storage Directory /workdir/hadoop-ozone/integration-test/target/test-dir/MiniOzoneClusterImpl-5793c448-5931-4119-8416-4c480dda9cd0/datanode-6/data/ratis/14787771-edc4-4054-8c37-feb423157b5a: created new log segment /workdir/hadoop-ozone/integration-test/target/test-dir/MiniOzoneClusterImpl-5793c448-5931-4119-8416-4c480dda9cd0/datanode-6/data/ratis/14787771-edc4-4054-8c37-feb423157b5a/current/log_inprogress_0
2019-09-01 05:42:08,764 [33c85cdb-b84c-478c-bf87-ba5fca0e584d:group-3D63AEBF48FE:LeaderElection60] INFO  impl.LeaderElection (LeaderElection.java:logAndReturn(56)) - 33c85cdb-b84c-478c-bf87-ba5fca0e584d:group-3D63AEBF48FE:LeaderElection60: Election PASSED; received 1 response(s) [33c85cdb-b84c-478c-bf87-ba5fca0e584d<-347d3a05-4419-419b-98aa-931b8b5cf3bf#0:OK-t1] and 0 exception(s); 33c85cdb-b84c-478c-bf87-ba5fca0e584d:t1, leader=null, voted=33c85cdb-b84c-478c-bf87-ba5fca0e584d, raftlog=33c85cdb-b84c-478c-bf87-ba5fca0e584d-SegmentedRaftLog:OPENED:c-1,f-1,i0, conf=-1: [33c85cdb-b84c-478c-bf87-ba5fca0e584d:192.168.36.91:39248, 4f9fb466-3d6c-4064-8357-5bf349958387:192.168.36.91:33208, 347d3a05-4419-419b-98aa-931b8b5cf3bf:192.168.36.91:41604], old=null
2019-09-01 05:42:08,764 [33c85cdb-b84c-478c-bf87-ba5fca0e584d:group-3D63AEBF48FE:LeaderElection60] INFO  impl.RoleInfo (RoleInfo.java:shutdownLeaderElection(134)) - 33c85cdb-b84c-478c-bf87-ba5fca0e584d: shutdown LeaderElection
2019-09-01 05:42:08,765 [33c85cdb-b84c-478c-bf87-ba5fca0e584d:group-3D63AEBF48FE:LeaderElection60] INFO  impl.RaftServerImpl (RaftServerImpl.java:setRole(171)) - 33c85cdb-b84c-478c-bf87-ba5fca0e584d:group-3D63AEBF48FE changes role from CANDIDATE to LEADER at term 1 for changeToLeader
2019-09-01 05:42:08,765 [33c85cdb-b84c-478c-bf87-ba5fca0e584d:group-3D63AEBF48FE:LeaderElection60] INFO  impl.RaftServerImpl (ServerState.java:setLeader(263)) - 33c85cdb-b84c-478c-bf87-ba5fca0e584d:group-3D63AEBF48FE change Leader from null to 33c85cdb-b84c-478c-bf87-ba5fca0e584d at term 1 for becomeLeader, leader elected after 5115ms
2019-09-01 05:42:08,765 [33c85cdb-b84c-478c-bf87-ba5fca0e584d:group-3D63AEBF48FE:LeaderElection60] INFO  server.RaftServerConfigKeys (ConfUtils.java:logGet(43)) - raft.server.staging.catchup.gap = 1000 (default)
2019-09-01 05:42:08,765 [33c85cdb-b84c-478c-bf87-ba5fca0e584d:group-3D63AEBF48FE:LeaderElection60] INFO  server.RaftServerConfigKeys (ConfUtils.java:logGet(43)) - raft.server.rpc.sleep.time = 25ms (default)
2019-09-01 05:42:08,765 [33c85cdb-b84c-478c-bf87-ba5fca0e584d:group-3D63AEBF48FE:LeaderElection60] INFO  server.RaftServerConfigKeys (ConfUtils.java:logGet(43)) - raft.server.write.element-limit = 4096 (default)
2019-09-01 05:42:08,765 [33c85cdb-b84c-478c-bf87-ba5fca0e584d:group-3D63AEBF48FE:LeaderElection60] INFO  server.RaftServerConfigKeys (ConfUtils.java:logGet(43)) - raft.server.watch.timeout = 10s (default)
2019-09-01 05:42:08,765 [33c85cdb-b84c-478c-bf87-ba5fca0e584d:group-3D63AEBF48FE:LeaderElection60] INFO  server.RaftServerConfigKeys (ConfUtils.java:logGet(43)) - raft.server.watch.timeout.denomination = 1s (default)
2019-09-01 05:42:08,765 [33c85cdb-b84c-478c-bf87-ba5fca0e584d:group-3D63AEBF48FE:LeaderElection60] INFO  server.RaftServerConfigKeys (ConfUtils.java:logGet(43)) - raft.server.watch.element-limit = 65536 (default)
2019-09-01 05:42:08,765 [33c85cdb-b84c-478c-bf87-ba5fca0e584d:group-3D63AEBF48FE:LeaderElection60] INFO  server.RaftServerConfigKeys (ConfUtils.java:logGet(43)) - raft.server.log.appender.snapshot.chunk.size.max = 16MB (=16777216) (default)
2019-09-01 05:42:08,766 [33c85cdb-b84c-478c-bf87-ba5fca0e584d:group-3D63AEBF48FE:LeaderElection60] INFO  server.RaftServerConfigKeys (ConfUtils.java:logGet(43)) - raft.server.log.appender.buffer.byte-limit = 33554432 (custom)
2019-09-01 05:42:08,766 [33c85cdb-b84c-478c-bf87-ba5fca0e584d:group-3D63AEBF48FE:LeaderElection60] INFO  server.RaftServerConfigKeys (ConfUtils.java:logGet(43)) - raft.server.log.appender.buffer.element-limit = 1 (custom)
2019-09-01 05:42:08,766 [33c85cdb-b84c-478c-bf87-ba5fca0e584d:group-3D63AEBF48FE:LeaderElection60] INFO  grpc.GrpcConfigKeys$Server (ConfUtils.java:logGet(43)) - raft.grpc.server.leader.outstanding.appends.max = 128 (default)
2019-09-01 05:42:08,766 [33c85cdb-b84c-478c-bf87-ba5fca0e584d:group-3D63AEBF48FE:LeaderElection60] INFO  server.RaftServerConfigKeys (ConfUtils.java:logGet(43)) - raft.server.rpc.request.timeout = 3000ms (default)
2019-09-01 05:42:08,766 [33c85cdb-b84c-478c-bf87-ba5fca0e584d:group-3D63AEBF48FE:LeaderElection60] INFO  server.RaftServerConfigKeys (ConfUtils.java:logGet(43)) - raft.server.log.appender.install.snapshot.enabled = false (custom)
2019-09-01 05:42:08,766 [33c85cdb-b84c-478c-bf87-ba5fca0e584d:group-3D63AEBF48FE:LeaderElection60] INFO  server.RaftServerConfigKeys (ConfUtils.java:logGet(43)) - raft.server.log.appender.snapshot.chunk.size.max = 16MB (=16777216) (default)
2019-09-01 05:42:08,766 [33c85cdb-b84c-478c-bf87-ba5fca0e584d:group-3D63AEBF48FE:LeaderElection60] INFO  server.RaftServerConfigKeys (ConfUtils.java:logGet(43)) - raft.server.log.appender.buffer.byte-limit = 33554432 (custom)
2019-09-01 05:42:08,766 [33c85cdb-b84c-478c-bf87-ba5fca0e584d:group-3D63AEBF48FE:LeaderElection60] INFO  server.RaftServerConfigKeys (ConfUtils.java:logGet(43)) - raft.server.log.appender.buffer.element-limit = 1 (custom)
2019-09-01 05:42:08,767 [33c85cdb-b84c-478c-bf87-ba5fca0e584d:group-3D63AEBF48FE:LeaderElection60] INFO  grpc.GrpcConfigKeys$Server (ConfUtils.java:logGet(43)) - raft.grpc.server.leader.outstanding.appends.max = 128 (default)
2019-09-01 05:42:08,767 [33c85cdb-b84c-478c-bf87-ba5fca0e584d:group-3D63AEBF48FE:LeaderElection60] INFO  server.RaftServerConfigKeys (ConfUtils.java:logGet(43)) - raft.server.rpc.request.timeout = 3000ms (default)
2019-09-01 05:42:08,767 [33c85cdb-b84c-478c-bf87-ba5fca0e584d:group-3D63AEBF48FE:LeaderElection60] INFO  server.RaftServerConfigKeys (ConfUtils.java:logGet(43)) - raft.server.log.appender.install.snapshot.enabled = false (custom)
2019-09-01 05:42:08,767 [33c85cdb-b84c-478c-bf87-ba5fca0e584d:group-3D63AEBF48FE:LeaderElection60] INFO  impl.RoleInfo (RoleInfo.java:updateAndGet(143)) - 33c85cdb-b84c-478c-bf87-ba5fca0e584d: start LeaderState
2019-09-01 05:42:08,767 [33c85cdb-b84c-478c-bf87-ba5fca0e584d:group-3D63AEBF48FE:LeaderElection60] INFO  segmented.SegmentedRaftLogWorker (SegmentedRaftLogWorker.java:startLogSegment(380)) - 33c85cdb-b84c-478c-bf87-ba5fca0e584d-SegmentedRaftLogWorker:Storage Directory /workdir/hadoop-ozone/integration-test/target/test-dir/MiniOzoneClusterImpl-5793c448-5931-4119-8416-4c480dda9cd0/datanode-2/data/ratis/27e53591-6560-41a2-8ccc-3d63aebf48fe: Starting segment from index:0
2019-09-01 05:42:08,768 [33c85cdb-b84c-478c-bf87-ba5fca0e584d:group-3D63AEBF48FE:LeaderElection60] INFO  impl.RaftServerImpl (ServerState.java:setRaftConf(361)) - 33c85cdb-b84c-478c-bf87-ba5fca0e584d:group-3D63AEBF48FE set configuration 0: [33c85cdb-b84c-478c-bf87-ba5fca0e584d:192.168.36.91:39248, 4f9fb466-3d6c-4064-8357-5bf349958387:192.168.36.91:33208, 347d3a05-4419-419b-98aa-931b8b5cf3bf:192.168.36.91:41604], old=null at 0
2019-09-01 05:42:08,769 [grpc-default-executor-5] INFO  impl.RaftServerImpl (ServerState.java:setLeader(263)) - 347d3a05-4419-419b-98aa-931b8b5cf3bf:group-3D63AEBF48FE change Leader from null to 33c85cdb-b84c-478c-bf87-ba5fca0e584d at term 1 for appendEntries, leader elected after 5119ms
2019-09-01 05:42:08,793 [grpc-default-executor-5] INFO  impl.RaftServerImpl (ServerState.java:setLeader(263)) - 4f9fb466-3d6c-4064-8357-5bf349958387:group-3D63AEBF48FE change Leader from null to 33c85cdb-b84c-478c-bf87-ba5fca0e584d at term 1 for appendEntries, leader elected after 5144ms
2019-09-01 05:42:08,795 [grpc-default-executor-5] INFO  impl.RaftServerImpl (ServerState.java:setRaftConf(361)) - 347d3a05-4419-419b-98aa-931b8b5cf3bf:group-3D63AEBF48FE set configuration 0: [33c85cdb-b84c-478c-bf87-ba5fca0e584d:192.168.36.91:39248, 4f9fb466-3d6c-4064-8357-5bf349958387:192.168.36.91:33208, 347d3a05-4419-419b-98aa-931b8b5cf3bf:192.168.36.91:41604], old=null at 0
2019-09-01 05:42:08,795 [grpc-default-executor-5] INFO  segmented.SegmentedRaftLogWorker (SegmentedRaftLogWorker.java:startLogSegment(380)) - 347d3a05-4419-419b-98aa-931b8b5cf3bf-SegmentedRaftLogWorker:Storage Directory /workdir/hadoop-ozone/integration-test/target/test-dir/MiniOzoneClusterImpl-5793c448-5931-4119-8416-4c480dda9cd0/datanode-3/data/ratis/27e53591-6560-41a2-8ccc-3d63aebf48fe: Starting segment from index:0
2019-09-01 05:42:08,795 [grpc-default-executor-2] INFO  impl.RaftServerImpl (ServerState.java:setRaftConf(361)) - 4f9fb466-3d6c-4064-8357-5bf349958387:group-3D63AEBF48FE set configuration 0: [33c85cdb-b84c-478c-bf87-ba5fca0e584d:192.168.36.91:39248, 4f9fb466-3d6c-4064-8357-5bf349958387:192.168.36.91:33208, 347d3a05-4419-419b-98aa-931b8b5cf3bf:192.168.36.91:41604], old=null at 0
2019-09-01 05:42:08,795 [grpc-default-executor-2] INFO  segmented.SegmentedRaftLogWorker (SegmentedRaftLogWorker.java:startLogSegment(380)) - 4f9fb466-3d6c-4064-8357-5bf349958387-SegmentedRaftLogWorker:Storage Directory /workdir/hadoop-ozone/integration-test/target/test-dir/MiniOzoneClusterImpl-5793c448-5931-4119-8416-4c480dda9cd0/datanode-1/data/ratis/27e53591-6560-41a2-8ccc-3d63aebf48fe: Starting segment from index:0
2019-09-01 05:42:08,814 [33c85cdb-b84c-478c-bf87-ba5fca0e584d-SegmentedRaftLogWorker:Storage Directory /workdir/hadoop-ozone/integration-test/target/test-dir/MiniOzoneClusterImpl-5793c448-5931-4119-8416-4c480dda9cd0/datanode-2/data/ratis/27e53591-6560-41a2-8ccc-3d63aebf48fe] INFO  segmented.SegmentedRaftLogWorker (SegmentedRaftLogWorker.java:execute(569)) - 33c85cdb-b84c-478c-bf87-ba5fca0e584d-SegmentedRaftLogWorker:Storage Directory /workdir/hadoop-ozone/integration-test/target/test-dir/MiniOzoneClusterImpl-5793c448-5931-4119-8416-4c480dda9cd0/datanode-2/data/ratis/27e53591-6560-41a2-8ccc-3d63aebf48fe: created new log segment /workdir/hadoop-ozone/integration-test/target/test-dir/MiniOzoneClusterImpl-5793c448-5931-4119-8416-4c480dda9cd0/datanode-2/data/ratis/27e53591-6560-41a2-8ccc-3d63aebf48fe/current/log_inprogress_0
2019-09-01 05:42:08,839 [347d3a05-4419-419b-98aa-931b8b5cf3bf-SegmentedRaftLogWorker:Storage Directory /workdir/hadoop-ozone/integration-test/target/test-dir/MiniOzoneClusterImpl-5793c448-5931-4119-8416-4c480dda9cd0/datanode-3/data/ratis/27e53591-6560-41a2-8ccc-3d63aebf48fe] INFO  segmented.SegmentedRaftLogWorker (SegmentedRaftLogWorker.java:execute(569)) - 347d3a05-4419-419b-98aa-931b8b5cf3bf-SegmentedRaftLogWorker:Storage Directory /workdir/hadoop-ozone/integration-test/target/test-dir/MiniOzoneClusterImpl-5793c448-5931-4119-8416-4c480dda9cd0/datanode-3/data/ratis/27e53591-6560-41a2-8ccc-3d63aebf48fe: created new log segment /workdir/hadoop-ozone/integration-test/target/test-dir/MiniOzoneClusterImpl-5793c448-5931-4119-8416-4c480dda9cd0/datanode-3/data/ratis/27e53591-6560-41a2-8ccc-3d63aebf48fe/current/log_inprogress_0
2019-09-01 05:42:08,839 [4f9fb466-3d6c-4064-8357-5bf349958387-SegmentedRaftLogWorker:Storage Directory /workdir/hadoop-ozone/integration-test/target/test-dir/MiniOzoneClusterImpl-5793c448-5931-4119-8416-4c480dda9cd0/datanode-1/data/ratis/27e53591-6560-41a2-8ccc-3d63aebf48fe] INFO  segmented.SegmentedRaftLogWorker (SegmentedRaftLogWorker.java:execute(569)) - 4f9fb466-3d6c-4064-8357-5bf349958387-SegmentedRaftLogWorker:Storage Directory /workdir/hadoop-ozone/integration-test/target/test-dir/MiniOzoneClusterImpl-5793c448-5931-4119-8416-4c480dda9cd0/datanode-1/data/ratis/27e53591-6560-41a2-8ccc-3d63aebf48fe: created new log segment /workdir/hadoop-ozone/integration-test/target/test-dir/MiniOzoneClusterImpl-5793c448-5931-4119-8416-4c480dda9cd0/datanode-1/data/ratis/27e53591-6560-41a2-8ccc-3d63aebf48fe/current/log_inprogress_0
2019-09-01 05:42:09,097 [grpc-default-executor-2] INFO  client.GrpcClientProtocolClient (GrpcClientProtocolClient.java:onNext(255)) - client-A40567C845B8->624fda4c-503f-4d7b-9536-707723049ff7: receive RaftClientReply:client-A40567C845B8->624fda4c-503f-4d7b-9536-707723049ff7@group-1CE661B5BE22, cid=103, FAILED org.apache.ratis.protocol.NotLeaderException: Server 624fda4c-503f-4d7b-9536-707723049ff7 is not the leader (118ead1c-3dd0-4d18-b1c5-69ccbf52f2b4:192.168.36.91:39313). Request must be sent to leader., logIndex=0, commits[624fda4c-503f-4d7b-9536-707723049ff7:c-1, 118ead1c-3dd0-4d18-b1c5-69ccbf52f2b4:c-1, 7098809c-b562-4a8a-ae10-ebee9eb441f0:c-1]
2019-09-01 05:42:09,260 [grpc-default-executor-2] INFO  client.GrpcClientProtocolClient (GrpcClientProtocolClient.java:onNext(255)) - client-A40567C845B8->118ead1c-3dd0-4d18-b1c5-69ccbf52f2b4: receive RaftClientReply:client-A40567C845B8->118ead1c-3dd0-4d18-b1c5-69ccbf52f2b4@group-1CE661B5BE22, cid=103, SUCCESS, logIndex=1, commits[118ead1c-3dd0-4d18-b1c5-69ccbf52f2b4:c2, 7098809c-b562-4a8a-ae10-ebee9eb441f0:c1, 624fda4c-503f-4d7b-9536-707723049ff7:c1]
2019-09-01 05:42:10,257 [Datanode State Machine Thread - 0] INFO  statemachine.DatanodeStateMachine (DatanodeStateMachine.java:lambda$startDaemon$0(350)) - Ozone container server started.
2019-09-01 05:42:14,261 [main] INFO  ozoneimpl.OzoneContainer (OzoneContainer.java:stop(215)) - Attempting to stop container services.
2019-09-01 05:42:14,262 [main] INFO  impl.RaftServerProxy (RaftServerProxy.java:lambda$close$4(314)) - 118ead1c-3dd0-4d18-b1c5-69ccbf52f2b4: close
2019-09-01 05:42:14,262 [main] INFO  impl.RaftServerImpl (RaftServerImpl.java:lambda$shutdown$3(245)) - 118ead1c-3dd0-4d18-b1c5-69ccbf52f2b4: shutdown group-1CE661B5BE22
2019-09-01 05:42:14,262 [main] INFO  util.JmxRegister (JmxRegister.java:unregister(73)) - Successfully un-registered JMX Bean with object name Ratis:service=RaftServer,group=group-1CE661B5BE22,id=118ead1c-3dd0-4d18-b1c5-69ccbf52f2b4
2019-09-01 05:42:14,263 [main] INFO  impl.RoleInfo (RoleInfo.java:shutdownLeaderState(104)) - 118ead1c-3dd0-4d18-b1c5-69ccbf52f2b4: shutdown LeaderState
2019-09-01 05:42:14,273 [main] INFO  impl.PendingRequests (PendingRequests.java:sendNotLeaderResponses(202)) - 118ead1c-3dd0-4d18-b1c5-69ccbf52f2b4-PendingRequests: sendNotLeaderResponses
2019-09-01 05:42:14,273 [org.apache.ratis.server.impl.LogAppender$AppenderDaemon$$Lambda$542/1713351435@63b7c953] WARN  server.GrpcLogAppender (GrpcLogAppender.java:mayWait(143)) - GrpcLogAppender(118ead1c-3dd0-4d18-b1c5-69ccbf52f2b4->7098809c-b562-4a8a-ae10-ebee9eb441f0): Wait interrupted by java.lang.InterruptedException
2019-09-01 05:42:14,273 [org.apache.ratis.server.impl.LogAppender$AppenderDaemon$$Lambda$542/1713351435@26b54b41] WARN  server.GrpcLogAppender (GrpcLogAppender.java:mayWait(143)) - GrpcLogAppender(118ead1c-3dd0-4d18-b1c5-69ccbf52f2b4->624fda4c-503f-4d7b-9536-707723049ff7): Wait interrupted by java.lang.InterruptedException
2019-09-01 05:42:14,281 [main] INFO  impl.StateMachineUpdater (StateMachineUpdater.java:stopAndJoin(115)) - StateMachineUpdater:118ead1c-3dd0-4d18-b1c5-69ccbf52f2b4:group-1CE661B5BE22: set stopIndex = 2
2019-09-01 05:42:14,281 [StateMachineUpdater:118ead1c-3dd0-4d18-b1c5-69ccbf52f2b4:group-1CE661B5BE22] INFO  ratis.ContainerStateMachine (ContainerStateMachine.java:takeSnapshot(284)) - group-1CE661B5BE22: Taking a snapshot at:(t:1, i:2) file /workdir/hadoop-ozone/integration-test/target/test-dir/MiniOzoneClusterImpl-5793c448-5931-4119-8416-4c480dda9cd0/datanode-0/data/ratis/4363aa6a-576b-4364-8349-1ce661b5be22/sm/snapshot.1_2
2019-09-01 05:42:14,282 [grpc-default-executor-5] INFO  server.GrpcServerProtocolService (GrpcServerProtocolService.java:onCompleted(104)) - 7098809c-b562-4a8a-ae10-ebee9eb441f0: appendEntries completed
2019-09-01 05:42:14,282 [grpc-default-executor-2] INFO  server.GrpcServerProtocolService (GrpcServerProtocolService.java:onCompleted(104)) - 624fda4c-503f-4d7b-9536-707723049ff7: appendEntries completed
2019-09-01 05:42:14,282 [grpc-default-executor-5] INFO  server.GrpcLogAppender (GrpcLogAppender.java:onCompleted(292)) - 118ead1c-3dd0-4d18-b1c5-69ccbf52f2b4->7098809c-b562-4a8a-ae10-ebee9eb441f0: follower responses appendEntries COMPLETED
2019-09-01 05:42:14,282 [grpc-default-executor-2] INFO  server.GrpcLogAppender (GrpcLogAppender.java:onCompleted(292)) - 118ead1c-3dd0-4d18-b1c5-69ccbf52f2b4->624fda4c-503f-4d7b-9536-707723049ff7: follower responses appendEntries COMPLETED
2019-09-01 05:42:14,283 [grpc-default-executor-5] INFO  impl.FollowerInfo (FollowerInfo.java:lambda$new$0(50)) - 118ead1c-3dd0-4d18-b1c5-69ccbf52f2b4->7098809c-b562-4a8a-ae10-ebee9eb441f0: nextIndex: updateUnconditionally 3 -> 2
2019-09-01 05:42:14,283 [grpc-default-executor-2] INFO  impl.FollowerInfo (FollowerInfo.java:lambda$new$0(50)) - 118ead1c-3dd0-4d18-b1c5-69ccbf52f2b4->624fda4c-503f-4d7b-9536-707723049ff7: nextIndex: updateUnconditionally 3 -> 2
2019-09-01 05:42:14,294 [StateMachineUpdater:118ead1c-3dd0-4d18-b1c5-69ccbf52f2b4:group-1CE661B5BE22] INFO  ratis.ContainerStateMachine (ContainerStateMachine.java:takeSnapshot(295)) - group-1CE661B5BE22: Finished taking a snapshot at:(t:1, i:2) file:/workdir/hadoop-ozone/integration-test/target/test-dir/MiniOzoneClusterImpl-5793c448-5931-4119-8416-4c480dda9cd0/datanode-0/data/ratis/4363aa6a-576b-4364-8349-1ce661b5be22/sm/snapshot.1_2 time:13
2019-09-01 05:42:14,294 [StateMachineUpdater:118ead1c-3dd0-4d18-b1c5-69ccbf52f2b4:group-1CE661B5BE22] INFO  impl.StateMachineUpdater (StateMachineUpdater.java:takeSnapshot(242)) - StateMachineUpdater:118ead1c-3dd0-4d18-b1c5-69ccbf52f2b4:group-1CE661B5BE22: Took a snapshot at index 2
2019-09-01 05:42:14,294 [StateMachineUpdater:118ead1c-3dd0-4d18-b1c5-69ccbf52f2b4:group-1CE661B5BE22] INFO  impl.StateMachineUpdater (StateMachineUpdater.java:lambda$new$0(80)) - StateMachineUpdater:118ead1c-3dd0-4d18-b1c5-69ccbf52f2b4:group-1CE661B5BE22: snapshotIndex: updateIncreasingly -1 -> 2
2019-09-01 05:42:14,295 [main] INFO  impl.RaftServerImpl (ServerState.java:close(394)) - 118ead1c-3dd0-4d18-b1c5-69ccbf52f2b4:group-1CE661B5BE22 closes. The last applied log index is 2
2019-09-01 05:42:14,295 [118ead1c-3dd0-4d18-b1c5-69ccbf52f2b4-SegmentedRaftLogWorker:Storage Directory /workdir/hadoop-ozone/integration-test/target/test-dir/MiniOzoneClusterImpl-5793c448-5931-4119-8416-4c480dda9cd0/datanode-0/data/ratis/4363aa6a-576b-4364-8349-1ce661b5be22] INFO  segmented.SegmentedRaftLogWorker (SegmentedRaftLogWorker.java:run(313)) - 118ead1c-3dd0-4d18-b1c5-69ccbf52f2b4-SegmentedRaftLogWorker:Storage Directory /workdir/hadoop-ozone/integration-test/target/test-dir/MiniOzoneClusterImpl-5793c448-5931-4119-8416-4c480dda9cd0/datanode-0/data/ratis/4363aa6a-576b-4364-8349-1ce661b5be22 was interrupted, exiting. There are 0 tasks remaining in the queue.
2019-09-01 05:42:14,297 [main] INFO  segmented.SegmentedRaftLogWorker (SegmentedRaftLogWorker.java:close(228)) - 118ead1c-3dd0-4d18-b1c5-69ccbf52f2b4-SegmentedRaftLogWorker:Storage Directory /workdir/hadoop-ozone/integration-test/target/test-dir/MiniOzoneClusterImpl-5793c448-5931-4119-8416-4c480dda9cd0/datanode-0/data/ratis/4363aa6a-576b-4364-8349-1ce661b5be22 close()
2019-09-01 05:42:14,301 [main] INFO  impl.RaftServerImpl (RaftServerImpl.java:lambda$shutdown$3(245)) - 118ead1c-3dd0-4d18-b1c5-69ccbf52f2b4: shutdown group-AD0E37B2D344
2019-09-01 05:42:14,301 [main] INFO  util.JmxRegister (JmxRegister.java:unregister(73)) - Successfully un-registered JMX Bean with object name Ratis:service=RaftServer,group=group-AD0E37B2D344,id=118ead1c-3dd0-4d18-b1c5-69ccbf52f2b4
2019-09-01 05:42:14,301 [main] INFO  impl.RoleInfo (RoleInfo.java:shutdownLeaderState(104)) - 118ead1c-3dd0-4d18-b1c5-69ccbf52f2b4: shutdown LeaderState
2019-09-01 05:42:14,302 [main] INFO  impl.PendingRequests (PendingRequests.java:sendNotLeaderResponses(202)) - 118ead1c-3dd0-4d18-b1c5-69ccbf52f2b4-PendingRequests: sendNotLeaderResponses
2019-09-01 05:42:14,302 [main] INFO  impl.StateMachineUpdater (StateMachineUpdater.java:stopAndJoin(115)) - StateMachineUpdater:118ead1c-3dd0-4d18-b1c5-69ccbf52f2b4:group-AD0E37B2D344: set stopIndex = 0
2019-09-01 05:42:14,302 [main] INFO  impl.RaftServerImpl (ServerState.java:close(394)) - 118ead1c-3dd0-4d18-b1c5-69ccbf52f2b4:group-AD0E37B2D344 closes. The last applied log index is 0
2019-09-01 05:42:14,302 [118ead1c-3dd0-4d18-b1c5-69ccbf52f2b4-SegmentedRaftLogWorker:Storage Directory /workdir/hadoop-ozone/integration-test/target/test-dir/MiniOzoneClusterImpl-5793c448-5931-4119-8416-4c480dda9cd0/datanode-0/data/ratis/ecf18bc6-87bd-4d76-bfdb-ad0e37b2d344] INFO  segmented.SegmentedRaftLogWorker (SegmentedRaftLogWorker.java:run(313)) - 118ead1c-3dd0-4d18-b1c5-69ccbf52f2b4-SegmentedRaftLogWorker:Storage Directory /workdir/hadoop-ozone/integration-test/target/test-dir/MiniOzoneClusterImpl-5793c448-5931-4119-8416-4c480dda9cd0/datanode-0/data/ratis/ecf18bc6-87bd-4d76-bfdb-ad0e37b2d344 was interrupted, exiting. There are 0 tasks remaining in the queue.
2019-09-01 05:42:14,304 [main] INFO  segmented.SegmentedRaftLogWorker (SegmentedRaftLogWorker.java:close(228)) - 118ead1c-3dd0-4d18-b1c5-69ccbf52f2b4-SegmentedRaftLogWorker:Storage Directory /workdir/hadoop-ozone/integration-test/target/test-dir/MiniOzoneClusterImpl-5793c448-5931-4119-8416-4c480dda9cd0/datanode-0/data/ratis/ecf18bc6-87bd-4d76-bfdb-ad0e37b2d344 close()
2019-09-01 05:42:14,308 [main] INFO  server.GrpcService (GrpcService.java:closeImpl(155)) - 118ead1c-3dd0-4d18-b1c5-69ccbf52f2b4: shutdown server with port 39313 now
2019-09-01 05:42:14,309 [main] INFO  server.GrpcService (GrpcService.java:closeImpl(163)) - 118ead1c-3dd0-4d18-b1c5-69ccbf52f2b4: shutdown server with port 39313 successfully
2019-09-01 05:42:14,310 [refreshUsed-/workdir/hadoop-ozone/integration-test/target/test-dir/MiniOzoneClusterImpl-5793c448-5931-4119-8416-4c480dda9cd0/datanode-0/data/containers] WARN  fs.CachingGetSpaceUsed (CachingGetSpaceUsed.java:run(183)) - Thread Interrupted waiting to refresh disk information: sleep interrupted
2019-09-01 05:42:14,326 [main] INFO  utils.BackgroundService (BackgroundService.java:shutdown(148)) - Shutting down service BlockDeletingService
2019-09-01 05:42:14,331 [main] INFO  statemachine.DatanodeStateMachine (DatanodeStateMachine.java:stopDaemon(395)) - Ozone container server stopped.
2019-09-01 05:42:14,332 [main] INFO  handler.ContextHandler (ContextHandler.java:doStop(910)) - Stopped o.e.j.w.WebAppContext@5db948c9{/,null,UNAVAILABLE}{/hddsDatanode}
2019-09-01 05:42:14,333 [main] INFO  server.AbstractConnector (AbstractConnector.java:doStop(318)) - Stopped ServerConnector@296edc75{HTTP/1.1,[http/1.1]}{0.0.0.0:0}
2019-09-01 05:42:14,333 [main] INFO  handler.ContextHandler (ContextHandler.java:doStop(910)) - Stopped o.e.j.s.ServletContextHandler@31a136a6{/static,jar:file:/home/user/.m2/repository/org/apache/hadoop/hadoop-hdds-container-service/0.5.0-SNAPSHOT/hadoop-hdds-container-service-0.5.0-SNAPSHOT.jar!/webapps/static,UNAVAILABLE}
2019-09-01 05:42:14,334 [main] INFO  handler.ContextHandler (ContextHandler.java:doStop(910)) - Stopped o.e.j.s.ServletContextHandler@28a6e171{/logs,file:///workdir/hadoop-ozone/integration-test/target/log,UNAVAILABLE}
2019-09-01 05:42:16,347 [grpc-default-executor-5] INFO  client.GrpcClientProtocolClient (GrpcClientProtocolClient.java:onNext(255)) - client-A40567C845B8->624fda4c-503f-4d7b-9536-707723049ff7: receive RaftClientReply:client-A40567C845B8->624fda4c-503f-4d7b-9536-707723049ff7@group-1CE661B5BE22, cid=104, FAILED org.apache.ratis.protocol.NotLeaderException: Server 624fda4c-503f-4d7b-9536-707723049ff7 is not the leader (118ead1c-3dd0-4d18-b1c5-69ccbf52f2b4:192.168.36.91:39313). Request must be sent to leader., logIndex=0, commits[624fda4c-503f-4d7b-9536-707723049ff7:c2, 118ead1c-3dd0-4d18-b1c5-69ccbf52f2b4:c2, 7098809c-b562-4a8a-ae10-ebee9eb441f0:c2]
2019-09-01 05:42:17,358 [grpc-default-executor-7] INFO  client.GrpcClientProtocolClient (GrpcClientProtocolClient.java:onNext(255)) - client-A40567C845B8->7098809c-b562-4a8a-ae10-ebee9eb441f0: receive RaftClientReply:client-A40567C845B8->7098809c-b562-4a8a-ae10-ebee9eb441f0@group-1CE661B5BE22, cid=104, FAILED org.apache.ratis.protocol.NotLeaderException: Server 7098809c-b562-4a8a-ae10-ebee9eb441f0 is not the leader (118ead1c-3dd0-4d18-b1c5-69ccbf52f2b4:192.168.36.91:39313). Request must be sent to leader., logIndex=0, commits[7098809c-b562-4a8a-ae10-ebee9eb441f0:c2, 118ead1c-3dd0-4d18-b1c5-69ccbf52f2b4:c2, 624fda4c-503f-4d7b-9536-707723049ff7:c2]
2019-09-01 05:42:18,370 [grpc-default-executor-2] INFO  client.GrpcClientProtocolClient (GrpcClientProtocolClient.java:onNext(255)) - client-A40567C845B8->624fda4c-503f-4d7b-9536-707723049ff7: receive RaftClientReply:client-A40567C845B8->624fda4c-503f-4d7b-9536-707723049ff7@group-1CE661B5BE22, cid=104, FAILED org.apache.ratis.protocol.NotLeaderException: Server 624fda4c-503f-4d7b-9536-707723049ff7 is not the leader (118ead1c-3dd0-4d18-b1c5-69ccbf52f2b4:192.168.36.91:39313). Request must be sent to leader., logIndex=0, commits[624fda4c-503f-4d7b-9536-707723049ff7:c2, 118ead1c-3dd0-4d18-b1c5-69ccbf52f2b4:c2, 7098809c-b562-4a8a-ae10-ebee9eb441f0:c2]
2019-09-01 05:42:19,381 [grpc-default-executor-7] INFO  client.GrpcClientProtocolClient (GrpcClientProtocolClient.java:onNext(255)) - client-A40567C845B8->624fda4c-503f-4d7b-9536-707723049ff7: receive RaftClientReply:client-A40567C845B8->624fda4c-503f-4d7b-9536-707723049ff7@group-1CE661B5BE22, cid=104, FAILED org.apache.ratis.protocol.NotLeaderException: Server 624fda4c-503f-4d7b-9536-707723049ff7 is not the leader (118ead1c-3dd0-4d18-b1c5-69ccbf52f2b4:192.168.36.91:39313). Request must be sent to leader., logIndex=0, commits[624fda4c-503f-4d7b-9536-707723049ff7:c2, 118ead1c-3dd0-4d18-b1c5-69ccbf52f2b4:c2, 7098809c-b562-4a8a-ae10-ebee9eb441f0:c2]
2019-09-01 05:42:20,393 [grpc-default-executor-2] INFO  client.GrpcClientProtocolClient (GrpcClientProtocolClient.java:onNext(255)) - client-A40567C845B8->7098809c-b562-4a8a-ae10-ebee9eb441f0: receive RaftClientReply:client-A40567C845B8->7098809c-b562-4a8a-ae10-ebee9eb441f0@group-1CE661B5BE22, cid=104, FAILED org.apache.ratis.protocol.NotLeaderException: Server 7098809c-b562-4a8a-ae10-ebee9eb441f0 is not the leader (118ead1c-3dd0-4d18-b1c5-69ccbf52f2b4:192.168.36.91:39313). Request must be sent to leader., logIndex=0, commits[7098809c-b562-4a8a-ae10-ebee9eb441f0:c2, 118ead1c-3dd0-4d18-b1c5-69ccbf52f2b4:c2, 624fda4c-503f-4d7b-9536-707723049ff7:c2]
2019-09-01 05:42:21,405 [grpc-default-executor-7] INFO  client.GrpcClientProtocolClient (GrpcClientProtocolClient.java:onNext(255)) - client-A40567C845B8->7098809c-b562-4a8a-ae10-ebee9eb441f0: receive RaftClientReply:client-A40567C845B8->7098809c-b562-4a8a-ae10-ebee9eb441f0@group-1CE661B5BE22, cid=104, FAILED org.apache.ratis.protocol.NotLeaderException: Server 7098809c-b562-4a8a-ae10-ebee9eb441f0 is not the leader (118ead1c-3dd0-4d18-b1c5-69ccbf52f2b4:192.168.36.91:39313). Request must be sent to leader., logIndex=0, commits[7098809c-b562-4a8a-ae10-ebee9eb441f0:c2, 118ead1c-3dd0-4d18-b1c5-69ccbf52f2b4:c2, 624fda4c-503f-4d7b-9536-707723049ff7:c2]
2019-09-01 05:42:22,419 [grpc-default-executor-2] INFO  client.GrpcClientProtocolClient (GrpcClientProtocolClient.java:onNext(255)) - client-A40567C845B8->7098809c-b562-4a8a-ae10-ebee9eb441f0: receive RaftClientReply:client-A40567C845B8->7098809c-b562-4a8a-ae10-ebee9eb441f0@group-1CE661B5BE22, cid=104, FAILED org.apache.ratis.protocol.NotLeaderException: Server 7098809c-b562-4a8a-ae10-ebee9eb441f0 is not the leader (118ead1c-3dd0-4d18-b1c5-69ccbf52f2b4:192.168.36.91:39313). Request must be sent to leader., logIndex=0, commits[7098809c-b562-4a8a-ae10-ebee9eb441f0:c2, 118ead1c-3dd0-4d18-b1c5-69ccbf52f2b4:c2, 624fda4c-503f-4d7b-9536-707723049ff7:c2]
2019-09-01 05:42:23,433 [grpc-default-executor-7] INFO  client.GrpcClientProtocolClient (GrpcClientProtocolClient.java:onNext(255)) - client-A40567C845B8->7098809c-b562-4a8a-ae10-ebee9eb441f0: receive RaftClientReply:client-A40567C845B8->7098809c-b562-4a8a-ae10-ebee9eb441f0@group-1CE661B5BE22, cid=104, FAILED org.apache.ratis.protocol.NotLeaderException: Server 7098809c-b562-4a8a-ae10-ebee9eb441f0 is not the leader (118ead1c-3dd0-4d18-b1c5-69ccbf52f2b4:192.168.36.91:39313). Request must be sent to leader., logIndex=0, commits[7098809c-b562-4a8a-ae10-ebee9eb441f0:c2, 118ead1c-3dd0-4d18-b1c5-69ccbf52f2b4:c2, 624fda4c-503f-4d7b-9536-707723049ff7:c2]
2019-09-01 05:42:23,888 [Thread-2475] INFO  impl.FollowerState (FollowerState.java:run(106)) - 624fda4c-503f-4d7b-9536-707723049ff7:group-1CE661B5BE22 changes to CANDIDATE, lastRpcTime:9758, electionTimeout:5021ms
2019-09-01 05:42:23,889 [Thread-2475] INFO  impl.RoleInfo (RoleInfo.java:shutdownFollowerState(121)) - 624fda4c-503f-4d7b-9536-707723049ff7: shutdown FollowerState
2019-09-01 05:42:23,889 [Thread-2475] INFO  impl.RaftServerImpl (RaftServerImpl.java:setRole(171)) - 624fda4c-503f-4d7b-9536-707723049ff7:group-1CE661B5BE22 changes role from FOLLOWER to CANDIDATE at term 1 for changeToCandidate
2019-09-01 05:42:23,889 [Thread-2475] INFO  impl.RoleInfo (RoleInfo.java:updateAndGet(143)) - 624fda4c-503f-4d7b-9536-707723049ff7: start LeaderElection
2019-09-01 05:42:23,894 [624fda4c-503f-4d7b-9536-707723049ff7:group-1CE661B5BE22:LeaderElection61] INFO  impl.RaftServerImpl (ServerState.java:setLeader(263)) - 624fda4c-503f-4d7b-9536-707723049ff7:group-1CE661B5BE22 change Leader from 118ead1c-3dd0-4d18-b1c5-69ccbf52f2b4 to null at term 1 for initElection
2019-09-01 05:42:23,894 [Thread-2472] INFO  impl.FollowerState (FollowerState.java:run(106)) - 7098809c-b562-4a8a-ae10-ebee9eb441f0:group-1CE661B5BE22 changes to CANDIDATE, lastRpcTime:9777, electionTimeout:5114ms
2019-09-01 05:42:23,894 [Thread-2472] INFO  impl.RoleInfo (RoleInfo.java:shutdownFollowerState(121)) - 7098809c-b562-4a8a-ae10-ebee9eb441f0: shutdown FollowerState
2019-09-01 05:42:23,895 [Thread-2472] INFO  impl.RaftServerImpl (RaftServerImpl.java:setRole(171)) - 7098809c-b562-4a8a-ae10-ebee9eb441f0:group-1CE661B5BE22 changes role from FOLLOWER to CANDIDATE at term 1 for changeToCandidate
2019-09-01 05:42:23,895 [Thread-2472] INFO  impl.RoleInfo (RoleInfo.java:updateAndGet(143)) - 7098809c-b562-4a8a-ae10-ebee9eb441f0: start LeaderElection
2019-09-01 05:42:23,897 [7098809c-b562-4a8a-ae10-ebee9eb441f0:group-1CE661B5BE22:LeaderElection62] INFO  impl.RaftServerImpl (ServerState.java:setLeader(263)) - 7098809c-b562-4a8a-ae10-ebee9eb441f0:group-1CE661B5BE22 change Leader from 118ead1c-3dd0-4d18-b1c5-69ccbf52f2b4 to null at term 1 for initElection
2019-09-01 05:42:23,920 [7098809c-b562-4a8a-ae10-ebee9eb441f0:group-1CE661B5BE22:LeaderElection62] INFO  impl.LeaderElection (LeaderElection.java:askForVotes(181)) - 7098809c-b562-4a8a-ae10-ebee9eb441f0:group-1CE661B5BE22:LeaderElection62: begin an election at term 2 for 0: [118ead1c-3dd0-4d18-b1c5-69ccbf52f2b4:192.168.36.91:39313, 7098809c-b562-4a8a-ae10-ebee9eb441f0:192.168.36.91:43030, 624fda4c-503f-4d7b-9536-707723049ff7:192.168.36.91:46279], old=null
2019-09-01 05:42:23,920 [624fda4c-503f-4d7b-9536-707723049ff7:group-1CE661B5BE22:LeaderElection61] INFO  impl.LeaderElection (LeaderElection.java:askForVotes(181)) - 624fda4c-503f-4d7b-9536-707723049ff7:group-1CE661B5BE22:LeaderElection61: begin an election at term 2 for 0: [118ead1c-3dd0-4d18-b1c5-69ccbf52f2b4:192.168.36.91:39313, 7098809c-b562-4a8a-ae10-ebee9eb441f0:192.168.36.91:43030, 624fda4c-503f-4d7b-9536-707723049ff7:192.168.36.91:46279], old=null
2019-09-01 05:42:23,922 [624fda4c-503f-4d7b-9536-707723049ff7:group-1CE661B5BE22:LeaderElection61] INFO  impl.LeaderElection (LogUtils.java:infoOrTrace(149)) - 624fda4c-503f-4d7b-9536-707723049ff7:group-1CE661B5BE22:LeaderElection61 got exception when requesting votes: {}
java.util.concurrent.ExecutionException: org.apache.ratis.thirdparty.io.grpc.StatusRuntimeException: UNAVAILABLE: io exception
	at java.util.concurrent.FutureTask.report(FutureTask.java:122)
	at java.util.concurrent.FutureTask.get(FutureTask.java:192)
	at org.apache.ratis.server.impl.LeaderElection.waitForResults(LeaderElection.java:262)
	at org.apache.ratis.server.impl.LeaderElection.askForVotes(LeaderElection.java:200)
	at org.apache.ratis.server.impl.LeaderElection.run(LeaderElection.java:130)
	at java.lang.Thread.run(Thread.java:748)
Caused by: org.apache.ratis.thirdparty.io.grpc.StatusRuntimeException: UNAVAILABLE: io exception
	at org.apache.ratis.thirdparty.io.grpc.stub.ClientCalls.toStatusRuntimeException(ClientCalls.java:233)
	at org.apache.ratis.thirdparty.io.grpc.stub.ClientCalls.getUnchecked(ClientCalls.java:214)
	at org.apache.ratis.thirdparty.io.grpc.stub.ClientCalls.blockingUnaryCall(ClientCalls.java:139)
	at org.apache.ratis.proto.grpc.RaftServerProtocolServiceGrpc$RaftServerProtocolServiceBlockingStub.requestVote(RaftServerProtocolServiceGrpc.java:265)
	at org.apache.ratis.grpc.server.GrpcServerProtocolClient.requestVote(GrpcServerProtocolClient.java:83)
	at org.apache.ratis.grpc.server.GrpcService.requestVote(GrpcService.java:195)
	at org.apache.ratis.server.impl.LeaderElection.lambda$submitRequests$1(LeaderElection.java:237)
	at java.util.concurrent.FutureTask.run(FutureTask.java:266)
	at java.util.concurrent.Executors$RunnableAdapter.call(Executors.java:511)
	at java.util.concurrent.FutureTask.run(FutureTask.java:266)
	at java.util.concurrent.ThreadPoolExecutor.runWorker(ThreadPoolExecutor.java:1149)
	at java.util.concurrent.ThreadPoolExecutor$Worker.run(ThreadPoolExecutor.java:624)
	... 1 more
Caused by: org.apache.ratis.thirdparty.io.netty.channel.AbstractChannel$AnnotatedConnectException: Connection refused: /192.168.36.91:39313
	at sun.nio.ch.SocketChannelImpl.checkConnect(Native Method)
	at sun.nio.ch.SocketChannelImpl.finishConnect(SocketChannelImpl.java:717)
	at org.apache.ratis.thirdparty.io.netty.channel.socket.nio.NioSocketChannel.doFinishConnect(NioSocketChannel.java:327)
	at org.apache.ratis.thirdparty.io.netty.channel.nio.AbstractNioChannel$AbstractNioUnsafe.finishConnect(AbstractNioChannel.java:340)
	at org.apache.ratis.thirdparty.io.netty.channel.nio.NioEventLoop.processSelectedKey(NioEventLoop.java:632)
	at org.apache.ratis.thirdparty.io.netty.channel.nio.NioEventLoop.processSelectedKeysOptimized(NioEventLoop.java:579)
	at org.apache.ratis.thirdparty.io.netty.channel.nio.NioEventLoop.processSelectedKeys(NioEventLoop.java:496)
	at org.apache.ratis.thirdparty.io.netty.channel.nio.NioEventLoop.run(NioEventLoop.java:458)
	at org.apache.ratis.thirdparty.io.netty.util.concurrent.SingleThreadEventExecutor$5.run(SingleThreadEventExecutor.java:897)
	at org.apache.ratis.thirdparty.io.netty.util.concurrent.FastThreadLocalRunnable.run(FastThreadLocalRunnable.java:30)
	... 1 more
Caused by: java.net.ConnectException: Connection refused
	... 11 more
2019-09-01 05:42:23,922 [7098809c-b562-4a8a-ae10-ebee9eb441f0:group-1CE661B5BE22:LeaderElection62] INFO  impl.LeaderElection (LogUtils.java:infoOrTrace(149)) - 7098809c-b562-4a8a-ae10-ebee9eb441f0:group-1CE661B5BE22:LeaderElection62 got exception when requesting votes: {}
java.util.concurrent.ExecutionException: org.apache.ratis.thirdparty.io.grpc.StatusRuntimeException: UNAVAILABLE: io exception
	at java.util.concurrent.FutureTask.report(FutureTask.java:122)
	at java.util.concurrent.FutureTask.get(FutureTask.java:192)
	at org.apache.ratis.server.impl.LeaderElection.waitForResults(LeaderElection.java:262)
	at org.apache.ratis.server.impl.LeaderElection.askForVotes(LeaderElection.java:200)
	at org.apache.ratis.server.impl.LeaderElection.run(LeaderElection.java:130)
	at java.lang.Thread.run(Thread.java:748)
Caused by: org.apache.ratis.thirdparty.io.grpc.StatusRuntimeException: UNAVAILABLE: io exception
	at org.apache.ratis.thirdparty.io.grpc.stub.ClientCalls.toStatusRuntimeException(ClientCalls.java:233)
	at org.apache.ratis.thirdparty.io.grpc.stub.ClientCalls.getUnchecked(ClientCalls.java:214)
	at org.apache.ratis.thirdparty.io.grpc.stub.ClientCalls.blockingUnaryCall(ClientCalls.java:139)
	at org.apache.ratis.proto.grpc.RaftServerProtocolServiceGrpc$RaftServerProtocolServiceBlockingStub.requestVote(RaftServerProtocolServiceGrpc.java:265)
	at org.apache.ratis.grpc.server.GrpcServerProtocolClient.requestVote(GrpcServerProtocolClient.java:83)
	at org.apache.ratis.grpc.server.GrpcService.requestVote(GrpcService.java:195)
	at org.apache.ratis.server.impl.LeaderElection.lambda$submitRequests$1(LeaderElection.java:237)
	at java.util.concurrent.FutureTask.run(FutureTask.java:266)
	at java.util.concurrent.Executors$RunnableAdapter.call(Executors.java:511)
	at java.util.concurrent.FutureTask.run(FutureTask.java:266)
	at java.util.concurrent.ThreadPoolExecutor.runWorker(ThreadPoolExecutor.java:1149)
	at java.util.concurrent.ThreadPoolExecutor$Worker.run(ThreadPoolExecutor.java:624)
	... 1 more
Caused by: org.apache.ratis.thirdparty.io.netty.channel.AbstractChannel$AnnotatedConnectException: Connection refused: /192.168.36.91:39313
	at sun.nio.ch.SocketChannelImpl.checkConnect(Native Method)
	at sun.nio.ch.SocketChannelImpl.finishConnect(SocketChannelImpl.java:717)
	at org.apache.ratis.thirdparty.io.netty.channel.socket.nio.NioSocketChannel.doFinishConnect(NioSocketChannel.java:327)
	at org.apache.ratis.thirdparty.io.netty.channel.nio.AbstractNioChannel$AbstractNioUnsafe.finishConnect(AbstractNioChannel.java:340)
	at org.apache.ratis.thirdparty.io.netty.channel.nio.NioEventLoop.processSelectedKey(NioEventLoop.java:632)
	at org.apache.ratis.thirdparty.io.netty.channel.nio.NioEventLoop.processSelectedKeysOptimized(NioEventLoop.java:579)
	at org.apache.ratis.thirdparty.io.netty.channel.nio.NioEventLoop.processSelectedKeys(NioEventLoop.java:496)
	at org.apache.ratis.thirdparty.io.netty.channel.nio.NioEventLoop.run(NioEventLoop.java:458)
	at org.apache.ratis.thirdparty.io.netty.util.concurrent.SingleThreadEventExecutor$5.run(SingleThreadEventExecutor.java:897)
	at org.apache.ratis.thirdparty.io.netty.util.concurrent.FastThreadLocalRunnable.run(FastThreadLocalRunnable.java:30)
	... 1 more
Caused by: java.net.ConnectException: Connection refused
	... 11 more
2019-09-01 05:42:23,929 [624fda4c-503f-4d7b-9536-707723049ff7:group-1CE661B5BE22:LeaderElection61] INFO  impl.LeaderElection (LeaderElection.java:logAndReturn(56)) - 624fda4c-503f-4d7b-9536-707723049ff7:group-1CE661B5BE22:LeaderElection61: Election REJECTED; received 1 response(s) [624fda4c-503f-4d7b-9536-707723049ff7<-7098809c-b562-4a8a-ae10-ebee9eb441f0#0:FAIL-t2] and 1 exception(s); 624fda4c-503f-4d7b-9536-707723049ff7:t2, leader=null, voted=624fda4c-503f-4d7b-9536-707723049ff7, raftlog=624fda4c-503f-4d7b-9536-707723049ff7-SegmentedRaftLog:OPENED:c2,f2,i2, conf=0: [118ead1c-3dd0-4d18-b1c5-69ccbf52f2b4:192.168.36.91:39313, 7098809c-b562-4a8a-ae10-ebee9eb441f0:192.168.36.91:43030, 624fda4c-503f-4d7b-9536-707723049ff7:192.168.36.91:46279], old=null
2019-09-01 05:42:23,929 [624fda4c-503f-4d7b-9536-707723049ff7:group-1CE661B5BE22:LeaderElection61] INFO  impl.LeaderElection (LogUtils.java:infoOrTrace(149)) -   Exception 0: {}
java.util.concurrent.ExecutionException: org.apache.ratis.thirdparty.io.grpc.StatusRuntimeException: UNAVAILABLE: io exception
	at java.util.concurrent.FutureTask.report(FutureTask.java:122)
	at java.util.concurrent.FutureTask.get(FutureTask.java:192)
	at org.apache.ratis.server.impl.LeaderElection.waitForResults(LeaderElection.java:262)
	at org.apache.ratis.server.impl.LeaderElection.askForVotes(LeaderElection.java:200)
	at org.apache.ratis.server.impl.LeaderElection.run(LeaderElection.java:130)
	at java.lang.Thread.run(Thread.java:748)
Caused by: org.apache.ratis.thirdparty.io.grpc.StatusRuntimeException: UNAVAILABLE: io exception
	at org.apache.ratis.thirdparty.io.grpc.stub.ClientCalls.toStatusRuntimeException(ClientCalls.java:233)
	at org.apache.ratis.thirdparty.io.grpc.stub.ClientCalls.getUnchecked(ClientCalls.java:214)
	at org.apache.ratis.thirdparty.io.grpc.stub.ClientCalls.blockingUnaryCall(ClientCalls.java:139)
	at org.apache.ratis.proto.grpc.RaftServerProtocolServiceGrpc$RaftServerProtocolServiceBlockingStub.requestVote(RaftServerProtocolServiceGrpc.java:265)
	at org.apache.ratis.grpc.server.GrpcServerProtocolClient.requestVote(GrpcServerProtocolClient.java:83)
	at org.apache.ratis.grpc.server.GrpcService.requestVote(GrpcService.java:195)
	at org.apache.ratis.server.impl.LeaderElection.lambda$submitRequests$1(LeaderElection.java:237)
	at java.util.concurrent.FutureTask.run(FutureTask.java:266)
	at java.util.concurrent.Executors$RunnableAdapter.call(Executors.java:511)
	at java.util.concurrent.FutureTask.run(FutureTask.java:266)
	at java.util.concurrent.ThreadPoolExecutor.runWorker(ThreadPoolExecutor.java:1149)
	at java.util.concurrent.ThreadPoolExecutor$Worker.run(ThreadPoolExecutor.java:624)
	... 1 more
Caused by: org.apache.ratis.thirdparty.io.netty.channel.AbstractChannel$AnnotatedConnectException: Connection refused: /192.168.36.91:39313
	at sun.nio.ch.SocketChannelImpl.checkConnect(Native Method)
	at sun.nio.ch.SocketChannelImpl.finishConnect(SocketChannelImpl.java:717)
	at org.apache.ratis.thirdparty.io.netty.channel.socket.nio.NioSocketChannel.doFinishConnect(NioSocketChannel.java:327)
	at org.apache.ratis.thirdparty.io.netty.channel.nio.AbstractNioChannel$AbstractNioUnsafe.finishConnect(AbstractNioChannel.java:340)
	at org.apache.ratis.thirdparty.io.netty.channel.nio.NioEventLoop.processSelectedKey(NioEventLoop.java:632)
	at org.apache.ratis.thirdparty.io.netty.channel.nio.NioEventLoop.processSelectedKeysOptimized(NioEventLoop.java:579)
	at org.apache.ratis.thirdparty.io.netty.channel.nio.NioEventLoop.processSelectedKeys(NioEventLoop.java:496)
	at org.apache.ratis.thirdparty.io.netty.channel.nio.NioEventLoop.run(NioEventLoop.java:458)
	at org.apache.ratis.thirdparty.io.netty.util.concurrent.SingleThreadEventExecutor$5.run(SingleThreadEventExecutor.java:897)
	at org.apache.ratis.thirdparty.io.netty.util.concurrent.FastThreadLocalRunnable.run(FastThreadLocalRunnable.java:30)
	... 1 more
Caused by: java.net.ConnectException: Connection refused
	... 11 more
2019-09-01 05:42:23,930 [7098809c-b562-4a8a-ae10-ebee9eb441f0:group-1CE661B5BE22:LeaderElection62] INFO  impl.LeaderElection (LeaderElection.java:logAndReturn(56)) - 7098809c-b562-4a8a-ae10-ebee9eb441f0:group-1CE661B5BE22:LeaderElection62: Election REJECTED; received 1 response(s) [7098809c-b562-4a8a-ae10-ebee9eb441f0<-624fda4c-503f-4d7b-9536-707723049ff7#0:FAIL-t2] and 1 exception(s); 7098809c-b562-4a8a-ae10-ebee9eb441f0:t2, leader=null, voted=7098809c-b562-4a8a-ae10-ebee9eb441f0, raftlog=7098809c-b562-4a8a-ae10-ebee9eb441f0-SegmentedRaftLog:OPENED:c2,f2,i2, conf=0: [118ead1c-3dd0-4d18-b1c5-69ccbf52f2b4:192.168.36.91:39313, 7098809c-b562-4a8a-ae10-ebee9eb441f0:192.168.36.91:43030, 624fda4c-503f-4d7b-9536-707723049ff7:192.168.36.91:46279], old=null
2019-09-01 05:42:23,930 [624fda4c-503f-4d7b-9536-707723049ff7:group-1CE661B5BE22:LeaderElection61] INFO  impl.RaftServerImpl (RaftServerImpl.java:setRole(171)) - 624fda4c-503f-4d7b-9536-707723049ff7:group-1CE661B5BE22 changes role from CANDIDATE to FOLLOWER at term 2 for DISCOVERED_A_NEW_TERM
2019-09-01 05:42:23,930 [7098809c-b562-4a8a-ae10-ebee9eb441f0:group-1CE661B5BE22:LeaderElection62] INFO  impl.LeaderElection (LogUtils.java:infoOrTrace(149)) -   Exception 0: {}
java.util.concurrent.ExecutionException: org.apache.ratis.thirdparty.io.grpc.StatusRuntimeException: UNAVAILABLE: io exception
	at java.util.concurrent.FutureTask.report(FutureTask.java:122)
	at java.util.concurrent.FutureTask.get(FutureTask.java:192)
	at org.apache.ratis.server.impl.LeaderElection.waitForResults(LeaderElection.java:262)
	at org.apache.ratis.server.impl.LeaderElection.askForVotes(LeaderElection.java:200)
	at org.apache.ratis.server.impl.LeaderElection.run(LeaderElection.java:130)
	at java.lang.Thread.run(Thread.java:748)
Caused by: org.apache.ratis.thirdparty.io.grpc.StatusRuntimeException: UNAVAILABLE: io exception
	at org.apache.ratis.thirdparty.io.grpc.stub.ClientCalls.toStatusRuntimeException(ClientCalls.java:233)
	at org.apache.ratis.thirdparty.io.grpc.stub.ClientCalls.getUnchecked(ClientCalls.java:214)
	at org.apache.ratis.thirdparty.io.grpc.stub.ClientCalls.blockingUnaryCall(ClientCalls.java:139)
	at org.apache.ratis.proto.grpc.RaftServerProtocolServiceGrpc$RaftServerProtocolServiceBlockingStub.requestVote(RaftServerProtocolServiceGrpc.java:265)
	at org.apache.ratis.grpc.server.GrpcServerProtocolClient.requestVote(GrpcServerProtocolClient.java:83)
	at org.apache.ratis.grpc.server.GrpcService.requestVote(GrpcService.java:195)
	at org.apache.ratis.server.impl.LeaderElection.lambda$submitRequests$1(LeaderElection.java:237)
	at java.util.concurrent.FutureTask.run(FutureTask.java:266)
	at java.util.concurrent.Executors$RunnableAdapter.call(Executors.java:511)
	at java.util.concurrent.FutureTask.run(FutureTask.java:266)
	at java.util.concurrent.ThreadPoolExecutor.runWorker(ThreadPoolExecutor.java:1149)
	at java.util.concurrent.ThreadPoolExecutor$Worker.run(ThreadPoolExecutor.java:624)
	... 1 more
Caused by: org.apache.ratis.thirdparty.io.netty.channel.AbstractChannel$AnnotatedConnectException: Connection refused: /192.168.36.91:39313
	at sun.nio.ch.SocketChannelImpl.checkConnect(Native Method)
	at sun.nio.ch.SocketChannelImpl.finishConnect(SocketChannelImpl.java:717)
	at org.apache.ratis.thirdparty.io.netty.channel.socket.nio.NioSocketChannel.doFinishConnect(NioSocketChannel.java:327)
	at org.apache.ratis.thirdparty.io.netty.channel.nio.AbstractNioChannel$AbstractNioUnsafe.finishConnect(AbstractNioChannel.java:340)
	at org.apache.ratis.thirdparty.io.netty.channel.nio.NioEventLoop.processSelectedKey(NioEventLoop.java:632)
	at org.apache.ratis.thirdparty.io.netty.channel.nio.NioEventLoop.processSelectedKeysOptimized(NioEventLoop.java:579)
	at org.apache.ratis.thirdparty.io.netty.channel.nio.NioEventLoop.processSelectedKeys(NioEventLoop.java:496)
	at org.apache.ratis.thirdparty.io.netty.channel.nio.NioEventLoop.run(NioEventLoop.java:458)
	at org.apache.ratis.thirdparty.io.netty.util.concurrent.SingleThreadEventExecutor$5.run(SingleThreadEventExecutor.java:897)
	at org.apache.ratis.thirdparty.io.netty.util.concurrent.FastThreadLocalRunnable.run(FastThreadLocalRunnable.java:30)
	... 1 more
Caused by: java.net.ConnectException: Connection refused
	... 11 more
2019-09-01 05:42:23,930 [624fda4c-503f-4d7b-9536-707723049ff7:group-1CE661B5BE22:LeaderElection61] INFO  impl.RoleInfo (RoleInfo.java:shutdownLeaderElection(134)) - 624fda4c-503f-4d7b-9536-707723049ff7: shutdown LeaderElection
2019-09-01 05:42:23,930 [7098809c-b562-4a8a-ae10-ebee9eb441f0:group-1CE661B5BE22:LeaderElection62] INFO  impl.RaftServerImpl (RaftServerImpl.java:setRole(171)) - 7098809c-b562-4a8a-ae10-ebee9eb441f0:group-1CE661B5BE22 changes role from CANDIDATE to FOLLOWER at term 2 for DISCOVERED_A_NEW_TERM
2019-09-01 05:42:23,930 [624fda4c-503f-4d7b-9536-707723049ff7:group-1CE661B5BE22:LeaderElection61] INFO  impl.RoleInfo (RoleInfo.java:updateAndGet(143)) - 624fda4c-503f-4d7b-9536-707723049ff7: start FollowerState
2019-09-01 05:42:23,930 [7098809c-b562-4a8a-ae10-ebee9eb441f0:group-1CE661B5BE22:LeaderElection62] INFO  impl.RoleInfo (RoleInfo.java:shutdownLeaderElection(134)) - 7098809c-b562-4a8a-ae10-ebee9eb441f0: shutdown LeaderElection
2019-09-01 05:42:23,931 [7098809c-b562-4a8a-ae10-ebee9eb441f0:group-1CE661B5BE22:LeaderElection62] INFO  impl.RoleInfo (RoleInfo.java:updateAndGet(143)) - 7098809c-b562-4a8a-ae10-ebee9eb441f0: start FollowerState
2019-09-01 05:42:24,446 [grpc-default-executor-7] INFO  client.GrpcClientProtocolClient (GrpcClientProtocolClient.java:onNext(255)) - client-A40567C845B8->624fda4c-503f-4d7b-9536-707723049ff7: receive RaftClientReply:client-A40567C845B8->624fda4c-503f-4d7b-9536-707723049ff7@group-1CE661B5BE22, cid=104, FAILED org.apache.ratis.protocol.NotLeaderException: Server 624fda4c-503f-4d7b-9536-707723049ff7 is not the leader (null). Request must be sent to leader., logIndex=0, commits[624fda4c-503f-4d7b-9536-707723049ff7:c2, 118ead1c-3dd0-4d18-b1c5-69ccbf52f2b4:c2, 7098809c-b562-4a8a-ae10-ebee9eb441f0:c2]
]]></system-out>
    <system-err><![CDATA[Sep 01, 2019 5:42:06 AM org.apache.ratis.thirdparty.io.grpc.internal.ManagedChannelOrphanWrapper$ManagedChannelReference cleanQueue
SEVERE: *~*~*~ Channel ManagedChannelImpl{logId=1820, target=192.168.36.91:35642} was not shutdown properly!!! ~*~*~*
    Make sure to call shutdown()/shutdownNow() and wait until awaitTermination() returns true.
java.lang.RuntimeException: ManagedChannel allocation site
	at org.apache.ratis.thirdparty.io.grpc.internal.ManagedChannelOrphanWrapper$ManagedChannelReference.<init>(ManagedChannelOrphanWrapper.java:103)
	at org.apache.ratis.thirdparty.io.grpc.internal.ManagedChannelOrphanWrapper.<init>(ManagedChannelOrphanWrapper.java:53)
	at org.apache.ratis.thirdparty.io.grpc.internal.ManagedChannelOrphanWrapper.<init>(ManagedChannelOrphanWrapper.java:44)
	at org.apache.ratis.thirdparty.io.grpc.internal.AbstractManagedChannelImplBuilder.build(AbstractManagedChannelImplBuilder.java:411)
	at org.apache.ratis.grpc.client.GrpcClientProtocolClient.<init>(GrpcClientProtocolClient.java:119)
	at org.apache.ratis.grpc.client.GrpcClientRpc.lambda$new$0(GrpcClientRpc.java:55)
	at org.apache.ratis.util.PeerProxyMap$PeerAndProxy.lambda$getProxy$0(PeerProxyMap.java:61)
	at org.apache.ratis.util.LifeCycle.startAndTransition(LifeCycle.java:202)
	at org.apache.ratis.util.PeerProxyMap$PeerAndProxy.getProxy(PeerProxyMap.java:60)
	at org.apache.ratis.util.PeerProxyMap.getProxy(PeerProxyMap.java:107)
	at org.apache.ratis.grpc.client.GrpcClientRpc.sendRequestAsyncUnordered(GrpcClientRpc.java:78)
	at org.apache.ratis.client.impl.UnorderedAsync.sendRequestWithRetry(UnorderedAsync.java:75)
	at org.apache.ratis.client.impl.UnorderedAsync.lambda$null$2(UnorderedAsync.java:120)
	at org.apache.ratis.util.TimeoutScheduler.lambda$onTimeout$0(TimeoutScheduler.java:85)
	at org.apache.ratis.util.TimeoutScheduler.lambda$onTimeout$1(TimeoutScheduler.java:104)
	at org.apache.ratis.util.LogUtils.runAndLog(LogUtils.java:50)
	at org.apache.ratis.util.LogUtils$1.run(LogUtils.java:91)
	at java.util.concurrent.Executors$RunnableAdapter.call(Executors.java:511)
	at java.util.concurrent.FutureTask.run(FutureTask.java:266)
	at java.util.concurrent.ScheduledThreadPoolExecutor$ScheduledFutureTask.access$201(ScheduledThreadPoolExecutor.java:180)
	at java.util.concurrent.ScheduledThreadPoolExecutor$ScheduledFutureTask.run(ScheduledThreadPoolExecutor.java:293)
	at java.util.concurrent.ThreadPoolExecutor.runWorker(ThreadPoolExecutor.java:1149)
	at java.util.concurrent.ThreadPoolExecutor$Worker.run(ThreadPoolExecutor.java:624)
	at java.lang.Thread.run(Thread.java:748)

Sep 01, 2019 5:42:06 AM org.apache.ratis.thirdparty.io.grpc.internal.ManagedChannelOrphanWrapper$ManagedChannelReference cleanQueue
SEVERE: *~*~*~ Channel ManagedChannelImpl{logId=1981, target=192.168.36.91:33468} was not shutdown properly!!! ~*~*~*
    Make sure to call shutdown()/shutdownNow() and wait until awaitTermination() returns true.
java.lang.RuntimeException: ManagedChannel allocation site
	at org.apache.ratis.thirdparty.io.grpc.internal.ManagedChannelOrphanWrapper$ManagedChannelReference.<init>(ManagedChannelOrphanWrapper.java:103)
	at org.apache.ratis.thirdparty.io.grpc.internal.ManagedChannelOrphanWrapper.<init>(ManagedChannelOrphanWrapper.java:53)
	at org.apache.ratis.thirdparty.io.grpc.internal.ManagedChannelOrphanWrapper.<init>(ManagedChannelOrphanWrapper.java:44)
	at org.apache.ratis.thirdparty.io.grpc.internal.AbstractManagedChannelImplBuilder.build(AbstractManagedChannelImplBuilder.java:411)
	at org.apache.ratis.grpc.client.GrpcClientProtocolClient.<init>(GrpcClientProtocolClient.java:119)
	at org.apache.ratis.grpc.client.GrpcClientRpc.lambda$new$0(GrpcClientRpc.java:55)
	at org.apache.ratis.util.PeerProxyMap$PeerAndProxy.lambda$getProxy$0(PeerProxyMap.java:61)
	at org.apache.ratis.util.LifeCycle.startAndTransition(LifeCycle.java:202)
	at org.apache.ratis.util.PeerProxyMap$PeerAndProxy.getProxy(PeerProxyMap.java:60)
	at org.apache.ratis.util.PeerProxyMap.getProxy(PeerProxyMap.java:107)
	at org.apache.ratis.grpc.client.GrpcClientRpc.sendRequestAsync(GrpcClientRpc.java:66)
	at org.apache.ratis.client.impl.OrderedAsync.sendRequest(OrderedAsync.java:208)
	at org.apache.ratis.client.impl.OrderedAsync.sendRequestWithRetry(OrderedAsync.java:169)
	at org.apache.ratis.util.SlidingWindow$Client.sendOrDelayRequest(SlidingWindow.java:278)
	at org.apache.ratis.util.SlidingWindow$Client.retry(SlidingWindow.java:294)
	at org.apache.ratis.client.impl.OrderedAsync.lambda$scheduleWithTimeout$7(OrderedAsync.java:195)
	at org.apache.ratis.util.TimeoutScheduler.lambda$onTimeout$0(TimeoutScheduler.java:85)
	at org.apache.ratis.util.TimeoutScheduler.lambda$onTimeout$1(TimeoutScheduler.java:104)
	at org.apache.ratis.util.LogUtils.runAndLog(LogUtils.java:50)
	at org.apache.ratis.util.LogUtils$1.run(LogUtils.java:91)
	at java.util.concurrent.Executors$RunnableAdapter.call(Executors.java:511)
	at java.util.concurrent.FutureTask.run(FutureTask.java:266)
	at java.util.concurrent.ScheduledThreadPoolExecutor$ScheduledFutureTask.access$201(ScheduledThreadPoolExecutor.java:180)
	at java.util.concurrent.ScheduledThreadPoolExecutor$ScheduledFutureTask.run(ScheduledThreadPoolExecutor.java:293)
	at java.util.concurrent.ThreadPoolExecutor.runWorker(ThreadPoolExecutor.java:1149)
	at java.util.concurrent.ThreadPoolExecutor$Worker.run(ThreadPoolExecutor.java:624)
	at java.lang.Thread.run(Thread.java:748)

Sep 01, 2019 5:42:06 AM org.apache.ratis.thirdparty.io.grpc.internal.ManagedChannelOrphanWrapper$ManagedChannelReference cleanQueue
SEVERE: *~*~*~ Channel ManagedChannelImpl{logId=1440, target=192.168.36.91:37330} was not shutdown properly!!! ~*~*~*
    Make sure to call shutdown()/shutdownNow() and wait until awaitTermination() returns true.
java.lang.RuntimeException: ManagedChannel allocation site
	at org.apache.ratis.thirdparty.io.grpc.internal.ManagedChannelOrphanWrapper$ManagedChannelReference.<init>(ManagedChannelOrphanWrapper.java:103)
	at org.apache.ratis.thirdparty.io.grpc.internal.ManagedChannelOrphanWrapper.<init>(ManagedChannelOrphanWrapper.java:53)
	at org.apache.ratis.thirdparty.io.grpc.internal.ManagedChannelOrphanWrapper.<init>(ManagedChannelOrphanWrapper.java:44)
	at org.apache.ratis.thirdparty.io.grpc.internal.AbstractManagedChannelImplBuilder.build(AbstractManagedChannelImplBuilder.java:411)
	at org.apache.ratis.grpc.client.GrpcClientProtocolClient.<init>(GrpcClientProtocolClient.java:119)
	at org.apache.ratis.grpc.client.GrpcClientRpc.lambda$new$0(GrpcClientRpc.java:55)
	at org.apache.ratis.util.PeerProxyMap$PeerAndProxy.lambda$getProxy$0(PeerProxyMap.java:61)
	at org.apache.ratis.util.LifeCycle.startAndTransition(LifeCycle.java:202)
	at org.apache.ratis.util.PeerProxyMap$PeerAndProxy.getProxy(PeerProxyMap.java:60)
	at org.apache.ratis.util.PeerProxyMap.getProxy(PeerProxyMap.java:107)
	at org.apache.ratis.grpc.client.GrpcClientRpc.sendRequestAsyncUnordered(GrpcClientRpc.java:78)
	at org.apache.ratis.client.impl.UnorderedAsync.sendRequestWithRetry(UnorderedAsync.java:75)
	at org.apache.ratis.client.impl.UnorderedAsync.lambda$null$2(UnorderedAsync.java:120)
	at org.apache.ratis.util.TimeoutScheduler.lambda$onTimeout$0(TimeoutScheduler.java:85)
	at org.apache.ratis.util.TimeoutScheduler.lambda$onTimeout$1(TimeoutScheduler.java:104)
	at org.apache.ratis.util.LogUtils.runAndLog(LogUtils.java:50)
	at org.apache.ratis.util.LogUtils$1.run(LogUtils.java:91)
	at java.util.concurrent.Executors$RunnableAdapter.call(Executors.java:511)
	at java.util.concurrent.FutureTask.run(FutureTask.java:266)
	at java.util.concurrent.ScheduledThreadPoolExecutor$ScheduledFutureTask.access$201(ScheduledThreadPoolExecutor.java:180)
	at java.util.concurrent.ScheduledThreadPoolExecutor$ScheduledFutureTask.run(ScheduledThreadPoolExecutor.java:293)
	at java.util.concurrent.ThreadPoolExecutor.runWorker(ThreadPoolExecutor.java:1149)
	at java.util.concurrent.ThreadPoolExecutor$Worker.run(ThreadPoolExecutor.java:624)
	at java.lang.Thread.run(Thread.java:748)

]]></system-err>
  </testcase>
</testsuite>