<?xml version="1.0" encoding="UTF-8"?>
<testsuite xmlns:xsi="http://www.w3.org/2001/XMLSchema-instance" xsi:noNamespaceSchemaLocation="https://maven.apache.org/surefire/maven-surefire-plugin/xsd/surefire-test-report.xsd" name="org.apache.hadoop.ozone.freon.TestRandomKeyGenerator" time="329.707" tests="6" errors="1" skipped="0" failures="0">
  <properties>
    <property name="awt.toolkit" value="sun.awt.X11.XToolkit"/>
    <property name="file.encoding.pkg" value="sun.io"/>
    <property name="java.specification.version" value="1.8"/>
    <property name="sun.cpu.isalist" value=""/>
    <property name="sun.jnu.encoding" value="UTF-8"/>
    <property name="java.class.path" value="/workdir/hadoop-ozone/tools/target/test-classes:/workdir/hadoop-ozone/tools/target/classes:/home/user/.m2/repository/org/apache/hadoop/hadoop-ozone-ozone-manager/0.5.0-SNAPSHOT/hadoop-ozone-ozone-manager-0.5.0-SNAPSHOT.jar:/home/user/.m2/repository/org/apache/hadoop/hadoop-hdds-docs/0.5.0-SNAPSHOT/hadoop-hdds-docs-0.5.0-SNAPSHOT.jar:/home/user/.m2/repository/org/bouncycastle/bcprov-jdk15on/1.60/bcprov-jdk15on-1.60.jar:/home/user/.m2/repository/org/apache/hadoop/hadoop-ozone-common/0.5.0-SNAPSHOT/hadoop-ozone-common-0.5.0-SNAPSHOT.jar:/home/user/.m2/repository/org/apache/commons/commons-compress/1.4.1/commons-compress-1.4.1.jar:/home/user/.m2/repository/org/tukaani/xz/1.0/xz-1.0.jar:/home/user/.m2/repository/org/apache/hadoop/hadoop-hdfs-client/3.2.0/hadoop-hdfs-client-3.2.0.jar:/home/user/.m2/repository/com/fasterxml/jackson/core/jackson-annotations/2.9.9/jackson-annotations-2.9.9.jar:/home/user/.m2/repository/org/apache/hadoop/hadoop-hdds-common/0.5.0-SNAPSHOT/hadoop-hdds-common-0.5.0-SNAPSHOT.jar:/home/user/.m2/repository/org/apache/hadoop/hadoop-hdds-config/0.5.0-SNAPSHOT/hadoop-hdds-config-0.5.0-SNAPSHOT.jar:/home/user/.m2/repository/javax/annotation/javax.annotation-api/1.2/javax.annotation-api-1.2.jar:/home/user/.m2/repository/org/apache/ratis/ratis-server/0.4.0/ratis-server-0.4.0.jar:/home/user/.m2/repository/org/apache/ratis/ratis-thirdparty-misc/0.2.0/ratis-thirdparty-misc-0.2.0.jar:/home/user/.m2/repository/org/apache/ratis/ratis-proto/0.4.0/ratis-proto-0.4.0.jar:/home/user/.m2/repository/org/apache/ratis/ratis-common/0.4.0/ratis-common-0.4.0.jar:/home/user/.m2/repository/org/apache/ratis/ratis-client/0.4.0/ratis-client-0.4.0.jar:/home/user/.m2/repository/org/apache/ratis/ratis-metrics/0.4.0/ratis-metrics-0.4.0.jar:/home/user/.m2/repository/com/github/joshelser/dropwizard-metrics-hadoop-metrics2-reporter/0.1.2/dropwizard-metrics-hadoop-metrics2-reporter-0.1.2.jar:/home/user/.m2/repository/io/dropwizard/metrics/metrics-jvm/3.2.5/metrics-jvm-3.2.5.jar:/home/user/.m2/repository/io/dropwizard/metrics/metrics-ganglia/3.2.5/metrics-ganglia-3.2.5.jar:/home/user/.m2/repository/info/ganglia/gmetric4j/gmetric4j/1.0.7/gmetric4j-1.0.7.jar:/home/user/.m2/repository/org/apache/ratis/ratis-netty/0.4.0/ratis-netty-0.4.0.jar:/home/user/.m2/repository/org/apache/ratis/ratis-grpc/0.4.0/ratis-grpc-0.4.0.jar:/home/user/.m2/repository/org/rocksdb/rocksdbjni/6.0.1/rocksdbjni-6.0.1.jar:/home/user/.m2/repository/org/apache/logging/log4j/log4j-api/2.11.0/log4j-api-2.11.0.jar:/home/user/.m2/repository/org/apache/logging/log4j/log4j-core/2.11.0/log4j-core-2.11.0.jar:/home/user/.m2/repository/com/lmax/disruptor/3.4.2/disruptor-3.4.2.jar:/home/user/.m2/repository/org/apache/commons/commons-pool2/2.6.0/commons-pool2-2.6.0.jar:/home/user/.m2/repository/org/bouncycastle/bcpkix-jdk15on/1.60/bcpkix-jdk15on-1.60.jar:/home/user/.m2/repository/commons-validator/commons-validator/1.6/commons-validator-1.6.jar:/home/user/.m2/repository/commons-digester/commons-digester/1.8.1/commons-digester-1.8.1.jar:/home/user/.m2/repository/io/jaegertracing/jaeger-client/0.34.0/jaeger-client-0.34.0.jar:/home/user/.m2/repository/io/jaegertracing/jaeger-thrift/0.34.0/jaeger-thrift-0.34.0.jar:/home/user/.m2/repository/org/apache/thrift/libthrift/0.12.0/libthrift-0.12.0.jar:/home/user/.m2/repository/com/squareup/okhttp3/okhttp/3.9.0/okhttp-3.9.0.jar:/home/user/.m2/repository/com/squareup/okio/okio/1.13.0/okio-1.13.0.jar:/home/user/.m2/repository/io/jaegertracing/jaeger-core/0.34.0/jaeger-core-0.34.0.jar:/home/user/.m2/repository/io/jaegertracing/jaeger-tracerresolver/0.34.0/jaeger-tracerresolver-0.34.0.jar:/home/user/.m2/repository/io/opentracing/contrib/opentracing-tracerresolver/0.1.5/opentracing-tracerresolver-0.1.5.jar:/home/user/.m2/repository/io/opentracing/opentracing-util/0.31.0/opentracing-util-0.31.0.jar:/home/user/.m2/repository/io/opentracing/opentracing-api/0.31.0/opentracing-api-0.31.0.jar:/home/user/.m2/repository/io/opentracing/opentracing-noop/0.31.0/opentracing-noop-0.31.0.jar:/home/user/.m2/repository/org/yaml/snakeyaml/1.16/snakeyaml-1.16.jar:/home/user/.m2/repository/org/apache/hadoop/hadoop-hdds-container-service/0.5.0-SNAPSHOT/hadoop-hdds-container-service-0.5.0-SNAPSHOT.jar:/home/user/.m2/repository/org/apache/hadoop/hadoop-hdds-client/0.5.0-SNAPSHOT/hadoop-hdds-client-0.5.0-SNAPSHOT.jar:/home/user/.m2/repository/org/apache/hadoop/hadoop-hdds-tools/0.5.0-SNAPSHOT/hadoop-hdds-tools-0.5.0-SNAPSHOT.jar:/home/user/.m2/repository/org/xerial/sqlite-jdbc/3.25.2/sqlite-jdbc-3.25.2.jar:/home/user/.m2/repository/org/apache/hadoop/hadoop-hdds-server-scm/0.5.0-SNAPSHOT/hadoop-hdds-server-scm-0.5.0-SNAPSHOT.jar:/home/user/.m2/repository/org/hamcrest/hamcrest-all/1.3/hamcrest-all-1.3.jar:/home/user/.m2/repository/info/picocli/picocli/3.9.6/picocli-3.9.6.jar:/home/user/.m2/repository/com/google/protobuf/protobuf-java/2.5.0/protobuf-java-2.5.0.jar:/home/user/.m2/repository/com/google/guava/guava/11.0.2/guava-11.0.2.jar:/home/user/.m2/repository/org/apache/hadoop/hadoop-ozone-client/0.5.0-SNAPSHOT/hadoop-ozone-client-0.5.0-SNAPSHOT.jar:/workdir/hadoop-ozone/ozonefs/target/classes:/home/user/.m2/repository/org/apache/httpcomponents/httpclient/4.5.2/httpclient-4.5.2.jar:/home/user/.m2/repository/org/apache/httpcomponents/httpcore/4.4.4/httpcore-4.4.4.jar:/home/user/.m2/repository/org/apache/hadoop/hadoop-hdds-server-framework/0.5.0-SNAPSHOT/hadoop-hdds-server-framework-0.5.0-SNAPSHOT.jar:/home/user/.m2/repository/org/apache/hadoop/hadoop-common/3.2.0/hadoop-common-3.2.0.jar:/home/user/.m2/repository/org/apache/hadoop/hadoop-annotations/3.2.0/hadoop-annotations-3.2.0.jar:/usr/lib/jvm/java-1.8-openjdk/jre/../lib/tools.jar:/home/user/.m2/repository/commons-cli/commons-cli/1.2/commons-cli-1.2.jar:/home/user/.m2/repository/org/apache/commons/commons-math3/3.1.1/commons-math3-3.1.1.jar:/home/user/.m2/repository/commons-codec/commons-codec/1.11/commons-codec-1.11.jar:/home/user/.m2/repository/commons-io/commons-io/2.5/commons-io-2.5.jar:/home/user/.m2/repository/commons-net/commons-net/3.6/commons-net-3.6.jar:/home/user/.m2/repository/commons-collections/commons-collections/3.2.2/commons-collections-3.2.2.jar:/home/user/.m2/repository/javax/servlet/javax.servlet-api/3.1.0/javax.servlet-api-3.1.0.jar:/home/user/.m2/repository/org/eclipse/jetty/jetty-server/9.3.25.v20180904/jetty-server-9.3.25.v20180904.jar:/home/user/.m2/repository/org/eclipse/jetty/jetty-http/9.3.25.v20180904/jetty-http-9.3.25.v20180904.jar:/home/user/.m2/repository/org/eclipse/jetty/jetty-io/9.3.25.v20180904/jetty-io-9.3.25.v20180904.jar:/home/user/.m2/repository/org/eclipse/jetty/jetty-util/9.3.25.v20180904/jetty-util-9.3.25.v20180904.jar:/home/user/.m2/repository/org/eclipse/jetty/jetty-servlet/9.3.25.v20180904/jetty-servlet-9.3.25.v20180904.jar:/home/user/.m2/repository/org/eclipse/jetty/jetty-security/9.3.25.v20180904/jetty-security-9.3.25.v20180904.jar:/home/user/.m2/repository/org/eclipse/jetty/jetty-webapp/9.3.25.v20180904/jetty-webapp-9.3.25.v20180904.jar:/home/user/.m2/repository/org/eclipse/jetty/jetty-xml/9.3.25.v20180904/jetty-xml-9.3.25.v20180904.jar:/home/user/.m2/repository/javax/servlet/jsp/jsp-api/2.1/jsp-api-2.1.jar:/home/user/.m2/repository/com/sun/jersey/jersey-core/1.19/jersey-core-1.19.jar:/home/user/.m2/repository/javax/ws/rs/jsr311-api/1.1.1/jsr311-api-1.1.1.jar:/home/user/.m2/repository/com/sun/jersey/jersey-servlet/1.19/jersey-servlet-1.19.jar:/home/user/.m2/repository/com/sun/jersey/jersey-json/1.19/jersey-json-1.19.jar:/home/user/.m2/repository/org/codehaus/jettison/jettison/1.1/jettison-1.1.jar:/home/user/.m2/repository/com/sun/xml/bind/jaxb-impl/2.3.0.1/jaxb-impl-2.3.0.1.jar:/home/user/.m2/repository/org/codehaus/jackson/jackson-core-asl/1.9.13/jackson-core-asl-1.9.13.jar:/home/user/.m2/repository/org/codehaus/jackson/jackson-mapper-asl/1.9.13/jackson-mapper-asl-1.9.13.jar:/home/user/.m2/repository/org/codehaus/jackson/jackson-jaxrs/1.9.13/jackson-jaxrs-1.9.13.jar:/home/user/.m2/repository/org/codehaus/jackson/jackson-xc/1.9.13/jackson-xc-1.9.13.jar:/home/user/.m2/repository/com/sun/jersey/jersey-server/1.19/jersey-server-1.19.jar:/home/user/.m2/repository/commons-logging/commons-logging/1.1.3/commons-logging-1.1.3.jar:/home/user/.m2/repository/log4j/log4j/1.2.17/log4j-1.2.17.jar:/home/user/.m2/repository/commons-beanutils/commons-beanutils/1.9.4/commons-beanutils-1.9.4.jar:/home/user/.m2/repository/org/apache/commons/commons-configuration2/2.1.1/commons-configuration2-2.1.1.jar:/home/user/.m2/repository/org/apache/commons/commons-lang3/3.7/commons-lang3-3.7.jar:/home/user/.m2/repository/org/apache/commons/commons-text/1.4/commons-text-1.4.jar:/home/user/.m2/repository/org/slf4j/slf4j-api/1.7.25/slf4j-api-1.7.25.jar:/home/user/.m2/repository/org/slf4j/slf4j-log4j12/1.7.25/slf4j-log4j12-1.7.25.jar:/home/user/.m2/repository/org/apache/avro/avro/1.7.7/avro-1.7.7.jar:/home/user/.m2/repository/com/thoughtworks/paranamer/paranamer/2.3/paranamer-2.3.jar:/home/user/.m2/repository/org/xerial/snappy/snappy-java/1.0.5/snappy-java-1.0.5.jar:/home/user/.m2/repository/com/google/re2j/re2j/1.1/re2j-1.1.jar:/home/user/.m2/repository/com/google/code/gson/gson/2.2.4/gson-2.2.4.jar:/home/user/.m2/repository/org/apache/hadoop/hadoop-auth/3.2.0/hadoop-auth-3.2.0.jar:/home/user/.m2/repository/com/nimbusds/nimbus-jose-jwt/4.41.1/nimbus-jose-jwt-4.41.1.jar:/home/user/.m2/repository/com/github/stephenc/jcip/jcip-annotations/1.0-1/jcip-annotations-1.0-1.jar:/home/user/.m2/repository/net/minidev/json-smart/2.3/json-smart-2.3.jar:/home/user/.m2/repository/net/minidev/accessors-smart/1.2/accessors-smart-1.2.jar:/home/user/.m2/repository/org/apache/curator/curator-framework/2.12.0/curator-framework-2.12.0.jar:/home/user/.m2/repository/com/jcraft/jsch/0.1.54/jsch-0.1.54.jar:/home/user/.m2/repository/org/apache/curator/curator-client/2.12.0/curator-client-2.12.0.jar:/home/user/.m2/repository/org/apache/curator/curator-recipes/2.12.0/curator-recipes-2.12.0.jar:/home/user/.m2/repository/com/google/code/findbugs/jsr305/3.0.0/jsr305-3.0.0.jar:/home/user/.m2/repository/org/apache/htrace/htrace-core4/4.1.0-incubating/htrace-core4-4.1.0-incubating.jar:/home/user/.m2/repository/org/apache/zookeeper/zookeeper/3.4.13/zookeeper-3.4.13.jar:/home/user/.m2/repository/jline/jline/0.9.94/jline-0.9.94.jar:/home/user/.m2/repository/org/apache/yetus/audience-annotations/0.5.0/audience-annotations-0.5.0.jar:/home/user/.m2/repository/org/apache/kerby/kerb-simplekdc/1.0.1/kerb-simplekdc-1.0.1.jar:/home/user/.m2/repository/org/apache/kerby/kerb-client/1.0.1/kerb-client-1.0.1.jar:/home/user/.m2/repository/org/apache/kerby/kerby-config/1.0.1/kerby-config-1.0.1.jar:/home/user/.m2/repository/org/apache/kerby/kerb-core/1.0.1/kerb-core-1.0.1.jar:/home/user/.m2/repository/org/apache/kerby/kerby-pkix/1.0.1/kerby-pkix-1.0.1.jar:/home/user/.m2/repository/org/apache/kerby/kerby-asn1/1.0.1/kerby-asn1-1.0.1.jar:/home/user/.m2/repository/org/apache/kerby/kerby-util/1.0.1/kerby-util-1.0.1.jar:/home/user/.m2/repository/org/apache/kerby/kerb-common/1.0.1/kerb-common-1.0.1.jar:/home/user/.m2/repository/org/apache/kerby/kerb-crypto/1.0.1/kerb-crypto-1.0.1.jar:/home/user/.m2/repository/org/apache/kerby/kerb-util/1.0.1/kerb-util-1.0.1.jar:/home/user/.m2/repository/org/apache/kerby/token-provider/1.0.1/token-provider-1.0.1.jar:/home/user/.m2/repository/org/apache/kerby/kerb-admin/1.0.1/kerb-admin-1.0.1.jar:/home/user/.m2/repository/org/apache/kerby/kerb-server/1.0.1/kerb-server-1.0.1.jar:/home/user/.m2/repository/org/apache/kerby/kerb-identity/1.0.1/kerb-identity-1.0.1.jar:/home/user/.m2/repository/org/apache/kerby/kerby-xdr/1.0.1/kerby-xdr-1.0.1.jar:/home/user/.m2/repository/com/fasterxml/jackson/core/jackson-databind/2.9.9/jackson-databind-2.9.9.jar:/home/user/.m2/repository/com/fasterxml/jackson/core/jackson-core/2.9.9/jackson-core-2.9.9.jar:/home/user/.m2/repository/org/codehaus/woodstox/stax2-api/3.1.4/stax2-api-3.1.4.jar:/home/user/.m2/repository/com/fasterxml/woodstox/woodstox-core/5.0.3/woodstox-core-5.0.3.jar:/home/user/.m2/repository/dnsjava/dnsjava/2.1.7/dnsjava-2.1.7.jar:/home/user/.m2/repository/org/apache/hadoop/hadoop-hdfs/3.2.0/hadoop-hdfs-3.2.0.jar:/home/user/.m2/repository/org/eclipse/jetty/jetty-util-ajax/9.3.25.v20180904/jetty-util-ajax-9.3.25.v20180904.jar:/home/user/.m2/repository/commons-daemon/commons-daemon/1.0.13/commons-daemon-1.0.13.jar:/home/user/.m2/repository/io/netty/netty/3.10.5.Final/netty-3.10.5.Final.jar:/home/user/.m2/repository/io/netty/netty-all/4.0.52.Final/netty-all-4.0.52.Final.jar:/home/user/.m2/repository/org/fusesource/leveldbjni/leveldbjni-all/1.8/leveldbjni-all-1.8.jar:/home/user/.m2/repository/com/sun/xml/bind/jaxb-core/2.3.0.1/jaxb-core-2.3.0.1.jar:/home/user/.m2/repository/javax/xml/bind/jaxb-api/2.3.0/jaxb-api-2.3.0.jar:/home/user/.m2/repository/javax/activation/activation/1.1.1/activation-1.1.1.jar:/home/user/.m2/repository/io/dropwizard/metrics/metrics-core/3.2.4/metrics-core-3.2.4.jar:/home/user/.m2/repository/org/openjdk/jmh/jmh-core/1.19/jmh-core-1.19.jar:/home/user/.m2/repository/net/sf/jopt-simple/jopt-simple/4.6/jopt-simple-4.6.jar:/home/user/.m2/repository/org/openjdk/jmh/jmh-generator-annprocess/1.19/jmh-generator-annprocess-1.19.jar:/home/user/.m2/repository/com/amazonaws/aws-java-sdk-s3/1.11.615/aws-java-sdk-s3-1.11.615.jar:/home/user/.m2/repository/com/amazonaws/aws-java-sdk-kms/1.11.615/aws-java-sdk-kms-1.11.615.jar:/home/user/.m2/repository/com/amazonaws/aws-java-sdk-core/1.11.615/aws-java-sdk-core-1.11.615.jar:/home/user/.m2/repository/software/amazon/ion/ion-java/1.0.2/ion-java-1.0.2.jar:/home/user/.m2/repository/com/fasterxml/jackson/dataformat/jackson-dataformat-cbor/2.9.9/jackson-dataformat-cbor-2.9.9.jar:/home/user/.m2/repository/joda-time/joda-time/2.9.9/joda-time-2.9.9.jar:/home/user/.m2/repository/com/amazonaws/jmespath-java/1.11.615/jmespath-java-1.11.615.jar:/home/user/.m2/repository/com/google/code/findbugs/findbugs/3.0.1/findbugs-3.0.1.jar:/home/user/.m2/repository/net/jcip/jcip-annotations/1.0/jcip-annotations-1.0.jar:/home/user/.m2/repository/com/google/code/findbugs/bcel-findbugs/6.0/bcel-findbugs-6.0.jar:/home/user/.m2/repository/com/google/code/findbugs/jFormatString/2.0.1/jFormatString-2.0.1.jar:/home/user/.m2/repository/dom4j/dom4j/1.6.1/dom4j-1.6.1.jar:/home/user/.m2/repository/xml-apis/xml-apis/1.0.b2/xml-apis-1.0.b2.jar:/home/user/.m2/repository/org/ow2/asm/asm-debug-all/5.0.2/asm-debug-all-5.0.2.jar:/home/user/.m2/repository/org/ow2/asm/asm-commons/5.0.2/asm-commons-5.0.2.jar:/home/user/.m2/repository/org/ow2/asm/asm-tree/5.0.2/asm-tree-5.0.2.jar:/home/user/.m2/repository/org/ow2/asm/asm/5.0.4/asm-5.0.4.jar:/home/user/.m2/repository/commons-lang/commons-lang/2.6/commons-lang-2.6.jar:/home/user/.m2/repository/com/apple/AppleJavaExtensions/1.4/AppleJavaExtensions-1.4.jar:/home/user/.m2/repository/jaxen/jaxen/1.1.6/jaxen-1.1.6.jar:/home/user/.m2/repository/junit/junit/4.11/junit-4.11.jar:/home/user/.m2/repository/org/hamcrest/hamcrest-core/1.3/hamcrest-core-1.3.jar:/home/user/.m2/repository/org/apache/hadoop/hadoop-common/3.2.0/hadoop-common-3.2.0-tests.jar:/workdir/hadoop-ozone/integration-test/target/test-classes:/home/user/.m2/repository/org/apache/hadoop/hadoop-ozone-s3gateway/0.5.0-SNAPSHOT/hadoop-ozone-s3gateway-0.5.0-SNAPSHOT.jar:/home/user/.m2/repository/org/jboss/weld/servlet/weld-servlet/2.4.7.Final/weld-servlet-2.4.7.Final.jar:/home/user/.m2/repository/org/glassfish/jersey/containers/jersey-container-servlet-core/2.27/jersey-container-servlet-core-2.27.jar:/home/user/.m2/repository/org/glassfish/hk2/external/javax.inject/2.5.0-b42/javax.inject-2.5.0-b42.jar:/home/user/.m2/repository/org/glassfish/jersey/core/jersey-common/2.27/jersey-common-2.27.jar:/home/user/.m2/repository/org/glassfish/hk2/osgi-resource-locator/1.0.1/osgi-resource-locator-1.0.1.jar:/home/user/.m2/repository/javax/ws/rs/javax.ws.rs-api/2.1/javax.ws.rs-api-2.1.jar:/home/user/.m2/repository/org/glassfish/jersey/ext/cdi/jersey-cdi1x/2.27/jersey-cdi1x-2.27.jar:/home/user/.m2/repository/org/glassfish/jersey/inject/jersey-hk2/2.27/jersey-hk2-2.27.jar:/home/user/.m2/repository/org/glassfish/hk2/hk2-locator/2.5.0-b42/hk2-locator-2.5.0-b42.jar:/home/user/.m2/repository/org/javassist/javassist/3.22.0-CR2/javassist-3.22.0-CR2.jar:/home/user/.m2/repository/org/glassfish/hk2/hk2-api/2.5.0/hk2-api-2.5.0.jar:/home/user/.m2/repository/org/glassfish/hk2/external/jakarta.inject/2.5.0/jakarta.inject-2.5.0.jar:/home/user/.m2/repository/org/glassfish/hk2/hk2-utils/2.5.0/hk2-utils-2.5.0.jar:/home/user/.m2/repository/jakarta/annotation/jakarta.annotation-api/1.3.4/jakarta.annotation-api-1.3.4.jar:/home/user/.m2/repository/org/glassfish/hk2/external/aopalliance-repackaged/2.5.0/aopalliance-repackaged-2.5.0.jar:/home/user/.m2/repository/com/fasterxml/jackson/dataformat/jackson-dataformat-xml/2.9.0/jackson-dataformat-xml-2.9.0.jar:/home/user/.m2/repository/com/fasterxml/jackson/module/jackson-module-jaxb-annotations/2.9.9/jackson-module-jaxb-annotations-2.9.9.jar:/home/user/.m2/repository/javax/enterprise/cdi-api/1.2/cdi-api-1.2.jar:/home/user/.m2/repository/javax/el/javax.el-api/3.0.0/javax.el-api-3.0.0.jar:/home/user/.m2/repository/javax/interceptor/javax.interceptor-api/1.2/javax.interceptor-api-1.2.jar:/home/user/.m2/repository/javax/inject/javax.inject/1/javax.inject-1.jar:/home/user/.m2/repository/org/apache/hadoop/hadoop-ozone-csi/0.5.0-SNAPSHOT/hadoop-ozone-csi-0.5.0-SNAPSHOT.jar:/home/user/.m2/repository/com/google/protobuf/protobuf-java-util/3.5.1/protobuf-java-util-3.5.1.jar:/home/user/.m2/repository/io/grpc/grpc-netty/1.17.1/grpc-netty-1.17.1.jar:/home/user/.m2/repository/io/grpc/grpc-core/1.17.1/grpc-core-1.17.1.jar:/home/user/.m2/repository/io/grpc/grpc-context/1.17.1/grpc-context-1.17.1.jar:/home/user/.m2/repository/com/google/errorprone/error_prone_annotations/2.2.0/error_prone_annotations-2.2.0.jar:/home/user/.m2/repository/org/codehaus/mojo/animal-sniffer-annotations/1.17/animal-sniffer-annotations-1.17.jar:/home/user/.m2/repository/io/opencensus/opencensus-api/0.17.0/opencensus-api-0.17.0.jar:/home/user/.m2/repository/io/opencensus/opencensus-contrib-grpc-metrics/0.17.0/opencensus-contrib-grpc-metrics-0.17.0.jar:/home/user/.m2/repository/io/netty/netty-codec-http2/4.1.30.Final/netty-codec-http2-4.1.30.Final.jar:/home/user/.m2/repository/io/netty/netty-codec-http/4.1.30.Final/netty-codec-http-4.1.30.Final.jar:/home/user/.m2/repository/io/netty/netty-codec/4.1.30.Final/netty-codec-4.1.30.Final.jar:/home/user/.m2/repository/io/netty/netty-handler/4.1.30.Final/netty-handler-4.1.30.Final.jar:/home/user/.m2/repository/io/netty/netty-handler-proxy/4.1.30.Final/netty-handler-proxy-4.1.30.Final.jar:/home/user/.m2/repository/io/netty/netty-codec-socks/4.1.30.Final/netty-codec-socks-4.1.30.Final.jar:/home/user/.m2/repository/io/netty/netty-transport-native-epoll/4.1.30.Final/netty-transport-native-epoll-4.1.30.Final.jar:/home/user/.m2/repository/io/netty/netty-common/4.1.30.Final/netty-common-4.1.30.Final.jar:/home/user/.m2/repository/io/netty/netty-buffer/4.1.30.Final/netty-buffer-4.1.30.Final.jar:/home/user/.m2/repository/io/netty/netty-transport/4.1.30.Final/netty-transport-4.1.30.Final.jar:/home/user/.m2/repository/io/netty/netty-resolver/4.1.30.Final/netty-resolver-4.1.30.Final.jar:/home/user/.m2/repository/io/netty/netty-transport-native-unix-common/4.1.30.Final/netty-transport-native-unix-common-4.1.30.Final.jar:/home/user/.m2/repository/io/grpc/grpc-protobuf/1.17.1/grpc-protobuf-1.17.1.jar:/home/user/.m2/repository/com/google/api/grpc/proto-google-common-protos/1.0.0/proto-google-common-protos-1.0.0.jar:/home/user/.m2/repository/io/grpc/grpc-protobuf-lite/1.17.1/grpc-protobuf-lite-1.17.1.jar:/home/user/.m2/repository/io/grpc/grpc-stub/1.17.1/grpc-stub-1.17.1.jar:/home/user/.m2/repository/org/apache/hadoop/hadoop-ozone-recon/0.5.0-SNAPSHOT/hadoop-ozone-recon-0.5.0-SNAPSHOT.jar:/home/user/.m2/repository/org/apache/hadoop/hadoop-ozone-reconcodegen/0.5.0-SNAPSHOT/hadoop-ozone-reconcodegen-0.5.0-SNAPSHOT.jar:/home/user/.m2/repository/com/google/inject/extensions/guice-multibindings/4.0/guice-multibindings-4.0.jar:/home/user/.m2/repository/com/google/inject/guice/4.0/guice-4.0.jar:/home/user/.m2/repository/aopalliance/aopalliance/1.0/aopalliance-1.0.jar:/home/user/.m2/repository/com/google/inject/extensions/guice-servlet/4.0/guice-servlet-4.0.jar:/home/user/.m2/repository/org/glassfish/jersey/containers/jersey-container-servlet/2.27/jersey-container-servlet-2.27.jar:/home/user/.m2/repository/org/glassfish/hk2/guice-bridge/2.5.0/guice-bridge-2.5.0.jar:/home/user/.m2/repository/org/glassfish/jersey/core/jersey-server/2.27/jersey-server-2.27.jar:/home/user/.m2/repository/org/glassfish/jersey/core/jersey-client/2.27/jersey-client-2.27.jar:/home/user/.m2/repository/org/glassfish/jersey/media/jersey-media-jaxb/2.27/jersey-media-jaxb-2.27.jar:/home/user/.m2/repository/javax/validation/validation-api/1.1.0.Final/validation-api-1.1.0.Final.jar:/home/user/.m2/repository/org/glassfish/jersey/media/jersey-media-json-jackson/2.27/jersey-media-json-jackson-2.27.jar:/home/user/.m2/repository/org/glassfish/jersey/ext/jersey-entity-filtering/2.27/jersey-entity-filtering-2.27.jar:/home/user/.m2/repository/com/google/inject/extensions/guice-assistedinject/4.0/guice-assistedinject-4.0.jar:/home/user/.m2/repository/org/jooq/jooq/3.11.10/jooq-3.11.10.jar:/home/user/.m2/repository/org/jooq/jooq-meta/3.11.10/jooq-meta-3.11.10.jar:/home/user/.m2/repository/org/jooq/jooq-codegen/3.11.10/jooq-codegen-3.11.10.jar:/home/user/.m2/repository/com/jolbox/bonecp/0.8.0.RELEASE/bonecp-0.8.0.RELEASE.jar:/home/user/.m2/repository/org/springframework/spring-jdbc/5.1.3.RELEASE/spring-jdbc-5.1.3.RELEASE.jar:/home/user/.m2/repository/org/springframework/spring-beans/5.1.3.RELEASE/spring-beans-5.1.3.RELEASE.jar:/home/user/.m2/repository/org/springframework/spring-core/5.1.3.RELEASE/spring-core-5.1.3.RELEASE.jar:/home/user/.m2/repository/org/springframework/spring-jcl/5.1.3.RELEASE/spring-jcl-5.1.3.RELEASE.jar:/home/user/.m2/repository/org/springframework/spring-tx/5.1.3.RELEASE/spring-tx-5.1.3.RELEASE.jar:/home/user/.m2/repository/org/mockito/mockito-core/2.15.0/mockito-core-2.15.0.jar:/home/user/.m2/repository/net/bytebuddy/byte-buddy/1.7.9/byte-buddy-1.7.9.jar:/home/user/.m2/repository/net/bytebuddy/byte-buddy-agent/1.7.9/byte-buddy-agent-1.7.9.jar:/home/user/.m2/repository/org/objenesis/objenesis/1.0/objenesis-1.0.jar:"/>
    <property name="java.vm.vendor" value="IcedTea"/>
    <property name="sun.arch.data.model" value="64"/>
    <property name="test.build.dir" value="/workdir/hadoop-ozone/tools/target/test-dir"/>
    <property name="test.cache.data" value=""/>
    <property name="java.vendor.url" value="https://icedtea.classpath.org"/>
    <property name="user.timezone" value=""/>
    <property name="java.vm.specification.version" value="1.8"/>
    <property name="os.name" value="Linux"/>
    <property name="test.build.data" value="/workdir/hadoop-ozone/tools/target/test-dir"/>
    <property name="user.country" value="US"/>
    <property name="sun.java.launcher" value="SUN_STANDARD"/>
    <property name="sun.boot.library.path" value="/usr/lib/jvm/java-1.8-openjdk/jre/lib/amd64"/>
    <property name="sun.java.command" value="/workdir/hadoop-ozone/tools/target/surefire/surefirebooter6828636276541031892.jar /workdir/hadoop-ozone/tools/target/surefire 2019-09-24T18-01-07_747-jvmRun1 surefire3516878754536130901tmp surefire_1087003105092109135994tmp"/>
    <property name="test" value="!TestMiniChaosOzoneCluster"/>
    <property name="surefire.test.class.path" value="/workdir/hadoop-ozone/tools/target/test-classes:/workdir/hadoop-ozone/tools/target/classes:/home/user/.m2/repository/org/apache/hadoop/hadoop-ozone-ozone-manager/0.5.0-SNAPSHOT/hadoop-ozone-ozone-manager-0.5.0-SNAPSHOT.jar:/home/user/.m2/repository/org/apache/hadoop/hadoop-hdds-docs/0.5.0-SNAPSHOT/hadoop-hdds-docs-0.5.0-SNAPSHOT.jar:/home/user/.m2/repository/org/bouncycastle/bcprov-jdk15on/1.60/bcprov-jdk15on-1.60.jar:/home/user/.m2/repository/org/apache/hadoop/hadoop-ozone-common/0.5.0-SNAPSHOT/hadoop-ozone-common-0.5.0-SNAPSHOT.jar:/home/user/.m2/repository/org/apache/commons/commons-compress/1.4.1/commons-compress-1.4.1.jar:/home/user/.m2/repository/org/tukaani/xz/1.0/xz-1.0.jar:/home/user/.m2/repository/org/apache/hadoop/hadoop-hdfs-client/3.2.0/hadoop-hdfs-client-3.2.0.jar:/home/user/.m2/repository/com/fasterxml/jackson/core/jackson-annotations/2.9.9/jackson-annotations-2.9.9.jar:/home/user/.m2/repository/org/apache/hadoop/hadoop-hdds-common/0.5.0-SNAPSHOT/hadoop-hdds-common-0.5.0-SNAPSHOT.jar:/home/user/.m2/repository/org/apache/hadoop/hadoop-hdds-config/0.5.0-SNAPSHOT/hadoop-hdds-config-0.5.0-SNAPSHOT.jar:/home/user/.m2/repository/javax/annotation/javax.annotation-api/1.2/javax.annotation-api-1.2.jar:/home/user/.m2/repository/org/apache/ratis/ratis-server/0.4.0/ratis-server-0.4.0.jar:/home/user/.m2/repository/org/apache/ratis/ratis-thirdparty-misc/0.2.0/ratis-thirdparty-misc-0.2.0.jar:/home/user/.m2/repository/org/apache/ratis/ratis-proto/0.4.0/ratis-proto-0.4.0.jar:/home/user/.m2/repository/org/apache/ratis/ratis-common/0.4.0/ratis-common-0.4.0.jar:/home/user/.m2/repository/org/apache/ratis/ratis-client/0.4.0/ratis-client-0.4.0.jar:/home/user/.m2/repository/org/apache/ratis/ratis-metrics/0.4.0/ratis-metrics-0.4.0.jar:/home/user/.m2/repository/com/github/joshelser/dropwizard-metrics-hadoop-metrics2-reporter/0.1.2/dropwizard-metrics-hadoop-metrics2-reporter-0.1.2.jar:/home/user/.m2/repository/io/dropwizard/metrics/metrics-jvm/3.2.5/metrics-jvm-3.2.5.jar:/home/user/.m2/repository/io/dropwizard/metrics/metrics-ganglia/3.2.5/metrics-ganglia-3.2.5.jar:/home/user/.m2/repository/info/ganglia/gmetric4j/gmetric4j/1.0.7/gmetric4j-1.0.7.jar:/home/user/.m2/repository/org/apache/ratis/ratis-netty/0.4.0/ratis-netty-0.4.0.jar:/home/user/.m2/repository/org/apache/ratis/ratis-grpc/0.4.0/ratis-grpc-0.4.0.jar:/home/user/.m2/repository/org/rocksdb/rocksdbjni/6.0.1/rocksdbjni-6.0.1.jar:/home/user/.m2/repository/org/apache/logging/log4j/log4j-api/2.11.0/log4j-api-2.11.0.jar:/home/user/.m2/repository/org/apache/logging/log4j/log4j-core/2.11.0/log4j-core-2.11.0.jar:/home/user/.m2/repository/com/lmax/disruptor/3.4.2/disruptor-3.4.2.jar:/home/user/.m2/repository/org/apache/commons/commons-pool2/2.6.0/commons-pool2-2.6.0.jar:/home/user/.m2/repository/org/bouncycastle/bcpkix-jdk15on/1.60/bcpkix-jdk15on-1.60.jar:/home/user/.m2/repository/commons-validator/commons-validator/1.6/commons-validator-1.6.jar:/home/user/.m2/repository/commons-digester/commons-digester/1.8.1/commons-digester-1.8.1.jar:/home/user/.m2/repository/io/jaegertracing/jaeger-client/0.34.0/jaeger-client-0.34.0.jar:/home/user/.m2/repository/io/jaegertracing/jaeger-thrift/0.34.0/jaeger-thrift-0.34.0.jar:/home/user/.m2/repository/org/apache/thrift/libthrift/0.12.0/libthrift-0.12.0.jar:/home/user/.m2/repository/com/squareup/okhttp3/okhttp/3.9.0/okhttp-3.9.0.jar:/home/user/.m2/repository/com/squareup/okio/okio/1.13.0/okio-1.13.0.jar:/home/user/.m2/repository/io/jaegertracing/jaeger-core/0.34.0/jaeger-core-0.34.0.jar:/home/user/.m2/repository/io/jaegertracing/jaeger-tracerresolver/0.34.0/jaeger-tracerresolver-0.34.0.jar:/home/user/.m2/repository/io/opentracing/contrib/opentracing-tracerresolver/0.1.5/opentracing-tracerresolver-0.1.5.jar:/home/user/.m2/repository/io/opentracing/opentracing-util/0.31.0/opentracing-util-0.31.0.jar:/home/user/.m2/repository/io/opentracing/opentracing-api/0.31.0/opentracing-api-0.31.0.jar:/home/user/.m2/repository/io/opentracing/opentracing-noop/0.31.0/opentracing-noop-0.31.0.jar:/home/user/.m2/repository/org/yaml/snakeyaml/1.16/snakeyaml-1.16.jar:/home/user/.m2/repository/org/apache/hadoop/hadoop-hdds-container-service/0.5.0-SNAPSHOT/hadoop-hdds-container-service-0.5.0-SNAPSHOT.jar:/home/user/.m2/repository/org/apache/hadoop/hadoop-hdds-client/0.5.0-SNAPSHOT/hadoop-hdds-client-0.5.0-SNAPSHOT.jar:/home/user/.m2/repository/org/apache/hadoop/hadoop-hdds-tools/0.5.0-SNAPSHOT/hadoop-hdds-tools-0.5.0-SNAPSHOT.jar:/home/user/.m2/repository/org/xerial/sqlite-jdbc/3.25.2/sqlite-jdbc-3.25.2.jar:/home/user/.m2/repository/org/apache/hadoop/hadoop-hdds-server-scm/0.5.0-SNAPSHOT/hadoop-hdds-server-scm-0.5.0-SNAPSHOT.jar:/home/user/.m2/repository/org/hamcrest/hamcrest-all/1.3/hamcrest-all-1.3.jar:/home/user/.m2/repository/info/picocli/picocli/3.9.6/picocli-3.9.6.jar:/home/user/.m2/repository/com/google/protobuf/protobuf-java/2.5.0/protobuf-java-2.5.0.jar:/home/user/.m2/repository/com/google/guava/guava/11.0.2/guava-11.0.2.jar:/home/user/.m2/repository/org/apache/hadoop/hadoop-ozone-client/0.5.0-SNAPSHOT/hadoop-ozone-client-0.5.0-SNAPSHOT.jar:/workdir/hadoop-ozone/ozonefs/target/classes:/home/user/.m2/repository/org/apache/httpcomponents/httpclient/4.5.2/httpclient-4.5.2.jar:/home/user/.m2/repository/org/apache/httpcomponents/httpcore/4.4.4/httpcore-4.4.4.jar:/home/user/.m2/repository/org/apache/hadoop/hadoop-hdds-server-framework/0.5.0-SNAPSHOT/hadoop-hdds-server-framework-0.5.0-SNAPSHOT.jar:/home/user/.m2/repository/org/apache/hadoop/hadoop-common/3.2.0/hadoop-common-3.2.0.jar:/home/user/.m2/repository/org/apache/hadoop/hadoop-annotations/3.2.0/hadoop-annotations-3.2.0.jar:/usr/lib/jvm/java-1.8-openjdk/jre/../lib/tools.jar:/home/user/.m2/repository/commons-cli/commons-cli/1.2/commons-cli-1.2.jar:/home/user/.m2/repository/org/apache/commons/commons-math3/3.1.1/commons-math3-3.1.1.jar:/home/user/.m2/repository/commons-codec/commons-codec/1.11/commons-codec-1.11.jar:/home/user/.m2/repository/commons-io/commons-io/2.5/commons-io-2.5.jar:/home/user/.m2/repository/commons-net/commons-net/3.6/commons-net-3.6.jar:/home/user/.m2/repository/commons-collections/commons-collections/3.2.2/commons-collections-3.2.2.jar:/home/user/.m2/repository/javax/servlet/javax.servlet-api/3.1.0/javax.servlet-api-3.1.0.jar:/home/user/.m2/repository/org/eclipse/jetty/jetty-server/9.3.25.v20180904/jetty-server-9.3.25.v20180904.jar:/home/user/.m2/repository/org/eclipse/jetty/jetty-http/9.3.25.v20180904/jetty-http-9.3.25.v20180904.jar:/home/user/.m2/repository/org/eclipse/jetty/jetty-io/9.3.25.v20180904/jetty-io-9.3.25.v20180904.jar:/home/user/.m2/repository/org/eclipse/jetty/jetty-util/9.3.25.v20180904/jetty-util-9.3.25.v20180904.jar:/home/user/.m2/repository/org/eclipse/jetty/jetty-servlet/9.3.25.v20180904/jetty-servlet-9.3.25.v20180904.jar:/home/user/.m2/repository/org/eclipse/jetty/jetty-security/9.3.25.v20180904/jetty-security-9.3.25.v20180904.jar:/home/user/.m2/repository/org/eclipse/jetty/jetty-webapp/9.3.25.v20180904/jetty-webapp-9.3.25.v20180904.jar:/home/user/.m2/repository/org/eclipse/jetty/jetty-xml/9.3.25.v20180904/jetty-xml-9.3.25.v20180904.jar:/home/user/.m2/repository/javax/servlet/jsp/jsp-api/2.1/jsp-api-2.1.jar:/home/user/.m2/repository/com/sun/jersey/jersey-core/1.19/jersey-core-1.19.jar:/home/user/.m2/repository/javax/ws/rs/jsr311-api/1.1.1/jsr311-api-1.1.1.jar:/home/user/.m2/repository/com/sun/jersey/jersey-servlet/1.19/jersey-servlet-1.19.jar:/home/user/.m2/repository/com/sun/jersey/jersey-json/1.19/jersey-json-1.19.jar:/home/user/.m2/repository/org/codehaus/jettison/jettison/1.1/jettison-1.1.jar:/home/user/.m2/repository/com/sun/xml/bind/jaxb-impl/2.3.0.1/jaxb-impl-2.3.0.1.jar:/home/user/.m2/repository/org/codehaus/jackson/jackson-core-asl/1.9.13/jackson-core-asl-1.9.13.jar:/home/user/.m2/repository/org/codehaus/jackson/jackson-mapper-asl/1.9.13/jackson-mapper-asl-1.9.13.jar:/home/user/.m2/repository/org/codehaus/jackson/jackson-jaxrs/1.9.13/jackson-jaxrs-1.9.13.jar:/home/user/.m2/repository/org/codehaus/jackson/jackson-xc/1.9.13/jackson-xc-1.9.13.jar:/home/user/.m2/repository/com/sun/jersey/jersey-server/1.19/jersey-server-1.19.jar:/home/user/.m2/repository/commons-logging/commons-logging/1.1.3/commons-logging-1.1.3.jar:/home/user/.m2/repository/log4j/log4j/1.2.17/log4j-1.2.17.jar:/home/user/.m2/repository/commons-beanutils/commons-beanutils/1.9.4/commons-beanutils-1.9.4.jar:/home/user/.m2/repository/org/apache/commons/commons-configuration2/2.1.1/commons-configuration2-2.1.1.jar:/home/user/.m2/repository/org/apache/commons/commons-lang3/3.7/commons-lang3-3.7.jar:/home/user/.m2/repository/org/apache/commons/commons-text/1.4/commons-text-1.4.jar:/home/user/.m2/repository/org/slf4j/slf4j-api/1.7.25/slf4j-api-1.7.25.jar:/home/user/.m2/repository/org/slf4j/slf4j-log4j12/1.7.25/slf4j-log4j12-1.7.25.jar:/home/user/.m2/repository/org/apache/avro/avro/1.7.7/avro-1.7.7.jar:/home/user/.m2/repository/com/thoughtworks/paranamer/paranamer/2.3/paranamer-2.3.jar:/home/user/.m2/repository/org/xerial/snappy/snappy-java/1.0.5/snappy-java-1.0.5.jar:/home/user/.m2/repository/com/google/re2j/re2j/1.1/re2j-1.1.jar:/home/user/.m2/repository/com/google/code/gson/gson/2.2.4/gson-2.2.4.jar:/home/user/.m2/repository/org/apache/hadoop/hadoop-auth/3.2.0/hadoop-auth-3.2.0.jar:/home/user/.m2/repository/com/nimbusds/nimbus-jose-jwt/4.41.1/nimbus-jose-jwt-4.41.1.jar:/home/user/.m2/repository/com/github/stephenc/jcip/jcip-annotations/1.0-1/jcip-annotations-1.0-1.jar:/home/user/.m2/repository/net/minidev/json-smart/2.3/json-smart-2.3.jar:/home/user/.m2/repository/net/minidev/accessors-smart/1.2/accessors-smart-1.2.jar:/home/user/.m2/repository/org/apache/curator/curator-framework/2.12.0/curator-framework-2.12.0.jar:/home/user/.m2/repository/com/jcraft/jsch/0.1.54/jsch-0.1.54.jar:/home/user/.m2/repository/org/apache/curator/curator-client/2.12.0/curator-client-2.12.0.jar:/home/user/.m2/repository/org/apache/curator/curator-recipes/2.12.0/curator-recipes-2.12.0.jar:/home/user/.m2/repository/com/google/code/findbugs/jsr305/3.0.0/jsr305-3.0.0.jar:/home/user/.m2/repository/org/apache/htrace/htrace-core4/4.1.0-incubating/htrace-core4-4.1.0-incubating.jar:/home/user/.m2/repository/org/apache/zookeeper/zookeeper/3.4.13/zookeeper-3.4.13.jar:/home/user/.m2/repository/jline/jline/0.9.94/jline-0.9.94.jar:/home/user/.m2/repository/org/apache/yetus/audience-annotations/0.5.0/audience-annotations-0.5.0.jar:/home/user/.m2/repository/org/apache/kerby/kerb-simplekdc/1.0.1/kerb-simplekdc-1.0.1.jar:/home/user/.m2/repository/org/apache/kerby/kerb-client/1.0.1/kerb-client-1.0.1.jar:/home/user/.m2/repository/org/apache/kerby/kerby-config/1.0.1/kerby-config-1.0.1.jar:/home/user/.m2/repository/org/apache/kerby/kerb-core/1.0.1/kerb-core-1.0.1.jar:/home/user/.m2/repository/org/apache/kerby/kerby-pkix/1.0.1/kerby-pkix-1.0.1.jar:/home/user/.m2/repository/org/apache/kerby/kerby-asn1/1.0.1/kerby-asn1-1.0.1.jar:/home/user/.m2/repository/org/apache/kerby/kerby-util/1.0.1/kerby-util-1.0.1.jar:/home/user/.m2/repository/org/apache/kerby/kerb-common/1.0.1/kerb-common-1.0.1.jar:/home/user/.m2/repository/org/apache/kerby/kerb-crypto/1.0.1/kerb-crypto-1.0.1.jar:/home/user/.m2/repository/org/apache/kerby/kerb-util/1.0.1/kerb-util-1.0.1.jar:/home/user/.m2/repository/org/apache/kerby/token-provider/1.0.1/token-provider-1.0.1.jar:/home/user/.m2/repository/org/apache/kerby/kerb-admin/1.0.1/kerb-admin-1.0.1.jar:/home/user/.m2/repository/org/apache/kerby/kerb-server/1.0.1/kerb-server-1.0.1.jar:/home/user/.m2/repository/org/apache/kerby/kerb-identity/1.0.1/kerb-identity-1.0.1.jar:/home/user/.m2/repository/org/apache/kerby/kerby-xdr/1.0.1/kerby-xdr-1.0.1.jar:/home/user/.m2/repository/com/fasterxml/jackson/core/jackson-databind/2.9.9/jackson-databind-2.9.9.jar:/home/user/.m2/repository/com/fasterxml/jackson/core/jackson-core/2.9.9/jackson-core-2.9.9.jar:/home/user/.m2/repository/org/codehaus/woodstox/stax2-api/3.1.4/stax2-api-3.1.4.jar:/home/user/.m2/repository/com/fasterxml/woodstox/woodstox-core/5.0.3/woodstox-core-5.0.3.jar:/home/user/.m2/repository/dnsjava/dnsjava/2.1.7/dnsjava-2.1.7.jar:/home/user/.m2/repository/org/apache/hadoop/hadoop-hdfs/3.2.0/hadoop-hdfs-3.2.0.jar:/home/user/.m2/repository/org/eclipse/jetty/jetty-util-ajax/9.3.25.v20180904/jetty-util-ajax-9.3.25.v20180904.jar:/home/user/.m2/repository/commons-daemon/commons-daemon/1.0.13/commons-daemon-1.0.13.jar:/home/user/.m2/repository/io/netty/netty/3.10.5.Final/netty-3.10.5.Final.jar:/home/user/.m2/repository/io/netty/netty-all/4.0.52.Final/netty-all-4.0.52.Final.jar:/home/user/.m2/repository/org/fusesource/leveldbjni/leveldbjni-all/1.8/leveldbjni-all-1.8.jar:/home/user/.m2/repository/com/sun/xml/bind/jaxb-core/2.3.0.1/jaxb-core-2.3.0.1.jar:/home/user/.m2/repository/javax/xml/bind/jaxb-api/2.3.0/jaxb-api-2.3.0.jar:/home/user/.m2/repository/javax/activation/activation/1.1.1/activation-1.1.1.jar:/home/user/.m2/repository/io/dropwizard/metrics/metrics-core/3.2.4/metrics-core-3.2.4.jar:/home/user/.m2/repository/org/openjdk/jmh/jmh-core/1.19/jmh-core-1.19.jar:/home/user/.m2/repository/net/sf/jopt-simple/jopt-simple/4.6/jopt-simple-4.6.jar:/home/user/.m2/repository/org/openjdk/jmh/jmh-generator-annprocess/1.19/jmh-generator-annprocess-1.19.jar:/home/user/.m2/repository/com/amazonaws/aws-java-sdk-s3/1.11.615/aws-java-sdk-s3-1.11.615.jar:/home/user/.m2/repository/com/amazonaws/aws-java-sdk-kms/1.11.615/aws-java-sdk-kms-1.11.615.jar:/home/user/.m2/repository/com/amazonaws/aws-java-sdk-core/1.11.615/aws-java-sdk-core-1.11.615.jar:/home/user/.m2/repository/software/amazon/ion/ion-java/1.0.2/ion-java-1.0.2.jar:/home/user/.m2/repository/com/fasterxml/jackson/dataformat/jackson-dataformat-cbor/2.9.9/jackson-dataformat-cbor-2.9.9.jar:/home/user/.m2/repository/joda-time/joda-time/2.9.9/joda-time-2.9.9.jar:/home/user/.m2/repository/com/amazonaws/jmespath-java/1.11.615/jmespath-java-1.11.615.jar:/home/user/.m2/repository/com/google/code/findbugs/findbugs/3.0.1/findbugs-3.0.1.jar:/home/user/.m2/repository/net/jcip/jcip-annotations/1.0/jcip-annotations-1.0.jar:/home/user/.m2/repository/com/google/code/findbugs/bcel-findbugs/6.0/bcel-findbugs-6.0.jar:/home/user/.m2/repository/com/google/code/findbugs/jFormatString/2.0.1/jFormatString-2.0.1.jar:/home/user/.m2/repository/dom4j/dom4j/1.6.1/dom4j-1.6.1.jar:/home/user/.m2/repository/xml-apis/xml-apis/1.0.b2/xml-apis-1.0.b2.jar:/home/user/.m2/repository/org/ow2/asm/asm-debug-all/5.0.2/asm-debug-all-5.0.2.jar:/home/user/.m2/repository/org/ow2/asm/asm-commons/5.0.2/asm-commons-5.0.2.jar:/home/user/.m2/repository/org/ow2/asm/asm-tree/5.0.2/asm-tree-5.0.2.jar:/home/user/.m2/repository/org/ow2/asm/asm/5.0.4/asm-5.0.4.jar:/home/user/.m2/repository/commons-lang/commons-lang/2.6/commons-lang-2.6.jar:/home/user/.m2/repository/com/apple/AppleJavaExtensions/1.4/AppleJavaExtensions-1.4.jar:/home/user/.m2/repository/jaxen/jaxen/1.1.6/jaxen-1.1.6.jar:/home/user/.m2/repository/junit/junit/4.11/junit-4.11.jar:/home/user/.m2/repository/org/hamcrest/hamcrest-core/1.3/hamcrest-core-1.3.jar:/home/user/.m2/repository/org/apache/hadoop/hadoop-common/3.2.0/hadoop-common-3.2.0-tests.jar:/workdir/hadoop-ozone/integration-test/target/test-classes:/home/user/.m2/repository/org/apache/hadoop/hadoop-ozone-s3gateway/0.5.0-SNAPSHOT/hadoop-ozone-s3gateway-0.5.0-SNAPSHOT.jar:/home/user/.m2/repository/org/jboss/weld/servlet/weld-servlet/2.4.7.Final/weld-servlet-2.4.7.Final.jar:/home/user/.m2/repository/org/glassfish/jersey/containers/jersey-container-servlet-core/2.27/jersey-container-servlet-core-2.27.jar:/home/user/.m2/repository/org/glassfish/hk2/external/javax.inject/2.5.0-b42/javax.inject-2.5.0-b42.jar:/home/user/.m2/repository/org/glassfish/jersey/core/jersey-common/2.27/jersey-common-2.27.jar:/home/user/.m2/repository/org/glassfish/hk2/osgi-resource-locator/1.0.1/osgi-resource-locator-1.0.1.jar:/home/user/.m2/repository/javax/ws/rs/javax.ws.rs-api/2.1/javax.ws.rs-api-2.1.jar:/home/user/.m2/repository/org/glassfish/jersey/ext/cdi/jersey-cdi1x/2.27/jersey-cdi1x-2.27.jar:/home/user/.m2/repository/org/glassfish/jersey/inject/jersey-hk2/2.27/jersey-hk2-2.27.jar:/home/user/.m2/repository/org/glassfish/hk2/hk2-locator/2.5.0-b42/hk2-locator-2.5.0-b42.jar:/home/user/.m2/repository/org/javassist/javassist/3.22.0-CR2/javassist-3.22.0-CR2.jar:/home/user/.m2/repository/org/glassfish/hk2/hk2-api/2.5.0/hk2-api-2.5.0.jar:/home/user/.m2/repository/org/glassfish/hk2/external/jakarta.inject/2.5.0/jakarta.inject-2.5.0.jar:/home/user/.m2/repository/org/glassfish/hk2/hk2-utils/2.5.0/hk2-utils-2.5.0.jar:/home/user/.m2/repository/jakarta/annotation/jakarta.annotation-api/1.3.4/jakarta.annotation-api-1.3.4.jar:/home/user/.m2/repository/org/glassfish/hk2/external/aopalliance-repackaged/2.5.0/aopalliance-repackaged-2.5.0.jar:/home/user/.m2/repository/com/fasterxml/jackson/dataformat/jackson-dataformat-xml/2.9.0/jackson-dataformat-xml-2.9.0.jar:/home/user/.m2/repository/com/fasterxml/jackson/module/jackson-module-jaxb-annotations/2.9.9/jackson-module-jaxb-annotations-2.9.9.jar:/home/user/.m2/repository/javax/enterprise/cdi-api/1.2/cdi-api-1.2.jar:/home/user/.m2/repository/javax/el/javax.el-api/3.0.0/javax.el-api-3.0.0.jar:/home/user/.m2/repository/javax/interceptor/javax.interceptor-api/1.2/javax.interceptor-api-1.2.jar:/home/user/.m2/repository/javax/inject/javax.inject/1/javax.inject-1.jar:/home/user/.m2/repository/org/apache/hadoop/hadoop-ozone-csi/0.5.0-SNAPSHOT/hadoop-ozone-csi-0.5.0-SNAPSHOT.jar:/home/user/.m2/repository/com/google/protobuf/protobuf-java-util/3.5.1/protobuf-java-util-3.5.1.jar:/home/user/.m2/repository/io/grpc/grpc-netty/1.17.1/grpc-netty-1.17.1.jar:/home/user/.m2/repository/io/grpc/grpc-core/1.17.1/grpc-core-1.17.1.jar:/home/user/.m2/repository/io/grpc/grpc-context/1.17.1/grpc-context-1.17.1.jar:/home/user/.m2/repository/com/google/errorprone/error_prone_annotations/2.2.0/error_prone_annotations-2.2.0.jar:/home/user/.m2/repository/org/codehaus/mojo/animal-sniffer-annotations/1.17/animal-sniffer-annotations-1.17.jar:/home/user/.m2/repository/io/opencensus/opencensus-api/0.17.0/opencensus-api-0.17.0.jar:/home/user/.m2/repository/io/opencensus/opencensus-contrib-grpc-metrics/0.17.0/opencensus-contrib-grpc-metrics-0.17.0.jar:/home/user/.m2/repository/io/netty/netty-codec-http2/4.1.30.Final/netty-codec-http2-4.1.30.Final.jar:/home/user/.m2/repository/io/netty/netty-codec-http/4.1.30.Final/netty-codec-http-4.1.30.Final.jar:/home/user/.m2/repository/io/netty/netty-codec/4.1.30.Final/netty-codec-4.1.30.Final.jar:/home/user/.m2/repository/io/netty/netty-handler/4.1.30.Final/netty-handler-4.1.30.Final.jar:/home/user/.m2/repository/io/netty/netty-handler-proxy/4.1.30.Final/netty-handler-proxy-4.1.30.Final.jar:/home/user/.m2/repository/io/netty/netty-codec-socks/4.1.30.Final/netty-codec-socks-4.1.30.Final.jar:/home/user/.m2/repository/io/netty/netty-transport-native-epoll/4.1.30.Final/netty-transport-native-epoll-4.1.30.Final.jar:/home/user/.m2/repository/io/netty/netty-common/4.1.30.Final/netty-common-4.1.30.Final.jar:/home/user/.m2/repository/io/netty/netty-buffer/4.1.30.Final/netty-buffer-4.1.30.Final.jar:/home/user/.m2/repository/io/netty/netty-transport/4.1.30.Final/netty-transport-4.1.30.Final.jar:/home/user/.m2/repository/io/netty/netty-resolver/4.1.30.Final/netty-resolver-4.1.30.Final.jar:/home/user/.m2/repository/io/netty/netty-transport-native-unix-common/4.1.30.Final/netty-transport-native-unix-common-4.1.30.Final.jar:/home/user/.m2/repository/io/grpc/grpc-protobuf/1.17.1/grpc-protobuf-1.17.1.jar:/home/user/.m2/repository/com/google/api/grpc/proto-google-common-protos/1.0.0/proto-google-common-protos-1.0.0.jar:/home/user/.m2/repository/io/grpc/grpc-protobuf-lite/1.17.1/grpc-protobuf-lite-1.17.1.jar:/home/user/.m2/repository/io/grpc/grpc-stub/1.17.1/grpc-stub-1.17.1.jar:/home/user/.m2/repository/org/apache/hadoop/hadoop-ozone-recon/0.5.0-SNAPSHOT/hadoop-ozone-recon-0.5.0-SNAPSHOT.jar:/home/user/.m2/repository/org/apache/hadoop/hadoop-ozone-reconcodegen/0.5.0-SNAPSHOT/hadoop-ozone-reconcodegen-0.5.0-SNAPSHOT.jar:/home/user/.m2/repository/com/google/inject/extensions/guice-multibindings/4.0/guice-multibindings-4.0.jar:/home/user/.m2/repository/com/google/inject/guice/4.0/guice-4.0.jar:/home/user/.m2/repository/aopalliance/aopalliance/1.0/aopalliance-1.0.jar:/home/user/.m2/repository/com/google/inject/extensions/guice-servlet/4.0/guice-servlet-4.0.jar:/home/user/.m2/repository/org/glassfish/jersey/containers/jersey-container-servlet/2.27/jersey-container-servlet-2.27.jar:/home/user/.m2/repository/org/glassfish/hk2/guice-bridge/2.5.0/guice-bridge-2.5.0.jar:/home/user/.m2/repository/org/glassfish/jersey/core/jersey-server/2.27/jersey-server-2.27.jar:/home/user/.m2/repository/org/glassfish/jersey/core/jersey-client/2.27/jersey-client-2.27.jar:/home/user/.m2/repository/org/glassfish/jersey/media/jersey-media-jaxb/2.27/jersey-media-jaxb-2.27.jar:/home/user/.m2/repository/javax/validation/validation-api/1.1.0.Final/validation-api-1.1.0.Final.jar:/home/user/.m2/repository/org/glassfish/jersey/media/jersey-media-json-jackson/2.27/jersey-media-json-jackson-2.27.jar:/home/user/.m2/repository/org/glassfish/jersey/ext/jersey-entity-filtering/2.27/jersey-entity-filtering-2.27.jar:/home/user/.m2/repository/com/google/inject/extensions/guice-assistedinject/4.0/guice-assistedinject-4.0.jar:/home/user/.m2/repository/org/jooq/jooq/3.11.10/jooq-3.11.10.jar:/home/user/.m2/repository/org/jooq/jooq-meta/3.11.10/jooq-meta-3.11.10.jar:/home/user/.m2/repository/org/jooq/jooq-codegen/3.11.10/jooq-codegen-3.11.10.jar:/home/user/.m2/repository/com/jolbox/bonecp/0.8.0.RELEASE/bonecp-0.8.0.RELEASE.jar:/home/user/.m2/repository/org/springframework/spring-jdbc/5.1.3.RELEASE/spring-jdbc-5.1.3.RELEASE.jar:/home/user/.m2/repository/org/springframework/spring-beans/5.1.3.RELEASE/spring-beans-5.1.3.RELEASE.jar:/home/user/.m2/repository/org/springframework/spring-core/5.1.3.RELEASE/spring-core-5.1.3.RELEASE.jar:/home/user/.m2/repository/org/springframework/spring-jcl/5.1.3.RELEASE/spring-jcl-5.1.3.RELEASE.jar:/home/user/.m2/repository/org/springframework/spring-tx/5.1.3.RELEASE/spring-tx-5.1.3.RELEASE.jar:/home/user/.m2/repository/org/mockito/mockito-core/2.15.0/mockito-core-2.15.0.jar:/home/user/.m2/repository/net/bytebuddy/byte-buddy/1.7.9/byte-buddy-1.7.9.jar:/home/user/.m2/repository/net/bytebuddy/byte-buddy-agent/1.7.9/byte-buddy-agent-1.7.9.jar:/home/user/.m2/repository/org/objenesis/objenesis/1.0/objenesis-1.0.jar:"/>
    <property name="sun.cpu.endian" value="little"/>
    <property name="user.home" value="/home/user"/>
    <property name="user.language" value="en"/>
    <property name="java.specification.vendor" value="Oracle Corporation"/>
    <property name="java.home" value="/usr/lib/jvm/java-1.8-openjdk/jre"/>
    <property name="java.security.krb5.conf" value="/workdir/hadoop-ozone/tools/target/test-classes/krb5.conf"/>
    <property name="basedir" value="/workdir/hadoop-ozone/tools"/>
    <property name="file.separator" value="/"/>
    <property name="line.separator" value="&#10;"/>
    <property name="java.vm.specification.vendor" value="Oracle Corporation"/>
    <property name="java.specification.name" value="Java Platform API Specification"/>
    <property name="java.awt.graphicsenv" value="sun.awt.X11GraphicsEnvironment"/>
    <property name="surefire.real.class.path" value="/workdir/hadoop-ozone/tools/target/surefire/surefirebooter6828636276541031892.jar"/>
    <property name="hadoop.log.dir" value="/workdir/hadoop-ozone/tools/target/log"/>
    <property name="sun.boot.class.path" value="/usr/lib/jvm/java-1.8-openjdk/jre/lib/resources.jar:/usr/lib/jvm/java-1.8-openjdk/jre/lib/rt.jar:/usr/lib/jvm/java-1.8-openjdk/jre/lib/sunrsasign.jar:/usr/lib/jvm/java-1.8-openjdk/jre/lib/jsse.jar:/usr/lib/jvm/java-1.8-openjdk/jre/lib/jce.jar:/usr/lib/jvm/java-1.8-openjdk/jre/lib/charsets.jar:/usr/lib/jvm/java-1.8-openjdk/jre/lib/jfr.jar:/usr/lib/jvm/java-1.8-openjdk/jre/classes"/>
    <property name="sun.management.compiler" value="HotSpot 64-Bit Tiered Compilers"/>
    <property name="java.runtime.version" value="1.8.0_212-b04"/>
    <property name="java.net.preferIPv4Stack" value="true"/>
    <property name="user.name" value="jenkins1000"/>
    <property name="path.separator" value=":"/>
    <property name="java.security.egd" value="file:///dev/urandom"/>
    <property name="os.version" value="3.10.0-957.12.2.el7.x86_64"/>
    <property name="java.endorsed.dirs" value="/usr/lib/jvm/java-1.8-openjdk/jre/lib/endorsed"/>
    <property name="java.runtime.name" value="OpenJDK Runtime Environment"/>
    <property name="file.encoding" value="UTF-8"/>
    <property name="java.vm.name" value="OpenJDK 64-Bit Server VM"/>
    <property name="test.build.webapps" value=""/>
    <property name="localRepository" value="/home/user/.m2/repository"/>
    <property name="java.vendor.url.bug" value="https://icedtea.classpath.org/bugzilla"/>
    <property name="java.io.tmpdir" value="/tmp"/>
    <property name="require.test.libhadoop" value=""/>
    <property name="java.version" value="1.8.0_212"/>
    <property name="user.dir" value="/workdir/hadoop-ozone/tools"/>
    <property name="os.arch" value="amd64"/>
    <property name="java.vm.specification.name" value="Java Virtual Machine Specification"/>
    <property name="test.build.classes" value="/workdir/hadoop-ozone/tools/target/test-classes"/>
    <property name="java.awt.printerjob" value="sun.print.PSPrinterJob"/>
    <property name="sun.os.patch.level" value="unknown"/>
    <property name="hadoop.tmp.dir" value="/workdir/hadoop-ozone/tools/target/tmp"/>
    <property name="java.library.path" value="/usr/lib/jvm/java-1.8-openjdk/jre/lib/amd64/server:/usr/lib/jvm/java-1.8-openjdk/jre/lib/amd64:/usr/lib/jvm/java-1.8-openjdk/jre/../lib/amd64:/workdir/hadoop-ozone/tools/target/native/target/usr/local/lib:/workdir/hadoop-ozone/tools/../../hadoop-common-project/hadoop-common/target/native/target/usr/local/lib:/usr/java/packages/lib/amd64:/usr/lib64:/lib64:/lib:/usr/lib"/>
    <property name="java.vm.info" value="mixed mode"/>
    <property name="java.vendor" value="IcedTea"/>
    <property name="java.vm.version" value="25.212-b04"/>
    <property name="java.ext.dirs" value="/usr/lib/jvm/java-1.8-openjdk/jre/lib/ext:/usr/java/packages/lib/ext"/>
    <property name="sun.io.unicode.encoding" value="UnicodeLittle"/>
    <property name="java.class.version" value="52.0"/>
  </properties>
  <testcase name="ratisTest3" classname="org.apache.hadoop.ozone.freon.TestRandomKeyGenerator" time="65.553"/>
  <testcase name="testThreadPoolSize" classname="org.apache.hadoop.ozone.freon.TestRandomKeyGenerator" time="5.027"/>
  <testcase name="defaultTest" classname="org.apache.hadoop.ozone.freon.TestRandomKeyGenerator" time="5.03"/>
  <testcase name="bigFileThan2GB" classname="org.apache.hadoop.ozone.freon.TestRandomKeyGenerator" time="147.831">
    <error message="Allocated 0 blocks. Requested 1 blocks" type="INTERNAL_ERROR org.apache.hadoop.ozone.om.exceptions.OMException">INTERNAL_ERROR org.apache.hadoop.ozone.om.exceptions.OMException: Allocated 0 blocks. Requested 1 blocks
	at org.apache.hadoop.ozone.om.protocolPB.OzoneManagerProtocolClientSideTranslatorPB.handleError(OzoneManagerProtocolClientSideTranslatorPB.java:732)
	at org.apache.hadoop.ozone.om.protocolPB.OzoneManagerProtocolClientSideTranslatorPB.allocateBlock(OzoneManagerProtocolClientSideTranslatorPB.java:764)
	at sun.reflect.GeneratedMethodAccessor515.invoke(Unknown Source)
	at sun.reflect.DelegatingMethodAccessorImpl.invoke(DelegatingMethodAccessorImpl.java:43)
	at java.lang.reflect.Method.invoke(Method.java:498)
	at org.apache.hadoop.hdds.tracing.TraceAllMethod.invoke(TraceAllMethod.java:66)
	at com.sun.proxy.$Proxy37.allocateBlock(Unknown Source)
	at org.apache.hadoop.ozone.client.io.BlockOutputStreamEntryPool.allocateNewBlock(BlockOutputStreamEntryPool.java:248)
	at org.apache.hadoop.ozone.client.io.BlockOutputStreamEntryPool.allocateBlockIfNeeded(BlockOutputStreamEntryPool.java:296)
	at org.apache.hadoop.ozone.client.io.KeyOutputStream.handleWrite(KeyOutputStream.java:198)
	at org.apache.hadoop.ozone.client.io.KeyOutputStream.handleRetry(KeyOutputStream.java:375)
	at org.apache.hadoop.ozone.client.io.KeyOutputStream.handleException(KeyOutputStream.java:324)
	at org.apache.hadoop.ozone.client.io.KeyOutputStream.handleWrite(KeyOutputStream.java:228)
	at org.apache.hadoop.ozone.client.io.KeyOutputStream.write(KeyOutputStream.java:190)
	at org.apache.hadoop.ozone.client.io.OzoneOutputStream.write(OzoneOutputStream.java:49)
	at org.apache.hadoop.ozone.freon.RandomKeyGenerator.createKey(RandomKeyGenerator.java:708)
	at org.apache.hadoop.ozone.freon.RandomKeyGenerator.access$1100(RandomKeyGenerator.java:88)
	at org.apache.hadoop.ozone.freon.RandomKeyGenerator$ObjectCreator.run(RandomKeyGenerator.java:615)
	at java.util.concurrent.Executors$RunnableAdapter.call(Executors.java:511)
	at java.util.concurrent.FutureTask.run(FutureTask.java:266)
	at java.util.concurrent.ThreadPoolExecutor.runWorker(ThreadPoolExecutor.java:1149)
	at java.util.concurrent.ThreadPoolExecutor$Worker.run(ThreadPoolExecutor.java:624)
	at java.lang.Thread.run(Thread.java:748)
</error>
    <system-out><![CDATA[2019-09-24 22:05:15,376 [java.util.concurrent.ThreadPoolExecutor$Worker@62d14caf[State = -1, empty queue]] WARN  server.GrpcLogAppender (GrpcLogAppender.java:timeoutAppendRequest(200)) - 80d09bdf-f27a-4fea-b70f-b974835c4ee0@group-269B06FD0F5D->9ff58228-7100-45ca-a745-15cf8ac5363e-GrpcLogAppender: appendEntries Timeout, request=80d09bdf-f27a-4fea-b70f-b974835c4ee0->9ff58228-7100-45ca-a745-15cf8ac5363e#0-t6, previous=(t:5, i:0), leaderCommit=0, initializing? false, entries: <empty>
2019-09-24 22:05:15,402 [java.util.concurrent.ThreadPoolExecutor$Worker@2a7d89d3[State = -1, empty queue]] WARN  server.GrpcLogAppender (GrpcLogAppender.java:timeoutAppendRequest(200)) - e37ecff0-7bf0-4739-a92f-4116a43db170@group-7E2616745F8B->9ff58228-7100-45ca-a745-15cf8ac5363e-GrpcLogAppender: appendEntries Timeout, request=e37ecff0-7bf0-4739-a92f-4116a43db170->9ff58228-7100-45ca-a745-15cf8ac5363e#0-t7, previous=(t:6, i:0), leaderCommit=0, initializing? false, entries: <empty>
2019-09-24 22:05:17,223 [java.util.concurrent.ThreadPoolExecutor$Worker@3fa4915e[State = -1, empty queue]] WARN  server.GrpcLogAppender (GrpcLogAppender.java:timeoutAppendRequest(200)) - e37ecff0-7bf0-4739-a92f-4116a43db170@group-125BA0261E0D->9ff58228-7100-45ca-a745-15cf8ac5363e-GrpcLogAppender: appendEntries Timeout, request=e37ecff0-7bf0-4739-a92f-4116a43db170->9ff58228-7100-45ca-a745-15cf8ac5363e#1-t6, previous=(t:5, i:0), leaderCommit=2, initializing? false, entries: <empty>
2019-09-24 22:05:18,872 [java.util.concurrent.ThreadPoolExecutor$Worker@a2a9f20[State = -1, empty queue]] WARN  server.GrpcLogAppender (GrpcLogAppender.java:timeoutAppendRequest(200)) - 80d09bdf-f27a-4fea-b70f-b974835c4ee0@group-E31E4B5A01D8->9ff58228-7100-45ca-a745-15cf8ac5363e-GrpcLogAppender: appendEntries Timeout, request=80d09bdf-f27a-4fea-b70f-b974835c4ee0->9ff58228-7100-45ca-a745-15cf8ac5363e#2-t7, previous=(t:0, i:0), leaderCommit=0, initializing? false, entries: <empty>
2019-09-24 22:05:20,534 [java.util.concurrent.ThreadPoolExecutor$Worker@62d14caf[State = -1, empty queue]] WARN  server.GrpcLogAppender (GrpcLogAppender.java:timeoutAppendRequest(200)) - 80d09bdf-f27a-4fea-b70f-b974835c4ee0@group-269B06FD0F5D->9ff58228-7100-45ca-a745-15cf8ac5363e-GrpcLogAppender: appendEntries Timeout, request=80d09bdf-f27a-4fea-b70f-b974835c4ee0->9ff58228-7100-45ca-a745-15cf8ac5363e#1-t6, previous=(t:5, i:0), leaderCommit=2, initializing? false, entries: <empty>
2019-09-24 22:05:20,547 [java.util.concurrent.ThreadPoolExecutor$Worker@2a7d89d3[State = -1, empty queue]] WARN  server.GrpcLogAppender (GrpcLogAppender.java:timeoutAppendRequest(200)) - e37ecff0-7bf0-4739-a92f-4116a43db170@group-7E2616745F8B->9ff58228-7100-45ca-a745-15cf8ac5363e-GrpcLogAppender: appendEntries Timeout, request=e37ecff0-7bf0-4739-a92f-4116a43db170->9ff58228-7100-45ca-a745-15cf8ac5363e#1-t7, previous=(t:6, i:0), leaderCommit=2, initializing? false, entries: <empty>
2019-09-24 22:05:21,595 [main] INFO  freon.RandomKeyGenerator (RandomKeyGenerator.java:call(283)) - Number of Threads: 1
2019-09-24 22:05:21,595 [main] INFO  freon.RandomKeyGenerator (RandomKeyGenerator.java:call(288)) - Number of Volumes: 1.
2019-09-24 22:05:21,595 [main] INFO  freon.RandomKeyGenerator (RandomKeyGenerator.java:call(289)) - Number of Buckets per Volume: 1.
2019-09-24 22:05:21,595 [main] INFO  freon.RandomKeyGenerator (RandomKeyGenerator.java:call(290)) - Number of Keys per Bucket: 1.
2019-09-24 22:05:21,595 [main] INFO  freon.RandomKeyGenerator (RandomKeyGenerator.java:call(291)) - Key size: 2147483657 bytes
2019-09-24 22:05:21,595 [main] INFO  freon.RandomKeyGenerator (RandomKeyGenerator.java:call(292)) - Buffer size: 4096 bytes
2019-09-24 22:05:21,595 [main] INFO  freon.RandomKeyGenerator (RandomKeyGenerator.java:call(293)) - validateWrites : true
2019-09-24 22:05:21,597 [pool-277-thread-1] INFO  rpc.RpcClient (RpcClient.java:createVolume(276)) - Creating Volume: vol-0-46933, with jenkins1000 as owner.
2019-09-24 22:05:21,597 [main] INFO  freon.RandomKeyGenerator (RandomKeyGenerator.java:call(307)) - Data validation is enabled.
2019-09-24 22:05:21,597 [main] INFO  freon.RandomKeyGenerator (RandomKeyGenerator.java:call(313)) - Starting progress bar Thread.

 0.00% |█                                                                                                    |  0/1 Time: 0:00:002019-09-24 22:05:21,603 [IPC Server handler 2 on 33446] INFO  volume.OMVolumeCreateRequest (OMVolumeCreateRequest.java:validateAndUpdateCache(189)) - created volume:vol-0-46933 for user:jenkins1000
2019-09-24 22:05:21,609 [pool-277-thread-1] INFO  rpc.RpcClient (RpcClient.java:createBucket(415)) - Creating Bucket: vol-0-46933/bucket-0-68730, with Versioning false and Storage Type set to DISK and Encryption set to false 
2019-09-24 22:05:22,223 [java.util.concurrent.ThreadPoolExecutor$Worker@3fa4915e[State = -1, empty queue]] WARN  server.GrpcLogAppender (GrpcLogAppender.java:timeoutAppendRequest(200)) - e37ecff0-7bf0-4739-a92f-4116a43db170@group-125BA0261E0D->9ff58228-7100-45ca-a745-15cf8ac5363e-GrpcLogAppender: appendEntries Timeout, request=e37ecff0-7bf0-4739-a92f-4116a43db170->9ff58228-7100-45ca-a745-15cf8ac5363e#2-t6, previous=(t:5, i:0), leaderCommit=2, initializing? false, entries: <empty>
 0.00% |█                                                                                                    |  0/1 Time: 0:00:01 0.00% |█                                                                                                    |  0/1 Time: 0:00:022019-09-24 22:05:23,872 [java.util.concurrent.ThreadPoolExecutor$Worker@a2a9f20[State = -1, empty queue]] WARN  server.GrpcLogAppender (GrpcLogAppender.java:timeoutAppendRequest(200)) - 80d09bdf-f27a-4fea-b70f-b974835c4ee0@group-E31E4B5A01D8->9ff58228-7100-45ca-a745-15cf8ac5363e-GrpcLogAppender: appendEntries Timeout, request=80d09bdf-f27a-4fea-b70f-b974835c4ee0->9ff58228-7100-45ca-a745-15cf8ac5363e#3-t7, previous=(t:0, i:0), leaderCommit=0, initializing? false, entries: <empty>
 0.00% |█                                                                                                    |  0/1 Time: 0:00:032019-09-24 22:05:25,541 [java.util.concurrent.ThreadPoolExecutor$Worker@62d14caf[State = -1, empty queue]] WARN  server.GrpcLogAppender (GrpcLogAppender.java:timeoutAppendRequest(200)) - 80d09bdf-f27a-4fea-b70f-b974835c4ee0@group-269B06FD0F5D->9ff58228-7100-45ca-a745-15cf8ac5363e-GrpcLogAppender: appendEntries Timeout, request=80d09bdf-f27a-4fea-b70f-b974835c4ee0->9ff58228-7100-45ca-a745-15cf8ac5363e#2-t6, previous=(t:5, i:0), leaderCommit=2, initializing? false, entries: <empty>
2019-09-24 22:05:25,547 [java.util.concurrent.ThreadPoolExecutor$Worker@2a7d89d3[State = -1, empty queue]] WARN  server.GrpcLogAppender (GrpcLogAppender.java:timeoutAppendRequest(200)) - e37ecff0-7bf0-4739-a92f-4116a43db170@group-7E2616745F8B->9ff58228-7100-45ca-a745-15cf8ac5363e-GrpcLogAppender: appendEntries Timeout, request=e37ecff0-7bf0-4739-a92f-4116a43db170->9ff58228-7100-45ca-a745-15cf8ac5363e#2-t7, previous=(t:6, i:0), leaderCommit=2, initializing? false, entries: <empty>
 0.00% |█                                                                                                    |  0/1 Time: 0:00:04 0.00% |█                                                                                                    |  0/1 Time: 0:00:052019-09-24 22:05:27,241 [java.util.concurrent.ThreadPoolExecutor$Worker@3fa4915e[State = -1, empty queue]] WARN  server.GrpcLogAppender (GrpcLogAppender.java:timeoutAppendRequest(200)) - e37ecff0-7bf0-4739-a92f-4116a43db170@group-125BA0261E0D->9ff58228-7100-45ca-a745-15cf8ac5363e-GrpcLogAppender: appendEntries Timeout, request=e37ecff0-7bf0-4739-a92f-4116a43db170->9ff58228-7100-45ca-a745-15cf8ac5363e#3-t6, previous=(t:5, i:0), leaderCommit=2, initializing? false, entries: <empty>
 0.00% |█                                                                                                    |  0/1 Time: 0:00:06 0.00% |█                                                                                                    |  0/1 Time: 0:00:072019-09-24 22:05:28,873 [java.util.concurrent.ThreadPoolExecutor$Worker@a2a9f20[State = -1, empty queue]] WARN  server.GrpcLogAppender (GrpcLogAppender.java:timeoutAppendRequest(200)) - 80d09bdf-f27a-4fea-b70f-b974835c4ee0@group-E31E4B5A01D8->9ff58228-7100-45ca-a745-15cf8ac5363e-GrpcLogAppender: appendEntries Timeout, request=80d09bdf-f27a-4fea-b70f-b974835c4ee0->9ff58228-7100-45ca-a745-15cf8ac5363e#4-t7, previous=(t:0, i:0), leaderCommit=0, initializing? false, entries: <empty>
 0.00% |█                                                                                                    |  0/1 Time: 0:00:08 0.00% |█                                                                                                    |  0/1 Time: 0:00:092019-09-24 22:05:30,619 [java.util.concurrent.ThreadPoolExecutor$Worker@2a7d89d3[State = -1, empty queue]] WARN  server.GrpcLogAppender (GrpcLogAppender.java:timeoutAppendRequest(200)) - e37ecff0-7bf0-4739-a92f-4116a43db170@group-7E2616745F8B->9ff58228-7100-45ca-a745-15cf8ac5363e-GrpcLogAppender: appendEntries Timeout, request=e37ecff0-7bf0-4739-a92f-4116a43db170->9ff58228-7100-45ca-a745-15cf8ac5363e#3-t7, previous=(t:6, i:0), leaderCommit=2, initializing? false, entries: <empty>
2019-09-24 22:05:30,619 [java.util.concurrent.ThreadPoolExecutor$Worker@62d14caf[State = -1, empty queue]] WARN  server.GrpcLogAppender (GrpcLogAppender.java:timeoutAppendRequest(200)) - 80d09bdf-f27a-4fea-b70f-b974835c4ee0@group-269B06FD0F5D->9ff58228-7100-45ca-a745-15cf8ac5363e-GrpcLogAppender: appendEntries Timeout, request=80d09bdf-f27a-4fea-b70f-b974835c4ee0->9ff58228-7100-45ca-a745-15cf8ac5363e#3-t6, previous=(t:5, i:0), leaderCommit=2, initializing? false, entries: <empty>
 0.00% |█                                                                                                    |  0/1 Time: 0:00:102019-09-24 22:05:32,315 [java.util.concurrent.ThreadPoolExecutor$Worker@3fa4915e[State = -1, empty queue]] WARN  server.GrpcLogAppender (GrpcLogAppender.java:timeoutAppendRequest(200)) - e37ecff0-7bf0-4739-a92f-4116a43db170@group-125BA0261E0D->9ff58228-7100-45ca-a745-15cf8ac5363e-GrpcLogAppender: appendEntries Timeout, request=e37ecff0-7bf0-4739-a92f-4116a43db170->9ff58228-7100-45ca-a745-15cf8ac5363e#4-t6, previous=(t:5, i:0), leaderCommit=2, initializing? false, entries: <empty>
 0.00% |█                                                                                                    |  0/1 Time: 0:00:112019-09-24 22:05:33,498 [Thread-2807] WARN  util.JavaUtils (JavaUtils.java:sleep(250)) - Unexpected long sleep: sleep(5166ms) actually took 5768ms which is over the threshold 300ms
2019-09-24 22:05:33,499 [Thread-2803] WARN  util.JavaUtils (JavaUtils.java:sleep(250)) - Unexpected long sleep: sleep(5026ms) actually took 5694ms which is over the threshold 300ms
2019-09-24 22:05:33,499 [Thread-590] WARN  util.JavaUtils (JavaUtils.java:sleep(250)) - Unexpected long sleep: sleep(5102ms) actually took 5786ms which is over the threshold 300ms
2019-09-24 22:05:33,499 [Thread-591] WARN  util.JavaUtils (JavaUtils.java:sleep(250)) - Unexpected long sleep: sleep(5109ms) actually took 5882ms which is over the threshold 300ms
 0.00% |█                                                                                                    |  0/1 Time: 0:00:122019-09-24 22:05:33,873 [java.util.concurrent.ThreadPoolExecutor$Worker@a2a9f20[State = -1, empty queue]] WARN  server.GrpcLogAppender (GrpcLogAppender.java:timeoutAppendRequest(200)) - 80d09bdf-f27a-4fea-b70f-b974835c4ee0@group-E31E4B5A01D8->9ff58228-7100-45ca-a745-15cf8ac5363e-GrpcLogAppender: appendEntries Timeout, request=80d09bdf-f27a-4fea-b70f-b974835c4ee0->9ff58228-7100-45ca-a745-15cf8ac5363e#5-t7, previous=(t:0, i:0), leaderCommit=0, initializing? false, entries: <empty>
 0.00% |█                                                                                                    |  0/1 Time: 0:00:132019-09-24 22:05:35,619 [java.util.concurrent.ThreadPoolExecutor$Worker@2a7d89d3[State = -1, empty queue]] WARN  server.GrpcLogAppender (GrpcLogAppender.java:timeoutAppendRequest(200)) - e37ecff0-7bf0-4739-a92f-4116a43db170@group-7E2616745F8B->9ff58228-7100-45ca-a745-15cf8ac5363e-GrpcLogAppender: appendEntries Timeout, request=e37ecff0-7bf0-4739-a92f-4116a43db170->9ff58228-7100-45ca-a745-15cf8ac5363e#4-t7, previous=(t:6, i:0), leaderCommit=2, initializing? false, entries: <empty>
 0.00% |█                                                                                                    |  0/1 Time: 0:00:142019-09-24 22:05:36,500 [java.util.concurrent.ThreadPoolExecutor$Worker@62d14caf[State = -1, empty queue]] WARN  server.GrpcLogAppender (GrpcLogAppender.java:timeoutAppendRequest(200)) - 80d09bdf-f27a-4fea-b70f-b974835c4ee0@group-269B06FD0F5D->9ff58228-7100-45ca-a745-15cf8ac5363e-GrpcLogAppender: appendEntries Timeout, request=80d09bdf-f27a-4fea-b70f-b974835c4ee0->9ff58228-7100-45ca-a745-15cf8ac5363e#4-t6, previous=(t:5, i:0), leaderCommit=2, initializing? false, entries: <empty>
 0.00% |█                                                                                                    |  0/1 Time: 0:00:152019-09-24 22:05:36,636 [grpc-default-executor-2] INFO  impl.RaftServerProxy (RaftServerProxy.java:remove(95)) - 80d09bdf-f27a-4fea-b70f-b974835c4ee0: remove    LEADER 80d09bdf-f27a-4fea-b70f-b974835c4ee0@group-51E450FCD9FE:t1, leader=80d09bdf-f27a-4fea-b70f-b974835c4ee0, voted=80d09bdf-f27a-4fea-b70f-b974835c4ee0, raftlog=80d09bdf-f27a-4fea-b70f-b974835c4ee0@group-51E450FCD9FE-SegmentedRaftLog:OPENED:c0,f0,i0, conf=0: [80d09bdf-f27a-4fea-b70f-b974835c4ee0:192.168.36.84:38661], old=null RUNNING
2019-09-24 22:05:36,636 [grpc-default-executor-2] INFO  impl.RaftServerImpl (RaftServerImpl.java:lambda$shutdown$3(251)) - 80d09bdf-f27a-4fea-b70f-b974835c4ee0@group-51E450FCD9FE: shutdown
2019-09-24 22:05:36,636 [grpc-default-executor-2] INFO  util.JmxRegister (JmxRegister.java:unregister(73)) - Successfully un-registered JMX Bean with object name Ratis:service=RaftServer,group=group-51E450FCD9FE,id=80d09bdf-f27a-4fea-b70f-b974835c4ee0
2019-09-24 22:05:36,637 [grpc-default-executor-2] INFO  impl.RoleInfo (RoleInfo.java:shutdownLeaderState(104)) - 80d09bdf-f27a-4fea-b70f-b974835c4ee0: shutdown LeaderState
2019-09-24 22:05:36,637 [grpc-default-executor-2] INFO  impl.PendingRequests (PendingRequests.java:sendNotLeaderResponses(202)) - 80d09bdf-f27a-4fea-b70f-b974835c4ee0-PendingRequests: sendNotLeaderResponses
2019-09-24 22:05:36,637 [grpc-default-executor-2] INFO  impl.StateMachineUpdater (StateMachineUpdater.java:stopAndJoin(125)) - 80d09bdf-f27a-4fea-b70f-b974835c4ee0@group-51E450FCD9FE-StateMachineUpdater: set stopIndex = 0
2019-09-24 22:05:36,638 [grpc-default-executor-2] INFO  impl.RaftServerImpl (ServerState.java:close(385)) - 80d09bdf-f27a-4fea-b70f-b974835c4ee0@group-51E450FCD9FE: closes. applyIndex: 0
2019-09-24 22:05:36,638 [80d09bdf-f27a-4fea-b70f-b974835c4ee0@group-51E450FCD9FE-SegmentedRaftLogWorker] INFO  segmented.SegmentedRaftLogWorker (SegmentedRaftLogWorker.java:run(313)) - 80d09bdf-f27a-4fea-b70f-b974835c4ee0@group-51E450FCD9FE-SegmentedRaftLogWorker was interrupted, exiting. There are 0 tasks remaining in the queue.
2019-09-24 22:05:37,316 [java.util.concurrent.ThreadPoolExecutor$Worker@3fa4915e[State = -1, empty queue]] WARN  server.GrpcLogAppender (GrpcLogAppender.java:timeoutAppendRequest(200)) - e37ecff0-7bf0-4739-a92f-4116a43db170@group-125BA0261E0D->9ff58228-7100-45ca-a745-15cf8ac5363e-GrpcLogAppender: appendEntries Timeout, request=e37ecff0-7bf0-4739-a92f-4116a43db170->9ff58228-7100-45ca-a745-15cf8ac5363e#5-t6, previous=(t:5, i:0), leaderCommit=2, initializing? false, entries: <empty>
 0.00% |█                                                                                                    |  0/1 Time: 0:00:16 0.00% |█                                                                                                    |  0/1 Time: 0:00:172019-09-24 22:05:39,001 [java.util.concurrent.ThreadPoolExecutor$Worker@a2a9f20[State = -1, empty queue]] WARN  server.GrpcLogAppender (GrpcLogAppender.java:timeoutAppendRequest(200)) - 80d09bdf-f27a-4fea-b70f-b974835c4ee0@group-E31E4B5A01D8->9ff58228-7100-45ca-a745-15cf8ac5363e-GrpcLogAppender: appendEntries Timeout, request=80d09bdf-f27a-4fea-b70f-b974835c4ee0->9ff58228-7100-45ca-a745-15cf8ac5363e#6-t7, previous=(t:0, i:0), leaderCommit=0, initializing? false, entries: <empty>
2019-09-24 22:05:39,624 [EventQueue-PipelineReportForPipelineReportHandler] ERROR pipeline.PipelineReportHandler (PipelineReportHandler.java:onMessage(82)) - Could not process pipeline report=pipelineID {
  id: "dc3e685f-0fd0-4043-b8f0-51e450fcd9fe"
}
 from dn=80d09bdf-f27a-4fea-b70f-b974835c4ee0{ip: 192.168.36.84, host: pr-hdds-2171-6l6hb-1841322612, networkLocation: /default-rack, certSerialId: null} {}
org.apache.ratis.protocol.TimeoutIOException: deadline exceeded after 2999280335ns
	at org.apache.ratis.grpc.GrpcUtil.tryUnwrapException(GrpcUtil.java:82)
	at org.apache.ratis.grpc.GrpcUtil.unwrapException(GrpcUtil.java:75)
	at org.apache.ratis.grpc.client.GrpcClientProtocolClient.blockingCall(GrpcClientProtocolClient.java:178)
	at org.apache.ratis.grpc.client.GrpcClientProtocolClient.groupAdd(GrpcClientProtocolClient.java:147)
	at org.apache.ratis.grpc.client.GrpcClientRpc.sendRequest(GrpcClientRpc.java:94)
	at org.apache.ratis.client.impl.RaftClientImpl.sendRequest(RaftClientImpl.java:278)
	at org.apache.ratis.client.impl.RaftClientImpl.groupRemove(RaftClientImpl.java:215)
	at org.apache.hadoop.hdds.scm.pipeline.RatisPipelineUtils.destroyPipeline(RatisPipelineUtils.java:97)
	at org.apache.hadoop.hdds.scm.pipeline.PipelineReportHandler.processPipelineReport(PipelineReportHandler.java:100)
	at org.apache.hadoop.hdds.scm.pipeline.PipelineReportHandler.onMessage(PipelineReportHandler.java:80)
	at org.apache.hadoop.hdds.scm.pipeline.PipelineReportHandler.onMessage(PipelineReportHandler.java:44)
	at org.apache.hadoop.hdds.server.events.SingleThreadExecutor.lambda$onMessage$1(SingleThreadExecutor.java:85)
	at java.util.concurrent.ThreadPoolExecutor.runWorker(ThreadPoolExecutor.java:1149)
	at java.util.concurrent.ThreadPoolExecutor$Worker.run(ThreadPoolExecutor.java:624)
	at java.lang.Thread.run(Thread.java:748)
Caused by: org.apache.ratis.thirdparty.io.grpc.StatusRuntimeException: DEADLINE_EXCEEDED: deadline exceeded after 2999280335ns
	at org.apache.ratis.thirdparty.io.grpc.stub.ClientCalls.toStatusRuntimeException(ClientCalls.java:233)
	at org.apache.ratis.thirdparty.io.grpc.stub.ClientCalls.getUnchecked(ClientCalls.java:214)
	at org.apache.ratis.thirdparty.io.grpc.stub.ClientCalls.blockingUnaryCall(ClientCalls.java:139)
	at org.apache.ratis.proto.grpc.AdminProtocolServiceGrpc$AdminProtocolServiceBlockingStub.groupManagement(AdminProtocolServiceGrpc.java:274)
	at org.apache.ratis.grpc.client.GrpcClientProtocolClient.lambda$groupAdd$3(GrpcClientProtocolClient.java:149)
	at org.apache.ratis.grpc.client.GrpcClientProtocolClient.blockingCall(GrpcClientProtocolClient.java:176)
	... 12 more
 0.00% |█                                                                                                    |  0/1 Time: 0:00:182019-09-24 22:05:39,632 [grpc-default-executor-11] INFO  impl.RaftServerProxy (RaftServerProxy.java:remove(95)) - 80d09bdf-f27a-4fea-b70f-b974835c4ee0: remove    LEADER 80d09bdf-f27a-4fea-b70f-b974835c4ee0@group-269B06FD0F5D:t6, leader=80d09bdf-f27a-4fea-b70f-b974835c4ee0, voted=80d09bdf-f27a-4fea-b70f-b974835c4ee0, raftlog=80d09bdf-f27a-4fea-b70f-b974835c4ee0@group-269B06FD0F5D-SegmentedRaftLog:OPENED:c2,f2,i2, conf=1: [9ff58228-7100-45ca-a745-15cf8ac5363e:192.168.36.84:42178, 80d09bdf-f27a-4fea-b70f-b974835c4ee0:192.168.36.84:38661, e37ecff0-7bf0-4739-a92f-4116a43db170:192.168.36.84:33861], old=null RUNNING
2019-09-24 22:05:39,633 [grpc-default-executor-11] INFO  impl.RaftServerImpl (RaftServerImpl.java:lambda$shutdown$3(251)) - 80d09bdf-f27a-4fea-b70f-b974835c4ee0@group-269B06FD0F5D: shutdown
2019-09-24 22:05:39,633 [grpc-default-executor-11] INFO  util.JmxRegister (JmxRegister.java:unregister(73)) - Successfully un-registered JMX Bean with object name Ratis:service=RaftServer,group=group-269B06FD0F5D,id=80d09bdf-f27a-4fea-b70f-b974835c4ee0
2019-09-24 22:05:39,634 [grpc-default-executor-11] INFO  impl.RoleInfo (RoleInfo.java:shutdownLeaderState(104)) - 80d09bdf-f27a-4fea-b70f-b974835c4ee0: shutdown LeaderState
2019-09-24 22:05:39,639 [org.apache.ratis.server.impl.LogAppender$AppenderDaemon$$Lambda$915/469271495@2efdfd23] WARN  server.GrpcLogAppender (GrpcLogAppender.java:mayWait(143)) - 80d09bdf-f27a-4fea-b70f-b974835c4ee0@group-269B06FD0F5D->9ff58228-7100-45ca-a745-15cf8ac5363e-GrpcLogAppender: Wait interrupted by java.lang.InterruptedException
2019-09-24 22:05:39,639 [org.apache.ratis.server.impl.LogAppender$AppenderDaemon$$Lambda$915/469271495@215c4e61] WARN  server.GrpcLogAppender (GrpcLogAppender.java:mayWait(143)) - 80d09bdf-f27a-4fea-b70f-b974835c4ee0@group-269B06FD0F5D->e37ecff0-7bf0-4739-a92f-4116a43db170-GrpcLogAppender: Wait interrupted by java.lang.InterruptedException
2019-09-24 22:05:39,639 [grpc-default-executor-11] INFO  impl.PendingRequests (PendingRequests.java:sendNotLeaderResponses(202)) - 80d09bdf-f27a-4fea-b70f-b974835c4ee0-PendingRequests: sendNotLeaderResponses
2019-09-24 22:05:39,642 [grpc-default-executor-0] INFO  server.GrpcServerProtocolService (GrpcServerProtocolService.java:onCompleted(113)) - e37ecff0-7bf0-4739-a92f-4116a43db170: Completed APPEND_ENTRIES, lastRequest: 80d09bdf-f27a-4fea-b70f-b974835c4ee0->e37ecff0-7bf0-4739-a92f-4116a43db170#12-t6, previous=(t:6, i:2), leaderCommit=2, initializing? false, entries: <empty>
2019-09-24 22:05:39,642 [grpc-default-executor-11] INFO  impl.StateMachineUpdater (StateMachineUpdater.java:stopAndJoin(125)) - 80d09bdf-f27a-4fea-b70f-b974835c4ee0@group-269B06FD0F5D-StateMachineUpdater: set stopIndex = 2
2019-09-24 22:05:39,642 [grpc-default-executor-12] INFO  server.GrpcServerProtocolService (GrpcServerProtocolService.java:onCompleted(113)) - 9ff58228-7100-45ca-a745-15cf8ac5363e: Completed APPEND_ENTRIES, lastRequest: 80d09bdf-f27a-4fea-b70f-b974835c4ee0->9ff58228-7100-45ca-a745-15cf8ac5363e#5-t6, previous=(t:5, i:0), leaderCommit=2, initializing? false, entries: <empty>
2019-09-24 22:05:39,643 [grpc-default-executor-0] INFO  server.GrpcLogAppender (GrpcLogAppender.java:onCompleted(293)) - 80d09bdf-f27a-4fea-b70f-b974835c4ee0@group-269B06FD0F5D->e37ecff0-7bf0-4739-a92f-4116a43db170-AppendLogResponseHandler: follower responses appendEntries COMPLETED
2019-09-24 22:05:39,643 [grpc-default-executor-11] INFO  impl.RaftServerImpl (ServerState.java:close(385)) - 80d09bdf-f27a-4fea-b70f-b974835c4ee0@group-269B06FD0F5D: closes. applyIndex: 2
2019-09-24 22:05:39,643 [grpc-default-executor-0] INFO  impl.FollowerInfo (FollowerInfo.java:lambda$new$0(51)) - 80d09bdf-f27a-4fea-b70f-b974835c4ee0@group-269B06FD0F5D->e37ecff0-7bf0-4739-a92f-4116a43db170: nextIndex: updateUnconditionally 3 -> 2
2019-09-24 22:05:39,643 [grpc-default-executor-12] INFO  server.GrpcLogAppender (GrpcLogAppender.java:onCompleted(293)) - 80d09bdf-f27a-4fea-b70f-b974835c4ee0@group-269B06FD0F5D->9ff58228-7100-45ca-a745-15cf8ac5363e-AppendLogResponseHandler: follower responses appendEntries COMPLETED
2019-09-24 22:05:39,644 [grpc-default-executor-0] WARN  server.GrpcLogAppender (LogUtils.java:warn(134)) - 80d09bdf-f27a-4fea-b70f-b974835c4ee0@group-E31E4B5A01D8->e37ecff0-7bf0-4739-a92f-4116a43db170-AppendLogResponseHandler: Failed appendEntries: org.apache.ratis.thirdparty.io.grpc.StatusRuntimeException: UNAVAILABLE: Channel shutdownNow invoked
2019-09-24 22:05:39,644 [80d09bdf-f27a-4fea-b70f-b974835c4ee0@group-269B06FD0F5D-SegmentedRaftLogWorker] INFO  segmented.SegmentedRaftLogWorker (SegmentedRaftLogWorker.java:run(313)) - 80d09bdf-f27a-4fea-b70f-b974835c4ee0@group-269B06FD0F5D-SegmentedRaftLogWorker was interrupted, exiting. There are 0 tasks remaining in the queue.
2019-09-24 22:05:39,644 [grpc-default-executor-0] INFO  impl.FollowerInfo (FollowerInfo.java:lambda$new$0(51)) - 80d09bdf-f27a-4fea-b70f-b974835c4ee0@group-E31E4B5A01D8->e37ecff0-7bf0-4739-a92f-4116a43db170: nextIndex: updateUnconditionally 1 -> 0
2019-09-24 22:05:39,644 [grpc-default-executor-12] INFO  impl.FollowerInfo (FollowerInfo.java:lambda$new$0(51)) - 80d09bdf-f27a-4fea-b70f-b974835c4ee0@group-269B06FD0F5D->9ff58228-7100-45ca-a745-15cf8ac5363e: nextIndex: updateUnconditionally 1 -> 0
2019-09-24 22:05:39,646 [grpc-default-executor-13] WARN  server.GrpcServerProtocolService (LogUtils.java:warn(134)) - 9ff58228-7100-45ca-a745-15cf8ac5363e: installSnapshot onError, lastRequest: 80d09bdf-f27a-4fea-b70f-b974835c4ee0->9ff58228-7100-45ca-a745-15cf8ac5363e#6-t7, previous=(t:0, i:0), leaderCommit=0, initializing? false, entries: <empty>: org.apache.ratis.thirdparty.io.grpc.StatusRuntimeException: CANCELLED: cancelled before receiving half close
2019-09-24 22:05:39,644 [grpc-default-executor-10] WARN  server.GrpcServerProtocolService (LogUtils.java:warn(134)) - e37ecff0-7bf0-4739-a92f-4116a43db170: installSnapshot onError, lastRequest: 80d09bdf-f27a-4fea-b70f-b974835c4ee0->e37ecff0-7bf0-4739-a92f-4116a43db170#14-t7, previous=(t:7, i:0), leaderCommit=0, initializing? false, entries: <empty>: org.apache.ratis.thirdparty.io.grpc.StatusRuntimeException: CANCELLED: cancelled before receiving half close
2019-09-24 22:05:39,644 [grpc-default-executor-9] WARN  server.GrpcLogAppender (LogUtils.java:warn(134)) - 80d09bdf-f27a-4fea-b70f-b974835c4ee0@group-E31E4B5A01D8->9ff58228-7100-45ca-a745-15cf8ac5363e-AppendLogResponseHandler: Failed appendEntries: org.apache.ratis.thirdparty.io.grpc.StatusRuntimeException: UNAVAILABLE: Channel shutdownNow invoked
2019-09-24 22:05:39,647 [grpc-default-executor-9] INFO  impl.FollowerInfo (FollowerInfo.java:lambda$new$0(51)) - 80d09bdf-f27a-4fea-b70f-b974835c4ee0@group-E31E4B5A01D8->9ff58228-7100-45ca-a745-15cf8ac5363e: nextIndex: updateUnconditionally 0 -> 0
2019-09-24 22:05:40,264 [grpc-default-executor-2] INFO  segmented.SegmentedRaftLogWorker (SegmentedRaftLogWorker.java:close(228)) - 80d09bdf-f27a-4fea-b70f-b974835c4ee0@group-51E450FCD9FE-SegmentedRaftLogWorker close()
2019-09-24 22:05:40,264 [grpc-default-executor-11] INFO  segmented.SegmentedRaftLogWorker (SegmentedRaftLogWorker.java:close(228)) - 80d09bdf-f27a-4fea-b70f-b974835c4ee0@group-269B06FD0F5D-SegmentedRaftLogWorker close()
2019-09-24 22:05:40,620 [java.util.concurrent.ThreadPoolExecutor$Worker@2a7d89d3[State = -1, empty queue]] WARN  server.GrpcLogAppender (GrpcLogAppender.java:timeoutAppendRequest(200)) - e37ecff0-7bf0-4739-a92f-4116a43db170@group-7E2616745F8B->9ff58228-7100-45ca-a745-15cf8ac5363e-GrpcLogAppender: appendEntries Timeout, request=e37ecff0-7bf0-4739-a92f-4116a43db170->9ff58228-7100-45ca-a745-15cf8ac5363e#5-t7, previous=(t:6, i:0), leaderCommit=2, initializing? false, entries: <empty>
 0.00% |█                                                                                                    |  0/1 Time: 0:00:192019-09-24 22:05:41,013 [grpc-default-executor-9] INFO  impl.RaftServerImpl (ServerState.java:setRaftConf(354)) - e37ecff0-7bf0-4739-a92f-4116a43db170@group-E31E4B5A01D8: set configuration 0: [9ff58228-7100-45ca-a745-15cf8ac5363e:192.168.36.84:42178, 80d09bdf-f27a-4fea-b70f-b974835c4ee0:192.168.36.84:38661, e37ecff0-7bf0-4739-a92f-4116a43db170:192.168.36.84:33861], old=null at 0
2019-09-24 22:05:41,143 [grpc-default-executor-11] INFO  impl.RaftServerProxy (RaftServerProxy.java:remove(95)) - 80d09bdf-f27a-4fea-b70f-b974835c4ee0: remove  FOLLOWER 80d09bdf-f27a-4fea-b70f-b974835c4ee0@group-125BA0261E0D:t6, leader=e37ecff0-7bf0-4739-a92f-4116a43db170, voted=e37ecff0-7bf0-4739-a92f-4116a43db170, raftlog=80d09bdf-f27a-4fea-b70f-b974835c4ee0@group-125BA0261E0D-SegmentedRaftLog:OPENED:c2,f2,i2, conf=1: [9ff58228-7100-45ca-a745-15cf8ac5363e:192.168.36.84:42178, 80d09bdf-f27a-4fea-b70f-b974835c4ee0:192.168.36.84:38661, e37ecff0-7bf0-4739-a92f-4116a43db170:192.168.36.84:33861], old=null RUNNING
2019-09-24 22:05:41,143 [grpc-default-executor-11] INFO  impl.RaftServerImpl (RaftServerImpl.java:lambda$shutdown$3(251)) - 80d09bdf-f27a-4fea-b70f-b974835c4ee0@group-125BA0261E0D: shutdown
2019-09-24 22:05:41,144 [grpc-default-executor-11] INFO  util.JmxRegister (JmxRegister.java:unregister(73)) - Successfully un-registered JMX Bean with object name Ratis:service=RaftServer,group=group-125BA0261E0D,id=80d09bdf-f27a-4fea-b70f-b974835c4ee0
2019-09-24 22:05:41,144 [grpc-default-executor-11] INFO  impl.RoleInfo (RoleInfo.java:shutdownFollowerState(121)) - 80d09bdf-f27a-4fea-b70f-b974835c4ee0: shutdown FollowerState
2019-09-24 22:05:41,144 [grpc-default-executor-11] INFO  impl.StateMachineUpdater (StateMachineUpdater.java:stopAndJoin(125)) - 80d09bdf-f27a-4fea-b70f-b974835c4ee0@group-125BA0261E0D-StateMachineUpdater: set stopIndex = 2
2019-09-24 22:05:41,144 [Thread-1728] INFO  impl.FollowerState (FollowerState.java:run(115)) - 80d09bdf-f27a-4fea-b70f-b974835c4ee0: FollowerState was interrupted: java.lang.InterruptedException: sleep interrupted
2019-09-24 22:05:41,144 [grpc-default-executor-11] INFO  impl.RaftServerImpl (ServerState.java:close(385)) - 80d09bdf-f27a-4fea-b70f-b974835c4ee0@group-125BA0261E0D: closes. applyIndex: 2
2019-09-24 22:05:41,145 [80d09bdf-f27a-4fea-b70f-b974835c4ee0@group-125BA0261E0D-SegmentedRaftLogWorker] INFO  segmented.SegmentedRaftLogWorker (SegmentedRaftLogWorker.java:run(313)) - 80d09bdf-f27a-4fea-b70f-b974835c4ee0@group-125BA0261E0D-SegmentedRaftLogWorker was interrupted, exiting. There are 0 tasks remaining in the queue.
2019-09-24 22:05:41,152 [grpc-default-executor-11] INFO  segmented.SegmentedRaftLogWorker (SegmentedRaftLogWorker.java:close(228)) - 80d09bdf-f27a-4fea-b70f-b974835c4ee0@group-125BA0261E0D-SegmentedRaftLogWorker close()
2019-09-24 22:05:41,161 [grpc-default-executor-11] INFO  impl.RaftServerProxy (RaftServerProxy.java:remove(95)) - 80d09bdf-f27a-4fea-b70f-b974835c4ee0: remove    LEADER 80d09bdf-f27a-4fea-b70f-b974835c4ee0@group-E31E4B5A01D8:t7, leader=80d09bdf-f27a-4fea-b70f-b974835c4ee0, voted=80d09bdf-f27a-4fea-b70f-b974835c4ee0, raftlog=80d09bdf-f27a-4fea-b70f-b974835c4ee0@group-E31E4B5A01D8-SegmentedRaftLog:OPENED:c0,f0,i0, conf=0: [9ff58228-7100-45ca-a745-15cf8ac5363e:192.168.36.84:42178, 80d09bdf-f27a-4fea-b70f-b974835c4ee0:192.168.36.84:38661, e37ecff0-7bf0-4739-a92f-4116a43db170:192.168.36.84:33861], old=null RUNNING
2019-09-24 22:05:41,161 [grpc-default-executor-11] INFO  impl.RaftServerImpl (RaftServerImpl.java:lambda$shutdown$3(251)) - 80d09bdf-f27a-4fea-b70f-b974835c4ee0@group-E31E4B5A01D8: shutdown
2019-09-24 22:05:41,162 [grpc-default-executor-11] INFO  util.JmxRegister (JmxRegister.java:unregister(73)) - Successfully un-registered JMX Bean with object name Ratis:service=RaftServer,group=group-E31E4B5A01D8,id=80d09bdf-f27a-4fea-b70f-b974835c4ee0
2019-09-24 22:05:41,162 [grpc-default-executor-11] INFO  impl.RoleInfo (RoleInfo.java:shutdownLeaderState(104)) - 80d09bdf-f27a-4fea-b70f-b974835c4ee0: shutdown LeaderState
2019-09-24 22:05:41,166 [grpc-default-executor-11] INFO  impl.PendingRequests (PendingRequests.java:sendNotLeaderResponses(202)) - 80d09bdf-f27a-4fea-b70f-b974835c4ee0-PendingRequests: sendNotLeaderResponses
2019-09-24 22:05:41,166 [org.apache.ratis.server.impl.LogAppender$AppenderDaemon$$Lambda$915/469271495@c010c3f] WARN  server.GrpcLogAppender (GrpcLogAppender.java:mayWait(143)) - 80d09bdf-f27a-4fea-b70f-b974835c4ee0@group-E31E4B5A01D8->e37ecff0-7bf0-4739-a92f-4116a43db170-GrpcLogAppender: Wait interrupted by java.lang.InterruptedException
2019-09-24 22:05:41,166 [grpc-default-executor-11] INFO  impl.StateMachineUpdater (StateMachineUpdater.java:stopAndJoin(125)) - 80d09bdf-f27a-4fea-b70f-b974835c4ee0@group-E31E4B5A01D8-StateMachineUpdater: set stopIndex = 0
2019-09-24 22:05:41,167 [grpc-default-executor-2] INFO  server.GrpcServerProtocolService (GrpcServerProtocolService.java:onCompleted(113)) - e37ecff0-7bf0-4739-a92f-4116a43db170: Completed APPEND_ENTRIES, lastRequest: 80d09bdf-f27a-4fea-b70f-b974835c4ee0->e37ecff0-7bf0-4739-a92f-4116a43db170#16-t7, previous=(t:0, i:0), leaderCommit=0, initializing? false, entries: size=1, first=(t:7, i:0), CONFIGURATIONENTRY
2019-09-24 22:05:41,167 [grpc-default-executor-11] INFO  impl.RaftServerImpl (ServerState.java:close(385)) - 80d09bdf-f27a-4fea-b70f-b974835c4ee0@group-E31E4B5A01D8: closes. applyIndex: 0
2019-09-24 22:05:41,167 [org.apache.ratis.server.impl.LogAppender$AppenderDaemon$$Lambda$915/469271495@3412bf31] WARN  server.GrpcLogAppender (GrpcLogAppender.java:mayWait(143)) - 80d09bdf-f27a-4fea-b70f-b974835c4ee0@group-E31E4B5A01D8->9ff58228-7100-45ca-a745-15cf8ac5363e-GrpcLogAppender: Wait interrupted by java.lang.InterruptedException
2019-09-24 22:05:41,167 [grpc-default-executor-2] INFO  server.GrpcLogAppender (GrpcLogAppender.java:onCompleted(293)) - 80d09bdf-f27a-4fea-b70f-b974835c4ee0@group-E31E4B5A01D8->e37ecff0-7bf0-4739-a92f-4116a43db170-AppendLogResponseHandler: follower responses appendEntries COMPLETED
2019-09-24 22:05:41,167 [grpc-default-executor-9] INFO  server.GrpcServerProtocolService (GrpcServerProtocolService.java:onCompleted(113)) - 9ff58228-7100-45ca-a745-15cf8ac5363e: Completed APPEND_ENTRIES, lastRequest: 80d09bdf-f27a-4fea-b70f-b974835c4ee0->9ff58228-7100-45ca-a745-15cf8ac5363e#7-t7, previous=(t:0, i:0), leaderCommit=0, initializing? false, entries: <empty>
2019-09-24 22:05:41,167 [80d09bdf-f27a-4fea-b70f-b974835c4ee0@group-E31E4B5A01D8-SegmentedRaftLogWorker] INFO  segmented.SegmentedRaftLogWorker (SegmentedRaftLogWorker.java:run(313)) - 80d09bdf-f27a-4fea-b70f-b974835c4ee0@group-E31E4B5A01D8-SegmentedRaftLogWorker was interrupted, exiting. There are 0 tasks remaining in the queue.
2019-09-24 22:05:41,168 [grpc-default-executor-2] INFO  impl.FollowerInfo (FollowerInfo.java:lambda$new$0(51)) - 80d09bdf-f27a-4fea-b70f-b974835c4ee0@group-E31E4B5A01D8->e37ecff0-7bf0-4739-a92f-4116a43db170: nextIndex: updateUnconditionally 1 -> 0
2019-09-24 22:05:41,170 [grpc-default-executor-11] INFO  segmented.SegmentedRaftLogWorker (SegmentedRaftLogWorker.java:close(228)) - 80d09bdf-f27a-4fea-b70f-b974835c4ee0@group-E31E4B5A01D8-SegmentedRaftLogWorker close()
2019-09-24 22:05:41,168 [grpc-default-executor-9] INFO  server.GrpcLogAppender (GrpcLogAppender.java:onCompleted(293)) - 80d09bdf-f27a-4fea-b70f-b974835c4ee0@group-E31E4B5A01D8->9ff58228-7100-45ca-a745-15cf8ac5363e-AppendLogResponseHandler: follower responses appendEntries COMPLETED
2019-09-24 22:05:41,174 [grpc-default-executor-9] INFO  impl.FollowerInfo (FollowerInfo.java:lambda$new$0(51)) - 80d09bdf-f27a-4fea-b70f-b974835c4ee0@group-E31E4B5A01D8->9ff58228-7100-45ca-a745-15cf8ac5363e: nextIndex: updateUnconditionally 0 -> 0
2019-09-24 22:05:41,178 [grpc-default-executor-11] INFO  impl.RaftServerProxy (RaftServerProxy.java:remove(95)) - 80d09bdf-f27a-4fea-b70f-b974835c4ee0: remove  FOLLOWER 80d09bdf-f27a-4fea-b70f-b974835c4ee0@group-7E2616745F8B:t7, leader=e37ecff0-7bf0-4739-a92f-4116a43db170, voted=e37ecff0-7bf0-4739-a92f-4116a43db170, raftlog=80d09bdf-f27a-4fea-b70f-b974835c4ee0@group-7E2616745F8B-SegmentedRaftLog:OPENED:c2,f2,i2, conf=1: [9ff58228-7100-45ca-a745-15cf8ac5363e:192.168.36.84:42178, 80d09bdf-f27a-4fea-b70f-b974835c4ee0:192.168.36.84:38661, e37ecff0-7bf0-4739-a92f-4116a43db170:192.168.36.84:33861], old=null RUNNING
2019-09-24 22:05:41,178 [grpc-default-executor-11] INFO  impl.RaftServerImpl (RaftServerImpl.java:lambda$shutdown$3(251)) - 80d09bdf-f27a-4fea-b70f-b974835c4ee0@group-7E2616745F8B: shutdown
2019-09-24 22:05:41,179 [grpc-default-executor-11] INFO  util.JmxRegister (JmxRegister.java:unregister(73)) - Successfully un-registered JMX Bean with object name Ratis:service=RaftServer,group=group-7E2616745F8B,id=80d09bdf-f27a-4fea-b70f-b974835c4ee0
2019-09-24 22:05:41,179 [grpc-default-executor-11] INFO  impl.RoleInfo (RoleInfo.java:shutdownFollowerState(121)) - 80d09bdf-f27a-4fea-b70f-b974835c4ee0: shutdown FollowerState
2019-09-24 22:05:41,179 [grpc-default-executor-11] INFO  impl.StateMachineUpdater (StateMachineUpdater.java:stopAndJoin(125)) - 80d09bdf-f27a-4fea-b70f-b974835c4ee0@group-7E2616745F8B-StateMachineUpdater: set stopIndex = 2
2019-09-24 22:05:41,179 [Thread-2807] INFO  impl.FollowerState (FollowerState.java:run(115)) - 80d09bdf-f27a-4fea-b70f-b974835c4ee0: FollowerState was interrupted: java.lang.InterruptedException: sleep interrupted
2019-09-24 22:05:41,179 [grpc-default-executor-11] INFO  impl.RaftServerImpl (ServerState.java:close(385)) - 80d09bdf-f27a-4fea-b70f-b974835c4ee0@group-7E2616745F8B: closes. applyIndex: 2
2019-09-24 22:05:41,180 [80d09bdf-f27a-4fea-b70f-b974835c4ee0@group-7E2616745F8B-SegmentedRaftLogWorker] INFO  segmented.SegmentedRaftLogWorker (SegmentedRaftLogWorker.java:run(313)) - 80d09bdf-f27a-4fea-b70f-b974835c4ee0@group-7E2616745F8B-SegmentedRaftLogWorker was interrupted, exiting. There are 0 tasks remaining in the queue.
2019-09-24 22:05:41,182 [grpc-default-executor-11] INFO  segmented.SegmentedRaftLogWorker (SegmentedRaftLogWorker.java:close(228)) - 80d09bdf-f27a-4fea-b70f-b974835c4ee0@group-7E2616745F8B-SegmentedRaftLogWorker close()
 0.00% |█                                                                                                    |  0/1 Time: 0:00:202019-09-24 22:05:42,525 [java.util.concurrent.ThreadPoolExecutor$Worker@3fa4915e[State = -1, empty queue]] WARN  server.GrpcLogAppender (GrpcLogAppender.java:timeoutAppendRequest(200)) - e37ecff0-7bf0-4739-a92f-4116a43db170@group-125BA0261E0D->9ff58228-7100-45ca-a745-15cf8ac5363e-GrpcLogAppender: appendEntries Timeout, request=e37ecff0-7bf0-4739-a92f-4116a43db170->9ff58228-7100-45ca-a745-15cf8ac5363e#6-t6, previous=(t:5, i:0), leaderCommit=2, initializing? false, entries: <empty>
 0.00% |█                                                                                                    |  0/1 Time: 0:00:212019-09-24 22:05:43,699 [Thread-2803] INFO  impl.FollowerState (FollowerState.java:run(106)) - e37ecff0-7bf0-4739-a92f-4116a43db170:group-269B06FD0F5D changes to CANDIDATE, lastRpcTime:5193, electionTimeout:5113ms
2019-09-24 22:05:43,700 [Thread-2803] INFO  impl.RoleInfo (RoleInfo.java:shutdownFollowerState(121)) - e37ecff0-7bf0-4739-a92f-4116a43db170: shutdown FollowerState
2019-09-24 22:05:43,700 [Thread-2803] INFO  impl.RaftServerImpl (RaftServerImpl.java:setRole(174)) - e37ecff0-7bf0-4739-a92f-4116a43db170@group-269B06FD0F5D: changes role from  FOLLOWER to CANDIDATE at term 6 for changeToCandidate
2019-09-24 22:05:43,700 [Thread-2803] INFO  impl.RoleInfo (RoleInfo.java:updateAndGet(143)) - e37ecff0-7bf0-4739-a92f-4116a43db170: start LeaderElection
2019-09-24 22:05:43,701 [e37ecff0-7bf0-4739-a92f-4116a43db170@group-269B06FD0F5D:LeaderElection64] INFO  impl.RaftServerImpl (ServerState.java:setLeader(253)) - e37ecff0-7bf0-4739-a92f-4116a43db170@group-269B06FD0F5D: change Leader from 80d09bdf-f27a-4fea-b70f-b974835c4ee0 to null at term 6 for initElection
 0.00% |█                                                                                                    |  0/1 Time: 0:00:222019-09-24 22:05:44,151 [e37ecff0-7bf0-4739-a92f-4116a43db170@group-269B06FD0F5D:LeaderElection64] INFO  impl.LeaderElection (LeaderElection.java:askForVotes(182)) - e37ecff0-7bf0-4739-a92f-4116a43db170@group-269B06FD0F5D:LeaderElection64: begin an election at term 7 for 1: [9ff58228-7100-45ca-a745-15cf8ac5363e:192.168.36.84:42178, 80d09bdf-f27a-4fea-b70f-b974835c4ee0:192.168.36.84:38661, e37ecff0-7bf0-4739-a92f-4116a43db170:192.168.36.84:33861], old=null
2019-09-24 22:05:44,155 [grpc-default-executor-13] WARN  server.GrpcServerProtocolService (LogUtils.java:warn(136)) - 80d09bdf-f27a-4fea-b70f-b974835c4ee0: Failed requestVote e37ecff0-7bf0-4739-a92f-4116a43db170->80d09bdf-f27a-4fea-b70f-b974835c4ee0#0
org.apache.ratis.protocol.GroupMismatchException: 80d09bdf-f27a-4fea-b70f-b974835c4ee0: group-269B06FD0F5D not found.
	at org.apache.ratis.server.impl.RaftServerProxy$ImplMap.get(RaftServerProxy.java:122)
	at org.apache.ratis.server.impl.RaftServerProxy.getImplFuture(RaftServerProxy.java:269)
	at org.apache.ratis.server.impl.RaftServerProxy.getImpl(RaftServerProxy.java:278)
	at org.apache.ratis.server.impl.RaftServerProxy.getImpl(RaftServerProxy.java:273)
	at org.apache.ratis.server.impl.RaftServerProxy.requestVote(RaftServerProxy.java:443)
	at org.apache.ratis.grpc.server.GrpcServerProtocolService.requestVote(GrpcServerProtocolService.java:142)
	at org.apache.ratis.proto.grpc.RaftServerProtocolServiceGrpc$MethodHandlers.invoke(RaftServerProtocolServiceGrpc.java:319)
	at org.apache.ratis.thirdparty.io.grpc.stub.ServerCalls$UnaryServerCallHandler$UnaryServerCallListener.onHalfClose(ServerCalls.java:171)
	at org.apache.ratis.thirdparty.io.grpc.internal.ServerCallImpl$ServerStreamListenerImpl.halfClosed(ServerCallImpl.java:283)
	at org.apache.ratis.thirdparty.io.grpc.internal.ServerImpl$JumpToApplicationThreadServerStreamListener$1HalfClosed.runInContext(ServerImpl.java:710)
	at org.apache.ratis.thirdparty.io.grpc.internal.ContextRunnable.run(ContextRunnable.java:37)
	at org.apache.ratis.thirdparty.io.grpc.internal.SerializingExecutor.run(SerializingExecutor.java:123)
	at java.util.concurrent.ThreadPoolExecutor.runWorker(ThreadPoolExecutor.java:1149)
	at java.util.concurrent.ThreadPoolExecutor$Worker.run(ThreadPoolExecutor.java:624)
	at java.lang.Thread.run(Thread.java:748)
2019-09-24 22:05:44,155 [grpc-default-executor-2] WARN  server.GrpcServerProtocolService (LogUtils.java:warn(136)) - 9ff58228-7100-45ca-a745-15cf8ac5363e: Failed requestVote e37ecff0-7bf0-4739-a92f-4116a43db170->9ff58228-7100-45ca-a745-15cf8ac5363e#0
org.apache.ratis.protocol.GroupMismatchException: 9ff58228-7100-45ca-a745-15cf8ac5363e: group-269B06FD0F5D not found.
	at org.apache.ratis.server.impl.RaftServerProxy$ImplMap.get(RaftServerProxy.java:122)
	at org.apache.ratis.server.impl.RaftServerProxy.getImplFuture(RaftServerProxy.java:269)
	at org.apache.ratis.server.impl.RaftServerProxy.getImpl(RaftServerProxy.java:278)
	at org.apache.ratis.server.impl.RaftServerProxy.getImpl(RaftServerProxy.java:273)
	at org.apache.ratis.server.impl.RaftServerProxy.requestVote(RaftServerProxy.java:443)
	at org.apache.ratis.grpc.server.GrpcServerProtocolService.requestVote(GrpcServerProtocolService.java:142)
	at org.apache.ratis.proto.grpc.RaftServerProtocolServiceGrpc$MethodHandlers.invoke(RaftServerProtocolServiceGrpc.java:319)
	at org.apache.ratis.thirdparty.io.grpc.stub.ServerCalls$UnaryServerCallHandler$UnaryServerCallListener.onHalfClose(ServerCalls.java:171)
	at org.apache.ratis.thirdparty.io.grpc.internal.ServerCallImpl$ServerStreamListenerImpl.halfClosed(ServerCallImpl.java:283)
	at org.apache.ratis.thirdparty.io.grpc.internal.ServerImpl$JumpToApplicationThreadServerStreamListener$1HalfClosed.runInContext(ServerImpl.java:710)
	at org.apache.ratis.thirdparty.io.grpc.internal.ContextRunnable.run(ContextRunnable.java:37)
	at org.apache.ratis.thirdparty.io.grpc.internal.SerializingExecutor.run(SerializingExecutor.java:123)
	at java.util.concurrent.ThreadPoolExecutor.runWorker(ThreadPoolExecutor.java:1149)
	at java.util.concurrent.ThreadPoolExecutor$Worker.run(ThreadPoolExecutor.java:624)
	at java.lang.Thread.run(Thread.java:748)
2019-09-24 22:05:44,158 [e37ecff0-7bf0-4739-a92f-4116a43db170@group-269B06FD0F5D:LeaderElection64] INFO  impl.LeaderElection (LogUtils.java:infoOrTrace(149)) - e37ecff0-7bf0-4739-a92f-4116a43db170@group-269B06FD0F5D:LeaderElection64 got exception when requesting votes: {}
java.util.concurrent.ExecutionException: org.apache.ratis.thirdparty.io.grpc.StatusRuntimeException: INTERNAL: 80d09bdf-f27a-4fea-b70f-b974835c4ee0: group-269B06FD0F5D not found.
	at java.util.concurrent.FutureTask.report(FutureTask.java:122)
	at java.util.concurrent.FutureTask.get(FutureTask.java:192)
	at org.apache.ratis.server.impl.LeaderElection.waitForResults(LeaderElection.java:263)
	at org.apache.ratis.server.impl.LeaderElection.askForVotes(LeaderElection.java:201)
	at org.apache.ratis.server.impl.LeaderElection.run(LeaderElection.java:133)
	at java.lang.Thread.run(Thread.java:748)
Caused by: org.apache.ratis.thirdparty.io.grpc.StatusRuntimeException: INTERNAL: 80d09bdf-f27a-4fea-b70f-b974835c4ee0: group-269B06FD0F5D not found.
	at org.apache.ratis.thirdparty.io.grpc.stub.ClientCalls.toStatusRuntimeException(ClientCalls.java:233)
	at org.apache.ratis.thirdparty.io.grpc.stub.ClientCalls.getUnchecked(ClientCalls.java:214)
	at org.apache.ratis.thirdparty.io.grpc.stub.ClientCalls.blockingUnaryCall(ClientCalls.java:139)
	at org.apache.ratis.proto.grpc.RaftServerProtocolServiceGrpc$RaftServerProtocolServiceBlockingStub.requestVote(RaftServerProtocolServiceGrpc.java:265)
	at org.apache.ratis.grpc.server.GrpcServerProtocolClient.requestVote(GrpcServerProtocolClient.java:90)
	at org.apache.ratis.grpc.server.GrpcService.requestVote(GrpcService.java:204)
	at org.apache.ratis.server.impl.LeaderElection.lambda$submitRequests$1(LeaderElection.java:238)
	at java.util.concurrent.FutureTask.run(FutureTask.java:266)
	at java.util.concurrent.Executors$RunnableAdapter.call(Executors.java:511)
	at java.util.concurrent.FutureTask.run(FutureTask.java:266)
	at java.util.concurrent.ThreadPoolExecutor.runWorker(ThreadPoolExecutor.java:1149)
	at java.util.concurrent.ThreadPoolExecutor$Worker.run(ThreadPoolExecutor.java:624)
	... 1 more
2019-09-24 22:05:44,172 [e37ecff0-7bf0-4739-a92f-4116a43db170@group-269B06FD0F5D:LeaderElection64] INFO  impl.LeaderElection (LogUtils.java:infoOrTrace(149)) - e37ecff0-7bf0-4739-a92f-4116a43db170@group-269B06FD0F5D:LeaderElection64 got exception when requesting votes: {}
java.util.concurrent.ExecutionException: org.apache.ratis.thirdparty.io.grpc.StatusRuntimeException: INTERNAL: 9ff58228-7100-45ca-a745-15cf8ac5363e: group-269B06FD0F5D not found.
	at java.util.concurrent.FutureTask.report(FutureTask.java:122)
	at java.util.concurrent.FutureTask.get(FutureTask.java:192)
	at org.apache.ratis.server.impl.LeaderElection.waitForResults(LeaderElection.java:263)
	at org.apache.ratis.server.impl.LeaderElection.askForVotes(LeaderElection.java:201)
	at org.apache.ratis.server.impl.LeaderElection.run(LeaderElection.java:133)
	at java.lang.Thread.run(Thread.java:748)
Caused by: org.apache.ratis.thirdparty.io.grpc.StatusRuntimeException: INTERNAL: 9ff58228-7100-45ca-a745-15cf8ac5363e: group-269B06FD0F5D not found.
	at org.apache.ratis.thirdparty.io.grpc.stub.ClientCalls.toStatusRuntimeException(ClientCalls.java:233)
	at org.apache.ratis.thirdparty.io.grpc.stub.ClientCalls.getUnchecked(ClientCalls.java:214)
	at org.apache.ratis.thirdparty.io.grpc.stub.ClientCalls.blockingUnaryCall(ClientCalls.java:139)
	at org.apache.ratis.proto.grpc.RaftServerProtocolServiceGrpc$RaftServerProtocolServiceBlockingStub.requestVote(RaftServerProtocolServiceGrpc.java:265)
	at org.apache.ratis.grpc.server.GrpcServerProtocolClient.requestVote(GrpcServerProtocolClient.java:90)
	at org.apache.ratis.grpc.server.GrpcService.requestVote(GrpcService.java:204)
	at org.apache.ratis.server.impl.LeaderElection.lambda$submitRequests$1(LeaderElection.java:238)
	at java.util.concurrent.FutureTask.run(FutureTask.java:266)
	at java.util.concurrent.Executors$RunnableAdapter.call(Executors.java:511)
	at java.util.concurrent.FutureTask.run(FutureTask.java:266)
	at java.util.concurrent.ThreadPoolExecutor.runWorker(ThreadPoolExecutor.java:1149)
	at java.util.concurrent.ThreadPoolExecutor$Worker.run(ThreadPoolExecutor.java:624)
	... 1 more
2019-09-24 22:05:44,175 [e37ecff0-7bf0-4739-a92f-4116a43db170@group-269B06FD0F5D:LeaderElection64] INFO  impl.LeaderElection (LeaderElection.java:logAndReturn(56)) - e37ecff0-7bf0-4739-a92f-4116a43db170@group-269B06FD0F5D:LeaderElection64: Election REJECTED; received 0 response(s) [] and 2 exception(s); e37ecff0-7bf0-4739-a92f-4116a43db170@group-269B06FD0F5D:t7, leader=null, voted=e37ecff0-7bf0-4739-a92f-4116a43db170, raftlog=e37ecff0-7bf0-4739-a92f-4116a43db170@group-269B06FD0F5D-SegmentedRaftLog:OPENED:c2,f2,i2, conf=1: [9ff58228-7100-45ca-a745-15cf8ac5363e:192.168.36.84:42178, 80d09bdf-f27a-4fea-b70f-b974835c4ee0:192.168.36.84:38661, e37ecff0-7bf0-4739-a92f-4116a43db170:192.168.36.84:33861], old=null
2019-09-24 22:05:44,175 [e37ecff0-7bf0-4739-a92f-4116a43db170@group-269B06FD0F5D:LeaderElection64] INFO  impl.LeaderElection (LogUtils.java:infoOrTrace(149)) -   Exception 0: {}
java.util.concurrent.ExecutionException: org.apache.ratis.thirdparty.io.grpc.StatusRuntimeException: INTERNAL: 80d09bdf-f27a-4fea-b70f-b974835c4ee0: group-269B06FD0F5D not found.
	at java.util.concurrent.FutureTask.report(FutureTask.java:122)
	at java.util.concurrent.FutureTask.get(FutureTask.java:192)
	at org.apache.ratis.server.impl.LeaderElection.waitForResults(LeaderElection.java:263)
	at org.apache.ratis.server.impl.LeaderElection.askForVotes(LeaderElection.java:201)
	at org.apache.ratis.server.impl.LeaderElection.run(LeaderElection.java:133)
	at java.lang.Thread.run(Thread.java:748)
Caused by: org.apache.ratis.thirdparty.io.grpc.StatusRuntimeException: INTERNAL: 80d09bdf-f27a-4fea-b70f-b974835c4ee0: group-269B06FD0F5D not found.
	at org.apache.ratis.thirdparty.io.grpc.stub.ClientCalls.toStatusRuntimeException(ClientCalls.java:233)
	at org.apache.ratis.thirdparty.io.grpc.stub.ClientCalls.getUnchecked(ClientCalls.java:214)
	at org.apache.ratis.thirdparty.io.grpc.stub.ClientCalls.blockingUnaryCall(ClientCalls.java:139)
	at org.apache.ratis.proto.grpc.RaftServerProtocolServiceGrpc$RaftServerProtocolServiceBlockingStub.requestVote(RaftServerProtocolServiceGrpc.java:265)
	at org.apache.ratis.grpc.server.GrpcServerProtocolClient.requestVote(GrpcServerProtocolClient.java:90)
	at org.apache.ratis.grpc.server.GrpcService.requestVote(GrpcService.java:204)
	at org.apache.ratis.server.impl.LeaderElection.lambda$submitRequests$1(LeaderElection.java:238)
	at java.util.concurrent.FutureTask.run(FutureTask.java:266)
	at java.util.concurrent.Executors$RunnableAdapter.call(Executors.java:511)
	at java.util.concurrent.FutureTask.run(FutureTask.java:266)
	at java.util.concurrent.ThreadPoolExecutor.runWorker(ThreadPoolExecutor.java:1149)
	at java.util.concurrent.ThreadPoolExecutor$Worker.run(ThreadPoolExecutor.java:624)
	... 1 more
2019-09-24 22:05:44,176 [e37ecff0-7bf0-4739-a92f-4116a43db170@group-269B06FD0F5D:LeaderElection64] INFO  impl.LeaderElection (LogUtils.java:infoOrTrace(149)) -   Exception 1: {}
java.util.concurrent.ExecutionException: org.apache.ratis.thirdparty.io.grpc.StatusRuntimeException: INTERNAL: 9ff58228-7100-45ca-a745-15cf8ac5363e: group-269B06FD0F5D not found.
	at java.util.concurrent.FutureTask.report(FutureTask.java:122)
	at java.util.concurrent.FutureTask.get(FutureTask.java:192)
	at org.apache.ratis.server.impl.LeaderElection.waitForResults(LeaderElection.java:263)
	at org.apache.ratis.server.impl.LeaderElection.askForVotes(LeaderElection.java:201)
	at org.apache.ratis.server.impl.LeaderElection.run(LeaderElection.java:133)
	at java.lang.Thread.run(Thread.java:748)
Caused by: org.apache.ratis.thirdparty.io.grpc.StatusRuntimeException: INTERNAL: 9ff58228-7100-45ca-a745-15cf8ac5363e: group-269B06FD0F5D not found.
	at org.apache.ratis.thirdparty.io.grpc.stub.ClientCalls.toStatusRuntimeException(ClientCalls.java:233)
	at org.apache.ratis.thirdparty.io.grpc.stub.ClientCalls.getUnchecked(ClientCalls.java:214)
	at org.apache.ratis.thirdparty.io.grpc.stub.ClientCalls.blockingUnaryCall(ClientCalls.java:139)
	at org.apache.ratis.proto.grpc.RaftServerProtocolServiceGrpc$RaftServerProtocolServiceBlockingStub.requestVote(RaftServerProtocolServiceGrpc.java:265)
	at org.apache.ratis.grpc.server.GrpcServerProtocolClient.requestVote(GrpcServerProtocolClient.java:90)
	at org.apache.ratis.grpc.server.GrpcService.requestVote(GrpcService.java:204)
	at org.apache.ratis.server.impl.LeaderElection.lambda$submitRequests$1(LeaderElection.java:238)
	at java.util.concurrent.FutureTask.run(FutureTask.java:266)
	at java.util.concurrent.Executors$RunnableAdapter.call(Executors.java:511)
	at java.util.concurrent.FutureTask.run(FutureTask.java:266)
	at java.util.concurrent.ThreadPoolExecutor.runWorker(ThreadPoolExecutor.java:1149)
	at java.util.concurrent.ThreadPoolExecutor$Worker.run(ThreadPoolExecutor.java:624)
	... 1 more
2019-09-24 22:05:44,176 [e37ecff0-7bf0-4739-a92f-4116a43db170@group-269B06FD0F5D:LeaderElection64] INFO  impl.RaftServerImpl (RaftServerImpl.java:setRole(174)) - e37ecff0-7bf0-4739-a92f-4116a43db170@group-269B06FD0F5D: changes role from CANDIDATE to FOLLOWER at term 7 for DISCOVERED_A_NEW_TERM
2019-09-24 22:05:44,176 [e37ecff0-7bf0-4739-a92f-4116a43db170@group-269B06FD0F5D:LeaderElection64] INFO  impl.RoleInfo (RoleInfo.java:shutdownLeaderElection(134)) - e37ecff0-7bf0-4739-a92f-4116a43db170: shutdown LeaderElection
2019-09-24 22:05:44,176 [e37ecff0-7bf0-4739-a92f-4116a43db170@group-269B06FD0F5D:LeaderElection64] INFO  impl.RoleInfo (RoleInfo.java:updateAndGet(143)) - e37ecff0-7bf0-4739-a92f-4116a43db170: start FollowerState
 0.00% |█                                                                                                    |  0/1 Time: 0:00:232019-09-24 22:05:44,960 [java.util.concurrent.ThreadPoolExecutor$Worker@12fb6341[State = -1, empty queue]] WARN  server.GrpcLogAppender (GrpcLogAppender.java:timeoutAppendRequest(200)) - e37ecff0-7bf0-4739-a92f-4116a43db170@group-125BA0261E0D->80d09bdf-f27a-4fea-b70f-b974835c4ee0-GrpcLogAppender: appendEntries Timeout, request=e37ecff0-7bf0-4739-a92f-4116a43db170->80d09bdf-f27a-4fea-b70f-b974835c4ee0#15-t6, previous=(t:6, i:2), leaderCommit=2, initializing? false, entries: <empty>
2019-09-24 22:05:45,621 [java.util.concurrent.ThreadPoolExecutor$Worker@2a7d89d3[State = -1, empty queue]] WARN  server.GrpcLogAppender (GrpcLogAppender.java:timeoutAppendRequest(200)) - e37ecff0-7bf0-4739-a92f-4116a43db170@group-7E2616745F8B->9ff58228-7100-45ca-a745-15cf8ac5363e-GrpcLogAppender: appendEntries Timeout, request=e37ecff0-7bf0-4739-a92f-4116a43db170->9ff58228-7100-45ca-a745-15cf8ac5363e#6-t7, previous=(t:6, i:0), leaderCommit=2, initializing? false, entries: <empty>
 0.00% |█                                                                                                    |  0/1 Time: 0:00:242019-09-24 22:05:46,507 [java.util.concurrent.ThreadPoolExecutor$Worker@f7ac79[State = -1, empty queue]] WARN  server.GrpcLogAppender (GrpcLogAppender.java:timeoutAppendRequest(200)) - e37ecff0-7bf0-4739-a92f-4116a43db170@group-7E2616745F8B->80d09bdf-f27a-4fea-b70f-b974835c4ee0-GrpcLogAppender: appendEntries Timeout, request=e37ecff0-7bf0-4739-a92f-4116a43db170->80d09bdf-f27a-4fea-b70f-b974835c4ee0#14-t7, previous=(t:7, i:2), leaderCommit=2, initializing? false, entries: <empty>
2019-09-24 22:05:46,631 [Thread-1714] INFO  impl.FollowerState (FollowerState.java:run(106)) - e37ecff0-7bf0-4739-a92f-4116a43db170:group-E31E4B5A01D8 changes to CANDIDATE, lastRpcTime:5617, electionTimeout:5145ms
2019-09-24 22:05:46,632 [Thread-1714] INFO  impl.RoleInfo (RoleInfo.java:shutdownFollowerState(121)) - e37ecff0-7bf0-4739-a92f-4116a43db170: shutdown FollowerState
2019-09-24 22:05:46,632 [Thread-1714] INFO  impl.RaftServerImpl (RaftServerImpl.java:setRole(174)) - e37ecff0-7bf0-4739-a92f-4116a43db170@group-E31E4B5A01D8: changes role from  FOLLOWER to CANDIDATE at term 7 for changeToCandidate
2019-09-24 22:05:46,632 [Thread-1714] INFO  impl.RoleInfo (RoleInfo.java:updateAndGet(143)) - e37ecff0-7bf0-4739-a92f-4116a43db170: start LeaderElection
2019-09-24 22:05:46,633 [e37ecff0-7bf0-4739-a92f-4116a43db170@group-E31E4B5A01D8:LeaderElection65] INFO  impl.RaftServerImpl (ServerState.java:setLeader(253)) - e37ecff0-7bf0-4739-a92f-4116a43db170@group-E31E4B5A01D8: change Leader from 80d09bdf-f27a-4fea-b70f-b974835c4ee0 to null at term 7 for initElection
 0.00% |█                                                                                                    |  0/1 Time: 0:00:252019-09-24 22:05:47,317 [java.util.concurrent.ThreadPoolExecutor$Worker@3fa4915e[State = -1, empty queue]] WARN  server.GrpcLogAppender (GrpcLogAppender.java:timeoutAppendRequest(200)) - e37ecff0-7bf0-4739-a92f-4116a43db170@group-125BA0261E0D->9ff58228-7100-45ca-a745-15cf8ac5363e-GrpcLogAppender: appendEntries Timeout, request=e37ecff0-7bf0-4739-a92f-4116a43db170->9ff58228-7100-45ca-a745-15cf8ac5363e#7-t6, previous=(t:5, i:0), leaderCommit=2, initializing? false, entries: <empty>
2019-09-24 22:05:47,325 [java.util.concurrent.ThreadPoolExecutor$Worker@12fb6341[State = -1, empty queue]] WARN  server.GrpcLogAppender (GrpcLogAppender.java:timeoutAppendRequest(200)) - e37ecff0-7bf0-4739-a92f-4116a43db170@group-125BA0261E0D->80d09bdf-f27a-4fea-b70f-b974835c4ee0-GrpcLogAppender: appendEntries Timeout, request=e37ecff0-7bf0-4739-a92f-4116a43db170->80d09bdf-f27a-4fea-b70f-b974835c4ee0#16-t6, previous=(t:6, i:2), leaderCommit=2, initializing? false, entries: <empty>
2019-09-24 22:05:47,513 [e37ecff0-7bf0-4739-a92f-4116a43db170@group-E31E4B5A01D8:LeaderElection65] INFO  impl.LeaderElection (LeaderElection.java:askForVotes(182)) - e37ecff0-7bf0-4739-a92f-4116a43db170@group-E31E4B5A01D8:LeaderElection65: begin an election at term 8 for 0: [9ff58228-7100-45ca-a745-15cf8ac5363e:192.168.36.84:42178, 80d09bdf-f27a-4fea-b70f-b974835c4ee0:192.168.36.84:38661, e37ecff0-7bf0-4739-a92f-4116a43db170:192.168.36.84:33861], old=null
2019-09-24 22:05:47,516 [grpc-default-executor-9] WARN  server.GrpcServerProtocolService (LogUtils.java:warn(136)) - 80d09bdf-f27a-4fea-b70f-b974835c4ee0: Failed requestVote e37ecff0-7bf0-4739-a92f-4116a43db170->80d09bdf-f27a-4fea-b70f-b974835c4ee0#0
org.apache.ratis.protocol.GroupMismatchException: 80d09bdf-f27a-4fea-b70f-b974835c4ee0: group-E31E4B5A01D8 not found.
	at org.apache.ratis.server.impl.RaftServerProxy$ImplMap.get(RaftServerProxy.java:122)
	at org.apache.ratis.server.impl.RaftServerProxy.getImplFuture(RaftServerProxy.java:269)
	at org.apache.ratis.server.impl.RaftServerProxy.getImpl(RaftServerProxy.java:278)
	at org.apache.ratis.server.impl.RaftServerProxy.getImpl(RaftServerProxy.java:273)
	at org.apache.ratis.server.impl.RaftServerProxy.requestVote(RaftServerProxy.java:443)
	at org.apache.ratis.grpc.server.GrpcServerProtocolService.requestVote(GrpcServerProtocolService.java:142)
	at org.apache.ratis.proto.grpc.RaftServerProtocolServiceGrpc$MethodHandlers.invoke(RaftServerProtocolServiceGrpc.java:319)
	at org.apache.ratis.thirdparty.io.grpc.stub.ServerCalls$UnaryServerCallHandler$UnaryServerCallListener.onHalfClose(ServerCalls.java:171)
	at org.apache.ratis.thirdparty.io.grpc.internal.ServerCallImpl$ServerStreamListenerImpl.halfClosed(ServerCallImpl.java:283)
	at org.apache.ratis.thirdparty.io.grpc.internal.ServerImpl$JumpToApplicationThreadServerStreamListener$1HalfClosed.runInContext(ServerImpl.java:710)
	at org.apache.ratis.thirdparty.io.grpc.internal.ContextRunnable.run(ContextRunnable.java:37)
	at org.apache.ratis.thirdparty.io.grpc.internal.SerializingExecutor.run(SerializingExecutor.java:123)
	at java.util.concurrent.ThreadPoolExecutor.runWorker(ThreadPoolExecutor.java:1149)
	at java.util.concurrent.ThreadPoolExecutor$Worker.run(ThreadPoolExecutor.java:624)
	at java.lang.Thread.run(Thread.java:748)
2019-09-24 22:05:47,516 [grpc-default-executor-10] WARN  server.GrpcServerProtocolService (LogUtils.java:warn(136)) - 9ff58228-7100-45ca-a745-15cf8ac5363e: Failed requestVote e37ecff0-7bf0-4739-a92f-4116a43db170->9ff58228-7100-45ca-a745-15cf8ac5363e#0
org.apache.ratis.protocol.GroupMismatchException: 9ff58228-7100-45ca-a745-15cf8ac5363e: group-E31E4B5A01D8 not found.
	at org.apache.ratis.server.impl.RaftServerProxy$ImplMap.get(RaftServerProxy.java:122)
	at org.apache.ratis.server.impl.RaftServerProxy.getImplFuture(RaftServerProxy.java:269)
	at org.apache.ratis.server.impl.RaftServerProxy.getImpl(RaftServerProxy.java:278)
	at org.apache.ratis.server.impl.RaftServerProxy.getImpl(RaftServerProxy.java:273)
	at org.apache.ratis.server.impl.RaftServerProxy.requestVote(RaftServerProxy.java:443)
	at org.apache.ratis.grpc.server.GrpcServerProtocolService.requestVote(GrpcServerProtocolService.java:142)
	at org.apache.ratis.proto.grpc.RaftServerProtocolServiceGrpc$MethodHandlers.invoke(RaftServerProtocolServiceGrpc.java:319)
	at org.apache.ratis.thirdparty.io.grpc.stub.ServerCalls$UnaryServerCallHandler$UnaryServerCallListener.onHalfClose(ServerCalls.java:171)
	at org.apache.ratis.thirdparty.io.grpc.internal.ServerCallImpl$ServerStreamListenerImpl.halfClosed(ServerCallImpl.java:283)
	at org.apache.ratis.thirdparty.io.grpc.internal.ServerImpl$JumpToApplicationThreadServerStreamListener$1HalfClosed.runInContext(ServerImpl.java:710)
	at org.apache.ratis.thirdparty.io.grpc.internal.ContextRunnable.run(ContextRunnable.java:37)
	at org.apache.ratis.thirdparty.io.grpc.internal.SerializingExecutor.run(SerializingExecutor.java:123)
	at java.util.concurrent.ThreadPoolExecutor.runWorker(ThreadPoolExecutor.java:1149)
	at java.util.concurrent.ThreadPoolExecutor$Worker.run(ThreadPoolExecutor.java:624)
	at java.lang.Thread.run(Thread.java:748)
2019-09-24 22:05:47,520 [e37ecff0-7bf0-4739-a92f-4116a43db170@group-E31E4B5A01D8:LeaderElection65] INFO  impl.LeaderElection (LogUtils.java:infoOrTrace(149)) - e37ecff0-7bf0-4739-a92f-4116a43db170@group-E31E4B5A01D8:LeaderElection65 got exception when requesting votes: {}
java.util.concurrent.ExecutionException: org.apache.ratis.thirdparty.io.grpc.StatusRuntimeException: INTERNAL: 80d09bdf-f27a-4fea-b70f-b974835c4ee0: group-E31E4B5A01D8 not found.
	at java.util.concurrent.FutureTask.report(FutureTask.java:122)
	at java.util.concurrent.FutureTask.get(FutureTask.java:192)
	at org.apache.ratis.server.impl.LeaderElection.waitForResults(LeaderElection.java:263)
	at org.apache.ratis.server.impl.LeaderElection.askForVotes(LeaderElection.java:201)
	at org.apache.ratis.server.impl.LeaderElection.run(LeaderElection.java:133)
	at java.lang.Thread.run(Thread.java:748)
Caused by: org.apache.ratis.thirdparty.io.grpc.StatusRuntimeException: INTERNAL: 80d09bdf-f27a-4fea-b70f-b974835c4ee0: group-E31E4B5A01D8 not found.
	at org.apache.ratis.thirdparty.io.grpc.stub.ClientCalls.toStatusRuntimeException(ClientCalls.java:233)
	at org.apache.ratis.thirdparty.io.grpc.stub.ClientCalls.getUnchecked(ClientCalls.java:214)
	at org.apache.ratis.thirdparty.io.grpc.stub.ClientCalls.blockingUnaryCall(ClientCalls.java:139)
	at org.apache.ratis.proto.grpc.RaftServerProtocolServiceGrpc$RaftServerProtocolServiceBlockingStub.requestVote(RaftServerProtocolServiceGrpc.java:265)
	at org.apache.ratis.grpc.server.GrpcServerProtocolClient.requestVote(GrpcServerProtocolClient.java:90)
	at org.apache.ratis.grpc.server.GrpcService.requestVote(GrpcService.java:204)
	at org.apache.ratis.server.impl.LeaderElection.lambda$submitRequests$1(LeaderElection.java:238)
	at java.util.concurrent.FutureTask.run(FutureTask.java:266)
	at java.util.concurrent.Executors$RunnableAdapter.call(Executors.java:511)
	at java.util.concurrent.FutureTask.run(FutureTask.java:266)
	at java.util.concurrent.ThreadPoolExecutor.runWorker(ThreadPoolExecutor.java:1149)
	at java.util.concurrent.ThreadPoolExecutor$Worker.run(ThreadPoolExecutor.java:624)
	... 1 more
2019-09-24 22:05:47,523 [e37ecff0-7bf0-4739-a92f-4116a43db170@group-E31E4B5A01D8:LeaderElection65] INFO  impl.LeaderElection (LogUtils.java:infoOrTrace(149)) - e37ecff0-7bf0-4739-a92f-4116a43db170@group-E31E4B5A01D8:LeaderElection65 got exception when requesting votes: {}
java.util.concurrent.ExecutionException: org.apache.ratis.thirdparty.io.grpc.StatusRuntimeException: INTERNAL: 9ff58228-7100-45ca-a745-15cf8ac5363e: group-E31E4B5A01D8 not found.
	at java.util.concurrent.FutureTask.report(FutureTask.java:122)
	at java.util.concurrent.FutureTask.get(FutureTask.java:192)
	at org.apache.ratis.server.impl.LeaderElection.waitForResults(LeaderElection.java:263)
	at org.apache.ratis.server.impl.LeaderElection.askForVotes(LeaderElection.java:201)
	at org.apache.ratis.server.impl.LeaderElection.run(LeaderElection.java:133)
	at java.lang.Thread.run(Thread.java:748)
Caused by: org.apache.ratis.thirdparty.io.grpc.StatusRuntimeException: INTERNAL: 9ff58228-7100-45ca-a745-15cf8ac5363e: group-E31E4B5A01D8 not found.
	at org.apache.ratis.thirdparty.io.grpc.stub.ClientCalls.toStatusRuntimeException(ClientCalls.java:233)
	at org.apache.ratis.thirdparty.io.grpc.stub.ClientCalls.getUnchecked(ClientCalls.java:214)
	at org.apache.ratis.thirdparty.io.grpc.stub.ClientCalls.blockingUnaryCall(ClientCalls.java:139)
	at org.apache.ratis.proto.grpc.RaftServerProtocolServiceGrpc$RaftServerProtocolServiceBlockingStub.requestVote(RaftServerProtocolServiceGrpc.java:265)
	at org.apache.ratis.grpc.server.GrpcServerProtocolClient.requestVote(GrpcServerProtocolClient.java:90)
	at org.apache.ratis.grpc.server.GrpcService.requestVote(GrpcService.java:204)
	at org.apache.ratis.server.impl.LeaderElection.lambda$submitRequests$1(LeaderElection.java:238)
	at java.util.concurrent.FutureTask.run(FutureTask.java:266)
	at java.util.concurrent.Executors$RunnableAdapter.call(Executors.java:511)
	at java.util.concurrent.FutureTask.run(FutureTask.java:266)
	at java.util.concurrent.ThreadPoolExecutor.runWorker(ThreadPoolExecutor.java:1149)
	at java.util.concurrent.ThreadPoolExecutor$Worker.run(ThreadPoolExecutor.java:624)
	... 1 more
2019-09-24 22:05:47,524 [e37ecff0-7bf0-4739-a92f-4116a43db170@group-E31E4B5A01D8:LeaderElection65] INFO  impl.LeaderElection (LeaderElection.java:logAndReturn(56)) - e37ecff0-7bf0-4739-a92f-4116a43db170@group-E31E4B5A01D8:LeaderElection65: Election REJECTED; received 0 response(s) [] and 2 exception(s); e37ecff0-7bf0-4739-a92f-4116a43db170@group-E31E4B5A01D8:t8, leader=null, voted=e37ecff0-7bf0-4739-a92f-4116a43db170, raftlog=e37ecff0-7bf0-4739-a92f-4116a43db170@group-E31E4B5A01D8-SegmentedRaftLog:OPENED:c0,f0,i0, conf=0: [9ff58228-7100-45ca-a745-15cf8ac5363e:192.168.36.84:42178, 80d09bdf-f27a-4fea-b70f-b974835c4ee0:192.168.36.84:38661, e37ecff0-7bf0-4739-a92f-4116a43db170:192.168.36.84:33861], old=null
2019-09-24 22:05:47,524 [e37ecff0-7bf0-4739-a92f-4116a43db170@group-E31E4B5A01D8:LeaderElection65] INFO  impl.LeaderElection (LogUtils.java:infoOrTrace(149)) -   Exception 0: {}
java.util.concurrent.ExecutionException: org.apache.ratis.thirdparty.io.grpc.StatusRuntimeException: INTERNAL: 80d09bdf-f27a-4fea-b70f-b974835c4ee0: group-E31E4B5A01D8 not found.
	at java.util.concurrent.FutureTask.report(FutureTask.java:122)
	at java.util.concurrent.FutureTask.get(FutureTask.java:192)
	at org.apache.ratis.server.impl.LeaderElection.waitForResults(LeaderElection.java:263)
	at org.apache.ratis.server.impl.LeaderElection.askForVotes(LeaderElection.java:201)
	at org.apache.ratis.server.impl.LeaderElection.run(LeaderElection.java:133)
	at java.lang.Thread.run(Thread.java:748)
Caused by: org.apache.ratis.thirdparty.io.grpc.StatusRuntimeException: INTERNAL: 80d09bdf-f27a-4fea-b70f-b974835c4ee0: group-E31E4B5A01D8 not found.
	at org.apache.ratis.thirdparty.io.grpc.stub.ClientCalls.toStatusRuntimeException(ClientCalls.java:233)
	at org.apache.ratis.thirdparty.io.grpc.stub.ClientCalls.getUnchecked(ClientCalls.java:214)
	at org.apache.ratis.thirdparty.io.grpc.stub.ClientCalls.blockingUnaryCall(ClientCalls.java:139)
	at org.apache.ratis.proto.grpc.RaftServerProtocolServiceGrpc$RaftServerProtocolServiceBlockingStub.requestVote(RaftServerProtocolServiceGrpc.java:265)
	at org.apache.ratis.grpc.server.GrpcServerProtocolClient.requestVote(GrpcServerProtocolClient.java:90)
	at org.apache.ratis.grpc.server.GrpcService.requestVote(GrpcService.java:204)
	at org.apache.ratis.server.impl.LeaderElection.lambda$submitRequests$1(LeaderElection.java:238)
	at java.util.concurrent.FutureTask.run(FutureTask.java:266)
	at java.util.concurrent.Executors$RunnableAdapter.call(Executors.java:511)
	at java.util.concurrent.FutureTask.run(FutureTask.java:266)
	at java.util.concurrent.ThreadPoolExecutor.runWorker(ThreadPoolExecutor.java:1149)
	at java.util.concurrent.ThreadPoolExecutor$Worker.run(ThreadPoolExecutor.java:624)
	... 1 more
2019-09-24 22:05:47,524 [e37ecff0-7bf0-4739-a92f-4116a43db170@group-E31E4B5A01D8:LeaderElection65] INFO  impl.LeaderElection (LogUtils.java:infoOrTrace(149)) -   Exception 1: {}
java.util.concurrent.ExecutionException: org.apache.ratis.thirdparty.io.grpc.StatusRuntimeException: INTERNAL: 9ff58228-7100-45ca-a745-15cf8ac5363e: group-E31E4B5A01D8 not found.
	at java.util.concurrent.FutureTask.report(FutureTask.java:122)
	at java.util.concurrent.FutureTask.get(FutureTask.java:192)
	at org.apache.ratis.server.impl.LeaderElection.waitForResults(LeaderElection.java:263)
	at org.apache.ratis.server.impl.LeaderElection.askForVotes(LeaderElection.java:201)
	at org.apache.ratis.server.impl.LeaderElection.run(LeaderElection.java:133)
	at java.lang.Thread.run(Thread.java:748)
Caused by: org.apache.ratis.thirdparty.io.grpc.StatusRuntimeException: INTERNAL: 9ff58228-7100-45ca-a745-15cf8ac5363e: group-E31E4B5A01D8 not found.
	at org.apache.ratis.thirdparty.io.grpc.stub.ClientCalls.toStatusRuntimeException(ClientCalls.java:233)
	at org.apache.ratis.thirdparty.io.grpc.stub.ClientCalls.getUnchecked(ClientCalls.java:214)
	at org.apache.ratis.thirdparty.io.grpc.stub.ClientCalls.blockingUnaryCall(ClientCalls.java:139)
	at org.apache.ratis.proto.grpc.RaftServerProtocolServiceGrpc$RaftServerProtocolServiceBlockingStub.requestVote(RaftServerProtocolServiceGrpc.java:265)
	at org.apache.ratis.grpc.server.GrpcServerProtocolClient.requestVote(GrpcServerProtocolClient.java:90)
	at org.apache.ratis.grpc.server.GrpcService.requestVote(GrpcService.java:204)
	at org.apache.ratis.server.impl.LeaderElection.lambda$submitRequests$1(LeaderElection.java:238)
	at java.util.concurrent.FutureTask.run(FutureTask.java:266)
	at java.util.concurrent.Executors$RunnableAdapter.call(Executors.java:511)
	at java.util.concurrent.FutureTask.run(FutureTask.java:266)
	at java.util.concurrent.ThreadPoolExecutor.runWorker(ThreadPoolExecutor.java:1149)
	at java.util.concurrent.ThreadPoolExecutor$Worker.run(ThreadPoolExecutor.java:624)
	... 1 more
2019-09-24 22:05:47,524 [e37ecff0-7bf0-4739-a92f-4116a43db170@group-E31E4B5A01D8:LeaderElection65] INFO  impl.RaftServerImpl (RaftServerImpl.java:setRole(174)) - e37ecff0-7bf0-4739-a92f-4116a43db170@group-E31E4B5A01D8: changes role from CANDIDATE to FOLLOWER at term 8 for DISCOVERED_A_NEW_TERM
2019-09-24 22:05:47,525 [e37ecff0-7bf0-4739-a92f-4116a43db170@group-E31E4B5A01D8:LeaderElection65] INFO  impl.RoleInfo (RoleInfo.java:shutdownLeaderElection(134)) - e37ecff0-7bf0-4739-a92f-4116a43db170: shutdown LeaderElection
2019-09-24 22:05:47,525 [e37ecff0-7bf0-4739-a92f-4116a43db170@group-E31E4B5A01D8:LeaderElection65] INFO  impl.RoleInfo (RoleInfo.java:updateAndGet(143)) - e37ecff0-7bf0-4739-a92f-4116a43db170: start FollowerState
 0.00% |█                                                                                                    |  0/1 Time: 0:00:26 0.00% |█                                                                                                    |  0/1 Time: 0:00:272019-09-24 22:05:49,008 [java.util.concurrent.ThreadPoolExecutor$Worker@f7ac79[State = -1, empty queue]] WARN  server.GrpcLogAppender (GrpcLogAppender.java:timeoutAppendRequest(200)) - e37ecff0-7bf0-4739-a92f-4116a43db170@group-7E2616745F8B->80d09bdf-f27a-4fea-b70f-b974835c4ee0-GrpcLogAppender: appendEntries Timeout, request=e37ecff0-7bf0-4739-a92f-4116a43db170->80d09bdf-f27a-4fea-b70f-b974835c4ee0#15-t7, previous=(t:7, i:2), leaderCommit=2, initializing? false, entries: <empty>
2019-09-24 22:05:49,377 [Thread-10188] INFO  impl.FollowerState (FollowerState.java:run(106)) - e37ecff0-7bf0-4739-a92f-4116a43db170:group-269B06FD0F5D changes to CANDIDATE, lastRpcTime:5200, electionTimeout:5200ms
2019-09-24 22:05:49,377 [Thread-10188] INFO  impl.RoleInfo (RoleInfo.java:shutdownFollowerState(121)) - e37ecff0-7bf0-4739-a92f-4116a43db170: shutdown FollowerState
2019-09-24 22:05:49,378 [Thread-10188] INFO  impl.RaftServerImpl (RaftServerImpl.java:setRole(174)) - e37ecff0-7bf0-4739-a92f-4116a43db170@group-269B06FD0F5D: changes role from  FOLLOWER to CANDIDATE at term 7 for changeToCandidate
2019-09-24 22:05:49,378 [Thread-10188] INFO  impl.RoleInfo (RoleInfo.java:updateAndGet(143)) - e37ecff0-7bf0-4739-a92f-4116a43db170: start LeaderElection
 0.00% |█                                                                                                    |  0/1 Time: 0:00:282019-09-24 22:05:49,825 [java.util.concurrent.ThreadPoolExecutor$Worker@12fb6341[State = -1, empty queue]] WARN  server.GrpcLogAppender (GrpcLogAppender.java:timeoutAppendRequest(200)) - e37ecff0-7bf0-4739-a92f-4116a43db170@group-125BA0261E0D->80d09bdf-f27a-4fea-b70f-b974835c4ee0-GrpcLogAppender: appendEntries Timeout, request=e37ecff0-7bf0-4739-a92f-4116a43db170->80d09bdf-f27a-4fea-b70f-b974835c4ee0#17-t6, previous=(t:6, i:2), leaderCommit=2, initializing? false, entries: <empty>
2019-09-24 22:05:50,101 [e37ecff0-7bf0-4739-a92f-4116a43db170@group-269B06FD0F5D:LeaderElection66] INFO  impl.LeaderElection (LeaderElection.java:askForVotes(182)) - e37ecff0-7bf0-4739-a92f-4116a43db170@group-269B06FD0F5D:LeaderElection66: begin an election at term 8 for 1: [9ff58228-7100-45ca-a745-15cf8ac5363e:192.168.36.84:42178, 80d09bdf-f27a-4fea-b70f-b974835c4ee0:192.168.36.84:38661, e37ecff0-7bf0-4739-a92f-4116a43db170:192.168.36.84:33861], old=null
2019-09-24 22:05:50,103 [grpc-default-executor-11] WARN  server.GrpcServerProtocolService (LogUtils.java:warn(136)) - 9ff58228-7100-45ca-a745-15cf8ac5363e: Failed requestVote e37ecff0-7bf0-4739-a92f-4116a43db170->9ff58228-7100-45ca-a745-15cf8ac5363e#0
org.apache.ratis.protocol.GroupMismatchException: 9ff58228-7100-45ca-a745-15cf8ac5363e: group-269B06FD0F5D not found.
	at org.apache.ratis.server.impl.RaftServerProxy$ImplMap.get(RaftServerProxy.java:122)
	at org.apache.ratis.server.impl.RaftServerProxy.getImplFuture(RaftServerProxy.java:269)
	at org.apache.ratis.server.impl.RaftServerProxy.getImpl(RaftServerProxy.java:278)
	at org.apache.ratis.server.impl.RaftServerProxy.getImpl(RaftServerProxy.java:273)
	at org.apache.ratis.server.impl.RaftServerProxy.requestVote(RaftServerProxy.java:443)
	at org.apache.ratis.grpc.server.GrpcServerProtocolService.requestVote(GrpcServerProtocolService.java:142)
	at org.apache.ratis.proto.grpc.RaftServerProtocolServiceGrpc$MethodHandlers.invoke(RaftServerProtocolServiceGrpc.java:319)
	at org.apache.ratis.thirdparty.io.grpc.stub.ServerCalls$UnaryServerCallHandler$UnaryServerCallListener.onHalfClose(ServerCalls.java:171)
	at org.apache.ratis.thirdparty.io.grpc.internal.ServerCallImpl$ServerStreamListenerImpl.halfClosed(ServerCallImpl.java:283)
	at org.apache.ratis.thirdparty.io.grpc.internal.ServerImpl$JumpToApplicationThreadServerStreamListener$1HalfClosed.runInContext(ServerImpl.java:710)
	at org.apache.ratis.thirdparty.io.grpc.internal.ContextRunnable.run(ContextRunnable.java:37)
	at org.apache.ratis.thirdparty.io.grpc.internal.SerializingExecutor.run(SerializingExecutor.java:123)
	at java.util.concurrent.ThreadPoolExecutor.runWorker(ThreadPoolExecutor.java:1149)
	at java.util.concurrent.ThreadPoolExecutor$Worker.run(ThreadPoolExecutor.java:624)
	at java.lang.Thread.run(Thread.java:748)
2019-09-24 22:05:50,104 [grpc-default-executor-2] WARN  server.GrpcServerProtocolService (LogUtils.java:warn(136)) - 80d09bdf-f27a-4fea-b70f-b974835c4ee0: Failed requestVote e37ecff0-7bf0-4739-a92f-4116a43db170->80d09bdf-f27a-4fea-b70f-b974835c4ee0#0
org.apache.ratis.protocol.GroupMismatchException: 80d09bdf-f27a-4fea-b70f-b974835c4ee0: group-269B06FD0F5D not found.
	at org.apache.ratis.server.impl.RaftServerProxy$ImplMap.get(RaftServerProxy.java:122)
	at org.apache.ratis.server.impl.RaftServerProxy.getImplFuture(RaftServerProxy.java:269)
	at org.apache.ratis.server.impl.RaftServerProxy.getImpl(RaftServerProxy.java:278)
	at org.apache.ratis.server.impl.RaftServerProxy.getImpl(RaftServerProxy.java:273)
	at org.apache.ratis.server.impl.RaftServerProxy.requestVote(RaftServerProxy.java:443)
	at org.apache.ratis.grpc.server.GrpcServerProtocolService.requestVote(GrpcServerProtocolService.java:142)
	at org.apache.ratis.proto.grpc.RaftServerProtocolServiceGrpc$MethodHandlers.invoke(RaftServerProtocolServiceGrpc.java:319)
	at org.apache.ratis.thirdparty.io.grpc.stub.ServerCalls$UnaryServerCallHandler$UnaryServerCallListener.onHalfClose(ServerCalls.java:171)
	at org.apache.ratis.thirdparty.io.grpc.internal.ServerCallImpl$ServerStreamListenerImpl.halfClosed(ServerCallImpl.java:283)
	at org.apache.ratis.thirdparty.io.grpc.internal.ServerImpl$JumpToApplicationThreadServerStreamListener$1HalfClosed.runInContext(ServerImpl.java:710)
	at org.apache.ratis.thirdparty.io.grpc.internal.ContextRunnable.run(ContextRunnable.java:37)
	at org.apache.ratis.thirdparty.io.grpc.internal.SerializingExecutor.run(SerializingExecutor.java:123)
	at java.util.concurrent.ThreadPoolExecutor.runWorker(ThreadPoolExecutor.java:1149)
	at java.util.concurrent.ThreadPoolExecutor$Worker.run(ThreadPoolExecutor.java:624)
	at java.lang.Thread.run(Thread.java:748)
2019-09-24 22:05:50,107 [e37ecff0-7bf0-4739-a92f-4116a43db170@group-269B06FD0F5D:LeaderElection66] INFO  impl.LeaderElection (LogUtils.java:infoOrTrace(149)) - e37ecff0-7bf0-4739-a92f-4116a43db170@group-269B06FD0F5D:LeaderElection66 got exception when requesting votes: {}
java.util.concurrent.ExecutionException: org.apache.ratis.thirdparty.io.grpc.StatusRuntimeException: INTERNAL: 9ff58228-7100-45ca-a745-15cf8ac5363e: group-269B06FD0F5D not found.
	at java.util.concurrent.FutureTask.report(FutureTask.java:122)
	at java.util.concurrent.FutureTask.get(FutureTask.java:192)
	at org.apache.ratis.server.impl.LeaderElection.waitForResults(LeaderElection.java:263)
	at org.apache.ratis.server.impl.LeaderElection.askForVotes(LeaderElection.java:201)
	at org.apache.ratis.server.impl.LeaderElection.run(LeaderElection.java:133)
	at java.lang.Thread.run(Thread.java:748)
Caused by: org.apache.ratis.thirdparty.io.grpc.StatusRuntimeException: INTERNAL: 9ff58228-7100-45ca-a745-15cf8ac5363e: group-269B06FD0F5D not found.
	at org.apache.ratis.thirdparty.io.grpc.stub.ClientCalls.toStatusRuntimeException(ClientCalls.java:233)
	at org.apache.ratis.thirdparty.io.grpc.stub.ClientCalls.getUnchecked(ClientCalls.java:214)
	at org.apache.ratis.thirdparty.io.grpc.stub.ClientCalls.blockingUnaryCall(ClientCalls.java:139)
	at org.apache.ratis.proto.grpc.RaftServerProtocolServiceGrpc$RaftServerProtocolServiceBlockingStub.requestVote(RaftServerProtocolServiceGrpc.java:265)
	at org.apache.ratis.grpc.server.GrpcServerProtocolClient.requestVote(GrpcServerProtocolClient.java:90)
	at org.apache.ratis.grpc.server.GrpcService.requestVote(GrpcService.java:204)
	at org.apache.ratis.server.impl.LeaderElection.lambda$submitRequests$1(LeaderElection.java:238)
	at java.util.concurrent.FutureTask.run(FutureTask.java:266)
	at java.util.concurrent.Executors$RunnableAdapter.call(Executors.java:511)
	at java.util.concurrent.FutureTask.run(FutureTask.java:266)
	at java.util.concurrent.ThreadPoolExecutor.runWorker(ThreadPoolExecutor.java:1149)
	at java.util.concurrent.ThreadPoolExecutor$Worker.run(ThreadPoolExecutor.java:624)
	... 1 more
2019-09-24 22:05:50,110 [e37ecff0-7bf0-4739-a92f-4116a43db170@group-269B06FD0F5D:LeaderElection66] INFO  impl.LeaderElection (LogUtils.java:infoOrTrace(149)) - e37ecff0-7bf0-4739-a92f-4116a43db170@group-269B06FD0F5D:LeaderElection66 got exception when requesting votes: {}
java.util.concurrent.ExecutionException: org.apache.ratis.thirdparty.io.grpc.StatusRuntimeException: INTERNAL: 80d09bdf-f27a-4fea-b70f-b974835c4ee0: group-269B06FD0F5D not found.
	at java.util.concurrent.FutureTask.report(FutureTask.java:122)
	at java.util.concurrent.FutureTask.get(FutureTask.java:192)
	at org.apache.ratis.server.impl.LeaderElection.waitForResults(LeaderElection.java:263)
	at org.apache.ratis.server.impl.LeaderElection.askForVotes(LeaderElection.java:201)
	at org.apache.ratis.server.impl.LeaderElection.run(LeaderElection.java:133)
	at java.lang.Thread.run(Thread.java:748)
Caused by: org.apache.ratis.thirdparty.io.grpc.StatusRuntimeException: INTERNAL: 80d09bdf-f27a-4fea-b70f-b974835c4ee0: group-269B06FD0F5D not found.
	at org.apache.ratis.thirdparty.io.grpc.stub.ClientCalls.toStatusRuntimeException(ClientCalls.java:233)
	at org.apache.ratis.thirdparty.io.grpc.stub.ClientCalls.getUnchecked(ClientCalls.java:214)
	at org.apache.ratis.thirdparty.io.grpc.stub.ClientCalls.blockingUnaryCall(ClientCalls.java:139)
	at org.apache.ratis.proto.grpc.RaftServerProtocolServiceGrpc$RaftServerProtocolServiceBlockingStub.requestVote(RaftServerProtocolServiceGrpc.java:265)
	at org.apache.ratis.grpc.server.GrpcServerProtocolClient.requestVote(GrpcServerProtocolClient.java:90)
	at org.apache.ratis.grpc.server.GrpcService.requestVote(GrpcService.java:204)
	at org.apache.ratis.server.impl.LeaderElection.lambda$submitRequests$1(LeaderElection.java:238)
	at java.util.concurrent.FutureTask.run(FutureTask.java:266)
	at java.util.concurrent.Executors$RunnableAdapter.call(Executors.java:511)
	at java.util.concurrent.FutureTask.run(FutureTask.java:266)
	at java.util.concurrent.ThreadPoolExecutor.runWorker(ThreadPoolExecutor.java:1149)
	at java.util.concurrent.ThreadPoolExecutor$Worker.run(ThreadPoolExecutor.java:624)
	... 1 more
2019-09-24 22:05:50,112 [e37ecff0-7bf0-4739-a92f-4116a43db170@group-269B06FD0F5D:LeaderElection66] INFO  impl.LeaderElection (LeaderElection.java:logAndReturn(56)) - e37ecff0-7bf0-4739-a92f-4116a43db170@group-269B06FD0F5D:LeaderElection66: Election REJECTED; received 0 response(s) [] and 2 exception(s); e37ecff0-7bf0-4739-a92f-4116a43db170@group-269B06FD0F5D:t8, leader=null, voted=e37ecff0-7bf0-4739-a92f-4116a43db170, raftlog=e37ecff0-7bf0-4739-a92f-4116a43db170@group-269B06FD0F5D-SegmentedRaftLog:OPENED:c2,f2,i2, conf=1: [9ff58228-7100-45ca-a745-15cf8ac5363e:192.168.36.84:42178, 80d09bdf-f27a-4fea-b70f-b974835c4ee0:192.168.36.84:38661, e37ecff0-7bf0-4739-a92f-4116a43db170:192.168.36.84:33861], old=null
2019-09-24 22:05:50,112 [e37ecff0-7bf0-4739-a92f-4116a43db170@group-269B06FD0F5D:LeaderElection66] INFO  impl.LeaderElection (LogUtils.java:infoOrTrace(149)) -   Exception 0: {}
java.util.concurrent.ExecutionException: org.apache.ratis.thirdparty.io.grpc.StatusRuntimeException: INTERNAL: 9ff58228-7100-45ca-a745-15cf8ac5363e: group-269B06FD0F5D not found.
	at java.util.concurrent.FutureTask.report(FutureTask.java:122)
	at java.util.concurrent.FutureTask.get(FutureTask.java:192)
	at org.apache.ratis.server.impl.LeaderElection.waitForResults(LeaderElection.java:263)
	at org.apache.ratis.server.impl.LeaderElection.askForVotes(LeaderElection.java:201)
	at org.apache.ratis.server.impl.LeaderElection.run(LeaderElection.java:133)
	at java.lang.Thread.run(Thread.java:748)
Caused by: org.apache.ratis.thirdparty.io.grpc.StatusRuntimeException: INTERNAL: 9ff58228-7100-45ca-a745-15cf8ac5363e: group-269B06FD0F5D not found.
	at org.apache.ratis.thirdparty.io.grpc.stub.ClientCalls.toStatusRuntimeException(ClientCalls.java:233)
	at org.apache.ratis.thirdparty.io.grpc.stub.ClientCalls.getUnchecked(ClientCalls.java:214)
	at org.apache.ratis.thirdparty.io.grpc.stub.ClientCalls.blockingUnaryCall(ClientCalls.java:139)
	at org.apache.ratis.proto.grpc.RaftServerProtocolServiceGrpc$RaftServerProtocolServiceBlockingStub.requestVote(RaftServerProtocolServiceGrpc.java:265)
	at org.apache.ratis.grpc.server.GrpcServerProtocolClient.requestVote(GrpcServerProtocolClient.java:90)
	at org.apache.ratis.grpc.server.GrpcService.requestVote(GrpcService.java:204)
	at org.apache.ratis.server.impl.LeaderElection.lambda$submitRequests$1(LeaderElection.java:238)
	at java.util.concurrent.FutureTask.run(FutureTask.java:266)
	at java.util.concurrent.Executors$RunnableAdapter.call(Executors.java:511)
	at java.util.concurrent.FutureTask.run(FutureTask.java:266)
	at java.util.concurrent.ThreadPoolExecutor.runWorker(ThreadPoolExecutor.java:1149)
	at java.util.concurrent.ThreadPoolExecutor$Worker.run(ThreadPoolExecutor.java:624)
	... 1 more
2019-09-24 22:05:50,112 [e37ecff0-7bf0-4739-a92f-4116a43db170@group-269B06FD0F5D:LeaderElection66] INFO  impl.LeaderElection (LogUtils.java:infoOrTrace(149)) -   Exception 1: {}
java.util.concurrent.ExecutionException: org.apache.ratis.thirdparty.io.grpc.StatusRuntimeException: INTERNAL: 80d09bdf-f27a-4fea-b70f-b974835c4ee0: group-269B06FD0F5D not found.
	at java.util.concurrent.FutureTask.report(FutureTask.java:122)
	at java.util.concurrent.FutureTask.get(FutureTask.java:192)
	at org.apache.ratis.server.impl.LeaderElection.waitForResults(LeaderElection.java:263)
	at org.apache.ratis.server.impl.LeaderElection.askForVotes(LeaderElection.java:201)
	at org.apache.ratis.server.impl.LeaderElection.run(LeaderElection.java:133)
	at java.lang.Thread.run(Thread.java:748)
Caused by: org.apache.ratis.thirdparty.io.grpc.StatusRuntimeException: INTERNAL: 80d09bdf-f27a-4fea-b70f-b974835c4ee0: group-269B06FD0F5D not found.
	at org.apache.ratis.thirdparty.io.grpc.stub.ClientCalls.toStatusRuntimeException(ClientCalls.java:233)
	at org.apache.ratis.thirdparty.io.grpc.stub.ClientCalls.getUnchecked(ClientCalls.java:214)
	at org.apache.ratis.thirdparty.io.grpc.stub.ClientCalls.blockingUnaryCall(ClientCalls.java:139)
	at org.apache.ratis.proto.grpc.RaftServerProtocolServiceGrpc$RaftServerProtocolServiceBlockingStub.requestVote(RaftServerProtocolServiceGrpc.java:265)
	at org.apache.ratis.grpc.server.GrpcServerProtocolClient.requestVote(GrpcServerProtocolClient.java:90)
	at org.apache.ratis.grpc.server.GrpcService.requestVote(GrpcService.java:204)
	at org.apache.ratis.server.impl.LeaderElection.lambda$submitRequests$1(LeaderElection.java:238)
	at java.util.concurrent.FutureTask.run(FutureTask.java:266)
	at java.util.concurrent.Executors$RunnableAdapter.call(Executors.java:511)
	at java.util.concurrent.FutureTask.run(FutureTask.java:266)
	at java.util.concurrent.ThreadPoolExecutor.runWorker(ThreadPoolExecutor.java:1149)
	at java.util.concurrent.ThreadPoolExecutor$Worker.run(ThreadPoolExecutor.java:624)
	... 1 more
2019-09-24 22:05:50,113 [e37ecff0-7bf0-4739-a92f-4116a43db170@group-269B06FD0F5D:LeaderElection66] INFO  impl.RaftServerImpl (RaftServerImpl.java:setRole(174)) - e37ecff0-7bf0-4739-a92f-4116a43db170@group-269B06FD0F5D: changes role from CANDIDATE to FOLLOWER at term 8 for DISCOVERED_A_NEW_TERM
2019-09-24 22:05:50,113 [e37ecff0-7bf0-4739-a92f-4116a43db170@group-269B06FD0F5D:LeaderElection66] INFO  impl.RoleInfo (RoleInfo.java:shutdownLeaderElection(134)) - e37ecff0-7bf0-4739-a92f-4116a43db170: shutdown LeaderElection
2019-09-24 22:05:50,113 [e37ecff0-7bf0-4739-a92f-4116a43db170@group-269B06FD0F5D:LeaderElection66] INFO  impl.RoleInfo (RoleInfo.java:updateAndGet(143)) - e37ecff0-7bf0-4739-a92f-4116a43db170: start FollowerState
2019-09-24 22:05:50,621 [java.util.concurrent.ThreadPoolExecutor$Worker@2a7d89d3[State = -1, empty queue]] WARN  server.GrpcLogAppender (GrpcLogAppender.java:timeoutAppendRequest(200)) - e37ecff0-7bf0-4739-a92f-4116a43db170@group-7E2616745F8B->9ff58228-7100-45ca-a745-15cf8ac5363e-GrpcLogAppender: appendEntries Timeout, request=e37ecff0-7bf0-4739-a92f-4116a43db170->9ff58228-7100-45ca-a745-15cf8ac5363e#7-t7, previous=(t:6, i:0), leaderCommit=2, initializing? false, entries: <empty>
 0.00% |█                                                                                                    |  0/1 Time: 0:00:292019-09-24 22:05:50,829 [grpc-default-executor-2] INFO  impl.RaftServerProxy (RaftServerProxy.java:remove(95)) - e37ecff0-7bf0-4739-a92f-4116a43db170: remove    LEADER e37ecff0-7bf0-4739-a92f-4116a43db170@group-A5A3174C9A5F:t1, leader=e37ecff0-7bf0-4739-a92f-4116a43db170, voted=e37ecff0-7bf0-4739-a92f-4116a43db170, raftlog=e37ecff0-7bf0-4739-a92f-4116a43db170@group-A5A3174C9A5F-SegmentedRaftLog:OPENED:c0,f0,i0, conf=0: [e37ecff0-7bf0-4739-a92f-4116a43db170:192.168.36.84:33861], old=null RUNNING
2019-09-24 22:05:50,829 [grpc-default-executor-2] INFO  impl.RaftServerImpl (RaftServerImpl.java:lambda$shutdown$3(251)) - e37ecff0-7bf0-4739-a92f-4116a43db170@group-A5A3174C9A5F: shutdown
2019-09-24 22:05:50,830 [grpc-default-executor-2] INFO  util.JmxRegister (JmxRegister.java:unregister(73)) - Successfully un-registered JMX Bean with object name Ratis:service=RaftServer,group=group-A5A3174C9A5F,id=e37ecff0-7bf0-4739-a92f-4116a43db170
2019-09-24 22:05:50,830 [grpc-default-executor-2] INFO  impl.RoleInfo (RoleInfo.java:shutdownLeaderState(104)) - e37ecff0-7bf0-4739-a92f-4116a43db170: shutdown LeaderState
2019-09-24 22:05:50,830 [grpc-default-executor-2] INFO  impl.PendingRequests (PendingRequests.java:sendNotLeaderResponses(202)) - e37ecff0-7bf0-4739-a92f-4116a43db170-PendingRequests: sendNotLeaderResponses
2019-09-24 22:05:50,830 [grpc-default-executor-2] INFO  impl.StateMachineUpdater (StateMachineUpdater.java:stopAndJoin(125)) - e37ecff0-7bf0-4739-a92f-4116a43db170@group-A5A3174C9A5F-StateMachineUpdater: set stopIndex = 0
2019-09-24 22:05:50,831 [grpc-default-executor-2] INFO  impl.RaftServerImpl (ServerState.java:close(385)) - e37ecff0-7bf0-4739-a92f-4116a43db170@group-A5A3174C9A5F: closes. applyIndex: 0
2019-09-24 22:05:50,831 [e37ecff0-7bf0-4739-a92f-4116a43db170@group-A5A3174C9A5F-SegmentedRaftLogWorker] INFO  segmented.SegmentedRaftLogWorker (SegmentedRaftLogWorker.java:run(313)) - e37ecff0-7bf0-4739-a92f-4116a43db170@group-A5A3174C9A5F-SegmentedRaftLogWorker was interrupted, exiting. There are 0 tasks remaining in the queue.
2019-09-24 22:05:50,835 [grpc-default-executor-2] INFO  segmented.SegmentedRaftLogWorker (SegmentedRaftLogWorker.java:close(228)) - e37ecff0-7bf0-4739-a92f-4116a43db170@group-A5A3174C9A5F-SegmentedRaftLogWorker close()
2019-09-24 22:05:50,843 [grpc-default-executor-2] INFO  impl.RaftServerProxy (RaftServerProxy.java:remove(95)) - e37ecff0-7bf0-4739-a92f-4116a43db170: remove  FOLLOWER e37ecff0-7bf0-4739-a92f-4116a43db170@group-269B06FD0F5D:t8, leader=null, voted=e37ecff0-7bf0-4739-a92f-4116a43db170, raftlog=e37ecff0-7bf0-4739-a92f-4116a43db170@group-269B06FD0F5D-SegmentedRaftLog:OPENED:c2,f2,i2, conf=1: [9ff58228-7100-45ca-a745-15cf8ac5363e:192.168.36.84:42178, 80d09bdf-f27a-4fea-b70f-b974835c4ee0:192.168.36.84:38661, e37ecff0-7bf0-4739-a92f-4116a43db170:192.168.36.84:33861], old=null RUNNING
2019-09-24 22:05:50,844 [grpc-default-executor-2] INFO  impl.RaftServerImpl (RaftServerImpl.java:lambda$shutdown$3(251)) - e37ecff0-7bf0-4739-a92f-4116a43db170@group-269B06FD0F5D: shutdown
2019-09-24 22:05:50,844 [grpc-default-executor-2] INFO  util.JmxRegister (JmxRegister.java:unregister(73)) - Successfully un-registered JMX Bean with object name Ratis:service=RaftServer,group=group-269B06FD0F5D,id=e37ecff0-7bf0-4739-a92f-4116a43db170
2019-09-24 22:05:50,844 [grpc-default-executor-2] INFO  impl.RoleInfo (RoleInfo.java:shutdownFollowerState(121)) - e37ecff0-7bf0-4739-a92f-4116a43db170: shutdown FollowerState
2019-09-24 22:05:50,844 [grpc-default-executor-2] INFO  impl.StateMachineUpdater (StateMachineUpdater.java:stopAndJoin(125)) - e37ecff0-7bf0-4739-a92f-4116a43db170@group-269B06FD0F5D-StateMachineUpdater: set stopIndex = 2
2019-09-24 22:05:50,844 [Thread-12236] INFO  impl.FollowerState (FollowerState.java:run(115)) - e37ecff0-7bf0-4739-a92f-4116a43db170: FollowerState was interrupted: java.lang.InterruptedException: sleep interrupted
2019-09-24 22:05:50,844 [grpc-default-executor-2] INFO  impl.RaftServerImpl (ServerState.java:close(385)) - e37ecff0-7bf0-4739-a92f-4116a43db170@group-269B06FD0F5D: closes. applyIndex: 2
2019-09-24 22:05:50,845 [e37ecff0-7bf0-4739-a92f-4116a43db170@group-269B06FD0F5D-SegmentedRaftLogWorker] INFO  segmented.SegmentedRaftLogWorker (SegmentedRaftLogWorker.java:run(313)) - e37ecff0-7bf0-4739-a92f-4116a43db170@group-269B06FD0F5D-SegmentedRaftLogWorker was interrupted, exiting. There are 0 tasks remaining in the queue.
2019-09-24 22:05:50,852 [grpc-default-executor-2] INFO  segmented.SegmentedRaftLogWorker (SegmentedRaftLogWorker.java:close(228)) - e37ecff0-7bf0-4739-a92f-4116a43db170@group-269B06FD0F5D-SegmentedRaftLogWorker close()
2019-09-24 22:05:50,858 [grpc-default-executor-2] INFO  impl.RaftServerProxy (RaftServerProxy.java:remove(95)) - e37ecff0-7bf0-4739-a92f-4116a43db170: remove    LEADER e37ecff0-7bf0-4739-a92f-4116a43db170@group-125BA0261E0D:t6, leader=e37ecff0-7bf0-4739-a92f-4116a43db170, voted=e37ecff0-7bf0-4739-a92f-4116a43db170, raftlog=e37ecff0-7bf0-4739-a92f-4116a43db170@group-125BA0261E0D-SegmentedRaftLog:OPENED:c2,f2,i2, conf=1: [9ff58228-7100-45ca-a745-15cf8ac5363e:192.168.36.84:42178, 80d09bdf-f27a-4fea-b70f-b974835c4ee0:192.168.36.84:38661, e37ecff0-7bf0-4739-a92f-4116a43db170:192.168.36.84:33861], old=null RUNNING
2019-09-24 22:05:50,858 [grpc-default-executor-2] INFO  impl.RaftServerImpl (RaftServerImpl.java:lambda$shutdown$3(251)) - e37ecff0-7bf0-4739-a92f-4116a43db170@group-125BA0261E0D: shutdown
2019-09-24 22:05:50,859 [grpc-default-executor-2] INFO  util.JmxRegister (JmxRegister.java:unregister(73)) - Successfully un-registered JMX Bean with object name Ratis:service=RaftServer,group=group-125BA0261E0D,id=e37ecff0-7bf0-4739-a92f-4116a43db170
2019-09-24 22:05:50,859 [grpc-default-executor-2] INFO  impl.RoleInfo (RoleInfo.java:shutdownLeaderState(104)) - e37ecff0-7bf0-4739-a92f-4116a43db170: shutdown LeaderState
2019-09-24 22:05:50,862 [grpc-default-executor-2] INFO  impl.PendingRequests (PendingRequests.java:sendNotLeaderResponses(202)) - e37ecff0-7bf0-4739-a92f-4116a43db170-PendingRequests: sendNotLeaderResponses
2019-09-24 22:05:50,864 [grpc-default-executor-2] INFO  impl.StateMachineUpdater (StateMachineUpdater.java:stopAndJoin(125)) - e37ecff0-7bf0-4739-a92f-4116a43db170@group-125BA0261E0D-StateMachineUpdater: set stopIndex = 2
2019-09-24 22:05:50,864 [org.apache.ratis.server.impl.LogAppender$AppenderDaemon$$Lambda$915/469271495@52f10e83] WARN  server.GrpcLogAppender (GrpcLogAppender.java:mayWait(143)) - e37ecff0-7bf0-4739-a92f-4116a43db170@group-125BA0261E0D->80d09bdf-f27a-4fea-b70f-b974835c4ee0-GrpcLogAppender: Wait interrupted by java.lang.InterruptedException
2019-09-24 22:05:50,864 [org.apache.ratis.server.impl.LogAppender$AppenderDaemon$$Lambda$915/469271495@895f281] WARN  server.GrpcLogAppender (GrpcLogAppender.java:mayWait(143)) - e37ecff0-7bf0-4739-a92f-4116a43db170@group-125BA0261E0D->9ff58228-7100-45ca-a745-15cf8ac5363e-GrpcLogAppender: Wait interrupted by java.lang.InterruptedException
2019-09-24 22:05:50,864 [grpc-default-executor-2] INFO  impl.RaftServerImpl (ServerState.java:close(385)) - e37ecff0-7bf0-4739-a92f-4116a43db170@group-125BA0261E0D: closes. applyIndex: 2
2019-09-24 22:05:50,864 [e37ecff0-7bf0-4739-a92f-4116a43db170@group-125BA0261E0D-SegmentedRaftLogWorker] INFO  segmented.SegmentedRaftLogWorker (SegmentedRaftLogWorker.java:run(313)) - e37ecff0-7bf0-4739-a92f-4116a43db170@group-125BA0261E0D-SegmentedRaftLogWorker was interrupted, exiting. There are 0 tasks remaining in the queue.
2019-09-24 22:05:50,864 [grpc-default-executor-13] INFO  server.GrpcServerProtocolService (GrpcServerProtocolService.java:onCompleted(113)) - 9ff58228-7100-45ca-a745-15cf8ac5363e: Completed APPEND_ENTRIES, lastRequest: e37ecff0-7bf0-4739-a92f-4116a43db170->9ff58228-7100-45ca-a745-15cf8ac5363e#8-t6, previous=(t:5, i:0), leaderCommit=2, initializing? false, entries: <empty>
2019-09-24 22:05:50,864 [grpc-default-executor-11] INFO  server.GrpcServerProtocolService (GrpcServerProtocolService.java:onCompleted(113)) - 80d09bdf-f27a-4fea-b70f-b974835c4ee0: Completed APPEND_ENTRIES, lastRequest: e37ecff0-7bf0-4739-a92f-4116a43db170->80d09bdf-f27a-4fea-b70f-b974835c4ee0#18-t6, previous=(t:6, i:2), leaderCommit=2, initializing? false, entries: <empty>
2019-09-24 22:05:50,865 [grpc-default-executor-2] INFO  segmented.SegmentedRaftLogWorker (SegmentedRaftLogWorker.java:close(228)) - e37ecff0-7bf0-4739-a92f-4116a43db170@group-125BA0261E0D-SegmentedRaftLogWorker close()
2019-09-24 22:05:50,865 [grpc-default-executor-11] INFO  server.GrpcLogAppender (GrpcLogAppender.java:onCompleted(293)) - e37ecff0-7bf0-4739-a92f-4116a43db170@group-125BA0261E0D->9ff58228-7100-45ca-a745-15cf8ac5363e-AppendLogResponseHandler: follower responses appendEntries COMPLETED
2019-09-24 22:05:50,867 [grpc-default-executor-9] INFO  server.GrpcLogAppender (GrpcLogAppender.java:onCompleted(293)) - e37ecff0-7bf0-4739-a92f-4116a43db170@group-125BA0261E0D->80d09bdf-f27a-4fea-b70f-b974835c4ee0-AppendLogResponseHandler: follower responses appendEntries COMPLETED
2019-09-24 22:05:50,867 [grpc-default-executor-11] INFO  impl.FollowerInfo (FollowerInfo.java:lambda$new$0(51)) - e37ecff0-7bf0-4739-a92f-4116a43db170@group-125BA0261E0D->9ff58228-7100-45ca-a745-15cf8ac5363e: nextIndex: updateUnconditionally 1 -> 0
2019-09-24 22:05:50,867 [grpc-default-executor-9] INFO  impl.FollowerInfo (FollowerInfo.java:lambda$new$0(51)) - e37ecff0-7bf0-4739-a92f-4116a43db170@group-125BA0261E0D->80d09bdf-f27a-4fea-b70f-b974835c4ee0: nextIndex: updateUnconditionally 3 -> 2
2019-09-24 22:05:50,867 [grpc-default-executor-13] WARN  server.GrpcLogAppender (LogUtils.java:warn(134)) - e37ecff0-7bf0-4739-a92f-4116a43db170@group-7E2616745F8B->9ff58228-7100-45ca-a745-15cf8ac5363e-AppendLogResponseHandler: Failed appendEntries: org.apache.ratis.thirdparty.io.grpc.StatusRuntimeException: UNAVAILABLE: Channel shutdownNow invoked
2019-09-24 22:05:50,868 [grpc-default-executor-2] WARN  server.GrpcServerProtocolService (LogUtils.java:warn(134)) - 80d09bdf-f27a-4fea-b70f-b974835c4ee0: installSnapshot onError, lastRequest: e37ecff0-7bf0-4739-a92f-4116a43db170->80d09bdf-f27a-4fea-b70f-b974835c4ee0#16-t7, previous=(t:7, i:2), leaderCommit=2, initializing? false, entries: <empty>: org.apache.ratis.thirdparty.io.grpc.StatusRuntimeException: CANCELLED: cancelled before receiving half close
2019-09-24 22:05:50,868 [grpc-default-executor-12] WARN  server.GrpcServerProtocolService (LogUtils.java:warn(134)) - 9ff58228-7100-45ca-a745-15cf8ac5363e: installSnapshot onError, lastRequest: e37ecff0-7bf0-4739-a92f-4116a43db170->9ff58228-7100-45ca-a745-15cf8ac5363e#7-t7, previous=(t:6, i:0), leaderCommit=2, initializing? false, entries: <empty>: org.apache.ratis.thirdparty.io.grpc.StatusRuntimeException: CANCELLED: cancelled before receiving half close
2019-09-24 22:05:50,867 [grpc-default-executor-10] WARN  server.GrpcLogAppender (LogUtils.java:warn(134)) - e37ecff0-7bf0-4739-a92f-4116a43db170@group-7E2616745F8B->80d09bdf-f27a-4fea-b70f-b974835c4ee0-AppendLogResponseHandler: Failed appendEntries: org.apache.ratis.thirdparty.io.grpc.StatusRuntimeException: UNAVAILABLE: Channel shutdownNow invoked
2019-09-24 22:05:50,868 [grpc-default-executor-13] INFO  impl.FollowerInfo (FollowerInfo.java:lambda$new$0(51)) - e37ecff0-7bf0-4739-a92f-4116a43db170@group-7E2616745F8B->9ff58228-7100-45ca-a745-15cf8ac5363e: nextIndex: updateUnconditionally 1 -> 0
2019-09-24 22:05:50,869 [grpc-default-executor-10] INFO  impl.FollowerInfo (FollowerInfo.java:lambda$new$0(51)) - e37ecff0-7bf0-4739-a92f-4116a43db170@group-7E2616745F8B->80d09bdf-f27a-4fea-b70f-b974835c4ee0: nextIndex: updateUnconditionally 3 -> 2
2019-09-24 22:05:50,871 [grpc-default-executor-10] INFO  impl.RaftServerProxy (RaftServerProxy.java:remove(95)) - e37ecff0-7bf0-4739-a92f-4116a43db170: remove  FOLLOWER e37ecff0-7bf0-4739-a92f-4116a43db170@group-E31E4B5A01D8:t8, leader=null, voted=e37ecff0-7bf0-4739-a92f-4116a43db170, raftlog=e37ecff0-7bf0-4739-a92f-4116a43db170@group-E31E4B5A01D8-SegmentedRaftLog:OPENED:c0,f0,i0, conf=0: [9ff58228-7100-45ca-a745-15cf8ac5363e:192.168.36.84:42178, 80d09bdf-f27a-4fea-b70f-b974835c4ee0:192.168.36.84:38661, e37ecff0-7bf0-4739-a92f-4116a43db170:192.168.36.84:33861], old=null RUNNING
2019-09-24 22:05:50,871 [grpc-default-executor-10] INFO  impl.RaftServerImpl (RaftServerImpl.java:lambda$shutdown$3(251)) - e37ecff0-7bf0-4739-a92f-4116a43db170@group-E31E4B5A01D8: shutdown
2019-09-24 22:05:50,872 [grpc-default-executor-10] INFO  util.JmxRegister (JmxRegister.java:unregister(73)) - Successfully un-registered JMX Bean with object name Ratis:service=RaftServer,group=group-E31E4B5A01D8,id=e37ecff0-7bf0-4739-a92f-4116a43db170
2019-09-24 22:05:50,872 [grpc-default-executor-10] INFO  impl.RoleInfo (RoleInfo.java:shutdownFollowerState(121)) - e37ecff0-7bf0-4739-a92f-4116a43db170: shutdown FollowerState
2019-09-24 22:05:50,872 [grpc-default-executor-10] INFO  impl.StateMachineUpdater (StateMachineUpdater.java:stopAndJoin(125)) - e37ecff0-7bf0-4739-a92f-4116a43db170@group-E31E4B5A01D8-StateMachineUpdater: set stopIndex = 0
2019-09-24 22:05:50,872 [Thread-11464] INFO  impl.FollowerState (FollowerState.java:run(115)) - e37ecff0-7bf0-4739-a92f-4116a43db170: FollowerState was interrupted: java.lang.InterruptedException: sleep interrupted
2019-09-24 22:05:50,872 [grpc-default-executor-10] INFO  impl.RaftServerImpl (ServerState.java:close(385)) - e37ecff0-7bf0-4739-a92f-4116a43db170@group-E31E4B5A01D8: closes. applyIndex: 0
2019-09-24 22:05:50,872 [e37ecff0-7bf0-4739-a92f-4116a43db170@group-E31E4B5A01D8-SegmentedRaftLogWorker] INFO  segmented.SegmentedRaftLogWorker (SegmentedRaftLogWorker.java:run(313)) - e37ecff0-7bf0-4739-a92f-4116a43db170@group-E31E4B5A01D8-SegmentedRaftLogWorker was interrupted, exiting. There are 0 tasks remaining in the queue.
2019-09-24 22:05:50,873 [grpc-default-executor-10] INFO  segmented.SegmentedRaftLogWorker (SegmentedRaftLogWorker.java:close(228)) - e37ecff0-7bf0-4739-a92f-4116a43db170@group-E31E4B5A01D8-SegmentedRaftLogWorker close()
2019-09-24 22:05:50,878 [grpc-default-executor-10] INFO  impl.RaftServerProxy (RaftServerProxy.java:remove(95)) - e37ecff0-7bf0-4739-a92f-4116a43db170: remove    LEADER e37ecff0-7bf0-4739-a92f-4116a43db170@group-7E2616745F8B:t7, leader=e37ecff0-7bf0-4739-a92f-4116a43db170, voted=e37ecff0-7bf0-4739-a92f-4116a43db170, raftlog=e37ecff0-7bf0-4739-a92f-4116a43db170@group-7E2616745F8B-SegmentedRaftLog:OPENED:c2,f2,i2, conf=1: [9ff58228-7100-45ca-a745-15cf8ac5363e:192.168.36.84:42178, 80d09bdf-f27a-4fea-b70f-b974835c4ee0:192.168.36.84:38661, e37ecff0-7bf0-4739-a92f-4116a43db170:192.168.36.84:33861], old=null RUNNING
2019-09-24 22:05:50,878 [grpc-default-executor-10] INFO  impl.RaftServerImpl (RaftServerImpl.java:lambda$shutdown$3(251)) - e37ecff0-7bf0-4739-a92f-4116a43db170@group-7E2616745F8B: shutdown
2019-09-24 22:05:50,878 [grpc-default-executor-10] INFO  util.JmxRegister (JmxRegister.java:unregister(73)) - Successfully un-registered JMX Bean with object name Ratis:service=RaftServer,group=group-7E2616745F8B,id=e37ecff0-7bf0-4739-a92f-4116a43db170
2019-09-24 22:05:50,878 [grpc-default-executor-10] INFO  impl.RoleInfo (RoleInfo.java:shutdownLeaderState(104)) - e37ecff0-7bf0-4739-a92f-4116a43db170: shutdown LeaderState
2019-09-24 22:05:50,881 [grpc-default-executor-10] INFO  impl.PendingRequests (PendingRequests.java:sendNotLeaderResponses(202)) - e37ecff0-7bf0-4739-a92f-4116a43db170-PendingRequests: sendNotLeaderResponses
2019-09-24 22:05:50,881 [org.apache.ratis.server.impl.LogAppender$AppenderDaemon$$Lambda$915/469271495@456a335d] WARN  server.GrpcLogAppender (GrpcLogAppender.java:mayWait(143)) - e37ecff0-7bf0-4739-a92f-4116a43db170@group-7E2616745F8B->9ff58228-7100-45ca-a745-15cf8ac5363e-GrpcLogAppender: Wait interrupted by java.lang.InterruptedException
2019-09-24 22:05:50,881 [org.apache.ratis.server.impl.LogAppender$AppenderDaemon$$Lambda$915/469271495@43db10c0] WARN  server.GrpcLogAppender (GrpcLogAppender.java:mayWait(143)) - e37ecff0-7bf0-4739-a92f-4116a43db170@group-7E2616745F8B->80d09bdf-f27a-4fea-b70f-b974835c4ee0-GrpcLogAppender: Wait interrupted by java.lang.InterruptedException
2019-09-24 22:05:50,884 [grpc-default-executor-10] INFO  impl.StateMachineUpdater (StateMachineUpdater.java:stopAndJoin(125)) - e37ecff0-7bf0-4739-a92f-4116a43db170@group-7E2616745F8B-StateMachineUpdater: set stopIndex = 2
2019-09-24 22:05:50,885 [grpc-default-executor-10] INFO  impl.RaftServerImpl (ServerState.java:close(385)) - e37ecff0-7bf0-4739-a92f-4116a43db170@group-7E2616745F8B: closes. applyIndex: 2
2019-09-24 22:05:50,885 [e37ecff0-7bf0-4739-a92f-4116a43db170@group-7E2616745F8B-SegmentedRaftLogWorker] INFO  segmented.SegmentedRaftLogWorker (SegmentedRaftLogWorker.java:run(313)) - e37ecff0-7bf0-4739-a92f-4116a43db170@group-7E2616745F8B-SegmentedRaftLogWorker was interrupted, exiting. There are 0 tasks remaining in the queue.
2019-09-24 22:05:50,885 [grpc-default-executor-10] INFO  segmented.SegmentedRaftLogWorker (SegmentedRaftLogWorker.java:close(228)) - e37ecff0-7bf0-4739-a92f-4116a43db170@group-7E2616745F8B-SegmentedRaftLogWorker close()
 0.00% |█                                                                                                    |  0/1 Time: 0:00:30 0.00% |█                                                                                                    |  0/1 Time: 0:00:31 0.00% |█                                                                                                    |  0/1 Time: 0:00:32 0.00% |█                                                                                                    |  0/1 Time: 0:00:33 0.00% |█                                                                                                    |  0/1 Time: 0:00:34 0.00% |█                                                                                                    |  0/1 Time: 0:00:35 0.00% |█                                                                                                    |  0/1 Time: 0:00:36 0.00% |█                                                                                                    |  0/1 Time: 0:00:37 0.00% |█                                                                                                    |  0/1 Time: 0:00:38 0.00% |█                                                                                                    |  0/1 Time: 0:00:39 0.00% |█                                                                                                    |  0/1 Time: 0:00:40 0.00% |█                                                                                                    |  0/1 Time: 0:00:41 0.00% |█                                                                                                    |  0/1 Time: 0:00:42 0.00% |█                                                                                                    |  0/1 Time: 0:00:43 0.00% |█                                                                                                    |  0/1 Time: 0:00:44 0.00% |█                                                                                                    |  0/1 Time: 0:00:45 0.00% |█                                                                                                    |  0/1 Time: 0:00:46 0.00% |█                                                                                                    |  0/1 Time: 0:00:47 0.00% |█                                                                                                    |  0/1 Time: 0:00:48 0.00% |█                                                                                                    |  0/1 Time: 0:00:492019-09-24 22:06:11,033 [grpc-default-executor-13] INFO  impl.RaftServerProxy (RaftServerProxy.java:addNew(89)) - e37ecff0-7bf0-4739-a92f-4116a43db170: addNew group-4E02E46F6B46:[e37ecff0-7bf0-4739-a92f-4116a43db170:192.168.36.84:33861] returns group-4E02E46F6B46:java.util.concurrent.CompletableFuture@1c4d39da[Not completed]
2019-09-24 22:06:11,038 [pool-37-thread-1] INFO  impl.RaftServerImpl (RaftServerImpl.java:<init>(95)) - e37ecff0-7bf0-4739-a92f-4116a43db170: new RaftServerImpl for group-4E02E46F6B46:[e37ecff0-7bf0-4739-a92f-4116a43db170:192.168.36.84:33861] with ContainerStateMachine:uninitialized
2019-09-24 22:06:11,038 [pool-37-thread-1] INFO  server.RaftServerConfigKeys (ConfUtils.java:logGet(43)) - raft.server.rpc.timeout.min = 5s (custom)
2019-09-24 22:06:11,038 [pool-37-thread-1] INFO  server.RaftServerConfigKeys (ConfUtils.java:logGet(43)) - raft.server.rpc.timeout.max = 5200ms (custom)
2019-09-24 22:06:11,038 [pool-37-thread-1] INFO  server.RaftServerConfigKeys (ConfUtils.java:logGet(43)) - raft.server.rpcslowness.timeout = 120s (custom)
2019-09-24 22:06:11,039 [pool-37-thread-1] INFO  server.RaftServerConfigKeys (ConfUtils.java:logGet(43)) - raft.server.sleep.deviation.threshold = 300 (default)
2019-09-24 22:06:11,039 [pool-37-thread-1] INFO  server.RaftServerConfigKeys (ConfUtils.java:logGet(43)) - raft.server.log.appender.install.snapshot.enabled = false (custom)
2019-09-24 22:06:11,039 [pool-37-thread-1] INFO  impl.RaftServerImpl (ServerState.java:<init>(103)) - e37ecff0-7bf0-4739-a92f-4116a43db170@group-4E02E46F6B46: ConfigurationManager, init=-1: [e37ecff0-7bf0-4739-a92f-4116a43db170:192.168.36.84:33861], old=null, confs=<EMPTY_MAP>
2019-09-24 22:06:11,040 [pool-37-thread-1] INFO  server.RaftServerConfigKeys (ConfUtils.java:logGet(43)) - raft.server.storage.dir = [/workdir/hadoop-ozone/tools/target/test-dir/MiniOzoneClusterImpl-0dbeefd0-b3ff-42cb-b418-04cceff02bee/datanode-1/data/ratis] (custom)
2019-09-24 22:06:11,040 [pool-37-thread-1] INFO  storage.RaftStorageDirectory (RaftStorageDirectory.java:analyzeStorage(246)) - The storage directory /workdir/hadoop-ozone/tools/target/test-dir/MiniOzoneClusterImpl-0dbeefd0-b3ff-42cb-b418-04cceff02bee/datanode-1/data/ratis/cb2a3cc2-7c86-4cbf-befd-4e02e46f6b46 does not exist. Creating ...
 0.00% |█                                                                                                    |  0/1 Time: 0:00:50 0.00% |█                                                                                                    |  0/1 Time: 0:00:51 0.00% |█                                                                                                    |  0/1 Time: 0:00:522019-09-24 22:06:14,029 [RATISCREATEPIPELINE0] ERROR pipeline.RatisPipelineProvider (RatisPipelineProvider.java:lambda$null$5(235)) - Failed invoke Ratis rpc org.apache.hadoop.hdds.scm.pipeline.RatisPipelineProvider$$Lambda$202/664155267@66f4f526 for e37ecff0-7bf0-4739-a92f-4116a43db170
org.apache.ratis.protocol.TimeoutIOException: deadline exceeded after 2999587038ns
	at org.apache.ratis.grpc.GrpcUtil.tryUnwrapException(GrpcUtil.java:82)
	at org.apache.ratis.grpc.GrpcUtil.unwrapException(GrpcUtil.java:75)
	at org.apache.ratis.grpc.client.GrpcClientProtocolClient.blockingCall(GrpcClientProtocolClient.java:178)
	at org.apache.ratis.grpc.client.GrpcClientProtocolClient.groupAdd(GrpcClientProtocolClient.java:147)
	at org.apache.ratis.grpc.client.GrpcClientRpc.sendRequest(GrpcClientRpc.java:94)
	at org.apache.ratis.client.impl.RaftClientImpl.sendRequest(RaftClientImpl.java:278)
	at org.apache.ratis.client.impl.RaftClientImpl.groupAdd(RaftClientImpl.java:205)
	at org.apache.hadoop.hdds.scm.pipeline.RatisPipelineProvider.lambda$initializePipeline$4(RatisPipelineProvider.java:196)
	at org.apache.hadoop.hdds.scm.pipeline.RatisPipelineProvider.lambda$null$5(RatisPipelineProvider.java:231)
	at java.util.stream.ForEachOps$ForEachOp$OfRef.accept(ForEachOps.java:184)
	at java.util.ArrayList$ArrayListSpliterator.forEachRemaining(ArrayList.java:1382)
	at java.util.stream.AbstractPipeline.copyInto(AbstractPipeline.java:482)
	at java.util.stream.ForEachOps$ForEachTask.compute(ForEachOps.java:291)
	at java.util.concurrent.CountedCompleter.exec(CountedCompleter.java:731)
	at java.util.concurrent.ForkJoinTask.doExec(ForkJoinTask.java:289)
	at java.util.concurrent.ForkJoinTask.doInvoke(ForkJoinTask.java:401)
	at java.util.concurrent.ForkJoinTask.invoke(ForkJoinTask.java:734)
	at java.util.stream.ForEachOps$ForEachOp.evaluateParallel(ForEachOps.java:160)
	at java.util.stream.ForEachOps$ForEachOp$OfRef.evaluateParallel(ForEachOps.java:174)
	at java.util.stream.AbstractPipeline.evaluate(AbstractPipeline.java:233)
	at java.util.stream.ReferencePipeline.forEach(ReferencePipeline.java:418)
	at java.util.stream.ReferencePipeline$Head.forEach(ReferencePipeline.java:583)
	at org.apache.hadoop.hdds.scm.pipeline.RatisPipelineProvider.lambda$callRatisRpc$6(RatisPipelineProvider.java:225)
	at java.util.concurrent.ForkJoinTask$AdaptedRunnableAction.exec(ForkJoinTask.java:1386)
	at java.util.concurrent.ForkJoinTask.doExec(ForkJoinTask.java:289)
	at java.util.concurrent.ForkJoinPool$WorkQueue.runTask(ForkJoinPool.java:1056)
	at java.util.concurrent.ForkJoinPool.runWorker(ForkJoinPool.java:1692)
	at java.util.concurrent.ForkJoinWorkerThread.run(ForkJoinWorkerThread.java:157)
Caused by: org.apache.ratis.thirdparty.io.grpc.StatusRuntimeException: DEADLINE_EXCEEDED: deadline exceeded after 2999587038ns
	at org.apache.ratis.thirdparty.io.grpc.stub.ClientCalls.toStatusRuntimeException(ClientCalls.java:233)
	at org.apache.ratis.thirdparty.io.grpc.stub.ClientCalls.getUnchecked(ClientCalls.java:214)
	at org.apache.ratis.thirdparty.io.grpc.stub.ClientCalls.blockingUnaryCall(ClientCalls.java:139)
	at org.apache.ratis.proto.grpc.AdminProtocolServiceGrpc$AdminProtocolServiceBlockingStub.groupManagement(AdminProtocolServiceGrpc.java:274)
	at org.apache.ratis.grpc.client.GrpcClientProtocolClient.lambda$groupAdd$3(GrpcClientProtocolClient.java:149)
	at org.apache.ratis.grpc.client.GrpcClientProtocolClient.blockingCall(GrpcClientProtocolClient.java:176)
	... 25 more
 0.00% |█                                                                                                    |  0/1 Time: 0:00:53 0.00% |█                                                                                                    |  0/1 Time: 0:00:542019-09-24 22:06:16,850 [pool-37-thread-1] INFO  storage.RaftStorageDirectory (RaftStorageDirectory.java:tryLock(328)) - Lock on /workdir/hadoop-ozone/tools/target/test-dir/MiniOzoneClusterImpl-0dbeefd0-b3ff-42cb-b418-04cceff02bee/datanode-1/data/ratis/cb2a3cc2-7c86-4cbf-befd-4e02e46f6b46/in_use.lock acquired by nodename 941@pr-hdds-2171-6l6hb-1841322612
 0.00% |█                                                                                                    |  0/1 Time: 0:00:55 0.00% |█                                                                                                    |  0/1 Time: 0:00:56 0.00% |█                                                                                                    |  0/1 Time: 0:00:57 0.00% |█                                                                                                    |  0/1 Time: 0:00:58 0.00% |█                                                                                                    |  0/1 Time: 0:00:59 0.00% |█                                                                                                    |  0/1 Time: 0:01:002019-09-24 22:06:22,849 [pool-37-thread-1] INFO  storage.RaftStorage (RaftStorage.java:format(72)) - Storage directory /workdir/hadoop-ozone/tools/target/test-dir/MiniOzoneClusterImpl-0dbeefd0-b3ff-42cb-b418-04cceff02bee/datanode-1/data/ratis/cb2a3cc2-7c86-4cbf-befd-4e02e46f6b46 has been successfully formatted.
2019-09-24 22:06:22,851 [pool-37-thread-1] INFO  ratis.ContainerStateMachine (ContainerStateMachine.java:loadSnapshot(230)) - group-4E02E46F6B46: The snapshot info is null. Setting the last applied indexto:(t:0, i:~)
2019-09-24 22:06:22,851 [pool-37-thread-1] INFO  server.RaftServerConfigKeys (ConfUtils.java:logGet(43)) - raft.server.notification.no-leader.timeout = 120s (custom)
2019-09-24 22:06:22,852 [pool-37-thread-1] INFO  server.RaftServerConfigKeys (ConfUtils.java:logGet(43)) - raft.server.log.use.memory = false (default)
2019-09-24 22:06:22,852 [pool-37-thread-1] INFO  server.RaftServerConfigKeys (ConfUtils.java:logGet(43)) - raft.server.log.purge.gap = 1000000 (custom)
2019-09-24 22:06:22,852 [pool-37-thread-1] INFO  server.RaftServerConfigKeys (ConfUtils.java:logGet(43)) - raft.server.log.appender.buffer.byte-limit = 33554432 (custom)
2019-09-24 22:06:22,853 [pool-37-thread-1] INFO  server.RaftServerConfigKeys (ConfUtils.java:logGet(43)) - raft.server.log.segment.size.max = 1048576 (custom)
2019-09-24 22:06:22,853 [pool-37-thread-1] INFO  server.RaftServerConfigKeys (ConfUtils.java:logGet(43)) - raft.server.log.segment.cache.num.max = 2 (custom)
2019-09-24 22:06:22,853 [pool-37-thread-1] INFO  segmented.SegmentedRaftLogWorker (SegmentedRaftLogWorker.java:<init>(172)) - new e37ecff0-7bf0-4739-a92f-4116a43db170@group-4E02E46F6B46-SegmentedRaftLogWorker for RaftStorage:Storage Directory /workdir/hadoop-ozone/tools/target/test-dir/MiniOzoneClusterImpl-0dbeefd0-b3ff-42cb-b418-04cceff02bee/datanode-1/data/ratis/cb2a3cc2-7c86-4cbf-befd-4e02e46f6b46
2019-09-24 22:06:22,853 [pool-37-thread-1] INFO  server.RaftServerConfigKeys (ConfUtils.java:logGet(43)) - raft.server.log.queue.byte-limit = 2147483647 (custom)
2019-09-24 22:06:22,854 [pool-37-thread-1] INFO  server.RaftServerConfigKeys (ConfUtils.java:logGet(43)) - raft.server.log.queue.element-limit = 1024 (custom)
2019-09-24 22:06:22,854 [pool-37-thread-1] INFO  server.RaftServerConfigKeys (ConfUtils.java:logGet(43)) - raft.server.log.segment.size.max = 1048576 (custom)
2019-09-24 22:06:22,854 [pool-37-thread-1] INFO  server.RaftServerConfigKeys (ConfUtils.java:logGet(43)) - raft.server.log.preallocated.size = 16384 (custom)
2019-09-24 22:06:22,854 [pool-37-thread-1] INFO  server.RaftServerConfigKeys (ConfUtils.java:logGet(43)) - raft.server.log.write.buffer.size = 33554432 (custom)
2019-09-24 22:06:22,854 [pool-37-thread-1] INFO  server.RaftServerConfigKeys (ConfUtils.java:logGet(43)) - raft.server.log.force.sync.num = 128 (default)
2019-09-24 22:06:22,855 [pool-37-thread-1] INFO  server.RaftServerConfigKeys (ConfUtils.java:logGet(43)) - raft.server.log.statemachine.data.sync = true (default)
2019-09-24 22:06:22,855 [pool-37-thread-1] INFO  server.RaftServerConfigKeys (ConfUtils.java:logGet(43)) - raft.server.log.statemachine.data.sync.timeout = 10s (default)
2019-09-24 22:06:22,855 [pool-37-thread-1] INFO  server.RaftServerConfigKeys (ConfUtils.java:logGet(43)) - raft.server.log.statemachine.data.sync.timeout.retry = -1 (default)
2019-09-24 22:06:22,855 [pool-37-thread-1] INFO  server.RaftServerConfigKeys (ConfUtils.java:logGet(43)) - raft.server.log.statemachine.data.caching.enabled = true (custom)
2019-09-24 22:06:22,856 [pool-37-thread-1] INFO  segmented.SegmentedRaftLogWorker (SegmentedRaftLogWorker.java:lambda$new$0(132)) - e37ecff0-7bf0-4739-a92f-4116a43db170@group-4E02E46F6B46-SegmentedRaftLogWorker: flushIndex: setUnconditionally 0 -> -1
2019-09-24 22:06:22,856 [pool-37-thread-1] INFO  server.RaftServerConfigKeys (ConfUtils.java:logGet(43)) - raft.server.snapshot.auto.trigger.enabled = true (custom)
2019-09-24 22:06:22,857 [pool-37-thread-1] INFO  server.RaftServerConfigKeys (ConfUtils.java:logGet(43)) - raft.server.snapshot.auto.trigger.threshold = 10000 (custom)
2019-09-24 22:06:22,857 [pool-37-thread-1] INFO  server.RaftServerConfigKeys (ConfUtils.java:logGet(43)) - raft.server.snapshot.retention.num.files = 5 (custom)
2019-09-24 22:06:22,857 [pool-37-thread-1] INFO  server.RaftServerConfigKeys (ConfUtils.java:logGet(43)) - raft.server.retrycache.expirytime = 600000ms (custom)
2019-09-24 22:06:22,863 [pool-37-thread-1] INFO  impl.RaftServerImpl (RaftServerImpl.java:start(185)) - e37ecff0-7bf0-4739-a92f-4116a43db170@group-4E02E46F6B46: start as a follower, conf=-1: [e37ecff0-7bf0-4739-a92f-4116a43db170:192.168.36.84:33861], old=null
2019-09-24 22:06:22,863 [pool-37-thread-1] INFO  impl.RaftServerImpl (RaftServerImpl.java:setRole(174)) - e37ecff0-7bf0-4739-a92f-4116a43db170@group-4E02E46F6B46: changes role from      null to FOLLOWER at term 0 for startAsFollower
2019-09-24 22:06:22,863 [pool-37-thread-1] INFO  impl.RoleInfo (RoleInfo.java:updateAndGet(143)) - e37ecff0-7bf0-4739-a92f-4116a43db170: start FollowerState
2019-09-24 22:06:22,864 [pool-37-thread-1] INFO  util.JmxRegister (JmxRegister.java:tryRegister(44)) - Successfully registered JMX Bean with object name Ratis:service=RaftServer,group=group-4E02E46F6B46,id=e37ecff0-7bf0-4739-a92f-4116a43db170
 0.00% |█                                                                                                    |  0/1 Time: 0:01:01 0.00% |█                                                                                                    |  0/1 Time: 0:01:02 0.00% |█                                                                                                    |  0/1 Time: 0:01:03 0.00% |█                                                                                                    |  0/1 Time: 0:01:04 0.00% |█                                                                                                    |  0/1 Time: 0:01:052019-09-24 22:06:27,953 [Thread-16643] INFO  impl.FollowerState (FollowerState.java:run(106)) - e37ecff0-7bf0-4739-a92f-4116a43db170:group-4E02E46F6B46 changes to CANDIDATE, lastRpcTime:5089, electionTimeout:5089ms
2019-09-24 22:06:27,954 [Thread-16643] INFO  impl.RoleInfo (RoleInfo.java:shutdownFollowerState(121)) - e37ecff0-7bf0-4739-a92f-4116a43db170: shutdown FollowerState
2019-09-24 22:06:27,954 [Thread-16643] INFO  impl.RaftServerImpl (RaftServerImpl.java:setRole(174)) - e37ecff0-7bf0-4739-a92f-4116a43db170@group-4E02E46F6B46: changes role from  FOLLOWER to CANDIDATE at term 0 for changeToCandidate
2019-09-24 22:06:27,954 [Thread-16643] INFO  impl.RoleInfo (RoleInfo.java:updateAndGet(143)) - e37ecff0-7bf0-4739-a92f-4116a43db170: start LeaderElection
 0.00% |█                                                                                                    |  0/1 Time: 0:01:062019-09-24 22:06:28,705 [e37ecff0-7bf0-4739-a92f-4116a43db170@group-4E02E46F6B46:LeaderElection67] INFO  impl.LeaderElection (LeaderElection.java:askForVotes(182)) - e37ecff0-7bf0-4739-a92f-4116a43db170@group-4E02E46F6B46:LeaderElection67: begin an election at term 1 for -1: [e37ecff0-7bf0-4739-a92f-4116a43db170:192.168.36.84:33861], old=null
2019-09-24 22:06:28,706 [e37ecff0-7bf0-4739-a92f-4116a43db170@group-4E02E46F6B46:LeaderElection67] INFO  impl.RoleInfo (RoleInfo.java:shutdownLeaderElection(134)) - e37ecff0-7bf0-4739-a92f-4116a43db170: shutdown LeaderElection
2019-09-24 22:06:28,706 [e37ecff0-7bf0-4739-a92f-4116a43db170@group-4E02E46F6B46:LeaderElection67] INFO  impl.RaftServerImpl (RaftServerImpl.java:setRole(174)) - e37ecff0-7bf0-4739-a92f-4116a43db170@group-4E02E46F6B46: changes role from CANDIDATE to LEADER at term 1 for changeToLeader
2019-09-24 22:06:28,707 [e37ecff0-7bf0-4739-a92f-4116a43db170@group-4E02E46F6B46:LeaderElection67] INFO  impl.RaftServerImpl (ServerState.java:setLeader(253)) - e37ecff0-7bf0-4739-a92f-4116a43db170@group-4E02E46F6B46: change Leader from null to e37ecff0-7bf0-4739-a92f-4116a43db170 at term 1 for becomeLeader, leader elected after 5855ms
2019-09-24 22:06:28,707 [e37ecff0-7bf0-4739-a92f-4116a43db170@group-4E02E46F6B46:LeaderElection67] INFO  server.RaftServerConfigKeys (ConfUtils.java:logGet(43)) - raft.server.staging.catchup.gap = 1000 (default)
2019-09-24 22:06:28,707 [e37ecff0-7bf0-4739-a92f-4116a43db170@group-4E02E46F6B46:LeaderElection67] INFO  server.RaftServerConfigKeys (ConfUtils.java:logGet(43)) - raft.server.rpc.sleep.time = 25ms (default)
2019-09-24 22:06:28,708 [e37ecff0-7bf0-4739-a92f-4116a43db170@group-4E02E46F6B46:LeaderElection67] INFO  server.RaftServerConfigKeys (ConfUtils.java:logGet(43)) - raft.server.write.element-limit = 4096 (default)
2019-09-24 22:06:28,708 [e37ecff0-7bf0-4739-a92f-4116a43db170@group-4E02E46F6B46:LeaderElection67] INFO  server.RaftServerConfigKeys (ConfUtils.java:logGet(43)) - raft.server.watch.timeout = 10s (default)
2019-09-24 22:06:28,708 [e37ecff0-7bf0-4739-a92f-4116a43db170@group-4E02E46F6B46:LeaderElection67] INFO  server.RaftServerConfigKeys (ConfUtils.java:logGet(43)) - raft.server.watch.timeout.denomination = 1s (default)
2019-09-24 22:06:28,708 [e37ecff0-7bf0-4739-a92f-4116a43db170@group-4E02E46F6B46:LeaderElection67] INFO  server.RaftServerConfigKeys (ConfUtils.java:logGet(43)) - raft.server.watch.element-limit = 65536 (default)
2019-09-24 22:06:28,716 [e37ecff0-7bf0-4739-a92f-4116a43db170@group-4E02E46F6B46:LeaderElection67] INFO  impl.RoleInfo (RoleInfo.java:updateAndGet(143)) - e37ecff0-7bf0-4739-a92f-4116a43db170: start LeaderState
2019-09-24 22:06:28,716 [e37ecff0-7bf0-4739-a92f-4116a43db170@group-4E02E46F6B46:LeaderElection67] INFO  segmented.SegmentedRaftLogWorker (SegmentedRaftLogWorker.java:startLogSegment(380)) - e37ecff0-7bf0-4739-a92f-4116a43db170@group-4E02E46F6B46-SegmentedRaftLogWorker: Starting segment from index:0
2019-09-24 22:06:28,718 [e37ecff0-7bf0-4739-a92f-4116a43db170@group-4E02E46F6B46:LeaderElection67] INFO  impl.RaftServerImpl (ServerState.java:setRaftConf(354)) - e37ecff0-7bf0-4739-a92f-4116a43db170@group-4E02E46F6B46: set configuration 0: [e37ecff0-7bf0-4739-a92f-4116a43db170:192.168.36.84:33861], old=null at 0
 0.00% |█                                                                                                    |  0/1 Time: 0:01:072019-09-24 22:06:29,508 [e37ecff0-7bf0-4739-a92f-4116a43db170@group-4E02E46F6B46-SegmentedRaftLogWorker] INFO  segmented.SegmentedRaftLogWorker (SegmentedRaftLogWorker.java:execute(569)) - e37ecff0-7bf0-4739-a92f-4116a43db170@group-4E02E46F6B46-SegmentedRaftLogWorker: created new log segment /workdir/hadoop-ozone/tools/target/test-dir/MiniOzoneClusterImpl-0dbeefd0-b3ff-42cb-b418-04cceff02bee/datanode-1/data/ratis/cb2a3cc2-7c86-4cbf-befd-4e02e46f6b46/current/log_inprogress_0
 0.00% |█                                                                                                    |  0/1 Time: 0:01:08 0.00% |█                                                                                                    |  0/1 Time: 0:01:09 0.00% |█                                                                                                    |  0/1 Time: 0:01:10 0.00% |█                                                                                                    |  0/1 Time: 0:01:11 0.00% |█                                                                                                    |  0/1 Time: 0:01:12 0.00% |█                                                                                                    |  0/1 Time: 0:01:13 0.00% |█                                                                                                    |  0/1 Time: 0:01:14 0.00% |█                                                                                                    |  0/1 Time: 0:01:15 0.00% |█                                                                                                    |  0/1 Time: 0:01:16 0.00% |█                                                                                                    |  0/1 Time: 0:01:172019-09-24 22:06:39,747 [grpc-default-executor-9] INFO  segmented.SegmentedRaftLogWorker (SegmentedRaftLogWorker.java:rollLogSegment(385)) - 9ff58228-7100-45ca-a745-15cf8ac5363e@group-5106E6AAD4AC-SegmentedRaftLogWorker: Rolling segment log-0_7032 to index:7032
2019-09-24 22:06:39,750 [grpc-default-executor-9] INFO  segmented.SegmentedRaftLogWorker (SegmentedRaftLogWorker.java:rollLogSegment(385)) - e37ecff0-7bf0-4739-a92f-4116a43db170@group-5106E6AAD4AC-SegmentedRaftLogWorker: Rolling segment log-0_7032 to index:7032
2019-09-24 22:06:39,751 [grpc-default-executor-2] INFO  segmented.SegmentedRaftLogWorker (SegmentedRaftLogWorker.java:rollLogSegment(385)) - 80d09bdf-f27a-4fea-b70f-b974835c4ee0@group-5106E6AAD4AC-SegmentedRaftLogWorker: Rolling segment log-0_7032 to index:7032
2019-09-24 22:06:39,760 [9ff58228-7100-45ca-a745-15cf8ac5363e@group-5106E6AAD4AC-SegmentedRaftLogWorker] INFO  segmented.SegmentedRaftLogWorker (SegmentedRaftLogWorker.java:execute(526)) - 9ff58228-7100-45ca-a745-15cf8ac5363e@group-5106E6AAD4AC-SegmentedRaftLogWorker: Rolled log segment from /workdir/hadoop-ozone/tools/target/test-dir/MiniOzoneClusterImpl-0dbeefd0-b3ff-42cb-b418-04cceff02bee/datanode-4/data/ratis/d64a113d-c8d2-42ad-ba23-5106e6aad4ac/current/log_inprogress_0 to /workdir/hadoop-ozone/tools/target/test-dir/MiniOzoneClusterImpl-0dbeefd0-b3ff-42cb-b418-04cceff02bee/datanode-4/data/ratis/d64a113d-c8d2-42ad-ba23-5106e6aad4ac/current/log_0-7032
2019-09-24 22:06:39,760 [e37ecff0-7bf0-4739-a92f-4116a43db170@group-5106E6AAD4AC-SegmentedRaftLogWorker] INFO  segmented.SegmentedRaftLogWorker (SegmentedRaftLogWorker.java:execute(526)) - e37ecff0-7bf0-4739-a92f-4116a43db170@group-5106E6AAD4AC-SegmentedRaftLogWorker: Rolled log segment from /workdir/hadoop-ozone/tools/target/test-dir/MiniOzoneClusterImpl-0dbeefd0-b3ff-42cb-b418-04cceff02bee/datanode-1/data/ratis/d64a113d-c8d2-42ad-ba23-5106e6aad4ac/current/log_inprogress_0 to /workdir/hadoop-ozone/tools/target/test-dir/MiniOzoneClusterImpl-0dbeefd0-b3ff-42cb-b418-04cceff02bee/datanode-1/data/ratis/d64a113d-c8d2-42ad-ba23-5106e6aad4ac/current/log_0-7032
2019-09-24 22:06:39,760 [80d09bdf-f27a-4fea-b70f-b974835c4ee0@group-5106E6AAD4AC-SegmentedRaftLogWorker] INFO  segmented.SegmentedRaftLogWorker (SegmentedRaftLogWorker.java:execute(526)) - 80d09bdf-f27a-4fea-b70f-b974835c4ee0@group-5106E6AAD4AC-SegmentedRaftLogWorker: Rolled log segment from /workdir/hadoop-ozone/tools/target/test-dir/MiniOzoneClusterImpl-0dbeefd0-b3ff-42cb-b418-04cceff02bee/datanode-0/data/ratis/d64a113d-c8d2-42ad-ba23-5106e6aad4ac/current/log_inprogress_0 to /workdir/hadoop-ozone/tools/target/test-dir/MiniOzoneClusterImpl-0dbeefd0-b3ff-42cb-b418-04cceff02bee/datanode-0/data/ratis/d64a113d-c8d2-42ad-ba23-5106e6aad4ac/current/log_0-7032
 0.00% |█                                                                                                    |  0/1 Time: 0:01:182019-09-24 22:06:40,343 [9ff58228-7100-45ca-a745-15cf8ac5363e@group-5106E6AAD4AC-SegmentedRaftLogWorker] INFO  segmented.SegmentedRaftLogWorker (SegmentedRaftLogWorker.java:execute(569)) - 9ff58228-7100-45ca-a745-15cf8ac5363e@group-5106E6AAD4AC-SegmentedRaftLogWorker: created new log segment /workdir/hadoop-ozone/tools/target/test-dir/MiniOzoneClusterImpl-0dbeefd0-b3ff-42cb-b418-04cceff02bee/datanode-4/data/ratis/d64a113d-c8d2-42ad-ba23-5106e6aad4ac/current/log_inprogress_7033
2019-09-24 22:06:40,343 [80d09bdf-f27a-4fea-b70f-b974835c4ee0@group-5106E6AAD4AC-SegmentedRaftLogWorker] INFO  segmented.SegmentedRaftLogWorker (SegmentedRaftLogWorker.java:execute(569)) - 80d09bdf-f27a-4fea-b70f-b974835c4ee0@group-5106E6AAD4AC-SegmentedRaftLogWorker: created new log segment /workdir/hadoop-ozone/tools/target/test-dir/MiniOzoneClusterImpl-0dbeefd0-b3ff-42cb-b418-04cceff02bee/datanode-0/data/ratis/d64a113d-c8d2-42ad-ba23-5106e6aad4ac/current/log_inprogress_7033
2019-09-24 22:06:40,343 [e37ecff0-7bf0-4739-a92f-4116a43db170@group-5106E6AAD4AC-SegmentedRaftLogWorker] INFO  segmented.SegmentedRaftLogWorker (SegmentedRaftLogWorker.java:execute(569)) - e37ecff0-7bf0-4739-a92f-4116a43db170@group-5106E6AAD4AC-SegmentedRaftLogWorker: created new log segment /workdir/hadoop-ozone/tools/target/test-dir/MiniOzoneClusterImpl-0dbeefd0-b3ff-42cb-b418-04cceff02bee/datanode-1/data/ratis/d64a113d-c8d2-42ad-ba23-5106e6aad4ac/current/log_inprogress_7033
 0.00% |█                                                                                                    |  0/1 Time: 0:01:19 0.00% |█                                                                                                    |  0/1 Time: 0:01:20 0.00% |█                                                                                                    |  0/1 Time: 0:01:21 0.00% |█                                                                                                    |  0/1 Time: 0:01:22 0.00% |█                                                                                                    |  0/1 Time: 0:01:23 0.00% |█                                                                                                    |  0/1 Time: 0:01:24 0.00% |█                                                                                                    |  0/1 Time: 0:01:25 0.00% |█                                                                                                    |  0/1 Time: 0:01:26 0.00% |█                                                                                                    |  0/1 Time: 0:01:27 0.00% |█                                                                                                    |  0/1 Time: 0:01:28 0.00% |█                                                                                                    |  0/1 Time: 0:01:292019-09-24 22:06:51,231 [grpc-default-executor-12] INFO  impl.RaftServerProxy (RaftServerProxy.java:remove(95)) - e37ecff0-7bf0-4739-a92f-4116a43db170: remove    LEADER e37ecff0-7bf0-4739-a92f-4116a43db170@group-4E02E46F6B46:t1, leader=e37ecff0-7bf0-4739-a92f-4116a43db170, voted=e37ecff0-7bf0-4739-a92f-4116a43db170, raftlog=e37ecff0-7bf0-4739-a92f-4116a43db170@group-4E02E46F6B46-SegmentedRaftLog:OPENED:c0,f0,i0, conf=0: [e37ecff0-7bf0-4739-a92f-4116a43db170:192.168.36.84:33861], old=null RUNNING
2019-09-24 22:06:51,232 [grpc-default-executor-12] INFO  impl.RaftServerImpl (RaftServerImpl.java:lambda$shutdown$3(251)) - e37ecff0-7bf0-4739-a92f-4116a43db170@group-4E02E46F6B46: shutdown
2019-09-24 22:06:51,233 [grpc-default-executor-12] INFO  util.JmxRegister (JmxRegister.java:unregister(73)) - Successfully un-registered JMX Bean with object name Ratis:service=RaftServer,group=group-4E02E46F6B46,id=e37ecff0-7bf0-4739-a92f-4116a43db170
2019-09-24 22:06:51,233 [grpc-default-executor-12] INFO  impl.RoleInfo (RoleInfo.java:shutdownLeaderState(104)) - e37ecff0-7bf0-4739-a92f-4116a43db170: shutdown LeaderState
2019-09-24 22:06:51,234 [grpc-default-executor-12] INFO  impl.PendingRequests (PendingRequests.java:sendNotLeaderResponses(202)) - e37ecff0-7bf0-4739-a92f-4116a43db170-PendingRequests: sendNotLeaderResponses
2019-09-24 22:06:51,234 [grpc-default-executor-12] INFO  impl.StateMachineUpdater (StateMachineUpdater.java:stopAndJoin(125)) - e37ecff0-7bf0-4739-a92f-4116a43db170@group-4E02E46F6B46-StateMachineUpdater: set stopIndex = 0
2019-09-24 22:06:51,235 [grpc-default-executor-12] INFO  impl.RaftServerImpl (ServerState.java:close(385)) - e37ecff0-7bf0-4739-a92f-4116a43db170@group-4E02E46F6B46: closes. applyIndex: 0
2019-09-24 22:06:51,235 [e37ecff0-7bf0-4739-a92f-4116a43db170@group-4E02E46F6B46-SegmentedRaftLogWorker] INFO  segmented.SegmentedRaftLogWorker (SegmentedRaftLogWorker.java:run(313)) - e37ecff0-7bf0-4739-a92f-4116a43db170@group-4E02E46F6B46-SegmentedRaftLogWorker was interrupted, exiting. There are 0 tasks remaining in the queue.
2019-09-24 22:06:51,239 [grpc-default-executor-12] INFO  segmented.SegmentedRaftLogWorker (SegmentedRaftLogWorker.java:close(228)) - e37ecff0-7bf0-4739-a92f-4116a43db170@group-4E02E46F6B46-SegmentedRaftLogWorker close()
 0.00% |█                                                                                                    |  0/1 Time: 0:01:30 0.00% |█                                                                                                    |  0/1 Time: 0:01:31 0.00% |█                                                                                                    |  0/1 Time: 0:01:32 0.00% |█                                                                                                    |  0/1 Time: 0:01:33 0.00% |█                                                                                                    |  0/1 Time: 0:01:34 0.00% |█                                                                                                    |  0/1 Time: 0:01:35 0.00% |█                                                                                                    |  0/1 Time: 0:01:36 0.00% |█                                                                                                    |  0/1 Time: 0:01:37 0.00% |█                                                                                                    |  0/1 Time: 0:01:38 0.00% |█                                                                                                    |  0/1 Time: 0:01:39 0.00% |█                                                                                                    |  0/1 Time: 0:01:40 0.00% |█                                                                                                    |  0/1 Time: 0:01:41 0.00% |█                                                                                                    |  0/1 Time: 0:01:42 0.00% |█                                                                                                    |  0/1 Time: 0:01:43 0.00% |█                                                                                                    |  0/1 Time: 0:01:44 0.00% |█                                                                                                    |  0/1 Time: 0:01:45 0.00% |█                                                                                                    |  0/1 Time: 0:01:46 0.00% |█                                                                                                    |  0/1 Time: 0:01:47 0.00% |█                                                                                                    |  0/1 Time: 0:01:48 0.00% |█                                                                                                    |  0/1 Time: 0:01:49 0.00% |█                                                                                                    |  0/1 Time: 0:01:50 0.00% |█                                                                                                    |  0/1 Time: 0:01:51 0.00% |█                                                                                                    |  0/1 Time: 0:01:52 0.00% |█                                                                                                    |  0/1 Time: 0:01:53 0.00% |█                                                                                                    |  0/1 Time: 0:01:54 0.00% |█                                                                                                    |  0/1 Time: 0:01:55 0.00% |█                                                                                                    |  0/1 Time: 0:01:562019-09-24 22:07:18,854 [java.util.concurrent.ThreadPoolExecutor$Worker@16b83014[State = -1, empty queue]] WARN  server.GrpcLogAppender (GrpcLogAppender.java:timeoutAppendRequest(200)) - 9ff58228-7100-45ca-a745-15cf8ac5363e@group-5106E6AAD4AC->80d09bdf-f27a-4fea-b70f-b974835c4ee0-GrpcLogAppender: appendEntries Timeout, request=9ff58228-7100-45ca-a745-15cf8ac5363e->80d09bdf-f27a-4fea-b70f-b974835c4ee0#7128-t5, previous=(t:5, i:7108), leaderCommit=7105, initializing? false, entries: size=1, first=(t:5, i:7109), METADATAENTRY(c7105)
2019-09-24 22:07:18,899 [java.util.concurrent.ThreadPoolExecutor$Worker@16b83014[State = -1, empty queue]] WARN  server.GrpcLogAppender (GrpcLogAppender.java:timeoutAppendRequest(200)) - 9ff58228-7100-45ca-a745-15cf8ac5363e@group-5106E6AAD4AC->80d09bdf-f27a-4fea-b70f-b974835c4ee0-GrpcLogAppender: appendEntries Timeout, request=9ff58228-7100-45ca-a745-15cf8ac5363e->80d09bdf-f27a-4fea-b70f-b974835c4ee0#7129-t5, previous=(t:5, i:7109), leaderCommit=7105, initializing? false, entries: size=1, first=(t:5, i:7110), METADATAENTRY(c7106)
2019-09-24 22:07:18,899 [java.util.concurrent.ThreadPoolExecutor$Worker@5763e14b[State = -1, empty queue]] WARN  server.GrpcLogAppender (GrpcLogAppender.java:timeoutAppendRequest(200)) - 9ff58228-7100-45ca-a745-15cf8ac5363e@group-5106E6AAD4AC->e37ecff0-7bf0-4739-a92f-4116a43db170-GrpcLogAppender: appendEntries Timeout, request=9ff58228-7100-45ca-a745-15cf8ac5363e->e37ecff0-7bf0-4739-a92f-4116a43db170#7129-t5, previous=(t:5, i:7109), leaderCommit=7105, initializing? false, entries: size=1, first=(t:5, i:7110), METADATAENTRY(c7106)
2019-09-24 22:07:18,899 [java.util.concurrent.ThreadPoolExecutor$Worker@16b83014[State = -1, empty queue]] WARN  server.GrpcLogAppender (GrpcLogAppender.java:timeoutAppendRequest(200)) - 9ff58228-7100-45ca-a745-15cf8ac5363e@group-5106E6AAD4AC->80d09bdf-f27a-4fea-b70f-b974835c4ee0-GrpcLogAppender: appendEntries Timeout, request=9ff58228-7100-45ca-a745-15cf8ac5363e->80d09bdf-f27a-4fea-b70f-b974835c4ee0#7130-t5, previous=(t:5, i:7110), leaderCommit=7105, initializing? false, entries: size=1, first=(t:5, i:7111), METADATAENTRY(c7107)
2019-09-24 22:07:18,899 [java.util.concurrent.ThreadPoolExecutor$Worker@5763e14b[State = -1, empty queue]] WARN  server.GrpcLogAppender (GrpcLogAppender.java:timeoutAppendRequest(200)) - 9ff58228-7100-45ca-a745-15cf8ac5363e@group-5106E6AAD4AC->e37ecff0-7bf0-4739-a92f-4116a43db170-GrpcLogAppender: appendEntries Timeout, request=9ff58228-7100-45ca-a745-15cf8ac5363e->e37ecff0-7bf0-4739-a92f-4116a43db170#7130-t5, previous=(t:5, i:7110), leaderCommit=7105, initializing? false, entries: size=1, first=(t:5, i:7111), METADATAENTRY(c7107)
 0.00% |█                                                                                                    |  0/1 Time: 0:01:572019-09-24 22:07:19,488 [java.util.concurrent.ThreadPoolExecutor$Worker@5763e14b[State = -1, empty queue]] WARN  server.GrpcLogAppender (GrpcLogAppender.java:timeoutAppendRequest(200)) - 9ff58228-7100-45ca-a745-15cf8ac5363e@group-5106E6AAD4AC->e37ecff0-7bf0-4739-a92f-4116a43db170-GrpcLogAppender: appendEntries Timeout, request=9ff58228-7100-45ca-a745-15cf8ac5363e->e37ecff0-7bf0-4739-a92f-4116a43db170#7131-t5, previous=(t:5, i:7111), leaderCommit=7107, initializing? false, entries: size=1, first=(t:5, i:7112), STATEMACHINELOGENTRY, client-3EFB5474AAF4, cid=4748
2019-09-24 22:07:19,488 [java.util.concurrent.ThreadPoolExecutor$Worker@16b83014[State = -1, empty queue]] WARN  server.GrpcLogAppender (GrpcLogAppender.java:timeoutAppendRequest(200)) - 9ff58228-7100-45ca-a745-15cf8ac5363e@group-5106E6AAD4AC->80d09bdf-f27a-4fea-b70f-b974835c4ee0-GrpcLogAppender: appendEntries Timeout, request=9ff58228-7100-45ca-a745-15cf8ac5363e->80d09bdf-f27a-4fea-b70f-b974835c4ee0#7131-t5, previous=(t:5, i:7111), leaderCommit=7107, initializing? false, entries: size=1, first=(t:5, i:7112), STATEMACHINELOGENTRY, client-3EFB5474AAF4, cid=4748
2019-09-24 22:07:19,488 [java.util.concurrent.ThreadPoolExecutor$Worker@5763e14b[State = -1, empty queue]] WARN  server.GrpcLogAppender (GrpcLogAppender.java:timeoutAppendRequest(200)) - 9ff58228-7100-45ca-a745-15cf8ac5363e@group-5106E6AAD4AC->e37ecff0-7bf0-4739-a92f-4116a43db170-GrpcLogAppender: appendEntries Timeout, request=9ff58228-7100-45ca-a745-15cf8ac5363e->e37ecff0-7bf0-4739-a92f-4116a43db170#7132-t5, previous=(t:5, i:7112), leaderCommit=7107, initializing? false, entries: size=1, first=(t:5, i:7113), STATEMACHINELOGENTRY, client-3EFB5474AAF4, cid=4749
2019-09-24 22:07:19,489 [java.util.concurrent.ThreadPoolExecutor$Worker@16b83014[State = -1, empty queue]] WARN  server.GrpcLogAppender (GrpcLogAppender.java:timeoutAppendRequest(200)) - 9ff58228-7100-45ca-a745-15cf8ac5363e@group-5106E6AAD4AC->80d09bdf-f27a-4fea-b70f-b974835c4ee0-GrpcLogAppender: appendEntries Timeout, request=9ff58228-7100-45ca-a745-15cf8ac5363e->80d09bdf-f27a-4fea-b70f-b974835c4ee0#7132-t5, previous=(t:5, i:7112), leaderCommit=7107, initializing? false, entries: size=1, first=(t:5, i:7113), STATEMACHINELOGENTRY, client-3EFB5474AAF4, cid=4749
 0.00% |█                                                                                                    |  0/1 Time: 0:01:582019-09-24 22:07:21,199 [grpc-default-executor-12] WARN  server.GrpcLogAppender (GrpcLogAppender.java:onNextImpl(251)) - 9ff58228-7100-45ca-a745-15cf8ac5363e@group-5106E6AAD4AC->80d09bdf-f27a-4fea-b70f-b974835c4ee0-AppendLogResponseHandler: Request not found, ignoring reply: 9ff58228-7100-45ca-a745-15cf8ac5363e<-80d09bdf-f27a-4fea-b70f-b974835c4ee0#7128:OK,SUCCESS,nextIndex:7110,term:5,followerCommit:7107
2019-09-24 22:07:21,200 [grpc-default-executor-12] WARN  server.GrpcLogAppender (GrpcLogAppender.java:onNextImpl(251)) - 9ff58228-7100-45ca-a745-15cf8ac5363e@group-5106E6AAD4AC->80d09bdf-f27a-4fea-b70f-b974835c4ee0-AppendLogResponseHandler: Request not found, ignoring reply: 9ff58228-7100-45ca-a745-15cf8ac5363e<-80d09bdf-f27a-4fea-b70f-b974835c4ee0#7129:OK,SUCCESS,nextIndex:7111,term:5,followerCommit:7107
2019-09-24 22:07:21,200 [grpc-default-executor-2] WARN  server.GrpcLogAppender (GrpcLogAppender.java:onNextImpl(251)) - 9ff58228-7100-45ca-a745-15cf8ac5363e@group-5106E6AAD4AC->e37ecff0-7bf0-4739-a92f-4116a43db170-AppendLogResponseHandler: Request not found, ignoring reply: 9ff58228-7100-45ca-a745-15cf8ac5363e<-e37ecff0-7bf0-4739-a92f-4116a43db170#7129:OK,SUCCESS,nextIndex:7111,term:5,followerCommit:7107
2019-09-24 22:07:21,200 [grpc-default-executor-12] WARN  server.GrpcLogAppender (GrpcLogAppender.java:onNextImpl(251)) - 9ff58228-7100-45ca-a745-15cf8ac5363e@group-5106E6AAD4AC->80d09bdf-f27a-4fea-b70f-b974835c4ee0-AppendLogResponseHandler: Request not found, ignoring reply: 9ff58228-7100-45ca-a745-15cf8ac5363e<-80d09bdf-f27a-4fea-b70f-b974835c4ee0#7130:OK,SUCCESS,nextIndex:7112,term:5,followerCommit:7107
2019-09-24 22:07:21,200 [grpc-default-executor-2] WARN  server.GrpcLogAppender (GrpcLogAppender.java:onNextImpl(251)) - 9ff58228-7100-45ca-a745-15cf8ac5363e@group-5106E6AAD4AC->e37ecff0-7bf0-4739-a92f-4116a43db170-AppendLogResponseHandler: Request not found, ignoring reply: 9ff58228-7100-45ca-a745-15cf8ac5363e<-e37ecff0-7bf0-4739-a92f-4116a43db170#7130:OK,SUCCESS,nextIndex:7112,term:5,followerCommit:7107
 0.00% |█                                                                                                    |  0/1 Time: 0:01:592019-09-24 22:07:21,989 [java.util.concurrent.ThreadPoolExecutor$Worker@5763e14b[State = -1, empty queue]] WARN  server.GrpcLogAppender (GrpcLogAppender.java:timeoutAppendRequest(200)) - 9ff58228-7100-45ca-a745-15cf8ac5363e@group-5106E6AAD4AC->e37ecff0-7bf0-4739-a92f-4116a43db170-GrpcLogAppender: appendEntries Timeout, request=9ff58228-7100-45ca-a745-15cf8ac5363e->e37ecff0-7bf0-4739-a92f-4116a43db170#7133-t5, previous=(t:5, i:7113), leaderCommit=7107, initializing? false, entries: <empty>
2019-09-24 22:07:21,989 [java.util.concurrent.ThreadPoolExecutor$Worker@16b83014[State = -1, empty queue]] WARN  server.GrpcLogAppender (GrpcLogAppender.java:timeoutAppendRequest(200)) - 9ff58228-7100-45ca-a745-15cf8ac5363e@group-5106E6AAD4AC->80d09bdf-f27a-4fea-b70f-b974835c4ee0-GrpcLogAppender: appendEntries Timeout, request=9ff58228-7100-45ca-a745-15cf8ac5363e->80d09bdf-f27a-4fea-b70f-b974835c4ee0#7133-t5, previous=(t:5, i:7113), leaderCommit=7107, initializing? false, entries: <empty>
 0.00% |█                                                                                                    |  0/1 Time: 0:02:00 0.00% |█                                                                                                    |  0/1 Time: 0:02:01 0.00% |█                                                                                                    |  0/1 Time: 0:02:02 0.00% |█                                                                                                    |  0/1 Time: 0:02:032019-09-24 22:07:26,307 [grpc-default-executor-2] WARN  server.GrpcLogAppender (GrpcLogAppender.java:onNextImpl(251)) - 9ff58228-7100-45ca-a745-15cf8ac5363e@group-5106E6AAD4AC->80d09bdf-f27a-4fea-b70f-b974835c4ee0-AppendLogResponseHandler: Request not found, ignoring reply: 9ff58228-7100-45ca-a745-15cf8ac5363e<-80d09bdf-f27a-4fea-b70f-b974835c4ee0#7131:OK,SUCCESS,nextIndex:7113,term:5,followerCommit:7109
2019-09-24 22:07:26,308 [grpc-default-executor-2] WARN  server.GrpcLogAppender (GrpcLogAppender.java:onNextImpl(251)) - 9ff58228-7100-45ca-a745-15cf8ac5363e@group-5106E6AAD4AC->80d09bdf-f27a-4fea-b70f-b974835c4ee0-AppendLogResponseHandler: Request not found, ignoring reply: 9ff58228-7100-45ca-a745-15cf8ac5363e<-80d09bdf-f27a-4fea-b70f-b974835c4ee0#7132:OK,SUCCESS,nextIndex:7114,term:5,followerCommit:7109
2019-09-24 22:07:26,308 [grpc-default-executor-2] WARN  server.GrpcLogAppender (GrpcLogAppender.java:onNextImpl(251)) - 9ff58228-7100-45ca-a745-15cf8ac5363e@group-5106E6AAD4AC->80d09bdf-f27a-4fea-b70f-b974835c4ee0-AppendLogResponseHandler: Request not found, ignoring reply: 9ff58228-7100-45ca-a745-15cf8ac5363e<-80d09bdf-f27a-4fea-b70f-b974835c4ee0#7133:OK,SUCCESS,nextIndex:7114,term:5,followerCommit:7107
 0.00% |█                                                                                                    |  0/1 Time: 0:02:042019-09-24 22:07:26,439 [grpc-default-executor-12] WARN  server.GrpcLogAppender (GrpcLogAppender.java:onNextImpl(251)) - 9ff58228-7100-45ca-a745-15cf8ac5363e@group-5106E6AAD4AC->e37ecff0-7bf0-4739-a92f-4116a43db170-AppendLogResponseHandler: Request not found, ignoring reply: 9ff58228-7100-45ca-a745-15cf8ac5363e<-e37ecff0-7bf0-4739-a92f-4116a43db170#7131:OK,SUCCESS,nextIndex:7113,term:5,followerCommit:7109
2019-09-24 22:07:26,440 [grpc-default-executor-12] WARN  server.GrpcLogAppender (GrpcLogAppender.java:onNextImpl(251)) - 9ff58228-7100-45ca-a745-15cf8ac5363e@group-5106E6AAD4AC->e37ecff0-7bf0-4739-a92f-4116a43db170-AppendLogResponseHandler: Request not found, ignoring reply: 9ff58228-7100-45ca-a745-15cf8ac5363e<-e37ecff0-7bf0-4739-a92f-4116a43db170#7132:OK,SUCCESS,nextIndex:7114,term:5,followerCommit:7109
2019-09-24 22:07:26,440 [grpc-default-executor-12] WARN  server.GrpcLogAppender (GrpcLogAppender.java:onNextImpl(251)) - 9ff58228-7100-45ca-a745-15cf8ac5363e@group-5106E6AAD4AC->e37ecff0-7bf0-4739-a92f-4116a43db170-AppendLogResponseHandler: Request not found, ignoring reply: 9ff58228-7100-45ca-a745-15cf8ac5363e<-e37ecff0-7bf0-4739-a92f-4116a43db170#7133:OK,SUCCESS,nextIndex:7114,term:5,followerCommit:7107
 0.00% |█                                                                                                    |  0/1 Time: 0:02:05 0.00% |█                                                                                                    |  0/1 Time: 0:02:06 0.00% |█                                                                                                    |  0/1 Time: 0:02:07 0.00% |█                                                                                                    |  0/1 Time: 0:02:082019-09-24 22:07:30,816 [java.util.concurrent.ThreadPoolExecutor$Worker@5763e14b[State = -1, empty queue]] WARN  server.GrpcLogAppender (GrpcLogAppender.java:timeoutAppendRequest(200)) - 9ff58228-7100-45ca-a745-15cf8ac5363e@group-5106E6AAD4AC->e37ecff0-7bf0-4739-a92f-4116a43db170-GrpcLogAppender: appendEntries Timeout, request=9ff58228-7100-45ca-a745-15cf8ac5363e->e37ecff0-7bf0-4739-a92f-4116a43db170#7142-t5, previous=(t:5, i:7119), leaderCommit=7118, initializing? false, entries: size=1, first=(t:5, i:7120), STATEMACHINELOGENTRY, client-D9230CD70E20, cid=4754
2019-09-24 22:07:30,818 [java.util.concurrent.ThreadPoolExecutor$Worker@5763e14b[State = -1, empty queue]] WARN  server.GrpcLogAppender (GrpcLogAppender.java:timeoutAppendRequest(200)) - 9ff58228-7100-45ca-a745-15cf8ac5363e@group-5106E6AAD4AC->e37ecff0-7bf0-4739-a92f-4116a43db170-GrpcLogAppender: appendEntries Timeout, request=9ff58228-7100-45ca-a745-15cf8ac5363e->e37ecff0-7bf0-4739-a92f-4116a43db170#7143-t5, previous=(t:5, i:7120), leaderCommit=7118, initializing? false, entries: size=1, first=(t:5, i:7121), STATEMACHINELOGENTRY, client-D9230CD70E20, cid=4755
2019-09-24 22:07:30,819 [java.util.concurrent.ThreadPoolExecutor$Worker@5763e14b[State = -1, empty queue]] WARN  server.GrpcLogAppender (GrpcLogAppender.java:timeoutAppendRequest(200)) - 9ff58228-7100-45ca-a745-15cf8ac5363e@group-5106E6AAD4AC->e37ecff0-7bf0-4739-a92f-4116a43db170-GrpcLogAppender: appendEntries Timeout, request=9ff58228-7100-45ca-a745-15cf8ac5363e->e37ecff0-7bf0-4739-a92f-4116a43db170#7144-t5, previous=(t:5, i:7121), leaderCommit=7118, initializing? false, entries: size=1, first=(t:5, i:7122), STATEMACHINELOGENTRY, client-D9230CD70E20, cid=4756
 0.00% |█                                                                                                    |  0/1 Time: 0:02:092019-09-24 22:07:31,428 [java.util.concurrent.ThreadPoolExecutor$Worker@16b83014[State = -1, empty queue]] WARN  server.GrpcLogAppender (GrpcLogAppender.java:timeoutAppendRequest(200)) - 9ff58228-7100-45ca-a745-15cf8ac5363e@group-5106E6AAD4AC->80d09bdf-f27a-4fea-b70f-b974835c4ee0-GrpcLogAppender: appendEntries Timeout, request=9ff58228-7100-45ca-a745-15cf8ac5363e->80d09bdf-f27a-4fea-b70f-b974835c4ee0#7145-t5, previous=(t:5, i:7122), leaderCommit=7122, initializing? false, entries: size=1, first=(t:5, i:7123), METADATAENTRY(c7120)
2019-09-24 22:07:31,428 [java.util.concurrent.ThreadPoolExecutor$Worker@5763e14b[State = -1, empty queue]] WARN  server.GrpcLogAppender (GrpcLogAppender.java:timeoutAppendRequest(200)) - 9ff58228-7100-45ca-a745-15cf8ac5363e@group-5106E6AAD4AC->e37ecff0-7bf0-4739-a92f-4116a43db170-GrpcLogAppender: appendEntries Timeout, request=9ff58228-7100-45ca-a745-15cf8ac5363e->e37ecff0-7bf0-4739-a92f-4116a43db170#7145-t5, previous=(t:5, i:7122), leaderCommit=7122, initializing? false, entries: size=1, first=(t:5, i:7123), METADATAENTRY(c7120)
2019-09-24 22:07:31,429 [java.util.concurrent.ThreadPoolExecutor$Worker@16b83014[State = -1, empty queue]] WARN  server.GrpcLogAppender (GrpcLogAppender.java:timeoutAppendRequest(200)) - 9ff58228-7100-45ca-a745-15cf8ac5363e@group-5106E6AAD4AC->80d09bdf-f27a-4fea-b70f-b974835c4ee0-GrpcLogAppender: appendEntries Timeout, request=9ff58228-7100-45ca-a745-15cf8ac5363e->80d09bdf-f27a-4fea-b70f-b974835c4ee0#7146-t5, previous=(t:5, i:7123), leaderCommit=7122, initializing? false, entries: size=1, first=(t:5, i:7124), METADATAENTRY(c7122)
2019-09-24 22:07:31,429 [java.util.concurrent.ThreadPoolExecutor$Worker@5763e14b[State = -1, empty queue]] WARN  server.GrpcLogAppender (GrpcLogAppender.java:timeoutAppendRequest(200)) - 9ff58228-7100-45ca-a745-15cf8ac5363e@group-5106E6AAD4AC->e37ecff0-7bf0-4739-a92f-4116a43db170-GrpcLogAppender: appendEntries Timeout, request=9ff58228-7100-45ca-a745-15cf8ac5363e->e37ecff0-7bf0-4739-a92f-4116a43db170#7146-t5, previous=(t:5, i:7123), leaderCommit=7122, initializing? false, entries: size=1, first=(t:5, i:7124), METADATAENTRY(c7122)
 0.00% |█                                                                                                    |  0/1 Time: 0:02:10 0.00% |█                                                                                                    |  0/1 Time: 0:02:112019-09-24 22:07:33,434 [pool-277-thread-1] WARN  scm.XceiverClientRatis (XceiverClientRatis.java:watchForCommit(292)) - 3 way commit failed on pipeline Pipeline[ Id: d64a113d-c8d2-42ad-ba23-5106e6aad4ac, Nodes: e37ecff0-7bf0-4739-a92f-4116a43db170{ip: 192.168.36.84, host: pr-hdds-2171-6l6hb-1841322612, networkLocation: /default-rack, certSerialId: null}9ff58228-7100-45ca-a745-15cf8ac5363e{ip: 192.168.36.84, host: pr-hdds-2171-6l6hb-1841322612, networkLocation: /default-rack, certSerialId: null}80d09bdf-f27a-4fea-b70f-b974835c4ee0{ip: 192.168.36.84, host: pr-hdds-2171-6l6hb-1841322612, networkLocation: /default-rack, certSerialId: null}, Type:RATIS, Factor:THREE, State:OPEN]
java.util.concurrent.TimeoutException
	at java.util.concurrent.CompletableFuture.timedGet(CompletableFuture.java:1771)
	at java.util.concurrent.CompletableFuture.get(CompletableFuture.java:1915)
	at org.apache.hadoop.hdds.scm.XceiverClientRatis.watchForCommit(XceiverClientRatis.java:289)
	at org.apache.hadoop.hdds.scm.storage.CommitWatcher.watchForCommit(CommitWatcher.java:194)
	at org.apache.hadoop.hdds.scm.storage.CommitWatcher.watchOnFirstIndex(CommitWatcher.java:135)
	at org.apache.hadoop.hdds.scm.storage.BlockOutputStream.watchForCommit(BlockOutputStream.java:347)
	at org.apache.hadoop.hdds.scm.storage.BlockOutputStream.handleFullBuffer(BlockOutputStream.java:324)
	at org.apache.hadoop.hdds.scm.storage.BlockOutputStream.write(BlockOutputStream.java:251)
	at org.apache.hadoop.ozone.client.io.BlockOutputStreamEntry.write(BlockOutputStreamEntry.java:129)
	at org.apache.hadoop.ozone.client.io.KeyOutputStream.handleWrite(KeyOutputStream.java:208)
	at org.apache.hadoop.ozone.client.io.KeyOutputStream.write(KeyOutputStream.java:190)
	at org.apache.hadoop.ozone.client.io.OzoneOutputStream.write(OzoneOutputStream.java:49)
	at org.apache.hadoop.ozone.freon.RandomKeyGenerator.createKey(RandomKeyGenerator.java:708)
	at org.apache.hadoop.ozone.freon.RandomKeyGenerator.access$1100(RandomKeyGenerator.java:88)
	at org.apache.hadoop.ozone.freon.RandomKeyGenerator$ObjectCreator.run(RandomKeyGenerator.java:615)
	at java.util.concurrent.Executors$RunnableAdapter.call(Executors.java:511)
	at java.util.concurrent.FutureTask.run(FutureTask.java:266)
	at java.util.concurrent.ThreadPoolExecutor.runWorker(ThreadPoolExecutor.java:1149)
	at java.util.concurrent.ThreadPoolExecutor$Worker.run(ThreadPoolExecutor.java:624)
	at java.lang.Thread.run(Thread.java:748)
2019-09-24 22:07:33,467 [grpc-default-executor-2] WARN  server.GrpcLogAppender (GrpcLogAppender.java:onNextImpl(251)) - 9ff58228-7100-45ca-a745-15cf8ac5363e@group-5106E6AAD4AC->e37ecff0-7bf0-4739-a92f-4116a43db170-AppendLogResponseHandler: Request not found, ignoring reply: 9ff58228-7100-45ca-a745-15cf8ac5363e<-e37ecff0-7bf0-4739-a92f-4116a43db170#7142:OK,SUCCESS,nextIndex:7121,term:5,followerCommit:7119
2019-09-24 22:07:33,468 [grpc-default-executor-2] WARN  server.GrpcLogAppender (GrpcLogAppender.java:onNextImpl(251)) - 9ff58228-7100-45ca-a745-15cf8ac5363e@group-5106E6AAD4AC->e37ecff0-7bf0-4739-a92f-4116a43db170-AppendLogResponseHandler: Request not found, ignoring reply: 9ff58228-7100-45ca-a745-15cf8ac5363e<-e37ecff0-7bf0-4739-a92f-4116a43db170#7143:OK,SUCCESS,nextIndex:7122,term:5,followerCommit:7119
2019-09-24 22:07:33,468 [grpc-default-executor-2] WARN  server.GrpcLogAppender (GrpcLogAppender.java:onNextImpl(251)) - 9ff58228-7100-45ca-a745-15cf8ac5363e@group-5106E6AAD4AC->e37ecff0-7bf0-4739-a92f-4116a43db170-AppendLogResponseHandler: Request not found, ignoring reply: 9ff58228-7100-45ca-a745-15cf8ac5363e<-e37ecff0-7bf0-4739-a92f-4116a43db170#7144:OK,SUCCESS,nextIndex:7123,term:5,followerCommit:7119
2019-09-24 22:07:33,494 [grpc-default-executor-2] WARN  server.GrpcLogAppender (GrpcLogAppender.java:onNextImpl(251)) - 9ff58228-7100-45ca-a745-15cf8ac5363e@group-5106E6AAD4AC->80d09bdf-f27a-4fea-b70f-b974835c4ee0-AppendLogResponseHandler: Request not found, ignoring reply: 9ff58228-7100-45ca-a745-15cf8ac5363e<-80d09bdf-f27a-4fea-b70f-b974835c4ee0#7145:OK,SUCCESS,nextIndex:7124,term:5,followerCommit:7122
2019-09-24 22:07:33,929 [java.util.concurrent.ThreadPoolExecutor$Worker@16b83014[State = -1, empty queue]] WARN  server.GrpcLogAppender (GrpcLogAppender.java:timeoutAppendRequest(200)) - 9ff58228-7100-45ca-a745-15cf8ac5363e@group-5106E6AAD4AC->80d09bdf-f27a-4fea-b70f-b974835c4ee0-GrpcLogAppender: appendEntries Timeout, request=9ff58228-7100-45ca-a745-15cf8ac5363e->80d09bdf-f27a-4fea-b70f-b974835c4ee0#7147-t5, previous=(t:5, i:7124), leaderCommit=7122, initializing? false, entries: <empty>
2019-09-24 22:07:33,929 [java.util.concurrent.ThreadPoolExecutor$Worker@5763e14b[State = -1, empty queue]] WARN  server.GrpcLogAppender (GrpcLogAppender.java:timeoutAppendRequest(200)) - 9ff58228-7100-45ca-a745-15cf8ac5363e@group-5106E6AAD4AC->e37ecff0-7bf0-4739-a92f-4116a43db170-GrpcLogAppender: appendEntries Timeout, request=9ff58228-7100-45ca-a745-15cf8ac5363e->e37ecff0-7bf0-4739-a92f-4116a43db170#7147-t5, previous=(t:5, i:7124), leaderCommit=7122, initializing? false, entries: <empty>
 0.00% |█                                                                                                    |  0/1 Time: 0:02:12 0.00% |█                                                                                                    |  0/1 Time: 0:02:13 0.00% |█                                                                                                    |  0/1 Time: 0:02:142019-09-24 22:07:36,430 [java.util.concurrent.ThreadPoolExecutor$Worker@5763e14b[State = -1, empty queue]] WARN  server.GrpcLogAppender (GrpcLogAppender.java:timeoutAppendRequest(200)) - 9ff58228-7100-45ca-a745-15cf8ac5363e@group-5106E6AAD4AC->e37ecff0-7bf0-4739-a92f-4116a43db170-GrpcLogAppender: appendEntries Timeout, request=9ff58228-7100-45ca-a745-15cf8ac5363e->e37ecff0-7bf0-4739-a92f-4116a43db170#7148-t5, previous=(t:5, i:7124), leaderCommit=7122, initializing? false, entries: <empty>
2019-09-24 22:07:36,430 [java.util.concurrent.ThreadPoolExecutor$Worker@16b83014[State = -1, empty queue]] WARN  server.GrpcLogAppender (GrpcLogAppender.java:timeoutAppendRequest(200)) - 9ff58228-7100-45ca-a745-15cf8ac5363e@group-5106E6AAD4AC->80d09bdf-f27a-4fea-b70f-b974835c4ee0-GrpcLogAppender: appendEntries Timeout, request=9ff58228-7100-45ca-a745-15cf8ac5363e->80d09bdf-f27a-4fea-b70f-b974835c4ee0#7148-t5, previous=(t:5, i:7124), leaderCommit=7122, initializing? false, entries: <empty>
 0.00% |█                                                                                                    |  0/1 Time: 0:02:15 0.00% |█                                                                                                    |  0/1 Time: 0:02:162019-09-24 22:07:38,436 [pool-277-thread-1] WARN  storage.CommitWatcher (CommitWatcher.java:watchForCommit(203)) - watchForCommit failed for index 7120
java.util.concurrent.TimeoutException
	at java.util.concurrent.CompletableFuture.timedGet(CompletableFuture.java:1771)
	at java.util.concurrent.CompletableFuture.get(CompletableFuture.java:1915)
	at org.apache.hadoop.hdds.scm.XceiverClientRatis.watchForCommit(XceiverClientRatis.java:298)
	at org.apache.hadoop.hdds.scm.storage.CommitWatcher.watchForCommit(CommitWatcher.java:194)
	at org.apache.hadoop.hdds.scm.storage.CommitWatcher.watchOnFirstIndex(CommitWatcher.java:135)
	at org.apache.hadoop.hdds.scm.storage.BlockOutputStream.watchForCommit(BlockOutputStream.java:347)
	at org.apache.hadoop.hdds.scm.storage.BlockOutputStream.handleFullBuffer(BlockOutputStream.java:324)
	at org.apache.hadoop.hdds.scm.storage.BlockOutputStream.write(BlockOutputStream.java:251)
	at org.apache.hadoop.ozone.client.io.BlockOutputStreamEntry.write(BlockOutputStreamEntry.java:129)
	at org.apache.hadoop.ozone.client.io.KeyOutputStream.handleWrite(KeyOutputStream.java:208)
	at org.apache.hadoop.ozone.client.io.KeyOutputStream.write(KeyOutputStream.java:190)
	at org.apache.hadoop.ozone.client.io.OzoneOutputStream.write(OzoneOutputStream.java:49)
	at org.apache.hadoop.ozone.freon.RandomKeyGenerator.createKey(RandomKeyGenerator.java:708)
	at org.apache.hadoop.ozone.freon.RandomKeyGenerator.access$1100(RandomKeyGenerator.java:88)
	at org.apache.hadoop.ozone.freon.RandomKeyGenerator$ObjectCreator.run(RandomKeyGenerator.java:615)
	at java.util.concurrent.Executors$RunnableAdapter.call(Executors.java:511)
	at java.util.concurrent.FutureTask.run(FutureTask.java:266)
	at java.util.concurrent.ThreadPoolExecutor.runWorker(ThreadPoolExecutor.java:1149)
	at java.util.concurrent.ThreadPoolExecutor$Worker.run(ThreadPoolExecutor.java:624)
	at java.lang.Thread.run(Thread.java:748)
2019-09-24 22:07:38,439 [pool-277-thread-1] WARN  io.KeyOutputStream (KeyOutputStream.java:handleException(274)) - Encountered exception java.io.IOException: Unexpected Storage Container Exception: java.io.IOException: Unexpected Storage Container Exception: java.util.concurrent.TimeoutException on the pipeline Pipeline[ Id: d64a113d-c8d2-42ad-ba23-5106e6aad4ac, Nodes: e37ecff0-7bf0-4739-a92f-4116a43db170{ip: 192.168.36.84, host: pr-hdds-2171-6l6hb-1841322612, networkLocation: /default-rack, certSerialId: null}9ff58228-7100-45ca-a745-15cf8ac5363e{ip: 192.168.36.84, host: pr-hdds-2171-6l6hb-1841322612, networkLocation: /default-rack, certSerialId: null}80d09bdf-f27a-4fea-b70f-b974835c4ee0{ip: 192.168.36.84, host: pr-hdds-2171-6l6hb-1841322612, networkLocation: /default-rack, certSerialId: null}, Type:RATIS, Factor:THREE, State:OPEN]. The last committed block length is 0, uncommitted data length is 2097152 retry count 0
2019-09-24 22:07:38,478 [IPC Server handler 13 on 35641] WARN  block.BlockManagerImpl (BlockManagerImpl.java:allocateBlock(192)) - Pipeline creation failed for type:RATIS factor:THREE. Retrying get pipelines call once.
org.apache.hadoop.hdds.scm.pipeline.InsufficientDatanodesException: Cannot create pipeline of factor 3 using 2 nodes.
	at org.apache.hadoop.hdds.scm.pipeline.RatisPipelineProvider.create(RatisPipelineProvider.java:153)
	at org.apache.hadoop.hdds.scm.pipeline.PipelineFactory.create(PipelineFactory.java:58)
	at org.apache.hadoop.hdds.scm.pipeline.SCMPipelineManager.createPipeline(SCMPipelineManager.java:155)
	at org.apache.hadoop.hdds.scm.block.BlockManagerImpl.allocateBlock(BlockManagerImpl.java:190)
	at org.apache.hadoop.hdds.scm.server.SCMBlockProtocolServer.allocateBlock(SCMBlockProtocolServer.java:182)
	at org.apache.hadoop.ozone.protocolPB.ScmBlockLocationProtocolServerSideTranslatorPB.allocateScmBlock(ScmBlockLocationProtocolServerSideTranslatorPB.java:183)
	at org.apache.hadoop.ozone.protocolPB.ScmBlockLocationProtocolServerSideTranslatorPB.processMessage(ScmBlockLocationProtocolServerSideTranslatorPB.java:141)
	at org.apache.hadoop.ozone.protocolPB.ScmBlockLocationProtocolServerSideTranslatorPB.send(ScmBlockLocationProtocolServerSideTranslatorPB.java:116)
	at org.apache.hadoop.hdds.protocol.proto.ScmBlockLocationProtocolProtos$ScmBlockLocationProtocolService$2.callBlockingMethod(ScmBlockLocationProtocolProtos.java:13157)
	at org.apache.hadoop.ipc.ProtobufRpcEngine$Server$ProtoBufRpcInvoker.call(ProtobufRpcEngine.java:524)
	at org.apache.hadoop.ipc.RPC$Server.call(RPC.java:1025)
	at org.apache.hadoop.ipc.Server$RpcCall.run(Server.java:876)
	at org.apache.hadoop.ipc.Server$RpcCall.run(Server.java:822)
	at java.security.AccessController.doPrivileged(Native Method)
	at javax.security.auth.Subject.doAs(Subject.java:422)
	at org.apache.hadoop.security.UserGroupInformation.doAs(UserGroupInformation.java:1730)
	at org.apache.hadoop.ipc.Server$Handler.run(Server.java:2682)
2019-09-24 22:07:38,478 [IPC Server handler 13 on 35641] INFO  block.BlockManagerImpl (BlockManagerImpl.java:allocateBlock(198)) - Could not find available pipeline of type:RATIS and factor:THREE even after retrying
2019-09-24 22:07:38,478 [IPC Server handler 13 on 35641] ERROR block.BlockManagerImpl (BlockManagerImpl.java:allocateBlock(222)) - Unable to allocate a block for the size: 4194304, type: RATIS, factor: THREE
2019-09-24 22:07:38,482 [pool-277-thread-1] ERROR io.BlockOutputStreamEntryPool (BlockOutputStreamEntryPool.java:allocateBlockIfNeeded(299)) - Try to allocate more blocks for write failed, already allocated 0 blocks for this write.
INTERNAL_ERROR org.apache.hadoop.ozone.om.exceptions.OMException: Allocated 0 blocks. Requested 1 blocks
	at org.apache.hadoop.ozone.om.protocolPB.OzoneManagerProtocolClientSideTranslatorPB.handleError(OzoneManagerProtocolClientSideTranslatorPB.java:732)
	at org.apache.hadoop.ozone.om.protocolPB.OzoneManagerProtocolClientSideTranslatorPB.allocateBlock(OzoneManagerProtocolClientSideTranslatorPB.java:764)
	at sun.reflect.GeneratedMethodAccessor515.invoke(Unknown Source)
	at sun.reflect.DelegatingMethodAccessorImpl.invoke(DelegatingMethodAccessorImpl.java:43)
	at java.lang.reflect.Method.invoke(Method.java:498)
	at org.apache.hadoop.hdds.tracing.TraceAllMethod.invoke(TraceAllMethod.java:66)
	at com.sun.proxy.$Proxy37.allocateBlock(Unknown Source)
	at org.apache.hadoop.ozone.client.io.BlockOutputStreamEntryPool.allocateNewBlock(BlockOutputStreamEntryPool.java:248)
	at org.apache.hadoop.ozone.client.io.BlockOutputStreamEntryPool.allocateBlockIfNeeded(BlockOutputStreamEntryPool.java:296)
	at org.apache.hadoop.ozone.client.io.KeyOutputStream.handleWrite(KeyOutputStream.java:198)
	at org.apache.hadoop.ozone.client.io.KeyOutputStream.handleRetry(KeyOutputStream.java:375)
	at org.apache.hadoop.ozone.client.io.KeyOutputStream.handleException(KeyOutputStream.java:324)
	at org.apache.hadoop.ozone.client.io.KeyOutputStream.handleWrite(KeyOutputStream.java:228)
	at org.apache.hadoop.ozone.client.io.KeyOutputStream.write(KeyOutputStream.java:190)
	at org.apache.hadoop.ozone.client.io.OzoneOutputStream.write(OzoneOutputStream.java:49)
	at org.apache.hadoop.ozone.freon.RandomKeyGenerator.createKey(RandomKeyGenerator.java:708)
	at org.apache.hadoop.ozone.freon.RandomKeyGenerator.access$1100(RandomKeyGenerator.java:88)
	at org.apache.hadoop.ozone.freon.RandomKeyGenerator$ObjectCreator.run(RandomKeyGenerator.java:615)
	at java.util.concurrent.Executors$RunnableAdapter.call(Executors.java:511)
	at java.util.concurrent.FutureTask.run(FutureTask.java:266)
	at java.util.concurrent.ThreadPoolExecutor.runWorker(ThreadPoolExecutor.java:1149)
	at java.util.concurrent.ThreadPoolExecutor$Worker.run(ThreadPoolExecutor.java:624)
	at java.lang.Thread.run(Thread.java:748)
2019-09-24 22:07:38,483 [pool-277-thread-1] ERROR freon.RandomKeyGenerator (RandomKeyGenerator.java:createKey(733)) - Exception while adding key: key-0-71141 in bucket: bucket-0-68730 of volume: vol-0-46933.
INTERNAL_ERROR org.apache.hadoop.ozone.om.exceptions.OMException: Allocated 0 blocks. Requested 1 blocks
	at org.apache.hadoop.ozone.om.protocolPB.OzoneManagerProtocolClientSideTranslatorPB.handleError(OzoneManagerProtocolClientSideTranslatorPB.java:732)
	at org.apache.hadoop.ozone.om.protocolPB.OzoneManagerProtocolClientSideTranslatorPB.allocateBlock(OzoneManagerProtocolClientSideTranslatorPB.java:764)
	at sun.reflect.GeneratedMethodAccessor515.invoke(Unknown Source)
	at sun.reflect.DelegatingMethodAccessorImpl.invoke(DelegatingMethodAccessorImpl.java:43)
	at java.lang.reflect.Method.invoke(Method.java:498)
	at org.apache.hadoop.hdds.tracing.TraceAllMethod.invoke(TraceAllMethod.java:66)
	at com.sun.proxy.$Proxy37.allocateBlock(Unknown Source)
	at org.apache.hadoop.ozone.client.io.BlockOutputStreamEntryPool.allocateNewBlock(BlockOutputStreamEntryPool.java:248)
	at org.apache.hadoop.ozone.client.io.BlockOutputStreamEntryPool.allocateBlockIfNeeded(BlockOutputStreamEntryPool.java:296)
	at org.apache.hadoop.ozone.client.io.KeyOutputStream.handleWrite(KeyOutputStream.java:198)
	at org.apache.hadoop.ozone.client.io.KeyOutputStream.handleRetry(KeyOutputStream.java:375)
	at org.apache.hadoop.ozone.client.io.KeyOutputStream.handleException(KeyOutputStream.java:324)
	at org.apache.hadoop.ozone.client.io.KeyOutputStream.handleWrite(KeyOutputStream.java:228)
	at org.apache.hadoop.ozone.client.io.KeyOutputStream.write(KeyOutputStream.java:190)
	at org.apache.hadoop.ozone.client.io.OzoneOutputStream.write(OzoneOutputStream.java:49)
	at org.apache.hadoop.ozone.freon.RandomKeyGenerator.createKey(RandomKeyGenerator.java:708)
	at org.apache.hadoop.ozone.freon.RandomKeyGenerator.access$1100(RandomKeyGenerator.java:88)
	at org.apache.hadoop.ozone.freon.RandomKeyGenerator$ObjectCreator.run(RandomKeyGenerator.java:615)
	at java.util.concurrent.Executors$RunnableAdapter.call(Executors.java:511)
	at java.util.concurrent.FutureTask.run(FutureTask.java:266)
	at java.util.concurrent.ThreadPoolExecutor.runWorker(ThreadPoolExecutor.java:1149)
	at java.util.concurrent.ThreadPoolExecutor$Worker.run(ThreadPoolExecutor.java:624)
	at java.lang.Thread.run(Thread.java:748)
2019-09-24 22:07:38,589 [Thread-20910] INFO  client.GrpcClientProtocolService (GrpcClientProtocolService.java:lambda$processClientRequest$0(278)) - Failed RaftClientRequest:client-D9230CD70E20->9ff58228-7100-45ca-a745-15cf8ac5363e@group-5106E6AAD4AC, cid=4757, seq=0, Watch-ALL_COMMITTED(7120), Message:<EMPTY>, reply=RaftClientReply:client-D9230CD70E20->9ff58228-7100-45ca-a745-15cf8ac5363e@group-5106E6AAD4AC, cid=4757, FAILED org.apache.ratis.protocol.NotReplicatedException: Request with call Id 4757 and log index 7120 is not yet replicated to ALL_COMMITTED, logIndex=7120, commits[9ff58228-7100-45ca-a745-15cf8ac5363e:c7122, 80d09bdf-f27a-4fea-b70f-b974835c4ee0:c7118, e37ecff0-7bf0-4739-a92f-4116a43db170:c7118]
2019-09-24 22:07:38,744 [grpc-default-executor-2] WARN  server.GrpcLogAppender (GrpcLogAppender.java:onNextImpl(251)) - 9ff58228-7100-45ca-a745-15cf8ac5363e@group-5106E6AAD4AC->80d09bdf-f27a-4fea-b70f-b974835c4ee0-AppendLogResponseHandler: Request not found, ignoring reply: 9ff58228-7100-45ca-a745-15cf8ac5363e<-80d09bdf-f27a-4fea-b70f-b974835c4ee0#7146:OK,SUCCESS,nextIndex:7125,term:5,followerCommit:7122
2019-09-24 22:07:38,744 [grpc-default-executor-12] WARN  server.GrpcLogAppender (GrpcLogAppender.java:onNextImpl(251)) - 9ff58228-7100-45ca-a745-15cf8ac5363e@group-5106E6AAD4AC->e37ecff0-7bf0-4739-a92f-4116a43db170-AppendLogResponseHandler: Request not found, ignoring reply: 9ff58228-7100-45ca-a745-15cf8ac5363e<-e37ecff0-7bf0-4739-a92f-4116a43db170#7145:OK,SUCCESS,nextIndex:7124,term:5,followerCommit:7122
2019-09-24 22:07:38,744 [grpc-default-executor-2] WARN  server.GrpcLogAppender (GrpcLogAppender.java:onNextImpl(251)) - 9ff58228-7100-45ca-a745-15cf8ac5363e@group-5106E6AAD4AC->80d09bdf-f27a-4fea-b70f-b974835c4ee0-AppendLogResponseHandler: Request not found, ignoring reply: 9ff58228-7100-45ca-a745-15cf8ac5363e<-80d09bdf-f27a-4fea-b70f-b974835c4ee0#7147:OK,SUCCESS,nextIndex:7125,term:5,followerCommit:7122
2019-09-24 22:07:38,744 [grpc-default-executor-12] WARN  server.GrpcLogAppender (GrpcLogAppender.java:onNextImpl(251)) - 9ff58228-7100-45ca-a745-15cf8ac5363e@group-5106E6AAD4AC->e37ecff0-7bf0-4739-a92f-4116a43db170-AppendLogResponseHandler: Request not found, ignoring reply: 9ff58228-7100-45ca-a745-15cf8ac5363e<-e37ecff0-7bf0-4739-a92f-4116a43db170#7146:OK,SUCCESS,nextIndex:7125,term:5,followerCommit:7122
2019-09-24 22:07:38,745 [grpc-default-executor-2] WARN  server.GrpcLogAppender (GrpcLogAppender.java:onNextImpl(251)) - 9ff58228-7100-45ca-a745-15cf8ac5363e@group-5106E6AAD4AC->80d09bdf-f27a-4fea-b70f-b974835c4ee0-AppendLogResponseHandler: Request not found, ignoring reply: 9ff58228-7100-45ca-a745-15cf8ac5363e<-80d09bdf-f27a-4fea-b70f-b974835c4ee0#7148:OK,SUCCESS,nextIndex:7125,term:5,followerCommit:7122
2019-09-24 22:07:38,745 [grpc-default-executor-12] WARN  server.GrpcLogAppender (GrpcLogAppender.java:onNextImpl(251)) - 9ff58228-7100-45ca-a745-15cf8ac5363e@group-5106E6AAD4AC->e37ecff0-7bf0-4739-a92f-4116a43db170-AppendLogResponseHandler: Request not found, ignoring reply: 9ff58228-7100-45ca-a745-15cf8ac5363e<-e37ecff0-7bf0-4739-a92f-4116a43db170#7147:OK,SUCCESS,nextIndex:7125,term:5,followerCommit:7119
2019-09-24 22:07:38,745 [grpc-default-executor-12] WARN  server.GrpcLogAppender (GrpcLogAppender.java:onNextImpl(251)) - 9ff58228-7100-45ca-a745-15cf8ac5363e@group-5106E6AAD4AC->e37ecff0-7bf0-4739-a92f-4116a43db170-AppendLogResponseHandler: Request not found, ignoring reply: 9ff58228-7100-45ca-a745-15cf8ac5363e<-e37ecff0-7bf0-4739-a92f-4116a43db170#7148:OK,SUCCESS,nextIndex:7125,term:5,followerCommit:7119
 0.00% |█                                                                                                    |  0/1 Time: 0:02:17 0.00% |█                                                                                                    |  0/1 Time: 0:02:18 0.00% |█                                                                                                    |  0/1 Time: 0:02:19 100.00% |█████████████████████████████████████████████████████████████████████████████████████████████████████|  1/1 Time: 0:02:20
]]></system-out>
    <system-err><![CDATA[Sep 24, 2019 10:05:39 PM org.apache.ratis.thirdparty.io.grpc.internal.SerializingExecutor run
SEVERE: Exception while executing runnable org.apache.ratis.thirdparty.io.grpc.internal.ServerImpl$JumpToApplicationThreadServerStreamListener$1Closed@1349b3d0
org.apache.ratis.thirdparty.io.grpc.StatusRuntimeException: CANCELLED: call already cancelled
	at org.apache.ratis.thirdparty.io.grpc.Status.asRuntimeException(Status.java:517)
	at org.apache.ratis.thirdparty.io.grpc.stub.ServerCalls$ServerCallStreamObserverImpl.onCompleted(ServerCalls.java:356)
	at org.apache.ratis.grpc.server.GrpcServerProtocolService$ServerRequestStreamObserver.onError(GrpcServerProtocolService.java:121)
	at org.apache.ratis.thirdparty.io.grpc.stub.ServerCalls$StreamingServerCallHandler$StreamingServerCallListener.onCancel(ServerCalls.java:269)
	at org.apache.ratis.thirdparty.io.grpc.internal.ServerCallImpl$ServerStreamListenerImpl.closed(ServerCallImpl.java:293)
	at org.apache.ratis.thirdparty.io.grpc.internal.ServerImpl$JumpToApplicationThreadServerStreamListener$1Closed.runInContext(ServerImpl.java:741)
	at org.apache.ratis.thirdparty.io.grpc.internal.ContextRunnable.run(ContextRunnable.java:37)
	at org.apache.ratis.thirdparty.io.grpc.internal.SerializingExecutor.run(SerializingExecutor.java:123)
	at java.util.concurrent.ThreadPoolExecutor.runWorker(ThreadPoolExecutor.java:1149)
	at java.util.concurrent.ThreadPoolExecutor$Worker.run(ThreadPoolExecutor.java:624)
	at java.lang.Thread.run(Thread.java:748)

Sep 24, 2019 10:05:39 PM org.apache.ratis.thirdparty.io.grpc.internal.SerializingExecutor run
SEVERE: Exception while executing runnable org.apache.ratis.thirdparty.io.grpc.internal.ServerImpl$JumpToApplicationThreadServerStreamListener$1Closed@1d03f74c
org.apache.ratis.thirdparty.io.grpc.StatusRuntimeException: CANCELLED: call already cancelled
	at org.apache.ratis.thirdparty.io.grpc.Status.asRuntimeException(Status.java:517)
	at org.apache.ratis.thirdparty.io.grpc.stub.ServerCalls$ServerCallStreamObserverImpl.onCompleted(ServerCalls.java:356)
	at org.apache.ratis.grpc.server.GrpcServerProtocolService$ServerRequestStreamObserver.onError(GrpcServerProtocolService.java:121)
	at org.apache.ratis.thirdparty.io.grpc.stub.ServerCalls$StreamingServerCallHandler$StreamingServerCallListener.onCancel(ServerCalls.java:269)
	at org.apache.ratis.thirdparty.io.grpc.internal.ServerCallImpl$ServerStreamListenerImpl.closed(ServerCallImpl.java:293)
	at org.apache.ratis.thirdparty.io.grpc.internal.ServerImpl$JumpToApplicationThreadServerStreamListener$1Closed.runInContext(ServerImpl.java:741)
	at org.apache.ratis.thirdparty.io.grpc.internal.ContextRunnable.run(ContextRunnable.java:37)
	at org.apache.ratis.thirdparty.io.grpc.internal.SerializingExecutor.run(SerializingExecutor.java:123)
	at java.util.concurrent.ThreadPoolExecutor.runWorker(ThreadPoolExecutor.java:1149)
	at java.util.concurrent.ThreadPoolExecutor$Worker.run(ThreadPoolExecutor.java:624)
	at java.lang.Thread.run(Thread.java:748)

Sep 24, 2019 10:05:50 PM org.apache.ratis.thirdparty.io.grpc.internal.SerializingExecutor run
SEVERE: Exception while executing runnable org.apache.ratis.thirdparty.io.grpc.internal.ServerImpl$JumpToApplicationThreadServerStreamListener$1Closed@45d01861
org.apache.ratis.thirdparty.io.grpc.StatusRuntimeException: CANCELLED: call already cancelled
	at org.apache.ratis.thirdparty.io.grpc.Status.asRuntimeException(Status.java:517)
	at org.apache.ratis.thirdparty.io.grpc.stub.ServerCalls$ServerCallStreamObserverImpl.onCompleted(ServerCalls.java:356)
	at org.apache.ratis.grpc.server.GrpcServerProtocolService$ServerRequestStreamObserver.onError(GrpcServerProtocolService.java:121)
	at org.apache.ratis.thirdparty.io.grpc.stub.ServerCalls$StreamingServerCallHandler$StreamingServerCallListener.onCancel(ServerCalls.java:269)
	at org.apache.ratis.thirdparty.io.grpc.internal.ServerCallImpl$ServerStreamListenerImpl.closed(ServerCallImpl.java:293)
	at org.apache.ratis.thirdparty.io.grpc.internal.ServerImpl$JumpToApplicationThreadServerStreamListener$1Closed.runInContext(ServerImpl.java:741)
	at org.apache.ratis.thirdparty.io.grpc.internal.ContextRunnable.run(ContextRunnable.java:37)
	at org.apache.ratis.thirdparty.io.grpc.internal.SerializingExecutor.run(SerializingExecutor.java:123)
	at java.util.concurrent.ThreadPoolExecutor.runWorker(ThreadPoolExecutor.java:1149)
	at java.util.concurrent.ThreadPoolExecutor$Worker.run(ThreadPoolExecutor.java:624)
	at java.lang.Thread.run(Thread.java:748)

Sep 24, 2019 10:05:50 PM org.apache.ratis.thirdparty.io.grpc.internal.SerializingExecutor run
SEVERE: Exception while executing runnable org.apache.ratis.thirdparty.io.grpc.internal.ServerImpl$JumpToApplicationThreadServerStreamListener$1Closed@1d3f1233
org.apache.ratis.thirdparty.io.grpc.StatusRuntimeException: CANCELLED: call already cancelled
	at org.apache.ratis.thirdparty.io.grpc.Status.asRuntimeException(Status.java:517)
	at org.apache.ratis.thirdparty.io.grpc.stub.ServerCalls$ServerCallStreamObserverImpl.onCompleted(ServerCalls.java:356)
	at org.apache.ratis.grpc.server.GrpcServerProtocolService$ServerRequestStreamObserver.onError(GrpcServerProtocolService.java:121)
	at org.apache.ratis.thirdparty.io.grpc.stub.ServerCalls$StreamingServerCallHandler$StreamingServerCallListener.onCancel(ServerCalls.java:269)
	at org.apache.ratis.thirdparty.io.grpc.internal.ServerCallImpl$ServerStreamListenerImpl.closed(ServerCallImpl.java:293)
	at org.apache.ratis.thirdparty.io.grpc.internal.ServerImpl$JumpToApplicationThreadServerStreamListener$1Closed.runInContext(ServerImpl.java:741)
	at org.apache.ratis.thirdparty.io.grpc.internal.ContextRunnable.run(ContextRunnable.java:37)
	at org.apache.ratis.thirdparty.io.grpc.internal.SerializingExecutor.run(SerializingExecutor.java:123)
	at java.util.concurrent.ThreadPoolExecutor.runWorker(ThreadPoolExecutor.java:1149)
	at java.util.concurrent.ThreadPoolExecutor$Worker.run(ThreadPoolExecutor.java:624)
	at java.lang.Thread.run(Thread.java:748)

]]></system-err>
  </testcase>
  <testcase name="fileWithSizeZero" classname="org.apache.hadoop.ozone.freon.TestRandomKeyGenerator" time="9.344"/>
  <testcase name="multiThread" classname="org.apache.hadoop.ozone.freon.TestRandomKeyGenerator" time="20.097"/>
</testsuite>