<?xml version="1.0" encoding="UTF-8"?>
<testsuite xmlns:xsi="http://www.w3.org/2001/XMLSchema-instance" xsi:noNamespaceSchemaLocation="https://maven.apache.org/surefire/maven-surefire-plugin/xsd/surefire-test-report.xsd" name="org.apache.hadoop.ozone.client.rpc.TestBlockOutputStreamWithFailures" time="674.436" tests="8" errors="1" skipped="0" failures="0">
  <properties>
    <property name="awt.toolkit" value="sun.awt.X11.XToolkit"/>
    <property name="file.encoding.pkg" value="sun.io"/>
    <property name="java.specification.version" value="1.8"/>
    <property name="sun.cpu.isalist" value=""/>
    <property name="sun.jnu.encoding" value="UTF-8"/>
    <property name="java.class.path" value="/workdir/hadoop-ozone/integration-test/target/test-classes:/workdir/hadoop-ozone/integration-test/target/classes:/home/user/.m2/repository/org/apache/hadoop/hadoop-ozone-common/0.5.0-SNAPSHOT/hadoop-ozone-common-0.5.0-SNAPSHOT.jar:/home/user/.m2/repository/org/apache/commons/commons-compress/1.4.1/commons-compress-1.4.1.jar:/home/user/.m2/repository/org/tukaani/xz/1.0/xz-1.0.jar:/home/user/.m2/repository/org/apache/hadoop/hadoop-common/3.2.0/hadoop-common-3.2.0.jar:/home/user/.m2/repository/org/apache/hadoop/hadoop-hdfs/3.2.0/hadoop-hdfs-3.2.0.jar:/home/user/.m2/repository/org/apache/hadoop/hadoop-hdfs-client/3.2.0/hadoop-hdfs-client-3.2.0.jar:/home/user/.m2/repository/com/fasterxml/jackson/core/jackson-annotations/2.9.5/jackson-annotations-2.9.5.jar:/home/user/.m2/repository/org/apache/hadoop/hadoop-hdds-common/0.5.0-SNAPSHOT/hadoop-hdds-common-0.5.0-SNAPSHOT.jar:/home/user/.m2/repository/javax/annotation/javax.annotation-api/1.2/javax.annotation-api-1.2.jar:/home/user/.m2/repository/org/apache/ratis/ratis-server/0.4.0-2337318-SNAPSHOT/ratis-server-0.4.0-2337318-SNAPSHOT.jar:/home/user/.m2/repository/org/apache/ratis/ratis-thirdparty-misc/0.2.0/ratis-thirdparty-misc-0.2.0.jar:/home/user/.m2/repository/org/apache/ratis/ratis-proto/0.4.0-2337318-SNAPSHOT/ratis-proto-0.4.0-2337318-SNAPSHOT.jar:/home/user/.m2/repository/org/apache/ratis/ratis-common/0.4.0-2337318-SNAPSHOT/ratis-common-0.4.0-2337318-SNAPSHOT.jar:/home/user/.m2/repository/org/apache/ratis/ratis-client/0.4.0-2337318-SNAPSHOT/ratis-client-0.4.0-2337318-SNAPSHOT.jar:/home/user/.m2/repository/org/apache/ratis/ratis-metrics/0.4.0-2337318-SNAPSHOT/ratis-metrics-0.4.0-2337318-SNAPSHOT.jar:/home/user/.m2/repository/org/apache/ratis/ratis-netty/0.4.0-2337318-SNAPSHOT/ratis-netty-0.4.0-2337318-SNAPSHOT.jar:/home/user/.m2/repository/org/apache/ratis/ratis-grpc/0.4.0-2337318-SNAPSHOT/ratis-grpc-0.4.0-2337318-SNAPSHOT.jar:/home/user/.m2/repository/org/rocksdb/rocksdbjni/6.0.1/rocksdbjni-6.0.1.jar:/home/user/.m2/repository/org/apache/logging/log4j/log4j-api/2.11.0/log4j-api-2.11.0.jar:/home/user/.m2/repository/org/apache/logging/log4j/log4j-core/2.11.0/log4j-core-2.11.0.jar:/home/user/.m2/repository/com/lmax/disruptor/3.4.2/disruptor-3.4.2.jar:/home/user/.m2/repository/org/apache/commons/commons-pool2/2.6.0/commons-pool2-2.6.0.jar:/home/user/.m2/repository/org/bouncycastle/bcpkix-jdk15on/1.60/bcpkix-jdk15on-1.60.jar:/home/user/.m2/repository/commons-validator/commons-validator/1.6/commons-validator-1.6.jar:/home/user/.m2/repository/commons-digester/commons-digester/1.8.1/commons-digester-1.8.1.jar:/home/user/.m2/repository/io/jaegertracing/jaeger-client/0.33.1/jaeger-client-0.33.1.jar:/home/user/.m2/repository/io/jaegertracing/jaeger-thrift/0.33.1/jaeger-thrift-0.33.1.jar:/home/user/.m2/repository/org/apache/thrift/libthrift/0.11.0/libthrift-0.11.0.jar:/home/user/.m2/repository/com/squareup/okhttp3/okhttp/3.9.0/okhttp-3.9.0.jar:/home/user/.m2/repository/com/squareup/okio/okio/1.13.0/okio-1.13.0.jar:/home/user/.m2/repository/io/jaegertracing/jaeger-core/0.33.1/jaeger-core-0.33.1.jar:/home/user/.m2/repository/io/jaegertracing/jaeger-tracerresolver/0.33.1/jaeger-tracerresolver-0.33.1.jar:/home/user/.m2/repository/io/opentracing/contrib/opentracing-tracerresolver/0.1.5/opentracing-tracerresolver-0.1.5.jar:/home/user/.m2/repository/io/opentracing/opentracing-util/0.31.0/opentracing-util-0.31.0.jar:/home/user/.m2/repository/io/opentracing/opentracing-api/0.31.0/opentracing-api-0.31.0.jar:/home/user/.m2/repository/io/opentracing/opentracing-noop/0.31.0/opentracing-noop-0.31.0.jar:/home/user/.m2/repository/org/apache/hadoop/hadoop-hdds-server-framework/0.5.0-SNAPSHOT/hadoop-hdds-server-framework-0.5.0-SNAPSHOT.jar:/home/user/.m2/repository/org/apache/hadoop/hadoop-hdds-container-service/0.5.0-SNAPSHOT/hadoop-hdds-container-service-0.5.0-SNAPSHOT.jar:/home/user/.m2/repository/org/apache/hadoop/hadoop-hdds-client/0.5.0-SNAPSHOT/hadoop-hdds-client-0.5.0-SNAPSHOT.jar:/home/user/.m2/repository/org/apache/hadoop/hadoop-hdds-tools/0.5.0-SNAPSHOT/hadoop-hdds-tools-0.5.0-SNAPSHOT.jar:/home/user/.m2/repository/org/apache/hadoop/hadoop-hdds-server-scm/0.5.0-SNAPSHOT/hadoop-hdds-server-scm-0.5.0-SNAPSHOT.jar:/home/user/.m2/repository/org/apache/hadoop/hadoop-hdds-docs/0.5.0-SNAPSHOT/hadoop-hdds-docs-0.5.0-SNAPSHOT.jar:/home/user/.m2/repository/io/dropwizard/metrics/metrics-core/3.2.4/metrics-core-3.2.4.jar:/home/user/.m2/repository/org/hamcrest/hamcrest-all/1.3/hamcrest-all-1.3.jar:/home/user/.m2/repository/org/bouncycastle/bcprov-jdk15on/1.60/bcprov-jdk15on-1.60.jar:/home/user/.m2/repository/info/picocli/picocli/3.9.6/picocli-3.9.6.jar:/home/user/.m2/repository/com/google/protobuf/protobuf-java/2.5.0/protobuf-java-2.5.0.jar:/home/user/.m2/repository/com/google/guava/guava/11.0.2/guava-11.0.2.jar:/home/user/.m2/repository/org/apache/hadoop/hadoop-ozone-ozone-manager/0.5.0-SNAPSHOT/hadoop-ozone-ozone-manager-0.5.0-SNAPSHOT.jar:/home/user/.m2/repository/org/apache/hadoop/hadoop-minikdc/3.2.0/hadoop-minikdc-3.2.0.jar:/home/user/.m2/repository/commons-io/commons-io/2.5/commons-io-2.5.jar:/home/user/.m2/repository/org/apache/kerby/kerb-simplekdc/1.0.1/kerb-simplekdc-1.0.1.jar:/home/user/.m2/repository/org/apache/kerby/kerb-client/1.0.1/kerb-client-1.0.1.jar:/home/user/.m2/repository/org/apache/kerby/kerby-config/1.0.1/kerby-config-1.0.1.jar:/home/user/.m2/repository/org/apache/kerby/kerb-core/1.0.1/kerb-core-1.0.1.jar:/home/user/.m2/repository/org/apache/kerby/kerby-pkix/1.0.1/kerby-pkix-1.0.1.jar:/home/user/.m2/repository/org/apache/kerby/kerby-asn1/1.0.1/kerby-asn1-1.0.1.jar:/home/user/.m2/repository/org/apache/kerby/kerby-util/1.0.1/kerby-util-1.0.1.jar:/home/user/.m2/repository/org/apache/kerby/kerb-common/1.0.1/kerb-common-1.0.1.jar:/home/user/.m2/repository/org/apache/kerby/kerb-crypto/1.0.1/kerb-crypto-1.0.1.jar:/home/user/.m2/repository/org/apache/kerby/kerb-util/1.0.1/kerb-util-1.0.1.jar:/home/user/.m2/repository/org/apache/kerby/token-provider/1.0.1/token-provider-1.0.1.jar:/home/user/.m2/repository/org/apache/kerby/kerb-admin/1.0.1/kerb-admin-1.0.1.jar:/home/user/.m2/repository/org/apache/kerby/kerb-server/1.0.1/kerb-server-1.0.1.jar:/home/user/.m2/repository/org/apache/kerby/kerb-identity/1.0.1/kerb-identity-1.0.1.jar:/home/user/.m2/repository/org/apache/kerby/kerby-xdr/1.0.1/kerby-xdr-1.0.1.jar:/home/user/.m2/repository/org/slf4j/slf4j-log4j12/1.7.25/slf4j-log4j12-1.7.25.jar:/home/user/.m2/repository/org/apache/hadoop/hadoop-ozone-s3gateway/0.5.0-SNAPSHOT/hadoop-ozone-s3gateway-0.5.0-SNAPSHOT.jar:/home/user/.m2/repository/org/jboss/weld/servlet/weld-servlet/2.4.7.Final/weld-servlet-2.4.7.Final.jar:/home/user/.m2/repository/org/glassfish/jersey/containers/jersey-container-servlet-core/2.27/jersey-container-servlet-core-2.27.jar:/home/user/.m2/repository/org/glassfish/hk2/external/javax.inject/2.5.0-b42/javax.inject-2.5.0-b42.jar:/home/user/.m2/repository/org/glassfish/jersey/core/jersey-common/2.27/jersey-common-2.27.jar:/home/user/.m2/repository/org/glassfish/hk2/osgi-resource-locator/1.0.1/osgi-resource-locator-1.0.1.jar:/home/user/.m2/repository/javax/ws/rs/javax.ws.rs-api/2.1/javax.ws.rs-api-2.1.jar:/home/user/.m2/repository/org/glassfish/jersey/ext/cdi/jersey-cdi1x/2.27/jersey-cdi1x-2.27.jar:/home/user/.m2/repository/org/glassfish/jersey/inject/jersey-hk2/2.27/jersey-hk2-2.27.jar:/home/user/.m2/repository/org/glassfish/hk2/hk2-locator/2.5.0-b42/hk2-locator-2.5.0-b42.jar:/home/user/.m2/repository/org/javassist/javassist/3.22.0-CR2/javassist-3.22.0-CR2.jar:/home/user/.m2/repository/org/glassfish/hk2/hk2-api/2.5.0/hk2-api-2.5.0.jar:/home/user/.m2/repository/org/glassfish/hk2/external/jakarta.inject/2.5.0/jakarta.inject-2.5.0.jar:/home/user/.m2/repository/org/glassfish/hk2/hk2-utils/2.5.0/hk2-utils-2.5.0.jar:/home/user/.m2/repository/jakarta/annotation/jakarta.annotation-api/1.3.4/jakarta.annotation-api-1.3.4.jar:/home/user/.m2/repository/org/glassfish/hk2/external/aopalliance-repackaged/2.5.0/aopalliance-repackaged-2.5.0.jar:/home/user/.m2/repository/com/fasterxml/jackson/dataformat/jackson-dataformat-xml/2.9.0/jackson-dataformat-xml-2.9.0.jar:/home/user/.m2/repository/com/fasterxml/jackson/core/jackson-core/2.9.5/jackson-core-2.9.5.jar:/home/user/.m2/repository/com/fasterxml/jackson/module/jackson-module-jaxb-annotations/2.9.5/jackson-module-jaxb-annotations-2.9.5.jar:/home/user/.m2/repository/javax/enterprise/cdi-api/1.2/cdi-api-1.2.jar:/home/user/.m2/repository/javax/el/javax.el-api/3.0.0/javax.el-api-3.0.0.jar:/home/user/.m2/repository/javax/interceptor/javax.interceptor-api/1.2/javax.interceptor-api-1.2.jar:/home/user/.m2/repository/javax/inject/javax.inject/1/javax.inject-1.jar:/home/user/.m2/repository/com/sun/xml/bind/jaxb-impl/2.3.0.1/jaxb-impl-2.3.0.1.jar:/home/user/.m2/repository/com/sun/xml/bind/jaxb-core/2.3.0.1/jaxb-core-2.3.0.1.jar:/home/user/.m2/repository/javax/xml/bind/jaxb-api/2.3.0/jaxb-api-2.3.0.jar:/home/user/.m2/repository/javax/activation/activation/1.1.1/activation-1.1.1.jar:/home/user/.m2/repository/org/apache/hadoop/hadoop-ozone-csi/0.5.0-SNAPSHOT/hadoop-ozone-csi-0.5.0-SNAPSHOT.jar:/home/user/.m2/repository/com/google/protobuf/protobuf-java-util/3.5.1/protobuf-java-util-3.5.1.jar:/home/user/.m2/repository/org/apache/hadoop/hadoop-hdds-config/0.5.0-SNAPSHOT/hadoop-hdds-config-0.5.0-SNAPSHOT.jar:/home/user/.m2/repository/io/grpc/grpc-netty/1.17.1/grpc-netty-1.17.1.jar:/home/user/.m2/repository/io/grpc/grpc-core/1.17.1/grpc-core-1.17.1.jar:/home/user/.m2/repository/io/grpc/grpc-context/1.17.1/grpc-context-1.17.1.jar:/home/user/.m2/repository/com/google/errorprone/error_prone_annotations/2.2.0/error_prone_annotations-2.2.0.jar:/home/user/.m2/repository/org/codehaus/mojo/animal-sniffer-annotations/1.17/animal-sniffer-annotations-1.17.jar:/home/user/.m2/repository/io/opencensus/opencensus-api/0.17.0/opencensus-api-0.17.0.jar:/home/user/.m2/repository/io/opencensus/opencensus-contrib-grpc-metrics/0.17.0/opencensus-contrib-grpc-metrics-0.17.0.jar:/home/user/.m2/repository/io/netty/netty-codec-http2/4.1.30.Final/netty-codec-http2-4.1.30.Final.jar:/home/user/.m2/repository/io/netty/netty-codec-http/4.1.30.Final/netty-codec-http-4.1.30.Final.jar:/home/user/.m2/repository/io/netty/netty-codec/4.1.30.Final/netty-codec-4.1.30.Final.jar:/home/user/.m2/repository/io/netty/netty-handler/4.1.30.Final/netty-handler-4.1.30.Final.jar:/home/user/.m2/repository/io/netty/netty-handler-proxy/4.1.30.Final/netty-handler-proxy-4.1.30.Final.jar:/home/user/.m2/repository/io/netty/netty-codec-socks/4.1.30.Final/netty-codec-socks-4.1.30.Final.jar:/home/user/.m2/repository/io/netty/netty-transport-native-epoll/4.1.30.Final/netty-transport-native-epoll-4.1.30.Final.jar:/home/user/.m2/repository/io/netty/netty-common/4.1.30.Final/netty-common-4.1.30.Final.jar:/home/user/.m2/repository/io/netty/netty-buffer/4.1.30.Final/netty-buffer-4.1.30.Final.jar:/home/user/.m2/repository/io/netty/netty-transport/4.1.30.Final/netty-transport-4.1.30.Final.jar:/home/user/.m2/repository/io/netty/netty-resolver/4.1.30.Final/netty-resolver-4.1.30.Final.jar:/home/user/.m2/repository/io/netty/netty-transport-native-unix-common/4.1.30.Final/netty-transport-native-unix-common-4.1.30.Final.jar:/home/user/.m2/repository/io/grpc/grpc-protobuf/1.17.1/grpc-protobuf-1.17.1.jar:/home/user/.m2/repository/com/google/api/grpc/proto-google-common-protos/1.0.0/proto-google-common-protos-1.0.0.jar:/home/user/.m2/repository/io/grpc/grpc-protobuf-lite/1.17.1/grpc-protobuf-lite-1.17.1.jar:/home/user/.m2/repository/io/grpc/grpc-stub/1.17.1/grpc-stub-1.17.1.jar:/home/user/.m2/repository/org/apache/hadoop/hadoop-ozone-recon/0.5.0-SNAPSHOT/hadoop-ozone-recon-0.5.0-SNAPSHOT.jar:/home/user/.m2/repository/org/apache/hadoop/hadoop-ozone-reconcodegen/0.5.0-SNAPSHOT/hadoop-ozone-reconcodegen-0.5.0-SNAPSHOT.jar:/home/user/.m2/repository/com/google/inject/extensions/guice-multibindings/4.0/guice-multibindings-4.0.jar:/home/user/.m2/repository/com/google/inject/guice/4.0/guice-4.0.jar:/home/user/.m2/repository/aopalliance/aopalliance/1.0/aopalliance-1.0.jar:/home/user/.m2/repository/com/google/inject/extensions/guice-servlet/4.0/guice-servlet-4.0.jar:/home/user/.m2/repository/org/glassfish/jersey/containers/jersey-container-servlet/2.27/jersey-container-servlet-2.27.jar:/home/user/.m2/repository/org/glassfish/hk2/guice-bridge/2.5.0/guice-bridge-2.5.0.jar:/home/user/.m2/repository/org/glassfish/jersey/core/jersey-server/2.27/jersey-server-2.27.jar:/home/user/.m2/repository/org/glassfish/jersey/core/jersey-client/2.27/jersey-client-2.27.jar:/home/user/.m2/repository/org/glassfish/jersey/media/jersey-media-jaxb/2.27/jersey-media-jaxb-2.27.jar:/home/user/.m2/repository/javax/validation/validation-api/1.1.0.Final/validation-api-1.1.0.Final.jar:/home/user/.m2/repository/org/glassfish/jersey/media/jersey-media-json-jackson/2.27/jersey-media-json-jackson-2.27.jar:/home/user/.m2/repository/org/glassfish/jersey/ext/jersey-entity-filtering/2.27/jersey-entity-filtering-2.27.jar:/home/user/.m2/repository/com/google/inject/extensions/guice-assistedinject/4.0/guice-assistedinject-4.0.jar:/home/user/.m2/repository/org/jooq/jooq/3.11.10/jooq-3.11.10.jar:/home/user/.m2/repository/org/jooq/jooq-meta/3.11.10/jooq-meta-3.11.10.jar:/home/user/.m2/repository/org/jooq/jooq-codegen/3.11.10/jooq-codegen-3.11.10.jar:/home/user/.m2/repository/com/jolbox/bonecp/0.8.0.RELEASE/bonecp-0.8.0.RELEASE.jar:/home/user/.m2/repository/org/xerial/sqlite-jdbc/3.25.2/sqlite-jdbc-3.25.2.jar:/home/user/.m2/repository/org/springframework/spring-jdbc/5.1.3.RELEASE/spring-jdbc-5.1.3.RELEASE.jar:/home/user/.m2/repository/org/springframework/spring-beans/5.1.3.RELEASE/spring-beans-5.1.3.RELEASE.jar:/home/user/.m2/repository/org/springframework/spring-core/5.1.3.RELEASE/spring-core-5.1.3.RELEASE.jar:/home/user/.m2/repository/org/springframework/spring-jcl/5.1.3.RELEASE/spring-jcl-5.1.3.RELEASE.jar:/home/user/.m2/repository/org/springframework/spring-tx/5.1.3.RELEASE/spring-tx-5.1.3.RELEASE.jar:/home/user/.m2/repository/org/apache/hadoop/hadoop-ozone-client/0.5.0-SNAPSHOT/hadoop-ozone-client-0.5.0-SNAPSHOT.jar:/home/user/.m2/repository/commons-lang/commons-lang/2.6/commons-lang-2.6.jar:/home/user/.m2/repository/org/apache/hadoop/hadoop-ozone-ozone-manager/0.5.0-SNAPSHOT/hadoop-ozone-ozone-manager-0.5.0-SNAPSHOT-tests.jar:/home/user/.m2/repository/junit/junit/4.11/junit-4.11.jar:/home/user/.m2/repository/org/hamcrest/hamcrest-core/1.3/hamcrest-core-1.3.jar:/home/user/.m2/repository/org/openjdk/jmh/jmh-core/1.19/jmh-core-1.19.jar:/home/user/.m2/repository/net/sf/jopt-simple/jopt-simple/4.6/jopt-simple-4.6.jar:/home/user/.m2/repository/org/apache/commons/commons-math3/3.1.1/commons-math3-3.1.1.jar:/home/user/.m2/repository/org/openjdk/jmh/jmh-generator-annprocess/1.19/jmh-generator-annprocess-1.19.jar:/home/user/.m2/repository/org/mockito/mockito-all/1.8.5/mockito-all-1.8.5.jar:/home/user/.m2/repository/org/apache/hadoop/hadoop-kms/3.2.0/hadoop-kms-3.2.0.jar:/home/user/.m2/repository/org/apache/hadoop/hadoop-auth/3.2.0/hadoop-auth-3.2.0.jar:/home/user/.m2/repository/com/nimbusds/nimbus-jose-jwt/4.41.1/nimbus-jose-jwt-4.41.1.jar:/home/user/.m2/repository/com/github/stephenc/jcip/jcip-annotations/1.0-1/jcip-annotations-1.0-1.jar:/home/user/.m2/repository/net/minidev/json-smart/2.3/json-smart-2.3.jar:/home/user/.m2/repository/net/minidev/accessors-smart/1.2/accessors-smart-1.2.jar:/home/user/.m2/repository/org/ow2/asm/asm/5.0.4/asm-5.0.4.jar:/home/user/.m2/repository/org/apache/curator/curator-framework/2.12.0/curator-framework-2.12.0.jar:/home/user/.m2/repository/com/sun/jersey/jersey-core/1.19/jersey-core-1.19.jar:/home/user/.m2/repository/javax/ws/rs/jsr311-api/1.1.1/jsr311-api-1.1.1.jar:/home/user/.m2/repository/com/sun/jersey/jersey-server/1.19/jersey-server-1.19.jar:/home/user/.m2/repository/javax/servlet/javax.servlet-api/3.1.0/javax.servlet-api-3.1.0.jar:/home/user/.m2/repository/org/eclipse/jetty/jetty-server/9.3.24.v20180605/jetty-server-9.3.24.v20180605.jar:/home/user/.m2/repository/org/eclipse/jetty/jetty-http/9.3.24.v20180605/jetty-http-9.3.24.v20180605.jar:/home/user/.m2/repository/org/eclipse/jetty/jetty-io/9.3.24.v20180605/jetty-io-9.3.24.v20180605.jar:/home/user/.m2/repository/org/eclipse/jetty/jetty-webapp/9.3.24.v20180605/jetty-webapp-9.3.24.v20180605.jar:/home/user/.m2/repository/org/eclipse/jetty/jetty-xml/9.3.24.v20180605/jetty-xml-9.3.24.v20180605.jar:/home/user/.m2/repository/log4j/log4j/1.2.17/log4j-1.2.17.jar:/home/user/.m2/repository/org/slf4j/slf4j-api/1.7.25/slf4j-api-1.7.25.jar:/home/user/.m2/repository/org/slf4j/jul-to-slf4j/1.7.25/jul-to-slf4j-1.7.25.jar:/home/user/.m2/repository/org/eclipse/jetty/jetty-util/9.3.24.v20180605/jetty-util-9.3.24.v20180605.jar:/home/user/.m2/repository/com/fasterxml/jackson/core/jackson-databind/2.9.5/jackson-databind-2.9.5.jar:/home/user/.m2/repository/org/apache/hadoop/hadoop-kms/3.2.0/hadoop-kms-3.2.0-tests.jar:/home/user/.m2/repository/org/apache/hadoop/hadoop-hdds-server-scm/0.5.0-SNAPSHOT/hadoop-hdds-server-scm-0.5.0-SNAPSHOT-tests.jar:/home/user/.m2/repository/org/apache/hadoop/hadoop-hdds-container-service/0.5.0-SNAPSHOT/hadoop-hdds-container-service-0.5.0-SNAPSHOT-tests.jar:/home/user/.m2/repository/org/yaml/snakeyaml/1.16/snakeyaml-1.16.jar:/home/user/.m2/repository/org/apache/hadoop/hadoop-common/3.2.0/hadoop-common-3.2.0-tests.jar:/home/user/.m2/repository/org/apache/hadoop/hadoop-annotations/3.2.0/hadoop-annotations-3.2.0.jar:/usr/lib/jvm/java-1.8-openjdk/jre/../lib/tools.jar:/home/user/.m2/repository/commons-cli/commons-cli/1.2/commons-cli-1.2.jar:/home/user/.m2/repository/org/apache/httpcomponents/httpclient/4.5.2/httpclient-4.5.2.jar:/home/user/.m2/repository/org/apache/httpcomponents/httpcore/4.4.4/httpcore-4.4.4.jar:/home/user/.m2/repository/commons-codec/commons-codec/1.11/commons-codec-1.11.jar:/home/user/.m2/repository/commons-net/commons-net/3.6/commons-net-3.6.jar:/home/user/.m2/repository/commons-collections/commons-collections/3.2.2/commons-collections-3.2.2.jar:/home/user/.m2/repository/org/eclipse/jetty/jetty-servlet/9.3.24.v20180605/jetty-servlet-9.3.24.v20180605.jar:/home/user/.m2/repository/org/eclipse/jetty/jetty-security/9.3.24.v20180605/jetty-security-9.3.24.v20180605.jar:/home/user/.m2/repository/javax/servlet/jsp/jsp-api/2.1/jsp-api-2.1.jar:/home/user/.m2/repository/com/sun/jersey/jersey-servlet/1.19/jersey-servlet-1.19.jar:/home/user/.m2/repository/com/sun/jersey/jersey-json/1.19/jersey-json-1.19.jar:/home/user/.m2/repository/org/codehaus/jettison/jettison/1.1/jettison-1.1.jar:/home/user/.m2/repository/org/codehaus/jackson/jackson-core-asl/1.9.13/jackson-core-asl-1.9.13.jar:/home/user/.m2/repository/org/codehaus/jackson/jackson-mapper-asl/1.9.13/jackson-mapper-asl-1.9.13.jar:/home/user/.m2/repository/org/codehaus/jackson/jackson-jaxrs/1.9.13/jackson-jaxrs-1.9.13.jar:/home/user/.m2/repository/org/codehaus/jackson/jackson-xc/1.9.13/jackson-xc-1.9.13.jar:/home/user/.m2/repository/commons-logging/commons-logging/1.1.3/commons-logging-1.1.3.jar:/home/user/.m2/repository/commons-beanutils/commons-beanutils/1.9.3/commons-beanutils-1.9.3.jar:/home/user/.m2/repository/org/apache/commons/commons-configuration2/2.1.1/commons-configuration2-2.1.1.jar:/home/user/.m2/repository/org/apache/commons/commons-lang3/3.7/commons-lang3-3.7.jar:/home/user/.m2/repository/org/apache/commons/commons-text/1.4/commons-text-1.4.jar:/home/user/.m2/repository/org/apache/avro/avro/1.7.7/avro-1.7.7.jar:/home/user/.m2/repository/com/thoughtworks/paranamer/paranamer/2.3/paranamer-2.3.jar:/home/user/.m2/repository/org/xerial/snappy/snappy-java/1.0.5/snappy-java-1.0.5.jar:/home/user/.m2/repository/com/google/re2j/re2j/1.1/re2j-1.1.jar:/home/user/.m2/repository/com/google/code/gson/gson/2.2.4/gson-2.2.4.jar:/home/user/.m2/repository/com/jcraft/jsch/0.1.54/jsch-0.1.54.jar:/home/user/.m2/repository/org/apache/curator/curator-client/2.12.0/curator-client-2.12.0.jar:/home/user/.m2/repository/org/apache/curator/curator-recipes/2.12.0/curator-recipes-2.12.0.jar:/home/user/.m2/repository/com/google/code/findbugs/jsr305/3.0.0/jsr305-3.0.0.jar:/home/user/.m2/repository/org/apache/htrace/htrace-core4/4.1.0-incubating/htrace-core4-4.1.0-incubating.jar:/home/user/.m2/repository/org/apache/zookeeper/zookeeper/3.4.13/zookeeper-3.4.13.jar:/home/user/.m2/repository/org/apache/yetus/audience-annotations/0.5.0/audience-annotations-0.5.0.jar:/home/user/.m2/repository/org/codehaus/woodstox/stax2-api/3.1.4/stax2-api-3.1.4.jar:/home/user/.m2/repository/com/fasterxml/woodstox/woodstox-core/5.0.3/woodstox-core-5.0.3.jar:/home/user/.m2/repository/dnsjava/dnsjava/2.1.7/dnsjava-2.1.7.jar:/home/user/.m2/repository/org/apache/hadoop/hadoop-hdfs/3.2.0/hadoop-hdfs-3.2.0-tests.jar:/home/user/.m2/repository/org/eclipse/jetty/jetty-util-ajax/9.3.24.v20180605/jetty-util-ajax-9.3.24.v20180605.jar:/home/user/.m2/repository/commons-daemon/commons-daemon/1.0.13/commons-daemon-1.0.13.jar:/home/user/.m2/repository/io/netty/netty/3.10.5.Final/netty-3.10.5.Final.jar:/home/user/.m2/repository/io/netty/netty-all/4.0.52.Final/netty-all-4.0.52.Final.jar:/home/user/.m2/repository/org/fusesource/leveldbjni/leveldbjni-all/1.8/leveldbjni-all-1.8.jar:"/>
    <property name="java.vm.vendor" value="IcedTea"/>
    <property name="sun.arch.data.model" value="64"/>
    <property name="test.build.dir" value="/workdir/hadoop-ozone/integration-test/target/test-dir"/>
    <property name="test.cache.data" value=""/>
    <property name="java.vendor.url" value="https://icedtea.classpath.org"/>
    <property name="user.timezone" value=""/>
    <property name="java.vm.specification.version" value="1.8"/>
    <property name="os.name" value="Linux"/>
    <property name="test.build.data" value="/workdir/hadoop-ozone/integration-test/target/test-dir"/>
    <property name="user.country" value="US"/>
    <property name="sun.java.launcher" value="SUN_STANDARD"/>
    <property name="sun.boot.library.path" value="/usr/lib/jvm/java-1.8-openjdk/jre/lib/amd64"/>
    <property name="sun.java.command" value="/workdir/hadoop-ozone/integration-test/target/surefire/surefirebooter3127317648528516412.jar /workdir/hadoop-ozone/integration-test/target/surefire 2019-09-09T07-39-14_708-jvmRun1 surefire1353057574823770769tmp surefire_202088103078955579136tmp"/>
    <property name="test" value="!TestMiniChaosOzoneCluster"/>
    <property name="surefire.test.class.path" value="/workdir/hadoop-ozone/integration-test/target/test-classes:/workdir/hadoop-ozone/integration-test/target/classes:/home/user/.m2/repository/org/apache/hadoop/hadoop-ozone-common/0.5.0-SNAPSHOT/hadoop-ozone-common-0.5.0-SNAPSHOT.jar:/home/user/.m2/repository/org/apache/commons/commons-compress/1.4.1/commons-compress-1.4.1.jar:/home/user/.m2/repository/org/tukaani/xz/1.0/xz-1.0.jar:/home/user/.m2/repository/org/apache/hadoop/hadoop-common/3.2.0/hadoop-common-3.2.0.jar:/home/user/.m2/repository/org/apache/hadoop/hadoop-hdfs/3.2.0/hadoop-hdfs-3.2.0.jar:/home/user/.m2/repository/org/apache/hadoop/hadoop-hdfs-client/3.2.0/hadoop-hdfs-client-3.2.0.jar:/home/user/.m2/repository/com/fasterxml/jackson/core/jackson-annotations/2.9.5/jackson-annotations-2.9.5.jar:/home/user/.m2/repository/org/apache/hadoop/hadoop-hdds-common/0.5.0-SNAPSHOT/hadoop-hdds-common-0.5.0-SNAPSHOT.jar:/home/user/.m2/repository/javax/annotation/javax.annotation-api/1.2/javax.annotation-api-1.2.jar:/home/user/.m2/repository/org/apache/ratis/ratis-server/0.4.0-2337318-SNAPSHOT/ratis-server-0.4.0-2337318-SNAPSHOT.jar:/home/user/.m2/repository/org/apache/ratis/ratis-thirdparty-misc/0.2.0/ratis-thirdparty-misc-0.2.0.jar:/home/user/.m2/repository/org/apache/ratis/ratis-proto/0.4.0-2337318-SNAPSHOT/ratis-proto-0.4.0-2337318-SNAPSHOT.jar:/home/user/.m2/repository/org/apache/ratis/ratis-common/0.4.0-2337318-SNAPSHOT/ratis-common-0.4.0-2337318-SNAPSHOT.jar:/home/user/.m2/repository/org/apache/ratis/ratis-client/0.4.0-2337318-SNAPSHOT/ratis-client-0.4.0-2337318-SNAPSHOT.jar:/home/user/.m2/repository/org/apache/ratis/ratis-metrics/0.4.0-2337318-SNAPSHOT/ratis-metrics-0.4.0-2337318-SNAPSHOT.jar:/home/user/.m2/repository/org/apache/ratis/ratis-netty/0.4.0-2337318-SNAPSHOT/ratis-netty-0.4.0-2337318-SNAPSHOT.jar:/home/user/.m2/repository/org/apache/ratis/ratis-grpc/0.4.0-2337318-SNAPSHOT/ratis-grpc-0.4.0-2337318-SNAPSHOT.jar:/home/user/.m2/repository/org/rocksdb/rocksdbjni/6.0.1/rocksdbjni-6.0.1.jar:/home/user/.m2/repository/org/apache/logging/log4j/log4j-api/2.11.0/log4j-api-2.11.0.jar:/home/user/.m2/repository/org/apache/logging/log4j/log4j-core/2.11.0/log4j-core-2.11.0.jar:/home/user/.m2/repository/com/lmax/disruptor/3.4.2/disruptor-3.4.2.jar:/home/user/.m2/repository/org/apache/commons/commons-pool2/2.6.0/commons-pool2-2.6.0.jar:/home/user/.m2/repository/org/bouncycastle/bcpkix-jdk15on/1.60/bcpkix-jdk15on-1.60.jar:/home/user/.m2/repository/commons-validator/commons-validator/1.6/commons-validator-1.6.jar:/home/user/.m2/repository/commons-digester/commons-digester/1.8.1/commons-digester-1.8.1.jar:/home/user/.m2/repository/io/jaegertracing/jaeger-client/0.33.1/jaeger-client-0.33.1.jar:/home/user/.m2/repository/io/jaegertracing/jaeger-thrift/0.33.1/jaeger-thrift-0.33.1.jar:/home/user/.m2/repository/org/apache/thrift/libthrift/0.11.0/libthrift-0.11.0.jar:/home/user/.m2/repository/com/squareup/okhttp3/okhttp/3.9.0/okhttp-3.9.0.jar:/home/user/.m2/repository/com/squareup/okio/okio/1.13.0/okio-1.13.0.jar:/home/user/.m2/repository/io/jaegertracing/jaeger-core/0.33.1/jaeger-core-0.33.1.jar:/home/user/.m2/repository/io/jaegertracing/jaeger-tracerresolver/0.33.1/jaeger-tracerresolver-0.33.1.jar:/home/user/.m2/repository/io/opentracing/contrib/opentracing-tracerresolver/0.1.5/opentracing-tracerresolver-0.1.5.jar:/home/user/.m2/repository/io/opentracing/opentracing-util/0.31.0/opentracing-util-0.31.0.jar:/home/user/.m2/repository/io/opentracing/opentracing-api/0.31.0/opentracing-api-0.31.0.jar:/home/user/.m2/repository/io/opentracing/opentracing-noop/0.31.0/opentracing-noop-0.31.0.jar:/home/user/.m2/repository/org/apache/hadoop/hadoop-hdds-server-framework/0.5.0-SNAPSHOT/hadoop-hdds-server-framework-0.5.0-SNAPSHOT.jar:/home/user/.m2/repository/org/apache/hadoop/hadoop-hdds-container-service/0.5.0-SNAPSHOT/hadoop-hdds-container-service-0.5.0-SNAPSHOT.jar:/home/user/.m2/repository/org/apache/hadoop/hadoop-hdds-client/0.5.0-SNAPSHOT/hadoop-hdds-client-0.5.0-SNAPSHOT.jar:/home/user/.m2/repository/org/apache/hadoop/hadoop-hdds-tools/0.5.0-SNAPSHOT/hadoop-hdds-tools-0.5.0-SNAPSHOT.jar:/home/user/.m2/repository/org/apache/hadoop/hadoop-hdds-server-scm/0.5.0-SNAPSHOT/hadoop-hdds-server-scm-0.5.0-SNAPSHOT.jar:/home/user/.m2/repository/org/apache/hadoop/hadoop-hdds-docs/0.5.0-SNAPSHOT/hadoop-hdds-docs-0.5.0-SNAPSHOT.jar:/home/user/.m2/repository/io/dropwizard/metrics/metrics-core/3.2.4/metrics-core-3.2.4.jar:/home/user/.m2/repository/org/hamcrest/hamcrest-all/1.3/hamcrest-all-1.3.jar:/home/user/.m2/repository/org/bouncycastle/bcprov-jdk15on/1.60/bcprov-jdk15on-1.60.jar:/home/user/.m2/repository/info/picocli/picocli/3.9.6/picocli-3.9.6.jar:/home/user/.m2/repository/com/google/protobuf/protobuf-java/2.5.0/protobuf-java-2.5.0.jar:/home/user/.m2/repository/com/google/guava/guava/11.0.2/guava-11.0.2.jar:/home/user/.m2/repository/org/apache/hadoop/hadoop-ozone-ozone-manager/0.5.0-SNAPSHOT/hadoop-ozone-ozone-manager-0.5.0-SNAPSHOT.jar:/home/user/.m2/repository/org/apache/hadoop/hadoop-minikdc/3.2.0/hadoop-minikdc-3.2.0.jar:/home/user/.m2/repository/commons-io/commons-io/2.5/commons-io-2.5.jar:/home/user/.m2/repository/org/apache/kerby/kerb-simplekdc/1.0.1/kerb-simplekdc-1.0.1.jar:/home/user/.m2/repository/org/apache/kerby/kerb-client/1.0.1/kerb-client-1.0.1.jar:/home/user/.m2/repository/org/apache/kerby/kerby-config/1.0.1/kerby-config-1.0.1.jar:/home/user/.m2/repository/org/apache/kerby/kerb-core/1.0.1/kerb-core-1.0.1.jar:/home/user/.m2/repository/org/apache/kerby/kerby-pkix/1.0.1/kerby-pkix-1.0.1.jar:/home/user/.m2/repository/org/apache/kerby/kerby-asn1/1.0.1/kerby-asn1-1.0.1.jar:/home/user/.m2/repository/org/apache/kerby/kerby-util/1.0.1/kerby-util-1.0.1.jar:/home/user/.m2/repository/org/apache/kerby/kerb-common/1.0.1/kerb-common-1.0.1.jar:/home/user/.m2/repository/org/apache/kerby/kerb-crypto/1.0.1/kerb-crypto-1.0.1.jar:/home/user/.m2/repository/org/apache/kerby/kerb-util/1.0.1/kerb-util-1.0.1.jar:/home/user/.m2/repository/org/apache/kerby/token-provider/1.0.1/token-provider-1.0.1.jar:/home/user/.m2/repository/org/apache/kerby/kerb-admin/1.0.1/kerb-admin-1.0.1.jar:/home/user/.m2/repository/org/apache/kerby/kerb-server/1.0.1/kerb-server-1.0.1.jar:/home/user/.m2/repository/org/apache/kerby/kerb-identity/1.0.1/kerb-identity-1.0.1.jar:/home/user/.m2/repository/org/apache/kerby/kerby-xdr/1.0.1/kerby-xdr-1.0.1.jar:/home/user/.m2/repository/org/slf4j/slf4j-log4j12/1.7.25/slf4j-log4j12-1.7.25.jar:/home/user/.m2/repository/org/apache/hadoop/hadoop-ozone-s3gateway/0.5.0-SNAPSHOT/hadoop-ozone-s3gateway-0.5.0-SNAPSHOT.jar:/home/user/.m2/repository/org/jboss/weld/servlet/weld-servlet/2.4.7.Final/weld-servlet-2.4.7.Final.jar:/home/user/.m2/repository/org/glassfish/jersey/containers/jersey-container-servlet-core/2.27/jersey-container-servlet-core-2.27.jar:/home/user/.m2/repository/org/glassfish/hk2/external/javax.inject/2.5.0-b42/javax.inject-2.5.0-b42.jar:/home/user/.m2/repository/org/glassfish/jersey/core/jersey-common/2.27/jersey-common-2.27.jar:/home/user/.m2/repository/org/glassfish/hk2/osgi-resource-locator/1.0.1/osgi-resource-locator-1.0.1.jar:/home/user/.m2/repository/javax/ws/rs/javax.ws.rs-api/2.1/javax.ws.rs-api-2.1.jar:/home/user/.m2/repository/org/glassfish/jersey/ext/cdi/jersey-cdi1x/2.27/jersey-cdi1x-2.27.jar:/home/user/.m2/repository/org/glassfish/jersey/inject/jersey-hk2/2.27/jersey-hk2-2.27.jar:/home/user/.m2/repository/org/glassfish/hk2/hk2-locator/2.5.0-b42/hk2-locator-2.5.0-b42.jar:/home/user/.m2/repository/org/javassist/javassist/3.22.0-CR2/javassist-3.22.0-CR2.jar:/home/user/.m2/repository/org/glassfish/hk2/hk2-api/2.5.0/hk2-api-2.5.0.jar:/home/user/.m2/repository/org/glassfish/hk2/external/jakarta.inject/2.5.0/jakarta.inject-2.5.0.jar:/home/user/.m2/repository/org/glassfish/hk2/hk2-utils/2.5.0/hk2-utils-2.5.0.jar:/home/user/.m2/repository/jakarta/annotation/jakarta.annotation-api/1.3.4/jakarta.annotation-api-1.3.4.jar:/home/user/.m2/repository/org/glassfish/hk2/external/aopalliance-repackaged/2.5.0/aopalliance-repackaged-2.5.0.jar:/home/user/.m2/repository/com/fasterxml/jackson/dataformat/jackson-dataformat-xml/2.9.0/jackson-dataformat-xml-2.9.0.jar:/home/user/.m2/repository/com/fasterxml/jackson/core/jackson-core/2.9.5/jackson-core-2.9.5.jar:/home/user/.m2/repository/com/fasterxml/jackson/module/jackson-module-jaxb-annotations/2.9.5/jackson-module-jaxb-annotations-2.9.5.jar:/home/user/.m2/repository/javax/enterprise/cdi-api/1.2/cdi-api-1.2.jar:/home/user/.m2/repository/javax/el/javax.el-api/3.0.0/javax.el-api-3.0.0.jar:/home/user/.m2/repository/javax/interceptor/javax.interceptor-api/1.2/javax.interceptor-api-1.2.jar:/home/user/.m2/repository/javax/inject/javax.inject/1/javax.inject-1.jar:/home/user/.m2/repository/com/sun/xml/bind/jaxb-impl/2.3.0.1/jaxb-impl-2.3.0.1.jar:/home/user/.m2/repository/com/sun/xml/bind/jaxb-core/2.3.0.1/jaxb-core-2.3.0.1.jar:/home/user/.m2/repository/javax/xml/bind/jaxb-api/2.3.0/jaxb-api-2.3.0.jar:/home/user/.m2/repository/javax/activation/activation/1.1.1/activation-1.1.1.jar:/home/user/.m2/repository/org/apache/hadoop/hadoop-ozone-csi/0.5.0-SNAPSHOT/hadoop-ozone-csi-0.5.0-SNAPSHOT.jar:/home/user/.m2/repository/com/google/protobuf/protobuf-java-util/3.5.1/protobuf-java-util-3.5.1.jar:/home/user/.m2/repository/org/apache/hadoop/hadoop-hdds-config/0.5.0-SNAPSHOT/hadoop-hdds-config-0.5.0-SNAPSHOT.jar:/home/user/.m2/repository/io/grpc/grpc-netty/1.17.1/grpc-netty-1.17.1.jar:/home/user/.m2/repository/io/grpc/grpc-core/1.17.1/grpc-core-1.17.1.jar:/home/user/.m2/repository/io/grpc/grpc-context/1.17.1/grpc-context-1.17.1.jar:/home/user/.m2/repository/com/google/errorprone/error_prone_annotations/2.2.0/error_prone_annotations-2.2.0.jar:/home/user/.m2/repository/org/codehaus/mojo/animal-sniffer-annotations/1.17/animal-sniffer-annotations-1.17.jar:/home/user/.m2/repository/io/opencensus/opencensus-api/0.17.0/opencensus-api-0.17.0.jar:/home/user/.m2/repository/io/opencensus/opencensus-contrib-grpc-metrics/0.17.0/opencensus-contrib-grpc-metrics-0.17.0.jar:/home/user/.m2/repository/io/netty/netty-codec-http2/4.1.30.Final/netty-codec-http2-4.1.30.Final.jar:/home/user/.m2/repository/io/netty/netty-codec-http/4.1.30.Final/netty-codec-http-4.1.30.Final.jar:/home/user/.m2/repository/io/netty/netty-codec/4.1.30.Final/netty-codec-4.1.30.Final.jar:/home/user/.m2/repository/io/netty/netty-handler/4.1.30.Final/netty-handler-4.1.30.Final.jar:/home/user/.m2/repository/io/netty/netty-handler-proxy/4.1.30.Final/netty-handler-proxy-4.1.30.Final.jar:/home/user/.m2/repository/io/netty/netty-codec-socks/4.1.30.Final/netty-codec-socks-4.1.30.Final.jar:/home/user/.m2/repository/io/netty/netty-transport-native-epoll/4.1.30.Final/netty-transport-native-epoll-4.1.30.Final.jar:/home/user/.m2/repository/io/netty/netty-common/4.1.30.Final/netty-common-4.1.30.Final.jar:/home/user/.m2/repository/io/netty/netty-buffer/4.1.30.Final/netty-buffer-4.1.30.Final.jar:/home/user/.m2/repository/io/netty/netty-transport/4.1.30.Final/netty-transport-4.1.30.Final.jar:/home/user/.m2/repository/io/netty/netty-resolver/4.1.30.Final/netty-resolver-4.1.30.Final.jar:/home/user/.m2/repository/io/netty/netty-transport-native-unix-common/4.1.30.Final/netty-transport-native-unix-common-4.1.30.Final.jar:/home/user/.m2/repository/io/grpc/grpc-protobuf/1.17.1/grpc-protobuf-1.17.1.jar:/home/user/.m2/repository/com/google/api/grpc/proto-google-common-protos/1.0.0/proto-google-common-protos-1.0.0.jar:/home/user/.m2/repository/io/grpc/grpc-protobuf-lite/1.17.1/grpc-protobuf-lite-1.17.1.jar:/home/user/.m2/repository/io/grpc/grpc-stub/1.17.1/grpc-stub-1.17.1.jar:/home/user/.m2/repository/org/apache/hadoop/hadoop-ozone-recon/0.5.0-SNAPSHOT/hadoop-ozone-recon-0.5.0-SNAPSHOT.jar:/home/user/.m2/repository/org/apache/hadoop/hadoop-ozone-reconcodegen/0.5.0-SNAPSHOT/hadoop-ozone-reconcodegen-0.5.0-SNAPSHOT.jar:/home/user/.m2/repository/com/google/inject/extensions/guice-multibindings/4.0/guice-multibindings-4.0.jar:/home/user/.m2/repository/com/google/inject/guice/4.0/guice-4.0.jar:/home/user/.m2/repository/aopalliance/aopalliance/1.0/aopalliance-1.0.jar:/home/user/.m2/repository/com/google/inject/extensions/guice-servlet/4.0/guice-servlet-4.0.jar:/home/user/.m2/repository/org/glassfish/jersey/containers/jersey-container-servlet/2.27/jersey-container-servlet-2.27.jar:/home/user/.m2/repository/org/glassfish/hk2/guice-bridge/2.5.0/guice-bridge-2.5.0.jar:/home/user/.m2/repository/org/glassfish/jersey/core/jersey-server/2.27/jersey-server-2.27.jar:/home/user/.m2/repository/org/glassfish/jersey/core/jersey-client/2.27/jersey-client-2.27.jar:/home/user/.m2/repository/org/glassfish/jersey/media/jersey-media-jaxb/2.27/jersey-media-jaxb-2.27.jar:/home/user/.m2/repository/javax/validation/validation-api/1.1.0.Final/validation-api-1.1.0.Final.jar:/home/user/.m2/repository/org/glassfish/jersey/media/jersey-media-json-jackson/2.27/jersey-media-json-jackson-2.27.jar:/home/user/.m2/repository/org/glassfish/jersey/ext/jersey-entity-filtering/2.27/jersey-entity-filtering-2.27.jar:/home/user/.m2/repository/com/google/inject/extensions/guice-assistedinject/4.0/guice-assistedinject-4.0.jar:/home/user/.m2/repository/org/jooq/jooq/3.11.10/jooq-3.11.10.jar:/home/user/.m2/repository/org/jooq/jooq-meta/3.11.10/jooq-meta-3.11.10.jar:/home/user/.m2/repository/org/jooq/jooq-codegen/3.11.10/jooq-codegen-3.11.10.jar:/home/user/.m2/repository/com/jolbox/bonecp/0.8.0.RELEASE/bonecp-0.8.0.RELEASE.jar:/home/user/.m2/repository/org/xerial/sqlite-jdbc/3.25.2/sqlite-jdbc-3.25.2.jar:/home/user/.m2/repository/org/springframework/spring-jdbc/5.1.3.RELEASE/spring-jdbc-5.1.3.RELEASE.jar:/home/user/.m2/repository/org/springframework/spring-beans/5.1.3.RELEASE/spring-beans-5.1.3.RELEASE.jar:/home/user/.m2/repository/org/springframework/spring-core/5.1.3.RELEASE/spring-core-5.1.3.RELEASE.jar:/home/user/.m2/repository/org/springframework/spring-jcl/5.1.3.RELEASE/spring-jcl-5.1.3.RELEASE.jar:/home/user/.m2/repository/org/springframework/spring-tx/5.1.3.RELEASE/spring-tx-5.1.3.RELEASE.jar:/home/user/.m2/repository/org/apache/hadoop/hadoop-ozone-client/0.5.0-SNAPSHOT/hadoop-ozone-client-0.5.0-SNAPSHOT.jar:/home/user/.m2/repository/commons-lang/commons-lang/2.6/commons-lang-2.6.jar:/home/user/.m2/repository/org/apache/hadoop/hadoop-ozone-ozone-manager/0.5.0-SNAPSHOT/hadoop-ozone-ozone-manager-0.5.0-SNAPSHOT-tests.jar:/home/user/.m2/repository/junit/junit/4.11/junit-4.11.jar:/home/user/.m2/repository/org/hamcrest/hamcrest-core/1.3/hamcrest-core-1.3.jar:/home/user/.m2/repository/org/openjdk/jmh/jmh-core/1.19/jmh-core-1.19.jar:/home/user/.m2/repository/net/sf/jopt-simple/jopt-simple/4.6/jopt-simple-4.6.jar:/home/user/.m2/repository/org/apache/commons/commons-math3/3.1.1/commons-math3-3.1.1.jar:/home/user/.m2/repository/org/openjdk/jmh/jmh-generator-annprocess/1.19/jmh-generator-annprocess-1.19.jar:/home/user/.m2/repository/org/mockito/mockito-all/1.8.5/mockito-all-1.8.5.jar:/home/user/.m2/repository/org/apache/hadoop/hadoop-kms/3.2.0/hadoop-kms-3.2.0.jar:/home/user/.m2/repository/org/apache/hadoop/hadoop-auth/3.2.0/hadoop-auth-3.2.0.jar:/home/user/.m2/repository/com/nimbusds/nimbus-jose-jwt/4.41.1/nimbus-jose-jwt-4.41.1.jar:/home/user/.m2/repository/com/github/stephenc/jcip/jcip-annotations/1.0-1/jcip-annotations-1.0-1.jar:/home/user/.m2/repository/net/minidev/json-smart/2.3/json-smart-2.3.jar:/home/user/.m2/repository/net/minidev/accessors-smart/1.2/accessors-smart-1.2.jar:/home/user/.m2/repository/org/ow2/asm/asm/5.0.4/asm-5.0.4.jar:/home/user/.m2/repository/org/apache/curator/curator-framework/2.12.0/curator-framework-2.12.0.jar:/home/user/.m2/repository/com/sun/jersey/jersey-core/1.19/jersey-core-1.19.jar:/home/user/.m2/repository/javax/ws/rs/jsr311-api/1.1.1/jsr311-api-1.1.1.jar:/home/user/.m2/repository/com/sun/jersey/jersey-server/1.19/jersey-server-1.19.jar:/home/user/.m2/repository/javax/servlet/javax.servlet-api/3.1.0/javax.servlet-api-3.1.0.jar:/home/user/.m2/repository/org/eclipse/jetty/jetty-server/9.3.24.v20180605/jetty-server-9.3.24.v20180605.jar:/home/user/.m2/repository/org/eclipse/jetty/jetty-http/9.3.24.v20180605/jetty-http-9.3.24.v20180605.jar:/home/user/.m2/repository/org/eclipse/jetty/jetty-io/9.3.24.v20180605/jetty-io-9.3.24.v20180605.jar:/home/user/.m2/repository/org/eclipse/jetty/jetty-webapp/9.3.24.v20180605/jetty-webapp-9.3.24.v20180605.jar:/home/user/.m2/repository/org/eclipse/jetty/jetty-xml/9.3.24.v20180605/jetty-xml-9.3.24.v20180605.jar:/home/user/.m2/repository/log4j/log4j/1.2.17/log4j-1.2.17.jar:/home/user/.m2/repository/org/slf4j/slf4j-api/1.7.25/slf4j-api-1.7.25.jar:/home/user/.m2/repository/org/slf4j/jul-to-slf4j/1.7.25/jul-to-slf4j-1.7.25.jar:/home/user/.m2/repository/org/eclipse/jetty/jetty-util/9.3.24.v20180605/jetty-util-9.3.24.v20180605.jar:/home/user/.m2/repository/com/fasterxml/jackson/core/jackson-databind/2.9.5/jackson-databind-2.9.5.jar:/home/user/.m2/repository/org/apache/hadoop/hadoop-kms/3.2.0/hadoop-kms-3.2.0-tests.jar:/home/user/.m2/repository/org/apache/hadoop/hadoop-hdds-server-scm/0.5.0-SNAPSHOT/hadoop-hdds-server-scm-0.5.0-SNAPSHOT-tests.jar:/home/user/.m2/repository/org/apache/hadoop/hadoop-hdds-container-service/0.5.0-SNAPSHOT/hadoop-hdds-container-service-0.5.0-SNAPSHOT-tests.jar:/home/user/.m2/repository/org/yaml/snakeyaml/1.16/snakeyaml-1.16.jar:/home/user/.m2/repository/org/apache/hadoop/hadoop-common/3.2.0/hadoop-common-3.2.0-tests.jar:/home/user/.m2/repository/org/apache/hadoop/hadoop-annotations/3.2.0/hadoop-annotations-3.2.0.jar:/usr/lib/jvm/java-1.8-openjdk/jre/../lib/tools.jar:/home/user/.m2/repository/commons-cli/commons-cli/1.2/commons-cli-1.2.jar:/home/user/.m2/repository/org/apache/httpcomponents/httpclient/4.5.2/httpclient-4.5.2.jar:/home/user/.m2/repository/org/apache/httpcomponents/httpcore/4.4.4/httpcore-4.4.4.jar:/home/user/.m2/repository/commons-codec/commons-codec/1.11/commons-codec-1.11.jar:/home/user/.m2/repository/commons-net/commons-net/3.6/commons-net-3.6.jar:/home/user/.m2/repository/commons-collections/commons-collections/3.2.2/commons-collections-3.2.2.jar:/home/user/.m2/repository/org/eclipse/jetty/jetty-servlet/9.3.24.v20180605/jetty-servlet-9.3.24.v20180605.jar:/home/user/.m2/repository/org/eclipse/jetty/jetty-security/9.3.24.v20180605/jetty-security-9.3.24.v20180605.jar:/home/user/.m2/repository/javax/servlet/jsp/jsp-api/2.1/jsp-api-2.1.jar:/home/user/.m2/repository/com/sun/jersey/jersey-servlet/1.19/jersey-servlet-1.19.jar:/home/user/.m2/repository/com/sun/jersey/jersey-json/1.19/jersey-json-1.19.jar:/home/user/.m2/repository/org/codehaus/jettison/jettison/1.1/jettison-1.1.jar:/home/user/.m2/repository/org/codehaus/jackson/jackson-core-asl/1.9.13/jackson-core-asl-1.9.13.jar:/home/user/.m2/repository/org/codehaus/jackson/jackson-mapper-asl/1.9.13/jackson-mapper-asl-1.9.13.jar:/home/user/.m2/repository/org/codehaus/jackson/jackson-jaxrs/1.9.13/jackson-jaxrs-1.9.13.jar:/home/user/.m2/repository/org/codehaus/jackson/jackson-xc/1.9.13/jackson-xc-1.9.13.jar:/home/user/.m2/repository/commons-logging/commons-logging/1.1.3/commons-logging-1.1.3.jar:/home/user/.m2/repository/commons-beanutils/commons-beanutils/1.9.3/commons-beanutils-1.9.3.jar:/home/user/.m2/repository/org/apache/commons/commons-configuration2/2.1.1/commons-configuration2-2.1.1.jar:/home/user/.m2/repository/org/apache/commons/commons-lang3/3.7/commons-lang3-3.7.jar:/home/user/.m2/repository/org/apache/commons/commons-text/1.4/commons-text-1.4.jar:/home/user/.m2/repository/org/apache/avro/avro/1.7.7/avro-1.7.7.jar:/home/user/.m2/repository/com/thoughtworks/paranamer/paranamer/2.3/paranamer-2.3.jar:/home/user/.m2/repository/org/xerial/snappy/snappy-java/1.0.5/snappy-java-1.0.5.jar:/home/user/.m2/repository/com/google/re2j/re2j/1.1/re2j-1.1.jar:/home/user/.m2/repository/com/google/code/gson/gson/2.2.4/gson-2.2.4.jar:/home/user/.m2/repository/com/jcraft/jsch/0.1.54/jsch-0.1.54.jar:/home/user/.m2/repository/org/apache/curator/curator-client/2.12.0/curator-client-2.12.0.jar:/home/user/.m2/repository/org/apache/curator/curator-recipes/2.12.0/curator-recipes-2.12.0.jar:/home/user/.m2/repository/com/google/code/findbugs/jsr305/3.0.0/jsr305-3.0.0.jar:/home/user/.m2/repository/org/apache/htrace/htrace-core4/4.1.0-incubating/htrace-core4-4.1.0-incubating.jar:/home/user/.m2/repository/org/apache/zookeeper/zookeeper/3.4.13/zookeeper-3.4.13.jar:/home/user/.m2/repository/org/apache/yetus/audience-annotations/0.5.0/audience-annotations-0.5.0.jar:/home/user/.m2/repository/org/codehaus/woodstox/stax2-api/3.1.4/stax2-api-3.1.4.jar:/home/user/.m2/repository/com/fasterxml/woodstox/woodstox-core/5.0.3/woodstox-core-5.0.3.jar:/home/user/.m2/repository/dnsjava/dnsjava/2.1.7/dnsjava-2.1.7.jar:/home/user/.m2/repository/org/apache/hadoop/hadoop-hdfs/3.2.0/hadoop-hdfs-3.2.0-tests.jar:/home/user/.m2/repository/org/eclipse/jetty/jetty-util-ajax/9.3.24.v20180605/jetty-util-ajax-9.3.24.v20180605.jar:/home/user/.m2/repository/commons-daemon/commons-daemon/1.0.13/commons-daemon-1.0.13.jar:/home/user/.m2/repository/io/netty/netty/3.10.5.Final/netty-3.10.5.Final.jar:/home/user/.m2/repository/io/netty/netty-all/4.0.52.Final/netty-all-4.0.52.Final.jar:/home/user/.m2/repository/org/fusesource/leveldbjni/leveldbjni-all/1.8/leveldbjni-all-1.8.jar:"/>
    <property name="sun.cpu.endian" value="little"/>
    <property name="user.home" value="/home/user"/>
    <property name="user.language" value="en"/>
    <property name="java.specification.vendor" value="Oracle Corporation"/>
    <property name="java.home" value="/usr/lib/jvm/java-1.8-openjdk/jre"/>
    <property name="java.security.krb5.conf" value="/workdir/hadoop-ozone/integration-test/target/test-classes/krb5.conf"/>
    <property name="basedir" value="/workdir/hadoop-ozone/integration-test"/>
    <property name="file.separator" value="/"/>
    <property name="line.separator" value="&#10;"/>
    <property name="java.vm.specification.vendor" value="Oracle Corporation"/>
    <property name="java.specification.name" value="Java Platform API Specification"/>
    <property name="java.awt.graphicsenv" value="sun.awt.X11GraphicsEnvironment"/>
    <property name="surefire.real.class.path" value="/workdir/hadoop-ozone/integration-test/target/surefire/surefirebooter3127317648528516412.jar"/>
    <property name="hadoop.log.dir" value="/workdir/hadoop-ozone/integration-test/target/log"/>
    <property name="sun.boot.class.path" value="/usr/lib/jvm/java-1.8-openjdk/jre/lib/resources.jar:/usr/lib/jvm/java-1.8-openjdk/jre/lib/rt.jar:/usr/lib/jvm/java-1.8-openjdk/jre/lib/sunrsasign.jar:/usr/lib/jvm/java-1.8-openjdk/jre/lib/jsse.jar:/usr/lib/jvm/java-1.8-openjdk/jre/lib/jce.jar:/usr/lib/jvm/java-1.8-openjdk/jre/lib/charsets.jar:/usr/lib/jvm/java-1.8-openjdk/jre/lib/jfr.jar:/usr/lib/jvm/java-1.8-openjdk/jre/classes"/>
    <property name="sun.management.compiler" value="HotSpot 64-Bit Tiered Compilers"/>
    <property name="java.runtime.version" value="1.8.0_212-b04"/>
    <property name="java.net.preferIPv4Stack" value="true"/>
    <property name="user.name" value="jenkins1000"/>
    <property name="path.separator" value=":"/>
    <property name="java.security.egd" value="file:///dev/urandom"/>
    <property name="os.version" value="3.10.0-957.12.2.el7.x86_64"/>
    <property name="java.endorsed.dirs" value="/usr/lib/jvm/java-1.8-openjdk/jre/lib/endorsed"/>
    <property name="java.runtime.name" value="OpenJDK Runtime Environment"/>
    <property name="file.encoding" value="UTF-8"/>
    <property name="java.vm.name" value="OpenJDK 64-Bit Server VM"/>
    <property name="test.build.webapps" value=""/>
    <property name="localRepository" value="/home/user/.m2/repository"/>
    <property name="java.vendor.url.bug" value="https://icedtea.classpath.org/bugzilla"/>
    <property name="java.io.tmpdir" value="/tmp"/>
    <property name="require.test.libhadoop" value=""/>
    <property name="java.version" value="1.8.0_212"/>
    <property name="user.dir" value="/workdir/hadoop-ozone/integration-test"/>
    <property name="os.arch" value="amd64"/>
    <property name="java.vm.specification.name" value="Java Virtual Machine Specification"/>
    <property name="test.build.classes" value="/workdir/hadoop-ozone/integration-test/target/test-classes"/>
    <property name="java.awt.printerjob" value="sun.print.PSPrinterJob"/>
    <property name="sun.os.patch.level" value="unknown"/>
    <property name="hadoop.tmp.dir" value="/workdir/hadoop-ozone/integration-test/target/tmp"/>
    <property name="java.library.path" value="/usr/lib/jvm/java-1.8-openjdk/jre/lib/amd64/server:/usr/lib/jvm/java-1.8-openjdk/jre/lib/amd64:/usr/lib/jvm/java-1.8-openjdk/jre/../lib/amd64:/workdir/hadoop-ozone/integration-test/target/native/target/usr/local/lib:/workdir/hadoop-ozone/integration-test/../../hadoop-common-project/hadoop-common/target/native/target/usr/local/lib:/usr/java/packages/lib/amd64:/usr/lib64:/lib64:/lib:/usr/lib"/>
    <property name="java.vm.info" value="mixed mode"/>
    <property name="java.vendor" value="IcedTea"/>
    <property name="java.vm.version" value="25.212-b04"/>
    <property name="java.ext.dirs" value="/usr/lib/jvm/java-1.8-openjdk/jre/lib/ext:/usr/java/packages/lib/ext"/>
    <property name="sun.io.unicode.encoding" value="UnicodeLittle"/>
    <property name="java.class.version" value="52.0"/>
  </properties>
  <testcase name="test2DatanodesFailure" classname="org.apache.hadoop.ozone.client.rpc.TestBlockOutputStreamWithFailures" time="44.621"/>
  <testcase name="testDatanodeFailureWithPreAllocation" classname="org.apache.hadoop.ozone.client.rpc.TestBlockOutputStreamWithFailures" time="224.649"/>
  <testcase name="testDatanodeFailureWithSingleNodeRatis" classname="org.apache.hadoop.ozone.client.rpc.TestBlockOutputStreamWithFailures" time="226.16"/>
  <testcase name="testWatchForCommitWithSingleNodeRatis" classname="org.apache.hadoop.ozone.client.rpc.TestBlockOutputStreamWithFailures" time="35.939"/>
  <testcase name="testWatchForCommitDatanodeFailure" classname="org.apache.hadoop.ozone.client.rpc.TestBlockOutputStreamWithFailures" time="33.297"/>
  <testcase name="testFailureWithPrimeSizedData" classname="org.apache.hadoop.ozone.client.rpc.TestBlockOutputStreamWithFailures" time="35.65"/>
  <testcase name="testWatchForCommitWithCloseContainerException" classname="org.apache.hadoop.ozone.client.rpc.TestBlockOutputStreamWithFailures" time="35.995"/>
  <testcase name="testExceptionDuringClose" classname="org.apache.hadoop.ozone.client.rpc.TestBlockOutputStreamWithFailures" time="37.872">
    <error message="Allocated 0 blocks. Requested 1 blocks" type="INTERNAL_ERROR org.apache.hadoop.ozone.om.exceptions.OMException">INTERNAL_ERROR org.apache.hadoop.ozone.om.exceptions.OMException: Allocated 0 blocks. Requested 1 blocks
	at org.apache.hadoop.ozone.om.protocolPB.OzoneManagerProtocolClientSideTranslatorPB.handleError(OzoneManagerProtocolClientSideTranslatorPB.java:727)
	at org.apache.hadoop.ozone.om.protocolPB.OzoneManagerProtocolClientSideTranslatorPB.allocateBlock(OzoneManagerProtocolClientSideTranslatorPB.java:759)
	at org.apache.hadoop.ozone.client.io.BlockOutputStreamEntryPool.allocateNewBlock(BlockOutputStreamEntryPool.java:248)
	at org.apache.hadoop.ozone.client.io.BlockOutputStreamEntryPool.allocateBlockIfNeeded(BlockOutputStreamEntryPool.java:296)
	at org.apache.hadoop.ozone.client.io.KeyOutputStream.handleWrite(KeyOutputStream.java:201)
	at org.apache.hadoop.ozone.client.io.KeyOutputStream.handleRetry(KeyOutputStream.java:376)
	at org.apache.hadoop.ozone.client.io.KeyOutputStream.handleException(KeyOutputStream.java:325)
	at org.apache.hadoop.ozone.client.io.KeyOutputStream.handleFlushOrClose(KeyOutputStream.java:448)
	at org.apache.hadoop.ozone.client.io.KeyOutputStream.flush(KeyOutputStream.java:396)
	at org.apache.hadoop.ozone.client.io.OzoneOutputStream.flush(OzoneOutputStream.java:54)
	at org.apache.hadoop.ozone.client.rpc.TestBlockOutputStreamWithFailures.testExceptionDuringClose(TestBlockOutputStreamWithFailures.java:720)
	at sun.reflect.NativeMethodAccessorImpl.invoke0(Native Method)
	at sun.reflect.NativeMethodAccessorImpl.invoke(NativeMethodAccessorImpl.java:62)
	at sun.reflect.DelegatingMethodAccessorImpl.invoke(DelegatingMethodAccessorImpl.java:43)
	at java.lang.reflect.Method.invoke(Method.java:498)
	at org.junit.runners.model.FrameworkMethod$1.runReflectiveCall(FrameworkMethod.java:47)
	at org.junit.internal.runners.model.ReflectiveCallable.run(ReflectiveCallable.java:12)
	at org.junit.runners.model.FrameworkMethod.invokeExplosively(FrameworkMethod.java:44)
	at org.junit.internal.runners.statements.InvokeMethod.evaluate(InvokeMethod.java:17)
	at org.junit.internal.runners.statements.RunBefores.evaluate(RunBefores.java:26)
	at org.junit.internal.runners.statements.RunAfters.evaluate(RunAfters.java:27)
	at org.junit.runners.ParentRunner.runLeaf(ParentRunner.java:271)
	at org.junit.runners.BlockJUnit4ClassRunner.runChild(BlockJUnit4ClassRunner.java:70)
	at org.junit.runners.BlockJUnit4ClassRunner.runChild(BlockJUnit4ClassRunner.java:50)
	at org.junit.runners.ParentRunner$3.run(ParentRunner.java:238)
	at org.junit.runners.ParentRunner$1.schedule(ParentRunner.java:63)
	at org.junit.runners.ParentRunner.runChildren(ParentRunner.java:236)
	at org.junit.runners.ParentRunner.access$000(ParentRunner.java:53)
	at org.junit.runners.ParentRunner$2.evaluate(ParentRunner.java:229)
	at org.junit.runners.ParentRunner.run(ParentRunner.java:309)
	at org.apache.maven.surefire.junit4.JUnit4Provider.execute(JUnit4Provider.java:365)
	at org.apache.maven.surefire.junit4.JUnit4Provider.executeWithRerun(JUnit4Provider.java:273)
	at org.apache.maven.surefire.junit4.JUnit4Provider.executeTestSet(JUnit4Provider.java:238)
	at org.apache.maven.surefire.junit4.JUnit4Provider.invoke(JUnit4Provider.java:159)
	at org.apache.maven.surefire.booter.ForkedBooter.invokeProviderInSameClassLoader(ForkedBooter.java:384)
	at org.apache.maven.surefire.booter.ForkedBooter.runSuitesInProcess(ForkedBooter.java:345)
	at org.apache.maven.surefire.booter.ForkedBooter.execute(ForkedBooter.java:126)
	at org.apache.maven.surefire.booter.ForkedBooter.main(ForkedBooter.java:418)
</error>
    <system-out><![CDATA[2019-09-09 07:58:22,228 [main] WARN  server.ServerUtils (ServerUtils.java:getScmDbDir(145)) - ozone.scm.db.dirs is not configured. We recommend adding this setting. Falling back to ozone.metadata.dirs instead.
2019-09-09 07:58:22,254 [main] WARN  server.ServerUtils (ServerUtils.java:getScmDbDir(145)) - ozone.scm.db.dirs is not configured. We recommend adding this setting. Falling back to ozone.metadata.dirs instead.
2019-09-09 07:58:22,254 [main] WARN  server.ServerUtils (ServerUtils.java:getScmDbDir(145)) - ozone.scm.db.dirs is not configured. We recommend adding this setting. Falling back to ozone.metadata.dirs instead.
2019-09-09 07:58:22,255 [main] INFO  db.DBStoreBuilder (DBStoreBuilder.java:addTable(110)) - using custom profile for table: deletedBlocks
2019-09-09 07:58:22,255 [main] INFO  db.DBStoreBuilder (DBStoreBuilder.java:processTables(161)) - Using default column profile:DBProfile.DISK for Table:deletedBlocks
2019-09-09 07:58:22,255 [main] INFO  db.DBStoreBuilder (DBStoreBuilder.java:addTable(110)) - using custom profile for table: validCerts
2019-09-09 07:58:22,255 [main] INFO  db.DBStoreBuilder (DBStoreBuilder.java:processTables(161)) - Using default column profile:DBProfile.DISK for Table:validCerts
2019-09-09 07:58:22,256 [main] INFO  db.DBStoreBuilder (DBStoreBuilder.java:addTable(110)) - using custom profile for table: revokedCerts
2019-09-09 07:58:22,256 [main] INFO  db.DBStoreBuilder (DBStoreBuilder.java:processTables(161)) - Using default column profile:DBProfile.DISK for Table:revokedCerts
2019-09-09 07:58:22,256 [main] INFO  db.DBStoreBuilder (DBStoreBuilder.java:addTable(110)) - using custom profile for table: default
2019-09-09 07:58:22,256 [main] INFO  db.DBStoreBuilder (DBStoreBuilder.java:processTables(167)) - Using default column profile:DBProfile.DISK for Table:default
2019-09-09 07:58:22,256 [main] INFO  db.DBStoreBuilder (DBStoreBuilder.java:getDbProfile(198)) - Using default options. DBProfile.DISK
2019-09-09 07:58:22,544 [main] INFO  net.NodeSchemaLoader (NodeSchemaLoader.java:loadSchemaFromFile(125)) - Loading file from sun.misc.CompoundEnumeration@1377b1a0
2019-09-09 07:58:22,545 [main] INFO  net.NodeSchemaLoader (NodeSchemaLoader.java:loadSchema(171)) - Loading network topology layer schema file
2019-09-09 07:58:22,550 [main] INFO  node.SCMNodeManager (SCMNodeManager.java:<init>(114)) - Entering startup safe mode.
2019-09-09 07:58:22,550 [main] INFO  algorithms.ContainerPlacementPolicyFactory (ContainerPlacementPolicyFactory.java:getPolicy(55)) - Create container placement policy of type org.apache.hadoop.hdds.scm.container.placement.algorithms.SCMContainerPlacementRandom
2019-09-09 07:58:22,551 [main] WARN  server.ServerUtils (ServerUtils.java:getScmDbDir(145)) - ozone.scm.db.dirs is not configured. We recommend adding this setting. Falling back to ozone.metadata.dirs instead.
2019-09-09 07:58:22,633 [main] INFO  pipeline.SCMPipelineManager (SCMPipelineManager.java:initializePipelineState(128)) - No pipeline exists in current db
2019-09-09 07:58:22,633 [main] WARN  server.ServerUtils (ServerUtils.java:getScmDbDir(145)) - ozone.scm.db.dirs is not configured. We recommend adding this setting. Falling back to ozone.metadata.dirs instead.
2019-09-09 07:58:22,750 [main] WARN  events.EventQueue (EventQueue.java:fireEvent(183)) - No event handler registered for event TypedEvent{payloadType=SafeModeStatus, name='SafeModeStatus'}
2019-09-09 07:58:22,751 [main] INFO  ipc.CallQueueManager (CallQueueManager.java:<init>(84)) - Using callQueue: class java.util.concurrent.LinkedBlockingQueue, queueCapacity: 2000, scheduler: class org.apache.hadoop.ipc.DefaultRpcScheduler, ipcBackoff: false.
2019-09-09 07:58:22,752 [Socket Reader #1 for port 40440] INFO  ipc.Server (Server.java:run(1074)) - Starting Socket Reader #1 for port 40440
2019-09-09 07:58:22,755 [main] INFO  ipc.CallQueueManager (CallQueueManager.java:<init>(84)) - Using callQueue: class java.util.concurrent.LinkedBlockingQueue, queueCapacity: 2000, scheduler: class org.apache.hadoop.ipc.DefaultRpcScheduler, ipcBackoff: false.
2019-09-09 07:58:22,756 [Socket Reader #1 for port 33707] INFO  ipc.Server (Server.java:run(1074)) - Starting Socket Reader #1 for port 33707
2019-09-09 07:58:22,760 [main] INFO  ipc.CallQueueManager (CallQueueManager.java:<init>(84)) - Using callQueue: class java.util.concurrent.LinkedBlockingQueue, queueCapacity: 2000, scheduler: class org.apache.hadoop.ipc.DefaultRpcScheduler, ipcBackoff: false.
2019-09-09 07:58:22,761 [Socket Reader #1 for port 33982] INFO  ipc.Server (Server.java:run(1074)) - Starting Socket Reader #1 for port 33982
2019-09-09 07:58:22,764 [main] INFO  hdfs.DFSUtil (DFSUtil.java:httpServerTemplateForNNAndJN(1641)) - Starting Web-server for scm at: http://0.0.0.0:0
2019-09-09 07:58:22,766 [main] INFO  server.AuthenticationFilter (AuthenticationFilter.java:constructSecretProvider(240)) - Unable to initialize FileSignerSecretProvider, falling back to use random secrets.
2019-09-09 07:58:22,767 [main] WARN  http.HttpRequestLog (HttpRequestLog.java:getRequestLog(97)) - Jetty request log can only be enabled using Log4j
2019-09-09 07:58:22,769 [main] INFO  http.HttpServer2 (HttpServer2.java:addGlobalFilter(975)) - Added global filter 'safety' (class=org.apache.hadoop.http.HttpServer2$QuotingInputFilter)
2019-09-09 07:58:22,770 [main] INFO  http.HttpServer2 (HttpServer2.java:addFilter(948)) - Added filter static_user_filter (class=org.apache.hadoop.http.lib.StaticUserWebFilter$StaticUserFilter) to context scm
2019-09-09 07:58:22,770 [main] INFO  http.HttpServer2 (HttpServer2.java:addFilter(958)) - Added filter static_user_filter (class=org.apache.hadoop.http.lib.StaticUserWebFilter$StaticUserFilter) to context logs
2019-09-09 07:58:22,770 [main] INFO  http.HttpServer2 (HttpServer2.java:addFilter(958)) - Added filter static_user_filter (class=org.apache.hadoop.http.lib.StaticUserWebFilter$StaticUserFilter) to context static
2019-09-09 07:58:22,772 [main] INFO  server.StorageContainerManager (StorageContainerManager.java:start(759)) - StorageContainerLocationProtocol RPC server is listening at /0.0.0.0:33982
2019-09-09 07:58:22,774 [main] WARN  impl.MetricsConfig (MetricsConfig.java:loadFirst(134)) - Cannot locate configuration: tried hadoop-metrics2-storagecontainermanager.properties,hadoop-metrics2.properties
2019-09-09 07:58:22,775 [main] INFO  impl.MetricsSystemImpl (MetricsSystemImpl.java:startTimer(374)) - Scheduled Metric snapshot period at 10 second(s).
2019-09-09 07:58:22,775 [main] INFO  impl.MetricsSystemImpl (MetricsSystemImpl.java:start(191)) - StorageContainerManager metrics system started
2019-09-09 07:58:22,871 [main] WARN  impl.MetricsSystemImpl (MetricsSystemImpl.java:register(276)) - Sink prometheus already exists!
2019-09-09 07:58:22,981 [main] INFO  server.SCMClientProtocolServer (SCMClientProtocolServer.java:start(151)) - RPC server for Client  is listening at /0.0.0.0:33982
2019-09-09 07:58:22,982 [IPC Server Responder] INFO  ipc.Server (Server.java:run(1314)) - IPC Server Responder: starting
2019-09-09 07:58:22,982 [IPC Server listener on 33982] INFO  ipc.Server (Server.java:run(1153)) - IPC Server listener on 33982: starting
2019-09-09 07:58:22,986 [main] INFO  server.StorageContainerManager (StorageContainerManager.java:start(769)) - ScmBlockLocationProtocol RPC server is listening at /0.0.0.0:33707
2019-09-09 07:58:22,986 [main] INFO  server.SCMBlockProtocolServer (SCMBlockProtocolServer.java:start(146)) - RPC server for Block Protocol is listening at /0.0.0.0:33707
2019-09-09 07:58:22,987 [IPC Server Responder] INFO  ipc.Server (Server.java:run(1314)) - IPC Server Responder: starting
2019-09-09 07:58:22,987 [IPC Server listener on 33707] INFO  ipc.Server (Server.java:run(1153)) - IPC Server listener on 33707: starting
2019-09-09 07:58:22,992 [main] INFO  server.StorageContainerManager (StorageContainerManager.java:start(773)) - ScmDatanodeProtocl RPC server is listening at /0.0.0.0:40440
2019-09-09 07:58:22,992 [main] INFO  server.SCMDatanodeProtocolServer (SCMDatanodeProtocolServer.java:start(191)) - RPC server for DataNodes is listening at /0.0.0.0:40440
2019-09-09 07:58:22,992 [IPC Server Responder] INFO  ipc.Server (Server.java:run(1314)) - IPC Server Responder: starting
2019-09-09 07:58:22,993 [IPC Server listener on 40440] INFO  ipc.Server (Server.java:run(1153)) - IPC Server listener on 40440: starting
2019-09-09 07:58:22,998 [main] INFO  http.HttpServer2 (HttpServer2.java:bindListener(1191)) - Jetty bound to port 38462
2019-09-09 07:58:22,998 [main] INFO  server.Server (Server.java:doStart(351)) - jetty-9.3.24.v20180605, build timestamp: 2018-06-05T17:11:56Z, git hash: 84205aa28f11a4f31f2a3b86d1bba2cc8ab69827
2019-09-09 07:58:22,999 [main] INFO  handler.ContextHandler (ContextHandler.java:doStart(781)) - Started o.e.j.s.ServletContextHandler@77c23d90{/logs,file:///workdir/hadoop-ozone/integration-test/target/log,AVAILABLE}
2019-09-09 07:58:23,000 [main] INFO  handler.ContextHandler (ContextHandler.java:doStart(781)) - Started o.e.j.s.ServletContextHandler@49631cfb{/static,file:///workdir/hadoop-ozone/integration-test/target/test-classes/webapps/static,AVAILABLE}
2019-09-09 07:58:23,003 [main] INFO  handler.ContextHandler (ContextHandler.java:doStart(781)) - Started o.e.j.w.WebAppContext@1da75dde{/,file:///workdir/hadoop-ozone/integration-test/target/test-classes/webapps/scm/,AVAILABLE}{/scm}
2019-09-09 07:58:23,004 [main] INFO  server.AbstractConnector (AbstractConnector.java:doStart(278)) - Started ServerConnector@5c5f0edc{HTTP/1.1,[http/1.1]}{0.0.0.0:38462}
2019-09-09 07:58:23,008 [main] INFO  server.Server (Server.java:doStart(419)) - Started @637720ms
2019-09-09 07:58:23,008 [main] WARN  impl.MetricsSystemImpl (MetricsSystemImpl.java:register(276)) - Sink prometheus already exists!
2019-09-09 07:58:23,009 [main] INFO  server.BaseHttpServer (BaseHttpServer.java:updateConnectorAddress(215)) - HTTP server of SCM is listening at http://0.0.0.0:38462
2019-09-09 07:58:23,011 [org.apache.hadoop.util.JvmPauseMonitor$Monitor@7e31062c] INFO  util.JvmPauseMonitor (JvmPauseMonitor.java:run(188)) - Starting JVM pause monitor
2019-09-09 07:58:23,012 [main] WARN  server.ServerUtils (ServerUtils.java:getDBPath(222)) - ozone.om.db.dirs is not configured. We recommend adding this setting. Falling back to ozone.metadata.dirs instead.
2019-09-09 07:58:23,040 [main] WARN  server.ServerUtils (ServerUtils.java:getDBPath(222)) - ozone.om.db.dirs is not configured. We recommend adding this setting. Falling back to ozone.metadata.dirs instead.
2019-09-09 07:58:23,041 [main] WARN  server.ServerUtils (ServerUtils.java:getDBPath(222)) - ozone.om.db.dirs is not configured. We recommend adding this setting. Falling back to ozone.metadata.dirs instead.
2019-09-09 07:58:23,041 [main] INFO  om.OzoneManager (OzoneManager.java:setOMNodeDetails(649)) - OM Service ID is not set. Setting it to the default ID: omServiceIdDefault
2019-09-09 07:58:23,041 [main] INFO  om.OzoneManager (OzoneManager.java:setOMNodeDetails(655)) - OM Node ID is not set. Setting it to the OmStorage's OmID: ff45d86e-239b-4d66-baf6-cd711e529f26
2019-09-09 07:58:23,042 [main] INFO  om.OzoneManager (OzoneManager.java:loadOMHAConfigs(606)) - Found matching OM address with OMServiceId: null, OMNodeId: null, RPC Address: localhost:0 and Ratis port: 9872
2019-09-09 07:58:23,051 [main] WARN  server.ServerUtils (ServerUtils.java:getDBPath(222)) - ozone.om.db.dirs is not configured. We recommend adding this setting. Falling back to ozone.metadata.dirs instead.
2019-09-09 07:58:23,051 [main] INFO  db.DBStoreBuilder (DBStoreBuilder.java:addTable(110)) - using custom profile for table: userTable
2019-09-09 07:58:23,051 [main] INFO  db.DBStoreBuilder (DBStoreBuilder.java:processTables(161)) - Using default column profile:DBProfile.DISK for Table:userTable
2019-09-09 07:58:23,052 [main] INFO  db.DBStoreBuilder (DBStoreBuilder.java:addTable(110)) - using custom profile for table: volumeTable
2019-09-09 07:58:23,052 [main] INFO  db.DBStoreBuilder (DBStoreBuilder.java:processTables(161)) - Using default column profile:DBProfile.DISK for Table:volumeTable
2019-09-09 07:58:23,052 [main] INFO  db.DBStoreBuilder (DBStoreBuilder.java:addTable(110)) - using custom profile for table: bucketTable
2019-09-09 07:58:23,052 [main] INFO  db.DBStoreBuilder (DBStoreBuilder.java:processTables(161)) - Using default column profile:DBProfile.DISK for Table:bucketTable
2019-09-09 07:58:23,053 [main] INFO  db.DBStoreBuilder (DBStoreBuilder.java:addTable(110)) - using custom profile for table: keyTable
2019-09-09 07:58:23,053 [main] INFO  db.DBStoreBuilder (DBStoreBuilder.java:processTables(161)) - Using default column profile:DBProfile.DISK for Table:keyTable
2019-09-09 07:58:23,053 [main] INFO  db.DBStoreBuilder (DBStoreBuilder.java:addTable(110)) - using custom profile for table: deletedTable
2019-09-09 07:58:23,053 [main] INFO  db.DBStoreBuilder (DBStoreBuilder.java:processTables(161)) - Using default column profile:DBProfile.DISK for Table:deletedTable
2019-09-09 07:58:23,053 [main] INFO  db.DBStoreBuilder (DBStoreBuilder.java:addTable(110)) - using custom profile for table: openKeyTable
2019-09-09 07:58:23,053 [main] INFO  db.DBStoreBuilder (DBStoreBuilder.java:processTables(161)) - Using default column profile:DBProfile.DISK for Table:openKeyTable
2019-09-09 07:58:23,054 [main] INFO  db.DBStoreBuilder (DBStoreBuilder.java:addTable(110)) - using custom profile for table: s3Table
2019-09-09 07:58:23,054 [main] INFO  db.DBStoreBuilder (DBStoreBuilder.java:processTables(161)) - Using default column profile:DBProfile.DISK for Table:s3Table
2019-09-09 07:58:23,054 [main] INFO  db.DBStoreBuilder (DBStoreBuilder.java:addTable(110)) - using custom profile for table: multipartInfoTable
2019-09-09 07:58:23,054 [main] INFO  db.DBStoreBuilder (DBStoreBuilder.java:processTables(161)) - Using default column profile:DBProfile.DISK for Table:multipartInfoTable
2019-09-09 07:58:23,054 [main] INFO  db.DBStoreBuilder (DBStoreBuilder.java:addTable(110)) - using custom profile for table: dTokenTable
2019-09-09 07:58:23,055 [main] INFO  db.DBStoreBuilder (DBStoreBuilder.java:processTables(161)) - Using default column profile:DBProfile.DISK for Table:dTokenTable
2019-09-09 07:58:23,055 [main] INFO  db.DBStoreBuilder (DBStoreBuilder.java:addTable(110)) - using custom profile for table: s3SecretTable
2019-09-09 07:58:23,055 [main] INFO  db.DBStoreBuilder (DBStoreBuilder.java:processTables(161)) - Using default column profile:DBProfile.DISK for Table:s3SecretTable
2019-09-09 07:58:23,055 [main] INFO  db.DBStoreBuilder (DBStoreBuilder.java:addTable(110)) - using custom profile for table: prefixTable
2019-09-09 07:58:23,055 [main] INFO  db.DBStoreBuilder (DBStoreBuilder.java:processTables(161)) - Using default column profile:DBProfile.DISK for Table:prefixTable
2019-09-09 07:58:23,056 [main] INFO  db.DBStoreBuilder (DBStoreBuilder.java:addTable(110)) - using custom profile for table: default
2019-09-09 07:58:23,056 [main] INFO  db.DBStoreBuilder (DBStoreBuilder.java:processTables(167)) - Using default column profile:DBProfile.DISK for Table:default
2019-09-09 07:58:23,056 [main] INFO  db.DBStoreBuilder (DBStoreBuilder.java:getDbProfile(198)) - Using default options. DBProfile.DISK
2019-09-09 07:58:23,620 [main] INFO  ipc.CallQueueManager (CallQueueManager.java:<init>(84)) - Using callQueue: class java.util.concurrent.LinkedBlockingQueue, queueCapacity: 2000, scheduler: class org.apache.hadoop.ipc.DefaultRpcScheduler, ipcBackoff: false.
2019-09-09 07:58:23,621 [Socket Reader #1 for port 37188] INFO  ipc.Server (Server.java:run(1074)) - Starting Socket Reader #1 for port 37188
2019-09-09 07:58:23,633 [main] INFO  om.OzoneManager (OzoneManager.java:start(1240)) - OzoneManager RPC server is listening at localhost/127.0.0.1:37188
2019-09-09 07:58:23,634 [main] INFO  impl.MetricsSystemImpl (MetricsSystemImpl.java:init(158)) - OzoneManager metrics system started (again)
2019-09-09 07:58:23,634 [IPC Server Responder] INFO  ipc.Server (Server.java:run(1314)) - IPC Server Responder: starting
2019-09-09 07:58:23,634 [IPC Server listener on 37188] INFO  ipc.Server (Server.java:run(1153)) - IPC Server listener on 37188: starting
2019-09-09 07:58:23,641 [main] INFO  hdfs.DFSUtil (DFSUtil.java:httpServerTemplateForNNAndJN(1641)) - Starting Web-server for ozoneManager at: http://0.0.0.0:0
2019-09-09 07:58:23,643 [main] INFO  server.AuthenticationFilter (AuthenticationFilter.java:constructSecretProvider(240)) - Unable to initialize FileSignerSecretProvider, falling back to use random secrets.
2019-09-09 07:58:23,643 [main] WARN  http.HttpRequestLog (HttpRequestLog.java:getRequestLog(97)) - Jetty request log can only be enabled using Log4j
2019-09-09 07:58:23,645 [main] INFO  http.HttpServer2 (HttpServer2.java:addGlobalFilter(975)) - Added global filter 'safety' (class=org.apache.hadoop.http.HttpServer2$QuotingInputFilter)
2019-09-09 07:58:23,645 [main] INFO  http.HttpServer2 (HttpServer2.java:addFilter(948)) - Added filter static_user_filter (class=org.apache.hadoop.http.lib.StaticUserWebFilter$StaticUserFilter) to context ozoneManager
2019-09-09 07:58:23,645 [main] INFO  http.HttpServer2 (HttpServer2.java:addFilter(958)) - Added filter static_user_filter (class=org.apache.hadoop.http.lib.StaticUserWebFilter$StaticUserFilter) to context static
2019-09-09 07:58:23,645 [main] INFO  http.HttpServer2 (HttpServer2.java:addFilter(958)) - Added filter static_user_filter (class=org.apache.hadoop.http.lib.StaticUserWebFilter$StaticUserFilter) to context logs
2019-09-09 07:58:23,646 [main] INFO  http.HttpServer2 (HttpServer2.java:bindListener(1191)) - Jetty bound to port 45466
2019-09-09 07:58:23,646 [main] INFO  server.Server (Server.java:doStart(351)) - jetty-9.3.24.v20180605, build timestamp: 2018-06-05T17:11:56Z, git hash: 84205aa28f11a4f31f2a3b86d1bba2cc8ab69827
2019-09-09 07:58:23,647 [main] INFO  handler.ContextHandler (ContextHandler.java:doStart(781)) - Started o.e.j.s.ServletContextHandler@6f986501{/logs,file:///workdir/hadoop-ozone/integration-test/target/log,AVAILABLE}
2019-09-09 07:58:23,648 [main] INFO  handler.ContextHandler (ContextHandler.java:doStart(781)) - Started o.e.j.s.ServletContextHandler@22ca1242{/static,file:///workdir/hadoop-ozone/integration-test/target/test-classes/webapps/static,AVAILABLE}
2019-09-09 07:58:23,651 [main] INFO  handler.ContextHandler (ContextHandler.java:doStart(781)) - Started o.e.j.w.WebAppContext@43c0c13a{/,file:///workdir/hadoop-ozone/integration-test/target/test-classes/webapps/ozoneManager/,AVAILABLE}{/ozoneManager}
2019-09-09 07:58:23,651 [main] INFO  server.AbstractConnector (AbstractConnector.java:doStart(278)) - Started ServerConnector@731db93f{HTTP/1.1,[http/1.1]}{0.0.0.0:45466}
2019-09-09 07:58:23,652 [main] INFO  server.Server (Server.java:doStart(419)) - Started @638364ms
2019-09-09 07:58:23,653 [main] WARN  impl.MetricsSystemImpl (MetricsSystemImpl.java:register(276)) - Sink prometheus already exists!
2019-09-09 07:58:23,653 [main] INFO  server.BaseHttpServer (BaseHttpServer.java:updateConnectorAddress(215)) - HTTP server of OZONEMANAGER is listening at http://0.0.0.0:45466
2019-09-09 07:58:23,941 [main] INFO  impl.MetricsSystemImpl (MetricsSystemImpl.java:init(158)) - HddsDatanode metrics system started (again)
2019-09-09 07:58:23,945 [main] INFO  ozone.HddsDatanodeService (HddsDatanodeService.java:start(184)) - HddsDatanodeService host:pr-hdds-2007-qlx9r-406833628 ip:192.168.69.102
2019-09-09 07:58:23,951 [main] INFO  volume.HddsVolume (HddsVolume.java:<init>(176)) - Creating Volume: /workdir/hadoop-ozone/integration-test/target/test-dir/MiniOzoneClusterImpl-e70ec129-6ead-427c-a372-e351fbe58a4c/datanode-0/data/containers/hdds of  storage type : DISK and capacity : 1482555576320
2019-09-09 07:58:23,951 [main] INFO  volume.VolumeSet (VolumeSet.java:initializeVolumeSet(170)) - Added Volume : /workdir/hadoop-ozone/integration-test/target/test-dir/MiniOzoneClusterImpl-e70ec129-6ead-427c-a372-e351fbe58a4c/datanode-0/data/containers/hdds to VolumeSet
2019-09-09 07:58:23,951 [main] INFO  volume.ThrottledAsyncChecker (ThrottledAsyncChecker.java:schedule(140)) - Scheduling a check for org.apache.hadoop.ozone.container.common.volume.HddsVolume@374b6e33
2019-09-09 07:58:23,952 [main] INFO  volume.HddsVolumeChecker (HddsVolumeChecker.java:checkAllVolumes(203)) - Scheduled health check for volume org.apache.hadoop.ozone.container.common.volume.HddsVolume@374b6e33
2019-09-09 07:58:23,969 [main] INFO  impl.RaftServerProxy (ConfUtils.java:logGet(43)) - raft.rpc.type = GRPC (default)
2019-09-09 07:58:23,969 [main] INFO  grpc.GrpcFactory (GrpcFactory.java:checkPooledByteBufAllocatorUseCacheForAllThreads(45)) - PERFORMANCE WARNING: useCacheForAllThreads is true that may cause Netty to create a lot garbage objects and, as a result, trigger GC.
	It is recommended to disable useCacheForAllThreads by setting -Dorg.apache.ratis.thirdparty.io.netty.allocator.useCacheForAllThreads=false in command line.
2019-09-09 07:58:23,969 [main] INFO  grpc.GrpcConfigKeys$Server (ConfUtils.java:logGet(43)) - raft.grpc.server.port = 0 (default)
2019-09-09 07:58:23,969 [main] INFO  server.GrpcService (ConfUtils.java:logGet(43)) - raft.grpc.message.size.max = 33570816 (custom)
2019-09-09 07:58:23,970 [main] INFO  server.RaftServerConfigKeys (ConfUtils.java:logGet(43)) - raft.server.log.appender.buffer.byte-limit = 33554432 (custom)
2019-09-09 07:58:23,970 [main] INFO  server.GrpcService (ConfUtils.java:logGet(43)) - raft.grpc.flow.control.window = 1MB (=1048576) (default)
2019-09-09 07:58:23,970 [main] INFO  server.RaftServerConfigKeys (ConfUtils.java:logGet(43)) - raft.server.rpc.request.timeout = 3000ms (default)
2019-09-09 07:58:23,971 [main] INFO  server.RaftServerConfigKeys (ConfUtils.java:logGet(43)) - raft.server.storage.dir = [/workdir/hadoop-ozone/integration-test/target/test-dir/MiniOzoneClusterImpl-e70ec129-6ead-427c-a372-e351fbe58a4c/datanode-0/data/ratis] (custom)
2019-09-09 07:58:23,972 [main] INFO  hdfs.DFSUtil (DFSUtil.java:httpServerTemplateForNNAndJN(1641)) - Starting Web-server for hddsDatanode at: http://0.0.0.0:0
2019-09-09 07:58:23,974 [main] INFO  server.AuthenticationFilter (AuthenticationFilter.java:constructSecretProvider(240)) - Unable to initialize FileSignerSecretProvider, falling back to use random secrets.
2019-09-09 07:58:23,974 [main] WARN  http.HttpRequestLog (HttpRequestLog.java:getRequestLog(97)) - Jetty request log can only be enabled using Log4j
2019-09-09 07:58:23,976 [main] INFO  http.HttpServer2 (HttpServer2.java:addGlobalFilter(975)) - Added global filter 'safety' (class=org.apache.hadoop.http.HttpServer2$QuotingInputFilter)
2019-09-09 07:58:23,976 [main] INFO  http.HttpServer2 (HttpServer2.java:addFilter(948)) - Added filter static_user_filter (class=org.apache.hadoop.http.lib.StaticUserWebFilter$StaticUserFilter) to context hddsDatanode
2019-09-09 07:58:23,976 [main] INFO  http.HttpServer2 (HttpServer2.java:addFilter(958)) - Added filter static_user_filter (class=org.apache.hadoop.http.lib.StaticUserWebFilter$StaticUserFilter) to context logs
2019-09-09 07:58:23,976 [main] INFO  http.HttpServer2 (HttpServer2.java:addFilter(958)) - Added filter static_user_filter (class=org.apache.hadoop.http.lib.StaticUserWebFilter$StaticUserFilter) to context static
2019-09-09 07:58:23,977 [main] INFO  http.HttpServer2 (HttpServer2.java:bindListener(1191)) - Jetty bound to port 35025
2019-09-09 07:58:23,977 [main] INFO  server.Server (Server.java:doStart(351)) - jetty-9.3.24.v20180605, build timestamp: 2018-06-05T17:11:56Z, git hash: 84205aa28f11a4f31f2a3b86d1bba2cc8ab69827
2019-09-09 07:58:23,978 [main] INFO  handler.ContextHandler (ContextHandler.java:doStart(781)) - Started o.e.j.s.ServletContextHandler@266da047{/logs,file:///workdir/hadoop-ozone/integration-test/target/log,AVAILABLE}
2019-09-09 07:58:23,979 [main] INFO  handler.ContextHandler (ContextHandler.java:doStart(781)) - Started o.e.j.s.ServletContextHandler@d84418a{/static,jar:file:/home/user/.m2/repository/org/apache/hadoop/hadoop-hdds-container-service/0.5.0-SNAPSHOT/hadoop-hdds-container-service-0.5.0-SNAPSHOT.jar!/webapps/static,AVAILABLE}
2019-09-09 07:58:24,006 [main] INFO  handler.ContextHandler (ContextHandler.java:doStart(781)) - Started o.e.j.w.WebAppContext@7ab33ca8{/,file:///tmp/jetty-0.0.0.0-35025-hddsDatanode-_-any-1694905178126029459.dir/webapp/,AVAILABLE}{/hddsDatanode}
2019-09-09 07:58:24,007 [main] INFO  server.AbstractConnector (AbstractConnector.java:doStart(278)) - Started ServerConnector@704d3b00{HTTP/1.1,[http/1.1]}{0.0.0.0:35025}
2019-09-09 07:58:24,008 [main] INFO  server.Server (Server.java:doStart(419)) - Started @638720ms
2019-09-09 07:58:24,008 [main] WARN  impl.MetricsSystemImpl (MetricsSystemImpl.java:register(276)) - Sink prometheus already exists!
2019-09-09 07:58:24,009 [main] INFO  server.BaseHttpServer (BaseHttpServer.java:updateConnectorAddress(215)) - HTTP server of HDDSDATANODE is listening at http://0.0.0.0:35025
2019-09-09 07:58:24,009 [main] INFO  impl.MetricsSystemImpl (MetricsSystemImpl.java:init(158)) - HddsDatanode metrics system started (again)
2019-09-09 07:58:24,013 [org.apache.hadoop.util.JvmPauseMonitor$Monitor@1318d897] INFO  util.JvmPauseMonitor (JvmPauseMonitor.java:run(188)) - Starting JVM pause monitor
2019-09-09 07:58:24,014 [main] INFO  ozone.HddsDatanodeService (HddsDatanodeService.java:start(184)) - HddsDatanodeService host:pr-hdds-2007-qlx9r-406833628 ip:192.168.69.102
2019-09-09 07:58:24,015 [Datanode State Machine Thread - 0] INFO  datanode.InitDatanodeState (InitDatanodeState.java:persistContainerDatanodeDetails(140)) - DatanodeDetails is persisted to /workdir/hadoop-ozone/integration-test/target/test-dir/MiniOzoneClusterImpl-e70ec129-6ead-427c-a372-e351fbe58a4c/datanode-0/meta/datanode.id
2019-09-09 07:58:24,019 [main] INFO  volume.HddsVolume (HddsVolume.java:<init>(176)) - Creating Volume: /workdir/hadoop-ozone/integration-test/target/test-dir/MiniOzoneClusterImpl-e70ec129-6ead-427c-a372-e351fbe58a4c/datanode-1/data/containers/hdds of  storage type : DISK and capacity : 1482555576320
2019-09-09 07:58:24,020 [main] INFO  volume.VolumeSet (VolumeSet.java:initializeVolumeSet(170)) - Added Volume : /workdir/hadoop-ozone/integration-test/target/test-dir/MiniOzoneClusterImpl-e70ec129-6ead-427c-a372-e351fbe58a4c/datanode-1/data/containers/hdds to VolumeSet
2019-09-09 07:58:24,020 [main] INFO  volume.ThrottledAsyncChecker (ThrottledAsyncChecker.java:schedule(140)) - Scheduling a check for org.apache.hadoop.ozone.container.common.volume.HddsVolume@1a345298
2019-09-09 07:58:24,020 [main] INFO  volume.HddsVolumeChecker (HddsVolumeChecker.java:checkAllVolumes(203)) - Scheduled health check for volume org.apache.hadoop.ozone.container.common.volume.HddsVolume@1a345298
2019-09-09 07:58:24,043 [main] INFO  impl.RaftServerProxy (ConfUtils.java:logGet(43)) - raft.rpc.type = GRPC (default)
2019-09-09 07:58:24,043 [main] INFO  grpc.GrpcFactory (GrpcFactory.java:checkPooledByteBufAllocatorUseCacheForAllThreads(45)) - PERFORMANCE WARNING: useCacheForAllThreads is true that may cause Netty to create a lot garbage objects and, as a result, trigger GC.
	It is recommended to disable useCacheForAllThreads by setting -Dorg.apache.ratis.thirdparty.io.netty.allocator.useCacheForAllThreads=false in command line.
2019-09-09 07:58:24,043 [main] INFO  grpc.GrpcConfigKeys$Server (ConfUtils.java:logGet(43)) - raft.grpc.server.port = 0 (default)
2019-09-09 07:58:24,043 [main] INFO  server.GrpcService (ConfUtils.java:logGet(43)) - raft.grpc.message.size.max = 33570816 (custom)
2019-09-09 07:58:24,043 [main] INFO  server.RaftServerConfigKeys (ConfUtils.java:logGet(43)) - raft.server.log.appender.buffer.byte-limit = 33554432 (custom)
2019-09-09 07:58:24,044 [main] INFO  server.GrpcService (ConfUtils.java:logGet(43)) - raft.grpc.flow.control.window = 1MB (=1048576) (default)
2019-09-09 07:58:24,044 [main] INFO  server.RaftServerConfigKeys (ConfUtils.java:logGet(43)) - raft.server.rpc.request.timeout = 3000ms (default)
2019-09-09 07:58:24,044 [main] INFO  server.RaftServerConfigKeys (ConfUtils.java:logGet(43)) - raft.server.storage.dir = [/workdir/hadoop-ozone/integration-test/target/test-dir/MiniOzoneClusterImpl-e70ec129-6ead-427c-a372-e351fbe58a4c/datanode-1/data/ratis] (custom)
2019-09-09 07:58:24,045 [main] INFO  hdfs.DFSUtil (DFSUtil.java:httpServerTemplateForNNAndJN(1641)) - Starting Web-server for hddsDatanode at: http://0.0.0.0:0
2019-09-09 07:58:24,046 [main] INFO  server.AuthenticationFilter (AuthenticationFilter.java:constructSecretProvider(240)) - Unable to initialize FileSignerSecretProvider, falling back to use random secrets.
2019-09-09 07:58:24,047 [main] WARN  http.HttpRequestLog (HttpRequestLog.java:getRequestLog(97)) - Jetty request log can only be enabled using Log4j
2019-09-09 07:58:24,048 [main] INFO  http.HttpServer2 (HttpServer2.java:addGlobalFilter(975)) - Added global filter 'safety' (class=org.apache.hadoop.http.HttpServer2$QuotingInputFilter)
2019-09-09 07:58:24,048 [main] INFO  http.HttpServer2 (HttpServer2.java:addFilter(948)) - Added filter static_user_filter (class=org.apache.hadoop.http.lib.StaticUserWebFilter$StaticUserFilter) to context hddsDatanode
2019-09-09 07:58:24,048 [main] INFO  http.HttpServer2 (HttpServer2.java:addFilter(958)) - Added filter static_user_filter (class=org.apache.hadoop.http.lib.StaticUserWebFilter$StaticUserFilter) to context static
2019-09-09 07:58:24,048 [main] INFO  http.HttpServer2 (HttpServer2.java:addFilter(958)) - Added filter static_user_filter (class=org.apache.hadoop.http.lib.StaticUserWebFilter$StaticUserFilter) to context logs
2019-09-09 07:58:24,049 [main] INFO  http.HttpServer2 (HttpServer2.java:bindListener(1191)) - Jetty bound to port 33389
2019-09-09 07:58:24,049 [main] INFO  server.Server (Server.java:doStart(351)) - jetty-9.3.24.v20180605, build timestamp: 2018-06-05T17:11:56Z, git hash: 84205aa28f11a4f31f2a3b86d1bba2cc8ab69827
2019-09-09 07:58:24,050 [main] INFO  handler.ContextHandler (ContextHandler.java:doStart(781)) - Started o.e.j.s.ServletContextHandler@1a4083f6{/logs,file:///workdir/hadoop-ozone/integration-test/target/log,AVAILABLE}
2019-09-09 07:58:24,051 [main] INFO  handler.ContextHandler (ContextHandler.java:doStart(781)) - Started o.e.j.s.ServletContextHandler@44abdb1f{/static,jar:file:/home/user/.m2/repository/org/apache/hadoop/hadoop-hdds-container-service/0.5.0-SNAPSHOT/hadoop-hdds-container-service-0.5.0-SNAPSHOT.jar!/webapps/static,AVAILABLE}
2019-09-09 07:58:24,076 [main] INFO  handler.ContextHandler (ContextHandler.java:doStart(781)) - Started o.e.j.w.WebAppContext@56b9d43f{/,file:///tmp/jetty-0.0.0.0-33389-hddsDatanode-_-any-4477560645408011411.dir/webapp/,AVAILABLE}{/hddsDatanode}
2019-09-09 07:58:24,076 [main] INFO  server.AbstractConnector (AbstractConnector.java:doStart(278)) - Started ServerConnector@2d913116{HTTP/1.1,[http/1.1]}{0.0.0.0:33389}
2019-09-09 07:58:24,078 [main] INFO  server.Server (Server.java:doStart(419)) - Started @638789ms
2019-09-09 07:58:24,078 [main] WARN  impl.MetricsSystemImpl (MetricsSystemImpl.java:register(276)) - Sink prometheus already exists!
2019-09-09 07:58:24,079 [main] INFO  server.BaseHttpServer (BaseHttpServer.java:updateConnectorAddress(215)) - HTTP server of HDDSDATANODE is listening at http://0.0.0.0:33389
2019-09-09 07:58:24,079 [main] INFO  impl.MetricsSystemImpl (MetricsSystemImpl.java:init(158)) - HddsDatanode metrics system started (again)
2019-09-09 07:58:24,083 [org.apache.hadoop.util.JvmPauseMonitor$Monitor@3133d52e] INFO  util.JvmPauseMonitor (JvmPauseMonitor.java:run(188)) - Starting JVM pause monitor
2019-09-09 07:58:24,083 [main] INFO  ozone.HddsDatanodeService (HddsDatanodeService.java:start(184)) - HddsDatanodeService host:pr-hdds-2007-qlx9r-406833628 ip:192.168.69.102
2019-09-09 07:58:24,084 [Datanode State Machine Thread - 0] INFO  datanode.InitDatanodeState (InitDatanodeState.java:persistContainerDatanodeDetails(140)) - DatanodeDetails is persisted to /workdir/hadoop-ozone/integration-test/target/test-dir/MiniOzoneClusterImpl-e70ec129-6ead-427c-a372-e351fbe58a4c/datanode-1/meta/datanode.id
2019-09-09 07:58:24,092 [main] INFO  volume.HddsVolume (HddsVolume.java:<init>(176)) - Creating Volume: /workdir/hadoop-ozone/integration-test/target/test-dir/MiniOzoneClusterImpl-e70ec129-6ead-427c-a372-e351fbe58a4c/datanode-2/data/containers/hdds of  storage type : DISK and capacity : 1482555576320
2019-09-09 07:58:24,096 [main] INFO  volume.VolumeSet (VolumeSet.java:initializeVolumeSet(170)) - Added Volume : /workdir/hadoop-ozone/integration-test/target/test-dir/MiniOzoneClusterImpl-e70ec129-6ead-427c-a372-e351fbe58a4c/datanode-2/data/containers/hdds to VolumeSet
2019-09-09 07:58:24,097 [main] INFO  volume.ThrottledAsyncChecker (ThrottledAsyncChecker.java:schedule(140)) - Scheduling a check for org.apache.hadoop.ozone.container.common.volume.HddsVolume@714f1a44
2019-09-09 07:58:24,097 [main] INFO  volume.HddsVolumeChecker (HddsVolumeChecker.java:checkAllVolumes(203)) - Scheduled health check for volume org.apache.hadoop.ozone.container.common.volume.HddsVolume@714f1a44
2019-09-09 07:58:24,110 [main] INFO  impl.RaftServerProxy (ConfUtils.java:logGet(43)) - raft.rpc.type = GRPC (default)
2019-09-09 07:58:24,110 [main] INFO  grpc.GrpcFactory (GrpcFactory.java:checkPooledByteBufAllocatorUseCacheForAllThreads(45)) - PERFORMANCE WARNING: useCacheForAllThreads is true that may cause Netty to create a lot garbage objects and, as a result, trigger GC.
	It is recommended to disable useCacheForAllThreads by setting -Dorg.apache.ratis.thirdparty.io.netty.allocator.useCacheForAllThreads=false in command line.
2019-09-09 07:58:24,110 [main] INFO  grpc.GrpcConfigKeys$Server (ConfUtils.java:logGet(43)) - raft.grpc.server.port = 0 (default)
2019-09-09 07:58:24,110 [main] INFO  server.GrpcService (ConfUtils.java:logGet(43)) - raft.grpc.message.size.max = 33570816 (custom)
2019-09-09 07:58:24,110 [main] INFO  server.RaftServerConfigKeys (ConfUtils.java:logGet(43)) - raft.server.log.appender.buffer.byte-limit = 33554432 (custom)
2019-09-09 07:58:24,111 [main] INFO  server.GrpcService (ConfUtils.java:logGet(43)) - raft.grpc.flow.control.window = 1MB (=1048576) (default)
2019-09-09 07:58:24,111 [main] INFO  server.RaftServerConfigKeys (ConfUtils.java:logGet(43)) - raft.server.rpc.request.timeout = 3000ms (default)
2019-09-09 07:58:24,111 [main] INFO  server.RaftServerConfigKeys (ConfUtils.java:logGet(43)) - raft.server.storage.dir = [/workdir/hadoop-ozone/integration-test/target/test-dir/MiniOzoneClusterImpl-e70ec129-6ead-427c-a372-e351fbe58a4c/datanode-2/data/ratis] (custom)
2019-09-09 07:58:24,112 [main] INFO  hdfs.DFSUtil (DFSUtil.java:httpServerTemplateForNNAndJN(1641)) - Starting Web-server for hddsDatanode at: http://0.0.0.0:0
2019-09-09 07:58:24,114 [main] INFO  server.AuthenticationFilter (AuthenticationFilter.java:constructSecretProvider(240)) - Unable to initialize FileSignerSecretProvider, falling back to use random secrets.
2019-09-09 07:58:24,114 [main] WARN  http.HttpRequestLog (HttpRequestLog.java:getRequestLog(97)) - Jetty request log can only be enabled using Log4j
2019-09-09 07:58:24,115 [main] INFO  http.HttpServer2 (HttpServer2.java:addGlobalFilter(975)) - Added global filter 'safety' (class=org.apache.hadoop.http.HttpServer2$QuotingInputFilter)
2019-09-09 07:58:24,115 [main] INFO  http.HttpServer2 (HttpServer2.java:addFilter(948)) - Added filter static_user_filter (class=org.apache.hadoop.http.lib.StaticUserWebFilter$StaticUserFilter) to context hddsDatanode
2019-09-09 07:58:24,115 [main] INFO  http.HttpServer2 (HttpServer2.java:addFilter(958)) - Added filter static_user_filter (class=org.apache.hadoop.http.lib.StaticUserWebFilter$StaticUserFilter) to context static
2019-09-09 07:58:24,115 [main] INFO  http.HttpServer2 (HttpServer2.java:addFilter(958)) - Added filter static_user_filter (class=org.apache.hadoop.http.lib.StaticUserWebFilter$StaticUserFilter) to context logs
2019-09-09 07:58:24,116 [main] INFO  http.HttpServer2 (HttpServer2.java:bindListener(1191)) - Jetty bound to port 38894
2019-09-09 07:58:24,116 [main] INFO  server.Server (Server.java:doStart(351)) - jetty-9.3.24.v20180605, build timestamp: 2018-06-05T17:11:56Z, git hash: 84205aa28f11a4f31f2a3b86d1bba2cc8ab69827
2019-09-09 07:58:24,117 [main] INFO  handler.ContextHandler (ContextHandler.java:doStart(781)) - Started o.e.j.s.ServletContextHandler@8bc0696{/logs,file:///workdir/hadoop-ozone/integration-test/target/log,AVAILABLE}
2019-09-09 07:58:24,118 [main] INFO  handler.ContextHandler (ContextHandler.java:doStart(781)) - Started o.e.j.s.ServletContextHandler@270f28cf{/static,jar:file:/home/user/.m2/repository/org/apache/hadoop/hadoop-hdds-container-service/0.5.0-SNAPSHOT/hadoop-hdds-container-service-0.5.0-SNAPSHOT.jar!/webapps/static,AVAILABLE}
2019-09-09 07:58:24,144 [main] INFO  handler.ContextHandler (ContextHandler.java:doStart(781)) - Started o.e.j.w.WebAppContext@15f2a43f{/,file:///tmp/jetty-0.0.0.0-38894-hddsDatanode-_-any-2598098154304303358.dir/webapp/,AVAILABLE}{/hddsDatanode}
2019-09-09 07:58:24,145 [main] INFO  server.AbstractConnector (AbstractConnector.java:doStart(278)) - Started ServerConnector@4c65d8e3{HTTP/1.1,[http/1.1]}{0.0.0.0:38894}
2019-09-09 07:58:24,147 [main] INFO  server.Server (Server.java:doStart(419)) - Started @638858ms
2019-09-09 07:58:24,147 [main] WARN  impl.MetricsSystemImpl (MetricsSystemImpl.java:register(276)) - Sink prometheus already exists!
2019-09-09 07:58:24,148 [main] INFO  server.BaseHttpServer (BaseHttpServer.java:updateConnectorAddress(215)) - HTTP server of HDDSDATANODE is listening at http://0.0.0.0:38894
2019-09-09 07:58:24,148 [main] INFO  impl.MetricsSystemImpl (MetricsSystemImpl.java:init(158)) - HddsDatanode metrics system started (again)
2019-09-09 07:58:24,153 [org.apache.hadoop.util.JvmPauseMonitor$Monitor@28cabaf5] INFO  util.JvmPauseMonitor (JvmPauseMonitor.java:run(188)) - Starting JVM pause monitor
2019-09-09 07:58:24,153 [main] INFO  ozone.HddsDatanodeService (HddsDatanodeService.java:start(184)) - HddsDatanodeService host:pr-hdds-2007-qlx9r-406833628 ip:192.168.69.102
2019-09-09 07:58:24,154 [Datanode State Machine Thread - 0] INFO  datanode.InitDatanodeState (InitDatanodeState.java:persistContainerDatanodeDetails(140)) - DatanodeDetails is persisted to /workdir/hadoop-ozone/integration-test/target/test-dir/MiniOzoneClusterImpl-e70ec129-6ead-427c-a372-e351fbe58a4c/datanode-2/meta/datanode.id
2019-09-09 07:58:24,161 [main] INFO  volume.HddsVolume (HddsVolume.java:<init>(176)) - Creating Volume: /workdir/hadoop-ozone/integration-test/target/test-dir/MiniOzoneClusterImpl-e70ec129-6ead-427c-a372-e351fbe58a4c/datanode-3/data/containers/hdds of  storage type : DISK and capacity : 1482555576320
2019-09-09 07:58:24,161 [main] INFO  volume.VolumeSet (VolumeSet.java:initializeVolumeSet(170)) - Added Volume : /workdir/hadoop-ozone/integration-test/target/test-dir/MiniOzoneClusterImpl-e70ec129-6ead-427c-a372-e351fbe58a4c/datanode-3/data/containers/hdds to VolumeSet
2019-09-09 07:58:24,162 [main] INFO  volume.ThrottledAsyncChecker (ThrottledAsyncChecker.java:schedule(140)) - Scheduling a check for org.apache.hadoop.ozone.container.common.volume.HddsVolume@25cde5bb
2019-09-09 07:58:24,162 [main] INFO  volume.HddsVolumeChecker (HddsVolumeChecker.java:checkAllVolumes(203)) - Scheduled health check for volume org.apache.hadoop.ozone.container.common.volume.HddsVolume@25cde5bb
2019-09-09 07:58:24,178 [main] INFO  impl.RaftServerProxy (ConfUtils.java:logGet(43)) - raft.rpc.type = GRPC (default)
2019-09-09 07:58:24,179 [main] INFO  grpc.GrpcFactory (GrpcFactory.java:checkPooledByteBufAllocatorUseCacheForAllThreads(45)) - PERFORMANCE WARNING: useCacheForAllThreads is true that may cause Netty to create a lot garbage objects and, as a result, trigger GC.
	It is recommended to disable useCacheForAllThreads by setting -Dorg.apache.ratis.thirdparty.io.netty.allocator.useCacheForAllThreads=false in command line.
2019-09-09 07:58:24,179 [main] INFO  grpc.GrpcConfigKeys$Server (ConfUtils.java:logGet(43)) - raft.grpc.server.port = 0 (default)
2019-09-09 07:58:24,179 [main] INFO  server.GrpcService (ConfUtils.java:logGet(43)) - raft.grpc.message.size.max = 33570816 (custom)
2019-09-09 07:58:24,179 [main] INFO  server.RaftServerConfigKeys (ConfUtils.java:logGet(43)) - raft.server.log.appender.buffer.byte-limit = 33554432 (custom)
2019-09-09 07:58:24,180 [main] INFO  server.GrpcService (ConfUtils.java:logGet(43)) - raft.grpc.flow.control.window = 1MB (=1048576) (default)
2019-09-09 07:58:24,180 [main] INFO  server.RaftServerConfigKeys (ConfUtils.java:logGet(43)) - raft.server.rpc.request.timeout = 3000ms (default)
2019-09-09 07:58:24,180 [main] INFO  server.RaftServerConfigKeys (ConfUtils.java:logGet(43)) - raft.server.storage.dir = [/workdir/hadoop-ozone/integration-test/target/test-dir/MiniOzoneClusterImpl-e70ec129-6ead-427c-a372-e351fbe58a4c/datanode-3/data/ratis] (custom)
2019-09-09 07:58:24,182 [main] INFO  hdfs.DFSUtil (DFSUtil.java:httpServerTemplateForNNAndJN(1641)) - Starting Web-server for hddsDatanode at: http://0.0.0.0:0
2019-09-09 07:58:24,183 [main] INFO  server.AuthenticationFilter (AuthenticationFilter.java:constructSecretProvider(240)) - Unable to initialize FileSignerSecretProvider, falling back to use random secrets.
2019-09-09 07:58:24,183 [main] WARN  http.HttpRequestLog (HttpRequestLog.java:getRequestLog(97)) - Jetty request log can only be enabled using Log4j
2019-09-09 07:58:24,185 [main] INFO  http.HttpServer2 (HttpServer2.java:addGlobalFilter(975)) - Added global filter 'safety' (class=org.apache.hadoop.http.HttpServer2$QuotingInputFilter)
2019-09-09 07:58:24,185 [main] INFO  http.HttpServer2 (HttpServer2.java:addFilter(948)) - Added filter static_user_filter (class=org.apache.hadoop.http.lib.StaticUserWebFilter$StaticUserFilter) to context hddsDatanode
2019-09-09 07:58:24,185 [main] INFO  http.HttpServer2 (HttpServer2.java:addFilter(958)) - Added filter static_user_filter (class=org.apache.hadoop.http.lib.StaticUserWebFilter$StaticUserFilter) to context logs
2019-09-09 07:58:24,186 [main] INFO  http.HttpServer2 (HttpServer2.java:addFilter(958)) - Added filter static_user_filter (class=org.apache.hadoop.http.lib.StaticUserWebFilter$StaticUserFilter) to context static
2019-09-09 07:58:24,186 [main] INFO  http.HttpServer2 (HttpServer2.java:bindListener(1191)) - Jetty bound to port 42484
2019-09-09 07:58:24,186 [main] INFO  server.Server (Server.java:doStart(351)) - jetty-9.3.24.v20180605, build timestamp: 2018-06-05T17:11:56Z, git hash: 84205aa28f11a4f31f2a3b86d1bba2cc8ab69827
2019-09-09 07:58:24,188 [main] INFO  handler.ContextHandler (ContextHandler.java:doStart(781)) - Started o.e.j.s.ServletContextHandler@1d1c37d5{/logs,file:///workdir/hadoop-ozone/integration-test/target/log,AVAILABLE}
2019-09-09 07:58:24,188 [main] INFO  handler.ContextHandler (ContextHandler.java:doStart(781)) - Started o.e.j.s.ServletContextHandler@218df7d6{/static,jar:file:/home/user/.m2/repository/org/apache/hadoop/hadoop-hdds-container-service/0.5.0-SNAPSHOT/hadoop-hdds-container-service-0.5.0-SNAPSHOT.jar!/webapps/static,AVAILABLE}
2019-09-09 07:58:24,219 [main] INFO  handler.ContextHandler (ContextHandler.java:doStart(781)) - Started o.e.j.w.WebAppContext@efe49ab{/,file:///tmp/jetty-0.0.0.0-42484-hddsDatanode-_-any-4598657272597926987.dir/webapp/,AVAILABLE}{/hddsDatanode}
2019-09-09 07:58:24,220 [main] INFO  server.AbstractConnector (AbstractConnector.java:doStart(278)) - Started ServerConnector@6dcf7b6a{HTTP/1.1,[http/1.1]}{0.0.0.0:42484}
2019-09-09 07:58:24,222 [main] INFO  server.Server (Server.java:doStart(419)) - Started @638933ms
2019-09-09 07:58:24,222 [main] WARN  impl.MetricsSystemImpl (MetricsSystemImpl.java:register(276)) - Sink prometheus already exists!
2019-09-09 07:58:24,223 [main] INFO  server.BaseHttpServer (BaseHttpServer.java:updateConnectorAddress(215)) - HTTP server of HDDSDATANODE is listening at http://0.0.0.0:42484
2019-09-09 07:58:24,223 [main] INFO  impl.MetricsSystemImpl (MetricsSystemImpl.java:init(158)) - HddsDatanode metrics system started (again)
2019-09-09 07:58:24,227 [org.apache.hadoop.util.JvmPauseMonitor$Monitor@d9334e6] INFO  util.JvmPauseMonitor (JvmPauseMonitor.java:run(188)) - Starting JVM pause monitor
2019-09-09 07:58:24,228 [main] INFO  ozone.HddsDatanodeService (HddsDatanodeService.java:start(184)) - HddsDatanodeService host:pr-hdds-2007-qlx9r-406833628 ip:192.168.69.102
2019-09-09 07:58:24,228 [Datanode State Machine Thread - 0] INFO  datanode.InitDatanodeState (InitDatanodeState.java:persistContainerDatanodeDetails(140)) - DatanodeDetails is persisted to /workdir/hadoop-ozone/integration-test/target/test-dir/MiniOzoneClusterImpl-e70ec129-6ead-427c-a372-e351fbe58a4c/datanode-3/meta/datanode.id
2019-09-09 07:58:24,233 [main] INFO  volume.HddsVolume (HddsVolume.java:<init>(176)) - Creating Volume: /workdir/hadoop-ozone/integration-test/target/test-dir/MiniOzoneClusterImpl-e70ec129-6ead-427c-a372-e351fbe58a4c/datanode-4/data/containers/hdds of  storage type : DISK and capacity : 1482555576320
2019-09-09 07:58:24,234 [main] INFO  volume.VolumeSet (VolumeSet.java:initializeVolumeSet(170)) - Added Volume : /workdir/hadoop-ozone/integration-test/target/test-dir/MiniOzoneClusterImpl-e70ec129-6ead-427c-a372-e351fbe58a4c/datanode-4/data/containers/hdds to VolumeSet
2019-09-09 07:58:24,234 [main] INFO  volume.ThrottledAsyncChecker (ThrottledAsyncChecker.java:schedule(140)) - Scheduling a check for org.apache.hadoop.ozone.container.common.volume.HddsVolume@7ec13984
2019-09-09 07:58:24,234 [main] INFO  volume.HddsVolumeChecker (HddsVolumeChecker.java:checkAllVolumes(203)) - Scheduled health check for volume org.apache.hadoop.ozone.container.common.volume.HddsVolume@7ec13984
2019-09-09 07:58:24,247 [main] INFO  impl.RaftServerProxy (ConfUtils.java:logGet(43)) - raft.rpc.type = GRPC (default)
2019-09-09 07:58:24,247 [main] INFO  grpc.GrpcFactory (GrpcFactory.java:checkPooledByteBufAllocatorUseCacheForAllThreads(45)) - PERFORMANCE WARNING: useCacheForAllThreads is true that may cause Netty to create a lot garbage objects and, as a result, trigger GC.
	It is recommended to disable useCacheForAllThreads by setting -Dorg.apache.ratis.thirdparty.io.netty.allocator.useCacheForAllThreads=false in command line.
2019-09-09 07:58:24,247 [main] INFO  grpc.GrpcConfigKeys$Server (ConfUtils.java:logGet(43)) - raft.grpc.server.port = 0 (default)
2019-09-09 07:58:24,247 [main] INFO  server.GrpcService (ConfUtils.java:logGet(43)) - raft.grpc.message.size.max = 33570816 (custom)
2019-09-09 07:58:24,247 [main] INFO  server.RaftServerConfigKeys (ConfUtils.java:logGet(43)) - raft.server.log.appender.buffer.byte-limit = 33554432 (custom)
2019-09-09 07:58:24,248 [main] INFO  server.GrpcService (ConfUtils.java:logGet(43)) - raft.grpc.flow.control.window = 1MB (=1048576) (default)
2019-09-09 07:58:24,248 [main] INFO  server.RaftServerConfigKeys (ConfUtils.java:logGet(43)) - raft.server.rpc.request.timeout = 3000ms (default)
2019-09-09 07:58:24,248 [main] INFO  server.RaftServerConfigKeys (ConfUtils.java:logGet(43)) - raft.server.storage.dir = [/workdir/hadoop-ozone/integration-test/target/test-dir/MiniOzoneClusterImpl-e70ec129-6ead-427c-a372-e351fbe58a4c/datanode-4/data/ratis] (custom)
2019-09-09 07:58:24,249 [main] INFO  hdfs.DFSUtil (DFSUtil.java:httpServerTemplateForNNAndJN(1641)) - Starting Web-server for hddsDatanode at: http://0.0.0.0:0
2019-09-09 07:58:24,250 [main] INFO  server.AuthenticationFilter (AuthenticationFilter.java:constructSecretProvider(240)) - Unable to initialize FileSignerSecretProvider, falling back to use random secrets.
2019-09-09 07:58:24,251 [main] WARN  http.HttpRequestLog (HttpRequestLog.java:getRequestLog(97)) - Jetty request log can only be enabled using Log4j
2019-09-09 07:58:24,252 [main] INFO  http.HttpServer2 (HttpServer2.java:addGlobalFilter(975)) - Added global filter 'safety' (class=org.apache.hadoop.http.HttpServer2$QuotingInputFilter)
2019-09-09 07:58:24,252 [main] INFO  http.HttpServer2 (HttpServer2.java:addFilter(948)) - Added filter static_user_filter (class=org.apache.hadoop.http.lib.StaticUserWebFilter$StaticUserFilter) to context hddsDatanode
2019-09-09 07:58:24,252 [main] INFO  http.HttpServer2 (HttpServer2.java:addFilter(958)) - Added filter static_user_filter (class=org.apache.hadoop.http.lib.StaticUserWebFilter$StaticUserFilter) to context logs
2019-09-09 07:58:24,252 [main] INFO  http.HttpServer2 (HttpServer2.java:addFilter(958)) - Added filter static_user_filter (class=org.apache.hadoop.http.lib.StaticUserWebFilter$StaticUserFilter) to context static
2019-09-09 07:58:24,253 [main] INFO  http.HttpServer2 (HttpServer2.java:bindListener(1191)) - Jetty bound to port 35370
2019-09-09 07:58:24,253 [main] INFO  server.Server (Server.java:doStart(351)) - jetty-9.3.24.v20180605, build timestamp: 2018-06-05T17:11:56Z, git hash: 84205aa28f11a4f31f2a3b86d1bba2cc8ab69827
2019-09-09 07:58:24,254 [main] INFO  handler.ContextHandler (ContextHandler.java:doStart(781)) - Started o.e.j.s.ServletContextHandler@785a4557{/logs,file:///workdir/hadoop-ozone/integration-test/target/log,AVAILABLE}
2019-09-09 07:58:24,254 [main] INFO  handler.ContextHandler (ContextHandler.java:doStart(781)) - Started o.e.j.s.ServletContextHandler@3b5da0b0{/static,jar:file:/home/user/.m2/repository/org/apache/hadoop/hadoop-hdds-container-service/0.5.0-SNAPSHOT/hadoop-hdds-container-service-0.5.0-SNAPSHOT.jar!/webapps/static,AVAILABLE}
2019-09-09 07:58:24,282 [main] INFO  handler.ContextHandler (ContextHandler.java:doStart(781)) - Started o.e.j.w.WebAppContext@2f60cbf2{/,file:///tmp/jetty-0.0.0.0-35370-hddsDatanode-_-any-8905972835265375801.dir/webapp/,AVAILABLE}{/hddsDatanode}
2019-09-09 07:58:24,282 [main] INFO  server.AbstractConnector (AbstractConnector.java:doStart(278)) - Started ServerConnector@631bc9f4{HTTP/1.1,[http/1.1]}{0.0.0.0:35370}
2019-09-09 07:58:24,284 [main] INFO  server.Server (Server.java:doStart(419)) - Started @638995ms
2019-09-09 07:58:24,284 [main] WARN  impl.MetricsSystemImpl (MetricsSystemImpl.java:register(276)) - Sink prometheus already exists!
2019-09-09 07:58:24,285 [main] INFO  server.BaseHttpServer (BaseHttpServer.java:updateConnectorAddress(215)) - HTTP server of HDDSDATANODE is listening at http://0.0.0.0:35370
2019-09-09 07:58:24,285 [main] INFO  impl.MetricsSystemImpl (MetricsSystemImpl.java:init(158)) - HddsDatanode metrics system started (again)
2019-09-09 07:58:24,290 [org.apache.hadoop.util.JvmPauseMonitor$Monitor@619af1a3] INFO  util.JvmPauseMonitor (JvmPauseMonitor.java:run(188)) - Starting JVM pause monitor
2019-09-09 07:58:24,291 [main] INFO  ozone.HddsDatanodeService (HddsDatanodeService.java:start(184)) - HddsDatanodeService host:pr-hdds-2007-qlx9r-406833628 ip:192.168.69.102
2019-09-09 07:58:24,291 [Datanode State Machine Thread - 0] INFO  datanode.InitDatanodeState (InitDatanodeState.java:persistContainerDatanodeDetails(140)) - DatanodeDetails is persisted to /workdir/hadoop-ozone/integration-test/target/test-dir/MiniOzoneClusterImpl-e70ec129-6ead-427c-a372-e351fbe58a4c/datanode-4/meta/datanode.id
2019-09-09 07:58:24,298 [main] INFO  volume.HddsVolume (HddsVolume.java:<init>(176)) - Creating Volume: /workdir/hadoop-ozone/integration-test/target/test-dir/MiniOzoneClusterImpl-e70ec129-6ead-427c-a372-e351fbe58a4c/datanode-5/data/containers/hdds of  storage type : DISK and capacity : 1482555576320
2019-09-09 07:58:24,298 [main] INFO  volume.VolumeSet (VolumeSet.java:initializeVolumeSet(170)) - Added Volume : /workdir/hadoop-ozone/integration-test/target/test-dir/MiniOzoneClusterImpl-e70ec129-6ead-427c-a372-e351fbe58a4c/datanode-5/data/containers/hdds to VolumeSet
2019-09-09 07:58:24,298 [main] INFO  volume.ThrottledAsyncChecker (ThrottledAsyncChecker.java:schedule(140)) - Scheduling a check for org.apache.hadoop.ozone.container.common.volume.HddsVolume@786ff0ea
2019-09-09 07:58:24,299 [main] INFO  volume.HddsVolumeChecker (HddsVolumeChecker.java:checkAllVolumes(203)) - Scheduled health check for volume org.apache.hadoop.ozone.container.common.volume.HddsVolume@786ff0ea
2019-09-09 07:58:24,314 [main] INFO  impl.RaftServerProxy (ConfUtils.java:logGet(43)) - raft.rpc.type = GRPC (default)
2019-09-09 07:58:24,315 [main] INFO  grpc.GrpcFactory (GrpcFactory.java:checkPooledByteBufAllocatorUseCacheForAllThreads(45)) - PERFORMANCE WARNING: useCacheForAllThreads is true that may cause Netty to create a lot garbage objects and, as a result, trigger GC.
	It is recommended to disable useCacheForAllThreads by setting -Dorg.apache.ratis.thirdparty.io.netty.allocator.useCacheForAllThreads=false in command line.
2019-09-09 07:58:24,315 [main] INFO  grpc.GrpcConfigKeys$Server (ConfUtils.java:logGet(43)) - raft.grpc.server.port = 0 (default)
2019-09-09 07:58:24,315 [main] INFO  server.GrpcService (ConfUtils.java:logGet(43)) - raft.grpc.message.size.max = 33570816 (custom)
2019-09-09 07:58:24,315 [main] INFO  server.RaftServerConfigKeys (ConfUtils.java:logGet(43)) - raft.server.log.appender.buffer.byte-limit = 33554432 (custom)
2019-09-09 07:58:24,315 [main] INFO  server.GrpcService (ConfUtils.java:logGet(43)) - raft.grpc.flow.control.window = 1MB (=1048576) (default)
2019-09-09 07:58:24,316 [main] INFO  server.RaftServerConfigKeys (ConfUtils.java:logGet(43)) - raft.server.rpc.request.timeout = 3000ms (default)
2019-09-09 07:58:24,316 [main] INFO  server.RaftServerConfigKeys (ConfUtils.java:logGet(43)) - raft.server.storage.dir = [/workdir/hadoop-ozone/integration-test/target/test-dir/MiniOzoneClusterImpl-e70ec129-6ead-427c-a372-e351fbe58a4c/datanode-5/data/ratis] (custom)
2019-09-09 07:58:24,318 [main] INFO  hdfs.DFSUtil (DFSUtil.java:httpServerTemplateForNNAndJN(1641)) - Starting Web-server for hddsDatanode at: http://0.0.0.0:0
2019-09-09 07:58:24,319 [main] INFO  server.AuthenticationFilter (AuthenticationFilter.java:constructSecretProvider(240)) - Unable to initialize FileSignerSecretProvider, falling back to use random secrets.
2019-09-09 07:58:24,319 [main] WARN  http.HttpRequestLog (HttpRequestLog.java:getRequestLog(97)) - Jetty request log can only be enabled using Log4j
2019-09-09 07:58:24,321 [main] INFO  http.HttpServer2 (HttpServer2.java:addGlobalFilter(975)) - Added global filter 'safety' (class=org.apache.hadoop.http.HttpServer2$QuotingInputFilter)
2019-09-09 07:58:24,321 [main] INFO  http.HttpServer2 (HttpServer2.java:addFilter(948)) - Added filter static_user_filter (class=org.apache.hadoop.http.lib.StaticUserWebFilter$StaticUserFilter) to context hddsDatanode
2019-09-09 07:58:24,321 [main] INFO  http.HttpServer2 (HttpServer2.java:addFilter(958)) - Added filter static_user_filter (class=org.apache.hadoop.http.lib.StaticUserWebFilter$StaticUserFilter) to context logs
2019-09-09 07:58:24,322 [main] INFO  http.HttpServer2 (HttpServer2.java:addFilter(958)) - Added filter static_user_filter (class=org.apache.hadoop.http.lib.StaticUserWebFilter$StaticUserFilter) to context static
2019-09-09 07:58:24,322 [main] INFO  http.HttpServer2 (HttpServer2.java:bindListener(1191)) - Jetty bound to port 43188
2019-09-09 07:58:24,322 [main] INFO  server.Server (Server.java:doStart(351)) - jetty-9.3.24.v20180605, build timestamp: 2018-06-05T17:11:56Z, git hash: 84205aa28f11a4f31f2a3b86d1bba2cc8ab69827
2019-09-09 07:58:24,324 [main] INFO  handler.ContextHandler (ContextHandler.java:doStart(781)) - Started o.e.j.s.ServletContextHandler@4afdfc0f{/logs,file:///workdir/hadoop-ozone/integration-test/target/log,AVAILABLE}
2019-09-09 07:58:24,324 [main] INFO  handler.ContextHandler (ContextHandler.java:doStart(781)) - Started o.e.j.s.ServletContextHandler@30798137{/static,jar:file:/home/user/.m2/repository/org/apache/hadoop/hadoop-hdds-container-service/0.5.0-SNAPSHOT/hadoop-hdds-container-service-0.5.0-SNAPSHOT.jar!/webapps/static,AVAILABLE}
2019-09-09 07:58:24,357 [main] INFO  handler.ContextHandler (ContextHandler.java:doStart(781)) - Started o.e.j.w.WebAppContext@3bab95ca{/,file:///tmp/jetty-0.0.0.0-43188-hddsDatanode-_-any-128738781233761393.dir/webapp/,AVAILABLE}{/hddsDatanode}
2019-09-09 07:58:24,358 [main] INFO  server.AbstractConnector (AbstractConnector.java:doStart(278)) - Started ServerConnector@71ad959b{HTTP/1.1,[http/1.1]}{0.0.0.0:43188}
2019-09-09 07:58:24,360 [main] INFO  server.Server (Server.java:doStart(419)) - Started @639071ms
2019-09-09 07:58:24,360 [main] WARN  impl.MetricsSystemImpl (MetricsSystemImpl.java:register(276)) - Sink prometheus already exists!
2019-09-09 07:58:24,361 [main] INFO  server.BaseHttpServer (BaseHttpServer.java:updateConnectorAddress(215)) - HTTP server of HDDSDATANODE is listening at http://0.0.0.0:43188
2019-09-09 07:58:24,361 [main] INFO  impl.MetricsSystemImpl (MetricsSystemImpl.java:init(158)) - HddsDatanode metrics system started (again)
2019-09-09 07:58:24,367 [org.apache.hadoop.util.JvmPauseMonitor$Monitor@45915994] INFO  util.JvmPauseMonitor (JvmPauseMonitor.java:run(188)) - Starting JVM pause monitor
2019-09-09 07:58:24,367 [main] INFO  ozone.HddsDatanodeService (HddsDatanodeService.java:start(184)) - HddsDatanodeService host:pr-hdds-2007-qlx9r-406833628 ip:192.168.69.102
2019-09-09 07:58:24,368 [Datanode State Machine Thread - 0] INFO  datanode.InitDatanodeState (InitDatanodeState.java:persistContainerDatanodeDetails(140)) - DatanodeDetails is persisted to /workdir/hadoop-ozone/integration-test/target/test-dir/MiniOzoneClusterImpl-e70ec129-6ead-427c-a372-e351fbe58a4c/datanode-5/meta/datanode.id
2019-09-09 07:58:24,373 [main] INFO  volume.HddsVolume (HddsVolume.java:<init>(176)) - Creating Volume: /workdir/hadoop-ozone/integration-test/target/test-dir/MiniOzoneClusterImpl-e70ec129-6ead-427c-a372-e351fbe58a4c/datanode-6/data/containers/hdds of  storage type : DISK and capacity : 1482555576320
2019-09-09 07:58:24,374 [main] INFO  volume.VolumeSet (VolumeSet.java:initializeVolumeSet(170)) - Added Volume : /workdir/hadoop-ozone/integration-test/target/test-dir/MiniOzoneClusterImpl-e70ec129-6ead-427c-a372-e351fbe58a4c/datanode-6/data/containers/hdds to VolumeSet
2019-09-09 07:58:24,374 [main] INFO  volume.ThrottledAsyncChecker (ThrottledAsyncChecker.java:schedule(140)) - Scheduling a check for org.apache.hadoop.ozone.container.common.volume.HddsVolume@7dd3981e
2019-09-09 07:58:24,374 [main] INFO  volume.HddsVolumeChecker (HddsVolumeChecker.java:checkAllVolumes(203)) - Scheduled health check for volume org.apache.hadoop.ozone.container.common.volume.HddsVolume@7dd3981e
2019-09-09 07:58:24,387 [main] INFO  impl.RaftServerProxy (ConfUtils.java:logGet(43)) - raft.rpc.type = GRPC (default)
2019-09-09 07:58:24,387 [main] INFO  grpc.GrpcFactory (GrpcFactory.java:checkPooledByteBufAllocatorUseCacheForAllThreads(45)) - PERFORMANCE WARNING: useCacheForAllThreads is true that may cause Netty to create a lot garbage objects and, as a result, trigger GC.
	It is recommended to disable useCacheForAllThreads by setting -Dorg.apache.ratis.thirdparty.io.netty.allocator.useCacheForAllThreads=false in command line.
2019-09-09 07:58:24,387 [main] INFO  grpc.GrpcConfigKeys$Server (ConfUtils.java:logGet(43)) - raft.grpc.server.port = 0 (default)
2019-09-09 07:58:24,387 [main] INFO  server.GrpcService (ConfUtils.java:logGet(43)) - raft.grpc.message.size.max = 33570816 (custom)
2019-09-09 07:58:24,387 [main] INFO  server.RaftServerConfigKeys (ConfUtils.java:logGet(43)) - raft.server.log.appender.buffer.byte-limit = 33554432 (custom)
2019-09-09 07:58:24,388 [main] INFO  server.GrpcService (ConfUtils.java:logGet(43)) - raft.grpc.flow.control.window = 1MB (=1048576) (default)
2019-09-09 07:58:24,388 [main] INFO  server.RaftServerConfigKeys (ConfUtils.java:logGet(43)) - raft.server.rpc.request.timeout = 3000ms (default)
2019-09-09 07:58:24,388 [main] INFO  server.RaftServerConfigKeys (ConfUtils.java:logGet(43)) - raft.server.storage.dir = [/workdir/hadoop-ozone/integration-test/target/test-dir/MiniOzoneClusterImpl-e70ec129-6ead-427c-a372-e351fbe58a4c/datanode-6/data/ratis] (custom)
2019-09-09 07:58:24,389 [main] INFO  hdfs.DFSUtil (DFSUtil.java:httpServerTemplateForNNAndJN(1641)) - Starting Web-server for hddsDatanode at: http://0.0.0.0:0
2019-09-09 07:58:24,390 [main] INFO  server.AuthenticationFilter (AuthenticationFilter.java:constructSecretProvider(240)) - Unable to initialize FileSignerSecretProvider, falling back to use random secrets.
2019-09-09 07:58:24,390 [main] WARN  http.HttpRequestLog (HttpRequestLog.java:getRequestLog(97)) - Jetty request log can only be enabled using Log4j
2019-09-09 07:58:24,391 [main] INFO  http.HttpServer2 (HttpServer2.java:addGlobalFilter(975)) - Added global filter 'safety' (class=org.apache.hadoop.http.HttpServer2$QuotingInputFilter)
2019-09-09 07:58:24,392 [main] INFO  http.HttpServer2 (HttpServer2.java:addFilter(948)) - Added filter static_user_filter (class=org.apache.hadoop.http.lib.StaticUserWebFilter$StaticUserFilter) to context hddsDatanode
2019-09-09 07:58:24,392 [main] INFO  http.HttpServer2 (HttpServer2.java:addFilter(958)) - Added filter static_user_filter (class=org.apache.hadoop.http.lib.StaticUserWebFilter$StaticUserFilter) to context static
2019-09-09 07:58:24,392 [main] INFO  http.HttpServer2 (HttpServer2.java:addFilter(958)) - Added filter static_user_filter (class=org.apache.hadoop.http.lib.StaticUserWebFilter$StaticUserFilter) to context logs
2019-09-09 07:58:24,393 [main] INFO  http.HttpServer2 (HttpServer2.java:bindListener(1191)) - Jetty bound to port 36205
2019-09-09 07:58:24,393 [main] INFO  server.Server (Server.java:doStart(351)) - jetty-9.3.24.v20180605, build timestamp: 2018-06-05T17:11:56Z, git hash: 84205aa28f11a4f31f2a3b86d1bba2cc8ab69827
2019-09-09 07:58:24,394 [main] INFO  handler.ContextHandler (ContextHandler.java:doStart(781)) - Started o.e.j.s.ServletContextHandler@3ce7394f{/logs,file:///workdir/hadoop-ozone/integration-test/target/log,AVAILABLE}
2019-09-09 07:58:24,395 [main] INFO  handler.ContextHandler (ContextHandler.java:doStart(781)) - Started o.e.j.s.ServletContextHandler@74cd798f{/static,jar:file:/home/user/.m2/repository/org/apache/hadoop/hadoop-hdds-container-service/0.5.0-SNAPSHOT/hadoop-hdds-container-service-0.5.0-SNAPSHOT.jar!/webapps/static,AVAILABLE}
2019-09-09 07:58:24,422 [main] INFO  handler.ContextHandler (ContextHandler.java:doStart(781)) - Started o.e.j.w.WebAppContext@1a84a8b2{/,file:///tmp/jetty-0.0.0.0-36205-hddsDatanode-_-any-2974596961032775377.dir/webapp/,AVAILABLE}{/hddsDatanode}
2019-09-09 07:58:24,422 [main] INFO  server.AbstractConnector (AbstractConnector.java:doStart(278)) - Started ServerConnector@601d295{HTTP/1.1,[http/1.1]}{0.0.0.0:36205}
2019-09-09 07:58:24,424 [main] INFO  server.Server (Server.java:doStart(419)) - Started @639135ms
2019-09-09 07:58:24,424 [main] WARN  impl.MetricsSystemImpl (MetricsSystemImpl.java:register(276)) - Sink prometheus already exists!
2019-09-09 07:58:24,425 [main] INFO  server.BaseHttpServer (BaseHttpServer.java:updateConnectorAddress(215)) - HTTP server of HDDSDATANODE is listening at http://0.0.0.0:36205
2019-09-09 07:58:24,425 [main] INFO  ozone.MiniOzoneClusterImpl (MiniOzoneClusterImpl.java:lambda$waitForClusterToBeReady$0(140)) - Waiting for cluster to be ready. Got 0 of 7 DN Heartbeats.
2019-09-09 07:58:24,426 [org.apache.hadoop.util.JvmPauseMonitor$Monitor@a255ee4] INFO  util.JvmPauseMonitor (JvmPauseMonitor.java:run(188)) - Starting JVM pause monitor
2019-09-09 07:58:24,427 [Datanode State Machine Thread - 0] INFO  datanode.InitDatanodeState (InitDatanodeState.java:persistContainerDatanodeDetails(140)) - DatanodeDetails is persisted to /workdir/hadoop-ozone/integration-test/target/test-dir/MiniOzoneClusterImpl-e70ec129-6ead-427c-a372-e351fbe58a4c/datanode-6/meta/datanode.id
2019-09-09 07:58:25,426 [main] INFO  ozone.MiniOzoneClusterImpl (MiniOzoneClusterImpl.java:lambda$waitForClusterToBeReady$0(140)) - Waiting for cluster to be ready. Got 0 of 7 DN Heartbeats.
2019-09-09 07:58:26,069 [Datanode State Machine Thread - 0] INFO  ozoneimpl.OzoneContainer (OzoneContainer.java:start(201)) - Attempting to start container services.
2019-09-09 07:58:26,069 [Datanode State Machine Thread - 0] INFO  ozoneimpl.OzoneContainer (OzoneContainer.java:startContainerScrub(175)) - Background container scrubber has been disabled by hdds.containerscrub.enabled
2019-09-09 07:58:26,070 [Datanode State Machine Thread - 0] INFO  ratis.XceiverServerRatis (XceiverServerRatis.java:start(393)) - Starting XceiverServerRatis 4d1035ec-513f-4ae8-938d-98e92fb6b91b at port 0
2019-09-09 07:58:26,077 [Datanode State Machine Thread - 0] INFO  impl.RaftServerProxy (RaftServerProxy.java:lambda$start$3(299)) - 4d1035ec-513f-4ae8-938d-98e92fb6b91b: start RPC server
2019-09-09 07:58:26,078 [Datanode State Machine Thread - 0] INFO  server.GrpcService (GrpcService.java:startImpl(149)) - 4d1035ec-513f-4ae8-938d-98e92fb6b91b: GrpcService started, listening on 0.0.0.0/0.0.0.0:42476
2019-09-09 07:58:26,078 [Datanode State Machine Thread - 0] INFO  ratis.XceiverServerRatis (XceiverServerRatis.java:start(403)) - XceiverServerRatis 4d1035ec-513f-4ae8-938d-98e92fb6b91b is started using port 42476
2019-09-09 07:58:26,081 [Datanode State Machine Thread - 0] INFO  server.XceiverServerGrpc (XceiverServerGrpc.java:start(163)) - XceiverServerGrpc 4d1035ec-513f-4ae8-938d-98e92fb6b91b is started using port 38304
2019-09-09 07:58:26,117 [Datanode State Machine Thread - 0] INFO  ozoneimpl.OzoneContainer (OzoneContainer.java:start(201)) - Attempting to start container services.
2019-09-09 07:58:26,117 [Datanode State Machine Thread - 0] INFO  ozoneimpl.OzoneContainer (OzoneContainer.java:startContainerScrub(175)) - Background container scrubber has been disabled by hdds.containerscrub.enabled
2019-09-09 07:58:26,117 [Datanode State Machine Thread - 0] INFO  ratis.XceiverServerRatis (XceiverServerRatis.java:start(393)) - Starting XceiverServerRatis 98e6b70b-d673-4309-9f24-a1a199b24062 at port 0
2019-09-09 07:58:26,123 [Datanode State Machine Thread - 0] INFO  impl.RaftServerProxy (RaftServerProxy.java:lambda$start$3(299)) - 98e6b70b-d673-4309-9f24-a1a199b24062: start RPC server
2019-09-09 07:58:26,124 [Datanode State Machine Thread - 0] INFO  server.GrpcService (GrpcService.java:startImpl(149)) - 98e6b70b-d673-4309-9f24-a1a199b24062: GrpcService started, listening on 0.0.0.0/0.0.0.0:35992
2019-09-09 07:58:26,124 [Datanode State Machine Thread - 0] INFO  ratis.XceiverServerRatis (XceiverServerRatis.java:start(403)) - XceiverServerRatis 98e6b70b-d673-4309-9f24-a1a199b24062 is started using port 35992
2019-09-09 07:58:26,125 [Datanode State Machine Thread - 0] INFO  server.XceiverServerGrpc (XceiverServerGrpc.java:start(163)) - XceiverServerGrpc 98e6b70b-d673-4309-9f24-a1a199b24062 is started using port 45339
2019-09-09 07:58:26,200 [Datanode State Machine Thread - 0] INFO  ozoneimpl.OzoneContainer (OzoneContainer.java:start(201)) - Attempting to start container services.
2019-09-09 07:58:26,201 [Datanode State Machine Thread - 0] INFO  ozoneimpl.OzoneContainer (OzoneContainer.java:startContainerScrub(175)) - Background container scrubber has been disabled by hdds.containerscrub.enabled
2019-09-09 07:58:26,201 [Datanode State Machine Thread - 0] INFO  ratis.XceiverServerRatis (XceiverServerRatis.java:start(393)) - Starting XceiverServerRatis 49246196-984b-451c-bd71-1d62e0d13355 at port 0
2019-09-09 07:58:26,208 [Datanode State Machine Thread - 0] INFO  impl.RaftServerProxy (RaftServerProxy.java:lambda$start$3(299)) - 49246196-984b-451c-bd71-1d62e0d13355: start RPC server
2019-09-09 07:58:26,211 [Datanode State Machine Thread - 0] INFO  server.GrpcService (GrpcService.java:startImpl(149)) - 49246196-984b-451c-bd71-1d62e0d13355: GrpcService started, listening on 0.0.0.0/0.0.0.0:37585
2019-09-09 07:58:26,211 [Datanode State Machine Thread - 0] INFO  ratis.XceiverServerRatis (XceiverServerRatis.java:start(403)) - XceiverServerRatis 49246196-984b-451c-bd71-1d62e0d13355 is started using port 37585
2019-09-09 07:58:26,221 [Datanode State Machine Thread - 0] INFO  server.XceiverServerGrpc (XceiverServerGrpc.java:start(163)) - XceiverServerGrpc 49246196-984b-451c-bd71-1d62e0d13355 is started using port 41505
2019-09-09 07:58:26,284 [Datanode State Machine Thread - 0] INFO  ozoneimpl.OzoneContainer (OzoneContainer.java:start(201)) - Attempting to start container services.
2019-09-09 07:58:26,285 [Datanode State Machine Thread - 0] INFO  ozoneimpl.OzoneContainer (OzoneContainer.java:startContainerScrub(175)) - Background container scrubber has been disabled by hdds.containerscrub.enabled
2019-09-09 07:58:26,285 [Datanode State Machine Thread - 0] INFO  ratis.XceiverServerRatis (XceiverServerRatis.java:start(393)) - Starting XceiverServerRatis b1439841-d28e-4b57-8db6-1dcfa6542f23 at port 0
2019-09-09 07:58:26,292 [Datanode State Machine Thread - 0] INFO  impl.RaftServerProxy (RaftServerProxy.java:lambda$start$3(299)) - b1439841-d28e-4b57-8db6-1dcfa6542f23: start RPC server
2019-09-09 07:58:26,295 [Datanode State Machine Thread - 0] INFO  server.GrpcService (GrpcService.java:startImpl(149)) - b1439841-d28e-4b57-8db6-1dcfa6542f23: GrpcService started, listening on 0.0.0.0/0.0.0.0:35191
2019-09-09 07:58:26,295 [Datanode State Machine Thread - 0] INFO  ratis.XceiverServerRatis (XceiverServerRatis.java:start(403)) - XceiverServerRatis b1439841-d28e-4b57-8db6-1dcfa6542f23 is started using port 35191
2019-09-09 07:58:26,297 [Datanode State Machine Thread - 0] INFO  server.XceiverServerGrpc (XceiverServerGrpc.java:start(163)) - XceiverServerGrpc b1439841-d28e-4b57-8db6-1dcfa6542f23 is started using port 36562
2019-09-09 07:58:26,326 [Datanode State Machine Thread - 0] INFO  ozoneimpl.OzoneContainer (OzoneContainer.java:start(201)) - Attempting to start container services.
2019-09-09 07:58:26,327 [Datanode State Machine Thread - 0] INFO  ozoneimpl.OzoneContainer (OzoneContainer.java:startContainerScrub(175)) - Background container scrubber has been disabled by hdds.containerscrub.enabled
2019-09-09 07:58:26,327 [Datanode State Machine Thread - 0] INFO  ratis.XceiverServerRatis (XceiverServerRatis.java:start(393)) - Starting XceiverServerRatis ba68b7d1-9d4d-4ed7-bfd0-91b88768130d at port 0
2019-09-09 07:58:26,332 [Datanode State Machine Thread - 0] INFO  impl.RaftServerProxy (RaftServerProxy.java:lambda$start$3(299)) - ba68b7d1-9d4d-4ed7-bfd0-91b88768130d: start RPC server
2019-09-09 07:58:26,335 [Datanode State Machine Thread - 0] INFO  server.GrpcService (GrpcService.java:startImpl(149)) - ba68b7d1-9d4d-4ed7-bfd0-91b88768130d: GrpcService started, listening on 0.0.0.0/0.0.0.0:35514
2019-09-09 07:58:26,335 [Datanode State Machine Thread - 0] INFO  ratis.XceiverServerRatis (XceiverServerRatis.java:start(403)) - XceiverServerRatis ba68b7d1-9d4d-4ed7-bfd0-91b88768130d is started using port 35514
2019-09-09 07:58:26,335 [Datanode State Machine Thread - 0] INFO  server.XceiverServerGrpc (XceiverServerGrpc.java:start(163)) - XceiverServerGrpc ba68b7d1-9d4d-4ed7-bfd0-91b88768130d is started using port 38163
2019-09-09 07:58:26,419 [Datanode State Machine Thread - 0] INFO  ozoneimpl.OzoneContainer (OzoneContainer.java:start(201)) - Attempting to start container services.
2019-09-09 07:58:26,419 [Datanode State Machine Thread - 0] INFO  ozoneimpl.OzoneContainer (OzoneContainer.java:startContainerScrub(175)) - Background container scrubber has been disabled by hdds.containerscrub.enabled
2019-09-09 07:58:26,419 [Datanode State Machine Thread - 0] INFO  ratis.XceiverServerRatis (XceiverServerRatis.java:start(393)) - Starting XceiverServerRatis ec91b32c-f877-45bd-adae-663f9529a22c at port 0
2019-09-09 07:58:26,426 [Datanode State Machine Thread - 0] INFO  impl.RaftServerProxy (RaftServerProxy.java:lambda$start$3(299)) - ec91b32c-f877-45bd-adae-663f9529a22c: start RPC server
2019-09-09 07:58:26,426 [main] INFO  ozone.MiniOzoneClusterImpl (MiniOzoneClusterImpl.java:lambda$waitForClusterToBeReady$0(140)) - Waiting for cluster to be ready. Got 0 of 7 DN Heartbeats.
2019-09-09 07:58:26,430 [Datanode State Machine Thread - 0] INFO  server.GrpcService (GrpcService.java:startImpl(149)) - ec91b32c-f877-45bd-adae-663f9529a22c: GrpcService started, listening on 0.0.0.0/0.0.0.0:44635
2019-09-09 07:58:26,430 [Datanode State Machine Thread - 0] INFO  ratis.XceiverServerRatis (XceiverServerRatis.java:start(403)) - XceiverServerRatis ec91b32c-f877-45bd-adae-663f9529a22c is started using port 44635
2019-09-09 07:58:26,431 [Datanode State Machine Thread - 0] INFO  server.XceiverServerGrpc (XceiverServerGrpc.java:start(163)) - XceiverServerGrpc ec91b32c-f877-45bd-adae-663f9529a22c is started using port 36009
2019-09-09 07:58:26,469 [Datanode State Machine Thread - 0] INFO  ozoneimpl.OzoneContainer (OzoneContainer.java:start(201)) - Attempting to start container services.
2019-09-09 07:58:26,469 [Datanode State Machine Thread - 0] INFO  ozoneimpl.OzoneContainer (OzoneContainer.java:startContainerScrub(175)) - Background container scrubber has been disabled by hdds.containerscrub.enabled
2019-09-09 07:58:26,469 [Datanode State Machine Thread - 0] INFO  ratis.XceiverServerRatis (XceiverServerRatis.java:start(393)) - Starting XceiverServerRatis 087e4cee-409e-406d-bef1-b586fff3463e at port 0
2019-09-09 07:58:26,475 [Datanode State Machine Thread - 0] INFO  impl.RaftServerProxy (RaftServerProxy.java:lambda$start$3(299)) - 087e4cee-409e-406d-bef1-b586fff3463e: start RPC server
2019-09-09 07:58:26,488 [Datanode State Machine Thread - 0] INFO  server.GrpcService (GrpcService.java:startImpl(149)) - 087e4cee-409e-406d-bef1-b586fff3463e: GrpcService started, listening on 0.0.0.0/0.0.0.0:44977
2019-09-09 07:58:26,488 [Datanode State Machine Thread - 0] INFO  ratis.XceiverServerRatis (XceiverServerRatis.java:start(403)) - XceiverServerRatis 087e4cee-409e-406d-bef1-b586fff3463e is started using port 44977
2019-09-09 07:58:26,489 [Datanode State Machine Thread - 0] INFO  server.XceiverServerGrpc (XceiverServerGrpc.java:start(163)) - XceiverServerGrpc 087e4cee-409e-406d-bef1-b586fff3463e is started using port 40552
2019-09-09 07:58:27,427 [main] INFO  ozone.MiniOzoneClusterImpl (MiniOzoneClusterImpl.java:lambda$waitForClusterToBeReady$0(140)) - Waiting for cluster to be ready. Got 0 of 7 DN Heartbeats.
2019-09-09 07:58:28,031 [IPC Server handler 0 on 40440] INFO  net.NetworkTopology (NetworkTopologyImpl.java:add(110)) - Added a new node: /default-rack/4d1035ec-513f-4ae8-938d-98e92fb6b91b
2019-09-09 07:58:28,038 [IPC Server handler 0 on 40440] INFO  node.SCMNodeManager (SCMNodeManager.java:register(266)) - Registered Data node : 4d1035ec-513f-4ae8-938d-98e92fb6b91b{ip: 192.168.69.102, host: pr-hdds-2007-qlx9r-406833628, networkLocation: /default-rack, certSerialId: null}
2019-09-09 07:58:28,042 [EventQueue-NodeRegistrationContainerReportForDataNodeSafeModeRule] INFO  safemode.SCMSafeModeManager (DataNodeSafeModeRule.java:process(71)) - SCM in safe mode. 1 DataNodes registered, 1 required.
2019-09-09 07:58:28,045 [EventQueue-NodeRegistrationContainerReportForDataNodeSafeModeRule] INFO  safemode.SCMSafeModeManager (SCMSafeModeManager.java:validateSafeModeExitRules(177)) - ScmSafeModeManager, all rules are successfully validated
2019-09-09 07:58:28,045 [EventQueue-NodeRegistrationContainerReportForDataNodeSafeModeRule] INFO  safemode.SCMSafeModeManager (SCMSafeModeManager.java:exitSafeMode(193)) - SCM exiting safe mode.
2019-09-09 07:58:28,052 [grpc-default-executor-9] INFO  impl.RaftServerProxy (RaftServerProxy.java:addNew(89)) - 4d1035ec-513f-4ae8-938d-98e92fb6b91b: addNew group-6F61B45E78BA:[4d1035ec-513f-4ae8-938d-98e92fb6b91b:192.168.69.102:42476] returns group-6F61B45E78BA:java.util.concurrent.CompletableFuture@63b6157c[Not completed]
2019-09-09 07:58:28,054 [pool-679-thread-1] INFO  impl.RaftServerImpl (RaftServerImpl.java:<init>(93)) - 4d1035ec-513f-4ae8-938d-98e92fb6b91b: new RaftServerImpl for group-6F61B45E78BA:[4d1035ec-513f-4ae8-938d-98e92fb6b91b:192.168.69.102:42476] with ContainerStateMachine:uninitialized
2019-09-09 07:58:28,054 [pool-679-thread-1] INFO  server.RaftServerConfigKeys (ConfUtils.java:logGet(43)) - raft.server.rpc.timeout.min = 5s (custom)
2019-09-09 07:58:28,054 [pool-679-thread-1] INFO  server.RaftServerConfigKeys (ConfUtils.java:logGet(43)) - raft.server.rpc.timeout.max = 5200ms (custom)
2019-09-09 07:58:28,054 [pool-679-thread-1] INFO  server.RaftServerConfigKeys (ConfUtils.java:logGet(43)) - raft.server.rpcslowness.timeout = 120s (custom)
2019-09-09 07:58:28,054 [pool-679-thread-1] INFO  server.RaftServerConfigKeys (ConfUtils.java:logGet(43)) - raft.server.sleep.deviation.threshold = 300 (default)
2019-09-09 07:58:28,054 [pool-679-thread-1] INFO  server.RaftServerConfigKeys (ConfUtils.java:logGet(43)) - raft.server.log.appender.install.snapshot.enabled = false (custom)
2019-09-09 07:58:28,054 [pool-679-thread-1] INFO  impl.RaftServerImpl (ServerState.java:<init>(105)) - 4d1035ec-513f-4ae8-938d-98e92fb6b91b:group-6F61B45E78BA ConfigurationManager, init=-1: [4d1035ec-513f-4ae8-938d-98e92fb6b91b:192.168.69.102:42476], old=null, confs=<EMPTY_MAP>
2019-09-09 07:58:28,054 [pool-679-thread-1] INFO  server.RaftServerConfigKeys (ConfUtils.java:logGet(43)) - raft.server.storage.dir = [/workdir/hadoop-ozone/integration-test/target/test-dir/MiniOzoneClusterImpl-e70ec129-6ead-427c-a372-e351fbe58a4c/datanode-0/data/ratis] (custom)
2019-09-09 07:58:28,055 [pool-679-thread-1] INFO  storage.RaftStorageDirectory (RaftStorageDirectory.java:analyzeStorage(246)) - The storage directory /workdir/hadoop-ozone/integration-test/target/test-dir/MiniOzoneClusterImpl-e70ec129-6ead-427c-a372-e351fbe58a4c/datanode-0/data/ratis/429c719c-772e-4e7d-82df-6f61b45e78ba does not exist. Creating ...
2019-09-09 07:58:28,079 [pool-679-thread-1] INFO  storage.RaftStorageDirectory (RaftStorageDirectory.java:tryLock(328)) - Lock on /workdir/hadoop-ozone/integration-test/target/test-dir/MiniOzoneClusterImpl-e70ec129-6ead-427c-a372-e351fbe58a4c/datanode-0/data/ratis/429c719c-772e-4e7d-82df-6f61b45e78ba/in_use.lock acquired by nodename 17097@pr-hdds-2007-qlx9r-406833628
2019-09-09 07:58:28,084 [IPC Server handler 1 on 40440] INFO  net.NetworkTopology (NetworkTopologyImpl.java:add(110)) - Added a new node: /default-rack/98e6b70b-d673-4309-9f24-a1a199b24062
2019-09-09 07:58:28,084 [IPC Server handler 1 on 40440] INFO  node.SCMNodeManager (SCMNodeManager.java:register(266)) - Registered Data node : 98e6b70b-d673-4309-9f24-a1a199b24062{ip: 192.168.69.102, host: pr-hdds-2007-qlx9r-406833628, networkLocation: /default-rack, certSerialId: null}
2019-09-09 07:58:28,096 [pool-679-thread-1] INFO  storage.RaftStorage (RaftStorage.java:format(72)) - Storage directory /workdir/hadoop-ozone/integration-test/target/test-dir/MiniOzoneClusterImpl-e70ec129-6ead-427c-a372-e351fbe58a4c/datanode-0/data/ratis/429c719c-772e-4e7d-82df-6f61b45e78ba has been successfully formatted.
2019-09-09 07:58:28,096 [pool-679-thread-1] INFO  ratis.ContainerStateMachine (ContainerStateMachine.java:loadSnapshot(227)) - group-6F61B45E78BA: The snapshot info is null. Setting the last applied indexto:(t:0, i:~)
2019-09-09 07:58:28,096 [pool-679-thread-1] INFO  server.RaftServerConfigKeys (ConfUtils.java:logGet(43)) - raft.server.leader.election.timeout = 120s (custom)
2019-09-09 07:58:28,097 [pool-679-thread-1] INFO  server.RaftServerConfigKeys (ConfUtils.java:logGet(43)) - raft.server.log.use.memory = false (default)
2019-09-09 07:58:28,097 [pool-679-thread-1] INFO  server.RaftServerConfigKeys (ConfUtils.java:logGet(43)) - raft.server.log.purge.gap = 1000000 (custom)
2019-09-09 07:58:28,097 [pool-679-thread-1] INFO  server.RaftServerConfigKeys (ConfUtils.java:logGet(43)) - raft.server.log.appender.buffer.byte-limit = 33554432 (custom)
2019-09-09 07:58:28,097 [pool-679-thread-1] INFO  server.RaftServerConfigKeys (ConfUtils.java:logGet(43)) - raft.server.log.segment.size.max = 1048576 (custom)
2019-09-09 07:58:28,097 [pool-679-thread-1] INFO  server.RaftServerConfigKeys (ConfUtils.java:logGet(43)) - raft.server.log.segment.cache.num.max = 2 (custom)
2019-09-09 07:58:28,097 [pool-679-thread-1] INFO  segmented.SegmentedRaftLogWorker (SegmentedRaftLogWorker.java:<init>(172)) - new 4d1035ec-513f-4ae8-938d-98e92fb6b91b-SegmentedRaftLogWorker:Storage Directory /workdir/hadoop-ozone/integration-test/target/test-dir/MiniOzoneClusterImpl-e70ec129-6ead-427c-a372-e351fbe58a4c/datanode-0/data/ratis/429c719c-772e-4e7d-82df-6f61b45e78ba for RaftStorage:Storage Directory /workdir/hadoop-ozone/integration-test/target/test-dir/MiniOzoneClusterImpl-e70ec129-6ead-427c-a372-e351fbe58a4c/datanode-0/data/ratis/429c719c-772e-4e7d-82df-6f61b45e78ba
2019-09-09 07:58:28,097 [pool-679-thread-1] INFO  server.RaftServerConfigKeys (ConfUtils.java:logGet(43)) - raft.server.log.queue.byte-limit = 2147483647 (custom)
2019-09-09 07:58:28,097 [pool-679-thread-1] INFO  server.RaftServerConfigKeys (ConfUtils.java:logGet(43)) - raft.server.log.queue.element-limit = 1024 (custom)
2019-09-09 07:58:28,098 [pool-679-thread-1] INFO  server.RaftServerConfigKeys (ConfUtils.java:logGet(43)) - raft.server.log.segment.size.max = 1048576 (custom)
2019-09-09 07:58:28,098 [pool-679-thread-1] INFO  server.RaftServerConfigKeys (ConfUtils.java:logGet(43)) - raft.server.log.preallocated.size = 16384 (custom)
2019-09-09 07:58:28,098 [pool-679-thread-1] INFO  server.RaftServerConfigKeys (ConfUtils.java:logGet(43)) - raft.server.log.write.buffer.size = 33554432 (custom)
2019-09-09 07:58:28,098 [pool-679-thread-1] INFO  server.RaftServerConfigKeys (ConfUtils.java:logGet(43)) - raft.server.log.force.sync.num = 128 (default)
2019-09-09 07:58:28,098 [pool-679-thread-1] INFO  server.RaftServerConfigKeys (ConfUtils.java:logGet(43)) - raft.server.log.statemachine.data.sync = true (default)
2019-09-09 07:58:28,098 [pool-679-thread-1] INFO  server.RaftServerConfigKeys (ConfUtils.java:logGet(43)) - raft.server.log.statemachine.data.sync.timeout = 10s (default)
2019-09-09 07:58:28,098 [pool-679-thread-1] INFO  server.RaftServerConfigKeys (ConfUtils.java:logGet(43)) - raft.server.log.statemachine.data.sync.timeout.retry = -1 (default)
2019-09-09 07:58:28,098 [pool-679-thread-1] INFO  server.RaftServerConfigKeys (ConfUtils.java:logGet(43)) - raft.server.log.statemachine.data.caching.enabled = true (custom)
2019-09-09 07:58:28,099 [pool-679-thread-1] INFO  segmented.SegmentedRaftLogWorker (SegmentedRaftLogWorker.java:lambda$new$0(132)) - 4d1035ec-513f-4ae8-938d-98e92fb6b91b-SegmentedRaftLogWorker:Storage Directory /workdir/hadoop-ozone/integration-test/target/test-dir/MiniOzoneClusterImpl-e70ec129-6ead-427c-a372-e351fbe58a4c/datanode-0/data/ratis/429c719c-772e-4e7d-82df-6f61b45e78ba: flushIndex: setUnconditionally 0 -> -1
2019-09-09 07:58:28,099 [pool-679-thread-1] INFO  server.RaftServerConfigKeys (ConfUtils.java:logGet(43)) - raft.server.snapshot.auto.trigger.enabled = true (custom)
2019-09-09 07:58:28,099 [pool-679-thread-1] INFO  server.RaftServerConfigKeys (ConfUtils.java:logGet(43)) - raft.server.snapshot.auto.trigger.threshold = 10000 (custom)
2019-09-09 07:58:28,099 [pool-679-thread-1] INFO  server.RaftServerConfigKeys (ConfUtils.java:logGet(43)) - raft.server.retrycache.expirytime = 600000ms (custom)
2019-09-09 07:58:28,099 [pool-679-thread-1] INFO  impl.RaftServerImpl (RaftServerImpl.java:start(180)) - 4d1035ec-513f-4ae8-938d-98e92fb6b91b: start group-6F61B45E78BA
2019-09-09 07:58:28,099 [pool-679-thread-1] INFO  impl.RaftServerImpl (RaftServerImpl.java:setRole(171)) - 4d1035ec-513f-4ae8-938d-98e92fb6b91b:group-6F61B45E78BA changes role from null to FOLLOWER at term 0 for startAsFollower
2019-09-09 07:58:28,099 [pool-679-thread-1] INFO  impl.RoleInfo (RoleInfo.java:updateAndGet(143)) - 4d1035ec-513f-4ae8-938d-98e92fb6b91b: start FollowerState
2019-09-09 07:58:28,100 [pool-679-thread-1] INFO  util.JmxRegister (JmxRegister.java:tryRegister(44)) - Successfully registered JMX Bean with object name Ratis:service=RaftServer,group=group-6F61B45E78BA,id=4d1035ec-513f-4ae8-938d-98e92fb6b91b
2019-09-09 07:58:28,104 [RatisPipelineUtilsThread] INFO  pipeline.PipelineStateManager (PipelineStateManager.java:addPipeline(56)) - Created pipeline Pipeline[ Id: 429c719c-772e-4e7d-82df-6f61b45e78ba, Nodes: 4d1035ec-513f-4ae8-938d-98e92fb6b91b{ip: 192.168.69.102, host: pr-hdds-2007-qlx9r-406833628, networkLocation: /default-rack, certSerialId: null}, Type:RATIS, Factor:ONE, State:OPEN]
2019-09-09 07:58:28,109 [grpc-default-executor-9] INFO  impl.RaftServerProxy (RaftServerProxy.java:addNew(89)) - 98e6b70b-d673-4309-9f24-a1a199b24062: addNew group-31334DA0385E:[98e6b70b-d673-4309-9f24-a1a199b24062:192.168.69.102:35992] returns group-31334DA0385E:java.util.concurrent.CompletableFuture@28784ba8[Not completed]
2019-09-09 07:58:28,110 [pool-689-thread-1] INFO  impl.RaftServerImpl (RaftServerImpl.java:<init>(93)) - 98e6b70b-d673-4309-9f24-a1a199b24062: new RaftServerImpl for group-31334DA0385E:[98e6b70b-d673-4309-9f24-a1a199b24062:192.168.69.102:35992] with ContainerStateMachine:uninitialized
2019-09-09 07:58:28,110 [pool-689-thread-1] INFO  server.RaftServerConfigKeys (ConfUtils.java:logGet(43)) - raft.server.rpc.timeout.min = 5s (custom)
2019-09-09 07:58:28,111 [pool-689-thread-1] INFO  server.RaftServerConfigKeys (ConfUtils.java:logGet(43)) - raft.server.rpc.timeout.max = 5200ms (custom)
2019-09-09 07:58:28,111 [pool-689-thread-1] INFO  server.RaftServerConfigKeys (ConfUtils.java:logGet(43)) - raft.server.rpcslowness.timeout = 120s (custom)
2019-09-09 07:58:28,111 [pool-689-thread-1] INFO  server.RaftServerConfigKeys (ConfUtils.java:logGet(43)) - raft.server.sleep.deviation.threshold = 300 (default)
2019-09-09 07:58:28,111 [pool-689-thread-1] INFO  server.RaftServerConfigKeys (ConfUtils.java:logGet(43)) - raft.server.log.appender.install.snapshot.enabled = false (custom)
2019-09-09 07:58:28,111 [pool-689-thread-1] INFO  impl.RaftServerImpl (ServerState.java:<init>(105)) - 98e6b70b-d673-4309-9f24-a1a199b24062:group-31334DA0385E ConfigurationManager, init=-1: [98e6b70b-d673-4309-9f24-a1a199b24062:192.168.69.102:35992], old=null, confs=<EMPTY_MAP>
2019-09-09 07:58:28,111 [pool-689-thread-1] INFO  server.RaftServerConfigKeys (ConfUtils.java:logGet(43)) - raft.server.storage.dir = [/workdir/hadoop-ozone/integration-test/target/test-dir/MiniOzoneClusterImpl-e70ec129-6ead-427c-a372-e351fbe58a4c/datanode-1/data/ratis] (custom)
2019-09-09 07:58:28,111 [pool-689-thread-1] INFO  storage.RaftStorageDirectory (RaftStorageDirectory.java:analyzeStorage(246)) - The storage directory /workdir/hadoop-ozone/integration-test/target/test-dir/MiniOzoneClusterImpl-e70ec129-6ead-427c-a372-e351fbe58a4c/datanode-1/data/ratis/507ea079-a88a-4382-a7c8-31334da0385e does not exist. Creating ...
2019-09-09 07:58:28,136 [pool-689-thread-1] INFO  storage.RaftStorageDirectory (RaftStorageDirectory.java:tryLock(328)) - Lock on /workdir/hadoop-ozone/integration-test/target/test-dir/MiniOzoneClusterImpl-e70ec129-6ead-427c-a372-e351fbe58a4c/datanode-1/data/ratis/507ea079-a88a-4382-a7c8-31334da0385e/in_use.lock acquired by nodename 17097@pr-hdds-2007-qlx9r-406833628
2019-09-09 07:58:28,150 [pool-689-thread-1] INFO  storage.RaftStorage (RaftStorage.java:format(72)) - Storage directory /workdir/hadoop-ozone/integration-test/target/test-dir/MiniOzoneClusterImpl-e70ec129-6ead-427c-a372-e351fbe58a4c/datanode-1/data/ratis/507ea079-a88a-4382-a7c8-31334da0385e has been successfully formatted.
2019-09-09 07:58:28,150 [pool-689-thread-1] INFO  ratis.ContainerStateMachine (ContainerStateMachine.java:loadSnapshot(227)) - group-31334DA0385E: The snapshot info is null. Setting the last applied indexto:(t:0, i:~)
2019-09-09 07:58:28,150 [pool-689-thread-1] INFO  server.RaftServerConfigKeys (ConfUtils.java:logGet(43)) - raft.server.leader.election.timeout = 120s (custom)
2019-09-09 07:58:28,150 [pool-689-thread-1] INFO  server.RaftServerConfigKeys (ConfUtils.java:logGet(43)) - raft.server.log.use.memory = false (default)
2019-09-09 07:58:28,150 [pool-689-thread-1] INFO  server.RaftServerConfigKeys (ConfUtils.java:logGet(43)) - raft.server.log.purge.gap = 1000000 (custom)
2019-09-09 07:58:28,151 [pool-689-thread-1] INFO  server.RaftServerConfigKeys (ConfUtils.java:logGet(43)) - raft.server.log.appender.buffer.byte-limit = 33554432 (custom)
2019-09-09 07:58:28,151 [pool-689-thread-1] INFO  server.RaftServerConfigKeys (ConfUtils.java:logGet(43)) - raft.server.log.segment.size.max = 1048576 (custom)
2019-09-09 07:58:28,151 [pool-689-thread-1] INFO  server.RaftServerConfigKeys (ConfUtils.java:logGet(43)) - raft.server.log.segment.cache.num.max = 2 (custom)
2019-09-09 07:58:28,151 [pool-689-thread-1] INFO  segmented.SegmentedRaftLogWorker (SegmentedRaftLogWorker.java:<init>(172)) - new 98e6b70b-d673-4309-9f24-a1a199b24062-SegmentedRaftLogWorker:Storage Directory /workdir/hadoop-ozone/integration-test/target/test-dir/MiniOzoneClusterImpl-e70ec129-6ead-427c-a372-e351fbe58a4c/datanode-1/data/ratis/507ea079-a88a-4382-a7c8-31334da0385e for RaftStorage:Storage Directory /workdir/hadoop-ozone/integration-test/target/test-dir/MiniOzoneClusterImpl-e70ec129-6ead-427c-a372-e351fbe58a4c/datanode-1/data/ratis/507ea079-a88a-4382-a7c8-31334da0385e
2019-09-09 07:58:28,151 [pool-689-thread-1] INFO  server.RaftServerConfigKeys (ConfUtils.java:logGet(43)) - raft.server.log.queue.byte-limit = 2147483647 (custom)
2019-09-09 07:58:28,151 [pool-689-thread-1] INFO  server.RaftServerConfigKeys (ConfUtils.java:logGet(43)) - raft.server.log.queue.element-limit = 1024 (custom)
2019-09-09 07:58:28,151 [pool-689-thread-1] INFO  server.RaftServerConfigKeys (ConfUtils.java:logGet(43)) - raft.server.log.segment.size.max = 1048576 (custom)
2019-09-09 07:58:28,151 [pool-689-thread-1] INFO  server.RaftServerConfigKeys (ConfUtils.java:logGet(43)) - raft.server.log.preallocated.size = 16384 (custom)
2019-09-09 07:58:28,152 [pool-689-thread-1] INFO  server.RaftServerConfigKeys (ConfUtils.java:logGet(43)) - raft.server.log.write.buffer.size = 33554432 (custom)
2019-09-09 07:58:28,152 [pool-689-thread-1] INFO  server.RaftServerConfigKeys (ConfUtils.java:logGet(43)) - raft.server.log.force.sync.num = 128 (default)
2019-09-09 07:58:28,152 [pool-689-thread-1] INFO  server.RaftServerConfigKeys (ConfUtils.java:logGet(43)) - raft.server.log.statemachine.data.sync = true (default)
2019-09-09 07:58:28,152 [pool-689-thread-1] INFO  server.RaftServerConfigKeys (ConfUtils.java:logGet(43)) - raft.server.log.statemachine.data.sync.timeout = 10s (default)
2019-09-09 07:58:28,152 [pool-689-thread-1] INFO  server.RaftServerConfigKeys (ConfUtils.java:logGet(43)) - raft.server.log.statemachine.data.sync.timeout.retry = -1 (default)
2019-09-09 07:58:28,152 [pool-689-thread-1] INFO  server.RaftServerConfigKeys (ConfUtils.java:logGet(43)) - raft.server.log.statemachine.data.caching.enabled = true (custom)
2019-09-09 07:58:28,152 [pool-689-thread-1] INFO  segmented.SegmentedRaftLogWorker (SegmentedRaftLogWorker.java:lambda$new$0(132)) - 98e6b70b-d673-4309-9f24-a1a199b24062-SegmentedRaftLogWorker:Storage Directory /workdir/hadoop-ozone/integration-test/target/test-dir/MiniOzoneClusterImpl-e70ec129-6ead-427c-a372-e351fbe58a4c/datanode-1/data/ratis/507ea079-a88a-4382-a7c8-31334da0385e: flushIndex: setUnconditionally 0 -> -1
2019-09-09 07:58:28,153 [pool-689-thread-1] INFO  server.RaftServerConfigKeys (ConfUtils.java:logGet(43)) - raft.server.snapshot.auto.trigger.enabled = true (custom)
2019-09-09 07:58:28,153 [pool-689-thread-1] INFO  server.RaftServerConfigKeys (ConfUtils.java:logGet(43)) - raft.server.snapshot.auto.trigger.threshold = 10000 (custom)
2019-09-09 07:58:28,153 [pool-689-thread-1] INFO  server.RaftServerConfigKeys (ConfUtils.java:logGet(43)) - raft.server.retrycache.expirytime = 600000ms (custom)
2019-09-09 07:58:28,153 [pool-689-thread-1] INFO  impl.RaftServerImpl (RaftServerImpl.java:start(180)) - 98e6b70b-d673-4309-9f24-a1a199b24062: start group-31334DA0385E
2019-09-09 07:58:28,153 [pool-689-thread-1] INFO  impl.RaftServerImpl (RaftServerImpl.java:setRole(171)) - 98e6b70b-d673-4309-9f24-a1a199b24062:group-31334DA0385E changes role from null to FOLLOWER at term 0 for startAsFollower
2019-09-09 07:58:28,153 [pool-689-thread-1] INFO  impl.RoleInfo (RoleInfo.java:updateAndGet(143)) - 98e6b70b-d673-4309-9f24-a1a199b24062: start FollowerState
2019-09-09 07:58:28,154 [pool-689-thread-1] INFO  util.JmxRegister (JmxRegister.java:tryRegister(44)) - Successfully registered JMX Bean with object name Ratis:service=RaftServer,group=group-31334DA0385E,id=98e6b70b-d673-4309-9f24-a1a199b24062
2019-09-09 07:58:28,154 [IPC Server handler 2 on 40440] INFO  net.NetworkTopology (NetworkTopologyImpl.java:add(110)) - Added a new node: /default-rack/49246196-984b-451c-bd71-1d62e0d13355
2019-09-09 07:58:28,154 [IPC Server handler 2 on 40440] INFO  node.SCMNodeManager (SCMNodeManager.java:register(266)) - Registered Data node : 49246196-984b-451c-bd71-1d62e0d13355{ip: 192.168.69.102, host: pr-hdds-2007-qlx9r-406833628, networkLocation: /default-rack, certSerialId: null}
2019-09-09 07:58:28,158 [RatisPipelineUtilsThread] INFO  pipeline.PipelineStateManager (PipelineStateManager.java:addPipeline(56)) - Created pipeline Pipeline[ Id: 507ea079-a88a-4382-a7c8-31334da0385e, Nodes: 98e6b70b-d673-4309-9f24-a1a199b24062{ip: 192.168.69.102, host: pr-hdds-2007-qlx9r-406833628, networkLocation: /default-rack, certSerialId: null}, Type:RATIS, Factor:ONE, State:OPEN]
2019-09-09 07:58:28,163 [grpc-default-executor-9] INFO  impl.RaftServerProxy (RaftServerProxy.java:addNew(89)) - 49246196-984b-451c-bd71-1d62e0d13355: addNew group-89B0AFFFAD7E:[49246196-984b-451c-bd71-1d62e0d13355:192.168.69.102:37585] returns group-89B0AFFFAD7E:java.util.concurrent.CompletableFuture@10e11052[Not completed]
2019-09-09 07:58:28,164 [pool-699-thread-1] INFO  impl.RaftServerImpl (RaftServerImpl.java:<init>(93)) - 49246196-984b-451c-bd71-1d62e0d13355: new RaftServerImpl for group-89B0AFFFAD7E:[49246196-984b-451c-bd71-1d62e0d13355:192.168.69.102:37585] with ContainerStateMachine:uninitialized
2019-09-09 07:58:28,164 [pool-699-thread-1] INFO  server.RaftServerConfigKeys (ConfUtils.java:logGet(43)) - raft.server.rpc.timeout.min = 5s (custom)
2019-09-09 07:58:28,164 [pool-699-thread-1] INFO  server.RaftServerConfigKeys (ConfUtils.java:logGet(43)) - raft.server.rpc.timeout.max = 5200ms (custom)
2019-09-09 07:58:28,165 [pool-699-thread-1] INFO  server.RaftServerConfigKeys (ConfUtils.java:logGet(43)) - raft.server.rpcslowness.timeout = 120s (custom)
2019-09-09 07:58:28,165 [pool-699-thread-1] INFO  server.RaftServerConfigKeys (ConfUtils.java:logGet(43)) - raft.server.sleep.deviation.threshold = 300 (default)
2019-09-09 07:58:28,165 [pool-699-thread-1] INFO  server.RaftServerConfigKeys (ConfUtils.java:logGet(43)) - raft.server.log.appender.install.snapshot.enabled = false (custom)
2019-09-09 07:58:28,165 [pool-699-thread-1] INFO  impl.RaftServerImpl (ServerState.java:<init>(105)) - 49246196-984b-451c-bd71-1d62e0d13355:group-89B0AFFFAD7E ConfigurationManager, init=-1: [49246196-984b-451c-bd71-1d62e0d13355:192.168.69.102:37585], old=null, confs=<EMPTY_MAP>
2019-09-09 07:58:28,165 [pool-699-thread-1] INFO  server.RaftServerConfigKeys (ConfUtils.java:logGet(43)) - raft.server.storage.dir = [/workdir/hadoop-ozone/integration-test/target/test-dir/MiniOzoneClusterImpl-e70ec129-6ead-427c-a372-e351fbe58a4c/datanode-2/data/ratis] (custom)
2019-09-09 07:58:28,165 [pool-699-thread-1] INFO  storage.RaftStorageDirectory (RaftStorageDirectory.java:analyzeStorage(246)) - The storage directory /workdir/hadoop-ozone/integration-test/target/test-dir/MiniOzoneClusterImpl-e70ec129-6ead-427c-a372-e351fbe58a4c/datanode-2/data/ratis/68b7da5e-3e2c-4c1a-b5ef-89b0afffad7e does not exist. Creating ...
2019-09-09 07:58:28,182 [pool-699-thread-1] INFO  storage.RaftStorageDirectory (RaftStorageDirectory.java:tryLock(328)) - Lock on /workdir/hadoop-ozone/integration-test/target/test-dir/MiniOzoneClusterImpl-e70ec129-6ead-427c-a372-e351fbe58a4c/datanode-2/data/ratis/68b7da5e-3e2c-4c1a-b5ef-89b0afffad7e/in_use.lock acquired by nodename 17097@pr-hdds-2007-qlx9r-406833628
2019-09-09 07:58:28,201 [pool-699-thread-1] INFO  storage.RaftStorage (RaftStorage.java:format(72)) - Storage directory /workdir/hadoop-ozone/integration-test/target/test-dir/MiniOzoneClusterImpl-e70ec129-6ead-427c-a372-e351fbe58a4c/datanode-2/data/ratis/68b7da5e-3e2c-4c1a-b5ef-89b0afffad7e has been successfully formatted.
2019-09-09 07:58:28,201 [pool-699-thread-1] INFO  ratis.ContainerStateMachine (ContainerStateMachine.java:loadSnapshot(227)) - group-89B0AFFFAD7E: The snapshot info is null. Setting the last applied indexto:(t:0, i:~)
2019-09-09 07:58:28,201 [pool-699-thread-1] INFO  server.RaftServerConfigKeys (ConfUtils.java:logGet(43)) - raft.server.leader.election.timeout = 120s (custom)
2019-09-09 07:58:28,202 [pool-699-thread-1] INFO  server.RaftServerConfigKeys (ConfUtils.java:logGet(43)) - raft.server.log.use.memory = false (default)
2019-09-09 07:58:28,202 [pool-699-thread-1] INFO  server.RaftServerConfigKeys (ConfUtils.java:logGet(43)) - raft.server.log.purge.gap = 1000000 (custom)
2019-09-09 07:58:28,202 [pool-699-thread-1] INFO  server.RaftServerConfigKeys (ConfUtils.java:logGet(43)) - raft.server.log.appender.buffer.byte-limit = 33554432 (custom)
2019-09-09 07:58:28,202 [pool-699-thread-1] INFO  server.RaftServerConfigKeys (ConfUtils.java:logGet(43)) - raft.server.log.segment.size.max = 1048576 (custom)
2019-09-09 07:58:28,202 [pool-699-thread-1] INFO  server.RaftServerConfigKeys (ConfUtils.java:logGet(43)) - raft.server.log.segment.cache.num.max = 2 (custom)
2019-09-09 07:58:28,202 [pool-699-thread-1] INFO  segmented.SegmentedRaftLogWorker (SegmentedRaftLogWorker.java:<init>(172)) - new 49246196-984b-451c-bd71-1d62e0d13355-SegmentedRaftLogWorker:Storage Directory /workdir/hadoop-ozone/integration-test/target/test-dir/MiniOzoneClusterImpl-e70ec129-6ead-427c-a372-e351fbe58a4c/datanode-2/data/ratis/68b7da5e-3e2c-4c1a-b5ef-89b0afffad7e for RaftStorage:Storage Directory /workdir/hadoop-ozone/integration-test/target/test-dir/MiniOzoneClusterImpl-e70ec129-6ead-427c-a372-e351fbe58a4c/datanode-2/data/ratis/68b7da5e-3e2c-4c1a-b5ef-89b0afffad7e
2019-09-09 07:58:28,202 [pool-699-thread-1] INFO  server.RaftServerConfigKeys (ConfUtils.java:logGet(43)) - raft.server.log.queue.byte-limit = 2147483647 (custom)
2019-09-09 07:58:28,202 [pool-699-thread-1] INFO  server.RaftServerConfigKeys (ConfUtils.java:logGet(43)) - raft.server.log.queue.element-limit = 1024 (custom)
2019-09-09 07:58:28,203 [pool-699-thread-1] INFO  server.RaftServerConfigKeys (ConfUtils.java:logGet(43)) - raft.server.log.segment.size.max = 1048576 (custom)
2019-09-09 07:58:28,203 [pool-699-thread-1] INFO  server.RaftServerConfigKeys (ConfUtils.java:logGet(43)) - raft.server.log.preallocated.size = 16384 (custom)
2019-09-09 07:58:28,203 [pool-699-thread-1] INFO  server.RaftServerConfigKeys (ConfUtils.java:logGet(43)) - raft.server.log.write.buffer.size = 33554432 (custom)
2019-09-09 07:58:28,203 [pool-699-thread-1] INFO  server.RaftServerConfigKeys (ConfUtils.java:logGet(43)) - raft.server.log.force.sync.num = 128 (default)
2019-09-09 07:58:28,203 [pool-699-thread-1] INFO  server.RaftServerConfigKeys (ConfUtils.java:logGet(43)) - raft.server.log.statemachine.data.sync = true (default)
2019-09-09 07:58:28,203 [pool-699-thread-1] INFO  server.RaftServerConfigKeys (ConfUtils.java:logGet(43)) - raft.server.log.statemachine.data.sync.timeout = 10s (default)
2019-09-09 07:58:28,203 [pool-699-thread-1] INFO  server.RaftServerConfigKeys (ConfUtils.java:logGet(43)) - raft.server.log.statemachine.data.sync.timeout.retry = -1 (default)
2019-09-09 07:58:28,203 [pool-699-thread-1] INFO  server.RaftServerConfigKeys (ConfUtils.java:logGet(43)) - raft.server.log.statemachine.data.caching.enabled = true (custom)
2019-09-09 07:58:28,204 [pool-699-thread-1] INFO  segmented.SegmentedRaftLogWorker (SegmentedRaftLogWorker.java:lambda$new$0(132)) - 49246196-984b-451c-bd71-1d62e0d13355-SegmentedRaftLogWorker:Storage Directory /workdir/hadoop-ozone/integration-test/target/test-dir/MiniOzoneClusterImpl-e70ec129-6ead-427c-a372-e351fbe58a4c/datanode-2/data/ratis/68b7da5e-3e2c-4c1a-b5ef-89b0afffad7e: flushIndex: setUnconditionally 0 -> -1
2019-09-09 07:58:28,204 [pool-699-thread-1] INFO  server.RaftServerConfigKeys (ConfUtils.java:logGet(43)) - raft.server.snapshot.auto.trigger.enabled = true (custom)
2019-09-09 07:58:28,204 [pool-699-thread-1] INFO  server.RaftServerConfigKeys (ConfUtils.java:logGet(43)) - raft.server.snapshot.auto.trigger.threshold = 10000 (custom)
2019-09-09 07:58:28,204 [pool-699-thread-1] INFO  server.RaftServerConfigKeys (ConfUtils.java:logGet(43)) - raft.server.retrycache.expirytime = 600000ms (custom)
2019-09-09 07:58:28,204 [pool-699-thread-1] INFO  impl.RaftServerImpl (RaftServerImpl.java:start(180)) - 49246196-984b-451c-bd71-1d62e0d13355: start group-89B0AFFFAD7E
2019-09-09 07:58:28,204 [pool-699-thread-1] INFO  impl.RaftServerImpl (RaftServerImpl.java:setRole(171)) - 49246196-984b-451c-bd71-1d62e0d13355:group-89B0AFFFAD7E changes role from null to FOLLOWER at term 0 for startAsFollower
2019-09-09 07:58:28,205 [pool-699-thread-1] INFO  impl.RoleInfo (RoleInfo.java:updateAndGet(143)) - 49246196-984b-451c-bd71-1d62e0d13355: start FollowerState
2019-09-09 07:58:28,205 [pool-699-thread-1] INFO  util.JmxRegister (JmxRegister.java:tryRegister(44)) - Successfully registered JMX Bean with object name Ratis:service=RaftServer,group=group-89B0AFFFAD7E,id=49246196-984b-451c-bd71-1d62e0d13355
2019-09-09 07:58:28,210 [RatisPipelineUtilsThread] INFO  pipeline.PipelineStateManager (PipelineStateManager.java:addPipeline(56)) - Created pipeline Pipeline[ Id: 68b7da5e-3e2c-4c1a-b5ef-89b0afffad7e, Nodes: 49246196-984b-451c-bd71-1d62e0d13355{ip: 192.168.69.102, host: pr-hdds-2007-qlx9r-406833628, networkLocation: /default-rack, certSerialId: null}, Type:RATIS, Factor:ONE, State:OPEN]
2019-09-09 07:58:28,223 [grpc-default-executor-12] INFO  impl.RaftServerProxy (RaftServerProxy.java:addNew(89)) - 98e6b70b-d673-4309-9f24-a1a199b24062: addNew group-4CA054B1428D:[98e6b70b-d673-4309-9f24-a1a199b24062:192.168.69.102:35992, 4d1035ec-513f-4ae8-938d-98e92fb6b91b:192.168.69.102:42476, 49246196-984b-451c-bd71-1d62e0d13355:192.168.69.102:37585] returns group-4CA054B1428D:java.util.concurrent.CompletableFuture@f812b78[Not completed]
2019-09-09 07:58:28,223 [grpc-default-executor-11] INFO  impl.RaftServerProxy (RaftServerProxy.java:addNew(89)) - 49246196-984b-451c-bd71-1d62e0d13355: addNew group-4CA054B1428D:[98e6b70b-d673-4309-9f24-a1a199b24062:192.168.69.102:35992, 4d1035ec-513f-4ae8-938d-98e92fb6b91b:192.168.69.102:42476, 49246196-984b-451c-bd71-1d62e0d13355:192.168.69.102:37585] returns group-4CA054B1428D:java.util.concurrent.CompletableFuture@3dde3e05[Not completed]
2019-09-09 07:58:28,223 [grpc-default-executor-9] INFO  impl.RaftServerProxy (RaftServerProxy.java:addNew(89)) - 4d1035ec-513f-4ae8-938d-98e92fb6b91b: addNew group-4CA054B1428D:[98e6b70b-d673-4309-9f24-a1a199b24062:192.168.69.102:35992, 4d1035ec-513f-4ae8-938d-98e92fb6b91b:192.168.69.102:42476, 49246196-984b-451c-bd71-1d62e0d13355:192.168.69.102:37585] returns group-4CA054B1428D:java.util.concurrent.CompletableFuture@34677250[Not completed]
2019-09-09 07:58:28,224 [pool-689-thread-1] INFO  impl.RaftServerImpl (RaftServerImpl.java:<init>(93)) - 98e6b70b-d673-4309-9f24-a1a199b24062: new RaftServerImpl for group-4CA054B1428D:[98e6b70b-d673-4309-9f24-a1a199b24062:192.168.69.102:35992, 4d1035ec-513f-4ae8-938d-98e92fb6b91b:192.168.69.102:42476, 49246196-984b-451c-bd71-1d62e0d13355:192.168.69.102:37585] with ContainerStateMachine:uninitialized
2019-09-09 07:58:28,224 [pool-689-thread-1] INFO  server.RaftServerConfigKeys (ConfUtils.java:logGet(43)) - raft.server.rpc.timeout.min = 5s (custom)
2019-09-09 07:58:28,224 [pool-689-thread-1] INFO  server.RaftServerConfigKeys (ConfUtils.java:logGet(43)) - raft.server.rpc.timeout.max = 5200ms (custom)
2019-09-09 07:58:28,224 [pool-689-thread-1] INFO  server.RaftServerConfigKeys (ConfUtils.java:logGet(43)) - raft.server.rpcslowness.timeout = 120s (custom)
2019-09-09 07:58:28,224 [pool-689-thread-1] INFO  server.RaftServerConfigKeys (ConfUtils.java:logGet(43)) - raft.server.sleep.deviation.threshold = 300 (default)
2019-09-09 07:58:28,224 [pool-689-thread-1] INFO  server.RaftServerConfigKeys (ConfUtils.java:logGet(43)) - raft.server.log.appender.install.snapshot.enabled = false (custom)
2019-09-09 07:58:28,224 [pool-689-thread-1] INFO  impl.RaftServerImpl (ServerState.java:<init>(105)) - 98e6b70b-d673-4309-9f24-a1a199b24062:group-4CA054B1428D ConfigurationManager, init=-1: [98e6b70b-d673-4309-9f24-a1a199b24062:192.168.69.102:35992, 4d1035ec-513f-4ae8-938d-98e92fb6b91b:192.168.69.102:42476, 49246196-984b-451c-bd71-1d62e0d13355:192.168.69.102:37585], old=null, confs=<EMPTY_MAP>
2019-09-09 07:58:28,224 [pool-679-thread-1] INFO  impl.RaftServerImpl (RaftServerImpl.java:<init>(93)) - 4d1035ec-513f-4ae8-938d-98e92fb6b91b: new RaftServerImpl for group-4CA054B1428D:[98e6b70b-d673-4309-9f24-a1a199b24062:192.168.69.102:35992, 4d1035ec-513f-4ae8-938d-98e92fb6b91b:192.168.69.102:42476, 49246196-984b-451c-bd71-1d62e0d13355:192.168.69.102:37585] with ContainerStateMachine:uninitialized
2019-09-09 07:58:28,224 [pool-689-thread-1] INFO  server.RaftServerConfigKeys (ConfUtils.java:logGet(43)) - raft.server.storage.dir = [/workdir/hadoop-ozone/integration-test/target/test-dir/MiniOzoneClusterImpl-e70ec129-6ead-427c-a372-e351fbe58a4c/datanode-1/data/ratis] (custom)
2019-09-09 07:58:28,224 [pool-679-thread-1] INFO  server.RaftServerConfigKeys (ConfUtils.java:logGet(43)) - raft.server.rpc.timeout.min = 5s (custom)
2019-09-09 07:58:28,225 [pool-679-thread-1] INFO  server.RaftServerConfigKeys (ConfUtils.java:logGet(43)) - raft.server.rpc.timeout.max = 5200ms (custom)
2019-09-09 07:58:28,225 [pool-699-thread-1] INFO  impl.RaftServerImpl (RaftServerImpl.java:<init>(93)) - 49246196-984b-451c-bd71-1d62e0d13355: new RaftServerImpl for group-4CA054B1428D:[98e6b70b-d673-4309-9f24-a1a199b24062:192.168.69.102:35992, 4d1035ec-513f-4ae8-938d-98e92fb6b91b:192.168.69.102:42476, 49246196-984b-451c-bd71-1d62e0d13355:192.168.69.102:37585] with ContainerStateMachine:uninitialized
2019-09-09 07:58:28,225 [pool-689-thread-1] INFO  storage.RaftStorageDirectory (RaftStorageDirectory.java:analyzeStorage(246)) - The storage directory /workdir/hadoop-ozone/integration-test/target/test-dir/MiniOzoneClusterImpl-e70ec129-6ead-427c-a372-e351fbe58a4c/datanode-1/data/ratis/c9ba5001-7c50-4b87-a352-4ca054b1428d does not exist. Creating ...
2019-09-09 07:58:28,225 [pool-679-thread-1] INFO  server.RaftServerConfigKeys (ConfUtils.java:logGet(43)) - raft.server.rpcslowness.timeout = 120s (custom)
2019-09-09 07:58:28,225 [pool-699-thread-1] INFO  server.RaftServerConfigKeys (ConfUtils.java:logGet(43)) - raft.server.rpc.timeout.min = 5s (custom)
2019-09-09 07:58:28,225 [pool-679-thread-1] INFO  server.RaftServerConfigKeys (ConfUtils.java:logGet(43)) - raft.server.sleep.deviation.threshold = 300 (default)
2019-09-09 07:58:28,225 [pool-699-thread-1] INFO  server.RaftServerConfigKeys (ConfUtils.java:logGet(43)) - raft.server.rpc.timeout.max = 5200ms (custom)
2019-09-09 07:58:28,225 [pool-679-thread-1] INFO  server.RaftServerConfigKeys (ConfUtils.java:logGet(43)) - raft.server.log.appender.install.snapshot.enabled = false (custom)
2019-09-09 07:58:28,225 [pool-699-thread-1] INFO  server.RaftServerConfigKeys (ConfUtils.java:logGet(43)) - raft.server.rpcslowness.timeout = 120s (custom)
2019-09-09 07:58:28,225 [pool-679-thread-1] INFO  impl.RaftServerImpl (ServerState.java:<init>(105)) - 4d1035ec-513f-4ae8-938d-98e92fb6b91b:group-4CA054B1428D ConfigurationManager, init=-1: [98e6b70b-d673-4309-9f24-a1a199b24062:192.168.69.102:35992, 4d1035ec-513f-4ae8-938d-98e92fb6b91b:192.168.69.102:42476, 49246196-984b-451c-bd71-1d62e0d13355:192.168.69.102:37585], old=null, confs=<EMPTY_MAP>
2019-09-09 07:58:28,225 [pool-699-thread-1] INFO  server.RaftServerConfigKeys (ConfUtils.java:logGet(43)) - raft.server.sleep.deviation.threshold = 300 (default)
2019-09-09 07:58:28,225 [pool-679-thread-1] INFO  server.RaftServerConfigKeys (ConfUtils.java:logGet(43)) - raft.server.storage.dir = [/workdir/hadoop-ozone/integration-test/target/test-dir/MiniOzoneClusterImpl-e70ec129-6ead-427c-a372-e351fbe58a4c/datanode-0/data/ratis] (custom)
2019-09-09 07:58:28,225 [pool-699-thread-1] INFO  server.RaftServerConfigKeys (ConfUtils.java:logGet(43)) - raft.server.log.appender.install.snapshot.enabled = false (custom)
2019-09-09 07:58:28,226 [pool-699-thread-1] INFO  impl.RaftServerImpl (ServerState.java:<init>(105)) - 49246196-984b-451c-bd71-1d62e0d13355:group-4CA054B1428D ConfigurationManager, init=-1: [98e6b70b-d673-4309-9f24-a1a199b24062:192.168.69.102:35992, 4d1035ec-513f-4ae8-938d-98e92fb6b91b:192.168.69.102:42476, 49246196-984b-451c-bd71-1d62e0d13355:192.168.69.102:37585], old=null, confs=<EMPTY_MAP>
2019-09-09 07:58:28,226 [pool-679-thread-1] INFO  storage.RaftStorageDirectory (RaftStorageDirectory.java:analyzeStorage(246)) - The storage directory /workdir/hadoop-ozone/integration-test/target/test-dir/MiniOzoneClusterImpl-e70ec129-6ead-427c-a372-e351fbe58a4c/datanode-0/data/ratis/c9ba5001-7c50-4b87-a352-4ca054b1428d does not exist. Creating ...
2019-09-09 07:58:28,226 [pool-699-thread-1] INFO  server.RaftServerConfigKeys (ConfUtils.java:logGet(43)) - raft.server.storage.dir = [/workdir/hadoop-ozone/integration-test/target/test-dir/MiniOzoneClusterImpl-e70ec129-6ead-427c-a372-e351fbe58a4c/datanode-2/data/ratis] (custom)
2019-09-09 07:58:28,226 [pool-699-thread-1] INFO  storage.RaftStorageDirectory (RaftStorageDirectory.java:analyzeStorage(246)) - The storage directory /workdir/hadoop-ozone/integration-test/target/test-dir/MiniOzoneClusterImpl-e70ec129-6ead-427c-a372-e351fbe58a4c/datanode-2/data/ratis/c9ba5001-7c50-4b87-a352-4ca054b1428d does not exist. Creating ...
2019-09-09 07:58:28,229 [IPC Server handler 3 on 40440] INFO  net.NetworkTopology (NetworkTopologyImpl.java:add(110)) - Added a new node: /default-rack/b1439841-d28e-4b57-8db6-1dcfa6542f23
2019-09-09 07:58:28,229 [IPC Server handler 3 on 40440] INFO  node.SCMNodeManager (SCMNodeManager.java:register(266)) - Registered Data node : b1439841-d28e-4b57-8db6-1dcfa6542f23{ip: 192.168.69.102, host: pr-hdds-2007-qlx9r-406833628, networkLocation: /default-rack, certSerialId: null}
2019-09-09 07:58:28,245 [pool-699-thread-1] INFO  storage.RaftStorageDirectory (RaftStorageDirectory.java:tryLock(328)) - Lock on /workdir/hadoop-ozone/integration-test/target/test-dir/MiniOzoneClusterImpl-e70ec129-6ead-427c-a372-e351fbe58a4c/datanode-2/data/ratis/c9ba5001-7c50-4b87-a352-4ca054b1428d/in_use.lock acquired by nodename 17097@pr-hdds-2007-qlx9r-406833628
2019-09-09 07:58:28,245 [pool-679-thread-1] INFO  storage.RaftStorageDirectory (RaftStorageDirectory.java:tryLock(328)) - Lock on /workdir/hadoop-ozone/integration-test/target/test-dir/MiniOzoneClusterImpl-e70ec129-6ead-427c-a372-e351fbe58a4c/datanode-0/data/ratis/c9ba5001-7c50-4b87-a352-4ca054b1428d/in_use.lock acquired by nodename 17097@pr-hdds-2007-qlx9r-406833628
2019-09-09 07:58:28,245 [pool-689-thread-1] INFO  storage.RaftStorageDirectory (RaftStorageDirectory.java:tryLock(328)) - Lock on /workdir/hadoop-ozone/integration-test/target/test-dir/MiniOzoneClusterImpl-e70ec129-6ead-427c-a372-e351fbe58a4c/datanode-1/data/ratis/c9ba5001-7c50-4b87-a352-4ca054b1428d/in_use.lock acquired by nodename 17097@pr-hdds-2007-qlx9r-406833628
2019-09-09 07:58:28,271 [pool-689-thread-1] INFO  storage.RaftStorage (RaftStorage.java:format(72)) - Storage directory /workdir/hadoop-ozone/integration-test/target/test-dir/MiniOzoneClusterImpl-e70ec129-6ead-427c-a372-e351fbe58a4c/datanode-1/data/ratis/c9ba5001-7c50-4b87-a352-4ca054b1428d has been successfully formatted.
2019-09-09 07:58:28,271 [pool-679-thread-1] INFO  storage.RaftStorage (RaftStorage.java:format(72)) - Storage directory /workdir/hadoop-ozone/integration-test/target/test-dir/MiniOzoneClusterImpl-e70ec129-6ead-427c-a372-e351fbe58a4c/datanode-0/data/ratis/c9ba5001-7c50-4b87-a352-4ca054b1428d has been successfully formatted.
2019-09-09 07:58:28,271 [pool-699-thread-1] INFO  storage.RaftStorage (RaftStorage.java:format(72)) - Storage directory /workdir/hadoop-ozone/integration-test/target/test-dir/MiniOzoneClusterImpl-e70ec129-6ead-427c-a372-e351fbe58a4c/datanode-2/data/ratis/c9ba5001-7c50-4b87-a352-4ca054b1428d has been successfully formatted.
2019-09-09 07:58:28,271 [pool-689-thread-1] INFO  ratis.ContainerStateMachine (ContainerStateMachine.java:loadSnapshot(227)) - group-4CA054B1428D: The snapshot info is null. Setting the last applied indexto:(t:0, i:~)
2019-09-09 07:58:28,271 [pool-699-thread-1] INFO  ratis.ContainerStateMachine (ContainerStateMachine.java:loadSnapshot(227)) - group-4CA054B1428D: The snapshot info is null. Setting the last applied indexto:(t:0, i:~)
2019-09-09 07:58:28,271 [pool-689-thread-1] INFO  server.RaftServerConfigKeys (ConfUtils.java:logGet(43)) - raft.server.leader.election.timeout = 120s (custom)
2019-09-09 07:58:28,271 [pool-679-thread-1] INFO  ratis.ContainerStateMachine (ContainerStateMachine.java:loadSnapshot(227)) - group-4CA054B1428D: The snapshot info is null. Setting the last applied indexto:(t:0, i:~)
2019-09-09 07:58:28,271 [pool-689-thread-1] INFO  server.RaftServerConfigKeys (ConfUtils.java:logGet(43)) - raft.server.log.use.memory = false (default)
2019-09-09 07:58:28,271 [pool-699-thread-1] INFO  server.RaftServerConfigKeys (ConfUtils.java:logGet(43)) - raft.server.leader.election.timeout = 120s (custom)
2019-09-09 07:58:28,272 [pool-689-thread-1] INFO  server.RaftServerConfigKeys (ConfUtils.java:logGet(43)) - raft.server.log.purge.gap = 1000000 (custom)
2019-09-09 07:58:28,271 [pool-679-thread-1] INFO  server.RaftServerConfigKeys (ConfUtils.java:logGet(43)) - raft.server.leader.election.timeout = 120s (custom)
2019-09-09 07:58:28,272 [pool-689-thread-1] INFO  server.RaftServerConfigKeys (ConfUtils.java:logGet(43)) - raft.server.log.appender.buffer.byte-limit = 33554432 (custom)
2019-09-09 07:58:28,272 [pool-699-thread-1] INFO  server.RaftServerConfigKeys (ConfUtils.java:logGet(43)) - raft.server.log.use.memory = false (default)
2019-09-09 07:58:28,272 [pool-689-thread-1] INFO  server.RaftServerConfigKeys (ConfUtils.java:logGet(43)) - raft.server.log.segment.size.max = 1048576 (custom)
2019-09-09 07:58:28,272 [pool-679-thread-1] INFO  server.RaftServerConfigKeys (ConfUtils.java:logGet(43)) - raft.server.log.use.memory = false (default)
2019-09-09 07:58:28,272 [pool-689-thread-1] INFO  server.RaftServerConfigKeys (ConfUtils.java:logGet(43)) - raft.server.log.segment.cache.num.max = 2 (custom)
2019-09-09 07:58:28,272 [pool-699-thread-1] INFO  server.RaftServerConfigKeys (ConfUtils.java:logGet(43)) - raft.server.log.purge.gap = 1000000 (custom)
2019-09-09 07:58:28,272 [pool-689-thread-1] INFO  segmented.SegmentedRaftLogWorker (SegmentedRaftLogWorker.java:<init>(172)) - new 98e6b70b-d673-4309-9f24-a1a199b24062-SegmentedRaftLogWorker:Storage Directory /workdir/hadoop-ozone/integration-test/target/test-dir/MiniOzoneClusterImpl-e70ec129-6ead-427c-a372-e351fbe58a4c/datanode-1/data/ratis/c9ba5001-7c50-4b87-a352-4ca054b1428d for RaftStorage:Storage Directory /workdir/hadoop-ozone/integration-test/target/test-dir/MiniOzoneClusterImpl-e70ec129-6ead-427c-a372-e351fbe58a4c/datanode-1/data/ratis/c9ba5001-7c50-4b87-a352-4ca054b1428d
2019-09-09 07:58:28,272 [pool-679-thread-1] INFO  server.RaftServerConfigKeys (ConfUtils.java:logGet(43)) - raft.server.log.purge.gap = 1000000 (custom)
2019-09-09 07:58:28,272 [pool-689-thread-1] INFO  server.RaftServerConfigKeys (ConfUtils.java:logGet(43)) - raft.server.log.queue.byte-limit = 2147483647 (custom)
2019-09-09 07:58:28,272 [pool-699-thread-1] INFO  server.RaftServerConfigKeys (ConfUtils.java:logGet(43)) - raft.server.log.appender.buffer.byte-limit = 33554432 (custom)
2019-09-09 07:58:28,273 [pool-689-thread-1] INFO  server.RaftServerConfigKeys (ConfUtils.java:logGet(43)) - raft.server.log.queue.element-limit = 1024 (custom)
2019-09-09 07:58:28,272 [pool-679-thread-1] INFO  server.RaftServerConfigKeys (ConfUtils.java:logGet(43)) - raft.server.log.appender.buffer.byte-limit = 33554432 (custom)
2019-09-09 07:58:28,273 [pool-689-thread-1] INFO  server.RaftServerConfigKeys (ConfUtils.java:logGet(43)) - raft.server.log.segment.size.max = 1048576 (custom)
2019-09-09 07:58:28,273 [pool-699-thread-1] INFO  server.RaftServerConfigKeys (ConfUtils.java:logGet(43)) - raft.server.log.segment.size.max = 1048576 (custom)
2019-09-09 07:58:28,273 [pool-689-thread-1] INFO  server.RaftServerConfigKeys (ConfUtils.java:logGet(43)) - raft.server.log.preallocated.size = 16384 (custom)
2019-09-09 07:58:28,273 [pool-689-thread-1] INFO  server.RaftServerConfigKeys (ConfUtils.java:logGet(43)) - raft.server.log.write.buffer.size = 33554432 (custom)
2019-09-09 07:58:28,273 [pool-679-thread-1] INFO  server.RaftServerConfigKeys (ConfUtils.java:logGet(43)) - raft.server.log.segment.size.max = 1048576 (custom)
2019-09-09 07:58:28,273 [pool-689-thread-1] INFO  server.RaftServerConfigKeys (ConfUtils.java:logGet(43)) - raft.server.log.force.sync.num = 128 (default)
2019-09-09 07:58:28,273 [pool-689-thread-1] INFO  server.RaftServerConfigKeys (ConfUtils.java:logGet(43)) - raft.server.log.statemachine.data.sync = true (default)
2019-09-09 07:58:28,273 [pool-699-thread-1] INFO  server.RaftServerConfigKeys (ConfUtils.java:logGet(43)) - raft.server.log.segment.cache.num.max = 2 (custom)
2019-09-09 07:58:28,273 [pool-689-thread-1] INFO  server.RaftServerConfigKeys (ConfUtils.java:logGet(43)) - raft.server.log.statemachine.data.sync.timeout = 10s (default)
2019-09-09 07:58:28,274 [pool-689-thread-1] INFO  server.RaftServerConfigKeys (ConfUtils.java:logGet(43)) - raft.server.log.statemachine.data.sync.timeout.retry = -1 (default)
2019-09-09 07:58:28,273 [pool-679-thread-1] INFO  server.RaftServerConfigKeys (ConfUtils.java:logGet(43)) - raft.server.log.segment.cache.num.max = 2 (custom)
2019-09-09 07:58:28,274 [pool-689-thread-1] INFO  server.RaftServerConfigKeys (ConfUtils.java:logGet(43)) - raft.server.log.statemachine.data.caching.enabled = true (custom)
2019-09-09 07:58:28,274 [pool-699-thread-1] INFO  segmented.SegmentedRaftLogWorker (SegmentedRaftLogWorker.java:<init>(172)) - new 49246196-984b-451c-bd71-1d62e0d13355-SegmentedRaftLogWorker:Storage Directory /workdir/hadoop-ozone/integration-test/target/test-dir/MiniOzoneClusterImpl-e70ec129-6ead-427c-a372-e351fbe58a4c/datanode-2/data/ratis/c9ba5001-7c50-4b87-a352-4ca054b1428d for RaftStorage:Storage Directory /workdir/hadoop-ozone/integration-test/target/test-dir/MiniOzoneClusterImpl-e70ec129-6ead-427c-a372-e351fbe58a4c/datanode-2/data/ratis/c9ba5001-7c50-4b87-a352-4ca054b1428d
2019-09-09 07:58:28,274 [pool-679-thread-1] INFO  segmented.SegmentedRaftLogWorker (SegmentedRaftLogWorker.java:<init>(172)) - new 4d1035ec-513f-4ae8-938d-98e92fb6b91b-SegmentedRaftLogWorker:Storage Directory /workdir/hadoop-ozone/integration-test/target/test-dir/MiniOzoneClusterImpl-e70ec129-6ead-427c-a372-e351fbe58a4c/datanode-0/data/ratis/c9ba5001-7c50-4b87-a352-4ca054b1428d for RaftStorage:Storage Directory /workdir/hadoop-ozone/integration-test/target/test-dir/MiniOzoneClusterImpl-e70ec129-6ead-427c-a372-e351fbe58a4c/datanode-0/data/ratis/c9ba5001-7c50-4b87-a352-4ca054b1428d
2019-09-09 07:58:28,274 [pool-699-thread-1] INFO  server.RaftServerConfigKeys (ConfUtils.java:logGet(43)) - raft.server.log.queue.byte-limit = 2147483647 (custom)
2019-09-09 07:58:28,274 [pool-689-thread-1] INFO  segmented.SegmentedRaftLogWorker (SegmentedRaftLogWorker.java:lambda$new$0(132)) - 98e6b70b-d673-4309-9f24-a1a199b24062-SegmentedRaftLogWorker:Storage Directory /workdir/hadoop-ozone/integration-test/target/test-dir/MiniOzoneClusterImpl-e70ec129-6ead-427c-a372-e351fbe58a4c/datanode-1/data/ratis/c9ba5001-7c50-4b87-a352-4ca054b1428d: flushIndex: setUnconditionally 0 -> -1
2019-09-09 07:58:28,274 [pool-699-thread-1] INFO  server.RaftServerConfigKeys (ConfUtils.java:logGet(43)) - raft.server.log.queue.element-limit = 1024 (custom)
2019-09-09 07:58:28,274 [pool-679-thread-1] INFO  server.RaftServerConfigKeys (ConfUtils.java:logGet(43)) - raft.server.log.queue.byte-limit = 2147483647 (custom)
2019-09-09 07:58:28,274 [pool-699-thread-1] INFO  server.RaftServerConfigKeys (ConfUtils.java:logGet(43)) - raft.server.log.segment.size.max = 1048576 (custom)
2019-09-09 07:58:28,274 [pool-689-thread-1] INFO  server.RaftServerConfigKeys (ConfUtils.java:logGet(43)) - raft.server.snapshot.auto.trigger.enabled = true (custom)
2019-09-09 07:58:28,275 [pool-699-thread-1] INFO  server.RaftServerConfigKeys (ConfUtils.java:logGet(43)) - raft.server.log.preallocated.size = 16384 (custom)
2019-09-09 07:58:28,274 [pool-679-thread-1] INFO  server.RaftServerConfigKeys (ConfUtils.java:logGet(43)) - raft.server.log.queue.element-limit = 1024 (custom)
2019-09-09 07:58:28,275 [pool-699-thread-1] INFO  server.RaftServerConfigKeys (ConfUtils.java:logGet(43)) - raft.server.log.write.buffer.size = 33554432 (custom)
2019-09-09 07:58:28,275 [pool-689-thread-1] INFO  server.RaftServerConfigKeys (ConfUtils.java:logGet(43)) - raft.server.snapshot.auto.trigger.threshold = 10000 (custom)
2019-09-09 07:58:28,275 [pool-699-thread-1] INFO  server.RaftServerConfigKeys (ConfUtils.java:logGet(43)) - raft.server.log.force.sync.num = 128 (default)
2019-09-09 07:58:28,275 [pool-679-thread-1] INFO  server.RaftServerConfigKeys (ConfUtils.java:logGet(43)) - raft.server.log.segment.size.max = 1048576 (custom)
2019-09-09 07:58:28,275 [pool-699-thread-1] INFO  server.RaftServerConfigKeys (ConfUtils.java:logGet(43)) - raft.server.log.statemachine.data.sync = true (default)
2019-09-09 07:58:28,275 [pool-689-thread-1] INFO  server.RaftServerConfigKeys (ConfUtils.java:logGet(43)) - raft.server.retrycache.expirytime = 600000ms (custom)
2019-09-09 07:58:28,275 [pool-699-thread-1] INFO  server.RaftServerConfigKeys (ConfUtils.java:logGet(43)) - raft.server.log.statemachine.data.sync.timeout = 10s (default)
2019-09-09 07:58:28,275 [pool-699-thread-1] INFO  server.RaftServerConfigKeys (ConfUtils.java:logGet(43)) - raft.server.log.statemachine.data.sync.timeout.retry = -1 (default)
2019-09-09 07:58:28,275 [pool-679-thread-1] INFO  server.RaftServerConfigKeys (ConfUtils.java:logGet(43)) - raft.server.log.preallocated.size = 16384 (custom)
2019-09-09 07:58:28,276 [pool-699-thread-1] INFO  server.RaftServerConfigKeys (ConfUtils.java:logGet(43)) - raft.server.log.statemachine.data.caching.enabled = true (custom)
2019-09-09 07:58:28,275 [pool-689-thread-1] INFO  impl.RaftServerImpl (RaftServerImpl.java:start(180)) - 98e6b70b-d673-4309-9f24-a1a199b24062: start group-4CA054B1428D
2019-09-09 07:58:28,276 [pool-679-thread-1] INFO  server.RaftServerConfigKeys (ConfUtils.java:logGet(43)) - raft.server.log.write.buffer.size = 33554432 (custom)
2019-09-09 07:58:28,276 [pool-699-thread-1] INFO  segmented.SegmentedRaftLogWorker (SegmentedRaftLogWorker.java:lambda$new$0(132)) - 49246196-984b-451c-bd71-1d62e0d13355-SegmentedRaftLogWorker:Storage Directory /workdir/hadoop-ozone/integration-test/target/test-dir/MiniOzoneClusterImpl-e70ec129-6ead-427c-a372-e351fbe58a4c/datanode-2/data/ratis/c9ba5001-7c50-4b87-a352-4ca054b1428d: flushIndex: setUnconditionally 0 -> -1
2019-09-09 07:58:28,276 [pool-689-thread-1] INFO  impl.RaftServerImpl (RaftServerImpl.java:setRole(171)) - 98e6b70b-d673-4309-9f24-a1a199b24062:group-4CA054B1428D changes role from null to FOLLOWER at term 0 for startAsFollower
2019-09-09 07:58:28,276 [pool-679-thread-1] INFO  server.RaftServerConfigKeys (ConfUtils.java:logGet(43)) - raft.server.log.force.sync.num = 128 (default)
2019-09-09 07:58:28,276 [pool-689-thread-1] INFO  impl.RoleInfo (RoleInfo.java:updateAndGet(143)) - 98e6b70b-d673-4309-9f24-a1a199b24062: start FollowerState
2019-09-09 07:58:28,276 [pool-699-thread-1] INFO  server.RaftServerConfigKeys (ConfUtils.java:logGet(43)) - raft.server.snapshot.auto.trigger.enabled = true (custom)
2019-09-09 07:58:28,276 [pool-679-thread-1] INFO  server.RaftServerConfigKeys (ConfUtils.java:logGet(43)) - raft.server.log.statemachine.data.sync = true (default)
2019-09-09 07:58:28,276 [pool-699-thread-1] INFO  server.RaftServerConfigKeys (ConfUtils.java:logGet(43)) - raft.server.snapshot.auto.trigger.threshold = 10000 (custom)
2019-09-09 07:58:28,277 [pool-689-thread-1] INFO  util.JmxRegister (JmxRegister.java:tryRegister(44)) - Successfully registered JMX Bean with object name Ratis:service=RaftServer,group=group-4CA054B1428D,id=98e6b70b-d673-4309-9f24-a1a199b24062
2019-09-09 07:58:28,277 [pool-679-thread-1] INFO  server.RaftServerConfigKeys (ConfUtils.java:logGet(43)) - raft.server.log.statemachine.data.sync.timeout = 10s (default)
2019-09-09 07:58:28,277 [pool-699-thread-1] INFO  server.RaftServerConfigKeys (ConfUtils.java:logGet(43)) - raft.server.retrycache.expirytime = 600000ms (custom)
2019-09-09 07:58:28,277 [pool-679-thread-1] INFO  server.RaftServerConfigKeys (ConfUtils.java:logGet(43)) - raft.server.log.statemachine.data.sync.timeout.retry = -1 (default)
2019-09-09 07:58:28,277 [pool-699-thread-1] INFO  impl.RaftServerImpl (RaftServerImpl.java:start(180)) - 49246196-984b-451c-bd71-1d62e0d13355: start group-4CA054B1428D
2019-09-09 07:58:28,277 [pool-679-thread-1] INFO  server.RaftServerConfigKeys (ConfUtils.java:logGet(43)) - raft.server.log.statemachine.data.caching.enabled = true (custom)
2019-09-09 07:58:28,277 [pool-699-thread-1] INFO  impl.RaftServerImpl (RaftServerImpl.java:setRole(171)) - 49246196-984b-451c-bd71-1d62e0d13355:group-4CA054B1428D changes role from null to FOLLOWER at term 0 for startAsFollower
2019-09-09 07:58:28,277 [pool-699-thread-1] INFO  impl.RoleInfo (RoleInfo.java:updateAndGet(143)) - 49246196-984b-451c-bd71-1d62e0d13355: start FollowerState
2019-09-09 07:58:28,277 [pool-679-thread-1] INFO  segmented.SegmentedRaftLogWorker (SegmentedRaftLogWorker.java:lambda$new$0(132)) - 4d1035ec-513f-4ae8-938d-98e92fb6b91b-SegmentedRaftLogWorker:Storage Directory /workdir/hadoop-ozone/integration-test/target/test-dir/MiniOzoneClusterImpl-e70ec129-6ead-427c-a372-e351fbe58a4c/datanode-0/data/ratis/c9ba5001-7c50-4b87-a352-4ca054b1428d: flushIndex: setUnconditionally 0 -> -1
2019-09-09 07:58:28,280 [pool-699-thread-1] INFO  util.JmxRegister (JmxRegister.java:tryRegister(44)) - Successfully registered JMX Bean with object name Ratis:service=RaftServer,group=group-4CA054B1428D,id=49246196-984b-451c-bd71-1d62e0d13355
2019-09-09 07:58:28,280 [pool-679-thread-1] INFO  server.RaftServerConfigKeys (ConfUtils.java:logGet(43)) - raft.server.snapshot.auto.trigger.enabled = true (custom)
2019-09-09 07:58:28,280 [pool-679-thread-1] INFO  server.RaftServerConfigKeys (ConfUtils.java:logGet(43)) - raft.server.snapshot.auto.trigger.threshold = 10000 (custom)
2019-09-09 07:58:28,281 [pool-679-thread-1] INFO  server.RaftServerConfigKeys (ConfUtils.java:logGet(43)) - raft.server.retrycache.expirytime = 600000ms (custom)
2019-09-09 07:58:28,281 [pool-679-thread-1] INFO  impl.RaftServerImpl (RaftServerImpl.java:start(180)) - 4d1035ec-513f-4ae8-938d-98e92fb6b91b: start group-4CA054B1428D
2019-09-09 07:58:28,281 [pool-679-thread-1] INFO  impl.RaftServerImpl (RaftServerImpl.java:setRole(171)) - 4d1035ec-513f-4ae8-938d-98e92fb6b91b:group-4CA054B1428D changes role from null to FOLLOWER at term 0 for startAsFollower
2019-09-09 07:58:28,283 [pool-679-thread-1] INFO  impl.RoleInfo (RoleInfo.java:updateAndGet(143)) - 4d1035ec-513f-4ae8-938d-98e92fb6b91b: start FollowerState
2019-09-09 07:58:28,283 [pool-679-thread-1] INFO  util.JmxRegister (JmxRegister.java:tryRegister(44)) - Successfully registered JMX Bean with object name Ratis:service=RaftServer,group=group-4CA054B1428D,id=4d1035ec-513f-4ae8-938d-98e92fb6b91b
2019-09-09 07:58:28,287 [RatisPipelineUtilsThread] INFO  pipeline.PipelineStateManager (PipelineStateManager.java:addPipeline(56)) - Created pipeline Pipeline[ Id: c9ba5001-7c50-4b87-a352-4ca054b1428d, Nodes: 4d1035ec-513f-4ae8-938d-98e92fb6b91b{ip: 192.168.69.102, host: pr-hdds-2007-qlx9r-406833628, networkLocation: /default-rack, certSerialId: null}98e6b70b-d673-4309-9f24-a1a199b24062{ip: 192.168.69.102, host: pr-hdds-2007-qlx9r-406833628, networkLocation: /default-rack, certSerialId: null}49246196-984b-451c-bd71-1d62e0d13355{ip: 192.168.69.102, host: pr-hdds-2007-qlx9r-406833628, networkLocation: /default-rack, certSerialId: null}, Type:RATIS, Factor:THREE, State:OPEN]
2019-09-09 07:58:28,292 [IPC Server handler 5 on 40440] INFO  net.NetworkTopology (NetworkTopologyImpl.java:add(110)) - Added a new node: /default-rack/ba68b7d1-9d4d-4ed7-bfd0-91b88768130d
2019-09-09 07:58:28,292 [grpc-default-executor-9] INFO  impl.RaftServerProxy (RaftServerProxy.java:addNew(89)) - b1439841-d28e-4b57-8db6-1dcfa6542f23: addNew group-7C7BBD780AC3:[b1439841-d28e-4b57-8db6-1dcfa6542f23:192.168.69.102:35191] returns group-7C7BBD780AC3:java.util.concurrent.CompletableFuture@45cc948d[Not completed]
2019-09-09 07:58:28,293 [IPC Server handler 5 on 40440] INFO  node.SCMNodeManager (SCMNodeManager.java:register(266)) - Registered Data node : ba68b7d1-9d4d-4ed7-bfd0-91b88768130d{ip: 192.168.69.102, host: pr-hdds-2007-qlx9r-406833628, networkLocation: /default-rack, certSerialId: null}
2019-09-09 07:58:28,294 [pool-709-thread-1] INFO  impl.RaftServerImpl (RaftServerImpl.java:<init>(93)) - b1439841-d28e-4b57-8db6-1dcfa6542f23: new RaftServerImpl for group-7C7BBD780AC3:[b1439841-d28e-4b57-8db6-1dcfa6542f23:192.168.69.102:35191] with ContainerStateMachine:uninitialized
2019-09-09 07:58:28,294 [pool-709-thread-1] INFO  server.RaftServerConfigKeys (ConfUtils.java:logGet(43)) - raft.server.rpc.timeout.min = 5s (custom)
2019-09-09 07:58:28,294 [pool-709-thread-1] INFO  server.RaftServerConfigKeys (ConfUtils.java:logGet(43)) - raft.server.rpc.timeout.max = 5200ms (custom)
2019-09-09 07:58:28,294 [pool-709-thread-1] INFO  server.RaftServerConfigKeys (ConfUtils.java:logGet(43)) - raft.server.rpcslowness.timeout = 120s (custom)
2019-09-09 07:58:28,294 [pool-709-thread-1] INFO  server.RaftServerConfigKeys (ConfUtils.java:logGet(43)) - raft.server.sleep.deviation.threshold = 300 (default)
2019-09-09 07:58:28,294 [pool-709-thread-1] INFO  server.RaftServerConfigKeys (ConfUtils.java:logGet(43)) - raft.server.log.appender.install.snapshot.enabled = false (custom)
2019-09-09 07:58:28,294 [pool-709-thread-1] INFO  impl.RaftServerImpl (ServerState.java:<init>(105)) - b1439841-d28e-4b57-8db6-1dcfa6542f23:group-7C7BBD780AC3 ConfigurationManager, init=-1: [b1439841-d28e-4b57-8db6-1dcfa6542f23:192.168.69.102:35191], old=null, confs=<EMPTY_MAP>
2019-09-09 07:58:28,294 [pool-709-thread-1] INFO  server.RaftServerConfigKeys (ConfUtils.java:logGet(43)) - raft.server.storage.dir = [/workdir/hadoop-ozone/integration-test/target/test-dir/MiniOzoneClusterImpl-e70ec129-6ead-427c-a372-e351fbe58a4c/datanode-3/data/ratis] (custom)
2019-09-09 07:58:28,295 [pool-709-thread-1] INFO  storage.RaftStorageDirectory (RaftStorageDirectory.java:analyzeStorage(246)) - The storage directory /workdir/hadoop-ozone/integration-test/target/test-dir/MiniOzoneClusterImpl-e70ec129-6ead-427c-a372-e351fbe58a4c/datanode-3/data/ratis/714eb89a-1d51-48ca-9760-7c7bbd780ac3 does not exist. Creating ...
2019-09-09 07:58:28,306 [pool-709-thread-1] INFO  storage.RaftStorageDirectory (RaftStorageDirectory.java:tryLock(328)) - Lock on /workdir/hadoop-ozone/integration-test/target/test-dir/MiniOzoneClusterImpl-e70ec129-6ead-427c-a372-e351fbe58a4c/datanode-3/data/ratis/714eb89a-1d51-48ca-9760-7c7bbd780ac3/in_use.lock acquired by nodename 17097@pr-hdds-2007-qlx9r-406833628
2019-09-09 07:58:28,325 [pool-709-thread-1] INFO  storage.RaftStorage (RaftStorage.java:format(72)) - Storage directory /workdir/hadoop-ozone/integration-test/target/test-dir/MiniOzoneClusterImpl-e70ec129-6ead-427c-a372-e351fbe58a4c/datanode-3/data/ratis/714eb89a-1d51-48ca-9760-7c7bbd780ac3 has been successfully formatted.
2019-09-09 07:58:28,325 [pool-709-thread-1] INFO  ratis.ContainerStateMachine (ContainerStateMachine.java:loadSnapshot(227)) - group-7C7BBD780AC3: The snapshot info is null. Setting the last applied indexto:(t:0, i:~)
2019-09-09 07:58:28,325 [pool-709-thread-1] INFO  server.RaftServerConfigKeys (ConfUtils.java:logGet(43)) - raft.server.leader.election.timeout = 120s (custom)
2019-09-09 07:58:28,325 [pool-709-thread-1] INFO  server.RaftServerConfigKeys (ConfUtils.java:logGet(43)) - raft.server.log.use.memory = false (default)
2019-09-09 07:58:28,325 [pool-709-thread-1] INFO  server.RaftServerConfigKeys (ConfUtils.java:logGet(43)) - raft.server.log.purge.gap = 1000000 (custom)
2019-09-09 07:58:28,325 [pool-709-thread-1] INFO  server.RaftServerConfigKeys (ConfUtils.java:logGet(43)) - raft.server.log.appender.buffer.byte-limit = 33554432 (custom)
2019-09-09 07:58:28,325 [pool-709-thread-1] INFO  server.RaftServerConfigKeys (ConfUtils.java:logGet(43)) - raft.server.log.segment.size.max = 1048576 (custom)
2019-09-09 07:58:28,325 [pool-709-thread-1] INFO  server.RaftServerConfigKeys (ConfUtils.java:logGet(43)) - raft.server.log.segment.cache.num.max = 2 (custom)
2019-09-09 07:58:28,326 [pool-709-thread-1] INFO  segmented.SegmentedRaftLogWorker (SegmentedRaftLogWorker.java:<init>(172)) - new b1439841-d28e-4b57-8db6-1dcfa6542f23-SegmentedRaftLogWorker:Storage Directory /workdir/hadoop-ozone/integration-test/target/test-dir/MiniOzoneClusterImpl-e70ec129-6ead-427c-a372-e351fbe58a4c/datanode-3/data/ratis/714eb89a-1d51-48ca-9760-7c7bbd780ac3 for RaftStorage:Storage Directory /workdir/hadoop-ozone/integration-test/target/test-dir/MiniOzoneClusterImpl-e70ec129-6ead-427c-a372-e351fbe58a4c/datanode-3/data/ratis/714eb89a-1d51-48ca-9760-7c7bbd780ac3
2019-09-09 07:58:28,326 [pool-709-thread-1] INFO  server.RaftServerConfigKeys (ConfUtils.java:logGet(43)) - raft.server.log.queue.byte-limit = 2147483647 (custom)
2019-09-09 07:58:28,326 [pool-709-thread-1] INFO  server.RaftServerConfigKeys (ConfUtils.java:logGet(43)) - raft.server.log.queue.element-limit = 1024 (custom)
2019-09-09 07:58:28,326 [pool-709-thread-1] INFO  server.RaftServerConfigKeys (ConfUtils.java:logGet(43)) - raft.server.log.segment.size.max = 1048576 (custom)
2019-09-09 07:58:28,326 [pool-709-thread-1] INFO  server.RaftServerConfigKeys (ConfUtils.java:logGet(43)) - raft.server.log.preallocated.size = 16384 (custom)
2019-09-09 07:58:28,326 [pool-709-thread-1] INFO  server.RaftServerConfigKeys (ConfUtils.java:logGet(43)) - raft.server.log.write.buffer.size = 33554432 (custom)
2019-09-09 07:58:28,326 [pool-709-thread-1] INFO  server.RaftServerConfigKeys (ConfUtils.java:logGet(43)) - raft.server.log.force.sync.num = 128 (default)
2019-09-09 07:58:28,326 [pool-709-thread-1] INFO  server.RaftServerConfigKeys (ConfUtils.java:logGet(43)) - raft.server.log.statemachine.data.sync = true (default)
2019-09-09 07:58:28,326 [pool-709-thread-1] INFO  server.RaftServerConfigKeys (ConfUtils.java:logGet(43)) - raft.server.log.statemachine.data.sync.timeout = 10s (default)
2019-09-09 07:58:28,327 [pool-709-thread-1] INFO  server.RaftServerConfigKeys (ConfUtils.java:logGet(43)) - raft.server.log.statemachine.data.sync.timeout.retry = -1 (default)
2019-09-09 07:58:28,327 [pool-709-thread-1] INFO  server.RaftServerConfigKeys (ConfUtils.java:logGet(43)) - raft.server.log.statemachine.data.caching.enabled = true (custom)
2019-09-09 07:58:28,327 [pool-709-thread-1] INFO  segmented.SegmentedRaftLogWorker (SegmentedRaftLogWorker.java:lambda$new$0(132)) - b1439841-d28e-4b57-8db6-1dcfa6542f23-SegmentedRaftLogWorker:Storage Directory /workdir/hadoop-ozone/integration-test/target/test-dir/MiniOzoneClusterImpl-e70ec129-6ead-427c-a372-e351fbe58a4c/datanode-3/data/ratis/714eb89a-1d51-48ca-9760-7c7bbd780ac3: flushIndex: setUnconditionally 0 -> -1
2019-09-09 07:58:28,327 [pool-709-thread-1] INFO  server.RaftServerConfigKeys (ConfUtils.java:logGet(43)) - raft.server.snapshot.auto.trigger.enabled = true (custom)
2019-09-09 07:58:28,327 [pool-709-thread-1] INFO  server.RaftServerConfigKeys (ConfUtils.java:logGet(43)) - raft.server.snapshot.auto.trigger.threshold = 10000 (custom)
2019-09-09 07:58:28,327 [pool-709-thread-1] INFO  server.RaftServerConfigKeys (ConfUtils.java:logGet(43)) - raft.server.retrycache.expirytime = 600000ms (custom)
2019-09-09 07:58:28,328 [pool-709-thread-1] INFO  impl.RaftServerImpl (RaftServerImpl.java:start(180)) - b1439841-d28e-4b57-8db6-1dcfa6542f23: start group-7C7BBD780AC3
2019-09-09 07:58:28,328 [pool-709-thread-1] INFO  impl.RaftServerImpl (RaftServerImpl.java:setRole(171)) - b1439841-d28e-4b57-8db6-1dcfa6542f23:group-7C7BBD780AC3 changes role from null to FOLLOWER at term 0 for startAsFollower
2019-09-09 07:58:28,328 [pool-709-thread-1] INFO  impl.RoleInfo (RoleInfo.java:updateAndGet(143)) - b1439841-d28e-4b57-8db6-1dcfa6542f23: start FollowerState
2019-09-09 07:58:28,328 [pool-709-thread-1] INFO  util.JmxRegister (JmxRegister.java:tryRegister(44)) - Successfully registered JMX Bean with object name Ratis:service=RaftServer,group=group-7C7BBD780AC3,id=b1439841-d28e-4b57-8db6-1dcfa6542f23
2019-09-09 07:58:28,332 [RatisPipelineUtilsThread] INFO  pipeline.PipelineStateManager (PipelineStateManager.java:addPipeline(56)) - Created pipeline Pipeline[ Id: 714eb89a-1d51-48ca-9760-7c7bbd780ac3, Nodes: b1439841-d28e-4b57-8db6-1dcfa6542f23{ip: 192.168.69.102, host: pr-hdds-2007-qlx9r-406833628, networkLocation: /default-rack, certSerialId: null}, Type:RATIS, Factor:ONE, State:OPEN]
2019-09-09 07:58:28,340 [grpc-default-executor-9] INFO  impl.RaftServerProxy (RaftServerProxy.java:addNew(89)) - ba68b7d1-9d4d-4ed7-bfd0-91b88768130d: addNew group-00FD3763B77C:[ba68b7d1-9d4d-4ed7-bfd0-91b88768130d:192.168.69.102:35514] returns group-00FD3763B77C:java.util.concurrent.CompletableFuture@dc23ebb[Not completed]
2019-09-09 07:58:28,340 [pool-719-thread-1] INFO  impl.RaftServerImpl (RaftServerImpl.java:<init>(93)) - ba68b7d1-9d4d-4ed7-bfd0-91b88768130d: new RaftServerImpl for group-00FD3763B77C:[ba68b7d1-9d4d-4ed7-bfd0-91b88768130d:192.168.69.102:35514] with ContainerStateMachine:uninitialized
2019-09-09 07:58:28,341 [pool-719-thread-1] INFO  server.RaftServerConfigKeys (ConfUtils.java:logGet(43)) - raft.server.rpc.timeout.min = 5s (custom)
2019-09-09 07:58:28,341 [pool-719-thread-1] INFO  server.RaftServerConfigKeys (ConfUtils.java:logGet(43)) - raft.server.rpc.timeout.max = 5200ms (custom)
2019-09-09 07:58:28,341 [pool-719-thread-1] INFO  server.RaftServerConfigKeys (ConfUtils.java:logGet(43)) - raft.server.rpcslowness.timeout = 120s (custom)
2019-09-09 07:58:28,341 [pool-719-thread-1] INFO  server.RaftServerConfigKeys (ConfUtils.java:logGet(43)) - raft.server.sleep.deviation.threshold = 300 (default)
2019-09-09 07:58:28,341 [pool-719-thread-1] INFO  server.RaftServerConfigKeys (ConfUtils.java:logGet(43)) - raft.server.log.appender.install.snapshot.enabled = false (custom)
2019-09-09 07:58:28,341 [pool-719-thread-1] INFO  impl.RaftServerImpl (ServerState.java:<init>(105)) - ba68b7d1-9d4d-4ed7-bfd0-91b88768130d:group-00FD3763B77C ConfigurationManager, init=-1: [ba68b7d1-9d4d-4ed7-bfd0-91b88768130d:192.168.69.102:35514], old=null, confs=<EMPTY_MAP>
2019-09-09 07:58:28,341 [pool-719-thread-1] INFO  server.RaftServerConfigKeys (ConfUtils.java:logGet(43)) - raft.server.storage.dir = [/workdir/hadoop-ozone/integration-test/target/test-dir/MiniOzoneClusterImpl-e70ec129-6ead-427c-a372-e351fbe58a4c/datanode-4/data/ratis] (custom)
2019-09-09 07:58:28,341 [pool-719-thread-1] INFO  storage.RaftStorageDirectory (RaftStorageDirectory.java:analyzeStorage(246)) - The storage directory /workdir/hadoop-ozone/integration-test/target/test-dir/MiniOzoneClusterImpl-e70ec129-6ead-427c-a372-e351fbe58a4c/datanode-4/data/ratis/b3c83a75-8bf4-4619-8e1a-00fd3763b77c does not exist. Creating ...
2019-09-09 07:58:28,356 [pool-719-thread-1] INFO  storage.RaftStorageDirectory (RaftStorageDirectory.java:tryLock(328)) - Lock on /workdir/hadoop-ozone/integration-test/target/test-dir/MiniOzoneClusterImpl-e70ec129-6ead-427c-a372-e351fbe58a4c/datanode-4/data/ratis/b3c83a75-8bf4-4619-8e1a-00fd3763b77c/in_use.lock acquired by nodename 17097@pr-hdds-2007-qlx9r-406833628
2019-09-09 07:58:28,367 [IPC Server handler 4 on 40440] INFO  net.NetworkTopology (NetworkTopologyImpl.java:add(110)) - Added a new node: /default-rack/ec91b32c-f877-45bd-adae-663f9529a22c
2019-09-09 07:58:28,367 [IPC Server handler 4 on 40440] INFO  node.SCMNodeManager (SCMNodeManager.java:register(266)) - Registered Data node : ec91b32c-f877-45bd-adae-663f9529a22c{ip: 192.168.69.102, host: pr-hdds-2007-qlx9r-406833628, networkLocation: /default-rack, certSerialId: null}
2019-09-09 07:58:28,373 [pool-719-thread-1] INFO  storage.RaftStorage (RaftStorage.java:format(72)) - Storage directory /workdir/hadoop-ozone/integration-test/target/test-dir/MiniOzoneClusterImpl-e70ec129-6ead-427c-a372-e351fbe58a4c/datanode-4/data/ratis/b3c83a75-8bf4-4619-8e1a-00fd3763b77c has been successfully formatted.
2019-09-09 07:58:28,373 [pool-719-thread-1] INFO  ratis.ContainerStateMachine (ContainerStateMachine.java:loadSnapshot(227)) - group-00FD3763B77C: The snapshot info is null. Setting the last applied indexto:(t:0, i:~)
2019-09-09 07:58:28,373 [pool-719-thread-1] INFO  server.RaftServerConfigKeys (ConfUtils.java:logGet(43)) - raft.server.leader.election.timeout = 120s (custom)
2019-09-09 07:58:28,373 [pool-719-thread-1] INFO  server.RaftServerConfigKeys (ConfUtils.java:logGet(43)) - raft.server.log.use.memory = false (default)
2019-09-09 07:58:28,373 [pool-719-thread-1] INFO  server.RaftServerConfigKeys (ConfUtils.java:logGet(43)) - raft.server.log.purge.gap = 1000000 (custom)
2019-09-09 07:58:28,373 [pool-719-thread-1] INFO  server.RaftServerConfigKeys (ConfUtils.java:logGet(43)) - raft.server.log.appender.buffer.byte-limit = 33554432 (custom)
2019-09-09 07:58:28,373 [pool-719-thread-1] INFO  server.RaftServerConfigKeys (ConfUtils.java:logGet(43)) - raft.server.log.segment.size.max = 1048576 (custom)
2019-09-09 07:58:28,374 [pool-719-thread-1] INFO  server.RaftServerConfigKeys (ConfUtils.java:logGet(43)) - raft.server.log.segment.cache.num.max = 2 (custom)
2019-09-09 07:58:28,374 [pool-719-thread-1] INFO  segmented.SegmentedRaftLogWorker (SegmentedRaftLogWorker.java:<init>(172)) - new ba68b7d1-9d4d-4ed7-bfd0-91b88768130d-SegmentedRaftLogWorker:Storage Directory /workdir/hadoop-ozone/integration-test/target/test-dir/MiniOzoneClusterImpl-e70ec129-6ead-427c-a372-e351fbe58a4c/datanode-4/data/ratis/b3c83a75-8bf4-4619-8e1a-00fd3763b77c for RaftStorage:Storage Directory /workdir/hadoop-ozone/integration-test/target/test-dir/MiniOzoneClusterImpl-e70ec129-6ead-427c-a372-e351fbe58a4c/datanode-4/data/ratis/b3c83a75-8bf4-4619-8e1a-00fd3763b77c
2019-09-09 07:58:28,374 [pool-719-thread-1] INFO  server.RaftServerConfigKeys (ConfUtils.java:logGet(43)) - raft.server.log.queue.byte-limit = 2147483647 (custom)
2019-09-09 07:58:28,374 [pool-719-thread-1] INFO  server.RaftServerConfigKeys (ConfUtils.java:logGet(43)) - raft.server.log.queue.element-limit = 1024 (custom)
2019-09-09 07:58:28,374 [pool-719-thread-1] INFO  server.RaftServerConfigKeys (ConfUtils.java:logGet(43)) - raft.server.log.segment.size.max = 1048576 (custom)
2019-09-09 07:58:28,374 [pool-719-thread-1] INFO  server.RaftServerConfigKeys (ConfUtils.java:logGet(43)) - raft.server.log.preallocated.size = 16384 (custom)
2019-09-09 07:58:28,374 [pool-719-thread-1] INFO  server.RaftServerConfigKeys (ConfUtils.java:logGet(43)) - raft.server.log.write.buffer.size = 33554432 (custom)
2019-09-09 07:58:28,374 [pool-719-thread-1] INFO  server.RaftServerConfigKeys (ConfUtils.java:logGet(43)) - raft.server.log.force.sync.num = 128 (default)
2019-09-09 07:58:28,374 [pool-719-thread-1] INFO  server.RaftServerConfigKeys (ConfUtils.java:logGet(43)) - raft.server.log.statemachine.data.sync = true (default)
2019-09-09 07:58:28,374 [pool-719-thread-1] INFO  server.RaftServerConfigKeys (ConfUtils.java:logGet(43)) - raft.server.log.statemachine.data.sync.timeout = 10s (default)
2019-09-09 07:58:28,374 [pool-719-thread-1] INFO  server.RaftServerConfigKeys (ConfUtils.java:logGet(43)) - raft.server.log.statemachine.data.sync.timeout.retry = -1 (default)
2019-09-09 07:58:28,375 [pool-719-thread-1] INFO  server.RaftServerConfigKeys (ConfUtils.java:logGet(43)) - raft.server.log.statemachine.data.caching.enabled = true (custom)
2019-09-09 07:58:28,375 [pool-719-thread-1] INFO  segmented.SegmentedRaftLogWorker (SegmentedRaftLogWorker.java:lambda$new$0(132)) - ba68b7d1-9d4d-4ed7-bfd0-91b88768130d-SegmentedRaftLogWorker:Storage Directory /workdir/hadoop-ozone/integration-test/target/test-dir/MiniOzoneClusterImpl-e70ec129-6ead-427c-a372-e351fbe58a4c/datanode-4/data/ratis/b3c83a75-8bf4-4619-8e1a-00fd3763b77c: flushIndex: setUnconditionally 0 -> -1
2019-09-09 07:58:28,375 [pool-719-thread-1] INFO  server.RaftServerConfigKeys (ConfUtils.java:logGet(43)) - raft.server.snapshot.auto.trigger.enabled = true (custom)
2019-09-09 07:58:28,375 [pool-719-thread-1] INFO  server.RaftServerConfigKeys (ConfUtils.java:logGet(43)) - raft.server.snapshot.auto.trigger.threshold = 10000 (custom)
2019-09-09 07:58:28,375 [pool-719-thread-1] INFO  server.RaftServerConfigKeys (ConfUtils.java:logGet(43)) - raft.server.retrycache.expirytime = 600000ms (custom)
2019-09-09 07:58:28,375 [pool-719-thread-1] INFO  impl.RaftServerImpl (RaftServerImpl.java:start(180)) - ba68b7d1-9d4d-4ed7-bfd0-91b88768130d: start group-00FD3763B77C
2019-09-09 07:58:28,375 [pool-719-thread-1] INFO  impl.RaftServerImpl (RaftServerImpl.java:setRole(171)) - ba68b7d1-9d4d-4ed7-bfd0-91b88768130d:group-00FD3763B77C changes role from null to FOLLOWER at term 0 for startAsFollower
2019-09-09 07:58:28,375 [pool-719-thread-1] INFO  impl.RoleInfo (RoleInfo.java:updateAndGet(143)) - ba68b7d1-9d4d-4ed7-bfd0-91b88768130d: start FollowerState
2019-09-09 07:58:28,376 [pool-719-thread-1] INFO  util.JmxRegister (JmxRegister.java:tryRegister(44)) - Successfully registered JMX Bean with object name Ratis:service=RaftServer,group=group-00FD3763B77C,id=ba68b7d1-9d4d-4ed7-bfd0-91b88768130d
2019-09-09 07:58:28,380 [RatisPipelineUtilsThread] INFO  pipeline.PipelineStateManager (PipelineStateManager.java:addPipeline(56)) - Created pipeline Pipeline[ Id: b3c83a75-8bf4-4619-8e1a-00fd3763b77c, Nodes: ba68b7d1-9d4d-4ed7-bfd0-91b88768130d{ip: 192.168.69.102, host: pr-hdds-2007-qlx9r-406833628, networkLocation: /default-rack, certSerialId: null}, Type:RATIS, Factor:ONE, State:OPEN]
2019-09-09 07:58:28,385 [grpc-default-executor-9] INFO  impl.RaftServerProxy (RaftServerProxy.java:addNew(89)) - ec91b32c-f877-45bd-adae-663f9529a22c: addNew group-D3F5E08236ED:[ec91b32c-f877-45bd-adae-663f9529a22c:192.168.69.102:44635] returns group-D3F5E08236ED:java.util.concurrent.CompletableFuture@6d9995dc[Not completed]
2019-09-09 07:58:28,386 [pool-729-thread-1] INFO  impl.RaftServerImpl (RaftServerImpl.java:<init>(93)) - ec91b32c-f877-45bd-adae-663f9529a22c: new RaftServerImpl for group-D3F5E08236ED:[ec91b32c-f877-45bd-adae-663f9529a22c:192.168.69.102:44635] with ContainerStateMachine:uninitialized
2019-09-09 07:58:28,386 [pool-729-thread-1] INFO  server.RaftServerConfigKeys (ConfUtils.java:logGet(43)) - raft.server.rpc.timeout.min = 5s (custom)
2019-09-09 07:58:28,386 [pool-729-thread-1] INFO  server.RaftServerConfigKeys (ConfUtils.java:logGet(43)) - raft.server.rpc.timeout.max = 5200ms (custom)
2019-09-09 07:58:28,386 [pool-729-thread-1] INFO  server.RaftServerConfigKeys (ConfUtils.java:logGet(43)) - raft.server.rpcslowness.timeout = 120s (custom)
2019-09-09 07:58:28,386 [pool-729-thread-1] INFO  server.RaftServerConfigKeys (ConfUtils.java:logGet(43)) - raft.server.sleep.deviation.threshold = 300 (default)
2019-09-09 07:58:28,387 [pool-729-thread-1] INFO  server.RaftServerConfigKeys (ConfUtils.java:logGet(43)) - raft.server.log.appender.install.snapshot.enabled = false (custom)
2019-09-09 07:58:28,387 [pool-729-thread-1] INFO  impl.RaftServerImpl (ServerState.java:<init>(105)) - ec91b32c-f877-45bd-adae-663f9529a22c:group-D3F5E08236ED ConfigurationManager, init=-1: [ec91b32c-f877-45bd-adae-663f9529a22c:192.168.69.102:44635], old=null, confs=<EMPTY_MAP>
2019-09-09 07:58:28,387 [pool-729-thread-1] INFO  server.RaftServerConfigKeys (ConfUtils.java:logGet(43)) - raft.server.storage.dir = [/workdir/hadoop-ozone/integration-test/target/test-dir/MiniOzoneClusterImpl-e70ec129-6ead-427c-a372-e351fbe58a4c/datanode-5/data/ratis] (custom)
2019-09-09 07:58:28,387 [pool-729-thread-1] INFO  storage.RaftStorageDirectory (RaftStorageDirectory.java:analyzeStorage(246)) - The storage directory /workdir/hadoop-ozone/integration-test/target/test-dir/MiniOzoneClusterImpl-e70ec129-6ead-427c-a372-e351fbe58a4c/datanode-5/data/ratis/f1c75883-cdaa-4a83-8c7a-d3f5e08236ed does not exist. Creating ...
2019-09-09 07:58:28,408 [pool-729-thread-1] INFO  storage.RaftStorageDirectory (RaftStorageDirectory.java:tryLock(328)) - Lock on /workdir/hadoop-ozone/integration-test/target/test-dir/MiniOzoneClusterImpl-e70ec129-6ead-427c-a372-e351fbe58a4c/datanode-5/data/ratis/f1c75883-cdaa-4a83-8c7a-d3f5e08236ed/in_use.lock acquired by nodename 17097@pr-hdds-2007-qlx9r-406833628
2019-09-09 07:58:28,427 [main] INFO  ozone.MiniOzoneClusterImpl (MiniOzoneClusterImpl.java:lambda$waitForClusterToBeReady$0(140)) - Waiting for cluster to be ready. Got 6 of 7 DN Heartbeats.
2019-09-09 07:58:28,427 [IPC Server handler 6 on 40440] INFO  net.NetworkTopology (NetworkTopologyImpl.java:add(110)) - Added a new node: /default-rack/087e4cee-409e-406d-bef1-b586fff3463e
2019-09-09 07:58:28,427 [IPC Server handler 6 on 40440] INFO  node.SCMNodeManager (SCMNodeManager.java:register(266)) - Registered Data node : 087e4cee-409e-406d-bef1-b586fff3463e{ip: 192.168.69.102, host: pr-hdds-2007-qlx9r-406833628, networkLocation: /default-rack, certSerialId: null}
2019-09-09 07:58:28,444 [pool-729-thread-1] INFO  storage.RaftStorage (RaftStorage.java:format(72)) - Storage directory /workdir/hadoop-ozone/integration-test/target/test-dir/MiniOzoneClusterImpl-e70ec129-6ead-427c-a372-e351fbe58a4c/datanode-5/data/ratis/f1c75883-cdaa-4a83-8c7a-d3f5e08236ed has been successfully formatted.
2019-09-09 07:58:28,445 [pool-729-thread-1] INFO  ratis.ContainerStateMachine (ContainerStateMachine.java:loadSnapshot(227)) - group-D3F5E08236ED: The snapshot info is null. Setting the last applied indexto:(t:0, i:~)
2019-09-09 07:58:28,445 [pool-729-thread-1] INFO  server.RaftServerConfigKeys (ConfUtils.java:logGet(43)) - raft.server.leader.election.timeout = 120s (custom)
2019-09-09 07:58:28,445 [pool-729-thread-1] INFO  server.RaftServerConfigKeys (ConfUtils.java:logGet(43)) - raft.server.log.use.memory = false (default)
2019-09-09 07:58:28,445 [pool-729-thread-1] INFO  server.RaftServerConfigKeys (ConfUtils.java:logGet(43)) - raft.server.log.purge.gap = 1000000 (custom)
2019-09-09 07:58:28,445 [pool-729-thread-1] INFO  server.RaftServerConfigKeys (ConfUtils.java:logGet(43)) - raft.server.log.appender.buffer.byte-limit = 33554432 (custom)
2019-09-09 07:58:28,445 [pool-729-thread-1] INFO  server.RaftServerConfigKeys (ConfUtils.java:logGet(43)) - raft.server.log.segment.size.max = 1048576 (custom)
2019-09-09 07:58:28,445 [pool-729-thread-1] INFO  server.RaftServerConfigKeys (ConfUtils.java:logGet(43)) - raft.server.log.segment.cache.num.max = 2 (custom)
2019-09-09 07:58:28,445 [pool-729-thread-1] INFO  segmented.SegmentedRaftLogWorker (SegmentedRaftLogWorker.java:<init>(172)) - new ec91b32c-f877-45bd-adae-663f9529a22c-SegmentedRaftLogWorker:Storage Directory /workdir/hadoop-ozone/integration-test/target/test-dir/MiniOzoneClusterImpl-e70ec129-6ead-427c-a372-e351fbe58a4c/datanode-5/data/ratis/f1c75883-cdaa-4a83-8c7a-d3f5e08236ed for RaftStorage:Storage Directory /workdir/hadoop-ozone/integration-test/target/test-dir/MiniOzoneClusterImpl-e70ec129-6ead-427c-a372-e351fbe58a4c/datanode-5/data/ratis/f1c75883-cdaa-4a83-8c7a-d3f5e08236ed
2019-09-09 07:58:28,445 [pool-729-thread-1] INFO  server.RaftServerConfigKeys (ConfUtils.java:logGet(43)) - raft.server.log.queue.byte-limit = 2147483647 (custom)
2019-09-09 07:58:28,445 [pool-729-thread-1] INFO  server.RaftServerConfigKeys (ConfUtils.java:logGet(43)) - raft.server.log.queue.element-limit = 1024 (custom)
2019-09-09 07:58:28,446 [pool-729-thread-1] INFO  server.RaftServerConfigKeys (ConfUtils.java:logGet(43)) - raft.server.log.segment.size.max = 1048576 (custom)
2019-09-09 07:58:28,446 [pool-729-thread-1] INFO  server.RaftServerConfigKeys (ConfUtils.java:logGet(43)) - raft.server.log.preallocated.size = 16384 (custom)
2019-09-09 07:58:28,446 [pool-729-thread-1] INFO  server.RaftServerConfigKeys (ConfUtils.java:logGet(43)) - raft.server.log.write.buffer.size = 33554432 (custom)
2019-09-09 07:58:28,446 [pool-729-thread-1] INFO  server.RaftServerConfigKeys (ConfUtils.java:logGet(43)) - raft.server.log.force.sync.num = 128 (default)
2019-09-09 07:58:28,446 [pool-729-thread-1] INFO  server.RaftServerConfigKeys (ConfUtils.java:logGet(43)) - raft.server.log.statemachine.data.sync = true (default)
2019-09-09 07:58:28,446 [pool-729-thread-1] INFO  server.RaftServerConfigKeys (ConfUtils.java:logGet(43)) - raft.server.log.statemachine.data.sync.timeout = 10s (default)
2019-09-09 07:58:28,446 [pool-729-thread-1] INFO  server.RaftServerConfigKeys (ConfUtils.java:logGet(43)) - raft.server.log.statemachine.data.sync.timeout.retry = -1 (default)
2019-09-09 07:58:28,446 [pool-729-thread-1] INFO  server.RaftServerConfigKeys (ConfUtils.java:logGet(43)) - raft.server.log.statemachine.data.caching.enabled = true (custom)
2019-09-09 07:58:28,446 [pool-729-thread-1] INFO  segmented.SegmentedRaftLogWorker (SegmentedRaftLogWorker.java:lambda$new$0(132)) - ec91b32c-f877-45bd-adae-663f9529a22c-SegmentedRaftLogWorker:Storage Directory /workdir/hadoop-ozone/integration-test/target/test-dir/MiniOzoneClusterImpl-e70ec129-6ead-427c-a372-e351fbe58a4c/datanode-5/data/ratis/f1c75883-cdaa-4a83-8c7a-d3f5e08236ed: flushIndex: setUnconditionally 0 -> -1
2019-09-09 07:58:28,447 [pool-729-thread-1] INFO  server.RaftServerConfigKeys (ConfUtils.java:logGet(43)) - raft.server.snapshot.auto.trigger.enabled = true (custom)
2019-09-09 07:58:28,447 [pool-729-thread-1] INFO  server.RaftServerConfigKeys (ConfUtils.java:logGet(43)) - raft.server.snapshot.auto.trigger.threshold = 10000 (custom)
2019-09-09 07:58:28,447 [pool-729-thread-1] INFO  server.RaftServerConfigKeys (ConfUtils.java:logGet(43)) - raft.server.retrycache.expirytime = 600000ms (custom)
2019-09-09 07:58:28,447 [pool-729-thread-1] INFO  impl.RaftServerImpl (RaftServerImpl.java:start(180)) - ec91b32c-f877-45bd-adae-663f9529a22c: start group-D3F5E08236ED
2019-09-09 07:58:28,447 [pool-729-thread-1] INFO  impl.RaftServerImpl (RaftServerImpl.java:setRole(171)) - ec91b32c-f877-45bd-adae-663f9529a22c:group-D3F5E08236ED changes role from null to FOLLOWER at term 0 for startAsFollower
2019-09-09 07:58:28,447 [pool-729-thread-1] INFO  impl.RoleInfo (RoleInfo.java:updateAndGet(143)) - ec91b32c-f877-45bd-adae-663f9529a22c: start FollowerState
2019-09-09 07:58:28,448 [pool-729-thread-1] INFO  util.JmxRegister (JmxRegister.java:tryRegister(44)) - Successfully registered JMX Bean with object name Ratis:service=RaftServer,group=group-D3F5E08236ED,id=ec91b32c-f877-45bd-adae-663f9529a22c
2019-09-09 07:58:28,452 [RatisPipelineUtilsThread] INFO  pipeline.PipelineStateManager (PipelineStateManager.java:addPipeline(56)) - Created pipeline Pipeline[ Id: f1c75883-cdaa-4a83-8c7a-d3f5e08236ed, Nodes: ec91b32c-f877-45bd-adae-663f9529a22c{ip: 192.168.69.102, host: pr-hdds-2007-qlx9r-406833628, networkLocation: /default-rack, certSerialId: null}, Type:RATIS, Factor:ONE, State:OPEN]
2019-09-09 07:58:28,464 [grpc-default-executor-9] INFO  impl.RaftServerProxy (RaftServerProxy.java:addNew(89)) - 087e4cee-409e-406d-bef1-b586fff3463e: addNew group-7904374F7DA7:[087e4cee-409e-406d-bef1-b586fff3463e:192.168.69.102:44977] returns group-7904374F7DA7:java.util.concurrent.CompletableFuture@29df569e[Not completed]
2019-09-09 07:58:28,464 [pool-739-thread-1] INFO  impl.RaftServerImpl (RaftServerImpl.java:<init>(93)) - 087e4cee-409e-406d-bef1-b586fff3463e: new RaftServerImpl for group-7904374F7DA7:[087e4cee-409e-406d-bef1-b586fff3463e:192.168.69.102:44977] with ContainerStateMachine:uninitialized
2019-09-09 07:58:28,465 [pool-739-thread-1] INFO  server.RaftServerConfigKeys (ConfUtils.java:logGet(43)) - raft.server.rpc.timeout.min = 5s (custom)
2019-09-09 07:58:28,465 [pool-739-thread-1] INFO  server.RaftServerConfigKeys (ConfUtils.java:logGet(43)) - raft.server.rpc.timeout.max = 5200ms (custom)
2019-09-09 07:58:28,465 [pool-739-thread-1] INFO  server.RaftServerConfigKeys (ConfUtils.java:logGet(43)) - raft.server.rpcslowness.timeout = 120s (custom)
2019-09-09 07:58:28,465 [pool-739-thread-1] INFO  server.RaftServerConfigKeys (ConfUtils.java:logGet(43)) - raft.server.sleep.deviation.threshold = 300 (default)
2019-09-09 07:58:28,465 [pool-739-thread-1] INFO  server.RaftServerConfigKeys (ConfUtils.java:logGet(43)) - raft.server.log.appender.install.snapshot.enabled = false (custom)
2019-09-09 07:58:28,465 [pool-739-thread-1] INFO  impl.RaftServerImpl (ServerState.java:<init>(105)) - 087e4cee-409e-406d-bef1-b586fff3463e:group-7904374F7DA7 ConfigurationManager, init=-1: [087e4cee-409e-406d-bef1-b586fff3463e:192.168.69.102:44977], old=null, confs=<EMPTY_MAP>
2019-09-09 07:58:28,465 [pool-739-thread-1] INFO  server.RaftServerConfigKeys (ConfUtils.java:logGet(43)) - raft.server.storage.dir = [/workdir/hadoop-ozone/integration-test/target/test-dir/MiniOzoneClusterImpl-e70ec129-6ead-427c-a372-e351fbe58a4c/datanode-6/data/ratis] (custom)
2019-09-09 07:58:28,465 [pool-739-thread-1] INFO  storage.RaftStorageDirectory (RaftStorageDirectory.java:analyzeStorage(246)) - The storage directory /workdir/hadoop-ozone/integration-test/target/test-dir/MiniOzoneClusterImpl-e70ec129-6ead-427c-a372-e351fbe58a4c/datanode-6/data/ratis/44567b5e-5836-406d-ba7a-7904374f7da7 does not exist. Creating ...
2019-09-09 07:58:28,487 [pool-739-thread-1] INFO  storage.RaftStorageDirectory (RaftStorageDirectory.java:tryLock(328)) - Lock on /workdir/hadoop-ozone/integration-test/target/test-dir/MiniOzoneClusterImpl-e70ec129-6ead-427c-a372-e351fbe58a4c/datanode-6/data/ratis/44567b5e-5836-406d-ba7a-7904374f7da7/in_use.lock acquired by nodename 17097@pr-hdds-2007-qlx9r-406833628
2019-09-09 07:58:28,537 [pool-739-thread-1] INFO  storage.RaftStorage (RaftStorage.java:format(72)) - Storage directory /workdir/hadoop-ozone/integration-test/target/test-dir/MiniOzoneClusterImpl-e70ec129-6ead-427c-a372-e351fbe58a4c/datanode-6/data/ratis/44567b5e-5836-406d-ba7a-7904374f7da7 has been successfully formatted.
2019-09-09 07:58:28,538 [pool-739-thread-1] INFO  ratis.ContainerStateMachine (ContainerStateMachine.java:loadSnapshot(227)) - group-7904374F7DA7: The snapshot info is null. Setting the last applied indexto:(t:0, i:~)
2019-09-09 07:58:28,538 [pool-739-thread-1] INFO  server.RaftServerConfigKeys (ConfUtils.java:logGet(43)) - raft.server.leader.election.timeout = 120s (custom)
2019-09-09 07:58:28,538 [pool-739-thread-1] INFO  server.RaftServerConfigKeys (ConfUtils.java:logGet(43)) - raft.server.log.use.memory = false (default)
2019-09-09 07:58:28,538 [pool-739-thread-1] INFO  server.RaftServerConfigKeys (ConfUtils.java:logGet(43)) - raft.server.log.purge.gap = 1000000 (custom)
2019-09-09 07:58:28,538 [pool-739-thread-1] INFO  server.RaftServerConfigKeys (ConfUtils.java:logGet(43)) - raft.server.log.appender.buffer.byte-limit = 33554432 (custom)
2019-09-09 07:58:28,538 [pool-739-thread-1] INFO  server.RaftServerConfigKeys (ConfUtils.java:logGet(43)) - raft.server.log.segment.size.max = 1048576 (custom)
2019-09-09 07:58:28,539 [pool-739-thread-1] INFO  server.RaftServerConfigKeys (ConfUtils.java:logGet(43)) - raft.server.log.segment.cache.num.max = 2 (custom)
2019-09-09 07:58:28,539 [pool-739-thread-1] INFO  segmented.SegmentedRaftLogWorker (SegmentedRaftLogWorker.java:<init>(172)) - new 087e4cee-409e-406d-bef1-b586fff3463e-SegmentedRaftLogWorker:Storage Directory /workdir/hadoop-ozone/integration-test/target/test-dir/MiniOzoneClusterImpl-e70ec129-6ead-427c-a372-e351fbe58a4c/datanode-6/data/ratis/44567b5e-5836-406d-ba7a-7904374f7da7 for RaftStorage:Storage Directory /workdir/hadoop-ozone/integration-test/target/test-dir/MiniOzoneClusterImpl-e70ec129-6ead-427c-a372-e351fbe58a4c/datanode-6/data/ratis/44567b5e-5836-406d-ba7a-7904374f7da7
2019-09-09 07:58:28,539 [pool-739-thread-1] INFO  server.RaftServerConfigKeys (ConfUtils.java:logGet(43)) - raft.server.log.queue.byte-limit = 2147483647 (custom)
2019-09-09 07:58:28,539 [pool-739-thread-1] INFO  server.RaftServerConfigKeys (ConfUtils.java:logGet(43)) - raft.server.log.queue.element-limit = 1024 (custom)
2019-09-09 07:58:28,539 [pool-739-thread-1] INFO  server.RaftServerConfigKeys (ConfUtils.java:logGet(43)) - raft.server.log.segment.size.max = 1048576 (custom)
2019-09-09 07:58:28,539 [pool-739-thread-1] INFO  server.RaftServerConfigKeys (ConfUtils.java:logGet(43)) - raft.server.log.preallocated.size = 16384 (custom)
2019-09-09 07:58:28,540 [pool-739-thread-1] INFO  server.RaftServerConfigKeys (ConfUtils.java:logGet(43)) - raft.server.log.write.buffer.size = 33554432 (custom)
2019-09-09 07:58:28,540 [pool-739-thread-1] INFO  server.RaftServerConfigKeys (ConfUtils.java:logGet(43)) - raft.server.log.force.sync.num = 128 (default)
2019-09-09 07:58:28,540 [pool-739-thread-1] INFO  server.RaftServerConfigKeys (ConfUtils.java:logGet(43)) - raft.server.log.statemachine.data.sync = true (default)
2019-09-09 07:58:28,540 [pool-739-thread-1] INFO  server.RaftServerConfigKeys (ConfUtils.java:logGet(43)) - raft.server.log.statemachine.data.sync.timeout = 10s (default)
2019-09-09 07:58:28,540 [pool-739-thread-1] INFO  server.RaftServerConfigKeys (ConfUtils.java:logGet(43)) - raft.server.log.statemachine.data.sync.timeout.retry = -1 (default)
2019-09-09 07:58:28,540 [pool-739-thread-1] INFO  server.RaftServerConfigKeys (ConfUtils.java:logGet(43)) - raft.server.log.statemachine.data.caching.enabled = true (custom)
2019-09-09 07:58:28,541 [pool-739-thread-1] INFO  segmented.SegmentedRaftLogWorker (SegmentedRaftLogWorker.java:lambda$new$0(132)) - 087e4cee-409e-406d-bef1-b586fff3463e-SegmentedRaftLogWorker:Storage Directory /workdir/hadoop-ozone/integration-test/target/test-dir/MiniOzoneClusterImpl-e70ec129-6ead-427c-a372-e351fbe58a4c/datanode-6/data/ratis/44567b5e-5836-406d-ba7a-7904374f7da7: flushIndex: setUnconditionally 0 -> -1
2019-09-09 07:58:28,541 [pool-739-thread-1] INFO  server.RaftServerConfigKeys (ConfUtils.java:logGet(43)) - raft.server.snapshot.auto.trigger.enabled = true (custom)
2019-09-09 07:58:28,541 [pool-739-thread-1] INFO  server.RaftServerConfigKeys (ConfUtils.java:logGet(43)) - raft.server.snapshot.auto.trigger.threshold = 10000 (custom)
2019-09-09 07:58:28,541 [pool-739-thread-1] INFO  server.RaftServerConfigKeys (ConfUtils.java:logGet(43)) - raft.server.retrycache.expirytime = 600000ms (custom)
2019-09-09 07:58:28,542 [pool-739-thread-1] INFO  impl.RaftServerImpl (RaftServerImpl.java:start(180)) - 087e4cee-409e-406d-bef1-b586fff3463e: start group-7904374F7DA7
2019-09-09 07:58:28,542 [pool-739-thread-1] INFO  impl.RaftServerImpl (RaftServerImpl.java:setRole(171)) - 087e4cee-409e-406d-bef1-b586fff3463e:group-7904374F7DA7 changes role from null to FOLLOWER at term 0 for startAsFollower
2019-09-09 07:58:28,542 [pool-739-thread-1] INFO  impl.RoleInfo (RoleInfo.java:updateAndGet(143)) - 087e4cee-409e-406d-bef1-b586fff3463e: start FollowerState
2019-09-09 07:58:28,542 [pool-739-thread-1] INFO  util.JmxRegister (JmxRegister.java:tryRegister(44)) - Successfully registered JMX Bean with object name Ratis:service=RaftServer,group=group-7904374F7DA7,id=087e4cee-409e-406d-bef1-b586fff3463e
2019-09-09 07:58:28,547 [RatisPipelineUtilsThread] INFO  pipeline.PipelineStateManager (PipelineStateManager.java:addPipeline(56)) - Created pipeline Pipeline[ Id: 44567b5e-5836-406d-ba7a-7904374f7da7, Nodes: 087e4cee-409e-406d-bef1-b586fff3463e{ip: 192.168.69.102, host: pr-hdds-2007-qlx9r-406833628, networkLocation: /default-rack, certSerialId: null}, Type:RATIS, Factor:ONE, State:OPEN]
2019-09-09 07:58:28,558 [grpc-default-executor-11] INFO  impl.RaftServerProxy (RaftServerProxy.java:addNew(89)) - b1439841-d28e-4b57-8db6-1dcfa6542f23: addNew group-87007D28D0F3:[b1439841-d28e-4b57-8db6-1dcfa6542f23:192.168.69.102:35191, ec91b32c-f877-45bd-adae-663f9529a22c:192.168.69.102:44635, 087e4cee-409e-406d-bef1-b586fff3463e:192.168.69.102:44977] returns group-87007D28D0F3:java.util.concurrent.CompletableFuture@2f5700a4[Not completed]
2019-09-09 07:58:28,558 [grpc-default-executor-9] INFO  impl.RaftServerProxy (RaftServerProxy.java:addNew(89)) - ec91b32c-f877-45bd-adae-663f9529a22c: addNew group-87007D28D0F3:[b1439841-d28e-4b57-8db6-1dcfa6542f23:192.168.69.102:35191, ec91b32c-f877-45bd-adae-663f9529a22c:192.168.69.102:44635, 087e4cee-409e-406d-bef1-b586fff3463e:192.168.69.102:44977] returns group-87007D28D0F3:java.util.concurrent.CompletableFuture@6b51a2ee[Not completed]
2019-09-09 07:58:28,558 [grpc-default-executor-12] INFO  impl.RaftServerProxy (RaftServerProxy.java:addNew(89)) - 087e4cee-409e-406d-bef1-b586fff3463e: addNew group-87007D28D0F3:[b1439841-d28e-4b57-8db6-1dcfa6542f23:192.168.69.102:35191, ec91b32c-f877-45bd-adae-663f9529a22c:192.168.69.102:44635, 087e4cee-409e-406d-bef1-b586fff3463e:192.168.69.102:44977] returns group-87007D28D0F3:java.util.concurrent.CompletableFuture@3eb2ff2e[Not completed]
2019-09-09 07:58:28,559 [pool-709-thread-1] INFO  impl.RaftServerImpl (RaftServerImpl.java:<init>(93)) - b1439841-d28e-4b57-8db6-1dcfa6542f23: new RaftServerImpl for group-87007D28D0F3:[b1439841-d28e-4b57-8db6-1dcfa6542f23:192.168.69.102:35191, ec91b32c-f877-45bd-adae-663f9529a22c:192.168.69.102:44635, 087e4cee-409e-406d-bef1-b586fff3463e:192.168.69.102:44977] with ContainerStateMachine:uninitialized
2019-09-09 07:58:28,559 [pool-709-thread-1] INFO  server.RaftServerConfigKeys (ConfUtils.java:logGet(43)) - raft.server.rpc.timeout.min = 5s (custom)
2019-09-09 07:58:28,560 [pool-709-thread-1] INFO  server.RaftServerConfigKeys (ConfUtils.java:logGet(43)) - raft.server.rpc.timeout.max = 5200ms (custom)
2019-09-09 07:58:28,560 [pool-709-thread-1] INFO  server.RaftServerConfigKeys (ConfUtils.java:logGet(43)) - raft.server.rpcslowness.timeout = 120s (custom)
2019-09-09 07:58:28,560 [pool-709-thread-1] INFO  server.RaftServerConfigKeys (ConfUtils.java:logGet(43)) - raft.server.sleep.deviation.threshold = 300 (default)
2019-09-09 07:58:28,560 [pool-709-thread-1] INFO  server.RaftServerConfigKeys (ConfUtils.java:logGet(43)) - raft.server.log.appender.install.snapshot.enabled = false (custom)
2019-09-09 07:58:28,560 [pool-739-thread-1] INFO  impl.RaftServerImpl (RaftServerImpl.java:<init>(93)) - 087e4cee-409e-406d-bef1-b586fff3463e: new RaftServerImpl for group-87007D28D0F3:[b1439841-d28e-4b57-8db6-1dcfa6542f23:192.168.69.102:35191, ec91b32c-f877-45bd-adae-663f9529a22c:192.168.69.102:44635, 087e4cee-409e-406d-bef1-b586fff3463e:192.168.69.102:44977] with ContainerStateMachine:uninitialized
2019-09-09 07:58:28,560 [pool-709-thread-1] INFO  impl.RaftServerImpl (ServerState.java:<init>(105)) - b1439841-d28e-4b57-8db6-1dcfa6542f23:group-87007D28D0F3 ConfigurationManager, init=-1: [b1439841-d28e-4b57-8db6-1dcfa6542f23:192.168.69.102:35191, ec91b32c-f877-45bd-adae-663f9529a22c:192.168.69.102:44635, 087e4cee-409e-406d-bef1-b586fff3463e:192.168.69.102:44977], old=null, confs=<EMPTY_MAP>
2019-09-09 07:58:28,560 [pool-739-thread-1] INFO  server.RaftServerConfigKeys (ConfUtils.java:logGet(43)) - raft.server.rpc.timeout.min = 5s (custom)
2019-09-09 07:58:28,560 [pool-709-thread-1] INFO  server.RaftServerConfigKeys (ConfUtils.java:logGet(43)) - raft.server.storage.dir = [/workdir/hadoop-ozone/integration-test/target/test-dir/MiniOzoneClusterImpl-e70ec129-6ead-427c-a372-e351fbe58a4c/datanode-3/data/ratis] (custom)
2019-09-09 07:58:28,560 [pool-729-thread-1] INFO  impl.RaftServerImpl (RaftServerImpl.java:<init>(93)) - ec91b32c-f877-45bd-adae-663f9529a22c: new RaftServerImpl for group-87007D28D0F3:[b1439841-d28e-4b57-8db6-1dcfa6542f23:192.168.69.102:35191, ec91b32c-f877-45bd-adae-663f9529a22c:192.168.69.102:44635, 087e4cee-409e-406d-bef1-b586fff3463e:192.168.69.102:44977] with ContainerStateMachine:uninitialized
2019-09-09 07:58:28,560 [pool-739-thread-1] INFO  server.RaftServerConfigKeys (ConfUtils.java:logGet(43)) - raft.server.rpc.timeout.max = 5200ms (custom)
2019-09-09 07:58:28,561 [pool-709-thread-1] INFO  storage.RaftStorageDirectory (RaftStorageDirectory.java:analyzeStorage(246)) - The storage directory /workdir/hadoop-ozone/integration-test/target/test-dir/MiniOzoneClusterImpl-e70ec129-6ead-427c-a372-e351fbe58a4c/datanode-3/data/ratis/d1fdfdc5-9a34-4fc9-94d4-87007d28d0f3 does not exist. Creating ...
2019-09-09 07:58:28,561 [pool-729-thread-1] INFO  server.RaftServerConfigKeys (ConfUtils.java:logGet(43)) - raft.server.rpc.timeout.min = 5s (custom)
2019-09-09 07:58:28,561 [pool-739-thread-1] INFO  server.RaftServerConfigKeys (ConfUtils.java:logGet(43)) - raft.server.rpcslowness.timeout = 120s (custom)
2019-09-09 07:58:28,561 [pool-729-thread-1] INFO  server.RaftServerConfigKeys (ConfUtils.java:logGet(43)) - raft.server.rpc.timeout.max = 5200ms (custom)
2019-09-09 07:58:28,561 [pool-739-thread-1] INFO  server.RaftServerConfigKeys (ConfUtils.java:logGet(43)) - raft.server.sleep.deviation.threshold = 300 (default)
2019-09-09 07:58:28,561 [pool-729-thread-1] INFO  server.RaftServerConfigKeys (ConfUtils.java:logGet(43)) - raft.server.rpcslowness.timeout = 120s (custom)
2019-09-09 07:58:28,561 [pool-739-thread-1] INFO  server.RaftServerConfigKeys (ConfUtils.java:logGet(43)) - raft.server.log.appender.install.snapshot.enabled = false (custom)
2019-09-09 07:58:28,561 [pool-729-thread-1] INFO  server.RaftServerConfigKeys (ConfUtils.java:logGet(43)) - raft.server.sleep.deviation.threshold = 300 (default)
2019-09-09 07:58:28,561 [pool-739-thread-1] INFO  impl.RaftServerImpl (ServerState.java:<init>(105)) - 087e4cee-409e-406d-bef1-b586fff3463e:group-87007D28D0F3 ConfigurationManager, init=-1: [b1439841-d28e-4b57-8db6-1dcfa6542f23:192.168.69.102:35191, ec91b32c-f877-45bd-adae-663f9529a22c:192.168.69.102:44635, 087e4cee-409e-406d-bef1-b586fff3463e:192.168.69.102:44977], old=null, confs=<EMPTY_MAP>
2019-09-09 07:58:28,562 [pool-729-thread-1] INFO  server.RaftServerConfigKeys (ConfUtils.java:logGet(43)) - raft.server.log.appender.install.snapshot.enabled = false (custom)
2019-09-09 07:58:28,562 [pool-739-thread-1] INFO  server.RaftServerConfigKeys (ConfUtils.java:logGet(43)) - raft.server.storage.dir = [/workdir/hadoop-ozone/integration-test/target/test-dir/MiniOzoneClusterImpl-e70ec129-6ead-427c-a372-e351fbe58a4c/datanode-6/data/ratis] (custom)
2019-09-09 07:58:28,562 [pool-729-thread-1] INFO  impl.RaftServerImpl (ServerState.java:<init>(105)) - ec91b32c-f877-45bd-adae-663f9529a22c:group-87007D28D0F3 ConfigurationManager, init=-1: [b1439841-d28e-4b57-8db6-1dcfa6542f23:192.168.69.102:35191, ec91b32c-f877-45bd-adae-663f9529a22c:192.168.69.102:44635, 087e4cee-409e-406d-bef1-b586fff3463e:192.168.69.102:44977], old=null, confs=<EMPTY_MAP>
2019-09-09 07:58:28,562 [pool-729-thread-1] INFO  server.RaftServerConfigKeys (ConfUtils.java:logGet(43)) - raft.server.storage.dir = [/workdir/hadoop-ozone/integration-test/target/test-dir/MiniOzoneClusterImpl-e70ec129-6ead-427c-a372-e351fbe58a4c/datanode-5/data/ratis] (custom)
2019-09-09 07:58:28,562 [pool-739-thread-1] INFO  storage.RaftStorageDirectory (RaftStorageDirectory.java:analyzeStorage(246)) - The storage directory /workdir/hadoop-ozone/integration-test/target/test-dir/MiniOzoneClusterImpl-e70ec129-6ead-427c-a372-e351fbe58a4c/datanode-6/data/ratis/d1fdfdc5-9a34-4fc9-94d4-87007d28d0f3 does not exist. Creating ...
2019-09-09 07:58:28,562 [pool-729-thread-1] INFO  storage.RaftStorageDirectory (RaftStorageDirectory.java:analyzeStorage(246)) - The storage directory /workdir/hadoop-ozone/integration-test/target/test-dir/MiniOzoneClusterImpl-e70ec129-6ead-427c-a372-e351fbe58a4c/datanode-5/data/ratis/d1fdfdc5-9a34-4fc9-94d4-87007d28d0f3 does not exist. Creating ...
2019-09-09 07:58:28,588 [pool-709-thread-1] INFO  storage.RaftStorageDirectory (RaftStorageDirectory.java:tryLock(328)) - Lock on /workdir/hadoop-ozone/integration-test/target/test-dir/MiniOzoneClusterImpl-e70ec129-6ead-427c-a372-e351fbe58a4c/datanode-3/data/ratis/d1fdfdc5-9a34-4fc9-94d4-87007d28d0f3/in_use.lock acquired by nodename 17097@pr-hdds-2007-qlx9r-406833628
2019-09-09 07:58:28,588 [pool-729-thread-1] INFO  storage.RaftStorageDirectory (RaftStorageDirectory.java:tryLock(328)) - Lock on /workdir/hadoop-ozone/integration-test/target/test-dir/MiniOzoneClusterImpl-e70ec129-6ead-427c-a372-e351fbe58a4c/datanode-5/data/ratis/d1fdfdc5-9a34-4fc9-94d4-87007d28d0f3/in_use.lock acquired by nodename 17097@pr-hdds-2007-qlx9r-406833628
2019-09-09 07:58:28,588 [pool-739-thread-1] INFO  storage.RaftStorageDirectory (RaftStorageDirectory.java:tryLock(328)) - Lock on /workdir/hadoop-ozone/integration-test/target/test-dir/MiniOzoneClusterImpl-e70ec129-6ead-427c-a372-e351fbe58a4c/datanode-6/data/ratis/d1fdfdc5-9a34-4fc9-94d4-87007d28d0f3/in_use.lock acquired by nodename 17097@pr-hdds-2007-qlx9r-406833628
2019-09-09 07:58:28,606 [pool-729-thread-1] INFO  storage.RaftStorage (RaftStorage.java:format(72)) - Storage directory /workdir/hadoop-ozone/integration-test/target/test-dir/MiniOzoneClusterImpl-e70ec129-6ead-427c-a372-e351fbe58a4c/datanode-5/data/ratis/d1fdfdc5-9a34-4fc9-94d4-87007d28d0f3 has been successfully formatted.
2019-09-09 07:58:28,606 [pool-739-thread-1] INFO  storage.RaftStorage (RaftStorage.java:format(72)) - Storage directory /workdir/hadoop-ozone/integration-test/target/test-dir/MiniOzoneClusterImpl-e70ec129-6ead-427c-a372-e351fbe58a4c/datanode-6/data/ratis/d1fdfdc5-9a34-4fc9-94d4-87007d28d0f3 has been successfully formatted.
2019-09-09 07:58:28,606 [pool-729-thread-1] INFO  ratis.ContainerStateMachine (ContainerStateMachine.java:loadSnapshot(227)) - group-87007D28D0F3: The snapshot info is null. Setting the last applied indexto:(t:0, i:~)
2019-09-09 07:58:28,606 [pool-709-thread-1] INFO  storage.RaftStorage (RaftStorage.java:format(72)) - Storage directory /workdir/hadoop-ozone/integration-test/target/test-dir/MiniOzoneClusterImpl-e70ec129-6ead-427c-a372-e351fbe58a4c/datanode-3/data/ratis/d1fdfdc5-9a34-4fc9-94d4-87007d28d0f3 has been successfully formatted.
2019-09-09 07:58:28,606 [pool-739-thread-1] INFO  ratis.ContainerStateMachine (ContainerStateMachine.java:loadSnapshot(227)) - group-87007D28D0F3: The snapshot info is null. Setting the last applied indexto:(t:0, i:~)
2019-09-09 07:58:28,606 [pool-729-thread-1] INFO  server.RaftServerConfigKeys (ConfUtils.java:logGet(43)) - raft.server.leader.election.timeout = 120s (custom)
2019-09-09 07:58:28,606 [pool-739-thread-1] INFO  server.RaftServerConfigKeys (ConfUtils.java:logGet(43)) - raft.server.leader.election.timeout = 120s (custom)
2019-09-09 07:58:28,606 [pool-709-thread-1] INFO  ratis.ContainerStateMachine (ContainerStateMachine.java:loadSnapshot(227)) - group-87007D28D0F3: The snapshot info is null. Setting the last applied indexto:(t:0, i:~)
2019-09-09 07:58:28,606 [pool-739-thread-1] INFO  server.RaftServerConfigKeys (ConfUtils.java:logGet(43)) - raft.server.log.use.memory = false (default)
2019-09-09 07:58:28,606 [pool-729-thread-1] INFO  server.RaftServerConfigKeys (ConfUtils.java:logGet(43)) - raft.server.log.use.memory = false (default)
2019-09-09 07:58:28,606 [pool-739-thread-1] INFO  server.RaftServerConfigKeys (ConfUtils.java:logGet(43)) - raft.server.log.purge.gap = 1000000 (custom)
2019-09-09 07:58:28,606 [pool-709-thread-1] INFO  server.RaftServerConfigKeys (ConfUtils.java:logGet(43)) - raft.server.leader.election.timeout = 120s (custom)
2019-09-09 07:58:28,607 [pool-739-thread-1] INFO  server.RaftServerConfigKeys (ConfUtils.java:logGet(43)) - raft.server.log.appender.buffer.byte-limit = 33554432 (custom)
2019-09-09 07:58:28,607 [pool-729-thread-1] INFO  server.RaftServerConfigKeys (ConfUtils.java:logGet(43)) - raft.server.log.purge.gap = 1000000 (custom)
2019-09-09 07:58:28,607 [pool-739-thread-1] INFO  server.RaftServerConfigKeys (ConfUtils.java:logGet(43)) - raft.server.log.segment.size.max = 1048576 (custom)
2019-09-09 07:58:28,607 [pool-709-thread-1] INFO  server.RaftServerConfigKeys (ConfUtils.java:logGet(43)) - raft.server.log.use.memory = false (default)
2019-09-09 07:58:28,607 [pool-739-thread-1] INFO  server.RaftServerConfigKeys (ConfUtils.java:logGet(43)) - raft.server.log.segment.cache.num.max = 2 (custom)
2019-09-09 07:58:28,607 [pool-729-thread-1] INFO  server.RaftServerConfigKeys (ConfUtils.java:logGet(43)) - raft.server.log.appender.buffer.byte-limit = 33554432 (custom)
2019-09-09 07:58:28,607 [pool-739-thread-1] INFO  segmented.SegmentedRaftLogWorker (SegmentedRaftLogWorker.java:<init>(172)) - new 087e4cee-409e-406d-bef1-b586fff3463e-SegmentedRaftLogWorker:Storage Directory /workdir/hadoop-ozone/integration-test/target/test-dir/MiniOzoneClusterImpl-e70ec129-6ead-427c-a372-e351fbe58a4c/datanode-6/data/ratis/d1fdfdc5-9a34-4fc9-94d4-87007d28d0f3 for RaftStorage:Storage Directory /workdir/hadoop-ozone/integration-test/target/test-dir/MiniOzoneClusterImpl-e70ec129-6ead-427c-a372-e351fbe58a4c/datanode-6/data/ratis/d1fdfdc5-9a34-4fc9-94d4-87007d28d0f3
2019-09-09 07:58:28,607 [pool-709-thread-1] INFO  server.RaftServerConfigKeys (ConfUtils.java:logGet(43)) - raft.server.log.purge.gap = 1000000 (custom)
2019-09-09 07:58:28,607 [pool-739-thread-1] INFO  server.RaftServerConfigKeys (ConfUtils.java:logGet(43)) - raft.server.log.queue.byte-limit = 2147483647 (custom)
2019-09-09 07:58:28,607 [pool-729-thread-1] INFO  server.RaftServerConfigKeys (ConfUtils.java:logGet(43)) - raft.server.log.segment.size.max = 1048576 (custom)
2019-09-09 07:58:28,608 [pool-739-thread-1] INFO  server.RaftServerConfigKeys (ConfUtils.java:logGet(43)) - raft.server.log.queue.element-limit = 1024 (custom)
2019-09-09 07:58:28,608 [pool-709-thread-1] INFO  server.RaftServerConfigKeys (ConfUtils.java:logGet(43)) - raft.server.log.appender.buffer.byte-limit = 33554432 (custom)
2019-09-09 07:58:28,608 [pool-739-thread-1] INFO  server.RaftServerConfigKeys (ConfUtils.java:logGet(43)) - raft.server.log.segment.size.max = 1048576 (custom)
2019-09-09 07:58:28,608 [pool-729-thread-1] INFO  server.RaftServerConfigKeys (ConfUtils.java:logGet(43)) - raft.server.log.segment.cache.num.max = 2 (custom)
2019-09-09 07:58:28,608 [pool-739-thread-1] INFO  server.RaftServerConfigKeys (ConfUtils.java:logGet(43)) - raft.server.log.preallocated.size = 16384 (custom)
2019-09-09 07:58:28,608 [pool-709-thread-1] INFO  server.RaftServerConfigKeys (ConfUtils.java:logGet(43)) - raft.server.log.segment.size.max = 1048576 (custom)
2019-09-09 07:58:28,608 [pool-739-thread-1] INFO  server.RaftServerConfigKeys (ConfUtils.java:logGet(43)) - raft.server.log.write.buffer.size = 33554432 (custom)
2019-09-09 07:58:28,608 [pool-729-thread-1] INFO  segmented.SegmentedRaftLogWorker (SegmentedRaftLogWorker.java:<init>(172)) - new ec91b32c-f877-45bd-adae-663f9529a22c-SegmentedRaftLogWorker:Storage Directory /workdir/hadoop-ozone/integration-test/target/test-dir/MiniOzoneClusterImpl-e70ec129-6ead-427c-a372-e351fbe58a4c/datanode-5/data/ratis/d1fdfdc5-9a34-4fc9-94d4-87007d28d0f3 for RaftStorage:Storage Directory /workdir/hadoop-ozone/integration-test/target/test-dir/MiniOzoneClusterImpl-e70ec129-6ead-427c-a372-e351fbe58a4c/datanode-5/data/ratis/d1fdfdc5-9a34-4fc9-94d4-87007d28d0f3
2019-09-09 07:58:28,608 [pool-739-thread-1] INFO  server.RaftServerConfigKeys (ConfUtils.java:logGet(43)) - raft.server.log.force.sync.num = 128 (default)
2019-09-09 07:58:28,608 [pool-709-thread-1] INFO  server.RaftServerConfigKeys (ConfUtils.java:logGet(43)) - raft.server.log.segment.cache.num.max = 2 (custom)
2019-09-09 07:58:28,609 [pool-739-thread-1] INFO  server.RaftServerConfigKeys (ConfUtils.java:logGet(43)) - raft.server.log.statemachine.data.sync = true (default)
2019-09-09 07:58:28,608 [pool-729-thread-1] INFO  server.RaftServerConfigKeys (ConfUtils.java:logGet(43)) - raft.server.log.queue.byte-limit = 2147483647 (custom)
2019-09-09 07:58:28,609 [pool-739-thread-1] INFO  server.RaftServerConfigKeys (ConfUtils.java:logGet(43)) - raft.server.log.statemachine.data.sync.timeout = 10s (default)
2019-09-09 07:58:28,609 [pool-709-thread-1] INFO  segmented.SegmentedRaftLogWorker (SegmentedRaftLogWorker.java:<init>(172)) - new b1439841-d28e-4b57-8db6-1dcfa6542f23-SegmentedRaftLogWorker:Storage Directory /workdir/hadoop-ozone/integration-test/target/test-dir/MiniOzoneClusterImpl-e70ec129-6ead-427c-a372-e351fbe58a4c/datanode-3/data/ratis/d1fdfdc5-9a34-4fc9-94d4-87007d28d0f3 for RaftStorage:Storage Directory /workdir/hadoop-ozone/integration-test/target/test-dir/MiniOzoneClusterImpl-e70ec129-6ead-427c-a372-e351fbe58a4c/datanode-3/data/ratis/d1fdfdc5-9a34-4fc9-94d4-87007d28d0f3
2019-09-09 07:58:28,609 [pool-739-thread-1] INFO  server.RaftServerConfigKeys (ConfUtils.java:logGet(43)) - raft.server.log.statemachine.data.sync.timeout.retry = -1 (default)
2019-09-09 07:58:28,609 [pool-729-thread-1] INFO  server.RaftServerConfigKeys (ConfUtils.java:logGet(43)) - raft.server.log.queue.element-limit = 1024 (custom)
2019-09-09 07:58:28,609 [pool-739-thread-1] INFO  server.RaftServerConfigKeys (ConfUtils.java:logGet(43)) - raft.server.log.statemachine.data.caching.enabled = true (custom)
2019-09-09 07:58:28,609 [pool-709-thread-1] INFO  server.RaftServerConfigKeys (ConfUtils.java:logGet(43)) - raft.server.log.queue.byte-limit = 2147483647 (custom)
2019-09-09 07:58:28,609 [pool-729-thread-1] INFO  server.RaftServerConfigKeys (ConfUtils.java:logGet(43)) - raft.server.log.segment.size.max = 1048576 (custom)
2019-09-09 07:58:28,609 [pool-709-thread-1] INFO  server.RaftServerConfigKeys (ConfUtils.java:logGet(43)) - raft.server.log.queue.element-limit = 1024 (custom)
2019-09-09 07:58:28,609 [pool-739-thread-1] INFO  segmented.SegmentedRaftLogWorker (SegmentedRaftLogWorker.java:lambda$new$0(132)) - 087e4cee-409e-406d-bef1-b586fff3463e-SegmentedRaftLogWorker:Storage Directory /workdir/hadoop-ozone/integration-test/target/test-dir/MiniOzoneClusterImpl-e70ec129-6ead-427c-a372-e351fbe58a4c/datanode-6/data/ratis/d1fdfdc5-9a34-4fc9-94d4-87007d28d0f3: flushIndex: setUnconditionally 0 -> -1
2019-09-09 07:58:28,610 [pool-709-thread-1] INFO  server.RaftServerConfigKeys (ConfUtils.java:logGet(43)) - raft.server.log.segment.size.max = 1048576 (custom)
2019-09-09 07:58:28,610 [pool-709-thread-1] INFO  server.RaftServerConfigKeys (ConfUtils.java:logGet(43)) - raft.server.log.preallocated.size = 16384 (custom)
2019-09-09 07:58:28,609 [pool-729-thread-1] INFO  server.RaftServerConfigKeys (ConfUtils.java:logGet(43)) - raft.server.log.preallocated.size = 16384 (custom)
2019-09-09 07:58:28,610 [pool-709-thread-1] INFO  server.RaftServerConfigKeys (ConfUtils.java:logGet(43)) - raft.server.log.write.buffer.size = 33554432 (custom)
2019-09-09 07:58:28,610 [pool-739-thread-1] INFO  server.RaftServerConfigKeys (ConfUtils.java:logGet(43)) - raft.server.snapshot.auto.trigger.enabled = true (custom)
2019-09-09 07:58:28,610 [pool-709-thread-1] INFO  server.RaftServerConfigKeys (ConfUtils.java:logGet(43)) - raft.server.log.force.sync.num = 128 (default)
2019-09-09 07:58:28,610 [pool-709-thread-1] INFO  server.RaftServerConfigKeys (ConfUtils.java:logGet(43)) - raft.server.log.statemachine.data.sync = true (default)
2019-09-09 07:58:28,610 [pool-729-thread-1] INFO  server.RaftServerConfigKeys (ConfUtils.java:logGet(43)) - raft.server.log.write.buffer.size = 33554432 (custom)
2019-09-09 07:58:28,610 [pool-709-thread-1] INFO  server.RaftServerConfigKeys (ConfUtils.java:logGet(43)) - raft.server.log.statemachine.data.sync.timeout = 10s (default)
2019-09-09 07:58:28,610 [pool-739-thread-1] INFO  server.RaftServerConfigKeys (ConfUtils.java:logGet(43)) - raft.server.snapshot.auto.trigger.threshold = 10000 (custom)
2019-09-09 07:58:28,611 [pool-709-thread-1] INFO  server.RaftServerConfigKeys (ConfUtils.java:logGet(43)) - raft.server.log.statemachine.data.sync.timeout.retry = -1 (default)
2019-09-09 07:58:28,611 [pool-729-thread-1] INFO  server.RaftServerConfigKeys (ConfUtils.java:logGet(43)) - raft.server.log.force.sync.num = 128 (default)
2019-09-09 07:58:28,611 [pool-709-thread-1] INFO  server.RaftServerConfigKeys (ConfUtils.java:logGet(43)) - raft.server.log.statemachine.data.caching.enabled = true (custom)
2019-09-09 07:58:28,611 [pool-739-thread-1] INFO  server.RaftServerConfigKeys (ConfUtils.java:logGet(43)) - raft.server.retrycache.expirytime = 600000ms (custom)
2019-09-09 07:58:28,611 [pool-729-thread-1] INFO  server.RaftServerConfigKeys (ConfUtils.java:logGet(43)) - raft.server.log.statemachine.data.sync = true (default)
2019-09-09 07:58:28,611 [pool-709-thread-1] INFO  segmented.SegmentedRaftLogWorker (SegmentedRaftLogWorker.java:lambda$new$0(132)) - b1439841-d28e-4b57-8db6-1dcfa6542f23-SegmentedRaftLogWorker:Storage Directory /workdir/hadoop-ozone/integration-test/target/test-dir/MiniOzoneClusterImpl-e70ec129-6ead-427c-a372-e351fbe58a4c/datanode-3/data/ratis/d1fdfdc5-9a34-4fc9-94d4-87007d28d0f3: flushIndex: setUnconditionally 0 -> -1
2019-09-09 07:58:28,611 [pool-739-thread-1] INFO  impl.RaftServerImpl (RaftServerImpl.java:start(180)) - 087e4cee-409e-406d-bef1-b586fff3463e: start group-87007D28D0F3
2019-09-09 07:58:28,611 [pool-729-thread-1] INFO  server.RaftServerConfigKeys (ConfUtils.java:logGet(43)) - raft.server.log.statemachine.data.sync.timeout = 10s (default)
2019-09-09 07:58:28,611 [pool-709-thread-1] INFO  server.RaftServerConfigKeys (ConfUtils.java:logGet(43)) - raft.server.snapshot.auto.trigger.enabled = true (custom)
2019-09-09 07:58:28,611 [pool-739-thread-1] INFO  impl.RaftServerImpl (RaftServerImpl.java:setRole(171)) - 087e4cee-409e-406d-bef1-b586fff3463e:group-87007D28D0F3 changes role from null to FOLLOWER at term 0 for startAsFollower
2019-09-09 07:58:28,612 [pool-709-thread-1] INFO  server.RaftServerConfigKeys (ConfUtils.java:logGet(43)) - raft.server.snapshot.auto.trigger.threshold = 10000 (custom)
2019-09-09 07:58:28,612 [pool-729-thread-1] INFO  server.RaftServerConfigKeys (ConfUtils.java:logGet(43)) - raft.server.log.statemachine.data.sync.timeout.retry = -1 (default)
2019-09-09 07:58:28,612 [pool-709-thread-1] INFO  server.RaftServerConfigKeys (ConfUtils.java:logGet(43)) - raft.server.retrycache.expirytime = 600000ms (custom)
2019-09-09 07:58:28,612 [pool-739-thread-1] INFO  impl.RoleInfo (RoleInfo.java:updateAndGet(143)) - 087e4cee-409e-406d-bef1-b586fff3463e: start FollowerState
2019-09-09 07:58:28,612 [pool-709-thread-1] INFO  impl.RaftServerImpl (RaftServerImpl.java:start(180)) - b1439841-d28e-4b57-8db6-1dcfa6542f23: start group-87007D28D0F3
2019-09-09 07:58:28,612 [pool-729-thread-1] INFO  server.RaftServerConfigKeys (ConfUtils.java:logGet(43)) - raft.server.log.statemachine.data.caching.enabled = true (custom)
2019-09-09 07:58:28,612 [pool-709-thread-1] INFO  impl.RaftServerImpl (RaftServerImpl.java:setRole(171)) - b1439841-d28e-4b57-8db6-1dcfa6542f23:group-87007D28D0F3 changes role from null to FOLLOWER at term 0 for startAsFollower
2019-09-09 07:58:28,612 [pool-739-thread-1] INFO  util.JmxRegister (JmxRegister.java:tryRegister(44)) - Successfully registered JMX Bean with object name Ratis:service=RaftServer,group=group-87007D28D0F3,id=087e4cee-409e-406d-bef1-b586fff3463e
2019-09-09 07:58:28,613 [pool-729-thread-1] INFO  segmented.SegmentedRaftLogWorker (SegmentedRaftLogWorker.java:lambda$new$0(132)) - ec91b32c-f877-45bd-adae-663f9529a22c-SegmentedRaftLogWorker:Storage Directory /workdir/hadoop-ozone/integration-test/target/test-dir/MiniOzoneClusterImpl-e70ec129-6ead-427c-a372-e351fbe58a4c/datanode-5/data/ratis/d1fdfdc5-9a34-4fc9-94d4-87007d28d0f3: flushIndex: setUnconditionally 0 -> -1
2019-09-09 07:58:28,612 [pool-709-thread-1] INFO  impl.RoleInfo (RoleInfo.java:updateAndGet(143)) - b1439841-d28e-4b57-8db6-1dcfa6542f23: start FollowerState
2019-09-09 07:58:28,613 [pool-729-thread-1] INFO  server.RaftServerConfigKeys (ConfUtils.java:logGet(43)) - raft.server.snapshot.auto.trigger.enabled = true (custom)
2019-09-09 07:58:28,613 [pool-729-thread-1] INFO  server.RaftServerConfigKeys (ConfUtils.java:logGet(43)) - raft.server.snapshot.auto.trigger.threshold = 10000 (custom)
2019-09-09 07:58:28,613 [pool-729-thread-1] INFO  server.RaftServerConfigKeys (ConfUtils.java:logGet(43)) - raft.server.retrycache.expirytime = 600000ms (custom)
2019-09-09 07:58:28,613 [pool-709-thread-1] INFO  util.JmxRegister (JmxRegister.java:tryRegister(44)) - Successfully registered JMX Bean with object name Ratis:service=RaftServer,group=group-87007D28D0F3,id=b1439841-d28e-4b57-8db6-1dcfa6542f23
2019-09-09 07:58:28,613 [pool-729-thread-1] INFO  impl.RaftServerImpl (RaftServerImpl.java:start(180)) - ec91b32c-f877-45bd-adae-663f9529a22c: start group-87007D28D0F3
2019-09-09 07:58:28,613 [pool-729-thread-1] INFO  impl.RaftServerImpl (RaftServerImpl.java:setRole(171)) - ec91b32c-f877-45bd-adae-663f9529a22c:group-87007D28D0F3 changes role from null to FOLLOWER at term 0 for startAsFollower
2019-09-09 07:58:28,616 [pool-729-thread-1] INFO  impl.RoleInfo (RoleInfo.java:updateAndGet(143)) - ec91b32c-f877-45bd-adae-663f9529a22c: start FollowerState
2019-09-09 07:58:28,617 [pool-729-thread-1] INFO  util.JmxRegister (JmxRegister.java:tryRegister(44)) - Successfully registered JMX Bean with object name Ratis:service=RaftServer,group=group-87007D28D0F3,id=ec91b32c-f877-45bd-adae-663f9529a22c
2019-09-09 07:58:28,622 [RatisPipelineUtilsThread] INFO  pipeline.PipelineStateManager (PipelineStateManager.java:addPipeline(56)) - Created pipeline Pipeline[ Id: d1fdfdc5-9a34-4fc9-94d4-87007d28d0f3, Nodes: ec91b32c-f877-45bd-adae-663f9529a22c{ip: 192.168.69.102, host: pr-hdds-2007-qlx9r-406833628, networkLocation: /default-rack, certSerialId: null}b1439841-d28e-4b57-8db6-1dcfa6542f23{ip: 192.168.69.102, host: pr-hdds-2007-qlx9r-406833628, networkLocation: /default-rack, certSerialId: null}087e4cee-409e-406d-bef1-b586fff3463e{ip: 192.168.69.102, host: pr-hdds-2007-qlx9r-406833628, networkLocation: /default-rack, certSerialId: null}, Type:RATIS, Factor:THREE, State:OPEN]
2019-09-09 07:58:29,427 [main] INFO  ozone.MiniOzoneClusterImpl (MiniOzoneClusterImpl.java:lambda$waitForClusterToBeReady$0(140)) - Cluster is ready. Got 7 of 7 DN Heartbeats.
2019-09-09 07:58:29,470 [main] INFO  rpc.RpcClient (RpcClient.java:createVolume(294)) - Creating Volume: testblockoutputstream, with jenkins1000 as owner.
2019-09-09 07:58:29,473 [IPC Server handler 1 on 37188] INFO  volume.OMVolumeCreateRequest (OMVolumeCreateRequest.java:validateAndUpdateCache(189)) - created volume:testblockoutputstream for user:jenkins1000
2019-09-09 07:58:29,497 [main] INFO  rpc.RpcClient (RpcClient.java:createBucket(433)) - Creating Bucket: testblockoutputstream/testblockoutputstream, with Versioning false and Storage Type set to DISK and Encryption set to false 
2019-09-09 07:58:29,530 [grpc-default-executor-12] INFO  client.GrpcClientProtocolClient (GrpcClientProtocolClient.java:onNext(255)) - client-E2696B9D234E->ec91b32c-f877-45bd-adae-663f9529a22c: receive RaftClientReply:client-E2696B9D234E->ec91b32c-f877-45bd-adae-663f9529a22c@group-87007D28D0F3, cid=266, FAILED org.apache.ratis.protocol.NotLeaderException: Server ec91b32c-f877-45bd-adae-663f9529a22c is not the leader (null). Request must be sent to leader., logIndex=0, commits[ec91b32c-f877-45bd-adae-663f9529a22c:c-1]
2019-09-09 07:58:30,547 [grpc-default-executor-12] INFO  client.GrpcClientProtocolClient (GrpcClientProtocolClient.java:onNext(255)) - client-E2696B9D234E->b1439841-d28e-4b57-8db6-1dcfa6542f23: receive RaftClientReply:client-E2696B9D234E->b1439841-d28e-4b57-8db6-1dcfa6542f23@group-87007D28D0F3, cid=266, FAILED org.apache.ratis.protocol.NotLeaderException: Server b1439841-d28e-4b57-8db6-1dcfa6542f23 is not the leader (null). Request must be sent to leader., logIndex=0, commits[b1439841-d28e-4b57-8db6-1dcfa6542f23:c-1]
2019-09-09 07:58:31,047 [Thread-4876] INFO  container.ReplicationManager (ReplicationManager.java:start(162)) - Starting Replication Monitor Thread.
2019-09-09 07:58:31,052 [ReplicationMonitor] INFO  container.ReplicationManager (ReplicationManager.java:run(225)) - Replication Monitor Thread took 0 milliseconds for processing 1 containers.
2019-09-09 07:58:31,559 [grpc-default-executor-12] INFO  client.GrpcClientProtocolClient (GrpcClientProtocolClient.java:onNext(255)) - client-E2696B9D234E->ec91b32c-f877-45bd-adae-663f9529a22c: receive RaftClientReply:client-E2696B9D234E->ec91b32c-f877-45bd-adae-663f9529a22c@group-87007D28D0F3, cid=266, FAILED org.apache.ratis.protocol.NotLeaderException: Server ec91b32c-f877-45bd-adae-663f9529a22c is not the leader (null). Request must be sent to leader., logIndex=0, commits[ec91b32c-f877-45bd-adae-663f9529a22c:c-1]
2019-09-09 07:58:32,580 [grpc-default-executor-11] INFO  client.GrpcClientProtocolClient (GrpcClientProtocolClient.java:onNext(255)) - client-E2696B9D234E->087e4cee-409e-406d-bef1-b586fff3463e: receive RaftClientReply:client-E2696B9D234E->087e4cee-409e-406d-bef1-b586fff3463e@group-87007D28D0F3, cid=266, FAILED org.apache.ratis.protocol.NotLeaderException: Server 087e4cee-409e-406d-bef1-b586fff3463e is not the leader (null). Request must be sent to leader., logIndex=0, commits[087e4cee-409e-406d-bef1-b586fff3463e:c-1]
2019-09-09 07:58:33,141 [Thread-4878] INFO  impl.FollowerState (FollowerState.java:run(106)) - 4d1035ec-513f-4ae8-938d-98e92fb6b91b:group-6F61B45E78BA changes to CANDIDATE, lastRpcTime:5041, electionTimeout:5041ms
2019-09-09 07:58:33,141 [Thread-4878] INFO  impl.RoleInfo (RoleInfo.java:shutdownFollowerState(121)) - 4d1035ec-513f-4ae8-938d-98e92fb6b91b: shutdown FollowerState
2019-09-09 07:58:33,141 [Thread-4878] INFO  impl.RaftServerImpl (RaftServerImpl.java:setRole(171)) - 4d1035ec-513f-4ae8-938d-98e92fb6b91b:group-6F61B45E78BA changes role from FOLLOWER to CANDIDATE at term 0 for changeToCandidate
2019-09-09 07:58:33,141 [Thread-4878] INFO  impl.RoleInfo (RoleInfo.java:updateAndGet(143)) - 4d1035ec-513f-4ae8-938d-98e92fb6b91b: start LeaderElection
2019-09-09 07:58:33,155 [Thread-4881] INFO  impl.FollowerState (FollowerState.java:run(106)) - 98e6b70b-d673-4309-9f24-a1a199b24062:group-31334DA0385E changes to CANDIDATE, lastRpcTime:5001, electionTimeout:5001ms
2019-09-09 07:58:33,155 [Thread-4881] INFO  impl.RoleInfo (RoleInfo.java:shutdownFollowerState(121)) - 98e6b70b-d673-4309-9f24-a1a199b24062: shutdown FollowerState
2019-09-09 07:58:33,155 [Thread-4881] INFO  impl.RaftServerImpl (RaftServerImpl.java:setRole(171)) - 98e6b70b-d673-4309-9f24-a1a199b24062:group-31334DA0385E changes role from FOLLOWER to CANDIDATE at term 0 for changeToCandidate
2019-09-09 07:58:33,155 [Thread-4881] INFO  impl.RoleInfo (RoleInfo.java:updateAndGet(143)) - 98e6b70b-d673-4309-9f24-a1a199b24062: start LeaderElection
2019-09-09 07:58:33,183 [4d1035ec-513f-4ae8-938d-98e92fb6b91b:group-6F61B45E78BA:LeaderElection97] INFO  impl.LeaderElection (LeaderElection.java:askForVotes(181)) - 4d1035ec-513f-4ae8-938d-98e92fb6b91b:group-6F61B45E78BA:LeaderElection97: begin an election at term 1 for -1: [4d1035ec-513f-4ae8-938d-98e92fb6b91b:192.168.69.102:42476], old=null
2019-09-09 07:58:33,183 [4d1035ec-513f-4ae8-938d-98e92fb6b91b:group-6F61B45E78BA:LeaderElection97] INFO  impl.RoleInfo (RoleInfo.java:shutdownLeaderElection(134)) - 4d1035ec-513f-4ae8-938d-98e92fb6b91b: shutdown LeaderElection
2019-09-09 07:58:33,183 [4d1035ec-513f-4ae8-938d-98e92fb6b91b:group-6F61B45E78BA:LeaderElection97] INFO  impl.RaftServerImpl (RaftServerImpl.java:setRole(171)) - 4d1035ec-513f-4ae8-938d-98e92fb6b91b:group-6F61B45E78BA changes role from CANDIDATE to LEADER at term 1 for changeToLeader
2019-09-09 07:58:33,183 [4d1035ec-513f-4ae8-938d-98e92fb6b91b:group-6F61B45E78BA:LeaderElection97] INFO  impl.RaftServerImpl (ServerState.java:setLeader(263)) - 4d1035ec-513f-4ae8-938d-98e92fb6b91b:group-6F61B45E78BA change Leader from null to 4d1035ec-513f-4ae8-938d-98e92fb6b91b at term 1 for becomeLeader, leader elected after 5086ms
2019-09-09 07:58:33,183 [4d1035ec-513f-4ae8-938d-98e92fb6b91b:group-6F61B45E78BA:LeaderElection97] INFO  server.RaftServerConfigKeys (ConfUtils.java:logGet(43)) - raft.server.staging.catchup.gap = 1000 (default)
2019-09-09 07:58:33,184 [4d1035ec-513f-4ae8-938d-98e92fb6b91b:group-6F61B45E78BA:LeaderElection97] INFO  server.RaftServerConfigKeys (ConfUtils.java:logGet(43)) - raft.server.rpc.sleep.time = 25ms (default)
2019-09-09 07:58:33,184 [4d1035ec-513f-4ae8-938d-98e92fb6b91b:group-6F61B45E78BA:LeaderElection97] INFO  server.RaftServerConfigKeys (ConfUtils.java:logGet(43)) - raft.server.write.element-limit = 4096 (default)
2019-09-09 07:58:33,184 [4d1035ec-513f-4ae8-938d-98e92fb6b91b:group-6F61B45E78BA:LeaderElection97] INFO  server.RaftServerConfigKeys (ConfUtils.java:logGet(43)) - raft.server.watch.timeout = 10s (default)
2019-09-09 07:58:33,184 [4d1035ec-513f-4ae8-938d-98e92fb6b91b:group-6F61B45E78BA:LeaderElection97] INFO  server.RaftServerConfigKeys (ConfUtils.java:logGet(43)) - raft.server.watch.timeout.denomination = 1s (default)
2019-09-09 07:58:33,184 [4d1035ec-513f-4ae8-938d-98e92fb6b91b:group-6F61B45E78BA:LeaderElection97] INFO  server.RaftServerConfigKeys (ConfUtils.java:logGet(43)) - raft.server.watch.element-limit = 65536 (default)
2019-09-09 07:58:33,184 [4d1035ec-513f-4ae8-938d-98e92fb6b91b:group-6F61B45E78BA:LeaderElection97] INFO  impl.RoleInfo (RoleInfo.java:updateAndGet(143)) - 4d1035ec-513f-4ae8-938d-98e92fb6b91b: start LeaderState
2019-09-09 07:58:33,185 [4d1035ec-513f-4ae8-938d-98e92fb6b91b:group-6F61B45E78BA:LeaderElection97] INFO  segmented.SegmentedRaftLogWorker (SegmentedRaftLogWorker.java:startLogSegment(380)) - 4d1035ec-513f-4ae8-938d-98e92fb6b91b-SegmentedRaftLogWorker:Storage Directory /workdir/hadoop-ozone/integration-test/target/test-dir/MiniOzoneClusterImpl-e70ec129-6ead-427c-a372-e351fbe58a4c/datanode-0/data/ratis/429c719c-772e-4e7d-82df-6f61b45e78ba: Starting segment from index:0
2019-09-09 07:58:33,185 [4d1035ec-513f-4ae8-938d-98e92fb6b91b:group-6F61B45E78BA:LeaderElection97] INFO  impl.RaftServerImpl (ServerState.java:setRaftConf(361)) - 4d1035ec-513f-4ae8-938d-98e92fb6b91b:group-6F61B45E78BA set configuration 0: [4d1035ec-513f-4ae8-938d-98e92fb6b91b:192.168.69.102:42476], old=null at 0
2019-09-09 07:58:33,191 [98e6b70b-d673-4309-9f24-a1a199b24062:group-31334DA0385E:LeaderElection98] INFO  impl.LeaderElection (LeaderElection.java:askForVotes(181)) - 98e6b70b-d673-4309-9f24-a1a199b24062:group-31334DA0385E:LeaderElection98: begin an election at term 1 for -1: [98e6b70b-d673-4309-9f24-a1a199b24062:192.168.69.102:35992], old=null
2019-09-09 07:58:33,191 [98e6b70b-d673-4309-9f24-a1a199b24062:group-31334DA0385E:LeaderElection98] INFO  impl.RoleInfo (RoleInfo.java:shutdownLeaderElection(134)) - 98e6b70b-d673-4309-9f24-a1a199b24062: shutdown LeaderElection
2019-09-09 07:58:33,191 [98e6b70b-d673-4309-9f24-a1a199b24062:group-31334DA0385E:LeaderElection98] INFO  impl.RaftServerImpl (RaftServerImpl.java:setRole(171)) - 98e6b70b-d673-4309-9f24-a1a199b24062:group-31334DA0385E changes role from CANDIDATE to LEADER at term 1 for changeToLeader
2019-09-09 07:58:33,191 [98e6b70b-d673-4309-9f24-a1a199b24062:group-31334DA0385E:LeaderElection98] INFO  impl.RaftServerImpl (ServerState.java:setLeader(263)) - 98e6b70b-d673-4309-9f24-a1a199b24062:group-31334DA0385E change Leader from null to 98e6b70b-d673-4309-9f24-a1a199b24062 at term 1 for becomeLeader, leader elected after 5041ms
2019-09-09 07:58:33,192 [98e6b70b-d673-4309-9f24-a1a199b24062:group-31334DA0385E:LeaderElection98] INFO  server.RaftServerConfigKeys (ConfUtils.java:logGet(43)) - raft.server.staging.catchup.gap = 1000 (default)
2019-09-09 07:58:33,192 [98e6b70b-d673-4309-9f24-a1a199b24062:group-31334DA0385E:LeaderElection98] INFO  server.RaftServerConfigKeys (ConfUtils.java:logGet(43)) - raft.server.rpc.sleep.time = 25ms (default)
2019-09-09 07:58:33,192 [98e6b70b-d673-4309-9f24-a1a199b24062:group-31334DA0385E:LeaderElection98] INFO  server.RaftServerConfigKeys (ConfUtils.java:logGet(43)) - raft.server.write.element-limit = 4096 (default)
2019-09-09 07:58:33,192 [98e6b70b-d673-4309-9f24-a1a199b24062:group-31334DA0385E:LeaderElection98] INFO  server.RaftServerConfigKeys (ConfUtils.java:logGet(43)) - raft.server.watch.timeout = 10s (default)
2019-09-09 07:58:33,192 [98e6b70b-d673-4309-9f24-a1a199b24062:group-31334DA0385E:LeaderElection98] INFO  server.RaftServerConfigKeys (ConfUtils.java:logGet(43)) - raft.server.watch.timeout.denomination = 1s (default)
2019-09-09 07:58:33,192 [98e6b70b-d673-4309-9f24-a1a199b24062:group-31334DA0385E:LeaderElection98] INFO  server.RaftServerConfigKeys (ConfUtils.java:logGet(43)) - raft.server.watch.element-limit = 65536 (default)
2019-09-09 07:58:33,192 [98e6b70b-d673-4309-9f24-a1a199b24062:group-31334DA0385E:LeaderElection98] INFO  impl.RoleInfo (RoleInfo.java:updateAndGet(143)) - 98e6b70b-d673-4309-9f24-a1a199b24062: start LeaderState
2019-09-09 07:58:33,192 [98e6b70b-d673-4309-9f24-a1a199b24062:group-31334DA0385E:LeaderElection98] INFO  segmented.SegmentedRaftLogWorker (SegmentedRaftLogWorker.java:startLogSegment(380)) - 98e6b70b-d673-4309-9f24-a1a199b24062-SegmentedRaftLogWorker:Storage Directory /workdir/hadoop-ozone/integration-test/target/test-dir/MiniOzoneClusterImpl-e70ec129-6ead-427c-a372-e351fbe58a4c/datanode-1/data/ratis/507ea079-a88a-4382-a7c8-31334da0385e: Starting segment from index:0
2019-09-09 07:58:33,193 [98e6b70b-d673-4309-9f24-a1a199b24062:group-31334DA0385E:LeaderElection98] INFO  impl.RaftServerImpl (ServerState.java:setRaftConf(361)) - 98e6b70b-d673-4309-9f24-a1a199b24062:group-31334DA0385E set configuration 0: [98e6b70b-d673-4309-9f24-a1a199b24062:192.168.69.102:35992], old=null at 0
2019-09-09 07:58:33,242 [4d1035ec-513f-4ae8-938d-98e92fb6b91b-SegmentedRaftLogWorker:Storage Directory /workdir/hadoop-ozone/integration-test/target/test-dir/MiniOzoneClusterImpl-e70ec129-6ead-427c-a372-e351fbe58a4c/datanode-0/data/ratis/429c719c-772e-4e7d-82df-6f61b45e78ba] INFO  segmented.SegmentedRaftLogWorker (SegmentedRaftLogWorker.java:execute(569)) - 4d1035ec-513f-4ae8-938d-98e92fb6b91b-SegmentedRaftLogWorker:Storage Directory /workdir/hadoop-ozone/integration-test/target/test-dir/MiniOzoneClusterImpl-e70ec129-6ead-427c-a372-e351fbe58a4c/datanode-0/data/ratis/429c719c-772e-4e7d-82df-6f61b45e78ba: created new log segment /workdir/hadoop-ozone/integration-test/target/test-dir/MiniOzoneClusterImpl-e70ec129-6ead-427c-a372-e351fbe58a4c/datanode-0/data/ratis/429c719c-772e-4e7d-82df-6f61b45e78ba/current/log_inprogress_0
2019-09-09 07:58:33,242 [98e6b70b-d673-4309-9f24-a1a199b24062-SegmentedRaftLogWorker:Storage Directory /workdir/hadoop-ozone/integration-test/target/test-dir/MiniOzoneClusterImpl-e70ec129-6ead-427c-a372-e351fbe58a4c/datanode-1/data/ratis/507ea079-a88a-4382-a7c8-31334da0385e] INFO  segmented.SegmentedRaftLogWorker (SegmentedRaftLogWorker.java:execute(569)) - 98e6b70b-d673-4309-9f24-a1a199b24062-SegmentedRaftLogWorker:Storage Directory /workdir/hadoop-ozone/integration-test/target/test-dir/MiniOzoneClusterImpl-e70ec129-6ead-427c-a372-e351fbe58a4c/datanode-1/data/ratis/507ea079-a88a-4382-a7c8-31334da0385e: created new log segment /workdir/hadoop-ozone/integration-test/target/test-dir/MiniOzoneClusterImpl-e70ec129-6ead-427c-a372-e351fbe58a4c/datanode-1/data/ratis/507ea079-a88a-4382-a7c8-31334da0385e/current/log_inprogress_0
2019-09-09 07:58:33,304 [Thread-4893] INFO  impl.FollowerState (FollowerState.java:run(106)) - 4d1035ec-513f-4ae8-938d-98e92fb6b91b:group-4CA054B1428D changes to CANDIDATE, lastRpcTime:5020, electionTimeout:5020ms
2019-09-09 07:58:33,304 [Thread-4893] INFO  impl.RoleInfo (RoleInfo.java:shutdownFollowerState(121)) - 4d1035ec-513f-4ae8-938d-98e92fb6b91b: shutdown FollowerState
2019-09-09 07:58:33,304 [Thread-4893] INFO  impl.RaftServerImpl (RaftServerImpl.java:setRole(171)) - 4d1035ec-513f-4ae8-938d-98e92fb6b91b:group-4CA054B1428D changes role from FOLLOWER to CANDIDATE at term 0 for changeToCandidate
2019-09-09 07:58:33,304 [Thread-4893] INFO  impl.RoleInfo (RoleInfo.java:updateAndGet(143)) - 4d1035ec-513f-4ae8-938d-98e92fb6b91b: start LeaderElection
2019-09-09 07:58:33,337 [Thread-4890] INFO  impl.FollowerState (FollowerState.java:run(106)) - 49246196-984b-451c-bd71-1d62e0d13355:group-4CA054B1428D changes to CANDIDATE, lastRpcTime:5059, electionTimeout:5057ms
2019-09-09 07:58:33,337 [Thread-4890] INFO  impl.RoleInfo (RoleInfo.java:shutdownFollowerState(121)) - 49246196-984b-451c-bd71-1d62e0d13355: shutdown FollowerState
2019-09-09 07:58:33,338 [Thread-4890] INFO  impl.RaftServerImpl (RaftServerImpl.java:setRole(171)) - 49246196-984b-451c-bd71-1d62e0d13355:group-4CA054B1428D changes role from FOLLOWER to CANDIDATE at term 0 for changeToCandidate
2019-09-09 07:58:33,338 [Thread-4890] INFO  impl.RoleInfo (RoleInfo.java:updateAndGet(143)) - 49246196-984b-451c-bd71-1d62e0d13355: start LeaderElection
2019-09-09 07:58:33,351 [4d1035ec-513f-4ae8-938d-98e92fb6b91b:group-4CA054B1428D:LeaderElection99] INFO  impl.LeaderElection (LeaderElection.java:askForVotes(181)) - 4d1035ec-513f-4ae8-938d-98e92fb6b91b:group-4CA054B1428D:LeaderElection99: begin an election at term 1 for -1: [98e6b70b-d673-4309-9f24-a1a199b24062:192.168.69.102:35992, 4d1035ec-513f-4ae8-938d-98e92fb6b91b:192.168.69.102:42476, 49246196-984b-451c-bd71-1d62e0d13355:192.168.69.102:37585], old=null
2019-09-09 07:58:33,361 [grpc-default-executor-11] INFO  impl.RaftServerImpl (RaftServerImpl.java:setRole(171)) - 98e6b70b-d673-4309-9f24-a1a199b24062:group-4CA054B1428D changes role from FOLLOWER to FOLLOWER at term 1 for recognizeCandidate:4d1035ec-513f-4ae8-938d-98e92fb6b91b
2019-09-09 07:58:33,361 [grpc-default-executor-11] INFO  impl.RoleInfo (RoleInfo.java:shutdownFollowerState(121)) - 98e6b70b-d673-4309-9f24-a1a199b24062: shutdown FollowerState
2019-09-09 07:58:33,361 [grpc-default-executor-11] INFO  impl.RoleInfo (RoleInfo.java:updateAndGet(143)) - 98e6b70b-d673-4309-9f24-a1a199b24062: start FollowerState
2019-09-09 07:58:33,361 [Thread-4887] INFO  impl.FollowerState (FollowerState.java:run(114)) - 98e6b70b-d673-4309-9f24-a1a199b24062: FollowerState was interrupted: java.lang.InterruptedException: sleep interrupted
2019-09-09 07:58:33,368 [49246196-984b-451c-bd71-1d62e0d13355:group-4CA054B1428D:LeaderElection100] INFO  impl.LeaderElection (LeaderElection.java:askForVotes(181)) - 49246196-984b-451c-bd71-1d62e0d13355:group-4CA054B1428D:LeaderElection100: begin an election at term 1 for -1: [98e6b70b-d673-4309-9f24-a1a199b24062:192.168.69.102:35992, 4d1035ec-513f-4ae8-938d-98e92fb6b91b:192.168.69.102:42476, 49246196-984b-451c-bd71-1d62e0d13355:192.168.69.102:37585], old=null
2019-09-09 07:58:33,404 [Thread-4884] INFO  impl.FollowerState (FollowerState.java:run(106)) - 49246196-984b-451c-bd71-1d62e0d13355:group-89B0AFFFAD7E changes to CANDIDATE, lastRpcTime:5199, electionTimeout:5195ms
2019-09-09 07:58:33,404 [Thread-4884] INFO  impl.RoleInfo (RoleInfo.java:shutdownFollowerState(121)) - 49246196-984b-451c-bd71-1d62e0d13355: shutdown FollowerState
2019-09-09 07:58:33,404 [Thread-4884] INFO  impl.RaftServerImpl (RaftServerImpl.java:setRole(171)) - 49246196-984b-451c-bd71-1d62e0d13355:group-89B0AFFFAD7E changes role from FOLLOWER to CANDIDATE at term 0 for changeToCandidate
2019-09-09 07:58:33,405 [4d1035ec-513f-4ae8-938d-98e92fb6b91b:group-4CA054B1428D:LeaderElection99] INFO  impl.LeaderElection (LeaderElection.java:logAndReturn(56)) - 4d1035ec-513f-4ae8-938d-98e92fb6b91b:group-4CA054B1428D:LeaderElection99: Election PASSED; received 2 response(s) [4d1035ec-513f-4ae8-938d-98e92fb6b91b<-98e6b70b-d673-4309-9f24-a1a199b24062#0:OK-t1, 4d1035ec-513f-4ae8-938d-98e92fb6b91b<-49246196-984b-451c-bd71-1d62e0d13355#0:FAIL-t1] and 0 exception(s); 4d1035ec-513f-4ae8-938d-98e92fb6b91b:t1, leader=null, voted=4d1035ec-513f-4ae8-938d-98e92fb6b91b, raftlog=4d1035ec-513f-4ae8-938d-98e92fb6b91b-SegmentedRaftLog:OPENED:c-1,f-1,i0, conf=-1: [98e6b70b-d673-4309-9f24-a1a199b24062:192.168.69.102:35992, 4d1035ec-513f-4ae8-938d-98e92fb6b91b:192.168.69.102:42476, 49246196-984b-451c-bd71-1d62e0d13355:192.168.69.102:37585], old=null
2019-09-09 07:58:33,405 [Thread-4884] INFO  impl.RoleInfo (RoleInfo.java:updateAndGet(143)) - 49246196-984b-451c-bd71-1d62e0d13355: start LeaderElection
2019-09-09 07:58:33,405 [49246196-984b-451c-bd71-1d62e0d13355:group-4CA054B1428D:LeaderElection100] INFO  impl.LeaderElection (LeaderElection.java:logAndReturn(56)) - 49246196-984b-451c-bd71-1d62e0d13355:group-4CA054B1428D:LeaderElection100: Election REJECTED; received 2 response(s) [49246196-984b-451c-bd71-1d62e0d13355<-98e6b70b-d673-4309-9f24-a1a199b24062#0:FAIL-t1, 49246196-984b-451c-bd71-1d62e0d13355<-4d1035ec-513f-4ae8-938d-98e92fb6b91b#0:FAIL-t1] and 0 exception(s); 49246196-984b-451c-bd71-1d62e0d13355:t1, leader=null, voted=49246196-984b-451c-bd71-1d62e0d13355, raftlog=49246196-984b-451c-bd71-1d62e0d13355-SegmentedRaftLog:OPENED:c-1,f-1,i0, conf=-1: [98e6b70b-d673-4309-9f24-a1a199b24062:192.168.69.102:35992, 4d1035ec-513f-4ae8-938d-98e92fb6b91b:192.168.69.102:42476, 49246196-984b-451c-bd71-1d62e0d13355:192.168.69.102:37585], old=null
2019-09-09 07:58:33,405 [4d1035ec-513f-4ae8-938d-98e92fb6b91b:group-4CA054B1428D:LeaderElection99] INFO  impl.RoleInfo (RoleInfo.java:shutdownLeaderElection(134)) - 4d1035ec-513f-4ae8-938d-98e92fb6b91b: shutdown LeaderElection
2019-09-09 07:58:33,408 [49246196-984b-451c-bd71-1d62e0d13355:group-4CA054B1428D:LeaderElection100] INFO  impl.RaftServerImpl (RaftServerImpl.java:setRole(171)) - 49246196-984b-451c-bd71-1d62e0d13355:group-4CA054B1428D changes role from CANDIDATE to FOLLOWER at term 1 for DISCOVERED_A_NEW_TERM
2019-09-09 07:58:33,408 [4d1035ec-513f-4ae8-938d-98e92fb6b91b:group-4CA054B1428D:LeaderElection99] INFO  impl.RaftServerImpl (RaftServerImpl.java:setRole(171)) - 4d1035ec-513f-4ae8-938d-98e92fb6b91b:group-4CA054B1428D changes role from CANDIDATE to LEADER at term 1 for changeToLeader
2019-09-09 07:58:33,412 [4d1035ec-513f-4ae8-938d-98e92fb6b91b:group-4CA054B1428D:LeaderElection99] INFO  impl.RaftServerImpl (ServerState.java:setLeader(263)) - 4d1035ec-513f-4ae8-938d-98e92fb6b91b:group-4CA054B1428D change Leader from null to 4d1035ec-513f-4ae8-938d-98e92fb6b91b at term 1 for becomeLeader, leader elected after 5140ms
2019-09-09 07:58:33,408 [49246196-984b-451c-bd71-1d62e0d13355:group-4CA054B1428D:LeaderElection100] INFO  impl.RoleInfo (RoleInfo.java:shutdownLeaderElection(134)) - 49246196-984b-451c-bd71-1d62e0d13355: shutdown LeaderElection
2019-09-09 07:58:33,412 [4d1035ec-513f-4ae8-938d-98e92fb6b91b:group-4CA054B1428D:LeaderElection99] INFO  server.RaftServerConfigKeys (ConfUtils.java:logGet(43)) - raft.server.staging.catchup.gap = 1000 (default)
2019-09-09 07:58:33,413 [49246196-984b-451c-bd71-1d62e0d13355:group-4CA054B1428D:LeaderElection100] INFO  impl.RoleInfo (RoleInfo.java:updateAndGet(143)) - 49246196-984b-451c-bd71-1d62e0d13355: start FollowerState
2019-09-09 07:58:33,413 [4d1035ec-513f-4ae8-938d-98e92fb6b91b:group-4CA054B1428D:LeaderElection99] INFO  server.RaftServerConfigKeys (ConfUtils.java:logGet(43)) - raft.server.rpc.sleep.time = 25ms (default)
2019-09-09 07:58:33,413 [4d1035ec-513f-4ae8-938d-98e92fb6b91b:group-4CA054B1428D:LeaderElection99] INFO  server.RaftServerConfigKeys (ConfUtils.java:logGet(43)) - raft.server.write.element-limit = 4096 (default)
2019-09-09 07:58:33,413 [4d1035ec-513f-4ae8-938d-98e92fb6b91b:group-4CA054B1428D:LeaderElection99] INFO  server.RaftServerConfigKeys (ConfUtils.java:logGet(43)) - raft.server.watch.timeout = 10s (default)
2019-09-09 07:58:33,413 [4d1035ec-513f-4ae8-938d-98e92fb6b91b:group-4CA054B1428D:LeaderElection99] INFO  server.RaftServerConfigKeys (ConfUtils.java:logGet(43)) - raft.server.watch.timeout.denomination = 1s (default)
2019-09-09 07:58:33,413 [4d1035ec-513f-4ae8-938d-98e92fb6b91b:group-4CA054B1428D:LeaderElection99] INFO  server.RaftServerConfigKeys (ConfUtils.java:logGet(43)) - raft.server.watch.element-limit = 65536 (default)
2019-09-09 07:58:33,414 [4d1035ec-513f-4ae8-938d-98e92fb6b91b:group-4CA054B1428D:LeaderElection99] INFO  server.RaftServerConfigKeys (ConfUtils.java:logGet(43)) - raft.server.log.appender.snapshot.chunk.size.max = 16MB (=16777216) (default)
2019-09-09 07:58:33,414 [4d1035ec-513f-4ae8-938d-98e92fb6b91b:group-4CA054B1428D:LeaderElection99] INFO  server.RaftServerConfigKeys (ConfUtils.java:logGet(43)) - raft.server.log.appender.buffer.byte-limit = 33554432 (custom)
2019-09-09 07:58:33,414 [4d1035ec-513f-4ae8-938d-98e92fb6b91b:group-4CA054B1428D:LeaderElection99] INFO  server.RaftServerConfigKeys (ConfUtils.java:logGet(43)) - raft.server.log.appender.buffer.element-limit = 1 (custom)
2019-09-09 07:58:33,414 [4d1035ec-513f-4ae8-938d-98e92fb6b91b:group-4CA054B1428D:LeaderElection99] INFO  grpc.GrpcConfigKeys$Server (ConfUtils.java:logGet(43)) - raft.grpc.server.leader.outstanding.appends.max = 128 (default)
2019-09-09 07:58:33,415 [4d1035ec-513f-4ae8-938d-98e92fb6b91b:group-4CA054B1428D:LeaderElection99] INFO  server.RaftServerConfigKeys (ConfUtils.java:logGet(43)) - raft.server.rpc.request.timeout = 3000ms (default)
2019-09-09 07:58:33,415 [4d1035ec-513f-4ae8-938d-98e92fb6b91b:group-4CA054B1428D:LeaderElection99] INFO  server.RaftServerConfigKeys (ConfUtils.java:logGet(43)) - raft.server.log.appender.install.snapshot.enabled = false (custom)
2019-09-09 07:58:33,415 [4d1035ec-513f-4ae8-938d-98e92fb6b91b:group-4CA054B1428D:LeaderElection99] INFO  server.RaftServerConfigKeys (ConfUtils.java:logGet(43)) - raft.server.log.appender.snapshot.chunk.size.max = 16MB (=16777216) (default)
2019-09-09 07:58:33,415 [4d1035ec-513f-4ae8-938d-98e92fb6b91b:group-4CA054B1428D:LeaderElection99] INFO  server.RaftServerConfigKeys (ConfUtils.java:logGet(43)) - raft.server.log.appender.buffer.byte-limit = 33554432 (custom)
2019-09-09 07:58:33,415 [4d1035ec-513f-4ae8-938d-98e92fb6b91b:group-4CA054B1428D:LeaderElection99] INFO  server.RaftServerConfigKeys (ConfUtils.java:logGet(43)) - raft.server.log.appender.buffer.element-limit = 1 (custom)
2019-09-09 07:58:33,415 [4d1035ec-513f-4ae8-938d-98e92fb6b91b:group-4CA054B1428D:LeaderElection99] INFO  grpc.GrpcConfigKeys$Server (ConfUtils.java:logGet(43)) - raft.grpc.server.leader.outstanding.appends.max = 128 (default)
2019-09-09 07:58:33,416 [4d1035ec-513f-4ae8-938d-98e92fb6b91b:group-4CA054B1428D:LeaderElection99] INFO  server.RaftServerConfigKeys (ConfUtils.java:logGet(43)) - raft.server.rpc.request.timeout = 3000ms (default)
2019-09-09 07:58:33,416 [4d1035ec-513f-4ae8-938d-98e92fb6b91b:group-4CA054B1428D:LeaderElection99] INFO  server.RaftServerConfigKeys (ConfUtils.java:logGet(43)) - raft.server.log.appender.install.snapshot.enabled = false (custom)
2019-09-09 07:58:33,416 [4d1035ec-513f-4ae8-938d-98e92fb6b91b:group-4CA054B1428D:LeaderElection99] INFO  impl.RoleInfo (RoleInfo.java:updateAndGet(143)) - 4d1035ec-513f-4ae8-938d-98e92fb6b91b: start LeaderState
2019-09-09 07:58:33,416 [4d1035ec-513f-4ae8-938d-98e92fb6b91b:group-4CA054B1428D:LeaderElection99] INFO  segmented.SegmentedRaftLogWorker (SegmentedRaftLogWorker.java:startLogSegment(380)) - 4d1035ec-513f-4ae8-938d-98e92fb6b91b-SegmentedRaftLogWorker:Storage Directory /workdir/hadoop-ozone/integration-test/target/test-dir/MiniOzoneClusterImpl-e70ec129-6ead-427c-a372-e351fbe58a4c/datanode-0/data/ratis/c9ba5001-7c50-4b87-a352-4ca054b1428d: Starting segment from index:0
2019-09-09 07:58:33,417 [4d1035ec-513f-4ae8-938d-98e92fb6b91b:group-4CA054B1428D:LeaderElection99] INFO  impl.RaftServerImpl (ServerState.java:setRaftConf(361)) - 4d1035ec-513f-4ae8-938d-98e92fb6b91b:group-4CA054B1428D set configuration 0: [98e6b70b-d673-4309-9f24-a1a199b24062:192.168.69.102:35992, 4d1035ec-513f-4ae8-938d-98e92fb6b91b:192.168.69.102:42476, 49246196-984b-451c-bd71-1d62e0d13355:192.168.69.102:37585], old=null at 0
2019-09-09 07:58:33,418 [grpc-default-executor-9] INFO  impl.RaftServerImpl (ServerState.java:setLeader(263)) - 49246196-984b-451c-bd71-1d62e0d13355:group-4CA054B1428D change Leader from null to 4d1035ec-513f-4ae8-938d-98e92fb6b91b at term 1 for appendEntries, leader elected after 5147ms
2019-09-09 07:58:33,419 [grpc-default-executor-11] INFO  impl.RaftServerImpl (ServerState.java:setLeader(263)) - 98e6b70b-d673-4309-9f24-a1a199b24062:group-4CA054B1428D change Leader from null to 4d1035ec-513f-4ae8-938d-98e92fb6b91b at term 1 for appendEntries, leader elected after 5147ms
2019-09-09 07:58:33,421 [grpc-default-executor-11] INFO  impl.RaftServerImpl (ServerState.java:setRaftConf(361)) - 49246196-984b-451c-bd71-1d62e0d13355:group-4CA054B1428D set configuration 0: [98e6b70b-d673-4309-9f24-a1a199b24062:192.168.69.102:35992, 4d1035ec-513f-4ae8-938d-98e92fb6b91b:192.168.69.102:42476, 49246196-984b-451c-bd71-1d62e0d13355:192.168.69.102:37585], old=null at 0
2019-09-09 07:58:33,421 [grpc-default-executor-9] INFO  impl.RaftServerImpl (ServerState.java:setRaftConf(361)) - 98e6b70b-d673-4309-9f24-a1a199b24062:group-4CA054B1428D set configuration 0: [98e6b70b-d673-4309-9f24-a1a199b24062:192.168.69.102:35992, 4d1035ec-513f-4ae8-938d-98e92fb6b91b:192.168.69.102:42476, 49246196-984b-451c-bd71-1d62e0d13355:192.168.69.102:37585], old=null at 0
2019-09-09 07:58:33,421 [grpc-default-executor-11] INFO  segmented.SegmentedRaftLogWorker (SegmentedRaftLogWorker.java:startLogSegment(380)) - 49246196-984b-451c-bd71-1d62e0d13355-SegmentedRaftLogWorker:Storage Directory /workdir/hadoop-ozone/integration-test/target/test-dir/MiniOzoneClusterImpl-e70ec129-6ead-427c-a372-e351fbe58a4c/datanode-2/data/ratis/c9ba5001-7c50-4b87-a352-4ca054b1428d: Starting segment from index:0
2019-09-09 07:58:33,421 [grpc-default-executor-9] INFO  segmented.SegmentedRaftLogWorker (SegmentedRaftLogWorker.java:startLogSegment(380)) - 98e6b70b-d673-4309-9f24-a1a199b24062-SegmentedRaftLogWorker:Storage Directory /workdir/hadoop-ozone/integration-test/target/test-dir/MiniOzoneClusterImpl-e70ec129-6ead-427c-a372-e351fbe58a4c/datanode-1/data/ratis/c9ba5001-7c50-4b87-a352-4ca054b1428d: Starting segment from index:0
2019-09-09 07:58:33,436 [49246196-984b-451c-bd71-1d62e0d13355:group-89B0AFFFAD7E:LeaderElection101] INFO  impl.LeaderElection (LeaderElection.java:askForVotes(181)) - 49246196-984b-451c-bd71-1d62e0d13355:group-89B0AFFFAD7E:LeaderElection101: begin an election at term 1 for -1: [49246196-984b-451c-bd71-1d62e0d13355:192.168.69.102:37585], old=null
2019-09-09 07:58:33,436 [49246196-984b-451c-bd71-1d62e0d13355:group-89B0AFFFAD7E:LeaderElection101] INFO  impl.RoleInfo (RoleInfo.java:shutdownLeaderElection(134)) - 49246196-984b-451c-bd71-1d62e0d13355: shutdown LeaderElection
2019-09-09 07:58:33,436 [49246196-984b-451c-bd71-1d62e0d13355:group-89B0AFFFAD7E:LeaderElection101] INFO  impl.RaftServerImpl (RaftServerImpl.java:setRole(171)) - 49246196-984b-451c-bd71-1d62e0d13355:group-89B0AFFFAD7E changes role from CANDIDATE to LEADER at term 1 for changeToLeader
2019-09-09 07:58:33,436 [49246196-984b-451c-bd71-1d62e0d13355:group-89B0AFFFAD7E:LeaderElection101] INFO  impl.RaftServerImpl (ServerState.java:setLeader(263)) - 49246196-984b-451c-bd71-1d62e0d13355:group-89B0AFFFAD7E change Leader from null to 49246196-984b-451c-bd71-1d62e0d13355 at term 1 for becomeLeader, leader elected after 5234ms
2019-09-09 07:58:33,436 [49246196-984b-451c-bd71-1d62e0d13355:group-89B0AFFFAD7E:LeaderElection101] INFO  server.RaftServerConfigKeys (ConfUtils.java:logGet(43)) - raft.server.staging.catchup.gap = 1000 (default)
2019-09-09 07:58:33,436 [49246196-984b-451c-bd71-1d62e0d13355:group-89B0AFFFAD7E:LeaderElection101] INFO  server.RaftServerConfigKeys (ConfUtils.java:logGet(43)) - raft.server.rpc.sleep.time = 25ms (default)
2019-09-09 07:58:33,436 [49246196-984b-451c-bd71-1d62e0d13355:group-89B0AFFFAD7E:LeaderElection101] INFO  server.RaftServerConfigKeys (ConfUtils.java:logGet(43)) - raft.server.write.element-limit = 4096 (default)
2019-09-09 07:58:33,436 [49246196-984b-451c-bd71-1d62e0d13355:group-89B0AFFFAD7E:LeaderElection101] INFO  server.RaftServerConfigKeys (ConfUtils.java:logGet(43)) - raft.server.watch.timeout = 10s (default)
2019-09-09 07:58:33,437 [49246196-984b-451c-bd71-1d62e0d13355:group-89B0AFFFAD7E:LeaderElection101] INFO  server.RaftServerConfigKeys (ConfUtils.java:logGet(43)) - raft.server.watch.timeout.denomination = 1s (default)
2019-09-09 07:58:33,437 [49246196-984b-451c-bd71-1d62e0d13355:group-89B0AFFFAD7E:LeaderElection101] INFO  server.RaftServerConfigKeys (ConfUtils.java:logGet(43)) - raft.server.watch.element-limit = 65536 (default)
2019-09-09 07:58:33,437 [49246196-984b-451c-bd71-1d62e0d13355:group-89B0AFFFAD7E:LeaderElection101] INFO  impl.RoleInfo (RoleInfo.java:updateAndGet(143)) - 49246196-984b-451c-bd71-1d62e0d13355: start LeaderState
2019-09-09 07:58:33,437 [49246196-984b-451c-bd71-1d62e0d13355:group-89B0AFFFAD7E:LeaderElection101] INFO  segmented.SegmentedRaftLogWorker (SegmentedRaftLogWorker.java:startLogSegment(380)) - 49246196-984b-451c-bd71-1d62e0d13355-SegmentedRaftLogWorker:Storage Directory /workdir/hadoop-ozone/integration-test/target/test-dir/MiniOzoneClusterImpl-e70ec129-6ead-427c-a372-e351fbe58a4c/datanode-2/data/ratis/68b7da5e-3e2c-4c1a-b5ef-89b0afffad7e: Starting segment from index:0
2019-09-09 07:58:33,437 [49246196-984b-451c-bd71-1d62e0d13355:group-89B0AFFFAD7E:LeaderElection101] INFO  impl.RaftServerImpl (ServerState.java:setRaftConf(361)) - 49246196-984b-451c-bd71-1d62e0d13355:group-89B0AFFFAD7E set configuration 0: [49246196-984b-451c-bd71-1d62e0d13355:192.168.69.102:37585], old=null at 0
2019-09-09 07:58:33,463 [Thread-4896] INFO  impl.FollowerState (FollowerState.java:run(106)) - b1439841-d28e-4b57-8db6-1dcfa6542f23:group-7C7BBD780AC3 changes to CANDIDATE, lastRpcTime:5135, electionTimeout:5135ms
2019-09-09 07:58:33,463 [Thread-4896] INFO  impl.RoleInfo (RoleInfo.java:shutdownFollowerState(121)) - b1439841-d28e-4b57-8db6-1dcfa6542f23: shutdown FollowerState
2019-09-09 07:58:33,463 [Thread-4896] INFO  impl.RaftServerImpl (RaftServerImpl.java:setRole(171)) - b1439841-d28e-4b57-8db6-1dcfa6542f23:group-7C7BBD780AC3 changes role from FOLLOWER to CANDIDATE at term 0 for changeToCandidate
2019-09-09 07:58:33,464 [Thread-4896] INFO  impl.RoleInfo (RoleInfo.java:updateAndGet(143)) - b1439841-d28e-4b57-8db6-1dcfa6542f23: start LeaderElection
2019-09-09 07:58:33,475 [98e6b70b-d673-4309-9f24-a1a199b24062-SegmentedRaftLogWorker:Storage Directory /workdir/hadoop-ozone/integration-test/target/test-dir/MiniOzoneClusterImpl-e70ec129-6ead-427c-a372-e351fbe58a4c/datanode-1/data/ratis/c9ba5001-7c50-4b87-a352-4ca054b1428d] INFO  segmented.SegmentedRaftLogWorker (SegmentedRaftLogWorker.java:execute(569)) - 98e6b70b-d673-4309-9f24-a1a199b24062-SegmentedRaftLogWorker:Storage Directory /workdir/hadoop-ozone/integration-test/target/test-dir/MiniOzoneClusterImpl-e70ec129-6ead-427c-a372-e351fbe58a4c/datanode-1/data/ratis/c9ba5001-7c50-4b87-a352-4ca054b1428d: created new log segment /workdir/hadoop-ozone/integration-test/target/test-dir/MiniOzoneClusterImpl-e70ec129-6ead-427c-a372-e351fbe58a4c/datanode-1/data/ratis/c9ba5001-7c50-4b87-a352-4ca054b1428d/current/log_inprogress_0
2019-09-09 07:58:33,476 [Thread-4902] INFO  impl.FollowerState (FollowerState.java:run(106)) - ec91b32c-f877-45bd-adae-663f9529a22c:group-D3F5E08236ED changes to CANDIDATE, lastRpcTime:5028, electionTimeout:5027ms
2019-09-09 07:58:33,475 [4d1035ec-513f-4ae8-938d-98e92fb6b91b-SegmentedRaftLogWorker:Storage Directory /workdir/hadoop-ozone/integration-test/target/test-dir/MiniOzoneClusterImpl-e70ec129-6ead-427c-a372-e351fbe58a4c/datanode-0/data/ratis/c9ba5001-7c50-4b87-a352-4ca054b1428d] INFO  segmented.SegmentedRaftLogWorker (SegmentedRaftLogWorker.java:execute(569)) - 4d1035ec-513f-4ae8-938d-98e92fb6b91b-SegmentedRaftLogWorker:Storage Directory /workdir/hadoop-ozone/integration-test/target/test-dir/MiniOzoneClusterImpl-e70ec129-6ead-427c-a372-e351fbe58a4c/datanode-0/data/ratis/c9ba5001-7c50-4b87-a352-4ca054b1428d: created new log segment /workdir/hadoop-ozone/integration-test/target/test-dir/MiniOzoneClusterImpl-e70ec129-6ead-427c-a372-e351fbe58a4c/datanode-0/data/ratis/c9ba5001-7c50-4b87-a352-4ca054b1428d/current/log_inprogress_0
2019-09-09 07:58:33,475 [49246196-984b-451c-bd71-1d62e0d13355-SegmentedRaftLogWorker:Storage Directory /workdir/hadoop-ozone/integration-test/target/test-dir/MiniOzoneClusterImpl-e70ec129-6ead-427c-a372-e351fbe58a4c/datanode-2/data/ratis/c9ba5001-7c50-4b87-a352-4ca054b1428d] INFO  segmented.SegmentedRaftLogWorker (SegmentedRaftLogWorker.java:execute(569)) - 49246196-984b-451c-bd71-1d62e0d13355-SegmentedRaftLogWorker:Storage Directory /workdir/hadoop-ozone/integration-test/target/test-dir/MiniOzoneClusterImpl-e70ec129-6ead-427c-a372-e351fbe58a4c/datanode-2/data/ratis/c9ba5001-7c50-4b87-a352-4ca054b1428d: created new log segment /workdir/hadoop-ozone/integration-test/target/test-dir/MiniOzoneClusterImpl-e70ec129-6ead-427c-a372-e351fbe58a4c/datanode-2/data/ratis/c9ba5001-7c50-4b87-a352-4ca054b1428d/current/log_inprogress_0
2019-09-09 07:58:33,479 [Thread-4902] INFO  impl.RoleInfo (RoleInfo.java:shutdownFollowerState(121)) - ec91b32c-f877-45bd-adae-663f9529a22c: shutdown FollowerState
2019-09-09 07:58:33,479 [Thread-4902] INFO  impl.RaftServerImpl (RaftServerImpl.java:setRole(171)) - ec91b32c-f877-45bd-adae-663f9529a22c:group-D3F5E08236ED changes role from FOLLOWER to CANDIDATE at term 0 for changeToCandidate
2019-09-09 07:58:33,480 [Thread-4902] INFO  impl.RoleInfo (RoleInfo.java:updateAndGet(143)) - ec91b32c-f877-45bd-adae-663f9529a22c: start LeaderElection
2019-09-09 07:58:33,485 [49246196-984b-451c-bd71-1d62e0d13355-SegmentedRaftLogWorker:Storage Directory /workdir/hadoop-ozone/integration-test/target/test-dir/MiniOzoneClusterImpl-e70ec129-6ead-427c-a372-e351fbe58a4c/datanode-2/data/ratis/68b7da5e-3e2c-4c1a-b5ef-89b0afffad7e] INFO  segmented.SegmentedRaftLogWorker (SegmentedRaftLogWorker.java:execute(569)) - 49246196-984b-451c-bd71-1d62e0d13355-SegmentedRaftLogWorker:Storage Directory /workdir/hadoop-ozone/integration-test/target/test-dir/MiniOzoneClusterImpl-e70ec129-6ead-427c-a372-e351fbe58a4c/datanode-2/data/ratis/68b7da5e-3e2c-4c1a-b5ef-89b0afffad7e: created new log segment /workdir/hadoop-ozone/integration-test/target/test-dir/MiniOzoneClusterImpl-e70ec129-6ead-427c-a372-e351fbe58a4c/datanode-2/data/ratis/68b7da5e-3e2c-4c1a-b5ef-89b0afffad7e/current/log_inprogress_0
2019-09-09 07:58:33,486 [b1439841-d28e-4b57-8db6-1dcfa6542f23:group-7C7BBD780AC3:LeaderElection102] INFO  impl.LeaderElection (LeaderElection.java:askForVotes(181)) - b1439841-d28e-4b57-8db6-1dcfa6542f23:group-7C7BBD780AC3:LeaderElection102: begin an election at term 1 for -1: [b1439841-d28e-4b57-8db6-1dcfa6542f23:192.168.69.102:35191], old=null
2019-09-09 07:58:33,486 [b1439841-d28e-4b57-8db6-1dcfa6542f23:group-7C7BBD780AC3:LeaderElection102] INFO  impl.RoleInfo (RoleInfo.java:shutdownLeaderElection(134)) - b1439841-d28e-4b57-8db6-1dcfa6542f23: shutdown LeaderElection
2019-09-09 07:58:33,486 [b1439841-d28e-4b57-8db6-1dcfa6542f23:group-7C7BBD780AC3:LeaderElection102] INFO  impl.RaftServerImpl (RaftServerImpl.java:setRole(171)) - b1439841-d28e-4b57-8db6-1dcfa6542f23:group-7C7BBD780AC3 changes role from CANDIDATE to LEADER at term 1 for changeToLeader
2019-09-09 07:58:33,486 [b1439841-d28e-4b57-8db6-1dcfa6542f23:group-7C7BBD780AC3:LeaderElection102] INFO  impl.RaftServerImpl (ServerState.java:setLeader(263)) - b1439841-d28e-4b57-8db6-1dcfa6542f23:group-7C7BBD780AC3 change Leader from null to b1439841-d28e-4b57-8db6-1dcfa6542f23 at term 1 for becomeLeader, leader elected after 5160ms
2019-09-09 07:58:33,486 [b1439841-d28e-4b57-8db6-1dcfa6542f23:group-7C7BBD780AC3:LeaderElection102] INFO  server.RaftServerConfigKeys (ConfUtils.java:logGet(43)) - raft.server.staging.catchup.gap = 1000 (default)
2019-09-09 07:58:33,486 [b1439841-d28e-4b57-8db6-1dcfa6542f23:group-7C7BBD780AC3:LeaderElection102] INFO  server.RaftServerConfigKeys (ConfUtils.java:logGet(43)) - raft.server.rpc.sleep.time = 25ms (default)
2019-09-09 07:58:33,486 [b1439841-d28e-4b57-8db6-1dcfa6542f23:group-7C7BBD780AC3:LeaderElection102] INFO  server.RaftServerConfigKeys (ConfUtils.java:logGet(43)) - raft.server.write.element-limit = 4096 (default)
2019-09-09 07:58:33,486 [b1439841-d28e-4b57-8db6-1dcfa6542f23:group-7C7BBD780AC3:LeaderElection102] INFO  server.RaftServerConfigKeys (ConfUtils.java:logGet(43)) - raft.server.watch.timeout = 10s (default)
2019-09-09 07:58:33,487 [b1439841-d28e-4b57-8db6-1dcfa6542f23:group-7C7BBD780AC3:LeaderElection102] INFO  server.RaftServerConfigKeys (ConfUtils.java:logGet(43)) - raft.server.watch.timeout.denomination = 1s (default)
2019-09-09 07:58:33,487 [b1439841-d28e-4b57-8db6-1dcfa6542f23:group-7C7BBD780AC3:LeaderElection102] INFO  server.RaftServerConfigKeys (ConfUtils.java:logGet(43)) - raft.server.watch.element-limit = 65536 (default)
2019-09-09 07:58:33,487 [b1439841-d28e-4b57-8db6-1dcfa6542f23:group-7C7BBD780AC3:LeaderElection102] INFO  impl.RoleInfo (RoleInfo.java:updateAndGet(143)) - b1439841-d28e-4b57-8db6-1dcfa6542f23: start LeaderState
2019-09-09 07:58:33,487 [b1439841-d28e-4b57-8db6-1dcfa6542f23:group-7C7BBD780AC3:LeaderElection102] INFO  segmented.SegmentedRaftLogWorker (SegmentedRaftLogWorker.java:startLogSegment(380)) - b1439841-d28e-4b57-8db6-1dcfa6542f23-SegmentedRaftLogWorker:Storage Directory /workdir/hadoop-ozone/integration-test/target/test-dir/MiniOzoneClusterImpl-e70ec129-6ead-427c-a372-e351fbe58a4c/datanode-3/data/ratis/714eb89a-1d51-48ca-9760-7c7bbd780ac3: Starting segment from index:0
2019-09-09 07:58:33,487 [b1439841-d28e-4b57-8db6-1dcfa6542f23:group-7C7BBD780AC3:LeaderElection102] INFO  impl.RaftServerImpl (ServerState.java:setRaftConf(361)) - b1439841-d28e-4b57-8db6-1dcfa6542f23:group-7C7BBD780AC3 set configuration 0: [b1439841-d28e-4b57-8db6-1dcfa6542f23:192.168.69.102:35191], old=null at 0
2019-09-09 07:58:33,516 [ec91b32c-f877-45bd-adae-663f9529a22c:group-D3F5E08236ED:LeaderElection103] INFO  impl.LeaderElection (LeaderElection.java:askForVotes(181)) - ec91b32c-f877-45bd-adae-663f9529a22c:group-D3F5E08236ED:LeaderElection103: begin an election at term 1 for -1: [ec91b32c-f877-45bd-adae-663f9529a22c:192.168.69.102:44635], old=null
2019-09-09 07:58:33,517 [ec91b32c-f877-45bd-adae-663f9529a22c:group-D3F5E08236ED:LeaderElection103] INFO  impl.RoleInfo (RoleInfo.java:shutdownLeaderElection(134)) - ec91b32c-f877-45bd-adae-663f9529a22c: shutdown LeaderElection
2019-09-09 07:58:33,517 [ec91b32c-f877-45bd-adae-663f9529a22c:group-D3F5E08236ED:LeaderElection103] INFO  impl.RaftServerImpl (RaftServerImpl.java:setRole(171)) - ec91b32c-f877-45bd-adae-663f9529a22c:group-D3F5E08236ED changes role from CANDIDATE to LEADER at term 1 for changeToLeader
2019-09-09 07:58:33,517 [ec91b32c-f877-45bd-adae-663f9529a22c:group-D3F5E08236ED:LeaderElection103] INFO  impl.RaftServerImpl (ServerState.java:setLeader(263)) - ec91b32c-f877-45bd-adae-663f9529a22c:group-D3F5E08236ED change Leader from null to ec91b32c-f877-45bd-adae-663f9529a22c at term 1 for becomeLeader, leader elected after 5072ms
2019-09-09 07:58:33,517 [ec91b32c-f877-45bd-adae-663f9529a22c:group-D3F5E08236ED:LeaderElection103] INFO  server.RaftServerConfigKeys (ConfUtils.java:logGet(43)) - raft.server.staging.catchup.gap = 1000 (default)
2019-09-09 07:58:33,517 [ec91b32c-f877-45bd-adae-663f9529a22c:group-D3F5E08236ED:LeaderElection103] INFO  server.RaftServerConfigKeys (ConfUtils.java:logGet(43)) - raft.server.rpc.sleep.time = 25ms (default)
2019-09-09 07:58:33,517 [ec91b32c-f877-45bd-adae-663f9529a22c:group-D3F5E08236ED:LeaderElection103] INFO  server.RaftServerConfigKeys (ConfUtils.java:logGet(43)) - raft.server.write.element-limit = 4096 (default)
2019-09-09 07:58:33,517 [ec91b32c-f877-45bd-adae-663f9529a22c:group-D3F5E08236ED:LeaderElection103] INFO  server.RaftServerConfigKeys (ConfUtils.java:logGet(43)) - raft.server.watch.timeout = 10s (default)
2019-09-09 07:58:33,517 [ec91b32c-f877-45bd-adae-663f9529a22c:group-D3F5E08236ED:LeaderElection103] INFO  server.RaftServerConfigKeys (ConfUtils.java:logGet(43)) - raft.server.watch.timeout.denomination = 1s (default)
2019-09-09 07:58:33,517 [ec91b32c-f877-45bd-adae-663f9529a22c:group-D3F5E08236ED:LeaderElection103] INFO  server.RaftServerConfigKeys (ConfUtils.java:logGet(43)) - raft.server.watch.element-limit = 65536 (default)
2019-09-09 07:58:33,517 [ec91b32c-f877-45bd-adae-663f9529a22c:group-D3F5E08236ED:LeaderElection103] INFO  impl.RoleInfo (RoleInfo.java:updateAndGet(143)) - ec91b32c-f877-45bd-adae-663f9529a22c: start LeaderState
2019-09-09 07:58:33,518 [ec91b32c-f877-45bd-adae-663f9529a22c:group-D3F5E08236ED:LeaderElection103] INFO  segmented.SegmentedRaftLogWorker (SegmentedRaftLogWorker.java:startLogSegment(380)) - ec91b32c-f877-45bd-adae-663f9529a22c-SegmentedRaftLogWorker:Storage Directory /workdir/hadoop-ozone/integration-test/target/test-dir/MiniOzoneClusterImpl-e70ec129-6ead-427c-a372-e351fbe58a4c/datanode-5/data/ratis/f1c75883-cdaa-4a83-8c7a-d3f5e08236ed: Starting segment from index:0
2019-09-09 07:58:33,518 [ec91b32c-f877-45bd-adae-663f9529a22c:group-D3F5E08236ED:LeaderElection103] INFO  impl.RaftServerImpl (ServerState.java:setRaftConf(361)) - ec91b32c-f877-45bd-adae-663f9529a22c:group-D3F5E08236ED set configuration 0: [ec91b32c-f877-45bd-adae-663f9529a22c:192.168.69.102:44635], old=null at 0
2019-09-09 07:58:33,531 [Thread-4899] INFO  impl.FollowerState (FollowerState.java:run(106)) - ba68b7d1-9d4d-4ed7-bfd0-91b88768130d:group-00FD3763B77C changes to CANDIDATE, lastRpcTime:5155, electionTimeout:5155ms
2019-09-09 07:58:33,531 [Thread-4899] INFO  impl.RoleInfo (RoleInfo.java:shutdownFollowerState(121)) - ba68b7d1-9d4d-4ed7-bfd0-91b88768130d: shutdown FollowerState
2019-09-09 07:58:33,531 [Thread-4899] INFO  impl.RaftServerImpl (RaftServerImpl.java:setRole(171)) - ba68b7d1-9d4d-4ed7-bfd0-91b88768130d:group-00FD3763B77C changes role from FOLLOWER to CANDIDATE at term 0 for changeToCandidate
2019-09-09 07:58:33,531 [Thread-4899] INFO  impl.RoleInfo (RoleInfo.java:updateAndGet(143)) - ba68b7d1-9d4d-4ed7-bfd0-91b88768130d: start LeaderElection
2019-09-09 07:58:33,550 [Thread-4905] INFO  impl.FollowerState (FollowerState.java:run(106)) - 087e4cee-409e-406d-bef1-b586fff3463e:group-7904374F7DA7 changes to CANDIDATE, lastRpcTime:5008, electionTimeout:5008ms
2019-09-09 07:58:33,551 [Thread-4905] INFO  impl.RoleInfo (RoleInfo.java:shutdownFollowerState(121)) - 087e4cee-409e-406d-bef1-b586fff3463e: shutdown FollowerState
2019-09-09 07:58:33,551 [Thread-4905] INFO  impl.RaftServerImpl (RaftServerImpl.java:setRole(171)) - 087e4cee-409e-406d-bef1-b586fff3463e:group-7904374F7DA7 changes role from FOLLOWER to CANDIDATE at term 0 for changeToCandidate
2019-09-09 07:58:33,551 [Thread-4905] INFO  impl.RoleInfo (RoleInfo.java:updateAndGet(143)) - 087e4cee-409e-406d-bef1-b586fff3463e: start LeaderElection
2019-09-09 07:58:33,560 [b1439841-d28e-4b57-8db6-1dcfa6542f23-SegmentedRaftLogWorker:Storage Directory /workdir/hadoop-ozone/integration-test/target/test-dir/MiniOzoneClusterImpl-e70ec129-6ead-427c-a372-e351fbe58a4c/datanode-3/data/ratis/714eb89a-1d51-48ca-9760-7c7bbd780ac3] INFO  segmented.SegmentedRaftLogWorker (SegmentedRaftLogWorker.java:execute(569)) - b1439841-d28e-4b57-8db6-1dcfa6542f23-SegmentedRaftLogWorker:Storage Directory /workdir/hadoop-ozone/integration-test/target/test-dir/MiniOzoneClusterImpl-e70ec129-6ead-427c-a372-e351fbe58a4c/datanode-3/data/ratis/714eb89a-1d51-48ca-9760-7c7bbd780ac3: created new log segment /workdir/hadoop-ozone/integration-test/target/test-dir/MiniOzoneClusterImpl-e70ec129-6ead-427c-a372-e351fbe58a4c/datanode-3/data/ratis/714eb89a-1d51-48ca-9760-7c7bbd780ac3/current/log_inprogress_0
2019-09-09 07:58:33,560 [ec91b32c-f877-45bd-adae-663f9529a22c-SegmentedRaftLogWorker:Storage Directory /workdir/hadoop-ozone/integration-test/target/test-dir/MiniOzoneClusterImpl-e70ec129-6ead-427c-a372-e351fbe58a4c/datanode-5/data/ratis/f1c75883-cdaa-4a83-8c7a-d3f5e08236ed] INFO  segmented.SegmentedRaftLogWorker (SegmentedRaftLogWorker.java:execute(569)) - ec91b32c-f877-45bd-adae-663f9529a22c-SegmentedRaftLogWorker:Storage Directory /workdir/hadoop-ozone/integration-test/target/test-dir/MiniOzoneClusterImpl-e70ec129-6ead-427c-a372-e351fbe58a4c/datanode-5/data/ratis/f1c75883-cdaa-4a83-8c7a-d3f5e08236ed: created new log segment /workdir/hadoop-ozone/integration-test/target/test-dir/MiniOzoneClusterImpl-e70ec129-6ead-427c-a372-e351fbe58a4c/datanode-5/data/ratis/f1c75883-cdaa-4a83-8c7a-d3f5e08236ed/current/log_inprogress_0
2019-09-09 07:58:33,578 [087e4cee-409e-406d-bef1-b586fff3463e:group-7904374F7DA7:LeaderElection105] INFO  impl.LeaderElection (LeaderElection.java:askForVotes(181)) - 087e4cee-409e-406d-bef1-b586fff3463e:group-7904374F7DA7:LeaderElection105: begin an election at term 1 for -1: [087e4cee-409e-406d-bef1-b586fff3463e:192.168.69.102:44977], old=null
2019-09-09 07:58:33,578 [ba68b7d1-9d4d-4ed7-bfd0-91b88768130d:group-00FD3763B77C:LeaderElection104] INFO  impl.LeaderElection (LeaderElection.java:askForVotes(181)) - ba68b7d1-9d4d-4ed7-bfd0-91b88768130d:group-00FD3763B77C:LeaderElection104: begin an election at term 1 for -1: [ba68b7d1-9d4d-4ed7-bfd0-91b88768130d:192.168.69.102:35514], old=null
2019-09-09 07:58:33,579 [087e4cee-409e-406d-bef1-b586fff3463e:group-7904374F7DA7:LeaderElection105] INFO  impl.RoleInfo (RoleInfo.java:shutdownLeaderElection(134)) - 087e4cee-409e-406d-bef1-b586fff3463e: shutdown LeaderElection
2019-09-09 07:58:33,579 [ba68b7d1-9d4d-4ed7-bfd0-91b88768130d:group-00FD3763B77C:LeaderElection104] INFO  impl.RoleInfo (RoleInfo.java:shutdownLeaderElection(134)) - ba68b7d1-9d4d-4ed7-bfd0-91b88768130d: shutdown LeaderElection
2019-09-09 07:58:33,579 [087e4cee-409e-406d-bef1-b586fff3463e:group-7904374F7DA7:LeaderElection105] INFO  impl.RaftServerImpl (RaftServerImpl.java:setRole(171)) - 087e4cee-409e-406d-bef1-b586fff3463e:group-7904374F7DA7 changes role from CANDIDATE to LEADER at term 1 for changeToLeader
2019-09-09 07:58:33,579 [ba68b7d1-9d4d-4ed7-bfd0-91b88768130d:group-00FD3763B77C:LeaderElection104] INFO  impl.RaftServerImpl (RaftServerImpl.java:setRole(171)) - ba68b7d1-9d4d-4ed7-bfd0-91b88768130d:group-00FD3763B77C changes role from CANDIDATE to LEADER at term 1 for changeToLeader
2019-09-09 07:58:33,579 [087e4cee-409e-406d-bef1-b586fff3463e:group-7904374F7DA7:LeaderElection105] INFO  impl.RaftServerImpl (ServerState.java:setLeader(263)) - 087e4cee-409e-406d-bef1-b586fff3463e:group-7904374F7DA7 change Leader from null to 087e4cee-409e-406d-bef1-b586fff3463e at term 1 for becomeLeader, leader elected after 5041ms
2019-09-09 07:58:33,579 [ba68b7d1-9d4d-4ed7-bfd0-91b88768130d:group-00FD3763B77C:LeaderElection104] INFO  impl.RaftServerImpl (ServerState.java:setLeader(263)) - ba68b7d1-9d4d-4ed7-bfd0-91b88768130d:group-00FD3763B77C change Leader from null to ba68b7d1-9d4d-4ed7-bfd0-91b88768130d at term 1 for becomeLeader, leader elected after 5205ms
2019-09-09 07:58:33,579 [087e4cee-409e-406d-bef1-b586fff3463e:group-7904374F7DA7:LeaderElection105] INFO  server.RaftServerConfigKeys (ConfUtils.java:logGet(43)) - raft.server.staging.catchup.gap = 1000 (default)
2019-09-09 07:58:33,579 [ba68b7d1-9d4d-4ed7-bfd0-91b88768130d:group-00FD3763B77C:LeaderElection104] INFO  server.RaftServerConfigKeys (ConfUtils.java:logGet(43)) - raft.server.staging.catchup.gap = 1000 (default)
2019-09-09 07:58:33,579 [087e4cee-409e-406d-bef1-b586fff3463e:group-7904374F7DA7:LeaderElection105] INFO  server.RaftServerConfigKeys (ConfUtils.java:logGet(43)) - raft.server.rpc.sleep.time = 25ms (default)
2019-09-09 07:58:33,579 [ba68b7d1-9d4d-4ed7-bfd0-91b88768130d:group-00FD3763B77C:LeaderElection104] INFO  server.RaftServerConfigKeys (ConfUtils.java:logGet(43)) - raft.server.rpc.sleep.time = 25ms (default)
2019-09-09 07:58:33,579 [087e4cee-409e-406d-bef1-b586fff3463e:group-7904374F7DA7:LeaderElection105] INFO  server.RaftServerConfigKeys (ConfUtils.java:logGet(43)) - raft.server.write.element-limit = 4096 (default)
2019-09-09 07:58:33,580 [ba68b7d1-9d4d-4ed7-bfd0-91b88768130d:group-00FD3763B77C:LeaderElection104] INFO  server.RaftServerConfigKeys (ConfUtils.java:logGet(43)) - raft.server.write.element-limit = 4096 (default)
2019-09-09 07:58:33,580 [087e4cee-409e-406d-bef1-b586fff3463e:group-7904374F7DA7:LeaderElection105] INFO  server.RaftServerConfigKeys (ConfUtils.java:logGet(43)) - raft.server.watch.timeout = 10s (default)
2019-09-09 07:58:33,580 [ba68b7d1-9d4d-4ed7-bfd0-91b88768130d:group-00FD3763B77C:LeaderElection104] INFO  server.RaftServerConfigKeys (ConfUtils.java:logGet(43)) - raft.server.watch.timeout = 10s (default)
2019-09-09 07:58:33,580 [087e4cee-409e-406d-bef1-b586fff3463e:group-7904374F7DA7:LeaderElection105] INFO  server.RaftServerConfigKeys (ConfUtils.java:logGet(43)) - raft.server.watch.timeout.denomination = 1s (default)
2019-09-09 07:58:33,580 [ba68b7d1-9d4d-4ed7-bfd0-91b88768130d:group-00FD3763B77C:LeaderElection104] INFO  server.RaftServerConfigKeys (ConfUtils.java:logGet(43)) - raft.server.watch.timeout.denomination = 1s (default)
2019-09-09 07:58:33,580 [087e4cee-409e-406d-bef1-b586fff3463e:group-7904374F7DA7:LeaderElection105] INFO  server.RaftServerConfigKeys (ConfUtils.java:logGet(43)) - raft.server.watch.element-limit = 65536 (default)
2019-09-09 07:58:33,580 [ba68b7d1-9d4d-4ed7-bfd0-91b88768130d:group-00FD3763B77C:LeaderElection104] INFO  server.RaftServerConfigKeys (ConfUtils.java:logGet(43)) - raft.server.watch.element-limit = 65536 (default)
2019-09-09 07:58:33,580 [087e4cee-409e-406d-bef1-b586fff3463e:group-7904374F7DA7:LeaderElection105] INFO  impl.RoleInfo (RoleInfo.java:updateAndGet(143)) - 087e4cee-409e-406d-bef1-b586fff3463e: start LeaderState
2019-09-09 07:58:33,580 [ba68b7d1-9d4d-4ed7-bfd0-91b88768130d:group-00FD3763B77C:LeaderElection104] INFO  impl.RoleInfo (RoleInfo.java:updateAndGet(143)) - ba68b7d1-9d4d-4ed7-bfd0-91b88768130d: start LeaderState
2019-09-09 07:58:33,580 [087e4cee-409e-406d-bef1-b586fff3463e:group-7904374F7DA7:LeaderElection105] INFO  segmented.SegmentedRaftLogWorker (SegmentedRaftLogWorker.java:startLogSegment(380)) - 087e4cee-409e-406d-bef1-b586fff3463e-SegmentedRaftLogWorker:Storage Directory /workdir/hadoop-ozone/integration-test/target/test-dir/MiniOzoneClusterImpl-e70ec129-6ead-427c-a372-e351fbe58a4c/datanode-6/data/ratis/44567b5e-5836-406d-ba7a-7904374f7da7: Starting segment from index:0
2019-09-09 07:58:33,580 [ba68b7d1-9d4d-4ed7-bfd0-91b88768130d:group-00FD3763B77C:LeaderElection104] INFO  segmented.SegmentedRaftLogWorker (SegmentedRaftLogWorker.java:startLogSegment(380)) - ba68b7d1-9d4d-4ed7-bfd0-91b88768130d-SegmentedRaftLogWorker:Storage Directory /workdir/hadoop-ozone/integration-test/target/test-dir/MiniOzoneClusterImpl-e70ec129-6ead-427c-a372-e351fbe58a4c/datanode-4/data/ratis/b3c83a75-8bf4-4619-8e1a-00fd3763b77c: Starting segment from index:0
2019-09-09 07:58:33,581 [087e4cee-409e-406d-bef1-b586fff3463e:group-7904374F7DA7:LeaderElection105] INFO  impl.RaftServerImpl (ServerState.java:setRaftConf(361)) - 087e4cee-409e-406d-bef1-b586fff3463e:group-7904374F7DA7 set configuration 0: [087e4cee-409e-406d-bef1-b586fff3463e:192.168.69.102:44977], old=null at 0
2019-09-09 07:58:33,581 [ba68b7d1-9d4d-4ed7-bfd0-91b88768130d:group-00FD3763B77C:LeaderElection104] INFO  impl.RaftServerImpl (ServerState.java:setRaftConf(361)) - ba68b7d1-9d4d-4ed7-bfd0-91b88768130d:group-00FD3763B77C set configuration 0: [ba68b7d1-9d4d-4ed7-bfd0-91b88768130d:192.168.69.102:35514], old=null at 0
2019-09-09 07:58:33,615 [grpc-default-executor-9] INFO  client.GrpcClientProtocolClient (GrpcClientProtocolClient.java:onNext(255)) - client-E2696B9D234E->b1439841-d28e-4b57-8db6-1dcfa6542f23: receive RaftClientReply:client-E2696B9D234E->b1439841-d28e-4b57-8db6-1dcfa6542f23@group-87007D28D0F3, cid=266, FAILED org.apache.ratis.protocol.NotLeaderException: Server b1439841-d28e-4b57-8db6-1dcfa6542f23 is not the leader (null). Request must be sent to leader., logIndex=0, commits[b1439841-d28e-4b57-8db6-1dcfa6542f23:c-1]
2019-09-09 07:58:33,631 [ba68b7d1-9d4d-4ed7-bfd0-91b88768130d-SegmentedRaftLogWorker:Storage Directory /workdir/hadoop-ozone/integration-test/target/test-dir/MiniOzoneClusterImpl-e70ec129-6ead-427c-a372-e351fbe58a4c/datanode-4/data/ratis/b3c83a75-8bf4-4619-8e1a-00fd3763b77c] INFO  segmented.SegmentedRaftLogWorker (SegmentedRaftLogWorker.java:execute(569)) - ba68b7d1-9d4d-4ed7-bfd0-91b88768130d-SegmentedRaftLogWorker:Storage Directory /workdir/hadoop-ozone/integration-test/target/test-dir/MiniOzoneClusterImpl-e70ec129-6ead-427c-a372-e351fbe58a4c/datanode-4/data/ratis/b3c83a75-8bf4-4619-8e1a-00fd3763b77c: created new log segment /workdir/hadoop-ozone/integration-test/target/test-dir/MiniOzoneClusterImpl-e70ec129-6ead-427c-a372-e351fbe58a4c/datanode-4/data/ratis/b3c83a75-8bf4-4619-8e1a-00fd3763b77c/current/log_inprogress_0
2019-09-09 07:58:33,633 [087e4cee-409e-406d-bef1-b586fff3463e-SegmentedRaftLogWorker:Storage Directory /workdir/hadoop-ozone/integration-test/target/test-dir/MiniOzoneClusterImpl-e70ec129-6ead-427c-a372-e351fbe58a4c/datanode-6/data/ratis/44567b5e-5836-406d-ba7a-7904374f7da7] INFO  segmented.SegmentedRaftLogWorker (SegmentedRaftLogWorker.java:execute(569)) - 087e4cee-409e-406d-bef1-b586fff3463e-SegmentedRaftLogWorker:Storage Directory /workdir/hadoop-ozone/integration-test/target/test-dir/MiniOzoneClusterImpl-e70ec129-6ead-427c-a372-e351fbe58a4c/datanode-6/data/ratis/44567b5e-5836-406d-ba7a-7904374f7da7: created new log segment /workdir/hadoop-ozone/integration-test/target/test-dir/MiniOzoneClusterImpl-e70ec129-6ead-427c-a372-e351fbe58a4c/datanode-6/data/ratis/44567b5e-5836-406d-ba7a-7904374f7da7/current/log_inprogress_0
2019-09-09 07:58:33,668 [Thread-4917] INFO  impl.FollowerState (FollowerState.java:run(106)) - ec91b32c-f877-45bd-adae-663f9529a22c:group-87007D28D0F3 changes to CANDIDATE, lastRpcTime:5051, electionTimeout:5049ms
2019-09-09 07:58:33,668 [Thread-4917] INFO  impl.RoleInfo (RoleInfo.java:shutdownFollowerState(121)) - ec91b32c-f877-45bd-adae-663f9529a22c: shutdown FollowerState
2019-09-09 07:58:33,668 [Thread-4917] INFO  impl.RaftServerImpl (RaftServerImpl.java:setRole(171)) - ec91b32c-f877-45bd-adae-663f9529a22c:group-87007D28D0F3 changes role from FOLLOWER to CANDIDATE at term 0 for changeToCandidate
2019-09-09 07:58:33,668 [Thread-4917] INFO  impl.RoleInfo (RoleInfo.java:updateAndGet(143)) - ec91b32c-f877-45bd-adae-663f9529a22c: start LeaderElection
2019-09-09 07:58:33,690 [ec91b32c-f877-45bd-adae-663f9529a22c:group-87007D28D0F3:LeaderElection106] INFO  impl.LeaderElection (LeaderElection.java:askForVotes(181)) - ec91b32c-f877-45bd-adae-663f9529a22c:group-87007D28D0F3:LeaderElection106: begin an election at term 1 for -1: [b1439841-d28e-4b57-8db6-1dcfa6542f23:192.168.69.102:35191, ec91b32c-f877-45bd-adae-663f9529a22c:192.168.69.102:44635, 087e4cee-409e-406d-bef1-b586fff3463e:192.168.69.102:44977], old=null
2019-09-09 07:58:33,694 [grpc-default-executor-12] INFO  impl.RaftServerImpl (RaftServerImpl.java:setRole(171)) - 087e4cee-409e-406d-bef1-b586fff3463e:group-87007D28D0F3 changes role from FOLLOWER to FOLLOWER at term 1 for recognizeCandidate:ec91b32c-f877-45bd-adae-663f9529a22c
2019-09-09 07:58:33,694 [grpc-default-executor-12] INFO  impl.RoleInfo (RoleInfo.java:shutdownFollowerState(121)) - 087e4cee-409e-406d-bef1-b586fff3463e: shutdown FollowerState
2019-09-09 07:58:33,694 [grpc-default-executor-10] INFO  impl.RaftServerImpl (RaftServerImpl.java:setRole(171)) - b1439841-d28e-4b57-8db6-1dcfa6542f23:group-87007D28D0F3 changes role from FOLLOWER to FOLLOWER at term 1 for recognizeCandidate:ec91b32c-f877-45bd-adae-663f9529a22c
2019-09-09 07:58:33,694 [grpc-default-executor-12] INFO  impl.RoleInfo (RoleInfo.java:updateAndGet(143)) - 087e4cee-409e-406d-bef1-b586fff3463e: start FollowerState
2019-09-09 07:58:33,694 [Thread-4911] INFO  impl.FollowerState (FollowerState.java:run(114)) - 087e4cee-409e-406d-bef1-b586fff3463e: FollowerState was interrupted: java.lang.InterruptedException: sleep interrupted
2019-09-09 07:58:33,694 [grpc-default-executor-10] INFO  impl.RoleInfo (RoleInfo.java:shutdownFollowerState(121)) - b1439841-d28e-4b57-8db6-1dcfa6542f23: shutdown FollowerState
2019-09-09 07:58:33,698 [grpc-default-executor-10] INFO  impl.RoleInfo (RoleInfo.java:updateAndGet(143)) - b1439841-d28e-4b57-8db6-1dcfa6542f23: start FollowerState
2019-09-09 07:58:33,698 [Thread-4913] INFO  impl.FollowerState (FollowerState.java:run(114)) - b1439841-d28e-4b57-8db6-1dcfa6542f23: FollowerState was interrupted: java.lang.InterruptedException: sleep interrupted
2019-09-09 07:58:33,723 [ec91b32c-f877-45bd-adae-663f9529a22c:group-87007D28D0F3:LeaderElection106] INFO  impl.LeaderElection (LeaderElection.java:logAndReturn(56)) - ec91b32c-f877-45bd-adae-663f9529a22c:group-87007D28D0F3:LeaderElection106: Election PASSED; received 1 response(s) [ec91b32c-f877-45bd-adae-663f9529a22c<-087e4cee-409e-406d-bef1-b586fff3463e#0:OK-t1] and 0 exception(s); ec91b32c-f877-45bd-adae-663f9529a22c:t1, leader=null, voted=ec91b32c-f877-45bd-adae-663f9529a22c, raftlog=ec91b32c-f877-45bd-adae-663f9529a22c-SegmentedRaftLog:OPENED:c-1,f-1,i0, conf=-1: [b1439841-d28e-4b57-8db6-1dcfa6542f23:192.168.69.102:35191, ec91b32c-f877-45bd-adae-663f9529a22c:192.168.69.102:44635, 087e4cee-409e-406d-bef1-b586fff3463e:192.168.69.102:44977], old=null
2019-09-09 07:58:33,723 [ec91b32c-f877-45bd-adae-663f9529a22c:group-87007D28D0F3:LeaderElection106] INFO  impl.RoleInfo (RoleInfo.java:shutdownLeaderElection(134)) - ec91b32c-f877-45bd-adae-663f9529a22c: shutdown LeaderElection
2019-09-09 07:58:33,723 [ec91b32c-f877-45bd-adae-663f9529a22c:group-87007D28D0F3:LeaderElection106] INFO  impl.RaftServerImpl (RaftServerImpl.java:setRole(171)) - ec91b32c-f877-45bd-adae-663f9529a22c:group-87007D28D0F3 changes role from CANDIDATE to LEADER at term 1 for changeToLeader
2019-09-09 07:58:33,723 [ec91b32c-f877-45bd-adae-663f9529a22c:group-87007D28D0F3:LeaderElection106] INFO  impl.RaftServerImpl (ServerState.java:setLeader(263)) - ec91b32c-f877-45bd-adae-663f9529a22c:group-87007D28D0F3 change Leader from null to ec91b32c-f877-45bd-adae-663f9529a22c at term 1 for becomeLeader, leader elected after 5117ms
2019-09-09 07:58:33,724 [ec91b32c-f877-45bd-adae-663f9529a22c:group-87007D28D0F3:LeaderElection106] INFO  server.RaftServerConfigKeys (ConfUtils.java:logGet(43)) - raft.server.staging.catchup.gap = 1000 (default)
2019-09-09 07:58:33,724 [ec91b32c-f877-45bd-adae-663f9529a22c:group-87007D28D0F3:LeaderElection106] INFO  server.RaftServerConfigKeys (ConfUtils.java:logGet(43)) - raft.server.rpc.sleep.time = 25ms (default)
2019-09-09 07:58:33,724 [ec91b32c-f877-45bd-adae-663f9529a22c:group-87007D28D0F3:LeaderElection106] INFO  server.RaftServerConfigKeys (ConfUtils.java:logGet(43)) - raft.server.write.element-limit = 4096 (default)
2019-09-09 07:58:33,724 [ec91b32c-f877-45bd-adae-663f9529a22c:group-87007D28D0F3:LeaderElection106] INFO  server.RaftServerConfigKeys (ConfUtils.java:logGet(43)) - raft.server.watch.timeout = 10s (default)
2019-09-09 07:58:33,724 [ec91b32c-f877-45bd-adae-663f9529a22c:group-87007D28D0F3:LeaderElection106] INFO  server.RaftServerConfigKeys (ConfUtils.java:logGet(43)) - raft.server.watch.timeout.denomination = 1s (default)
2019-09-09 07:58:33,725 [ec91b32c-f877-45bd-adae-663f9529a22c:group-87007D28D0F3:LeaderElection106] INFO  server.RaftServerConfigKeys (ConfUtils.java:logGet(43)) - raft.server.watch.element-limit = 65536 (default)
2019-09-09 07:58:33,725 [ec91b32c-f877-45bd-adae-663f9529a22c:group-87007D28D0F3:LeaderElection106] INFO  server.RaftServerConfigKeys (ConfUtils.java:logGet(43)) - raft.server.log.appender.snapshot.chunk.size.max = 16MB (=16777216) (default)
2019-09-09 07:58:33,725 [ec91b32c-f877-45bd-adae-663f9529a22c:group-87007D28D0F3:LeaderElection106] INFO  server.RaftServerConfigKeys (ConfUtils.java:logGet(43)) - raft.server.log.appender.buffer.byte-limit = 33554432 (custom)
2019-09-09 07:58:33,725 [ec91b32c-f877-45bd-adae-663f9529a22c:group-87007D28D0F3:LeaderElection106] INFO  server.RaftServerConfigKeys (ConfUtils.java:logGet(43)) - raft.server.log.appender.buffer.element-limit = 1 (custom)
2019-09-09 07:58:33,726 [ec91b32c-f877-45bd-adae-663f9529a22c:group-87007D28D0F3:LeaderElection106] INFO  grpc.GrpcConfigKeys$Server (ConfUtils.java:logGet(43)) - raft.grpc.server.leader.outstanding.appends.max = 128 (default)
2019-09-09 07:58:33,726 [ec91b32c-f877-45bd-adae-663f9529a22c:group-87007D28D0F3:LeaderElection106] INFO  server.RaftServerConfigKeys (ConfUtils.java:logGet(43)) - raft.server.rpc.request.timeout = 3000ms (default)
2019-09-09 07:58:33,726 [ec91b32c-f877-45bd-adae-663f9529a22c:group-87007D28D0F3:LeaderElection106] INFO  server.RaftServerConfigKeys (ConfUtils.java:logGet(43)) - raft.server.log.appender.install.snapshot.enabled = false (custom)
2019-09-09 07:58:33,726 [ec91b32c-f877-45bd-adae-663f9529a22c:group-87007D28D0F3:LeaderElection106] INFO  server.RaftServerConfigKeys (ConfUtils.java:logGet(43)) - raft.server.log.appender.snapshot.chunk.size.max = 16MB (=16777216) (default)
2019-09-09 07:58:33,726 [ec91b32c-f877-45bd-adae-663f9529a22c:group-87007D28D0F3:LeaderElection106] INFO  server.RaftServerConfigKeys (ConfUtils.java:logGet(43)) - raft.server.log.appender.buffer.byte-limit = 33554432 (custom)
2019-09-09 07:58:33,727 [ec91b32c-f877-45bd-adae-663f9529a22c:group-87007D28D0F3:LeaderElection106] INFO  server.RaftServerConfigKeys (ConfUtils.java:logGet(43)) - raft.server.log.appender.buffer.element-limit = 1 (custom)
2019-09-09 07:58:33,727 [ec91b32c-f877-45bd-adae-663f9529a22c:group-87007D28D0F3:LeaderElection106] INFO  grpc.GrpcConfigKeys$Server (ConfUtils.java:logGet(43)) - raft.grpc.server.leader.outstanding.appends.max = 128 (default)
2019-09-09 07:58:33,727 [ec91b32c-f877-45bd-adae-663f9529a22c:group-87007D28D0F3:LeaderElection106] INFO  server.RaftServerConfigKeys (ConfUtils.java:logGet(43)) - raft.server.rpc.request.timeout = 3000ms (default)
2019-09-09 07:58:33,727 [ec91b32c-f877-45bd-adae-663f9529a22c:group-87007D28D0F3:LeaderElection106] INFO  server.RaftServerConfigKeys (ConfUtils.java:logGet(43)) - raft.server.log.appender.install.snapshot.enabled = false (custom)
2019-09-09 07:58:33,727 [ec91b32c-f877-45bd-adae-663f9529a22c:group-87007D28D0F3:LeaderElection106] INFO  impl.RoleInfo (RoleInfo.java:updateAndGet(143)) - ec91b32c-f877-45bd-adae-663f9529a22c: start LeaderState
2019-09-09 07:58:33,728 [ec91b32c-f877-45bd-adae-663f9529a22c:group-87007D28D0F3:LeaderElection106] INFO  segmented.SegmentedRaftLogWorker (SegmentedRaftLogWorker.java:startLogSegment(380)) - ec91b32c-f877-45bd-adae-663f9529a22c-SegmentedRaftLogWorker:Storage Directory /workdir/hadoop-ozone/integration-test/target/test-dir/MiniOzoneClusterImpl-e70ec129-6ead-427c-a372-e351fbe58a4c/datanode-5/data/ratis/d1fdfdc5-9a34-4fc9-94d4-87007d28d0f3: Starting segment from index:0
2019-09-09 07:58:33,728 [ec91b32c-f877-45bd-adae-663f9529a22c:group-87007D28D0F3:LeaderElection106] INFO  impl.RaftServerImpl (ServerState.java:setRaftConf(361)) - ec91b32c-f877-45bd-adae-663f9529a22c:group-87007D28D0F3 set configuration 0: [b1439841-d28e-4b57-8db6-1dcfa6542f23:192.168.69.102:35191, ec91b32c-f877-45bd-adae-663f9529a22c:192.168.69.102:44635, 087e4cee-409e-406d-bef1-b586fff3463e:192.168.69.102:44977], old=null at 0
2019-09-09 07:58:33,759 [grpc-default-executor-12] INFO  impl.RaftServerImpl (ServerState.java:setLeader(263)) - b1439841-d28e-4b57-8db6-1dcfa6542f23:group-87007D28D0F3 change Leader from null to ec91b32c-f877-45bd-adae-663f9529a22c at term 1 for appendEntries, leader elected after 5152ms
2019-09-09 07:58:33,759 [grpc-default-executor-10] INFO  impl.RaftServerImpl (ServerState.java:setLeader(263)) - 087e4cee-409e-406d-bef1-b586fff3463e:group-87007D28D0F3 change Leader from null to ec91b32c-f877-45bd-adae-663f9529a22c at term 1 for appendEntries, leader elected after 5153ms
2019-09-09 07:58:33,761 [grpc-default-executor-12] INFO  impl.RaftServerImpl (ServerState.java:setRaftConf(361)) - 087e4cee-409e-406d-bef1-b586fff3463e:group-87007D28D0F3 set configuration 0: [b1439841-d28e-4b57-8db6-1dcfa6542f23:192.168.69.102:35191, ec91b32c-f877-45bd-adae-663f9529a22c:192.168.69.102:44635, 087e4cee-409e-406d-bef1-b586fff3463e:192.168.69.102:44977], old=null at 0
2019-09-09 07:58:33,762 [grpc-default-executor-10] INFO  impl.RaftServerImpl (ServerState.java:setRaftConf(361)) - b1439841-d28e-4b57-8db6-1dcfa6542f23:group-87007D28D0F3 set configuration 0: [b1439841-d28e-4b57-8db6-1dcfa6542f23:192.168.69.102:35191, ec91b32c-f877-45bd-adae-663f9529a22c:192.168.69.102:44635, 087e4cee-409e-406d-bef1-b586fff3463e:192.168.69.102:44977], old=null at 0
2019-09-09 07:58:33,762 [grpc-default-executor-12] INFO  segmented.SegmentedRaftLogWorker (SegmentedRaftLogWorker.java:startLogSegment(380)) - 087e4cee-409e-406d-bef1-b586fff3463e-SegmentedRaftLogWorker:Storage Directory /workdir/hadoop-ozone/integration-test/target/test-dir/MiniOzoneClusterImpl-e70ec129-6ead-427c-a372-e351fbe58a4c/datanode-6/data/ratis/d1fdfdc5-9a34-4fc9-94d4-87007d28d0f3: Starting segment from index:0
2019-09-09 07:58:33,762 [grpc-default-executor-10] INFO  segmented.SegmentedRaftLogWorker (SegmentedRaftLogWorker.java:startLogSegment(380)) - b1439841-d28e-4b57-8db6-1dcfa6542f23-SegmentedRaftLogWorker:Storage Directory /workdir/hadoop-ozone/integration-test/target/test-dir/MiniOzoneClusterImpl-e70ec129-6ead-427c-a372-e351fbe58a4c/datanode-3/data/ratis/d1fdfdc5-9a34-4fc9-94d4-87007d28d0f3: Starting segment from index:0
2019-09-09 07:58:33,775 [ec91b32c-f877-45bd-adae-663f9529a22c-SegmentedRaftLogWorker:Storage Directory /workdir/hadoop-ozone/integration-test/target/test-dir/MiniOzoneClusterImpl-e70ec129-6ead-427c-a372-e351fbe58a4c/datanode-5/data/ratis/d1fdfdc5-9a34-4fc9-94d4-87007d28d0f3] INFO  segmented.SegmentedRaftLogWorker (SegmentedRaftLogWorker.java:execute(569)) - ec91b32c-f877-45bd-adae-663f9529a22c-SegmentedRaftLogWorker:Storage Directory /workdir/hadoop-ozone/integration-test/target/test-dir/MiniOzoneClusterImpl-e70ec129-6ead-427c-a372-e351fbe58a4c/datanode-5/data/ratis/d1fdfdc5-9a34-4fc9-94d4-87007d28d0f3: created new log segment /workdir/hadoop-ozone/integration-test/target/test-dir/MiniOzoneClusterImpl-e70ec129-6ead-427c-a372-e351fbe58a4c/datanode-5/data/ratis/d1fdfdc5-9a34-4fc9-94d4-87007d28d0f3/current/log_inprogress_0
2019-09-09 07:58:33,805 [b1439841-d28e-4b57-8db6-1dcfa6542f23-SegmentedRaftLogWorker:Storage Directory /workdir/hadoop-ozone/integration-test/target/test-dir/MiniOzoneClusterImpl-e70ec129-6ead-427c-a372-e351fbe58a4c/datanode-3/data/ratis/d1fdfdc5-9a34-4fc9-94d4-87007d28d0f3] INFO  segmented.SegmentedRaftLogWorker (SegmentedRaftLogWorker.java:execute(569)) - b1439841-d28e-4b57-8db6-1dcfa6542f23-SegmentedRaftLogWorker:Storage Directory /workdir/hadoop-ozone/integration-test/target/test-dir/MiniOzoneClusterImpl-e70ec129-6ead-427c-a372-e351fbe58a4c/datanode-3/data/ratis/d1fdfdc5-9a34-4fc9-94d4-87007d28d0f3: created new log segment /workdir/hadoop-ozone/integration-test/target/test-dir/MiniOzoneClusterImpl-e70ec129-6ead-427c-a372-e351fbe58a4c/datanode-3/data/ratis/d1fdfdc5-9a34-4fc9-94d4-87007d28d0f3/current/log_inprogress_0
2019-09-09 07:58:33,826 [087e4cee-409e-406d-bef1-b586fff3463e-SegmentedRaftLogWorker:Storage Directory /workdir/hadoop-ozone/integration-test/target/test-dir/MiniOzoneClusterImpl-e70ec129-6ead-427c-a372-e351fbe58a4c/datanode-6/data/ratis/d1fdfdc5-9a34-4fc9-94d4-87007d28d0f3] INFO  segmented.SegmentedRaftLogWorker (SegmentedRaftLogWorker.java:execute(569)) - 087e4cee-409e-406d-bef1-b586fff3463e-SegmentedRaftLogWorker:Storage Directory /workdir/hadoop-ozone/integration-test/target/test-dir/MiniOzoneClusterImpl-e70ec129-6ead-427c-a372-e351fbe58a4c/datanode-6/data/ratis/d1fdfdc5-9a34-4fc9-94d4-87007d28d0f3: created new log segment /workdir/hadoop-ozone/integration-test/target/test-dir/MiniOzoneClusterImpl-e70ec129-6ead-427c-a372-e351fbe58a4c/datanode-6/data/ratis/d1fdfdc5-9a34-4fc9-94d4-87007d28d0f3/current/log_inprogress_0
2019-09-09 07:58:34,630 [grpc-default-executor-11] INFO  client.GrpcClientProtocolClient (GrpcClientProtocolClient.java:onNext(255)) - client-E2696B9D234E->087e4cee-409e-406d-bef1-b586fff3463e: receive RaftClientReply:client-E2696B9D234E->087e4cee-409e-406d-bef1-b586fff3463e@group-87007D28D0F3, cid=266, FAILED org.apache.ratis.protocol.NotLeaderException: Server 087e4cee-409e-406d-bef1-b586fff3463e is not the leader (ec91b32c-f877-45bd-adae-663f9529a22c:192.168.69.102:44635). Request must be sent to leader., logIndex=0, commits[087e4cee-409e-406d-bef1-b586fff3463e:c-1, b1439841-d28e-4b57-8db6-1dcfa6542f23:c-1, ec91b32c-f877-45bd-adae-663f9529a22c:c-1]
2019-09-09 07:58:34,793 [grpc-default-executor-10] INFO  client.GrpcClientProtocolClient (GrpcClientProtocolClient.java:onNext(255)) - client-E2696B9D234E->ec91b32c-f877-45bd-adae-663f9529a22c: receive RaftClientReply:client-E2696B9D234E->ec91b32c-f877-45bd-adae-663f9529a22c@group-87007D28D0F3, cid=266, SUCCESS, logIndex=1, commits[ec91b32c-f877-45bd-adae-663f9529a22c:c1, b1439841-d28e-4b57-8db6-1dcfa6542f23:c0, 087e4cee-409e-406d-bef1-b586fff3463e:c0]
2019-09-09 07:58:34,818 [grpc-default-executor-10] INFO  client.GrpcClientProtocolClient (GrpcClientProtocolClient.java:onNext(255)) - client-E2696B9D234E->ec91b32c-f877-45bd-adae-663f9529a22c: receive RaftClientReply:client-E2696B9D234E->ec91b32c-f877-45bd-adae-663f9529a22c@group-87007D28D0F3, cid=267, SUCCESS, logIndex=3, commits[ec91b32c-f877-45bd-adae-663f9529a22c:c3, b1439841-d28e-4b57-8db6-1dcfa6542f23:c1, 087e4cee-409e-406d-bef1-b586fff3463e:c1]
2019-09-09 07:58:35,286 [grpc-default-executor-10] INFO  client.GrpcClientProtocolClient (GrpcClientProtocolClient.java:onNext(255)) - client-E2696B9D234E->ec91b32c-f877-45bd-adae-663f9529a22c: receive RaftClientReply:client-E2696B9D234E->ec91b32c-f877-45bd-adae-663f9529a22c@group-87007D28D0F3, cid=268, SUCCESS, logIndex=4, commits[ec91b32c-f877-45bd-adae-663f9529a22c:c6, b1439841-d28e-4b57-8db6-1dcfa6542f23:c3, 087e4cee-409e-406d-bef1-b586fff3463e:c3]
2019-09-09 07:58:36,287 [main] WARN  scm.XceiverClientRatis (XceiverClientRatis.java:watchForCommit(262)) - 3 way commit failed on pipeline Pipeline[ Id: d1fdfdc5-9a34-4fc9-94d4-87007d28d0f3, Nodes: ec91b32c-f877-45bd-adae-663f9529a22c{ip: 192.168.69.102, host: pr-hdds-2007-qlx9r-406833628, networkLocation: /default-rack, certSerialId: null}b1439841-d28e-4b57-8db6-1dcfa6542f23{ip: 192.168.69.102, host: pr-hdds-2007-qlx9r-406833628, networkLocation: /default-rack, certSerialId: null}087e4cee-409e-406d-bef1-b586fff3463e{ip: 192.168.69.102, host: pr-hdds-2007-qlx9r-406833628, networkLocation: /default-rack, certSerialId: null}, Type:RATIS, Factor:THREE, State:OPEN]
java.util.concurrent.TimeoutException
	at java.util.concurrent.CompletableFuture.timedGet(CompletableFuture.java:1771)
	at java.util.concurrent.CompletableFuture.get(CompletableFuture.java:1915)
	at org.apache.hadoop.hdds.scm.XceiverClientRatis.watchForCommit(XceiverClientRatis.java:259)
	at org.apache.hadoop.hdds.scm.storage.CommitWatcher.watchForCommit(CommitWatcher.java:194)
	at org.apache.hadoop.hdds.scm.storage.CommitWatcher.watchOnLastIndex(CommitWatcher.java:157)
	at org.apache.hadoop.hdds.scm.storage.BlockOutputStream.watchForCommit(BlockOutputStream.java:347)
	at org.apache.hadoop.hdds.scm.storage.BlockOutputStream.handleFlush(BlockOutputStream.java:479)
	at org.apache.hadoop.hdds.scm.storage.BlockOutputStream.flush(BlockOutputStream.java:428)
	at org.apache.hadoop.ozone.client.io.BlockOutputStreamEntry.flush(BlockOutputStreamEntry.java:136)
	at org.apache.hadoop.ozone.client.io.KeyOutputStream.handleFlushOrClose(KeyOutputStream.java:442)
	at org.apache.hadoop.ozone.client.io.KeyOutputStream.flush(KeyOutputStream.java:396)
	at org.apache.hadoop.ozone.client.io.OzoneOutputStream.flush(OzoneOutputStream.java:54)
	at org.apache.hadoop.ozone.client.rpc.TestBlockOutputStreamWithFailures.testExceptionDuringClose(TestBlockOutputStreamWithFailures.java:720)
	at sun.reflect.NativeMethodAccessorImpl.invoke0(Native Method)
	at sun.reflect.NativeMethodAccessorImpl.invoke(NativeMethodAccessorImpl.java:62)
	at sun.reflect.DelegatingMethodAccessorImpl.invoke(DelegatingMethodAccessorImpl.java:43)
	at java.lang.reflect.Method.invoke(Method.java:498)
	at org.junit.runners.model.FrameworkMethod$1.runReflectiveCall(FrameworkMethod.java:47)
	at org.junit.internal.runners.model.ReflectiveCallable.run(ReflectiveCallable.java:12)
	at org.junit.runners.model.FrameworkMethod.invokeExplosively(FrameworkMethod.java:44)
	at org.junit.internal.runners.statements.InvokeMethod.evaluate(InvokeMethod.java:17)
	at org.junit.internal.runners.statements.RunBefores.evaluate(RunBefores.java:26)
	at org.junit.internal.runners.statements.RunAfters.evaluate(RunAfters.java:27)
	at org.junit.runners.ParentRunner.runLeaf(ParentRunner.java:271)
	at org.junit.runners.BlockJUnit4ClassRunner.runChild(BlockJUnit4ClassRunner.java:70)
	at org.junit.runners.BlockJUnit4ClassRunner.runChild(BlockJUnit4ClassRunner.java:50)
	at org.junit.runners.ParentRunner$3.run(ParentRunner.java:238)
	at org.junit.runners.ParentRunner$1.schedule(ParentRunner.java:63)
	at org.junit.runners.ParentRunner.runChildren(ParentRunner.java:236)
	at org.junit.runners.ParentRunner.access$000(ParentRunner.java:53)
	at org.junit.runners.ParentRunner$2.evaluate(ParentRunner.java:229)
	at org.junit.runners.ParentRunner.run(ParentRunner.java:309)
	at org.apache.maven.surefire.junit4.JUnit4Provider.execute(JUnit4Provider.java:365)
	at org.apache.maven.surefire.junit4.JUnit4Provider.executeWithRerun(JUnit4Provider.java:273)
	at org.apache.maven.surefire.junit4.JUnit4Provider.executeTestSet(JUnit4Provider.java:238)
	at org.apache.maven.surefire.junit4.JUnit4Provider.invoke(JUnit4Provider.java:159)
	at org.apache.maven.surefire.booter.ForkedBooter.invokeProviderInSameClassLoader(ForkedBooter.java:384)
	at org.apache.maven.surefire.booter.ForkedBooter.runSuitesInProcess(ForkedBooter.java:345)
	at org.apache.maven.surefire.booter.ForkedBooter.execute(ForkedBooter.java:126)
	at org.apache.maven.surefire.booter.ForkedBooter.main(ForkedBooter.java:418)
2019-09-09 07:58:37,292 [main] WARN  storage.CommitWatcher (CommitWatcher.java:watchForCommit(203)) - watchForCommit failed for index 4
java.util.concurrent.TimeoutException
	at java.util.concurrent.CompletableFuture.timedGet(CompletableFuture.java:1771)
	at java.util.concurrent.CompletableFuture.get(CompletableFuture.java:1915)
	at org.apache.hadoop.hdds.scm.XceiverClientRatis.watchForCommit(XceiverClientRatis.java:268)
	at org.apache.hadoop.hdds.scm.storage.CommitWatcher.watchForCommit(CommitWatcher.java:194)
	at org.apache.hadoop.hdds.scm.storage.CommitWatcher.watchOnLastIndex(CommitWatcher.java:157)
	at org.apache.hadoop.hdds.scm.storage.BlockOutputStream.watchForCommit(BlockOutputStream.java:347)
	at org.apache.hadoop.hdds.scm.storage.BlockOutputStream.handleFlush(BlockOutputStream.java:479)
	at org.apache.hadoop.hdds.scm.storage.BlockOutputStream.flush(BlockOutputStream.java:428)
	at org.apache.hadoop.ozone.client.io.BlockOutputStreamEntry.flush(BlockOutputStreamEntry.java:136)
	at org.apache.hadoop.ozone.client.io.KeyOutputStream.handleFlushOrClose(KeyOutputStream.java:442)
	at org.apache.hadoop.ozone.client.io.KeyOutputStream.flush(KeyOutputStream.java:396)
	at org.apache.hadoop.ozone.client.io.OzoneOutputStream.flush(OzoneOutputStream.java:54)
	at org.apache.hadoop.ozone.client.rpc.TestBlockOutputStreamWithFailures.testExceptionDuringClose(TestBlockOutputStreamWithFailures.java:720)
	at sun.reflect.NativeMethodAccessorImpl.invoke0(Native Method)
	at sun.reflect.NativeMethodAccessorImpl.invoke(NativeMethodAccessorImpl.java:62)
	at sun.reflect.DelegatingMethodAccessorImpl.invoke(DelegatingMethodAccessorImpl.java:43)
	at java.lang.reflect.Method.invoke(Method.java:498)
	at org.junit.runners.model.FrameworkMethod$1.runReflectiveCall(FrameworkMethod.java:47)
	at org.junit.internal.runners.model.ReflectiveCallable.run(ReflectiveCallable.java:12)
	at org.junit.runners.model.FrameworkMethod.invokeExplosively(FrameworkMethod.java:44)
	at org.junit.internal.runners.statements.InvokeMethod.evaluate(InvokeMethod.java:17)
	at org.junit.internal.runners.statements.RunBefores.evaluate(RunBefores.java:26)
	at org.junit.internal.runners.statements.RunAfters.evaluate(RunAfters.java:27)
	at org.junit.runners.ParentRunner.runLeaf(ParentRunner.java:271)
	at org.junit.runners.BlockJUnit4ClassRunner.runChild(BlockJUnit4ClassRunner.java:70)
	at org.junit.runners.BlockJUnit4ClassRunner.runChild(BlockJUnit4ClassRunner.java:50)
	at org.junit.runners.ParentRunner$3.run(ParentRunner.java:238)
	at org.junit.runners.ParentRunner$1.schedule(ParentRunner.java:63)
	at org.junit.runners.ParentRunner.runChildren(ParentRunner.java:236)
	at org.junit.runners.ParentRunner.access$000(ParentRunner.java:53)
	at org.junit.runners.ParentRunner$2.evaluate(ParentRunner.java:229)
	at org.junit.runners.ParentRunner.run(ParentRunner.java:309)
	at org.apache.maven.surefire.junit4.JUnit4Provider.execute(JUnit4Provider.java:365)
	at org.apache.maven.surefire.junit4.JUnit4Provider.executeWithRerun(JUnit4Provider.java:273)
	at org.apache.maven.surefire.junit4.JUnit4Provider.executeTestSet(JUnit4Provider.java:238)
	at org.apache.maven.surefire.junit4.JUnit4Provider.invoke(JUnit4Provider.java:159)
	at org.apache.maven.surefire.booter.ForkedBooter.invokeProviderInSameClassLoader(ForkedBooter.java:384)
	at org.apache.maven.surefire.booter.ForkedBooter.runSuitesInProcess(ForkedBooter.java:345)
	at org.apache.maven.surefire.booter.ForkedBooter.execute(ForkedBooter.java:126)
	at org.apache.maven.surefire.booter.ForkedBooter.main(ForkedBooter.java:418)
2019-09-09 07:58:37,294 [main] WARN  io.KeyOutputStream (KeyOutputStream.java:handleException(276)) - Encountered exception java.io.IOException: Unexpected Storage Container Exception: java.io.IOException: Unexpected Storage Container Exception: java.util.concurrent.TimeoutException on the pipeline Pipeline[ Id: d1fdfdc5-9a34-4fc9-94d4-87007d28d0f3, Nodes: ec91b32c-f877-45bd-adae-663f9529a22c{ip: 192.168.69.102, host: pr-hdds-2007-qlx9r-406833628, networkLocation: /default-rack, certSerialId: null}b1439841-d28e-4b57-8db6-1dcfa6542f23{ip: 192.168.69.102, host: pr-hdds-2007-qlx9r-406833628, networkLocation: /default-rack, certSerialId: null}087e4cee-409e-406d-bef1-b586fff3463e{ip: 192.168.69.102, host: pr-hdds-2007-qlx9r-406833628, networkLocation: /default-rack, certSerialId: null}, Type:RATIS, Factor:THREE, State:OPEN]. The last committed block length is 0, uncommitted data length is 167 retry count 0
2019-09-09 07:58:37,342 [grpc-default-executor-10] INFO  client.GrpcClientProtocolClient (GrpcClientProtocolClient.java:onNext(255)) - client-E2696B9D234E->ec91b32c-f877-45bd-adae-663f9529a22c: receive RaftClientReply:client-E2696B9D234E->ec91b32c-f877-45bd-adae-663f9529a22c@group-87007D28D0F3, cid=270, SUCCESS, logIndex=0, commits[ec91b32c-f877-45bd-adae-663f9529a22c:c6, b1439841-d28e-4b57-8db6-1dcfa6542f23:c6, 087e4cee-409e-406d-bef1-b586fff3463e:c3]
2019-09-09 07:58:37,343 [grpc-default-executor-10] INFO  client.GrpcClientProtocolClient (GrpcClientProtocolClient.java:onNext(255)) - client-E2696B9D234E->ec91b32c-f877-45bd-adae-663f9529a22c: receive RaftClientReply:client-E2696B9D234E->ec91b32c-f877-45bd-adae-663f9529a22c@group-87007D28D0F3, cid=269, SUCCESS, logIndex=0, commits[ec91b32c-f877-45bd-adae-663f9529a22c:c6, b1439841-d28e-4b57-8db6-1dcfa6542f23:c6, 087e4cee-409e-406d-bef1-b586fff3463e:c6]
2019-09-09 07:58:37,500 [grpc-default-executor-10] INFO  client.GrpcClientProtocolClient (GrpcClientProtocolClient.java:onNext(255)) - client-0B3DD58D7874->4d1035ec-513f-4ae8-938d-98e92fb6b91b: receive RaftClientReply:client-0B3DD58D7874->4d1035ec-513f-4ae8-938d-98e92fb6b91b@group-4CA054B1428D, cid=271, SUCCESS, logIndex=1, commits[4d1035ec-513f-4ae8-938d-98e92fb6b91b:c1, 98e6b70b-d673-4309-9f24-a1a199b24062:c0, 49246196-984b-451c-bd71-1d62e0d13355:c0]
2019-09-09 07:58:37,523 [grpc-default-executor-10] INFO  client.GrpcClientProtocolClient (GrpcClientProtocolClient.java:onNext(255)) - client-0B3DD58D7874->4d1035ec-513f-4ae8-938d-98e92fb6b91b: receive RaftClientReply:client-0B3DD58D7874->4d1035ec-513f-4ae8-938d-98e92fb6b91b@group-4CA054B1428D, cid=272, SUCCESS, logIndex=3, commits[4d1035ec-513f-4ae8-938d-98e92fb6b91b:c3, 98e6b70b-d673-4309-9f24-a1a199b24062:c2, 49246196-984b-451c-bd71-1d62e0d13355:c2]
2019-09-09 07:58:37,602 [grpc-default-executor-10] INFO  client.GrpcClientProtocolClient (GrpcClientProtocolClient.java:onNext(255)) - client-0B3DD58D7874->4d1035ec-513f-4ae8-938d-98e92fb6b91b: receive RaftClientReply:client-0B3DD58D7874->4d1035ec-513f-4ae8-938d-98e92fb6b91b@group-4CA054B1428D, cid=273, SUCCESS, logIndex=4, commits[4d1035ec-513f-4ae8-938d-98e92fb6b91b:c6, 98e6b70b-d673-4309-9f24-a1a199b24062:c3, 49246196-984b-451c-bd71-1d62e0d13355:c3]
2019-09-09 07:58:38,603 [main] WARN  scm.XceiverClientRatis (XceiverClientRatis.java:watchForCommit(262)) - 3 way commit failed on pipeline Pipeline[ Id: c9ba5001-7c50-4b87-a352-4ca054b1428d, Nodes: 4d1035ec-513f-4ae8-938d-98e92fb6b91b{ip: 192.168.69.102, host: pr-hdds-2007-qlx9r-406833628, networkLocation: /default-rack, certSerialId: null}98e6b70b-d673-4309-9f24-a1a199b24062{ip: 192.168.69.102, host: pr-hdds-2007-qlx9r-406833628, networkLocation: /default-rack, certSerialId: null}49246196-984b-451c-bd71-1d62e0d13355{ip: 192.168.69.102, host: pr-hdds-2007-qlx9r-406833628, networkLocation: /default-rack, certSerialId: null}, Type:RATIS, Factor:THREE, State:OPEN]
java.util.concurrent.TimeoutException
	at java.util.concurrent.CompletableFuture.timedGet(CompletableFuture.java:1771)
	at java.util.concurrent.CompletableFuture.get(CompletableFuture.java:1915)
	at org.apache.hadoop.hdds.scm.XceiverClientRatis.watchForCommit(XceiverClientRatis.java:259)
	at org.apache.hadoop.hdds.scm.storage.CommitWatcher.watchForCommit(CommitWatcher.java:194)
	at org.apache.hadoop.hdds.scm.storage.CommitWatcher.watchOnLastIndex(CommitWatcher.java:157)
	at org.apache.hadoop.hdds.scm.storage.BlockOutputStream.watchForCommit(BlockOutputStream.java:347)
	at org.apache.hadoop.hdds.scm.storage.BlockOutputStream.handleFlush(BlockOutputStream.java:479)
	at org.apache.hadoop.hdds.scm.storage.BlockOutputStream.flush(BlockOutputStream.java:428)
	at org.apache.hadoop.ozone.client.io.BlockOutputStreamEntry.flush(BlockOutputStreamEntry.java:136)
	at org.apache.hadoop.ozone.client.io.KeyOutputStream.handleFlushOrClose(KeyOutputStream.java:442)
	at org.apache.hadoop.ozone.client.io.KeyOutputStream.flush(KeyOutputStream.java:396)
	at org.apache.hadoop.ozone.client.io.OzoneOutputStream.flush(OzoneOutputStream.java:54)
	at org.apache.hadoop.ozone.client.rpc.TestBlockOutputStreamWithFailures.testExceptionDuringClose(TestBlockOutputStreamWithFailures.java:720)
	at sun.reflect.NativeMethodAccessorImpl.invoke0(Native Method)
	at sun.reflect.NativeMethodAccessorImpl.invoke(NativeMethodAccessorImpl.java:62)
	at sun.reflect.DelegatingMethodAccessorImpl.invoke(DelegatingMethodAccessorImpl.java:43)
	at java.lang.reflect.Method.invoke(Method.java:498)
	at org.junit.runners.model.FrameworkMethod$1.runReflectiveCall(FrameworkMethod.java:47)
	at org.junit.internal.runners.model.ReflectiveCallable.run(ReflectiveCallable.java:12)
	at org.junit.runners.model.FrameworkMethod.invokeExplosively(FrameworkMethod.java:44)
	at org.junit.internal.runners.statements.InvokeMethod.evaluate(InvokeMethod.java:17)
	at org.junit.internal.runners.statements.RunBefores.evaluate(RunBefores.java:26)
	at org.junit.internal.runners.statements.RunAfters.evaluate(RunAfters.java:27)
	at org.junit.runners.ParentRunner.runLeaf(ParentRunner.java:271)
	at org.junit.runners.BlockJUnit4ClassRunner.runChild(BlockJUnit4ClassRunner.java:70)
	at org.junit.runners.BlockJUnit4ClassRunner.runChild(BlockJUnit4ClassRunner.java:50)
	at org.junit.runners.ParentRunner$3.run(ParentRunner.java:238)
	at org.junit.runners.ParentRunner$1.schedule(ParentRunner.java:63)
	at org.junit.runners.ParentRunner.runChildren(ParentRunner.java:236)
	at org.junit.runners.ParentRunner.access$000(ParentRunner.java:53)
	at org.junit.runners.ParentRunner$2.evaluate(ParentRunner.java:229)
	at org.junit.runners.ParentRunner.run(ParentRunner.java:309)
	at org.apache.maven.surefire.junit4.JUnit4Provider.execute(JUnit4Provider.java:365)
	at org.apache.maven.surefire.junit4.JUnit4Provider.executeWithRerun(JUnit4Provider.java:273)
	at org.apache.maven.surefire.junit4.JUnit4Provider.executeTestSet(JUnit4Provider.java:238)
	at org.apache.maven.surefire.junit4.JUnit4Provider.invoke(JUnit4Provider.java:159)
	at org.apache.maven.surefire.booter.ForkedBooter.invokeProviderInSameClassLoader(ForkedBooter.java:384)
	at org.apache.maven.surefire.booter.ForkedBooter.runSuitesInProcess(ForkedBooter.java:345)
	at org.apache.maven.surefire.booter.ForkedBooter.execute(ForkedBooter.java:126)
	at org.apache.maven.surefire.booter.ForkedBooter.main(ForkedBooter.java:418)
2019-09-09 07:58:39,606 [main] WARN  storage.CommitWatcher (CommitWatcher.java:watchForCommit(203)) - watchForCommit failed for index 4
java.util.concurrent.TimeoutException
	at java.util.concurrent.CompletableFuture.timedGet(CompletableFuture.java:1771)
	at java.util.concurrent.CompletableFuture.get(CompletableFuture.java:1915)
	at org.apache.hadoop.hdds.scm.XceiverClientRatis.watchForCommit(XceiverClientRatis.java:268)
	at org.apache.hadoop.hdds.scm.storage.CommitWatcher.watchForCommit(CommitWatcher.java:194)
	at org.apache.hadoop.hdds.scm.storage.CommitWatcher.watchOnLastIndex(CommitWatcher.java:157)
	at org.apache.hadoop.hdds.scm.storage.BlockOutputStream.watchForCommit(BlockOutputStream.java:347)
	at org.apache.hadoop.hdds.scm.storage.BlockOutputStream.handleFlush(BlockOutputStream.java:479)
	at org.apache.hadoop.hdds.scm.storage.BlockOutputStream.flush(BlockOutputStream.java:428)
	at org.apache.hadoop.ozone.client.io.BlockOutputStreamEntry.flush(BlockOutputStreamEntry.java:136)
	at org.apache.hadoop.ozone.client.io.KeyOutputStream.handleFlushOrClose(KeyOutputStream.java:442)
	at org.apache.hadoop.ozone.client.io.KeyOutputStream.flush(KeyOutputStream.java:396)
	at org.apache.hadoop.ozone.client.io.OzoneOutputStream.flush(OzoneOutputStream.java:54)
	at org.apache.hadoop.ozone.client.rpc.TestBlockOutputStreamWithFailures.testExceptionDuringClose(TestBlockOutputStreamWithFailures.java:720)
	at sun.reflect.NativeMethodAccessorImpl.invoke0(Native Method)
	at sun.reflect.NativeMethodAccessorImpl.invoke(NativeMethodAccessorImpl.java:62)
	at sun.reflect.DelegatingMethodAccessorImpl.invoke(DelegatingMethodAccessorImpl.java:43)
	at java.lang.reflect.Method.invoke(Method.java:498)
	at org.junit.runners.model.FrameworkMethod$1.runReflectiveCall(FrameworkMethod.java:47)
	at org.junit.internal.runners.model.ReflectiveCallable.run(ReflectiveCallable.java:12)
	at org.junit.runners.model.FrameworkMethod.invokeExplosively(FrameworkMethod.java:44)
	at org.junit.internal.runners.statements.InvokeMethod.evaluate(InvokeMethod.java:17)
	at org.junit.internal.runners.statements.RunBefores.evaluate(RunBefores.java:26)
	at org.junit.internal.runners.statements.RunAfters.evaluate(RunAfters.java:27)
	at org.junit.runners.ParentRunner.runLeaf(ParentRunner.java:271)
	at org.junit.runners.BlockJUnit4ClassRunner.runChild(BlockJUnit4ClassRunner.java:70)
	at org.junit.runners.BlockJUnit4ClassRunner.runChild(BlockJUnit4ClassRunner.java:50)
	at org.junit.runners.ParentRunner$3.run(ParentRunner.java:238)
	at org.junit.runners.ParentRunner$1.schedule(ParentRunner.java:63)
	at org.junit.runners.ParentRunner.runChildren(ParentRunner.java:236)
	at org.junit.runners.ParentRunner.access$000(ParentRunner.java:53)
	at org.junit.runners.ParentRunner$2.evaluate(ParentRunner.java:229)
	at org.junit.runners.ParentRunner.run(ParentRunner.java:309)
	at org.apache.maven.surefire.junit4.JUnit4Provider.execute(JUnit4Provider.java:365)
	at org.apache.maven.surefire.junit4.JUnit4Provider.executeWithRerun(JUnit4Provider.java:273)
	at org.apache.maven.surefire.junit4.JUnit4Provider.executeTestSet(JUnit4Provider.java:238)
	at org.apache.maven.surefire.junit4.JUnit4Provider.invoke(JUnit4Provider.java:159)
	at org.apache.maven.surefire.booter.ForkedBooter.invokeProviderInSameClassLoader(ForkedBooter.java:384)
	at org.apache.maven.surefire.booter.ForkedBooter.runSuitesInProcess(ForkedBooter.java:345)
	at org.apache.maven.surefire.booter.ForkedBooter.execute(ForkedBooter.java:126)
	at org.apache.maven.surefire.booter.ForkedBooter.main(ForkedBooter.java:418)
2019-09-09 07:58:39,607 [main] WARN  io.KeyOutputStream (KeyOutputStream.java:handleException(276)) - Encountered exception java.io.IOException: Unexpected Storage Container Exception: java.io.IOException: Unexpected Storage Container Exception: java.util.concurrent.TimeoutException on the pipeline Pipeline[ Id: c9ba5001-7c50-4b87-a352-4ca054b1428d, Nodes: 4d1035ec-513f-4ae8-938d-98e92fb6b91b{ip: 192.168.69.102, host: pr-hdds-2007-qlx9r-406833628, networkLocation: /default-rack, certSerialId: null}98e6b70b-d673-4309-9f24-a1a199b24062{ip: 192.168.69.102, host: pr-hdds-2007-qlx9r-406833628, networkLocation: /default-rack, certSerialId: null}49246196-984b-451c-bd71-1d62e0d13355{ip: 192.168.69.102, host: pr-hdds-2007-qlx9r-406833628, networkLocation: /default-rack, certSerialId: null}, Type:RATIS, Factor:THREE, State:OPEN]. The last committed block length is 0, uncommitted data length is 167 retry count 0
2019-09-09 07:58:39,618 [IPC Server handler 5 on 33707] WARN  block.BlockManagerImpl (BlockManagerImpl.java:allocateBlock(192)) - Pipeline creation failed for type:RATIS factor:THREE. Retrying get pipelines call once.
org.apache.hadoop.hdds.scm.pipeline.InsufficientDatanodesException: Cannot create pipeline of factor 3 using 1 nodes.
	at org.apache.hadoop.hdds.scm.pipeline.RatisPipelineProvider.create(RatisPipelineProvider.java:152)
	at org.apache.hadoop.hdds.scm.pipeline.PipelineFactory.create(PipelineFactory.java:57)
	at org.apache.hadoop.hdds.scm.pipeline.SCMPipelineManager.createPipeline(SCMPipelineManager.java:151)
	at org.apache.hadoop.hdds.scm.block.BlockManagerImpl.allocateBlock(BlockManagerImpl.java:190)
	at org.apache.hadoop.hdds.scm.server.SCMBlockProtocolServer.allocateBlock(SCMBlockProtocolServer.java:182)
	at org.apache.hadoop.ozone.protocolPB.ScmBlockLocationProtocolServerSideTranslatorPB.allocateScmBlock(ScmBlockLocationProtocolServerSideTranslatorPB.java:183)
	at org.apache.hadoop.ozone.protocolPB.ScmBlockLocationProtocolServerSideTranslatorPB.processMessage(ScmBlockLocationProtocolServerSideTranslatorPB.java:141)
	at org.apache.hadoop.ozone.protocolPB.ScmBlockLocationProtocolServerSideTranslatorPB.send(ScmBlockLocationProtocolServerSideTranslatorPB.java:116)
	at org.apache.hadoop.hdds.protocol.proto.ScmBlockLocationProtocolProtos$ScmBlockLocationProtocolService$2.callBlockingMethod(ScmBlockLocationProtocolProtos.java:13157)
	at org.apache.hadoop.ipc.ProtobufRpcEngine$Server$ProtoBufRpcInvoker.call(ProtobufRpcEngine.java:524)
	at org.apache.hadoop.ipc.RPC$Server.call(RPC.java:1025)
	at org.apache.hadoop.ipc.Server$RpcCall.run(Server.java:876)
	at org.apache.hadoop.ipc.Server$RpcCall.run(Server.java:822)
	at java.security.AccessController.doPrivileged(Native Method)
	at javax.security.auth.Subject.doAs(Subject.java:422)
	at org.apache.hadoop.security.UserGroupInformation.doAs(UserGroupInformation.java:1730)
	at org.apache.hadoop.ipc.Server$Handler.run(Server.java:2682)
2019-09-09 07:58:39,618 [IPC Server handler 5 on 33707] INFO  block.BlockManagerImpl (BlockManagerImpl.java:allocateBlock(198)) - Could not find available pipeline of type:RATIS and factor:THREE even after retrying
2019-09-09 07:58:39,619 [IPC Server handler 5 on 33707] ERROR block.BlockManagerImpl (BlockManagerImpl.java:allocateBlock(222)) - Unable to allocate a block for the size: 800, type: RATIS, factor: THREE
2019-09-09 07:58:39,624 [main] ERROR io.BlockOutputStreamEntryPool (BlockOutputStreamEntryPool.java:allocateBlockIfNeeded(299)) - Try to allocate more blocks for write failed, already allocated 0 blocks for this write.
INTERNAL_ERROR org.apache.hadoop.ozone.om.exceptions.OMException: Allocated 0 blocks. Requested 1 blocks
	at org.apache.hadoop.ozone.om.protocolPB.OzoneManagerProtocolClientSideTranslatorPB.handleError(OzoneManagerProtocolClientSideTranslatorPB.java:727)
	at org.apache.hadoop.ozone.om.protocolPB.OzoneManagerProtocolClientSideTranslatorPB.allocateBlock(OzoneManagerProtocolClientSideTranslatorPB.java:759)
	at org.apache.hadoop.ozone.client.io.BlockOutputStreamEntryPool.allocateNewBlock(BlockOutputStreamEntryPool.java:248)
	at org.apache.hadoop.ozone.client.io.BlockOutputStreamEntryPool.allocateBlockIfNeeded(BlockOutputStreamEntryPool.java:296)
	at org.apache.hadoop.ozone.client.io.KeyOutputStream.handleWrite(KeyOutputStream.java:201)
	at org.apache.hadoop.ozone.client.io.KeyOutputStream.handleRetry(KeyOutputStream.java:376)
	at org.apache.hadoop.ozone.client.io.KeyOutputStream.handleException(KeyOutputStream.java:325)
	at org.apache.hadoop.ozone.client.io.KeyOutputStream.handleFlushOrClose(KeyOutputStream.java:448)
	at org.apache.hadoop.ozone.client.io.KeyOutputStream.flush(KeyOutputStream.java:396)
	at org.apache.hadoop.ozone.client.io.OzoneOutputStream.flush(OzoneOutputStream.java:54)
	at org.apache.hadoop.ozone.client.rpc.TestBlockOutputStreamWithFailures.testExceptionDuringClose(TestBlockOutputStreamWithFailures.java:720)
	at sun.reflect.NativeMethodAccessorImpl.invoke0(Native Method)
	at sun.reflect.NativeMethodAccessorImpl.invoke(NativeMethodAccessorImpl.java:62)
	at sun.reflect.DelegatingMethodAccessorImpl.invoke(DelegatingMethodAccessorImpl.java:43)
	at java.lang.reflect.Method.invoke(Method.java:498)
	at org.junit.runners.model.FrameworkMethod$1.runReflectiveCall(FrameworkMethod.java:47)
	at org.junit.internal.runners.model.ReflectiveCallable.run(ReflectiveCallable.java:12)
	at org.junit.runners.model.FrameworkMethod.invokeExplosively(FrameworkMethod.java:44)
	at org.junit.internal.runners.statements.InvokeMethod.evaluate(InvokeMethod.java:17)
	at org.junit.internal.runners.statements.RunBefores.evaluate(RunBefores.java:26)
	at org.junit.internal.runners.statements.RunAfters.evaluate(RunAfters.java:27)
	at org.junit.runners.ParentRunner.runLeaf(ParentRunner.java:271)
	at org.junit.runners.BlockJUnit4ClassRunner.runChild(BlockJUnit4ClassRunner.java:70)
	at org.junit.runners.BlockJUnit4ClassRunner.runChild(BlockJUnit4ClassRunner.java:50)
	at org.junit.runners.ParentRunner$3.run(ParentRunner.java:238)
	at org.junit.runners.ParentRunner$1.schedule(ParentRunner.java:63)
	at org.junit.runners.ParentRunner.runChildren(ParentRunner.java:236)
	at org.junit.runners.ParentRunner.access$000(ParentRunner.java:53)
	at org.junit.runners.ParentRunner$2.evaluate(ParentRunner.java:229)
	at org.junit.runners.ParentRunner.run(ParentRunner.java:309)
	at org.apache.maven.surefire.junit4.JUnit4Provider.execute(JUnit4Provider.java:365)
	at org.apache.maven.surefire.junit4.JUnit4Provider.executeWithRerun(JUnit4Provider.java:273)
	at org.apache.maven.surefire.junit4.JUnit4Provider.executeTestSet(JUnit4Provider.java:238)
	at org.apache.maven.surefire.junit4.JUnit4Provider.invoke(JUnit4Provider.java:159)
	at org.apache.maven.surefire.booter.ForkedBooter.invokeProviderInSameClassLoader(ForkedBooter.java:384)
	at org.apache.maven.surefire.booter.ForkedBooter.runSuitesInProcess(ForkedBooter.java:345)
	at org.apache.maven.surefire.booter.ForkedBooter.execute(ForkedBooter.java:126)
	at org.apache.maven.surefire.booter.ForkedBooter.main(ForkedBooter.java:418)
2019-09-09 07:58:39,625 [main] INFO  ozone.MiniOzoneClusterImpl (MiniOzoneClusterImpl.java:shutdown(307)) - Shutting down the Mini Ozone Cluster
2019-09-09 07:58:39,625 [main] INFO  ozone.MiniOzoneClusterImpl (MiniOzoneClusterImpl.java:stop(322)) - Stopping the Mini Ozone Cluster
2019-09-09 07:58:39,625 [main] INFO  ozone.MiniOzoneClusterImpl (MiniOzoneClusterImpl.java:stop(324)) - Stopping the OzoneManager
2019-09-09 07:58:39,626 [main] INFO  ipc.Server (Server.java:stop(3082)) - Stopping server on 37188
2019-09-09 07:58:39,635 [IPC Server listener on 37188] INFO  ipc.Server (Server.java:run(1185)) - Stopping IPC Server listener on 37188
2019-09-09 07:58:39,635 [main] INFO  ratis.OzoneManagerDoubleBuffer (OzoneManagerDoubleBuffer.java:stop(248)) - Stopping OMDoubleBuffer flush thread
2019-09-09 07:58:39,639 [IPC Server Responder] INFO  ipc.Server (Server.java:run(1319)) - Stopping IPC Server Responder
2019-09-09 07:58:39,645 [OMDoubleBufferFlushThread] INFO  ratis.OzoneManagerDoubleBuffer (OzoneManagerDoubleBuffer.java:flushTransactions(191)) - OMDoubleBuffer flush thread OMDoubleBufferFlushThread is interrupted and will exit. OMDoubleBufferFlushThread
2019-09-09 07:58:39,654 [main] INFO  utils.BackgroundService (BackgroundService.java:shutdown(148)) - Shutting down service KeyDeletingService
2019-09-09 07:58:39,674 [main] INFO  handler.ContextHandler (ContextHandler.java:doStop(910)) - Stopped o.e.j.w.WebAppContext@43c0c13a{/,null,UNAVAILABLE}{/ozoneManager}
2019-09-09 07:58:39,674 [main] INFO  server.AbstractConnector (AbstractConnector.java:doStop(318)) - Stopped ServerConnector@731db93f{HTTP/1.1,[http/1.1]}{0.0.0.0:0}
2019-09-09 07:58:39,675 [main] INFO  handler.ContextHandler (ContextHandler.java:doStop(910)) - Stopped o.e.j.s.ServletContextHandler@22ca1242{/static,file:///workdir/hadoop-ozone/integration-test/target/test-classes/webapps/static,UNAVAILABLE}
2019-09-09 07:58:39,675 [main] INFO  handler.ContextHandler (ContextHandler.java:doStop(910)) - Stopped o.e.j.s.ServletContextHandler@6f986501{/logs,file:///workdir/hadoop-ozone/integration-test/target/log,UNAVAILABLE}
2019-09-09 07:58:39,677 [main] INFO  ozone.MiniOzoneClusterImpl (MiniOzoneClusterImpl.java:stop(330)) - Shutting the HddsDatanodes
2019-09-09 07:58:40,040 [grpc-default-executor-10] INFO  client.GrpcClientProtocolClient (GrpcClientProtocolClient.java:onNext(255)) - client-0B3DD58D7874->4d1035ec-513f-4ae8-938d-98e92fb6b91b: receive RaftClientReply:client-0B3DD58D7874->4d1035ec-513f-4ae8-938d-98e92fb6b91b@group-4CA054B1428D, cid=275, SUCCESS, logIndex=0, commits[4d1035ec-513f-4ae8-938d-98e92fb6b91b:c6, 98e6b70b-d673-4309-9f24-a1a199b24062:c3, 49246196-984b-451c-bd71-1d62e0d13355:c6]
2019-09-09 07:58:40,040 [grpc-default-executor-10] INFO  client.GrpcClientProtocolClient (GrpcClientProtocolClient.java:onNext(255)) - client-0B3DD58D7874->4d1035ec-513f-4ae8-938d-98e92fb6b91b: receive RaftClientReply:client-0B3DD58D7874->4d1035ec-513f-4ae8-938d-98e92fb6b91b@group-4CA054B1428D, cid=274, SUCCESS, logIndex=0, commits[4d1035ec-513f-4ae8-938d-98e92fb6b91b:c6, 98e6b70b-d673-4309-9f24-a1a199b24062:c6, 49246196-984b-451c-bd71-1d62e0d13355:c6]
2019-09-09 07:58:40,294 [Datanode State Machine Thread - 0] INFO  statemachine.DatanodeStateMachine (DatanodeStateMachine.java:lambda$startDaemon$0(350)) - Ozone container server started.
2019-09-09 07:58:40,483 [Datanode State Machine Thread - 0] INFO  statemachine.DatanodeStateMachine (DatanodeStateMachine.java:lambda$startDaemon$0(350)) - Ozone container server started.
2019-09-09 07:58:44,390 [EventQueue-StaleNodeForStaleNodeHandler] INFO  node.StaleNodeHandler (StaleNodeHandler.java:onMessage(58)) - Datanode ba68b7d1-9d4d-4ed7-bfd0-91b88768130d{ip: 192.168.69.102, host: pr-hdds-2007-qlx9r-406833628, networkLocation: /default-rack, certSerialId: null} moved to stale state. Finalizing its pipelines [PipelineID=b3c83a75-8bf4-4619-8e1a-00fd3763b77c]
2019-09-09 07:58:44,390 [EventQueue-StaleNodeForStaleNodeHandler] INFO  pipeline.SCMPipelineManager (SCMPipelineManager.java:finalizeAndDestroyPipeline(311)) - destroying pipeline:Pipeline[ Id: b3c83a75-8bf4-4619-8e1a-00fd3763b77c, Nodes: ba68b7d1-9d4d-4ed7-bfd0-91b88768130d{ip: 192.168.69.102, host: pr-hdds-2007-qlx9r-406833628, networkLocation: /default-rack, certSerialId: null}, Type:RATIS, Factor:ONE, State:OPEN]
2019-09-09 07:58:44,390 [EventQueue-StaleNodeForStaleNodeHandler] INFO  pipeline.PipelineStateManager (PipelineStateManager.java:finalizePipeline(123)) - Pipeline Pipeline[ Id: b3c83a75-8bf4-4619-8e1a-00fd3763b77c, Nodes: ba68b7d1-9d4d-4ed7-bfd0-91b88768130d{ip: 192.168.69.102, host: pr-hdds-2007-qlx9r-406833628, networkLocation: /default-rack, certSerialId: null}, Type:RATIS, Factor:ONE, State:CLOSED] moved to CLOSED state
2019-09-09 07:58:44,490 [EventQueue-StaleNodeForStaleNodeHandler] INFO  node.StaleNodeHandler (StaleNodeHandler.java:onMessage(58)) - Datanode 98e6b70b-d673-4309-9f24-a1a199b24062{ip: 192.168.69.102, host: pr-hdds-2007-qlx9r-406833628, networkLocation: /default-rack, certSerialId: null} moved to stale state. Finalizing its pipelines [PipelineID=c9ba5001-7c50-4b87-a352-4ca054b1428d, PipelineID=507ea079-a88a-4382-a7c8-31334da0385e]
2019-09-09 07:58:44,490 [EventQueue-StaleNodeForStaleNodeHandler] INFO  pipeline.SCMPipelineManager (SCMPipelineManager.java:finalizeAndDestroyPipeline(311)) - destroying pipeline:Pipeline[ Id: c9ba5001-7c50-4b87-a352-4ca054b1428d, Nodes: 4d1035ec-513f-4ae8-938d-98e92fb6b91b{ip: 192.168.69.102, host: pr-hdds-2007-qlx9r-406833628, networkLocation: /default-rack, certSerialId: null}98e6b70b-d673-4309-9f24-a1a199b24062{ip: 192.168.69.102, host: pr-hdds-2007-qlx9r-406833628, networkLocation: /default-rack, certSerialId: null}49246196-984b-451c-bd71-1d62e0d13355{ip: 192.168.69.102, host: pr-hdds-2007-qlx9r-406833628, networkLocation: /default-rack, certSerialId: null}, Type:RATIS, Factor:THREE, State:OPEN]
2019-09-09 07:58:44,490 [EventQueue-StaleNodeForStaleNodeHandler] INFO  pipeline.PipelineStateManager (PipelineStateManager.java:finalizePipeline(123)) - Pipeline Pipeline[ Id: c9ba5001-7c50-4b87-a352-4ca054b1428d, Nodes: 4d1035ec-513f-4ae8-938d-98e92fb6b91b{ip: 192.168.69.102, host: pr-hdds-2007-qlx9r-406833628, networkLocation: /default-rack, certSerialId: null}98e6b70b-d673-4309-9f24-a1a199b24062{ip: 192.168.69.102, host: pr-hdds-2007-qlx9r-406833628, networkLocation: /default-rack, certSerialId: null}49246196-984b-451c-bd71-1d62e0d13355{ip: 192.168.69.102, host: pr-hdds-2007-qlx9r-406833628, networkLocation: /default-rack, certSerialId: null}, Type:RATIS, Factor:THREE, State:CLOSED] moved to CLOSED state
2019-09-09 07:58:44,491 [EventQueue-StaleNodeForStaleNodeHandler] INFO  pipeline.SCMPipelineManager (SCMPipelineManager.java:finalizeAndDestroyPipeline(311)) - destroying pipeline:Pipeline[ Id: 507ea079-a88a-4382-a7c8-31334da0385e, Nodes: 98e6b70b-d673-4309-9f24-a1a199b24062{ip: 192.168.69.102, host: pr-hdds-2007-qlx9r-406833628, networkLocation: /default-rack, certSerialId: null}, Type:RATIS, Factor:ONE, State:OPEN]
2019-09-09 07:58:44,491 [EventQueue-CloseContainerForCloseContainerEventHandler] INFO  container.CloseContainerEventHandler (CloseContainerEventHandler.java:onMessage(61)) - Close container Event triggered for container : #2
2019-09-09 07:58:44,491 [EventQueue-StaleNodeForStaleNodeHandler] INFO  pipeline.PipelineStateManager (PipelineStateManager.java:finalizePipeline(123)) - Pipeline Pipeline[ Id: 507ea079-a88a-4382-a7c8-31334da0385e, Nodes: 98e6b70b-d673-4309-9f24-a1a199b24062{ip: 192.168.69.102, host: pr-hdds-2007-qlx9r-406833628, networkLocation: /default-rack, certSerialId: null}, Type:RATIS, Factor:ONE, State:CLOSED] moved to CLOSED state
2019-09-09 07:58:44,678 [ForkJoinPool.commonPool-worker-1] INFO  ozoneimpl.OzoneContainer (OzoneContainer.java:stop(215)) - Attempting to stop container services.
2019-09-09 07:58:44,678 [main] INFO  ozoneimpl.OzoneContainer (OzoneContainer.java:stop(215)) - Attempting to stop container services.
2019-09-09 07:58:44,678 [ForkJoinPool.commonPool-worker-1] INFO  impl.RaftServerProxy (RaftServerProxy.java:lambda$close$4(314)) - 98e6b70b-d673-4309-9f24-a1a199b24062: close
2019-09-09 07:58:44,678 [main] INFO  impl.RaftServerProxy (RaftServerProxy.java:lambda$close$4(314)) - ba68b7d1-9d4d-4ed7-bfd0-91b88768130d: close
2019-09-09 07:58:44,679 [ForkJoinPool.commonPool-worker-1] INFO  impl.RaftServerImpl (RaftServerImpl.java:lambda$shutdown$3(245)) - 98e6b70b-d673-4309-9f24-a1a199b24062: shutdown group-4CA054B1428D
2019-09-09 07:58:44,679 [main] INFO  impl.RaftServerImpl (RaftServerImpl.java:lambda$shutdown$3(245)) - ba68b7d1-9d4d-4ed7-bfd0-91b88768130d: shutdown group-00FD3763B77C
2019-09-09 07:58:44,679 [ForkJoinPool.commonPool-worker-1] INFO  util.JmxRegister (JmxRegister.java:unregister(73)) - Successfully un-registered JMX Bean with object name Ratis:service=RaftServer,group=group-4CA054B1428D,id=98e6b70b-d673-4309-9f24-a1a199b24062
2019-09-09 07:58:44,679 [main] INFO  util.JmxRegister (JmxRegister.java:unregister(73)) - Successfully un-registered JMX Bean with object name Ratis:service=RaftServer,group=group-00FD3763B77C,id=ba68b7d1-9d4d-4ed7-bfd0-91b88768130d
2019-09-09 07:58:44,680 [ForkJoinPool.commonPool-worker-1] INFO  impl.RoleInfo (RoleInfo.java:shutdownFollowerState(121)) - 98e6b70b-d673-4309-9f24-a1a199b24062: shutdown FollowerState
2019-09-09 07:58:44,680 [main] INFO  impl.RoleInfo (RoleInfo.java:shutdownLeaderState(104)) - ba68b7d1-9d4d-4ed7-bfd0-91b88768130d: shutdown LeaderState
2019-09-09 07:58:44,680 [StateMachineUpdater:98e6b70b-d673-4309-9f24-a1a199b24062:group-4CA054B1428D] INFO  ratis.ContainerStateMachine (ContainerStateMachine.java:takeSnapshot(284)) - group-4CA054B1428D: Taking a snapshot at:(t:1, i:6) file /workdir/hadoop-ozone/integration-test/target/test-dir/MiniOzoneClusterImpl-e70ec129-6ead-427c-a372-e351fbe58a4c/datanode-1/data/ratis/c9ba5001-7c50-4b87-a352-4ca054b1428d/sm/snapshot.1_6
2019-09-09 07:58:44,680 [Thread-4954] INFO  impl.FollowerState (FollowerState.java:run(114)) - 98e6b70b-d673-4309-9f24-a1a199b24062: FollowerState was interrupted: java.lang.InterruptedException: sleep interrupted
2019-09-09 07:58:44,680 [ForkJoinPool.commonPool-worker-1] INFO  impl.StateMachineUpdater (StateMachineUpdater.java:stopAndJoin(115)) - StateMachineUpdater:98e6b70b-d673-4309-9f24-a1a199b24062:group-4CA054B1428D: set stopIndex = 6
2019-09-09 07:58:44,680 [main] INFO  impl.PendingRequests (PendingRequests.java:sendNotLeaderResponses(202)) - ba68b7d1-9d4d-4ed7-bfd0-91b88768130d-PendingRequests: sendNotLeaderResponses
2019-09-09 07:58:44,685 [main] INFO  impl.StateMachineUpdater (StateMachineUpdater.java:stopAndJoin(115)) - StateMachineUpdater:ba68b7d1-9d4d-4ed7-bfd0-91b88768130d:group-00FD3763B77C: set stopIndex = 0
2019-09-09 07:58:44,685 [main] INFO  impl.RaftServerImpl (ServerState.java:close(394)) - ba68b7d1-9d4d-4ed7-bfd0-91b88768130d:group-00FD3763B77C closes. The last applied log index is 0
2019-09-09 07:58:44,686 [ba68b7d1-9d4d-4ed7-bfd0-91b88768130d-SegmentedRaftLogWorker:Storage Directory /workdir/hadoop-ozone/integration-test/target/test-dir/MiniOzoneClusterImpl-e70ec129-6ead-427c-a372-e351fbe58a4c/datanode-4/data/ratis/b3c83a75-8bf4-4619-8e1a-00fd3763b77c] INFO  segmented.SegmentedRaftLogWorker (SegmentedRaftLogWorker.java:run(313)) - ba68b7d1-9d4d-4ed7-bfd0-91b88768130d-SegmentedRaftLogWorker:Storage Directory /workdir/hadoop-ozone/integration-test/target/test-dir/MiniOzoneClusterImpl-e70ec129-6ead-427c-a372-e351fbe58a4c/datanode-4/data/ratis/b3c83a75-8bf4-4619-8e1a-00fd3763b77c was interrupted, exiting. There are 0 tasks remaining in the queue.
2019-09-09 07:58:44,689 [main] INFO  segmented.SegmentedRaftLogWorker (SegmentedRaftLogWorker.java:close(228)) - ba68b7d1-9d4d-4ed7-bfd0-91b88768130d-SegmentedRaftLogWorker:Storage Directory /workdir/hadoop-ozone/integration-test/target/test-dir/MiniOzoneClusterImpl-e70ec129-6ead-427c-a372-e351fbe58a4c/datanode-4/data/ratis/b3c83a75-8bf4-4619-8e1a-00fd3763b77c close()
2019-09-09 07:58:44,694 [main] INFO  server.GrpcService (GrpcService.java:closeImpl(155)) - ba68b7d1-9d4d-4ed7-bfd0-91b88768130d: shutdown server with port 35514 now
2019-09-09 07:58:44,697 [main] INFO  server.GrpcService (GrpcService.java:closeImpl(163)) - ba68b7d1-9d4d-4ed7-bfd0-91b88768130d: shutdown server with port 35514 successfully
2019-09-09 07:58:44,707 [refreshUsed-/workdir/hadoop-ozone/integration-test/target/test-dir/MiniOzoneClusterImpl-e70ec129-6ead-427c-a372-e351fbe58a4c/datanode-4/data/containers] WARN  fs.CachingGetSpaceUsed (CachingGetSpaceUsed.java:run(183)) - Thread Interrupted waiting to refresh disk information: sleep interrupted
2019-09-09 07:58:44,707 [StateMachineUpdater:98e6b70b-d673-4309-9f24-a1a199b24062:group-4CA054B1428D] INFO  ratis.ContainerStateMachine (ContainerStateMachine.java:takeSnapshot(295)) - group-4CA054B1428D: Finished taking a snapshot at:(t:1, i:6) file:/workdir/hadoop-ozone/integration-test/target/test-dir/MiniOzoneClusterImpl-e70ec129-6ead-427c-a372-e351fbe58a4c/datanode-1/data/ratis/c9ba5001-7c50-4b87-a352-4ca054b1428d/sm/snapshot.1_6 time:27
2019-09-09 07:58:44,708 [StateMachineUpdater:98e6b70b-d673-4309-9f24-a1a199b24062:group-4CA054B1428D] INFO  impl.StateMachineUpdater (StateMachineUpdater.java:takeSnapshot(242)) - StateMachineUpdater:98e6b70b-d673-4309-9f24-a1a199b24062:group-4CA054B1428D: Took a snapshot at index 6
2019-09-09 07:58:44,708 [StateMachineUpdater:98e6b70b-d673-4309-9f24-a1a199b24062:group-4CA054B1428D] INFO  impl.StateMachineUpdater (StateMachineUpdater.java:lambda$new$0(80)) - StateMachineUpdater:98e6b70b-d673-4309-9f24-a1a199b24062:group-4CA054B1428D: snapshotIndex: updateIncreasingly -1 -> 6
2019-09-09 07:58:44,708 [ForkJoinPool.commonPool-worker-1] INFO  impl.RaftServerImpl (ServerState.java:close(394)) - 98e6b70b-d673-4309-9f24-a1a199b24062:group-4CA054B1428D closes. The last applied log index is 6
2019-09-09 07:58:44,709 [98e6b70b-d673-4309-9f24-a1a199b24062-SegmentedRaftLogWorker:Storage Directory /workdir/hadoop-ozone/integration-test/target/test-dir/MiniOzoneClusterImpl-e70ec129-6ead-427c-a372-e351fbe58a4c/datanode-1/data/ratis/c9ba5001-7c50-4b87-a352-4ca054b1428d] INFO  segmented.SegmentedRaftLogWorker (SegmentedRaftLogWorker.java:run(313)) - 98e6b70b-d673-4309-9f24-a1a199b24062-SegmentedRaftLogWorker:Storage Directory /workdir/hadoop-ozone/integration-test/target/test-dir/MiniOzoneClusterImpl-e70ec129-6ead-427c-a372-e351fbe58a4c/datanode-1/data/ratis/c9ba5001-7c50-4b87-a352-4ca054b1428d was interrupted, exiting. There are 0 tasks remaining in the queue.
2019-09-09 07:58:44,711 [ForkJoinPool.commonPool-worker-1] INFO  segmented.SegmentedRaftLogWorker (SegmentedRaftLogWorker.java:close(228)) - 98e6b70b-d673-4309-9f24-a1a199b24062-SegmentedRaftLogWorker:Storage Directory /workdir/hadoop-ozone/integration-test/target/test-dir/MiniOzoneClusterImpl-e70ec129-6ead-427c-a372-e351fbe58a4c/datanode-1/data/ratis/c9ba5001-7c50-4b87-a352-4ca054b1428d close()
2019-09-09 07:58:44,715 [ForkJoinPool.commonPool-worker-1] INFO  impl.RaftServerImpl (RaftServerImpl.java:lambda$shutdown$3(245)) - 98e6b70b-d673-4309-9f24-a1a199b24062: shutdown group-31334DA0385E
2019-09-09 07:58:44,715 [ForkJoinPool.commonPool-worker-1] INFO  util.JmxRegister (JmxRegister.java:unregister(73)) - Successfully un-registered JMX Bean with object name Ratis:service=RaftServer,group=group-31334DA0385E,id=98e6b70b-d673-4309-9f24-a1a199b24062
2019-09-09 07:58:44,715 [ForkJoinPool.commonPool-worker-1] INFO  impl.RoleInfo (RoleInfo.java:shutdownLeaderState(104)) - 98e6b70b-d673-4309-9f24-a1a199b24062: shutdown LeaderState
2019-09-09 07:58:44,716 [ForkJoinPool.commonPool-worker-1] INFO  impl.PendingRequests (PendingRequests.java:sendNotLeaderResponses(202)) - 98e6b70b-d673-4309-9f24-a1a199b24062-PendingRequests: sendNotLeaderResponses
2019-09-09 07:58:44,716 [ForkJoinPool.commonPool-worker-1] INFO  impl.StateMachineUpdater (StateMachineUpdater.java:stopAndJoin(115)) - StateMachineUpdater:98e6b70b-d673-4309-9f24-a1a199b24062:group-31334DA0385E: set stopIndex = 0
2019-09-09 07:58:44,717 [ForkJoinPool.commonPool-worker-1] INFO  impl.RaftServerImpl (ServerState.java:close(394)) - 98e6b70b-d673-4309-9f24-a1a199b24062:group-31334DA0385E closes. The last applied log index is 0
2019-09-09 07:58:44,717 [98e6b70b-d673-4309-9f24-a1a199b24062-SegmentedRaftLogWorker:Storage Directory /workdir/hadoop-ozone/integration-test/target/test-dir/MiniOzoneClusterImpl-e70ec129-6ead-427c-a372-e351fbe58a4c/datanode-1/data/ratis/507ea079-a88a-4382-a7c8-31334da0385e] INFO  segmented.SegmentedRaftLogWorker (SegmentedRaftLogWorker.java:run(313)) - 98e6b70b-d673-4309-9f24-a1a199b24062-SegmentedRaftLogWorker:Storage Directory /workdir/hadoop-ozone/integration-test/target/test-dir/MiniOzoneClusterImpl-e70ec129-6ead-427c-a372-e351fbe58a4c/datanode-1/data/ratis/507ea079-a88a-4382-a7c8-31334da0385e was interrupted, exiting. There are 0 tasks remaining in the queue.
2019-09-09 07:58:44,719 [ForkJoinPool.commonPool-worker-1] INFO  segmented.SegmentedRaftLogWorker (SegmentedRaftLogWorker.java:close(228)) - 98e6b70b-d673-4309-9f24-a1a199b24062-SegmentedRaftLogWorker:Storage Directory /workdir/hadoop-ozone/integration-test/target/test-dir/MiniOzoneClusterImpl-e70ec129-6ead-427c-a372-e351fbe58a4c/datanode-1/data/ratis/507ea079-a88a-4382-a7c8-31334da0385e close()
2019-09-09 07:58:44,725 [ForkJoinPool.commonPool-worker-1] INFO  server.GrpcService (GrpcService.java:closeImpl(155)) - 98e6b70b-d673-4309-9f24-a1a199b24062: shutdown server with port 35992 now
2019-09-09 07:58:44,726 [grpc-default-executor-11] WARN  server.GrpcServerProtocolService (LogUtils.java:warn(134)) - 98e6b70b-d673-4309-9f24-a1a199b24062: appendEntries onError: org.apache.ratis.thirdparty.io.grpc.StatusRuntimeException: CANCELLED: cancelled before receiving half close
2019-09-09 07:58:44,726 [ForkJoinPool.commonPool-worker-1] INFO  server.GrpcService (GrpcService.java:closeImpl(163)) - 98e6b70b-d673-4309-9f24-a1a199b24062: shutdown server with port 35992 successfully
2019-09-09 07:58:44,726 [grpc-default-executor-11] WARN  server.GrpcLogAppender (LogUtils.java:warn(134)) - 4d1035ec-513f-4ae8-938d-98e92fb6b91b->98e6b70b-d673-4309-9f24-a1a199b24062: Failed appendEntries: org.apache.ratis.thirdparty.io.grpc.StatusRuntimeException: CANCELLED: HTTP/2 error code: CANCEL
Received Rst Stream
2019-09-09 07:58:44,727 [grpc-default-executor-11] INFO  impl.FollowerInfo (FollowerInfo.java:lambda$new$0(50)) - 4d1035ec-513f-4ae8-938d-98e92fb6b91b->98e6b70b-d673-4309-9f24-a1a199b24062: nextIndex: updateUnconditionally 7 -> 6
2019-09-09 07:58:44,728 [refreshUsed-/workdir/hadoop-ozone/integration-test/target/test-dir/MiniOzoneClusterImpl-e70ec129-6ead-427c-a372-e351fbe58a4c/datanode-1/data/containers] WARN  fs.CachingGetSpaceUsed (CachingGetSpaceUsed.java:run(183)) - Thread Interrupted waiting to refresh disk information: sleep interrupted
2019-09-09 07:58:44,738 [main] INFO  utils.BackgroundService (BackgroundService.java:shutdown(148)) - Shutting down service BlockDeletingService
2019-09-09 07:58:44,745 [main] INFO  statemachine.DatanodeStateMachine (DatanodeStateMachine.java:stopDaemon(395)) - Ozone container server stopped.
2019-09-09 07:58:44,746 [main] INFO  handler.ContextHandler (ContextHandler.java:doStop(910)) - Stopped o.e.j.w.WebAppContext@2f60cbf2{/,null,UNAVAILABLE}{/hddsDatanode}
2019-09-09 07:58:44,747 [main] INFO  server.AbstractConnector (AbstractConnector.java:doStop(318)) - Stopped ServerConnector@631bc9f4{HTTP/1.1,[http/1.1]}{0.0.0.0:0}
2019-09-09 07:58:44,747 [main] INFO  handler.ContextHandler (ContextHandler.java:doStop(910)) - Stopped o.e.j.s.ServletContextHandler@3b5da0b0{/static,jar:file:/home/user/.m2/repository/org/apache/hadoop/hadoop-hdds-container-service/0.5.0-SNAPSHOT/hadoop-hdds-container-service-0.5.0-SNAPSHOT.jar!/webapps/static,UNAVAILABLE}
2019-09-09 07:58:44,747 [main] INFO  handler.ContextHandler (ContextHandler.java:doStop(910)) - Stopped o.e.j.s.ServletContextHandler@785a4557{/logs,file:///workdir/hadoop-ozone/integration-test/target/log,UNAVAILABLE}
2019-09-09 07:58:44,749 [ForkJoinPool.commonPool-worker-1] INFO  utils.BackgroundService (BackgroundService.java:shutdown(148)) - Shutting down service BlockDeletingService
2019-09-09 07:58:44,755 [ForkJoinPool.commonPool-worker-1] INFO  statemachine.DatanodeStateMachine (DatanodeStateMachine.java:stopDaemon(395)) - Ozone container server stopped.
2019-09-09 07:58:44,760 [ForkJoinPool.commonPool-worker-1] INFO  handler.ContextHandler (ContextHandler.java:doStop(910)) - Stopped o.e.j.w.WebAppContext@56b9d43f{/,null,UNAVAILABLE}{/hddsDatanode}
2019-09-09 07:58:44,761 [ForkJoinPool.commonPool-worker-1] INFO  server.AbstractConnector (AbstractConnector.java:doStop(318)) - Stopped ServerConnector@2d913116{HTTP/1.1,[http/1.1]}{0.0.0.0:0}
2019-09-09 07:58:44,770 [ForkJoinPool.commonPool-worker-1] INFO  handler.ContextHandler (ContextHandler.java:doStop(910)) - Stopped o.e.j.s.ServletContextHandler@44abdb1f{/static,jar:file:/home/user/.m2/repository/org/apache/hadoop/hadoop-hdds-container-service/0.5.0-SNAPSHOT/hadoop-hdds-container-service-0.5.0-SNAPSHOT.jar!/webapps/static,UNAVAILABLE}
2019-09-09 07:58:44,770 [ForkJoinPool.commonPool-worker-1] INFO  handler.ContextHandler (ContextHandler.java:doStop(910)) - Stopped o.e.j.s.ServletContextHandler@1a4083f6{/logs,file:///workdir/hadoop-ozone/integration-test/target/log,UNAVAILABLE}
2019-09-09 07:58:44,777 [Datanode State Machine Thread - 0] INFO  statemachine.DatanodeStateMachine (DatanodeStateMachine.java:lambda$startDaemon$0(350)) - Ozone container server started.
2019-09-09 07:58:45,042 [grpc-default-executor-12] WARN  server.GrpcLogAppender (LogUtils.java:warn(134)) - 4d1035ec-513f-4ae8-938d-98e92fb6b91b->98e6b70b-d673-4309-9f24-a1a199b24062: Failed appendEntries: org.apache.ratis.thirdparty.io.grpc.StatusRuntimeException: UNAVAILABLE: io exception
2019-09-09 07:58:45,042 [grpc-default-executor-12] INFO  impl.FollowerInfo (FollowerInfo.java:lambda$new$0(50)) - 4d1035ec-513f-4ae8-938d-98e92fb6b91b->98e6b70b-d673-4309-9f24-a1a199b24062: nextIndex: updateUnconditionally 6 -> 5
2019-09-09 07:58:45,482 [Datanode State Machine Thread - 0] INFO  statemachine.DatanodeStateMachine (DatanodeStateMachine.java:lambda$startDaemon$0(350)) - Ozone container server started.
2019-09-09 07:58:47,485 [grpc-default-executor-11] WARN  server.GrpcLogAppender (LogUtils.java:warn(134)) - 4d1035ec-513f-4ae8-938d-98e92fb6b91b->98e6b70b-d673-4309-9f24-a1a199b24062: Failed appendEntries: org.apache.ratis.thirdparty.io.grpc.StatusRuntimeException: UNAVAILABLE: io exception
2019-09-09 07:58:47,485 [grpc-default-executor-11] INFO  impl.FollowerInfo (FollowerInfo.java:lambda$new$0(50)) - 4d1035ec-513f-4ae8-938d-98e92fb6b91b->98e6b70b-d673-4309-9f24-a1a199b24062: nextIndex: updateUnconditionally 6 -> 5
2019-09-09 07:58:47,496 [grpc-default-executor-12] WARN  server.GrpcLogAppender (LogUtils.java:warn(134)) - 4d1035ec-513f-4ae8-938d-98e92fb6b91b->98e6b70b-d673-4309-9f24-a1a199b24062: Failed appendEntries: org.apache.ratis.thirdparty.io.grpc.StatusRuntimeException: UNAVAILABLE: io exception
2019-09-09 07:58:47,496 [grpc-default-executor-12] INFO  impl.FollowerInfo (FollowerInfo.java:lambda$new$0(50)) - 4d1035ec-513f-4ae8-938d-98e92fb6b91b->98e6b70b-d673-4309-9f24-a1a199b24062: nextIndex: updateUnconditionally 6 -> 5
2019-09-09 07:58:47,506 [grpc-default-executor-11] WARN  server.GrpcLogAppender (LogUtils.java:warn(134)) - 4d1035ec-513f-4ae8-938d-98e92fb6b91b->98e6b70b-d673-4309-9f24-a1a199b24062: Failed appendEntries: org.apache.ratis.thirdparty.io.grpc.StatusRuntimeException: UNAVAILABLE: io exception
2019-09-09 07:58:47,506 [grpc-default-executor-11] INFO  impl.FollowerInfo (FollowerInfo.java:lambda$new$0(50)) - 4d1035ec-513f-4ae8-938d-98e92fb6b91b->98e6b70b-d673-4309-9f24-a1a199b24062: nextIndex: updateUnconditionally 6 -> 5
2019-09-09 07:58:47,519 [RatisApplyTransactionExecutor 2] INFO  interfaces.Container (KeyValueContainer.java:flushAndSyncDB(382)) - Container 2 is synced with bcsId 4.
2019-09-09 07:58:47,519 [RatisApplyTransactionExecutor 2] INFO  interfaces.Container (KeyValueContainer.java:flushAndSyncDB(382)) - Container 2 is synced with bcsId 4.
2019-09-09 07:58:47,532 [RatisApplyTransactionExecutor 2] INFO  interfaces.Container (KeyValueContainer.java:flushAndSyncDB(382)) - Container 2 is synced with bcsId 4.
2019-09-09 07:58:47,532 [RatisApplyTransactionExecutor 2] INFO  interfaces.Container (KeyValueContainer.java:flushAndSyncDB(382)) - Container 2 is synced with bcsId 4.
2019-09-09 07:58:47,533 [EventQueue-IncrementalContainerReportForIncrementalContainerReportHandler] INFO  container.IncrementalContainerReportHandler (AbstractContainerReportHandler.java:updateContainerState(176)) - Moving container #2 to CLOSED state, datanode 4d1035ec-513f-4ae8-938d-98e92fb6b91b{ip: 192.168.69.102, host: pr-hdds-2007-qlx9r-406833628, networkLocation: /default-rack, certSerialId: null} reported CLOSED replica.
2019-09-09 07:58:48,797 [EventQueue-StaleNodeForStaleNodeHandler] INFO  node.StaleNodeHandler (StaleNodeHandler.java:onMessage(58)) - Datanode b1439841-d28e-4b57-8db6-1dcfa6542f23{ip: 192.168.69.102, host: pr-hdds-2007-qlx9r-406833628, networkLocation: /default-rack, certSerialId: null} moved to stale state. Finalizing its pipelines [PipelineID=d1fdfdc5-9a34-4fc9-94d4-87007d28d0f3, PipelineID=714eb89a-1d51-48ca-9760-7c7bbd780ac3]
2019-09-09 07:58:48,797 [EventQueue-StaleNodeForStaleNodeHandler] INFO  pipeline.SCMPipelineManager (SCMPipelineManager.java:finalizeAndDestroyPipeline(311)) - destroying pipeline:Pipeline[ Id: d1fdfdc5-9a34-4fc9-94d4-87007d28d0f3, Nodes: ec91b32c-f877-45bd-adae-663f9529a22c{ip: 192.168.69.102, host: pr-hdds-2007-qlx9r-406833628, networkLocation: /default-rack, certSerialId: null}b1439841-d28e-4b57-8db6-1dcfa6542f23{ip: 192.168.69.102, host: pr-hdds-2007-qlx9r-406833628, networkLocation: /default-rack, certSerialId: null}087e4cee-409e-406d-bef1-b586fff3463e{ip: 192.168.69.102, host: pr-hdds-2007-qlx9r-406833628, networkLocation: /default-rack, certSerialId: null}, Type:RATIS, Factor:THREE, State:OPEN]
2019-09-09 07:58:48,797 [EventQueue-StaleNodeForStaleNodeHandler] INFO  pipeline.PipelineStateManager (PipelineStateManager.java:finalizePipeline(123)) - Pipeline Pipeline[ Id: d1fdfdc5-9a34-4fc9-94d4-87007d28d0f3, Nodes: ec91b32c-f877-45bd-adae-663f9529a22c{ip: 192.168.69.102, host: pr-hdds-2007-qlx9r-406833628, networkLocation: /default-rack, certSerialId: null}b1439841-d28e-4b57-8db6-1dcfa6542f23{ip: 192.168.69.102, host: pr-hdds-2007-qlx9r-406833628, networkLocation: /default-rack, certSerialId: null}087e4cee-409e-406d-bef1-b586fff3463e{ip: 192.168.69.102, host: pr-hdds-2007-qlx9r-406833628, networkLocation: /default-rack, certSerialId: null}, Type:RATIS, Factor:THREE, State:CLOSED] moved to CLOSED state
2019-09-09 07:58:48,797 [EventQueue-CloseContainerForCloseContainerEventHandler] INFO  container.CloseContainerEventHandler (CloseContainerEventHandler.java:onMessage(61)) - Close container Event triggered for container : #1
2019-09-09 07:58:48,797 [EventQueue-StaleNodeForStaleNodeHandler] INFO  pipeline.SCMPipelineManager (SCMPipelineManager.java:finalizeAndDestroyPipeline(311)) - destroying pipeline:Pipeline[ Id: 714eb89a-1d51-48ca-9760-7c7bbd780ac3, Nodes: b1439841-d28e-4b57-8db6-1dcfa6542f23{ip: 192.168.69.102, host: pr-hdds-2007-qlx9r-406833628, networkLocation: /default-rack, certSerialId: null}, Type:RATIS, Factor:ONE, State:OPEN]
2019-09-09 07:58:48,798 [EventQueue-StaleNodeForStaleNodeHandler] INFO  pipeline.PipelineStateManager (PipelineStateManager.java:finalizePipeline(123)) - Pipeline Pipeline[ Id: 714eb89a-1d51-48ca-9760-7c7bbd780ac3, Nodes: b1439841-d28e-4b57-8db6-1dcfa6542f23{ip: 192.168.69.102, host: pr-hdds-2007-qlx9r-406833628, networkLocation: /default-rack, certSerialId: null}, Type:RATIS, Factor:ONE, State:CLOSED] moved to CLOSED state
2019-09-09 07:58:49,498 [EventQueue-StaleNodeForStaleNodeHandler] INFO  node.StaleNodeHandler (StaleNodeHandler.java:onMessage(58)) - Datanode 49246196-984b-451c-bd71-1d62e0d13355{ip: 192.168.69.102, host: pr-hdds-2007-qlx9r-406833628, networkLocation: /default-rack, certSerialId: null} moved to stale state. Finalizing its pipelines [PipelineID=68b7da5e-3e2c-4c1a-b5ef-89b0afffad7e, PipelineID=c9ba5001-7c50-4b87-a352-4ca054b1428d]
2019-09-09 07:58:49,498 [EventQueue-StaleNodeForStaleNodeHandler] INFO  pipeline.SCMPipelineManager (SCMPipelineManager.java:finalizeAndDestroyPipeline(311)) - destroying pipeline:Pipeline[ Id: 68b7da5e-3e2c-4c1a-b5ef-89b0afffad7e, Nodes: 49246196-984b-451c-bd71-1d62e0d13355{ip: 192.168.69.102, host: pr-hdds-2007-qlx9r-406833628, networkLocation: /default-rack, certSerialId: null}, Type:RATIS, Factor:ONE, State:OPEN]
2019-09-09 07:58:49,498 [EventQueue-StaleNodeForStaleNodeHandler] INFO  pipeline.PipelineStateManager (PipelineStateManager.java:finalizePipeline(123)) - Pipeline Pipeline[ Id: 68b7da5e-3e2c-4c1a-b5ef-89b0afffad7e, Nodes: 49246196-984b-451c-bd71-1d62e0d13355{ip: 192.168.69.102, host: pr-hdds-2007-qlx9r-406833628, networkLocation: /default-rack, certSerialId: null}, Type:RATIS, Factor:ONE, State:CLOSED] moved to CLOSED state
2019-09-09 07:58:49,498 [EventQueue-StaleNodeForStaleNodeHandler] INFO  pipeline.SCMPipelineManager (SCMPipelineManager.java:finalizeAndDestroyPipeline(311)) - destroying pipeline:Pipeline[ Id: c9ba5001-7c50-4b87-a352-4ca054b1428d, Nodes: 4d1035ec-513f-4ae8-938d-98e92fb6b91b{ip: 192.168.69.102, host: pr-hdds-2007-qlx9r-406833628, networkLocation: /default-rack, certSerialId: null}98e6b70b-d673-4309-9f24-a1a199b24062{ip: 192.168.69.102, host: pr-hdds-2007-qlx9r-406833628, networkLocation: /default-rack, certSerialId: null}49246196-984b-451c-bd71-1d62e0d13355{ip: 192.168.69.102, host: pr-hdds-2007-qlx9r-406833628, networkLocation: /default-rack, certSerialId: null}, Type:RATIS, Factor:THREE, State:CLOSED]
2019-09-09 07:58:49,749 [main] INFO  ozoneimpl.OzoneContainer (OzoneContainer.java:stop(215)) - Attempting to stop container services.
2019-09-09 07:58:49,749 [main] INFO  impl.RaftServerProxy (RaftServerProxy.java:lambda$close$4(314)) - b1439841-d28e-4b57-8db6-1dcfa6542f23: close
2019-09-09 07:58:49,751 [main] INFO  impl.RaftServerImpl (RaftServerImpl.java:lambda$shutdown$3(245)) - b1439841-d28e-4b57-8db6-1dcfa6542f23: shutdown group-87007D28D0F3
2019-09-09 07:58:49,751 [main] INFO  util.JmxRegister (JmxRegister.java:unregister(73)) - Successfully un-registered JMX Bean with object name Ratis:service=RaftServer,group=group-87007D28D0F3,id=b1439841-d28e-4b57-8db6-1dcfa6542f23
2019-09-09 07:58:49,751 [main] INFO  impl.RoleInfo (RoleInfo.java:shutdownFollowerState(121)) - b1439841-d28e-4b57-8db6-1dcfa6542f23: shutdown FollowerState
2019-09-09 07:58:49,752 [main] INFO  impl.StateMachineUpdater (StateMachineUpdater.java:stopAndJoin(115)) - StateMachineUpdater:b1439841-d28e-4b57-8db6-1dcfa6542f23:group-87007D28D0F3: set stopIndex = 6
2019-09-09 07:58:49,752 [StateMachineUpdater:b1439841-d28e-4b57-8db6-1dcfa6542f23:group-87007D28D0F3] INFO  ratis.ContainerStateMachine (ContainerStateMachine.java:takeSnapshot(284)) - group-87007D28D0F3: Taking a snapshot at:(t:1, i:6) file /workdir/hadoop-ozone/integration-test/target/test-dir/MiniOzoneClusterImpl-e70ec129-6ead-427c-a372-e351fbe58a4c/datanode-3/data/ratis/d1fdfdc5-9a34-4fc9-94d4-87007d28d0f3/sm/snapshot.1_6
2019-09-09 07:58:49,752 [Thread-4987] INFO  impl.FollowerState (FollowerState.java:run(114)) - b1439841-d28e-4b57-8db6-1dcfa6542f23: FollowerState was interrupted: java.lang.InterruptedException: sleep interrupted
2019-09-09 07:58:49,772 [ForkJoinPool.commonPool-worker-1] INFO  ozoneimpl.OzoneContainer (OzoneContainer.java:stop(215)) - Attempting to stop container services.
2019-09-09 07:58:49,772 [ForkJoinPool.commonPool-worker-1] INFO  impl.RaftServerProxy (RaftServerProxy.java:lambda$close$4(314)) - 49246196-984b-451c-bd71-1d62e0d13355: close
2019-09-09 07:58:49,772 [ForkJoinPool.commonPool-worker-1] INFO  impl.RaftServerImpl (RaftServerImpl.java:lambda$shutdown$3(245)) - 49246196-984b-451c-bd71-1d62e0d13355: shutdown group-89B0AFFFAD7E
2019-09-09 07:58:49,772 [ForkJoinPool.commonPool-worker-1] INFO  util.JmxRegister (JmxRegister.java:unregister(73)) - Successfully un-registered JMX Bean with object name Ratis:service=RaftServer,group=group-89B0AFFFAD7E,id=49246196-984b-451c-bd71-1d62e0d13355
2019-09-09 07:58:49,772 [ForkJoinPool.commonPool-worker-1] INFO  impl.RoleInfo (RoleInfo.java:shutdownLeaderState(104)) - 49246196-984b-451c-bd71-1d62e0d13355: shutdown LeaderState
2019-09-09 07:58:49,773 [ForkJoinPool.commonPool-worker-1] INFO  impl.PendingRequests (PendingRequests.java:sendNotLeaderResponses(202)) - 49246196-984b-451c-bd71-1d62e0d13355-PendingRequests: sendNotLeaderResponses
2019-09-09 07:58:49,773 [ForkJoinPool.commonPool-worker-1] INFO  impl.StateMachineUpdater (StateMachineUpdater.java:stopAndJoin(115)) - StateMachineUpdater:49246196-984b-451c-bd71-1d62e0d13355:group-89B0AFFFAD7E: set stopIndex = 0
2019-09-09 07:58:49,773 [ForkJoinPool.commonPool-worker-1] INFO  impl.RaftServerImpl (ServerState.java:close(394)) - 49246196-984b-451c-bd71-1d62e0d13355:group-89B0AFFFAD7E closes. The last applied log index is 0
2019-09-09 07:58:49,773 [49246196-984b-451c-bd71-1d62e0d13355-SegmentedRaftLogWorker:Storage Directory /workdir/hadoop-ozone/integration-test/target/test-dir/MiniOzoneClusterImpl-e70ec129-6ead-427c-a372-e351fbe58a4c/datanode-2/data/ratis/68b7da5e-3e2c-4c1a-b5ef-89b0afffad7e] INFO  segmented.SegmentedRaftLogWorker (SegmentedRaftLogWorker.java:run(313)) - 49246196-984b-451c-bd71-1d62e0d13355-SegmentedRaftLogWorker:Storage Directory /workdir/hadoop-ozone/integration-test/target/test-dir/MiniOzoneClusterImpl-e70ec129-6ead-427c-a372-e351fbe58a4c/datanode-2/data/ratis/68b7da5e-3e2c-4c1a-b5ef-89b0afffad7e was interrupted, exiting. There are 0 tasks remaining in the queue.
2019-09-09 07:58:49,777 [ForkJoinPool.commonPool-worker-1] INFO  segmented.SegmentedRaftLogWorker (SegmentedRaftLogWorker.java:close(228)) - 49246196-984b-451c-bd71-1d62e0d13355-SegmentedRaftLogWorker:Storage Directory /workdir/hadoop-ozone/integration-test/target/test-dir/MiniOzoneClusterImpl-e70ec129-6ead-427c-a372-e351fbe58a4c/datanode-2/data/ratis/68b7da5e-3e2c-4c1a-b5ef-89b0afffad7e close()
2019-09-09 07:58:49,780 [ForkJoinPool.commonPool-worker-1] INFO  impl.RaftServerImpl (RaftServerImpl.java:lambda$shutdown$3(245)) - 49246196-984b-451c-bd71-1d62e0d13355: shutdown group-4CA054B1428D
2019-09-09 07:58:49,780 [ForkJoinPool.commonPool-worker-1] INFO  util.JmxRegister (JmxRegister.java:unregister(73)) - Successfully un-registered JMX Bean with object name Ratis:service=RaftServer,group=group-4CA054B1428D,id=49246196-984b-451c-bd71-1d62e0d13355
2019-09-09 07:58:49,780 [ForkJoinPool.commonPool-worker-1] INFO  impl.RoleInfo (RoleInfo.java:shutdownFollowerState(121)) - 49246196-984b-451c-bd71-1d62e0d13355: shutdown FollowerState
2019-09-09 07:58:49,781 [ForkJoinPool.commonPool-worker-1] INFO  impl.StateMachineUpdater (StateMachineUpdater.java:stopAndJoin(115)) - StateMachineUpdater:49246196-984b-451c-bd71-1d62e0d13355:group-4CA054B1428D: set stopIndex = 7
2019-09-09 07:58:49,781 [Thread-4958] INFO  impl.FollowerState (FollowerState.java:run(114)) - 49246196-984b-451c-bd71-1d62e0d13355: FollowerState was interrupted: java.lang.InterruptedException: sleep interrupted
2019-09-09 07:58:49,781 [StateMachineUpdater:49246196-984b-451c-bd71-1d62e0d13355:group-4CA054B1428D] INFO  ratis.ContainerStateMachine (ContainerStateMachine.java:takeSnapshot(284)) - group-4CA054B1428D: Taking a snapshot at:(t:1, i:7) file /workdir/hadoop-ozone/integration-test/target/test-dir/MiniOzoneClusterImpl-e70ec129-6ead-427c-a372-e351fbe58a4c/datanode-2/data/ratis/c9ba5001-7c50-4b87-a352-4ca054b1428d/sm/snapshot.1_7
2019-09-09 07:58:49,799 [StateMachineUpdater:b1439841-d28e-4b57-8db6-1dcfa6542f23:group-87007D28D0F3] INFO  ratis.ContainerStateMachine (ContainerStateMachine.java:takeSnapshot(295)) - group-87007D28D0F3: Finished taking a snapshot at:(t:1, i:6) file:/workdir/hadoop-ozone/integration-test/target/test-dir/MiniOzoneClusterImpl-e70ec129-6ead-427c-a372-e351fbe58a4c/datanode-3/data/ratis/d1fdfdc5-9a34-4fc9-94d4-87007d28d0f3/sm/snapshot.1_6 time:47
2019-09-09 07:58:49,799 [StateMachineUpdater:b1439841-d28e-4b57-8db6-1dcfa6542f23:group-87007D28D0F3] INFO  impl.StateMachineUpdater (StateMachineUpdater.java:takeSnapshot(242)) - StateMachineUpdater:b1439841-d28e-4b57-8db6-1dcfa6542f23:group-87007D28D0F3: Took a snapshot at index 6
2019-09-09 07:58:49,799 [StateMachineUpdater:b1439841-d28e-4b57-8db6-1dcfa6542f23:group-87007D28D0F3] INFO  impl.StateMachineUpdater (StateMachineUpdater.java:lambda$new$0(80)) - StateMachineUpdater:b1439841-d28e-4b57-8db6-1dcfa6542f23:group-87007D28D0F3: snapshotIndex: updateIncreasingly -1 -> 6
2019-09-09 07:58:49,799 [main] INFO  impl.RaftServerImpl (ServerState.java:close(394)) - b1439841-d28e-4b57-8db6-1dcfa6542f23:group-87007D28D0F3 closes. The last applied log index is 6
2019-09-09 07:58:49,800 [b1439841-d28e-4b57-8db6-1dcfa6542f23-SegmentedRaftLogWorker:Storage Directory /workdir/hadoop-ozone/integration-test/target/test-dir/MiniOzoneClusterImpl-e70ec129-6ead-427c-a372-e351fbe58a4c/datanode-3/data/ratis/d1fdfdc5-9a34-4fc9-94d4-87007d28d0f3] INFO  segmented.SegmentedRaftLogWorker (SegmentedRaftLogWorker.java:run(313)) - b1439841-d28e-4b57-8db6-1dcfa6542f23-SegmentedRaftLogWorker:Storage Directory /workdir/hadoop-ozone/integration-test/target/test-dir/MiniOzoneClusterImpl-e70ec129-6ead-427c-a372-e351fbe58a4c/datanode-3/data/ratis/d1fdfdc5-9a34-4fc9-94d4-87007d28d0f3 was interrupted, exiting. There are 0 tasks remaining in the queue.
2019-09-09 07:58:49,802 [main] INFO  segmented.SegmentedRaftLogWorker (SegmentedRaftLogWorker.java:close(228)) - b1439841-d28e-4b57-8db6-1dcfa6542f23-SegmentedRaftLogWorker:Storage Directory /workdir/hadoop-ozone/integration-test/target/test-dir/MiniOzoneClusterImpl-e70ec129-6ead-427c-a372-e351fbe58a4c/datanode-3/data/ratis/d1fdfdc5-9a34-4fc9-94d4-87007d28d0f3 close()
2019-09-09 07:58:49,805 [main] INFO  impl.RaftServerImpl (RaftServerImpl.java:lambda$shutdown$3(245)) - b1439841-d28e-4b57-8db6-1dcfa6542f23: shutdown group-7C7BBD780AC3
2019-09-09 07:58:49,805 [main] INFO  util.JmxRegister (JmxRegister.java:unregister(73)) - Successfully un-registered JMX Bean with object name Ratis:service=RaftServer,group=group-7C7BBD780AC3,id=b1439841-d28e-4b57-8db6-1dcfa6542f23
2019-09-09 07:58:49,805 [main] INFO  impl.RoleInfo (RoleInfo.java:shutdownLeaderState(104)) - b1439841-d28e-4b57-8db6-1dcfa6542f23: shutdown LeaderState
2019-09-09 07:58:49,805 [main] INFO  impl.PendingRequests (PendingRequests.java:sendNotLeaderResponses(202)) - b1439841-d28e-4b57-8db6-1dcfa6542f23-PendingRequests: sendNotLeaderResponses
2019-09-09 07:58:49,806 [main] INFO  impl.StateMachineUpdater (StateMachineUpdater.java:stopAndJoin(115)) - StateMachineUpdater:b1439841-d28e-4b57-8db6-1dcfa6542f23:group-7C7BBD780AC3: set stopIndex = 0
2019-09-09 07:58:49,806 [main] INFO  impl.RaftServerImpl (ServerState.java:close(394)) - b1439841-d28e-4b57-8db6-1dcfa6542f23:group-7C7BBD780AC3 closes. The last applied log index is 0
2019-09-09 07:58:49,806 [b1439841-d28e-4b57-8db6-1dcfa6542f23-SegmentedRaftLogWorker:Storage Directory /workdir/hadoop-ozone/integration-test/target/test-dir/MiniOzoneClusterImpl-e70ec129-6ead-427c-a372-e351fbe58a4c/datanode-3/data/ratis/714eb89a-1d51-48ca-9760-7c7bbd780ac3] INFO  segmented.SegmentedRaftLogWorker (SegmentedRaftLogWorker.java:run(313)) - b1439841-d28e-4b57-8db6-1dcfa6542f23-SegmentedRaftLogWorker:Storage Directory /workdir/hadoop-ozone/integration-test/target/test-dir/MiniOzoneClusterImpl-e70ec129-6ead-427c-a372-e351fbe58a4c/datanode-3/data/ratis/714eb89a-1d51-48ca-9760-7c7bbd780ac3 was interrupted, exiting. There are 0 tasks remaining in the queue.
2019-09-09 07:58:49,808 [main] INFO  segmented.SegmentedRaftLogWorker (SegmentedRaftLogWorker.java:close(228)) - b1439841-d28e-4b57-8db6-1dcfa6542f23-SegmentedRaftLogWorker:Storage Directory /workdir/hadoop-ozone/integration-test/target/test-dir/MiniOzoneClusterImpl-e70ec129-6ead-427c-a372-e351fbe58a4c/datanode-3/data/ratis/714eb89a-1d51-48ca-9760-7c7bbd780ac3 close()
2019-09-09 07:58:49,811 [main] INFO  server.GrpcService (GrpcService.java:closeImpl(155)) - b1439841-d28e-4b57-8db6-1dcfa6542f23: shutdown server with port 35191 now
2019-09-09 07:58:49,811 [grpc-default-executor-12] WARN  server.GrpcServerProtocolService (LogUtils.java:warn(134)) - b1439841-d28e-4b57-8db6-1dcfa6542f23: appendEntries onError: org.apache.ratis.thirdparty.io.grpc.StatusRuntimeException: CANCELLED: cancelled before receiving half close
2019-09-09 07:58:49,811 [main] INFO  server.GrpcService (GrpcService.java:closeImpl(163)) - b1439841-d28e-4b57-8db6-1dcfa6542f23: shutdown server with port 35191 successfully
2019-09-09 07:58:49,811 [grpc-default-executor-11] WARN  server.GrpcLogAppender (LogUtils.java:warn(134)) - ec91b32c-f877-45bd-adae-663f9529a22c->b1439841-d28e-4b57-8db6-1dcfa6542f23: Failed appendEntries: org.apache.ratis.thirdparty.io.grpc.StatusRuntimeException: CANCELLED: HTTP/2 error code: CANCEL
Received Rst Stream
2019-09-09 07:58:49,812 [grpc-default-executor-11] INFO  impl.FollowerInfo (FollowerInfo.java:lambda$new$0(50)) - ec91b32c-f877-45bd-adae-663f9529a22c->b1439841-d28e-4b57-8db6-1dcfa6542f23: nextIndex: updateUnconditionally 7 -> 6
2019-09-09 07:58:49,813 [refreshUsed-/workdir/hadoop-ozone/integration-test/target/test-dir/MiniOzoneClusterImpl-e70ec129-6ead-427c-a372-e351fbe58a4c/datanode-3/data/containers] WARN  fs.CachingGetSpaceUsed (CachingGetSpaceUsed.java:run(183)) - Thread Interrupted waiting to refresh disk information: sleep interrupted
2019-09-09 07:58:49,813 [StateMachineUpdater:49246196-984b-451c-bd71-1d62e0d13355:group-4CA054B1428D] INFO  ratis.ContainerStateMachine (ContainerStateMachine.java:takeSnapshot(295)) - group-4CA054B1428D: Finished taking a snapshot at:(t:1, i:7) file:/workdir/hadoop-ozone/integration-test/target/test-dir/MiniOzoneClusterImpl-e70ec129-6ead-427c-a372-e351fbe58a4c/datanode-2/data/ratis/c9ba5001-7c50-4b87-a352-4ca054b1428d/sm/snapshot.1_7 time:32
2019-09-09 07:58:49,813 [StateMachineUpdater:49246196-984b-451c-bd71-1d62e0d13355:group-4CA054B1428D] INFO  impl.StateMachineUpdater (StateMachineUpdater.java:takeSnapshot(242)) - StateMachineUpdater:49246196-984b-451c-bd71-1d62e0d13355:group-4CA054B1428D: Took a snapshot at index 7
2019-09-09 07:58:49,813 [StateMachineUpdater:49246196-984b-451c-bd71-1d62e0d13355:group-4CA054B1428D] INFO  impl.StateMachineUpdater (StateMachineUpdater.java:lambda$new$0(80)) - StateMachineUpdater:49246196-984b-451c-bd71-1d62e0d13355:group-4CA054B1428D: snapshotIndex: updateIncreasingly -1 -> 7
2019-09-09 07:58:49,813 [ForkJoinPool.commonPool-worker-1] INFO  impl.RaftServerImpl (ServerState.java:close(394)) - 49246196-984b-451c-bd71-1d62e0d13355:group-4CA054B1428D closes. The last applied log index is 7
2019-09-09 07:58:49,814 [49246196-984b-451c-bd71-1d62e0d13355-SegmentedRaftLogWorker:Storage Directory /workdir/hadoop-ozone/integration-test/target/test-dir/MiniOzoneClusterImpl-e70ec129-6ead-427c-a372-e351fbe58a4c/datanode-2/data/ratis/c9ba5001-7c50-4b87-a352-4ca054b1428d] INFO  segmented.SegmentedRaftLogWorker (SegmentedRaftLogWorker.java:run(313)) - 49246196-984b-451c-bd71-1d62e0d13355-SegmentedRaftLogWorker:Storage Directory /workdir/hadoop-ozone/integration-test/target/test-dir/MiniOzoneClusterImpl-e70ec129-6ead-427c-a372-e351fbe58a4c/datanode-2/data/ratis/c9ba5001-7c50-4b87-a352-4ca054b1428d was interrupted, exiting. There are 0 tasks remaining in the queue.
2019-09-09 07:58:49,816 [ForkJoinPool.commonPool-worker-1] INFO  segmented.SegmentedRaftLogWorker (SegmentedRaftLogWorker.java:close(228)) - 49246196-984b-451c-bd71-1d62e0d13355-SegmentedRaftLogWorker:Storage Directory /workdir/hadoop-ozone/integration-test/target/test-dir/MiniOzoneClusterImpl-e70ec129-6ead-427c-a372-e351fbe58a4c/datanode-2/data/ratis/c9ba5001-7c50-4b87-a352-4ca054b1428d close()
2019-09-09 07:58:49,822 [ForkJoinPool.commonPool-worker-1] INFO  server.GrpcService (GrpcService.java:closeImpl(155)) - 49246196-984b-451c-bd71-1d62e0d13355: shutdown server with port 37585 now
2019-09-09 07:58:49,823 [grpc-default-executor-12] WARN  server.GrpcServerProtocolService (LogUtils.java:warn(134)) - 49246196-984b-451c-bd71-1d62e0d13355: appendEntries onError: org.apache.ratis.thirdparty.io.grpc.StatusRuntimeException: CANCELLED: cancelled before receiving half close
2019-09-09 07:58:49,823 [ForkJoinPool.commonPool-worker-1] INFO  server.GrpcService (GrpcService.java:closeImpl(163)) - 49246196-984b-451c-bd71-1d62e0d13355: shutdown server with port 37585 successfully
2019-09-09 07:58:49,823 [grpc-default-executor-11] WARN  server.GrpcLogAppender (LogUtils.java:warn(134)) - 4d1035ec-513f-4ae8-938d-98e92fb6b91b->49246196-984b-451c-bd71-1d62e0d13355: Failed appendEntries: org.apache.ratis.thirdparty.io.grpc.StatusRuntimeException: CANCELLED: HTTP/2 error code: CANCEL
Received Rst Stream
2019-09-09 07:58:49,823 [grpc-default-executor-11] INFO  impl.FollowerInfo (FollowerInfo.java:lambda$new$0(50)) - 4d1035ec-513f-4ae8-938d-98e92fb6b91b->49246196-984b-451c-bd71-1d62e0d13355: nextIndex: updateUnconditionally 9 -> 8
2019-09-09 07:58:49,824 [refreshUsed-/workdir/hadoop-ozone/integration-test/target/test-dir/MiniOzoneClusterImpl-e70ec129-6ead-427c-a372-e351fbe58a4c/datanode-2/data/containers] WARN  fs.CachingGetSpaceUsed (CachingGetSpaceUsed.java:run(183)) - Thread Interrupted waiting to refresh disk information: sleep interrupted
2019-09-09 07:58:49,834 [main] INFO  utils.BackgroundService (BackgroundService.java:shutdown(148)) - Shutting down service BlockDeletingService
2019-09-09 07:58:49,838 [main] INFO  statemachine.DatanodeStateMachine (DatanodeStateMachine.java:stopDaemon(395)) - Ozone container server stopped.
2019-09-09 07:58:49,839 [ForkJoinPool.commonPool-worker-1] INFO  utils.BackgroundService (BackgroundService.java:shutdown(148)) - Shutting down service BlockDeletingService
2019-09-09 07:58:49,842 [ForkJoinPool.commonPool-worker-1] INFO  statemachine.DatanodeStateMachine (DatanodeStateMachine.java:stopDaemon(395)) - Ozone container server stopped.
2019-09-09 07:58:49,844 [main] INFO  handler.ContextHandler (ContextHandler.java:doStop(910)) - Stopped o.e.j.w.WebAppContext@efe49ab{/,null,UNAVAILABLE}{/hddsDatanode}
2019-09-09 07:58:49,845 [ForkJoinPool.commonPool-worker-1] INFO  handler.ContextHandler (ContextHandler.java:doStop(910)) - Stopped o.e.j.w.WebAppContext@15f2a43f{/,null,UNAVAILABLE}{/hddsDatanode}
2019-09-09 07:58:49,846 [ForkJoinPool.commonPool-worker-1] INFO  server.AbstractConnector (AbstractConnector.java:doStop(318)) - Stopped ServerConnector@4c65d8e3{HTTP/1.1,[http/1.1]}{0.0.0.0:0}
2019-09-09 07:58:49,846 [main] INFO  server.AbstractConnector (AbstractConnector.java:doStop(318)) - Stopped ServerConnector@6dcf7b6a{HTTP/1.1,[http/1.1]}{0.0.0.0:0}
2019-09-09 07:58:49,846 [grpc-default-executor-10] WARN  server.GrpcLogAppender (LogUtils.java:warn(134)) - ec91b32c-f877-45bd-adae-663f9529a22c->b1439841-d28e-4b57-8db6-1dcfa6542f23: Failed appendEntries: org.apache.ratis.thirdparty.io.grpc.StatusRuntimeException: UNAVAILABLE: io exception
2019-09-09 07:58:49,846 [ForkJoinPool.commonPool-worker-1] INFO  handler.ContextHandler (ContextHandler.java:doStop(910)) - Stopped o.e.j.s.ServletContextHandler@270f28cf{/static,jar:file:/home/user/.m2/repository/org/apache/hadoop/hadoop-hdds-container-service/0.5.0-SNAPSHOT/hadoop-hdds-container-service-0.5.0-SNAPSHOT.jar!/webapps/static,UNAVAILABLE}
2019-09-09 07:58:49,846 [grpc-default-executor-10] INFO  impl.FollowerInfo (FollowerInfo.java:lambda$new$0(50)) - ec91b32c-f877-45bd-adae-663f9529a22c->b1439841-d28e-4b57-8db6-1dcfa6542f23: nextIndex: updateUnconditionally 6 -> 5
2019-09-09 07:58:49,846 [main] INFO  handler.ContextHandler (ContextHandler.java:doStop(910)) - Stopped o.e.j.s.ServletContextHandler@218df7d6{/static,jar:file:/home/user/.m2/repository/org/apache/hadoop/hadoop-hdds-container-service/0.5.0-SNAPSHOT/hadoop-hdds-container-service-0.5.0-SNAPSHOT.jar!/webapps/static,UNAVAILABLE}
2019-09-09 07:58:49,847 [ForkJoinPool.commonPool-worker-1] INFO  handler.ContextHandler (ContextHandler.java:doStop(910)) - Stopped o.e.j.s.ServletContextHandler@8bc0696{/logs,file:///workdir/hadoop-ozone/integration-test/target/log,UNAVAILABLE}
2019-09-09 07:58:49,847 [main] INFO  handler.ContextHandler (ContextHandler.java:doStop(910)) - Stopped o.e.j.s.ServletContextHandler@1d1c37d5{/logs,file:///workdir/hadoop-ozone/integration-test/target/log,UNAVAILABLE}
2019-09-09 07:58:50,007 [grpc-default-executor-13] WARN  server.GrpcLogAppender (LogUtils.java:warn(134)) - 4d1035ec-513f-4ae8-938d-98e92fb6b91b->98e6b70b-d673-4309-9f24-a1a199b24062: Failed appendEntries: org.apache.ratis.thirdparty.io.grpc.StatusRuntimeException: UNAVAILABLE: io exception
2019-09-09 07:58:50,007 [grpc-default-executor-14] WARN  server.GrpcLogAppender (LogUtils.java:warn(134)) - 4d1035ec-513f-4ae8-938d-98e92fb6b91b->49246196-984b-451c-bd71-1d62e0d13355: Failed appendEntries: org.apache.ratis.thirdparty.io.grpc.StatusRuntimeException: UNAVAILABLE: io exception
2019-09-09 07:58:50,007 [grpc-default-executor-13] INFO  impl.FollowerInfo (FollowerInfo.java:lambda$new$0(50)) - 4d1035ec-513f-4ae8-938d-98e92fb6b91b->98e6b70b-d673-4309-9f24-a1a199b24062: nextIndex: updateUnconditionally 5 -> 4
2019-09-09 07:58:50,007 [grpc-default-executor-14] INFO  impl.FollowerInfo (FollowerInfo.java:lambda$new$0(50)) - 4d1035ec-513f-4ae8-938d-98e92fb6b91b->49246196-984b-451c-bd71-1d62e0d13355: nextIndex: updateUnconditionally 8 -> 7
2019-09-09 07:58:50,533 [Datanode State Machine Thread - 0] INFO  statemachine.DatanodeStateMachine (DatanodeStateMachine.java:lambda$startDaemon$0(350)) - Ozone container server started.
2019-09-09 07:58:50,779 [Datanode State Machine Thread - 0] INFO  statemachine.DatanodeStateMachine (DatanodeStateMachine.java:lambda$startDaemon$0(350)) - Ozone container server started.
2019-09-09 07:58:50,798 [grpc-default-executor-12] WARN  server.GrpcLogAppender (LogUtils.java:warn(134)) - ec91b32c-f877-45bd-adae-663f9529a22c->b1439841-d28e-4b57-8db6-1dcfa6542f23: Failed appendEntries: org.apache.ratis.thirdparty.io.grpc.StatusRuntimeException: UNAVAILABLE: io exception
2019-09-09 07:58:50,798 [grpc-default-executor-12] INFO  impl.FollowerInfo (FollowerInfo.java:lambda$new$0(50)) - ec91b32c-f877-45bd-adae-663f9529a22c->b1439841-d28e-4b57-8db6-1dcfa6542f23: nextIndex: updateUnconditionally 6 -> 5
2019-09-09 07:58:50,805 [grpc-default-executor-14] WARN  server.GrpcLogAppender (LogUtils.java:warn(134)) - ec91b32c-f877-45bd-adae-663f9529a22c->b1439841-d28e-4b57-8db6-1dcfa6542f23: Failed appendEntries: org.apache.ratis.thirdparty.io.grpc.StatusRuntimeException: UNAVAILABLE: io exception
2019-09-09 07:58:50,805 [grpc-default-executor-14] INFO  impl.FollowerInfo (FollowerInfo.java:lambda$new$0(50)) - ec91b32c-f877-45bd-adae-663f9529a22c->b1439841-d28e-4b57-8db6-1dcfa6542f23: nextIndex: updateUnconditionally 6 -> 5
2019-09-09 07:58:50,809 [grpc-default-executor-14] WARN  server.GrpcLogAppender (LogUtils.java:warn(134)) - ec91b32c-f877-45bd-adae-663f9529a22c->b1439841-d28e-4b57-8db6-1dcfa6542f23: Failed appendEntries: org.apache.ratis.thirdparty.io.grpc.StatusRuntimeException: UNAVAILABLE: io exception
2019-09-09 07:58:50,809 [grpc-default-executor-14] INFO  impl.FollowerInfo (FollowerInfo.java:lambda$new$0(50)) - ec91b32c-f877-45bd-adae-663f9529a22c->b1439841-d28e-4b57-8db6-1dcfa6542f23: nextIndex: updateUnconditionally 6 -> 5
2019-09-09 07:58:50,817 [RatisApplyTransactionExecutor 1] INFO  interfaces.Container (KeyValueContainer.java:flushAndSyncDB(382)) - Container 1 is synced with bcsId 4.
2019-09-09 07:58:50,817 [RatisApplyTransactionExecutor 1] INFO  interfaces.Container (KeyValueContainer.java:flushAndSyncDB(382)) - Container 1 is synced with bcsId 4.
2019-09-09 07:58:50,831 [RatisApplyTransactionExecutor 1] INFO  interfaces.Container (KeyValueContainer.java:flushAndSyncDB(382)) - Container 1 is synced with bcsId 4.
2019-09-09 07:58:50,831 [RatisApplyTransactionExecutor 1] INFO  interfaces.Container (KeyValueContainer.java:flushAndSyncDB(382)) - Container 1 is synced with bcsId 4.
2019-09-09 07:58:50,832 [EventQueue-IncrementalContainerReportForIncrementalContainerReportHandler] INFO  container.IncrementalContainerReportHandler (AbstractContainerReportHandler.java:updateContainerState(176)) - Moving container #1 to CLOSED state, datanode ec91b32c-f877-45bd-adae-663f9529a22c{ip: 192.168.69.102, host: pr-hdds-2007-qlx9r-406833628, networkLocation: /default-rack, certSerialId: null} reported CLOSED replica.
2019-09-09 07:58:52,507 [grpc-default-executor-11] WARN  server.GrpcLogAppender (LogUtils.java:warn(134)) - 4d1035ec-513f-4ae8-938d-98e92fb6b91b->98e6b70b-d673-4309-9f24-a1a199b24062: Failed appendEntries: org.apache.ratis.thirdparty.io.grpc.StatusRuntimeException: UNAVAILABLE: io exception
2019-09-09 07:58:52,507 [grpc-default-executor-10] WARN  server.GrpcLogAppender (LogUtils.java:warn(134)) - 4d1035ec-513f-4ae8-938d-98e92fb6b91b->49246196-984b-451c-bd71-1d62e0d13355: Failed appendEntries: org.apache.ratis.thirdparty.io.grpc.StatusRuntimeException: UNAVAILABLE: io exception
2019-09-09 07:58:52,507 [grpc-default-executor-11] INFO  impl.FollowerInfo (FollowerInfo.java:lambda$new$0(50)) - 4d1035ec-513f-4ae8-938d-98e92fb6b91b->98e6b70b-d673-4309-9f24-a1a199b24062: nextIndex: updateUnconditionally 4 -> 3
2019-09-09 07:58:52,507 [grpc-default-executor-10] INFO  impl.FollowerInfo (FollowerInfo.java:lambda$new$0(50)) - 4d1035ec-513f-4ae8-938d-98e92fb6b91b->49246196-984b-451c-bd71-1d62e0d13355: nextIndex: updateUnconditionally 7 -> 6
2019-09-09 07:58:53,310 [grpc-default-executor-12] WARN  server.GrpcLogAppender (LogUtils.java:warn(134)) - ec91b32c-f877-45bd-adae-663f9529a22c->b1439841-d28e-4b57-8db6-1dcfa6542f23: Failed appendEntries: org.apache.ratis.thirdparty.io.grpc.StatusRuntimeException: UNAVAILABLE: io exception
2019-09-09 07:58:53,310 [grpc-default-executor-12] INFO  impl.FollowerInfo (FollowerInfo.java:lambda$new$0(50)) - ec91b32c-f877-45bd-adae-663f9529a22c->b1439841-d28e-4b57-8db6-1dcfa6542f23: nextIndex: updateUnconditionally 5 -> 4
2019-09-09 07:58:54,603 [EventQueue-StaleNodeForStaleNodeHandler] INFO  node.StaleNodeHandler (StaleNodeHandler.java:onMessage(58)) - Datanode 4d1035ec-513f-4ae8-938d-98e92fb6b91b{ip: 192.168.69.102, host: pr-hdds-2007-qlx9r-406833628, networkLocation: /default-rack, certSerialId: null} moved to stale state. Finalizing its pipelines [PipelineID=c9ba5001-7c50-4b87-a352-4ca054b1428d, PipelineID=429c719c-772e-4e7d-82df-6f61b45e78ba]
2019-09-09 07:58:54,603 [EventQueue-StaleNodeForStaleNodeHandler] INFO  pipeline.SCMPipelineManager (SCMPipelineManager.java:finalizeAndDestroyPipeline(311)) - destroying pipeline:Pipeline[ Id: c9ba5001-7c50-4b87-a352-4ca054b1428d, Nodes: 4d1035ec-513f-4ae8-938d-98e92fb6b91b{ip: 192.168.69.102, host: pr-hdds-2007-qlx9r-406833628, networkLocation: /default-rack, certSerialId: null}98e6b70b-d673-4309-9f24-a1a199b24062{ip: 192.168.69.102, host: pr-hdds-2007-qlx9r-406833628, networkLocation: /default-rack, certSerialId: null}49246196-984b-451c-bd71-1d62e0d13355{ip: 192.168.69.102, host: pr-hdds-2007-qlx9r-406833628, networkLocation: /default-rack, certSerialId: null}, Type:RATIS, Factor:THREE, State:CLOSED]
2019-09-09 07:58:54,604 [EventQueue-StaleNodeForStaleNodeHandler] INFO  pipeline.SCMPipelineManager (SCMPipelineManager.java:finalizeAndDestroyPipeline(311)) - destroying pipeline:Pipeline[ Id: 429c719c-772e-4e7d-82df-6f61b45e78ba, Nodes: 4d1035ec-513f-4ae8-938d-98e92fb6b91b{ip: 192.168.69.102, host: pr-hdds-2007-qlx9r-406833628, networkLocation: /default-rack, certSerialId: null}, Type:RATIS, Factor:ONE, State:OPEN]
2019-09-09 07:58:54,604 [EventQueue-StaleNodeForStaleNodeHandler] INFO  pipeline.PipelineStateManager (PipelineStateManager.java:finalizePipeline(123)) - Pipeline Pipeline[ Id: 429c719c-772e-4e7d-82df-6f61b45e78ba, Nodes: 4d1035ec-513f-4ae8-938d-98e92fb6b91b{ip: 192.168.69.102, host: pr-hdds-2007-qlx9r-406833628, networkLocation: /default-rack, certSerialId: null}, Type:RATIS, Factor:ONE, State:CLOSED] moved to CLOSED state
2019-09-09 07:58:54,804 [EventQueue-StaleNodeForStaleNodeHandler] INFO  node.StaleNodeHandler (StaleNodeHandler.java:onMessage(58)) - Datanode 087e4cee-409e-406d-bef1-b586fff3463e{ip: 192.168.69.102, host: pr-hdds-2007-qlx9r-406833628, networkLocation: /default-rack, certSerialId: null} moved to stale state. Finalizing its pipelines [PipelineID=44567b5e-5836-406d-ba7a-7904374f7da7, PipelineID=d1fdfdc5-9a34-4fc9-94d4-87007d28d0f3]
2019-09-09 07:58:54,804 [EventQueue-StaleNodeForStaleNodeHandler] INFO  pipeline.SCMPipelineManager (SCMPipelineManager.java:finalizeAndDestroyPipeline(311)) - destroying pipeline:Pipeline[ Id: 44567b5e-5836-406d-ba7a-7904374f7da7, Nodes: 087e4cee-409e-406d-bef1-b586fff3463e{ip: 192.168.69.102, host: pr-hdds-2007-qlx9r-406833628, networkLocation: /default-rack, certSerialId: null}, Type:RATIS, Factor:ONE, State:OPEN]
2019-09-09 07:58:54,804 [EventQueue-StaleNodeForStaleNodeHandler] INFO  pipeline.PipelineStateManager (PipelineStateManager.java:finalizePipeline(123)) - Pipeline Pipeline[ Id: 44567b5e-5836-406d-ba7a-7904374f7da7, Nodes: 087e4cee-409e-406d-bef1-b586fff3463e{ip: 192.168.69.102, host: pr-hdds-2007-qlx9r-406833628, networkLocation: /default-rack, certSerialId: null}, Type:RATIS, Factor:ONE, State:CLOSED] moved to CLOSED state
2019-09-09 07:58:54,804 [EventQueue-StaleNodeForStaleNodeHandler] INFO  pipeline.SCMPipelineManager (SCMPipelineManager.java:finalizeAndDestroyPipeline(311)) - destroying pipeline:Pipeline[ Id: d1fdfdc5-9a34-4fc9-94d4-87007d28d0f3, Nodes: ec91b32c-f877-45bd-adae-663f9529a22c{ip: 192.168.69.102, host: pr-hdds-2007-qlx9r-406833628, networkLocation: /default-rack, certSerialId: null}b1439841-d28e-4b57-8db6-1dcfa6542f23{ip: 192.168.69.102, host: pr-hdds-2007-qlx9r-406833628, networkLocation: /default-rack, certSerialId: null}087e4cee-409e-406d-bef1-b586fff3463e{ip: 192.168.69.102, host: pr-hdds-2007-qlx9r-406833628, networkLocation: /default-rack, certSerialId: null}, Type:RATIS, Factor:THREE, State:CLOSED]
2019-09-09 07:58:54,848 [ForkJoinPool.commonPool-worker-1] INFO  ozoneimpl.OzoneContainer (OzoneContainer.java:stop(215)) - Attempting to stop container services.
2019-09-09 07:58:54,848 [main] INFO  ozoneimpl.OzoneContainer (OzoneContainer.java:stop(215)) - Attempting to stop container services.
2019-09-09 07:58:54,848 [ForkJoinPool.commonPool-worker-1] INFO  impl.RaftServerProxy (RaftServerProxy.java:lambda$close$4(314)) - 4d1035ec-513f-4ae8-938d-98e92fb6b91b: close
2019-09-09 07:58:54,849 [main] INFO  impl.RaftServerProxy (RaftServerProxy.java:lambda$close$4(314)) - 087e4cee-409e-406d-bef1-b586fff3463e: close
2019-09-09 07:58:54,849 [ForkJoinPool.commonPool-worker-1] INFO  impl.RaftServerImpl (RaftServerImpl.java:lambda$shutdown$3(245)) - 4d1035ec-513f-4ae8-938d-98e92fb6b91b: shutdown group-4CA054B1428D
2019-09-09 07:58:54,849 [main] INFO  impl.RaftServerImpl (RaftServerImpl.java:lambda$shutdown$3(245)) - 087e4cee-409e-406d-bef1-b586fff3463e: shutdown group-7904374F7DA7
2019-09-09 07:58:54,849 [ForkJoinPool.commonPool-worker-1] INFO  util.JmxRegister (JmxRegister.java:unregister(73)) - Successfully un-registered JMX Bean with object name Ratis:service=RaftServer,group=group-4CA054B1428D,id=4d1035ec-513f-4ae8-938d-98e92fb6b91b
2019-09-09 07:58:54,849 [main] INFO  util.JmxRegister (JmxRegister.java:unregister(73)) - Successfully un-registered JMX Bean with object name Ratis:service=RaftServer,group=group-7904374F7DA7,id=087e4cee-409e-406d-bef1-b586fff3463e
2019-09-09 07:58:54,850 [ForkJoinPool.commonPool-worker-1] INFO  impl.RoleInfo (RoleInfo.java:shutdownLeaderState(104)) - 4d1035ec-513f-4ae8-938d-98e92fb6b91b: shutdown LeaderState
2019-09-09 07:58:54,850 [main] INFO  impl.RoleInfo (RoleInfo.java:shutdownLeaderState(104)) - 087e4cee-409e-406d-bef1-b586fff3463e: shutdown LeaderState
2019-09-09 07:58:54,853 [org.apache.ratis.server.impl.LogAppender$AppenderDaemon$$Lambda$628/1340035024@604080fd] WARN  server.GrpcLogAppender (GrpcLogAppender.java:mayWait(143)) - GrpcLogAppender(4d1035ec-513f-4ae8-938d-98e92fb6b91b->49246196-984b-451c-bd71-1d62e0d13355): Wait interrupted by java.lang.InterruptedException
2019-09-09 07:58:54,853 [org.apache.ratis.server.impl.LogAppender$AppenderDaemon$$Lambda$628/1340035024@25421a31] WARN  server.GrpcLogAppender (GrpcLogAppender.java:mayWait(143)) - GrpcLogAppender(4d1035ec-513f-4ae8-938d-98e92fb6b91b->98e6b70b-d673-4309-9f24-a1a199b24062): Wait interrupted by java.lang.InterruptedException
2019-09-09 07:58:54,853 [ForkJoinPool.commonPool-worker-1] INFO  impl.PendingRequests (PendingRequests.java:sendNotLeaderResponses(202)) - 4d1035ec-513f-4ae8-938d-98e92fb6b91b-PendingRequests: sendNotLeaderResponses
2019-09-09 07:58:54,853 [main] INFO  impl.PendingRequests (PendingRequests.java:sendNotLeaderResponses(202)) - 087e4cee-409e-406d-bef1-b586fff3463e-PendingRequests: sendNotLeaderResponses
2019-09-09 07:58:54,855 [ForkJoinPool.commonPool-worker-1] INFO  impl.StateMachineUpdater (StateMachineUpdater.java:stopAndJoin(115)) - StateMachineUpdater:4d1035ec-513f-4ae8-938d-98e92fb6b91b:group-4CA054B1428D: set stopIndex = 8
2019-09-09 07:58:54,855 [StateMachineUpdater:4d1035ec-513f-4ae8-938d-98e92fb6b91b:group-4CA054B1428D] INFO  ratis.ContainerStateMachine (ContainerStateMachine.java:takeSnapshot(284)) - group-4CA054B1428D: Taking a snapshot at:(t:1, i:8) file /workdir/hadoop-ozone/integration-test/target/test-dir/MiniOzoneClusterImpl-e70ec129-6ead-427c-a372-e351fbe58a4c/datanode-0/data/ratis/c9ba5001-7c50-4b87-a352-4ca054b1428d/sm/snapshot.1_8
2019-09-09 07:58:54,855 [main] INFO  impl.StateMachineUpdater (StateMachineUpdater.java:stopAndJoin(115)) - StateMachineUpdater:087e4cee-409e-406d-bef1-b586fff3463e:group-7904374F7DA7: set stopIndex = 0
2019-09-09 07:58:54,856 [main] INFO  impl.RaftServerImpl (ServerState.java:close(394)) - 087e4cee-409e-406d-bef1-b586fff3463e:group-7904374F7DA7 closes. The last applied log index is 0
2019-09-09 07:58:54,856 [087e4cee-409e-406d-bef1-b586fff3463e-SegmentedRaftLogWorker:Storage Directory /workdir/hadoop-ozone/integration-test/target/test-dir/MiniOzoneClusterImpl-e70ec129-6ead-427c-a372-e351fbe58a4c/datanode-6/data/ratis/44567b5e-5836-406d-ba7a-7904374f7da7] INFO  segmented.SegmentedRaftLogWorker (SegmentedRaftLogWorker.java:run(313)) - 087e4cee-409e-406d-bef1-b586fff3463e-SegmentedRaftLogWorker:Storage Directory /workdir/hadoop-ozone/integration-test/target/test-dir/MiniOzoneClusterImpl-e70ec129-6ead-427c-a372-e351fbe58a4c/datanode-6/data/ratis/44567b5e-5836-406d-ba7a-7904374f7da7 was interrupted, exiting. There are 0 tasks remaining in the queue.
2019-09-09 07:58:54,858 [main] INFO  segmented.SegmentedRaftLogWorker (SegmentedRaftLogWorker.java:close(228)) - 087e4cee-409e-406d-bef1-b586fff3463e-SegmentedRaftLogWorker:Storage Directory /workdir/hadoop-ozone/integration-test/target/test-dir/MiniOzoneClusterImpl-e70ec129-6ead-427c-a372-e351fbe58a4c/datanode-6/data/ratis/44567b5e-5836-406d-ba7a-7904374f7da7 close()
2019-09-09 07:58:54,859 [main] INFO  impl.RaftServerImpl (RaftServerImpl.java:lambda$shutdown$3(245)) - 087e4cee-409e-406d-bef1-b586fff3463e: shutdown group-87007D28D0F3
2019-09-09 07:58:54,859 [main] INFO  util.JmxRegister (JmxRegister.java:unregister(73)) - Successfully un-registered JMX Bean with object name Ratis:service=RaftServer,group=group-87007D28D0F3,id=087e4cee-409e-406d-bef1-b586fff3463e
2019-09-09 07:58:54,859 [main] INFO  impl.RoleInfo (RoleInfo.java:shutdownFollowerState(121)) - 087e4cee-409e-406d-bef1-b586fff3463e: shutdown FollowerState
2019-09-09 07:58:54,860 [main] INFO  impl.StateMachineUpdater (StateMachineUpdater.java:stopAndJoin(115)) - StateMachineUpdater:087e4cee-409e-406d-bef1-b586fff3463e:group-87007D28D0F3: set stopIndex = 8
2019-09-09 07:58:54,860 [Thread-4986] INFO  impl.FollowerState (FollowerState.java:run(114)) - 087e4cee-409e-406d-bef1-b586fff3463e: FollowerState was interrupted: java.lang.InterruptedException: sleep interrupted
2019-09-09 07:58:54,860 [StateMachineUpdater:087e4cee-409e-406d-bef1-b586fff3463e:group-87007D28D0F3] INFO  ratis.ContainerStateMachine (ContainerStateMachine.java:takeSnapshot(284)) - group-87007D28D0F3: Taking a snapshot at:(t:1, i:7) file /workdir/hadoop-ozone/integration-test/target/test-dir/MiniOzoneClusterImpl-e70ec129-6ead-427c-a372-e351fbe58a4c/datanode-6/data/ratis/d1fdfdc5-9a34-4fc9-94d4-87007d28d0f3/sm/snapshot.1_7
2019-09-09 07:58:54,873 [StateMachineUpdater:4d1035ec-513f-4ae8-938d-98e92fb6b91b:group-4CA054B1428D] INFO  ratis.ContainerStateMachine (ContainerStateMachine.java:takeSnapshot(295)) - group-4CA054B1428D: Finished taking a snapshot at:(t:1, i:8) file:/workdir/hadoop-ozone/integration-test/target/test-dir/MiniOzoneClusterImpl-e70ec129-6ead-427c-a372-e351fbe58a4c/datanode-0/data/ratis/c9ba5001-7c50-4b87-a352-4ca054b1428d/sm/snapshot.1_8 time:18
2019-09-09 07:58:54,873 [StateMachineUpdater:4d1035ec-513f-4ae8-938d-98e92fb6b91b:group-4CA054B1428D] INFO  impl.StateMachineUpdater (StateMachineUpdater.java:takeSnapshot(242)) - StateMachineUpdater:4d1035ec-513f-4ae8-938d-98e92fb6b91b:group-4CA054B1428D: Took a snapshot at index 8
2019-09-09 07:58:54,873 [StateMachineUpdater:4d1035ec-513f-4ae8-938d-98e92fb6b91b:group-4CA054B1428D] INFO  impl.StateMachineUpdater (StateMachineUpdater.java:lambda$new$0(80)) - StateMachineUpdater:4d1035ec-513f-4ae8-938d-98e92fb6b91b:group-4CA054B1428D: snapshotIndex: updateIncreasingly -1 -> 8
2019-09-09 07:58:54,873 [ForkJoinPool.commonPool-worker-1] INFO  impl.RaftServerImpl (ServerState.java:close(394)) - 4d1035ec-513f-4ae8-938d-98e92fb6b91b:group-4CA054B1428D closes. The last applied log index is 8
2019-09-09 07:58:54,874 [4d1035ec-513f-4ae8-938d-98e92fb6b91b-SegmentedRaftLogWorker:Storage Directory /workdir/hadoop-ozone/integration-test/target/test-dir/MiniOzoneClusterImpl-e70ec129-6ead-427c-a372-e351fbe58a4c/datanode-0/data/ratis/c9ba5001-7c50-4b87-a352-4ca054b1428d] INFO  segmented.SegmentedRaftLogWorker (SegmentedRaftLogWorker.java:run(313)) - 4d1035ec-513f-4ae8-938d-98e92fb6b91b-SegmentedRaftLogWorker:Storage Directory /workdir/hadoop-ozone/integration-test/target/test-dir/MiniOzoneClusterImpl-e70ec129-6ead-427c-a372-e351fbe58a4c/datanode-0/data/ratis/c9ba5001-7c50-4b87-a352-4ca054b1428d was interrupted, exiting. There are 0 tasks remaining in the queue.
2019-09-09 07:58:54,875 [ForkJoinPool.commonPool-worker-1] INFO  segmented.SegmentedRaftLogWorker (SegmentedRaftLogWorker.java:close(228)) - 4d1035ec-513f-4ae8-938d-98e92fb6b91b-SegmentedRaftLogWorker:Storage Directory /workdir/hadoop-ozone/integration-test/target/test-dir/MiniOzoneClusterImpl-e70ec129-6ead-427c-a372-e351fbe58a4c/datanode-0/data/ratis/c9ba5001-7c50-4b87-a352-4ca054b1428d close()
2019-09-09 07:58:54,877 [ForkJoinPool.commonPool-worker-1] INFO  impl.RaftServerImpl (RaftServerImpl.java:lambda$shutdown$3(245)) - 4d1035ec-513f-4ae8-938d-98e92fb6b91b: shutdown group-6F61B45E78BA
2019-09-09 07:58:54,877 [ForkJoinPool.commonPool-worker-1] INFO  util.JmxRegister (JmxRegister.java:unregister(73)) - Successfully un-registered JMX Bean with object name Ratis:service=RaftServer,group=group-6F61B45E78BA,id=4d1035ec-513f-4ae8-938d-98e92fb6b91b
2019-09-09 07:58:54,877 [ForkJoinPool.commonPool-worker-1] INFO  impl.RoleInfo (RoleInfo.java:shutdownLeaderState(104)) - 4d1035ec-513f-4ae8-938d-98e92fb6b91b: shutdown LeaderState
2019-09-09 07:58:54,877 [ForkJoinPool.commonPool-worker-1] INFO  impl.PendingRequests (PendingRequests.java:sendNotLeaderResponses(202)) - 4d1035ec-513f-4ae8-938d-98e92fb6b91b-PendingRequests: sendNotLeaderResponses
2019-09-09 07:58:54,877 [ForkJoinPool.commonPool-worker-1] INFO  impl.StateMachineUpdater (StateMachineUpdater.java:stopAndJoin(115)) - StateMachineUpdater:4d1035ec-513f-4ae8-938d-98e92fb6b91b:group-6F61B45E78BA: set stopIndex = 0
2019-09-09 07:58:54,877 [ForkJoinPool.commonPool-worker-1] INFO  impl.RaftServerImpl (ServerState.java:close(394)) - 4d1035ec-513f-4ae8-938d-98e92fb6b91b:group-6F61B45E78BA closes. The last applied log index is 0
2019-09-09 07:58:54,878 [4d1035ec-513f-4ae8-938d-98e92fb6b91b-SegmentedRaftLogWorker:Storage Directory /workdir/hadoop-ozone/integration-test/target/test-dir/MiniOzoneClusterImpl-e70ec129-6ead-427c-a372-e351fbe58a4c/datanode-0/data/ratis/429c719c-772e-4e7d-82df-6f61b45e78ba] INFO  segmented.SegmentedRaftLogWorker (SegmentedRaftLogWorker.java:run(313)) - 4d1035ec-513f-4ae8-938d-98e92fb6b91b-SegmentedRaftLogWorker:Storage Directory /workdir/hadoop-ozone/integration-test/target/test-dir/MiniOzoneClusterImpl-e70ec129-6ead-427c-a372-e351fbe58a4c/datanode-0/data/ratis/429c719c-772e-4e7d-82df-6f61b45e78ba was interrupted, exiting. There are 0 tasks remaining in the queue.
2019-09-09 07:58:54,889 [ForkJoinPool.commonPool-worker-1] INFO  segmented.SegmentedRaftLogWorker (SegmentedRaftLogWorker.java:close(228)) - 4d1035ec-513f-4ae8-938d-98e92fb6b91b-SegmentedRaftLogWorker:Storage Directory /workdir/hadoop-ozone/integration-test/target/test-dir/MiniOzoneClusterImpl-e70ec129-6ead-427c-a372-e351fbe58a4c/datanode-0/data/ratis/429c719c-772e-4e7d-82df-6f61b45e78ba close()
2019-09-09 07:58:54,895 [StateMachineUpdater:087e4cee-409e-406d-bef1-b586fff3463e:group-87007D28D0F3] INFO  ratis.ContainerStateMachine (ContainerStateMachine.java:takeSnapshot(295)) - group-87007D28D0F3: Finished taking a snapshot at:(t:1, i:7) file:/workdir/hadoop-ozone/integration-test/target/test-dir/MiniOzoneClusterImpl-e70ec129-6ead-427c-a372-e351fbe58a4c/datanode-6/data/ratis/d1fdfdc5-9a34-4fc9-94d4-87007d28d0f3/sm/snapshot.1_7 time:36
2019-09-09 07:58:54,895 [ForkJoinPool.commonPool-worker-1] INFO  server.GrpcService (GrpcService.java:closeImpl(155)) - 4d1035ec-513f-4ae8-938d-98e92fb6b91b: shutdown server with port 42476 now
2019-09-09 07:58:54,895 [StateMachineUpdater:087e4cee-409e-406d-bef1-b586fff3463e:group-87007D28D0F3] INFO  impl.StateMachineUpdater (StateMachineUpdater.java:takeSnapshot(242)) - StateMachineUpdater:087e4cee-409e-406d-bef1-b586fff3463e:group-87007D28D0F3: Took a snapshot at index 7
2019-09-09 07:58:54,895 [StateMachineUpdater:087e4cee-409e-406d-bef1-b586fff3463e:group-87007D28D0F3] INFO  impl.StateMachineUpdater (StateMachineUpdater.java:lambda$new$0(80)) - StateMachineUpdater:087e4cee-409e-406d-bef1-b586fff3463e:group-87007D28D0F3: snapshotIndex: updateIncreasingly -1 -> 7
2019-09-09 07:58:54,895 [main] INFO  impl.RaftServerImpl (ServerState.java:close(394)) - 087e4cee-409e-406d-bef1-b586fff3463e:group-87007D28D0F3 closes. The last applied log index is 8
2019-09-09 07:58:54,896 [ForkJoinPool.commonPool-worker-1] INFO  server.GrpcService (GrpcService.java:closeImpl(163)) - 4d1035ec-513f-4ae8-938d-98e92fb6b91b: shutdown server with port 42476 successfully
2019-09-09 07:58:54,896 [grpc-default-executor-11] WARN  client.GrpcClientProtocolService (LogUtils.java:warn(134)) - 1-UnorderedRequestStreamObserver1: onError: org.apache.ratis.thirdparty.io.grpc.StatusRuntimeException: CANCELLED: cancelled before receiving half close
2019-09-09 07:58:54,896 [087e4cee-409e-406d-bef1-b586fff3463e-SegmentedRaftLogWorker:Storage Directory /workdir/hadoop-ozone/integration-test/target/test-dir/MiniOzoneClusterImpl-e70ec129-6ead-427c-a372-e351fbe58a4c/datanode-6/data/ratis/d1fdfdc5-9a34-4fc9-94d4-87007d28d0f3] INFO  segmented.SegmentedRaftLogWorker (SegmentedRaftLogWorker.java:run(313)) - 087e4cee-409e-406d-bef1-b586fff3463e-SegmentedRaftLogWorker:Storage Directory /workdir/hadoop-ozone/integration-test/target/test-dir/MiniOzoneClusterImpl-e70ec129-6ead-427c-a372-e351fbe58a4c/datanode-6/data/ratis/d1fdfdc5-9a34-4fc9-94d4-87007d28d0f3 was interrupted, exiting. There are 0 tasks remaining in the queue.
2019-09-09 07:58:54,896 [main] INFO  segmented.SegmentedRaftLogWorker (SegmentedRaftLogWorker.java:close(228)) - 087e4cee-409e-406d-bef1-b586fff3463e-SegmentedRaftLogWorker:Storage Directory /workdir/hadoop-ozone/integration-test/target/test-dir/MiniOzoneClusterImpl-e70ec129-6ead-427c-a372-e351fbe58a4c/datanode-6/data/ratis/d1fdfdc5-9a34-4fc9-94d4-87007d28d0f3 close()
2019-09-09 07:58:54,897 [main] INFO  server.GrpcService (GrpcService.java:closeImpl(155)) - 087e4cee-409e-406d-bef1-b586fff3463e: shutdown server with port 44977 now
2019-09-09 07:58:54,897 [refreshUsed-/workdir/hadoop-ozone/integration-test/target/test-dir/MiniOzoneClusterImpl-e70ec129-6ead-427c-a372-e351fbe58a4c/datanode-0/data/containers] WARN  fs.CachingGetSpaceUsed (CachingGetSpaceUsed.java:run(183)) - Thread Interrupted waiting to refresh disk information: sleep interrupted
2019-09-09 07:58:54,897 [main] INFO  server.GrpcService (GrpcService.java:closeImpl(163)) - 087e4cee-409e-406d-bef1-b586fff3463e: shutdown server with port 44977 successfully
2019-09-09 07:58:54,897 [grpc-default-executor-12] WARN  server.GrpcServerProtocolService (LogUtils.java:warn(134)) - 087e4cee-409e-406d-bef1-b586fff3463e: appendEntries onError: org.apache.ratis.thirdparty.io.grpc.StatusRuntimeException: CANCELLED: cancelled before receiving half close
2019-09-09 07:58:54,898 [grpc-default-executor-11] WARN  server.GrpcLogAppender (LogUtils.java:warn(134)) - ec91b32c-f877-45bd-adae-663f9529a22c->087e4cee-409e-406d-bef1-b586fff3463e: Failed appendEntries: org.apache.ratis.thirdparty.io.grpc.StatusRuntimeException: CANCELLED: HTTP/2 error code: CANCEL
Received Rst Stream
2019-09-09 07:58:54,898 [grpc-default-executor-11] INFO  impl.FollowerInfo (FollowerInfo.java:lambda$new$0(50)) - ec91b32c-f877-45bd-adae-663f9529a22c->087e4cee-409e-406d-bef1-b586fff3463e: nextIndex: updateUnconditionally 9 -> 8
2019-09-09 07:58:54,900 [refreshUsed-/workdir/hadoop-ozone/integration-test/target/test-dir/MiniOzoneClusterImpl-e70ec129-6ead-427c-a372-e351fbe58a4c/datanode-6/data/containers] WARN  fs.CachingGetSpaceUsed (CachingGetSpaceUsed.java:run(183)) - Thread Interrupted waiting to refresh disk information: sleep interrupted
2019-09-09 07:58:54,913 [ForkJoinPool.commonPool-worker-1] INFO  utils.BackgroundService (BackgroundService.java:shutdown(148)) - Shutting down service BlockDeletingService
2019-09-09 07:58:54,917 [ForkJoinPool.commonPool-worker-1] INFO  statemachine.DatanodeStateMachine (DatanodeStateMachine.java:stopDaemon(395)) - Ozone container server stopped.
2019-09-09 07:58:54,919 [ForkJoinPool.commonPool-worker-1] INFO  handler.ContextHandler (ContextHandler.java:doStop(910)) - Stopped o.e.j.w.WebAppContext@7ab33ca8{/,null,UNAVAILABLE}{/hddsDatanode}
2019-09-09 07:58:54,919 [main] INFO  utils.BackgroundService (BackgroundService.java:shutdown(148)) - Shutting down service BlockDeletingService
2019-09-09 07:58:54,919 [ForkJoinPool.commonPool-worker-1] INFO  server.AbstractConnector (AbstractConnector.java:doStop(318)) - Stopped ServerConnector@704d3b00{HTTP/1.1,[http/1.1]}{0.0.0.0:0}
2019-09-09 07:58:54,921 [ForkJoinPool.commonPool-worker-1] INFO  handler.ContextHandler (ContextHandler.java:doStop(910)) - Stopped o.e.j.s.ServletContextHandler@d84418a{/static,jar:file:/home/user/.m2/repository/org/apache/hadoop/hadoop-hdds-container-service/0.5.0-SNAPSHOT/hadoop-hdds-container-service-0.5.0-SNAPSHOT.jar!/webapps/static,UNAVAILABLE}
2019-09-09 07:58:54,922 [main] INFO  statemachine.DatanodeStateMachine (DatanodeStateMachine.java:stopDaemon(395)) - Ozone container server stopped.
2019-09-09 07:58:54,922 [ForkJoinPool.commonPool-worker-1] INFO  handler.ContextHandler (ContextHandler.java:doStop(910)) - Stopped o.e.j.s.ServletContextHandler@266da047{/logs,file:///workdir/hadoop-ozone/integration-test/target/log,UNAVAILABLE}
2019-09-09 07:58:54,923 [main] INFO  handler.ContextHandler (ContextHandler.java:doStop(910)) - Stopped o.e.j.w.WebAppContext@1a84a8b2{/,null,UNAVAILABLE}{/hddsDatanode}
2019-09-09 07:58:54,924 [main] INFO  server.AbstractConnector (AbstractConnector.java:doStop(318)) - Stopped ServerConnector@601d295{HTTP/1.1,[http/1.1]}{0.0.0.0:0}
2019-09-09 07:58:54,924 [main] INFO  handler.ContextHandler (ContextHandler.java:doStop(910)) - Stopped o.e.j.s.ServletContextHandler@74cd798f{/static,jar:file:/home/user/.m2/repository/org/apache/hadoop/hadoop-hdds-container-service/0.5.0-SNAPSHOT/hadoop-hdds-container-service-0.5.0-SNAPSHOT.jar!/webapps/static,UNAVAILABLE}
2019-09-09 07:58:54,924 [main] INFO  handler.ContextHandler (ContextHandler.java:doStop(910)) - Stopped o.e.j.s.ServletContextHandler@3ce7394f{/logs,file:///workdir/hadoop-ozone/integration-test/target/log,UNAVAILABLE}
2019-09-09 07:58:55,810 [grpc-default-executor-11] WARN  server.GrpcLogAppender (LogUtils.java:warn(134)) - ec91b32c-f877-45bd-adae-663f9529a22c->b1439841-d28e-4b57-8db6-1dcfa6542f23: Failed appendEntries: org.apache.ratis.thirdparty.io.grpc.StatusRuntimeException: UNAVAILABLE: io exception
2019-09-09 07:58:55,811 [grpc-default-executor-12] WARN  server.GrpcLogAppender (LogUtils.java:warn(134)) - ec91b32c-f877-45bd-adae-663f9529a22c->087e4cee-409e-406d-bef1-b586fff3463e: Failed appendEntries: org.apache.ratis.thirdparty.io.grpc.StatusRuntimeException: UNAVAILABLE: io exception
2019-09-09 07:58:55,811 [grpc-default-executor-11] INFO  impl.FollowerInfo (FollowerInfo.java:lambda$new$0(50)) - ec91b32c-f877-45bd-adae-663f9529a22c->b1439841-d28e-4b57-8db6-1dcfa6542f23: nextIndex: updateUnconditionally 4 -> 3
2019-09-09 07:58:55,811 [grpc-default-executor-12] INFO  impl.FollowerInfo (FollowerInfo.java:lambda$new$0(50)) - ec91b32c-f877-45bd-adae-663f9529a22c->087e4cee-409e-406d-bef1-b586fff3463e: nextIndex: updateUnconditionally 8 -> 7
2019-09-09 07:58:55,832 [Datanode State Machine Thread - 0] INFO  statemachine.DatanodeStateMachine (DatanodeStateMachine.java:lambda$startDaemon$0(350)) - Ozone container server started.
2019-09-09 07:58:58,311 [grpc-default-executor-14] WARN  server.GrpcLogAppender (LogUtils.java:warn(134)) - ec91b32c-f877-45bd-adae-663f9529a22c->b1439841-d28e-4b57-8db6-1dcfa6542f23: Failed appendEntries: org.apache.ratis.thirdparty.io.grpc.StatusRuntimeException: UNAVAILABLE: io exception
2019-09-09 07:58:58,311 [grpc-default-executor-10] WARN  server.GrpcLogAppender (LogUtils.java:warn(134)) - ec91b32c-f877-45bd-adae-663f9529a22c->087e4cee-409e-406d-bef1-b586fff3463e: Failed appendEntries: org.apache.ratis.thirdparty.io.grpc.StatusRuntimeException: UNAVAILABLE: io exception
2019-09-09 07:58:58,311 [grpc-default-executor-14] INFO  impl.FollowerInfo (FollowerInfo.java:lambda$new$0(50)) - ec91b32c-f877-45bd-adae-663f9529a22c->b1439841-d28e-4b57-8db6-1dcfa6542f23: nextIndex: updateUnconditionally 3 -> 2
2019-09-09 07:58:58,311 [grpc-default-executor-10] INFO  impl.FollowerInfo (FollowerInfo.java:lambda$new$0(50)) - ec91b32c-f877-45bd-adae-663f9529a22c->087e4cee-409e-406d-bef1-b586fff3463e: nextIndex: updateUnconditionally 7 -> 6
2019-09-09 07:58:59,910 [EventQueue-StaleNodeForStaleNodeHandler] INFO  node.StaleNodeHandler (StaleNodeHandler.java:onMessage(58)) - Datanode ec91b32c-f877-45bd-adae-663f9529a22c{ip: 192.168.69.102, host: pr-hdds-2007-qlx9r-406833628, networkLocation: /default-rack, certSerialId: null} moved to stale state. Finalizing its pipelines [PipelineID=d1fdfdc5-9a34-4fc9-94d4-87007d28d0f3, PipelineID=f1c75883-cdaa-4a83-8c7a-d3f5e08236ed]
2019-09-09 07:58:59,910 [EventQueue-StaleNodeForStaleNodeHandler] INFO  pipeline.SCMPipelineManager (SCMPipelineManager.java:finalizeAndDestroyPipeline(311)) - destroying pipeline:Pipeline[ Id: d1fdfdc5-9a34-4fc9-94d4-87007d28d0f3, Nodes: ec91b32c-f877-45bd-adae-663f9529a22c{ip: 192.168.69.102, host: pr-hdds-2007-qlx9r-406833628, networkLocation: /default-rack, certSerialId: null}b1439841-d28e-4b57-8db6-1dcfa6542f23{ip: 192.168.69.102, host: pr-hdds-2007-qlx9r-406833628, networkLocation: /default-rack, certSerialId: null}087e4cee-409e-406d-bef1-b586fff3463e{ip: 192.168.69.102, host: pr-hdds-2007-qlx9r-406833628, networkLocation: /default-rack, certSerialId: null}, Type:RATIS, Factor:THREE, State:CLOSED]
2019-09-09 07:58:59,910 [EventQueue-StaleNodeForStaleNodeHandler] INFO  pipeline.SCMPipelineManager (SCMPipelineManager.java:finalizeAndDestroyPipeline(311)) - destroying pipeline:Pipeline[ Id: f1c75883-cdaa-4a83-8c7a-d3f5e08236ed, Nodes: ec91b32c-f877-45bd-adae-663f9529a22c{ip: 192.168.69.102, host: pr-hdds-2007-qlx9r-406833628, networkLocation: /default-rack, certSerialId: null}, Type:RATIS, Factor:ONE, State:OPEN]
2019-09-09 07:58:59,911 [EventQueue-StaleNodeForStaleNodeHandler] INFO  pipeline.PipelineStateManager (PipelineStateManager.java:finalizePipeline(123)) - Pipeline Pipeline[ Id: f1c75883-cdaa-4a83-8c7a-d3f5e08236ed, Nodes: ec91b32c-f877-45bd-adae-663f9529a22c{ip: 192.168.69.102, host: pr-hdds-2007-qlx9r-406833628, networkLocation: /default-rack, certSerialId: null}, Type:RATIS, Factor:ONE, State:CLOSED] moved to CLOSED state
2019-09-09 07:58:59,924 [ForkJoinPool.commonPool-worker-1] INFO  ozoneimpl.OzoneContainer (OzoneContainer.java:stop(215)) - Attempting to stop container services.
2019-09-09 07:58:59,924 [ForkJoinPool.commonPool-worker-1] INFO  impl.RaftServerProxy (RaftServerProxy.java:lambda$close$4(314)) - ec91b32c-f877-45bd-adae-663f9529a22c: close
2019-09-09 07:58:59,924 [ForkJoinPool.commonPool-worker-1] INFO  impl.RaftServerImpl (RaftServerImpl.java:lambda$shutdown$3(245)) - ec91b32c-f877-45bd-adae-663f9529a22c: shutdown group-87007D28D0F3
2019-09-09 07:58:59,925 [ForkJoinPool.commonPool-worker-1] INFO  util.JmxRegister (JmxRegister.java:unregister(73)) - Successfully un-registered JMX Bean with object name Ratis:service=RaftServer,group=group-87007D28D0F3,id=ec91b32c-f877-45bd-adae-663f9529a22c
2019-09-09 07:58:59,925 [ForkJoinPool.commonPool-worker-1] INFO  impl.RoleInfo (RoleInfo.java:shutdownLeaderState(104)) - ec91b32c-f877-45bd-adae-663f9529a22c: shutdown LeaderState
2019-09-09 07:58:59,929 [org.apache.ratis.server.impl.LogAppender$AppenderDaemon$$Lambda$628/1340035024@9980797] WARN  server.GrpcLogAppender (GrpcLogAppender.java:mayWait(143)) - GrpcLogAppender(ec91b32c-f877-45bd-adae-663f9529a22c->b1439841-d28e-4b57-8db6-1dcfa6542f23): Wait interrupted by java.lang.InterruptedException
2019-09-09 07:58:59,929 [ForkJoinPool.commonPool-worker-1] INFO  impl.PendingRequests (PendingRequests.java:sendNotLeaderResponses(202)) - ec91b32c-f877-45bd-adae-663f9529a22c-PendingRequests: sendNotLeaderResponses
2019-09-09 07:58:59,929 [org.apache.ratis.server.impl.LogAppender$AppenderDaemon$$Lambda$628/1340035024@4c9a98c0] WARN  server.GrpcLogAppender (GrpcLogAppender.java:mayWait(143)) - GrpcLogAppender(ec91b32c-f877-45bd-adae-663f9529a22c->087e4cee-409e-406d-bef1-b586fff3463e): Wait interrupted by java.lang.InterruptedException
2019-09-09 07:58:59,932 [ForkJoinPool.commonPool-worker-1] INFO  impl.StateMachineUpdater (StateMachineUpdater.java:stopAndJoin(115)) - StateMachineUpdater:ec91b32c-f877-45bd-adae-663f9529a22c:group-87007D28D0F3: set stopIndex = 8
2019-09-09 07:58:59,932 [StateMachineUpdater:ec91b32c-f877-45bd-adae-663f9529a22c:group-87007D28D0F3] INFO  ratis.ContainerStateMachine (ContainerStateMachine.java:takeSnapshot(284)) - group-87007D28D0F3: Taking a snapshot at:(t:1, i:8) file /workdir/hadoop-ozone/integration-test/target/test-dir/MiniOzoneClusterImpl-e70ec129-6ead-427c-a372-e351fbe58a4c/datanode-5/data/ratis/d1fdfdc5-9a34-4fc9-94d4-87007d28d0f3/sm/snapshot.1_8
2019-09-09 07:58:59,956 [StateMachineUpdater:ec91b32c-f877-45bd-adae-663f9529a22c:group-87007D28D0F3] INFO  ratis.ContainerStateMachine (ContainerStateMachine.java:takeSnapshot(295)) - group-87007D28D0F3: Finished taking a snapshot at:(t:1, i:8) file:/workdir/hadoop-ozone/integration-test/target/test-dir/MiniOzoneClusterImpl-e70ec129-6ead-427c-a372-e351fbe58a4c/datanode-5/data/ratis/d1fdfdc5-9a34-4fc9-94d4-87007d28d0f3/sm/snapshot.1_8 time:23
2019-09-09 07:58:59,956 [StateMachineUpdater:ec91b32c-f877-45bd-adae-663f9529a22c:group-87007D28D0F3] INFO  impl.StateMachineUpdater (StateMachineUpdater.java:takeSnapshot(242)) - StateMachineUpdater:ec91b32c-f877-45bd-adae-663f9529a22c:group-87007D28D0F3: Took a snapshot at index 8
2019-09-09 07:58:59,956 [StateMachineUpdater:ec91b32c-f877-45bd-adae-663f9529a22c:group-87007D28D0F3] INFO  impl.StateMachineUpdater (StateMachineUpdater.java:lambda$new$0(80)) - StateMachineUpdater:ec91b32c-f877-45bd-adae-663f9529a22c:group-87007D28D0F3: snapshotIndex: updateIncreasingly -1 -> 8
2019-09-09 07:58:59,956 [ForkJoinPool.commonPool-worker-1] INFO  impl.RaftServerImpl (ServerState.java:close(394)) - ec91b32c-f877-45bd-adae-663f9529a22c:group-87007D28D0F3 closes. The last applied log index is 8
2019-09-09 07:58:59,957 [ec91b32c-f877-45bd-adae-663f9529a22c-SegmentedRaftLogWorker:Storage Directory /workdir/hadoop-ozone/integration-test/target/test-dir/MiniOzoneClusterImpl-e70ec129-6ead-427c-a372-e351fbe58a4c/datanode-5/data/ratis/d1fdfdc5-9a34-4fc9-94d4-87007d28d0f3] INFO  segmented.SegmentedRaftLogWorker (SegmentedRaftLogWorker.java:run(313)) - ec91b32c-f877-45bd-adae-663f9529a22c-SegmentedRaftLogWorker:Storage Directory /workdir/hadoop-ozone/integration-test/target/test-dir/MiniOzoneClusterImpl-e70ec129-6ead-427c-a372-e351fbe58a4c/datanode-5/data/ratis/d1fdfdc5-9a34-4fc9-94d4-87007d28d0f3 was interrupted, exiting. There are 0 tasks remaining in the queue.
2019-09-09 07:58:59,957 [ForkJoinPool.commonPool-worker-1] INFO  segmented.SegmentedRaftLogWorker (SegmentedRaftLogWorker.java:close(228)) - ec91b32c-f877-45bd-adae-663f9529a22c-SegmentedRaftLogWorker:Storage Directory /workdir/hadoop-ozone/integration-test/target/test-dir/MiniOzoneClusterImpl-e70ec129-6ead-427c-a372-e351fbe58a4c/datanode-5/data/ratis/d1fdfdc5-9a34-4fc9-94d4-87007d28d0f3 close()
2019-09-09 07:58:59,958 [ForkJoinPool.commonPool-worker-1] INFO  impl.RaftServerImpl (RaftServerImpl.java:lambda$shutdown$3(245)) - ec91b32c-f877-45bd-adae-663f9529a22c: shutdown group-D3F5E08236ED
2019-09-09 07:58:59,958 [ForkJoinPool.commonPool-worker-1] INFO  util.JmxRegister (JmxRegister.java:unregister(73)) - Successfully un-registered JMX Bean with object name Ratis:service=RaftServer,group=group-D3F5E08236ED,id=ec91b32c-f877-45bd-adae-663f9529a22c
2019-09-09 07:58:59,958 [ForkJoinPool.commonPool-worker-1] INFO  impl.RoleInfo (RoleInfo.java:shutdownLeaderState(104)) - ec91b32c-f877-45bd-adae-663f9529a22c: shutdown LeaderState
2019-09-09 07:58:59,958 [ForkJoinPool.commonPool-worker-1] INFO  impl.PendingRequests (PendingRequests.java:sendNotLeaderResponses(202)) - ec91b32c-f877-45bd-adae-663f9529a22c-PendingRequests: sendNotLeaderResponses
2019-09-09 07:58:59,959 [ForkJoinPool.commonPool-worker-1] INFO  impl.StateMachineUpdater (StateMachineUpdater.java:stopAndJoin(115)) - StateMachineUpdater:ec91b32c-f877-45bd-adae-663f9529a22c:group-D3F5E08236ED: set stopIndex = 0
2019-09-09 07:58:59,959 [ForkJoinPool.commonPool-worker-1] INFO  impl.RaftServerImpl (ServerState.java:close(394)) - ec91b32c-f877-45bd-adae-663f9529a22c:group-D3F5E08236ED closes. The last applied log index is 0
2019-09-09 07:58:59,959 [ec91b32c-f877-45bd-adae-663f9529a22c-SegmentedRaftLogWorker:Storage Directory /workdir/hadoop-ozone/integration-test/target/test-dir/MiniOzoneClusterImpl-e70ec129-6ead-427c-a372-e351fbe58a4c/datanode-5/data/ratis/f1c75883-cdaa-4a83-8c7a-d3f5e08236ed] INFO  segmented.SegmentedRaftLogWorker (SegmentedRaftLogWorker.java:run(313)) - ec91b32c-f877-45bd-adae-663f9529a22c-SegmentedRaftLogWorker:Storage Directory /workdir/hadoop-ozone/integration-test/target/test-dir/MiniOzoneClusterImpl-e70ec129-6ead-427c-a372-e351fbe58a4c/datanode-5/data/ratis/f1c75883-cdaa-4a83-8c7a-d3f5e08236ed was interrupted, exiting. There are 0 tasks remaining in the queue.
2019-09-09 07:58:59,959 [ForkJoinPool.commonPool-worker-1] INFO  segmented.SegmentedRaftLogWorker (SegmentedRaftLogWorker.java:close(228)) - ec91b32c-f877-45bd-adae-663f9529a22c-SegmentedRaftLogWorker:Storage Directory /workdir/hadoop-ozone/integration-test/target/test-dir/MiniOzoneClusterImpl-e70ec129-6ead-427c-a372-e351fbe58a4c/datanode-5/data/ratis/f1c75883-cdaa-4a83-8c7a-d3f5e08236ed close()
2019-09-09 07:58:59,960 [ForkJoinPool.commonPool-worker-1] INFO  server.GrpcService (GrpcService.java:closeImpl(155)) - ec91b32c-f877-45bd-adae-663f9529a22c: shutdown server with port 44635 now
2019-09-09 07:58:59,960 [grpc-default-executor-14] WARN  client.GrpcClientProtocolService (LogUtils.java:warn(134)) - 3-UnorderedRequestStreamObserver3: onError: org.apache.ratis.thirdparty.io.grpc.StatusRuntimeException: CANCELLED: cancelled before receiving half close
2019-09-09 07:58:59,960 [ForkJoinPool.commonPool-worker-1] INFO  server.GrpcService (GrpcService.java:closeImpl(163)) - ec91b32c-f877-45bd-adae-663f9529a22c: shutdown server with port 44635 successfully
2019-09-09 07:58:59,965 [refreshUsed-/workdir/hadoop-ozone/integration-test/target/test-dir/MiniOzoneClusterImpl-e70ec129-6ead-427c-a372-e351fbe58a4c/datanode-5/data/containers] WARN  fs.CachingGetSpaceUsed (CachingGetSpaceUsed.java:run(183)) - Thread Interrupted waiting to refresh disk information: sleep interrupted
2019-09-09 07:58:59,979 [ForkJoinPool.commonPool-worker-1] INFO  utils.BackgroundService (BackgroundService.java:shutdown(148)) - Shutting down service BlockDeletingService
2019-09-09 07:58:59,983 [ForkJoinPool.commonPool-worker-1] INFO  statemachine.DatanodeStateMachine (DatanodeStateMachine.java:stopDaemon(395)) - Ozone container server stopped.
2019-09-09 07:58:59,986 [ForkJoinPool.commonPool-worker-1] INFO  handler.ContextHandler (ContextHandler.java:doStop(910)) - Stopped o.e.j.w.WebAppContext@3bab95ca{/,null,UNAVAILABLE}{/hddsDatanode}
2019-09-09 07:58:59,987 [ForkJoinPool.commonPool-worker-1] INFO  server.AbstractConnector (AbstractConnector.java:doStop(318)) - Stopped ServerConnector@71ad959b{HTTP/1.1,[http/1.1]}{0.0.0.0:0}
2019-09-09 07:58:59,987 [ForkJoinPool.commonPool-worker-1] INFO  handler.ContextHandler (ContextHandler.java:doStop(910)) - Stopped o.e.j.s.ServletContextHandler@30798137{/static,jar:file:/home/user/.m2/repository/org/apache/hadoop/hadoop-hdds-container-service/0.5.0-SNAPSHOT/hadoop-hdds-container-service-0.5.0-SNAPSHOT.jar!/webapps/static,UNAVAILABLE}
2019-09-09 07:58:59,987 [ForkJoinPool.commonPool-worker-1] INFO  handler.ContextHandler (ContextHandler.java:doStop(910)) - Stopped o.e.j.s.ServletContextHandler@4afdfc0f{/logs,file:///workdir/hadoop-ozone/integration-test/target/log,UNAVAILABLE}
2019-09-09 07:58:59,988 [main] INFO  ozone.MiniOzoneClusterImpl (MiniOzoneClusterImpl.java:stop(339)) - Stopping the StorageContainerManager
2019-09-09 07:58:59,988 [main] INFO  server.StorageContainerManager (StorageContainerManager.java:stop(797)) - Stopping Replication Manager Service.
2019-09-09 07:58:59,988 [main] INFO  container.ReplicationManager (ReplicationManager.java:stop(203)) - Stopping Replication Monitor Thread.
2019-09-09 07:58:59,988 [main] INFO  server.StorageContainerManager (StorageContainerManager.java:stop(804)) - Stopping Lease Manager of the command watchers
2019-09-09 07:58:59,989 [main] INFO  server.StorageContainerManager (StorageContainerManager.java:stop(811)) - Stopping datanode service RPC server
2019-09-09 07:58:59,989 [main] INFO  server.SCMDatanodeProtocolServer (SCMDatanodeProtocolServer.java:stop(367)) - Stopping the RPC server for DataNodes
2019-09-09 07:58:59,989 [main] INFO  ipc.Server (Server.java:stop(3082)) - Stopping server on 40440
2019-09-09 07:58:59,991 [IPC Server listener on 40440] INFO  ipc.Server (Server.java:run(1185)) - Stopping IPC Server listener on 40440
2019-09-09 07:58:59,991 [IPC Server Responder] INFO  ipc.Server (Server.java:run(1319)) - Stopping IPC Server Responder
2019-09-09 07:59:00,010 [SCM Heartbeat Processing Thread - 0] WARN  node.NodeStateManager (NodeStateManager.java:scheduleNextHealthCheck(646)) - Current Thread is interrupted, shutting down HB processing thread for Node Manager.
2019-09-09 07:59:00,010 [main] INFO  server.StorageContainerManager (StorageContainerManager.java:stop(819)) - Stopping block service RPC server
2019-09-09 07:59:00,010 [main] INFO  server.SCMBlockProtocolServer (SCMBlockProtocolServer.java:stop(155)) - Stopping the RPC server for Block Protocol
2019-09-09 07:59:00,011 [main] INFO  ipc.Server (Server.java:stop(3082)) - Stopping server on 33707
2019-09-09 07:59:00,012 [IPC Server listener on 33707] INFO  ipc.Server (Server.java:run(1185)) - Stopping IPC Server listener on 33707
2019-09-09 07:59:00,012 [main] INFO  server.StorageContainerManager (StorageContainerManager.java:stop(826)) - Stopping the StorageContainerLocationProtocol RPC server
2019-09-09 07:59:00,016 [main] INFO  server.SCMClientProtocolServer (SCMClientProtocolServer.java:stop(159)) - Stopping the RPC server for Client Protocol
2019-09-09 07:59:00,017 [main] INFO  ipc.Server (Server.java:stop(3082)) - Stopping server on 33982
2019-09-09 07:59:00,012 [IPC Server Responder] INFO  ipc.Server (Server.java:run(1319)) - Stopping IPC Server Responder
2019-09-09 07:59:00,018 [IPC Server listener on 33982] INFO  ipc.Server (Server.java:run(1185)) - Stopping IPC Server listener on 33982
2019-09-09 07:59:00,018 [IPC Server Responder] INFO  ipc.Server (Server.java:run(1319)) - Stopping IPC Server Responder
2019-09-09 07:59:00,019 [main] INFO  server.StorageContainerManager (StorageContainerManager.java:stop(833)) - Stopping Storage Container Manager HTTP server.
2019-09-09 07:59:00,020 [main] INFO  handler.ContextHandler (ContextHandler.java:doStop(910)) - Stopped o.e.j.w.WebAppContext@1da75dde{/,null,UNAVAILABLE}{/scm}
2019-09-09 07:59:00,021 [main] INFO  server.AbstractConnector (AbstractConnector.java:doStop(318)) - Stopped ServerConnector@5c5f0edc{HTTP/1.1,[http/1.1]}{0.0.0.0:0}
2019-09-09 07:59:00,021 [main] INFO  handler.ContextHandler (ContextHandler.java:doStop(910)) - Stopped o.e.j.s.ServletContextHandler@49631cfb{/static,file:///workdir/hadoop-ozone/integration-test/target/test-classes/webapps/static,UNAVAILABLE}
2019-09-09 07:59:00,022 [main] INFO  handler.ContextHandler (ContextHandler.java:doStop(910)) - Stopped o.e.j.s.ServletContextHandler@77c23d90{/logs,file:///workdir/hadoop-ozone/integration-test/target/log,UNAVAILABLE}
2019-09-09 07:59:00,022 [main] INFO  server.StorageContainerManager (StorageContainerManager.java:stop(844)) - Stopping Block Manager Service.
2019-09-09 07:59:00,022 [main] INFO  utils.BackgroundService (BackgroundService.java:shutdown(148)) - Shutting down service SCMBlockDeletingService
2019-09-09 07:59:00,023 [main] INFO  utils.BackgroundService (BackgroundService.java:shutdown(148)) - Shutting down service SCMBlockDeletingService
2019-09-09 07:59:00,023 [main] INFO  server.StorageContainerManager (StorageContainerManager.java:stop(866)) - Stopping SCM Event Queue.
2019-09-09 07:59:00,026 [main] INFO  impl.MetricsSystemImpl (MetricsSystemImpl.java:stop(210)) - Stopping HddsDatanode metrics system...
2019-09-09 07:59:00,045 [main] INFO  impl.MetricsSystemImpl (MetricsSystemImpl.java:stop(216)) - HddsDatanode metrics system stopped.
]]></system-out>
  </testcase>
</testsuite>