<?xml version="1.0" encoding="UTF-8"?>
<testsuite xmlns:xsi="http://www.w3.org/2001/XMLSchema-instance" xsi:noNamespaceSchemaLocation="https://maven.apache.org/surefire/maven-surefire-plugin/xsd/surefire-test-report.xsd" name="org.apache.hadoop.ozone.freon.TestRandomKeyGenerator" time="142.176" tests="6" errors="1" skipped="0" failures="0">
  <properties>
    <property name="awt.toolkit" value="sun.awt.X11.XToolkit"/>
    <property name="file.encoding.pkg" value="sun.io"/>
    <property name="java.specification.version" value="1.8"/>
    <property name="sun.cpu.isalist" value=""/>
    <property name="sun.jnu.encoding" value="UTF-8"/>
    <property name="java.class.path" value="/workdir/hadoop-ozone/tools/target/test-classes:/workdir/hadoop-ozone/tools/target/classes:/home/user/.m2/repository/org/apache/hadoop/hadoop-ozone-ozone-manager/0.5.0-SNAPSHOT/hadoop-ozone-ozone-manager-0.5.0-SNAPSHOT.jar:/home/user/.m2/repository/org/apache/hadoop/hadoop-hdds-docs/0.5.0-SNAPSHOT/hadoop-hdds-docs-0.5.0-SNAPSHOT.jar:/home/user/.m2/repository/org/bouncycastle/bcprov-jdk15on/1.60/bcprov-jdk15on-1.60.jar:/home/user/.m2/repository/org/apache/hadoop/hadoop-ozone-common/0.5.0-SNAPSHOT/hadoop-ozone-common-0.5.0-SNAPSHOT.jar:/home/user/.m2/repository/org/apache/commons/commons-compress/1.4.1/commons-compress-1.4.1.jar:/home/user/.m2/repository/org/tukaani/xz/1.0/xz-1.0.jar:/home/user/.m2/repository/org/apache/hadoop/hadoop-hdfs-client/3.2.0/hadoop-hdfs-client-3.2.0.jar:/home/user/.m2/repository/com/fasterxml/jackson/core/jackson-annotations/2.9.5/jackson-annotations-2.9.5.jar:/home/user/.m2/repository/org/apache/hadoop/hadoop-hdds-common/0.5.0-SNAPSHOT/hadoop-hdds-common-0.5.0-SNAPSHOT.jar:/home/user/.m2/repository/org/apache/hadoop/hadoop-hdds-config/0.5.0-SNAPSHOT/hadoop-hdds-config-0.5.0-SNAPSHOT.jar:/home/user/.m2/repository/javax/annotation/javax.annotation-api/1.2/javax.annotation-api-1.2.jar:/home/user/.m2/repository/org/apache/ratis/ratis-server/0.4.0-2337318-SNAPSHOT/ratis-server-0.4.0-2337318-SNAPSHOT.jar:/home/user/.m2/repository/org/apache/ratis/ratis-thirdparty-misc/0.2.0/ratis-thirdparty-misc-0.2.0.jar:/home/user/.m2/repository/org/apache/ratis/ratis-proto/0.4.0-2337318-SNAPSHOT/ratis-proto-0.4.0-2337318-SNAPSHOT.jar:/home/user/.m2/repository/org/apache/ratis/ratis-common/0.4.0-2337318-SNAPSHOT/ratis-common-0.4.0-2337318-SNAPSHOT.jar:/home/user/.m2/repository/org/apache/ratis/ratis-client/0.4.0-2337318-SNAPSHOT/ratis-client-0.4.0-2337318-SNAPSHOT.jar:/home/user/.m2/repository/org/apache/ratis/ratis-metrics/0.4.0-2337318-SNAPSHOT/ratis-metrics-0.4.0-2337318-SNAPSHOT.jar:/home/user/.m2/repository/org/apache/ratis/ratis-netty/0.4.0-2337318-SNAPSHOT/ratis-netty-0.4.0-2337318-SNAPSHOT.jar:/home/user/.m2/repository/org/apache/ratis/ratis-grpc/0.4.0-2337318-SNAPSHOT/ratis-grpc-0.4.0-2337318-SNAPSHOT.jar:/home/user/.m2/repository/org/rocksdb/rocksdbjni/6.0.1/rocksdbjni-6.0.1.jar:/home/user/.m2/repository/org/apache/logging/log4j/log4j-api/2.11.0/log4j-api-2.11.0.jar:/home/user/.m2/repository/org/apache/logging/log4j/log4j-core/2.11.0/log4j-core-2.11.0.jar:/home/user/.m2/repository/com/lmax/disruptor/3.4.2/disruptor-3.4.2.jar:/home/user/.m2/repository/org/apache/commons/commons-pool2/2.6.0/commons-pool2-2.6.0.jar:/home/user/.m2/repository/org/bouncycastle/bcpkix-jdk15on/1.60/bcpkix-jdk15on-1.60.jar:/home/user/.m2/repository/commons-validator/commons-validator/1.6/commons-validator-1.6.jar:/home/user/.m2/repository/commons-digester/commons-digester/1.8.1/commons-digester-1.8.1.jar:/home/user/.m2/repository/io/jaegertracing/jaeger-client/0.33.1/jaeger-client-0.33.1.jar:/home/user/.m2/repository/io/jaegertracing/jaeger-thrift/0.33.1/jaeger-thrift-0.33.1.jar:/home/user/.m2/repository/org/apache/thrift/libthrift/0.11.0/libthrift-0.11.0.jar:/home/user/.m2/repository/com/squareup/okhttp3/okhttp/3.9.0/okhttp-3.9.0.jar:/home/user/.m2/repository/com/squareup/okio/okio/1.13.0/okio-1.13.0.jar:/home/user/.m2/repository/io/jaegertracing/jaeger-core/0.33.1/jaeger-core-0.33.1.jar:/home/user/.m2/repository/io/jaegertracing/jaeger-tracerresolver/0.33.1/jaeger-tracerresolver-0.33.1.jar:/home/user/.m2/repository/io/opentracing/contrib/opentracing-tracerresolver/0.1.5/opentracing-tracerresolver-0.1.5.jar:/home/user/.m2/repository/io/opentracing/opentracing-util/0.31.0/opentracing-util-0.31.0.jar:/home/user/.m2/repository/io/opentracing/opentracing-api/0.31.0/opentracing-api-0.31.0.jar:/home/user/.m2/repository/io/opentracing/opentracing-noop/0.31.0/opentracing-noop-0.31.0.jar:/home/user/.m2/repository/org/yaml/snakeyaml/1.16/snakeyaml-1.16.jar:/home/user/.m2/repository/org/apache/hadoop/hadoop-hdds-container-service/0.5.0-SNAPSHOT/hadoop-hdds-container-service-0.5.0-SNAPSHOT.jar:/home/user/.m2/repository/org/apache/hadoop/hadoop-hdds-client/0.5.0-SNAPSHOT/hadoop-hdds-client-0.5.0-SNAPSHOT.jar:/home/user/.m2/repository/org/apache/hadoop/hadoop-hdds-tools/0.5.0-SNAPSHOT/hadoop-hdds-tools-0.5.0-SNAPSHOT.jar:/home/user/.m2/repository/org/xerial/sqlite-jdbc/3.25.2/sqlite-jdbc-3.25.2.jar:/home/user/.m2/repository/org/apache/hadoop/hadoop-hdds-server-scm/0.5.0-SNAPSHOT/hadoop-hdds-server-scm-0.5.0-SNAPSHOT.jar:/home/user/.m2/repository/org/hamcrest/hamcrest-all/1.3/hamcrest-all-1.3.jar:/home/user/.m2/repository/info/picocli/picocli/3.9.6/picocli-3.9.6.jar:/home/user/.m2/repository/com/google/protobuf/protobuf-java/2.5.0/protobuf-java-2.5.0.jar:/home/user/.m2/repository/com/google/guava/guava/11.0.2/guava-11.0.2.jar:/home/user/.m2/repository/org/apache/hadoop/hadoop-ozone-client/0.5.0-SNAPSHOT/hadoop-ozone-client-0.5.0-SNAPSHOT.jar:/workdir/hadoop-ozone/ozonefs/target/classes:/home/user/.m2/repository/org/apache/hadoop/hadoop-hdds-server-framework/0.5.0-SNAPSHOT/hadoop-hdds-server-framework-0.5.0-SNAPSHOT.jar:/home/user/.m2/repository/org/apache/hadoop/hadoop-common/3.2.0/hadoop-common-3.2.0.jar:/home/user/.m2/repository/org/apache/hadoop/hadoop-annotations/3.2.0/hadoop-annotations-3.2.0.jar:/usr/lib/jvm/java-1.8-openjdk/jre/../lib/tools.jar:/home/user/.m2/repository/commons-cli/commons-cli/1.2/commons-cli-1.2.jar:/home/user/.m2/repository/org/apache/commons/commons-math3/3.1.1/commons-math3-3.1.1.jar:/home/user/.m2/repository/org/apache/httpcomponents/httpclient/4.5.2/httpclient-4.5.2.jar:/home/user/.m2/repository/org/apache/httpcomponents/httpcore/4.4.4/httpcore-4.4.4.jar:/home/user/.m2/repository/commons-codec/commons-codec/1.11/commons-codec-1.11.jar:/home/user/.m2/repository/commons-io/commons-io/2.5/commons-io-2.5.jar:/home/user/.m2/repository/commons-net/commons-net/3.6/commons-net-3.6.jar:/home/user/.m2/repository/commons-collections/commons-collections/3.2.2/commons-collections-3.2.2.jar:/home/user/.m2/repository/javax/servlet/javax.servlet-api/3.1.0/javax.servlet-api-3.1.0.jar:/home/user/.m2/repository/org/eclipse/jetty/jetty-server/9.3.24.v20180605/jetty-server-9.3.24.v20180605.jar:/home/user/.m2/repository/org/eclipse/jetty/jetty-http/9.3.24.v20180605/jetty-http-9.3.24.v20180605.jar:/home/user/.m2/repository/org/eclipse/jetty/jetty-io/9.3.24.v20180605/jetty-io-9.3.24.v20180605.jar:/home/user/.m2/repository/org/eclipse/jetty/jetty-util/9.3.24.v20180605/jetty-util-9.3.24.v20180605.jar:/home/user/.m2/repository/org/eclipse/jetty/jetty-servlet/9.3.24.v20180605/jetty-servlet-9.3.24.v20180605.jar:/home/user/.m2/repository/org/eclipse/jetty/jetty-security/9.3.24.v20180605/jetty-security-9.3.24.v20180605.jar:/home/user/.m2/repository/org/eclipse/jetty/jetty-webapp/9.3.24.v20180605/jetty-webapp-9.3.24.v20180605.jar:/home/user/.m2/repository/org/eclipse/jetty/jetty-xml/9.3.24.v20180605/jetty-xml-9.3.24.v20180605.jar:/home/user/.m2/repository/javax/servlet/jsp/jsp-api/2.1/jsp-api-2.1.jar:/home/user/.m2/repository/com/sun/jersey/jersey-core/1.19/jersey-core-1.19.jar:/home/user/.m2/repository/javax/ws/rs/jsr311-api/1.1.1/jsr311-api-1.1.1.jar:/home/user/.m2/repository/com/sun/jersey/jersey-servlet/1.19/jersey-servlet-1.19.jar:/home/user/.m2/repository/com/sun/jersey/jersey-json/1.19/jersey-json-1.19.jar:/home/user/.m2/repository/org/codehaus/jettison/jettison/1.1/jettison-1.1.jar:/home/user/.m2/repository/com/sun/xml/bind/jaxb-impl/2.3.0.1/jaxb-impl-2.3.0.1.jar:/home/user/.m2/repository/org/codehaus/jackson/jackson-core-asl/1.9.13/jackson-core-asl-1.9.13.jar:/home/user/.m2/repository/org/codehaus/jackson/jackson-mapper-asl/1.9.13/jackson-mapper-asl-1.9.13.jar:/home/user/.m2/repository/org/codehaus/jackson/jackson-jaxrs/1.9.13/jackson-jaxrs-1.9.13.jar:/home/user/.m2/repository/org/codehaus/jackson/jackson-xc/1.9.13/jackson-xc-1.9.13.jar:/home/user/.m2/repository/com/sun/jersey/jersey-server/1.19/jersey-server-1.19.jar:/home/user/.m2/repository/commons-logging/commons-logging/1.1.3/commons-logging-1.1.3.jar:/home/user/.m2/repository/log4j/log4j/1.2.17/log4j-1.2.17.jar:/home/user/.m2/repository/commons-beanutils/commons-beanutils/1.9.3/commons-beanutils-1.9.3.jar:/home/user/.m2/repository/org/apache/commons/commons-configuration2/2.1.1/commons-configuration2-2.1.1.jar:/home/user/.m2/repository/org/apache/commons/commons-lang3/3.7/commons-lang3-3.7.jar:/home/user/.m2/repository/org/apache/commons/commons-text/1.4/commons-text-1.4.jar:/home/user/.m2/repository/org/slf4j/slf4j-api/1.7.25/slf4j-api-1.7.25.jar:/home/user/.m2/repository/org/slf4j/slf4j-log4j12/1.7.25/slf4j-log4j12-1.7.25.jar:/home/user/.m2/repository/org/apache/avro/avro/1.7.7/avro-1.7.7.jar:/home/user/.m2/repository/com/thoughtworks/paranamer/paranamer/2.3/paranamer-2.3.jar:/home/user/.m2/repository/org/xerial/snappy/snappy-java/1.0.5/snappy-java-1.0.5.jar:/home/user/.m2/repository/com/google/re2j/re2j/1.1/re2j-1.1.jar:/home/user/.m2/repository/com/google/code/gson/gson/2.2.4/gson-2.2.4.jar:/home/user/.m2/repository/org/apache/hadoop/hadoop-auth/3.2.0/hadoop-auth-3.2.0.jar:/home/user/.m2/repository/com/nimbusds/nimbus-jose-jwt/4.41.1/nimbus-jose-jwt-4.41.1.jar:/home/user/.m2/repository/com/github/stephenc/jcip/jcip-annotations/1.0-1/jcip-annotations-1.0-1.jar:/home/user/.m2/repository/net/minidev/json-smart/2.3/json-smart-2.3.jar:/home/user/.m2/repository/net/minidev/accessors-smart/1.2/accessors-smart-1.2.jar:/home/user/.m2/repository/org/apache/curator/curator-framework/2.12.0/curator-framework-2.12.0.jar:/home/user/.m2/repository/com/jcraft/jsch/0.1.54/jsch-0.1.54.jar:/home/user/.m2/repository/org/apache/curator/curator-client/2.12.0/curator-client-2.12.0.jar:/home/user/.m2/repository/org/apache/curator/curator-recipes/2.12.0/curator-recipes-2.12.0.jar:/home/user/.m2/repository/com/google/code/findbugs/jsr305/3.0.0/jsr305-3.0.0.jar:/home/user/.m2/repository/org/apache/htrace/htrace-core4/4.1.0-incubating/htrace-core4-4.1.0-incubating.jar:/home/user/.m2/repository/org/apache/zookeeper/zookeeper/3.4.13/zookeeper-3.4.13.jar:/home/user/.m2/repository/org/apache/yetus/audience-annotations/0.5.0/audience-annotations-0.5.0.jar:/home/user/.m2/repository/org/apache/kerby/kerb-simplekdc/1.0.1/kerb-simplekdc-1.0.1.jar:/home/user/.m2/repository/org/apache/kerby/kerb-client/1.0.1/kerb-client-1.0.1.jar:/home/user/.m2/repository/org/apache/kerby/kerby-config/1.0.1/kerby-config-1.0.1.jar:/home/user/.m2/repository/org/apache/kerby/kerb-core/1.0.1/kerb-core-1.0.1.jar:/home/user/.m2/repository/org/apache/kerby/kerby-pkix/1.0.1/kerby-pkix-1.0.1.jar:/home/user/.m2/repository/org/apache/kerby/kerby-asn1/1.0.1/kerby-asn1-1.0.1.jar:/home/user/.m2/repository/org/apache/kerby/kerby-util/1.0.1/kerby-util-1.0.1.jar:/home/user/.m2/repository/org/apache/kerby/kerb-common/1.0.1/kerb-common-1.0.1.jar:/home/user/.m2/repository/org/apache/kerby/kerb-crypto/1.0.1/kerb-crypto-1.0.1.jar:/home/user/.m2/repository/org/apache/kerby/kerb-util/1.0.1/kerb-util-1.0.1.jar:/home/user/.m2/repository/org/apache/kerby/token-provider/1.0.1/token-provider-1.0.1.jar:/home/user/.m2/repository/org/apache/kerby/kerb-admin/1.0.1/kerb-admin-1.0.1.jar:/home/user/.m2/repository/org/apache/kerby/kerb-server/1.0.1/kerb-server-1.0.1.jar:/home/user/.m2/repository/org/apache/kerby/kerb-identity/1.0.1/kerb-identity-1.0.1.jar:/home/user/.m2/repository/org/apache/kerby/kerby-xdr/1.0.1/kerby-xdr-1.0.1.jar:/home/user/.m2/repository/com/fasterxml/jackson/core/jackson-databind/2.9.5/jackson-databind-2.9.5.jar:/home/user/.m2/repository/com/fasterxml/jackson/core/jackson-core/2.9.5/jackson-core-2.9.5.jar:/home/user/.m2/repository/org/codehaus/woodstox/stax2-api/3.1.4/stax2-api-3.1.4.jar:/home/user/.m2/repository/com/fasterxml/woodstox/woodstox-core/5.0.3/woodstox-core-5.0.3.jar:/home/user/.m2/repository/dnsjava/dnsjava/2.1.7/dnsjava-2.1.7.jar:/home/user/.m2/repository/org/apache/hadoop/hadoop-hdfs/3.2.0/hadoop-hdfs-3.2.0.jar:/home/user/.m2/repository/org/eclipse/jetty/jetty-util-ajax/9.3.24.v20180605/jetty-util-ajax-9.3.24.v20180605.jar:/home/user/.m2/repository/commons-daemon/commons-daemon/1.0.13/commons-daemon-1.0.13.jar:/home/user/.m2/repository/io/netty/netty/3.10.5.Final/netty-3.10.5.Final.jar:/home/user/.m2/repository/io/netty/netty-all/4.0.52.Final/netty-all-4.0.52.Final.jar:/home/user/.m2/repository/org/fusesource/leveldbjni/leveldbjni-all/1.8/leveldbjni-all-1.8.jar:/home/user/.m2/repository/com/sun/xml/bind/jaxb-core/2.3.0.1/jaxb-core-2.3.0.1.jar:/home/user/.m2/repository/javax/xml/bind/jaxb-api/2.3.0/jaxb-api-2.3.0.jar:/home/user/.m2/repository/javax/activation/activation/1.1.1/activation-1.1.1.jar:/home/user/.m2/repository/io/dropwizard/metrics/metrics-core/3.2.4/metrics-core-3.2.4.jar:/home/user/.m2/repository/org/openjdk/jmh/jmh-core/1.19/jmh-core-1.19.jar:/home/user/.m2/repository/net/sf/jopt-simple/jopt-simple/4.6/jopt-simple-4.6.jar:/home/user/.m2/repository/org/openjdk/jmh/jmh-generator-annprocess/1.19/jmh-generator-annprocess-1.19.jar:/home/user/.m2/repository/com/google/code/findbugs/findbugs/3.0.1/findbugs-3.0.1.jar:/home/user/.m2/repository/net/jcip/jcip-annotations/1.0/jcip-annotations-1.0.jar:/home/user/.m2/repository/com/google/code/findbugs/bcel-findbugs/6.0/bcel-findbugs-6.0.jar:/home/user/.m2/repository/com/google/code/findbugs/jFormatString/2.0.1/jFormatString-2.0.1.jar:/home/user/.m2/repository/dom4j/dom4j/1.6.1/dom4j-1.6.1.jar:/home/user/.m2/repository/xml-apis/xml-apis/1.0.b2/xml-apis-1.0.b2.jar:/home/user/.m2/repository/org/ow2/asm/asm-debug-all/5.0.2/asm-debug-all-5.0.2.jar:/home/user/.m2/repository/org/ow2/asm/asm-commons/5.0.2/asm-commons-5.0.2.jar:/home/user/.m2/repository/org/ow2/asm/asm-tree/5.0.2/asm-tree-5.0.2.jar:/home/user/.m2/repository/org/ow2/asm/asm/5.0.4/asm-5.0.4.jar:/home/user/.m2/repository/commons-lang/commons-lang/2.6/commons-lang-2.6.jar:/home/user/.m2/repository/com/apple/AppleJavaExtensions/1.4/AppleJavaExtensions-1.4.jar:/home/user/.m2/repository/jaxen/jaxen/1.1.6/jaxen-1.1.6.jar:/home/user/.m2/repository/junit/junit/4.11/junit-4.11.jar:/home/user/.m2/repository/org/hamcrest/hamcrest-core/1.3/hamcrest-core-1.3.jar:/home/user/.m2/repository/org/apache/hadoop/hadoop-common/3.2.0/hadoop-common-3.2.0-tests.jar:/workdir/hadoop-ozone/integration-test/target/test-classes:/home/user/.m2/repository/org/apache/hadoop/hadoop-ozone-objectstore-service/0.5.0-SNAPSHOT/hadoop-ozone-objectstore-service-0.5.0-SNAPSHOT.jar:/home/user/.m2/repository/org/apache/hadoop/hadoop-ozone-s3gateway/0.5.0-SNAPSHOT/hadoop-ozone-s3gateway-0.5.0-SNAPSHOT.jar:/home/user/.m2/repository/org/jboss/weld/servlet/weld-servlet/2.4.7.Final/weld-servlet-2.4.7.Final.jar:/home/user/.m2/repository/org/glassfish/jersey/containers/jersey-container-servlet-core/2.27/jersey-container-servlet-core-2.27.jar:/home/user/.m2/repository/org/glassfish/hk2/external/javax.inject/2.5.0-b42/javax.inject-2.5.0-b42.jar:/home/user/.m2/repository/org/glassfish/jersey/core/jersey-common/2.27/jersey-common-2.27.jar:/home/user/.m2/repository/org/glassfish/hk2/osgi-resource-locator/1.0.1/osgi-resource-locator-1.0.1.jar:/home/user/.m2/repository/javax/ws/rs/javax.ws.rs-api/2.1/javax.ws.rs-api-2.1.jar:/home/user/.m2/repository/org/glassfish/jersey/ext/cdi/jersey-cdi1x/2.27/jersey-cdi1x-2.27.jar:/home/user/.m2/repository/org/glassfish/jersey/inject/jersey-hk2/2.27/jersey-hk2-2.27.jar:/home/user/.m2/repository/org/glassfish/hk2/hk2-locator/2.5.0-b42/hk2-locator-2.5.0-b42.jar:/home/user/.m2/repository/org/javassist/javassist/3.22.0-CR2/javassist-3.22.0-CR2.jar:/home/user/.m2/repository/org/glassfish/hk2/hk2-api/2.5.0/hk2-api-2.5.0.jar:/home/user/.m2/repository/org/glassfish/hk2/external/jakarta.inject/2.5.0/jakarta.inject-2.5.0.jar:/home/user/.m2/repository/org/glassfish/hk2/hk2-utils/2.5.0/hk2-utils-2.5.0.jar:/home/user/.m2/repository/jakarta/annotation/jakarta.annotation-api/1.3.4/jakarta.annotation-api-1.3.4.jar:/home/user/.m2/repository/org/glassfish/hk2/external/aopalliance-repackaged/2.5.0/aopalliance-repackaged-2.5.0.jar:/home/user/.m2/repository/com/fasterxml/jackson/dataformat/jackson-dataformat-xml/2.9.0/jackson-dataformat-xml-2.9.0.jar:/home/user/.m2/repository/com/fasterxml/jackson/module/jackson-module-jaxb-annotations/2.9.5/jackson-module-jaxb-annotations-2.9.5.jar:/home/user/.m2/repository/javax/enterprise/cdi-api/1.2/cdi-api-1.2.jar:/home/user/.m2/repository/javax/el/javax.el-api/3.0.0/javax.el-api-3.0.0.jar:/home/user/.m2/repository/javax/interceptor/javax.interceptor-api/1.2/javax.interceptor-api-1.2.jar:/home/user/.m2/repository/javax/inject/javax.inject/1/javax.inject-1.jar:/home/user/.m2/repository/org/apache/hadoop/hadoop-ozone-csi/0.5.0-SNAPSHOT/hadoop-ozone-csi-0.5.0-SNAPSHOT.jar:/home/user/.m2/repository/com/google/protobuf/protobuf-java-util/3.5.1/protobuf-java-util-3.5.1.jar:/home/user/.m2/repository/io/grpc/grpc-netty/1.17.1/grpc-netty-1.17.1.jar:/home/user/.m2/repository/io/grpc/grpc-core/1.17.1/grpc-core-1.17.1.jar:/home/user/.m2/repository/io/grpc/grpc-context/1.17.1/grpc-context-1.17.1.jar:/home/user/.m2/repository/com/google/errorprone/error_prone_annotations/2.2.0/error_prone_annotations-2.2.0.jar:/home/user/.m2/repository/org/codehaus/mojo/animal-sniffer-annotations/1.17/animal-sniffer-annotations-1.17.jar:/home/user/.m2/repository/io/opencensus/opencensus-api/0.17.0/opencensus-api-0.17.0.jar:/home/user/.m2/repository/io/opencensus/opencensus-contrib-grpc-metrics/0.17.0/opencensus-contrib-grpc-metrics-0.17.0.jar:/home/user/.m2/repository/io/netty/netty-codec-http2/4.1.30.Final/netty-codec-http2-4.1.30.Final.jar:/home/user/.m2/repository/io/netty/netty-codec-http/4.1.30.Final/netty-codec-http-4.1.30.Final.jar:/home/user/.m2/repository/io/netty/netty-codec/4.1.30.Final/netty-codec-4.1.30.Final.jar:/home/user/.m2/repository/io/netty/netty-handler/4.1.30.Final/netty-handler-4.1.30.Final.jar:/home/user/.m2/repository/io/netty/netty-handler-proxy/4.1.30.Final/netty-handler-proxy-4.1.30.Final.jar:/home/user/.m2/repository/io/netty/netty-codec-socks/4.1.30.Final/netty-codec-socks-4.1.30.Final.jar:/home/user/.m2/repository/io/netty/netty-transport-native-epoll/4.1.30.Final/netty-transport-native-epoll-4.1.30.Final.jar:/home/user/.m2/repository/io/netty/netty-common/4.1.30.Final/netty-common-4.1.30.Final.jar:/home/user/.m2/repository/io/netty/netty-buffer/4.1.30.Final/netty-buffer-4.1.30.Final.jar:/home/user/.m2/repository/io/netty/netty-transport/4.1.30.Final/netty-transport-4.1.30.Final.jar:/home/user/.m2/repository/io/netty/netty-resolver/4.1.30.Final/netty-resolver-4.1.30.Final.jar:/home/user/.m2/repository/io/netty/netty-transport-native-unix-common/4.1.30.Final/netty-transport-native-unix-common-4.1.30.Final.jar:/home/user/.m2/repository/io/grpc/grpc-protobuf/1.17.1/grpc-protobuf-1.17.1.jar:/home/user/.m2/repository/com/google/api/grpc/proto-google-common-protos/1.0.0/proto-google-common-protos-1.0.0.jar:/home/user/.m2/repository/io/grpc/grpc-protobuf-lite/1.17.1/grpc-protobuf-lite-1.17.1.jar:/home/user/.m2/repository/io/grpc/grpc-stub/1.17.1/grpc-stub-1.17.1.jar:/home/user/.m2/repository/org/apache/hadoop/hadoop-ozone-recon/0.5.0-SNAPSHOT/hadoop-ozone-recon-0.5.0-SNAPSHOT.jar:/home/user/.m2/repository/org/apache/hadoop/hadoop-ozone-reconcodegen/0.5.0-SNAPSHOT/hadoop-ozone-reconcodegen-0.5.0-SNAPSHOT.jar:/home/user/.m2/repository/com/google/inject/extensions/guice-multibindings/4.0/guice-multibindings-4.0.jar:/home/user/.m2/repository/com/google/inject/guice/4.0/guice-4.0.jar:/home/user/.m2/repository/aopalliance/aopalliance/1.0/aopalliance-1.0.jar:/home/user/.m2/repository/com/google/inject/extensions/guice-servlet/4.0/guice-servlet-4.0.jar:/home/user/.m2/repository/org/glassfish/jersey/containers/jersey-container-servlet/2.27/jersey-container-servlet-2.27.jar:/home/user/.m2/repository/org/glassfish/hk2/guice-bridge/2.5.0/guice-bridge-2.5.0.jar:/home/user/.m2/repository/org/glassfish/jersey/core/jersey-server/2.27/jersey-server-2.27.jar:/home/user/.m2/repository/org/glassfish/jersey/core/jersey-client/2.27/jersey-client-2.27.jar:/home/user/.m2/repository/org/glassfish/jersey/media/jersey-media-jaxb/2.27/jersey-media-jaxb-2.27.jar:/home/user/.m2/repository/javax/validation/validation-api/1.1.0.Final/validation-api-1.1.0.Final.jar:/home/user/.m2/repository/org/glassfish/jersey/media/jersey-media-json-jackson/2.27/jersey-media-json-jackson-2.27.jar:/home/user/.m2/repository/org/glassfish/jersey/ext/jersey-entity-filtering/2.27/jersey-entity-filtering-2.27.jar:/home/user/.m2/repository/com/google/inject/extensions/guice-assistedinject/4.0/guice-assistedinject-4.0.jar:/home/user/.m2/repository/org/jooq/jooq/3.11.10/jooq-3.11.10.jar:/home/user/.m2/repository/org/jooq/jooq-meta/3.11.10/jooq-meta-3.11.10.jar:/home/user/.m2/repository/org/jooq/jooq-codegen/3.11.10/jooq-codegen-3.11.10.jar:/home/user/.m2/repository/com/jolbox/bonecp/0.8.0.RELEASE/bonecp-0.8.0.RELEASE.jar:/home/user/.m2/repository/org/springframework/spring-jdbc/5.1.3.RELEASE/spring-jdbc-5.1.3.RELEASE.jar:/home/user/.m2/repository/org/springframework/spring-beans/5.1.3.RELEASE/spring-beans-5.1.3.RELEASE.jar:/home/user/.m2/repository/org/springframework/spring-core/5.1.3.RELEASE/spring-core-5.1.3.RELEASE.jar:/home/user/.m2/repository/org/springframework/spring-jcl/5.1.3.RELEASE/spring-jcl-5.1.3.RELEASE.jar:/home/user/.m2/repository/org/springframework/spring-tx/5.1.3.RELEASE/spring-tx-5.1.3.RELEASE.jar:/home/user/.m2/repository/org/mockito/mockito-core/2.15.0/mockito-core-2.15.0.jar:/home/user/.m2/repository/net/bytebuddy/byte-buddy/1.7.9/byte-buddy-1.7.9.jar:/home/user/.m2/repository/net/bytebuddy/byte-buddy-agent/1.7.9/byte-buddy-agent-1.7.9.jar:/home/user/.m2/repository/org/objenesis/objenesis/1.0/objenesis-1.0.jar:"/>
    <property name="java.vm.vendor" value="IcedTea"/>
    <property name="sun.arch.data.model" value="64"/>
    <property name="test.build.dir" value="/workdir/hadoop-ozone/tools/target/test-dir"/>
    <property name="test.cache.data" value=""/>
    <property name="java.vendor.url" value="https://icedtea.classpath.org"/>
    <property name="user.timezone" value=""/>
    <property name="java.vm.specification.version" value="1.8"/>
    <property name="os.name" value="Linux"/>
    <property name="test.build.data" value="/workdir/hadoop-ozone/tools/target/test-dir"/>
    <property name="user.country" value="US"/>
    <property name="sun.java.launcher" value="SUN_STANDARD"/>
    <property name="sun.boot.library.path" value="/usr/lib/jvm/java-1.8-openjdk/jre/lib/amd64"/>
    <property name="sun.java.command" value="/workdir/hadoop-ozone/tools/target/surefire/surefirebooter1986336479383719561.jar /workdir/hadoop-ozone/tools/target/surefire 2019-08-23T16-39-50_678-jvmRun1 surefire3449396746837669378tmp surefire_1156254892547304914461tmp"/>
    <property name="test" value="!TestMiniChaosOzoneCluster"/>
    <property name="surefire.test.class.path" value="/workdir/hadoop-ozone/tools/target/test-classes:/workdir/hadoop-ozone/tools/target/classes:/home/user/.m2/repository/org/apache/hadoop/hadoop-ozone-ozone-manager/0.5.0-SNAPSHOT/hadoop-ozone-ozone-manager-0.5.0-SNAPSHOT.jar:/home/user/.m2/repository/org/apache/hadoop/hadoop-hdds-docs/0.5.0-SNAPSHOT/hadoop-hdds-docs-0.5.0-SNAPSHOT.jar:/home/user/.m2/repository/org/bouncycastle/bcprov-jdk15on/1.60/bcprov-jdk15on-1.60.jar:/home/user/.m2/repository/org/apache/hadoop/hadoop-ozone-common/0.5.0-SNAPSHOT/hadoop-ozone-common-0.5.0-SNAPSHOT.jar:/home/user/.m2/repository/org/apache/commons/commons-compress/1.4.1/commons-compress-1.4.1.jar:/home/user/.m2/repository/org/tukaani/xz/1.0/xz-1.0.jar:/home/user/.m2/repository/org/apache/hadoop/hadoop-hdfs-client/3.2.0/hadoop-hdfs-client-3.2.0.jar:/home/user/.m2/repository/com/fasterxml/jackson/core/jackson-annotations/2.9.5/jackson-annotations-2.9.5.jar:/home/user/.m2/repository/org/apache/hadoop/hadoop-hdds-common/0.5.0-SNAPSHOT/hadoop-hdds-common-0.5.0-SNAPSHOT.jar:/home/user/.m2/repository/org/apache/hadoop/hadoop-hdds-config/0.5.0-SNAPSHOT/hadoop-hdds-config-0.5.0-SNAPSHOT.jar:/home/user/.m2/repository/javax/annotation/javax.annotation-api/1.2/javax.annotation-api-1.2.jar:/home/user/.m2/repository/org/apache/ratis/ratis-server/0.4.0-2337318-SNAPSHOT/ratis-server-0.4.0-2337318-SNAPSHOT.jar:/home/user/.m2/repository/org/apache/ratis/ratis-thirdparty-misc/0.2.0/ratis-thirdparty-misc-0.2.0.jar:/home/user/.m2/repository/org/apache/ratis/ratis-proto/0.4.0-2337318-SNAPSHOT/ratis-proto-0.4.0-2337318-SNAPSHOT.jar:/home/user/.m2/repository/org/apache/ratis/ratis-common/0.4.0-2337318-SNAPSHOT/ratis-common-0.4.0-2337318-SNAPSHOT.jar:/home/user/.m2/repository/org/apache/ratis/ratis-client/0.4.0-2337318-SNAPSHOT/ratis-client-0.4.0-2337318-SNAPSHOT.jar:/home/user/.m2/repository/org/apache/ratis/ratis-metrics/0.4.0-2337318-SNAPSHOT/ratis-metrics-0.4.0-2337318-SNAPSHOT.jar:/home/user/.m2/repository/org/apache/ratis/ratis-netty/0.4.0-2337318-SNAPSHOT/ratis-netty-0.4.0-2337318-SNAPSHOT.jar:/home/user/.m2/repository/org/apache/ratis/ratis-grpc/0.4.0-2337318-SNAPSHOT/ratis-grpc-0.4.0-2337318-SNAPSHOT.jar:/home/user/.m2/repository/org/rocksdb/rocksdbjni/6.0.1/rocksdbjni-6.0.1.jar:/home/user/.m2/repository/org/apache/logging/log4j/log4j-api/2.11.0/log4j-api-2.11.0.jar:/home/user/.m2/repository/org/apache/logging/log4j/log4j-core/2.11.0/log4j-core-2.11.0.jar:/home/user/.m2/repository/com/lmax/disruptor/3.4.2/disruptor-3.4.2.jar:/home/user/.m2/repository/org/apache/commons/commons-pool2/2.6.0/commons-pool2-2.6.0.jar:/home/user/.m2/repository/org/bouncycastle/bcpkix-jdk15on/1.60/bcpkix-jdk15on-1.60.jar:/home/user/.m2/repository/commons-validator/commons-validator/1.6/commons-validator-1.6.jar:/home/user/.m2/repository/commons-digester/commons-digester/1.8.1/commons-digester-1.8.1.jar:/home/user/.m2/repository/io/jaegertracing/jaeger-client/0.33.1/jaeger-client-0.33.1.jar:/home/user/.m2/repository/io/jaegertracing/jaeger-thrift/0.33.1/jaeger-thrift-0.33.1.jar:/home/user/.m2/repository/org/apache/thrift/libthrift/0.11.0/libthrift-0.11.0.jar:/home/user/.m2/repository/com/squareup/okhttp3/okhttp/3.9.0/okhttp-3.9.0.jar:/home/user/.m2/repository/com/squareup/okio/okio/1.13.0/okio-1.13.0.jar:/home/user/.m2/repository/io/jaegertracing/jaeger-core/0.33.1/jaeger-core-0.33.1.jar:/home/user/.m2/repository/io/jaegertracing/jaeger-tracerresolver/0.33.1/jaeger-tracerresolver-0.33.1.jar:/home/user/.m2/repository/io/opentracing/contrib/opentracing-tracerresolver/0.1.5/opentracing-tracerresolver-0.1.5.jar:/home/user/.m2/repository/io/opentracing/opentracing-util/0.31.0/opentracing-util-0.31.0.jar:/home/user/.m2/repository/io/opentracing/opentracing-api/0.31.0/opentracing-api-0.31.0.jar:/home/user/.m2/repository/io/opentracing/opentracing-noop/0.31.0/opentracing-noop-0.31.0.jar:/home/user/.m2/repository/org/yaml/snakeyaml/1.16/snakeyaml-1.16.jar:/home/user/.m2/repository/org/apache/hadoop/hadoop-hdds-container-service/0.5.0-SNAPSHOT/hadoop-hdds-container-service-0.5.0-SNAPSHOT.jar:/home/user/.m2/repository/org/apache/hadoop/hadoop-hdds-client/0.5.0-SNAPSHOT/hadoop-hdds-client-0.5.0-SNAPSHOT.jar:/home/user/.m2/repository/org/apache/hadoop/hadoop-hdds-tools/0.5.0-SNAPSHOT/hadoop-hdds-tools-0.5.0-SNAPSHOT.jar:/home/user/.m2/repository/org/xerial/sqlite-jdbc/3.25.2/sqlite-jdbc-3.25.2.jar:/home/user/.m2/repository/org/apache/hadoop/hadoop-hdds-server-scm/0.5.0-SNAPSHOT/hadoop-hdds-server-scm-0.5.0-SNAPSHOT.jar:/home/user/.m2/repository/org/hamcrest/hamcrest-all/1.3/hamcrest-all-1.3.jar:/home/user/.m2/repository/info/picocli/picocli/3.9.6/picocli-3.9.6.jar:/home/user/.m2/repository/com/google/protobuf/protobuf-java/2.5.0/protobuf-java-2.5.0.jar:/home/user/.m2/repository/com/google/guava/guava/11.0.2/guava-11.0.2.jar:/home/user/.m2/repository/org/apache/hadoop/hadoop-ozone-client/0.5.0-SNAPSHOT/hadoop-ozone-client-0.5.0-SNAPSHOT.jar:/workdir/hadoop-ozone/ozonefs/target/classes:/home/user/.m2/repository/org/apache/hadoop/hadoop-hdds-server-framework/0.5.0-SNAPSHOT/hadoop-hdds-server-framework-0.5.0-SNAPSHOT.jar:/home/user/.m2/repository/org/apache/hadoop/hadoop-common/3.2.0/hadoop-common-3.2.0.jar:/home/user/.m2/repository/org/apache/hadoop/hadoop-annotations/3.2.0/hadoop-annotations-3.2.0.jar:/usr/lib/jvm/java-1.8-openjdk/jre/../lib/tools.jar:/home/user/.m2/repository/commons-cli/commons-cli/1.2/commons-cli-1.2.jar:/home/user/.m2/repository/org/apache/commons/commons-math3/3.1.1/commons-math3-3.1.1.jar:/home/user/.m2/repository/org/apache/httpcomponents/httpclient/4.5.2/httpclient-4.5.2.jar:/home/user/.m2/repository/org/apache/httpcomponents/httpcore/4.4.4/httpcore-4.4.4.jar:/home/user/.m2/repository/commons-codec/commons-codec/1.11/commons-codec-1.11.jar:/home/user/.m2/repository/commons-io/commons-io/2.5/commons-io-2.5.jar:/home/user/.m2/repository/commons-net/commons-net/3.6/commons-net-3.6.jar:/home/user/.m2/repository/commons-collections/commons-collections/3.2.2/commons-collections-3.2.2.jar:/home/user/.m2/repository/javax/servlet/javax.servlet-api/3.1.0/javax.servlet-api-3.1.0.jar:/home/user/.m2/repository/org/eclipse/jetty/jetty-server/9.3.24.v20180605/jetty-server-9.3.24.v20180605.jar:/home/user/.m2/repository/org/eclipse/jetty/jetty-http/9.3.24.v20180605/jetty-http-9.3.24.v20180605.jar:/home/user/.m2/repository/org/eclipse/jetty/jetty-io/9.3.24.v20180605/jetty-io-9.3.24.v20180605.jar:/home/user/.m2/repository/org/eclipse/jetty/jetty-util/9.3.24.v20180605/jetty-util-9.3.24.v20180605.jar:/home/user/.m2/repository/org/eclipse/jetty/jetty-servlet/9.3.24.v20180605/jetty-servlet-9.3.24.v20180605.jar:/home/user/.m2/repository/org/eclipse/jetty/jetty-security/9.3.24.v20180605/jetty-security-9.3.24.v20180605.jar:/home/user/.m2/repository/org/eclipse/jetty/jetty-webapp/9.3.24.v20180605/jetty-webapp-9.3.24.v20180605.jar:/home/user/.m2/repository/org/eclipse/jetty/jetty-xml/9.3.24.v20180605/jetty-xml-9.3.24.v20180605.jar:/home/user/.m2/repository/javax/servlet/jsp/jsp-api/2.1/jsp-api-2.1.jar:/home/user/.m2/repository/com/sun/jersey/jersey-core/1.19/jersey-core-1.19.jar:/home/user/.m2/repository/javax/ws/rs/jsr311-api/1.1.1/jsr311-api-1.1.1.jar:/home/user/.m2/repository/com/sun/jersey/jersey-servlet/1.19/jersey-servlet-1.19.jar:/home/user/.m2/repository/com/sun/jersey/jersey-json/1.19/jersey-json-1.19.jar:/home/user/.m2/repository/org/codehaus/jettison/jettison/1.1/jettison-1.1.jar:/home/user/.m2/repository/com/sun/xml/bind/jaxb-impl/2.3.0.1/jaxb-impl-2.3.0.1.jar:/home/user/.m2/repository/org/codehaus/jackson/jackson-core-asl/1.9.13/jackson-core-asl-1.9.13.jar:/home/user/.m2/repository/org/codehaus/jackson/jackson-mapper-asl/1.9.13/jackson-mapper-asl-1.9.13.jar:/home/user/.m2/repository/org/codehaus/jackson/jackson-jaxrs/1.9.13/jackson-jaxrs-1.9.13.jar:/home/user/.m2/repository/org/codehaus/jackson/jackson-xc/1.9.13/jackson-xc-1.9.13.jar:/home/user/.m2/repository/com/sun/jersey/jersey-server/1.19/jersey-server-1.19.jar:/home/user/.m2/repository/commons-logging/commons-logging/1.1.3/commons-logging-1.1.3.jar:/home/user/.m2/repository/log4j/log4j/1.2.17/log4j-1.2.17.jar:/home/user/.m2/repository/commons-beanutils/commons-beanutils/1.9.3/commons-beanutils-1.9.3.jar:/home/user/.m2/repository/org/apache/commons/commons-configuration2/2.1.1/commons-configuration2-2.1.1.jar:/home/user/.m2/repository/org/apache/commons/commons-lang3/3.7/commons-lang3-3.7.jar:/home/user/.m2/repository/org/apache/commons/commons-text/1.4/commons-text-1.4.jar:/home/user/.m2/repository/org/slf4j/slf4j-api/1.7.25/slf4j-api-1.7.25.jar:/home/user/.m2/repository/org/slf4j/slf4j-log4j12/1.7.25/slf4j-log4j12-1.7.25.jar:/home/user/.m2/repository/org/apache/avro/avro/1.7.7/avro-1.7.7.jar:/home/user/.m2/repository/com/thoughtworks/paranamer/paranamer/2.3/paranamer-2.3.jar:/home/user/.m2/repository/org/xerial/snappy/snappy-java/1.0.5/snappy-java-1.0.5.jar:/home/user/.m2/repository/com/google/re2j/re2j/1.1/re2j-1.1.jar:/home/user/.m2/repository/com/google/code/gson/gson/2.2.4/gson-2.2.4.jar:/home/user/.m2/repository/org/apache/hadoop/hadoop-auth/3.2.0/hadoop-auth-3.2.0.jar:/home/user/.m2/repository/com/nimbusds/nimbus-jose-jwt/4.41.1/nimbus-jose-jwt-4.41.1.jar:/home/user/.m2/repository/com/github/stephenc/jcip/jcip-annotations/1.0-1/jcip-annotations-1.0-1.jar:/home/user/.m2/repository/net/minidev/json-smart/2.3/json-smart-2.3.jar:/home/user/.m2/repository/net/minidev/accessors-smart/1.2/accessors-smart-1.2.jar:/home/user/.m2/repository/org/apache/curator/curator-framework/2.12.0/curator-framework-2.12.0.jar:/home/user/.m2/repository/com/jcraft/jsch/0.1.54/jsch-0.1.54.jar:/home/user/.m2/repository/org/apache/curator/curator-client/2.12.0/curator-client-2.12.0.jar:/home/user/.m2/repository/org/apache/curator/curator-recipes/2.12.0/curator-recipes-2.12.0.jar:/home/user/.m2/repository/com/google/code/findbugs/jsr305/3.0.0/jsr305-3.0.0.jar:/home/user/.m2/repository/org/apache/htrace/htrace-core4/4.1.0-incubating/htrace-core4-4.1.0-incubating.jar:/home/user/.m2/repository/org/apache/zookeeper/zookeeper/3.4.13/zookeeper-3.4.13.jar:/home/user/.m2/repository/org/apache/yetus/audience-annotations/0.5.0/audience-annotations-0.5.0.jar:/home/user/.m2/repository/org/apache/kerby/kerb-simplekdc/1.0.1/kerb-simplekdc-1.0.1.jar:/home/user/.m2/repository/org/apache/kerby/kerb-client/1.0.1/kerb-client-1.0.1.jar:/home/user/.m2/repository/org/apache/kerby/kerby-config/1.0.1/kerby-config-1.0.1.jar:/home/user/.m2/repository/org/apache/kerby/kerb-core/1.0.1/kerb-core-1.0.1.jar:/home/user/.m2/repository/org/apache/kerby/kerby-pkix/1.0.1/kerby-pkix-1.0.1.jar:/home/user/.m2/repository/org/apache/kerby/kerby-asn1/1.0.1/kerby-asn1-1.0.1.jar:/home/user/.m2/repository/org/apache/kerby/kerby-util/1.0.1/kerby-util-1.0.1.jar:/home/user/.m2/repository/org/apache/kerby/kerb-common/1.0.1/kerb-common-1.0.1.jar:/home/user/.m2/repository/org/apache/kerby/kerb-crypto/1.0.1/kerb-crypto-1.0.1.jar:/home/user/.m2/repository/org/apache/kerby/kerb-util/1.0.1/kerb-util-1.0.1.jar:/home/user/.m2/repository/org/apache/kerby/token-provider/1.0.1/token-provider-1.0.1.jar:/home/user/.m2/repository/org/apache/kerby/kerb-admin/1.0.1/kerb-admin-1.0.1.jar:/home/user/.m2/repository/org/apache/kerby/kerb-server/1.0.1/kerb-server-1.0.1.jar:/home/user/.m2/repository/org/apache/kerby/kerb-identity/1.0.1/kerb-identity-1.0.1.jar:/home/user/.m2/repository/org/apache/kerby/kerby-xdr/1.0.1/kerby-xdr-1.0.1.jar:/home/user/.m2/repository/com/fasterxml/jackson/core/jackson-databind/2.9.5/jackson-databind-2.9.5.jar:/home/user/.m2/repository/com/fasterxml/jackson/core/jackson-core/2.9.5/jackson-core-2.9.5.jar:/home/user/.m2/repository/org/codehaus/woodstox/stax2-api/3.1.4/stax2-api-3.1.4.jar:/home/user/.m2/repository/com/fasterxml/woodstox/woodstox-core/5.0.3/woodstox-core-5.0.3.jar:/home/user/.m2/repository/dnsjava/dnsjava/2.1.7/dnsjava-2.1.7.jar:/home/user/.m2/repository/org/apache/hadoop/hadoop-hdfs/3.2.0/hadoop-hdfs-3.2.0.jar:/home/user/.m2/repository/org/eclipse/jetty/jetty-util-ajax/9.3.24.v20180605/jetty-util-ajax-9.3.24.v20180605.jar:/home/user/.m2/repository/commons-daemon/commons-daemon/1.0.13/commons-daemon-1.0.13.jar:/home/user/.m2/repository/io/netty/netty/3.10.5.Final/netty-3.10.5.Final.jar:/home/user/.m2/repository/io/netty/netty-all/4.0.52.Final/netty-all-4.0.52.Final.jar:/home/user/.m2/repository/org/fusesource/leveldbjni/leveldbjni-all/1.8/leveldbjni-all-1.8.jar:/home/user/.m2/repository/com/sun/xml/bind/jaxb-core/2.3.0.1/jaxb-core-2.3.0.1.jar:/home/user/.m2/repository/javax/xml/bind/jaxb-api/2.3.0/jaxb-api-2.3.0.jar:/home/user/.m2/repository/javax/activation/activation/1.1.1/activation-1.1.1.jar:/home/user/.m2/repository/io/dropwizard/metrics/metrics-core/3.2.4/metrics-core-3.2.4.jar:/home/user/.m2/repository/org/openjdk/jmh/jmh-core/1.19/jmh-core-1.19.jar:/home/user/.m2/repository/net/sf/jopt-simple/jopt-simple/4.6/jopt-simple-4.6.jar:/home/user/.m2/repository/org/openjdk/jmh/jmh-generator-annprocess/1.19/jmh-generator-annprocess-1.19.jar:/home/user/.m2/repository/com/google/code/findbugs/findbugs/3.0.1/findbugs-3.0.1.jar:/home/user/.m2/repository/net/jcip/jcip-annotations/1.0/jcip-annotations-1.0.jar:/home/user/.m2/repository/com/google/code/findbugs/bcel-findbugs/6.0/bcel-findbugs-6.0.jar:/home/user/.m2/repository/com/google/code/findbugs/jFormatString/2.0.1/jFormatString-2.0.1.jar:/home/user/.m2/repository/dom4j/dom4j/1.6.1/dom4j-1.6.1.jar:/home/user/.m2/repository/xml-apis/xml-apis/1.0.b2/xml-apis-1.0.b2.jar:/home/user/.m2/repository/org/ow2/asm/asm-debug-all/5.0.2/asm-debug-all-5.0.2.jar:/home/user/.m2/repository/org/ow2/asm/asm-commons/5.0.2/asm-commons-5.0.2.jar:/home/user/.m2/repository/org/ow2/asm/asm-tree/5.0.2/asm-tree-5.0.2.jar:/home/user/.m2/repository/org/ow2/asm/asm/5.0.4/asm-5.0.4.jar:/home/user/.m2/repository/commons-lang/commons-lang/2.6/commons-lang-2.6.jar:/home/user/.m2/repository/com/apple/AppleJavaExtensions/1.4/AppleJavaExtensions-1.4.jar:/home/user/.m2/repository/jaxen/jaxen/1.1.6/jaxen-1.1.6.jar:/home/user/.m2/repository/junit/junit/4.11/junit-4.11.jar:/home/user/.m2/repository/org/hamcrest/hamcrest-core/1.3/hamcrest-core-1.3.jar:/home/user/.m2/repository/org/apache/hadoop/hadoop-common/3.2.0/hadoop-common-3.2.0-tests.jar:/workdir/hadoop-ozone/integration-test/target/test-classes:/home/user/.m2/repository/org/apache/hadoop/hadoop-ozone-objectstore-service/0.5.0-SNAPSHOT/hadoop-ozone-objectstore-service-0.5.0-SNAPSHOT.jar:/home/user/.m2/repository/org/apache/hadoop/hadoop-ozone-s3gateway/0.5.0-SNAPSHOT/hadoop-ozone-s3gateway-0.5.0-SNAPSHOT.jar:/home/user/.m2/repository/org/jboss/weld/servlet/weld-servlet/2.4.7.Final/weld-servlet-2.4.7.Final.jar:/home/user/.m2/repository/org/glassfish/jersey/containers/jersey-container-servlet-core/2.27/jersey-container-servlet-core-2.27.jar:/home/user/.m2/repository/org/glassfish/hk2/external/javax.inject/2.5.0-b42/javax.inject-2.5.0-b42.jar:/home/user/.m2/repository/org/glassfish/jersey/core/jersey-common/2.27/jersey-common-2.27.jar:/home/user/.m2/repository/org/glassfish/hk2/osgi-resource-locator/1.0.1/osgi-resource-locator-1.0.1.jar:/home/user/.m2/repository/javax/ws/rs/javax.ws.rs-api/2.1/javax.ws.rs-api-2.1.jar:/home/user/.m2/repository/org/glassfish/jersey/ext/cdi/jersey-cdi1x/2.27/jersey-cdi1x-2.27.jar:/home/user/.m2/repository/org/glassfish/jersey/inject/jersey-hk2/2.27/jersey-hk2-2.27.jar:/home/user/.m2/repository/org/glassfish/hk2/hk2-locator/2.5.0-b42/hk2-locator-2.5.0-b42.jar:/home/user/.m2/repository/org/javassist/javassist/3.22.0-CR2/javassist-3.22.0-CR2.jar:/home/user/.m2/repository/org/glassfish/hk2/hk2-api/2.5.0/hk2-api-2.5.0.jar:/home/user/.m2/repository/org/glassfish/hk2/external/jakarta.inject/2.5.0/jakarta.inject-2.5.0.jar:/home/user/.m2/repository/org/glassfish/hk2/hk2-utils/2.5.0/hk2-utils-2.5.0.jar:/home/user/.m2/repository/jakarta/annotation/jakarta.annotation-api/1.3.4/jakarta.annotation-api-1.3.4.jar:/home/user/.m2/repository/org/glassfish/hk2/external/aopalliance-repackaged/2.5.0/aopalliance-repackaged-2.5.0.jar:/home/user/.m2/repository/com/fasterxml/jackson/dataformat/jackson-dataformat-xml/2.9.0/jackson-dataformat-xml-2.9.0.jar:/home/user/.m2/repository/com/fasterxml/jackson/module/jackson-module-jaxb-annotations/2.9.5/jackson-module-jaxb-annotations-2.9.5.jar:/home/user/.m2/repository/javax/enterprise/cdi-api/1.2/cdi-api-1.2.jar:/home/user/.m2/repository/javax/el/javax.el-api/3.0.0/javax.el-api-3.0.0.jar:/home/user/.m2/repository/javax/interceptor/javax.interceptor-api/1.2/javax.interceptor-api-1.2.jar:/home/user/.m2/repository/javax/inject/javax.inject/1/javax.inject-1.jar:/home/user/.m2/repository/org/apache/hadoop/hadoop-ozone-csi/0.5.0-SNAPSHOT/hadoop-ozone-csi-0.5.0-SNAPSHOT.jar:/home/user/.m2/repository/com/google/protobuf/protobuf-java-util/3.5.1/protobuf-java-util-3.5.1.jar:/home/user/.m2/repository/io/grpc/grpc-netty/1.17.1/grpc-netty-1.17.1.jar:/home/user/.m2/repository/io/grpc/grpc-core/1.17.1/grpc-core-1.17.1.jar:/home/user/.m2/repository/io/grpc/grpc-context/1.17.1/grpc-context-1.17.1.jar:/home/user/.m2/repository/com/google/errorprone/error_prone_annotations/2.2.0/error_prone_annotations-2.2.0.jar:/home/user/.m2/repository/org/codehaus/mojo/animal-sniffer-annotations/1.17/animal-sniffer-annotations-1.17.jar:/home/user/.m2/repository/io/opencensus/opencensus-api/0.17.0/opencensus-api-0.17.0.jar:/home/user/.m2/repository/io/opencensus/opencensus-contrib-grpc-metrics/0.17.0/opencensus-contrib-grpc-metrics-0.17.0.jar:/home/user/.m2/repository/io/netty/netty-codec-http2/4.1.30.Final/netty-codec-http2-4.1.30.Final.jar:/home/user/.m2/repository/io/netty/netty-codec-http/4.1.30.Final/netty-codec-http-4.1.30.Final.jar:/home/user/.m2/repository/io/netty/netty-codec/4.1.30.Final/netty-codec-4.1.30.Final.jar:/home/user/.m2/repository/io/netty/netty-handler/4.1.30.Final/netty-handler-4.1.30.Final.jar:/home/user/.m2/repository/io/netty/netty-handler-proxy/4.1.30.Final/netty-handler-proxy-4.1.30.Final.jar:/home/user/.m2/repository/io/netty/netty-codec-socks/4.1.30.Final/netty-codec-socks-4.1.30.Final.jar:/home/user/.m2/repository/io/netty/netty-transport-native-epoll/4.1.30.Final/netty-transport-native-epoll-4.1.30.Final.jar:/home/user/.m2/repository/io/netty/netty-common/4.1.30.Final/netty-common-4.1.30.Final.jar:/home/user/.m2/repository/io/netty/netty-buffer/4.1.30.Final/netty-buffer-4.1.30.Final.jar:/home/user/.m2/repository/io/netty/netty-transport/4.1.30.Final/netty-transport-4.1.30.Final.jar:/home/user/.m2/repository/io/netty/netty-resolver/4.1.30.Final/netty-resolver-4.1.30.Final.jar:/home/user/.m2/repository/io/netty/netty-transport-native-unix-common/4.1.30.Final/netty-transport-native-unix-common-4.1.30.Final.jar:/home/user/.m2/repository/io/grpc/grpc-protobuf/1.17.1/grpc-protobuf-1.17.1.jar:/home/user/.m2/repository/com/google/api/grpc/proto-google-common-protos/1.0.0/proto-google-common-protos-1.0.0.jar:/home/user/.m2/repository/io/grpc/grpc-protobuf-lite/1.17.1/grpc-protobuf-lite-1.17.1.jar:/home/user/.m2/repository/io/grpc/grpc-stub/1.17.1/grpc-stub-1.17.1.jar:/home/user/.m2/repository/org/apache/hadoop/hadoop-ozone-recon/0.5.0-SNAPSHOT/hadoop-ozone-recon-0.5.0-SNAPSHOT.jar:/home/user/.m2/repository/org/apache/hadoop/hadoop-ozone-reconcodegen/0.5.0-SNAPSHOT/hadoop-ozone-reconcodegen-0.5.0-SNAPSHOT.jar:/home/user/.m2/repository/com/google/inject/extensions/guice-multibindings/4.0/guice-multibindings-4.0.jar:/home/user/.m2/repository/com/google/inject/guice/4.0/guice-4.0.jar:/home/user/.m2/repository/aopalliance/aopalliance/1.0/aopalliance-1.0.jar:/home/user/.m2/repository/com/google/inject/extensions/guice-servlet/4.0/guice-servlet-4.0.jar:/home/user/.m2/repository/org/glassfish/jersey/containers/jersey-container-servlet/2.27/jersey-container-servlet-2.27.jar:/home/user/.m2/repository/org/glassfish/hk2/guice-bridge/2.5.0/guice-bridge-2.5.0.jar:/home/user/.m2/repository/org/glassfish/jersey/core/jersey-server/2.27/jersey-server-2.27.jar:/home/user/.m2/repository/org/glassfish/jersey/core/jersey-client/2.27/jersey-client-2.27.jar:/home/user/.m2/repository/org/glassfish/jersey/media/jersey-media-jaxb/2.27/jersey-media-jaxb-2.27.jar:/home/user/.m2/repository/javax/validation/validation-api/1.1.0.Final/validation-api-1.1.0.Final.jar:/home/user/.m2/repository/org/glassfish/jersey/media/jersey-media-json-jackson/2.27/jersey-media-json-jackson-2.27.jar:/home/user/.m2/repository/org/glassfish/jersey/ext/jersey-entity-filtering/2.27/jersey-entity-filtering-2.27.jar:/home/user/.m2/repository/com/google/inject/extensions/guice-assistedinject/4.0/guice-assistedinject-4.0.jar:/home/user/.m2/repository/org/jooq/jooq/3.11.10/jooq-3.11.10.jar:/home/user/.m2/repository/org/jooq/jooq-meta/3.11.10/jooq-meta-3.11.10.jar:/home/user/.m2/repository/org/jooq/jooq-codegen/3.11.10/jooq-codegen-3.11.10.jar:/home/user/.m2/repository/com/jolbox/bonecp/0.8.0.RELEASE/bonecp-0.8.0.RELEASE.jar:/home/user/.m2/repository/org/springframework/spring-jdbc/5.1.3.RELEASE/spring-jdbc-5.1.3.RELEASE.jar:/home/user/.m2/repository/org/springframework/spring-beans/5.1.3.RELEASE/spring-beans-5.1.3.RELEASE.jar:/home/user/.m2/repository/org/springframework/spring-core/5.1.3.RELEASE/spring-core-5.1.3.RELEASE.jar:/home/user/.m2/repository/org/springframework/spring-jcl/5.1.3.RELEASE/spring-jcl-5.1.3.RELEASE.jar:/home/user/.m2/repository/org/springframework/spring-tx/5.1.3.RELEASE/spring-tx-5.1.3.RELEASE.jar:/home/user/.m2/repository/org/mockito/mockito-core/2.15.0/mockito-core-2.15.0.jar:/home/user/.m2/repository/net/bytebuddy/byte-buddy/1.7.9/byte-buddy-1.7.9.jar:/home/user/.m2/repository/net/bytebuddy/byte-buddy-agent/1.7.9/byte-buddy-agent-1.7.9.jar:/home/user/.m2/repository/org/objenesis/objenesis/1.0/objenesis-1.0.jar:"/>
    <property name="sun.cpu.endian" value="little"/>
    <property name="user.home" value="/home/user"/>
    <property name="user.language" value="en"/>
    <property name="java.specification.vendor" value="Oracle Corporation"/>
    <property name="java.home" value="/usr/lib/jvm/java-1.8-openjdk/jre"/>
    <property name="java.security.krb5.conf" value="/workdir/hadoop-ozone/tools/target/test-classes/krb5.conf"/>
    <property name="basedir" value="/workdir/hadoop-ozone/tools"/>
    <property name="file.separator" value="/"/>
    <property name="line.separator" value="&#10;"/>
    <property name="java.vm.specification.vendor" value="Oracle Corporation"/>
    <property name="java.specification.name" value="Java Platform API Specification"/>
    <property name="java.awt.graphicsenv" value="sun.awt.X11GraphicsEnvironment"/>
    <property name="surefire.real.class.path" value="/workdir/hadoop-ozone/tools/target/surefire/surefirebooter1986336479383719561.jar"/>
    <property name="hadoop.log.dir" value="/workdir/hadoop-ozone/tools/target/log"/>
    <property name="sun.boot.class.path" value="/usr/lib/jvm/java-1.8-openjdk/jre/lib/resources.jar:/usr/lib/jvm/java-1.8-openjdk/jre/lib/rt.jar:/usr/lib/jvm/java-1.8-openjdk/jre/lib/sunrsasign.jar:/usr/lib/jvm/java-1.8-openjdk/jre/lib/jsse.jar:/usr/lib/jvm/java-1.8-openjdk/jre/lib/jce.jar:/usr/lib/jvm/java-1.8-openjdk/jre/lib/charsets.jar:/usr/lib/jvm/java-1.8-openjdk/jre/lib/jfr.jar:/usr/lib/jvm/java-1.8-openjdk/jre/classes"/>
    <property name="sun.management.compiler" value="HotSpot 64-Bit Tiered Compilers"/>
    <property name="java.runtime.version" value="1.8.0_212-b04"/>
    <property name="java.net.preferIPv4Stack" value="true"/>
    <property name="user.name" value="jenkins1000"/>
    <property name="path.separator" value=":"/>
    <property name="java.security.egd" value="file:///dev/urandom"/>
    <property name="os.version" value="3.10.0-957.12.2.el7.x86_64"/>
    <property name="java.endorsed.dirs" value="/usr/lib/jvm/java-1.8-openjdk/jre/lib/endorsed"/>
    <property name="java.runtime.name" value="OpenJDK Runtime Environment"/>
    <property name="file.encoding" value="UTF-8"/>
    <property name="java.vm.name" value="OpenJDK 64-Bit Server VM"/>
    <property name="test.build.webapps" value=""/>
    <property name="localRepository" value="/home/user/.m2/repository"/>
    <property name="java.vendor.url.bug" value="https://icedtea.classpath.org/bugzilla"/>
    <property name="java.io.tmpdir" value="/tmp"/>
    <property name="require.test.libhadoop" value=""/>
    <property name="java.version" value="1.8.0_212"/>
    <property name="user.dir" value="/workdir/hadoop-ozone/tools"/>
    <property name="os.arch" value="amd64"/>
    <property name="java.vm.specification.name" value="Java Virtual Machine Specification"/>
    <property name="test.build.classes" value="/workdir/hadoop-ozone/tools/target/test-classes"/>
    <property name="java.awt.printerjob" value="sun.print.PSPrinterJob"/>
    <property name="sun.os.patch.level" value="unknown"/>
    <property name="hadoop.tmp.dir" value="/workdir/hadoop-ozone/tools/target/tmp"/>
    <property name="java.library.path" value="/usr/lib/jvm/java-1.8-openjdk/jre/lib/amd64/server:/usr/lib/jvm/java-1.8-openjdk/jre/lib/amd64:/usr/lib/jvm/java-1.8-openjdk/jre/../lib/amd64:/workdir/hadoop-ozone/tools/target/native/target/usr/local/lib:/workdir/hadoop-ozone/tools/../../hadoop-common-project/hadoop-common/target/native/target/usr/local/lib:/usr/java/packages/lib/amd64:/usr/lib64:/lib64:/lib:/usr/lib"/>
    <property name="java.vm.info" value="mixed mode"/>
    <property name="java.vendor" value="IcedTea"/>
    <property name="java.vm.version" value="25.212-b04"/>
    <property name="java.ext.dirs" value="/usr/lib/jvm/java-1.8-openjdk/jre/lib/ext:/usr/java/packages/lib/ext"/>
    <property name="sun.io.unicode.encoding" value="UnicodeLittle"/>
    <property name="java.class.version" value="52.0"/>
  </properties>
  <testcase name="ratisTest3" classname="org.apache.hadoop.ozone.freon.TestRandomKeyGenerator" time="15.298"/>
  <testcase name="testThreadPoolSize" classname="org.apache.hadoop.ozone.freon.TestRandomKeyGenerator" time="5.033"/>
  <testcase name="defaultTest" classname="org.apache.hadoop.ozone.freon.TestRandomKeyGenerator" time="5.024"/>
  <testcase name="bigFileThan2GB" classname="org.apache.hadoop.ozone.freon.TestRandomKeyGenerator" time="77.714">
    <error message="Allocated 0 blocks. Requested 1 blocks" type="INTERNAL_ERROR org.apache.hadoop.ozone.om.exceptions.OMException">INTERNAL_ERROR org.apache.hadoop.ozone.om.exceptions.OMException: Allocated 0 blocks. Requested 1 blocks
	at org.apache.hadoop.ozone.om.protocolPB.OzoneManagerProtocolClientSideTranslatorPB.handleError(OzoneManagerProtocolClientSideTranslatorPB.java:725)
	at org.apache.hadoop.ozone.om.protocolPB.OzoneManagerProtocolClientSideTranslatorPB.allocateBlock(OzoneManagerProtocolClientSideTranslatorPB.java:757)
	at org.apache.hadoop.ozone.client.io.BlockOutputStreamEntryPool.allocateNewBlock(BlockOutputStreamEntryPool.java:248)
	at org.apache.hadoop.ozone.client.io.BlockOutputStreamEntryPool.allocateBlockIfNeeded(BlockOutputStreamEntryPool.java:296)
	at org.apache.hadoop.ozone.client.io.KeyOutputStream.handleWrite(KeyOutputStream.java:201)
	at org.apache.hadoop.ozone.client.io.KeyOutputStream.write(KeyOutputStream.java:193)
	at org.apache.hadoop.ozone.client.io.OzoneOutputStream.write(OzoneOutputStream.java:49)
	at org.apache.hadoop.ozone.freon.RandomKeyGenerator.createKey(RandomKeyGenerator.java:699)
	at org.apache.hadoop.ozone.freon.RandomKeyGenerator.access$1100(RandomKeyGenerator.java:87)
	at org.apache.hadoop.ozone.freon.RandomKeyGenerator$ObjectCreator.run(RandomKeyGenerator.java:606)
	at java.util.concurrent.Executors$RunnableAdapter.call(Executors.java:511)
	at java.util.concurrent.FutureTask.run(FutureTask.java:266)
	at java.util.concurrent.ThreadPoolExecutor.runWorker(ThreadPoolExecutor.java:1149)
	at java.util.concurrent.ThreadPoolExecutor$Worker.run(ThreadPoolExecutor.java:624)
	at java.lang.Thread.run(Thread.java:748)
</error>
    <system-out><![CDATA[2019-08-23 18:28:45,162 | INFO  | SCMAudit | user=jenkins1000 | ip=192.168.34.23 | op=SEND_HEARTBEAT {datanodeUUID=c83cddd0-22b5-491d-bff0-a36373498de2, command=[]} | ret=SUCCESS |  
2019-08-23 18:28:45,529 | INFO  | SCMAudit | user=jenkins1000 | ip=192.168.34.23 | op=SEND_HEARTBEAT {datanodeUUID=48affcab-e6e4-4602-963a-f6a50efbd54c, command=[]} | ret=SUCCESS |  
2019-08-23 18:28:45,534 | INFO  | SCMAudit | user=jenkins1000 | ip=192.168.34.23 | op=SEND_HEARTBEAT {datanodeUUID=7e391b60-07ae-4d97-a027-4756e468c032, command=[]} | ret=SUCCESS |  
2019-08-23 18:28:45,537 | INFO  | SCMAudit | user=jenkins1000 | ip=192.168.34.23 | op=SEND_HEARTBEAT {datanodeUUID=58706fd2-d7f7-4771-af80-9e0541495c87, command=[]} | ret=SUCCESS |  
2019-08-23 18:28:45,537 | INFO  | SCMAudit | user=jenkins1000 | ip=192.168.34.23 | op=SEND_HEARTBEAT {datanodeUUID=c5f86d96-67df-4f25-bde3-316f439d30b3, command=[]} | ret=SUCCESS |  
2019-08-23 18:28:46,163 | INFO  | SCMAudit | user=jenkins1000 | ip=192.168.34.23 | op=SEND_HEARTBEAT {datanodeUUID=c83cddd0-22b5-491d-bff0-a36373498de2, command=[]} | ret=SUCCESS |  
2019-08-23 18:28:46,529 | INFO  | SCMAudit | user=jenkins1000 | ip=192.168.34.23 | op=SEND_HEARTBEAT {datanodeUUID=48affcab-e6e4-4602-963a-f6a50efbd54c, command=[]} | ret=SUCCESS |  
2019-08-23 18:28:46,534 | INFO  | SCMAudit | user=jenkins1000 | ip=192.168.34.23 | op=SEND_HEARTBEAT {datanodeUUID=7e391b60-07ae-4d97-a027-4756e468c032, command=[]} | ret=SUCCESS |  
2019-08-23 18:28:46,537 | INFO  | SCMAudit | user=jenkins1000 | ip=192.168.34.23 | op=SEND_HEARTBEAT {datanodeUUID=58706fd2-d7f7-4771-af80-9e0541495c87, command=[]} | ret=SUCCESS |  
2019-08-23 18:28:46,537 | INFO  | SCMAudit | user=jenkins1000 | ip=192.168.34.23 | op=SEND_HEARTBEAT {datanodeUUID=c5f86d96-67df-4f25-bde3-316f439d30b3, command=[]} | ret=SUCCESS |  
2019-08-23 18:28:47,163 | INFO  | SCMAudit | user=jenkins1000 | ip=192.168.34.23 | op=SEND_HEARTBEAT {datanodeUUID=c83cddd0-22b5-491d-bff0-a36373498de2, command=[]} | ret=SUCCESS |  
2019-08-23 18:28:47,529 | INFO  | SCMAudit | user=jenkins1000 | ip=192.168.34.23 | op=SEND_HEARTBEAT {datanodeUUID=48affcab-e6e4-4602-963a-f6a50efbd54c, command=[]} | ret=SUCCESS |  
2019-08-23 18:28:47,535 | INFO  | SCMAudit | user=jenkins1000 | ip=192.168.34.23 | op=SEND_HEARTBEAT {datanodeUUID=7e391b60-07ae-4d97-a027-4756e468c032, command=[]} | ret=SUCCESS |  
2019-08-23 18:28:47,536 | INFO  | SCMAudit | user=jenkins1000 | ip=192.168.34.23 | op=SEND_HEARTBEAT {datanodeUUID=58706fd2-d7f7-4771-af80-9e0541495c87, command=[]} | ret=SUCCESS |  
2019-08-23 18:28:47,538 | INFO  | SCMAudit | user=jenkins1000 | ip=192.168.34.23 | op=SEND_HEARTBEAT {datanodeUUID=c5f86d96-67df-4f25-bde3-316f439d30b3, command=[]} | ret=SUCCESS |  
2019-08-23 18:28:48,163 | INFO  | SCMAudit | user=jenkins1000 | ip=192.168.34.23 | op=SEND_HEARTBEAT {datanodeUUID=c83cddd0-22b5-491d-bff0-a36373498de2, command=[]} | ret=SUCCESS |  
2019-08-23 18:28:48,530 | INFO  | SCMAudit | user=jenkins1000 | ip=192.168.34.23 | op=SEND_HEARTBEAT {datanodeUUID=48affcab-e6e4-4602-963a-f6a50efbd54c, command=[]} | ret=SUCCESS |  
2019-08-23 18:28:48,535 | INFO  | SCMAudit | user=jenkins1000 | ip=192.168.34.23 | op=SEND_HEARTBEAT {datanodeUUID=7e391b60-07ae-4d97-a027-4756e468c032, command=[]} | ret=SUCCESS |  
2019-08-23 18:28:48,537 | INFO  | SCMAudit | user=jenkins1000 | ip=192.168.34.23 | op=SEND_HEARTBEAT {datanodeUUID=58706fd2-d7f7-4771-af80-9e0541495c87, command=[]} | ret=SUCCESS |  
2019-08-23 18:28:48,537 | INFO  | SCMAudit | user=jenkins1000 | ip=192.168.34.23 | op=SEND_HEARTBEAT {datanodeUUID=c5f86d96-67df-4f25-bde3-316f439d30b3, command=[]} | ret=SUCCESS |  
2019-08-23 18:28:49,164 | INFO  | SCMAudit | user=jenkins1000 | ip=192.168.34.23 | op=SEND_HEARTBEAT {datanodeUUID=c83cddd0-22b5-491d-bff0-a36373498de2, command=[]} | ret=SUCCESS |  
2019-08-23 18:28:49,530 | INFO  | SCMAudit | user=jenkins1000 | ip=192.168.34.23 | op=SEND_HEARTBEAT {datanodeUUID=48affcab-e6e4-4602-963a-f6a50efbd54c, command=[]} | ret=SUCCESS |  
2019-08-23 18:28:49,536 | INFO  | SCMAudit | user=jenkins1000 | ip=192.168.34.23 | op=SEND_HEARTBEAT {datanodeUUID=7e391b60-07ae-4d97-a027-4756e468c032, command=[]} | ret=SUCCESS |  
2019-08-23 18:28:49,536 | INFO  | SCMAudit | user=jenkins1000 | ip=192.168.34.23 | op=SEND_HEARTBEAT {datanodeUUID=58706fd2-d7f7-4771-af80-9e0541495c87, command=[]} | ret=SUCCESS |  
2019-08-23 18:28:49,537 | INFO  | SCMAudit | user=jenkins1000 | ip=192.168.34.23 | op=SEND_HEARTBEAT {datanodeUUID=c5f86d96-67df-4f25-bde3-316f439d30b3, command=[]} | ret=SUCCESS |  
2019-08-23 18:28:50,162 | INFO  | SCMAudit | user=jenkins1000 | ip=192.168.34.23 | op=SEND_HEARTBEAT {datanodeUUID=c83cddd0-22b5-491d-bff0-a36373498de2, command=[]} | ret=SUCCESS |  
2019-08-23 18:28:50,530 | INFO  | SCMAudit | user=jenkins1000 | ip=192.168.34.23 | op=SEND_HEARTBEAT {datanodeUUID=48affcab-e6e4-4602-963a-f6a50efbd54c, command=[]} | ret=SUCCESS |  
2019-08-23 18:28:50,537 | INFO  | SCMAudit | user=jenkins1000 | ip=192.168.34.23 | op=SEND_HEARTBEAT {datanodeUUID=58706fd2-d7f7-4771-af80-9e0541495c87, command=[]} | ret=SUCCESS |  
2019-08-23 18:28:50,537 | INFO  | SCMAudit | user=jenkins1000 | ip=192.168.34.23 | op=SEND_HEARTBEAT {datanodeUUID=7e391b60-07ae-4d97-a027-4756e468c032, command=[]} | ret=SUCCESS |  
2019-08-23 18:28:50,538 | INFO  | SCMAudit | user=jenkins1000 | ip=192.168.34.23 | op=SEND_HEARTBEAT {datanodeUUID=c5f86d96-67df-4f25-bde3-316f439d30b3, command=[]} | ret=SUCCESS |  
2019-08-23 18:28:51,163 | INFO  | SCMAudit | user=jenkins1000 | ip=192.168.34.23 | op=SEND_HEARTBEAT {datanodeUUID=c83cddd0-22b5-491d-bff0-a36373498de2, command=[]} | ret=SUCCESS |  
2019-08-23 18:28:51,530 | INFO  | SCMAudit | user=jenkins1000 | ip=192.168.34.23 | op=SEND_HEARTBEAT {datanodeUUID=48affcab-e6e4-4602-963a-f6a50efbd54c, command=[]} | ret=SUCCESS |  
2019-08-23 18:28:51,536 | INFO  | SCMAudit | user=jenkins1000 | ip=192.168.34.23 | op=SEND_HEARTBEAT {datanodeUUID=7e391b60-07ae-4d97-a027-4756e468c032, command=[]} | ret=SUCCESS |  
2019-08-23 18:28:51,537 | INFO  | SCMAudit | user=jenkins1000 | ip=192.168.34.23 | op=SEND_HEARTBEAT {datanodeUUID=58706fd2-d7f7-4771-af80-9e0541495c87, command=[]} | ret=SUCCESS |  
2019-08-23 18:28:51,538 | INFO  | SCMAudit | user=jenkins1000 | ip=192.168.34.23 | op=SEND_HEARTBEAT {datanodeUUID=c5f86d96-67df-4f25-bde3-316f439d30b3, command=[]} | ret=SUCCESS |  
2019-08-23 18:28:52,163 | INFO  | SCMAudit | user=jenkins1000 | ip=192.168.34.23 | op=SEND_HEARTBEAT {datanodeUUID=c83cddd0-22b5-491d-bff0-a36373498de2, command=[]} | ret=SUCCESS |  
2019-08-23 18:28:52,267 [main] INFO  freon.RandomKeyGenerator (RandomKeyGenerator.java:call(275)) - Number of Threads: 1
2019-08-23 18:28:52,268 [main] INFO  freon.RandomKeyGenerator (RandomKeyGenerator.java:call(280)) - Number of Volumes: 1.
2019-08-23 18:28:52,268 [main] INFO  freon.RandomKeyGenerator (RandomKeyGenerator.java:call(281)) - Number of Buckets per Volume: 1.
2019-08-23 18:28:52,268 [main] INFO  freon.RandomKeyGenerator (RandomKeyGenerator.java:call(282)) - Number of Keys per Bucket: 1.
2019-08-23 18:28:52,268 [main] INFO  freon.RandomKeyGenerator (RandomKeyGenerator.java:call(283)) - Key size: 2147483657 bytes
2019-08-23 18:28:52,268 [main] INFO  freon.RandomKeyGenerator (RandomKeyGenerator.java:call(284)) - Buffer size: 4096 bytes
2019-08-23 18:28:52,270 [main] INFO  freon.RandomKeyGenerator (RandomKeyGenerator.java:call(298)) - Data validation is enabled.
2019-08-23 18:28:52,270 [main] INFO  freon.RandomKeyGenerator (RandomKeyGenerator.java:call(304)) - Starting progress bar Thread.

 0.00% |█                                                                                                    |  0/1 Time: 0:00:002019-08-23 18:28:52,271 [pool-282-thread-1] INFO  rpc.RpcClient (RpcClient.java:createVolume(293)) - Creating Volume: vol-0-45438, with jenkins1000 as owner.
2019-08-23 18:28:52,280 | INFO  | OMAudit | user=jenkins1000 | ip=127.0.0.1 | op=CREATE_VOLUME {admin=jenkins1000, owner=jenkins1000, volume=vol-0-45438, creationTime=1566584932279, quotaInBytes=1152921504606846976} | ret=SUCCESS |  
2019-08-23 18:28:52,282 | INFO  | OMAudit | user=jenkins1000 | ip=127.0.0.1 | op=READ_VOLUME {volume=vol-0-45438} | ret=SUCCESS |  
2019-08-23 18:28:52,283 [pool-282-thread-1] INFO  rpc.RpcClient (RpcClient.java:createBucket(432)) - Creating Bucket: vol-0-45438/bucket-0-23891, with Versioning false and Storage Type set to DISK and Encryption set to false 
2019-08-23 18:28:52,285 | INFO  | OMAudit | user=jenkins1000 | ip=127.0.0.1 | op=CREATE_BUCKET {volume=vol-0-45438, bucket=bucket-0-23891, acls=[user:jenkins1000:a[ACCESS], group:default:a[ACCESS]], isVersionEnabled=false, storageType=DISK, creationTime=0} | ret=SUCCESS |  
2019-08-23 18:28:52,287 | INFO  | OMAudit | user=jenkins1000 | ip=127.0.0.1 | op=READ_BUCKET {volume=vol-0-45438, bucket=bucket-0-23891} | ret=SUCCESS |  
2019-08-23 18:28:52,307 | INFO  | SCMAudit | user=jenkins1000 | ip=192.168.34.23 | op=ALLOCATE_BLOCK {owner=1ceb8b80-28f1-43fd-86c3-175afc07b8d1, size=4194304, type=RATIS, factor=THREE} | ret=SUCCESS |  
2019-08-23 18:28:52,330 | INFO  | OMAudit | user=jenkins1000 | ip=127.0.0.1 | op=ALLOCATE_KEY {volume=vol-0-45438, bucket=bucket-0-23891, key=key-0-22455, dataSize=2147483657, replicationType=RATIS, replicationFactor=THREE, keyLocationInfo=null} | ret=SUCCESS |  
2019-08-23 18:28:52,381 [grpc-default-executor-5] INFO  client.GrpcClientProtocolClient (GrpcClientProtocolClient.java:onNext(255)) - client-19C32667576E->c5f86d96-67df-4f25-bde3-316f439d30b3: receive RaftClientReply:client-19C32667576E->c5f86d96-67df-4f25-bde3-316f439d30b3@group-50C56EAF5137, cid=599, FAILED org.apache.ratis.protocol.NotLeaderException: Server c5f86d96-67df-4f25-bde3-316f439d30b3 is not the leader (48affcab-e6e4-4602-963a-f6a50efbd54c:192.168.34.23:33985). Request must be sent to leader., logIndex=0, commits[c5f86d96-67df-4f25-bde3-316f439d30b3:c702, 7e391b60-07ae-4d97-a027-4756e468c032:c702, 48affcab-e6e4-4602-963a-f6a50efbd54c:c702]
2019-08-23 18:28:52,406 | INFO  | DNAudit | user=null | ip=null | op=WRITE_CHUNK {blockData=conID: 3 locID: 102667710123147667 bcsId: 0} | ret=SUCCESS |  
2019-08-23 18:28:52,413 | INFO  | DNAudit | user=null | ip=null | op=WRITE_CHUNK {blockData=conID: 3 locID: 102667710123147667 bcsId: 0} | ret=SUCCESS |  
2019-08-23 18:28:52,413 | INFO  | DNAudit | user=null | ip=null | op=WRITE_CHUNK {blockData=conID: 3 locID: 102667710123147667 bcsId: 0} | ret=SUCCESS |  
2019-08-23 18:28:52,420 | INFO  | DNAudit | user=null | ip=null | op=WRITE_CHUNK {blockData=conID: 3 locID: 102667710123147667 bcsId: 0} | ret=SUCCESS |  
2019-08-23 18:28:52,430 [grpc-default-executor-5] INFO  client.GrpcClientProtocolClient (GrpcClientProtocolClient.java:onNext(255)) - client-19C32667576E->48affcab-e6e4-4602-963a-f6a50efbd54c: receive RaftClientReply:client-19C32667576E->48affcab-e6e4-4602-963a-f6a50efbd54c@group-50C56EAF5137, cid=599, SUCCESS, logIndex=703, commits[48affcab-e6e4-4602-963a-f6a50efbd54c:c703, 7e391b60-07ae-4d97-a027-4756e468c032:c702, c5f86d96-67df-4f25-bde3-316f439d30b3:c702]
2019-08-23 18:28:52,437 | INFO  | DNAudit | user=null | ip=null | op=WRITE_CHUNK {blockData=conID: 3 locID: 102667710123147667 bcsId: 0} | ret=SUCCESS |  
2019-08-23 18:28:52,437 | INFO  | DNAudit | user=null | ip=null | op=WRITE_CHUNK {blockData=conID: 3 locID: 102667710123147667 bcsId: 0} | ret=SUCCESS |  
2019-08-23 18:28:52,446 | INFO  | DNAudit | user=null | ip=null | op=WRITE_CHUNK {blockData=conID: 3 locID: 102667710123147667 bcsId: 0} | ret=SUCCESS |  
2019-08-23 18:28:52,451 | INFO  | DNAudit | user=null | ip=null | op=PUT_BLOCK {blockData=[blockId=conID: 3 locID: 102667710123147667 bcsId: 0,size=1048576]} | ret=SUCCESS |  
2019-08-23 18:28:52,454 | INFO  | DNAudit | user=null | ip=null | op=WRITE_CHUNK {blockData=conID: 3 locID: 102667710123147667 bcsId: 0} | ret=SUCCESS |  
2019-08-23 18:28:52,455 | INFO  | DNAudit | user=null | ip=null | op=WRITE_CHUNK {blockData=conID: 3 locID: 102667710123147667 bcsId: 0} | ret=SUCCESS |  
2019-08-23 18:28:52,455 [grpc-default-executor-5] INFO  client.GrpcClientProtocolClient (GrpcClientProtocolClient.java:onNext(255)) - client-19C32667576E->48affcab-e6e4-4602-963a-f6a50efbd54c: receive RaftClientReply:client-19C32667576E->48affcab-e6e4-4602-963a-f6a50efbd54c@group-50C56EAF5137, cid=600, SUCCESS, logIndex=705, commits[48affcab-e6e4-4602-963a-f6a50efbd54c:c705, 7e391b60-07ae-4d97-a027-4756e468c032:c704, c5f86d96-67df-4f25-bde3-316f439d30b3:c704]
2019-08-23 18:28:52,461 | INFO  | DNAudit | user=null | ip=null | op=PUT_BLOCK {blockData=[blockId=conID: 3 locID: 102667710123147667 bcsId: 0,size=1048576]} | ret=SUCCESS |  
2019-08-23 18:28:52,461 | INFO  | DNAudit | user=null | ip=null | op=PUT_BLOCK {blockData=[blockId=conID: 3 locID: 102667710123147667 bcsId: 0,size=1048576]} | ret=SUCCESS |  
2019-08-23 18:28:52,461 | INFO  | DNAudit | user=null | ip=null | op=WRITE_CHUNK {blockData=conID: 3 locID: 102667710123147667 bcsId: 0} | ret=SUCCESS |  
2019-08-23 18:28:52,462 | INFO  | DNAudit | user=null | ip=null | op=PUT_BLOCK {blockData=[blockId=conID: 3 locID: 102667710123147667 bcsId: 0,size=2097152]} | ret=SUCCESS |  
2019-08-23 18:28:52,463 [grpc-default-executor-0] INFO  client.GrpcClientProtocolClient (GrpcClientProtocolClient.java:onNext(255)) - client-19C32667576E->48affcab-e6e4-4602-963a-f6a50efbd54c: receive RaftClientReply:client-19C32667576E->48affcab-e6e4-4602-963a-f6a50efbd54c@group-50C56EAF5137, cid=601, SUCCESS, logIndex=706, commits[48affcab-e6e4-4602-963a-f6a50efbd54c:c708, 7e391b60-07ae-4d97-a027-4756e468c032:c705, c5f86d96-67df-4f25-bde3-316f439d30b3:c705]
2019-08-23 18:28:52,465 [grpc-default-executor-0] INFO  client.GrpcClientProtocolClient (GrpcClientProtocolClient.java:onNext(255)) - client-19C32667576E->48affcab-e6e4-4602-963a-f6a50efbd54c: receive RaftClientReply:client-19C32667576E->48affcab-e6e4-4602-963a-f6a50efbd54c@group-50C56EAF5137, cid=602, SUCCESS, logIndex=707, commits[48affcab-e6e4-4602-963a-f6a50efbd54c:c708, 7e391b60-07ae-4d97-a027-4756e468c032:c705, c5f86d96-67df-4f25-bde3-316f439d30b3:c705]
2019-08-23 18:28:52,473 | INFO  | DNAudit | user=null | ip=null | op=WRITE_CHUNK {blockData=conID: 3 locID: 102667710123147667 bcsId: 0} | ret=SUCCESS |  
2019-08-23 18:28:52,473 | INFO  | DNAudit | user=null | ip=null | op=WRITE_CHUNK {blockData=conID: 3 locID: 102667710123147667 bcsId: 0} | ret=SUCCESS |  
2019-08-23 18:28:52,474 | INFO  | DNAudit | user=null | ip=null | op=PUT_BLOCK {blockData=[blockId=conID: 3 locID: 102667710123147667 bcsId: 0,size=2097152]} | ret=SUCCESS |  
2019-08-23 18:28:52,474 | INFO  | DNAudit | user=null | ip=null | op=PUT_BLOCK {blockData=[blockId=conID: 3 locID: 102667710123147667 bcsId: 0,size=2097152]} | ret=SUCCESS |  
2019-08-23 18:28:52,480 | INFO  | DNAudit | user=null | ip=null | op=WRITE_CHUNK {blockData=conID: 3 locID: 102667710123147667 bcsId: 707} | ret=SUCCESS |  
2019-08-23 18:28:52,486 | INFO  | DNAudit | user=null | ip=null | op=WRITE_CHUNK {blockData=conID: 3 locID: 102667710123147667 bcsId: 707} | ret=SUCCESS |  
2019-08-23 18:28:52,487 | INFO  | DNAudit | user=null | ip=null | op=WRITE_CHUNK {blockData=conID: 3 locID: 102667710123147667 bcsId: 707} | ret=SUCCESS |  
2019-08-23 18:28:52,494 | INFO  | DNAudit | user=null | ip=null | op=WRITE_CHUNK {blockData=conID: 3 locID: 102667710123147667 bcsId: 707} | ret=SUCCESS |  
2019-08-23 18:28:52,495 | INFO  | DNAudit | user=null | ip=null | op=PUT_BLOCK {blockData=[blockId=conID: 3 locID: 102667710123147667 bcsId: 0,size=3145728]} | ret=SUCCESS |  
2019-08-23 18:28:52,496 [grpc-default-executor-0] INFO  client.GrpcClientProtocolClient (GrpcClientProtocolClient.java:onNext(255)) - client-19C32667576E->48affcab-e6e4-4602-963a-f6a50efbd54c: receive RaftClientReply:client-19C32667576E->48affcab-e6e4-4602-963a-f6a50efbd54c@group-50C56EAF5137, cid=603, SUCCESS, logIndex=711, commits[48affcab-e6e4-4602-963a-f6a50efbd54c:c712, 7e391b60-07ae-4d97-a027-4756e468c032:c710, c5f86d96-67df-4f25-bde3-316f439d30b3:c710]
2019-08-23 18:28:52,496 [grpc-default-executor-0] INFO  client.GrpcClientProtocolClient (GrpcClientProtocolClient.java:onNext(255)) - client-19C32667576E->48affcab-e6e4-4602-963a-f6a50efbd54c: receive RaftClientReply:client-19C32667576E->48affcab-e6e4-4602-963a-f6a50efbd54c@group-50C56EAF5137, cid=604, SUCCESS, logIndex=712, commits[48affcab-e6e4-4602-963a-f6a50efbd54c:c712, 7e391b60-07ae-4d97-a027-4756e468c032:c710, c5f86d96-67df-4f25-bde3-316f439d30b3:c710]
2019-08-23 18:28:52,506 | INFO  | DNAudit | user=null | ip=null | op=WRITE_CHUNK {blockData=conID: 3 locID: 102667710123147667 bcsId: 707} | ret=SUCCESS |  
2019-08-23 18:28:52,506 | INFO  | DNAudit | user=null | ip=null | op=WRITE_CHUNK {blockData=conID: 3 locID: 102667710123147667 bcsId: 707} | ret=SUCCESS |  
2019-08-23 18:28:52,507 | INFO  | DNAudit | user=null | ip=null | op=PUT_BLOCK {blockData=[blockId=conID: 3 locID: 102667710123147667 bcsId: 0,size=3145728]} | ret=SUCCESS |  
2019-08-23 18:28:52,507 | INFO  | DNAudit | user=null | ip=null | op=PUT_BLOCK {blockData=[blockId=conID: 3 locID: 102667710123147667 bcsId: 0,size=3145728]} | ret=SUCCESS |  
2019-08-23 18:28:52,509 | INFO  | DNAudit | user=null | ip=null | op=WRITE_CHUNK {blockData=conID: 3 locID: 102667710123147667 bcsId: 712} | ret=SUCCESS |  
2019-08-23 18:28:52,514 | INFO  | DNAudit | user=null | ip=null | op=WRITE_CHUNK {blockData=conID: 3 locID: 102667710123147667 bcsId: 712} | ret=SUCCESS |  
2019-08-23 18:28:52,515 | INFO  | DNAudit | user=null | ip=null | op=WRITE_CHUNK {blockData=conID: 3 locID: 102667710123147667 bcsId: 712} | ret=SUCCESS |  
2019-08-23 18:28:52,522 | INFO  | DNAudit | user=null | ip=null | op=WRITE_CHUNK {blockData=conID: 3 locID: 102667710123147667 bcsId: 712} | ret=SUCCESS |  
2019-08-23 18:28:52,524 | INFO  | DNAudit | user=null | ip=null | op=PUT_BLOCK {blockData=[blockId=conID: 3 locID: 102667710123147667 bcsId: 0,size=4194304]} | ret=SUCCESS |  
2019-08-23 18:28:52,524 [grpc-default-executor-6] INFO  client.GrpcClientProtocolClient (GrpcClientProtocolClient.java:onNext(255)) - client-19C32667576E->48affcab-e6e4-4602-963a-f6a50efbd54c: receive RaftClientReply:client-19C32667576E->48affcab-e6e4-4602-963a-f6a50efbd54c@group-50C56EAF5137, cid=605, SUCCESS, logIndex=715, commits[48affcab-e6e4-4602-963a-f6a50efbd54c:c716, 7e391b60-07ae-4d97-a027-4756e468c032:c714, c5f86d96-67df-4f25-bde3-316f439d30b3:c713]
2019-08-23 18:28:52,525 | INFO  | DNAudit | user=null | ip=null | op=WRITE_CHUNK {blockData=conID: 3 locID: 102667710123147667 bcsId: 712} | ret=SUCCESS |  
2019-08-23 18:28:52,525 | INFO  | DNAudit | user=null | ip=null | op=WRITE_CHUNK {blockData=conID: 3 locID: 102667710123147667 bcsId: 712} | ret=SUCCESS |  
2019-08-23 18:28:52,525 [grpc-default-executor-6] INFO  client.GrpcClientProtocolClient (GrpcClientProtocolClient.java:onNext(255)) - client-19C32667576E->48affcab-e6e4-4602-963a-f6a50efbd54c: receive RaftClientReply:client-19C32667576E->48affcab-e6e4-4602-963a-f6a50efbd54c@group-50C56EAF5137, cid=606, SUCCESS, logIndex=716, commits[48affcab-e6e4-4602-963a-f6a50efbd54c:c716, 7e391b60-07ae-4d97-a027-4756e468c032:c714, c5f86d96-67df-4f25-bde3-316f439d30b3:c713]
2019-08-23 18:28:52,525 | INFO  | DNAudit | user=null | ip=null | op=PUT_BLOCK {blockData=[blockId=conID: 3 locID: 102667710123147667 bcsId: 0,size=4194304]} | ret=SUCCESS |  
2019-08-23 18:28:52,526 | INFO  | DNAudit | user=null | ip=null | op=PUT_BLOCK {blockData=[blockId=conID: 3 locID: 102667710123147667 bcsId: 0,size=4194304]} | ret=SUCCESS |  
2019-08-23 18:28:52,537 | INFO  | SCMAudit | user=jenkins1000 | ip=192.168.34.23 | op=SEND_HEARTBEAT {datanodeUUID=7e391b60-07ae-4d97-a027-4756e468c032, command=[]} | ret=SUCCESS |  
2019-08-23 18:28:52,537 | INFO  | SCMAudit | user=jenkins1000 | ip=192.168.34.23 | op=SEND_HEARTBEAT {datanodeUUID=48affcab-e6e4-4602-963a-f6a50efbd54c, command=[]} | ret=SUCCESS |  
2019-08-23 18:28:52,537 [grpc-default-executor-5] INFO  client.GrpcClientProtocolClient (GrpcClientProtocolClient.java:onNext(255)) - client-19C32667576E->48affcab-e6e4-4602-963a-f6a50efbd54c: receive RaftClientReply:client-19C32667576E->48affcab-e6e4-4602-963a-f6a50efbd54c@group-50C56EAF5137, cid=607, SUCCESS, logIndex=0, commits[48affcab-e6e4-4602-963a-f6a50efbd54c:c718, 7e391b60-07ae-4d97-a027-4756e468c032:c716, c5f86d96-67df-4f25-bde3-316f439d30b3:c716]
2019-08-23 18:28:52,537 | INFO  | SCMAudit | user=jenkins1000 | ip=192.168.34.23 | op=SEND_HEARTBEAT {datanodeUUID=58706fd2-d7f7-4771-af80-9e0541495c87, command=[]} | ret=SUCCESS |  
2019-08-23 18:28:52,537 | INFO  | SCMAudit | user=jenkins1000 | ip=192.168.34.23 | op=SEND_HEARTBEAT {datanodeUUID=c5f86d96-67df-4f25-bde3-316f439d30b3, command=[]} | ret=SUCCESS |  
2019-08-23 18:28:52,553 | INFO  | DNAudit | user=null | ip=null | op=WRITE_CHUNK {blockData=conID: 1 locID: 102667710123213204 bcsId: 0} | ret=SUCCESS |  
2019-08-23 18:28:52,558 | INFO  | DNAudit | user=null | ip=null | op=WRITE_CHUNK {blockData=conID: 1 locID: 102667710123213204 bcsId: 0} | ret=SUCCESS |  
2019-08-23 18:28:52,558 | INFO  | DNAudit | user=null | ip=null | op=WRITE_CHUNK {blockData=conID: 1 locID: 102667710123213204 bcsId: 0} | ret=SUCCESS |  
2019-08-23 18:28:52,558 | INFO  | DNAudit | user=null | ip=null | op=WRITE_CHUNK {blockData=conID: 1 locID: 102667710123213204 bcsId: 0} | ret=SUCCESS |  
2019-08-23 18:28:52,562 | INFO  | DNAudit | user=null | ip=null | op=WRITE_CHUNK {blockData=conID: 1 locID: 102667710123213204 bcsId: 0} | ret=SUCCESS |  
2019-08-23 18:28:52,562 | INFO  | DNAudit | user=null | ip=null | op=PUT_BLOCK {blockData=[blockId=conID: 1 locID: 102667710123213204 bcsId: 0,size=1048576]} | ret=SUCCESS |  
2019-08-23 18:28:52,563 [grpc-default-executor-6] INFO  client.GrpcClientProtocolClient (GrpcClientProtocolClient.java:onNext(255)) - client-19C32667576E->48affcab-e6e4-4602-963a-f6a50efbd54c: receive RaftClientReply:client-19C32667576E->48affcab-e6e4-4602-963a-f6a50efbd54c@group-50C56EAF5137, cid=608, SUCCESS, logIndex=719, commits[48affcab-e6e4-4602-963a-f6a50efbd54c:c720, 7e391b60-07ae-4d97-a027-4756e468c032:c718, c5f86d96-67df-4f25-bde3-316f439d30b3:c718]
2019-08-23 18:28:52,563 [grpc-default-executor-6] INFO  client.GrpcClientProtocolClient (GrpcClientProtocolClient.java:onNext(255)) - client-19C32667576E->48affcab-e6e4-4602-963a-f6a50efbd54c: receive RaftClientReply:client-19C32667576E->48affcab-e6e4-4602-963a-f6a50efbd54c@group-50C56EAF5137, cid=609, SUCCESS, logIndex=720, commits[48affcab-e6e4-4602-963a-f6a50efbd54c:c720, 7e391b60-07ae-4d97-a027-4756e468c032:c718, c5f86d96-67df-4f25-bde3-316f439d30b3:c718]
2019-08-23 18:28:52,564 | INFO  | DNAudit | user=null | ip=null | op=WRITE_CHUNK {blockData=conID: 1 locID: 102667710123213204 bcsId: 0} | ret=SUCCESS |  
2019-08-23 18:28:52,564 | INFO  | DNAudit | user=null | ip=null | op=WRITE_CHUNK {blockData=conID: 1 locID: 102667710123213204 bcsId: 0} | ret=SUCCESS |  
2019-08-23 18:28:52,567 | INFO  | DNAudit | user=null | ip=null | op=WRITE_CHUNK {blockData=conID: 1 locID: 102667710123213204 bcsId: 0} | ret=SUCCESS |  
2019-08-23 18:28:52,567 | INFO  | DNAudit | user=null | ip=null | op=WRITE_CHUNK {blockData=conID: 1 locID: 102667710123213204 bcsId: 0} | ret=SUCCESS |  
2019-08-23 18:28:52,567 | INFO  | DNAudit | user=null | ip=null | op=WRITE_CHUNK {blockData=conID: 1 locID: 102667710123213204 bcsId: 0} | ret=SUCCESS |  
2019-08-23 18:28:52,567 | INFO  | DNAudit | user=null | ip=null | op=PUT_BLOCK {blockData=[blockId=conID: 1 locID: 102667710123213204 bcsId: 0,size=1048576]} | ret=SUCCESS |  
2019-08-23 18:28:52,567 | INFO  | DNAudit | user=null | ip=null | op=PUT_BLOCK {blockData=[blockId=conID: 1 locID: 102667710123213204 bcsId: 0,size=1048576]} | ret=SUCCESS |  
2019-08-23 18:28:52,568 | INFO  | DNAudit | user=null | ip=null | op=PUT_BLOCK {blockData=[blockId=conID: 1 locID: 102667710123213204 bcsId: 0,size=2097152]} | ret=SUCCESS |  
2019-08-23 18:28:52,568 [grpc-default-executor-5] INFO  client.GrpcClientProtocolClient (GrpcClientProtocolClient.java:onNext(255)) - client-19C32667576E->48affcab-e6e4-4602-963a-f6a50efbd54c: receive RaftClientReply:client-19C32667576E->48affcab-e6e4-4602-963a-f6a50efbd54c@group-50C56EAF5137, cid=610, SUCCESS, logIndex=721, commits[48affcab-e6e4-4602-963a-f6a50efbd54c:c722, 7e391b60-07ae-4d97-a027-4756e468c032:c719, c5f86d96-67df-4f25-bde3-316f439d30b3:c718]
2019-08-23 18:28:52,568 [grpc-default-executor-5] INFO  client.GrpcClientProtocolClient (GrpcClientProtocolClient.java:onNext(255)) - client-19C32667576E->48affcab-e6e4-4602-963a-f6a50efbd54c: receive RaftClientReply:client-19C32667576E->48affcab-e6e4-4602-963a-f6a50efbd54c@group-50C56EAF5137, cid=611, SUCCESS, logIndex=722, commits[48affcab-e6e4-4602-963a-f6a50efbd54c:c724, 7e391b60-07ae-4d97-a027-4756e468c032:c720, c5f86d96-67df-4f25-bde3-316f439d30b3:c720]
2019-08-23 18:28:52,569 | INFO  | DNAudit | user=null | ip=null | op=WRITE_CHUNK {blockData=conID: 1 locID: 102667710123213204 bcsId: 0} | ret=SUCCESS |  
2019-08-23 18:28:52,570 | INFO  | DNAudit | user=null | ip=null | op=WRITE_CHUNK {blockData=conID: 1 locID: 102667710123213204 bcsId: 0} | ret=SUCCESS |  
2019-08-23 18:28:52,570 | INFO  | DNAudit | user=null | ip=null | op=PUT_BLOCK {blockData=[blockId=conID: 1 locID: 102667710123213204 bcsId: 0,size=2097152]} | ret=SUCCESS |  
2019-08-23 18:28:52,571 | INFO  | DNAudit | user=null | ip=null | op=PUT_BLOCK {blockData=[blockId=conID: 1 locID: 102667710123213204 bcsId: 0,size=2097152]} | ret=SUCCESS |  
2019-08-23 18:28:52,580 | INFO  | DNAudit | user=null | ip=null | op=WRITE_CHUNK {blockData=conID: 1 locID: 102667710123213204 bcsId: 722} | ret=SUCCESS |  
2019-08-23 18:28:52,585 | INFO  | DNAudit | user=null | ip=null | op=WRITE_CHUNK {blockData=conID: 1 locID: 102667710123213204 bcsId: 722} | ret=SUCCESS |  
2019-08-23 18:28:52,585 | INFO  | DNAudit | user=null | ip=null | op=WRITE_CHUNK {blockData=conID: 1 locID: 102667710123213204 bcsId: 722} | ret=SUCCESS |  
2019-08-23 18:28:52,588 | INFO  | DNAudit | user=null | ip=null | op=WRITE_CHUNK {blockData=conID: 1 locID: 102667710123213204 bcsId: 722} | ret=SUCCESS |  
2019-08-23 18:28:52,589 | INFO  | DNAudit | user=null | ip=null | op=PUT_BLOCK {blockData=[blockId=conID: 1 locID: 102667710123213204 bcsId: 0,size=3145728]} | ret=SUCCESS |  
2019-08-23 18:28:52,590 [grpc-default-executor-6] INFO  client.GrpcClientProtocolClient (GrpcClientProtocolClient.java:onNext(255)) - client-19C32667576E->48affcab-e6e4-4602-963a-f6a50efbd54c: receive RaftClientReply:client-19C32667576E->48affcab-e6e4-4602-963a-f6a50efbd54c@group-50C56EAF5137, cid=612, SUCCESS, logIndex=727, commits[48affcab-e6e4-4602-963a-f6a50efbd54c:c728, 7e391b60-07ae-4d97-a027-4756e468c032:c722, c5f86d96-67df-4f25-bde3-316f439d30b3:c726]
2019-08-23 18:28:52,591 [grpc-default-executor-6] INFO  client.GrpcClientProtocolClient (GrpcClientProtocolClient.java:onNext(255)) - client-19C32667576E->48affcab-e6e4-4602-963a-f6a50efbd54c: receive RaftClientReply:client-19C32667576E->48affcab-e6e4-4602-963a-f6a50efbd54c@group-50C56EAF5137, cid=613, SUCCESS, logIndex=728, commits[48affcab-e6e4-4602-963a-f6a50efbd54c:c728, 7e391b60-07ae-4d97-a027-4756e468c032:c726, c5f86d96-67df-4f25-bde3-316f439d30b3:c726]
2019-08-23 18:28:52,592 | INFO  | DNAudit | user=null | ip=null | op=WRITE_CHUNK {blockData=conID: 1 locID: 102667710123213204 bcsId: 722} | ret=SUCCESS |  
2019-08-23 18:28:52,592 | INFO  | DNAudit | user=null | ip=null | op=WRITE_CHUNK {blockData=conID: 1 locID: 102667710123213204 bcsId: 722} | ret=SUCCESS |  
2019-08-23 18:28:52,592 | INFO  | DNAudit | user=null | ip=null | op=PUT_BLOCK {blockData=[blockId=conID: 1 locID: 102667710123213204 bcsId: 0,size=3145728]} | ret=SUCCESS |  
2019-08-23 18:28:52,593 | INFO  | DNAudit | user=null | ip=null | op=PUT_BLOCK {blockData=[blockId=conID: 1 locID: 102667710123213204 bcsId: 0,size=3145728]} | ret=SUCCESS |  
2019-08-23 18:28:52,601 | INFO  | DNAudit | user=null | ip=null | op=WRITE_CHUNK {blockData=conID: 1 locID: 102667710123213204 bcsId: 728} | ret=SUCCESS |  
2019-08-23 18:28:52,607 | INFO  | DNAudit | user=null | ip=null | op=WRITE_CHUNK {blockData=conID: 1 locID: 102667710123213204 bcsId: 728} | ret=SUCCESS |  
2019-08-23 18:28:52,607 | INFO  | DNAudit | user=null | ip=null | op=WRITE_CHUNK {blockData=conID: 1 locID: 102667710123213204 bcsId: 728} | ret=SUCCESS |  
2019-08-23 18:28:52,614 | INFO  | DNAudit | user=null | ip=null | op=WRITE_CHUNK {blockData=conID: 1 locID: 102667710123213204 bcsId: 728} | ret=SUCCESS |  
2019-08-23 18:28:52,615 | INFO  | DNAudit | user=null | ip=null | op=PUT_BLOCK {blockData=[blockId=conID: 1 locID: 102667710123213204 bcsId: 0,size=4194304]} | ret=SUCCESS |  
2019-08-23 18:28:52,616 [grpc-default-executor-6] INFO  client.GrpcClientProtocolClient (GrpcClientProtocolClient.java:onNext(255)) - client-19C32667576E->48affcab-e6e4-4602-963a-f6a50efbd54c: receive RaftClientReply:client-19C32667576E->48affcab-e6e4-4602-963a-f6a50efbd54c@group-50C56EAF5137, cid=614, SUCCESS, logIndex=731, commits[48affcab-e6e4-4602-963a-f6a50efbd54c:c732, 7e391b60-07ae-4d97-a027-4756e468c032:c730, c5f86d96-67df-4f25-bde3-316f439d30b3:c730]
2019-08-23 18:28:52,616 [grpc-default-executor-6] INFO  client.GrpcClientProtocolClient (GrpcClientProtocolClient.java:onNext(255)) - client-19C32667576E->48affcab-e6e4-4602-963a-f6a50efbd54c: receive RaftClientReply:client-19C32667576E->48affcab-e6e4-4602-963a-f6a50efbd54c@group-50C56EAF5137, cid=615, SUCCESS, logIndex=732, commits[48affcab-e6e4-4602-963a-f6a50efbd54c:c732, 7e391b60-07ae-4d97-a027-4756e468c032:c730, c5f86d96-67df-4f25-bde3-316f439d30b3:c730]
2019-08-23 18:28:52,617 | INFO  | DNAudit | user=null | ip=null | op=WRITE_CHUNK {blockData=conID: 1 locID: 102667710123213204 bcsId: 728} | ret=SUCCESS |  
2019-08-23 18:28:52,617 | INFO  | DNAudit | user=null | ip=null | op=WRITE_CHUNK {blockData=conID: 1 locID: 102667710123213204 bcsId: 728} | ret=SUCCESS |  
2019-08-23 18:28:52,619 | INFO  | DNAudit | user=null | ip=null | op=PUT_BLOCK {blockData=[blockId=conID: 1 locID: 102667710123213204 bcsId: 0,size=4194304]} | ret=SUCCESS |  
2019-08-23 18:28:52,619 | INFO  | DNAudit | user=null | ip=null | op=PUT_BLOCK {blockData=[blockId=conID: 1 locID: 102667710123213204 bcsId: 0,size=4194304]} | ret=SUCCESS |  
2019-08-23 18:28:52,620 [grpc-default-executor-5] INFO  client.GrpcClientProtocolClient (GrpcClientProtocolClient.java:onNext(255)) - client-19C32667576E->48affcab-e6e4-4602-963a-f6a50efbd54c: receive RaftClientReply:client-19C32667576E->48affcab-e6e4-4602-963a-f6a50efbd54c@group-50C56EAF5137, cid=616, SUCCESS, logIndex=0, commits[48affcab-e6e4-4602-963a-f6a50efbd54c:c734, 7e391b60-07ae-4d97-a027-4756e468c032:c732, c5f86d96-67df-4f25-bde3-316f439d30b3:c732]
2019-08-23 18:28:52,631 | INFO  | DNAudit | user=null | ip=null | op=WRITE_CHUNK {blockData=conID: 2 locID: 102667710123213205 bcsId: 0} | ret=SUCCESS |  
2019-08-23 18:28:52,635 | INFO  | DNAudit | user=null | ip=null | op=WRITE_CHUNK {blockData=conID: 2 locID: 102667710123213205 bcsId: 0} | ret=SUCCESS |  
2019-08-23 18:28:52,636 | INFO  | DNAudit | user=null | ip=null | op=WRITE_CHUNK {blockData=conID: 2 locID: 102667710123213205 bcsId: 0} | ret=SUCCESS |  
2019-08-23 18:28:52,637 | INFO  | DNAudit | user=null | ip=null | op=WRITE_CHUNK {blockData=conID: 2 locID: 102667710123213205 bcsId: 0} | ret=SUCCESS |  
2019-08-23 18:28:52,639 | INFO  | DNAudit | user=null | ip=null | op=WRITE_CHUNK {blockData=conID: 2 locID: 102667710123213205 bcsId: 0} | ret=SUCCESS |  
2019-08-23 18:28:52,640 | INFO  | DNAudit | user=null | ip=null | op=WRITE_CHUNK {blockData=conID: 2 locID: 102667710123213205 bcsId: 0} | ret=SUCCESS |  
2019-08-23 18:28:52,641 | INFO  | DNAudit | user=null | ip=null | op=PUT_BLOCK {blockData=[blockId=conID: 2 locID: 102667710123213205 bcsId: 0,size=1048576]} | ret=SUCCESS |  
2019-08-23 18:28:52,641 [grpc-default-executor-5] INFO  client.GrpcClientProtocolClient (GrpcClientProtocolClient.java:onNext(255)) - client-19C32667576E->48affcab-e6e4-4602-963a-f6a50efbd54c: receive RaftClientReply:client-19C32667576E->48affcab-e6e4-4602-963a-f6a50efbd54c@group-50C56EAF5137, cid=617, SUCCESS, logIndex=735, commits[48affcab-e6e4-4602-963a-f6a50efbd54c:c736, 7e391b60-07ae-4d97-a027-4756e468c032:c732, c5f86d96-67df-4f25-bde3-316f439d30b3:c734]
2019-08-23 18:28:52,641 | INFO  | DNAudit | user=null | ip=null | op=WRITE_CHUNK {blockData=conID: 2 locID: 102667710123213205 bcsId: 0} | ret=SUCCESS |  
2019-08-23 18:28:52,641 | INFO  | DNAudit | user=null | ip=null | op=WRITE_CHUNK {blockData=conID: 2 locID: 102667710123213205 bcsId: 0} | ret=SUCCESS |  
2019-08-23 18:28:52,642 | INFO  | DNAudit | user=null | ip=null | op=PUT_BLOCK {blockData=[blockId=conID: 2 locID: 102667710123213205 bcsId: 0,size=1048576]} | ret=SUCCESS |  
2019-08-23 18:28:52,642 | INFO  | DNAudit | user=null | ip=null | op=WRITE_CHUNK {blockData=conID: 2 locID: 102667710123213205 bcsId: 0} | ret=SUCCESS |  
2019-08-23 18:28:52,642 [grpc-default-executor-5] INFO  client.GrpcClientProtocolClient (GrpcClientProtocolClient.java:onNext(255)) - client-19C32667576E->48affcab-e6e4-4602-963a-f6a50efbd54c: receive RaftClientReply:client-19C32667576E->48affcab-e6e4-4602-963a-f6a50efbd54c@group-50C56EAF5137, cid=618, SUCCESS, logIndex=736, commits[48affcab-e6e4-4602-963a-f6a50efbd54c:c736, 7e391b60-07ae-4d97-a027-4756e468c032:c734, c5f86d96-67df-4f25-bde3-316f439d30b3:c734]
2019-08-23 18:28:52,643 | INFO  | DNAudit | user=null | ip=null | op=WRITE_CHUNK {blockData=conID: 2 locID: 102667710123213205 bcsId: 0} | ret=SUCCESS |  
2019-08-23 18:28:52,644 | INFO  | DNAudit | user=null | ip=null | op=PUT_BLOCK {blockData=[blockId=conID: 2 locID: 102667710123213205 bcsId: 0,size=2097152]} | ret=SUCCESS |  
2019-08-23 18:28:52,644 | INFO  | DNAudit | user=null | ip=null | op=PUT_BLOCK {blockData=[blockId=conID: 2 locID: 102667710123213205 bcsId: 0,size=1048576]} | ret=SUCCESS |  
2019-08-23 18:28:52,644 | INFO  | DNAudit | user=null | ip=null | op=WRITE_CHUNK {blockData=conID: 2 locID: 102667710123213205 bcsId: 0} | ret=SUCCESS |  
2019-08-23 18:28:52,644 [grpc-default-executor-5] INFO  client.GrpcClientProtocolClient (GrpcClientProtocolClient.java:onNext(255)) - client-19C32667576E->48affcab-e6e4-4602-963a-f6a50efbd54c: receive RaftClientReply:client-19C32667576E->48affcab-e6e4-4602-963a-f6a50efbd54c@group-50C56EAF5137, cid=619, SUCCESS, logIndex=737, commits[48affcab-e6e4-4602-963a-f6a50efbd54c:c740, 7e391b60-07ae-4d97-a027-4756e468c032:c734, c5f86d96-67df-4f25-bde3-316f439d30b3:c736]
2019-08-23 18:28:52,645 | INFO  | DNAudit | user=null | ip=null | op=WRITE_CHUNK {blockData=conID: 2 locID: 102667710123213205 bcsId: 0} | ret=SUCCESS |  
2019-08-23 18:28:52,645 [grpc-default-executor-5] INFO  client.GrpcClientProtocolClient (GrpcClientProtocolClient.java:onNext(255)) - client-19C32667576E->48affcab-e6e4-4602-963a-f6a50efbd54c: receive RaftClientReply:client-19C32667576E->48affcab-e6e4-4602-963a-f6a50efbd54c@group-50C56EAF5137, cid=620, SUCCESS, logIndex=738, commits[48affcab-e6e4-4602-963a-f6a50efbd54c:c740, 7e391b60-07ae-4d97-a027-4756e468c032:c736, c5f86d96-67df-4f25-bde3-316f439d30b3:c736]
2019-08-23 18:28:52,655 | INFO  | DNAudit | user=null | ip=null | op=WRITE_CHUNK {blockData=conID: 2 locID: 102667710123213205 bcsId: 738} | ret=SUCCESS |  
2019-08-23 18:28:52,659 | INFO  | DNAudit | user=null | ip=null | op=WRITE_CHUNK {blockData=conID: 2 locID: 102667710123213205 bcsId: 738} | ret=SUCCESS |  
2019-08-23 18:28:52,659 | INFO  | DNAudit | user=null | ip=null | op=WRITE_CHUNK {blockData=conID: 2 locID: 102667710123213205 bcsId: 738} | ret=SUCCESS |  
2019-08-23 18:28:52,662 | INFO  | DNAudit | user=null | ip=null | op=PUT_BLOCK {blockData=[blockId=conID: 2 locID: 102667710123213205 bcsId: 0,size=2097152]} | ret=SUCCESS |  
2019-08-23 18:28:52,662 | INFO  | DNAudit | user=null | ip=null | op=PUT_BLOCK {blockData=[blockId=conID: 2 locID: 102667710123213205 bcsId: 0,size=2097152]} | ret=SUCCESS |  
2019-08-23 18:28:52,663 | INFO  | DNAudit | user=null | ip=null | op=WRITE_CHUNK {blockData=conID: 2 locID: 102667710123213205 bcsId: 738} | ret=SUCCESS |  
2019-08-23 18:28:52,664 | INFO  | DNAudit | user=null | ip=null | op=PUT_BLOCK {blockData=[blockId=conID: 2 locID: 102667710123213205 bcsId: 0,size=3145728]} | ret=SUCCESS |  
2019-08-23 18:28:52,664 [grpc-default-executor-0] INFO  client.GrpcClientProtocolClient (GrpcClientProtocolClient.java:onNext(255)) - client-19C32667576E->48affcab-e6e4-4602-963a-f6a50efbd54c: receive RaftClientReply:client-19C32667576E->48affcab-e6e4-4602-963a-f6a50efbd54c@group-50C56EAF5137, cid=621, SUCCESS, logIndex=742, commits[48affcab-e6e4-4602-963a-f6a50efbd54c:c743, 7e391b60-07ae-4d97-a027-4756e468c032:c741, c5f86d96-67df-4f25-bde3-316f439d30b3:c741]
2019-08-23 18:28:52,665 [grpc-default-executor-0] INFO  client.GrpcClientProtocolClient (GrpcClientProtocolClient.java:onNext(255)) - client-19C32667576E->48affcab-e6e4-4602-963a-f6a50efbd54c: receive RaftClientReply:client-19C32667576E->48affcab-e6e4-4602-963a-f6a50efbd54c@group-50C56EAF5137, cid=622, SUCCESS, logIndex=743, commits[48affcab-e6e4-4602-963a-f6a50efbd54c:c743, 7e391b60-07ae-4d97-a027-4756e468c032:c741, c5f86d96-67df-4f25-bde3-316f439d30b3:c741]
2019-08-23 18:28:52,666 | INFO  | DNAudit | user=null | ip=null | op=WRITE_CHUNK {blockData=conID: 2 locID: 102667710123213205 bcsId: 738} | ret=SUCCESS |  
2019-08-23 18:28:52,666 | INFO  | DNAudit | user=null | ip=null | op=WRITE_CHUNK {blockData=conID: 2 locID: 102667710123213205 bcsId: 738} | ret=SUCCESS |  
2019-08-23 18:28:52,666 | INFO  | DNAudit | user=null | ip=null | op=PUT_BLOCK {blockData=[blockId=conID: 2 locID: 102667710123213205 bcsId: 0,size=3145728]} | ret=SUCCESS |  
2019-08-23 18:28:52,666 | INFO  | DNAudit | user=null | ip=null | op=PUT_BLOCK {blockData=[blockId=conID: 2 locID: 102667710123213205 bcsId: 0,size=3145728]} | ret=SUCCESS |  
2019-08-23 18:28:52,677 | INFO  | DNAudit | user=null | ip=null | op=WRITE_CHUNK {blockData=conID: 2 locID: 102667710123213205 bcsId: 743} | ret=SUCCESS |  
2019-08-23 18:28:52,682 | INFO  | DNAudit | user=null | ip=null | op=WRITE_CHUNK {blockData=conID: 2 locID: 102667710123213205 bcsId: 743} | ret=SUCCESS |  
2019-08-23 18:28:52,683 | INFO  | DNAudit | user=null | ip=null | op=WRITE_CHUNK {blockData=conID: 2 locID: 102667710123213205 bcsId: 743} | ret=SUCCESS |  
2019-08-23 18:28:52,698 | INFO  | DNAudit | user=null | ip=null | op=WRITE_CHUNK {blockData=conID: 2 locID: 102667710123213205 bcsId: 743} | ret=SUCCESS |  
2019-08-23 18:28:52,699 | INFO  | DNAudit | user=null | ip=null | op=PUT_BLOCK {blockData=[blockId=conID: 2 locID: 102667710123213205 bcsId: 0,size=4194304]} | ret=SUCCESS |  
2019-08-23 18:28:52,699 [grpc-default-executor-6] INFO  client.GrpcClientProtocolClient (GrpcClientProtocolClient.java:onNext(255)) - client-19C32667576E->48affcab-e6e4-4602-963a-f6a50efbd54c: receive RaftClientReply:client-19C32667576E->48affcab-e6e4-4602-963a-f6a50efbd54c@group-50C56EAF5137, cid=623, SUCCESS, logIndex=746, commits[48affcab-e6e4-4602-963a-f6a50efbd54c:c747, 7e391b60-07ae-4d97-a027-4756e468c032:c745, c5f86d96-67df-4f25-bde3-316f439d30b3:c745]
2019-08-23 18:28:52,700 [grpc-default-executor-6] INFO  client.GrpcClientProtocolClient (GrpcClientProtocolClient.java:onNext(255)) - client-19C32667576E->48affcab-e6e4-4602-963a-f6a50efbd54c: receive RaftClientReply:client-19C32667576E->48affcab-e6e4-4602-963a-f6a50efbd54c@group-50C56EAF5137, cid=624, SUCCESS, logIndex=747, commits[48affcab-e6e4-4602-963a-f6a50efbd54c:c747, 7e391b60-07ae-4d97-a027-4756e468c032:c745, c5f86d96-67df-4f25-bde3-316f439d30b3:c745]
2019-08-23 18:28:52,705 | INFO  | DNAudit | user=null | ip=null | op=WRITE_CHUNK {blockData=conID: 2 locID: 102667710123213205 bcsId: 743} | ret=SUCCESS |  
2019-08-23 18:28:52,706 | INFO  | DNAudit | user=null | ip=null | op=WRITE_CHUNK {blockData=conID: 2 locID: 102667710123213205 bcsId: 743} | ret=SUCCESS |  
2019-08-23 18:28:52,706 | INFO  | DNAudit | user=null | ip=null | op=PUT_BLOCK {blockData=[blockId=conID: 2 locID: 102667710123213205 bcsId: 0,size=4194304]} | ret=SUCCESS |  
2019-08-23 18:28:52,706 | INFO  | DNAudit | user=null | ip=null | op=PUT_BLOCK {blockData=[blockId=conID: 2 locID: 102667710123213205 bcsId: 0,size=4194304]} | ret=SUCCESS |  
2019-08-23 18:28:52,707 [grpc-default-executor-6] INFO  client.GrpcClientProtocolClient (GrpcClientProtocolClient.java:onNext(255)) - client-19C32667576E->48affcab-e6e4-4602-963a-f6a50efbd54c: receive RaftClientReply:client-19C32667576E->48affcab-e6e4-4602-963a-f6a50efbd54c@group-50C56EAF5137, cid=625, SUCCESS, logIndex=0, commits[48affcab-e6e4-4602-963a-f6a50efbd54c:c748, 7e391b60-07ae-4d97-a027-4756e468c032:c747, c5f86d96-67df-4f25-bde3-316f439d30b3:c747]
2019-08-23 18:28:52,717 | INFO  | DNAudit | user=null | ip=null | op=WRITE_CHUNK {blockData=conID: 3 locID: 102667710123213206 bcsId: 0} | ret=SUCCESS |  
2019-08-23 18:28:52,981 | INFO  | DNAudit | user=null | ip=null | op=WRITE_CHUNK {blockData=conID: 3 locID: 102667710123213206 bcsId: 0} | ret=SUCCESS |  
2019-08-23 18:28:52,985 | INFO  | DNAudit | user=null | ip=null | op=WRITE_CHUNK {blockData=conID: 3 locID: 102667710123213206 bcsId: 0} | ret=SUCCESS |  
2019-08-23 18:28:52,985 | INFO  | DNAudit | user=null | ip=null | op=WRITE_CHUNK {blockData=conID: 3 locID: 102667710123213206 bcsId: 0} | ret=SUCCESS |  
2019-08-23 18:28:52,986 | INFO  | DNAudit | user=null | ip=null | op=WRITE_CHUNK {blockData=conID: 3 locID: 102667710123213206 bcsId: 0} | ret=SUCCESS |  
2019-08-23 18:28:52,987 | INFO  | DNAudit | user=null | ip=null | op=WRITE_CHUNK {blockData=conID: 3 locID: 102667710123213206 bcsId: 0} | ret=SUCCESS |  
2019-08-23 18:28:52,995 | INFO  | DNAudit | user=null | ip=null | op=WRITE_CHUNK {blockData=conID: 3 locID: 102667710123213206 bcsId: 0} | ret=SUCCESS |  
2019-08-23 18:28:52,996 | INFO  | DNAudit | user=null | ip=null | op=PUT_BLOCK {blockData=[blockId=conID: 3 locID: 102667710123213206 bcsId: 0,size=1048576]} | ret=SUCCESS |  
2019-08-23 18:28:52,997 | INFO  | DNAudit | user=null | ip=null | op=WRITE_CHUNK {blockData=conID: 3 locID: 102667710123213206 bcsId: 0} | ret=SUCCESS |  
2019-08-23 18:28:52,997 [grpc-default-executor-6] INFO  client.GrpcClientProtocolClient (GrpcClientProtocolClient.java:onNext(255)) - client-19C32667576E->48affcab-e6e4-4602-963a-f6a50efbd54c: receive RaftClientReply:client-19C32667576E->48affcab-e6e4-4602-963a-f6a50efbd54c@group-50C56EAF5137, cid=626, SUCCESS, logIndex=750, commits[48affcab-e6e4-4602-963a-f6a50efbd54c:c753, 7e391b60-07ae-4d97-a027-4756e468c032:c749, c5f86d96-67df-4f25-bde3-316f439d30b3:c749]
2019-08-23 18:28:52,998 | INFO  | DNAudit | user=null | ip=null | op=PUT_BLOCK {blockData=[blockId=conID: 3 locID: 102667710123213206 bcsId: 0,size=2097152]} | ret=SUCCESS |  
2019-08-23 18:28:52,998 [grpc-default-executor-6] INFO  client.GrpcClientProtocolClient (GrpcClientProtocolClient.java:onNext(255)) - client-19C32667576E->48affcab-e6e4-4602-963a-f6a50efbd54c: receive RaftClientReply:client-19C32667576E->48affcab-e6e4-4602-963a-f6a50efbd54c@group-50C56EAF5137, cid=627, SUCCESS, logIndex=751, commits[48affcab-e6e4-4602-963a-f6a50efbd54c:c753, 7e391b60-07ae-4d97-a027-4756e468c032:c749, c5f86d96-67df-4f25-bde3-316f439d30b3:c749]
2019-08-23 18:28:52,999 [grpc-default-executor-6] INFO  client.GrpcClientProtocolClient (GrpcClientProtocolClient.java:onNext(255)) - client-19C32667576E->48affcab-e6e4-4602-963a-f6a50efbd54c: receive RaftClientReply:client-19C32667576E->48affcab-e6e4-4602-963a-f6a50efbd54c@group-50C56EAF5137, cid=628, SUCCESS, logIndex=752, commits[48affcab-e6e4-4602-963a-f6a50efbd54c:c753, 7e391b60-07ae-4d97-a027-4756e468c032:c749, c5f86d96-67df-4f25-bde3-316f439d30b3:c749]
2019-08-23 18:28:52,999 [grpc-default-executor-6] INFO  client.GrpcClientProtocolClient (GrpcClientProtocolClient.java:onNext(255)) - client-19C32667576E->48affcab-e6e4-4602-963a-f6a50efbd54c: receive RaftClientReply:client-19C32667576E->48affcab-e6e4-4602-963a-f6a50efbd54c@group-50C56EAF5137, cid=629, SUCCESS, logIndex=753, commits[48affcab-e6e4-4602-963a-f6a50efbd54c:c753, 7e391b60-07ae-4d97-a027-4756e468c032:c749, c5f86d96-67df-4f25-bde3-316f439d30b3:c749]
2019-08-23 18:28:53,006 | INFO  | DNAudit | user=null | ip=null | op=WRITE_CHUNK {blockData=conID: 3 locID: 102667710123213206 bcsId: 0} | ret=SUCCESS |  
2019-08-23 18:28:53,006 | INFO  | DNAudit | user=null | ip=null | op=WRITE_CHUNK {blockData=conID: 3 locID: 102667710123213206 bcsId: 0} | ret=SUCCESS |  
2019-08-23 18:28:53,007 | INFO  | DNAudit | user=null | ip=null | op=PUT_BLOCK {blockData=[blockId=conID: 3 locID: 102667710123213206 bcsId: 0,size=1048576]} | ret=SUCCESS |  
2019-08-23 18:28:53,007 | INFO  | DNAudit | user=null | ip=null | op=PUT_BLOCK {blockData=[blockId=conID: 3 locID: 102667710123213206 bcsId: 0,size=1048576]} | ret=SUCCESS |  
2019-08-23 18:28:53,007 | INFO  | DNAudit | user=null | ip=null | op=WRITE_CHUNK {blockData=conID: 3 locID: 102667710123213206 bcsId: 0} | ret=SUCCESS |  
2019-08-23 18:28:53,007 | INFO  | DNAudit | user=null | ip=null | op=WRITE_CHUNK {blockData=conID: 3 locID: 102667710123213206 bcsId: 0} | ret=SUCCESS |  
2019-08-23 18:28:53,007 | INFO  | DNAudit | user=null | ip=null | op=PUT_BLOCK {blockData=[blockId=conID: 3 locID: 102667710123213206 bcsId: 0,size=2097152]} | ret=SUCCESS |  
2019-08-23 18:28:53,008 | INFO  | DNAudit | user=null | ip=null | op=PUT_BLOCK {blockData=[blockId=conID: 3 locID: 102667710123213206 bcsId: 0,size=2097152]} | ret=SUCCESS |  
2019-08-23 18:28:53,008 [grpc-default-executor-6] INFO  client.GrpcClientProtocolClient (GrpcClientProtocolClient.java:onNext(255)) - client-19C32667576E->48affcab-e6e4-4602-963a-f6a50efbd54c: receive RaftClientReply:client-19C32667576E->48affcab-e6e4-4602-963a-f6a50efbd54c@group-50C56EAF5137, cid=630, SUCCESS, logIndex=0, commits[48affcab-e6e4-4602-963a-f6a50efbd54c:c757, 7e391b60-07ae-4d97-a027-4756e468c032:c753, c5f86d96-67df-4f25-bde3-316f439d30b3:c751]
2019-08-23 18:28:53,019 | INFO  | DNAudit | user=null | ip=null | op=WRITE_CHUNK {blockData=conID: 3 locID: 102667710123213206 bcsId: 753} | ret=SUCCESS |  
2019-08-23 18:28:53,023 | INFO  | DNAudit | user=null | ip=null | op=WRITE_CHUNK {blockData=conID: 3 locID: 102667710123213206 bcsId: 753} | ret=SUCCESS |  
2019-08-23 18:28:53,023 | INFO  | DNAudit | user=null | ip=null | op=WRITE_CHUNK {blockData=conID: 3 locID: 102667710123213206 bcsId: 753} | ret=SUCCESS |  
2019-08-23 18:28:53,032 | INFO  | DNAudit | user=null | ip=null | op=WRITE_CHUNK {blockData=conID: 3 locID: 102667710123213206 bcsId: 753} | ret=SUCCESS |  
2019-08-23 18:28:53,033 | INFO  | DNAudit | user=null | ip=null | op=PUT_BLOCK {blockData=[blockId=conID: 3 locID: 102667710123213206 bcsId: 0,size=3145728]} | ret=SUCCESS |  
2019-08-23 18:28:53,033 [grpc-default-executor-4] INFO  client.GrpcClientProtocolClient (GrpcClientProtocolClient.java:onNext(255)) - client-19C32667576E->48affcab-e6e4-4602-963a-f6a50efbd54c: receive RaftClientReply:client-19C32667576E->48affcab-e6e4-4602-963a-f6a50efbd54c@group-50C56EAF5137, cid=631, SUCCESS, logIndex=758, commits[48affcab-e6e4-4602-963a-f6a50efbd54c:c759, 7e391b60-07ae-4d97-a027-4756e468c032:c757, c5f86d96-67df-4f25-bde3-316f439d30b3:c757]
2019-08-23 18:28:53,034 [grpc-default-executor-4] INFO  client.GrpcClientProtocolClient (GrpcClientProtocolClient.java:onNext(255)) - client-19C32667576E->48affcab-e6e4-4602-963a-f6a50efbd54c: receive RaftClientReply:client-19C32667576E->48affcab-e6e4-4602-963a-f6a50efbd54c@group-50C56EAF5137, cid=632, SUCCESS, logIndex=759, commits[48affcab-e6e4-4602-963a-f6a50efbd54c:c759, 7e391b60-07ae-4d97-a027-4756e468c032:c757, c5f86d96-67df-4f25-bde3-316f439d30b3:c757]
2019-08-23 18:28:53,042 | INFO  | DNAudit | user=null | ip=null | op=WRITE_CHUNK {blockData=conID: 3 locID: 102667710123213206 bcsId: 759} | ret=SUCCESS |  
2019-08-23 18:28:53,043 | INFO  | DNAudit | user=null | ip=null | op=WRITE_CHUNK {blockData=conID: 3 locID: 102667710123213206 bcsId: 753} | ret=SUCCESS |  
2019-08-23 18:28:53,043 | INFO  | DNAudit | user=null | ip=null | op=WRITE_CHUNK {blockData=conID: 3 locID: 102667710123213206 bcsId: 753} | ret=SUCCESS |  
2019-08-23 18:28:53,044 | INFO  | DNAudit | user=null | ip=null | op=PUT_BLOCK {blockData=[blockId=conID: 3 locID: 102667710123213206 bcsId: 0,size=3145728]} | ret=SUCCESS |  
2019-08-23 18:28:53,044 | INFO  | DNAudit | user=null | ip=null | op=PUT_BLOCK {blockData=[blockId=conID: 3 locID: 102667710123213206 bcsId: 0,size=3145728]} | ret=SUCCESS |  
2019-08-23 18:28:53,047 | INFO  | DNAudit | user=null | ip=null | op=WRITE_CHUNK {blockData=conID: 3 locID: 102667710123213206 bcsId: 759} | ret=SUCCESS |  
2019-08-23 18:28:53,047 | INFO  | DNAudit | user=null | ip=null | op=WRITE_CHUNK {blockData=conID: 3 locID: 102667710123213206 bcsId: 759} | ret=SUCCESS |  
2019-08-23 18:28:53,050 | INFO  | DNAudit | user=null | ip=null | op=WRITE_CHUNK {blockData=conID: 3 locID: 102667710123213206 bcsId: 759} | ret=SUCCESS |  
2019-08-23 18:28:53,050 | INFO  | DNAudit | user=null | ip=null | op=PUT_BLOCK {blockData=[blockId=conID: 3 locID: 102667710123213206 bcsId: 0,size=4194304]} | ret=SUCCESS |  
2019-08-23 18:28:53,051 [grpc-default-executor-6] INFO  client.GrpcClientProtocolClient (GrpcClientProtocolClient.java:onNext(255)) - client-19C32667576E->48affcab-e6e4-4602-963a-f6a50efbd54c: receive RaftClientReply:client-19C32667576E->48affcab-e6e4-4602-963a-f6a50efbd54c@group-50C56EAF5137, cid=633, SUCCESS, logIndex=762, commits[48affcab-e6e4-4602-963a-f6a50efbd54c:c763, 7e391b60-07ae-4d97-a027-4756e468c032:c759, c5f86d96-67df-4f25-bde3-316f439d30b3:c759]
2019-08-23 18:28:53,051 [grpc-default-executor-6] INFO  client.GrpcClientProtocolClient (GrpcClientProtocolClient.java:onNext(255)) - client-19C32667576E->48affcab-e6e4-4602-963a-f6a50efbd54c: receive RaftClientReply:client-19C32667576E->48affcab-e6e4-4602-963a-f6a50efbd54c@group-50C56EAF5137, cid=634, SUCCESS, logIndex=763, commits[48affcab-e6e4-4602-963a-f6a50efbd54c:c763, 7e391b60-07ae-4d97-a027-4756e468c032:c759, c5f86d96-67df-4f25-bde3-316f439d30b3:c759]
2019-08-23 18:28:53,052 | INFO  | DNAudit | user=null | ip=null | op=WRITE_CHUNK {blockData=conID: 3 locID: 102667710123213206 bcsId: 759} | ret=SUCCESS |  
2019-08-23 18:28:53,052 | INFO  | DNAudit | user=null | ip=null | op=WRITE_CHUNK {blockData=conID: 3 locID: 102667710123213206 bcsId: 759} | ret=SUCCESS |  
2019-08-23 18:28:53,053 | INFO  | DNAudit | user=null | ip=null | op=PUT_BLOCK {blockData=[blockId=conID: 3 locID: 102667710123213206 bcsId: 0,size=4194304]} | ret=SUCCESS |  
2019-08-23 18:28:53,053 | INFO  | DNAudit | user=null | ip=null | op=PUT_BLOCK {blockData=[blockId=conID: 3 locID: 102667710123213206 bcsId: 0,size=4194304]} | ret=SUCCESS |  
2019-08-23 18:28:53,054 [grpc-default-executor-4] INFO  client.GrpcClientProtocolClient (GrpcClientProtocolClient.java:onNext(255)) - client-19C32667576E->48affcab-e6e4-4602-963a-f6a50efbd54c: receive RaftClientReply:client-19C32667576E->48affcab-e6e4-4602-963a-f6a50efbd54c@group-50C56EAF5137, cid=635, SUCCESS, logIndex=0, commits[48affcab-e6e4-4602-963a-f6a50efbd54c:c765, 7e391b60-07ae-4d97-a027-4756e468c032:c763, c5f86d96-67df-4f25-bde3-316f439d30b3:c763]
2019-08-23 18:28:53,062 | INFO  | DNAudit | user=null | ip=null | op=WRITE_CHUNK {blockData=conID: 1 locID: 102667710123213207 bcsId: 0} | ret=SUCCESS |  
2019-08-23 18:28:53,067 | INFO  | DNAudit | user=null | ip=null | op=WRITE_CHUNK {blockData=conID: 1 locID: 102667710123213207 bcsId: 0} | ret=SUCCESS |  
2019-08-23 18:28:53,068 | INFO  | DNAudit | user=null | ip=null | op=WRITE_CHUNK {blockData=conID: 1 locID: 102667710123213207 bcsId: 0} | ret=SUCCESS |  
2019-08-23 18:28:53,068 | INFO  | DNAudit | user=null | ip=null | op=WRITE_CHUNK {blockData=conID: 1 locID: 102667710123213207 bcsId: 0} | ret=SUCCESS |  
2019-08-23 18:28:53,071 | INFO  | DNAudit | user=null | ip=null | op=WRITE_CHUNK {blockData=conID: 1 locID: 102667710123213207 bcsId: 0} | ret=SUCCESS |  
2019-08-23 18:28:53,072 | INFO  | DNAudit | user=null | ip=null | op=PUT_BLOCK {blockData=[blockId=conID: 1 locID: 102667710123213207 bcsId: 0,size=1048576]} | ret=SUCCESS |  
2019-08-23 18:28:53,072 | INFO  | DNAudit | user=null | ip=null | op=WRITE_CHUNK {blockData=conID: 1 locID: 102667710123213207 bcsId: 0} | ret=SUCCESS |  
2019-08-23 18:28:53,072 [grpc-default-executor-6] INFO  client.GrpcClientProtocolClient (GrpcClientProtocolClient.java:onNext(255)) - client-19C32667576E->48affcab-e6e4-4602-963a-f6a50efbd54c: receive RaftClientReply:client-19C32667576E->48affcab-e6e4-4602-963a-f6a50efbd54c@group-50C56EAF5137, cid=636, SUCCESS, logIndex=766, commits[48affcab-e6e4-4602-963a-f6a50efbd54c:c767, 7e391b60-07ae-4d97-a027-4756e468c032:c765, c5f86d96-67df-4f25-bde3-316f439d30b3:c763]
2019-08-23 18:28:53,073 | INFO  | DNAudit | user=null | ip=null | op=WRITE_CHUNK {blockData=conID: 1 locID: 102667710123213207 bcsId: 0} | ret=SUCCESS |  
2019-08-23 18:28:53,073 [grpc-default-executor-6] INFO  client.GrpcClientProtocolClient (GrpcClientProtocolClient.java:onNext(255)) - client-19C32667576E->48affcab-e6e4-4602-963a-f6a50efbd54c: receive RaftClientReply:client-19C32667576E->48affcab-e6e4-4602-963a-f6a50efbd54c@group-50C56EAF5137, cid=637, SUCCESS, logIndex=767, commits[48affcab-e6e4-4602-963a-f6a50efbd54c:c767, 7e391b60-07ae-4d97-a027-4756e468c032:c765, c5f86d96-67df-4f25-bde3-316f439d30b3:c765]
2019-08-23 18:28:53,074 | INFO  | DNAudit | user=null | ip=null | op=WRITE_CHUNK {blockData=conID: 1 locID: 102667710123213207 bcsId: 0} | ret=SUCCESS |  
2019-08-23 18:28:53,075 | INFO  | DNAudit | user=null | ip=null | op=PUT_BLOCK {blockData=[blockId=conID: 1 locID: 102667710123213207 bcsId: 0,size=1048576]} | ret=SUCCESS |  
2019-08-23 18:28:53,075 | INFO  | DNAudit | user=null | ip=null | op=WRITE_CHUNK {blockData=conID: 1 locID: 102667710123213207 bcsId: 0} | ret=SUCCESS |  
2019-08-23 18:28:53,075 | INFO  | DNAudit | user=null | ip=null | op=PUT_BLOCK {blockData=[blockId=conID: 1 locID: 102667710123213207 bcsId: 0,size=2097152]} | ret=SUCCESS |  
2019-08-23 18:28:53,076 [grpc-default-executor-6] INFO  client.GrpcClientProtocolClient (GrpcClientProtocolClient.java:onNext(255)) - client-19C32667576E->48affcab-e6e4-4602-963a-f6a50efbd54c: receive RaftClientReply:client-19C32667576E->48affcab-e6e4-4602-963a-f6a50efbd54c@group-50C56EAF5137, cid=638, SUCCESS, logIndex=768, commits[48affcab-e6e4-4602-963a-f6a50efbd54c:c771, 7e391b60-07ae-4d97-a027-4756e468c032:c765, c5f86d96-67df-4f25-bde3-316f439d30b3:c767]
2019-08-23 18:28:53,076 | INFO  | DNAudit | user=null | ip=null | op=WRITE_CHUNK {blockData=conID: 1 locID: 102667710123213207 bcsId: 0} | ret=SUCCESS |  
2019-08-23 18:28:53,076 | INFO  | DNAudit | user=null | ip=null | op=PUT_BLOCK {blockData=[blockId=conID: 1 locID: 102667710123213207 bcsId: 0,size=1048576]} | ret=SUCCESS |  
2019-08-23 18:28:53,076 [grpc-default-executor-6] INFO  client.GrpcClientProtocolClient (GrpcClientProtocolClient.java:onNext(255)) - client-19C32667576E->48affcab-e6e4-4602-963a-f6a50efbd54c: receive RaftClientReply:client-19C32667576E->48affcab-e6e4-4602-963a-f6a50efbd54c@group-50C56EAF5137, cid=639, SUCCESS, logIndex=769, commits[48affcab-e6e4-4602-963a-f6a50efbd54c:c771, 7e391b60-07ae-4d97-a027-4756e468c032:c765, c5f86d96-67df-4f25-bde3-316f439d30b3:c767]
2019-08-23 18:28:53,077 | INFO  | DNAudit | user=null | ip=null | op=WRITE_CHUNK {blockData=conID: 1 locID: 102667710123213207 bcsId: 0} | ret=SUCCESS |  
2019-08-23 18:28:53,077 [grpc-default-executor-6] INFO  client.GrpcClientProtocolClient (GrpcClientProtocolClient.java:onNext(255)) - client-19C32667576E->48affcab-e6e4-4602-963a-f6a50efbd54c: receive RaftClientReply:client-19C32667576E->48affcab-e6e4-4602-963a-f6a50efbd54c@group-50C56EAF5137, cid=640, SUCCESS, logIndex=0, commits[48affcab-e6e4-4602-963a-f6a50efbd54c:c771, 7e391b60-07ae-4d97-a027-4756e468c032:c767, c5f86d96-67df-4f25-bde3-316f439d30b3:c767]
2019-08-23 18:28:53,077 | INFO  | DNAudit | user=null | ip=null | op=WRITE_CHUNK {blockData=conID: 1 locID: 102667710123213207 bcsId: 0} | ret=SUCCESS |  
2019-08-23 18:28:53,078 | INFO  | DNAudit | user=null | ip=null | op=PUT_BLOCK {blockData=[blockId=conID: 1 locID: 102667710123213207 bcsId: 0,size=2097152]} | ret=SUCCESS |  
2019-08-23 18:28:53,078 | INFO  | DNAudit | user=null | ip=null | op=PUT_BLOCK {blockData=[blockId=conID: 1 locID: 102667710123213207 bcsId: 0,size=2097152]} | ret=SUCCESS |  
2019-08-23 18:28:53,086 | INFO  | DNAudit | user=null | ip=null | op=WRITE_CHUNK {blockData=conID: 1 locID: 102667710123213207 bcsId: 769} | ret=SUCCESS |  
2019-08-23 18:28:53,089 | INFO  | DNAudit | user=null | ip=null | op=WRITE_CHUNK {blockData=conID: 1 locID: 102667710123213207 bcsId: 769} | ret=SUCCESS |  
2019-08-23 18:28:53,089 | INFO  | DNAudit | user=null | ip=null | op=WRITE_CHUNK {blockData=conID: 1 locID: 102667710123213207 bcsId: 769} | ret=SUCCESS |  
2019-08-23 18:28:53,093 | INFO  | DNAudit | user=null | ip=null | op=WRITE_CHUNK {blockData=conID: 1 locID: 102667710123213207 bcsId: 769} | ret=SUCCESS |  
2019-08-23 18:28:53,093 | INFO  | DNAudit | user=null | ip=null | op=PUT_BLOCK {blockData=[blockId=conID: 1 locID: 102667710123213207 bcsId: 0,size=3145728]} | ret=SUCCESS |  
2019-08-23 18:28:53,094 [grpc-default-executor-0] INFO  client.GrpcClientProtocolClient (GrpcClientProtocolClient.java:onNext(255)) - client-19C32667576E->48affcab-e6e4-4602-963a-f6a50efbd54c: receive RaftClientReply:client-19C32667576E->48affcab-e6e4-4602-963a-f6a50efbd54c@group-50C56EAF5137, cid=641, SUCCESS, logIndex=774, commits[48affcab-e6e4-4602-963a-f6a50efbd54c:c775, 7e391b60-07ae-4d97-a027-4756e468c032:c773, c5f86d96-67df-4f25-bde3-316f439d30b3:c773]
2019-08-23 18:28:53,095 | INFO  | DNAudit | user=null | ip=null | op=WRITE_CHUNK {blockData=conID: 1 locID: 102667710123213207 bcsId: 769} | ret=SUCCESS |  
2019-08-23 18:28:53,095 [grpc-default-executor-0] INFO  client.GrpcClientProtocolClient (GrpcClientProtocolClient.java:onNext(255)) - client-19C32667576E->48affcab-e6e4-4602-963a-f6a50efbd54c: receive RaftClientReply:client-19C32667576E->48affcab-e6e4-4602-963a-f6a50efbd54c@group-50C56EAF5137, cid=642, SUCCESS, logIndex=775, commits[48affcab-e6e4-4602-963a-f6a50efbd54c:c775, 7e391b60-07ae-4d97-a027-4756e468c032:c773, c5f86d96-67df-4f25-bde3-316f439d30b3:c773]
2019-08-23 18:28:53,095 | INFO  | DNAudit | user=null | ip=null | op=WRITE_CHUNK {blockData=conID: 1 locID: 102667710123213207 bcsId: 769} | ret=SUCCESS |  
2019-08-23 18:28:53,095 | INFO  | DNAudit | user=null | ip=null | op=PUT_BLOCK {blockData=[blockId=conID: 1 locID: 102667710123213207 bcsId: 0,size=3145728]} | ret=SUCCESS |  
2019-08-23 18:28:53,096 | INFO  | DNAudit | user=null | ip=null | op=PUT_BLOCK {blockData=[blockId=conID: 1 locID: 102667710123213207 bcsId: 0,size=3145728]} | ret=SUCCESS |  
2019-08-23 18:28:53,105 | INFO  | DNAudit | user=null | ip=null | op=WRITE_CHUNK {blockData=conID: 1 locID: 102667710123213207 bcsId: 775} | ret=SUCCESS |  
2019-08-23 18:28:53,110 | INFO  | DNAudit | user=null | ip=null | op=WRITE_CHUNK {blockData=conID: 1 locID: 102667710123213207 bcsId: 775} | ret=SUCCESS |  
2019-08-23 18:28:53,110 | INFO  | DNAudit | user=null | ip=null | op=WRITE_CHUNK {blockData=conID: 1 locID: 102667710123213207 bcsId: 775} | ret=SUCCESS |  
2019-08-23 18:28:53,113 | INFO  | DNAudit | user=null | ip=null | op=WRITE_CHUNK {blockData=conID: 1 locID: 102667710123213207 bcsId: 775} | ret=SUCCESS |  
2019-08-23 18:28:53,114 | INFO  | DNAudit | user=null | ip=null | op=PUT_BLOCK {blockData=[blockId=conID: 1 locID: 102667710123213207 bcsId: 0,size=4194304]} | ret=SUCCESS |  
2019-08-23 18:28:53,114 [grpc-default-executor-4] INFO  client.GrpcClientProtocolClient (GrpcClientProtocolClient.java:onNext(255)) - client-19C32667576E->48affcab-e6e4-4602-963a-f6a50efbd54c: receive RaftClientReply:client-19C32667576E->48affcab-e6e4-4602-963a-f6a50efbd54c@group-50C56EAF5137, cid=643, SUCCESS, logIndex=778, commits[48affcab-e6e4-4602-963a-f6a50efbd54c:c779, 7e391b60-07ae-4d97-a027-4756e468c032:c777, c5f86d96-67df-4f25-bde3-316f439d30b3:c775]
2019-08-23 18:28:53,114 [grpc-default-executor-4] INFO  client.GrpcClientProtocolClient (GrpcClientProtocolClient.java:onNext(255)) - client-19C32667576E->48affcab-e6e4-4602-963a-f6a50efbd54c: receive RaftClientReply:client-19C32667576E->48affcab-e6e4-4602-963a-f6a50efbd54c@group-50C56EAF5137, cid=644, SUCCESS, logIndex=779, commits[48affcab-e6e4-4602-963a-f6a50efbd54c:c779, 7e391b60-07ae-4d97-a027-4756e468c032:c777, c5f86d96-67df-4f25-bde3-316f439d30b3:c777]
2019-08-23 18:28:53,115 | INFO  | DNAudit | user=null | ip=null | op=WRITE_CHUNK {blockData=conID: 1 locID: 102667710123213207 bcsId: 775} | ret=SUCCESS |  
2019-08-23 18:28:53,115 | INFO  | DNAudit | user=null | ip=null | op=WRITE_CHUNK {blockData=conID: 1 locID: 102667710123213207 bcsId: 775} | ret=SUCCESS |  
2019-08-23 18:28:53,115 | INFO  | DNAudit | user=null | ip=null | op=PUT_BLOCK {blockData=[blockId=conID: 1 locID: 102667710123213207 bcsId: 0,size=4194304]} | ret=SUCCESS |  
2019-08-23 18:28:53,116 | INFO  | DNAudit | user=null | ip=null | op=PUT_BLOCK {blockData=[blockId=conID: 1 locID: 102667710123213207 bcsId: 0,size=4194304]} | ret=SUCCESS |  
2019-08-23 18:28:53,116 [grpc-default-executor-6] INFO  client.GrpcClientProtocolClient (GrpcClientProtocolClient.java:onNext(255)) - client-19C32667576E->48affcab-e6e4-4602-963a-f6a50efbd54c: receive RaftClientReply:client-19C32667576E->48affcab-e6e4-4602-963a-f6a50efbd54c@group-50C56EAF5137, cid=645, SUCCESS, logIndex=0, commits[48affcab-e6e4-4602-963a-f6a50efbd54c:c780, 7e391b60-07ae-4d97-a027-4756e468c032:c779, c5f86d96-67df-4f25-bde3-316f439d30b3:c779]
2019-08-23 18:28:53,123 | INFO  | DNAudit | user=null | ip=null | op=WRITE_CHUNK {blockData=conID: 2 locID: 102667710123213208 bcsId: 0} | ret=SUCCESS |  
2019-08-23 18:28:53,126 | INFO  | DNAudit | user=null | ip=null | op=WRITE_CHUNK {blockData=conID: 2 locID: 102667710123213208 bcsId: 0} | ret=SUCCESS |  
2019-08-23 18:28:53,127 | INFO  | DNAudit | user=null | ip=null | op=WRITE_CHUNK {blockData=conID: 2 locID: 102667710123213208 bcsId: 0} | ret=SUCCESS |  
2019-08-23 18:28:53,128 | INFO  | DNAudit | user=null | ip=null | op=WRITE_CHUNK {blockData=conID: 2 locID: 102667710123213208 bcsId: 0} | ret=SUCCESS |  
2019-08-23 18:28:53,130 | INFO  | DNAudit | user=null | ip=null | op=WRITE_CHUNK {blockData=conID: 2 locID: 102667710123213208 bcsId: 0} | ret=SUCCESS |  
2019-08-23 18:28:53,131 | INFO  | DNAudit | user=null | ip=null | op=PUT_BLOCK {blockData=[blockId=conID: 2 locID: 102667710123213208 bcsId: 0,size=1048576]} | ret=SUCCESS |  
2019-08-23 18:28:53,131 [grpc-default-executor-6] INFO  client.GrpcClientProtocolClient (GrpcClientProtocolClient.java:onNext(255)) - client-19C32667576E->48affcab-e6e4-4602-963a-f6a50efbd54c: receive RaftClientReply:client-19C32667576E->48affcab-e6e4-4602-963a-f6a50efbd54c@group-50C56EAF5137, cid=646, SUCCESS, logIndex=782, commits[48affcab-e6e4-4602-963a-f6a50efbd54c:c783, 7e391b60-07ae-4d97-a027-4756e468c032:c781, c5f86d96-67df-4f25-bde3-316f439d30b3:c781]
2019-08-23 18:28:53,131 [grpc-default-executor-6] INFO  client.GrpcClientProtocolClient (GrpcClientProtocolClient.java:onNext(255)) - client-19C32667576E->48affcab-e6e4-4602-963a-f6a50efbd54c: receive RaftClientReply:client-19C32667576E->48affcab-e6e4-4602-963a-f6a50efbd54c@group-50C56EAF5137, cid=647, SUCCESS, logIndex=783, commits[48affcab-e6e4-4602-963a-f6a50efbd54c:c783, 7e391b60-07ae-4d97-a027-4756e468c032:c781, c5f86d96-67df-4f25-bde3-316f439d30b3:c781]
2019-08-23 18:28:53,132 | INFO  | DNAudit | user=null | ip=null | op=WRITE_CHUNK {blockData=conID: 2 locID: 102667710123213208 bcsId: 0} | ret=SUCCESS |  
2019-08-23 18:28:53,132 | INFO  | DNAudit | user=null | ip=null | op=WRITE_CHUNK {blockData=conID: 2 locID: 102667710123213208 bcsId: 0} | ret=SUCCESS |  
2019-08-23 18:28:53,135 | INFO  | DNAudit | user=null | ip=null | op=WRITE_CHUNK {blockData=conID: 2 locID: 102667710123213208 bcsId: 0} | ret=SUCCESS |  
2019-08-23 18:28:53,135 | INFO  | DNAudit | user=null | ip=null | op=WRITE_CHUNK {blockData=conID: 2 locID: 102667710123213208 bcsId: 0} | ret=SUCCESS |  
2019-08-23 18:28:53,135 | INFO  | DNAudit | user=null | ip=null | op=WRITE_CHUNK {blockData=conID: 2 locID: 102667710123213208 bcsId: 0} | ret=SUCCESS |  
2019-08-23 18:28:53,135 | INFO  | DNAudit | user=null | ip=null | op=PUT_BLOCK {blockData=[blockId=conID: 2 locID: 102667710123213208 bcsId: 0,size=1048576]} | ret=SUCCESS |  
2019-08-23 18:28:53,135 | INFO  | DNAudit | user=null | ip=null | op=PUT_BLOCK {blockData=[blockId=conID: 2 locID: 102667710123213208 bcsId: 0,size=2097152]} | ret=SUCCESS |  
2019-08-23 18:28:53,135 | INFO  | DNAudit | user=null | ip=null | op=PUT_BLOCK {blockData=[blockId=conID: 2 locID: 102667710123213208 bcsId: 0,size=1048576]} | ret=SUCCESS |  
2019-08-23 18:28:53,135 [grpc-default-executor-6] INFO  client.GrpcClientProtocolClient (GrpcClientProtocolClient.java:onNext(255)) - client-19C32667576E->48affcab-e6e4-4602-963a-f6a50efbd54c: receive RaftClientReply:client-19C32667576E->48affcab-e6e4-4602-963a-f6a50efbd54c@group-50C56EAF5137, cid=648, SUCCESS, logIndex=784, commits[48affcab-e6e4-4602-963a-f6a50efbd54c:c785, 7e391b60-07ae-4d97-a027-4756e468c032:c781, c5f86d96-67df-4f25-bde3-316f439d30b3:c781]
2019-08-23 18:28:53,136 [grpc-default-executor-6] INFO  client.GrpcClientProtocolClient (GrpcClientProtocolClient.java:onNext(255)) - client-19C32667576E->48affcab-e6e4-4602-963a-f6a50efbd54c: receive RaftClientReply:client-19C32667576E->48affcab-e6e4-4602-963a-f6a50efbd54c@group-50C56EAF5137, cid=649, SUCCESS, logIndex=785, commits[48affcab-e6e4-4602-963a-f6a50efbd54c:c787, 7e391b60-07ae-4d97-a027-4756e468c032:c783, c5f86d96-67df-4f25-bde3-316f439d30b3:c782]
2019-08-23 18:28:53,136 | INFO  | DNAudit | user=null | ip=null | op=WRITE_CHUNK {blockData=conID: 2 locID: 102667710123213208 bcsId: 0} | ret=SUCCESS |  
2019-08-23 18:28:53,136 | INFO  | DNAudit | user=null | ip=null | op=WRITE_CHUNK {blockData=conID: 2 locID: 102667710123213208 bcsId: 0} | ret=SUCCESS |  
2019-08-23 18:28:53,137 [grpc-default-executor-6] INFO  client.GrpcClientProtocolClient (GrpcClientProtocolClient.java:onNext(255)) - client-19C32667576E->48affcab-e6e4-4602-963a-f6a50efbd54c: receive RaftClientReply:client-19C32667576E->48affcab-e6e4-4602-963a-f6a50efbd54c@group-50C56EAF5137, cid=650, SUCCESS, logIndex=0, commits[48affcab-e6e4-4602-963a-f6a50efbd54c:c788, 7e391b60-07ae-4d97-a027-4756e468c032:c784, c5f86d96-67df-4f25-bde3-316f439d30b3:c784]
2019-08-23 18:28:53,138 | INFO  | DNAudit | user=null | ip=null | op=PUT_BLOCK {blockData=[blockId=conID: 2 locID: 102667710123213208 bcsId: 0,size=2097152]} | ret=SUCCESS |  
2019-08-23 18:28:53,138 | INFO  | DNAudit | user=null | ip=null | op=PUT_BLOCK {blockData=[blockId=conID: 2 locID: 102667710123213208 bcsId: 0,size=2097152]} | ret=SUCCESS |  
2019-08-23 18:28:53,144 | INFO  | DNAudit | user=null | ip=null | op=WRITE_CHUNK {blockData=conID: 2 locID: 102667710123213208 bcsId: 785} | ret=SUCCESS |  
2019-08-23 18:28:53,148 | INFO  | DNAudit | user=null | ip=null | op=WRITE_CHUNK {blockData=conID: 2 locID: 102667710123213208 bcsId: 785} | ret=SUCCESS |  
2019-08-23 18:28:53,148 | INFO  | DNAudit | user=null | ip=null | op=WRITE_CHUNK {blockData=conID: 2 locID: 102667710123213208 bcsId: 785} | ret=SUCCESS |  
2019-08-23 18:28:53,151 | INFO  | DNAudit | user=null | ip=null | op=WRITE_CHUNK {blockData=conID: 2 locID: 102667710123213208 bcsId: 785} | ret=SUCCESS |  
2019-08-23 18:28:53,152 | INFO  | DNAudit | user=null | ip=null | op=PUT_BLOCK {blockData=[blockId=conID: 2 locID: 102667710123213208 bcsId: 0,size=3145728]} | ret=SUCCESS |  
2019-08-23 18:28:53,152 [grpc-default-executor-6] INFO  client.GrpcClientProtocolClient (GrpcClientProtocolClient.java:onNext(255)) - client-19C32667576E->48affcab-e6e4-4602-963a-f6a50efbd54c: receive RaftClientReply:client-19C32667576E->48affcab-e6e4-4602-963a-f6a50efbd54c@group-50C56EAF5137, cid=651, SUCCESS, logIndex=790, commits[48affcab-e6e4-4602-963a-f6a50efbd54c:c791, 7e391b60-07ae-4d97-a027-4756e468c032:c789, c5f86d96-67df-4f25-bde3-316f439d30b3:c789]
2019-08-23 18:28:53,153 [grpc-default-executor-6] INFO  client.GrpcClientProtocolClient (GrpcClientProtocolClient.java:onNext(255)) - client-19C32667576E->48affcab-e6e4-4602-963a-f6a50efbd54c: receive RaftClientReply:client-19C32667576E->48affcab-e6e4-4602-963a-f6a50efbd54c@group-50C56EAF5137, cid=652, SUCCESS, logIndex=791, commits[48affcab-e6e4-4602-963a-f6a50efbd54c:c791, 7e391b60-07ae-4d97-a027-4756e468c032:c789, c5f86d96-67df-4f25-bde3-316f439d30b3:c789]
2019-08-23 18:28:53,153 | INFO  | DNAudit | user=null | ip=null | op=WRITE_CHUNK {blockData=conID: 2 locID: 102667710123213208 bcsId: 785} | ret=SUCCESS |  
2019-08-23 18:28:53,153 | INFO  | DNAudit | user=null | ip=null | op=WRITE_CHUNK {blockData=conID: 2 locID: 102667710123213208 bcsId: 785} | ret=SUCCESS |  
2019-08-23 18:28:53,155 | INFO  | DNAudit | user=null | ip=null | op=PUT_BLOCK {blockData=[blockId=conID: 2 locID: 102667710123213208 bcsId: 0,size=3145728]} | ret=SUCCESS |  
2019-08-23 18:28:53,155 | INFO  | DNAudit | user=null | ip=null | op=PUT_BLOCK {blockData=[blockId=conID: 2 locID: 102667710123213208 bcsId: 0,size=3145728]} | ret=SUCCESS |  
2019-08-23 18:28:53,161 | INFO  | DNAudit | user=null | ip=null | op=WRITE_CHUNK {blockData=conID: 2 locID: 102667710123213208 bcsId: 791} | ret=SUCCESS |  
2019-08-23 18:28:53,162 | INFO  | SCMAudit | user=jenkins1000 | ip=192.168.34.23 | op=SEND_HEARTBEAT {datanodeUUID=c83cddd0-22b5-491d-bff0-a36373498de2, command=[]} | ret=SUCCESS |  
2019-08-23 18:28:53,165 | INFO  | DNAudit | user=null | ip=null | op=WRITE_CHUNK {blockData=conID: 2 locID: 102667710123213208 bcsId: 791} | ret=SUCCESS |  
2019-08-23 18:28:53,165 | INFO  | DNAudit | user=null | ip=null | op=WRITE_CHUNK {blockData=conID: 2 locID: 102667710123213208 bcsId: 791} | ret=SUCCESS |  
2019-08-23 18:28:53,168 | INFO  | DNAudit | user=null | ip=null | op=WRITE_CHUNK {blockData=conID: 2 locID: 102667710123213208 bcsId: 791} | ret=SUCCESS |  
2019-08-23 18:28:53,168 | INFO  | DNAudit | user=null | ip=null | op=PUT_BLOCK {blockData=[blockId=conID: 2 locID: 102667710123213208 bcsId: 0,size=4194304]} | ret=SUCCESS |  
2019-08-23 18:28:53,168 [grpc-default-executor-6] INFO  client.GrpcClientProtocolClient (GrpcClientProtocolClient.java:onNext(255)) - client-19C32667576E->48affcab-e6e4-4602-963a-f6a50efbd54c: receive RaftClientReply:client-19C32667576E->48affcab-e6e4-4602-963a-f6a50efbd54c@group-50C56EAF5137, cid=653, SUCCESS, logIndex=794, commits[48affcab-e6e4-4602-963a-f6a50efbd54c:c795, 7e391b60-07ae-4d97-a027-4756e468c032:c793, c5f86d96-67df-4f25-bde3-316f439d30b3:c793]
2019-08-23 18:28:53,169 [grpc-default-executor-6] INFO  client.GrpcClientProtocolClient (GrpcClientProtocolClient.java:onNext(255)) - client-19C32667576E->48affcab-e6e4-4602-963a-f6a50efbd54c: receive RaftClientReply:client-19C32667576E->48affcab-e6e4-4602-963a-f6a50efbd54c@group-50C56EAF5137, cid=654, SUCCESS, logIndex=795, commits[48affcab-e6e4-4602-963a-f6a50efbd54c:c795, 7e391b60-07ae-4d97-a027-4756e468c032:c793, c5f86d96-67df-4f25-bde3-316f439d30b3:c793]
2019-08-23 18:28:53,170 | INFO  | DNAudit | user=null | ip=null | op=WRITE_CHUNK {blockData=conID: 2 locID: 102667710123213208 bcsId: 791} | ret=SUCCESS |  
2019-08-23 18:28:53,170 | INFO  | DNAudit | user=null | ip=null | op=WRITE_CHUNK {blockData=conID: 2 locID: 102667710123213208 bcsId: 791} | ret=SUCCESS |  
2019-08-23 18:28:53,172 | INFO  | DNAudit | user=null | ip=null | op=PUT_BLOCK {blockData=[blockId=conID: 2 locID: 102667710123213208 bcsId: 0,size=4194304]} | ret=SUCCESS |  
2019-08-23 18:28:53,172 | INFO  | DNAudit | user=null | ip=null | op=PUT_BLOCK {blockData=[blockId=conID: 2 locID: 102667710123213208 bcsId: 0,size=4194304]} | ret=SUCCESS |  
2019-08-23 18:28:53,173 [grpc-default-executor-6] INFO  client.GrpcClientProtocolClient (GrpcClientProtocolClient.java:onNext(255)) - client-19C32667576E->48affcab-e6e4-4602-963a-f6a50efbd54c: receive RaftClientReply:client-19C32667576E->48affcab-e6e4-4602-963a-f6a50efbd54c@group-50C56EAF5137, cid=655, SUCCESS, logIndex=0, commits[48affcab-e6e4-4602-963a-f6a50efbd54c:c797, 7e391b60-07ae-4d97-a027-4756e468c032:c795, c5f86d96-67df-4f25-bde3-316f439d30b3:c795]
2019-08-23 18:28:53,182 | INFO  | DNAudit | user=null | ip=null | op=WRITE_CHUNK {blockData=conID: 3 locID: 102667710123213209 bcsId: 0} | ret=SUCCESS |  
2019-08-23 18:28:53,185 | INFO  | DNAudit | user=null | ip=null | op=WRITE_CHUNK {blockData=conID: 3 locID: 102667710123213209 bcsId: 0} | ret=SUCCESS |  
2019-08-23 18:28:53,185 | INFO  | DNAudit | user=null | ip=null | op=WRITE_CHUNK {blockData=conID: 3 locID: 102667710123213209 bcsId: 0} | ret=SUCCESS |  
2019-08-23 18:28:53,186 | INFO  | DNAudit | user=null | ip=null | op=WRITE_CHUNK {blockData=conID: 3 locID: 102667710123213209 bcsId: 0} | ret=SUCCESS |  
2019-08-23 18:28:53,189 | INFO  | DNAudit | user=null | ip=null | op=WRITE_CHUNK {blockData=conID: 3 locID: 102667710123213209 bcsId: 0} | ret=SUCCESS |  
2019-08-23 18:28:53,189 | INFO  | DNAudit | user=null | ip=null | op=WRITE_CHUNK {blockData=conID: 3 locID: 102667710123213209 bcsId: 0} | ret=SUCCESS |  
2019-08-23 18:28:53,194 | INFO  | DNAudit | user=null | ip=null | op=WRITE_CHUNK {blockData=conID: 3 locID: 102667710123213209 bcsId: 0} | ret=SUCCESS |  
2019-08-23 18:28:53,195 | INFO  | DNAudit | user=null | ip=null | op=PUT_BLOCK {blockData=[blockId=conID: 3 locID: 102667710123213209 bcsId: 0,size=1048576]} | ret=SUCCESS |  
2019-08-23 18:28:53,195 [grpc-default-executor-4] INFO  client.GrpcClientProtocolClient (GrpcClientProtocolClient.java:onNext(255)) - client-19C32667576E->48affcab-e6e4-4602-963a-f6a50efbd54c: receive RaftClientReply:client-19C32667576E->48affcab-e6e4-4602-963a-f6a50efbd54c@group-50C56EAF5137, cid=656, SUCCESS, logIndex=798, commits[48affcab-e6e4-4602-963a-f6a50efbd54c:c799, 7e391b60-07ae-4d97-a027-4756e468c032:c797, c5f86d96-67df-4f25-bde3-316f439d30b3:c797]
2019-08-23 18:28:53,196 | INFO  | DNAudit | user=null | ip=null | op=WRITE_CHUNK {blockData=conID: 3 locID: 102667710123213209 bcsId: 0} | ret=SUCCESS |  
2019-08-23 18:28:53,196 [grpc-default-executor-4] INFO  client.GrpcClientProtocolClient (GrpcClientProtocolClient.java:onNext(255)) - client-19C32667576E->48affcab-e6e4-4602-963a-f6a50efbd54c: receive RaftClientReply:client-19C32667576E->48affcab-e6e4-4602-963a-f6a50efbd54c@group-50C56EAF5137, cid=657, SUCCESS, logIndex=799, commits[48affcab-e6e4-4602-963a-f6a50efbd54c:c799, 7e391b60-07ae-4d97-a027-4756e468c032:c797, c5f86d96-67df-4f25-bde3-316f439d30b3:c797]
2019-08-23 18:28:53,196 | INFO  | DNAudit | user=null | ip=null | op=PUT_BLOCK {blockData=[blockId=conID: 3 locID: 102667710123213209 bcsId: 0,size=2097152]} | ret=SUCCESS |  
2019-08-23 18:28:53,196 [grpc-default-executor-0] INFO  client.GrpcClientProtocolClient (GrpcClientProtocolClient.java:onNext(255)) - client-19C32667576E->48affcab-e6e4-4602-963a-f6a50efbd54c: receive RaftClientReply:client-19C32667576E->48affcab-e6e4-4602-963a-f6a50efbd54c@group-50C56EAF5137, cid=658, SUCCESS, logIndex=800, commits[48affcab-e6e4-4602-963a-f6a50efbd54c:c801, 7e391b60-07ae-4d97-a027-4756e468c032:c797, c5f86d96-67df-4f25-bde3-316f439d30b3:c797]
2019-08-23 18:28:53,197 [grpc-default-executor-0] INFO  client.GrpcClientProtocolClient (GrpcClientProtocolClient.java:onNext(255)) - client-19C32667576E->48affcab-e6e4-4602-963a-f6a50efbd54c: receive RaftClientReply:client-19C32667576E->48affcab-e6e4-4602-963a-f6a50efbd54c@group-50C56EAF5137, cid=659, SUCCESS, logIndex=801, commits[48affcab-e6e4-4602-963a-f6a50efbd54c:c801, 7e391b60-07ae-4d97-a027-4756e468c032:c797, c5f86d96-67df-4f25-bde3-316f439d30b3:c797]
2019-08-23 18:28:53,197 | INFO  | DNAudit | user=null | ip=null | op=WRITE_CHUNK {blockData=conID: 3 locID: 102667710123213209 bcsId: 0} | ret=SUCCESS |  
2019-08-23 18:28:53,197 | INFO  | DNAudit | user=null | ip=null | op=PUT_BLOCK {blockData=[blockId=conID: 3 locID: 102667710123213209 bcsId: 0,size=1048576]} | ret=SUCCESS |  
2019-08-23 18:28:53,198 | INFO  | DNAudit | user=null | ip=null | op=WRITE_CHUNK {blockData=conID: 3 locID: 102667710123213209 bcsId: 0} | ret=SUCCESS |  
2019-08-23 18:28:53,198 | INFO  | DNAudit | user=null | ip=null | op=PUT_BLOCK {blockData=[blockId=conID: 3 locID: 102667710123213209 bcsId: 0,size=1048576]} | ret=SUCCESS |  
2019-08-23 18:28:53,198 | INFO  | DNAudit | user=null | ip=null | op=WRITE_CHUNK {blockData=conID: 3 locID: 102667710123213209 bcsId: 0} | ret=SUCCESS |  
2019-08-23 18:28:53,199 | INFO  | DNAudit | user=null | ip=null | op=PUT_BLOCK {blockData=[blockId=conID: 3 locID: 102667710123213209 bcsId: 0,size=2097152]} | ret=SUCCESS |  
2019-08-23 18:28:53,199 [grpc-default-executor-4] INFO  client.GrpcClientProtocolClient (GrpcClientProtocolClient.java:onNext(255)) - client-19C32667576E->48affcab-e6e4-4602-963a-f6a50efbd54c: receive RaftClientReply:client-19C32667576E->48affcab-e6e4-4602-963a-f6a50efbd54c@group-50C56EAF5137, cid=660, SUCCESS, logIndex=0, commits[48affcab-e6e4-4602-963a-f6a50efbd54c:c803, 7e391b60-07ae-4d97-a027-4756e468c032:c799, c5f86d96-67df-4f25-bde3-316f439d30b3:c799]
2019-08-23 18:28:53,199 | INFO  | DNAudit | user=null | ip=null | op=WRITE_CHUNK {blockData=conID: 3 locID: 102667710123213209 bcsId: 0} | ret=SUCCESS |  
2019-08-23 18:28:53,199 | INFO  | DNAudit | user=null | ip=null | op=PUT_BLOCK {blockData=[blockId=conID: 3 locID: 102667710123213209 bcsId: 0,size=2097152]} | ret=SUCCESS |  
2019-08-23 18:28:53,205 | INFO  | DNAudit | user=null | ip=null | op=WRITE_CHUNK {blockData=conID: 3 locID: 102667710123213209 bcsId: 801} | ret=SUCCESS |  
2019-08-23 18:28:53,209 | INFO  | DNAudit | user=null | ip=null | op=WRITE_CHUNK {blockData=conID: 3 locID: 102667710123213209 bcsId: 801} | ret=SUCCESS |  
2019-08-23 18:28:53,209 | INFO  | DNAudit | user=null | ip=null | op=WRITE_CHUNK {blockData=conID: 3 locID: 102667710123213209 bcsId: 801} | ret=SUCCESS |  
2019-08-23 18:28:53,215 | INFO  | DNAudit | user=null | ip=null | op=WRITE_CHUNK {blockData=conID: 3 locID: 102667710123213209 bcsId: 801} | ret=SUCCESS |  
2019-08-23 18:28:53,215 | INFO  | DNAudit | user=null | ip=null | op=PUT_BLOCK {blockData=[blockId=conID: 3 locID: 102667710123213209 bcsId: 0,size=3145728]} | ret=SUCCESS |  
2019-08-23 18:28:53,216 [grpc-default-executor-6] INFO  client.GrpcClientProtocolClient (GrpcClientProtocolClient.java:onNext(255)) - client-19C32667576E->48affcab-e6e4-4602-963a-f6a50efbd54c: receive RaftClientReply:client-19C32667576E->48affcab-e6e4-4602-963a-f6a50efbd54c@group-50C56EAF5137, cid=661, SUCCESS, logIndex=806, commits[48affcab-e6e4-4602-963a-f6a50efbd54c:c807, 7e391b60-07ae-4d97-a027-4756e468c032:c805, c5f86d96-67df-4f25-bde3-316f439d30b3:c805]
2019-08-23 18:28:53,216 [grpc-default-executor-6] INFO  client.GrpcClientProtocolClient (GrpcClientProtocolClient.java:onNext(255)) - client-19C32667576E->48affcab-e6e4-4602-963a-f6a50efbd54c: receive RaftClientReply:client-19C32667576E->48affcab-e6e4-4602-963a-f6a50efbd54c@group-50C56EAF5137, cid=662, SUCCESS, logIndex=807, commits[48affcab-e6e4-4602-963a-f6a50efbd54c:c807, 7e391b60-07ae-4d97-a027-4756e468c032:c805, c5f86d96-67df-4f25-bde3-316f439d30b3:c805]
2019-08-23 18:28:53,224 | INFO  | DNAudit | user=null | ip=null | op=WRITE_CHUNK {blockData=conID: 3 locID: 102667710123213209 bcsId: 807} | ret=SUCCESS |  
2019-08-23 18:28:53,227 | INFO  | DNAudit | user=null | ip=null | op=WRITE_CHUNK {blockData=conID: 3 locID: 102667710123213209 bcsId: 801} | ret=SUCCESS |  
2019-08-23 18:28:53,227 | INFO  | DNAudit | user=null | ip=null | op=WRITE_CHUNK {blockData=conID: 3 locID: 102667710123213209 bcsId: 801} | ret=SUCCESS |  
2019-08-23 18:28:53,227 | INFO  | DNAudit | user=null | ip=null | op=WRITE_CHUNK {blockData=conID: 3 locID: 102667710123213209 bcsId: 807} | ret=SUCCESS |  
2019-08-23 18:28:53,228 | INFO  | DNAudit | user=null | ip=null | op=PUT_BLOCK {blockData=[blockId=conID: 3 locID: 102667710123213209 bcsId: 0,size=3145728]} | ret=SUCCESS |  
2019-08-23 18:28:53,229 | INFO  | DNAudit | user=null | ip=null | op=WRITE_CHUNK {blockData=conID: 3 locID: 102667710123213209 bcsId: 807} | ret=SUCCESS |  
2019-08-23 18:28:53,233 | INFO  | DNAudit | user=null | ip=null | op=WRITE_CHUNK {blockData=conID: 3 locID: 102667710123213209 bcsId: 807} | ret=SUCCESS |  
2019-08-23 18:28:53,234 [grpc-default-executor-6] INFO  client.GrpcClientProtocolClient (GrpcClientProtocolClient.java:onNext(255)) - client-19C32667576E->48affcab-e6e4-4602-963a-f6a50efbd54c: receive RaftClientReply:client-19C32667576E->48affcab-e6e4-4602-963a-f6a50efbd54c@group-50C56EAF5137, cid=663, SUCCESS, logIndex=810, commits[48affcab-e6e4-4602-963a-f6a50efbd54c:c810, 7e391b60-07ae-4d97-a027-4756e468c032:c807, c5f86d96-67df-4f25-bde3-316f439d30b3:c807]
2019-08-23 18:28:53,235 | INFO  | DNAudit | user=null | ip=null | op=PUT_BLOCK {blockData=[blockId=conID: 3 locID: 102667710123213209 bcsId: 0,size=4194304]} | ret=SUCCESS |  
2019-08-23 18:28:53,236 | INFO  | DNAudit | user=null | ip=null | op=PUT_BLOCK {blockData=[blockId=conID: 3 locID: 102667710123213209 bcsId: 0,size=3145728]} | ret=SUCCESS |  
2019-08-23 18:28:53,236 [grpc-default-executor-6] INFO  client.GrpcClientProtocolClient (GrpcClientProtocolClient.java:onNext(255)) - client-19C32667576E->48affcab-e6e4-4602-963a-f6a50efbd54c: receive RaftClientReply:client-19C32667576E->48affcab-e6e4-4602-963a-f6a50efbd54c@group-50C56EAF5137, cid=664, SUCCESS, logIndex=811, commits[48affcab-e6e4-4602-963a-f6a50efbd54c:c811, 7e391b60-07ae-4d97-a027-4756e468c032:c807, c5f86d96-67df-4f25-bde3-316f439d30b3:c807]
2019-08-23 18:28:53,245 | INFO  | DNAudit | user=null | ip=null | op=WRITE_CHUNK {blockData=conID: 3 locID: 102667710123213209 bcsId: 807} | ret=SUCCESS |  
2019-08-23 18:28:53,245 | INFO  | DNAudit | user=null | ip=null | op=WRITE_CHUNK {blockData=conID: 3 locID: 102667710123213209 bcsId: 807} | ret=SUCCESS |  
2019-08-23 18:28:53,246 | INFO  | DNAudit | user=null | ip=null | op=PUT_BLOCK {blockData=[blockId=conID: 3 locID: 102667710123213209 bcsId: 0,size=4194304]} | ret=SUCCESS |  
2019-08-23 18:28:53,246 | INFO  | DNAudit | user=null | ip=null | op=PUT_BLOCK {blockData=[blockId=conID: 3 locID: 102667710123213209 bcsId: 0,size=4194304]} | ret=SUCCESS |  
2019-08-23 18:28:53,247 [grpc-default-executor-6] INFO  client.GrpcClientProtocolClient (GrpcClientProtocolClient.java:onNext(255)) - client-19C32667576E->48affcab-e6e4-4602-963a-f6a50efbd54c: receive RaftClientReply:client-19C32667576E->48affcab-e6e4-4602-963a-f6a50efbd54c@group-50C56EAF5137, cid=665, SUCCESS, logIndex=0, commits[48affcab-e6e4-4602-963a-f6a50efbd54c:c813, 7e391b60-07ae-4d97-a027-4756e468c032:c811, c5f86d96-67df-4f25-bde3-316f439d30b3:c811]
2019-08-23 18:28:53,257 | INFO  | DNAudit | user=null | ip=null | op=WRITE_CHUNK {blockData=conID: 1 locID: 102667710123213210 bcsId: 0} | ret=SUCCESS |  
2019-08-23 18:28:53,261 | INFO  | DNAudit | user=null | ip=null | op=WRITE_CHUNK {blockData=conID: 1 locID: 102667710123213210 bcsId: 0} | ret=SUCCESS |  
2019-08-23 18:28:53,262 | INFO  | DNAudit | user=null | ip=null | op=WRITE_CHUNK {blockData=conID: 1 locID: 102667710123213210 bcsId: 0} | ret=SUCCESS |  
2019-08-23 18:28:53,263 | INFO  | DNAudit | user=null | ip=null | op=WRITE_CHUNK {blockData=conID: 1 locID: 102667710123213210 bcsId: 0} | ret=SUCCESS |  
2019-08-23 18:28:53,268 | INFO  | DNAudit | user=null | ip=null | op=WRITE_CHUNK {blockData=conID: 1 locID: 102667710123213210 bcsId: 0} | ret=SUCCESS |  
2019-08-23 18:28:53,269 | INFO  | DNAudit | user=null | ip=null | op=WRITE_CHUNK {blockData=conID: 1 locID: 102667710123213210 bcsId: 0} | ret=SUCCESS |  
2019-08-23 18:28:53,271 | INFO  | DNAudit | user=null | ip=null | op=WRITE_CHUNK {blockData=conID: 1 locID: 102667710123213210 bcsId: 0} | ret=SUCCESS |  
 0.00% |█                                                                                                    |  0/1 Time: 0:00:012019-08-23 18:28:53,272 | INFO  | DNAudit | user=null | ip=null | op=PUT_BLOCK {blockData=[blockId=conID: 1 locID: 102667710123213210 bcsId: 0,size=1048576]} | ret=SUCCESS |  
2019-08-23 18:28:53,272 | INFO  | DNAudit | user=null | ip=null | op=WRITE_CHUNK {blockData=conID: 1 locID: 102667710123213210 bcsId: 0} | ret=SUCCESS |  
2019-08-23 18:28:53,273 | INFO  | DNAudit | user=null | ip=null | op=PUT_BLOCK {blockData=[blockId=conID: 1 locID: 102667710123213210 bcsId: 0,size=2097152]} | ret=SUCCESS |  
2019-08-23 18:28:53,273 | INFO  | DNAudit | user=null | ip=null | op=WRITE_CHUNK {blockData=conID: 1 locID: 102667710123213210 bcsId: 0} | ret=SUCCESS |  
2019-08-23 18:28:53,273 [grpc-default-executor-6] INFO  client.GrpcClientProtocolClient (GrpcClientProtocolClient.java:onNext(255)) - client-19C32667576E->48affcab-e6e4-4602-963a-f6a50efbd54c: receive RaftClientReply:client-19C32667576E->48affcab-e6e4-4602-963a-f6a50efbd54c@group-50C56EAF5137, cid=666, SUCCESS, logIndex=814, commits[48affcab-e6e4-4602-963a-f6a50efbd54c:c817, 7e391b60-07ae-4d97-a027-4756e468c032:c813, c5f86d96-67df-4f25-bde3-316f439d30b3:c813]
2019-08-23 18:28:53,273 | INFO  | DNAudit | user=null | ip=null | op=WRITE_CHUNK {blockData=conID: 1 locID: 102667710123213210 bcsId: 0} | ret=SUCCESS |  
2019-08-23 18:28:53,274 [grpc-default-executor-6] INFO  client.GrpcClientProtocolClient (GrpcClientProtocolClient.java:onNext(255)) - client-19C32667576E->48affcab-e6e4-4602-963a-f6a50efbd54c: receive RaftClientReply:client-19C32667576E->48affcab-e6e4-4602-963a-f6a50efbd54c@group-50C56EAF5137, cid=667, SUCCESS, logIndex=815, commits[48affcab-e6e4-4602-963a-f6a50efbd54c:c817, 7e391b60-07ae-4d97-a027-4756e468c032:c813, c5f86d96-67df-4f25-bde3-316f439d30b3:c813]
2019-08-23 18:28:53,274 | INFO  | DNAudit | user=null | ip=null | op=PUT_BLOCK {blockData=[blockId=conID: 1 locID: 102667710123213210 bcsId: 0,size=1048576]} | ret=SUCCESS |  
2019-08-23 18:28:53,274 | INFO  | DNAudit | user=null | ip=null | op=PUT_BLOCK {blockData=[blockId=conID: 1 locID: 102667710123213210 bcsId: 0,size=1048576]} | ret=SUCCESS |  
2019-08-23 18:28:53,274 [grpc-default-executor-6] INFO  client.GrpcClientProtocolClient (GrpcClientProtocolClient.java:onNext(255)) - client-19C32667576E->48affcab-e6e4-4602-963a-f6a50efbd54c: receive RaftClientReply:client-19C32667576E->48affcab-e6e4-4602-963a-f6a50efbd54c@group-50C56EAF5137, cid=668, SUCCESS, logIndex=816, commits[48affcab-e6e4-4602-963a-f6a50efbd54c:c817, 7e391b60-07ae-4d97-a027-4756e468c032:c813, c5f86d96-67df-4f25-bde3-316f439d30b3:c813]
2019-08-23 18:28:53,275 | INFO  | DNAudit | user=null | ip=null | op=WRITE_CHUNK {blockData=conID: 1 locID: 102667710123213210 bcsId: 0} | ret=SUCCESS |  
2019-08-23 18:28:53,275 [grpc-default-executor-6] INFO  client.GrpcClientProtocolClient (GrpcClientProtocolClient.java:onNext(255)) - client-19C32667576E->48affcab-e6e4-4602-963a-f6a50efbd54c: receive RaftClientReply:client-19C32667576E->48affcab-e6e4-4602-963a-f6a50efbd54c@group-50C56EAF5137, cid=669, SUCCESS, logIndex=817, commits[48affcab-e6e4-4602-963a-f6a50efbd54c:c817, 7e391b60-07ae-4d97-a027-4756e468c032:c813, c5f86d96-67df-4f25-bde3-316f439d30b3:c813]
2019-08-23 18:28:53,275 | INFO  | DNAudit | user=null | ip=null | op=PUT_BLOCK {blockData=[blockId=conID: 1 locID: 102667710123213210 bcsId: 0,size=2097152]} | ret=SUCCESS |  
2019-08-23 18:28:53,275 | INFO  | DNAudit | user=null | ip=null | op=WRITE_CHUNK {blockData=conID: 1 locID: 102667710123213210 bcsId: 0} | ret=SUCCESS |  
2019-08-23 18:28:53,276 | INFO  | DNAudit | user=null | ip=null | op=PUT_BLOCK {blockData=[blockId=conID: 1 locID: 102667710123213210 bcsId: 0,size=2097152]} | ret=SUCCESS |  
2019-08-23 18:28:53,277 [grpc-default-executor-0] INFO  client.GrpcClientProtocolClient (GrpcClientProtocolClient.java:onNext(255)) - client-19C32667576E->48affcab-e6e4-4602-963a-f6a50efbd54c: receive RaftClientReply:client-19C32667576E->48affcab-e6e4-4602-963a-f6a50efbd54c@group-50C56EAF5137, cid=670, SUCCESS, logIndex=0, commits[48affcab-e6e4-4602-963a-f6a50efbd54c:c821, 7e391b60-07ae-4d97-a027-4756e468c032:c817, c5f86d96-67df-4f25-bde3-316f439d30b3:c817]
2019-08-23 18:28:53,286 | INFO  | DNAudit | user=null | ip=null | op=WRITE_CHUNK {blockData=conID: 1 locID: 102667710123213210 bcsId: 817} | ret=SUCCESS |  
2019-08-23 18:28:53,289 | INFO  | DNAudit | user=null | ip=null | op=WRITE_CHUNK {blockData=conID: 1 locID: 102667710123213210 bcsId: 817} | ret=SUCCESS |  
2019-08-23 18:28:53,290 | INFO  | DNAudit | user=null | ip=null | op=WRITE_CHUNK {blockData=conID: 1 locID: 102667710123213210 bcsId: 817} | ret=SUCCESS |  
2019-08-23 18:28:53,299 | INFO  | DNAudit | user=null | ip=null | op=WRITE_CHUNK {blockData=conID: 1 locID: 102667710123213210 bcsId: 817} | ret=SUCCESS |  
2019-08-23 18:28:53,299 | INFO  | DNAudit | user=null | ip=null | op=PUT_BLOCK {blockData=[blockId=conID: 1 locID: 102667710123213210 bcsId: 0,size=3145728]} | ret=SUCCESS |  
2019-08-23 18:28:53,300 [grpc-default-executor-6] INFO  client.GrpcClientProtocolClient (GrpcClientProtocolClient.java:onNext(255)) - client-19C32667576E->48affcab-e6e4-4602-963a-f6a50efbd54c: receive RaftClientReply:client-19C32667576E->48affcab-e6e4-4602-963a-f6a50efbd54c@group-50C56EAF5137, cid=671, SUCCESS, logIndex=822, commits[48affcab-e6e4-4602-963a-f6a50efbd54c:c823, 7e391b60-07ae-4d97-a027-4756e468c032:c821, c5f86d96-67df-4f25-bde3-316f439d30b3:c821]
2019-08-23 18:28:53,300 [grpc-default-executor-6] INFO  client.GrpcClientProtocolClient (GrpcClientProtocolClient.java:onNext(255)) - client-19C32667576E->48affcab-e6e4-4602-963a-f6a50efbd54c: receive RaftClientReply:client-19C32667576E->48affcab-e6e4-4602-963a-f6a50efbd54c@group-50C56EAF5137, cid=672, SUCCESS, logIndex=823, commits[48affcab-e6e4-4602-963a-f6a50efbd54c:c823, 7e391b60-07ae-4d97-a027-4756e468c032:c821, c5f86d96-67df-4f25-bde3-316f439d30b3:c821]
2019-08-23 18:28:53,309 | INFO  | DNAudit | user=null | ip=null | op=WRITE_CHUNK {blockData=conID: 1 locID: 102667710123213210 bcsId: 823} | ret=SUCCESS |  
2019-08-23 18:28:53,310 | INFO  | DNAudit | user=null | ip=null | op=WRITE_CHUNK {blockData=conID: 1 locID: 102667710123213210 bcsId: 817} | ret=SUCCESS |  
2019-08-23 18:28:53,310 | INFO  | DNAudit | user=null | ip=null | op=WRITE_CHUNK {blockData=conID: 1 locID: 102667710123213210 bcsId: 817} | ret=SUCCESS |  
2019-08-23 18:28:53,311 | INFO  | DNAudit | user=null | ip=null | op=PUT_BLOCK {blockData=[blockId=conID: 1 locID: 102667710123213210 bcsId: 0,size=3145728]} | ret=SUCCESS |  
2019-08-23 18:28:53,311 | INFO  | DNAudit | user=null | ip=null | op=PUT_BLOCK {blockData=[blockId=conID: 1 locID: 102667710123213210 bcsId: 0,size=3145728]} | ret=SUCCESS |  
2019-08-23 18:28:53,312 | INFO  | DNAudit | user=null | ip=null | op=WRITE_CHUNK {blockData=conID: 1 locID: 102667710123213210 bcsId: 823} | ret=SUCCESS |  
2019-08-23 18:28:53,313 | INFO  | DNAudit | user=null | ip=null | op=WRITE_CHUNK {blockData=conID: 1 locID: 102667710123213210 bcsId: 823} | ret=SUCCESS |  
2019-08-23 18:28:53,315 | INFO  | DNAudit | user=null | ip=null | op=WRITE_CHUNK {blockData=conID: 1 locID: 102667710123213210 bcsId: 823} | ret=SUCCESS |  
2019-08-23 18:28:53,316 | INFO  | DNAudit | user=null | ip=null | op=PUT_BLOCK {blockData=[blockId=conID: 1 locID: 102667710123213210 bcsId: 0,size=4194304]} | ret=SUCCESS |  
2019-08-23 18:28:53,316 [grpc-default-executor-6] INFO  client.GrpcClientProtocolClient (GrpcClientProtocolClient.java:onNext(255)) - client-19C32667576E->48affcab-e6e4-4602-963a-f6a50efbd54c: receive RaftClientReply:client-19C32667576E->48affcab-e6e4-4602-963a-f6a50efbd54c@group-50C56EAF5137, cid=673, SUCCESS, logIndex=826, commits[48affcab-e6e4-4602-963a-f6a50efbd54c:c827, 7e391b60-07ae-4d97-a027-4756e468c032:c823, c5f86d96-67df-4f25-bde3-316f439d30b3:c823]
2019-08-23 18:28:53,317 | INFO  | DNAudit | user=null | ip=null | op=WRITE_CHUNK {blockData=conID: 1 locID: 102667710123213210 bcsId: 823} | ret=SUCCESS |  
2019-08-23 18:28:53,317 [grpc-default-executor-6] INFO  client.GrpcClientProtocolClient (GrpcClientProtocolClient.java:onNext(255)) - client-19C32667576E->48affcab-e6e4-4602-963a-f6a50efbd54c: receive RaftClientReply:client-19C32667576E->48affcab-e6e4-4602-963a-f6a50efbd54c@group-50C56EAF5137, cid=674, SUCCESS, logIndex=827, commits[48affcab-e6e4-4602-963a-f6a50efbd54c:c827, 7e391b60-07ae-4d97-a027-4756e468c032:c823, c5f86d96-67df-4f25-bde3-316f439d30b3:c823]
2019-08-23 18:28:53,317 | INFO  | DNAudit | user=null | ip=null | op=PUT_BLOCK {blockData=[blockId=conID: 1 locID: 102667710123213210 bcsId: 0,size=4194304]} | ret=SUCCESS |  
2019-08-23 18:28:53,317 | INFO  | DNAudit | user=null | ip=null | op=WRITE_CHUNK {blockData=conID: 1 locID: 102667710123213210 bcsId: 823} | ret=SUCCESS |  
2019-08-23 18:28:53,318 | INFO  | DNAudit | user=null | ip=null | op=PUT_BLOCK {blockData=[blockId=conID: 1 locID: 102667710123213210 bcsId: 0,size=4194304]} | ret=SUCCESS |  
2019-08-23 18:28:53,319 [grpc-default-executor-6] INFO  client.GrpcClientProtocolClient (GrpcClientProtocolClient.java:onNext(255)) - client-19C32667576E->48affcab-e6e4-4602-963a-f6a50efbd54c: receive RaftClientReply:client-19C32667576E->48affcab-e6e4-4602-963a-f6a50efbd54c@group-50C56EAF5137, cid=675, SUCCESS, logIndex=0, commits[48affcab-e6e4-4602-963a-f6a50efbd54c:c828, 7e391b60-07ae-4d97-a027-4756e468c032:c827, c5f86d96-67df-4f25-bde3-316f439d30b3:c827]
2019-08-23 18:28:53,328 | INFO  | DNAudit | user=null | ip=null | op=WRITE_CHUNK {blockData=conID: 2 locID: 102667710123213211 bcsId: 0} | ret=SUCCESS |  
2019-08-23 18:28:53,332 | INFO  | DNAudit | user=null | ip=null | op=WRITE_CHUNK {blockData=conID: 2 locID: 102667710123213211 bcsId: 0} | ret=SUCCESS |  
2019-08-23 18:28:53,333 | INFO  | DNAudit | user=null | ip=null | op=WRITE_CHUNK {blockData=conID: 2 locID: 102667710123213211 bcsId: 0} | ret=SUCCESS |  
2019-08-23 18:28:53,334 | INFO  | DNAudit | user=null | ip=null | op=WRITE_CHUNK {blockData=conID: 2 locID: 102667710123213211 bcsId: 0} | ret=SUCCESS |  
2019-08-23 18:28:53,336 | INFO  | DNAudit | user=null | ip=null | op=WRITE_CHUNK {blockData=conID: 2 locID: 102667710123213211 bcsId: 0} | ret=SUCCESS |  
2019-08-23 18:28:53,337 | INFO  | DNAudit | user=null | ip=null | op=PUT_BLOCK {blockData=[blockId=conID: 2 locID: 102667710123213211 bcsId: 0,size=1048576]} | ret=SUCCESS |  
2019-08-23 18:28:53,338 [grpc-default-executor-6] INFO  client.GrpcClientProtocolClient (GrpcClientProtocolClient.java:onNext(255)) - client-19C32667576E->48affcab-e6e4-4602-963a-f6a50efbd54c: receive RaftClientReply:client-19C32667576E->48affcab-e6e4-4602-963a-f6a50efbd54c@group-50C56EAF5137, cid=676, SUCCESS, logIndex=830, commits[48affcab-e6e4-4602-963a-f6a50efbd54c:c831, 7e391b60-07ae-4d97-a027-4756e468c032:c829, c5f86d96-67df-4f25-bde3-316f439d30b3:c829]
2019-08-23 18:28:53,338 [grpc-default-executor-6] INFO  client.GrpcClientProtocolClient (GrpcClientProtocolClient.java:onNext(255)) - client-19C32667576E->48affcab-e6e4-4602-963a-f6a50efbd54c: receive RaftClientReply:client-19C32667576E->48affcab-e6e4-4602-963a-f6a50efbd54c@group-50C56EAF5137, cid=677, SUCCESS, logIndex=831, commits[48affcab-e6e4-4602-963a-f6a50efbd54c:c831, 7e391b60-07ae-4d97-a027-4756e468c032:c829, c5f86d96-67df-4f25-bde3-316f439d30b3:c829]
2019-08-23 18:28:53,339 | INFO  | DNAudit | user=null | ip=null | op=WRITE_CHUNK {blockData=conID: 2 locID: 102667710123213211 bcsId: 0} | ret=SUCCESS |  
2019-08-23 18:28:53,341 | INFO  | DNAudit | user=null | ip=null | op=WRITE_CHUNK {blockData=conID: 2 locID: 102667710123213211 bcsId: 0} | ret=SUCCESS |  
2019-08-23 18:28:53,341 | INFO  | DNAudit | user=null | ip=null | op=WRITE_CHUNK {blockData=conID: 2 locID: 102667710123213211 bcsId: 0} | ret=SUCCESS |  
2019-08-23 18:28:53,342 | INFO  | DNAudit | user=null | ip=null | op=PUT_BLOCK {blockData=[blockId=conID: 2 locID: 102667710123213211 bcsId: 0,size=1048576]} | ret=SUCCESS |  
2019-08-23 18:28:53,342 | INFO  | DNAudit | user=null | ip=null | op=WRITE_CHUNK {blockData=conID: 2 locID: 102667710123213211 bcsId: 0} | ret=SUCCESS |  
2019-08-23 18:28:53,343 | INFO  | DNAudit | user=null | ip=null | op=PUT_BLOCK {blockData=[blockId=conID: 2 locID: 102667710123213211 bcsId: 0,size=2097152]} | ret=SUCCESS |  
2019-08-23 18:28:53,343 | INFO  | DNAudit | user=null | ip=null | op=WRITE_CHUNK {blockData=conID: 2 locID: 102667710123213211 bcsId: 0} | ret=SUCCESS |  
2019-08-23 18:28:53,344 | INFO  | DNAudit | user=null | ip=null | op=WRITE_CHUNK {blockData=conID: 2 locID: 102667710123213211 bcsId: 0} | ret=SUCCESS |  
2019-08-23 18:28:53,344 | INFO  | DNAudit | user=null | ip=null | op=PUT_BLOCK {blockData=[blockId=conID: 2 locID: 102667710123213211 bcsId: 0,size=1048576]} | ret=SUCCESS |  
2019-08-23 18:28:53,344 [grpc-default-executor-0] INFO  client.GrpcClientProtocolClient (GrpcClientProtocolClient.java:onNext(255)) - client-19C32667576E->48affcab-e6e4-4602-963a-f6a50efbd54c: receive RaftClientReply:client-19C32667576E->48affcab-e6e4-4602-963a-f6a50efbd54c@group-50C56EAF5137, cid=678, SUCCESS, logIndex=832, commits[48affcab-e6e4-4602-963a-f6a50efbd54c:c835, 7e391b60-07ae-4d97-a027-4756e468c032:c831, c5f86d96-67df-4f25-bde3-316f439d30b3:c829]
2019-08-23 18:28:53,344 | INFO  | DNAudit | user=null | ip=null | op=WRITE_CHUNK {blockData=conID: 2 locID: 102667710123213211 bcsId: 0} | ret=SUCCESS |  
2019-08-23 18:28:53,345 | INFO  | DNAudit | user=null | ip=null | op=PUT_BLOCK {blockData=[blockId=conID: 2 locID: 102667710123213211 bcsId: 0,size=2097152]} | ret=SUCCESS |  
2019-08-23 18:28:53,345 [grpc-default-executor-6] INFO  client.GrpcClientProtocolClient (GrpcClientProtocolClient.java:onNext(255)) - client-19C32667576E->48affcab-e6e4-4602-963a-f6a50efbd54c: receive RaftClientReply:client-19C32667576E->48affcab-e6e4-4602-963a-f6a50efbd54c@group-50C56EAF5137, cid=679, SUCCESS, logIndex=833, commits[48affcab-e6e4-4602-963a-f6a50efbd54c:c835, 7e391b60-07ae-4d97-a027-4756e468c032:c831, c5f86d96-67df-4f25-bde3-316f439d30b3:c829]
2019-08-23 18:28:53,345 | INFO  | DNAudit | user=null | ip=null | op=PUT_BLOCK {blockData=[blockId=conID: 2 locID: 102667710123213211 bcsId: 0,size=2097152]} | ret=SUCCESS |  
2019-08-23 18:28:53,346 [grpc-default-executor-0] INFO  client.GrpcClientProtocolClient (GrpcClientProtocolClient.java:onNext(255)) - client-19C32667576E->48affcab-e6e4-4602-963a-f6a50efbd54c: receive RaftClientReply:client-19C32667576E->48affcab-e6e4-4602-963a-f6a50efbd54c@group-50C56EAF5137, cid=680, SUCCESS, logIndex=0, commits[48affcab-e6e4-4602-963a-f6a50efbd54c:c837, 7e391b60-07ae-4d97-a027-4756e468c032:c835, c5f86d96-67df-4f25-bde3-316f439d30b3:c835]
2019-08-23 18:28:53,354 | INFO  | DNAudit | user=null | ip=null | op=WRITE_CHUNK {blockData=conID: 2 locID: 102667710123213211 bcsId: 833} | ret=SUCCESS |  
2019-08-23 18:28:53,361 | INFO  | DNAudit | user=null | ip=null | op=WRITE_CHUNK {blockData=conID: 2 locID: 102667710123213211 bcsId: 833} | ret=SUCCESS |  
2019-08-23 18:28:53,361 | INFO  | DNAudit | user=null | ip=null | op=WRITE_CHUNK {blockData=conID: 2 locID: 102667710123213211 bcsId: 833} | ret=SUCCESS |  
2019-08-23 18:28:53,367 | INFO  | DNAudit | user=null | ip=null | op=WRITE_CHUNK {blockData=conID: 2 locID: 102667710123213211 bcsId: 833} | ret=SUCCESS |  
2019-08-23 18:28:53,368 | INFO  | DNAudit | user=null | ip=null | op=PUT_BLOCK {blockData=[blockId=conID: 2 locID: 102667710123213211 bcsId: 0,size=3145728]} | ret=SUCCESS |  
2019-08-23 18:28:53,368 [grpc-default-executor-0] INFO  client.GrpcClientProtocolClient (GrpcClientProtocolClient.java:onNext(255)) - client-19C32667576E->48affcab-e6e4-4602-963a-f6a50efbd54c: receive RaftClientReply:client-19C32667576E->48affcab-e6e4-4602-963a-f6a50efbd54c@group-50C56EAF5137, cid=681, SUCCESS, logIndex=838, commits[48affcab-e6e4-4602-963a-f6a50efbd54c:c839, 7e391b60-07ae-4d97-a027-4756e468c032:c837, c5f86d96-67df-4f25-bde3-316f439d30b3:c837]
2019-08-23 18:28:53,369 [grpc-default-executor-0] INFO  client.GrpcClientProtocolClient (GrpcClientProtocolClient.java:onNext(255)) - client-19C32667576E->48affcab-e6e4-4602-963a-f6a50efbd54c: receive RaftClientReply:client-19C32667576E->48affcab-e6e4-4602-963a-f6a50efbd54c@group-50C56EAF5137, cid=682, SUCCESS, logIndex=839, commits[48affcab-e6e4-4602-963a-f6a50efbd54c:c839, 7e391b60-07ae-4d97-a027-4756e468c032:c837, c5f86d96-67df-4f25-bde3-316f439d30b3:c837]
2019-08-23 18:28:53,370 | INFO  | DNAudit | user=null | ip=null | op=WRITE_CHUNK {blockData=conID: 2 locID: 102667710123213211 bcsId: 833} | ret=SUCCESS |  
2019-08-23 18:28:53,370 | INFO  | DNAudit | user=null | ip=null | op=WRITE_CHUNK {blockData=conID: 2 locID: 102667710123213211 bcsId: 833} | ret=SUCCESS |  
2019-08-23 18:28:53,370 | INFO  | DNAudit | user=null | ip=null | op=PUT_BLOCK {blockData=[blockId=conID: 2 locID: 102667710123213211 bcsId: 0,size=3145728]} | ret=SUCCESS |  
2019-08-23 18:28:53,370 | INFO  | DNAudit | user=null | ip=null | op=PUT_BLOCK {blockData=[blockId=conID: 2 locID: 102667710123213211 bcsId: 0,size=3145728]} | ret=SUCCESS |  
2019-08-23 18:28:53,378 | INFO  | DNAudit | user=null | ip=null | op=WRITE_CHUNK {blockData=conID: 2 locID: 102667710123213211 bcsId: 839} | ret=SUCCESS |  
2019-08-23 18:28:53,381 | INFO  | DNAudit | user=null | ip=null | op=WRITE_CHUNK {blockData=conID: 2 locID: 102667710123213211 bcsId: 839} | ret=SUCCESS |  
2019-08-23 18:28:53,381 | INFO  | DNAudit | user=null | ip=null | op=WRITE_CHUNK {blockData=conID: 2 locID: 102667710123213211 bcsId: 839} | ret=SUCCESS |  
2019-08-23 18:28:53,384 | INFO  | DNAudit | user=null | ip=null | op=WRITE_CHUNK {blockData=conID: 2 locID: 102667710123213211 bcsId: 839} | ret=SUCCESS |  
2019-08-23 18:28:53,385 | INFO  | DNAudit | user=null | ip=null | op=PUT_BLOCK {blockData=[blockId=conID: 2 locID: 102667710123213211 bcsId: 0,size=4194304]} | ret=SUCCESS |  
2019-08-23 18:28:53,385 [grpc-default-executor-6] INFO  client.GrpcClientProtocolClient (GrpcClientProtocolClient.java:onNext(255)) - client-19C32667576E->48affcab-e6e4-4602-963a-f6a50efbd54c: receive RaftClientReply:client-19C32667576E->48affcab-e6e4-4602-963a-f6a50efbd54c@group-50C56EAF5137, cid=683, SUCCESS, logIndex=841, commits[48affcab-e6e4-4602-963a-f6a50efbd54c:c842, 7e391b60-07ae-4d97-a027-4756e468c032:c840, c5f86d96-67df-4f25-bde3-316f439d30b3:c840]
2019-08-23 18:28:53,386 [grpc-default-executor-6] INFO  client.GrpcClientProtocolClient (GrpcClientProtocolClient.java:onNext(255)) - client-19C32667576E->48affcab-e6e4-4602-963a-f6a50efbd54c: receive RaftClientReply:client-19C32667576E->48affcab-e6e4-4602-963a-f6a50efbd54c@group-50C56EAF5137, cid=684, SUCCESS, logIndex=842, commits[48affcab-e6e4-4602-963a-f6a50efbd54c:c842, 7e391b60-07ae-4d97-a027-4756e468c032:c840, c5f86d96-67df-4f25-bde3-316f439d30b3:c840]
2019-08-23 18:28:53,387 | INFO  | DNAudit | user=null | ip=null | op=WRITE_CHUNK {blockData=conID: 2 locID: 102667710123213211 bcsId: 839} | ret=SUCCESS |  
2019-08-23 18:28:53,387 | INFO  | DNAudit | user=null | ip=null | op=WRITE_CHUNK {blockData=conID: 2 locID: 102667710123213211 bcsId: 839} | ret=SUCCESS |  
2019-08-23 18:28:53,387 | INFO  | DNAudit | user=null | ip=null | op=PUT_BLOCK {blockData=[blockId=conID: 2 locID: 102667710123213211 bcsId: 0,size=4194304]} | ret=SUCCESS |  
2019-08-23 18:28:53,388 | INFO  | DNAudit | user=null | ip=null | op=PUT_BLOCK {blockData=[blockId=conID: 2 locID: 102667710123213211 bcsId: 0,size=4194304]} | ret=SUCCESS |  
2019-08-23 18:28:53,389 [grpc-default-executor-6] INFO  client.GrpcClientProtocolClient (GrpcClientProtocolClient.java:onNext(255)) - client-19C32667576E->48affcab-e6e4-4602-963a-f6a50efbd54c: receive RaftClientReply:client-19C32667576E->48affcab-e6e4-4602-963a-f6a50efbd54c@group-50C56EAF5137, cid=685, SUCCESS, logIndex=0, commits[48affcab-e6e4-4602-963a-f6a50efbd54c:c843, 7e391b60-07ae-4d97-a027-4756e468c032:c842, c5f86d96-67df-4f25-bde3-316f439d30b3:c842]
2019-08-23 18:28:53,399 | INFO  | DNAudit | user=null | ip=null | op=WRITE_CHUNK {blockData=conID: 3 locID: 102667710123278748 bcsId: 0} | ret=SUCCESS |  
2019-08-23 18:28:53,401 | INFO  | DNAudit | user=null | ip=null | op=WRITE_CHUNK {blockData=conID: 3 locID: 102667710123278748 bcsId: 0} | ret=SUCCESS |  
2019-08-23 18:28:53,402 | INFO  | DNAudit | user=null | ip=null | op=WRITE_CHUNK {blockData=conID: 3 locID: 102667710123278748 bcsId: 0} | ret=SUCCESS |  
2019-08-23 18:28:53,402 | INFO  | DNAudit | user=null | ip=null | op=WRITE_CHUNK {blockData=conID: 3 locID: 102667710123278748 bcsId: 0} | ret=SUCCESS |  
2019-08-23 18:28:53,404 | INFO  | DNAudit | user=null | ip=null | op=WRITE_CHUNK {blockData=conID: 3 locID: 102667710123278748 bcsId: 0} | ret=SUCCESS |  
2019-08-23 18:28:53,405 | INFO  | DNAudit | user=null | ip=null | op=PUT_BLOCK {blockData=[blockId=conID: 3 locID: 102667710123278748 bcsId: 0,size=1048576]} | ret=SUCCESS |  
2019-08-23 18:28:53,405 [grpc-default-executor-4] INFO  client.GrpcClientProtocolClient (GrpcClientProtocolClient.java:onNext(255)) - client-19C32667576E->48affcab-e6e4-4602-963a-f6a50efbd54c: receive RaftClientReply:client-19C32667576E->48affcab-e6e4-4602-963a-f6a50efbd54c@group-50C56EAF5137, cid=686, SUCCESS, logIndex=845, commits[48affcab-e6e4-4602-963a-f6a50efbd54c:c845, 7e391b60-07ae-4d97-a027-4756e468c032:c844, c5f86d96-67df-4f25-bde3-316f439d30b3:c844]
2019-08-23 18:28:53,405 | INFO  | DNAudit | user=null | ip=null | op=WRITE_CHUNK {blockData=conID: 3 locID: 102667710123278748 bcsId: 0} | ret=SUCCESS |  
2019-08-23 18:28:53,406 [grpc-default-executor-4] INFO  client.GrpcClientProtocolClient (GrpcClientProtocolClient.java:onNext(255)) - client-19C32667576E->48affcab-e6e4-4602-963a-f6a50efbd54c: receive RaftClientReply:client-19C32667576E->48affcab-e6e4-4602-963a-f6a50efbd54c@group-50C56EAF5137, cid=687, SUCCESS, logIndex=846, commits[48affcab-e6e4-4602-963a-f6a50efbd54c:c846, 7e391b60-07ae-4d97-a027-4756e468c032:c844, c5f86d96-67df-4f25-bde3-316f439d30b3:c844]
2019-08-23 18:28:53,406 | INFO  | DNAudit | user=null | ip=null | op=WRITE_CHUNK {blockData=conID: 3 locID: 102667710123278748 bcsId: 0} | ret=SUCCESS |  
2019-08-23 18:28:53,409 | INFO  | DNAudit | user=null | ip=null | op=WRITE_CHUNK {blockData=conID: 3 locID: 102667710123278748 bcsId: 0} | ret=SUCCESS |  
2019-08-23 18:28:53,409 | INFO  | DNAudit | user=null | ip=null | op=WRITE_CHUNK {blockData=conID: 3 locID: 102667710123278748 bcsId: 0} | ret=SUCCESS |  
2019-08-23 18:28:53,409 | INFO  | DNAudit | user=null | ip=null | op=PUT_BLOCK {blockData=[blockId=conID: 3 locID: 102667710123278748 bcsId: 0,size=1048576]} | ret=SUCCESS |  
2019-08-23 18:28:53,409 | INFO  | DNAudit | user=null | ip=null | op=PUT_BLOCK {blockData=[blockId=conID: 3 locID: 102667710123278748 bcsId: 0,size=2097152]} | ret=SUCCESS |  
2019-08-23 18:28:53,409 | INFO  | DNAudit | user=null | ip=null | op=WRITE_CHUNK {blockData=conID: 3 locID: 102667710123278748 bcsId: 0} | ret=SUCCESS |  
2019-08-23 18:28:53,410 | INFO  | DNAudit | user=null | ip=null | op=PUT_BLOCK {blockData=[blockId=conID: 3 locID: 102667710123278748 bcsId: 0,size=1048576]} | ret=SUCCESS |  
2019-08-23 18:28:53,410 [grpc-default-executor-0] INFO  client.GrpcClientProtocolClient (GrpcClientProtocolClient.java:onNext(255)) - client-19C32667576E->48affcab-e6e4-4602-963a-f6a50efbd54c: receive RaftClientReply:client-19C32667576E->48affcab-e6e4-4602-963a-f6a50efbd54c@group-50C56EAF5137, cid=688, SUCCESS, logIndex=847, commits[48affcab-e6e4-4602-963a-f6a50efbd54c:c849, 7e391b60-07ae-4d97-a027-4756e468c032:c845, c5f86d96-67df-4f25-bde3-316f439d30b3:c844]
2019-08-23 18:28:53,410 | INFO  | DNAudit | user=null | ip=null | op=WRITE_CHUNK {blockData=conID: 3 locID: 102667710123278748 bcsId: 0} | ret=SUCCESS |  
2019-08-23 18:28:53,410 [grpc-default-executor-0] INFO  client.GrpcClientProtocolClient (GrpcClientProtocolClient.java:onNext(255)) - client-19C32667576E->48affcab-e6e4-4602-963a-f6a50efbd54c: receive RaftClientReply:client-19C32667576E->48affcab-e6e4-4602-963a-f6a50efbd54c@group-50C56EAF5137, cid=689, SUCCESS, logIndex=848, commits[48affcab-e6e4-4602-963a-f6a50efbd54c:c850, 7e391b60-07ae-4d97-a027-4756e468c032:c846, c5f86d96-67df-4f25-bde3-316f439d30b3:c844]
2019-08-23 18:28:53,411 | INFO  | DNAudit | user=null | ip=null | op=WRITE_CHUNK {blockData=conID: 3 locID: 102667710123278748 bcsId: 0} | ret=SUCCESS |  
2019-08-23 18:28:53,411 | INFO  | DNAudit | user=null | ip=null | op=PUT_BLOCK {blockData=[blockId=conID: 3 locID: 102667710123278748 bcsId: 0,size=2097152]} | ret=SUCCESS |  
2019-08-23 18:28:53,411 | INFO  | DNAudit | user=null | ip=null | op=PUT_BLOCK {blockData=[blockId=conID: 3 locID: 102667710123278748 bcsId: 0,size=2097152]} | ret=SUCCESS |  
2019-08-23 18:28:53,412 [grpc-default-executor-6] INFO  client.GrpcClientProtocolClient (GrpcClientProtocolClient.java:onNext(255)) - client-19C32667576E->48affcab-e6e4-4602-963a-f6a50efbd54c: receive RaftClientReply:client-19C32667576E->48affcab-e6e4-4602-963a-f6a50efbd54c@group-50C56EAF5137, cid=690, SUCCESS, logIndex=0, commits[48affcab-e6e4-4602-963a-f6a50efbd54c:c851, 7e391b60-07ae-4d97-a027-4756e468c032:c847, c5f86d96-67df-4f25-bde3-316f439d30b3:c846]
2019-08-23 18:28:53,419 | INFO  | DNAudit | user=null | ip=null | op=WRITE_CHUNK {blockData=conID: 3 locID: 102667710123278748 bcsId: 848} | ret=SUCCESS |  
2019-08-23 18:28:53,423 | INFO  | DNAudit | user=null | ip=null | op=WRITE_CHUNK {blockData=conID: 3 locID: 102667710123278748 bcsId: 848} | ret=SUCCESS |  
2019-08-23 18:28:53,423 | INFO  | DNAudit | user=null | ip=null | op=WRITE_CHUNK {blockData=conID: 3 locID: 102667710123278748 bcsId: 848} | ret=SUCCESS |  
2019-08-23 18:28:53,426 | INFO  | DNAudit | user=null | ip=null | op=WRITE_CHUNK {blockData=conID: 3 locID: 102667710123278748 bcsId: 848} | ret=SUCCESS |  
2019-08-23 18:28:53,426 | INFO  | DNAudit | user=null | ip=null | op=PUT_BLOCK {blockData=[blockId=conID: 3 locID: 102667710123278748 bcsId: 0,size=3145728]} | ret=SUCCESS |  
2019-08-23 18:28:53,427 [grpc-default-executor-0] INFO  client.GrpcClientProtocolClient (GrpcClientProtocolClient.java:onNext(255)) - client-19C32667576E->48affcab-e6e4-4602-963a-f6a50efbd54c: receive RaftClientReply:client-19C32667576E->48affcab-e6e4-4602-963a-f6a50efbd54c@group-50C56EAF5137, cid=691, SUCCESS, logIndex=853, commits[48affcab-e6e4-4602-963a-f6a50efbd54c:c854, 7e391b60-07ae-4d97-a027-4756e468c032:c852, c5f86d96-67df-4f25-bde3-316f439d30b3:c852]
2019-08-23 18:28:53,427 [grpc-default-executor-0] INFO  client.GrpcClientProtocolClient (GrpcClientProtocolClient.java:onNext(255)) - client-19C32667576E->48affcab-e6e4-4602-963a-f6a50efbd54c: receive RaftClientReply:client-19C32667576E->48affcab-e6e4-4602-963a-f6a50efbd54c@group-50C56EAF5137, cid=692, SUCCESS, logIndex=854, commits[48affcab-e6e4-4602-963a-f6a50efbd54c:c854, 7e391b60-07ae-4d97-a027-4756e468c032:c852, c5f86d96-67df-4f25-bde3-316f439d30b3:c852]
2019-08-23 18:28:53,427 | INFO  | DNAudit | user=null | ip=null | op=WRITE_CHUNK {blockData=conID: 3 locID: 102667710123278748 bcsId: 848} | ret=SUCCESS |  
2019-08-23 18:28:53,427 | INFO  | DNAudit | user=null | ip=null | op=WRITE_CHUNK {blockData=conID: 3 locID: 102667710123278748 bcsId: 848} | ret=SUCCESS |  
2019-08-23 18:28:53,428 | INFO  | DNAudit | user=null | ip=null | op=PUT_BLOCK {blockData=[blockId=conID: 3 locID: 102667710123278748 bcsId: 0,size=3145728]} | ret=SUCCESS |  
2019-08-23 18:28:53,428 | INFO  | DNAudit | user=null | ip=null | op=PUT_BLOCK {blockData=[blockId=conID: 3 locID: 102667710123278748 bcsId: 0,size=3145728]} | ret=SUCCESS |  
2019-08-23 18:28:53,435 | INFO  | DNAudit | user=null | ip=null | op=WRITE_CHUNK {blockData=conID: 3 locID: 102667710123278748 bcsId: 854} | ret=SUCCESS |  
2019-08-23 18:28:53,438 | INFO  | DNAudit | user=null | ip=null | op=WRITE_CHUNK {blockData=conID: 3 locID: 102667710123278748 bcsId: 854} | ret=SUCCESS |  
2019-08-23 18:28:53,438 | INFO  | DNAudit | user=null | ip=null | op=WRITE_CHUNK {blockData=conID: 3 locID: 102667710123278748 bcsId: 854} | ret=SUCCESS |  
2019-08-23 18:28:53,441 | INFO  | DNAudit | user=null | ip=null | op=WRITE_CHUNK {blockData=conID: 3 locID: 102667710123278748 bcsId: 854} | ret=SUCCESS |  
2019-08-23 18:28:53,441 | INFO  | DNAudit | user=null | ip=null | op=PUT_BLOCK {blockData=[blockId=conID: 3 locID: 102667710123278748 bcsId: 0,size=4194304]} | ret=SUCCESS |  
2019-08-23 18:28:53,441 [grpc-default-executor-4] INFO  client.GrpcClientProtocolClient (GrpcClientProtocolClient.java:onNext(255)) - client-19C32667576E->48affcab-e6e4-4602-963a-f6a50efbd54c: receive RaftClientReply:client-19C32667576E->48affcab-e6e4-4602-963a-f6a50efbd54c@group-50C56EAF5137, cid=693, SUCCESS, logIndex=857, commits[48affcab-e6e4-4602-963a-f6a50efbd54c:c858, 7e391b60-07ae-4d97-a027-4756e468c032:c856, c5f86d96-67df-4f25-bde3-316f439d30b3:c856]
2019-08-23 18:28:53,442 [grpc-default-executor-4] INFO  client.GrpcClientProtocolClient (GrpcClientProtocolClient.java:onNext(255)) - client-19C32667576E->48affcab-e6e4-4602-963a-f6a50efbd54c: receive RaftClientReply:client-19C32667576E->48affcab-e6e4-4602-963a-f6a50efbd54c@group-50C56EAF5137, cid=694, SUCCESS, logIndex=858, commits[48affcab-e6e4-4602-963a-f6a50efbd54c:c858, 7e391b60-07ae-4d97-a027-4756e468c032:c856, c5f86d96-67df-4f25-bde3-316f439d30b3:c856]
2019-08-23 18:28:53,442 | INFO  | DNAudit | user=null | ip=null | op=WRITE_CHUNK {blockData=conID: 3 locID: 102667710123278748 bcsId: 854} | ret=SUCCESS |  
2019-08-23 18:28:53,442 | INFO  | DNAudit | user=null | ip=null | op=PUT_BLOCK {blockData=[blockId=conID: 3 locID: 102667710123278748 bcsId: 0,size=4194304]} | ret=SUCCESS |  
2019-08-23 18:28:53,443 | INFO  | DNAudit | user=null | ip=null | op=WRITE_CHUNK {blockData=conID: 3 locID: 102667710123278748 bcsId: 854} | ret=SUCCESS |  
2019-08-23 18:28:53,443 | INFO  | DNAudit | user=null | ip=null | op=PUT_BLOCK {blockData=[blockId=conID: 3 locID: 102667710123278748 bcsId: 0,size=4194304]} | ret=SUCCESS |  
2019-08-23 18:28:53,443 [grpc-default-executor-6] INFO  client.GrpcClientProtocolClient (GrpcClientProtocolClient.java:onNext(255)) - client-19C32667576E->48affcab-e6e4-4602-963a-f6a50efbd54c: receive RaftClientReply:client-19C32667576E->48affcab-e6e4-4602-963a-f6a50efbd54c@group-50C56EAF5137, cid=695, SUCCESS, logIndex=0, commits[48affcab-e6e4-4602-963a-f6a50efbd54c:c859, 7e391b60-07ae-4d97-a027-4756e468c032:c858, c5f86d96-67df-4f25-bde3-316f439d30b3:c858]
2019-08-23 18:28:53,451 | INFO  | DNAudit | user=null | ip=null | op=WRITE_CHUNK {blockData=conID: 1 locID: 102667710123278749 bcsId: 0} | ret=SUCCESS |  
2019-08-23 18:28:53,453 | INFO  | DNAudit | user=null | ip=null | op=WRITE_CHUNK {blockData=conID: 1 locID: 102667710123278749 bcsId: 0} | ret=SUCCESS |  
2019-08-23 18:28:53,454 | INFO  | DNAudit | user=null | ip=null | op=WRITE_CHUNK {blockData=conID: 1 locID: 102667710123278749 bcsId: 0} | ret=SUCCESS |  
2019-08-23 18:28:53,455 | INFO  | DNAudit | user=null | ip=null | op=WRITE_CHUNK {blockData=conID: 1 locID: 102667710123278749 bcsId: 0} | ret=SUCCESS |  
2019-08-23 18:28:53,456 | INFO  | DNAudit | user=null | ip=null | op=WRITE_CHUNK {blockData=conID: 1 locID: 102667710123278749 bcsId: 0} | ret=SUCCESS |  
2019-08-23 18:28:53,457 | INFO  | DNAudit | user=null | ip=null | op=PUT_BLOCK {blockData=[blockId=conID: 1 locID: 102667710123278749 bcsId: 0,size=1048576]} | ret=SUCCESS |  
2019-08-23 18:28:53,457 [grpc-default-executor-6] INFO  client.GrpcClientProtocolClient (GrpcClientProtocolClient.java:onNext(255)) - client-19C32667576E->48affcab-e6e4-4602-963a-f6a50efbd54c: receive RaftClientReply:client-19C32667576E->48affcab-e6e4-4602-963a-f6a50efbd54c@group-50C56EAF5137, cid=696, SUCCESS, logIndex=861, commits[48affcab-e6e4-4602-963a-f6a50efbd54c:c862, 7e391b60-07ae-4d97-a027-4756e468c032:c860, c5f86d96-67df-4f25-bde3-316f439d30b3:c860]
2019-08-23 18:28:53,458 [grpc-default-executor-6] INFO  client.GrpcClientProtocolClient (GrpcClientProtocolClient.java:onNext(255)) - client-19C32667576E->48affcab-e6e4-4602-963a-f6a50efbd54c: receive RaftClientReply:client-19C32667576E->48affcab-e6e4-4602-963a-f6a50efbd54c@group-50C56EAF5137, cid=697, SUCCESS, logIndex=862, commits[48affcab-e6e4-4602-963a-f6a50efbd54c:c862, 7e391b60-07ae-4d97-a027-4756e468c032:c860, c5f86d96-67df-4f25-bde3-316f439d30b3:c860]
2019-08-23 18:28:53,459 | INFO  | DNAudit | user=null | ip=null | op=WRITE_CHUNK {blockData=conID: 1 locID: 102667710123278749 bcsId: 0} | ret=SUCCESS |  
2019-08-23 18:28:53,459 | INFO  | DNAudit | user=null | ip=null | op=WRITE_CHUNK {blockData=conID: 1 locID: 102667710123278749 bcsId: 0} | ret=SUCCESS |  
2019-08-23 18:28:53,472 | INFO  | DNAudit | user=null | ip=null | op=WRITE_CHUNK {blockData=conID: 1 locID: 102667710123278749 bcsId: 0} | ret=SUCCESS |  
2019-08-23 18:28:53,472 | INFO  | DNAudit | user=null | ip=null | op=WRITE_CHUNK {blockData=conID: 1 locID: 102667710123278749 bcsId: 0} | ret=SUCCESS |  
2019-08-23 18:28:53,472 | INFO  | DNAudit | user=null | ip=null | op=WRITE_CHUNK {blockData=conID: 1 locID: 102667710123278749 bcsId: 0} | ret=SUCCESS |  
2019-08-23 18:28:53,472 | INFO  | DNAudit | user=null | ip=null | op=PUT_BLOCK {blockData=[blockId=conID: 1 locID: 102667710123278749 bcsId: 0,size=1048576]} | ret=SUCCESS |  
2019-08-23 18:28:53,472 | INFO  | DNAudit | user=null | ip=null | op=PUT_BLOCK {blockData=[blockId=conID: 1 locID: 102667710123278749 bcsId: 0,size=1048576]} | ret=SUCCESS |  
2019-08-23 18:28:53,472 | INFO  | DNAudit | user=null | ip=null | op=PUT_BLOCK {blockData=[blockId=conID: 1 locID: 102667710123278749 bcsId: 0,size=2097152]} | ret=SUCCESS |  
2019-08-23 18:28:53,473 [grpc-default-executor-5] INFO  client.GrpcClientProtocolClient (GrpcClientProtocolClient.java:onNext(255)) - client-19C32667576E->48affcab-e6e4-4602-963a-f6a50efbd54c: receive RaftClientReply:client-19C32667576E->48affcab-e6e4-4602-963a-f6a50efbd54c@group-50C56EAF5137, cid=698, SUCCESS, logIndex=863, commits[48affcab-e6e4-4602-963a-f6a50efbd54c:c866, 7e391b60-07ae-4d97-a027-4756e468c032:c860, c5f86d96-67df-4f25-bde3-316f439d30b3:c862]
2019-08-23 18:28:53,473 [grpc-default-executor-5] INFO  client.GrpcClientProtocolClient (GrpcClientProtocolClient.java:onNext(255)) - client-19C32667576E->48affcab-e6e4-4602-963a-f6a50efbd54c: receive RaftClientReply:client-19C32667576E->48affcab-e6e4-4602-963a-f6a50efbd54c@group-50C56EAF5137, cid=699, SUCCESS, logIndex=864, commits[48affcab-e6e4-4602-963a-f6a50efbd54c:c866, 7e391b60-07ae-4d97-a027-4756e468c032:c862, c5f86d96-67df-4f25-bde3-316f439d30b3:c862]
2019-08-23 18:28:53,480 | INFO  | DNAudit | user=null | ip=null | op=WRITE_CHUNK {blockData=conID: 1 locID: 102667710123278749 bcsId: 864} | ret=SUCCESS |  
2019-08-23 18:28:53,484 | INFO  | DNAudit | user=null | ip=null | op=WRITE_CHUNK {blockData=conID: 1 locID: 102667710123278749 bcsId: 0} | ret=SUCCESS |  
2019-08-23 18:28:53,484 | INFO  | DNAudit | user=null | ip=null | op=WRITE_CHUNK {blockData=conID: 1 locID: 102667710123278749 bcsId: 0} | ret=SUCCESS |  
2019-08-23 18:28:53,484 | INFO  | DNAudit | user=null | ip=null | op=WRITE_CHUNK {blockData=conID: 1 locID: 102667710123278749 bcsId: 864} | ret=SUCCESS |  
2019-08-23 18:28:53,484 | INFO  | DNAudit | user=null | ip=null | op=WRITE_CHUNK {blockData=conID: 1 locID: 102667710123278749 bcsId: 864} | ret=SUCCESS |  
2019-08-23 18:28:53,484 | INFO  | DNAudit | user=null | ip=null | op=PUT_BLOCK {blockData=[blockId=conID: 1 locID: 102667710123278749 bcsId: 0,size=2097152]} | ret=SUCCESS |  
2019-08-23 18:28:53,484 | INFO  | DNAudit | user=null | ip=null | op=PUT_BLOCK {blockData=[blockId=conID: 1 locID: 102667710123278749 bcsId: 0,size=2097152]} | ret=SUCCESS |  
2019-08-23 18:28:53,486 | INFO  | DNAudit | user=null | ip=null | op=WRITE_CHUNK {blockData=conID: 1 locID: 102667710123278749 bcsId: 864} | ret=SUCCESS |  
2019-08-23 18:28:53,487 | INFO  | DNAudit | user=null | ip=null | op=PUT_BLOCK {blockData=[blockId=conID: 1 locID: 102667710123278749 bcsId: 0,size=3145728]} | ret=SUCCESS |  
2019-08-23 18:28:53,488 | INFO  | DNAudit | user=null | ip=null | op=WRITE_CHUNK {blockData=conID: 1 locID: 102667710123278749 bcsId: 864} | ret=SUCCESS |  
2019-08-23 18:28:53,488 [grpc-default-executor-6] INFO  client.GrpcClientProtocolClient (GrpcClientProtocolClient.java:onNext(255)) - client-19C32667576E->48affcab-e6e4-4602-963a-f6a50efbd54c: receive RaftClientReply:client-19C32667576E->48affcab-e6e4-4602-963a-f6a50efbd54c@group-50C56EAF5137, cid=700, SUCCESS, logIndex=869, commits[48affcab-e6e4-4602-963a-f6a50efbd54c:c870, 7e391b60-07ae-4d97-a027-4756e468c032:c864, c5f86d96-67df-4f25-bde3-316f439d30b3:c866]
2019-08-23 18:28:53,488 | INFO  | DNAudit | user=null | ip=null | op=PUT_BLOCK {blockData=[blockId=conID: 1 locID: 102667710123278749 bcsId: 0,size=3145728]} | ret=SUCCESS |  
2019-08-23 18:28:53,488 [grpc-default-executor-6] INFO  client.GrpcClientProtocolClient (GrpcClientProtocolClient.java:onNext(255)) - client-19C32667576E->48affcab-e6e4-4602-963a-f6a50efbd54c: receive RaftClientReply:client-19C32667576E->48affcab-e6e4-4602-963a-f6a50efbd54c@group-50C56EAF5137, cid=701, SUCCESS, logIndex=870, commits[48affcab-e6e4-4602-963a-f6a50efbd54c:c870, 7e391b60-07ae-4d97-a027-4756e468c032:c866, c5f86d96-67df-4f25-bde3-316f439d30b3:c866]
2019-08-23 18:28:53,488 | INFO  | DNAudit | user=null | ip=null | op=WRITE_CHUNK {blockData=conID: 1 locID: 102667710123278749 bcsId: 864} | ret=SUCCESS |  
2019-08-23 18:28:53,489 | INFO  | DNAudit | user=null | ip=null | op=PUT_BLOCK {blockData=[blockId=conID: 1 locID: 102667710123278749 bcsId: 0,size=3145728]} | ret=SUCCESS |  
2019-08-23 18:28:53,497 | INFO  | DNAudit | user=null | ip=null | op=WRITE_CHUNK {blockData=conID: 1 locID: 102667710123278749 bcsId: 870} | ret=SUCCESS |  
2019-08-23 18:28:53,502 | INFO  | DNAudit | user=null | ip=null | op=WRITE_CHUNK {blockData=conID: 1 locID: 102667710123278749 bcsId: 870} | ret=SUCCESS |  
2019-08-23 18:28:53,502 | INFO  | DNAudit | user=null | ip=null | op=WRITE_CHUNK {blockData=conID: 1 locID: 102667710123278749 bcsId: 870} | ret=SUCCESS |  
2019-08-23 18:28:53,510 | INFO  | DNAudit | user=null | ip=null | op=WRITE_CHUNK {blockData=conID: 1 locID: 102667710123278749 bcsId: 870} | ret=SUCCESS |  
2019-08-23 18:28:53,511 | INFO  | DNAudit | user=null | ip=null | op=PUT_BLOCK {blockData=[blockId=conID: 1 locID: 102667710123278749 bcsId: 0,size=4194304]} | ret=SUCCESS |  
2019-08-23 18:28:53,511 [grpc-default-executor-6] INFO  client.GrpcClientProtocolClient (GrpcClientProtocolClient.java:onNext(255)) - client-19C32667576E->48affcab-e6e4-4602-963a-f6a50efbd54c: receive RaftClientReply:client-19C32667576E->48affcab-e6e4-4602-963a-f6a50efbd54c@group-50C56EAF5137, cid=702, SUCCESS, logIndex=873, commits[48affcab-e6e4-4602-963a-f6a50efbd54c:c874, 7e391b60-07ae-4d97-a027-4756e468c032:c872, c5f86d96-67df-4f25-bde3-316f439d30b3:c872]
2019-08-23 18:28:53,511 [grpc-default-executor-6] INFO  client.GrpcClientProtocolClient (GrpcClientProtocolClient.java:onNext(255)) - client-19C32667576E->48affcab-e6e4-4602-963a-f6a50efbd54c: receive RaftClientReply:client-19C32667576E->48affcab-e6e4-4602-963a-f6a50efbd54c@group-50C56EAF5137, cid=703, SUCCESS, logIndex=874, commits[48affcab-e6e4-4602-963a-f6a50efbd54c:c874, 7e391b60-07ae-4d97-a027-4756e468c032:c872, c5f86d96-67df-4f25-bde3-316f439d30b3:c872]
2019-08-23 18:28:53,522 | INFO  | DNAudit | user=null | ip=null | op=WRITE_CHUNK {blockData=conID: 1 locID: 102667710123278749 bcsId: 870} | ret=SUCCESS |  
2019-08-23 18:28:53,522 | INFO  | DNAudit | user=null | ip=null | op=WRITE_CHUNK {blockData=conID: 1 locID: 102667710123278749 bcsId: 870} | ret=SUCCESS |  
2019-08-23 18:28:53,522 | INFO  | DNAudit | user=null | ip=null | op=PUT_BLOCK {blockData=[blockId=conID: 1 locID: 102667710123278749 bcsId: 0,size=4194304]} | ret=SUCCESS |  
2019-08-23 18:28:53,522 | INFO  | DNAudit | user=null | ip=null | op=PUT_BLOCK {blockData=[blockId=conID: 1 locID: 102667710123278749 bcsId: 0,size=4194304]} | ret=SUCCESS |  
2019-08-23 18:28:53,522 [grpc-default-executor-6] INFO  client.GrpcClientProtocolClient (GrpcClientProtocolClient.java:onNext(255)) - client-19C32667576E->48affcab-e6e4-4602-963a-f6a50efbd54c: receive RaftClientReply:client-19C32667576E->48affcab-e6e4-4602-963a-f6a50efbd54c@group-50C56EAF5137, cid=704, SUCCESS, logIndex=0, commits[48affcab-e6e4-4602-963a-f6a50efbd54c:c875, 7e391b60-07ae-4d97-a027-4756e468c032:c874, c5f86d96-67df-4f25-bde3-316f439d30b3:c874]
2019-08-23 18:28:53,529 | INFO  | SCMAudit | user=jenkins1000 | ip=192.168.34.23 | op=SEND_HEARTBEAT {datanodeUUID=48affcab-e6e4-4602-963a-f6a50efbd54c, command=[]} | ret=SUCCESS |  
2019-08-23 18:28:53,530 | INFO  | DNAudit | user=null | ip=null | op=WRITE_CHUNK {blockData=conID: 2 locID: 102667710123278750 bcsId: 0} | ret=SUCCESS |  
2019-08-23 18:28:53,533 | INFO  | DNAudit | user=null | ip=null | op=WRITE_CHUNK {blockData=conID: 2 locID: 102667710123278750 bcsId: 0} | ret=SUCCESS |  
2019-08-23 18:28:53,534 | INFO  | DNAudit | user=null | ip=null | op=WRITE_CHUNK {blockData=conID: 2 locID: 102667710123278750 bcsId: 0} | ret=SUCCESS |  
2019-08-23 18:28:53,534 | INFO  | DNAudit | user=null | ip=null | op=WRITE_CHUNK {blockData=conID: 2 locID: 102667710123278750 bcsId: 0} | ret=SUCCESS |  
2019-08-23 18:28:53,536 | INFO  | SCMAudit | user=jenkins1000 | ip=192.168.34.23 | op=SEND_HEARTBEAT {datanodeUUID=7e391b60-07ae-4d97-a027-4756e468c032, command=[]} | ret=SUCCESS |  
2019-08-23 18:28:53,537 | INFO  | SCMAudit | user=jenkins1000 | ip=192.168.34.23 | op=SEND_HEARTBEAT {datanodeUUID=58706fd2-d7f7-4771-af80-9e0541495c87, command=[]} | ret=SUCCESS |  
2019-08-23 18:28:53,537 | INFO  | SCMAudit | user=jenkins1000 | ip=192.168.34.23 | op=SEND_HEARTBEAT {datanodeUUID=c5f86d96-67df-4f25-bde3-316f439d30b3, command=[]} | ret=SUCCESS |  
2019-08-23 18:28:53,537 | INFO  | DNAudit | user=null | ip=null | op=WRITE_CHUNK {blockData=conID: 2 locID: 102667710123278750 bcsId: 0} | ret=SUCCESS |  
2019-08-23 18:28:53,537 | INFO  | DNAudit | user=null | ip=null | op=WRITE_CHUNK {blockData=conID: 2 locID: 102667710123278750 bcsId: 0} | ret=SUCCESS |  
2019-08-23 18:28:53,543 | INFO  | DNAudit | user=null | ip=null | op=WRITE_CHUNK {blockData=conID: 2 locID: 102667710123278750 bcsId: 0} | ret=SUCCESS |  
2019-08-23 18:28:53,544 | INFO  | DNAudit | user=null | ip=null | op=PUT_BLOCK {blockData=[blockId=conID: 2 locID: 102667710123278750 bcsId: 0,size=1048576]} | ret=SUCCESS |  
2019-08-23 18:28:53,544 | INFO  | DNAudit | user=null | ip=null | op=WRITE_CHUNK {blockData=conID: 2 locID: 102667710123278750 bcsId: 0} | ret=SUCCESS |  
2019-08-23 18:28:53,544 [grpc-default-executor-0] INFO  client.GrpcClientProtocolClient (GrpcClientProtocolClient.java:onNext(255)) - client-19C32667576E->48affcab-e6e4-4602-963a-f6a50efbd54c: receive RaftClientReply:client-19C32667576E->48affcab-e6e4-4602-963a-f6a50efbd54c@group-50C56EAF5137, cid=705, SUCCESS, logIndex=877, commits[48affcab-e6e4-4602-963a-f6a50efbd54c:c878, 7e391b60-07ae-4d97-a027-4756e468c032:c876, c5f86d96-67df-4f25-bde3-316f439d30b3:c876]
2019-08-23 18:28:53,544 | INFO  | DNAudit | user=null | ip=null | op=PUT_BLOCK {blockData=[blockId=conID: 2 locID: 102667710123278750 bcsId: 0,size=2097152]} | ret=SUCCESS |  
2019-08-23 18:28:53,545 [grpc-default-executor-0] INFO  client.GrpcClientProtocolClient (GrpcClientProtocolClient.java:onNext(255)) - client-19C32667576E->48affcab-e6e4-4602-963a-f6a50efbd54c: receive RaftClientReply:client-19C32667576E->48affcab-e6e4-4602-963a-f6a50efbd54c@group-50C56EAF5137, cid=706, SUCCESS, logIndex=878, commits[48affcab-e6e4-4602-963a-f6a50efbd54c:c880, 7e391b60-07ae-4d97-a027-4756e468c032:c876, c5f86d96-67df-4f25-bde3-316f439d30b3:c876]
2019-08-23 18:28:53,545 | INFO  | DNAudit | user=null | ip=null | op=WRITE_CHUNK {blockData=conID: 2 locID: 102667710123278750 bcsId: 0} | ret=SUCCESS |  
2019-08-23 18:28:53,545 | INFO  | DNAudit | user=null | ip=null | op=WRITE_CHUNK {blockData=conID: 2 locID: 102667710123278750 bcsId: 0} | ret=SUCCESS |  
2019-08-23 18:28:53,545 [grpc-default-executor-0] INFO  client.GrpcClientProtocolClient (GrpcClientProtocolClient.java:onNext(255)) - client-19C32667576E->48affcab-e6e4-4602-963a-f6a50efbd54c: receive RaftClientReply:client-19C32667576E->48affcab-e6e4-4602-963a-f6a50efbd54c@group-50C56EAF5137, cid=707, SUCCESS, logIndex=879, commits[48affcab-e6e4-4602-963a-f6a50efbd54c:c880, 7e391b60-07ae-4d97-a027-4756e468c032:c876, c5f86d96-67df-4f25-bde3-316f439d30b3:c876]
2019-08-23 18:28:53,545 | INFO  | DNAudit | user=null | ip=null | op=PUT_BLOCK {blockData=[blockId=conID: 2 locID: 102667710123278750 bcsId: 0,size=1048576]} | ret=SUCCESS |  
2019-08-23 18:28:53,545 | INFO  | DNAudit | user=null | ip=null | op=PUT_BLOCK {blockData=[blockId=conID: 2 locID: 102667710123278750 bcsId: 0,size=1048576]} | ret=SUCCESS |  
2019-08-23 18:28:53,545 [grpc-default-executor-0] INFO  client.GrpcClientProtocolClient (GrpcClientProtocolClient.java:onNext(255)) - client-19C32667576E->48affcab-e6e4-4602-963a-f6a50efbd54c: receive RaftClientReply:client-19C32667576E->48affcab-e6e4-4602-963a-f6a50efbd54c@group-50C56EAF5137, cid=708, SUCCESS, logIndex=880, commits[48affcab-e6e4-4602-963a-f6a50efbd54c:c880, 7e391b60-07ae-4d97-a027-4756e468c032:c876, c5f86d96-67df-4f25-bde3-316f439d30b3:c876]
2019-08-23 18:28:53,547 | INFO  | DNAudit | user=null | ip=null | op=WRITE_CHUNK {blockData=conID: 2 locID: 102667710123278750 bcsId: 0} | ret=SUCCESS |  
2019-08-23 18:28:53,547 | INFO  | DNAudit | user=null | ip=null | op=WRITE_CHUNK {blockData=conID: 2 locID: 102667710123278750 bcsId: 0} | ret=SUCCESS |  
2019-08-23 18:28:53,547 | INFO  | DNAudit | user=null | ip=null | op=PUT_BLOCK {blockData=[blockId=conID: 2 locID: 102667710123278750 bcsId: 0,size=2097152]} | ret=SUCCESS |  
2019-08-23 18:28:53,547 | INFO  | DNAudit | user=null | ip=null | op=PUT_BLOCK {blockData=[blockId=conID: 2 locID: 102667710123278750 bcsId: 0,size=2097152]} | ret=SUCCESS |  
2019-08-23 18:28:53,547 [grpc-default-executor-0] INFO  client.GrpcClientProtocolClient (GrpcClientProtocolClient.java:onNext(255)) - client-19C32667576E->48affcab-e6e4-4602-963a-f6a50efbd54c: receive RaftClientReply:client-19C32667576E->48affcab-e6e4-4602-963a-f6a50efbd54c@group-50C56EAF5137, cid=709, SUCCESS, logIndex=0, commits[48affcab-e6e4-4602-963a-f6a50efbd54c:c882, 7e391b60-07ae-4d97-a027-4756e468c032:c878, c5f86d96-67df-4f25-bde3-316f439d30b3:c878]
2019-08-23 18:28:53,555 | INFO  | DNAudit | user=null | ip=null | op=WRITE_CHUNK {blockData=conID: 2 locID: 102667710123278750 bcsId: 880} | ret=SUCCESS |  
2019-08-23 18:28:53,559 | INFO  | DNAudit | user=null | ip=null | op=WRITE_CHUNK {blockData=conID: 2 locID: 102667710123278750 bcsId: 880} | ret=SUCCESS |  
2019-08-23 18:28:53,559 | INFO  | DNAudit | user=null | ip=null | op=WRITE_CHUNK {blockData=conID: 2 locID: 102667710123278750 bcsId: 880} | ret=SUCCESS |  
2019-08-23 18:28:53,568 | INFO  | DNAudit | user=null | ip=null | op=WRITE_CHUNK {blockData=conID: 2 locID: 102667710123278750 bcsId: 880} | ret=SUCCESS |  
2019-08-23 18:28:53,569 | INFO  | DNAudit | user=null | ip=null | op=PUT_BLOCK {blockData=[blockId=conID: 2 locID: 102667710123278750 bcsId: 0,size=3145728]} | ret=SUCCESS |  
2019-08-23 18:28:53,569 [grpc-default-executor-5] INFO  client.GrpcClientProtocolClient (GrpcClientProtocolClient.java:onNext(255)) - client-19C32667576E->48affcab-e6e4-4602-963a-f6a50efbd54c: receive RaftClientReply:client-19C32667576E->48affcab-e6e4-4602-963a-f6a50efbd54c@group-50C56EAF5137, cid=710, SUCCESS, logIndex=885, commits[48affcab-e6e4-4602-963a-f6a50efbd54c:c886, 7e391b60-07ae-4d97-a027-4756e468c032:c884, c5f86d96-67df-4f25-bde3-316f439d30b3:c884]
2019-08-23 18:28:53,570 [grpc-default-executor-5] INFO  client.GrpcClientProtocolClient (GrpcClientProtocolClient.java:onNext(255)) - client-19C32667576E->48affcab-e6e4-4602-963a-f6a50efbd54c: receive RaftClientReply:client-19C32667576E->48affcab-e6e4-4602-963a-f6a50efbd54c@group-50C56EAF5137, cid=711, SUCCESS, logIndex=886, commits[48affcab-e6e4-4602-963a-f6a50efbd54c:c886, 7e391b60-07ae-4d97-a027-4756e468c032:c884, c5f86d96-67df-4f25-bde3-316f439d30b3:c884]
2019-08-23 18:28:53,577 | INFO  | DNAudit | user=null | ip=null | op=WRITE_CHUNK {blockData=conID: 2 locID: 102667710123278750 bcsId: 886} | ret=SUCCESS |  
2019-08-23 18:28:53,580 | INFO  | DNAudit | user=null | ip=null | op=WRITE_CHUNK {blockData=conID: 2 locID: 102667710123278750 bcsId: 880} | ret=SUCCESS |  
2019-08-23 18:28:53,580 | INFO  | DNAudit | user=null | ip=null | op=WRITE_CHUNK {blockData=conID: 2 locID: 102667710123278750 bcsId: 880} | ret=SUCCESS |  
2019-08-23 18:28:53,580 | INFO  | DNAudit | user=null | ip=null | op=PUT_BLOCK {blockData=[blockId=conID: 2 locID: 102667710123278750 bcsId: 0,size=3145728]} | ret=SUCCESS |  
2019-08-23 18:28:53,580 | INFO  | DNAudit | user=null | ip=null | op=PUT_BLOCK {blockData=[blockId=conID: 2 locID: 102667710123278750 bcsId: 0,size=3145728]} | ret=SUCCESS |  
2019-08-23 18:28:53,583 | INFO  | DNAudit | user=null | ip=null | op=WRITE_CHUNK {blockData=conID: 2 locID: 102667710123278750 bcsId: 886} | ret=SUCCESS |  
2019-08-23 18:28:53,583 | INFO  | DNAudit | user=null | ip=null | op=WRITE_CHUNK {blockData=conID: 2 locID: 102667710123278750 bcsId: 886} | ret=SUCCESS |  
2019-08-23 18:28:53,586 | INFO  | DNAudit | user=null | ip=null | op=WRITE_CHUNK {blockData=conID: 2 locID: 102667710123278750 bcsId: 886} | ret=SUCCESS |  
2019-08-23 18:28:53,586 | INFO  | DNAudit | user=null | ip=null | op=PUT_BLOCK {blockData=[blockId=conID: 2 locID: 102667710123278750 bcsId: 0,size=4194304]} | ret=SUCCESS |  
2019-08-23 18:28:53,587 [grpc-default-executor-5] INFO  client.GrpcClientProtocolClient (GrpcClientProtocolClient.java:onNext(255)) - client-19C32667576E->48affcab-e6e4-4602-963a-f6a50efbd54c: receive RaftClientReply:client-19C32667576E->48affcab-e6e4-4602-963a-f6a50efbd54c@group-50C56EAF5137, cid=712, SUCCESS, logIndex=889, commits[48affcab-e6e4-4602-963a-f6a50efbd54c:c890, 7e391b60-07ae-4d97-a027-4756e468c032:c886, c5f86d96-67df-4f25-bde3-316f439d30b3:c886]
2019-08-23 18:28:53,588 | INFO  | DNAudit | user=null | ip=null | op=WRITE_CHUNK {blockData=conID: 2 locID: 102667710123278750 bcsId: 886} | ret=SUCCESS |  
2019-08-23 18:28:53,587 [grpc-default-executor-5] INFO  client.GrpcClientProtocolClient (GrpcClientProtocolClient.java:onNext(255)) - client-19C32667576E->48affcab-e6e4-4602-963a-f6a50efbd54c: receive RaftClientReply:client-19C32667576E->48affcab-e6e4-4602-963a-f6a50efbd54c@group-50C56EAF5137, cid=713, SUCCESS, logIndex=890, commits[48affcab-e6e4-4602-963a-f6a50efbd54c:c890, 7e391b60-07ae-4d97-a027-4756e468c032:c886, c5f86d96-67df-4f25-bde3-316f439d30b3:c886]
2019-08-23 18:28:53,588 | INFO  | DNAudit | user=null | ip=null | op=WRITE_CHUNK {blockData=conID: 2 locID: 102667710123278750 bcsId: 886} | ret=SUCCESS |  
2019-08-23 18:28:53,588 | INFO  | DNAudit | user=null | ip=null | op=PUT_BLOCK {blockData=[blockId=conID: 2 locID: 102667710123278750 bcsId: 0,size=4194304]} | ret=SUCCESS |  
2019-08-23 18:28:53,588 | INFO  | DNAudit | user=null | ip=null | op=PUT_BLOCK {blockData=[blockId=conID: 2 locID: 102667710123278750 bcsId: 0,size=4194304]} | ret=SUCCESS |  
2019-08-23 18:28:53,590 [grpc-default-executor-4] INFO  client.GrpcClientProtocolClient (GrpcClientProtocolClient.java:onNext(255)) - client-19C32667576E->48affcab-e6e4-4602-963a-f6a50efbd54c: receive RaftClientReply:client-19C32667576E->48affcab-e6e4-4602-963a-f6a50efbd54c@group-50C56EAF5137, cid=714, SUCCESS, logIndex=0, commits[48affcab-e6e4-4602-963a-f6a50efbd54c:c891, 7e391b60-07ae-4d97-a027-4756e468c032:c890, c5f86d96-67df-4f25-bde3-316f439d30b3:c890]
2019-08-23 18:28:53,598 | INFO  | DNAudit | user=null | ip=null | op=WRITE_CHUNK {blockData=conID: 3 locID: 102667710123278751 bcsId: 0} | ret=SUCCESS |  
2019-08-23 18:28:53,602 | INFO  | DNAudit | user=null | ip=null | op=WRITE_CHUNK {blockData=conID: 3 locID: 102667710123278751 bcsId: 0} | ret=SUCCESS |  
2019-08-23 18:28:53,602 | INFO  | DNAudit | user=null | ip=null | op=WRITE_CHUNK {blockData=conID: 3 locID: 102667710123278751 bcsId: 0} | ret=SUCCESS |  
2019-08-23 18:28:53,602 | INFO  | DNAudit | user=null | ip=null | op=WRITE_CHUNK {blockData=conID: 3 locID: 102667710123278751 bcsId: 0} | ret=SUCCESS |  
2019-08-23 18:28:53,605 | INFO  | DNAudit | user=null | ip=null | op=WRITE_CHUNK {blockData=conID: 3 locID: 102667710123278751 bcsId: 0} | ret=SUCCESS |  
2019-08-23 18:28:53,606 | INFO  | DNAudit | user=null | ip=null | op=PUT_BLOCK {blockData=[blockId=conID: 3 locID: 102667710123278751 bcsId: 0,size=1048576]} | ret=SUCCESS |  
2019-08-23 18:28:53,606 [grpc-default-executor-0] INFO  client.GrpcClientProtocolClient (GrpcClientProtocolClient.java:onNext(255)) - client-19C32667576E->48affcab-e6e4-4602-963a-f6a50efbd54c: receive RaftClientReply:client-19C32667576E->48affcab-e6e4-4602-963a-f6a50efbd54c@group-50C56EAF5137, cid=715, SUCCESS, logIndex=893, commits[48affcab-e6e4-4602-963a-f6a50efbd54c:c894, 7e391b60-07ae-4d97-a027-4756e468c032:c892, c5f86d96-67df-4f25-bde3-316f439d30b3:c892]
2019-08-23 18:28:53,606 | INFO  | DNAudit | user=null | ip=null | op=WRITE_CHUNK {blockData=conID: 3 locID: 102667710123278751 bcsId: 0} | ret=SUCCESS |  
2019-08-23 18:28:53,607 [grpc-default-executor-0] INFO  client.GrpcClientProtocolClient (GrpcClientProtocolClient.java:onNext(255)) - client-19C32667576E->48affcab-e6e4-4602-963a-f6a50efbd54c: receive RaftClientReply:client-19C32667576E->48affcab-e6e4-4602-963a-f6a50efbd54c@group-50C56EAF5137, cid=716, SUCCESS, logIndex=894, commits[48affcab-e6e4-4602-963a-f6a50efbd54c:c894, 7e391b60-07ae-4d97-a027-4756e468c032:c892, c5f86d96-67df-4f25-bde3-316f439d30b3:c892]
2019-08-23 18:28:53,607 | INFO  | DNAudit | user=null | ip=null | op=WRITE_CHUNK {blockData=conID: 3 locID: 102667710123278751 bcsId: 0} | ret=SUCCESS |  
2019-08-23 18:28:53,609 | INFO  | DNAudit | user=null | ip=null | op=WRITE_CHUNK {blockData=conID: 3 locID: 102667710123278751 bcsId: 0} | ret=SUCCESS |  
2019-08-23 18:28:53,609 | INFO  | DNAudit | user=null | ip=null | op=WRITE_CHUNK {blockData=conID: 3 locID: 102667710123278751 bcsId: 0} | ret=SUCCESS |  
2019-08-23 18:28:53,609 | INFO  | DNAudit | user=null | ip=null | op=PUT_BLOCK {blockData=[blockId=conID: 3 locID: 102667710123278751 bcsId: 0,size=1048576]} | ret=SUCCESS |  
2019-08-23 18:28:53,609 | INFO  | DNAudit | user=null | ip=null | op=WRITE_CHUNK {blockData=conID: 3 locID: 102667710123278751 bcsId: 0} | ret=SUCCESS |  
2019-08-23 18:28:53,609 | INFO  | DNAudit | user=null | ip=null | op=PUT_BLOCK {blockData=[blockId=conID: 3 locID: 102667710123278751 bcsId: 0,size=1048576]} | ret=SUCCESS |  
2019-08-23 18:28:53,609 | INFO  | DNAudit | user=null | ip=null | op=PUT_BLOCK {blockData=[blockId=conID: 3 locID: 102667710123278751 bcsId: 0,size=2097152]} | ret=SUCCESS |  
2019-08-23 18:28:53,610 [grpc-default-executor-4] INFO  client.GrpcClientProtocolClient (GrpcClientProtocolClient.java:onNext(255)) - client-19C32667576E->48affcab-e6e4-4602-963a-f6a50efbd54c: receive RaftClientReply:client-19C32667576E->48affcab-e6e4-4602-963a-f6a50efbd54c@group-50C56EAF5137, cid=717, SUCCESS, logIndex=895, commits[48affcab-e6e4-4602-963a-f6a50efbd54c:c898, 7e391b60-07ae-4d97-a027-4756e468c032:c894, c5f86d96-67df-4f25-bde3-316f439d30b3:c892]
2019-08-23 18:28:53,610 [grpc-default-executor-4] INFO  client.GrpcClientProtocolClient (GrpcClientProtocolClient.java:onNext(255)) - client-19C32667576E->48affcab-e6e4-4602-963a-f6a50efbd54c: receive RaftClientReply:client-19C32667576E->48affcab-e6e4-4602-963a-f6a50efbd54c@group-50C56EAF5137, cid=718, SUCCESS, logIndex=896, commits[48affcab-e6e4-4602-963a-f6a50efbd54c:c898, 7e391b60-07ae-4d97-a027-4756e468c032:c894, c5f86d96-67df-4f25-bde3-316f439d30b3:c894]
2019-08-23 18:28:53,610 | INFO  | DNAudit | user=null | ip=null | op=WRITE_CHUNK {blockData=conID: 3 locID: 102667710123278751 bcsId: 0} | ret=SUCCESS |  
2019-08-23 18:28:53,611 | INFO  | DNAudit | user=null | ip=null | op=WRITE_CHUNK {blockData=conID: 3 locID: 102667710123278751 bcsId: 0} | ret=SUCCESS |  
2019-08-23 18:28:53,612 | INFO  | DNAudit | user=null | ip=null | op=PUT_BLOCK {blockData=[blockId=conID: 3 locID: 102667710123278751 bcsId: 0,size=2097152]} | ret=SUCCESS |  
2019-08-23 18:28:53,613 | INFO  | DNAudit | user=null | ip=null | op=PUT_BLOCK {blockData=[blockId=conID: 3 locID: 102667710123278751 bcsId: 0,size=2097152]} | ret=SUCCESS |  
2019-08-23 18:28:53,618 | INFO  | DNAudit | user=null | ip=null | op=WRITE_CHUNK {blockData=conID: 3 locID: 102667710123278751 bcsId: 896} | ret=SUCCESS |  
2019-08-23 18:28:53,622 | INFO  | DNAudit | user=null | ip=null | op=WRITE_CHUNK {blockData=conID: 3 locID: 102667710123278751 bcsId: 896} | ret=SUCCESS |  
2019-08-23 18:28:53,622 | INFO  | DNAudit | user=null | ip=null | op=WRITE_CHUNK {blockData=conID: 3 locID: 102667710123278751 bcsId: 896} | ret=SUCCESS |  
2019-08-23 18:28:53,625 | INFO  | DNAudit | user=null | ip=null | op=WRITE_CHUNK {blockData=conID: 3 locID: 102667710123278751 bcsId: 896} | ret=SUCCESS |  
2019-08-23 18:28:53,625 | INFO  | DNAudit | user=null | ip=null | op=PUT_BLOCK {blockData=[blockId=conID: 3 locID: 102667710123278751 bcsId: 0,size=3145728]} | ret=SUCCESS |  
2019-08-23 18:28:53,626 [grpc-default-executor-0] INFO  client.GrpcClientProtocolClient (GrpcClientProtocolClient.java:onNext(255)) - client-19C32667576E->48affcab-e6e4-4602-963a-f6a50efbd54c: receive RaftClientReply:client-19C32667576E->48affcab-e6e4-4602-963a-f6a50efbd54c@group-50C56EAF5137, cid=719, SUCCESS, logIndex=901, commits[48affcab-e6e4-4602-963a-f6a50efbd54c:c902, 7e391b60-07ae-4d97-a027-4756e468c032:c900, c5f86d96-67df-4f25-bde3-316f439d30b3:c900]
2019-08-23 18:28:53,627 | INFO  | DNAudit | user=null | ip=null | op=WRITE_CHUNK {blockData=conID: 3 locID: 102667710123278751 bcsId: 896} | ret=SUCCESS |  
2019-08-23 18:28:53,627 | INFO  | DNAudit | user=null | ip=null | op=WRITE_CHUNK {blockData=conID: 3 locID: 102667710123278751 bcsId: 896} | ret=SUCCESS |  
2019-08-23 18:28:53,627 [grpc-default-executor-0] INFO  client.GrpcClientProtocolClient (GrpcClientProtocolClient.java:onNext(255)) - client-19C32667576E->48affcab-e6e4-4602-963a-f6a50efbd54c: receive RaftClientReply:client-19C32667576E->48affcab-e6e4-4602-963a-f6a50efbd54c@group-50C56EAF5137, cid=720, SUCCESS, logIndex=902, commits[48affcab-e6e4-4602-963a-f6a50efbd54c:c902, 7e391b60-07ae-4d97-a027-4756e468c032:c900, c5f86d96-67df-4f25-bde3-316f439d30b3:c900]
2019-08-23 18:28:53,627 | INFO  | DNAudit | user=null | ip=null | op=PUT_BLOCK {blockData=[blockId=conID: 3 locID: 102667710123278751 bcsId: 0,size=3145728]} | ret=SUCCESS |  
2019-08-23 18:28:53,628 | INFO  | DNAudit | user=null | ip=null | op=PUT_BLOCK {blockData=[blockId=conID: 3 locID: 102667710123278751 bcsId: 0,size=3145728]} | ret=SUCCESS |  
2019-08-23 18:28:53,638 | INFO  | DNAudit | user=null | ip=null | op=WRITE_CHUNK {blockData=conID: 3 locID: 102667710123278751 bcsId: 902} | ret=SUCCESS |  
2019-08-23 18:28:53,642 | INFO  | DNAudit | user=null | ip=null | op=WRITE_CHUNK {blockData=conID: 3 locID: 102667710123278751 bcsId: 902} | ret=SUCCESS |  
2019-08-23 18:28:53,642 | INFO  | DNAudit | user=null | ip=null | op=WRITE_CHUNK {blockData=conID: 3 locID: 102667710123278751 bcsId: 902} | ret=SUCCESS |  
2019-08-23 18:28:53,645 | INFO  | DNAudit | user=null | ip=null | op=WRITE_CHUNK {blockData=conID: 3 locID: 102667710123278751 bcsId: 902} | ret=SUCCESS |  
2019-08-23 18:28:53,645 | INFO  | DNAudit | user=null | ip=null | op=PUT_BLOCK {blockData=[blockId=conID: 3 locID: 102667710123278751 bcsId: 0,size=4194304]} | ret=SUCCESS |  
2019-08-23 18:28:53,646 [grpc-default-executor-4] INFO  client.GrpcClientProtocolClient (GrpcClientProtocolClient.java:onNext(255)) - client-19C32667576E->48affcab-e6e4-4602-963a-f6a50efbd54c: receive RaftClientReply:client-19C32667576E->48affcab-e6e4-4602-963a-f6a50efbd54c@group-50C56EAF5137, cid=721, SUCCESS, logIndex=905, commits[48affcab-e6e4-4602-963a-f6a50efbd54c:c906, 7e391b60-07ae-4d97-a027-4756e468c032:c904, c5f86d96-67df-4f25-bde3-316f439d30b3:c902]
2019-08-23 18:28:53,646 [grpc-default-executor-4] INFO  client.GrpcClientProtocolClient (GrpcClientProtocolClient.java:onNext(255)) - client-19C32667576E->48affcab-e6e4-4602-963a-f6a50efbd54c: receive RaftClientReply:client-19C32667576E->48affcab-e6e4-4602-963a-f6a50efbd54c@group-50C56EAF5137, cid=722, SUCCESS, logIndex=906, commits[48affcab-e6e4-4602-963a-f6a50efbd54c:c906, 7e391b60-07ae-4d97-a027-4756e468c032:c904, c5f86d96-67df-4f25-bde3-316f439d30b3:c904]
2019-08-23 18:28:53,647 | INFO  | DNAudit | user=null | ip=null | op=WRITE_CHUNK {blockData=conID: 3 locID: 102667710123278751 bcsId: 902} | ret=SUCCESS |  
2019-08-23 18:28:53,647 | INFO  | DNAudit | user=null | ip=null | op=WRITE_CHUNK {blockData=conID: 3 locID: 102667710123278751 bcsId: 902} | ret=SUCCESS |  
2019-08-23 18:28:53,647 | INFO  | DNAudit | user=null | ip=null | op=PUT_BLOCK {blockData=[blockId=conID: 3 locID: 102667710123278751 bcsId: 0,size=4194304]} | ret=SUCCESS |  
2019-08-23 18:28:53,647 | INFO  | DNAudit | user=null | ip=null | op=PUT_BLOCK {blockData=[blockId=conID: 3 locID: 102667710123278751 bcsId: 0,size=4194304]} | ret=SUCCESS |  
2019-08-23 18:28:53,648 [grpc-default-executor-0] INFO  client.GrpcClientProtocolClient (GrpcClientProtocolClient.java:onNext(255)) - client-19C32667576E->48affcab-e6e4-4602-963a-f6a50efbd54c: receive RaftClientReply:client-19C32667576E->48affcab-e6e4-4602-963a-f6a50efbd54c@group-50C56EAF5137, cid=723, SUCCESS, logIndex=0, commits[48affcab-e6e4-4602-963a-f6a50efbd54c:c907, 7e391b60-07ae-4d97-a027-4756e468c032:c906, c5f86d96-67df-4f25-bde3-316f439d30b3:c906]
2019-08-23 18:28:53,656 | INFO  | DNAudit | user=null | ip=null | op=WRITE_CHUNK {blockData=conID: 1 locID: 102667710123278752 bcsId: 0} | ret=SUCCESS |  
2019-08-23 18:28:53,657 | INFO  | DNAudit | user=null | ip=null | op=WRITE_CHUNK {blockData=conID: 1 locID: 102667710123278752 bcsId: 0} | ret=SUCCESS |  
2019-08-23 18:28:53,659 | INFO  | DNAudit | user=null | ip=null | op=WRITE_CHUNK {blockData=conID: 1 locID: 102667710123278752 bcsId: 0} | ret=SUCCESS |  
2019-08-23 18:28:53,659 | INFO  | DNAudit | user=null | ip=null | op=WRITE_CHUNK {blockData=conID: 1 locID: 102667710123278752 bcsId: 0} | ret=SUCCESS |  
2019-08-23 18:28:53,661 | INFO  | DNAudit | user=null | ip=null | op=WRITE_CHUNK {blockData=conID: 1 locID: 102667710123278752 bcsId: 0} | ret=SUCCESS |  
2019-08-23 18:28:53,661 | INFO  | DNAudit | user=null | ip=null | op=WRITE_CHUNK {blockData=conID: 1 locID: 102667710123278752 bcsId: 0} | ret=SUCCESS |  
2019-08-23 18:28:53,661 | INFO  | DNAudit | user=null | ip=null | op=WRITE_CHUNK {blockData=conID: 1 locID: 102667710123278752 bcsId: 0} | ret=SUCCESS |  
2019-08-23 18:28:53,662 | INFO  | DNAudit | user=null | ip=null | op=PUT_BLOCK {blockData=[blockId=conID: 1 locID: 102667710123278752 bcsId: 0,size=1048576]} | ret=SUCCESS |  
2019-08-23 18:28:53,662 [grpc-default-executor-4] INFO  client.GrpcClientProtocolClient (GrpcClientProtocolClient.java:onNext(255)) - client-19C32667576E->48affcab-e6e4-4602-963a-f6a50efbd54c: receive RaftClientReply:client-19C32667576E->48affcab-e6e4-4602-963a-f6a50efbd54c@group-50C56EAF5137, cid=724, SUCCESS, logIndex=909, commits[48affcab-e6e4-4602-963a-f6a50efbd54c:c910, 7e391b60-07ae-4d97-a027-4756e468c032:c908, c5f86d96-67df-4f25-bde3-316f439d30b3:c906]
2019-08-23 18:28:53,663 | INFO  | DNAudit | user=null | ip=null | op=WRITE_CHUNK {blockData=conID: 1 locID: 102667710123278752 bcsId: 0} | ret=SUCCESS |  
2019-08-23 18:28:53,663 [grpc-default-executor-4] INFO  client.GrpcClientProtocolClient (GrpcClientProtocolClient.java:onNext(255)) - client-19C32667576E->48affcab-e6e4-4602-963a-f6a50efbd54c: receive RaftClientReply:client-19C32667576E->48affcab-e6e4-4602-963a-f6a50efbd54c@group-50C56EAF5137, cid=725, SUCCESS, logIndex=910, commits[48affcab-e6e4-4602-963a-f6a50efbd54c:c910, 7e391b60-07ae-4d97-a027-4756e468c032:c908, c5f86d96-67df-4f25-bde3-316f439d30b3:c908]
2019-08-23 18:28:53,664 | INFO  | DNAudit | user=null | ip=null | op=WRITE_CHUNK {blockData=conID: 1 locID: 102667710123278752 bcsId: 0} | ret=SUCCESS |  
2019-08-23 18:28:53,664 | INFO  | DNAudit | user=null | ip=null | op=PUT_BLOCK {blockData=[blockId=conID: 1 locID: 102667710123278752 bcsId: 0,size=2097152]} | ret=SUCCESS |  
2019-08-23 18:28:53,664 | INFO  | DNAudit | user=null | ip=null | op=PUT_BLOCK {blockData=[blockId=conID: 1 locID: 102667710123278752 bcsId: 0,size=1048576]} | ret=SUCCESS |  
2019-08-23 18:28:53,665 [grpc-default-executor-4] INFO  client.GrpcClientProtocolClient (GrpcClientProtocolClient.java:onNext(255)) - client-19C32667576E->48affcab-e6e4-4602-963a-f6a50efbd54c: receive RaftClientReply:client-19C32667576E->48affcab-e6e4-4602-963a-f6a50efbd54c@group-50C56EAF5137, cid=726, SUCCESS, logIndex=911, commits[48affcab-e6e4-4602-963a-f6a50efbd54c:c912, 7e391b60-07ae-4d97-a027-4756e468c032:c908, c5f86d96-67df-4f25-bde3-316f439d30b3:c908]
2019-08-23 18:28:53,665 | INFO  | DNAudit | user=null | ip=null | op=WRITE_CHUNK {blockData=conID: 1 locID: 102667710123278752 bcsId: 0} | ret=SUCCESS |  
2019-08-23 18:28:53,665 | INFO  | DNAudit | user=null | ip=null | op=PUT_BLOCK {blockData=[blockId=conID: 1 locID: 102667710123278752 bcsId: 0,size=1048576]} | ret=SUCCESS |  
2019-08-23 18:28:53,665 [grpc-default-executor-4] INFO  client.GrpcClientProtocolClient (GrpcClientProtocolClient.java:onNext(255)) - client-19C32667576E->48affcab-e6e4-4602-963a-f6a50efbd54c: receive RaftClientReply:client-19C32667576E->48affcab-e6e4-4602-963a-f6a50efbd54c@group-50C56EAF5137, cid=727, SUCCESS, logIndex=912, commits[48affcab-e6e4-4602-963a-f6a50efbd54c:c912, 7e391b60-07ae-4d97-a027-4756e468c032:c908, c5f86d96-67df-4f25-bde3-316f439d30b3:c908]
2019-08-23 18:28:53,666 | INFO  | DNAudit | user=null | ip=null | op=WRITE_CHUNK {blockData=conID: 1 locID: 102667710123278752 bcsId: 0} | ret=SUCCESS |  
2019-08-23 18:28:53,666 | INFO  | DNAudit | user=null | ip=null | op=PUT_BLOCK {blockData=[blockId=conID: 1 locID: 102667710123278752 bcsId: 0,size=2097152]} | ret=SUCCESS |  
2019-08-23 18:28:53,667 [grpc-default-executor-4] INFO  client.GrpcClientProtocolClient (GrpcClientProtocolClient.java:onNext(255)) - client-19C32667576E->48affcab-e6e4-4602-963a-f6a50efbd54c: receive RaftClientReply:client-19C32667576E->48affcab-e6e4-4602-963a-f6a50efbd54c@group-50C56EAF5137, cid=728, SUCCESS, logIndex=0, commits[48affcab-e6e4-4602-963a-f6a50efbd54c:c914, 7e391b60-07ae-4d97-a027-4756e468c032:c912, c5f86d96-67df-4f25-bde3-316f439d30b3:c910]
2019-08-23 18:28:53,667 | INFO  | DNAudit | user=null | ip=null | op=WRITE_CHUNK {blockData=conID: 1 locID: 102667710123278752 bcsId: 0} | ret=SUCCESS |  
2019-08-23 18:28:53,667 | INFO  | DNAudit | user=null | ip=null | op=PUT_BLOCK {blockData=[blockId=conID: 1 locID: 102667710123278752 bcsId: 0,size=2097152]} | ret=SUCCESS |  
2019-08-23 18:28:53,674 | INFO  | DNAudit | user=null | ip=null | op=WRITE_CHUNK {blockData=conID: 1 locID: 102667710123278752 bcsId: 912} | ret=SUCCESS |  
2019-08-23 18:28:53,679 | INFO  | DNAudit | user=null | ip=null | op=WRITE_CHUNK {blockData=conID: 1 locID: 102667710123278752 bcsId: 912} | ret=SUCCESS |  
2019-08-23 18:28:53,679 | INFO  | DNAudit | user=null | ip=null | op=WRITE_CHUNK {blockData=conID: 1 locID: 102667710123278752 bcsId: 912} | ret=SUCCESS |  
2019-08-23 18:28:53,681 | INFO  | DNAudit | user=null | ip=null | op=WRITE_CHUNK {blockData=conID: 1 locID: 102667710123278752 bcsId: 912} | ret=SUCCESS |  
2019-08-23 18:28:53,682 | INFO  | DNAudit | user=null | ip=null | op=PUT_BLOCK {blockData=[blockId=conID: 1 locID: 102667710123278752 bcsId: 0,size=3145728]} | ret=SUCCESS |  
2019-08-23 18:28:53,683 [grpc-default-executor-5] INFO  client.GrpcClientProtocolClient (GrpcClientProtocolClient.java:onNext(255)) - client-19C32667576E->48affcab-e6e4-4602-963a-f6a50efbd54c: receive RaftClientReply:client-19C32667576E->48affcab-e6e4-4602-963a-f6a50efbd54c@group-50C56EAF5137, cid=729, SUCCESS, logIndex=917, commits[48affcab-e6e4-4602-963a-f6a50efbd54c:c918, 7e391b60-07ae-4d97-a027-4756e468c032:c916, c5f86d96-67df-4f25-bde3-316f439d30b3:c912]
2019-08-23 18:28:53,683 [grpc-default-executor-5] INFO  client.GrpcClientProtocolClient (GrpcClientProtocolClient.java:onNext(255)) - client-19C32667576E->48affcab-e6e4-4602-963a-f6a50efbd54c: receive RaftClientReply:client-19C32667576E->48affcab-e6e4-4602-963a-f6a50efbd54c@group-50C56EAF5137, cid=730, SUCCESS, logIndex=918, commits[48affcab-e6e4-4602-963a-f6a50efbd54c:c918, 7e391b60-07ae-4d97-a027-4756e468c032:c916, c5f86d96-67df-4f25-bde3-316f439d30b3:c912]
2019-08-23 18:28:53,685 | INFO  | DNAudit | user=null | ip=null | op=WRITE_CHUNK {blockData=conID: 1 locID: 102667710123278752 bcsId: 912} | ret=SUCCESS |  
2019-08-23 18:28:53,685 | INFO  | DNAudit | user=null | ip=null | op=WRITE_CHUNK {blockData=conID: 1 locID: 102667710123278752 bcsId: 912} | ret=SUCCESS |  
2019-08-23 18:28:53,686 | INFO  | DNAudit | user=null | ip=null | op=PUT_BLOCK {blockData=[blockId=conID: 1 locID: 102667710123278752 bcsId: 0,size=3145728]} | ret=SUCCESS |  
2019-08-23 18:28:53,686 | INFO  | DNAudit | user=null | ip=null | op=PUT_BLOCK {blockData=[blockId=conID: 1 locID: 102667710123278752 bcsId: 0,size=3145728]} | ret=SUCCESS |  
2019-08-23 18:28:53,693 | INFO  | DNAudit | user=null | ip=null | op=WRITE_CHUNK {blockData=conID: 1 locID: 102667710123278752 bcsId: 918} | ret=SUCCESS |  
2019-08-23 18:28:53,695 | INFO  | DNAudit | user=null | ip=null | op=WRITE_CHUNK {blockData=conID: 1 locID: 102667710123278752 bcsId: 918} | ret=SUCCESS |  
2019-08-23 18:28:53,696 | INFO  | DNAudit | user=null | ip=null | op=WRITE_CHUNK {blockData=conID: 1 locID: 102667710123278752 bcsId: 918} | ret=SUCCESS |  
2019-08-23 18:28:53,697 | INFO  | DNAudit | user=null | ip=null | op=WRITE_CHUNK {blockData=conID: 1 locID: 102667710123278752 bcsId: 918} | ret=SUCCESS |  
2019-08-23 18:28:53,698 | INFO  | DNAudit | user=null | ip=null | op=PUT_BLOCK {blockData=[blockId=conID: 1 locID: 102667710123278752 bcsId: 0,size=4194304]} | ret=SUCCESS |  
2019-08-23 18:28:53,698 [grpc-default-executor-4] INFO  client.GrpcClientProtocolClient (GrpcClientProtocolClient.java:onNext(255)) - client-19C32667576E->48affcab-e6e4-4602-963a-f6a50efbd54c: receive RaftClientReply:client-19C32667576E->48affcab-e6e4-4602-963a-f6a50efbd54c@group-50C56EAF5137, cid=731, SUCCESS, logIndex=921, commits[48affcab-e6e4-4602-963a-f6a50efbd54c:c922, 7e391b60-07ae-4d97-a027-4756e468c032:c920, c5f86d96-67df-4f25-bde3-316f439d30b3:c920]
2019-08-23 18:28:53,699 [grpc-default-executor-4] INFO  client.GrpcClientProtocolClient (GrpcClientProtocolClient.java:onNext(255)) - client-19C32667576E->48affcab-e6e4-4602-963a-f6a50efbd54c: receive RaftClientReply:client-19C32667576E->48affcab-e6e4-4602-963a-f6a50efbd54c@group-50C56EAF5137, cid=732, SUCCESS, logIndex=922, commits[48affcab-e6e4-4602-963a-f6a50efbd54c:c922, 7e391b60-07ae-4d97-a027-4756e468c032:c920, c5f86d96-67df-4f25-bde3-316f439d30b3:c920]
2019-08-23 18:28:53,702 | INFO  | DNAudit | user=null | ip=null | op=WRITE_CHUNK {blockData=conID: 1 locID: 102667710123278752 bcsId: 918} | ret=SUCCESS |  
2019-08-23 18:28:53,702 | INFO  | DNAudit | user=null | ip=null | op=WRITE_CHUNK {blockData=conID: 1 locID: 102667710123278752 bcsId: 918} | ret=SUCCESS |  
2019-08-23 18:28:53,702 | INFO  | DNAudit | user=null | ip=null | op=PUT_BLOCK {blockData=[blockId=conID: 1 locID: 102667710123278752 bcsId: 0,size=4194304]} | ret=SUCCESS |  
2019-08-23 18:28:53,702 | INFO  | DNAudit | user=null | ip=null | op=PUT_BLOCK {blockData=[blockId=conID: 1 locID: 102667710123278752 bcsId: 0,size=4194304]} | ret=SUCCESS |  
2019-08-23 18:28:53,703 [grpc-default-executor-4] INFO  client.GrpcClientProtocolClient (GrpcClientProtocolClient.java:onNext(255)) - client-19C32667576E->48affcab-e6e4-4602-963a-f6a50efbd54c: receive RaftClientReply:client-19C32667576E->48affcab-e6e4-4602-963a-f6a50efbd54c@group-50C56EAF5137, cid=733, SUCCESS, logIndex=0, commits[48affcab-e6e4-4602-963a-f6a50efbd54c:c923, 7e391b60-07ae-4d97-a027-4756e468c032:c922, c5f86d96-67df-4f25-bde3-316f439d30b3:c922]
2019-08-23 18:28:53,710 | INFO  | DNAudit | user=null | ip=null | op=WRITE_CHUNK {blockData=conID: 2 locID: 102667710123278753 bcsId: 0} | ret=SUCCESS |  
2019-08-23 18:28:53,832 | INFO  | DNAudit | user=null | ip=null | op=WRITE_CHUNK {blockData=conID: 2 locID: 102667710123278753 bcsId: 0} | ret=SUCCESS |  
2019-08-23 18:28:53,833 | INFO  | DNAudit | user=null | ip=null | op=WRITE_CHUNK {blockData=conID: 2 locID: 102667710123278753 bcsId: 0} | ret=SUCCESS |  
2019-08-23 18:28:53,836 | INFO  | DNAudit | user=null | ip=null | op=WRITE_CHUNK {blockData=conID: 2 locID: 102667710123278753 bcsId: 0} | ret=SUCCESS |  
2019-08-23 18:28:53,838 | INFO  | DNAudit | user=null | ip=null | op=WRITE_CHUNK {blockData=conID: 2 locID: 102667710123278753 bcsId: 0} | ret=SUCCESS |  
2019-08-23 18:28:53,838 | INFO  | DNAudit | user=null | ip=null | op=WRITE_CHUNK {blockData=conID: 2 locID: 102667710123278753 bcsId: 0} | ret=SUCCESS |  
2019-08-23 18:28:53,846 | INFO  | DNAudit | user=null | ip=null | op=WRITE_CHUNK {blockData=conID: 2 locID: 102667710123278753 bcsId: 0} | ret=SUCCESS |  
2019-08-23 18:28:53,847 | INFO  | DNAudit | user=null | ip=null | op=PUT_BLOCK {blockData=[blockId=conID: 2 locID: 102667710123278753 bcsId: 0,size=1048576]} | ret=SUCCESS |  
2019-08-23 18:28:53,848 [grpc-default-executor-4] INFO  client.GrpcClientProtocolClient (GrpcClientProtocolClient.java:onNext(255)) - client-19C32667576E->48affcab-e6e4-4602-963a-f6a50efbd54c: receive RaftClientReply:client-19C32667576E->48affcab-e6e4-4602-963a-f6a50efbd54c@group-50C56EAF5137, cid=734, SUCCESS, logIndex=925, commits[48affcab-e6e4-4602-963a-f6a50efbd54c:c928, 7e391b60-07ae-4d97-a027-4756e468c032:c924, c5f86d96-67df-4f25-bde3-316f439d30b3:c924]
2019-08-23 18:28:53,848 | INFO  | DNAudit | user=null | ip=null | op=WRITE_CHUNK {blockData=conID: 2 locID: 102667710123278753 bcsId: 0} | ret=SUCCESS |  
2019-08-23 18:28:53,848 [grpc-default-executor-4] INFO  client.GrpcClientProtocolClient (GrpcClientProtocolClient.java:onNext(255)) - client-19C32667576E->48affcab-e6e4-4602-963a-f6a50efbd54c: receive RaftClientReply:client-19C32667576E->48affcab-e6e4-4602-963a-f6a50efbd54c@group-50C56EAF5137, cid=735, SUCCESS, logIndex=926, commits[48affcab-e6e4-4602-963a-f6a50efbd54c:c928, 7e391b60-07ae-4d97-a027-4756e468c032:c924, c5f86d96-67df-4f25-bde3-316f439d30b3:c924]
2019-08-23 18:28:53,848 | INFO  | DNAudit | user=null | ip=null | op=PUT_BLOCK {blockData=[blockId=conID: 2 locID: 102667710123278753 bcsId: 0,size=2097152]} | ret=SUCCESS |  
2019-08-23 18:28:53,849 [grpc-default-executor-4] INFO  client.GrpcClientProtocolClient (GrpcClientProtocolClient.java:onNext(255)) - client-19C32667576E->48affcab-e6e4-4602-963a-f6a50efbd54c: receive RaftClientReply:client-19C32667576E->48affcab-e6e4-4602-963a-f6a50efbd54c@group-50C56EAF5137, cid=736, SUCCESS, logIndex=927, commits[48affcab-e6e4-4602-963a-f6a50efbd54c:c928, 7e391b60-07ae-4d97-a027-4756e468c032:c924, c5f86d96-67df-4f25-bde3-316f439d30b3:c924]
2019-08-23 18:28:53,849 [grpc-default-executor-4] INFO  client.GrpcClientProtocolClient (GrpcClientProtocolClient.java:onNext(255)) - client-19C32667576E->48affcab-e6e4-4602-963a-f6a50efbd54c: receive RaftClientReply:client-19C32667576E->48affcab-e6e4-4602-963a-f6a50efbd54c@group-50C56EAF5137, cid=737, SUCCESS, logIndex=928, commits[48affcab-e6e4-4602-963a-f6a50efbd54c:c928, 7e391b60-07ae-4d97-a027-4756e468c032:c924, c5f86d96-67df-4f25-bde3-316f439d30b3:c924]
2019-08-23 18:28:53,857 | INFO  | DNAudit | user=null | ip=null | op=WRITE_CHUNK {blockData=conID: 2 locID: 102667710123278753 bcsId: 0} | ret=SUCCESS |  
2019-08-23 18:28:53,857 | INFO  | DNAudit | user=null | ip=null | op=WRITE_CHUNK {blockData=conID: 2 locID: 102667710123278753 bcsId: 0} | ret=SUCCESS |  
2019-08-23 18:28:53,858 | INFO  | DNAudit | user=null | ip=null | op=PUT_BLOCK {blockData=[blockId=conID: 2 locID: 102667710123278753 bcsId: 0,size=1048576]} | ret=SUCCESS |  
2019-08-23 18:28:53,858 | INFO  | DNAudit | user=null | ip=null | op=PUT_BLOCK {blockData=[blockId=conID: 2 locID: 102667710123278753 bcsId: 0,size=1048576]} | ret=SUCCESS |  
2019-08-23 18:28:53,858 [grpc-default-executor-4] INFO  client.GrpcClientProtocolClient (GrpcClientProtocolClient.java:onNext(255)) - client-19C32667576E->48affcab-e6e4-4602-963a-f6a50efbd54c: receive RaftClientReply:client-19C32667576E->48affcab-e6e4-4602-963a-f6a50efbd54c@group-50C56EAF5137, cid=738, SUCCESS, logIndex=0, commits[48affcab-e6e4-4602-963a-f6a50efbd54c:c929, 7e391b60-07ae-4d97-a027-4756e468c032:c926, c5f86d96-67df-4f25-bde3-316f439d30b3:c926]
2019-08-23 18:28:53,859 | INFO  | DNAudit | user=null | ip=null | op=WRITE_CHUNK {blockData=conID: 2 locID: 102667710123278753 bcsId: 0} | ret=SUCCESS |  
2019-08-23 18:28:53,859 | INFO  | DNAudit | user=null | ip=null | op=WRITE_CHUNK {blockData=conID: 2 locID: 102667710123278753 bcsId: 0} | ret=SUCCESS |  
2019-08-23 18:28:53,859 | INFO  | DNAudit | user=null | ip=null | op=PUT_BLOCK {blockData=[blockId=conID: 2 locID: 102667710123278753 bcsId: 0,size=2097152]} | ret=SUCCESS |  
2019-08-23 18:28:53,859 | INFO  | DNAudit | user=null | ip=null | op=PUT_BLOCK {blockData=[blockId=conID: 2 locID: 102667710123278753 bcsId: 0,size=2097152]} | ret=SUCCESS |  
2019-08-23 18:28:53,866 | INFO  | DNAudit | user=null | ip=null | op=WRITE_CHUNK {blockData=conID: 2 locID: 102667710123278753 bcsId: 928} | ret=SUCCESS |  
2019-08-23 18:28:53,869 | INFO  | DNAudit | user=null | ip=null | op=WRITE_CHUNK {blockData=conID: 2 locID: 102667710123278753 bcsId: 928} | ret=SUCCESS |  
2019-08-23 18:28:53,869 | INFO  | DNAudit | user=null | ip=null | op=WRITE_CHUNK {blockData=conID: 2 locID: 102667710123278753 bcsId: 928} | ret=SUCCESS |  
2019-08-23 18:28:53,879 | INFO  | DNAudit | user=null | ip=null | op=WRITE_CHUNK {blockData=conID: 2 locID: 102667710123278753 bcsId: 928} | ret=SUCCESS |  
2019-08-23 18:28:53,879 | INFO  | DNAudit | user=null | ip=null | op=PUT_BLOCK {blockData=[blockId=conID: 2 locID: 102667710123278753 bcsId: 0,size=3145728]} | ret=SUCCESS |  
2019-08-23 18:28:53,879 [grpc-default-executor-4] INFO  client.GrpcClientProtocolClient (GrpcClientProtocolClient.java:onNext(255)) - client-19C32667576E->48affcab-e6e4-4602-963a-f6a50efbd54c: receive RaftClientReply:client-19C32667576E->48affcab-e6e4-4602-963a-f6a50efbd54c@group-50C56EAF5137, cid=739, SUCCESS, logIndex=933, commits[48affcab-e6e4-4602-963a-f6a50efbd54c:c934, 7e391b60-07ae-4d97-a027-4756e468c032:c932, c5f86d96-67df-4f25-bde3-316f439d30b3:c932]
2019-08-23 18:28:53,880 [grpc-default-executor-4] INFO  client.GrpcClientProtocolClient (GrpcClientProtocolClient.java:onNext(255)) - client-19C32667576E->48affcab-e6e4-4602-963a-f6a50efbd54c: receive RaftClientReply:client-19C32667576E->48affcab-e6e4-4602-963a-f6a50efbd54c@group-50C56EAF5137, cid=740, SUCCESS, logIndex=934, commits[48affcab-e6e4-4602-963a-f6a50efbd54c:c934, 7e391b60-07ae-4d97-a027-4756e468c032:c932, c5f86d96-67df-4f25-bde3-316f439d30b3:c932]
2019-08-23 18:28:53,886 | INFO  | DNAudit | user=null | ip=null | op=WRITE_CHUNK {blockData=conID: 2 locID: 102667710123278753 bcsId: 934} | ret=SUCCESS |  
2019-08-23 18:28:53,890 | INFO  | DNAudit | user=null | ip=null | op=WRITE_CHUNK {blockData=conID: 2 locID: 102667710123278753 bcsId: 934} | ret=SUCCESS |  
2019-08-23 18:28:53,890 | INFO  | DNAudit | user=null | ip=null | op=WRITE_CHUNK {blockData=conID: 2 locID: 102667710123278753 bcsId: 934} | ret=SUCCESS |  
2019-08-23 18:28:53,890 | INFO  | DNAudit | user=null | ip=null | op=WRITE_CHUNK {blockData=conID: 2 locID: 102667710123278753 bcsId: 928} | ret=SUCCESS |  
2019-08-23 18:28:53,890 | INFO  | DNAudit | user=null | ip=null | op=WRITE_CHUNK {blockData=conID: 2 locID: 102667710123278753 bcsId: 928} | ret=SUCCESS |  
2019-08-23 18:28:53,892 | INFO  | DNAudit | user=null | ip=null | op=PUT_BLOCK {blockData=[blockId=conID: 2 locID: 102667710123278753 bcsId: 0,size=3145728]} | ret=SUCCESS |  
2019-08-23 18:28:53,892 | INFO  | DNAudit | user=null | ip=null | op=PUT_BLOCK {blockData=[blockId=conID: 2 locID: 102667710123278753 bcsId: 0,size=3145728]} | ret=SUCCESS |  
2019-08-23 18:28:53,892 | INFO  | DNAudit | user=null | ip=null | op=WRITE_CHUNK {blockData=conID: 2 locID: 102667710123278753 bcsId: 934} | ret=SUCCESS |  
2019-08-23 18:28:53,892 | INFO  | DNAudit | user=null | ip=null | op=PUT_BLOCK {blockData=[blockId=conID: 2 locID: 102667710123278753 bcsId: 0,size=4194304]} | ret=SUCCESS |  
2019-08-23 18:28:53,893 [grpc-default-executor-4] INFO  client.GrpcClientProtocolClient (GrpcClientProtocolClient.java:onNext(255)) - client-19C32667576E->48affcab-e6e4-4602-963a-f6a50efbd54c: receive RaftClientReply:client-19C32667576E->48affcab-e6e4-4602-963a-f6a50efbd54c@group-50C56EAF5137, cid=741, SUCCESS, logIndex=937, commits[48affcab-e6e4-4602-963a-f6a50efbd54c:c938, 7e391b60-07ae-4d97-a027-4756e468c032:c934, c5f86d96-67df-4f25-bde3-316f439d30b3:c934]
2019-08-23 18:28:53,893 [grpc-default-executor-4] INFO  client.GrpcClientProtocolClient (GrpcClientProtocolClient.java:onNext(255)) - client-19C32667576E->48affcab-e6e4-4602-963a-f6a50efbd54c: receive RaftClientReply:client-19C32667576E->48affcab-e6e4-4602-963a-f6a50efbd54c@group-50C56EAF5137, cid=742, SUCCESS, logIndex=938, commits[48affcab-e6e4-4602-963a-f6a50efbd54c:c938, 7e391b60-07ae-4d97-a027-4756e468c032:c934, c5f86d96-67df-4f25-bde3-316f439d30b3:c934]
2019-08-23 18:28:53,894 | INFO  | DNAudit | user=null | ip=null | op=WRITE_CHUNK {blockData=conID: 2 locID: 102667710123278753 bcsId: 934} | ret=SUCCESS |  
2019-08-23 18:28:53,894 | INFO  | DNAudit | user=null | ip=null | op=WRITE_CHUNK {blockData=conID: 2 locID: 102667710123278753 bcsId: 934} | ret=SUCCESS |  
2019-08-23 18:28:53,895 | INFO  | DNAudit | user=null | ip=null | op=PUT_BLOCK {blockData=[blockId=conID: 2 locID: 102667710123278753 bcsId: 0,size=4194304]} | ret=SUCCESS |  
2019-08-23 18:28:53,895 | INFO  | DNAudit | user=null | ip=null | op=PUT_BLOCK {blockData=[blockId=conID: 2 locID: 102667710123278753 bcsId: 0,size=4194304]} | ret=SUCCESS |  
2019-08-23 18:28:53,896 [grpc-default-executor-4] INFO  client.GrpcClientProtocolClient (GrpcClientProtocolClient.java:onNext(255)) - client-19C32667576E->48affcab-e6e4-4602-963a-f6a50efbd54c: receive RaftClientReply:client-19C32667576E->48affcab-e6e4-4602-963a-f6a50efbd54c@group-50C56EAF5137, cid=743, SUCCESS, logIndex=0, commits[48affcab-e6e4-4602-963a-f6a50efbd54c:c940, 7e391b60-07ae-4d97-a027-4756e468c032:c938, c5f86d96-67df-4f25-bde3-316f439d30b3:c938]
2019-08-23 18:28:53,902 | INFO  | DNAudit | user=null | ip=null | op=WRITE_CHUNK {blockData=conID: 3 locID: 102667710123278754 bcsId: 0} | ret=SUCCESS |  
2019-08-23 18:28:53,904 | INFO  | DNAudit | user=null | ip=null | op=WRITE_CHUNK {blockData=conID: 3 locID: 102667710123278754 bcsId: 0} | ret=SUCCESS |  
2019-08-23 18:28:53,905 | INFO  | DNAudit | user=null | ip=null | op=WRITE_CHUNK {blockData=conID: 3 locID: 102667710123278754 bcsId: 0} | ret=SUCCESS |  
2019-08-23 18:28:53,905 | INFO  | DNAudit | user=null | ip=null | op=WRITE_CHUNK {blockData=conID: 3 locID: 102667710123278754 bcsId: 0} | ret=SUCCESS |  
2019-08-23 18:28:53,907 | INFO  | DNAudit | user=null | ip=null | op=WRITE_CHUNK {blockData=conID: 3 locID: 102667710123278754 bcsId: 0} | ret=SUCCESS |  
2019-08-23 18:28:53,907 | INFO  | DNAudit | user=null | ip=null | op=WRITE_CHUNK {blockData=conID: 3 locID: 102667710123278754 bcsId: 0} | ret=SUCCESS |  
2019-08-23 18:28:53,908 | INFO  | DNAudit | user=null | ip=null | op=WRITE_CHUNK {blockData=conID: 3 locID: 102667710123278754 bcsId: 0} | ret=SUCCESS |  
2019-08-23 18:28:53,908 | INFO  | DNAudit | user=null | ip=null | op=PUT_BLOCK {blockData=[blockId=conID: 3 locID: 102667710123278754 bcsId: 0,size=1048576]} | ret=SUCCESS |  
2019-08-23 18:28:53,908 [grpc-default-executor-0] INFO  client.GrpcClientProtocolClient (GrpcClientProtocolClient.java:onNext(255)) - client-19C32667576E->48affcab-e6e4-4602-963a-f6a50efbd54c: receive RaftClientReply:client-19C32667576E->48affcab-e6e4-4602-963a-f6a50efbd54c@group-50C56EAF5137, cid=744, SUCCESS, logIndex=941, commits[48affcab-e6e4-4602-963a-f6a50efbd54c:c942, 7e391b60-07ae-4d97-a027-4756e468c032:c938, c5f86d96-67df-4f25-bde3-316f439d30b3:c940]
2019-08-23 18:28:53,909 [grpc-default-executor-0] INFO  client.GrpcClientProtocolClient (GrpcClientProtocolClient.java:onNext(255)) - client-19C32667576E->48affcab-e6e4-4602-963a-f6a50efbd54c: receive RaftClientReply:client-19C32667576E->48affcab-e6e4-4602-963a-f6a50efbd54c@group-50C56EAF5137, cid=745, SUCCESS, logIndex=942, commits[48affcab-e6e4-4602-963a-f6a50efbd54c:c942, 7e391b60-07ae-4d97-a027-4756e468c032:c938, c5f86d96-67df-4f25-bde3-316f439d30b3:c940]
2019-08-23 18:28:53,911 | INFO  | DNAudit | user=null | ip=null | op=WRITE_CHUNK {blockData=conID: 3 locID: 102667710123278754 bcsId: 0} | ret=SUCCESS |  
2019-08-23 18:28:53,911 | INFO  | DNAudit | user=null | ip=null | op=PUT_BLOCK {blockData=[blockId=conID: 3 locID: 102667710123278754 bcsId: 0,size=2097152]} | ret=SUCCESS |  
2019-08-23 18:28:53,911 [grpc-default-executor-0] INFO  client.GrpcClientProtocolClient (GrpcClientProtocolClient.java:onNext(255)) - client-19C32667576E->48affcab-e6e4-4602-963a-f6a50efbd54c: receive RaftClientReply:client-19C32667576E->48affcab-e6e4-4602-963a-f6a50efbd54c@group-50C56EAF5137, cid=746, SUCCESS, logIndex=943, commits[48affcab-e6e4-4602-963a-f6a50efbd54c:c944, 7e391b60-07ae-4d97-a027-4756e468c032:c940, c5f86d96-67df-4f25-bde3-316f439d30b3:c940]
2019-08-23 18:28:53,911 | INFO  | DNAudit | user=null | ip=null | op=WRITE_CHUNK {blockData=conID: 3 locID: 102667710123278754 bcsId: 0} | ret=SUCCESS |  
2019-08-23 18:28:53,912 | INFO  | DNAudit | user=null | ip=null | op=PUT_BLOCK {blockData=[blockId=conID: 3 locID: 102667710123278754 bcsId: 0,size=1048576]} | ret=SUCCESS |  
2019-08-23 18:28:53,912 [grpc-default-executor-5] INFO  client.GrpcClientProtocolClient (GrpcClientProtocolClient.java:onNext(255)) - client-19C32667576E->48affcab-e6e4-4602-963a-f6a50efbd54c: receive RaftClientReply:client-19C32667576E->48affcab-e6e4-4602-963a-f6a50efbd54c@group-50C56EAF5137, cid=747, SUCCESS, logIndex=944, commits[48affcab-e6e4-4602-963a-f6a50efbd54c:c944, 7e391b60-07ae-4d97-a027-4756e468c032:c940, c5f86d96-67df-4f25-bde3-316f439d30b3:c940]
2019-08-23 18:28:53,912 | INFO  | DNAudit | user=null | ip=null | op=WRITE_CHUNK {blockData=conID: 3 locID: 102667710123278754 bcsId: 0} | ret=SUCCESS |  
2019-08-23 18:28:53,912 | INFO  | DNAudit | user=null | ip=null | op=PUT_BLOCK {blockData=[blockId=conID: 3 locID: 102667710123278754 bcsId: 0,size=1048576]} | ret=SUCCESS |  
2019-08-23 18:28:53,913 | INFO  | DNAudit | user=null | ip=null | op=WRITE_CHUNK {blockData=conID: 3 locID: 102667710123278754 bcsId: 0} | ret=SUCCESS |  
2019-08-23 18:28:53,913 | INFO  | DNAudit | user=null | ip=null | op=PUT_BLOCK {blockData=[blockId=conID: 3 locID: 102667710123278754 bcsId: 0,size=2097152]} | ret=SUCCESS |  
2019-08-23 18:28:53,913 | INFO  | DNAudit | user=null | ip=null | op=WRITE_CHUNK {blockData=conID: 3 locID: 102667710123278754 bcsId: 0} | ret=SUCCESS |  
2019-08-23 18:28:53,913 [grpc-default-executor-0] INFO  client.GrpcClientProtocolClient (GrpcClientProtocolClient.java:onNext(255)) - client-19C32667576E->48affcab-e6e4-4602-963a-f6a50efbd54c: receive RaftClientReply:client-19C32667576E->48affcab-e6e4-4602-963a-f6a50efbd54c@group-50C56EAF5137, cid=748, SUCCESS, logIndex=0, commits[48affcab-e6e4-4602-963a-f6a50efbd54c:c947, 7e391b60-07ae-4d97-a027-4756e468c032:c942, c5f86d96-67df-4f25-bde3-316f439d30b3:c943]
2019-08-23 18:28:53,914 | INFO  | DNAudit | user=null | ip=null | op=PUT_BLOCK {blockData=[blockId=conID: 3 locID: 102667710123278754 bcsId: 0,size=2097152]} | ret=SUCCESS |  
2019-08-23 18:28:53,920 | INFO  | DNAudit | user=null | ip=null | op=WRITE_CHUNK {blockData=conID: 3 locID: 102667710123278754 bcsId: 944} | ret=SUCCESS |  
2019-08-23 18:28:53,923 | INFO  | DNAudit | user=null | ip=null | op=WRITE_CHUNK {blockData=conID: 3 locID: 102667710123278754 bcsId: 944} | ret=SUCCESS |  
2019-08-23 18:28:53,923 | INFO  | DNAudit | user=null | ip=null | op=WRITE_CHUNK {blockData=conID: 3 locID: 102667710123278754 bcsId: 944} | ret=SUCCESS |  
2019-08-23 18:28:53,926 | INFO  | DNAudit | user=null | ip=null | op=WRITE_CHUNK {blockData=conID: 3 locID: 102667710123278754 bcsId: 944} | ret=SUCCESS |  
2019-08-23 18:28:53,926 | INFO  | DNAudit | user=null | ip=null | op=PUT_BLOCK {blockData=[blockId=conID: 3 locID: 102667710123278754 bcsId: 0,size=3145728]} | ret=SUCCESS |  
2019-08-23 18:28:53,927 [grpc-default-executor-4] INFO  client.GrpcClientProtocolClient (GrpcClientProtocolClient.java:onNext(255)) - client-19C32667576E->48affcab-e6e4-4602-963a-f6a50efbd54c: receive RaftClientReply:client-19C32667576E->48affcab-e6e4-4602-963a-f6a50efbd54c@group-50C56EAF5137, cid=749, SUCCESS, logIndex=949, commits[48affcab-e6e4-4602-963a-f6a50efbd54c:c950, 7e391b60-07ae-4d97-a027-4756e468c032:c944, c5f86d96-67df-4f25-bde3-316f439d30b3:c948]
2019-08-23 18:28:53,927 [grpc-default-executor-4] INFO  client.GrpcClientProtocolClient (GrpcClientProtocolClient.java:onNext(255)) - client-19C32667576E->48affcab-e6e4-4602-963a-f6a50efbd54c: receive RaftClientReply:client-19C32667576E->48affcab-e6e4-4602-963a-f6a50efbd54c@group-50C56EAF5137, cid=750, SUCCESS, logIndex=950, commits[48affcab-e6e4-4602-963a-f6a50efbd54c:c950, 7e391b60-07ae-4d97-a027-4756e468c032:c948, c5f86d96-67df-4f25-bde3-316f439d30b3:c948]
2019-08-23 18:28:53,927 | INFO  | DNAudit | user=null | ip=null | op=WRITE_CHUNK {blockData=conID: 3 locID: 102667710123278754 bcsId: 944} | ret=SUCCESS |  
2019-08-23 18:28:53,928 | INFO  | DNAudit | user=null | ip=null | op=WRITE_CHUNK {blockData=conID: 3 locID: 102667710123278754 bcsId: 944} | ret=SUCCESS |  
2019-08-23 18:28:53,928 | INFO  | DNAudit | user=null | ip=null | op=PUT_BLOCK {blockData=[blockId=conID: 3 locID: 102667710123278754 bcsId: 0,size=3145728]} | ret=SUCCESS |  
2019-08-23 18:28:53,928 | INFO  | DNAudit | user=null | ip=null | op=PUT_BLOCK {blockData=[blockId=conID: 3 locID: 102667710123278754 bcsId: 0,size=3145728]} | ret=SUCCESS |  
2019-08-23 18:28:53,933 | INFO  | DNAudit | user=null | ip=null | op=WRITE_CHUNK {blockData=conID: 3 locID: 102667710123278754 bcsId: 950} | ret=SUCCESS |  
2019-08-23 18:28:53,936 | INFO  | DNAudit | user=null | ip=null | op=WRITE_CHUNK {blockData=conID: 3 locID: 102667710123278754 bcsId: 950} | ret=SUCCESS |  
2019-08-23 18:28:53,937 | INFO  | DNAudit | user=null | ip=null | op=WRITE_CHUNK {blockData=conID: 3 locID: 102667710123278754 bcsId: 950} | ret=SUCCESS |  
2019-08-23 18:28:53,938 | INFO  | DNAudit | user=null | ip=null | op=WRITE_CHUNK {blockData=conID: 3 locID: 102667710123278754 bcsId: 950} | ret=SUCCESS |  
2019-08-23 18:28:53,939 | INFO  | DNAudit | user=null | ip=null | op=PUT_BLOCK {blockData=[blockId=conID: 3 locID: 102667710123278754 bcsId: 0,size=4194304]} | ret=SUCCESS |  
2019-08-23 18:28:53,939 [grpc-default-executor-4] INFO  client.GrpcClientProtocolClient (GrpcClientProtocolClient.java:onNext(255)) - client-19C32667576E->48affcab-e6e4-4602-963a-f6a50efbd54c: receive RaftClientReply:client-19C32667576E->48affcab-e6e4-4602-963a-f6a50efbd54c@group-50C56EAF5137, cid=751, SUCCESS, logIndex=953, commits[48affcab-e6e4-4602-963a-f6a50efbd54c:c954, 7e391b60-07ae-4d97-a027-4756e468c032:c952, c5f86d96-67df-4f25-bde3-316f439d30b3:c952]
2019-08-23 18:28:53,939 [grpc-default-executor-4] INFO  client.GrpcClientProtocolClient (GrpcClientProtocolClient.java:onNext(255)) - client-19C32667576E->48affcab-e6e4-4602-963a-f6a50efbd54c: receive RaftClientReply:client-19C32667576E->48affcab-e6e4-4602-963a-f6a50efbd54c@group-50C56EAF5137, cid=752, SUCCESS, logIndex=954, commits[48affcab-e6e4-4602-963a-f6a50efbd54c:c954, 7e391b60-07ae-4d97-a027-4756e468c032:c952, c5f86d96-67df-4f25-bde3-316f439d30b3:c952]
2019-08-23 18:28:53,940 | INFO  | DNAudit | user=null | ip=null | op=WRITE_CHUNK {blockData=conID: 3 locID: 102667710123278754 bcsId: 950} | ret=SUCCESS |  
2019-08-23 18:28:53,940 | INFO  | DNAudit | user=null | ip=null | op=WRITE_CHUNK {blockData=conID: 3 locID: 102667710123278754 bcsId: 950} | ret=SUCCESS |  
2019-08-23 18:28:53,940 | INFO  | DNAudit | user=null | ip=null | op=PUT_BLOCK {blockData=[blockId=conID: 3 locID: 102667710123278754 bcsId: 0,size=4194304]} | ret=SUCCESS |  
2019-08-23 18:28:53,940 | INFO  | DNAudit | user=null | ip=null | op=PUT_BLOCK {blockData=[blockId=conID: 3 locID: 102667710123278754 bcsId: 0,size=4194304]} | ret=SUCCESS |  
2019-08-23 18:28:53,941 [grpc-default-executor-4] INFO  client.GrpcClientProtocolClient (GrpcClientProtocolClient.java:onNext(255)) - client-19C32667576E->48affcab-e6e4-4602-963a-f6a50efbd54c: receive RaftClientReply:client-19C32667576E->48affcab-e6e4-4602-963a-f6a50efbd54c@group-50C56EAF5137, cid=753, SUCCESS, logIndex=0, commits[48affcab-e6e4-4602-963a-f6a50efbd54c:c955, 7e391b60-07ae-4d97-a027-4756e468c032:c954, c5f86d96-67df-4f25-bde3-316f439d30b3:c954]
2019-08-23 18:28:53,947 | INFO  | DNAudit | user=null | ip=null | op=WRITE_CHUNK {blockData=conID: 1 locID: 102667710123278755 bcsId: 0} | ret=SUCCESS |  
2019-08-23 18:28:53,950 | INFO  | DNAudit | user=null | ip=null | op=WRITE_CHUNK {blockData=conID: 1 locID: 102667710123278755 bcsId: 0} | ret=SUCCESS |  
2019-08-23 18:28:53,950 | INFO  | DNAudit | user=null | ip=null | op=WRITE_CHUNK {blockData=conID: 1 locID: 102667710123278755 bcsId: 0} | ret=SUCCESS |  
2019-08-23 18:28:53,950 | INFO  | DNAudit | user=null | ip=null | op=WRITE_CHUNK {blockData=conID: 1 locID: 102667710123278755 bcsId: 0} | ret=SUCCESS |  
2019-08-23 18:28:53,951 | INFO  | DNAudit | user=null | ip=null | op=WRITE_CHUNK {blockData=conID: 1 locID: 102667710123278755 bcsId: 0} | ret=SUCCESS |  
2019-08-23 18:28:53,952 | INFO  | DNAudit | user=null | ip=null | op=WRITE_CHUNK {blockData=conID: 1 locID: 102667710123278755 bcsId: 0} | ret=SUCCESS |  
2019-08-23 18:28:53,953 | INFO  | DNAudit | user=null | ip=null | op=WRITE_CHUNK {blockData=conID: 1 locID: 102667710123278755 bcsId: 0} | ret=SUCCESS |  
2019-08-23 18:28:53,954 | INFO  | DNAudit | user=null | ip=null | op=PUT_BLOCK {blockData=[blockId=conID: 1 locID: 102667710123278755 bcsId: 0,size=1048576]} | ret=SUCCESS |  
2019-08-23 18:28:53,954 | INFO  | DNAudit | user=null | ip=null | op=WRITE_CHUNK {blockData=conID: 1 locID: 102667710123278755 bcsId: 0} | ret=SUCCESS |  
2019-08-23 18:28:53,954 [grpc-default-executor-5] INFO  client.GrpcClientProtocolClient (GrpcClientProtocolClient.java:onNext(255)) - client-19C32667576E->48affcab-e6e4-4602-963a-f6a50efbd54c: receive RaftClientReply:client-19C32667576E->48affcab-e6e4-4602-963a-f6a50efbd54c@group-50C56EAF5137, cid=754, SUCCESS, logIndex=957, commits[48affcab-e6e4-4602-963a-f6a50efbd54c:c958, 7e391b60-07ae-4d97-a027-4756e468c032:c956, c5f86d96-67df-4f25-bde3-316f439d30b3:c956]
2019-08-23 18:28:53,954 | INFO  | DNAudit | user=null | ip=null | op=PUT_BLOCK {blockData=[blockId=conID: 1 locID: 102667710123278755 bcsId: 0,size=2097152]} | ret=SUCCESS |  
2019-08-23 18:28:53,955 [grpc-default-executor-5] INFO  client.GrpcClientProtocolClient (GrpcClientProtocolClient.java:onNext(255)) - client-19C32667576E->48affcab-e6e4-4602-963a-f6a50efbd54c: receive RaftClientReply:client-19C32667576E->48affcab-e6e4-4602-963a-f6a50efbd54c@group-50C56EAF5137, cid=755, SUCCESS, logIndex=958, commits[48affcab-e6e4-4602-963a-f6a50efbd54c:c960, 7e391b60-07ae-4d97-a027-4756e468c032:c956, c5f86d96-67df-4f25-bde3-316f439d30b3:c956]
2019-08-23 18:28:53,955 [grpc-default-executor-5] INFO  client.GrpcClientProtocolClient (GrpcClientProtocolClient.java:onNext(255)) - client-19C32667576E->48affcab-e6e4-4602-963a-f6a50efbd54c: receive RaftClientReply:client-19C32667576E->48affcab-e6e4-4602-963a-f6a50efbd54c@group-50C56EAF5137, cid=756, SUCCESS, logIndex=959, commits[48affcab-e6e4-4602-963a-f6a50efbd54c:c960, 7e391b60-07ae-4d97-a027-4756e468c032:c956, c5f86d96-67df-4f25-bde3-316f439d30b3:c956]
2019-08-23 18:28:53,955 [grpc-default-executor-5] INFO  client.GrpcClientProtocolClient (GrpcClientProtocolClient.java:onNext(255)) - client-19C32667576E->48affcab-e6e4-4602-963a-f6a50efbd54c: receive RaftClientReply:client-19C32667576E->48affcab-e6e4-4602-963a-f6a50efbd54c@group-50C56EAF5137, cid=757, SUCCESS, logIndex=960, commits[48affcab-e6e4-4602-963a-f6a50efbd54c:c960, 7e391b60-07ae-4d97-a027-4756e468c032:c956, c5f86d96-67df-4f25-bde3-316f439d30b3:c956]
2019-08-23 18:28:53,956 | INFO  | DNAudit | user=null | ip=null | op=WRITE_CHUNK {blockData=conID: 1 locID: 102667710123278755 bcsId: 0} | ret=SUCCESS |  
2019-08-23 18:28:53,956 | INFO  | DNAudit | user=null | ip=null | op=WRITE_CHUNK {blockData=conID: 1 locID: 102667710123278755 bcsId: 0} | ret=SUCCESS |  
2019-08-23 18:28:53,956 | INFO  | DNAudit | user=null | ip=null | op=PUT_BLOCK {blockData=[blockId=conID: 1 locID: 102667710123278755 bcsId: 0,size=1048576]} | ret=SUCCESS |  
2019-08-23 18:28:53,956 | INFO  | DNAudit | user=null | ip=null | op=PUT_BLOCK {blockData=[blockId=conID: 1 locID: 102667710123278755 bcsId: 0,size=1048576]} | ret=SUCCESS |  
2019-08-23 18:28:53,956 [grpc-default-executor-5] INFO  client.GrpcClientProtocolClient (GrpcClientProtocolClient.java:onNext(255)) - client-19C32667576E->48affcab-e6e4-4602-963a-f6a50efbd54c: receive RaftClientReply:client-19C32667576E->48affcab-e6e4-4602-963a-f6a50efbd54c@group-50C56EAF5137, cid=758, SUCCESS, logIndex=0, commits[48affcab-e6e4-4602-963a-f6a50efbd54c:c961, 7e391b60-07ae-4d97-a027-4756e468c032:c958, c5f86d96-67df-4f25-bde3-316f439d30b3:c958]
2019-08-23 18:28:53,957 | INFO  | DNAudit | user=null | ip=null | op=WRITE_CHUNK {blockData=conID: 1 locID: 102667710123278755 bcsId: 0} | ret=SUCCESS |  
2019-08-23 18:28:53,958 | INFO  | DNAudit | user=null | ip=null | op=WRITE_CHUNK {blockData=conID: 1 locID: 102667710123278755 bcsId: 0} | ret=SUCCESS |  
2019-08-23 18:28:53,958 | INFO  | DNAudit | user=null | ip=null | op=PUT_BLOCK {blockData=[blockId=conID: 1 locID: 102667710123278755 bcsId: 0,size=2097152]} | ret=SUCCESS |  
2019-08-23 18:28:53,958 | INFO  | DNAudit | user=null | ip=null | op=PUT_BLOCK {blockData=[blockId=conID: 1 locID: 102667710123278755 bcsId: 0,size=2097152]} | ret=SUCCESS |  
2019-08-23 18:28:53,962 | INFO  | DNAudit | user=null | ip=null | op=WRITE_CHUNK {blockData=conID: 1 locID: 102667710123278755 bcsId: 960} | ret=SUCCESS |  
2019-08-23 18:28:53,965 | INFO  | DNAudit | user=null | ip=null | op=WRITE_CHUNK {blockData=conID: 1 locID: 102667710123278755 bcsId: 960} | ret=SUCCESS |  
2019-08-23 18:28:53,965 | INFO  | DNAudit | user=null | ip=null | op=WRITE_CHUNK {blockData=conID: 1 locID: 102667710123278755 bcsId: 960} | ret=SUCCESS |  
2019-08-23 18:28:53,975 | INFO  | DNAudit | user=null | ip=null | op=WRITE_CHUNK {blockData=conID: 1 locID: 102667710123278755 bcsId: 960} | ret=SUCCESS |  
2019-08-23 18:28:53,975 | INFO  | DNAudit | user=null | ip=null | op=PUT_BLOCK {blockData=[blockId=conID: 1 locID: 102667710123278755 bcsId: 0,size=3145728]} | ret=SUCCESS |  
2019-08-23 18:28:53,975 [grpc-default-executor-5] INFO  client.GrpcClientProtocolClient (GrpcClientProtocolClient.java:onNext(255)) - client-19C32667576E->48affcab-e6e4-4602-963a-f6a50efbd54c: receive RaftClientReply:client-19C32667576E->48affcab-e6e4-4602-963a-f6a50efbd54c@group-50C56EAF5137, cid=759, SUCCESS, logIndex=965, commits[48affcab-e6e4-4602-963a-f6a50efbd54c:c966, 7e391b60-07ae-4d97-a027-4756e468c032:c964, c5f86d96-67df-4f25-bde3-316f439d30b3:c964]
2019-08-23 18:28:53,976 [grpc-default-executor-5] INFO  client.GrpcClientProtocolClient (GrpcClientProtocolClient.java:onNext(255)) - client-19C32667576E->48affcab-e6e4-4602-963a-f6a50efbd54c: receive RaftClientReply:client-19C32667576E->48affcab-e6e4-4602-963a-f6a50efbd54c@group-50C56EAF5137, cid=760, SUCCESS, logIndex=966, commits[48affcab-e6e4-4602-963a-f6a50efbd54c:c966, 7e391b60-07ae-4d97-a027-4756e468c032:c964, c5f86d96-67df-4f25-bde3-316f439d30b3:c964]
2019-08-23 18:28:53,981 | INFO  | DNAudit | user=null | ip=null | op=WRITE_CHUNK {blockData=conID: 1 locID: 102667710123278755 bcsId: 966} | ret=SUCCESS |  
2019-08-23 18:28:53,984 | INFO  | DNAudit | user=null | ip=null | op=WRITE_CHUNK {blockData=conID: 1 locID: 102667710123278755 bcsId: 966} | ret=SUCCESS |  
2019-08-23 18:28:53,984 | INFO  | DNAudit | user=null | ip=null | op=WRITE_CHUNK {blockData=conID: 1 locID: 102667710123278755 bcsId: 966} | ret=SUCCESS |  
2019-08-23 18:28:53,987 | INFO  | DNAudit | user=null | ip=null | op=WRITE_CHUNK {blockData=conID: 1 locID: 102667710123278755 bcsId: 960} | ret=SUCCESS |  
2019-08-23 18:28:53,987 | INFO  | DNAudit | user=null | ip=null | op=WRITE_CHUNK {blockData=conID: 1 locID: 102667710123278755 bcsId: 960} | ret=SUCCESS |  
2019-08-23 18:28:53,988 | INFO  | DNAudit | user=null | ip=null | op=PUT_BLOCK {blockData=[blockId=conID: 1 locID: 102667710123278755 bcsId: 0,size=3145728]} | ret=SUCCESS |  
2019-08-23 18:28:53,988 | INFO  | DNAudit | user=null | ip=null | op=PUT_BLOCK {blockData=[blockId=conID: 1 locID: 102667710123278755 bcsId: 0,size=3145728]} | ret=SUCCESS |  
2019-08-23 18:28:53,988 | INFO  | DNAudit | user=null | ip=null | op=WRITE_CHUNK {blockData=conID: 1 locID: 102667710123278755 bcsId: 966} | ret=SUCCESS |  
2019-08-23 18:28:53,989 | INFO  | DNAudit | user=null | ip=null | op=PUT_BLOCK {blockData=[blockId=conID: 1 locID: 102667710123278755 bcsId: 0,size=4194304]} | ret=SUCCESS |  
2019-08-23 18:28:53,989 [grpc-default-executor-0] INFO  client.GrpcClientProtocolClient (GrpcClientProtocolClient.java:onNext(255)) - client-19C32667576E->48affcab-e6e4-4602-963a-f6a50efbd54c: receive RaftClientReply:client-19C32667576E->48affcab-e6e4-4602-963a-f6a50efbd54c@group-50C56EAF5137, cid=761, SUCCESS, logIndex=969, commits[48affcab-e6e4-4602-963a-f6a50efbd54c:c969, 7e391b60-07ae-4d97-a027-4756e468c032:c966, c5f86d96-67df-4f25-bde3-316f439d30b3:c966]
2019-08-23 18:28:53,989 [grpc-default-executor-0] INFO  client.GrpcClientProtocolClient (GrpcClientProtocolClient.java:onNext(255)) - client-19C32667576E->48affcab-e6e4-4602-963a-f6a50efbd54c: receive RaftClientReply:client-19C32667576E->48affcab-e6e4-4602-963a-f6a50efbd54c@group-50C56EAF5137, cid=762, SUCCESS, logIndex=970, commits[48affcab-e6e4-4602-963a-f6a50efbd54c:c970, 7e391b60-07ae-4d97-a027-4756e468c032:c966, c5f86d96-67df-4f25-bde3-316f439d30b3:c966]
2019-08-23 18:28:53,999 | INFO  | DNAudit | user=null | ip=null | op=WRITE_CHUNK {blockData=conID: 1 locID: 102667710123278755 bcsId: 966} | ret=SUCCESS |  
2019-08-23 18:28:53,999 | INFO  | DNAudit | user=null | ip=null | op=WRITE_CHUNK {blockData=conID: 1 locID: 102667710123278755 bcsId: 966} | ret=SUCCESS |  
2019-08-23 18:28:54,001 | INFO  | DNAudit | user=null | ip=null | op=PUT_BLOCK {blockData=[blockId=conID: 1 locID: 102667710123278755 bcsId: 0,size=4194304]} | ret=SUCCESS |  
2019-08-23 18:28:54,001 | INFO  | DNAudit | user=null | ip=null | op=PUT_BLOCK {blockData=[blockId=conID: 1 locID: 102667710123278755 bcsId: 0,size=4194304]} | ret=SUCCESS |  
2019-08-23 18:28:54,001 [grpc-default-executor-0] INFO  client.GrpcClientProtocolClient (GrpcClientProtocolClient.java:onNext(255)) - client-19C32667576E->48affcab-e6e4-4602-963a-f6a50efbd54c: receive RaftClientReply:client-19C32667576E->48affcab-e6e4-4602-963a-f6a50efbd54c@group-50C56EAF5137, cid=763, SUCCESS, logIndex=0, commits[48affcab-e6e4-4602-963a-f6a50efbd54c:c972, 7e391b60-07ae-4d97-a027-4756e468c032:c970, c5f86d96-67df-4f25-bde3-316f439d30b3:c970]
2019-08-23 18:28:54,007 | INFO  | DNAudit | user=null | ip=null | op=WRITE_CHUNK {blockData=conID: 2 locID: 102667710123278756 bcsId: 0} | ret=SUCCESS |  
2019-08-23 18:28:54,010 | INFO  | DNAudit | user=null | ip=null | op=WRITE_CHUNK {blockData=conID: 2 locID: 102667710123278756 bcsId: 0} | ret=SUCCESS |  
2019-08-23 18:28:54,010 | INFO  | DNAudit | user=null | ip=null | op=WRITE_CHUNK {blockData=conID: 2 locID: 102667710123278756 bcsId: 0} | ret=SUCCESS |  
2019-08-23 18:28:54,010 | INFO  | DNAudit | user=null | ip=null | op=WRITE_CHUNK {blockData=conID: 2 locID: 102667710123278756 bcsId: 0} | ret=SUCCESS |  
2019-08-23 18:28:54,013 | INFO  | DNAudit | user=null | ip=null | op=WRITE_CHUNK {blockData=conID: 2 locID: 102667710123278756 bcsId: 0} | ret=SUCCESS |  
2019-08-23 18:28:54,013 | INFO  | DNAudit | user=null | ip=null | op=PUT_BLOCK {blockData=[blockId=conID: 2 locID: 102667710123278756 bcsId: 0,size=1048576]} | ret=SUCCESS |  
2019-08-23 18:28:54,013 | INFO  | DNAudit | user=null | ip=null | op=WRITE_CHUNK {blockData=conID: 2 locID: 102667710123278756 bcsId: 0} | ret=SUCCESS |  
2019-08-23 18:28:54,013 [grpc-default-executor-5] INFO  client.GrpcClientProtocolClient (GrpcClientProtocolClient.java:onNext(255)) - client-19C32667576E->48affcab-e6e4-4602-963a-f6a50efbd54c: receive RaftClientReply:client-19C32667576E->48affcab-e6e4-4602-963a-f6a50efbd54c@group-50C56EAF5137, cid=764, SUCCESS, logIndex=973, commits[48affcab-e6e4-4602-963a-f6a50efbd54c:c974, 7e391b60-07ae-4d97-a027-4756e468c032:c972, c5f86d96-67df-4f25-bde3-316f439d30b3:c972]
2019-08-23 18:28:54,014 | INFO  | DNAudit | user=null | ip=null | op=WRITE_CHUNK {blockData=conID: 2 locID: 102667710123278756 bcsId: 0} | ret=SUCCESS |  
2019-08-23 18:28:54,014 [grpc-default-executor-5] INFO  client.GrpcClientProtocolClient (GrpcClientProtocolClient.java:onNext(255)) - client-19C32667576E->48affcab-e6e4-4602-963a-f6a50efbd54c: receive RaftClientReply:client-19C32667576E->48affcab-e6e4-4602-963a-f6a50efbd54c@group-50C56EAF5137, cid=765, SUCCESS, logIndex=974, commits[48affcab-e6e4-4602-963a-f6a50efbd54c:c974, 7e391b60-07ae-4d97-a027-4756e468c032:c972, c5f86d96-67df-4f25-bde3-316f439d30b3:c972]
2019-08-23 18:28:54,025 | INFO  | DNAudit | user=null | ip=null | op=WRITE_CHUNK {blockData=conID: 2 locID: 102667710123278756 bcsId: 0} | ret=SUCCESS |  
2019-08-23 18:28:54,025 | INFO  | DNAudit | user=null | ip=null | op=WRITE_CHUNK {blockData=conID: 2 locID: 102667710123278756 bcsId: 0} | ret=SUCCESS |  
2019-08-23 18:28:54,025 | INFO  | DNAudit | user=null | ip=null | op=WRITE_CHUNK {blockData=conID: 2 locID: 102667710123278756 bcsId: 0} | ret=SUCCESS |  
2019-08-23 18:28:54,025 | INFO  | DNAudit | user=null | ip=null | op=PUT_BLOCK {blockData=[blockId=conID: 2 locID: 102667710123278756 bcsId: 0,size=1048576]} | ret=SUCCESS |  
2019-08-23 18:28:54,025 | INFO  | DNAudit | user=null | ip=null | op=PUT_BLOCK {blockData=[blockId=conID: 2 locID: 102667710123278756 bcsId: 0,size=1048576]} | ret=SUCCESS |  
2019-08-23 18:28:54,025 | INFO  | DNAudit | user=null | ip=null | op=PUT_BLOCK {blockData=[blockId=conID: 2 locID: 102667710123278756 bcsId: 0,size=2097152]} | ret=SUCCESS |  
2019-08-23 18:28:54,025 [grpc-default-executor-6] INFO  client.GrpcClientProtocolClient (GrpcClientProtocolClient.java:onNext(255)) - client-19C32667576E->48affcab-e6e4-4602-963a-f6a50efbd54c: receive RaftClientReply:client-19C32667576E->48affcab-e6e4-4602-963a-f6a50efbd54c@group-50C56EAF5137, cid=766, SUCCESS, logIndex=975, commits[48affcab-e6e4-4602-963a-f6a50efbd54c:c976, 7e391b60-07ae-4d97-a027-4756e468c032:c972, c5f86d96-67df-4f25-bde3-316f439d30b3:c972]
2019-08-23 18:28:54,026 [grpc-default-executor-6] INFO  client.GrpcClientProtocolClient (GrpcClientProtocolClient.java:onNext(255)) - client-19C32667576E->48affcab-e6e4-4602-963a-f6a50efbd54c: receive RaftClientReply:client-19C32667576E->48affcab-e6e4-4602-963a-f6a50efbd54c@group-50C56EAF5137, cid=767, SUCCESS, logIndex=976, commits[48affcab-e6e4-4602-963a-f6a50efbd54c:c977, 7e391b60-07ae-4d97-a027-4756e468c032:c974, c5f86d96-67df-4f25-bde3-316f439d30b3:c974]
2019-08-23 18:28:54,026 | INFO  | DNAudit | user=null | ip=null | op=WRITE_CHUNK {blockData=conID: 2 locID: 102667710123278756 bcsId: 0} | ret=SUCCESS |  
2019-08-23 18:28:54,026 | INFO  | DNAudit | user=null | ip=null | op=WRITE_CHUNK {blockData=conID: 2 locID: 102667710123278756 bcsId: 0} | ret=SUCCESS |  
2019-08-23 18:28:54,026 | INFO  | DNAudit | user=null | ip=null | op=PUT_BLOCK {blockData=[blockId=conID: 2 locID: 102667710123278756 bcsId: 0,size=2097152]} | ret=SUCCESS |  
2019-08-23 18:28:54,027 | INFO  | DNAudit | user=null | ip=null | op=PUT_BLOCK {blockData=[blockId=conID: 2 locID: 102667710123278756 bcsId: 0,size=2097152]} | ret=SUCCESS |  
2019-08-23 18:28:54,031 | INFO  | DNAudit | user=null | ip=null | op=WRITE_CHUNK {blockData=conID: 2 locID: 102667710123278756 bcsId: 976} | ret=SUCCESS |  
2019-08-23 18:28:54,034 | INFO  | DNAudit | user=null | ip=null | op=WRITE_CHUNK {blockData=conID: 2 locID: 102667710123278756 bcsId: 976} | ret=SUCCESS |  
2019-08-23 18:28:54,036 | INFO  | DNAudit | user=null | ip=null | op=WRITE_CHUNK {blockData=conID: 2 locID: 102667710123278756 bcsId: 976} | ret=SUCCESS |  
2019-08-23 18:28:54,044 | INFO  | DNAudit | user=null | ip=null | op=WRITE_CHUNK {blockData=conID: 2 locID: 102667710123278756 bcsId: 976} | ret=SUCCESS |  
2019-08-23 18:28:54,044 | INFO  | DNAudit | user=null | ip=null | op=PUT_BLOCK {blockData=[blockId=conID: 2 locID: 102667710123278756 bcsId: 0,size=3145728]} | ret=SUCCESS |  
2019-08-23 18:28:54,045 [grpc-default-executor-4] INFO  client.GrpcClientProtocolClient (GrpcClientProtocolClient.java:onNext(255)) - client-19C32667576E->48affcab-e6e4-4602-963a-f6a50efbd54c: receive RaftClientReply:client-19C32667576E->48affcab-e6e4-4602-963a-f6a50efbd54c@group-50C56EAF5137, cid=768, SUCCESS, logIndex=981, commits[48affcab-e6e4-4602-963a-f6a50efbd54c:c982, 7e391b60-07ae-4d97-a027-4756e468c032:c980, c5f86d96-67df-4f25-bde3-316f439d30b3:c980]
2019-08-23 18:28:54,045 [grpc-default-executor-4] INFO  client.GrpcClientProtocolClient (GrpcClientProtocolClient.java:onNext(255)) - client-19C32667576E->48affcab-e6e4-4602-963a-f6a50efbd54c: receive RaftClientReply:client-19C32667576E->48affcab-e6e4-4602-963a-f6a50efbd54c@group-50C56EAF5137, cid=769, SUCCESS, logIndex=982, commits[48affcab-e6e4-4602-963a-f6a50efbd54c:c982, 7e391b60-07ae-4d97-a027-4756e468c032:c980, c5f86d96-67df-4f25-bde3-316f439d30b3:c980]
2019-08-23 18:28:54,051 | INFO  | DNAudit | user=null | ip=null | op=WRITE_CHUNK {blockData=conID: 2 locID: 102667710123278756 bcsId: 982} | ret=SUCCESS |  
2019-08-23 18:28:54,053 | INFO  | DNAudit | user=null | ip=null | op=WRITE_CHUNK {blockData=conID: 2 locID: 102667710123278756 bcsId: 982} | ret=SUCCESS |  
2019-08-23 18:28:54,053 | INFO  | DNAudit | user=null | ip=null | op=WRITE_CHUNK {blockData=conID: 2 locID: 102667710123278756 bcsId: 982} | ret=SUCCESS |  
2019-08-23 18:28:54,055 | INFO  | DNAudit | user=null | ip=null | op=WRITE_CHUNK {blockData=conID: 2 locID: 102667710123278756 bcsId: 976} | ret=SUCCESS |  
2019-08-23 18:28:54,055 | INFO  | DNAudit | user=null | ip=null | op=WRITE_CHUNK {blockData=conID: 2 locID: 102667710123278756 bcsId: 976} | ret=SUCCESS |  
2019-08-23 18:28:54,056 | INFO  | DNAudit | user=null | ip=null | op=PUT_BLOCK {blockData=[blockId=conID: 2 locID: 102667710123278756 bcsId: 0,size=3145728]} | ret=SUCCESS |  
2019-08-23 18:28:54,056 | INFO  | DNAudit | user=null | ip=null | op=PUT_BLOCK {blockData=[blockId=conID: 2 locID: 102667710123278756 bcsId: 0,size=3145728]} | ret=SUCCESS |  
2019-08-23 18:28:54,057 | INFO  | DNAudit | user=null | ip=null | op=WRITE_CHUNK {blockData=conID: 2 locID: 102667710123278756 bcsId: 982} | ret=SUCCESS |  
2019-08-23 18:28:54,057 | INFO  | DNAudit | user=null | ip=null | op=PUT_BLOCK {blockData=[blockId=conID: 2 locID: 102667710123278756 bcsId: 0,size=4194304]} | ret=SUCCESS |  
2019-08-23 18:28:54,057 [grpc-default-executor-4] INFO  client.GrpcClientProtocolClient (GrpcClientProtocolClient.java:onNext(255)) - client-19C32667576E->48affcab-e6e4-4602-963a-f6a50efbd54c: receive RaftClientReply:client-19C32667576E->48affcab-e6e4-4602-963a-f6a50efbd54c@group-50C56EAF5137, cid=770, SUCCESS, logIndex=985, commits[48affcab-e6e4-4602-963a-f6a50efbd54c:c986, 7e391b60-07ae-4d97-a027-4756e468c032:c982, c5f86d96-67df-4f25-bde3-316f439d30b3:c982]
2019-08-23 18:28:54,058 [grpc-default-executor-4] INFO  client.GrpcClientProtocolClient (GrpcClientProtocolClient.java:onNext(255)) - client-19C32667576E->48affcab-e6e4-4602-963a-f6a50efbd54c: receive RaftClientReply:client-19C32667576E->48affcab-e6e4-4602-963a-f6a50efbd54c@group-50C56EAF5137, cid=771, SUCCESS, logIndex=986, commits[48affcab-e6e4-4602-963a-f6a50efbd54c:c986, 7e391b60-07ae-4d97-a027-4756e468c032:c982, c5f86d96-67df-4f25-bde3-316f439d30b3:c982]
2019-08-23 18:28:54,068 | INFO  | DNAudit | user=null | ip=null | op=WRITE_CHUNK {blockData=conID: 2 locID: 102667710123278756 bcsId: 982} | ret=SUCCESS |  
2019-08-23 18:28:54,068 | INFO  | DNAudit | user=null | ip=null | op=WRITE_CHUNK {blockData=conID: 2 locID: 102667710123278756 bcsId: 982} | ret=SUCCESS |  
2019-08-23 18:28:54,069 | INFO  | DNAudit | user=null | ip=null | op=PUT_BLOCK {blockData=[blockId=conID: 2 locID: 102667710123278756 bcsId: 0,size=4194304]} | ret=SUCCESS |  
2019-08-23 18:28:54,069 | INFO  | DNAudit | user=null | ip=null | op=PUT_BLOCK {blockData=[blockId=conID: 2 locID: 102667710123278756 bcsId: 0,size=4194304]} | ret=SUCCESS |  
2019-08-23 18:28:54,070 [grpc-default-executor-0] INFO  client.GrpcClientProtocolClient (GrpcClientProtocolClient.java:onNext(255)) - client-19C32667576E->48affcab-e6e4-4602-963a-f6a50efbd54c: receive RaftClientReply:client-19C32667576E->48affcab-e6e4-4602-963a-f6a50efbd54c@group-50C56EAF5137, cid=772, SUCCESS, logIndex=0, commits[48affcab-e6e4-4602-963a-f6a50efbd54c:c988, 7e391b60-07ae-4d97-a027-4756e468c032:c986, c5f86d96-67df-4f25-bde3-316f439d30b3:c986]
2019-08-23 18:28:54,076 | INFO  | DNAudit | user=null | ip=null | op=WRITE_CHUNK {blockData=conID: 3 locID: 102667710123344293 bcsId: 0} | ret=SUCCESS |  
2019-08-23 18:28:54,078 | INFO  | DNAudit | user=null | ip=null | op=WRITE_CHUNK {blockData=conID: 3 locID: 102667710123344293 bcsId: 0} | ret=SUCCESS |  
2019-08-23 18:28:54,078 | INFO  | DNAudit | user=null | ip=null | op=WRITE_CHUNK {blockData=conID: 3 locID: 102667710123344293 bcsId: 0} | ret=SUCCESS |  
2019-08-23 18:28:54,079 | INFO  | DNAudit | user=null | ip=null | op=WRITE_CHUNK {blockData=conID: 3 locID: 102667710123344293 bcsId: 0} | ret=SUCCESS |  
2019-08-23 18:28:54,081 | INFO  | DNAudit | user=null | ip=null | op=WRITE_CHUNK {blockData=conID: 3 locID: 102667710123344293 bcsId: 0} | ret=SUCCESS |  
2019-08-23 18:28:54,081 | INFO  | DNAudit | user=null | ip=null | op=WRITE_CHUNK {blockData=conID: 3 locID: 102667710123344293 bcsId: 0} | ret=SUCCESS |  
2019-08-23 18:28:54,081 | INFO  | DNAudit | user=null | ip=null | op=WRITE_CHUNK {blockData=conID: 3 locID: 102667710123344293 bcsId: 0} | ret=SUCCESS |  
2019-08-23 18:28:54,081 | INFO  | DNAudit | user=null | ip=null | op=PUT_BLOCK {blockData=[blockId=conID: 3 locID: 102667710123344293 bcsId: 0,size=1048576]} | ret=SUCCESS |  
2019-08-23 18:28:54,081 [grpc-default-executor-0] INFO  client.GrpcClientProtocolClient (GrpcClientProtocolClient.java:onNext(255)) - client-19C32667576E->48affcab-e6e4-4602-963a-f6a50efbd54c: receive RaftClientReply:client-19C32667576E->48affcab-e6e4-4602-963a-f6a50efbd54c@group-50C56EAF5137, cid=773, SUCCESS, logIndex=989, commits[48affcab-e6e4-4602-963a-f6a50efbd54c:c990, 7e391b60-07ae-4d97-a027-4756e468c032:c988, c5f86d96-67df-4f25-bde3-316f439d30b3:c986]
2019-08-23 18:28:54,082 [grpc-default-executor-0] INFO  client.GrpcClientProtocolClient (GrpcClientProtocolClient.java:onNext(255)) - client-19C32667576E->48affcab-e6e4-4602-963a-f6a50efbd54c: receive RaftClientReply:client-19C32667576E->48affcab-e6e4-4602-963a-f6a50efbd54c@group-50C56EAF5137, cid=774, SUCCESS, logIndex=990, commits[48affcab-e6e4-4602-963a-f6a50efbd54c:c990, 7e391b60-07ae-4d97-a027-4756e468c032:c988, c5f86d96-67df-4f25-bde3-316f439d30b3:c988]
2019-08-23 18:28:54,085 | INFO  | DNAudit | user=null | ip=null | op=WRITE_CHUNK {blockData=conID: 3 locID: 102667710123344293 bcsId: 0} | ret=SUCCESS |  
2019-08-23 18:28:54,085 | INFO  | DNAudit | user=null | ip=null | op=WRITE_CHUNK {blockData=conID: 3 locID: 102667710123344293 bcsId: 0} | ret=SUCCESS |  
2019-08-23 18:28:54,085 | INFO  | DNAudit | user=null | ip=null | op=WRITE_CHUNK {blockData=conID: 3 locID: 102667710123344293 bcsId: 0} | ret=SUCCESS |  
2019-08-23 18:28:54,086 | INFO  | DNAudit | user=null | ip=null | op=PUT_BLOCK {blockData=[blockId=conID: 3 locID: 102667710123344293 bcsId: 0,size=2097152]} | ret=SUCCESS |  
2019-08-23 18:28:54,086 | INFO  | DNAudit | user=null | ip=null | op=PUT_BLOCK {blockData=[blockId=conID: 3 locID: 102667710123344293 bcsId: 0,size=1048576]} | ret=SUCCESS |  
2019-08-23 18:28:54,086 | INFO  | DNAudit | user=null | ip=null | op=PUT_BLOCK {blockData=[blockId=conID: 3 locID: 102667710123344293 bcsId: 0,size=1048576]} | ret=SUCCESS |  
2019-08-23 18:28:54,086 [grpc-default-executor-4] INFO  client.GrpcClientProtocolClient (GrpcClientProtocolClient.java:onNext(255)) - client-19C32667576E->48affcab-e6e4-4602-963a-f6a50efbd54c: receive RaftClientReply:client-19C32667576E->48affcab-e6e4-4602-963a-f6a50efbd54c@group-50C56EAF5137, cid=775, SUCCESS, logIndex=991, commits[48affcab-e6e4-4602-963a-f6a50efbd54c:c994, 7e391b60-07ae-4d97-a027-4756e468c032:c990, c5f86d96-67df-4f25-bde3-316f439d30b3:c988]
2019-08-23 18:28:54,087 [grpc-default-executor-4] INFO  client.GrpcClientProtocolClient (GrpcClientProtocolClient.java:onNext(255)) - client-19C32667576E->48affcab-e6e4-4602-963a-f6a50efbd54c: receive RaftClientReply:client-19C32667576E->48affcab-e6e4-4602-963a-f6a50efbd54c@group-50C56EAF5137, cid=776, SUCCESS, logIndex=992, commits[48affcab-e6e4-4602-963a-f6a50efbd54c:c994, 7e391b60-07ae-4d97-a027-4756e468c032:c990, c5f86d96-67df-4f25-bde3-316f439d30b3:c990]
2019-08-23 18:28:54,088 | INFO  | DNAudit | user=null | ip=null | op=WRITE_CHUNK {blockData=conID: 3 locID: 102667710123344293 bcsId: 0} | ret=SUCCESS |  
2019-08-23 18:28:54,088 | INFO  | DNAudit | user=null | ip=null | op=WRITE_CHUNK {blockData=conID: 3 locID: 102667710123344293 bcsId: 0} | ret=SUCCESS |  
2019-08-23 18:28:54,088 | INFO  | DNAudit | user=null | ip=null | op=PUT_BLOCK {blockData=[blockId=conID: 3 locID: 102667710123344293 bcsId: 0,size=2097152]} | ret=SUCCESS |  
2019-08-23 18:28:54,090 | INFO  | DNAudit | user=null | ip=null | op=PUT_BLOCK {blockData=[blockId=conID: 3 locID: 102667710123344293 bcsId: 0,size=2097152]} | ret=SUCCESS |  
2019-08-23 18:28:54,095 | INFO  | DNAudit | user=null | ip=null | op=WRITE_CHUNK {blockData=conID: 3 locID: 102667710123344293 bcsId: 992} | ret=SUCCESS |  
2019-08-23 18:28:54,098 | INFO  | DNAudit | user=null | ip=null | op=WRITE_CHUNK {blockData=conID: 3 locID: 102667710123344293 bcsId: 992} | ret=SUCCESS |  
2019-08-23 18:28:54,098 | INFO  | DNAudit | user=null | ip=null | op=WRITE_CHUNK {blockData=conID: 3 locID: 102667710123344293 bcsId: 992} | ret=SUCCESS |  
2019-08-23 18:28:54,100 | INFO  | DNAudit | user=null | ip=null | op=WRITE_CHUNK {blockData=conID: 3 locID: 102667710123344293 bcsId: 992} | ret=SUCCESS |  
2019-08-23 18:28:54,101 | INFO  | DNAudit | user=null | ip=null | op=PUT_BLOCK {blockData=[blockId=conID: 3 locID: 102667710123344293 bcsId: 0,size=3145728]} | ret=SUCCESS |  
2019-08-23 18:28:54,101 [grpc-default-executor-4] INFO  client.GrpcClientProtocolClient (GrpcClientProtocolClient.java:onNext(255)) - client-19C32667576E->48affcab-e6e4-4602-963a-f6a50efbd54c: receive RaftClientReply:client-19C32667576E->48affcab-e6e4-4602-963a-f6a50efbd54c@group-50C56EAF5137, cid=777, SUCCESS, logIndex=997, commits[48affcab-e6e4-4602-963a-f6a50efbd54c:c998, 7e391b60-07ae-4d97-a027-4756e468c032:c996, c5f86d96-67df-4f25-bde3-316f439d30b3:c994]
2019-08-23 18:28:54,101 [grpc-default-executor-4] INFO  client.GrpcClientProtocolClient (GrpcClientProtocolClient.java:onNext(255)) - client-19C32667576E->48affcab-e6e4-4602-963a-f6a50efbd54c: receive RaftClientReply:client-19C32667576E->48affcab-e6e4-4602-963a-f6a50efbd54c@group-50C56EAF5137, cid=778, SUCCESS, logIndex=998, commits[48affcab-e6e4-4602-963a-f6a50efbd54c:c998, 7e391b60-07ae-4d97-a027-4756e468c032:c996, c5f86d96-67df-4f25-bde3-316f439d30b3:c996]
2019-08-23 18:28:54,101 | INFO  | DNAudit | user=null | ip=null | op=WRITE_CHUNK {blockData=conID: 3 locID: 102667710123344293 bcsId: 992} | ret=SUCCESS |  
2019-08-23 18:28:54,102 | INFO  | DNAudit | user=null | ip=null | op=WRITE_CHUNK {blockData=conID: 3 locID: 102667710123344293 bcsId: 992} | ret=SUCCESS |  
2019-08-23 18:28:54,102 | INFO  | DNAudit | user=null | ip=null | op=PUT_BLOCK {blockData=[blockId=conID: 3 locID: 102667710123344293 bcsId: 0,size=3145728]} | ret=SUCCESS |  
2019-08-23 18:28:54,104 | INFO  | DNAudit | user=null | ip=null | op=PUT_BLOCK {blockData=[blockId=conID: 3 locID: 102667710123344293 bcsId: 0,size=3145728]} | ret=SUCCESS |  
2019-08-23 18:28:54,107 | INFO  | DNAudit | user=null | ip=null | op=WRITE_CHUNK {blockData=conID: 3 locID: 102667710123344293 bcsId: 998} | ret=SUCCESS |  
2019-08-23 18:28:54,110 | INFO  | DNAudit | user=null | ip=null | op=WRITE_CHUNK {blockData=conID: 3 locID: 102667710123344293 bcsId: 998} | ret=SUCCESS |  
2019-08-23 18:28:54,110 | INFO  | DNAudit | user=null | ip=null | op=WRITE_CHUNK {blockData=conID: 3 locID: 102667710123344293 bcsId: 998} | ret=SUCCESS |  
2019-08-23 18:28:54,112 | INFO  | DNAudit | user=null | ip=null | op=WRITE_CHUNK {blockData=conID: 3 locID: 102667710123344293 bcsId: 998} | ret=SUCCESS |  
2019-08-23 18:28:54,113 | INFO  | DNAudit | user=null | ip=null | op=PUT_BLOCK {blockData=[blockId=conID: 3 locID: 102667710123344293 bcsId: 0,size=4194304]} | ret=SUCCESS |  
2019-08-23 18:28:54,113 [grpc-default-executor-0] INFO  client.GrpcClientProtocolClient (GrpcClientProtocolClient.java:onNext(255)) - client-19C32667576E->48affcab-e6e4-4602-963a-f6a50efbd54c: receive RaftClientReply:client-19C32667576E->48affcab-e6e4-4602-963a-f6a50efbd54c@group-50C56EAF5137, cid=779, SUCCESS, logIndex=1001, commits[48affcab-e6e4-4602-963a-f6a50efbd54c:c1002, 7e391b60-07ae-4d97-a027-4756e468c032:c998, c5f86d96-67df-4f25-bde3-316f439d30b3:c1000]
2019-08-23 18:28:54,114 [grpc-default-executor-0] INFO  client.GrpcClientProtocolClient (GrpcClientProtocolClient.java:onNext(255)) - client-19C32667576E->48affcab-e6e4-4602-963a-f6a50efbd54c: receive RaftClientReply:client-19C32667576E->48affcab-e6e4-4602-963a-f6a50efbd54c@group-50C56EAF5137, cid=780, SUCCESS, logIndex=1002, commits[48affcab-e6e4-4602-963a-f6a50efbd54c:c1002, 7e391b60-07ae-4d97-a027-4756e468c032:c1000, c5f86d96-67df-4f25-bde3-316f439d30b3:c1000]
2019-08-23 18:28:54,114 | INFO  | DNAudit | user=null | ip=null | op=WRITE_CHUNK {blockData=conID: 3 locID: 102667710123344293 bcsId: 998} | ret=SUCCESS |  
2019-08-23 18:28:54,114 | INFO  | DNAudit | user=null | ip=null | op=WRITE_CHUNK {blockData=conID: 3 locID: 102667710123344293 bcsId: 998} | ret=SUCCESS |  
2019-08-23 18:28:54,115 | INFO  | DNAudit | user=null | ip=null | op=PUT_BLOCK {blockData=[blockId=conID: 3 locID: 102667710123344293 bcsId: 0,size=4194304]} | ret=SUCCESS |  
2019-08-23 18:28:54,115 | INFO  | DNAudit | user=null | ip=null | op=PUT_BLOCK {blockData=[blockId=conID: 3 locID: 102667710123344293 bcsId: 0,size=4194304]} | ret=SUCCESS |  
2019-08-23 18:28:54,115 [grpc-default-executor-0] INFO  client.GrpcClientProtocolClient (GrpcClientProtocolClient.java:onNext(255)) - client-19C32667576E->48affcab-e6e4-4602-963a-f6a50efbd54c: receive RaftClientReply:client-19C32667576E->48affcab-e6e4-4602-963a-f6a50efbd54c@group-50C56EAF5137, cid=781, SUCCESS, logIndex=0, commits[48affcab-e6e4-4602-963a-f6a50efbd54c:c1003, 7e391b60-07ae-4d97-a027-4756e468c032:c1002, c5f86d96-67df-4f25-bde3-316f439d30b3:c1002]
2019-08-23 18:28:54,124 | INFO  | DNAudit | user=null | ip=null | op=WRITE_CHUNK {blockData=conID: 1 locID: 102667710123344294 bcsId: 0} | ret=SUCCESS |  
2019-08-23 18:28:54,125 | INFO  | DNAudit | user=null | ip=null | op=WRITE_CHUNK {blockData=conID: 1 locID: 102667710123344294 bcsId: 0} | ret=SUCCESS |  
2019-08-23 18:28:54,125 | INFO  | DNAudit | user=null | ip=null | op=WRITE_CHUNK {blockData=conID: 1 locID: 102667710123344294 bcsId: 0} | ret=SUCCESS |  
2019-08-23 18:28:54,126 | INFO  | DNAudit | user=null | ip=null | op=WRITE_CHUNK {blockData=conID: 1 locID: 102667710123344294 bcsId: 0} | ret=SUCCESS |  
2019-08-23 18:28:54,128 | INFO  | DNAudit | user=null | ip=null | op=WRITE_CHUNK {blockData=conID: 1 locID: 102667710123344294 bcsId: 0} | ret=SUCCESS |  
2019-08-23 18:28:54,128 | INFO  | DNAudit | user=null | ip=null | op=WRITE_CHUNK {blockData=conID: 1 locID: 102667710123344294 bcsId: 0} | ret=SUCCESS |  
2019-08-23 18:28:54,136 | INFO  | DNAudit | user=null | ip=null | op=WRITE_CHUNK {blockData=conID: 1 locID: 102667710123344294 bcsId: 0} | ret=SUCCESS |  
2019-08-23 18:28:54,137 | INFO  | DNAudit | user=null | ip=null | op=PUT_BLOCK {blockData=[blockId=conID: 1 locID: 102667710123344294 bcsId: 0,size=1048576]} | ret=SUCCESS |  
2019-08-23 18:28:54,137 [grpc-default-executor-6] INFO  client.GrpcClientProtocolClient (GrpcClientProtocolClient.java:onNext(255)) - client-19C32667576E->48affcab-e6e4-4602-963a-f6a50efbd54c: receive RaftClientReply:client-19C32667576E->48affcab-e6e4-4602-963a-f6a50efbd54c@group-50C56EAF5137, cid=782, SUCCESS, logIndex=1005, commits[48affcab-e6e4-4602-963a-f6a50efbd54c:c1006, 7e391b60-07ae-4d97-a027-4756e468c032:c1004, c5f86d96-67df-4f25-bde3-316f439d30b3:c1004]
2019-08-23 18:28:54,137 | INFO  | DNAudit | user=null | ip=null | op=WRITE_CHUNK {blockData=conID: 1 locID: 102667710123344294 bcsId: 0} | ret=SUCCESS |  
2019-08-23 18:28:54,137 [grpc-default-executor-6] INFO  client.GrpcClientProtocolClient (GrpcClientProtocolClient.java:onNext(255)) - client-19C32667576E->48affcab-e6e4-4602-963a-f6a50efbd54c: receive RaftClientReply:client-19C32667576E->48affcab-e6e4-4602-963a-f6a50efbd54c@group-50C56EAF5137, cid=783, SUCCESS, logIndex=1006, commits[48affcab-e6e4-4602-963a-f6a50efbd54c:c1006, 7e391b60-07ae-4d97-a027-4756e468c032:c1004, c5f86d96-67df-4f25-bde3-316f439d30b3:c1004]
2019-08-23 18:28:54,138 | INFO  | DNAudit | user=null | ip=null | op=PUT_BLOCK {blockData=[blockId=conID: 1 locID: 102667710123344294 bcsId: 0,size=2097152]} | ret=SUCCESS |  
2019-08-23 18:28:54,138 [grpc-default-executor-0] INFO  client.GrpcClientProtocolClient (GrpcClientProtocolClient.java:onNext(255)) - client-19C32667576E->48affcab-e6e4-4602-963a-f6a50efbd54c: receive RaftClientReply:client-19C32667576E->48affcab-e6e4-4602-963a-f6a50efbd54c@group-50C56EAF5137, cid=784, SUCCESS, logIndex=1007, commits[48affcab-e6e4-4602-963a-f6a50efbd54c:c1008, 7e391b60-07ae-4d97-a027-4756e468c032:c1004, c5f86d96-67df-4f25-bde3-316f439d30b3:c1004]
2019-08-23 18:28:54,139 | INFO  | DNAudit | user=null | ip=null | op=WRITE_CHUNK {blockData=conID: 1 locID: 102667710123344294 bcsId: 0} | ret=SUCCESS |  
2019-08-23 18:28:54,139 [grpc-default-executor-0] INFO  client.GrpcClientProtocolClient (GrpcClientProtocolClient.java:onNext(255)) - client-19C32667576E->48affcab-e6e4-4602-963a-f6a50efbd54c: receive RaftClientReply:client-19C32667576E->48affcab-e6e4-4602-963a-f6a50efbd54c@group-50C56EAF5137, cid=785, SUCCESS, logIndex=1008, commits[48affcab-e6e4-4602-963a-f6a50efbd54c:c1008, 7e391b60-07ae-4d97-a027-4756e468c032:c1004, c5f86d96-67df-4f25-bde3-316f439d30b3:c1004]
2019-08-23 18:28:54,139 | INFO  | DNAudit | user=null | ip=null | op=PUT_BLOCK {blockData=[blockId=conID: 1 locID: 102667710123344294 bcsId: 0,size=1048576]} | ret=SUCCESS |  
2019-08-23 18:28:54,139 | INFO  | DNAudit | user=null | ip=null | op=WRITE_CHUNK {blockData=conID: 1 locID: 102667710123344294 bcsId: 0} | ret=SUCCESS |  
2019-08-23 18:28:54,139 | INFO  | DNAudit | user=null | ip=null | op=PUT_BLOCK {blockData=[blockId=conID: 1 locID: 102667710123344294 bcsId: 0,size=1048576]} | ret=SUCCESS |  
2019-08-23 18:28:54,140 | INFO  | DNAudit | user=null | ip=null | op=WRITE_CHUNK {blockData=conID: 1 locID: 102667710123344294 bcsId: 0} | ret=SUCCESS |  
2019-08-23 18:28:54,140 | INFO  | DNAudit | user=null | ip=null | op=PUT_BLOCK {blockData=[blockId=conID: 1 locID: 102667710123344294 bcsId: 0,size=2097152]} | ret=SUCCESS |  
2019-08-23 18:28:54,140 [grpc-default-executor-0] INFO  client.GrpcClientProtocolClient (GrpcClientProtocolClient.java:onNext(255)) - client-19C32667576E->48affcab-e6e4-4602-963a-f6a50efbd54c: receive RaftClientReply:client-19C32667576E->48affcab-e6e4-4602-963a-f6a50efbd54c@group-50C56EAF5137, cid=786, SUCCESS, logIndex=0, commits[48affcab-e6e4-4602-963a-f6a50efbd54c:c1010, 7e391b60-07ae-4d97-a027-4756e468c032:c1006, c5f86d96-67df-4f25-bde3-316f439d30b3:c1006]
2019-08-23 18:28:54,140 | INFO  | DNAudit | user=null | ip=null | op=WRITE_CHUNK {blockData=conID: 1 locID: 102667710123344294 bcsId: 0} | ret=SUCCESS |  
2019-08-23 18:28:54,141 | INFO  | DNAudit | user=null | ip=null | op=PUT_BLOCK {blockData=[blockId=conID: 1 locID: 102667710123344294 bcsId: 0,size=2097152]} | ret=SUCCESS |  
2019-08-23 18:28:54,147 | INFO  | DNAudit | user=null | ip=null | op=WRITE_CHUNK {blockData=conID: 1 locID: 102667710123344294 bcsId: 1008} | ret=SUCCESS |  
2019-08-23 18:28:54,150 | INFO  | DNAudit | user=null | ip=null | op=WRITE_CHUNK {blockData=conID: 1 locID: 102667710123344294 bcsId: 1008} | ret=SUCCESS |  
2019-08-23 18:28:54,150 | INFO  | DNAudit | user=null | ip=null | op=WRITE_CHUNK {blockData=conID: 1 locID: 102667710123344294 bcsId: 1008} | ret=SUCCESS |  
2019-08-23 18:28:54,152 | INFO  | DNAudit | user=null | ip=null | op=WRITE_CHUNK {blockData=conID: 1 locID: 102667710123344294 bcsId: 1008} | ret=SUCCESS |  
2019-08-23 18:28:54,153 | INFO  | DNAudit | user=null | ip=null | op=PUT_BLOCK {blockData=[blockId=conID: 1 locID: 102667710123344294 bcsId: 0,size=3145728]} | ret=SUCCESS |  
2019-08-23 18:28:54,153 [grpc-default-executor-4] INFO  client.GrpcClientProtocolClient (GrpcClientProtocolClient.java:onNext(255)) - client-19C32667576E->48affcab-e6e4-4602-963a-f6a50efbd54c: receive RaftClientReply:client-19C32667576E->48affcab-e6e4-4602-963a-f6a50efbd54c@group-50C56EAF5137, cid=787, SUCCESS, logIndex=1013, commits[48affcab-e6e4-4602-963a-f6a50efbd54c:c1014, 7e391b60-07ae-4d97-a027-4756e468c032:c1008, c5f86d96-67df-4f25-bde3-316f439d30b3:c1012]
2019-08-23 18:28:54,154 [grpc-default-executor-4] INFO  client.GrpcClientProtocolClient (GrpcClientProtocolClient.java:onNext(255)) - client-19C32667576E->48affcab-e6e4-4602-963a-f6a50efbd54c: receive RaftClientReply:client-19C32667576E->48affcab-e6e4-4602-963a-f6a50efbd54c@group-50C56EAF5137, cid=788, SUCCESS, logIndex=1014, commits[48affcab-e6e4-4602-963a-f6a50efbd54c:c1014, 7e391b60-07ae-4d97-a027-4756e468c032:c1012, c5f86d96-67df-4f25-bde3-316f439d30b3:c1012]
2019-08-23 18:28:54,155 | INFO  | DNAudit | user=null | ip=null | op=WRITE_CHUNK {blockData=conID: 1 locID: 102667710123344294 bcsId: 1008} | ret=SUCCESS |  
2019-08-23 18:28:54,155 | INFO  | DNAudit | user=null | ip=null | op=WRITE_CHUNK {blockData=conID: 1 locID: 102667710123344294 bcsId: 1008} | ret=SUCCESS |  
2019-08-23 18:28:54,155 | INFO  | DNAudit | user=null | ip=null | op=PUT_BLOCK {blockData=[blockId=conID: 1 locID: 102667710123344294 bcsId: 0,size=3145728]} | ret=SUCCESS |  
2019-08-23 18:28:54,155 | INFO  | DNAudit | user=null | ip=null | op=PUT_BLOCK {blockData=[blockId=conID: 1 locID: 102667710123344294 bcsId: 0,size=3145728]} | ret=SUCCESS |  
2019-08-23 18:28:54,160 | INFO  | DNAudit | user=null | ip=null | op=WRITE_CHUNK {blockData=conID: 1 locID: 102667710123344294 bcsId: 1014} | ret=SUCCESS |  
2019-08-23 18:28:54,162 | INFO  | DNAudit | user=null | ip=null | op=WRITE_CHUNK {blockData=conID: 1 locID: 102667710123344294 bcsId: 1014} | ret=SUCCESS |  
2019-08-23 18:28:54,163 | INFO  | DNAudit | user=null | ip=null | op=WRITE_CHUNK {blockData=conID: 1 locID: 102667710123344294 bcsId: 1014} | ret=SUCCESS |  
2019-08-23 18:28:54,165 | INFO  | SCMAudit | user=jenkins1000 | ip=192.168.34.23 | op=SEND_HEARTBEAT {datanodeUUID=c83cddd0-22b5-491d-bff0-a36373498de2, command=[]} | ret=SUCCESS |  
2019-08-23 18:28:54,165 | INFO  | DNAudit | user=null | ip=null | op=WRITE_CHUNK {blockData=conID: 1 locID: 102667710123344294 bcsId: 1014} | ret=SUCCESS |  
2019-08-23 18:28:54,165 | INFO  | DNAudit | user=null | ip=null | op=PUT_BLOCK {blockData=[blockId=conID: 1 locID: 102667710123344294 bcsId: 0,size=4194304]} | ret=SUCCESS |  
2019-08-23 18:28:54,166 [grpc-default-executor-6] INFO  client.GrpcClientProtocolClient (GrpcClientProtocolClient.java:onNext(255)) - client-19C32667576E->48affcab-e6e4-4602-963a-f6a50efbd54c: receive RaftClientReply:client-19C32667576E->48affcab-e6e4-4602-963a-f6a50efbd54c@group-50C56EAF5137, cid=789, SUCCESS, logIndex=1017, commits[48affcab-e6e4-4602-963a-f6a50efbd54c:c1018, 7e391b60-07ae-4d97-a027-4756e468c032:c1016, c5f86d96-67df-4f25-bde3-316f439d30b3:c1014]
2019-08-23 18:28:54,166 [grpc-default-executor-6] INFO  client.GrpcClientProtocolClient (GrpcClientProtocolClient.java:onNext(255)) - client-19C32667576E->48affcab-e6e4-4602-963a-f6a50efbd54c: receive RaftClientReply:client-19C32667576E->48affcab-e6e4-4602-963a-f6a50efbd54c@group-50C56EAF5137, cid=790, SUCCESS, logIndex=1018, commits[48affcab-e6e4-4602-963a-f6a50efbd54c:c1018, 7e391b60-07ae-4d97-a027-4756e468c032:c1016, c5f86d96-67df-4f25-bde3-316f439d30b3:c1016]
2019-08-23 18:28:54,167 | INFO  | DNAudit | user=null | ip=null | op=WRITE_CHUNK {blockData=conID: 1 locID: 102667710123344294 bcsId: 1014} | ret=SUCCESS |  
2019-08-23 18:28:54,167 | INFO  | DNAudit | user=null | ip=null | op=WRITE_CHUNK {blockData=conID: 1 locID: 102667710123344294 bcsId: 1014} | ret=SUCCESS |  
2019-08-23 18:28:54,168 | INFO  | DNAudit | user=null | ip=null | op=PUT_BLOCK {blockData=[blockId=conID: 1 locID: 102667710123344294 bcsId: 0,size=4194304]} | ret=SUCCESS |  
2019-08-23 18:28:54,169 | INFO  | DNAudit | user=null | ip=null | op=PUT_BLOCK {blockData=[blockId=conID: 1 locID: 102667710123344294 bcsId: 0,size=4194304]} | ret=SUCCESS |  
2019-08-23 18:28:54,169 [grpc-default-executor-4] INFO  client.GrpcClientProtocolClient (GrpcClientProtocolClient.java:onNext(255)) - client-19C32667576E->48affcab-e6e4-4602-963a-f6a50efbd54c: receive RaftClientReply:client-19C32667576E->48affcab-e6e4-4602-963a-f6a50efbd54c@group-50C56EAF5137, cid=791, SUCCESS, logIndex=0, commits[48affcab-e6e4-4602-963a-f6a50efbd54c:c1019, 7e391b60-07ae-4d97-a027-4756e468c032:c1018, c5f86d96-67df-4f25-bde3-316f439d30b3:c1018]
2019-08-23 18:28:54,175 | INFO  | DNAudit | user=null | ip=null | op=WRITE_CHUNK {blockData=conID: 2 locID: 102667710123344295 bcsId: 0} | ret=SUCCESS |  
2019-08-23 18:28:54,178 | INFO  | DNAudit | user=null | ip=null | op=WRITE_CHUNK {blockData=conID: 2 locID: 102667710123344295 bcsId: 0} | ret=SUCCESS |  
2019-08-23 18:28:54,179 | INFO  | DNAudit | user=null | ip=null | op=WRITE_CHUNK {blockData=conID: 2 locID: 102667710123344295 bcsId: 0} | ret=SUCCESS |  
2019-08-23 18:28:54,180 | INFO  | DNAudit | user=null | ip=null | op=WRITE_CHUNK {blockData=conID: 2 locID: 102667710123344295 bcsId: 0} | ret=SUCCESS |  
2019-08-23 18:28:54,181 | INFO  | DNAudit | user=null | ip=null | op=WRITE_CHUNK {blockData=conID: 2 locID: 102667710123344295 bcsId: 0} | ret=SUCCESS |  
2019-08-23 18:28:54,181 | INFO  | DNAudit | user=null | ip=null | op=WRITE_CHUNK {blockData=conID: 2 locID: 102667710123344295 bcsId: 0} | ret=SUCCESS |  
2019-08-23 18:28:54,181 | INFO  | DNAudit | user=null | ip=null | op=WRITE_CHUNK {blockData=conID: 2 locID: 102667710123344295 bcsId: 0} | ret=SUCCESS |  
2019-08-23 18:28:54,181 | INFO  | DNAudit | user=null | ip=null | op=PUT_BLOCK {blockData=[blockId=conID: 2 locID: 102667710123344295 bcsId: 0,size=1048576]} | ret=SUCCESS |  
2019-08-23 18:28:54,182 [grpc-default-executor-4] INFO  client.GrpcClientProtocolClient (GrpcClientProtocolClient.java:onNext(255)) - client-19C32667576E->48affcab-e6e4-4602-963a-f6a50efbd54c: receive RaftClientReply:client-19C32667576E->48affcab-e6e4-4602-963a-f6a50efbd54c@group-50C56EAF5137, cid=792, SUCCESS, logIndex=1021, commits[48affcab-e6e4-4602-963a-f6a50efbd54c:c1022, 7e391b60-07ae-4d97-a027-4756e468c032:c1020, c5f86d96-67df-4f25-bde3-316f439d30b3:c1018]
2019-08-23 18:28:54,182 [grpc-default-executor-4] INFO  client.GrpcClientProtocolClient (GrpcClientProtocolClient.java:onNext(255)) - client-19C32667576E->48affcab-e6e4-4602-963a-f6a50efbd54c: receive RaftClientReply:client-19C32667576E->48affcab-e6e4-4602-963a-f6a50efbd54c@group-50C56EAF5137, cid=793, SUCCESS, logIndex=1022, commits[48affcab-e6e4-4602-963a-f6a50efbd54c:c1022, 7e391b60-07ae-4d97-a027-4756e468c032:c1020, c5f86d96-67df-4f25-bde3-316f439d30b3:c1020]
2019-08-23 18:28:54,183 | INFO  | DNAudit | user=null | ip=null | op=WRITE_CHUNK {blockData=conID: 2 locID: 102667710123344295 bcsId: 0} | ret=SUCCESS |  
2019-08-23 18:28:54,183 | INFO  | DNAudit | user=null | ip=null | op=WRITE_CHUNK {blockData=conID: 2 locID: 102667710123344295 bcsId: 0} | ret=SUCCESS |  
2019-08-23 18:28:54,183 | INFO  | DNAudit | user=null | ip=null | op=WRITE_CHUNK {blockData=conID: 2 locID: 102667710123344295 bcsId: 0} | ret=SUCCESS |  
2019-08-23 18:28:54,184 | INFO  | DNAudit | user=null | ip=null | op=PUT_BLOCK {blockData=[blockId=conID: 2 locID: 102667710123344295 bcsId: 0,size=1048576]} | ret=SUCCESS |  
2019-08-23 18:28:54,184 | INFO  | DNAudit | user=null | ip=null | op=PUT_BLOCK {blockData=[blockId=conID: 2 locID: 102667710123344295 bcsId: 0,size=2097152]} | ret=SUCCESS |  
2019-08-23 18:28:54,184 | INFO  | DNAudit | user=null | ip=null | op=PUT_BLOCK {blockData=[blockId=conID: 2 locID: 102667710123344295 bcsId: 0,size=1048576]} | ret=SUCCESS |  
2019-08-23 18:28:54,184 [grpc-default-executor-4] INFO  client.GrpcClientProtocolClient (GrpcClientProtocolClient.java:onNext(255)) - client-19C32667576E->48affcab-e6e4-4602-963a-f6a50efbd54c: receive RaftClientReply:client-19C32667576E->48affcab-e6e4-4602-963a-f6a50efbd54c@group-50C56EAF5137, cid=794, SUCCESS, logIndex=1023, commits[48affcab-e6e4-4602-963a-f6a50efbd54c:c1025, 7e391b60-07ae-4d97-a027-4756e468c032:c1022, c5f86d96-67df-4f25-bde3-316f439d30b3:c1020]
2019-08-23 18:28:54,184 [grpc-default-executor-4] INFO  client.GrpcClientProtocolClient (GrpcClientProtocolClient.java:onNext(255)) - client-19C32667576E->48affcab-e6e4-4602-963a-f6a50efbd54c: receive RaftClientReply:client-19C32667576E->48affcab-e6e4-4602-963a-f6a50efbd54c@group-50C56EAF5137, cid=795, SUCCESS, logIndex=1024, commits[48affcab-e6e4-4602-963a-f6a50efbd54c:c1026, 7e391b60-07ae-4d97-a027-4756e468c032:c1022, c5f86d96-67df-4f25-bde3-316f439d30b3:c1022]
2019-08-23 18:28:54,185 | INFO  | DNAudit | user=null | ip=null | op=WRITE_CHUNK {blockData=conID: 2 locID: 102667710123344295 bcsId: 0} | ret=SUCCESS |  
2019-08-23 18:28:54,186 | INFO  | DNAudit | user=null | ip=null | op=WRITE_CHUNK {blockData=conID: 2 locID: 102667710123344295 bcsId: 0} | ret=SUCCESS |  
2019-08-23 18:28:54,187 | INFO  | DNAudit | user=null | ip=null | op=PUT_BLOCK {blockData=[blockId=conID: 2 locID: 102667710123344295 bcsId: 0,size=2097152]} | ret=SUCCESS |  
2019-08-23 18:28:54,188 | INFO  | DNAudit | user=null | ip=null | op=PUT_BLOCK {blockData=[blockId=conID: 2 locID: 102667710123344295 bcsId: 0,size=2097152]} | ret=SUCCESS |  
2019-08-23 18:28:54,191 | INFO  | DNAudit | user=null | ip=null | op=WRITE_CHUNK {blockData=conID: 2 locID: 102667710123344295 bcsId: 1024} | ret=SUCCESS |  
2019-08-23 18:28:54,193 | INFO  | DNAudit | user=null | ip=null | op=WRITE_CHUNK {blockData=conID: 2 locID: 102667710123344295 bcsId: 1024} | ret=SUCCESS |  
2019-08-23 18:28:54,193 | INFO  | DNAudit | user=null | ip=null | op=WRITE_CHUNK {blockData=conID: 2 locID: 102667710123344295 bcsId: 1024} | ret=SUCCESS |  
2019-08-23 18:28:54,195 | INFO  | DNAudit | user=null | ip=null | op=WRITE_CHUNK {blockData=conID: 2 locID: 102667710123344295 bcsId: 1024} | ret=SUCCESS |  
2019-08-23 18:28:54,196 | INFO  | DNAudit | user=null | ip=null | op=PUT_BLOCK {blockData=[blockId=conID: 2 locID: 102667710123344295 bcsId: 0,size=3145728]} | ret=SUCCESS |  
2019-08-23 18:28:54,196 [grpc-default-executor-6] INFO  client.GrpcClientProtocolClient (GrpcClientProtocolClient.java:onNext(255)) - client-19C32667576E->48affcab-e6e4-4602-963a-f6a50efbd54c: receive RaftClientReply:client-19C32667576E->48affcab-e6e4-4602-963a-f6a50efbd54c@group-50C56EAF5137, cid=796, SUCCESS, logIndex=1029, commits[48affcab-e6e4-4602-963a-f6a50efbd54c:c1030, 7e391b60-07ae-4d97-a027-4756e468c032:c1028, c5f86d96-67df-4f25-bde3-316f439d30b3:c1028]
2019-08-23 18:28:54,197 [grpc-default-executor-6] INFO  client.GrpcClientProtocolClient (GrpcClientProtocolClient.java:onNext(255)) - client-19C32667576E->48affcab-e6e4-4602-963a-f6a50efbd54c: receive RaftClientReply:client-19C32667576E->48affcab-e6e4-4602-963a-f6a50efbd54c@group-50C56EAF5137, cid=797, SUCCESS, logIndex=1030, commits[48affcab-e6e4-4602-963a-f6a50efbd54c:c1030, 7e391b60-07ae-4d97-a027-4756e468c032:c1028, c5f86d96-67df-4f25-bde3-316f439d30b3:c1028]
2019-08-23 18:28:54,197 | INFO  | DNAudit | user=null | ip=null | op=WRITE_CHUNK {blockData=conID: 2 locID: 102667710123344295 bcsId: 1024} | ret=SUCCESS |  
2019-08-23 18:28:54,197 | INFO  | DNAudit | user=null | ip=null | op=WRITE_CHUNK {blockData=conID: 2 locID: 102667710123344295 bcsId: 1024} | ret=SUCCESS |  
2019-08-23 18:28:54,198 | INFO  | DNAudit | user=null | ip=null | op=PUT_BLOCK {blockData=[blockId=conID: 2 locID: 102667710123344295 bcsId: 0,size=3145728]} | ret=SUCCESS |  
2019-08-23 18:28:54,199 | INFO  | DNAudit | user=null | ip=null | op=PUT_BLOCK {blockData=[blockId=conID: 2 locID: 102667710123344295 bcsId: 0,size=3145728]} | ret=SUCCESS |  
2019-08-23 18:28:54,203 | INFO  | DNAudit | user=null | ip=null | op=WRITE_CHUNK {blockData=conID: 2 locID: 102667710123344295 bcsId: 1030} | ret=SUCCESS |  
2019-08-23 18:28:54,206 | INFO  | DNAudit | user=null | ip=null | op=WRITE_CHUNK {blockData=conID: 2 locID: 102667710123344295 bcsId: 1030} | ret=SUCCESS |  
2019-08-23 18:28:54,206 | INFO  | DNAudit | user=null | ip=null | op=WRITE_CHUNK {blockData=conID: 2 locID: 102667710123344295 bcsId: 1030} | ret=SUCCESS |  
2019-08-23 18:28:54,209 | INFO  | DNAudit | user=null | ip=null | op=WRITE_CHUNK {blockData=conID: 2 locID: 102667710123344295 bcsId: 1030} | ret=SUCCESS |  
2019-08-23 18:28:54,209 | INFO  | DNAudit | user=null | ip=null | op=PUT_BLOCK {blockData=[blockId=conID: 2 locID: 102667710123344295 bcsId: 0,size=4194304]} | ret=SUCCESS |  
2019-08-23 18:28:54,209 [grpc-default-executor-4] INFO  client.GrpcClientProtocolClient (GrpcClientProtocolClient.java:onNext(255)) - client-19C32667576E->48affcab-e6e4-4602-963a-f6a50efbd54c: receive RaftClientReply:client-19C32667576E->48affcab-e6e4-4602-963a-f6a50efbd54c@group-50C56EAF5137, cid=798, SUCCESS, logIndex=1033, commits[48affcab-e6e4-4602-963a-f6a50efbd54c:c1034, 7e391b60-07ae-4d97-a027-4756e468c032:c1032, c5f86d96-67df-4f25-bde3-316f439d30b3:c1032]
2019-08-23 18:28:54,210 [grpc-default-executor-4] INFO  client.GrpcClientProtocolClient (GrpcClientProtocolClient.java:onNext(255)) - client-19C32667576E->48affcab-e6e4-4602-963a-f6a50efbd54c: receive RaftClientReply:client-19C32667576E->48affcab-e6e4-4602-963a-f6a50efbd54c@group-50C56EAF5137, cid=799, SUCCESS, logIndex=1034, commits[48affcab-e6e4-4602-963a-f6a50efbd54c:c1034, 7e391b60-07ae-4d97-a027-4756e468c032:c1032, c5f86d96-67df-4f25-bde3-316f439d30b3:c1032]
2019-08-23 18:28:54,210 | INFO  | DNAudit | user=null | ip=null | op=WRITE_CHUNK {blockData=conID: 2 locID: 102667710123344295 bcsId: 1030} | ret=SUCCESS |  
2019-08-23 18:28:54,210 | INFO  | DNAudit | user=null | ip=null | op=WRITE_CHUNK {blockData=conID: 2 locID: 102667710123344295 bcsId: 1030} | ret=SUCCESS |  
2019-08-23 18:28:54,210 | INFO  | DNAudit | user=null | ip=null | op=PUT_BLOCK {blockData=[blockId=conID: 2 locID: 102667710123344295 bcsId: 0,size=4194304]} | ret=SUCCESS |  
2019-08-23 18:28:54,212 | INFO  | DNAudit | user=null | ip=null | op=PUT_BLOCK {blockData=[blockId=conID: 2 locID: 102667710123344295 bcsId: 0,size=4194304]} | ret=SUCCESS |  
2019-08-23 18:28:54,212 [grpc-default-executor-4] INFO  client.GrpcClientProtocolClient (GrpcClientProtocolClient.java:onNext(255)) - client-19C32667576E->48affcab-e6e4-4602-963a-f6a50efbd54c: receive RaftClientReply:client-19C32667576E->48affcab-e6e4-4602-963a-f6a50efbd54c@group-50C56EAF5137, cid=800, SUCCESS, logIndex=0, commits[48affcab-e6e4-4602-963a-f6a50efbd54c:c1036, 7e391b60-07ae-4d97-a027-4756e468c032:c1034, c5f86d96-67df-4f25-bde3-316f439d30b3:c1034]
2019-08-23 18:28:54,219 | INFO  | DNAudit | user=null | ip=null | op=WRITE_CHUNK {blockData=conID: 3 locID: 102667710123344296 bcsId: 0} | ret=SUCCESS |  
2019-08-23 18:28:54,221 | INFO  | DNAudit | user=null | ip=null | op=WRITE_CHUNK {blockData=conID: 3 locID: 102667710123344296 bcsId: 0} | ret=SUCCESS |  
2019-08-23 18:28:54,222 | INFO  | DNAudit | user=null | ip=null | op=WRITE_CHUNK {blockData=conID: 3 locID: 102667710123344296 bcsId: 0} | ret=SUCCESS |  
2019-08-23 18:28:54,222 | INFO  | DNAudit | user=null | ip=null | op=WRITE_CHUNK {blockData=conID: 3 locID: 102667710123344296 bcsId: 0} | ret=SUCCESS |  
2019-08-23 18:28:54,224 | INFO  | DNAudit | user=null | ip=null | op=WRITE_CHUNK {blockData=conID: 3 locID: 102667710123344296 bcsId: 0} | ret=SUCCESS |  
2019-08-23 18:28:54,224 | INFO  | DNAudit | user=null | ip=null | op=WRITE_CHUNK {blockData=conID: 3 locID: 102667710123344296 bcsId: 0} | ret=SUCCESS |  
2019-08-23 18:28:54,227 | INFO  | DNAudit | user=null | ip=null | op=WRITE_CHUNK {blockData=conID: 3 locID: 102667710123344296 bcsId: 0} | ret=SUCCESS |  
2019-08-23 18:28:54,227 | INFO  | DNAudit | user=null | ip=null | op=PUT_BLOCK {blockData=[blockId=conID: 3 locID: 102667710123344296 bcsId: 0,size=1048576]} | ret=SUCCESS |  
2019-08-23 18:28:54,227 [grpc-default-executor-6] INFO  client.GrpcClientProtocolClient (GrpcClientProtocolClient.java:onNext(255)) - client-19C32667576E->48affcab-e6e4-4602-963a-f6a50efbd54c: receive RaftClientReply:client-19C32667576E->48affcab-e6e4-4602-963a-f6a50efbd54c@group-50C56EAF5137, cid=801, SUCCESS, logIndex=1037, commits[48affcab-e6e4-4602-963a-f6a50efbd54c:c1038, 7e391b60-07ae-4d97-a027-4756e468c032:c1036, c5f86d96-67df-4f25-bde3-316f439d30b3:c1034]
2019-08-23 18:28:54,228 | INFO  | DNAudit | user=null | ip=null | op=WRITE_CHUNK {blockData=conID: 3 locID: 102667710123344296 bcsId: 0} | ret=SUCCESS |  
2019-08-23 18:28:54,228 [grpc-default-executor-6] INFO  client.GrpcClientProtocolClient (GrpcClientProtocolClient.java:onNext(255)) - client-19C32667576E->48affcab-e6e4-4602-963a-f6a50efbd54c: receive RaftClientReply:client-19C32667576E->48affcab-e6e4-4602-963a-f6a50efbd54c@group-50C56EAF5137, cid=802, SUCCESS, logIndex=1038, commits[48affcab-e6e4-4602-963a-f6a50efbd54c:c1038, 7e391b60-07ae-4d97-a027-4756e468c032:c1036, c5f86d96-67df-4f25-bde3-316f439d30b3:c1036]
2019-08-23 18:28:54,228 | INFO  | DNAudit | user=null | ip=null | op=PUT_BLOCK {blockData=[blockId=conID: 3 locID: 102667710123344296 bcsId: 0,size=2097152]} | ret=SUCCESS |  
2019-08-23 18:28:54,229 [grpc-default-executor-4] INFO  client.GrpcClientProtocolClient (GrpcClientProtocolClient.java:onNext(255)) - client-19C32667576E->48affcab-e6e4-4602-963a-f6a50efbd54c: receive RaftClientReply:client-19C32667576E->48affcab-e6e4-4602-963a-f6a50efbd54c@group-50C56EAF5137, cid=803, SUCCESS, logIndex=1039, commits[48affcab-e6e4-4602-963a-f6a50efbd54c:c1040, 7e391b60-07ae-4d97-a027-4756e468c032:c1036, c5f86d96-67df-4f25-bde3-316f439d30b3:c1036]
2019-08-23 18:28:54,229 | INFO  | DNAudit | user=null | ip=null | op=WRITE_CHUNK {blockData=conID: 3 locID: 102667710123344296 bcsId: 0} | ret=SUCCESS |  
2019-08-23 18:28:54,229 [grpc-default-executor-4] INFO  client.GrpcClientProtocolClient (GrpcClientProtocolClient.java:onNext(255)) - client-19C32667576E->48affcab-e6e4-4602-963a-f6a50efbd54c: receive RaftClientReply:client-19C32667576E->48affcab-e6e4-4602-963a-f6a50efbd54c@group-50C56EAF5137, cid=804, SUCCESS, logIndex=1040, commits[48affcab-e6e4-4602-963a-f6a50efbd54c:c1040, 7e391b60-07ae-4d97-a027-4756e468c032:c1036, c5f86d96-67df-4f25-bde3-316f439d30b3:c1036]
2019-08-23 18:28:54,229 | INFO  | DNAudit | user=null | ip=null | op=PUT_BLOCK {blockData=[blockId=conID: 3 locID: 102667710123344296 bcsId: 0,size=1048576]} | ret=SUCCESS |  
2019-08-23 18:28:54,230 | INFO  | DNAudit | user=null | ip=null | op=WRITE_CHUNK {blockData=conID: 3 locID: 102667710123344296 bcsId: 0} | ret=SUCCESS |  
2019-08-23 18:28:54,230 | INFO  | DNAudit | user=null | ip=null | op=PUT_BLOCK {blockData=[blockId=conID: 3 locID: 102667710123344296 bcsId: 0,size=1048576]} | ret=SUCCESS |  
2019-08-23 18:28:54,230 | INFO  | DNAudit | user=null | ip=null | op=WRITE_CHUNK {blockData=conID: 3 locID: 102667710123344296 bcsId: 0} | ret=SUCCESS |  
2019-08-23 18:28:54,230 | INFO  | DNAudit | user=null | ip=null | op=WRITE_CHUNK {blockData=conID: 3 locID: 102667710123344296 bcsId: 0} | ret=SUCCESS |  
2019-08-23 18:28:54,230 | INFO  | DNAudit | user=null | ip=null | op=PUT_BLOCK {blockData=[blockId=conID: 3 locID: 102667710123344296 bcsId: 0,size=2097152]} | ret=SUCCESS |  
2019-08-23 18:28:54,230 [grpc-default-executor-6] INFO  client.GrpcClientProtocolClient (GrpcClientProtocolClient.java:onNext(255)) - client-19C32667576E->48affcab-e6e4-4602-963a-f6a50efbd54c: receive RaftClientReply:client-19C32667576E->48affcab-e6e4-4602-963a-f6a50efbd54c@group-50C56EAF5137, cid=805, SUCCESS, logIndex=0, commits[48affcab-e6e4-4602-963a-f6a50efbd54c:c1042, 7e391b60-07ae-4d97-a027-4756e468c032:c1038, c5f86d96-67df-4f25-bde3-316f439d30b3:c1038]
2019-08-23 18:28:54,230 | INFO  | DNAudit | user=null | ip=null | op=PUT_BLOCK {blockData=[blockId=conID: 3 locID: 102667710123344296 bcsId: 0,size=2097152]} | ret=SUCCESS |  
2019-08-23 18:28:54,237 | INFO  | DNAudit | user=null | ip=null | op=WRITE_CHUNK {blockData=conID: 3 locID: 102667710123344296 bcsId: 1040} | ret=SUCCESS |  
2019-08-23 18:28:54,240 | INFO  | DNAudit | user=null | ip=null | op=WRITE_CHUNK {blockData=conID: 3 locID: 102667710123344296 bcsId: 1040} | ret=SUCCESS |  
2019-08-23 18:28:54,241 | INFO  | DNAudit | user=null | ip=null | op=WRITE_CHUNK {blockData=conID: 3 locID: 102667710123344296 bcsId: 1040} | ret=SUCCESS |  
2019-08-23 18:28:54,242 | INFO  | DNAudit | user=null | ip=null | op=WRITE_CHUNK {blockData=conID: 3 locID: 102667710123344296 bcsId: 1040} | ret=SUCCESS |  
2019-08-23 18:28:54,242 | INFO  | DNAudit | user=null | ip=null | op=PUT_BLOCK {blockData=[blockId=conID: 3 locID: 102667710123344296 bcsId: 0,size=3145728]} | ret=SUCCESS |  
2019-08-23 18:28:54,242 [grpc-default-executor-0] INFO  client.GrpcClientProtocolClient (GrpcClientProtocolClient.java:onNext(255)) - client-19C32667576E->48affcab-e6e4-4602-963a-f6a50efbd54c: receive RaftClientReply:client-19C32667576E->48affcab-e6e4-4602-963a-f6a50efbd54c@group-50C56EAF5137, cid=806, SUCCESS, logIndex=1045, commits[48affcab-e6e4-4602-963a-f6a50efbd54c:c1046, 7e391b60-07ae-4d97-a027-4756e468c032:c1040, c5f86d96-67df-4f25-bde3-316f439d30b3:c1044]
2019-08-23 18:28:54,243 [grpc-default-executor-0] INFO  client.GrpcClientProtocolClient (GrpcClientProtocolClient.java:onNext(255)) - client-19C32667576E->48affcab-e6e4-4602-963a-f6a50efbd54c: receive RaftClientReply:client-19C32667576E->48affcab-e6e4-4602-963a-f6a50efbd54c@group-50C56EAF5137, cid=807, SUCCESS, logIndex=1046, commits[48affcab-e6e4-4602-963a-f6a50efbd54c:c1046, 7e391b60-07ae-4d97-a027-4756e468c032:c1044, c5f86d96-67df-4f25-bde3-316f439d30b3:c1044]
2019-08-23 18:28:54,243 | INFO  | DNAudit | user=null | ip=null | op=WRITE_CHUNK {blockData=conID: 3 locID: 102667710123344296 bcsId: 1040} | ret=SUCCESS |  
2019-08-23 18:28:54,243 | INFO  | DNAudit | user=null | ip=null | op=WRITE_CHUNK {blockData=conID: 3 locID: 102667710123344296 bcsId: 1040} | ret=SUCCESS |  
2019-08-23 18:28:54,244 | INFO  | DNAudit | user=null | ip=null | op=PUT_BLOCK {blockData=[blockId=conID: 3 locID: 102667710123344296 bcsId: 0,size=3145728]} | ret=SUCCESS |  
2019-08-23 18:28:54,245 | INFO  | DNAudit | user=null | ip=null | op=PUT_BLOCK {blockData=[blockId=conID: 3 locID: 102667710123344296 bcsId: 0,size=3145728]} | ret=SUCCESS |  
2019-08-23 18:28:54,250 | INFO  | DNAudit | user=null | ip=null | op=WRITE_CHUNK {blockData=conID: 3 locID: 102667710123344296 bcsId: 1046} | ret=SUCCESS |  
2019-08-23 18:28:54,252 | INFO  | DNAudit | user=null | ip=null | op=WRITE_CHUNK {blockData=conID: 3 locID: 102667710123344296 bcsId: 1046} | ret=SUCCESS |  
2019-08-23 18:28:54,252 | INFO  | DNAudit | user=null | ip=null | op=WRITE_CHUNK {blockData=conID: 3 locID: 102667710123344296 bcsId: 1046} | ret=SUCCESS |  
2019-08-23 18:28:54,263 | INFO  | DNAudit | user=null | ip=null | op=WRITE_CHUNK {blockData=conID: 3 locID: 102667710123344296 bcsId: 1046} | ret=SUCCESS |  
2019-08-23 18:28:54,263 | INFO  | DNAudit | user=null | ip=null | op=PUT_BLOCK {blockData=[blockId=conID: 3 locID: 102667710123344296 bcsId: 0,size=4194304]} | ret=SUCCESS |  
2019-08-23 18:28:54,263 [grpc-default-executor-6] INFO  client.GrpcClientProtocolClient (GrpcClientProtocolClient.java:onNext(255)) - client-19C32667576E->48affcab-e6e4-4602-963a-f6a50efbd54c: receive RaftClientReply:client-19C32667576E->48affcab-e6e4-4602-963a-f6a50efbd54c@group-50C56EAF5137, cid=808, SUCCESS, logIndex=1049, commits[48affcab-e6e4-4602-963a-f6a50efbd54c:c1050, 7e391b60-07ae-4d97-a027-4756e468c032:c1048, c5f86d96-67df-4f25-bde3-316f439d30b3:c1048]
2019-08-23 18:28:54,264 [grpc-default-executor-6] INFO  client.GrpcClientProtocolClient (GrpcClientProtocolClient.java:onNext(255)) - client-19C32667576E->48affcab-e6e4-4602-963a-f6a50efbd54c: receive RaftClientReply:client-19C32667576E->48affcab-e6e4-4602-963a-f6a50efbd54c@group-50C56EAF5137, cid=809, SUCCESS, logIndex=1050, commits[48affcab-e6e4-4602-963a-f6a50efbd54c:c1050, 7e391b60-07ae-4d97-a027-4756e468c032:c1048, c5f86d96-67df-4f25-bde3-316f439d30b3:c1048]
 0.00% |█                                                                                                    |  0/1 Time: 0:00:022019-08-23 18:28:54,274 | INFO  | DNAudit | user=null | ip=null | op=WRITE_CHUNK {blockData=conID: 3 locID: 102667710123344296 bcsId: 1046} | ret=SUCCESS |  
2019-08-23 18:28:54,274 | INFO  | DNAudit | user=null | ip=null | op=WRITE_CHUNK {blockData=conID: 3 locID: 102667710123344296 bcsId: 1046} | ret=SUCCESS |  
2019-08-23 18:28:54,274 | INFO  | DNAudit | user=null | ip=null | op=PUT_BLOCK {blockData=[blockId=conID: 3 locID: 102667710123344296 bcsId: 0,size=4194304]} | ret=SUCCESS |  
2019-08-23 18:28:54,274 | INFO  | DNAudit | user=null | ip=null | op=PUT_BLOCK {blockData=[blockId=conID: 3 locID: 102667710123344296 bcsId: 0,size=4194304]} | ret=SUCCESS |  
2019-08-23 18:28:54,275 [grpc-default-executor-6] INFO  client.GrpcClientProtocolClient (GrpcClientProtocolClient.java:onNext(255)) - client-19C32667576E->48affcab-e6e4-4602-963a-f6a50efbd54c: receive RaftClientReply:client-19C32667576E->48affcab-e6e4-4602-963a-f6a50efbd54c@group-50C56EAF5137, cid=810, SUCCESS, logIndex=0, commits[48affcab-e6e4-4602-963a-f6a50efbd54c:c1051, 7e391b60-07ae-4d97-a027-4756e468c032:c1050, c5f86d96-67df-4f25-bde3-316f439d30b3:c1050]
2019-08-23 18:28:54,283 | INFO  | DNAudit | user=null | ip=null | op=WRITE_CHUNK {blockData=conID: 1 locID: 102667710123344297 bcsId: 0} | ret=SUCCESS |  
2019-08-23 18:28:54,285 | INFO  | DNAudit | user=null | ip=null | op=WRITE_CHUNK {blockData=conID: 1 locID: 102667710123344297 bcsId: 0} | ret=SUCCESS |  
2019-08-23 18:28:54,285 | INFO  | DNAudit | user=null | ip=null | op=WRITE_CHUNK {blockData=conID: 1 locID: 102667710123344297 bcsId: 0} | ret=SUCCESS |  
2019-08-23 18:28:54,286 | INFO  | DNAudit | user=null | ip=null | op=WRITE_CHUNK {blockData=conID: 1 locID: 102667710123344297 bcsId: 0} | ret=SUCCESS |  
2019-08-23 18:28:54,287 | INFO  | DNAudit | user=null | ip=null | op=WRITE_CHUNK {blockData=conID: 1 locID: 102667710123344297 bcsId: 0} | ret=SUCCESS |  
2019-08-23 18:28:54,287 | INFO  | DNAudit | user=null | ip=null | op=WRITE_CHUNK {blockData=conID: 1 locID: 102667710123344297 bcsId: 0} | ret=SUCCESS |  
2019-08-23 18:28:54,295 | INFO  | DNAudit | user=null | ip=null | op=WRITE_CHUNK {blockData=conID: 1 locID: 102667710123344297 bcsId: 0} | ret=SUCCESS |  
2019-08-23 18:28:54,295 | INFO  | DNAudit | user=null | ip=null | op=PUT_BLOCK {blockData=[blockId=conID: 1 locID: 102667710123344297 bcsId: 0,size=1048576]} | ret=SUCCESS |  
2019-08-23 18:28:54,296 | INFO  | DNAudit | user=null | ip=null | op=WRITE_CHUNK {blockData=conID: 1 locID: 102667710123344297 bcsId: 0} | ret=SUCCESS |  
2019-08-23 18:28:54,296 [grpc-default-executor-0] INFO  client.GrpcClientProtocolClient (GrpcClientProtocolClient.java:onNext(255)) - client-19C32667576E->48affcab-e6e4-4602-963a-f6a50efbd54c: receive RaftClientReply:client-19C32667576E->48affcab-e6e4-4602-963a-f6a50efbd54c@group-50C56EAF5137, cid=811, SUCCESS, logIndex=1053, commits[48affcab-e6e4-4602-963a-f6a50efbd54c:c1055, 7e391b60-07ae-4d97-a027-4756e468c032:c1052, c5f86d96-67df-4f25-bde3-316f439d30b3:c1052]
2019-08-23 18:28:54,296 | INFO  | DNAudit | user=null | ip=null | op=PUT_BLOCK {blockData=[blockId=conID: 1 locID: 102667710123344297 bcsId: 0,size=2097152]} | ret=SUCCESS |  
2019-08-23 18:28:54,296 [grpc-default-executor-0] INFO  client.GrpcClientProtocolClient (GrpcClientProtocolClient.java:onNext(255)) - client-19C32667576E->48affcab-e6e4-4602-963a-f6a50efbd54c: receive RaftClientReply:client-19C32667576E->48affcab-e6e4-4602-963a-f6a50efbd54c@group-50C56EAF5137, cid=812, SUCCESS, logIndex=1054, commits[48affcab-e6e4-4602-963a-f6a50efbd54c:c1056, 7e391b60-07ae-4d97-a027-4756e468c032:c1052, c5f86d96-67df-4f25-bde3-316f439d30b3:c1052]
2019-08-23 18:28:54,296 [grpc-default-executor-0] INFO  client.GrpcClientProtocolClient (GrpcClientProtocolClient.java:onNext(255)) - client-19C32667576E->48affcab-e6e4-4602-963a-f6a50efbd54c: receive RaftClientReply:client-19C32667576E->48affcab-e6e4-4602-963a-f6a50efbd54c@group-50C56EAF5137, cid=813, SUCCESS, logIndex=1055, commits[48affcab-e6e4-4602-963a-f6a50efbd54c:c1056, 7e391b60-07ae-4d97-a027-4756e468c032:c1052, c5f86d96-67df-4f25-bde3-316f439d30b3:c1052]
2019-08-23 18:28:54,296 [grpc-default-executor-0] INFO  client.GrpcClientProtocolClient (GrpcClientProtocolClient.java:onNext(255)) - client-19C32667576E->48affcab-e6e4-4602-963a-f6a50efbd54c: receive RaftClientReply:client-19C32667576E->48affcab-e6e4-4602-963a-f6a50efbd54c@group-50C56EAF5137, cid=814, SUCCESS, logIndex=1056, commits[48affcab-e6e4-4602-963a-f6a50efbd54c:c1056, 7e391b60-07ae-4d97-a027-4756e468c032:c1052, c5f86d96-67df-4f25-bde3-316f439d30b3:c1052]
2019-08-23 18:28:54,297 | INFO  | DNAudit | user=null | ip=null | op=WRITE_CHUNK {blockData=conID: 1 locID: 102667710123344297 bcsId: 0} | ret=SUCCESS |  
2019-08-23 18:28:54,297 | INFO  | DNAudit | user=null | ip=null | op=WRITE_CHUNK {blockData=conID: 1 locID: 102667710123344297 bcsId: 0} | ret=SUCCESS |  
2019-08-23 18:28:54,297 | INFO  | DNAudit | user=null | ip=null | op=PUT_BLOCK {blockData=[blockId=conID: 1 locID: 102667710123344297 bcsId: 0,size=1048576]} | ret=SUCCESS |  
2019-08-23 18:28:54,297 | INFO  | DNAudit | user=null | ip=null | op=WRITE_CHUNK {blockData=conID: 1 locID: 102667710123344297 bcsId: 0} | ret=SUCCESS |  
2019-08-23 18:28:54,298 | INFO  | DNAudit | user=null | ip=null | op=PUT_BLOCK {blockData=[blockId=conID: 1 locID: 102667710123344297 bcsId: 0,size=2097152]} | ret=SUCCESS |  
2019-08-23 18:28:54,298 | INFO  | DNAudit | user=null | ip=null | op=PUT_BLOCK {blockData=[blockId=conID: 1 locID: 102667710123344297 bcsId: 0,size=1048576]} | ret=SUCCESS |  
2019-08-23 18:28:54,298 | INFO  | DNAudit | user=null | ip=null | op=WRITE_CHUNK {blockData=conID: 1 locID: 102667710123344297 bcsId: 0} | ret=SUCCESS |  
2019-08-23 18:28:54,298 | INFO  | DNAudit | user=null | ip=null | op=PUT_BLOCK {blockData=[blockId=conID: 1 locID: 102667710123344297 bcsId: 0,size=2097152]} | ret=SUCCESS |  
2019-08-23 18:28:54,299 [grpc-default-executor-0] INFO  client.GrpcClientProtocolClient (GrpcClientProtocolClient.java:onNext(255)) - client-19C32667576E->48affcab-e6e4-4602-963a-f6a50efbd54c: receive RaftClientReply:client-19C32667576E->48affcab-e6e4-4602-963a-f6a50efbd54c@group-50C56EAF5137, cid=815, SUCCESS, logIndex=0, commits[48affcab-e6e4-4602-963a-f6a50efbd54c:c1060, 7e391b60-07ae-4d97-a027-4756e468c032:c1056, c5f86d96-67df-4f25-bde3-316f439d30b3:c1054]
2019-08-23 18:28:54,304 | INFO  | DNAudit | user=null | ip=null | op=WRITE_CHUNK {blockData=conID: 1 locID: 102667710123344297 bcsId: 1056} | ret=SUCCESS |  
2019-08-23 18:28:54,309 | INFO  | DNAudit | user=null | ip=null | op=WRITE_CHUNK {blockData=conID: 1 locID: 102667710123344297 bcsId: 1056} | ret=SUCCESS |  
2019-08-23 18:28:54,309 | INFO  | DNAudit | user=null | ip=null | op=WRITE_CHUNK {blockData=conID: 1 locID: 102667710123344297 bcsId: 1056} | ret=SUCCESS |  
2019-08-23 18:28:54,317 | INFO  | DNAudit | user=null | ip=null | op=WRITE_CHUNK {blockData=conID: 1 locID: 102667710123344297 bcsId: 1056} | ret=SUCCESS |  
2019-08-23 18:28:54,318 | INFO  | DNAudit | user=null | ip=null | op=PUT_BLOCK {blockData=[blockId=conID: 1 locID: 102667710123344297 bcsId: 0,size=3145728]} | ret=SUCCESS |  
2019-08-23 18:28:54,318 [grpc-default-executor-0] INFO  client.GrpcClientProtocolClient (GrpcClientProtocolClient.java:onNext(255)) - client-19C32667576E->48affcab-e6e4-4602-963a-f6a50efbd54c: receive RaftClientReply:client-19C32667576E->48affcab-e6e4-4602-963a-f6a50efbd54c@group-50C56EAF5137, cid=816, SUCCESS, logIndex=1061, commits[48affcab-e6e4-4602-963a-f6a50efbd54c:c1062, 7e391b60-07ae-4d97-a027-4756e468c032:c1060, c5f86d96-67df-4f25-bde3-316f439d30b3:c1060]
2019-08-23 18:28:54,318 [grpc-default-executor-0] INFO  client.GrpcClientProtocolClient (GrpcClientProtocolClient.java:onNext(255)) - client-19C32667576E->48affcab-e6e4-4602-963a-f6a50efbd54c: receive RaftClientReply:client-19C32667576E->48affcab-e6e4-4602-963a-f6a50efbd54c@group-50C56EAF5137, cid=817, SUCCESS, logIndex=1062, commits[48affcab-e6e4-4602-963a-f6a50efbd54c:c1062, 7e391b60-07ae-4d97-a027-4756e468c032:c1060, c5f86d96-67df-4f25-bde3-316f439d30b3:c1060]
2019-08-23 18:28:54,319 | INFO  | DNAudit | user=null | ip=null | op=WRITE_CHUNK {blockData=conID: 1 locID: 102667710123344297 bcsId: 1056} | ret=SUCCESS |  
2019-08-23 18:28:54,319 | INFO  | DNAudit | user=null | ip=null | op=WRITE_CHUNK {blockData=conID: 1 locID: 102667710123344297 bcsId: 1056} | ret=SUCCESS |  
2019-08-23 18:28:54,320 | INFO  | DNAudit | user=null | ip=null | op=PUT_BLOCK {blockData=[blockId=conID: 1 locID: 102667710123344297 bcsId: 0,size=3145728]} | ret=SUCCESS |  
2019-08-23 18:28:54,321 | INFO  | DNAudit | user=null | ip=null | op=PUT_BLOCK {blockData=[blockId=conID: 1 locID: 102667710123344297 bcsId: 0,size=3145728]} | ret=SUCCESS |  
2019-08-23 18:28:54,324 | INFO  | DNAudit | user=null | ip=null | op=WRITE_CHUNK {blockData=conID: 1 locID: 102667710123344297 bcsId: 1062} | ret=SUCCESS |  
2019-08-23 18:28:54,327 | INFO  | DNAudit | user=null | ip=null | op=WRITE_CHUNK {blockData=conID: 1 locID: 102667710123344297 bcsId: 1062} | ret=SUCCESS |  
2019-08-23 18:28:54,327 | INFO  | DNAudit | user=null | ip=null | op=WRITE_CHUNK {blockData=conID: 1 locID: 102667710123344297 bcsId: 1062} | ret=SUCCESS |  
2019-08-23 18:28:54,329 | INFO  | DNAudit | user=null | ip=null | op=WRITE_CHUNK {blockData=conID: 1 locID: 102667710123344297 bcsId: 1062} | ret=SUCCESS |  
2019-08-23 18:28:54,330 | INFO  | DNAudit | user=null | ip=null | op=PUT_BLOCK {blockData=[blockId=conID: 1 locID: 102667710123344297 bcsId: 0,size=4194304]} | ret=SUCCESS |  
2019-08-23 18:28:54,330 [grpc-default-executor-5] INFO  client.GrpcClientProtocolClient (GrpcClientProtocolClient.java:onNext(255)) - client-19C32667576E->48affcab-e6e4-4602-963a-f6a50efbd54c: receive RaftClientReply:client-19C32667576E->48affcab-e6e4-4602-963a-f6a50efbd54c@group-50C56EAF5137, cid=818, SUCCESS, logIndex=1065, commits[48affcab-e6e4-4602-963a-f6a50efbd54c:c1066, 7e391b60-07ae-4d97-a027-4756e468c032:c1062, c5f86d96-67df-4f25-bde3-316f439d30b3:c1064]
2019-08-23 18:28:54,330 [grpc-default-executor-5] INFO  client.GrpcClientProtocolClient (GrpcClientProtocolClient.java:onNext(255)) - client-19C32667576E->48affcab-e6e4-4602-963a-f6a50efbd54c: receive RaftClientReply:client-19C32667576E->48affcab-e6e4-4602-963a-f6a50efbd54c@group-50C56EAF5137, cid=819, SUCCESS, logIndex=1066, commits[48affcab-e6e4-4602-963a-f6a50efbd54c:c1066, 7e391b60-07ae-4d97-a027-4756e468c032:c1062, c5f86d96-67df-4f25-bde3-316f439d30b3:c1064]
2019-08-23 18:28:54,331 | INFO  | DNAudit | user=null | ip=null | op=WRITE_CHUNK {blockData=conID: 1 locID: 102667710123344297 bcsId: 1062} | ret=SUCCESS |  
2019-08-23 18:28:54,332 | INFO  | DNAudit | user=null | ip=null | op=WRITE_CHUNK {blockData=conID: 1 locID: 102667710123344297 bcsId: 1062} | ret=SUCCESS |  
2019-08-23 18:28:54,332 | INFO  | DNAudit | user=null | ip=null | op=PUT_BLOCK {blockData=[blockId=conID: 1 locID: 102667710123344297 bcsId: 0,size=4194304]} | ret=SUCCESS |  
2019-08-23 18:28:54,332 | INFO  | DNAudit | user=null | ip=null | op=PUT_BLOCK {blockData=[blockId=conID: 1 locID: 102667710123344297 bcsId: 0,size=4194304]} | ret=SUCCESS |  
2019-08-23 18:28:54,332 [grpc-default-executor-5] INFO  client.GrpcClientProtocolClient (GrpcClientProtocolClient.java:onNext(255)) - client-19C32667576E->48affcab-e6e4-4602-963a-f6a50efbd54c: receive RaftClientReply:client-19C32667576E->48affcab-e6e4-4602-963a-f6a50efbd54c@group-50C56EAF5137, cid=820, SUCCESS, logIndex=0, commits[48affcab-e6e4-4602-963a-f6a50efbd54c:c1068, 7e391b60-07ae-4d97-a027-4756e468c032:c1066, c5f86d96-67df-4f25-bde3-316f439d30b3:c1066]
2019-08-23 18:28:54,338 | INFO  | DNAudit | user=null | ip=null | op=WRITE_CHUNK {blockData=conID: 2 locID: 102667710123344298 bcsId: 0} | ret=SUCCESS |  
2019-08-23 18:28:54,341 | INFO  | DNAudit | user=null | ip=null | op=WRITE_CHUNK {blockData=conID: 2 locID: 102667710123344298 bcsId: 0} | ret=SUCCESS |  
2019-08-23 18:28:54,341 | INFO  | DNAudit | user=null | ip=null | op=WRITE_CHUNK {blockData=conID: 2 locID: 102667710123344298 bcsId: 0} | ret=SUCCESS |  
2019-08-23 18:28:54,341 | INFO  | DNAudit | user=null | ip=null | op=WRITE_CHUNK {blockData=conID: 2 locID: 102667710123344298 bcsId: 0} | ret=SUCCESS |  
2019-08-23 18:28:54,343 | INFO  | DNAudit | user=null | ip=null | op=WRITE_CHUNK {blockData=conID: 2 locID: 102667710123344298 bcsId: 0} | ret=SUCCESS |  
2019-08-23 18:28:54,344 | INFO  | DNAudit | user=null | ip=null | op=WRITE_CHUNK {blockData=conID: 2 locID: 102667710123344298 bcsId: 0} | ret=SUCCESS |  
2019-08-23 18:28:54,344 | INFO  | DNAudit | user=null | ip=null | op=WRITE_CHUNK {blockData=conID: 2 locID: 102667710123344298 bcsId: 0} | ret=SUCCESS |  
2019-08-23 18:28:54,344 | INFO  | DNAudit | user=null | ip=null | op=PUT_BLOCK {blockData=[blockId=conID: 2 locID: 102667710123344298 bcsId: 0,size=1048576]} | ret=SUCCESS |  
2019-08-23 18:28:54,344 [grpc-default-executor-5] INFO  client.GrpcClientProtocolClient (GrpcClientProtocolClient.java:onNext(255)) - client-19C32667576E->48affcab-e6e4-4602-963a-f6a50efbd54c: receive RaftClientReply:client-19C32667576E->48affcab-e6e4-4602-963a-f6a50efbd54c@group-50C56EAF5137, cid=821, SUCCESS, logIndex=1069, commits[48affcab-e6e4-4602-963a-f6a50efbd54c:c1070, 7e391b60-07ae-4d97-a027-4756e468c032:c1068, c5f86d96-67df-4f25-bde3-316f439d30b3:c1066]
2019-08-23 18:28:54,345 | INFO  | DNAudit | user=null | ip=null | op=WRITE_CHUNK {blockData=conID: 2 locID: 102667710123344298 bcsId: 0} | ret=SUCCESS |  
2019-08-23 18:28:54,345 [grpc-default-executor-5] INFO  client.GrpcClientProtocolClient (GrpcClientProtocolClient.java:onNext(255)) - client-19C32667576E->48affcab-e6e4-4602-963a-f6a50efbd54c: receive RaftClientReply:client-19C32667576E->48affcab-e6e4-4602-963a-f6a50efbd54c@group-50C56EAF5137, cid=822, SUCCESS, logIndex=1070, commits[48affcab-e6e4-4602-963a-f6a50efbd54c:c1070, 7e391b60-07ae-4d97-a027-4756e468c032:c1068, c5f86d96-67df-4f25-bde3-316f439d30b3:c1066]
2019-08-23 18:28:54,345 | INFO  | DNAudit | user=null | ip=null | op=WRITE_CHUNK {blockData=conID: 2 locID: 102667710123344298 bcsId: 0} | ret=SUCCESS |  
2019-08-23 18:28:54,345 | INFO  | DNAudit | user=null | ip=null | op=PUT_BLOCK {blockData=[blockId=conID: 2 locID: 102667710123344298 bcsId: 0,size=1048576]} | ret=SUCCESS |  
2019-08-23 18:28:54,345 | INFO  | DNAudit | user=null | ip=null | op=PUT_BLOCK {blockData=[blockId=conID: 2 locID: 102667710123344298 bcsId: 0,size=2097152]} | ret=SUCCESS |  
2019-08-23 18:28:54,346 [grpc-default-executor-4] INFO  client.GrpcClientProtocolClient (GrpcClientProtocolClient.java:onNext(255)) - client-19C32667576E->48affcab-e6e4-4602-963a-f6a50efbd54c: receive RaftClientReply:client-19C32667576E->48affcab-e6e4-4602-963a-f6a50efbd54c@group-50C56EAF5137, cid=823, SUCCESS, logIndex=1071, commits[48affcab-e6e4-4602-963a-f6a50efbd54c:c1074, 7e391b60-07ae-4d97-a027-4756e468c032:c1070, c5f86d96-67df-4f25-bde3-316f439d30b3:c1068]
2019-08-23 18:28:54,346 | INFO  | DNAudit | user=null | ip=null | op=WRITE_CHUNK {blockData=conID: 2 locID: 102667710123344298 bcsId: 0} | ret=SUCCESS |  
2019-08-23 18:28:54,346 | INFO  | DNAudit | user=null | ip=null | op=PUT_BLOCK {blockData=[blockId=conID: 2 locID: 102667710123344298 bcsId: 0,size=1048576]} | ret=SUCCESS |  
2019-08-23 18:28:54,346 [grpc-default-executor-4] INFO  client.GrpcClientProtocolClient (GrpcClientProtocolClient.java:onNext(255)) - client-19C32667576E->48affcab-e6e4-4602-963a-f6a50efbd54c: receive RaftClientReply:client-19C32667576E->48affcab-e6e4-4602-963a-f6a50efbd54c@group-50C56EAF5137, cid=824, SUCCESS, logIndex=1072, commits[48affcab-e6e4-4602-963a-f6a50efbd54c:c1074, 7e391b60-07ae-4d97-a027-4756e468c032:c1070, c5f86d96-67df-4f25-bde3-316f439d30b3:c1068]
2019-08-23 18:28:54,347 | INFO  | DNAudit | user=null | ip=null | op=WRITE_CHUNK {blockData=conID: 2 locID: 102667710123344298 bcsId: 0} | ret=SUCCESS |  
2019-08-23 18:28:54,347 | INFO  | DNAudit | user=null | ip=null | op=PUT_BLOCK {blockData=[blockId=conID: 2 locID: 102667710123344298 bcsId: 0,size=2097152]} | ret=SUCCESS |  
2019-08-23 18:28:54,347 [grpc-default-executor-4] INFO  client.GrpcClientProtocolClient (GrpcClientProtocolClient.java:onNext(255)) - client-19C32667576E->48affcab-e6e4-4602-963a-f6a50efbd54c: receive RaftClientReply:client-19C32667576E->48affcab-e6e4-4602-963a-f6a50efbd54c@group-50C56EAF5137, cid=825, SUCCESS, logIndex=0, commits[48affcab-e6e4-4602-963a-f6a50efbd54c:c1075, 7e391b60-07ae-4d97-a027-4756e468c032:c1072, c5f86d96-67df-4f25-bde3-316f439d30b3:c1070]
2019-08-23 18:28:54,348 | INFO  | DNAudit | user=null | ip=null | op=WRITE_CHUNK {blockData=conID: 2 locID: 102667710123344298 bcsId: 0} | ret=SUCCESS |  
2019-08-23 18:28:54,348 | INFO  | DNAudit | user=null | ip=null | op=PUT_BLOCK {blockData=[blockId=conID: 2 locID: 102667710123344298 bcsId: 0,size=2097152]} | ret=SUCCESS |  
2019-08-23 18:28:54,353 | INFO  | DNAudit | user=null | ip=null | op=WRITE_CHUNK {blockData=conID: 2 locID: 102667710123344298 bcsId: 1072} | ret=SUCCESS |  
2019-08-23 18:28:54,356 | INFO  | DNAudit | user=null | ip=null | op=WRITE_CHUNK {blockData=conID: 2 locID: 102667710123344298 bcsId: 1072} | ret=SUCCESS |  
2019-08-23 18:28:54,357 | INFO  | DNAudit | user=null | ip=null | op=WRITE_CHUNK {blockData=conID: 2 locID: 102667710123344298 bcsId: 1072} | ret=SUCCESS |  
2019-08-23 18:28:54,359 | INFO  | DNAudit | user=null | ip=null | op=WRITE_CHUNK {blockData=conID: 2 locID: 102667710123344298 bcsId: 1072} | ret=SUCCESS |  
2019-08-23 18:28:54,359 | INFO  | DNAudit | user=null | ip=null | op=PUT_BLOCK {blockData=[blockId=conID: 2 locID: 102667710123344298 bcsId: 0,size=3145728]} | ret=SUCCESS |  
2019-08-23 18:28:54,359 [grpc-default-executor-5] INFO  client.GrpcClientProtocolClient (GrpcClientProtocolClient.java:onNext(255)) - client-19C32667576E->48affcab-e6e4-4602-963a-f6a50efbd54c: receive RaftClientReply:client-19C32667576E->48affcab-e6e4-4602-963a-f6a50efbd54c@group-50C56EAF5137, cid=826, SUCCESS, logIndex=1077, commits[48affcab-e6e4-4602-963a-f6a50efbd54c:c1078, 7e391b60-07ae-4d97-a027-4756e468c032:c1076, c5f86d96-67df-4f25-bde3-316f439d30b3:c1076]
2019-08-23 18:28:54,360 [grpc-default-executor-5] INFO  client.GrpcClientProtocolClient (GrpcClientProtocolClient.java:onNext(255)) - client-19C32667576E->48affcab-e6e4-4602-963a-f6a50efbd54c: receive RaftClientReply:client-19C32667576E->48affcab-e6e4-4602-963a-f6a50efbd54c@group-50C56EAF5137, cid=827, SUCCESS, logIndex=1078, commits[48affcab-e6e4-4602-963a-f6a50efbd54c:c1078, 7e391b60-07ae-4d97-a027-4756e468c032:c1076, c5f86d96-67df-4f25-bde3-316f439d30b3:c1076]
2019-08-23 18:28:54,361 | INFO  | DNAudit | user=null | ip=null | op=WRITE_CHUNK {blockData=conID: 2 locID: 102667710123344298 bcsId: 1072} | ret=SUCCESS |  
2019-08-23 18:28:54,361 | INFO  | DNAudit | user=null | ip=null | op=WRITE_CHUNK {blockData=conID: 2 locID: 102667710123344298 bcsId: 1072} | ret=SUCCESS |  
2019-08-23 18:28:54,362 | INFO  | DNAudit | user=null | ip=null | op=PUT_BLOCK {blockData=[blockId=conID: 2 locID: 102667710123344298 bcsId: 0,size=3145728]} | ret=SUCCESS |  
2019-08-23 18:28:54,362 | INFO  | DNAudit | user=null | ip=null | op=PUT_BLOCK {blockData=[blockId=conID: 2 locID: 102667710123344298 bcsId: 0,size=3145728]} | ret=SUCCESS |  
2019-08-23 18:28:54,366 | INFO  | DNAudit | user=null | ip=null | op=WRITE_CHUNK {blockData=conID: 2 locID: 102667710123344298 bcsId: 1078} | ret=SUCCESS |  
2019-08-23 18:28:54,369 | INFO  | DNAudit | user=null | ip=null | op=WRITE_CHUNK {blockData=conID: 2 locID: 102667710123344298 bcsId: 1078} | ret=SUCCESS |  
2019-08-23 18:28:54,369 | INFO  | DNAudit | user=null | ip=null | op=WRITE_CHUNK {blockData=conID: 2 locID: 102667710123344298 bcsId: 1078} | ret=SUCCESS |  
2019-08-23 18:28:54,370 | INFO  | DNAudit | user=null | ip=null | op=WRITE_CHUNK {blockData=conID: 2 locID: 102667710123344298 bcsId: 1078} | ret=SUCCESS |  
2019-08-23 18:28:54,371 | INFO  | DNAudit | user=null | ip=null | op=PUT_BLOCK {blockData=[blockId=conID: 2 locID: 102667710123344298 bcsId: 0,size=4194304]} | ret=SUCCESS |  
2019-08-23 18:28:54,371 [grpc-default-executor-0] INFO  client.GrpcClientProtocolClient (GrpcClientProtocolClient.java:onNext(255)) - client-19C32667576E->48affcab-e6e4-4602-963a-f6a50efbd54c: receive RaftClientReply:client-19C32667576E->48affcab-e6e4-4602-963a-f6a50efbd54c@group-50C56EAF5137, cid=828, SUCCESS, logIndex=1081, commits[48affcab-e6e4-4602-963a-f6a50efbd54c:c1082, 7e391b60-07ae-4d97-a027-4756e468c032:c1078, c5f86d96-67df-4f25-bde3-316f439d30b3:c1080]
2019-08-23 18:28:54,372 [grpc-default-executor-0] INFO  client.GrpcClientProtocolClient (GrpcClientProtocolClient.java:onNext(255)) - client-19C32667576E->48affcab-e6e4-4602-963a-f6a50efbd54c: receive RaftClientReply:client-19C32667576E->48affcab-e6e4-4602-963a-f6a50efbd54c@group-50C56EAF5137, cid=829, SUCCESS, logIndex=1082, commits[48affcab-e6e4-4602-963a-f6a50efbd54c:c1082, 7e391b60-07ae-4d97-a027-4756e468c032:c1080, c5f86d96-67df-4f25-bde3-316f439d30b3:c1080]
2019-08-23 18:28:54,374 | INFO  | DNAudit | user=null | ip=null | op=WRITE_CHUNK {blockData=conID: 2 locID: 102667710123344298 bcsId: 1078} | ret=SUCCESS |  
2019-08-23 18:28:54,374 | INFO  | DNAudit | user=null | ip=null | op=WRITE_CHUNK {blockData=conID: 2 locID: 102667710123344298 bcsId: 1078} | ret=SUCCESS |  
2019-08-23 18:28:54,374 | INFO  | DNAudit | user=null | ip=null | op=PUT_BLOCK {blockData=[blockId=conID: 2 locID: 102667710123344298 bcsId: 0,size=4194304]} | ret=SUCCESS |  
2019-08-23 18:28:54,375 | INFO  | DNAudit | user=null | ip=null | op=PUT_BLOCK {blockData=[blockId=conID: 2 locID: 102667710123344298 bcsId: 0,size=4194304]} | ret=SUCCESS |  
2019-08-23 18:28:54,375 [grpc-default-executor-0] INFO  client.GrpcClientProtocolClient (GrpcClientProtocolClient.java:onNext(255)) - client-19C32667576E->48affcab-e6e4-4602-963a-f6a50efbd54c: receive RaftClientReply:client-19C32667576E->48affcab-e6e4-4602-963a-f6a50efbd54c@group-50C56EAF5137, cid=830, SUCCESS, logIndex=0, commits[48affcab-e6e4-4602-963a-f6a50efbd54c:c1083, 7e391b60-07ae-4d97-a027-4756e468c032:c1082, c5f86d96-67df-4f25-bde3-316f439d30b3:c1082]
2019-08-23 18:28:54,381 | INFO  | DNAudit | user=null | ip=null | op=WRITE_CHUNK {blockData=conID: 3 locID: 102667710123344299 bcsId: 0} | ret=SUCCESS |  
2019-08-23 18:28:54,384 | INFO  | DNAudit | user=null | ip=null | op=WRITE_CHUNK {blockData=conID: 3 locID: 102667710123344299 bcsId: 0} | ret=SUCCESS |  
2019-08-23 18:28:54,384 | INFO  | DNAudit | user=null | ip=null | op=WRITE_CHUNK {blockData=conID: 3 locID: 102667710123344299 bcsId: 0} | ret=SUCCESS |  
2019-08-23 18:28:54,384 | INFO  | DNAudit | user=null | ip=null | op=WRITE_CHUNK {blockData=conID: 3 locID: 102667710123344299 bcsId: 0} | ret=SUCCESS |  
2019-08-23 18:28:54,386 | INFO  | DNAudit | user=null | ip=null | op=WRITE_CHUNK {blockData=conID: 3 locID: 102667710123344299 bcsId: 0} | ret=SUCCESS |  
2019-08-23 18:28:54,386 | INFO  | DNAudit | user=null | ip=null | op=WRITE_CHUNK {blockData=conID: 3 locID: 102667710123344299 bcsId: 0} | ret=SUCCESS |  
2019-08-23 18:28:54,386 | INFO  | DNAudit | user=null | ip=null | op=WRITE_CHUNK {blockData=conID: 3 locID: 102667710123344299 bcsId: 0} | ret=SUCCESS |  
2019-08-23 18:28:54,387 | INFO  | DNAudit | user=null | ip=null | op=PUT_BLOCK {blockData=[blockId=conID: 3 locID: 102667710123344299 bcsId: 0,size=1048576]} | ret=SUCCESS |  
2019-08-23 18:28:54,387 [grpc-default-executor-4] INFO  client.GrpcClientProtocolClient (GrpcClientProtocolClient.java:onNext(255)) - client-19C32667576E->48affcab-e6e4-4602-963a-f6a50efbd54c: receive RaftClientReply:client-19C32667576E->48affcab-e6e4-4602-963a-f6a50efbd54c@group-50C56EAF5137, cid=831, SUCCESS, logIndex=1085, commits[48affcab-e6e4-4602-963a-f6a50efbd54c:c1086, 7e391b60-07ae-4d97-a027-4756e468c032:c1082, c5f86d96-67df-4f25-bde3-316f439d30b3:c1084]
2019-08-23 18:28:54,387 [grpc-default-executor-4] INFO  client.GrpcClientProtocolClient (GrpcClientProtocolClient.java:onNext(255)) - client-19C32667576E->48affcab-e6e4-4602-963a-f6a50efbd54c: receive RaftClientReply:client-19C32667576E->48affcab-e6e4-4602-963a-f6a50efbd54c@group-50C56EAF5137, cid=832, SUCCESS, logIndex=1086, commits[48affcab-e6e4-4602-963a-f6a50efbd54c:c1086, 7e391b60-07ae-4d97-a027-4756e468c032:c1084, c5f86d96-67df-4f25-bde3-316f439d30b3:c1084]
2019-08-23 18:28:54,388 | INFO  | DNAudit | user=null | ip=null | op=WRITE_CHUNK {blockData=conID: 3 locID: 102667710123344299 bcsId: 0} | ret=SUCCESS |  
2019-08-23 18:28:54,388 | INFO  | DNAudit | user=null | ip=null | op=PUT_BLOCK {blockData=[blockId=conID: 3 locID: 102667710123344299 bcsId: 0,size=2097152]} | ret=SUCCESS |  
2019-08-23 18:28:54,388 [grpc-default-executor-0] INFO  client.GrpcClientProtocolClient (GrpcClientProtocolClient.java:onNext(255)) - client-19C32667576E->48affcab-e6e4-4602-963a-f6a50efbd54c: receive RaftClientReply:client-19C32667576E->48affcab-e6e4-4602-963a-f6a50efbd54c@group-50C56EAF5137, cid=833, SUCCESS, logIndex=1087, commits[48affcab-e6e4-4602-963a-f6a50efbd54c:c1088, 7e391b60-07ae-4d97-a027-4756e468c032:c1084, c5f86d96-67df-4f25-bde3-316f439d30b3:c1084]
2019-08-23 18:28:54,389 | INFO  | DNAudit | user=null | ip=null | op=WRITE_CHUNK {blockData=conID: 3 locID: 102667710123344299 bcsId: 0} | ret=SUCCESS |  
2019-08-23 18:28:54,389 [grpc-default-executor-0] INFO  client.GrpcClientProtocolClient (GrpcClientProtocolClient.java:onNext(255)) - client-19C32667576E->48affcab-e6e4-4602-963a-f6a50efbd54c: receive RaftClientReply:client-19C32667576E->48affcab-e6e4-4602-963a-f6a50efbd54c@group-50C56EAF5137, cid=834, SUCCESS, logIndex=1088, commits[48affcab-e6e4-4602-963a-f6a50efbd54c:c1088, 7e391b60-07ae-4d97-a027-4756e468c032:c1084, c5f86d96-67df-4f25-bde3-316f439d30b3:c1084]
2019-08-23 18:28:54,389 | INFO  | DNAudit | user=null | ip=null | op=WRITE_CHUNK {blockData=conID: 3 locID: 102667710123344299 bcsId: 0} | ret=SUCCESS |  
2019-08-23 18:28:54,389 | INFO  | DNAudit | user=null | ip=null | op=PUT_BLOCK {blockData=[blockId=conID: 3 locID: 102667710123344299 bcsId: 0,size=1048576]} | ret=SUCCESS |  
2019-08-23 18:28:54,389 | INFO  | DNAudit | user=null | ip=null | op=PUT_BLOCK {blockData=[blockId=conID: 3 locID: 102667710123344299 bcsId: 0,size=1048576]} | ret=SUCCESS |  
2019-08-23 18:28:54,390 [grpc-default-executor-0] INFO  client.GrpcClientProtocolClient (GrpcClientProtocolClient.java:onNext(255)) - client-19C32667576E->48affcab-e6e4-4602-963a-f6a50efbd54c: receive RaftClientReply:client-19C32667576E->48affcab-e6e4-4602-963a-f6a50efbd54c@group-50C56EAF5137, cid=835, SUCCESS, logIndex=0, commits[48affcab-e6e4-4602-963a-f6a50efbd54c:c1090, 7e391b60-07ae-4d97-a027-4756e468c032:c1086, c5f86d96-67df-4f25-bde3-316f439d30b3:c1086]
2019-08-23 18:28:54,390 | INFO  | DNAudit | user=null | ip=null | op=WRITE_CHUNK {blockData=conID: 3 locID: 102667710123344299 bcsId: 0} | ret=SUCCESS |  
2019-08-23 18:28:54,390 | INFO  | DNAudit | user=null | ip=null | op=WRITE_CHUNK {blockData=conID: 3 locID: 102667710123344299 bcsId: 0} | ret=SUCCESS |  
2019-08-23 18:28:54,390 | INFO  | DNAudit | user=null | ip=null | op=PUT_BLOCK {blockData=[blockId=conID: 3 locID: 102667710123344299 bcsId: 0,size=2097152]} | ret=SUCCESS |  
2019-08-23 18:28:54,390 | INFO  | DNAudit | user=null | ip=null | op=PUT_BLOCK {blockData=[blockId=conID: 3 locID: 102667710123344299 bcsId: 0,size=2097152]} | ret=SUCCESS |  
2019-08-23 18:28:54,396 | INFO  | DNAudit | user=null | ip=null | op=WRITE_CHUNK {blockData=conID: 3 locID: 102667710123344299 bcsId: 1088} | ret=SUCCESS |  
2019-08-23 18:28:54,398 | INFO  | DNAudit | user=null | ip=null | op=WRITE_CHUNK {blockData=conID: 3 locID: 102667710123344299 bcsId: 1088} | ret=SUCCESS |  
2019-08-23 18:28:54,398 | INFO  | DNAudit | user=null | ip=null | op=WRITE_CHUNK {blockData=conID: 3 locID: 102667710123344299 bcsId: 1088} | ret=SUCCESS |  
2019-08-23 18:28:54,401 | INFO  | DNAudit | user=null | ip=null | op=WRITE_CHUNK {blockData=conID: 3 locID: 102667710123344299 bcsId: 1088} | ret=SUCCESS |  
2019-08-23 18:28:54,402 | INFO  | DNAudit | user=null | ip=null | op=PUT_BLOCK {blockData=[blockId=conID: 3 locID: 102667710123344299 bcsId: 0,size=3145728]} | ret=SUCCESS |  
2019-08-23 18:28:54,402 [grpc-default-executor-0] INFO  client.GrpcClientProtocolClient (GrpcClientProtocolClient.java:onNext(255)) - client-19C32667576E->48affcab-e6e4-4602-963a-f6a50efbd54c: receive RaftClientReply:client-19C32667576E->48affcab-e6e4-4602-963a-f6a50efbd54c@group-50C56EAF5137, cid=836, SUCCESS, logIndex=1093, commits[48affcab-e6e4-4602-963a-f6a50efbd54c:c1094, 7e391b60-07ae-4d97-a027-4756e468c032:c1088, c5f86d96-67df-4f25-bde3-316f439d30b3:c1092]
2019-08-23 18:28:54,402 [grpc-default-executor-0] INFO  client.GrpcClientProtocolClient (GrpcClientProtocolClient.java:onNext(255)) - client-19C32667576E->48affcab-e6e4-4602-963a-f6a50efbd54c: receive RaftClientReply:client-19C32667576E->48affcab-e6e4-4602-963a-f6a50efbd54c@group-50C56EAF5137, cid=837, SUCCESS, logIndex=1094, commits[48affcab-e6e4-4602-963a-f6a50efbd54c:c1094, 7e391b60-07ae-4d97-a027-4756e468c032:c1092, c5f86d96-67df-4f25-bde3-316f439d30b3:c1092]
2019-08-23 18:28:54,403 | INFO  | DNAudit | user=null | ip=null | op=WRITE_CHUNK {blockData=conID: 3 locID: 102667710123344299 bcsId: 1088} | ret=SUCCESS |  
2019-08-23 18:28:54,403 | INFO  | DNAudit | user=null | ip=null | op=WRITE_CHUNK {blockData=conID: 3 locID: 102667710123344299 bcsId: 1088} | ret=SUCCESS |  
2019-08-23 18:28:54,403 | INFO  | DNAudit | user=null | ip=null | op=PUT_BLOCK {blockData=[blockId=conID: 3 locID: 102667710123344299 bcsId: 0,size=3145728]} | ret=SUCCESS |  
2019-08-23 18:28:54,404 | INFO  | DNAudit | user=null | ip=null | op=PUT_BLOCK {blockData=[blockId=conID: 3 locID: 102667710123344299 bcsId: 0,size=3145728]} | ret=SUCCESS |  
2019-08-23 18:28:54,409 | INFO  | DNAudit | user=null | ip=null | op=WRITE_CHUNK {blockData=conID: 3 locID: 102667710123344299 bcsId: 1094} | ret=SUCCESS |  
2019-08-23 18:28:54,411 | INFO  | DNAudit | user=null | ip=null | op=WRITE_CHUNK {blockData=conID: 3 locID: 102667710123344299 bcsId: 1094} | ret=SUCCESS |  
2019-08-23 18:28:54,411 | INFO  | DNAudit | user=null | ip=null | op=WRITE_CHUNK {blockData=conID: 3 locID: 102667710123344299 bcsId: 1094} | ret=SUCCESS |  
2019-08-23 18:28:54,414 | INFO  | DNAudit | user=null | ip=null | op=WRITE_CHUNK {blockData=conID: 3 locID: 102667710123344299 bcsId: 1094} | ret=SUCCESS |  
2019-08-23 18:28:54,414 | INFO  | DNAudit | user=null | ip=null | op=PUT_BLOCK {blockData=[blockId=conID: 3 locID: 102667710123344299 bcsId: 0,size=4194304]} | ret=SUCCESS |  
2019-08-23 18:28:54,414 [grpc-default-executor-4] INFO  client.GrpcClientProtocolClient (GrpcClientProtocolClient.java:onNext(255)) - client-19C32667576E->48affcab-e6e4-4602-963a-f6a50efbd54c: receive RaftClientReply:client-19C32667576E->48affcab-e6e4-4602-963a-f6a50efbd54c@group-50C56EAF5137, cid=838, SUCCESS, logIndex=1097, commits[48affcab-e6e4-4602-963a-f6a50efbd54c:c1098, 7e391b60-07ae-4d97-a027-4756e468c032:c1096, c5f86d96-67df-4f25-bde3-316f439d30b3:c1096]
2019-08-23 18:28:54,415 [grpc-default-executor-4] INFO  client.GrpcClientProtocolClient (GrpcClientProtocolClient.java:onNext(255)) - client-19C32667576E->48affcab-e6e4-4602-963a-f6a50efbd54c: receive RaftClientReply:client-19C32667576E->48affcab-e6e4-4602-963a-f6a50efbd54c@group-50C56EAF5137, cid=839, SUCCESS, logIndex=1098, commits[48affcab-e6e4-4602-963a-f6a50efbd54c:c1098, 7e391b60-07ae-4d97-a027-4756e468c032:c1096, c5f86d96-67df-4f25-bde3-316f439d30b3:c1096]
2019-08-23 18:28:54,415 | INFO  | DNAudit | user=null | ip=null | op=WRITE_CHUNK {blockData=conID: 3 locID: 102667710123344299 bcsId: 1094} | ret=SUCCESS |  
2019-08-23 18:28:54,415 | INFO  | DNAudit | user=null | ip=null | op=WRITE_CHUNK {blockData=conID: 3 locID: 102667710123344299 bcsId: 1094} | ret=SUCCESS |  
2019-08-23 18:28:54,415 | INFO  | DNAudit | user=null | ip=null | op=PUT_BLOCK {blockData=[blockId=conID: 3 locID: 102667710123344299 bcsId: 0,size=4194304]} | ret=SUCCESS |  
2019-08-23 18:28:54,415 | INFO  | DNAudit | user=null | ip=null | op=PUT_BLOCK {blockData=[blockId=conID: 3 locID: 102667710123344299 bcsId: 0,size=4194304]} | ret=SUCCESS |  
2019-08-23 18:28:54,416 [grpc-default-executor-5] INFO  client.GrpcClientProtocolClient (GrpcClientProtocolClient.java:onNext(255)) - client-19C32667576E->48affcab-e6e4-4602-963a-f6a50efbd54c: receive RaftClientReply:client-19C32667576E->48affcab-e6e4-4602-963a-f6a50efbd54c@group-50C56EAF5137, cid=840, SUCCESS, logIndex=0, commits[48affcab-e6e4-4602-963a-f6a50efbd54c:c1099, 7e391b60-07ae-4d97-a027-4756e468c032:c1098, c5f86d96-67df-4f25-bde3-316f439d30b3:c1098]
2019-08-23 18:28:54,422 | INFO  | DNAudit | user=null | ip=null | op=WRITE_CHUNK {blockData=conID: 1 locID: 102667710123344300 bcsId: 0} | ret=SUCCESS |  
2019-08-23 18:28:54,425 | INFO  | DNAudit | user=null | ip=null | op=WRITE_CHUNK {blockData=conID: 1 locID: 102667710123344300 bcsId: 0} | ret=SUCCESS |  
2019-08-23 18:28:54,425 | INFO  | DNAudit | user=null | ip=null | op=WRITE_CHUNK {blockData=conID: 1 locID: 102667710123344300 bcsId: 0} | ret=SUCCESS |  
2019-08-23 18:28:54,425 | INFO  | DNAudit | user=null | ip=null | op=WRITE_CHUNK {blockData=conID: 1 locID: 102667710123344300 bcsId: 0} | ret=SUCCESS |  
2019-08-23 18:28:54,427 | INFO  | DNAudit | user=null | ip=null | op=WRITE_CHUNK {blockData=conID: 1 locID: 102667710123344300 bcsId: 0} | ret=SUCCESS |  
2019-08-23 18:28:54,427 | INFO  | DNAudit | user=null | ip=null | op=WRITE_CHUNK {blockData=conID: 1 locID: 102667710123344300 bcsId: 0} | ret=SUCCESS |  
2019-08-23 18:28:54,428 | INFO  | DNAudit | user=null | ip=null | op=WRITE_CHUNK {blockData=conID: 1 locID: 102667710123344300 bcsId: 0} | ret=SUCCESS |  
2019-08-23 18:28:54,429 | INFO  | DNAudit | user=null | ip=null | op=PUT_BLOCK {blockData=[blockId=conID: 1 locID: 102667710123344300 bcsId: 0,size=1048576]} | ret=SUCCESS |  
2019-08-23 18:28:54,429 [grpc-default-executor-4] INFO  client.GrpcClientProtocolClient (GrpcClientProtocolClient.java:onNext(255)) - client-19C32667576E->48affcab-e6e4-4602-963a-f6a50efbd54c: receive RaftClientReply:client-19C32667576E->48affcab-e6e4-4602-963a-f6a50efbd54c@group-50C56EAF5137, cid=841, SUCCESS, logIndex=1101, commits[48affcab-e6e4-4602-963a-f6a50efbd54c:c1102, 7e391b60-07ae-4d97-a027-4756e468c032:c1098, c5f86d96-67df-4f25-bde3-316f439d30b3:c1100]
2019-08-23 18:28:54,620 | INFO  | DNAudit | user=null | ip=null | op=WRITE_CHUNK {blockData=conID: 1 locID: 102667710123344300 bcsId: 0} | ret=SUCCESS |  
2019-08-23 18:28:54,620 | INFO  | SCMAudit | user=jenkins1000 | ip=192.168.34.23 | op=SEND_HEARTBEAT {datanodeUUID=7e391b60-07ae-4d97-a027-4756e468c032, command=[]} | ret=SUCCESS |  
2019-08-23 18:28:54,621 | INFO  | SCMAudit | user=jenkins1000 | ip=192.168.34.23 | op=SEND_HEARTBEAT {datanodeUUID=48affcab-e6e4-4602-963a-f6a50efbd54c, command=[]} | ret=SUCCESS |  
2019-08-23 18:28:54,621 | INFO  | DNAudit | user=null | ip=null | op=WRITE_CHUNK {blockData=conID: 1 locID: 102667710123344300 bcsId: 0} | ret=SUCCESS |  
2019-08-23 18:28:54,621 | INFO  | DNAudit | user=null | ip=null | op=PUT_BLOCK {blockData=[blockId=conID: 1 locID: 102667710123344300 bcsId: 0,size=2097152]} | ret=SUCCESS |  
2019-08-23 18:28:54,621 | INFO  | SCMAudit | user=jenkins1000 | ip=192.168.34.23 | op=SEND_HEARTBEAT {datanodeUUID=c5f86d96-67df-4f25-bde3-316f439d30b3, command=[]} | ret=SUCCESS |  
2019-08-23 18:28:54,621 | INFO  | SCMAudit | user=jenkins1000 | ip=192.168.34.23 | op=SEND_HEARTBEAT {datanodeUUID=58706fd2-d7f7-4771-af80-9e0541495c87, command=[]} | ret=SUCCESS |  
2019-08-23 18:28:54,621 [grpc-default-executor-6] INFO  client.GrpcClientProtocolClient (GrpcClientProtocolClient.java:onNext(255)) - client-19C32667576E->48affcab-e6e4-4602-963a-f6a50efbd54c: receive RaftClientReply:client-19C32667576E->48affcab-e6e4-4602-963a-f6a50efbd54c@group-50C56EAF5137, cid=842, SUCCESS, logIndex=1102, commits[48affcab-e6e4-4602-963a-f6a50efbd54c:c1102, 7e391b60-07ae-4d97-a027-4756e468c032:c1100, c5f86d96-67df-4f25-bde3-316f439d30b3:c1100]
2019-08-23 18:28:54,621 | INFO  | DNAudit | user=null | ip=null | op=PUT_BLOCK {blockData=[blockId=conID: 1 locID: 102667710123344300 bcsId: 0,size=1048576]} | ret=SUCCESS |  
2019-08-23 18:28:54,621 [grpc-default-executor-6] INFO  client.GrpcClientProtocolClient (GrpcClientProtocolClient.java:onNext(255)) - client-19C32667576E->48affcab-e6e4-4602-963a-f6a50efbd54c: receive RaftClientReply:client-19C32667576E->48affcab-e6e4-4602-963a-f6a50efbd54c@group-50C56EAF5137, cid=843, SUCCESS, logIndex=1103, commits[48affcab-e6e4-4602-963a-f6a50efbd54c:c1104, 7e391b60-07ae-4d97-a027-4756e468c032:c1100, c5f86d96-67df-4f25-bde3-316f439d30b3:c1100]
2019-08-23 18:28:54,622 [grpc-default-executor-6] INFO  client.GrpcClientProtocolClient (GrpcClientProtocolClient.java:onNext(255)) - client-19C32667576E->48affcab-e6e4-4602-963a-f6a50efbd54c: receive RaftClientReply:client-19C32667576E->48affcab-e6e4-4602-963a-f6a50efbd54c@group-50C56EAF5137, cid=844, SUCCESS, logIndex=1104, commits[48affcab-e6e4-4602-963a-f6a50efbd54c:c1105, 7e391b60-07ae-4d97-a027-4756e468c032:c1100, c5f86d96-67df-4f25-bde3-316f439d30b3:c1102]
2019-08-23 18:28:54,632 | INFO  | DNAudit | user=null | ip=null | op=WRITE_CHUNK {blockData=conID: 1 locID: 102667710123344300 bcsId: 0} | ret=SUCCESS |  
2019-08-23 18:28:54,632 | INFO  | DNAudit | user=null | ip=null | op=WRITE_CHUNK {blockData=conID: 1 locID: 102667710123344300 bcsId: 0} | ret=SUCCESS |  
2019-08-23 18:28:54,632 | INFO  | DNAudit | user=null | ip=null | op=PUT_BLOCK {blockData=[blockId=conID: 1 locID: 102667710123344300 bcsId: 0,size=1048576]} | ret=SUCCESS |  
2019-08-23 18:28:54,632 | INFO  | DNAudit | user=null | ip=null | op=PUT_BLOCK {blockData=[blockId=conID: 1 locID: 102667710123344300 bcsId: 0,size=2097152]} | ret=SUCCESS |  
2019-08-23 18:28:54,633 | INFO  | DNAudit | user=null | ip=null | op=WRITE_CHUNK {blockData=conID: 1 locID: 102667710123344300 bcsId: 0} | ret=SUCCESS |  
2019-08-23 18:28:54,633 | INFO  | DNAudit | user=null | ip=null | op=PUT_BLOCK {blockData=[blockId=conID: 1 locID: 102667710123344300 bcsId: 0,size=2097152]} | ret=SUCCESS |  
2019-08-23 18:28:54,633 [grpc-default-executor-4] INFO  client.GrpcClientProtocolClient (GrpcClientProtocolClient.java:onNext(255)) - client-19C32667576E->48affcab-e6e4-4602-963a-f6a50efbd54c: receive RaftClientReply:client-19C32667576E->48affcab-e6e4-4602-963a-f6a50efbd54c@group-50C56EAF5137, cid=845, SUCCESS, logIndex=0, commits[48affcab-e6e4-4602-963a-f6a50efbd54c:c1106, 7e391b60-07ae-4d97-a027-4756e468c032:c1102, c5f86d96-67df-4f25-bde3-316f439d30b3:c1102]
2019-08-23 18:28:54,642 | INFO  | DNAudit | user=null | ip=null | op=WRITE_CHUNK {blockData=conID: 1 locID: 102667710123344300 bcsId: 1104} | ret=SUCCESS |  
2019-08-23 18:28:54,645 | INFO  | DNAudit | user=null | ip=null | op=WRITE_CHUNK {blockData=conID: 1 locID: 102667710123344300 bcsId: 1104} | ret=SUCCESS |  
2019-08-23 18:28:54,646 | INFO  | DNAudit | user=null | ip=null | op=WRITE_CHUNK {blockData=conID: 1 locID: 102667710123344300 bcsId: 1104} | ret=SUCCESS |  
2019-08-23 18:28:54,655 | INFO  | DNAudit | user=null | ip=null | op=WRITE_CHUNK {blockData=conID: 1 locID: 102667710123344300 bcsId: 1104} | ret=SUCCESS |  
2019-08-23 18:28:54,656 | INFO  | DNAudit | user=null | ip=null | op=PUT_BLOCK {blockData=[blockId=conID: 1 locID: 102667710123344300 bcsId: 0,size=3145728]} | ret=SUCCESS |  
2019-08-23 18:28:54,656 [grpc-default-executor-4] INFO  client.GrpcClientProtocolClient (GrpcClientProtocolClient.java:onNext(255)) - client-19C32667576E->48affcab-e6e4-4602-963a-f6a50efbd54c: receive RaftClientReply:client-19C32667576E->48affcab-e6e4-4602-963a-f6a50efbd54c@group-50C56EAF5137, cid=846, SUCCESS, logIndex=1109, commits[48affcab-e6e4-4602-963a-f6a50efbd54c:c1110, 7e391b60-07ae-4d97-a027-4756e468c032:c1108, c5f86d96-67df-4f25-bde3-316f439d30b3:c1108]
2019-08-23 18:28:54,657 [grpc-default-executor-4] INFO  client.GrpcClientProtocolClient (GrpcClientProtocolClient.java:onNext(255)) - client-19C32667576E->48affcab-e6e4-4602-963a-f6a50efbd54c: receive RaftClientReply:client-19C32667576E->48affcab-e6e4-4602-963a-f6a50efbd54c@group-50C56EAF5137, cid=847, SUCCESS, logIndex=1110, commits[48affcab-e6e4-4602-963a-f6a50efbd54c:c1110, 7e391b60-07ae-4d97-a027-4756e468c032:c1108, c5f86d96-67df-4f25-bde3-316f439d30b3:c1108]
2019-08-23 18:28:54,664 | INFO  | DNAudit | user=null | ip=null | op=WRITE_CHUNK {blockData=conID: 1 locID: 102667710123344300 bcsId: 1110} | ret=SUCCESS |  
2019-08-23 18:28:54,667 | INFO  | DNAudit | user=null | ip=null | op=WRITE_CHUNK {blockData=conID: 1 locID: 102667710123344300 bcsId: 1104} | ret=SUCCESS |  
2019-08-23 18:28:54,667 | INFO  | DNAudit | user=null | ip=null | op=WRITE_CHUNK {blockData=conID: 1 locID: 102667710123344300 bcsId: 1104} | ret=SUCCESS |  
2019-08-23 18:28:54,667 | INFO  | DNAudit | user=null | ip=null | op=PUT_BLOCK {blockData=[blockId=conID: 1 locID: 102667710123344300 bcsId: 0,size=3145728]} | ret=SUCCESS |  
2019-08-23 18:28:54,667 | INFO  | DNAudit | user=null | ip=null | op=PUT_BLOCK {blockData=[blockId=conID: 1 locID: 102667710123344300 bcsId: 0,size=3145728]} | ret=SUCCESS |  
2019-08-23 18:28:54,669 | INFO  | DNAudit | user=null | ip=null | op=WRITE_CHUNK {blockData=conID: 1 locID: 102667710123344300 bcsId: 1110} | ret=SUCCESS |  
2019-08-23 18:28:54,669 | INFO  | DNAudit | user=null | ip=null | op=WRITE_CHUNK {blockData=conID: 1 locID: 102667710123344300 bcsId: 1110} | ret=SUCCESS |  
2019-08-23 18:28:54,681 | INFO  | DNAudit | user=null | ip=null | op=WRITE_CHUNK {blockData=conID: 1 locID: 102667710123344300 bcsId: 1110} | ret=SUCCESS |  
2019-08-23 18:28:54,681 | INFO  | DNAudit | user=null | ip=null | op=PUT_BLOCK {blockData=[blockId=conID: 1 locID: 102667710123344300 bcsId: 0,size=4194304]} | ret=SUCCESS |  
2019-08-23 18:28:54,682 [grpc-default-executor-4] INFO  client.GrpcClientProtocolClient (GrpcClientProtocolClient.java:onNext(255)) - client-19C32667576E->48affcab-e6e4-4602-963a-f6a50efbd54c: receive RaftClientReply:client-19C32667576E->48affcab-e6e4-4602-963a-f6a50efbd54c@group-50C56EAF5137, cid=848, SUCCESS, logIndex=1113, commits[48affcab-e6e4-4602-963a-f6a50efbd54c:c1114, 7e391b60-07ae-4d97-a027-4756e468c032:c1110, c5f86d96-67df-4f25-bde3-316f439d30b3:c1110]
2019-08-23 18:28:54,682 [grpc-default-executor-4] INFO  client.GrpcClientProtocolClient (GrpcClientProtocolClient.java:onNext(255)) - client-19C32667576E->48affcab-e6e4-4602-963a-f6a50efbd54c: receive RaftClientReply:client-19C32667576E->48affcab-e6e4-4602-963a-f6a50efbd54c@group-50C56EAF5137, cid=849, SUCCESS, logIndex=1114, commits[48affcab-e6e4-4602-963a-f6a50efbd54c:c1114, 7e391b60-07ae-4d97-a027-4756e468c032:c1110, c5f86d96-67df-4f25-bde3-316f439d30b3:c1110]
2019-08-23 18:28:54,693 | INFO  | DNAudit | user=null | ip=null | op=WRITE_CHUNK {blockData=conID: 1 locID: 102667710123344300 bcsId: 1110} | ret=SUCCESS |  
2019-08-23 18:28:54,693 | INFO  | DNAudit | user=null | ip=null | op=WRITE_CHUNK {blockData=conID: 1 locID: 102667710123344300 bcsId: 1110} | ret=SUCCESS |  
2019-08-23 18:28:54,694 | INFO  | DNAudit | user=null | ip=null | op=PUT_BLOCK {blockData=[blockId=conID: 1 locID: 102667710123344300 bcsId: 0,size=4194304]} | ret=SUCCESS |  
2019-08-23 18:28:54,694 | INFO  | DNAudit | user=null | ip=null | op=PUT_BLOCK {blockData=[blockId=conID: 1 locID: 102667710123344300 bcsId: 0,size=4194304]} | ret=SUCCESS |  
2019-08-23 18:28:54,694 [grpc-default-executor-4] INFO  client.GrpcClientProtocolClient (GrpcClientProtocolClient.java:onNext(255)) - client-19C32667576E->48affcab-e6e4-4602-963a-f6a50efbd54c: receive RaftClientReply:client-19C32667576E->48affcab-e6e4-4602-963a-f6a50efbd54c@group-50C56EAF5137, cid=850, SUCCESS, logIndex=0, commits[48affcab-e6e4-4602-963a-f6a50efbd54c:c1116, 7e391b60-07ae-4d97-a027-4756e468c032:c1114, c5f86d96-67df-4f25-bde3-316f439d30b3:c1114]
2019-08-23 18:28:54,702 | INFO  | DNAudit | user=null | ip=null | op=WRITE_CHUNK {blockData=conID: 2 locID: 102667710123409837 bcsId: 0} | ret=SUCCESS |  
2019-08-23 18:28:54,705 | INFO  | DNAudit | user=null | ip=null | op=WRITE_CHUNK {blockData=conID: 2 locID: 102667710123409837 bcsId: 0} | ret=SUCCESS |  
2019-08-23 18:28:54,705 | INFO  | DNAudit | user=null | ip=null | op=WRITE_CHUNK {blockData=conID: 2 locID: 102667710123409837 bcsId: 0} | ret=SUCCESS |  
2019-08-23 18:28:54,706 | INFO  | DNAudit | user=null | ip=null | op=WRITE_CHUNK {blockData=conID: 2 locID: 102667710123409837 bcsId: 0} | ret=SUCCESS |  
2019-08-23 18:28:54,709 | INFO  | DNAudit | user=null | ip=null | op=WRITE_CHUNK {blockData=conID: 2 locID: 102667710123409837 bcsId: 0} | ret=SUCCESS |  
2019-08-23 18:28:54,709 | INFO  | DNAudit | user=null | ip=null | op=WRITE_CHUNK {blockData=conID: 2 locID: 102667710123409837 bcsId: 0} | ret=SUCCESS |  
2019-08-23 18:28:54,715 | INFO  | DNAudit | user=null | ip=null | op=WRITE_CHUNK {blockData=conID: 2 locID: 102667710123409837 bcsId: 0} | ret=SUCCESS |  
2019-08-23 18:28:54,715 | INFO  | DNAudit | user=null | ip=null | op=PUT_BLOCK {blockData=[blockId=conID: 2 locID: 102667710123409837 bcsId: 0,size=1048576]} | ret=SUCCESS |  
2019-08-23 18:28:54,715 [grpc-default-executor-4] INFO  client.GrpcClientProtocolClient (GrpcClientProtocolClient.java:onNext(255)) - client-19C32667576E->48affcab-e6e4-4602-963a-f6a50efbd54c: receive RaftClientReply:client-19C32667576E->48affcab-e6e4-4602-963a-f6a50efbd54c@group-50C56EAF5137, cid=851, SUCCESS, logIndex=1117, commits[48affcab-e6e4-4602-963a-f6a50efbd54c:c1118, 7e391b60-07ae-4d97-a027-4756e468c032:c1116, c5f86d96-67df-4f25-bde3-316f439d30b3:c1116]
2019-08-23 18:28:54,716 | INFO  | DNAudit | user=null | ip=null | op=WRITE_CHUNK {blockData=conID: 2 locID: 102667710123409837 bcsId: 0} | ret=SUCCESS |  
2019-08-23 18:28:54,716 | INFO  | DNAudit | user=null | ip=null | op=PUT_BLOCK {blockData=[blockId=conID: 2 locID: 102667710123409837 bcsId: 0,size=2097152]} | ret=SUCCESS |  
2019-08-23 18:28:54,716 | INFO  | DNAudit | user=null | ip=null | op=WRITE_CHUNK {blockData=conID: 2 locID: 102667710123409837 bcsId: 0} | ret=SUCCESS |  
2019-08-23 18:28:54,716 [grpc-default-executor-4] INFO  client.GrpcClientProtocolClient (GrpcClientProtocolClient.java:onNext(255)) - client-19C32667576E->48affcab-e6e4-4602-963a-f6a50efbd54c: receive RaftClientReply:client-19C32667576E->48affcab-e6e4-4602-963a-f6a50efbd54c@group-50C56EAF5137, cid=852, SUCCESS, logIndex=1118, commits[48affcab-e6e4-4602-963a-f6a50efbd54c:c1120, 7e391b60-07ae-4d97-a027-4756e468c032:c1116, c5f86d96-67df-4f25-bde3-316f439d30b3:c1116]
2019-08-23 18:28:54,717 | INFO  | DNAudit | user=null | ip=null | op=PUT_BLOCK {blockData=[blockId=conID: 2 locID: 102667710123409837 bcsId: 0,size=1048576]} | ret=SUCCESS |  
2019-08-23 18:28:54,717 [grpc-default-executor-4] INFO  client.GrpcClientProtocolClient (GrpcClientProtocolClient.java:onNext(255)) - client-19C32667576E->48affcab-e6e4-4602-963a-f6a50efbd54c: receive RaftClientReply:client-19C32667576E->48affcab-e6e4-4602-963a-f6a50efbd54c@group-50C56EAF5137, cid=853, SUCCESS, logIndex=1119, commits[48affcab-e6e4-4602-963a-f6a50efbd54c:c1120, 7e391b60-07ae-4d97-a027-4756e468c032:c1116, c5f86d96-67df-4f25-bde3-316f439d30b3:c1116]
2019-08-23 18:28:54,717 | INFO  | DNAudit | user=null | ip=null | op=WRITE_CHUNK {blockData=conID: 2 locID: 102667710123409837 bcsId: 0} | ret=SUCCESS |  
2019-08-23 18:28:54,717 [grpc-default-executor-4] INFO  client.GrpcClientProtocolClient (GrpcClientProtocolClient.java:onNext(255)) - client-19C32667576E->48affcab-e6e4-4602-963a-f6a50efbd54c: receive RaftClientReply:client-19C32667576E->48affcab-e6e4-4602-963a-f6a50efbd54c@group-50C56EAF5137, cid=854, SUCCESS, logIndex=1120, commits[48affcab-e6e4-4602-963a-f6a50efbd54c:c1120, 7e391b60-07ae-4d97-a027-4756e468c032:c1116, c5f86d96-67df-4f25-bde3-316f439d30b3:c1116]
2019-08-23 18:28:54,717 | INFO  | DNAudit | user=null | ip=null | op=PUT_BLOCK {blockData=[blockId=conID: 2 locID: 102667710123409837 bcsId: 0,size=1048576]} | ret=SUCCESS |  
2019-08-23 18:28:54,717 | INFO  | DNAudit | user=null | ip=null | op=WRITE_CHUNK {blockData=conID: 2 locID: 102667710123409837 bcsId: 0} | ret=SUCCESS |  
2019-08-23 18:28:54,718 | INFO  | DNAudit | user=null | ip=null | op=PUT_BLOCK {blockData=[blockId=conID: 2 locID: 102667710123409837 bcsId: 0,size=2097152]} | ret=SUCCESS |  
2019-08-23 18:28:54,718 | INFO  | DNAudit | user=null | ip=null | op=WRITE_CHUNK {blockData=conID: 2 locID: 102667710123409837 bcsId: 0} | ret=SUCCESS |  
2019-08-23 18:28:54,718 | INFO  | DNAudit | user=null | ip=null | op=PUT_BLOCK {blockData=[blockId=conID: 2 locID: 102667710123409837 bcsId: 0,size=2097152]} | ret=SUCCESS |  
2019-08-23 18:28:54,718 [grpc-default-executor-4] INFO  client.GrpcClientProtocolClient (GrpcClientProtocolClient.java:onNext(255)) - client-19C32667576E->48affcab-e6e4-4602-963a-f6a50efbd54c: receive RaftClientReply:client-19C32667576E->48affcab-e6e4-4602-963a-f6a50efbd54c@group-50C56EAF5137, cid=855, SUCCESS, logIndex=0, commits[48affcab-e6e4-4602-963a-f6a50efbd54c:c1124, 7e391b60-07ae-4d97-a027-4756e468c032:c1120, c5f86d96-67df-4f25-bde3-316f439d30b3:c1118]
2019-08-23 18:28:54,724 | INFO  | DNAudit | user=null | ip=null | op=WRITE_CHUNK {blockData=conID: 2 locID: 102667710123409837 bcsId: 1120} | ret=SUCCESS |  
2019-08-23 18:28:54,727 | INFO  | DNAudit | user=null | ip=null | op=WRITE_CHUNK {blockData=conID: 2 locID: 102667710123409837 bcsId: 1120} | ret=SUCCESS |  
2019-08-23 18:28:54,727 | INFO  | DNAudit | user=null | ip=null | op=WRITE_CHUNK {blockData=conID: 2 locID: 102667710123409837 bcsId: 1120} | ret=SUCCESS |  
2019-08-23 18:28:54,737 | INFO  | DNAudit | user=null | ip=null | op=WRITE_CHUNK {blockData=conID: 2 locID: 102667710123409837 bcsId: 1120} | ret=SUCCESS |  
2019-08-23 18:28:54,738 | INFO  | DNAudit | user=null | ip=null | op=PUT_BLOCK {blockData=[blockId=conID: 2 locID: 102667710123409837 bcsId: 0,size=3145728]} | ret=SUCCESS |  
2019-08-23 18:28:54,738 [grpc-default-executor-4] INFO  client.GrpcClientProtocolClient (GrpcClientProtocolClient.java:onNext(255)) - client-19C32667576E->48affcab-e6e4-4602-963a-f6a50efbd54c: receive RaftClientReply:client-19C32667576E->48affcab-e6e4-4602-963a-f6a50efbd54c@group-50C56EAF5137, cid=856, SUCCESS, logIndex=1125, commits[48affcab-e6e4-4602-963a-f6a50efbd54c:c1126, 7e391b60-07ae-4d97-a027-4756e468c032:c1124, c5f86d96-67df-4f25-bde3-316f439d30b3:c1124]
2019-08-23 18:28:54,738 [grpc-default-executor-4] INFO  client.GrpcClientProtocolClient (GrpcClientProtocolClient.java:onNext(255)) - client-19C32667576E->48affcab-e6e4-4602-963a-f6a50efbd54c: receive RaftClientReply:client-19C32667576E->48affcab-e6e4-4602-963a-f6a50efbd54c@group-50C56EAF5137, cid=857, SUCCESS, logIndex=1126, commits[48affcab-e6e4-4602-963a-f6a50efbd54c:c1126, 7e391b60-07ae-4d97-a027-4756e468c032:c1124, c5f86d96-67df-4f25-bde3-316f439d30b3:c1124]
2019-08-23 18:28:54,744 | INFO  | DNAudit | user=null | ip=null | op=WRITE_CHUNK {blockData=conID: 2 locID: 102667710123409837 bcsId: 1126} | ret=SUCCESS |  
2019-08-23 18:28:54,747 | INFO  | DNAudit | user=null | ip=null | op=WRITE_CHUNK {blockData=conID: 2 locID: 102667710123409837 bcsId: 1126} | ret=SUCCESS |  
2019-08-23 18:28:54,747 | INFO  | DNAudit | user=null | ip=null | op=WRITE_CHUNK {blockData=conID: 2 locID: 102667710123409837 bcsId: 1126} | ret=SUCCESS |  
2019-08-23 18:28:54,749 | INFO  | DNAudit | user=null | ip=null | op=WRITE_CHUNK {blockData=conID: 2 locID: 102667710123409837 bcsId: 1120} | ret=SUCCESS |  
2019-08-23 18:28:54,749 | INFO  | DNAudit | user=null | ip=null | op=WRITE_CHUNK {blockData=conID: 2 locID: 102667710123409837 bcsId: 1120} | ret=SUCCESS |  
2019-08-23 18:28:54,750 | INFO  | DNAudit | user=null | ip=null | op=PUT_BLOCK {blockData=[blockId=conID: 2 locID: 102667710123409837 bcsId: 0,size=3145728]} | ret=SUCCESS |  
2019-08-23 18:28:54,750 | INFO  | DNAudit | user=null | ip=null | op=PUT_BLOCK {blockData=[blockId=conID: 2 locID: 102667710123409837 bcsId: 0,size=3145728]} | ret=SUCCESS |  
2019-08-23 18:28:54,750 | INFO  | DNAudit | user=null | ip=null | op=WRITE_CHUNK {blockData=conID: 2 locID: 102667710123409837 bcsId: 1126} | ret=SUCCESS |  
2019-08-23 18:28:54,751 | INFO  | DNAudit | user=null | ip=null | op=PUT_BLOCK {blockData=[blockId=conID: 2 locID: 102667710123409837 bcsId: 0,size=4194304]} | ret=SUCCESS |  
2019-08-23 18:28:54,751 [grpc-default-executor-4] INFO  client.GrpcClientProtocolClient (GrpcClientProtocolClient.java:onNext(255)) - client-19C32667576E->48affcab-e6e4-4602-963a-f6a50efbd54c: receive RaftClientReply:client-19C32667576E->48affcab-e6e4-4602-963a-f6a50efbd54c@group-50C56EAF5137, cid=858, SUCCESS, logIndex=1129, commits[48affcab-e6e4-4602-963a-f6a50efbd54c:c1130, 7e391b60-07ae-4d97-a027-4756e468c032:c1126, c5f86d96-67df-4f25-bde3-316f439d30b3:c1126]
2019-08-23 18:28:54,751 [grpc-default-executor-4] INFO  client.GrpcClientProtocolClient (GrpcClientProtocolClient.java:onNext(255)) - client-19C32667576E->48affcab-e6e4-4602-963a-f6a50efbd54c: receive RaftClientReply:client-19C32667576E->48affcab-e6e4-4602-963a-f6a50efbd54c@group-50C56EAF5137, cid=859, SUCCESS, logIndex=1130, commits[48affcab-e6e4-4602-963a-f6a50efbd54c:c1130, 7e391b60-07ae-4d97-a027-4756e468c032:c1126, c5f86d96-67df-4f25-bde3-316f439d30b3:c1126]
2019-08-23 18:28:54,773 | INFO  | DNAudit | user=null | ip=null | op=WRITE_CHUNK {blockData=conID: 2 locID: 102667710123409837 bcsId: 1126} | ret=SUCCESS |  
2019-08-23 18:28:54,773 | INFO  | DNAudit | user=null | ip=null | op=WRITE_CHUNK {blockData=conID: 2 locID: 102667710123409837 bcsId: 1126} | ret=SUCCESS |  
2019-08-23 18:28:54,774 | INFO  | DNAudit | user=null | ip=null | op=PUT_BLOCK {blockData=[blockId=conID: 2 locID: 102667710123409837 bcsId: 0,size=4194304]} | ret=SUCCESS |  
2019-08-23 18:28:54,774 | INFO  | DNAudit | user=null | ip=null | op=PUT_BLOCK {blockData=[blockId=conID: 2 locID: 102667710123409837 bcsId: 0,size=4194304]} | ret=SUCCESS |  
2019-08-23 18:28:54,775 [grpc-default-executor-4] INFO  client.GrpcClientProtocolClient (GrpcClientProtocolClient.java:onNext(255)) - client-19C32667576E->48affcab-e6e4-4602-963a-f6a50efbd54c: receive RaftClientReply:client-19C32667576E->48affcab-e6e4-4602-963a-f6a50efbd54c@group-50C56EAF5137, cid=860, SUCCESS, logIndex=0, commits[48affcab-e6e4-4602-963a-f6a50efbd54c:c1132, 7e391b60-07ae-4d97-a027-4756e468c032:c1130, c5f86d96-67df-4f25-bde3-316f439d30b3:c1130]
2019-08-23 18:28:54,781 | INFO  | DNAudit | user=null | ip=null | op=WRITE_CHUNK {blockData=conID: 3 locID: 102667710123409838 bcsId: 0} | ret=SUCCESS |  
2019-08-23 18:28:54,783 | INFO  | DNAudit | user=null | ip=null | op=WRITE_CHUNK {blockData=conID: 3 locID: 102667710123409838 bcsId: 0} | ret=SUCCESS |  
2019-08-23 18:28:54,784 | INFO  | DNAudit | user=null | ip=null | op=WRITE_CHUNK {blockData=conID: 3 locID: 102667710123409838 bcsId: 0} | ret=SUCCESS |  
2019-08-23 18:28:54,784 | INFO  | DNAudit | user=null | ip=null | op=WRITE_CHUNK {blockData=conID: 3 locID: 102667710123409838 bcsId: 0} | ret=SUCCESS |  
2019-08-23 18:28:54,785 | INFO  | DNAudit | user=null | ip=null | op=WRITE_CHUNK {blockData=conID: 3 locID: 102667710123409838 bcsId: 0} | ret=SUCCESS |  
2019-08-23 18:28:54,785 | INFO  | DNAudit | user=null | ip=null | op=WRITE_CHUNK {blockData=conID: 3 locID: 102667710123409838 bcsId: 0} | ret=SUCCESS |  
2019-08-23 18:28:54,794 | INFO  | DNAudit | user=null | ip=null | op=WRITE_CHUNK {blockData=conID: 3 locID: 102667710123409838 bcsId: 0} | ret=SUCCESS |  
2019-08-23 18:28:54,794 | INFO  | DNAudit | user=null | ip=null | op=PUT_BLOCK {blockData=[blockId=conID: 3 locID: 102667710123409838 bcsId: 0,size=1048576]} | ret=SUCCESS |  
2019-08-23 18:28:54,794 [grpc-default-executor-4] INFO  client.GrpcClientProtocolClient (GrpcClientProtocolClient.java:onNext(255)) - client-19C32667576E->48affcab-e6e4-4602-963a-f6a50efbd54c: receive RaftClientReply:client-19C32667576E->48affcab-e6e4-4602-963a-f6a50efbd54c@group-50C56EAF5137, cid=861, SUCCESS, logIndex=1133, commits[48affcab-e6e4-4602-963a-f6a50efbd54c:c1134, 7e391b60-07ae-4d97-a027-4756e468c032:c1132, c5f86d96-67df-4f25-bde3-316f439d30b3:c1132]
2019-08-23 18:28:54,795 | INFO  | DNAudit | user=null | ip=null | op=WRITE_CHUNK {blockData=conID: 3 locID: 102667710123409838 bcsId: 0} | ret=SUCCESS |  
2019-08-23 18:28:54,795 | INFO  | DNAudit | user=null | ip=null | op=PUT_BLOCK {blockData=[blockId=conID: 3 locID: 102667710123409838 bcsId: 0,size=2097152]} | ret=SUCCESS |  
2019-08-23 18:28:54,795 [grpc-default-executor-4] INFO  client.GrpcClientProtocolClient (GrpcClientProtocolClient.java:onNext(255)) - client-19C32667576E->48affcab-e6e4-4602-963a-f6a50efbd54c: receive RaftClientReply:client-19C32667576E->48affcab-e6e4-4602-963a-f6a50efbd54c@group-50C56EAF5137, cid=862, SUCCESS, logIndex=1134, commits[48affcab-e6e4-4602-963a-f6a50efbd54c:c1135, 7e391b60-07ae-4d97-a027-4756e468c032:c1132, c5f86d96-67df-4f25-bde3-316f439d30b3:c1132]
2019-08-23 18:28:54,795 [grpc-default-executor-4] INFO  client.GrpcClientProtocolClient (GrpcClientProtocolClient.java:onNext(255)) - client-19C32667576E->48affcab-e6e4-4602-963a-f6a50efbd54c: receive RaftClientReply:client-19C32667576E->48affcab-e6e4-4602-963a-f6a50efbd54c@group-50C56EAF5137, cid=863, SUCCESS, logIndex=1135, commits[48affcab-e6e4-4602-963a-f6a50efbd54c:c1136, 7e391b60-07ae-4d97-a027-4756e468c032:c1132, c5f86d96-67df-4f25-bde3-316f439d30b3:c1132]
2019-08-23 18:28:54,795 | INFO  | DNAudit | user=null | ip=null | op=WRITE_CHUNK {blockData=conID: 3 locID: 102667710123409838 bcsId: 0} | ret=SUCCESS |  
2019-08-23 18:28:54,796 [grpc-default-executor-0] INFO  client.GrpcClientProtocolClient (GrpcClientProtocolClient.java:onNext(255)) - client-19C32667576E->48affcab-e6e4-4602-963a-f6a50efbd54c: receive RaftClientReply:client-19C32667576E->48affcab-e6e4-4602-963a-f6a50efbd54c@group-50C56EAF5137, cid=864, SUCCESS, logIndex=1136, commits[48affcab-e6e4-4602-963a-f6a50efbd54c:c1136, 7e391b60-07ae-4d97-a027-4756e468c032:c1132, c5f86d96-67df-4f25-bde3-316f439d30b3:c1132]
2019-08-23 18:28:54,796 | INFO  | DNAudit | user=null | ip=null | op=PUT_BLOCK {blockData=[blockId=conID: 3 locID: 102667710123409838 bcsId: 0,size=1048576]} | ret=SUCCESS |  
2019-08-23 18:28:54,796 | INFO  | DNAudit | user=null | ip=null | op=WRITE_CHUNK {blockData=conID: 3 locID: 102667710123409838 bcsId: 0} | ret=SUCCESS |  
2019-08-23 18:28:54,796 | INFO  | DNAudit | user=null | ip=null | op=PUT_BLOCK {blockData=[blockId=conID: 3 locID: 102667710123409838 bcsId: 0,size=1048576]} | ret=SUCCESS |  
2019-08-23 18:28:54,796 | INFO  | DNAudit | user=null | ip=null | op=WRITE_CHUNK {blockData=conID: 3 locID: 102667710123409838 bcsId: 0} | ret=SUCCESS |  
2019-08-23 18:28:54,797 | INFO  | DNAudit | user=null | ip=null | op=WRITE_CHUNK {blockData=conID: 3 locID: 102667710123409838 bcsId: 0} | ret=SUCCESS |  
2019-08-23 18:28:54,797 | INFO  | DNAudit | user=null | ip=null | op=PUT_BLOCK {blockData=[blockId=conID: 3 locID: 102667710123409838 bcsId: 0,size=2097152]} | ret=SUCCESS |  
2019-08-23 18:28:54,797 [grpc-default-executor-4] INFO  client.GrpcClientProtocolClient (GrpcClientProtocolClient.java:onNext(255)) - client-19C32667576E->48affcab-e6e4-4602-963a-f6a50efbd54c: receive RaftClientReply:client-19C32667576E->48affcab-e6e4-4602-963a-f6a50efbd54c@group-50C56EAF5137, cid=865, SUCCESS, logIndex=0, commits[48affcab-e6e4-4602-963a-f6a50efbd54c:c1138, 7e391b60-07ae-4d97-a027-4756e468c032:c1134, c5f86d96-67df-4f25-bde3-316f439d30b3:c1134]
2019-08-23 18:28:54,797 | INFO  | DNAudit | user=null | ip=null | op=PUT_BLOCK {blockData=[blockId=conID: 3 locID: 102667710123409838 bcsId: 0,size=2097152]} | ret=SUCCESS |  
2019-08-23 18:28:54,802 | INFO  | DNAudit | user=null | ip=null | op=WRITE_CHUNK {blockData=conID: 3 locID: 102667710123409838 bcsId: 1136} | ret=SUCCESS |  
2019-08-23 18:28:54,805 | INFO  | DNAudit | user=null | ip=null | op=WRITE_CHUNK {blockData=conID: 3 locID: 102667710123409838 bcsId: 1136} | ret=SUCCESS |  
2019-08-23 18:28:54,806 | INFO  | DNAudit | user=null | ip=null | op=WRITE_CHUNK {blockData=conID: 3 locID: 102667710123409838 bcsId: 1136} | ret=SUCCESS |  
2019-08-23 18:28:54,815 | INFO  | DNAudit | user=null | ip=null | op=WRITE_CHUNK {blockData=conID: 3 locID: 102667710123409838 bcsId: 1136} | ret=SUCCESS |  
2019-08-23 18:28:54,815 | INFO  | DNAudit | user=null | ip=null | op=PUT_BLOCK {blockData=[blockId=conID: 3 locID: 102667710123409838 bcsId: 0,size=3145728]} | ret=SUCCESS |  
2019-08-23 18:28:54,815 [grpc-default-executor-0] INFO  client.GrpcClientProtocolClient (GrpcClientProtocolClient.java:onNext(255)) - client-19C32667576E->48affcab-e6e4-4602-963a-f6a50efbd54c: receive RaftClientReply:client-19C32667576E->48affcab-e6e4-4602-963a-f6a50efbd54c@group-50C56EAF5137, cid=866, SUCCESS, logIndex=1141, commits[48affcab-e6e4-4602-963a-f6a50efbd54c:c1142, 7e391b60-07ae-4d97-a027-4756e468c032:c1140, c5f86d96-67df-4f25-bde3-316f439d30b3:c1140]
2019-08-23 18:28:54,815 [grpc-default-executor-0] INFO  client.GrpcClientProtocolClient (GrpcClientProtocolClient.java:onNext(255)) - client-19C32667576E->48affcab-e6e4-4602-963a-f6a50efbd54c: receive RaftClientReply:client-19C32667576E->48affcab-e6e4-4602-963a-f6a50efbd54c@group-50C56EAF5137, cid=867, SUCCESS, logIndex=1142, commits[48affcab-e6e4-4602-963a-f6a50efbd54c:c1142, 7e391b60-07ae-4d97-a027-4756e468c032:c1140, c5f86d96-67df-4f25-bde3-316f439d30b3:c1140]
2019-08-23 18:28:54,822 | INFO  | DNAudit | user=null | ip=null | op=WRITE_CHUNK {blockData=conID: 3 locID: 102667710123409838 bcsId: 1142} | ret=SUCCESS |  
2019-08-23 18:28:54,824 | INFO  | DNAudit | user=null | ip=null | op=WRITE_CHUNK {blockData=conID: 3 locID: 102667710123409838 bcsId: 1142} | ret=SUCCESS |  
2019-08-23 18:28:54,825 | INFO  | DNAudit | user=null | ip=null | op=WRITE_CHUNK {blockData=conID: 3 locID: 102667710123409838 bcsId: 1142} | ret=SUCCESS |  
2019-08-23 18:28:54,826 | INFO  | DNAudit | user=null | ip=null | op=WRITE_CHUNK {blockData=conID: 3 locID: 102667710123409838 bcsId: 1136} | ret=SUCCESS |  
2019-08-23 18:28:54,826 | INFO  | DNAudit | user=null | ip=null | op=WRITE_CHUNK {blockData=conID: 3 locID: 102667710123409838 bcsId: 1136} | ret=SUCCESS |  
2019-08-23 18:28:54,827 | INFO  | DNAudit | user=null | ip=null | op=PUT_BLOCK {blockData=[blockId=conID: 3 locID: 102667710123409838 bcsId: 0,size=3145728]} | ret=SUCCESS |  
2019-08-23 18:28:54,828 | INFO  | DNAudit | user=null | ip=null | op=PUT_BLOCK {blockData=[blockId=conID: 3 locID: 102667710123409838 bcsId: 0,size=3145728]} | ret=SUCCESS |  
2019-08-23 18:28:54,828 | INFO  | DNAudit | user=null | ip=null | op=WRITE_CHUNK {blockData=conID: 3 locID: 102667710123409838 bcsId: 1142} | ret=SUCCESS |  
2019-08-23 18:28:54,828 | INFO  | DNAudit | user=null | ip=null | op=PUT_BLOCK {blockData=[blockId=conID: 3 locID: 102667710123409838 bcsId: 0,size=4194304]} | ret=SUCCESS |  
2019-08-23 18:28:54,828 [grpc-default-executor-0] INFO  client.GrpcClientProtocolClient (GrpcClientProtocolClient.java:onNext(255)) - client-19C32667576E->48affcab-e6e4-4602-963a-f6a50efbd54c: receive RaftClientReply:client-19C32667576E->48affcab-e6e4-4602-963a-f6a50efbd54c@group-50C56EAF5137, cid=868, SUCCESS, logIndex=1145, commits[48affcab-e6e4-4602-963a-f6a50efbd54c:c1146, 7e391b60-07ae-4d97-a027-4756e468c032:c1142, c5f86d96-67df-4f25-bde3-316f439d30b3:c1142]
2019-08-23 18:28:54,829 [grpc-default-executor-0] INFO  client.GrpcClientProtocolClient (GrpcClientProtocolClient.java:onNext(255)) - client-19C32667576E->48affcab-e6e4-4602-963a-f6a50efbd54c: receive RaftClientReply:client-19C32667576E->48affcab-e6e4-4602-963a-f6a50efbd54c@group-50C56EAF5137, cid=869, SUCCESS, logIndex=1146, commits[48affcab-e6e4-4602-963a-f6a50efbd54c:c1146, 7e391b60-07ae-4d97-a027-4756e468c032:c1142, c5f86d96-67df-4f25-bde3-316f439d30b3:c1142]
2019-08-23 18:28:54,839 | INFO  | DNAudit | user=null | ip=null | op=WRITE_CHUNK {blockData=conID: 3 locID: 102667710123409838 bcsId: 1142} | ret=SUCCESS |  
2019-08-23 18:28:54,839 | INFO  | DNAudit | user=null | ip=null | op=WRITE_CHUNK {blockData=conID: 3 locID: 102667710123409838 bcsId: 1142} | ret=SUCCESS |  
2019-08-23 18:28:54,841 | INFO  | DNAudit | user=null | ip=null | op=PUT_BLOCK {blockData=[blockId=conID: 3 locID: 102667710123409838 bcsId: 0,size=4194304]} | ret=SUCCESS |  
2019-08-23 18:28:54,841 | INFO  | DNAudit | user=null | ip=null | op=PUT_BLOCK {blockData=[blockId=conID: 3 locID: 102667710123409838 bcsId: 0,size=4194304]} | ret=SUCCESS |  
2019-08-23 18:28:54,841 [grpc-default-executor-4] INFO  client.GrpcClientProtocolClient (GrpcClientProtocolClient.java:onNext(255)) - client-19C32667576E->48affcab-e6e4-4602-963a-f6a50efbd54c: receive RaftClientReply:client-19C32667576E->48affcab-e6e4-4602-963a-f6a50efbd54c@group-50C56EAF5137, cid=870, SUCCESS, logIndex=0, commits[48affcab-e6e4-4602-963a-f6a50efbd54c:c1148, 7e391b60-07ae-4d97-a027-4756e468c032:c1146, c5f86d96-67df-4f25-bde3-316f439d30b3:c1146]
2019-08-23 18:28:54,848 | INFO  | DNAudit | user=null | ip=null | op=WRITE_CHUNK {blockData=conID: 1 locID: 102667710123409839 bcsId: 0} | ret=SUCCESS |  
2019-08-23 18:28:54,849 | INFO  | DNAudit | user=null | ip=null | op=WRITE_CHUNK {blockData=conID: 1 locID: 102667710123409839 bcsId: 0} | ret=SUCCESS |  
2019-08-23 18:28:54,850 | INFO  | DNAudit | user=null | ip=null | op=WRITE_CHUNK {blockData=conID: 1 locID: 102667710123409839 bcsId: 0} | ret=SUCCESS |  
2019-08-23 18:28:54,850 | INFO  | DNAudit | user=null | ip=null | op=WRITE_CHUNK {blockData=conID: 1 locID: 102667710123409839 bcsId: 0} | ret=SUCCESS |  
2019-08-23 18:28:54,851 | INFO  | DNAudit | user=null | ip=null | op=WRITE_CHUNK {blockData=conID: 1 locID: 102667710123409839 bcsId: 0} | ret=SUCCESS |  
2019-08-23 18:28:54,852 | INFO  | DNAudit | user=null | ip=null | op=WRITE_CHUNK {blockData=conID: 1 locID: 102667710123409839 bcsId: 0} | ret=SUCCESS |  
2019-08-23 18:28:54,863 | INFO  | DNAudit | user=null | ip=null | op=WRITE_CHUNK {blockData=conID: 1 locID: 102667710123409839 bcsId: 0} | ret=SUCCESS |  
2019-08-23 18:28:54,864 | INFO  | DNAudit | user=null | ip=null | op=PUT_BLOCK {blockData=[blockId=conID: 1 locID: 102667710123409839 bcsId: 0,size=1048576]} | ret=SUCCESS |  
2019-08-23 18:28:54,864 [grpc-default-executor-0] INFO  client.GrpcClientProtocolClient (GrpcClientProtocolClient.java:onNext(255)) - client-19C32667576E->48affcab-e6e4-4602-963a-f6a50efbd54c: receive RaftClientReply:client-19C32667576E->48affcab-e6e4-4602-963a-f6a50efbd54c@group-50C56EAF5137, cid=871, SUCCESS, logIndex=1149, commits[48affcab-e6e4-4602-963a-f6a50efbd54c:c1150, 7e391b60-07ae-4d97-a027-4756e468c032:c1148, c5f86d96-67df-4f25-bde3-316f439d30b3:c1148]
2019-08-23 18:28:54,864 | INFO  | DNAudit | user=null | ip=null | op=WRITE_CHUNK {blockData=conID: 1 locID: 102667710123409839 bcsId: 0} | ret=SUCCESS |  
2019-08-23 18:28:54,865 [grpc-default-executor-4] INFO  client.GrpcClientProtocolClient (GrpcClientProtocolClient.java:onNext(255)) - client-19C32667576E->48affcab-e6e4-4602-963a-f6a50efbd54c: receive RaftClientReply:client-19C32667576E->48affcab-e6e4-4602-963a-f6a50efbd54c@group-50C56EAF5137, cid=872, SUCCESS, logIndex=1150, commits[48affcab-e6e4-4602-963a-f6a50efbd54c:c1150, 7e391b60-07ae-4d97-a027-4756e468c032:c1148, c5f86d96-67df-4f25-bde3-316f439d30b3:c1148]
2019-08-23 18:28:54,865 | INFO  | DNAudit | user=null | ip=null | op=PUT_BLOCK {blockData=[blockId=conID: 1 locID: 102667710123409839 bcsId: 0,size=2097152]} | ret=SUCCESS |  
2019-08-23 18:28:54,865 [grpc-default-executor-6] INFO  client.GrpcClientProtocolClient (GrpcClientProtocolClient.java:onNext(255)) - client-19C32667576E->48affcab-e6e4-4602-963a-f6a50efbd54c: receive RaftClientReply:client-19C32667576E->48affcab-e6e4-4602-963a-f6a50efbd54c@group-50C56EAF5137, cid=873, SUCCESS, logIndex=1151, commits[48affcab-e6e4-4602-963a-f6a50efbd54c:c1151, 7e391b60-07ae-4d97-a027-4756e468c032:c1148, c5f86d96-67df-4f25-bde3-316f439d30b3:c1148]
2019-08-23 18:28:54,865 | INFO  | DNAudit | user=null | ip=null | op=WRITE_CHUNK {blockData=conID: 1 locID: 102667710123409839 bcsId: 0} | ret=SUCCESS |  
2019-08-23 18:28:54,865 [grpc-default-executor-6] INFO  client.GrpcClientProtocolClient (GrpcClientProtocolClient.java:onNext(255)) - client-19C32667576E->48affcab-e6e4-4602-963a-f6a50efbd54c: receive RaftClientReply:client-19C32667576E->48affcab-e6e4-4602-963a-f6a50efbd54c@group-50C56EAF5137, cid=874, SUCCESS, logIndex=1152, commits[48affcab-e6e4-4602-963a-f6a50efbd54c:c1152, 7e391b60-07ae-4d97-a027-4756e468c032:c1148, c5f86d96-67df-4f25-bde3-316f439d30b3:c1148]
2019-08-23 18:28:54,865 | INFO  | DNAudit | user=null | ip=null | op=WRITE_CHUNK {blockData=conID: 1 locID: 102667710123409839 bcsId: 0} | ret=SUCCESS |  
2019-08-23 18:28:54,866 | INFO  | DNAudit | user=null | ip=null | op=PUT_BLOCK {blockData=[blockId=conID: 1 locID: 102667710123409839 bcsId: 0,size=1048576]} | ret=SUCCESS |  
2019-08-23 18:28:54,866 | INFO  | DNAudit | user=null | ip=null | op=PUT_BLOCK {blockData=[blockId=conID: 1 locID: 102667710123409839 bcsId: 0,size=1048576]} | ret=SUCCESS |  
2019-08-23 18:28:54,866 [grpc-default-executor-6] INFO  client.GrpcClientProtocolClient (GrpcClientProtocolClient.java:onNext(255)) - client-19C32667576E->48affcab-e6e4-4602-963a-f6a50efbd54c: receive RaftClientReply:client-19C32667576E->48affcab-e6e4-4602-963a-f6a50efbd54c@group-50C56EAF5137, cid=875, SUCCESS, logIndex=0, commits[48affcab-e6e4-4602-963a-f6a50efbd54c:c1154, 7e391b60-07ae-4d97-a027-4756e468c032:c1150, c5f86d96-67df-4f25-bde3-316f439d30b3:c1150]
2019-08-23 18:28:54,868 | INFO  | DNAudit | user=null | ip=null | op=WRITE_CHUNK {blockData=conID: 1 locID: 102667710123409839 bcsId: 0} | ret=SUCCESS |  
2019-08-23 18:28:54,868 | INFO  | DNAudit | user=null | ip=null | op=WRITE_CHUNK {blockData=conID: 1 locID: 102667710123409839 bcsId: 0} | ret=SUCCESS |  
2019-08-23 18:28:54,868 | INFO  | DNAudit | user=null | ip=null | op=PUT_BLOCK {blockData=[blockId=conID: 1 locID: 102667710123409839 bcsId: 0,size=2097152]} | ret=SUCCESS |  
2019-08-23 18:28:54,868 | INFO  | DNAudit | user=null | ip=null | op=PUT_BLOCK {blockData=[blockId=conID: 1 locID: 102667710123409839 bcsId: 0,size=2097152]} | ret=SUCCESS |  
2019-08-23 18:28:54,872 | INFO  | DNAudit | user=null | ip=null | op=WRITE_CHUNK {blockData=conID: 1 locID: 102667710123409839 bcsId: 1152} | ret=SUCCESS |  
2019-08-23 18:28:54,875 | INFO  | DNAudit | user=null | ip=null | op=WRITE_CHUNK {blockData=conID: 1 locID: 102667710123409839 bcsId: 1152} | ret=SUCCESS |  
2019-08-23 18:28:54,875 | INFO  | DNAudit | user=null | ip=null | op=WRITE_CHUNK {blockData=conID: 1 locID: 102667710123409839 bcsId: 1152} | ret=SUCCESS |  
2019-08-23 18:28:54,884 | INFO  | DNAudit | user=null | ip=null | op=WRITE_CHUNK {blockData=conID: 1 locID: 102667710123409839 bcsId: 1152} | ret=SUCCESS |  
2019-08-23 18:28:54,885 | INFO  | DNAudit | user=null | ip=null | op=PUT_BLOCK {blockData=[blockId=conID: 1 locID: 102667710123409839 bcsId: 0,size=3145728]} | ret=SUCCESS |  
2019-08-23 18:28:54,885 [grpc-default-executor-6] INFO  client.GrpcClientProtocolClient (GrpcClientProtocolClient.java:onNext(255)) - client-19C32667576E->48affcab-e6e4-4602-963a-f6a50efbd54c: receive RaftClientReply:client-19C32667576E->48affcab-e6e4-4602-963a-f6a50efbd54c@group-50C56EAF5137, cid=876, SUCCESS, logIndex=1157, commits[48affcab-e6e4-4602-963a-f6a50efbd54c:c1158, 7e391b60-07ae-4d97-a027-4756e468c032:c1156, c5f86d96-67df-4f25-bde3-316f439d30b3:c1156]
2019-08-23 18:28:54,885 [grpc-default-executor-6] INFO  client.GrpcClientProtocolClient (GrpcClientProtocolClient.java:onNext(255)) - client-19C32667576E->48affcab-e6e4-4602-963a-f6a50efbd54c: receive RaftClientReply:client-19C32667576E->48affcab-e6e4-4602-963a-f6a50efbd54c@group-50C56EAF5137, cid=877, SUCCESS, logIndex=1158, commits[48affcab-e6e4-4602-963a-f6a50efbd54c:c1158, 7e391b60-07ae-4d97-a027-4756e468c032:c1156, c5f86d96-67df-4f25-bde3-316f439d30b3:c1156]
2019-08-23 18:28:54,891 | INFO  | DNAudit | user=null | ip=null | op=WRITE_CHUNK {blockData=conID: 1 locID: 102667710123409839 bcsId: 1158} | ret=SUCCESS |  
2019-08-23 18:28:54,893 | INFO  | DNAudit | user=null | ip=null | op=WRITE_CHUNK {blockData=conID: 1 locID: 102667710123409839 bcsId: 1158} | ret=SUCCESS |  
2019-08-23 18:28:54,893 | INFO  | DNAudit | user=null | ip=null | op=WRITE_CHUNK {blockData=conID: 1 locID: 102667710123409839 bcsId: 1158} | ret=SUCCESS |  
2019-08-23 18:28:54,895 | INFO  | DNAudit | user=null | ip=null | op=WRITE_CHUNK {blockData=conID: 1 locID: 102667710123409839 bcsId: 1152} | ret=SUCCESS |  
2019-08-23 18:28:54,895 | INFO  | DNAudit | user=null | ip=null | op=WRITE_CHUNK {blockData=conID: 1 locID: 102667710123409839 bcsId: 1152} | ret=SUCCESS |  
2019-08-23 18:28:54,896 | INFO  | DNAudit | user=null | ip=null | op=PUT_BLOCK {blockData=[blockId=conID: 1 locID: 102667710123409839 bcsId: 0,size=3145728]} | ret=SUCCESS |  
2019-08-23 18:28:54,896 | INFO  | DNAudit | user=null | ip=null | op=PUT_BLOCK {blockData=[blockId=conID: 1 locID: 102667710123409839 bcsId: 0,size=3145728]} | ret=SUCCESS |  
2019-08-23 18:28:54,897 | INFO  | DNAudit | user=null | ip=null | op=WRITE_CHUNK {blockData=conID: 1 locID: 102667710123409839 bcsId: 1158} | ret=SUCCESS |  
2019-08-23 18:28:54,897 | INFO  | DNAudit | user=null | ip=null | op=PUT_BLOCK {blockData=[blockId=conID: 1 locID: 102667710123409839 bcsId: 0,size=4194304]} | ret=SUCCESS |  
2019-08-23 18:28:54,898 [grpc-default-executor-5] INFO  client.GrpcClientProtocolClient (GrpcClientProtocolClient.java:onNext(255)) - client-19C32667576E->48affcab-e6e4-4602-963a-f6a50efbd54c: receive RaftClientReply:client-19C32667576E->48affcab-e6e4-4602-963a-f6a50efbd54c@group-50C56EAF5137, cid=878, SUCCESS, logIndex=1161, commits[48affcab-e6e4-4602-963a-f6a50efbd54c:c1162, 7e391b60-07ae-4d97-a027-4756e468c032:c1158, c5f86d96-67df-4f25-bde3-316f439d30b3:c1158]
2019-08-23 18:28:54,898 [grpc-default-executor-5] INFO  client.GrpcClientProtocolClient (GrpcClientProtocolClient.java:onNext(255)) - client-19C32667576E->48affcab-e6e4-4602-963a-f6a50efbd54c: receive RaftClientReply:client-19C32667576E->48affcab-e6e4-4602-963a-f6a50efbd54c@group-50C56EAF5137, cid=879, SUCCESS, logIndex=1162, commits[48affcab-e6e4-4602-963a-f6a50efbd54c:c1162, 7e391b60-07ae-4d97-a027-4756e468c032:c1158, c5f86d96-67df-4f25-bde3-316f439d30b3:c1158]
2019-08-23 18:28:54,908 | INFO  | DNAudit | user=null | ip=null | op=WRITE_CHUNK {blockData=conID: 1 locID: 102667710123409839 bcsId: 1158} | ret=SUCCESS |  
2019-08-23 18:28:54,908 | INFO  | DNAudit | user=null | ip=null | op=WRITE_CHUNK {blockData=conID: 1 locID: 102667710123409839 bcsId: 1158} | ret=SUCCESS |  
2019-08-23 18:28:54,910 | INFO  | DNAudit | user=null | ip=null | op=PUT_BLOCK {blockData=[blockId=conID: 1 locID: 102667710123409839 bcsId: 0,size=4194304]} | ret=SUCCESS |  
2019-08-23 18:28:54,910 | INFO  | DNAudit | user=null | ip=null | op=PUT_BLOCK {blockData=[blockId=conID: 1 locID: 102667710123409839 bcsId: 0,size=4194304]} | ret=SUCCESS |  
2019-08-23 18:28:54,910 [grpc-default-executor-6] INFO  client.GrpcClientProtocolClient (GrpcClientProtocolClient.java:onNext(255)) - client-19C32667576E->48affcab-e6e4-4602-963a-f6a50efbd54c: receive RaftClientReply:client-19C32667576E->48affcab-e6e4-4602-963a-f6a50efbd54c@group-50C56EAF5137, cid=880, SUCCESS, logIndex=0, commits[48affcab-e6e4-4602-963a-f6a50efbd54c:c1163, 7e391b60-07ae-4d97-a027-4756e468c032:c1162, c5f86d96-67df-4f25-bde3-316f439d30b3:c1162]
2019-08-23 18:28:54,915 | INFO  | DNAudit | user=null | ip=null | op=WRITE_CHUNK {blockData=conID: 2 locID: 102667710123409840 bcsId: 0} | ret=SUCCESS |  
2019-08-23 18:28:54,918 | INFO  | DNAudit | user=null | ip=null | op=WRITE_CHUNK {blockData=conID: 2 locID: 102667710123409840 bcsId: 0} | ret=SUCCESS |  
2019-08-23 18:28:54,919 | INFO  | DNAudit | user=null | ip=null | op=WRITE_CHUNK {blockData=conID: 2 locID: 102667710123409840 bcsId: 0} | ret=SUCCESS |  
2019-08-23 18:28:54,919 | INFO  | DNAudit | user=null | ip=null | op=WRITE_CHUNK {blockData=conID: 2 locID: 102667710123409840 bcsId: 0} | ret=SUCCESS |  
2019-08-23 18:28:54,920 | INFO  | DNAudit | user=null | ip=null | op=WRITE_CHUNK {blockData=conID: 2 locID: 102667710123409840 bcsId: 0} | ret=SUCCESS |  
2019-08-23 18:28:54,920 | INFO  | DNAudit | user=null | ip=null | op=WRITE_CHUNK {blockData=conID: 2 locID: 102667710123409840 bcsId: 0} | ret=SUCCESS |  
2019-08-23 18:28:54,928 | INFO  | DNAudit | user=null | ip=null | op=WRITE_CHUNK {blockData=conID: 2 locID: 102667710123409840 bcsId: 0} | ret=SUCCESS |  
2019-08-23 18:28:54,928 | INFO  | DNAudit | user=null | ip=null | op=PUT_BLOCK {blockData=[blockId=conID: 2 locID: 102667710123409840 bcsId: 0,size=1048576]} | ret=SUCCESS |  
2019-08-23 18:28:54,929 | INFO  | DNAudit | user=null | ip=null | op=WRITE_CHUNK {blockData=conID: 2 locID: 102667710123409840 bcsId: 0} | ret=SUCCESS |  
2019-08-23 18:28:54,929 [grpc-default-executor-6] INFO  client.GrpcClientProtocolClient (GrpcClientProtocolClient.java:onNext(255)) - client-19C32667576E->48affcab-e6e4-4602-963a-f6a50efbd54c: receive RaftClientReply:client-19C32667576E->48affcab-e6e4-4602-963a-f6a50efbd54c@group-50C56EAF5137, cid=881, SUCCESS, logIndex=1165, commits[48affcab-e6e4-4602-963a-f6a50efbd54c:c1166, 7e391b60-07ae-4d97-a027-4756e468c032:c1164, c5f86d96-67df-4f25-bde3-316f439d30b3:c1164]
2019-08-23 18:28:54,929 | INFO  | DNAudit | user=null | ip=null | op=PUT_BLOCK {blockData=[blockId=conID: 2 locID: 102667710123409840 bcsId: 0,size=2097152]} | ret=SUCCESS |  
2019-08-23 18:28:54,929 [grpc-default-executor-6] INFO  client.GrpcClientProtocolClient (GrpcClientProtocolClient.java:onNext(255)) - client-19C32667576E->48affcab-e6e4-4602-963a-f6a50efbd54c: receive RaftClientReply:client-19C32667576E->48affcab-e6e4-4602-963a-f6a50efbd54c@group-50C56EAF5137, cid=882, SUCCESS, logIndex=1166, commits[48affcab-e6e4-4602-963a-f6a50efbd54c:c1167, 7e391b60-07ae-4d97-a027-4756e468c032:c1164, c5f86d96-67df-4f25-bde3-316f439d30b3:c1164]
2019-08-23 18:28:54,930 | INFO  | DNAudit | user=null | ip=null | op=WRITE_CHUNK {blockData=conID: 2 locID: 102667710123409840 bcsId: 0} | ret=SUCCESS |  
2019-08-23 18:28:54,930 | INFO  | DNAudit | user=null | ip=null | op=WRITE_CHUNK {blockData=conID: 2 locID: 102667710123409840 bcsId: 0} | ret=SUCCESS |  
2019-08-23 18:28:54,930 [grpc-default-executor-6] INFO  client.GrpcClientProtocolClient (GrpcClientProtocolClient.java:onNext(255)) - client-19C32667576E->48affcab-e6e4-4602-963a-f6a50efbd54c: receive RaftClientReply:client-19C32667576E->48affcab-e6e4-4602-963a-f6a50efbd54c@group-50C56EAF5137, cid=883, SUCCESS, logIndex=1167, commits[48affcab-e6e4-4602-963a-f6a50efbd54c:c1167, 7e391b60-07ae-4d97-a027-4756e468c032:c1164, c5f86d96-67df-4f25-bde3-316f439d30b3:c1164]
2019-08-23 18:28:54,930 | INFO  | DNAudit | user=null | ip=null | op=PUT_BLOCK {blockData=[blockId=conID: 2 locID: 102667710123409840 bcsId: 0,size=1048576]} | ret=SUCCESS |  
2019-08-23 18:28:54,930 | INFO  | DNAudit | user=null | ip=null | op=PUT_BLOCK {blockData=[blockId=conID: 2 locID: 102667710123409840 bcsId: 0,size=1048576]} | ret=SUCCESS |  
2019-08-23 18:28:54,930 [grpc-default-executor-6] INFO  client.GrpcClientProtocolClient (GrpcClientProtocolClient.java:onNext(255)) - client-19C32667576E->48affcab-e6e4-4602-963a-f6a50efbd54c: receive RaftClientReply:client-19C32667576E->48affcab-e6e4-4602-963a-f6a50efbd54c@group-50C56EAF5137, cid=884, SUCCESS, logIndex=1168, commits[48affcab-e6e4-4602-963a-f6a50efbd54c:c1168, 7e391b60-07ae-4d97-a027-4756e468c032:c1164, c5f86d96-67df-4f25-bde3-316f439d30b3:c1164]
2019-08-23 18:28:54,931 | INFO  | DNAudit | user=null | ip=null | op=WRITE_CHUNK {blockData=conID: 2 locID: 102667710123409840 bcsId: 0} | ret=SUCCESS |  
2019-08-23 18:28:54,931 | INFO  | DNAudit | user=null | ip=null | op=WRITE_CHUNK {blockData=conID: 2 locID: 102667710123409840 bcsId: 0} | ret=SUCCESS |  
2019-08-23 18:28:54,931 | INFO  | DNAudit | user=null | ip=null | op=PUT_BLOCK {blockData=[blockId=conID: 2 locID: 102667710123409840 bcsId: 0,size=2097152]} | ret=SUCCESS |  
2019-08-23 18:28:54,931 | INFO  | DNAudit | user=null | ip=null | op=PUT_BLOCK {blockData=[blockId=conID: 2 locID: 102667710123409840 bcsId: 0,size=2097152]} | ret=SUCCESS |  
2019-08-23 18:28:54,931 [grpc-default-executor-6] INFO  client.GrpcClientProtocolClient (GrpcClientProtocolClient.java:onNext(255)) - client-19C32667576E->48affcab-e6e4-4602-963a-f6a50efbd54c: receive RaftClientReply:client-19C32667576E->48affcab-e6e4-4602-963a-f6a50efbd54c@group-50C56EAF5137, cid=885, SUCCESS, logIndex=0, commits[48affcab-e6e4-4602-963a-f6a50efbd54c:c1170, 7e391b60-07ae-4d97-a027-4756e468c032:c1166, c5f86d96-67df-4f25-bde3-316f439d30b3:c1166]
2019-08-23 18:28:54,937 | INFO  | DNAudit | user=null | ip=null | op=WRITE_CHUNK {blockData=conID: 2 locID: 102667710123409840 bcsId: 1168} | ret=SUCCESS |  
2019-08-23 18:28:54,939 | INFO  | DNAudit | user=null | ip=null | op=WRITE_CHUNK {blockData=conID: 2 locID: 102667710123409840 bcsId: 1168} | ret=SUCCESS |  
2019-08-23 18:28:54,939 | INFO  | DNAudit | user=null | ip=null | op=WRITE_CHUNK {blockData=conID: 2 locID: 102667710123409840 bcsId: 1168} | ret=SUCCESS |  
2019-08-23 18:28:54,942 | INFO  | DNAudit | user=null | ip=null | op=WRITE_CHUNK {blockData=conID: 2 locID: 102667710123409840 bcsId: 1168} | ret=SUCCESS |  
2019-08-23 18:28:54,942 | INFO  | DNAudit | user=null | ip=null | op=PUT_BLOCK {blockData=[blockId=conID: 2 locID: 102667710123409840 bcsId: 0,size=3145728]} | ret=SUCCESS |  
2019-08-23 18:28:54,942 [grpc-default-executor-6] INFO  client.GrpcClientProtocolClient (GrpcClientProtocolClient.java:onNext(255)) - client-19C32667576E->48affcab-e6e4-4602-963a-f6a50efbd54c: receive RaftClientReply:client-19C32667576E->48affcab-e6e4-4602-963a-f6a50efbd54c@group-50C56EAF5137, cid=886, SUCCESS, logIndex=1173, commits[48affcab-e6e4-4602-963a-f6a50efbd54c:c1174, 7e391b60-07ae-4d97-a027-4756e468c032:c1172, c5f86d96-67df-4f25-bde3-316f439d30b3:c1172]
2019-08-23 18:28:54,943 [grpc-default-executor-6] INFO  client.GrpcClientProtocolClient (GrpcClientProtocolClient.java:onNext(255)) - client-19C32667576E->48affcab-e6e4-4602-963a-f6a50efbd54c: receive RaftClientReply:client-19C32667576E->48affcab-e6e4-4602-963a-f6a50efbd54c@group-50C56EAF5137, cid=887, SUCCESS, logIndex=1174, commits[48affcab-e6e4-4602-963a-f6a50efbd54c:c1174, 7e391b60-07ae-4d97-a027-4756e468c032:c1172, c5f86d96-67df-4f25-bde3-316f439d30b3:c1172]
2019-08-23 18:28:54,943 | INFO  | DNAudit | user=null | ip=null | op=WRITE_CHUNK {blockData=conID: 2 locID: 102667710123409840 bcsId: 1168} | ret=SUCCESS |  
2019-08-23 18:28:54,943 | INFO  | DNAudit | user=null | ip=null | op=WRITE_CHUNK {blockData=conID: 2 locID: 102667710123409840 bcsId: 1168} | ret=SUCCESS |  
2019-08-23 18:28:54,944 | INFO  | DNAudit | user=null | ip=null | op=PUT_BLOCK {blockData=[blockId=conID: 2 locID: 102667710123409840 bcsId: 0,size=3145728]} | ret=SUCCESS |  
2019-08-23 18:28:54,944 | INFO  | DNAudit | user=null | ip=null | op=PUT_BLOCK {blockData=[blockId=conID: 2 locID: 102667710123409840 bcsId: 0,size=3145728]} | ret=SUCCESS |  
2019-08-23 18:28:54,948 | INFO  | DNAudit | user=null | ip=null | op=WRITE_CHUNK {blockData=conID: 2 locID: 102667710123409840 bcsId: 1174} | ret=SUCCESS |  
2019-08-23 18:28:54,951 | INFO  | DNAudit | user=null | ip=null | op=WRITE_CHUNK {blockData=conID: 2 locID: 102667710123409840 bcsId: 1174} | ret=SUCCESS |  
2019-08-23 18:28:54,951 | INFO  | DNAudit | user=null | ip=null | op=WRITE_CHUNK {blockData=conID: 2 locID: 102667710123409840 bcsId: 1174} | ret=SUCCESS |  
2019-08-23 18:28:54,953 | INFO  | DNAudit | user=null | ip=null | op=WRITE_CHUNK {blockData=conID: 2 locID: 102667710123409840 bcsId: 1174} | ret=SUCCESS |  
2019-08-23 18:28:54,954 | INFO  | DNAudit | user=null | ip=null | op=PUT_BLOCK {blockData=[blockId=conID: 2 locID: 102667710123409840 bcsId: 0,size=4194304]} | ret=SUCCESS |  
2019-08-23 18:28:54,954 [grpc-default-executor-5] INFO  client.GrpcClientProtocolClient (GrpcClientProtocolClient.java:onNext(255)) - client-19C32667576E->48affcab-e6e4-4602-963a-f6a50efbd54c: receive RaftClientReply:client-19C32667576E->48affcab-e6e4-4602-963a-f6a50efbd54c@group-50C56EAF5137, cid=888, SUCCESS, logIndex=1177, commits[48affcab-e6e4-4602-963a-f6a50efbd54c:c1178, 7e391b60-07ae-4d97-a027-4756e468c032:c1176, c5f86d96-67df-4f25-bde3-316f439d30b3:c1176]
2019-08-23 18:28:54,954 [grpc-default-executor-5] INFO  client.GrpcClientProtocolClient (GrpcClientProtocolClient.java:onNext(255)) - client-19C32667576E->48affcab-e6e4-4602-963a-f6a50efbd54c: receive RaftClientReply:client-19C32667576E->48affcab-e6e4-4602-963a-f6a50efbd54c@group-50C56EAF5137, cid=889, SUCCESS, logIndex=1178, commits[48affcab-e6e4-4602-963a-f6a50efbd54c:c1178, 7e391b60-07ae-4d97-a027-4756e468c032:c1176, c5f86d96-67df-4f25-bde3-316f439d30b3:c1176]
2019-08-23 18:28:54,955 | INFO  | DNAudit | user=null | ip=null | op=WRITE_CHUNK {blockData=conID: 2 locID: 102667710123409840 bcsId: 1174} | ret=SUCCESS |  
2019-08-23 18:28:54,955 | INFO  | DNAudit | user=null | ip=null | op=WRITE_CHUNK {blockData=conID: 2 locID: 102667710123409840 bcsId: 1174} | ret=SUCCESS |  
2019-08-23 18:28:54,955 | INFO  | DNAudit | user=null | ip=null | op=PUT_BLOCK {blockData=[blockId=conID: 2 locID: 102667710123409840 bcsId: 0,size=4194304]} | ret=SUCCESS |  
2019-08-23 18:28:54,956 | INFO  | DNAudit | user=null | ip=null | op=PUT_BLOCK {blockData=[blockId=conID: 2 locID: 102667710123409840 bcsId: 0,size=4194304]} | ret=SUCCESS |  
2019-08-23 18:28:54,957 [grpc-default-executor-5] INFO  client.GrpcClientProtocolClient (GrpcClientProtocolClient.java:onNext(255)) - client-19C32667576E->48affcab-e6e4-4602-963a-f6a50efbd54c: receive RaftClientReply:client-19C32667576E->48affcab-e6e4-4602-963a-f6a50efbd54c@group-50C56EAF5137, cid=890, SUCCESS, logIndex=0, commits[48affcab-e6e4-4602-963a-f6a50efbd54c:c1180, 7e391b60-07ae-4d97-a027-4756e468c032:c1178, c5f86d96-67df-4f25-bde3-316f439d30b3:c1178]
2019-08-23 18:28:54,963 | INFO  | DNAudit | user=null | ip=null | op=WRITE_CHUNK {blockData=conID: 3 locID: 102667710123409841 bcsId: 0} | ret=SUCCESS |  
2019-08-23 18:28:54,965 | INFO  | DNAudit | user=null | ip=null | op=WRITE_CHUNK {blockData=conID: 3 locID: 102667710123409841 bcsId: 0} | ret=SUCCESS |  
2019-08-23 18:28:54,965 | INFO  | DNAudit | user=null | ip=null | op=WRITE_CHUNK {blockData=conID: 3 locID: 102667710123409841 bcsId: 0} | ret=SUCCESS |  
2019-08-23 18:28:54,966 | INFO  | DNAudit | user=null | ip=null | op=WRITE_CHUNK {blockData=conID: 3 locID: 102667710123409841 bcsId: 0} | ret=SUCCESS |  
2019-08-23 18:28:54,967 | INFO  | DNAudit | user=null | ip=null | op=WRITE_CHUNK {blockData=conID: 3 locID: 102667710123409841 bcsId: 0} | ret=SUCCESS |  
2019-08-23 18:28:54,967 | INFO  | DNAudit | user=null | ip=null | op=PUT_BLOCK {blockData=[blockId=conID: 3 locID: 102667710123409841 bcsId: 0,size=1048576]} | ret=SUCCESS |  
2019-08-23 18:28:54,968 | INFO  | DNAudit | user=null | ip=null | op=WRITE_CHUNK {blockData=conID: 3 locID: 102667710123409841 bcsId: 0} | ret=SUCCESS |  
2019-08-23 18:28:54,968 [grpc-default-executor-4] INFO  client.GrpcClientProtocolClient (GrpcClientProtocolClient.java:onNext(255)) - client-19C32667576E->48affcab-e6e4-4602-963a-f6a50efbd54c: receive RaftClientReply:client-19C32667576E->48affcab-e6e4-4602-963a-f6a50efbd54c@group-50C56EAF5137, cid=891, SUCCESS, logIndex=1181, commits[48affcab-e6e4-4602-963a-f6a50efbd54c:c1182, 7e391b60-07ae-4d97-a027-4756e468c032:c1180, c5f86d96-67df-4f25-bde3-316f439d30b3:c1178]
2019-08-23 18:28:54,968 | INFO  | DNAudit | user=null | ip=null | op=WRITE_CHUNK {blockData=conID: 3 locID: 102667710123409841 bcsId: 0} | ret=SUCCESS |  
2019-08-23 18:28:54,968 [grpc-default-executor-4] INFO  client.GrpcClientProtocolClient (GrpcClientProtocolClient.java:onNext(255)) - client-19C32667576E->48affcab-e6e4-4602-963a-f6a50efbd54c: receive RaftClientReply:client-19C32667576E->48affcab-e6e4-4602-963a-f6a50efbd54c@group-50C56EAF5137, cid=892, SUCCESS, logIndex=1182, commits[48affcab-e6e4-4602-963a-f6a50efbd54c:c1182, 7e391b60-07ae-4d97-a027-4756e468c032:c1180, c5f86d96-67df-4f25-bde3-316f439d30b3:c1180]
2019-08-23 18:28:54,969 | INFO  | DNAudit | user=null | ip=null | op=WRITE_CHUNK {blockData=conID: 3 locID: 102667710123409841 bcsId: 0} | ret=SUCCESS |  
2019-08-23 18:28:54,969 | INFO  | DNAudit | user=null | ip=null | op=WRITE_CHUNK {blockData=conID: 3 locID: 102667710123409841 bcsId: 0} | ret=SUCCESS |  
2019-08-23 18:28:54,970 | INFO  | DNAudit | user=null | ip=null | op=PUT_BLOCK {blockData=[blockId=conID: 3 locID: 102667710123409841 bcsId: 0,size=2097152]} | ret=SUCCESS |  
2019-08-23 18:28:54,970 | INFO  | DNAudit | user=null | ip=null | op=WRITE_CHUNK {blockData=conID: 3 locID: 102667710123409841 bcsId: 0} | ret=SUCCESS |  
2019-08-23 18:28:54,970 | INFO  | DNAudit | user=null | ip=null | op=PUT_BLOCK {blockData=[blockId=conID: 3 locID: 102667710123409841 bcsId: 0,size=1048576]} | ret=SUCCESS |  
2019-08-23 18:28:54,970 [grpc-default-executor-6] INFO  client.GrpcClientProtocolClient (GrpcClientProtocolClient.java:onNext(255)) - client-19C32667576E->48affcab-e6e4-4602-963a-f6a50efbd54c: receive RaftClientReply:client-19C32667576E->48affcab-e6e4-4602-963a-f6a50efbd54c@group-50C56EAF5137, cid=893, SUCCESS, logIndex=1183, commits[48affcab-e6e4-4602-963a-f6a50efbd54c:c1184, 7e391b60-07ae-4d97-a027-4756e468c032:c1181, c5f86d96-67df-4f25-bde3-316f439d30b3:c1180]
2019-08-23 18:28:54,970 | INFO  | DNAudit | user=null | ip=null | op=PUT_BLOCK {blockData=[blockId=conID: 3 locID: 102667710123409841 bcsId: 0,size=1048576]} | ret=SUCCESS |  
2019-08-23 18:28:54,970 [grpc-default-executor-4] INFO  client.GrpcClientProtocolClient (GrpcClientProtocolClient.java:onNext(255)) - client-19C32667576E->48affcab-e6e4-4602-963a-f6a50efbd54c: receive RaftClientReply:client-19C32667576E->48affcab-e6e4-4602-963a-f6a50efbd54c@group-50C56EAF5137, cid=894, SUCCESS, logIndex=1184, commits[48affcab-e6e4-4602-963a-f6a50efbd54c:c1185, 7e391b60-07ae-4d97-a027-4756e468c032:c1181, c5f86d96-67df-4f25-bde3-316f439d30b3:c1182]
2019-08-23 18:28:54,971 | INFO  | DNAudit | user=null | ip=null | op=WRITE_CHUNK {blockData=conID: 3 locID: 102667710123409841 bcsId: 0} | ret=SUCCESS |  
2019-08-23 18:28:54,971 | INFO  | DNAudit | user=null | ip=null | op=WRITE_CHUNK {blockData=conID: 3 locID: 102667710123409841 bcsId: 0} | ret=SUCCESS |  
2019-08-23 18:28:54,971 | INFO  | DNAudit | user=null | ip=null | op=PUT_BLOCK {blockData=[blockId=conID: 3 locID: 102667710123409841 bcsId: 0,size=2097152]} | ret=SUCCESS |  
2019-08-23 18:28:54,971 | INFO  | DNAudit | user=null | ip=null | op=PUT_BLOCK {blockData=[blockId=conID: 3 locID: 102667710123409841 bcsId: 0,size=2097152]} | ret=SUCCESS |  
2019-08-23 18:28:54,971 [grpc-default-executor-6] INFO  client.GrpcClientProtocolClient (GrpcClientProtocolClient.java:onNext(255)) - client-19C32667576E->48affcab-e6e4-4602-963a-f6a50efbd54c: receive RaftClientReply:client-19C32667576E->48affcab-e6e4-4602-963a-f6a50efbd54c@group-50C56EAF5137, cid=895, SUCCESS, logIndex=0, commits[48affcab-e6e4-4602-963a-f6a50efbd54c:c1187, 7e391b60-07ae-4d97-a027-4756e468c032:c1183, c5f86d96-67df-4f25-bde3-316f439d30b3:c1183]
2019-08-23 18:28:54,977 | INFO  | DNAudit | user=null | ip=null | op=WRITE_CHUNK {blockData=conID: 3 locID: 102667710123409841 bcsId: 1184} | ret=SUCCESS |  
2019-08-23 18:28:54,980 | INFO  | DNAudit | user=null | ip=null | op=WRITE_CHUNK {blockData=conID: 3 locID: 102667710123409841 bcsId: 1184} | ret=SUCCESS |  
2019-08-23 18:28:54,980 | INFO  | DNAudit | user=null | ip=null | op=WRITE_CHUNK {blockData=conID: 3 locID: 102667710123409841 bcsId: 1184} | ret=SUCCESS |  
2019-08-23 18:28:54,983 | INFO  | DNAudit | user=null | ip=null | op=WRITE_CHUNK {blockData=conID: 3 locID: 102667710123409841 bcsId: 1184} | ret=SUCCESS |  
2019-08-23 18:28:54,983 | INFO  | DNAudit | user=null | ip=null | op=PUT_BLOCK {blockData=[blockId=conID: 3 locID: 102667710123409841 bcsId: 0,size=3145728]} | ret=SUCCESS |  
2019-08-23 18:28:54,983 [grpc-default-executor-0] INFO  client.GrpcClientProtocolClient (GrpcClientProtocolClient.java:onNext(255)) - client-19C32667576E->48affcab-e6e4-4602-963a-f6a50efbd54c: receive RaftClientReply:client-19C32667576E->48affcab-e6e4-4602-963a-f6a50efbd54c@group-50C56EAF5137, cid=896, SUCCESS, logIndex=1189, commits[48affcab-e6e4-4602-963a-f6a50efbd54c:c1190, 7e391b60-07ae-4d97-a027-4756e468c032:c1184, c5f86d96-67df-4f25-bde3-316f439d30b3:c1188]
2019-08-23 18:28:54,983 [grpc-default-executor-0] INFO  client.GrpcClientProtocolClient (GrpcClientProtocolClient.java:onNext(255)) - client-19C32667576E->48affcab-e6e4-4602-963a-f6a50efbd54c: receive RaftClientReply:client-19C32667576E->48affcab-e6e4-4602-963a-f6a50efbd54c@group-50C56EAF5137, cid=897, SUCCESS, logIndex=1190, commits[48affcab-e6e4-4602-963a-f6a50efbd54c:c1190, 7e391b60-07ae-4d97-a027-4756e468c032:c1188, c5f86d96-67df-4f25-bde3-316f439d30b3:c1188]
2019-08-23 18:28:54,984 | INFO  | DNAudit | user=null | ip=null | op=WRITE_CHUNK {blockData=conID: 3 locID: 102667710123409841 bcsId: 1184} | ret=SUCCESS |  
2019-08-23 18:28:54,984 | INFO  | DNAudit | user=null | ip=null | op=WRITE_CHUNK {blockData=conID: 3 locID: 102667710123409841 bcsId: 1184} | ret=SUCCESS |  
2019-08-23 18:28:54,985 | INFO  | DNAudit | user=null | ip=null | op=PUT_BLOCK {blockData=[blockId=conID: 3 locID: 102667710123409841 bcsId: 0,size=3145728]} | ret=SUCCESS |  
2019-08-23 18:28:54,985 | INFO  | DNAudit | user=null | ip=null | op=PUT_BLOCK {blockData=[blockId=conID: 3 locID: 102667710123409841 bcsId: 0,size=3145728]} | ret=SUCCESS |  
2019-08-23 18:28:54,989 | INFO  | DNAudit | user=null | ip=null | op=WRITE_CHUNK {blockData=conID: 3 locID: 102667710123409841 bcsId: 1190} | ret=SUCCESS |  
2019-08-23 18:28:54,992 | INFO  | DNAudit | user=null | ip=null | op=WRITE_CHUNK {blockData=conID: 3 locID: 102667710123409841 bcsId: 1190} | ret=SUCCESS |  
2019-08-23 18:28:54,992 | INFO  | DNAudit | user=null | ip=null | op=WRITE_CHUNK {blockData=conID: 3 locID: 102667710123409841 bcsId: 1190} | ret=SUCCESS |  
2019-08-23 18:28:54,994 | INFO  | DNAudit | user=null | ip=null | op=WRITE_CHUNK {blockData=conID: 3 locID: 102667710123409841 bcsId: 1190} | ret=SUCCESS |  
2019-08-23 18:28:54,994 | INFO  | DNAudit | user=null | ip=null | op=PUT_BLOCK {blockData=[blockId=conID: 3 locID: 102667710123409841 bcsId: 0,size=4194304]} | ret=SUCCESS |  
2019-08-23 18:28:54,995 [grpc-default-executor-0] INFO  client.GrpcClientProtocolClient (GrpcClientProtocolClient.java:onNext(255)) - client-19C32667576E->48affcab-e6e4-4602-963a-f6a50efbd54c: receive RaftClientReply:client-19C32667576E->48affcab-e6e4-4602-963a-f6a50efbd54c@group-50C56EAF5137, cid=898, SUCCESS, logIndex=1193, commits[48affcab-e6e4-4602-963a-f6a50efbd54c:c1194, 7e391b60-07ae-4d97-a027-4756e468c032:c1192, c5f86d96-67df-4f25-bde3-316f439d30b3:c1190]
2019-08-23 18:28:54,995 [grpc-default-executor-0] INFO  client.GrpcClientProtocolClient (GrpcClientProtocolClient.java:onNext(255)) - client-19C32667576E->48affcab-e6e4-4602-963a-f6a50efbd54c: receive RaftClientReply:client-19C32667576E->48affcab-e6e4-4602-963a-f6a50efbd54c@group-50C56EAF5137, cid=899, SUCCESS, logIndex=1194, commits[48affcab-e6e4-4602-963a-f6a50efbd54c:c1194, 7e391b60-07ae-4d97-a027-4756e468c032:c1192, c5f86d96-67df-4f25-bde3-316f439d30b3:c1190]
2019-08-23 18:28:54,995 | INFO  | DNAudit | user=null | ip=null | op=WRITE_CHUNK {blockData=conID: 3 locID: 102667710123409841 bcsId: 1190} | ret=SUCCESS |  
2019-08-23 18:28:54,996 | INFO  | DNAudit | user=null | ip=null | op=PUT_BLOCK {blockData=[blockId=conID: 3 locID: 102667710123409841 bcsId: 0,size=4194304]} | ret=SUCCESS |  
2019-08-23 18:28:54,996 | INFO  | DNAudit | user=null | ip=null | op=WRITE_CHUNK {blockData=conID: 3 locID: 102667710123409841 bcsId: 1190} | ret=SUCCESS |  
2019-08-23 18:28:54,996 | INFO  | DNAudit | user=null | ip=null | op=PUT_BLOCK {blockData=[blockId=conID: 3 locID: 102667710123409841 bcsId: 0,size=4194304]} | ret=SUCCESS |  
2019-08-23 18:28:54,996 [grpc-default-executor-6] INFO  client.GrpcClientProtocolClient (GrpcClientProtocolClient.java:onNext(255)) - client-19C32667576E->48affcab-e6e4-4602-963a-f6a50efbd54c: receive RaftClientReply:client-19C32667576E->48affcab-e6e4-4602-963a-f6a50efbd54c@group-50C56EAF5137, cid=900, SUCCESS, logIndex=0, commits[48affcab-e6e4-4602-963a-f6a50efbd54c:c1195, 7e391b60-07ae-4d97-a027-4756e468c032:c1194, c5f86d96-67df-4f25-bde3-316f439d30b3:c1194]
2019-08-23 18:28:55,002 | INFO  | DNAudit | user=null | ip=null | op=WRITE_CHUNK {blockData=conID: 1 locID: 102667710123409842 bcsId: 0} | ret=SUCCESS |  
2019-08-23 18:28:55,005 | INFO  | DNAudit | user=null | ip=null | op=WRITE_CHUNK {blockData=conID: 1 locID: 102667710123409842 bcsId: 0} | ret=SUCCESS |  
2019-08-23 18:28:55,005 | INFO  | DNAudit | user=null | ip=null | op=WRITE_CHUNK {blockData=conID: 1 locID: 102667710123409842 bcsId: 0} | ret=SUCCESS |  
2019-08-23 18:28:55,005 | INFO  | DNAudit | user=null | ip=null | op=WRITE_CHUNK {blockData=conID: 1 locID: 102667710123409842 bcsId: 0} | ret=SUCCESS |  
2019-08-23 18:28:55,007 | INFO  | DNAudit | user=null | ip=null | op=WRITE_CHUNK {blockData=conID: 1 locID: 102667710123409842 bcsId: 0} | ret=SUCCESS |  
2019-08-23 18:28:55,007 | INFO  | DNAudit | user=null | ip=null | op=WRITE_CHUNK {blockData=conID: 1 locID: 102667710123409842 bcsId: 0} | ret=SUCCESS |  
2019-08-23 18:28:55,021 | INFO  | DNAudit | user=null | ip=null | op=WRITE_CHUNK {blockData=conID: 1 locID: 102667710123409842 bcsId: 0} | ret=SUCCESS |  
2019-08-23 18:28:55,021 | INFO  | DNAudit | user=null | ip=null | op=PUT_BLOCK {blockData=[blockId=conID: 1 locID: 102667710123409842 bcsId: 0,size=1048576]} | ret=SUCCESS |  
2019-08-23 18:28:55,022 | INFO  | DNAudit | user=null | ip=null | op=WRITE_CHUNK {blockData=conID: 1 locID: 102667710123409842 bcsId: 0} | ret=SUCCESS |  
2019-08-23 18:28:55,022 [grpc-default-executor-6] INFO  client.GrpcClientProtocolClient (GrpcClientProtocolClient.java:onNext(255)) - client-19C32667576E->48affcab-e6e4-4602-963a-f6a50efbd54c: receive RaftClientReply:client-19C32667576E->48affcab-e6e4-4602-963a-f6a50efbd54c@group-50C56EAF5137, cid=901, SUCCESS, logIndex=1197, commits[48affcab-e6e4-4602-963a-f6a50efbd54c:c1198, 7e391b60-07ae-4d97-a027-4756e468c032:c1196, c5f86d96-67df-4f25-bde3-316f439d30b3:c1196]
2019-08-23 18:28:55,022 | INFO  | DNAudit | user=null | ip=null | op=PUT_BLOCK {blockData=[blockId=conID: 1 locID: 102667710123409842 bcsId: 0,size=2097152]} | ret=SUCCESS |  
2019-08-23 18:28:55,023 [grpc-default-executor-6] INFO  client.GrpcClientProtocolClient (GrpcClientProtocolClient.java:onNext(255)) - client-19C32667576E->48affcab-e6e4-4602-963a-f6a50efbd54c: receive RaftClientReply:client-19C32667576E->48affcab-e6e4-4602-963a-f6a50efbd54c@group-50C56EAF5137, cid=902, SUCCESS, logIndex=1198, commits[48affcab-e6e4-4602-963a-f6a50efbd54c:c1200, 7e391b60-07ae-4d97-a027-4756e468c032:c1196, c5f86d96-67df-4f25-bde3-316f439d30b3:c1196]
2019-08-23 18:28:55,023 [grpc-default-executor-6] INFO  client.GrpcClientProtocolClient (GrpcClientProtocolClient.java:onNext(255)) - client-19C32667576E->48affcab-e6e4-4602-963a-f6a50efbd54c: receive RaftClientReply:client-19C32667576E->48affcab-e6e4-4602-963a-f6a50efbd54c@group-50C56EAF5137, cid=903, SUCCESS, logIndex=1199, commits[48affcab-e6e4-4602-963a-f6a50efbd54c:c1200, 7e391b60-07ae-4d97-a027-4756e468c032:c1196, c5f86d96-67df-4f25-bde3-316f439d30b3:c1196]
2019-08-23 18:28:55,023 [grpc-default-executor-6] INFO  client.GrpcClientProtocolClient (GrpcClientProtocolClient.java:onNext(255)) - client-19C32667576E->48affcab-e6e4-4602-963a-f6a50efbd54c: receive RaftClientReply:client-19C32667576E->48affcab-e6e4-4602-963a-f6a50efbd54c@group-50C56EAF5137, cid=904, SUCCESS, logIndex=1200, commits[48affcab-e6e4-4602-963a-f6a50efbd54c:c1200, 7e391b60-07ae-4d97-a027-4756e468c032:c1196, c5f86d96-67df-4f25-bde3-316f439d30b3:c1196]
2019-08-23 18:28:55,023 | INFO  | DNAudit | user=null | ip=null | op=WRITE_CHUNK {blockData=conID: 1 locID: 102667710123409842 bcsId: 0} | ret=SUCCESS |  
2019-08-23 18:28:55,024 | INFO  | DNAudit | user=null | ip=null | op=WRITE_CHUNK {blockData=conID: 1 locID: 102667710123409842 bcsId: 0} | ret=SUCCESS |  
2019-08-23 18:28:55,024 | INFO  | DNAudit | user=null | ip=null | op=PUT_BLOCK {blockData=[blockId=conID: 1 locID: 102667710123409842 bcsId: 0,size=1048576]} | ret=SUCCESS |  
2019-08-23 18:28:55,024 | INFO  | DNAudit | user=null | ip=null | op=WRITE_CHUNK {blockData=conID: 1 locID: 102667710123409842 bcsId: 0} | ret=SUCCESS |  
2019-08-23 18:28:55,024 | INFO  | DNAudit | user=null | ip=null | op=PUT_BLOCK {blockData=[blockId=conID: 1 locID: 102667710123409842 bcsId: 0,size=1048576]} | ret=SUCCESS |  
2019-08-23 18:28:55,025 | INFO  | DNAudit | user=null | ip=null | op=PUT_BLOCK {blockData=[blockId=conID: 1 locID: 102667710123409842 bcsId: 0,size=2097152]} | ret=SUCCESS |  
2019-08-23 18:28:55,025 | INFO  | DNAudit | user=null | ip=null | op=WRITE_CHUNK {blockData=conID: 1 locID: 102667710123409842 bcsId: 0} | ret=SUCCESS |  
2019-08-23 18:28:55,025 | INFO  | DNAudit | user=null | ip=null | op=PUT_BLOCK {blockData=[blockId=conID: 1 locID: 102667710123409842 bcsId: 0,size=2097152]} | ret=SUCCESS |  
2019-08-23 18:28:55,025 [grpc-default-executor-6] INFO  client.GrpcClientProtocolClient (GrpcClientProtocolClient.java:onNext(255)) - client-19C32667576E->48affcab-e6e4-4602-963a-f6a50efbd54c: receive RaftClientReply:client-19C32667576E->48affcab-e6e4-4602-963a-f6a50efbd54c@group-50C56EAF5137, cid=905, SUCCESS, logIndex=0, commits[48affcab-e6e4-4602-963a-f6a50efbd54c:c1204, 7e391b60-07ae-4d97-a027-4756e468c032:c1200, c5f86d96-67df-4f25-bde3-316f439d30b3:c1198]
2019-08-23 18:28:55,030 | INFO  | DNAudit | user=null | ip=null | op=WRITE_CHUNK {blockData=conID: 1 locID: 102667710123409842 bcsId: 1200} | ret=SUCCESS |  
2019-08-23 18:28:55,033 | INFO  | DNAudit | user=null | ip=null | op=WRITE_CHUNK {blockData=conID: 1 locID: 102667710123409842 bcsId: 1200} | ret=SUCCESS |  
2019-08-23 18:28:55,033 | INFO  | DNAudit | user=null | ip=null | op=WRITE_CHUNK {blockData=conID: 1 locID: 102667710123409842 bcsId: 1200} | ret=SUCCESS |  
2019-08-23 18:28:55,038 | INFO  | DNAudit | user=null | ip=null | op=WRITE_CHUNK {blockData=conID: 1 locID: 102667710123409842 bcsId: 1200} | ret=SUCCESS |  
2019-08-23 18:28:55,038 | INFO  | DNAudit | user=null | ip=null | op=PUT_BLOCK {blockData=[blockId=conID: 1 locID: 102667710123409842 bcsId: 0,size=3145728]} | ret=SUCCESS |  
2019-08-23 18:28:55,038 [grpc-default-executor-0] INFO  client.GrpcClientProtocolClient (GrpcClientProtocolClient.java:onNext(255)) - client-19C32667576E->48affcab-e6e4-4602-963a-f6a50efbd54c: receive RaftClientReply:client-19C32667576E->48affcab-e6e4-4602-963a-f6a50efbd54c@group-50C56EAF5137, cid=906, SUCCESS, logIndex=1205, commits[48affcab-e6e4-4602-963a-f6a50efbd54c:c1206, 7e391b60-07ae-4d97-a027-4756e468c032:c1204, c5f86d96-67df-4f25-bde3-316f439d30b3:c1204]
2019-08-23 18:28:55,039 [grpc-default-executor-0] INFO  client.GrpcClientProtocolClient (GrpcClientProtocolClient.java:onNext(255)) - client-19C32667576E->48affcab-e6e4-4602-963a-f6a50efbd54c: receive RaftClientReply:client-19C32667576E->48affcab-e6e4-4602-963a-f6a50efbd54c@group-50C56EAF5137, cid=907, SUCCESS, logIndex=1206, commits[48affcab-e6e4-4602-963a-f6a50efbd54c:c1206, 7e391b60-07ae-4d97-a027-4756e468c032:c1204, c5f86d96-67df-4f25-bde3-316f439d30b3:c1204]
2019-08-23 18:28:55,039 | INFO  | DNAudit | user=null | ip=null | op=WRITE_CHUNK {blockData=conID: 1 locID: 102667710123409842 bcsId: 1200} | ret=SUCCESS |  
2019-08-23 18:28:55,039 | INFO  | DNAudit | user=null | ip=null | op=WRITE_CHUNK {blockData=conID: 1 locID: 102667710123409842 bcsId: 1200} | ret=SUCCESS |  
2019-08-23 18:28:55,041 | INFO  | DNAudit | user=null | ip=null | op=PUT_BLOCK {blockData=[blockId=conID: 1 locID: 102667710123409842 bcsId: 0,size=3145728]} | ret=SUCCESS |  
2019-08-23 18:28:55,041 | INFO  | DNAudit | user=null | ip=null | op=PUT_BLOCK {blockData=[blockId=conID: 1 locID: 102667710123409842 bcsId: 0,size=3145728]} | ret=SUCCESS |  
2019-08-23 18:28:55,044 | INFO  | DNAudit | user=null | ip=null | op=WRITE_CHUNK {blockData=conID: 1 locID: 102667710123409842 bcsId: 1206} | ret=SUCCESS |  
2019-08-23 18:28:55,047 | INFO  | DNAudit | user=null | ip=null | op=WRITE_CHUNK {blockData=conID: 1 locID: 102667710123409842 bcsId: 1206} | ret=SUCCESS |  
2019-08-23 18:28:55,047 | INFO  | DNAudit | user=null | ip=null | op=WRITE_CHUNK {blockData=conID: 1 locID: 102667710123409842 bcsId: 1206} | ret=SUCCESS |  
2019-08-23 18:28:55,056 | INFO  | DNAudit | user=null | ip=null | op=WRITE_CHUNK {blockData=conID: 1 locID: 102667710123409842 bcsId: 1206} | ret=SUCCESS |  
2019-08-23 18:28:55,057 | INFO  | DNAudit | user=null | ip=null | op=PUT_BLOCK {blockData=[blockId=conID: 1 locID: 102667710123409842 bcsId: 0,size=4194304]} | ret=SUCCESS |  
2019-08-23 18:28:55,057 [grpc-default-executor-0] INFO  client.GrpcClientProtocolClient (GrpcClientProtocolClient.java:onNext(255)) - client-19C32667576E->48affcab-e6e4-4602-963a-f6a50efbd54c: receive RaftClientReply:client-19C32667576E->48affcab-e6e4-4602-963a-f6a50efbd54c@group-50C56EAF5137, cid=908, SUCCESS, logIndex=1209, commits[48affcab-e6e4-4602-963a-f6a50efbd54c:c1210, 7e391b60-07ae-4d97-a027-4756e468c032:c1208, c5f86d96-67df-4f25-bde3-316f439d30b3:c1208]
2019-08-23 18:28:55,057 [grpc-default-executor-0] INFO  client.GrpcClientProtocolClient (GrpcClientProtocolClient.java:onNext(255)) - client-19C32667576E->48affcab-e6e4-4602-963a-f6a50efbd54c: receive RaftClientReply:client-19C32667576E->48affcab-e6e4-4602-963a-f6a50efbd54c@group-50C56EAF5137, cid=909, SUCCESS, logIndex=1210, commits[48affcab-e6e4-4602-963a-f6a50efbd54c:c1210, 7e391b60-07ae-4d97-a027-4756e468c032:c1208, c5f86d96-67df-4f25-bde3-316f439d30b3:c1208]
2019-08-23 18:28:55,068 | INFO  | DNAudit | user=null | ip=null | op=WRITE_CHUNK {blockData=conID: 1 locID: 102667710123409842 bcsId: 1206} | ret=SUCCESS |  
2019-08-23 18:28:55,068 | INFO  | DNAudit | user=null | ip=null | op=WRITE_CHUNK {blockData=conID: 1 locID: 102667710123409842 bcsId: 1206} | ret=SUCCESS |  
2019-08-23 18:28:55,068 | INFO  | DNAudit | user=null | ip=null | op=PUT_BLOCK {blockData=[blockId=conID: 1 locID: 102667710123409842 bcsId: 0,size=4194304]} | ret=SUCCESS |  
2019-08-23 18:28:55,068 | INFO  | DNAudit | user=null | ip=null | op=PUT_BLOCK {blockData=[blockId=conID: 1 locID: 102667710123409842 bcsId: 0,size=4194304]} | ret=SUCCESS |  
2019-08-23 18:28:55,068 [grpc-default-executor-0] INFO  client.GrpcClientProtocolClient (GrpcClientProtocolClient.java:onNext(255)) - client-19C32667576E->48affcab-e6e4-4602-963a-f6a50efbd54c: receive RaftClientReply:client-19C32667576E->48affcab-e6e4-4602-963a-f6a50efbd54c@group-50C56EAF5137, cid=910, SUCCESS, logIndex=0, commits[48affcab-e6e4-4602-963a-f6a50efbd54c:c1211, 7e391b60-07ae-4d97-a027-4756e468c032:c1210, c5f86d96-67df-4f25-bde3-316f439d30b3:c1210]
2019-08-23 18:28:55,074 | INFO  | DNAudit | user=null | ip=null | op=WRITE_CHUNK {blockData=conID: 2 locID: 102667710123475379 bcsId: 0} | ret=SUCCESS |  
2019-08-23 18:28:55,076 | INFO  | DNAudit | user=null | ip=null | op=WRITE_CHUNK {blockData=conID: 2 locID: 102667710123475379 bcsId: 0} | ret=SUCCESS |  
2019-08-23 18:28:55,077 | INFO  | DNAudit | user=null | ip=null | op=WRITE_CHUNK {blockData=conID: 2 locID: 102667710123475379 bcsId: 0} | ret=SUCCESS |  
2019-08-23 18:28:55,077 | INFO  | DNAudit | user=null | ip=null | op=WRITE_CHUNK {blockData=conID: 2 locID: 102667710123475379 bcsId: 0} | ret=SUCCESS |  
2019-08-23 18:28:55,079 | INFO  | DNAudit | user=null | ip=null | op=WRITE_CHUNK {blockData=conID: 2 locID: 102667710123475379 bcsId: 0} | ret=SUCCESS |  
2019-08-23 18:28:55,079 | INFO  | DNAudit | user=null | ip=null | op=WRITE_CHUNK {blockData=conID: 2 locID: 102667710123475379 bcsId: 0} | ret=SUCCESS |  
2019-08-23 18:28:55,086 | INFO  | DNAudit | user=null | ip=null | op=WRITE_CHUNK {blockData=conID: 2 locID: 102667710123475379 bcsId: 0} | ret=SUCCESS |  
2019-08-23 18:28:55,086 | INFO  | DNAudit | user=null | ip=null | op=PUT_BLOCK {blockData=[blockId=conID: 2 locID: 102667710123475379 bcsId: 0,size=1048576]} | ret=SUCCESS |  
2019-08-23 18:28:55,087 [grpc-default-executor-4] INFO  client.GrpcClientProtocolClient (GrpcClientProtocolClient.java:onNext(255)) - client-19C32667576E->48affcab-e6e4-4602-963a-f6a50efbd54c: receive RaftClientReply:client-19C32667576E->48affcab-e6e4-4602-963a-f6a50efbd54c@group-50C56EAF5137, cid=911, SUCCESS, logIndex=1213, commits[48affcab-e6e4-4602-963a-f6a50efbd54c:c1214, 7e391b60-07ae-4d97-a027-4756e468c032:c1212, c5f86d96-67df-4f25-bde3-316f439d30b3:c1212]
2019-08-23 18:28:55,087 | INFO  | DNAudit | user=null | ip=null | op=WRITE_CHUNK {blockData=conID: 2 locID: 102667710123475379 bcsId: 0} | ret=SUCCESS |  
2019-08-23 18:28:55,087 [grpc-default-executor-6] INFO  client.GrpcClientProtocolClient (GrpcClientProtocolClient.java:onNext(255)) - client-19C32667576E->48affcab-e6e4-4602-963a-f6a50efbd54c: receive RaftClientReply:client-19C32667576E->48affcab-e6e4-4602-963a-f6a50efbd54c@group-50C56EAF5137, cid=912, SUCCESS, logIndex=1214, commits[48affcab-e6e4-4602-963a-f6a50efbd54c:c1214, 7e391b60-07ae-4d97-a027-4756e468c032:c1212, c5f86d96-67df-4f25-bde3-316f439d30b3:c1212]
2019-08-23 18:28:55,087 | INFO  | DNAudit | user=null | ip=null | op=PUT_BLOCK {blockData=[blockId=conID: 2 locID: 102667710123475379 bcsId: 0,size=2097152]} | ret=SUCCESS |  
2019-08-23 18:28:55,087 [grpc-default-executor-6] INFO  client.GrpcClientProtocolClient (GrpcClientProtocolClient.java:onNext(255)) - client-19C32667576E->48affcab-e6e4-4602-963a-f6a50efbd54c: receive RaftClientReply:client-19C32667576E->48affcab-e6e4-4602-963a-f6a50efbd54c@group-50C56EAF5137, cid=913, SUCCESS, logIndex=1215, commits[48affcab-e6e4-4602-963a-f6a50efbd54c:c1216, 7e391b60-07ae-4d97-a027-4756e468c032:c1212, c5f86d96-67df-4f25-bde3-316f439d30b3:c1212]
2019-08-23 18:28:55,088 | INFO  | DNAudit | user=null | ip=null | op=WRITE_CHUNK {blockData=conID: 2 locID: 102667710123475379 bcsId: 0} | ret=SUCCESS |  
2019-08-23 18:28:55,088 [grpc-default-executor-6] INFO  client.GrpcClientProtocolClient (GrpcClientProtocolClient.java:onNext(255)) - client-19C32667576E->48affcab-e6e4-4602-963a-f6a50efbd54c: receive RaftClientReply:client-19C32667576E->48affcab-e6e4-4602-963a-f6a50efbd54c@group-50C56EAF5137, cid=914, SUCCESS, logIndex=1216, commits[48affcab-e6e4-4602-963a-f6a50efbd54c:c1216, 7e391b60-07ae-4d97-a027-4756e468c032:c1212, c5f86d96-67df-4f25-bde3-316f439d30b3:c1212]
2019-08-23 18:28:55,088 | INFO  | DNAudit | user=null | ip=null | op=PUT_BLOCK {blockData=[blockId=conID: 2 locID: 102667710123475379 bcsId: 0,size=1048576]} | ret=SUCCESS |  
2019-08-23 18:28:55,088 | INFO  | DNAudit | user=null | ip=null | op=WRITE_CHUNK {blockData=conID: 2 locID: 102667710123475379 bcsId: 0} | ret=SUCCESS |  
2019-08-23 18:28:55,088 | INFO  | DNAudit | user=null | ip=null | op=PUT_BLOCK {blockData=[blockId=conID: 2 locID: 102667710123475379 bcsId: 0,size=1048576]} | ret=SUCCESS |  
2019-08-23 18:28:55,089 [grpc-default-executor-6] INFO  client.GrpcClientProtocolClient (GrpcClientProtocolClient.java:onNext(255)) - client-19C32667576E->48affcab-e6e4-4602-963a-f6a50efbd54c: receive RaftClientReply:client-19C32667576E->48affcab-e6e4-4602-963a-f6a50efbd54c@group-50C56EAF5137, cid=915, SUCCESS, logIndex=0, commits[48affcab-e6e4-4602-963a-f6a50efbd54c:c1218, 7e391b60-07ae-4d97-a027-4756e468c032:c1214, c5f86d96-67df-4f25-bde3-316f439d30b3:c1214]
2019-08-23 18:28:55,089 | INFO  | DNAudit | user=null | ip=null | op=WRITE_CHUNK {blockData=conID: 2 locID: 102667710123475379 bcsId: 0} | ret=SUCCESS |  
2019-08-23 18:28:55,089 | INFO  | DNAudit | user=null | ip=null | op=WRITE_CHUNK {blockData=conID: 2 locID: 102667710123475379 bcsId: 0} | ret=SUCCESS |  
2019-08-23 18:28:55,089 | INFO  | DNAudit | user=null | ip=null | op=PUT_BLOCK {blockData=[blockId=conID: 2 locID: 102667710123475379 bcsId: 0,size=2097152]} | ret=SUCCESS |  
2019-08-23 18:28:55,089 | INFO  | DNAudit | user=null | ip=null | op=PUT_BLOCK {blockData=[blockId=conID: 2 locID: 102667710123475379 bcsId: 0,size=2097152]} | ret=SUCCESS |  
2019-08-23 18:28:55,094 | INFO  | DNAudit | user=null | ip=null | op=WRITE_CHUNK {blockData=conID: 2 locID: 102667710123475379 bcsId: 1216} | ret=SUCCESS |  
2019-08-23 18:28:55,097 | INFO  | DNAudit | user=null | ip=null | op=WRITE_CHUNK {blockData=conID: 2 locID: 102667710123475379 bcsId: 1216} | ret=SUCCESS |  
2019-08-23 18:28:55,097 | INFO  | DNAudit | user=null | ip=null | op=WRITE_CHUNK {blockData=conID: 2 locID: 102667710123475379 bcsId: 1216} | ret=SUCCESS |  
2019-08-23 18:28:55,107 | INFO  | DNAudit | user=null | ip=null | op=WRITE_CHUNK {blockData=conID: 2 locID: 102667710123475379 bcsId: 1216} | ret=SUCCESS |  
2019-08-23 18:28:55,234 [grpc-default-executor-0] INFO  client.GrpcClientProtocolClient (GrpcClientProtocolClient.java:onNext(255)) - client-19C32667576E->48affcab-e6e4-4602-963a-f6a50efbd54c: receive RaftClientReply:client-19C32667576E->48affcab-e6e4-4602-963a-f6a50efbd54c@group-50C56EAF5137, cid=916, SUCCESS, logIndex=1221, commits[48affcab-e6e4-4602-963a-f6a50efbd54c:c1222, 7e391b60-07ae-4d97-a027-4756e468c032:c1220, c5f86d96-67df-4f25-bde3-316f439d30b3:c1220]
2019-08-23 18:28:55,235 | INFO  | DNAudit | user=null | ip=null | op=PUT_BLOCK {blockData=[blockId=conID: 2 locID: 102667710123475379 bcsId: 0,size=3145728]} | ret=SUCCESS |  
2019-08-23 18:28:55,235 | INFO  | DNAudit | user=null | ip=null | op=WRITE_CHUNK {blockData=conID: 2 locID: 102667710123475379 bcsId: 1216} | ret=SUCCESS |  
2019-08-23 18:28:55,235 | INFO  | DNAudit | user=null | ip=null | op=WRITE_CHUNK {blockData=conID: 2 locID: 102667710123475379 bcsId: 1216} | ret=SUCCESS |  
2019-08-23 18:28:55,235 | INFO  | SCMAudit | user=jenkins1000 | ip=192.168.34.23 | op=SEND_HEARTBEAT {datanodeUUID=c83cddd0-22b5-491d-bff0-a36373498de2, command=[]} | ret=SUCCESS |  
2019-08-23 18:28:55,235 | INFO  | DNAudit | user=null | ip=null | op=PUT_BLOCK {blockData=[blockId=conID: 2 locID: 102667710123475379 bcsId: 0,size=3145728]} | ret=SUCCESS |  
2019-08-23 18:28:55,235 | INFO  | DNAudit | user=null | ip=null | op=PUT_BLOCK {blockData=[blockId=conID: 2 locID: 102667710123475379 bcsId: 0,size=3145728]} | ret=SUCCESS |  
2019-08-23 18:28:55,236 [grpc-default-executor-6] INFO  client.GrpcClientProtocolClient (GrpcClientProtocolClient.java:onNext(255)) - client-19C32667576E->48affcab-e6e4-4602-963a-f6a50efbd54c: receive RaftClientReply:client-19C32667576E->48affcab-e6e4-4602-963a-f6a50efbd54c@group-50C56EAF5137, cid=917, SUCCESS, logIndex=1222, commits[48affcab-e6e4-4602-963a-f6a50efbd54c:c1222, 7e391b60-07ae-4d97-a027-4756e468c032:c1220, c5f86d96-67df-4f25-bde3-316f439d30b3:c1220]
2019-08-23 18:28:55,244 | INFO  | DNAudit | user=null | ip=null | op=WRITE_CHUNK {blockData=conID: 2 locID: 102667710123475379 bcsId: 1222} | ret=SUCCESS |  
2019-08-23 18:28:55,249 | INFO  | DNAudit | user=null | ip=null | op=WRITE_CHUNK {blockData=conID: 2 locID: 102667710123475379 bcsId: 1222} | ret=SUCCESS |  
2019-08-23 18:28:55,250 | INFO  | DNAudit | user=null | ip=null | op=WRITE_CHUNK {blockData=conID: 2 locID: 102667710123475379 bcsId: 1222} | ret=SUCCESS |  
2019-08-23 18:28:55,261 | INFO  | DNAudit | user=null | ip=null | op=WRITE_CHUNK {blockData=conID: 2 locID: 102667710123475379 bcsId: 1222} | ret=SUCCESS |  
2019-08-23 18:28:55,262 | INFO  | DNAudit | user=null | ip=null | op=PUT_BLOCK {blockData=[blockId=conID: 2 locID: 102667710123475379 bcsId: 0,size=4194304]} | ret=SUCCESS |  
2019-08-23 18:28:55,262 [grpc-default-executor-0] INFO  client.GrpcClientProtocolClient (GrpcClientProtocolClient.java:onNext(255)) - client-19C32667576E->48affcab-e6e4-4602-963a-f6a50efbd54c: receive RaftClientReply:client-19C32667576E->48affcab-e6e4-4602-963a-f6a50efbd54c@group-50C56EAF5137, cid=918, SUCCESS, logIndex=1225, commits[48affcab-e6e4-4602-963a-f6a50efbd54c:c1226, 7e391b60-07ae-4d97-a027-4756e468c032:c1223, c5f86d96-67df-4f25-bde3-316f439d30b3:c1223]
2019-08-23 18:28:55,263 | INFO  | DNAudit | user=null | ip=null | op=WRITE_CHUNK {blockData=conID: 2 locID: 102667710123475379 bcsId: 1222} | ret=SUCCESS |  
2019-08-23 18:28:55,263 [grpc-default-executor-0] INFO  client.GrpcClientProtocolClient (GrpcClientProtocolClient.java:onNext(255)) - client-19C32667576E->48affcab-e6e4-4602-963a-f6a50efbd54c: receive RaftClientReply:client-19C32667576E->48affcab-e6e4-4602-963a-f6a50efbd54c@group-50C56EAF5137, cid=919, SUCCESS, logIndex=1226, commits[48affcab-e6e4-4602-963a-f6a50efbd54c:c1226, 7e391b60-07ae-4d97-a027-4756e468c032:c1223, c5f86d96-67df-4f25-bde3-316f439d30b3:c1223]
2019-08-23 18:28:55,263 | INFO  | DNAudit | user=null | ip=null | op=PUT_BLOCK {blockData=[blockId=conID: 2 locID: 102667710123475379 bcsId: 0,size=4194304]} | ret=SUCCESS |  
2019-08-23 18:28:55,263 | INFO  | DNAudit | user=null | ip=null | op=WRITE_CHUNK {blockData=conID: 2 locID: 102667710123475379 bcsId: 1222} | ret=SUCCESS |  
2019-08-23 18:28:55,264 | INFO  | DNAudit | user=null | ip=null | op=PUT_BLOCK {blockData=[blockId=conID: 2 locID: 102667710123475379 bcsId: 0,size=4194304]} | ret=SUCCESS |  
2019-08-23 18:28:55,264 [grpc-default-executor-0] INFO  client.GrpcClientProtocolClient (GrpcClientProtocolClient.java:onNext(255)) - client-19C32667576E->48affcab-e6e4-4602-963a-f6a50efbd54c: receive RaftClientReply:client-19C32667576E->48affcab-e6e4-4602-963a-f6a50efbd54c@group-50C56EAF5137, cid=920, SUCCESS, logIndex=0, commits[48affcab-e6e4-4602-963a-f6a50efbd54c:c1227, 7e391b60-07ae-4d97-a027-4756e468c032:c1226, c5f86d96-67df-4f25-bde3-316f439d30b3:c1226]
2019-08-23 18:28:55,272 | INFO  | DNAudit | user=null | ip=null | op=WRITE_CHUNK {blockData=conID: 3 locID: 102667710123475380 bcsId: 0} | ret=SUCCESS |  
 0.00% |█                                                                                                    |  0/1 Time: 0:00:032019-08-23 18:28:55,275 | INFO  | DNAudit | user=null | ip=null | op=WRITE_CHUNK {blockData=conID: 3 locID: 102667710123475380 bcsId: 0} | ret=SUCCESS |  
2019-08-23 18:28:55,276 | INFO  | DNAudit | user=null | ip=null | op=WRITE_CHUNK {blockData=conID: 3 locID: 102667710123475380 bcsId: 0} | ret=SUCCESS |  
2019-08-23 18:28:55,276 | INFO  | DNAudit | user=null | ip=null | op=WRITE_CHUNK {blockData=conID: 3 locID: 102667710123475380 bcsId: 0} | ret=SUCCESS |  
2019-08-23 18:28:55,279 | INFO  | DNAudit | user=null | ip=null | op=WRITE_CHUNK {blockData=conID: 3 locID: 102667710123475380 bcsId: 0} | ret=SUCCESS |  
2019-08-23 18:28:55,279 | INFO  | DNAudit | user=null | ip=null | op=WRITE_CHUNK {blockData=conID: 3 locID: 102667710123475380 bcsId: 0} | ret=SUCCESS |  
2019-08-23 18:28:55,282 | INFO  | DNAudit | user=null | ip=null | op=WRITE_CHUNK {blockData=conID: 3 locID: 102667710123475380 bcsId: 0} | ret=SUCCESS |  
2019-08-23 18:28:55,283 | INFO  | DNAudit | user=null | ip=null | op=PUT_BLOCK {blockData=[blockId=conID: 3 locID: 102667710123475380 bcsId: 0,size=1048576]} | ret=SUCCESS |  
2019-08-23 18:28:55,283 [grpc-default-executor-6] INFO  client.GrpcClientProtocolClient (GrpcClientProtocolClient.java:onNext(255)) - client-19C32667576E->48affcab-e6e4-4602-963a-f6a50efbd54c: receive RaftClientReply:client-19C32667576E->48affcab-e6e4-4602-963a-f6a50efbd54c@group-50C56EAF5137, cid=921, SUCCESS, logIndex=1229, commits[48affcab-e6e4-4602-963a-f6a50efbd54c:c1230, 7e391b60-07ae-4d97-a027-4756e468c032:c1228, c5f86d96-67df-4f25-bde3-316f439d30b3:c1228]
2019-08-23 18:28:55,284 | INFO  | DNAudit | user=null | ip=null | op=WRITE_CHUNK {blockData=conID: 3 locID: 102667710123475380 bcsId: 0} | ret=SUCCESS |  
2019-08-23 18:28:55,284 [grpc-default-executor-6] INFO  client.GrpcClientProtocolClient (GrpcClientProtocolClient.java:onNext(255)) - client-19C32667576E->48affcab-e6e4-4602-963a-f6a50efbd54c: receive RaftClientReply:client-19C32667576E->48affcab-e6e4-4602-963a-f6a50efbd54c@group-50C56EAF5137, cid=922, SUCCESS, logIndex=1230, commits[48affcab-e6e4-4602-963a-f6a50efbd54c:c1230, 7e391b60-07ae-4d97-a027-4756e468c032:c1228, c5f86d96-67df-4f25-bde3-316f439d30b3:c1228]
2019-08-23 18:28:55,284 | INFO  | DNAudit | user=null | ip=null | op=PUT_BLOCK {blockData=[blockId=conID: 3 locID: 102667710123475380 bcsId: 0,size=2097152]} | ret=SUCCESS |  
2019-08-23 18:28:55,284 [grpc-default-executor-6] INFO  client.GrpcClientProtocolClient (GrpcClientProtocolClient.java:onNext(255)) - client-19C32667576E->48affcab-e6e4-4602-963a-f6a50efbd54c: receive RaftClientReply:client-19C32667576E->48affcab-e6e4-4602-963a-f6a50efbd54c@group-50C56EAF5137, cid=923, SUCCESS, logIndex=1231, commits[48affcab-e6e4-4602-963a-f6a50efbd54c:c1232, 7e391b60-07ae-4d97-a027-4756e468c032:c1228, c5f86d96-67df-4f25-bde3-316f439d30b3:c1228]
2019-08-23 18:28:55,285 | INFO  | DNAudit | user=null | ip=null | op=WRITE_CHUNK {blockData=conID: 3 locID: 102667710123475380 bcsId: 0} | ret=SUCCESS |  
2019-08-23 18:28:55,285 [grpc-default-executor-6] INFO  client.GrpcClientProtocolClient (GrpcClientProtocolClient.java:onNext(255)) - client-19C32667576E->48affcab-e6e4-4602-963a-f6a50efbd54c: receive RaftClientReply:client-19C32667576E->48affcab-e6e4-4602-963a-f6a50efbd54c@group-50C56EAF5137, cid=924, SUCCESS, logIndex=1232, commits[48affcab-e6e4-4602-963a-f6a50efbd54c:c1232, 7e391b60-07ae-4d97-a027-4756e468c032:c1228, c5f86d96-67df-4f25-bde3-316f439d30b3:c1228]
2019-08-23 18:28:55,285 | INFO  | DNAudit | user=null | ip=null | op=PUT_BLOCK {blockData=[blockId=conID: 3 locID: 102667710123475380 bcsId: 0,size=1048576]} | ret=SUCCESS |  
2019-08-23 18:28:55,285 | INFO  | DNAudit | user=null | ip=null | op=WRITE_CHUNK {blockData=conID: 3 locID: 102667710123475380 bcsId: 0} | ret=SUCCESS |  
2019-08-23 18:28:55,286 | INFO  | DNAudit | user=null | ip=null | op=PUT_BLOCK {blockData=[blockId=conID: 3 locID: 102667710123475380 bcsId: 0,size=1048576]} | ret=SUCCESS |  
2019-08-23 18:28:55,286 | INFO  | DNAudit | user=null | ip=null | op=WRITE_CHUNK {blockData=conID: 3 locID: 102667710123475380 bcsId: 0} | ret=SUCCESS |  
2019-08-23 18:28:55,286 | INFO  | DNAudit | user=null | ip=null | op=PUT_BLOCK {blockData=[blockId=conID: 3 locID: 102667710123475380 bcsId: 0,size=2097152]} | ret=SUCCESS |  
2019-08-23 18:28:55,286 [grpc-default-executor-0] INFO  client.GrpcClientProtocolClient (GrpcClientProtocolClient.java:onNext(255)) - client-19C32667576E->48affcab-e6e4-4602-963a-f6a50efbd54c: receive RaftClientReply:client-19C32667576E->48affcab-e6e4-4602-963a-f6a50efbd54c@group-50C56EAF5137, cid=925, SUCCESS, logIndex=0, commits[48affcab-e6e4-4602-963a-f6a50efbd54c:c1234, 7e391b60-07ae-4d97-a027-4756e468c032:c1230, c5f86d96-67df-4f25-bde3-316f439d30b3:c1230]
2019-08-23 18:28:55,287 | INFO  | DNAudit | user=null | ip=null | op=WRITE_CHUNK {blockData=conID: 3 locID: 102667710123475380 bcsId: 0} | ret=SUCCESS |  
2019-08-23 18:28:55,287 | INFO  | DNAudit | user=null | ip=null | op=PUT_BLOCK {blockData=[blockId=conID: 3 locID: 102667710123475380 bcsId: 0,size=2097152]} | ret=SUCCESS |  
2019-08-23 18:28:55,292 | INFO  | DNAudit | user=null | ip=null | op=WRITE_CHUNK {blockData=conID: 3 locID: 102667710123475380 bcsId: 1232} | ret=SUCCESS |  
2019-08-23 18:28:55,296 | INFO  | DNAudit | user=null | ip=null | op=WRITE_CHUNK {blockData=conID: 3 locID: 102667710123475380 bcsId: 1232} | ret=SUCCESS |  
2019-08-23 18:28:55,296 | INFO  | DNAudit | user=null | ip=null | op=WRITE_CHUNK {blockData=conID: 3 locID: 102667710123475380 bcsId: 1232} | ret=SUCCESS |  
2019-08-23 18:28:55,313 | INFO  | DNAudit | user=null | ip=null | op=WRITE_CHUNK {blockData=conID: 3 locID: 102667710123475380 bcsId: 1232} | ret=SUCCESS |  
2019-08-23 18:28:55,314 | INFO  | DNAudit | user=null | ip=null | op=PUT_BLOCK {blockData=[blockId=conID: 3 locID: 102667710123475380 bcsId: 0,size=3145728]} | ret=SUCCESS |  
2019-08-23 18:28:55,314 [grpc-default-executor-6] INFO  client.GrpcClientProtocolClient (GrpcClientProtocolClient.java:onNext(255)) - client-19C32667576E->48affcab-e6e4-4602-963a-f6a50efbd54c: receive RaftClientReply:client-19C32667576E->48affcab-e6e4-4602-963a-f6a50efbd54c@group-50C56EAF5137, cid=926, SUCCESS, logIndex=1237, commits[48affcab-e6e4-4602-963a-f6a50efbd54c:c1238, 7e391b60-07ae-4d97-a027-4756e468c032:c1236, c5f86d96-67df-4f25-bde3-316f439d30b3:c1236]
2019-08-23 18:28:55,314 [grpc-default-executor-6] INFO  client.GrpcClientProtocolClient (GrpcClientProtocolClient.java:onNext(255)) - client-19C32667576E->48affcab-e6e4-4602-963a-f6a50efbd54c: receive RaftClientReply:client-19C32667576E->48affcab-e6e4-4602-963a-f6a50efbd54c@group-50C56EAF5137, cid=927, SUCCESS, logIndex=1238, commits[48affcab-e6e4-4602-963a-f6a50efbd54c:c1238, 7e391b60-07ae-4d97-a027-4756e468c032:c1236, c5f86d96-67df-4f25-bde3-316f439d30b3:c1236]
2019-08-23 18:28:55,320 | INFO  | DNAudit | user=null | ip=null | op=WRITE_CHUNK {blockData=conID: 3 locID: 102667710123475380 bcsId: 1238} | ret=SUCCESS |  
2019-08-23 18:28:55,323 | INFO  | DNAudit | user=null | ip=null | op=WRITE_CHUNK {blockData=conID: 3 locID: 102667710123475380 bcsId: 1238} | ret=SUCCESS |  
2019-08-23 18:28:55,324 | INFO  | DNAudit | user=null | ip=null | op=WRITE_CHUNK {blockData=conID: 3 locID: 102667710123475380 bcsId: 1238} | ret=SUCCESS |  
2019-08-23 18:28:55,325 | INFO  | DNAudit | user=null | ip=null | op=WRITE_CHUNK {blockData=conID: 3 locID: 102667710123475380 bcsId: 1232} | ret=SUCCESS |  
2019-08-23 18:28:55,325 | INFO  | DNAudit | user=null | ip=null | op=WRITE_CHUNK {blockData=conID: 3 locID: 102667710123475380 bcsId: 1232} | ret=SUCCESS |  
2019-08-23 18:28:55,325 | INFO  | DNAudit | user=null | ip=null | op=PUT_BLOCK {blockData=[blockId=conID: 3 locID: 102667710123475380 bcsId: 0,size=3145728]} | ret=SUCCESS |  
2019-08-23 18:28:55,325 | INFO  | DNAudit | user=null | ip=null | op=PUT_BLOCK {blockData=[blockId=conID: 3 locID: 102667710123475380 bcsId: 0,size=3145728]} | ret=SUCCESS |  
2019-08-23 18:28:55,326 | INFO  | DNAudit | user=null | ip=null | op=WRITE_CHUNK {blockData=conID: 3 locID: 102667710123475380 bcsId: 1238} | ret=SUCCESS |  
2019-08-23 18:28:55,326 | INFO  | DNAudit | user=null | ip=null | op=PUT_BLOCK {blockData=[blockId=conID: 3 locID: 102667710123475380 bcsId: 0,size=4194304]} | ret=SUCCESS |  
2019-08-23 18:28:55,327 [grpc-default-executor-0] INFO  client.GrpcClientProtocolClient (GrpcClientProtocolClient.java:onNext(255)) - client-19C32667576E->48affcab-e6e4-4602-963a-f6a50efbd54c: receive RaftClientReply:client-19C32667576E->48affcab-e6e4-4602-963a-f6a50efbd54c@group-50C56EAF5137, cid=928, SUCCESS, logIndex=1241, commits[48affcab-e6e4-4602-963a-f6a50efbd54c:c1242, 7e391b60-07ae-4d97-a027-4756e468c032:c1238, c5f86d96-67df-4f25-bde3-316f439d30b3:c1238]
2019-08-23 18:28:55,327 [grpc-default-executor-0] INFO  client.GrpcClientProtocolClient (GrpcClientProtocolClient.java:onNext(255)) - client-19C32667576E->48affcab-e6e4-4602-963a-f6a50efbd54c: receive RaftClientReply:client-19C32667576E->48affcab-e6e4-4602-963a-f6a50efbd54c@group-50C56EAF5137, cid=929, SUCCESS, logIndex=1242, commits[48affcab-e6e4-4602-963a-f6a50efbd54c:c1242, 7e391b60-07ae-4d97-a027-4756e468c032:c1238, c5f86d96-67df-4f25-bde3-316f439d30b3:c1238]
2019-08-23 18:28:55,338 | INFO  | DNAudit | user=null | ip=null | op=WRITE_CHUNK {blockData=conID: 3 locID: 102667710123475380 bcsId: 1238} | ret=SUCCESS |  
2019-08-23 18:28:55,338 | INFO  | DNAudit | user=null | ip=null | op=WRITE_CHUNK {blockData=conID: 3 locID: 102667710123475380 bcsId: 1238} | ret=SUCCESS |  
2019-08-23 18:28:55,339 | INFO  | DNAudit | user=null | ip=null | op=PUT_BLOCK {blockData=[blockId=conID: 3 locID: 102667710123475380 bcsId: 0,size=4194304]} | ret=SUCCESS |  
2019-08-23 18:28:55,339 | INFO  | DNAudit | user=null | ip=null | op=PUT_BLOCK {blockData=[blockId=conID: 3 locID: 102667710123475380 bcsId: 0,size=4194304]} | ret=SUCCESS |  
2019-08-23 18:28:55,339 [grpc-default-executor-0] INFO  client.GrpcClientProtocolClient (GrpcClientProtocolClient.java:onNext(255)) - client-19C32667576E->48affcab-e6e4-4602-963a-f6a50efbd54c: receive RaftClientReply:client-19C32667576E->48affcab-e6e4-4602-963a-f6a50efbd54c@group-50C56EAF5137, cid=930, SUCCESS, logIndex=0, commits[48affcab-e6e4-4602-963a-f6a50efbd54c:c1244, 7e391b60-07ae-4d97-a027-4756e468c032:c1242, c5f86d96-67df-4f25-bde3-316f439d30b3:c1242]
2019-08-23 18:28:55,345 | INFO  | DNAudit | user=null | ip=null | op=WRITE_CHUNK {blockData=conID: 1 locID: 102667710123475381 bcsId: 0} | ret=SUCCESS |  
2019-08-23 18:28:55,348 | INFO  | DNAudit | user=null | ip=null | op=WRITE_CHUNK {blockData=conID: 1 locID: 102667710123475381 bcsId: 0} | ret=SUCCESS |  
2019-08-23 18:28:55,348 | INFO  | DNAudit | user=null | ip=null | op=WRITE_CHUNK {blockData=conID: 1 locID: 102667710123475381 bcsId: 0} | ret=SUCCESS |  
2019-08-23 18:28:55,349 | INFO  | DNAudit | user=null | ip=null | op=WRITE_CHUNK {blockData=conID: 1 locID: 102667710123475381 bcsId: 0} | ret=SUCCESS |  
2019-08-23 18:28:55,351 | INFO  | DNAudit | user=null | ip=null | op=WRITE_CHUNK {blockData=conID: 1 locID: 102667710123475381 bcsId: 0} | ret=SUCCESS |  
2019-08-23 18:28:55,351 | INFO  | DNAudit | user=null | ip=null | op=WRITE_CHUNK {blockData=conID: 1 locID: 102667710123475381 bcsId: 0} | ret=SUCCESS |  
2019-08-23 18:28:55,358 | INFO  | DNAudit | user=null | ip=null | op=WRITE_CHUNK {blockData=conID: 1 locID: 102667710123475381 bcsId: 0} | ret=SUCCESS |  
2019-08-23 18:28:55,358 | INFO  | DNAudit | user=null | ip=null | op=PUT_BLOCK {blockData=[blockId=conID: 1 locID: 102667710123475381 bcsId: 0,size=1048576]} | ret=SUCCESS |  
2019-08-23 18:28:55,358 [grpc-default-executor-6] INFO  client.GrpcClientProtocolClient (GrpcClientProtocolClient.java:onNext(255)) - client-19C32667576E->48affcab-e6e4-4602-963a-f6a50efbd54c: receive RaftClientReply:client-19C32667576E->48affcab-e6e4-4602-963a-f6a50efbd54c@group-50C56EAF5137, cid=931, SUCCESS, logIndex=1245, commits[48affcab-e6e4-4602-963a-f6a50efbd54c:c1246, 7e391b60-07ae-4d97-a027-4756e468c032:c1244, c5f86d96-67df-4f25-bde3-316f439d30b3:c1244]
2019-08-23 18:28:55,359 | INFO  | DNAudit | user=null | ip=null | op=WRITE_CHUNK {blockData=conID: 1 locID: 102667710123475381 bcsId: 0} | ret=SUCCESS |  
2019-08-23 18:28:55,359 [grpc-default-executor-6] INFO  client.GrpcClientProtocolClient (GrpcClientProtocolClient.java:onNext(255)) - client-19C32667576E->48affcab-e6e4-4602-963a-f6a50efbd54c: receive RaftClientReply:client-19C32667576E->48affcab-e6e4-4602-963a-f6a50efbd54c@group-50C56EAF5137, cid=932, SUCCESS, logIndex=1246, commits[48affcab-e6e4-4602-963a-f6a50efbd54c:c1246, 7e391b60-07ae-4d97-a027-4756e468c032:c1244, c5f86d96-67df-4f25-bde3-316f439d30b3:c1244]
2019-08-23 18:28:55,359 | INFO  | DNAudit | user=null | ip=null | op=PUT_BLOCK {blockData=[blockId=conID: 1 locID: 102667710123475381 bcsId: 0,size=2097152]} | ret=SUCCESS |  
2019-08-23 18:28:55,359 [grpc-default-executor-4] INFO  client.GrpcClientProtocolClient (GrpcClientProtocolClient.java:onNext(255)) - client-19C32667576E->48affcab-e6e4-4602-963a-f6a50efbd54c: receive RaftClientReply:client-19C32667576E->48affcab-e6e4-4602-963a-f6a50efbd54c@group-50C56EAF5137, cid=933, SUCCESS, logIndex=1247, commits[48affcab-e6e4-4602-963a-f6a50efbd54c:c1247, 7e391b60-07ae-4d97-a027-4756e468c032:c1244, c5f86d96-67df-4f25-bde3-316f439d30b3:c1244]
2019-08-23 18:28:55,359 | INFO  | DNAudit | user=null | ip=null | op=WRITE_CHUNK {blockData=conID: 1 locID: 102667710123475381 bcsId: 0} | ret=SUCCESS |  
2019-08-23 18:28:55,360 | INFO  | DNAudit | user=null | ip=null | op=PUT_BLOCK {blockData=[blockId=conID: 1 locID: 102667710123475381 bcsId: 0,size=1048576]} | ret=SUCCESS |  
2019-08-23 18:28:55,360 [grpc-default-executor-0] INFO  client.GrpcClientProtocolClient (GrpcClientProtocolClient.java:onNext(255)) - client-19C32667576E->48affcab-e6e4-4602-963a-f6a50efbd54c: receive RaftClientReply:client-19C32667576E->48affcab-e6e4-4602-963a-f6a50efbd54c@group-50C56EAF5137, cid=934, SUCCESS, logIndex=1248, commits[48affcab-e6e4-4602-963a-f6a50efbd54c:c1248, 7e391b60-07ae-4d97-a027-4756e468c032:c1244, c5f86d96-67df-4f25-bde3-316f439d30b3:c1244]
2019-08-23 18:28:55,360 | INFO  | DNAudit | user=null | ip=null | op=WRITE_CHUNK {blockData=conID: 1 locID: 102667710123475381 bcsId: 0} | ret=SUCCESS |  
2019-08-23 18:28:55,360 | INFO  | DNAudit | user=null | ip=null | op=PUT_BLOCK {blockData=[blockId=conID: 1 locID: 102667710123475381 bcsId: 0,size=1048576]} | ret=SUCCESS |  
2019-08-23 18:28:55,360 | INFO  | DNAudit | user=null | ip=null | op=WRITE_CHUNK {blockData=conID: 1 locID: 102667710123475381 bcsId: 0} | ret=SUCCESS |  
2019-08-23 18:28:55,361 | INFO  | DNAudit | user=null | ip=null | op=WRITE_CHUNK {blockData=conID: 1 locID: 102667710123475381 bcsId: 0} | ret=SUCCESS |  
2019-08-23 18:28:55,361 | INFO  | DNAudit | user=null | ip=null | op=PUT_BLOCK {blockData=[blockId=conID: 1 locID: 102667710123475381 bcsId: 0,size=2097152]} | ret=SUCCESS |  
2019-08-23 18:28:55,361 [grpc-default-executor-4] INFO  client.GrpcClientProtocolClient (GrpcClientProtocolClient.java:onNext(255)) - client-19C32667576E->48affcab-e6e4-4602-963a-f6a50efbd54c: receive RaftClientReply:client-19C32667576E->48affcab-e6e4-4602-963a-f6a50efbd54c@group-50C56EAF5137, cid=935, SUCCESS, logIndex=0, commits[48affcab-e6e4-4602-963a-f6a50efbd54c:c1251, 7e391b60-07ae-4d97-a027-4756e468c032:c1246, c5f86d96-67df-4f25-bde3-316f439d30b3:c1247]
2019-08-23 18:28:55,361 | INFO  | DNAudit | user=null | ip=null | op=PUT_BLOCK {blockData=[blockId=conID: 1 locID: 102667710123475381 bcsId: 0,size=2097152]} | ret=SUCCESS |  
2019-08-23 18:28:55,367 | INFO  | DNAudit | user=null | ip=null | op=WRITE_CHUNK {blockData=conID: 1 locID: 102667710123475381 bcsId: 1248} | ret=SUCCESS |  
2019-08-23 18:28:55,371 | INFO  | DNAudit | user=null | ip=null | op=WRITE_CHUNK {blockData=conID: 1 locID: 102667710123475381 bcsId: 1248} | ret=SUCCESS |  
2019-08-23 18:28:55,371 | INFO  | DNAudit | user=null | ip=null | op=WRITE_CHUNK {blockData=conID: 1 locID: 102667710123475381 bcsId: 1248} | ret=SUCCESS |  
2019-08-23 18:28:55,373 | INFO  | DNAudit | user=null | ip=null | op=WRITE_CHUNK {blockData=conID: 1 locID: 102667710123475381 bcsId: 1248} | ret=SUCCESS |  
2019-08-23 18:28:55,374 | INFO  | DNAudit | user=null | ip=null | op=PUT_BLOCK {blockData=[blockId=conID: 1 locID: 102667710123475381 bcsId: 0,size=3145728]} | ret=SUCCESS |  
2019-08-23 18:28:55,374 [grpc-default-executor-4] INFO  client.GrpcClientProtocolClient (GrpcClientProtocolClient.java:onNext(255)) - client-19C32667576E->48affcab-e6e4-4602-963a-f6a50efbd54c: receive RaftClientReply:client-19C32667576E->48affcab-e6e4-4602-963a-f6a50efbd54c@group-50C56EAF5137, cid=936, SUCCESS, logIndex=1253, commits[48affcab-e6e4-4602-963a-f6a50efbd54c:c1254, 7e391b60-07ae-4d97-a027-4756e468c032:c1252, c5f86d96-67df-4f25-bde3-316f439d30b3:c1252]
2019-08-23 18:28:55,375 | INFO  | DNAudit | user=null | ip=null | op=WRITE_CHUNK {blockData=conID: 1 locID: 102667710123475381 bcsId: 1248} | ret=SUCCESS |  
2019-08-23 18:28:55,374 [grpc-default-executor-4] INFO  client.GrpcClientProtocolClient (GrpcClientProtocolClient.java:onNext(255)) - client-19C32667576E->48affcab-e6e4-4602-963a-f6a50efbd54c: receive RaftClientReply:client-19C32667576E->48affcab-e6e4-4602-963a-f6a50efbd54c@group-50C56EAF5137, cid=937, SUCCESS, logIndex=1254, commits[48affcab-e6e4-4602-963a-f6a50efbd54c:c1254, 7e391b60-07ae-4d97-a027-4756e468c032:c1252, c5f86d96-67df-4f25-bde3-316f439d30b3:c1252]
2019-08-23 18:28:55,375 | INFO  | DNAudit | user=null | ip=null | op=PUT_BLOCK {blockData=[blockId=conID: 1 locID: 102667710123475381 bcsId: 0,size=3145728]} | ret=SUCCESS |  
2019-08-23 18:28:55,375 | INFO  | DNAudit | user=null | ip=null | op=WRITE_CHUNK {blockData=conID: 1 locID: 102667710123475381 bcsId: 1248} | ret=SUCCESS |  
2019-08-23 18:28:55,375 | INFO  | DNAudit | user=null | ip=null | op=PUT_BLOCK {blockData=[blockId=conID: 1 locID: 102667710123475381 bcsId: 0,size=3145728]} | ret=SUCCESS |  
2019-08-23 18:28:55,381 | INFO  | DNAudit | user=null | ip=null | op=WRITE_CHUNK {blockData=conID: 1 locID: 102667710123475381 bcsId: 1254} | ret=SUCCESS |  
2019-08-23 18:28:55,385 | INFO  | DNAudit | user=null | ip=null | op=WRITE_CHUNK {blockData=conID: 1 locID: 102667710123475381 bcsId: 1254} | ret=SUCCESS |  
2019-08-23 18:28:55,386 | INFO  | DNAudit | user=null | ip=null | op=WRITE_CHUNK {blockData=conID: 1 locID: 102667710123475381 bcsId: 1254} | ret=SUCCESS |  
2019-08-23 18:28:55,388 | INFO  | DNAudit | user=null | ip=null | op=WRITE_CHUNK {blockData=conID: 1 locID: 102667710123475381 bcsId: 1254} | ret=SUCCESS |  
2019-08-23 18:28:55,389 | INFO  | DNAudit | user=null | ip=null | op=PUT_BLOCK {blockData=[blockId=conID: 1 locID: 102667710123475381 bcsId: 0,size=4194304]} | ret=SUCCESS |  
2019-08-23 18:28:55,389 [grpc-default-executor-6] INFO  client.GrpcClientProtocolClient (GrpcClientProtocolClient.java:onNext(255)) - client-19C32667576E->48affcab-e6e4-4602-963a-f6a50efbd54c: receive RaftClientReply:client-19C32667576E->48affcab-e6e4-4602-963a-f6a50efbd54c@group-50C56EAF5137, cid=938, SUCCESS, logIndex=1257, commits[48affcab-e6e4-4602-963a-f6a50efbd54c:c1258, 7e391b60-07ae-4d97-a027-4756e468c032:c1256, c5f86d96-67df-4f25-bde3-316f439d30b3:c1256]
2019-08-23 18:28:55,390 [grpc-default-executor-6] INFO  client.GrpcClientProtocolClient (GrpcClientProtocolClient.java:onNext(255)) - client-19C32667576E->48affcab-e6e4-4602-963a-f6a50efbd54c: receive RaftClientReply:client-19C32667576E->48affcab-e6e4-4602-963a-f6a50efbd54c@group-50C56EAF5137, cid=939, SUCCESS, logIndex=1258, commits[48affcab-e6e4-4602-963a-f6a50efbd54c:c1258, 7e391b60-07ae-4d97-a027-4756e468c032:c1256, c5f86d96-67df-4f25-bde3-316f439d30b3:c1256]
2019-08-23 18:28:55,391 | INFO  | DNAudit | user=null | ip=null | op=WRITE_CHUNK {blockData=conID: 1 locID: 102667710123475381 bcsId: 1254} | ret=SUCCESS |  
2019-08-23 18:28:55,391 | INFO  | DNAudit | user=null | ip=null | op=WRITE_CHUNK {blockData=conID: 1 locID: 102667710123475381 bcsId: 1254} | ret=SUCCESS |  
2019-08-23 18:28:55,391 | INFO  | DNAudit | user=null | ip=null | op=PUT_BLOCK {blockData=[blockId=conID: 1 locID: 102667710123475381 bcsId: 0,size=4194304]} | ret=SUCCESS |  
2019-08-23 18:28:55,392 | INFO  | DNAudit | user=null | ip=null | op=PUT_BLOCK {blockData=[blockId=conID: 1 locID: 102667710123475381 bcsId: 0,size=4194304]} | ret=SUCCESS |  
2019-08-23 18:28:55,392 [grpc-default-executor-4] INFO  client.GrpcClientProtocolClient (GrpcClientProtocolClient.java:onNext(255)) - client-19C32667576E->48affcab-e6e4-4602-963a-f6a50efbd54c: receive RaftClientReply:client-19C32667576E->48affcab-e6e4-4602-963a-f6a50efbd54c@group-50C56EAF5137, cid=940, SUCCESS, logIndex=0, commits[48affcab-e6e4-4602-963a-f6a50efbd54c:c1259, 7e391b60-07ae-4d97-a027-4756e468c032:c1258, c5f86d96-67df-4f25-bde3-316f439d30b3:c1258]
2019-08-23 18:28:55,400 | INFO  | DNAudit | user=null | ip=null | op=WRITE_CHUNK {blockData=conID: 2 locID: 102667710123475382 bcsId: 0} | ret=SUCCESS |  
2019-08-23 18:28:55,402 | INFO  | DNAudit | user=null | ip=null | op=WRITE_CHUNK {blockData=conID: 2 locID: 102667710123475382 bcsId: 0} | ret=SUCCESS |  
2019-08-23 18:28:55,403 | INFO  | DNAudit | user=null | ip=null | op=WRITE_CHUNK {blockData=conID: 2 locID: 102667710123475382 bcsId: 0} | ret=SUCCESS |  
2019-08-23 18:28:55,404 | INFO  | DNAudit | user=null | ip=null | op=WRITE_CHUNK {blockData=conID: 2 locID: 102667710123475382 bcsId: 0} | ret=SUCCESS |  
2019-08-23 18:28:55,408 | INFO  | DNAudit | user=null | ip=null | op=WRITE_CHUNK {blockData=conID: 2 locID: 102667710123475382 bcsId: 0} | ret=SUCCESS |  
2019-08-23 18:28:55,408 | INFO  | DNAudit | user=null | ip=null | op=WRITE_CHUNK {blockData=conID: 2 locID: 102667710123475382 bcsId: 0} | ret=SUCCESS |  
2019-08-23 18:28:55,415 | INFO  | DNAudit | user=null | ip=null | op=WRITE_CHUNK {blockData=conID: 2 locID: 102667710123475382 bcsId: 0} | ret=SUCCESS |  
2019-08-23 18:28:55,415 | INFO  | DNAudit | user=null | ip=null | op=PUT_BLOCK {blockData=[blockId=conID: 2 locID: 102667710123475382 bcsId: 0,size=1048576]} | ret=SUCCESS |  
2019-08-23 18:28:55,415 [grpc-default-executor-6] INFO  client.GrpcClientProtocolClient (GrpcClientProtocolClient.java:onNext(255)) - client-19C32667576E->48affcab-e6e4-4602-963a-f6a50efbd54c: receive RaftClientReply:client-19C32667576E->48affcab-e6e4-4602-963a-f6a50efbd54c@group-50C56EAF5137, cid=941, SUCCESS, logIndex=1261, commits[48affcab-e6e4-4602-963a-f6a50efbd54c:c1262, 7e391b60-07ae-4d97-a027-4756e468c032:c1260, c5f86d96-67df-4f25-bde3-316f439d30b3:c1260]
2019-08-23 18:28:55,416 [grpc-default-executor-6] INFO  client.GrpcClientProtocolClient (GrpcClientProtocolClient.java:onNext(255)) - client-19C32667576E->48affcab-e6e4-4602-963a-f6a50efbd54c: receive RaftClientReply:client-19C32667576E->48affcab-e6e4-4602-963a-f6a50efbd54c@group-50C56EAF5137, cid=942, SUCCESS, logIndex=1262, commits[48affcab-e6e4-4602-963a-f6a50efbd54c:c1262, 7e391b60-07ae-4d97-a027-4756e468c032:c1260, c5f86d96-67df-4f25-bde3-316f439d30b3:c1260]
2019-08-23 18:28:55,416 | INFO  | DNAudit | user=null | ip=null | op=WRITE_CHUNK {blockData=conID: 2 locID: 102667710123475382 bcsId: 0} | ret=SUCCESS |  
2019-08-23 18:28:55,417 | INFO  | DNAudit | user=null | ip=null | op=PUT_BLOCK {blockData=[blockId=conID: 2 locID: 102667710123475382 bcsId: 0,size=2097152]} | ret=SUCCESS |  
2019-08-23 18:28:55,417 [grpc-default-executor-0] INFO  client.GrpcClientProtocolClient (GrpcClientProtocolClient.java:onNext(255)) - client-19C32667576E->48affcab-e6e4-4602-963a-f6a50efbd54c: receive RaftClientReply:client-19C32667576E->48affcab-e6e4-4602-963a-f6a50efbd54c@group-50C56EAF5137, cid=943, SUCCESS, logIndex=1263, commits[48affcab-e6e4-4602-963a-f6a50efbd54c:c1263, 7e391b60-07ae-4d97-a027-4756e468c032:c1260, c5f86d96-67df-4f25-bde3-316f439d30b3:c1260]
2019-08-23 18:28:55,417 [grpc-default-executor-0] INFO  client.GrpcClientProtocolClient (GrpcClientProtocolClient.java:onNext(255)) - client-19C32667576E->48affcab-e6e4-4602-963a-f6a50efbd54c: receive RaftClientReply:client-19C32667576E->48affcab-e6e4-4602-963a-f6a50efbd54c@group-50C56EAF5137, cid=944, SUCCESS, logIndex=1264, commits[48affcab-e6e4-4602-963a-f6a50efbd54c:c1264, 7e391b60-07ae-4d97-a027-4756e468c032:c1260, c5f86d96-67df-4f25-bde3-316f439d30b3:c1260]
2019-08-23 18:28:55,419 | INFO  | DNAudit | user=null | ip=null | op=WRITE_CHUNK {blockData=conID: 2 locID: 102667710123475382 bcsId: 0} | ret=SUCCESS |  
2019-08-23 18:28:55,419 | INFO  | DNAudit | user=null | ip=null | op=WRITE_CHUNK {blockData=conID: 2 locID: 102667710123475382 bcsId: 0} | ret=SUCCESS |  
2019-08-23 18:28:55,419 | INFO  | DNAudit | user=null | ip=null | op=PUT_BLOCK {blockData=[blockId=conID: 2 locID: 102667710123475382 bcsId: 0,size=1048576]} | ret=SUCCESS |  
2019-08-23 18:28:55,419 | INFO  | DNAudit | user=null | ip=null | op=PUT_BLOCK {blockData=[blockId=conID: 2 locID: 102667710123475382 bcsId: 0,size=1048576]} | ret=SUCCESS |  
2019-08-23 18:28:55,420 [grpc-default-executor-0] INFO  client.GrpcClientProtocolClient (GrpcClientProtocolClient.java:onNext(255)) - client-19C32667576E->48affcab-e6e4-4602-963a-f6a50efbd54c: receive RaftClientReply:client-19C32667576E->48affcab-e6e4-4602-963a-f6a50efbd54c@group-50C56EAF5137, cid=945, SUCCESS, logIndex=0, commits[48affcab-e6e4-4602-963a-f6a50efbd54c:c1266, 7e391b60-07ae-4d97-a027-4756e468c032:c1262, c5f86d96-67df-4f25-bde3-316f439d30b3:c1262]
2019-08-23 18:28:55,420 | INFO  | DNAudit | user=null | ip=null | op=WRITE_CHUNK {blockData=conID: 2 locID: 102667710123475382 bcsId: 0} | ret=SUCCESS |  
2019-08-23 18:28:55,420 | INFO  | DNAudit | user=null | ip=null | op=WRITE_CHUNK {blockData=conID: 2 locID: 102667710123475382 bcsId: 0} | ret=SUCCESS |  
2019-08-23 18:28:55,420 | INFO  | DNAudit | user=null | ip=null | op=PUT_BLOCK {blockData=[blockId=conID: 2 locID: 102667710123475382 bcsId: 0,size=2097152]} | ret=SUCCESS |  
2019-08-23 18:28:55,420 | INFO  | DNAudit | user=null | ip=null | op=PUT_BLOCK {blockData=[blockId=conID: 2 locID: 102667710123475382 bcsId: 0,size=2097152]} | ret=SUCCESS |  
2019-08-23 18:28:55,426 | INFO  | DNAudit | user=null | ip=null | op=WRITE_CHUNK {blockData=conID: 2 locID: 102667710123475382 bcsId: 1264} | ret=SUCCESS |  
2019-08-23 18:28:55,429 | INFO  | DNAudit | user=null | ip=null | op=WRITE_CHUNK {blockData=conID: 2 locID: 102667710123475382 bcsId: 1264} | ret=SUCCESS |  
2019-08-23 18:28:55,429 | INFO  | DNAudit | user=null | ip=null | op=WRITE_CHUNK {blockData=conID: 2 locID: 102667710123475382 bcsId: 1264} | ret=SUCCESS |  
2019-08-23 18:28:55,432 | INFO  | DNAudit | user=null | ip=null | op=WRITE_CHUNK {blockData=conID: 2 locID: 102667710123475382 bcsId: 1264} | ret=SUCCESS |  
2019-08-23 18:28:55,433 | INFO  | DNAudit | user=null | ip=null | op=PUT_BLOCK {blockData=[blockId=conID: 2 locID: 102667710123475382 bcsId: 0,size=3145728]} | ret=SUCCESS |  
2019-08-23 18:28:55,433 [grpc-default-executor-6] INFO  client.GrpcClientProtocolClient (GrpcClientProtocolClient.java:onNext(255)) - client-19C32667576E->48affcab-e6e4-4602-963a-f6a50efbd54c: receive RaftClientReply:client-19C32667576E->48affcab-e6e4-4602-963a-f6a50efbd54c@group-50C56EAF5137, cid=946, SUCCESS, logIndex=1269, commits[48affcab-e6e4-4602-963a-f6a50efbd54c:c1270, 7e391b60-07ae-4d97-a027-4756e468c032:c1268, c5f86d96-67df-4f25-bde3-316f439d30b3:c1268]
2019-08-23 18:28:55,433 [grpc-default-executor-6] INFO  client.GrpcClientProtocolClient (GrpcClientProtocolClient.java:onNext(255)) - client-19C32667576E->48affcab-e6e4-4602-963a-f6a50efbd54c: receive RaftClientReply:client-19C32667576E->48affcab-e6e4-4602-963a-f6a50efbd54c@group-50C56EAF5137, cid=947, SUCCESS, logIndex=1270, commits[48affcab-e6e4-4602-963a-f6a50efbd54c:c1270, 7e391b60-07ae-4d97-a027-4756e468c032:c1268, c5f86d96-67df-4f25-bde3-316f439d30b3:c1268]
2019-08-23 18:28:55,434 | INFO  | DNAudit | user=null | ip=null | op=WRITE_CHUNK {blockData=conID: 2 locID: 102667710123475382 bcsId: 1264} | ret=SUCCESS |  
2019-08-23 18:28:55,434 | INFO  | DNAudit | user=null | ip=null | op=WRITE_CHUNK {blockData=conID: 2 locID: 102667710123475382 bcsId: 1264} | ret=SUCCESS |  
2019-08-23 18:28:55,434 | INFO  | DNAudit | user=null | ip=null | op=PUT_BLOCK {blockData=[blockId=conID: 2 locID: 102667710123475382 bcsId: 0,size=3145728]} | ret=SUCCESS |  
2019-08-23 18:28:55,434 | INFO  | DNAudit | user=null | ip=null | op=PUT_BLOCK {blockData=[blockId=conID: 2 locID: 102667710123475382 bcsId: 0,size=3145728]} | ret=SUCCESS |  
2019-08-23 18:28:55,439 | INFO  | DNAudit | user=null | ip=null | op=WRITE_CHUNK {blockData=conID: 2 locID: 102667710123475382 bcsId: 1270} | ret=SUCCESS |  
2019-08-23 18:28:55,442 | INFO  | DNAudit | user=null | ip=null | op=WRITE_CHUNK {blockData=conID: 2 locID: 102667710123475382 bcsId: 1270} | ret=SUCCESS |  
2019-08-23 18:28:55,443 | INFO  | DNAudit | user=null | ip=null | op=WRITE_CHUNK {blockData=conID: 2 locID: 102667710123475382 bcsId: 1270} | ret=SUCCESS |  
2019-08-23 18:28:55,445 | INFO  | DNAudit | user=null | ip=null | op=WRITE_CHUNK {blockData=conID: 2 locID: 102667710123475382 bcsId: 1270} | ret=SUCCESS |  
2019-08-23 18:28:55,445 | INFO  | DNAudit | user=null | ip=null | op=PUT_BLOCK {blockData=[blockId=conID: 2 locID: 102667710123475382 bcsId: 0,size=4194304]} | ret=SUCCESS |  
2019-08-23 18:28:55,445 [grpc-default-executor-0] INFO  client.GrpcClientProtocolClient (GrpcClientProtocolClient.java:onNext(255)) - client-19C32667576E->48affcab-e6e4-4602-963a-f6a50efbd54c: receive RaftClientReply:client-19C32667576E->48affcab-e6e4-4602-963a-f6a50efbd54c@group-50C56EAF5137, cid=948, SUCCESS, logIndex=1273, commits[48affcab-e6e4-4602-963a-f6a50efbd54c:c1274, 7e391b60-07ae-4d97-a027-4756e468c032:c1272, c5f86d96-67df-4f25-bde3-316f439d30b3:c1272]
2019-08-23 18:28:55,446 [grpc-default-executor-0] INFO  client.GrpcClientProtocolClient (GrpcClientProtocolClient.java:onNext(255)) - client-19C32667576E->48affcab-e6e4-4602-963a-f6a50efbd54c: receive RaftClientReply:client-19C32667576E->48affcab-e6e4-4602-963a-f6a50efbd54c@group-50C56EAF5137, cid=949, SUCCESS, logIndex=1274, commits[48affcab-e6e4-4602-963a-f6a50efbd54c:c1274, 7e391b60-07ae-4d97-a027-4756e468c032:c1272, c5f86d96-67df-4f25-bde3-316f439d30b3:c1272]
2019-08-23 18:28:55,446 | INFO  | DNAudit | user=null | ip=null | op=WRITE_CHUNK {blockData=conID: 2 locID: 102667710123475382 bcsId: 1270} | ret=SUCCESS |  
2019-08-23 18:28:55,446 | INFO  | DNAudit | user=null | ip=null | op=WRITE_CHUNK {blockData=conID: 2 locID: 102667710123475382 bcsId: 1270} | ret=SUCCESS |  
2019-08-23 18:28:55,446 | INFO  | DNAudit | user=null | ip=null | op=PUT_BLOCK {blockData=[blockId=conID: 2 locID: 102667710123475382 bcsId: 0,size=4194304]} | ret=SUCCESS |  
2019-08-23 18:28:55,446 | INFO  | DNAudit | user=null | ip=null | op=PUT_BLOCK {blockData=[blockId=conID: 2 locID: 102667710123475382 bcsId: 0,size=4194304]} | ret=SUCCESS |  
2019-08-23 18:28:55,447 [grpc-default-executor-0] INFO  client.GrpcClientProtocolClient (GrpcClientProtocolClient.java:onNext(255)) - client-19C32667576E->48affcab-e6e4-4602-963a-f6a50efbd54c: receive RaftClientReply:client-19C32667576E->48affcab-e6e4-4602-963a-f6a50efbd54c@group-50C56EAF5137, cid=950, SUCCESS, logIndex=0, commits[48affcab-e6e4-4602-963a-f6a50efbd54c:c1275, 7e391b60-07ae-4d97-a027-4756e468c032:c1274, c5f86d96-67df-4f25-bde3-316f439d30b3:c1274]
2019-08-23 18:28:55,453 | INFO  | DNAudit | user=null | ip=null | op=WRITE_CHUNK {blockData=conID: 3 locID: 102667710123475383 bcsId: 0} | ret=SUCCESS |  
2019-08-23 18:28:55,455 | INFO  | DNAudit | user=null | ip=null | op=WRITE_CHUNK {blockData=conID: 3 locID: 102667710123475383 bcsId: 0} | ret=SUCCESS |  
2019-08-23 18:28:55,456 | INFO  | DNAudit | user=null | ip=null | op=WRITE_CHUNK {blockData=conID: 3 locID: 102667710123475383 bcsId: 0} | ret=SUCCESS |  
2019-08-23 18:28:55,456 | INFO  | DNAudit | user=null | ip=null | op=WRITE_CHUNK {blockData=conID: 3 locID: 102667710123475383 bcsId: 0} | ret=SUCCESS |  
2019-08-23 18:28:55,458 | INFO  | DNAudit | user=null | ip=null | op=WRITE_CHUNK {blockData=conID: 3 locID: 102667710123475383 bcsId: 0} | ret=SUCCESS |  
2019-08-23 18:28:55,458 | INFO  | DNAudit | user=null | ip=null | op=PUT_BLOCK {blockData=[blockId=conID: 3 locID: 102667710123475383 bcsId: 0,size=1048576]} | ret=SUCCESS |  
2019-08-23 18:28:55,458 | INFO  | DNAudit | user=null | ip=null | op=WRITE_CHUNK {blockData=conID: 3 locID: 102667710123475383 bcsId: 0} | ret=SUCCESS |  
2019-08-23 18:28:55,458 [grpc-default-executor-4] INFO  client.GrpcClientProtocolClient (GrpcClientProtocolClient.java:onNext(255)) - client-19C32667576E->48affcab-e6e4-4602-963a-f6a50efbd54c: receive RaftClientReply:client-19C32667576E->48affcab-e6e4-4602-963a-f6a50efbd54c@group-50C56EAF5137, cid=951, SUCCESS, logIndex=1277, commits[48affcab-e6e4-4602-963a-f6a50efbd54c:c1278, 7e391b60-07ae-4d97-a027-4756e468c032:c1276, c5f86d96-67df-4f25-bde3-316f439d30b3:c1274]
2019-08-23 18:28:55,459 [grpc-default-executor-4] INFO  client.GrpcClientProtocolClient (GrpcClientProtocolClient.java:onNext(255)) - client-19C32667576E->48affcab-e6e4-4602-963a-f6a50efbd54c: receive RaftClientReply:client-19C32667576E->48affcab-e6e4-4602-963a-f6a50efbd54c@group-50C56EAF5137, cid=952, SUCCESS, logIndex=1278, commits[48affcab-e6e4-4602-963a-f6a50efbd54c:c1278, 7e391b60-07ae-4d97-a027-4756e468c032:c1276, c5f86d96-67df-4f25-bde3-316f439d30b3:c1276]
2019-08-23 18:28:55,459 | INFO  | DNAudit | user=null | ip=null | op=WRITE_CHUNK {blockData=conID: 3 locID: 102667710123475383 bcsId: 0} | ret=SUCCESS |  
2019-08-23 18:28:55,460 | INFO  | DNAudit | user=null | ip=null | op=WRITE_CHUNK {blockData=conID: 3 locID: 102667710123475383 bcsId: 0} | ret=SUCCESS |  
2019-08-23 18:28:55,460 | INFO  | DNAudit | user=null | ip=null | op=WRITE_CHUNK {blockData=conID: 3 locID: 102667710123475383 bcsId: 0} | ret=SUCCESS |  
2019-08-23 18:28:55,460 | INFO  | DNAudit | user=null | ip=null | op=PUT_BLOCK {blockData=[blockId=conID: 3 locID: 102667710123475383 bcsId: 0,size=1048576]} | ret=SUCCESS |  
2019-08-23 18:28:55,461 | INFO  | DNAudit | user=null | ip=null | op=PUT_BLOCK {blockData=[blockId=conID: 3 locID: 102667710123475383 bcsId: 0,size=2097152]} | ret=SUCCESS |  
2019-08-23 18:28:55,461 [grpc-default-executor-0] INFO  client.GrpcClientProtocolClient (GrpcClientProtocolClient.java:onNext(255)) - client-19C32667576E->48affcab-e6e4-4602-963a-f6a50efbd54c: receive RaftClientReply:client-19C32667576E->48affcab-e6e4-4602-963a-f6a50efbd54c@group-50C56EAF5137, cid=953, SUCCESS, logIndex=1279, commits[48affcab-e6e4-4602-963a-f6a50efbd54c:c1280, 7e391b60-07ae-4d97-a027-4756e468c032:c1278, c5f86d96-67df-4f25-bde3-316f439d30b3:c1276]
2019-08-23 18:28:55,461 | INFO  | DNAudit | user=null | ip=null | op=WRITE_CHUNK {blockData=conID: 3 locID: 102667710123475383 bcsId: 0} | ret=SUCCESS |  
2019-08-23 18:28:55,461 [grpc-default-executor-4] INFO  client.GrpcClientProtocolClient (GrpcClientProtocolClient.java:onNext(255)) - client-19C32667576E->48affcab-e6e4-4602-963a-f6a50efbd54c: receive RaftClientReply:client-19C32667576E->48affcab-e6e4-4602-963a-f6a50efbd54c@group-50C56EAF5137, cid=954, SUCCESS, logIndex=1280, commits[48affcab-e6e4-4602-963a-f6a50efbd54c:c1282, 7e391b60-07ae-4d97-a027-4756e468c032:c1278, c5f86d96-67df-4f25-bde3-316f439d30b3:c1276]
2019-08-23 18:28:55,461 | INFO  | DNAudit | user=null | ip=null | op=PUT_BLOCK {blockData=[blockId=conID: 3 locID: 102667710123475383 bcsId: 0,size=1048576]} | ret=SUCCESS |  
2019-08-23 18:28:55,462 | INFO  | DNAudit | user=null | ip=null | op=WRITE_CHUNK {blockData=conID: 3 locID: 102667710123475383 bcsId: 0} | ret=SUCCESS |  
2019-08-23 18:28:55,462 | INFO  | DNAudit | user=null | ip=null | op=PUT_BLOCK {blockData=[blockId=conID: 3 locID: 102667710123475383 bcsId: 0,size=2097152]} | ret=SUCCESS |  
2019-08-23 18:28:55,462 [grpc-default-executor-0] INFO  client.GrpcClientProtocolClient (GrpcClientProtocolClient.java:onNext(255)) - client-19C32667576E->48affcab-e6e4-4602-963a-f6a50efbd54c: receive RaftClientReply:client-19C32667576E->48affcab-e6e4-4602-963a-f6a50efbd54c@group-50C56EAF5137, cid=955, SUCCESS, logIndex=0, commits[48affcab-e6e4-4602-963a-f6a50efbd54c:c1283, 7e391b60-07ae-4d97-a027-4756e468c032:c1280, c5f86d96-67df-4f25-bde3-316f439d30b3:c1278]
2019-08-23 18:28:55,463 | INFO  | DNAudit | user=null | ip=null | op=WRITE_CHUNK {blockData=conID: 3 locID: 102667710123475383 bcsId: 0} | ret=SUCCESS |  
2019-08-23 18:28:55,463 | INFO  | DNAudit | user=null | ip=null | op=PUT_BLOCK {blockData=[blockId=conID: 3 locID: 102667710123475383 bcsId: 0,size=2097152]} | ret=SUCCESS |  
2019-08-23 18:28:55,468 | INFO  | DNAudit | user=null | ip=null | op=WRITE_CHUNK {blockData=conID: 3 locID: 102667710123475383 bcsId: 1280} | ret=SUCCESS |  
2019-08-23 18:28:55,471 | INFO  | DNAudit | user=null | ip=null | op=WRITE_CHUNK {blockData=conID: 3 locID: 102667710123475383 bcsId: 1280} | ret=SUCCESS |  
2019-08-23 18:28:55,471 | INFO  | DNAudit | user=null | ip=null | op=WRITE_CHUNK {blockData=conID: 3 locID: 102667710123475383 bcsId: 1280} | ret=SUCCESS |  
2019-08-23 18:28:55,474 | INFO  | DNAudit | user=null | ip=null | op=WRITE_CHUNK {blockData=conID: 3 locID: 102667710123475383 bcsId: 1280} | ret=SUCCESS |  
2019-08-23 18:28:55,475 | INFO  | DNAudit | user=null | ip=null | op=PUT_BLOCK {blockData=[blockId=conID: 3 locID: 102667710123475383 bcsId: 0,size=3145728]} | ret=SUCCESS |  
2019-08-23 18:28:55,475 [grpc-default-executor-6] INFO  client.GrpcClientProtocolClient (GrpcClientProtocolClient.java:onNext(255)) - client-19C32667576E->48affcab-e6e4-4602-963a-f6a50efbd54c: receive RaftClientReply:client-19C32667576E->48affcab-e6e4-4602-963a-f6a50efbd54c@group-50C56EAF5137, cid=956, SUCCESS, logIndex=1285, commits[48affcab-e6e4-4602-963a-f6a50efbd54c:c1286, 7e391b60-07ae-4d97-a027-4756e468c032:c1284, c5f86d96-67df-4f25-bde3-316f439d30b3:c1284]
2019-08-23 18:28:55,475 [grpc-default-executor-6] INFO  client.GrpcClientProtocolClient (GrpcClientProtocolClient.java:onNext(255)) - client-19C32667576E->48affcab-e6e4-4602-963a-f6a50efbd54c: receive RaftClientReply:client-19C32667576E->48affcab-e6e4-4602-963a-f6a50efbd54c@group-50C56EAF5137, cid=957, SUCCESS, logIndex=1286, commits[48affcab-e6e4-4602-963a-f6a50efbd54c:c1286, 7e391b60-07ae-4d97-a027-4756e468c032:c1284, c5f86d96-67df-4f25-bde3-316f439d30b3:c1284]
2019-08-23 18:28:55,476 | INFO  | DNAudit | user=null | ip=null | op=WRITE_CHUNK {blockData=conID: 3 locID: 102667710123475383 bcsId: 1280} | ret=SUCCESS |  
2019-08-23 18:28:55,476 | INFO  | DNAudit | user=null | ip=null | op=WRITE_CHUNK {blockData=conID: 3 locID: 102667710123475383 bcsId: 1280} | ret=SUCCESS |  
2019-08-23 18:28:55,476 | INFO  | DNAudit | user=null | ip=null | op=PUT_BLOCK {blockData=[blockId=conID: 3 locID: 102667710123475383 bcsId: 0,size=3145728]} | ret=SUCCESS |  
2019-08-23 18:28:55,477 | INFO  | DNAudit | user=null | ip=null | op=PUT_BLOCK {blockData=[blockId=conID: 3 locID: 102667710123475383 bcsId: 0,size=3145728]} | ret=SUCCESS |  
2019-08-23 18:28:55,481 | INFO  | DNAudit | user=null | ip=null | op=WRITE_CHUNK {blockData=conID: 3 locID: 102667710123475383 bcsId: 1286} | ret=SUCCESS |  
2019-08-23 18:28:55,484 | INFO  | DNAudit | user=null | ip=null | op=WRITE_CHUNK {blockData=conID: 3 locID: 102667710123475383 bcsId: 1286} | ret=SUCCESS |  
2019-08-23 18:28:55,484 | INFO  | DNAudit | user=null | ip=null | op=WRITE_CHUNK {blockData=conID: 3 locID: 102667710123475383 bcsId: 1286} | ret=SUCCESS |  
2019-08-23 18:28:55,487 | INFO  | DNAudit | user=null | ip=null | op=WRITE_CHUNK {blockData=conID: 3 locID: 102667710123475383 bcsId: 1286} | ret=SUCCESS |  
2019-08-23 18:28:55,487 | INFO  | DNAudit | user=null | ip=null | op=PUT_BLOCK {blockData=[blockId=conID: 3 locID: 102667710123475383 bcsId: 0,size=4194304]} | ret=SUCCESS |  
2019-08-23 18:28:55,488 [grpc-default-executor-6] INFO  client.GrpcClientProtocolClient (GrpcClientProtocolClient.java:onNext(255)) - client-19C32667576E->48affcab-e6e4-4602-963a-f6a50efbd54c: receive RaftClientReply:client-19C32667576E->48affcab-e6e4-4602-963a-f6a50efbd54c@group-50C56EAF5137, cid=958, SUCCESS, logIndex=1289, commits[48affcab-e6e4-4602-963a-f6a50efbd54c:c1290, 7e391b60-07ae-4d97-a027-4756e468c032:c1286, c5f86d96-67df-4f25-bde3-316f439d30b3:c1288]
2019-08-23 18:28:55,488 [grpc-default-executor-6] INFO  client.GrpcClientProtocolClient (GrpcClientProtocolClient.java:onNext(255)) - client-19C32667576E->48affcab-e6e4-4602-963a-f6a50efbd54c: receive RaftClientReply:client-19C32667576E->48affcab-e6e4-4602-963a-f6a50efbd54c@group-50C56EAF5137, cid=959, SUCCESS, logIndex=1290, commits[48affcab-e6e4-4602-963a-f6a50efbd54c:c1290, 7e391b60-07ae-4d97-a027-4756e468c032:c1288, c5f86d96-67df-4f25-bde3-316f439d30b3:c1288]
2019-08-23 18:28:55,489 | INFO  | DNAudit | user=null | ip=null | op=WRITE_CHUNK {blockData=conID: 3 locID: 102667710123475383 bcsId: 1286} | ret=SUCCESS |  
2019-08-23 18:28:55,489 | INFO  | DNAudit | user=null | ip=null | op=PUT_BLOCK {blockData=[blockId=conID: 3 locID: 102667710123475383 bcsId: 0,size=4194304]} | ret=SUCCESS |  
2019-08-23 18:28:55,489 | INFO  | DNAudit | user=null | ip=null | op=WRITE_CHUNK {blockData=conID: 3 locID: 102667710123475383 bcsId: 1286} | ret=SUCCESS |  
2019-08-23 18:28:55,490 | INFO  | DNAudit | user=null | ip=null | op=PUT_BLOCK {blockData=[blockId=conID: 3 locID: 102667710123475383 bcsId: 0,size=4194304]} | ret=SUCCESS |  
2019-08-23 18:28:55,489 [grpc-default-executor-6] INFO  client.GrpcClientProtocolClient (GrpcClientProtocolClient.java:onNext(255)) - client-19C32667576E->48affcab-e6e4-4602-963a-f6a50efbd54c: receive RaftClientReply:client-19C32667576E->48affcab-e6e4-4602-963a-f6a50efbd54c@group-50C56EAF5137, cid=960, SUCCESS, logIndex=0, commits[48affcab-e6e4-4602-963a-f6a50efbd54c:c1291, 7e391b60-07ae-4d97-a027-4756e468c032:c1290, c5f86d96-67df-4f25-bde3-316f439d30b3:c1290]
2019-08-23 18:28:55,495 | INFO  | DNAudit | user=null | ip=null | op=WRITE_CHUNK {blockData=conID: 1 locID: 102667710123475384 bcsId: 0} | ret=SUCCESS |  
2019-08-23 18:28:55,498 | INFO  | DNAudit | user=null | ip=null | op=WRITE_CHUNK {blockData=conID: 1 locID: 102667710123475384 bcsId: 0} | ret=SUCCESS |  
2019-08-23 18:28:55,499 | INFO  | DNAudit | user=null | ip=null | op=WRITE_CHUNK {blockData=conID: 1 locID: 102667710123475384 bcsId: 0} | ret=SUCCESS |  
2019-08-23 18:28:55,500 | INFO  | DNAudit | user=null | ip=null | op=WRITE_CHUNK {blockData=conID: 1 locID: 102667710123475384 bcsId: 0} | ret=SUCCESS |  
2019-08-23 18:28:55,501 | INFO  | DNAudit | user=null | ip=null | op=WRITE_CHUNK {blockData=conID: 1 locID: 102667710123475384 bcsId: 0} | ret=SUCCESS |  
2019-08-23 18:28:55,502 | INFO  | DNAudit | user=null | ip=null | op=WRITE_CHUNK {blockData=conID: 1 locID: 102667710123475384 bcsId: 0} | ret=SUCCESS |  
2019-08-23 18:28:55,502 | INFO  | DNAudit | user=null | ip=null | op=WRITE_CHUNK {blockData=conID: 1 locID: 102667710123475384 bcsId: 0} | ret=SUCCESS |  
2019-08-23 18:28:55,502 | INFO  | DNAudit | user=null | ip=null | op=PUT_BLOCK {blockData=[blockId=conID: 1 locID: 102667710123475384 bcsId: 0,size=1048576]} | ret=SUCCESS |  
2019-08-23 18:28:55,502 [grpc-default-executor-0] INFO  client.GrpcClientProtocolClient (GrpcClientProtocolClient.java:onNext(255)) - client-19C32667576E->48affcab-e6e4-4602-963a-f6a50efbd54c: receive RaftClientReply:client-19C32667576E->48affcab-e6e4-4602-963a-f6a50efbd54c@group-50C56EAF5137, cid=961, SUCCESS, logIndex=1293, commits[48affcab-e6e4-4602-963a-f6a50efbd54c:c1294, 7e391b60-07ae-4d97-a027-4756e468c032:c1292, c5f86d96-67df-4f25-bde3-316f439d30b3:c1292]
2019-08-23 18:28:55,503 [grpc-default-executor-0] INFO  client.GrpcClientProtocolClient (GrpcClientProtocolClient.java:onNext(255)) - client-19C32667576E->48affcab-e6e4-4602-963a-f6a50efbd54c: receive RaftClientReply:client-19C32667576E->48affcab-e6e4-4602-963a-f6a50efbd54c@group-50C56EAF5137, cid=962, SUCCESS, logIndex=1294, commits[48affcab-e6e4-4602-963a-f6a50efbd54c:c1294, 7e391b60-07ae-4d97-a027-4756e468c032:c1292, c5f86d96-67df-4f25-bde3-316f439d30b3:c1292]
2019-08-23 18:28:55,503 | INFO  | DNAudit | user=null | ip=null | op=WRITE_CHUNK {blockData=conID: 1 locID: 102667710123475384 bcsId: 0} | ret=SUCCESS |  
2019-08-23 18:28:55,504 | INFO  | DNAudit | user=null | ip=null | op=PUT_BLOCK {blockData=[blockId=conID: 1 locID: 102667710123475384 bcsId: 0,size=2097152]} | ret=SUCCESS |  
2019-08-23 18:28:55,504 | INFO  | DNAudit | user=null | ip=null | op=WRITE_CHUNK {blockData=conID: 1 locID: 102667710123475384 bcsId: 0} | ret=SUCCESS |  
2019-08-23 18:28:55,504 | INFO  | DNAudit | user=null | ip=null | op=PUT_BLOCK {blockData=[blockId=conID: 1 locID: 102667710123475384 bcsId: 0,size=1048576]} | ret=SUCCESS |  
2019-08-23 18:28:55,504 | INFO  | DNAudit | user=null | ip=null | op=WRITE_CHUNK {blockData=conID: 1 locID: 102667710123475384 bcsId: 0} | ret=SUCCESS |  
2019-08-23 18:28:55,504 [grpc-default-executor-4] INFO  client.GrpcClientProtocolClient (GrpcClientProtocolClient.java:onNext(255)) - client-19C32667576E->48affcab-e6e4-4602-963a-f6a50efbd54c: receive RaftClientReply:client-19C32667576E->48affcab-e6e4-4602-963a-f6a50efbd54c@group-50C56EAF5137, cid=963, SUCCESS, logIndex=1295, commits[48affcab-e6e4-4602-963a-f6a50efbd54c:c1296, 7e391b60-07ae-4d97-a027-4756e468c032:c1292, c5f86d96-67df-4f25-bde3-316f439d30b3:c1292]
2019-08-23 18:28:55,504 | INFO  | DNAudit | user=null | ip=null | op=PUT_BLOCK {blockData=[blockId=conID: 1 locID: 102667710123475384 bcsId: 0,size=1048576]} | ret=SUCCESS |  
2019-08-23 18:28:55,504 [grpc-default-executor-4] INFO  client.GrpcClientProtocolClient (GrpcClientProtocolClient.java:onNext(255)) - client-19C32667576E->48affcab-e6e4-4602-963a-f6a50efbd54c: receive RaftClientReply:client-19C32667576E->48affcab-e6e4-4602-963a-f6a50efbd54c@group-50C56EAF5137, cid=964, SUCCESS, logIndex=1296, commits[48affcab-e6e4-4602-963a-f6a50efbd54c:c1297, 7e391b60-07ae-4d97-a027-4756e468c032:c1293, c5f86d96-67df-4f25-bde3-316f439d30b3:c1292]
2019-08-23 18:28:55,505 | INFO  | DNAudit | user=null | ip=null | op=WRITE_CHUNK {blockData=conID: 1 locID: 102667710123475384 bcsId: 0} | ret=SUCCESS |  
2019-08-23 18:28:55,505 | INFO  | DNAudit | user=null | ip=null | op=PUT_BLOCK {blockData=[blockId=conID: 1 locID: 102667710123475384 bcsId: 0,size=2097152]} | ret=SUCCESS |  
2019-08-23 18:28:55,506 | INFO  | DNAudit | user=null | ip=null | op=WRITE_CHUNK {blockData=conID: 1 locID: 102667710123475384 bcsId: 0} | ret=SUCCESS |  
2019-08-23 18:28:55,506 | INFO  | DNAudit | user=null | ip=null | op=PUT_BLOCK {blockData=[blockId=conID: 1 locID: 102667710123475384 bcsId: 0,size=2097152]} | ret=SUCCESS |  
2019-08-23 18:28:55,506 [grpc-default-executor-4] INFO  client.GrpcClientProtocolClient (GrpcClientProtocolClient.java:onNext(255)) - client-19C32667576E->48affcab-e6e4-4602-963a-f6a50efbd54c: receive RaftClientReply:client-19C32667576E->48affcab-e6e4-4602-963a-f6a50efbd54c@group-50C56EAF5137, cid=965, SUCCESS, logIndex=0, commits[48affcab-e6e4-4602-963a-f6a50efbd54c:c1299, 7e391b60-07ae-4d97-a027-4756e468c032:c1296, c5f86d96-67df-4f25-bde3-316f439d30b3:c1294]
2019-08-23 18:28:55,511 | INFO  | DNAudit | user=null | ip=null | op=WRITE_CHUNK {blockData=conID: 1 locID: 102667710123475384 bcsId: 1296} | ret=SUCCESS |  
2019-08-23 18:28:55,514 | INFO  | DNAudit | user=null | ip=null | op=WRITE_CHUNK {blockData=conID: 1 locID: 102667710123475384 bcsId: 1296} | ret=SUCCESS |  
2019-08-23 18:28:55,514 | INFO  | DNAudit | user=null | ip=null | op=WRITE_CHUNK {blockData=conID: 1 locID: 102667710123475384 bcsId: 1296} | ret=SUCCESS |  
2019-08-23 18:28:55,516 | INFO  | DNAudit | user=null | ip=null | op=WRITE_CHUNK {blockData=conID: 1 locID: 102667710123475384 bcsId: 1296} | ret=SUCCESS |  
2019-08-23 18:28:55,516 | INFO  | DNAudit | user=null | ip=null | op=PUT_BLOCK {blockData=[blockId=conID: 1 locID: 102667710123475384 bcsId: 0,size=3145728]} | ret=SUCCESS |  
2019-08-23 18:28:55,517 [grpc-default-executor-0] INFO  client.GrpcClientProtocolClient (GrpcClientProtocolClient.java:onNext(255)) - client-19C32667576E->48affcab-e6e4-4602-963a-f6a50efbd54c: receive RaftClientReply:client-19C32667576E->48affcab-e6e4-4602-963a-f6a50efbd54c@group-50C56EAF5137, cid=966, SUCCESS, logIndex=1301, commits[48affcab-e6e4-4602-963a-f6a50efbd54c:c1302, 7e391b60-07ae-4d97-a027-4756e468c032:c1300, c5f86d96-67df-4f25-bde3-316f439d30b3:c1300]
2019-08-23 18:28:55,517 [grpc-default-executor-0] INFO  client.GrpcClientProtocolClient (GrpcClientProtocolClient.java:onNext(255)) - client-19C32667576E->48affcab-e6e4-4602-963a-f6a50efbd54c: receive RaftClientReply:client-19C32667576E->48affcab-e6e4-4602-963a-f6a50efbd54c@group-50C56EAF5137, cid=967, SUCCESS, logIndex=1302, commits[48affcab-e6e4-4602-963a-f6a50efbd54c:c1302, 7e391b60-07ae-4d97-a027-4756e468c032:c1300, c5f86d96-67df-4f25-bde3-316f439d30b3:c1300]
2019-08-23 18:28:55,518 | INFO  | DNAudit | user=null | ip=null | op=WRITE_CHUNK {blockData=conID: 1 locID: 102667710123475384 bcsId: 1296} | ret=SUCCESS |  
2019-08-23 18:28:55,518 | INFO  | DNAudit | user=null | ip=null | op=WRITE_CHUNK {blockData=conID: 1 locID: 102667710123475384 bcsId: 1296} | ret=SUCCESS |  
2019-08-23 18:28:55,518 | INFO  | DNAudit | user=null | ip=null | op=PUT_BLOCK {blockData=[blockId=conID: 1 locID: 102667710123475384 bcsId: 0,size=3145728]} | ret=SUCCESS |  
2019-08-23 18:28:55,518 | INFO  | DNAudit | user=null | ip=null | op=PUT_BLOCK {blockData=[blockId=conID: 1 locID: 102667710123475384 bcsId: 0,size=3145728]} | ret=SUCCESS |  
2019-08-23 18:28:55,523 | INFO  | DNAudit | user=null | ip=null | op=WRITE_CHUNK {blockData=conID: 1 locID: 102667710123475384 bcsId: 1302} | ret=SUCCESS |  
2019-08-23 18:28:55,526 | INFO  | DNAudit | user=null | ip=null | op=WRITE_CHUNK {blockData=conID: 1 locID: 102667710123475384 bcsId: 1302} | ret=SUCCESS |  
2019-08-23 18:28:55,526 | INFO  | DNAudit | user=null | ip=null | op=WRITE_CHUNK {blockData=conID: 1 locID: 102667710123475384 bcsId: 1302} | ret=SUCCESS |  
2019-08-23 18:28:55,549 | INFO  | DNAudit | user=null | ip=null | op=WRITE_CHUNK {blockData=conID: 1 locID: 102667710123475384 bcsId: 1302} | ret=SUCCESS |  
2019-08-23 18:28:55,549 | INFO  | DNAudit | user=null | ip=null | op=PUT_BLOCK {blockData=[blockId=conID: 1 locID: 102667710123475384 bcsId: 0,size=4194304]} | ret=SUCCESS |  
2019-08-23 18:28:55,549 [grpc-default-executor-4] INFO  client.GrpcClientProtocolClient (GrpcClientProtocolClient.java:onNext(255)) - client-19C32667576E->48affcab-e6e4-4602-963a-f6a50efbd54c: receive RaftClientReply:client-19C32667576E->48affcab-e6e4-4602-963a-f6a50efbd54c@group-50C56EAF5137, cid=968, SUCCESS, logIndex=1305, commits[48affcab-e6e4-4602-963a-f6a50efbd54c:c1306, 7e391b60-07ae-4d97-a027-4756e468c032:c1304, c5f86d96-67df-4f25-bde3-316f439d30b3:c1304]
2019-08-23 18:28:55,550 [grpc-default-executor-4] INFO  client.GrpcClientProtocolClient (GrpcClientProtocolClient.java:onNext(255)) - client-19C32667576E->48affcab-e6e4-4602-963a-f6a50efbd54c: receive RaftClientReply:client-19C32667576E->48affcab-e6e4-4602-963a-f6a50efbd54c@group-50C56EAF5137, cid=969, SUCCESS, logIndex=1306, commits[48affcab-e6e4-4602-963a-f6a50efbd54c:c1306, 7e391b60-07ae-4d97-a027-4756e468c032:c1304, c5f86d96-67df-4f25-bde3-316f439d30b3:c1304]
2019-08-23 18:28:55,567 | INFO  | DNAudit | user=null | ip=null | op=WRITE_CHUNK {blockData=conID: 1 locID: 102667710123475384 bcsId: 1302} | ret=SUCCESS |  
2019-08-23 18:28:55,567 | INFO  | DNAudit | user=null | ip=null | op=WRITE_CHUNK {blockData=conID: 1 locID: 102667710123475384 bcsId: 1302} | ret=SUCCESS |  
2019-08-23 18:28:55,567 | INFO  | DNAudit | user=null | ip=null | op=PUT_BLOCK {blockData=[blockId=conID: 1 locID: 102667710123475384 bcsId: 0,size=4194304]} | ret=SUCCESS |  
2019-08-23 18:28:55,567 | INFO  | DNAudit | user=null | ip=null | op=PUT_BLOCK {blockData=[blockId=conID: 1 locID: 102667710123475384 bcsId: 0,size=4194304]} | ret=SUCCESS |  
2019-08-23 18:28:55,567 [grpc-default-executor-0] INFO  client.GrpcClientProtocolClient (GrpcClientProtocolClient.java:onNext(255)) - client-19C32667576E->48affcab-e6e4-4602-963a-f6a50efbd54c: receive RaftClientReply:client-19C32667576E->48affcab-e6e4-4602-963a-f6a50efbd54c@group-50C56EAF5137, cid=970, SUCCESS, logIndex=0, commits[48affcab-e6e4-4602-963a-f6a50efbd54c:c1307, 7e391b60-07ae-4d97-a027-4756e468c032:c1306, c5f86d96-67df-4f25-bde3-316f439d30b3:c1306]
2019-08-23 18:28:55,573 | INFO  | DNAudit | user=null | ip=null | op=WRITE_CHUNK {blockData=conID: 2 locID: 102667710123475385 bcsId: 0} | ret=SUCCESS |  
2019-08-23 18:28:55,576 | INFO  | DNAudit | user=null | ip=null | op=WRITE_CHUNK {blockData=conID: 2 locID: 102667710123475385 bcsId: 0} | ret=SUCCESS |  
2019-08-23 18:28:55,577 | INFO  | DNAudit | user=null | ip=null | op=WRITE_CHUNK {blockData=conID: 2 locID: 102667710123475385 bcsId: 0} | ret=SUCCESS |  
2019-08-23 18:28:55,577 | INFO  | DNAudit | user=null | ip=null | op=WRITE_CHUNK {blockData=conID: 2 locID: 102667710123475385 bcsId: 0} | ret=SUCCESS |  
2019-08-23 18:28:55,580 | INFO  | DNAudit | user=null | ip=null | op=WRITE_CHUNK {blockData=conID: 2 locID: 102667710123475385 bcsId: 0} | ret=SUCCESS |  
2019-08-23 18:28:55,580 | INFO  | DNAudit | user=null | ip=null | op=WRITE_CHUNK {blockData=conID: 2 locID: 102667710123475385 bcsId: 0} | ret=SUCCESS |  
2019-08-23 18:28:55,586 | INFO  | DNAudit | user=null | ip=null | op=WRITE_CHUNK {blockData=conID: 2 locID: 102667710123475385 bcsId: 0} | ret=SUCCESS |  
2019-08-23 18:28:55,587 | INFO  | DNAudit | user=null | ip=null | op=PUT_BLOCK {blockData=[blockId=conID: 2 locID: 102667710123475385 bcsId: 0,size=1048576]} | ret=SUCCESS |  
2019-08-23 18:28:55,587 [grpc-default-executor-6] INFO  client.GrpcClientProtocolClient (GrpcClientProtocolClient.java:onNext(255)) - client-19C32667576E->48affcab-e6e4-4602-963a-f6a50efbd54c: receive RaftClientReply:client-19C32667576E->48affcab-e6e4-4602-963a-f6a50efbd54c@group-50C56EAF5137, cid=971, SUCCESS, logIndex=1309, commits[48affcab-e6e4-4602-963a-f6a50efbd54c:c1310, 7e391b60-07ae-4d97-a027-4756e468c032:c1308, c5f86d96-67df-4f25-bde3-316f439d30b3:c1308]
2019-08-23 18:28:55,587 | INFO  | DNAudit | user=null | ip=null | op=WRITE_CHUNK {blockData=conID: 2 locID: 102667710123475385 bcsId: 0} | ret=SUCCESS |  
2019-08-23 18:28:55,587 [grpc-default-executor-6] INFO  client.GrpcClientProtocolClient (GrpcClientProtocolClient.java:onNext(255)) - client-19C32667576E->48affcab-e6e4-4602-963a-f6a50efbd54c: receive RaftClientReply:client-19C32667576E->48affcab-e6e4-4602-963a-f6a50efbd54c@group-50C56EAF5137, cid=972, SUCCESS, logIndex=1310, commits[48affcab-e6e4-4602-963a-f6a50efbd54c:c1312, 7e391b60-07ae-4d97-a027-4756e468c032:c1308, c5f86d96-67df-4f25-bde3-316f439d30b3:c1308]
2019-08-23 18:28:55,588 | INFO  | DNAudit | user=null | ip=null | op=PUT_BLOCK {blockData=[blockId=conID: 2 locID: 102667710123475385 bcsId: 0,size=2097152]} | ret=SUCCESS |  
2019-08-23 18:28:55,588 [grpc-default-executor-6] INFO  client.GrpcClientProtocolClient (GrpcClientProtocolClient.java:onNext(255)) - client-19C32667576E->48affcab-e6e4-4602-963a-f6a50efbd54c: receive RaftClientReply:client-19C32667576E->48affcab-e6e4-4602-963a-f6a50efbd54c@group-50C56EAF5137, cid=973, SUCCESS, logIndex=1311, commits[48affcab-e6e4-4602-963a-f6a50efbd54c:c1312, 7e391b60-07ae-4d97-a027-4756e468c032:c1308, c5f86d96-67df-4f25-bde3-316f439d30b3:c1308]
2019-08-23 18:28:55,588 | INFO  | DNAudit | user=null | ip=null | op=WRITE_CHUNK {blockData=conID: 2 locID: 102667710123475385 bcsId: 0} | ret=SUCCESS |  
2019-08-23 18:28:55,588 [grpc-default-executor-6] INFO  client.GrpcClientProtocolClient (GrpcClientProtocolClient.java:onNext(255)) - client-19C32667576E->48affcab-e6e4-4602-963a-f6a50efbd54c: receive RaftClientReply:client-19C32667576E->48affcab-e6e4-4602-963a-f6a50efbd54c@group-50C56EAF5137, cid=974, SUCCESS, logIndex=1312, commits[48affcab-e6e4-4602-963a-f6a50efbd54c:c1312, 7e391b60-07ae-4d97-a027-4756e468c032:c1308, c5f86d96-67df-4f25-bde3-316f439d30b3:c1308]
2019-08-23 18:28:55,588 | INFO  | DNAudit | user=null | ip=null | op=PUT_BLOCK {blockData=[blockId=conID: 2 locID: 102667710123475385 bcsId: 0,size=1048576]} | ret=SUCCESS |  
2019-08-23 18:28:55,588 | INFO  | DNAudit | user=null | ip=null | op=WRITE_CHUNK {blockData=conID: 2 locID: 102667710123475385 bcsId: 0} | ret=SUCCESS |  
2019-08-23 18:28:55,589 | INFO  | DNAudit | user=null | ip=null | op=PUT_BLOCK {blockData=[blockId=conID: 2 locID: 102667710123475385 bcsId: 0,size=1048576]} | ret=SUCCESS |  
2019-08-23 18:28:55,589 | INFO  | DNAudit | user=null | ip=null | op=WRITE_CHUNK {blockData=conID: 2 locID: 102667710123475385 bcsId: 0} | ret=SUCCESS |  
2019-08-23 18:28:55,589 | INFO  | DNAudit | user=null | ip=null | op=PUT_BLOCK {blockData=[blockId=conID: 2 locID: 102667710123475385 bcsId: 0,size=2097152]} | ret=SUCCESS |  
2019-08-23 18:28:55,589 [grpc-default-executor-6] INFO  client.GrpcClientProtocolClient (GrpcClientProtocolClient.java:onNext(255)) - client-19C32667576E->48affcab-e6e4-4602-963a-f6a50efbd54c: receive RaftClientReply:client-19C32667576E->48affcab-e6e4-4602-963a-f6a50efbd54c@group-50C56EAF5137, cid=975, SUCCESS, logIndex=0, commits[48affcab-e6e4-4602-963a-f6a50efbd54c:c1314, 7e391b60-07ae-4d97-a027-4756e468c032:c1310, c5f86d96-67df-4f25-bde3-316f439d30b3:c1312]
2019-08-23 18:28:55,589 | INFO  | DNAudit | user=null | ip=null | op=WRITE_CHUNK {blockData=conID: 2 locID: 102667710123475385 bcsId: 0} | ret=SUCCESS |  
2019-08-23 18:28:55,589 | INFO  | DNAudit | user=null | ip=null | op=PUT_BLOCK {blockData=[blockId=conID: 2 locID: 102667710123475385 bcsId: 0,size=2097152]} | ret=SUCCESS |  
2019-08-23 18:28:55,594 | INFO  | DNAudit | user=null | ip=null | op=WRITE_CHUNK {blockData=conID: 2 locID: 102667710123475385 bcsId: 1312} | ret=SUCCESS |  
2019-08-23 18:28:55,597 | INFO  | DNAudit | user=null | ip=null | op=WRITE_CHUNK {blockData=conID: 2 locID: 102667710123475385 bcsId: 1312} | ret=SUCCESS |  
2019-08-23 18:28:55,597 | INFO  | DNAudit | user=null | ip=null | op=WRITE_CHUNK {blockData=conID: 2 locID: 102667710123475385 bcsId: 1312} | ret=SUCCESS |  
2019-08-23 18:28:55,608 | INFO  | DNAudit | user=null | ip=null | op=WRITE_CHUNK {blockData=conID: 2 locID: 102667710123475385 bcsId: 1312} | ret=SUCCESS |  
2019-08-23 18:28:55,608 | INFO  | DNAudit | user=null | ip=null | op=PUT_BLOCK {blockData=[blockId=conID: 2 locID: 102667710123475385 bcsId: 0,size=3145728]} | ret=SUCCESS |  
2019-08-23 18:28:55,608 [grpc-default-executor-6] INFO  client.GrpcClientProtocolClient (GrpcClientProtocolClient.java:onNext(255)) - client-19C32667576E->48affcab-e6e4-4602-963a-f6a50efbd54c: receive RaftClientReply:client-19C32667576E->48affcab-e6e4-4602-963a-f6a50efbd54c@group-50C56EAF5137, cid=976, SUCCESS, logIndex=1316, commits[48affcab-e6e4-4602-963a-f6a50efbd54c:c1317, 7e391b60-07ae-4d97-a027-4756e468c032:c1315, c5f86d96-67df-4f25-bde3-316f439d30b3:c1315]
2019-08-23 18:28:55,609 [grpc-default-executor-6] INFO  client.GrpcClientProtocolClient (GrpcClientProtocolClient.java:onNext(255)) - client-19C32667576E->48affcab-e6e4-4602-963a-f6a50efbd54c: receive RaftClientReply:client-19C32667576E->48affcab-e6e4-4602-963a-f6a50efbd54c@group-50C56EAF5137, cid=977, SUCCESS, logIndex=1317, commits[48affcab-e6e4-4602-963a-f6a50efbd54c:c1317, 7e391b60-07ae-4d97-a027-4756e468c032:c1315, c5f86d96-67df-4f25-bde3-316f439d30b3:c1315]
2019-08-23 18:28:55,615 | INFO  | DNAudit | user=null | ip=null | op=WRITE_CHUNK {blockData=conID: 2 locID: 102667710123475385 bcsId: 1317} | ret=SUCCESS |  
2019-08-23 18:28:55,617 | INFO  | DNAudit | user=null | ip=null | op=WRITE_CHUNK {blockData=conID: 2 locID: 102667710123475385 bcsId: 1317} | ret=SUCCESS |  
2019-08-23 18:28:55,617 | INFO  | DNAudit | user=null | ip=null | op=WRITE_CHUNK {blockData=conID: 2 locID: 102667710123475385 bcsId: 1317} | ret=SUCCESS |  
2019-08-23 18:28:55,619 | INFO  | DNAudit | user=null | ip=null | op=WRITE_CHUNK {blockData=conID: 2 locID: 102667710123475385 bcsId: 1312} | ret=SUCCESS |  
2019-08-23 18:28:55,619 | INFO  | DNAudit | user=null | ip=null | op=WRITE_CHUNK {blockData=conID: 2 locID: 102667710123475385 bcsId: 1312} | ret=SUCCESS |  
2019-08-23 18:28:55,619 | INFO  | SCMAudit | user=jenkins1000 | ip=192.168.34.23 | op=SEND_HEARTBEAT {datanodeUUID=58706fd2-d7f7-4771-af80-9e0541495c87, command=[]} | ret=SUCCESS |  
2019-08-23 18:28:55,619 | INFO  | DNAudit | user=null | ip=null | op=PUT_BLOCK {blockData=[blockId=conID: 2 locID: 102667710123475385 bcsId: 0,size=3145728]} | ret=SUCCESS |  
2019-08-23 18:28:55,619 | INFO  | DNAudit | user=null | ip=null | op=PUT_BLOCK {blockData=[blockId=conID: 2 locID: 102667710123475385 bcsId: 0,size=3145728]} | ret=SUCCESS |  
2019-08-23 18:28:55,619 | INFO  | SCMAudit | user=jenkins1000 | ip=192.168.34.23 | op=SEND_HEARTBEAT {datanodeUUID=c5f86d96-67df-4f25-bde3-316f439d30b3, command=[]} | ret=SUCCESS |  
2019-08-23 18:28:55,620 | INFO  | SCMAudit | user=jenkins1000 | ip=192.168.34.23 | op=SEND_HEARTBEAT {datanodeUUID=7e391b60-07ae-4d97-a027-4756e468c032, command=[]} | ret=SUCCESS |  
2019-08-23 18:28:55,620 | INFO  | SCMAudit | user=jenkins1000 | ip=192.168.34.23 | op=SEND_HEARTBEAT {datanodeUUID=48affcab-e6e4-4602-963a-f6a50efbd54c, command=[]} | ret=SUCCESS |  
2019-08-23 18:28:55,621 | INFO  | DNAudit | user=null | ip=null | op=WRITE_CHUNK {blockData=conID: 2 locID: 102667710123475385 bcsId: 1317} | ret=SUCCESS |  
2019-08-23 18:28:55,621 | INFO  | DNAudit | user=null | ip=null | op=PUT_BLOCK {blockData=[blockId=conID: 2 locID: 102667710123475385 bcsId: 0,size=4194304]} | ret=SUCCESS |  
2019-08-23 18:28:55,621 [grpc-default-executor-0] INFO  client.GrpcClientProtocolClient (GrpcClientProtocolClient.java:onNext(255)) - client-19C32667576E->48affcab-e6e4-4602-963a-f6a50efbd54c: receive RaftClientReply:client-19C32667576E->48affcab-e6e4-4602-963a-f6a50efbd54c@group-50C56EAF5137, cid=978, SUCCESS, logIndex=1320, commits[48affcab-e6e4-4602-963a-f6a50efbd54c:c1321, 7e391b60-07ae-4d97-a027-4756e468c032:c1317, c5f86d96-67df-4f25-bde3-316f439d30b3:c1317]
2019-08-23 18:28:55,621 [grpc-default-executor-0] INFO  client.GrpcClientProtocolClient (GrpcClientProtocolClient.java:onNext(255)) - client-19C32667576E->48affcab-e6e4-4602-963a-f6a50efbd54c: receive RaftClientReply:client-19C32667576E->48affcab-e6e4-4602-963a-f6a50efbd54c@group-50C56EAF5137, cid=979, SUCCESS, logIndex=1321, commits[48affcab-e6e4-4602-963a-f6a50efbd54c:c1321, 7e391b60-07ae-4d97-a027-4756e468c032:c1317, c5f86d96-67df-4f25-bde3-316f439d30b3:c1317]
2019-08-23 18:28:55,632 | INFO  | DNAudit | user=null | ip=null | op=WRITE_CHUNK {blockData=conID: 2 locID: 102667710123475385 bcsId: 1317} | ret=SUCCESS |  
2019-08-23 18:28:55,632 | INFO  | DNAudit | user=null | ip=null | op=WRITE_CHUNK {blockData=conID: 2 locID: 102667710123475385 bcsId: 1317} | ret=SUCCESS |  
2019-08-23 18:28:55,633 | INFO  | DNAudit | user=null | ip=null | op=PUT_BLOCK {blockData=[blockId=conID: 2 locID: 102667710123475385 bcsId: 0,size=4194304]} | ret=SUCCESS |  
2019-08-23 18:28:55,633 | INFO  | DNAudit | user=null | ip=null | op=PUT_BLOCK {blockData=[blockId=conID: 2 locID: 102667710123475385 bcsId: 0,size=4194304]} | ret=SUCCESS |  
2019-08-23 18:28:55,634 [grpc-default-executor-0] INFO  client.GrpcClientProtocolClient (GrpcClientProtocolClient.java:onNext(255)) - client-19C32667576E->48affcab-e6e4-4602-963a-f6a50efbd54c: receive RaftClientReply:client-19C32667576E->48affcab-e6e4-4602-963a-f6a50efbd54c@group-50C56EAF5137, cid=980, SUCCESS, logIndex=0, commits[48affcab-e6e4-4602-963a-f6a50efbd54c:c1323, 7e391b60-07ae-4d97-a027-4756e468c032:c1321, c5f86d96-67df-4f25-bde3-316f439d30b3:c1321]
2019-08-23 18:28:55,641 | INFO  | DNAudit | user=null | ip=null | op=WRITE_CHUNK {blockData=conID: 3 locID: 102667710123475386 bcsId: 0} | ret=SUCCESS |  
2019-08-23 18:28:55,643 | INFO  | DNAudit | user=null | ip=null | op=WRITE_CHUNK {blockData=conID: 3 locID: 102667710123475386 bcsId: 0} | ret=SUCCESS |  
2019-08-23 18:28:55,643 | INFO  | DNAudit | user=null | ip=null | op=WRITE_CHUNK {blockData=conID: 3 locID: 102667710123475386 bcsId: 0} | ret=SUCCESS |  
2019-08-23 18:28:55,643 | INFO  | DNAudit | user=null | ip=null | op=WRITE_CHUNK {blockData=conID: 3 locID: 102667710123475386 bcsId: 0} | ret=SUCCESS |  
2019-08-23 18:28:55,646 | INFO  | DNAudit | user=null | ip=null | op=WRITE_CHUNK {blockData=conID: 3 locID: 102667710123475386 bcsId: 0} | ret=SUCCESS |  
2019-08-23 18:28:55,646 | INFO  | DNAudit | user=null | ip=null | op=WRITE_CHUNK {blockData=conID: 3 locID: 102667710123475386 bcsId: 0} | ret=SUCCESS |  
2019-08-23 18:28:55,654 | INFO  | DNAudit | user=null | ip=null | op=WRITE_CHUNK {blockData=conID: 3 locID: 102667710123475386 bcsId: 0} | ret=SUCCESS |  
2019-08-23 18:28:55,654 | INFO  | DNAudit | user=null | ip=null | op=PUT_BLOCK {blockData=[blockId=conID: 3 locID: 102667710123475386 bcsId: 0,size=1048576]} | ret=SUCCESS |  
2019-08-23 18:28:55,655 | INFO  | DNAudit | user=null | ip=null | op=WRITE_CHUNK {blockData=conID: 3 locID: 102667710123475386 bcsId: 0} | ret=SUCCESS |  
2019-08-23 18:28:55,655 [grpc-default-executor-0] INFO  client.GrpcClientProtocolClient (GrpcClientProtocolClient.java:onNext(255)) - client-19C32667576E->48affcab-e6e4-4602-963a-f6a50efbd54c: receive RaftClientReply:client-19C32667576E->48affcab-e6e4-4602-963a-f6a50efbd54c@group-50C56EAF5137, cid=981, SUCCESS, logIndex=1324, commits[48affcab-e6e4-4602-963a-f6a50efbd54c:c1325, 7e391b60-07ae-4d97-a027-4756e468c032:c1323, c5f86d96-67df-4f25-bde3-316f439d30b3:c1323]
2019-08-23 18:28:55,655 | INFO  | DNAudit | user=null | ip=null | op=PUT_BLOCK {blockData=[blockId=conID: 3 locID: 102667710123475386 bcsId: 0,size=2097152]} | ret=SUCCESS |  
2019-08-23 18:28:55,655 [grpc-default-executor-0] INFO  client.GrpcClientProtocolClient (GrpcClientProtocolClient.java:onNext(255)) - client-19C32667576E->48affcab-e6e4-4602-963a-f6a50efbd54c: receive RaftClientReply:client-19C32667576E->48affcab-e6e4-4602-963a-f6a50efbd54c@group-50C56EAF5137, cid=982, SUCCESS, logIndex=1325, commits[48affcab-e6e4-4602-963a-f6a50efbd54c:c1326, 7e391b60-07ae-4d97-a027-4756e468c032:c1323, c5f86d96-67df-4f25-bde3-316f439d30b3:c1323]
2019-08-23 18:28:55,655 [grpc-default-executor-0] INFO  client.GrpcClientProtocolClient (GrpcClientProtocolClient.java:onNext(255)) - client-19C32667576E->48affcab-e6e4-4602-963a-f6a50efbd54c: receive RaftClientReply:client-19C32667576E->48affcab-e6e4-4602-963a-f6a50efbd54c@group-50C56EAF5137, cid=983, SUCCESS, logIndex=1326, commits[48affcab-e6e4-4602-963a-f6a50efbd54c:c1327, 7e391b60-07ae-4d97-a027-4756e468c032:c1323, c5f86d96-67df-4f25-bde3-316f439d30b3:c1323]
2019-08-23 18:28:55,656 | INFO  | DNAudit | user=null | ip=null | op=WRITE_CHUNK {blockData=conID: 3 locID: 102667710123475386 bcsId: 0} | ret=SUCCESS |  
2019-08-23 18:28:55,656 [grpc-default-executor-0] INFO  client.GrpcClientProtocolClient (GrpcClientProtocolClient.java:onNext(255)) - client-19C32667576E->48affcab-e6e4-4602-963a-f6a50efbd54c: receive RaftClientReply:client-19C32667576E->48affcab-e6e4-4602-963a-f6a50efbd54c@group-50C56EAF5137, cid=984, SUCCESS, logIndex=1327, commits[48affcab-e6e4-4602-963a-f6a50efbd54c:c1327, 7e391b60-07ae-4d97-a027-4756e468c032:c1323, c5f86d96-67df-4f25-bde3-316f439d30b3:c1323]
2019-08-23 18:28:55,656 | INFO  | DNAudit | user=null | ip=null | op=PUT_BLOCK {blockData=[blockId=conID: 3 locID: 102667710123475386 bcsId: 0,size=1048576]} | ret=SUCCESS |  
2019-08-23 18:28:55,656 | INFO  | DNAudit | user=null | ip=null | op=WRITE_CHUNK {blockData=conID: 3 locID: 102667710123475386 bcsId: 0} | ret=SUCCESS |  
2019-08-23 18:28:55,656 | INFO  | DNAudit | user=null | ip=null | op=PUT_BLOCK {blockData=[blockId=conID: 3 locID: 102667710123475386 bcsId: 0,size=1048576]} | ret=SUCCESS |  
2019-08-23 18:28:55,657 [grpc-default-executor-0] INFO  client.GrpcClientProtocolClient (GrpcClientProtocolClient.java:onNext(255)) - client-19C32667576E->48affcab-e6e4-4602-963a-f6a50efbd54c: receive RaftClientReply:client-19C32667576E->48affcab-e6e4-4602-963a-f6a50efbd54c@group-50C56EAF5137, cid=985, SUCCESS, logIndex=0, commits[48affcab-e6e4-4602-963a-f6a50efbd54c:c1329, 7e391b60-07ae-4d97-a027-4756e468c032:c1325, c5f86d96-67df-4f25-bde3-316f439d30b3:c1325]
2019-08-23 18:28:55,657 | INFO  | DNAudit | user=null | ip=null | op=WRITE_CHUNK {blockData=conID: 3 locID: 102667710123475386 bcsId: 0} | ret=SUCCESS |  
2019-08-23 18:28:55,657 | INFO  | DNAudit | user=null | ip=null | op=WRITE_CHUNK {blockData=conID: 3 locID: 102667710123475386 bcsId: 0} | ret=SUCCESS |  
2019-08-23 18:28:55,657 | INFO  | DNAudit | user=null | ip=null | op=PUT_BLOCK {blockData=[blockId=conID: 3 locID: 102667710123475386 bcsId: 0,size=2097152]} | ret=SUCCESS |  
2019-08-23 18:28:55,657 | INFO  | DNAudit | user=null | ip=null | op=PUT_BLOCK {blockData=[blockId=conID: 3 locID: 102667710123475386 bcsId: 0,size=2097152]} | ret=SUCCESS |  
2019-08-23 18:28:55,662 | INFO  | DNAudit | user=null | ip=null | op=WRITE_CHUNK {blockData=conID: 3 locID: 102667710123475386 bcsId: 1327} | ret=SUCCESS |  
2019-08-23 18:28:55,665 | INFO  | DNAudit | user=null | ip=null | op=WRITE_CHUNK {blockData=conID: 3 locID: 102667710123475386 bcsId: 1327} | ret=SUCCESS |  
2019-08-23 18:28:55,665 | INFO  | DNAudit | user=null | ip=null | op=WRITE_CHUNK {blockData=conID: 3 locID: 102667710123475386 bcsId: 1327} | ret=SUCCESS |  
2019-08-23 18:28:55,674 | INFO  | DNAudit | user=null | ip=null | op=WRITE_CHUNK {blockData=conID: 3 locID: 102667710123475386 bcsId: 1327} | ret=SUCCESS |  
2019-08-23 18:28:55,675 | INFO  | DNAudit | user=null | ip=null | op=PUT_BLOCK {blockData=[blockId=conID: 3 locID: 102667710123475386 bcsId: 0,size=3145728]} | ret=SUCCESS |  
2019-08-23 18:28:55,675 [grpc-default-executor-4] INFO  client.GrpcClientProtocolClient (GrpcClientProtocolClient.java:onNext(255)) - client-19C32667576E->48affcab-e6e4-4602-963a-f6a50efbd54c: receive RaftClientReply:client-19C32667576E->48affcab-e6e4-4602-963a-f6a50efbd54c@group-50C56EAF5137, cid=986, SUCCESS, logIndex=1332, commits[48affcab-e6e4-4602-963a-f6a50efbd54c:c1333, 7e391b60-07ae-4d97-a027-4756e468c032:c1331, c5f86d96-67df-4f25-bde3-316f439d30b3:c1331]
2019-08-23 18:28:55,675 [grpc-default-executor-4] INFO  client.GrpcClientProtocolClient (GrpcClientProtocolClient.java:onNext(255)) - client-19C32667576E->48affcab-e6e4-4602-963a-f6a50efbd54c: receive RaftClientReply:client-19C32667576E->48affcab-e6e4-4602-963a-f6a50efbd54c@group-50C56EAF5137, cid=987, SUCCESS, logIndex=1333, commits[48affcab-e6e4-4602-963a-f6a50efbd54c:c1333, 7e391b60-07ae-4d97-a027-4756e468c032:c1331, c5f86d96-67df-4f25-bde3-316f439d30b3:c1331]
2019-08-23 18:28:55,681 | INFO  | DNAudit | user=null | ip=null | op=WRITE_CHUNK {blockData=conID: 3 locID: 102667710123475386 bcsId: 1333} | ret=SUCCESS |  
2019-08-23 18:28:55,683 | INFO  | DNAudit | user=null | ip=null | op=WRITE_CHUNK {blockData=conID: 3 locID: 102667710123475386 bcsId: 1333} | ret=SUCCESS |  
2019-08-23 18:28:55,683 | INFO  | DNAudit | user=null | ip=null | op=WRITE_CHUNK {blockData=conID: 3 locID: 102667710123475386 bcsId: 1333} | ret=SUCCESS |  
2019-08-23 18:28:55,686 | INFO  | DNAudit | user=null | ip=null | op=WRITE_CHUNK {blockData=conID: 3 locID: 102667710123475386 bcsId: 1327} | ret=SUCCESS |  
2019-08-23 18:28:55,686 | INFO  | DNAudit | user=null | ip=null | op=WRITE_CHUNK {blockData=conID: 3 locID: 102667710123475386 bcsId: 1327} | ret=SUCCESS |  
2019-08-23 18:28:55,687 | INFO  | DNAudit | user=null | ip=null | op=PUT_BLOCK {blockData=[blockId=conID: 3 locID: 102667710123475386 bcsId: 0,size=3145728]} | ret=SUCCESS |  
2019-08-23 18:28:55,687 | INFO  | DNAudit | user=null | ip=null | op=PUT_BLOCK {blockData=[blockId=conID: 3 locID: 102667710123475386 bcsId: 0,size=3145728]} | ret=SUCCESS |  
2019-08-23 18:28:55,688 | INFO  | DNAudit | user=null | ip=null | op=WRITE_CHUNK {blockData=conID: 3 locID: 102667710123475386 bcsId: 1333} | ret=SUCCESS |  
2019-08-23 18:28:55,688 | INFO  | DNAudit | user=null | ip=null | op=PUT_BLOCK {blockData=[blockId=conID: 3 locID: 102667710123475386 bcsId: 0,size=4194304]} | ret=SUCCESS |  
2019-08-23 18:28:55,688 [grpc-default-executor-5] INFO  client.GrpcClientProtocolClient (GrpcClientProtocolClient.java:onNext(255)) - client-19C32667576E->48affcab-e6e4-4602-963a-f6a50efbd54c: receive RaftClientReply:client-19C32667576E->48affcab-e6e4-4602-963a-f6a50efbd54c@group-50C56EAF5137, cid=988, SUCCESS, logIndex=1336, commits[48affcab-e6e4-4602-963a-f6a50efbd54c:c1336, 7e391b60-07ae-4d97-a027-4756e468c032:c1333, c5f86d96-67df-4f25-bde3-316f439d30b3:c1333]
2019-08-23 18:28:55,689 [grpc-default-executor-5] INFO  client.GrpcClientProtocolClient (GrpcClientProtocolClient.java:onNext(255)) - client-19C32667576E->48affcab-e6e4-4602-963a-f6a50efbd54c: receive RaftClientReply:client-19C32667576E->48affcab-e6e4-4602-963a-f6a50efbd54c@group-50C56EAF5137, cid=989, SUCCESS, logIndex=1337, commits[48affcab-e6e4-4602-963a-f6a50efbd54c:c1337, 7e391b60-07ae-4d97-a027-4756e468c032:c1333, c5f86d96-67df-4f25-bde3-316f439d30b3:c1333]
2019-08-23 18:28:55,699 | INFO  | DNAudit | user=null | ip=null | op=WRITE_CHUNK {blockData=conID: 3 locID: 102667710123475386 bcsId: 1333} | ret=SUCCESS |  
2019-08-23 18:28:55,699 | INFO  | DNAudit | user=null | ip=null | op=WRITE_CHUNK {blockData=conID: 3 locID: 102667710123475386 bcsId: 1333} | ret=SUCCESS |  
2019-08-23 18:28:55,842 | INFO  | DNAudit | user=null | ip=null | op=PUT_BLOCK {blockData=[blockId=conID: 3 locID: 102667710123475386 bcsId: 0,size=4194304]} | ret=SUCCESS |  
2019-08-23 18:28:55,843 | INFO  | DNAudit | user=null | ip=null | op=PUT_BLOCK {blockData=[blockId=conID: 3 locID: 102667710123475386 bcsId: 0,size=4194304]} | ret=SUCCESS |  
2019-08-23 18:28:55,843 [grpc-default-executor-5] INFO  client.GrpcClientProtocolClient (GrpcClientProtocolClient.java:onNext(255)) - client-19C32667576E->48affcab-e6e4-4602-963a-f6a50efbd54c: receive RaftClientReply:client-19C32667576E->48affcab-e6e4-4602-963a-f6a50efbd54c@group-50C56EAF5137, cid=990, SUCCESS, logIndex=0, commits[48affcab-e6e4-4602-963a-f6a50efbd54c:c1338, 7e391b60-07ae-4d97-a027-4756e468c032:c1337, c5f86d96-67df-4f25-bde3-316f439d30b3:c1337]
2019-08-23 18:28:55,850 | INFO  | DNAudit | user=null | ip=null | op=WRITE_CHUNK {blockData=conID: 1 locID: 102667710123475387 bcsId: 0} | ret=SUCCESS |  
2019-08-23 18:28:55,853 | INFO  | DNAudit | user=null | ip=null | op=WRITE_CHUNK {blockData=conID: 1 locID: 102667710123475387 bcsId: 0} | ret=SUCCESS |  
2019-08-23 18:28:55,853 | INFO  | DNAudit | user=null | ip=null | op=WRITE_CHUNK {blockData=conID: 1 locID: 102667710123475387 bcsId: 0} | ret=SUCCESS |  
2019-08-23 18:28:55,853 | INFO  | DNAudit | user=null | ip=null | op=WRITE_CHUNK {blockData=conID: 1 locID: 102667710123475387 bcsId: 0} | ret=SUCCESS |  
2019-08-23 18:28:55,854 | INFO  | DNAudit | user=null | ip=null | op=WRITE_CHUNK {blockData=conID: 1 locID: 102667710123475387 bcsId: 0} | ret=SUCCESS |  
2019-08-23 18:28:55,855 | INFO  | DNAudit | user=null | ip=null | op=WRITE_CHUNK {blockData=conID: 1 locID: 102667710123475387 bcsId: 0} | ret=SUCCESS |  
2019-08-23 18:28:55,866 | INFO  | DNAudit | user=null | ip=null | op=WRITE_CHUNK {blockData=conID: 1 locID: 102667710123475387 bcsId: 0} | ret=SUCCESS |  
2019-08-23 18:28:55,866 | INFO  | DNAudit | user=null | ip=null | op=PUT_BLOCK {blockData=[blockId=conID: 1 locID: 102667710123475387 bcsId: 0,size=1048576]} | ret=SUCCESS |  
2019-08-23 18:28:55,866 | INFO  | DNAudit | user=null | ip=null | op=WRITE_CHUNK {blockData=conID: 1 locID: 102667710123475387 bcsId: 0} | ret=SUCCESS |  
2019-08-23 18:28:55,866 [grpc-default-executor-5] INFO  client.GrpcClientProtocolClient (GrpcClientProtocolClient.java:onNext(255)) - client-19C32667576E->48affcab-e6e4-4602-963a-f6a50efbd54c: receive RaftClientReply:client-19C32667576E->48affcab-e6e4-4602-963a-f6a50efbd54c@group-50C56EAF5137, cid=991, SUCCESS, logIndex=1340, commits[48affcab-e6e4-4602-963a-f6a50efbd54c:c1341, 7e391b60-07ae-4d97-a027-4756e468c032:c1339, c5f86d96-67df-4f25-bde3-316f439d30b3:c1339]
2019-08-23 18:28:55,867 | INFO  | DNAudit | user=null | ip=null | op=PUT_BLOCK {blockData=[blockId=conID: 1 locID: 102667710123475387 bcsId: 0,size=2097152]} | ret=SUCCESS |  
2019-08-23 18:28:55,867 [grpc-default-executor-5] INFO  client.GrpcClientProtocolClient (GrpcClientProtocolClient.java:onNext(255)) - client-19C32667576E->48affcab-e6e4-4602-963a-f6a50efbd54c: receive RaftClientReply:client-19C32667576E->48affcab-e6e4-4602-963a-f6a50efbd54c@group-50C56EAF5137, cid=992, SUCCESS, logIndex=1341, commits[48affcab-e6e4-4602-963a-f6a50efbd54c:c1343, 7e391b60-07ae-4d97-a027-4756e468c032:c1339, c5f86d96-67df-4f25-bde3-316f439d30b3:c1339]
2019-08-23 18:28:55,867 | INFO  | DNAudit | user=null | ip=null | op=WRITE_CHUNK {blockData=conID: 1 locID: 102667710123475387 bcsId: 0} | ret=SUCCESS |  
2019-08-23 18:28:55,867 [grpc-default-executor-5] INFO  client.GrpcClientProtocolClient (GrpcClientProtocolClient.java:onNext(255)) - client-19C32667576E->48affcab-e6e4-4602-963a-f6a50efbd54c: receive RaftClientReply:client-19C32667576E->48affcab-e6e4-4602-963a-f6a50efbd54c@group-50C56EAF5137, cid=993, SUCCESS, logIndex=1342, commits[48affcab-e6e4-4602-963a-f6a50efbd54c:c1343, 7e391b60-07ae-4d97-a027-4756e468c032:c1339, c5f86d96-67df-4f25-bde3-316f439d30b3:c1339]
2019-08-23 18:28:55,867 | INFO  | DNAudit | user=null | ip=null | op=PUT_BLOCK {blockData=[blockId=conID: 1 locID: 102667710123475387 bcsId: 0,size=1048576]} | ret=SUCCESS |  
2019-08-23 18:28:55,867 | INFO  | DNAudit | user=null | ip=null | op=WRITE_CHUNK {blockData=conID: 1 locID: 102667710123475387 bcsId: 0} | ret=SUCCESS |  
2019-08-23 18:28:55,867 [grpc-default-executor-5] INFO  client.GrpcClientProtocolClient (GrpcClientProtocolClient.java:onNext(255)) - client-19C32667576E->48affcab-e6e4-4602-963a-f6a50efbd54c: receive RaftClientReply:client-19C32667576E->48affcab-e6e4-4602-963a-f6a50efbd54c@group-50C56EAF5137, cid=994, SUCCESS, logIndex=1343, commits[48affcab-e6e4-4602-963a-f6a50efbd54c:c1343, 7e391b60-07ae-4d97-a027-4756e468c032:c1339, c5f86d96-67df-4f25-bde3-316f439d30b3:c1339]
2019-08-23 18:28:55,868 | INFO  | DNAudit | user=null | ip=null | op=PUT_BLOCK {blockData=[blockId=conID: 1 locID: 102667710123475387 bcsId: 0,size=1048576]} | ret=SUCCESS |  
2019-08-23 18:28:55,868 | INFO  | DNAudit | user=null | ip=null | op=WRITE_CHUNK {blockData=conID: 1 locID: 102667710123475387 bcsId: 0} | ret=SUCCESS |  
2019-08-23 18:28:55,869 | INFO  | DNAudit | user=null | ip=null | op=PUT_BLOCK {blockData=[blockId=conID: 1 locID: 102667710123475387 bcsId: 0,size=2097152]} | ret=SUCCESS |  
2019-08-23 18:28:55,869 | INFO  | DNAudit | user=null | ip=null | op=WRITE_CHUNK {blockData=conID: 1 locID: 102667710123475387 bcsId: 0} | ret=SUCCESS |  
2019-08-23 18:28:55,869 [grpc-default-executor-5] INFO  client.GrpcClientProtocolClient (GrpcClientProtocolClient.java:onNext(255)) - client-19C32667576E->48affcab-e6e4-4602-963a-f6a50efbd54c: receive RaftClientReply:client-19C32667576E->48affcab-e6e4-4602-963a-f6a50efbd54c@group-50C56EAF5137, cid=995, SUCCESS, logIndex=0, commits[48affcab-e6e4-4602-963a-f6a50efbd54c:c1345, 7e391b60-07ae-4d97-a027-4756e468c032:c1341, c5f86d96-67df-4f25-bde3-316f439d30b3:c1341]
2019-08-23 18:28:55,869 | INFO  | DNAudit | user=null | ip=null | op=PUT_BLOCK {blockData=[blockId=conID: 1 locID: 102667710123475387 bcsId: 0,size=2097152]} | ret=SUCCESS |  
2019-08-23 18:28:55,874 | INFO  | DNAudit | user=null | ip=null | op=WRITE_CHUNK {blockData=conID: 1 locID: 102667710123475387 bcsId: 1343} | ret=SUCCESS |  
2019-08-23 18:28:55,877 | INFO  | DNAudit | user=null | ip=null | op=WRITE_CHUNK {blockData=conID: 1 locID: 102667710123475387 bcsId: 1343} | ret=SUCCESS |  
2019-08-23 18:28:55,877 | INFO  | DNAudit | user=null | ip=null | op=WRITE_CHUNK {blockData=conID: 1 locID: 102667710123475387 bcsId: 1343} | ret=SUCCESS |  
2019-08-23 18:28:55,887 | INFO  | DNAudit | user=null | ip=null | op=WRITE_CHUNK {blockData=conID: 1 locID: 102667710123475387 bcsId: 1343} | ret=SUCCESS |  
2019-08-23 18:28:55,887 | INFO  | DNAudit | user=null | ip=null | op=PUT_BLOCK {blockData=[blockId=conID: 1 locID: 102667710123475387 bcsId: 0,size=3145728]} | ret=SUCCESS |  
2019-08-23 18:28:55,887 [grpc-default-executor-6] INFO  client.GrpcClientProtocolClient (GrpcClientProtocolClient.java:onNext(255)) - client-19C32667576E->48affcab-e6e4-4602-963a-f6a50efbd54c: receive RaftClientReply:client-19C32667576E->48affcab-e6e4-4602-963a-f6a50efbd54c@group-50C56EAF5137, cid=996, SUCCESS, logIndex=1347, commits[48affcab-e6e4-4602-963a-f6a50efbd54c:c1348, 7e391b60-07ae-4d97-a027-4756e468c032:c1346, c5f86d96-67df-4f25-bde3-316f439d30b3:c1346]
2019-08-23 18:28:55,888 [grpc-default-executor-6] INFO  client.GrpcClientProtocolClient (GrpcClientProtocolClient.java:onNext(255)) - client-19C32667576E->48affcab-e6e4-4602-963a-f6a50efbd54c: receive RaftClientReply:client-19C32667576E->48affcab-e6e4-4602-963a-f6a50efbd54c@group-50C56EAF5137, cid=997, SUCCESS, logIndex=1348, commits[48affcab-e6e4-4602-963a-f6a50efbd54c:c1348, 7e391b60-07ae-4d97-a027-4756e468c032:c1346, c5f86d96-67df-4f25-bde3-316f439d30b3:c1346]
2019-08-23 18:28:55,894 | INFO  | DNAudit | user=null | ip=null | op=WRITE_CHUNK {blockData=conID: 1 locID: 102667710123475387 bcsId: 1348} | ret=SUCCESS |  
2019-08-23 18:28:55,897 | INFO  | DNAudit | user=null | ip=null | op=WRITE_CHUNK {blockData=conID: 1 locID: 102667710123475387 bcsId: 1348} | ret=SUCCESS |  
2019-08-23 18:28:55,897 | INFO  | DNAudit | user=null | ip=null | op=WRITE_CHUNK {blockData=conID: 1 locID: 102667710123475387 bcsId: 1348} | ret=SUCCESS |  
2019-08-23 18:28:55,899 | INFO  | DNAudit | user=null | ip=null | op=WRITE_CHUNK {blockData=conID: 1 locID: 102667710123475387 bcsId: 1343} | ret=SUCCESS |  
2019-08-23 18:28:55,899 | INFO  | DNAudit | user=null | ip=null | op=WRITE_CHUNK {blockData=conID: 1 locID: 102667710123475387 bcsId: 1343} | ret=SUCCESS |  
2019-08-23 18:28:55,899 | INFO  | DNAudit | user=null | ip=null | op=PUT_BLOCK {blockData=[blockId=conID: 1 locID: 102667710123475387 bcsId: 0,size=3145728]} | ret=SUCCESS |  
2019-08-23 18:28:55,900 | INFO  | DNAudit | user=null | ip=null | op=PUT_BLOCK {blockData=[blockId=conID: 1 locID: 102667710123475387 bcsId: 0,size=3145728]} | ret=SUCCESS |  
2019-08-23 18:28:55,900 | INFO  | DNAudit | user=null | ip=null | op=WRITE_CHUNK {blockData=conID: 1 locID: 102667710123475387 bcsId: 1348} | ret=SUCCESS |  
2019-08-23 18:28:55,901 | INFO  | DNAudit | user=null | ip=null | op=PUT_BLOCK {blockData=[blockId=conID: 1 locID: 102667710123475387 bcsId: 0,size=4194304]} | ret=SUCCESS |  
2019-08-23 18:28:55,901 [grpc-default-executor-5] INFO  client.GrpcClientProtocolClient (GrpcClientProtocolClient.java:onNext(255)) - client-19C32667576E->48affcab-e6e4-4602-963a-f6a50efbd54c: receive RaftClientReply:client-19C32667576E->48affcab-e6e4-4602-963a-f6a50efbd54c@group-50C56EAF5137, cid=998, SUCCESS, logIndex=1351, commits[48affcab-e6e4-4602-963a-f6a50efbd54c:c1352, 7e391b60-07ae-4d97-a027-4756e468c032:c1348, c5f86d96-67df-4f25-bde3-316f439d30b3:c1348]
2019-08-23 18:28:55,901 [grpc-default-executor-5] INFO  client.GrpcClientProtocolClient (GrpcClientProtocolClient.java:onNext(255)) - client-19C32667576E->48affcab-e6e4-4602-963a-f6a50efbd54c: receive RaftClientReply:client-19C32667576E->48affcab-e6e4-4602-963a-f6a50efbd54c@group-50C56EAF5137, cid=999, SUCCESS, logIndex=1352, commits[48affcab-e6e4-4602-963a-f6a50efbd54c:c1352, 7e391b60-07ae-4d97-a027-4756e468c032:c1348, c5f86d96-67df-4f25-bde3-316f439d30b3:c1348]
2019-08-23 18:28:55,912 | INFO  | DNAudit | user=null | ip=null | op=WRITE_CHUNK {blockData=conID: 1 locID: 102667710123475387 bcsId: 1348} | ret=SUCCESS |  
2019-08-23 18:28:55,912 | INFO  | DNAudit | user=null | ip=null | op=WRITE_CHUNK {blockData=conID: 1 locID: 102667710123475387 bcsId: 1348} | ret=SUCCESS |  
2019-08-23 18:28:55,912 | INFO  | DNAudit | user=null | ip=null | op=PUT_BLOCK {blockData=[blockId=conID: 1 locID: 102667710123475387 bcsId: 0,size=4194304]} | ret=SUCCESS |  
2019-08-23 18:28:55,913 | INFO  | DNAudit | user=null | ip=null | op=PUT_BLOCK {blockData=[blockId=conID: 1 locID: 102667710123475387 bcsId: 0,size=4194304]} | ret=SUCCESS |  
2019-08-23 18:28:55,914 [grpc-default-executor-5] INFO  client.GrpcClientProtocolClient (GrpcClientProtocolClient.java:onNext(255)) - client-19C32667576E->48affcab-e6e4-4602-963a-f6a50efbd54c: receive RaftClientReply:client-19C32667576E->48affcab-e6e4-4602-963a-f6a50efbd54c@group-50C56EAF5137, cid=1000, SUCCESS, logIndex=0, commits[48affcab-e6e4-4602-963a-f6a50efbd54c:c1354, 7e391b60-07ae-4d97-a027-4756e468c032:c1352, c5f86d96-67df-4f25-bde3-316f439d30b3:c1352]
2019-08-23 18:28:55,920 | INFO  | DNAudit | user=null | ip=null | op=WRITE_CHUNK {blockData=conID: 2 locID: 102667710123540924 bcsId: 0} | ret=SUCCESS |  
2019-08-23 18:28:55,922 | INFO  | DNAudit | user=null | ip=null | op=WRITE_CHUNK {blockData=conID: 2 locID: 102667710123540924 bcsId: 0} | ret=SUCCESS |  
2019-08-23 18:28:55,922 | INFO  | DNAudit | user=null | ip=null | op=WRITE_CHUNK {blockData=conID: 2 locID: 102667710123540924 bcsId: 0} | ret=SUCCESS |  
2019-08-23 18:28:55,922 | INFO  | DNAudit | user=null | ip=null | op=WRITE_CHUNK {blockData=conID: 2 locID: 102667710123540924 bcsId: 0} | ret=SUCCESS |  
2019-08-23 18:28:55,924 | INFO  | DNAudit | user=null | ip=null | op=WRITE_CHUNK {blockData=conID: 2 locID: 102667710123540924 bcsId: 0} | ret=SUCCESS |  
2019-08-23 18:28:55,924 | INFO  | DNAudit | user=null | ip=null | op=WRITE_CHUNK {blockData=conID: 2 locID: 102667710123540924 bcsId: 0} | ret=SUCCESS |  
2019-08-23 18:28:55,933 | INFO  | DNAudit | user=null | ip=null | op=WRITE_CHUNK {blockData=conID: 2 locID: 102667710123540924 bcsId: 0} | ret=SUCCESS |  
2019-08-23 18:28:55,933 | INFO  | DNAudit | user=null | ip=null | op=PUT_BLOCK {blockData=[blockId=conID: 2 locID: 102667710123540924 bcsId: 0,size=1048576]} | ret=SUCCESS |  
2019-08-23 18:28:55,934 | INFO  | DNAudit | user=null | ip=null | op=WRITE_CHUNK {blockData=conID: 2 locID: 102667710123540924 bcsId: 0} | ret=SUCCESS |  
2019-08-23 18:28:55,933 [grpc-default-executor-4] INFO  client.GrpcClientProtocolClient (GrpcClientProtocolClient.java:onNext(255)) - client-19C32667576E->48affcab-e6e4-4602-963a-f6a50efbd54c: receive RaftClientReply:client-19C32667576E->48affcab-e6e4-4602-963a-f6a50efbd54c@group-50C56EAF5137, cid=1001, SUCCESS, logIndex=1355, commits[48affcab-e6e4-4602-963a-f6a50efbd54c:c1356, 7e391b60-07ae-4d97-a027-4756e468c032:c1354, c5f86d96-67df-4f25-bde3-316f439d30b3:c1354]
2019-08-23 18:28:55,934 | INFO  | DNAudit | user=null | ip=null | op=PUT_BLOCK {blockData=[blockId=conID: 2 locID: 102667710123540924 bcsId: 0,size=2097152]} | ret=SUCCESS |  
2019-08-23 18:28:55,934 | INFO  | DNAudit | user=null | ip=null | op=WRITE_CHUNK {blockData=conID: 2 locID: 102667710123540924 bcsId: 0} | ret=SUCCESS |  
2019-08-23 18:28:55,934 | INFO  | DNAudit | user=null | ip=null | op=WRITE_CHUNK {blockData=conID: 2 locID: 102667710123540924 bcsId: 0} | ret=SUCCESS |  
2019-08-23 18:28:55,934 [grpc-default-executor-4] INFO  client.GrpcClientProtocolClient (GrpcClientProtocolClient.java:onNext(255)) - client-19C32667576E->48affcab-e6e4-4602-963a-f6a50efbd54c: receive RaftClientReply:client-19C32667576E->48affcab-e6e4-4602-963a-f6a50efbd54c@group-50C56EAF5137, cid=1002, SUCCESS, logIndex=1356, commits[48affcab-e6e4-4602-963a-f6a50efbd54c:c1358, 7e391b60-07ae-4d97-a027-4756e468c032:c1354, c5f86d96-67df-4f25-bde3-316f439d30b3:c1354]
2019-08-23 18:28:55,935 | INFO  | DNAudit | user=null | ip=null | op=PUT_BLOCK {blockData=[blockId=conID: 2 locID: 102667710123540924 bcsId: 0,size=1048576]} | ret=SUCCESS |  
2019-08-23 18:28:55,935 | INFO  | DNAudit | user=null | ip=null | op=PUT_BLOCK {blockData=[blockId=conID: 2 locID: 102667710123540924 bcsId: 0,size=1048576]} | ret=SUCCESS |  
2019-08-23 18:28:55,935 [grpc-default-executor-4] INFO  client.GrpcClientProtocolClient (GrpcClientProtocolClient.java:onNext(255)) - client-19C32667576E->48affcab-e6e4-4602-963a-f6a50efbd54c: receive RaftClientReply:client-19C32667576E->48affcab-e6e4-4602-963a-f6a50efbd54c@group-50C56EAF5137, cid=1003, SUCCESS, logIndex=1357, commits[48affcab-e6e4-4602-963a-f6a50efbd54c:c1358, 7e391b60-07ae-4d97-a027-4756e468c032:c1354, c5f86d96-67df-4f25-bde3-316f439d30b3:c1354]
2019-08-23 18:28:55,935 [grpc-default-executor-4] INFO  client.GrpcClientProtocolClient (GrpcClientProtocolClient.java:onNext(255)) - client-19C32667576E->48affcab-e6e4-4602-963a-f6a50efbd54c: receive RaftClientReply:client-19C32667576E->48affcab-e6e4-4602-963a-f6a50efbd54c@group-50C56EAF5137, cid=1004, SUCCESS, logIndex=1358, commits[48affcab-e6e4-4602-963a-f6a50efbd54c:c1358, 7e391b60-07ae-4d97-a027-4756e468c032:c1354, c5f86d96-67df-4f25-bde3-316f439d30b3:c1354]
2019-08-23 18:28:55,935 | INFO  | DNAudit | user=null | ip=null | op=WRITE_CHUNK {blockData=conID: 2 locID: 102667710123540924 bcsId: 0} | ret=SUCCESS |  
2019-08-23 18:28:55,935 | INFO  | DNAudit | user=null | ip=null | op=WRITE_CHUNK {blockData=conID: 2 locID: 102667710123540924 bcsId: 0} | ret=SUCCESS |  
2019-08-23 18:28:55,936 | INFO  | DNAudit | user=null | ip=null | op=PUT_BLOCK {blockData=[blockId=conID: 2 locID: 102667710123540924 bcsId: 0,size=2097152]} | ret=SUCCESS |  
2019-08-23 18:28:55,936 | INFO  | DNAudit | user=null | ip=null | op=PUT_BLOCK {blockData=[blockId=conID: 2 locID: 102667710123540924 bcsId: 0,size=2097152]} | ret=SUCCESS |  
2019-08-23 18:28:55,936 [grpc-default-executor-4] INFO  client.GrpcClientProtocolClient (GrpcClientProtocolClient.java:onNext(255)) - client-19C32667576E->48affcab-e6e4-4602-963a-f6a50efbd54c: receive RaftClientReply:client-19C32667576E->48affcab-e6e4-4602-963a-f6a50efbd54c@group-50C56EAF5137, cid=1005, SUCCESS, logIndex=0, commits[48affcab-e6e4-4602-963a-f6a50efbd54c:c1360, 7e391b60-07ae-4d97-a027-4756e468c032:c1357, c5f86d96-67df-4f25-bde3-316f439d30b3:c1356]
2019-08-23 18:28:55,942 | INFO  | DNAudit | user=null | ip=null | op=WRITE_CHUNK {blockData=conID: 2 locID: 102667710123540924 bcsId: 1358} | ret=SUCCESS |  
2019-08-23 18:28:55,945 | INFO  | DNAudit | user=null | ip=null | op=WRITE_CHUNK {blockData=conID: 2 locID: 102667710123540924 bcsId: 1358} | ret=SUCCESS |  
2019-08-23 18:28:55,945 | INFO  | DNAudit | user=null | ip=null | op=WRITE_CHUNK {blockData=conID: 2 locID: 102667710123540924 bcsId: 1358} | ret=SUCCESS |  
2019-08-23 18:28:55,956 | INFO  | DNAudit | user=null | ip=null | op=WRITE_CHUNK {blockData=conID: 2 locID: 102667710123540924 bcsId: 1358} | ret=SUCCESS |  
2019-08-23 18:28:55,956 | INFO  | DNAudit | user=null | ip=null | op=PUT_BLOCK {blockData=[blockId=conID: 2 locID: 102667710123540924 bcsId: 0,size=3145728]} | ret=SUCCESS |  
2019-08-23 18:28:55,956 [grpc-default-executor-4] INFO  client.GrpcClientProtocolClient (GrpcClientProtocolClient.java:onNext(255)) - client-19C32667576E->48affcab-e6e4-4602-963a-f6a50efbd54c: receive RaftClientReply:client-19C32667576E->48affcab-e6e4-4602-963a-f6a50efbd54c@group-50C56EAF5137, cid=1006, SUCCESS, logIndex=1363, commits[48affcab-e6e4-4602-963a-f6a50efbd54c:c1364, 7e391b60-07ae-4d97-a027-4756e468c032:c1362, c5f86d96-67df-4f25-bde3-316f439d30b3:c1362]
2019-08-23 18:28:55,957 [grpc-default-executor-4] INFO  client.GrpcClientProtocolClient (GrpcClientProtocolClient.java:onNext(255)) - client-19C32667576E->48affcab-e6e4-4602-963a-f6a50efbd54c: receive RaftClientReply:client-19C32667576E->48affcab-e6e4-4602-963a-f6a50efbd54c@group-50C56EAF5137, cid=1007, SUCCESS, logIndex=1364, commits[48affcab-e6e4-4602-963a-f6a50efbd54c:c1364, 7e391b60-07ae-4d97-a027-4756e468c032:c1362, c5f86d96-67df-4f25-bde3-316f439d30b3:c1362]
2019-08-23 18:28:55,962 | INFO  | DNAudit | user=null | ip=null | op=WRITE_CHUNK {blockData=conID: 2 locID: 102667710123540924 bcsId: 1364} | ret=SUCCESS |  
2019-08-23 18:28:55,965 | INFO  | DNAudit | user=null | ip=null | op=WRITE_CHUNK {blockData=conID: 2 locID: 102667710123540924 bcsId: 1364} | ret=SUCCESS |  
2019-08-23 18:28:55,965 | INFO  | DNAudit | user=null | ip=null | op=WRITE_CHUNK {blockData=conID: 2 locID: 102667710123540924 bcsId: 1364} | ret=SUCCESS |  
2019-08-23 18:28:55,966 | INFO  | DNAudit | user=null | ip=null | op=WRITE_CHUNK {blockData=conID: 2 locID: 102667710123540924 bcsId: 1358} | ret=SUCCESS |  
2019-08-23 18:28:55,967 | INFO  | DNAudit | user=null | ip=null | op=WRITE_CHUNK {blockData=conID: 2 locID: 102667710123540924 bcsId: 1358} | ret=SUCCESS |  
2019-08-23 18:28:55,967 | INFO  | DNAudit | user=null | ip=null | op=PUT_BLOCK {blockData=[blockId=conID: 2 locID: 102667710123540924 bcsId: 0,size=3145728]} | ret=SUCCESS |  
2019-08-23 18:28:55,967 | INFO  | DNAudit | user=null | ip=null | op=PUT_BLOCK {blockData=[blockId=conID: 2 locID: 102667710123540924 bcsId: 0,size=3145728]} | ret=SUCCESS |  
2019-08-23 18:28:55,968 | INFO  | DNAudit | user=null | ip=null | op=WRITE_CHUNK {blockData=conID: 2 locID: 102667710123540924 bcsId: 1364} | ret=SUCCESS |  
2019-08-23 18:28:55,968 | INFO  | DNAudit | user=null | ip=null | op=PUT_BLOCK {blockData=[blockId=conID: 2 locID: 102667710123540924 bcsId: 0,size=4194304]} | ret=SUCCESS |  
2019-08-23 18:28:55,969 [grpc-default-executor-6] INFO  client.GrpcClientProtocolClient (GrpcClientProtocolClient.java:onNext(255)) - client-19C32667576E->48affcab-e6e4-4602-963a-f6a50efbd54c: receive RaftClientReply:client-19C32667576E->48affcab-e6e4-4602-963a-f6a50efbd54c@group-50C56EAF5137, cid=1008, SUCCESS, logIndex=1367, commits[48affcab-e6e4-4602-963a-f6a50efbd54c:c1368, 7e391b60-07ae-4d97-a027-4756e468c032:c1364, c5f86d96-67df-4f25-bde3-316f439d30b3:c1364]
2019-08-23 18:28:55,969 [grpc-default-executor-6] INFO  client.GrpcClientProtocolClient (GrpcClientProtocolClient.java:onNext(255)) - client-19C32667576E->48affcab-e6e4-4602-963a-f6a50efbd54c: receive RaftClientReply:client-19C32667576E->48affcab-e6e4-4602-963a-f6a50efbd54c@group-50C56EAF5137, cid=1009, SUCCESS, logIndex=1368, commits[48affcab-e6e4-4602-963a-f6a50efbd54c:c1368, 7e391b60-07ae-4d97-a027-4756e468c032:c1364, c5f86d96-67df-4f25-bde3-316f439d30b3:c1364]
2019-08-23 18:28:55,979 | INFO  | DNAudit | user=null | ip=null | op=WRITE_CHUNK {blockData=conID: 2 locID: 102667710123540924 bcsId: 1364} | ret=SUCCESS |  
2019-08-23 18:28:55,980 | INFO  | DNAudit | user=null | ip=null | op=WRITE_CHUNK {blockData=conID: 2 locID: 102667710123540924 bcsId: 1364} | ret=SUCCESS |  
2019-08-23 18:28:55,980 | INFO  | DNAudit | user=null | ip=null | op=PUT_BLOCK {blockData=[blockId=conID: 2 locID: 102667710123540924 bcsId: 0,size=4194304]} | ret=SUCCESS |  
2019-08-23 18:28:55,980 | INFO  | DNAudit | user=null | ip=null | op=PUT_BLOCK {blockData=[blockId=conID: 2 locID: 102667710123540924 bcsId: 0,size=4194304]} | ret=SUCCESS |  
2019-08-23 18:28:55,980 [grpc-default-executor-6] INFO  client.GrpcClientProtocolClient (GrpcClientProtocolClient.java:onNext(255)) - client-19C32667576E->48affcab-e6e4-4602-963a-f6a50efbd54c: receive RaftClientReply:client-19C32667576E->48affcab-e6e4-4602-963a-f6a50efbd54c@group-50C56EAF5137, cid=1010, SUCCESS, logIndex=0, commits[48affcab-e6e4-4602-963a-f6a50efbd54c:c1369, 7e391b60-07ae-4d97-a027-4756e468c032:c1368, c5f86d96-67df-4f25-bde3-316f439d30b3:c1368]
2019-08-23 18:28:55,986 | INFO  | DNAudit | user=null | ip=null | op=WRITE_CHUNK {blockData=conID: 3 locID: 102667710123540925 bcsId: 0} | ret=SUCCESS |  
2019-08-23 18:28:55,990 | INFO  | DNAudit | user=null | ip=null | op=WRITE_CHUNK {blockData=conID: 3 locID: 102667710123540925 bcsId: 0} | ret=SUCCESS |  
2019-08-23 18:28:55,990 | INFO  | DNAudit | user=null | ip=null | op=WRITE_CHUNK {blockData=conID: 3 locID: 102667710123540925 bcsId: 0} | ret=SUCCESS |  
2019-08-23 18:28:55,992 | INFO  | DNAudit | user=null | ip=null | op=WRITE_CHUNK {blockData=conID: 3 locID: 102667710123540925 bcsId: 0} | ret=SUCCESS |  
2019-08-23 18:28:55,994 | INFO  | DNAudit | user=null | ip=null | op=WRITE_CHUNK {blockData=conID: 3 locID: 102667710123540925 bcsId: 0} | ret=SUCCESS |  
2019-08-23 18:28:55,994 | INFO  | DNAudit | user=null | ip=null | op=WRITE_CHUNK {blockData=conID: 3 locID: 102667710123540925 bcsId: 0} | ret=SUCCESS |  
2019-08-23 18:28:56,001 | INFO  | DNAudit | user=null | ip=null | op=WRITE_CHUNK {blockData=conID: 3 locID: 102667710123540925 bcsId: 0} | ret=SUCCESS |  
2019-08-23 18:28:56,002 | INFO  | DNAudit | user=null | ip=null | op=PUT_BLOCK {blockData=[blockId=conID: 3 locID: 102667710123540925 bcsId: 0,size=1048576]} | ret=SUCCESS |  
2019-08-23 18:28:56,002 [grpc-default-executor-6] INFO  client.GrpcClientProtocolClient (GrpcClientProtocolClient.java:onNext(255)) - client-19C32667576E->48affcab-e6e4-4602-963a-f6a50efbd54c: receive RaftClientReply:client-19C32667576E->48affcab-e6e4-4602-963a-f6a50efbd54c@group-50C56EAF5137, cid=1011, SUCCESS, logIndex=1371, commits[48affcab-e6e4-4602-963a-f6a50efbd54c:c1372, 7e391b60-07ae-4d97-a027-4756e468c032:c1370, c5f86d96-67df-4f25-bde3-316f439d30b3:c1370]
2019-08-23 18:28:56,002 [grpc-default-executor-6] INFO  client.GrpcClientProtocolClient (GrpcClientProtocolClient.java:onNext(255)) - client-19C32667576E->48affcab-e6e4-4602-963a-f6a50efbd54c: receive RaftClientReply:client-19C32667576E->48affcab-e6e4-4602-963a-f6a50efbd54c@group-50C56EAF5137, cid=1012, SUCCESS, logIndex=1372, commits[48affcab-e6e4-4602-963a-f6a50efbd54c:c1372, 7e391b60-07ae-4d97-a027-4756e468c032:c1370, c5f86d96-67df-4f25-bde3-316f439d30b3:c1370]
2019-08-23 18:28:56,003 | INFO  | DNAudit | user=null | ip=null | op=WRITE_CHUNK {blockData=conID: 3 locID: 102667710123540925 bcsId: 0} | ret=SUCCESS |  
2019-08-23 18:28:56,003 | INFO  | DNAudit | user=null | ip=null | op=PUT_BLOCK {blockData=[blockId=conID: 3 locID: 102667710123540925 bcsId: 0,size=2097152]} | ret=SUCCESS |  
2019-08-23 18:28:56,003 [grpc-default-executor-0] INFO  client.GrpcClientProtocolClient (GrpcClientProtocolClient.java:onNext(255)) - client-19C32667576E->48affcab-e6e4-4602-963a-f6a50efbd54c: receive RaftClientReply:client-19C32667576E->48affcab-e6e4-4602-963a-f6a50efbd54c@group-50C56EAF5137, cid=1013, SUCCESS, logIndex=1373, commits[48affcab-e6e4-4602-963a-f6a50efbd54c:c1374, 7e391b60-07ae-4d97-a027-4756e468c032:c1370, c5f86d96-67df-4f25-bde3-316f439d30b3:c1370]
2019-08-23 18:28:56,004 [grpc-default-executor-0] INFO  client.GrpcClientProtocolClient (GrpcClientProtocolClient.java:onNext(255)) - client-19C32667576E->48affcab-e6e4-4602-963a-f6a50efbd54c: receive RaftClientReply:client-19C32667576E->48affcab-e6e4-4602-963a-f6a50efbd54c@group-50C56EAF5137, cid=1014, SUCCESS, logIndex=1374, commits[48affcab-e6e4-4602-963a-f6a50efbd54c:c1374, 7e391b60-07ae-4d97-a027-4756e468c032:c1370, c5f86d96-67df-4f25-bde3-316f439d30b3:c1370]
2019-08-23 18:28:56,004 | INFO  | DNAudit | user=null | ip=null | op=WRITE_CHUNK {blockData=conID: 3 locID: 102667710123540925 bcsId: 0} | ret=SUCCESS |  
2019-08-23 18:28:56,004 | INFO  | DNAudit | user=null | ip=null | op=PUT_BLOCK {blockData=[blockId=conID: 3 locID: 102667710123540925 bcsId: 0,size=1048576]} | ret=SUCCESS |  
2019-08-23 18:28:56,004 | INFO  | DNAudit | user=null | ip=null | op=WRITE_CHUNK {blockData=conID: 3 locID: 102667710123540925 bcsId: 0} | ret=SUCCESS |  
2019-08-23 18:28:56,004 | INFO  | DNAudit | user=null | ip=null | op=PUT_BLOCK {blockData=[blockId=conID: 3 locID: 102667710123540925 bcsId: 0,size=1048576]} | ret=SUCCESS |  
2019-08-23 18:28:56,005 [grpc-default-executor-5] INFO  client.GrpcClientProtocolClient (GrpcClientProtocolClient.java:onNext(255)) - client-19C32667576E->48affcab-e6e4-4602-963a-f6a50efbd54c: receive RaftClientReply:client-19C32667576E->48affcab-e6e4-4602-963a-f6a50efbd54c@group-50C56EAF5137, cid=1015, SUCCESS, logIndex=0, commits[48affcab-e6e4-4602-963a-f6a50efbd54c:c1376, 7e391b60-07ae-4d97-a027-4756e468c032:c1372, c5f86d96-67df-4f25-bde3-316f439d30b3:c1372]
2019-08-23 18:28:56,006 | INFO  | DNAudit | user=null | ip=null | op=WRITE_CHUNK {blockData=conID: 3 locID: 102667710123540925 bcsId: 0} | ret=SUCCESS |  
2019-08-23 18:28:56,006 | INFO  | DNAudit | user=null | ip=null | op=WRITE_CHUNK {blockData=conID: 3 locID: 102667710123540925 bcsId: 0} | ret=SUCCESS |  
2019-08-23 18:28:56,006 | INFO  | DNAudit | user=null | ip=null | op=PUT_BLOCK {blockData=[blockId=conID: 3 locID: 102667710123540925 bcsId: 0,size=2097152]} | ret=SUCCESS |  
2019-08-23 18:28:56,006 | INFO  | DNAudit | user=null | ip=null | op=PUT_BLOCK {blockData=[blockId=conID: 3 locID: 102667710123540925 bcsId: 0,size=2097152]} | ret=SUCCESS |  
2019-08-23 18:28:56,010 | INFO  | DNAudit | user=null | ip=null | op=WRITE_CHUNK {blockData=conID: 3 locID: 102667710123540925 bcsId: 1374} | ret=SUCCESS |  
2019-08-23 18:28:56,013 | INFO  | DNAudit | user=null | ip=null | op=WRITE_CHUNK {blockData=conID: 3 locID: 102667710123540925 bcsId: 1374} | ret=SUCCESS |  
2019-08-23 18:28:56,014 | INFO  | DNAudit | user=null | ip=null | op=WRITE_CHUNK {blockData=conID: 3 locID: 102667710123540925 bcsId: 1374} | ret=SUCCESS |  
2019-08-23 18:28:56,016 | INFO  | DNAudit | user=null | ip=null | op=WRITE_CHUNK {blockData=conID: 3 locID: 102667710123540925 bcsId: 1374} | ret=SUCCESS |  
2019-08-23 18:28:56,017 | INFO  | DNAudit | user=null | ip=null | op=PUT_BLOCK {blockData=[blockId=conID: 3 locID: 102667710123540925 bcsId: 0,size=3145728]} | ret=SUCCESS |  
2019-08-23 18:28:56,017 [grpc-default-executor-5] INFO  client.GrpcClientProtocolClient (GrpcClientProtocolClient.java:onNext(255)) - client-19C32667576E->48affcab-e6e4-4602-963a-f6a50efbd54c: receive RaftClientReply:client-19C32667576E->48affcab-e6e4-4602-963a-f6a50efbd54c@group-50C56EAF5137, cid=1016, SUCCESS, logIndex=1379, commits[48affcab-e6e4-4602-963a-f6a50efbd54c:c1380, 7e391b60-07ae-4d97-a027-4756e468c032:c1378, c5f86d96-67df-4f25-bde3-316f439d30b3:c1378]
2019-08-23 18:28:56,017 [grpc-default-executor-5] INFO  client.GrpcClientProtocolClient (GrpcClientProtocolClient.java:onNext(255)) - client-19C32667576E->48affcab-e6e4-4602-963a-f6a50efbd54c: receive RaftClientReply:client-19C32667576E->48affcab-e6e4-4602-963a-f6a50efbd54c@group-50C56EAF5137, cid=1017, SUCCESS, logIndex=1380, commits[48affcab-e6e4-4602-963a-f6a50efbd54c:c1380, 7e391b60-07ae-4d97-a027-4756e468c032:c1378, c5f86d96-67df-4f25-bde3-316f439d30b3:c1378]
2019-08-23 18:28:56,018 | INFO  | DNAudit | user=null | ip=null | op=WRITE_CHUNK {blockData=conID: 3 locID: 102667710123540925 bcsId: 1374} | ret=SUCCESS |  
2019-08-23 18:28:56,019 | INFO  | DNAudit | user=null | ip=null | op=WRITE_CHUNK {blockData=conID: 3 locID: 102667710123540925 bcsId: 1374} | ret=SUCCESS |  
2019-08-23 18:28:56,019 | INFO  | DNAudit | user=null | ip=null | op=PUT_BLOCK {blockData=[blockId=conID: 3 locID: 102667710123540925 bcsId: 0,size=3145728]} | ret=SUCCESS |  
2019-08-23 18:28:56,019 | INFO  | DNAudit | user=null | ip=null | op=PUT_BLOCK {blockData=[blockId=conID: 3 locID: 102667710123540925 bcsId: 0,size=3145728]} | ret=SUCCESS |  
2019-08-23 18:28:56,023 | INFO  | DNAudit | user=null | ip=null | op=WRITE_CHUNK {blockData=conID: 3 locID: 102667710123540925 bcsId: 1380} | ret=SUCCESS |  
2019-08-23 18:28:56,026 | INFO  | DNAudit | user=null | ip=null | op=WRITE_CHUNK {blockData=conID: 3 locID: 102667710123540925 bcsId: 1380} | ret=SUCCESS |  
2019-08-23 18:28:56,026 | INFO  | DNAudit | user=null | ip=null | op=WRITE_CHUNK {blockData=conID: 3 locID: 102667710123540925 bcsId: 1380} | ret=SUCCESS |  
2019-08-23 18:28:56,028 | INFO  | DNAudit | user=null | ip=null | op=WRITE_CHUNK {blockData=conID: 3 locID: 102667710123540925 bcsId: 1380} | ret=SUCCESS |  
2019-08-23 18:28:56,029 | INFO  | DNAudit | user=null | ip=null | op=PUT_BLOCK {blockData=[blockId=conID: 3 locID: 102667710123540925 bcsId: 0,size=4194304]} | ret=SUCCESS |  
2019-08-23 18:28:56,029 [grpc-default-executor-5] INFO  client.GrpcClientProtocolClient (GrpcClientProtocolClient.java:onNext(255)) - client-19C32667576E->48affcab-e6e4-4602-963a-f6a50efbd54c: receive RaftClientReply:client-19C32667576E->48affcab-e6e4-4602-963a-f6a50efbd54c@group-50C56EAF5137, cid=1018, SUCCESS, logIndex=1383, commits[48affcab-e6e4-4602-963a-f6a50efbd54c:c1384, 7e391b60-07ae-4d97-a027-4756e468c032:c1382, c5f86d96-67df-4f25-bde3-316f439d30b3:c1380]
2019-08-23 18:28:56,030 | INFO  | DNAudit | user=null | ip=null | op=WRITE_CHUNK {blockData=conID: 3 locID: 102667710123540925 bcsId: 1380} | ret=SUCCESS |  
2019-08-23 18:28:56,030 [grpc-default-executor-5] INFO  client.GrpcClientProtocolClient (GrpcClientProtocolClient.java:onNext(255)) - client-19C32667576E->48affcab-e6e4-4602-963a-f6a50efbd54c: receive RaftClientReply:client-19C32667576E->48affcab-e6e4-4602-963a-f6a50efbd54c@group-50C56EAF5137, cid=1019, SUCCESS, logIndex=1384, commits[48affcab-e6e4-4602-963a-f6a50efbd54c:c1384, 7e391b60-07ae-4d97-a027-4756e468c032:c1382, c5f86d96-67df-4f25-bde3-316f439d30b3:c1382]
2019-08-23 18:28:56,030 | INFO  | DNAudit | user=null | ip=null | op=PUT_BLOCK {blockData=[blockId=conID: 3 locID: 102667710123540925 bcsId: 0,size=4194304]} | ret=SUCCESS |  
2019-08-23 18:28:56,030 | INFO  | DNAudit | user=null | ip=null | op=WRITE_CHUNK {blockData=conID: 3 locID: 102667710123540925 bcsId: 1380} | ret=SUCCESS |  
2019-08-23 18:28:56,030 | INFO  | DNAudit | user=null | ip=null | op=PUT_BLOCK {blockData=[blockId=conID: 3 locID: 102667710123540925 bcsId: 0,size=4194304]} | ret=SUCCESS |  
2019-08-23 18:28:56,031 [grpc-default-executor-5] INFO  client.GrpcClientProtocolClient (GrpcClientProtocolClient.java:onNext(255)) - client-19C32667576E->48affcab-e6e4-4602-963a-f6a50efbd54c: receive RaftClientReply:client-19C32667576E->48affcab-e6e4-4602-963a-f6a50efbd54c@group-50C56EAF5137, cid=1020, SUCCESS, logIndex=0, commits[48affcab-e6e4-4602-963a-f6a50efbd54c:c1386, 7e391b60-07ae-4d97-a027-4756e468c032:c1384, c5f86d96-67df-4f25-bde3-316f439d30b3:c1384]
2019-08-23 18:28:56,037 | INFO  | DNAudit | user=null | ip=null | op=WRITE_CHUNK {blockData=conID: 1 locID: 102667710123540926 bcsId: 0} | ret=SUCCESS |  
2019-08-23 18:28:56,039 | INFO  | DNAudit | user=null | ip=null | op=WRITE_CHUNK {blockData=conID: 1 locID: 102667710123540926 bcsId: 0} | ret=SUCCESS |  
2019-08-23 18:28:56,040 | INFO  | DNAudit | user=null | ip=null | op=WRITE_CHUNK {blockData=conID: 1 locID: 102667710123540926 bcsId: 0} | ret=SUCCESS |  
2019-08-23 18:28:56,040 | INFO  | DNAudit | user=null | ip=null | op=WRITE_CHUNK {blockData=conID: 1 locID: 102667710123540926 bcsId: 0} | ret=SUCCESS |  
2019-08-23 18:28:56,042 | INFO  | DNAudit | user=null | ip=null | op=WRITE_CHUNK {blockData=conID: 1 locID: 102667710123540926 bcsId: 0} | ret=SUCCESS |  
2019-08-23 18:28:56,042 | INFO  | DNAudit | user=null | ip=null | op=WRITE_CHUNK {blockData=conID: 1 locID: 102667710123540926 bcsId: 0} | ret=SUCCESS |  
2019-08-23 18:28:56,043 | INFO  | DNAudit | user=null | ip=null | op=WRITE_CHUNK {blockData=conID: 1 locID: 102667710123540926 bcsId: 0} | ret=SUCCESS |  
2019-08-23 18:28:56,043 | INFO  | DNAudit | user=null | ip=null | op=PUT_BLOCK {blockData=[blockId=conID: 1 locID: 102667710123540926 bcsId: 0,size=1048576]} | ret=SUCCESS |  
2019-08-23 18:28:56,043 [grpc-default-executor-5] INFO  client.GrpcClientProtocolClient (GrpcClientProtocolClient.java:onNext(255)) - client-19C32667576E->48affcab-e6e4-4602-963a-f6a50efbd54c: receive RaftClientReply:client-19C32667576E->48affcab-e6e4-4602-963a-f6a50efbd54c@group-50C56EAF5137, cid=1021, SUCCESS, logIndex=1387, commits[48affcab-e6e4-4602-963a-f6a50efbd54c:c1388, 7e391b60-07ae-4d97-a027-4756e468c032:c1384, c5f86d96-67df-4f25-bde3-316f439d30b3:c1386]
2019-08-23 18:28:56,044 | INFO  | DNAudit | user=null | ip=null | op=WRITE_CHUNK {blockData=conID: 1 locID: 102667710123540926 bcsId: 0} | ret=SUCCESS |  
2019-08-23 18:28:56,044 | INFO  | DNAudit | user=null | ip=null | op=PUT_BLOCK {blockData=[blockId=conID: 1 locID: 102667710123540926 bcsId: 0,size=2097152]} | ret=SUCCESS |  
2019-08-23 18:28:56,044 [grpc-default-executor-0] INFO  client.GrpcClientProtocolClient (GrpcClientProtocolClient.java:onNext(255)) - client-19C32667576E->48affcab-e6e4-4602-963a-f6a50efbd54c: receive RaftClientReply:client-19C32667576E->48affcab-e6e4-4602-963a-f6a50efbd54c@group-50C56EAF5137, cid=1022, SUCCESS, logIndex=1388, commits[48affcab-e6e4-4602-963a-f6a50efbd54c:c1388, 7e391b60-07ae-4d97-a027-4756e468c032:c1386, c5f86d96-67df-4f25-bde3-316f439d30b3:c1386]
2019-08-23 18:28:56,044 [grpc-default-executor-0] INFO  client.GrpcClientProtocolClient (GrpcClientProtocolClient.java:onNext(255)) - client-19C32667576E->48affcab-e6e4-4602-963a-f6a50efbd54c: receive RaftClientReply:client-19C32667576E->48affcab-e6e4-4602-963a-f6a50efbd54c@group-50C56EAF5137, cid=1023, SUCCESS, logIndex=1389, commits[48affcab-e6e4-4602-963a-f6a50efbd54c:c1390, 7e391b60-07ae-4d97-a027-4756e468c032:c1386, c5f86d96-67df-4f25-bde3-316f439d30b3:c1386]
2019-08-23 18:28:56,044 [grpc-default-executor-0] INFO  client.GrpcClientProtocolClient (GrpcClientProtocolClient.java:onNext(255)) - client-19C32667576E->48affcab-e6e4-4602-963a-f6a50efbd54c: receive RaftClientReply:client-19C32667576E->48affcab-e6e4-4602-963a-f6a50efbd54c@group-50C56EAF5137, cid=1024, SUCCESS, logIndex=1390, commits[48affcab-e6e4-4602-963a-f6a50efbd54c:c1390, 7e391b60-07ae-4d97-a027-4756e468c032:c1386, c5f86d96-67df-4f25-bde3-316f439d30b3:c1386]
2019-08-23 18:28:56,045 | INFO  | DNAudit | user=null | ip=null | op=WRITE_CHUNK {blockData=conID: 1 locID: 102667710123540926 bcsId: 0} | ret=SUCCESS |  
2019-08-23 18:28:56,045 | INFO  | DNAudit | user=null | ip=null | op=PUT_BLOCK {blockData=[blockId=conID: 1 locID: 102667710123540926 bcsId: 0,size=1048576]} | ret=SUCCESS |  
2019-08-23 18:28:56,045 | INFO  | DNAudit | user=null | ip=null | op=WRITE_CHUNK {blockData=conID: 1 locID: 102667710123540926 bcsId: 0} | ret=SUCCESS |  
2019-08-23 18:28:56,045 | INFO  | DNAudit | user=null | ip=null | op=PUT_BLOCK {blockData=[blockId=conID: 1 locID: 102667710123540926 bcsId: 0,size=1048576]} | ret=SUCCESS |  
2019-08-23 18:28:56,046 | INFO  | DNAudit | user=null | ip=null | op=WRITE_CHUNK {blockData=conID: 1 locID: 102667710123540926 bcsId: 0} | ret=SUCCESS |  
2019-08-23 18:28:56,046 [grpc-default-executor-6] INFO  client.GrpcClientProtocolClient (GrpcClientProtocolClient.java:onNext(255)) - client-19C32667576E->48affcab-e6e4-4602-963a-f6a50efbd54c: receive RaftClientReply:client-19C32667576E->48affcab-e6e4-4602-963a-f6a50efbd54c@group-50C56EAF5137, cid=1025, SUCCESS, logIndex=0, commits[48affcab-e6e4-4602-963a-f6a50efbd54c:c1392, 7e391b60-07ae-4d97-a027-4756e468c032:c1388, c5f86d96-67df-4f25-bde3-316f439d30b3:c1388]
2019-08-23 18:28:56,046 | INFO  | DNAudit | user=null | ip=null | op=PUT_BLOCK {blockData=[blockId=conID: 1 locID: 102667710123540926 bcsId: 0,size=2097152]} | ret=SUCCESS |  
2019-08-23 18:28:56,046 | INFO  | DNAudit | user=null | ip=null | op=WRITE_CHUNK {blockData=conID: 1 locID: 102667710123540926 bcsId: 0} | ret=SUCCESS |  
2019-08-23 18:28:56,047 | INFO  | DNAudit | user=null | ip=null | op=PUT_BLOCK {blockData=[blockId=conID: 1 locID: 102667710123540926 bcsId: 0,size=2097152]} | ret=SUCCESS |  
2019-08-23 18:28:56,051 | INFO  | DNAudit | user=null | ip=null | op=WRITE_CHUNK {blockData=conID: 1 locID: 102667710123540926 bcsId: 1390} | ret=SUCCESS |  
2019-08-23 18:28:56,054 | INFO  | DNAudit | user=null | ip=null | op=WRITE_CHUNK {blockData=conID: 1 locID: 102667710123540926 bcsId: 1390} | ret=SUCCESS |  
2019-08-23 18:28:56,054 | INFO  | DNAudit | user=null | ip=null | op=WRITE_CHUNK {blockData=conID: 1 locID: 102667710123540926 bcsId: 1390} | ret=SUCCESS |  
2019-08-23 18:28:56,056 | INFO  | DNAudit | user=null | ip=null | op=WRITE_CHUNK {blockData=conID: 1 locID: 102667710123540926 bcsId: 1390} | ret=SUCCESS |  
2019-08-23 18:28:56,057 | INFO  | DNAudit | user=null | ip=null | op=PUT_BLOCK {blockData=[blockId=conID: 1 locID: 102667710123540926 bcsId: 0,size=3145728]} | ret=SUCCESS |  
2019-08-23 18:28:56,057 [grpc-default-executor-0] INFO  client.GrpcClientProtocolClient (GrpcClientProtocolClient.java:onNext(255)) - client-19C32667576E->48affcab-e6e4-4602-963a-f6a50efbd54c: receive RaftClientReply:client-19C32667576E->48affcab-e6e4-4602-963a-f6a50efbd54c@group-50C56EAF5137, cid=1026, SUCCESS, logIndex=1395, commits[48affcab-e6e4-4602-963a-f6a50efbd54c:c1396, 7e391b60-07ae-4d97-a027-4756e468c032:c1394, c5f86d96-67df-4f25-bde3-316f439d30b3:c1390]
2019-08-23 18:28:56,057 [grpc-default-executor-0] INFO  client.GrpcClientProtocolClient (GrpcClientProtocolClient.java:onNext(255)) - client-19C32667576E->48affcab-e6e4-4602-963a-f6a50efbd54c: receive RaftClientReply:client-19C32667576E->48affcab-e6e4-4602-963a-f6a50efbd54c@group-50C56EAF5137, cid=1027, SUCCESS, logIndex=1396, commits[48affcab-e6e4-4602-963a-f6a50efbd54c:c1396, 7e391b60-07ae-4d97-a027-4756e468c032:c1394, c5f86d96-67df-4f25-bde3-316f439d30b3:c1394]
2019-08-23 18:28:56,057 | INFO  | DNAudit | user=null | ip=null | op=WRITE_CHUNK {blockData=conID: 1 locID: 102667710123540926 bcsId: 1390} | ret=SUCCESS |  
2019-08-23 18:28:56,058 | INFO  | DNAudit | user=null | ip=null | op=WRITE_CHUNK {blockData=conID: 1 locID: 102667710123540926 bcsId: 1390} | ret=SUCCESS |  
2019-08-23 18:28:56,058 | INFO  | DNAudit | user=null | ip=null | op=PUT_BLOCK {blockData=[blockId=conID: 1 locID: 102667710123540926 bcsId: 0,size=3145728]} | ret=SUCCESS |  
2019-08-23 18:28:56,058 | INFO  | DNAudit | user=null | ip=null | op=PUT_BLOCK {blockData=[blockId=conID: 1 locID: 102667710123540926 bcsId: 0,size=3145728]} | ret=SUCCESS |  
2019-08-23 18:28:56,062 | INFO  | DNAudit | user=null | ip=null | op=WRITE_CHUNK {blockData=conID: 1 locID: 102667710123540926 bcsId: 1396} | ret=SUCCESS |  
2019-08-23 18:28:56,064 | INFO  | DNAudit | user=null | ip=null | op=WRITE_CHUNK {blockData=conID: 1 locID: 102667710123540926 bcsId: 1396} | ret=SUCCESS |  
2019-08-23 18:28:56,065 | INFO  | DNAudit | user=null | ip=null | op=WRITE_CHUNK {blockData=conID: 1 locID: 102667710123540926 bcsId: 1396} | ret=SUCCESS |  
2019-08-23 18:28:56,068 | INFO  | DNAudit | user=null | ip=null | op=WRITE_CHUNK {blockData=conID: 1 locID: 102667710123540926 bcsId: 1396} | ret=SUCCESS |  
2019-08-23 18:28:56,069 | INFO  | DNAudit | user=null | ip=null | op=PUT_BLOCK {blockData=[blockId=conID: 1 locID: 102667710123540926 bcsId: 0,size=4194304]} | ret=SUCCESS |  
2019-08-23 18:28:56,069 [grpc-default-executor-4] INFO  client.GrpcClientProtocolClient (GrpcClientProtocolClient.java:onNext(255)) - client-19C32667576E->48affcab-e6e4-4602-963a-f6a50efbd54c: receive RaftClientReply:client-19C32667576E->48affcab-e6e4-4602-963a-f6a50efbd54c@group-50C56EAF5137, cid=1028, SUCCESS, logIndex=1399, commits[48affcab-e6e4-4602-963a-f6a50efbd54c:c1400, 7e391b60-07ae-4d97-a027-4756e468c032:c1398, c5f86d96-67df-4f25-bde3-316f439d30b3:c1398]
2019-08-23 18:28:56,069 | INFO  | DNAudit | user=null | ip=null | op=WRITE_CHUNK {blockData=conID: 1 locID: 102667710123540926 bcsId: 1396} | ret=SUCCESS |  
2019-08-23 18:28:56,069 [grpc-default-executor-4] INFO  client.GrpcClientProtocolClient (GrpcClientProtocolClient.java:onNext(255)) - client-19C32667576E->48affcab-e6e4-4602-963a-f6a50efbd54c: receive RaftClientReply:client-19C32667576E->48affcab-e6e4-4602-963a-f6a50efbd54c@group-50C56EAF5137, cid=1029, SUCCESS, logIndex=1400, commits[48affcab-e6e4-4602-963a-f6a50efbd54c:c1400, 7e391b60-07ae-4d97-a027-4756e468c032:c1398, c5f86d96-67df-4f25-bde3-316f439d30b3:c1398]
2019-08-23 18:28:56,070 | INFO  | DNAudit | user=null | ip=null | op=WRITE_CHUNK {blockData=conID: 1 locID: 102667710123540926 bcsId: 1396} | ret=SUCCESS |  
2019-08-23 18:28:56,071 | INFO  | DNAudit | user=null | ip=null | op=PUT_BLOCK {blockData=[blockId=conID: 1 locID: 102667710123540926 bcsId: 0,size=4194304]} | ret=SUCCESS |  
2019-08-23 18:28:56,071 | INFO  | DNAudit | user=null | ip=null | op=PUT_BLOCK {blockData=[blockId=conID: 1 locID: 102667710123540926 bcsId: 0,size=4194304]} | ret=SUCCESS |  
2019-08-23 18:28:56,072 [grpc-default-executor-4] INFO  client.GrpcClientProtocolClient (GrpcClientProtocolClient.java:onNext(255)) - client-19C32667576E->48affcab-e6e4-4602-963a-f6a50efbd54c: receive RaftClientReply:client-19C32667576E->48affcab-e6e4-4602-963a-f6a50efbd54c@group-50C56EAF5137, cid=1030, SUCCESS, logIndex=0, commits[48affcab-e6e4-4602-963a-f6a50efbd54c:c1401, 7e391b60-07ae-4d97-a027-4756e468c032:c1400, c5f86d96-67df-4f25-bde3-316f439d30b3:c1400]
2019-08-23 18:28:56,078 | INFO  | DNAudit | user=null | ip=null | op=WRITE_CHUNK {blockData=conID: 2 locID: 102667710123540927 bcsId: 0} | ret=SUCCESS |  
2019-08-23 18:28:56,080 | INFO  | DNAudit | user=null | ip=null | op=WRITE_CHUNK {blockData=conID: 2 locID: 102667710123540927 bcsId: 0} | ret=SUCCESS |  
2019-08-23 18:28:56,080 | INFO  | DNAudit | user=null | ip=null | op=WRITE_CHUNK {blockData=conID: 2 locID: 102667710123540927 bcsId: 0} | ret=SUCCESS |  
2019-08-23 18:28:56,080 | INFO  | DNAudit | user=null | ip=null | op=WRITE_CHUNK {blockData=conID: 2 locID: 102667710123540927 bcsId: 0} | ret=SUCCESS |  
2019-08-23 18:28:56,082 | INFO  | DNAudit | user=null | ip=null | op=WRITE_CHUNK {blockData=conID: 2 locID: 102667710123540927 bcsId: 0} | ret=SUCCESS |  
2019-08-23 18:28:56,082 | INFO  | DNAudit | user=null | ip=null | op=WRITE_CHUNK {blockData=conID: 2 locID: 102667710123540927 bcsId: 0} | ret=SUCCESS |  
2019-08-23 18:28:56,083 | INFO  | DNAudit | user=null | ip=null | op=WRITE_CHUNK {blockData=conID: 2 locID: 102667710123540927 bcsId: 0} | ret=SUCCESS |  
2019-08-23 18:28:56,083 | INFO  | DNAudit | user=null | ip=null | op=PUT_BLOCK {blockData=[blockId=conID: 2 locID: 102667710123540927 bcsId: 0,size=1048576]} | ret=SUCCESS |  
2019-08-23 18:28:56,084 [grpc-default-executor-0] INFO  client.GrpcClientProtocolClient (GrpcClientProtocolClient.java:onNext(255)) - client-19C32667576E->48affcab-e6e4-4602-963a-f6a50efbd54c: receive RaftClientReply:client-19C32667576E->48affcab-e6e4-4602-963a-f6a50efbd54c@group-50C56EAF5137, cid=1031, SUCCESS, logIndex=1403, commits[48affcab-e6e4-4602-963a-f6a50efbd54c:c1404, 7e391b60-07ae-4d97-a027-4756e468c032:c1402, c5f86d96-67df-4f25-bde3-316f439d30b3:c1402]
2019-08-23 18:28:56,084 | INFO  | DNAudit | user=null | ip=null | op=WRITE_CHUNK {blockData=conID: 2 locID: 102667710123540927 bcsId: 0} | ret=SUCCESS |  
2019-08-23 18:28:56,084 [grpc-default-executor-0] INFO  client.GrpcClientProtocolClient (GrpcClientProtocolClient.java:onNext(255)) - client-19C32667576E->48affcab-e6e4-4602-963a-f6a50efbd54c: receive RaftClientReply:client-19C32667576E->48affcab-e6e4-4602-963a-f6a50efbd54c@group-50C56EAF5137, cid=1032, SUCCESS, logIndex=1404, commits[48affcab-e6e4-4602-963a-f6a50efbd54c:c1404, 7e391b60-07ae-4d97-a027-4756e468c032:c1402, c5f86d96-67df-4f25-bde3-316f439d30b3:c1402]
2019-08-23 18:28:56,084 | INFO  | DNAudit | user=null | ip=null | op=PUT_BLOCK {blockData=[blockId=conID: 2 locID: 102667710123540927 bcsId: 0,size=2097152]} | ret=SUCCESS |  
2019-08-23 18:28:56,084 [grpc-default-executor-0] INFO  client.GrpcClientProtocolClient (GrpcClientProtocolClient.java:onNext(255)) - client-19C32667576E->48affcab-e6e4-4602-963a-f6a50efbd54c: receive RaftClientReply:client-19C32667576E->48affcab-e6e4-4602-963a-f6a50efbd54c@group-50C56EAF5137, cid=1033, SUCCESS, logIndex=1405, commits[48affcab-e6e4-4602-963a-f6a50efbd54c:c1406, 7e391b60-07ae-4d97-a027-4756e468c032:c1402, c5f86d96-67df-4f25-bde3-316f439d30b3:c1402]
2019-08-23 18:28:56,085 [grpc-default-executor-6] INFO  client.GrpcClientProtocolClient (GrpcClientProtocolClient.java:onNext(255)) - client-19C32667576E->48affcab-e6e4-4602-963a-f6a50efbd54c: receive RaftClientReply:client-19C32667576E->48affcab-e6e4-4602-963a-f6a50efbd54c@group-50C56EAF5137, cid=1034, SUCCESS, logIndex=1406, commits[48affcab-e6e4-4602-963a-f6a50efbd54c:c1406, 7e391b60-07ae-4d97-a027-4756e468c032:c1402, c5f86d96-67df-4f25-bde3-316f439d30b3:c1402]
2019-08-23 18:28:56,085 | INFO  | DNAudit | user=null | ip=null | op=WRITE_CHUNK {blockData=conID: 2 locID: 102667710123540927 bcsId: 0} | ret=SUCCESS |  
2019-08-23 18:28:56,085 | INFO  | DNAudit | user=null | ip=null | op=PUT_BLOCK {blockData=[blockId=conID: 2 locID: 102667710123540927 bcsId: 0,size=1048576]} | ret=SUCCESS |  
2019-08-23 18:28:56,086 | INFO  | DNAudit | user=null | ip=null | op=WRITE_CHUNK {blockData=conID: 2 locID: 102667710123540927 bcsId: 0} | ret=SUCCESS |  
2019-08-23 18:28:56,086 | INFO  | DNAudit | user=null | ip=null | op=PUT_BLOCK {blockData=[blockId=conID: 2 locID: 102667710123540927 bcsId: 0,size=1048576]} | ret=SUCCESS |  
2019-08-23 18:28:56,086 [grpc-default-executor-6] INFO  client.GrpcClientProtocolClient (GrpcClientProtocolClient.java:onNext(255)) - client-19C32667576E->48affcab-e6e4-4602-963a-f6a50efbd54c: receive RaftClientReply:client-19C32667576E->48affcab-e6e4-4602-963a-f6a50efbd54c@group-50C56EAF5137, cid=1035, SUCCESS, logIndex=0, commits[48affcab-e6e4-4602-963a-f6a50efbd54c:c1408, 7e391b60-07ae-4d97-a027-4756e468c032:c1404, c5f86d96-67df-4f25-bde3-316f439d30b3:c1404]
2019-08-23 18:28:56,086 | INFO  | DNAudit | user=null | ip=null | op=WRITE_CHUNK {blockData=conID: 2 locID: 102667710123540927 bcsId: 0} | ret=SUCCESS |  
2019-08-23 18:28:56,086 | INFO  | DNAudit | user=null | ip=null | op=PUT_BLOCK {blockData=[blockId=conID: 2 locID: 102667710123540927 bcsId: 0,size=2097152]} | ret=SUCCESS |  
2019-08-23 18:28:56,087 | INFO  | DNAudit | user=null | ip=null | op=WRITE_CHUNK {blockData=conID: 2 locID: 102667710123540927 bcsId: 0} | ret=SUCCESS |  
2019-08-23 18:28:56,087 | INFO  | DNAudit | user=null | ip=null | op=PUT_BLOCK {blockData=[blockId=conID: 2 locID: 102667710123540927 bcsId: 0,size=2097152]} | ret=SUCCESS |  
2019-08-23 18:28:56,091 | INFO  | DNAudit | user=null | ip=null | op=WRITE_CHUNK {blockData=conID: 2 locID: 102667710123540927 bcsId: 1406} | ret=SUCCESS |  
2019-08-23 18:28:56,093 | INFO  | DNAudit | user=null | ip=null | op=WRITE_CHUNK {blockData=conID: 2 locID: 102667710123540927 bcsId: 1406} | ret=SUCCESS |  
2019-08-23 18:28:56,093 | INFO  | DNAudit | user=null | ip=null | op=WRITE_CHUNK {blockData=conID: 2 locID: 102667710123540927 bcsId: 1406} | ret=SUCCESS |  
2019-08-23 18:28:56,096 | INFO  | DNAudit | user=null | ip=null | op=WRITE_CHUNK {blockData=conID: 2 locID: 102667710123540927 bcsId: 1406} | ret=SUCCESS |  
2019-08-23 18:28:56,096 | INFO  | DNAudit | user=null | ip=null | op=PUT_BLOCK {blockData=[blockId=conID: 2 locID: 102667710123540927 bcsId: 0,size=3145728]} | ret=SUCCESS |  
2019-08-23 18:28:56,097 [grpc-default-executor-4] INFO  client.GrpcClientProtocolClient (GrpcClientProtocolClient.java:onNext(255)) - client-19C32667576E->48affcab-e6e4-4602-963a-f6a50efbd54c: receive RaftClientReply:client-19C32667576E->48affcab-e6e4-4602-963a-f6a50efbd54c@group-50C56EAF5137, cid=1036, SUCCESS, logIndex=1411, commits[48affcab-e6e4-4602-963a-f6a50efbd54c:c1412, 7e391b60-07ae-4d97-a027-4756e468c032:c1406, c5f86d96-67df-4f25-bde3-316f439d30b3:c1410]
2019-08-23 18:28:56,097 [grpc-default-executor-4] INFO  client.GrpcClientProtocolClient (GrpcClientProtocolClient.java:onNext(255)) - client-19C32667576E->48affcab-e6e4-4602-963a-f6a50efbd54c: receive RaftClientReply:client-19C32667576E->48affcab-e6e4-4602-963a-f6a50efbd54c@group-50C56EAF5137, cid=1037, SUCCESS, logIndex=1412, commits[48affcab-e6e4-4602-963a-f6a50efbd54c:c1412, 7e391b60-07ae-4d97-a027-4756e468c032:c1410, c5f86d96-67df-4f25-bde3-316f439d30b3:c1410]
2019-08-23 18:28:56,099 | INFO  | DNAudit | user=null | ip=null | op=WRITE_CHUNK {blockData=conID: 2 locID: 102667710123540927 bcsId: 1406} | ret=SUCCESS |  
2019-08-23 18:28:56,099 | INFO  | DNAudit | user=null | ip=null | op=WRITE_CHUNK {blockData=conID: 2 locID: 102667710123540927 bcsId: 1406} | ret=SUCCESS |  
2019-08-23 18:28:56,099 | INFO  | DNAudit | user=null | ip=null | op=PUT_BLOCK {blockData=[blockId=conID: 2 locID: 102667710123540927 bcsId: 0,size=3145728]} | ret=SUCCESS |  
2019-08-23 18:28:56,099 | INFO  | DNAudit | user=null | ip=null | op=PUT_BLOCK {blockData=[blockId=conID: 2 locID: 102667710123540927 bcsId: 0,size=3145728]} | ret=SUCCESS |  
2019-08-23 18:28:56,102 | INFO  | DNAudit | user=null | ip=null | op=WRITE_CHUNK {blockData=conID: 2 locID: 102667710123540927 bcsId: 1412} | ret=SUCCESS |  
2019-08-23 18:28:56,104 | INFO  | DNAudit | user=null | ip=null | op=WRITE_CHUNK {blockData=conID: 2 locID: 102667710123540927 bcsId: 1412} | ret=SUCCESS |  
2019-08-23 18:28:56,105 | INFO  | DNAudit | user=null | ip=null | op=WRITE_CHUNK {blockData=conID: 2 locID: 102667710123540927 bcsId: 1412} | ret=SUCCESS |  
2019-08-23 18:28:56,107 | INFO  | DNAudit | user=null | ip=null | op=WRITE_CHUNK {blockData=conID: 2 locID: 102667710123540927 bcsId: 1412} | ret=SUCCESS |  
2019-08-23 18:28:56,107 | INFO  | DNAudit | user=null | ip=null | op=PUT_BLOCK {blockData=[blockId=conID: 2 locID: 102667710123540927 bcsId: 0,size=4194304]} | ret=SUCCESS |  
2019-08-23 18:28:56,107 [grpc-default-executor-6] INFO  client.GrpcClientProtocolClient (GrpcClientProtocolClient.java:onNext(255)) - client-19C32667576E->48affcab-e6e4-4602-963a-f6a50efbd54c: receive RaftClientReply:client-19C32667576E->48affcab-e6e4-4602-963a-f6a50efbd54c@group-50C56EAF5137, cid=1038, SUCCESS, logIndex=1415, commits[48affcab-e6e4-4602-963a-f6a50efbd54c:c1416, 7e391b60-07ae-4d97-a027-4756e468c032:c1414, c5f86d96-67df-4f25-bde3-316f439d30b3:c1412]
2019-08-23 18:28:56,108 [grpc-default-executor-6] INFO  client.GrpcClientProtocolClient (GrpcClientProtocolClient.java:onNext(255)) - client-19C32667576E->48affcab-e6e4-4602-963a-f6a50efbd54c: receive RaftClientReply:client-19C32667576E->48affcab-e6e4-4602-963a-f6a50efbd54c@group-50C56EAF5137, cid=1039, SUCCESS, logIndex=1416, commits[48affcab-e6e4-4602-963a-f6a50efbd54c:c1416, 7e391b60-07ae-4d97-a027-4756e468c032:c1414, c5f86d96-67df-4f25-bde3-316f439d30b3:c1412]
2019-08-23 18:28:56,109 | INFO  | DNAudit | user=null | ip=null | op=WRITE_CHUNK {blockData=conID: 2 locID: 102667710123540927 bcsId: 1412} | ret=SUCCESS |  
2019-08-23 18:28:56,109 | INFO  | DNAudit | user=null | ip=null | op=PUT_BLOCK {blockData=[blockId=conID: 2 locID: 102667710123540927 bcsId: 0,size=4194304]} | ret=SUCCESS |  
2019-08-23 18:28:56,109 | INFO  | DNAudit | user=null | ip=null | op=WRITE_CHUNK {blockData=conID: 2 locID: 102667710123540927 bcsId: 1412} | ret=SUCCESS |  
2019-08-23 18:28:56,109 | INFO  | DNAudit | user=null | ip=null | op=PUT_BLOCK {blockData=[blockId=conID: 2 locID: 102667710123540927 bcsId: 0,size=4194304]} | ret=SUCCESS |  
2019-08-23 18:28:56,110 [grpc-default-executor-0] INFO  client.GrpcClientProtocolClient (GrpcClientProtocolClient.java:onNext(255)) - client-19C32667576E->48affcab-e6e4-4602-963a-f6a50efbd54c: receive RaftClientReply:client-19C32667576E->48affcab-e6e4-4602-963a-f6a50efbd54c@group-50C56EAF5137, cid=1040, SUCCESS, logIndex=0, commits[48affcab-e6e4-4602-963a-f6a50efbd54c:c1417, 7e391b60-07ae-4d97-a027-4756e468c032:c1416, c5f86d96-67df-4f25-bde3-316f439d30b3:c1416]
2019-08-23 18:28:56,116 | INFO  | DNAudit | user=null | ip=null | op=WRITE_CHUNK {blockData=conID: 3 locID: 102667710123540928 bcsId: 0} | ret=SUCCESS |  
2019-08-23 18:28:56,118 | INFO  | DNAudit | user=null | ip=null | op=WRITE_CHUNK {blockData=conID: 3 locID: 102667710123540928 bcsId: 0} | ret=SUCCESS |  
2019-08-23 18:28:56,118 | INFO  | DNAudit | user=null | ip=null | op=WRITE_CHUNK {blockData=conID: 3 locID: 102667710123540928 bcsId: 0} | ret=SUCCESS |  
2019-08-23 18:28:56,118 | INFO  | DNAudit | user=null | ip=null | op=WRITE_CHUNK {blockData=conID: 3 locID: 102667710123540928 bcsId: 0} | ret=SUCCESS |  
2019-08-23 18:28:56,120 | INFO  | DNAudit | user=null | ip=null | op=WRITE_CHUNK {blockData=conID: 3 locID: 102667710123540928 bcsId: 0} | ret=SUCCESS |  
2019-08-23 18:28:56,120 | INFO  | DNAudit | user=null | ip=null | op=WRITE_CHUNK {blockData=conID: 3 locID: 102667710123540928 bcsId: 0} | ret=SUCCESS |  
2019-08-23 18:28:56,121 | INFO  | DNAudit | user=null | ip=null | op=WRITE_CHUNK {blockData=conID: 3 locID: 102667710123540928 bcsId: 0} | ret=SUCCESS |  
2019-08-23 18:28:56,121 | INFO  | DNAudit | user=null | ip=null | op=PUT_BLOCK {blockData=[blockId=conID: 3 locID: 102667710123540928 bcsId: 0,size=1048576]} | ret=SUCCESS |  
2019-08-23 18:28:56,122 | INFO  | DNAudit | user=null | ip=null | op=WRITE_CHUNK {blockData=conID: 3 locID: 102667710123540928 bcsId: 0} | ret=SUCCESS |  
2019-08-23 18:28:56,121 [grpc-default-executor-0] INFO  client.GrpcClientProtocolClient (GrpcClientProtocolClient.java:onNext(255)) - client-19C32667576E->48affcab-e6e4-4602-963a-f6a50efbd54c: receive RaftClientReply:client-19C32667576E->48affcab-e6e4-4602-963a-f6a50efbd54c@group-50C56EAF5137, cid=1041, SUCCESS, logIndex=1419, commits[48affcab-e6e4-4602-963a-f6a50efbd54c:c1420, 7e391b60-07ae-4d97-a027-4756e468c032:c1418, c5f86d96-67df-4f25-bde3-316f439d30b3:c1418]
2019-08-23 18:28:56,122 | INFO  | DNAudit | user=null | ip=null | op=PUT_BLOCK {blockData=[blockId=conID: 3 locID: 102667710123540928 bcsId: 0,size=2097152]} | ret=SUCCESS |  
2019-08-23 18:28:56,122 [grpc-default-executor-0] INFO  client.GrpcClientProtocolClient (GrpcClientProtocolClient.java:onNext(255)) - client-19C32667576E->48affcab-e6e4-4602-963a-f6a50efbd54c: receive RaftClientReply:client-19C32667576E->48affcab-e6e4-4602-963a-f6a50efbd54c@group-50C56EAF5137, cid=1042, SUCCESS, logIndex=1420, commits[48affcab-e6e4-4602-963a-f6a50efbd54c:c1421, 7e391b60-07ae-4d97-a027-4756e468c032:c1418, c5f86d96-67df-4f25-bde3-316f439d30b3:c1418]
2019-08-23 18:28:56,122 [grpc-default-executor-0] INFO  client.GrpcClientProtocolClient (GrpcClientProtocolClient.java:onNext(255)) - client-19C32667576E->48affcab-e6e4-4602-963a-f6a50efbd54c: receive RaftClientReply:client-19C32667576E->48affcab-e6e4-4602-963a-f6a50efbd54c@group-50C56EAF5137, cid=1043, SUCCESS, logIndex=1421, commits[48affcab-e6e4-4602-963a-f6a50efbd54c:c1422, 7e391b60-07ae-4d97-a027-4756e468c032:c1418, c5f86d96-67df-4f25-bde3-316f439d30b3:c1418]
2019-08-23 18:28:56,122 [grpc-default-executor-0] INFO  client.GrpcClientProtocolClient (GrpcClientProtocolClient.java:onNext(255)) - client-19C32667576E->48affcab-e6e4-4602-963a-f6a50efbd54c: receive RaftClientReply:client-19C32667576E->48affcab-e6e4-4602-963a-f6a50efbd54c@group-50C56EAF5137, cid=1044, SUCCESS, logIndex=1422, commits[48affcab-e6e4-4602-963a-f6a50efbd54c:c1422, 7e391b60-07ae-4d97-a027-4756e468c032:c1418, c5f86d96-67df-4f25-bde3-316f439d30b3:c1418]
2019-08-23 18:28:56,123 | INFO  | DNAudit | user=null | ip=null | op=WRITE_CHUNK {blockData=conID: 3 locID: 102667710123540928 bcsId: 0} | ret=SUCCESS |  
2019-08-23 18:28:56,123 | INFO  | DNAudit | user=null | ip=null | op=PUT_BLOCK {blockData=[blockId=conID: 3 locID: 102667710123540928 bcsId: 0,size=1048576]} | ret=SUCCESS |  
2019-08-23 18:28:56,123 | INFO  | DNAudit | user=null | ip=null | op=WRITE_CHUNK {blockData=conID: 3 locID: 102667710123540928 bcsId: 0} | ret=SUCCESS |  
2019-08-23 18:28:56,123 | INFO  | DNAudit | user=null | ip=null | op=PUT_BLOCK {blockData=[blockId=conID: 3 locID: 102667710123540928 bcsId: 0,size=1048576]} | ret=SUCCESS |  
2019-08-23 18:28:56,123 | INFO  | DNAudit | user=null | ip=null | op=WRITE_CHUNK {blockData=conID: 3 locID: 102667710123540928 bcsId: 0} | ret=SUCCESS |  
2019-08-23 18:28:56,123 [grpc-default-executor-0] INFO  client.GrpcClientProtocolClient (GrpcClientProtocolClient.java:onNext(255)) - client-19C32667576E->48affcab-e6e4-4602-963a-f6a50efbd54c: receive RaftClientReply:client-19C32667576E->48affcab-e6e4-4602-963a-f6a50efbd54c@group-50C56EAF5137, cid=1045, SUCCESS, logIndex=0, commits[48affcab-e6e4-4602-963a-f6a50efbd54c:c1424, 7e391b60-07ae-4d97-a027-4756e468c032:c1420, c5f86d96-67df-4f25-bde3-316f439d30b3:c1420]
2019-08-23 18:28:56,124 | INFO  | DNAudit | user=null | ip=null | op=WRITE_CHUNK {blockData=conID: 3 locID: 102667710123540928 bcsId: 0} | ret=SUCCESS |  
2019-08-23 18:28:56,124 | INFO  | DNAudit | user=null | ip=null | op=PUT_BLOCK {blockData=[blockId=conID: 3 locID: 102667710123540928 bcsId: 0,size=2097152]} | ret=SUCCESS |  
2019-08-23 18:28:56,124 | INFO  | DNAudit | user=null | ip=null | op=PUT_BLOCK {blockData=[blockId=conID: 3 locID: 102667710123540928 bcsId: 0,size=2097152]} | ret=SUCCESS |  
2019-08-23 18:28:56,129 | INFO  | DNAudit | user=null | ip=null | op=WRITE_CHUNK {blockData=conID: 3 locID: 102667710123540928 bcsId: 1422} | ret=SUCCESS |  
2019-08-23 18:28:56,132 | INFO  | DNAudit | user=null | ip=null | op=WRITE_CHUNK {blockData=conID: 3 locID: 102667710123540928 bcsId: 1422} | ret=SUCCESS |  
2019-08-23 18:28:56,132 | INFO  | DNAudit | user=null | ip=null | op=WRITE_CHUNK {blockData=conID: 3 locID: 102667710123540928 bcsId: 1422} | ret=SUCCESS |  
2019-08-23 18:28:56,143 | INFO  | DNAudit | user=null | ip=null | op=WRITE_CHUNK {blockData=conID: 3 locID: 102667710123540928 bcsId: 1422} | ret=SUCCESS |  
2019-08-23 18:28:56,143 | INFO  | DNAudit | user=null | ip=null | op=PUT_BLOCK {blockData=[blockId=conID: 3 locID: 102667710123540928 bcsId: 0,size=3145728]} | ret=SUCCESS |  
2019-08-23 18:28:56,143 [grpc-default-executor-5] INFO  client.GrpcClientProtocolClient (GrpcClientProtocolClient.java:onNext(255)) - client-19C32667576E->48affcab-e6e4-4602-963a-f6a50efbd54c: receive RaftClientReply:client-19C32667576E->48affcab-e6e4-4602-963a-f6a50efbd54c@group-50C56EAF5137, cid=1046, SUCCESS, logIndex=1427, commits[48affcab-e6e4-4602-963a-f6a50efbd54c:c1428, 7e391b60-07ae-4d97-a027-4756e468c032:c1426, c5f86d96-67df-4f25-bde3-316f439d30b3:c1426]
2019-08-23 18:28:56,144 [grpc-default-executor-5] INFO  client.GrpcClientProtocolClient (GrpcClientProtocolClient.java:onNext(255)) - client-19C32667576E->48affcab-e6e4-4602-963a-f6a50efbd54c: receive RaftClientReply:client-19C32667576E->48affcab-e6e4-4602-963a-f6a50efbd54c@group-50C56EAF5137, cid=1047, SUCCESS, logIndex=1428, commits[48affcab-e6e4-4602-963a-f6a50efbd54c:c1428, 7e391b60-07ae-4d97-a027-4756e468c032:c1426, c5f86d96-67df-4f25-bde3-316f439d30b3:c1426]
2019-08-23 18:28:56,150 | INFO  | DNAudit | user=null | ip=null | op=WRITE_CHUNK {blockData=conID: 3 locID: 102667710123540928 bcsId: 1428} | ret=SUCCESS |  
2019-08-23 18:28:56,152 | INFO  | DNAudit | user=null | ip=null | op=WRITE_CHUNK {blockData=conID: 3 locID: 102667710123540928 bcsId: 1428} | ret=SUCCESS |  
2019-08-23 18:28:56,152 | INFO  | DNAudit | user=null | ip=null | op=WRITE_CHUNK {blockData=conID: 3 locID: 102667710123540928 bcsId: 1428} | ret=SUCCESS |  
2019-08-23 18:28:56,154 | INFO  | DNAudit | user=null | ip=null | op=WRITE_CHUNK {blockData=conID: 3 locID: 102667710123540928 bcsId: 1422} | ret=SUCCESS |  
2019-08-23 18:28:56,154 | INFO  | DNAudit | user=null | ip=null | op=WRITE_CHUNK {blockData=conID: 3 locID: 102667710123540928 bcsId: 1422} | ret=SUCCESS |  
2019-08-23 18:28:56,154 | INFO  | DNAudit | user=null | ip=null | op=PUT_BLOCK {blockData=[blockId=conID: 3 locID: 102667710123540928 bcsId: 0,size=3145728]} | ret=SUCCESS |  
2019-08-23 18:28:56,154 | INFO  | DNAudit | user=null | ip=null | op=PUT_BLOCK {blockData=[blockId=conID: 3 locID: 102667710123540928 bcsId: 0,size=3145728]} | ret=SUCCESS |  
2019-08-23 18:28:56,156 | INFO  | DNAudit | user=null | ip=null | op=WRITE_CHUNK {blockData=conID: 3 locID: 102667710123540928 bcsId: 1428} | ret=SUCCESS |  
2019-08-23 18:28:56,156 | INFO  | DNAudit | user=null | ip=null | op=PUT_BLOCK {blockData=[blockId=conID: 3 locID: 102667710123540928 bcsId: 0,size=4194304]} | ret=SUCCESS |  
2019-08-23 18:28:56,156 [grpc-default-executor-0] INFO  client.GrpcClientProtocolClient (GrpcClientProtocolClient.java:onNext(255)) - client-19C32667576E->48affcab-e6e4-4602-963a-f6a50efbd54c: receive RaftClientReply:client-19C32667576E->48affcab-e6e4-4602-963a-f6a50efbd54c@group-50C56EAF5137, cid=1048, SUCCESS, logIndex=1431, commits[48affcab-e6e4-4602-963a-f6a50efbd54c:c1432, 7e391b60-07ae-4d97-a027-4756e468c032:c1428, c5f86d96-67df-4f25-bde3-316f439d30b3:c1428]
2019-08-23 18:28:56,157 [grpc-default-executor-0] INFO  client.GrpcClientProtocolClient (GrpcClientProtocolClient.java:onNext(255)) - client-19C32667576E->48affcab-e6e4-4602-963a-f6a50efbd54c: receive RaftClientReply:client-19C32667576E->48affcab-e6e4-4602-963a-f6a50efbd54c@group-50C56EAF5137, cid=1049, SUCCESS, logIndex=1432, commits[48affcab-e6e4-4602-963a-f6a50efbd54c:c1432, 7e391b60-07ae-4d97-a027-4756e468c032:c1428, c5f86d96-67df-4f25-bde3-316f439d30b3:c1428]
2019-08-23 18:28:56,157 | INFO  | DNAudit | user=null | ip=null | op=WRITE_CHUNK {blockData=conID: 3 locID: 102667710123540928 bcsId: 1428} | ret=SUCCESS |  
2019-08-23 18:28:56,157 | INFO  | DNAudit | user=null | ip=null | op=WRITE_CHUNK {blockData=conID: 3 locID: 102667710123540928 bcsId: 1428} | ret=SUCCESS |  
2019-08-23 18:28:56,159 | INFO  | DNAudit | user=null | ip=null | op=PUT_BLOCK {blockData=[blockId=conID: 3 locID: 102667710123540928 bcsId: 0,size=4194304]} | ret=SUCCESS |  
2019-08-23 18:28:56,159 | INFO  | DNAudit | user=null | ip=null | op=PUT_BLOCK {blockData=[blockId=conID: 3 locID: 102667710123540928 bcsId: 0,size=4194304]} | ret=SUCCESS |  
2019-08-23 18:28:56,159 [grpc-default-executor-4] INFO  client.GrpcClientProtocolClient (GrpcClientProtocolClient.java:onNext(255)) - client-19C32667576E->48affcab-e6e4-4602-963a-f6a50efbd54c: receive RaftClientReply:client-19C32667576E->48affcab-e6e4-4602-963a-f6a50efbd54c@group-50C56EAF5137, cid=1050, SUCCESS, logIndex=0, commits[48affcab-e6e4-4602-963a-f6a50efbd54c:c1434, 7e391b60-07ae-4d97-a027-4756e468c032:c1432, c5f86d96-67df-4f25-bde3-316f439d30b3:c1432]
2019-08-23 18:28:56,164 | INFO  | DNAudit | user=null | ip=null | op=WRITE_CHUNK {blockData=conID: 1 locID: 102667710123540929 bcsId: 0} | ret=SUCCESS |  
2019-08-23 18:28:56,167 | INFO  | DNAudit | user=null | ip=null | op=WRITE_CHUNK {blockData=conID: 1 locID: 102667710123540929 bcsId: 0} | ret=SUCCESS |  
2019-08-23 18:28:56,167 | INFO  | DNAudit | user=null | ip=null | op=WRITE_CHUNK {blockData=conID: 1 locID: 102667710123540929 bcsId: 0} | ret=SUCCESS |  
2019-08-23 18:28:56,168 | INFO  | DNAudit | user=null | ip=null | op=WRITE_CHUNK {blockData=conID: 1 locID: 102667710123540929 bcsId: 0} | ret=SUCCESS |  
2019-08-23 18:28:56,170 | INFO  | DNAudit | user=null | ip=null | op=WRITE_CHUNK {blockData=conID: 1 locID: 102667710123540929 bcsId: 0} | ret=SUCCESS |  
2019-08-23 18:28:56,170 | INFO  | DNAudit | user=null | ip=null | op=WRITE_CHUNK {blockData=conID: 1 locID: 102667710123540929 bcsId: 0} | ret=SUCCESS |  
2019-08-23 18:28:56,175 | INFO  | DNAudit | user=null | ip=null | op=WRITE_CHUNK {blockData=conID: 1 locID: 102667710123540929 bcsId: 0} | ret=SUCCESS |  
2019-08-23 18:28:56,175 | INFO  | DNAudit | user=null | ip=null | op=PUT_BLOCK {blockData=[blockId=conID: 1 locID: 102667710123540929 bcsId: 0,size=1048576]} | ret=SUCCESS |  
2019-08-23 18:28:56,176 [grpc-default-executor-5] INFO  client.GrpcClientProtocolClient (GrpcClientProtocolClient.java:onNext(255)) - client-19C32667576E->48affcab-e6e4-4602-963a-f6a50efbd54c: receive RaftClientReply:client-19C32667576E->48affcab-e6e4-4602-963a-f6a50efbd54c@group-50C56EAF5137, cid=1051, SUCCESS, logIndex=1435, commits[48affcab-e6e4-4602-963a-f6a50efbd54c:c1436, 7e391b60-07ae-4d97-a027-4756e468c032:c1434, c5f86d96-67df-4f25-bde3-316f439d30b3:c1434]
2019-08-23 18:28:56,176 | INFO  | DNAudit | user=null | ip=null | op=WRITE_CHUNK {blockData=conID: 1 locID: 102667710123540929 bcsId: 0} | ret=SUCCESS |  
2019-08-23 18:28:56,176 [grpc-default-executor-5] INFO  client.GrpcClientProtocolClient (GrpcClientProtocolClient.java:onNext(255)) - client-19C32667576E->48affcab-e6e4-4602-963a-f6a50efbd54c: receive RaftClientReply:client-19C32667576E->48affcab-e6e4-4602-963a-f6a50efbd54c@group-50C56EAF5137, cid=1052, SUCCESS, logIndex=1436, commits[48affcab-e6e4-4602-963a-f6a50efbd54c:c1436, 7e391b60-07ae-4d97-a027-4756e468c032:c1434, c5f86d96-67df-4f25-bde3-316f439d30b3:c1434]
2019-08-23 18:28:56,176 | INFO  | DNAudit | user=null | ip=null | op=PUT_BLOCK {blockData=[blockId=conID: 1 locID: 102667710123540929 bcsId: 0,size=2097152]} | ret=SUCCESS |  
2019-08-23 18:28:56,176 [grpc-default-executor-5] INFO  client.GrpcClientProtocolClient (GrpcClientProtocolClient.java:onNext(255)) - client-19C32667576E->48affcab-e6e4-4602-963a-f6a50efbd54c: receive RaftClientReply:client-19C32667576E->48affcab-e6e4-4602-963a-f6a50efbd54c@group-50C56EAF5137, cid=1053, SUCCESS, logIndex=1437, commits[48affcab-e6e4-4602-963a-f6a50efbd54c:c1438, 7e391b60-07ae-4d97-a027-4756e468c032:c1434, c5f86d96-67df-4f25-bde3-316f439d30b3:c1434]
2019-08-23 18:28:56,177 | INFO  | DNAudit | user=null | ip=null | op=WRITE_CHUNK {blockData=conID: 1 locID: 102667710123540929 bcsId: 0} | ret=SUCCESS |  
2019-08-23 18:28:56,177 [grpc-default-executor-5] INFO  client.GrpcClientProtocolClient (GrpcClientProtocolClient.java:onNext(255)) - client-19C32667576E->48affcab-e6e4-4602-963a-f6a50efbd54c: receive RaftClientReply:client-19C32667576E->48affcab-e6e4-4602-963a-f6a50efbd54c@group-50C56EAF5137, cid=1054, SUCCESS, logIndex=1438, commits[48affcab-e6e4-4602-963a-f6a50efbd54c:c1438, 7e391b60-07ae-4d97-a027-4756e468c032:c1434, c5f86d96-67df-4f25-bde3-316f439d30b3:c1434]
2019-08-23 18:28:56,177 | INFO  | DNAudit | user=null | ip=null | op=PUT_BLOCK {blockData=[blockId=conID: 1 locID: 102667710123540929 bcsId: 0,size=1048576]} | ret=SUCCESS |  
2019-08-23 18:28:56,177 | INFO  | DNAudit | user=null | ip=null | op=WRITE_CHUNK {blockData=conID: 1 locID: 102667710123540929 bcsId: 0} | ret=SUCCESS |  
2019-08-23 18:28:56,177 | INFO  | DNAudit | user=null | ip=null | op=PUT_BLOCK {blockData=[blockId=conID: 1 locID: 102667710123540929 bcsId: 0,size=1048576]} | ret=SUCCESS |  
2019-08-23 18:28:56,178 [grpc-default-executor-6] INFO  client.GrpcClientProtocolClient (GrpcClientProtocolClient.java:onNext(255)) - client-19C32667576E->48affcab-e6e4-4602-963a-f6a50efbd54c: receive RaftClientReply:client-19C32667576E->48affcab-e6e4-4602-963a-f6a50efbd54c@group-50C56EAF5137, cid=1055, SUCCESS, logIndex=0, commits[48affcab-e6e4-4602-963a-f6a50efbd54c:c1440, 7e391b60-07ae-4d97-a027-4756e468c032:c1436, c5f86d96-67df-4f25-bde3-316f439d30b3:c1436]
2019-08-23 18:28:56,178 | INFO  | DNAudit | user=null | ip=null | op=WRITE_CHUNK {blockData=conID: 1 locID: 102667710123540929 bcsId: 0} | ret=SUCCESS |  
2019-08-23 18:28:56,178 | INFO  | DNAudit | user=null | ip=null | op=PUT_BLOCK {blockData=[blockId=conID: 1 locID: 102667710123540929 bcsId: 0,size=2097152]} | ret=SUCCESS |  
2019-08-23 18:28:56,179 | INFO  | DNAudit | user=null | ip=null | op=WRITE_CHUNK {blockData=conID: 1 locID: 102667710123540929 bcsId: 0} | ret=SUCCESS |  
2019-08-23 18:28:56,179 | INFO  | DNAudit | user=null | ip=null | op=PUT_BLOCK {blockData=[blockId=conID: 1 locID: 102667710123540929 bcsId: 0,size=2097152]} | ret=SUCCESS |  
2019-08-23 18:28:56,184 | INFO  | DNAudit | user=null | ip=null | op=WRITE_CHUNK {blockData=conID: 1 locID: 102667710123540929 bcsId: 1438} | ret=SUCCESS |  
2019-08-23 18:28:56,186 | INFO  | DNAudit | user=null | ip=null | op=WRITE_CHUNK {blockData=conID: 1 locID: 102667710123540929 bcsId: 1438} | ret=SUCCESS |  
2019-08-23 18:28:56,186 | INFO  | DNAudit | user=null | ip=null | op=WRITE_CHUNK {blockData=conID: 1 locID: 102667710123540929 bcsId: 1438} | ret=SUCCESS |  
2019-08-23 18:28:56,196 | INFO  | DNAudit | user=null | ip=null | op=WRITE_CHUNK {blockData=conID: 1 locID: 102667710123540929 bcsId: 1438} | ret=SUCCESS |  
2019-08-23 18:28:56,197 | INFO  | DNAudit | user=null | ip=null | op=PUT_BLOCK {blockData=[blockId=conID: 1 locID: 102667710123540929 bcsId: 0,size=3145728]} | ret=SUCCESS |  
2019-08-23 18:28:56,197 [grpc-default-executor-6] INFO  client.GrpcClientProtocolClient (GrpcClientProtocolClient.java:onNext(255)) - client-19C32667576E->48affcab-e6e4-4602-963a-f6a50efbd54c: receive RaftClientReply:client-19C32667576E->48affcab-e6e4-4602-963a-f6a50efbd54c@group-50C56EAF5137, cid=1056, SUCCESS, logIndex=1443, commits[48affcab-e6e4-4602-963a-f6a50efbd54c:c1444, 7e391b60-07ae-4d97-a027-4756e468c032:c1442, c5f86d96-67df-4f25-bde3-316f439d30b3:c1442]
2019-08-23 18:28:56,197 [grpc-default-executor-6] INFO  client.GrpcClientProtocolClient (GrpcClientProtocolClient.java:onNext(255)) - client-19C32667576E->48affcab-e6e4-4602-963a-f6a50efbd54c: receive RaftClientReply:client-19C32667576E->48affcab-e6e4-4602-963a-f6a50efbd54c@group-50C56EAF5137, cid=1057, SUCCESS, logIndex=1444, commits[48affcab-e6e4-4602-963a-f6a50efbd54c:c1444, 7e391b60-07ae-4d97-a027-4756e468c032:c1442, c5f86d96-67df-4f25-bde3-316f439d30b3:c1442]
2019-08-23 18:28:56,203 | INFO  | DNAudit | user=null | ip=null | op=WRITE_CHUNK {blockData=conID: 1 locID: 102667710123540929 bcsId: 1444} | ret=SUCCESS |  
2019-08-23 18:28:56,206 | INFO  | DNAudit | user=null | ip=null | op=WRITE_CHUNK {blockData=conID: 1 locID: 102667710123540929 bcsId: 1444} | ret=SUCCESS |  
2019-08-23 18:28:56,206 | INFO  | DNAudit | user=null | ip=null | op=WRITE_CHUNK {blockData=conID: 1 locID: 102667710123540929 bcsId: 1444} | ret=SUCCESS |  
2019-08-23 18:28:56,208 | INFO  | DNAudit | user=null | ip=null | op=WRITE_CHUNK {blockData=conID: 1 locID: 102667710123540929 bcsId: 1438} | ret=SUCCESS |  
2019-08-23 18:28:56,208 | INFO  | DNAudit | user=null | ip=null | op=WRITE_CHUNK {blockData=conID: 1 locID: 102667710123540929 bcsId: 1438} | ret=SUCCESS |  
2019-08-23 18:28:56,209 | INFO  | DNAudit | user=null | ip=null | op=PUT_BLOCK {blockData=[blockId=conID: 1 locID: 102667710123540929 bcsId: 0,size=3145728]} | ret=SUCCESS |  
2019-08-23 18:28:56,209 | INFO  | DNAudit | user=null | ip=null | op=PUT_BLOCK {blockData=[blockId=conID: 1 locID: 102667710123540929 bcsId: 0,size=3145728]} | ret=SUCCESS |  
2019-08-23 18:28:56,210 | INFO  | DNAudit | user=null | ip=null | op=WRITE_CHUNK {blockData=conID: 1 locID: 102667710123540929 bcsId: 1444} | ret=SUCCESS |  
2019-08-23 18:28:56,211 | INFO  | DNAudit | user=null | ip=null | op=PUT_BLOCK {blockData=[blockId=conID: 1 locID: 102667710123540929 bcsId: 0,size=4194304]} | ret=SUCCESS |  
2019-08-23 18:28:56,211 [grpc-default-executor-4] INFO  client.GrpcClientProtocolClient (GrpcClientProtocolClient.java:onNext(255)) - client-19C32667576E->48affcab-e6e4-4602-963a-f6a50efbd54c: receive RaftClientReply:client-19C32667576E->48affcab-e6e4-4602-963a-f6a50efbd54c@group-50C56EAF5137, cid=1058, SUCCESS, logIndex=1447, commits[48affcab-e6e4-4602-963a-f6a50efbd54c:c1448, 7e391b60-07ae-4d97-a027-4756e468c032:c1444, c5f86d96-67df-4f25-bde3-316f439d30b3:c1444]
2019-08-23 18:28:56,211 [grpc-default-executor-4] INFO  client.GrpcClientProtocolClient (GrpcClientProtocolClient.java:onNext(255)) - client-19C32667576E->48affcab-e6e4-4602-963a-f6a50efbd54c: receive RaftClientReply:client-19C32667576E->48affcab-e6e4-4602-963a-f6a50efbd54c@group-50C56EAF5137, cid=1059, SUCCESS, logIndex=1448, commits[48affcab-e6e4-4602-963a-f6a50efbd54c:c1448, 7e391b60-07ae-4d97-a027-4756e468c032:c1444, c5f86d96-67df-4f25-bde3-316f439d30b3:c1444]
2019-08-23 18:28:56,222 | INFO  | DNAudit | user=null | ip=null | op=WRITE_CHUNK {blockData=conID: 1 locID: 102667710123540929 bcsId: 1444} | ret=SUCCESS |  
2019-08-23 18:28:56,222 | INFO  | DNAudit | user=null | ip=null | op=WRITE_CHUNK {blockData=conID: 1 locID: 102667710123540929 bcsId: 1444} | ret=SUCCESS |  
2019-08-23 18:28:56,223 | INFO  | DNAudit | user=null | ip=null | op=PUT_BLOCK {blockData=[blockId=conID: 1 locID: 102667710123540929 bcsId: 0,size=4194304]} | ret=SUCCESS |  
2019-08-23 18:28:56,223 | INFO  | DNAudit | user=null | ip=null | op=PUT_BLOCK {blockData=[blockId=conID: 1 locID: 102667710123540929 bcsId: 0,size=4194304]} | ret=SUCCESS |  
2019-08-23 18:28:56,224 [grpc-default-executor-6] INFO  client.GrpcClientProtocolClient (GrpcClientProtocolClient.java:onNext(255)) - client-19C32667576E->48affcab-e6e4-4602-963a-f6a50efbd54c: receive RaftClientReply:client-19C32667576E->48affcab-e6e4-4602-963a-f6a50efbd54c@group-50C56EAF5137, cid=1060, SUCCESS, logIndex=0, commits[48affcab-e6e4-4602-963a-f6a50efbd54c:c1450, 7e391b60-07ae-4d97-a027-4756e468c032:c1448, c5f86d96-67df-4f25-bde3-316f439d30b3:c1448]
2019-08-23 18:28:56,230 | INFO  | DNAudit | user=null | ip=null | op=WRITE_CHUNK {blockData=conID: 2 locID: 102667710123540930 bcsId: 0} | ret=SUCCESS |  
2019-08-23 18:28:56,232 | INFO  | DNAudit | user=null | ip=null | op=WRITE_CHUNK {blockData=conID: 2 locID: 102667710123540930 bcsId: 0} | ret=SUCCESS |  
2019-08-23 18:28:56,233 | INFO  | DNAudit | user=null | ip=null | op=WRITE_CHUNK {blockData=conID: 2 locID: 102667710123540930 bcsId: 0} | ret=SUCCESS |  
2019-08-23 18:28:56,233 | INFO  | DNAudit | user=null | ip=null | op=WRITE_CHUNK {blockData=conID: 2 locID: 102667710123540930 bcsId: 0} | ret=SUCCESS |  
2019-08-23 18:28:56,234 | INFO  | DNAudit | user=null | ip=null | op=WRITE_CHUNK {blockData=conID: 2 locID: 102667710123540930 bcsId: 0} | ret=SUCCESS |  
2019-08-23 18:28:56,235 | INFO  | SCMAudit | user=jenkins1000 | ip=192.168.34.23 | op=SEND_HEARTBEAT {datanodeUUID=c83cddd0-22b5-491d-bff0-a36373498de2, command=[]} | ret=SUCCESS |  
2019-08-23 18:28:56,235 | INFO  | DNAudit | user=null | ip=null | op=WRITE_CHUNK {blockData=conID: 2 locID: 102667710123540930 bcsId: 0} | ret=SUCCESS |  
2019-08-23 18:28:56,242 | INFO  | DNAudit | user=null | ip=null | op=WRITE_CHUNK {blockData=conID: 2 locID: 102667710123540930 bcsId: 0} | ret=SUCCESS |  
2019-08-23 18:28:56,242 | INFO  | DNAudit | user=null | ip=null | op=PUT_BLOCK {blockData=[blockId=conID: 2 locID: 102667710123540930 bcsId: 0,size=1048576]} | ret=SUCCESS |  
 0.00% |█                                                                                                    |  0/1 Time: 0:00:042019-08-23 18:28:56,355 [grpc-default-executor-0] INFO  client.GrpcClientProtocolClient (GrpcClientProtocolClient.java:onNext(255)) - client-19C32667576E->48affcab-e6e4-4602-963a-f6a50efbd54c: receive RaftClientReply:client-19C32667576E->48affcab-e6e4-4602-963a-f6a50efbd54c@group-50C56EAF5137, cid=1061, SUCCESS, logIndex=1451, commits[48affcab-e6e4-4602-963a-f6a50efbd54c:c1452, 7e391b60-07ae-4d97-a027-4756e468c032:c1450, c5f86d96-67df-4f25-bde3-316f439d30b3:c1450]
2019-08-23 18:28:56,356 | INFO  | DNAudit | user=null | ip=null | op=WRITE_CHUNK {blockData=conID: 2 locID: 102667710123540930 bcsId: 0} | ret=SUCCESS |  
2019-08-23 18:28:56,356 | INFO  | DNAudit | user=null | ip=null | op=PUT_BLOCK {blockData=[blockId=conID: 2 locID: 102667710123540930 bcsId: 0,size=2097152]} | ret=SUCCESS |  
2019-08-23 18:28:56,356 [grpc-default-executor-0] INFO  client.GrpcClientProtocolClient (GrpcClientProtocolClient.java:onNext(255)) - client-19C32667576E->48affcab-e6e4-4602-963a-f6a50efbd54c: receive RaftClientReply:client-19C32667576E->48affcab-e6e4-4602-963a-f6a50efbd54c@group-50C56EAF5137, cid=1062, SUCCESS, logIndex=1452, commits[48affcab-e6e4-4602-963a-f6a50efbd54c:c1452, 7e391b60-07ae-4d97-a027-4756e468c032:c1450, c5f86d96-67df-4f25-bde3-316f439d30b3:c1450]
2019-08-23 18:28:56,357 [grpc-default-executor-0] INFO  client.GrpcClientProtocolClient (GrpcClientProtocolClient.java:onNext(255)) - client-19C32667576E->48affcab-e6e4-4602-963a-f6a50efbd54c: receive RaftClientReply:client-19C32667576E->48affcab-e6e4-4602-963a-f6a50efbd54c@group-50C56EAF5137, cid=1063, SUCCESS, logIndex=1453, commits[48affcab-e6e4-4602-963a-f6a50efbd54c:c1454, 7e391b60-07ae-4d97-a027-4756e468c032:c1450, c5f86d96-67df-4f25-bde3-316f439d30b3:c1450]
2019-08-23 18:28:56,357 [grpc-default-executor-0] INFO  client.GrpcClientProtocolClient (GrpcClientProtocolClient.java:onNext(255)) - client-19C32667576E->48affcab-e6e4-4602-963a-f6a50efbd54c: receive RaftClientReply:client-19C32667576E->48affcab-e6e4-4602-963a-f6a50efbd54c@group-50C56EAF5137, cid=1064, SUCCESS, logIndex=1454, commits[48affcab-e6e4-4602-963a-f6a50efbd54c:c1454, 7e391b60-07ae-4d97-a027-4756e468c032:c1450, c5f86d96-67df-4f25-bde3-316f439d30b3:c1450]
2019-08-23 18:28:56,367 | INFO  | DNAudit | user=null | ip=null | op=WRITE_CHUNK {blockData=conID: 2 locID: 102667710123540930 bcsId: 0} | ret=SUCCESS |  
2019-08-23 18:28:56,368 | INFO  | DNAudit | user=null | ip=null | op=WRITE_CHUNK {blockData=conID: 2 locID: 102667710123540930 bcsId: 0} | ret=SUCCESS |  
2019-08-23 18:28:56,368 | INFO  | DNAudit | user=null | ip=null | op=PUT_BLOCK {blockData=[blockId=conID: 2 locID: 102667710123540930 bcsId: 0,size=1048576]} | ret=SUCCESS |  
2019-08-23 18:28:56,368 | INFO  | DNAudit | user=null | ip=null | op=PUT_BLOCK {blockData=[blockId=conID: 2 locID: 102667710123540930 bcsId: 0,size=1048576]} | ret=SUCCESS |  
2019-08-23 18:28:56,368 [grpc-default-executor-5] INFO  client.GrpcClientProtocolClient (GrpcClientProtocolClient.java:onNext(255)) - client-19C32667576E->48affcab-e6e4-4602-963a-f6a50efbd54c: receive RaftClientReply:client-19C32667576E->48affcab-e6e4-4602-963a-f6a50efbd54c@group-50C56EAF5137, cid=1065, SUCCESS, logIndex=0, commits[48affcab-e6e4-4602-963a-f6a50efbd54c:c1456, 7e391b60-07ae-4d97-a027-4756e468c032:c1452, c5f86d96-67df-4f25-bde3-316f439d30b3:c1452]
2019-08-23 18:28:56,368 | INFO  | DNAudit | user=null | ip=null | op=WRITE_CHUNK {blockData=conID: 2 locID: 102667710123540930 bcsId: 0} | ret=SUCCESS |  
2019-08-23 18:28:56,369 | INFO  | DNAudit | user=null | ip=null | op=PUT_BLOCK {blockData=[blockId=conID: 2 locID: 102667710123540930 bcsId: 0,size=2097152]} | ret=SUCCESS |  
2019-08-23 18:28:56,369 | INFO  | DNAudit | user=null | ip=null | op=WRITE_CHUNK {blockData=conID: 2 locID: 102667710123540930 bcsId: 0} | ret=SUCCESS |  
2019-08-23 18:28:56,369 | INFO  | DNAudit | user=null | ip=null | op=PUT_BLOCK {blockData=[blockId=conID: 2 locID: 102667710123540930 bcsId: 0,size=2097152]} | ret=SUCCESS |  
2019-08-23 18:28:56,375 | INFO  | DNAudit | user=null | ip=null | op=WRITE_CHUNK {blockData=conID: 2 locID: 102667710123540930 bcsId: 1454} | ret=SUCCESS |  
2019-08-23 18:28:56,378 | INFO  | DNAudit | user=null | ip=null | op=WRITE_CHUNK {blockData=conID: 2 locID: 102667710123540930 bcsId: 1454} | ret=SUCCESS |  
2019-08-23 18:28:56,378 | INFO  | DNAudit | user=null | ip=null | op=WRITE_CHUNK {blockData=conID: 2 locID: 102667710123540930 bcsId: 1454} | ret=SUCCESS |  
2019-08-23 18:28:56,393 | INFO  | DNAudit | user=null | ip=null | op=WRITE_CHUNK {blockData=conID: 2 locID: 102667710123540930 bcsId: 1454} | ret=SUCCESS |  
2019-08-23 18:28:56,394 | INFO  | DNAudit | user=null | ip=null | op=PUT_BLOCK {blockData=[blockId=conID: 2 locID: 102667710123540930 bcsId: 0,size=3145728]} | ret=SUCCESS |  
2019-08-23 18:28:56,394 [grpc-default-executor-0] INFO  client.GrpcClientProtocolClient (GrpcClientProtocolClient.java:onNext(255)) - client-19C32667576E->48affcab-e6e4-4602-963a-f6a50efbd54c: receive RaftClientReply:client-19C32667576E->48affcab-e6e4-4602-963a-f6a50efbd54c@group-50C56EAF5137, cid=1066, SUCCESS, logIndex=1459, commits[48affcab-e6e4-4602-963a-f6a50efbd54c:c1460, 7e391b60-07ae-4d97-a027-4756e468c032:c1458, c5f86d96-67df-4f25-bde3-316f439d30b3:c1458]
2019-08-23 18:28:56,394 [grpc-default-executor-0] INFO  client.GrpcClientProtocolClient (GrpcClientProtocolClient.java:onNext(255)) - client-19C32667576E->48affcab-e6e4-4602-963a-f6a50efbd54c: receive RaftClientReply:client-19C32667576E->48affcab-e6e4-4602-963a-f6a50efbd54c@group-50C56EAF5137, cid=1067, SUCCESS, logIndex=1460, commits[48affcab-e6e4-4602-963a-f6a50efbd54c:c1460, 7e391b60-07ae-4d97-a027-4756e468c032:c1458, c5f86d96-67df-4f25-bde3-316f439d30b3:c1458]
2019-08-23 18:28:56,401 | INFO  | DNAudit | user=null | ip=null | op=WRITE_CHUNK {blockData=conID: 2 locID: 102667710123540930 bcsId: 1460} | ret=SUCCESS |  
2019-08-23 18:28:56,404 | INFO  | DNAudit | user=null | ip=null | op=WRITE_CHUNK {blockData=conID: 2 locID: 102667710123540930 bcsId: 1460} | ret=SUCCESS |  
2019-08-23 18:28:56,404 | INFO  | DNAudit | user=null | ip=null | op=WRITE_CHUNK {blockData=conID: 2 locID: 102667710123540930 bcsId: 1460} | ret=SUCCESS |  
2019-08-23 18:28:56,404 | INFO  | DNAudit | user=null | ip=null | op=WRITE_CHUNK {blockData=conID: 2 locID: 102667710123540930 bcsId: 1454} | ret=SUCCESS |  
2019-08-23 18:28:56,404 | INFO  | DNAudit | user=null | ip=null | op=WRITE_CHUNK {blockData=conID: 2 locID: 102667710123540930 bcsId: 1454} | ret=SUCCESS |  
2019-08-23 18:28:56,405 | INFO  | DNAudit | user=null | ip=null | op=PUT_BLOCK {blockData=[blockId=conID: 2 locID: 102667710123540930 bcsId: 0,size=3145728]} | ret=SUCCESS |  
2019-08-23 18:28:56,405 | INFO  | DNAudit | user=null | ip=null | op=PUT_BLOCK {blockData=[blockId=conID: 2 locID: 102667710123540930 bcsId: 0,size=3145728]} | ret=SUCCESS |  
2019-08-23 18:28:56,406 | INFO  | DNAudit | user=null | ip=null | op=WRITE_CHUNK {blockData=conID: 2 locID: 102667710123540930 bcsId: 1460} | ret=SUCCESS |  
2019-08-23 18:28:56,406 | INFO  | DNAudit | user=null | ip=null | op=PUT_BLOCK {blockData=[blockId=conID: 2 locID: 102667710123540930 bcsId: 0,size=4194304]} | ret=SUCCESS |  
2019-08-23 18:28:56,407 [grpc-default-executor-5] INFO  client.GrpcClientProtocolClient (GrpcClientProtocolClient.java:onNext(255)) - client-19C32667576E->48affcab-e6e4-4602-963a-f6a50efbd54c: receive RaftClientReply:client-19C32667576E->48affcab-e6e4-4602-963a-f6a50efbd54c@group-50C56EAF5137, cid=1068, SUCCESS, logIndex=1463, commits[48affcab-e6e4-4602-963a-f6a50efbd54c:c1464, 7e391b60-07ae-4d97-a027-4756e468c032:c1460, c5f86d96-67df-4f25-bde3-316f439d30b3:c1460]
2019-08-23 18:28:56,407 [grpc-default-executor-5] INFO  client.GrpcClientProtocolClient (GrpcClientProtocolClient.java:onNext(255)) - client-19C32667576E->48affcab-e6e4-4602-963a-f6a50efbd54c: receive RaftClientReply:client-19C32667576E->48affcab-e6e4-4602-963a-f6a50efbd54c@group-50C56EAF5137, cid=1069, SUCCESS, logIndex=1464, commits[48affcab-e6e4-4602-963a-f6a50efbd54c:c1464, 7e391b60-07ae-4d97-a027-4756e468c032:c1460, c5f86d96-67df-4f25-bde3-316f439d30b3:c1460]
2019-08-23 18:28:56,418 | INFO  | DNAudit | user=null | ip=null | op=WRITE_CHUNK {blockData=conID: 2 locID: 102667710123540930 bcsId: 1460} | ret=SUCCESS |  
2019-08-23 18:28:56,418 | INFO  | DNAudit | user=null | ip=null | op=PUT_BLOCK {blockData=[blockId=conID: 2 locID: 102667710123540930 bcsId: 0,size=4194304]} | ret=SUCCESS |  
2019-08-23 18:28:56,418 | INFO  | DNAudit | user=null | ip=null | op=WRITE_CHUNK {blockData=conID: 2 locID: 102667710123540930 bcsId: 1460} | ret=SUCCESS |  
2019-08-23 18:28:56,419 | INFO  | DNAudit | user=null | ip=null | op=PUT_BLOCK {blockData=[blockId=conID: 2 locID: 102667710123540930 bcsId: 0,size=4194304]} | ret=SUCCESS |  
2019-08-23 18:28:56,418 [grpc-default-executor-0] INFO  client.GrpcClientProtocolClient (GrpcClientProtocolClient.java:onNext(255)) - client-19C32667576E->48affcab-e6e4-4602-963a-f6a50efbd54c: receive RaftClientReply:client-19C32667576E->48affcab-e6e4-4602-963a-f6a50efbd54c@group-50C56EAF5137, cid=1070, SUCCESS, logIndex=0, commits[48affcab-e6e4-4602-963a-f6a50efbd54c:c1465, 7e391b60-07ae-4d97-a027-4756e468c032:c1464, c5f86d96-67df-4f25-bde3-316f439d30b3:c1464]
2019-08-23 18:28:56,427 | INFO  | DNAudit | user=null | ip=null | op=WRITE_CHUNK {blockData=conID: 3 locID: 102667710123540931 bcsId: 0} | ret=SUCCESS |  
2019-08-23 18:28:56,429 | INFO  | DNAudit | user=null | ip=null | op=WRITE_CHUNK {blockData=conID: 3 locID: 102667710123540931 bcsId: 0} | ret=SUCCESS |  
2019-08-23 18:28:56,430 | INFO  | DNAudit | user=null | ip=null | op=WRITE_CHUNK {blockData=conID: 3 locID: 102667710123540931 bcsId: 0} | ret=SUCCESS |  
2019-08-23 18:28:56,430 | INFO  | DNAudit | user=null | ip=null | op=WRITE_CHUNK {blockData=conID: 3 locID: 102667710123540931 bcsId: 0} | ret=SUCCESS |  
2019-08-23 18:28:56,432 | INFO  | DNAudit | user=null | ip=null | op=WRITE_CHUNK {blockData=conID: 3 locID: 102667710123540931 bcsId: 0} | ret=SUCCESS |  
2019-08-23 18:28:56,432 | INFO  | DNAudit | user=null | ip=null | op=WRITE_CHUNK {blockData=conID: 3 locID: 102667710123540931 bcsId: 0} | ret=SUCCESS |  
2019-08-23 18:28:56,439 | INFO  | DNAudit | user=null | ip=null | op=WRITE_CHUNK {blockData=conID: 3 locID: 102667710123540931 bcsId: 0} | ret=SUCCESS |  
2019-08-23 18:28:56,440 | INFO  | DNAudit | user=null | ip=null | op=PUT_BLOCK {blockData=[blockId=conID: 3 locID: 102667710123540931 bcsId: 0,size=1048576]} | ret=SUCCESS |  
2019-08-23 18:28:56,440 | INFO  | DNAudit | user=null | ip=null | op=WRITE_CHUNK {blockData=conID: 3 locID: 102667710123540931 bcsId: 0} | ret=SUCCESS |  
2019-08-23 18:28:56,440 [grpc-default-executor-5] INFO  client.GrpcClientProtocolClient (GrpcClientProtocolClient.java:onNext(255)) - client-19C32667576E->48affcab-e6e4-4602-963a-f6a50efbd54c: receive RaftClientReply:client-19C32667576E->48affcab-e6e4-4602-963a-f6a50efbd54c@group-50C56EAF5137, cid=1071, SUCCESS, logIndex=1467, commits[48affcab-e6e4-4602-963a-f6a50efbd54c:c1468, 7e391b60-07ae-4d97-a027-4756e468c032:c1466, c5f86d96-67df-4f25-bde3-316f439d30b3:c1466]
2019-08-23 18:28:56,440 | INFO  | DNAudit | user=null | ip=null | op=PUT_BLOCK {blockData=[blockId=conID: 3 locID: 102667710123540931 bcsId: 0,size=2097152]} | ret=SUCCESS |  
2019-08-23 18:28:56,440 [grpc-default-executor-3] INFO  client.GrpcClientProtocolClient (GrpcClientProtocolClient.java:onNext(255)) - client-19C32667576E->48affcab-e6e4-4602-963a-f6a50efbd54c: receive RaftClientReply:client-19C32667576E->48affcab-e6e4-4602-963a-f6a50efbd54c@group-50C56EAF5137, cid=1072, SUCCESS, logIndex=1468, commits[48affcab-e6e4-4602-963a-f6a50efbd54c:c1469, 7e391b60-07ae-4d97-a027-4756e468c032:c1466, c5f86d96-67df-4f25-bde3-316f439d30b3:c1466]
2019-08-23 18:28:56,441 | INFO  | DNAudit | user=null | ip=null | op=WRITE_CHUNK {blockData=conID: 3 locID: 102667710123540931 bcsId: 0} | ret=SUCCESS |  
2019-08-23 18:28:56,441 | INFO  | DNAudit | user=null | ip=null | op=WRITE_CHUNK {blockData=conID: 3 locID: 102667710123540931 bcsId: 0} | ret=SUCCESS |  
2019-08-23 18:28:56,441 | INFO  | DNAudit | user=null | ip=null | op=PUT_BLOCK {blockData=[blockId=conID: 3 locID: 102667710123540931 bcsId: 0,size=1048576]} | ret=SUCCESS |  
2019-08-23 18:28:56,441 | INFO  | DNAudit | user=null | ip=null | op=PUT_BLOCK {blockData=[blockId=conID: 3 locID: 102667710123540931 bcsId: 0,size=1048576]} | ret=SUCCESS |  
2019-08-23 18:28:56,441 [grpc-default-executor-3] INFO  client.GrpcClientProtocolClient (GrpcClientProtocolClient.java:onNext(255)) - client-19C32667576E->48affcab-e6e4-4602-963a-f6a50efbd54c: receive RaftClientReply:client-19C32667576E->48affcab-e6e4-4602-963a-f6a50efbd54c@group-50C56EAF5137, cid=1073, SUCCESS, logIndex=1469, commits[48affcab-e6e4-4602-963a-f6a50efbd54c:c1470, 7e391b60-07ae-4d97-a027-4756e468c032:c1466, c5f86d96-67df-4f25-bde3-316f439d30b3:c1466]
2019-08-23 18:28:56,441 [grpc-default-executor-5] INFO  client.GrpcClientProtocolClient (GrpcClientProtocolClient.java:onNext(255)) - client-19C32667576E->48affcab-e6e4-4602-963a-f6a50efbd54c: receive RaftClientReply:client-19C32667576E->48affcab-e6e4-4602-963a-f6a50efbd54c@group-50C56EAF5137, cid=1074, SUCCESS, logIndex=1470, commits[48affcab-e6e4-4602-963a-f6a50efbd54c:c1470, 7e391b60-07ae-4d97-a027-4756e468c032:c1466, c5f86d96-67df-4f25-bde3-316f439d30b3:c1466]
2019-08-23 18:28:56,442 | INFO  | DNAudit | user=null | ip=null | op=WRITE_CHUNK {blockData=conID: 3 locID: 102667710123540931 bcsId: 0} | ret=SUCCESS |  
2019-08-23 18:28:56,442 | INFO  | DNAudit | user=null | ip=null | op=PUT_BLOCK {blockData=[blockId=conID: 3 locID: 102667710123540931 bcsId: 0,size=2097152]} | ret=SUCCESS |  
2019-08-23 18:28:56,442 [grpc-default-executor-3] INFO  client.GrpcClientProtocolClient (GrpcClientProtocolClient.java:onNext(255)) - client-19C32667576E->48affcab-e6e4-4602-963a-f6a50efbd54c: receive RaftClientReply:client-19C32667576E->48affcab-e6e4-4602-963a-f6a50efbd54c@group-50C56EAF5137, cid=1075, SUCCESS, logIndex=0, commits[48affcab-e6e4-4602-963a-f6a50efbd54c:c1472, 7e391b60-07ae-4d97-a027-4756e468c032:c1468, c5f86d96-67df-4f25-bde3-316f439d30b3:c1468]
2019-08-23 18:28:56,443 | INFO  | DNAudit | user=null | ip=null | op=WRITE_CHUNK {blockData=conID: 3 locID: 102667710123540931 bcsId: 0} | ret=SUCCESS |  
2019-08-23 18:28:56,443 | INFO  | DNAudit | user=null | ip=null | op=PUT_BLOCK {blockData=[blockId=conID: 3 locID: 102667710123540931 bcsId: 0,size=2097152]} | ret=SUCCESS |  
2019-08-23 18:28:56,448 | INFO  | DNAudit | user=null | ip=null | op=WRITE_CHUNK {blockData=conID: 3 locID: 102667710123540931 bcsId: 1470} | ret=SUCCESS |  
2019-08-23 18:28:56,451 | INFO  | DNAudit | user=null | ip=null | op=WRITE_CHUNK {blockData=conID: 3 locID: 102667710123540931 bcsId: 1470} | ret=SUCCESS |  
2019-08-23 18:28:56,451 | INFO  | DNAudit | user=null | ip=null | op=WRITE_CHUNK {blockData=conID: 3 locID: 102667710123540931 bcsId: 1470} | ret=SUCCESS |  
2019-08-23 18:28:56,461 | INFO  | DNAudit | user=null | ip=null | op=WRITE_CHUNK {blockData=conID: 3 locID: 102667710123540931 bcsId: 1470} | ret=SUCCESS |  
2019-08-23 18:28:56,461 | INFO  | DNAudit | user=null | ip=null | op=PUT_BLOCK {blockData=[blockId=conID: 3 locID: 102667710123540931 bcsId: 0,size=3145728]} | ret=SUCCESS |  
2019-08-23 18:28:56,461 [grpc-default-executor-5] INFO  client.GrpcClientProtocolClient (GrpcClientProtocolClient.java:onNext(255)) - client-19C32667576E->48affcab-e6e4-4602-963a-f6a50efbd54c: receive RaftClientReply:client-19C32667576E->48affcab-e6e4-4602-963a-f6a50efbd54c@group-50C56EAF5137, cid=1076, SUCCESS, logIndex=1475, commits[48affcab-e6e4-4602-963a-f6a50efbd54c:c1476, 7e391b60-07ae-4d97-a027-4756e468c032:c1474, c5f86d96-67df-4f25-bde3-316f439d30b3:c1474]
2019-08-23 18:28:56,462 [grpc-default-executor-5] INFO  client.GrpcClientProtocolClient (GrpcClientProtocolClient.java:onNext(255)) - client-19C32667576E->48affcab-e6e4-4602-963a-f6a50efbd54c: receive RaftClientReply:client-19C32667576E->48affcab-e6e4-4602-963a-f6a50efbd54c@group-50C56EAF5137, cid=1077, SUCCESS, logIndex=1476, commits[48affcab-e6e4-4602-963a-f6a50efbd54c:c1476, 7e391b60-07ae-4d97-a027-4756e468c032:c1474, c5f86d96-67df-4f25-bde3-316f439d30b3:c1474]
2019-08-23 18:28:56,468 | INFO  | DNAudit | user=null | ip=null | op=WRITE_CHUNK {blockData=conID: 3 locID: 102667710123540931 bcsId: 1476} | ret=SUCCESS |  
2019-08-23 18:28:56,470 | INFO  | DNAudit | user=null | ip=null | op=WRITE_CHUNK {blockData=conID: 3 locID: 102667710123540931 bcsId: 1476} | ret=SUCCESS |  
2019-08-23 18:28:56,470 | INFO  | DNAudit | user=null | ip=null | op=WRITE_CHUNK {blockData=conID: 3 locID: 102667710123540931 bcsId: 1476} | ret=SUCCESS |  
2019-08-23 18:28:56,472 | INFO  | DNAudit | user=null | ip=null | op=WRITE_CHUNK {blockData=conID: 3 locID: 102667710123540931 bcsId: 1470} | ret=SUCCESS |  
2019-08-23 18:28:56,472 | INFO  | DNAudit | user=null | ip=null | op=WRITE_CHUNK {blockData=conID: 3 locID: 102667710123540931 bcsId: 1470} | ret=SUCCESS |  
2019-08-23 18:28:56,474 | INFO  | DNAudit | user=null | ip=null | op=PUT_BLOCK {blockData=[blockId=conID: 3 locID: 102667710123540931 bcsId: 0,size=3145728]} | ret=SUCCESS |  
2019-08-23 18:28:56,474 | INFO  | DNAudit | user=null | ip=null | op=PUT_BLOCK {blockData=[blockId=conID: 3 locID: 102667710123540931 bcsId: 0,size=3145728]} | ret=SUCCESS |  
2019-08-23 18:28:56,474 | INFO  | DNAudit | user=null | ip=null | op=WRITE_CHUNK {blockData=conID: 3 locID: 102667710123540931 bcsId: 1476} | ret=SUCCESS |  
2019-08-23 18:28:56,474 | INFO  | DNAudit | user=null | ip=null | op=PUT_BLOCK {blockData=[blockId=conID: 3 locID: 102667710123540931 bcsId: 0,size=4194304]} | ret=SUCCESS |  
2019-08-23 18:28:56,475 [grpc-default-executor-3] INFO  client.GrpcClientProtocolClient (GrpcClientProtocolClient.java:onNext(255)) - client-19C32667576E->48affcab-e6e4-4602-963a-f6a50efbd54c: receive RaftClientReply:client-19C32667576E->48affcab-e6e4-4602-963a-f6a50efbd54c@group-50C56EAF5137, cid=1078, SUCCESS, logIndex=1479, commits[48affcab-e6e4-4602-963a-f6a50efbd54c:c1480, 7e391b60-07ae-4d97-a027-4756e468c032:c1476, c5f86d96-67df-4f25-bde3-316f439d30b3:c1476]
2019-08-23 18:28:56,475 [grpc-default-executor-3] INFO  client.GrpcClientProtocolClient (GrpcClientProtocolClient.java:onNext(255)) - client-19C32667576E->48affcab-e6e4-4602-963a-f6a50efbd54c: receive RaftClientReply:client-19C32667576E->48affcab-e6e4-4602-963a-f6a50efbd54c@group-50C56EAF5137, cid=1079, SUCCESS, logIndex=1480, commits[48affcab-e6e4-4602-963a-f6a50efbd54c:c1480, 7e391b60-07ae-4d97-a027-4756e468c032:c1476, c5f86d96-67df-4f25-bde3-316f439d30b3:c1476]
2019-08-23 18:28:56,486 | INFO  | DNAudit | user=null | ip=null | op=WRITE_CHUNK {blockData=conID: 3 locID: 102667710123540931 bcsId: 1476} | ret=SUCCESS |  
2019-08-23 18:28:56,486 | INFO  | DNAudit | user=null | ip=null | op=WRITE_CHUNK {blockData=conID: 3 locID: 102667710123540931 bcsId: 1476} | ret=SUCCESS |  
2019-08-23 18:28:56,487 | INFO  | DNAudit | user=null | ip=null | op=PUT_BLOCK {blockData=[blockId=conID: 3 locID: 102667710123540931 bcsId: 0,size=4194304]} | ret=SUCCESS |  
2019-08-23 18:28:56,487 | INFO  | DNAudit | user=null | ip=null | op=PUT_BLOCK {blockData=[blockId=conID: 3 locID: 102667710123540931 bcsId: 0,size=4194304]} | ret=SUCCESS |  
2019-08-23 18:28:56,488 [grpc-default-executor-4] INFO  client.GrpcClientProtocolClient (GrpcClientProtocolClient.java:onNext(255)) - client-19C32667576E->48affcab-e6e4-4602-963a-f6a50efbd54c: receive RaftClientReply:client-19C32667576E->48affcab-e6e4-4602-963a-f6a50efbd54c@group-50C56EAF5137, cid=1080, SUCCESS, logIndex=0, commits[48affcab-e6e4-4602-963a-f6a50efbd54c:c1482, 7e391b60-07ae-4d97-a027-4756e468c032:c1480, c5f86d96-67df-4f25-bde3-316f439d30b3:c1480]
2019-08-23 18:28:56,494 | INFO  | DNAudit | user=null | ip=null | op=WRITE_CHUNK {blockData=conID: 1 locID: 102667710123540932 bcsId: 0} | ret=SUCCESS |  
2019-08-23 18:28:56,497 | INFO  | DNAudit | user=null | ip=null | op=WRITE_CHUNK {blockData=conID: 1 locID: 102667710123540932 bcsId: 0} | ret=SUCCESS |  
2019-08-23 18:28:56,497 | INFO  | DNAudit | user=null | ip=null | op=WRITE_CHUNK {blockData=conID: 1 locID: 102667710123540932 bcsId: 0} | ret=SUCCESS |  
2019-08-23 18:28:56,497 | INFO  | DNAudit | user=null | ip=null | op=WRITE_CHUNK {blockData=conID: 1 locID: 102667710123540932 bcsId: 0} | ret=SUCCESS |  
2019-08-23 18:28:56,499 | INFO  | DNAudit | user=null | ip=null | op=WRITE_CHUNK {blockData=conID: 1 locID: 102667710123540932 bcsId: 0} | ret=SUCCESS |  
2019-08-23 18:28:56,499 | INFO  | DNAudit | user=null | ip=null | op=WRITE_CHUNK {blockData=conID: 1 locID: 102667710123540932 bcsId: 0} | ret=SUCCESS |  
2019-08-23 18:28:56,508 | INFO  | DNAudit | user=null | ip=null | op=WRITE_CHUNK {blockData=conID: 1 locID: 102667710123540932 bcsId: 0} | ret=SUCCESS |  
2019-08-23 18:28:56,509 | INFO  | DNAudit | user=null | ip=null | op=PUT_BLOCK {blockData=[blockId=conID: 1 locID: 102667710123540932 bcsId: 0,size=1048576]} | ret=SUCCESS |  
2019-08-23 18:28:56,509 [grpc-default-executor-5] INFO  client.GrpcClientProtocolClient (GrpcClientProtocolClient.java:onNext(255)) - client-19C32667576E->48affcab-e6e4-4602-963a-f6a50efbd54c: receive RaftClientReply:client-19C32667576E->48affcab-e6e4-4602-963a-f6a50efbd54c@group-50C56EAF5137, cid=1081, SUCCESS, logIndex=1483, commits[48affcab-e6e4-4602-963a-f6a50efbd54c:c1484, 7e391b60-07ae-4d97-a027-4756e468c032:c1482, c5f86d96-67df-4f25-bde3-316f439d30b3:c1482]
2019-08-23 18:28:56,510 [grpc-default-executor-5] INFO  client.GrpcClientProtocolClient (GrpcClientProtocolClient.java:onNext(255)) - client-19C32667576E->48affcab-e6e4-4602-963a-f6a50efbd54c: receive RaftClientReply:client-19C32667576E->48affcab-e6e4-4602-963a-f6a50efbd54c@group-50C56EAF5137, cid=1082, SUCCESS, logIndex=1484, commits[48affcab-e6e4-4602-963a-f6a50efbd54c:c1484, 7e391b60-07ae-4d97-a027-4756e468c032:c1482, c5f86d96-67df-4f25-bde3-316f439d30b3:c1482]
2019-08-23 18:28:56,510 | INFO  | DNAudit | user=null | ip=null | op=WRITE_CHUNK {blockData=conID: 1 locID: 102667710123540932 bcsId: 0} | ret=SUCCESS |  
2019-08-23 18:28:56,510 | INFO  | DNAudit | user=null | ip=null | op=PUT_BLOCK {blockData=[blockId=conID: 1 locID: 102667710123540932 bcsId: 0,size=2097152]} | ret=SUCCESS |  
2019-08-23 18:28:56,510 [grpc-default-executor-5] INFO  client.GrpcClientProtocolClient (GrpcClientProtocolClient.java:onNext(255)) - client-19C32667576E->48affcab-e6e4-4602-963a-f6a50efbd54c: receive RaftClientReply:client-19C32667576E->48affcab-e6e4-4602-963a-f6a50efbd54c@group-50C56EAF5137, cid=1083, SUCCESS, logIndex=1485, commits[48affcab-e6e4-4602-963a-f6a50efbd54c:c1486, 7e391b60-07ae-4d97-a027-4756e468c032:c1482, c5f86d96-67df-4f25-bde3-316f439d30b3:c1482]
2019-08-23 18:28:56,511 [grpc-default-executor-5] INFO  client.GrpcClientProtocolClient (GrpcClientProtocolClient.java:onNext(255)) - client-19C32667576E->48affcab-e6e4-4602-963a-f6a50efbd54c: receive RaftClientReply:client-19C32667576E->48affcab-e6e4-4602-963a-f6a50efbd54c@group-50C56EAF5137, cid=1084, SUCCESS, logIndex=1486, commits[48affcab-e6e4-4602-963a-f6a50efbd54c:c1486, 7e391b60-07ae-4d97-a027-4756e468c032:c1482, c5f86d96-67df-4f25-bde3-316f439d30b3:c1482]
2019-08-23 18:28:56,511 | INFO  | DNAudit | user=null | ip=null | op=WRITE_CHUNK {blockData=conID: 1 locID: 102667710123540932 bcsId: 0} | ret=SUCCESS |  
2019-08-23 18:28:56,511 | INFO  | DNAudit | user=null | ip=null | op=PUT_BLOCK {blockData=[blockId=conID: 1 locID: 102667710123540932 bcsId: 0,size=1048576]} | ret=SUCCESS |  
2019-08-23 18:28:56,511 | INFO  | DNAudit | user=null | ip=null | op=WRITE_CHUNK {blockData=conID: 1 locID: 102667710123540932 bcsId: 0} | ret=SUCCESS |  
2019-08-23 18:28:56,511 | INFO  | DNAudit | user=null | ip=null | op=PUT_BLOCK {blockData=[blockId=conID: 1 locID: 102667710123540932 bcsId: 0,size=1048576]} | ret=SUCCESS |  
2019-08-23 18:28:56,512 | INFO  | DNAudit | user=null | ip=null | op=WRITE_CHUNK {blockData=conID: 1 locID: 102667710123540932 bcsId: 0} | ret=SUCCESS |  
2019-08-23 18:28:56,512 | INFO  | DNAudit | user=null | ip=null | op=WRITE_CHUNK {blockData=conID: 1 locID: 102667710123540932 bcsId: 0} | ret=SUCCESS |  
2019-08-23 18:28:56,512 | INFO  | DNAudit | user=null | ip=null | op=PUT_BLOCK {blockData=[blockId=conID: 1 locID: 102667710123540932 bcsId: 0,size=2097152]} | ret=SUCCESS |  
2019-08-23 18:28:56,512 [grpc-default-executor-3] INFO  client.GrpcClientProtocolClient (GrpcClientProtocolClient.java:onNext(255)) - client-19C32667576E->48affcab-e6e4-4602-963a-f6a50efbd54c: receive RaftClientReply:client-19C32667576E->48affcab-e6e4-4602-963a-f6a50efbd54c@group-50C56EAF5137, cid=1085, SUCCESS, logIndex=0, commits[48affcab-e6e4-4602-963a-f6a50efbd54c:c1488, 7e391b60-07ae-4d97-a027-4756e468c032:c1484, c5f86d96-67df-4f25-bde3-316f439d30b3:c1484]
2019-08-23 18:28:56,513 | INFO  | DNAudit | user=null | ip=null | op=PUT_BLOCK {blockData=[blockId=conID: 1 locID: 102667710123540932 bcsId: 0,size=2097152]} | ret=SUCCESS |  
2019-08-23 18:28:56,518 | INFO  | DNAudit | user=null | ip=null | op=WRITE_CHUNK {blockData=conID: 1 locID: 102667710123540932 bcsId: 1486} | ret=SUCCESS |  
2019-08-23 18:28:56,521 | INFO  | DNAudit | user=null | ip=null | op=WRITE_CHUNK {blockData=conID: 1 locID: 102667710123540932 bcsId: 1486} | ret=SUCCESS |  
2019-08-23 18:28:56,521 | INFO  | DNAudit | user=null | ip=null | op=WRITE_CHUNK {blockData=conID: 1 locID: 102667710123540932 bcsId: 1486} | ret=SUCCESS |  
2019-08-23 18:28:56,531 | INFO  | DNAudit | user=null | ip=null | op=WRITE_CHUNK {blockData=conID: 1 locID: 102667710123540932 bcsId: 1486} | ret=SUCCESS |  
2019-08-23 18:28:56,531 | INFO  | DNAudit | user=null | ip=null | op=PUT_BLOCK {blockData=[blockId=conID: 1 locID: 102667710123540932 bcsId: 0,size=3145728]} | ret=SUCCESS |  
2019-08-23 18:28:56,531 [grpc-default-executor-5] INFO  client.GrpcClientProtocolClient (GrpcClientProtocolClient.java:onNext(255)) - client-19C32667576E->48affcab-e6e4-4602-963a-f6a50efbd54c: receive RaftClientReply:client-19C32667576E->48affcab-e6e4-4602-963a-f6a50efbd54c@group-50C56EAF5137, cid=1086, SUCCESS, logIndex=1491, commits[48affcab-e6e4-4602-963a-f6a50efbd54c:c1492, 7e391b60-07ae-4d97-a027-4756e468c032:c1490, c5f86d96-67df-4f25-bde3-316f439d30b3:c1490]
2019-08-23 18:28:56,532 [grpc-default-executor-5] INFO  client.GrpcClientProtocolClient (GrpcClientProtocolClient.java:onNext(255)) - client-19C32667576E->48affcab-e6e4-4602-963a-f6a50efbd54c: receive RaftClientReply:client-19C32667576E->48affcab-e6e4-4602-963a-f6a50efbd54c@group-50C56EAF5137, cid=1087, SUCCESS, logIndex=1492, commits[48affcab-e6e4-4602-963a-f6a50efbd54c:c1492, 7e391b60-07ae-4d97-a027-4756e468c032:c1490, c5f86d96-67df-4f25-bde3-316f439d30b3:c1490]
2019-08-23 18:28:56,537 | INFO  | DNAudit | user=null | ip=null | op=WRITE_CHUNK {blockData=conID: 1 locID: 102667710123540932 bcsId: 1492} | ret=SUCCESS |  
2019-08-23 18:28:56,540 | INFO  | DNAudit | user=null | ip=null | op=WRITE_CHUNK {blockData=conID: 1 locID: 102667710123540932 bcsId: 1492} | ret=SUCCESS |  
2019-08-23 18:28:56,540 | INFO  | DNAudit | user=null | ip=null | op=WRITE_CHUNK {blockData=conID: 1 locID: 102667710123540932 bcsId: 1492} | ret=SUCCESS |  
2019-08-23 18:28:56,542 | INFO  | DNAudit | user=null | ip=null | op=WRITE_CHUNK {blockData=conID: 1 locID: 102667710123540932 bcsId: 1486} | ret=SUCCESS |  
2019-08-23 18:28:56,542 | INFO  | DNAudit | user=null | ip=null | op=WRITE_CHUNK {blockData=conID: 1 locID: 102667710123540932 bcsId: 1486} | ret=SUCCESS |  
2019-08-23 18:28:56,543 | INFO  | DNAudit | user=null | ip=null | op=PUT_BLOCK {blockData=[blockId=conID: 1 locID: 102667710123540932 bcsId: 0,size=3145728]} | ret=SUCCESS |  
2019-08-23 18:28:56,543 | INFO  | DNAudit | user=null | ip=null | op=PUT_BLOCK {blockData=[blockId=conID: 1 locID: 102667710123540932 bcsId: 0,size=3145728]} | ret=SUCCESS |  
2019-08-23 18:28:56,544 | INFO  | DNAudit | user=null | ip=null | op=WRITE_CHUNK {blockData=conID: 1 locID: 102667710123540932 bcsId: 1492} | ret=SUCCESS |  
2019-08-23 18:28:56,544 | INFO  | DNAudit | user=null | ip=null | op=PUT_BLOCK {blockData=[blockId=conID: 1 locID: 102667710123540932 bcsId: 0,size=4194304]} | ret=SUCCESS |  
2019-08-23 18:28:56,544 [grpc-default-executor-4] INFO  client.GrpcClientProtocolClient (GrpcClientProtocolClient.java:onNext(255)) - client-19C32667576E->48affcab-e6e4-4602-963a-f6a50efbd54c: receive RaftClientReply:client-19C32667576E->48affcab-e6e4-4602-963a-f6a50efbd54c@group-50C56EAF5137, cid=1088, SUCCESS, logIndex=1495, commits[48affcab-e6e4-4602-963a-f6a50efbd54c:c1496, 7e391b60-07ae-4d97-a027-4756e468c032:c1492, c5f86d96-67df-4f25-bde3-316f439d30b3:c1492]
2019-08-23 18:28:56,545 [grpc-default-executor-4] INFO  client.GrpcClientProtocolClient (GrpcClientProtocolClient.java:onNext(255)) - client-19C32667576E->48affcab-e6e4-4602-963a-f6a50efbd54c: receive RaftClientReply:client-19C32667576E->48affcab-e6e4-4602-963a-f6a50efbd54c@group-50C56EAF5137, cid=1089, SUCCESS, logIndex=1496, commits[48affcab-e6e4-4602-963a-f6a50efbd54c:c1496, 7e391b60-07ae-4d97-a027-4756e468c032:c1492, c5f86d96-67df-4f25-bde3-316f439d30b3:c1492]
2019-08-23 18:28:56,546 | INFO  | DNAudit | user=null | ip=null | op=WRITE_CHUNK {blockData=conID: 1 locID: 102667710123540932 bcsId: 1492} | ret=SUCCESS |  
2019-08-23 18:28:56,546 | INFO  | DNAudit | user=null | ip=null | op=WRITE_CHUNK {blockData=conID: 1 locID: 102667710123540932 bcsId: 1492} | ret=SUCCESS |  
2019-08-23 18:28:56,547 | INFO  | DNAudit | user=null | ip=null | op=PUT_BLOCK {blockData=[blockId=conID: 1 locID: 102667710123540932 bcsId: 0,size=4194304]} | ret=SUCCESS |  
2019-08-23 18:28:56,547 | INFO  | DNAudit | user=null | ip=null | op=PUT_BLOCK {blockData=[blockId=conID: 1 locID: 102667710123540932 bcsId: 0,size=4194304]} | ret=SUCCESS |  
2019-08-23 18:28:56,547 [grpc-default-executor-4] INFO  client.GrpcClientProtocolClient (GrpcClientProtocolClient.java:onNext(255)) - client-19C32667576E->48affcab-e6e4-4602-963a-f6a50efbd54c: receive RaftClientReply:client-19C32667576E->48affcab-e6e4-4602-963a-f6a50efbd54c@group-50C56EAF5137, cid=1090, SUCCESS, logIndex=0, commits[48affcab-e6e4-4602-963a-f6a50efbd54c:c1498, 7e391b60-07ae-4d97-a027-4756e468c032:c1496, c5f86d96-67df-4f25-bde3-316f439d30b3:c1496]
2019-08-23 18:28:56,553 | INFO  | DNAudit | user=null | ip=null | op=WRITE_CHUNK {blockData=conID: 2 locID: 102667710123606469 bcsId: 0} | ret=SUCCESS |  
2019-08-23 18:28:56,555 | INFO  | DNAudit | user=null | ip=null | op=WRITE_CHUNK {blockData=conID: 2 locID: 102667710123606469 bcsId: 0} | ret=SUCCESS |  
2019-08-23 18:28:56,556 | INFO  | DNAudit | user=null | ip=null | op=WRITE_CHUNK {blockData=conID: 2 locID: 102667710123606469 bcsId: 0} | ret=SUCCESS |  
2019-08-23 18:28:56,556 | INFO  | DNAudit | user=null | ip=null | op=WRITE_CHUNK {blockData=conID: 2 locID: 102667710123606469 bcsId: 0} | ret=SUCCESS |  
2019-08-23 18:28:56,558 | INFO  | DNAudit | user=null | ip=null | op=WRITE_CHUNK {blockData=conID: 2 locID: 102667710123606469 bcsId: 0} | ret=SUCCESS |  
2019-08-23 18:28:56,558 | INFO  | DNAudit | user=null | ip=null | op=WRITE_CHUNK {blockData=conID: 2 locID: 102667710123606469 bcsId: 0} | ret=SUCCESS |  
2019-08-23 18:28:56,558 | INFO  | DNAudit | user=null | ip=null | op=WRITE_CHUNK {blockData=conID: 2 locID: 102667710123606469 bcsId: 0} | ret=SUCCESS |  
2019-08-23 18:28:56,559 | INFO  | DNAudit | user=null | ip=null | op=PUT_BLOCK {blockData=[blockId=conID: 2 locID: 102667710123606469 bcsId: 0,size=1048576]} | ret=SUCCESS |  
2019-08-23 18:28:56,559 [grpc-default-executor-3] INFO  client.GrpcClientProtocolClient (GrpcClientProtocolClient.java:onNext(255)) - client-19C32667576E->48affcab-e6e4-4602-963a-f6a50efbd54c: receive RaftClientReply:client-19C32667576E->48affcab-e6e4-4602-963a-f6a50efbd54c@group-50C56EAF5137, cid=1091, SUCCESS, logIndex=1499, commits[48affcab-e6e4-4602-963a-f6a50efbd54c:c1500, 7e391b60-07ae-4d97-a027-4756e468c032:c1496, c5f86d96-67df-4f25-bde3-316f439d30b3:c1498]
2019-08-23 18:28:56,560 | INFO  | DNAudit | user=null | ip=null | op=WRITE_CHUNK {blockData=conID: 2 locID: 102667710123606469 bcsId: 0} | ret=SUCCESS |  
2019-08-23 18:28:56,560 [grpc-default-executor-3] INFO  client.GrpcClientProtocolClient (GrpcClientProtocolClient.java:onNext(255)) - client-19C32667576E->48affcab-e6e4-4602-963a-f6a50efbd54c: receive RaftClientReply:client-19C32667576E->48affcab-e6e4-4602-963a-f6a50efbd54c@group-50C56EAF5137, cid=1092, SUCCESS, logIndex=1500, commits[48affcab-e6e4-4602-963a-f6a50efbd54c:c1502, 7e391b60-07ae-4d97-a027-4756e468c032:c1498, c5f86d96-67df-4f25-bde3-316f439d30b3:c1498]
2019-08-23 18:28:56,560 | INFO  | DNAudit | user=null | ip=null | op=WRITE_CHUNK {blockData=conID: 2 locID: 102667710123606469 bcsId: 0} | ret=SUCCESS |  
2019-08-23 18:28:56,560 | INFO  | DNAudit | user=null | ip=null | op=PUT_BLOCK {blockData=[blockId=conID: 2 locID: 102667710123606469 bcsId: 0,size=1048576]} | ret=SUCCESS |  
2019-08-23 18:28:56,560 | INFO  | DNAudit | user=null | ip=null | op=PUT_BLOCK {blockData=[blockId=conID: 2 locID: 102667710123606469 bcsId: 0,size=2097152]} | ret=SUCCESS |  
2019-08-23 18:28:56,560 [grpc-default-executor-3] INFO  client.GrpcClientProtocolClient (GrpcClientProtocolClient.java:onNext(255)) - client-19C32667576E->48affcab-e6e4-4602-963a-f6a50efbd54c: receive RaftClientReply:client-19C32667576E->48affcab-e6e4-4602-963a-f6a50efbd54c@group-50C56EAF5137, cid=1093, SUCCESS, logIndex=1501, commits[48affcab-e6e4-4602-963a-f6a50efbd54c:c1502, 7e391b60-07ae-4d97-a027-4756e468c032:c1498, c5f86d96-67df-4f25-bde3-316f439d30b3:c1498]
2019-08-23 18:28:56,561 | INFO  | DNAudit | user=null | ip=null | op=WRITE_CHUNK {blockData=conID: 2 locID: 102667710123606469 bcsId: 0} | ret=SUCCESS |  
2019-08-23 18:28:56,561 | INFO  | DNAudit | user=null | ip=null | op=PUT_BLOCK {blockData=[blockId=conID: 2 locID: 102667710123606469 bcsId: 0,size=1048576]} | ret=SUCCESS |  
2019-08-23 18:28:56,561 [grpc-default-executor-3] INFO  client.GrpcClientProtocolClient (GrpcClientProtocolClient.java:onNext(255)) - client-19C32667576E->48affcab-e6e4-4602-963a-f6a50efbd54c: receive RaftClientReply:client-19C32667576E->48affcab-e6e4-4602-963a-f6a50efbd54c@group-50C56EAF5137, cid=1094, SUCCESS, logIndex=1502, commits[48affcab-e6e4-4602-963a-f6a50efbd54c:c1504, 7e391b60-07ae-4d97-a027-4756e468c032:c1500, c5f86d96-67df-4f25-bde3-316f439d30b3:c1498]
2019-08-23 18:28:56,561 | INFO  | DNAudit | user=null | ip=null | op=WRITE_CHUNK {blockData=conID: 2 locID: 102667710123606469 bcsId: 0} | ret=SUCCESS |  
2019-08-23 18:28:56,561 | INFO  | DNAudit | user=null | ip=null | op=PUT_BLOCK {blockData=[blockId=conID: 2 locID: 102667710123606469 bcsId: 0,size=2097152]} | ret=SUCCESS |  
2019-08-23 18:28:56,562 [grpc-default-executor-3] INFO  client.GrpcClientProtocolClient (GrpcClientProtocolClient.java:onNext(255)) - client-19C32667576E->48affcab-e6e4-4602-963a-f6a50efbd54c: receive RaftClientReply:client-19C32667576E->48affcab-e6e4-4602-963a-f6a50efbd54c@group-50C56EAF5137, cid=1095, SUCCESS, logIndex=0, commits[48affcab-e6e4-4602-963a-f6a50efbd54c:c1504, 7e391b60-07ae-4d97-a027-4756e468c032:c1502, c5f86d96-67df-4f25-bde3-316f439d30b3:c1500]
2019-08-23 18:28:56,562 | INFO  | DNAudit | user=null | ip=null | op=WRITE_CHUNK {blockData=conID: 2 locID: 102667710123606469 bcsId: 0} | ret=SUCCESS |  
2019-08-23 18:28:56,562 | INFO  | DNAudit | user=null | ip=null | op=PUT_BLOCK {blockData=[blockId=conID: 2 locID: 102667710123606469 bcsId: 0,size=2097152]} | ret=SUCCESS |  
2019-08-23 18:28:56,568 | INFO  | DNAudit | user=null | ip=null | op=WRITE_CHUNK {blockData=conID: 2 locID: 102667710123606469 bcsId: 1502} | ret=SUCCESS |  
2019-08-23 18:28:56,569 | INFO  | DNAudit | user=null | ip=null | op=WRITE_CHUNK {blockData=conID: 2 locID: 102667710123606469 bcsId: 1502} | ret=SUCCESS |  
2019-08-23 18:28:56,569 | INFO  | DNAudit | user=null | ip=null | op=WRITE_CHUNK {blockData=conID: 2 locID: 102667710123606469 bcsId: 1502} | ret=SUCCESS |  
2019-08-23 18:28:56,571 | INFO  | DNAudit | user=null | ip=null | op=WRITE_CHUNK {blockData=conID: 2 locID: 102667710123606469 bcsId: 1502} | ret=SUCCESS |  
2019-08-23 18:28:56,572 | INFO  | DNAudit | user=null | ip=null | op=PUT_BLOCK {blockData=[blockId=conID: 2 locID: 102667710123606469 bcsId: 0,size=3145728]} | ret=SUCCESS |  
2019-08-23 18:28:56,572 [grpc-default-executor-0] INFO  client.GrpcClientProtocolClient (GrpcClientProtocolClient.java:onNext(255)) - client-19C32667576E->48affcab-e6e4-4602-963a-f6a50efbd54c: receive RaftClientReply:client-19C32667576E->48affcab-e6e4-4602-963a-f6a50efbd54c@group-50C56EAF5137, cid=1096, SUCCESS, logIndex=1507, commits[48affcab-e6e4-4602-963a-f6a50efbd54c:c1508, 7e391b60-07ae-4d97-a027-4756e468c032:c1506, c5f86d96-67df-4f25-bde3-316f439d30b3:c1506]
2019-08-23 18:28:56,572 [grpc-default-executor-0] INFO  client.GrpcClientProtocolClient (GrpcClientProtocolClient.java:onNext(255)) - client-19C32667576E->48affcab-e6e4-4602-963a-f6a50efbd54c: receive RaftClientReply:client-19C32667576E->48affcab-e6e4-4602-963a-f6a50efbd54c@group-50C56EAF5137, cid=1097, SUCCESS, logIndex=1508, commits[48affcab-e6e4-4602-963a-f6a50efbd54c:c1508, 7e391b60-07ae-4d97-a027-4756e468c032:c1506, c5f86d96-67df-4f25-bde3-316f439d30b3:c1506]
2019-08-23 18:28:56,573 | INFO  | DNAudit | user=null | ip=null | op=WRITE_CHUNK {blockData=conID: 2 locID: 102667710123606469 bcsId: 1502} | ret=SUCCESS |  
2019-08-23 18:28:56,573 | INFO  | DNAudit | user=null | ip=null | op=WRITE_CHUNK {blockData=conID: 2 locID: 102667710123606469 bcsId: 1502} | ret=SUCCESS |  
2019-08-23 18:28:56,574 | INFO  | DNAudit | user=null | ip=null | op=PUT_BLOCK {blockData=[blockId=conID: 2 locID: 102667710123606469 bcsId: 0,size=3145728]} | ret=SUCCESS |  
2019-08-23 18:28:56,574 | INFO  | DNAudit | user=null | ip=null | op=PUT_BLOCK {blockData=[blockId=conID: 2 locID: 102667710123606469 bcsId: 0,size=3145728]} | ret=SUCCESS |  
2019-08-23 18:28:56,578 | INFO  | DNAudit | user=null | ip=null | op=WRITE_CHUNK {blockData=conID: 2 locID: 102667710123606469 bcsId: 1508} | ret=SUCCESS |  
2019-08-23 18:28:56,580 | INFO  | DNAudit | user=null | ip=null | op=WRITE_CHUNK {blockData=conID: 2 locID: 102667710123606469 bcsId: 1508} | ret=SUCCESS |  
2019-08-23 18:28:56,580 | INFO  | DNAudit | user=null | ip=null | op=WRITE_CHUNK {blockData=conID: 2 locID: 102667710123606469 bcsId: 1508} | ret=SUCCESS |  
2019-08-23 18:28:56,582 | INFO  | DNAudit | user=null | ip=null | op=WRITE_CHUNK {blockData=conID: 2 locID: 102667710123606469 bcsId: 1508} | ret=SUCCESS |  
2019-08-23 18:28:56,582 | INFO  | DNAudit | user=null | ip=null | op=PUT_BLOCK {blockData=[blockId=conID: 2 locID: 102667710123606469 bcsId: 0,size=4194304]} | ret=SUCCESS |  
2019-08-23 18:28:56,582 [grpc-default-executor-3] INFO  client.GrpcClientProtocolClient (GrpcClientProtocolClient.java:onNext(255)) - client-19C32667576E->48affcab-e6e4-4602-963a-f6a50efbd54c: receive RaftClientReply:client-19C32667576E->48affcab-e6e4-4602-963a-f6a50efbd54c@group-50C56EAF5137, cid=1098, SUCCESS, logIndex=1511, commits[48affcab-e6e4-4602-963a-f6a50efbd54c:c1512, 7e391b60-07ae-4d97-a027-4756e468c032:c1510, c5f86d96-67df-4f25-bde3-316f439d30b3:c1510]
2019-08-23 18:28:56,583 [grpc-default-executor-3] INFO  client.GrpcClientProtocolClient (GrpcClientProtocolClient.java:onNext(255)) - client-19C32667576E->48affcab-e6e4-4602-963a-f6a50efbd54c: receive RaftClientReply:client-19C32667576E->48affcab-e6e4-4602-963a-f6a50efbd54c@group-50C56EAF5137, cid=1099, SUCCESS, logIndex=1512, commits[48affcab-e6e4-4602-963a-f6a50efbd54c:c1512, 7e391b60-07ae-4d97-a027-4756e468c032:c1510, c5f86d96-67df-4f25-bde3-316f439d30b3:c1510]
2019-08-23 18:28:56,583 | INFO  | DNAudit | user=null | ip=null | op=WRITE_CHUNK {blockData=conID: 2 locID: 102667710123606469 bcsId: 1508} | ret=SUCCESS |  
2019-08-23 18:28:56,584 | INFO  | DNAudit | user=null | ip=null | op=PUT_BLOCK {blockData=[blockId=conID: 2 locID: 102667710123606469 bcsId: 0,size=4194304]} | ret=SUCCESS |  
2019-08-23 18:28:56,584 | INFO  | DNAudit | user=null | ip=null | op=WRITE_CHUNK {blockData=conID: 2 locID: 102667710123606469 bcsId: 1508} | ret=SUCCESS |  
2019-08-23 18:28:56,585 | INFO  | DNAudit | user=null | ip=null | op=PUT_BLOCK {blockData=[blockId=conID: 2 locID: 102667710123606469 bcsId: 0,size=4194304]} | ret=SUCCESS |  
2019-08-23 18:28:56,585 [grpc-default-executor-5] INFO  client.GrpcClientProtocolClient (GrpcClientProtocolClient.java:onNext(255)) - client-19C32667576E->48affcab-e6e4-4602-963a-f6a50efbd54c: receive RaftClientReply:client-19C32667576E->48affcab-e6e4-4602-963a-f6a50efbd54c@group-50C56EAF5137, cid=1100, SUCCESS, logIndex=0, commits[48affcab-e6e4-4602-963a-f6a50efbd54c:c1513, 7e391b60-07ae-4d97-a027-4756e468c032:c1512, c5f86d96-67df-4f25-bde3-316f439d30b3:c1512]
2019-08-23 18:28:56,590 | INFO  | DNAudit | user=null | ip=null | op=WRITE_CHUNK {blockData=conID: 3 locID: 102667710123606470 bcsId: 0} | ret=SUCCESS |  
2019-08-23 18:28:56,592 | INFO  | DNAudit | user=null | ip=null | op=WRITE_CHUNK {blockData=conID: 3 locID: 102667710123606470 bcsId: 0} | ret=SUCCESS |  
2019-08-23 18:28:56,593 | INFO  | DNAudit | user=null | ip=null | op=WRITE_CHUNK {blockData=conID: 3 locID: 102667710123606470 bcsId: 0} | ret=SUCCESS |  
2019-08-23 18:28:56,593 | INFO  | DNAudit | user=null | ip=null | op=WRITE_CHUNK {blockData=conID: 3 locID: 102667710123606470 bcsId: 0} | ret=SUCCESS |  
2019-08-23 18:28:56,595 | INFO  | DNAudit | user=null | ip=null | op=WRITE_CHUNK {blockData=conID: 3 locID: 102667710123606470 bcsId: 0} | ret=SUCCESS |  
2019-08-23 18:28:56,595 | INFO  | DNAudit | user=null | ip=null | op=WRITE_CHUNK {blockData=conID: 3 locID: 102667710123606470 bcsId: 0} | ret=SUCCESS |  
2019-08-23 18:28:56,595 | INFO  | DNAudit | user=null | ip=null | op=WRITE_CHUNK {blockData=conID: 3 locID: 102667710123606470 bcsId: 0} | ret=SUCCESS |  
2019-08-23 18:28:56,595 | INFO  | DNAudit | user=null | ip=null | op=PUT_BLOCK {blockData=[blockId=conID: 3 locID: 102667710123606470 bcsId: 0,size=1048576]} | ret=SUCCESS |  
2019-08-23 18:28:56,595 [grpc-default-executor-3] INFO  client.GrpcClientProtocolClient (GrpcClientProtocolClient.java:onNext(255)) - client-19C32667576E->48affcab-e6e4-4602-963a-f6a50efbd54c: receive RaftClientReply:client-19C32667576E->48affcab-e6e4-4602-963a-f6a50efbd54c@group-50C56EAF5137, cid=1101, SUCCESS, logIndex=1515, commits[48affcab-e6e4-4602-963a-f6a50efbd54c:c1516, 7e391b60-07ae-4d97-a027-4756e468c032:c1514, c5f86d96-67df-4f25-bde3-316f439d30b3:c1512]
2019-08-23 18:28:56,596 [grpc-default-executor-3] INFO  client.GrpcClientProtocolClient (GrpcClientProtocolClient.java:onNext(255)) - client-19C32667576E->48affcab-e6e4-4602-963a-f6a50efbd54c: receive RaftClientReply:client-19C32667576E->48affcab-e6e4-4602-963a-f6a50efbd54c@group-50C56EAF5137, cid=1102, SUCCESS, logIndex=1516, commits[48affcab-e6e4-4602-963a-f6a50efbd54c:c1516, 7e391b60-07ae-4d97-a027-4756e468c032:c1514, c5f86d96-67df-4f25-bde3-316f439d30b3:c1512]
2019-08-23 18:28:56,597 | INFO  | DNAudit | user=null | ip=null | op=WRITE_CHUNK {blockData=conID: 3 locID: 102667710123606470 bcsId: 0} | ret=SUCCESS |  
2019-08-23 18:28:56,597 | INFO  | DNAudit | user=null | ip=null | op=WRITE_CHUNK {blockData=conID: 3 locID: 102667710123606470 bcsId: 0} | ret=SUCCESS |  
2019-08-23 18:28:56,597 | INFO  | DNAudit | user=null | ip=null | op=PUT_BLOCK {blockData=[blockId=conID: 3 locID: 102667710123606470 bcsId: 0,size=1048576]} | ret=SUCCESS |  
2019-08-23 18:28:56,597 | INFO  | DNAudit | user=null | ip=null | op=PUT_BLOCK {blockData=[blockId=conID: 3 locID: 102667710123606470 bcsId: 0,size=2097152]} | ret=SUCCESS |  
2019-08-23 18:28:56,597 [grpc-default-executor-0] INFO  client.GrpcClientProtocolClient (GrpcClientProtocolClient.java:onNext(255)) - client-19C32667576E->48affcab-e6e4-4602-963a-f6a50efbd54c: receive RaftClientReply:client-19C32667576E->48affcab-e6e4-4602-963a-f6a50efbd54c@group-50C56EAF5137, cid=1103, SUCCESS, logIndex=1517, commits[48affcab-e6e4-4602-963a-f6a50efbd54c:c1520, 7e391b60-07ae-4d97-a027-4756e468c032:c1516, c5f86d96-67df-4f25-bde3-316f439d30b3:c1514]
2019-08-23 18:28:56,598 | INFO  | DNAudit | user=null | ip=null | op=WRITE_CHUNK {blockData=conID: 3 locID: 102667710123606470 bcsId: 0} | ret=SUCCESS |  
2019-08-23 18:28:56,598 | INFO  | DNAudit | user=null | ip=null | op=PUT_BLOCK {blockData=[blockId=conID: 3 locID: 102667710123606470 bcsId: 0,size=1048576]} | ret=SUCCESS |  
2019-08-23 18:28:56,598 [grpc-default-executor-0] INFO  client.GrpcClientProtocolClient (GrpcClientProtocolClient.java:onNext(255)) - client-19C32667576E->48affcab-e6e4-4602-963a-f6a50efbd54c: receive RaftClientReply:client-19C32667576E->48affcab-e6e4-4602-963a-f6a50efbd54c@group-50C56EAF5137, cid=1104, SUCCESS, logIndex=1518, commits[48affcab-e6e4-4602-963a-f6a50efbd54c:c1520, 7e391b60-07ae-4d97-a027-4756e468c032:c1516, c5f86d96-67df-4f25-bde3-316f439d30b3:c1514]
2019-08-23 18:28:56,598 | INFO  | DNAudit | user=null | ip=null | op=WRITE_CHUNK {blockData=conID: 3 locID: 102667710123606470 bcsId: 0} | ret=SUCCESS |  
2019-08-23 18:28:56,599 | INFO  | DNAudit | user=null | ip=null | op=WRITE_CHUNK {blockData=conID: 3 locID: 102667710123606470 bcsId: 0} | ret=SUCCESS |  
2019-08-23 18:28:56,599 | INFO  | DNAudit | user=null | ip=null | op=PUT_BLOCK {blockData=[blockId=conID: 3 locID: 102667710123606470 bcsId: 0,size=2097152]} | ret=SUCCESS |  
2019-08-23 18:28:56,599 [grpc-default-executor-0] INFO  client.GrpcClientProtocolClient (GrpcClientProtocolClient.java:onNext(255)) - client-19C32667576E->48affcab-e6e4-4602-963a-f6a50efbd54c: receive RaftClientReply:client-19C32667576E->48affcab-e6e4-4602-963a-f6a50efbd54c@group-50C56EAF5137, cid=1105, SUCCESS, logIndex=0, commits[48affcab-e6e4-4602-963a-f6a50efbd54c:c1520, 7e391b60-07ae-4d97-a027-4756e468c032:c1516, c5f86d96-67df-4f25-bde3-316f439d30b3:c1516]
2019-08-23 18:28:56,600 | INFO  | DNAudit | user=null | ip=null | op=PUT_BLOCK {blockData=[blockId=conID: 3 locID: 102667710123606470 bcsId: 0,size=2097152]} | ret=SUCCESS |  
2019-08-23 18:28:56,604 | INFO  | DNAudit | user=null | ip=null | op=WRITE_CHUNK {blockData=conID: 3 locID: 102667710123606470 bcsId: 1518} | ret=SUCCESS |  
2019-08-23 18:28:56,607 | INFO  | DNAudit | user=null | ip=null | op=WRITE_CHUNK {blockData=conID: 3 locID: 102667710123606470 bcsId: 1518} | ret=SUCCESS |  
2019-08-23 18:28:56,607 | INFO  | DNAudit | user=null | ip=null | op=WRITE_CHUNK {blockData=conID: 3 locID: 102667710123606470 bcsId: 1518} | ret=SUCCESS |  
2019-08-23 18:28:56,610 | INFO  | DNAudit | user=null | ip=null | op=WRITE_CHUNK {blockData=conID: 3 locID: 102667710123606470 bcsId: 1518} | ret=SUCCESS |  
2019-08-23 18:28:56,610 | INFO  | DNAudit | user=null | ip=null | op=PUT_BLOCK {blockData=[blockId=conID: 3 locID: 102667710123606470 bcsId: 0,size=3145728]} | ret=SUCCESS |  
2019-08-23 18:28:56,610 [grpc-default-executor-0] INFO  client.GrpcClientProtocolClient (GrpcClientProtocolClient.java:onNext(255)) - client-19C32667576E->48affcab-e6e4-4602-963a-f6a50efbd54c: receive RaftClientReply:client-19C32667576E->48affcab-e6e4-4602-963a-f6a50efbd54c@group-50C56EAF5137, cid=1106, SUCCESS, logIndex=1523, commits[48affcab-e6e4-4602-963a-f6a50efbd54c:c1524, 7e391b60-07ae-4d97-a027-4756e468c032:c1522, c5f86d96-67df-4f25-bde3-316f439d30b3:c1519]
2019-08-23 18:28:56,611 [grpc-default-executor-0] INFO  client.GrpcClientProtocolClient (GrpcClientProtocolClient.java:onNext(255)) - client-19C32667576E->48affcab-e6e4-4602-963a-f6a50efbd54c: receive RaftClientReply:client-19C32667576E->48affcab-e6e4-4602-963a-f6a50efbd54c@group-50C56EAF5137, cid=1107, SUCCESS, logIndex=1524, commits[48affcab-e6e4-4602-963a-f6a50efbd54c:c1524, 7e391b60-07ae-4d97-a027-4756e468c032:c1522, c5f86d96-67df-4f25-bde3-316f439d30b3:c1522]
2019-08-23 18:28:56,612 | INFO  | DNAudit | user=null | ip=null | op=WRITE_CHUNK {blockData=conID: 3 locID: 102667710123606470 bcsId: 1518} | ret=SUCCESS |  
2019-08-23 18:28:56,612 | INFO  | DNAudit | user=null | ip=null | op=WRITE_CHUNK {blockData=conID: 3 locID: 102667710123606470 bcsId: 1518} | ret=SUCCESS |  
2019-08-23 18:28:56,613 | INFO  | DNAudit | user=null | ip=null | op=PUT_BLOCK {blockData=[blockId=conID: 3 locID: 102667710123606470 bcsId: 0,size=3145728]} | ret=SUCCESS |  
2019-08-23 18:28:56,613 | INFO  | DNAudit | user=null | ip=null | op=PUT_BLOCK {blockData=[blockId=conID: 3 locID: 102667710123606470 bcsId: 0,size=3145728]} | ret=SUCCESS |  
2019-08-23 18:28:56,616 | INFO  | DNAudit | user=null | ip=null | op=WRITE_CHUNK {blockData=conID: 3 locID: 102667710123606470 bcsId: 1524} | ret=SUCCESS |  
2019-08-23 18:28:56,619 | INFO  | DNAudit | user=null | ip=null | op=WRITE_CHUNK {blockData=conID: 3 locID: 102667710123606470 bcsId: 1524} | ret=SUCCESS |  
2019-08-23 18:28:56,619 | INFO  | DNAudit | user=null | ip=null | op=WRITE_CHUNK {blockData=conID: 3 locID: 102667710123606470 bcsId: 1524} | ret=SUCCESS |  
2019-08-23 18:28:56,620 | INFO  | SCMAudit | user=jenkins1000 | ip=192.168.34.23 | op=SEND_HEARTBEAT {datanodeUUID=58706fd2-d7f7-4771-af80-9e0541495c87, command=[]} | ret=SUCCESS |  
2019-08-23 18:28:56,620 | INFO  | SCMAudit | user=jenkins1000 | ip=192.168.34.23 | op=SEND_HEARTBEAT {datanodeUUID=7e391b60-07ae-4d97-a027-4756e468c032, command=[]} | ret=SUCCESS |  
2019-08-23 18:28:56,620 | INFO  | SCMAudit | user=jenkins1000 | ip=192.168.34.23 | op=SEND_HEARTBEAT {datanodeUUID=c5f86d96-67df-4f25-bde3-316f439d30b3, command=[]} | ret=SUCCESS |  
2019-08-23 18:28:56,621 | INFO  | SCMAudit | user=jenkins1000 | ip=192.168.34.23 | op=SEND_HEARTBEAT {datanodeUUID=48affcab-e6e4-4602-963a-f6a50efbd54c, command=[]} | ret=SUCCESS |  
2019-08-23 18:28:56,621 | INFO  | DNAudit | user=null | ip=null | op=WRITE_CHUNK {blockData=conID: 3 locID: 102667710123606470 bcsId: 1524} | ret=SUCCESS |  
2019-08-23 18:28:56,622 | INFO  | DNAudit | user=null | ip=null | op=PUT_BLOCK {blockData=[blockId=conID: 3 locID: 102667710123606470 bcsId: 0,size=4194304]} | ret=SUCCESS |  
2019-08-23 18:28:56,622 [grpc-default-executor-5] INFO  client.GrpcClientProtocolClient (GrpcClientProtocolClient.java:onNext(255)) - client-19C32667576E->48affcab-e6e4-4602-963a-f6a50efbd54c: receive RaftClientReply:client-19C32667576E->48affcab-e6e4-4602-963a-f6a50efbd54c@group-50C56EAF5137, cid=1108, SUCCESS, logIndex=1527, commits[48affcab-e6e4-4602-963a-f6a50efbd54c:c1528, 7e391b60-07ae-4d97-a027-4756e468c032:c1526, c5f86d96-67df-4f25-bde3-316f439d30b3:c1524]
2019-08-23 18:28:56,622 [grpc-default-executor-5] INFO  client.GrpcClientProtocolClient (GrpcClientProtocolClient.java:onNext(255)) - client-19C32667576E->48affcab-e6e4-4602-963a-f6a50efbd54c: receive RaftClientReply:client-19C32667576E->48affcab-e6e4-4602-963a-f6a50efbd54c@group-50C56EAF5137, cid=1109, SUCCESS, logIndex=1528, commits[48affcab-e6e4-4602-963a-f6a50efbd54c:c1528, 7e391b60-07ae-4d97-a027-4756e468c032:c1526, c5f86d96-67df-4f25-bde3-316f439d30b3:c1526]
2019-08-23 18:28:56,623 | INFO  | DNAudit | user=null | ip=null | op=WRITE_CHUNK {blockData=conID: 3 locID: 102667710123606470 bcsId: 1524} | ret=SUCCESS |  
2019-08-23 18:28:56,623 | INFO  | DNAudit | user=null | ip=null | op=WRITE_CHUNK {blockData=conID: 3 locID: 102667710123606470 bcsId: 1524} | ret=SUCCESS |  
2019-08-23 18:28:56,624 | INFO  | DNAudit | user=null | ip=null | op=PUT_BLOCK {blockData=[blockId=conID: 3 locID: 102667710123606470 bcsId: 0,size=4194304]} | ret=SUCCESS |  
2019-08-23 18:28:56,624 | INFO  | DNAudit | user=null | ip=null | op=PUT_BLOCK {blockData=[blockId=conID: 3 locID: 102667710123606470 bcsId: 0,size=4194304]} | ret=SUCCESS |  
2019-08-23 18:28:56,624 [grpc-default-executor-5] INFO  client.GrpcClientProtocolClient (GrpcClientProtocolClient.java:onNext(255)) - client-19C32667576E->48affcab-e6e4-4602-963a-f6a50efbd54c: receive RaftClientReply:client-19C32667576E->48affcab-e6e4-4602-963a-f6a50efbd54c@group-50C56EAF5137, cid=1110, SUCCESS, logIndex=0, commits[48affcab-e6e4-4602-963a-f6a50efbd54c:c1529, 7e391b60-07ae-4d97-a027-4756e468c032:c1528, c5f86d96-67df-4f25-bde3-316f439d30b3:c1528]
2019-08-23 18:28:56,629 | INFO  | DNAudit | user=null | ip=null | op=WRITE_CHUNK {blockData=conID: 1 locID: 102667710123606471 bcsId: 0} | ret=SUCCESS |  
2019-08-23 18:28:56,632 | INFO  | DNAudit | user=null | ip=null | op=WRITE_CHUNK {blockData=conID: 1 locID: 102667710123606471 bcsId: 0} | ret=SUCCESS |  
2019-08-23 18:28:56,632 | INFO  | DNAudit | user=null | ip=null | op=WRITE_CHUNK {blockData=conID: 1 locID: 102667710123606471 bcsId: 0} | ret=SUCCESS |  
2019-08-23 18:28:56,632 | INFO  | DNAudit | user=null | ip=null | op=WRITE_CHUNK {blockData=conID: 1 locID: 102667710123606471 bcsId: 0} | ret=SUCCESS |  
2019-08-23 18:28:56,634 | INFO  | DNAudit | user=null | ip=null | op=WRITE_CHUNK {blockData=conID: 1 locID: 102667710123606471 bcsId: 0} | ret=SUCCESS |  
2019-08-23 18:28:56,634 | INFO  | DNAudit | user=null | ip=null | op=WRITE_CHUNK {blockData=conID: 1 locID: 102667710123606471 bcsId: 0} | ret=SUCCESS |  
2019-08-23 18:28:56,651 | INFO  | DNAudit | user=null | ip=null | op=WRITE_CHUNK {blockData=conID: 1 locID: 102667710123606471 bcsId: 0} | ret=SUCCESS |  
2019-08-23 18:28:56,652 | INFO  | DNAudit | user=null | ip=null | op=PUT_BLOCK {blockData=[blockId=conID: 1 locID: 102667710123606471 bcsId: 0,size=1048576]} | ret=SUCCESS |  
2019-08-23 18:28:56,652 | INFO  | DNAudit | user=null | ip=null | op=WRITE_CHUNK {blockData=conID: 1 locID: 102667710123606471 bcsId: 0} | ret=SUCCESS |  
2019-08-23 18:28:56,652 [grpc-default-executor-0] INFO  client.GrpcClientProtocolClient (GrpcClientProtocolClient.java:onNext(255)) - client-19C32667576E->48affcab-e6e4-4602-963a-f6a50efbd54c: receive RaftClientReply:client-19C32667576E->48affcab-e6e4-4602-963a-f6a50efbd54c@group-50C56EAF5137, cid=1111, SUCCESS, logIndex=1531, commits[48affcab-e6e4-4602-963a-f6a50efbd54c:c1532, 7e391b60-07ae-4d97-a027-4756e468c032:c1530, c5f86d96-67df-4f25-bde3-316f439d30b3:c1530]
2019-08-23 18:28:56,653 | INFO  | DNAudit | user=null | ip=null | op=PUT_BLOCK {blockData=[blockId=conID: 1 locID: 102667710123606471 bcsId: 0,size=2097152]} | ret=SUCCESS |  
2019-08-23 18:28:56,653 [grpc-default-executor-0] INFO  client.GrpcClientProtocolClient (GrpcClientProtocolClient.java:onNext(255)) - client-19C32667576E->48affcab-e6e4-4602-963a-f6a50efbd54c: receive RaftClientReply:client-19C32667576E->48affcab-e6e4-4602-963a-f6a50efbd54c@group-50C56EAF5137, cid=1112, SUCCESS, logIndex=1532, commits[48affcab-e6e4-4602-963a-f6a50efbd54c:c1534, 7e391b60-07ae-4d97-a027-4756e468c032:c1530, c5f86d96-67df-4f25-bde3-316f439d30b3:c1530]
2019-08-23 18:28:56,653 [grpc-default-executor-0] INFO  client.GrpcClientProtocolClient (GrpcClientProtocolClient.java:onNext(255)) - client-19C32667576E->48affcab-e6e4-4602-963a-f6a50efbd54c: receive RaftClientReply:client-19C32667576E->48affcab-e6e4-4602-963a-f6a50efbd54c@group-50C56EAF5137, cid=1113, SUCCESS, logIndex=1533, commits[48affcab-e6e4-4602-963a-f6a50efbd54c:c1534, 7e391b60-07ae-4d97-a027-4756e468c032:c1530, c5f86d96-67df-4f25-bde3-316f439d30b3:c1530]
2019-08-23 18:28:56,653 | INFO  | DNAudit | user=null | ip=null | op=WRITE_CHUNK {blockData=conID: 1 locID: 102667710123606471 bcsId: 0} | ret=SUCCESS |  
2019-08-23 18:28:56,653 [grpc-default-executor-0] INFO  client.GrpcClientProtocolClient (GrpcClientProtocolClient.java:onNext(255)) - client-19C32667576E->48affcab-e6e4-4602-963a-f6a50efbd54c: receive RaftClientReply:client-19C32667576E->48affcab-e6e4-4602-963a-f6a50efbd54c@group-50C56EAF5137, cid=1114, SUCCESS, logIndex=1534, commits[48affcab-e6e4-4602-963a-f6a50efbd54c:c1534, 7e391b60-07ae-4d97-a027-4756e468c032:c1530, c5f86d96-67df-4f25-bde3-316f439d30b3:c1530]
2019-08-23 18:28:56,653 | INFO  | DNAudit | user=null | ip=null | op=PUT_BLOCK {blockData=[blockId=conID: 1 locID: 102667710123606471 bcsId: 0,size=1048576]} | ret=SUCCESS |  
2019-08-23 18:28:56,654 | INFO  | DNAudit | user=null | ip=null | op=WRITE_CHUNK {blockData=conID: 1 locID: 102667710123606471 bcsId: 0} | ret=SUCCESS |  
2019-08-23 18:28:56,654 | INFO  | DNAudit | user=null | ip=null | op=PUT_BLOCK {blockData=[blockId=conID: 1 locID: 102667710123606471 bcsId: 0,size=1048576]} | ret=SUCCESS |  
2019-08-23 18:28:56,654 [grpc-default-executor-0] INFO  client.GrpcClientProtocolClient (GrpcClientProtocolClient.java:onNext(255)) - client-19C32667576E->48affcab-e6e4-4602-963a-f6a50efbd54c: receive RaftClientReply:client-19C32667576E->48affcab-e6e4-4602-963a-f6a50efbd54c@group-50C56EAF5137, cid=1115, SUCCESS, logIndex=0, commits[48affcab-e6e4-4602-963a-f6a50efbd54c:c1535, 7e391b60-07ae-4d97-a027-4756e468c032:c1532, c5f86d96-67df-4f25-bde3-316f439d30b3:c1532]
2019-08-23 18:28:56,654 | INFO  | DNAudit | user=null | ip=null | op=WRITE_CHUNK {blockData=conID: 1 locID: 102667710123606471 bcsId: 0} | ret=SUCCESS |  
2019-08-23 18:28:56,654 | INFO  | DNAudit | user=null | ip=null | op=PUT_BLOCK {blockData=[blockId=conID: 1 locID: 102667710123606471 bcsId: 0,size=2097152]} | ret=SUCCESS |  
2019-08-23 18:28:56,655 | INFO  | DNAudit | user=null | ip=null | op=WRITE_CHUNK {blockData=conID: 1 locID: 102667710123606471 bcsId: 0} | ret=SUCCESS |  
2019-08-23 18:28:56,655 | INFO  | DNAudit | user=null | ip=null | op=PUT_BLOCK {blockData=[blockId=conID: 1 locID: 102667710123606471 bcsId: 0,size=2097152]} | ret=SUCCESS |  
2019-08-23 18:28:56,661 | INFO  | DNAudit | user=null | ip=null | op=WRITE_CHUNK {blockData=conID: 1 locID: 102667710123606471 bcsId: 1534} | ret=SUCCESS |  
2019-08-23 18:28:56,662 | INFO  | DNAudit | user=null | ip=null | op=WRITE_CHUNK {blockData=conID: 1 locID: 102667710123606471 bcsId: 1534} | ret=SUCCESS |  
2019-08-23 18:28:56,663 | INFO  | DNAudit | user=null | ip=null | op=WRITE_CHUNK {blockData=conID: 1 locID: 102667710123606471 bcsId: 1534} | ret=SUCCESS |  
2019-08-23 18:28:56,668 | INFO  | DNAudit | user=null | ip=null | op=WRITE_CHUNK {blockData=conID: 1 locID: 102667710123606471 bcsId: 1534} | ret=SUCCESS |  
2019-08-23 18:28:56,668 | INFO  | DNAudit | user=null | ip=null | op=PUT_BLOCK {blockData=[blockId=conID: 1 locID: 102667710123606471 bcsId: 0,size=3145728]} | ret=SUCCESS |  
2019-08-23 18:28:56,668 [grpc-default-executor-0] INFO  client.GrpcClientProtocolClient (GrpcClientProtocolClient.java:onNext(255)) - client-19C32667576E->48affcab-e6e4-4602-963a-f6a50efbd54c: receive RaftClientReply:client-19C32667576E->48affcab-e6e4-4602-963a-f6a50efbd54c@group-50C56EAF5137, cid=1116, SUCCESS, logIndex=1539, commits[48affcab-e6e4-4602-963a-f6a50efbd54c:c1540, 7e391b60-07ae-4d97-a027-4756e468c032:c1538, c5f86d96-67df-4f25-bde3-316f439d30b3:c1538]
2019-08-23 18:28:56,669 [grpc-default-executor-0] INFO  client.GrpcClientProtocolClient (GrpcClientProtocolClient.java:onNext(255)) - client-19C32667576E->48affcab-e6e4-4602-963a-f6a50efbd54c: receive RaftClientReply:client-19C32667576E->48affcab-e6e4-4602-963a-f6a50efbd54c@group-50C56EAF5137, cid=1117, SUCCESS, logIndex=1540, commits[48affcab-e6e4-4602-963a-f6a50efbd54c:c1540, 7e391b60-07ae-4d97-a027-4756e468c032:c1538, c5f86d96-67df-4f25-bde3-316f439d30b3:c1538]
2019-08-23 18:28:56,673 | INFO  | DNAudit | user=null | ip=null | op=WRITE_CHUNK {blockData=conID: 1 locID: 102667710123606471 bcsId: 1540} | ret=SUCCESS |  
2019-08-23 18:28:56,676 | INFO  | DNAudit | user=null | ip=null | op=WRITE_CHUNK {blockData=conID: 1 locID: 102667710123606471 bcsId: 1540} | ret=SUCCESS |  
2019-08-23 18:28:56,676 | INFO  | DNAudit | user=null | ip=null | op=WRITE_CHUNK {blockData=conID: 1 locID: 102667710123606471 bcsId: 1540} | ret=SUCCESS |  
2019-08-23 18:28:56,679 | INFO  | DNAudit | user=null | ip=null | op=WRITE_CHUNK {blockData=conID: 1 locID: 102667710123606471 bcsId: 1534} | ret=SUCCESS |  
2019-08-23 18:28:56,679 | INFO  | DNAudit | user=null | ip=null | op=WRITE_CHUNK {blockData=conID: 1 locID: 102667710123606471 bcsId: 1534} | ret=SUCCESS |  
2019-08-23 18:28:56,680 | INFO  | DNAudit | user=null | ip=null | op=PUT_BLOCK {blockData=[blockId=conID: 1 locID: 102667710123606471 bcsId: 0,size=3145728]} | ret=SUCCESS |  
2019-08-23 18:28:56,680 | INFO  | DNAudit | user=null | ip=null | op=PUT_BLOCK {blockData=[blockId=conID: 1 locID: 102667710123606471 bcsId: 0,size=3145728]} | ret=SUCCESS |  
2019-08-23 18:28:56,681 | INFO  | DNAudit | user=null | ip=null | op=WRITE_CHUNK {blockData=conID: 1 locID: 102667710123606471 bcsId: 1540} | ret=SUCCESS |  
2019-08-23 18:28:56,682 | INFO  | DNAudit | user=null | ip=null | op=PUT_BLOCK {blockData=[blockId=conID: 1 locID: 102667710123606471 bcsId: 0,size=4194304]} | ret=SUCCESS |  
2019-08-23 18:28:56,682 [grpc-default-executor-0] INFO  client.GrpcClientProtocolClient (GrpcClientProtocolClient.java:onNext(255)) - client-19C32667576E->48affcab-e6e4-4602-963a-f6a50efbd54c: receive RaftClientReply:client-19C32667576E->48affcab-e6e4-4602-963a-f6a50efbd54c@group-50C56EAF5137, cid=1118, SUCCESS, logIndex=1543, commits[48affcab-e6e4-4602-963a-f6a50efbd54c:c1544, 7e391b60-07ae-4d97-a027-4756e468c032:c1540, c5f86d96-67df-4f25-bde3-316f439d30b3:c1540]
2019-08-23 18:28:56,682 [grpc-default-executor-0] INFO  client.GrpcClientProtocolClient (GrpcClientProtocolClient.java:onNext(255)) - client-19C32667576E->48affcab-e6e4-4602-963a-f6a50efbd54c: receive RaftClientReply:client-19C32667576E->48affcab-e6e4-4602-963a-f6a50efbd54c@group-50C56EAF5137, cid=1119, SUCCESS, logIndex=1544, commits[48affcab-e6e4-4602-963a-f6a50efbd54c:c1544, 7e391b60-07ae-4d97-a027-4756e468c032:c1540, c5f86d96-67df-4f25-bde3-316f439d30b3:c1540]
2019-08-23 18:28:56,693 | INFO  | DNAudit | user=null | ip=null | op=WRITE_CHUNK {blockData=conID: 1 locID: 102667710123606471 bcsId: 1540} | ret=SUCCESS |  
2019-08-23 18:28:56,693 | INFO  | DNAudit | user=null | ip=null | op=WRITE_CHUNK {blockData=conID: 1 locID: 102667710123606471 bcsId: 1540} | ret=SUCCESS |  
2019-08-23 18:28:56,694 | INFO  | DNAudit | user=null | ip=null | op=PUT_BLOCK {blockData=[blockId=conID: 1 locID: 102667710123606471 bcsId: 0,size=4194304]} | ret=SUCCESS |  
2019-08-23 18:28:56,694 | INFO  | DNAudit | user=null | ip=null | op=PUT_BLOCK {blockData=[blockId=conID: 1 locID: 102667710123606471 bcsId: 0,size=4194304]} | ret=SUCCESS |  
2019-08-23 18:28:56,695 [grpc-default-executor-0] INFO  client.GrpcClientProtocolClient (GrpcClientProtocolClient.java:onNext(255)) - client-19C32667576E->48affcab-e6e4-4602-963a-f6a50efbd54c: receive RaftClientReply:client-19C32667576E->48affcab-e6e4-4602-963a-f6a50efbd54c@group-50C56EAF5137, cid=1120, SUCCESS, logIndex=0, commits[48affcab-e6e4-4602-963a-f6a50efbd54c:c1546, 7e391b60-07ae-4d97-a027-4756e468c032:c1544, c5f86d96-67df-4f25-bde3-316f439d30b3:c1544]
2019-08-23 18:28:56,700 | INFO  | DNAudit | user=null | ip=null | op=WRITE_CHUNK {blockData=conID: 2 locID: 102667710123606472 bcsId: 0} | ret=SUCCESS |  
2019-08-23 18:28:56,703 | INFO  | DNAudit | user=null | ip=null | op=WRITE_CHUNK {blockData=conID: 2 locID: 102667710123606472 bcsId: 0} | ret=SUCCESS |  
2019-08-23 18:28:56,703 | INFO  | DNAudit | user=null | ip=null | op=WRITE_CHUNK {blockData=conID: 2 locID: 102667710123606472 bcsId: 0} | ret=SUCCESS |  
2019-08-23 18:28:56,703 | INFO  | DNAudit | user=null | ip=null | op=WRITE_CHUNK {blockData=conID: 2 locID: 102667710123606472 bcsId: 0} | ret=SUCCESS |  
2019-08-23 18:28:56,704 | INFO  | DNAudit | user=null | ip=null | op=WRITE_CHUNK {blockData=conID: 2 locID: 102667710123606472 bcsId: 0} | ret=SUCCESS |  
2019-08-23 18:28:56,704 | INFO  | DNAudit | user=null | ip=null | op=WRITE_CHUNK {blockData=conID: 2 locID: 102667710123606472 bcsId: 0} | ret=SUCCESS |  
2019-08-23 18:28:56,712 | INFO  | DNAudit | user=null | ip=null | op=WRITE_CHUNK {blockData=conID: 2 locID: 102667710123606472 bcsId: 0} | ret=SUCCESS |  
2019-08-23 18:28:56,713 | INFO  | DNAudit | user=null | ip=null | op=PUT_BLOCK {blockData=[blockId=conID: 2 locID: 102667710123606472 bcsId: 0,size=1048576]} | ret=SUCCESS |  
2019-08-23 18:28:56,713 [grpc-default-executor-5] INFO  client.GrpcClientProtocolClient (GrpcClientProtocolClient.java:onNext(255)) - client-19C32667576E->48affcab-e6e4-4602-963a-f6a50efbd54c: receive RaftClientReply:client-19C32667576E->48affcab-e6e4-4602-963a-f6a50efbd54c@group-50C56EAF5137, cid=1121, SUCCESS, logIndex=1547, commits[48affcab-e6e4-4602-963a-f6a50efbd54c:c1548, 7e391b60-07ae-4d97-a027-4756e468c032:c1546, c5f86d96-67df-4f25-bde3-316f439d30b3:c1546]
2019-08-23 18:28:56,713 | INFO  | DNAudit | user=null | ip=null | op=WRITE_CHUNK {blockData=conID: 2 locID: 102667710123606472 bcsId: 0} | ret=SUCCESS |  
2019-08-23 18:28:56,713 | INFO  | DNAudit | user=null | ip=null | op=PUT_BLOCK {blockData=[blockId=conID: 2 locID: 102667710123606472 bcsId: 0,size=2097152]} | ret=SUCCESS |  
2019-08-23 18:28:56,714 [grpc-default-executor-5] INFO  client.GrpcClientProtocolClient (GrpcClientProtocolClient.java:onNext(255)) - client-19C32667576E->48affcab-e6e4-4602-963a-f6a50efbd54c: receive RaftClientReply:client-19C32667576E->48affcab-e6e4-4602-963a-f6a50efbd54c@group-50C56EAF5137, cid=1122, SUCCESS, logIndex=1548, commits[48affcab-e6e4-4602-963a-f6a50efbd54c:c1550, 7e391b60-07ae-4d97-a027-4756e468c032:c1546, c5f86d96-67df-4f25-bde3-316f439d30b3:c1546]
2019-08-23 18:28:56,714 [grpc-default-executor-5] INFO  client.GrpcClientProtocolClient (GrpcClientProtocolClient.java:onNext(255)) - client-19C32667576E->48affcab-e6e4-4602-963a-f6a50efbd54c: receive RaftClientReply:client-19C32667576E->48affcab-e6e4-4602-963a-f6a50efbd54c@group-50C56EAF5137, cid=1123, SUCCESS, logIndex=1549, commits[48affcab-e6e4-4602-963a-f6a50efbd54c:c1550, 7e391b60-07ae-4d97-a027-4756e468c032:c1546, c5f86d96-67df-4f25-bde3-316f439d30b3:c1546]
2019-08-23 18:28:56,714 | INFO  | DNAudit | user=null | ip=null | op=WRITE_CHUNK {blockData=conID: 2 locID: 102667710123606472 bcsId: 0} | ret=SUCCESS |  
2019-08-23 18:28:56,714 [grpc-default-executor-5] INFO  client.GrpcClientProtocolClient (GrpcClientProtocolClient.java:onNext(255)) - client-19C32667576E->48affcab-e6e4-4602-963a-f6a50efbd54c: receive RaftClientReply:client-19C32667576E->48affcab-e6e4-4602-963a-f6a50efbd54c@group-50C56EAF5137, cid=1124, SUCCESS, logIndex=1550, commits[48affcab-e6e4-4602-963a-f6a50efbd54c:c1550, 7e391b60-07ae-4d97-a027-4756e468c032:c1546, c5f86d96-67df-4f25-bde3-316f439d30b3:c1546]
2019-08-23 18:28:56,715 | INFO  | DNAudit | user=null | ip=null | op=WRITE_CHUNK {blockData=conID: 2 locID: 102667710123606472 bcsId: 0} | ret=SUCCESS |  
2019-08-23 18:28:56,715 | INFO  | DNAudit | user=null | ip=null | op=PUT_BLOCK {blockData=[blockId=conID: 2 locID: 102667710123606472 bcsId: 0,size=1048576]} | ret=SUCCESS |  
2019-08-23 18:28:56,715 | INFO  | DNAudit | user=null | ip=null | op=PUT_BLOCK {blockData=[blockId=conID: 2 locID: 102667710123606472 bcsId: 0,size=1048576]} | ret=SUCCESS |  
2019-08-23 18:28:56,716 | INFO  | DNAudit | user=null | ip=null | op=WRITE_CHUNK {blockData=conID: 2 locID: 102667710123606472 bcsId: 0} | ret=SUCCESS |  
2019-08-23 18:28:56,716 | INFO  | DNAudit | user=null | ip=null | op=PUT_BLOCK {blockData=[blockId=conID: 2 locID: 102667710123606472 bcsId: 0,size=2097152]} | ret=SUCCESS |  
2019-08-23 18:28:56,716 [grpc-default-executor-5] INFO  client.GrpcClientProtocolClient (GrpcClientProtocolClient.java:onNext(255)) - client-19C32667576E->48affcab-e6e4-4602-963a-f6a50efbd54c: receive RaftClientReply:client-19C32667576E->48affcab-e6e4-4602-963a-f6a50efbd54c@group-50C56EAF5137, cid=1125, SUCCESS, logIndex=0, commits[48affcab-e6e4-4602-963a-f6a50efbd54c:c1552, 7e391b60-07ae-4d97-a027-4756e468c032:c1548, c5f86d96-67df-4f25-bde3-316f439d30b3:c1548]
2019-08-23 18:28:56,716 | INFO  | DNAudit | user=null | ip=null | op=WRITE_CHUNK {blockData=conID: 2 locID: 102667710123606472 bcsId: 0} | ret=SUCCESS |  
2019-08-23 18:28:56,716 | INFO  | DNAudit | user=null | ip=null | op=PUT_BLOCK {blockData=[blockId=conID: 2 locID: 102667710123606472 bcsId: 0,size=2097152]} | ret=SUCCESS |  
2019-08-23 18:28:56,721 | INFO  | DNAudit | user=null | ip=null | op=WRITE_CHUNK {blockData=conID: 2 locID: 102667710123606472 bcsId: 1550} | ret=SUCCESS |  
2019-08-23 18:28:56,723 | INFO  | DNAudit | user=null | ip=null | op=WRITE_CHUNK {blockData=conID: 2 locID: 102667710123606472 bcsId: 1550} | ret=SUCCESS |  
2019-08-23 18:28:56,723 | INFO  | DNAudit | user=null | ip=null | op=WRITE_CHUNK {blockData=conID: 2 locID: 102667710123606472 bcsId: 1550} | ret=SUCCESS |  
2019-08-23 18:28:56,733 | INFO  | DNAudit | user=null | ip=null | op=WRITE_CHUNK {blockData=conID: 2 locID: 102667710123606472 bcsId: 1550} | ret=SUCCESS |  
2019-08-23 18:28:56,733 | INFO  | DNAudit | user=null | ip=null | op=PUT_BLOCK {blockData=[blockId=conID: 2 locID: 102667710123606472 bcsId: 0,size=3145728]} | ret=SUCCESS |  
2019-08-23 18:28:56,733 [grpc-default-executor-5] INFO  client.GrpcClientProtocolClient (GrpcClientProtocolClient.java:onNext(255)) - client-19C32667576E->48affcab-e6e4-4602-963a-f6a50efbd54c: receive RaftClientReply:client-19C32667576E->48affcab-e6e4-4602-963a-f6a50efbd54c@group-50C56EAF5137, cid=1126, SUCCESS, logIndex=1555, commits[48affcab-e6e4-4602-963a-f6a50efbd54c:c1556, 7e391b60-07ae-4d97-a027-4756e468c032:c1554, c5f86d96-67df-4f25-bde3-316f439d30b3:c1554]
2019-08-23 18:28:56,734 [grpc-default-executor-5] INFO  client.GrpcClientProtocolClient (GrpcClientProtocolClient.java:onNext(255)) - client-19C32667576E->48affcab-e6e4-4602-963a-f6a50efbd54c: receive RaftClientReply:client-19C32667576E->48affcab-e6e4-4602-963a-f6a50efbd54c@group-50C56EAF5137, cid=1127, SUCCESS, logIndex=1556, commits[48affcab-e6e4-4602-963a-f6a50efbd54c:c1556, 7e391b60-07ae-4d97-a027-4756e468c032:c1554, c5f86d96-67df-4f25-bde3-316f439d30b3:c1554]
2019-08-23 18:28:56,739 | INFO  | DNAudit | user=null | ip=null | op=WRITE_CHUNK {blockData=conID: 2 locID: 102667710123606472 bcsId: 1556} | ret=SUCCESS |  
2019-08-23 18:28:56,741 | INFO  | DNAudit | user=null | ip=null | op=WRITE_CHUNK {blockData=conID: 2 locID: 102667710123606472 bcsId: 1556} | ret=SUCCESS |  
2019-08-23 18:28:56,742 | INFO  | DNAudit | user=null | ip=null | op=WRITE_CHUNK {blockData=conID: 2 locID: 102667710123606472 bcsId: 1556} | ret=SUCCESS |  
2019-08-23 18:28:56,744 | INFO  | DNAudit | user=null | ip=null | op=WRITE_CHUNK {blockData=conID: 2 locID: 102667710123606472 bcsId: 1550} | ret=SUCCESS |  
2019-08-23 18:28:56,745 | INFO  | DNAudit | user=null | ip=null | op=WRITE_CHUNK {blockData=conID: 2 locID: 102667710123606472 bcsId: 1550} | ret=SUCCESS |  
2019-08-23 18:28:56,746 | INFO  | DNAudit | user=null | ip=null | op=PUT_BLOCK {blockData=[blockId=conID: 2 locID: 102667710123606472 bcsId: 0,size=3145728]} | ret=SUCCESS |  
2019-08-23 18:28:56,746 | INFO  | DNAudit | user=null | ip=null | op=PUT_BLOCK {blockData=[blockId=conID: 2 locID: 102667710123606472 bcsId: 0,size=3145728]} | ret=SUCCESS |  
2019-08-23 18:28:56,746 | INFO  | DNAudit | user=null | ip=null | op=WRITE_CHUNK {blockData=conID: 2 locID: 102667710123606472 bcsId: 1556} | ret=SUCCESS |  
2019-08-23 18:28:56,746 | INFO  | DNAudit | user=null | ip=null | op=PUT_BLOCK {blockData=[blockId=conID: 2 locID: 102667710123606472 bcsId: 0,size=4194304]} | ret=SUCCESS |  
2019-08-23 18:28:56,746 [grpc-default-executor-4] INFO  client.GrpcClientProtocolClient (GrpcClientProtocolClient.java:onNext(255)) - client-19C32667576E->48affcab-e6e4-4602-963a-f6a50efbd54c: receive RaftClientReply:client-19C32667576E->48affcab-e6e4-4602-963a-f6a50efbd54c@group-50C56EAF5137, cid=1128, SUCCESS, logIndex=1559, commits[48affcab-e6e4-4602-963a-f6a50efbd54c:c1560, 7e391b60-07ae-4d97-a027-4756e468c032:c1556, c5f86d96-67df-4f25-bde3-316f439d30b3:c1556]
2019-08-23 18:28:56,747 [grpc-default-executor-4] INFO  client.GrpcClientProtocolClient (GrpcClientProtocolClient.java:onNext(255)) - client-19C32667576E->48affcab-e6e4-4602-963a-f6a50efbd54c: receive RaftClientReply:client-19C32667576E->48affcab-e6e4-4602-963a-f6a50efbd54c@group-50C56EAF5137, cid=1129, SUCCESS, logIndex=1560, commits[48affcab-e6e4-4602-963a-f6a50efbd54c:c1560, 7e391b60-07ae-4d97-a027-4756e468c032:c1556, c5f86d96-67df-4f25-bde3-316f439d30b3:c1556]
2019-08-23 18:28:56,758 | INFO  | DNAudit | user=null | ip=null | op=WRITE_CHUNK {blockData=conID: 2 locID: 102667710123606472 bcsId: 1556} | ret=SUCCESS |  
2019-08-23 18:28:56,758 | INFO  | DNAudit | user=null | ip=null | op=WRITE_CHUNK {blockData=conID: 2 locID: 102667710123606472 bcsId: 1556} | ret=SUCCESS |  
2019-08-23 18:28:56,759 | INFO  | DNAudit | user=null | ip=null | op=PUT_BLOCK {blockData=[blockId=conID: 2 locID: 102667710123606472 bcsId: 0,size=4194304]} | ret=SUCCESS |  
2019-08-23 18:28:56,759 | INFO  | DNAudit | user=null | ip=null | op=PUT_BLOCK {blockData=[blockId=conID: 2 locID: 102667710123606472 bcsId: 0,size=4194304]} | ret=SUCCESS |  
2019-08-23 18:28:56,759 [grpc-default-executor-4] INFO  client.GrpcClientProtocolClient (GrpcClientProtocolClient.java:onNext(255)) - client-19C32667576E->48affcab-e6e4-4602-963a-f6a50efbd54c: receive RaftClientReply:client-19C32667576E->48affcab-e6e4-4602-963a-f6a50efbd54c@group-50C56EAF5137, cid=1130, SUCCESS, logIndex=0, commits[48affcab-e6e4-4602-963a-f6a50efbd54c:c1562, 7e391b60-07ae-4d97-a027-4756e468c032:c1560, c5f86d96-67df-4f25-bde3-316f439d30b3:c1560]
2019-08-23 18:28:56,765 | INFO  | DNAudit | user=null | ip=null | op=WRITE_CHUNK {blockData=conID: 3 locID: 102667710123606473 bcsId: 0} | ret=SUCCESS |  
2019-08-23 18:28:56,767 | INFO  | DNAudit | user=null | ip=null | op=WRITE_CHUNK {blockData=conID: 3 locID: 102667710123606473 bcsId: 0} | ret=SUCCESS |  
2019-08-23 18:28:56,767 | INFO  | DNAudit | user=null | ip=null | op=WRITE_CHUNK {blockData=conID: 3 locID: 102667710123606473 bcsId: 0} | ret=SUCCESS |  
2019-08-23 18:28:56,768 | INFO  | DNAudit | user=null | ip=null | op=WRITE_CHUNK {blockData=conID: 3 locID: 102667710123606473 bcsId: 0} | ret=SUCCESS |  
2019-08-23 18:28:56,769 | INFO  | DNAudit | user=null | ip=null | op=WRITE_CHUNK {blockData=conID: 3 locID: 102667710123606473 bcsId: 0} | ret=SUCCESS |  
2019-08-23 18:28:56,769 | INFO  | DNAudit | user=null | ip=null | op=WRITE_CHUNK {blockData=conID: 3 locID: 102667710123606473 bcsId: 0} | ret=SUCCESS |  
2019-08-23 18:28:56,777 | INFO  | DNAudit | user=null | ip=null | op=WRITE_CHUNK {blockData=conID: 3 locID: 102667710123606473 bcsId: 0} | ret=SUCCESS |  
2019-08-23 18:28:56,778 | INFO  | DNAudit | user=null | ip=null | op=PUT_BLOCK {blockData=[blockId=conID: 3 locID: 102667710123606473 bcsId: 0,size=1048576]} | ret=SUCCESS |  
2019-08-23 18:28:56,778 [grpc-default-executor-5] INFO  client.GrpcClientProtocolClient (GrpcClientProtocolClient.java:onNext(255)) - client-19C32667576E->48affcab-e6e4-4602-963a-f6a50efbd54c: receive RaftClientReply:client-19C32667576E->48affcab-e6e4-4602-963a-f6a50efbd54c@group-50C56EAF5137, cid=1131, SUCCESS, logIndex=1563, commits[48affcab-e6e4-4602-963a-f6a50efbd54c:c1564, 7e391b60-07ae-4d97-a027-4756e468c032:c1562, c5f86d96-67df-4f25-bde3-316f439d30b3:c1562]
2019-08-23 18:28:56,778 | INFO  | DNAudit | user=null | ip=null | op=WRITE_CHUNK {blockData=conID: 3 locID: 102667710123606473 bcsId: 0} | ret=SUCCESS |  
2019-08-23 18:28:56,779 [grpc-default-executor-5] INFO  client.GrpcClientProtocolClient (GrpcClientProtocolClient.java:onNext(255)) - client-19C32667576E->48affcab-e6e4-4602-963a-f6a50efbd54c: receive RaftClientReply:client-19C32667576E->48affcab-e6e4-4602-963a-f6a50efbd54c@group-50C56EAF5137, cid=1132, SUCCESS, logIndex=1564, commits[48affcab-e6e4-4602-963a-f6a50efbd54c:c1564, 7e391b60-07ae-4d97-a027-4756e468c032:c1562, c5f86d96-67df-4f25-bde3-316f439d30b3:c1562]
2019-08-23 18:28:56,779 | INFO  | DNAudit | user=null | ip=null | op=PUT_BLOCK {blockData=[blockId=conID: 3 locID: 102667710123606473 bcsId: 0,size=2097152]} | ret=SUCCESS |  
2019-08-23 18:28:56,779 [grpc-default-executor-4] INFO  client.GrpcClientProtocolClient (GrpcClientProtocolClient.java:onNext(255)) - client-19C32667576E->48affcab-e6e4-4602-963a-f6a50efbd54c: receive RaftClientReply:client-19C32667576E->48affcab-e6e4-4602-963a-f6a50efbd54c@group-50C56EAF5137, cid=1133, SUCCESS, logIndex=1565, commits[48affcab-e6e4-4602-963a-f6a50efbd54c:c1566, 7e391b60-07ae-4d97-a027-4756e468c032:c1562, c5f86d96-67df-4f25-bde3-316f439d30b3:c1562]
2019-08-23 18:28:56,779 [grpc-default-executor-4] INFO  client.GrpcClientProtocolClient (GrpcClientProtocolClient.java:onNext(255)) - client-19C32667576E->48affcab-e6e4-4602-963a-f6a50efbd54c: receive RaftClientReply:client-19C32667576E->48affcab-e6e4-4602-963a-f6a50efbd54c@group-50C56EAF5137, cid=1134, SUCCESS, logIndex=1566, commits[48affcab-e6e4-4602-963a-f6a50efbd54c:c1566, 7e391b60-07ae-4d97-a027-4756e468c032:c1562, c5f86d96-67df-4f25-bde3-316f439d30b3:c1562]
2019-08-23 18:28:56,779 | INFO  | DNAudit | user=null | ip=null | op=WRITE_CHUNK {blockData=conID: 3 locID: 102667710123606473 bcsId: 0} | ret=SUCCESS |  
2019-08-23 18:28:56,780 | INFO  | DNAudit | user=null | ip=null | op=PUT_BLOCK {blockData=[blockId=conID: 3 locID: 102667710123606473 bcsId: 0,size=1048576]} | ret=SUCCESS |  
2019-08-23 18:28:56,780 | INFO  | DNAudit | user=null | ip=null | op=WRITE_CHUNK {blockData=conID: 3 locID: 102667710123606473 bcsId: 0} | ret=SUCCESS |  
2019-08-23 18:28:56,780 | INFO  | DNAudit | user=null | ip=null | op=PUT_BLOCK {blockData=[blockId=conID: 3 locID: 102667710123606473 bcsId: 0,size=1048576]} | ret=SUCCESS |  
2019-08-23 18:28:56,780 [grpc-default-executor-4] INFO  client.GrpcClientProtocolClient (GrpcClientProtocolClient.java:onNext(255)) - client-19C32667576E->48affcab-e6e4-4602-963a-f6a50efbd54c: receive RaftClientReply:client-19C32667576E->48affcab-e6e4-4602-963a-f6a50efbd54c@group-50C56EAF5137, cid=1135, SUCCESS, logIndex=0, commits[48affcab-e6e4-4602-963a-f6a50efbd54c:c1568, 7e391b60-07ae-4d97-a027-4756e468c032:c1564, c5f86d96-67df-4f25-bde3-316f439d30b3:c1564]
2019-08-23 18:28:56,781 | INFO  | DNAudit | user=null | ip=null | op=WRITE_CHUNK {blockData=conID: 3 locID: 102667710123606473 bcsId: 0} | ret=SUCCESS |  
2019-08-23 18:28:56,781 | INFO  | DNAudit | user=null | ip=null | op=PUT_BLOCK {blockData=[blockId=conID: 3 locID: 102667710123606473 bcsId: 0,size=2097152]} | ret=SUCCESS |  
2019-08-23 18:28:56,781 | INFO  | DNAudit | user=null | ip=null | op=WRITE_CHUNK {blockData=conID: 3 locID: 102667710123606473 bcsId: 0} | ret=SUCCESS |  
2019-08-23 18:28:56,781 | INFO  | DNAudit | user=null | ip=null | op=PUT_BLOCK {blockData=[blockId=conID: 3 locID: 102667710123606473 bcsId: 0,size=2097152]} | ret=SUCCESS |  
2019-08-23 18:28:56,786 | INFO  | DNAudit | user=null | ip=null | op=WRITE_CHUNK {blockData=conID: 3 locID: 102667710123606473 bcsId: 1566} | ret=SUCCESS |  
2019-08-23 18:28:56,870 | INFO  | DNAudit | user=null | ip=null | op=WRITE_CHUNK {blockData=conID: 3 locID: 102667710123606473 bcsId: 1566} | ret=SUCCESS |  
2019-08-23 18:28:56,870 | INFO  | DNAudit | user=null | ip=null | op=WRITE_CHUNK {blockData=conID: 3 locID: 102667710123606473 bcsId: 1566} | ret=SUCCESS |  
2019-08-23 18:28:56,882 | INFO  | DNAudit | user=null | ip=null | op=WRITE_CHUNK {blockData=conID: 3 locID: 102667710123606473 bcsId: 1566} | ret=SUCCESS |  
2019-08-23 18:28:56,883 | INFO  | DNAudit | user=null | ip=null | op=PUT_BLOCK {blockData=[blockId=conID: 3 locID: 102667710123606473 bcsId: 0,size=3145728]} | ret=SUCCESS |  
2019-08-23 18:28:56,883 [grpc-default-executor-4] INFO  client.GrpcClientProtocolClient (GrpcClientProtocolClient.java:onNext(255)) - client-19C32667576E->48affcab-e6e4-4602-963a-f6a50efbd54c: receive RaftClientReply:client-19C32667576E->48affcab-e6e4-4602-963a-f6a50efbd54c@group-50C56EAF5137, cid=1136, SUCCESS, logIndex=1571, commits[48affcab-e6e4-4602-963a-f6a50efbd54c:c1572, 7e391b60-07ae-4d97-a027-4756e468c032:c1570, c5f86d96-67df-4f25-bde3-316f439d30b3:c1570]
2019-08-23 18:28:56,884 [grpc-default-executor-4] INFO  client.GrpcClientProtocolClient (GrpcClientProtocolClient.java:onNext(255)) - client-19C32667576E->48affcab-e6e4-4602-963a-f6a50efbd54c: receive RaftClientReply:client-19C32667576E->48affcab-e6e4-4602-963a-f6a50efbd54c@group-50C56EAF5137, cid=1137, SUCCESS, logIndex=1572, commits[48affcab-e6e4-4602-963a-f6a50efbd54c:c1572, 7e391b60-07ae-4d97-a027-4756e468c032:c1570, c5f86d96-67df-4f25-bde3-316f439d30b3:c1570]
2019-08-23 18:28:56,884 | INFO  | DNAudit | user=null | ip=null | op=WRITE_CHUNK {blockData=conID: 3 locID: 102667710123606473 bcsId: 1566} | ret=SUCCESS |  
2019-08-23 18:28:56,884 | INFO  | DNAudit | user=null | ip=null | op=WRITE_CHUNK {blockData=conID: 3 locID: 102667710123606473 bcsId: 1566} | ret=SUCCESS |  
2019-08-23 18:28:56,885 | INFO  | DNAudit | user=null | ip=null | op=PUT_BLOCK {blockData=[blockId=conID: 3 locID: 102667710123606473 bcsId: 0,size=3145728]} | ret=SUCCESS |  
2019-08-23 18:28:56,885 | INFO  | DNAudit | user=null | ip=null | op=PUT_BLOCK {blockData=[blockId=conID: 3 locID: 102667710123606473 bcsId: 0,size=3145728]} | ret=SUCCESS |  
2019-08-23 18:28:56,890 | INFO  | DNAudit | user=null | ip=null | op=WRITE_CHUNK {blockData=conID: 3 locID: 102667710123606473 bcsId: 1572} | ret=SUCCESS |  
2019-08-23 18:28:56,893 | INFO  | DNAudit | user=null | ip=null | op=WRITE_CHUNK {blockData=conID: 3 locID: 102667710123606473 bcsId: 1572} | ret=SUCCESS |  
2019-08-23 18:28:56,893 | INFO  | DNAudit | user=null | ip=null | op=WRITE_CHUNK {blockData=conID: 3 locID: 102667710123606473 bcsId: 1572} | ret=SUCCESS |  
2019-08-23 18:28:56,904 | INFO  | DNAudit | user=null | ip=null | op=WRITE_CHUNK {blockData=conID: 3 locID: 102667710123606473 bcsId: 1572} | ret=SUCCESS |  
2019-08-23 18:28:56,904 | INFO  | DNAudit | user=null | ip=null | op=PUT_BLOCK {blockData=[blockId=conID: 3 locID: 102667710123606473 bcsId: 0,size=4194304]} | ret=SUCCESS |  
2019-08-23 18:28:56,905 [grpc-default-executor-5] INFO  client.GrpcClientProtocolClient (GrpcClientProtocolClient.java:onNext(255)) - client-19C32667576E->48affcab-e6e4-4602-963a-f6a50efbd54c: receive RaftClientReply:client-19C32667576E->48affcab-e6e4-4602-963a-f6a50efbd54c@group-50C56EAF5137, cid=1138, SUCCESS, logIndex=1575, commits[48affcab-e6e4-4602-963a-f6a50efbd54c:c1576, 7e391b60-07ae-4d97-a027-4756e468c032:c1574, c5f86d96-67df-4f25-bde3-316f439d30b3:c1574]
2019-08-23 18:28:56,905 [grpc-default-executor-5] INFO  client.GrpcClientProtocolClient (GrpcClientProtocolClient.java:onNext(255)) - client-19C32667576E->48affcab-e6e4-4602-963a-f6a50efbd54c: receive RaftClientReply:client-19C32667576E->48affcab-e6e4-4602-963a-f6a50efbd54c@group-50C56EAF5137, cid=1139, SUCCESS, logIndex=1576, commits[48affcab-e6e4-4602-963a-f6a50efbd54c:c1576, 7e391b60-07ae-4d97-a027-4756e468c032:c1574, c5f86d96-67df-4f25-bde3-316f439d30b3:c1574]
2019-08-23 18:28:56,916 | INFO  | DNAudit | user=null | ip=null | op=WRITE_CHUNK {blockData=conID: 3 locID: 102667710123606473 bcsId: 1572} | ret=SUCCESS |  
2019-08-23 18:28:56,916 | INFO  | DNAudit | user=null | ip=null | op=WRITE_CHUNK {blockData=conID: 3 locID: 102667710123606473 bcsId: 1572} | ret=SUCCESS |  
2019-08-23 18:28:56,916 | INFO  | DNAudit | user=null | ip=null | op=PUT_BLOCK {blockData=[blockId=conID: 3 locID: 102667710123606473 bcsId: 0,size=4194304]} | ret=SUCCESS |  
2019-08-23 18:28:56,916 | INFO  | DNAudit | user=null | ip=null | op=PUT_BLOCK {blockData=[blockId=conID: 3 locID: 102667710123606473 bcsId: 0,size=4194304]} | ret=SUCCESS |  
2019-08-23 18:28:56,916 [grpc-default-executor-4] INFO  client.GrpcClientProtocolClient (GrpcClientProtocolClient.java:onNext(255)) - client-19C32667576E->48affcab-e6e4-4602-963a-f6a50efbd54c: receive RaftClientReply:client-19C32667576E->48affcab-e6e4-4602-963a-f6a50efbd54c@group-50C56EAF5137, cid=1140, SUCCESS, logIndex=0, commits[48affcab-e6e4-4602-963a-f6a50efbd54c:c1577, 7e391b60-07ae-4d97-a027-4756e468c032:c1576, c5f86d96-67df-4f25-bde3-316f439d30b3:c1576]
2019-08-23 18:28:56,923 | INFO  | DNAudit | user=null | ip=null | op=WRITE_CHUNK {blockData=conID: 1 locID: 102667710123606474 bcsId: 0} | ret=SUCCESS |  
2019-08-23 18:28:56,925 | INFO  | DNAudit | user=null | ip=null | op=WRITE_CHUNK {blockData=conID: 1 locID: 102667710123606474 bcsId: 0} | ret=SUCCESS |  
2019-08-23 18:28:56,926 | INFO  | DNAudit | user=null | ip=null | op=WRITE_CHUNK {blockData=conID: 1 locID: 102667710123606474 bcsId: 0} | ret=SUCCESS |  
2019-08-23 18:28:56,927 | INFO  | DNAudit | user=null | ip=null | op=WRITE_CHUNK {blockData=conID: 1 locID: 102667710123606474 bcsId: 0} | ret=SUCCESS |  
2019-08-23 18:28:56,928 | INFO  | DNAudit | user=null | ip=null | op=WRITE_CHUNK {blockData=conID: 1 locID: 102667710123606474 bcsId: 0} | ret=SUCCESS |  
2019-08-23 18:28:56,929 | INFO  | DNAudit | user=null | ip=null | op=WRITE_CHUNK {blockData=conID: 1 locID: 102667710123606474 bcsId: 0} | ret=SUCCESS |  
2019-08-23 18:28:56,935 | INFO  | DNAudit | user=null | ip=null | op=WRITE_CHUNK {blockData=conID: 1 locID: 102667710123606474 bcsId: 0} | ret=SUCCESS |  
2019-08-23 18:28:56,936 | INFO  | DNAudit | user=null | ip=null | op=PUT_BLOCK {blockData=[blockId=conID: 1 locID: 102667710123606474 bcsId: 0,size=1048576]} | ret=SUCCESS |  
2019-08-23 18:28:56,936 | INFO  | DNAudit | user=null | ip=null | op=WRITE_CHUNK {blockData=conID: 1 locID: 102667710123606474 bcsId: 0} | ret=SUCCESS |  
2019-08-23 18:28:56,936 [grpc-default-executor-4] INFO  client.GrpcClientProtocolClient (GrpcClientProtocolClient.java:onNext(255)) - client-19C32667576E->48affcab-e6e4-4602-963a-f6a50efbd54c: receive RaftClientReply:client-19C32667576E->48affcab-e6e4-4602-963a-f6a50efbd54c@group-50C56EAF5137, cid=1141, SUCCESS, logIndex=1579, commits[48affcab-e6e4-4602-963a-f6a50efbd54c:c1580, 7e391b60-07ae-4d97-a027-4756e468c032:c1578, c5f86d96-67df-4f25-bde3-316f439d30b3:c1578]
2019-08-23 18:28:56,937 | INFO  | DNAudit | user=null | ip=null | op=PUT_BLOCK {blockData=[blockId=conID: 1 locID: 102667710123606474 bcsId: 0,size=2097152]} | ret=SUCCESS |  
2019-08-23 18:28:56,937 | INFO  | DNAudit | user=null | ip=null | op=WRITE_CHUNK {blockData=conID: 1 locID: 102667710123606474 bcsId: 0} | ret=SUCCESS |  
2019-08-23 18:28:56,937 [grpc-default-executor-4] INFO  client.GrpcClientProtocolClient (GrpcClientProtocolClient.java:onNext(255)) - client-19C32667576E->48affcab-e6e4-4602-963a-f6a50efbd54c: receive RaftClientReply:client-19C32667576E->48affcab-e6e4-4602-963a-f6a50efbd54c@group-50C56EAF5137, cid=1142, SUCCESS, logIndex=1580, commits[48affcab-e6e4-4602-963a-f6a50efbd54c:c1582, 7e391b60-07ae-4d97-a027-4756e468c032:c1578, c5f86d96-67df-4f25-bde3-316f439d30b3:c1578]
2019-08-23 18:28:56,937 | INFO  | DNAudit | user=null | ip=null | op=PUT_BLOCK {blockData=[blockId=conID: 1 locID: 102667710123606474 bcsId: 0,size=1048576]} | ret=SUCCESS |  
2019-08-23 18:28:56,937 [grpc-default-executor-4] INFO  client.GrpcClientProtocolClient (GrpcClientProtocolClient.java:onNext(255)) - client-19C32667576E->48affcab-e6e4-4602-963a-f6a50efbd54c: receive RaftClientReply:client-19C32667576E->48affcab-e6e4-4602-963a-f6a50efbd54c@group-50C56EAF5137, cid=1143, SUCCESS, logIndex=1581, commits[48affcab-e6e4-4602-963a-f6a50efbd54c:c1582, 7e391b60-07ae-4d97-a027-4756e468c032:c1578, c5f86d96-67df-4f25-bde3-316f439d30b3:c1578]
2019-08-23 18:28:56,938 | INFO  | DNAudit | user=null | ip=null | op=WRITE_CHUNK {blockData=conID: 1 locID: 102667710123606474 bcsId: 0} | ret=SUCCESS |  
2019-08-23 18:28:56,938 [grpc-default-executor-4] INFO  client.GrpcClientProtocolClient (GrpcClientProtocolClient.java:onNext(255)) - client-19C32667576E->48affcab-e6e4-4602-963a-f6a50efbd54c: receive RaftClientReply:client-19C32667576E->48affcab-e6e4-4602-963a-f6a50efbd54c@group-50C56EAF5137, cid=1144, SUCCESS, logIndex=1582, commits[48affcab-e6e4-4602-963a-f6a50efbd54c:c1582, 7e391b60-07ae-4d97-a027-4756e468c032:c1578, c5f86d96-67df-4f25-bde3-316f439d30b3:c1578]
2019-08-23 18:28:56,938 | INFO  | DNAudit | user=null | ip=null | op=PUT_BLOCK {blockData=[blockId=conID: 1 locID: 102667710123606474 bcsId: 0,size=1048576]} | ret=SUCCESS |  
2019-08-23 18:28:56,938 | INFO  | DNAudit | user=null | ip=null | op=WRITE_CHUNK {blockData=conID: 1 locID: 102667710123606474 bcsId: 0} | ret=SUCCESS |  
2019-08-23 18:28:56,939 | INFO  | DNAudit | user=null | ip=null | op=PUT_BLOCK {blockData=[blockId=conID: 1 locID: 102667710123606474 bcsId: 0,size=2097152]} | ret=SUCCESS |  
2019-08-23 18:28:56,939 | INFO  | DNAudit | user=null | ip=null | op=WRITE_CHUNK {blockData=conID: 1 locID: 102667710123606474 bcsId: 0} | ret=SUCCESS |  
2019-08-23 18:28:56,939 [grpc-default-executor-4] INFO  client.GrpcClientProtocolClient (GrpcClientProtocolClient.java:onNext(255)) - client-19C32667576E->48affcab-e6e4-4602-963a-f6a50efbd54c: receive RaftClientReply:client-19C32667576E->48affcab-e6e4-4602-963a-f6a50efbd54c@group-50C56EAF5137, cid=1145, SUCCESS, logIndex=0, commits[48affcab-e6e4-4602-963a-f6a50efbd54c:c1586, 7e391b60-07ae-4d97-a027-4756e468c032:c1582, c5f86d96-67df-4f25-bde3-316f439d30b3:c1580]
2019-08-23 18:28:56,939 | INFO  | DNAudit | user=null | ip=null | op=PUT_BLOCK {blockData=[blockId=conID: 1 locID: 102667710123606474 bcsId: 0,size=2097152]} | ret=SUCCESS |  
2019-08-23 18:28:56,945 | INFO  | DNAudit | user=null | ip=null | op=WRITE_CHUNK {blockData=conID: 1 locID: 102667710123606474 bcsId: 1582} | ret=SUCCESS |  
2019-08-23 18:28:56,948 | INFO  | DNAudit | user=null | ip=null | op=WRITE_CHUNK {blockData=conID: 1 locID: 102667710123606474 bcsId: 1582} | ret=SUCCESS |  
2019-08-23 18:28:56,948 | INFO  | DNAudit | user=null | ip=null | op=WRITE_CHUNK {blockData=conID: 1 locID: 102667710123606474 bcsId: 1582} | ret=SUCCESS |  
2019-08-23 18:28:56,958 | INFO  | DNAudit | user=null | ip=null | op=WRITE_CHUNK {blockData=conID: 1 locID: 102667710123606474 bcsId: 1582} | ret=SUCCESS |  
2019-08-23 18:28:56,958 | INFO  | DNAudit | user=null | ip=null | op=PUT_BLOCK {blockData=[blockId=conID: 1 locID: 102667710123606474 bcsId: 0,size=3145728]} | ret=SUCCESS |  
2019-08-23 18:28:56,959 [grpc-default-executor-5] INFO  client.GrpcClientProtocolClient (GrpcClientProtocolClient.java:onNext(255)) - client-19C32667576E->48affcab-e6e4-4602-963a-f6a50efbd54c: receive RaftClientReply:client-19C32667576E->48affcab-e6e4-4602-963a-f6a50efbd54c@group-50C56EAF5137, cid=1146, SUCCESS, logIndex=1587, commits[48affcab-e6e4-4602-963a-f6a50efbd54c:c1588, 7e391b60-07ae-4d97-a027-4756e468c032:c1586, c5f86d96-67df-4f25-bde3-316f439d30b3:c1586]
2019-08-23 18:28:56,959 [grpc-default-executor-5] INFO  client.GrpcClientProtocolClient (GrpcClientProtocolClient.java:onNext(255)) - client-19C32667576E->48affcab-e6e4-4602-963a-f6a50efbd54c: receive RaftClientReply:client-19C32667576E->48affcab-e6e4-4602-963a-f6a50efbd54c@group-50C56EAF5137, cid=1147, SUCCESS, logIndex=1588, commits[48affcab-e6e4-4602-963a-f6a50efbd54c:c1588, 7e391b60-07ae-4d97-a027-4756e468c032:c1586, c5f86d96-67df-4f25-bde3-316f439d30b3:c1586]
2019-08-23 18:28:56,965 | INFO  | DNAudit | user=null | ip=null | op=WRITE_CHUNK {blockData=conID: 1 locID: 102667710123606474 bcsId: 1588} | ret=SUCCESS |  
2019-08-23 18:28:56,968 | INFO  | DNAudit | user=null | ip=null | op=WRITE_CHUNK {blockData=conID: 1 locID: 102667710123606474 bcsId: 1588} | ret=SUCCESS |  
2019-08-23 18:28:56,968 | INFO  | DNAudit | user=null | ip=null | op=WRITE_CHUNK {blockData=conID: 1 locID: 102667710123606474 bcsId: 1588} | ret=SUCCESS |  
2019-08-23 18:28:56,978 | INFO  | DNAudit | user=null | ip=null | op=WRITE_CHUNK {blockData=conID: 1 locID: 102667710123606474 bcsId: 1582} | ret=SUCCESS |  
2019-08-23 18:28:56,978 | INFO  | DNAudit | user=null | ip=null | op=WRITE_CHUNK {blockData=conID: 1 locID: 102667710123606474 bcsId: 1582} | ret=SUCCESS |  
2019-08-23 18:28:56,978 | INFO  | DNAudit | user=null | ip=null | op=PUT_BLOCK {blockData=[blockId=conID: 1 locID: 102667710123606474 bcsId: 0,size=3145728]} | ret=SUCCESS |  
2019-08-23 18:28:56,979 | INFO  | DNAudit | user=null | ip=null | op=PUT_BLOCK {blockData=[blockId=conID: 1 locID: 102667710123606474 bcsId: 0,size=3145728]} | ret=SUCCESS |  
2019-08-23 18:28:56,979 | INFO  | DNAudit | user=null | ip=null | op=WRITE_CHUNK {blockData=conID: 1 locID: 102667710123606474 bcsId: 1588} | ret=SUCCESS |  
2019-08-23 18:28:56,980 | INFO  | DNAudit | user=null | ip=null | op=PUT_BLOCK {blockData=[blockId=conID: 1 locID: 102667710123606474 bcsId: 0,size=4194304]} | ret=SUCCESS |  
2019-08-23 18:28:56,980 [grpc-default-executor-4] INFO  client.GrpcClientProtocolClient (GrpcClientProtocolClient.java:onNext(255)) - client-19C32667576E->48affcab-e6e4-4602-963a-f6a50efbd54c: receive RaftClientReply:client-19C32667576E->48affcab-e6e4-4602-963a-f6a50efbd54c@group-50C56EAF5137, cid=1148, SUCCESS, logIndex=1591, commits[48affcab-e6e4-4602-963a-f6a50efbd54c:c1592, 7e391b60-07ae-4d97-a027-4756e468c032:c1588, c5f86d96-67df-4f25-bde3-316f439d30b3:c1588]
2019-08-23 18:28:56,980 [grpc-default-executor-4] INFO  client.GrpcClientProtocolClient (GrpcClientProtocolClient.java:onNext(255)) - client-19C32667576E->48affcab-e6e4-4602-963a-f6a50efbd54c: receive RaftClientReply:client-19C32667576E->48affcab-e6e4-4602-963a-f6a50efbd54c@group-50C56EAF5137, cid=1149, SUCCESS, logIndex=1592, commits[48affcab-e6e4-4602-963a-f6a50efbd54c:c1592, 7e391b60-07ae-4d97-a027-4756e468c032:c1588, c5f86d96-67df-4f25-bde3-316f439d30b3:c1588]
2019-08-23 18:28:56,991 | INFO  | DNAudit | user=null | ip=null | op=WRITE_CHUNK {blockData=conID: 1 locID: 102667710123606474 bcsId: 1588} | ret=SUCCESS |  
2019-08-23 18:28:56,991 | INFO  | DNAudit | user=null | ip=null | op=WRITE_CHUNK {blockData=conID: 1 locID: 102667710123606474 bcsId: 1588} | ret=SUCCESS |  
2019-08-23 18:28:56,992 | INFO  | DNAudit | user=null | ip=null | op=PUT_BLOCK {blockData=[blockId=conID: 1 locID: 102667710123606474 bcsId: 0,size=4194304]} | ret=SUCCESS |  
2019-08-23 18:28:56,992 | INFO  | DNAudit | user=null | ip=null | op=PUT_BLOCK {blockData=[blockId=conID: 1 locID: 102667710123606474 bcsId: 0,size=4194304]} | ret=SUCCESS |  
2019-08-23 18:28:56,993 [grpc-default-executor-5] INFO  client.GrpcClientProtocolClient (GrpcClientProtocolClient.java:onNext(255)) - client-19C32667576E->48affcab-e6e4-4602-963a-f6a50efbd54c: receive RaftClientReply:client-19C32667576E->48affcab-e6e4-4602-963a-f6a50efbd54c@group-50C56EAF5137, cid=1150, SUCCESS, logIndex=0, commits[48affcab-e6e4-4602-963a-f6a50efbd54c:c1594, 7e391b60-07ae-4d97-a027-4756e468c032:c1592, c5f86d96-67df-4f25-bde3-316f439d30b3:c1592]
2019-08-23 18:28:56,999 | INFO  | DNAudit | user=null | ip=null | op=WRITE_CHUNK {blockData=conID: 2 locID: 102667710123606475 bcsId: 0} | ret=SUCCESS |  
2019-08-23 18:28:57,002 | INFO  | DNAudit | user=null | ip=null | op=WRITE_CHUNK {blockData=conID: 2 locID: 102667710123606475 bcsId: 0} | ret=SUCCESS |  
2019-08-23 18:28:57,002 | INFO  | DNAudit | user=null | ip=null | op=WRITE_CHUNK {blockData=conID: 2 locID: 102667710123606475 bcsId: 0} | ret=SUCCESS |  
2019-08-23 18:28:57,003 | INFO  | DNAudit | user=null | ip=null | op=WRITE_CHUNK {blockData=conID: 2 locID: 102667710123606475 bcsId: 0} | ret=SUCCESS |  
2019-08-23 18:28:57,005 | INFO  | DNAudit | user=null | ip=null | op=WRITE_CHUNK {blockData=conID: 2 locID: 102667710123606475 bcsId: 0} | ret=SUCCESS |  
2019-08-23 18:28:57,005 | INFO  | DNAudit | user=null | ip=null | op=WRITE_CHUNK {blockData=conID: 2 locID: 102667710123606475 bcsId: 0} | ret=SUCCESS |  
2019-08-23 18:28:57,013 | INFO  | DNAudit | user=null | ip=null | op=WRITE_CHUNK {blockData=conID: 2 locID: 102667710123606475 bcsId: 0} | ret=SUCCESS |  
2019-08-23 18:28:57,014 | INFO  | DNAudit | user=null | ip=null | op=PUT_BLOCK {blockData=[blockId=conID: 2 locID: 102667710123606475 bcsId: 0,size=1048576]} | ret=SUCCESS |  
2019-08-23 18:28:57,014 [grpc-default-executor-4] INFO  client.GrpcClientProtocolClient (GrpcClientProtocolClient.java:onNext(255)) - client-19C32667576E->48affcab-e6e4-4602-963a-f6a50efbd54c: receive RaftClientReply:client-19C32667576E->48affcab-e6e4-4602-963a-f6a50efbd54c@group-50C56EAF5137, cid=1151, SUCCESS, logIndex=1595, commits[48affcab-e6e4-4602-963a-f6a50efbd54c:c1596, 7e391b60-07ae-4d97-a027-4756e468c032:c1594, c5f86d96-67df-4f25-bde3-316f439d30b3:c1594]
2019-08-23 18:28:57,015 [grpc-default-executor-4] INFO  client.GrpcClientProtocolClient (GrpcClientProtocolClient.java:onNext(255)) - client-19C32667576E->48affcab-e6e4-4602-963a-f6a50efbd54c: receive RaftClientReply:client-19C32667576E->48affcab-e6e4-4602-963a-f6a50efbd54c@group-50C56EAF5137, cid=1152, SUCCESS, logIndex=1596, commits[48affcab-e6e4-4602-963a-f6a50efbd54c:c1596, 7e391b60-07ae-4d97-a027-4756e468c032:c1594, c5f86d96-67df-4f25-bde3-316f439d30b3:c1594]
2019-08-23 18:28:57,015 | INFO  | DNAudit | user=null | ip=null | op=WRITE_CHUNK {blockData=conID: 2 locID: 102667710123606475 bcsId: 0} | ret=SUCCESS |  
2019-08-23 18:28:57,015 | INFO  | DNAudit | user=null | ip=null | op=PUT_BLOCK {blockData=[blockId=conID: 2 locID: 102667710123606475 bcsId: 0,size=2097152]} | ret=SUCCESS |  
2019-08-23 18:28:57,015 [grpc-default-executor-5] INFO  client.GrpcClientProtocolClient (GrpcClientProtocolClient.java:onNext(255)) - client-19C32667576E->48affcab-e6e4-4602-963a-f6a50efbd54c: receive RaftClientReply:client-19C32667576E->48affcab-e6e4-4602-963a-f6a50efbd54c@group-50C56EAF5137, cid=1153, SUCCESS, logIndex=1597, commits[48affcab-e6e4-4602-963a-f6a50efbd54c:c1598, 7e391b60-07ae-4d97-a027-4756e468c032:c1594, c5f86d96-67df-4f25-bde3-316f439d30b3:c1594]
2019-08-23 18:28:57,015 | INFO  | DNAudit | user=null | ip=null | op=WRITE_CHUNK {blockData=conID: 2 locID: 102667710123606475 bcsId: 0} | ret=SUCCESS |  
2019-08-23 18:28:57,015 [grpc-default-executor-5] INFO  client.GrpcClientProtocolClient (GrpcClientProtocolClient.java:onNext(255)) - client-19C32667576E->48affcab-e6e4-4602-963a-f6a50efbd54c: receive RaftClientReply:client-19C32667576E->48affcab-e6e4-4602-963a-f6a50efbd54c@group-50C56EAF5137, cid=1154, SUCCESS, logIndex=1598, commits[48affcab-e6e4-4602-963a-f6a50efbd54c:c1598, 7e391b60-07ae-4d97-a027-4756e468c032:c1594, c5f86d96-67df-4f25-bde3-316f439d30b3:c1594]
2019-08-23 18:28:57,016 | INFO  | DNAudit | user=null | ip=null | op=PUT_BLOCK {blockData=[blockId=conID: 2 locID: 102667710123606475 bcsId: 0,size=1048576]} | ret=SUCCESS |  
2019-08-23 18:28:57,016 | INFO  | DNAudit | user=null | ip=null | op=WRITE_CHUNK {blockData=conID: 2 locID: 102667710123606475 bcsId: 0} | ret=SUCCESS |  
2019-08-23 18:28:57,016 | INFO  | DNAudit | user=null | ip=null | op=PUT_BLOCK {blockData=[blockId=conID: 2 locID: 102667710123606475 bcsId: 0,size=1048576]} | ret=SUCCESS |  
2019-08-23 18:28:57,017 [grpc-default-executor-5] INFO  client.GrpcClientProtocolClient (GrpcClientProtocolClient.java:onNext(255)) - client-19C32667576E->48affcab-e6e4-4602-963a-f6a50efbd54c: receive RaftClientReply:client-19C32667576E->48affcab-e6e4-4602-963a-f6a50efbd54c@group-50C56EAF5137, cid=1155, SUCCESS, logIndex=0, commits[48affcab-e6e4-4602-963a-f6a50efbd54c:c1600, 7e391b60-07ae-4d97-a027-4756e468c032:c1596, c5f86d96-67df-4f25-bde3-316f439d30b3:c1596]
2019-08-23 18:28:57,017 | INFO  | DNAudit | user=null | ip=null | op=WRITE_CHUNK {blockData=conID: 2 locID: 102667710123606475 bcsId: 0} | ret=SUCCESS |  
2019-08-23 18:28:57,017 | INFO  | DNAudit | user=null | ip=null | op=PUT_BLOCK {blockData=[blockId=conID: 2 locID: 102667710123606475 bcsId: 0,size=2097152]} | ret=SUCCESS |  
2019-08-23 18:28:57,017 | INFO  | DNAudit | user=null | ip=null | op=WRITE_CHUNK {blockData=conID: 2 locID: 102667710123606475 bcsId: 0} | ret=SUCCESS |  
2019-08-23 18:28:57,017 | INFO  | DNAudit | user=null | ip=null | op=PUT_BLOCK {blockData=[blockId=conID: 2 locID: 102667710123606475 bcsId: 0,size=2097152]} | ret=SUCCESS |  
2019-08-23 18:28:57,022 | INFO  | DNAudit | user=null | ip=null | op=WRITE_CHUNK {blockData=conID: 2 locID: 102667710123606475 bcsId: 1598} | ret=SUCCESS |  
2019-08-23 18:28:57,024 | INFO  | DNAudit | user=null | ip=null | op=WRITE_CHUNK {blockData=conID: 2 locID: 102667710123606475 bcsId: 1598} | ret=SUCCESS |  
2019-08-23 18:28:57,024 | INFO  | DNAudit | user=null | ip=null | op=WRITE_CHUNK {blockData=conID: 2 locID: 102667710123606475 bcsId: 1598} | ret=SUCCESS |  
2019-08-23 18:28:57,034 | INFO  | DNAudit | user=null | ip=null | op=WRITE_CHUNK {blockData=conID: 2 locID: 102667710123606475 bcsId: 1598} | ret=SUCCESS |  
2019-08-23 18:28:57,035 | INFO  | DNAudit | user=null | ip=null | op=PUT_BLOCK {blockData=[blockId=conID: 2 locID: 102667710123606475 bcsId: 0,size=3145728]} | ret=SUCCESS |  
2019-08-23 18:28:57,035 [grpc-default-executor-5] INFO  client.GrpcClientProtocolClient (GrpcClientProtocolClient.java:onNext(255)) - client-19C32667576E->48affcab-e6e4-4602-963a-f6a50efbd54c: receive RaftClientReply:client-19C32667576E->48affcab-e6e4-4602-963a-f6a50efbd54c@group-50C56EAF5137, cid=1156, SUCCESS, logIndex=1603, commits[48affcab-e6e4-4602-963a-f6a50efbd54c:c1604, 7e391b60-07ae-4d97-a027-4756e468c032:c1602, c5f86d96-67df-4f25-bde3-316f439d30b3:c1602]
2019-08-23 18:28:57,035 [grpc-default-executor-5] INFO  client.GrpcClientProtocolClient (GrpcClientProtocolClient.java:onNext(255)) - client-19C32667576E->48affcab-e6e4-4602-963a-f6a50efbd54c: receive RaftClientReply:client-19C32667576E->48affcab-e6e4-4602-963a-f6a50efbd54c@group-50C56EAF5137, cid=1157, SUCCESS, logIndex=1604, commits[48affcab-e6e4-4602-963a-f6a50efbd54c:c1604, 7e391b60-07ae-4d97-a027-4756e468c032:c1602, c5f86d96-67df-4f25-bde3-316f439d30b3:c1602]
2019-08-23 18:28:57,040 | INFO  | DNAudit | user=null | ip=null | op=WRITE_CHUNK {blockData=conID: 2 locID: 102667710123606475 bcsId: 1604} | ret=SUCCESS |  
2019-08-23 18:28:57,043 | INFO  | DNAudit | user=null | ip=null | op=WRITE_CHUNK {blockData=conID: 2 locID: 102667710123606475 bcsId: 1604} | ret=SUCCESS |  
2019-08-23 18:28:57,043 | INFO  | DNAudit | user=null | ip=null | op=WRITE_CHUNK {blockData=conID: 2 locID: 102667710123606475 bcsId: 1604} | ret=SUCCESS |  
2019-08-23 18:28:57,045 | INFO  | DNAudit | user=null | ip=null | op=WRITE_CHUNK {blockData=conID: 2 locID: 102667710123606475 bcsId: 1598} | ret=SUCCESS |  
2019-08-23 18:28:57,046 | INFO  | DNAudit | user=null | ip=null | op=WRITE_CHUNK {blockData=conID: 2 locID: 102667710123606475 bcsId: 1598} | ret=SUCCESS |  
2019-08-23 18:28:57,046 | INFO  | DNAudit | user=null | ip=null | op=PUT_BLOCK {blockData=[blockId=conID: 2 locID: 102667710123606475 bcsId: 0,size=3145728]} | ret=SUCCESS |  
2019-08-23 18:28:57,046 | INFO  | DNAudit | user=null | ip=null | op=PUT_BLOCK {blockData=[blockId=conID: 2 locID: 102667710123606475 bcsId: 0,size=3145728]} | ret=SUCCESS |  
2019-08-23 18:28:57,047 | INFO  | DNAudit | user=null | ip=null | op=WRITE_CHUNK {blockData=conID: 2 locID: 102667710123606475 bcsId: 1604} | ret=SUCCESS |  
2019-08-23 18:28:57,047 | INFO  | DNAudit | user=null | ip=null | op=PUT_BLOCK {blockData=[blockId=conID: 2 locID: 102667710123606475 bcsId: 0,size=4194304]} | ret=SUCCESS |  
2019-08-23 18:28:57,048 [grpc-default-executor-0] INFO  client.GrpcClientProtocolClient (GrpcClientProtocolClient.java:onNext(255)) - client-19C32667576E->48affcab-e6e4-4602-963a-f6a50efbd54c: receive RaftClientReply:client-19C32667576E->48affcab-e6e4-4602-963a-f6a50efbd54c@group-50C56EAF5137, cid=1158, SUCCESS, logIndex=1607, commits[48affcab-e6e4-4602-963a-f6a50efbd54c:c1608, 7e391b60-07ae-4d97-a027-4756e468c032:c1604, c5f86d96-67df-4f25-bde3-316f439d30b3:c1604]
2019-08-23 18:28:57,048 [grpc-default-executor-0] INFO  client.GrpcClientProtocolClient (GrpcClientProtocolClient.java:onNext(255)) - client-19C32667576E->48affcab-e6e4-4602-963a-f6a50efbd54c: receive RaftClientReply:client-19C32667576E->48affcab-e6e4-4602-963a-f6a50efbd54c@group-50C56EAF5137, cid=1159, SUCCESS, logIndex=1608, commits[48affcab-e6e4-4602-963a-f6a50efbd54c:c1608, 7e391b60-07ae-4d97-a027-4756e468c032:c1604, c5f86d96-67df-4f25-bde3-316f439d30b3:c1604]
2019-08-23 18:28:57,049 | INFO  | DNAudit | user=null | ip=null | op=WRITE_CHUNK {blockData=conID: 2 locID: 102667710123606475 bcsId: 1604} | ret=SUCCESS |  
2019-08-23 18:28:57,049 | INFO  | DNAudit | user=null | ip=null | op=WRITE_CHUNK {blockData=conID: 2 locID: 102667710123606475 bcsId: 1604} | ret=SUCCESS |  
2019-08-23 18:28:57,050 | INFO  | DNAudit | user=null | ip=null | op=PUT_BLOCK {blockData=[blockId=conID: 2 locID: 102667710123606475 bcsId: 0,size=4194304]} | ret=SUCCESS |  
2019-08-23 18:28:57,050 | INFO  | DNAudit | user=null | ip=null | op=PUT_BLOCK {blockData=[blockId=conID: 2 locID: 102667710123606475 bcsId: 0,size=4194304]} | ret=SUCCESS |  
2019-08-23 18:28:57,051 [grpc-default-executor-5] INFO  client.GrpcClientProtocolClient (GrpcClientProtocolClient.java:onNext(255)) - client-19C32667576E->48affcab-e6e4-4602-963a-f6a50efbd54c: receive RaftClientReply:client-19C32667576E->48affcab-e6e4-4602-963a-f6a50efbd54c@group-50C56EAF5137, cid=1160, SUCCESS, logIndex=0, commits[48affcab-e6e4-4602-963a-f6a50efbd54c:c1610, 7e391b60-07ae-4d97-a027-4756e468c032:c1608, c5f86d96-67df-4f25-bde3-316f439d30b3:c1608]
2019-08-23 18:28:57,056 | INFO  | DNAudit | user=null | ip=null | op=WRITE_CHUNK {blockData=conID: 3 locID: 102667710123606476 bcsId: 0} | ret=SUCCESS |  
2019-08-23 18:28:57,059 | INFO  | DNAudit | user=null | ip=null | op=WRITE_CHUNK {blockData=conID: 3 locID: 102667710123606476 bcsId: 0} | ret=SUCCESS |  
2019-08-23 18:28:57,059 | INFO  | DNAudit | user=null | ip=null | op=WRITE_CHUNK {blockData=conID: 3 locID: 102667710123606476 bcsId: 0} | ret=SUCCESS |  
2019-08-23 18:28:57,059 | INFO  | DNAudit | user=null | ip=null | op=WRITE_CHUNK {blockData=conID: 3 locID: 102667710123606476 bcsId: 0} | ret=SUCCESS |  
2019-08-23 18:28:57,061 | INFO  | DNAudit | user=null | ip=null | op=WRITE_CHUNK {blockData=conID: 3 locID: 102667710123606476 bcsId: 0} | ret=SUCCESS |  
2019-08-23 18:28:57,061 | INFO  | DNAudit | user=null | ip=null | op=WRITE_CHUNK {blockData=conID: 3 locID: 102667710123606476 bcsId: 0} | ret=SUCCESS |  
2019-08-23 18:28:57,062 | INFO  | DNAudit | user=null | ip=null | op=WRITE_CHUNK {blockData=conID: 3 locID: 102667710123606476 bcsId: 0} | ret=SUCCESS |  
2019-08-23 18:28:57,063 | INFO  | DNAudit | user=null | ip=null | op=PUT_BLOCK {blockData=[blockId=conID: 3 locID: 102667710123606476 bcsId: 0,size=1048576]} | ret=SUCCESS |  
2019-08-23 18:28:57,063 | INFO  | DNAudit | user=null | ip=null | op=WRITE_CHUNK {blockData=conID: 3 locID: 102667710123606476 bcsId: 0} | ret=SUCCESS |  
2019-08-23 18:28:57,063 [grpc-default-executor-4] INFO  client.GrpcClientProtocolClient (GrpcClientProtocolClient.java:onNext(255)) - client-19C32667576E->48affcab-e6e4-4602-963a-f6a50efbd54c: receive RaftClientReply:client-19C32667576E->48affcab-e6e4-4602-963a-f6a50efbd54c@group-50C56EAF5137, cid=1161, SUCCESS, logIndex=1611, commits[48affcab-e6e4-4602-963a-f6a50efbd54c:c1612, 7e391b60-07ae-4d97-a027-4756e468c032:c1610, c5f86d96-67df-4f25-bde3-316f439d30b3:c1610]
2019-08-23 18:28:57,063 | INFO  | DNAudit | user=null | ip=null | op=PUT_BLOCK {blockData=[blockId=conID: 3 locID: 102667710123606476 bcsId: 0,size=2097152]} | ret=SUCCESS |  
2019-08-23 18:28:57,063 [grpc-default-executor-5] INFO  client.GrpcClientProtocolClient (GrpcClientProtocolClient.java:onNext(255)) - client-19C32667576E->48affcab-e6e4-4602-963a-f6a50efbd54c: receive RaftClientReply:client-19C32667576E->48affcab-e6e4-4602-963a-f6a50efbd54c@group-50C56EAF5137, cid=1162, SUCCESS, logIndex=1612, commits[48affcab-e6e4-4602-963a-f6a50efbd54c:c1613, 7e391b60-07ae-4d97-a027-4756e468c032:c1610, c5f86d96-67df-4f25-bde3-316f439d30b3:c1610]
2019-08-23 18:28:57,064 [grpc-default-executor-5] INFO  client.GrpcClientProtocolClient (GrpcClientProtocolClient.java:onNext(255)) - client-19C32667576E->48affcab-e6e4-4602-963a-f6a50efbd54c: receive RaftClientReply:client-19C32667576E->48affcab-e6e4-4602-963a-f6a50efbd54c@group-50C56EAF5137, cid=1163, SUCCESS, logIndex=1613, commits[48affcab-e6e4-4602-963a-f6a50efbd54c:c1614, 7e391b60-07ae-4d97-a027-4756e468c032:c1610, c5f86d96-67df-4f25-bde3-316f439d30b3:c1610]
2019-08-23 18:28:57,064 | INFO  | DNAudit | user=null | ip=null | op=WRITE_CHUNK {blockData=conID: 3 locID: 102667710123606476 bcsId: 0} | ret=SUCCESS |  
2019-08-23 18:28:57,064 [grpc-default-executor-5] INFO  client.GrpcClientProtocolClient (GrpcClientProtocolClient.java:onNext(255)) - client-19C32667576E->48affcab-e6e4-4602-963a-f6a50efbd54c: receive RaftClientReply:client-19C32667576E->48affcab-e6e4-4602-963a-f6a50efbd54c@group-50C56EAF5137, cid=1164, SUCCESS, logIndex=1614, commits[48affcab-e6e4-4602-963a-f6a50efbd54c:c1614, 7e391b60-07ae-4d97-a027-4756e468c032:c1610, c5f86d96-67df-4f25-bde3-316f439d30b3:c1610]
2019-08-23 18:28:57,064 | INFO  | DNAudit | user=null | ip=null | op=PUT_BLOCK {blockData=[blockId=conID: 3 locID: 102667710123606476 bcsId: 0,size=1048576]} | ret=SUCCESS |  
2019-08-23 18:28:57,064 | INFO  | DNAudit | user=null | ip=null | op=WRITE_CHUNK {blockData=conID: 3 locID: 102667710123606476 bcsId: 0} | ret=SUCCESS |  
2019-08-23 18:28:57,065 | INFO  | DNAudit | user=null | ip=null | op=PUT_BLOCK {blockData=[blockId=conID: 3 locID: 102667710123606476 bcsId: 0,size=1048576]} | ret=SUCCESS |  
2019-08-23 18:28:57,065 | INFO  | DNAudit | user=null | ip=null | op=WRITE_CHUNK {blockData=conID: 3 locID: 102667710123606476 bcsId: 0} | ret=SUCCESS |  
2019-08-23 18:28:57,065 | INFO  | DNAudit | user=null | ip=null | op=PUT_BLOCK {blockData=[blockId=conID: 3 locID: 102667710123606476 bcsId: 0,size=2097152]} | ret=SUCCESS |  
2019-08-23 18:28:57,065 [grpc-default-executor-5] INFO  client.GrpcClientProtocolClient (GrpcClientProtocolClient.java:onNext(255)) - client-19C32667576E->48affcab-e6e4-4602-963a-f6a50efbd54c: receive RaftClientReply:client-19C32667576E->48affcab-e6e4-4602-963a-f6a50efbd54c@group-50C56EAF5137, cid=1165, SUCCESS, logIndex=0, commits[48affcab-e6e4-4602-963a-f6a50efbd54c:c1616, 7e391b60-07ae-4d97-a027-4756e468c032:c1612, c5f86d96-67df-4f25-bde3-316f439d30b3:c1612]
2019-08-23 18:28:57,065 | INFO  | DNAudit | user=null | ip=null | op=WRITE_CHUNK {blockData=conID: 3 locID: 102667710123606476 bcsId: 0} | ret=SUCCESS |  
2019-08-23 18:28:57,065 | INFO  | DNAudit | user=null | ip=null | op=PUT_BLOCK {blockData=[blockId=conID: 3 locID: 102667710123606476 bcsId: 0,size=2097152]} | ret=SUCCESS |  
2019-08-23 18:28:57,070 | INFO  | DNAudit | user=null | ip=null | op=WRITE_CHUNK {blockData=conID: 3 locID: 102667710123606476 bcsId: 1614} | ret=SUCCESS |  
2019-08-23 18:28:57,073 | INFO  | DNAudit | user=null | ip=null | op=WRITE_CHUNK {blockData=conID: 3 locID: 102667710123606476 bcsId: 1614} | ret=SUCCESS |  
2019-08-23 18:28:57,073 | INFO  | DNAudit | user=null | ip=null | op=WRITE_CHUNK {blockData=conID: 3 locID: 102667710123606476 bcsId: 1614} | ret=SUCCESS |  
2019-08-23 18:28:57,075 | INFO  | DNAudit | user=null | ip=null | op=WRITE_CHUNK {blockData=conID: 3 locID: 102667710123606476 bcsId: 1614} | ret=SUCCESS |  
2019-08-23 18:28:57,075 | INFO  | DNAudit | user=null | ip=null | op=PUT_BLOCK {blockData=[blockId=conID: 3 locID: 102667710123606476 bcsId: 0,size=3145728]} | ret=SUCCESS |  
2019-08-23 18:28:57,076 [grpc-default-executor-4] INFO  client.GrpcClientProtocolClient (GrpcClientProtocolClient.java:onNext(255)) - client-19C32667576E->48affcab-e6e4-4602-963a-f6a50efbd54c: receive RaftClientReply:client-19C32667576E->48affcab-e6e4-4602-963a-f6a50efbd54c@group-50C56EAF5137, cid=1166, SUCCESS, logIndex=1619, commits[48affcab-e6e4-4602-963a-f6a50efbd54c:c1620, 7e391b60-07ae-4d97-a027-4756e468c032:c1618, c5f86d96-67df-4f25-bde3-316f439d30b3:c1618]
2019-08-23 18:28:57,076 [grpc-default-executor-4] INFO  client.GrpcClientProtocolClient (GrpcClientProtocolClient.java:onNext(255)) - client-19C32667576E->48affcab-e6e4-4602-963a-f6a50efbd54c: receive RaftClientReply:client-19C32667576E->48affcab-e6e4-4602-963a-f6a50efbd54c@group-50C56EAF5137, cid=1167, SUCCESS, logIndex=1620, commits[48affcab-e6e4-4602-963a-f6a50efbd54c:c1620, 7e391b60-07ae-4d97-a027-4756e468c032:c1618, c5f86d96-67df-4f25-bde3-316f439d30b3:c1618]
2019-08-23 18:28:57,076 | INFO  | DNAudit | user=null | ip=null | op=WRITE_CHUNK {blockData=conID: 3 locID: 102667710123606476 bcsId: 1614} | ret=SUCCESS |  
2019-08-23 18:28:57,076 | INFO  | DNAudit | user=null | ip=null | op=WRITE_CHUNK {blockData=conID: 3 locID: 102667710123606476 bcsId: 1614} | ret=SUCCESS |  
2019-08-23 18:28:57,078 | INFO  | DNAudit | user=null | ip=null | op=PUT_BLOCK {blockData=[blockId=conID: 3 locID: 102667710123606476 bcsId: 0,size=3145728]} | ret=SUCCESS |  
2019-08-23 18:28:57,078 | INFO  | DNAudit | user=null | ip=null | op=PUT_BLOCK {blockData=[blockId=conID: 3 locID: 102667710123606476 bcsId: 0,size=3145728]} | ret=SUCCESS |  
2019-08-23 18:28:57,081 | INFO  | DNAudit | user=null | ip=null | op=WRITE_CHUNK {blockData=conID: 3 locID: 102667710123606476 bcsId: 1620} | ret=SUCCESS |  
2019-08-23 18:28:57,084 | INFO  | DNAudit | user=null | ip=null | op=WRITE_CHUNK {blockData=conID: 3 locID: 102667710123606476 bcsId: 1620} | ret=SUCCESS |  
2019-08-23 18:28:57,084 | INFO  | DNAudit | user=null | ip=null | op=WRITE_CHUNK {blockData=conID: 3 locID: 102667710123606476 bcsId: 1620} | ret=SUCCESS |  
2019-08-23 18:28:57,086 | INFO  | DNAudit | user=null | ip=null | op=WRITE_CHUNK {blockData=conID: 3 locID: 102667710123606476 bcsId: 1620} | ret=SUCCESS |  
2019-08-23 18:28:57,087 | INFO  | DNAudit | user=null | ip=null | op=PUT_BLOCK {blockData=[blockId=conID: 3 locID: 102667710123606476 bcsId: 0,size=4194304]} | ret=SUCCESS |  
2019-08-23 18:28:57,087 [grpc-default-executor-5] INFO  client.GrpcClientProtocolClient (GrpcClientProtocolClient.java:onNext(255)) - client-19C32667576E->48affcab-e6e4-4602-963a-f6a50efbd54c: receive RaftClientReply:client-19C32667576E->48affcab-e6e4-4602-963a-f6a50efbd54c@group-50C56EAF5137, cid=1168, SUCCESS, logIndex=1623, commits[48affcab-e6e4-4602-963a-f6a50efbd54c:c1624, 7e391b60-07ae-4d97-a027-4756e468c032:c1622, c5f86d96-67df-4f25-bde3-316f439d30b3:c1620]
2019-08-23 18:28:57,087 [grpc-default-executor-4] INFO  client.GrpcClientProtocolClient (GrpcClientProtocolClient.java:onNext(255)) - client-19C32667576E->48affcab-e6e4-4602-963a-f6a50efbd54c: receive RaftClientReply:client-19C32667576E->48affcab-e6e4-4602-963a-f6a50efbd54c@group-50C56EAF5137, cid=1169, SUCCESS, logIndex=1624, commits[48affcab-e6e4-4602-963a-f6a50efbd54c:c1624, 7e391b60-07ae-4d97-a027-4756e468c032:c1622, c5f86d96-67df-4f25-bde3-316f439d30b3:c1620]
2019-08-23 18:28:57,088 | INFO  | DNAudit | user=null | ip=null | op=WRITE_CHUNK {blockData=conID: 3 locID: 102667710123606476 bcsId: 1620} | ret=SUCCESS |  
2019-08-23 18:28:57,088 | INFO  | DNAudit | user=null | ip=null | op=WRITE_CHUNK {blockData=conID: 3 locID: 102667710123606476 bcsId: 1620} | ret=SUCCESS |  
2019-08-23 18:28:57,089 | INFO  | DNAudit | user=null | ip=null | op=PUT_BLOCK {blockData=[blockId=conID: 3 locID: 102667710123606476 bcsId: 0,size=4194304]} | ret=SUCCESS |  
2019-08-23 18:28:57,089 | INFO  | DNAudit | user=null | ip=null | op=PUT_BLOCK {blockData=[blockId=conID: 3 locID: 102667710123606476 bcsId: 0,size=4194304]} | ret=SUCCESS |  
2019-08-23 18:28:57,089 [grpc-default-executor-5] INFO  client.GrpcClientProtocolClient (GrpcClientProtocolClient.java:onNext(255)) - client-19C32667576E->48affcab-e6e4-4602-963a-f6a50efbd54c: receive RaftClientReply:client-19C32667576E->48affcab-e6e4-4602-963a-f6a50efbd54c@group-50C56EAF5137, cid=1170, SUCCESS, logIndex=0, commits[48affcab-e6e4-4602-963a-f6a50efbd54c:c1624, 7e391b60-07ae-4d97-a027-4756e468c032:c1624, c5f86d96-67df-4f25-bde3-316f439d30b3:c1624]
2019-08-23 18:28:57,094 | INFO  | DNAudit | user=null | ip=null | op=WRITE_CHUNK {blockData=conID: 1 locID: 102667710123606477 bcsId: 0} | ret=SUCCESS |  
2019-08-23 18:28:57,096 | INFO  | DNAudit | user=null | ip=null | op=WRITE_CHUNK {blockData=conID: 1 locID: 102667710123606477 bcsId: 0} | ret=SUCCESS |  
2019-08-23 18:28:57,097 | INFO  | DNAudit | user=null | ip=null | op=WRITE_CHUNK {blockData=conID: 1 locID: 102667710123606477 bcsId: 0} | ret=SUCCESS |  
2019-08-23 18:28:57,097 | INFO  | DNAudit | user=null | ip=null | op=WRITE_CHUNK {blockData=conID: 1 locID: 102667710123606477 bcsId: 0} | ret=SUCCESS |  
2019-08-23 18:28:57,099 | INFO  | DNAudit | user=null | ip=null | op=WRITE_CHUNK {blockData=conID: 1 locID: 102667710123606477 bcsId: 0} | ret=SUCCESS |  
2019-08-23 18:28:57,099 | INFO  | DNAudit | user=null | ip=null | op=WRITE_CHUNK {blockData=conID: 1 locID: 102667710123606477 bcsId: 0} | ret=SUCCESS |  
2019-08-23 18:28:57,099 | INFO  | DNAudit | user=null | ip=null | op=WRITE_CHUNK {blockData=conID: 1 locID: 102667710123606477 bcsId: 0} | ret=SUCCESS |  
2019-08-23 18:28:57,100 | INFO  | DNAudit | user=null | ip=null | op=PUT_BLOCK {blockData=[blockId=conID: 1 locID: 102667710123606477 bcsId: 0,size=1048576]} | ret=SUCCESS |  
2019-08-23 18:28:57,100 [grpc-default-executor-3] INFO  client.GrpcClientProtocolClient (GrpcClientProtocolClient.java:onNext(255)) - client-19C32667576E->48affcab-e6e4-4602-963a-f6a50efbd54c: receive RaftClientReply:client-19C32667576E->48affcab-e6e4-4602-963a-f6a50efbd54c@group-50C56EAF5137, cid=1171, SUCCESS, logIndex=1627, commits[48affcab-e6e4-4602-963a-f6a50efbd54c:c1628, 7e391b60-07ae-4d97-a027-4756e468c032:c1626, c5f86d96-67df-4f25-bde3-316f439d30b3:c1626]
2019-08-23 18:28:57,100 [grpc-default-executor-3] INFO  client.GrpcClientProtocolClient (GrpcClientProtocolClient.java:onNext(255)) - client-19C32667576E->48affcab-e6e4-4602-963a-f6a50efbd54c: receive RaftClientReply:client-19C32667576E->48affcab-e6e4-4602-963a-f6a50efbd54c@group-50C56EAF5137, cid=1172, SUCCESS, logIndex=1628, commits[48affcab-e6e4-4602-963a-f6a50efbd54c:c1628, 7e391b60-07ae-4d97-a027-4756e468c032:c1626, c5f86d96-67df-4f25-bde3-316f439d30b3:c1626]
2019-08-23 18:28:57,101 | INFO  | DNAudit | user=null | ip=null | op=WRITE_CHUNK {blockData=conID: 1 locID: 102667710123606477 bcsId: 0} | ret=SUCCESS |  
2019-08-23 18:28:57,102 | INFO  | DNAudit | user=null | ip=null | op=WRITE_CHUNK {blockData=conID: 1 locID: 102667710123606477 bcsId: 0} | ret=SUCCESS |  
2019-08-23 18:28:57,102 | INFO  | DNAudit | user=null | ip=null | op=PUT_BLOCK {blockData=[blockId=conID: 1 locID: 102667710123606477 bcsId: 0,size=2097152]} | ret=SUCCESS |  
2019-08-23 18:28:57,102 [grpc-default-executor-4] INFO  client.GrpcClientProtocolClient (GrpcClientProtocolClient.java:onNext(255)) - client-19C32667576E->48affcab-e6e4-4602-963a-f6a50efbd54c: receive RaftClientReply:client-19C32667576E->48affcab-e6e4-4602-963a-f6a50efbd54c@group-50C56EAF5137, cid=1173, SUCCESS, logIndex=1629, commits[48affcab-e6e4-4602-963a-f6a50efbd54c:c1630, 7e391b60-07ae-4d97-a027-4756e468c032:c1626, c5f86d96-67df-4f25-bde3-316f439d30b3:c1626]
2019-08-23 18:28:57,102 | INFO  | DNAudit | user=null | ip=null | op=PUT_BLOCK {blockData=[blockId=conID: 1 locID: 102667710123606477 bcsId: 0,size=1048576]} | ret=SUCCESS |  
2019-08-23 18:28:57,102 [grpc-default-executor-4] INFO  client.GrpcClientProtocolClient (GrpcClientProtocolClient.java:onNext(255)) - client-19C32667576E->48affcab-e6e4-4602-963a-f6a50efbd54c: receive RaftClientReply:client-19C32667576E->48affcab-e6e4-4602-963a-f6a50efbd54c@group-50C56EAF5137, cid=1174, SUCCESS, logIndex=1630, commits[48affcab-e6e4-4602-963a-f6a50efbd54c:c1631, 7e391b60-07ae-4d97-a027-4756e468c032:c1627, c5f86d96-67df-4f25-bde3-316f439d30b3:c1626]
2019-08-23 18:28:57,103 | INFO  | DNAudit | user=null | ip=null | op=WRITE_CHUNK {blockData=conID: 1 locID: 102667710123606477 bcsId: 0} | ret=SUCCESS |  
2019-08-23 18:28:57,103 | INFO  | DNAudit | user=null | ip=null | op=PUT_BLOCK {blockData=[blockId=conID: 1 locID: 102667710123606477 bcsId: 0,size=1048576]} | ret=SUCCESS |  
2019-08-23 18:28:57,103 [grpc-default-executor-4] INFO  client.GrpcClientProtocolClient (GrpcClientProtocolClient.java:onNext(255)) - client-19C32667576E->48affcab-e6e4-4602-963a-f6a50efbd54c: receive RaftClientReply:client-19C32667576E->48affcab-e6e4-4602-963a-f6a50efbd54c@group-50C56EAF5137, cid=1175, SUCCESS, logIndex=0, commits[48affcab-e6e4-4602-963a-f6a50efbd54c:c1632, 7e391b60-07ae-4d97-a027-4756e468c032:c1628, c5f86d96-67df-4f25-bde3-316f439d30b3:c1628]
2019-08-23 18:28:57,104 | INFO  | DNAudit | user=null | ip=null | op=WRITE_CHUNK {blockData=conID: 1 locID: 102667710123606477 bcsId: 0} | ret=SUCCESS |  
2019-08-23 18:28:57,104 | INFO  | DNAudit | user=null | ip=null | op=WRITE_CHUNK {blockData=conID: 1 locID: 102667710123606477 bcsId: 0} | ret=SUCCESS |  
2019-08-23 18:28:57,104 | INFO  | DNAudit | user=null | ip=null | op=PUT_BLOCK {blockData=[blockId=conID: 1 locID: 102667710123606477 bcsId: 0,size=2097152]} | ret=SUCCESS |  
2019-08-23 18:28:57,105 | INFO  | DNAudit | user=null | ip=null | op=PUT_BLOCK {blockData=[blockId=conID: 1 locID: 102667710123606477 bcsId: 0,size=2097152]} | ret=SUCCESS |  
2019-08-23 18:28:57,109 | INFO  | DNAudit | user=null | ip=null | op=WRITE_CHUNK {blockData=conID: 1 locID: 102667710123606477 bcsId: 1630} | ret=SUCCESS |  
2019-08-23 18:28:57,111 | INFO  | DNAudit | user=null | ip=null | op=WRITE_CHUNK {blockData=conID: 1 locID: 102667710123606477 bcsId: 1630} | ret=SUCCESS |  
2019-08-23 18:28:57,111 | INFO  | DNAudit | user=null | ip=null | op=WRITE_CHUNK {blockData=conID: 1 locID: 102667710123606477 bcsId: 1630} | ret=SUCCESS |  
2019-08-23 18:28:57,114 | INFO  | DNAudit | user=null | ip=null | op=WRITE_CHUNK {blockData=conID: 1 locID: 102667710123606477 bcsId: 1630} | ret=SUCCESS |  
2019-08-23 18:28:57,114 | INFO  | DNAudit | user=null | ip=null | op=PUT_BLOCK {blockData=[blockId=conID: 1 locID: 102667710123606477 bcsId: 0,size=3145728]} | ret=SUCCESS |  
2019-08-23 18:28:57,114 [grpc-default-executor-5] INFO  client.GrpcClientProtocolClient (GrpcClientProtocolClient.java:onNext(255)) - client-19C32667576E->48affcab-e6e4-4602-963a-f6a50efbd54c: receive RaftClientReply:client-19C32667576E->48affcab-e6e4-4602-963a-f6a50efbd54c@group-50C56EAF5137, cid=1176, SUCCESS, logIndex=1635, commits[48affcab-e6e4-4602-963a-f6a50efbd54c:c1636, 7e391b60-07ae-4d97-a027-4756e468c032:c1630, c5f86d96-67df-4f25-bde3-316f439d30b3:c1634]
2019-08-23 18:28:57,114 [grpc-default-executor-5] INFO  client.GrpcClientProtocolClient (GrpcClientProtocolClient.java:onNext(255)) - client-19C32667576E->48affcab-e6e4-4602-963a-f6a50efbd54c: receive RaftClientReply:client-19C32667576E->48affcab-e6e4-4602-963a-f6a50efbd54c@group-50C56EAF5137, cid=1177, SUCCESS, logIndex=1636, commits[48affcab-e6e4-4602-963a-f6a50efbd54c:c1636, 7e391b60-07ae-4d97-a027-4756e468c032:c1634, c5f86d96-67df-4f25-bde3-316f439d30b3:c1634]
2019-08-23 18:28:57,115 | INFO  | DNAudit | user=null | ip=null | op=WRITE_CHUNK {blockData=conID: 1 locID: 102667710123606477 bcsId: 1630} | ret=SUCCESS |  
2019-08-23 18:28:57,116 | INFO  | DNAudit | user=null | ip=null | op=WRITE_CHUNK {blockData=conID: 1 locID: 102667710123606477 bcsId: 1630} | ret=SUCCESS |  
2019-08-23 18:28:57,116 | INFO  | DNAudit | user=null | ip=null | op=PUT_BLOCK {blockData=[blockId=conID: 1 locID: 102667710123606477 bcsId: 0,size=3145728]} | ret=SUCCESS |  
2019-08-23 18:28:57,118 | INFO  | DNAudit | user=null | ip=null | op=PUT_BLOCK {blockData=[blockId=conID: 1 locID: 102667710123606477 bcsId: 0,size=3145728]} | ret=SUCCESS |  
2019-08-23 18:28:57,119 | INFO  | DNAudit | user=null | ip=null | op=WRITE_CHUNK {blockData=conID: 1 locID: 102667710123606477 bcsId: 1636} | ret=SUCCESS |  
2019-08-23 18:28:57,121 | INFO  | DNAudit | user=null | ip=null | op=WRITE_CHUNK {blockData=conID: 1 locID: 102667710123606477 bcsId: 1636} | ret=SUCCESS |  
2019-08-23 18:28:57,121 | INFO  | DNAudit | user=null | ip=null | op=WRITE_CHUNK {blockData=conID: 1 locID: 102667710123606477 bcsId: 1636} | ret=SUCCESS |  
2019-08-23 18:28:57,123 | INFO  | DNAudit | user=null | ip=null | op=WRITE_CHUNK {blockData=conID: 1 locID: 102667710123606477 bcsId: 1636} | ret=SUCCESS |  
2019-08-23 18:28:57,124 | INFO  | DNAudit | user=null | ip=null | op=PUT_BLOCK {blockData=[blockId=conID: 1 locID: 102667710123606477 bcsId: 0,size=4194304]} | ret=SUCCESS |  
2019-08-23 18:28:57,124 [grpc-default-executor-5] INFO  client.GrpcClientProtocolClient (GrpcClientProtocolClient.java:onNext(255)) - client-19C32667576E->48affcab-e6e4-4602-963a-f6a50efbd54c: receive RaftClientReply:client-19C32667576E->48affcab-e6e4-4602-963a-f6a50efbd54c@group-50C56EAF5137, cid=1178, SUCCESS, logIndex=1639, commits[48affcab-e6e4-4602-963a-f6a50efbd54c:c1640, 7e391b60-07ae-4d97-a027-4756e468c032:c1638, c5f86d96-67df-4f25-bde3-316f439d30b3:c1636]
2019-08-23 18:28:57,124 [grpc-default-executor-5] INFO  client.GrpcClientProtocolClient (GrpcClientProtocolClient.java:onNext(255)) - client-19C32667576E->48affcab-e6e4-4602-963a-f6a50efbd54c: receive RaftClientReply:client-19C32667576E->48affcab-e6e4-4602-963a-f6a50efbd54c@group-50C56EAF5137, cid=1179, SUCCESS, logIndex=1640, commits[48affcab-e6e4-4602-963a-f6a50efbd54c:c1640, 7e391b60-07ae-4d97-a027-4756e468c032:c1638, c5f86d96-67df-4f25-bde3-316f439d30b3:c1636]
2019-08-23 18:28:57,125 | INFO  | DNAudit | user=null | ip=null | op=WRITE_CHUNK {blockData=conID: 1 locID: 102667710123606477 bcsId: 1636} | ret=SUCCESS |  
2019-08-23 18:28:57,128 | INFO  | DNAudit | user=null | ip=null | op=WRITE_CHUNK {blockData=conID: 1 locID: 102667710123606477 bcsId: 1636} | ret=SUCCESS |  
2019-08-23 18:28:57,128 | INFO  | DNAudit | user=null | ip=null | op=PUT_BLOCK {blockData=[blockId=conID: 1 locID: 102667710123606477 bcsId: 0,size=4194304]} | ret=SUCCESS |  
2019-08-23 18:28:57,128 | INFO  | DNAudit | user=null | ip=null | op=PUT_BLOCK {blockData=[blockId=conID: 1 locID: 102667710123606477 bcsId: 0,size=4194304]} | ret=SUCCESS |  
2019-08-23 18:28:57,128 [grpc-default-executor-5] INFO  client.GrpcClientProtocolClient (GrpcClientProtocolClient.java:onNext(255)) - client-19C32667576E->48affcab-e6e4-4602-963a-f6a50efbd54c: receive RaftClientReply:client-19C32667576E->48affcab-e6e4-4602-963a-f6a50efbd54c@group-50C56EAF5137, cid=1180, SUCCESS, logIndex=0, commits[48affcab-e6e4-4602-963a-f6a50efbd54c:c1642, 7e391b60-07ae-4d97-a027-4756e468c032:c1640, c5f86d96-67df-4f25-bde3-316f439d30b3:c1640]
2019-08-23 18:28:57,134 | INFO  | DNAudit | user=null | ip=null | op=WRITE_CHUNK {blockData=conID: 2 locID: 102667710123672014 bcsId: 0} | ret=SUCCESS |  
2019-08-23 18:28:57,137 | INFO  | DNAudit | user=null | ip=null | op=WRITE_CHUNK {blockData=conID: 2 locID: 102667710123672014 bcsId: 0} | ret=SUCCESS |  
2019-08-23 18:28:57,137 | INFO  | DNAudit | user=null | ip=null | op=WRITE_CHUNK {blockData=conID: 2 locID: 102667710123672014 bcsId: 0} | ret=SUCCESS |  
2019-08-23 18:28:57,137 | INFO  | DNAudit | user=null | ip=null | op=WRITE_CHUNK {blockData=conID: 2 locID: 102667710123672014 bcsId: 0} | ret=SUCCESS |  
2019-08-23 18:28:57,138 | INFO  | DNAudit | user=null | ip=null | op=WRITE_CHUNK {blockData=conID: 2 locID: 102667710123672014 bcsId: 0} | ret=SUCCESS |  
2019-08-23 18:28:57,138 | INFO  | DNAudit | user=null | ip=null | op=WRITE_CHUNK {blockData=conID: 2 locID: 102667710123672014 bcsId: 0} | ret=SUCCESS |  
2019-08-23 18:28:57,152 | INFO  | DNAudit | user=null | ip=null | op=WRITE_CHUNK {blockData=conID: 2 locID: 102667710123672014 bcsId: 0} | ret=SUCCESS |  
2019-08-23 18:28:57,153 | INFO  | DNAudit | user=null | ip=null | op=PUT_BLOCK {blockData=[blockId=conID: 2 locID: 102667710123672014 bcsId: 0,size=1048576]} | ret=SUCCESS |  
2019-08-23 18:28:57,153 [grpc-default-executor-3] INFO  client.GrpcClientProtocolClient (GrpcClientProtocolClient.java:onNext(255)) - client-19C32667576E->48affcab-e6e4-4602-963a-f6a50efbd54c: receive RaftClientReply:client-19C32667576E->48affcab-e6e4-4602-963a-f6a50efbd54c@group-50C56EAF5137, cid=1181, SUCCESS, logIndex=1643, commits[48affcab-e6e4-4602-963a-f6a50efbd54c:c1644, 7e391b60-07ae-4d97-a027-4756e468c032:c1642, c5f86d96-67df-4f25-bde3-316f439d30b3:c1642]
2019-08-23 18:28:57,153 | INFO  | DNAudit | user=null | ip=null | op=WRITE_CHUNK {blockData=conID: 2 locID: 102667710123672014 bcsId: 0} | ret=SUCCESS |  
2019-08-23 18:28:57,154 | INFO  | DNAudit | user=null | ip=null | op=PUT_BLOCK {blockData=[blockId=conID: 2 locID: 102667710123672014 bcsId: 0,size=2097152]} | ret=SUCCESS |  
2019-08-23 18:28:57,154 [grpc-default-executor-3] INFO  client.GrpcClientProtocolClient (GrpcClientProtocolClient.java:onNext(255)) - client-19C32667576E->48affcab-e6e4-4602-963a-f6a50efbd54c: receive RaftClientReply:client-19C32667576E->48affcab-e6e4-4602-963a-f6a50efbd54c@group-50C56EAF5137, cid=1182, SUCCESS, logIndex=1644, commits[48affcab-e6e4-4602-963a-f6a50efbd54c:c1644, 7e391b60-07ae-4d97-a027-4756e468c032:c1642, c5f86d96-67df-4f25-bde3-316f439d30b3:c1642]
2019-08-23 18:28:57,154 | INFO  | DNAudit | user=null | ip=null | op=WRITE_CHUNK {blockData=conID: 2 locID: 102667710123672014 bcsId: 0} | ret=SUCCESS |  
2019-08-23 18:28:57,154 [grpc-default-executor-3] INFO  client.GrpcClientProtocolClient (GrpcClientProtocolClient.java:onNext(255)) - client-19C32667576E->48affcab-e6e4-4602-963a-f6a50efbd54c: receive RaftClientReply:client-19C32667576E->48affcab-e6e4-4602-963a-f6a50efbd54c@group-50C56EAF5137, cid=1183, SUCCESS, logIndex=1645, commits[48affcab-e6e4-4602-963a-f6a50efbd54c:c1645, 7e391b60-07ae-4d97-a027-4756e468c032:c1642, c5f86d96-67df-4f25-bde3-316f439d30b3:c1642]
2019-08-23 18:28:57,154 | INFO  | DNAudit | user=null | ip=null | op=PUT_BLOCK {blockData=[blockId=conID: 2 locID: 102667710123672014 bcsId: 0,size=1048576]} | ret=SUCCESS |  
2019-08-23 18:28:57,154 [grpc-default-executor-3] INFO  client.GrpcClientProtocolClient (GrpcClientProtocolClient.java:onNext(255)) - client-19C32667576E->48affcab-e6e4-4602-963a-f6a50efbd54c: receive RaftClientReply:client-19C32667576E->48affcab-e6e4-4602-963a-f6a50efbd54c@group-50C56EAF5137, cid=1184, SUCCESS, logIndex=1646, commits[48affcab-e6e4-4602-963a-f6a50efbd54c:c1646, 7e391b60-07ae-4d97-a027-4756e468c032:c1642, c5f86d96-67df-4f25-bde3-316f439d30b3:c1642]
2019-08-23 18:28:57,155 | INFO  | DNAudit | user=null | ip=null | op=WRITE_CHUNK {blockData=conID: 2 locID: 102667710123672014 bcsId: 0} | ret=SUCCESS |  
2019-08-23 18:28:57,155 | INFO  | DNAudit | user=null | ip=null | op=PUT_BLOCK {blockData=[blockId=conID: 2 locID: 102667710123672014 bcsId: 0,size=1048576]} | ret=SUCCESS |  
2019-08-23 18:28:57,155 | INFO  | DNAudit | user=null | ip=null | op=WRITE_CHUNK {blockData=conID: 2 locID: 102667710123672014 bcsId: 0} | ret=SUCCESS |  
2019-08-23 18:28:57,155 | INFO  | DNAudit | user=null | ip=null | op=PUT_BLOCK {blockData=[blockId=conID: 2 locID: 102667710123672014 bcsId: 0,size=2097152]} | ret=SUCCESS |  
2019-08-23 18:28:57,155 [grpc-default-executor-5] INFO  client.GrpcClientProtocolClient (GrpcClientProtocolClient.java:onNext(255)) - client-19C32667576E->48affcab-e6e4-4602-963a-f6a50efbd54c: receive RaftClientReply:client-19C32667576E->48affcab-e6e4-4602-963a-f6a50efbd54c@group-50C56EAF5137, cid=1185, SUCCESS, logIndex=0, commits[48affcab-e6e4-4602-963a-f6a50efbd54c:c1648, 7e391b60-07ae-4d97-a027-4756e468c032:c1644, c5f86d96-67df-4f25-bde3-316f439d30b3:c1644]
2019-08-23 18:28:57,156 | INFO  | DNAudit | user=null | ip=null | op=WRITE_CHUNK {blockData=conID: 2 locID: 102667710123672014 bcsId: 0} | ret=SUCCESS |  
2019-08-23 18:28:57,156 | INFO  | DNAudit | user=null | ip=null | op=PUT_BLOCK {blockData=[blockId=conID: 2 locID: 102667710123672014 bcsId: 0,size=2097152]} | ret=SUCCESS |  
2019-08-23 18:28:57,160 | INFO  | DNAudit | user=null | ip=null | op=WRITE_CHUNK {blockData=conID: 2 locID: 102667710123672014 bcsId: 1646} | ret=SUCCESS |  
2019-08-23 18:28:57,162 | INFO  | DNAudit | user=null | ip=null | op=WRITE_CHUNK {blockData=conID: 2 locID: 102667710123672014 bcsId: 1646} | ret=SUCCESS |  
2019-08-23 18:28:57,162 | INFO  | DNAudit | user=null | ip=null | op=WRITE_CHUNK {blockData=conID: 2 locID: 102667710123672014 bcsId: 1646} | ret=SUCCESS |  
2019-08-23 18:28:57,169 | INFO  | DNAudit | user=null | ip=null | op=WRITE_CHUNK {blockData=conID: 2 locID: 102667710123672014 bcsId: 1646} | ret=SUCCESS |  
2019-08-23 18:28:57,170 | INFO  | DNAudit | user=null | ip=null | op=PUT_BLOCK {blockData=[blockId=conID: 2 locID: 102667710123672014 bcsId: 0,size=3145728]} | ret=SUCCESS |  
2019-08-23 18:28:57,170 [grpc-default-executor-3] INFO  client.GrpcClientProtocolClient (GrpcClientProtocolClient.java:onNext(255)) - client-19C32667576E->48affcab-e6e4-4602-963a-f6a50efbd54c: receive RaftClientReply:client-19C32667576E->48affcab-e6e4-4602-963a-f6a50efbd54c@group-50C56EAF5137, cid=1186, SUCCESS, logIndex=1651, commits[48affcab-e6e4-4602-963a-f6a50efbd54c:c1652, 7e391b60-07ae-4d97-a027-4756e468c032:c1650, c5f86d96-67df-4f25-bde3-316f439d30b3:c1650]
2019-08-23 18:28:57,170 [grpc-default-executor-3] INFO  client.GrpcClientProtocolClient (GrpcClientProtocolClient.java:onNext(255)) - client-19C32667576E->48affcab-e6e4-4602-963a-f6a50efbd54c: receive RaftClientReply:client-19C32667576E->48affcab-e6e4-4602-963a-f6a50efbd54c@group-50C56EAF5137, cid=1187, SUCCESS, logIndex=1652, commits[48affcab-e6e4-4602-963a-f6a50efbd54c:c1652, 7e391b60-07ae-4d97-a027-4756e468c032:c1650, c5f86d96-67df-4f25-bde3-316f439d30b3:c1650]
2019-08-23 18:28:57,175 | INFO  | DNAudit | user=null | ip=null | op=WRITE_CHUNK {blockData=conID: 2 locID: 102667710123672014 bcsId: 1652} | ret=SUCCESS |  
2019-08-23 18:28:57,177 | INFO  | DNAudit | user=null | ip=null | op=WRITE_CHUNK {blockData=conID: 2 locID: 102667710123672014 bcsId: 1652} | ret=SUCCESS |  
2019-08-23 18:28:57,177 | INFO  | DNAudit | user=null | ip=null | op=WRITE_CHUNK {blockData=conID: 2 locID: 102667710123672014 bcsId: 1652} | ret=SUCCESS |  
2019-08-23 18:28:57,181 | INFO  | DNAudit | user=null | ip=null | op=WRITE_CHUNK {blockData=conID: 2 locID: 102667710123672014 bcsId: 1646} | ret=SUCCESS |  
2019-08-23 18:28:57,181 | INFO  | DNAudit | user=null | ip=null | op=WRITE_CHUNK {blockData=conID: 2 locID: 102667710123672014 bcsId: 1646} | ret=SUCCESS |  
2019-08-23 18:28:57,182 | INFO  | DNAudit | user=null | ip=null | op=PUT_BLOCK {blockData=[blockId=conID: 2 locID: 102667710123672014 bcsId: 0,size=3145728]} | ret=SUCCESS |  
2019-08-23 18:28:57,182 | INFO  | DNAudit | user=null | ip=null | op=PUT_BLOCK {blockData=[blockId=conID: 2 locID: 102667710123672014 bcsId: 0,size=3145728]} | ret=SUCCESS |  
2019-08-23 18:28:57,182 | INFO  | DNAudit | user=null | ip=null | op=WRITE_CHUNK {blockData=conID: 2 locID: 102667710123672014 bcsId: 1652} | ret=SUCCESS |  
2019-08-23 18:28:57,183 | INFO  | DNAudit | user=null | ip=null | op=PUT_BLOCK {blockData=[blockId=conID: 2 locID: 102667710123672014 bcsId: 0,size=4194304]} | ret=SUCCESS |  
2019-08-23 18:28:57,183 [grpc-default-executor-4] INFO  client.GrpcClientProtocolClient (GrpcClientProtocolClient.java:onNext(255)) - client-19C32667576E->48affcab-e6e4-4602-963a-f6a50efbd54c: receive RaftClientReply:client-19C32667576E->48affcab-e6e4-4602-963a-f6a50efbd54c@group-50C56EAF5137, cid=1188, SUCCESS, logIndex=1655, commits[48affcab-e6e4-4602-963a-f6a50efbd54c:c1656, 7e391b60-07ae-4d97-a027-4756e468c032:c1652, c5f86d96-67df-4f25-bde3-316f439d30b3:c1652]
2019-08-23 18:28:57,183 [grpc-default-executor-4] INFO  client.GrpcClientProtocolClient (GrpcClientProtocolClient.java:onNext(255)) - client-19C32667576E->48affcab-e6e4-4602-963a-f6a50efbd54c: receive RaftClientReply:client-19C32667576E->48affcab-e6e4-4602-963a-f6a50efbd54c@group-50C56EAF5137, cid=1189, SUCCESS, logIndex=1656, commits[48affcab-e6e4-4602-963a-f6a50efbd54c:c1656, 7e391b60-07ae-4d97-a027-4756e468c032:c1652, c5f86d96-67df-4f25-bde3-316f439d30b3:c1652]
2019-08-23 18:28:57,210 | INFO  | DNAudit | user=null | ip=null | op=WRITE_CHUNK {blockData=conID: 2 locID: 102667710123672014 bcsId: 1652} | ret=SUCCESS |  
2019-08-23 18:28:57,210 | INFO  | DNAudit | user=null | ip=null | op=WRITE_CHUNK {blockData=conID: 2 locID: 102667710123672014 bcsId: 1652} | ret=SUCCESS |  
2019-08-23 18:28:57,213 | INFO  | DNAudit | user=null | ip=null | op=PUT_BLOCK {blockData=[blockId=conID: 2 locID: 102667710123672014 bcsId: 0,size=4194304]} | ret=SUCCESS |  
2019-08-23 18:28:57,213 | INFO  | DNAudit | user=null | ip=null | op=PUT_BLOCK {blockData=[blockId=conID: 2 locID: 102667710123672014 bcsId: 0,size=4194304]} | ret=SUCCESS |  
2019-08-23 18:28:57,214 [grpc-default-executor-4] INFO  client.GrpcClientProtocolClient (GrpcClientProtocolClient.java:onNext(255)) - client-19C32667576E->48affcab-e6e4-4602-963a-f6a50efbd54c: receive RaftClientReply:client-19C32667576E->48affcab-e6e4-4602-963a-f6a50efbd54c@group-50C56EAF5137, cid=1190, SUCCESS, logIndex=0, commits[48affcab-e6e4-4602-963a-f6a50efbd54c:c1658, 7e391b60-07ae-4d97-a027-4756e468c032:c1656, c5f86d96-67df-4f25-bde3-316f439d30b3:c1656]
2019-08-23 18:28:57,219 | INFO  | DNAudit | user=null | ip=null | op=WRITE_CHUNK {blockData=conID: 3 locID: 102667710123672015 bcsId: 0} | ret=SUCCESS |  
2019-08-23 18:28:57,221 | INFO  | DNAudit | user=null | ip=null | op=WRITE_CHUNK {blockData=conID: 3 locID: 102667710123672015 bcsId: 0} | ret=SUCCESS |  
2019-08-23 18:28:57,222 | INFO  | DNAudit | user=null | ip=null | op=WRITE_CHUNK {blockData=conID: 3 locID: 102667710123672015 bcsId: 0} | ret=SUCCESS |  
2019-08-23 18:28:57,222 | INFO  | DNAudit | user=null | ip=null | op=WRITE_CHUNK {blockData=conID: 3 locID: 102667710123672015 bcsId: 0} | ret=SUCCESS |  
2019-08-23 18:28:57,223 | INFO  | DNAudit | user=null | ip=null | op=WRITE_CHUNK {blockData=conID: 3 locID: 102667710123672015 bcsId: 0} | ret=SUCCESS |  
2019-08-23 18:28:57,223 | INFO  | DNAudit | user=null | ip=null | op=WRITE_CHUNK {blockData=conID: 3 locID: 102667710123672015 bcsId: 0} | ret=SUCCESS |  
2019-08-23 18:28:57,232 | INFO  | DNAudit | user=null | ip=null | op=WRITE_CHUNK {blockData=conID: 3 locID: 102667710123672015 bcsId: 0} | ret=SUCCESS |  
2019-08-23 18:28:57,232 | INFO  | DNAudit | user=null | ip=null | op=PUT_BLOCK {blockData=[blockId=conID: 3 locID: 102667710123672015 bcsId: 0,size=1048576]} | ret=SUCCESS |  
2019-08-23 18:28:57,232 | INFO  | DNAudit | user=null | ip=null | op=WRITE_CHUNK {blockData=conID: 3 locID: 102667710123672015 bcsId: 0} | ret=SUCCESS |  
2019-08-23 18:28:57,232 [grpc-default-executor-5] INFO  client.GrpcClientProtocolClient (GrpcClientProtocolClient.java:onNext(255)) - client-19C32667576E->48affcab-e6e4-4602-963a-f6a50efbd54c: receive RaftClientReply:client-19C32667576E->48affcab-e6e4-4602-963a-f6a50efbd54c@group-50C56EAF5137, cid=1191, SUCCESS, logIndex=1659, commits[48affcab-e6e4-4602-963a-f6a50efbd54c:c1661, 7e391b60-07ae-4d97-a027-4756e468c032:c1658, c5f86d96-67df-4f25-bde3-316f439d30b3:c1658]
2019-08-23 18:28:57,232 | INFO  | DNAudit | user=null | ip=null | op=PUT_BLOCK {blockData=[blockId=conID: 3 locID: 102667710123672015 bcsId: 0,size=2097152]} | ret=SUCCESS |  
2019-08-23 18:28:57,233 [grpc-default-executor-5] INFO  client.GrpcClientProtocolClient (GrpcClientProtocolClient.java:onNext(255)) - client-19C32667576E->48affcab-e6e4-4602-963a-f6a50efbd54c: receive RaftClientReply:client-19C32667576E->48affcab-e6e4-4602-963a-f6a50efbd54c@group-50C56EAF5137, cid=1192, SUCCESS, logIndex=1660, commits[48affcab-e6e4-4602-963a-f6a50efbd54c:c1662, 7e391b60-07ae-4d97-a027-4756e468c032:c1658, c5f86d96-67df-4f25-bde3-316f439d30b3:c1658]
2019-08-23 18:28:57,233 [grpc-default-executor-5] INFO  client.GrpcClientProtocolClient (GrpcClientProtocolClient.java:onNext(255)) - client-19C32667576E->48affcab-e6e4-4602-963a-f6a50efbd54c: receive RaftClientReply:client-19C32667576E->48affcab-e6e4-4602-963a-f6a50efbd54c@group-50C56EAF5137, cid=1193, SUCCESS, logIndex=1661, commits[48affcab-e6e4-4602-963a-f6a50efbd54c:c1662, 7e391b60-07ae-4d97-a027-4756e468c032:c1658, c5f86d96-67df-4f25-bde3-316f439d30b3:c1658]
2019-08-23 18:28:57,233 | INFO  | DNAudit | user=null | ip=null | op=WRITE_CHUNK {blockData=conID: 3 locID: 102667710123672015 bcsId: 0} | ret=SUCCESS |  
2019-08-23 18:28:57,233 [grpc-default-executor-5] INFO  client.GrpcClientProtocolClient (GrpcClientProtocolClient.java:onNext(255)) - client-19C32667576E->48affcab-e6e4-4602-963a-f6a50efbd54c: receive RaftClientReply:client-19C32667576E->48affcab-e6e4-4602-963a-f6a50efbd54c@group-50C56EAF5137, cid=1194, SUCCESS, logIndex=1662, commits[48affcab-e6e4-4602-963a-f6a50efbd54c:c1662, 7e391b60-07ae-4d97-a027-4756e468c032:c1658, c5f86d96-67df-4f25-bde3-316f439d30b3:c1658]
2019-08-23 18:28:57,233 | INFO  | DNAudit | user=null | ip=null | op=WRITE_CHUNK {blockData=conID: 3 locID: 102667710123672015 bcsId: 0} | ret=SUCCESS |  
2019-08-23 18:28:57,234 | INFO  | DNAudit | user=null | ip=null | op=PUT_BLOCK {blockData=[blockId=conID: 3 locID: 102667710123672015 bcsId: 0,size=1048576]} | ret=SUCCESS |  
2019-08-23 18:28:57,234 | INFO  | DNAudit | user=null | ip=null | op=WRITE_CHUNK {blockData=conID: 3 locID: 102667710123672015 bcsId: 0} | ret=SUCCESS |  
2019-08-23 18:28:57,234 | INFO  | DNAudit | user=null | ip=null | op=PUT_BLOCK {blockData=[blockId=conID: 3 locID: 102667710123672015 bcsId: 0,size=1048576]} | ret=SUCCESS |  
2019-08-23 18:28:57,234 | INFO  | DNAudit | user=null | ip=null | op=WRITE_CHUNK {blockData=conID: 3 locID: 102667710123672015 bcsId: 0} | ret=SUCCESS |  
2019-08-23 18:28:57,234 | INFO  | DNAudit | user=null | ip=null | op=PUT_BLOCK {blockData=[blockId=conID: 3 locID: 102667710123672015 bcsId: 0,size=2097152]} | ret=SUCCESS |  
2019-08-23 18:28:57,234 [grpc-default-executor-4] INFO  client.GrpcClientProtocolClient (GrpcClientProtocolClient.java:onNext(255)) - client-19C32667576E->48affcab-e6e4-4602-963a-f6a50efbd54c: receive RaftClientReply:client-19C32667576E->48affcab-e6e4-4602-963a-f6a50efbd54c@group-50C56EAF5137, cid=1195, SUCCESS, logIndex=0, commits[48affcab-e6e4-4602-963a-f6a50efbd54c:c1663, 7e391b60-07ae-4d97-a027-4756e468c032:c1660, c5f86d96-67df-4f25-bde3-316f439d30b3:c1661]
2019-08-23 18:28:57,235 | INFO  | DNAudit | user=null | ip=null | op=PUT_BLOCK {blockData=[blockId=conID: 3 locID: 102667710123672015 bcsId: 0,size=2097152]} | ret=SUCCESS |  
2019-08-23 18:28:57,235 | INFO  | SCMAudit | user=jenkins1000 | ip=192.168.34.23 | op=SEND_HEARTBEAT {datanodeUUID=c83cddd0-22b5-491d-bff0-a36373498de2, command=[]} | ret=SUCCESS |  
2019-08-23 18:28:57,240 | INFO  | DNAudit | user=null | ip=null | op=WRITE_CHUNK {blockData=conID: 3 locID: 102667710123672015 bcsId: 1662} | ret=SUCCESS |  
2019-08-23 18:28:57,242 | INFO  | DNAudit | user=null | ip=null | op=WRITE_CHUNK {blockData=conID: 3 locID: 102667710123672015 bcsId: 1662} | ret=SUCCESS |  
2019-08-23 18:28:57,243 | INFO  | DNAudit | user=null | ip=null | op=WRITE_CHUNK {blockData=conID: 3 locID: 102667710123672015 bcsId: 1662} | ret=SUCCESS |  
2019-08-23 18:28:57,252 | INFO  | DNAudit | user=null | ip=null | op=WRITE_CHUNK {blockData=conID: 3 locID: 102667710123672015 bcsId: 1662} | ret=SUCCESS |  
2019-08-23 18:28:57,253 | INFO  | DNAudit | user=null | ip=null | op=PUT_BLOCK {blockData=[blockId=conID: 3 locID: 102667710123672015 bcsId: 0,size=3145728]} | ret=SUCCESS |  
2019-08-23 18:28:57,253 [grpc-default-executor-5] INFO  client.GrpcClientProtocolClient (GrpcClientProtocolClient.java:onNext(255)) - client-19C32667576E->48affcab-e6e4-4602-963a-f6a50efbd54c: receive RaftClientReply:client-19C32667576E->48affcab-e6e4-4602-963a-f6a50efbd54c@group-50C56EAF5137, cid=1196, SUCCESS, logIndex=1667, commits[48affcab-e6e4-4602-963a-f6a50efbd54c:c1668, 7e391b60-07ae-4d97-a027-4756e468c032:c1666, c5f86d96-67df-4f25-bde3-316f439d30b3:c1666]
2019-08-23 18:28:57,253 [grpc-default-executor-5] INFO  client.GrpcClientProtocolClient (GrpcClientProtocolClient.java:onNext(255)) - client-19C32667576E->48affcab-e6e4-4602-963a-f6a50efbd54c: receive RaftClientReply:client-19C32667576E->48affcab-e6e4-4602-963a-f6a50efbd54c@group-50C56EAF5137, cid=1197, SUCCESS, logIndex=1668, commits[48affcab-e6e4-4602-963a-f6a50efbd54c:c1668, 7e391b60-07ae-4d97-a027-4756e468c032:c1666, c5f86d96-67df-4f25-bde3-316f439d30b3:c1666]
2019-08-23 18:28:57,259 | INFO  | DNAudit | user=null | ip=null | op=WRITE_CHUNK {blockData=conID: 3 locID: 102667710123672015 bcsId: 1668} | ret=SUCCESS |  
2019-08-23 18:28:57,261 | INFO  | DNAudit | user=null | ip=null | op=WRITE_CHUNK {blockData=conID: 3 locID: 102667710123672015 bcsId: 1668} | ret=SUCCESS |  
2019-08-23 18:28:57,262 | INFO  | DNAudit | user=null | ip=null | op=WRITE_CHUNK {blockData=conID: 3 locID: 102667710123672015 bcsId: 1668} | ret=SUCCESS |  
2019-08-23 18:28:57,264 | INFO  | DNAudit | user=null | ip=null | op=WRITE_CHUNK {blockData=conID: 3 locID: 102667710123672015 bcsId: 1662} | ret=SUCCESS |  
2019-08-23 18:28:57,264 | INFO  | DNAudit | user=null | ip=null | op=WRITE_CHUNK {blockData=conID: 3 locID: 102667710123672015 bcsId: 1662} | ret=SUCCESS |  
2019-08-23 18:28:57,264 | INFO  | DNAudit | user=null | ip=null | op=PUT_BLOCK {blockData=[blockId=conID: 3 locID: 102667710123672015 bcsId: 0,size=3145728]} | ret=SUCCESS |  
2019-08-23 18:28:57,264 | INFO  | DNAudit | user=null | ip=null | op=PUT_BLOCK {blockData=[blockId=conID: 3 locID: 102667710123672015 bcsId: 0,size=3145728]} | ret=SUCCESS |  
2019-08-23 18:28:57,266 | INFO  | DNAudit | user=null | ip=null | op=WRITE_CHUNK {blockData=conID: 3 locID: 102667710123672015 bcsId: 1668} | ret=SUCCESS |  
2019-08-23 18:28:57,266 | INFO  | DNAudit | user=null | ip=null | op=PUT_BLOCK {blockData=[blockId=conID: 3 locID: 102667710123672015 bcsId: 0,size=4194304]} | ret=SUCCESS |  
2019-08-23 18:28:57,266 [grpc-default-executor-0] INFO  client.GrpcClientProtocolClient (GrpcClientProtocolClient.java:onNext(255)) - client-19C32667576E->48affcab-e6e4-4602-963a-f6a50efbd54c: receive RaftClientReply:client-19C32667576E->48affcab-e6e4-4602-963a-f6a50efbd54c@group-50C56EAF5137, cid=1198, SUCCESS, logIndex=1671, commits[48affcab-e6e4-4602-963a-f6a50efbd54c:c1672, 7e391b60-07ae-4d97-a027-4756e468c032:c1668, c5f86d96-67df-4f25-bde3-316f439d30b3:c1668]
2019-08-23 18:28:57,267 [grpc-default-executor-0] INFO  client.GrpcClientProtocolClient (GrpcClientProtocolClient.java:onNext(255)) - client-19C32667576E->48affcab-e6e4-4602-963a-f6a50efbd54c: receive RaftClientReply:client-19C32667576E->48affcab-e6e4-4602-963a-f6a50efbd54c@group-50C56EAF5137, cid=1199, SUCCESS, logIndex=1672, commits[48affcab-e6e4-4602-963a-f6a50efbd54c:c1672, 7e391b60-07ae-4d97-a027-4756e468c032:c1668, c5f86d96-67df-4f25-bde3-316f439d30b3:c1668]
2019-08-23 18:28:57,277 | INFO  | DNAudit | user=null | ip=null | op=WRITE_CHUNK {blockData=conID: 3 locID: 102667710123672015 bcsId: 1668} | ret=SUCCESS |  
2019-08-23 18:28:57,277 | INFO  | DNAudit | user=null | ip=null | op=WRITE_CHUNK {blockData=conID: 3 locID: 102667710123672015 bcsId: 1668} | ret=SUCCESS |  
2019-08-23 18:28:57,278 | INFO  | DNAudit | user=null | ip=null | op=PUT_BLOCK {blockData=[blockId=conID: 3 locID: 102667710123672015 bcsId: 0,size=4194304]} | ret=SUCCESS |  
2019-08-23 18:28:57,278 | INFO  | DNAudit | user=null | ip=null | op=PUT_BLOCK {blockData=[blockId=conID: 3 locID: 102667710123672015 bcsId: 0,size=4194304]} | ret=SUCCESS |  
2019-08-23 18:28:57,278 [grpc-default-executor-0] INFO  client.GrpcClientProtocolClient (GrpcClientProtocolClient.java:onNext(255)) - client-19C32667576E->48affcab-e6e4-4602-963a-f6a50efbd54c: receive RaftClientReply:client-19C32667576E->48affcab-e6e4-4602-963a-f6a50efbd54c@group-50C56EAF5137, cid=1200, SUCCESS, logIndex=0, commits[48affcab-e6e4-4602-963a-f6a50efbd54c:c1672, 7e391b60-07ae-4d97-a027-4756e468c032:c1672, c5f86d96-67df-4f25-bde3-316f439d30b3:c1672]
2019-08-23 18:28:57,284 | INFO  | DNAudit | user=null | ip=null | op=WRITE_CHUNK {blockData=conID: 1 locID: 102667710123672016 bcsId: 0} | ret=SUCCESS |  
2019-08-23 18:28:57,286 | INFO  | DNAudit | user=null | ip=null | op=WRITE_CHUNK {blockData=conID: 1 locID: 102667710123672016 bcsId: 0} | ret=SUCCESS |  
2019-08-23 18:28:57,286 | INFO  | DNAudit | user=null | ip=null | op=WRITE_CHUNK {blockData=conID: 1 locID: 102667710123672016 bcsId: 0} | ret=SUCCESS |  
2019-08-23 18:28:57,287 | INFO  | DNAudit | user=null | ip=null | op=WRITE_CHUNK {blockData=conID: 1 locID: 102667710123672016 bcsId: 0} | ret=SUCCESS |  
2019-08-23 18:28:57,289 | INFO  | DNAudit | user=null | ip=null | op=WRITE_CHUNK {blockData=conID: 1 locID: 102667710123672016 bcsId: 0} | ret=SUCCESS |  
2019-08-23 18:28:57,289 | INFO  | DNAudit | user=null | ip=null | op=WRITE_CHUNK {blockData=conID: 1 locID: 102667710123672016 bcsId: 0} | ret=SUCCESS |  
2019-08-23 18:28:57,289 | INFO  | DNAudit | user=null | ip=null | op=WRITE_CHUNK {blockData=conID: 1 locID: 102667710123672016 bcsId: 0} | ret=SUCCESS |  
2019-08-23 18:28:57,290 | INFO  | DNAudit | user=null | ip=null | op=PUT_BLOCK {blockData=[blockId=conID: 1 locID: 102667710123672016 bcsId: 0,size=1048576]} | ret=SUCCESS |  
2019-08-23 18:28:57,290 [grpc-default-executor-5] INFO  client.GrpcClientProtocolClient (GrpcClientProtocolClient.java:onNext(255)) - client-19C32667576E->48affcab-e6e4-4602-963a-f6a50efbd54c: receive RaftClientReply:client-19C32667576E->48affcab-e6e4-4602-963a-f6a50efbd54c@group-50C56EAF5137, cid=1201, SUCCESS, logIndex=1675, commits[48affcab-e6e4-4602-963a-f6a50efbd54c:c1675, 7e391b60-07ae-4d97-a027-4756e468c032:c1674, c5f86d96-67df-4f25-bde3-316f439d30b3:c1674]
2019-08-23 18:28:57,290 [grpc-default-executor-5] INFO  client.GrpcClientProtocolClient (GrpcClientProtocolClient.java:onNext(255)) - client-19C32667576E->48affcab-e6e4-4602-963a-f6a50efbd54c: receive RaftClientReply:client-19C32667576E->48affcab-e6e4-4602-963a-f6a50efbd54c@group-50C56EAF5137, cid=1202, SUCCESS, logIndex=1676, commits[48affcab-e6e4-4602-963a-f6a50efbd54c:c1676, 7e391b60-07ae-4d97-a027-4756e468c032:c1674, c5f86d96-67df-4f25-bde3-316f439d30b3:c1674]
2019-08-23 18:28:57,291 | INFO  | DNAudit | user=null | ip=null | op=WRITE_CHUNK {blockData=conID: 1 locID: 102667710123672016 bcsId: 0} | ret=SUCCESS |  
2019-08-23 18:28:57,292 | INFO  | DNAudit | user=null | ip=null | op=PUT_BLOCK {blockData=[blockId=conID: 1 locID: 102667710123672016 bcsId: 0,size=2097152]} | ret=SUCCESS |  
2019-08-23 18:28:57,292 [grpc-default-executor-0] INFO  client.GrpcClientProtocolClient (GrpcClientProtocolClient.java:onNext(255)) - client-19C32667576E->48affcab-e6e4-4602-963a-f6a50efbd54c: receive RaftClientReply:client-19C32667576E->48affcab-e6e4-4602-963a-f6a50efbd54c@group-50C56EAF5137, cid=1203, SUCCESS, logIndex=1677, commits[48affcab-e6e4-4602-963a-f6a50efbd54c:c1678, 7e391b60-07ae-4d97-a027-4756e468c032:c1674, c5f86d96-67df-4f25-bde3-316f439d30b3:c1674]
2019-08-23 18:28:57,292 [grpc-default-executor-0] INFO  client.GrpcClientProtocolClient (GrpcClientProtocolClient.java:onNext(255)) - client-19C32667576E->48affcab-e6e4-4602-963a-f6a50efbd54c: receive RaftClientReply:client-19C32667576E->48affcab-e6e4-4602-963a-f6a50efbd54c@group-50C56EAF5137, cid=1204, SUCCESS, logIndex=1678, commits[48affcab-e6e4-4602-963a-f6a50efbd54c:c1678, 7e391b60-07ae-4d97-a027-4756e468c032:c1674, c5f86d96-67df-4f25-bde3-316f439d30b3:c1674]
2019-08-23 18:28:57,292 | INFO  | DNAudit | user=null | ip=null | op=WRITE_CHUNK {blockData=conID: 1 locID: 102667710123672016 bcsId: 0} | ret=SUCCESS |  
2019-08-23 18:28:57,293 | INFO  | DNAudit | user=null | ip=null | op=WRITE_CHUNK {blockData=conID: 1 locID: 102667710123672016 bcsId: 0} | ret=SUCCESS |  
2019-08-23 18:28:57,293 | INFO  | DNAudit | user=null | ip=null | op=PUT_BLOCK {blockData=[blockId=conID: 1 locID: 102667710123672016 bcsId: 0,size=1048576]} | ret=SUCCESS |  
2019-08-23 18:28:57,293 | INFO  | DNAudit | user=null | ip=null | op=PUT_BLOCK {blockData=[blockId=conID: 1 locID: 102667710123672016 bcsId: 0,size=1048576]} | ret=SUCCESS |  
2019-08-23 18:28:57,293 [grpc-default-executor-5] INFO  client.GrpcClientProtocolClient (GrpcClientProtocolClient.java:onNext(255)) - client-19C32667576E->48affcab-e6e4-4602-963a-f6a50efbd54c: receive RaftClientReply:client-19C32667576E->48affcab-e6e4-4602-963a-f6a50efbd54c@group-50C56EAF5137, cid=1205, SUCCESS, logIndex=0, commits[48affcab-e6e4-4602-963a-f6a50efbd54c:c1680, 7e391b60-07ae-4d97-a027-4756e468c032:c1676, c5f86d96-67df-4f25-bde3-316f439d30b3:c1676]
2019-08-23 18:28:57,294 | INFO  | DNAudit | user=null | ip=null | op=WRITE_CHUNK {blockData=conID: 1 locID: 102667710123672016 bcsId: 0} | ret=SUCCESS |  
2019-08-23 18:28:57,294 | INFO  | DNAudit | user=null | ip=null | op=WRITE_CHUNK {blockData=conID: 1 locID: 102667710123672016 bcsId: 0} | ret=SUCCESS |  
2019-08-23 18:28:57,294 | INFO  | DNAudit | user=null | ip=null | op=PUT_BLOCK {blockData=[blockId=conID: 1 locID: 102667710123672016 bcsId: 0,size=2097152]} | ret=SUCCESS |  
2019-08-23 18:28:57,294 | INFO  | DNAudit | user=null | ip=null | op=PUT_BLOCK {blockData=[blockId=conID: 1 locID: 102667710123672016 bcsId: 0,size=2097152]} | ret=SUCCESS |  
2019-08-23 18:28:57,299 | INFO  | DNAudit | user=null | ip=null | op=WRITE_CHUNK {blockData=conID: 1 locID: 102667710123672016 bcsId: 1678} | ret=SUCCESS |  
2019-08-23 18:28:57,301 | INFO  | DNAudit | user=null | ip=null | op=WRITE_CHUNK {blockData=conID: 1 locID: 102667710123672016 bcsId: 1678} | ret=SUCCESS |  
2019-08-23 18:28:57,301 | INFO  | DNAudit | user=null | ip=null | op=WRITE_CHUNK {blockData=conID: 1 locID: 102667710123672016 bcsId: 1678} | ret=SUCCESS |  
2019-08-23 18:28:57,304 | INFO  | DNAudit | user=null | ip=null | op=WRITE_CHUNK {blockData=conID: 1 locID: 102667710123672016 bcsId: 1678} | ret=SUCCESS |  
2019-08-23 18:28:57,304 | INFO  | DNAudit | user=null | ip=null | op=PUT_BLOCK {blockData=[blockId=conID: 1 locID: 102667710123672016 bcsId: 0,size=3145728]} | ret=SUCCESS |  
2019-08-23 18:28:57,304 [grpc-default-executor-3] INFO  client.GrpcClientProtocolClient (GrpcClientProtocolClient.java:onNext(255)) - client-19C32667576E->48affcab-e6e4-4602-963a-f6a50efbd54c: receive RaftClientReply:client-19C32667576E->48affcab-e6e4-4602-963a-f6a50efbd54c@group-50C56EAF5137, cid=1206, SUCCESS, logIndex=1683, commits[48affcab-e6e4-4602-963a-f6a50efbd54c:c1684, 7e391b60-07ae-4d97-a027-4756e468c032:c1682, c5f86d96-67df-4f25-bde3-316f439d30b3:c1678]
2019-08-23 18:28:57,304 [grpc-default-executor-3] INFO  client.GrpcClientProtocolClient (GrpcClientProtocolClient.java:onNext(255)) - client-19C32667576E->48affcab-e6e4-4602-963a-f6a50efbd54c: receive RaftClientReply:client-19C32667576E->48affcab-e6e4-4602-963a-f6a50efbd54c@group-50C56EAF5137, cid=1207, SUCCESS, logIndex=1684, commits[48affcab-e6e4-4602-963a-f6a50efbd54c:c1684, 7e391b60-07ae-4d97-a027-4756e468c032:c1682, c5f86d96-67df-4f25-bde3-316f439d30b3:c1682]
2019-08-23 18:28:57,305 | INFO  | DNAudit | user=null | ip=null | op=WRITE_CHUNK {blockData=conID: 1 locID: 102667710123672016 bcsId: 1678} | ret=SUCCESS |  
2019-08-23 18:28:57,305 | INFO  | DNAudit | user=null | ip=null | op=PUT_BLOCK {blockData=[blockId=conID: 1 locID: 102667710123672016 bcsId: 0,size=3145728]} | ret=SUCCESS |  
2019-08-23 18:28:57,306 | INFO  | DNAudit | user=null | ip=null | op=WRITE_CHUNK {blockData=conID: 1 locID: 102667710123672016 bcsId: 1678} | ret=SUCCESS |  
2019-08-23 18:28:57,306 | INFO  | DNAudit | user=null | ip=null | op=PUT_BLOCK {blockData=[blockId=conID: 1 locID: 102667710123672016 bcsId: 0,size=3145728]} | ret=SUCCESS |  
2019-08-23 18:28:57,310 | INFO  | DNAudit | user=null | ip=null | op=WRITE_CHUNK {blockData=conID: 1 locID: 102667710123672016 bcsId: 1684} | ret=SUCCESS |  
 0.00% |█                                                                                                    |  0/1 Time: 0:00:052019-08-23 18:28:57,396 | INFO  | DNAudit | user=null | ip=null | op=WRITE_CHUNK {blockData=conID: 1 locID: 102667710123672016 bcsId: 1684} | ret=SUCCESS |  
2019-08-23 18:28:57,398 | INFO  | DNAudit | user=null | ip=null | op=WRITE_CHUNK {blockData=conID: 1 locID: 102667710123672016 bcsId: 1684} | ret=SUCCESS |  
2019-08-23 18:28:57,408 | INFO  | DNAudit | user=null | ip=null | op=WRITE_CHUNK {blockData=conID: 1 locID: 102667710123672016 bcsId: 1684} | ret=SUCCESS |  
2019-08-23 18:28:57,408 | INFO  | DNAudit | user=null | ip=null | op=PUT_BLOCK {blockData=[blockId=conID: 1 locID: 102667710123672016 bcsId: 0,size=4194304]} | ret=SUCCESS |  
2019-08-23 18:28:57,408 [grpc-default-executor-3] INFO  client.GrpcClientProtocolClient (GrpcClientProtocolClient.java:onNext(255)) - client-19C32667576E->48affcab-e6e4-4602-963a-f6a50efbd54c: receive RaftClientReply:client-19C32667576E->48affcab-e6e4-4602-963a-f6a50efbd54c@group-50C56EAF5137, cid=1208, SUCCESS, logIndex=1687, commits[48affcab-e6e4-4602-963a-f6a50efbd54c:c1688, 7e391b60-07ae-4d97-a027-4756e468c032:c1684, c5f86d96-67df-4f25-bde3-316f439d30b3:c1686]
2019-08-23 18:28:57,409 [grpc-default-executor-3] INFO  client.GrpcClientProtocolClient (GrpcClientProtocolClient.java:onNext(255)) - client-19C32667576E->48affcab-e6e4-4602-963a-f6a50efbd54c: receive RaftClientReply:client-19C32667576E->48affcab-e6e4-4602-963a-f6a50efbd54c@group-50C56EAF5137, cid=1209, SUCCESS, logIndex=1688, commits[48affcab-e6e4-4602-963a-f6a50efbd54c:c1688, 7e391b60-07ae-4d97-a027-4756e468c032:c1686, c5f86d96-67df-4f25-bde3-316f439d30b3:c1686]
2019-08-23 18:28:57,409 | INFO  | DNAudit | user=null | ip=null | op=WRITE_CHUNK {blockData=conID: 1 locID: 102667710123672016 bcsId: 1684} | ret=SUCCESS |  
2019-08-23 18:28:57,410 | INFO  | DNAudit | user=null | ip=null | op=PUT_BLOCK {blockData=[blockId=conID: 1 locID: 102667710123672016 bcsId: 0,size=4194304]} | ret=SUCCESS |  
2019-08-23 18:28:57,410 | INFO  | DNAudit | user=null | ip=null | op=WRITE_CHUNK {blockData=conID: 1 locID: 102667710123672016 bcsId: 1684} | ret=SUCCESS |  
2019-08-23 18:28:57,410 [grpc-default-executor-3] INFO  client.GrpcClientProtocolClient (GrpcClientProtocolClient.java:onNext(255)) - client-19C32667576E->48affcab-e6e4-4602-963a-f6a50efbd54c: receive RaftClientReply:client-19C32667576E->48affcab-e6e4-4602-963a-f6a50efbd54c@group-50C56EAF5137, cid=1210, SUCCESS, logIndex=0, commits[48affcab-e6e4-4602-963a-f6a50efbd54c:c1689, 7e391b60-07ae-4d97-a027-4756e468c032:c1688, c5f86d96-67df-4f25-bde3-316f439d30b3:c1688]
2019-08-23 18:28:57,410 | INFO  | DNAudit | user=null | ip=null | op=PUT_BLOCK {blockData=[blockId=conID: 1 locID: 102667710123672016 bcsId: 0,size=4194304]} | ret=SUCCESS |  
2019-08-23 18:28:57,416 | INFO  | DNAudit | user=null | ip=null | op=WRITE_CHUNK {blockData=conID: 2 locID: 102667710123672017 bcsId: 0} | ret=SUCCESS |  
2019-08-23 18:28:57,419 | INFO  | DNAudit | user=null | ip=null | op=WRITE_CHUNK {blockData=conID: 2 locID: 102667710123672017 bcsId: 0} | ret=SUCCESS |  
2019-08-23 18:28:57,419 | INFO  | DNAudit | user=null | ip=null | op=WRITE_CHUNK {blockData=conID: 2 locID: 102667710123672017 bcsId: 0} | ret=SUCCESS |  
2019-08-23 18:28:57,421 | INFO  | DNAudit | user=null | ip=null | op=WRITE_CHUNK {blockData=conID: 2 locID: 102667710123672017 bcsId: 0} | ret=SUCCESS |  
2019-08-23 18:28:57,422 | INFO  | DNAudit | user=null | ip=null | op=WRITE_CHUNK {blockData=conID: 2 locID: 102667710123672017 bcsId: 0} | ret=SUCCESS |  
2019-08-23 18:28:57,422 | INFO  | DNAudit | user=null | ip=null | op=WRITE_CHUNK {blockData=conID: 2 locID: 102667710123672017 bcsId: 0} | ret=SUCCESS |  
2019-08-23 18:28:57,422 | INFO  | DNAudit | user=null | ip=null | op=WRITE_CHUNK {blockData=conID: 2 locID: 102667710123672017 bcsId: 0} | ret=SUCCESS |  
2019-08-23 18:28:57,423 | INFO  | DNAudit | user=null | ip=null | op=PUT_BLOCK {blockData=[blockId=conID: 2 locID: 102667710123672017 bcsId: 0,size=1048576]} | ret=SUCCESS |  
2019-08-23 18:28:57,423 [grpc-default-executor-0] INFO  client.GrpcClientProtocolClient (GrpcClientProtocolClient.java:onNext(255)) - client-19C32667576E->48affcab-e6e4-4602-963a-f6a50efbd54c: receive RaftClientReply:client-19C32667576E->48affcab-e6e4-4602-963a-f6a50efbd54c@group-50C56EAF5137, cid=1211, SUCCESS, logIndex=1691, commits[48affcab-e6e4-4602-963a-f6a50efbd54c:c1692, 7e391b60-07ae-4d97-a027-4756e468c032:c1690, c5f86d96-67df-4f25-bde3-316f439d30b3:c1688]
2019-08-23 18:28:57,424 [grpc-default-executor-0] INFO  client.GrpcClientProtocolClient (GrpcClientProtocolClient.java:onNext(255)) - client-19C32667576E->48affcab-e6e4-4602-963a-f6a50efbd54c: receive RaftClientReply:client-19C32667576E->48affcab-e6e4-4602-963a-f6a50efbd54c@group-50C56EAF5137, cid=1212, SUCCESS, logIndex=1692, commits[48affcab-e6e4-4602-963a-f6a50efbd54c:c1692, 7e391b60-07ae-4d97-a027-4756e468c032:c1690, c5f86d96-67df-4f25-bde3-316f439d30b3:c1688]
2019-08-23 18:28:57,424 | INFO  | DNAudit | user=null | ip=null | op=WRITE_CHUNK {blockData=conID: 2 locID: 102667710123672017 bcsId: 0} | ret=SUCCESS |  
2019-08-23 18:28:57,424 | INFO  | DNAudit | user=null | ip=null | op=PUT_BLOCK {blockData=[blockId=conID: 2 locID: 102667710123672017 bcsId: 0,size=2097152]} | ret=SUCCESS |  
2019-08-23 18:28:57,424 [grpc-default-executor-3] INFO  client.GrpcClientProtocolClient (GrpcClientProtocolClient.java:onNext(255)) - client-19C32667576E->48affcab-e6e4-4602-963a-f6a50efbd54c: receive RaftClientReply:client-19C32667576E->48affcab-e6e4-4602-963a-f6a50efbd54c@group-50C56EAF5137, cid=1213, SUCCESS, logIndex=1693, commits[48affcab-e6e4-4602-963a-f6a50efbd54c:c1694, 7e391b60-07ae-4d97-a027-4756e468c032:c1690, c5f86d96-67df-4f25-bde3-316f439d30b3:c1690]
2019-08-23 18:28:57,425 [grpc-default-executor-3] INFO  client.GrpcClientProtocolClient (GrpcClientProtocolClient.java:onNext(255)) - client-19C32667576E->48affcab-e6e4-4602-963a-f6a50efbd54c: receive RaftClientReply:client-19C32667576E->48affcab-e6e4-4602-963a-f6a50efbd54c@group-50C56EAF5137, cid=1214, SUCCESS, logIndex=1694, commits[48affcab-e6e4-4602-963a-f6a50efbd54c:c1694, 7e391b60-07ae-4d97-a027-4756e468c032:c1690, c5f86d96-67df-4f25-bde3-316f439d30b3:c1690]
2019-08-23 18:28:57,425 | INFO  | DNAudit | user=null | ip=null | op=WRITE_CHUNK {blockData=conID: 2 locID: 102667710123672017 bcsId: 0} | ret=SUCCESS |  
2019-08-23 18:28:57,425 | INFO  | DNAudit | user=null | ip=null | op=PUT_BLOCK {blockData=[blockId=conID: 2 locID: 102667710123672017 bcsId: 0,size=1048576]} | ret=SUCCESS |  
2019-08-23 18:28:57,426 | INFO  | DNAudit | user=null | ip=null | op=WRITE_CHUNK {blockData=conID: 2 locID: 102667710123672017 bcsId: 0} | ret=SUCCESS |  
2019-08-23 18:28:57,426 [grpc-default-executor-3] INFO  client.GrpcClientProtocolClient (GrpcClientProtocolClient.java:onNext(255)) - client-19C32667576E->48affcab-e6e4-4602-963a-f6a50efbd54c: receive RaftClientReply:client-19C32667576E->48affcab-e6e4-4602-963a-f6a50efbd54c@group-50C56EAF5137, cid=1215, SUCCESS, logIndex=0, commits[48affcab-e6e4-4602-963a-f6a50efbd54c:c1696, 7e391b60-07ae-4d97-a027-4756e468c032:c1692, c5f86d96-67df-4f25-bde3-316f439d30b3:c1692]
2019-08-23 18:28:57,426 | INFO  | DNAudit | user=null | ip=null | op=PUT_BLOCK {blockData=[blockId=conID: 2 locID: 102667710123672017 bcsId: 0,size=1048576]} | ret=SUCCESS |  
2019-08-23 18:28:57,426 | INFO  | DNAudit | user=null | ip=null | op=WRITE_CHUNK {blockData=conID: 2 locID: 102667710123672017 bcsId: 0} | ret=SUCCESS |  
2019-08-23 18:28:57,426 | INFO  | DNAudit | user=null | ip=null | op=PUT_BLOCK {blockData=[blockId=conID: 2 locID: 102667710123672017 bcsId: 0,size=2097152]} | ret=SUCCESS |  
2019-08-23 18:28:57,427 | INFO  | DNAudit | user=null | ip=null | op=WRITE_CHUNK {blockData=conID: 2 locID: 102667710123672017 bcsId: 0} | ret=SUCCESS |  
2019-08-23 18:28:57,427 | INFO  | DNAudit | user=null | ip=null | op=PUT_BLOCK {blockData=[blockId=conID: 2 locID: 102667710123672017 bcsId: 0,size=2097152]} | ret=SUCCESS |  
2019-08-23 18:28:57,431 | INFO  | DNAudit | user=null | ip=null | op=WRITE_CHUNK {blockData=conID: 2 locID: 102667710123672017 bcsId: 1694} | ret=SUCCESS |  
2019-08-23 18:28:57,433 | INFO  | DNAudit | user=null | ip=null | op=WRITE_CHUNK {blockData=conID: 2 locID: 102667710123672017 bcsId: 1694} | ret=SUCCESS |  
2019-08-23 18:28:57,433 | INFO  | DNAudit | user=null | ip=null | op=WRITE_CHUNK {blockData=conID: 2 locID: 102667710123672017 bcsId: 1694} | ret=SUCCESS |  
2019-08-23 18:28:57,437 | INFO  | DNAudit | user=null | ip=null | op=WRITE_CHUNK {blockData=conID: 2 locID: 102667710123672017 bcsId: 1694} | ret=SUCCESS |  
2019-08-23 18:28:57,437 | INFO  | DNAudit | user=null | ip=null | op=PUT_BLOCK {blockData=[blockId=conID: 2 locID: 102667710123672017 bcsId: 0,size=3145728]} | ret=SUCCESS |  
2019-08-23 18:28:57,437 [grpc-default-executor-3] INFO  client.GrpcClientProtocolClient (GrpcClientProtocolClient.java:onNext(255)) - client-19C32667576E->48affcab-e6e4-4602-963a-f6a50efbd54c: receive RaftClientReply:client-19C32667576E->48affcab-e6e4-4602-963a-f6a50efbd54c@group-50C56EAF5137, cid=1216, SUCCESS, logIndex=1699, commits[48affcab-e6e4-4602-963a-f6a50efbd54c:c1700, 7e391b60-07ae-4d97-a027-4756e468c032:c1698, c5f86d96-67df-4f25-bde3-316f439d30b3:c1698]
2019-08-23 18:28:57,437 [grpc-default-executor-3] INFO  client.GrpcClientProtocolClient (GrpcClientProtocolClient.java:onNext(255)) - client-19C32667576E->48affcab-e6e4-4602-963a-f6a50efbd54c: receive RaftClientReply:client-19C32667576E->48affcab-e6e4-4602-963a-f6a50efbd54c@group-50C56EAF5137, cid=1217, SUCCESS, logIndex=1700, commits[48affcab-e6e4-4602-963a-f6a50efbd54c:c1700, 7e391b60-07ae-4d97-a027-4756e468c032:c1698, c5f86d96-67df-4f25-bde3-316f439d30b3:c1698]
2019-08-23 18:28:57,442 | INFO  | DNAudit | user=null | ip=null | op=WRITE_CHUNK {blockData=conID: 2 locID: 102667710123672017 bcsId: 1700} | ret=SUCCESS |  
2019-08-23 18:28:57,444 | INFO  | DNAudit | user=null | ip=null | op=WRITE_CHUNK {blockData=conID: 2 locID: 102667710123672017 bcsId: 1700} | ret=SUCCESS |  
2019-08-23 18:28:57,444 | INFO  | DNAudit | user=null | ip=null | op=WRITE_CHUNK {blockData=conID: 2 locID: 102667710123672017 bcsId: 1700} | ret=SUCCESS |  
2019-08-23 18:28:57,448 | INFO  | DNAudit | user=null | ip=null | op=WRITE_CHUNK {blockData=conID: 2 locID: 102667710123672017 bcsId: 1694} | ret=SUCCESS |  
2019-08-23 18:28:57,449 | INFO  | DNAudit | user=null | ip=null | op=WRITE_CHUNK {blockData=conID: 2 locID: 102667710123672017 bcsId: 1694} | ret=SUCCESS |  
2019-08-23 18:28:57,449 | INFO  | DNAudit | user=null | ip=null | op=PUT_BLOCK {blockData=[blockId=conID: 2 locID: 102667710123672017 bcsId: 0,size=3145728]} | ret=SUCCESS |  
2019-08-23 18:28:57,449 | INFO  | DNAudit | user=null | ip=null | op=PUT_BLOCK {blockData=[blockId=conID: 2 locID: 102667710123672017 bcsId: 0,size=3145728]} | ret=SUCCESS |  
2019-08-23 18:28:57,450 | INFO  | DNAudit | user=null | ip=null | op=WRITE_CHUNK {blockData=conID: 2 locID: 102667710123672017 bcsId: 1700} | ret=SUCCESS |  
2019-08-23 18:28:57,450 | INFO  | DNAudit | user=null | ip=null | op=PUT_BLOCK {blockData=[blockId=conID: 2 locID: 102667710123672017 bcsId: 0,size=4194304]} | ret=SUCCESS |  
2019-08-23 18:28:57,451 [grpc-default-executor-3] INFO  client.GrpcClientProtocolClient (GrpcClientProtocolClient.java:onNext(255)) - client-19C32667576E->48affcab-e6e4-4602-963a-f6a50efbd54c: receive RaftClientReply:client-19C32667576E->48affcab-e6e4-4602-963a-f6a50efbd54c@group-50C56EAF5137, cid=1218, SUCCESS, logIndex=1703, commits[48affcab-e6e4-4602-963a-f6a50efbd54c:c1704, 7e391b60-07ae-4d97-a027-4756e468c032:c1700, c5f86d96-67df-4f25-bde3-316f439d30b3:c1700]
2019-08-23 18:28:57,451 [grpc-default-executor-3] INFO  client.GrpcClientProtocolClient (GrpcClientProtocolClient.java:onNext(255)) - client-19C32667576E->48affcab-e6e4-4602-963a-f6a50efbd54c: receive RaftClientReply:client-19C32667576E->48affcab-e6e4-4602-963a-f6a50efbd54c@group-50C56EAF5137, cid=1219, SUCCESS, logIndex=1704, commits[48affcab-e6e4-4602-963a-f6a50efbd54c:c1704, 7e391b60-07ae-4d97-a027-4756e468c032:c1700, c5f86d96-67df-4f25-bde3-316f439d30b3:c1700]
2019-08-23 18:28:57,462 | INFO  | DNAudit | user=null | ip=null | op=WRITE_CHUNK {blockData=conID: 2 locID: 102667710123672017 bcsId: 1700} | ret=SUCCESS |  
2019-08-23 18:28:57,462 | INFO  | DNAudit | user=null | ip=null | op=WRITE_CHUNK {blockData=conID: 2 locID: 102667710123672017 bcsId: 1700} | ret=SUCCESS |  
2019-08-23 18:28:57,463 | INFO  | DNAudit | user=null | ip=null | op=PUT_BLOCK {blockData=[blockId=conID: 2 locID: 102667710123672017 bcsId: 0,size=4194304]} | ret=SUCCESS |  
2019-08-23 18:28:57,463 | INFO  | DNAudit | user=null | ip=null | op=PUT_BLOCK {blockData=[blockId=conID: 2 locID: 102667710123672017 bcsId: 0,size=4194304]} | ret=SUCCESS |  
2019-08-23 18:28:57,463 [grpc-default-executor-3] INFO  client.GrpcClientProtocolClient (GrpcClientProtocolClient.java:onNext(255)) - client-19C32667576E->48affcab-e6e4-4602-963a-f6a50efbd54c: receive RaftClientReply:client-19C32667576E->48affcab-e6e4-4602-963a-f6a50efbd54c@group-50C56EAF5137, cid=1220, SUCCESS, logIndex=0, commits[48affcab-e6e4-4602-963a-f6a50efbd54c:c1706, 7e391b60-07ae-4d97-a027-4756e468c032:c1704, c5f86d96-67df-4f25-bde3-316f439d30b3:c1704]
2019-08-23 18:28:57,469 | INFO  | DNAudit | user=null | ip=null | op=WRITE_CHUNK {blockData=conID: 3 locID: 102667710123672018 bcsId: 0} | ret=SUCCESS |  
2019-08-23 18:28:57,471 | INFO  | DNAudit | user=null | ip=null | op=WRITE_CHUNK {blockData=conID: 3 locID: 102667710123672018 bcsId: 0} | ret=SUCCESS |  
2019-08-23 18:28:57,471 | INFO  | DNAudit | user=null | ip=null | op=WRITE_CHUNK {blockData=conID: 3 locID: 102667710123672018 bcsId: 0} | ret=SUCCESS |  
2019-08-23 18:28:57,471 | INFO  | DNAudit | user=null | ip=null | op=WRITE_CHUNK {blockData=conID: 3 locID: 102667710123672018 bcsId: 0} | ret=SUCCESS |  
2019-08-23 18:28:57,474 | INFO  | DNAudit | user=null | ip=null | op=WRITE_CHUNK {blockData=conID: 3 locID: 102667710123672018 bcsId: 0} | ret=SUCCESS |  
2019-08-23 18:28:57,474 | INFO  | DNAudit | user=null | ip=null | op=WRITE_CHUNK {blockData=conID: 3 locID: 102667710123672018 bcsId: 0} | ret=SUCCESS |  
2019-08-23 18:28:57,483 | INFO  | DNAudit | user=null | ip=null | op=WRITE_CHUNK {blockData=conID: 3 locID: 102667710123672018 bcsId: 0} | ret=SUCCESS |  
2019-08-23 18:28:57,484 | INFO  | DNAudit | user=null | ip=null | op=PUT_BLOCK {blockData=[blockId=conID: 3 locID: 102667710123672018 bcsId: 0,size=1048576]} | ret=SUCCESS |  
2019-08-23 18:28:57,484 [grpc-default-executor-0] INFO  client.GrpcClientProtocolClient (GrpcClientProtocolClient.java:onNext(255)) - client-19C32667576E->48affcab-e6e4-4602-963a-f6a50efbd54c: receive RaftClientReply:client-19C32667576E->48affcab-e6e4-4602-963a-f6a50efbd54c@group-50C56EAF5137, cid=1221, SUCCESS, logIndex=1707, commits[48affcab-e6e4-4602-963a-f6a50efbd54c:c1708, 7e391b60-07ae-4d97-a027-4756e468c032:c1706, c5f86d96-67df-4f25-bde3-316f439d30b3:c1706]
2019-08-23 18:28:57,485 [grpc-default-executor-0] INFO  client.GrpcClientProtocolClient (GrpcClientProtocolClient.java:onNext(255)) - client-19C32667576E->48affcab-e6e4-4602-963a-f6a50efbd54c: receive RaftClientReply:client-19C32667576E->48affcab-e6e4-4602-963a-f6a50efbd54c@group-50C56EAF5137, cid=1222, SUCCESS, logIndex=1708, commits[48affcab-e6e4-4602-963a-f6a50efbd54c:c1708, 7e391b60-07ae-4d97-a027-4756e468c032:c1706, c5f86d96-67df-4f25-bde3-316f439d30b3:c1706]
2019-08-23 18:28:57,485 | INFO  | DNAudit | user=null | ip=null | op=WRITE_CHUNK {blockData=conID: 3 locID: 102667710123672018 bcsId: 0} | ret=SUCCESS |  
2019-08-23 18:28:57,485 | INFO  | DNAudit | user=null | ip=null | op=PUT_BLOCK {blockData=[blockId=conID: 3 locID: 102667710123672018 bcsId: 0,size=2097152]} | ret=SUCCESS |  
2019-08-23 18:28:57,485 [grpc-default-executor-4] INFO  client.GrpcClientProtocolClient (GrpcClientProtocolClient.java:onNext(255)) - client-19C32667576E->48affcab-e6e4-4602-963a-f6a50efbd54c: receive RaftClientReply:client-19C32667576E->48affcab-e6e4-4602-963a-f6a50efbd54c@group-50C56EAF5137, cid=1223, SUCCESS, logIndex=1709, commits[48affcab-e6e4-4602-963a-f6a50efbd54c:c1710, 7e391b60-07ae-4d97-a027-4756e468c032:c1706, c5f86d96-67df-4f25-bde3-316f439d30b3:c1706]
2019-08-23 18:28:57,486 [grpc-default-executor-4] INFO  client.GrpcClientProtocolClient (GrpcClientProtocolClient.java:onNext(255)) - client-19C32667576E->48affcab-e6e4-4602-963a-f6a50efbd54c: receive RaftClientReply:client-19C32667576E->48affcab-e6e4-4602-963a-f6a50efbd54c@group-50C56EAF5137, cid=1224, SUCCESS, logIndex=1710, commits[48affcab-e6e4-4602-963a-f6a50efbd54c:c1710, 7e391b60-07ae-4d97-a027-4756e468c032:c1706, c5f86d96-67df-4f25-bde3-316f439d30b3:c1706]
2019-08-23 18:28:57,486 | INFO  | DNAudit | user=null | ip=null | op=WRITE_CHUNK {blockData=conID: 3 locID: 102667710123672018 bcsId: 0} | ret=SUCCESS |  
2019-08-23 18:28:57,486 | INFO  | DNAudit | user=null | ip=null | op=WRITE_CHUNK {blockData=conID: 3 locID: 102667710123672018 bcsId: 0} | ret=SUCCESS |  
2019-08-23 18:28:57,486 | INFO  | DNAudit | user=null | ip=null | op=PUT_BLOCK {blockData=[blockId=conID: 3 locID: 102667710123672018 bcsId: 0,size=1048576]} | ret=SUCCESS |  
2019-08-23 18:28:57,489 | INFO  | DNAudit | user=null | ip=null | op=PUT_BLOCK {blockData=[blockId=conID: 3 locID: 102667710123672018 bcsId: 0,size=1048576]} | ret=SUCCESS |  
2019-08-23 18:28:57,489 | INFO  | DNAudit | user=null | ip=null | op=WRITE_CHUNK {blockData=conID: 3 locID: 102667710123672018 bcsId: 0} | ret=SUCCESS |  
2019-08-23 18:28:57,489 | INFO  | DNAudit | user=null | ip=null | op=WRITE_CHUNK {blockData=conID: 3 locID: 102667710123672018 bcsId: 0} | ret=SUCCESS |  
2019-08-23 18:28:57,489 [grpc-default-executor-0] INFO  client.GrpcClientProtocolClient (GrpcClientProtocolClient.java:onNext(255)) - client-19C32667576E->48affcab-e6e4-4602-963a-f6a50efbd54c: receive RaftClientReply:client-19C32667576E->48affcab-e6e4-4602-963a-f6a50efbd54c@group-50C56EAF5137, cid=1225, SUCCESS, logIndex=0, commits[48affcab-e6e4-4602-963a-f6a50efbd54c:c1712, 7e391b60-07ae-4d97-a027-4756e468c032:c1708, c5f86d96-67df-4f25-bde3-316f439d30b3:c1708]
2019-08-23 18:28:57,490 | INFO  | DNAudit | user=null | ip=null | op=PUT_BLOCK {blockData=[blockId=conID: 3 locID: 102667710123672018 bcsId: 0,size=2097152]} | ret=SUCCESS |  
2019-08-23 18:28:57,490 | INFO  | DNAudit | user=null | ip=null | op=PUT_BLOCK {blockData=[blockId=conID: 3 locID: 102667710123672018 bcsId: 0,size=2097152]} | ret=SUCCESS |  
2019-08-23 18:28:57,495 | INFO  | DNAudit | user=null | ip=null | op=WRITE_CHUNK {blockData=conID: 3 locID: 102667710123672018 bcsId: 1710} | ret=SUCCESS |  
2019-08-23 18:28:57,497 | INFO  | DNAudit | user=null | ip=null | op=WRITE_CHUNK {blockData=conID: 3 locID: 102667710123672018 bcsId: 1710} | ret=SUCCESS |  
2019-08-23 18:28:57,498 | INFO  | DNAudit | user=null | ip=null | op=WRITE_CHUNK {blockData=conID: 3 locID: 102667710123672018 bcsId: 1710} | ret=SUCCESS |  
2019-08-23 18:28:57,508 | INFO  | DNAudit | user=null | ip=null | op=WRITE_CHUNK {blockData=conID: 3 locID: 102667710123672018 bcsId: 1710} | ret=SUCCESS |  
2019-08-23 18:28:57,508 | INFO  | DNAudit | user=null | ip=null | op=PUT_BLOCK {blockData=[blockId=conID: 3 locID: 102667710123672018 bcsId: 0,size=3145728]} | ret=SUCCESS |  
2019-08-23 18:28:57,508 [grpc-default-executor-5] INFO  client.GrpcClientProtocolClient (GrpcClientProtocolClient.java:onNext(255)) - client-19C32667576E->48affcab-e6e4-4602-963a-f6a50efbd54c: receive RaftClientReply:client-19C32667576E->48affcab-e6e4-4602-963a-f6a50efbd54c@group-50C56EAF5137, cid=1226, SUCCESS, logIndex=1715, commits[48affcab-e6e4-4602-963a-f6a50efbd54c:c1716, 7e391b60-07ae-4d97-a027-4756e468c032:c1714, c5f86d96-67df-4f25-bde3-316f439d30b3:c1714]
2019-08-23 18:28:57,508 [grpc-default-executor-5] INFO  client.GrpcClientProtocolClient (GrpcClientProtocolClient.java:onNext(255)) - client-19C32667576E->48affcab-e6e4-4602-963a-f6a50efbd54c: receive RaftClientReply:client-19C32667576E->48affcab-e6e4-4602-963a-f6a50efbd54c@group-50C56EAF5137, cid=1227, SUCCESS, logIndex=1716, commits[48affcab-e6e4-4602-963a-f6a50efbd54c:c1716, 7e391b60-07ae-4d97-a027-4756e468c032:c1714, c5f86d96-67df-4f25-bde3-316f439d30b3:c1714]
2019-08-23 18:28:57,510 | INFO  | DNAudit | user=null | ip=null | op=WRITE_CHUNK {blockData=conID: 3 locID: 102667710123672018 bcsId: 1710} | ret=SUCCESS |  
2019-08-23 18:28:57,510 | INFO  | DNAudit | user=null | ip=null | op=WRITE_CHUNK {blockData=conID: 3 locID: 102667710123672018 bcsId: 1710} | ret=SUCCESS |  
2019-08-23 18:28:57,510 | INFO  | DNAudit | user=null | ip=null | op=PUT_BLOCK {blockData=[blockId=conID: 3 locID: 102667710123672018 bcsId: 0,size=3145728]} | ret=SUCCESS |  
2019-08-23 18:28:57,511 | INFO  | DNAudit | user=null | ip=null | op=PUT_BLOCK {blockData=[blockId=conID: 3 locID: 102667710123672018 bcsId: 0,size=3145728]} | ret=SUCCESS |  
2019-08-23 18:28:57,514 | INFO  | DNAudit | user=null | ip=null | op=WRITE_CHUNK {blockData=conID: 3 locID: 102667710123672018 bcsId: 1716} | ret=SUCCESS |  
2019-08-23 18:28:57,516 | INFO  | DNAudit | user=null | ip=null | op=WRITE_CHUNK {blockData=conID: 3 locID: 102667710123672018 bcsId: 1716} | ret=SUCCESS |  
2019-08-23 18:28:57,516 | INFO  | DNAudit | user=null | ip=null | op=WRITE_CHUNK {blockData=conID: 3 locID: 102667710123672018 bcsId: 1716} | ret=SUCCESS |  
2019-08-23 18:28:57,519 | INFO  | DNAudit | user=null | ip=null | op=WRITE_CHUNK {blockData=conID: 3 locID: 102667710123672018 bcsId: 1716} | ret=SUCCESS |  
2019-08-23 18:28:57,519 | INFO  | DNAudit | user=null | ip=null | op=PUT_BLOCK {blockData=[blockId=conID: 3 locID: 102667710123672018 bcsId: 0,size=4194304]} | ret=SUCCESS |  
2019-08-23 18:28:57,519 [grpc-default-executor-5] INFO  client.GrpcClientProtocolClient (GrpcClientProtocolClient.java:onNext(255)) - client-19C32667576E->48affcab-e6e4-4602-963a-f6a50efbd54c: receive RaftClientReply:client-19C32667576E->48affcab-e6e4-4602-963a-f6a50efbd54c@group-50C56EAF5137, cid=1228, SUCCESS, logIndex=1719, commits[48affcab-e6e4-4602-963a-f6a50efbd54c:c1720, 7e391b60-07ae-4d97-a027-4756e468c032:c1718, c5f86d96-67df-4f25-bde3-316f439d30b3:c1718]
2019-08-23 18:28:57,520 [grpc-default-executor-5] INFO  client.GrpcClientProtocolClient (GrpcClientProtocolClient.java:onNext(255)) - client-19C32667576E->48affcab-e6e4-4602-963a-f6a50efbd54c: receive RaftClientReply:client-19C32667576E->48affcab-e6e4-4602-963a-f6a50efbd54c@group-50C56EAF5137, cid=1229, SUCCESS, logIndex=1720, commits[48affcab-e6e4-4602-963a-f6a50efbd54c:c1720, 7e391b60-07ae-4d97-a027-4756e468c032:c1718, c5f86d96-67df-4f25-bde3-316f439d30b3:c1718]
2019-08-23 18:28:57,520 | INFO  | DNAudit | user=null | ip=null | op=WRITE_CHUNK {blockData=conID: 3 locID: 102667710123672018 bcsId: 1716} | ret=SUCCESS |  
2019-08-23 18:28:57,520 | INFO  | DNAudit | user=null | ip=null | op=WRITE_CHUNK {blockData=conID: 3 locID: 102667710123672018 bcsId: 1716} | ret=SUCCESS |  
2019-08-23 18:28:57,520 | INFO  | DNAudit | user=null | ip=null | op=PUT_BLOCK {blockData=[blockId=conID: 3 locID: 102667710123672018 bcsId: 0,size=4194304]} | ret=SUCCESS |  
2019-08-23 18:28:57,520 | INFO  | DNAudit | user=null | ip=null | op=PUT_BLOCK {blockData=[blockId=conID: 3 locID: 102667710123672018 bcsId: 0,size=4194304]} | ret=SUCCESS |  
2019-08-23 18:28:57,521 [grpc-default-executor-0] INFO  client.GrpcClientProtocolClient (GrpcClientProtocolClient.java:onNext(255)) - client-19C32667576E->48affcab-e6e4-4602-963a-f6a50efbd54c: receive RaftClientReply:client-19C32667576E->48affcab-e6e4-4602-963a-f6a50efbd54c@group-50C56EAF5137, cid=1230, SUCCESS, logIndex=0, commits[48affcab-e6e4-4602-963a-f6a50efbd54c:c1721, 7e391b60-07ae-4d97-a027-4756e468c032:c1720, c5f86d96-67df-4f25-bde3-316f439d30b3:c1720]
2019-08-23 18:28:57,531 | INFO  | SCMAudit | user=jenkins1000 | ip=192.168.34.23 | op=ALLOCATE_BLOCK {owner=1ceb8b80-28f1-43fd-86c3-175afc07b8d1, size=4194304, type=RATIS, factor=THREE} | ret=SUCCESS |  
2019-08-23 18:28:57,537 | INFO  | OMAudit | user=jenkins1000 | ip=127.0.0.1 | op=ALLOCATE_BLOCK {volume=vol-0-45438, bucket=bucket-0-23891, key=key-0-22455, dataSize=0, replicationType=null, replicationFactor=null, keyLocationInfo=null, clientID=102667710122492306} | ret=SUCCESS |  
2019-08-23 18:28:57,544 | INFO  | DNAudit | user=null | ip=null | op=WRITE_CHUNK {blockData=conID: 1 locID: 102667710466032083 bcsId: 0} | ret=SUCCESS |  
2019-08-23 18:28:57,544 | INFO  | DNAudit | user=null | ip=null | op=WRITE_CHUNK {blockData=conID: 1 locID: 102667710466032083 bcsId: 0} | ret=SUCCESS |  
2019-08-23 18:28:57,545 | INFO  | DNAudit | user=null | ip=null | op=WRITE_CHUNK {blockData=conID: 1 locID: 102667710466032083 bcsId: 0} | ret=SUCCESS |  
2019-08-23 18:28:57,546 | INFO  | DNAudit | user=null | ip=null | op=WRITE_CHUNK {blockData=conID: 1 locID: 102667710466032083 bcsId: 0} | ret=SUCCESS |  
2019-08-23 18:28:57,546 | INFO  | DNAudit | user=null | ip=null | op=WRITE_CHUNK {blockData=conID: 1 locID: 102667710466032083 bcsId: 0} | ret=SUCCESS |  
2019-08-23 18:28:57,547 | INFO  | DNAudit | user=null | ip=null | op=WRITE_CHUNK {blockData=conID: 1 locID: 102667710466032083 bcsId: 0} | ret=SUCCESS |  
2019-08-23 18:28:57,549 | INFO  | DNAudit | user=null | ip=null | op=WRITE_CHUNK {blockData=conID: 1 locID: 102667710466032083 bcsId: 0} | ret=SUCCESS |  
2019-08-23 18:28:57,549 | INFO  | DNAudit | user=null | ip=null | op=PUT_BLOCK {blockData=[blockId=conID: 1 locID: 102667710466032083 bcsId: 0,size=1048576]} | ret=SUCCESS |  
2019-08-23 18:28:57,549 | INFO  | DNAudit | user=null | ip=null | op=WRITE_CHUNK {blockData=conID: 1 locID: 102667710466032083 bcsId: 0} | ret=SUCCESS |  
2019-08-23 18:28:57,549 [grpc-default-executor-4] INFO  client.GrpcClientProtocolClient (GrpcClientProtocolClient.java:onNext(255)) - client-19C32667576E->48affcab-e6e4-4602-963a-f6a50efbd54c: receive RaftClientReply:client-19C32667576E->48affcab-e6e4-4602-963a-f6a50efbd54c@group-50C56EAF5137, cid=1231, SUCCESS, logIndex=1723, commits[48affcab-e6e4-4602-963a-f6a50efbd54c:c1725, 7e391b60-07ae-4d97-a027-4756e468c032:c1722, c5f86d96-67df-4f25-bde3-316f439d30b3:c1720]
2019-08-23 18:28:57,550 | INFO  | DNAudit | user=null | ip=null | op=PUT_BLOCK {blockData=[blockId=conID: 1 locID: 102667710466032083 bcsId: 0,size=2097152]} | ret=SUCCESS |  
2019-08-23 18:28:57,550 [grpc-default-executor-4] INFO  client.GrpcClientProtocolClient (GrpcClientProtocolClient.java:onNext(255)) - client-19C32667576E->48affcab-e6e4-4602-963a-f6a50efbd54c: receive RaftClientReply:client-19C32667576E->48affcab-e6e4-4602-963a-f6a50efbd54c@group-50C56EAF5137, cid=1232, SUCCESS, logIndex=1724, commits[48affcab-e6e4-4602-963a-f6a50efbd54c:c1726, 7e391b60-07ae-4d97-a027-4756e468c032:c1722, c5f86d96-67df-4f25-bde3-316f439d30b3:c1722]
2019-08-23 18:28:57,550 [grpc-default-executor-4] INFO  client.GrpcClientProtocolClient (GrpcClientProtocolClient.java:onNext(255)) - client-19C32667576E->48affcab-e6e4-4602-963a-f6a50efbd54c: receive RaftClientReply:client-19C32667576E->48affcab-e6e4-4602-963a-f6a50efbd54c@group-50C56EAF5137, cid=1233, SUCCESS, logIndex=1725, commits[48affcab-e6e4-4602-963a-f6a50efbd54c:c1726, 7e391b60-07ae-4d97-a027-4756e468c032:c1722, c5f86d96-67df-4f25-bde3-316f439d30b3:c1722]
2019-08-23 18:28:57,550 | INFO  | DNAudit | user=null | ip=null | op=WRITE_CHUNK {blockData=conID: 1 locID: 102667710466032083 bcsId: 0} | ret=SUCCESS |  
2019-08-23 18:28:57,550 | INFO  | DNAudit | user=null | ip=null | op=WRITE_CHUNK {blockData=conID: 1 locID: 102667710466032083 bcsId: 0} | ret=SUCCESS |  
2019-08-23 18:28:57,550 [grpc-default-executor-4] INFO  client.GrpcClientProtocolClient (GrpcClientProtocolClient.java:onNext(255)) - client-19C32667576E->48affcab-e6e4-4602-963a-f6a50efbd54c: receive RaftClientReply:client-19C32667576E->48affcab-e6e4-4602-963a-f6a50efbd54c@group-50C56EAF5137, cid=1234, SUCCESS, logIndex=1726, commits[48affcab-e6e4-4602-963a-f6a50efbd54c:c1726, 7e391b60-07ae-4d97-a027-4756e468c032:c1722, c5f86d96-67df-4f25-bde3-316f439d30b3:c1722]
2019-08-23 18:28:57,551 | INFO  | DNAudit | user=null | ip=null | op=PUT_BLOCK {blockData=[blockId=conID: 1 locID: 102667710466032083 bcsId: 0,size=1048576]} | ret=SUCCESS |  
2019-08-23 18:28:57,551 | INFO  | DNAudit | user=null | ip=null | op=WRITE_CHUNK {blockData=conID: 1 locID: 102667710466032083 bcsId: 0} | ret=SUCCESS |  
2019-08-23 18:28:57,551 | INFO  | DNAudit | user=null | ip=null | op=PUT_BLOCK {blockData=[blockId=conID: 1 locID: 102667710466032083 bcsId: 0,size=1048576]} | ret=SUCCESS |  
2019-08-23 18:28:57,552 | INFO  | DNAudit | user=null | ip=null | op=PUT_BLOCK {blockData=[blockId=conID: 1 locID: 102667710466032083 bcsId: 0,size=2097152]} | ret=SUCCESS |  
2019-08-23 18:28:57,552 | INFO  | DNAudit | user=null | ip=null | op=WRITE_CHUNK {blockData=conID: 1 locID: 102667710466032083 bcsId: 0} | ret=SUCCESS |  
2019-08-23 18:28:57,552 [grpc-default-executor-0] INFO  client.GrpcClientProtocolClient (GrpcClientProtocolClient.java:onNext(255)) - client-19C32667576E->48affcab-e6e4-4602-963a-f6a50efbd54c: receive RaftClientReply:client-19C32667576E->48affcab-e6e4-4602-963a-f6a50efbd54c@group-50C56EAF5137, cid=1235, SUCCESS, logIndex=0, commits[48affcab-e6e4-4602-963a-f6a50efbd54c:c1729, 7e391b60-07ae-4d97-a027-4756e468c032:c1724, c5f86d96-67df-4f25-bde3-316f439d30b3:c1725]
2019-08-23 18:28:57,552 | INFO  | DNAudit | user=null | ip=null | op=PUT_BLOCK {blockData=[blockId=conID: 1 locID: 102667710466032083 bcsId: 0,size=2097152]} | ret=SUCCESS |  
2019-08-23 18:28:57,557 | INFO  | DNAudit | user=null | ip=null | op=WRITE_CHUNK {blockData=conID: 1 locID: 102667710466032083 bcsId: 1726} | ret=SUCCESS |  
2019-08-23 18:28:57,559 | INFO  | DNAudit | user=null | ip=null | op=WRITE_CHUNK {blockData=conID: 1 locID: 102667710466032083 bcsId: 1726} | ret=SUCCESS |  
2019-08-23 18:28:57,559 | INFO  | DNAudit | user=null | ip=null | op=WRITE_CHUNK {blockData=conID: 1 locID: 102667710466032083 bcsId: 1726} | ret=SUCCESS |  
2019-08-23 18:28:57,561 | INFO  | DNAudit | user=null | ip=null | op=WRITE_CHUNK {blockData=conID: 1 locID: 102667710466032083 bcsId: 1726} | ret=SUCCESS |  
2019-08-23 18:28:57,562 | INFO  | DNAudit | user=null | ip=null | op=PUT_BLOCK {blockData=[blockId=conID: 1 locID: 102667710466032083 bcsId: 0,size=3145728]} | ret=SUCCESS |  
2019-08-23 18:28:57,562 [grpc-default-executor-0] INFO  client.GrpcClientProtocolClient (GrpcClientProtocolClient.java:onNext(255)) - client-19C32667576E->48affcab-e6e4-4602-963a-f6a50efbd54c: receive RaftClientReply:client-19C32667576E->48affcab-e6e4-4602-963a-f6a50efbd54c@group-50C56EAF5137, cid=1236, SUCCESS, logIndex=1731, commits[48affcab-e6e4-4602-963a-f6a50efbd54c:c1732, 7e391b60-07ae-4d97-a027-4756e468c032:c1726, c5f86d96-67df-4f25-bde3-316f439d30b3:c1730]
2019-08-23 18:28:57,562 [grpc-default-executor-0] INFO  client.GrpcClientProtocolClient (GrpcClientProtocolClient.java:onNext(255)) - client-19C32667576E->48affcab-e6e4-4602-963a-f6a50efbd54c: receive RaftClientReply:client-19C32667576E->48affcab-e6e4-4602-963a-f6a50efbd54c@group-50C56EAF5137, cid=1237, SUCCESS, logIndex=1732, commits[48affcab-e6e4-4602-963a-f6a50efbd54c:c1732, 7e391b60-07ae-4d97-a027-4756e468c032:c1730, c5f86d96-67df-4f25-bde3-316f439d30b3:c1730]
2019-08-23 18:28:57,563 | INFO  | DNAudit | user=null | ip=null | op=WRITE_CHUNK {blockData=conID: 1 locID: 102667710466032083 bcsId: 1726} | ret=SUCCESS |  
2019-08-23 18:28:57,563 | INFO  | DNAudit | user=null | ip=null | op=WRITE_CHUNK {blockData=conID: 1 locID: 102667710466032083 bcsId: 1726} | ret=SUCCESS |  
2019-08-23 18:28:57,563 | INFO  | DNAudit | user=null | ip=null | op=PUT_BLOCK {blockData=[blockId=conID: 1 locID: 102667710466032083 bcsId: 0,size=3145728]} | ret=SUCCESS |  
2019-08-23 18:28:57,563 | INFO  | DNAudit | user=null | ip=null | op=PUT_BLOCK {blockData=[blockId=conID: 1 locID: 102667710466032083 bcsId: 0,size=3145728]} | ret=SUCCESS |  
2019-08-23 18:28:57,568 | INFO  | DNAudit | user=null | ip=null | op=WRITE_CHUNK {blockData=conID: 1 locID: 102667710466032083 bcsId: 1732} | ret=SUCCESS |  
2019-08-23 18:28:57,570 | INFO  | DNAudit | user=null | ip=null | op=WRITE_CHUNK {blockData=conID: 1 locID: 102667710466032083 bcsId: 1732} | ret=SUCCESS |  
2019-08-23 18:28:57,570 | INFO  | DNAudit | user=null | ip=null | op=WRITE_CHUNK {blockData=conID: 1 locID: 102667710466032083 bcsId: 1732} | ret=SUCCESS |  
2019-08-23 18:28:57,572 | INFO  | DNAudit | user=null | ip=null | op=WRITE_CHUNK {blockData=conID: 1 locID: 102667710466032083 bcsId: 1732} | ret=SUCCESS |  
2019-08-23 18:28:57,573 | INFO  | DNAudit | user=null | ip=null | op=PUT_BLOCK {blockData=[blockId=conID: 1 locID: 102667710466032083 bcsId: 0,size=4194304]} | ret=SUCCESS |  
2019-08-23 18:28:57,573 [grpc-default-executor-4] INFO  client.GrpcClientProtocolClient (GrpcClientProtocolClient.java:onNext(255)) - client-19C32667576E->48affcab-e6e4-4602-963a-f6a50efbd54c: receive RaftClientReply:client-19C32667576E->48affcab-e6e4-4602-963a-f6a50efbd54c@group-50C56EAF5137, cid=1238, SUCCESS, logIndex=1735, commits[48affcab-e6e4-4602-963a-f6a50efbd54c:c1736, 7e391b60-07ae-4d97-a027-4756e468c032:c1732, c5f86d96-67df-4f25-bde3-316f439d30b3:c1734]
2019-08-23 18:28:57,573 [grpc-default-executor-4] INFO  client.GrpcClientProtocolClient (GrpcClientProtocolClient.java:onNext(255)) - client-19C32667576E->48affcab-e6e4-4602-963a-f6a50efbd54c: receive RaftClientReply:client-19C32667576E->48affcab-e6e4-4602-963a-f6a50efbd54c@group-50C56EAF5137, cid=1239, SUCCESS, logIndex=1736, commits[48affcab-e6e4-4602-963a-f6a50efbd54c:c1736, 7e391b60-07ae-4d97-a027-4756e468c032:c1732, c5f86d96-67df-4f25-bde3-316f439d30b3:c1734]
2019-08-23 18:28:57,574 | INFO  | DNAudit | user=null | ip=null | op=WRITE_CHUNK {blockData=conID: 1 locID: 102667710466032083 bcsId: 1732} | ret=SUCCESS |  
2019-08-23 18:28:57,575 | INFO  | DNAudit | user=null | ip=null | op=WRITE_CHUNK {blockData=conID: 1 locID: 102667710466032083 bcsId: 1732} | ret=SUCCESS |  
2019-08-23 18:28:57,575 | INFO  | DNAudit | user=null | ip=null | op=PUT_BLOCK {blockData=[blockId=conID: 1 locID: 102667710466032083 bcsId: 0,size=4194304]} | ret=SUCCESS |  
2019-08-23 18:28:57,575 | INFO  | DNAudit | user=null | ip=null | op=PUT_BLOCK {blockData=[blockId=conID: 1 locID: 102667710466032083 bcsId: 0,size=4194304]} | ret=SUCCESS |  
2019-08-23 18:28:57,576 [grpc-default-executor-4] INFO  client.GrpcClientProtocolClient (GrpcClientProtocolClient.java:onNext(255)) - client-19C32667576E->48affcab-e6e4-4602-963a-f6a50efbd54c: receive RaftClientReply:client-19C32667576E->48affcab-e6e4-4602-963a-f6a50efbd54c@group-50C56EAF5137, cid=1240, SUCCESS, logIndex=0, commits[48affcab-e6e4-4602-963a-f6a50efbd54c:c1738, 7e391b60-07ae-4d97-a027-4756e468c032:c1736, c5f86d96-67df-4f25-bde3-316f439d30b3:c1736]
2019-08-23 18:28:57,582 | INFO  | SCMAudit | user=jenkins1000 | ip=192.168.34.23 | op=ALLOCATE_BLOCK {owner=1ceb8b80-28f1-43fd-86c3-175afc07b8d1, size=4194304, type=RATIS, factor=THREE} | ret=SUCCESS |  
2019-08-23 18:28:57,588 | INFO  | OMAudit | user=jenkins1000 | ip=127.0.0.1 | op=ALLOCATE_BLOCK {volume=vol-0-45438, bucket=bucket-0-23891, key=key-0-22455, dataSize=0, replicationType=null, replicationFactor=null, keyLocationInfo=null, clientID=102667710122492306} | ret=SUCCESS |  
2019-08-23 18:28:57,594 | INFO  | DNAudit | user=null | ip=null | op=WRITE_CHUNK {blockData=conID: 2 locID: 102667710469374420 bcsId: 0} | ret=SUCCESS |  
2019-08-23 18:28:57,596 | INFO  | DNAudit | user=null | ip=null | op=WRITE_CHUNK {blockData=conID: 2 locID: 102667710469374420 bcsId: 0} | ret=SUCCESS |  
2019-08-23 18:28:57,596 | INFO  | DNAudit | user=null | ip=null | op=WRITE_CHUNK {blockData=conID: 2 locID: 102667710469374420 bcsId: 0} | ret=SUCCESS |  
2019-08-23 18:28:57,596 | INFO  | DNAudit | user=null | ip=null | op=WRITE_CHUNK {blockData=conID: 2 locID: 102667710469374420 bcsId: 0} | ret=SUCCESS |  
2019-08-23 18:28:57,598 | INFO  | DNAudit | user=null | ip=null | op=WRITE_CHUNK {blockData=conID: 2 locID: 102667710469374420 bcsId: 0} | ret=SUCCESS |  
2019-08-23 18:28:57,598 | INFO  | DNAudit | user=null | ip=null | op=WRITE_CHUNK {blockData=conID: 2 locID: 102667710469374420 bcsId: 0} | ret=SUCCESS |  
2019-08-23 18:28:57,599 | INFO  | DNAudit | user=null | ip=null | op=WRITE_CHUNK {blockData=conID: 2 locID: 102667710469374420 bcsId: 0} | ret=SUCCESS |  
2019-08-23 18:28:57,599 | INFO  | DNAudit | user=null | ip=null | op=PUT_BLOCK {blockData=[blockId=conID: 2 locID: 102667710469374420 bcsId: 0,size=1048576]} | ret=SUCCESS |  
2019-08-23 18:28:57,599 [grpc-default-executor-4] INFO  client.GrpcClientProtocolClient (GrpcClientProtocolClient.java:onNext(255)) - client-19C32667576E->48affcab-e6e4-4602-963a-f6a50efbd54c: receive RaftClientReply:client-19C32667576E->48affcab-e6e4-4602-963a-f6a50efbd54c@group-50C56EAF5137, cid=1241, SUCCESS, logIndex=1739, commits[48affcab-e6e4-4602-963a-f6a50efbd54c:c1740, 7e391b60-07ae-4d97-a027-4756e468c032:c1736, c5f86d96-67df-4f25-bde3-316f439d30b3:c1738]
2019-08-23 18:28:57,600 | INFO  | DNAudit | user=null | ip=null | op=WRITE_CHUNK {blockData=conID: 2 locID: 102667710469374420 bcsId: 0} | ret=SUCCESS |  
2019-08-23 18:28:57,600 [grpc-default-executor-4] INFO  client.GrpcClientProtocolClient (GrpcClientProtocolClient.java:onNext(255)) - client-19C32667576E->48affcab-e6e4-4602-963a-f6a50efbd54c: receive RaftClientReply:client-19C32667576E->48affcab-e6e4-4602-963a-f6a50efbd54c@group-50C56EAF5137, cid=1242, SUCCESS, logIndex=1740, commits[48affcab-e6e4-4602-963a-f6a50efbd54c:c1740, 7e391b60-07ae-4d97-a027-4756e468c032:c1738, c5f86d96-67df-4f25-bde3-316f439d30b3:c1738]
2019-08-23 18:28:57,600 | INFO  | DNAudit | user=null | ip=null | op=PUT_BLOCK {blockData=[blockId=conID: 2 locID: 102667710469374420 bcsId: 0,size=2097152]} | ret=SUCCESS |  
2019-08-23 18:28:57,601 | INFO  | DNAudit | user=null | ip=null | op=WRITE_CHUNK {blockData=conID: 2 locID: 102667710469374420 bcsId: 0} | ret=SUCCESS |  
2019-08-23 18:28:57,600 [grpc-default-executor-5] INFO  client.GrpcClientProtocolClient (GrpcClientProtocolClient.java:onNext(255)) - client-19C32667576E->48affcab-e6e4-4602-963a-f6a50efbd54c: receive RaftClientReply:client-19C32667576E->48affcab-e6e4-4602-963a-f6a50efbd54c@group-50C56EAF5137, cid=1243, SUCCESS, logIndex=1741, commits[48affcab-e6e4-4602-963a-f6a50efbd54c:c1742, 7e391b60-07ae-4d97-a027-4756e468c032:c1738, c5f86d96-67df-4f25-bde3-316f439d30b3:c1738]
2019-08-23 18:28:57,601 | INFO  | DNAudit | user=null | ip=null | op=PUT_BLOCK {blockData=[blockId=conID: 2 locID: 102667710469374420 bcsId: 0,size=1048576]} | ret=SUCCESS |  
2019-08-23 18:28:57,601 [grpc-default-executor-5] INFO  client.GrpcClientProtocolClient (GrpcClientProtocolClient.java:onNext(255)) - client-19C32667576E->48affcab-e6e4-4602-963a-f6a50efbd54c: receive RaftClientReply:client-19C32667576E->48affcab-e6e4-4602-963a-f6a50efbd54c@group-50C56EAF5137, cid=1244, SUCCESS, logIndex=1742, commits[48affcab-e6e4-4602-963a-f6a50efbd54c:c1742, 7e391b60-07ae-4d97-a027-4756e468c032:c1738, c5f86d96-67df-4f25-bde3-316f439d30b3:c1738]
2019-08-23 18:28:57,601 | INFO  | DNAudit | user=null | ip=null | op=WRITE_CHUNK {blockData=conID: 2 locID: 102667710469374420 bcsId: 0} | ret=SUCCESS |  
2019-08-23 18:28:57,601 | INFO  | DNAudit | user=null | ip=null | op=PUT_BLOCK {blockData=[blockId=conID: 2 locID: 102667710469374420 bcsId: 0,size=1048576]} | ret=SUCCESS |  
2019-08-23 18:28:57,602 | INFO  | DNAudit | user=null | ip=null | op=WRITE_CHUNK {blockData=conID: 2 locID: 102667710469374420 bcsId: 0} | ret=SUCCESS |  
2019-08-23 18:28:57,602 | INFO  | DNAudit | user=null | ip=null | op=PUT_BLOCK {blockData=[blockId=conID: 2 locID: 102667710469374420 bcsId: 0,size=2097152]} | ret=SUCCESS |  
2019-08-23 18:28:57,602 [grpc-default-executor-5] INFO  client.GrpcClientProtocolClient (GrpcClientProtocolClient.java:onNext(255)) - client-19C32667576E->48affcab-e6e4-4602-963a-f6a50efbd54c: receive RaftClientReply:client-19C32667576E->48affcab-e6e4-4602-963a-f6a50efbd54c@group-50C56EAF5137, cid=1245, SUCCESS, logIndex=0, commits[48affcab-e6e4-4602-963a-f6a50efbd54c:c1744, 7e391b60-07ae-4d97-a027-4756e468c032:c1740, c5f86d96-67df-4f25-bde3-316f439d30b3:c1740]
2019-08-23 18:28:57,602 | INFO  | DNAudit | user=null | ip=null | op=WRITE_CHUNK {blockData=conID: 2 locID: 102667710469374420 bcsId: 0} | ret=SUCCESS |  
2019-08-23 18:28:57,602 | INFO  | DNAudit | user=null | ip=null | op=PUT_BLOCK {blockData=[blockId=conID: 2 locID: 102667710469374420 bcsId: 0,size=2097152]} | ret=SUCCESS |  
2019-08-23 18:28:57,608 | INFO  | DNAudit | user=null | ip=null | op=WRITE_CHUNK {blockData=conID: 2 locID: 102667710469374420 bcsId: 1742} | ret=SUCCESS |  
2019-08-23 18:28:57,611 | INFO  | DNAudit | user=null | ip=null | op=WRITE_CHUNK {blockData=conID: 2 locID: 102667710469374420 bcsId: 1742} | ret=SUCCESS |  
2019-08-23 18:28:57,612 | INFO  | DNAudit | user=null | ip=null | op=WRITE_CHUNK {blockData=conID: 2 locID: 102667710469374420 bcsId: 1742} | ret=SUCCESS |  
2019-08-23 18:28:57,614 | INFO  | DNAudit | user=null | ip=null | op=WRITE_CHUNK {blockData=conID: 2 locID: 102667710469374420 bcsId: 1742} | ret=SUCCESS |  
2019-08-23 18:28:57,615 | INFO  | DNAudit | user=null | ip=null | op=PUT_BLOCK {blockData=[blockId=conID: 2 locID: 102667710469374420 bcsId: 0,size=3145728]} | ret=SUCCESS |  
2019-08-23 18:28:57,615 [grpc-default-executor-4] INFO  client.GrpcClientProtocolClient (GrpcClientProtocolClient.java:onNext(255)) - client-19C32667576E->48affcab-e6e4-4602-963a-f6a50efbd54c: receive RaftClientReply:client-19C32667576E->48affcab-e6e4-4602-963a-f6a50efbd54c@group-50C56EAF5137, cid=1246, SUCCESS, logIndex=1747, commits[48affcab-e6e4-4602-963a-f6a50efbd54c:c1748, 7e391b60-07ae-4d97-a027-4756e468c032:c1746, c5f86d96-67df-4f25-bde3-316f439d30b3:c1746]
2019-08-23 18:28:57,615 [grpc-default-executor-4] INFO  client.GrpcClientProtocolClient (GrpcClientProtocolClient.java:onNext(255)) - client-19C32667576E->48affcab-e6e4-4602-963a-f6a50efbd54c: receive RaftClientReply:client-19C32667576E->48affcab-e6e4-4602-963a-f6a50efbd54c@group-50C56EAF5137, cid=1247, SUCCESS, logIndex=1748, commits[48affcab-e6e4-4602-963a-f6a50efbd54c:c1748, 7e391b60-07ae-4d97-a027-4756e468c032:c1746, c5f86d96-67df-4f25-bde3-316f439d30b3:c1746]
2019-08-23 18:28:57,616 | INFO  | DNAudit | user=null | ip=null | op=WRITE_CHUNK {blockData=conID: 2 locID: 102667710469374420 bcsId: 1742} | ret=SUCCESS |  
2019-08-23 18:28:57,616 | INFO  | DNAudit | user=null | ip=null | op=WRITE_CHUNK {blockData=conID: 2 locID: 102667710469374420 bcsId: 1742} | ret=SUCCESS |  
2019-08-23 18:28:57,616 | INFO  | DNAudit | user=null | ip=null | op=PUT_BLOCK {blockData=[blockId=conID: 2 locID: 102667710469374420 bcsId: 0,size=3145728]} | ret=SUCCESS |  
2019-08-23 18:28:57,616 | INFO  | DNAudit | user=null | ip=null | op=PUT_BLOCK {blockData=[blockId=conID: 2 locID: 102667710469374420 bcsId: 0,size=3145728]} | ret=SUCCESS |  
2019-08-23 18:28:57,619 | INFO  | SCMAudit | user=jenkins1000 | ip=192.168.34.23 | op=SEND_HEARTBEAT {datanodeUUID=c5f86d96-67df-4f25-bde3-316f439d30b3, command=[]} | ret=SUCCESS |  
2019-08-23 18:28:57,619 | INFO  | SCMAudit | user=jenkins1000 | ip=192.168.34.23 | op=SEND_HEARTBEAT {datanodeUUID=58706fd2-d7f7-4771-af80-9e0541495c87, command=[]} | ret=SUCCESS |  
2019-08-23 18:28:57,620 | INFO  | SCMAudit | user=jenkins1000 | ip=192.168.34.23 | op=SEND_HEARTBEAT {datanodeUUID=7e391b60-07ae-4d97-a027-4756e468c032, command=[]} | ret=SUCCESS |  
2019-08-23 18:28:57,620 | INFO  | SCMAudit | user=jenkins1000 | ip=192.168.34.23 | op=SEND_HEARTBEAT {datanodeUUID=48affcab-e6e4-4602-963a-f6a50efbd54c, command=[]} | ret=SUCCESS |  
2019-08-23 18:28:57,621 | INFO  | DNAudit | user=null | ip=null | op=WRITE_CHUNK {blockData=conID: 2 locID: 102667710469374420 bcsId: 1748} | ret=SUCCESS |  
2019-08-23 18:28:57,623 | INFO  | DNAudit | user=null | ip=null | op=WRITE_CHUNK {blockData=conID: 2 locID: 102667710469374420 bcsId: 1748} | ret=SUCCESS |  
2019-08-23 18:28:57,624 | INFO  | DNAudit | user=null | ip=null | op=WRITE_CHUNK {blockData=conID: 2 locID: 102667710469374420 bcsId: 1748} | ret=SUCCESS |  
2019-08-23 18:28:57,626 | INFO  | DNAudit | user=null | ip=null | op=WRITE_CHUNK {blockData=conID: 2 locID: 102667710469374420 bcsId: 1748} | ret=SUCCESS |  
2019-08-23 18:28:57,626 | INFO  | DNAudit | user=null | ip=null | op=PUT_BLOCK {blockData=[blockId=conID: 2 locID: 102667710469374420 bcsId: 0,size=4194304]} | ret=SUCCESS |  
2019-08-23 18:28:57,626 [grpc-default-executor-5] INFO  client.GrpcClientProtocolClient (GrpcClientProtocolClient.java:onNext(255)) - client-19C32667576E->48affcab-e6e4-4602-963a-f6a50efbd54c: receive RaftClientReply:client-19C32667576E->48affcab-e6e4-4602-963a-f6a50efbd54c@group-50C56EAF5137, cid=1248, SUCCESS, logIndex=1751, commits[48affcab-e6e4-4602-963a-f6a50efbd54c:c1752, 7e391b60-07ae-4d97-a027-4756e468c032:c1750, c5f86d96-67df-4f25-bde3-316f439d30b3:c1750]
2019-08-23 18:28:57,626 [grpc-default-executor-5] INFO  client.GrpcClientProtocolClient (GrpcClientProtocolClient.java:onNext(255)) - client-19C32667576E->48affcab-e6e4-4602-963a-f6a50efbd54c: receive RaftClientReply:client-19C32667576E->48affcab-e6e4-4602-963a-f6a50efbd54c@group-50C56EAF5137, cid=1249, SUCCESS, logIndex=1752, commits[48affcab-e6e4-4602-963a-f6a50efbd54c:c1752, 7e391b60-07ae-4d97-a027-4756e468c032:c1750, c5f86d96-67df-4f25-bde3-316f439d30b3:c1750]
2019-08-23 18:28:57,627 | INFO  | DNAudit | user=null | ip=null | op=WRITE_CHUNK {blockData=conID: 2 locID: 102667710469374420 bcsId: 1748} | ret=SUCCESS |  
2019-08-23 18:28:57,627 | INFO  | DNAudit | user=null | ip=null | op=WRITE_CHUNK {blockData=conID: 2 locID: 102667710469374420 bcsId: 1748} | ret=SUCCESS |  
2019-08-23 18:28:57,627 | INFO  | DNAudit | user=null | ip=null | op=PUT_BLOCK {blockData=[blockId=conID: 2 locID: 102667710469374420 bcsId: 0,size=4194304]} | ret=SUCCESS |  
2019-08-23 18:28:57,627 | INFO  | DNAudit | user=null | ip=null | op=PUT_BLOCK {blockData=[blockId=conID: 2 locID: 102667710469374420 bcsId: 0,size=4194304]} | ret=SUCCESS |  
2019-08-23 18:28:57,627 [grpc-default-executor-5] INFO  client.GrpcClientProtocolClient (GrpcClientProtocolClient.java:onNext(255)) - client-19C32667576E->48affcab-e6e4-4602-963a-f6a50efbd54c: receive RaftClientReply:client-19C32667576E->48affcab-e6e4-4602-963a-f6a50efbd54c@group-50C56EAF5137, cid=1250, SUCCESS, logIndex=0, commits[48affcab-e6e4-4602-963a-f6a50efbd54c:c1753, 7e391b60-07ae-4d97-a027-4756e468c032:c1752, c5f86d96-67df-4f25-bde3-316f439d30b3:c1752]
2019-08-23 18:28:57,632 | INFO  | SCMAudit | user=jenkins1000 | ip=192.168.34.23 | op=ALLOCATE_BLOCK {owner=1ceb8b80-28f1-43fd-86c3-175afc07b8d1, size=4194304, type=RATIS, factor=THREE} | ret=SUCCESS |  
2019-08-23 18:28:57,635 | INFO  | OMAudit | user=jenkins1000 | ip=127.0.0.1 | op=ALLOCATE_BLOCK {volume=vol-0-45438, bucket=bucket-0-23891, key=key-0-22455, dataSize=0, replicationType=null, replicationFactor=null, keyLocationInfo=null, clientID=102667710122492306} | ret=SUCCESS |  
2019-08-23 18:28:57,641 | INFO  | DNAudit | user=null | ip=null | op=WRITE_CHUNK {blockData=conID: 3 locID: 102667710472651221 bcsId: 0} | ret=SUCCESS |  
2019-08-23 18:28:57,643 | INFO  | DNAudit | user=null | ip=null | op=WRITE_CHUNK {blockData=conID: 3 locID: 102667710472651221 bcsId: 0} | ret=SUCCESS |  
2019-08-23 18:28:57,643 | INFO  | DNAudit | user=null | ip=null | op=WRITE_CHUNK {blockData=conID: 3 locID: 102667710472651221 bcsId: 0} | ret=SUCCESS |  
2019-08-23 18:28:57,643 | INFO  | DNAudit | user=null | ip=null | op=WRITE_CHUNK {blockData=conID: 3 locID: 102667710472651221 bcsId: 0} | ret=SUCCESS |  
2019-08-23 18:28:57,645 | INFO  | DNAudit | user=null | ip=null | op=WRITE_CHUNK {blockData=conID: 3 locID: 102667710472651221 bcsId: 0} | ret=SUCCESS |  
2019-08-23 18:28:57,645 | INFO  | DNAudit | user=null | ip=null | op=WRITE_CHUNK {blockData=conID: 3 locID: 102667710472651221 bcsId: 0} | ret=SUCCESS |  
2019-08-23 18:28:57,646 | INFO  | DNAudit | user=null | ip=null | op=WRITE_CHUNK {blockData=conID: 3 locID: 102667710472651221 bcsId: 0} | ret=SUCCESS |  
2019-08-23 18:28:57,646 | INFO  | DNAudit | user=null | ip=null | op=PUT_BLOCK {blockData=[blockId=conID: 3 locID: 102667710472651221 bcsId: 0,size=1048576]} | ret=SUCCESS |  
2019-08-23 18:28:57,646 [grpc-default-executor-5] INFO  client.GrpcClientProtocolClient (GrpcClientProtocolClient.java:onNext(255)) - client-19C32667576E->48affcab-e6e4-4602-963a-f6a50efbd54c: receive RaftClientReply:client-19C32667576E->48affcab-e6e4-4602-963a-f6a50efbd54c@group-50C56EAF5137, cid=1251, SUCCESS, logIndex=1755, commits[48affcab-e6e4-4602-963a-f6a50efbd54c:c1756, 7e391b60-07ae-4d97-a027-4756e468c032:c1754, c5f86d96-67df-4f25-bde3-316f439d30b3:c1754]
2019-08-23 18:28:57,647 [grpc-default-executor-5] INFO  client.GrpcClientProtocolClient (GrpcClientProtocolClient.java:onNext(255)) - client-19C32667576E->48affcab-e6e4-4602-963a-f6a50efbd54c: receive RaftClientReply:client-19C32667576E->48affcab-e6e4-4602-963a-f6a50efbd54c@group-50C56EAF5137, cid=1252, SUCCESS, logIndex=1756, commits[48affcab-e6e4-4602-963a-f6a50efbd54c:c1756, 7e391b60-07ae-4d97-a027-4756e468c032:c1754, c5f86d96-67df-4f25-bde3-316f439d30b3:c1754]
2019-08-23 18:28:57,647 | INFO  | DNAudit | user=null | ip=null | op=WRITE_CHUNK {blockData=conID: 3 locID: 102667710472651221 bcsId: 0} | ret=SUCCESS |  
2019-08-23 18:28:57,648 | INFO  | DNAudit | user=null | ip=null | op=WRITE_CHUNK {blockData=conID: 3 locID: 102667710472651221 bcsId: 0} | ret=SUCCESS |  
2019-08-23 18:28:57,648 | INFO  | DNAudit | user=null | ip=null | op=PUT_BLOCK {blockData=[blockId=conID: 3 locID: 102667710472651221 bcsId: 0,size=2097152]} | ret=SUCCESS |  
2019-08-23 18:28:57,648 [grpc-default-executor-4] INFO  client.GrpcClientProtocolClient (GrpcClientProtocolClient.java:onNext(255)) - client-19C32667576E->48affcab-e6e4-4602-963a-f6a50efbd54c: receive RaftClientReply:client-19C32667576E->48affcab-e6e4-4602-963a-f6a50efbd54c@group-50C56EAF5137, cid=1253, SUCCESS, logIndex=1757, commits[48affcab-e6e4-4602-963a-f6a50efbd54c:c1758, 7e391b60-07ae-4d97-a027-4756e468c032:c1754, c5f86d96-67df-4f25-bde3-316f439d30b3:c1754]
2019-08-23 18:28:57,648 | INFO  | DNAudit | user=null | ip=null | op=PUT_BLOCK {blockData=[blockId=conID: 3 locID: 102667710472651221 bcsId: 0,size=1048576]} | ret=SUCCESS |  
2019-08-23 18:28:57,648 [grpc-default-executor-4] INFO  client.GrpcClientProtocolClient (GrpcClientProtocolClient.java:onNext(255)) - client-19C32667576E->48affcab-e6e4-4602-963a-f6a50efbd54c: receive RaftClientReply:client-19C32667576E->48affcab-e6e4-4602-963a-f6a50efbd54c@group-50C56EAF5137, cid=1254, SUCCESS, logIndex=1758, commits[48affcab-e6e4-4602-963a-f6a50efbd54c:c1759, 7e391b60-07ae-4d97-a027-4756e468c032:c1756, c5f86d96-67df-4f25-bde3-316f439d30b3:c1754]
2019-08-23 18:28:57,649 | INFO  | DNAudit | user=null | ip=null | op=WRITE_CHUNK {blockData=conID: 3 locID: 102667710472651221 bcsId: 0} | ret=SUCCESS |  
2019-08-23 18:28:57,649 | INFO  | DNAudit | user=null | ip=null | op=PUT_BLOCK {blockData=[blockId=conID: 3 locID: 102667710472651221 bcsId: 0,size=1048576]} | ret=SUCCESS |  
2019-08-23 18:28:57,649 [grpc-default-executor-4] INFO  client.GrpcClientProtocolClient (GrpcClientProtocolClient.java:onNext(255)) - client-19C32667576E->48affcab-e6e4-4602-963a-f6a50efbd54c: receive RaftClientReply:client-19C32667576E->48affcab-e6e4-4602-963a-f6a50efbd54c@group-50C56EAF5137, cid=1255, SUCCESS, logIndex=0, commits[48affcab-e6e4-4602-963a-f6a50efbd54c:c1760, 7e391b60-07ae-4d97-a027-4756e468c032:c1756, c5f86d96-67df-4f25-bde3-316f439d30b3:c1756]
2019-08-23 18:28:57,650 | INFO  | DNAudit | user=null | ip=null | op=WRITE_CHUNK {blockData=conID: 3 locID: 102667710472651221 bcsId: 0} | ret=SUCCESS |  
2019-08-23 18:28:57,650 | INFO  | DNAudit | user=null | ip=null | op=WRITE_CHUNK {blockData=conID: 3 locID: 102667710472651221 bcsId: 0} | ret=SUCCESS |  
2019-08-23 18:28:57,650 | INFO  | DNAudit | user=null | ip=null | op=PUT_BLOCK {blockData=[blockId=conID: 3 locID: 102667710472651221 bcsId: 0,size=2097152]} | ret=SUCCESS |  
2019-08-23 18:28:57,650 | INFO  | DNAudit | user=null | ip=null | op=PUT_BLOCK {blockData=[blockId=conID: 3 locID: 102667710472651221 bcsId: 0,size=2097152]} | ret=SUCCESS |  
2019-08-23 18:28:57,655 | INFO  | DNAudit | user=null | ip=null | op=WRITE_CHUNK {blockData=conID: 3 locID: 102667710472651221 bcsId: 1758} | ret=SUCCESS |  
2019-08-23 18:28:57,657 | INFO  | DNAudit | user=null | ip=null | op=WRITE_CHUNK {blockData=conID: 3 locID: 102667710472651221 bcsId: 1758} | ret=SUCCESS |  
2019-08-23 18:28:57,657 | INFO  | DNAudit | user=null | ip=null | op=WRITE_CHUNK {blockData=conID: 3 locID: 102667710472651221 bcsId: 1758} | ret=SUCCESS |  
2019-08-23 18:28:57,665 | INFO  | DNAudit | user=null | ip=null | op=WRITE_CHUNK {blockData=conID: 3 locID: 102667710472651221 bcsId: 1758} | ret=SUCCESS |  
2019-08-23 18:28:57,665 | INFO  | DNAudit | user=null | ip=null | op=PUT_BLOCK {blockData=[blockId=conID: 3 locID: 102667710472651221 bcsId: 0,size=3145728]} | ret=SUCCESS |  
2019-08-23 18:28:57,665 [grpc-default-executor-5] INFO  client.GrpcClientProtocolClient (GrpcClientProtocolClient.java:onNext(255)) - client-19C32667576E->48affcab-e6e4-4602-963a-f6a50efbd54c: receive RaftClientReply:client-19C32667576E->48affcab-e6e4-4602-963a-f6a50efbd54c@group-50C56EAF5137, cid=1256, SUCCESS, logIndex=1763, commits[48affcab-e6e4-4602-963a-f6a50efbd54c:c1764, 7e391b60-07ae-4d97-a027-4756e468c032:c1762, c5f86d96-67df-4f25-bde3-316f439d30b3:c1762]
2019-08-23 18:28:57,665 [grpc-default-executor-5] INFO  client.GrpcClientProtocolClient (GrpcClientProtocolClient.java:onNext(255)) - client-19C32667576E->48affcab-e6e4-4602-963a-f6a50efbd54c: receive RaftClientReply:client-19C32667576E->48affcab-e6e4-4602-963a-f6a50efbd54c@group-50C56EAF5137, cid=1257, SUCCESS, logIndex=1764, commits[48affcab-e6e4-4602-963a-f6a50efbd54c:c1764, 7e391b60-07ae-4d97-a027-4756e468c032:c1762, c5f86d96-67df-4f25-bde3-316f439d30b3:c1762]
2019-08-23 18:28:57,670 | INFO  | DNAudit | user=null | ip=null | op=WRITE_CHUNK {blockData=conID: 3 locID: 102667710472651221 bcsId: 1764} | ret=SUCCESS |  
2019-08-23 18:28:57,673 | INFO  | DNAudit | user=null | ip=null | op=WRITE_CHUNK {blockData=conID: 3 locID: 102667710472651221 bcsId: 1764} | ret=SUCCESS |  
2019-08-23 18:28:57,673 | INFO  | DNAudit | user=null | ip=null | op=WRITE_CHUNK {blockData=conID: 3 locID: 102667710472651221 bcsId: 1764} | ret=SUCCESS |  
2019-08-23 18:28:57,676 | INFO  | DNAudit | user=null | ip=null | op=WRITE_CHUNK {blockData=conID: 3 locID: 102667710472651221 bcsId: 1758} | ret=SUCCESS |  
2019-08-23 18:28:57,676 | INFO  | DNAudit | user=null | ip=null | op=WRITE_CHUNK {blockData=conID: 3 locID: 102667710472651221 bcsId: 1758} | ret=SUCCESS |  
2019-08-23 18:28:57,677 | INFO  | DNAudit | user=null | ip=null | op=PUT_BLOCK {blockData=[blockId=conID: 3 locID: 102667710472651221 bcsId: 0,size=3145728]} | ret=SUCCESS |  
2019-08-23 18:28:57,677 | INFO  | DNAudit | user=null | ip=null | op=PUT_BLOCK {blockData=[blockId=conID: 3 locID: 102667710472651221 bcsId: 0,size=3145728]} | ret=SUCCESS |  
2019-08-23 18:28:57,678 | INFO  | DNAudit | user=null | ip=null | op=WRITE_CHUNK {blockData=conID: 3 locID: 102667710472651221 bcsId: 1764} | ret=SUCCESS |  
2019-08-23 18:28:57,678 | INFO  | DNAudit | user=null | ip=null | op=PUT_BLOCK {blockData=[blockId=conID: 3 locID: 102667710472651221 bcsId: 0,size=4194304]} | ret=SUCCESS |  
2019-08-23 18:28:57,678 [grpc-default-executor-5] INFO  client.GrpcClientProtocolClient (GrpcClientProtocolClient.java:onNext(255)) - client-19C32667576E->48affcab-e6e4-4602-963a-f6a50efbd54c: receive RaftClientReply:client-19C32667576E->48affcab-e6e4-4602-963a-f6a50efbd54c@group-50C56EAF5137, cid=1258, SUCCESS, logIndex=1767, commits[48affcab-e6e4-4602-963a-f6a50efbd54c:c1768, 7e391b60-07ae-4d97-a027-4756e468c032:c1764, c5f86d96-67df-4f25-bde3-316f439d30b3:c1764]
2019-08-23 18:28:57,678 [grpc-default-executor-5] INFO  client.GrpcClientProtocolClient (GrpcClientProtocolClient.java:onNext(255)) - client-19C32667576E->48affcab-e6e4-4602-963a-f6a50efbd54c: receive RaftClientReply:client-19C32667576E->48affcab-e6e4-4602-963a-f6a50efbd54c@group-50C56EAF5137, cid=1259, SUCCESS, logIndex=1768, commits[48affcab-e6e4-4602-963a-f6a50efbd54c:c1768, 7e391b60-07ae-4d97-a027-4756e468c032:c1764, c5f86d96-67df-4f25-bde3-316f439d30b3:c1764]
2019-08-23 18:28:57,690 | INFO  | DNAudit | user=null | ip=null | op=WRITE_CHUNK {blockData=conID: 3 locID: 102667710472651221 bcsId: 1764} | ret=SUCCESS |  
2019-08-23 18:28:57,690 | INFO  | DNAudit | user=null | ip=null | op=WRITE_CHUNK {blockData=conID: 3 locID: 102667710472651221 bcsId: 1764} | ret=SUCCESS |  
2019-08-23 18:28:57,691 | INFO  | DNAudit | user=null | ip=null | op=PUT_BLOCK {blockData=[blockId=conID: 3 locID: 102667710472651221 bcsId: 0,size=4194304]} | ret=SUCCESS |  
2019-08-23 18:28:57,691 | INFO  | DNAudit | user=null | ip=null | op=PUT_BLOCK {blockData=[blockId=conID: 3 locID: 102667710472651221 bcsId: 0,size=4194304]} | ret=SUCCESS |  
2019-08-23 18:28:57,691 [grpc-default-executor-5] INFO  client.GrpcClientProtocolClient (GrpcClientProtocolClient.java:onNext(255)) - client-19C32667576E->48affcab-e6e4-4602-963a-f6a50efbd54c: receive RaftClientReply:client-19C32667576E->48affcab-e6e4-4602-963a-f6a50efbd54c@group-50C56EAF5137, cid=1260, SUCCESS, logIndex=0, commits[48affcab-e6e4-4602-963a-f6a50efbd54c:c1770, 7e391b60-07ae-4d97-a027-4756e468c032:c1768, c5f86d96-67df-4f25-bde3-316f439d30b3:c1768]
2019-08-23 18:28:57,696 | INFO  | SCMAudit | user=jenkins1000 | ip=192.168.34.23 | op=ALLOCATE_BLOCK {owner=1ceb8b80-28f1-43fd-86c3-175afc07b8d1, size=4194304, type=RATIS, factor=THREE} | ret=SUCCESS |  
2019-08-23 18:28:57,700 | INFO  | OMAudit | user=jenkins1000 | ip=127.0.0.1 | op=ALLOCATE_BLOCK {volume=vol-0-45438, bucket=bucket-0-23891, key=key-0-22455, dataSize=0, replicationType=null, replicationFactor=null, keyLocationInfo=null, clientID=102667710122492306} | ret=SUCCESS |  
2019-08-23 18:28:57,705 | INFO  | DNAudit | user=null | ip=null | op=WRITE_CHUNK {blockData=conID: 1 locID: 102667710476845526 bcsId: 0} | ret=SUCCESS |  
2019-08-23 18:28:57,708 | INFO  | DNAudit | user=null | ip=null | op=WRITE_CHUNK {blockData=conID: 1 locID: 102667710476845526 bcsId: 0} | ret=SUCCESS |  
2019-08-23 18:28:57,708 | INFO  | DNAudit | user=null | ip=null | op=WRITE_CHUNK {blockData=conID: 1 locID: 102667710476845526 bcsId: 0} | ret=SUCCESS |  
2019-08-23 18:28:57,709 | INFO  | DNAudit | user=null | ip=null | op=WRITE_CHUNK {blockData=conID: 1 locID: 102667710476845526 bcsId: 0} | ret=SUCCESS |  
2019-08-23 18:28:57,710 | INFO  | DNAudit | user=null | ip=null | op=WRITE_CHUNK {blockData=conID: 1 locID: 102667710476845526 bcsId: 0} | ret=SUCCESS |  
2019-08-23 18:28:57,711 | INFO  | DNAudit | user=null | ip=null | op=WRITE_CHUNK {blockData=conID: 1 locID: 102667710476845526 bcsId: 0} | ret=SUCCESS |  
2019-08-23 18:28:57,718 | INFO  | DNAudit | user=null | ip=null | op=WRITE_CHUNK {blockData=conID: 1 locID: 102667710476845526 bcsId: 0} | ret=SUCCESS |  
2019-08-23 18:28:57,718 | INFO  | DNAudit | user=null | ip=null | op=PUT_BLOCK {blockData=[blockId=conID: 1 locID: 102667710476845526 bcsId: 0,size=1048576]} | ret=SUCCESS |  
2019-08-23 18:28:57,719 [grpc-default-executor-4] INFO  client.GrpcClientProtocolClient (GrpcClientProtocolClient.java:onNext(255)) - client-19C32667576E->48affcab-e6e4-4602-963a-f6a50efbd54c: receive RaftClientReply:client-19C32667576E->48affcab-e6e4-4602-963a-f6a50efbd54c@group-50C56EAF5137, cid=1261, SUCCESS, logIndex=1771, commits[48affcab-e6e4-4602-963a-f6a50efbd54c:c1772, 7e391b60-07ae-4d97-a027-4756e468c032:c1770, c5f86d96-67df-4f25-bde3-316f439d30b3:c1770]
2019-08-23 18:28:57,719 | INFO  | DNAudit | user=null | ip=null | op=WRITE_CHUNK {blockData=conID: 1 locID: 102667710476845526 bcsId: 0} | ret=SUCCESS |  
2019-08-23 18:28:57,719 | INFO  | DNAudit | user=null | ip=null | op=PUT_BLOCK {blockData=[blockId=conID: 1 locID: 102667710476845526 bcsId: 0,size=2097152]} | ret=SUCCESS |  
2019-08-23 18:28:57,719 [grpc-default-executor-0] INFO  client.GrpcClientProtocolClient (GrpcClientProtocolClient.java:onNext(255)) - client-19C32667576E->48affcab-e6e4-4602-963a-f6a50efbd54c: receive RaftClientReply:client-19C32667576E->48affcab-e6e4-4602-963a-f6a50efbd54c@group-50C56EAF5137, cid=1262, SUCCESS, logIndex=1772, commits[48affcab-e6e4-4602-963a-f6a50efbd54c:c1772, 7e391b60-07ae-4d97-a027-4756e468c032:c1770, c5f86d96-67df-4f25-bde3-316f439d30b3:c1770]
2019-08-23 18:28:57,719 [grpc-default-executor-0] INFO  client.GrpcClientProtocolClient (GrpcClientProtocolClient.java:onNext(255)) - client-19C32667576E->48affcab-e6e4-4602-963a-f6a50efbd54c: receive RaftClientReply:client-19C32667576E->48affcab-e6e4-4602-963a-f6a50efbd54c@group-50C56EAF5137, cid=1263, SUCCESS, logIndex=1773, commits[48affcab-e6e4-4602-963a-f6a50efbd54c:c1774, 7e391b60-07ae-4d97-a027-4756e468c032:c1770, c5f86d96-67df-4f25-bde3-316f439d30b3:c1770]
2019-08-23 18:28:57,720 | INFO  | DNAudit | user=null | ip=null | op=WRITE_CHUNK {blockData=conID: 1 locID: 102667710476845526 bcsId: 0} | ret=SUCCESS |  
2019-08-23 18:28:57,720 | INFO  | DNAudit | user=null | ip=null | op=PUT_BLOCK {blockData=[blockId=conID: 1 locID: 102667710476845526 bcsId: 0,size=1048576]} | ret=SUCCESS |  
2019-08-23 18:28:57,720 [grpc-default-executor-0] INFO  client.GrpcClientProtocolClient (GrpcClientProtocolClient.java:onNext(255)) - client-19C32667576E->48affcab-e6e4-4602-963a-f6a50efbd54c: receive RaftClientReply:client-19C32667576E->48affcab-e6e4-4602-963a-f6a50efbd54c@group-50C56EAF5137, cid=1264, SUCCESS, logIndex=1774, commits[48affcab-e6e4-4602-963a-f6a50efbd54c:c1774, 7e391b60-07ae-4d97-a027-4756e468c032:c1770, c5f86d96-67df-4f25-bde3-316f439d30b3:c1770]
2019-08-23 18:28:57,720 | INFO  | DNAudit | user=null | ip=null | op=WRITE_CHUNK {blockData=conID: 1 locID: 102667710476845526 bcsId: 0} | ret=SUCCESS |  
2019-08-23 18:28:57,720 | INFO  | DNAudit | user=null | ip=null | op=PUT_BLOCK {blockData=[blockId=conID: 1 locID: 102667710476845526 bcsId: 0,size=1048576]} | ret=SUCCESS |  
2019-08-23 18:28:57,721 | INFO  | DNAudit | user=null | ip=null | op=WRITE_CHUNK {blockData=conID: 1 locID: 102667710476845526 bcsId: 0} | ret=SUCCESS |  
2019-08-23 18:28:57,721 | INFO  | DNAudit | user=null | ip=null | op=WRITE_CHUNK {blockData=conID: 1 locID: 102667710476845526 bcsId: 0} | ret=SUCCESS |  
2019-08-23 18:28:57,721 [grpc-default-executor-0] INFO  client.GrpcClientProtocolClient (GrpcClientProtocolClient.java:onNext(255)) - client-19C32667576E->48affcab-e6e4-4602-963a-f6a50efbd54c: receive RaftClientReply:client-19C32667576E->48affcab-e6e4-4602-963a-f6a50efbd54c@group-50C56EAF5137, cid=1265, SUCCESS, logIndex=0, commits[48affcab-e6e4-4602-963a-f6a50efbd54c:c1776, 7e391b60-07ae-4d97-a027-4756e468c032:c1772, c5f86d96-67df-4f25-bde3-316f439d30b3:c1772]
2019-08-23 18:28:57,721 | INFO  | DNAudit | user=null | ip=null | op=PUT_BLOCK {blockData=[blockId=conID: 1 locID: 102667710476845526 bcsId: 0,size=2097152]} | ret=SUCCESS |  
2019-08-23 18:28:57,721 | INFO  | DNAudit | user=null | ip=null | op=PUT_BLOCK {blockData=[blockId=conID: 1 locID: 102667710476845526 bcsId: 0,size=2097152]} | ret=SUCCESS |  
2019-08-23 18:28:57,726 | INFO  | DNAudit | user=null | ip=null | op=WRITE_CHUNK {blockData=conID: 1 locID: 102667710476845526 bcsId: 1774} | ret=SUCCESS |  
2019-08-23 18:28:57,728 | INFO  | DNAudit | user=null | ip=null | op=WRITE_CHUNK {blockData=conID: 1 locID: 102667710476845526 bcsId: 1774} | ret=SUCCESS |  
2019-08-23 18:28:57,728 | INFO  | DNAudit | user=null | ip=null | op=WRITE_CHUNK {blockData=conID: 1 locID: 102667710476845526 bcsId: 1774} | ret=SUCCESS |  
2019-08-23 18:28:57,738 | INFO  | DNAudit | user=null | ip=null | op=WRITE_CHUNK {blockData=conID: 1 locID: 102667710476845526 bcsId: 1774} | ret=SUCCESS |  
2019-08-23 18:28:57,739 | INFO  | DNAudit | user=null | ip=null | op=PUT_BLOCK {blockData=[blockId=conID: 1 locID: 102667710476845526 bcsId: 0,size=3145728]} | ret=SUCCESS |  
2019-08-23 18:28:57,739 [grpc-default-executor-4] INFO  client.GrpcClientProtocolClient (GrpcClientProtocolClient.java:onNext(255)) - client-19C32667576E->48affcab-e6e4-4602-963a-f6a50efbd54c: receive RaftClientReply:client-19C32667576E->48affcab-e6e4-4602-963a-f6a50efbd54c@group-50C56EAF5137, cid=1266, SUCCESS, logIndex=1779, commits[48affcab-e6e4-4602-963a-f6a50efbd54c:c1780, 7e391b60-07ae-4d97-a027-4756e468c032:c1778, c5f86d96-67df-4f25-bde3-316f439d30b3:c1778]
2019-08-23 18:28:57,739 [grpc-default-executor-4] INFO  client.GrpcClientProtocolClient (GrpcClientProtocolClient.java:onNext(255)) - client-19C32667576E->48affcab-e6e4-4602-963a-f6a50efbd54c: receive RaftClientReply:client-19C32667576E->48affcab-e6e4-4602-963a-f6a50efbd54c@group-50C56EAF5137, cid=1267, SUCCESS, logIndex=1780, commits[48affcab-e6e4-4602-963a-f6a50efbd54c:c1780, 7e391b60-07ae-4d97-a027-4756e468c032:c1778, c5f86d96-67df-4f25-bde3-316f439d30b3:c1778]
2019-08-23 18:28:57,744 | INFO  | DNAudit | user=null | ip=null | op=WRITE_CHUNK {blockData=conID: 1 locID: 102667710476845526 bcsId: 1780} | ret=SUCCESS |  
2019-08-23 18:28:57,747 | INFO  | DNAudit | user=null | ip=null | op=WRITE_CHUNK {blockData=conID: 1 locID: 102667710476845526 bcsId: 1780} | ret=SUCCESS |  
2019-08-23 18:28:57,748 | INFO  | DNAudit | user=null | ip=null | op=WRITE_CHUNK {blockData=conID: 1 locID: 102667710476845526 bcsId: 1780} | ret=SUCCESS |  
2019-08-23 18:28:57,750 | INFO  | DNAudit | user=null | ip=null | op=WRITE_CHUNK {blockData=conID: 1 locID: 102667710476845526 bcsId: 1774} | ret=SUCCESS |  
2019-08-23 18:28:57,750 | INFO  | DNAudit | user=null | ip=null | op=WRITE_CHUNK {blockData=conID: 1 locID: 102667710476845526 bcsId: 1774} | ret=SUCCESS |  
2019-08-23 18:28:57,750 | INFO  | DNAudit | user=null | ip=null | op=PUT_BLOCK {blockData=[blockId=conID: 1 locID: 102667710476845526 bcsId: 0,size=3145728]} | ret=SUCCESS |  
2019-08-23 18:28:57,750 | INFO  | DNAudit | user=null | ip=null | op=PUT_BLOCK {blockData=[blockId=conID: 1 locID: 102667710476845526 bcsId: 0,size=3145728]} | ret=SUCCESS |  
2019-08-23 18:28:57,751 | INFO  | DNAudit | user=null | ip=null | op=WRITE_CHUNK {blockData=conID: 1 locID: 102667710476845526 bcsId: 1780} | ret=SUCCESS |  
2019-08-23 18:28:57,752 | INFO  | DNAudit | user=null | ip=null | op=PUT_BLOCK {blockData=[blockId=conID: 1 locID: 102667710476845526 bcsId: 0,size=4194304]} | ret=SUCCESS |  
2019-08-23 18:28:57,752 [grpc-default-executor-5] INFO  client.GrpcClientProtocolClient (GrpcClientProtocolClient.java:onNext(255)) - client-19C32667576E->48affcab-e6e4-4602-963a-f6a50efbd54c: receive RaftClientReply:client-19C32667576E->48affcab-e6e4-4602-963a-f6a50efbd54c@group-50C56EAF5137, cid=1268, SUCCESS, logIndex=1782, commits[48affcab-e6e4-4602-963a-f6a50efbd54c:c1783, 7e391b60-07ae-4d97-a027-4756e468c032:c1780, c5f86d96-67df-4f25-bde3-316f439d30b3:c1780]
2019-08-23 18:28:57,752 [grpc-default-executor-5] INFO  client.GrpcClientProtocolClient (GrpcClientProtocolClient.java:onNext(255)) - client-19C32667576E->48affcab-e6e4-4602-963a-f6a50efbd54c: receive RaftClientReply:client-19C32667576E->48affcab-e6e4-4602-963a-f6a50efbd54c@group-50C56EAF5137, cid=1269, SUCCESS, logIndex=1783, commits[48affcab-e6e4-4602-963a-f6a50efbd54c:c1783, 7e391b60-07ae-4d97-a027-4756e468c032:c1780, c5f86d96-67df-4f25-bde3-316f439d30b3:c1780]
2019-08-23 18:28:57,763 | INFO  | DNAudit | user=null | ip=null | op=WRITE_CHUNK {blockData=conID: 1 locID: 102667710476845526 bcsId: 1780} | ret=SUCCESS |  
2019-08-23 18:28:57,763 | INFO  | DNAudit | user=null | ip=null | op=WRITE_CHUNK {blockData=conID: 1 locID: 102667710476845526 bcsId: 1780} | ret=SUCCESS |  
2019-08-23 18:28:57,764 | INFO  | DNAudit | user=null | ip=null | op=PUT_BLOCK {blockData=[blockId=conID: 1 locID: 102667710476845526 bcsId: 0,size=4194304]} | ret=SUCCESS |  
2019-08-23 18:28:57,764 | INFO  | DNAudit | user=null | ip=null | op=PUT_BLOCK {blockData=[blockId=conID: 1 locID: 102667710476845526 bcsId: 0,size=4194304]} | ret=SUCCESS |  
2019-08-23 18:28:57,765 [grpc-default-executor-5] INFO  client.GrpcClientProtocolClient (GrpcClientProtocolClient.java:onNext(255)) - client-19C32667576E->48affcab-e6e4-4602-963a-f6a50efbd54c: receive RaftClientReply:client-19C32667576E->48affcab-e6e4-4602-963a-f6a50efbd54c@group-50C56EAF5137, cid=1270, SUCCESS, logIndex=0, commits[48affcab-e6e4-4602-963a-f6a50efbd54c:c1785, 7e391b60-07ae-4d97-a027-4756e468c032:c1783, c5f86d96-67df-4f25-bde3-316f439d30b3:c1783]
2019-08-23 18:28:57,771 | INFO  | SCMAudit | user=jenkins1000 | ip=192.168.34.23 | op=ALLOCATE_BLOCK {owner=1ceb8b80-28f1-43fd-86c3-175afc07b8d1, size=4194304, type=RATIS, factor=THREE} | ret=SUCCESS |  
2019-08-23 18:28:57,775 | INFO  | OMAudit | user=jenkins1000 | ip=127.0.0.1 | op=ALLOCATE_BLOCK {volume=vol-0-45438, bucket=bucket-0-23891, key=key-0-22455, dataSize=0, replicationType=null, replicationFactor=null, keyLocationInfo=null, clientID=102667710122492306} | ret=SUCCESS |  
2019-08-23 18:28:57,780 | INFO  | DNAudit | user=null | ip=null | op=WRITE_CHUNK {blockData=conID: 2 locID: 102667710481760727 bcsId: 0} | ret=SUCCESS |  
2019-08-23 18:28:57,783 | INFO  | DNAudit | user=null | ip=null | op=WRITE_CHUNK {blockData=conID: 2 locID: 102667710481760727 bcsId: 0} | ret=SUCCESS |  
2019-08-23 18:28:57,784 | INFO  | DNAudit | user=null | ip=null | op=WRITE_CHUNK {blockData=conID: 2 locID: 102667710481760727 bcsId: 0} | ret=SUCCESS |  
2019-08-23 18:28:57,784 | INFO  | DNAudit | user=null | ip=null | op=WRITE_CHUNK {blockData=conID: 2 locID: 102667710481760727 bcsId: 0} | ret=SUCCESS |  
2019-08-23 18:28:57,785 | INFO  | DNAudit | user=null | ip=null | op=WRITE_CHUNK {blockData=conID: 2 locID: 102667710481760727 bcsId: 0} | ret=SUCCESS |  
2019-08-23 18:28:57,786 | INFO  | DNAudit | user=null | ip=null | op=WRITE_CHUNK {blockData=conID: 2 locID: 102667710481760727 bcsId: 0} | ret=SUCCESS |  
2019-08-23 18:28:57,792 | INFO  | DNAudit | user=null | ip=null | op=WRITE_CHUNK {blockData=conID: 2 locID: 102667710481760727 bcsId: 0} | ret=SUCCESS |  
2019-08-23 18:28:57,792 | INFO  | DNAudit | user=null | ip=null | op=PUT_BLOCK {blockData=[blockId=conID: 2 locID: 102667710481760727 bcsId: 0,size=1048576]} | ret=SUCCESS |  
2019-08-23 18:28:57,792 [grpc-default-executor-4] INFO  client.GrpcClientProtocolClient (GrpcClientProtocolClient.java:onNext(255)) - client-19C32667576E->48affcab-e6e4-4602-963a-f6a50efbd54c: receive RaftClientReply:client-19C32667576E->48affcab-e6e4-4602-963a-f6a50efbd54c@group-50C56EAF5137, cid=1271, SUCCESS, logIndex=1786, commits[48affcab-e6e4-4602-963a-f6a50efbd54c:c1789, 7e391b60-07ae-4d97-a027-4756e468c032:c1785, c5f86d96-67df-4f25-bde3-316f439d30b3:c1785]
2019-08-23 18:28:57,793 | INFO  | DNAudit | user=null | ip=null | op=WRITE_CHUNK {blockData=conID: 2 locID: 102667710481760727 bcsId: 0} | ret=SUCCESS |  
2019-08-23 18:28:57,793 [grpc-default-executor-5] INFO  client.GrpcClientProtocolClient (GrpcClientProtocolClient.java:onNext(255)) - client-19C32667576E->48affcab-e6e4-4602-963a-f6a50efbd54c: receive RaftClientReply:client-19C32667576E->48affcab-e6e4-4602-963a-f6a50efbd54c@group-50C56EAF5137, cid=1272, SUCCESS, logIndex=1787, commits[48affcab-e6e4-4602-963a-f6a50efbd54c:c1789, 7e391b60-07ae-4d97-a027-4756e468c032:c1785, c5f86d96-67df-4f25-bde3-316f439d30b3:c1785]
2019-08-23 18:28:57,793 | INFO  | DNAudit | user=null | ip=null | op=PUT_BLOCK {blockData=[blockId=conID: 2 locID: 102667710481760727 bcsId: 0,size=2097152]} | ret=SUCCESS |  
2019-08-23 18:28:57,793 | INFO  | DNAudit | user=null | ip=null | op=WRITE_CHUNK {blockData=conID: 2 locID: 102667710481760727 bcsId: 0} | ret=SUCCESS |  
2019-08-23 18:28:57,793 [grpc-default-executor-5] INFO  client.GrpcClientProtocolClient (GrpcClientProtocolClient.java:onNext(255)) - client-19C32667576E->48affcab-e6e4-4602-963a-f6a50efbd54c: receive RaftClientReply:client-19C32667576E->48affcab-e6e4-4602-963a-f6a50efbd54c@group-50C56EAF5137, cid=1273, SUCCESS, logIndex=1788, commits[48affcab-e6e4-4602-963a-f6a50efbd54c:c1789, 7e391b60-07ae-4d97-a027-4756e468c032:c1785, c5f86d96-67df-4f25-bde3-316f439d30b3:c1785]
2019-08-23 18:28:57,793 | INFO  | DNAudit | user=null | ip=null | op=PUT_BLOCK {blockData=[blockId=conID: 2 locID: 102667710481760727 bcsId: 0,size=1048576]} | ret=SUCCESS |  
2019-08-23 18:28:57,793 [grpc-default-executor-5] INFO  client.GrpcClientProtocolClient (GrpcClientProtocolClient.java:onNext(255)) - client-19C32667576E->48affcab-e6e4-4602-963a-f6a50efbd54c: receive RaftClientReply:client-19C32667576E->48affcab-e6e4-4602-963a-f6a50efbd54c@group-50C56EAF5137, cid=1274, SUCCESS, logIndex=1789, commits[48affcab-e6e4-4602-963a-f6a50efbd54c:c1789, 7e391b60-07ae-4d97-a027-4756e468c032:c1785, c5f86d96-67df-4f25-bde3-316f439d30b3:c1785]
2019-08-23 18:28:57,794 | INFO  | DNAudit | user=null | ip=null | op=WRITE_CHUNK {blockData=conID: 2 locID: 102667710481760727 bcsId: 0} | ret=SUCCESS |  
2019-08-23 18:28:57,794 | INFO  | DNAudit | user=null | ip=null | op=PUT_BLOCK {blockData=[blockId=conID: 2 locID: 102667710481760727 bcsId: 0,size=1048576]} | ret=SUCCESS |  
2019-08-23 18:28:57,794 | INFO  | DNAudit | user=null | ip=null | op=WRITE_CHUNK {blockData=conID: 2 locID: 102667710481760727 bcsId: 0} | ret=SUCCESS |  
2019-08-23 18:28:57,794 | INFO  | DNAudit | user=null | ip=null | op=PUT_BLOCK {blockData=[blockId=conID: 2 locID: 102667710481760727 bcsId: 0,size=2097152]} | ret=SUCCESS |  
2019-08-23 18:28:57,794 [grpc-default-executor-5] INFO  client.GrpcClientProtocolClient (GrpcClientProtocolClient.java:onNext(255)) - client-19C32667576E->48affcab-e6e4-4602-963a-f6a50efbd54c: receive RaftClientReply:client-19C32667576E->48affcab-e6e4-4602-963a-f6a50efbd54c@group-50C56EAF5137, cid=1275, SUCCESS, logIndex=0, commits[48affcab-e6e4-4602-963a-f6a50efbd54c:c1791, 7e391b60-07ae-4d97-a027-4756e468c032:c1787, c5f86d96-67df-4f25-bde3-316f439d30b3:c1787]
2019-08-23 18:28:57,794 | INFO  | DNAudit | user=null | ip=null | op=WRITE_CHUNK {blockData=conID: 2 locID: 102667710481760727 bcsId: 0} | ret=SUCCESS |  
2019-08-23 18:28:57,795 | INFO  | DNAudit | user=null | ip=null | op=PUT_BLOCK {blockData=[blockId=conID: 2 locID: 102667710481760727 bcsId: 0,size=2097152]} | ret=SUCCESS |  
2019-08-23 18:28:57,799 | INFO  | DNAudit | user=null | ip=null | op=WRITE_CHUNK {blockData=conID: 2 locID: 102667710481760727 bcsId: 1789} | ret=SUCCESS |  
2019-08-23 18:28:57,802 | INFO  | DNAudit | user=null | ip=null | op=WRITE_CHUNK {blockData=conID: 2 locID: 102667710481760727 bcsId: 1789} | ret=SUCCESS |  
2019-08-23 18:28:57,802 | INFO  | DNAudit | user=null | ip=null | op=WRITE_CHUNK {blockData=conID: 2 locID: 102667710481760727 bcsId: 1789} | ret=SUCCESS |  
2019-08-23 18:28:57,805 | INFO  | DNAudit | user=null | ip=null | op=WRITE_CHUNK {blockData=conID: 2 locID: 102667710481760727 bcsId: 1789} | ret=SUCCESS |  
2019-08-23 18:28:57,805 | INFO  | DNAudit | user=null | ip=null | op=PUT_BLOCK {blockData=[blockId=conID: 2 locID: 102667710481760727 bcsId: 0,size=3145728]} | ret=SUCCESS |  
2019-08-23 18:28:57,805 [grpc-default-executor-0] INFO  client.GrpcClientProtocolClient (GrpcClientProtocolClient.java:onNext(255)) - client-19C32667576E->48affcab-e6e4-4602-963a-f6a50efbd54c: receive RaftClientReply:client-19C32667576E->48affcab-e6e4-4602-963a-f6a50efbd54c@group-50C56EAF5137, cid=1276, SUCCESS, logIndex=1794, commits[48affcab-e6e4-4602-963a-f6a50efbd54c:c1795, 7e391b60-07ae-4d97-a027-4756e468c032:c1793, c5f86d96-67df-4f25-bde3-316f439d30b3:c1793]
2019-08-23 18:28:57,806 [grpc-default-executor-0] INFO  client.GrpcClientProtocolClient (GrpcClientProtocolClient.java:onNext(255)) - client-19C32667576E->48affcab-e6e4-4602-963a-f6a50efbd54c: receive RaftClientReply:client-19C32667576E->48affcab-e6e4-4602-963a-f6a50efbd54c@group-50C56EAF5137, cid=1277, SUCCESS, logIndex=1795, commits[48affcab-e6e4-4602-963a-f6a50efbd54c:c1795, 7e391b60-07ae-4d97-a027-4756e468c032:c1793, c5f86d96-67df-4f25-bde3-316f439d30b3:c1793]
2019-08-23 18:28:57,807 | INFO  | DNAudit | user=null | ip=null | op=WRITE_CHUNK {blockData=conID: 2 locID: 102667710481760727 bcsId: 1789} | ret=SUCCESS |  
2019-08-23 18:28:57,807 | INFO  | DNAudit | user=null | ip=null | op=WRITE_CHUNK {blockData=conID: 2 locID: 102667710481760727 bcsId: 1789} | ret=SUCCESS |  
2019-08-23 18:28:57,807 | INFO  | DNAudit | user=null | ip=null | op=PUT_BLOCK {blockData=[blockId=conID: 2 locID: 102667710481760727 bcsId: 0,size=3145728]} | ret=SUCCESS |  
2019-08-23 18:28:57,807 | INFO  | DNAudit | user=null | ip=null | op=PUT_BLOCK {blockData=[blockId=conID: 2 locID: 102667710481760727 bcsId: 0,size=3145728]} | ret=SUCCESS |  
2019-08-23 18:28:57,811 | INFO  | DNAudit | user=null | ip=null | op=WRITE_CHUNK {blockData=conID: 2 locID: 102667710481760727 bcsId: 1795} | ret=SUCCESS |  
2019-08-23 18:28:57,897 | INFO  | DNAudit | user=null | ip=null | op=WRITE_CHUNK {blockData=conID: 2 locID: 102667710481760727 bcsId: 1795} | ret=SUCCESS |  
2019-08-23 18:28:57,898 | INFO  | DNAudit | user=null | ip=null | op=WRITE_CHUNK {blockData=conID: 2 locID: 102667710481760727 bcsId: 1795} | ret=SUCCESS |  
2019-08-23 18:28:57,908 | INFO  | DNAudit | user=null | ip=null | op=WRITE_CHUNK {blockData=conID: 2 locID: 102667710481760727 bcsId: 1795} | ret=SUCCESS |  
2019-08-23 18:28:57,909 | INFO  | DNAudit | user=null | ip=null | op=PUT_BLOCK {blockData=[blockId=conID: 2 locID: 102667710481760727 bcsId: 0,size=4194304]} | ret=SUCCESS |  
2019-08-23 18:28:57,909 [grpc-default-executor-4] INFO  client.GrpcClientProtocolClient (GrpcClientProtocolClient.java:onNext(255)) - client-19C32667576E->48affcab-e6e4-4602-963a-f6a50efbd54c: receive RaftClientReply:client-19C32667576E->48affcab-e6e4-4602-963a-f6a50efbd54c@group-50C56EAF5137, cid=1278, SUCCESS, logIndex=1798, commits[48affcab-e6e4-4602-963a-f6a50efbd54c:c1799, 7e391b60-07ae-4d97-a027-4756e468c032:c1797, c5f86d96-67df-4f25-bde3-316f439d30b3:c1795]
2019-08-23 18:28:57,909 [grpc-default-executor-4] INFO  client.GrpcClientProtocolClient (GrpcClientProtocolClient.java:onNext(255)) - client-19C32667576E->48affcab-e6e4-4602-963a-f6a50efbd54c: receive RaftClientReply:client-19C32667576E->48affcab-e6e4-4602-963a-f6a50efbd54c@group-50C56EAF5137, cid=1279, SUCCESS, logIndex=1799, commits[48affcab-e6e4-4602-963a-f6a50efbd54c:c1799, 7e391b60-07ae-4d97-a027-4756e468c032:c1797, c5f86d96-67df-4f25-bde3-316f439d30b3:c1797]
2019-08-23 18:28:57,911 | INFO  | DNAudit | user=null | ip=null | op=WRITE_CHUNK {blockData=conID: 2 locID: 102667710481760727 bcsId: 1795} | ret=SUCCESS |  
2019-08-23 18:28:57,911 | INFO  | DNAudit | user=null | ip=null | op=WRITE_CHUNK {blockData=conID: 2 locID: 102667710481760727 bcsId: 1795} | ret=SUCCESS |  
2019-08-23 18:28:57,911 | INFO  | DNAudit | user=null | ip=null | op=PUT_BLOCK {blockData=[blockId=conID: 2 locID: 102667710481760727 bcsId: 0,size=4194304]} | ret=SUCCESS |  
2019-08-23 18:28:57,911 | INFO  | DNAudit | user=null | ip=null | op=PUT_BLOCK {blockData=[blockId=conID: 2 locID: 102667710481760727 bcsId: 0,size=4194304]} | ret=SUCCESS |  
2019-08-23 18:28:57,911 [grpc-default-executor-0] INFO  client.GrpcClientProtocolClient (GrpcClientProtocolClient.java:onNext(255)) - client-19C32667576E->48affcab-e6e4-4602-963a-f6a50efbd54c: receive RaftClientReply:client-19C32667576E->48affcab-e6e4-4602-963a-f6a50efbd54c@group-50C56EAF5137, cid=1280, SUCCESS, logIndex=0, commits[48affcab-e6e4-4602-963a-f6a50efbd54c:c1799, 7e391b60-07ae-4d97-a027-4756e468c032:c1799, c5f86d96-67df-4f25-bde3-316f439d30b3:c1799]
2019-08-23 18:28:57,919 | INFO  | SCMAudit | user=jenkins1000 | ip=192.168.34.23 | op=ALLOCATE_BLOCK {owner=1ceb8b80-28f1-43fd-86c3-175afc07b8d1, size=4194304, type=RATIS, factor=THREE} | ret=SUCCESS |  
2019-08-23 18:28:57,924 | INFO  | OMAudit | user=jenkins1000 | ip=127.0.0.1 | op=ALLOCATE_BLOCK {volume=vol-0-45438, bucket=bucket-0-23891, key=key-0-22455, dataSize=0, replicationType=null, replicationFactor=null, keyLocationInfo=null, clientID=102667710122492306} | ret=SUCCESS |  
2019-08-23 18:28:57,929 | INFO  | DNAudit | user=null | ip=null | op=WRITE_CHUNK {blockData=conID: 3 locID: 102667710491460056 bcsId: 0} | ret=SUCCESS |  
2019-08-23 18:28:57,932 | INFO  | DNAudit | user=null | ip=null | op=WRITE_CHUNK {blockData=conID: 3 locID: 102667710491460056 bcsId: 0} | ret=SUCCESS |  
2019-08-23 18:28:57,932 | INFO  | DNAudit | user=null | ip=null | op=WRITE_CHUNK {blockData=conID: 3 locID: 102667710491460056 bcsId: 0} | ret=SUCCESS |  
2019-08-23 18:28:57,933 | INFO  | DNAudit | user=null | ip=null | op=WRITE_CHUNK {blockData=conID: 3 locID: 102667710491460056 bcsId: 0} | ret=SUCCESS |  
2019-08-23 18:28:57,934 | INFO  | DNAudit | user=null | ip=null | op=WRITE_CHUNK {blockData=conID: 3 locID: 102667710491460056 bcsId: 0} | ret=SUCCESS |  
2019-08-23 18:28:57,934 | INFO  | DNAudit | user=null | ip=null | op=WRITE_CHUNK {blockData=conID: 3 locID: 102667710491460056 bcsId: 0} | ret=SUCCESS |  
2019-08-23 18:28:57,935 | INFO  | DNAudit | user=null | ip=null | op=WRITE_CHUNK {blockData=conID: 3 locID: 102667710491460056 bcsId: 0} | ret=SUCCESS |  
2019-08-23 18:28:57,935 | INFO  | DNAudit | user=null | ip=null | op=PUT_BLOCK {blockData=[blockId=conID: 3 locID: 102667710491460056 bcsId: 0,size=1048576]} | ret=SUCCESS |  
2019-08-23 18:28:57,935 [grpc-default-executor-4] INFO  client.GrpcClientProtocolClient (GrpcClientProtocolClient.java:onNext(255)) - client-19C32667576E->48affcab-e6e4-4602-963a-f6a50efbd54c: receive RaftClientReply:client-19C32667576E->48affcab-e6e4-4602-963a-f6a50efbd54c@group-50C56EAF5137, cid=1281, SUCCESS, logIndex=1801, commits[48affcab-e6e4-4602-963a-f6a50efbd54c:c1802, 7e391b60-07ae-4d97-a027-4756e468c032:c1800, c5f86d96-67df-4f25-bde3-316f439d30b3:c1799]
2019-08-23 18:28:57,936 | INFO  | DNAudit | user=null | ip=null | op=WRITE_CHUNK {blockData=conID: 3 locID: 102667710491460056 bcsId: 0} | ret=SUCCESS |  
2019-08-23 18:28:57,936 [grpc-default-executor-3] INFO  client.GrpcClientProtocolClient (GrpcClientProtocolClient.java:onNext(255)) - client-19C32667576E->48affcab-e6e4-4602-963a-f6a50efbd54c: receive RaftClientReply:client-19C32667576E->48affcab-e6e4-4602-963a-f6a50efbd54c@group-50C56EAF5137, cid=1282, SUCCESS, logIndex=1802, commits[48affcab-e6e4-4602-963a-f6a50efbd54c:c1802, 7e391b60-07ae-4d97-a027-4756e468c032:c1800, c5f86d96-67df-4f25-bde3-316f439d30b3:c1799]
2019-08-23 18:28:57,936 | INFO  | DNAudit | user=null | ip=null | op=PUT_BLOCK {blockData=[blockId=conID: 3 locID: 102667710491460056 bcsId: 0,size=2097152]} | ret=SUCCESS |  
2019-08-23 18:28:57,936 [grpc-default-executor-3] INFO  client.GrpcClientProtocolClient (GrpcClientProtocolClient.java:onNext(255)) - client-19C32667576E->48affcab-e6e4-4602-963a-f6a50efbd54c: receive RaftClientReply:client-19C32667576E->48affcab-e6e4-4602-963a-f6a50efbd54c@group-50C56EAF5137, cid=1283, SUCCESS, logIndex=1803, commits[48affcab-e6e4-4602-963a-f6a50efbd54c:c1804, 7e391b60-07ae-4d97-a027-4756e468c032:c1800, c5f86d96-67df-4f25-bde3-316f439d30b3:c1800]
2019-08-23 18:28:57,937 | INFO  | DNAudit | user=null | ip=null | op=WRITE_CHUNK {blockData=conID: 3 locID: 102667710491460056 bcsId: 0} | ret=SUCCESS |  
2019-08-23 18:28:57,937 | INFO  | DNAudit | user=null | ip=null | op=PUT_BLOCK {blockData=[blockId=conID: 3 locID: 102667710491460056 bcsId: 0,size=1048576]} | ret=SUCCESS |  
2019-08-23 18:28:57,937 [grpc-default-executor-3] INFO  client.GrpcClientProtocolClient (GrpcClientProtocolClient.java:onNext(255)) - client-19C32667576E->48affcab-e6e4-4602-963a-f6a50efbd54c: receive RaftClientReply:client-19C32667576E->48affcab-e6e4-4602-963a-f6a50efbd54c@group-50C56EAF5137, cid=1284, SUCCESS, logIndex=1804, commits[48affcab-e6e4-4602-963a-f6a50efbd54c:c1804, 7e391b60-07ae-4d97-a027-4756e468c032:c1800, c5f86d96-67df-4f25-bde3-316f439d30b3:c1800]
2019-08-23 18:28:57,938 | INFO  | DNAudit | user=null | ip=null | op=WRITE_CHUNK {blockData=conID: 3 locID: 102667710491460056 bcsId: 0} | ret=SUCCESS |  
2019-08-23 18:28:57,938 | INFO  | DNAudit | user=null | ip=null | op=PUT_BLOCK {blockData=[blockId=conID: 3 locID: 102667710491460056 bcsId: 0,size=2097152]} | ret=SUCCESS |  
2019-08-23 18:28:57,938 | INFO  | DNAudit | user=null | ip=null | op=WRITE_CHUNK {blockData=conID: 3 locID: 102667710491460056 bcsId: 0} | ret=SUCCESS |  
2019-08-23 18:28:57,939 | INFO  | DNAudit | user=null | ip=null | op=PUT_BLOCK {blockData=[blockId=conID: 3 locID: 102667710491460056 bcsId: 0,size=1048576]} | ret=SUCCESS |  
2019-08-23 18:28:57,939 [grpc-default-executor-3] INFO  client.GrpcClientProtocolClient (GrpcClientProtocolClient.java:onNext(255)) - client-19C32667576E->48affcab-e6e4-4602-963a-f6a50efbd54c: receive RaftClientReply:client-19C32667576E->48affcab-e6e4-4602-963a-f6a50efbd54c@group-50C56EAF5137, cid=1285, SUCCESS, logIndex=0, commits[48affcab-e6e4-4602-963a-f6a50efbd54c:c1808, 7e391b60-07ae-4d97-a027-4756e468c032:c1804, c5f86d96-67df-4f25-bde3-316f439d30b3:c1802]
2019-08-23 18:28:57,939 | INFO  | DNAudit | user=null | ip=null | op=WRITE_CHUNK {blockData=conID: 3 locID: 102667710491460056 bcsId: 0} | ret=SUCCESS |  
2019-08-23 18:28:57,939 | INFO  | DNAudit | user=null | ip=null | op=PUT_BLOCK {blockData=[blockId=conID: 3 locID: 102667710491460056 bcsId: 0,size=2097152]} | ret=SUCCESS |  
2019-08-23 18:28:57,945 | INFO  | DNAudit | user=null | ip=null | op=WRITE_CHUNK {blockData=conID: 3 locID: 102667710491460056 bcsId: 1804} | ret=SUCCESS |  
2019-08-23 18:28:57,947 | INFO  | DNAudit | user=null | ip=null | op=WRITE_CHUNK {blockData=conID: 3 locID: 102667710491460056 bcsId: 1804} | ret=SUCCESS |  
2019-08-23 18:28:57,947 | INFO  | DNAudit | user=null | ip=null | op=WRITE_CHUNK {blockData=conID: 3 locID: 102667710491460056 bcsId: 1804} | ret=SUCCESS |  
2019-08-23 18:28:57,954 | INFO  | DNAudit | user=null | ip=null | op=WRITE_CHUNK {blockData=conID: 3 locID: 102667710491460056 bcsId: 1804} | ret=SUCCESS |  
2019-08-23 18:28:57,956 | INFO  | DNAudit | user=null | ip=null | op=PUT_BLOCK {blockData=[blockId=conID: 3 locID: 102667710491460056 bcsId: 0,size=3145728]} | ret=SUCCESS |  
2019-08-23 18:28:57,956 [grpc-default-executor-0] INFO  client.GrpcClientProtocolClient (GrpcClientProtocolClient.java:onNext(255)) - client-19C32667576E->48affcab-e6e4-4602-963a-f6a50efbd54c: receive RaftClientReply:client-19C32667576E->48affcab-e6e4-4602-963a-f6a50efbd54c@group-50C56EAF5137, cid=1286, SUCCESS, logIndex=1809, commits[48affcab-e6e4-4602-963a-f6a50efbd54c:c1810, 7e391b60-07ae-4d97-a027-4756e468c032:c1808, c5f86d96-67df-4f25-bde3-316f439d30b3:c1808]
2019-08-23 18:28:57,957 [grpc-default-executor-0] INFO  client.GrpcClientProtocolClient (GrpcClientProtocolClient.java:onNext(255)) - client-19C32667576E->48affcab-e6e4-4602-963a-f6a50efbd54c: receive RaftClientReply:client-19C32667576E->48affcab-e6e4-4602-963a-f6a50efbd54c@group-50C56EAF5137, cid=1287, SUCCESS, logIndex=1810, commits[48affcab-e6e4-4602-963a-f6a50efbd54c:c1810, 7e391b60-07ae-4d97-a027-4756e468c032:c1808, c5f86d96-67df-4f25-bde3-316f439d30b3:c1808]
2019-08-23 18:28:57,963 | INFO  | DNAudit | user=null | ip=null | op=WRITE_CHUNK {blockData=conID: 3 locID: 102667710491460056 bcsId: 1810} | ret=SUCCESS |  
2019-08-23 18:28:57,966 | INFO  | DNAudit | user=null | ip=null | op=WRITE_CHUNK {blockData=conID: 3 locID: 102667710491460056 bcsId: 1804} | ret=SUCCESS |  
2019-08-23 18:28:57,966 | INFO  | DNAudit | user=null | ip=null | op=WRITE_CHUNK {blockData=conID: 3 locID: 102667710491460056 bcsId: 1804} | ret=SUCCESS |  
2019-08-23 18:28:57,966 | INFO  | DNAudit | user=null | ip=null | op=WRITE_CHUNK {blockData=conID: 3 locID: 102667710491460056 bcsId: 1810} | ret=SUCCESS |  
2019-08-23 18:28:57,966 | INFO  | DNAudit | user=null | ip=null | op=WRITE_CHUNK {blockData=conID: 3 locID: 102667710491460056 bcsId: 1810} | ret=SUCCESS |  
2019-08-23 18:28:57,966 | INFO  | DNAudit | user=null | ip=null | op=PUT_BLOCK {blockData=[blockId=conID: 3 locID: 102667710491460056 bcsId: 0,size=3145728]} | ret=SUCCESS |  
2019-08-23 18:28:57,966 | INFO  | DNAudit | user=null | ip=null | op=PUT_BLOCK {blockData=[blockId=conID: 3 locID: 102667710491460056 bcsId: 0,size=3145728]} | ret=SUCCESS |  
2019-08-23 18:28:57,968 | INFO  | DNAudit | user=null | ip=null | op=WRITE_CHUNK {blockData=conID: 3 locID: 102667710491460056 bcsId: 1810} | ret=SUCCESS |  
2019-08-23 18:28:57,968 | INFO  | DNAudit | user=null | ip=null | op=PUT_BLOCK {blockData=[blockId=conID: 3 locID: 102667710491460056 bcsId: 0,size=4194304]} | ret=SUCCESS |  
2019-08-23 18:28:57,968 [grpc-default-executor-5] INFO  client.GrpcClientProtocolClient (GrpcClientProtocolClient.java:onNext(255)) - client-19C32667576E->48affcab-e6e4-4602-963a-f6a50efbd54c: receive RaftClientReply:client-19C32667576E->48affcab-e6e4-4602-963a-f6a50efbd54c@group-50C56EAF5137, cid=1288, SUCCESS, logIndex=1813, commits[48affcab-e6e4-4602-963a-f6a50efbd54c:c1814, 7e391b60-07ae-4d97-a027-4756e468c032:c1810, c5f86d96-67df-4f25-bde3-316f439d30b3:c1810]
2019-08-23 18:28:57,968 [grpc-default-executor-5] INFO  client.GrpcClientProtocolClient (GrpcClientProtocolClient.java:onNext(255)) - client-19C32667576E->48affcab-e6e4-4602-963a-f6a50efbd54c: receive RaftClientReply:client-19C32667576E->48affcab-e6e4-4602-963a-f6a50efbd54c@group-50C56EAF5137, cid=1289, SUCCESS, logIndex=1814, commits[48affcab-e6e4-4602-963a-f6a50efbd54c:c1814, 7e391b60-07ae-4d97-a027-4756e468c032:c1810, c5f86d96-67df-4f25-bde3-316f439d30b3:c1810]
2019-08-23 18:28:57,969 | INFO  | DNAudit | user=null | ip=null | op=WRITE_CHUNK {blockData=conID: 3 locID: 102667710491460056 bcsId: 1810} | ret=SUCCESS |  
2019-08-23 18:28:57,970 | INFO  | DNAudit | user=null | ip=null | op=WRITE_CHUNK {blockData=conID: 3 locID: 102667710491460056 bcsId: 1810} | ret=SUCCESS |  
2019-08-23 18:28:57,970 | INFO  | DNAudit | user=null | ip=null | op=PUT_BLOCK {blockData=[blockId=conID: 3 locID: 102667710491460056 bcsId: 0,size=4194304]} | ret=SUCCESS |  
2019-08-23 18:28:57,971 | INFO  | DNAudit | user=null | ip=null | op=PUT_BLOCK {blockData=[blockId=conID: 3 locID: 102667710491460056 bcsId: 0,size=4194304]} | ret=SUCCESS |  
2019-08-23 18:28:57,971 [grpc-default-executor-3] INFO  client.GrpcClientProtocolClient (GrpcClientProtocolClient.java:onNext(255)) - client-19C32667576E->48affcab-e6e4-4602-963a-f6a50efbd54c: receive RaftClientReply:client-19C32667576E->48affcab-e6e4-4602-963a-f6a50efbd54c@group-50C56EAF5137, cid=1290, SUCCESS, logIndex=0, commits[48affcab-e6e4-4602-963a-f6a50efbd54c:c1816, 7e391b60-07ae-4d97-a027-4756e468c032:c1814, c5f86d96-67df-4f25-bde3-316f439d30b3:c1814]
2019-08-23 18:28:57,975 | INFO  | SCMAudit | user=jenkins1000 | ip=192.168.34.23 | op=ALLOCATE_BLOCK {owner=1ceb8b80-28f1-43fd-86c3-175afc07b8d1, size=4194304, type=RATIS, factor=THREE} | ret=SUCCESS |  
2019-08-23 18:28:57,977 | INFO  | OMAudit | user=jenkins1000 | ip=127.0.0.1 | op=ALLOCATE_BLOCK {volume=vol-0-45438, bucket=bucket-0-23891, key=key-0-22455, dataSize=0, replicationType=null, replicationFactor=null, keyLocationInfo=null, clientID=102667710122492306} | ret=SUCCESS |  
2019-08-23 18:28:57,983 | INFO  | DNAudit | user=null | ip=null | op=WRITE_CHUNK {blockData=conID: 1 locID: 102667710495130073 bcsId: 0} | ret=SUCCESS |  
2019-08-23 18:28:57,985 | INFO  | DNAudit | user=null | ip=null | op=WRITE_CHUNK {blockData=conID: 1 locID: 102667710495130073 bcsId: 0} | ret=SUCCESS |  
2019-08-23 18:28:57,986 | INFO  | DNAudit | user=null | ip=null | op=WRITE_CHUNK {blockData=conID: 1 locID: 102667710495130073 bcsId: 0} | ret=SUCCESS |  
2019-08-23 18:28:57,986 | INFO  | DNAudit | user=null | ip=null | op=WRITE_CHUNK {blockData=conID: 1 locID: 102667710495130073 bcsId: 0} | ret=SUCCESS |  
2019-08-23 18:28:57,987 | INFO  | DNAudit | user=null | ip=null | op=WRITE_CHUNK {blockData=conID: 1 locID: 102667710495130073 bcsId: 0} | ret=SUCCESS |  
2019-08-23 18:28:57,988 | INFO  | DNAudit | user=null | ip=null | op=WRITE_CHUNK {blockData=conID: 1 locID: 102667710495130073 bcsId: 0} | ret=SUCCESS |  
2019-08-23 18:28:57,996 | INFO  | DNAudit | user=null | ip=null | op=WRITE_CHUNK {blockData=conID: 1 locID: 102667710495130073 bcsId: 0} | ret=SUCCESS |  
2019-08-23 18:28:57,996 | INFO  | DNAudit | user=null | ip=null | op=PUT_BLOCK {blockData=[blockId=conID: 1 locID: 102667710495130073 bcsId: 0,size=1048576]} | ret=SUCCESS |  
2019-08-23 18:28:57,996 | INFO  | DNAudit | user=null | ip=null | op=WRITE_CHUNK {blockData=conID: 1 locID: 102667710495130073 bcsId: 0} | ret=SUCCESS |  
2019-08-23 18:28:57,996 [grpc-default-executor-3] INFO  client.GrpcClientProtocolClient (GrpcClientProtocolClient.java:onNext(255)) - client-19C32667576E->48affcab-e6e4-4602-963a-f6a50efbd54c: receive RaftClientReply:client-19C32667576E->48affcab-e6e4-4602-963a-f6a50efbd54c@group-50C56EAF5137, cid=1291, SUCCESS, logIndex=1817, commits[48affcab-e6e4-4602-963a-f6a50efbd54c:c1820, 7e391b60-07ae-4d97-a027-4756e468c032:c1816, c5f86d96-67df-4f25-bde3-316f439d30b3:c1816]
2019-08-23 18:28:57,996 | INFO  | DNAudit | user=null | ip=null | op=PUT_BLOCK {blockData=[blockId=conID: 1 locID: 102667710495130073 bcsId: 0,size=2097152]} | ret=SUCCESS |  
2019-08-23 18:28:57,997 [grpc-default-executor-3] INFO  client.GrpcClientProtocolClient (GrpcClientProtocolClient.java:onNext(255)) - client-19C32667576E->48affcab-e6e4-4602-963a-f6a50efbd54c: receive RaftClientReply:client-19C32667576E->48affcab-e6e4-4602-963a-f6a50efbd54c@group-50C56EAF5137, cid=1292, SUCCESS, logIndex=1818, commits[48affcab-e6e4-4602-963a-f6a50efbd54c:c1820, 7e391b60-07ae-4d97-a027-4756e468c032:c1816, c5f86d96-67df-4f25-bde3-316f439d30b3:c1816]
2019-08-23 18:28:57,997 [grpc-default-executor-5] INFO  client.GrpcClientProtocolClient (GrpcClientProtocolClient.java:onNext(255)) - client-19C32667576E->48affcab-e6e4-4602-963a-f6a50efbd54c: receive RaftClientReply:client-19C32667576E->48affcab-e6e4-4602-963a-f6a50efbd54c@group-50C56EAF5137, cid=1293, SUCCESS, logIndex=1819, commits[48affcab-e6e4-4602-963a-f6a50efbd54c:c1820, 7e391b60-07ae-4d97-a027-4756e468c032:c1816, c5f86d96-67df-4f25-bde3-316f439d30b3:c1816]
2019-08-23 18:28:57,997 [grpc-default-executor-5] INFO  client.GrpcClientProtocolClient (GrpcClientProtocolClient.java:onNext(255)) - client-19C32667576E->48affcab-e6e4-4602-963a-f6a50efbd54c: receive RaftClientReply:client-19C32667576E->48affcab-e6e4-4602-963a-f6a50efbd54c@group-50C56EAF5137, cid=1294, SUCCESS, logIndex=1820, commits[48affcab-e6e4-4602-963a-f6a50efbd54c:c1820, 7e391b60-07ae-4d97-a027-4756e468c032:c1816, c5f86d96-67df-4f25-bde3-316f439d30b3:c1816]
2019-08-23 18:28:58,000 | INFO  | DNAudit | user=null | ip=null | op=WRITE_CHUNK {blockData=conID: 1 locID: 102667710495130073 bcsId: 0} | ret=SUCCESS |  
2019-08-23 18:28:58,000 | INFO  | DNAudit | user=null | ip=null | op=WRITE_CHUNK {blockData=conID: 1 locID: 102667710495130073 bcsId: 0} | ret=SUCCESS |  
2019-08-23 18:28:58,000 | INFO  | DNAudit | user=null | ip=null | op=PUT_BLOCK {blockData=[blockId=conID: 1 locID: 102667710495130073 bcsId: 0,size=1048576]} | ret=SUCCESS |  
2019-08-23 18:28:58,000 | INFO  | DNAudit | user=null | ip=null | op=PUT_BLOCK {blockData=[blockId=conID: 1 locID: 102667710495130073 bcsId: 0,size=1048576]} | ret=SUCCESS |  
2019-08-23 18:28:58,001 | INFO  | DNAudit | user=null | ip=null | op=WRITE_CHUNK {blockData=conID: 1 locID: 102667710495130073 bcsId: 0} | ret=SUCCESS |  
2019-08-23 18:28:58,001 | INFO  | DNAudit | user=null | ip=null | op=PUT_BLOCK {blockData=[blockId=conID: 1 locID: 102667710495130073 bcsId: 0,size=2097152]} | ret=SUCCESS |  
2019-08-23 18:28:58,001 [grpc-default-executor-3] INFO  client.GrpcClientProtocolClient (GrpcClientProtocolClient.java:onNext(255)) - client-19C32667576E->48affcab-e6e4-4602-963a-f6a50efbd54c: receive RaftClientReply:client-19C32667576E->48affcab-e6e4-4602-963a-f6a50efbd54c@group-50C56EAF5137, cid=1295, SUCCESS, logIndex=0, commits[48affcab-e6e4-4602-963a-f6a50efbd54c:c1821, 7e391b60-07ae-4d97-a027-4756e468c032:c1818, c5f86d96-67df-4f25-bde3-316f439d30b3:c1818]
2019-08-23 18:28:58,002 | INFO  | DNAudit | user=null | ip=null | op=WRITE_CHUNK {blockData=conID: 1 locID: 102667710495130073 bcsId: 0} | ret=SUCCESS |  
2019-08-23 18:28:58,002 | INFO  | DNAudit | user=null | ip=null | op=PUT_BLOCK {blockData=[blockId=conID: 1 locID: 102667710495130073 bcsId: 0,size=2097152]} | ret=SUCCESS |  
2019-08-23 18:28:58,007 | INFO  | DNAudit | user=null | ip=null | op=WRITE_CHUNK {blockData=conID: 1 locID: 102667710495130073 bcsId: 1820} | ret=SUCCESS |  
2019-08-23 18:28:58,009 | INFO  | DNAudit | user=null | ip=null | op=WRITE_CHUNK {blockData=conID: 1 locID: 102667710495130073 bcsId: 1820} | ret=SUCCESS |  
2019-08-23 18:28:58,010 | INFO  | DNAudit | user=null | ip=null | op=WRITE_CHUNK {blockData=conID: 1 locID: 102667710495130073 bcsId: 1820} | ret=SUCCESS |  
2019-08-23 18:28:58,019 | INFO  | DNAudit | user=null | ip=null | op=WRITE_CHUNK {blockData=conID: 1 locID: 102667710495130073 bcsId: 1820} | ret=SUCCESS |  
2019-08-23 18:28:58,020 | INFO  | DNAudit | user=null | ip=null | op=PUT_BLOCK {blockData=[blockId=conID: 1 locID: 102667710495130073 bcsId: 0,size=3145728]} | ret=SUCCESS |  
2019-08-23 18:28:58,020 [grpc-default-executor-5] INFO  client.GrpcClientProtocolClient (GrpcClientProtocolClient.java:onNext(255)) - client-19C32667576E->48affcab-e6e4-4602-963a-f6a50efbd54c: receive RaftClientReply:client-19C32667576E->48affcab-e6e4-4602-963a-f6a50efbd54c@group-50C56EAF5137, cid=1296, SUCCESS, logIndex=1825, commits[48affcab-e6e4-4602-963a-f6a50efbd54c:c1826, 7e391b60-07ae-4d97-a027-4756e468c032:c1824, c5f86d96-67df-4f25-bde3-316f439d30b3:c1824]
2019-08-23 18:28:58,020 [grpc-default-executor-5] INFO  client.GrpcClientProtocolClient (GrpcClientProtocolClient.java:onNext(255)) - client-19C32667576E->48affcab-e6e4-4602-963a-f6a50efbd54c: receive RaftClientReply:client-19C32667576E->48affcab-e6e4-4602-963a-f6a50efbd54c@group-50C56EAF5137, cid=1297, SUCCESS, logIndex=1826, commits[48affcab-e6e4-4602-963a-f6a50efbd54c:c1826, 7e391b60-07ae-4d97-a027-4756e468c032:c1824, c5f86d96-67df-4f25-bde3-316f439d30b3:c1824]
2019-08-23 18:28:58,025 | INFO  | DNAudit | user=null | ip=null | op=WRITE_CHUNK {blockData=conID: 1 locID: 102667710495130073 bcsId: 1826} | ret=SUCCESS |  
2019-08-23 18:28:58,027 | INFO  | DNAudit | user=null | ip=null | op=WRITE_CHUNK {blockData=conID: 1 locID: 102667710495130073 bcsId: 1826} | ret=SUCCESS |  
2019-08-23 18:28:58,028 | INFO  | DNAudit | user=null | ip=null | op=WRITE_CHUNK {blockData=conID: 1 locID: 102667710495130073 bcsId: 1826} | ret=SUCCESS |  
2019-08-23 18:28:58,031 | INFO  | DNAudit | user=null | ip=null | op=WRITE_CHUNK {blockData=conID: 1 locID: 102667710495130073 bcsId: 1820} | ret=SUCCESS |  
2019-08-23 18:28:58,031 | INFO  | DNAudit | user=null | ip=null | op=WRITE_CHUNK {blockData=conID: 1 locID: 102667710495130073 bcsId: 1820} | ret=SUCCESS |  
2019-08-23 18:28:58,031 | INFO  | DNAudit | user=null | ip=null | op=PUT_BLOCK {blockData=[blockId=conID: 1 locID: 102667710495130073 bcsId: 0,size=3145728]} | ret=SUCCESS |  
2019-08-23 18:28:58,031 | INFO  | DNAudit | user=null | ip=null | op=PUT_BLOCK {blockData=[blockId=conID: 1 locID: 102667710495130073 bcsId: 0,size=3145728]} | ret=SUCCESS |  
2019-08-23 18:28:58,032 | INFO  | DNAudit | user=null | ip=null | op=WRITE_CHUNK {blockData=conID: 1 locID: 102667710495130073 bcsId: 1826} | ret=SUCCESS |  
2019-08-23 18:28:58,033 | INFO  | DNAudit | user=null | ip=null | op=PUT_BLOCK {blockData=[blockId=conID: 1 locID: 102667710495130073 bcsId: 0,size=4194304]} | ret=SUCCESS |  
2019-08-23 18:28:58,033 [grpc-default-executor-3] INFO  client.GrpcClientProtocolClient (GrpcClientProtocolClient.java:onNext(255)) - client-19C32667576E->48affcab-e6e4-4602-963a-f6a50efbd54c: receive RaftClientReply:client-19C32667576E->48affcab-e6e4-4602-963a-f6a50efbd54c@group-50C56EAF5137, cid=1298, SUCCESS, logIndex=1829, commits[48affcab-e6e4-4602-963a-f6a50efbd54c:c1830, 7e391b60-07ae-4d97-a027-4756e468c032:c1826, c5f86d96-67df-4f25-bde3-316f439d30b3:c1826]
2019-08-23 18:28:58,033 [grpc-default-executor-3] INFO  client.GrpcClientProtocolClient (GrpcClientProtocolClient.java:onNext(255)) - client-19C32667576E->48affcab-e6e4-4602-963a-f6a50efbd54c: receive RaftClientReply:client-19C32667576E->48affcab-e6e4-4602-963a-f6a50efbd54c@group-50C56EAF5137, cid=1299, SUCCESS, logIndex=1830, commits[48affcab-e6e4-4602-963a-f6a50efbd54c:c1830, 7e391b60-07ae-4d97-a027-4756e468c032:c1826, c5f86d96-67df-4f25-bde3-316f439d30b3:c1826]
2019-08-23 18:28:58,044 | INFO  | DNAudit | user=null | ip=null | op=WRITE_CHUNK {blockData=conID: 1 locID: 102667710495130073 bcsId: 1826} | ret=SUCCESS |  
2019-08-23 18:28:58,044 | INFO  | DNAudit | user=null | ip=null | op=WRITE_CHUNK {blockData=conID: 1 locID: 102667710495130073 bcsId: 1826} | ret=SUCCESS |  
2019-08-23 18:28:58,044 | INFO  | DNAudit | user=null | ip=null | op=PUT_BLOCK {blockData=[blockId=conID: 1 locID: 102667710495130073 bcsId: 0,size=4194304]} | ret=SUCCESS |  
2019-08-23 18:28:58,046 | INFO  | DNAudit | user=null | ip=null | op=PUT_BLOCK {blockData=[blockId=conID: 1 locID: 102667710495130073 bcsId: 0,size=4194304]} | ret=SUCCESS |  
2019-08-23 18:28:58,046 [grpc-default-executor-3] INFO  client.GrpcClientProtocolClient (GrpcClientProtocolClient.java:onNext(255)) - client-19C32667576E->48affcab-e6e4-4602-963a-f6a50efbd54c: receive RaftClientReply:client-19C32667576E->48affcab-e6e4-4602-963a-f6a50efbd54c@group-50C56EAF5137, cid=1300, SUCCESS, logIndex=0, commits[48affcab-e6e4-4602-963a-f6a50efbd54c:c1831, 7e391b60-07ae-4d97-a027-4756e468c032:c1830, c5f86d96-67df-4f25-bde3-316f439d30b3:c1830]
2019-08-23 18:28:58,050 | INFO  | SCMAudit | user=jenkins1000 | ip=192.168.34.23 | op=ALLOCATE_BLOCK {owner=1ceb8b80-28f1-43fd-86c3-175afc07b8d1, size=4194304, type=RATIS, factor=THREE} | ret=SUCCESS |  
2019-08-23 18:28:58,052 | INFO  | OMAudit | user=jenkins1000 | ip=127.0.0.1 | op=ALLOCATE_BLOCK {volume=vol-0-45438, bucket=bucket-0-23891, key=key-0-22455, dataSize=0, replicationType=null, replicationFactor=null, keyLocationInfo=null, clientID=102667710122492306} | ret=SUCCESS |  
2019-08-23 18:28:58,058 | INFO  | DNAudit | user=null | ip=null | op=WRITE_CHUNK {blockData=conID: 2 locID: 102667710500045274 bcsId: 0} | ret=SUCCESS |  
2019-08-23 18:28:58,060 | INFO  | DNAudit | user=null | ip=null | op=WRITE_CHUNK {blockData=conID: 2 locID: 102667710500045274 bcsId: 0} | ret=SUCCESS |  
2019-08-23 18:28:58,061 | INFO  | DNAudit | user=null | ip=null | op=WRITE_CHUNK {blockData=conID: 2 locID: 102667710500045274 bcsId: 0} | ret=SUCCESS |  
2019-08-23 18:28:58,061 | INFO  | DNAudit | user=null | ip=null | op=WRITE_CHUNK {blockData=conID: 2 locID: 102667710500045274 bcsId: 0} | ret=SUCCESS |  
2019-08-23 18:28:58,062 | INFO  | DNAudit | user=null | ip=null | op=WRITE_CHUNK {blockData=conID: 2 locID: 102667710500045274 bcsId: 0} | ret=SUCCESS |  
2019-08-23 18:28:58,063 | INFO  | DNAudit | user=null | ip=null | op=WRITE_CHUNK {blockData=conID: 2 locID: 102667710500045274 bcsId: 0} | ret=SUCCESS |  
2019-08-23 18:28:58,073 | INFO  | DNAudit | user=null | ip=null | op=WRITE_CHUNK {blockData=conID: 2 locID: 102667710500045274 bcsId: 0} | ret=SUCCESS |  
2019-08-23 18:28:58,073 | INFO  | DNAudit | user=null | ip=null | op=PUT_BLOCK {blockData=[blockId=conID: 2 locID: 102667710500045274 bcsId: 0,size=1048576]} | ret=SUCCESS |  
2019-08-23 18:28:58,074 | INFO  | DNAudit | user=null | ip=null | op=WRITE_CHUNK {blockData=conID: 2 locID: 102667710500045274 bcsId: 0} | ret=SUCCESS |  
2019-08-23 18:28:58,073 [grpc-default-executor-5] INFO  client.GrpcClientProtocolClient (GrpcClientProtocolClient.java:onNext(255)) - client-19C32667576E->48affcab-e6e4-4602-963a-f6a50efbd54c: receive RaftClientReply:client-19C32667576E->48affcab-e6e4-4602-963a-f6a50efbd54c@group-50C56EAF5137, cid=1301, SUCCESS, logIndex=1833, commits[48affcab-e6e4-4602-963a-f6a50efbd54c:c1834, 7e391b60-07ae-4d97-a027-4756e468c032:c1832, c5f86d96-67df-4f25-bde3-316f439d30b3:c1832]
2019-08-23 18:28:58,074 | INFO  | DNAudit | user=null | ip=null | op=PUT_BLOCK {blockData=[blockId=conID: 2 locID: 102667710500045274 bcsId: 0,size=2097152]} | ret=SUCCESS |  
2019-08-23 18:28:58,074 [grpc-default-executor-5] INFO  client.GrpcClientProtocolClient (GrpcClientProtocolClient.java:onNext(255)) - client-19C32667576E->48affcab-e6e4-4602-963a-f6a50efbd54c: receive RaftClientReply:client-19C32667576E->48affcab-e6e4-4602-963a-f6a50efbd54c@group-50C56EAF5137, cid=1302, SUCCESS, logIndex=1834, commits[48affcab-e6e4-4602-963a-f6a50efbd54c:c1836, 7e391b60-07ae-4d97-a027-4756e468c032:c1832, c5f86d96-67df-4f25-bde3-316f439d30b3:c1832]
2019-08-23 18:28:58,074 [grpc-default-executor-5] INFO  client.GrpcClientProtocolClient (GrpcClientProtocolClient.java:onNext(255)) - client-19C32667576E->48affcab-e6e4-4602-963a-f6a50efbd54c: receive RaftClientReply:client-19C32667576E->48affcab-e6e4-4602-963a-f6a50efbd54c@group-50C56EAF5137, cid=1303, SUCCESS, logIndex=1835, commits[48affcab-e6e4-4602-963a-f6a50efbd54c:c1836, 7e391b60-07ae-4d97-a027-4756e468c032:c1832, c5f86d96-67df-4f25-bde3-316f439d30b3:c1832]
2019-08-23 18:28:58,074 | INFO  | DNAudit | user=null | ip=null | op=WRITE_CHUNK {blockData=conID: 2 locID: 102667710500045274 bcsId: 0} | ret=SUCCESS |  
2019-08-23 18:28:58,074 [grpc-default-executor-5] INFO  client.GrpcClientProtocolClient (GrpcClientProtocolClient.java:onNext(255)) - client-19C32667576E->48affcab-e6e4-4602-963a-f6a50efbd54c: receive RaftClientReply:client-19C32667576E->48affcab-e6e4-4602-963a-f6a50efbd54c@group-50C56EAF5137, cid=1304, SUCCESS, logIndex=1836, commits[48affcab-e6e4-4602-963a-f6a50efbd54c:c1836, 7e391b60-07ae-4d97-a027-4756e468c032:c1832, c5f86d96-67df-4f25-bde3-316f439d30b3:c1832]
2019-08-23 18:28:58,075 | INFO  | DNAudit | user=null | ip=null | op=WRITE_CHUNK {blockData=conID: 2 locID: 102667710500045274 bcsId: 0} | ret=SUCCESS |  
2019-08-23 18:28:58,075 | INFO  | DNAudit | user=null | ip=null | op=PUT_BLOCK {blockData=[blockId=conID: 2 locID: 102667710500045274 bcsId: 0,size=1048576]} | ret=SUCCESS |  
2019-08-23 18:28:58,075 | INFO  | DNAudit | user=null | ip=null | op=WRITE_CHUNK {blockData=conID: 2 locID: 102667710500045274 bcsId: 0} | ret=SUCCESS |  
2019-08-23 18:28:58,075 | INFO  | DNAudit | user=null | ip=null | op=PUT_BLOCK {blockData=[blockId=conID: 2 locID: 102667710500045274 bcsId: 0,size=1048576]} | ret=SUCCESS |  
2019-08-23 18:28:58,075 | INFO  | DNAudit | user=null | ip=null | op=PUT_BLOCK {blockData=[blockId=conID: 2 locID: 102667710500045274 bcsId: 0,size=2097152]} | ret=SUCCESS |  
2019-08-23 18:28:58,076 | INFO  | DNAudit | user=null | ip=null | op=WRITE_CHUNK {blockData=conID: 2 locID: 102667710500045274 bcsId: 0} | ret=SUCCESS |  
2019-08-23 18:28:58,076 | INFO  | DNAudit | user=null | ip=null | op=PUT_BLOCK {blockData=[blockId=conID: 2 locID: 102667710500045274 bcsId: 0,size=2097152]} | ret=SUCCESS |  
2019-08-23 18:28:58,076 [grpc-default-executor-5] INFO  client.GrpcClientProtocolClient (GrpcClientProtocolClient.java:onNext(255)) - client-19C32667576E->48affcab-e6e4-4602-963a-f6a50efbd54c: receive RaftClientReply:client-19C32667576E->48affcab-e6e4-4602-963a-f6a50efbd54c@group-50C56EAF5137, cid=1305, SUCCESS, logIndex=0, commits[48affcab-e6e4-4602-963a-f6a50efbd54c:c1840, 7e391b60-07ae-4d97-a027-4756e468c032:c1836, c5f86d96-67df-4f25-bde3-316f439d30b3:c1834]
2019-08-23 18:28:58,082 | INFO  | DNAudit | user=null | ip=null | op=WRITE_CHUNK {blockData=conID: 2 locID: 102667710500045274 bcsId: 1836} | ret=SUCCESS |  
2019-08-23 18:28:58,084 | INFO  | DNAudit | user=null | ip=null | op=WRITE_CHUNK {blockData=conID: 2 locID: 102667710500045274 bcsId: 1836} | ret=SUCCESS |  
2019-08-23 18:28:58,084 | INFO  | DNAudit | user=null | ip=null | op=WRITE_CHUNK {blockData=conID: 2 locID: 102667710500045274 bcsId: 1836} | ret=SUCCESS |  
2019-08-23 18:28:58,094 | INFO  | DNAudit | user=null | ip=null | op=WRITE_CHUNK {blockData=conID: 2 locID: 102667710500045274 bcsId: 1836} | ret=SUCCESS |  
2019-08-23 18:28:58,095 | INFO  | DNAudit | user=null | ip=null | op=PUT_BLOCK {blockData=[blockId=conID: 2 locID: 102667710500045274 bcsId: 0,size=3145728]} | ret=SUCCESS |  
2019-08-23 18:28:58,095 [grpc-default-executor-3] INFO  client.GrpcClientProtocolClient (GrpcClientProtocolClient.java:onNext(255)) - client-19C32667576E->48affcab-e6e4-4602-963a-f6a50efbd54c: receive RaftClientReply:client-19C32667576E->48affcab-e6e4-4602-963a-f6a50efbd54c@group-50C56EAF5137, cid=1306, SUCCESS, logIndex=1841, commits[48affcab-e6e4-4602-963a-f6a50efbd54c:c1842, 7e391b60-07ae-4d97-a027-4756e468c032:c1840, c5f86d96-67df-4f25-bde3-316f439d30b3:c1840]
2019-08-23 18:28:58,095 [grpc-default-executor-3] INFO  client.GrpcClientProtocolClient (GrpcClientProtocolClient.java:onNext(255)) - client-19C32667576E->48affcab-e6e4-4602-963a-f6a50efbd54c: receive RaftClientReply:client-19C32667576E->48affcab-e6e4-4602-963a-f6a50efbd54c@group-50C56EAF5137, cid=1307, SUCCESS, logIndex=1842, commits[48affcab-e6e4-4602-963a-f6a50efbd54c:c1842, 7e391b60-07ae-4d97-a027-4756e468c032:c1840, c5f86d96-67df-4f25-bde3-316f439d30b3:c1840]
2019-08-23 18:28:58,100 | INFO  | DNAudit | user=null | ip=null | op=WRITE_CHUNK {blockData=conID: 2 locID: 102667710500045274 bcsId: 1842} | ret=SUCCESS |  
2019-08-23 18:28:58,103 | INFO  | DNAudit | user=null | ip=null | op=WRITE_CHUNK {blockData=conID: 2 locID: 102667710500045274 bcsId: 1842} | ret=SUCCESS |  
2019-08-23 18:28:58,104 | INFO  | DNAudit | user=null | ip=null | op=WRITE_CHUNK {blockData=conID: 2 locID: 102667710500045274 bcsId: 1842} | ret=SUCCESS |  
2019-08-23 18:28:58,105 | INFO  | DNAudit | user=null | ip=null | op=WRITE_CHUNK {blockData=conID: 2 locID: 102667710500045274 bcsId: 1836} | ret=SUCCESS |  
2019-08-23 18:28:58,105 | INFO  | DNAudit | user=null | ip=null | op=WRITE_CHUNK {blockData=conID: 2 locID: 102667710500045274 bcsId: 1836} | ret=SUCCESS |  
2019-08-23 18:28:58,106 | INFO  | DNAudit | user=null | ip=null | op=PUT_BLOCK {blockData=[blockId=conID: 2 locID: 102667710500045274 bcsId: 0,size=3145728]} | ret=SUCCESS |  
2019-08-23 18:28:58,106 | INFO  | DNAudit | user=null | ip=null | op=PUT_BLOCK {blockData=[blockId=conID: 2 locID: 102667710500045274 bcsId: 0,size=3145728]} | ret=SUCCESS |  
2019-08-23 18:28:58,107 | INFO  | DNAudit | user=null | ip=null | op=WRITE_CHUNK {blockData=conID: 2 locID: 102667710500045274 bcsId: 1842} | ret=SUCCESS |  
2019-08-23 18:28:58,107 | INFO  | DNAudit | user=null | ip=null | op=PUT_BLOCK {blockData=[blockId=conID: 2 locID: 102667710500045274 bcsId: 0,size=4194304]} | ret=SUCCESS |  
2019-08-23 18:28:58,107 [grpc-default-executor-0] INFO  client.GrpcClientProtocolClient (GrpcClientProtocolClient.java:onNext(255)) - client-19C32667576E->48affcab-e6e4-4602-963a-f6a50efbd54c: receive RaftClientReply:client-19C32667576E->48affcab-e6e4-4602-963a-f6a50efbd54c@group-50C56EAF5137, cid=1308, SUCCESS, logIndex=1845, commits[48affcab-e6e4-4602-963a-f6a50efbd54c:c1846, 7e391b60-07ae-4d97-a027-4756e468c032:c1842, c5f86d96-67df-4f25-bde3-316f439d30b3:c1842]
2019-08-23 18:28:58,108 [grpc-default-executor-0] INFO  client.GrpcClientProtocolClient (GrpcClientProtocolClient.java:onNext(255)) - client-19C32667576E->48affcab-e6e4-4602-963a-f6a50efbd54c: receive RaftClientReply:client-19C32667576E->48affcab-e6e4-4602-963a-f6a50efbd54c@group-50C56EAF5137, cid=1309, SUCCESS, logIndex=1846, commits[48affcab-e6e4-4602-963a-f6a50efbd54c:c1846, 7e391b60-07ae-4d97-a027-4756e468c032:c1842, c5f86d96-67df-4f25-bde3-316f439d30b3:c1842]
2019-08-23 18:28:58,118 | INFO  | DNAudit | user=null | ip=null | op=WRITE_CHUNK {blockData=conID: 2 locID: 102667710500045274 bcsId: 1842} | ret=SUCCESS |  
2019-08-23 18:28:58,118 | INFO  | DNAudit | user=null | ip=null | op=WRITE_CHUNK {blockData=conID: 2 locID: 102667710500045274 bcsId: 1842} | ret=SUCCESS |  
2019-08-23 18:28:58,119 | INFO  | DNAudit | user=null | ip=null | op=PUT_BLOCK {blockData=[blockId=conID: 2 locID: 102667710500045274 bcsId: 0,size=4194304]} | ret=SUCCESS |  
2019-08-23 18:28:58,119 | INFO  | DNAudit | user=null | ip=null | op=PUT_BLOCK {blockData=[blockId=conID: 2 locID: 102667710500045274 bcsId: 0,size=4194304]} | ret=SUCCESS |  
2019-08-23 18:28:58,120 [grpc-default-executor-5] INFO  client.GrpcClientProtocolClient (GrpcClientProtocolClient.java:onNext(255)) - client-19C32667576E->48affcab-e6e4-4602-963a-f6a50efbd54c: receive RaftClientReply:client-19C32667576E->48affcab-e6e4-4602-963a-f6a50efbd54c@group-50C56EAF5137, cid=1310, SUCCESS, logIndex=0, commits[48affcab-e6e4-4602-963a-f6a50efbd54c:c1848, 7e391b60-07ae-4d97-a027-4756e468c032:c1846, c5f86d96-67df-4f25-bde3-316f439d30b3:c1846]
2019-08-23 18:28:58,123 | INFO  | SCMAudit | user=jenkins1000 | ip=192.168.34.23 | op=ALLOCATE_BLOCK {owner=1ceb8b80-28f1-43fd-86c3-175afc07b8d1, size=4194304, type=RATIS, factor=THREE} | ret=SUCCESS |  
2019-08-23 18:28:58,125 | INFO  | OMAudit | user=jenkins1000 | ip=127.0.0.1 | op=ALLOCATE_BLOCK {volume=vol-0-45438, bucket=bucket-0-23891, key=key-0-22455, dataSize=0, replicationType=null, replicationFactor=null, keyLocationInfo=null, clientID=102667710122492306} | ret=SUCCESS |  
2019-08-23 18:28:58,131 | INFO  | DNAudit | user=null | ip=null | op=WRITE_CHUNK {blockData=conID: 3 locID: 102667710504829403 bcsId: 0} | ret=SUCCESS |  
2019-08-23 18:28:58,134 | INFO  | DNAudit | user=null | ip=null | op=WRITE_CHUNK {blockData=conID: 3 locID: 102667710504829403 bcsId: 0} | ret=SUCCESS |  
2019-08-23 18:28:58,134 | INFO  | DNAudit | user=null | ip=null | op=WRITE_CHUNK {blockData=conID: 3 locID: 102667710504829403 bcsId: 0} | ret=SUCCESS |  
2019-08-23 18:28:58,134 | INFO  | DNAudit | user=null | ip=null | op=WRITE_CHUNK {blockData=conID: 3 locID: 102667710504829403 bcsId: 0} | ret=SUCCESS |  
2019-08-23 18:28:58,136 | INFO  | DNAudit | user=null | ip=null | op=WRITE_CHUNK {blockData=conID: 3 locID: 102667710504829403 bcsId: 0} | ret=SUCCESS |  
2019-08-23 18:28:58,136 | INFO  | DNAudit | user=null | ip=null | op=WRITE_CHUNK {blockData=conID: 3 locID: 102667710504829403 bcsId: 0} | ret=SUCCESS |  
2019-08-23 18:28:58,144 | INFO  | DNAudit | user=null | ip=null | op=WRITE_CHUNK {blockData=conID: 3 locID: 102667710504829403 bcsId: 0} | ret=SUCCESS |  
2019-08-23 18:28:58,145 | INFO  | DNAudit | user=null | ip=null | op=PUT_BLOCK {blockData=[blockId=conID: 3 locID: 102667710504829403 bcsId: 0,size=1048576]} | ret=SUCCESS |  
2019-08-23 18:28:58,145 [grpc-default-executor-3] INFO  client.GrpcClientProtocolClient (GrpcClientProtocolClient.java:onNext(255)) - client-19C32667576E->48affcab-e6e4-4602-963a-f6a50efbd54c: receive RaftClientReply:client-19C32667576E->48affcab-e6e4-4602-963a-f6a50efbd54c@group-50C56EAF5137, cid=1311, SUCCESS, logIndex=1849, commits[48affcab-e6e4-4602-963a-f6a50efbd54c:c1850, 7e391b60-07ae-4d97-a027-4756e468c032:c1848, c5f86d96-67df-4f25-bde3-316f439d30b3:c1848]
2019-08-23 18:28:58,145 | INFO  | DNAudit | user=null | ip=null | op=WRITE_CHUNK {blockData=conID: 3 locID: 102667710504829403 bcsId: 0} | ret=SUCCESS |  
2019-08-23 18:28:58,145 [grpc-default-executor-3] INFO  client.GrpcClientProtocolClient (GrpcClientProtocolClient.java:onNext(255)) - client-19C32667576E->48affcab-e6e4-4602-963a-f6a50efbd54c: receive RaftClientReply:client-19C32667576E->48affcab-e6e4-4602-963a-f6a50efbd54c@group-50C56EAF5137, cid=1312, SUCCESS, logIndex=1850, commits[48affcab-e6e4-4602-963a-f6a50efbd54c:c1851, 7e391b60-07ae-4d97-a027-4756e468c032:c1848, c5f86d96-67df-4f25-bde3-316f439d30b3:c1848]
2019-08-23 18:28:58,146 | INFO  | DNAudit | user=null | ip=null | op=PUT_BLOCK {blockData=[blockId=conID: 3 locID: 102667710504829403 bcsId: 0,size=2097152]} | ret=SUCCESS |  
2019-08-23 18:28:58,146 [grpc-default-executor-3] INFO  client.GrpcClientProtocolClient (GrpcClientProtocolClient.java:onNext(255)) - client-19C32667576E->48affcab-e6e4-4602-963a-f6a50efbd54c: receive RaftClientReply:client-19C32667576E->48affcab-e6e4-4602-963a-f6a50efbd54c@group-50C56EAF5137, cid=1313, SUCCESS, logIndex=1851, commits[48affcab-e6e4-4602-963a-f6a50efbd54c:c1852, 7e391b60-07ae-4d97-a027-4756e468c032:c1848, c5f86d96-67df-4f25-bde3-316f439d30b3:c1848]
2019-08-23 18:28:58,146 | INFO  | DNAudit | user=null | ip=null | op=WRITE_CHUNK {blockData=conID: 3 locID: 102667710504829403 bcsId: 0} | ret=SUCCESS |  
2019-08-23 18:28:58,146 | INFO  | DNAudit | user=null | ip=null | op=PUT_BLOCK {blockData=[blockId=conID: 3 locID: 102667710504829403 bcsId: 0,size=1048576]} | ret=SUCCESS |  
2019-08-23 18:28:58,146 [grpc-default-executor-3] INFO  client.GrpcClientProtocolClient (GrpcClientProtocolClient.java:onNext(255)) - client-19C32667576E->48affcab-e6e4-4602-963a-f6a50efbd54c: receive RaftClientReply:client-19C32667576E->48affcab-e6e4-4602-963a-f6a50efbd54c@group-50C56EAF5137, cid=1314, SUCCESS, logIndex=1852, commits[48affcab-e6e4-4602-963a-f6a50efbd54c:c1852, 7e391b60-07ae-4d97-a027-4756e468c032:c1850, c5f86d96-67df-4f25-bde3-316f439d30b3:c1848]
2019-08-23 18:28:58,147 | INFO  | DNAudit | user=null | ip=null | op=WRITE_CHUNK {blockData=conID: 3 locID: 102667710504829403 bcsId: 0} | ret=SUCCESS |  
2019-08-23 18:28:58,147 | INFO  | DNAudit | user=null | ip=null | op=PUT_BLOCK {blockData=[blockId=conID: 3 locID: 102667710504829403 bcsId: 0,size=1048576]} | ret=SUCCESS |  
2019-08-23 18:28:58,147 | INFO  | DNAudit | user=null | ip=null | op=WRITE_CHUNK {blockData=conID: 3 locID: 102667710504829403 bcsId: 0} | ret=SUCCESS |  
2019-08-23 18:28:58,147 | INFO  | DNAudit | user=null | ip=null | op=WRITE_CHUNK {blockData=conID: 3 locID: 102667710504829403 bcsId: 0} | ret=SUCCESS |  
2019-08-23 18:28:58,147 | INFO  | DNAudit | user=null | ip=null | op=PUT_BLOCK {blockData=[blockId=conID: 3 locID: 102667710504829403 bcsId: 0,size=2097152]} | ret=SUCCESS |  
2019-08-23 18:28:58,147 [grpc-default-executor-4] INFO  client.GrpcClientProtocolClient (GrpcClientProtocolClient.java:onNext(255)) - client-19C32667576E->48affcab-e6e4-4602-963a-f6a50efbd54c: receive RaftClientReply:client-19C32667576E->48affcab-e6e4-4602-963a-f6a50efbd54c@group-50C56EAF5137, cid=1315, SUCCESS, logIndex=0, commits[48affcab-e6e4-4602-963a-f6a50efbd54c:c1855, 7e391b60-07ae-4d97-a027-4756e468c032:c1850, c5f86d96-67df-4f25-bde3-316f439d30b3:c1851]
2019-08-23 18:28:58,148 | INFO  | DNAudit | user=null | ip=null | op=PUT_BLOCK {blockData=[blockId=conID: 3 locID: 102667710504829403 bcsId: 0,size=2097152]} | ret=SUCCESS |  
2019-08-23 18:28:58,153 | INFO  | DNAudit | user=null | ip=null | op=WRITE_CHUNK {blockData=conID: 3 locID: 102667710504829403 bcsId: 1852} | ret=SUCCESS |  
2019-08-23 18:28:58,156 | INFO  | DNAudit | user=null | ip=null | op=WRITE_CHUNK {blockData=conID: 3 locID: 102667710504829403 bcsId: 1852} | ret=SUCCESS |  
2019-08-23 18:28:58,156 | INFO  | DNAudit | user=null | ip=null | op=WRITE_CHUNK {blockData=conID: 3 locID: 102667710504829403 bcsId: 1852} | ret=SUCCESS |  
2019-08-23 18:28:58,176 | INFO  | DNAudit | user=null | ip=null | op=WRITE_CHUNK {blockData=conID: 3 locID: 102667710504829403 bcsId: 1852} | ret=SUCCESS |  
2019-08-23 18:28:58,176 | INFO  | DNAudit | user=null | ip=null | op=PUT_BLOCK {blockData=[blockId=conID: 3 locID: 102667710504829403 bcsId: 0,size=3145728]} | ret=SUCCESS |  
2019-08-23 18:28:58,176 [grpc-default-executor-3] INFO  client.GrpcClientProtocolClient (GrpcClientProtocolClient.java:onNext(255)) - client-19C32667576E->48affcab-e6e4-4602-963a-f6a50efbd54c: receive RaftClientReply:client-19C32667576E->48affcab-e6e4-4602-963a-f6a50efbd54c@group-50C56EAF5137, cid=1316, SUCCESS, logIndex=1857, commits[48affcab-e6e4-4602-963a-f6a50efbd54c:c1858, 7e391b60-07ae-4d97-a027-4756e468c032:c1856, c5f86d96-67df-4f25-bde3-316f439d30b3:c1856]
2019-08-23 18:28:58,177 [grpc-default-executor-3] INFO  client.GrpcClientProtocolClient (GrpcClientProtocolClient.java:onNext(255)) - client-19C32667576E->48affcab-e6e4-4602-963a-f6a50efbd54c: receive RaftClientReply:client-19C32667576E->48affcab-e6e4-4602-963a-f6a50efbd54c@group-50C56EAF5137, cid=1317, SUCCESS, logIndex=1858, commits[48affcab-e6e4-4602-963a-f6a50efbd54c:c1858, 7e391b60-07ae-4d97-a027-4756e468c032:c1856, c5f86d96-67df-4f25-bde3-316f439d30b3:c1856]
2019-08-23 18:28:58,182 | INFO  | DNAudit | user=null | ip=null | op=WRITE_CHUNK {blockData=conID: 3 locID: 102667710504829403 bcsId: 1858} | ret=SUCCESS |  
2019-08-23 18:28:58,184 | INFO  | DNAudit | user=null | ip=null | op=WRITE_CHUNK {blockData=conID: 3 locID: 102667710504829403 bcsId: 1858} | ret=SUCCESS |  
2019-08-23 18:28:58,184 | INFO  | DNAudit | user=null | ip=null | op=WRITE_CHUNK {blockData=conID: 3 locID: 102667710504829403 bcsId: 1852} | ret=SUCCESS |  
2019-08-23 18:28:58,185 | INFO  | DNAudit | user=null | ip=null | op=WRITE_CHUNK {blockData=conID: 3 locID: 102667710504829403 bcsId: 1852} | ret=SUCCESS |  
2019-08-23 18:28:58,185 | INFO  | DNAudit | user=null | ip=null | op=PUT_BLOCK {blockData=[blockId=conID: 3 locID: 102667710504829403 bcsId: 0,size=3145728]} | ret=SUCCESS |  
2019-08-23 18:28:58,185 | INFO  | DNAudit | user=null | ip=null | op=WRITE_CHUNK {blockData=conID: 3 locID: 102667710504829403 bcsId: 1858} | ret=SUCCESS |  
2019-08-23 18:28:58,186 | INFO  | DNAudit | user=null | ip=null | op=PUT_BLOCK {blockData=[blockId=conID: 3 locID: 102667710504829403 bcsId: 0,size=3145728]} | ret=SUCCESS |  
2019-08-23 18:28:58,186 | INFO  | DNAudit | user=null | ip=null | op=WRITE_CHUNK {blockData=conID: 3 locID: 102667710504829403 bcsId: 1858} | ret=SUCCESS |  
2019-08-23 18:28:58,187 | INFO  | DNAudit | user=null | ip=null | op=PUT_BLOCK {blockData=[blockId=conID: 3 locID: 102667710504829403 bcsId: 0,size=4194304]} | ret=SUCCESS |  
2019-08-23 18:28:58,187 [grpc-default-executor-4] INFO  client.GrpcClientProtocolClient (GrpcClientProtocolClient.java:onNext(255)) - client-19C32667576E->48affcab-e6e4-4602-963a-f6a50efbd54c: receive RaftClientReply:client-19C32667576E->48affcab-e6e4-4602-963a-f6a50efbd54c@group-50C56EAF5137, cid=1318, SUCCESS, logIndex=1861, commits[48affcab-e6e4-4602-963a-f6a50efbd54c:c1862, 7e391b60-07ae-4d97-a027-4756e468c032:c1858, c5f86d96-67df-4f25-bde3-316f439d30b3:c1858]
2019-08-23 18:28:58,187 [grpc-default-executor-4] INFO  client.GrpcClientProtocolClient (GrpcClientProtocolClient.java:onNext(255)) - client-19C32667576E->48affcab-e6e4-4602-963a-f6a50efbd54c: receive RaftClientReply:client-19C32667576E->48affcab-e6e4-4602-963a-f6a50efbd54c@group-50C56EAF5137, cid=1319, SUCCESS, logIndex=1862, commits[48affcab-e6e4-4602-963a-f6a50efbd54c:c1862, 7e391b60-07ae-4d97-a027-4756e468c032:c1858, c5f86d96-67df-4f25-bde3-316f439d30b3:c1858]
2019-08-23 18:28:58,188 | INFO  | DNAudit | user=null | ip=null | op=WRITE_CHUNK {blockData=conID: 3 locID: 102667710504829403 bcsId: 1858} | ret=SUCCESS |  
2019-08-23 18:28:58,188 | INFO  | DNAudit | user=null | ip=null | op=WRITE_CHUNK {blockData=conID: 3 locID: 102667710504829403 bcsId: 1858} | ret=SUCCESS |  
2019-08-23 18:28:58,188 | INFO  | DNAudit | user=null | ip=null | op=PUT_BLOCK {blockData=[blockId=conID: 3 locID: 102667710504829403 bcsId: 0,size=4194304]} | ret=SUCCESS |  
2019-08-23 18:28:58,188 | INFO  | DNAudit | user=null | ip=null | op=PUT_BLOCK {blockData=[blockId=conID: 3 locID: 102667710504829403 bcsId: 0,size=4194304]} | ret=SUCCESS |  
2019-08-23 18:28:58,189 [grpc-default-executor-3] INFO  client.GrpcClientProtocolClient (GrpcClientProtocolClient.java:onNext(255)) - client-19C32667576E->48affcab-e6e4-4602-963a-f6a50efbd54c: receive RaftClientReply:client-19C32667576E->48affcab-e6e4-4602-963a-f6a50efbd54c@group-50C56EAF5137, cid=1320, SUCCESS, logIndex=0, commits[48affcab-e6e4-4602-963a-f6a50efbd54c:c1863, 7e391b60-07ae-4d97-a027-4756e468c032:c1862, c5f86d96-67df-4f25-bde3-316f439d30b3:c1862]
2019-08-23 18:28:58,193 | INFO  | SCMAudit | user=jenkins1000 | ip=192.168.34.23 | op=ALLOCATE_BLOCK {owner=1ceb8b80-28f1-43fd-86c3-175afc07b8d1, size=4194304, type=RATIS, factor=THREE} | ret=SUCCESS |  
2019-08-23 18:28:58,195 | INFO  | OMAudit | user=jenkins1000 | ip=127.0.0.1 | op=ALLOCATE_BLOCK {volume=vol-0-45438, bucket=bucket-0-23891, key=key-0-22455, dataSize=0, replicationType=null, replicationFactor=null, keyLocationInfo=null, clientID=102667710122492306} | ret=SUCCESS |  
2019-08-23 18:28:58,201 | INFO  | DNAudit | user=null | ip=null | op=WRITE_CHUNK {blockData=conID: 1 locID: 102667710509416924 bcsId: 0} | ret=SUCCESS |  
2019-08-23 18:28:58,204 | INFO  | DNAudit | user=null | ip=null | op=WRITE_CHUNK {blockData=conID: 1 locID: 102667710509416924 bcsId: 0} | ret=SUCCESS |  
2019-08-23 18:28:58,204 | INFO  | DNAudit | user=null | ip=null | op=WRITE_CHUNK {blockData=conID: 1 locID: 102667710509416924 bcsId: 0} | ret=SUCCESS |  
2019-08-23 18:28:58,204 | INFO  | DNAudit | user=null | ip=null | op=WRITE_CHUNK {blockData=conID: 1 locID: 102667710509416924 bcsId: 0} | ret=SUCCESS |  
2019-08-23 18:28:58,206 | INFO  | DNAudit | user=null | ip=null | op=WRITE_CHUNK {blockData=conID: 1 locID: 102667710509416924 bcsId: 0} | ret=SUCCESS |  
2019-08-23 18:28:58,206 | INFO  | DNAudit | user=null | ip=null | op=WRITE_CHUNK {blockData=conID: 1 locID: 102667710509416924 bcsId: 0} | ret=SUCCESS |  
2019-08-23 18:28:58,214 | INFO  | DNAudit | user=null | ip=null | op=WRITE_CHUNK {blockData=conID: 1 locID: 102667710509416924 bcsId: 0} | ret=SUCCESS |  
2019-08-23 18:28:58,214 | INFO  | DNAudit | user=null | ip=null | op=PUT_BLOCK {blockData=[blockId=conID: 1 locID: 102667710509416924 bcsId: 0,size=1048576]} | ret=SUCCESS |  
2019-08-23 18:28:58,214 [grpc-default-executor-4] INFO  client.GrpcClientProtocolClient (GrpcClientProtocolClient.java:onNext(255)) - client-19C32667576E->48affcab-e6e4-4602-963a-f6a50efbd54c: receive RaftClientReply:client-19C32667576E->48affcab-e6e4-4602-963a-f6a50efbd54c@group-50C56EAF5137, cid=1321, SUCCESS, logIndex=1865, commits[48affcab-e6e4-4602-963a-f6a50efbd54c:c1866, 7e391b60-07ae-4d97-a027-4756e468c032:c1864, c5f86d96-67df-4f25-bde3-316f439d30b3:c1864]
2019-08-23 18:28:58,215 | INFO  | DNAudit | user=null | ip=null | op=WRITE_CHUNK {blockData=conID: 1 locID: 102667710509416924 bcsId: 0} | ret=SUCCESS |  
2019-08-23 18:28:58,215 [grpc-default-executor-4] INFO  client.GrpcClientProtocolClient (GrpcClientProtocolClient.java:onNext(255)) - client-19C32667576E->48affcab-e6e4-4602-963a-f6a50efbd54c: receive RaftClientReply:client-19C32667576E->48affcab-e6e4-4602-963a-f6a50efbd54c@group-50C56EAF5137, cid=1322, SUCCESS, logIndex=1866, commits[48affcab-e6e4-4602-963a-f6a50efbd54c:c1867, 7e391b60-07ae-4d97-a027-4756e468c032:c1864, c5f86d96-67df-4f25-bde3-316f439d30b3:c1864]
2019-08-23 18:28:58,215 | INFO  | DNAudit | user=null | ip=null | op=PUT_BLOCK {blockData=[blockId=conID: 1 locID: 102667710509416924 bcsId: 0,size=2097152]} | ret=SUCCESS |  
2019-08-23 18:28:58,215 [grpc-default-executor-4] INFO  client.GrpcClientProtocolClient (GrpcClientProtocolClient.java:onNext(255)) - client-19C32667576E->48affcab-e6e4-4602-963a-f6a50efbd54c: receive RaftClientReply:client-19C32667576E->48affcab-e6e4-4602-963a-f6a50efbd54c@group-50C56EAF5137, cid=1323, SUCCESS, logIndex=1867, commits[48affcab-e6e4-4602-963a-f6a50efbd54c:c1868, 7e391b60-07ae-4d97-a027-4756e468c032:c1864, c5f86d96-67df-4f25-bde3-316f439d30b3:c1864]
2019-08-23 18:28:58,215 | INFO  | DNAudit | user=null | ip=null | op=WRITE_CHUNK {blockData=conID: 1 locID: 102667710509416924 bcsId: 0} | ret=SUCCESS |  
2019-08-23 18:28:58,215 | INFO  | DNAudit | user=null | ip=null | op=WRITE_CHUNK {blockData=conID: 1 locID: 102667710509416924 bcsId: 0} | ret=SUCCESS |  
2019-08-23 18:28:58,216 | INFO  | DNAudit | user=null | ip=null | op=PUT_BLOCK {blockData=[blockId=conID: 1 locID: 102667710509416924 bcsId: 0,size=1048576]} | ret=SUCCESS |  
2019-08-23 18:28:58,216 | INFO  | DNAudit | user=null | ip=null | op=PUT_BLOCK {blockData=[blockId=conID: 1 locID: 102667710509416924 bcsId: 0,size=1048576]} | ret=SUCCESS |  
2019-08-23 18:28:58,216 [grpc-default-executor-4] INFO  client.GrpcClientProtocolClient (GrpcClientProtocolClient.java:onNext(255)) - client-19C32667576E->48affcab-e6e4-4602-963a-f6a50efbd54c: receive RaftClientReply:client-19C32667576E->48affcab-e6e4-4602-963a-f6a50efbd54c@group-50C56EAF5137, cid=1324, SUCCESS, logIndex=1868, commits[48affcab-e6e4-4602-963a-f6a50efbd54c:c1868, 7e391b60-07ae-4d97-a027-4756e468c032:c1864, c5f86d96-67df-4f25-bde3-316f439d30b3:c1864]
2019-08-23 18:28:58,217 [grpc-default-executor-4] INFO  client.GrpcClientProtocolClient (GrpcClientProtocolClient.java:onNext(255)) - client-19C32667576E->48affcab-e6e4-4602-963a-f6a50efbd54c: receive RaftClientReply:client-19C32667576E->48affcab-e6e4-4602-963a-f6a50efbd54c@group-50C56EAF5137, cid=1325, SUCCESS, logIndex=0, commits[48affcab-e6e4-4602-963a-f6a50efbd54c:c1870, 7e391b60-07ae-4d97-a027-4756e468c032:c1866, c5f86d96-67df-4f25-bde3-316f439d30b3:c1866]
2019-08-23 18:28:58,217 | INFO  | DNAudit | user=null | ip=null | op=WRITE_CHUNK {blockData=conID: 1 locID: 102667710509416924 bcsId: 0} | ret=SUCCESS |  
2019-08-23 18:28:58,217 | INFO  | DNAudit | user=null | ip=null | op=WRITE_CHUNK {blockData=conID: 1 locID: 102667710509416924 bcsId: 0} | ret=SUCCESS |  
2019-08-23 18:28:58,217 | INFO  | DNAudit | user=null | ip=null | op=PUT_BLOCK {blockData=[blockId=conID: 1 locID: 102667710509416924 bcsId: 0,size=2097152]} | ret=SUCCESS |  
2019-08-23 18:28:58,217 | INFO  | DNAudit | user=null | ip=null | op=PUT_BLOCK {blockData=[blockId=conID: 1 locID: 102667710509416924 bcsId: 0,size=2097152]} | ret=SUCCESS |  
2019-08-23 18:28:58,222 | INFO  | DNAudit | user=null | ip=null | op=WRITE_CHUNK {blockData=conID: 1 locID: 102667710509416924 bcsId: 1868} | ret=SUCCESS |  
2019-08-23 18:28:58,225 | INFO  | DNAudit | user=null | ip=null | op=WRITE_CHUNK {blockData=conID: 1 locID: 102667710509416924 bcsId: 1868} | ret=SUCCESS |  
2019-08-23 18:28:58,225 | INFO  | DNAudit | user=null | ip=null | op=WRITE_CHUNK {blockData=conID: 1 locID: 102667710509416924 bcsId: 1868} | ret=SUCCESS |  
2019-08-23 18:28:58,234 | INFO  | DNAudit | user=null | ip=null | op=WRITE_CHUNK {blockData=conID: 1 locID: 102667710509416924 bcsId: 1868} | ret=SUCCESS |  
2019-08-23 18:28:58,235 | INFO  | DNAudit | user=null | ip=null | op=PUT_BLOCK {blockData=[blockId=conID: 1 locID: 102667710509416924 bcsId: 0,size=3145728]} | ret=SUCCESS |  
2019-08-23 18:28:58,235 [grpc-default-executor-5] INFO  client.GrpcClientProtocolClient (GrpcClientProtocolClient.java:onNext(255)) - client-19C32667576E->48affcab-e6e4-4602-963a-f6a50efbd54c: receive RaftClientReply:client-19C32667576E->48affcab-e6e4-4602-963a-f6a50efbd54c@group-50C56EAF5137, cid=1326, SUCCESS, logIndex=1873, commits[48affcab-e6e4-4602-963a-f6a50efbd54c:c1874, 7e391b60-07ae-4d97-a027-4756e468c032:c1872, c5f86d96-67df-4f25-bde3-316f439d30b3:c1872]
2019-08-23 18:28:58,235 | INFO  | SCMAudit | user=jenkins1000 | ip=192.168.34.23 | op=SEND_HEARTBEAT {datanodeUUID=c83cddd0-22b5-491d-bff0-a36373498de2, command=[]} | ret=SUCCESS |  
2019-08-23 18:28:58,235 [grpc-default-executor-5] INFO  client.GrpcClientProtocolClient (GrpcClientProtocolClient.java:onNext(255)) - client-19C32667576E->48affcab-e6e4-4602-963a-f6a50efbd54c: receive RaftClientReply:client-19C32667576E->48affcab-e6e4-4602-963a-f6a50efbd54c@group-50C56EAF5137, cid=1327, SUCCESS, logIndex=1874, commits[48affcab-e6e4-4602-963a-f6a50efbd54c:c1874, 7e391b60-07ae-4d97-a027-4756e468c032:c1872, c5f86d96-67df-4f25-bde3-316f439d30b3:c1872]
2019-08-23 18:28:58,241 | INFO  | DNAudit | user=null | ip=null | op=WRITE_CHUNK {blockData=conID: 1 locID: 102667710509416924 bcsId: 1874} | ret=SUCCESS |  
2019-08-23 18:28:58,243 | INFO  | DNAudit | user=null | ip=null | op=WRITE_CHUNK {blockData=conID: 1 locID: 102667710509416924 bcsId: 1874} | ret=SUCCESS |  
2019-08-23 18:28:58,243 | INFO  | DNAudit | user=null | ip=null | op=WRITE_CHUNK {blockData=conID: 1 locID: 102667710509416924 bcsId: 1874} | ret=SUCCESS |  
2019-08-23 18:28:58,246 | INFO  | DNAudit | user=null | ip=null | op=WRITE_CHUNK {blockData=conID: 1 locID: 102667710509416924 bcsId: 1868} | ret=SUCCESS |  
2019-08-23 18:28:58,246 | INFO  | DNAudit | user=null | ip=null | op=WRITE_CHUNK {blockData=conID: 1 locID: 102667710509416924 bcsId: 1868} | ret=SUCCESS |  
2019-08-23 18:28:58,246 | INFO  | DNAudit | user=null | ip=null | op=PUT_BLOCK {blockData=[blockId=conID: 1 locID: 102667710509416924 bcsId: 0,size=3145728]} | ret=SUCCESS |  
2019-08-23 18:28:58,247 | INFO  | DNAudit | user=null | ip=null | op=PUT_BLOCK {blockData=[blockId=conID: 1 locID: 102667710509416924 bcsId: 0,size=3145728]} | ret=SUCCESS |  
2019-08-23 18:28:58,247 | INFO  | DNAudit | user=null | ip=null | op=WRITE_CHUNK {blockData=conID: 1 locID: 102667710509416924 bcsId: 1874} | ret=SUCCESS |  
2019-08-23 18:28:58,248 | INFO  | DNAudit | user=null | ip=null | op=PUT_BLOCK {blockData=[blockId=conID: 1 locID: 102667710509416924 bcsId: 0,size=4194304]} | ret=SUCCESS |  
2019-08-23 18:28:58,248 [grpc-default-executor-0] INFO  client.GrpcClientProtocolClient (GrpcClientProtocolClient.java:onNext(255)) - client-19C32667576E->48affcab-e6e4-4602-963a-f6a50efbd54c: receive RaftClientReply:client-19C32667576E->48affcab-e6e4-4602-963a-f6a50efbd54c@group-50C56EAF5137, cid=1328, SUCCESS, logIndex=1877, commits[48affcab-e6e4-4602-963a-f6a50efbd54c:c1878, 7e391b60-07ae-4d97-a027-4756e468c032:c1874, c5f86d96-67df-4f25-bde3-316f439d30b3:c1874]
2019-08-23 18:28:58,248 [grpc-default-executor-0] INFO  client.GrpcClientProtocolClient (GrpcClientProtocolClient.java:onNext(255)) - client-19C32667576E->48affcab-e6e4-4602-963a-f6a50efbd54c: receive RaftClientReply:client-19C32667576E->48affcab-e6e4-4602-963a-f6a50efbd54c@group-50C56EAF5137, cid=1329, SUCCESS, logIndex=1878, commits[48affcab-e6e4-4602-963a-f6a50efbd54c:c1878, 7e391b60-07ae-4d97-a027-4756e468c032:c1874, c5f86d96-67df-4f25-bde3-316f439d30b3:c1874]
2019-08-23 18:28:58,259 | INFO  | DNAudit | user=null | ip=null | op=WRITE_CHUNK {blockData=conID: 1 locID: 102667710509416924 bcsId: 1874} | ret=SUCCESS |  
2019-08-23 18:28:58,259 | INFO  | DNAudit | user=null | ip=null | op=WRITE_CHUNK {blockData=conID: 1 locID: 102667710509416924 bcsId: 1874} | ret=SUCCESS |  
2019-08-23 18:28:58,259 | INFO  | DNAudit | user=null | ip=null | op=PUT_BLOCK {blockData=[blockId=conID: 1 locID: 102667710509416924 bcsId: 0,size=4194304]} | ret=SUCCESS |  
2019-08-23 18:28:58,259 | INFO  | DNAudit | user=null | ip=null | op=PUT_BLOCK {blockData=[blockId=conID: 1 locID: 102667710509416924 bcsId: 0,size=4194304]} | ret=SUCCESS |  
2019-08-23 18:28:58,259 [grpc-default-executor-0] INFO  client.GrpcClientProtocolClient (GrpcClientProtocolClient.java:onNext(255)) - client-19C32667576E->48affcab-e6e4-4602-963a-f6a50efbd54c: receive RaftClientReply:client-19C32667576E->48affcab-e6e4-4602-963a-f6a50efbd54c@group-50C56EAF5137, cid=1330, SUCCESS, logIndex=0, commits[48affcab-e6e4-4602-963a-f6a50efbd54c:c1879, 7e391b60-07ae-4d97-a027-4756e468c032:c1878, c5f86d96-67df-4f25-bde3-316f439d30b3:c1878]
2019-08-23 18:28:58,263 | INFO  | SCMAudit | user=jenkins1000 | ip=192.168.34.23 | op=ALLOCATE_BLOCK {owner=1ceb8b80-28f1-43fd-86c3-175afc07b8d1, size=4194304, type=RATIS, factor=THREE} | ret=SUCCESS |  
2019-08-23 18:28:58,265 | INFO  | OMAudit | user=jenkins1000 | ip=127.0.0.1 | op=ALLOCATE_BLOCK {volume=vol-0-45438, bucket=bucket-0-23891, key=key-0-22455, dataSize=0, replicationType=null, replicationFactor=null, keyLocationInfo=null, clientID=102667710122492306} | ret=SUCCESS |  
2019-08-23 18:28:58,270 | INFO  | DNAudit | user=null | ip=null | op=WRITE_CHUNK {blockData=conID: 2 locID: 102667710514004445 bcsId: 0} | ret=SUCCESS |  
2019-08-23 18:28:58,272 | INFO  | DNAudit | user=null | ip=null | op=WRITE_CHUNK {blockData=conID: 2 locID: 102667710514004445 bcsId: 0} | ret=SUCCESS |  
2019-08-23 18:28:58,273 | INFO  | DNAudit | user=null | ip=null | op=WRITE_CHUNK {blockData=conID: 2 locID: 102667710514004445 bcsId: 0} | ret=SUCCESS |  
2019-08-23 18:28:58,273 | INFO  | DNAudit | user=null | ip=null | op=WRITE_CHUNK {blockData=conID: 2 locID: 102667710514004445 bcsId: 0} | ret=SUCCESS |  
2019-08-23 18:28:58,274 | INFO  | DNAudit | user=null | ip=null | op=WRITE_CHUNK {blockData=conID: 2 locID: 102667710514004445 bcsId: 0} | ret=SUCCESS |  
2019-08-23 18:28:58,274 | INFO  | DNAudit | user=null | ip=null | op=WRITE_CHUNK {blockData=conID: 2 locID: 102667710514004445 bcsId: 0} | ret=SUCCESS |  
2019-08-23 18:28:58,282 | INFO  | DNAudit | user=null | ip=null | op=WRITE_CHUNK {blockData=conID: 2 locID: 102667710514004445 bcsId: 0} | ret=SUCCESS |  
2019-08-23 18:28:58,283 | INFO  | DNAudit | user=null | ip=null | op=PUT_BLOCK {blockData=[blockId=conID: 2 locID: 102667710514004445 bcsId: 0,size=1048576]} | ret=SUCCESS |  
2019-08-23 18:28:58,283 | INFO  | DNAudit | user=null | ip=null | op=WRITE_CHUNK {blockData=conID: 2 locID: 102667710514004445 bcsId: 0} | ret=SUCCESS |  
2019-08-23 18:28:58,283 [grpc-default-executor-4] INFO  client.GrpcClientProtocolClient (GrpcClientProtocolClient.java:onNext(255)) - client-19C32667576E->48affcab-e6e4-4602-963a-f6a50efbd54c: receive RaftClientReply:client-19C32667576E->48affcab-e6e4-4602-963a-f6a50efbd54c@group-50C56EAF5137, cid=1331, SUCCESS, logIndex=1881, commits[48affcab-e6e4-4602-963a-f6a50efbd54c:c1882, 7e391b60-07ae-4d97-a027-4756e468c032:c1880, c5f86d96-67df-4f25-bde3-316f439d30b3:c1880]
2019-08-23 18:28:58,283 | INFO  | DNAudit | user=null | ip=null | op=PUT_BLOCK {blockData=[blockId=conID: 2 locID: 102667710514004445 bcsId: 0,size=2097152]} | ret=SUCCESS |  
2019-08-23 18:28:58,283 [grpc-default-executor-4] INFO  client.GrpcClientProtocolClient (GrpcClientProtocolClient.java:onNext(255)) - client-19C32667576E->48affcab-e6e4-4602-963a-f6a50efbd54c: receive RaftClientReply:client-19C32667576E->48affcab-e6e4-4602-963a-f6a50efbd54c@group-50C56EAF5137, cid=1332, SUCCESS, logIndex=1882, commits[48affcab-e6e4-4602-963a-f6a50efbd54c:c1884, 7e391b60-07ae-4d97-a027-4756e468c032:c1880, c5f86d96-67df-4f25-bde3-316f439d30b3:c1880]
2019-08-23 18:28:58,283 [grpc-default-executor-4] INFO  client.GrpcClientProtocolClient (GrpcClientProtocolClient.java:onNext(255)) - client-19C32667576E->48affcab-e6e4-4602-963a-f6a50efbd54c: receive RaftClientReply:client-19C32667576E->48affcab-e6e4-4602-963a-f6a50efbd54c@group-50C56EAF5137, cid=1333, SUCCESS, logIndex=1883, commits[48affcab-e6e4-4602-963a-f6a50efbd54c:c1884, 7e391b60-07ae-4d97-a027-4756e468c032:c1880, c5f86d96-67df-4f25-bde3-316f439d30b3:c1880]
2019-08-23 18:28:58,284 [grpc-default-executor-0] INFO  client.GrpcClientProtocolClient (GrpcClientProtocolClient.java:onNext(255)) - client-19C32667576E->48affcab-e6e4-4602-963a-f6a50efbd54c: receive RaftClientReply:client-19C32667576E->48affcab-e6e4-4602-963a-f6a50efbd54c@group-50C56EAF5137, cid=1334, SUCCESS, logIndex=1884, commits[48affcab-e6e4-4602-963a-f6a50efbd54c:c1884, 7e391b60-07ae-4d97-a027-4756e468c032:c1880, c5f86d96-67df-4f25-bde3-316f439d30b3:c1880]
2019-08-23 18:28:58,284 | INFO  | DNAudit | user=null | ip=null | op=WRITE_CHUNK {blockData=conID: 2 locID: 102667710514004445 bcsId: 0} | ret=SUCCESS |  
2019-08-23 18:28:58,285 | INFO  | DNAudit | user=null | ip=null | op=WRITE_CHUNK {blockData=conID: 2 locID: 102667710514004445 bcsId: 0} | ret=SUCCESS |  
2019-08-23 18:28:58,285 | INFO  | DNAudit | user=null | ip=null | op=PUT_BLOCK {blockData=[blockId=conID: 2 locID: 102667710514004445 bcsId: 0,size=1048576]} | ret=SUCCESS |  
2019-08-23 18:28:58,285 | INFO  | DNAudit | user=null | ip=null | op=PUT_BLOCK {blockData=[blockId=conID: 2 locID: 102667710514004445 bcsId: 0,size=1048576]} | ret=SUCCESS |  
2019-08-23 18:28:58,285 | INFO  | DNAudit | user=null | ip=null | op=WRITE_CHUNK {blockData=conID: 2 locID: 102667710514004445 bcsId: 0} | ret=SUCCESS |  
2019-08-23 18:28:58,285 | INFO  | DNAudit | user=null | ip=null | op=WRITE_CHUNK {blockData=conID: 2 locID: 102667710514004445 bcsId: 0} | ret=SUCCESS |  
2019-08-23 18:28:58,285 | INFO  | DNAudit | user=null | ip=null | op=PUT_BLOCK {blockData=[blockId=conID: 2 locID: 102667710514004445 bcsId: 0,size=2097152]} | ret=SUCCESS |  
2019-08-23 18:28:58,286 | INFO  | DNAudit | user=null | ip=null | op=PUT_BLOCK {blockData=[blockId=conID: 2 locID: 102667710514004445 bcsId: 0,size=2097152]} | ret=SUCCESS |  
2019-08-23 18:28:58,286 [grpc-default-executor-0] INFO  client.GrpcClientProtocolClient (GrpcClientProtocolClient.java:onNext(255)) - client-19C32667576E->48affcab-e6e4-4602-963a-f6a50efbd54c: receive RaftClientReply:client-19C32667576E->48affcab-e6e4-4602-963a-f6a50efbd54c@group-50C56EAF5137, cid=1335, SUCCESS, logIndex=0, commits[48affcab-e6e4-4602-963a-f6a50efbd54c:c1887, 7e391b60-07ae-4d97-a027-4756e468c032:c1884, c5f86d96-67df-4f25-bde3-316f439d30b3:c1882]
2019-08-23 18:28:58,291 | INFO  | DNAudit | user=null | ip=null | op=WRITE_CHUNK {blockData=conID: 2 locID: 102667710514004445 bcsId: 1884} | ret=SUCCESS |  
2019-08-23 18:28:58,294 | INFO  | DNAudit | user=null | ip=null | op=WRITE_CHUNK {blockData=conID: 2 locID: 102667710514004445 bcsId: 1884} | ret=SUCCESS |  
2019-08-23 18:28:58,294 | INFO  | DNAudit | user=null | ip=null | op=WRITE_CHUNK {blockData=conID: 2 locID: 102667710514004445 bcsId: 1884} | ret=SUCCESS |  
2019-08-23 18:28:58,304 | INFO  | DNAudit | user=null | ip=null | op=WRITE_CHUNK {blockData=conID: 2 locID: 102667710514004445 bcsId: 1884} | ret=SUCCESS |  
2019-08-23 18:28:58,304 | INFO  | DNAudit | user=null | ip=null | op=PUT_BLOCK {blockData=[blockId=conID: 2 locID: 102667710514004445 bcsId: 0,size=3145728]} | ret=SUCCESS |  
2019-08-23 18:28:58,304 [grpc-default-executor-0] INFO  client.GrpcClientProtocolClient (GrpcClientProtocolClient.java:onNext(255)) - client-19C32667576E->48affcab-e6e4-4602-963a-f6a50efbd54c: receive RaftClientReply:client-19C32667576E->48affcab-e6e4-4602-963a-f6a50efbd54c@group-50C56EAF5137, cid=1336, SUCCESS, logIndex=1888, commits[48affcab-e6e4-4602-963a-f6a50efbd54c:c1889, 7e391b60-07ae-4d97-a027-4756e468c032:c1887, c5f86d96-67df-4f25-bde3-316f439d30b3:c1887]
2019-08-23 18:28:58,305 [grpc-default-executor-0] INFO  client.GrpcClientProtocolClient (GrpcClientProtocolClient.java:onNext(255)) - client-19C32667576E->48affcab-e6e4-4602-963a-f6a50efbd54c: receive RaftClientReply:client-19C32667576E->48affcab-e6e4-4602-963a-f6a50efbd54c@group-50C56EAF5137, cid=1337, SUCCESS, logIndex=1889, commits[48affcab-e6e4-4602-963a-f6a50efbd54c:c1889, 7e391b60-07ae-4d97-a027-4756e468c032:c1887, c5f86d96-67df-4f25-bde3-316f439d30b3:c1887]
2019-08-23 18:28:58,310 | INFO  | DNAudit | user=null | ip=null | op=WRITE_CHUNK {blockData=conID: 2 locID: 102667710514004445 bcsId: 1889} | ret=SUCCESS |  
2019-08-23 18:28:58,312 | INFO  | DNAudit | user=null | ip=null | op=WRITE_CHUNK {blockData=conID: 2 locID: 102667710514004445 bcsId: 1889} | ret=SUCCESS |  
2019-08-23 18:28:58,312 | INFO  | DNAudit | user=null | ip=null | op=WRITE_CHUNK {blockData=conID: 2 locID: 102667710514004445 bcsId: 1889} | ret=SUCCESS |  
2019-08-23 18:28:58,315 | INFO  | DNAudit | user=null | ip=null | op=WRITE_CHUNK {blockData=conID: 2 locID: 102667710514004445 bcsId: 1884} | ret=SUCCESS |  
2019-08-23 18:28:58,315 | INFO  | DNAudit | user=null | ip=null | op=WRITE_CHUNK {blockData=conID: 2 locID: 102667710514004445 bcsId: 1884} | ret=SUCCESS |  
2019-08-23 18:28:58,315 | INFO  | DNAudit | user=null | ip=null | op=PUT_BLOCK {blockData=[blockId=conID: 2 locID: 102667710514004445 bcsId: 0,size=3145728]} | ret=SUCCESS |  
2019-08-23 18:28:58,315 | INFO  | DNAudit | user=null | ip=null | op=PUT_BLOCK {blockData=[blockId=conID: 2 locID: 102667710514004445 bcsId: 0,size=3145728]} | ret=SUCCESS |  
2019-08-23 18:28:58,317 | INFO  | DNAudit | user=null | ip=null | op=WRITE_CHUNK {blockData=conID: 2 locID: 102667710514004445 bcsId: 1889} | ret=SUCCESS |  
2019-08-23 18:28:58,317 | INFO  | DNAudit | user=null | ip=null | op=PUT_BLOCK {blockData=[blockId=conID: 2 locID: 102667710514004445 bcsId: 0,size=4194304]} | ret=SUCCESS |  
2019-08-23 18:28:58,317 [grpc-default-executor-4] INFO  client.GrpcClientProtocolClient (GrpcClientProtocolClient.java:onNext(255)) - client-19C32667576E->48affcab-e6e4-4602-963a-f6a50efbd54c: receive RaftClientReply:client-19C32667576E->48affcab-e6e4-4602-963a-f6a50efbd54c@group-50C56EAF5137, cid=1338, SUCCESS, logIndex=1892, commits[48affcab-e6e4-4602-963a-f6a50efbd54c:c1893, 7e391b60-07ae-4d97-a027-4756e468c032:c1889, c5f86d96-67df-4f25-bde3-316f439d30b3:c1889]
2019-08-23 18:28:58,317 [grpc-default-executor-4] INFO  client.GrpcClientProtocolClient (GrpcClientProtocolClient.java:onNext(255)) - client-19C32667576E->48affcab-e6e4-4602-963a-f6a50efbd54c: receive RaftClientReply:client-19C32667576E->48affcab-e6e4-4602-963a-f6a50efbd54c@group-50C56EAF5137, cid=1339, SUCCESS, logIndex=1893, commits[48affcab-e6e4-4602-963a-f6a50efbd54c:c1893, 7e391b60-07ae-4d97-a027-4756e468c032:c1889, c5f86d96-67df-4f25-bde3-316f439d30b3:c1889]
2019-08-23 18:28:58,328 | INFO  | DNAudit | user=null | ip=null | op=WRITE_CHUNK {blockData=conID: 2 locID: 102667710514004445 bcsId: 1889} | ret=SUCCESS |  
2019-08-23 18:28:58,329 | INFO  | DNAudit | user=null | ip=null | op=PUT_BLOCK {blockData=[blockId=conID: 2 locID: 102667710514004445 bcsId: 0,size=4194304]} | ret=SUCCESS |  
2019-08-23 18:28:58,334 | INFO  | DNAudit | user=null | ip=null | op=WRITE_CHUNK {blockData=conID: 2 locID: 102667710514004445 bcsId: 1889} | ret=SUCCESS |  
2019-08-23 18:28:58,345 | INFO  | DNAudit | user=null | ip=null | op=PUT_BLOCK {blockData=[blockId=conID: 2 locID: 102667710514004445 bcsId: 0,size=4194304]} | ret=SUCCESS |  
2019-08-23 18:28:58,345 [grpc-default-executor-4] INFO  client.GrpcClientProtocolClient (GrpcClientProtocolClient.java:onNext(255)) - client-19C32667576E->48affcab-e6e4-4602-963a-f6a50efbd54c: receive RaftClientReply:client-19C32667576E->48affcab-e6e4-4602-963a-f6a50efbd54c@group-50C56EAF5137, cid=1340, SUCCESS, logIndex=0, commits[48affcab-e6e4-4602-963a-f6a50efbd54c:c1895, 7e391b60-07ae-4d97-a027-4756e468c032:c1893, c5f86d96-67df-4f25-bde3-316f439d30b3:c1893]
2019-08-23 18:28:58,349 | INFO  | SCMAudit | user=jenkins1000 | ip=192.168.34.23 | op=ALLOCATE_BLOCK {owner=1ceb8b80-28f1-43fd-86c3-175afc07b8d1, size=4194304, type=RATIS, factor=THREE} | ret=SUCCESS |  
2019-08-23 18:28:58,351 | INFO  | OMAudit | user=jenkins1000 | ip=127.0.0.1 | op=ALLOCATE_BLOCK {volume=vol-0-45438, bucket=bucket-0-23891, key=key-0-22455, dataSize=0, replicationType=null, replicationFactor=null, keyLocationInfo=null, clientID=102667710122492306} | ret=SUCCESS |  
2019-08-23 18:28:58,356 | INFO  | DNAudit | user=null | ip=null | op=WRITE_CHUNK {blockData=conID: 3 locID: 102667710519640542 bcsId: 0} | ret=SUCCESS |  
2019-08-23 18:28:58,359 | INFO  | DNAudit | user=null | ip=null | op=WRITE_CHUNK {blockData=conID: 3 locID: 102667710519640542 bcsId: 0} | ret=SUCCESS |  
2019-08-23 18:28:58,360 | INFO  | DNAudit | user=null | ip=null | op=WRITE_CHUNK {blockData=conID: 3 locID: 102667710519640542 bcsId: 0} | ret=SUCCESS |  
2019-08-23 18:28:58,360 | INFO  | DNAudit | user=null | ip=null | op=WRITE_CHUNK {blockData=conID: 3 locID: 102667710519640542 bcsId: 0} | ret=SUCCESS |  
2019-08-23 18:28:58,361 | INFO  | DNAudit | user=null | ip=null | op=WRITE_CHUNK {blockData=conID: 3 locID: 102667710519640542 bcsId: 0} | ret=SUCCESS |  
2019-08-23 18:28:58,361 | INFO  | DNAudit | user=null | ip=null | op=WRITE_CHUNK {blockData=conID: 3 locID: 102667710519640542 bcsId: 0} | ret=SUCCESS |  
2019-08-23 18:28:58,363 | INFO  | DNAudit | user=null | ip=null | op=WRITE_CHUNK {blockData=conID: 3 locID: 102667710519640542 bcsId: 0} | ret=SUCCESS |  
2019-08-23 18:28:58,364 | INFO  | DNAudit | user=null | ip=null | op=PUT_BLOCK {blockData=[blockId=conID: 3 locID: 102667710519640542 bcsId: 0,size=1048576]} | ret=SUCCESS |  
2019-08-23 18:28:58,364 [grpc-default-executor-0] INFO  client.GrpcClientProtocolClient (GrpcClientProtocolClient.java:onNext(255)) - client-19C32667576E->48affcab-e6e4-4602-963a-f6a50efbd54c: receive RaftClientReply:client-19C32667576E->48affcab-e6e4-4602-963a-f6a50efbd54c@group-50C56EAF5137, cid=1341, SUCCESS, logIndex=1896, commits[48affcab-e6e4-4602-963a-f6a50efbd54c:c1898, 7e391b60-07ae-4d97-a027-4756e468c032:c1895, c5f86d96-67df-4f25-bde3-316f439d30b3:c1895]
2019-08-23 18:28:58,364 | INFO  | DNAudit | user=null | ip=null | op=WRITE_CHUNK {blockData=conID: 3 locID: 102667710519640542 bcsId: 0} | ret=SUCCESS |  
2019-08-23 18:28:58,364 | INFO  | DNAudit | user=null | ip=null | op=PUT_BLOCK {blockData=[blockId=conID: 3 locID: 102667710519640542 bcsId: 0,size=2097152]} | ret=SUCCESS |  
2019-08-23 18:28:58,364 [grpc-default-executor-0] INFO  client.GrpcClientProtocolClient (GrpcClientProtocolClient.java:onNext(255)) - client-19C32667576E->48affcab-e6e4-4602-963a-f6a50efbd54c: receive RaftClientReply:client-19C32667576E->48affcab-e6e4-4602-963a-f6a50efbd54c@group-50C56EAF5137, cid=1342, SUCCESS, logIndex=1897, commits[48affcab-e6e4-4602-963a-f6a50efbd54c:c1899, 7e391b60-07ae-4d97-a027-4756e468c032:c1895, c5f86d96-67df-4f25-bde3-316f439d30b3:c1895]
2019-08-23 18:28:58,365 [grpc-default-executor-0] INFO  client.GrpcClientProtocolClient (GrpcClientProtocolClient.java:onNext(255)) - client-19C32667576E->48affcab-e6e4-4602-963a-f6a50efbd54c: receive RaftClientReply:client-19C32667576E->48affcab-e6e4-4602-963a-f6a50efbd54c@group-50C56EAF5137, cid=1343, SUCCESS, logIndex=1898, commits[48affcab-e6e4-4602-963a-f6a50efbd54c:c1899, 7e391b60-07ae-4d97-a027-4756e468c032:c1895, c5f86d96-67df-4f25-bde3-316f439d30b3:c1895]
2019-08-23 18:28:58,365 | INFO  | DNAudit | user=null | ip=null | op=WRITE_CHUNK {blockData=conID: 3 locID: 102667710519640542 bcsId: 0} | ret=SUCCESS |  
2019-08-23 18:28:58,365 | INFO  | DNAudit | user=null | ip=null | op=WRITE_CHUNK {blockData=conID: 3 locID: 102667710519640542 bcsId: 0} | ret=SUCCESS |  
2019-08-23 18:28:58,365 [grpc-default-executor-0] INFO  client.GrpcClientProtocolClient (GrpcClientProtocolClient.java:onNext(255)) - client-19C32667576E->48affcab-e6e4-4602-963a-f6a50efbd54c: receive RaftClientReply:client-19C32667576E->48affcab-e6e4-4602-963a-f6a50efbd54c@group-50C56EAF5137, cid=1344, SUCCESS, logIndex=1899, commits[48affcab-e6e4-4602-963a-f6a50efbd54c:c1899, 7e391b60-07ae-4d97-a027-4756e468c032:c1895, c5f86d96-67df-4f25-bde3-316f439d30b3:c1895]
2019-08-23 18:28:58,365 | INFO  | DNAudit | user=null | ip=null | op=PUT_BLOCK {blockData=[blockId=conID: 3 locID: 102667710519640542 bcsId: 0,size=1048576]} | ret=SUCCESS |  
2019-08-23 18:28:58,365 | INFO  | DNAudit | user=null | ip=null | op=PUT_BLOCK {blockData=[blockId=conID: 3 locID: 102667710519640542 bcsId: 0,size=1048576]} | ret=SUCCESS |  
2019-08-23 18:28:58,366 [grpc-default-executor-0] INFO  client.GrpcClientProtocolClient (GrpcClientProtocolClient.java:onNext(255)) - client-19C32667576E->48affcab-e6e4-4602-963a-f6a50efbd54c: receive RaftClientReply:client-19C32667576E->48affcab-e6e4-4602-963a-f6a50efbd54c@group-50C56EAF5137, cid=1345, SUCCESS, logIndex=0, commits[48affcab-e6e4-4602-963a-f6a50efbd54c:c1900, 7e391b60-07ae-4d97-a027-4756e468c032:c1897, c5f86d96-67df-4f25-bde3-316f439d30b3:c1897]
2019-08-23 18:28:58,366 | INFO  | DNAudit | user=null | ip=null | op=WRITE_CHUNK {blockData=conID: 3 locID: 102667710519640542 bcsId: 0} | ret=SUCCESS |  
2019-08-23 18:28:58,366 | INFO  | DNAudit | user=null | ip=null | op=WRITE_CHUNK {blockData=conID: 3 locID: 102667710519640542 bcsId: 0} | ret=SUCCESS |  
2019-08-23 18:28:58,366 | INFO  | DNAudit | user=null | ip=null | op=PUT_BLOCK {blockData=[blockId=conID: 3 locID: 102667710519640542 bcsId: 0,size=2097152]} | ret=SUCCESS |  
2019-08-23 18:28:58,366 | INFO  | DNAudit | user=null | ip=null | op=PUT_BLOCK {blockData=[blockId=conID: 3 locID: 102667710519640542 bcsId: 0,size=2097152]} | ret=SUCCESS |  
2019-08-23 18:28:58,372 | INFO  | DNAudit | user=null | ip=null | op=WRITE_CHUNK {blockData=conID: 3 locID: 102667710519640542 bcsId: 1899} | ret=SUCCESS |  
2019-08-23 18:28:58,375 | INFO  | DNAudit | user=null | ip=null | op=WRITE_CHUNK {blockData=conID: 3 locID: 102667710519640542 bcsId: 1899} | ret=SUCCESS |  
2019-08-23 18:28:58,375 | INFO  | DNAudit | user=null | ip=null | op=WRITE_CHUNK {blockData=conID: 3 locID: 102667710519640542 bcsId: 1899} | ret=SUCCESS |  
2019-08-23 18:28:58,377 | INFO  | DNAudit | user=null | ip=null | op=WRITE_CHUNK {blockData=conID: 3 locID: 102667710519640542 bcsId: 1899} | ret=SUCCESS |  
2019-08-23 18:28:58,378 | INFO  | DNAudit | user=null | ip=null | op=PUT_BLOCK {blockData=[blockId=conID: 3 locID: 102667710519640542 bcsId: 0,size=3145728]} | ret=SUCCESS |  
2019-08-23 18:28:58,378 [grpc-default-executor-3] INFO  client.GrpcClientProtocolClient (GrpcClientProtocolClient.java:onNext(255)) - client-19C32667576E->48affcab-e6e4-4602-963a-f6a50efbd54c: receive RaftClientReply:client-19C32667576E->48affcab-e6e4-4602-963a-f6a50efbd54c@group-50C56EAF5137, cid=1346, SUCCESS, logIndex=1904, commits[48affcab-e6e4-4602-963a-f6a50efbd54c:c1905, 7e391b60-07ae-4d97-a027-4756e468c032:c1899, c5f86d96-67df-4f25-bde3-316f439d30b3:c1903]
2019-08-23 18:28:58,378 [grpc-default-executor-0] INFO  client.GrpcClientProtocolClient (GrpcClientProtocolClient.java:onNext(255)) - client-19C32667576E->48affcab-e6e4-4602-963a-f6a50efbd54c: receive RaftClientReply:client-19C32667576E->48affcab-e6e4-4602-963a-f6a50efbd54c@group-50C56EAF5137, cid=1347, SUCCESS, logIndex=1905, commits[48affcab-e6e4-4602-963a-f6a50efbd54c:c1905, 7e391b60-07ae-4d97-a027-4756e468c032:c1899, c5f86d96-67df-4f25-bde3-316f439d30b3:c1903]
2019-08-23 18:28:58,380 | INFO  | DNAudit | user=null | ip=null | op=WRITE_CHUNK {blockData=conID: 3 locID: 102667710519640542 bcsId: 1899} | ret=SUCCESS |  
2019-08-23 18:28:58,380 | INFO  | DNAudit | user=null | ip=null | op=WRITE_CHUNK {blockData=conID: 3 locID: 102667710519640542 bcsId: 1899} | ret=SUCCESS |  
2019-08-23 18:28:58,380 | INFO  | DNAudit | user=null | ip=null | op=PUT_BLOCK {blockData=[blockId=conID: 3 locID: 102667710519640542 bcsId: 0,size=3145728]} | ret=SUCCESS |  
2019-08-23 18:28:58,380 | INFO  | DNAudit | user=null | ip=null | op=PUT_BLOCK {blockData=[blockId=conID: 3 locID: 102667710519640542 bcsId: 0,size=3145728]} | ret=SUCCESS |  
 0.00% |█                                                                                                    |  0/1 Time: 0:00:062019-08-23 18:28:58,503 | INFO  | DNAudit | user=null | ip=null | op=WRITE_CHUNK {blockData=conID: 3 locID: 102667710519640542 bcsId: 1905} | ret=SUCCESS |  
2019-08-23 18:28:58,507 | INFO  | DNAudit | user=null | ip=null | op=WRITE_CHUNK {blockData=conID: 3 locID: 102667710519640542 bcsId: 1905} | ret=SUCCESS |  
2019-08-23 18:28:58,507 | INFO  | DNAudit | user=null | ip=null | op=WRITE_CHUNK {blockData=conID: 3 locID: 102667710519640542 bcsId: 1905} | ret=SUCCESS |  
2019-08-23 18:28:58,516 | INFO  | DNAudit | user=null | ip=null | op=WRITE_CHUNK {blockData=conID: 3 locID: 102667710519640542 bcsId: 1905} | ret=SUCCESS |  
2019-08-23 18:28:58,516 | INFO  | DNAudit | user=null | ip=null | op=PUT_BLOCK {blockData=[blockId=conID: 3 locID: 102667710519640542 bcsId: 0,size=4194304]} | ret=SUCCESS |  
2019-08-23 18:28:58,516 [grpc-default-executor-3] INFO  client.GrpcClientProtocolClient (GrpcClientProtocolClient.java:onNext(255)) - client-19C32667576E->48affcab-e6e4-4602-963a-f6a50efbd54c: receive RaftClientReply:client-19C32667576E->48affcab-e6e4-4602-963a-f6a50efbd54c@group-50C56EAF5137, cid=1348, SUCCESS, logIndex=1908, commits[48affcab-e6e4-4602-963a-f6a50efbd54c:c1909, 7e391b60-07ae-4d97-a027-4756e468c032:c1907, c5f86d96-67df-4f25-bde3-316f439d30b3:c1907]
2019-08-23 18:28:58,517 [grpc-default-executor-3] INFO  client.GrpcClientProtocolClient (GrpcClientProtocolClient.java:onNext(255)) - client-19C32667576E->48affcab-e6e4-4602-963a-f6a50efbd54c: receive RaftClientReply:client-19C32667576E->48affcab-e6e4-4602-963a-f6a50efbd54c@group-50C56EAF5137, cid=1349, SUCCESS, logIndex=1909, commits[48affcab-e6e4-4602-963a-f6a50efbd54c:c1909, 7e391b60-07ae-4d97-a027-4756e468c032:c1907, c5f86d96-67df-4f25-bde3-316f439d30b3:c1907]
2019-08-23 18:28:58,527 | INFO  | DNAudit | user=null | ip=null | op=WRITE_CHUNK {blockData=conID: 3 locID: 102667710519640542 bcsId: 1905} | ret=SUCCESS |  
2019-08-23 18:28:58,527 | INFO  | DNAudit | user=null | ip=null | op=WRITE_CHUNK {blockData=conID: 3 locID: 102667710519640542 bcsId: 1905} | ret=SUCCESS |  
2019-08-23 18:28:58,527 | INFO  | DNAudit | user=null | ip=null | op=PUT_BLOCK {blockData=[blockId=conID: 3 locID: 102667710519640542 bcsId: 0,size=4194304]} | ret=SUCCESS |  
2019-08-23 18:28:58,527 | INFO  | DNAudit | user=null | ip=null | op=PUT_BLOCK {blockData=[blockId=conID: 3 locID: 102667710519640542 bcsId: 0,size=4194304]} | ret=SUCCESS |  
2019-08-23 18:28:58,528 [grpc-default-executor-3] INFO  client.GrpcClientProtocolClient (GrpcClientProtocolClient.java:onNext(255)) - client-19C32667576E->48affcab-e6e4-4602-963a-f6a50efbd54c: receive RaftClientReply:client-19C32667576E->48affcab-e6e4-4602-963a-f6a50efbd54c@group-50C56EAF5137, cid=1350, SUCCESS, logIndex=0, commits[48affcab-e6e4-4602-963a-f6a50efbd54c:c1910, 7e391b60-07ae-4d97-a027-4756e468c032:c1909, c5f86d96-67df-4f25-bde3-316f439d30b3:c1909]
2019-08-23 18:28:58,532 | INFO  | SCMAudit | user=jenkins1000 | ip=192.168.34.23 | op=ALLOCATE_BLOCK {owner=1ceb8b80-28f1-43fd-86c3-175afc07b8d1, size=4194304, type=RATIS, factor=THREE} | ret=SUCCESS |  
2019-08-23 18:28:58,534 | INFO  | OMAudit | user=jenkins1000 | ip=127.0.0.1 | op=ALLOCATE_BLOCK {volume=vol-0-45438, bucket=bucket-0-23891, key=key-0-22455, dataSize=0, replicationType=null, replicationFactor=null, keyLocationInfo=null, clientID=102667710122492306} | ret=SUCCESS |  
2019-08-23 18:28:58,541 | INFO  | DNAudit | user=null | ip=null | op=WRITE_CHUNK {blockData=conID: 1 locID: 102667710531633631 bcsId: 0} | ret=SUCCESS |  
2019-08-23 18:28:58,543 | INFO  | DNAudit | user=null | ip=null | op=WRITE_CHUNK {blockData=conID: 1 locID: 102667710531633631 bcsId: 0} | ret=SUCCESS |  
2019-08-23 18:28:58,543 | INFO  | DNAudit | user=null | ip=null | op=WRITE_CHUNK {blockData=conID: 1 locID: 102667710531633631 bcsId: 0} | ret=SUCCESS |  
2019-08-23 18:28:58,543 | INFO  | DNAudit | user=null | ip=null | op=WRITE_CHUNK {blockData=conID: 1 locID: 102667710531633631 bcsId: 0} | ret=SUCCESS |  
2019-08-23 18:28:58,545 | INFO  | DNAudit | user=null | ip=null | op=WRITE_CHUNK {blockData=conID: 1 locID: 102667710531633631 bcsId: 0} | ret=SUCCESS |  
2019-08-23 18:28:58,546 | INFO  | DNAudit | user=null | ip=null | op=WRITE_CHUNK {blockData=conID: 1 locID: 102667710531633631 bcsId: 0} | ret=SUCCESS |  
2019-08-23 18:28:58,553 | INFO  | DNAudit | user=null | ip=null | op=WRITE_CHUNK {blockData=conID: 1 locID: 102667710531633631 bcsId: 0} | ret=SUCCESS |  
2019-08-23 18:28:58,554 | INFO  | DNAudit | user=null | ip=null | op=PUT_BLOCK {blockData=[blockId=conID: 1 locID: 102667710531633631 bcsId: 0,size=1048576]} | ret=SUCCESS |  
2019-08-23 18:28:58,554 [grpc-default-executor-5] INFO  client.GrpcClientProtocolClient (GrpcClientProtocolClient.java:onNext(255)) - client-19C32667576E->48affcab-e6e4-4602-963a-f6a50efbd54c: receive RaftClientReply:client-19C32667576E->48affcab-e6e4-4602-963a-f6a50efbd54c@group-50C56EAF5137, cid=1351, SUCCESS, logIndex=1912, commits[48affcab-e6e4-4602-963a-f6a50efbd54c:c1913, 7e391b60-07ae-4d97-a027-4756e468c032:c1911, c5f86d96-67df-4f25-bde3-316f439d30b3:c1911]
2019-08-23 18:28:58,554 | INFO  | DNAudit | user=null | ip=null | op=WRITE_CHUNK {blockData=conID: 1 locID: 102667710531633631 bcsId: 0} | ret=SUCCESS |  
2019-08-23 18:28:58,555 [grpc-default-executor-0] INFO  client.GrpcClientProtocolClient (GrpcClientProtocolClient.java:onNext(255)) - client-19C32667576E->48affcab-e6e4-4602-963a-f6a50efbd54c: receive RaftClientReply:client-19C32667576E->48affcab-e6e4-4602-963a-f6a50efbd54c@group-50C56EAF5137, cid=1352, SUCCESS, logIndex=1913, commits[48affcab-e6e4-4602-963a-f6a50efbd54c:c1913, 7e391b60-07ae-4d97-a027-4756e468c032:c1911, c5f86d96-67df-4f25-bde3-316f439d30b3:c1911]
2019-08-23 18:28:58,555 | INFO  | DNAudit | user=null | ip=null | op=PUT_BLOCK {blockData=[blockId=conID: 1 locID: 102667710531633631 bcsId: 0,size=2097152]} | ret=SUCCESS |  
2019-08-23 18:28:58,555 [grpc-default-executor-0] INFO  client.GrpcClientProtocolClient (GrpcClientProtocolClient.java:onNext(255)) - client-19C32667576E->48affcab-e6e4-4602-963a-f6a50efbd54c: receive RaftClientReply:client-19C32667576E->48affcab-e6e4-4602-963a-f6a50efbd54c@group-50C56EAF5137, cid=1353, SUCCESS, logIndex=1914, commits[48affcab-e6e4-4602-963a-f6a50efbd54c:c1915, 7e391b60-07ae-4d97-a027-4756e468c032:c1911, c5f86d96-67df-4f25-bde3-316f439d30b3:c1911]
2019-08-23 18:28:58,555 [grpc-default-executor-0] INFO  client.GrpcClientProtocolClient (GrpcClientProtocolClient.java:onNext(255)) - client-19C32667576E->48affcab-e6e4-4602-963a-f6a50efbd54c: receive RaftClientReply:client-19C32667576E->48affcab-e6e4-4602-963a-f6a50efbd54c@group-50C56EAF5137, cid=1354, SUCCESS, logIndex=1915, commits[48affcab-e6e4-4602-963a-f6a50efbd54c:c1915, 7e391b60-07ae-4d97-a027-4756e468c032:c1911, c5f86d96-67df-4f25-bde3-316f439d30b3:c1911]
2019-08-23 18:28:58,556 | INFO  | DNAudit | user=null | ip=null | op=WRITE_CHUNK {blockData=conID: 1 locID: 102667710531633631 bcsId: 0} | ret=SUCCESS |  
2019-08-23 18:28:58,556 | INFO  | DNAudit | user=null | ip=null | op=PUT_BLOCK {blockData=[blockId=conID: 1 locID: 102667710531633631 bcsId: 0,size=1048576]} | ret=SUCCESS |  
2019-08-23 18:28:58,556 | INFO  | DNAudit | user=null | ip=null | op=WRITE_CHUNK {blockData=conID: 1 locID: 102667710531633631 bcsId: 0} | ret=SUCCESS |  
2019-08-23 18:28:58,556 | INFO  | DNAudit | user=null | ip=null | op=PUT_BLOCK {blockData=[blockId=conID: 1 locID: 102667710531633631 bcsId: 0,size=1048576]} | ret=SUCCESS |  
2019-08-23 18:28:58,557 | INFO  | DNAudit | user=null | ip=null | op=WRITE_CHUNK {blockData=conID: 1 locID: 102667710531633631 bcsId: 0} | ret=SUCCESS |  
2019-08-23 18:28:58,557 | INFO  | DNAudit | user=null | ip=null | op=WRITE_CHUNK {blockData=conID: 1 locID: 102667710531633631 bcsId: 0} | ret=SUCCESS |  
2019-08-23 18:28:58,557 | INFO  | DNAudit | user=null | ip=null | op=PUT_BLOCK {blockData=[blockId=conID: 1 locID: 102667710531633631 bcsId: 0,size=2097152]} | ret=SUCCESS |  
2019-08-23 18:28:58,557 | INFO  | DNAudit | user=null | ip=null | op=PUT_BLOCK {blockData=[blockId=conID: 1 locID: 102667710531633631 bcsId: 0,size=2097152]} | ret=SUCCESS |  
2019-08-23 18:28:58,557 [grpc-default-executor-0] INFO  client.GrpcClientProtocolClient (GrpcClientProtocolClient.java:onNext(255)) - client-19C32667576E->48affcab-e6e4-4602-963a-f6a50efbd54c: receive RaftClientReply:client-19C32667576E->48affcab-e6e4-4602-963a-f6a50efbd54c@group-50C56EAF5137, cid=1355, SUCCESS, logIndex=0, commits[48affcab-e6e4-4602-963a-f6a50efbd54c:c1917, 7e391b60-07ae-4d97-a027-4756e468c032:c1913, c5f86d96-67df-4f25-bde3-316f439d30b3:c1913]
2019-08-23 18:28:58,563 | INFO  | DNAudit | user=null | ip=null | op=WRITE_CHUNK {blockData=conID: 1 locID: 102667710531633631 bcsId: 1915} | ret=SUCCESS |  
2019-08-23 18:28:58,566 | INFO  | DNAudit | user=null | ip=null | op=WRITE_CHUNK {blockData=conID: 1 locID: 102667710531633631 bcsId: 1915} | ret=SUCCESS |  
2019-08-23 18:28:58,566 | INFO  | DNAudit | user=null | ip=null | op=WRITE_CHUNK {blockData=conID: 1 locID: 102667710531633631 bcsId: 1915} | ret=SUCCESS |  
2019-08-23 18:28:58,575 | INFO  | DNAudit | user=null | ip=null | op=WRITE_CHUNK {blockData=conID: 1 locID: 102667710531633631 bcsId: 1915} | ret=SUCCESS |  
2019-08-23 18:28:58,576 | INFO  | DNAudit | user=null | ip=null | op=PUT_BLOCK {blockData=[blockId=conID: 1 locID: 102667710531633631 bcsId: 0,size=3145728]} | ret=SUCCESS |  
2019-08-23 18:28:58,576 [grpc-default-executor-5] INFO  client.GrpcClientProtocolClient (GrpcClientProtocolClient.java:onNext(255)) - client-19C32667576E->48affcab-e6e4-4602-963a-f6a50efbd54c: receive RaftClientReply:client-19C32667576E->48affcab-e6e4-4602-963a-f6a50efbd54c@group-50C56EAF5137, cid=1356, SUCCESS, logIndex=1920, commits[48affcab-e6e4-4602-963a-f6a50efbd54c:c1921, 7e391b60-07ae-4d97-a027-4756e468c032:c1919, c5f86d96-67df-4f25-bde3-316f439d30b3:c1919]
2019-08-23 18:28:58,576 [grpc-default-executor-5] INFO  client.GrpcClientProtocolClient (GrpcClientProtocolClient.java:onNext(255)) - client-19C32667576E->48affcab-e6e4-4602-963a-f6a50efbd54c: receive RaftClientReply:client-19C32667576E->48affcab-e6e4-4602-963a-f6a50efbd54c@group-50C56EAF5137, cid=1357, SUCCESS, logIndex=1921, commits[48affcab-e6e4-4602-963a-f6a50efbd54c:c1921, 7e391b60-07ae-4d97-a027-4756e468c032:c1919, c5f86d96-67df-4f25-bde3-316f439d30b3:c1919]
2019-08-23 18:28:58,582 | INFO  | DNAudit | user=null | ip=null | op=WRITE_CHUNK {blockData=conID: 1 locID: 102667710531633631 bcsId: 1921} | ret=SUCCESS |  
2019-08-23 18:28:58,585 | INFO  | DNAudit | user=null | ip=null | op=WRITE_CHUNK {blockData=conID: 1 locID: 102667710531633631 bcsId: 1921} | ret=SUCCESS |  
2019-08-23 18:28:58,585 | INFO  | DNAudit | user=null | ip=null | op=WRITE_CHUNK {blockData=conID: 1 locID: 102667710531633631 bcsId: 1921} | ret=SUCCESS |  
2019-08-23 18:28:58,587 | INFO  | DNAudit | user=null | ip=null | op=WRITE_CHUNK {blockData=conID: 1 locID: 102667710531633631 bcsId: 1915} | ret=SUCCESS |  
2019-08-23 18:28:58,587 | INFO  | DNAudit | user=null | ip=null | op=WRITE_CHUNK {blockData=conID: 1 locID: 102667710531633631 bcsId: 1915} | ret=SUCCESS |  
2019-08-23 18:28:58,587 | INFO  | DNAudit | user=null | ip=null | op=PUT_BLOCK {blockData=[blockId=conID: 1 locID: 102667710531633631 bcsId: 0,size=3145728]} | ret=SUCCESS |  
2019-08-23 18:28:58,587 | INFO  | DNAudit | user=null | ip=null | op=PUT_BLOCK {blockData=[blockId=conID: 1 locID: 102667710531633631 bcsId: 0,size=3145728]} | ret=SUCCESS |  
2019-08-23 18:28:58,589 | INFO  | DNAudit | user=null | ip=null | op=WRITE_CHUNK {blockData=conID: 1 locID: 102667710531633631 bcsId: 1921} | ret=SUCCESS |  
2019-08-23 18:28:58,589 | INFO  | DNAudit | user=null | ip=null | op=PUT_BLOCK {blockData=[blockId=conID: 1 locID: 102667710531633631 bcsId: 0,size=4194304]} | ret=SUCCESS |  
2019-08-23 18:28:58,589 [grpc-default-executor-0] INFO  client.GrpcClientProtocolClient (GrpcClientProtocolClient.java:onNext(255)) - client-19C32667576E->48affcab-e6e4-4602-963a-f6a50efbd54c: receive RaftClientReply:client-19C32667576E->48affcab-e6e4-4602-963a-f6a50efbd54c@group-50C56EAF5137, cid=1358, SUCCESS, logIndex=1924, commits[48affcab-e6e4-4602-963a-f6a50efbd54c:c1925, 7e391b60-07ae-4d97-a027-4756e468c032:c1921, c5f86d96-67df-4f25-bde3-316f439d30b3:c1921]
2019-08-23 18:28:58,589 [grpc-default-executor-0] INFO  client.GrpcClientProtocolClient (GrpcClientProtocolClient.java:onNext(255)) - client-19C32667576E->48affcab-e6e4-4602-963a-f6a50efbd54c: receive RaftClientReply:client-19C32667576E->48affcab-e6e4-4602-963a-f6a50efbd54c@group-50C56EAF5137, cid=1359, SUCCESS, logIndex=1925, commits[48affcab-e6e4-4602-963a-f6a50efbd54c:c1925, 7e391b60-07ae-4d97-a027-4756e468c032:c1921, c5f86d96-67df-4f25-bde3-316f439d30b3:c1921]
2019-08-23 18:28:58,600 | INFO  | DNAudit | user=null | ip=null | op=WRITE_CHUNK {blockData=conID: 1 locID: 102667710531633631 bcsId: 1921} | ret=SUCCESS |  
2019-08-23 18:28:58,600 | INFO  | DNAudit | user=null | ip=null | op=WRITE_CHUNK {blockData=conID: 1 locID: 102667710531633631 bcsId: 1921} | ret=SUCCESS |  
2019-08-23 18:28:58,601 | INFO  | DNAudit | user=null | ip=null | op=PUT_BLOCK {blockData=[blockId=conID: 1 locID: 102667710531633631 bcsId: 0,size=4194304]} | ret=SUCCESS |  
2019-08-23 18:28:58,601 | INFO  | DNAudit | user=null | ip=null | op=PUT_BLOCK {blockData=[blockId=conID: 1 locID: 102667710531633631 bcsId: 0,size=4194304]} | ret=SUCCESS |  
2019-08-23 18:28:58,602 [grpc-default-executor-3] INFO  client.GrpcClientProtocolClient (GrpcClientProtocolClient.java:onNext(255)) - client-19C32667576E->48affcab-e6e4-4602-963a-f6a50efbd54c: receive RaftClientReply:client-19C32667576E->48affcab-e6e4-4602-963a-f6a50efbd54c@group-50C56EAF5137, cid=1360, SUCCESS, logIndex=0, commits[48affcab-e6e4-4602-963a-f6a50efbd54c:c1927, 7e391b60-07ae-4d97-a027-4756e468c032:c1925, c5f86d96-67df-4f25-bde3-316f439d30b3:c1925]
2019-08-23 18:28:58,605 | INFO  | SCMAudit | user=jenkins1000 | ip=192.168.34.23 | op=ALLOCATE_BLOCK {owner=1ceb8b80-28f1-43fd-86c3-175afc07b8d1, size=4194304, type=RATIS, factor=THREE} | ret=SUCCESS |  
2019-08-23 18:28:58,607 | INFO  | OMAudit | user=jenkins1000 | ip=127.0.0.1 | op=ALLOCATE_BLOCK {volume=vol-0-45438, bucket=bucket-0-23891, key=key-0-22455, dataSize=0, replicationType=null, replicationFactor=null, keyLocationInfo=null, clientID=102667710122492306} | ret=SUCCESS |  
2019-08-23 18:28:58,614 | INFO  | DNAudit | user=null | ip=null | op=WRITE_CHUNK {blockData=conID: 2 locID: 102667710536417760 bcsId: 0} | ret=SUCCESS |  
2019-08-23 18:28:58,617 | INFO  | DNAudit | user=null | ip=null | op=WRITE_CHUNK {blockData=conID: 2 locID: 102667710536417760 bcsId: 0} | ret=SUCCESS |  
2019-08-23 18:28:58,617 | INFO  | DNAudit | user=null | ip=null | op=WRITE_CHUNK {blockData=conID: 2 locID: 102667710536417760 bcsId: 0} | ret=SUCCESS |  
2019-08-23 18:28:58,617 | INFO  | DNAudit | user=null | ip=null | op=WRITE_CHUNK {blockData=conID: 2 locID: 102667710536417760 bcsId: 0} | ret=SUCCESS |  
2019-08-23 18:28:58,619 | INFO  | DNAudit | user=null | ip=null | op=WRITE_CHUNK {blockData=conID: 2 locID: 102667710536417760 bcsId: 0} | ret=SUCCESS |  
2019-08-23 18:28:58,619 | INFO  | DNAudit | user=null | ip=null | op=WRITE_CHUNK {blockData=conID: 2 locID: 102667710536417760 bcsId: 0} | ret=SUCCESS |  
2019-08-23 18:28:58,620 | INFO  | SCMAudit | user=jenkins1000 | ip=192.168.34.23 | op=SEND_HEARTBEAT {datanodeUUID=58706fd2-d7f7-4771-af80-9e0541495c87, command=[]} | ret=SUCCESS |  
2019-08-23 18:28:58,620 | INFO  | SCMAudit | user=jenkins1000 | ip=192.168.34.23 | op=SEND_HEARTBEAT {datanodeUUID=c5f86d96-67df-4f25-bde3-316f439d30b3, command=[]} | ret=SUCCESS |  
2019-08-23 18:28:58,620 | INFO  | SCMAudit | user=jenkins1000 | ip=192.168.34.23 | op=SEND_HEARTBEAT {datanodeUUID=48affcab-e6e4-4602-963a-f6a50efbd54c, command=[]} | ret=SUCCESS |  
2019-08-23 18:28:58,620 | INFO  | SCMAudit | user=jenkins1000 | ip=192.168.34.23 | op=SEND_HEARTBEAT {datanodeUUID=7e391b60-07ae-4d97-a027-4756e468c032, command=[]} | ret=SUCCESS |  
2019-08-23 18:28:58,626 | INFO  | DNAudit | user=null | ip=null | op=WRITE_CHUNK {blockData=conID: 2 locID: 102667710536417760 bcsId: 0} | ret=SUCCESS |  
2019-08-23 18:28:58,626 | INFO  | DNAudit | user=null | ip=null | op=PUT_BLOCK {blockData=[blockId=conID: 2 locID: 102667710536417760 bcsId: 0,size=1048576]} | ret=SUCCESS |  
2019-08-23 18:28:58,626 [grpc-default-executor-3] INFO  client.GrpcClientProtocolClient (GrpcClientProtocolClient.java:onNext(255)) - client-19C32667576E->48affcab-e6e4-4602-963a-f6a50efbd54c: receive RaftClientReply:client-19C32667576E->48affcab-e6e4-4602-963a-f6a50efbd54c@group-50C56EAF5137, cid=1361, SUCCESS, logIndex=1928, commits[48affcab-e6e4-4602-963a-f6a50efbd54c:c1929, 7e391b60-07ae-4d97-a027-4756e468c032:c1927, c5f86d96-67df-4f25-bde3-316f439d30b3:c1927]
2019-08-23 18:28:58,627 | INFO  | DNAudit | user=null | ip=null | op=WRITE_CHUNK {blockData=conID: 2 locID: 102667710536417760 bcsId: 0} | ret=SUCCESS |  
2019-08-23 18:28:58,627 [grpc-default-executor-3] INFO  client.GrpcClientProtocolClient (GrpcClientProtocolClient.java:onNext(255)) - client-19C32667576E->48affcab-e6e4-4602-963a-f6a50efbd54c: receive RaftClientReply:client-19C32667576E->48affcab-e6e4-4602-963a-f6a50efbd54c@group-50C56EAF5137, cid=1362, SUCCESS, logIndex=1929, commits[48affcab-e6e4-4602-963a-f6a50efbd54c:c1929, 7e391b60-07ae-4d97-a027-4756e468c032:c1927, c5f86d96-67df-4f25-bde3-316f439d30b3:c1927]
2019-08-23 18:28:58,627 | INFO  | DNAudit | user=null | ip=null | op=PUT_BLOCK {blockData=[blockId=conID: 2 locID: 102667710536417760 bcsId: 0,size=2097152]} | ret=SUCCESS |  
2019-08-23 18:28:58,627 [grpc-default-executor-0] INFO  client.GrpcClientProtocolClient (GrpcClientProtocolClient.java:onNext(255)) - client-19C32667576E->48affcab-e6e4-4602-963a-f6a50efbd54c: receive RaftClientReply:client-19C32667576E->48affcab-e6e4-4602-963a-f6a50efbd54c@group-50C56EAF5137, cid=1363, SUCCESS, logIndex=1930, commits[48affcab-e6e4-4602-963a-f6a50efbd54c:c1930, 7e391b60-07ae-4d97-a027-4756e468c032:c1927, c5f86d96-67df-4f25-bde3-316f439d30b3:c1927]
2019-08-23 18:28:58,627 [grpc-default-executor-0] INFO  client.GrpcClientProtocolClient (GrpcClientProtocolClient.java:onNext(255)) - client-19C32667576E->48affcab-e6e4-4602-963a-f6a50efbd54c: receive RaftClientReply:client-19C32667576E->48affcab-e6e4-4602-963a-f6a50efbd54c@group-50C56EAF5137, cid=1364, SUCCESS, logIndex=1931, commits[48affcab-e6e4-4602-963a-f6a50efbd54c:c1931, 7e391b60-07ae-4d97-a027-4756e468c032:c1927, c5f86d96-67df-4f25-bde3-316f439d30b3:c1927]
2019-08-23 18:28:58,638 | INFO  | DNAudit | user=null | ip=null | op=WRITE_CHUNK {blockData=conID: 2 locID: 102667710536417760 bcsId: 0} | ret=SUCCESS |  
2019-08-23 18:28:58,638 | INFO  | DNAudit | user=null | ip=null | op=PUT_BLOCK {blockData=[blockId=conID: 2 locID: 102667710536417760 bcsId: 0,size=1048576]} | ret=SUCCESS |  
2019-08-23 18:28:58,638 | INFO  | DNAudit | user=null | ip=null | op=WRITE_CHUNK {blockData=conID: 2 locID: 102667710536417760 bcsId: 0} | ret=SUCCESS |  
2019-08-23 18:28:58,638 | INFO  | DNAudit | user=null | ip=null | op=PUT_BLOCK {blockData=[blockId=conID: 2 locID: 102667710536417760 bcsId: 0,size=1048576]} | ret=SUCCESS |  
2019-08-23 18:28:58,639 | INFO  | DNAudit | user=null | ip=null | op=WRITE_CHUNK {blockData=conID: 2 locID: 102667710536417760 bcsId: 0} | ret=SUCCESS |  
2019-08-23 18:28:58,639 | INFO  | DNAudit | user=null | ip=null | op=PUT_BLOCK {blockData=[blockId=conID: 2 locID: 102667710536417760 bcsId: 0,size=2097152]} | ret=SUCCESS |  
2019-08-23 18:28:58,639 [grpc-default-executor-0] INFO  client.GrpcClientProtocolClient (GrpcClientProtocolClient.java:onNext(255)) - client-19C32667576E->48affcab-e6e4-4602-963a-f6a50efbd54c: receive RaftClientReply:client-19C32667576E->48affcab-e6e4-4602-963a-f6a50efbd54c@group-50C56EAF5137, cid=1365, SUCCESS, logIndex=0, commits[48affcab-e6e4-4602-963a-f6a50efbd54c:c1933, 7e391b60-07ae-4d97-a027-4756e468c032:c1929, c5f86d96-67df-4f25-bde3-316f439d30b3:c1929]
2019-08-23 18:28:58,639 | INFO  | DNAudit | user=null | ip=null | op=WRITE_CHUNK {blockData=conID: 2 locID: 102667710536417760 bcsId: 0} | ret=SUCCESS |  
2019-08-23 18:28:58,639 | INFO  | DNAudit | user=null | ip=null | op=PUT_BLOCK {blockData=[blockId=conID: 2 locID: 102667710536417760 bcsId: 0,size=2097152]} | ret=SUCCESS |  
2019-08-23 18:28:58,644 | INFO  | DNAudit | user=null | ip=null | op=WRITE_CHUNK {blockData=conID: 2 locID: 102667710536417760 bcsId: 1931} | ret=SUCCESS |  
2019-08-23 18:28:58,647 | INFO  | DNAudit | user=null | ip=null | op=WRITE_CHUNK {blockData=conID: 2 locID: 102667710536417760 bcsId: 1931} | ret=SUCCESS |  
2019-08-23 18:28:58,647 | INFO  | DNAudit | user=null | ip=null | op=WRITE_CHUNK {blockData=conID: 2 locID: 102667710536417760 bcsId: 1931} | ret=SUCCESS |  
2019-08-23 18:28:58,660 | INFO  | DNAudit | user=null | ip=null | op=WRITE_CHUNK {blockData=conID: 2 locID: 102667710536417760 bcsId: 1931} | ret=SUCCESS |  
2019-08-23 18:28:58,660 | INFO  | DNAudit | user=null | ip=null | op=PUT_BLOCK {blockData=[blockId=conID: 2 locID: 102667710536417760 bcsId: 0,size=3145728]} | ret=SUCCESS |  
2019-08-23 18:28:58,660 [grpc-default-executor-0] INFO  client.GrpcClientProtocolClient (GrpcClientProtocolClient.java:onNext(255)) - client-19C32667576E->48affcab-e6e4-4602-963a-f6a50efbd54c: receive RaftClientReply:client-19C32667576E->48affcab-e6e4-4602-963a-f6a50efbd54c@group-50C56EAF5137, cid=1366, SUCCESS, logIndex=1936, commits[48affcab-e6e4-4602-963a-f6a50efbd54c:c1937, 7e391b60-07ae-4d97-a027-4756e468c032:c1935, c5f86d96-67df-4f25-bde3-316f439d30b3:c1935]
2019-08-23 18:28:58,660 [grpc-default-executor-0] INFO  client.GrpcClientProtocolClient (GrpcClientProtocolClient.java:onNext(255)) - client-19C32667576E->48affcab-e6e4-4602-963a-f6a50efbd54c: receive RaftClientReply:client-19C32667576E->48affcab-e6e4-4602-963a-f6a50efbd54c@group-50C56EAF5137, cid=1367, SUCCESS, logIndex=1937, commits[48affcab-e6e4-4602-963a-f6a50efbd54c:c1937, 7e391b60-07ae-4d97-a027-4756e468c032:c1935, c5f86d96-67df-4f25-bde3-316f439d30b3:c1935]
2019-08-23 18:28:58,662 | INFO  | DNAudit | user=null | ip=null | op=WRITE_CHUNK {blockData=conID: 2 locID: 102667710536417760 bcsId: 1931} | ret=SUCCESS |  
2019-08-23 18:28:58,662 | INFO  | DNAudit | user=null | ip=null | op=WRITE_CHUNK {blockData=conID: 2 locID: 102667710536417760 bcsId: 1931} | ret=SUCCESS |  
2019-08-23 18:28:58,662 | INFO  | DNAudit | user=null | ip=null | op=PUT_BLOCK {blockData=[blockId=conID: 2 locID: 102667710536417760 bcsId: 0,size=3145728]} | ret=SUCCESS |  
2019-08-23 18:28:58,662 | INFO  | DNAudit | user=null | ip=null | op=PUT_BLOCK {blockData=[blockId=conID: 2 locID: 102667710536417760 bcsId: 0,size=3145728]} | ret=SUCCESS |  
2019-08-23 18:28:58,669 | INFO  | DNAudit | user=null | ip=null | op=WRITE_CHUNK {blockData=conID: 2 locID: 102667710536417760 bcsId: 1937} | ret=SUCCESS |  
2019-08-23 18:28:58,671 | INFO  | DNAudit | user=null | ip=null | op=WRITE_CHUNK {blockData=conID: 2 locID: 102667710536417760 bcsId: 1937} | ret=SUCCESS |  
2019-08-23 18:28:58,671 | INFO  | DNAudit | user=null | ip=null | op=WRITE_CHUNK {blockData=conID: 2 locID: 102667710536417760 bcsId: 1937} | ret=SUCCESS |  
2019-08-23 18:28:58,674 | INFO  | DNAudit | user=null | ip=null | op=WRITE_CHUNK {blockData=conID: 2 locID: 102667710536417760 bcsId: 1937} | ret=SUCCESS |  
2019-08-23 18:28:58,674 | INFO  | DNAudit | user=null | ip=null | op=PUT_BLOCK {blockData=[blockId=conID: 2 locID: 102667710536417760 bcsId: 0,size=4194304]} | ret=SUCCESS |  
2019-08-23 18:28:58,674 [grpc-default-executor-0] INFO  client.GrpcClientProtocolClient (GrpcClientProtocolClient.java:onNext(255)) - client-19C32667576E->48affcab-e6e4-4602-963a-f6a50efbd54c: receive RaftClientReply:client-19C32667576E->48affcab-e6e4-4602-963a-f6a50efbd54c@group-50C56EAF5137, cid=1368, SUCCESS, logIndex=1940, commits[48affcab-e6e4-4602-963a-f6a50efbd54c:c1941, 7e391b60-07ae-4d97-a027-4756e468c032:c1939, c5f86d96-67df-4f25-bde3-316f439d30b3:c1937]
2019-08-23 18:28:58,674 [grpc-default-executor-0] INFO  client.GrpcClientProtocolClient (GrpcClientProtocolClient.java:onNext(255)) - client-19C32667576E->48affcab-e6e4-4602-963a-f6a50efbd54c: receive RaftClientReply:client-19C32667576E->48affcab-e6e4-4602-963a-f6a50efbd54c@group-50C56EAF5137, cid=1369, SUCCESS, logIndex=1941, commits[48affcab-e6e4-4602-963a-f6a50efbd54c:c1941, 7e391b60-07ae-4d97-a027-4756e468c032:c1939, c5f86d96-67df-4f25-bde3-316f439d30b3:c1937]
2019-08-23 18:28:58,675 | INFO  | DNAudit | user=null | ip=null | op=WRITE_CHUNK {blockData=conID: 2 locID: 102667710536417760 bcsId: 1937} | ret=SUCCESS |  
2019-08-23 18:28:58,676 | INFO  | DNAudit | user=null | ip=null | op=PUT_BLOCK {blockData=[blockId=conID: 2 locID: 102667710536417760 bcsId: 0,size=4194304]} | ret=SUCCESS |  
2019-08-23 18:28:58,676 | INFO  | DNAudit | user=null | ip=null | op=WRITE_CHUNK {blockData=conID: 2 locID: 102667710536417760 bcsId: 1937} | ret=SUCCESS |  
2019-08-23 18:28:58,676 | INFO  | DNAudit | user=null | ip=null | op=PUT_BLOCK {blockData=[blockId=conID: 2 locID: 102667710536417760 bcsId: 0,size=4194304]} | ret=SUCCESS |  
2019-08-23 18:28:58,676 [grpc-default-executor-0] INFO  client.GrpcClientProtocolClient (GrpcClientProtocolClient.java:onNext(255)) - client-19C32667576E->48affcab-e6e4-4602-963a-f6a50efbd54c: receive RaftClientReply:client-19C32667576E->48affcab-e6e4-4602-963a-f6a50efbd54c@group-50C56EAF5137, cid=1370, SUCCESS, logIndex=0, commits[48affcab-e6e4-4602-963a-f6a50efbd54c:c1942, 7e391b60-07ae-4d97-a027-4756e468c032:c1941, c5f86d96-67df-4f25-bde3-316f439d30b3:c1941]
2019-08-23 18:28:58,680 | INFO  | SCMAudit | user=jenkins1000 | ip=192.168.34.23 | op=ALLOCATE_BLOCK {owner=1ceb8b80-28f1-43fd-86c3-175afc07b8d1, size=4194304, type=RATIS, factor=THREE} | ret=SUCCESS |  
2019-08-23 18:28:58,681 | INFO  | OMAudit | user=jenkins1000 | ip=127.0.0.1 | op=ALLOCATE_BLOCK {volume=vol-0-45438, bucket=bucket-0-23891, key=key-0-22455, dataSize=0, replicationType=null, replicationFactor=null, keyLocationInfo=null, clientID=102667710122492306} | ret=SUCCESS |  
2019-08-23 18:28:58,687 | INFO  | DNAudit | user=null | ip=null | op=WRITE_CHUNK {blockData=conID: 3 locID: 102667710541332961 bcsId: 0} | ret=SUCCESS |  
2019-08-23 18:28:58,690 | INFO  | DNAudit | user=null | ip=null | op=WRITE_CHUNK {blockData=conID: 3 locID: 102667710541332961 bcsId: 0} | ret=SUCCESS |  
2019-08-23 18:28:58,690 | INFO  | DNAudit | user=null | ip=null | op=WRITE_CHUNK {blockData=conID: 3 locID: 102667710541332961 bcsId: 0} | ret=SUCCESS |  
2019-08-23 18:28:58,690 | INFO  | DNAudit | user=null | ip=null | op=WRITE_CHUNK {blockData=conID: 3 locID: 102667710541332961 bcsId: 0} | ret=SUCCESS |  
2019-08-23 18:28:58,692 | INFO  | DNAudit | user=null | ip=null | op=WRITE_CHUNK {blockData=conID: 3 locID: 102667710541332961 bcsId: 0} | ret=SUCCESS |  
2019-08-23 18:28:58,692 | INFO  | DNAudit | user=null | ip=null | op=WRITE_CHUNK {blockData=conID: 3 locID: 102667710541332961 bcsId: 0} | ret=SUCCESS |  
2019-08-23 18:28:58,692 | INFO  | DNAudit | user=null | ip=null | op=PUT_BLOCK {blockData=[blockId=conID: 3 locID: 102667710541332961 bcsId: 0,size=1048576]} | ret=SUCCESS |  
2019-08-23 18:28:58,693 [grpc-default-executor-4] INFO  client.GrpcClientProtocolClient (GrpcClientProtocolClient.java:onNext(255)) - client-19C32667576E->48affcab-e6e4-4602-963a-f6a50efbd54c: receive RaftClientReply:client-19C32667576E->48affcab-e6e4-4602-963a-f6a50efbd54c@group-50C56EAF5137, cid=1371, SUCCESS, logIndex=1944, commits[48affcab-e6e4-4602-963a-f6a50efbd54c:c1945, 7e391b60-07ae-4d97-a027-4756e468c032:c1943, c5f86d96-67df-4f25-bde3-316f439d30b3:c1941]
2019-08-23 18:28:58,693 | INFO  | DNAudit | user=null | ip=null | op=WRITE_CHUNK {blockData=conID: 3 locID: 102667710541332961 bcsId: 0} | ret=SUCCESS |  
2019-08-23 18:28:58,693 [grpc-default-executor-4] INFO  client.GrpcClientProtocolClient (GrpcClientProtocolClient.java:onNext(255)) - client-19C32667576E->48affcab-e6e4-4602-963a-f6a50efbd54c: receive RaftClientReply:client-19C32667576E->48affcab-e6e4-4602-963a-f6a50efbd54c@group-50C56EAF5137, cid=1372, SUCCESS, logIndex=1945, commits[48affcab-e6e4-4602-963a-f6a50efbd54c:c1945, 7e391b60-07ae-4d97-a027-4756e468c032:c1943, c5f86d96-67df-4f25-bde3-316f439d30b3:c1943]
2019-08-23 18:28:58,694 | INFO  | DNAudit | user=null | ip=null | op=WRITE_CHUNK {blockData=conID: 3 locID: 102667710541332961 bcsId: 0} | ret=SUCCESS |  
2019-08-23 18:28:58,694 | INFO  | DNAudit | user=null | ip=null | op=WRITE_CHUNK {blockData=conID: 3 locID: 102667710541332961 bcsId: 0} | ret=SUCCESS |  
2019-08-23 18:28:58,694 | INFO  | DNAudit | user=null | ip=null | op=PUT_BLOCK {blockData=[blockId=conID: 3 locID: 102667710541332961 bcsId: 0,size=1048576]} | ret=SUCCESS |  
2019-08-23 18:28:58,694 | INFO  | DNAudit | user=null | ip=null | op=PUT_BLOCK {blockData=[blockId=conID: 3 locID: 102667710541332961 bcsId: 0,size=2097152]} | ret=SUCCESS |  
2019-08-23 18:28:58,694 [grpc-default-executor-0] INFO  client.GrpcClientProtocolClient (GrpcClientProtocolClient.java:onNext(255)) - client-19C32667576E->48affcab-e6e4-4602-963a-f6a50efbd54c: receive RaftClientReply:client-19C32667576E->48affcab-e6e4-4602-963a-f6a50efbd54c@group-50C56EAF5137, cid=1373, SUCCESS, logIndex=1946, commits[48affcab-e6e4-4602-963a-f6a50efbd54c:c1948, 7e391b60-07ae-4d97-a027-4756e468c032:c1945, c5f86d96-67df-4f25-bde3-316f439d30b3:c1943]
2019-08-23 18:28:58,694 [grpc-default-executor-0] INFO  client.GrpcClientProtocolClient (GrpcClientProtocolClient.java:onNext(255)) - client-19C32667576E->48affcab-e6e4-4602-963a-f6a50efbd54c: receive RaftClientReply:client-19C32667576E->48affcab-e6e4-4602-963a-f6a50efbd54c@group-50C56EAF5137, cid=1374, SUCCESS, logIndex=1947, commits[48affcab-e6e4-4602-963a-f6a50efbd54c:c1948, 7e391b60-07ae-4d97-a027-4756e468c032:c1945, c5f86d96-67df-4f25-bde3-316f439d30b3:c1943]
2019-08-23 18:28:58,695 | INFO  | DNAudit | user=null | ip=null | op=WRITE_CHUNK {blockData=conID: 3 locID: 102667710541332961 bcsId: 0} | ret=SUCCESS |  
2019-08-23 18:28:58,695 | INFO  | DNAudit | user=null | ip=null | op=PUT_BLOCK {blockData=[blockId=conID: 3 locID: 102667710541332961 bcsId: 0,size=1048576]} | ret=SUCCESS |  
2019-08-23 18:28:58,695 [grpc-default-executor-0] INFO  client.GrpcClientProtocolClient (GrpcClientProtocolClient.java:onNext(255)) - client-19C32667576E->48affcab-e6e4-4602-963a-f6a50efbd54c: receive RaftClientReply:client-19C32667576E->48affcab-e6e4-4602-963a-f6a50efbd54c@group-50C56EAF5137, cid=1375, SUCCESS, logIndex=0, commits[48affcab-e6e4-4602-963a-f6a50efbd54c:c1949, 7e391b60-07ae-4d97-a027-4756e468c032:c1945, c5f86d96-67df-4f25-bde3-316f439d30b3:c1945]
2019-08-23 18:28:58,696 | INFO  | DNAudit | user=null | ip=null | op=WRITE_CHUNK {blockData=conID: 3 locID: 102667710541332961 bcsId: 0} | ret=SUCCESS |  
2019-08-23 18:28:58,696 | INFO  | DNAudit | user=null | ip=null | op=WRITE_CHUNK {blockData=conID: 3 locID: 102667710541332961 bcsId: 0} | ret=SUCCESS |  
2019-08-23 18:28:58,696 | INFO  | DNAudit | user=null | ip=null | op=PUT_BLOCK {blockData=[blockId=conID: 3 locID: 102667710541332961 bcsId: 0,size=2097152]} | ret=SUCCESS |  
2019-08-23 18:28:58,696 | INFO  | DNAudit | user=null | ip=null | op=PUT_BLOCK {blockData=[blockId=conID: 3 locID: 102667710541332961 bcsId: 0,size=2097152]} | ret=SUCCESS |  
2019-08-23 18:28:58,701 | INFO  | DNAudit | user=null | ip=null | op=WRITE_CHUNK {blockData=conID: 3 locID: 102667710541332961 bcsId: 1947} | ret=SUCCESS |  
2019-08-23 18:28:58,703 | INFO  | DNAudit | user=null | ip=null | op=WRITE_CHUNK {blockData=conID: 3 locID: 102667710541332961 bcsId: 1947} | ret=SUCCESS |  
2019-08-23 18:28:58,704 | INFO  | DNAudit | user=null | ip=null | op=WRITE_CHUNK {blockData=conID: 3 locID: 102667710541332961 bcsId: 1947} | ret=SUCCESS |  
2019-08-23 18:28:58,705 | INFO  | DNAudit | user=null | ip=null | op=WRITE_CHUNK {blockData=conID: 3 locID: 102667710541332961 bcsId: 1947} | ret=SUCCESS |  
2019-08-23 18:28:58,706 | INFO  | DNAudit | user=null | ip=null | op=PUT_BLOCK {blockData=[blockId=conID: 3 locID: 102667710541332961 bcsId: 0,size=3145728]} | ret=SUCCESS |  
2019-08-23 18:28:58,706 [grpc-default-executor-4] INFO  client.GrpcClientProtocolClient (GrpcClientProtocolClient.java:onNext(255)) - client-19C32667576E->48affcab-e6e4-4602-963a-f6a50efbd54c: receive RaftClientReply:client-19C32667576E->48affcab-e6e4-4602-963a-f6a50efbd54c@group-50C56EAF5137, cid=1376, SUCCESS, logIndex=1952, commits[48affcab-e6e4-4602-963a-f6a50efbd54c:c1953, 7e391b60-07ae-4d97-a027-4756e468c032:c1951, c5f86d96-67df-4f25-bde3-316f439d30b3:c1951]
2019-08-23 18:28:58,706 [grpc-default-executor-4] INFO  client.GrpcClientProtocolClient (GrpcClientProtocolClient.java:onNext(255)) - client-19C32667576E->48affcab-e6e4-4602-963a-f6a50efbd54c: receive RaftClientReply:client-19C32667576E->48affcab-e6e4-4602-963a-f6a50efbd54c@group-50C56EAF5137, cid=1377, SUCCESS, logIndex=1953, commits[48affcab-e6e4-4602-963a-f6a50efbd54c:c1953, 7e391b60-07ae-4d97-a027-4756e468c032:c1951, c5f86d96-67df-4f25-bde3-316f439d30b3:c1951]
2019-08-23 18:28:58,707 | INFO  | DNAudit | user=null | ip=null | op=WRITE_CHUNK {blockData=conID: 3 locID: 102667710541332961 bcsId: 1947} | ret=SUCCESS |  
2019-08-23 18:28:58,707 | INFO  | DNAudit | user=null | ip=null | op=WRITE_CHUNK {blockData=conID: 3 locID: 102667710541332961 bcsId: 1947} | ret=SUCCESS |  
2019-08-23 18:28:58,707 | INFO  | DNAudit | user=null | ip=null | op=PUT_BLOCK {blockData=[blockId=conID: 3 locID: 102667710541332961 bcsId: 0,size=3145728]} | ret=SUCCESS |  
2019-08-23 18:28:58,708 | INFO  | DNAudit | user=null | ip=null | op=PUT_BLOCK {blockData=[blockId=conID: 3 locID: 102667710541332961 bcsId: 0,size=3145728]} | ret=SUCCESS |  
2019-08-23 18:28:58,712 | INFO  | DNAudit | user=null | ip=null | op=WRITE_CHUNK {blockData=conID: 3 locID: 102667710541332961 bcsId: 1953} | ret=SUCCESS |  
2019-08-23 18:28:58,714 | INFO  | DNAudit | user=null | ip=null | op=WRITE_CHUNK {blockData=conID: 3 locID: 102667710541332961 bcsId: 1953} | ret=SUCCESS |  
2019-08-23 18:28:58,715 | INFO  | DNAudit | user=null | ip=null | op=WRITE_CHUNK {blockData=conID: 3 locID: 102667710541332961 bcsId: 1953} | ret=SUCCESS |  
2019-08-23 18:28:58,741 | INFO  | DNAudit | user=null | ip=null | op=WRITE_CHUNK {blockData=conID: 3 locID: 102667710541332961 bcsId: 1953} | ret=SUCCESS |  
2019-08-23 18:28:58,742 | INFO  | DNAudit | user=null | ip=null | op=PUT_BLOCK {blockData=[blockId=conID: 3 locID: 102667710541332961 bcsId: 0,size=4194304]} | ret=SUCCESS |  
2019-08-23 18:28:58,742 [grpc-default-executor-4] INFO  client.GrpcClientProtocolClient (GrpcClientProtocolClient.java:onNext(255)) - client-19C32667576E->48affcab-e6e4-4602-963a-f6a50efbd54c: receive RaftClientReply:client-19C32667576E->48affcab-e6e4-4602-963a-f6a50efbd54c@group-50C56EAF5137, cid=1378, SUCCESS, logIndex=1956, commits[48affcab-e6e4-4602-963a-f6a50efbd54c:c1957, 7e391b60-07ae-4d97-a027-4756e468c032:c1955, c5f86d96-67df-4f25-bde3-316f439d30b3:c1955]
2019-08-23 18:28:58,742 [grpc-default-executor-4] INFO  client.GrpcClientProtocolClient (GrpcClientProtocolClient.java:onNext(255)) - client-19C32667576E->48affcab-e6e4-4602-963a-f6a50efbd54c: receive RaftClientReply:client-19C32667576E->48affcab-e6e4-4602-963a-f6a50efbd54c@group-50C56EAF5137, cid=1379, SUCCESS, logIndex=1957, commits[48affcab-e6e4-4602-963a-f6a50efbd54c:c1957, 7e391b60-07ae-4d97-a027-4756e468c032:c1955, c5f86d96-67df-4f25-bde3-316f439d30b3:c1955]
2019-08-23 18:28:58,753 | INFO  | DNAudit | user=null | ip=null | op=WRITE_CHUNK {blockData=conID: 3 locID: 102667710541332961 bcsId: 1953} | ret=SUCCESS |  
2019-08-23 18:28:58,753 | INFO  | DNAudit | user=null | ip=null | op=WRITE_CHUNK {blockData=conID: 3 locID: 102667710541332961 bcsId: 1953} | ret=SUCCESS |  
2019-08-23 18:28:58,754 | INFO  | DNAudit | user=null | ip=null | op=PUT_BLOCK {blockData=[blockId=conID: 3 locID: 102667710541332961 bcsId: 0,size=4194304]} | ret=SUCCESS |  
2019-08-23 18:28:58,754 | INFO  | DNAudit | user=null | ip=null | op=PUT_BLOCK {blockData=[blockId=conID: 3 locID: 102667710541332961 bcsId: 0,size=4194304]} | ret=SUCCESS |  
2019-08-23 18:28:58,755 [grpc-default-executor-0] INFO  client.GrpcClientProtocolClient (GrpcClientProtocolClient.java:onNext(255)) - client-19C32667576E->48affcab-e6e4-4602-963a-f6a50efbd54c: receive RaftClientReply:client-19C32667576E->48affcab-e6e4-4602-963a-f6a50efbd54c@group-50C56EAF5137, cid=1380, SUCCESS, logIndex=0, commits[48affcab-e6e4-4602-963a-f6a50efbd54c:c1959, 7e391b60-07ae-4d97-a027-4756e468c032:c1957, c5f86d96-67df-4f25-bde3-316f439d30b3:c1957]
2019-08-23 18:28:58,760 | INFO  | SCMAudit | user=jenkins1000 | ip=192.168.34.23 | op=ALLOCATE_BLOCK {owner=1ceb8b80-28f1-43fd-86c3-175afc07b8d1, size=4194304, type=RATIS, factor=THREE} | ret=SUCCESS |  
2019-08-23 18:28:58,764 | INFO  | OMAudit | user=jenkins1000 | ip=127.0.0.1 | op=ALLOCATE_BLOCK {volume=vol-0-45438, bucket=bucket-0-23891, key=key-0-22455, dataSize=0, replicationType=null, replicationFactor=null, keyLocationInfo=null, clientID=102667710122492306} | ret=SUCCESS |  
2019-08-23 18:28:58,772 | INFO  | DNAudit | user=null | ip=null | op=WRITE_CHUNK {blockData=conID: 1 locID: 102667710546575842 bcsId: 0} | ret=SUCCESS |  
2019-08-23 18:28:58,773 | INFO  | DNAudit | user=null | ip=null | op=WRITE_CHUNK {blockData=conID: 1 locID: 102667710546575842 bcsId: 0} | ret=SUCCESS |  
2019-08-23 18:28:58,774 | INFO  | DNAudit | user=null | ip=null | op=WRITE_CHUNK {blockData=conID: 1 locID: 102667710546575842 bcsId: 0} | ret=SUCCESS |  
2019-08-23 18:28:58,775 | INFO  | DNAudit | user=null | ip=null | op=WRITE_CHUNK {blockData=conID: 1 locID: 102667710546575842 bcsId: 0} | ret=SUCCESS |  
2019-08-23 18:28:58,776 | INFO  | DNAudit | user=null | ip=null | op=WRITE_CHUNK {blockData=conID: 1 locID: 102667710546575842 bcsId: 0} | ret=SUCCESS |  
2019-08-23 18:28:58,777 | INFO  | DNAudit | user=null | ip=null | op=WRITE_CHUNK {blockData=conID: 1 locID: 102667710546575842 bcsId: 0} | ret=SUCCESS |  
2019-08-23 18:28:58,785 | INFO  | DNAudit | user=null | ip=null | op=WRITE_CHUNK {blockData=conID: 1 locID: 102667710546575842 bcsId: 0} | ret=SUCCESS |  
2019-08-23 18:28:58,785 | INFO  | DNAudit | user=null | ip=null | op=PUT_BLOCK {blockData=[blockId=conID: 1 locID: 102667710546575842 bcsId: 0,size=1048576]} | ret=SUCCESS |  
2019-08-23 18:28:58,785 [grpc-default-executor-3] INFO  client.GrpcClientProtocolClient (GrpcClientProtocolClient.java:onNext(255)) - client-19C32667576E->48affcab-e6e4-4602-963a-f6a50efbd54c: receive RaftClientReply:client-19C32667576E->48affcab-e6e4-4602-963a-f6a50efbd54c@group-50C56EAF5137, cid=1381, SUCCESS, logIndex=1960, commits[48affcab-e6e4-4602-963a-f6a50efbd54c:c1962, 7e391b60-07ae-4d97-a027-4756e468c032:c1959, c5f86d96-67df-4f25-bde3-316f439d30b3:c1959]
2019-08-23 18:28:58,786 | INFO  | DNAudit | user=null | ip=null | op=WRITE_CHUNK {blockData=conID: 1 locID: 102667710546575842 bcsId: 0} | ret=SUCCESS |  
2019-08-23 18:28:58,786 | INFO  | DNAudit | user=null | ip=null | op=WRITE_CHUNK {blockData=conID: 1 locID: 102667710546575842 bcsId: 0} | ret=SUCCESS |  
2019-08-23 18:28:58,789 | INFO  | DNAudit | user=null | ip=null | op=PUT_BLOCK {blockData=[blockId=conID: 1 locID: 102667710546575842 bcsId: 0,size=2097152]} | ret=SUCCESS |  
2019-08-23 18:28:58,790 | INFO  | DNAudit | user=null | ip=null | op=WRITE_CHUNK {blockData=conID: 1 locID: 102667710546575842 bcsId: 0} | ret=SUCCESS |  
2019-08-23 18:28:58,790 | INFO  | DNAudit | user=null | ip=null | op=PUT_BLOCK {blockData=[blockId=conID: 1 locID: 102667710546575842 bcsId: 0,size=1048576]} | ret=SUCCESS |  
2019-08-23 18:28:58,790 | INFO  | DNAudit | user=null | ip=null | op=PUT_BLOCK {blockData=[blockId=conID: 1 locID: 102667710546575842 bcsId: 0,size=1048576]} | ret=SUCCESS |  
2019-08-23 18:28:58,790 | INFO  | DNAudit | user=null | ip=null | op=WRITE_CHUNK {blockData=conID: 1 locID: 102667710546575842 bcsId: 0} | ret=SUCCESS |  
2019-08-23 18:28:58,790 | INFO  | DNAudit | user=null | ip=null | op=WRITE_CHUNK {blockData=conID: 1 locID: 102667710546575842 bcsId: 0} | ret=SUCCESS |  
2019-08-23 18:28:58,790 [grpc-default-executor-3] INFO  client.GrpcClientProtocolClient (GrpcClientProtocolClient.java:onNext(255)) - client-19C32667576E->48affcab-e6e4-4602-963a-f6a50efbd54c: receive RaftClientReply:client-19C32667576E->48affcab-e6e4-4602-963a-f6a50efbd54c@group-50C56EAF5137, cid=1382, SUCCESS, logIndex=1961, commits[48affcab-e6e4-4602-963a-f6a50efbd54c:c1963, 7e391b60-07ae-4d97-a027-4756e468c032:c1959, c5f86d96-67df-4f25-bde3-316f439d30b3:c1959]
2019-08-23 18:28:58,790 | INFO  | DNAudit | user=null | ip=null | op=PUT_BLOCK {blockData=[blockId=conID: 1 locID: 102667710546575842 bcsId: 0,size=2097152]} | ret=SUCCESS |  
2019-08-23 18:28:58,791 [grpc-default-executor-3] INFO  client.GrpcClientProtocolClient (GrpcClientProtocolClient.java:onNext(255)) - client-19C32667576E->48affcab-e6e4-4602-963a-f6a50efbd54c: receive RaftClientReply:client-19C32667576E->48affcab-e6e4-4602-963a-f6a50efbd54c@group-50C56EAF5137, cid=1383, SUCCESS, logIndex=1962, commits[48affcab-e6e4-4602-963a-f6a50efbd54c:c1963, 7e391b60-07ae-4d97-a027-4756e468c032:c1959, c5f86d96-67df-4f25-bde3-316f439d30b3:c1959]
2019-08-23 18:28:58,791 [grpc-default-executor-3] INFO  client.GrpcClientProtocolClient (GrpcClientProtocolClient.java:onNext(255)) - client-19C32667576E->48affcab-e6e4-4602-963a-f6a50efbd54c: receive RaftClientReply:client-19C32667576E->48affcab-e6e4-4602-963a-f6a50efbd54c@group-50C56EAF5137, cid=1384, SUCCESS, logIndex=1963, commits[48affcab-e6e4-4602-963a-f6a50efbd54c:c1964, 7e391b60-07ae-4d97-a027-4756e468c032:c1959, c5f86d96-67df-4f25-bde3-316f439d30b3:c1960]
2019-08-23 18:28:58,792 [grpc-default-executor-3] INFO  client.GrpcClientProtocolClient (GrpcClientProtocolClient.java:onNext(255)) - client-19C32667576E->48affcab-e6e4-4602-963a-f6a50efbd54c: receive RaftClientReply:client-19C32667576E->48affcab-e6e4-4602-963a-f6a50efbd54c@group-50C56EAF5137, cid=1385, SUCCESS, logIndex=0, commits[48affcab-e6e4-4602-963a-f6a50efbd54c:c1967, 7e391b60-07ae-4d97-a027-4756e468c032:c1962, c5f86d96-67df-4f25-bde3-316f439d30b3:c1963]
2019-08-23 18:28:58,798 | INFO  | DNAudit | user=null | ip=null | op=WRITE_CHUNK {blockData=conID: 1 locID: 102667710546575842 bcsId: 1963} | ret=SUCCESS |  
2019-08-23 18:28:58,800 | INFO  | DNAudit | user=null | ip=null | op=WRITE_CHUNK {blockData=conID: 1 locID: 102667710546575842 bcsId: 1963} | ret=SUCCESS |  
2019-08-23 18:28:58,800 | INFO  | DNAudit | user=null | ip=null | op=WRITE_CHUNK {blockData=conID: 1 locID: 102667710546575842 bcsId: 1963} | ret=SUCCESS |  
2019-08-23 18:28:58,801 | INFO  | DNAudit | user=null | ip=null | op=PUT_BLOCK {blockData=[blockId=conID: 1 locID: 102667710546575842 bcsId: 0,size=2097152]} | ret=SUCCESS |  
2019-08-23 18:28:58,802 | INFO  | DNAudit | user=null | ip=null | op=WRITE_CHUNK {blockData=conID: 1 locID: 102667710546575842 bcsId: 1963} | ret=SUCCESS |  
2019-08-23 18:28:58,802 | INFO  | DNAudit | user=null | ip=null | op=PUT_BLOCK {blockData=[blockId=conID: 1 locID: 102667710546575842 bcsId: 0,size=3145728]} | ret=SUCCESS |  
2019-08-23 18:28:58,803 [grpc-default-executor-0] INFO  client.GrpcClientProtocolClient (GrpcClientProtocolClient.java:onNext(255)) - client-19C32667576E->48affcab-e6e4-4602-963a-f6a50efbd54c: receive RaftClientReply:client-19C32667576E->48affcab-e6e4-4602-963a-f6a50efbd54c@group-50C56EAF5137, cid=1386, SUCCESS, logIndex=1968, commits[48affcab-e6e4-4602-963a-f6a50efbd54c:c1969, 7e391b60-07ae-4d97-a027-4756e468c032:c1963, c5f86d96-67df-4f25-bde3-316f439d30b3:c1967]
2019-08-23 18:28:58,803 [grpc-default-executor-0] INFO  client.GrpcClientProtocolClient (GrpcClientProtocolClient.java:onNext(255)) - client-19C32667576E->48affcab-e6e4-4602-963a-f6a50efbd54c: receive RaftClientReply:client-19C32667576E->48affcab-e6e4-4602-963a-f6a50efbd54c@group-50C56EAF5137, cid=1387, SUCCESS, logIndex=1969, commits[48affcab-e6e4-4602-963a-f6a50efbd54c:c1969, 7e391b60-07ae-4d97-a027-4756e468c032:c1967, c5f86d96-67df-4f25-bde3-316f439d30b3:c1967]
2019-08-23 18:28:58,804 | INFO  | DNAudit | user=null | ip=null | op=WRITE_CHUNK {blockData=conID: 1 locID: 102667710546575842 bcsId: 1963} | ret=SUCCESS |  
2019-08-23 18:28:58,804 | INFO  | DNAudit | user=null | ip=null | op=WRITE_CHUNK {blockData=conID: 1 locID: 102667710546575842 bcsId: 1963} | ret=SUCCESS |  
2019-08-23 18:28:58,804 | INFO  | DNAudit | user=null | ip=null | op=PUT_BLOCK {blockData=[blockId=conID: 1 locID: 102667710546575842 bcsId: 0,size=3145728]} | ret=SUCCESS |  
2019-08-23 18:28:58,804 | INFO  | DNAudit | user=null | ip=null | op=PUT_BLOCK {blockData=[blockId=conID: 1 locID: 102667710546575842 bcsId: 0,size=3145728]} | ret=SUCCESS |  
2019-08-23 18:28:58,809 | INFO  | DNAudit | user=null | ip=null | op=WRITE_CHUNK {blockData=conID: 1 locID: 102667710546575842 bcsId: 1969} | ret=SUCCESS |  
2019-08-23 18:28:58,811 | INFO  | DNAudit | user=null | ip=null | op=WRITE_CHUNK {blockData=conID: 1 locID: 102667710546575842 bcsId: 1969} | ret=SUCCESS |  
2019-08-23 18:28:58,811 | INFO  | DNAudit | user=null | ip=null | op=WRITE_CHUNK {blockData=conID: 1 locID: 102667710546575842 bcsId: 1969} | ret=SUCCESS |  
2019-08-23 18:28:58,822 | INFO  | DNAudit | user=null | ip=null | op=WRITE_CHUNK {blockData=conID: 1 locID: 102667710546575842 bcsId: 1969} | ret=SUCCESS |  
2019-08-23 18:28:58,822 | INFO  | DNAudit | user=null | ip=null | op=PUT_BLOCK {blockData=[blockId=conID: 1 locID: 102667710546575842 bcsId: 0,size=4194304]} | ret=SUCCESS |  
2019-08-23 18:28:58,822 [grpc-default-executor-0] INFO  client.GrpcClientProtocolClient (GrpcClientProtocolClient.java:onNext(255)) - client-19C32667576E->48affcab-e6e4-4602-963a-f6a50efbd54c: receive RaftClientReply:client-19C32667576E->48affcab-e6e4-4602-963a-f6a50efbd54c@group-50C56EAF5137, cid=1388, SUCCESS, logIndex=1972, commits[48affcab-e6e4-4602-963a-f6a50efbd54c:c1973, 7e391b60-07ae-4d97-a027-4756e468c032:c1971, c5f86d96-67df-4f25-bde3-316f439d30b3:c1971]
2019-08-23 18:28:58,823 [grpc-default-executor-0] INFO  client.GrpcClientProtocolClient (GrpcClientProtocolClient.java:onNext(255)) - client-19C32667576E->48affcab-e6e4-4602-963a-f6a50efbd54c: receive RaftClientReply:client-19C32667576E->48affcab-e6e4-4602-963a-f6a50efbd54c@group-50C56EAF5137, cid=1389, SUCCESS, logIndex=1973, commits[48affcab-e6e4-4602-963a-f6a50efbd54c:c1973, 7e391b60-07ae-4d97-a027-4756e468c032:c1971, c5f86d96-67df-4f25-bde3-316f439d30b3:c1971]
2019-08-23 18:28:58,833 | INFO  | DNAudit | user=null | ip=null | op=WRITE_CHUNK {blockData=conID: 1 locID: 102667710546575842 bcsId: 1969} | ret=SUCCESS |  
2019-08-23 18:28:58,833 | INFO  | DNAudit | user=null | ip=null | op=WRITE_CHUNK {blockData=conID: 1 locID: 102667710546575842 bcsId: 1969} | ret=SUCCESS |  
2019-08-23 18:28:58,834 | INFO  | DNAudit | user=null | ip=null | op=PUT_BLOCK {blockData=[blockId=conID: 1 locID: 102667710546575842 bcsId: 0,size=4194304]} | ret=SUCCESS |  
2019-08-23 18:28:58,834 | INFO  | DNAudit | user=null | ip=null | op=PUT_BLOCK {blockData=[blockId=conID: 1 locID: 102667710546575842 bcsId: 0,size=4194304]} | ret=SUCCESS |  
2019-08-23 18:28:58,834 [grpc-default-executor-0] INFO  client.GrpcClientProtocolClient (GrpcClientProtocolClient.java:onNext(255)) - client-19C32667576E->48affcab-e6e4-4602-963a-f6a50efbd54c: receive RaftClientReply:client-19C32667576E->48affcab-e6e4-4602-963a-f6a50efbd54c@group-50C56EAF5137, cid=1390, SUCCESS, logIndex=0, commits[48affcab-e6e4-4602-963a-f6a50efbd54c:c1974, 7e391b60-07ae-4d97-a027-4756e468c032:c1973, c5f86d96-67df-4f25-bde3-316f439d30b3:c1973]
2019-08-23 18:28:58,838 | INFO  | SCMAudit | user=jenkins1000 | ip=192.168.34.23 | op=ALLOCATE_BLOCK {owner=1ceb8b80-28f1-43fd-86c3-175afc07b8d1, size=4194304, type=RATIS, factor=THREE} | ret=SUCCESS |  
2019-08-23 18:28:58,840 | INFO  | OMAudit | user=jenkins1000 | ip=127.0.0.1 | op=ALLOCATE_BLOCK {volume=vol-0-45438, bucket=bucket-0-23891, key=key-0-22455, dataSize=0, replicationType=null, replicationFactor=null, keyLocationInfo=null, clientID=102667710122492306} | ret=SUCCESS |  
2019-08-23 18:28:58,846 | INFO  | DNAudit | user=null | ip=null | op=WRITE_CHUNK {blockData=conID: 2 locID: 102667710551687651 bcsId: 0} | ret=SUCCESS |  
2019-08-23 18:28:58,848 | INFO  | DNAudit | user=null | ip=null | op=WRITE_CHUNK {blockData=conID: 2 locID: 102667710551687651 bcsId: 0} | ret=SUCCESS |  
2019-08-23 18:28:58,849 | INFO  | DNAudit | user=null | ip=null | op=WRITE_CHUNK {blockData=conID: 2 locID: 102667710551687651 bcsId: 0} | ret=SUCCESS |  
2019-08-23 18:28:58,849 | INFO  | DNAudit | user=null | ip=null | op=WRITE_CHUNK {blockData=conID: 2 locID: 102667710551687651 bcsId: 0} | ret=SUCCESS |  
2019-08-23 18:28:58,851 | INFO  | DNAudit | user=null | ip=null | op=WRITE_CHUNK {blockData=conID: 2 locID: 102667710551687651 bcsId: 0} | ret=SUCCESS |  
2019-08-23 18:28:58,851 | INFO  | DNAudit | user=null | ip=null | op=WRITE_CHUNK {blockData=conID: 2 locID: 102667710551687651 bcsId: 0} | ret=SUCCESS |  
2019-08-23 18:28:58,858 | INFO  | DNAudit | user=null | ip=null | op=WRITE_CHUNK {blockData=conID: 2 locID: 102667710551687651 bcsId: 0} | ret=SUCCESS |  
2019-08-23 18:28:58,859 | INFO  | DNAudit | user=null | ip=null | op=PUT_BLOCK {blockData=[blockId=conID: 2 locID: 102667710551687651 bcsId: 0,size=1048576]} | ret=SUCCESS |  
2019-08-23 18:28:58,859 [grpc-default-executor-4] INFO  client.GrpcClientProtocolClient (GrpcClientProtocolClient.java:onNext(255)) - client-19C32667576E->48affcab-e6e4-4602-963a-f6a50efbd54c: receive RaftClientReply:client-19C32667576E->48affcab-e6e4-4602-963a-f6a50efbd54c@group-50C56EAF5137, cid=1391, SUCCESS, logIndex=1976, commits[48affcab-e6e4-4602-963a-f6a50efbd54c:c1977, 7e391b60-07ae-4d97-a027-4756e468c032:c1975, c5f86d96-67df-4f25-bde3-316f439d30b3:c1975]
2019-08-23 18:28:58,859 | INFO  | DNAudit | user=null | ip=null | op=WRITE_CHUNK {blockData=conID: 2 locID: 102667710551687651 bcsId: 0} | ret=SUCCESS |  
2019-08-23 18:28:58,860 [grpc-default-executor-3] INFO  client.GrpcClientProtocolClient (GrpcClientProtocolClient.java:onNext(255)) - client-19C32667576E->48affcab-e6e4-4602-963a-f6a50efbd54c: receive RaftClientReply:client-19C32667576E->48affcab-e6e4-4602-963a-f6a50efbd54c@group-50C56EAF5137, cid=1392, SUCCESS, logIndex=1977, commits[48affcab-e6e4-4602-963a-f6a50efbd54c:c1977, 7e391b60-07ae-4d97-a027-4756e468c032:c1975, c5f86d96-67df-4f25-bde3-316f439d30b3:c1975]
2019-08-23 18:28:58,860 | INFO  | DNAudit | user=null | ip=null | op=PUT_BLOCK {blockData=[blockId=conID: 2 locID: 102667710551687651 bcsId: 0,size=2097152]} | ret=SUCCESS |  
2019-08-23 18:28:58,860 | INFO  | DNAudit | user=null | ip=null | op=WRITE_CHUNK {blockData=conID: 2 locID: 102667710551687651 bcsId: 0} | ret=SUCCESS |  
2019-08-23 18:28:58,860 | INFO  | DNAudit | user=null | ip=null | op=WRITE_CHUNK {blockData=conID: 2 locID: 102667710551687651 bcsId: 0} | ret=SUCCESS |  
2019-08-23 18:28:58,861 | INFO  | DNAudit | user=null | ip=null | op=PUT_BLOCK {blockData=[blockId=conID: 2 locID: 102667710551687651 bcsId: 0,size=1048576]} | ret=SUCCESS |  
2019-08-23 18:28:58,861 | INFO  | DNAudit | user=null | ip=null | op=PUT_BLOCK {blockData=[blockId=conID: 2 locID: 102667710551687651 bcsId: 0,size=1048576]} | ret=SUCCESS |  
2019-08-23 18:28:58,861 [grpc-default-executor-4] INFO  client.GrpcClientProtocolClient (GrpcClientProtocolClient.java:onNext(255)) - client-19C32667576E->48affcab-e6e4-4602-963a-f6a50efbd54c: receive RaftClientReply:client-19C32667576E->48affcab-e6e4-4602-963a-f6a50efbd54c@group-50C56EAF5137, cid=1393, SUCCESS, logIndex=1978, commits[48affcab-e6e4-4602-963a-f6a50efbd54c:c1979, 7e391b60-07ae-4d97-a027-4756e468c032:c1975, c5f86d96-67df-4f25-bde3-316f439d30b3:c1975]
2019-08-23 18:28:58,861 [grpc-default-executor-4] INFO  client.GrpcClientProtocolClient (GrpcClientProtocolClient.java:onNext(255)) - client-19C32667576E->48affcab-e6e4-4602-963a-f6a50efbd54c: receive RaftClientReply:client-19C32667576E->48affcab-e6e4-4602-963a-f6a50efbd54c@group-50C56EAF5137, cid=1394, SUCCESS, logIndex=1979, commits[48affcab-e6e4-4602-963a-f6a50efbd54c:c1979, 7e391b60-07ae-4d97-a027-4756e468c032:c1975, c5f86d96-67df-4f25-bde3-316f439d30b3:c1975]
2019-08-23 18:28:58,862 | INFO  | DNAudit | user=null | ip=null | op=WRITE_CHUNK {blockData=conID: 2 locID: 102667710551687651 bcsId: 0} | ret=SUCCESS |  
2019-08-23 18:28:58,862 | INFO  | DNAudit | user=null | ip=null | op=WRITE_CHUNK {blockData=conID: 2 locID: 102667710551687651 bcsId: 0} | ret=SUCCESS |  
2019-08-23 18:28:58,862 | INFO  | DNAudit | user=null | ip=null | op=PUT_BLOCK {blockData=[blockId=conID: 2 locID: 102667710551687651 bcsId: 0,size=2097152]} | ret=SUCCESS |  
2019-08-23 18:28:58,862 | INFO  | DNAudit | user=null | ip=null | op=PUT_BLOCK {blockData=[blockId=conID: 2 locID: 102667710551687651 bcsId: 0,size=2097152]} | ret=SUCCESS |  
2019-08-23 18:28:58,862 [grpc-default-executor-4] INFO  client.GrpcClientProtocolClient (GrpcClientProtocolClient.java:onNext(255)) - client-19C32667576E->48affcab-e6e4-4602-963a-f6a50efbd54c: receive RaftClientReply:client-19C32667576E->48affcab-e6e4-4602-963a-f6a50efbd54c@group-50C56EAF5137, cid=1395, SUCCESS, logIndex=0, commits[48affcab-e6e4-4602-963a-f6a50efbd54c:c1981, 7e391b60-07ae-4d97-a027-4756e468c032:c1977, c5f86d96-67df-4f25-bde3-316f439d30b3:c1977]
2019-08-23 18:28:58,867 | INFO  | DNAudit | user=null | ip=null | op=WRITE_CHUNK {blockData=conID: 2 locID: 102667710551687651 bcsId: 1979} | ret=SUCCESS |  
2019-08-23 18:28:58,869 | INFO  | DNAudit | user=null | ip=null | op=WRITE_CHUNK {blockData=conID: 2 locID: 102667710551687651 bcsId: 1979} | ret=SUCCESS |  
2019-08-23 18:28:58,869 | INFO  | DNAudit | user=null | ip=null | op=WRITE_CHUNK {blockData=conID: 2 locID: 102667710551687651 bcsId: 1979} | ret=SUCCESS |  
2019-08-23 18:28:58,880 | INFO  | DNAudit | user=null | ip=null | op=WRITE_CHUNK {blockData=conID: 2 locID: 102667710551687651 bcsId: 1979} | ret=SUCCESS |  
2019-08-23 18:28:58,880 | INFO  | DNAudit | user=null | ip=null | op=PUT_BLOCK {blockData=[blockId=conID: 2 locID: 102667710551687651 bcsId: 0,size=3145728]} | ret=SUCCESS |  
2019-08-23 18:28:58,880 [grpc-default-executor-0] INFO  client.GrpcClientProtocolClient (GrpcClientProtocolClient.java:onNext(255)) - client-19C32667576E->48affcab-e6e4-4602-963a-f6a50efbd54c: receive RaftClientReply:client-19C32667576E->48affcab-e6e4-4602-963a-f6a50efbd54c@group-50C56EAF5137, cid=1396, SUCCESS, logIndex=1983, commits[48affcab-e6e4-4602-963a-f6a50efbd54c:c1984, 7e391b60-07ae-4d97-a027-4756e468c032:c1982, c5f86d96-67df-4f25-bde3-316f439d30b3:c1982]
2019-08-23 18:28:58,880 [grpc-default-executor-0] INFO  client.GrpcClientProtocolClient (GrpcClientProtocolClient.java:onNext(255)) - client-19C32667576E->48affcab-e6e4-4602-963a-f6a50efbd54c: receive RaftClientReply:client-19C32667576E->48affcab-e6e4-4602-963a-f6a50efbd54c@group-50C56EAF5137, cid=1397, SUCCESS, logIndex=1984, commits[48affcab-e6e4-4602-963a-f6a50efbd54c:c1984, 7e391b60-07ae-4d97-a027-4756e468c032:c1982, c5f86d96-67df-4f25-bde3-316f439d30b3:c1982]
2019-08-23 18:28:58,886 | INFO  | DNAudit | user=null | ip=null | op=WRITE_CHUNK {blockData=conID: 2 locID: 102667710551687651 bcsId: 1984} | ret=SUCCESS |  
2019-08-23 18:28:58,889 | INFO  | DNAudit | user=null | ip=null | op=WRITE_CHUNK {blockData=conID: 2 locID: 102667710551687651 bcsId: 1984} | ret=SUCCESS |  
2019-08-23 18:28:58,889 | INFO  | DNAudit | user=null | ip=null | op=WRITE_CHUNK {blockData=conID: 2 locID: 102667710551687651 bcsId: 1984} | ret=SUCCESS |  
2019-08-23 18:28:58,891 | INFO  | DNAudit | user=null | ip=null | op=WRITE_CHUNK {blockData=conID: 2 locID: 102667710551687651 bcsId: 1979} | ret=SUCCESS |  
2019-08-23 18:28:58,891 | INFO  | DNAudit | user=null | ip=null | op=WRITE_CHUNK {blockData=conID: 2 locID: 102667710551687651 bcsId: 1979} | ret=SUCCESS |  
2019-08-23 18:28:58,891 | INFO  | DNAudit | user=null | ip=null | op=PUT_BLOCK {blockData=[blockId=conID: 2 locID: 102667710551687651 bcsId: 0,size=3145728]} | ret=SUCCESS |  
2019-08-23 18:28:58,891 | INFO  | DNAudit | user=null | ip=null | op=PUT_BLOCK {blockData=[blockId=conID: 2 locID: 102667710551687651 bcsId: 0,size=3145728]} | ret=SUCCESS |  
2019-08-23 18:28:58,892 | INFO  | DNAudit | user=null | ip=null | op=WRITE_CHUNK {blockData=conID: 2 locID: 102667710551687651 bcsId: 1984} | ret=SUCCESS |  
2019-08-23 18:28:58,893 | INFO  | DNAudit | user=null | ip=null | op=PUT_BLOCK {blockData=[blockId=conID: 2 locID: 102667710551687651 bcsId: 0,size=4194304]} | ret=SUCCESS |  
2019-08-23 18:28:58,893 [grpc-default-executor-0] INFO  client.GrpcClientProtocolClient (GrpcClientProtocolClient.java:onNext(255)) - client-19C32667576E->48affcab-e6e4-4602-963a-f6a50efbd54c: receive RaftClientReply:client-19C32667576E->48affcab-e6e4-4602-963a-f6a50efbd54c@group-50C56EAF5137, cid=1398, SUCCESS, logIndex=1987, commits[48affcab-e6e4-4602-963a-f6a50efbd54c:c1987, 7e391b60-07ae-4d97-a027-4756e468c032:c1984, c5f86d96-67df-4f25-bde3-316f439d30b3:c1984]
2019-08-23 18:28:58,893 [grpc-default-executor-0] INFO  client.GrpcClientProtocolClient (GrpcClientProtocolClient.java:onNext(255)) - client-19C32667576E->48affcab-e6e4-4602-963a-f6a50efbd54c: receive RaftClientReply:client-19C32667576E->48affcab-e6e4-4602-963a-f6a50efbd54c@group-50C56EAF5137, cid=1399, SUCCESS, logIndex=1988, commits[48affcab-e6e4-4602-963a-f6a50efbd54c:c1988, 7e391b60-07ae-4d97-a027-4756e468c032:c1984, c5f86d96-67df-4f25-bde3-316f439d30b3:c1984]
2019-08-23 18:28:58,904 | INFO  | DNAudit | user=null | ip=null | op=WRITE_CHUNK {blockData=conID: 2 locID: 102667710551687651 bcsId: 1984} | ret=SUCCESS |  
2019-08-23 18:28:58,904 | INFO  | DNAudit | user=null | ip=null | op=WRITE_CHUNK {blockData=conID: 2 locID: 102667710551687651 bcsId: 1984} | ret=SUCCESS |  
2019-08-23 18:28:58,905 | INFO  | DNAudit | user=null | ip=null | op=PUT_BLOCK {blockData=[blockId=conID: 2 locID: 102667710551687651 bcsId: 0,size=4194304]} | ret=SUCCESS |  
2019-08-23 18:28:58,905 | INFO  | DNAudit | user=null | ip=null | op=PUT_BLOCK {blockData=[blockId=conID: 2 locID: 102667710551687651 bcsId: 0,size=4194304]} | ret=SUCCESS |  
2019-08-23 18:28:58,906 [grpc-default-executor-0] INFO  client.GrpcClientProtocolClient (GrpcClientProtocolClient.java:onNext(255)) - client-19C32667576E->48affcab-e6e4-4602-963a-f6a50efbd54c: receive RaftClientReply:client-19C32667576E->48affcab-e6e4-4602-963a-f6a50efbd54c@group-50C56EAF5137, cid=1400, SUCCESS, logIndex=0, commits[48affcab-e6e4-4602-963a-f6a50efbd54c:c1990, 7e391b60-07ae-4d97-a027-4756e468c032:c1988, c5f86d96-67df-4f25-bde3-316f439d30b3:c1988]
2019-08-23 18:28:58,910 | INFO  | SCMAudit | user=jenkins1000 | ip=192.168.34.23 | op=ALLOCATE_BLOCK {owner=1ceb8b80-28f1-43fd-86c3-175afc07b8d1, size=4194304, type=RATIS, factor=THREE} | ret=SUCCESS |  
2019-08-23 18:28:58,913 | INFO  | OMAudit | user=jenkins1000 | ip=127.0.0.1 | op=ALLOCATE_BLOCK {volume=vol-0-45438, bucket=bucket-0-23891, key=key-0-22455, dataSize=0, replicationType=null, replicationFactor=null, keyLocationInfo=null, clientID=102667710122492306} | ret=SUCCESS |  
2019-08-23 18:28:58,921 | INFO  | DNAudit | user=null | ip=null | op=WRITE_CHUNK {blockData=conID: 3 locID: 102667710556406244 bcsId: 0} | ret=SUCCESS |  
2019-08-23 18:28:58,924 | INFO  | DNAudit | user=null | ip=null | op=WRITE_CHUNK {blockData=conID: 3 locID: 102667710556406244 bcsId: 0} | ret=SUCCESS |  
2019-08-23 18:28:58,924 | INFO  | DNAudit | user=null | ip=null | op=WRITE_CHUNK {blockData=conID: 3 locID: 102667710556406244 bcsId: 0} | ret=SUCCESS |  
2019-08-23 18:28:58,924 | INFO  | DNAudit | user=null | ip=null | op=WRITE_CHUNK {blockData=conID: 3 locID: 102667710556406244 bcsId: 0} | ret=SUCCESS |  
2019-08-23 18:28:58,927 | INFO  | DNAudit | user=null | ip=null | op=WRITE_CHUNK {blockData=conID: 3 locID: 102667710556406244 bcsId: 0} | ret=SUCCESS |  
2019-08-23 18:28:58,927 | INFO  | DNAudit | user=null | ip=null | op=WRITE_CHUNK {blockData=conID: 3 locID: 102667710556406244 bcsId: 0} | ret=SUCCESS |  
2019-08-23 18:28:58,935 | INFO  | DNAudit | user=null | ip=null | op=WRITE_CHUNK {blockData=conID: 3 locID: 102667710556406244 bcsId: 0} | ret=SUCCESS |  
2019-08-23 18:28:58,936 | INFO  | DNAudit | user=null | ip=null | op=PUT_BLOCK {blockData=[blockId=conID: 3 locID: 102667710556406244 bcsId: 0,size=1048576]} | ret=SUCCESS |  
2019-08-23 18:28:58,936 | INFO  | DNAudit | user=null | ip=null | op=WRITE_CHUNK {blockData=conID: 3 locID: 102667710556406244 bcsId: 0} | ret=SUCCESS |  
2019-08-23 18:28:58,936 [grpc-default-executor-0] INFO  client.GrpcClientProtocolClient (GrpcClientProtocolClient.java:onNext(255)) - client-19C32667576E->48affcab-e6e4-4602-963a-f6a50efbd54c: receive RaftClientReply:client-19C32667576E->48affcab-e6e4-4602-963a-f6a50efbd54c@group-50C56EAF5137, cid=1401, SUCCESS, logIndex=1991, commits[48affcab-e6e4-4602-963a-f6a50efbd54c:c1993, 7e391b60-07ae-4d97-a027-4756e468c032:c1990, c5f86d96-67df-4f25-bde3-316f439d30b3:c1990]
2019-08-23 18:28:58,936 | INFO  | DNAudit | user=null | ip=null | op=PUT_BLOCK {blockData=[blockId=conID: 3 locID: 102667710556406244 bcsId: 0,size=2097152]} | ret=SUCCESS |  
2019-08-23 18:28:58,937 [grpc-default-executor-0] INFO  client.GrpcClientProtocolClient (GrpcClientProtocolClient.java:onNext(255)) - client-19C32667576E->48affcab-e6e4-4602-963a-f6a50efbd54c: receive RaftClientReply:client-19C32667576E->48affcab-e6e4-4602-963a-f6a50efbd54c@group-50C56EAF5137, cid=1402, SUCCESS, logIndex=1992, commits[48affcab-e6e4-4602-963a-f6a50efbd54c:c1994, 7e391b60-07ae-4d97-a027-4756e468c032:c1990, c5f86d96-67df-4f25-bde3-316f439d30b3:c1990]
2019-08-23 18:28:58,937 | INFO  | DNAudit | user=null | ip=null | op=WRITE_CHUNK {blockData=conID: 3 locID: 102667710556406244 bcsId: 0} | ret=SUCCESS |  
2019-08-23 18:28:58,937 [grpc-default-executor-0] INFO  client.GrpcClientProtocolClient (GrpcClientProtocolClient.java:onNext(255)) - client-19C32667576E->48affcab-e6e4-4602-963a-f6a50efbd54c: receive RaftClientReply:client-19C32667576E->48affcab-e6e4-4602-963a-f6a50efbd54c@group-50C56EAF5137, cid=1403, SUCCESS, logIndex=1993, commits[48affcab-e6e4-4602-963a-f6a50efbd54c:c1994, 7e391b60-07ae-4d97-a027-4756e468c032:c1990, c5f86d96-67df-4f25-bde3-316f439d30b3:c1990]
2019-08-23 18:28:58,937 | INFO  | DNAudit | user=null | ip=null | op=WRITE_CHUNK {blockData=conID: 3 locID: 102667710556406244 bcsId: 0} | ret=SUCCESS |  
2019-08-23 18:28:58,937 | INFO  | DNAudit | user=null | ip=null | op=PUT_BLOCK {blockData=[blockId=conID: 3 locID: 102667710556406244 bcsId: 0,size=1048576]} | ret=SUCCESS |  
2019-08-23 18:28:58,937 | INFO  | DNAudit | user=null | ip=null | op=PUT_BLOCK {blockData=[blockId=conID: 3 locID: 102667710556406244 bcsId: 0,size=1048576]} | ret=SUCCESS |  
2019-08-23 18:28:58,938 [grpc-default-executor-0] INFO  client.GrpcClientProtocolClient (GrpcClientProtocolClient.java:onNext(255)) - client-19C32667576E->48affcab-e6e4-4602-963a-f6a50efbd54c: receive RaftClientReply:client-19C32667576E->48affcab-e6e4-4602-963a-f6a50efbd54c@group-50C56EAF5137, cid=1404, SUCCESS, logIndex=1994, commits[48affcab-e6e4-4602-963a-f6a50efbd54c:c1994, 7e391b60-07ae-4d97-a027-4756e468c032:c1990, c5f86d96-67df-4f25-bde3-316f439d30b3:c1990]
2019-08-23 18:28:58,938 | INFO  | DNAudit | user=null | ip=null | op=WRITE_CHUNK {blockData=conID: 3 locID: 102667710556406244 bcsId: 0} | ret=SUCCESS |  
2019-08-23 18:28:58,939 | INFO  | DNAudit | user=null | ip=null | op=PUT_BLOCK {blockData=[blockId=conID: 3 locID: 102667710556406244 bcsId: 0,size=2097152]} | ret=SUCCESS |  
2019-08-23 18:28:58,939 | INFO  | DNAudit | user=null | ip=null | op=WRITE_CHUNK {blockData=conID: 3 locID: 102667710556406244 bcsId: 0} | ret=SUCCESS |  
2019-08-23 18:28:58,939 | INFO  | DNAudit | user=null | ip=null | op=PUT_BLOCK {blockData=[blockId=conID: 3 locID: 102667710556406244 bcsId: 0,size=2097152]} | ret=SUCCESS |  
2019-08-23 18:28:58,940 [grpc-default-executor-0] INFO  client.GrpcClientProtocolClient (GrpcClientProtocolClient.java:onNext(255)) - client-19C32667576E->48affcab-e6e4-4602-963a-f6a50efbd54c: receive RaftClientReply:client-19C32667576E->48affcab-e6e4-4602-963a-f6a50efbd54c@group-50C56EAF5137, cid=1405, SUCCESS, logIndex=0, commits[48affcab-e6e4-4602-963a-f6a50efbd54c:c1995, 7e391b60-07ae-4d97-a027-4756e468c032:c1992, c5f86d96-67df-4f25-bde3-316f439d30b3:c1992]
2019-08-23 18:28:58,948 | INFO  | DNAudit | user=null | ip=null | op=WRITE_CHUNK {blockData=conID: 3 locID: 102667710556406244 bcsId: 1994} | ret=SUCCESS |  
2019-08-23 18:28:58,951 | INFO  | DNAudit | user=null | ip=null | op=WRITE_CHUNK {blockData=conID: 3 locID: 102667710556406244 bcsId: 1994} | ret=SUCCESS |  
2019-08-23 18:28:58,951 | INFO  | DNAudit | user=null | ip=null | op=WRITE_CHUNK {blockData=conID: 3 locID: 102667710556406244 bcsId: 1994} | ret=SUCCESS |  
2019-08-23 18:28:58,953 | INFO  | DNAudit | user=null | ip=null | op=WRITE_CHUNK {blockData=conID: 3 locID: 102667710556406244 bcsId: 1994} | ret=SUCCESS |  
2019-08-23 18:28:58,954 | INFO  | DNAudit | user=null | ip=null | op=PUT_BLOCK {blockData=[blockId=conID: 3 locID: 102667710556406244 bcsId: 0,size=3145728]} | ret=SUCCESS |  
2019-08-23 18:28:58,954 [grpc-default-executor-0] INFO  client.GrpcClientProtocolClient (GrpcClientProtocolClient.java:onNext(255)) - client-19C32667576E->48affcab-e6e4-4602-963a-f6a50efbd54c: receive RaftClientReply:client-19C32667576E->48affcab-e6e4-4602-963a-f6a50efbd54c@group-50C56EAF5137, cid=1406, SUCCESS, logIndex=1999, commits[48affcab-e6e4-4602-963a-f6a50efbd54c:c2000, 7e391b60-07ae-4d97-a027-4756e468c032:c1998, c5f86d96-67df-4f25-bde3-316f439d30b3:c1994]
2019-08-23 18:28:58,954 [grpc-default-executor-0] INFO  client.GrpcClientProtocolClient (GrpcClientProtocolClient.java:onNext(255)) - client-19C32667576E->48affcab-e6e4-4602-963a-f6a50efbd54c: receive RaftClientReply:client-19C32667576E->48affcab-e6e4-4602-963a-f6a50efbd54c@group-50C56EAF5137, cid=1407, SUCCESS, logIndex=2000, commits[48affcab-e6e4-4602-963a-f6a50efbd54c:c2000, 7e391b60-07ae-4d97-a027-4756e468c032:c1998, c5f86d96-67df-4f25-bde3-316f439d30b3:c1998]
2019-08-23 18:28:58,955 | INFO  | DNAudit | user=null | ip=null | op=WRITE_CHUNK {blockData=conID: 3 locID: 102667710556406244 bcsId: 1994} | ret=SUCCESS |  
2019-08-23 18:28:58,955 | INFO  | DNAudit | user=null | ip=null | op=PUT_BLOCK {blockData=[blockId=conID: 3 locID: 102667710556406244 bcsId: 0,size=3145728]} | ret=SUCCESS |  
2019-08-23 18:28:58,955 | INFO  | DNAudit | user=null | ip=null | op=WRITE_CHUNK {blockData=conID: 3 locID: 102667710556406244 bcsId: 1994} | ret=SUCCESS |  
2019-08-23 18:28:58,955 | INFO  | DNAudit | user=null | ip=null | op=PUT_BLOCK {blockData=[blockId=conID: 3 locID: 102667710556406244 bcsId: 0,size=3145728]} | ret=SUCCESS |  
2019-08-23 18:28:58,962 | INFO  | DNAudit | user=null | ip=null | op=WRITE_CHUNK {blockData=conID: 3 locID: 102667710556406244 bcsId: 2000} | ret=SUCCESS |  
2019-08-23 18:28:58,964 | INFO  | DNAudit | user=null | ip=null | op=WRITE_CHUNK {blockData=conID: 3 locID: 102667710556406244 bcsId: 2000} | ret=SUCCESS |  
2019-08-23 18:28:58,965 | INFO  | DNAudit | user=null | ip=null | op=WRITE_CHUNK {blockData=conID: 3 locID: 102667710556406244 bcsId: 2000} | ret=SUCCESS |  
2019-08-23 18:28:58,974 | INFO  | DNAudit | user=null | ip=null | op=WRITE_CHUNK {blockData=conID: 3 locID: 102667710556406244 bcsId: 2000} | ret=SUCCESS |  
2019-08-23 18:28:58,975 | INFO  | DNAudit | user=null | ip=null | op=PUT_BLOCK {blockData=[blockId=conID: 3 locID: 102667710556406244 bcsId: 0,size=4194304]} | ret=SUCCESS |  
2019-08-23 18:28:58,975 [grpc-default-executor-0] INFO  client.GrpcClientProtocolClient (GrpcClientProtocolClient.java:onNext(255)) - client-19C32667576E->48affcab-e6e4-4602-963a-f6a50efbd54c: receive RaftClientReply:client-19C32667576E->48affcab-e6e4-4602-963a-f6a50efbd54c@group-50C56EAF5137, cid=1408, SUCCESS, logIndex=2003, commits[48affcab-e6e4-4602-963a-f6a50efbd54c:c2004, 7e391b60-07ae-4d97-a027-4756e468c032:c2002, c5f86d96-67df-4f25-bde3-316f439d30b3:c2002]
2019-08-23 18:28:58,975 [grpc-default-executor-0] INFO  client.GrpcClientProtocolClient (GrpcClientProtocolClient.java:onNext(255)) - client-19C32667576E->48affcab-e6e4-4602-963a-f6a50efbd54c: receive RaftClientReply:client-19C32667576E->48affcab-e6e4-4602-963a-f6a50efbd54c@group-50C56EAF5137, cid=1409, SUCCESS, logIndex=2004, commits[48affcab-e6e4-4602-963a-f6a50efbd54c:c2004, 7e391b60-07ae-4d97-a027-4756e468c032:c2002, c5f86d96-67df-4f25-bde3-316f439d30b3:c2002]
2019-08-23 18:28:58,980 | INFO  | DNAudit | user=null | ip=null | op=WRITE_CHUNK {blockData=conID: 3 locID: 102667710556406244 bcsId: 2000} | ret=SUCCESS |  
2019-08-23 18:28:58,980 | INFO  | DNAudit | user=null | ip=null | op=WRITE_CHUNK {blockData=conID: 3 locID: 102667710556406244 bcsId: 2000} | ret=SUCCESS |  
2019-08-23 18:28:58,980 | INFO  | DNAudit | user=null | ip=null | op=PUT_BLOCK {blockData=[blockId=conID: 3 locID: 102667710556406244 bcsId: 0,size=4194304]} | ret=SUCCESS |  
2019-08-23 18:28:58,980 | INFO  | DNAudit | user=null | ip=null | op=PUT_BLOCK {blockData=[blockId=conID: 3 locID: 102667710556406244 bcsId: 0,size=4194304]} | ret=SUCCESS |  
2019-08-23 18:28:58,981 [grpc-default-executor-0] INFO  client.GrpcClientProtocolClient (GrpcClientProtocolClient.java:onNext(255)) - client-19C32667576E->48affcab-e6e4-4602-963a-f6a50efbd54c: receive RaftClientReply:client-19C32667576E->48affcab-e6e4-4602-963a-f6a50efbd54c@group-50C56EAF5137, cid=1410, SUCCESS, logIndex=0, commits[48affcab-e6e4-4602-963a-f6a50efbd54c:c2005, 7e391b60-07ae-4d97-a027-4756e468c032:c2004, c5f86d96-67df-4f25-bde3-316f439d30b3:c2004]
2019-08-23 18:28:58,985 | INFO  | SCMAudit | user=jenkins1000 | ip=192.168.34.23 | op=ALLOCATE_BLOCK {owner=1ceb8b80-28f1-43fd-86c3-175afc07b8d1, size=4194304, type=RATIS, factor=THREE} | ret=SUCCESS |  
2019-08-23 18:28:58,987 | INFO  | OMAudit | user=jenkins1000 | ip=127.0.0.1 | op=ALLOCATE_BLOCK {volume=vol-0-45438, bucket=bucket-0-23891, key=key-0-22455, dataSize=0, replicationType=null, replicationFactor=null, keyLocationInfo=null, clientID=102667710122492306} | ret=SUCCESS |  
2019-08-23 18:28:58,995 | INFO  | DNAudit | user=null | ip=null | op=WRITE_CHUNK {blockData=conID: 1 locID: 102667710561255909 bcsId: 0} | ret=SUCCESS |  
2019-08-23 18:28:58,997 | INFO  | DNAudit | user=null | ip=null | op=WRITE_CHUNK {blockData=conID: 1 locID: 102667710561255909 bcsId: 0} | ret=SUCCESS |  
2019-08-23 18:28:58,998 | INFO  | DNAudit | user=null | ip=null | op=WRITE_CHUNK {blockData=conID: 1 locID: 102667710561255909 bcsId: 0} | ret=SUCCESS |  
2019-08-23 18:28:58,998 | INFO  | DNAudit | user=null | ip=null | op=WRITE_CHUNK {blockData=conID: 1 locID: 102667710561255909 bcsId: 0} | ret=SUCCESS |  
2019-08-23 18:28:59,000 | INFO  | DNAudit | user=null | ip=null | op=WRITE_CHUNK {blockData=conID: 1 locID: 102667710561255909 bcsId: 0} | ret=SUCCESS |  
2019-08-23 18:28:59,001 | INFO  | DNAudit | user=null | ip=null | op=WRITE_CHUNK {blockData=conID: 1 locID: 102667710561255909 bcsId: 0} | ret=SUCCESS |  
2019-08-23 18:28:59,008 | INFO  | DNAudit | user=null | ip=null | op=WRITE_CHUNK {blockData=conID: 1 locID: 102667710561255909 bcsId: 0} | ret=SUCCESS |  
2019-08-23 18:28:59,008 | INFO  | DNAudit | user=null | ip=null | op=PUT_BLOCK {blockData=[blockId=conID: 1 locID: 102667710561255909 bcsId: 0,size=1048576]} | ret=SUCCESS |  
2019-08-23 18:28:59,009 | INFO  | DNAudit | user=null | ip=null | op=WRITE_CHUNK {blockData=conID: 1 locID: 102667710561255909 bcsId: 0} | ret=SUCCESS |  
2019-08-23 18:28:59,009 [grpc-default-executor-3] INFO  client.GrpcClientProtocolClient (GrpcClientProtocolClient.java:onNext(255)) - client-19C32667576E->48affcab-e6e4-4602-963a-f6a50efbd54c: receive RaftClientReply:client-19C32667576E->48affcab-e6e4-4602-963a-f6a50efbd54c@group-50C56EAF5137, cid=1411, SUCCESS, logIndex=2007, commits[48affcab-e6e4-4602-963a-f6a50efbd54c:c2008, 7e391b60-07ae-4d97-a027-4756e468c032:c2006, c5f86d96-67df-4f25-bde3-316f439d30b3:c2006]
2019-08-23 18:28:59,009 | INFO  | DNAudit | user=null | ip=null | op=PUT_BLOCK {blockData=[blockId=conID: 1 locID: 102667710561255909 bcsId: 0,size=2097152]} | ret=SUCCESS |  
2019-08-23 18:28:59,009 [grpc-default-executor-3] INFO  client.GrpcClientProtocolClient (GrpcClientProtocolClient.java:onNext(255)) - client-19C32667576E->48affcab-e6e4-4602-963a-f6a50efbd54c: receive RaftClientReply:client-19C32667576E->48affcab-e6e4-4602-963a-f6a50efbd54c@group-50C56EAF5137, cid=1412, SUCCESS, logIndex=2008, commits[48affcab-e6e4-4602-963a-f6a50efbd54c:c2010, 7e391b60-07ae-4d97-a027-4756e468c032:c2006, c5f86d96-67df-4f25-bde3-316f439d30b3:c2006]
2019-08-23 18:28:59,010 | INFO  | DNAudit | user=null | ip=null | op=WRITE_CHUNK {blockData=conID: 1 locID: 102667710561255909 bcsId: 0} | ret=SUCCESS |  
2019-08-23 18:28:59,010 | INFO  | DNAudit | user=null | ip=null | op=WRITE_CHUNK {blockData=conID: 1 locID: 102667710561255909 bcsId: 0} | ret=SUCCESS |  
2019-08-23 18:28:59,010 | INFO  | DNAudit | user=null | ip=null | op=PUT_BLOCK {blockData=[blockId=conID: 1 locID: 102667710561255909 bcsId: 0,size=1048576]} | ret=SUCCESS |  
2019-08-23 18:28:59,010 [grpc-default-executor-0] INFO  client.GrpcClientProtocolClient (GrpcClientProtocolClient.java:onNext(255)) - client-19C32667576E->48affcab-e6e4-4602-963a-f6a50efbd54c: receive RaftClientReply:client-19C32667576E->48affcab-e6e4-4602-963a-f6a50efbd54c@group-50C56EAF5137, cid=1413, SUCCESS, logIndex=2009, commits[48affcab-e6e4-4602-963a-f6a50efbd54c:c2010, 7e391b60-07ae-4d97-a027-4756e468c032:c2006, c5f86d96-67df-4f25-bde3-316f439d30b3:c2006]
2019-08-23 18:28:59,010 | INFO  | DNAudit | user=null | ip=null | op=PUT_BLOCK {blockData=[blockId=conID: 1 locID: 102667710561255909 bcsId: 0,size=1048576]} | ret=SUCCESS |  
2019-08-23 18:28:59,010 [grpc-default-executor-0] INFO  client.GrpcClientProtocolClient (GrpcClientProtocolClient.java:onNext(255)) - client-19C32667576E->48affcab-e6e4-4602-963a-f6a50efbd54c: receive RaftClientReply:client-19C32667576E->48affcab-e6e4-4602-963a-f6a50efbd54c@group-50C56EAF5137, cid=1414, SUCCESS, logIndex=2010, commits[48affcab-e6e4-4602-963a-f6a50efbd54c:c2010, 7e391b60-07ae-4d97-a027-4756e468c032:c2006, c5f86d96-67df-4f25-bde3-316f439d30b3:c2006]
2019-08-23 18:28:59,011 | INFO  | DNAudit | user=null | ip=null | op=WRITE_CHUNK {blockData=conID: 1 locID: 102667710561255909 bcsId: 0} | ret=SUCCESS |  
2019-08-23 18:28:59,011 | INFO  | DNAudit | user=null | ip=null | op=WRITE_CHUNK {blockData=conID: 1 locID: 102667710561255909 bcsId: 0} | ret=SUCCESS |  
2019-08-23 18:28:59,011 | INFO  | DNAudit | user=null | ip=null | op=PUT_BLOCK {blockData=[blockId=conID: 1 locID: 102667710561255909 bcsId: 0,size=2097152]} | ret=SUCCESS |  
2019-08-23 18:28:59,011 | INFO  | DNAudit | user=null | ip=null | op=PUT_BLOCK {blockData=[blockId=conID: 1 locID: 102667710561255909 bcsId: 0,size=2097152]} | ret=SUCCESS |  
2019-08-23 18:28:59,011 [grpc-default-executor-0] INFO  client.GrpcClientProtocolClient (GrpcClientProtocolClient.java:onNext(255)) - client-19C32667576E->48affcab-e6e4-4602-963a-f6a50efbd54c: receive RaftClientReply:client-19C32667576E->48affcab-e6e4-4602-963a-f6a50efbd54c@group-50C56EAF5137, cid=1415, SUCCESS, logIndex=0, commits[48affcab-e6e4-4602-963a-f6a50efbd54c:c2011, 7e391b60-07ae-4d97-a027-4756e468c032:c2008, c5f86d96-67df-4f25-bde3-316f439d30b3:c2008]
2019-08-23 18:28:59,019 | INFO  | DNAudit | user=null | ip=null | op=WRITE_CHUNK {blockData=conID: 1 locID: 102667710561255909 bcsId: 2010} | ret=SUCCESS |  
2019-08-23 18:28:59,022 | INFO  | DNAudit | user=null | ip=null | op=WRITE_CHUNK {blockData=conID: 1 locID: 102667710561255909 bcsId: 2010} | ret=SUCCESS |  
2019-08-23 18:28:59,023 | INFO  | DNAudit | user=null | ip=null | op=WRITE_CHUNK {blockData=conID: 1 locID: 102667710561255909 bcsId: 2010} | ret=SUCCESS |  
2019-08-23 18:28:59,032 | INFO  | DNAudit | user=null | ip=null | op=WRITE_CHUNK {blockData=conID: 1 locID: 102667710561255909 bcsId: 2010} | ret=SUCCESS |  
2019-08-23 18:28:59,032 | INFO  | DNAudit | user=null | ip=null | op=PUT_BLOCK {blockData=[blockId=conID: 1 locID: 102667710561255909 bcsId: 0,size=3145728]} | ret=SUCCESS |  
2019-08-23 18:28:59,033 [grpc-default-executor-0] INFO  client.GrpcClientProtocolClient (GrpcClientProtocolClient.java:onNext(255)) - client-19C32667576E->48affcab-e6e4-4602-963a-f6a50efbd54c: receive RaftClientReply:client-19C32667576E->48affcab-e6e4-4602-963a-f6a50efbd54c@group-50C56EAF5137, cid=1416, SUCCESS, logIndex=2015, commits[48affcab-e6e4-4602-963a-f6a50efbd54c:c2016, 7e391b60-07ae-4d97-a027-4756e468c032:c2014, c5f86d96-67df-4f25-bde3-316f439d30b3:c2014]
2019-08-23 18:28:59,033 [grpc-default-executor-0] INFO  client.GrpcClientProtocolClient (GrpcClientProtocolClient.java:onNext(255)) - client-19C32667576E->48affcab-e6e4-4602-963a-f6a50efbd54c: receive RaftClientReply:client-19C32667576E->48affcab-e6e4-4602-963a-f6a50efbd54c@group-50C56EAF5137, cid=1417, SUCCESS, logIndex=2016, commits[48affcab-e6e4-4602-963a-f6a50efbd54c:c2016, 7e391b60-07ae-4d97-a027-4756e468c032:c2014, c5f86d96-67df-4f25-bde3-316f439d30b3:c2014]
2019-08-23 18:28:59,179 | INFO  | DNAudit | user=null | ip=null | op=WRITE_CHUNK {blockData=conID: 1 locID: 102667710561255909 bcsId: 2010} | ret=SUCCESS |  
2019-08-23 18:28:59,179 | INFO  | DNAudit | user=null | ip=null | op=WRITE_CHUNK {blockData=conID: 1 locID: 102667710561255909 bcsId: 2010} | ret=SUCCESS |  
2019-08-23 18:28:59,180 | INFO  | DNAudit | user=null | ip=null | op=PUT_BLOCK {blockData=[blockId=conID: 1 locID: 102667710561255909 bcsId: 0,size=3145728]} | ret=SUCCESS |  
2019-08-23 18:28:59,181 | INFO  | DNAudit | user=null | ip=null | op=WRITE_CHUNK {blockData=conID: 1 locID: 102667710561255909 bcsId: 2016} | ret=SUCCESS |  
2019-08-23 18:28:59,183 | INFO  | DNAudit | user=null | ip=null | op=WRITE_CHUNK {blockData=conID: 1 locID: 102667710561255909 bcsId: 2016} | ret=SUCCESS |  
2019-08-23 18:28:59,183 | INFO  | DNAudit | user=null | ip=null | op=WRITE_CHUNK {blockData=conID: 1 locID: 102667710561255909 bcsId: 2016} | ret=SUCCESS |  
2019-08-23 18:28:59,190 | INFO  | DNAudit | user=null | ip=null | op=PUT_BLOCK {blockData=[blockId=conID: 1 locID: 102667710561255909 bcsId: 0,size=3145728]} | ret=SUCCESS |  
2019-08-23 18:28:59,192 | INFO  | DNAudit | user=null | ip=null | op=WRITE_CHUNK {blockData=conID: 1 locID: 102667710561255909 bcsId: 2016} | ret=SUCCESS |  
2019-08-23 18:28:59,192 | INFO  | DNAudit | user=null | ip=null | op=PUT_BLOCK {blockData=[blockId=conID: 1 locID: 102667710561255909 bcsId: 0,size=4194304]} | ret=SUCCESS |  
2019-08-23 18:28:59,192 [grpc-default-executor-3] INFO  client.GrpcClientProtocolClient (GrpcClientProtocolClient.java:onNext(255)) - client-19C32667576E->48affcab-e6e4-4602-963a-f6a50efbd54c: receive RaftClientReply:client-19C32667576E->48affcab-e6e4-4602-963a-f6a50efbd54c@group-50C56EAF5137, cid=1418, SUCCESS, logIndex=2019, commits[48affcab-e6e4-4602-963a-f6a50efbd54c:c2020, 7e391b60-07ae-4d97-a027-4756e468c032:c2017, c5f86d96-67df-4f25-bde3-316f439d30b3:c2016]
2019-08-23 18:28:59,192 [grpc-default-executor-3] INFO  client.GrpcClientProtocolClient (GrpcClientProtocolClient.java:onNext(255)) - client-19C32667576E->48affcab-e6e4-4602-963a-f6a50efbd54c: receive RaftClientReply:client-19C32667576E->48affcab-e6e4-4602-963a-f6a50efbd54c@group-50C56EAF5137, cid=1419, SUCCESS, logIndex=2020, commits[48affcab-e6e4-4602-963a-f6a50efbd54c:c2020, 7e391b60-07ae-4d97-a027-4756e468c032:c2017, c5f86d96-67df-4f25-bde3-316f439d30b3:c2017]
2019-08-23 18:28:59,193 | INFO  | DNAudit | user=null | ip=null | op=WRITE_CHUNK {blockData=conID: 1 locID: 102667710561255909 bcsId: 2016} | ret=SUCCESS |  
2019-08-23 18:28:59,193 | INFO  | DNAudit | user=null | ip=null | op=PUT_BLOCK {blockData=[blockId=conID: 1 locID: 102667710561255909 bcsId: 0,size=4194304]} | ret=SUCCESS |  
2019-08-23 18:28:59,193 | INFO  | DNAudit | user=null | ip=null | op=WRITE_CHUNK {blockData=conID: 1 locID: 102667710561255909 bcsId: 2016} | ret=SUCCESS |  
2019-08-23 18:28:59,194 | INFO  | DNAudit | user=null | ip=null | op=PUT_BLOCK {blockData=[blockId=conID: 1 locID: 102667710561255909 bcsId: 0,size=4194304]} | ret=SUCCESS |  
2019-08-23 18:28:59,194 [grpc-default-executor-0] INFO  client.GrpcClientProtocolClient (GrpcClientProtocolClient.java:onNext(255)) - client-19C32667576E->48affcab-e6e4-4602-963a-f6a50efbd54c: receive RaftClientReply:client-19C32667576E->48affcab-e6e4-4602-963a-f6a50efbd54c@group-50C56EAF5137, cid=1420, SUCCESS, logIndex=0, commits[48affcab-e6e4-4602-963a-f6a50efbd54c:c2021, 7e391b60-07ae-4d97-a027-4756e468c032:c2020, c5f86d96-67df-4f25-bde3-316f439d30b3:c2020]
2019-08-23 18:28:59,198 | INFO  | SCMAudit | user=jenkins1000 | ip=192.168.34.23 | op=ALLOCATE_BLOCK {owner=1ceb8b80-28f1-43fd-86c3-175afc07b8d1, size=4194304, type=RATIS, factor=THREE} | ret=SUCCESS |  
2019-08-23 18:28:59,200 | INFO  | OMAudit | user=jenkins1000 | ip=127.0.0.1 | op=ALLOCATE_BLOCK {volume=vol-0-45438, bucket=bucket-0-23891, key=key-0-22455, dataSize=0, replicationType=null, replicationFactor=null, keyLocationInfo=null, clientID=102667710122492306} | ret=SUCCESS |  
2019-08-23 18:28:59,207 | INFO  | DNAudit | user=null | ip=null | op=WRITE_CHUNK {blockData=conID: 2 locID: 102667710575280614 bcsId: 0} | ret=SUCCESS |  
2019-08-23 18:28:59,209 | INFO  | DNAudit | user=null | ip=null | op=WRITE_CHUNK {blockData=conID: 2 locID: 102667710575280614 bcsId: 0} | ret=SUCCESS |  
2019-08-23 18:28:59,209 | INFO  | DNAudit | user=null | ip=null | op=WRITE_CHUNK {blockData=conID: 2 locID: 102667710575280614 bcsId: 0} | ret=SUCCESS |  
2019-08-23 18:28:59,209 | INFO  | DNAudit | user=null | ip=null | op=WRITE_CHUNK {blockData=conID: 2 locID: 102667710575280614 bcsId: 0} | ret=SUCCESS |  
2019-08-23 18:28:59,210 | INFO  | DNAudit | user=null | ip=null | op=WRITE_CHUNK {blockData=conID: 2 locID: 102667710575280614 bcsId: 0} | ret=SUCCESS |  
2019-08-23 18:28:59,210 | INFO  | DNAudit | user=null | ip=null | op=WRITE_CHUNK {blockData=conID: 2 locID: 102667710575280614 bcsId: 0} | ret=SUCCESS |  
2019-08-23 18:28:59,222 | INFO  | DNAudit | user=null | ip=null | op=WRITE_CHUNK {blockData=conID: 2 locID: 102667710575280614 bcsId: 0} | ret=SUCCESS |  
2019-08-23 18:28:59,223 | INFO  | DNAudit | user=null | ip=null | op=PUT_BLOCK {blockData=[blockId=conID: 2 locID: 102667710575280614 bcsId: 0,size=1048576]} | ret=SUCCESS |  
2019-08-23 18:28:59,223 | INFO  | DNAudit | user=null | ip=null | op=WRITE_CHUNK {blockData=conID: 2 locID: 102667710575280614 bcsId: 0} | ret=SUCCESS |  
2019-08-23 18:28:59,223 [grpc-default-executor-0] INFO  client.GrpcClientProtocolClient (GrpcClientProtocolClient.java:onNext(255)) - client-19C32667576E->48affcab-e6e4-4602-963a-f6a50efbd54c: receive RaftClientReply:client-19C32667576E->48affcab-e6e4-4602-963a-f6a50efbd54c@group-50C56EAF5137, cid=1421, SUCCESS, logIndex=2023, commits[48affcab-e6e4-4602-963a-f6a50efbd54c:c2026, 7e391b60-07ae-4d97-a027-4756e468c032:c2022, c5f86d96-67df-4f25-bde3-316f439d30b3:c2022]
2019-08-23 18:28:59,223 | INFO  | DNAudit | user=null | ip=null | op=PUT_BLOCK {blockData=[blockId=conID: 2 locID: 102667710575280614 bcsId: 0,size=2097152]} | ret=SUCCESS |  
2019-08-23 18:28:59,224 [grpc-default-executor-0] INFO  client.GrpcClientProtocolClient (GrpcClientProtocolClient.java:onNext(255)) - client-19C32667576E->48affcab-e6e4-4602-963a-f6a50efbd54c: receive RaftClientReply:client-19C32667576E->48affcab-e6e4-4602-963a-f6a50efbd54c@group-50C56EAF5137, cid=1422, SUCCESS, logIndex=2024, commits[48affcab-e6e4-4602-963a-f6a50efbd54c:c2026, 7e391b60-07ae-4d97-a027-4756e468c032:c2022, c5f86d96-67df-4f25-bde3-316f439d30b3:c2022]
2019-08-23 18:28:59,224 [grpc-default-executor-0] INFO  client.GrpcClientProtocolClient (GrpcClientProtocolClient.java:onNext(255)) - client-19C32667576E->48affcab-e6e4-4602-963a-f6a50efbd54c: receive RaftClientReply:client-19C32667576E->48affcab-e6e4-4602-963a-f6a50efbd54c@group-50C56EAF5137, cid=1423, SUCCESS, logIndex=2025, commits[48affcab-e6e4-4602-963a-f6a50efbd54c:c2026, 7e391b60-07ae-4d97-a027-4756e468c032:c2022, c5f86d96-67df-4f25-bde3-316f439d30b3:c2022]
2019-08-23 18:28:59,224 [grpc-default-executor-0] INFO  client.GrpcClientProtocolClient (GrpcClientProtocolClient.java:onNext(255)) - client-19C32667576E->48affcab-e6e4-4602-963a-f6a50efbd54c: receive RaftClientReply:client-19C32667576E->48affcab-e6e4-4602-963a-f6a50efbd54c@group-50C56EAF5137, cid=1424, SUCCESS, logIndex=2026, commits[48affcab-e6e4-4602-963a-f6a50efbd54c:c2026, 7e391b60-07ae-4d97-a027-4756e468c032:c2022, c5f86d96-67df-4f25-bde3-316f439d30b3:c2022]
2019-08-23 18:28:59,232 | INFO  | DNAudit | user=null | ip=null | op=WRITE_CHUNK {blockData=conID: 2 locID: 102667710575280614 bcsId: 0} | ret=SUCCESS |  
2019-08-23 18:28:59,232 | INFO  | DNAudit | user=null | ip=null | op=PUT_BLOCK {blockData=[blockId=conID: 2 locID: 102667710575280614 bcsId: 0,size=1048576]} | ret=SUCCESS |  
2019-08-23 18:28:59,232 | INFO  | DNAudit | user=null | ip=null | op=WRITE_CHUNK {blockData=conID: 2 locID: 102667710575280614 bcsId: 0} | ret=SUCCESS |  
2019-08-23 18:28:59,232 | INFO  | DNAudit | user=null | ip=null | op=WRITE_CHUNK {blockData=conID: 2 locID: 102667710575280614 bcsId: 0} | ret=SUCCESS |  
2019-08-23 18:28:59,232 | INFO  | DNAudit | user=null | ip=null | op=PUT_BLOCK {blockData=[blockId=conID: 2 locID: 102667710575280614 bcsId: 0,size=1048576]} | ret=SUCCESS |  
2019-08-23 18:28:59,232 | INFO  | DNAudit | user=null | ip=null | op=WRITE_CHUNK {blockData=conID: 2 locID: 102667710575280614 bcsId: 0} | ret=SUCCESS |  
2019-08-23 18:28:59,232 [grpc-default-executor-0] INFO  client.GrpcClientProtocolClient (GrpcClientProtocolClient.java:onNext(255)) - client-19C32667576E->48affcab-e6e4-4602-963a-f6a50efbd54c: receive RaftClientReply:client-19C32667576E->48affcab-e6e4-4602-963a-f6a50efbd54c@group-50C56EAF5137, cid=1425, SUCCESS, logIndex=0, commits[48affcab-e6e4-4602-963a-f6a50efbd54c:c2027, 7e391b60-07ae-4d97-a027-4756e468c032:c2025, c5f86d96-67df-4f25-bde3-316f439d30b3:c2025]
2019-08-23 18:28:59,233 | INFO  | DNAudit | user=null | ip=null | op=PUT_BLOCK {blockData=[blockId=conID: 2 locID: 102667710575280614 bcsId: 0,size=2097152]} | ret=SUCCESS |  
2019-08-23 18:28:59,233 | INFO  | DNAudit | user=null | ip=null | op=PUT_BLOCK {blockData=[blockId=conID: 2 locID: 102667710575280614 bcsId: 0,size=2097152]} | ret=SUCCESS |  
2019-08-23 18:28:59,235 | INFO  | SCMAudit | user=jenkins1000 | ip=192.168.34.23 | op=SEND_HEARTBEAT {datanodeUUID=c83cddd0-22b5-491d-bff0-a36373498de2, command=[]} | ret=SUCCESS |  
2019-08-23 18:28:59,239 | INFO  | DNAudit | user=null | ip=null | op=WRITE_CHUNK {blockData=conID: 2 locID: 102667710575280614 bcsId: 2026} | ret=SUCCESS |  
2019-08-23 18:28:59,241 | INFO  | DNAudit | user=null | ip=null | op=WRITE_CHUNK {blockData=conID: 2 locID: 102667710575280614 bcsId: 2026} | ret=SUCCESS |  
2019-08-23 18:28:59,241 | INFO  | DNAudit | user=null | ip=null | op=WRITE_CHUNK {blockData=conID: 2 locID: 102667710575280614 bcsId: 2026} | ret=SUCCESS |  
2019-08-23 18:28:59,245 | INFO  | DNAudit | user=null | ip=null | op=WRITE_CHUNK {blockData=conID: 2 locID: 102667710575280614 bcsId: 2026} | ret=SUCCESS |  
2019-08-23 18:28:59,245 | INFO  | DNAudit | user=null | ip=null | op=PUT_BLOCK {blockData=[blockId=conID: 2 locID: 102667710575280614 bcsId: 0,size=3145728]} | ret=SUCCESS |  
2019-08-23 18:28:59,245 [grpc-default-executor-3] INFO  client.GrpcClientProtocolClient (GrpcClientProtocolClient.java:onNext(255)) - client-19C32667576E->48affcab-e6e4-4602-963a-f6a50efbd54c: receive RaftClientReply:client-19C32667576E->48affcab-e6e4-4602-963a-f6a50efbd54c@group-50C56EAF5137, cid=1426, SUCCESS, logIndex=2030, commits[48affcab-e6e4-4602-963a-f6a50efbd54c:c2031, 7e391b60-07ae-4d97-a027-4756e468c032:c2029, c5f86d96-67df-4f25-bde3-316f439d30b3:c2029]
2019-08-23 18:28:59,246 [grpc-default-executor-3] INFO  client.GrpcClientProtocolClient (GrpcClientProtocolClient.java:onNext(255)) - client-19C32667576E->48affcab-e6e4-4602-963a-f6a50efbd54c: receive RaftClientReply:client-19C32667576E->48affcab-e6e4-4602-963a-f6a50efbd54c@group-50C56EAF5137, cid=1427, SUCCESS, logIndex=2031, commits[48affcab-e6e4-4602-963a-f6a50efbd54c:c2031, 7e391b60-07ae-4d97-a027-4756e468c032:c2029, c5f86d96-67df-4f25-bde3-316f439d30b3:c2029]
2019-08-23 18:28:59,252 | INFO  | DNAudit | user=null | ip=null | op=WRITE_CHUNK {blockData=conID: 2 locID: 102667710575280614 bcsId: 2031} | ret=SUCCESS |  
2019-08-23 18:28:59,254 | INFO  | DNAudit | user=null | ip=null | op=WRITE_CHUNK {blockData=conID: 2 locID: 102667710575280614 bcsId: 2031} | ret=SUCCESS |  
2019-08-23 18:28:59,254 | INFO  | DNAudit | user=null | ip=null | op=WRITE_CHUNK {blockData=conID: 2 locID: 102667710575280614 bcsId: 2031} | ret=SUCCESS |  
2019-08-23 18:28:59,256 | INFO  | DNAudit | user=null | ip=null | op=WRITE_CHUNK {blockData=conID: 2 locID: 102667710575280614 bcsId: 2026} | ret=SUCCESS |  
2019-08-23 18:28:59,257 | INFO  | DNAudit | user=null | ip=null | op=WRITE_CHUNK {blockData=conID: 2 locID: 102667710575280614 bcsId: 2026} | ret=SUCCESS |  
2019-08-23 18:28:59,257 | INFO  | DNAudit | user=null | ip=null | op=PUT_BLOCK {blockData=[blockId=conID: 2 locID: 102667710575280614 bcsId: 0,size=3145728]} | ret=SUCCESS |  
2019-08-23 18:28:59,258 | INFO  | DNAudit | user=null | ip=null | op=PUT_BLOCK {blockData=[blockId=conID: 2 locID: 102667710575280614 bcsId: 0,size=3145728]} | ret=SUCCESS |  
2019-08-23 18:28:59,258 | INFO  | DNAudit | user=null | ip=null | op=WRITE_CHUNK {blockData=conID: 2 locID: 102667710575280614 bcsId: 2031} | ret=SUCCESS |  
2019-08-23 18:28:59,258 | INFO  | DNAudit | user=null | ip=null | op=PUT_BLOCK {blockData=[blockId=conID: 2 locID: 102667710575280614 bcsId: 0,size=4194304]} | ret=SUCCESS |  
2019-08-23 18:28:59,258 [grpc-default-executor-0] INFO  client.GrpcClientProtocolClient (GrpcClientProtocolClient.java:onNext(255)) - client-19C32667576E->48affcab-e6e4-4602-963a-f6a50efbd54c: receive RaftClientReply:client-19C32667576E->48affcab-e6e4-4602-963a-f6a50efbd54c@group-50C56EAF5137, cid=1428, SUCCESS, logIndex=2034, commits[48affcab-e6e4-4602-963a-f6a50efbd54c:c2035, 7e391b60-07ae-4d97-a027-4756e468c032:c2031, c5f86d96-67df-4f25-bde3-316f439d30b3:c2031]
2019-08-23 18:28:59,259 [grpc-default-executor-0] INFO  client.GrpcClientProtocolClient (GrpcClientProtocolClient.java:onNext(255)) - client-19C32667576E->48affcab-e6e4-4602-963a-f6a50efbd54c: receive RaftClientReply:client-19C32667576E->48affcab-e6e4-4602-963a-f6a50efbd54c@group-50C56EAF5137, cid=1429, SUCCESS, logIndex=2035, commits[48affcab-e6e4-4602-963a-f6a50efbd54c:c2035, 7e391b60-07ae-4d97-a027-4756e468c032:c2031, c5f86d96-67df-4f25-bde3-316f439d30b3:c2031]
2019-08-23 18:28:59,270 | INFO  | DNAudit | user=null | ip=null | op=WRITE_CHUNK {blockData=conID: 2 locID: 102667710575280614 bcsId: 2031} | ret=SUCCESS |  
2019-08-23 18:28:59,270 | INFO  | DNAudit | user=null | ip=null | op=WRITE_CHUNK {blockData=conID: 2 locID: 102667710575280614 bcsId: 2031} | ret=SUCCESS |  
2019-08-23 18:28:59,271 | INFO  | DNAudit | user=null | ip=null | op=PUT_BLOCK {blockData=[blockId=conID: 2 locID: 102667710575280614 bcsId: 0,size=4194304]} | ret=SUCCESS |  
2019-08-23 18:28:59,271 | INFO  | DNAudit | user=null | ip=null | op=PUT_BLOCK {blockData=[blockId=conID: 2 locID: 102667710575280614 bcsId: 0,size=4194304]} | ret=SUCCESS |  
2019-08-23 18:28:59,271 [grpc-default-executor-3] INFO  client.GrpcClientProtocolClient (GrpcClientProtocolClient.java:onNext(255)) - client-19C32667576E->48affcab-e6e4-4602-963a-f6a50efbd54c: receive RaftClientReply:client-19C32667576E->48affcab-e6e4-4602-963a-f6a50efbd54c@group-50C56EAF5137, cid=1430, SUCCESS, logIndex=0, commits[48affcab-e6e4-4602-963a-f6a50efbd54c:c2037, 7e391b60-07ae-4d97-a027-4756e468c032:c2035, c5f86d96-67df-4f25-bde3-316f439d30b3:c2035]
2019-08-23 18:28:59,276 | INFO  | SCMAudit | user=jenkins1000 | ip=192.168.34.23 | op=ALLOCATE_BLOCK {owner=1ceb8b80-28f1-43fd-86c3-175afc07b8d1, size=4194304, type=RATIS, factor=THREE} | ret=SUCCESS |  
2019-08-23 18:28:59,278 | INFO  | OMAudit | user=jenkins1000 | ip=127.0.0.1 | op=ALLOCATE_BLOCK {volume=vol-0-45438, bucket=bucket-0-23891, key=key-0-22455, dataSize=0, replicationType=null, replicationFactor=null, keyLocationInfo=null, clientID=102667710122492306} | ret=SUCCESS |  
2019-08-23 18:28:59,286 | INFO  | DNAudit | user=null | ip=null | op=WRITE_CHUNK {blockData=conID: 3 locID: 102667710580392423 bcsId: 0} | ret=SUCCESS |  
2019-08-23 18:28:59,288 | INFO  | DNAudit | user=null | ip=null | op=WRITE_CHUNK {blockData=conID: 3 locID: 102667710580392423 bcsId: 0} | ret=SUCCESS |  
2019-08-23 18:28:59,288 | INFO  | DNAudit | user=null | ip=null | op=WRITE_CHUNK {blockData=conID: 3 locID: 102667710580392423 bcsId: 0} | ret=SUCCESS |  
2019-08-23 18:28:59,289 | INFO  | DNAudit | user=null | ip=null | op=WRITE_CHUNK {blockData=conID: 3 locID: 102667710580392423 bcsId: 0} | ret=SUCCESS |  
2019-08-23 18:28:59,290 | INFO  | DNAudit | user=null | ip=null | op=WRITE_CHUNK {blockData=conID: 3 locID: 102667710580392423 bcsId: 0} | ret=SUCCESS |  
2019-08-23 18:28:59,290 | INFO  | DNAudit | user=null | ip=null | op=WRITE_CHUNK {blockData=conID: 3 locID: 102667710580392423 bcsId: 0} | ret=SUCCESS |  
2019-08-23 18:28:59,298 | INFO  | DNAudit | user=null | ip=null | op=WRITE_CHUNK {blockData=conID: 3 locID: 102667710580392423 bcsId: 0} | ret=SUCCESS |  
2019-08-23 18:28:59,298 | INFO  | DNAudit | user=null | ip=null | op=PUT_BLOCK {blockData=[blockId=conID: 3 locID: 102667710580392423 bcsId: 0,size=1048576]} | ret=SUCCESS |  
2019-08-23 18:28:59,299 [grpc-default-executor-5] INFO  client.GrpcClientProtocolClient (GrpcClientProtocolClient.java:onNext(255)) - client-19C32667576E->48affcab-e6e4-4602-963a-f6a50efbd54c: receive RaftClientReply:client-19C32667576E->48affcab-e6e4-4602-963a-f6a50efbd54c@group-50C56EAF5137, cid=1431, SUCCESS, logIndex=2038, commits[48affcab-e6e4-4602-963a-f6a50efbd54c:c2039, 7e391b60-07ae-4d97-a027-4756e468c032:c2037, c5f86d96-67df-4f25-bde3-316f439d30b3:c2037]
2019-08-23 18:28:59,299 [grpc-default-executor-5] INFO  client.GrpcClientProtocolClient (GrpcClientProtocolClient.java:onNext(255)) - client-19C32667576E->48affcab-e6e4-4602-963a-f6a50efbd54c: receive RaftClientReply:client-19C32667576E->48affcab-e6e4-4602-963a-f6a50efbd54c@group-50C56EAF5137, cid=1432, SUCCESS, logIndex=2039, commits[48affcab-e6e4-4602-963a-f6a50efbd54c:c2039, 7e391b60-07ae-4d97-a027-4756e468c032:c2037, c5f86d96-67df-4f25-bde3-316f439d30b3:c2037]
2019-08-23 18:28:59,299 | INFO  | DNAudit | user=null | ip=null | op=WRITE_CHUNK {blockData=conID: 3 locID: 102667710580392423 bcsId: 0} | ret=SUCCESS |  
2019-08-23 18:28:59,299 | INFO  | DNAudit | user=null | ip=null | op=PUT_BLOCK {blockData=[blockId=conID: 3 locID: 102667710580392423 bcsId: 0,size=2097152]} | ret=SUCCESS |  
2019-08-23 18:28:59,300 [grpc-default-executor-3] INFO  client.GrpcClientProtocolClient (GrpcClientProtocolClient.java:onNext(255)) - client-19C32667576E->48affcab-e6e4-4602-963a-f6a50efbd54c: receive RaftClientReply:client-19C32667576E->48affcab-e6e4-4602-963a-f6a50efbd54c@group-50C56EAF5137, cid=1433, SUCCESS, logIndex=2040, commits[48affcab-e6e4-4602-963a-f6a50efbd54c:c2041, 7e391b60-07ae-4d97-a027-4756e468c032:c2037, c5f86d96-67df-4f25-bde3-316f439d30b3:c2037]
2019-08-23 18:28:59,300 | INFO  | DNAudit | user=null | ip=null | op=WRITE_CHUNK {blockData=conID: 3 locID: 102667710580392423 bcsId: 0} | ret=SUCCESS |  
2019-08-23 18:28:59,300 [grpc-default-executor-3] INFO  client.GrpcClientProtocolClient (GrpcClientProtocolClient.java:onNext(255)) - client-19C32667576E->48affcab-e6e4-4602-963a-f6a50efbd54c: receive RaftClientReply:client-19C32667576E->48affcab-e6e4-4602-963a-f6a50efbd54c@group-50C56EAF5137, cid=1434, SUCCESS, logIndex=2041, commits[48affcab-e6e4-4602-963a-f6a50efbd54c:c2041, 7e391b60-07ae-4d97-a027-4756e468c032:c2037, c5f86d96-67df-4f25-bde3-316f439d30b3:c2037]
2019-08-23 18:28:59,300 | INFO  | DNAudit | user=null | ip=null | op=PUT_BLOCK {blockData=[blockId=conID: 3 locID: 102667710580392423 bcsId: 0,size=1048576]} | ret=SUCCESS |  
2019-08-23 18:28:59,301 | INFO  | DNAudit | user=null | ip=null | op=WRITE_CHUNK {blockData=conID: 3 locID: 102667710580392423 bcsId: 0} | ret=SUCCESS |  
2019-08-23 18:28:59,301 | INFO  | DNAudit | user=null | ip=null | op=PUT_BLOCK {blockData=[blockId=conID: 3 locID: 102667710580392423 bcsId: 0,size=1048576]} | ret=SUCCESS |  
2019-08-23 18:28:59,301 [grpc-default-executor-3] INFO  client.GrpcClientProtocolClient (GrpcClientProtocolClient.java:onNext(255)) - client-19C32667576E->48affcab-e6e4-4602-963a-f6a50efbd54c: receive RaftClientReply:client-19C32667576E->48affcab-e6e4-4602-963a-f6a50efbd54c@group-50C56EAF5137, cid=1435, SUCCESS, logIndex=0, commits[48affcab-e6e4-4602-963a-f6a50efbd54c:c2043, 7e391b60-07ae-4d97-a027-4756e468c032:c2039, c5f86d96-67df-4f25-bde3-316f439d30b3:c2039]
2019-08-23 18:28:59,301 | INFO  | DNAudit | user=null | ip=null | op=WRITE_CHUNK {blockData=conID: 3 locID: 102667710580392423 bcsId: 0} | ret=SUCCESS |  
2019-08-23 18:28:59,301 | INFO  | DNAudit | user=null | ip=null | op=PUT_BLOCK {blockData=[blockId=conID: 3 locID: 102667710580392423 bcsId: 0,size=2097152]} | ret=SUCCESS |  
2019-08-23 18:28:59,302 | INFO  | DNAudit | user=null | ip=null | op=WRITE_CHUNK {blockData=conID: 3 locID: 102667710580392423 bcsId: 0} | ret=SUCCESS |  
2019-08-23 18:28:59,302 | INFO  | DNAudit | user=null | ip=null | op=PUT_BLOCK {blockData=[blockId=conID: 3 locID: 102667710580392423 bcsId: 0,size=2097152]} | ret=SUCCESS |  
2019-08-23 18:28:59,307 | INFO  | DNAudit | user=null | ip=null | op=WRITE_CHUNK {blockData=conID: 3 locID: 102667710580392423 bcsId: 2041} | ret=SUCCESS |  
2019-08-23 18:28:59,309 | INFO  | DNAudit | user=null | ip=null | op=WRITE_CHUNK {blockData=conID: 3 locID: 102667710580392423 bcsId: 2041} | ret=SUCCESS |  
2019-08-23 18:28:59,309 | INFO  | DNAudit | user=null | ip=null | op=WRITE_CHUNK {blockData=conID: 3 locID: 102667710580392423 bcsId: 2041} | ret=SUCCESS |  
2019-08-23 18:28:59,314 | INFO  | DNAudit | user=null | ip=null | op=WRITE_CHUNK {blockData=conID: 3 locID: 102667710580392423 bcsId: 2041} | ret=SUCCESS |  
2019-08-23 18:28:59,315 | INFO  | DNAudit | user=null | ip=null | op=PUT_BLOCK {blockData=[blockId=conID: 3 locID: 102667710580392423 bcsId: 0,size=3145728]} | ret=SUCCESS |  
2019-08-23 18:28:59,315 [grpc-default-executor-5] INFO  client.GrpcClientProtocolClient (GrpcClientProtocolClient.java:onNext(255)) - client-19C32667576E->48affcab-e6e4-4602-963a-f6a50efbd54c: receive RaftClientReply:client-19C32667576E->48affcab-e6e4-4602-963a-f6a50efbd54c@group-50C56EAF5137, cid=1436, SUCCESS, logIndex=2046, commits[48affcab-e6e4-4602-963a-f6a50efbd54c:c2047, 7e391b60-07ae-4d97-a027-4756e468c032:c2045, c5f86d96-67df-4f25-bde3-316f439d30b3:c2045]
2019-08-23 18:28:59,315 [grpc-default-executor-5] INFO  client.GrpcClientProtocolClient (GrpcClientProtocolClient.java:onNext(255)) - client-19C32667576E->48affcab-e6e4-4602-963a-f6a50efbd54c: receive RaftClientReply:client-19C32667576E->48affcab-e6e4-4602-963a-f6a50efbd54c@group-50C56EAF5137, cid=1437, SUCCESS, logIndex=2047, commits[48affcab-e6e4-4602-963a-f6a50efbd54c:c2047, 7e391b60-07ae-4d97-a027-4756e468c032:c2045, c5f86d96-67df-4f25-bde3-316f439d30b3:c2045]
2019-08-23 18:28:59,316 | INFO  | DNAudit | user=null | ip=null | op=WRITE_CHUNK {blockData=conID: 3 locID: 102667710580392423 bcsId: 2041} | ret=SUCCESS |  
2019-08-23 18:28:59,316 | INFO  | DNAudit | user=null | ip=null | op=PUT_BLOCK {blockData=[blockId=conID: 3 locID: 102667710580392423 bcsId: 0,size=3145728]} | ret=SUCCESS |  
2019-08-23 18:28:59,316 | INFO  | DNAudit | user=null | ip=null | op=WRITE_CHUNK {blockData=conID: 3 locID: 102667710580392423 bcsId: 2041} | ret=SUCCESS |  
2019-08-23 18:28:59,317 | INFO  | DNAudit | user=null | ip=null | op=PUT_BLOCK {blockData=[blockId=conID: 3 locID: 102667710580392423 bcsId: 0,size=3145728]} | ret=SUCCESS |  
2019-08-23 18:28:59,320 | INFO  | DNAudit | user=null | ip=null | op=WRITE_CHUNK {blockData=conID: 3 locID: 102667710580392423 bcsId: 2047} | ret=SUCCESS |  
2019-08-23 18:28:59,322 | INFO  | DNAudit | user=null | ip=null | op=WRITE_CHUNK {blockData=conID: 3 locID: 102667710580392423 bcsId: 2047} | ret=SUCCESS |  
2019-08-23 18:28:59,322 | INFO  | DNAudit | user=null | ip=null | op=WRITE_CHUNK {blockData=conID: 3 locID: 102667710580392423 bcsId: 2047} | ret=SUCCESS |  
2019-08-23 18:28:59,325 | INFO  | DNAudit | user=null | ip=null | op=WRITE_CHUNK {blockData=conID: 3 locID: 102667710580392423 bcsId: 2047} | ret=SUCCESS |  
2019-08-23 18:28:59,325 | INFO  | DNAudit | user=null | ip=null | op=PUT_BLOCK {blockData=[blockId=conID: 3 locID: 102667710580392423 bcsId: 0,size=4194304]} | ret=SUCCESS |  
2019-08-23 18:28:59,325 [grpc-default-executor-0] INFO  client.GrpcClientProtocolClient (GrpcClientProtocolClient.java:onNext(255)) - client-19C32667576E->48affcab-e6e4-4602-963a-f6a50efbd54c: receive RaftClientReply:client-19C32667576E->48affcab-e6e4-4602-963a-f6a50efbd54c@group-50C56EAF5137, cid=1438, SUCCESS, logIndex=2050, commits[48affcab-e6e4-4602-963a-f6a50efbd54c:c2051, 7e391b60-07ae-4d97-a027-4756e468c032:c2049, c5f86d96-67df-4f25-bde3-316f439d30b3:c2049]
2019-08-23 18:28:59,325 [grpc-default-executor-0] INFO  client.GrpcClientProtocolClient (GrpcClientProtocolClient.java:onNext(255)) - client-19C32667576E->48affcab-e6e4-4602-963a-f6a50efbd54c: receive RaftClientReply:client-19C32667576E->48affcab-e6e4-4602-963a-f6a50efbd54c@group-50C56EAF5137, cid=1439, SUCCESS, logIndex=2051, commits[48affcab-e6e4-4602-963a-f6a50efbd54c:c2051, 7e391b60-07ae-4d97-a027-4756e468c032:c2049, c5f86d96-67df-4f25-bde3-316f439d30b3:c2049]
2019-08-23 18:28:59,326 | INFO  | DNAudit | user=null | ip=null | op=WRITE_CHUNK {blockData=conID: 3 locID: 102667710580392423 bcsId: 2047} | ret=SUCCESS |  
2019-08-23 18:28:59,326 | INFO  | DNAudit | user=null | ip=null | op=PUT_BLOCK {blockData=[blockId=conID: 3 locID: 102667710580392423 bcsId: 0,size=4194304]} | ret=SUCCESS |  
2019-08-23 18:28:59,326 | INFO  | DNAudit | user=null | ip=null | op=WRITE_CHUNK {blockData=conID: 3 locID: 102667710580392423 bcsId: 2047} | ret=SUCCESS |  
2019-08-23 18:28:59,326 | INFO  | DNAudit | user=null | ip=null | op=PUT_BLOCK {blockData=[blockId=conID: 3 locID: 102667710580392423 bcsId: 0,size=4194304]} | ret=SUCCESS |  
2019-08-23 18:28:59,326 [grpc-default-executor-3] INFO  client.GrpcClientProtocolClient (GrpcClientProtocolClient.java:onNext(255)) - client-19C32667576E->48affcab-e6e4-4602-963a-f6a50efbd54c: receive RaftClientReply:client-19C32667576E->48affcab-e6e4-4602-963a-f6a50efbd54c@group-50C56EAF5137, cid=1440, SUCCESS, logIndex=0, commits[48affcab-e6e4-4602-963a-f6a50efbd54c:c2052, 7e391b60-07ae-4d97-a027-4756e468c032:c2051, c5f86d96-67df-4f25-bde3-316f439d30b3:c2051]
2019-08-23 18:28:59,330 | INFO  | SCMAudit | user=jenkins1000 | ip=192.168.34.23 | op=ALLOCATE_BLOCK {owner=1ceb8b80-28f1-43fd-86c3-175afc07b8d1, size=4194304, type=RATIS, factor=THREE} | ret=SUCCESS |  
2019-08-23 18:28:59,331 | INFO  | OMAudit | user=jenkins1000 | ip=127.0.0.1 | op=ALLOCATE_BLOCK {volume=vol-0-45438, bucket=bucket-0-23891, key=key-0-22455, dataSize=0, replicationType=null, replicationFactor=null, keyLocationInfo=null, clientID=102667710122492306} | ret=SUCCESS |  
2019-08-23 18:28:59,336 | INFO  | DNAudit | user=null | ip=null | op=WRITE_CHUNK {blockData=conID: 1 locID: 102667710583931368 bcsId: 0} | ret=SUCCESS |  
2019-08-23 18:28:59,340 | INFO  | DNAudit | user=null | ip=null | op=WRITE_CHUNK {blockData=conID: 1 locID: 102667710583931368 bcsId: 0} | ret=SUCCESS |  
2019-08-23 18:28:59,340 | INFO  | DNAudit | user=null | ip=null | op=WRITE_CHUNK {blockData=conID: 1 locID: 102667710583931368 bcsId: 0} | ret=SUCCESS |  
2019-08-23 18:28:59,340 | INFO  | DNAudit | user=null | ip=null | op=WRITE_CHUNK {blockData=conID: 1 locID: 102667710583931368 bcsId: 0} | ret=SUCCESS |  
2019-08-23 18:28:59,342 | INFO  | DNAudit | user=null | ip=null | op=WRITE_CHUNK {blockData=conID: 1 locID: 102667710583931368 bcsId: 0} | ret=SUCCESS |  
2019-08-23 18:28:59,342 | INFO  | DNAudit | user=null | ip=null | op=WRITE_CHUNK {blockData=conID: 1 locID: 102667710583931368 bcsId: 0} | ret=SUCCESS |  
2019-08-23 18:28:59,342 | INFO  | DNAudit | user=null | ip=null | op=WRITE_CHUNK {blockData=conID: 1 locID: 102667710583931368 bcsId: 0} | ret=SUCCESS |  
2019-08-23 18:28:59,342 | INFO  | DNAudit | user=null | ip=null | op=PUT_BLOCK {blockData=[blockId=conID: 1 locID: 102667710583931368 bcsId: 0,size=1048576]} | ret=SUCCESS |  
2019-08-23 18:28:59,343 [grpc-default-executor-4] INFO  client.GrpcClientProtocolClient (GrpcClientProtocolClient.java:onNext(255)) - client-19C32667576E->48affcab-e6e4-4602-963a-f6a50efbd54c: receive RaftClientReply:client-19C32667576E->48affcab-e6e4-4602-963a-f6a50efbd54c@group-50C56EAF5137, cid=1441, SUCCESS, logIndex=2054, commits[48affcab-e6e4-4602-963a-f6a50efbd54c:c2055, 7e391b60-07ae-4d97-a027-4756e468c032:c2051, c5f86d96-67df-4f25-bde3-316f439d30b3:c2053]
2019-08-23 18:28:59,343 [grpc-default-executor-4] INFO  client.GrpcClientProtocolClient (GrpcClientProtocolClient.java:onNext(255)) - client-19C32667576E->48affcab-e6e4-4602-963a-f6a50efbd54c: receive RaftClientReply:client-19C32667576E->48affcab-e6e4-4602-963a-f6a50efbd54c@group-50C56EAF5137, cid=1442, SUCCESS, logIndex=2055, commits[48affcab-e6e4-4602-963a-f6a50efbd54c:c2055, 7e391b60-07ae-4d97-a027-4756e468c032:c2051, c5f86d96-67df-4f25-bde3-316f439d30b3:c2053]
2019-08-23 18:28:59,344 | INFO  | DNAudit | user=null | ip=null | op=WRITE_CHUNK {blockData=conID: 1 locID: 102667710583931368 bcsId: 0} | ret=SUCCESS |  
2019-08-23 18:28:59,344 | INFO  | DNAudit | user=null | ip=null | op=PUT_BLOCK {blockData=[blockId=conID: 1 locID: 102667710583931368 bcsId: 0,size=2097152]} | ret=SUCCESS |  
2019-08-23 18:28:59,344 [grpc-default-executor-0] INFO  client.GrpcClientProtocolClient (GrpcClientProtocolClient.java:onNext(255)) - client-19C32667576E->48affcab-e6e4-4602-963a-f6a50efbd54c: receive RaftClientReply:client-19C32667576E->48affcab-e6e4-4602-963a-f6a50efbd54c@group-50C56EAF5137, cid=1443, SUCCESS, logIndex=2056, commits[48affcab-e6e4-4602-963a-f6a50efbd54c:c2057, 7e391b60-07ae-4d97-a027-4756e468c032:c2053, c5f86d96-67df-4f25-bde3-316f439d30b3:c2053]
2019-08-23 18:28:59,345 | INFO  | DNAudit | user=null | ip=null | op=WRITE_CHUNK {blockData=conID: 1 locID: 102667710583931368 bcsId: 0} | ret=SUCCESS |  
2019-08-23 18:28:59,345 [grpc-default-executor-0] INFO  client.GrpcClientProtocolClient (GrpcClientProtocolClient.java:onNext(255)) - client-19C32667576E->48affcab-e6e4-4602-963a-f6a50efbd54c: receive RaftClientReply:client-19C32667576E->48affcab-e6e4-4602-963a-f6a50efbd54c@group-50C56EAF5137, cid=1444, SUCCESS, logIndex=2057, commits[48affcab-e6e4-4602-963a-f6a50efbd54c:c2057, 7e391b60-07ae-4d97-a027-4756e468c032:c2053, c5f86d96-67df-4f25-bde3-316f439d30b3:c2053]
2019-08-23 18:28:59,345 | INFO  | DNAudit | user=null | ip=null | op=PUT_BLOCK {blockData=[blockId=conID: 1 locID: 102667710583931368 bcsId: 0,size=1048576]} | ret=SUCCESS |  
2019-08-23 18:28:59,345 | INFO  | DNAudit | user=null | ip=null | op=WRITE_CHUNK {blockData=conID: 1 locID: 102667710583931368 bcsId: 0} | ret=SUCCESS |  
2019-08-23 18:28:59,345 | INFO  | DNAudit | user=null | ip=null | op=PUT_BLOCK {blockData=[blockId=conID: 1 locID: 102667710583931368 bcsId: 0,size=1048576]} | ret=SUCCESS |  
2019-08-23 18:28:59,345 | INFO  | DNAudit | user=null | ip=null | op=WRITE_CHUNK {blockData=conID: 1 locID: 102667710583931368 bcsId: 0} | ret=SUCCESS |  
2019-08-23 18:28:59,345 [grpc-default-executor-3] INFO  client.GrpcClientProtocolClient (GrpcClientProtocolClient.java:onNext(255)) - client-19C32667576E->48affcab-e6e4-4602-963a-f6a50efbd54c: receive RaftClientReply:client-19C32667576E->48affcab-e6e4-4602-963a-f6a50efbd54c@group-50C56EAF5137, cid=1445, SUCCESS, logIndex=0, commits[48affcab-e6e4-4602-963a-f6a50efbd54c:c2059, 7e391b60-07ae-4d97-a027-4756e468c032:c2055, c5f86d96-67df-4f25-bde3-316f439d30b3:c2055]
2019-08-23 18:28:59,346 | INFO  | DNAudit | user=null | ip=null | op=WRITE_CHUNK {blockData=conID: 1 locID: 102667710583931368 bcsId: 0} | ret=SUCCESS |  
2019-08-23 18:28:59,346 | INFO  | DNAudit | user=null | ip=null | op=PUT_BLOCK {blockData=[blockId=conID: 1 locID: 102667710583931368 bcsId: 0,size=2097152]} | ret=SUCCESS |  
2019-08-23 18:28:59,346 | INFO  | DNAudit | user=null | ip=null | op=PUT_BLOCK {blockData=[blockId=conID: 1 locID: 102667710583931368 bcsId: 0,size=2097152]} | ret=SUCCESS |  
2019-08-23 18:28:59,351 | INFO  | DNAudit | user=null | ip=null | op=WRITE_CHUNK {blockData=conID: 1 locID: 102667710583931368 bcsId: 2057} | ret=SUCCESS |  
2019-08-23 18:28:59,353 | INFO  | DNAudit | user=null | ip=null | op=WRITE_CHUNK {blockData=conID: 1 locID: 102667710583931368 bcsId: 2057} | ret=SUCCESS |  
2019-08-23 18:28:59,354 | INFO  | DNAudit | user=null | ip=null | op=WRITE_CHUNK {blockData=conID: 1 locID: 102667710583931368 bcsId: 2057} | ret=SUCCESS |  
2019-08-23 18:28:59,356 | INFO  | DNAudit | user=null | ip=null | op=WRITE_CHUNK {blockData=conID: 1 locID: 102667710583931368 bcsId: 2057} | ret=SUCCESS |  
2019-08-23 18:28:59,356 | INFO  | DNAudit | user=null | ip=null | op=PUT_BLOCK {blockData=[blockId=conID: 1 locID: 102667710583931368 bcsId: 0,size=3145728]} | ret=SUCCESS |  
2019-08-23 18:28:59,356 [grpc-default-executor-3] INFO  client.GrpcClientProtocolClient (GrpcClientProtocolClient.java:onNext(255)) - client-19C32667576E->48affcab-e6e4-4602-963a-f6a50efbd54c: receive RaftClientReply:client-19C32667576E->48affcab-e6e4-4602-963a-f6a50efbd54c@group-50C56EAF5137, cid=1446, SUCCESS, logIndex=2062, commits[48affcab-e6e4-4602-963a-f6a50efbd54c:c2063, 7e391b60-07ae-4d97-a027-4756e468c032:c2057, c5f86d96-67df-4f25-bde3-316f439d30b3:c2061]
2019-08-23 18:28:59,356 [grpc-default-executor-3] INFO  client.GrpcClientProtocolClient (GrpcClientProtocolClient.java:onNext(255)) - client-19C32667576E->48affcab-e6e4-4602-963a-f6a50efbd54c: receive RaftClientReply:client-19C32667576E->48affcab-e6e4-4602-963a-f6a50efbd54c@group-50C56EAF5137, cid=1447, SUCCESS, logIndex=2063, commits[48affcab-e6e4-4602-963a-f6a50efbd54c:c2063, 7e391b60-07ae-4d97-a027-4756e468c032:c2061, c5f86d96-67df-4f25-bde3-316f439d30b3:c2061]
2019-08-23 18:28:59,357 | INFO  | DNAudit | user=null | ip=null | op=WRITE_CHUNK {blockData=conID: 1 locID: 102667710583931368 bcsId: 2057} | ret=SUCCESS |  
2019-08-23 18:28:59,357 | INFO  | DNAudit | user=null | ip=null | op=PUT_BLOCK {blockData=[blockId=conID: 1 locID: 102667710583931368 bcsId: 0,size=3145728]} | ret=SUCCESS |  
2019-08-23 18:28:59,357 | INFO  | DNAudit | user=null | ip=null | op=WRITE_CHUNK {blockData=conID: 1 locID: 102667710583931368 bcsId: 2057} | ret=SUCCESS |  
2019-08-23 18:28:59,358 | INFO  | DNAudit | user=null | ip=null | op=PUT_BLOCK {blockData=[blockId=conID: 1 locID: 102667710583931368 bcsId: 0,size=3145728]} | ret=SUCCESS |  
2019-08-23 18:28:59,361 | INFO  | DNAudit | user=null | ip=null | op=WRITE_CHUNK {blockData=conID: 1 locID: 102667710583931368 bcsId: 2063} | ret=SUCCESS |  
2019-08-23 18:28:59,363 | INFO  | DNAudit | user=null | ip=null | op=WRITE_CHUNK {blockData=conID: 1 locID: 102667710583931368 bcsId: 2063} | ret=SUCCESS |  
2019-08-23 18:28:59,364 | INFO  | DNAudit | user=null | ip=null | op=WRITE_CHUNK {blockData=conID: 1 locID: 102667710583931368 bcsId: 2063} | ret=SUCCESS |  
2019-08-23 18:28:59,366 | INFO  | DNAudit | user=null | ip=null | op=WRITE_CHUNK {blockData=conID: 1 locID: 102667710583931368 bcsId: 2063} | ret=SUCCESS |  
2019-08-23 18:28:59,366 | INFO  | DNAudit | user=null | ip=null | op=PUT_BLOCK {blockData=[blockId=conID: 1 locID: 102667710583931368 bcsId: 0,size=4194304]} | ret=SUCCESS |  
2019-08-23 18:28:59,366 [grpc-default-executor-4] INFO  client.GrpcClientProtocolClient (GrpcClientProtocolClient.java:onNext(255)) - client-19C32667576E->48affcab-e6e4-4602-963a-f6a50efbd54c: receive RaftClientReply:client-19C32667576E->48affcab-e6e4-4602-963a-f6a50efbd54c@group-50C56EAF5137, cid=1448, SUCCESS, logIndex=2066, commits[48affcab-e6e4-4602-963a-f6a50efbd54c:c2067, 7e391b60-07ae-4d97-a027-4756e468c032:c2065, c5f86d96-67df-4f25-bde3-316f439d30b3:c2065]
2019-08-23 18:28:59,367 [grpc-default-executor-4] INFO  client.GrpcClientProtocolClient (GrpcClientProtocolClient.java:onNext(255)) - client-19C32667576E->48affcab-e6e4-4602-963a-f6a50efbd54c: receive RaftClientReply:client-19C32667576E->48affcab-e6e4-4602-963a-f6a50efbd54c@group-50C56EAF5137, cid=1449, SUCCESS, logIndex=2067, commits[48affcab-e6e4-4602-963a-f6a50efbd54c:c2067, 7e391b60-07ae-4d97-a027-4756e468c032:c2065, c5f86d96-67df-4f25-bde3-316f439d30b3:c2065]
2019-08-23 18:28:59,367 | INFO  | DNAudit | user=null | ip=null | op=WRITE_CHUNK {blockData=conID: 1 locID: 102667710583931368 bcsId: 2063} | ret=SUCCESS |  
2019-08-23 18:28:59,367 | INFO  | DNAudit | user=null | ip=null | op=WRITE_CHUNK {blockData=conID: 1 locID: 102667710583931368 bcsId: 2063} | ret=SUCCESS |  
2019-08-23 18:28:59,368 | INFO  | DNAudit | user=null | ip=null | op=PUT_BLOCK {blockData=[blockId=conID: 1 locID: 102667710583931368 bcsId: 0,size=4194304]} | ret=SUCCESS |  
2019-08-23 18:28:59,369 | INFO  | DNAudit | user=null | ip=null | op=PUT_BLOCK {blockData=[blockId=conID: 1 locID: 102667710583931368 bcsId: 0,size=4194304]} | ret=SUCCESS |  
2019-08-23 18:28:59,369 [grpc-default-executor-4] INFO  client.GrpcClientProtocolClient (GrpcClientProtocolClient.java:onNext(255)) - client-19C32667576E->48affcab-e6e4-4602-963a-f6a50efbd54c: receive RaftClientReply:client-19C32667576E->48affcab-e6e4-4602-963a-f6a50efbd54c@group-50C56EAF5137, cid=1450, SUCCESS, logIndex=0, commits[48affcab-e6e4-4602-963a-f6a50efbd54c:c2069, 7e391b60-07ae-4d97-a027-4756e468c032:c2067, c5f86d96-67df-4f25-bde3-316f439d30b3:c2067]
2019-08-23 18:28:59,372 | INFO  | SCMAudit | user=jenkins1000 | ip=192.168.34.23 | op=ALLOCATE_BLOCK {owner=1ceb8b80-28f1-43fd-86c3-175afc07b8d1, size=4194304, type=RATIS, factor=THREE} | ret=SUCCESS |  
2019-08-23 18:28:59,374 | INFO  | OMAudit | user=jenkins1000 | ip=127.0.0.1 | op=ALLOCATE_BLOCK {volume=vol-0-45438, bucket=bucket-0-23891, key=key-0-22455, dataSize=0, replicationType=null, replicationFactor=null, keyLocationInfo=null, clientID=102667710122492306} | ret=SUCCESS |  
2019-08-23 18:28:59,380 | INFO  | DNAudit | user=null | ip=null | op=WRITE_CHUNK {blockData=conID: 2 locID: 102667710586683881 bcsId: 0} | ret=SUCCESS |  
2019-08-23 18:28:59,382 | INFO  | DNAudit | user=null | ip=null | op=WRITE_CHUNK {blockData=conID: 2 locID: 102667710586683881 bcsId: 0} | ret=SUCCESS |  
2019-08-23 18:28:59,383 | INFO  | DNAudit | user=null | ip=null | op=WRITE_CHUNK {blockData=conID: 2 locID: 102667710586683881 bcsId: 0} | ret=SUCCESS |  
2019-08-23 18:28:59,384 | INFO  | DNAudit | user=null | ip=null | op=WRITE_CHUNK {blockData=conID: 2 locID: 102667710586683881 bcsId: 0} | ret=SUCCESS |  
2019-08-23 18:28:59,384 | INFO  | DNAudit | user=null | ip=null | op=WRITE_CHUNK {blockData=conID: 2 locID: 102667710586683881 bcsId: 0} | ret=SUCCESS |  
2019-08-23 18:28:59,384 | INFO  | DNAudit | user=null | ip=null | op=WRITE_CHUNK {blockData=conID: 2 locID: 102667710586683881 bcsId: 0} | ret=SUCCESS |  
2019-08-23 18:28:59,386 | INFO  | DNAudit | user=null | ip=null | op=WRITE_CHUNK {blockData=conID: 2 locID: 102667710586683881 bcsId: 0} | ret=SUCCESS |  
2019-08-23 18:28:59,387 | INFO  | DNAudit | user=null | ip=null | op=PUT_BLOCK {blockData=[blockId=conID: 2 locID: 102667710586683881 bcsId: 0,size=1048576]} | ret=SUCCESS |  
2019-08-23 18:28:59,387 | INFO  | DNAudit | user=null | ip=null | op=WRITE_CHUNK {blockData=conID: 2 locID: 102667710586683881 bcsId: 0} | ret=SUCCESS |  
2019-08-23 18:28:59,387 [grpc-default-executor-3] INFO  client.GrpcClientProtocolClient (GrpcClientProtocolClient.java:onNext(255)) - client-19C32667576E->48affcab-e6e4-4602-963a-f6a50efbd54c: receive RaftClientReply:client-19C32667576E->48affcab-e6e4-4602-963a-f6a50efbd54c@group-50C56EAF5137, cid=1451, SUCCESS, logIndex=2070, commits[48affcab-e6e4-4602-963a-f6a50efbd54c:c2073, 7e391b60-07ae-4d97-a027-4756e468c032:c2069, c5f86d96-67df-4f25-bde3-316f439d30b3:c2069]
2019-08-23 18:28:59,388 | INFO  | DNAudit | user=null | ip=null | op=PUT_BLOCK {blockData=[blockId=conID: 2 locID: 102667710586683881 bcsId: 0,size=2097152]} | ret=SUCCESS |  
2019-08-23 18:28:59,388 [grpc-default-executor-3] INFO  client.GrpcClientProtocolClient (GrpcClientProtocolClient.java:onNext(255)) - client-19C32667576E->48affcab-e6e4-4602-963a-f6a50efbd54c: receive RaftClientReply:client-19C32667576E->48affcab-e6e4-4602-963a-f6a50efbd54c@group-50C56EAF5137, cid=1452, SUCCESS, logIndex=2071, commits[48affcab-e6e4-4602-963a-f6a50efbd54c:c2073, 7e391b60-07ae-4d97-a027-4756e468c032:c2069, c5f86d96-67df-4f25-bde3-316f439d30b3:c2069]
2019-08-23 18:28:59,388 [grpc-default-executor-3] INFO  client.GrpcClientProtocolClient (GrpcClientProtocolClient.java:onNext(255)) - client-19C32667576E->48affcab-e6e4-4602-963a-f6a50efbd54c: receive RaftClientReply:client-19C32667576E->48affcab-e6e4-4602-963a-f6a50efbd54c@group-50C56EAF5137, cid=1453, SUCCESS, logIndex=2072, commits[48affcab-e6e4-4602-963a-f6a50efbd54c:c2073, 7e391b60-07ae-4d97-a027-4756e468c032:c2069, c5f86d96-67df-4f25-bde3-316f439d30b3:c2069]
2019-08-23 18:28:59,388 [grpc-default-executor-3] INFO  client.GrpcClientProtocolClient (GrpcClientProtocolClient.java:onNext(255)) - client-19C32667576E->48affcab-e6e4-4602-963a-f6a50efbd54c: receive RaftClientReply:client-19C32667576E->48affcab-e6e4-4602-963a-f6a50efbd54c@group-50C56EAF5137, cid=1454, SUCCESS, logIndex=2073, commits[48affcab-e6e4-4602-963a-f6a50efbd54c:c2073, 7e391b60-07ae-4d97-a027-4756e468c032:c2069, c5f86d96-67df-4f25-bde3-316f439d30b3:c2069]
2019-08-23 18:28:59,388 | INFO  | DNAudit | user=null | ip=null | op=WRITE_CHUNK {blockData=conID: 2 locID: 102667710586683881 bcsId: 0} | ret=SUCCESS |  
2019-08-23 18:28:59,389 | INFO  | DNAudit | user=null | ip=null | op=PUT_BLOCK {blockData=[blockId=conID: 2 locID: 102667710586683881 bcsId: 0,size=1048576]} | ret=SUCCESS |  
2019-08-23 18:28:59,389 | INFO  | DNAudit | user=null | ip=null | op=WRITE_CHUNK {blockData=conID: 2 locID: 102667710586683881 bcsId: 0} | ret=SUCCESS |  
2019-08-23 18:28:59,389 | INFO  | DNAudit | user=null | ip=null | op=PUT_BLOCK {blockData=[blockId=conID: 2 locID: 102667710586683881 bcsId: 0,size=1048576]} | ret=SUCCESS |  
2019-08-23 18:28:59,389 [grpc-default-executor-3] INFO  client.GrpcClientProtocolClient (GrpcClientProtocolClient.java:onNext(255)) - client-19C32667576E->48affcab-e6e4-4602-963a-f6a50efbd54c: receive RaftClientReply:client-19C32667576E->48affcab-e6e4-4602-963a-f6a50efbd54c@group-50C56EAF5137, cid=1455, SUCCESS, logIndex=0, commits[48affcab-e6e4-4602-963a-f6a50efbd54c:c2074, 7e391b60-07ae-4d97-a027-4756e468c032:c2071, c5f86d96-67df-4f25-bde3-316f439d30b3:c2071]
2019-08-23 18:28:59,390 | INFO  | DNAudit | user=null | ip=null | op=WRITE_CHUNK {blockData=conID: 2 locID: 102667710586683881 bcsId: 0} | ret=SUCCESS |  
2019-08-23 18:28:59,390 | INFO  | DNAudit | user=null | ip=null | op=WRITE_CHUNK {blockData=conID: 2 locID: 102667710586683881 bcsId: 0} | ret=SUCCESS |  
2019-08-23 18:28:59,390 | INFO  | DNAudit | user=null | ip=null | op=PUT_BLOCK {blockData=[blockId=conID: 2 locID: 102667710586683881 bcsId: 0,size=2097152]} | ret=SUCCESS |  
2019-08-23 18:28:59,390 | INFO  | DNAudit | user=null | ip=null | op=PUT_BLOCK {blockData=[blockId=conID: 2 locID: 102667710586683881 bcsId: 0,size=2097152]} | ret=SUCCESS |  
2019-08-23 18:28:59,395 | INFO  | DNAudit | user=null | ip=null | op=WRITE_CHUNK {blockData=conID: 2 locID: 102667710586683881 bcsId: 2073} | ret=SUCCESS |  
2019-08-23 18:28:59,396 | INFO  | DNAudit | user=null | ip=null | op=WRITE_CHUNK {blockData=conID: 2 locID: 102667710586683881 bcsId: 2073} | ret=SUCCESS |  
2019-08-23 18:28:59,397 | INFO  | DNAudit | user=null | ip=null | op=WRITE_CHUNK {blockData=conID: 2 locID: 102667710586683881 bcsId: 2073} | ret=SUCCESS |  
2019-08-23 18:28:59,398 | INFO  | DNAudit | user=null | ip=null | op=WRITE_CHUNK {blockData=conID: 2 locID: 102667710586683881 bcsId: 2073} | ret=SUCCESS |  
2019-08-23 18:28:59,398 | INFO  | DNAudit | user=null | ip=null | op=PUT_BLOCK {blockData=[blockId=conID: 2 locID: 102667710586683881 bcsId: 0,size=3145728]} | ret=SUCCESS |  
2019-08-23 18:28:59,398 [grpc-default-executor-4] INFO  client.GrpcClientProtocolClient (GrpcClientProtocolClient.java:onNext(255)) - client-19C32667576E->48affcab-e6e4-4602-963a-f6a50efbd54c: receive RaftClientReply:client-19C32667576E->48affcab-e6e4-4602-963a-f6a50efbd54c@group-50C56EAF5137, cid=1456, SUCCESS, logIndex=2078, commits[48affcab-e6e4-4602-963a-f6a50efbd54c:c2079, 7e391b60-07ae-4d97-a027-4756e468c032:c2073, c5f86d96-67df-4f25-bde3-316f439d30b3:c2077]
2019-08-23 18:28:59,399 [grpc-default-executor-3] INFO  client.GrpcClientProtocolClient (GrpcClientProtocolClient.java:onNext(255)) - client-19C32667576E->48affcab-e6e4-4602-963a-f6a50efbd54c: receive RaftClientReply:client-19C32667576E->48affcab-e6e4-4602-963a-f6a50efbd54c@group-50C56EAF5137, cid=1457, SUCCESS, logIndex=2079, commits[48affcab-e6e4-4602-963a-f6a50efbd54c:c2079, 7e391b60-07ae-4d97-a027-4756e468c032:c2073, c5f86d96-67df-4f25-bde3-316f439d30b3:c2077]
2019-08-23 18:28:59,399 | INFO  | DNAudit | user=null | ip=null | op=WRITE_CHUNK {blockData=conID: 2 locID: 102667710586683881 bcsId: 2073} | ret=SUCCESS |  
2019-08-23 18:28:59,400 | INFO  | DNAudit | user=null | ip=null | op=PUT_BLOCK {blockData=[blockId=conID: 2 locID: 102667710586683881 bcsId: 0,size=3145728]} | ret=SUCCESS |  
2019-08-23 18:28:59,400 | INFO  | DNAudit | user=null | ip=null | op=WRITE_CHUNK {blockData=conID: 2 locID: 102667710586683881 bcsId: 2073} | ret=SUCCESS |  
2019-08-23 18:28:59,401 | INFO  | DNAudit | user=null | ip=null | op=PUT_BLOCK {blockData=[blockId=conID: 2 locID: 102667710586683881 bcsId: 0,size=3145728]} | ret=SUCCESS |  
2019-08-23 18:28:59,405 | INFO  | DNAudit | user=null | ip=null | op=WRITE_CHUNK {blockData=conID: 2 locID: 102667710586683881 bcsId: 2079} | ret=SUCCESS |  
2019-08-23 18:28:59,407 | INFO  | DNAudit | user=null | ip=null | op=WRITE_CHUNK {blockData=conID: 2 locID: 102667710586683881 bcsId: 2079} | ret=SUCCESS |  
2019-08-23 18:28:59,408 | INFO  | DNAudit | user=null | ip=null | op=WRITE_CHUNK {blockData=conID: 2 locID: 102667710586683881 bcsId: 2079} | ret=SUCCESS |  
2019-08-23 18:28:59,416 | INFO  | DNAudit | user=null | ip=null | op=WRITE_CHUNK {blockData=conID: 2 locID: 102667710586683881 bcsId: 2079} | ret=SUCCESS |  
2019-08-23 18:28:59,417 | INFO  | DNAudit | user=null | ip=null | op=PUT_BLOCK {blockData=[blockId=conID: 2 locID: 102667710586683881 bcsId: 0,size=4194304]} | ret=SUCCESS |  
2019-08-23 18:28:59,417 [grpc-default-executor-3] INFO  client.GrpcClientProtocolClient (GrpcClientProtocolClient.java:onNext(255)) - client-19C32667576E->48affcab-e6e4-4602-963a-f6a50efbd54c: receive RaftClientReply:client-19C32667576E->48affcab-e6e4-4602-963a-f6a50efbd54c@group-50C56EAF5137, cid=1458, SUCCESS, logIndex=2082, commits[48affcab-e6e4-4602-963a-f6a50efbd54c:c2083, 7e391b60-07ae-4d97-a027-4756e468c032:c2081, c5f86d96-67df-4f25-bde3-316f439d30b3:c2081]
2019-08-23 18:28:59,417 [grpc-default-executor-3] INFO  client.GrpcClientProtocolClient (GrpcClientProtocolClient.java:onNext(255)) - client-19C32667576E->48affcab-e6e4-4602-963a-f6a50efbd54c: receive RaftClientReply:client-19C32667576E->48affcab-e6e4-4602-963a-f6a50efbd54c@group-50C56EAF5137, cid=1459, SUCCESS, logIndex=2083, commits[48affcab-e6e4-4602-963a-f6a50efbd54c:c2083, 7e391b60-07ae-4d97-a027-4756e468c032:c2081, c5f86d96-67df-4f25-bde3-316f439d30b3:c2081]
2019-08-23 18:28:59,418 | INFO  | DNAudit | user=null | ip=null | op=WRITE_CHUNK {blockData=conID: 2 locID: 102667710586683881 bcsId: 2079} | ret=SUCCESS |  
2019-08-23 18:28:59,418 | INFO  | DNAudit | user=null | ip=null | op=WRITE_CHUNK {blockData=conID: 2 locID: 102667710586683881 bcsId: 2079} | ret=SUCCESS |  
2019-08-23 18:28:59,418 | INFO  | DNAudit | user=null | ip=null | op=PUT_BLOCK {blockData=[blockId=conID: 2 locID: 102667710586683881 bcsId: 0,size=4194304]} | ret=SUCCESS |  
2019-08-23 18:28:59,419 | INFO  | DNAudit | user=null | ip=null | op=PUT_BLOCK {blockData=[blockId=conID: 2 locID: 102667710586683881 bcsId: 0,size=4194304]} | ret=SUCCESS |  
2019-08-23 18:28:59,419 [grpc-default-executor-4] INFO  client.GrpcClientProtocolClient (GrpcClientProtocolClient.java:onNext(255)) - client-19C32667576E->48affcab-e6e4-4602-963a-f6a50efbd54c: receive RaftClientReply:client-19C32667576E->48affcab-e6e4-4602-963a-f6a50efbd54c@group-50C56EAF5137, cid=1460, SUCCESS, logIndex=0, commits[48affcab-e6e4-4602-963a-f6a50efbd54c:c2084, 7e391b60-07ae-4d97-a027-4756e468c032:c2083, c5f86d96-67df-4f25-bde3-316f439d30b3:c2083]
2019-08-23 18:28:59,423 | INFO  | SCMAudit | user=jenkins1000 | ip=192.168.34.23 | op=ALLOCATE_BLOCK {owner=1ceb8b80-28f1-43fd-86c3-175afc07b8d1, size=4194304, type=RATIS, factor=THREE} | ret=SUCCESS |  
2019-08-23 18:28:59,425 | INFO  | OMAudit | user=jenkins1000 | ip=127.0.0.1 | op=ALLOCATE_BLOCK {volume=vol-0-45438, bucket=bucket-0-23891, key=key-0-22455, dataSize=0, replicationType=null, replicationFactor=null, keyLocationInfo=null, clientID=102667710122492306} | ret=SUCCESS |  
2019-08-23 18:28:59,431 | INFO  | DNAudit | user=null | ip=null | op=WRITE_CHUNK {blockData=conID: 3 locID: 102667710590026218 bcsId: 0} | ret=SUCCESS |  
2019-08-23 18:28:59,433 | INFO  | DNAudit | user=null | ip=null | op=WRITE_CHUNK {blockData=conID: 3 locID: 102667710590026218 bcsId: 0} | ret=SUCCESS |  
2019-08-23 18:28:59,434 | INFO  | DNAudit | user=null | ip=null | op=WRITE_CHUNK {blockData=conID: 3 locID: 102667710590026218 bcsId: 0} | ret=SUCCESS |  
2019-08-23 18:28:59,436 | INFO  | DNAudit | user=null | ip=null | op=WRITE_CHUNK {blockData=conID: 3 locID: 102667710590026218 bcsId: 0} | ret=SUCCESS |  
2019-08-23 18:28:59,436 | INFO  | DNAudit | user=null | ip=null | op=WRITE_CHUNK {blockData=conID: 3 locID: 102667710590026218 bcsId: 0} | ret=SUCCESS |  
2019-08-23 18:28:59,436 | INFO  | DNAudit | user=null | ip=null | op=WRITE_CHUNK {blockData=conID: 3 locID: 102667710590026218 bcsId: 0} | ret=SUCCESS |  
2019-08-23 18:28:59,436 | INFO  | DNAudit | user=null | ip=null | op=PUT_BLOCK {blockData=[blockId=conID: 3 locID: 102667710590026218 bcsId: 0,size=1048576]} | ret=SUCCESS |  
2019-08-23 18:28:59,436 | INFO  | DNAudit | user=null | ip=null | op=WRITE_CHUNK {blockData=conID: 3 locID: 102667710590026218 bcsId: 0} | ret=SUCCESS |  
2019-08-23 18:28:59,436 [grpc-default-executor-4] INFO  client.GrpcClientProtocolClient (GrpcClientProtocolClient.java:onNext(255)) - client-19C32667576E->48affcab-e6e4-4602-963a-f6a50efbd54c: receive RaftClientReply:client-19C32667576E->48affcab-e6e4-4602-963a-f6a50efbd54c@group-50C56EAF5137, cid=1461, SUCCESS, logIndex=2086, commits[48affcab-e6e4-4602-963a-f6a50efbd54c:c2087, 7e391b60-07ae-4d97-a027-4756e468c032:c2083, c5f86d96-67df-4f25-bde3-316f439d30b3:c2085]
2019-08-23 18:28:59,437 [grpc-default-executor-4] INFO  client.GrpcClientProtocolClient (GrpcClientProtocolClient.java:onNext(255)) - client-19C32667576E->48affcab-e6e4-4602-963a-f6a50efbd54c: receive RaftClientReply:client-19C32667576E->48affcab-e6e4-4602-963a-f6a50efbd54c@group-50C56EAF5137, cid=1462, SUCCESS, logIndex=2087, commits[48affcab-e6e4-4602-963a-f6a50efbd54c:c2087, 7e391b60-07ae-4d97-a027-4756e468c032:c2083, c5f86d96-67df-4f25-bde3-316f439d30b3:c2085]
2019-08-23 18:28:59,440 | INFO  | DNAudit | user=null | ip=null | op=WRITE_CHUNK {blockData=conID: 3 locID: 102667710590026218 bcsId: 0} | ret=SUCCESS |  
2019-08-23 18:28:59,440 | INFO  | DNAudit | user=null | ip=null | op=WRITE_CHUNK {blockData=conID: 3 locID: 102667710590026218 bcsId: 0} | ret=SUCCESS |  
2019-08-23 18:28:59,440 | INFO  | DNAudit | user=null | ip=null | op=PUT_BLOCK {blockData=[blockId=conID: 3 locID: 102667710590026218 bcsId: 0,size=2097152]} | ret=SUCCESS |  
2019-08-23 18:28:59,440 | INFO  | DNAudit | user=null | ip=null | op=PUT_BLOCK {blockData=[blockId=conID: 3 locID: 102667710590026218 bcsId: 0,size=1048576]} | ret=SUCCESS |  
2019-08-23 18:28:59,441 [grpc-default-executor-5] INFO  client.GrpcClientProtocolClient (GrpcClientProtocolClient.java:onNext(255)) - client-19C32667576E->48affcab-e6e4-4602-963a-f6a50efbd54c: receive RaftClientReply:client-19C32667576E->48affcab-e6e4-4602-963a-f6a50efbd54c@group-50C56EAF5137, cid=1463, SUCCESS, logIndex=2088, commits[48affcab-e6e4-4602-963a-f6a50efbd54c:c2088, 7e391b60-07ae-4d97-a027-4756e468c032:c2085, c5f86d96-67df-4f25-bde3-316f439d30b3:c2085]
2019-08-23 18:28:59,441 [grpc-default-executor-5] INFO  client.GrpcClientProtocolClient (GrpcClientProtocolClient.java:onNext(255)) - client-19C32667576E->48affcab-e6e4-4602-963a-f6a50efbd54c: receive RaftClientReply:client-19C32667576E->48affcab-e6e4-4602-963a-f6a50efbd54c@group-50C56EAF5137, cid=1464, SUCCESS, logIndex=2089, commits[48affcab-e6e4-4602-963a-f6a50efbd54c:c2090, 7e391b60-07ae-4d97-a027-4756e468c032:c2087, c5f86d96-67df-4f25-bde3-316f439d30b3:c2085]
2019-08-23 18:28:59,441 | INFO  | DNAudit | user=null | ip=null | op=WRITE_CHUNK {blockData=conID: 3 locID: 102667710590026218 bcsId: 0} | ret=SUCCESS |  
2019-08-23 18:28:59,442 | INFO  | DNAudit | user=null | ip=null | op=PUT_BLOCK {blockData=[blockId=conID: 3 locID: 102667710590026218 bcsId: 0,size=1048576]} | ret=SUCCESS |  
2019-08-23 18:28:59,442 [grpc-default-executor-5] INFO  client.GrpcClientProtocolClient (GrpcClientProtocolClient.java:onNext(255)) - client-19C32667576E->48affcab-e6e4-4602-963a-f6a50efbd54c: receive RaftClientReply:client-19C32667576E->48affcab-e6e4-4602-963a-f6a50efbd54c@group-50C56EAF5137, cid=1465, SUCCESS, logIndex=0, commits[48affcab-e6e4-4602-963a-f6a50efbd54c:c2091, 7e391b60-07ae-4d97-a027-4756e468c032:c2087, c5f86d96-67df-4f25-bde3-316f439d30b3:c2087]
2019-08-23 18:28:59,442 | INFO  | DNAudit | user=null | ip=null | op=WRITE_CHUNK {blockData=conID: 3 locID: 102667710590026218 bcsId: 0} | ret=SUCCESS |  
2019-08-23 18:28:59,443 | INFO  | DNAudit | user=null | ip=null | op=WRITE_CHUNK {blockData=conID: 3 locID: 102667710590026218 bcsId: 0} | ret=SUCCESS |  
2019-08-23 18:28:59,443 | INFO  | DNAudit | user=null | ip=null | op=PUT_BLOCK {blockData=[blockId=conID: 3 locID: 102667710590026218 bcsId: 0,size=2097152]} | ret=SUCCESS |  
2019-08-23 18:28:59,443 | INFO  | DNAudit | user=null | ip=null | op=PUT_BLOCK {blockData=[blockId=conID: 3 locID: 102667710590026218 bcsId: 0,size=2097152]} | ret=SUCCESS |  
2019-08-23 18:28:59,447 | INFO  | DNAudit | user=null | ip=null | op=WRITE_CHUNK {blockData=conID: 3 locID: 102667710590026218 bcsId: 2089} | ret=SUCCESS |  
2019-08-23 18:28:59,450 | INFO  | DNAudit | user=null | ip=null | op=WRITE_CHUNK {blockData=conID: 3 locID: 102667710590026218 bcsId: 2089} | ret=SUCCESS |  
2019-08-23 18:28:59,450 | INFO  | DNAudit | user=null | ip=null | op=WRITE_CHUNK {blockData=conID: 3 locID: 102667710590026218 bcsId: 2089} | ret=SUCCESS |  
2019-08-23 18:28:59,452 | INFO  | DNAudit | user=null | ip=null | op=WRITE_CHUNK {blockData=conID: 3 locID: 102667710590026218 bcsId: 2089} | ret=SUCCESS |  
2019-08-23 18:28:59,453 | INFO  | DNAudit | user=null | ip=null | op=PUT_BLOCK {blockData=[blockId=conID: 3 locID: 102667710590026218 bcsId: 0,size=3145728]} | ret=SUCCESS |  
2019-08-23 18:28:59,453 [grpc-default-executor-4] INFO  client.GrpcClientProtocolClient (GrpcClientProtocolClient.java:onNext(255)) - client-19C32667576E->48affcab-e6e4-4602-963a-f6a50efbd54c: receive RaftClientReply:client-19C32667576E->48affcab-e6e4-4602-963a-f6a50efbd54c@group-50C56EAF5137, cid=1466, SUCCESS, logIndex=2094, commits[48affcab-e6e4-4602-963a-f6a50efbd54c:c2095, 7e391b60-07ae-4d97-a027-4756e468c032:c2093, c5f86d96-67df-4f25-bde3-316f439d30b3:c2093]
2019-08-23 18:28:59,453 [grpc-default-executor-4] INFO  client.GrpcClientProtocolClient (GrpcClientProtocolClient.java:onNext(255)) - client-19C32667576E->48affcab-e6e4-4602-963a-f6a50efbd54c: receive RaftClientReply:client-19C32667576E->48affcab-e6e4-4602-963a-f6a50efbd54c@group-50C56EAF5137, cid=1467, SUCCESS, logIndex=2095, commits[48affcab-e6e4-4602-963a-f6a50efbd54c:c2095, 7e391b60-07ae-4d97-a027-4756e468c032:c2093, c5f86d96-67df-4f25-bde3-316f439d30b3:c2093]
2019-08-23 18:28:59,454 | INFO  | DNAudit | user=null | ip=null | op=WRITE_CHUNK {blockData=conID: 3 locID: 102667710590026218 bcsId: 2089} | ret=SUCCESS |  
2019-08-23 18:28:59,454 | INFO  | DNAudit | user=null | ip=null | op=WRITE_CHUNK {blockData=conID: 3 locID: 102667710590026218 bcsId: 2089} | ret=SUCCESS |  
2019-08-23 18:28:59,455 | INFO  | DNAudit | user=null | ip=null | op=PUT_BLOCK {blockData=[blockId=conID: 3 locID: 102667710590026218 bcsId: 0,size=3145728]} | ret=SUCCESS |  
2019-08-23 18:28:59,455 | INFO  | DNAudit | user=null | ip=null | op=PUT_BLOCK {blockData=[blockId=conID: 3 locID: 102667710590026218 bcsId: 0,size=3145728]} | ret=SUCCESS |  
2019-08-23 18:28:59,459 | INFO  | DNAudit | user=null | ip=null | op=WRITE_CHUNK {blockData=conID: 3 locID: 102667710590026218 bcsId: 2095} | ret=SUCCESS |  
2019-08-23 18:28:59,462 | INFO  | DNAudit | user=null | ip=null | op=WRITE_CHUNK {blockData=conID: 3 locID: 102667710590026218 bcsId: 2095} | ret=SUCCESS |  
2019-08-23 18:28:59,462 | INFO  | DNAudit | user=null | ip=null | op=WRITE_CHUNK {blockData=conID: 3 locID: 102667710590026218 bcsId: 2095} | ret=SUCCESS |  
2019-08-23 18:28:59,484 | INFO  | DNAudit | user=null | ip=null | op=WRITE_CHUNK {blockData=conID: 3 locID: 102667710590026218 bcsId: 2095} | ret=SUCCESS |  
2019-08-23 18:28:59,485 | INFO  | DNAudit | user=null | ip=null | op=PUT_BLOCK {blockData=[blockId=conID: 3 locID: 102667710590026218 bcsId: 0,size=4194304]} | ret=SUCCESS |  
2019-08-23 18:28:59,485 [grpc-default-executor-4] INFO  client.GrpcClientProtocolClient (GrpcClientProtocolClient.java:onNext(255)) - client-19C32667576E->48affcab-e6e4-4602-963a-f6a50efbd54c: receive RaftClientReply:client-19C32667576E->48affcab-e6e4-4602-963a-f6a50efbd54c@group-50C56EAF5137, cid=1468, SUCCESS, logIndex=2098, commits[48affcab-e6e4-4602-963a-f6a50efbd54c:c2099, 7e391b60-07ae-4d97-a027-4756e468c032:c2097, c5f86d96-67df-4f25-bde3-316f439d30b3:c2097]
2019-08-23 18:28:59,485 [grpc-default-executor-4] INFO  client.GrpcClientProtocolClient (GrpcClientProtocolClient.java:onNext(255)) - client-19C32667576E->48affcab-e6e4-4602-963a-f6a50efbd54c: receive RaftClientReply:client-19C32667576E->48affcab-e6e4-4602-963a-f6a50efbd54c@group-50C56EAF5137, cid=1469, SUCCESS, logIndex=2099, commits[48affcab-e6e4-4602-963a-f6a50efbd54c:c2099, 7e391b60-07ae-4d97-a027-4756e468c032:c2097, c5f86d96-67df-4f25-bde3-316f439d30b3:c2097]
2019-08-23 18:28:59,496 | INFO  | DNAudit | user=null | ip=null | op=WRITE_CHUNK {blockData=conID: 3 locID: 102667710590026218 bcsId: 2095} | ret=SUCCESS |  
2019-08-23 18:28:59,496 | INFO  | DNAudit | user=null | ip=null | op=WRITE_CHUNK {blockData=conID: 3 locID: 102667710590026218 bcsId: 2095} | ret=SUCCESS |  
2019-08-23 18:28:59,496 | INFO  | DNAudit | user=null | ip=null | op=PUT_BLOCK {blockData=[blockId=conID: 3 locID: 102667710590026218 bcsId: 0,size=4194304]} | ret=SUCCESS |  
2019-08-23 18:28:59,496 | INFO  | DNAudit | user=null | ip=null | op=PUT_BLOCK {blockData=[blockId=conID: 3 locID: 102667710590026218 bcsId: 0,size=4194304]} | ret=SUCCESS |  
2019-08-23 18:28:59,497 [grpc-default-executor-5] INFO  client.GrpcClientProtocolClient (GrpcClientProtocolClient.java:onNext(255)) - client-19C32667576E->48affcab-e6e4-4602-963a-f6a50efbd54c: receive RaftClientReply:client-19C32667576E->48affcab-e6e4-4602-963a-f6a50efbd54c@group-50C56EAF5137, cid=1470, SUCCESS, logIndex=0, commits[48affcab-e6e4-4602-963a-f6a50efbd54c:c2100, 7e391b60-07ae-4d97-a027-4756e468c032:c2099, c5f86d96-67df-4f25-bde3-316f439d30b3:c2099]
 0.00% |█                                                                                                    |  0/1 Time: 0:00:072019-08-23 18:28:59,500 | INFO  | SCMAudit | user=jenkins1000 | ip=192.168.34.23 | op=ALLOCATE_BLOCK {owner=1ceb8b80-28f1-43fd-86c3-175afc07b8d1, size=4194304, type=RATIS, factor=THREE} | ret=SUCCESS |  
2019-08-23 18:28:59,502 | INFO  | OMAudit | user=jenkins1000 | ip=127.0.0.1 | op=ALLOCATE_BLOCK {volume=vol-0-45438, bucket=bucket-0-23891, key=key-0-22455, dataSize=0, replicationType=null, replicationFactor=null, keyLocationInfo=null, clientID=102667710122492306} | ret=SUCCESS |  
2019-08-23 18:28:59,508 | INFO  | DNAudit | user=null | ip=null | op=WRITE_CHUNK {blockData=conID: 1 locID: 102667710595072491 bcsId: 0} | ret=SUCCESS |  
2019-08-23 18:28:59,510 | INFO  | DNAudit | user=null | ip=null | op=WRITE_CHUNK {blockData=conID: 1 locID: 102667710595072491 bcsId: 0} | ret=SUCCESS |  
2019-08-23 18:28:59,511 | INFO  | DNAudit | user=null | ip=null | op=WRITE_CHUNK {blockData=conID: 1 locID: 102667710595072491 bcsId: 0} | ret=SUCCESS |  
2019-08-23 18:28:59,511 | INFO  | DNAudit | user=null | ip=null | op=WRITE_CHUNK {blockData=conID: 1 locID: 102667710595072491 bcsId: 0} | ret=SUCCESS |  
2019-08-23 18:28:59,513 | INFO  | DNAudit | user=null | ip=null | op=WRITE_CHUNK {blockData=conID: 1 locID: 102667710595072491 bcsId: 0} | ret=SUCCESS |  
2019-08-23 18:28:59,513 | INFO  | DNAudit | user=null | ip=null | op=WRITE_CHUNK {blockData=conID: 1 locID: 102667710595072491 bcsId: 0} | ret=SUCCESS |  
2019-08-23 18:28:59,521 | INFO  | DNAudit | user=null | ip=null | op=WRITE_CHUNK {blockData=conID: 1 locID: 102667710595072491 bcsId: 0} | ret=SUCCESS |  
2019-08-23 18:28:59,522 | INFO  | DNAudit | user=null | ip=null | op=PUT_BLOCK {blockData=[blockId=conID: 1 locID: 102667710595072491 bcsId: 0,size=1048576]} | ret=SUCCESS |  
2019-08-23 18:28:59,522 [grpc-default-executor-0] INFO  client.GrpcClientProtocolClient (GrpcClientProtocolClient.java:onNext(255)) - client-19C32667576E->48affcab-e6e4-4602-963a-f6a50efbd54c: receive RaftClientReply:client-19C32667576E->48affcab-e6e4-4602-963a-f6a50efbd54c@group-50C56EAF5137, cid=1471, SUCCESS, logIndex=2102, commits[48affcab-e6e4-4602-963a-f6a50efbd54c:c2105, 7e391b60-07ae-4d97-a027-4756e468c032:c2101, c5f86d96-67df-4f25-bde3-316f439d30b3:c2101]
2019-08-23 18:28:59,522 | INFO  | DNAudit | user=null | ip=null | op=WRITE_CHUNK {blockData=conID: 1 locID: 102667710595072491 bcsId: 0} | ret=SUCCESS |  
2019-08-23 18:28:59,523 | INFO  | DNAudit | user=null | ip=null | op=WRITE_CHUNK {blockData=conID: 1 locID: 102667710595072491 bcsId: 0} | ret=SUCCESS |  
2019-08-23 18:28:59,523 [grpc-default-executor-5] INFO  client.GrpcClientProtocolClient (GrpcClientProtocolClient.java:onNext(255)) - client-19C32667576E->48affcab-e6e4-4602-963a-f6a50efbd54c: receive RaftClientReply:client-19C32667576E->48affcab-e6e4-4602-963a-f6a50efbd54c@group-50C56EAF5137, cid=1472, SUCCESS, logIndex=2103, commits[48affcab-e6e4-4602-963a-f6a50efbd54c:c2105, 7e391b60-07ae-4d97-a027-4756e468c032:c2101, c5f86d96-67df-4f25-bde3-316f439d30b3:c2101]
2019-08-23 18:28:59,523 | INFO  | DNAudit | user=null | ip=null | op=WRITE_CHUNK {blockData=conID: 1 locID: 102667710595072491 bcsId: 0} | ret=SUCCESS |  
2019-08-23 18:28:59,523 | INFO  | DNAudit | user=null | ip=null | op=PUT_BLOCK {blockData=[blockId=conID: 1 locID: 102667710595072491 bcsId: 0,size=1048576]} | ret=SUCCESS |  
2019-08-23 18:28:59,523 | INFO  | DNAudit | user=null | ip=null | op=PUT_BLOCK {blockData=[blockId=conID: 1 locID: 102667710595072491 bcsId: 0,size=2097152]} | ret=SUCCESS |  
2019-08-23 18:28:59,523 [grpc-default-executor-5] INFO  client.GrpcClientProtocolClient (GrpcClientProtocolClient.java:onNext(255)) - client-19C32667576E->48affcab-e6e4-4602-963a-f6a50efbd54c: receive RaftClientReply:client-19C32667576E->48affcab-e6e4-4602-963a-f6a50efbd54c@group-50C56EAF5137, cid=1473, SUCCESS, logIndex=2104, commits[48affcab-e6e4-4602-963a-f6a50efbd54c:c2105, 7e391b60-07ae-4d97-a027-4756e468c032:c2101, c5f86d96-67df-4f25-bde3-316f439d30b3:c2101]
2019-08-23 18:28:59,523 | INFO  | DNAudit | user=null | ip=null | op=PUT_BLOCK {blockData=[blockId=conID: 1 locID: 102667710595072491 bcsId: 0,size=1048576]} | ret=SUCCESS |  
2019-08-23 18:28:59,523 [grpc-default-executor-5] INFO  client.GrpcClientProtocolClient (GrpcClientProtocolClient.java:onNext(255)) - client-19C32667576E->48affcab-e6e4-4602-963a-f6a50efbd54c: receive RaftClientReply:client-19C32667576E->48affcab-e6e4-4602-963a-f6a50efbd54c@group-50C56EAF5137, cid=1474, SUCCESS, logIndex=2105, commits[48affcab-e6e4-4602-963a-f6a50efbd54c:c2106, 7e391b60-07ae-4d97-a027-4756e468c032:c2103, c5f86d96-67df-4f25-bde3-316f439d30b3:c2103]
2019-08-23 18:28:59,524 | INFO  | DNAudit | user=null | ip=null | op=WRITE_CHUNK {blockData=conID: 1 locID: 102667710595072491 bcsId: 0} | ret=SUCCESS |  
2019-08-23 18:28:59,524 | INFO  | DNAudit | user=null | ip=null | op=WRITE_CHUNK {blockData=conID: 1 locID: 102667710595072491 bcsId: 0} | ret=SUCCESS |  
2019-08-23 18:28:59,524 | INFO  | DNAudit | user=null | ip=null | op=PUT_BLOCK {blockData=[blockId=conID: 1 locID: 102667710595072491 bcsId: 0,size=2097152]} | ret=SUCCESS |  
2019-08-23 18:28:59,524 | INFO  | DNAudit | user=null | ip=null | op=PUT_BLOCK {blockData=[blockId=conID: 1 locID: 102667710595072491 bcsId: 0,size=2097152]} | ret=SUCCESS |  
2019-08-23 18:28:59,528 | INFO  | DNAudit | user=null | ip=null | op=WRITE_CHUNK {blockData=conID: 1 locID: 102667710595072491 bcsId: 2105} | ret=SUCCESS |  
2019-08-23 18:28:59,531 | INFO  | DNAudit | user=null | ip=null | op=WRITE_CHUNK {blockData=conID: 1 locID: 102667710595072491 bcsId: 2105} | ret=SUCCESS |  
2019-08-23 18:28:59,532 | INFO  | DNAudit | user=null | ip=null | op=WRITE_CHUNK {blockData=conID: 1 locID: 102667710595072491 bcsId: 2105} | ret=SUCCESS |  
2019-08-23 18:28:59,540 | INFO  | DNAudit | user=null | ip=null | op=WRITE_CHUNK {blockData=conID: 1 locID: 102667710595072491 bcsId: 2105} | ret=SUCCESS |  
2019-08-23 18:28:59,541 | INFO  | DNAudit | user=null | ip=null | op=PUT_BLOCK {blockData=[blockId=conID: 1 locID: 102667710595072491 bcsId: 0,size=3145728]} | ret=SUCCESS |  
2019-08-23 18:28:59,541 [grpc-default-executor-0] INFO  client.GrpcClientProtocolClient (GrpcClientProtocolClient.java:onNext(255)) - client-19C32667576E->48affcab-e6e4-4602-963a-f6a50efbd54c: receive RaftClientReply:client-19C32667576E->48affcab-e6e4-4602-963a-f6a50efbd54c@group-50C56EAF5137, cid=1475, SUCCESS, logIndex=2109, commits[48affcab-e6e4-4602-963a-f6a50efbd54c:c2110, 7e391b60-07ae-4d97-a027-4756e468c032:c2108, c5f86d96-67df-4f25-bde3-316f439d30b3:c2108]
2019-08-23 18:28:59,541 [grpc-default-executor-0] INFO  client.GrpcClientProtocolClient (GrpcClientProtocolClient.java:onNext(255)) - client-19C32667576E->48affcab-e6e4-4602-963a-f6a50efbd54c: receive RaftClientReply:client-19C32667576E->48affcab-e6e4-4602-963a-f6a50efbd54c@group-50C56EAF5137, cid=1476, SUCCESS, logIndex=2110, commits[48affcab-e6e4-4602-963a-f6a50efbd54c:c2110, 7e391b60-07ae-4d97-a027-4756e468c032:c2108, c5f86d96-67df-4f25-bde3-316f439d30b3:c2108]
2019-08-23 18:28:59,546 | INFO  | DNAudit | user=null | ip=null | op=WRITE_CHUNK {blockData=conID: 1 locID: 102667710595072491 bcsId: 2110} | ret=SUCCESS |  
2019-08-23 18:28:59,548 | INFO  | DNAudit | user=null | ip=null | op=WRITE_CHUNK {blockData=conID: 1 locID: 102667710595072491 bcsId: 2110} | ret=SUCCESS |  
2019-08-23 18:28:59,548 | INFO  | DNAudit | user=null | ip=null | op=WRITE_CHUNK {blockData=conID: 1 locID: 102667710595072491 bcsId: 2110} | ret=SUCCESS |  
2019-08-23 18:28:59,552 | INFO  | DNAudit | user=null | ip=null | op=WRITE_CHUNK {blockData=conID: 1 locID: 102667710595072491 bcsId: 2105} | ret=SUCCESS |  
2019-08-23 18:28:59,552 | INFO  | DNAudit | user=null | ip=null | op=WRITE_CHUNK {blockData=conID: 1 locID: 102667710595072491 bcsId: 2105} | ret=SUCCESS |  
2019-08-23 18:28:59,553 | INFO  | DNAudit | user=null | ip=null | op=PUT_BLOCK {blockData=[blockId=conID: 1 locID: 102667710595072491 bcsId: 0,size=3145728]} | ret=SUCCESS |  
2019-08-23 18:28:59,553 | INFO  | DNAudit | user=null | ip=null | op=PUT_BLOCK {blockData=[blockId=conID: 1 locID: 102667710595072491 bcsId: 0,size=3145728]} | ret=SUCCESS |  
2019-08-23 18:28:59,553 | INFO  | DNAudit | user=null | ip=null | op=WRITE_CHUNK {blockData=conID: 1 locID: 102667710595072491 bcsId: 2110} | ret=SUCCESS |  
2019-08-23 18:28:59,554 | INFO  | DNAudit | user=null | ip=null | op=PUT_BLOCK {blockData=[blockId=conID: 1 locID: 102667710595072491 bcsId: 0,size=4194304]} | ret=SUCCESS |  
2019-08-23 18:28:59,554 [grpc-default-executor-4] INFO  client.GrpcClientProtocolClient (GrpcClientProtocolClient.java:onNext(255)) - client-19C32667576E->48affcab-e6e4-4602-963a-f6a50efbd54c: receive RaftClientReply:client-19C32667576E->48affcab-e6e4-4602-963a-f6a50efbd54c@group-50C56EAF5137, cid=1477, SUCCESS, logIndex=2113, commits[48affcab-e6e4-4602-963a-f6a50efbd54c:c2114, 7e391b60-07ae-4d97-a027-4756e468c032:c2110, c5f86d96-67df-4f25-bde3-316f439d30b3:c2110]
2019-08-23 18:28:59,554 [grpc-default-executor-4] INFO  client.GrpcClientProtocolClient (GrpcClientProtocolClient.java:onNext(255)) - client-19C32667576E->48affcab-e6e4-4602-963a-f6a50efbd54c: receive RaftClientReply:client-19C32667576E->48affcab-e6e4-4602-963a-f6a50efbd54c@group-50C56EAF5137, cid=1478, SUCCESS, logIndex=2114, commits[48affcab-e6e4-4602-963a-f6a50efbd54c:c2114, 7e391b60-07ae-4d97-a027-4756e468c032:c2110, c5f86d96-67df-4f25-bde3-316f439d30b3:c2110]
2019-08-23 18:28:59,565 | INFO  | DNAudit | user=null | ip=null | op=WRITE_CHUNK {blockData=conID: 1 locID: 102667710595072491 bcsId: 2110} | ret=SUCCESS |  
2019-08-23 18:28:59,565 | INFO  | DNAudit | user=null | ip=null | op=WRITE_CHUNK {blockData=conID: 1 locID: 102667710595072491 bcsId: 2110} | ret=SUCCESS |  
2019-08-23 18:28:59,566 | INFO  | DNAudit | user=null | ip=null | op=PUT_BLOCK {blockData=[blockId=conID: 1 locID: 102667710595072491 bcsId: 0,size=4194304]} | ret=SUCCESS |  
2019-08-23 18:28:59,566 | INFO  | DNAudit | user=null | ip=null | op=PUT_BLOCK {blockData=[blockId=conID: 1 locID: 102667710595072491 bcsId: 0,size=4194304]} | ret=SUCCESS |  
2019-08-23 18:28:59,566 [grpc-default-executor-5] INFO  client.GrpcClientProtocolClient (GrpcClientProtocolClient.java:onNext(255)) - client-19C32667576E->48affcab-e6e4-4602-963a-f6a50efbd54c: receive RaftClientReply:client-19C32667576E->48affcab-e6e4-4602-963a-f6a50efbd54c@group-50C56EAF5137, cid=1479, SUCCESS, logIndex=0, commits[48affcab-e6e4-4602-963a-f6a50efbd54c:c2116, 7e391b60-07ae-4d97-a027-4756e468c032:c2114, c5f86d96-67df-4f25-bde3-316f439d30b3:c2114]
2019-08-23 18:28:59,571 | INFO  | SCMAudit | user=jenkins1000 | ip=192.168.34.23 | op=ALLOCATE_BLOCK {owner=1ceb8b80-28f1-43fd-86c3-175afc07b8d1, size=4194304, type=RATIS, factor=THREE} | ret=SUCCESS |  
2019-08-23 18:28:59,573 | INFO  | OMAudit | user=jenkins1000 | ip=127.0.0.1 | op=ALLOCATE_BLOCK {volume=vol-0-45438, bucket=bucket-0-23891, key=key-0-22455, dataSize=0, replicationType=null, replicationFactor=null, keyLocationInfo=null, clientID=102667710122492306} | ret=SUCCESS |  
2019-08-23 18:28:59,579 | INFO  | DNAudit | user=null | ip=null | op=WRITE_CHUNK {blockData=conID: 2 locID: 102667710599660012 bcsId: 0} | ret=SUCCESS |  
2019-08-23 18:28:59,582 | INFO  | DNAudit | user=null | ip=null | op=WRITE_CHUNK {blockData=conID: 2 locID: 102667710599660012 bcsId: 0} | ret=SUCCESS |  
2019-08-23 18:28:59,582 | INFO  | DNAudit | user=null | ip=null | op=WRITE_CHUNK {blockData=conID: 2 locID: 102667710599660012 bcsId: 0} | ret=SUCCESS |  
2019-08-23 18:28:59,584 | INFO  | DNAudit | user=null | ip=null | op=WRITE_CHUNK {blockData=conID: 2 locID: 102667710599660012 bcsId: 0} | ret=SUCCESS |  
2019-08-23 18:28:59,584 | INFO  | DNAudit | user=null | ip=null | op=WRITE_CHUNK {blockData=conID: 2 locID: 102667710599660012 bcsId: 0} | ret=SUCCESS |  
2019-08-23 18:28:59,584 | INFO  | DNAudit | user=null | ip=null | op=WRITE_CHUNK {blockData=conID: 2 locID: 102667710599660012 bcsId: 0} | ret=SUCCESS |  
2019-08-23 18:28:59,591 | INFO  | DNAudit | user=null | ip=null | op=WRITE_CHUNK {blockData=conID: 2 locID: 102667710599660012 bcsId: 0} | ret=SUCCESS |  
2019-08-23 18:28:59,592 | INFO  | DNAudit | user=null | ip=null | op=PUT_BLOCK {blockData=[blockId=conID: 2 locID: 102667710599660012 bcsId: 0,size=1048576]} | ret=SUCCESS |  
2019-08-23 18:28:59,592 | INFO  | DNAudit | user=null | ip=null | op=WRITE_CHUNK {blockData=conID: 2 locID: 102667710599660012 bcsId: 0} | ret=SUCCESS |  
2019-08-23 18:28:59,592 [grpc-default-executor-5] INFO  client.GrpcClientProtocolClient (GrpcClientProtocolClient.java:onNext(255)) - client-19C32667576E->48affcab-e6e4-4602-963a-f6a50efbd54c: receive RaftClientReply:client-19C32667576E->48affcab-e6e4-4602-963a-f6a50efbd54c@group-50C56EAF5137, cid=1480, SUCCESS, logIndex=2117, commits[48affcab-e6e4-4602-963a-f6a50efbd54c:c2120, 7e391b60-07ae-4d97-a027-4756e468c032:c2116, c5f86d96-67df-4f25-bde3-316f439d30b3:c2116]
2019-08-23 18:28:59,592 | INFO  | DNAudit | user=null | ip=null | op=PUT_BLOCK {blockData=[blockId=conID: 2 locID: 102667710599660012 bcsId: 0,size=2097152]} | ret=SUCCESS |  
2019-08-23 18:28:59,593 [grpc-default-executor-5] INFO  client.GrpcClientProtocolClient (GrpcClientProtocolClient.java:onNext(255)) - client-19C32667576E->48affcab-e6e4-4602-963a-f6a50efbd54c: receive RaftClientReply:client-19C32667576E->48affcab-e6e4-4602-963a-f6a50efbd54c@group-50C56EAF5137, cid=1481, SUCCESS, logIndex=2118, commits[48affcab-e6e4-4602-963a-f6a50efbd54c:c2120, 7e391b60-07ae-4d97-a027-4756e468c032:c2116, c5f86d96-67df-4f25-bde3-316f439d30b3:c2116]
2019-08-23 18:28:59,593 | INFO  | DNAudit | user=null | ip=null | op=WRITE_CHUNK {blockData=conID: 2 locID: 102667710599660012 bcsId: 0} | ret=SUCCESS |  
2019-08-23 18:28:59,593 | INFO  | DNAudit | user=null | ip=null | op=PUT_BLOCK {blockData=[blockId=conID: 2 locID: 102667710599660012 bcsId: 0,size=1048576]} | ret=SUCCESS |  
2019-08-23 18:28:59,593 | INFO  | DNAudit | user=null | ip=null | op=WRITE_CHUNK {blockData=conID: 2 locID: 102667710599660012 bcsId: 0} | ret=SUCCESS |  
2019-08-23 18:28:59,593 | INFO  | DNAudit | user=null | ip=null | op=PUT_BLOCK {blockData=[blockId=conID: 2 locID: 102667710599660012 bcsId: 0,size=2097152]} | ret=SUCCESS |  
2019-08-23 18:28:59,594 [grpc-default-executor-5] INFO  client.GrpcClientProtocolClient (GrpcClientProtocolClient.java:onNext(255)) - client-19C32667576E->48affcab-e6e4-4602-963a-f6a50efbd54c: receive RaftClientReply:client-19C32667576E->48affcab-e6e4-4602-963a-f6a50efbd54c@group-50C56EAF5137, cid=1482, SUCCESS, logIndex=2119, commits[48affcab-e6e4-4602-963a-f6a50efbd54c:c2120, 7e391b60-07ae-4d97-a027-4756e468c032:c2116, c5f86d96-67df-4f25-bde3-316f439d30b3:c2116]
2019-08-23 18:28:59,594 [grpc-default-executor-5] INFO  client.GrpcClientProtocolClient (GrpcClientProtocolClient.java:onNext(255)) - client-19C32667576E->48affcab-e6e4-4602-963a-f6a50efbd54c: receive RaftClientReply:client-19C32667576E->48affcab-e6e4-4602-963a-f6a50efbd54c@group-50C56EAF5137, cid=1483, SUCCESS, logIndex=2120, commits[48affcab-e6e4-4602-963a-f6a50efbd54c:c2120, 7e391b60-07ae-4d97-a027-4756e468c032:c2116, c5f86d96-67df-4f25-bde3-316f439d30b3:c2116]
2019-08-23 18:28:59,594 | INFO  | DNAudit | user=null | ip=null | op=WRITE_CHUNK {blockData=conID: 2 locID: 102667710599660012 bcsId: 0} | ret=SUCCESS |  
2019-08-23 18:28:59,594 | INFO  | DNAudit | user=null | ip=null | op=PUT_BLOCK {blockData=[blockId=conID: 2 locID: 102667710599660012 bcsId: 0,size=1048576]} | ret=SUCCESS |  
2019-08-23 18:28:59,594 | INFO  | DNAudit | user=null | ip=null | op=WRITE_CHUNK {blockData=conID: 2 locID: 102667710599660012 bcsId: 0} | ret=SUCCESS |  
2019-08-23 18:28:59,595 | INFO  | DNAudit | user=null | ip=null | op=PUT_BLOCK {blockData=[blockId=conID: 2 locID: 102667710599660012 bcsId: 0,size=2097152]} | ret=SUCCESS |  
2019-08-23 18:28:59,595 [grpc-default-executor-5] INFO  client.GrpcClientProtocolClient (GrpcClientProtocolClient.java:onNext(255)) - client-19C32667576E->48affcab-e6e4-4602-963a-f6a50efbd54c: receive RaftClientReply:client-19C32667576E->48affcab-e6e4-4602-963a-f6a50efbd54c@group-50C56EAF5137, cid=1484, SUCCESS, logIndex=0, commits[48affcab-e6e4-4602-963a-f6a50efbd54c:c2122, 7e391b60-07ae-4d97-a027-4756e468c032:c2120, c5f86d96-67df-4f25-bde3-316f439d30b3:c2120]
2019-08-23 18:28:59,600 | INFO  | DNAudit | user=null | ip=null | op=WRITE_CHUNK {blockData=conID: 2 locID: 102667710599660012 bcsId: 2120} | ret=SUCCESS |  
2019-08-23 18:28:59,604 | INFO  | DNAudit | user=null | ip=null | op=WRITE_CHUNK {blockData=conID: 2 locID: 102667710599660012 bcsId: 2120} | ret=SUCCESS |  
2019-08-23 18:28:59,606 | INFO  | DNAudit | user=null | ip=null | op=WRITE_CHUNK {blockData=conID: 2 locID: 102667710599660012 bcsId: 2120} | ret=SUCCESS |  
2019-08-23 18:28:59,613 | INFO  | DNAudit | user=null | ip=null | op=WRITE_CHUNK {blockData=conID: 2 locID: 102667710599660012 bcsId: 2120} | ret=SUCCESS |  
2019-08-23 18:28:59,708 | INFO  | DNAudit | user=null | ip=null | op=PUT_BLOCK {blockData=[blockId=conID: 2 locID: 102667710599660012 bcsId: 0,size=3145728]} | ret=SUCCESS |  
2019-08-23 18:28:59,709 [grpc-default-executor-4] INFO  client.GrpcClientProtocolClient (GrpcClientProtocolClient.java:onNext(255)) - client-19C32667576E->48affcab-e6e4-4602-963a-f6a50efbd54c: receive RaftClientReply:client-19C32667576E->48affcab-e6e4-4602-963a-f6a50efbd54c@group-50C56EAF5137, cid=1485, SUCCESS, logIndex=2123, commits[48affcab-e6e4-4602-963a-f6a50efbd54c:c2124, 7e391b60-07ae-4d97-a027-4756e468c032:c2122, c5f86d96-67df-4f25-bde3-316f439d30b3:c2122]
2019-08-23 18:28:59,709 | INFO  | DNAudit | user=null | ip=null | op=WRITE_CHUNK {blockData=conID: 2 locID: 102667710599660012 bcsId: 2120} | ret=SUCCESS |  
2019-08-23 18:28:59,709 | INFO  | SCMAudit | user=jenkins1000 | ip=192.168.34.23 | op=SEND_HEARTBEAT {datanodeUUID=58706fd2-d7f7-4771-af80-9e0541495c87, command=[]} | ret=SUCCESS |  
2019-08-23 18:28:59,709 [grpc-default-executor-4] INFO  client.GrpcClientProtocolClient (GrpcClientProtocolClient.java:onNext(255)) - client-19C32667576E->48affcab-e6e4-4602-963a-f6a50efbd54c: receive RaftClientReply:client-19C32667576E->48affcab-e6e4-4602-963a-f6a50efbd54c@group-50C56EAF5137, cid=1486, SUCCESS, logIndex=2124, commits[48affcab-e6e4-4602-963a-f6a50efbd54c:c2124, 7e391b60-07ae-4d97-a027-4756e468c032:c2122, c5f86d96-67df-4f25-bde3-316f439d30b3:c2122]
2019-08-23 18:28:59,709 | INFO  | SCMAudit | user=jenkins1000 | ip=192.168.34.23 | op=SEND_HEARTBEAT {datanodeUUID=48affcab-e6e4-4602-963a-f6a50efbd54c, command=[]} | ret=SUCCESS |  
2019-08-23 18:28:59,709 | INFO  | SCMAudit | user=jenkins1000 | ip=192.168.34.23 | op=SEND_HEARTBEAT {datanodeUUID=c5f86d96-67df-4f25-bde3-316f439d30b3, command=[]} | ret=SUCCESS |  
2019-08-23 18:28:59,709 | INFO  | SCMAudit | user=jenkins1000 | ip=192.168.34.23 | op=SEND_HEARTBEAT {datanodeUUID=7e391b60-07ae-4d97-a027-4756e468c032, command=[]} | ret=SUCCESS |  
2019-08-23 18:28:59,710 | INFO  | DNAudit | user=null | ip=null | op=WRITE_CHUNK {blockData=conID: 2 locID: 102667710599660012 bcsId: 2120} | ret=SUCCESS |  
2019-08-23 18:28:59,709 | INFO  | DNAudit | user=null | ip=null | op=PUT_BLOCK {blockData=[blockId=conID: 2 locID: 102667710599660012 bcsId: 0,size=3145728]} | ret=SUCCESS |  
2019-08-23 18:28:59,710 | INFO  | DNAudit | user=null | ip=null | op=PUT_BLOCK {blockData=[blockId=conID: 2 locID: 102667710599660012 bcsId: 0,size=3145728]} | ret=SUCCESS |  
2019-08-23 18:28:59,717 | INFO  | DNAudit | user=null | ip=null | op=WRITE_CHUNK {blockData=conID: 2 locID: 102667710599660012 bcsId: 2124} | ret=SUCCESS |  
2019-08-23 18:28:59,720 | INFO  | DNAudit | user=null | ip=null | op=WRITE_CHUNK {blockData=conID: 2 locID: 102667710599660012 bcsId: 2124} | ret=SUCCESS |  
2019-08-23 18:28:59,720 | INFO  | DNAudit | user=null | ip=null | op=WRITE_CHUNK {blockData=conID: 2 locID: 102667710599660012 bcsId: 2124} | ret=SUCCESS |  
2019-08-23 18:28:59,722 | INFO  | DNAudit | user=null | ip=null | op=WRITE_CHUNK {blockData=conID: 2 locID: 102667710599660012 bcsId: 2124} | ret=SUCCESS |  
2019-08-23 18:28:59,722 | INFO  | DNAudit | user=null | ip=null | op=PUT_BLOCK {blockData=[blockId=conID: 2 locID: 102667710599660012 bcsId: 0,size=4194304]} | ret=SUCCESS |  
2019-08-23 18:28:59,722 [grpc-default-executor-5] INFO  client.GrpcClientProtocolClient (GrpcClientProtocolClient.java:onNext(255)) - client-19C32667576E->48affcab-e6e4-4602-963a-f6a50efbd54c: receive RaftClientReply:client-19C32667576E->48affcab-e6e4-4602-963a-f6a50efbd54c@group-50C56EAF5137, cid=1487, SUCCESS, logIndex=2127, commits[48affcab-e6e4-4602-963a-f6a50efbd54c:c2128, 7e391b60-07ae-4d97-a027-4756e468c032:c2125, c5f86d96-67df-4f25-bde3-316f439d30b3:c2125]
2019-08-23 18:28:59,722 [grpc-default-executor-5] INFO  client.GrpcClientProtocolClient (GrpcClientProtocolClient.java:onNext(255)) - client-19C32667576E->48affcab-e6e4-4602-963a-f6a50efbd54c: receive RaftClientReply:client-19C32667576E->48affcab-e6e4-4602-963a-f6a50efbd54c@group-50C56EAF5137, cid=1488, SUCCESS, logIndex=2128, commits[48affcab-e6e4-4602-963a-f6a50efbd54c:c2128, 7e391b60-07ae-4d97-a027-4756e468c032:c2125, c5f86d96-67df-4f25-bde3-316f439d30b3:c2125]
2019-08-23 18:28:59,733 | INFO  | DNAudit | user=null | ip=null | op=WRITE_CHUNK {blockData=conID: 2 locID: 102667710599660012 bcsId: 2124} | ret=SUCCESS |  
2019-08-23 18:28:59,733 | INFO  | DNAudit | user=null | ip=null | op=WRITE_CHUNK {blockData=conID: 2 locID: 102667710599660012 bcsId: 2124} | ret=SUCCESS |  
2019-08-23 18:28:59,736 | INFO  | DNAudit | user=null | ip=null | op=PUT_BLOCK {blockData=[blockId=conID: 2 locID: 102667710599660012 bcsId: 0,size=4194304]} | ret=SUCCESS |  
2019-08-23 18:28:59,736 | INFO  | DNAudit | user=null | ip=null | op=PUT_BLOCK {blockData=[blockId=conID: 2 locID: 102667710599660012 bcsId: 0,size=4194304]} | ret=SUCCESS |  
2019-08-23 18:28:59,737 [grpc-default-executor-5] INFO  client.GrpcClientProtocolClient (GrpcClientProtocolClient.java:onNext(255)) - client-19C32667576E->48affcab-e6e4-4602-963a-f6a50efbd54c: receive RaftClientReply:client-19C32667576E->48affcab-e6e4-4602-963a-f6a50efbd54c@group-50C56EAF5137, cid=1489, SUCCESS, logIndex=0, commits[48affcab-e6e4-4602-963a-f6a50efbd54c:c2129, 7e391b60-07ae-4d97-a027-4756e468c032:c2128, c5f86d96-67df-4f25-bde3-316f439d30b3:c2128]
2019-08-23 18:28:59,745 | INFO  | SCMAudit | user=jenkins1000 | ip=192.168.34.23 | op=ALLOCATE_BLOCK {owner=1ceb8b80-28f1-43fd-86c3-175afc07b8d1, size=4194304, type=RATIS, factor=THREE} | ret=SUCCESS |  
2019-08-23 18:28:59,749 | INFO  | OMAudit | user=jenkins1000 | ip=127.0.0.1 | op=ALLOCATE_BLOCK {volume=vol-0-45438, bucket=bucket-0-23891, key=key-0-22455, dataSize=0, replicationType=null, replicationFactor=null, keyLocationInfo=null, clientID=102667710122492306} | ret=SUCCESS |  
2019-08-23 18:28:59,757 | INFO  | DNAudit | user=null | ip=null | op=WRITE_CHUNK {blockData=conID: 3 locID: 102667710611128813 bcsId: 0} | ret=SUCCESS |  
2019-08-23 18:28:59,759 | INFO  | DNAudit | user=null | ip=null | op=WRITE_CHUNK {blockData=conID: 3 locID: 102667710611128813 bcsId: 0} | ret=SUCCESS |  
2019-08-23 18:28:59,761 | INFO  | DNAudit | user=null | ip=null | op=WRITE_CHUNK {blockData=conID: 3 locID: 102667710611128813 bcsId: 0} | ret=SUCCESS |  
2019-08-23 18:28:59,761 | INFO  | DNAudit | user=null | ip=null | op=WRITE_CHUNK {blockData=conID: 3 locID: 102667710611128813 bcsId: 0} | ret=SUCCESS |  
2019-08-23 18:28:59,763 | INFO  | DNAudit | user=null | ip=null | op=WRITE_CHUNK {blockData=conID: 3 locID: 102667710611128813 bcsId: 0} | ret=SUCCESS |  
2019-08-23 18:28:59,763 | INFO  | DNAudit | user=null | ip=null | op=WRITE_CHUNK {blockData=conID: 3 locID: 102667710611128813 bcsId: 0} | ret=SUCCESS |  
2019-08-23 18:28:59,770 | INFO  | DNAudit | user=null | ip=null | op=WRITE_CHUNK {blockData=conID: 3 locID: 102667710611128813 bcsId: 0} | ret=SUCCESS |  
2019-08-23 18:28:59,770 | INFO  | DNAudit | user=null | ip=null | op=PUT_BLOCK {blockData=[blockId=conID: 3 locID: 102667710611128813 bcsId: 0,size=1048576]} | ret=SUCCESS |  
2019-08-23 18:28:59,770 | INFO  | DNAudit | user=null | ip=null | op=WRITE_CHUNK {blockData=conID: 3 locID: 102667710611128813 bcsId: 0} | ret=SUCCESS |  
2019-08-23 18:28:59,770 [grpc-default-executor-4] INFO  client.GrpcClientProtocolClient (GrpcClientProtocolClient.java:onNext(255)) - client-19C32667576E->48affcab-e6e4-4602-963a-f6a50efbd54c: receive RaftClientReply:client-19C32667576E->48affcab-e6e4-4602-963a-f6a50efbd54c@group-50C56EAF5137, cid=1490, SUCCESS, logIndex=2131, commits[48affcab-e6e4-4602-963a-f6a50efbd54c:c2132, 7e391b60-07ae-4d97-a027-4756e468c032:c2130, c5f86d96-67df-4f25-bde3-316f439d30b3:c2130]
2019-08-23 18:28:59,770 | INFO  | DNAudit | user=null | ip=null | op=PUT_BLOCK {blockData=[blockId=conID: 3 locID: 102667710611128813 bcsId: 0,size=2097152]} | ret=SUCCESS |  
2019-08-23 18:28:59,771 [grpc-default-executor-4] INFO  client.GrpcClientProtocolClient (GrpcClientProtocolClient.java:onNext(255)) - client-19C32667576E->48affcab-e6e4-4602-963a-f6a50efbd54c: receive RaftClientReply:client-19C32667576E->48affcab-e6e4-4602-963a-f6a50efbd54c@group-50C56EAF5137, cid=1491, SUCCESS, logIndex=2132, commits[48affcab-e6e4-4602-963a-f6a50efbd54c:c2134, 7e391b60-07ae-4d97-a027-4756e468c032:c2130, c5f86d96-67df-4f25-bde3-316f439d30b3:c2130]
2019-08-23 18:28:59,771 | INFO  | DNAudit | user=null | ip=null | op=WRITE_CHUNK {blockData=conID: 3 locID: 102667710611128813 bcsId: 0} | ret=SUCCESS |  
2019-08-23 18:28:59,771 | INFO  | DNAudit | user=null | ip=null | op=WRITE_CHUNK {blockData=conID: 3 locID: 102667710611128813 bcsId: 0} | ret=SUCCESS |  
2019-08-23 18:28:59,771 [grpc-default-executor-3] INFO  client.GrpcClientProtocolClient (GrpcClientProtocolClient.java:onNext(255)) - client-19C32667576E->48affcab-e6e4-4602-963a-f6a50efbd54c: receive RaftClientReply:client-19C32667576E->48affcab-e6e4-4602-963a-f6a50efbd54c@group-50C56EAF5137, cid=1492, SUCCESS, logIndex=2133, commits[48affcab-e6e4-4602-963a-f6a50efbd54c:c2134, 7e391b60-07ae-4d97-a027-4756e468c032:c2130, c5f86d96-67df-4f25-bde3-316f439d30b3:c2130]
2019-08-23 18:28:59,771 [grpc-default-executor-3] INFO  client.GrpcClientProtocolClient (GrpcClientProtocolClient.java:onNext(255)) - client-19C32667576E->48affcab-e6e4-4602-963a-f6a50efbd54c: receive RaftClientReply:client-19C32667576E->48affcab-e6e4-4602-963a-f6a50efbd54c@group-50C56EAF5137, cid=1493, SUCCESS, logIndex=2134, commits[48affcab-e6e4-4602-963a-f6a50efbd54c:c2134, 7e391b60-07ae-4d97-a027-4756e468c032:c2130, c5f86d96-67df-4f25-bde3-316f439d30b3:c2130]
2019-08-23 18:28:59,772 | INFO  | DNAudit | user=null | ip=null | op=PUT_BLOCK {blockData=[blockId=conID: 3 locID: 102667710611128813 bcsId: 0,size=1048576]} | ret=SUCCESS |  
2019-08-23 18:28:59,772 | INFO  | DNAudit | user=null | ip=null | op=PUT_BLOCK {blockData=[blockId=conID: 3 locID: 102667710611128813 bcsId: 0,size=1048576]} | ret=SUCCESS |  
2019-08-23 18:28:59,772 | INFO  | DNAudit | user=null | ip=null | op=WRITE_CHUNK {blockData=conID: 3 locID: 102667710611128813 bcsId: 0} | ret=SUCCESS |  
2019-08-23 18:28:59,772 | INFO  | DNAudit | user=null | ip=null | op=WRITE_CHUNK {blockData=conID: 3 locID: 102667710611128813 bcsId: 0} | ret=SUCCESS |  
2019-08-23 18:28:59,773 | INFO  | DNAudit | user=null | ip=null | op=PUT_BLOCK {blockData=[blockId=conID: 3 locID: 102667710611128813 bcsId: 0,size=2097152]} | ret=SUCCESS |  
2019-08-23 18:28:59,773 [grpc-default-executor-4] INFO  client.GrpcClientProtocolClient (GrpcClientProtocolClient.java:onNext(255)) - client-19C32667576E->48affcab-e6e4-4602-963a-f6a50efbd54c: receive RaftClientReply:client-19C32667576E->48affcab-e6e4-4602-963a-f6a50efbd54c@group-50C56EAF5137, cid=1494, SUCCESS, logIndex=0, commits[48affcab-e6e4-4602-963a-f6a50efbd54c:c2135, 7e391b60-07ae-4d97-a027-4756e468c032:c2132, c5f86d96-67df-4f25-bde3-316f439d30b3:c2132]
2019-08-23 18:28:59,773 | INFO  | DNAudit | user=null | ip=null | op=PUT_BLOCK {blockData=[blockId=conID: 3 locID: 102667710611128813 bcsId: 0,size=2097152]} | ret=SUCCESS |  
2019-08-23 18:28:59,778 | INFO  | DNAudit | user=null | ip=null | op=WRITE_CHUNK {blockData=conID: 3 locID: 102667710611128813 bcsId: 2134} | ret=SUCCESS |  
2019-08-23 18:28:59,782 | INFO  | DNAudit | user=null | ip=null | op=WRITE_CHUNK {blockData=conID: 3 locID: 102667710611128813 bcsId: 2134} | ret=SUCCESS |  
2019-08-23 18:28:59,782 | INFO  | DNAudit | user=null | ip=null | op=WRITE_CHUNK {blockData=conID: 3 locID: 102667710611128813 bcsId: 2134} | ret=SUCCESS |  
2019-08-23 18:28:59,791 | INFO  | DNAudit | user=null | ip=null | op=WRITE_CHUNK {blockData=conID: 3 locID: 102667710611128813 bcsId: 2134} | ret=SUCCESS |  
2019-08-23 18:28:59,791 | INFO  | DNAudit | user=null | ip=null | op=PUT_BLOCK {blockData=[blockId=conID: 3 locID: 102667710611128813 bcsId: 0,size=3145728]} | ret=SUCCESS |  
2019-08-23 18:28:59,791 [grpc-default-executor-4] INFO  client.GrpcClientProtocolClient (GrpcClientProtocolClient.java:onNext(255)) - client-19C32667576E->48affcab-e6e4-4602-963a-f6a50efbd54c: receive RaftClientReply:client-19C32667576E->48affcab-e6e4-4602-963a-f6a50efbd54c@group-50C56EAF5137, cid=1495, SUCCESS, logIndex=2139, commits[48affcab-e6e4-4602-963a-f6a50efbd54c:c2140, 7e391b60-07ae-4d97-a027-4756e468c032:c2138, c5f86d96-67df-4f25-bde3-316f439d30b3:c2138]
2019-08-23 18:28:59,792 [grpc-default-executor-4] INFO  client.GrpcClientProtocolClient (GrpcClientProtocolClient.java:onNext(255)) - client-19C32667576E->48affcab-e6e4-4602-963a-f6a50efbd54c: receive RaftClientReply:client-19C32667576E->48affcab-e6e4-4602-963a-f6a50efbd54c@group-50C56EAF5137, cid=1496, SUCCESS, logIndex=2140, commits[48affcab-e6e4-4602-963a-f6a50efbd54c:c2140, 7e391b60-07ae-4d97-a027-4756e468c032:c2138, c5f86d96-67df-4f25-bde3-316f439d30b3:c2138]
2019-08-23 18:28:59,798 | INFO  | DNAudit | user=null | ip=null | op=WRITE_CHUNK {blockData=conID: 3 locID: 102667710611128813 bcsId: 2140} | ret=SUCCESS |  
2019-08-23 18:28:59,800 | INFO  | DNAudit | user=null | ip=null | op=WRITE_CHUNK {blockData=conID: 3 locID: 102667710611128813 bcsId: 2140} | ret=SUCCESS |  
2019-08-23 18:28:59,800 | INFO  | DNAudit | user=null | ip=null | op=WRITE_CHUNK {blockData=conID: 3 locID: 102667710611128813 bcsId: 2140} | ret=SUCCESS |  
2019-08-23 18:28:59,802 | INFO  | DNAudit | user=null | ip=null | op=WRITE_CHUNK {blockData=conID: 3 locID: 102667710611128813 bcsId: 2134} | ret=SUCCESS |  
2019-08-23 18:28:59,802 | INFO  | DNAudit | user=null | ip=null | op=WRITE_CHUNK {blockData=conID: 3 locID: 102667710611128813 bcsId: 2134} | ret=SUCCESS |  
2019-08-23 18:28:59,803 | INFO  | DNAudit | user=null | ip=null | op=PUT_BLOCK {blockData=[blockId=conID: 3 locID: 102667710611128813 bcsId: 0,size=3145728]} | ret=SUCCESS |  
2019-08-23 18:28:59,804 | INFO  | DNAudit | user=null | ip=null | op=PUT_BLOCK {blockData=[blockId=conID: 3 locID: 102667710611128813 bcsId: 0,size=3145728]} | ret=SUCCESS |  
2019-08-23 18:28:59,804 | INFO  | DNAudit | user=null | ip=null | op=WRITE_CHUNK {blockData=conID: 3 locID: 102667710611128813 bcsId: 2140} | ret=SUCCESS |  
2019-08-23 18:28:59,804 | INFO  | DNAudit | user=null | ip=null | op=PUT_BLOCK {blockData=[blockId=conID: 3 locID: 102667710611128813 bcsId: 0,size=4194304]} | ret=SUCCESS |  
2019-08-23 18:28:59,804 [grpc-default-executor-5] INFO  client.GrpcClientProtocolClient (GrpcClientProtocolClient.java:onNext(255)) - client-19C32667576E->48affcab-e6e4-4602-963a-f6a50efbd54c: receive RaftClientReply:client-19C32667576E->48affcab-e6e4-4602-963a-f6a50efbd54c@group-50C56EAF5137, cid=1497, SUCCESS, logIndex=2143, commits[48affcab-e6e4-4602-963a-f6a50efbd54c:c2144, 7e391b60-07ae-4d97-a027-4756e468c032:c2140, c5f86d96-67df-4f25-bde3-316f439d30b3:c2140]
2019-08-23 18:28:59,805 [grpc-default-executor-5] INFO  client.GrpcClientProtocolClient (GrpcClientProtocolClient.java:onNext(255)) - client-19C32667576E->48affcab-e6e4-4602-963a-f6a50efbd54c: receive RaftClientReply:client-19C32667576E->48affcab-e6e4-4602-963a-f6a50efbd54c@group-50C56EAF5137, cid=1498, SUCCESS, logIndex=2144, commits[48affcab-e6e4-4602-963a-f6a50efbd54c:c2144, 7e391b60-07ae-4d97-a027-4756e468c032:c2140, c5f86d96-67df-4f25-bde3-316f439d30b3:c2140]
2019-08-23 18:28:59,815 | INFO  | DNAudit | user=null | ip=null | op=WRITE_CHUNK {blockData=conID: 3 locID: 102667710611128813 bcsId: 2140} | ret=SUCCESS |  
2019-08-23 18:28:59,815 | INFO  | DNAudit | user=null | ip=null | op=WRITE_CHUNK {blockData=conID: 3 locID: 102667710611128813 bcsId: 2140} | ret=SUCCESS |  
2019-08-23 18:28:59,816 | INFO  | DNAudit | user=null | ip=null | op=PUT_BLOCK {blockData=[blockId=conID: 3 locID: 102667710611128813 bcsId: 0,size=4194304]} | ret=SUCCESS |  
2019-08-23 18:28:59,817 | INFO  | DNAudit | user=null | ip=null | op=PUT_BLOCK {blockData=[blockId=conID: 3 locID: 102667710611128813 bcsId: 0,size=4194304]} | ret=SUCCESS |  
2019-08-23 18:28:59,817 [grpc-default-executor-4] INFO  client.GrpcClientProtocolClient (GrpcClientProtocolClient.java:onNext(255)) - client-19C32667576E->48affcab-e6e4-4602-963a-f6a50efbd54c: receive RaftClientReply:client-19C32667576E->48affcab-e6e4-4602-963a-f6a50efbd54c@group-50C56EAF5137, cid=1499, SUCCESS, logIndex=0, commits[48affcab-e6e4-4602-963a-f6a50efbd54c:c2146, 7e391b60-07ae-4d97-a027-4756e468c032:c2144, c5f86d96-67df-4f25-bde3-316f439d30b3:c2144]
2019-08-23 18:28:59,821 | INFO  | SCMAudit | user=jenkins1000 | ip=192.168.34.23 | op=ALLOCATE_BLOCK {owner=1ceb8b80-28f1-43fd-86c3-175afc07b8d1, size=4194304, type=RATIS, factor=THREE} | ret=SUCCESS |  
2019-08-23 18:28:59,823 | INFO  | OMAudit | user=jenkins1000 | ip=127.0.0.1 | op=ALLOCATE_BLOCK {volume=vol-0-45438, bucket=bucket-0-23891, key=key-0-22455, dataSize=0, replicationType=null, replicationFactor=null, keyLocationInfo=null, clientID=102667710122492306} | ret=SUCCESS |  
2019-08-23 18:28:59,830 | INFO  | DNAudit | user=null | ip=null | op=WRITE_CHUNK {blockData=conID: 1 locID: 102667710616109550 bcsId: 0} | ret=SUCCESS |  
2019-08-23 18:28:59,834 | INFO  | DNAudit | user=null | ip=null | op=WRITE_CHUNK {blockData=conID: 1 locID: 102667710616109550 bcsId: 0} | ret=SUCCESS |  
2019-08-23 18:28:59,834 | INFO  | DNAudit | user=null | ip=null | op=WRITE_CHUNK {blockData=conID: 1 locID: 102667710616109550 bcsId: 0} | ret=SUCCESS |  
2019-08-23 18:28:59,834 | INFO  | DNAudit | user=null | ip=null | op=WRITE_CHUNK {blockData=conID: 1 locID: 102667710616109550 bcsId: 0} | ret=SUCCESS |  
2019-08-23 18:28:59,836 | INFO  | DNAudit | user=null | ip=null | op=WRITE_CHUNK {blockData=conID: 1 locID: 102667710616109550 bcsId: 0} | ret=SUCCESS |  
2019-08-23 18:28:59,836 | INFO  | DNAudit | user=null | ip=null | op=WRITE_CHUNK {blockData=conID: 1 locID: 102667710616109550 bcsId: 0} | ret=SUCCESS |  
2019-08-23 18:28:59,842 | INFO  | DNAudit | user=null | ip=null | op=WRITE_CHUNK {blockData=conID: 1 locID: 102667710616109550 bcsId: 0} | ret=SUCCESS |  
2019-08-23 18:28:59,843 | INFO  | DNAudit | user=null | ip=null | op=PUT_BLOCK {blockData=[blockId=conID: 1 locID: 102667710616109550 bcsId: 0,size=1048576]} | ret=SUCCESS |  
2019-08-23 18:28:59,843 | INFO  | DNAudit | user=null | ip=null | op=WRITE_CHUNK {blockData=conID: 1 locID: 102667710616109550 bcsId: 0} | ret=SUCCESS |  
2019-08-23 18:28:59,843 [grpc-default-executor-4] INFO  client.GrpcClientProtocolClient (GrpcClientProtocolClient.java:onNext(255)) - client-19C32667576E->48affcab-e6e4-4602-963a-f6a50efbd54c: receive RaftClientReply:client-19C32667576E->48affcab-e6e4-4602-963a-f6a50efbd54c@group-50C56EAF5137, cid=1500, SUCCESS, logIndex=2147, commits[48affcab-e6e4-4602-963a-f6a50efbd54c:c2148, 7e391b60-07ae-4d97-a027-4756e468c032:c2146, c5f86d96-67df-4f25-bde3-316f439d30b3:c2146]
2019-08-23 18:28:59,843 | INFO  | DNAudit | user=null | ip=null | op=PUT_BLOCK {blockData=[blockId=conID: 1 locID: 102667710616109550 bcsId: 0,size=2097152]} | ret=SUCCESS |  
2019-08-23 18:28:59,843 [grpc-default-executor-4] INFO  client.GrpcClientProtocolClient (GrpcClientProtocolClient.java:onNext(255)) - client-19C32667576E->48affcab-e6e4-4602-963a-f6a50efbd54c: receive RaftClientReply:client-19C32667576E->48affcab-e6e4-4602-963a-f6a50efbd54c@group-50C56EAF5137, cid=1501, SUCCESS, logIndex=2148, commits[48affcab-e6e4-4602-963a-f6a50efbd54c:c2150, 7e391b60-07ae-4d97-a027-4756e468c032:c2146, c5f86d96-67df-4f25-bde3-316f439d30b3:c2146]
2019-08-23 18:28:59,844 [grpc-default-executor-4] INFO  client.GrpcClientProtocolClient (GrpcClientProtocolClient.java:onNext(255)) - client-19C32667576E->48affcab-e6e4-4602-963a-f6a50efbd54c: receive RaftClientReply:client-19C32667576E->48affcab-e6e4-4602-963a-f6a50efbd54c@group-50C56EAF5137, cid=1502, SUCCESS, logIndex=2149, commits[48affcab-e6e4-4602-963a-f6a50efbd54c:c2150, 7e391b60-07ae-4d97-a027-4756e468c032:c2146, c5f86d96-67df-4f25-bde3-316f439d30b3:c2146]
2019-08-23 18:28:59,844 [grpc-default-executor-4] INFO  client.GrpcClientProtocolClient (GrpcClientProtocolClient.java:onNext(255)) - client-19C32667576E->48affcab-e6e4-4602-963a-f6a50efbd54c: receive RaftClientReply:client-19C32667576E->48affcab-e6e4-4602-963a-f6a50efbd54c@group-50C56EAF5137, cid=1503, SUCCESS, logIndex=2150, commits[48affcab-e6e4-4602-963a-f6a50efbd54c:c2150, 7e391b60-07ae-4d97-a027-4756e468c032:c2146, c5f86d96-67df-4f25-bde3-316f439d30b3:c2146]
2019-08-23 18:28:59,844 | INFO  | DNAudit | user=null | ip=null | op=WRITE_CHUNK {blockData=conID: 1 locID: 102667710616109550 bcsId: 0} | ret=SUCCESS |  
2019-08-23 18:28:59,845 | INFO  | DNAudit | user=null | ip=null | op=WRITE_CHUNK {blockData=conID: 1 locID: 102667710616109550 bcsId: 0} | ret=SUCCESS |  
2019-08-23 18:28:59,845 | INFO  | DNAudit | user=null | ip=null | op=PUT_BLOCK {blockData=[blockId=conID: 1 locID: 102667710616109550 bcsId: 0,size=1048576]} | ret=SUCCESS |  
2019-08-23 18:28:59,845 | INFO  | DNAudit | user=null | ip=null | op=PUT_BLOCK {blockData=[blockId=conID: 1 locID: 102667710616109550 bcsId: 0,size=1048576]} | ret=SUCCESS |  
2019-08-23 18:28:59,845 | INFO  | DNAudit | user=null | ip=null | op=WRITE_CHUNK {blockData=conID: 1 locID: 102667710616109550 bcsId: 0} | ret=SUCCESS |  
2019-08-23 18:28:59,845 | INFO  | DNAudit | user=null | ip=null | op=PUT_BLOCK {blockData=[blockId=conID: 1 locID: 102667710616109550 bcsId: 0,size=2097152]} | ret=SUCCESS |  
2019-08-23 18:28:59,845 [grpc-default-executor-0] INFO  client.GrpcClientProtocolClient (GrpcClientProtocolClient.java:onNext(255)) - client-19C32667576E->48affcab-e6e4-4602-963a-f6a50efbd54c: receive RaftClientReply:client-19C32667576E->48affcab-e6e4-4602-963a-f6a50efbd54c@group-50C56EAF5137, cid=1504, SUCCESS, logIndex=0, commits[48affcab-e6e4-4602-963a-f6a50efbd54c:c2153, 7e391b60-07ae-4d97-a027-4756e468c032:c2150, c5f86d96-67df-4f25-bde3-316f439d30b3:c2148]
2019-08-23 18:28:59,846 | INFO  | DNAudit | user=null | ip=null | op=WRITE_CHUNK {blockData=conID: 1 locID: 102667710616109550 bcsId: 0} | ret=SUCCESS |  
2019-08-23 18:28:59,846 | INFO  | DNAudit | user=null | ip=null | op=PUT_BLOCK {blockData=[blockId=conID: 1 locID: 102667710616109550 bcsId: 0,size=2097152]} | ret=SUCCESS |  
2019-08-23 18:28:59,852 | INFO  | DNAudit | user=null | ip=null | op=WRITE_CHUNK {blockData=conID: 1 locID: 102667710616109550 bcsId: 2150} | ret=SUCCESS |  
2019-08-23 18:28:59,855 | INFO  | DNAudit | user=null | ip=null | op=WRITE_CHUNK {blockData=conID: 1 locID: 102667710616109550 bcsId: 2150} | ret=SUCCESS |  
2019-08-23 18:28:59,856 | INFO  | DNAudit | user=null | ip=null | op=WRITE_CHUNK {blockData=conID: 1 locID: 102667710616109550 bcsId: 2150} | ret=SUCCESS |  
2019-08-23 18:28:59,867 | INFO  | DNAudit | user=null | ip=null | op=WRITE_CHUNK {blockData=conID: 1 locID: 102667710616109550 bcsId: 2150} | ret=SUCCESS |  
2019-08-23 18:28:59,868 | INFO  | DNAudit | user=null | ip=null | op=PUT_BLOCK {blockData=[blockId=conID: 1 locID: 102667710616109550 bcsId: 0,size=3145728]} | ret=SUCCESS |  
2019-08-23 18:28:59,868 [grpc-default-executor-4] INFO  client.GrpcClientProtocolClient (GrpcClientProtocolClient.java:onNext(255)) - client-19C32667576E->48affcab-e6e4-4602-963a-f6a50efbd54c: receive RaftClientReply:client-19C32667576E->48affcab-e6e4-4602-963a-f6a50efbd54c@group-50C56EAF5137, cid=1505, SUCCESS, logIndex=2155, commits[48affcab-e6e4-4602-963a-f6a50efbd54c:c2156, 7e391b60-07ae-4d97-a027-4756e468c032:c2154, c5f86d96-67df-4f25-bde3-316f439d30b3:c2154]
2019-08-23 18:28:59,868 [grpc-default-executor-4] INFO  client.GrpcClientProtocolClient (GrpcClientProtocolClient.java:onNext(255)) - client-19C32667576E->48affcab-e6e4-4602-963a-f6a50efbd54c: receive RaftClientReply:client-19C32667576E->48affcab-e6e4-4602-963a-f6a50efbd54c@group-50C56EAF5137, cid=1506, SUCCESS, logIndex=2156, commits[48affcab-e6e4-4602-963a-f6a50efbd54c:c2156, 7e391b60-07ae-4d97-a027-4756e468c032:c2154, c5f86d96-67df-4f25-bde3-316f439d30b3:c2154]
2019-08-23 18:28:59,874 | INFO  | DNAudit | user=null | ip=null | op=WRITE_CHUNK {blockData=conID: 1 locID: 102667710616109550 bcsId: 2156} | ret=SUCCESS |  
2019-08-23 18:28:59,876 | INFO  | DNAudit | user=null | ip=null | op=WRITE_CHUNK {blockData=conID: 1 locID: 102667710616109550 bcsId: 2156} | ret=SUCCESS |  
2019-08-23 18:28:59,877 | INFO  | DNAudit | user=null | ip=null | op=WRITE_CHUNK {blockData=conID: 1 locID: 102667710616109550 bcsId: 2156} | ret=SUCCESS |  
2019-08-23 18:28:59,879 | INFO  | DNAudit | user=null | ip=null | op=WRITE_CHUNK {blockData=conID: 1 locID: 102667710616109550 bcsId: 2150} | ret=SUCCESS |  
2019-08-23 18:28:59,879 | INFO  | DNAudit | user=null | ip=null | op=WRITE_CHUNK {blockData=conID: 1 locID: 102667710616109550 bcsId: 2150} | ret=SUCCESS |  
2019-08-23 18:28:59,879 | INFO  | DNAudit | user=null | ip=null | op=PUT_BLOCK {blockData=[blockId=conID: 1 locID: 102667710616109550 bcsId: 0,size=3145728]} | ret=SUCCESS |  
2019-08-23 18:28:59,880 | INFO  | DNAudit | user=null | ip=null | op=PUT_BLOCK {blockData=[blockId=conID: 1 locID: 102667710616109550 bcsId: 0,size=3145728]} | ret=SUCCESS |  
2019-08-23 18:28:59,882 | INFO  | DNAudit | user=null | ip=null | op=WRITE_CHUNK {blockData=conID: 1 locID: 102667710616109550 bcsId: 2156} | ret=SUCCESS |  
2019-08-23 18:28:59,883 | INFO  | DNAudit | user=null | ip=null | op=PUT_BLOCK {blockData=[blockId=conID: 1 locID: 102667710616109550 bcsId: 0,size=4194304]} | ret=SUCCESS |  
2019-08-23 18:28:59,883 [grpc-default-executor-4] INFO  client.GrpcClientProtocolClient (GrpcClientProtocolClient.java:onNext(255)) - client-19C32667576E->48affcab-e6e4-4602-963a-f6a50efbd54c: receive RaftClientReply:client-19C32667576E->48affcab-e6e4-4602-963a-f6a50efbd54c@group-50C56EAF5137, cid=1507, SUCCESS, logIndex=2158, commits[48affcab-e6e4-4602-963a-f6a50efbd54c:c2159, 7e391b60-07ae-4d97-a027-4756e468c032:c2156, c5f86d96-67df-4f25-bde3-316f439d30b3:c2156]
2019-08-23 18:28:59,883 [grpc-default-executor-4] INFO  client.GrpcClientProtocolClient (GrpcClientProtocolClient.java:onNext(255)) - client-19C32667576E->48affcab-e6e4-4602-963a-f6a50efbd54c: receive RaftClientReply:client-19C32667576E->48affcab-e6e4-4602-963a-f6a50efbd54c@group-50C56EAF5137, cid=1508, SUCCESS, logIndex=2159, commits[48affcab-e6e4-4602-963a-f6a50efbd54c:c2159, 7e391b60-07ae-4d97-a027-4756e468c032:c2156, c5f86d96-67df-4f25-bde3-316f439d30b3:c2156]
2019-08-23 18:28:59,893 | INFO  | DNAudit | user=null | ip=null | op=WRITE_CHUNK {blockData=conID: 1 locID: 102667710616109550 bcsId: 2156} | ret=SUCCESS |  
2019-08-23 18:28:59,893 | INFO  | DNAudit | user=null | ip=null | op=WRITE_CHUNK {blockData=conID: 1 locID: 102667710616109550 bcsId: 2156} | ret=SUCCESS |  
2019-08-23 18:28:59,894 | INFO  | DNAudit | user=null | ip=null | op=PUT_BLOCK {blockData=[blockId=conID: 1 locID: 102667710616109550 bcsId: 0,size=4194304]} | ret=SUCCESS |  
2019-08-23 18:28:59,894 | INFO  | DNAudit | user=null | ip=null | op=PUT_BLOCK {blockData=[blockId=conID: 1 locID: 102667710616109550 bcsId: 0,size=4194304]} | ret=SUCCESS |  
2019-08-23 18:28:59,894 [grpc-default-executor-4] INFO  client.GrpcClientProtocolClient (GrpcClientProtocolClient.java:onNext(255)) - client-19C32667576E->48affcab-e6e4-4602-963a-f6a50efbd54c: receive RaftClientReply:client-19C32667576E->48affcab-e6e4-4602-963a-f6a50efbd54c@group-50C56EAF5137, cid=1509, SUCCESS, logIndex=0, commits[48affcab-e6e4-4602-963a-f6a50efbd54c:c2160, 7e391b60-07ae-4d97-a027-4756e468c032:c2159, c5f86d96-67df-4f25-bde3-316f439d30b3:c2159]
2019-08-23 18:28:59,898 | INFO  | SCMAudit | user=jenkins1000 | ip=192.168.34.23 | op=ALLOCATE_BLOCK {owner=1ceb8b80-28f1-43fd-86c3-175afc07b8d1, size=4194304, type=RATIS, factor=THREE} | ret=SUCCESS |  
2019-08-23 18:28:59,900 | INFO  | OMAudit | user=jenkins1000 | ip=127.0.0.1 | op=ALLOCATE_BLOCK {volume=vol-0-45438, bucket=bucket-0-23891, key=key-0-22455, dataSize=0, replicationType=null, replicationFactor=null, keyLocationInfo=null, clientID=102667710122492306} | ret=SUCCESS |  
2019-08-23 18:28:59,907 | INFO  | DNAudit | user=null | ip=null | op=WRITE_CHUNK {blockData=conID: 2 locID: 102667710621155823 bcsId: 0} | ret=SUCCESS |  
2019-08-23 18:28:59,908 | INFO  | DNAudit | user=null | ip=null | op=WRITE_CHUNK {blockData=conID: 2 locID: 102667710621155823 bcsId: 0} | ret=SUCCESS |  
2019-08-23 18:28:59,909 | INFO  | DNAudit | user=null | ip=null | op=WRITE_CHUNK {blockData=conID: 2 locID: 102667710621155823 bcsId: 0} | ret=SUCCESS |  
2019-08-23 18:28:59,909 | INFO  | DNAudit | user=null | ip=null | op=WRITE_CHUNK {blockData=conID: 2 locID: 102667710621155823 bcsId: 0} | ret=SUCCESS |  
2019-08-23 18:28:59,910 | INFO  | DNAudit | user=null | ip=null | op=WRITE_CHUNK {blockData=conID: 2 locID: 102667710621155823 bcsId: 0} | ret=SUCCESS |  
2019-08-23 18:28:59,911 | INFO  | DNAudit | user=null | ip=null | op=WRITE_CHUNK {blockData=conID: 2 locID: 102667710621155823 bcsId: 0} | ret=SUCCESS |  
2019-08-23 18:28:59,921 | INFO  | DNAudit | user=null | ip=null | op=WRITE_CHUNK {blockData=conID: 2 locID: 102667710621155823 bcsId: 0} | ret=SUCCESS |  
2019-08-23 18:28:59,921 | INFO  | DNAudit | user=null | ip=null | op=PUT_BLOCK {blockData=[blockId=conID: 2 locID: 102667710621155823 bcsId: 0,size=1048576]} | ret=SUCCESS |  
2019-08-23 18:28:59,921 | INFO  | DNAudit | user=null | ip=null | op=WRITE_CHUNK {blockData=conID: 2 locID: 102667710621155823 bcsId: 0} | ret=SUCCESS |  
2019-08-23 18:28:59,921 [grpc-default-executor-4] INFO  client.GrpcClientProtocolClient (GrpcClientProtocolClient.java:onNext(255)) - client-19C32667576E->48affcab-e6e4-4602-963a-f6a50efbd54c: receive RaftClientReply:client-19C32667576E->48affcab-e6e4-4602-963a-f6a50efbd54c@group-50C56EAF5137, cid=1510, SUCCESS, logIndex=2161, commits[48affcab-e6e4-4602-963a-f6a50efbd54c:c2163, 7e391b60-07ae-4d97-a027-4756e468c032:c2160, c5f86d96-67df-4f25-bde3-316f439d30b3:c2160]
2019-08-23 18:28:59,922 | INFO  | DNAudit | user=null | ip=null | op=PUT_BLOCK {blockData=[blockId=conID: 2 locID: 102667710621155823 bcsId: 0,size=2097152]} | ret=SUCCESS |  
2019-08-23 18:28:59,922 [grpc-default-executor-4] INFO  client.GrpcClientProtocolClient (GrpcClientProtocolClient.java:onNext(255)) - client-19C32667576E->48affcab-e6e4-4602-963a-f6a50efbd54c: receive RaftClientReply:client-19C32667576E->48affcab-e6e4-4602-963a-f6a50efbd54c@group-50C56EAF5137, cid=1511, SUCCESS, logIndex=2162, commits[48affcab-e6e4-4602-963a-f6a50efbd54c:c2164, 7e391b60-07ae-4d97-a027-4756e468c032:c2160, c5f86d96-67df-4f25-bde3-316f439d30b3:c2160]
2019-08-23 18:28:59,922 [grpc-default-executor-4] INFO  client.GrpcClientProtocolClient (GrpcClientProtocolClient.java:onNext(255)) - client-19C32667576E->48affcab-e6e4-4602-963a-f6a50efbd54c: receive RaftClientReply:client-19C32667576E->48affcab-e6e4-4602-963a-f6a50efbd54c@group-50C56EAF5137, cid=1512, SUCCESS, logIndex=2163, commits[48affcab-e6e4-4602-963a-f6a50efbd54c:c2164, 7e391b60-07ae-4d97-a027-4756e468c032:c2160, c5f86d96-67df-4f25-bde3-316f439d30b3:c2160]
2019-08-23 18:28:59,922 [grpc-default-executor-4] INFO  client.GrpcClientProtocolClient (GrpcClientProtocolClient.java:onNext(255)) - client-19C32667576E->48affcab-e6e4-4602-963a-f6a50efbd54c: receive RaftClientReply:client-19C32667576E->48affcab-e6e4-4602-963a-f6a50efbd54c@group-50C56EAF5137, cid=1513, SUCCESS, logIndex=2164, commits[48affcab-e6e4-4602-963a-f6a50efbd54c:c2164, 7e391b60-07ae-4d97-a027-4756e468c032:c2160, c5f86d96-67df-4f25-bde3-316f439d30b3:c2160]
2019-08-23 18:28:59,923 | INFO  | DNAudit | user=null | ip=null | op=WRITE_CHUNK {blockData=conID: 2 locID: 102667710621155823 bcsId: 0} | ret=SUCCESS |  
2019-08-23 18:28:59,923 | INFO  | DNAudit | user=null | ip=null | op=WRITE_CHUNK {blockData=conID: 2 locID: 102667710621155823 bcsId: 0} | ret=SUCCESS |  
2019-08-23 18:28:59,923 | INFO  | DNAudit | user=null | ip=null | op=PUT_BLOCK {blockData=[blockId=conID: 2 locID: 102667710621155823 bcsId: 0,size=1048576]} | ret=SUCCESS |  
2019-08-23 18:28:59,923 | INFO  | DNAudit | user=null | ip=null | op=PUT_BLOCK {blockData=[blockId=conID: 2 locID: 102667710621155823 bcsId: 0,size=1048576]} | ret=SUCCESS |  
2019-08-23 18:28:59,923 [grpc-default-executor-0] INFO  client.GrpcClientProtocolClient (GrpcClientProtocolClient.java:onNext(255)) - client-19C32667576E->48affcab-e6e4-4602-963a-f6a50efbd54c: receive RaftClientReply:client-19C32667576E->48affcab-e6e4-4602-963a-f6a50efbd54c@group-50C56EAF5137, cid=1514, SUCCESS, logIndex=0, commits[48affcab-e6e4-4602-963a-f6a50efbd54c:c2164, 7e391b60-07ae-4d97-a027-4756e468c032:c2162, c5f86d96-67df-4f25-bde3-316f439d30b3:c2162]
2019-08-23 18:28:59,924 | INFO  | DNAudit | user=null | ip=null | op=WRITE_CHUNK {blockData=conID: 2 locID: 102667710621155823 bcsId: 0} | ret=SUCCESS |  
2019-08-23 18:28:59,924 | INFO  | DNAudit | user=null | ip=null | op=WRITE_CHUNK {blockData=conID: 2 locID: 102667710621155823 bcsId: 0} | ret=SUCCESS |  
2019-08-23 18:28:59,924 | INFO  | DNAudit | user=null | ip=null | op=PUT_BLOCK {blockData=[blockId=conID: 2 locID: 102667710621155823 bcsId: 0,size=2097152]} | ret=SUCCESS |  
2019-08-23 18:28:59,924 | INFO  | DNAudit | user=null | ip=null | op=PUT_BLOCK {blockData=[blockId=conID: 2 locID: 102667710621155823 bcsId: 0,size=2097152]} | ret=SUCCESS |  
2019-08-23 18:28:59,929 | INFO  | DNAudit | user=null | ip=null | op=WRITE_CHUNK {blockData=conID: 2 locID: 102667710621155823 bcsId: 2164} | ret=SUCCESS |  
2019-08-23 18:28:59,930 | INFO  | DNAudit | user=null | ip=null | op=WRITE_CHUNK {blockData=conID: 2 locID: 102667710621155823 bcsId: 2164} | ret=SUCCESS |  
2019-08-23 18:28:59,931 | INFO  | DNAudit | user=null | ip=null | op=WRITE_CHUNK {blockData=conID: 2 locID: 102667710621155823 bcsId: 2164} | ret=SUCCESS |  
2019-08-23 18:28:59,932 | INFO  | DNAudit | user=null | ip=null | op=WRITE_CHUNK {blockData=conID: 2 locID: 102667710621155823 bcsId: 2164} | ret=SUCCESS |  
2019-08-23 18:28:59,932 | INFO  | DNAudit | user=null | ip=null | op=PUT_BLOCK {blockData=[blockId=conID: 2 locID: 102667710621155823 bcsId: 0,size=3145728]} | ret=SUCCESS |  
2019-08-23 18:28:59,932 [grpc-default-executor-0] INFO  client.GrpcClientProtocolClient (GrpcClientProtocolClient.java:onNext(255)) - client-19C32667576E->48affcab-e6e4-4602-963a-f6a50efbd54c: receive RaftClientReply:client-19C32667576E->48affcab-e6e4-4602-963a-f6a50efbd54c@group-50C56EAF5137, cid=1515, SUCCESS, logIndex=2168, commits[48affcab-e6e4-4602-963a-f6a50efbd54c:c2169, 7e391b60-07ae-4d97-a027-4756e468c032:c2167, c5f86d96-67df-4f25-bde3-316f439d30b3:c2164]
2019-08-23 18:28:59,933 [grpc-default-executor-0] INFO  client.GrpcClientProtocolClient (GrpcClientProtocolClient.java:onNext(255)) - client-19C32667576E->48affcab-e6e4-4602-963a-f6a50efbd54c: receive RaftClientReply:client-19C32667576E->48affcab-e6e4-4602-963a-f6a50efbd54c@group-50C56EAF5137, cid=1516, SUCCESS, logIndex=2169, commits[48affcab-e6e4-4602-963a-f6a50efbd54c:c2169, 7e391b60-07ae-4d97-a027-4756e468c032:c2167, c5f86d96-67df-4f25-bde3-316f439d30b3:c2167]
2019-08-23 18:28:59,933 | INFO  | DNAudit | user=null | ip=null | op=WRITE_CHUNK {blockData=conID: 2 locID: 102667710621155823 bcsId: 2164} | ret=SUCCESS |  
2019-08-23 18:28:59,933 | INFO  | DNAudit | user=null | ip=null | op=WRITE_CHUNK {blockData=conID: 2 locID: 102667710621155823 bcsId: 2164} | ret=SUCCESS |  
2019-08-23 18:28:59,933 | INFO  | DNAudit | user=null | ip=null | op=PUT_BLOCK {blockData=[blockId=conID: 2 locID: 102667710621155823 bcsId: 0,size=3145728]} | ret=SUCCESS |  
2019-08-23 18:28:59,933 | INFO  | DNAudit | user=null | ip=null | op=PUT_BLOCK {blockData=[blockId=conID: 2 locID: 102667710621155823 bcsId: 0,size=3145728]} | ret=SUCCESS |  
2019-08-23 18:28:59,939 | INFO  | DNAudit | user=null | ip=null | op=WRITE_CHUNK {blockData=conID: 2 locID: 102667710621155823 bcsId: 2169} | ret=SUCCESS |  
2019-08-23 18:28:59,941 | INFO  | DNAudit | user=null | ip=null | op=WRITE_CHUNK {blockData=conID: 2 locID: 102667710621155823 bcsId: 2169} | ret=SUCCESS |  
2019-08-23 18:28:59,942 | INFO  | DNAudit | user=null | ip=null | op=WRITE_CHUNK {blockData=conID: 2 locID: 102667710621155823 bcsId: 2169} | ret=SUCCESS |  
2019-08-23 18:28:59,944 | INFO  | DNAudit | user=null | ip=null | op=WRITE_CHUNK {blockData=conID: 2 locID: 102667710621155823 bcsId: 2169} | ret=SUCCESS |  
2019-08-23 18:28:59,944 | INFO  | DNAudit | user=null | ip=null | op=PUT_BLOCK {blockData=[blockId=conID: 2 locID: 102667710621155823 bcsId: 0,size=4194304]} | ret=SUCCESS |  
2019-08-23 18:28:59,944 [grpc-default-executor-0] INFO  client.GrpcClientProtocolClient (GrpcClientProtocolClient.java:onNext(255)) - client-19C32667576E->48affcab-e6e4-4602-963a-f6a50efbd54c: receive RaftClientReply:client-19C32667576E->48affcab-e6e4-4602-963a-f6a50efbd54c@group-50C56EAF5137, cid=1517, SUCCESS, logIndex=2172, commits[48affcab-e6e4-4602-963a-f6a50efbd54c:c2173, 7e391b60-07ae-4d97-a027-4756e468c032:c2169, c5f86d96-67df-4f25-bde3-316f439d30b3:c2171]
2019-08-23 18:28:59,945 [grpc-default-executor-0] INFO  client.GrpcClientProtocolClient (GrpcClientProtocolClient.java:onNext(255)) - client-19C32667576E->48affcab-e6e4-4602-963a-f6a50efbd54c: receive RaftClientReply:client-19C32667576E->48affcab-e6e4-4602-963a-f6a50efbd54c@group-50C56EAF5137, cid=1518, SUCCESS, logIndex=2173, commits[48affcab-e6e4-4602-963a-f6a50efbd54c:c2173, 7e391b60-07ae-4d97-a027-4756e468c032:c2171, c5f86d96-67df-4f25-bde3-316f439d30b3:c2171]
2019-08-23 18:28:59,945 | INFO  | DNAudit | user=null | ip=null | op=WRITE_CHUNK {blockData=conID: 2 locID: 102667710621155823 bcsId: 2169} | ret=SUCCESS |  
2019-08-23 18:28:59,945 | INFO  | DNAudit | user=null | ip=null | op=WRITE_CHUNK {blockData=conID: 2 locID: 102667710621155823 bcsId: 2169} | ret=SUCCESS |  
2019-08-23 18:28:59,945 | INFO  | DNAudit | user=null | ip=null | op=PUT_BLOCK {blockData=[blockId=conID: 2 locID: 102667710621155823 bcsId: 0,size=4194304]} | ret=SUCCESS |  
2019-08-23 18:28:59,946 | INFO  | DNAudit | user=null | ip=null | op=PUT_BLOCK {blockData=[blockId=conID: 2 locID: 102667710621155823 bcsId: 0,size=4194304]} | ret=SUCCESS |  
2019-08-23 18:28:59,947 [grpc-default-executor-5] INFO  client.GrpcClientProtocolClient (GrpcClientProtocolClient.java:onNext(255)) - client-19C32667576E->48affcab-e6e4-4602-963a-f6a50efbd54c: receive RaftClientReply:client-19C32667576E->48affcab-e6e4-4602-963a-f6a50efbd54c@group-50C56EAF5137, cid=1519, SUCCESS, logIndex=0, commits[48affcab-e6e4-4602-963a-f6a50efbd54c:c2174, 7e391b60-07ae-4d97-a027-4756e468c032:c2173, c5f86d96-67df-4f25-bde3-316f439d30b3:c2173]
2019-08-23 18:28:59,950 | INFO  | SCMAudit | user=jenkins1000 | ip=192.168.34.23 | op=ALLOCATE_BLOCK {owner=1ceb8b80-28f1-43fd-86c3-175afc07b8d1, size=4194304, type=RATIS, factor=THREE} | ret=SUCCESS |  
2019-08-23 18:28:59,952 | INFO  | OMAudit | user=jenkins1000 | ip=127.0.0.1 | op=ALLOCATE_BLOCK {volume=vol-0-45438, bucket=bucket-0-23891, key=key-0-22455, dataSize=0, replicationType=null, replicationFactor=null, keyLocationInfo=null, clientID=102667710122492306} | ret=SUCCESS |  
2019-08-23 18:28:59,960 | INFO  | DNAudit | user=null | ip=null | op=WRITE_CHUNK {blockData=conID: 3 locID: 102667710624563696 bcsId: 0} | ret=SUCCESS |  
2019-08-23 18:28:59,962 | INFO  | DNAudit | user=null | ip=null | op=WRITE_CHUNK {blockData=conID: 3 locID: 102667710624563696 bcsId: 0} | ret=SUCCESS |  
2019-08-23 18:28:59,962 | INFO  | DNAudit | user=null | ip=null | op=WRITE_CHUNK {blockData=conID: 3 locID: 102667710624563696 bcsId: 0} | ret=SUCCESS |  
2019-08-23 18:28:59,962 | INFO  | DNAudit | user=null | ip=null | op=WRITE_CHUNK {blockData=conID: 3 locID: 102667710624563696 bcsId: 0} | ret=SUCCESS |  
2019-08-23 18:28:59,964 | INFO  | DNAudit | user=null | ip=null | op=WRITE_CHUNK {blockData=conID: 3 locID: 102667710624563696 bcsId: 0} | ret=SUCCESS |  
2019-08-23 18:28:59,965 | INFO  | DNAudit | user=null | ip=null | op=WRITE_CHUNK {blockData=conID: 3 locID: 102667710624563696 bcsId: 0} | ret=SUCCESS |  
2019-08-23 18:28:59,966 | INFO  | DNAudit | user=null | ip=null | op=WRITE_CHUNK {blockData=conID: 3 locID: 102667710624563696 bcsId: 0} | ret=SUCCESS |  
2019-08-23 18:28:59,966 | INFO  | DNAudit | user=null | ip=null | op=PUT_BLOCK {blockData=[blockId=conID: 3 locID: 102667710624563696 bcsId: 0,size=1048576]} | ret=SUCCESS |  
2019-08-23 18:28:59,966 [grpc-default-executor-5] INFO  client.GrpcClientProtocolClient (GrpcClientProtocolClient.java:onNext(255)) - client-19C32667576E->48affcab-e6e4-4602-963a-f6a50efbd54c: receive RaftClientReply:client-19C32667576E->48affcab-e6e4-4602-963a-f6a50efbd54c@group-50C56EAF5137, cid=1520, SUCCESS, logIndex=2176, commits[48affcab-e6e4-4602-963a-f6a50efbd54c:c2177, 7e391b60-07ae-4d97-a027-4756e468c032:c2175, c5f86d96-67df-4f25-bde3-316f439d30b3:c2175]
2019-08-23 18:28:59,966 | INFO  | DNAudit | user=null | ip=null | op=WRITE_CHUNK {blockData=conID: 3 locID: 102667710624563696 bcsId: 0} | ret=SUCCESS |  
2019-08-23 18:28:59,967 | INFO  | DNAudit | user=null | ip=null | op=PUT_BLOCK {blockData=[blockId=conID: 3 locID: 102667710624563696 bcsId: 0,size=2097152]} | ret=SUCCESS |  
2019-08-23 18:28:59,967 [grpc-default-executor-5] INFO  client.GrpcClientProtocolClient (GrpcClientProtocolClient.java:onNext(255)) - client-19C32667576E->48affcab-e6e4-4602-963a-f6a50efbd54c: receive RaftClientReply:client-19C32667576E->48affcab-e6e4-4602-963a-f6a50efbd54c@group-50C56EAF5137, cid=1521, SUCCESS, logIndex=2177, commits[48affcab-e6e4-4602-963a-f6a50efbd54c:c2177, 7e391b60-07ae-4d97-a027-4756e468c032:c2175, c5f86d96-67df-4f25-bde3-316f439d30b3:c2175]
2019-08-23 18:28:59,967 [grpc-default-executor-0] INFO  client.GrpcClientProtocolClient (GrpcClientProtocolClient.java:onNext(255)) - client-19C32667576E->48affcab-e6e4-4602-963a-f6a50efbd54c: receive RaftClientReply:client-19C32667576E->48affcab-e6e4-4602-963a-f6a50efbd54c@group-50C56EAF5137, cid=1522, SUCCESS, logIndex=2178, commits[48affcab-e6e4-4602-963a-f6a50efbd54c:c2179, 7e391b60-07ae-4d97-a027-4756e468c032:c2175, c5f86d96-67df-4f25-bde3-316f439d30b3:c2175]
2019-08-23 18:28:59,968 | INFO  | DNAudit | user=null | ip=null | op=WRITE_CHUNK {blockData=conID: 3 locID: 102667710624563696 bcsId: 0} | ret=SUCCESS |  
2019-08-23 18:28:59,968 [grpc-default-executor-5] INFO  client.GrpcClientProtocolClient (GrpcClientProtocolClient.java:onNext(255)) - client-19C32667576E->48affcab-e6e4-4602-963a-f6a50efbd54c: receive RaftClientReply:client-19C32667576E->48affcab-e6e4-4602-963a-f6a50efbd54c@group-50C56EAF5137, cid=1523, SUCCESS, logIndex=2179, commits[48affcab-e6e4-4602-963a-f6a50efbd54c:c2179, 7e391b60-07ae-4d97-a027-4756e468c032:c2175, c5f86d96-67df-4f25-bde3-316f439d30b3:c2175]
2019-08-23 18:28:59,968 | INFO  | DNAudit | user=null | ip=null | op=PUT_BLOCK {blockData=[blockId=conID: 3 locID: 102667710624563696 bcsId: 0,size=1048576]} | ret=SUCCESS |  
2019-08-23 18:28:59,968 | INFO  | DNAudit | user=null | ip=null | op=WRITE_CHUNK {blockData=conID: 3 locID: 102667710624563696 bcsId: 0} | ret=SUCCESS |  
2019-08-23 18:28:59,968 | INFO  | DNAudit | user=null | ip=null | op=PUT_BLOCK {blockData=[blockId=conID: 3 locID: 102667710624563696 bcsId: 0,size=1048576]} | ret=SUCCESS |  
2019-08-23 18:28:59,969 | INFO  | DNAudit | user=null | ip=null | op=WRITE_CHUNK {blockData=conID: 3 locID: 102667710624563696 bcsId: 0} | ret=SUCCESS |  
2019-08-23 18:28:59,969 | INFO  | DNAudit | user=null | ip=null | op=PUT_BLOCK {blockData=[blockId=conID: 3 locID: 102667710624563696 bcsId: 0,size=2097152]} | ret=SUCCESS |  
2019-08-23 18:28:59,969 [grpc-default-executor-5] INFO  client.GrpcClientProtocolClient (GrpcClientProtocolClient.java:onNext(255)) - client-19C32667576E->48affcab-e6e4-4602-963a-f6a50efbd54c: receive RaftClientReply:client-19C32667576E->48affcab-e6e4-4602-963a-f6a50efbd54c@group-50C56EAF5137, cid=1524, SUCCESS, logIndex=0, commits[48affcab-e6e4-4602-963a-f6a50efbd54c:c2181, 7e391b60-07ae-4d97-a027-4756e468c032:c2177, c5f86d96-67df-4f25-bde3-316f439d30b3:c2177]
2019-08-23 18:28:59,969 | INFO  | DNAudit | user=null | ip=null | op=WRITE_CHUNK {blockData=conID: 3 locID: 102667710624563696 bcsId: 0} | ret=SUCCESS |  
2019-08-23 18:28:59,969 | INFO  | DNAudit | user=null | ip=null | op=PUT_BLOCK {blockData=[blockId=conID: 3 locID: 102667710624563696 bcsId: 0,size=2097152]} | ret=SUCCESS |  
2019-08-23 18:28:59,975 | INFO  | DNAudit | user=null | ip=null | op=WRITE_CHUNK {blockData=conID: 3 locID: 102667710624563696 bcsId: 2179} | ret=SUCCESS |  
2019-08-23 18:28:59,978 | INFO  | DNAudit | user=null | ip=null | op=WRITE_CHUNK {blockData=conID: 3 locID: 102667710624563696 bcsId: 2179} | ret=SUCCESS |  
2019-08-23 18:28:59,978 | INFO  | DNAudit | user=null | ip=null | op=WRITE_CHUNK {blockData=conID: 3 locID: 102667710624563696 bcsId: 2179} | ret=SUCCESS |  
2019-08-23 18:28:59,995 | INFO  | DNAudit | user=null | ip=null | op=WRITE_CHUNK {blockData=conID: 3 locID: 102667710624563696 bcsId: 2179} | ret=SUCCESS |  
2019-08-23 18:28:59,995 | INFO  | DNAudit | user=null | ip=null | op=PUT_BLOCK {blockData=[blockId=conID: 3 locID: 102667710624563696 bcsId: 0,size=3145728]} | ret=SUCCESS |  
2019-08-23 18:28:59,995 [grpc-default-executor-5] INFO  client.GrpcClientProtocolClient (GrpcClientProtocolClient.java:onNext(255)) - client-19C32667576E->48affcab-e6e4-4602-963a-f6a50efbd54c: receive RaftClientReply:client-19C32667576E->48affcab-e6e4-4602-963a-f6a50efbd54c@group-50C56EAF5137, cid=1525, SUCCESS, logIndex=2184, commits[48affcab-e6e4-4602-963a-f6a50efbd54c:c2185, 7e391b60-07ae-4d97-a027-4756e468c032:c2183, c5f86d96-67df-4f25-bde3-316f439d30b3:c2183]
2019-08-23 18:28:59,996 [grpc-default-executor-5] INFO  client.GrpcClientProtocolClient (GrpcClientProtocolClient.java:onNext(255)) - client-19C32667576E->48affcab-e6e4-4602-963a-f6a50efbd54c: receive RaftClientReply:client-19C32667576E->48affcab-e6e4-4602-963a-f6a50efbd54c@group-50C56EAF5137, cid=1526, SUCCESS, logIndex=2185, commits[48affcab-e6e4-4602-963a-f6a50efbd54c:c2185, 7e391b60-07ae-4d97-a027-4756e468c032:c2183, c5f86d96-67df-4f25-bde3-316f439d30b3:c2183]
2019-08-23 18:28:59,996 | INFO  | DNAudit | user=null | ip=null | op=WRITE_CHUNK {blockData=conID: 3 locID: 102667710624563696 bcsId: 2179} | ret=SUCCESS |  
2019-08-23 18:28:59,996 | INFO  | DNAudit | user=null | ip=null | op=WRITE_CHUNK {blockData=conID: 3 locID: 102667710624563696 bcsId: 2179} | ret=SUCCESS |  
2019-08-23 18:28:59,996 | INFO  | DNAudit | user=null | ip=null | op=PUT_BLOCK {blockData=[blockId=conID: 3 locID: 102667710624563696 bcsId: 0,size=3145728]} | ret=SUCCESS |  
2019-08-23 18:28:59,996 | INFO  | DNAudit | user=null | ip=null | op=PUT_BLOCK {blockData=[blockId=conID: 3 locID: 102667710624563696 bcsId: 0,size=3145728]} | ret=SUCCESS |  
2019-08-23 18:29:00,001 | INFO  | DNAudit | user=null | ip=null | op=WRITE_CHUNK {blockData=conID: 3 locID: 102667710624563696 bcsId: 2185} | ret=SUCCESS |  
2019-08-23 18:29:00,004 | INFO  | DNAudit | user=null | ip=null | op=WRITE_CHUNK {blockData=conID: 3 locID: 102667710624563696 bcsId: 2185} | ret=SUCCESS |  
2019-08-23 18:29:00,004 | INFO  | DNAudit | user=null | ip=null | op=WRITE_CHUNK {blockData=conID: 3 locID: 102667710624563696 bcsId: 2185} | ret=SUCCESS |  
2019-08-23 18:29:00,011 | INFO  | DNAudit | user=null | ip=null | op=WRITE_CHUNK {blockData=conID: 3 locID: 102667710624563696 bcsId: 2185} | ret=SUCCESS |  
2019-08-23 18:29:00,012 | INFO  | DNAudit | user=null | ip=null | op=PUT_BLOCK {blockData=[blockId=conID: 3 locID: 102667710624563696 bcsId: 0,size=4194304]} | ret=SUCCESS |  
2019-08-23 18:29:00,012 [grpc-default-executor-5] INFO  client.GrpcClientProtocolClient (GrpcClientProtocolClient.java:onNext(255)) - client-19C32667576E->48affcab-e6e4-4602-963a-f6a50efbd54c: receive RaftClientReply:client-19C32667576E->48affcab-e6e4-4602-963a-f6a50efbd54c@group-50C56EAF5137, cid=1527, SUCCESS, logIndex=2188, commits[48affcab-e6e4-4602-963a-f6a50efbd54c:c2189, 7e391b60-07ae-4d97-a027-4756e468c032:c2187, c5f86d96-67df-4f25-bde3-316f439d30b3:c2187]
2019-08-23 18:29:00,012 [grpc-default-executor-5] INFO  client.GrpcClientProtocolClient (GrpcClientProtocolClient.java:onNext(255)) - client-19C32667576E->48affcab-e6e4-4602-963a-f6a50efbd54c: receive RaftClientReply:client-19C32667576E->48affcab-e6e4-4602-963a-f6a50efbd54c@group-50C56EAF5137, cid=1528, SUCCESS, logIndex=2189, commits[48affcab-e6e4-4602-963a-f6a50efbd54c:c2189, 7e391b60-07ae-4d97-a027-4756e468c032:c2187, c5f86d96-67df-4f25-bde3-316f439d30b3:c2187]
2019-08-23 18:29:00,023 | INFO  | DNAudit | user=null | ip=null | op=WRITE_CHUNK {blockData=conID: 3 locID: 102667710624563696 bcsId: 2185} | ret=SUCCESS |  
2019-08-23 18:29:00,023 | INFO  | DNAudit | user=null | ip=null | op=WRITE_CHUNK {blockData=conID: 3 locID: 102667710624563696 bcsId: 2185} | ret=SUCCESS |  
2019-08-23 18:29:00,024 | INFO  | DNAudit | user=null | ip=null | op=PUT_BLOCK {blockData=[blockId=conID: 3 locID: 102667710624563696 bcsId: 0,size=4194304]} | ret=SUCCESS |  
2019-08-23 18:29:00,024 | INFO  | DNAudit | user=null | ip=null | op=PUT_BLOCK {blockData=[blockId=conID: 3 locID: 102667710624563696 bcsId: 0,size=4194304]} | ret=SUCCESS |  
2019-08-23 18:29:00,024 [grpc-default-executor-4] INFO  client.GrpcClientProtocolClient (GrpcClientProtocolClient.java:onNext(255)) - client-19C32667576E->48affcab-e6e4-4602-963a-f6a50efbd54c: receive RaftClientReply:client-19C32667576E->48affcab-e6e4-4602-963a-f6a50efbd54c@group-50C56EAF5137, cid=1529, SUCCESS, logIndex=0, commits[48affcab-e6e4-4602-963a-f6a50efbd54c:c2191, 7e391b60-07ae-4d97-a027-4756e468c032:c2189, c5f86d96-67df-4f25-bde3-316f439d30b3:c2189]
2019-08-23 18:29:00,029 | INFO  | SCMAudit | user=jenkins1000 | ip=192.168.34.23 | op=ALLOCATE_BLOCK {owner=1ceb8b80-28f1-43fd-86c3-175afc07b8d1, size=4194304, type=RATIS, factor=THREE} | ret=SUCCESS |  
2019-08-23 18:29:00,031 | INFO  | OMAudit | user=jenkins1000 | ip=127.0.0.1 | op=ALLOCATE_BLOCK {volume=vol-0-45438, bucket=bucket-0-23891, key=key-0-22455, dataSize=0, replicationType=null, replicationFactor=null, keyLocationInfo=null, clientID=102667710122492306} | ret=SUCCESS |  
2019-08-23 18:29:00,038 | INFO  | DNAudit | user=null | ip=null | op=WRITE_CHUNK {blockData=conID: 1 locID: 102667710629741041 bcsId: 0} | ret=SUCCESS |  
2019-08-23 18:29:00,041 | INFO  | DNAudit | user=null | ip=null | op=WRITE_CHUNK {blockData=conID: 1 locID: 102667710629741041 bcsId: 0} | ret=SUCCESS |  
2019-08-23 18:29:00,041 | INFO  | DNAudit | user=null | ip=null | op=WRITE_CHUNK {blockData=conID: 1 locID: 102667710629741041 bcsId: 0} | ret=SUCCESS |  
2019-08-23 18:29:00,041 | INFO  | DNAudit | user=null | ip=null | op=WRITE_CHUNK {blockData=conID: 1 locID: 102667710629741041 bcsId: 0} | ret=SUCCESS |  
2019-08-23 18:29:00,043 | INFO  | DNAudit | user=null | ip=null | op=WRITE_CHUNK {blockData=conID: 1 locID: 102667710629741041 bcsId: 0} | ret=SUCCESS |  
2019-08-23 18:29:00,043 | INFO  | DNAudit | user=null | ip=null | op=WRITE_CHUNK {blockData=conID: 1 locID: 102667710629741041 bcsId: 0} | ret=SUCCESS |  
2019-08-23 18:29:00,050 | INFO  | DNAudit | user=null | ip=null | op=WRITE_CHUNK {blockData=conID: 1 locID: 102667710629741041 bcsId: 0} | ret=SUCCESS |  
2019-08-23 18:29:00,051 | INFO  | DNAudit | user=null | ip=null | op=PUT_BLOCK {blockData=[blockId=conID: 1 locID: 102667710629741041 bcsId: 0,size=1048576]} | ret=SUCCESS |  
2019-08-23 18:29:00,051 | INFO  | DNAudit | user=null | ip=null | op=WRITE_CHUNK {blockData=conID: 1 locID: 102667710629741041 bcsId: 0} | ret=SUCCESS |  
2019-08-23 18:29:00,051 [grpc-default-executor-5] INFO  client.GrpcClientProtocolClient (GrpcClientProtocolClient.java:onNext(255)) - client-19C32667576E->48affcab-e6e4-4602-963a-f6a50efbd54c: receive RaftClientReply:client-19C32667576E->48affcab-e6e4-4602-963a-f6a50efbd54c@group-50C56EAF5137, cid=1530, SUCCESS, logIndex=2192, commits[48affcab-e6e4-4602-963a-f6a50efbd54c:c2194, 7e391b60-07ae-4d97-a027-4756e468c032:c2191, c5f86d96-67df-4f25-bde3-316f439d30b3:c2191]
2019-08-23 18:29:00,051 | INFO  | DNAudit | user=null | ip=null | op=PUT_BLOCK {blockData=[blockId=conID: 1 locID: 102667710629741041 bcsId: 0,size=2097152]} | ret=SUCCESS |  
2019-08-23 18:29:00,052 | INFO  | DNAudit | user=null | ip=null | op=WRITE_CHUNK {blockData=conID: 1 locID: 102667710629741041 bcsId: 0} | ret=SUCCESS |  
2019-08-23 18:29:00,052 | INFO  | DNAudit | user=null | ip=null | op=PUT_BLOCK {blockData=[blockId=conID: 1 locID: 102667710629741041 bcsId: 0,size=1048576]} | ret=SUCCESS |  
2019-08-23 18:29:00,052 | INFO  | DNAudit | user=null | ip=null | op=WRITE_CHUNK {blockData=conID: 1 locID: 102667710629741041 bcsId: 0} | ret=SUCCESS |  
2019-08-23 18:29:00,052 [grpc-default-executor-3] INFO  client.GrpcClientProtocolClient (GrpcClientProtocolClient.java:onNext(255)) - client-19C32667576E->48affcab-e6e4-4602-963a-f6a50efbd54c: receive RaftClientReply:client-19C32667576E->48affcab-e6e4-4602-963a-f6a50efbd54c@group-50C56EAF5137, cid=1531, SUCCESS, logIndex=2193, commits[48affcab-e6e4-4602-963a-f6a50efbd54c:c2195, 7e391b60-07ae-4d97-a027-4756e468c032:c2191, c5f86d96-67df-4f25-bde3-316f439d30b3:c2191]
2019-08-23 18:29:00,052 [grpc-default-executor-3] INFO  client.GrpcClientProtocolClient (GrpcClientProtocolClient.java:onNext(255)) - client-19C32667576E->48affcab-e6e4-4602-963a-f6a50efbd54c: receive RaftClientReply:client-19C32667576E->48affcab-e6e4-4602-963a-f6a50efbd54c@group-50C56EAF5137, cid=1532, SUCCESS, logIndex=2194, commits[48affcab-e6e4-4602-963a-f6a50efbd54c:c2195, 7e391b60-07ae-4d97-a027-4756e468c032:c2191, c5f86d96-67df-4f25-bde3-316f439d30b3:c2191]
2019-08-23 18:29:00,052 [grpc-default-executor-3] INFO  client.GrpcClientProtocolClient (GrpcClientProtocolClient.java:onNext(255)) - client-19C32667576E->48affcab-e6e4-4602-963a-f6a50efbd54c: receive RaftClientReply:client-19C32667576E->48affcab-e6e4-4602-963a-f6a50efbd54c@group-50C56EAF5137, cid=1533, SUCCESS, logIndex=2195, commits[48affcab-e6e4-4602-963a-f6a50efbd54c:c2195, 7e391b60-07ae-4d97-a027-4756e468c032:c2191, c5f86d96-67df-4f25-bde3-316f439d30b3:c2191]
2019-08-23 18:29:00,053 | INFO  | DNAudit | user=null | ip=null | op=PUT_BLOCK {blockData=[blockId=conID: 1 locID: 102667710629741041 bcsId: 0,size=1048576]} | ret=SUCCESS |  
2019-08-23 18:29:00,053 | INFO  | DNAudit | user=null | ip=null | op=WRITE_CHUNK {blockData=conID: 1 locID: 102667710629741041 bcsId: 0} | ret=SUCCESS |  
2019-08-23 18:29:00,053 | INFO  | DNAudit | user=null | ip=null | op=PUT_BLOCK {blockData=[blockId=conID: 1 locID: 102667710629741041 bcsId: 0,size=2097152]} | ret=SUCCESS |  
2019-08-23 18:29:00,053 | INFO  | DNAudit | user=null | ip=null | op=WRITE_CHUNK {blockData=conID: 1 locID: 102667710629741041 bcsId: 0} | ret=SUCCESS |  
2019-08-23 18:29:00,054 | INFO  | DNAudit | user=null | ip=null | op=PUT_BLOCK {blockData=[blockId=conID: 1 locID: 102667710629741041 bcsId: 0,size=2097152]} | ret=SUCCESS |  
2019-08-23 18:29:00,054 [grpc-default-executor-5] INFO  client.GrpcClientProtocolClient (GrpcClientProtocolClient.java:onNext(255)) - client-19C32667576E->48affcab-e6e4-4602-963a-f6a50efbd54c: receive RaftClientReply:client-19C32667576E->48affcab-e6e4-4602-963a-f6a50efbd54c@group-50C56EAF5137, cid=1534, SUCCESS, logIndex=0, commits[48affcab-e6e4-4602-963a-f6a50efbd54c:c2197, 7e391b60-07ae-4d97-a027-4756e468c032:c2193, c5f86d96-67df-4f25-bde3-316f439d30b3:c2193]
2019-08-23 18:29:00,060 | INFO  | DNAudit | user=null | ip=null | op=WRITE_CHUNK {blockData=conID: 1 locID: 102667710629741041 bcsId: 2195} | ret=SUCCESS |  
2019-08-23 18:29:00,062 | INFO  | DNAudit | user=null | ip=null | op=WRITE_CHUNK {blockData=conID: 1 locID: 102667710629741041 bcsId: 2195} | ret=SUCCESS |  
2019-08-23 18:29:00,062 | INFO  | DNAudit | user=null | ip=null | op=WRITE_CHUNK {blockData=conID: 1 locID: 102667710629741041 bcsId: 2195} | ret=SUCCESS |  
2019-08-23 18:29:00,073 | INFO  | DNAudit | user=null | ip=null | op=WRITE_CHUNK {blockData=conID: 1 locID: 102667710629741041 bcsId: 2195} | ret=SUCCESS |  
2019-08-23 18:29:00,073 | INFO  | DNAudit | user=null | ip=null | op=PUT_BLOCK {blockData=[blockId=conID: 1 locID: 102667710629741041 bcsId: 0,size=3145728]} | ret=SUCCESS |  
2019-08-23 18:29:00,073 [grpc-default-executor-3] INFO  client.GrpcClientProtocolClient (GrpcClientProtocolClient.java:onNext(255)) - client-19C32667576E->48affcab-e6e4-4602-963a-f6a50efbd54c: receive RaftClientReply:client-19C32667576E->48affcab-e6e4-4602-963a-f6a50efbd54c@group-50C56EAF5137, cid=1535, SUCCESS, logIndex=2200, commits[48affcab-e6e4-4602-963a-f6a50efbd54c:c2201, 7e391b60-07ae-4d97-a027-4756e468c032:c2199, c5f86d96-67df-4f25-bde3-316f439d30b3:c2199]
2019-08-23 18:29:00,074 [grpc-default-executor-3] INFO  client.GrpcClientProtocolClient (GrpcClientProtocolClient.java:onNext(255)) - client-19C32667576E->48affcab-e6e4-4602-963a-f6a50efbd54c: receive RaftClientReply:client-19C32667576E->48affcab-e6e4-4602-963a-f6a50efbd54c@group-50C56EAF5137, cid=1536, SUCCESS, logIndex=2201, commits[48affcab-e6e4-4602-963a-f6a50efbd54c:c2201, 7e391b60-07ae-4d97-a027-4756e468c032:c2199, c5f86d96-67df-4f25-bde3-316f439d30b3:c2199]
2019-08-23 18:29:00,079 | INFO  | DNAudit | user=null | ip=null | op=WRITE_CHUNK {blockData=conID: 1 locID: 102667710629741041 bcsId: 2201} | ret=SUCCESS |  
2019-08-23 18:29:00,081 | INFO  | DNAudit | user=null | ip=null | op=WRITE_CHUNK {blockData=conID: 1 locID: 102667710629741041 bcsId: 2201} | ret=SUCCESS |  
2019-08-23 18:29:00,082 | INFO  | DNAudit | user=null | ip=null | op=WRITE_CHUNK {blockData=conID: 1 locID: 102667710629741041 bcsId: 2201} | ret=SUCCESS |  
2019-08-23 18:29:00,084 | INFO  | DNAudit | user=null | ip=null | op=WRITE_CHUNK {blockData=conID: 1 locID: 102667710629741041 bcsId: 2195} | ret=SUCCESS |  
2019-08-23 18:29:00,084 | INFO  | DNAudit | user=null | ip=null | op=WRITE_CHUNK {blockData=conID: 1 locID: 102667710629741041 bcsId: 2195} | ret=SUCCESS |  
2019-08-23 18:29:00,084 | INFO  | DNAudit | user=null | ip=null | op=PUT_BLOCK {blockData=[blockId=conID: 1 locID: 102667710629741041 bcsId: 0,size=3145728]} | ret=SUCCESS |  
2019-08-23 18:29:00,084 | INFO  | DNAudit | user=null | ip=null | op=PUT_BLOCK {blockData=[blockId=conID: 1 locID: 102667710629741041 bcsId: 0,size=3145728]} | ret=SUCCESS |  
2019-08-23 18:29:00,086 | INFO  | DNAudit | user=null | ip=null | op=WRITE_CHUNK {blockData=conID: 1 locID: 102667710629741041 bcsId: 2201} | ret=SUCCESS |  
2019-08-23 18:29:00,086 | INFO  | DNAudit | user=null | ip=null | op=PUT_BLOCK {blockData=[blockId=conID: 1 locID: 102667710629741041 bcsId: 0,size=4194304]} | ret=SUCCESS |  
2019-08-23 18:29:00,086 [grpc-default-executor-0] INFO  client.GrpcClientProtocolClient (GrpcClientProtocolClient.java:onNext(255)) - client-19C32667576E->48affcab-e6e4-4602-963a-f6a50efbd54c: receive RaftClientReply:client-19C32667576E->48affcab-e6e4-4602-963a-f6a50efbd54c@group-50C56EAF5137, cid=1537, SUCCESS, logIndex=2204, commits[48affcab-e6e4-4602-963a-f6a50efbd54c:c2205, 7e391b60-07ae-4d97-a027-4756e468c032:c2201, c5f86d96-67df-4f25-bde3-316f439d30b3:c2201]
2019-08-23 18:29:00,086 [grpc-default-executor-0] INFO  client.GrpcClientProtocolClient (GrpcClientProtocolClient.java:onNext(255)) - client-19C32667576E->48affcab-e6e4-4602-963a-f6a50efbd54c: receive RaftClientReply:client-19C32667576E->48affcab-e6e4-4602-963a-f6a50efbd54c@group-50C56EAF5137, cid=1538, SUCCESS, logIndex=2205, commits[48affcab-e6e4-4602-963a-f6a50efbd54c:c2205, 7e391b60-07ae-4d97-a027-4756e468c032:c2201, c5f86d96-67df-4f25-bde3-316f439d30b3:c2201]
2019-08-23 18:29:00,098 | INFO  | DNAudit | user=null | ip=null | op=WRITE_CHUNK {blockData=conID: 1 locID: 102667710629741041 bcsId: 2201} | ret=SUCCESS |  
2019-08-23 18:29:00,098 | INFO  | DNAudit | user=null | ip=null | op=WRITE_CHUNK {blockData=conID: 1 locID: 102667710629741041 bcsId: 2201} | ret=SUCCESS |  
2019-08-23 18:29:00,099 | INFO  | DNAudit | user=null | ip=null | op=PUT_BLOCK {blockData=[blockId=conID: 1 locID: 102667710629741041 bcsId: 0,size=4194304]} | ret=SUCCESS |  
2019-08-23 18:29:00,099 | INFO  | DNAudit | user=null | ip=null | op=PUT_BLOCK {blockData=[blockId=conID: 1 locID: 102667710629741041 bcsId: 0,size=4194304]} | ret=SUCCESS |  
2019-08-23 18:29:00,099 [grpc-default-executor-4] INFO  client.GrpcClientProtocolClient (GrpcClientProtocolClient.java:onNext(255)) - client-19C32667576E->48affcab-e6e4-4602-963a-f6a50efbd54c: receive RaftClientReply:client-19C32667576E->48affcab-e6e4-4602-963a-f6a50efbd54c@group-50C56EAF5137, cid=1539, SUCCESS, logIndex=0, commits[48affcab-e6e4-4602-963a-f6a50efbd54c:c2207, 7e391b60-07ae-4d97-a027-4756e468c032:c2205, c5f86d96-67df-4f25-bde3-316f439d30b3:c2205]
2019-08-23 18:29:00,103 | INFO  | SCMAudit | user=jenkins1000 | ip=192.168.34.23 | op=ALLOCATE_BLOCK {owner=1ceb8b80-28f1-43fd-86c3-175afc07b8d1, size=4194304, type=RATIS, factor=THREE} | ret=SUCCESS |  
2019-08-23 18:29:00,105 | INFO  | OMAudit | user=jenkins1000 | ip=127.0.0.1 | op=ALLOCATE_BLOCK {volume=vol-0-45438, bucket=bucket-0-23891, key=key-0-22455, dataSize=0, replicationType=null, replicationFactor=null, keyLocationInfo=null, clientID=102667710122492306} | ret=SUCCESS |  
2019-08-23 18:29:00,111 | INFO  | DNAudit | user=null | ip=null | op=WRITE_CHUNK {blockData=conID: 2 locID: 102667710634590706 bcsId: 0} | ret=SUCCESS |  
2019-08-23 18:29:00,115 | INFO  | DNAudit | user=null | ip=null | op=WRITE_CHUNK {blockData=conID: 2 locID: 102667710634590706 bcsId: 0} | ret=SUCCESS |  
2019-08-23 18:29:00,115 | INFO  | DNAudit | user=null | ip=null | op=WRITE_CHUNK {blockData=conID: 2 locID: 102667710634590706 bcsId: 0} | ret=SUCCESS |  
2019-08-23 18:29:00,115 | INFO  | DNAudit | user=null | ip=null | op=WRITE_CHUNK {blockData=conID: 2 locID: 102667710634590706 bcsId: 0} | ret=SUCCESS |  
2019-08-23 18:29:00,117 | INFO  | DNAudit | user=null | ip=null | op=WRITE_CHUNK {blockData=conID: 2 locID: 102667710634590706 bcsId: 0} | ret=SUCCESS |  
2019-08-23 18:29:00,117 | INFO  | DNAudit | user=null | ip=null | op=WRITE_CHUNK {blockData=conID: 2 locID: 102667710634590706 bcsId: 0} | ret=SUCCESS |  
2019-08-23 18:29:00,124 | INFO  | DNAudit | user=null | ip=null | op=WRITE_CHUNK {blockData=conID: 2 locID: 102667710634590706 bcsId: 0} | ret=SUCCESS |  
2019-08-23 18:29:00,125 | INFO  | DNAudit | user=null | ip=null | op=PUT_BLOCK {blockData=[blockId=conID: 2 locID: 102667710634590706 bcsId: 0,size=1048576]} | ret=SUCCESS |  
2019-08-23 18:29:00,125 [grpc-default-executor-3] INFO  client.GrpcClientProtocolClient (GrpcClientProtocolClient.java:onNext(255)) - client-19C32667576E->48affcab-e6e4-4602-963a-f6a50efbd54c: receive RaftClientReply:client-19C32667576E->48affcab-e6e4-4602-963a-f6a50efbd54c@group-50C56EAF5137, cid=1540, SUCCESS, logIndex=2208, commits[48affcab-e6e4-4602-963a-f6a50efbd54c:c2209, 7e391b60-07ae-4d97-a027-4756e468c032:c2207, c5f86d96-67df-4f25-bde3-316f439d30b3:c2207]
2019-08-23 18:29:00,125 | INFO  | DNAudit | user=null | ip=null | op=WRITE_CHUNK {blockData=conID: 2 locID: 102667710634590706 bcsId: 0} | ret=SUCCESS |  
2019-08-23 18:29:00,126 | INFO  | DNAudit | user=null | ip=null | op=PUT_BLOCK {blockData=[blockId=conID: 2 locID: 102667710634590706 bcsId: 0,size=2097152]} | ret=SUCCESS |  
2019-08-23 18:29:00,126 [grpc-default-executor-3] INFO  client.GrpcClientProtocolClient (GrpcClientProtocolClient.java:onNext(255)) - client-19C32667576E->48affcab-e6e4-4602-963a-f6a50efbd54c: receive RaftClientReply:client-19C32667576E->48affcab-e6e4-4602-963a-f6a50efbd54c@group-50C56EAF5137, cid=1541, SUCCESS, logIndex=2209, commits[48affcab-e6e4-4602-963a-f6a50efbd54c:c2209, 7e391b60-07ae-4d97-a027-4756e468c032:c2207, c5f86d96-67df-4f25-bde3-316f439d30b3:c2207]
2019-08-23 18:29:00,126 | INFO  | DNAudit | user=null | ip=null | op=WRITE_CHUNK {blockData=conID: 2 locID: 102667710634590706 bcsId: 0} | ret=SUCCESS |  
2019-08-23 18:29:00,126 [grpc-default-executor-0] INFO  client.GrpcClientProtocolClient (GrpcClientProtocolClient.java:onNext(255)) - client-19C32667576E->48affcab-e6e4-4602-963a-f6a50efbd54c: receive RaftClientReply:client-19C32667576E->48affcab-e6e4-4602-963a-f6a50efbd54c@group-50C56EAF5137, cid=1542, SUCCESS, logIndex=2210, commits[48affcab-e6e4-4602-963a-f6a50efbd54c:c2211, 7e391b60-07ae-4d97-a027-4756e468c032:c2207, c5f86d96-67df-4f25-bde3-316f439d30b3:c2207]
2019-08-23 18:29:00,126 | INFO  | DNAudit | user=null | ip=null | op=PUT_BLOCK {blockData=[blockId=conID: 2 locID: 102667710634590706 bcsId: 0,size=1048576]} | ret=SUCCESS |  
2019-08-23 18:29:00,126 [grpc-default-executor-0] INFO  client.GrpcClientProtocolClient (GrpcClientProtocolClient.java:onNext(255)) - client-19C32667576E->48affcab-e6e4-4602-963a-f6a50efbd54c: receive RaftClientReply:client-19C32667576E->48affcab-e6e4-4602-963a-f6a50efbd54c@group-50C56EAF5137, cid=1543, SUCCESS, logIndex=2211, commits[48affcab-e6e4-4602-963a-f6a50efbd54c:c2211, 7e391b60-07ae-4d97-a027-4756e468c032:c2207, c5f86d96-67df-4f25-bde3-316f439d30b3:c2207]
2019-08-23 18:29:00,127 | INFO  | DNAudit | user=null | ip=null | op=WRITE_CHUNK {blockData=conID: 2 locID: 102667710634590706 bcsId: 0} | ret=SUCCESS |  
2019-08-23 18:29:00,127 | INFO  | DNAudit | user=null | ip=null | op=PUT_BLOCK {blockData=[blockId=conID: 2 locID: 102667710634590706 bcsId: 0,size=1048576]} | ret=SUCCESS |  
2019-08-23 18:29:00,127 | INFO  | DNAudit | user=null | ip=null | op=WRITE_CHUNK {blockData=conID: 2 locID: 102667710634590706 bcsId: 0} | ret=SUCCESS |  
2019-08-23 18:29:00,127 | INFO  | DNAudit | user=null | ip=null | op=PUT_BLOCK {blockData=[blockId=conID: 2 locID: 102667710634590706 bcsId: 0,size=2097152]} | ret=SUCCESS |  
2019-08-23 18:29:00,127 [grpc-default-executor-0] INFO  client.GrpcClientProtocolClient (GrpcClientProtocolClient.java:onNext(255)) - client-19C32667576E->48affcab-e6e4-4602-963a-f6a50efbd54c: receive RaftClientReply:client-19C32667576E->48affcab-e6e4-4602-963a-f6a50efbd54c@group-50C56EAF5137, cid=1544, SUCCESS, logIndex=0, commits[48affcab-e6e4-4602-963a-f6a50efbd54c:c2213, 7e391b60-07ae-4d97-a027-4756e468c032:c2209, c5f86d96-67df-4f25-bde3-316f439d30b3:c2209]
2019-08-23 18:29:00,128 | INFO  | DNAudit | user=null | ip=null | op=WRITE_CHUNK {blockData=conID: 2 locID: 102667710634590706 bcsId: 0} | ret=SUCCESS |  
2019-08-23 18:29:00,128 | INFO  | DNAudit | user=null | ip=null | op=PUT_BLOCK {blockData=[blockId=conID: 2 locID: 102667710634590706 bcsId: 0,size=2097152]} | ret=SUCCESS |  
2019-08-23 18:29:00,134 | INFO  | DNAudit | user=null | ip=null | op=WRITE_CHUNK {blockData=conID: 2 locID: 102667710634590706 bcsId: 2211} | ret=SUCCESS |  
2019-08-23 18:29:00,136 | INFO  | DNAudit | user=null | ip=null | op=WRITE_CHUNK {blockData=conID: 2 locID: 102667710634590706 bcsId: 2211} | ret=SUCCESS |  
2019-08-23 18:29:00,137 | INFO  | DNAudit | user=null | ip=null | op=WRITE_CHUNK {blockData=conID: 2 locID: 102667710634590706 bcsId: 2211} | ret=SUCCESS |  
2019-08-23 18:29:00,146 | INFO  | DNAudit | user=null | ip=null | op=WRITE_CHUNK {blockData=conID: 2 locID: 102667710634590706 bcsId: 2211} | ret=SUCCESS |  
2019-08-23 18:29:00,147 | INFO  | DNAudit | user=null | ip=null | op=PUT_BLOCK {blockData=[blockId=conID: 2 locID: 102667710634590706 bcsId: 0,size=3145728]} | ret=SUCCESS |  
2019-08-23 18:29:00,147 [grpc-default-executor-4] INFO  client.GrpcClientProtocolClient (GrpcClientProtocolClient.java:onNext(255)) - client-19C32667576E->48affcab-e6e4-4602-963a-f6a50efbd54c: receive RaftClientReply:client-19C32667576E->48affcab-e6e4-4602-963a-f6a50efbd54c@group-50C56EAF5137, cid=1545, SUCCESS, logIndex=2216, commits[48affcab-e6e4-4602-963a-f6a50efbd54c:c2217, 7e391b60-07ae-4d97-a027-4756e468c032:c2215, c5f86d96-67df-4f25-bde3-316f439d30b3:c2215]
2019-08-23 18:29:00,147 [grpc-default-executor-4] INFO  client.GrpcClientProtocolClient (GrpcClientProtocolClient.java:onNext(255)) - client-19C32667576E->48affcab-e6e4-4602-963a-f6a50efbd54c: receive RaftClientReply:client-19C32667576E->48affcab-e6e4-4602-963a-f6a50efbd54c@group-50C56EAF5137, cid=1546, SUCCESS, logIndex=2217, commits[48affcab-e6e4-4602-963a-f6a50efbd54c:c2217, 7e391b60-07ae-4d97-a027-4756e468c032:c2215, c5f86d96-67df-4f25-bde3-316f439d30b3:c2215]
2019-08-23 18:29:00,154 | INFO  | DNAudit | user=null | ip=null | op=WRITE_CHUNK {blockData=conID: 2 locID: 102667710634590706 bcsId: 2217} | ret=SUCCESS |  
2019-08-23 18:29:00,157 | INFO  | DNAudit | user=null | ip=null | op=WRITE_CHUNK {blockData=conID: 2 locID: 102667710634590706 bcsId: 2217} | ret=SUCCESS |  
2019-08-23 18:29:00,157 | INFO  | DNAudit | user=null | ip=null | op=WRITE_CHUNK {blockData=conID: 2 locID: 102667710634590706 bcsId: 2217} | ret=SUCCESS |  
2019-08-23 18:29:00,158 | INFO  | DNAudit | user=null | ip=null | op=WRITE_CHUNK {blockData=conID: 2 locID: 102667710634590706 bcsId: 2211} | ret=SUCCESS |  
2019-08-23 18:29:00,158 | INFO  | DNAudit | user=null | ip=null | op=WRITE_CHUNK {blockData=conID: 2 locID: 102667710634590706 bcsId: 2211} | ret=SUCCESS |  
2019-08-23 18:29:00,159 | INFO  | DNAudit | user=null | ip=null | op=PUT_BLOCK {blockData=[blockId=conID: 2 locID: 102667710634590706 bcsId: 0,size=3145728]} | ret=SUCCESS |  
2019-08-23 18:29:00,159 | INFO  | DNAudit | user=null | ip=null | op=PUT_BLOCK {blockData=[blockId=conID: 2 locID: 102667710634590706 bcsId: 0,size=3145728]} | ret=SUCCESS |  
2019-08-23 18:29:00,159 | INFO  | DNAudit | user=null | ip=null | op=WRITE_CHUNK {blockData=conID: 2 locID: 102667710634590706 bcsId: 2217} | ret=SUCCESS |  
2019-08-23 18:29:00,160 | INFO  | DNAudit | user=null | ip=null | op=PUT_BLOCK {blockData=[blockId=conID: 2 locID: 102667710634590706 bcsId: 0,size=4194304]} | ret=SUCCESS |  
2019-08-23 18:29:00,160 [grpc-default-executor-4] INFO  client.GrpcClientProtocolClient (GrpcClientProtocolClient.java:onNext(255)) - client-19C32667576E->48affcab-e6e4-4602-963a-f6a50efbd54c: receive RaftClientReply:client-19C32667576E->48affcab-e6e4-4602-963a-f6a50efbd54c@group-50C56EAF5137, cid=1547, SUCCESS, logIndex=2220, commits[48affcab-e6e4-4602-963a-f6a50efbd54c:c2221, 7e391b60-07ae-4d97-a027-4756e468c032:c2217, c5f86d96-67df-4f25-bde3-316f439d30b3:c2217]
2019-08-23 18:29:00,160 [grpc-default-executor-4] INFO  client.GrpcClientProtocolClient (GrpcClientProtocolClient.java:onNext(255)) - client-19C32667576E->48affcab-e6e4-4602-963a-f6a50efbd54c: receive RaftClientReply:client-19C32667576E->48affcab-e6e4-4602-963a-f6a50efbd54c@group-50C56EAF5137, cid=1548, SUCCESS, logIndex=2221, commits[48affcab-e6e4-4602-963a-f6a50efbd54c:c2221, 7e391b60-07ae-4d97-a027-4756e468c032:c2217, c5f86d96-67df-4f25-bde3-316f439d30b3:c2217]
2019-08-23 18:29:00,170 | INFO  | DNAudit | user=null | ip=null | op=WRITE_CHUNK {blockData=conID: 2 locID: 102667710634590706 bcsId: 2217} | ret=SUCCESS |  
2019-08-23 18:29:00,170 | INFO  | DNAudit | user=null | ip=null | op=WRITE_CHUNK {blockData=conID: 2 locID: 102667710634590706 bcsId: 2217} | ret=SUCCESS |  
2019-08-23 18:29:00,171 | INFO  | DNAudit | user=null | ip=null | op=PUT_BLOCK {blockData=[blockId=conID: 2 locID: 102667710634590706 bcsId: 0,size=4194304]} | ret=SUCCESS |  
2019-08-23 18:29:00,171 | INFO  | DNAudit | user=null | ip=null | op=PUT_BLOCK {blockData=[blockId=conID: 2 locID: 102667710634590706 bcsId: 0,size=4194304]} | ret=SUCCESS |  
2019-08-23 18:29:00,172 [grpc-default-executor-4] INFO  client.GrpcClientProtocolClient (GrpcClientProtocolClient.java:onNext(255)) - client-19C32667576E->48affcab-e6e4-4602-963a-f6a50efbd54c: receive RaftClientReply:client-19C32667576E->48affcab-e6e4-4602-963a-f6a50efbd54c@group-50C56EAF5137, cid=1549, SUCCESS, logIndex=0, commits[48affcab-e6e4-4602-963a-f6a50efbd54c:c2223, 7e391b60-07ae-4d97-a027-4756e468c032:c2221, c5f86d96-67df-4f25-bde3-316f439d30b3:c2221]
2019-08-23 18:29:00,177 | INFO  | SCMAudit | user=jenkins1000 | ip=192.168.34.23 | op=ALLOCATE_BLOCK {owner=1ceb8b80-28f1-43fd-86c3-175afc07b8d1, size=4194304, type=RATIS, factor=THREE} | ret=SUCCESS |  
2019-08-23 18:29:00,179 | INFO  | OMAudit | user=jenkins1000 | ip=127.0.0.1 | op=ALLOCATE_BLOCK {volume=vol-0-45438, bucket=bucket-0-23891, key=key-0-22455, dataSize=0, replicationType=null, replicationFactor=null, keyLocationInfo=null, clientID=102667710122492306} | ret=SUCCESS |  
2019-08-23 18:29:00,186 | INFO  | DNAudit | user=null | ip=null | op=WRITE_CHUNK {blockData=conID: 3 locID: 102667710639374835 bcsId: 0} | ret=SUCCESS |  
2019-08-23 18:29:00,188 | INFO  | DNAudit | user=null | ip=null | op=WRITE_CHUNK {blockData=conID: 3 locID: 102667710639374835 bcsId: 0} | ret=SUCCESS |  
2019-08-23 18:29:00,188 | INFO  | DNAudit | user=null | ip=null | op=WRITE_CHUNK {blockData=conID: 3 locID: 102667710639374835 bcsId: 0} | ret=SUCCESS |  
2019-08-23 18:29:00,189 | INFO  | DNAudit | user=null | ip=null | op=WRITE_CHUNK {blockData=conID: 3 locID: 102667710639374835 bcsId: 0} | ret=SUCCESS |  
2019-08-23 18:29:00,191 | INFO  | DNAudit | user=null | ip=null | op=WRITE_CHUNK {blockData=conID: 3 locID: 102667710639374835 bcsId: 0} | ret=SUCCESS |  
2019-08-23 18:29:00,191 | INFO  | DNAudit | user=null | ip=null | op=WRITE_CHUNK {blockData=conID: 3 locID: 102667710639374835 bcsId: 0} | ret=SUCCESS |  
2019-08-23 18:29:00,198 | INFO  | DNAudit | user=null | ip=null | op=WRITE_CHUNK {blockData=conID: 3 locID: 102667710639374835 bcsId: 0} | ret=SUCCESS |  
2019-08-23 18:29:00,199 | INFO  | DNAudit | user=null | ip=null | op=PUT_BLOCK {blockData=[blockId=conID: 3 locID: 102667710639374835 bcsId: 0,size=1048576]} | ret=SUCCESS |  
2019-08-23 18:29:00,199 [grpc-default-executor-0] INFO  client.GrpcClientProtocolClient (GrpcClientProtocolClient.java:onNext(255)) - client-19C32667576E->48affcab-e6e4-4602-963a-f6a50efbd54c: receive RaftClientReply:client-19C32667576E->48affcab-e6e4-4602-963a-f6a50efbd54c@group-50C56EAF5137, cid=1550, SUCCESS, logIndex=2224, commits[48affcab-e6e4-4602-963a-f6a50efbd54c:c2225, 7e391b60-07ae-4d97-a027-4756e468c032:c2223, c5f86d96-67df-4f25-bde3-316f439d30b3:c2223]
2019-08-23 18:29:00,199 | INFO  | DNAudit | user=null | ip=null | op=WRITE_CHUNK {blockData=conID: 3 locID: 102667710639374835 bcsId: 0} | ret=SUCCESS |  
2019-08-23 18:29:00,200 | INFO  | DNAudit | user=null | ip=null | op=PUT_BLOCK {blockData=[blockId=conID: 3 locID: 102667710639374835 bcsId: 0,size=2097152]} | ret=SUCCESS |  
2019-08-23 18:29:00,200 [grpc-default-executor-4] INFO  client.GrpcClientProtocolClient (GrpcClientProtocolClient.java:onNext(255)) - client-19C32667576E->48affcab-e6e4-4602-963a-f6a50efbd54c: receive RaftClientReply:client-19C32667576E->48affcab-e6e4-4602-963a-f6a50efbd54c@group-50C56EAF5137, cid=1551, SUCCESS, logIndex=2225, commits[48affcab-e6e4-4602-963a-f6a50efbd54c:c2225, 7e391b60-07ae-4d97-a027-4756e468c032:c2223, c5f86d96-67df-4f25-bde3-316f439d30b3:c2223]
2019-08-23 18:29:00,200 [grpc-default-executor-4] INFO  client.GrpcClientProtocolClient (GrpcClientProtocolClient.java:onNext(255)) - client-19C32667576E->48affcab-e6e4-4602-963a-f6a50efbd54c: receive RaftClientReply:client-19C32667576E->48affcab-e6e4-4602-963a-f6a50efbd54c@group-50C56EAF5137, cid=1552, SUCCESS, logIndex=2226, commits[48affcab-e6e4-4602-963a-f6a50efbd54c:c2227, 7e391b60-07ae-4d97-a027-4756e468c032:c2223, c5f86d96-67df-4f25-bde3-316f439d30b3:c2223]
2019-08-23 18:29:00,200 | INFO  | DNAudit | user=null | ip=null | op=WRITE_CHUNK {blockData=conID: 3 locID: 102667710639374835 bcsId: 0} | ret=SUCCESS |  
2019-08-23 18:29:00,201 | INFO  | DNAudit | user=null | ip=null | op=PUT_BLOCK {blockData=[blockId=conID: 3 locID: 102667710639374835 bcsId: 0,size=1048576]} | ret=SUCCESS |  
2019-08-23 18:29:00,201 [grpc-default-executor-4] INFO  client.GrpcClientProtocolClient (GrpcClientProtocolClient.java:onNext(255)) - client-19C32667576E->48affcab-e6e4-4602-963a-f6a50efbd54c: receive RaftClientReply:client-19C32667576E->48affcab-e6e4-4602-963a-f6a50efbd54c@group-50C56EAF5137, cid=1553, SUCCESS, logIndex=2227, commits[48affcab-e6e4-4602-963a-f6a50efbd54c:c2227, 7e391b60-07ae-4d97-a027-4756e468c032:c2223, c5f86d96-67df-4f25-bde3-316f439d30b3:c2223]
2019-08-23 18:29:00,201 | INFO  | DNAudit | user=null | ip=null | op=WRITE_CHUNK {blockData=conID: 3 locID: 102667710639374835 bcsId: 0} | ret=SUCCESS |  
2019-08-23 18:29:00,201 | INFO  | DNAudit | user=null | ip=null | op=PUT_BLOCK {blockData=[blockId=conID: 3 locID: 102667710639374835 bcsId: 0,size=1048576]} | ret=SUCCESS |  
2019-08-23 18:29:00,202 | INFO  | DNAudit | user=null | ip=null | op=WRITE_CHUNK {blockData=conID: 3 locID: 102667710639374835 bcsId: 0} | ret=SUCCESS |  
2019-08-23 18:29:00,202 | INFO  | DNAudit | user=null | ip=null | op=PUT_BLOCK {blockData=[blockId=conID: 3 locID: 102667710639374835 bcsId: 0,size=2097152]} | ret=SUCCESS |  
2019-08-23 18:29:00,202 | INFO  | DNAudit | user=null | ip=null | op=WRITE_CHUNK {blockData=conID: 3 locID: 102667710639374835 bcsId: 0} | ret=SUCCESS |  
2019-08-23 18:29:00,202 [grpc-default-executor-0] INFO  client.GrpcClientProtocolClient (GrpcClientProtocolClient.java:onNext(255)) - client-19C32667576E->48affcab-e6e4-4602-963a-f6a50efbd54c: receive RaftClientReply:client-19C32667576E->48affcab-e6e4-4602-963a-f6a50efbd54c@group-50C56EAF5137, cid=1554, SUCCESS, logIndex=0, commits[48affcab-e6e4-4602-963a-f6a50efbd54c:c2229, 7e391b60-07ae-4d97-a027-4756e468c032:c2225, c5f86d96-67df-4f25-bde3-316f439d30b3:c2225]
2019-08-23 18:29:00,202 | INFO  | DNAudit | user=null | ip=null | op=PUT_BLOCK {blockData=[blockId=conID: 3 locID: 102667710639374835 bcsId: 0,size=2097152]} | ret=SUCCESS |  
2019-08-23 18:29:00,301 | INFO  | DNAudit | user=null | ip=null | op=WRITE_CHUNK {blockData=conID: 3 locID: 102667710639374835 bcsId: 2227} | ret=SUCCESS |  
2019-08-23 18:29:00,302 | INFO  | SCMAudit | user=jenkins1000 | ip=192.168.34.23 | op=SEND_HEARTBEAT {datanodeUUID=c83cddd0-22b5-491d-bff0-a36373498de2, command=[]} | ret=SUCCESS |  
2019-08-23 18:29:00,302 | INFO  | DNAudit | user=null | ip=null | op=WRITE_CHUNK {blockData=conID: 3 locID: 102667710639374835 bcsId: 2227} | ret=SUCCESS |  
2019-08-23 18:29:00,303 | INFO  | DNAudit | user=null | ip=null | op=WRITE_CHUNK {blockData=conID: 3 locID: 102667710639374835 bcsId: 2227} | ret=SUCCESS |  
2019-08-23 18:29:00,314 | INFO  | DNAudit | user=null | ip=null | op=WRITE_CHUNK {blockData=conID: 3 locID: 102667710639374835 bcsId: 2227} | ret=SUCCESS |  
2019-08-23 18:29:00,314 | INFO  | DNAudit | user=null | ip=null | op=PUT_BLOCK {blockData=[blockId=conID: 3 locID: 102667710639374835 bcsId: 0,size=3145728]} | ret=SUCCESS |  
2019-08-23 18:29:00,314 [grpc-default-executor-4] INFO  client.GrpcClientProtocolClient (GrpcClientProtocolClient.java:onNext(255)) - client-19C32667576E->48affcab-e6e4-4602-963a-f6a50efbd54c: receive RaftClientReply:client-19C32667576E->48affcab-e6e4-4602-963a-f6a50efbd54c@group-50C56EAF5137, cid=1555, SUCCESS, logIndex=2232, commits[48affcab-e6e4-4602-963a-f6a50efbd54c:c2233, 7e391b60-07ae-4d97-a027-4756e468c032:c2231, c5f86d96-67df-4f25-bde3-316f439d30b3:c2231]
2019-08-23 18:29:00,315 [grpc-default-executor-4] INFO  client.GrpcClientProtocolClient (GrpcClientProtocolClient.java:onNext(255)) - client-19C32667576E->48affcab-e6e4-4602-963a-f6a50efbd54c: receive RaftClientReply:client-19C32667576E->48affcab-e6e4-4602-963a-f6a50efbd54c@group-50C56EAF5137, cid=1556, SUCCESS, logIndex=2233, commits[48affcab-e6e4-4602-963a-f6a50efbd54c:c2233, 7e391b60-07ae-4d97-a027-4756e468c032:c2231, c5f86d96-67df-4f25-bde3-316f439d30b3:c2231]
2019-08-23 18:29:00,320 | INFO  | DNAudit | user=null | ip=null | op=WRITE_CHUNK {blockData=conID: 3 locID: 102667710639374835 bcsId: 2233} | ret=SUCCESS |  
2019-08-23 18:29:00,323 | INFO  | DNAudit | user=null | ip=null | op=WRITE_CHUNK {blockData=conID: 3 locID: 102667710639374835 bcsId: 2233} | ret=SUCCESS |  
2019-08-23 18:29:00,323 | INFO  | DNAudit | user=null | ip=null | op=WRITE_CHUNK {blockData=conID: 3 locID: 102667710639374835 bcsId: 2233} | ret=SUCCESS |  
2019-08-23 18:29:00,325 | INFO  | DNAudit | user=null | ip=null | op=WRITE_CHUNK {blockData=conID: 3 locID: 102667710639374835 bcsId: 2227} | ret=SUCCESS |  
2019-08-23 18:29:00,325 | INFO  | DNAudit | user=null | ip=null | op=WRITE_CHUNK {blockData=conID: 3 locID: 102667710639374835 bcsId: 2227} | ret=SUCCESS |  
2019-08-23 18:29:00,325 | INFO  | DNAudit | user=null | ip=null | op=PUT_BLOCK {blockData=[blockId=conID: 3 locID: 102667710639374835 bcsId: 0,size=3145728]} | ret=SUCCESS |  
2019-08-23 18:29:00,325 | INFO  | DNAudit | user=null | ip=null | op=PUT_BLOCK {blockData=[blockId=conID: 3 locID: 102667710639374835 bcsId: 0,size=3145728]} | ret=SUCCESS |  
2019-08-23 18:29:00,327 | INFO  | DNAudit | user=null | ip=null | op=WRITE_CHUNK {blockData=conID: 3 locID: 102667710639374835 bcsId: 2233} | ret=SUCCESS |  
2019-08-23 18:29:00,327 | INFO  | DNAudit | user=null | ip=null | op=PUT_BLOCK {blockData=[blockId=conID: 3 locID: 102667710639374835 bcsId: 0,size=4194304]} | ret=SUCCESS |  
2019-08-23 18:29:00,327 [grpc-default-executor-3] INFO  client.GrpcClientProtocolClient (GrpcClientProtocolClient.java:onNext(255)) - client-19C32667576E->48affcab-e6e4-4602-963a-f6a50efbd54c: receive RaftClientReply:client-19C32667576E->48affcab-e6e4-4602-963a-f6a50efbd54c@group-50C56EAF5137, cid=1557, SUCCESS, logIndex=2236, commits[48affcab-e6e4-4602-963a-f6a50efbd54c:c2237, 7e391b60-07ae-4d97-a027-4756e468c032:c2233, c5f86d96-67df-4f25-bde3-316f439d30b3:c2233]
2019-08-23 18:29:00,328 [grpc-default-executor-3] INFO  client.GrpcClientProtocolClient (GrpcClientProtocolClient.java:onNext(255)) - client-19C32667576E->48affcab-e6e4-4602-963a-f6a50efbd54c: receive RaftClientReply:client-19C32667576E->48affcab-e6e4-4602-963a-f6a50efbd54c@group-50C56EAF5137, cid=1558, SUCCESS, logIndex=2237, commits[48affcab-e6e4-4602-963a-f6a50efbd54c:c2237, 7e391b60-07ae-4d97-a027-4756e468c032:c2233, c5f86d96-67df-4f25-bde3-316f439d30b3:c2233]
2019-08-23 18:29:00,339 | INFO  | DNAudit | user=null | ip=null | op=WRITE_CHUNK {blockData=conID: 3 locID: 102667710639374835 bcsId: 2233} | ret=SUCCESS |  
2019-08-23 18:29:00,339 | INFO  | DNAudit | user=null | ip=null | op=PUT_BLOCK {blockData=[blockId=conID: 3 locID: 102667710639374835 bcsId: 0,size=4194304]} | ret=SUCCESS |  
2019-08-23 18:29:00,339 | INFO  | DNAudit | user=null | ip=null | op=WRITE_CHUNK {blockData=conID: 3 locID: 102667710639374835 bcsId: 2233} | ret=SUCCESS |  
2019-08-23 18:29:00,339 | INFO  | DNAudit | user=null | ip=null | op=PUT_BLOCK {blockData=[blockId=conID: 3 locID: 102667710639374835 bcsId: 0,size=4194304]} | ret=SUCCESS |  
2019-08-23 18:29:00,339 [grpc-default-executor-0] INFO  client.GrpcClientProtocolClient (GrpcClientProtocolClient.java:onNext(255)) - client-19C32667576E->48affcab-e6e4-4602-963a-f6a50efbd54c: receive RaftClientReply:client-19C32667576E->48affcab-e6e4-4602-963a-f6a50efbd54c@group-50C56EAF5137, cid=1559, SUCCESS, logIndex=0, commits[48affcab-e6e4-4602-963a-f6a50efbd54c:c2238, 7e391b60-07ae-4d97-a027-4756e468c032:c2237, c5f86d96-67df-4f25-bde3-316f439d30b3:c2237]
2019-08-23 18:29:00,345 | INFO  | SCMAudit | user=jenkins1000 | ip=192.168.34.23 | op=ALLOCATE_BLOCK {owner=1ceb8b80-28f1-43fd-86c3-175afc07b8d1, size=4194304, type=RATIS, factor=THREE} | ret=SUCCESS |  
2019-08-23 18:29:00,348 | INFO  | OMAudit | user=jenkins1000 | ip=127.0.0.1 | op=ALLOCATE_BLOCK {volume=vol-0-45438, bucket=bucket-0-23891, key=key-0-22455, dataSize=0, replicationType=null, replicationFactor=null, keyLocationInfo=null, clientID=102667710122492306} | ret=SUCCESS |  
2019-08-23 18:29:00,354 | INFO  | DNAudit | user=null | ip=null | op=WRITE_CHUNK {blockData=conID: 1 locID: 102667710650450420 bcsId: 0} | ret=SUCCESS |  
2019-08-23 18:29:00,357 | INFO  | DNAudit | user=null | ip=null | op=WRITE_CHUNK {blockData=conID: 1 locID: 102667710650450420 bcsId: 0} | ret=SUCCESS |  
2019-08-23 18:29:00,357 | INFO  | DNAudit | user=null | ip=null | op=WRITE_CHUNK {blockData=conID: 1 locID: 102667710650450420 bcsId: 0} | ret=SUCCESS |  
2019-08-23 18:29:00,358 | INFO  | DNAudit | user=null | ip=null | op=WRITE_CHUNK {blockData=conID: 1 locID: 102667710650450420 bcsId: 0} | ret=SUCCESS |  
2019-08-23 18:29:00,360 | INFO  | DNAudit | user=null | ip=null | op=WRITE_CHUNK {blockData=conID: 1 locID: 102667710650450420 bcsId: 0} | ret=SUCCESS |  
2019-08-23 18:29:00,360 | INFO  | DNAudit | user=null | ip=null | op=WRITE_CHUNK {blockData=conID: 1 locID: 102667710650450420 bcsId: 0} | ret=SUCCESS |  
2019-08-23 18:29:00,367 | INFO  | DNAudit | user=null | ip=null | op=WRITE_CHUNK {blockData=conID: 1 locID: 102667710650450420 bcsId: 0} | ret=SUCCESS |  
2019-08-23 18:29:00,367 | INFO  | DNAudit | user=null | ip=null | op=PUT_BLOCK {blockData=[blockId=conID: 1 locID: 102667710650450420 bcsId: 0,size=1048576]} | ret=SUCCESS |  
2019-08-23 18:29:00,367 [grpc-default-executor-4] INFO  client.GrpcClientProtocolClient (GrpcClientProtocolClient.java:onNext(255)) - client-19C32667576E->48affcab-e6e4-4602-963a-f6a50efbd54c: receive RaftClientReply:client-19C32667576E->48affcab-e6e4-4602-963a-f6a50efbd54c@group-50C56EAF5137, cid=1560, SUCCESS, logIndex=2240, commits[48affcab-e6e4-4602-963a-f6a50efbd54c:c2241, 7e391b60-07ae-4d97-a027-4756e468c032:c2239, c5f86d96-67df-4f25-bde3-316f439d30b3:c2239]
2019-08-23 18:29:00,368 | INFO  | DNAudit | user=null | ip=null | op=WRITE_CHUNK {blockData=conID: 1 locID: 102667710650450420 bcsId: 0} | ret=SUCCESS |  
2019-08-23 18:29:00,368 | INFO  | DNAudit | user=null | ip=null | op=PUT_BLOCK {blockData=[blockId=conID: 1 locID: 102667710650450420 bcsId: 0,size=2097152]} | ret=SUCCESS |  
2019-08-23 18:29:00,368 [grpc-default-executor-4] INFO  client.GrpcClientProtocolClient (GrpcClientProtocolClient.java:onNext(255)) - client-19C32667576E->48affcab-e6e4-4602-963a-f6a50efbd54c: receive RaftClientReply:client-19C32667576E->48affcab-e6e4-4602-963a-f6a50efbd54c@group-50C56EAF5137, cid=1561, SUCCESS, logIndex=2241, commits[48affcab-e6e4-4602-963a-f6a50efbd54c:c2241, 7e391b60-07ae-4d97-a027-4756e468c032:c2239, c5f86d96-67df-4f25-bde3-316f439d30b3:c2239]
2019-08-23 18:29:00,369 | INFO  | DNAudit | user=null | ip=null | op=WRITE_CHUNK {blockData=conID: 1 locID: 102667710650450420 bcsId: 0} | ret=SUCCESS |  
2019-08-23 18:29:00,369 | INFO  | DNAudit | user=null | ip=null | op=PUT_BLOCK {blockData=[blockId=conID: 1 locID: 102667710650450420 bcsId: 0,size=1048576]} | ret=SUCCESS |  
2019-08-23 18:29:00,369 [grpc-default-executor-4] INFO  client.GrpcClientProtocolClient (GrpcClientProtocolClient.java:onNext(255)) - client-19C32667576E->48affcab-e6e4-4602-963a-f6a50efbd54c: receive RaftClientReply:client-19C32667576E->48affcab-e6e4-4602-963a-f6a50efbd54c@group-50C56EAF5137, cid=1562, SUCCESS, logIndex=2242, commits[48affcab-e6e4-4602-963a-f6a50efbd54c:c2243, 7e391b60-07ae-4d97-a027-4756e468c032:c2239, c5f86d96-67df-4f25-bde3-316f439d30b3:c2239]
2019-08-23 18:29:00,369 [grpc-default-executor-4] INFO  client.GrpcClientProtocolClient (GrpcClientProtocolClient.java:onNext(255)) - client-19C32667576E->48affcab-e6e4-4602-963a-f6a50efbd54c: receive RaftClientReply:client-19C32667576E->48affcab-e6e4-4602-963a-f6a50efbd54c@group-50C56EAF5137, cid=1563, SUCCESS, logIndex=2243, commits[48affcab-e6e4-4602-963a-f6a50efbd54c:c2243, 7e391b60-07ae-4d97-a027-4756e468c032:c2239, c5f86d96-67df-4f25-bde3-316f439d30b3:c2239]
2019-08-23 18:29:00,369 | INFO  | DNAudit | user=null | ip=null | op=WRITE_CHUNK {blockData=conID: 1 locID: 102667710650450420 bcsId: 0} | ret=SUCCESS |  
2019-08-23 18:29:00,370 | INFO  | DNAudit | user=null | ip=null | op=PUT_BLOCK {blockData=[blockId=conID: 1 locID: 102667710650450420 bcsId: 0,size=1048576]} | ret=SUCCESS |  
2019-08-23 18:29:00,370 | INFO  | DNAudit | user=null | ip=null | op=WRITE_CHUNK {blockData=conID: 1 locID: 102667710650450420 bcsId: 0} | ret=SUCCESS |  
2019-08-23 18:29:00,370 | INFO  | DNAudit | user=null | ip=null | op=PUT_BLOCK {blockData=[blockId=conID: 1 locID: 102667710650450420 bcsId: 0,size=2097152]} | ret=SUCCESS |  
2019-08-23 18:29:00,370 | INFO  | DNAudit | user=null | ip=null | op=WRITE_CHUNK {blockData=conID: 1 locID: 102667710650450420 bcsId: 0} | ret=SUCCESS |  
2019-08-23 18:29:00,370 [grpc-default-executor-3] INFO  client.GrpcClientProtocolClient (GrpcClientProtocolClient.java:onNext(255)) - client-19C32667576E->48affcab-e6e4-4602-963a-f6a50efbd54c: receive RaftClientReply:client-19C32667576E->48affcab-e6e4-4602-963a-f6a50efbd54c@group-50C56EAF5137, cid=1564, SUCCESS, logIndex=0, commits[48affcab-e6e4-4602-963a-f6a50efbd54c:c2245, 7e391b60-07ae-4d97-a027-4756e468c032:c2242, c5f86d96-67df-4f25-bde3-316f439d30b3:c2241]
2019-08-23 18:29:00,370 | INFO  | DNAudit | user=null | ip=null | op=PUT_BLOCK {blockData=[blockId=conID: 1 locID: 102667710650450420 bcsId: 0,size=2097152]} | ret=SUCCESS |  
2019-08-23 18:29:00,377 | INFO  | DNAudit | user=null | ip=null | op=WRITE_CHUNK {blockData=conID: 1 locID: 102667710650450420 bcsId: 2243} | ret=SUCCESS |  
2019-08-23 18:29:00,377 | INFO  | DNAudit | user=null | ip=null | op=WRITE_CHUNK {blockData=conID: 1 locID: 102667710650450420 bcsId: 2243} | ret=SUCCESS |  
2019-08-23 18:29:00,378 | INFO  | DNAudit | user=null | ip=null | op=WRITE_CHUNK {blockData=conID: 1 locID: 102667710650450420 bcsId: 2243} | ret=SUCCESS |  
2019-08-23 18:29:00,389 | INFO  | DNAudit | user=null | ip=null | op=WRITE_CHUNK {blockData=conID: 1 locID: 102667710650450420 bcsId: 2243} | ret=SUCCESS |  
2019-08-23 18:29:00,389 | INFO  | DNAudit | user=null | ip=null | op=PUT_BLOCK {blockData=[blockId=conID: 1 locID: 102667710650450420 bcsId: 0,size=3145728]} | ret=SUCCESS |  
2019-08-23 18:29:00,390 [grpc-default-executor-0] INFO  client.GrpcClientProtocolClient (GrpcClientProtocolClient.java:onNext(255)) - client-19C32667576E->48affcab-e6e4-4602-963a-f6a50efbd54c: receive RaftClientReply:client-19C32667576E->48affcab-e6e4-4602-963a-f6a50efbd54c@group-50C56EAF5137, cid=1565, SUCCESS, logIndex=2248, commits[48affcab-e6e4-4602-963a-f6a50efbd54c:c2249, 7e391b60-07ae-4d97-a027-4756e468c032:c2247, c5f86d96-67df-4f25-bde3-316f439d30b3:c2247]
2019-08-23 18:29:00,390 [grpc-default-executor-0] INFO  client.GrpcClientProtocolClient (GrpcClientProtocolClient.java:onNext(255)) - client-19C32667576E->48affcab-e6e4-4602-963a-f6a50efbd54c: receive RaftClientReply:client-19C32667576E->48affcab-e6e4-4602-963a-f6a50efbd54c@group-50C56EAF5137, cid=1566, SUCCESS, logIndex=2249, commits[48affcab-e6e4-4602-963a-f6a50efbd54c:c2249, 7e391b60-07ae-4d97-a027-4756e468c032:c2247, c5f86d96-67df-4f25-bde3-316f439d30b3:c2247]
2019-08-23 18:29:00,395 | INFO  | DNAudit | user=null | ip=null | op=WRITE_CHUNK {blockData=conID: 1 locID: 102667710650450420 bcsId: 2249} | ret=SUCCESS |  
2019-08-23 18:29:00,397 | INFO  | DNAudit | user=null | ip=null | op=WRITE_CHUNK {blockData=conID: 1 locID: 102667710650450420 bcsId: 2249} | ret=SUCCESS |  
2019-08-23 18:29:00,397 | INFO  | DNAudit | user=null | ip=null | op=WRITE_CHUNK {blockData=conID: 1 locID: 102667710650450420 bcsId: 2249} | ret=SUCCESS |  
2019-08-23 18:29:00,401 | INFO  | DNAudit | user=null | ip=null | op=WRITE_CHUNK {blockData=conID: 1 locID: 102667710650450420 bcsId: 2243} | ret=SUCCESS |  
2019-08-23 18:29:00,401 | INFO  | DNAudit | user=null | ip=null | op=WRITE_CHUNK {blockData=conID: 1 locID: 102667710650450420 bcsId: 2243} | ret=SUCCESS |  
2019-08-23 18:29:00,402 | INFO  | DNAudit | user=null | ip=null | op=PUT_BLOCK {blockData=[blockId=conID: 1 locID: 102667710650450420 bcsId: 0,size=3145728]} | ret=SUCCESS |  
2019-08-23 18:29:00,402 | INFO  | DNAudit | user=null | ip=null | op=PUT_BLOCK {blockData=[blockId=conID: 1 locID: 102667710650450420 bcsId: 0,size=3145728]} | ret=SUCCESS |  
2019-08-23 18:29:00,402 | INFO  | DNAudit | user=null | ip=null | op=WRITE_CHUNK {blockData=conID: 1 locID: 102667710650450420 bcsId: 2249} | ret=SUCCESS |  
2019-08-23 18:29:00,403 | INFO  | DNAudit | user=null | ip=null | op=PUT_BLOCK {blockData=[blockId=conID: 1 locID: 102667710650450420 bcsId: 0,size=4194304]} | ret=SUCCESS |  
2019-08-23 18:29:00,403 [grpc-default-executor-4] INFO  client.GrpcClientProtocolClient (GrpcClientProtocolClient.java:onNext(255)) - client-19C32667576E->48affcab-e6e4-4602-963a-f6a50efbd54c: receive RaftClientReply:client-19C32667576E->48affcab-e6e4-4602-963a-f6a50efbd54c@group-50C56EAF5137, cid=1567, SUCCESS, logIndex=2252, commits[48affcab-e6e4-4602-963a-f6a50efbd54c:c2253, 7e391b60-07ae-4d97-a027-4756e468c032:c2249, c5f86d96-67df-4f25-bde3-316f439d30b3:c2249]
2019-08-23 18:29:00,403 [grpc-default-executor-4] INFO  client.GrpcClientProtocolClient (GrpcClientProtocolClient.java:onNext(255)) - client-19C32667576E->48affcab-e6e4-4602-963a-f6a50efbd54c: receive RaftClientReply:client-19C32667576E->48affcab-e6e4-4602-963a-f6a50efbd54c@group-50C56EAF5137, cid=1568, SUCCESS, logIndex=2253, commits[48affcab-e6e4-4602-963a-f6a50efbd54c:c2253, 7e391b60-07ae-4d97-a027-4756e468c032:c2249, c5f86d96-67df-4f25-bde3-316f439d30b3:c2249]
2019-08-23 18:29:00,414 | INFO  | DNAudit | user=null | ip=null | op=WRITE_CHUNK {blockData=conID: 1 locID: 102667710650450420 bcsId: 2249} | ret=SUCCESS |  
2019-08-23 18:29:00,414 | INFO  | DNAudit | user=null | ip=null | op=WRITE_CHUNK {blockData=conID: 1 locID: 102667710650450420 bcsId: 2249} | ret=SUCCESS |  
2019-08-23 18:29:00,415 | INFO  | DNAudit | user=null | ip=null | op=PUT_BLOCK {blockData=[blockId=conID: 1 locID: 102667710650450420 bcsId: 0,size=4194304]} | ret=SUCCESS |  
2019-08-23 18:29:00,415 | INFO  | DNAudit | user=null | ip=null | op=PUT_BLOCK {blockData=[blockId=conID: 1 locID: 102667710650450420 bcsId: 0,size=4194304]} | ret=SUCCESS |  
2019-08-23 18:29:00,415 [grpc-default-executor-4] INFO  client.GrpcClientProtocolClient (GrpcClientProtocolClient.java:onNext(255)) - client-19C32667576E->48affcab-e6e4-4602-963a-f6a50efbd54c: receive RaftClientReply:client-19C32667576E->48affcab-e6e4-4602-963a-f6a50efbd54c@group-50C56EAF5137, cid=1569, SUCCESS, logIndex=0, commits[48affcab-e6e4-4602-963a-f6a50efbd54c:c2255, 7e391b60-07ae-4d97-a027-4756e468c032:c2253, c5f86d96-67df-4f25-bde3-316f439d30b3:c2253]
2019-08-23 18:29:00,420 | INFO  | SCMAudit | user=jenkins1000 | ip=192.168.34.23 | op=ALLOCATE_BLOCK {owner=1ceb8b80-28f1-43fd-86c3-175afc07b8d1, size=4194304, type=RATIS, factor=THREE} | ret=SUCCESS |  
2019-08-23 18:29:00,422 | INFO  | OMAudit | user=jenkins1000 | ip=127.0.0.1 | op=ALLOCATE_BLOCK {volume=vol-0-45438, bucket=bucket-0-23891, key=key-0-22455, dataSize=0, replicationType=null, replicationFactor=null, keyLocationInfo=null, clientID=102667710122492306} | ret=SUCCESS |  
2019-08-23 18:29:00,428 | INFO  | DNAudit | user=null | ip=null | op=WRITE_CHUNK {blockData=conID: 2 locID: 102667710655300085 bcsId: 0} | ret=SUCCESS |  
2019-08-23 18:29:00,430 | INFO  | DNAudit | user=null | ip=null | op=WRITE_CHUNK {blockData=conID: 2 locID: 102667710655300085 bcsId: 0} | ret=SUCCESS |  
2019-08-23 18:29:00,430 | INFO  | DNAudit | user=null | ip=null | op=WRITE_CHUNK {blockData=conID: 2 locID: 102667710655300085 bcsId: 0} | ret=SUCCESS |  
2019-08-23 18:29:00,431 | INFO  | DNAudit | user=null | ip=null | op=WRITE_CHUNK {blockData=conID: 2 locID: 102667710655300085 bcsId: 0} | ret=SUCCESS |  
2019-08-23 18:29:00,432 | INFO  | DNAudit | user=null | ip=null | op=WRITE_CHUNK {blockData=conID: 2 locID: 102667710655300085 bcsId: 0} | ret=SUCCESS |  
2019-08-23 18:29:00,433 | INFO  | DNAudit | user=null | ip=null | op=WRITE_CHUNK {blockData=conID: 2 locID: 102667710655300085 bcsId: 0} | ret=SUCCESS |  
2019-08-23 18:29:00,440 | INFO  | DNAudit | user=null | ip=null | op=WRITE_CHUNK {blockData=conID: 2 locID: 102667710655300085 bcsId: 0} | ret=SUCCESS |  
2019-08-23 18:29:00,440 | INFO  | DNAudit | user=null | ip=null | op=PUT_BLOCK {blockData=[blockId=conID: 2 locID: 102667710655300085 bcsId: 0,size=1048576]} | ret=SUCCESS |  
2019-08-23 18:29:00,441 [grpc-default-executor-5] INFO  client.GrpcClientProtocolClient (GrpcClientProtocolClient.java:onNext(255)) - client-19C32667576E->48affcab-e6e4-4602-963a-f6a50efbd54c: receive RaftClientReply:client-19C32667576E->48affcab-e6e4-4602-963a-f6a50efbd54c@group-50C56EAF5137, cid=1570, SUCCESS, logIndex=2256, commits[48affcab-e6e4-4602-963a-f6a50efbd54c:c2257, 7e391b60-07ae-4d97-a027-4756e468c032:c2255, c5f86d96-67df-4f25-bde3-316f439d30b3:c2255]
2019-08-23 18:29:00,441 | INFO  | DNAudit | user=null | ip=null | op=WRITE_CHUNK {blockData=conID: 2 locID: 102667710655300085 bcsId: 0} | ret=SUCCESS |  
2019-08-23 18:29:00,441 [grpc-default-executor-0] INFO  client.GrpcClientProtocolClient (GrpcClientProtocolClient.java:onNext(255)) - client-19C32667576E->48affcab-e6e4-4602-963a-f6a50efbd54c: receive RaftClientReply:client-19C32667576E->48affcab-e6e4-4602-963a-f6a50efbd54c@group-50C56EAF5137, cid=1571, SUCCESS, logIndex=2257, commits[48affcab-e6e4-4602-963a-f6a50efbd54c:c2257, 7e391b60-07ae-4d97-a027-4756e468c032:c2255, c5f86d96-67df-4f25-bde3-316f439d30b3:c2255]
2019-08-23 18:29:00,441 | INFO  | DNAudit | user=null | ip=null | op=PUT_BLOCK {blockData=[blockId=conID: 2 locID: 102667710655300085 bcsId: 0,size=2097152]} | ret=SUCCESS |  
2019-08-23 18:29:00,441 [grpc-default-executor-0] INFO  client.GrpcClientProtocolClient (GrpcClientProtocolClient.java:onNext(255)) - client-19C32667576E->48affcab-e6e4-4602-963a-f6a50efbd54c: receive RaftClientReply:client-19C32667576E->48affcab-e6e4-4602-963a-f6a50efbd54c@group-50C56EAF5137, cid=1572, SUCCESS, logIndex=2258, commits[48affcab-e6e4-4602-963a-f6a50efbd54c:c2259, 7e391b60-07ae-4d97-a027-4756e468c032:c2255, c5f86d96-67df-4f25-bde3-316f439d30b3:c2255]
2019-08-23 18:29:00,442 [grpc-default-executor-0] INFO  client.GrpcClientProtocolClient (GrpcClientProtocolClient.java:onNext(255)) - client-19C32667576E->48affcab-e6e4-4602-963a-f6a50efbd54c: receive RaftClientReply:client-19C32667576E->48affcab-e6e4-4602-963a-f6a50efbd54c@group-50C56EAF5137, cid=1573, SUCCESS, logIndex=2259, commits[48affcab-e6e4-4602-963a-f6a50efbd54c:c2259, 7e391b60-07ae-4d97-a027-4756e468c032:c2255, c5f86d96-67df-4f25-bde3-316f439d30b3:c2255]
2019-08-23 18:29:00,442 | INFO  | DNAudit | user=null | ip=null | op=WRITE_CHUNK {blockData=conID: 2 locID: 102667710655300085 bcsId: 0} | ret=SUCCESS |  
2019-08-23 18:29:00,442 | INFO  | DNAudit | user=null | ip=null | op=PUT_BLOCK {blockData=[blockId=conID: 2 locID: 102667710655300085 bcsId: 0,size=1048576]} | ret=SUCCESS |  
2019-08-23 18:29:00,443 | INFO  | DNAudit | user=null | ip=null | op=WRITE_CHUNK {blockData=conID: 2 locID: 102667710655300085 bcsId: 0} | ret=SUCCESS |  
2019-08-23 18:29:00,443 | INFO  | DNAudit | user=null | ip=null | op=PUT_BLOCK {blockData=[blockId=conID: 2 locID: 102667710655300085 bcsId: 0,size=1048576]} | ret=SUCCESS |  
2019-08-23 18:29:00,444 | INFO  | DNAudit | user=null | ip=null | op=WRITE_CHUNK {blockData=conID: 2 locID: 102667710655300085 bcsId: 0} | ret=SUCCESS |  
2019-08-23 18:29:00,444 [grpc-default-executor-0] INFO  client.GrpcClientProtocolClient (GrpcClientProtocolClient.java:onNext(255)) - client-19C32667576E->48affcab-e6e4-4602-963a-f6a50efbd54c: receive RaftClientReply:client-19C32667576E->48affcab-e6e4-4602-963a-f6a50efbd54c@group-50C56EAF5137, cid=1574, SUCCESS, logIndex=0, commits[48affcab-e6e4-4602-963a-f6a50efbd54c:c2261, 7e391b60-07ae-4d97-a027-4756e468c032:c2257, c5f86d96-67df-4f25-bde3-316f439d30b3:c2257]
2019-08-23 18:29:00,444 | INFO  | DNAudit | user=null | ip=null | op=PUT_BLOCK {blockData=[blockId=conID: 2 locID: 102667710655300085 bcsId: 0,size=2097152]} | ret=SUCCESS |  
2019-08-23 18:29:00,445 | INFO  | DNAudit | user=null | ip=null | op=WRITE_CHUNK {blockData=conID: 2 locID: 102667710655300085 bcsId: 0} | ret=SUCCESS |  
2019-08-23 18:29:00,445 | INFO  | DNAudit | user=null | ip=null | op=PUT_BLOCK {blockData=[blockId=conID: 2 locID: 102667710655300085 bcsId: 0,size=2097152]} | ret=SUCCESS |  
2019-08-23 18:29:00,449 | INFO  | DNAudit | user=null | ip=null | op=WRITE_CHUNK {blockData=conID: 2 locID: 102667710655300085 bcsId: 2259} | ret=SUCCESS |  
2019-08-23 18:29:00,452 | INFO  | DNAudit | user=null | ip=null | op=WRITE_CHUNK {blockData=conID: 2 locID: 102667710655300085 bcsId: 2259} | ret=SUCCESS |  
2019-08-23 18:29:00,452 | INFO  | DNAudit | user=null | ip=null | op=WRITE_CHUNK {blockData=conID: 2 locID: 102667710655300085 bcsId: 2259} | ret=SUCCESS |  
2019-08-23 18:29:00,464 | INFO  | DNAudit | user=null | ip=null | op=WRITE_CHUNK {blockData=conID: 2 locID: 102667710655300085 bcsId: 2259} | ret=SUCCESS |  
2019-08-23 18:29:00,464 | INFO  | DNAudit | user=null | ip=null | op=PUT_BLOCK {blockData=[blockId=conID: 2 locID: 102667710655300085 bcsId: 0,size=3145728]} | ret=SUCCESS |  
2019-08-23 18:29:00,464 [grpc-default-executor-5] INFO  client.GrpcClientProtocolClient (GrpcClientProtocolClient.java:onNext(255)) - client-19C32667576E->48affcab-e6e4-4602-963a-f6a50efbd54c: receive RaftClientReply:client-19C32667576E->48affcab-e6e4-4602-963a-f6a50efbd54c@group-50C56EAF5137, cid=1575, SUCCESS, logIndex=2264, commits[48affcab-e6e4-4602-963a-f6a50efbd54c:c2265, 7e391b60-07ae-4d97-a027-4756e468c032:c2263, c5f86d96-67df-4f25-bde3-316f439d30b3:c2263]
2019-08-23 18:29:00,465 [grpc-default-executor-5] INFO  client.GrpcClientProtocolClient (GrpcClientProtocolClient.java:onNext(255)) - client-19C32667576E->48affcab-e6e4-4602-963a-f6a50efbd54c: receive RaftClientReply:client-19C32667576E->48affcab-e6e4-4602-963a-f6a50efbd54c@group-50C56EAF5137, cid=1576, SUCCESS, logIndex=2265, commits[48affcab-e6e4-4602-963a-f6a50efbd54c:c2265, 7e391b60-07ae-4d97-a027-4756e468c032:c2263, c5f86d96-67df-4f25-bde3-316f439d30b3:c2263]
2019-08-23 18:29:00,466 | INFO  | DNAudit | user=null | ip=null | op=WRITE_CHUNK {blockData=conID: 2 locID: 102667710655300085 bcsId: 2259} | ret=SUCCESS |  
2019-08-23 18:29:00,466 | INFO  | DNAudit | user=null | ip=null | op=WRITE_CHUNK {blockData=conID: 2 locID: 102667710655300085 bcsId: 2259} | ret=SUCCESS |  
2019-08-23 18:29:00,467 | INFO  | DNAudit | user=null | ip=null | op=PUT_BLOCK {blockData=[blockId=conID: 2 locID: 102667710655300085 bcsId: 0,size=3145728]} | ret=SUCCESS |  
2019-08-23 18:29:00,467 | INFO  | DNAudit | user=null | ip=null | op=PUT_BLOCK {blockData=[blockId=conID: 2 locID: 102667710655300085 bcsId: 0,size=3145728]} | ret=SUCCESS |  
2019-08-23 18:29:00,470 | INFO  | DNAudit | user=null | ip=null | op=WRITE_CHUNK {blockData=conID: 2 locID: 102667710655300085 bcsId: 2265} | ret=SUCCESS |  
2019-08-23 18:29:00,472 | INFO  | DNAudit | user=null | ip=null | op=WRITE_CHUNK {blockData=conID: 2 locID: 102667710655300085 bcsId: 2265} | ret=SUCCESS |  
2019-08-23 18:29:00,472 | INFO  | DNAudit | user=null | ip=null | op=WRITE_CHUNK {blockData=conID: 2 locID: 102667710655300085 bcsId: 2265} | ret=SUCCESS |  
2019-08-23 18:29:00,475 | INFO  | DNAudit | user=null | ip=null | op=WRITE_CHUNK {blockData=conID: 2 locID: 102667710655300085 bcsId: 2265} | ret=SUCCESS |  
2019-08-23 18:29:00,475 | INFO  | DNAudit | user=null | ip=null | op=PUT_BLOCK {blockData=[blockId=conID: 2 locID: 102667710655300085 bcsId: 0,size=4194304]} | ret=SUCCESS |  
2019-08-23 18:29:00,475 [grpc-default-executor-0] INFO  client.GrpcClientProtocolClient (GrpcClientProtocolClient.java:onNext(255)) - client-19C32667576E->48affcab-e6e4-4602-963a-f6a50efbd54c: receive RaftClientReply:client-19C32667576E->48affcab-e6e4-4602-963a-f6a50efbd54c@group-50C56EAF5137, cid=1577, SUCCESS, logIndex=2268, commits[48affcab-e6e4-4602-963a-f6a50efbd54c:c2269, 7e391b60-07ae-4d97-a027-4756e468c032:c2267, c5f86d96-67df-4f25-bde3-316f439d30b3:c2265]
2019-08-23 18:29:00,475 [grpc-default-executor-0] INFO  client.GrpcClientProtocolClient (GrpcClientProtocolClient.java:onNext(255)) - client-19C32667576E->48affcab-e6e4-4602-963a-f6a50efbd54c: receive RaftClientReply:client-19C32667576E->48affcab-e6e4-4602-963a-f6a50efbd54c@group-50C56EAF5137, cid=1578, SUCCESS, logIndex=2269, commits[48affcab-e6e4-4602-963a-f6a50efbd54c:c2269, 7e391b60-07ae-4d97-a027-4756e468c032:c2267, c5f86d96-67df-4f25-bde3-316f439d30b3:c2267]
2019-08-23 18:29:00,476 | INFO  | DNAudit | user=null | ip=null | op=WRITE_CHUNK {blockData=conID: 2 locID: 102667710655300085 bcsId: 2265} | ret=SUCCESS |  
2019-08-23 18:29:00,476 | INFO  | DNAudit | user=null | ip=null | op=WRITE_CHUNK {blockData=conID: 2 locID: 102667710655300085 bcsId: 2265} | ret=SUCCESS |  
2019-08-23 18:29:00,477 | INFO  | DNAudit | user=null | ip=null | op=PUT_BLOCK {blockData=[blockId=conID: 2 locID: 102667710655300085 bcsId: 0,size=4194304]} | ret=SUCCESS |  
2019-08-23 18:29:00,477 | INFO  | DNAudit | user=null | ip=null | op=PUT_BLOCK {blockData=[blockId=conID: 2 locID: 102667710655300085 bcsId: 0,size=4194304]} | ret=SUCCESS |  
2019-08-23 18:29:00,477 [grpc-default-executor-0] INFO  client.GrpcClientProtocolClient (GrpcClientProtocolClient.java:onNext(255)) - client-19C32667576E->48affcab-e6e4-4602-963a-f6a50efbd54c: receive RaftClientReply:client-19C32667576E->48affcab-e6e4-4602-963a-f6a50efbd54c@group-50C56EAF5137, cid=1579, SUCCESS, logIndex=0, commits[48affcab-e6e4-4602-963a-f6a50efbd54c:c2270, 7e391b60-07ae-4d97-a027-4756e468c032:c2269, c5f86d96-67df-4f25-bde3-316f439d30b3:c2269]
2019-08-23 18:29:00,481 | INFO  | SCMAudit | user=jenkins1000 | ip=192.168.34.23 | op=ALLOCATE_BLOCK {owner=1ceb8b80-28f1-43fd-86c3-175afc07b8d1, size=4194304, type=RATIS, factor=THREE} | ret=SUCCESS |  
2019-08-23 18:29:00,483 | INFO  | OMAudit | user=jenkins1000 | ip=127.0.0.1 | op=ALLOCATE_BLOCK {volume=vol-0-45438, bucket=bucket-0-23891, key=key-0-22455, dataSize=0, replicationType=null, replicationFactor=null, keyLocationInfo=null, clientID=102667710122492306} | ret=SUCCESS |  
2019-08-23 18:29:00,489 | INFO  | DNAudit | user=null | ip=null | op=WRITE_CHUNK {blockData=conID: 3 locID: 102667710659363318 bcsId: 0} | ret=SUCCESS |  
2019-08-23 18:29:00,490 | INFO  | DNAudit | user=null | ip=null | op=WRITE_CHUNK {blockData=conID: 3 locID: 102667710659363318 bcsId: 0} | ret=SUCCESS |  
2019-08-23 18:29:00,491 | INFO  | DNAudit | user=null | ip=null | op=WRITE_CHUNK {blockData=conID: 3 locID: 102667710659363318 bcsId: 0} | ret=SUCCESS |  
2019-08-23 18:29:00,491 | INFO  | DNAudit | user=null | ip=null | op=WRITE_CHUNK {blockData=conID: 3 locID: 102667710659363318 bcsId: 0} | ret=SUCCESS |  
2019-08-23 18:29:00,492 | INFO  | DNAudit | user=null | ip=null | op=WRITE_CHUNK {blockData=conID: 3 locID: 102667710659363318 bcsId: 0} | ret=SUCCESS |  
2019-08-23 18:29:00,493 | INFO  | DNAudit | user=null | ip=null | op=PUT_BLOCK {blockData=[blockId=conID: 3 locID: 102667710659363318 bcsId: 0,size=1048576]} | ret=SUCCESS |  
2019-08-23 18:29:00,493 | INFO  | DNAudit | user=null | ip=null | op=WRITE_CHUNK {blockData=conID: 3 locID: 102667710659363318 bcsId: 0} | ret=SUCCESS |  
2019-08-23 18:29:00,493 [grpc-default-executor-0] INFO  client.GrpcClientProtocolClient (GrpcClientProtocolClient.java:onNext(255)) - client-19C32667576E->48affcab-e6e4-4602-963a-f6a50efbd54c: receive RaftClientReply:client-19C32667576E->48affcab-e6e4-4602-963a-f6a50efbd54c@group-50C56EAF5137, cid=1580, SUCCESS, logIndex=2272, commits[48affcab-e6e4-4602-963a-f6a50efbd54c:c2273, 7e391b60-07ae-4d97-a027-4756e468c032:c2271, c5f86d96-67df-4f25-bde3-316f439d30b3:c2271]
2019-08-23 18:29:00,493 | INFO  | DNAudit | user=null | ip=null | op=WRITE_CHUNK {blockData=conID: 3 locID: 102667710659363318 bcsId: 0} | ret=SUCCESS |  
2019-08-23 18:29:00,493 [grpc-default-executor-0] INFO  client.GrpcClientProtocolClient (GrpcClientProtocolClient.java:onNext(255)) - client-19C32667576E->48affcab-e6e4-4602-963a-f6a50efbd54c: receive RaftClientReply:client-19C32667576E->48affcab-e6e4-4602-963a-f6a50efbd54c@group-50C56EAF5137, cid=1581, SUCCESS, logIndex=2273, commits[48affcab-e6e4-4602-963a-f6a50efbd54c:c2273, 7e391b60-07ae-4d97-a027-4756e468c032:c2271, c5f86d96-67df-4f25-bde3-316f439d30b3:c2271]
2019-08-23 18:29:00,497 | INFO  | DNAudit | user=null | ip=null | op=WRITE_CHUNK {blockData=conID: 3 locID: 102667710659363318 bcsId: 0} | ret=SUCCESS |  
2019-08-23 18:29:00,497 | INFO  | DNAudit | user=null | ip=null | op=WRITE_CHUNK {blockData=conID: 3 locID: 102667710659363318 bcsId: 0} | ret=SUCCESS |  
2019-08-23 18:29:00,497 | INFO  | DNAudit | user=null | ip=null | op=PUT_BLOCK {blockData=[blockId=conID: 3 locID: 102667710659363318 bcsId: 0,size=1048576]} | ret=SUCCESS |  
2019-08-23 18:29:00,497 | INFO  | DNAudit | user=null | ip=null | op=WRITE_CHUNK {blockData=conID: 3 locID: 102667710659363318 bcsId: 0} | ret=SUCCESS |  
2019-08-23 18:29:00,497 | INFO  | DNAudit | user=null | ip=null | op=PUT_BLOCK {blockData=[blockId=conID: 3 locID: 102667710659363318 bcsId: 0,size=1048576]} | ret=SUCCESS |  
2019-08-23 18:29:00,497 | INFO  | DNAudit | user=null | ip=null | op=PUT_BLOCK {blockData=[blockId=conID: 3 locID: 102667710659363318 bcsId: 0,size=2097152]} | ret=SUCCESS |  
2019-08-23 18:29:00,497 [grpc-default-executor-0] INFO  client.GrpcClientProtocolClient (GrpcClientProtocolClient.java:onNext(255)) - client-19C32667576E->48affcab-e6e4-4602-963a-f6a50efbd54c: receive RaftClientReply:client-19C32667576E->48affcab-e6e4-4602-963a-f6a50efbd54c@group-50C56EAF5137, cid=1582, SUCCESS, logIndex=2274, commits[48affcab-e6e4-4602-963a-f6a50efbd54c:c2277, 7e391b60-07ae-4d97-a027-4756e468c032:c2273, c5f86d96-67df-4f25-bde3-316f439d30b3:c2271]
2019-08-23 18:29:00,498 | INFO  | DNAudit | user=null | ip=null | op=WRITE_CHUNK {blockData=conID: 3 locID: 102667710659363318 bcsId: 0} | ret=SUCCESS |  
2019-08-23 18:29:00,498 [grpc-default-executor-0] INFO  client.GrpcClientProtocolClient (GrpcClientProtocolClient.java:onNext(255)) - client-19C32667576E->48affcab-e6e4-4602-963a-f6a50efbd54c: receive RaftClientReply:client-19C32667576E->48affcab-e6e4-4602-963a-f6a50efbd54c@group-50C56EAF5137, cid=1583, SUCCESS, logIndex=2275, commits[48affcab-e6e4-4602-963a-f6a50efbd54c:c2277, 7e391b60-07ae-4d97-a027-4756e468c032:c2273, c5f86d96-67df-4f25-bde3-316f439d30b3:c2273]
 0.00% |█                                                                                                    |  0/1 Time: 0:00:082019-08-23 18:29:00,500 | INFO  | DNAudit | user=null | ip=null | op=WRITE_CHUNK {blockData=conID: 3 locID: 102667710659363318 bcsId: 0} | ret=SUCCESS |  
2019-08-23 18:29:00,500 | INFO  | DNAudit | user=null | ip=null | op=PUT_BLOCK {blockData=[blockId=conID: 3 locID: 102667710659363318 bcsId: 0,size=2097152]} | ret=SUCCESS |  
2019-08-23 18:29:00,500 | INFO  | DNAudit | user=null | ip=null | op=PUT_BLOCK {blockData=[blockId=conID: 3 locID: 102667710659363318 bcsId: 0,size=2097152]} | ret=SUCCESS |  
2019-08-23 18:29:00,503 | INFO  | DNAudit | user=null | ip=null | op=WRITE_CHUNK {blockData=conID: 3 locID: 102667710659363318 bcsId: 2275} | ret=SUCCESS |  
2019-08-23 18:29:00,505 | INFO  | DNAudit | user=null | ip=null | op=WRITE_CHUNK {blockData=conID: 3 locID: 102667710659363318 bcsId: 2275} | ret=SUCCESS |  
2019-08-23 18:29:00,506 | INFO  | DNAudit | user=null | ip=null | op=WRITE_CHUNK {blockData=conID: 3 locID: 102667710659363318 bcsId: 2275} | ret=SUCCESS |  
2019-08-23 18:29:00,529 | INFO  | DNAudit | user=null | ip=null | op=WRITE_CHUNK {blockData=conID: 3 locID: 102667710659363318 bcsId: 2275} | ret=SUCCESS |  
2019-08-23 18:29:00,530 | INFO  | DNAudit | user=null | ip=null | op=PUT_BLOCK {blockData=[blockId=conID: 3 locID: 102667710659363318 bcsId: 0,size=3145728]} | ret=SUCCESS |  
2019-08-23 18:29:00,530 [grpc-default-executor-5] INFO  client.GrpcClientProtocolClient (GrpcClientProtocolClient.java:onNext(255)) - client-19C32667576E->48affcab-e6e4-4602-963a-f6a50efbd54c: receive RaftClientReply:client-19C32667576E->48affcab-e6e4-4602-963a-f6a50efbd54c@group-50C56EAF5137, cid=1584, SUCCESS, logIndex=2280, commits[48affcab-e6e4-4602-963a-f6a50efbd54c:c2281, 7e391b60-07ae-4d97-a027-4756e468c032:c2279, c5f86d96-67df-4f25-bde3-316f439d30b3:c2275]
2019-08-23 18:29:00,530 [grpc-default-executor-5] INFO  client.GrpcClientProtocolClient (GrpcClientProtocolClient.java:onNext(255)) - client-19C32667576E->48affcab-e6e4-4602-963a-f6a50efbd54c: receive RaftClientReply:client-19C32667576E->48affcab-e6e4-4602-963a-f6a50efbd54c@group-50C56EAF5137, cid=1585, SUCCESS, logIndex=2281, commits[48affcab-e6e4-4602-963a-f6a50efbd54c:c2281, 7e391b60-07ae-4d97-a027-4756e468c032:c2279, c5f86d96-67df-4f25-bde3-316f439d30b3:c2279]
2019-08-23 18:29:00,532 | INFO  | DNAudit | user=null | ip=null | op=WRITE_CHUNK {blockData=conID: 3 locID: 102667710659363318 bcsId: 2275} | ret=SUCCESS |  
2019-08-23 18:29:00,532 | INFO  | DNAudit | user=null | ip=null | op=WRITE_CHUNK {blockData=conID: 3 locID: 102667710659363318 bcsId: 2275} | ret=SUCCESS |  
2019-08-23 18:29:00,532 | INFO  | DNAudit | user=null | ip=null | op=PUT_BLOCK {blockData=[blockId=conID: 3 locID: 102667710659363318 bcsId: 0,size=3145728]} | ret=SUCCESS |  
2019-08-23 18:29:00,532 | INFO  | DNAudit | user=null | ip=null | op=PUT_BLOCK {blockData=[blockId=conID: 3 locID: 102667710659363318 bcsId: 0,size=3145728]} | ret=SUCCESS |  
2019-08-23 18:29:00,536 | INFO  | DNAudit | user=null | ip=null | op=WRITE_CHUNK {blockData=conID: 3 locID: 102667710659363318 bcsId: 2281} | ret=SUCCESS |  
2019-08-23 18:29:00,539 | INFO  | DNAudit | user=null | ip=null | op=WRITE_CHUNK {blockData=conID: 3 locID: 102667710659363318 bcsId: 2281} | ret=SUCCESS |  
2019-08-23 18:29:00,539 | INFO  | DNAudit | user=null | ip=null | op=WRITE_CHUNK {blockData=conID: 3 locID: 102667710659363318 bcsId: 2281} | ret=SUCCESS |  
2019-08-23 18:29:00,549 | INFO  | DNAudit | user=null | ip=null | op=WRITE_CHUNK {blockData=conID: 3 locID: 102667710659363318 bcsId: 2281} | ret=SUCCESS |  
2019-08-23 18:29:00,549 | INFO  | DNAudit | user=null | ip=null | op=PUT_BLOCK {blockData=[blockId=conID: 3 locID: 102667710659363318 bcsId: 0,size=4194304]} | ret=SUCCESS |  
2019-08-23 18:29:00,549 [grpc-default-executor-4] INFO  client.GrpcClientProtocolClient (GrpcClientProtocolClient.java:onNext(255)) - client-19C32667576E->48affcab-e6e4-4602-963a-f6a50efbd54c: receive RaftClientReply:client-19C32667576E->48affcab-e6e4-4602-963a-f6a50efbd54c@group-50C56EAF5137, cid=1586, SUCCESS, logIndex=2284, commits[48affcab-e6e4-4602-963a-f6a50efbd54c:c2285, 7e391b60-07ae-4d97-a027-4756e468c032:c2283, c5f86d96-67df-4f25-bde3-316f439d30b3:c2283]
2019-08-23 18:29:00,550 [grpc-default-executor-4] INFO  client.GrpcClientProtocolClient (GrpcClientProtocolClient.java:onNext(255)) - client-19C32667576E->48affcab-e6e4-4602-963a-f6a50efbd54c: receive RaftClientReply:client-19C32667576E->48affcab-e6e4-4602-963a-f6a50efbd54c@group-50C56EAF5137, cid=1587, SUCCESS, logIndex=2285, commits[48affcab-e6e4-4602-963a-f6a50efbd54c:c2285, 7e391b60-07ae-4d97-a027-4756e468c032:c2283, c5f86d96-67df-4f25-bde3-316f439d30b3:c2283]
2019-08-23 18:29:00,561 | INFO  | DNAudit | user=null | ip=null | op=WRITE_CHUNK {blockData=conID: 3 locID: 102667710659363318 bcsId: 2281} | ret=SUCCESS |  
2019-08-23 18:29:00,561 | INFO  | DNAudit | user=null | ip=null | op=WRITE_CHUNK {blockData=conID: 3 locID: 102667710659363318 bcsId: 2281} | ret=SUCCESS |  
2019-08-23 18:29:00,562 | INFO  | DNAudit | user=null | ip=null | op=PUT_BLOCK {blockData=[blockId=conID: 3 locID: 102667710659363318 bcsId: 0,size=4194304]} | ret=SUCCESS |  
2019-08-23 18:29:00,562 | INFO  | DNAudit | user=null | ip=null | op=PUT_BLOCK {blockData=[blockId=conID: 3 locID: 102667710659363318 bcsId: 0,size=4194304]} | ret=SUCCESS |  
2019-08-23 18:29:00,563 [grpc-default-executor-0] INFO  client.GrpcClientProtocolClient (GrpcClientProtocolClient.java:onNext(255)) - client-19C32667576E->48affcab-e6e4-4602-963a-f6a50efbd54c: receive RaftClientReply:client-19C32667576E->48affcab-e6e4-4602-963a-f6a50efbd54c@group-50C56EAF5137, cid=1588, SUCCESS, logIndex=0, commits[48affcab-e6e4-4602-963a-f6a50efbd54c:c2287, 7e391b60-07ae-4d97-a027-4756e468c032:c2285, c5f86d96-67df-4f25-bde3-316f439d30b3:c2285]
2019-08-23 18:29:00,568 | INFO  | SCMAudit | user=jenkins1000 | ip=192.168.34.23 | op=ALLOCATE_BLOCK {owner=1ceb8b80-28f1-43fd-86c3-175afc07b8d1, size=4194304, type=RATIS, factor=THREE} | ret=SUCCESS |  
2019-08-23 18:29:00,572 | INFO  | OMAudit | user=jenkins1000 | ip=127.0.0.1 | op=ALLOCATE_BLOCK {volume=vol-0-45438, bucket=bucket-0-23891, key=key-0-22455, dataSize=0, replicationType=null, replicationFactor=null, keyLocationInfo=null, clientID=102667710122492306} | ret=SUCCESS |  
2019-08-23 18:29:00,578 | INFO  | DNAudit | user=null | ip=null | op=WRITE_CHUNK {blockData=conID: 1 locID: 102667710665064951 bcsId: 0} | ret=SUCCESS |  
2019-08-23 18:29:00,579 | INFO  | DNAudit | user=null | ip=null | op=WRITE_CHUNK {blockData=conID: 1 locID: 102667710665064951 bcsId: 0} | ret=SUCCESS |  
2019-08-23 18:29:00,581 | INFO  | DNAudit | user=null | ip=null | op=WRITE_CHUNK {blockData=conID: 1 locID: 102667710665064951 bcsId: 0} | ret=SUCCESS |  
2019-08-23 18:29:00,581 | INFO  | DNAudit | user=null | ip=null | op=WRITE_CHUNK {blockData=conID: 1 locID: 102667710665064951 bcsId: 0} | ret=SUCCESS |  
2019-08-23 18:29:00,583 | INFO  | DNAudit | user=null | ip=null | op=WRITE_CHUNK {blockData=conID: 1 locID: 102667710665064951 bcsId: 0} | ret=SUCCESS |  
2019-08-23 18:29:00,583 | INFO  | DNAudit | user=null | ip=null | op=WRITE_CHUNK {blockData=conID: 1 locID: 102667710665064951 bcsId: 0} | ret=SUCCESS |  
2019-08-23 18:29:00,593 | INFO  | DNAudit | user=null | ip=null | op=WRITE_CHUNK {blockData=conID: 1 locID: 102667710665064951 bcsId: 0} | ret=SUCCESS |  
2019-08-23 18:29:00,593 | INFO  | DNAudit | user=null | ip=null | op=PUT_BLOCK {blockData=[blockId=conID: 1 locID: 102667710665064951 bcsId: 0,size=1048576]} | ret=SUCCESS |  
2019-08-23 18:29:00,593 [grpc-default-executor-0] INFO  client.GrpcClientProtocolClient (GrpcClientProtocolClient.java:onNext(255)) - client-19C32667576E->48affcab-e6e4-4602-963a-f6a50efbd54c: receive RaftClientReply:client-19C32667576E->48affcab-e6e4-4602-963a-f6a50efbd54c@group-50C56EAF5137, cid=1589, SUCCESS, logIndex=2288, commits[48affcab-e6e4-4602-963a-f6a50efbd54c:c2289, 7e391b60-07ae-4d97-a027-4756e468c032:c2287, c5f86d96-67df-4f25-bde3-316f439d30b3:c2287]
2019-08-23 18:29:00,594 [grpc-default-executor-0] INFO  client.GrpcClientProtocolClient (GrpcClientProtocolClient.java:onNext(255)) - client-19C32667576E->48affcab-e6e4-4602-963a-f6a50efbd54c: receive RaftClientReply:client-19C32667576E->48affcab-e6e4-4602-963a-f6a50efbd54c@group-50C56EAF5137, cid=1590, SUCCESS, logIndex=2289, commits[48affcab-e6e4-4602-963a-f6a50efbd54c:c2289, 7e391b60-07ae-4d97-a027-4756e468c032:c2287, c5f86d96-67df-4f25-bde3-316f439d30b3:c2287]
2019-08-23 18:29:00,612 | INFO  | DNAudit | user=null | ip=null | op=WRITE_CHUNK {blockData=conID: 1 locID: 102667710665064951 bcsId: 0} | ret=SUCCESS |  
2019-08-23 18:29:00,613 | INFO  | DNAudit | user=null | ip=null | op=PUT_BLOCK {blockData=[blockId=conID: 1 locID: 102667710665064951 bcsId: 0,size=2097152]} | ret=SUCCESS |  
2019-08-23 18:29:00,613 | INFO  | DNAudit | user=null | ip=null | op=WRITE_CHUNK {blockData=conID: 1 locID: 102667710665064951 bcsId: 0} | ret=SUCCESS |  
2019-08-23 18:29:00,613 [grpc-default-executor-0] INFO  client.GrpcClientProtocolClient (GrpcClientProtocolClient.java:onNext(255)) - client-19C32667576E->48affcab-e6e4-4602-963a-f6a50efbd54c: receive RaftClientReply:client-19C32667576E->48affcab-e6e4-4602-963a-f6a50efbd54c@group-50C56EAF5137, cid=1591, SUCCESS, logIndex=2290, commits[48affcab-e6e4-4602-963a-f6a50efbd54c:c2291, 7e391b60-07ae-4d97-a027-4756e468c032:c2287, c5f86d96-67df-4f25-bde3-316f439d30b3:c2287]
2019-08-23 18:29:00,613 | INFO  | DNAudit | user=null | ip=null | op=PUT_BLOCK {blockData=[blockId=conID: 1 locID: 102667710665064951 bcsId: 0,size=1048576]} | ret=SUCCESS |  
2019-08-23 18:29:00,613 [grpc-default-executor-0] INFO  client.GrpcClientProtocolClient (GrpcClientProtocolClient.java:onNext(255)) - client-19C32667576E->48affcab-e6e4-4602-963a-f6a50efbd54c: receive RaftClientReply:client-19C32667576E->48affcab-e6e4-4602-963a-f6a50efbd54c@group-50C56EAF5137, cid=1592, SUCCESS, logIndex=2291, commits[48affcab-e6e4-4602-963a-f6a50efbd54c:c2292, 7e391b60-07ae-4d97-a027-4756e468c032:c2288, c5f86d96-67df-4f25-bde3-316f439d30b3:c2287]
2019-08-23 18:29:00,613 | INFO  | DNAudit | user=null | ip=null | op=WRITE_CHUNK {blockData=conID: 1 locID: 102667710665064951 bcsId: 0} | ret=SUCCESS |  
2019-08-23 18:29:00,613 | INFO  | DNAudit | user=null | ip=null | op=PUT_BLOCK {blockData=[blockId=conID: 1 locID: 102667710665064951 bcsId: 0,size=1048576]} | ret=SUCCESS |  
2019-08-23 18:29:00,614 | INFO  | DNAudit | user=null | ip=null | op=WRITE_CHUNK {blockData=conID: 1 locID: 102667710665064951 bcsId: 0} | ret=SUCCESS |  
2019-08-23 18:29:00,614 | INFO  | DNAudit | user=null | ip=null | op=PUT_BLOCK {blockData=[blockId=conID: 1 locID: 102667710665064951 bcsId: 0,size=2097152]} | ret=SUCCESS |  
2019-08-23 18:29:00,614 [grpc-default-executor-0] INFO  client.GrpcClientProtocolClient (GrpcClientProtocolClient.java:onNext(255)) - client-19C32667576E->48affcab-e6e4-4602-963a-f6a50efbd54c: receive RaftClientReply:client-19C32667576E->48affcab-e6e4-4602-963a-f6a50efbd54c@group-50C56EAF5137, cid=1593, SUCCESS, logIndex=0, commits[48affcab-e6e4-4602-963a-f6a50efbd54c:c2293, 7e391b60-07ae-4d97-a027-4756e468c032:c2289, c5f86d96-67df-4f25-bde3-316f439d30b3:c2289]
2019-08-23 18:29:00,614 | INFO  | DNAudit | user=null | ip=null | op=WRITE_CHUNK {blockData=conID: 1 locID: 102667710665064951 bcsId: 0} | ret=SUCCESS |  
2019-08-23 18:29:00,615 | INFO  | DNAudit | user=null | ip=null | op=PUT_BLOCK {blockData=[blockId=conID: 1 locID: 102667710665064951 bcsId: 0,size=2097152]} | ret=SUCCESS |  
2019-08-23 18:29:00,620 | INFO  | DNAudit | user=null | ip=null | op=WRITE_CHUNK {blockData=conID: 1 locID: 102667710665064951 bcsId: 2291} | ret=SUCCESS |  
2019-08-23 18:29:00,624 | INFO  | DNAudit | user=null | ip=null | op=WRITE_CHUNK {blockData=conID: 1 locID: 102667710665064951 bcsId: 2291} | ret=SUCCESS |  
2019-08-23 18:29:00,624 | INFO  | DNAudit | user=null | ip=null | op=WRITE_CHUNK {blockData=conID: 1 locID: 102667710665064951 bcsId: 2291} | ret=SUCCESS |  
2019-08-23 18:29:00,633 | INFO  | DNAudit | user=null | ip=null | op=WRITE_CHUNK {blockData=conID: 1 locID: 102667710665064951 bcsId: 2291} | ret=SUCCESS |  
2019-08-23 18:29:00,633 | INFO  | DNAudit | user=null | ip=null | op=PUT_BLOCK {blockData=[blockId=conID: 1 locID: 102667710665064951 bcsId: 0,size=3145728]} | ret=SUCCESS |  
2019-08-23 18:29:00,633 [grpc-default-executor-4] INFO  client.GrpcClientProtocolClient (GrpcClientProtocolClient.java:onNext(255)) - client-19C32667576E->48affcab-e6e4-4602-963a-f6a50efbd54c: receive RaftClientReply:client-19C32667576E->48affcab-e6e4-4602-963a-f6a50efbd54c@group-50C56EAF5137, cid=1594, SUCCESS, logIndex=2296, commits[48affcab-e6e4-4602-963a-f6a50efbd54c:c2297, 7e391b60-07ae-4d97-a027-4756e468c032:c2295, c5f86d96-67df-4f25-bde3-316f439d30b3:c2295]
2019-08-23 18:29:00,634 [grpc-default-executor-4] INFO  client.GrpcClientProtocolClient (GrpcClientProtocolClient.java:onNext(255)) - client-19C32667576E->48affcab-e6e4-4602-963a-f6a50efbd54c: receive RaftClientReply:client-19C32667576E->48affcab-e6e4-4602-963a-f6a50efbd54c@group-50C56EAF5137, cid=1595, SUCCESS, logIndex=2297, commits[48affcab-e6e4-4602-963a-f6a50efbd54c:c2297, 7e391b60-07ae-4d97-a027-4756e468c032:c2295, c5f86d96-67df-4f25-bde3-316f439d30b3:c2295]
2019-08-23 18:29:00,639 | INFO  | DNAudit | user=null | ip=null | op=WRITE_CHUNK {blockData=conID: 1 locID: 102667710665064951 bcsId: 2297} | ret=SUCCESS |  
2019-08-23 18:29:00,642 | INFO  | DNAudit | user=null | ip=null | op=WRITE_CHUNK {blockData=conID: 1 locID: 102667710665064951 bcsId: 2297} | ret=SUCCESS |  
2019-08-23 18:29:00,642 | INFO  | DNAudit | user=null | ip=null | op=WRITE_CHUNK {blockData=conID: 1 locID: 102667710665064951 bcsId: 2297} | ret=SUCCESS |  
2019-08-23 18:29:00,645 | INFO  | DNAudit | user=null | ip=null | op=WRITE_CHUNK {blockData=conID: 1 locID: 102667710665064951 bcsId: 2291} | ret=SUCCESS |  
2019-08-23 18:29:00,645 | INFO  | DNAudit | user=null | ip=null | op=WRITE_CHUNK {blockData=conID: 1 locID: 102667710665064951 bcsId: 2291} | ret=SUCCESS |  
2019-08-23 18:29:00,646 | INFO  | DNAudit | user=null | ip=null | op=PUT_BLOCK {blockData=[blockId=conID: 1 locID: 102667710665064951 bcsId: 0,size=3145728]} | ret=SUCCESS |  
2019-08-23 18:29:00,646 | INFO  | DNAudit | user=null | ip=null | op=PUT_BLOCK {blockData=[blockId=conID: 1 locID: 102667710665064951 bcsId: 0,size=3145728]} | ret=SUCCESS |  
2019-08-23 18:29:00,646 | INFO  | DNAudit | user=null | ip=null | op=WRITE_CHUNK {blockData=conID: 1 locID: 102667710665064951 bcsId: 2297} | ret=SUCCESS |  
2019-08-23 18:29:00,647 | INFO  | DNAudit | user=null | ip=null | op=PUT_BLOCK {blockData=[blockId=conID: 1 locID: 102667710665064951 bcsId: 0,size=4194304]} | ret=SUCCESS |  
2019-08-23 18:29:00,647 [grpc-default-executor-5] INFO  client.GrpcClientProtocolClient (GrpcClientProtocolClient.java:onNext(255)) - client-19C32667576E->48affcab-e6e4-4602-963a-f6a50efbd54c: receive RaftClientReply:client-19C32667576E->48affcab-e6e4-4602-963a-f6a50efbd54c@group-50C56EAF5137, cid=1596, SUCCESS, logIndex=2300, commits[48affcab-e6e4-4602-963a-f6a50efbd54c:c2301, 7e391b60-07ae-4d97-a027-4756e468c032:c2297, c5f86d96-67df-4f25-bde3-316f439d30b3:c2297]
2019-08-23 18:29:00,647 [grpc-default-executor-5] INFO  client.GrpcClientProtocolClient (GrpcClientProtocolClient.java:onNext(255)) - client-19C32667576E->48affcab-e6e4-4602-963a-f6a50efbd54c: receive RaftClientReply:client-19C32667576E->48affcab-e6e4-4602-963a-f6a50efbd54c@group-50C56EAF5137, cid=1597, SUCCESS, logIndex=2301, commits[48affcab-e6e4-4602-963a-f6a50efbd54c:c2301, 7e391b60-07ae-4d97-a027-4756e468c032:c2297, c5f86d96-67df-4f25-bde3-316f439d30b3:c2297]
2019-08-23 18:29:00,658 | INFO  | DNAudit | user=null | ip=null | op=WRITE_CHUNK {blockData=conID: 1 locID: 102667710665064951 bcsId: 2297} | ret=SUCCESS |  
2019-08-23 18:29:00,658 | INFO  | DNAudit | user=null | ip=null | op=WRITE_CHUNK {blockData=conID: 1 locID: 102667710665064951 bcsId: 2297} | ret=SUCCESS |  
2019-08-23 18:29:00,659 | INFO  | DNAudit | user=null | ip=null | op=PUT_BLOCK {blockData=[blockId=conID: 1 locID: 102667710665064951 bcsId: 0,size=4194304]} | ret=SUCCESS |  
2019-08-23 18:29:00,659 | INFO  | DNAudit | user=null | ip=null | op=PUT_BLOCK {blockData=[blockId=conID: 1 locID: 102667710665064951 bcsId: 0,size=4194304]} | ret=SUCCESS |  
2019-08-23 18:29:00,659 [grpc-default-executor-5] INFO  client.GrpcClientProtocolClient (GrpcClientProtocolClient.java:onNext(255)) - client-19C32667576E->48affcab-e6e4-4602-963a-f6a50efbd54c: receive RaftClientReply:client-19C32667576E->48affcab-e6e4-4602-963a-f6a50efbd54c@group-50C56EAF5137, cid=1598, SUCCESS, logIndex=0, commits[48affcab-e6e4-4602-963a-f6a50efbd54c:c2303, 7e391b60-07ae-4d97-a027-4756e468c032:c2301, c5f86d96-67df-4f25-bde3-316f439d30b3:c2301]
2019-08-23 18:29:00,663 | INFO  | SCMAudit | user=jenkins1000 | ip=192.168.34.23 | op=ALLOCATE_BLOCK {owner=1ceb8b80-28f1-43fd-86c3-175afc07b8d1, size=4194304, type=RATIS, factor=THREE} | ret=SUCCESS |  
2019-08-23 18:29:00,665 | INFO  | OMAudit | user=jenkins1000 | ip=127.0.0.1 | op=ALLOCATE_BLOCK {volume=vol-0-45438, bucket=bucket-0-23891, key=key-0-22455, dataSize=0, replicationType=null, replicationFactor=null, keyLocationInfo=null, clientID=102667710122492306} | ret=SUCCESS |  
2019-08-23 18:29:00,671 | INFO  | DNAudit | user=null | ip=null | op=WRITE_CHUNK {blockData=conID: 2 locID: 102667710671290872 bcsId: 0} | ret=SUCCESS |  
2019-08-23 18:29:00,672 | INFO  | DNAudit | user=null | ip=null | op=WRITE_CHUNK {blockData=conID: 2 locID: 102667710671290872 bcsId: 0} | ret=SUCCESS |  
2019-08-23 18:29:00,673 | INFO  | DNAudit | user=null | ip=null | op=WRITE_CHUNK {blockData=conID: 2 locID: 102667710671290872 bcsId: 0} | ret=SUCCESS |  
2019-08-23 18:29:00,674 | INFO  | DNAudit | user=null | ip=null | op=WRITE_CHUNK {blockData=conID: 2 locID: 102667710671290872 bcsId: 0} | ret=SUCCESS |  
2019-08-23 18:29:00,675 | INFO  | DNAudit | user=null | ip=null | op=WRITE_CHUNK {blockData=conID: 2 locID: 102667710671290872 bcsId: 0} | ret=SUCCESS |  
2019-08-23 18:29:00,675 | INFO  | DNAudit | user=null | ip=null | op=WRITE_CHUNK {blockData=conID: 2 locID: 102667710671290872 bcsId: 0} | ret=SUCCESS |  
2019-08-23 18:29:00,684 | INFO  | DNAudit | user=null | ip=null | op=WRITE_CHUNK {blockData=conID: 2 locID: 102667710671290872 bcsId: 0} | ret=SUCCESS |  
2019-08-23 18:29:00,684 | INFO  | DNAudit | user=null | ip=null | op=PUT_BLOCK {blockData=[blockId=conID: 2 locID: 102667710671290872 bcsId: 0,size=1048576]} | ret=SUCCESS |  
2019-08-23 18:29:00,684 | INFO  | DNAudit | user=null | ip=null | op=WRITE_CHUNK {blockData=conID: 2 locID: 102667710671290872 bcsId: 0} | ret=SUCCESS |  
2019-08-23 18:29:00,684 [grpc-default-executor-4] INFO  client.GrpcClientProtocolClient (GrpcClientProtocolClient.java:onNext(255)) - client-19C32667576E->48affcab-e6e4-4602-963a-f6a50efbd54c: receive RaftClientReply:client-19C32667576E->48affcab-e6e4-4602-963a-f6a50efbd54c@group-50C56EAF5137, cid=1599, SUCCESS, logIndex=2304, commits[48affcab-e6e4-4602-963a-f6a50efbd54c:c2306, 7e391b60-07ae-4d97-a027-4756e468c032:c2303, c5f86d96-67df-4f25-bde3-316f439d30b3:c2303]
2019-08-23 18:29:00,685 | INFO  | DNAudit | user=null | ip=null | op=PUT_BLOCK {blockData=[blockId=conID: 2 locID: 102667710671290872 bcsId: 0,size=2097152]} | ret=SUCCESS |  
2019-08-23 18:29:00,685 | INFO  | DNAudit | user=null | ip=null | op=WRITE_CHUNK {blockData=conID: 2 locID: 102667710671290872 bcsId: 0} | ret=SUCCESS |  
2019-08-23 18:29:00,685 [grpc-default-executor-4] INFO  client.GrpcClientProtocolClient (GrpcClientProtocolClient.java:onNext(255)) - client-19C32667576E->48affcab-e6e4-4602-963a-f6a50efbd54c: receive RaftClientReply:client-19C32667576E->48affcab-e6e4-4602-963a-f6a50efbd54c@group-50C56EAF5137, cid=1600, SUCCESS, logIndex=2305, commits[48affcab-e6e4-4602-963a-f6a50efbd54c:c2307, 7e391b60-07ae-4d97-a027-4756e468c032:c2303, c5f86d96-67df-4f25-bde3-316f439d30b3:c2303]
2019-08-23 18:29:00,685 [grpc-default-executor-4] INFO  client.GrpcClientProtocolClient (GrpcClientProtocolClient.java:onNext(255)) - client-19C32667576E->48affcab-e6e4-4602-963a-f6a50efbd54c: receive RaftClientReply:client-19C32667576E->48affcab-e6e4-4602-963a-f6a50efbd54c@group-50C56EAF5137, cid=1601, SUCCESS, logIndex=2306, commits[48affcab-e6e4-4602-963a-f6a50efbd54c:c2307, 7e391b60-07ae-4d97-a027-4756e468c032:c2303, c5f86d96-67df-4f25-bde3-316f439d30b3:c2303]
2019-08-23 18:29:00,685 [grpc-default-executor-4] INFO  client.GrpcClientProtocolClient (GrpcClientProtocolClient.java:onNext(255)) - client-19C32667576E->48affcab-e6e4-4602-963a-f6a50efbd54c: receive RaftClientReply:client-19C32667576E->48affcab-e6e4-4602-963a-f6a50efbd54c@group-50C56EAF5137, cid=1602, SUCCESS, logIndex=2307, commits[48affcab-e6e4-4602-963a-f6a50efbd54c:c2307, 7e391b60-07ae-4d97-a027-4756e468c032:c2303, c5f86d96-67df-4f25-bde3-316f439d30b3:c2303]
2019-08-23 18:29:00,686 | INFO  | DNAudit | user=null | ip=null | op=WRITE_CHUNK {blockData=conID: 2 locID: 102667710671290872 bcsId: 0} | ret=SUCCESS |  
2019-08-23 18:29:00,687 | INFO  | DNAudit | user=null | ip=null | op=PUT_BLOCK {blockData=[blockId=conID: 2 locID: 102667710671290872 bcsId: 0,size=1048576]} | ret=SUCCESS |  
2019-08-23 18:29:00,687 | INFO  | DNAudit | user=null | ip=null | op=WRITE_CHUNK {blockData=conID: 2 locID: 102667710671290872 bcsId: 0} | ret=SUCCESS |  
2019-08-23 18:29:00,687 | INFO  | DNAudit | user=null | ip=null | op=PUT_BLOCK {blockData=[blockId=conID: 2 locID: 102667710671290872 bcsId: 0,size=2097152]} | ret=SUCCESS |  
2019-08-23 18:29:00,688 | INFO  | DNAudit | user=null | ip=null | op=PUT_BLOCK {blockData=[blockId=conID: 2 locID: 102667710671290872 bcsId: 0,size=1048576]} | ret=SUCCESS |  
2019-08-23 18:29:00,688 | INFO  | DNAudit | user=null | ip=null | op=WRITE_CHUNK {blockData=conID: 2 locID: 102667710671290872 bcsId: 0} | ret=SUCCESS |  
2019-08-23 18:29:00,688 | INFO  | DNAudit | user=null | ip=null | op=PUT_BLOCK {blockData=[blockId=conID: 2 locID: 102667710671290872 bcsId: 0,size=2097152]} | ret=SUCCESS |  
2019-08-23 18:29:00,688 [grpc-default-executor-4] INFO  client.GrpcClientProtocolClient (GrpcClientProtocolClient.java:onNext(255)) - client-19C32667576E->48affcab-e6e4-4602-963a-f6a50efbd54c: receive RaftClientReply:client-19C32667576E->48affcab-e6e4-4602-963a-f6a50efbd54c@group-50C56EAF5137, cid=1603, SUCCESS, logIndex=0, commits[48affcab-e6e4-4602-963a-f6a50efbd54c:c2311, 7e391b60-07ae-4d97-a027-4756e468c032:c2305, c5f86d96-67df-4f25-bde3-316f439d30b3:c2307]
2019-08-23 18:29:00,694 | INFO  | DNAudit | user=null | ip=null | op=WRITE_CHUNK {blockData=conID: 2 locID: 102667710671290872 bcsId: 2307} | ret=SUCCESS |  
2019-08-23 18:29:00,696 | INFO  | DNAudit | user=null | ip=null | op=WRITE_CHUNK {blockData=conID: 2 locID: 102667710671290872 bcsId: 2307} | ret=SUCCESS |  
2019-08-23 18:29:00,697 | INFO  | DNAudit | user=null | ip=null | op=WRITE_CHUNK {blockData=conID: 2 locID: 102667710671290872 bcsId: 2307} | ret=SUCCESS |  
2019-08-23 18:29:00,706 | INFO  | DNAudit | user=null | ip=null | op=WRITE_CHUNK {blockData=conID: 2 locID: 102667710671290872 bcsId: 2307} | ret=SUCCESS |  
2019-08-23 18:29:00,707 | INFO  | DNAudit | user=null | ip=null | op=PUT_BLOCK {blockData=[blockId=conID: 2 locID: 102667710671290872 bcsId: 0,size=3145728]} | ret=SUCCESS |  
2019-08-23 18:29:00,707 [grpc-default-executor-4] INFO  client.GrpcClientProtocolClient (GrpcClientProtocolClient.java:onNext(255)) - client-19C32667576E->48affcab-e6e4-4602-963a-f6a50efbd54c: receive RaftClientReply:client-19C32667576E->48affcab-e6e4-4602-963a-f6a50efbd54c@group-50C56EAF5137, cid=1604, SUCCESS, logIndex=2312, commits[48affcab-e6e4-4602-963a-f6a50efbd54c:c2313, 7e391b60-07ae-4d97-a027-4756e468c032:c2311, c5f86d96-67df-4f25-bde3-316f439d30b3:c2311]
2019-08-23 18:29:00,707 [grpc-default-executor-4] INFO  client.GrpcClientProtocolClient (GrpcClientProtocolClient.java:onNext(255)) - client-19C32667576E->48affcab-e6e4-4602-963a-f6a50efbd54c: receive RaftClientReply:client-19C32667576E->48affcab-e6e4-4602-963a-f6a50efbd54c@group-50C56EAF5137, cid=1605, SUCCESS, logIndex=2313, commits[48affcab-e6e4-4602-963a-f6a50efbd54c:c2313, 7e391b60-07ae-4d97-a027-4756e468c032:c2311, c5f86d96-67df-4f25-bde3-316f439d30b3:c2311]
2019-08-23 18:29:00,710 | INFO  | SCMAudit | user=jenkins1000 | ip=192.168.34.23 | op=SEND_HEARTBEAT {datanodeUUID=c5f86d96-67df-4f25-bde3-316f439d30b3, command=[]} | ret=SUCCESS |  
2019-08-23 18:29:00,710 | INFO  | SCMAudit | user=jenkins1000 | ip=192.168.34.23 | op=SEND_HEARTBEAT {datanodeUUID=7e391b60-07ae-4d97-a027-4756e468c032, command=[]} | ret=SUCCESS |  
2019-08-23 18:29:00,710 | INFO  | SCMAudit | user=jenkins1000 | ip=192.168.34.23 | op=SEND_HEARTBEAT {datanodeUUID=48affcab-e6e4-4602-963a-f6a50efbd54c, command=[]} | ret=SUCCESS |  
2019-08-23 18:29:00,710 | INFO  | SCMAudit | user=jenkins1000 | ip=192.168.34.23 | op=SEND_HEARTBEAT {datanodeUUID=58706fd2-d7f7-4771-af80-9e0541495c87, command=[]} | ret=SUCCESS |  
2019-08-23 18:29:00,712 | INFO  | DNAudit | user=null | ip=null | op=WRITE_CHUNK {blockData=conID: 2 locID: 102667710671290872 bcsId: 2313} | ret=SUCCESS |  
2019-08-23 18:29:00,714 | INFO  | DNAudit | user=null | ip=null | op=WRITE_CHUNK {blockData=conID: 2 locID: 102667710671290872 bcsId: 2313} | ret=SUCCESS |  
2019-08-23 18:29:00,715 | INFO  | DNAudit | user=null | ip=null | op=WRITE_CHUNK {blockData=conID: 2 locID: 102667710671290872 bcsId: 2313} | ret=SUCCESS |  
2019-08-23 18:29:00,718 | INFO  | DNAudit | user=null | ip=null | op=WRITE_CHUNK {blockData=conID: 2 locID: 102667710671290872 bcsId: 2307} | ret=SUCCESS |  
2019-08-23 18:29:00,718 | INFO  | DNAudit | user=null | ip=null | op=WRITE_CHUNK {blockData=conID: 2 locID: 102667710671290872 bcsId: 2307} | ret=SUCCESS |  
2019-08-23 18:29:00,719 | INFO  | DNAudit | user=null | ip=null | op=PUT_BLOCK {blockData=[blockId=conID: 2 locID: 102667710671290872 bcsId: 0,size=3145728]} | ret=SUCCESS |  
2019-08-23 18:29:00,719 | INFO  | DNAudit | user=null | ip=null | op=PUT_BLOCK {blockData=[blockId=conID: 2 locID: 102667710671290872 bcsId: 0,size=3145728]} | ret=SUCCESS |  
2019-08-23 18:29:00,720 | INFO  | DNAudit | user=null | ip=null | op=WRITE_CHUNK {blockData=conID: 2 locID: 102667710671290872 bcsId: 2313} | ret=SUCCESS |  
2019-08-23 18:29:00,720 | INFO  | DNAudit | user=null | ip=null | op=PUT_BLOCK {blockData=[blockId=conID: 2 locID: 102667710671290872 bcsId: 0,size=4194304]} | ret=SUCCESS |  
2019-08-23 18:29:00,720 [grpc-default-executor-0] INFO  client.GrpcClientProtocolClient (GrpcClientProtocolClient.java:onNext(255)) - client-19C32667576E->48affcab-e6e4-4602-963a-f6a50efbd54c: receive RaftClientReply:client-19C32667576E->48affcab-e6e4-4602-963a-f6a50efbd54c@group-50C56EAF5137, cid=1606, SUCCESS, logIndex=2316, commits[48affcab-e6e4-4602-963a-f6a50efbd54c:c2317, 7e391b60-07ae-4d97-a027-4756e468c032:c2313, c5f86d96-67df-4f25-bde3-316f439d30b3:c2313]
2019-08-23 18:29:00,721 [grpc-default-executor-0] INFO  client.GrpcClientProtocolClient (GrpcClientProtocolClient.java:onNext(255)) - client-19C32667576E->48affcab-e6e4-4602-963a-f6a50efbd54c: receive RaftClientReply:client-19C32667576E->48affcab-e6e4-4602-963a-f6a50efbd54c@group-50C56EAF5137, cid=1607, SUCCESS, logIndex=2317, commits[48affcab-e6e4-4602-963a-f6a50efbd54c:c2317, 7e391b60-07ae-4d97-a027-4756e468c032:c2313, c5f86d96-67df-4f25-bde3-316f439d30b3:c2313]
2019-08-23 18:29:00,722 | INFO  | DNAudit | user=null | ip=null | op=WRITE_CHUNK {blockData=conID: 2 locID: 102667710671290872 bcsId: 2313} | ret=SUCCESS |  
2019-08-23 18:29:00,722 | INFO  | DNAudit | user=null | ip=null | op=WRITE_CHUNK {blockData=conID: 2 locID: 102667710671290872 bcsId: 2313} | ret=SUCCESS |  
2019-08-23 18:29:00,723 | INFO  | DNAudit | user=null | ip=null | op=PUT_BLOCK {blockData=[blockId=conID: 2 locID: 102667710671290872 bcsId: 0,size=4194304]} | ret=SUCCESS |  
2019-08-23 18:29:00,723 | INFO  | DNAudit | user=null | ip=null | op=PUT_BLOCK {blockData=[blockId=conID: 2 locID: 102667710671290872 bcsId: 0,size=4194304]} | ret=SUCCESS |  
2019-08-23 18:29:00,724 [grpc-default-executor-5] INFO  client.GrpcClientProtocolClient (GrpcClientProtocolClient.java:onNext(255)) - client-19C32667576E->48affcab-e6e4-4602-963a-f6a50efbd54c: receive RaftClientReply:client-19C32667576E->48affcab-e6e4-4602-963a-f6a50efbd54c@group-50C56EAF5137, cid=1608, SUCCESS, logIndex=0, commits[48affcab-e6e4-4602-963a-f6a50efbd54c:c2319, 7e391b60-07ae-4d97-a027-4756e468c032:c2317, c5f86d96-67df-4f25-bde3-316f439d30b3:c2317]
2019-08-23 18:29:00,728 | INFO  | SCMAudit | user=jenkins1000 | ip=192.168.34.23 | op=ALLOCATE_BLOCK {owner=1ceb8b80-28f1-43fd-86c3-175afc07b8d1, size=4194304, type=RATIS, factor=THREE} | ret=SUCCESS |  
2019-08-23 18:29:00,731 | INFO  | OMAudit | user=jenkins1000 | ip=127.0.0.1 | op=ALLOCATE_BLOCK {volume=vol-0-45438, bucket=bucket-0-23891, key=key-0-22455, dataSize=0, replicationType=null, replicationFactor=null, keyLocationInfo=null, clientID=102667710122492306} | ret=SUCCESS |  
2019-08-23 18:29:00,737 | INFO  | DNAudit | user=null | ip=null | op=WRITE_CHUNK {blockData=conID: 3 locID: 102667710675550713 bcsId: 0} | ret=SUCCESS |  
2019-08-23 18:29:00,739 | INFO  | DNAudit | user=null | ip=null | op=WRITE_CHUNK {blockData=conID: 3 locID: 102667710675550713 bcsId: 0} | ret=SUCCESS |  
2019-08-23 18:29:00,739 | INFO  | DNAudit | user=null | ip=null | op=WRITE_CHUNK {blockData=conID: 3 locID: 102667710675550713 bcsId: 0} | ret=SUCCESS |  
2019-08-23 18:29:00,740 | INFO  | DNAudit | user=null | ip=null | op=WRITE_CHUNK {blockData=conID: 3 locID: 102667710675550713 bcsId: 0} | ret=SUCCESS |  
2019-08-23 18:29:00,741 | INFO  | DNAudit | user=null | ip=null | op=WRITE_CHUNK {blockData=conID: 3 locID: 102667710675550713 bcsId: 0} | ret=SUCCESS |  
2019-08-23 18:29:00,742 | INFO  | DNAudit | user=null | ip=null | op=WRITE_CHUNK {blockData=conID: 3 locID: 102667710675550713 bcsId: 0} | ret=SUCCESS |  
2019-08-23 18:29:00,742 | INFO  | DNAudit | user=null | ip=null | op=WRITE_CHUNK {blockData=conID: 3 locID: 102667710675550713 bcsId: 0} | ret=SUCCESS |  
2019-08-23 18:29:00,743 | INFO  | DNAudit | user=null | ip=null | op=PUT_BLOCK {blockData=[blockId=conID: 3 locID: 102667710675550713 bcsId: 0,size=1048576]} | ret=SUCCESS |  
2019-08-23 18:29:00,743 [grpc-default-executor-5] INFO  client.GrpcClientProtocolClient (GrpcClientProtocolClient.java:onNext(255)) - client-19C32667576E->48affcab-e6e4-4602-963a-f6a50efbd54c: receive RaftClientReply:client-19C32667576E->48affcab-e6e4-4602-963a-f6a50efbd54c@group-50C56EAF5137, cid=1609, SUCCESS, logIndex=2320, commits[48affcab-e6e4-4602-963a-f6a50efbd54c:c2321, 7e391b60-07ae-4d97-a027-4756e468c032:c2319, c5f86d96-67df-4f25-bde3-316f439d30b3:c2319]
2019-08-23 18:29:00,743 [grpc-default-executor-5] INFO  client.GrpcClientProtocolClient (GrpcClientProtocolClient.java:onNext(255)) - client-19C32667576E->48affcab-e6e4-4602-963a-f6a50efbd54c: receive RaftClientReply:client-19C32667576E->48affcab-e6e4-4602-963a-f6a50efbd54c@group-50C56EAF5137, cid=1610, SUCCESS, logIndex=2321, commits[48affcab-e6e4-4602-963a-f6a50efbd54c:c2321, 7e391b60-07ae-4d97-a027-4756e468c032:c2319, c5f86d96-67df-4f25-bde3-316f439d30b3:c2319]
2019-08-23 18:29:00,744 | INFO  | DNAudit | user=null | ip=null | op=WRITE_CHUNK {blockData=conID: 3 locID: 102667710675550713 bcsId: 0} | ret=SUCCESS |  
2019-08-23 18:29:00,744 | INFO  | DNAudit | user=null | ip=null | op=PUT_BLOCK {blockData=[blockId=conID: 3 locID: 102667710675550713 bcsId: 0,size=2097152]} | ret=SUCCESS |  
2019-08-23 18:29:00,744 [grpc-default-executor-4] INFO  client.GrpcClientProtocolClient (GrpcClientProtocolClient.java:onNext(255)) - client-19C32667576E->48affcab-e6e4-4602-963a-f6a50efbd54c: receive RaftClientReply:client-19C32667576E->48affcab-e6e4-4602-963a-f6a50efbd54c@group-50C56EAF5137, cid=1611, SUCCESS, logIndex=2322, commits[48affcab-e6e4-4602-963a-f6a50efbd54c:c2323, 7e391b60-07ae-4d97-a027-4756e468c032:c2319, c5f86d96-67df-4f25-bde3-316f439d30b3:c2319]
2019-08-23 18:29:00,745 | INFO  | DNAudit | user=null | ip=null | op=WRITE_CHUNK {blockData=conID: 3 locID: 102667710675550713 bcsId: 0} | ret=SUCCESS |  
2019-08-23 18:29:00,745 | INFO  | DNAudit | user=null | ip=null | op=PUT_BLOCK {blockData=[blockId=conID: 3 locID: 102667710675550713 bcsId: 0,size=1048576]} | ret=SUCCESS |  
2019-08-23 18:29:00,745 [grpc-default-executor-4] INFO  client.GrpcClientProtocolClient (GrpcClientProtocolClient.java:onNext(255)) - client-19C32667576E->48affcab-e6e4-4602-963a-f6a50efbd54c: receive RaftClientReply:client-19C32667576E->48affcab-e6e4-4602-963a-f6a50efbd54c@group-50C56EAF5137, cid=1612, SUCCESS, logIndex=2323, commits[48affcab-e6e4-4602-963a-f6a50efbd54c:c2323, 7e391b60-07ae-4d97-a027-4756e468c032:c2319, c5f86d96-67df-4f25-bde3-316f439d30b3:c2319]
2019-08-23 18:29:00,745 | INFO  | DNAudit | user=null | ip=null | op=WRITE_CHUNK {blockData=conID: 3 locID: 102667710675550713 bcsId: 0} | ret=SUCCESS |  
2019-08-23 18:29:00,745 | INFO  | DNAudit | user=null | ip=null | op=PUT_BLOCK {blockData=[blockId=conID: 3 locID: 102667710675550713 bcsId: 0,size=1048576]} | ret=SUCCESS |  
2019-08-23 18:29:00,746 [grpc-default-executor-5] INFO  client.GrpcClientProtocolClient (GrpcClientProtocolClient.java:onNext(255)) - client-19C32667576E->48affcab-e6e4-4602-963a-f6a50efbd54c: receive RaftClientReply:client-19C32667576E->48affcab-e6e4-4602-963a-f6a50efbd54c@group-50C56EAF5137, cid=1613, SUCCESS, logIndex=0, commits[48affcab-e6e4-4602-963a-f6a50efbd54c:c2325, 7e391b60-07ae-4d97-a027-4756e468c032:c2321, c5f86d96-67df-4f25-bde3-316f439d30b3:c2321]
2019-08-23 18:29:00,746 | INFO  | DNAudit | user=null | ip=null | op=WRITE_CHUNK {blockData=conID: 3 locID: 102667710675550713 bcsId: 0} | ret=SUCCESS |  
2019-08-23 18:29:00,746 | INFO  | DNAudit | user=null | ip=null | op=PUT_BLOCK {blockData=[blockId=conID: 3 locID: 102667710675550713 bcsId: 0,size=2097152]} | ret=SUCCESS |  
2019-08-23 18:29:00,746 | INFO  | DNAudit | user=null | ip=null | op=WRITE_CHUNK {blockData=conID: 3 locID: 102667710675550713 bcsId: 0} | ret=SUCCESS |  
2019-08-23 18:29:00,747 | INFO  | DNAudit | user=null | ip=null | op=PUT_BLOCK {blockData=[blockId=conID: 3 locID: 102667710675550713 bcsId: 0,size=2097152]} | ret=SUCCESS |  
2019-08-23 18:29:00,751 | INFO  | DNAudit | user=null | ip=null | op=WRITE_CHUNK {blockData=conID: 3 locID: 102667710675550713 bcsId: 2323} | ret=SUCCESS |  
2019-08-23 18:29:00,753 | INFO  | DNAudit | user=null | ip=null | op=WRITE_CHUNK {blockData=conID: 3 locID: 102667710675550713 bcsId: 2323} | ret=SUCCESS |  
2019-08-23 18:29:00,754 | INFO  | DNAudit | user=null | ip=null | op=WRITE_CHUNK {blockData=conID: 3 locID: 102667710675550713 bcsId: 2323} | ret=SUCCESS |  
2019-08-23 18:29:00,754 | INFO  | DNAudit | user=null | ip=null | op=WRITE_CHUNK {blockData=conID: 3 locID: 102667710675550713 bcsId: 2323} | ret=SUCCESS |  
2019-08-23 18:29:00,754 | INFO  | DNAudit | user=null | ip=null | op=PUT_BLOCK {blockData=[blockId=conID: 3 locID: 102667710675550713 bcsId: 0,size=3145728]} | ret=SUCCESS |  
2019-08-23 18:29:00,755 [grpc-default-executor-5] INFO  client.GrpcClientProtocolClient (GrpcClientProtocolClient.java:onNext(255)) - client-19C32667576E->48affcab-e6e4-4602-963a-f6a50efbd54c: receive RaftClientReply:client-19C32667576E->48affcab-e6e4-4602-963a-f6a50efbd54c@group-50C56EAF5137, cid=1614, SUCCESS, logIndex=2327, commits[48affcab-e6e4-4602-963a-f6a50efbd54c:c2328, 7e391b60-07ae-4d97-a027-4756e468c032:c2326, c5f86d96-67df-4f25-bde3-316f439d30b3:c2323]
2019-08-23 18:29:00,755 [grpc-default-executor-5] INFO  client.GrpcClientProtocolClient (GrpcClientProtocolClient.java:onNext(255)) - client-19C32667576E->48affcab-e6e4-4602-963a-f6a50efbd54c: receive RaftClientReply:client-19C32667576E->48affcab-e6e4-4602-963a-f6a50efbd54c@group-50C56EAF5137, cid=1615, SUCCESS, logIndex=2328, commits[48affcab-e6e4-4602-963a-f6a50efbd54c:c2328, 7e391b60-07ae-4d97-a027-4756e468c032:c2326, c5f86d96-67df-4f25-bde3-316f439d30b3:c2323]
2019-08-23 18:29:00,756 | INFO  | DNAudit | user=null | ip=null | op=WRITE_CHUNK {blockData=conID: 3 locID: 102667710675550713 bcsId: 2323} | ret=SUCCESS |  
2019-08-23 18:29:00,757 | INFO  | DNAudit | user=null | ip=null | op=PUT_BLOCK {blockData=[blockId=conID: 3 locID: 102667710675550713 bcsId: 0,size=3145728]} | ret=SUCCESS |  
2019-08-23 18:29:00,758 | INFO  | DNAudit | user=null | ip=null | op=WRITE_CHUNK {blockData=conID: 3 locID: 102667710675550713 bcsId: 2323} | ret=SUCCESS |  
2019-08-23 18:29:00,758 | INFO  | DNAudit | user=null | ip=null | op=PUT_BLOCK {blockData=[blockId=conID: 3 locID: 102667710675550713 bcsId: 0,size=3145728]} | ret=SUCCESS |  
2019-08-23 18:29:00,760 | INFO  | DNAudit | user=null | ip=null | op=WRITE_CHUNK {blockData=conID: 3 locID: 102667710675550713 bcsId: 2328} | ret=SUCCESS |  
2019-08-23 18:29:00,762 | INFO  | DNAudit | user=null | ip=null | op=WRITE_CHUNK {blockData=conID: 3 locID: 102667710675550713 bcsId: 2328} | ret=SUCCESS |  
2019-08-23 18:29:00,762 | INFO  | DNAudit | user=null | ip=null | op=WRITE_CHUNK {blockData=conID: 3 locID: 102667710675550713 bcsId: 2328} | ret=SUCCESS |  
2019-08-23 18:29:00,780 | INFO  | DNAudit | user=null | ip=null | op=WRITE_CHUNK {blockData=conID: 3 locID: 102667710675550713 bcsId: 2328} | ret=SUCCESS |  
2019-08-23 18:29:00,780 | INFO  | DNAudit | user=null | ip=null | op=PUT_BLOCK {blockData=[blockId=conID: 3 locID: 102667710675550713 bcsId: 0,size=4194304]} | ret=SUCCESS |  
2019-08-23 18:29:00,780 [grpc-default-executor-0] INFO  client.GrpcClientProtocolClient (GrpcClientProtocolClient.java:onNext(255)) - client-19C32667576E->48affcab-e6e4-4602-963a-f6a50efbd54c: receive RaftClientReply:client-19C32667576E->48affcab-e6e4-4602-963a-f6a50efbd54c@group-50C56EAF5137, cid=1616, SUCCESS, logIndex=2331, commits[48affcab-e6e4-4602-963a-f6a50efbd54c:c2332, 7e391b60-07ae-4d97-a027-4756e468c032:c2328, c5f86d96-67df-4f25-bde3-316f439d30b3:c2330]
2019-08-23 18:29:00,781 [grpc-default-executor-0] INFO  client.GrpcClientProtocolClient (GrpcClientProtocolClient.java:onNext(255)) - client-19C32667576E->48affcab-e6e4-4602-963a-f6a50efbd54c: receive RaftClientReply:client-19C32667576E->48affcab-e6e4-4602-963a-f6a50efbd54c@group-50C56EAF5137, cid=1617, SUCCESS, logIndex=2332, commits[48affcab-e6e4-4602-963a-f6a50efbd54c:c2332, 7e391b60-07ae-4d97-a027-4756e468c032:c2330, c5f86d96-67df-4f25-bde3-316f439d30b3:c2330]
2019-08-23 18:29:00,781 | INFO  | DNAudit | user=null | ip=null | op=WRITE_CHUNK {blockData=conID: 3 locID: 102667710675550713 bcsId: 2328} | ret=SUCCESS |  
2019-08-23 18:29:00,781 | INFO  | DNAudit | user=null | ip=null | op=WRITE_CHUNK {blockData=conID: 3 locID: 102667710675550713 bcsId: 2328} | ret=SUCCESS |  
2019-08-23 18:29:00,781 | INFO  | DNAudit | user=null | ip=null | op=PUT_BLOCK {blockData=[blockId=conID: 3 locID: 102667710675550713 bcsId: 0,size=4194304]} | ret=SUCCESS |  
2019-08-23 18:29:00,781 | INFO  | DNAudit | user=null | ip=null | op=PUT_BLOCK {blockData=[blockId=conID: 3 locID: 102667710675550713 bcsId: 0,size=4194304]} | ret=SUCCESS |  
2019-08-23 18:29:00,782 [grpc-default-executor-0] INFO  client.GrpcClientProtocolClient (GrpcClientProtocolClient.java:onNext(255)) - client-19C32667576E->48affcab-e6e4-4602-963a-f6a50efbd54c: receive RaftClientReply:client-19C32667576E->48affcab-e6e4-4602-963a-f6a50efbd54c@group-50C56EAF5137, cid=1618, SUCCESS, logIndex=0, commits[48affcab-e6e4-4602-963a-f6a50efbd54c:c2333, 7e391b60-07ae-4d97-a027-4756e468c032:c2332, c5f86d96-67df-4f25-bde3-316f439d30b3:c2332]
2019-08-23 18:29:00,785 | INFO  | SCMAudit | user=jenkins1000 | ip=192.168.34.23 | op=ALLOCATE_BLOCK {owner=1ceb8b80-28f1-43fd-86c3-175afc07b8d1, size=4194304, type=RATIS, factor=THREE} | ret=SUCCESS |  
2019-08-23 18:29:00,787 | INFO  | OMAudit | user=jenkins1000 | ip=127.0.0.1 | op=ALLOCATE_BLOCK {volume=vol-0-45438, bucket=bucket-0-23891, key=key-0-22455, dataSize=0, replicationType=null, replicationFactor=null, keyLocationInfo=null, clientID=102667710122492306} | ret=SUCCESS |  
2019-08-23 18:29:00,793 | INFO  | DNAudit | user=null | ip=null | op=WRITE_CHUNK {blockData=conID: 1 locID: 102667710679286266 bcsId: 0} | ret=SUCCESS |  
2019-08-23 18:29:00,795 | INFO  | DNAudit | user=null | ip=null | op=WRITE_CHUNK {blockData=conID: 1 locID: 102667710679286266 bcsId: 0} | ret=SUCCESS |  
2019-08-23 18:29:00,796 | INFO  | DNAudit | user=null | ip=null | op=WRITE_CHUNK {blockData=conID: 1 locID: 102667710679286266 bcsId: 0} | ret=SUCCESS |  
2019-08-23 18:29:00,796 | INFO  | DNAudit | user=null | ip=null | op=WRITE_CHUNK {blockData=conID: 1 locID: 102667710679286266 bcsId: 0} | ret=SUCCESS |  
2019-08-23 18:29:00,797 | INFO  | DNAudit | user=null | ip=null | op=WRITE_CHUNK {blockData=conID: 1 locID: 102667710679286266 bcsId: 0} | ret=SUCCESS |  
2019-08-23 18:29:00,797 | INFO  | DNAudit | user=null | ip=null | op=WRITE_CHUNK {blockData=conID: 1 locID: 102667710679286266 bcsId: 0} | ret=SUCCESS |  
2019-08-23 18:29:00,805 | INFO  | DNAudit | user=null | ip=null | op=WRITE_CHUNK {blockData=conID: 1 locID: 102667710679286266 bcsId: 0} | ret=SUCCESS |  
2019-08-23 18:29:00,806 | INFO  | DNAudit | user=null | ip=null | op=PUT_BLOCK {blockData=[blockId=conID: 1 locID: 102667710679286266 bcsId: 0,size=1048576]} | ret=SUCCESS |  
2019-08-23 18:29:00,806 | INFO  | DNAudit | user=null | ip=null | op=WRITE_CHUNK {blockData=conID: 1 locID: 102667710679286266 bcsId: 0} | ret=SUCCESS |  
2019-08-23 18:29:00,920 | INFO  | DNAudit | user=null | ip=null | op=PUT_BLOCK {blockData=[blockId=conID: 1 locID: 102667710679286266 bcsId: 0,size=2097152]} | ret=SUCCESS |  
2019-08-23 18:29:00,919 [grpc-default-executor-5] INFO  client.GrpcClientProtocolClient (GrpcClientProtocolClient.java:onNext(255)) - client-19C32667576E->48affcab-e6e4-4602-963a-f6a50efbd54c: receive RaftClientReply:client-19C32667576E->48affcab-e6e4-4602-963a-f6a50efbd54c@group-50C56EAF5137, cid=1619, SUCCESS, logIndex=2335, commits[48affcab-e6e4-4602-963a-f6a50efbd54c:c2335, 7e391b60-07ae-4d97-a027-4756e468c032:c2334, c5f86d96-67df-4f25-bde3-316f439d30b3:c2334]
2019-08-23 18:29:00,920 | INFO  | DNAudit | user=null | ip=null | op=WRITE_CHUNK {blockData=conID: 1 locID: 102667710679286266 bcsId: 0} | ret=SUCCESS |  
2019-08-23 18:29:00,920 | INFO  | DNAudit | user=null | ip=null | op=WRITE_CHUNK {blockData=conID: 1 locID: 102667710679286266 bcsId: 0} | ret=SUCCESS |  
2019-08-23 18:29:00,920 [grpc-default-executor-0] INFO  client.GrpcClientProtocolClient (GrpcClientProtocolClient.java:onNext(255)) - client-19C32667576E->48affcab-e6e4-4602-963a-f6a50efbd54c: receive RaftClientReply:client-19C32667576E->48affcab-e6e4-4602-963a-f6a50efbd54c@group-50C56EAF5137, cid=1620, SUCCESS, logIndex=2336, commits[48affcab-e6e4-4602-963a-f6a50efbd54c:c2337, 7e391b60-07ae-4d97-a027-4756e468c032:c2334, c5f86d96-67df-4f25-bde3-316f439d30b3:c2334]
2019-08-23 18:29:00,921 [grpc-default-executor-0] INFO  client.GrpcClientProtocolClient (GrpcClientProtocolClient.java:onNext(255)) - client-19C32667576E->48affcab-e6e4-4602-963a-f6a50efbd54c: receive RaftClientReply:client-19C32667576E->48affcab-e6e4-4602-963a-f6a50efbd54c@group-50C56EAF5137, cid=1621, SUCCESS, logIndex=2337, commits[48affcab-e6e4-4602-963a-f6a50efbd54c:c2338, 7e391b60-07ae-4d97-a027-4756e468c032:c2334, c5f86d96-67df-4f25-bde3-316f439d30b3:c2334]
2019-08-23 18:29:00,921 [grpc-default-executor-0] INFO  client.GrpcClientProtocolClient (GrpcClientProtocolClient.java:onNext(255)) - client-19C32667576E->48affcab-e6e4-4602-963a-f6a50efbd54c: receive RaftClientReply:client-19C32667576E->48affcab-e6e4-4602-963a-f6a50efbd54c@group-50C56EAF5137, cid=1622, SUCCESS, logIndex=2338, commits[48affcab-e6e4-4602-963a-f6a50efbd54c:c2338, 7e391b60-07ae-4d97-a027-4756e468c032:c2334, c5f86d96-67df-4f25-bde3-316f439d30b3:c2334]
2019-08-23 18:29:00,931 | INFO  | DNAudit | user=null | ip=null | op=PUT_BLOCK {blockData=[blockId=conID: 1 locID: 102667710679286266 bcsId: 0,size=1048576]} | ret=SUCCESS |  
2019-08-23 18:29:00,931 | INFO  | DNAudit | user=null | ip=null | op=PUT_BLOCK {blockData=[blockId=conID: 1 locID: 102667710679286266 bcsId: 0,size=1048576]} | ret=SUCCESS |  
2019-08-23 18:29:00,932 | INFO  | DNAudit | user=null | ip=null | op=WRITE_CHUNK {blockData=conID: 1 locID: 102667710679286266 bcsId: 0} | ret=SUCCESS |  
2019-08-23 18:29:00,932 | INFO  | DNAudit | user=null | ip=null | op=WRITE_CHUNK {blockData=conID: 1 locID: 102667710679286266 bcsId: 0} | ret=SUCCESS |  
2019-08-23 18:29:00,932 | INFO  | DNAudit | user=null | ip=null | op=PUT_BLOCK {blockData=[blockId=conID: 1 locID: 102667710679286266 bcsId: 0,size=2097152]} | ret=SUCCESS |  
2019-08-23 18:29:00,932 | INFO  | DNAudit | user=null | ip=null | op=PUT_BLOCK {blockData=[blockId=conID: 1 locID: 102667710679286266 bcsId: 0,size=2097152]} | ret=SUCCESS |  
2019-08-23 18:29:00,932 [grpc-default-executor-0] INFO  client.GrpcClientProtocolClient (GrpcClientProtocolClient.java:onNext(255)) - client-19C32667576E->48affcab-e6e4-4602-963a-f6a50efbd54c: receive RaftClientReply:client-19C32667576E->48affcab-e6e4-4602-963a-f6a50efbd54c@group-50C56EAF5137, cid=1623, SUCCESS, logIndex=0, commits[48affcab-e6e4-4602-963a-f6a50efbd54c:c2340, 7e391b60-07ae-4d97-a027-4756e468c032:c2337, c5f86d96-67df-4f25-bde3-316f439d30b3:c2337]
2019-08-23 18:29:00,940 | INFO  | DNAudit | user=null | ip=null | op=WRITE_CHUNK {blockData=conID: 1 locID: 102667710679286266 bcsId: 2338} | ret=SUCCESS |  
2019-08-23 18:29:00,943 | INFO  | DNAudit | user=null | ip=null | op=WRITE_CHUNK {blockData=conID: 1 locID: 102667710679286266 bcsId: 2338} | ret=SUCCESS |  
2019-08-23 18:29:00,943 | INFO  | DNAudit | user=null | ip=null | op=WRITE_CHUNK {blockData=conID: 1 locID: 102667710679286266 bcsId: 2338} | ret=SUCCESS |  
2019-08-23 18:29:00,952 | INFO  | DNAudit | user=null | ip=null | op=WRITE_CHUNK {blockData=conID: 1 locID: 102667710679286266 bcsId: 2338} | ret=SUCCESS |  
2019-08-23 18:29:00,953 | INFO  | DNAudit | user=null | ip=null | op=PUT_BLOCK {blockData=[blockId=conID: 1 locID: 102667710679286266 bcsId: 0,size=3145728]} | ret=SUCCESS |  
2019-08-23 18:29:00,956 [grpc-default-executor-5] INFO  client.GrpcClientProtocolClient (GrpcClientProtocolClient.java:onNext(255)) - client-19C32667576E->48affcab-e6e4-4602-963a-f6a50efbd54c: receive RaftClientReply:client-19C32667576E->48affcab-e6e4-4602-963a-f6a50efbd54c@group-50C56EAF5137, cid=1624, SUCCESS, logIndex=2342, commits[48affcab-e6e4-4602-963a-f6a50efbd54c:c2343, 7e391b60-07ae-4d97-a027-4756e468c032:c2341, c5f86d96-67df-4f25-bde3-316f439d30b3:c2341]
2019-08-23 18:29:00,956 [grpc-default-executor-5] INFO  client.GrpcClientProtocolClient (GrpcClientProtocolClient.java:onNext(255)) - client-19C32667576E->48affcab-e6e4-4602-963a-f6a50efbd54c: receive RaftClientReply:client-19C32667576E->48affcab-e6e4-4602-963a-f6a50efbd54c@group-50C56EAF5137, cid=1625, SUCCESS, logIndex=2343, commits[48affcab-e6e4-4602-963a-f6a50efbd54c:c2343, 7e391b60-07ae-4d97-a027-4756e468c032:c2341, c5f86d96-67df-4f25-bde3-316f439d30b3:c2341]
2019-08-23 18:29:00,964 | INFO  | DNAudit | user=null | ip=null | op=WRITE_CHUNK {blockData=conID: 1 locID: 102667710679286266 bcsId: 2338} | ret=SUCCESS |  
2019-08-23 18:29:00,964 | INFO  | DNAudit | user=null | ip=null | op=WRITE_CHUNK {blockData=conID: 1 locID: 102667710679286266 bcsId: 2338} | ret=SUCCESS |  
2019-08-23 18:29:00,965 | INFO  | DNAudit | user=null | ip=null | op=WRITE_CHUNK {blockData=conID: 1 locID: 102667710679286266 bcsId: 2343} | ret=SUCCESS |  
2019-08-23 18:29:00,965 | INFO  | DNAudit | user=null | ip=null | op=PUT_BLOCK {blockData=[blockId=conID: 1 locID: 102667710679286266 bcsId: 0,size=3145728]} | ret=SUCCESS |  
2019-08-23 18:29:00,965 | INFO  | DNAudit | user=null | ip=null | op=PUT_BLOCK {blockData=[blockId=conID: 1 locID: 102667710679286266 bcsId: 0,size=3145728]} | ret=SUCCESS |  
2019-08-23 18:29:00,967 | INFO  | DNAudit | user=null | ip=null | op=WRITE_CHUNK {blockData=conID: 1 locID: 102667710679286266 bcsId: 2343} | ret=SUCCESS |  
2019-08-23 18:29:00,968 | INFO  | DNAudit | user=null | ip=null | op=WRITE_CHUNK {blockData=conID: 1 locID: 102667710679286266 bcsId: 2343} | ret=SUCCESS |  
2019-08-23 18:29:00,979 | INFO  | DNAudit | user=null | ip=null | op=WRITE_CHUNK {blockData=conID: 1 locID: 102667710679286266 bcsId: 2343} | ret=SUCCESS |  
2019-08-23 18:29:00,980 | INFO  | DNAudit | user=null | ip=null | op=PUT_BLOCK {blockData=[blockId=conID: 1 locID: 102667710679286266 bcsId: 0,size=4194304]} | ret=SUCCESS |  
2019-08-23 18:29:00,980 [grpc-default-executor-4] INFO  client.GrpcClientProtocolClient (GrpcClientProtocolClient.java:onNext(255)) - client-19C32667576E->48affcab-e6e4-4602-963a-f6a50efbd54c: receive RaftClientReply:client-19C32667576E->48affcab-e6e4-4602-963a-f6a50efbd54c@group-50C56EAF5137, cid=1626, SUCCESS, logIndex=2346, commits[48affcab-e6e4-4602-963a-f6a50efbd54c:c2347, 7e391b60-07ae-4d97-a027-4756e468c032:c2343, c5f86d96-67df-4f25-bde3-316f439d30b3:c2343]
2019-08-23 18:29:00,981 [grpc-default-executor-4] INFO  client.GrpcClientProtocolClient (GrpcClientProtocolClient.java:onNext(255)) - client-19C32667576E->48affcab-e6e4-4602-963a-f6a50efbd54c: receive RaftClientReply:client-19C32667576E->48affcab-e6e4-4602-963a-f6a50efbd54c@group-50C56EAF5137, cid=1627, SUCCESS, logIndex=2347, commits[48affcab-e6e4-4602-963a-f6a50efbd54c:c2347, 7e391b60-07ae-4d97-a027-4756e468c032:c2343, c5f86d96-67df-4f25-bde3-316f439d30b3:c2343]
2019-08-23 18:29:00,991 | INFO  | DNAudit | user=null | ip=null | op=WRITE_CHUNK {blockData=conID: 1 locID: 102667710679286266 bcsId: 2343} | ret=SUCCESS |  
2019-08-23 18:29:00,992 | INFO  | DNAudit | user=null | ip=null | op=PUT_BLOCK {blockData=[blockId=conID: 1 locID: 102667710679286266 bcsId: 0,size=4194304]} | ret=SUCCESS |  
2019-08-23 18:29:00,992 | INFO  | DNAudit | user=null | ip=null | op=WRITE_CHUNK {blockData=conID: 1 locID: 102667710679286266 bcsId: 2343} | ret=SUCCESS |  
2019-08-23 18:29:00,992 | INFO  | DNAudit | user=null | ip=null | op=PUT_BLOCK {blockData=[blockId=conID: 1 locID: 102667710679286266 bcsId: 0,size=4194304]} | ret=SUCCESS |  
2019-08-23 18:29:00,992 [grpc-default-executor-4] INFO  client.GrpcClientProtocolClient (GrpcClientProtocolClient.java:onNext(255)) - client-19C32667576E->48affcab-e6e4-4602-963a-f6a50efbd54c: receive RaftClientReply:client-19C32667576E->48affcab-e6e4-4602-963a-f6a50efbd54c@group-50C56EAF5137, cid=1628, SUCCESS, logIndex=0, commits[48affcab-e6e4-4602-963a-f6a50efbd54c:c2348, 7e391b60-07ae-4d97-a027-4756e468c032:c2347, c5f86d96-67df-4f25-bde3-316f439d30b3:c2347]
2019-08-23 18:29:00,997 | INFO  | SCMAudit | user=jenkins1000 | ip=192.168.34.23 | op=ALLOCATE_BLOCK {owner=1ceb8b80-28f1-43fd-86c3-175afc07b8d1, size=4194304, type=RATIS, factor=THREE} | ret=SUCCESS |  
2019-08-23 18:29:00,999 | INFO  | OMAudit | user=jenkins1000 | ip=127.0.0.1 | op=ALLOCATE_BLOCK {volume=vol-0-45438, bucket=bucket-0-23891, key=key-0-22455, dataSize=0, replicationType=null, replicationFactor=null, keyLocationInfo=null, clientID=102667710122492306} | ret=SUCCESS |  
2019-08-23 18:29:01,006 | INFO  | DNAudit | user=null | ip=null | op=WRITE_CHUNK {blockData=conID: 2 locID: 102667710693179899 bcsId: 0} | ret=SUCCESS |  
2019-08-23 18:29:01,009 | INFO  | DNAudit | user=null | ip=null | op=WRITE_CHUNK {blockData=conID: 2 locID: 102667710693179899 bcsId: 0} | ret=SUCCESS |  
2019-08-23 18:29:01,009 | INFO  | DNAudit | user=null | ip=null | op=WRITE_CHUNK {blockData=conID: 2 locID: 102667710693179899 bcsId: 0} | ret=SUCCESS |  
2019-08-23 18:29:01,009 | INFO  | DNAudit | user=null | ip=null | op=WRITE_CHUNK {blockData=conID: 2 locID: 102667710693179899 bcsId: 0} | ret=SUCCESS |  
2019-08-23 18:29:01,012 | INFO  | DNAudit | user=null | ip=null | op=WRITE_CHUNK {blockData=conID: 2 locID: 102667710693179899 bcsId: 0} | ret=SUCCESS |  
2019-08-23 18:29:01,012 | INFO  | DNAudit | user=null | ip=null | op=WRITE_CHUNK {blockData=conID: 2 locID: 102667710693179899 bcsId: 0} | ret=SUCCESS |  
2019-08-23 18:29:01,019 | INFO  | DNAudit | user=null | ip=null | op=WRITE_CHUNK {blockData=conID: 2 locID: 102667710693179899 bcsId: 0} | ret=SUCCESS |  
2019-08-23 18:29:01,020 | INFO  | DNAudit | user=null | ip=null | op=PUT_BLOCK {blockData=[blockId=conID: 2 locID: 102667710693179899 bcsId: 0,size=1048576]} | ret=SUCCESS |  
2019-08-23 18:29:01,020 | INFO  | DNAudit | user=null | ip=null | op=WRITE_CHUNK {blockData=conID: 2 locID: 102667710693179899 bcsId: 0} | ret=SUCCESS |  
2019-08-23 18:29:01,020 [grpc-default-executor-5] INFO  client.GrpcClientProtocolClient (GrpcClientProtocolClient.java:onNext(255)) - client-19C32667576E->48affcab-e6e4-4602-963a-f6a50efbd54c: receive RaftClientReply:client-19C32667576E->48affcab-e6e4-4602-963a-f6a50efbd54c@group-50C56EAF5137, cid=1629, SUCCESS, logIndex=2350, commits[48affcab-e6e4-4602-963a-f6a50efbd54c:c2351, 7e391b60-07ae-4d97-a027-4756e468c032:c2349, c5f86d96-67df-4f25-bde3-316f439d30b3:c2349]
2019-08-23 18:29:01,020 | INFO  | DNAudit | user=null | ip=null | op=PUT_BLOCK {blockData=[blockId=conID: 2 locID: 102667710693179899 bcsId: 0,size=2097152]} | ret=SUCCESS |  
2019-08-23 18:29:01,020 [grpc-default-executor-5] INFO  client.GrpcClientProtocolClient (GrpcClientProtocolClient.java:onNext(255)) - client-19C32667576E->48affcab-e6e4-4602-963a-f6a50efbd54c: receive RaftClientReply:client-19C32667576E->48affcab-e6e4-4602-963a-f6a50efbd54c@group-50C56EAF5137, cid=1630, SUCCESS, logIndex=2351, commits[48affcab-e6e4-4602-963a-f6a50efbd54c:c2352, 7e391b60-07ae-4d97-a027-4756e468c032:c2349, c5f86d96-67df-4f25-bde3-316f439d30b3:c2349]
2019-08-23 18:29:01,021 [grpc-default-executor-5] INFO  client.GrpcClientProtocolClient (GrpcClientProtocolClient.java:onNext(255)) - client-19C32667576E->48affcab-e6e4-4602-963a-f6a50efbd54c: receive RaftClientReply:client-19C32667576E->48affcab-e6e4-4602-963a-f6a50efbd54c@group-50C56EAF5137, cid=1631, SUCCESS, logIndex=2352, commits[48affcab-e6e4-4602-963a-f6a50efbd54c:c2353, 7e391b60-07ae-4d97-a027-4756e468c032:c2349, c5f86d96-67df-4f25-bde3-316f439d30b3:c2349]
2019-08-23 18:29:01,021 | INFO  | DNAudit | user=null | ip=null | op=WRITE_CHUNK {blockData=conID: 2 locID: 102667710693179899 bcsId: 0} | ret=SUCCESS |  
2019-08-23 18:29:01,021 [grpc-default-executor-5] INFO  client.GrpcClientProtocolClient (GrpcClientProtocolClient.java:onNext(255)) - client-19C32667576E->48affcab-e6e4-4602-963a-f6a50efbd54c: receive RaftClientReply:client-19C32667576E->48affcab-e6e4-4602-963a-f6a50efbd54c@group-50C56EAF5137, cid=1632, SUCCESS, logIndex=2353, commits[48affcab-e6e4-4602-963a-f6a50efbd54c:c2353, 7e391b60-07ae-4d97-a027-4756e468c032:c2349, c5f86d96-67df-4f25-bde3-316f439d30b3:c2349]
2019-08-23 18:29:01,021 | INFO  | DNAudit | user=null | ip=null | op=PUT_BLOCK {blockData=[blockId=conID: 2 locID: 102667710693179899 bcsId: 0,size=1048576]} | ret=SUCCESS |  
2019-08-23 18:29:01,021 | INFO  | DNAudit | user=null | ip=null | op=WRITE_CHUNK {blockData=conID: 2 locID: 102667710693179899 bcsId: 0} | ret=SUCCESS |  
2019-08-23 18:29:01,022 | INFO  | DNAudit | user=null | ip=null | op=PUT_BLOCK {blockData=[blockId=conID: 2 locID: 102667710693179899 bcsId: 0,size=1048576]} | ret=SUCCESS |  
2019-08-23 18:29:01,022 | INFO  | DNAudit | user=null | ip=null | op=WRITE_CHUNK {blockData=conID: 2 locID: 102667710693179899 bcsId: 0} | ret=SUCCESS |  
2019-08-23 18:29:01,022 | INFO  | DNAudit | user=null | ip=null | op=WRITE_CHUNK {blockData=conID: 2 locID: 102667710693179899 bcsId: 0} | ret=SUCCESS |  
2019-08-23 18:29:01,022 [grpc-default-executor-0] INFO  client.GrpcClientProtocolClient (GrpcClientProtocolClient.java:onNext(255)) - client-19C32667576E->48affcab-e6e4-4602-963a-f6a50efbd54c: receive RaftClientReply:client-19C32667576E->48affcab-e6e4-4602-963a-f6a50efbd54c@group-50C56EAF5137, cid=1633, SUCCESS, logIndex=0, commits[48affcab-e6e4-4602-963a-f6a50efbd54c:c2355, 7e391b60-07ae-4d97-a027-4756e468c032:c2351, c5f86d96-67df-4f25-bde3-316f439d30b3:c2351]
2019-08-23 18:29:01,022 | INFO  | DNAudit | user=null | ip=null | op=PUT_BLOCK {blockData=[blockId=conID: 2 locID: 102667710693179899 bcsId: 0,size=2097152]} | ret=SUCCESS |  
2019-08-23 18:29:01,023 | INFO  | DNAudit | user=null | ip=null | op=PUT_BLOCK {blockData=[blockId=conID: 2 locID: 102667710693179899 bcsId: 0,size=2097152]} | ret=SUCCESS |  
2019-08-23 18:29:01,028 | INFO  | DNAudit | user=null | ip=null | op=WRITE_CHUNK {blockData=conID: 2 locID: 102667710693179899 bcsId: 2353} | ret=SUCCESS |  
2019-08-23 18:29:01,031 | INFO  | DNAudit | user=null | ip=null | op=WRITE_CHUNK {blockData=conID: 2 locID: 102667710693179899 bcsId: 2353} | ret=SUCCESS |  
2019-08-23 18:29:01,031 | INFO  | DNAudit | user=null | ip=null | op=WRITE_CHUNK {blockData=conID: 2 locID: 102667710693179899 bcsId: 2353} | ret=SUCCESS |  
2019-08-23 18:29:01,047 | INFO  | DNAudit | user=null | ip=null | op=WRITE_CHUNK {blockData=conID: 2 locID: 102667710693179899 bcsId: 2353} | ret=SUCCESS |  
2019-08-23 18:29:01,048 | INFO  | DNAudit | user=null | ip=null | op=PUT_BLOCK {blockData=[blockId=conID: 2 locID: 102667710693179899 bcsId: 0,size=3145728]} | ret=SUCCESS |  
2019-08-23 18:29:01,048 [grpc-default-executor-0] INFO  client.GrpcClientProtocolClient (GrpcClientProtocolClient.java:onNext(255)) - client-19C32667576E->48affcab-e6e4-4602-963a-f6a50efbd54c: receive RaftClientReply:client-19C32667576E->48affcab-e6e4-4602-963a-f6a50efbd54c@group-50C56EAF5137, cid=1634, SUCCESS, logIndex=2358, commits[48affcab-e6e4-4602-963a-f6a50efbd54c:c2359, 7e391b60-07ae-4d97-a027-4756e468c032:c2357, c5f86d96-67df-4f25-bde3-316f439d30b3:c2357]
2019-08-23 18:29:01,048 [grpc-default-executor-0] INFO  client.GrpcClientProtocolClient (GrpcClientProtocolClient.java:onNext(255)) - client-19C32667576E->48affcab-e6e4-4602-963a-f6a50efbd54c: receive RaftClientReply:client-19C32667576E->48affcab-e6e4-4602-963a-f6a50efbd54c@group-50C56EAF5137, cid=1635, SUCCESS, logIndex=2359, commits[48affcab-e6e4-4602-963a-f6a50efbd54c:c2359, 7e391b60-07ae-4d97-a027-4756e468c032:c2357, c5f86d96-67df-4f25-bde3-316f439d30b3:c2357]
2019-08-23 18:29:01,055 | INFO  | DNAudit | user=null | ip=null | op=WRITE_CHUNK {blockData=conID: 2 locID: 102667710693179899 bcsId: 2359} | ret=SUCCESS |  
2019-08-23 18:29:01,057 | INFO  | DNAudit | user=null | ip=null | op=WRITE_CHUNK {blockData=conID: 2 locID: 102667710693179899 bcsId: 2359} | ret=SUCCESS |  
2019-08-23 18:29:01,057 | INFO  | DNAudit | user=null | ip=null | op=WRITE_CHUNK {blockData=conID: 2 locID: 102667710693179899 bcsId: 2359} | ret=SUCCESS |  
2019-08-23 18:29:01,059 | INFO  | DNAudit | user=null | ip=null | op=WRITE_CHUNK {blockData=conID: 2 locID: 102667710693179899 bcsId: 2353} | ret=SUCCESS |  
2019-08-23 18:29:01,059 | INFO  | DNAudit | user=null | ip=null | op=WRITE_CHUNK {blockData=conID: 2 locID: 102667710693179899 bcsId: 2353} | ret=SUCCESS |  
2019-08-23 18:29:01,060 | INFO  | DNAudit | user=null | ip=null | op=PUT_BLOCK {blockData=[blockId=conID: 2 locID: 102667710693179899 bcsId: 0,size=3145728]} | ret=SUCCESS |  
2019-08-23 18:29:01,061 | INFO  | DNAudit | user=null | ip=null | op=PUT_BLOCK {blockData=[blockId=conID: 2 locID: 102667710693179899 bcsId: 0,size=3145728]} | ret=SUCCESS |  
2019-08-23 18:29:01,061 | INFO  | DNAudit | user=null | ip=null | op=WRITE_CHUNK {blockData=conID: 2 locID: 102667710693179899 bcsId: 2359} | ret=SUCCESS |  
2019-08-23 18:29:01,062 | INFO  | DNAudit | user=null | ip=null | op=PUT_BLOCK {blockData=[blockId=conID: 2 locID: 102667710693179899 bcsId: 0,size=4194304]} | ret=SUCCESS |  
2019-08-23 18:29:01,062 [grpc-default-executor-5] INFO  client.GrpcClientProtocolClient (GrpcClientProtocolClient.java:onNext(255)) - client-19C32667576E->48affcab-e6e4-4602-963a-f6a50efbd54c: receive RaftClientReply:client-19C32667576E->48affcab-e6e4-4602-963a-f6a50efbd54c@group-50C56EAF5137, cid=1636, SUCCESS, logIndex=2362, commits[48affcab-e6e4-4602-963a-f6a50efbd54c:c2363, 7e391b60-07ae-4d97-a027-4756e468c032:c2359, c5f86d96-67df-4f25-bde3-316f439d30b3:c2359]
2019-08-23 18:29:01,062 [grpc-default-executor-5] INFO  client.GrpcClientProtocolClient (GrpcClientProtocolClient.java:onNext(255)) - client-19C32667576E->48affcab-e6e4-4602-963a-f6a50efbd54c: receive RaftClientReply:client-19C32667576E->48affcab-e6e4-4602-963a-f6a50efbd54c@group-50C56EAF5137, cid=1637, SUCCESS, logIndex=2363, commits[48affcab-e6e4-4602-963a-f6a50efbd54c:c2363, 7e391b60-07ae-4d97-a027-4756e468c032:c2359, c5f86d96-67df-4f25-bde3-316f439d30b3:c2359]
2019-08-23 18:29:01,073 | INFO  | DNAudit | user=null | ip=null | op=WRITE_CHUNK {blockData=conID: 2 locID: 102667710693179899 bcsId: 2359} | ret=SUCCESS |  
2019-08-23 18:29:01,073 | INFO  | DNAudit | user=null | ip=null | op=WRITE_CHUNK {blockData=conID: 2 locID: 102667710693179899 bcsId: 2359} | ret=SUCCESS |  
2019-08-23 18:29:01,074 | INFO  | DNAudit | user=null | ip=null | op=PUT_BLOCK {blockData=[blockId=conID: 2 locID: 102667710693179899 bcsId: 0,size=4194304]} | ret=SUCCESS |  
2019-08-23 18:29:01,074 | INFO  | DNAudit | user=null | ip=null | op=PUT_BLOCK {blockData=[blockId=conID: 2 locID: 102667710693179899 bcsId: 0,size=4194304]} | ret=SUCCESS |  
2019-08-23 18:29:01,075 [grpc-default-executor-5] INFO  client.GrpcClientProtocolClient (GrpcClientProtocolClient.java:onNext(255)) - client-19C32667576E->48affcab-e6e4-4602-963a-f6a50efbd54c: receive RaftClientReply:client-19C32667576E->48affcab-e6e4-4602-963a-f6a50efbd54c@group-50C56EAF5137, cid=1638, SUCCESS, logIndex=0, commits[48affcab-e6e4-4602-963a-f6a50efbd54c:c2365, 7e391b60-07ae-4d97-a027-4756e468c032:c2363, c5f86d96-67df-4f25-bde3-316f439d30b3:c2363]
2019-08-23 18:29:01,079 | INFO  | SCMAudit | user=jenkins1000 | ip=192.168.34.23 | op=ALLOCATE_BLOCK {owner=1ceb8b80-28f1-43fd-86c3-175afc07b8d1, size=4194304, type=RATIS, factor=THREE} | ret=SUCCESS |  
2019-08-23 18:29:01,082 | INFO  | OMAudit | user=jenkins1000 | ip=127.0.0.1 | op=ALLOCATE_BLOCK {volume=vol-0-45438, bucket=bucket-0-23891, key=key-0-22455, dataSize=0, replicationType=null, replicationFactor=null, keyLocationInfo=null, clientID=102667710122492306} | ret=SUCCESS |  
2019-08-23 18:29:01,088 | INFO  | DNAudit | user=null | ip=null | op=WRITE_CHUNK {blockData=conID: 3 locID: 102667710698553852 bcsId: 0} | ret=SUCCESS |  
2019-08-23 18:29:01,091 | INFO  | DNAudit | user=null | ip=null | op=WRITE_CHUNK {blockData=conID: 3 locID: 102667710698553852 bcsId: 0} | ret=SUCCESS |  
2019-08-23 18:29:01,091 | INFO  | DNAudit | user=null | ip=null | op=WRITE_CHUNK {blockData=conID: 3 locID: 102667710698553852 bcsId: 0} | ret=SUCCESS |  
2019-08-23 18:29:01,091 | INFO  | DNAudit | user=null | ip=null | op=WRITE_CHUNK {blockData=conID: 3 locID: 102667710698553852 bcsId: 0} | ret=SUCCESS |  
2019-08-23 18:29:01,094 | INFO  | DNAudit | user=null | ip=null | op=WRITE_CHUNK {blockData=conID: 3 locID: 102667710698553852 bcsId: 0} | ret=SUCCESS |  
2019-08-23 18:29:01,094 | INFO  | DNAudit | user=null | ip=null | op=WRITE_CHUNK {blockData=conID: 3 locID: 102667710698553852 bcsId: 0} | ret=SUCCESS |  
2019-08-23 18:29:01,101 | INFO  | DNAudit | user=null | ip=null | op=WRITE_CHUNK {blockData=conID: 3 locID: 102667710698553852 bcsId: 0} | ret=SUCCESS |  
2019-08-23 18:29:01,101 | INFO  | DNAudit | user=null | ip=null | op=PUT_BLOCK {blockData=[blockId=conID: 3 locID: 102667710698553852 bcsId: 0,size=1048576]} | ret=SUCCESS |  
2019-08-23 18:29:01,102 [grpc-default-executor-5] INFO  client.GrpcClientProtocolClient (GrpcClientProtocolClient.java:onNext(255)) - client-19C32667576E->48affcab-e6e4-4602-963a-f6a50efbd54c: receive RaftClientReply:client-19C32667576E->48affcab-e6e4-4602-963a-f6a50efbd54c@group-50C56EAF5137, cid=1639, SUCCESS, logIndex=2366, commits[48affcab-e6e4-4602-963a-f6a50efbd54c:c2367, 7e391b60-07ae-4d97-a027-4756e468c032:c2365, c5f86d96-67df-4f25-bde3-316f439d30b3:c2365]
2019-08-23 18:29:01,102 | INFO  | DNAudit | user=null | ip=null | op=WRITE_CHUNK {blockData=conID: 3 locID: 102667710698553852 bcsId: 0} | ret=SUCCESS |  
2019-08-23 18:29:01,102 [grpc-default-executor-5] INFO  client.GrpcClientProtocolClient (GrpcClientProtocolClient.java:onNext(255)) - client-19C32667576E->48affcab-e6e4-4602-963a-f6a50efbd54c: receive RaftClientReply:client-19C32667576E->48affcab-e6e4-4602-963a-f6a50efbd54c@group-50C56EAF5137, cid=1640, SUCCESS, logIndex=2367, commits[48affcab-e6e4-4602-963a-f6a50efbd54c:c2369, 7e391b60-07ae-4d97-a027-4756e468c032:c2365, c5f86d96-67df-4f25-bde3-316f439d30b3:c2365]
2019-08-23 18:29:01,102 | INFO  | DNAudit | user=null | ip=null | op=PUT_BLOCK {blockData=[blockId=conID: 3 locID: 102667710698553852 bcsId: 0,size=2097152]} | ret=SUCCESS |  
2019-08-23 18:29:01,102 | INFO  | DNAudit | user=null | ip=null | op=WRITE_CHUNK {blockData=conID: 3 locID: 102667710698553852 bcsId: 0} | ret=SUCCESS |  
2019-08-23 18:29:01,103 [grpc-default-executor-5] INFO  client.GrpcClientProtocolClient (GrpcClientProtocolClient.java:onNext(255)) - client-19C32667576E->48affcab-e6e4-4602-963a-f6a50efbd54c: receive RaftClientReply:client-19C32667576E->48affcab-e6e4-4602-963a-f6a50efbd54c@group-50C56EAF5137, cid=1641, SUCCESS, logIndex=2368, commits[48affcab-e6e4-4602-963a-f6a50efbd54c:c2369, 7e391b60-07ae-4d97-a027-4756e468c032:c2365, c5f86d96-67df-4f25-bde3-316f439d30b3:c2365]
2019-08-23 18:29:01,103 | INFO  | DNAudit | user=null | ip=null | op=PUT_BLOCK {blockData=[blockId=conID: 3 locID: 102667710698553852 bcsId: 0,size=1048576]} | ret=SUCCESS |  
2019-08-23 18:29:01,103 [grpc-default-executor-5] INFO  client.GrpcClientProtocolClient (GrpcClientProtocolClient.java:onNext(255)) - client-19C32667576E->48affcab-e6e4-4602-963a-f6a50efbd54c: receive RaftClientReply:client-19C32667576E->48affcab-e6e4-4602-963a-f6a50efbd54c@group-50C56EAF5137, cid=1642, SUCCESS, logIndex=2369, commits[48affcab-e6e4-4602-963a-f6a50efbd54c:c2369, 7e391b60-07ae-4d97-a027-4756e468c032:c2365, c5f86d96-67df-4f25-bde3-316f439d30b3:c2365]
2019-08-23 18:29:01,103 | INFO  | DNAudit | user=null | ip=null | op=WRITE_CHUNK {blockData=conID: 3 locID: 102667710698553852 bcsId: 0} | ret=SUCCESS |  
2019-08-23 18:29:01,103 | INFO  | DNAudit | user=null | ip=null | op=PUT_BLOCK {blockData=[blockId=conID: 3 locID: 102667710698553852 bcsId: 0,size=1048576]} | ret=SUCCESS |  
2019-08-23 18:29:01,103 | INFO  | DNAudit | user=null | ip=null | op=WRITE_CHUNK {blockData=conID: 3 locID: 102667710698553852 bcsId: 0} | ret=SUCCESS |  
2019-08-23 18:29:01,104 | INFO  | DNAudit | user=null | ip=null | op=WRITE_CHUNK {blockData=conID: 3 locID: 102667710698553852 bcsId: 0} | ret=SUCCESS |  
2019-08-23 18:29:01,104 | INFO  | DNAudit | user=null | ip=null | op=PUT_BLOCK {blockData=[blockId=conID: 3 locID: 102667710698553852 bcsId: 0,size=2097152]} | ret=SUCCESS |  
2019-08-23 18:29:01,104 [grpc-default-executor-5] INFO  client.GrpcClientProtocolClient (GrpcClientProtocolClient.java:onNext(255)) - client-19C32667576E->48affcab-e6e4-4602-963a-f6a50efbd54c: receive RaftClientReply:client-19C32667576E->48affcab-e6e4-4602-963a-f6a50efbd54c@group-50C56EAF5137, cid=1643, SUCCESS, logIndex=0, commits[48affcab-e6e4-4602-963a-f6a50efbd54c:c2371, 7e391b60-07ae-4d97-a027-4756e468c032:c2367, c5f86d96-67df-4f25-bde3-316f439d30b3:c2367]
2019-08-23 18:29:01,105 | INFO  | DNAudit | user=null | ip=null | op=PUT_BLOCK {blockData=[blockId=conID: 3 locID: 102667710698553852 bcsId: 0,size=2097152]} | ret=SUCCESS |  
2019-08-23 18:29:01,110 | INFO  | DNAudit | user=null | ip=null | op=WRITE_CHUNK {blockData=conID: 3 locID: 102667710698553852 bcsId: 2369} | ret=SUCCESS |  
2019-08-23 18:29:01,112 | INFO  | DNAudit | user=null | ip=null | op=WRITE_CHUNK {blockData=conID: 3 locID: 102667710698553852 bcsId: 2369} | ret=SUCCESS |  
2019-08-23 18:29:01,112 | INFO  | DNAudit | user=null | ip=null | op=WRITE_CHUNK {blockData=conID: 3 locID: 102667710698553852 bcsId: 2369} | ret=SUCCESS |  
2019-08-23 18:29:01,122 | INFO  | DNAudit | user=null | ip=null | op=WRITE_CHUNK {blockData=conID: 3 locID: 102667710698553852 bcsId: 2369} | ret=SUCCESS |  
2019-08-23 18:29:01,123 | INFO  | DNAudit | user=null | ip=null | op=PUT_BLOCK {blockData=[blockId=conID: 3 locID: 102667710698553852 bcsId: 0,size=3145728]} | ret=SUCCESS |  
2019-08-23 18:29:01,123 [grpc-default-executor-5] INFO  client.GrpcClientProtocolClient (GrpcClientProtocolClient.java:onNext(255)) - client-19C32667576E->48affcab-e6e4-4602-963a-f6a50efbd54c: receive RaftClientReply:client-19C32667576E->48affcab-e6e4-4602-963a-f6a50efbd54c@group-50C56EAF5137, cid=1644, SUCCESS, logIndex=2374, commits[48affcab-e6e4-4602-963a-f6a50efbd54c:c2375, 7e391b60-07ae-4d97-a027-4756e468c032:c2373, c5f86d96-67df-4f25-bde3-316f439d30b3:c2373]
2019-08-23 18:29:01,123 [grpc-default-executor-5] INFO  client.GrpcClientProtocolClient (GrpcClientProtocolClient.java:onNext(255)) - client-19C32667576E->48affcab-e6e4-4602-963a-f6a50efbd54c: receive RaftClientReply:client-19C32667576E->48affcab-e6e4-4602-963a-f6a50efbd54c@group-50C56EAF5137, cid=1645, SUCCESS, logIndex=2375, commits[48affcab-e6e4-4602-963a-f6a50efbd54c:c2375, 7e391b60-07ae-4d97-a027-4756e468c032:c2373, c5f86d96-67df-4f25-bde3-316f439d30b3:c2373]
2019-08-23 18:29:01,130 | INFO  | DNAudit | user=null | ip=null | op=WRITE_CHUNK {blockData=conID: 3 locID: 102667710698553852 bcsId: 2375} | ret=SUCCESS |  
2019-08-23 18:29:01,132 | INFO  | DNAudit | user=null | ip=null | op=WRITE_CHUNK {blockData=conID: 3 locID: 102667710698553852 bcsId: 2375} | ret=SUCCESS |  
2019-08-23 18:29:01,132 | INFO  | DNAudit | user=null | ip=null | op=WRITE_CHUNK {blockData=conID: 3 locID: 102667710698553852 bcsId: 2375} | ret=SUCCESS |  
2019-08-23 18:29:01,134 | INFO  | DNAudit | user=null | ip=null | op=WRITE_CHUNK {blockData=conID: 3 locID: 102667710698553852 bcsId: 2369} | ret=SUCCESS |  
2019-08-23 18:29:01,134 | INFO  | DNAudit | user=null | ip=null | op=WRITE_CHUNK {blockData=conID: 3 locID: 102667710698553852 bcsId: 2369} | ret=SUCCESS |  
2019-08-23 18:29:01,137 | INFO  | DNAudit | user=null | ip=null | op=PUT_BLOCK {blockData=[blockId=conID: 3 locID: 102667710698553852 bcsId: 0,size=3145728]} | ret=SUCCESS |  
2019-08-23 18:29:01,137 | INFO  | DNAudit | user=null | ip=null | op=PUT_BLOCK {blockData=[blockId=conID: 3 locID: 102667710698553852 bcsId: 0,size=3145728]} | ret=SUCCESS |  
2019-08-23 18:29:01,138 | INFO  | DNAudit | user=null | ip=null | op=WRITE_CHUNK {blockData=conID: 3 locID: 102667710698553852 bcsId: 2375} | ret=SUCCESS |  
2019-08-23 18:29:01,139 | INFO  | DNAudit | user=null | ip=null | op=PUT_BLOCK {blockData=[blockId=conID: 3 locID: 102667710698553852 bcsId: 0,size=4194304]} | ret=SUCCESS |  
2019-08-23 18:29:01,139 [grpc-default-executor-4] INFO  client.GrpcClientProtocolClient (GrpcClientProtocolClient.java:onNext(255)) - client-19C32667576E->48affcab-e6e4-4602-963a-f6a50efbd54c: receive RaftClientReply:client-19C32667576E->48affcab-e6e4-4602-963a-f6a50efbd54c@group-50C56EAF5137, cid=1646, SUCCESS, logIndex=2378, commits[48affcab-e6e4-4602-963a-f6a50efbd54c:c2379, 7e391b60-07ae-4d97-a027-4756e468c032:c2375, c5f86d96-67df-4f25-bde3-316f439d30b3:c2375]
2019-08-23 18:29:01,139 [grpc-default-executor-4] INFO  client.GrpcClientProtocolClient (GrpcClientProtocolClient.java:onNext(255)) - client-19C32667576E->48affcab-e6e4-4602-963a-f6a50efbd54c: receive RaftClientReply:client-19C32667576E->48affcab-e6e4-4602-963a-f6a50efbd54c@group-50C56EAF5137, cid=1647, SUCCESS, logIndex=2379, commits[48affcab-e6e4-4602-963a-f6a50efbd54c:c2379, 7e391b60-07ae-4d97-a027-4756e468c032:c2375, c5f86d96-67df-4f25-bde3-316f439d30b3:c2375]
2019-08-23 18:29:01,150 | INFO  | DNAudit | user=null | ip=null | op=WRITE_CHUNK {blockData=conID: 3 locID: 102667710698553852 bcsId: 2375} | ret=SUCCESS |  
2019-08-23 18:29:01,150 | INFO  | DNAudit | user=null | ip=null | op=WRITE_CHUNK {blockData=conID: 3 locID: 102667710698553852 bcsId: 2375} | ret=SUCCESS |  
2019-08-23 18:29:01,151 | INFO  | DNAudit | user=null | ip=null | op=PUT_BLOCK {blockData=[blockId=conID: 3 locID: 102667710698553852 bcsId: 0,size=4194304]} | ret=SUCCESS |  
2019-08-23 18:29:01,151 | INFO  | DNAudit | user=null | ip=null | op=PUT_BLOCK {blockData=[blockId=conID: 3 locID: 102667710698553852 bcsId: 0,size=4194304]} | ret=SUCCESS |  
2019-08-23 18:29:01,152 [grpc-default-executor-4] INFO  client.GrpcClientProtocolClient (GrpcClientProtocolClient.java:onNext(255)) - client-19C32667576E->48affcab-e6e4-4602-963a-f6a50efbd54c: receive RaftClientReply:client-19C32667576E->48affcab-e6e4-4602-963a-f6a50efbd54c@group-50C56EAF5137, cid=1648, SUCCESS, logIndex=0, commits[48affcab-e6e4-4602-963a-f6a50efbd54c:c2381, 7e391b60-07ae-4d97-a027-4756e468c032:c2379, c5f86d96-67df-4f25-bde3-316f439d30b3:c2379]
2019-08-23 18:29:01,157 | INFO  | SCMAudit | user=jenkins1000 | ip=192.168.34.23 | op=ALLOCATE_BLOCK {owner=1ceb8b80-28f1-43fd-86c3-175afc07b8d1, size=4194304, type=RATIS, factor=THREE} | ret=SUCCESS |  
2019-08-23 18:29:01,161 | INFO  | OMAudit | user=jenkins1000 | ip=127.0.0.1 | op=ALLOCATE_BLOCK {volume=vol-0-45438, bucket=bucket-0-23891, key=key-0-22455, dataSize=0, replicationType=null, replicationFactor=null, keyLocationInfo=null, clientID=102667710122492306} | ret=SUCCESS |  
2019-08-23 18:29:01,167 | INFO  | DNAudit | user=null | ip=null | op=WRITE_CHUNK {blockData=conID: 1 locID: 102667710703665661 bcsId: 0} | ret=SUCCESS |  
2019-08-23 18:29:01,170 | INFO  | DNAudit | user=null | ip=null | op=WRITE_CHUNK {blockData=conID: 1 locID: 102667710703665661 bcsId: 0} | ret=SUCCESS |  
2019-08-23 18:29:01,170 | INFO  | DNAudit | user=null | ip=null | op=WRITE_CHUNK {blockData=conID: 1 locID: 102667710703665661 bcsId: 0} | ret=SUCCESS |  
2019-08-23 18:29:01,171 | INFO  | DNAudit | user=null | ip=null | op=WRITE_CHUNK {blockData=conID: 1 locID: 102667710703665661 bcsId: 0} | ret=SUCCESS |  
2019-08-23 18:29:01,172 | INFO  | DNAudit | user=null | ip=null | op=WRITE_CHUNK {blockData=conID: 1 locID: 102667710703665661 bcsId: 0} | ret=SUCCESS |  
2019-08-23 18:29:01,173 | INFO  | DNAudit | user=null | ip=null | op=WRITE_CHUNK {blockData=conID: 1 locID: 102667710703665661 bcsId: 0} | ret=SUCCESS |  
2019-08-23 18:29:01,179 | INFO  | DNAudit | user=null | ip=null | op=WRITE_CHUNK {blockData=conID: 1 locID: 102667710703665661 bcsId: 0} | ret=SUCCESS |  
2019-08-23 18:29:01,180 | INFO  | DNAudit | user=null | ip=null | op=PUT_BLOCK {blockData=[blockId=conID: 1 locID: 102667710703665661 bcsId: 0,size=1048576]} | ret=SUCCESS |  
2019-08-23 18:29:01,180 [grpc-default-executor-5] INFO  client.GrpcClientProtocolClient (GrpcClientProtocolClient.java:onNext(255)) - client-19C32667576E->48affcab-e6e4-4602-963a-f6a50efbd54c: receive RaftClientReply:client-19C32667576E->48affcab-e6e4-4602-963a-f6a50efbd54c@group-50C56EAF5137, cid=1649, SUCCESS, logIndex=2382, commits[48affcab-e6e4-4602-963a-f6a50efbd54c:c2383, 7e391b60-07ae-4d97-a027-4756e468c032:c2381, c5f86d96-67df-4f25-bde3-316f439d30b3:c2381]
2019-08-23 18:29:01,180 | INFO  | DNAudit | user=null | ip=null | op=WRITE_CHUNK {blockData=conID: 1 locID: 102667710703665661 bcsId: 0} | ret=SUCCESS |  
2019-08-23 18:29:01,180 [grpc-default-executor-4] INFO  client.GrpcClientProtocolClient (GrpcClientProtocolClient.java:onNext(255)) - client-19C32667576E->48affcab-e6e4-4602-963a-f6a50efbd54c: receive RaftClientReply:client-19C32667576E->48affcab-e6e4-4602-963a-f6a50efbd54c@group-50C56EAF5137, cid=1650, SUCCESS, logIndex=2383, commits[48affcab-e6e4-4602-963a-f6a50efbd54c:c2383, 7e391b60-07ae-4d97-a027-4756e468c032:c2381, c5f86d96-67df-4f25-bde3-316f439d30b3:c2381]
2019-08-23 18:29:01,181 | INFO  | DNAudit | user=null | ip=null | op=PUT_BLOCK {blockData=[blockId=conID: 1 locID: 102667710703665661 bcsId: 0,size=2097152]} | ret=SUCCESS |  
2019-08-23 18:29:01,181 [grpc-default-executor-4] INFO  client.GrpcClientProtocolClient (GrpcClientProtocolClient.java:onNext(255)) - client-19C32667576E->48affcab-e6e4-4602-963a-f6a50efbd54c: receive RaftClientReply:client-19C32667576E->48affcab-e6e4-4602-963a-f6a50efbd54c@group-50C56EAF5137, cid=1651, SUCCESS, logIndex=2384, commits[48affcab-e6e4-4602-963a-f6a50efbd54c:c2385, 7e391b60-07ae-4d97-a027-4756e468c032:c2381, c5f86d96-67df-4f25-bde3-316f439d30b3:c2381]
2019-08-23 18:29:01,181 [grpc-default-executor-4] INFO  client.GrpcClientProtocolClient (GrpcClientProtocolClient.java:onNext(255)) - client-19C32667576E->48affcab-e6e4-4602-963a-f6a50efbd54c: receive RaftClientReply:client-19C32667576E->48affcab-e6e4-4602-963a-f6a50efbd54c@group-50C56EAF5137, cid=1652, SUCCESS, logIndex=2385, commits[48affcab-e6e4-4602-963a-f6a50efbd54c:c2385, 7e391b60-07ae-4d97-a027-4756e468c032:c2381, c5f86d96-67df-4f25-bde3-316f439d30b3:c2381]
2019-08-23 18:29:01,181 | INFO  | DNAudit | user=null | ip=null | op=WRITE_CHUNK {blockData=conID: 1 locID: 102667710703665661 bcsId: 0} | ret=SUCCESS |  
2019-08-23 18:29:01,181 | INFO  | DNAudit | user=null | ip=null | op=PUT_BLOCK {blockData=[blockId=conID: 1 locID: 102667710703665661 bcsId: 0,size=1048576]} | ret=SUCCESS |  
2019-08-23 18:29:01,182 | INFO  | DNAudit | user=null | ip=null | op=WRITE_CHUNK {blockData=conID: 1 locID: 102667710703665661 bcsId: 0} | ret=SUCCESS |  
2019-08-23 18:29:01,182 | INFO  | DNAudit | user=null | ip=null | op=PUT_BLOCK {blockData=[blockId=conID: 1 locID: 102667710703665661 bcsId: 0,size=1048576]} | ret=SUCCESS |  
2019-08-23 18:29:01,182 | INFO  | DNAudit | user=null | ip=null | op=WRITE_CHUNK {blockData=conID: 1 locID: 102667710703665661 bcsId: 0} | ret=SUCCESS |  
2019-08-23 18:29:01,182 | INFO  | DNAudit | user=null | ip=null | op=WRITE_CHUNK {blockData=conID: 1 locID: 102667710703665661 bcsId: 0} | ret=SUCCESS |  
2019-08-23 18:29:01,182 [grpc-default-executor-4] INFO  client.GrpcClientProtocolClient (GrpcClientProtocolClient.java:onNext(255)) - client-19C32667576E->48affcab-e6e4-4602-963a-f6a50efbd54c: receive RaftClientReply:client-19C32667576E->48affcab-e6e4-4602-963a-f6a50efbd54c@group-50C56EAF5137, cid=1653, SUCCESS, logIndex=0, commits[48affcab-e6e4-4602-963a-f6a50efbd54c:c2387, 7e391b60-07ae-4d97-a027-4756e468c032:c2383, c5f86d96-67df-4f25-bde3-316f439d30b3:c2383]
2019-08-23 18:29:01,183 | INFO  | DNAudit | user=null | ip=null | op=PUT_BLOCK {blockData=[blockId=conID: 1 locID: 102667710703665661 bcsId: 0,size=2097152]} | ret=SUCCESS |  
2019-08-23 18:29:01,183 | INFO  | DNAudit | user=null | ip=null | op=PUT_BLOCK {blockData=[blockId=conID: 1 locID: 102667710703665661 bcsId: 0,size=2097152]} | ret=SUCCESS |  
2019-08-23 18:29:01,188 | INFO  | DNAudit | user=null | ip=null | op=WRITE_CHUNK {blockData=conID: 1 locID: 102667710703665661 bcsId: 2385} | ret=SUCCESS |  
2019-08-23 18:29:01,191 | INFO  | DNAudit | user=null | ip=null | op=WRITE_CHUNK {blockData=conID: 1 locID: 102667710703665661 bcsId: 2385} | ret=SUCCESS |  
2019-08-23 18:29:01,191 | INFO  | DNAudit | user=null | ip=null | op=WRITE_CHUNK {blockData=conID: 1 locID: 102667710703665661 bcsId: 2385} | ret=SUCCESS |  
2019-08-23 18:29:01,201 | INFO  | DNAudit | user=null | ip=null | op=WRITE_CHUNK {blockData=conID: 1 locID: 102667710703665661 bcsId: 2385} | ret=SUCCESS |  
2019-08-23 18:29:01,202 | INFO  | DNAudit | user=null | ip=null | op=PUT_BLOCK {blockData=[blockId=conID: 1 locID: 102667710703665661 bcsId: 0,size=3145728]} | ret=SUCCESS |  
2019-08-23 18:29:01,202 [grpc-default-executor-0] INFO  client.GrpcClientProtocolClient (GrpcClientProtocolClient.java:onNext(255)) - client-19C32667576E->48affcab-e6e4-4602-963a-f6a50efbd54c: receive RaftClientReply:client-19C32667576E->48affcab-e6e4-4602-963a-f6a50efbd54c@group-50C56EAF5137, cid=1654, SUCCESS, logIndex=2390, commits[48affcab-e6e4-4602-963a-f6a50efbd54c:c2391, 7e391b60-07ae-4d97-a027-4756e468c032:c2389, c5f86d96-67df-4f25-bde3-316f439d30b3:c2389]
2019-08-23 18:29:01,202 [grpc-default-executor-0] INFO  client.GrpcClientProtocolClient (GrpcClientProtocolClient.java:onNext(255)) - client-19C32667576E->48affcab-e6e4-4602-963a-f6a50efbd54c: receive RaftClientReply:client-19C32667576E->48affcab-e6e4-4602-963a-f6a50efbd54c@group-50C56EAF5137, cid=1655, SUCCESS, logIndex=2391, commits[48affcab-e6e4-4602-963a-f6a50efbd54c:c2391, 7e391b60-07ae-4d97-a027-4756e468c032:c2389, c5f86d96-67df-4f25-bde3-316f439d30b3:c2389]
2019-08-23 18:29:01,202 | INFO  | DNAudit | user=null | ip=null | op=WRITE_CHUNK {blockData=conID: 1 locID: 102667710703665661 bcsId: 2385} | ret=SUCCESS |  
2019-08-23 18:29:01,203 | INFO  | DNAudit | user=null | ip=null | op=WRITE_CHUNK {blockData=conID: 1 locID: 102667710703665661 bcsId: 2385} | ret=SUCCESS |  
2019-08-23 18:29:01,203 | INFO  | DNAudit | user=null | ip=null | op=PUT_BLOCK {blockData=[blockId=conID: 1 locID: 102667710703665661 bcsId: 0,size=3145728]} | ret=SUCCESS |  
2019-08-23 18:29:01,203 | INFO  | DNAudit | user=null | ip=null | op=PUT_BLOCK {blockData=[blockId=conID: 1 locID: 102667710703665661 bcsId: 0,size=3145728]} | ret=SUCCESS |  
2019-08-23 18:29:01,207 | INFO  | DNAudit | user=null | ip=null | op=WRITE_CHUNK {blockData=conID: 1 locID: 102667710703665661 bcsId: 2391} | ret=SUCCESS |  
2019-08-23 18:29:01,210 | INFO  | DNAudit | user=null | ip=null | op=WRITE_CHUNK {blockData=conID: 1 locID: 102667710703665661 bcsId: 2391} | ret=SUCCESS |  
2019-08-23 18:29:01,210 | INFO  | DNAudit | user=null | ip=null | op=WRITE_CHUNK {blockData=conID: 1 locID: 102667710703665661 bcsId: 2391} | ret=SUCCESS |  
2019-08-23 18:29:01,220 | INFO  | DNAudit | user=null | ip=null | op=WRITE_CHUNK {blockData=conID: 1 locID: 102667710703665661 bcsId: 2391} | ret=SUCCESS |  
2019-08-23 18:29:01,220 | INFO  | DNAudit | user=null | ip=null | op=PUT_BLOCK {blockData=[blockId=conID: 1 locID: 102667710703665661 bcsId: 0,size=4194304]} | ret=SUCCESS |  
2019-08-23 18:29:01,220 [grpc-default-executor-0] INFO  client.GrpcClientProtocolClient (GrpcClientProtocolClient.java:onNext(255)) - client-19C32667576E->48affcab-e6e4-4602-963a-f6a50efbd54c: receive RaftClientReply:client-19C32667576E->48affcab-e6e4-4602-963a-f6a50efbd54c@group-50C56EAF5137, cid=1656, SUCCESS, logIndex=2394, commits[48affcab-e6e4-4602-963a-f6a50efbd54c:c2395, 7e391b60-07ae-4d97-a027-4756e468c032:c2393, c5f86d96-67df-4f25-bde3-316f439d30b3:c2393]
2019-08-23 18:29:01,221 [grpc-default-executor-0] INFO  client.GrpcClientProtocolClient (GrpcClientProtocolClient.java:onNext(255)) - client-19C32667576E->48affcab-e6e4-4602-963a-f6a50efbd54c: receive RaftClientReply:client-19C32667576E->48affcab-e6e4-4602-963a-f6a50efbd54c@group-50C56EAF5137, cid=1657, SUCCESS, logIndex=2395, commits[48affcab-e6e4-4602-963a-f6a50efbd54c:c2395, 7e391b60-07ae-4d97-a027-4756e468c032:c2393, c5f86d96-67df-4f25-bde3-316f439d30b3:c2393]
2019-08-23 18:29:01,222 | INFO  | DNAudit | user=null | ip=null | op=WRITE_CHUNK {blockData=conID: 1 locID: 102667710703665661 bcsId: 2391} | ret=SUCCESS |  
2019-08-23 18:29:01,222 | INFO  | DNAudit | user=null | ip=null | op=WRITE_CHUNK {blockData=conID: 1 locID: 102667710703665661 bcsId: 2391} | ret=SUCCESS |  
2019-08-23 18:29:01,223 | INFO  | DNAudit | user=null | ip=null | op=PUT_BLOCK {blockData=[blockId=conID: 1 locID: 102667710703665661 bcsId: 0,size=4194304]} | ret=SUCCESS |  
2019-08-23 18:29:01,223 | INFO  | DNAudit | user=null | ip=null | op=PUT_BLOCK {blockData=[blockId=conID: 1 locID: 102667710703665661 bcsId: 0,size=4194304]} | ret=SUCCESS |  
2019-08-23 18:29:01,224 [grpc-default-executor-0] INFO  client.GrpcClientProtocolClient (GrpcClientProtocolClient.java:onNext(255)) - client-19C32667576E->48affcab-e6e4-4602-963a-f6a50efbd54c: receive RaftClientReply:client-19C32667576E->48affcab-e6e4-4602-963a-f6a50efbd54c@group-50C56EAF5137, cid=1658, SUCCESS, logIndex=0, commits[48affcab-e6e4-4602-963a-f6a50efbd54c:c2397, 7e391b60-07ae-4d97-a027-4756e468c032:c2395, c5f86d96-67df-4f25-bde3-316f439d30b3:c2395]
2019-08-23 18:29:01,228 | INFO  | SCMAudit | user=jenkins1000 | ip=192.168.34.23 | op=ALLOCATE_BLOCK {owner=1ceb8b80-28f1-43fd-86c3-175afc07b8d1, size=4194304, type=RATIS, factor=THREE} | ret=SUCCESS |  
2019-08-23 18:29:01,230 | INFO  | OMAudit | user=jenkins1000 | ip=127.0.0.1 | op=ALLOCATE_BLOCK {volume=vol-0-45438, bucket=bucket-0-23891, key=key-0-22455, dataSize=0, replicationType=null, replicationFactor=null, keyLocationInfo=null, clientID=102667710122492306} | ret=SUCCESS |  
2019-08-23 18:29:01,236 | INFO  | DNAudit | user=null | ip=null | op=WRITE_CHUNK {blockData=conID: 2 locID: 102667710708318718 bcsId: 0} | ret=SUCCESS |  
2019-08-23 18:29:01,238 | INFO  | DNAudit | user=null | ip=null | op=WRITE_CHUNK {blockData=conID: 2 locID: 102667710708318718 bcsId: 0} | ret=SUCCESS |  
2019-08-23 18:29:01,239 | INFO  | DNAudit | user=null | ip=null | op=WRITE_CHUNK {blockData=conID: 2 locID: 102667710708318718 bcsId: 0} | ret=SUCCESS |  
2019-08-23 18:29:01,239 | INFO  | DNAudit | user=null | ip=null | op=WRITE_CHUNK {blockData=conID: 2 locID: 102667710708318718 bcsId: 0} | ret=SUCCESS |  
2019-08-23 18:29:01,241 | INFO  | DNAudit | user=null | ip=null | op=WRITE_CHUNK {blockData=conID: 2 locID: 102667710708318718 bcsId: 0} | ret=SUCCESS |  
2019-08-23 18:29:01,241 | INFO  | DNAudit | user=null | ip=null | op=WRITE_CHUNK {blockData=conID: 2 locID: 102667710708318718 bcsId: 0} | ret=SUCCESS |  
2019-08-23 18:29:01,241 | INFO  | DNAudit | user=null | ip=null | op=WRITE_CHUNK {blockData=conID: 2 locID: 102667710708318718 bcsId: 0} | ret=SUCCESS |  
2019-08-23 18:29:01,242 | INFO  | DNAudit | user=null | ip=null | op=PUT_BLOCK {blockData=[blockId=conID: 2 locID: 102667710708318718 bcsId: 0,size=1048576]} | ret=SUCCESS |  
2019-08-23 18:29:01,242 [grpc-default-executor-4] INFO  client.GrpcClientProtocolClient (GrpcClientProtocolClient.java:onNext(255)) - client-19C32667576E->48affcab-e6e4-4602-963a-f6a50efbd54c: receive RaftClientReply:client-19C32667576E->48affcab-e6e4-4602-963a-f6a50efbd54c@group-50C56EAF5137, cid=1659, SUCCESS, logIndex=2398, commits[48affcab-e6e4-4602-963a-f6a50efbd54c:c2399, 7e391b60-07ae-4d97-a027-4756e468c032:c2395, c5f86d96-67df-4f25-bde3-316f439d30b3:c2397]
2019-08-23 18:29:01,243 [grpc-default-executor-5] INFO  client.GrpcClientProtocolClient (GrpcClientProtocolClient.java:onNext(255)) - client-19C32667576E->48affcab-e6e4-4602-963a-f6a50efbd54c: receive RaftClientReply:client-19C32667576E->48affcab-e6e4-4602-963a-f6a50efbd54c@group-50C56EAF5137, cid=1660, SUCCESS, logIndex=2399, commits[48affcab-e6e4-4602-963a-f6a50efbd54c:c2399, 7e391b60-07ae-4d97-a027-4756e468c032:c2395, c5f86d96-67df-4f25-bde3-316f439d30b3:c2397]
2019-08-23 18:29:01,243 | INFO  | DNAudit | user=null | ip=null | op=WRITE_CHUNK {blockData=conID: 2 locID: 102667710708318718 bcsId: 0} | ret=SUCCESS |  
2019-08-23 18:29:01,244 | INFO  | DNAudit | user=null | ip=null | op=PUT_BLOCK {blockData=[blockId=conID: 2 locID: 102667710708318718 bcsId: 0,size=2097152]} | ret=SUCCESS |  
2019-08-23 18:29:01,244 [grpc-default-executor-3] INFO  client.GrpcClientProtocolClient (GrpcClientProtocolClient.java:onNext(255)) - client-19C32667576E->48affcab-e6e4-4602-963a-f6a50efbd54c: receive RaftClientReply:client-19C32667576E->48affcab-e6e4-4602-963a-f6a50efbd54c@group-50C56EAF5137, cid=1661, SUCCESS, logIndex=2400, commits[48affcab-e6e4-4602-963a-f6a50efbd54c:c2401, 7e391b60-07ae-4d97-a027-4756e468c032:c2397, c5f86d96-67df-4f25-bde3-316f439d30b3:c2397]
2019-08-23 18:29:01,244 | INFO  | DNAudit | user=null | ip=null | op=WRITE_CHUNK {blockData=conID: 2 locID: 102667710708318718 bcsId: 0} | ret=SUCCESS |  
2019-08-23 18:29:01,244 [grpc-default-executor-3] INFO  client.GrpcClientProtocolClient (GrpcClientProtocolClient.java:onNext(255)) - client-19C32667576E->48affcab-e6e4-4602-963a-f6a50efbd54c: receive RaftClientReply:client-19C32667576E->48affcab-e6e4-4602-963a-f6a50efbd54c@group-50C56EAF5137, cid=1662, SUCCESS, logIndex=2401, commits[48affcab-e6e4-4602-963a-f6a50efbd54c:c2401, 7e391b60-07ae-4d97-a027-4756e468c032:c2397, c5f86d96-67df-4f25-bde3-316f439d30b3:c2397]
2019-08-23 18:29:01,244 | INFO  | DNAudit | user=null | ip=null | op=PUT_BLOCK {blockData=[blockId=conID: 2 locID: 102667710708318718 bcsId: 0,size=1048576]} | ret=SUCCESS |  
2019-08-23 18:29:01,245 | INFO  | DNAudit | user=null | ip=null | op=WRITE_CHUNK {blockData=conID: 2 locID: 102667710708318718 bcsId: 0} | ret=SUCCESS |  
2019-08-23 18:29:01,245 | INFO  | DNAudit | user=null | ip=null | op=PUT_BLOCK {blockData=[blockId=conID: 2 locID: 102667710708318718 bcsId: 0,size=1048576]} | ret=SUCCESS |  
2019-08-23 18:29:01,245 | INFO  | DNAudit | user=null | ip=null | op=WRITE_CHUNK {blockData=conID: 2 locID: 102667710708318718 bcsId: 0} | ret=SUCCESS |  
2019-08-23 18:29:01,245 [grpc-default-executor-3] INFO  client.GrpcClientProtocolClient (GrpcClientProtocolClient.java:onNext(255)) - client-19C32667576E->48affcab-e6e4-4602-963a-f6a50efbd54c: receive RaftClientReply:client-19C32667576E->48affcab-e6e4-4602-963a-f6a50efbd54c@group-50C56EAF5137, cid=1663, SUCCESS, logIndex=0, commits[48affcab-e6e4-4602-963a-f6a50efbd54c:c2403, 7e391b60-07ae-4d97-a027-4756e468c032:c2399, c5f86d96-67df-4f25-bde3-316f439d30b3:c2399]
2019-08-23 18:29:01,245 | INFO  | DNAudit | user=null | ip=null | op=PUT_BLOCK {blockData=[blockId=conID: 2 locID: 102667710708318718 bcsId: 0,size=2097152]} | ret=SUCCESS |  
2019-08-23 18:29:01,246 | INFO  | DNAudit | user=null | ip=null | op=WRITE_CHUNK {blockData=conID: 2 locID: 102667710708318718 bcsId: 0} | ret=SUCCESS |  
2019-08-23 18:29:01,246 | INFO  | DNAudit | user=null | ip=null | op=PUT_BLOCK {blockData=[blockId=conID: 2 locID: 102667710708318718 bcsId: 0,size=2097152]} | ret=SUCCESS |  
2019-08-23 18:29:01,251 | INFO  | DNAudit | user=null | ip=null | op=WRITE_CHUNK {blockData=conID: 2 locID: 102667710708318718 bcsId: 2401} | ret=SUCCESS |  
2019-08-23 18:29:01,253 | INFO  | DNAudit | user=null | ip=null | op=WRITE_CHUNK {blockData=conID: 2 locID: 102667710708318718 bcsId: 2401} | ret=SUCCESS |  
2019-08-23 18:29:01,253 | INFO  | DNAudit | user=null | ip=null | op=WRITE_CHUNK {blockData=conID: 2 locID: 102667710708318718 bcsId: 2401} | ret=SUCCESS |  
2019-08-23 18:29:01,256 | INFO  | DNAudit | user=null | ip=null | op=WRITE_CHUNK {blockData=conID: 2 locID: 102667710708318718 bcsId: 2401} | ret=SUCCESS |  
2019-08-23 18:29:01,256 | INFO  | DNAudit | user=null | ip=null | op=PUT_BLOCK {blockData=[blockId=conID: 2 locID: 102667710708318718 bcsId: 0,size=3145728]} | ret=SUCCESS |  
2019-08-23 18:29:01,256 [grpc-default-executor-4] INFO  client.GrpcClientProtocolClient (GrpcClientProtocolClient.java:onNext(255)) - client-19C32667576E->48affcab-e6e4-4602-963a-f6a50efbd54c: receive RaftClientReply:client-19C32667576E->48affcab-e6e4-4602-963a-f6a50efbd54c@group-50C56EAF5137, cid=1664, SUCCESS, logIndex=2406, commits[48affcab-e6e4-4602-963a-f6a50efbd54c:c2407, 7e391b60-07ae-4d97-a027-4756e468c032:c2405, c5f86d96-67df-4f25-bde3-316f439d30b3:c2401]
2019-08-23 18:29:01,257 [grpc-default-executor-4] INFO  client.GrpcClientProtocolClient (GrpcClientProtocolClient.java:onNext(255)) - client-19C32667576E->48affcab-e6e4-4602-963a-f6a50efbd54c: receive RaftClientReply:client-19C32667576E->48affcab-e6e4-4602-963a-f6a50efbd54c@group-50C56EAF5137, cid=1665, SUCCESS, logIndex=2407, commits[48affcab-e6e4-4602-963a-f6a50efbd54c:c2407, 7e391b60-07ae-4d97-a027-4756e468c032:c2405, c5f86d96-67df-4f25-bde3-316f439d30b3:c2405]
2019-08-23 18:29:01,257 | INFO  | DNAudit | user=null | ip=null | op=WRITE_CHUNK {blockData=conID: 2 locID: 102667710708318718 bcsId: 2401} | ret=SUCCESS |  
2019-08-23 18:29:01,257 | INFO  | DNAudit | user=null | ip=null | op=WRITE_CHUNK {blockData=conID: 2 locID: 102667710708318718 bcsId: 2401} | ret=SUCCESS |  
2019-08-23 18:29:01,258 | INFO  | DNAudit | user=null | ip=null | op=PUT_BLOCK {blockData=[blockId=conID: 2 locID: 102667710708318718 bcsId: 0,size=3145728]} | ret=SUCCESS |  
2019-08-23 18:29:01,258 | INFO  | DNAudit | user=null | ip=null | op=PUT_BLOCK {blockData=[blockId=conID: 2 locID: 102667710708318718 bcsId: 0,size=3145728]} | ret=SUCCESS |  
2019-08-23 18:29:01,263 | INFO  | DNAudit | user=null | ip=null | op=WRITE_CHUNK {blockData=conID: 2 locID: 102667710708318718 bcsId: 2407} | ret=SUCCESS |  
2019-08-23 18:29:01,264 | INFO  | DNAudit | user=null | ip=null | op=WRITE_CHUNK {blockData=conID: 2 locID: 102667710708318718 bcsId: 2407} | ret=SUCCESS |  
2019-08-23 18:29:01,264 | INFO  | DNAudit | user=null | ip=null | op=WRITE_CHUNK {blockData=conID: 2 locID: 102667710708318718 bcsId: 2407} | ret=SUCCESS |  
2019-08-23 18:29:01,282 | INFO  | DNAudit | user=null | ip=null | op=WRITE_CHUNK {blockData=conID: 2 locID: 102667710708318718 bcsId: 2407} | ret=SUCCESS |  
2019-08-23 18:29:01,282 | INFO  | DNAudit | user=null | ip=null | op=PUT_BLOCK {blockData=[blockId=conID: 2 locID: 102667710708318718 bcsId: 0,size=4194304]} | ret=SUCCESS |  
2019-08-23 18:29:01,282 [grpc-default-executor-5] INFO  client.GrpcClientProtocolClient (GrpcClientProtocolClient.java:onNext(255)) - client-19C32667576E->48affcab-e6e4-4602-963a-f6a50efbd54c: receive RaftClientReply:client-19C32667576E->48affcab-e6e4-4602-963a-f6a50efbd54c@group-50C56EAF5137, cid=1666, SUCCESS, logIndex=2410, commits[48affcab-e6e4-4602-963a-f6a50efbd54c:c2411, 7e391b60-07ae-4d97-a027-4756e468c032:c2409, c5f86d96-67df-4f25-bde3-316f439d30b3:c2409]
2019-08-23 18:29:01,283 [grpc-default-executor-5] INFO  client.GrpcClientProtocolClient (GrpcClientProtocolClient.java:onNext(255)) - client-19C32667576E->48affcab-e6e4-4602-963a-f6a50efbd54c: receive RaftClientReply:client-19C32667576E->48affcab-e6e4-4602-963a-f6a50efbd54c@group-50C56EAF5137, cid=1667, SUCCESS, logIndex=2411, commits[48affcab-e6e4-4602-963a-f6a50efbd54c:c2411, 7e391b60-07ae-4d97-a027-4756e468c032:c2409, c5f86d96-67df-4f25-bde3-316f439d30b3:c2409]
2019-08-23 18:29:01,293 | INFO  | DNAudit | user=null | ip=null | op=WRITE_CHUNK {blockData=conID: 2 locID: 102667710708318718 bcsId: 2407} | ret=SUCCESS |  
2019-08-23 18:29:01,293 | INFO  | DNAudit | user=null | ip=null | op=WRITE_CHUNK {blockData=conID: 2 locID: 102667710708318718 bcsId: 2407} | ret=SUCCESS |  
2019-08-23 18:29:01,295 | INFO  | DNAudit | user=null | ip=null | op=PUT_BLOCK {blockData=[blockId=conID: 2 locID: 102667710708318718 bcsId: 0,size=4194304]} | ret=SUCCESS |  
2019-08-23 18:29:01,295 | INFO  | DNAudit | user=null | ip=null | op=PUT_BLOCK {blockData=[blockId=conID: 2 locID: 102667710708318718 bcsId: 0,size=4194304]} | ret=SUCCESS |  
2019-08-23 18:29:01,295 [grpc-default-executor-5] INFO  client.GrpcClientProtocolClient (GrpcClientProtocolClient.java:onNext(255)) - client-19C32667576E->48affcab-e6e4-4602-963a-f6a50efbd54c: receive RaftClientReply:client-19C32667576E->48affcab-e6e4-4602-963a-f6a50efbd54c@group-50C56EAF5137, cid=1668, SUCCESS, logIndex=0, commits[48affcab-e6e4-4602-963a-f6a50efbd54c:c2413, 7e391b60-07ae-4d97-a027-4756e468c032:c2411, c5f86d96-67df-4f25-bde3-316f439d30b3:c2411]
2019-08-23 18:29:01,299 | INFO  | SCMAudit | user=jenkins1000 | ip=192.168.34.23 | op=ALLOCATE_BLOCK {owner=1ceb8b80-28f1-43fd-86c3-175afc07b8d1, size=4194304, type=RATIS, factor=THREE} | ret=SUCCESS |  
2019-08-23 18:29:01,301 | INFO  | OMAudit | user=jenkins1000 | ip=127.0.0.1 | op=ALLOCATE_BLOCK {volume=vol-0-45438, bucket=bucket-0-23891, key=key-0-22455, dataSize=0, replicationType=null, replicationFactor=null, keyLocationInfo=null, clientID=102667710122492306} | ret=SUCCESS |  
2019-08-23 18:29:01,301 | INFO  | SCMAudit | user=jenkins1000 | ip=192.168.34.23 | op=SEND_HEARTBEAT {datanodeUUID=c83cddd0-22b5-491d-bff0-a36373498de2, command=[]} | ret=SUCCESS |  
2019-08-23 18:29:01,307 | INFO  | DNAudit | user=null | ip=null | op=WRITE_CHUNK {blockData=conID: 3 locID: 102667710712971775 bcsId: 0} | ret=SUCCESS |  
2019-08-23 18:29:01,310 | INFO  | DNAudit | user=null | ip=null | op=WRITE_CHUNK {blockData=conID: 3 locID: 102667710712971775 bcsId: 0} | ret=SUCCESS |  
2019-08-23 18:29:01,310 | INFO  | DNAudit | user=null | ip=null | op=WRITE_CHUNK {blockData=conID: 3 locID: 102667710712971775 bcsId: 0} | ret=SUCCESS |  
2019-08-23 18:29:01,310 | INFO  | DNAudit | user=null | ip=null | op=WRITE_CHUNK {blockData=conID: 3 locID: 102667710712971775 bcsId: 0} | ret=SUCCESS |  
2019-08-23 18:29:01,311 | INFO  | DNAudit | user=null | ip=null | op=WRITE_CHUNK {blockData=conID: 3 locID: 102667710712971775 bcsId: 0} | ret=SUCCESS |  
2019-08-23 18:29:01,312 | INFO  | DNAudit | user=null | ip=null | op=WRITE_CHUNK {blockData=conID: 3 locID: 102667710712971775 bcsId: 0} | ret=SUCCESS |  
2019-08-23 18:29:01,320 | INFO  | DNAudit | user=null | ip=null | op=WRITE_CHUNK {blockData=conID: 3 locID: 102667710712971775 bcsId: 0} | ret=SUCCESS |  
2019-08-23 18:29:01,320 | INFO  | DNAudit | user=null | ip=null | op=PUT_BLOCK {blockData=[blockId=conID: 3 locID: 102667710712971775 bcsId: 0,size=1048576]} | ret=SUCCESS |  
2019-08-23 18:29:01,320 [grpc-default-executor-3] INFO  client.GrpcClientProtocolClient (GrpcClientProtocolClient.java:onNext(255)) - client-19C32667576E->48affcab-e6e4-4602-963a-f6a50efbd54c: receive RaftClientReply:client-19C32667576E->48affcab-e6e4-4602-963a-f6a50efbd54c@group-50C56EAF5137, cid=1669, SUCCESS, logIndex=2414, commits[48affcab-e6e4-4602-963a-f6a50efbd54c:c2415, 7e391b60-07ae-4d97-a027-4756e468c032:c2413, c5f86d96-67df-4f25-bde3-316f439d30b3:c2413]
2019-08-23 18:29:01,321 [grpc-default-executor-3] INFO  client.GrpcClientProtocolClient (GrpcClientProtocolClient.java:onNext(255)) - client-19C32667576E->48affcab-e6e4-4602-963a-f6a50efbd54c: receive RaftClientReply:client-19C32667576E->48affcab-e6e4-4602-963a-f6a50efbd54c@group-50C56EAF5137, cid=1670, SUCCESS, logIndex=2415, commits[48affcab-e6e4-4602-963a-f6a50efbd54c:c2415, 7e391b60-07ae-4d97-a027-4756e468c032:c2413, c5f86d96-67df-4f25-bde3-316f439d30b3:c2413]
2019-08-23 18:29:01,321 | INFO  | DNAudit | user=null | ip=null | op=WRITE_CHUNK {blockData=conID: 3 locID: 102667710712971775 bcsId: 0} | ret=SUCCESS |  
2019-08-23 18:29:01,321 | INFO  | DNAudit | user=null | ip=null | op=PUT_BLOCK {blockData=[blockId=conID: 3 locID: 102667710712971775 bcsId: 0,size=2097152]} | ret=SUCCESS |  
2019-08-23 18:29:01,322 [grpc-default-executor-4] INFO  client.GrpcClientProtocolClient (GrpcClientProtocolClient.java:onNext(255)) - client-19C32667576E->48affcab-e6e4-4602-963a-f6a50efbd54c: receive RaftClientReply:client-19C32667576E->48affcab-e6e4-4602-963a-f6a50efbd54c@group-50C56EAF5137, cid=1671, SUCCESS, logIndex=2416, commits[48affcab-e6e4-4602-963a-f6a50efbd54c:c2417, 7e391b60-07ae-4d97-a027-4756e468c032:c2413, c5f86d96-67df-4f25-bde3-316f439d30b3:c2413]
2019-08-23 18:29:01,322 | INFO  | DNAudit | user=null | ip=null | op=WRITE_CHUNK {blockData=conID: 3 locID: 102667710712971775 bcsId: 0} | ret=SUCCESS |  
2019-08-23 18:29:01,322 [grpc-default-executor-4] INFO  client.GrpcClientProtocolClient (GrpcClientProtocolClient.java:onNext(255)) - client-19C32667576E->48affcab-e6e4-4602-963a-f6a50efbd54c: receive RaftClientReply:client-19C32667576E->48affcab-e6e4-4602-963a-f6a50efbd54c@group-50C56EAF5137, cid=1672, SUCCESS, logIndex=2417, commits[48affcab-e6e4-4602-963a-f6a50efbd54c:c2417, 7e391b60-07ae-4d97-a027-4756e468c032:c2413, c5f86d96-67df-4f25-bde3-316f439d30b3:c2413]
2019-08-23 18:29:01,322 | INFO  | DNAudit | user=null | ip=null | op=WRITE_CHUNK {blockData=conID: 3 locID: 102667710712971775 bcsId: 0} | ret=SUCCESS |  
2019-08-23 18:29:01,322 | INFO  | DNAudit | user=null | ip=null | op=PUT_BLOCK {blockData=[blockId=conID: 3 locID: 102667710712971775 bcsId: 0,size=1048576]} | ret=SUCCESS |  
2019-08-23 18:29:01,322 | INFO  | DNAudit | user=null | ip=null | op=PUT_BLOCK {blockData=[blockId=conID: 3 locID: 102667710712971775 bcsId: 0,size=1048576]} | ret=SUCCESS |  
2019-08-23 18:29:01,323 | INFO  | DNAudit | user=null | ip=null | op=WRITE_CHUNK {blockData=conID: 3 locID: 102667710712971775 bcsId: 0} | ret=SUCCESS |  
2019-08-23 18:29:01,323 | INFO  | DNAudit | user=null | ip=null | op=WRITE_CHUNK {blockData=conID: 3 locID: 102667710712971775 bcsId: 0} | ret=SUCCESS |  
2019-08-23 18:29:01,323 [grpc-default-executor-4] INFO  client.GrpcClientProtocolClient (GrpcClientProtocolClient.java:onNext(255)) - client-19C32667576E->48affcab-e6e4-4602-963a-f6a50efbd54c: receive RaftClientReply:client-19C32667576E->48affcab-e6e4-4602-963a-f6a50efbd54c@group-50C56EAF5137, cid=1673, SUCCESS, logIndex=0, commits[48affcab-e6e4-4602-963a-f6a50efbd54c:c2419, 7e391b60-07ae-4d97-a027-4756e468c032:c2415, c5f86d96-67df-4f25-bde3-316f439d30b3:c2415]
2019-08-23 18:29:01,323 | INFO  | DNAudit | user=null | ip=null | op=PUT_BLOCK {blockData=[blockId=conID: 3 locID: 102667710712971775 bcsId: 0,size=2097152]} | ret=SUCCESS |  
2019-08-23 18:29:01,323 | INFO  | DNAudit | user=null | ip=null | op=PUT_BLOCK {blockData=[blockId=conID: 3 locID: 102667710712971775 bcsId: 0,size=2097152]} | ret=SUCCESS |  
2019-08-23 18:29:01,328 | INFO  | DNAudit | user=null | ip=null | op=WRITE_CHUNK {blockData=conID: 3 locID: 102667710712971775 bcsId: 2417} | ret=SUCCESS |  
2019-08-23 18:29:01,331 | INFO  | DNAudit | user=null | ip=null | op=WRITE_CHUNK {blockData=conID: 3 locID: 102667710712971775 bcsId: 2417} | ret=SUCCESS |  
2019-08-23 18:29:01,332 | INFO  | DNAudit | user=null | ip=null | op=WRITE_CHUNK {blockData=conID: 3 locID: 102667710712971775 bcsId: 2417} | ret=SUCCESS |  
2019-08-23 18:29:01,341 | INFO  | DNAudit | user=null | ip=null | op=WRITE_CHUNK {blockData=conID: 3 locID: 102667710712971775 bcsId: 2417} | ret=SUCCESS |  
2019-08-23 18:29:01,341 | INFO  | DNAudit | user=null | ip=null | op=PUT_BLOCK {blockData=[blockId=conID: 3 locID: 102667710712971775 bcsId: 0,size=3145728]} | ret=SUCCESS |  
2019-08-23 18:29:01,344 [grpc-default-executor-3] INFO  client.GrpcClientProtocolClient (GrpcClientProtocolClient.java:onNext(255)) - client-19C32667576E->48affcab-e6e4-4602-963a-f6a50efbd54c: receive RaftClientReply:client-19C32667576E->48affcab-e6e4-4602-963a-f6a50efbd54c@group-50C56EAF5137, cid=1674, SUCCESS, logIndex=2422, commits[48affcab-e6e4-4602-963a-f6a50efbd54c:c2423, 7e391b60-07ae-4d97-a027-4756e468c032:c2421, c5f86d96-67df-4f25-bde3-316f439d30b3:c2421]
2019-08-23 18:29:01,344 [grpc-default-executor-3] INFO  client.GrpcClientProtocolClient (GrpcClientProtocolClient.java:onNext(255)) - client-19C32667576E->48affcab-e6e4-4602-963a-f6a50efbd54c: receive RaftClientReply:client-19C32667576E->48affcab-e6e4-4602-963a-f6a50efbd54c@group-50C56EAF5137, cid=1675, SUCCESS, logIndex=2423, commits[48affcab-e6e4-4602-963a-f6a50efbd54c:c2423, 7e391b60-07ae-4d97-a027-4756e468c032:c2421, c5f86d96-67df-4f25-bde3-316f439d30b3:c2421]
2019-08-23 18:29:01,351 | INFO  | DNAudit | user=null | ip=null | op=WRITE_CHUNK {blockData=conID: 3 locID: 102667710712971775 bcsId: 2423} | ret=SUCCESS |  
2019-08-23 18:29:01,352 | INFO  | DNAudit | user=null | ip=null | op=WRITE_CHUNK {blockData=conID: 3 locID: 102667710712971775 bcsId: 2417} | ret=SUCCESS |  
2019-08-23 18:29:01,353 | INFO  | DNAudit | user=null | ip=null | op=WRITE_CHUNK {blockData=conID: 3 locID: 102667710712971775 bcsId: 2417} | ret=SUCCESS |  
2019-08-23 18:29:01,353 | INFO  | DNAudit | user=null | ip=null | op=PUT_BLOCK {blockData=[blockId=conID: 3 locID: 102667710712971775 bcsId: 0,size=3145728]} | ret=SUCCESS |  
2019-08-23 18:29:01,353 | INFO  | DNAudit | user=null | ip=null | op=PUT_BLOCK {blockData=[blockId=conID: 3 locID: 102667710712971775 bcsId: 0,size=3145728]} | ret=SUCCESS |  
2019-08-23 18:29:01,355 | INFO  | DNAudit | user=null | ip=null | op=WRITE_CHUNK {blockData=conID: 3 locID: 102667710712971775 bcsId: 2423} | ret=SUCCESS |  
2019-08-23 18:29:01,355 | INFO  | DNAudit | user=null | ip=null | op=WRITE_CHUNK {blockData=conID: 3 locID: 102667710712971775 bcsId: 2423} | ret=SUCCESS |  
2019-08-23 18:29:01,367 | INFO  | DNAudit | user=null | ip=null | op=WRITE_CHUNK {blockData=conID: 3 locID: 102667710712971775 bcsId: 2423} | ret=SUCCESS |  
2019-08-23 18:29:01,367 | INFO  | DNAudit | user=null | ip=null | op=PUT_BLOCK {blockData=[blockId=conID: 3 locID: 102667710712971775 bcsId: 0,size=4194304]} | ret=SUCCESS |  
2019-08-23 18:29:01,367 [grpc-default-executor-0] INFO  client.GrpcClientProtocolClient (GrpcClientProtocolClient.java:onNext(255)) - client-19C32667576E->48affcab-e6e4-4602-963a-f6a50efbd54c: receive RaftClientReply:client-19C32667576E->48affcab-e6e4-4602-963a-f6a50efbd54c@group-50C56EAF5137, cid=1676, SUCCESS, logIndex=2426, commits[48affcab-e6e4-4602-963a-f6a50efbd54c:c2427, 7e391b60-07ae-4d97-a027-4756e468c032:c2423, c5f86d96-67df-4f25-bde3-316f439d30b3:c2423]
2019-08-23 18:29:01,368 | INFO  | DNAudit | user=null | ip=null | op=WRITE_CHUNK {blockData=conID: 3 locID: 102667710712971775 bcsId: 2423} | ret=SUCCESS |  
2019-08-23 18:29:01,368 | INFO  | DNAudit | user=null | ip=null | op=WRITE_CHUNK {blockData=conID: 3 locID: 102667710712971775 bcsId: 2423} | ret=SUCCESS |  
2019-08-23 18:29:01,368 [grpc-default-executor-0] INFO  client.GrpcClientProtocolClient (GrpcClientProtocolClient.java:onNext(255)) - client-19C32667576E->48affcab-e6e4-4602-963a-f6a50efbd54c: receive RaftClientReply:client-19C32667576E->48affcab-e6e4-4602-963a-f6a50efbd54c@group-50C56EAF5137, cid=1677, SUCCESS, logIndex=2427, commits[48affcab-e6e4-4602-963a-f6a50efbd54c:c2427, 7e391b60-07ae-4d97-a027-4756e468c032:c2423, c5f86d96-67df-4f25-bde3-316f439d30b3:c2423]
2019-08-23 18:29:01,368 | INFO  | DNAudit | user=null | ip=null | op=PUT_BLOCK {blockData=[blockId=conID: 3 locID: 102667710712971775 bcsId: 0,size=4194304]} | ret=SUCCESS |  
2019-08-23 18:29:01,368 | INFO  | DNAudit | user=null | ip=null | op=PUT_BLOCK {blockData=[blockId=conID: 3 locID: 102667710712971775 bcsId: 0,size=4194304]} | ret=SUCCESS |  
2019-08-23 18:29:01,369 [grpc-default-executor-0] INFO  client.GrpcClientProtocolClient (GrpcClientProtocolClient.java:onNext(255)) - client-19C32667576E->48affcab-e6e4-4602-963a-f6a50efbd54c: receive RaftClientReply:client-19C32667576E->48affcab-e6e4-4602-963a-f6a50efbd54c@group-50C56EAF5137, cid=1678, SUCCESS, logIndex=0, commits[48affcab-e6e4-4602-963a-f6a50efbd54c:c2428, 7e391b60-07ae-4d97-a027-4756e468c032:c2427, c5f86d96-67df-4f25-bde3-316f439d30b3:c2427]
2019-08-23 18:29:01,373 | INFO  | SCMAudit | user=jenkins1000 | ip=192.168.34.23 | op=ALLOCATE_BLOCK {owner=1ceb8b80-28f1-43fd-86c3-175afc07b8d1, size=4194304, type=RATIS, factor=THREE} | ret=SUCCESS |  
2019-08-23 18:29:01,375 | INFO  | OMAudit | user=jenkins1000 | ip=127.0.0.1 | op=ALLOCATE_BLOCK {volume=vol-0-45438, bucket=bucket-0-23891, key=key-0-22455, dataSize=0, replicationType=null, replicationFactor=null, keyLocationInfo=null, clientID=102667710122492306} | ret=SUCCESS |  
2019-08-23 18:29:01,383 | INFO  | DNAudit | user=null | ip=null | op=WRITE_CHUNK {blockData=conID: 1 locID: 102667710717821440 bcsId: 0} | ret=SUCCESS |  
2019-08-23 18:29:01,385 | INFO  | DNAudit | user=null | ip=null | op=WRITE_CHUNK {blockData=conID: 1 locID: 102667710717821440 bcsId: 0} | ret=SUCCESS |  
2019-08-23 18:29:01,386 | INFO  | DNAudit | user=null | ip=null | op=WRITE_CHUNK {blockData=conID: 1 locID: 102667710717821440 bcsId: 0} | ret=SUCCESS |  
2019-08-23 18:29:01,386 | INFO  | DNAudit | user=null | ip=null | op=WRITE_CHUNK {blockData=conID: 1 locID: 102667710717821440 bcsId: 0} | ret=SUCCESS |  
2019-08-23 18:29:01,387 | INFO  | DNAudit | user=null | ip=null | op=WRITE_CHUNK {blockData=conID: 1 locID: 102667710717821440 bcsId: 0} | ret=SUCCESS |  
2019-08-23 18:29:01,387 | INFO  | DNAudit | user=null | ip=null | op=WRITE_CHUNK {blockData=conID: 1 locID: 102667710717821440 bcsId: 0} | ret=SUCCESS |  
2019-08-23 18:29:01,395 | INFO  | DNAudit | user=null | ip=null | op=WRITE_CHUNK {blockData=conID: 1 locID: 102667710717821440 bcsId: 0} | ret=SUCCESS |  
2019-08-23 18:29:01,396 | INFO  | DNAudit | user=null | ip=null | op=PUT_BLOCK {blockData=[blockId=conID: 1 locID: 102667710717821440 bcsId: 0,size=1048576]} | ret=SUCCESS |  
2019-08-23 18:29:01,396 | INFO  | DNAudit | user=null | ip=null | op=WRITE_CHUNK {blockData=conID: 1 locID: 102667710717821440 bcsId: 0} | ret=SUCCESS |  
2019-08-23 18:29:01,396 [grpc-default-executor-0] INFO  client.GrpcClientProtocolClient (GrpcClientProtocolClient.java:onNext(255)) - client-19C32667576E->48affcab-e6e4-4602-963a-f6a50efbd54c: receive RaftClientReply:client-19C32667576E->48affcab-e6e4-4602-963a-f6a50efbd54c@group-50C56EAF5137, cid=1679, SUCCESS, logIndex=2430, commits[48affcab-e6e4-4602-963a-f6a50efbd54c:c2433, 7e391b60-07ae-4d97-a027-4756e468c032:c2429, c5f86d96-67df-4f25-bde3-316f439d30b3:c2429]
2019-08-23 18:29:01,396 | INFO  | DNAudit | user=null | ip=null | op=PUT_BLOCK {blockData=[blockId=conID: 1 locID: 102667710717821440 bcsId: 0,size=2097152]} | ret=SUCCESS |  
2019-08-23 18:29:01,397 | INFO  | DNAudit | user=null | ip=null | op=WRITE_CHUNK {blockData=conID: 1 locID: 102667710717821440 bcsId: 0} | ret=SUCCESS |  
2019-08-23 18:29:01,397 | INFO  | DNAudit | user=null | ip=null | op=WRITE_CHUNK {blockData=conID: 1 locID: 102667710717821440 bcsId: 0} | ret=SUCCESS |  
2019-08-23 18:29:01,397 [grpc-default-executor-0] INFO  client.GrpcClientProtocolClient (GrpcClientProtocolClient.java:onNext(255)) - client-19C32667576E->48affcab-e6e4-4602-963a-f6a50efbd54c: receive RaftClientReply:client-19C32667576E->48affcab-e6e4-4602-963a-f6a50efbd54c@group-50C56EAF5137, cid=1680, SUCCESS, logIndex=2431, commits[48affcab-e6e4-4602-963a-f6a50efbd54c:c2433, 7e391b60-07ae-4d97-a027-4756e468c032:c2429, c5f86d96-67df-4f25-bde3-316f439d30b3:c2429]
2019-08-23 18:29:01,397 [grpc-default-executor-0] INFO  client.GrpcClientProtocolClient (GrpcClientProtocolClient.java:onNext(255)) - client-19C32667576E->48affcab-e6e4-4602-963a-f6a50efbd54c: receive RaftClientReply:client-19C32667576E->48affcab-e6e4-4602-963a-f6a50efbd54c@group-50C56EAF5137, cid=1681, SUCCESS, logIndex=2432, commits[48affcab-e6e4-4602-963a-f6a50efbd54c:c2433, 7e391b60-07ae-4d97-a027-4756e468c032:c2429, c5f86d96-67df-4f25-bde3-316f439d30b3:c2429]
2019-08-23 18:29:01,398 [grpc-default-executor-0] INFO  client.GrpcClientProtocolClient (GrpcClientProtocolClient.java:onNext(255)) - client-19C32667576E->48affcab-e6e4-4602-963a-f6a50efbd54c: receive RaftClientReply:client-19C32667576E->48affcab-e6e4-4602-963a-f6a50efbd54c@group-50C56EAF5137, cid=1682, SUCCESS, logIndex=2433, commits[48affcab-e6e4-4602-963a-f6a50efbd54c:c2433, 7e391b60-07ae-4d97-a027-4756e468c032:c2429, c5f86d96-67df-4f25-bde3-316f439d30b3:c2429]
2019-08-23 18:29:01,398 | INFO  | DNAudit | user=null | ip=null | op=PUT_BLOCK {blockData=[blockId=conID: 1 locID: 102667710717821440 bcsId: 0,size=1048576]} | ret=SUCCESS |  
2019-08-23 18:29:01,398 | INFO  | DNAudit | user=null | ip=null | op=PUT_BLOCK {blockData=[blockId=conID: 1 locID: 102667710717821440 bcsId: 0,size=1048576]} | ret=SUCCESS |  
2019-08-23 18:29:01,398 | INFO  | DNAudit | user=null | ip=null | op=WRITE_CHUNK {blockData=conID: 1 locID: 102667710717821440 bcsId: 0} | ret=SUCCESS |  
2019-08-23 18:29:01,398 | INFO  | DNAudit | user=null | ip=null | op=WRITE_CHUNK {blockData=conID: 1 locID: 102667710717821440 bcsId: 0} | ret=SUCCESS |  
2019-08-23 18:29:01,398 | INFO  | DNAudit | user=null | ip=null | op=PUT_BLOCK {blockData=[blockId=conID: 1 locID: 102667710717821440 bcsId: 0,size=2097152]} | ret=SUCCESS |  
2019-08-23 18:29:01,398 | INFO  | DNAudit | user=null | ip=null | op=PUT_BLOCK {blockData=[blockId=conID: 1 locID: 102667710717821440 bcsId: 0,size=2097152]} | ret=SUCCESS |  
2019-08-23 18:29:01,399 [grpc-default-executor-4] INFO  client.GrpcClientProtocolClient (GrpcClientProtocolClient.java:onNext(255)) - client-19C32667576E->48affcab-e6e4-4602-963a-f6a50efbd54c: receive RaftClientReply:client-19C32667576E->48affcab-e6e4-4602-963a-f6a50efbd54c@group-50C56EAF5137, cid=1683, SUCCESS, logIndex=0, commits[48affcab-e6e4-4602-963a-f6a50efbd54c:c2436, 7e391b60-07ae-4d97-a027-4756e468c032:c2433, c5f86d96-67df-4f25-bde3-316f439d30b3:c2433]
2019-08-23 18:29:01,406 | INFO  | DNAudit | user=null | ip=null | op=WRITE_CHUNK {blockData=conID: 1 locID: 102667710717821440 bcsId: 2433} | ret=SUCCESS |  
2019-08-23 18:29:01,408 | INFO  | DNAudit | user=null | ip=null | op=WRITE_CHUNK {blockData=conID: 1 locID: 102667710717821440 bcsId: 2433} | ret=SUCCESS |  
2019-08-23 18:29:01,408 | INFO  | DNAudit | user=null | ip=null | op=WRITE_CHUNK {blockData=conID: 1 locID: 102667710717821440 bcsId: 2433} | ret=SUCCESS |  
2019-08-23 18:29:01,418 | INFO  | DNAudit | user=null | ip=null | op=WRITE_CHUNK {blockData=conID: 1 locID: 102667710717821440 bcsId: 2433} | ret=SUCCESS |  
2019-08-23 18:29:01,419 | INFO  | DNAudit | user=null | ip=null | op=PUT_BLOCK {blockData=[blockId=conID: 1 locID: 102667710717821440 bcsId: 0,size=3145728]} | ret=SUCCESS |  
2019-08-23 18:29:01,419 [grpc-default-executor-4] INFO  client.GrpcClientProtocolClient (GrpcClientProtocolClient.java:onNext(255)) - client-19C32667576E->48affcab-e6e4-4602-963a-f6a50efbd54c: receive RaftClientReply:client-19C32667576E->48affcab-e6e4-4602-963a-f6a50efbd54c@group-50C56EAF5137, cid=1684, SUCCESS, logIndex=2438, commits[48affcab-e6e4-4602-963a-f6a50efbd54c:c2439, 7e391b60-07ae-4d97-a027-4756e468c032:c2437, c5f86d96-67df-4f25-bde3-316f439d30b3:c2437]
2019-08-23 18:29:01,419 [grpc-default-executor-4] INFO  client.GrpcClientProtocolClient (GrpcClientProtocolClient.java:onNext(255)) - client-19C32667576E->48affcab-e6e4-4602-963a-f6a50efbd54c: receive RaftClientReply:client-19C32667576E->48affcab-e6e4-4602-963a-f6a50efbd54c@group-50C56EAF5137, cid=1685, SUCCESS, logIndex=2439, commits[48affcab-e6e4-4602-963a-f6a50efbd54c:c2439, 7e391b60-07ae-4d97-a027-4756e468c032:c2437, c5f86d96-67df-4f25-bde3-316f439d30b3:c2437]
2019-08-23 18:29:01,425 | INFO  | DNAudit | user=null | ip=null | op=WRITE_CHUNK {blockData=conID: 1 locID: 102667710717821440 bcsId: 2439} | ret=SUCCESS |  
2019-08-23 18:29:01,427 | INFO  | DNAudit | user=null | ip=null | op=WRITE_CHUNK {blockData=conID: 1 locID: 102667710717821440 bcsId: 2439} | ret=SUCCESS |  
2019-08-23 18:29:01,428 | INFO  | DNAudit | user=null | ip=null | op=WRITE_CHUNK {blockData=conID: 1 locID: 102667710717821440 bcsId: 2439} | ret=SUCCESS |  
2019-08-23 18:29:01,429 | INFO  | DNAudit | user=null | ip=null | op=WRITE_CHUNK {blockData=conID: 1 locID: 102667710717821440 bcsId: 2433} | ret=SUCCESS |  
2019-08-23 18:29:01,430 | INFO  | DNAudit | user=null | ip=null | op=WRITE_CHUNK {blockData=conID: 1 locID: 102667710717821440 bcsId: 2433} | ret=SUCCESS |  
2019-08-23 18:29:01,430 | INFO  | DNAudit | user=null | ip=null | op=PUT_BLOCK {blockData=[blockId=conID: 1 locID: 102667710717821440 bcsId: 0,size=3145728]} | ret=SUCCESS |  
2019-08-23 18:29:01,430 | INFO  | DNAudit | user=null | ip=null | op=PUT_BLOCK {blockData=[blockId=conID: 1 locID: 102667710717821440 bcsId: 0,size=3145728]} | ret=SUCCESS |  
2019-08-23 18:29:01,431 | INFO  | DNAudit | user=null | ip=null | op=WRITE_CHUNK {blockData=conID: 1 locID: 102667710717821440 bcsId: 2439} | ret=SUCCESS |  
2019-08-23 18:29:01,431 | INFO  | DNAudit | user=null | ip=null | op=PUT_BLOCK {blockData=[blockId=conID: 1 locID: 102667710717821440 bcsId: 0,size=4194304]} | ret=SUCCESS |  
2019-08-23 18:29:01,432 [grpc-default-executor-0] INFO  client.GrpcClientProtocolClient (GrpcClientProtocolClient.java:onNext(255)) - client-19C32667576E->48affcab-e6e4-4602-963a-f6a50efbd54c: receive RaftClientReply:client-19C32667576E->48affcab-e6e4-4602-963a-f6a50efbd54c@group-50C56EAF5137, cid=1686, SUCCESS, logIndex=2442, commits[48affcab-e6e4-4602-963a-f6a50efbd54c:c2443, 7e391b60-07ae-4d97-a027-4756e468c032:c2439, c5f86d96-67df-4f25-bde3-316f439d30b3:c2439]
2019-08-23 18:29:01,432 [grpc-default-executor-0] INFO  client.GrpcClientProtocolClient (GrpcClientProtocolClient.java:onNext(255)) - client-19C32667576E->48affcab-e6e4-4602-963a-f6a50efbd54c: receive RaftClientReply:client-19C32667576E->48affcab-e6e4-4602-963a-f6a50efbd54c@group-50C56EAF5137, cid=1687, SUCCESS, logIndex=2443, commits[48affcab-e6e4-4602-963a-f6a50efbd54c:c2443, 7e391b60-07ae-4d97-a027-4756e468c032:c2439, c5f86d96-67df-4f25-bde3-316f439d30b3:c2439]
2019-08-23 18:29:01,442 | INFO  | DNAudit | user=null | ip=null | op=WRITE_CHUNK {blockData=conID: 1 locID: 102667710717821440 bcsId: 2439} | ret=SUCCESS |  
2019-08-23 18:29:01,442 | INFO  | DNAudit | user=null | ip=null | op=WRITE_CHUNK {blockData=conID: 1 locID: 102667710717821440 bcsId: 2439} | ret=SUCCESS |  
2019-08-23 18:29:01,443 | INFO  | DNAudit | user=null | ip=null | op=PUT_BLOCK {blockData=[blockId=conID: 1 locID: 102667710717821440 bcsId: 0,size=4194304]} | ret=SUCCESS |  
2019-08-23 18:29:01,444 | INFO  | DNAudit | user=null | ip=null | op=PUT_BLOCK {blockData=[blockId=conID: 1 locID: 102667710717821440 bcsId: 0,size=4194304]} | ret=SUCCESS |  
2019-08-23 18:29:01,444 [grpc-default-executor-0] INFO  client.GrpcClientProtocolClient (GrpcClientProtocolClient.java:onNext(255)) - client-19C32667576E->48affcab-e6e4-4602-963a-f6a50efbd54c: receive RaftClientReply:client-19C32667576E->48affcab-e6e4-4602-963a-f6a50efbd54c@group-50C56EAF5137, cid=1688, SUCCESS, logIndex=0, commits[48affcab-e6e4-4602-963a-f6a50efbd54c:c2445, 7e391b60-07ae-4d97-a027-4756e468c032:c2443, c5f86d96-67df-4f25-bde3-316f439d30b3:c2443]
2019-08-23 18:29:01,448 | INFO  | SCMAudit | user=jenkins1000 | ip=192.168.34.23 | op=ALLOCATE_BLOCK {owner=1ceb8b80-28f1-43fd-86c3-175afc07b8d1, size=4194304, type=RATIS, factor=THREE} | ret=SUCCESS |  
2019-08-23 18:29:01,450 | INFO  | OMAudit | user=jenkins1000 | ip=127.0.0.1 | op=ALLOCATE_BLOCK {volume=vol-0-45438, bucket=bucket-0-23891, key=key-0-22455, dataSize=0, replicationType=null, replicationFactor=null, keyLocationInfo=null, clientID=102667710122492306} | ret=SUCCESS |  
 0.00% |█                                                                                                    |  0/1 Time: 0:00:092019-08-23 18:29:01,587 | INFO  | DNAudit | user=null | ip=null | op=WRITE_CHUNK {blockData=conID: 2 locID: 102667710722736641 bcsId: 0} | ret=SUCCESS |  
2019-08-23 18:29:01,590 | INFO  | DNAudit | user=null | ip=null | op=WRITE_CHUNK {blockData=conID: 2 locID: 102667710722736641 bcsId: 0} | ret=SUCCESS |  
2019-08-23 18:29:01,591 | INFO  | DNAudit | user=null | ip=null | op=WRITE_CHUNK {blockData=conID: 2 locID: 102667710722736641 bcsId: 0} | ret=SUCCESS |  
2019-08-23 18:29:01,591 | INFO  | DNAudit | user=null | ip=null | op=WRITE_CHUNK {blockData=conID: 2 locID: 102667710722736641 bcsId: 0} | ret=SUCCESS |  
2019-08-23 18:29:01,593 | INFO  | DNAudit | user=null | ip=null | op=WRITE_CHUNK {blockData=conID: 2 locID: 102667710722736641 bcsId: 0} | ret=SUCCESS |  
2019-08-23 18:29:01,593 | INFO  | DNAudit | user=null | ip=null | op=WRITE_CHUNK {blockData=conID: 2 locID: 102667710722736641 bcsId: 0} | ret=SUCCESS |  
2019-08-23 18:29:01,618 | INFO  | DNAudit | user=null | ip=null | op=WRITE_CHUNK {blockData=conID: 2 locID: 102667710722736641 bcsId: 0} | ret=SUCCESS |  
2019-08-23 18:29:01,618 | INFO  | DNAudit | user=null | ip=null | op=PUT_BLOCK {blockData=[blockId=conID: 2 locID: 102667710722736641 bcsId: 0,size=1048576]} | ret=SUCCESS |  
2019-08-23 18:29:01,618 [grpc-default-executor-0] INFO  client.GrpcClientProtocolClient (GrpcClientProtocolClient.java:onNext(255)) - client-19C32667576E->48affcab-e6e4-4602-963a-f6a50efbd54c: receive RaftClientReply:client-19C32667576E->48affcab-e6e4-4602-963a-f6a50efbd54c@group-50C56EAF5137, cid=1689, SUCCESS, logIndex=2446, commits[48affcab-e6e4-4602-963a-f6a50efbd54c:c2448, 7e391b60-07ae-4d97-a027-4756e468c032:c2445, c5f86d96-67df-4f25-bde3-316f439d30b3:c2445]
2019-08-23 18:29:01,619 | INFO  | DNAudit | user=null | ip=null | op=WRITE_CHUNK {blockData=conID: 2 locID: 102667710722736641 bcsId: 0} | ret=SUCCESS |  
2019-08-23 18:29:01,619 [grpc-default-executor-0] INFO  client.GrpcClientProtocolClient (GrpcClientProtocolClient.java:onNext(255)) - client-19C32667576E->48affcab-e6e4-4602-963a-f6a50efbd54c: receive RaftClientReply:client-19C32667576E->48affcab-e6e4-4602-963a-f6a50efbd54c@group-50C56EAF5137, cid=1690, SUCCESS, logIndex=2447, commits[48affcab-e6e4-4602-963a-f6a50efbd54c:c2449, 7e391b60-07ae-4d97-a027-4756e468c032:c2445, c5f86d96-67df-4f25-bde3-316f439d30b3:c2445]
2019-08-23 18:29:01,619 | INFO  | DNAudit | user=null | ip=null | op=WRITE_CHUNK {blockData=conID: 2 locID: 102667710722736641 bcsId: 0} | ret=SUCCESS |  
2019-08-23 18:29:01,619 | INFO  | DNAudit | user=null | ip=null | op=PUT_BLOCK {blockData=[blockId=conID: 2 locID: 102667710722736641 bcsId: 0,size=2097152]} | ret=SUCCESS |  
2019-08-23 18:29:01,620 [grpc-default-executor-0] INFO  client.GrpcClientProtocolClient (GrpcClientProtocolClient.java:onNext(255)) - client-19C32667576E->48affcab-e6e4-4602-963a-f6a50efbd54c: receive RaftClientReply:client-19C32667576E->48affcab-e6e4-4602-963a-f6a50efbd54c@group-50C56EAF5137, cid=1691, SUCCESS, logIndex=2448, commits[48affcab-e6e4-4602-963a-f6a50efbd54c:c2449, 7e391b60-07ae-4d97-a027-4756e468c032:c2445, c5f86d96-67df-4f25-bde3-316f439d30b3:c2445]
2019-08-23 18:29:01,620 | INFO  | DNAudit | user=null | ip=null | op=WRITE_CHUNK {blockData=conID: 2 locID: 102667710722736641 bcsId: 0} | ret=SUCCESS |  
2019-08-23 18:29:01,620 | INFO  | DNAudit | user=null | ip=null | op=PUT_BLOCK {blockData=[blockId=conID: 2 locID: 102667710722736641 bcsId: 0,size=1048576]} | ret=SUCCESS |  
2019-08-23 18:29:01,620 | INFO  | DNAudit | user=null | ip=null | op=PUT_BLOCK {blockData=[blockId=conID: 2 locID: 102667710722736641 bcsId: 0,size=1048576]} | ret=SUCCESS |  
2019-08-23 18:29:01,620 [grpc-default-executor-4] INFO  client.GrpcClientProtocolClient (GrpcClientProtocolClient.java:onNext(255)) - client-19C32667576E->48affcab-e6e4-4602-963a-f6a50efbd54c: receive RaftClientReply:client-19C32667576E->48affcab-e6e4-4602-963a-f6a50efbd54c@group-50C56EAF5137, cid=1692, SUCCESS, logIndex=2449, commits[48affcab-e6e4-4602-963a-f6a50efbd54c:c2450, 7e391b60-07ae-4d97-a027-4756e468c032:c2447, c5f86d96-67df-4f25-bde3-316f439d30b3:c2445]
2019-08-23 18:29:01,621 | INFO  | DNAudit | user=null | ip=null | op=WRITE_CHUNK {blockData=conID: 2 locID: 102667710722736641 bcsId: 0} | ret=SUCCESS |  
2019-08-23 18:29:01,621 | INFO  | DNAudit | user=null | ip=null | op=PUT_BLOCK {blockData=[blockId=conID: 2 locID: 102667710722736641 bcsId: 0,size=2097152]} | ret=SUCCESS |  
2019-08-23 18:29:01,621 | INFO  | DNAudit | user=null | ip=null | op=WRITE_CHUNK {blockData=conID: 2 locID: 102667710722736641 bcsId: 0} | ret=SUCCESS |  
2019-08-23 18:29:01,621 [grpc-default-executor-4] INFO  client.GrpcClientProtocolClient (GrpcClientProtocolClient.java:onNext(255)) - client-19C32667576E->48affcab-e6e4-4602-963a-f6a50efbd54c: receive RaftClientReply:client-19C32667576E->48affcab-e6e4-4602-963a-f6a50efbd54c@group-50C56EAF5137, cid=1693, SUCCESS, logIndex=0, commits[48affcab-e6e4-4602-963a-f6a50efbd54c:c2452, 7e391b60-07ae-4d97-a027-4756e468c032:c2448, c5f86d96-67df-4f25-bde3-316f439d30b3:c2447]
2019-08-23 18:29:01,622 | INFO  | DNAudit | user=null | ip=null | op=PUT_BLOCK {blockData=[blockId=conID: 2 locID: 102667710722736641 bcsId: 0,size=2097152]} | ret=SUCCESS |  
2019-08-23 18:29:01,627 | INFO  | DNAudit | user=null | ip=null | op=WRITE_CHUNK {blockData=conID: 2 locID: 102667710722736641 bcsId: 2449} | ret=SUCCESS |  
2019-08-23 18:29:01,630 | INFO  | DNAudit | user=null | ip=null | op=WRITE_CHUNK {blockData=conID: 2 locID: 102667710722736641 bcsId: 2449} | ret=SUCCESS |  
2019-08-23 18:29:01,630 | INFO  | DNAudit | user=null | ip=null | op=WRITE_CHUNK {blockData=conID: 2 locID: 102667710722736641 bcsId: 2449} | ret=SUCCESS |  
2019-08-23 18:29:01,632 | INFO  | DNAudit | user=null | ip=null | op=WRITE_CHUNK {blockData=conID: 2 locID: 102667710722736641 bcsId: 2449} | ret=SUCCESS |  
2019-08-23 18:29:01,633 | INFO  | DNAudit | user=null | ip=null | op=PUT_BLOCK {blockData=[blockId=conID: 2 locID: 102667710722736641 bcsId: 0,size=3145728]} | ret=SUCCESS |  
2019-08-23 18:29:01,633 [grpc-default-executor-0] INFO  client.GrpcClientProtocolClient (GrpcClientProtocolClient.java:onNext(255)) - client-19C32667576E->48affcab-e6e4-4602-963a-f6a50efbd54c: receive RaftClientReply:client-19C32667576E->48affcab-e6e4-4602-963a-f6a50efbd54c@group-50C56EAF5137, cid=1694, SUCCESS, logIndex=2454, commits[48affcab-e6e4-4602-963a-f6a50efbd54c:c2455, 7e391b60-07ae-4d97-a027-4756e468c032:c2453, c5f86d96-67df-4f25-bde3-316f439d30b3:c2453]
2019-08-23 18:29:01,634 [grpc-default-executor-0] INFO  client.GrpcClientProtocolClient (GrpcClientProtocolClient.java:onNext(255)) - client-19C32667576E->48affcab-e6e4-4602-963a-f6a50efbd54c: receive RaftClientReply:client-19C32667576E->48affcab-e6e4-4602-963a-f6a50efbd54c@group-50C56EAF5137, cid=1695, SUCCESS, logIndex=2455, commits[48affcab-e6e4-4602-963a-f6a50efbd54c:c2455, 7e391b60-07ae-4d97-a027-4756e468c032:c2453, c5f86d96-67df-4f25-bde3-316f439d30b3:c2453]
2019-08-23 18:29:01,634 | INFO  | DNAudit | user=null | ip=null | op=WRITE_CHUNK {blockData=conID: 2 locID: 102667710722736641 bcsId: 2449} | ret=SUCCESS |  
2019-08-23 18:29:01,634 | INFO  | DNAudit | user=null | ip=null | op=WRITE_CHUNK {blockData=conID: 2 locID: 102667710722736641 bcsId: 2449} | ret=SUCCESS |  
2019-08-23 18:29:01,636 | INFO  | DNAudit | user=null | ip=null | op=PUT_BLOCK {blockData=[blockId=conID: 2 locID: 102667710722736641 bcsId: 0,size=3145728]} | ret=SUCCESS |  
2019-08-23 18:29:01,636 | INFO  | DNAudit | user=null | ip=null | op=PUT_BLOCK {blockData=[blockId=conID: 2 locID: 102667710722736641 bcsId: 0,size=3145728]} | ret=SUCCESS |  
2019-08-23 18:29:01,641 | INFO  | DNAudit | user=null | ip=null | op=WRITE_CHUNK {blockData=conID: 2 locID: 102667710722736641 bcsId: 2455} | ret=SUCCESS |  
2019-08-23 18:29:01,644 | INFO  | DNAudit | user=null | ip=null | op=WRITE_CHUNK {blockData=conID: 2 locID: 102667710722736641 bcsId: 2455} | ret=SUCCESS |  
2019-08-23 18:29:01,644 | INFO  | DNAudit | user=null | ip=null | op=WRITE_CHUNK {blockData=conID: 2 locID: 102667710722736641 bcsId: 2455} | ret=SUCCESS |  
2019-08-23 18:29:01,646 | INFO  | DNAudit | user=null | ip=null | op=WRITE_CHUNK {blockData=conID: 2 locID: 102667710722736641 bcsId: 2455} | ret=SUCCESS |  
2019-08-23 18:29:01,647 | INFO  | DNAudit | user=null | ip=null | op=PUT_BLOCK {blockData=[blockId=conID: 2 locID: 102667710722736641 bcsId: 0,size=4194304]} | ret=SUCCESS |  
2019-08-23 18:29:01,647 [grpc-default-executor-4] INFO  client.GrpcClientProtocolClient (GrpcClientProtocolClient.java:onNext(255)) - client-19C32667576E->48affcab-e6e4-4602-963a-f6a50efbd54c: receive RaftClientReply:client-19C32667576E->48affcab-e6e4-4602-963a-f6a50efbd54c@group-50C56EAF5137, cid=1696, SUCCESS, logIndex=2458, commits[48affcab-e6e4-4602-963a-f6a50efbd54c:c2459, 7e391b60-07ae-4d97-a027-4756e468c032:c2455, c5f86d96-67df-4f25-bde3-316f439d30b3:c2457]
2019-08-23 18:29:01,647 [grpc-default-executor-4] INFO  client.GrpcClientProtocolClient (GrpcClientProtocolClient.java:onNext(255)) - client-19C32667576E->48affcab-e6e4-4602-963a-f6a50efbd54c: receive RaftClientReply:client-19C32667576E->48affcab-e6e4-4602-963a-f6a50efbd54c@group-50C56EAF5137, cid=1697, SUCCESS, logIndex=2459, commits[48affcab-e6e4-4602-963a-f6a50efbd54c:c2459, 7e391b60-07ae-4d97-a027-4756e468c032:c2457, c5f86d96-67df-4f25-bde3-316f439d30b3:c2457]
2019-08-23 18:29:01,648 | INFO  | DNAudit | user=null | ip=null | op=WRITE_CHUNK {blockData=conID: 2 locID: 102667710722736641 bcsId: 2455} | ret=SUCCESS |  
2019-08-23 18:29:01,648 | INFO  | DNAudit | user=null | ip=null | op=WRITE_CHUNK {blockData=conID: 2 locID: 102667710722736641 bcsId: 2455} | ret=SUCCESS |  
2019-08-23 18:29:01,648 | INFO  | DNAudit | user=null | ip=null | op=PUT_BLOCK {blockData=[blockId=conID: 2 locID: 102667710722736641 bcsId: 0,size=4194304]} | ret=SUCCESS |  
2019-08-23 18:29:01,648 | INFO  | DNAudit | user=null | ip=null | op=PUT_BLOCK {blockData=[blockId=conID: 2 locID: 102667710722736641 bcsId: 0,size=4194304]} | ret=SUCCESS |  
2019-08-23 18:29:01,649 [grpc-default-executor-0] INFO  client.GrpcClientProtocolClient (GrpcClientProtocolClient.java:onNext(255)) - client-19C32667576E->48affcab-e6e4-4602-963a-f6a50efbd54c: receive RaftClientReply:client-19C32667576E->48affcab-e6e4-4602-963a-f6a50efbd54c@group-50C56EAF5137, cid=1698, SUCCESS, logIndex=0, commits[48affcab-e6e4-4602-963a-f6a50efbd54c:c2460, 7e391b60-07ae-4d97-a027-4756e468c032:c2459, c5f86d96-67df-4f25-bde3-316f439d30b3:c2459]
2019-08-23 18:29:01,653 | INFO  | SCMAudit | user=jenkins1000 | ip=192.168.34.23 | op=ALLOCATE_BLOCK {owner=1ceb8b80-28f1-43fd-86c3-175afc07b8d1, size=4194304, type=RATIS, factor=THREE} | ret=SUCCESS |  
2019-08-23 18:29:01,656 | INFO  | OMAudit | user=jenkins1000 | ip=127.0.0.1 | op=ALLOCATE_BLOCK {volume=vol-0-45438, bucket=bucket-0-23891, key=key-0-22455, dataSize=0, replicationType=null, replicationFactor=null, keyLocationInfo=null, clientID=102667710122492306} | ret=SUCCESS |  
2019-08-23 18:29:01,663 | INFO  | DNAudit | user=null | ip=null | op=WRITE_CHUNK {blockData=conID: 3 locID: 102667710736171522 bcsId: 0} | ret=SUCCESS |  
2019-08-23 18:29:01,666 | INFO  | DNAudit | user=null | ip=null | op=WRITE_CHUNK {blockData=conID: 3 locID: 102667710736171522 bcsId: 0} | ret=SUCCESS |  
2019-08-23 18:29:01,666 | INFO  | DNAudit | user=null | ip=null | op=WRITE_CHUNK {blockData=conID: 3 locID: 102667710736171522 bcsId: 0} | ret=SUCCESS |  
2019-08-23 18:29:01,667 | INFO  | DNAudit | user=null | ip=null | op=WRITE_CHUNK {blockData=conID: 3 locID: 102667710736171522 bcsId: 0} | ret=SUCCESS |  
2019-08-23 18:29:01,668 | INFO  | DNAudit | user=null | ip=null | op=WRITE_CHUNK {blockData=conID: 3 locID: 102667710736171522 bcsId: 0} | ret=SUCCESS |  
2019-08-23 18:29:01,669 | INFO  | DNAudit | user=null | ip=null | op=WRITE_CHUNK {blockData=conID: 3 locID: 102667710736171522 bcsId: 0} | ret=SUCCESS |  
2019-08-23 18:29:01,671 | INFO  | DNAudit | user=null | ip=null | op=WRITE_CHUNK {blockData=conID: 3 locID: 102667710736171522 bcsId: 0} | ret=SUCCESS |  
2019-08-23 18:29:01,672 | INFO  | DNAudit | user=null | ip=null | op=PUT_BLOCK {blockData=[blockId=conID: 3 locID: 102667710736171522 bcsId: 0,size=1048576]} | ret=SUCCESS |  
2019-08-23 18:29:01,672 | INFO  | DNAudit | user=null | ip=null | op=WRITE_CHUNK {blockData=conID: 3 locID: 102667710736171522 bcsId: 0} | ret=SUCCESS |  
2019-08-23 18:29:01,672 [grpc-default-executor-3] INFO  client.GrpcClientProtocolClient (GrpcClientProtocolClient.java:onNext(255)) - client-19C32667576E->48affcab-e6e4-4602-963a-f6a50efbd54c: receive RaftClientReply:client-19C32667576E->48affcab-e6e4-4602-963a-f6a50efbd54c@group-50C56EAF5137, cid=1699, SUCCESS, logIndex=2462, commits[48affcab-e6e4-4602-963a-f6a50efbd54c:c2465, 7e391b60-07ae-4d97-a027-4756e468c032:c2459, c5f86d96-67df-4f25-bde3-316f439d30b3:c2461]
2019-08-23 18:29:01,672 | INFO  | DNAudit | user=null | ip=null | op=PUT_BLOCK {blockData=[blockId=conID: 3 locID: 102667710736171522 bcsId: 0,size=2097152]} | ret=SUCCESS |  
2019-08-23 18:29:01,672 [grpc-default-executor-3] INFO  client.GrpcClientProtocolClient (GrpcClientProtocolClient.java:onNext(255)) - client-19C32667576E->48affcab-e6e4-4602-963a-f6a50efbd54c: receive RaftClientReply:client-19C32667576E->48affcab-e6e4-4602-963a-f6a50efbd54c@group-50C56EAF5137, cid=1700, SUCCESS, logIndex=2463, commits[48affcab-e6e4-4602-963a-f6a50efbd54c:c2465, 7e391b60-07ae-4d97-a027-4756e468c032:c2461, c5f86d96-67df-4f25-bde3-316f439d30b3:c2461]
2019-08-23 18:29:01,673 | INFO  | DNAudit | user=null | ip=null | op=WRITE_CHUNK {blockData=conID: 3 locID: 102667710736171522 bcsId: 0} | ret=SUCCESS |  
2019-08-23 18:29:01,673 [grpc-default-executor-3] INFO  client.GrpcClientProtocolClient (GrpcClientProtocolClient.java:onNext(255)) - client-19C32667576E->48affcab-e6e4-4602-963a-f6a50efbd54c: receive RaftClientReply:client-19C32667576E->48affcab-e6e4-4602-963a-f6a50efbd54c@group-50C56EAF5137, cid=1701, SUCCESS, logIndex=2464, commits[48affcab-e6e4-4602-963a-f6a50efbd54c:c2465, 7e391b60-07ae-4d97-a027-4756e468c032:c2461, c5f86d96-67df-4f25-bde3-316f439d30b3:c2461]
2019-08-23 18:29:01,673 | INFO  | DNAudit | user=null | ip=null | op=PUT_BLOCK {blockData=[blockId=conID: 3 locID: 102667710736171522 bcsId: 0,size=1048576]} | ret=SUCCESS |  
2019-08-23 18:29:01,673 [grpc-default-executor-3] INFO  client.GrpcClientProtocolClient (GrpcClientProtocolClient.java:onNext(255)) - client-19C32667576E->48affcab-e6e4-4602-963a-f6a50efbd54c: receive RaftClientReply:client-19C32667576E->48affcab-e6e4-4602-963a-f6a50efbd54c@group-50C56EAF5137, cid=1702, SUCCESS, logIndex=2465, commits[48affcab-e6e4-4602-963a-f6a50efbd54c:c2465, 7e391b60-07ae-4d97-a027-4756e468c032:c2461, c5f86d96-67df-4f25-bde3-316f439d30b3:c2461]
2019-08-23 18:29:01,673 | INFO  | DNAudit | user=null | ip=null | op=WRITE_CHUNK {blockData=conID: 3 locID: 102667710736171522 bcsId: 0} | ret=SUCCESS |  
2019-08-23 18:29:01,674 | INFO  | DNAudit | user=null | ip=null | op=PUT_BLOCK {blockData=[blockId=conID: 3 locID: 102667710736171522 bcsId: 0,size=1048576]} | ret=SUCCESS |  
2019-08-23 18:29:01,674 | INFO  | DNAudit | user=null | ip=null | op=WRITE_CHUNK {blockData=conID: 3 locID: 102667710736171522 bcsId: 0} | ret=SUCCESS |  
2019-08-23 18:29:01,674 [grpc-default-executor-3] INFO  client.GrpcClientProtocolClient (GrpcClientProtocolClient.java:onNext(255)) - client-19C32667576E->48affcab-e6e4-4602-963a-f6a50efbd54c: receive RaftClientReply:client-19C32667576E->48affcab-e6e4-4602-963a-f6a50efbd54c@group-50C56EAF5137, cid=1703, SUCCESS, logIndex=0, commits[48affcab-e6e4-4602-963a-f6a50efbd54c:c2466, 7e391b60-07ae-4d97-a027-4756e468c032:c2463, c5f86d96-67df-4f25-bde3-316f439d30b3:c2463]
2019-08-23 18:29:01,674 | INFO  | DNAudit | user=null | ip=null | op=WRITE_CHUNK {blockData=conID: 3 locID: 102667710736171522 bcsId: 0} | ret=SUCCESS |  
2019-08-23 18:29:01,675 | INFO  | DNAudit | user=null | ip=null | op=PUT_BLOCK {blockData=[blockId=conID: 3 locID: 102667710736171522 bcsId: 0,size=2097152]} | ret=SUCCESS |  
2019-08-23 18:29:01,675 | INFO  | DNAudit | user=null | ip=null | op=PUT_BLOCK {blockData=[blockId=conID: 3 locID: 102667710736171522 bcsId: 0,size=2097152]} | ret=SUCCESS |  
2019-08-23 18:29:01,680 | INFO  | DNAudit | user=null | ip=null | op=WRITE_CHUNK {blockData=conID: 3 locID: 102667710736171522 bcsId: 2465} | ret=SUCCESS |  
2019-08-23 18:29:01,683 | INFO  | DNAudit | user=null | ip=null | op=WRITE_CHUNK {blockData=conID: 3 locID: 102667710736171522 bcsId: 2465} | ret=SUCCESS |  
2019-08-23 18:29:01,683 | INFO  | DNAudit | user=null | ip=null | op=WRITE_CHUNK {blockData=conID: 3 locID: 102667710736171522 bcsId: 2465} | ret=SUCCESS |  
2019-08-23 18:29:01,686 | INFO  | DNAudit | user=null | ip=null | op=WRITE_CHUNK {blockData=conID: 3 locID: 102667710736171522 bcsId: 2465} | ret=SUCCESS |  
2019-08-23 18:29:01,686 | INFO  | DNAudit | user=null | ip=null | op=PUT_BLOCK {blockData=[blockId=conID: 3 locID: 102667710736171522 bcsId: 0,size=3145728]} | ret=SUCCESS |  
2019-08-23 18:29:01,686 [grpc-default-executor-4] INFO  client.GrpcClientProtocolClient (GrpcClientProtocolClient.java:onNext(255)) - client-19C32667576E->48affcab-e6e4-4602-963a-f6a50efbd54c: receive RaftClientReply:client-19C32667576E->48affcab-e6e4-4602-963a-f6a50efbd54c@group-50C56EAF5137, cid=1704, SUCCESS, logIndex=2470, commits[48affcab-e6e4-4602-963a-f6a50efbd54c:c2471, 7e391b60-07ae-4d97-a027-4756e468c032:c2465, c5f86d96-67df-4f25-bde3-316f439d30b3:c2469]
2019-08-23 18:29:01,687 [grpc-default-executor-4] INFO  client.GrpcClientProtocolClient (GrpcClientProtocolClient.java:onNext(255)) - client-19C32667576E->48affcab-e6e4-4602-963a-f6a50efbd54c: receive RaftClientReply:client-19C32667576E->48affcab-e6e4-4602-963a-f6a50efbd54c@group-50C56EAF5137, cid=1705, SUCCESS, logIndex=2471, commits[48affcab-e6e4-4602-963a-f6a50efbd54c:c2471, 7e391b60-07ae-4d97-a027-4756e468c032:c2469, c5f86d96-67df-4f25-bde3-316f439d30b3:c2469]
2019-08-23 18:29:01,687 | INFO  | DNAudit | user=null | ip=null | op=WRITE_CHUNK {blockData=conID: 3 locID: 102667710736171522 bcsId: 2465} | ret=SUCCESS |  
2019-08-23 18:29:01,687 | INFO  | DNAudit | user=null | ip=null | op=WRITE_CHUNK {blockData=conID: 3 locID: 102667710736171522 bcsId: 2465} | ret=SUCCESS |  
2019-08-23 18:29:01,687 | INFO  | DNAudit | user=null | ip=null | op=PUT_BLOCK {blockData=[blockId=conID: 3 locID: 102667710736171522 bcsId: 0,size=3145728]} | ret=SUCCESS |  
2019-08-23 18:29:01,688 | INFO  | DNAudit | user=null | ip=null | op=PUT_BLOCK {blockData=[blockId=conID: 3 locID: 102667710736171522 bcsId: 0,size=3145728]} | ret=SUCCESS |  
2019-08-23 18:29:01,693 | INFO  | DNAudit | user=null | ip=null | op=WRITE_CHUNK {blockData=conID: 3 locID: 102667710736171522 bcsId: 2471} | ret=SUCCESS |  
2019-08-23 18:29:01,695 | INFO  | DNAudit | user=null | ip=null | op=WRITE_CHUNK {blockData=conID: 3 locID: 102667710736171522 bcsId: 2471} | ret=SUCCESS |  
2019-08-23 18:29:01,695 | INFO  | DNAudit | user=null | ip=null | op=WRITE_CHUNK {blockData=conID: 3 locID: 102667710736171522 bcsId: 2471} | ret=SUCCESS |  
2019-08-23 18:29:01,698 | INFO  | DNAudit | user=null | ip=null | op=WRITE_CHUNK {blockData=conID: 3 locID: 102667710736171522 bcsId: 2471} | ret=SUCCESS |  
2019-08-23 18:29:01,698 | INFO  | DNAudit | user=null | ip=null | op=PUT_BLOCK {blockData=[blockId=conID: 3 locID: 102667710736171522 bcsId: 0,size=4194304]} | ret=SUCCESS |  
2019-08-23 18:29:01,698 [grpc-default-executor-4] INFO  client.GrpcClientProtocolClient (GrpcClientProtocolClient.java:onNext(255)) - client-19C32667576E->48affcab-e6e4-4602-963a-f6a50efbd54c: receive RaftClientReply:client-19C32667576E->48affcab-e6e4-4602-963a-f6a50efbd54c@group-50C56EAF5137, cid=1706, SUCCESS, logIndex=2474, commits[48affcab-e6e4-4602-963a-f6a50efbd54c:c2475, 7e391b60-07ae-4d97-a027-4756e468c032:c2473, c5f86d96-67df-4f25-bde3-316f439d30b3:c2473]
2019-08-23 18:29:01,699 [grpc-default-executor-4] INFO  client.GrpcClientProtocolClient (GrpcClientProtocolClient.java:onNext(255)) - client-19C32667576E->48affcab-e6e4-4602-963a-f6a50efbd54c: receive RaftClientReply:client-19C32667576E->48affcab-e6e4-4602-963a-f6a50efbd54c@group-50C56EAF5137, cid=1707, SUCCESS, logIndex=2475, commits[48affcab-e6e4-4602-963a-f6a50efbd54c:c2475, 7e391b60-07ae-4d97-a027-4756e468c032:c2473, c5f86d96-67df-4f25-bde3-316f439d30b3:c2473]
2019-08-23 18:29:01,700 | INFO  | DNAudit | user=null | ip=null | op=WRITE_CHUNK {blockData=conID: 3 locID: 102667710736171522 bcsId: 2471} | ret=SUCCESS |  
2019-08-23 18:29:01,700 | INFO  | DNAudit | user=null | ip=null | op=WRITE_CHUNK {blockData=conID: 3 locID: 102667710736171522 bcsId: 2471} | ret=SUCCESS |  
2019-08-23 18:29:01,700 | INFO  | DNAudit | user=null | ip=null | op=PUT_BLOCK {blockData=[blockId=conID: 3 locID: 102667710736171522 bcsId: 0,size=4194304]} | ret=SUCCESS |  
2019-08-23 18:29:01,700 | INFO  | DNAudit | user=null | ip=null | op=PUT_BLOCK {blockData=[blockId=conID: 3 locID: 102667710736171522 bcsId: 0,size=4194304]} | ret=SUCCESS |  
2019-08-23 18:29:01,700 [grpc-default-executor-4] INFO  client.GrpcClientProtocolClient (GrpcClientProtocolClient.java:onNext(255)) - client-19C32667576E->48affcab-e6e4-4602-963a-f6a50efbd54c: receive RaftClientReply:client-19C32667576E->48affcab-e6e4-4602-963a-f6a50efbd54c@group-50C56EAF5137, cid=1708, SUCCESS, logIndex=0, commits[48affcab-e6e4-4602-963a-f6a50efbd54c:c2475, 7e391b60-07ae-4d97-a027-4756e468c032:c2475, c5f86d96-67df-4f25-bde3-316f439d30b3:c2475]
2019-08-23 18:29:01,705 | INFO  | SCMAudit | user=jenkins1000 | ip=192.168.34.23 | op=ALLOCATE_BLOCK {owner=1ceb8b80-28f1-43fd-86c3-175afc07b8d1, size=4194304, type=RATIS, factor=THREE} | ret=SUCCESS |  
2019-08-23 18:29:01,708 | INFO  | OMAudit | user=jenkins1000 | ip=127.0.0.1 | op=ALLOCATE_BLOCK {volume=vol-0-45438, bucket=bucket-0-23891, key=key-0-22455, dataSize=0, replicationType=null, replicationFactor=null, keyLocationInfo=null, clientID=102667710122492306} | ret=SUCCESS |  
2019-08-23 18:29:01,709 | INFO  | SCMAudit | user=jenkins1000 | ip=192.168.34.23 | op=SEND_HEARTBEAT {datanodeUUID=48affcab-e6e4-4602-963a-f6a50efbd54c, command=[]} | ret=SUCCESS |  
2019-08-23 18:29:01,709 | INFO  | SCMAudit | user=jenkins1000 | ip=192.168.34.23 | op=SEND_HEARTBEAT {datanodeUUID=c5f86d96-67df-4f25-bde3-316f439d30b3, command=[]} | ret=SUCCESS |  
2019-08-23 18:29:01,709 | INFO  | SCMAudit | user=jenkins1000 | ip=192.168.34.23 | op=SEND_HEARTBEAT {datanodeUUID=58706fd2-d7f7-4771-af80-9e0541495c87, command=[]} | ret=SUCCESS |  
2019-08-23 18:29:01,709 | INFO  | SCMAudit | user=jenkins1000 | ip=192.168.34.23 | op=SEND_HEARTBEAT {datanodeUUID=7e391b60-07ae-4d97-a027-4756e468c032, command=[]} | ret=SUCCESS |  
2019-08-23 18:29:01,714 | INFO  | DNAudit | user=null | ip=null | op=WRITE_CHUNK {blockData=conID: 1 locID: 102667710739579395 bcsId: 0} | ret=SUCCESS |  
2019-08-23 18:29:01,716 | INFO  | DNAudit | user=null | ip=null | op=WRITE_CHUNK {blockData=conID: 1 locID: 102667710739579395 bcsId: 0} | ret=SUCCESS |  
2019-08-23 18:29:01,717 | INFO  | DNAudit | user=null | ip=null | op=WRITE_CHUNK {blockData=conID: 1 locID: 102667710739579395 bcsId: 0} | ret=SUCCESS |  
2019-08-23 18:29:01,718 | INFO  | DNAudit | user=null | ip=null | op=WRITE_CHUNK {blockData=conID: 1 locID: 102667710739579395 bcsId: 0} | ret=SUCCESS |  
2019-08-23 18:29:01,719 | INFO  | DNAudit | user=null | ip=null | op=WRITE_CHUNK {blockData=conID: 1 locID: 102667710739579395 bcsId: 0} | ret=SUCCESS |  
2019-08-23 18:29:01,720 | INFO  | DNAudit | user=null | ip=null | op=WRITE_CHUNK {blockData=conID: 1 locID: 102667710739579395 bcsId: 0} | ret=SUCCESS |  
2019-08-23 18:29:01,720 | INFO  | DNAudit | user=null | ip=null | op=PUT_BLOCK {blockData=[blockId=conID: 1 locID: 102667710739579395 bcsId: 0,size=1048576]} | ret=SUCCESS |  
2019-08-23 18:29:01,720 | INFO  | DNAudit | user=null | ip=null | op=WRITE_CHUNK {blockData=conID: 1 locID: 102667710739579395 bcsId: 0} | ret=SUCCESS |  
2019-08-23 18:29:01,720 [grpc-default-executor-5] INFO  client.GrpcClientProtocolClient (GrpcClientProtocolClient.java:onNext(255)) - client-19C32667576E->48affcab-e6e4-4602-963a-f6a50efbd54c: receive RaftClientReply:client-19C32667576E->48affcab-e6e4-4602-963a-f6a50efbd54c@group-50C56EAF5137, cid=1709, SUCCESS, logIndex=2478, commits[48affcab-e6e4-4602-963a-f6a50efbd54c:c2479, 7e391b60-07ae-4d97-a027-4756e468c032:c2477, c5f86d96-67df-4f25-bde3-316f439d30b3:c2475]
2019-08-23 18:29:01,720 [grpc-default-executor-5] INFO  client.GrpcClientProtocolClient (GrpcClientProtocolClient.java:onNext(255)) - client-19C32667576E->48affcab-e6e4-4602-963a-f6a50efbd54c: receive RaftClientReply:client-19C32667576E->48affcab-e6e4-4602-963a-f6a50efbd54c@group-50C56EAF5137, cid=1710, SUCCESS, logIndex=2479, commits[48affcab-e6e4-4602-963a-f6a50efbd54c:c2479, 7e391b60-07ae-4d97-a027-4756e468c032:c2477, c5f86d96-67df-4f25-bde3-316f439d30b3:c2477]
2019-08-23 18:29:01,721 | INFO  | DNAudit | user=null | ip=null | op=WRITE_CHUNK {blockData=conID: 1 locID: 102667710739579395 bcsId: 0} | ret=SUCCESS |  
2019-08-23 18:29:01,722 | INFO  | DNAudit | user=null | ip=null | op=WRITE_CHUNK {blockData=conID: 1 locID: 102667710739579395 bcsId: 0} | ret=SUCCESS |  
2019-08-23 18:29:01,722 | INFO  | DNAudit | user=null | ip=null | op=PUT_BLOCK {blockData=[blockId=conID: 1 locID: 102667710739579395 bcsId: 0,size=2097152]} | ret=SUCCESS |  
2019-08-23 18:29:01,722 | INFO  | DNAudit | user=null | ip=null | op=PUT_BLOCK {blockData=[blockId=conID: 1 locID: 102667710739579395 bcsId: 0,size=1048576]} | ret=SUCCESS |  
2019-08-23 18:29:01,722 | INFO  | DNAudit | user=null | ip=null | op=WRITE_CHUNK {blockData=conID: 1 locID: 102667710739579395 bcsId: 0} | ret=SUCCESS |  
2019-08-23 18:29:01,722 | INFO  | DNAudit | user=null | ip=null | op=PUT_BLOCK {blockData=[blockId=conID: 1 locID: 102667710739579395 bcsId: 0,size=1048576]} | ret=SUCCESS |  
2019-08-23 18:29:01,722 [grpc-default-executor-4] INFO  client.GrpcClientProtocolClient (GrpcClientProtocolClient.java:onNext(255)) - client-19C32667576E->48affcab-e6e4-4602-963a-f6a50efbd54c: receive RaftClientReply:client-19C32667576E->48affcab-e6e4-4602-963a-f6a50efbd54c@group-50C56EAF5137, cid=1711, SUCCESS, logIndex=2480, commits[48affcab-e6e4-4602-963a-f6a50efbd54c:c2481, 7e391b60-07ae-4d97-a027-4756e468c032:c2477, c5f86d96-67df-4f25-bde3-316f439d30b3:c2477]
2019-08-23 18:29:01,725 | INFO  | DNAudit | user=null | ip=null | op=WRITE_CHUNK {blockData=conID: 1 locID: 102667710739579395 bcsId: 0} | ret=SUCCESS |  
2019-08-23 18:29:01,724 [grpc-default-executor-4] INFO  client.GrpcClientProtocolClient (GrpcClientProtocolClient.java:onNext(255)) - client-19C32667576E->48affcab-e6e4-4602-963a-f6a50efbd54c: receive RaftClientReply:client-19C32667576E->48affcab-e6e4-4602-963a-f6a50efbd54c@group-50C56EAF5137, cid=1712, SUCCESS, logIndex=2481, commits[48affcab-e6e4-4602-963a-f6a50efbd54c:c2483, 7e391b60-07ae-4d97-a027-4756e468c032:c2479, c5f86d96-67df-4f25-bde3-316f439d30b3:c2479]
2019-08-23 18:29:01,725 | INFO  | DNAudit | user=null | ip=null | op=WRITE_CHUNK {blockData=conID: 1 locID: 102667710739579395 bcsId: 0} | ret=SUCCESS |  
2019-08-23 18:29:01,726 | INFO  | DNAudit | user=null | ip=null | op=PUT_BLOCK {blockData=[blockId=conID: 1 locID: 102667710739579395 bcsId: 0,size=2097152]} | ret=SUCCESS |  
2019-08-23 18:29:01,727 | INFO  | DNAudit | user=null | ip=null | op=PUT_BLOCK {blockData=[blockId=conID: 1 locID: 102667710739579395 bcsId: 0,size=2097152]} | ret=SUCCESS |  
2019-08-23 18:29:01,730 | INFO  | DNAudit | user=null | ip=null | op=WRITE_CHUNK {blockData=conID: 1 locID: 102667710739579395 bcsId: 2481} | ret=SUCCESS |  
2019-08-23 18:29:01,733 | INFO  | DNAudit | user=null | ip=null | op=WRITE_CHUNK {blockData=conID: 1 locID: 102667710739579395 bcsId: 2481} | ret=SUCCESS |  
2019-08-23 18:29:01,733 | INFO  | DNAudit | user=null | ip=null | op=WRITE_CHUNK {blockData=conID: 1 locID: 102667710739579395 bcsId: 2481} | ret=SUCCESS |  
2019-08-23 18:29:01,734 | INFO  | DNAudit | user=null | ip=null | op=WRITE_CHUNK {blockData=conID: 1 locID: 102667710739579395 bcsId: 2481} | ret=SUCCESS |  
2019-08-23 18:29:01,735 | INFO  | DNAudit | user=null | ip=null | op=PUT_BLOCK {blockData=[blockId=conID: 1 locID: 102667710739579395 bcsId: 0,size=3145728]} | ret=SUCCESS |  
2019-08-23 18:29:01,735 [grpc-default-executor-4] INFO  client.GrpcClientProtocolClient (GrpcClientProtocolClient.java:onNext(255)) - client-19C32667576E->48affcab-e6e4-4602-963a-f6a50efbd54c: receive RaftClientReply:client-19C32667576E->48affcab-e6e4-4602-963a-f6a50efbd54c@group-50C56EAF5137, cid=1713, SUCCESS, logIndex=2486, commits[48affcab-e6e4-4602-963a-f6a50efbd54c:c2487, 7e391b60-07ae-4d97-a027-4756e468c032:c2485, c5f86d96-67df-4f25-bde3-316f439d30b3:c2481]
2019-08-23 18:29:01,735 [grpc-default-executor-4] INFO  client.GrpcClientProtocolClient (GrpcClientProtocolClient.java:onNext(255)) - client-19C32667576E->48affcab-e6e4-4602-963a-f6a50efbd54c: receive RaftClientReply:client-19C32667576E->48affcab-e6e4-4602-963a-f6a50efbd54c@group-50C56EAF5137, cid=1714, SUCCESS, logIndex=2487, commits[48affcab-e6e4-4602-963a-f6a50efbd54c:c2487, 7e391b60-07ae-4d97-a027-4756e468c032:c2485, c5f86d96-67df-4f25-bde3-316f439d30b3:c2485]
2019-08-23 18:29:01,736 | INFO  | DNAudit | user=null | ip=null | op=WRITE_CHUNK {blockData=conID: 1 locID: 102667710739579395 bcsId: 2481} | ret=SUCCESS |  
2019-08-23 18:29:01,737 | INFO  | DNAudit | user=null | ip=null | op=WRITE_CHUNK {blockData=conID: 1 locID: 102667710739579395 bcsId: 2481} | ret=SUCCESS |  
2019-08-23 18:29:01,737 | INFO  | DNAudit | user=null | ip=null | op=PUT_BLOCK {blockData=[blockId=conID: 1 locID: 102667710739579395 bcsId: 0,size=3145728]} | ret=SUCCESS |  
2019-08-23 18:29:01,737 | INFO  | DNAudit | user=null | ip=null | op=PUT_BLOCK {blockData=[blockId=conID: 1 locID: 102667710739579395 bcsId: 0,size=3145728]} | ret=SUCCESS |  
2019-08-23 18:29:01,740 | INFO  | DNAudit | user=null | ip=null | op=WRITE_CHUNK {blockData=conID: 1 locID: 102667710739579395 bcsId: 2487} | ret=SUCCESS |  
2019-08-23 18:29:01,746 | INFO  | DNAudit | user=null | ip=null | op=WRITE_CHUNK {blockData=conID: 1 locID: 102667710739579395 bcsId: 2487} | ret=SUCCESS |  
2019-08-23 18:29:01,746 | INFO  | DNAudit | user=null | ip=null | op=WRITE_CHUNK {blockData=conID: 1 locID: 102667710739579395 bcsId: 2487} | ret=SUCCESS |  
2019-08-23 18:29:01,752 | INFO  | DNAudit | user=null | ip=null | op=WRITE_CHUNK {blockData=conID: 1 locID: 102667710739579395 bcsId: 2487} | ret=SUCCESS |  
2019-08-23 18:29:01,753 | INFO  | DNAudit | user=null | ip=null | op=PUT_BLOCK {blockData=[blockId=conID: 1 locID: 102667710739579395 bcsId: 0,size=4194304]} | ret=SUCCESS |  
2019-08-23 18:29:01,753 [grpc-default-executor-4] INFO  client.GrpcClientProtocolClient (GrpcClientProtocolClient.java:onNext(255)) - client-19C32667576E->48affcab-e6e4-4602-963a-f6a50efbd54c: receive RaftClientReply:client-19C32667576E->48affcab-e6e4-4602-963a-f6a50efbd54c@group-50C56EAF5137, cid=1715, SUCCESS, logIndex=2490, commits[48affcab-e6e4-4602-963a-f6a50efbd54c:c2491, 7e391b60-07ae-4d97-a027-4756e468c032:c2489, c5f86d96-67df-4f25-bde3-316f439d30b3:c2489]
2019-08-23 18:29:01,754 [grpc-default-executor-4] INFO  client.GrpcClientProtocolClient (GrpcClientProtocolClient.java:onNext(255)) - client-19C32667576E->48affcab-e6e4-4602-963a-f6a50efbd54c: receive RaftClientReply:client-19C32667576E->48affcab-e6e4-4602-963a-f6a50efbd54c@group-50C56EAF5137, cid=1716, SUCCESS, logIndex=2491, commits[48affcab-e6e4-4602-963a-f6a50efbd54c:c2491, 7e391b60-07ae-4d97-a027-4756e468c032:c2489, c5f86d96-67df-4f25-bde3-316f439d30b3:c2489]
2019-08-23 18:29:01,755 | INFO  | DNAudit | user=null | ip=null | op=WRITE_CHUNK {blockData=conID: 1 locID: 102667710739579395 bcsId: 2487} | ret=SUCCESS |  
2019-08-23 18:29:01,755 | INFO  | DNAudit | user=null | ip=null | op=WRITE_CHUNK {blockData=conID: 1 locID: 102667710739579395 bcsId: 2487} | ret=SUCCESS |  
2019-08-23 18:29:01,756 | INFO  | DNAudit | user=null | ip=null | op=PUT_BLOCK {blockData=[blockId=conID: 1 locID: 102667710739579395 bcsId: 0,size=4194304]} | ret=SUCCESS |  
2019-08-23 18:29:01,756 | INFO  | DNAudit | user=null | ip=null | op=PUT_BLOCK {blockData=[blockId=conID: 1 locID: 102667710739579395 bcsId: 0,size=4194304]} | ret=SUCCESS |  
2019-08-23 18:29:01,756 [grpc-default-executor-4] INFO  client.GrpcClientProtocolClient (GrpcClientProtocolClient.java:onNext(255)) - client-19C32667576E->48affcab-e6e4-4602-963a-f6a50efbd54c: receive RaftClientReply:client-19C32667576E->48affcab-e6e4-4602-963a-f6a50efbd54c@group-50C56EAF5137, cid=1717, SUCCESS, logIndex=0, commits[48affcab-e6e4-4602-963a-f6a50efbd54c:c2493, 7e391b60-07ae-4d97-a027-4756e468c032:c2491, c5f86d96-67df-4f25-bde3-316f439d30b3:c2491]
2019-08-23 18:29:01,760 | INFO  | SCMAudit | user=jenkins1000 | ip=192.168.34.23 | op=ALLOCATE_BLOCK {owner=1ceb8b80-28f1-43fd-86c3-175afc07b8d1, size=4194304, type=RATIS, factor=THREE} | ret=SUCCESS |  
2019-08-23 18:29:01,763 | INFO  | OMAudit | user=jenkins1000 | ip=127.0.0.1 | op=ALLOCATE_BLOCK {volume=vol-0-45438, bucket=bucket-0-23891, key=key-0-22455, dataSize=0, replicationType=null, replicationFactor=null, keyLocationInfo=null, clientID=102667710122492306} | ret=SUCCESS |  
2019-08-23 18:29:01,769 | INFO  | DNAudit | user=null | ip=null | op=WRITE_CHUNK {blockData=conID: 2 locID: 102667710743183876 bcsId: 0} | ret=SUCCESS |  
2019-08-23 18:29:01,772 | INFO  | DNAudit | user=null | ip=null | op=WRITE_CHUNK {blockData=conID: 2 locID: 102667710743183876 bcsId: 0} | ret=SUCCESS |  
2019-08-23 18:29:01,772 | INFO  | DNAudit | user=null | ip=null | op=WRITE_CHUNK {blockData=conID: 2 locID: 102667710743183876 bcsId: 0} | ret=SUCCESS |  
2019-08-23 18:29:01,772 | INFO  | DNAudit | user=null | ip=null | op=WRITE_CHUNK {blockData=conID: 2 locID: 102667710743183876 bcsId: 0} | ret=SUCCESS |  
2019-08-23 18:29:01,774 | INFO  | DNAudit | user=null | ip=null | op=WRITE_CHUNK {blockData=conID: 2 locID: 102667710743183876 bcsId: 0} | ret=SUCCESS |  
2019-08-23 18:29:01,774 | INFO  | DNAudit | user=null | ip=null | op=WRITE_CHUNK {blockData=conID: 2 locID: 102667710743183876 bcsId: 0} | ret=SUCCESS |  
2019-08-23 18:29:01,775 | INFO  | DNAudit | user=null | ip=null | op=WRITE_CHUNK {blockData=conID: 2 locID: 102667710743183876 bcsId: 0} | ret=SUCCESS |  
2019-08-23 18:29:01,776 | INFO  | DNAudit | user=null | ip=null | op=PUT_BLOCK {blockData=[blockId=conID: 2 locID: 102667710743183876 bcsId: 0,size=1048576]} | ret=SUCCESS |  
2019-08-23 18:29:01,776 [grpc-default-executor-3] INFO  client.GrpcClientProtocolClient (GrpcClientProtocolClient.java:onNext(255)) - client-19C32667576E->48affcab-e6e4-4602-963a-f6a50efbd54c: receive RaftClientReply:client-19C32667576E->48affcab-e6e4-4602-963a-f6a50efbd54c@group-50C56EAF5137, cid=1718, SUCCESS, logIndex=2494, commits[48affcab-e6e4-4602-963a-f6a50efbd54c:c2495, 7e391b60-07ae-4d97-a027-4756e468c032:c2493, c5f86d96-67df-4f25-bde3-316f439d30b3:c2493]
2019-08-23 18:29:01,776 | INFO  | DNAudit | user=null | ip=null | op=WRITE_CHUNK {blockData=conID: 2 locID: 102667710743183876 bcsId: 0} | ret=SUCCESS |  
2019-08-23 18:29:01,776 [grpc-default-executor-3] INFO  client.GrpcClientProtocolClient (GrpcClientProtocolClient.java:onNext(255)) - client-19C32667576E->48affcab-e6e4-4602-963a-f6a50efbd54c: receive RaftClientReply:client-19C32667576E->48affcab-e6e4-4602-963a-f6a50efbd54c@group-50C56EAF5137, cid=1719, SUCCESS, logIndex=2495, commits[48affcab-e6e4-4602-963a-f6a50efbd54c:c2497, 7e391b60-07ae-4d97-a027-4756e468c032:c2493, c5f86d96-67df-4f25-bde3-316f439d30b3:c2493]
2019-08-23 18:29:01,777 | INFO  | DNAudit | user=null | ip=null | op=PUT_BLOCK {blockData=[blockId=conID: 2 locID: 102667710743183876 bcsId: 0,size=2097152]} | ret=SUCCESS |  
2019-08-23 18:29:01,777 [grpc-default-executor-3] INFO  client.GrpcClientProtocolClient (GrpcClientProtocolClient.java:onNext(255)) - client-19C32667576E->48affcab-e6e4-4602-963a-f6a50efbd54c: receive RaftClientReply:client-19C32667576E->48affcab-e6e4-4602-963a-f6a50efbd54c@group-50C56EAF5137, cid=1720, SUCCESS, logIndex=2496, commits[48affcab-e6e4-4602-963a-f6a50efbd54c:c2497, 7e391b60-07ae-4d97-a027-4756e468c032:c2493, c5f86d96-67df-4f25-bde3-316f439d30b3:c2493]
2019-08-23 18:29:01,777 | INFO  | DNAudit | user=null | ip=null | op=WRITE_CHUNK {blockData=conID: 2 locID: 102667710743183876 bcsId: 0} | ret=SUCCESS |  
2019-08-23 18:29:01,777 [grpc-default-executor-3] INFO  client.GrpcClientProtocolClient (GrpcClientProtocolClient.java:onNext(255)) - client-19C32667576E->48affcab-e6e4-4602-963a-f6a50efbd54c: receive RaftClientReply:client-19C32667576E->48affcab-e6e4-4602-963a-f6a50efbd54c@group-50C56EAF5137, cid=1721, SUCCESS, logIndex=2497, commits[48affcab-e6e4-4602-963a-f6a50efbd54c:c2497, 7e391b60-07ae-4d97-a027-4756e468c032:c2493, c5f86d96-67df-4f25-bde3-316f439d30b3:c2493]
2019-08-23 18:29:01,778 | INFO  | DNAudit | user=null | ip=null | op=PUT_BLOCK {blockData=[blockId=conID: 2 locID: 102667710743183876 bcsId: 0,size=1048576]} | ret=SUCCESS |  
2019-08-23 18:29:01,778 | INFO  | DNAudit | user=null | ip=null | op=WRITE_CHUNK {blockData=conID: 2 locID: 102667710743183876 bcsId: 0} | ret=SUCCESS |  
2019-08-23 18:29:01,778 | INFO  | DNAudit | user=null | ip=null | op=PUT_BLOCK {blockData=[blockId=conID: 2 locID: 102667710743183876 bcsId: 0,size=1048576]} | ret=SUCCESS |  
2019-08-23 18:29:01,778 | INFO  | DNAudit | user=null | ip=null | op=WRITE_CHUNK {blockData=conID: 2 locID: 102667710743183876 bcsId: 0} | ret=SUCCESS |  
2019-08-23 18:29:01,778 | INFO  | DNAudit | user=null | ip=null | op=PUT_BLOCK {blockData=[blockId=conID: 2 locID: 102667710743183876 bcsId: 0,size=2097152]} | ret=SUCCESS |  
2019-08-23 18:29:01,778 [grpc-default-executor-3] INFO  client.GrpcClientProtocolClient (GrpcClientProtocolClient.java:onNext(255)) - client-19C32667576E->48affcab-e6e4-4602-963a-f6a50efbd54c: receive RaftClientReply:client-19C32667576E->48affcab-e6e4-4602-963a-f6a50efbd54c@group-50C56EAF5137, cid=1722, SUCCESS, logIndex=0, commits[48affcab-e6e4-4602-963a-f6a50efbd54c:c2498, 7e391b60-07ae-4d97-a027-4756e468c032:c2495, c5f86d96-67df-4f25-bde3-316f439d30b3:c2495]
2019-08-23 18:29:01,779 | INFO  | DNAudit | user=null | ip=null | op=WRITE_CHUNK {blockData=conID: 2 locID: 102667710743183876 bcsId: 0} | ret=SUCCESS |  
2019-08-23 18:29:01,779 | INFO  | DNAudit | user=null | ip=null | op=PUT_BLOCK {blockData=[blockId=conID: 2 locID: 102667710743183876 bcsId: 0,size=2097152]} | ret=SUCCESS |  
2019-08-23 18:29:01,783 | INFO  | DNAudit | user=null | ip=null | op=WRITE_CHUNK {blockData=conID: 2 locID: 102667710743183876 bcsId: 2497} | ret=SUCCESS |  
2019-08-23 18:29:01,786 | INFO  | DNAudit | user=null | ip=null | op=WRITE_CHUNK {blockData=conID: 2 locID: 102667710743183876 bcsId: 2497} | ret=SUCCESS |  
2019-08-23 18:29:01,787 | INFO  | DNAudit | user=null | ip=null | op=WRITE_CHUNK {blockData=conID: 2 locID: 102667710743183876 bcsId: 2497} | ret=SUCCESS |  
2019-08-23 18:29:01,789 | INFO  | DNAudit | user=null | ip=null | op=WRITE_CHUNK {blockData=conID: 2 locID: 102667710743183876 bcsId: 2497} | ret=SUCCESS |  
2019-08-23 18:29:01,790 | INFO  | DNAudit | user=null | ip=null | op=PUT_BLOCK {blockData=[blockId=conID: 2 locID: 102667710743183876 bcsId: 0,size=3145728]} | ret=SUCCESS |  
2019-08-23 18:29:01,790 [grpc-default-executor-3] INFO  client.GrpcClientProtocolClient (GrpcClientProtocolClient.java:onNext(255)) - client-19C32667576E->48affcab-e6e4-4602-963a-f6a50efbd54c: receive RaftClientReply:client-19C32667576E->48affcab-e6e4-4602-963a-f6a50efbd54c@group-50C56EAF5137, cid=1723, SUCCESS, logIndex=2501, commits[48affcab-e6e4-4602-963a-f6a50efbd54c:c2502, 7e391b60-07ae-4d97-a027-4756e468c032:c2500, c5f86d96-67df-4f25-bde3-316f439d30b3:c2500]
2019-08-23 18:29:01,790 | INFO  | DNAudit | user=null | ip=null | op=WRITE_CHUNK {blockData=conID: 2 locID: 102667710743183876 bcsId: 2497} | ret=SUCCESS |  
2019-08-23 18:29:01,790 [grpc-default-executor-3] INFO  client.GrpcClientProtocolClient (GrpcClientProtocolClient.java:onNext(255)) - client-19C32667576E->48affcab-e6e4-4602-963a-f6a50efbd54c: receive RaftClientReply:client-19C32667576E->48affcab-e6e4-4602-963a-f6a50efbd54c@group-50C56EAF5137, cid=1724, SUCCESS, logIndex=2502, commits[48affcab-e6e4-4602-963a-f6a50efbd54c:c2502, 7e391b60-07ae-4d97-a027-4756e468c032:c2500, c5f86d96-67df-4f25-bde3-316f439d30b3:c2500]
2019-08-23 18:29:01,790 | INFO  | DNAudit | user=null | ip=null | op=PUT_BLOCK {blockData=[blockId=conID: 2 locID: 102667710743183876 bcsId: 0,size=3145728]} | ret=SUCCESS |  
2019-08-23 18:29:01,791 | INFO  | DNAudit | user=null | ip=null | op=WRITE_CHUNK {blockData=conID: 2 locID: 102667710743183876 bcsId: 2497} | ret=SUCCESS |  
2019-08-23 18:29:01,792 | INFO  | DNAudit | user=null | ip=null | op=PUT_BLOCK {blockData=[blockId=conID: 2 locID: 102667710743183876 bcsId: 0,size=3145728]} | ret=SUCCESS |  
2019-08-23 18:29:01,795 | INFO  | DNAudit | user=null | ip=null | op=WRITE_CHUNK {blockData=conID: 2 locID: 102667710743183876 bcsId: 2502} | ret=SUCCESS |  
2019-08-23 18:29:01,797 | INFO  | DNAudit | user=null | ip=null | op=WRITE_CHUNK {blockData=conID: 2 locID: 102667710743183876 bcsId: 2502} | ret=SUCCESS |  
2019-08-23 18:29:01,797 | INFO  | DNAudit | user=null | ip=null | op=WRITE_CHUNK {blockData=conID: 2 locID: 102667710743183876 bcsId: 2502} | ret=SUCCESS |  
2019-08-23 18:29:01,800 | INFO  | DNAudit | user=null | ip=null | op=WRITE_CHUNK {blockData=conID: 2 locID: 102667710743183876 bcsId: 2502} | ret=SUCCESS |  
2019-08-23 18:29:01,800 | INFO  | DNAudit | user=null | ip=null | op=PUT_BLOCK {blockData=[blockId=conID: 2 locID: 102667710743183876 bcsId: 0,size=4194304]} | ret=SUCCESS |  
2019-08-23 18:29:01,800 [grpc-default-executor-4] INFO  client.GrpcClientProtocolClient (GrpcClientProtocolClient.java:onNext(255)) - client-19C32667576E->48affcab-e6e4-4602-963a-f6a50efbd54c: receive RaftClientReply:client-19C32667576E->48affcab-e6e4-4602-963a-f6a50efbd54c@group-50C56EAF5137, cid=1725, SUCCESS, logIndex=2505, commits[48affcab-e6e4-4602-963a-f6a50efbd54c:c2506, 7e391b60-07ae-4d97-a027-4756e468c032:c2504, c5f86d96-67df-4f25-bde3-316f439d30b3:c2502]
2019-08-23 18:29:01,801 [grpc-default-executor-4] INFO  client.GrpcClientProtocolClient (GrpcClientProtocolClient.java:onNext(255)) - client-19C32667576E->48affcab-e6e4-4602-963a-f6a50efbd54c: receive RaftClientReply:client-19C32667576E->48affcab-e6e4-4602-963a-f6a50efbd54c@group-50C56EAF5137, cid=1726, SUCCESS, logIndex=2506, commits[48affcab-e6e4-4602-963a-f6a50efbd54c:c2506, 7e391b60-07ae-4d97-a027-4756e468c032:c2504, c5f86d96-67df-4f25-bde3-316f439d30b3:c2504]
2019-08-23 18:29:01,801 | INFO  | DNAudit | user=null | ip=null | op=WRITE_CHUNK {blockData=conID: 2 locID: 102667710743183876 bcsId: 2502} | ret=SUCCESS |  
2019-08-23 18:29:01,801 | INFO  | DNAudit | user=null | ip=null | op=WRITE_CHUNK {blockData=conID: 2 locID: 102667710743183876 bcsId: 2502} | ret=SUCCESS |  
2019-08-23 18:29:01,801 | INFO  | DNAudit | user=null | ip=null | op=PUT_BLOCK {blockData=[blockId=conID: 2 locID: 102667710743183876 bcsId: 0,size=4194304]} | ret=SUCCESS |  
2019-08-23 18:29:01,802 | INFO  | DNAudit | user=null | ip=null | op=PUT_BLOCK {blockData=[blockId=conID: 2 locID: 102667710743183876 bcsId: 0,size=4194304]} | ret=SUCCESS |  
2019-08-23 18:29:01,802 [grpc-default-executor-4] INFO  client.GrpcClientProtocolClient (GrpcClientProtocolClient.java:onNext(255)) - client-19C32667576E->48affcab-e6e4-4602-963a-f6a50efbd54c: receive RaftClientReply:client-19C32667576E->48affcab-e6e4-4602-963a-f6a50efbd54c@group-50C56EAF5137, cid=1727, SUCCESS, logIndex=0, commits[48affcab-e6e4-4602-963a-f6a50efbd54c:c2507, 7e391b60-07ae-4d97-a027-4756e468c032:c2506, c5f86d96-67df-4f25-bde3-316f439d30b3:c2506]
2019-08-23 18:29:01,807 | INFO  | SCMAudit | user=jenkins1000 | ip=192.168.34.23 | op=ALLOCATE_BLOCK {owner=1ceb8b80-28f1-43fd-86c3-175afc07b8d1, size=4194304, type=RATIS, factor=THREE} | ret=SUCCESS |  
2019-08-23 18:29:01,809 | INFO  | OMAudit | user=jenkins1000 | ip=127.0.0.1 | op=ALLOCATE_BLOCK {volume=vol-0-45438, bucket=bucket-0-23891, key=key-0-22455, dataSize=0, replicationType=null, replicationFactor=null, keyLocationInfo=null, clientID=102667710122492306} | ret=SUCCESS |  
2019-08-23 18:29:01,815 | INFO  | DNAudit | user=null | ip=null | op=WRITE_CHUNK {blockData=conID: 3 locID: 102667710746198533 bcsId: 0} | ret=SUCCESS |  
2019-08-23 18:29:01,817 | INFO  | DNAudit | user=null | ip=null | op=WRITE_CHUNK {blockData=conID: 3 locID: 102667710746198533 bcsId: 0} | ret=SUCCESS |  
2019-08-23 18:29:01,818 | INFO  | DNAudit | user=null | ip=null | op=WRITE_CHUNK {blockData=conID: 3 locID: 102667710746198533 bcsId: 0} | ret=SUCCESS |  
2019-08-23 18:29:01,818 | INFO  | DNAudit | user=null | ip=null | op=WRITE_CHUNK {blockData=conID: 3 locID: 102667710746198533 bcsId: 0} | ret=SUCCESS |  
2019-08-23 18:29:01,819 | INFO  | DNAudit | user=null | ip=null | op=WRITE_CHUNK {blockData=conID: 3 locID: 102667710746198533 bcsId: 0} | ret=SUCCESS |  
2019-08-23 18:29:01,819 | INFO  | DNAudit | user=null | ip=null | op=WRITE_CHUNK {blockData=conID: 3 locID: 102667710746198533 bcsId: 0} | ret=SUCCESS |  
2019-08-23 18:29:01,823 | INFO  | DNAudit | user=null | ip=null | op=WRITE_CHUNK {blockData=conID: 3 locID: 102667710746198533 bcsId: 0} | ret=SUCCESS |  
2019-08-23 18:29:01,823 | INFO  | DNAudit | user=null | ip=null | op=PUT_BLOCK {blockData=[blockId=conID: 3 locID: 102667710746198533 bcsId: 0,size=1048576]} | ret=SUCCESS |  
2019-08-23 18:29:01,823 [grpc-default-executor-4] INFO  client.GrpcClientProtocolClient (GrpcClientProtocolClient.java:onNext(255)) - client-19C32667576E->48affcab-e6e4-4602-963a-f6a50efbd54c: receive RaftClientReply:client-19C32667576E->48affcab-e6e4-4602-963a-f6a50efbd54c@group-50C56EAF5137, cid=1728, SUCCESS, logIndex=2509, commits[48affcab-e6e4-4602-963a-f6a50efbd54c:c2510, 7e391b60-07ae-4d97-a027-4756e468c032:c2508, c5f86d96-67df-4f25-bde3-316f439d30b3:c2508]
2019-08-23 18:29:01,823 | INFO  | DNAudit | user=null | ip=null | op=WRITE_CHUNK {blockData=conID: 3 locID: 102667710746198533 bcsId: 0} | ret=SUCCESS |  
2019-08-23 18:29:01,824 [grpc-default-executor-4] INFO  client.GrpcClientProtocolClient (GrpcClientProtocolClient.java:onNext(255)) - client-19C32667576E->48affcab-e6e4-4602-963a-f6a50efbd54c: receive RaftClientReply:client-19C32667576E->48affcab-e6e4-4602-963a-f6a50efbd54c@group-50C56EAF5137, cid=1729, SUCCESS, logIndex=2510, commits[48affcab-e6e4-4602-963a-f6a50efbd54c:c2512, 7e391b60-07ae-4d97-a027-4756e468c032:c2508, c5f86d96-67df-4f25-bde3-316f439d30b3:c2508]
2019-08-23 18:29:01,824 | INFO  | DNAudit | user=null | ip=null | op=PUT_BLOCK {blockData=[blockId=conID: 3 locID: 102667710746198533 bcsId: 0,size=2097152]} | ret=SUCCESS |  
2019-08-23 18:29:01,824 [grpc-default-executor-4] INFO  client.GrpcClientProtocolClient (GrpcClientProtocolClient.java:onNext(255)) - client-19C32667576E->48affcab-e6e4-4602-963a-f6a50efbd54c: receive RaftClientReply:client-19C32667576E->48affcab-e6e4-4602-963a-f6a50efbd54c@group-50C56EAF5137, cid=1730, SUCCESS, logIndex=2511, commits[48affcab-e6e4-4602-963a-f6a50efbd54c:c2512, 7e391b60-07ae-4d97-a027-4756e468c032:c2508, c5f86d96-67df-4f25-bde3-316f439d30b3:c2508]
2019-08-23 18:29:01,824 | INFO  | DNAudit | user=null | ip=null | op=WRITE_CHUNK {blockData=conID: 3 locID: 102667710746198533 bcsId: 0} | ret=SUCCESS |  
2019-08-23 18:29:01,824 | INFO  | DNAudit | user=null | ip=null | op=WRITE_CHUNK {blockData=conID: 3 locID: 102667710746198533 bcsId: 0} | ret=SUCCESS |  
2019-08-23 18:29:01,824 [grpc-default-executor-4] INFO  client.GrpcClientProtocolClient (GrpcClientProtocolClient.java:onNext(255)) - client-19C32667576E->48affcab-e6e4-4602-963a-f6a50efbd54c: receive RaftClientReply:client-19C32667576E->48affcab-e6e4-4602-963a-f6a50efbd54c@group-50C56EAF5137, cid=1731, SUCCESS, logIndex=2512, commits[48affcab-e6e4-4602-963a-f6a50efbd54c:c2512, 7e391b60-07ae-4d97-a027-4756e468c032:c2508, c5f86d96-67df-4f25-bde3-316f439d30b3:c2508]
2019-08-23 18:29:01,825 | INFO  | DNAudit | user=null | ip=null | op=PUT_BLOCK {blockData=[blockId=conID: 3 locID: 102667710746198533 bcsId: 0,size=1048576]} | ret=SUCCESS |  
2019-08-23 18:29:01,826 | INFO  | DNAudit | user=null | ip=null | op=PUT_BLOCK {blockData=[blockId=conID: 3 locID: 102667710746198533 bcsId: 0,size=1048576]} | ret=SUCCESS |  
2019-08-23 18:29:01,826 | INFO  | DNAudit | user=null | ip=null | op=WRITE_CHUNK {blockData=conID: 3 locID: 102667710746198533 bcsId: 0} | ret=SUCCESS |  
2019-08-23 18:29:01,826 | INFO  | DNAudit | user=null | ip=null | op=WRITE_CHUNK {blockData=conID: 3 locID: 102667710746198533 bcsId: 0} | ret=SUCCESS |  
2019-08-23 18:29:01,826 | INFO  | DNAudit | user=null | ip=null | op=PUT_BLOCK {blockData=[blockId=conID: 3 locID: 102667710746198533 bcsId: 0,size=2097152]} | ret=SUCCESS |  
2019-08-23 18:29:01,826 | INFO  | DNAudit | user=null | ip=null | op=PUT_BLOCK {blockData=[blockId=conID: 3 locID: 102667710746198533 bcsId: 0,size=2097152]} | ret=SUCCESS |  
2019-08-23 18:29:01,826 [grpc-default-executor-4] INFO  client.GrpcClientProtocolClient (GrpcClientProtocolClient.java:onNext(255)) - client-19C32667576E->48affcab-e6e4-4602-963a-f6a50efbd54c: receive RaftClientReply:client-19C32667576E->48affcab-e6e4-4602-963a-f6a50efbd54c@group-50C56EAF5137, cid=1732, SUCCESS, logIndex=0, commits[48affcab-e6e4-4602-963a-f6a50efbd54c:c2514, 7e391b60-07ae-4d97-a027-4756e468c032:c2510, c5f86d96-67df-4f25-bde3-316f439d30b3:c2510]
2019-08-23 18:29:01,831 | INFO  | DNAudit | user=null | ip=null | op=WRITE_CHUNK {blockData=conID: 3 locID: 102667710746198533 bcsId: 2512} | ret=SUCCESS |  
2019-08-23 18:29:01,833 | INFO  | DNAudit | user=null | ip=null | op=WRITE_CHUNK {blockData=conID: 3 locID: 102667710746198533 bcsId: 2512} | ret=SUCCESS |  
2019-08-23 18:29:01,833 | INFO  | DNAudit | user=null | ip=null | op=WRITE_CHUNK {blockData=conID: 3 locID: 102667710746198533 bcsId: 2512} | ret=SUCCESS |  
2019-08-23 18:29:01,876 | INFO  | DNAudit | user=null | ip=null | op=WRITE_CHUNK {blockData=conID: 3 locID: 102667710746198533 bcsId: 2512} | ret=SUCCESS |  
2019-08-23 18:29:01,877 | INFO  | DNAudit | user=null | ip=null | op=PUT_BLOCK {blockData=[blockId=conID: 3 locID: 102667710746198533 bcsId: 0,size=3145728]} | ret=SUCCESS |  
2019-08-23 18:29:01,877 [grpc-default-executor-4] INFO  client.GrpcClientProtocolClient (GrpcClientProtocolClient.java:onNext(255)) - client-19C32667576E->48affcab-e6e4-4602-963a-f6a50efbd54c: receive RaftClientReply:client-19C32667576E->48affcab-e6e4-4602-963a-f6a50efbd54c@group-50C56EAF5137, cid=1733, SUCCESS, logIndex=2516, commits[48affcab-e6e4-4602-963a-f6a50efbd54c:c2517, 7e391b60-07ae-4d97-a027-4756e468c032:c2515, c5f86d96-67df-4f25-bde3-316f439d30b3:c2515]
2019-08-23 18:29:01,877 [grpc-default-executor-4] INFO  client.GrpcClientProtocolClient (GrpcClientProtocolClient.java:onNext(255)) - client-19C32667576E->48affcab-e6e4-4602-963a-f6a50efbd54c: receive RaftClientReply:client-19C32667576E->48affcab-e6e4-4602-963a-f6a50efbd54c@group-50C56EAF5137, cid=1734, SUCCESS, logIndex=2517, commits[48affcab-e6e4-4602-963a-f6a50efbd54c:c2517, 7e391b60-07ae-4d97-a027-4756e468c032:c2515, c5f86d96-67df-4f25-bde3-316f439d30b3:c2515]
2019-08-23 18:29:01,882 | INFO  | DNAudit | user=null | ip=null | op=WRITE_CHUNK {blockData=conID: 3 locID: 102667710746198533 bcsId: 2517} | ret=SUCCESS |  
2019-08-23 18:29:01,885 | INFO  | DNAudit | user=null | ip=null | op=WRITE_CHUNK {blockData=conID: 3 locID: 102667710746198533 bcsId: 2517} | ret=SUCCESS |  
2019-08-23 18:29:01,885 | INFO  | DNAudit | user=null | ip=null | op=WRITE_CHUNK {blockData=conID: 3 locID: 102667710746198533 bcsId: 2517} | ret=SUCCESS |  
2019-08-23 18:29:01,888 | INFO  | DNAudit | user=null | ip=null | op=WRITE_CHUNK {blockData=conID: 3 locID: 102667710746198533 bcsId: 2512} | ret=SUCCESS |  
2019-08-23 18:29:01,888 | INFO  | DNAudit | user=null | ip=null | op=WRITE_CHUNK {blockData=conID: 3 locID: 102667710746198533 bcsId: 2512} | ret=SUCCESS |  
2019-08-23 18:29:01,889 | INFO  | DNAudit | user=null | ip=null | op=PUT_BLOCK {blockData=[blockId=conID: 3 locID: 102667710746198533 bcsId: 0,size=3145728]} | ret=SUCCESS |  
2019-08-23 18:29:01,889 | INFO  | DNAudit | user=null | ip=null | op=PUT_BLOCK {blockData=[blockId=conID: 3 locID: 102667710746198533 bcsId: 0,size=3145728]} | ret=SUCCESS |  
2019-08-23 18:29:01,889 | INFO  | DNAudit | user=null | ip=null | op=WRITE_CHUNK {blockData=conID: 3 locID: 102667710746198533 bcsId: 2517} | ret=SUCCESS |  
2019-08-23 18:29:01,890 | INFO  | DNAudit | user=null | ip=null | op=PUT_BLOCK {blockData=[blockId=conID: 3 locID: 102667710746198533 bcsId: 0,size=4194304]} | ret=SUCCESS |  
2019-08-23 18:29:01,890 [grpc-default-executor-5] INFO  client.GrpcClientProtocolClient (GrpcClientProtocolClient.java:onNext(255)) - client-19C32667576E->48affcab-e6e4-4602-963a-f6a50efbd54c: receive RaftClientReply:client-19C32667576E->48affcab-e6e4-4602-963a-f6a50efbd54c@group-50C56EAF5137, cid=1735, SUCCESS, logIndex=2520, commits[48affcab-e6e4-4602-963a-f6a50efbd54c:c2521, 7e391b60-07ae-4d97-a027-4756e468c032:c2517, c5f86d96-67df-4f25-bde3-316f439d30b3:c2517]
2019-08-23 18:29:01,890 [grpc-default-executor-5] INFO  client.GrpcClientProtocolClient (GrpcClientProtocolClient.java:onNext(255)) - client-19C32667576E->48affcab-e6e4-4602-963a-f6a50efbd54c: receive RaftClientReply:client-19C32667576E->48affcab-e6e4-4602-963a-f6a50efbd54c@group-50C56EAF5137, cid=1736, SUCCESS, logIndex=2521, commits[48affcab-e6e4-4602-963a-f6a50efbd54c:c2521, 7e391b60-07ae-4d97-a027-4756e468c032:c2517, c5f86d96-67df-4f25-bde3-316f439d30b3:c2517]
2019-08-23 18:29:01,901 | INFO  | DNAudit | user=null | ip=null | op=WRITE_CHUNK {blockData=conID: 3 locID: 102667710746198533 bcsId: 2517} | ret=SUCCESS |  
2019-08-23 18:29:01,901 | INFO  | DNAudit | user=null | ip=null | op=WRITE_CHUNK {blockData=conID: 3 locID: 102667710746198533 bcsId: 2517} | ret=SUCCESS |  
2019-08-23 18:29:01,901 | INFO  | DNAudit | user=null | ip=null | op=PUT_BLOCK {blockData=[blockId=conID: 3 locID: 102667710746198533 bcsId: 0,size=4194304]} | ret=SUCCESS |  
2019-08-23 18:29:01,902 | INFO  | DNAudit | user=null | ip=null | op=PUT_BLOCK {blockData=[blockId=conID: 3 locID: 102667710746198533 bcsId: 0,size=4194304]} | ret=SUCCESS |  
2019-08-23 18:29:01,902 [grpc-default-executor-5] INFO  client.GrpcClientProtocolClient (GrpcClientProtocolClient.java:onNext(255)) - client-19C32667576E->48affcab-e6e4-4602-963a-f6a50efbd54c: receive RaftClientReply:client-19C32667576E->48affcab-e6e4-4602-963a-f6a50efbd54c@group-50C56EAF5137, cid=1737, SUCCESS, logIndex=0, commits[48affcab-e6e4-4602-963a-f6a50efbd54c:c2522, 7e391b60-07ae-4d97-a027-4756e468c032:c2521, c5f86d96-67df-4f25-bde3-316f439d30b3:c2521]
2019-08-23 18:29:01,906 | INFO  | SCMAudit | user=jenkins1000 | ip=192.168.34.23 | op=ALLOCATE_BLOCK {owner=1ceb8b80-28f1-43fd-86c3-175afc07b8d1, size=4194304, type=RATIS, factor=THREE} | ret=SUCCESS |  
2019-08-23 18:29:01,909 | INFO  | OMAudit | user=jenkins1000 | ip=127.0.0.1 | op=ALLOCATE_BLOCK {volume=vol-0-45438, bucket=bucket-0-23891, key=key-0-22455, dataSize=0, replicationType=null, replicationFactor=null, keyLocationInfo=null, clientID=102667710122492306} | ret=SUCCESS |  
2019-08-23 18:29:01,917 | INFO  | DNAudit | user=null | ip=null | op=WRITE_CHUNK {blockData=conID: 1 locID: 102667710752752134 bcsId: 0} | ret=SUCCESS |  
2019-08-23 18:29:01,919 | INFO  | DNAudit | user=null | ip=null | op=WRITE_CHUNK {blockData=conID: 1 locID: 102667710752752134 bcsId: 0} | ret=SUCCESS |  
2019-08-23 18:29:01,920 | INFO  | DNAudit | user=null | ip=null | op=WRITE_CHUNK {blockData=conID: 1 locID: 102667710752752134 bcsId: 0} | ret=SUCCESS |  
2019-08-23 18:29:01,920 | INFO  | DNAudit | user=null | ip=null | op=WRITE_CHUNK {blockData=conID: 1 locID: 102667710752752134 bcsId: 0} | ret=SUCCESS |  
2019-08-23 18:29:01,921 | INFO  | DNAudit | user=null | ip=null | op=WRITE_CHUNK {blockData=conID: 1 locID: 102667710752752134 bcsId: 0} | ret=SUCCESS |  
2019-08-23 18:29:01,922 | INFO  | DNAudit | user=null | ip=null | op=WRITE_CHUNK {blockData=conID: 1 locID: 102667710752752134 bcsId: 0} | ret=SUCCESS |  
2019-08-23 18:29:01,930 | INFO  | DNAudit | user=null | ip=null | op=WRITE_CHUNK {blockData=conID: 1 locID: 102667710752752134 bcsId: 0} | ret=SUCCESS |  
2019-08-23 18:29:01,930 | INFO  | DNAudit | user=null | ip=null | op=PUT_BLOCK {blockData=[blockId=conID: 1 locID: 102667710752752134 bcsId: 0,size=1048576]} | ret=SUCCESS |  
2019-08-23 18:29:01,933 | INFO  | DNAudit | user=null | ip=null | op=WRITE_CHUNK {blockData=conID: 1 locID: 102667710752752134 bcsId: 0} | ret=SUCCESS |  
2019-08-23 18:29:01,933 | INFO  | DNAudit | user=null | ip=null | op=WRITE_CHUNK {blockData=conID: 1 locID: 102667710752752134 bcsId: 0} | ret=SUCCESS |  
2019-08-23 18:29:01,934 | INFO  | DNAudit | user=null | ip=null | op=PUT_BLOCK {blockData=[blockId=conID: 1 locID: 102667710752752134 bcsId: 0,size=2097152]} | ret=SUCCESS |  
2019-08-23 18:29:01,934 | INFO  | DNAudit | user=null | ip=null | op=PUT_BLOCK {blockData=[blockId=conID: 1 locID: 102667710752752134 bcsId: 0,size=1048576]} | ret=SUCCESS |  
2019-08-23 18:29:01,933 [grpc-default-executor-4] INFO  client.GrpcClientProtocolClient (GrpcClientProtocolClient.java:onNext(255)) - client-19C32667576E->48affcab-e6e4-4602-963a-f6a50efbd54c: receive RaftClientReply:client-19C32667576E->48affcab-e6e4-4602-963a-f6a50efbd54c@group-50C56EAF5137, cid=1738, SUCCESS, logIndex=2524, commits[48affcab-e6e4-4602-963a-f6a50efbd54c:c2526, 7e391b60-07ae-4d97-a027-4756e468c032:c2523, c5f86d96-67df-4f25-bde3-316f439d30b3:c2523]
2019-08-23 18:29:01,934 [grpc-default-executor-4] INFO  client.GrpcClientProtocolClient (GrpcClientProtocolClient.java:onNext(255)) - client-19C32667576E->48affcab-e6e4-4602-963a-f6a50efbd54c: receive RaftClientReply:client-19C32667576E->48affcab-e6e4-4602-963a-f6a50efbd54c@group-50C56EAF5137, cid=1739, SUCCESS, logIndex=2525, commits[48affcab-e6e4-4602-963a-f6a50efbd54c:c2527, 7e391b60-07ae-4d97-a027-4756e468c032:c2523, c5f86d96-67df-4f25-bde3-316f439d30b3:c2523]
2019-08-23 18:29:01,935 [grpc-default-executor-4] INFO  client.GrpcClientProtocolClient (GrpcClientProtocolClient.java:onNext(255)) - client-19C32667576E->48affcab-e6e4-4602-963a-f6a50efbd54c: receive RaftClientReply:client-19C32667576E->48affcab-e6e4-4602-963a-f6a50efbd54c@group-50C56EAF5137, cid=1740, SUCCESS, logIndex=2526, commits[48affcab-e6e4-4602-963a-f6a50efbd54c:c2527, 7e391b60-07ae-4d97-a027-4756e468c032:c2523, c5f86d96-67df-4f25-bde3-316f439d30b3:c2523]
2019-08-23 18:29:01,935 [grpc-default-executor-4] INFO  client.GrpcClientProtocolClient (GrpcClientProtocolClient.java:onNext(255)) - client-19C32667576E->48affcab-e6e4-4602-963a-f6a50efbd54c: receive RaftClientReply:client-19C32667576E->48affcab-e6e4-4602-963a-f6a50efbd54c@group-50C56EAF5137, cid=1741, SUCCESS, logIndex=2527, commits[48affcab-e6e4-4602-963a-f6a50efbd54c:c2528, 7e391b60-07ae-4d97-a027-4756e468c032:c2525, c5f86d96-67df-4f25-bde3-316f439d30b3:c2523]
2019-08-23 18:29:01,944 | INFO  | DNAudit | user=null | ip=null | op=WRITE_CHUNK {blockData=conID: 1 locID: 102667710752752134 bcsId: 0} | ret=SUCCESS |  
2019-08-23 18:29:01,944 | INFO  | DNAudit | user=null | ip=null | op=WRITE_CHUNK {blockData=conID: 1 locID: 102667710752752134 bcsId: 0} | ret=SUCCESS |  
2019-08-23 18:29:01,944 | INFO  | DNAudit | user=null | ip=null | op=PUT_BLOCK {blockData=[blockId=conID: 1 locID: 102667710752752134 bcsId: 0,size=2097152]} | ret=SUCCESS |  
2019-08-23 18:29:01,945 | INFO  | DNAudit | user=null | ip=null | op=PUT_BLOCK {blockData=[blockId=conID: 1 locID: 102667710752752134 bcsId: 0,size=1048576]} | ret=SUCCESS |  
2019-08-23 18:29:01,945 | INFO  | DNAudit | user=null | ip=null | op=WRITE_CHUNK {blockData=conID: 1 locID: 102667710752752134 bcsId: 0} | ret=SUCCESS |  
2019-08-23 18:29:01,945 [grpc-default-executor-0] INFO  client.GrpcClientProtocolClient (GrpcClientProtocolClient.java:onNext(255)) - client-19C32667576E->48affcab-e6e4-4602-963a-f6a50efbd54c: receive RaftClientReply:client-19C32667576E->48affcab-e6e4-4602-963a-f6a50efbd54c@group-50C56EAF5137, cid=1742, SUCCESS, logIndex=0, commits[48affcab-e6e4-4602-963a-f6a50efbd54c:c2530, 7e391b60-07ae-4d97-a027-4756e468c032:c2526, c5f86d96-67df-4f25-bde3-316f439d30b3:c2525]
2019-08-23 18:29:01,951 | INFO  | DNAudit | user=null | ip=null | op=WRITE_CHUNK {blockData=conID: 1 locID: 102667710752752134 bcsId: 2527} | ret=SUCCESS |  
2019-08-23 18:29:01,955 | INFO  | DNAudit | user=null | ip=null | op=WRITE_CHUNK {blockData=conID: 1 locID: 102667710752752134 bcsId: 2527} | ret=SUCCESS |  
2019-08-23 18:29:01,955 | INFO  | DNAudit | user=null | ip=null | op=WRITE_CHUNK {blockData=conID: 1 locID: 102667710752752134 bcsId: 2527} | ret=SUCCESS |  
2019-08-23 18:29:01,956 | INFO  | DNAudit | user=null | ip=null | op=PUT_BLOCK {blockData=[blockId=conID: 1 locID: 102667710752752134 bcsId: 0,size=2097152]} | ret=SUCCESS |  
2019-08-23 18:29:01,959 | INFO  | DNAudit | user=null | ip=null | op=WRITE_CHUNK {blockData=conID: 1 locID: 102667710752752134 bcsId: 2527} | ret=SUCCESS |  
2019-08-23 18:29:01,960 | INFO  | DNAudit | user=null | ip=null | op=PUT_BLOCK {blockData=[blockId=conID: 1 locID: 102667710752752134 bcsId: 0,size=3145728]} | ret=SUCCESS |  
2019-08-23 18:29:01,960 [grpc-default-executor-0] INFO  client.GrpcClientProtocolClient (GrpcClientProtocolClient.java:onNext(255)) - client-19C32667576E->48affcab-e6e4-4602-963a-f6a50efbd54c: receive RaftClientReply:client-19C32667576E->48affcab-e6e4-4602-963a-f6a50efbd54c@group-50C56EAF5137, cid=1743, SUCCESS, logIndex=2532, commits[48affcab-e6e4-4602-963a-f6a50efbd54c:c2533, 7e391b60-07ae-4d97-a027-4756e468c032:c2531, c5f86d96-67df-4f25-bde3-316f439d30b3:c2527]
2019-08-23 18:29:01,960 [grpc-default-executor-0] INFO  client.GrpcClientProtocolClient (GrpcClientProtocolClient.java:onNext(255)) - client-19C32667576E->48affcab-e6e4-4602-963a-f6a50efbd54c: receive RaftClientReply:client-19C32667576E->48affcab-e6e4-4602-963a-f6a50efbd54c@group-50C56EAF5137, cid=1744, SUCCESS, logIndex=2533, commits[48affcab-e6e4-4602-963a-f6a50efbd54c:c2533, 7e391b60-07ae-4d97-a027-4756e468c032:c2531, c5f86d96-67df-4f25-bde3-316f439d30b3:c2531]
2019-08-23 18:29:01,966 | INFO  | DNAudit | user=null | ip=null | op=WRITE_CHUNK {blockData=conID: 1 locID: 102667710752752134 bcsId: 2533} | ret=SUCCESS |  
2019-08-23 18:29:01,969 | INFO  | DNAudit | user=null | ip=null | op=WRITE_CHUNK {blockData=conID: 1 locID: 102667710752752134 bcsId: 2533} | ret=SUCCESS |  
2019-08-23 18:29:01,969 | INFO  | DNAudit | user=null | ip=null | op=WRITE_CHUNK {blockData=conID: 1 locID: 102667710752752134 bcsId: 2533} | ret=SUCCESS |  
2019-08-23 18:29:01,971 | INFO  | DNAudit | user=null | ip=null | op=WRITE_CHUNK {blockData=conID: 1 locID: 102667710752752134 bcsId: 2527} | ret=SUCCESS |  
2019-08-23 18:29:01,971 | INFO  | DNAudit | user=null | ip=null | op=WRITE_CHUNK {blockData=conID: 1 locID: 102667710752752134 bcsId: 2527} | ret=SUCCESS |  
2019-08-23 18:29:01,971 | INFO  | DNAudit | user=null | ip=null | op=PUT_BLOCK {blockData=[blockId=conID: 1 locID: 102667710752752134 bcsId: 0,size=3145728]} | ret=SUCCESS |  
2019-08-23 18:29:01,971 | INFO  | DNAudit | user=null | ip=null | op=PUT_BLOCK {blockData=[blockId=conID: 1 locID: 102667710752752134 bcsId: 0,size=3145728]} | ret=SUCCESS |  
2019-08-23 18:29:01,973 | INFO  | DNAudit | user=null | ip=null | op=WRITE_CHUNK {blockData=conID: 1 locID: 102667710752752134 bcsId: 2533} | ret=SUCCESS |  
2019-08-23 18:29:01,973 | INFO  | DNAudit | user=null | ip=null | op=PUT_BLOCK {blockData=[blockId=conID: 1 locID: 102667710752752134 bcsId: 0,size=4194304]} | ret=SUCCESS |  
2019-08-23 18:29:01,973 [grpc-default-executor-4] INFO  client.GrpcClientProtocolClient (GrpcClientProtocolClient.java:onNext(255)) - client-19C32667576E->48affcab-e6e4-4602-963a-f6a50efbd54c: receive RaftClientReply:client-19C32667576E->48affcab-e6e4-4602-963a-f6a50efbd54c@group-50C56EAF5137, cid=1745, SUCCESS, logIndex=2536, commits[48affcab-e6e4-4602-963a-f6a50efbd54c:c2537, 7e391b60-07ae-4d97-a027-4756e468c032:c2533, c5f86d96-67df-4f25-bde3-316f439d30b3:c2533]
2019-08-23 18:29:01,974 [grpc-default-executor-4] INFO  client.GrpcClientProtocolClient (GrpcClientProtocolClient.java:onNext(255)) - client-19C32667576E->48affcab-e6e4-4602-963a-f6a50efbd54c: receive RaftClientReply:client-19C32667576E->48affcab-e6e4-4602-963a-f6a50efbd54c@group-50C56EAF5137, cid=1746, SUCCESS, logIndex=2537, commits[48affcab-e6e4-4602-963a-f6a50efbd54c:c2537, 7e391b60-07ae-4d97-a027-4756e468c032:c2533, c5f86d96-67df-4f25-bde3-316f439d30b3:c2533]
2019-08-23 18:29:01,984 | INFO  | DNAudit | user=null | ip=null | op=WRITE_CHUNK {blockData=conID: 1 locID: 102667710752752134 bcsId: 2533} | ret=SUCCESS |  
2019-08-23 18:29:01,984 | INFO  | DNAudit | user=null | ip=null | op=WRITE_CHUNK {blockData=conID: 1 locID: 102667710752752134 bcsId: 2533} | ret=SUCCESS |  
2019-08-23 18:29:01,985 | INFO  | DNAudit | user=null | ip=null | op=PUT_BLOCK {blockData=[blockId=conID: 1 locID: 102667710752752134 bcsId: 0,size=4194304]} | ret=SUCCESS |  
2019-08-23 18:29:01,985 | INFO  | DNAudit | user=null | ip=null | op=PUT_BLOCK {blockData=[blockId=conID: 1 locID: 102667710752752134 bcsId: 0,size=4194304]} | ret=SUCCESS |  
2019-08-23 18:29:01,987 [grpc-default-executor-0] INFO  client.GrpcClientProtocolClient (GrpcClientProtocolClient.java:onNext(255)) - client-19C32667576E->48affcab-e6e4-4602-963a-f6a50efbd54c: receive RaftClientReply:client-19C32667576E->48affcab-e6e4-4602-963a-f6a50efbd54c@group-50C56EAF5137, cid=1747, SUCCESS, logIndex=0, commits[48affcab-e6e4-4602-963a-f6a50efbd54c:c2539, 7e391b60-07ae-4d97-a027-4756e468c032:c2537, c5f86d96-67df-4f25-bde3-316f439d30b3:c2537]
2019-08-23 18:29:01,992 | INFO  | SCMAudit | user=jenkins1000 | ip=192.168.34.23 | op=ALLOCATE_BLOCK {owner=1ceb8b80-28f1-43fd-86c3-175afc07b8d1, size=4194304, type=RATIS, factor=THREE} | ret=SUCCESS |  
2019-08-23 18:29:01,995 | INFO  | OMAudit | user=jenkins1000 | ip=127.0.0.1 | op=ALLOCATE_BLOCK {volume=vol-0-45438, bucket=bucket-0-23891, key=key-0-22455, dataSize=0, replicationType=null, replicationFactor=null, keyLocationInfo=null, clientID=102667710122492306} | ret=SUCCESS |  
2019-08-23 18:29:02,003 | INFO  | DNAudit | user=null | ip=null | op=WRITE_CHUNK {blockData=conID: 2 locID: 102667710758388231 bcsId: 0} | ret=SUCCESS |  
2019-08-23 18:29:02,006 | INFO  | DNAudit | user=null | ip=null | op=WRITE_CHUNK {blockData=conID: 2 locID: 102667710758388231 bcsId: 0} | ret=SUCCESS |  
2019-08-23 18:29:02,006 | INFO  | DNAudit | user=null | ip=null | op=WRITE_CHUNK {blockData=conID: 2 locID: 102667710758388231 bcsId: 0} | ret=SUCCESS |  
2019-08-23 18:29:02,006 | INFO  | DNAudit | user=null | ip=null | op=WRITE_CHUNK {blockData=conID: 2 locID: 102667710758388231 bcsId: 0} | ret=SUCCESS |  
2019-08-23 18:29:02,009 | INFO  | DNAudit | user=null | ip=null | op=WRITE_CHUNK {blockData=conID: 2 locID: 102667710758388231 bcsId: 0} | ret=SUCCESS |  
2019-08-23 18:29:02,010 | INFO  | DNAudit | user=null | ip=null | op=WRITE_CHUNK {blockData=conID: 2 locID: 102667710758388231 bcsId: 0} | ret=SUCCESS |  
2019-08-23 18:29:02,024 | INFO  | DNAudit | user=null | ip=null | op=WRITE_CHUNK {blockData=conID: 2 locID: 102667710758388231 bcsId: 0} | ret=SUCCESS |  
2019-08-23 18:29:02,024 | INFO  | DNAudit | user=null | ip=null | op=PUT_BLOCK {blockData=[blockId=conID: 2 locID: 102667710758388231 bcsId: 0,size=1048576]} | ret=SUCCESS |  
2019-08-23 18:29:02,024 [grpc-default-executor-0] INFO  client.GrpcClientProtocolClient (GrpcClientProtocolClient.java:onNext(255)) - client-19C32667576E->48affcab-e6e4-4602-963a-f6a50efbd54c: receive RaftClientReply:client-19C32667576E->48affcab-e6e4-4602-963a-f6a50efbd54c@group-50C56EAF5137, cid=1748, SUCCESS, logIndex=2540, commits[48affcab-e6e4-4602-963a-f6a50efbd54c:c2541, 7e391b60-07ae-4d97-a027-4756e468c032:c2539, c5f86d96-67df-4f25-bde3-316f439d30b3:c2539]
2019-08-23 18:29:02,025 | INFO  | DNAudit | user=null | ip=null | op=WRITE_CHUNK {blockData=conID: 2 locID: 102667710758388231 bcsId: 0} | ret=SUCCESS |  
2019-08-23 18:29:02,025 | INFO  | DNAudit | user=null | ip=null | op=PUT_BLOCK {blockData=[blockId=conID: 2 locID: 102667710758388231 bcsId: 0,size=2097152]} | ret=SUCCESS |  
2019-08-23 18:29:02,025 [grpc-default-executor-0] INFO  client.GrpcClientProtocolClient (GrpcClientProtocolClient.java:onNext(255)) - client-19C32667576E->48affcab-e6e4-4602-963a-f6a50efbd54c: receive RaftClientReply:client-19C32667576E->48affcab-e6e4-4602-963a-f6a50efbd54c@group-50C56EAF5137, cid=1749, SUCCESS, logIndex=2541, commits[48affcab-e6e4-4602-963a-f6a50efbd54c:c2542, 7e391b60-07ae-4d97-a027-4756e468c032:c2539, c5f86d96-67df-4f25-bde3-316f439d30b3:c2539]
2019-08-23 18:29:02,025 [grpc-default-executor-0] INFO  client.GrpcClientProtocolClient (GrpcClientProtocolClient.java:onNext(255)) - client-19C32667576E->48affcab-e6e4-4602-963a-f6a50efbd54c: receive RaftClientReply:client-19C32667576E->48affcab-e6e4-4602-963a-f6a50efbd54c@group-50C56EAF5137, cid=1750, SUCCESS, logIndex=2542, commits[48affcab-e6e4-4602-963a-f6a50efbd54c:c2543, 7e391b60-07ae-4d97-a027-4756e468c032:c2539, c5f86d96-67df-4f25-bde3-316f439d30b3:c2539]
2019-08-23 18:29:02,026 | INFO  | DNAudit | user=null | ip=null | op=WRITE_CHUNK {blockData=conID: 2 locID: 102667710758388231 bcsId: 0} | ret=SUCCESS |  
2019-08-23 18:29:02,026 [grpc-default-executor-0] INFO  client.GrpcClientProtocolClient (GrpcClientProtocolClient.java:onNext(255)) - client-19C32667576E->48affcab-e6e4-4602-963a-f6a50efbd54c: receive RaftClientReply:client-19C32667576E->48affcab-e6e4-4602-963a-f6a50efbd54c@group-50C56EAF5137, cid=1751, SUCCESS, logIndex=2543, commits[48affcab-e6e4-4602-963a-f6a50efbd54c:c2543, 7e391b60-07ae-4d97-a027-4756e468c032:c2539, c5f86d96-67df-4f25-bde3-316f439d30b3:c2539]
2019-08-23 18:29:02,026 | INFO  | DNAudit | user=null | ip=null | op=PUT_BLOCK {blockData=[blockId=conID: 2 locID: 102667710758388231 bcsId: 0,size=1048576]} | ret=SUCCESS |  
2019-08-23 18:29:02,026 | INFO  | DNAudit | user=null | ip=null | op=WRITE_CHUNK {blockData=conID: 2 locID: 102667710758388231 bcsId: 0} | ret=SUCCESS |  
2019-08-23 18:29:02,026 | INFO  | DNAudit | user=null | ip=null | op=PUT_BLOCK {blockData=[blockId=conID: 2 locID: 102667710758388231 bcsId: 0,size=1048576]} | ret=SUCCESS |  
2019-08-23 18:29:02,026 | INFO  | DNAudit | user=null | ip=null | op=WRITE_CHUNK {blockData=conID: 2 locID: 102667710758388231 bcsId: 0} | ret=SUCCESS |  
2019-08-23 18:29:02,027 | INFO  | DNAudit | user=null | ip=null | op=PUT_BLOCK {blockData=[blockId=conID: 2 locID: 102667710758388231 bcsId: 0,size=2097152]} | ret=SUCCESS |  
2019-08-23 18:29:02,027 | INFO  | DNAudit | user=null | ip=null | op=WRITE_CHUNK {blockData=conID: 2 locID: 102667710758388231 bcsId: 0} | ret=SUCCESS |  
2019-08-23 18:29:02,027 [grpc-default-executor-4] INFO  client.GrpcClientProtocolClient (GrpcClientProtocolClient.java:onNext(255)) - client-19C32667576E->48affcab-e6e4-4602-963a-f6a50efbd54c: receive RaftClientReply:client-19C32667576E->48affcab-e6e4-4602-963a-f6a50efbd54c@group-50C56EAF5137, cid=1752, SUCCESS, logIndex=0, commits[48affcab-e6e4-4602-963a-f6a50efbd54c:c2545, 7e391b60-07ae-4d97-a027-4756e468c032:c2541, c5f86d96-67df-4f25-bde3-316f439d30b3:c2541]
2019-08-23 18:29:02,027 | INFO  | DNAudit | user=null | ip=null | op=PUT_BLOCK {blockData=[blockId=conID: 2 locID: 102667710758388231 bcsId: 0,size=2097152]} | ret=SUCCESS |  
2019-08-23 18:29:02,034 | INFO  | DNAudit | user=null | ip=null | op=WRITE_CHUNK {blockData=conID: 2 locID: 102667710758388231 bcsId: 2543} | ret=SUCCESS |  
2019-08-23 18:29:02,037 | INFO  | DNAudit | user=null | ip=null | op=WRITE_CHUNK {blockData=conID: 2 locID: 102667710758388231 bcsId: 2543} | ret=SUCCESS |  
2019-08-23 18:29:02,037 | INFO  | DNAudit | user=null | ip=null | op=WRITE_CHUNK {blockData=conID: 2 locID: 102667710758388231 bcsId: 2543} | ret=SUCCESS |  
2019-08-23 18:29:02,047 | INFO  | DNAudit | user=null | ip=null | op=WRITE_CHUNK {blockData=conID: 2 locID: 102667710758388231 bcsId: 2543} | ret=SUCCESS |  
2019-08-23 18:29:02,047 | INFO  | DNAudit | user=null | ip=null | op=PUT_BLOCK {blockData=[blockId=conID: 2 locID: 102667710758388231 bcsId: 0,size=3145728]} | ret=SUCCESS |  
2019-08-23 18:29:02,047 [grpc-default-executor-4] INFO  client.GrpcClientProtocolClient (GrpcClientProtocolClient.java:onNext(255)) - client-19C32667576E->48affcab-e6e4-4602-963a-f6a50efbd54c: receive RaftClientReply:client-19C32667576E->48affcab-e6e4-4602-963a-f6a50efbd54c@group-50C56EAF5137, cid=1753, SUCCESS, logIndex=2548, commits[48affcab-e6e4-4602-963a-f6a50efbd54c:c2549, 7e391b60-07ae-4d97-a027-4756e468c032:c2547, c5f86d96-67df-4f25-bde3-316f439d30b3:c2547]
2019-08-23 18:29:02,048 [grpc-default-executor-4] INFO  client.GrpcClientProtocolClient (GrpcClientProtocolClient.java:onNext(255)) - client-19C32667576E->48affcab-e6e4-4602-963a-f6a50efbd54c: receive RaftClientReply:client-19C32667576E->48affcab-e6e4-4602-963a-f6a50efbd54c@group-50C56EAF5137, cid=1754, SUCCESS, logIndex=2549, commits[48affcab-e6e4-4602-963a-f6a50efbd54c:c2549, 7e391b60-07ae-4d97-a027-4756e468c032:c2547, c5f86d96-67df-4f25-bde3-316f439d30b3:c2547]
2019-08-23 18:29:02,054 | INFO  | DNAudit | user=null | ip=null | op=WRITE_CHUNK {blockData=conID: 2 locID: 102667710758388231 bcsId: 2549} | ret=SUCCESS |  
2019-08-23 18:29:02,057 | INFO  | DNAudit | user=null | ip=null | op=WRITE_CHUNK {blockData=conID: 2 locID: 102667710758388231 bcsId: 2549} | ret=SUCCESS |  
2019-08-23 18:29:02,058 | INFO  | DNAudit | user=null | ip=null | op=WRITE_CHUNK {blockData=conID: 2 locID: 102667710758388231 bcsId: 2549} | ret=SUCCESS |  
2019-08-23 18:29:02,058 | INFO  | DNAudit | user=null | ip=null | op=WRITE_CHUNK {blockData=conID: 2 locID: 102667710758388231 bcsId: 2543} | ret=SUCCESS |  
2019-08-23 18:29:02,058 | INFO  | DNAudit | user=null | ip=null | op=WRITE_CHUNK {blockData=conID: 2 locID: 102667710758388231 bcsId: 2543} | ret=SUCCESS |  
2019-08-23 18:29:02,059 | INFO  | DNAudit | user=null | ip=null | op=PUT_BLOCK {blockData=[blockId=conID: 2 locID: 102667710758388231 bcsId: 0,size=3145728]} | ret=SUCCESS |  
2019-08-23 18:29:02,059 | INFO  | DNAudit | user=null | ip=null | op=PUT_BLOCK {blockData=[blockId=conID: 2 locID: 102667710758388231 bcsId: 0,size=3145728]} | ret=SUCCESS |  
2019-08-23 18:29:02,060 | INFO  | DNAudit | user=null | ip=null | op=WRITE_CHUNK {blockData=conID: 2 locID: 102667710758388231 bcsId: 2549} | ret=SUCCESS |  
2019-08-23 18:29:02,060 | INFO  | DNAudit | user=null | ip=null | op=PUT_BLOCK {blockData=[blockId=conID: 2 locID: 102667710758388231 bcsId: 0,size=4194304]} | ret=SUCCESS |  
2019-08-23 18:29:02,060 [grpc-default-executor-3] INFO  client.GrpcClientProtocolClient (GrpcClientProtocolClient.java:onNext(255)) - client-19C32667576E->48affcab-e6e4-4602-963a-f6a50efbd54c: receive RaftClientReply:client-19C32667576E->48affcab-e6e4-4602-963a-f6a50efbd54c@group-50C56EAF5137, cid=1755, SUCCESS, logIndex=2552, commits[48affcab-e6e4-4602-963a-f6a50efbd54c:c2553, 7e391b60-07ae-4d97-a027-4756e468c032:c2549, c5f86d96-67df-4f25-bde3-316f439d30b3:c2549]
2019-08-23 18:29:02,061 [grpc-default-executor-3] INFO  client.GrpcClientProtocolClient (GrpcClientProtocolClient.java:onNext(255)) - client-19C32667576E->48affcab-e6e4-4602-963a-f6a50efbd54c: receive RaftClientReply:client-19C32667576E->48affcab-e6e4-4602-963a-f6a50efbd54c@group-50C56EAF5137, cid=1756, SUCCESS, logIndex=2553, commits[48affcab-e6e4-4602-963a-f6a50efbd54c:c2553, 7e391b60-07ae-4d97-a027-4756e468c032:c2549, c5f86d96-67df-4f25-bde3-316f439d30b3:c2549]
2019-08-23 18:29:02,078 | INFO  | DNAudit | user=null | ip=null | op=WRITE_CHUNK {blockData=conID: 2 locID: 102667710758388231 bcsId: 2549} | ret=SUCCESS |  
2019-08-23 18:29:02,079 | INFO  | DNAudit | user=null | ip=null | op=WRITE_CHUNK {blockData=conID: 2 locID: 102667710758388231 bcsId: 2549} | ret=SUCCESS |  
2019-08-23 18:29:02,079 | INFO  | DNAudit | user=null | ip=null | op=PUT_BLOCK {blockData=[blockId=conID: 2 locID: 102667710758388231 bcsId: 0,size=4194304]} | ret=SUCCESS |  
2019-08-23 18:29:02,080 | INFO  | DNAudit | user=null | ip=null | op=PUT_BLOCK {blockData=[blockId=conID: 2 locID: 102667710758388231 bcsId: 0,size=4194304]} | ret=SUCCESS |  
2019-08-23 18:29:02,080 [grpc-default-executor-3] INFO  client.GrpcClientProtocolClient (GrpcClientProtocolClient.java:onNext(255)) - client-19C32667576E->48affcab-e6e4-4602-963a-f6a50efbd54c: receive RaftClientReply:client-19C32667576E->48affcab-e6e4-4602-963a-f6a50efbd54c@group-50C56EAF5137, cid=1757, SUCCESS, logIndex=0, commits[48affcab-e6e4-4602-963a-f6a50efbd54c:c2555, 7e391b60-07ae-4d97-a027-4756e468c032:c2553, c5f86d96-67df-4f25-bde3-316f439d30b3:c2553]
2019-08-23 18:29:02,086 | INFO  | SCMAudit | user=jenkins1000 | ip=192.168.34.23 | op=ALLOCATE_BLOCK {owner=1ceb8b80-28f1-43fd-86c3-175afc07b8d1, size=4194304, type=RATIS, factor=THREE} | ret=SUCCESS |  
2019-08-23 18:29:02,088 | INFO  | OMAudit | user=jenkins1000 | ip=127.0.0.1 | op=ALLOCATE_BLOCK {volume=vol-0-45438, bucket=bucket-0-23891, key=key-0-22455, dataSize=0, replicationType=null, replicationFactor=null, keyLocationInfo=null, clientID=102667710122492306} | ret=SUCCESS |  
2019-08-23 18:29:02,280 | INFO  | DNAudit | user=null | ip=null | op=WRITE_CHUNK {blockData=conID: 3 locID: 102667710764483080 bcsId: 0} | ret=SUCCESS |  
2019-08-23 18:29:02,284 | INFO  | DNAudit | user=null | ip=null | op=WRITE_CHUNK {blockData=conID: 3 locID: 102667710764483080 bcsId: 0} | ret=SUCCESS |  
2019-08-23 18:29:02,284 | INFO  | DNAudit | user=null | ip=null | op=WRITE_CHUNK {blockData=conID: 3 locID: 102667710764483080 bcsId: 0} | ret=SUCCESS |  
2019-08-23 18:29:02,286 | INFO  | DNAudit | user=null | ip=null | op=WRITE_CHUNK {blockData=conID: 3 locID: 102667710764483080 bcsId: 0} | ret=SUCCESS |  
2019-08-23 18:29:02,289 | INFO  | DNAudit | user=null | ip=null | op=WRITE_CHUNK {blockData=conID: 3 locID: 102667710764483080 bcsId: 0} | ret=SUCCESS |  
2019-08-23 18:29:02,289 | INFO  | DNAudit | user=null | ip=null | op=WRITE_CHUNK {blockData=conID: 3 locID: 102667710764483080 bcsId: 0} | ret=SUCCESS |  
2019-08-23 18:29:02,293 | INFO  | DNAudit | user=null | ip=null | op=WRITE_CHUNK {blockData=conID: 3 locID: 102667710764483080 bcsId: 0} | ret=SUCCESS |  
2019-08-23 18:29:02,294 | INFO  | DNAudit | user=null | ip=null | op=PUT_BLOCK {blockData=[blockId=conID: 3 locID: 102667710764483080 bcsId: 0,size=1048576]} | ret=SUCCESS |  
2019-08-23 18:29:02,294 | INFO  | DNAudit | user=null | ip=null | op=WRITE_CHUNK {blockData=conID: 3 locID: 102667710764483080 bcsId: 0} | ret=SUCCESS |  
2019-08-23 18:29:02,294 [grpc-default-executor-4] INFO  client.GrpcClientProtocolClient (GrpcClientProtocolClient.java:onNext(255)) - client-19C32667576E->48affcab-e6e4-4602-963a-f6a50efbd54c: receive RaftClientReply:client-19C32667576E->48affcab-e6e4-4602-963a-f6a50efbd54c@group-50C56EAF5137, cid=1758, SUCCESS, logIndex=2556, commits[48affcab-e6e4-4602-963a-f6a50efbd54c:c2557, 7e391b60-07ae-4d97-a027-4756e468c032:c2555, c5f86d96-67df-4f25-bde3-316f439d30b3:c2555]
2019-08-23 18:29:02,294 | INFO  | DNAudit | user=null | ip=null | op=PUT_BLOCK {blockData=[blockId=conID: 3 locID: 102667710764483080 bcsId: 0,size=2097152]} | ret=SUCCESS |  
2019-08-23 18:29:02,295 | INFO  | DNAudit | user=null | ip=null | op=WRITE_CHUNK {blockData=conID: 3 locID: 102667710764483080 bcsId: 0} | ret=SUCCESS |  
2019-08-23 18:29:02,295 [grpc-default-executor-4] INFO  client.GrpcClientProtocolClient (GrpcClientProtocolClient.java:onNext(255)) - client-19C32667576E->48affcab-e6e4-4602-963a-f6a50efbd54c: receive RaftClientReply:client-19C32667576E->48affcab-e6e4-4602-963a-f6a50efbd54c@group-50C56EAF5137, cid=1759, SUCCESS, logIndex=2557, commits[48affcab-e6e4-4602-963a-f6a50efbd54c:c2559, 7e391b60-07ae-4d97-a027-4756e468c032:c2555, c5f86d96-67df-4f25-bde3-316f439d30b3:c2555]
2019-08-23 18:29:02,295 | INFO  | DNAudit | user=null | ip=null | op=WRITE_CHUNK {blockData=conID: 3 locID: 102667710764483080 bcsId: 0} | ret=SUCCESS |  
2019-08-23 18:29:02,295 [grpc-default-executor-4] INFO  client.GrpcClientProtocolClient (GrpcClientProtocolClient.java:onNext(255)) - client-19C32667576E->48affcab-e6e4-4602-963a-f6a50efbd54c: receive RaftClientReply:client-19C32667576E->48affcab-e6e4-4602-963a-f6a50efbd54c@group-50C56EAF5137, cid=1760, SUCCESS, logIndex=2558, commits[48affcab-e6e4-4602-963a-f6a50efbd54c:c2559, 7e391b60-07ae-4d97-a027-4756e468c032:c2555, c5f86d96-67df-4f25-bde3-316f439d30b3:c2555]
2019-08-23 18:29:02,295 | INFO  | DNAudit | user=null | ip=null | op=PUT_BLOCK {blockData=[blockId=conID: 3 locID: 102667710764483080 bcsId: 0,size=1048576]} | ret=SUCCESS |  
2019-08-23 18:29:02,295 | INFO  | DNAudit | user=null | ip=null | op=PUT_BLOCK {blockData=[blockId=conID: 3 locID: 102667710764483080 bcsId: 0,size=1048576]} | ret=SUCCESS |  
2019-08-23 18:29:02,295 [grpc-default-executor-3] INFO  client.GrpcClientProtocolClient (GrpcClientProtocolClient.java:onNext(255)) - client-19C32667576E->48affcab-e6e4-4602-963a-f6a50efbd54c: receive RaftClientReply:client-19C32667576E->48affcab-e6e4-4602-963a-f6a50efbd54c@group-50C56EAF5137, cid=1761, SUCCESS, logIndex=2559, commits[48affcab-e6e4-4602-963a-f6a50efbd54c:c2559, 7e391b60-07ae-4d97-a027-4756e468c032:c2555, c5f86d96-67df-4f25-bde3-316f439d30b3:c2555]
2019-08-23 18:29:02,296 | INFO  | DNAudit | user=null | ip=null | op=WRITE_CHUNK {blockData=conID: 3 locID: 102667710764483080 bcsId: 0} | ret=SUCCESS |  
2019-08-23 18:29:02,296 | INFO  | DNAudit | user=null | ip=null | op=WRITE_CHUNK {blockData=conID: 3 locID: 102667710764483080 bcsId: 0} | ret=SUCCESS |  
2019-08-23 18:29:02,296 | INFO  | DNAudit | user=null | ip=null | op=PUT_BLOCK {blockData=[blockId=conID: 3 locID: 102667710764483080 bcsId: 0,size=2097152]} | ret=SUCCESS |  
2019-08-23 18:29:02,296 | INFO  | DNAudit | user=null | ip=null | op=PUT_BLOCK {blockData=[blockId=conID: 3 locID: 102667710764483080 bcsId: 0,size=2097152]} | ret=SUCCESS |  
2019-08-23 18:29:02,297 [grpc-default-executor-3] INFO  client.GrpcClientProtocolClient (GrpcClientProtocolClient.java:onNext(255)) - client-19C32667576E->48affcab-e6e4-4602-963a-f6a50efbd54c: receive RaftClientReply:client-19C32667576E->48affcab-e6e4-4602-963a-f6a50efbd54c@group-50C56EAF5137, cid=1762, SUCCESS, logIndex=0, commits[48affcab-e6e4-4602-963a-f6a50efbd54c:c2563, 7e391b60-07ae-4d97-a027-4756e468c032:c2559, c5f86d96-67df-4f25-bde3-316f439d30b3:c2557]
2019-08-23 18:29:02,302 | INFO  | SCMAudit | user=jenkins1000 | ip=192.168.34.23 | op=SEND_HEARTBEAT {datanodeUUID=c83cddd0-22b5-491d-bff0-a36373498de2, command=[]} | ret=SUCCESS |  
2019-08-23 18:29:02,307 | INFO  | DNAudit | user=null | ip=null | op=WRITE_CHUNK {blockData=conID: 3 locID: 102667710764483080 bcsId: 2559} | ret=SUCCESS |  
2019-08-23 18:29:02,311 | INFO  | DNAudit | user=null | ip=null | op=WRITE_CHUNK {blockData=conID: 3 locID: 102667710764483080 bcsId: 2559} | ret=SUCCESS |  
2019-08-23 18:29:02,312 | INFO  | DNAudit | user=null | ip=null | op=WRITE_CHUNK {blockData=conID: 3 locID: 102667710764483080 bcsId: 2559} | ret=SUCCESS |  
2019-08-23 18:29:02,319 | INFO  | DNAudit | user=null | ip=null | op=WRITE_CHUNK {blockData=conID: 3 locID: 102667710764483080 bcsId: 2559} | ret=SUCCESS |  
2019-08-23 18:29:02,319 | INFO  | DNAudit | user=null | ip=null | op=PUT_BLOCK {blockData=[blockId=conID: 3 locID: 102667710764483080 bcsId: 0,size=3145728]} | ret=SUCCESS |  
2019-08-23 18:29:02,319 [grpc-default-executor-3] INFO  client.GrpcClientProtocolClient (GrpcClientProtocolClient.java:onNext(255)) - client-19C32667576E->48affcab-e6e4-4602-963a-f6a50efbd54c: receive RaftClientReply:client-19C32667576E->48affcab-e6e4-4602-963a-f6a50efbd54c@group-50C56EAF5137, cid=1763, SUCCESS, logIndex=2564, commits[48affcab-e6e4-4602-963a-f6a50efbd54c:c2565, 7e391b60-07ae-4d97-a027-4756e468c032:c2563, c5f86d96-67df-4f25-bde3-316f439d30b3:c2563]
2019-08-23 18:29:02,320 [grpc-default-executor-3] INFO  client.GrpcClientProtocolClient (GrpcClientProtocolClient.java:onNext(255)) - client-19C32667576E->48affcab-e6e4-4602-963a-f6a50efbd54c: receive RaftClientReply:client-19C32667576E->48affcab-e6e4-4602-963a-f6a50efbd54c@group-50C56EAF5137, cid=1764, SUCCESS, logIndex=2565, commits[48affcab-e6e4-4602-963a-f6a50efbd54c:c2565, 7e391b60-07ae-4d97-a027-4756e468c032:c2563, c5f86d96-67df-4f25-bde3-316f439d30b3:c2563]
2019-08-23 18:29:02,326 | INFO  | DNAudit | user=null | ip=null | op=WRITE_CHUNK {blockData=conID: 3 locID: 102667710764483080 bcsId: 2565} | ret=SUCCESS |  
2019-08-23 18:29:02,330 | INFO  | DNAudit | user=null | ip=null | op=WRITE_CHUNK {blockData=conID: 3 locID: 102667710764483080 bcsId: 2565} | ret=SUCCESS |  
2019-08-23 18:29:02,330 | INFO  | DNAudit | user=null | ip=null | op=WRITE_CHUNK {blockData=conID: 3 locID: 102667710764483080 bcsId: 2565} | ret=SUCCESS |  
2019-08-23 18:29:02,333 | INFO  | DNAudit | user=null | ip=null | op=WRITE_CHUNK {blockData=conID: 3 locID: 102667710764483080 bcsId: 2559} | ret=SUCCESS |  
2019-08-23 18:29:02,333 | INFO  | DNAudit | user=null | ip=null | op=WRITE_CHUNK {blockData=conID: 3 locID: 102667710764483080 bcsId: 2559} | ret=SUCCESS |  
2019-08-23 18:29:02,335 | INFO  | DNAudit | user=null | ip=null | op=PUT_BLOCK {blockData=[blockId=conID: 3 locID: 102667710764483080 bcsId: 0,size=3145728]} | ret=SUCCESS |  
2019-08-23 18:29:02,335 | INFO  | DNAudit | user=null | ip=null | op=PUT_BLOCK {blockData=[blockId=conID: 3 locID: 102667710764483080 bcsId: 0,size=3145728]} | ret=SUCCESS |  
2019-08-23 18:29:02,335 | INFO  | DNAudit | user=null | ip=null | op=WRITE_CHUNK {blockData=conID: 3 locID: 102667710764483080 bcsId: 2565} | ret=SUCCESS |  
2019-08-23 18:29:02,336 | INFO  | DNAudit | user=null | ip=null | op=PUT_BLOCK {blockData=[blockId=conID: 3 locID: 102667710764483080 bcsId: 0,size=4194304]} | ret=SUCCESS |  
2019-08-23 18:29:02,336 [grpc-default-executor-4] INFO  client.GrpcClientProtocolClient (GrpcClientProtocolClient.java:onNext(255)) - client-19C32667576E->48affcab-e6e4-4602-963a-f6a50efbd54c: receive RaftClientReply:client-19C32667576E->48affcab-e6e4-4602-963a-f6a50efbd54c@group-50C56EAF5137, cid=1765, SUCCESS, logIndex=2568, commits[48affcab-e6e4-4602-963a-f6a50efbd54c:c2569, 7e391b60-07ae-4d97-a027-4756e468c032:c2565, c5f86d96-67df-4f25-bde3-316f439d30b3:c2565]
2019-08-23 18:29:02,336 [grpc-default-executor-4] INFO  client.GrpcClientProtocolClient (GrpcClientProtocolClient.java:onNext(255)) - client-19C32667576E->48affcab-e6e4-4602-963a-f6a50efbd54c: receive RaftClientReply:client-19C32667576E->48affcab-e6e4-4602-963a-f6a50efbd54c@group-50C56EAF5137, cid=1766, SUCCESS, logIndex=2569, commits[48affcab-e6e4-4602-963a-f6a50efbd54c:c2569, 7e391b60-07ae-4d97-a027-4756e468c032:c2565, c5f86d96-67df-4f25-bde3-316f439d30b3:c2565]
2019-08-23 18:29:02,347 | INFO  | DNAudit | user=null | ip=null | op=WRITE_CHUNK {blockData=conID: 3 locID: 102667710764483080 bcsId: 2565} | ret=SUCCESS |  
2019-08-23 18:29:02,347 | INFO  | DNAudit | user=null | ip=null | op=WRITE_CHUNK {blockData=conID: 3 locID: 102667710764483080 bcsId: 2565} | ret=SUCCESS |  
2019-08-23 18:29:02,348 | INFO  | DNAudit | user=null | ip=null | op=PUT_BLOCK {blockData=[blockId=conID: 3 locID: 102667710764483080 bcsId: 0,size=4194304]} | ret=SUCCESS |  
2019-08-23 18:29:02,349 | INFO  | DNAudit | user=null | ip=null | op=PUT_BLOCK {blockData=[blockId=conID: 3 locID: 102667710764483080 bcsId: 0,size=4194304]} | ret=SUCCESS |  
2019-08-23 18:29:02,349 [grpc-default-executor-4] INFO  client.GrpcClientProtocolClient (GrpcClientProtocolClient.java:onNext(255)) - client-19C32667576E->48affcab-e6e4-4602-963a-f6a50efbd54c: receive RaftClientReply:client-19C32667576E->48affcab-e6e4-4602-963a-f6a50efbd54c@group-50C56EAF5137, cid=1767, SUCCESS, logIndex=0, commits[48affcab-e6e4-4602-963a-f6a50efbd54c:c2571, 7e391b60-07ae-4d97-a027-4756e468c032:c2569, c5f86d96-67df-4f25-bde3-316f439d30b3:c2569]
2019-08-23 18:29:02,354 | INFO  | SCMAudit | user=jenkins1000 | ip=192.168.34.23 | op=ALLOCATE_BLOCK {owner=1ceb8b80-28f1-43fd-86c3-175afc07b8d1, size=4194304, type=RATIS, factor=THREE} | ret=SUCCESS |  
2019-08-23 18:29:02,356 | INFO  | OMAudit | user=jenkins1000 | ip=127.0.0.1 | op=ALLOCATE_BLOCK {volume=vol-0-45438, bucket=bucket-0-23891, key=key-0-22455, dataSize=0, replicationType=null, replicationFactor=null, keyLocationInfo=null, clientID=102667710122492306} | ret=SUCCESS |  
2019-08-23 18:29:02,364 | INFO  | DNAudit | user=null | ip=null | op=WRITE_CHUNK {blockData=conID: 1 locID: 102667710782112265 bcsId: 0} | ret=SUCCESS |  
2019-08-23 18:29:02,366 | INFO  | DNAudit | user=null | ip=null | op=WRITE_CHUNK {blockData=conID: 1 locID: 102667710782112265 bcsId: 0} | ret=SUCCESS |  
2019-08-23 18:29:02,367 | INFO  | DNAudit | user=null | ip=null | op=WRITE_CHUNK {blockData=conID: 1 locID: 102667710782112265 bcsId: 0} | ret=SUCCESS |  
2019-08-23 18:29:02,367 | INFO  | DNAudit | user=null | ip=null | op=WRITE_CHUNK {blockData=conID: 1 locID: 102667710782112265 bcsId: 0} | ret=SUCCESS |  
2019-08-23 18:29:02,368 | INFO  | DNAudit | user=null | ip=null | op=WRITE_CHUNK {blockData=conID: 1 locID: 102667710782112265 bcsId: 0} | ret=SUCCESS |  
2019-08-23 18:29:02,368 | INFO  | DNAudit | user=null | ip=null | op=WRITE_CHUNK {blockData=conID: 1 locID: 102667710782112265 bcsId: 0} | ret=SUCCESS |  
2019-08-23 18:29:02,379 | INFO  | DNAudit | user=null | ip=null | op=WRITE_CHUNK {blockData=conID: 1 locID: 102667710782112265 bcsId: 0} | ret=SUCCESS |  
2019-08-23 18:29:02,379 | INFO  | DNAudit | user=null | ip=null | op=PUT_BLOCK {blockData=[blockId=conID: 1 locID: 102667710782112265 bcsId: 0,size=1048576]} | ret=SUCCESS |  
2019-08-23 18:29:02,379 [grpc-default-executor-4] INFO  client.GrpcClientProtocolClient (GrpcClientProtocolClient.java:onNext(255)) - client-19C32667576E->48affcab-e6e4-4602-963a-f6a50efbd54c: receive RaftClientReply:client-19C32667576E->48affcab-e6e4-4602-963a-f6a50efbd54c@group-50C56EAF5137, cid=1768, SUCCESS, logIndex=2572, commits[48affcab-e6e4-4602-963a-f6a50efbd54c:c2574, 7e391b60-07ae-4d97-a027-4756e468c032:c2571, c5f86d96-67df-4f25-bde3-316f439d30b3:c2571]
2019-08-23 18:29:02,380 | INFO  | DNAudit | user=null | ip=null | op=WRITE_CHUNK {blockData=conID: 1 locID: 102667710782112265 bcsId: 0} | ret=SUCCESS |  
2019-08-23 18:29:02,380 [grpc-default-executor-4] INFO  client.GrpcClientProtocolClient (GrpcClientProtocolClient.java:onNext(255)) - client-19C32667576E->48affcab-e6e4-4602-963a-f6a50efbd54c: receive RaftClientReply:client-19C32667576E->48affcab-e6e4-4602-963a-f6a50efbd54c@group-50C56EAF5137, cid=1769, SUCCESS, logIndex=2573, commits[48affcab-e6e4-4602-963a-f6a50efbd54c:c2575, 7e391b60-07ae-4d97-a027-4756e468c032:c2571, c5f86d96-67df-4f25-bde3-316f439d30b3:c2571]
2019-08-23 18:29:02,380 | INFO  | DNAudit | user=null | ip=null | op=PUT_BLOCK {blockData=[blockId=conID: 1 locID: 102667710782112265 bcsId: 0,size=2097152]} | ret=SUCCESS |  
2019-08-23 18:29:02,380 [grpc-default-executor-4] INFO  client.GrpcClientProtocolClient (GrpcClientProtocolClient.java:onNext(255)) - client-19C32667576E->48affcab-e6e4-4602-963a-f6a50efbd54c: receive RaftClientReply:client-19C32667576E->48affcab-e6e4-4602-963a-f6a50efbd54c@group-50C56EAF5137, cid=1770, SUCCESS, logIndex=2574, commits[48affcab-e6e4-4602-963a-f6a50efbd54c:c2575, 7e391b60-07ae-4d97-a027-4756e468c032:c2571, c5f86d96-67df-4f25-bde3-316f439d30b3:c2571]
2019-08-23 18:29:02,381 [grpc-default-executor-4] INFO  client.GrpcClientProtocolClient (GrpcClientProtocolClient.java:onNext(255)) - client-19C32667576E->48affcab-e6e4-4602-963a-f6a50efbd54c: receive RaftClientReply:client-19C32667576E->48affcab-e6e4-4602-963a-f6a50efbd54c@group-50C56EAF5137, cid=1771, SUCCESS, logIndex=2575, commits[48affcab-e6e4-4602-963a-f6a50efbd54c:c2575, 7e391b60-07ae-4d97-a027-4756e468c032:c2571, c5f86d96-67df-4f25-bde3-316f439d30b3:c2571]
2019-08-23 18:29:02,391 | INFO  | DNAudit | user=null | ip=null | op=WRITE_CHUNK {blockData=conID: 1 locID: 102667710782112265 bcsId: 0} | ret=SUCCESS |  
2019-08-23 18:29:02,391 | INFO  | DNAudit | user=null | ip=null | op=WRITE_CHUNK {blockData=conID: 1 locID: 102667710782112265 bcsId: 0} | ret=SUCCESS |  
2019-08-23 18:29:02,391 | INFO  | DNAudit | user=null | ip=null | op=PUT_BLOCK {blockData=[blockId=conID: 1 locID: 102667710782112265 bcsId: 0,size=1048576]} | ret=SUCCESS |  
2019-08-23 18:29:02,391 | INFO  | DNAudit | user=null | ip=null | op=PUT_BLOCK {blockData=[blockId=conID: 1 locID: 102667710782112265 bcsId: 0,size=1048576]} | ret=SUCCESS |  
2019-08-23 18:29:02,392 | INFO  | DNAudit | user=null | ip=null | op=WRITE_CHUNK {blockData=conID: 1 locID: 102667710782112265 bcsId: 0} | ret=SUCCESS |  
2019-08-23 18:29:02,392 | INFO  | DNAudit | user=null | ip=null | op=PUT_BLOCK {blockData=[blockId=conID: 1 locID: 102667710782112265 bcsId: 0,size=2097152]} | ret=SUCCESS |  
2019-08-23 18:29:02,392 | INFO  | DNAudit | user=null | ip=null | op=WRITE_CHUNK {blockData=conID: 1 locID: 102667710782112265 bcsId: 0} | ret=SUCCESS |  
2019-08-23 18:29:02,392 [grpc-default-executor-3] INFO  client.GrpcClientProtocolClient (GrpcClientProtocolClient.java:onNext(255)) - client-19C32667576E->48affcab-e6e4-4602-963a-f6a50efbd54c: receive RaftClientReply:client-19C32667576E->48affcab-e6e4-4602-963a-f6a50efbd54c@group-50C56EAF5137, cid=1772, SUCCESS, logIndex=0, commits[48affcab-e6e4-4602-963a-f6a50efbd54c:c2576, 7e391b60-07ae-4d97-a027-4756e468c032:c2573, c5f86d96-67df-4f25-bde3-316f439d30b3:c2573]
2019-08-23 18:29:02,393 | INFO  | DNAudit | user=null | ip=null | op=PUT_BLOCK {blockData=[blockId=conID: 1 locID: 102667710782112265 bcsId: 0,size=2097152]} | ret=SUCCESS |  
2019-08-23 18:29:02,399 | INFO  | DNAudit | user=null | ip=null | op=WRITE_CHUNK {blockData=conID: 1 locID: 102667710782112265 bcsId: 2575} | ret=SUCCESS |  
2019-08-23 18:29:02,402 | INFO  | DNAudit | user=null | ip=null | op=WRITE_CHUNK {blockData=conID: 1 locID: 102667710782112265 bcsId: 2575} | ret=SUCCESS |  
2019-08-23 18:29:02,402 | INFO  | DNAudit | user=null | ip=null | op=WRITE_CHUNK {blockData=conID: 1 locID: 102667710782112265 bcsId: 2575} | ret=SUCCESS |  
2019-08-23 18:29:02,411 | INFO  | DNAudit | user=null | ip=null | op=WRITE_CHUNK {blockData=conID: 1 locID: 102667710782112265 bcsId: 2575} | ret=SUCCESS |  
2019-08-23 18:29:02,412 | INFO  | DNAudit | user=null | ip=null | op=PUT_BLOCK {blockData=[blockId=conID: 1 locID: 102667710782112265 bcsId: 0,size=3145728]} | ret=SUCCESS |  
2019-08-23 18:29:02,412 [grpc-default-executor-4] INFO  client.GrpcClientProtocolClient (GrpcClientProtocolClient.java:onNext(255)) - client-19C32667576E->48affcab-e6e4-4602-963a-f6a50efbd54c: receive RaftClientReply:client-19C32667576E->48affcab-e6e4-4602-963a-f6a50efbd54c@group-50C56EAF5137, cid=1773, SUCCESS, logIndex=2580, commits[48affcab-e6e4-4602-963a-f6a50efbd54c:c2581, 7e391b60-07ae-4d97-a027-4756e468c032:c2579, c5f86d96-67df-4f25-bde3-316f439d30b3:c2579]
2019-08-23 18:29:02,412 [grpc-default-executor-4] INFO  client.GrpcClientProtocolClient (GrpcClientProtocolClient.java:onNext(255)) - client-19C32667576E->48affcab-e6e4-4602-963a-f6a50efbd54c: receive RaftClientReply:client-19C32667576E->48affcab-e6e4-4602-963a-f6a50efbd54c@group-50C56EAF5137, cid=1774, SUCCESS, logIndex=2581, commits[48affcab-e6e4-4602-963a-f6a50efbd54c:c2581, 7e391b60-07ae-4d97-a027-4756e468c032:c2579, c5f86d96-67df-4f25-bde3-316f439d30b3:c2579]
2019-08-23 18:29:02,418 | INFO  | DNAudit | user=null | ip=null | op=WRITE_CHUNK {blockData=conID: 1 locID: 102667710782112265 bcsId: 2581} | ret=SUCCESS |  
2019-08-23 18:29:02,420 | INFO  | DNAudit | user=null | ip=null | op=WRITE_CHUNK {blockData=conID: 1 locID: 102667710782112265 bcsId: 2581} | ret=SUCCESS |  
2019-08-23 18:29:02,420 | INFO  | DNAudit | user=null | ip=null | op=WRITE_CHUNK {blockData=conID: 1 locID: 102667710782112265 bcsId: 2581} | ret=SUCCESS |  
2019-08-23 18:29:02,423 | INFO  | DNAudit | user=null | ip=null | op=WRITE_CHUNK {blockData=conID: 1 locID: 102667710782112265 bcsId: 2575} | ret=SUCCESS |  
2019-08-23 18:29:02,423 | INFO  | DNAudit | user=null | ip=null | op=WRITE_CHUNK {blockData=conID: 1 locID: 102667710782112265 bcsId: 2575} | ret=SUCCESS |  
2019-08-23 18:29:02,423 | INFO  | DNAudit | user=null | ip=null | op=PUT_BLOCK {blockData=[blockId=conID: 1 locID: 102667710782112265 bcsId: 0,size=3145728]} | ret=SUCCESS |  
2019-08-23 18:29:02,423 | INFO  | DNAudit | user=null | ip=null | op=PUT_BLOCK {blockData=[blockId=conID: 1 locID: 102667710782112265 bcsId: 0,size=3145728]} | ret=SUCCESS |  
2019-08-23 18:29:02,424 | INFO  | DNAudit | user=null | ip=null | op=WRITE_CHUNK {blockData=conID: 1 locID: 102667710782112265 bcsId: 2581} | ret=SUCCESS |  
2019-08-23 18:29:02,425 | INFO  | DNAudit | user=null | ip=null | op=PUT_BLOCK {blockData=[blockId=conID: 1 locID: 102667710782112265 bcsId: 0,size=4194304]} | ret=SUCCESS |  
2019-08-23 18:29:02,425 [grpc-default-executor-3] INFO  client.GrpcClientProtocolClient (GrpcClientProtocolClient.java:onNext(255)) - client-19C32667576E->48affcab-e6e4-4602-963a-f6a50efbd54c: receive RaftClientReply:client-19C32667576E->48affcab-e6e4-4602-963a-f6a50efbd54c@group-50C56EAF5137, cid=1775, SUCCESS, logIndex=2584, commits[48affcab-e6e4-4602-963a-f6a50efbd54c:c2584, 7e391b60-07ae-4d97-a027-4756e468c032:c2581, c5f86d96-67df-4f25-bde3-316f439d30b3:c2581]
2019-08-23 18:29:02,425 [grpc-default-executor-3] INFO  client.GrpcClientProtocolClient (GrpcClientProtocolClient.java:onNext(255)) - client-19C32667576E->48affcab-e6e4-4602-963a-f6a50efbd54c: receive RaftClientReply:client-19C32667576E->48affcab-e6e4-4602-963a-f6a50efbd54c@group-50C56EAF5137, cid=1776, SUCCESS, logIndex=2585, commits[48affcab-e6e4-4602-963a-f6a50efbd54c:c2585, 7e391b60-07ae-4d97-a027-4756e468c032:c2581, c5f86d96-67df-4f25-bde3-316f439d30b3:c2581]
2019-08-23 18:29:02,436 | INFO  | DNAudit | user=null | ip=null | op=WRITE_CHUNK {blockData=conID: 1 locID: 102667710782112265 bcsId: 2581} | ret=SUCCESS |  
2019-08-23 18:29:02,436 | INFO  | DNAudit | user=null | ip=null | op=WRITE_CHUNK {blockData=conID: 1 locID: 102667710782112265 bcsId: 2581} | ret=SUCCESS |  
2019-08-23 18:29:02,437 | INFO  | DNAudit | user=null | ip=null | op=PUT_BLOCK {blockData=[blockId=conID: 1 locID: 102667710782112265 bcsId: 0,size=4194304]} | ret=SUCCESS |  
2019-08-23 18:29:02,437 | INFO  | DNAudit | user=null | ip=null | op=PUT_BLOCK {blockData=[blockId=conID: 1 locID: 102667710782112265 bcsId: 0,size=4194304]} | ret=SUCCESS |  
2019-08-23 18:29:02,438 [grpc-default-executor-0] INFO  client.GrpcClientProtocolClient (GrpcClientProtocolClient.java:onNext(255)) - client-19C32667576E->48affcab-e6e4-4602-963a-f6a50efbd54c: receive RaftClientReply:client-19C32667576E->48affcab-e6e4-4602-963a-f6a50efbd54c@group-50C56EAF5137, cid=1777, SUCCESS, logIndex=0, commits[48affcab-e6e4-4602-963a-f6a50efbd54c:c2587, 7e391b60-07ae-4d97-a027-4756e468c032:c2585, c5f86d96-67df-4f25-bde3-316f439d30b3:c2585]
2019-08-23 18:29:02,443 | INFO  | SCMAudit | user=jenkins1000 | ip=192.168.34.23 | op=ALLOCATE_BLOCK {owner=1ceb8b80-28f1-43fd-86c3-175afc07b8d1, size=4194304, type=RATIS, factor=THREE} | ret=SUCCESS |  
2019-08-23 18:29:02,446 | INFO  | OMAudit | user=jenkins1000 | ip=127.0.0.1 | op=ALLOCATE_BLOCK {volume=vol-0-45438, bucket=bucket-0-23891, key=key-0-22455, dataSize=0, replicationType=null, replicationFactor=null, keyLocationInfo=null, clientID=102667710122492306} | ret=SUCCESS |  
2019-08-23 18:29:02,452 | INFO  | DNAudit | user=null | ip=null | op=WRITE_CHUNK {blockData=conID: 2 locID: 102667710787944970 bcsId: 0} | ret=SUCCESS |  
2019-08-23 18:29:02,454 | INFO  | DNAudit | user=null | ip=null | op=WRITE_CHUNK {blockData=conID: 2 locID: 102667710787944970 bcsId: 0} | ret=SUCCESS |  
2019-08-23 18:29:02,455 | INFO  | DNAudit | user=null | ip=null | op=WRITE_CHUNK {blockData=conID: 2 locID: 102667710787944970 bcsId: 0} | ret=SUCCESS |  
2019-08-23 18:29:02,456 | INFO  | DNAudit | user=null | ip=null | op=WRITE_CHUNK {blockData=conID: 2 locID: 102667710787944970 bcsId: 0} | ret=SUCCESS |  
2019-08-23 18:29:02,457 | INFO  | DNAudit | user=null | ip=null | op=WRITE_CHUNK {blockData=conID: 2 locID: 102667710787944970 bcsId: 0} | ret=SUCCESS |  
2019-08-23 18:29:02,458 | INFO  | DNAudit | user=null | ip=null | op=WRITE_CHUNK {blockData=conID: 2 locID: 102667710787944970 bcsId: 0} | ret=SUCCESS |  
2019-08-23 18:29:02,464 | INFO  | DNAudit | user=null | ip=null | op=WRITE_CHUNK {blockData=conID: 2 locID: 102667710787944970 bcsId: 0} | ret=SUCCESS |  
2019-08-23 18:29:02,464 | INFO  | DNAudit | user=null | ip=null | op=PUT_BLOCK {blockData=[blockId=conID: 2 locID: 102667710787944970 bcsId: 0,size=1048576]} | ret=SUCCESS |  
2019-08-23 18:29:02,465 | INFO  | DNAudit | user=null | ip=null | op=WRITE_CHUNK {blockData=conID: 2 locID: 102667710787944970 bcsId: 0} | ret=SUCCESS |  
2019-08-23 18:29:02,464 [grpc-default-executor-0] INFO  client.GrpcClientProtocolClient (GrpcClientProtocolClient.java:onNext(255)) - client-19C32667576E->48affcab-e6e4-4602-963a-f6a50efbd54c: receive RaftClientReply:client-19C32667576E->48affcab-e6e4-4602-963a-f6a50efbd54c@group-50C56EAF5137, cid=1778, SUCCESS, logIndex=2588, commits[48affcab-e6e4-4602-963a-f6a50efbd54c:c2590, 7e391b60-07ae-4d97-a027-4756e468c032:c2587, c5f86d96-67df-4f25-bde3-316f439d30b3:c2587]
2019-08-23 18:29:02,465 [grpc-default-executor-0] INFO  client.GrpcClientProtocolClient (GrpcClientProtocolClient.java:onNext(255)) - client-19C32667576E->48affcab-e6e4-4602-963a-f6a50efbd54c: receive RaftClientReply:client-19C32667576E->48affcab-e6e4-4602-963a-f6a50efbd54c@group-50C56EAF5137, cid=1779, SUCCESS, logIndex=2589, commits[48affcab-e6e4-4602-963a-f6a50efbd54c:c2591, 7e391b60-07ae-4d97-a027-4756e468c032:c2587, c5f86d96-67df-4f25-bde3-316f439d30b3:c2587]
2019-08-23 18:29:02,465 | INFO  | DNAudit | user=null | ip=null | op=PUT_BLOCK {blockData=[blockId=conID: 2 locID: 102667710787944970 bcsId: 0,size=2097152]} | ret=SUCCESS |  
2019-08-23 18:29:02,465 | INFO  | DNAudit | user=null | ip=null | op=WRITE_CHUNK {blockData=conID: 2 locID: 102667710787944970 bcsId: 0} | ret=SUCCESS |  
2019-08-23 18:29:02,465 [grpc-default-executor-0] INFO  client.GrpcClientProtocolClient (GrpcClientProtocolClient.java:onNext(255)) - client-19C32667576E->48affcab-e6e4-4602-963a-f6a50efbd54c: receive RaftClientReply:client-19C32667576E->48affcab-e6e4-4602-963a-f6a50efbd54c@group-50C56EAF5137, cid=1780, SUCCESS, logIndex=2590, commits[48affcab-e6e4-4602-963a-f6a50efbd54c:c2591, 7e391b60-07ae-4d97-a027-4756e468c032:c2587, c5f86d96-67df-4f25-bde3-316f439d30b3:c2587]
2019-08-23 18:29:02,466 | INFO  | DNAudit | user=null | ip=null | op=WRITE_CHUNK {blockData=conID: 2 locID: 102667710787944970 bcsId: 0} | ret=SUCCESS |  
2019-08-23 18:29:02,466 | INFO  | DNAudit | user=null | ip=null | op=PUT_BLOCK {blockData=[blockId=conID: 2 locID: 102667710787944970 bcsId: 0,size=1048576]} | ret=SUCCESS |  
2019-08-23 18:29:02,466 | INFO  | DNAudit | user=null | ip=null | op=WRITE_CHUNK {blockData=conID: 2 locID: 102667710787944970 bcsId: 0} | ret=SUCCESS |  
2019-08-23 18:29:02,466 | INFO  | DNAudit | user=null | ip=null | op=PUT_BLOCK {blockData=[blockId=conID: 2 locID: 102667710787944970 bcsId: 0,size=1048576]} | ret=SUCCESS |  
2019-08-23 18:29:02,467 | INFO  | DNAudit | user=null | ip=null | op=PUT_BLOCK {blockData=[blockId=conID: 2 locID: 102667710787944970 bcsId: 0,size=2097152]} | ret=SUCCESS |  
2019-08-23 18:29:02,467 | INFO  | DNAudit | user=null | ip=null | op=WRITE_CHUNK {blockData=conID: 2 locID: 102667710787944970 bcsId: 0} | ret=SUCCESS |  
2019-08-23 18:29:02,467 | INFO  | DNAudit | user=null | ip=null | op=PUT_BLOCK {blockData=[blockId=conID: 2 locID: 102667710787944970 bcsId: 0,size=2097152]} | ret=SUCCESS |  
2019-08-23 18:29:02,467 [grpc-default-executor-0] INFO  client.GrpcClientProtocolClient (GrpcClientProtocolClient.java:onNext(255)) - client-19C32667576E->48affcab-e6e4-4602-963a-f6a50efbd54c: receive RaftClientReply:client-19C32667576E->48affcab-e6e4-4602-963a-f6a50efbd54c@group-50C56EAF5137, cid=1781, SUCCESS, logIndex=2591, commits[48affcab-e6e4-4602-963a-f6a50efbd54c:c2592, 7e391b60-07ae-4d97-a027-4756e468c032:c2588, c5f86d96-67df-4f25-bde3-316f439d30b3:c2587]
2019-08-23 18:29:02,468 [grpc-default-executor-0] INFO  client.GrpcClientProtocolClient (GrpcClientProtocolClient.java:onNext(255)) - client-19C32667576E->48affcab-e6e4-4602-963a-f6a50efbd54c: receive RaftClientReply:client-19C32667576E->48affcab-e6e4-4602-963a-f6a50efbd54c@group-50C56EAF5137, cid=1782, SUCCESS, logIndex=0, commits[48affcab-e6e4-4602-963a-f6a50efbd54c:c2595, 7e391b60-07ae-4d97-a027-4756e468c032:c2591, c5f86d96-67df-4f25-bde3-316f439d30b3:c2591]
2019-08-23 18:29:02,474 | INFO  | DNAudit | user=null | ip=null | op=WRITE_CHUNK {blockData=conID: 2 locID: 102667710787944970 bcsId: 2591} | ret=SUCCESS |  
2019-08-23 18:29:02,477 | INFO  | DNAudit | user=null | ip=null | op=WRITE_CHUNK {blockData=conID: 2 locID: 102667710787944970 bcsId: 2591} | ret=SUCCESS |  
2019-08-23 18:29:02,477 | INFO  | DNAudit | user=null | ip=null | op=WRITE_CHUNK {blockData=conID: 2 locID: 102667710787944970 bcsId: 2591} | ret=SUCCESS |  
2019-08-23 18:29:02,480 | INFO  | DNAudit | user=null | ip=null | op=WRITE_CHUNK {blockData=conID: 2 locID: 102667710787944970 bcsId: 2591} | ret=SUCCESS |  
2019-08-23 18:29:02,480 | INFO  | DNAudit | user=null | ip=null | op=PUT_BLOCK {blockData=[blockId=conID: 2 locID: 102667710787944970 bcsId: 0,size=3145728]} | ret=SUCCESS |  
2019-08-23 18:29:02,481 [grpc-default-executor-3] INFO  client.GrpcClientProtocolClient (GrpcClientProtocolClient.java:onNext(255)) - client-19C32667576E->48affcab-e6e4-4602-963a-f6a50efbd54c: receive RaftClientReply:client-19C32667576E->48affcab-e6e4-4602-963a-f6a50efbd54c@group-50C56EAF5137, cid=1783, SUCCESS, logIndex=2596, commits[48affcab-e6e4-4602-963a-f6a50efbd54c:c2597, 7e391b60-07ae-4d97-a027-4756e468c032:c2595, c5f86d96-67df-4f25-bde3-316f439d30b3:c2595]
2019-08-23 18:29:02,481 [grpc-default-executor-3] INFO  client.GrpcClientProtocolClient (GrpcClientProtocolClient.java:onNext(255)) - client-19C32667576E->48affcab-e6e4-4602-963a-f6a50efbd54c: receive RaftClientReply:client-19C32667576E->48affcab-e6e4-4602-963a-f6a50efbd54c@group-50C56EAF5137, cid=1784, SUCCESS, logIndex=2597, commits[48affcab-e6e4-4602-963a-f6a50efbd54c:c2597, 7e391b60-07ae-4d97-a027-4756e468c032:c2595, c5f86d96-67df-4f25-bde3-316f439d30b3:c2595]
2019-08-23 18:29:02,482 | INFO  | DNAudit | user=null | ip=null | op=WRITE_CHUNK {blockData=conID: 2 locID: 102667710787944970 bcsId: 2591} | ret=SUCCESS |  
2019-08-23 18:29:02,482 | INFO  | DNAudit | user=null | ip=null | op=WRITE_CHUNK {blockData=conID: 2 locID: 102667710787944970 bcsId: 2591} | ret=SUCCESS |  
2019-08-23 18:29:02,482 | INFO  | DNAudit | user=null | ip=null | op=PUT_BLOCK {blockData=[blockId=conID: 2 locID: 102667710787944970 bcsId: 0,size=3145728]} | ret=SUCCESS |  
2019-08-23 18:29:02,482 | INFO  | DNAudit | user=null | ip=null | op=PUT_BLOCK {blockData=[blockId=conID: 2 locID: 102667710787944970 bcsId: 0,size=3145728]} | ret=SUCCESS |  
2019-08-23 18:29:02,486 | INFO  | DNAudit | user=null | ip=null | op=WRITE_CHUNK {blockData=conID: 2 locID: 102667710787944970 bcsId: 2597} | ret=SUCCESS |  
2019-08-23 18:29:02,509 | INFO  | DNAudit | user=null | ip=null | op=WRITE_CHUNK {blockData=conID: 2 locID: 102667710787944970 bcsId: 2597} | ret=SUCCESS |  
2019-08-23 18:29:02,509 | INFO  | DNAudit | user=null | ip=null | op=WRITE_CHUNK {blockData=conID: 2 locID: 102667710787944970 bcsId: 2597} | ret=SUCCESS |  
2019-08-23 18:29:02,549 | INFO  | DNAudit | user=null | ip=null | op=WRITE_CHUNK {blockData=conID: 2 locID: 102667710787944970 bcsId: 2597} | ret=SUCCESS |  
2019-08-23 18:29:02,550 | INFO  | DNAudit | user=null | ip=null | op=PUT_BLOCK {blockData=[blockId=conID: 2 locID: 102667710787944970 bcsId: 0,size=4194304]} | ret=SUCCESS |  
2019-08-23 18:29:02,550 [grpc-default-executor-0] INFO  client.GrpcClientProtocolClient (GrpcClientProtocolClient.java:onNext(255)) - client-19C32667576E->48affcab-e6e4-4602-963a-f6a50efbd54c: receive RaftClientReply:client-19C32667576E->48affcab-e6e4-4602-963a-f6a50efbd54c@group-50C56EAF5137, cid=1785, SUCCESS, logIndex=2600, commits[48affcab-e6e4-4602-963a-f6a50efbd54c:c2601, 7e391b60-07ae-4d97-a027-4756e468c032:c2599, c5f86d96-67df-4f25-bde3-316f439d30b3:c2599]
2019-08-23 18:29:02,551 [grpc-default-executor-0] INFO  client.GrpcClientProtocolClient (GrpcClientProtocolClient.java:onNext(255)) - client-19C32667576E->48affcab-e6e4-4602-963a-f6a50efbd54c: receive RaftClientReply:client-19C32667576E->48affcab-e6e4-4602-963a-f6a50efbd54c@group-50C56EAF5137, cid=1786, SUCCESS, logIndex=2601, commits[48affcab-e6e4-4602-963a-f6a50efbd54c:c2601, 7e391b60-07ae-4d97-a027-4756e468c032:c2599, c5f86d96-67df-4f25-bde3-316f439d30b3:c2599]
2019-08-23 18:29:02,561 | INFO  | DNAudit | user=null | ip=null | op=WRITE_CHUNK {blockData=conID: 2 locID: 102667710787944970 bcsId: 2597} | ret=SUCCESS |  
2019-08-23 18:29:02,561 | INFO  | DNAudit | user=null | ip=null | op=WRITE_CHUNK {blockData=conID: 2 locID: 102667710787944970 bcsId: 2597} | ret=SUCCESS |  
2019-08-23 18:29:02,561 | INFO  | DNAudit | user=null | ip=null | op=PUT_BLOCK {blockData=[blockId=conID: 2 locID: 102667710787944970 bcsId: 0,size=4194304]} | ret=SUCCESS |  
2019-08-23 18:29:02,561 | INFO  | DNAudit | user=null | ip=null | op=PUT_BLOCK {blockData=[blockId=conID: 2 locID: 102667710787944970 bcsId: 0,size=4194304]} | ret=SUCCESS |  
2019-08-23 18:29:02,562 [grpc-default-executor-0] INFO  client.GrpcClientProtocolClient (GrpcClientProtocolClient.java:onNext(255)) - client-19C32667576E->48affcab-e6e4-4602-963a-f6a50efbd54c: receive RaftClientReply:client-19C32667576E->48affcab-e6e4-4602-963a-f6a50efbd54c@group-50C56EAF5137, cid=1787, SUCCESS, logIndex=0, commits[48affcab-e6e4-4602-963a-f6a50efbd54c:c2602, 7e391b60-07ae-4d97-a027-4756e468c032:c2601, c5f86d96-67df-4f25-bde3-316f439d30b3:c2601]
2019-08-23 18:29:02,567 | INFO  | SCMAudit | user=jenkins1000 | ip=192.168.34.23 | op=ALLOCATE_BLOCK {owner=1ceb8b80-28f1-43fd-86c3-175afc07b8d1, size=4194304, type=RATIS, factor=THREE} | ret=SUCCESS |  
2019-08-23 18:29:02,569 | INFO  | OMAudit | user=jenkins1000 | ip=127.0.0.1 | op=ALLOCATE_BLOCK {volume=vol-0-45438, bucket=bucket-0-23891, key=key-0-22455, dataSize=0, replicationType=null, replicationFactor=null, keyLocationInfo=null, clientID=102667710122492306} | ret=SUCCESS |  
2019-08-23 18:29:02,579 | INFO  | DNAudit | user=null | ip=null | op=WRITE_CHUNK {blockData=conID: 3 locID: 102667710796005899 bcsId: 0} | ret=SUCCESS |  
2019-08-23 18:29:02,582 | INFO  | DNAudit | user=null | ip=null | op=WRITE_CHUNK {blockData=conID: 3 locID: 102667710796005899 bcsId: 0} | ret=SUCCESS |  
2019-08-23 18:29:02,582 | INFO  | DNAudit | user=null | ip=null | op=WRITE_CHUNK {blockData=conID: 3 locID: 102667710796005899 bcsId: 0} | ret=SUCCESS |  
2019-08-23 18:29:02,583 | INFO  | DNAudit | user=null | ip=null | op=WRITE_CHUNK {blockData=conID: 3 locID: 102667710796005899 bcsId: 0} | ret=SUCCESS |  
 0.00% |█                                                                                                    |  0/1 Time: 0:00:102019-08-23 18:29:02,586 | INFO  | DNAudit | user=null | ip=null | op=WRITE_CHUNK {blockData=conID: 3 locID: 102667710796005899 bcsId: 0} | ret=SUCCESS |  
2019-08-23 18:29:02,587 | INFO  | DNAudit | user=null | ip=null | op=WRITE_CHUNK {blockData=conID: 3 locID: 102667710796005899 bcsId: 0} | ret=SUCCESS |  
2019-08-23 18:29:02,591 | INFO  | DNAudit | user=null | ip=null | op=WRITE_CHUNK {blockData=conID: 3 locID: 102667710796005899 bcsId: 0} | ret=SUCCESS |  
2019-08-23 18:29:02,592 | INFO  | DNAudit | user=null | ip=null | op=PUT_BLOCK {blockData=[blockId=conID: 3 locID: 102667710796005899 bcsId: 0,size=1048576]} | ret=SUCCESS |  
2019-08-23 18:29:02,592 | INFO  | DNAudit | user=null | ip=null | op=WRITE_CHUNK {blockData=conID: 3 locID: 102667710796005899 bcsId: 0} | ret=SUCCESS |  
2019-08-23 18:29:02,592 [grpc-default-executor-3] INFO  client.GrpcClientProtocolClient (GrpcClientProtocolClient.java:onNext(255)) - client-19C32667576E->48affcab-e6e4-4602-963a-f6a50efbd54c: receive RaftClientReply:client-19C32667576E->48affcab-e6e4-4602-963a-f6a50efbd54c@group-50C56EAF5137, cid=1788, SUCCESS, logIndex=2604, commits[48affcab-e6e4-4602-963a-f6a50efbd54c:c2605, 7e391b60-07ae-4d97-a027-4756e468c032:c2603, c5f86d96-67df-4f25-bde3-316f439d30b3:c2603]
2019-08-23 18:29:02,593 | INFO  | DNAudit | user=null | ip=null | op=PUT_BLOCK {blockData=[blockId=conID: 3 locID: 102667710796005899 bcsId: 0,size=2097152]} | ret=SUCCESS |  
2019-08-23 18:29:02,593 | INFO  | DNAudit | user=null | ip=null | op=WRITE_CHUNK {blockData=conID: 3 locID: 102667710796005899 bcsId: 0} | ret=SUCCESS |  
2019-08-23 18:29:02,593 [grpc-default-executor-3] INFO  client.GrpcClientProtocolClient (GrpcClientProtocolClient.java:onNext(255)) - client-19C32667576E->48affcab-e6e4-4602-963a-f6a50efbd54c: receive RaftClientReply:client-19C32667576E->48affcab-e6e4-4602-963a-f6a50efbd54c@group-50C56EAF5137, cid=1789, SUCCESS, logIndex=2605, commits[48affcab-e6e4-4602-963a-f6a50efbd54c:c2605, 7e391b60-07ae-4d97-a027-4756e468c032:c2603, c5f86d96-67df-4f25-bde3-316f439d30b3:c2603]
2019-08-23 18:29:02,593 | INFO  | DNAudit | user=null | ip=null | op=PUT_BLOCK {blockData=[blockId=conID: 3 locID: 102667710796005899 bcsId: 0,size=1048576]} | ret=SUCCESS |  
2019-08-23 18:29:02,593 [grpc-default-executor-3] INFO  client.GrpcClientProtocolClient (GrpcClientProtocolClient.java:onNext(255)) - client-19C32667576E->48affcab-e6e4-4602-963a-f6a50efbd54c: receive RaftClientReply:client-19C32667576E->48affcab-e6e4-4602-963a-f6a50efbd54c@group-50C56EAF5137, cid=1790, SUCCESS, logIndex=2606, commits[48affcab-e6e4-4602-963a-f6a50efbd54c:c2607, 7e391b60-07ae-4d97-a027-4756e468c032:c2603, c5f86d96-67df-4f25-bde3-316f439d30b3:c2603]
2019-08-23 18:29:02,594 [grpc-default-executor-3] INFO  client.GrpcClientProtocolClient (GrpcClientProtocolClient.java:onNext(255)) - client-19C32667576E->48affcab-e6e4-4602-963a-f6a50efbd54c: receive RaftClientReply:client-19C32667576E->48affcab-e6e4-4602-963a-f6a50efbd54c@group-50C56EAF5137, cid=1791, SUCCESS, logIndex=2607, commits[48affcab-e6e4-4602-963a-f6a50efbd54c:c2607, 7e391b60-07ae-4d97-a027-4756e468c032:c2603, c5f86d96-67df-4f25-bde3-316f439d30b3:c2603]
2019-08-23 18:29:02,594 | INFO  | DNAudit | user=null | ip=null | op=WRITE_CHUNK {blockData=conID: 3 locID: 102667710796005899 bcsId: 0} | ret=SUCCESS |  
2019-08-23 18:29:02,595 | INFO  | DNAudit | user=null | ip=null | op=PUT_BLOCK {blockData=[blockId=conID: 3 locID: 102667710796005899 bcsId: 0,size=1048576]} | ret=SUCCESS |  
2019-08-23 18:29:02,595 | INFO  | DNAudit | user=null | ip=null | op=WRITE_CHUNK {blockData=conID: 3 locID: 102667710796005899 bcsId: 0} | ret=SUCCESS |  
2019-08-23 18:29:02,595 | INFO  | DNAudit | user=null | ip=null | op=PUT_BLOCK {blockData=[blockId=conID: 3 locID: 102667710796005899 bcsId: 0,size=2097152]} | ret=SUCCESS |  
2019-08-23 18:29:02,595 [grpc-default-executor-0] INFO  client.GrpcClientProtocolClient (GrpcClientProtocolClient.java:onNext(255)) - client-19C32667576E->48affcab-e6e4-4602-963a-f6a50efbd54c: receive RaftClientReply:client-19C32667576E->48affcab-e6e4-4602-963a-f6a50efbd54c@group-50C56EAF5137, cid=1792, SUCCESS, logIndex=0, commits[48affcab-e6e4-4602-963a-f6a50efbd54c:c2609, 7e391b60-07ae-4d97-a027-4756e468c032:c2605, c5f86d96-67df-4f25-bde3-316f439d30b3:c2605]
2019-08-23 18:29:02,595 | INFO  | DNAudit | user=null | ip=null | op=WRITE_CHUNK {blockData=conID: 3 locID: 102667710796005899 bcsId: 0} | ret=SUCCESS |  
2019-08-23 18:29:02,595 | INFO  | DNAudit | user=null | ip=null | op=PUT_BLOCK {blockData=[blockId=conID: 3 locID: 102667710796005899 bcsId: 0,size=2097152]} | ret=SUCCESS |  
2019-08-23 18:29:02,603 | INFO  | DNAudit | user=null | ip=null | op=WRITE_CHUNK {blockData=conID: 3 locID: 102667710796005899 bcsId: 2607} | ret=SUCCESS |  
2019-08-23 18:29:02,608 | INFO  | DNAudit | user=null | ip=null | op=WRITE_CHUNK {blockData=conID: 3 locID: 102667710796005899 bcsId: 2607} | ret=SUCCESS |  
2019-08-23 18:29:02,609 | INFO  | DNAudit | user=null | ip=null | op=WRITE_CHUNK {blockData=conID: 3 locID: 102667710796005899 bcsId: 2607} | ret=SUCCESS |  
2019-08-23 18:29:02,621 | INFO  | DNAudit | user=null | ip=null | op=WRITE_CHUNK {blockData=conID: 3 locID: 102667710796005899 bcsId: 2607} | ret=SUCCESS |  
2019-08-23 18:29:02,621 | INFO  | DNAudit | user=null | ip=null | op=PUT_BLOCK {blockData=[blockId=conID: 3 locID: 102667710796005899 bcsId: 0,size=3145728]} | ret=SUCCESS |  
2019-08-23 18:29:02,622 [grpc-default-executor-4] INFO  client.GrpcClientProtocolClient (GrpcClientProtocolClient.java:onNext(255)) - client-19C32667576E->48affcab-e6e4-4602-963a-f6a50efbd54c: receive RaftClientReply:client-19C32667576E->48affcab-e6e4-4602-963a-f6a50efbd54c@group-50C56EAF5137, cid=1793, SUCCESS, logIndex=2611, commits[48affcab-e6e4-4602-963a-f6a50efbd54c:c2612, 7e391b60-07ae-4d97-a027-4756e468c032:c2610, c5f86d96-67df-4f25-bde3-316f439d30b3:c2610]
2019-08-23 18:29:02,622 [grpc-default-executor-4] INFO  client.GrpcClientProtocolClient (GrpcClientProtocolClient.java:onNext(255)) - client-19C32667576E->48affcab-e6e4-4602-963a-f6a50efbd54c: receive RaftClientReply:client-19C32667576E->48affcab-e6e4-4602-963a-f6a50efbd54c@group-50C56EAF5137, cid=1794, SUCCESS, logIndex=2612, commits[48affcab-e6e4-4602-963a-f6a50efbd54c:c2612, 7e391b60-07ae-4d97-a027-4756e468c032:c2610, c5f86d96-67df-4f25-bde3-316f439d30b3:c2610]
2019-08-23 18:29:02,630 | INFO  | DNAudit | user=null | ip=null | op=WRITE_CHUNK {blockData=conID: 3 locID: 102667710796005899 bcsId: 2612} | ret=SUCCESS |  
2019-08-23 18:29:02,633 | INFO  | DNAudit | user=null | ip=null | op=WRITE_CHUNK {blockData=conID: 3 locID: 102667710796005899 bcsId: 2607} | ret=SUCCESS |  
2019-08-23 18:29:02,634 | INFO  | DNAudit | user=null | ip=null | op=WRITE_CHUNK {blockData=conID: 3 locID: 102667710796005899 bcsId: 2607} | ret=SUCCESS |  
2019-08-23 18:29:02,634 | INFO  | DNAudit | user=null | ip=null | op=PUT_BLOCK {blockData=[blockId=conID: 3 locID: 102667710796005899 bcsId: 0,size=3145728]} | ret=SUCCESS |  
2019-08-23 18:29:02,634 | INFO  | DNAudit | user=null | ip=null | op=PUT_BLOCK {blockData=[blockId=conID: 3 locID: 102667710796005899 bcsId: 0,size=3145728]} | ret=SUCCESS |  
2019-08-23 18:29:02,635 | INFO  | DNAudit | user=null | ip=null | op=WRITE_CHUNK {blockData=conID: 3 locID: 102667710796005899 bcsId: 2612} | ret=SUCCESS |  
2019-08-23 18:29:02,635 | INFO  | DNAudit | user=null | ip=null | op=WRITE_CHUNK {blockData=conID: 3 locID: 102667710796005899 bcsId: 2612} | ret=SUCCESS |  
2019-08-23 18:29:02,648 | INFO  | DNAudit | user=null | ip=null | op=WRITE_CHUNK {blockData=conID: 3 locID: 102667710796005899 bcsId: 2612} | ret=SUCCESS |  
2019-08-23 18:29:02,649 | INFO  | DNAudit | user=null | ip=null | op=PUT_BLOCK {blockData=[blockId=conID: 3 locID: 102667710796005899 bcsId: 0,size=4194304]} | ret=SUCCESS |  
2019-08-23 18:29:02,649 | INFO  | DNAudit | user=null | ip=null | op=WRITE_CHUNK {blockData=conID: 3 locID: 102667710796005899 bcsId: 2612} | ret=SUCCESS |  
2019-08-23 18:29:02,650 | INFO  | DNAudit | user=null | ip=null | op=PUT_BLOCK {blockData=[blockId=conID: 3 locID: 102667710796005899 bcsId: 0,size=4194304]} | ret=SUCCESS |  
2019-08-23 18:29:02,650 | INFO  | DNAudit | user=null | ip=null | op=WRITE_CHUNK {blockData=conID: 3 locID: 102667710796005899 bcsId: 2612} | ret=SUCCESS |  
2019-08-23 18:29:02,650 [grpc-default-executor-3] INFO  client.GrpcClientProtocolClient (GrpcClientProtocolClient.java:onNext(255)) - client-19C32667576E->48affcab-e6e4-4602-963a-f6a50efbd54c: receive RaftClientReply:client-19C32667576E->48affcab-e6e4-4602-963a-f6a50efbd54c@group-50C56EAF5137, cid=1795, SUCCESS, logIndex=2615, commits[48affcab-e6e4-4602-963a-f6a50efbd54c:c2616, 7e391b60-07ae-4d97-a027-4756e468c032:c2612, c5f86d96-67df-4f25-bde3-316f439d30b3:c2612]
2019-08-23 18:29:02,651 | INFO  | DNAudit | user=null | ip=null | op=PUT_BLOCK {blockData=[blockId=conID: 3 locID: 102667710796005899 bcsId: 0,size=4194304]} | ret=SUCCESS |  
2019-08-23 18:29:02,651 [grpc-default-executor-3] INFO  client.GrpcClientProtocolClient (GrpcClientProtocolClient.java:onNext(255)) - client-19C32667576E->48affcab-e6e4-4602-963a-f6a50efbd54c: receive RaftClientReply:client-19C32667576E->48affcab-e6e4-4602-963a-f6a50efbd54c@group-50C56EAF5137, cid=1796, SUCCESS, logIndex=2616, commits[48affcab-e6e4-4602-963a-f6a50efbd54c:c2616, 7e391b60-07ae-4d97-a027-4756e468c032:c2612, c5f86d96-67df-4f25-bde3-316f439d30b3:c2612]
2019-08-23 18:29:02,652 [grpc-default-executor-3] INFO  client.GrpcClientProtocolClient (GrpcClientProtocolClient.java:onNext(255)) - client-19C32667576E->48affcab-e6e4-4602-963a-f6a50efbd54c: receive RaftClientReply:client-19C32667576E->48affcab-e6e4-4602-963a-f6a50efbd54c@group-50C56EAF5137, cid=1797, SUCCESS, logIndex=0, commits[48affcab-e6e4-4602-963a-f6a50efbd54c:c2618, 7e391b60-07ae-4d97-a027-4756e468c032:c2616, c5f86d96-67df-4f25-bde3-316f439d30b3:c2616]
2019-08-23 18:29:02,658 | INFO  | SCMAudit | user=jenkins1000 | ip=192.168.34.23 | op=ALLOCATE_BLOCK {owner=1ceb8b80-28f1-43fd-86c3-175afc07b8d1, size=4194304, type=RATIS, factor=THREE} | ret=SUCCESS |  
2019-08-23 18:29:02,661 | INFO  | OMAudit | user=jenkins1000 | ip=127.0.0.1 | op=ALLOCATE_BLOCK {volume=vol-0-45438, bucket=bucket-0-23891, key=key-0-22455, dataSize=0, replicationType=null, replicationFactor=null, keyLocationInfo=null, clientID=102667710122492306} | ret=SUCCESS |  
2019-08-23 18:29:02,668 | INFO  | DNAudit | user=null | ip=null | op=WRITE_CHUNK {blockData=conID: 1 locID: 102667710802035212 bcsId: 0} | ret=SUCCESS |  
2019-08-23 18:29:02,672 | INFO  | DNAudit | user=null | ip=null | op=WRITE_CHUNK {blockData=conID: 1 locID: 102667710802035212 bcsId: 0} | ret=SUCCESS |  
2019-08-23 18:29:02,672 | INFO  | DNAudit | user=null | ip=null | op=WRITE_CHUNK {blockData=conID: 1 locID: 102667710802035212 bcsId: 0} | ret=SUCCESS |  
2019-08-23 18:29:02,673 | INFO  | DNAudit | user=null | ip=null | op=WRITE_CHUNK {blockData=conID: 1 locID: 102667710802035212 bcsId: 0} | ret=SUCCESS |  
2019-08-23 18:29:02,675 | INFO  | DNAudit | user=null | ip=null | op=WRITE_CHUNK {blockData=conID: 1 locID: 102667710802035212 bcsId: 0} | ret=SUCCESS |  
2019-08-23 18:29:02,675 | INFO  | DNAudit | user=null | ip=null | op=WRITE_CHUNK {blockData=conID: 1 locID: 102667710802035212 bcsId: 0} | ret=SUCCESS |  
2019-08-23 18:29:02,682 | INFO  | DNAudit | user=null | ip=null | op=WRITE_CHUNK {blockData=conID: 1 locID: 102667710802035212 bcsId: 0} | ret=SUCCESS |  
2019-08-23 18:29:02,682 | INFO  | DNAudit | user=null | ip=null | op=PUT_BLOCK {blockData=[blockId=conID: 1 locID: 102667710802035212 bcsId: 0,size=1048576]} | ret=SUCCESS |  
2019-08-23 18:29:02,682 [grpc-default-executor-3] INFO  client.GrpcClientProtocolClient (GrpcClientProtocolClient.java:onNext(255)) - client-19C32667576E->48affcab-e6e4-4602-963a-f6a50efbd54c: receive RaftClientReply:client-19C32667576E->48affcab-e6e4-4602-963a-f6a50efbd54c@group-50C56EAF5137, cid=1798, SUCCESS, logIndex=2619, commits[48affcab-e6e4-4602-963a-f6a50efbd54c:c2620, 7e391b60-07ae-4d97-a027-4756e468c032:c2618, c5f86d96-67df-4f25-bde3-316f439d30b3:c2618]
2019-08-23 18:29:02,683 [grpc-default-executor-3] INFO  client.GrpcClientProtocolClient (GrpcClientProtocolClient.java:onNext(255)) - client-19C32667576E->48affcab-e6e4-4602-963a-f6a50efbd54c: receive RaftClientReply:client-19C32667576E->48affcab-e6e4-4602-963a-f6a50efbd54c@group-50C56EAF5137, cid=1799, SUCCESS, logIndex=2620, commits[48affcab-e6e4-4602-963a-f6a50efbd54c:c2620, 7e391b60-07ae-4d97-a027-4756e468c032:c2618, c5f86d96-67df-4f25-bde3-316f439d30b3:c2618]
2019-08-23 18:29:02,692 | INFO  | DNAudit | user=null | ip=null | op=WRITE_CHUNK {blockData=conID: 1 locID: 102667710802035212 bcsId: 0} | ret=SUCCESS |  
2019-08-23 18:29:02,692 | INFO  | DNAudit | user=null | ip=null | op=PUT_BLOCK {blockData=[blockId=conID: 1 locID: 102667710802035212 bcsId: 0,size=2097152]} | ret=SUCCESS |  
2019-08-23 18:29:02,693 | INFO  | DNAudit | user=null | ip=null | op=WRITE_CHUNK {blockData=conID: 1 locID: 102667710802035212 bcsId: 0} | ret=SUCCESS |  
2019-08-23 18:29:02,692 [grpc-default-executor-5] INFO  client.GrpcClientProtocolClient (GrpcClientProtocolClient.java:onNext(255)) - client-19C32667576E->48affcab-e6e4-4602-963a-f6a50efbd54c: receive RaftClientReply:client-19C32667576E->48affcab-e6e4-4602-963a-f6a50efbd54c@group-50C56EAF5137, cid=1800, SUCCESS, logIndex=2621, commits[48affcab-e6e4-4602-963a-f6a50efbd54c:c2622, 7e391b60-07ae-4d97-a027-4756e468c032:c2618, c5f86d96-67df-4f25-bde3-316f439d30b3:c2618]
2019-08-23 18:29:02,693 | INFO  | DNAudit | user=null | ip=null | op=PUT_BLOCK {blockData=[blockId=conID: 1 locID: 102667710802035212 bcsId: 0,size=1048576]} | ret=SUCCESS |  
2019-08-23 18:29:02,693 [grpc-default-executor-5] INFO  client.GrpcClientProtocolClient (GrpcClientProtocolClient.java:onNext(255)) - client-19C32667576E->48affcab-e6e4-4602-963a-f6a50efbd54c: receive RaftClientReply:client-19C32667576E->48affcab-e6e4-4602-963a-f6a50efbd54c@group-50C56EAF5137, cid=1801, SUCCESS, logIndex=2622, commits[48affcab-e6e4-4602-963a-f6a50efbd54c:c2622, 7e391b60-07ae-4d97-a027-4756e468c032:c2618, c5f86d96-67df-4f25-bde3-316f439d30b3:c2618]
2019-08-23 18:29:02,693 | INFO  | DNAudit | user=null | ip=null | op=WRITE_CHUNK {blockData=conID: 1 locID: 102667710802035212 bcsId: 0} | ret=SUCCESS |  
2019-08-23 18:29:02,693 | INFO  | DNAudit | user=null | ip=null | op=PUT_BLOCK {blockData=[blockId=conID: 1 locID: 102667710802035212 bcsId: 0,size=1048576]} | ret=SUCCESS |  
2019-08-23 18:29:02,694 | INFO  | DNAudit | user=null | ip=null | op=WRITE_CHUNK {blockData=conID: 1 locID: 102667710802035212 bcsId: 0} | ret=SUCCESS |  
2019-08-23 18:29:02,694 | INFO  | DNAudit | user=null | ip=null | op=PUT_BLOCK {blockData=[blockId=conID: 1 locID: 102667710802035212 bcsId: 0,size=2097152]} | ret=SUCCESS |  
2019-08-23 18:29:02,694 | INFO  | DNAudit | user=null | ip=null | op=WRITE_CHUNK {blockData=conID: 1 locID: 102667710802035212 bcsId: 0} | ret=SUCCESS |  
2019-08-23 18:29:02,695 | INFO  | DNAudit | user=null | ip=null | op=PUT_BLOCK {blockData=[blockId=conID: 1 locID: 102667710802035212 bcsId: 0,size=2097152]} | ret=SUCCESS |  
2019-08-23 18:29:02,694 [grpc-default-executor-4] INFO  client.GrpcClientProtocolClient (GrpcClientProtocolClient.java:onNext(255)) - client-19C32667576E->48affcab-e6e4-4602-963a-f6a50efbd54c: receive RaftClientReply:client-19C32667576E->48affcab-e6e4-4602-963a-f6a50efbd54c@group-50C56EAF5137, cid=1802, SUCCESS, logIndex=0, commits[48affcab-e6e4-4602-963a-f6a50efbd54c:c2624, 7e391b60-07ae-4d97-a027-4756e468c032:c2620, c5f86d96-67df-4f25-bde3-316f439d30b3:c2620]
2019-08-23 18:29:02,701 | INFO  | DNAudit | user=null | ip=null | op=WRITE_CHUNK {blockData=conID: 1 locID: 102667710802035212 bcsId: 2622} | ret=SUCCESS |  
2019-08-23 18:29:02,705 | INFO  | DNAudit | user=null | ip=null | op=WRITE_CHUNK {blockData=conID: 1 locID: 102667710802035212 bcsId: 2622} | ret=SUCCESS |  
2019-08-23 18:29:02,705 | INFO  | DNAudit | user=null | ip=null | op=WRITE_CHUNK {blockData=conID: 1 locID: 102667710802035212 bcsId: 2622} | ret=SUCCESS |  
2019-08-23 18:29:02,709 | INFO  | SCMAudit | user=jenkins1000 | ip=192.168.34.23 | op=SEND_HEARTBEAT {datanodeUUID=48affcab-e6e4-4602-963a-f6a50efbd54c, command=[]} | ret=SUCCESS |  
2019-08-23 18:29:02,709 | INFO  | SCMAudit | user=jenkins1000 | ip=192.168.34.23 | op=SEND_HEARTBEAT {datanodeUUID=58706fd2-d7f7-4771-af80-9e0541495c87, command=[]} | ret=SUCCESS |  
2019-08-23 18:29:02,709 | INFO  | SCMAudit | user=jenkins1000 | ip=192.168.34.23 | op=SEND_HEARTBEAT {datanodeUUID=7e391b60-07ae-4d97-a027-4756e468c032, command=[]} | ret=SUCCESS |  
2019-08-23 18:29:02,709 | INFO  | SCMAudit | user=jenkins1000 | ip=192.168.34.23 | op=SEND_HEARTBEAT {datanodeUUID=c5f86d96-67df-4f25-bde3-316f439d30b3, command=[]} | ret=SUCCESS |  
2019-08-23 18:29:02,714 | INFO  | DNAudit | user=null | ip=null | op=WRITE_CHUNK {blockData=conID: 1 locID: 102667710802035212 bcsId: 2622} | ret=SUCCESS |  
2019-08-23 18:29:02,715 | INFO  | DNAudit | user=null | ip=null | op=PUT_BLOCK {blockData=[blockId=conID: 1 locID: 102667710802035212 bcsId: 0,size=3145728]} | ret=SUCCESS |  
2019-08-23 18:29:02,715 [grpc-default-executor-3] INFO  client.GrpcClientProtocolClient (GrpcClientProtocolClient.java:onNext(255)) - client-19C32667576E->48affcab-e6e4-4602-963a-f6a50efbd54c: receive RaftClientReply:client-19C32667576E->48affcab-e6e4-4602-963a-f6a50efbd54c@group-50C56EAF5137, cid=1803, SUCCESS, logIndex=2627, commits[48affcab-e6e4-4602-963a-f6a50efbd54c:c2628, 7e391b60-07ae-4d97-a027-4756e468c032:c2626, c5f86d96-67df-4f25-bde3-316f439d30b3:c2626]
2019-08-23 18:29:02,716 [grpc-default-executor-3] INFO  client.GrpcClientProtocolClient (GrpcClientProtocolClient.java:onNext(255)) - client-19C32667576E->48affcab-e6e4-4602-963a-f6a50efbd54c: receive RaftClientReply:client-19C32667576E->48affcab-e6e4-4602-963a-f6a50efbd54c@group-50C56EAF5137, cid=1804, SUCCESS, logIndex=2628, commits[48affcab-e6e4-4602-963a-f6a50efbd54c:c2628, 7e391b60-07ae-4d97-a027-4756e468c032:c2626, c5f86d96-67df-4f25-bde3-316f439d30b3:c2626]
2019-08-23 18:29:02,723 | INFO  | DNAudit | user=null | ip=null | op=WRITE_CHUNK {blockData=conID: 1 locID: 102667710802035212 bcsId: 2628} | ret=SUCCESS |  
2019-08-23 18:29:02,726 | INFO  | DNAudit | user=null | ip=null | op=WRITE_CHUNK {blockData=conID: 1 locID: 102667710802035212 bcsId: 2628} | ret=SUCCESS |  
2019-08-23 18:29:02,726 | INFO  | DNAudit | user=null | ip=null | op=WRITE_CHUNK {blockData=conID: 1 locID: 102667710802035212 bcsId: 2622} | ret=SUCCESS |  
2019-08-23 18:29:02,726 | INFO  | DNAudit | user=null | ip=null | op=WRITE_CHUNK {blockData=conID: 1 locID: 102667710802035212 bcsId: 2622} | ret=SUCCESS |  
2019-08-23 18:29:02,726 | INFO  | DNAudit | user=null | ip=null | op=PUT_BLOCK {blockData=[blockId=conID: 1 locID: 102667710802035212 bcsId: 0,size=3145728]} | ret=SUCCESS |  
2019-08-23 18:29:02,726 | INFO  | DNAudit | user=null | ip=null | op=PUT_BLOCK {blockData=[blockId=conID: 1 locID: 102667710802035212 bcsId: 0,size=3145728]} | ret=SUCCESS |  
2019-08-23 18:29:02,727 | INFO  | DNAudit | user=null | ip=null | op=WRITE_CHUNK {blockData=conID: 1 locID: 102667710802035212 bcsId: 2628} | ret=SUCCESS |  
2019-08-23 18:29:02,728 | INFO  | DNAudit | user=null | ip=null | op=WRITE_CHUNK {blockData=conID: 1 locID: 102667710802035212 bcsId: 2628} | ret=SUCCESS |  
2019-08-23 18:29:02,728 | INFO  | DNAudit | user=null | ip=null | op=PUT_BLOCK {blockData=[blockId=conID: 1 locID: 102667710802035212 bcsId: 0,size=4194304]} | ret=SUCCESS |  
2019-08-23 18:29:02,729 [grpc-default-executor-4] INFO  client.GrpcClientProtocolClient (GrpcClientProtocolClient.java:onNext(255)) - client-19C32667576E->48affcab-e6e4-4602-963a-f6a50efbd54c: receive RaftClientReply:client-19C32667576E->48affcab-e6e4-4602-963a-f6a50efbd54c@group-50C56EAF5137, cid=1805, SUCCESS, logIndex=2631, commits[48affcab-e6e4-4602-963a-f6a50efbd54c:c2632, 7e391b60-07ae-4d97-a027-4756e468c032:c2628, c5f86d96-67df-4f25-bde3-316f439d30b3:c2628]
2019-08-23 18:29:02,729 [grpc-default-executor-4] INFO  client.GrpcClientProtocolClient (GrpcClientProtocolClient.java:onNext(255)) - client-19C32667576E->48affcab-e6e4-4602-963a-f6a50efbd54c: receive RaftClientReply:client-19C32667576E->48affcab-e6e4-4602-963a-f6a50efbd54c@group-50C56EAF5137, cid=1806, SUCCESS, logIndex=2632, commits[48affcab-e6e4-4602-963a-f6a50efbd54c:c2632, 7e391b60-07ae-4d97-a027-4756e468c032:c2628, c5f86d96-67df-4f25-bde3-316f439d30b3:c2628]
2019-08-23 18:29:02,730 | INFO  | DNAudit | user=null | ip=null | op=WRITE_CHUNK {blockData=conID: 1 locID: 102667710802035212 bcsId: 2628} | ret=SUCCESS |  
2019-08-23 18:29:02,730 | INFO  | DNAudit | user=null | ip=null | op=WRITE_CHUNK {blockData=conID: 1 locID: 102667710802035212 bcsId: 2628} | ret=SUCCESS |  
2019-08-23 18:29:02,730 | INFO  | DNAudit | user=null | ip=null | op=PUT_BLOCK {blockData=[blockId=conID: 1 locID: 102667710802035212 bcsId: 0,size=4194304]} | ret=SUCCESS |  
2019-08-23 18:29:02,731 | INFO  | DNAudit | user=null | ip=null | op=PUT_BLOCK {blockData=[blockId=conID: 1 locID: 102667710802035212 bcsId: 0,size=4194304]} | ret=SUCCESS |  
2019-08-23 18:29:02,732 [grpc-default-executor-4] INFO  client.GrpcClientProtocolClient (GrpcClientProtocolClient.java:onNext(255)) - client-19C32667576E->48affcab-e6e4-4602-963a-f6a50efbd54c: receive RaftClientReply:client-19C32667576E->48affcab-e6e4-4602-963a-f6a50efbd54c@group-50C56EAF5137, cid=1807, SUCCESS, logIndex=0, commits[48affcab-e6e4-4602-963a-f6a50efbd54c:c2634, 7e391b60-07ae-4d97-a027-4756e468c032:c2632, c5f86d96-67df-4f25-bde3-316f439d30b3:c2632]
2019-08-23 18:29:02,736 | INFO  | SCMAudit | user=jenkins1000 | ip=192.168.34.23 | op=ALLOCATE_BLOCK {owner=1ceb8b80-28f1-43fd-86c3-175afc07b8d1, size=4194304, type=RATIS, factor=THREE} | ret=SUCCESS |  
2019-08-23 18:29:02,738 | INFO  | OMAudit | user=jenkins1000 | ip=127.0.0.1 | op=ALLOCATE_BLOCK {volume=vol-0-45438, bucket=bucket-0-23891, key=key-0-22455, dataSize=0, replicationType=null, replicationFactor=null, keyLocationInfo=null, clientID=102667710122492306} | ret=SUCCESS |  
2019-08-23 18:29:02,746 | INFO  | DNAudit | user=null | ip=null | op=WRITE_CHUNK {blockData=conID: 2 locID: 102667710807147021 bcsId: 0} | ret=SUCCESS |  
2019-08-23 18:29:02,749 | INFO  | DNAudit | user=null | ip=null | op=WRITE_CHUNK {blockData=conID: 2 locID: 102667710807147021 bcsId: 0} | ret=SUCCESS |  
2019-08-23 18:29:02,750 | INFO  | DNAudit | user=null | ip=null | op=WRITE_CHUNK {blockData=conID: 2 locID: 102667710807147021 bcsId: 0} | ret=SUCCESS |  
2019-08-23 18:29:02,750 | INFO  | DNAudit | user=null | ip=null | op=WRITE_CHUNK {blockData=conID: 2 locID: 102667710807147021 bcsId: 0} | ret=SUCCESS |  
2019-08-23 18:29:02,751 | INFO  | DNAudit | user=null | ip=null | op=WRITE_CHUNK {blockData=conID: 2 locID: 102667710807147021 bcsId: 0} | ret=SUCCESS |  
2019-08-23 18:29:02,754 | INFO  | DNAudit | user=null | ip=null | op=WRITE_CHUNK {blockData=conID: 2 locID: 102667710807147021 bcsId: 0} | ret=SUCCESS |  
2019-08-23 18:29:02,759 | INFO  | DNAudit | user=null | ip=null | op=WRITE_CHUNK {blockData=conID: 2 locID: 102667710807147021 bcsId: 0} | ret=SUCCESS |  
2019-08-23 18:29:02,760 | INFO  | DNAudit | user=null | ip=null | op=PUT_BLOCK {blockData=[blockId=conID: 2 locID: 102667710807147021 bcsId: 0,size=1048576]} | ret=SUCCESS |  
2019-08-23 18:29:02,760 | INFO  | DNAudit | user=null | ip=null | op=WRITE_CHUNK {blockData=conID: 2 locID: 102667710807147021 bcsId: 0} | ret=SUCCESS |  
2019-08-23 18:29:02,760 [grpc-default-executor-5] INFO  client.GrpcClientProtocolClient (GrpcClientProtocolClient.java:onNext(255)) - client-19C32667576E->48affcab-e6e4-4602-963a-f6a50efbd54c: receive RaftClientReply:client-19C32667576E->48affcab-e6e4-4602-963a-f6a50efbd54c@group-50C56EAF5137, cid=1808, SUCCESS, logIndex=2635, commits[48affcab-e6e4-4602-963a-f6a50efbd54c:c2637, 7e391b60-07ae-4d97-a027-4756e468c032:c2634, c5f86d96-67df-4f25-bde3-316f439d30b3:c2634]
2019-08-23 18:29:02,760 | INFO  | DNAudit | user=null | ip=null | op=PUT_BLOCK {blockData=[blockId=conID: 2 locID: 102667710807147021 bcsId: 0,size=2097152]} | ret=SUCCESS |  
2019-08-23 18:29:02,761 | INFO  | DNAudit | user=null | ip=null | op=WRITE_CHUNK {blockData=conID: 2 locID: 102667710807147021 bcsId: 0} | ret=SUCCESS |  
2019-08-23 18:29:02,761 | INFO  | DNAudit | user=null | ip=null | op=WRITE_CHUNK {blockData=conID: 2 locID: 102667710807147021 bcsId: 0} | ret=SUCCESS |  
2019-08-23 18:29:02,761 [grpc-default-executor-5] INFO  client.GrpcClientProtocolClient (GrpcClientProtocolClient.java:onNext(255)) - client-19C32667576E->48affcab-e6e4-4602-963a-f6a50efbd54c: receive RaftClientReply:client-19C32667576E->48affcab-e6e4-4602-963a-f6a50efbd54c@group-50C56EAF5137, cid=1809, SUCCESS, logIndex=2636, commits[48affcab-e6e4-4602-963a-f6a50efbd54c:c2638, 7e391b60-07ae-4d97-a027-4756e468c032:c2634, c5f86d96-67df-4f25-bde3-316f439d30b3:c2634]
2019-08-23 18:29:02,762 | INFO  | DNAudit | user=null | ip=null | op=PUT_BLOCK {blockData=[blockId=conID: 2 locID: 102667710807147021 bcsId: 0,size=1048576]} | ret=SUCCESS |  
2019-08-23 18:29:02,762 | INFO  | DNAudit | user=null | ip=null | op=PUT_BLOCK {blockData=[blockId=conID: 2 locID: 102667710807147021 bcsId: 0,size=1048576]} | ret=SUCCESS |  
2019-08-23 18:29:02,762 [grpc-default-executor-5] INFO  client.GrpcClientProtocolClient (GrpcClientProtocolClient.java:onNext(255)) - client-19C32667576E->48affcab-e6e4-4602-963a-f6a50efbd54c: receive RaftClientReply:client-19C32667576E->48affcab-e6e4-4602-963a-f6a50efbd54c@group-50C56EAF5137, cid=1810, SUCCESS, logIndex=2637, commits[48affcab-e6e4-4602-963a-f6a50efbd54c:c2638, 7e391b60-07ae-4d97-a027-4756e468c032:c2634, c5f86d96-67df-4f25-bde3-316f439d30b3:c2634]
2019-08-23 18:29:02,762 | INFO  | DNAudit | user=null | ip=null | op=WRITE_CHUNK {blockData=conID: 2 locID: 102667710807147021 bcsId: 0} | ret=SUCCESS |  
2019-08-23 18:29:02,762 | INFO  | DNAudit | user=null | ip=null | op=WRITE_CHUNK {blockData=conID: 2 locID: 102667710807147021 bcsId: 0} | ret=SUCCESS |  
2019-08-23 18:29:02,762 | INFO  | DNAudit | user=null | ip=null | op=PUT_BLOCK {blockData=[blockId=conID: 2 locID: 102667710807147021 bcsId: 0,size=2097152]} | ret=SUCCESS |  
2019-08-23 18:29:02,762 [grpc-default-executor-5] INFO  client.GrpcClientProtocolClient (GrpcClientProtocolClient.java:onNext(255)) - client-19C32667576E->48affcab-e6e4-4602-963a-f6a50efbd54c: receive RaftClientReply:client-19C32667576E->48affcab-e6e4-4602-963a-f6a50efbd54c@group-50C56EAF5137, cid=1811, SUCCESS, logIndex=2638, commits[48affcab-e6e4-4602-963a-f6a50efbd54c:c2638, 7e391b60-07ae-4d97-a027-4756e468c032:c2634, c5f86d96-67df-4f25-bde3-316f439d30b3:c2634]
2019-08-23 18:29:02,762 | INFO  | DNAudit | user=null | ip=null | op=PUT_BLOCK {blockData=[blockId=conID: 2 locID: 102667710807147021 bcsId: 0,size=2097152]} | ret=SUCCESS |  
2019-08-23 18:29:02,763 [grpc-default-executor-5] INFO  client.GrpcClientProtocolClient (GrpcClientProtocolClient.java:onNext(255)) - client-19C32667576E->48affcab-e6e4-4602-963a-f6a50efbd54c: receive RaftClientReply:client-19C32667576E->48affcab-e6e4-4602-963a-f6a50efbd54c@group-50C56EAF5137, cid=1812, SUCCESS, logIndex=0, commits[48affcab-e6e4-4602-963a-f6a50efbd54c:c2642, 7e391b60-07ae-4d97-a027-4756e468c032:c2638, c5f86d96-67df-4f25-bde3-316f439d30b3:c2638]
2019-08-23 18:29:02,770 | INFO  | DNAudit | user=null | ip=null | op=WRITE_CHUNK {blockData=conID: 2 locID: 102667710807147021 bcsId: 2638} | ret=SUCCESS |  
2019-08-23 18:29:02,773 | INFO  | DNAudit | user=null | ip=null | op=WRITE_CHUNK {blockData=conID: 2 locID: 102667710807147021 bcsId: 2638} | ret=SUCCESS |  
2019-08-23 18:29:02,774 | INFO  | DNAudit | user=null | ip=null | op=WRITE_CHUNK {blockData=conID: 2 locID: 102667710807147021 bcsId: 2638} | ret=SUCCESS |  
2019-08-23 18:29:02,783 | INFO  | DNAudit | user=null | ip=null | op=WRITE_CHUNK {blockData=conID: 2 locID: 102667710807147021 bcsId: 2638} | ret=SUCCESS |  
2019-08-23 18:29:02,783 | INFO  | DNAudit | user=null | ip=null | op=PUT_BLOCK {blockData=[blockId=conID: 2 locID: 102667710807147021 bcsId: 0,size=3145728]} | ret=SUCCESS |  
2019-08-23 18:29:02,784 [grpc-default-executor-5] INFO  client.GrpcClientProtocolClient (GrpcClientProtocolClient.java:onNext(255)) - client-19C32667576E->48affcab-e6e4-4602-963a-f6a50efbd54c: receive RaftClientReply:client-19C32667576E->48affcab-e6e4-4602-963a-f6a50efbd54c@group-50C56EAF5137, cid=1813, SUCCESS, logIndex=2643, commits[48affcab-e6e4-4602-963a-f6a50efbd54c:c2644, 7e391b60-07ae-4d97-a027-4756e468c032:c2642, c5f86d96-67df-4f25-bde3-316f439d30b3:c2642]
2019-08-23 18:29:02,784 [grpc-default-executor-5] INFO  client.GrpcClientProtocolClient (GrpcClientProtocolClient.java:onNext(255)) - client-19C32667576E->48affcab-e6e4-4602-963a-f6a50efbd54c: receive RaftClientReply:client-19C32667576E->48affcab-e6e4-4602-963a-f6a50efbd54c@group-50C56EAF5137, cid=1814, SUCCESS, logIndex=2644, commits[48affcab-e6e4-4602-963a-f6a50efbd54c:c2644, 7e391b60-07ae-4d97-a027-4756e468c032:c2642, c5f86d96-67df-4f25-bde3-316f439d30b3:c2642]
2019-08-23 18:29:02,793 | INFO  | DNAudit | user=null | ip=null | op=WRITE_CHUNK {blockData=conID: 2 locID: 102667710807147021 bcsId: 2644} | ret=SUCCESS |  
2019-08-23 18:29:02,794 | INFO  | DNAudit | user=null | ip=null | op=WRITE_CHUNK {blockData=conID: 2 locID: 102667710807147021 bcsId: 2638} | ret=SUCCESS |  
2019-08-23 18:29:02,794 | INFO  | DNAudit | user=null | ip=null | op=WRITE_CHUNK {blockData=conID: 2 locID: 102667710807147021 bcsId: 2638} | ret=SUCCESS |  
2019-08-23 18:29:02,794 | INFO  | DNAudit | user=null | ip=null | op=WRITE_CHUNK {blockData=conID: 2 locID: 102667710807147021 bcsId: 2644} | ret=SUCCESS |  
2019-08-23 18:29:02,794 | INFO  | DNAudit | user=null | ip=null | op=PUT_BLOCK {blockData=[blockId=conID: 2 locID: 102667710807147021 bcsId: 0,size=3145728]} | ret=SUCCESS |  
2019-08-23 18:29:02,794 | INFO  | DNAudit | user=null | ip=null | op=PUT_BLOCK {blockData=[blockId=conID: 2 locID: 102667710807147021 bcsId: 0,size=3145728]} | ret=SUCCESS |  
2019-08-23 18:29:02,796 | INFO  | DNAudit | user=null | ip=null | op=WRITE_CHUNK {blockData=conID: 2 locID: 102667710807147021 bcsId: 2644} | ret=SUCCESS |  
2019-08-23 18:29:02,796 | INFO  | DNAudit | user=null | ip=null | op=WRITE_CHUNK {blockData=conID: 2 locID: 102667710807147021 bcsId: 2644} | ret=SUCCESS |  
2019-08-23 18:29:02,796 | INFO  | DNAudit | user=null | ip=null | op=PUT_BLOCK {blockData=[blockId=conID: 2 locID: 102667710807147021 bcsId: 0,size=4194304]} | ret=SUCCESS |  
2019-08-23 18:29:02,796 [grpc-default-executor-3] INFO  client.GrpcClientProtocolClient (GrpcClientProtocolClient.java:onNext(255)) - client-19C32667576E->48affcab-e6e4-4602-963a-f6a50efbd54c: receive RaftClientReply:client-19C32667576E->48affcab-e6e4-4602-963a-f6a50efbd54c@group-50C56EAF5137, cid=1815, SUCCESS, logIndex=2647, commits[48affcab-e6e4-4602-963a-f6a50efbd54c:c2648, 7e391b60-07ae-4d97-a027-4756e468c032:c2644, c5f86d96-67df-4f25-bde3-316f439d30b3:c2644]
2019-08-23 18:29:02,797 [grpc-default-executor-3] INFO  client.GrpcClientProtocolClient (GrpcClientProtocolClient.java:onNext(255)) - client-19C32667576E->48affcab-e6e4-4602-963a-f6a50efbd54c: receive RaftClientReply:client-19C32667576E->48affcab-e6e4-4602-963a-f6a50efbd54c@group-50C56EAF5137, cid=1816, SUCCESS, logIndex=2648, commits[48affcab-e6e4-4602-963a-f6a50efbd54c:c2648, 7e391b60-07ae-4d97-a027-4756e468c032:c2644, c5f86d96-67df-4f25-bde3-316f439d30b3:c2644]
2019-08-23 18:29:02,807 | INFO  | DNAudit | user=null | ip=null | op=WRITE_CHUNK {blockData=conID: 2 locID: 102667710807147021 bcsId: 2644} | ret=SUCCESS |  
2019-08-23 18:29:02,808 | INFO  | DNAudit | user=null | ip=null | op=WRITE_CHUNK {blockData=conID: 2 locID: 102667710807147021 bcsId: 2644} | ret=SUCCESS |  
2019-08-23 18:29:02,808 | INFO  | DNAudit | user=null | ip=null | op=PUT_BLOCK {blockData=[blockId=conID: 2 locID: 102667710807147021 bcsId: 0,size=4194304]} | ret=SUCCESS |  
2019-08-23 18:29:02,808 | INFO  | DNAudit | user=null | ip=null | op=PUT_BLOCK {blockData=[blockId=conID: 2 locID: 102667710807147021 bcsId: 0,size=4194304]} | ret=SUCCESS |  
2019-08-23 18:29:02,809 [grpc-default-executor-3] INFO  client.GrpcClientProtocolClient (GrpcClientProtocolClient.java:onNext(255)) - client-19C32667576E->48affcab-e6e4-4602-963a-f6a50efbd54c: receive RaftClientReply:client-19C32667576E->48affcab-e6e4-4602-963a-f6a50efbd54c@group-50C56EAF5137, cid=1817, SUCCESS, logIndex=0, commits[48affcab-e6e4-4602-963a-f6a50efbd54c:c2650, 7e391b60-07ae-4d97-a027-4756e468c032:c2648, c5f86d96-67df-4f25-bde3-316f439d30b3:c2648]
2019-08-23 18:29:02,813 | INFO  | SCMAudit | user=jenkins1000 | ip=192.168.34.23 | op=ALLOCATE_BLOCK {owner=1ceb8b80-28f1-43fd-86c3-175afc07b8d1, size=4194304, type=RATIS, factor=THREE} | ret=SUCCESS |  
2019-08-23 18:29:02,816 | INFO  | OMAudit | user=jenkins1000 | ip=127.0.0.1 | op=ALLOCATE_BLOCK {volume=vol-0-45438, bucket=bucket-0-23891, key=key-0-22455, dataSize=0, replicationType=null, replicationFactor=null, keyLocationInfo=null, clientID=102667710122492306} | ret=SUCCESS |  
2019-08-23 18:29:02,823 | INFO  | DNAudit | user=null | ip=null | op=WRITE_CHUNK {blockData=conID: 3 locID: 102667710812193294 bcsId: 0} | ret=SUCCESS |  
2019-08-23 18:29:02,825 | INFO  | DNAudit | user=null | ip=null | op=WRITE_CHUNK {blockData=conID: 3 locID: 102667710812193294 bcsId: 0} | ret=SUCCESS |  
2019-08-23 18:29:02,825 | INFO  | DNAudit | user=null | ip=null | op=WRITE_CHUNK {blockData=conID: 3 locID: 102667710812193294 bcsId: 0} | ret=SUCCESS |  
2019-08-23 18:29:02,826 | INFO  | DNAudit | user=null | ip=null | op=WRITE_CHUNK {blockData=conID: 3 locID: 102667710812193294 bcsId: 0} | ret=SUCCESS |  
2019-08-23 18:29:02,827 | INFO  | DNAudit | user=null | ip=null | op=WRITE_CHUNK {blockData=conID: 3 locID: 102667710812193294 bcsId: 0} | ret=SUCCESS |  
2019-08-23 18:29:02,827 | INFO  | DNAudit | user=null | ip=null | op=WRITE_CHUNK {blockData=conID: 3 locID: 102667710812193294 bcsId: 0} | ret=SUCCESS |  
2019-08-23 18:29:02,828 | INFO  | DNAudit | user=null | ip=null | op=WRITE_CHUNK {blockData=conID: 3 locID: 102667710812193294 bcsId: 0} | ret=SUCCESS |  
2019-08-23 18:29:02,829 | INFO  | DNAudit | user=null | ip=null | op=PUT_BLOCK {blockData=[blockId=conID: 3 locID: 102667710812193294 bcsId: 0,size=1048576]} | ret=SUCCESS |  
2019-08-23 18:29:02,829 [grpc-default-executor-3] INFO  client.GrpcClientProtocolClient (GrpcClientProtocolClient.java:onNext(255)) - client-19C32667576E->48affcab-e6e4-4602-963a-f6a50efbd54c: receive RaftClientReply:client-19C32667576E->48affcab-e6e4-4602-963a-f6a50efbd54c@group-50C56EAF5137, cid=1818, SUCCESS, logIndex=2651, commits[48affcab-e6e4-4602-963a-f6a50efbd54c:c2652, 7e391b60-07ae-4d97-a027-4756e468c032:c2650, c5f86d96-67df-4f25-bde3-316f439d30b3:c2650]
2019-08-23 18:29:02,829 | INFO  | DNAudit | user=null | ip=null | op=WRITE_CHUNK {blockData=conID: 3 locID: 102667710812193294 bcsId: 0} | ret=SUCCESS |  
2019-08-23 18:29:02,830 | INFO  | DNAudit | user=null | ip=null | op=PUT_BLOCK {blockData=[blockId=conID: 3 locID: 102667710812193294 bcsId: 0,size=2097152]} | ret=SUCCESS |  
2019-08-23 18:29:02,829 [grpc-default-executor-5] INFO  client.GrpcClientProtocolClient (GrpcClientProtocolClient.java:onNext(255)) - client-19C32667576E->48affcab-e6e4-4602-963a-f6a50efbd54c: receive RaftClientReply:client-19C32667576E->48affcab-e6e4-4602-963a-f6a50efbd54c@group-50C56EAF5137, cid=1819, SUCCESS, logIndex=2652, commits[48affcab-e6e4-4602-963a-f6a50efbd54c:c2654, 7e391b60-07ae-4d97-a027-4756e468c032:c2650, c5f86d96-67df-4f25-bde3-316f439d30b3:c2650]
2019-08-23 18:29:02,830 | INFO  | DNAudit | user=null | ip=null | op=WRITE_CHUNK {blockData=conID: 3 locID: 102667710812193294 bcsId: 0} | ret=SUCCESS |  
2019-08-23 18:29:02,830 [grpc-default-executor-5] INFO  client.GrpcClientProtocolClient (GrpcClientProtocolClient.java:onNext(255)) - client-19C32667576E->48affcab-e6e4-4602-963a-f6a50efbd54c: receive RaftClientReply:client-19C32667576E->48affcab-e6e4-4602-963a-f6a50efbd54c@group-50C56EAF5137, cid=1820, SUCCESS, logIndex=2653, commits[48affcab-e6e4-4602-963a-f6a50efbd54c:c2654, 7e391b60-07ae-4d97-a027-4756e468c032:c2650, c5f86d96-67df-4f25-bde3-316f439d30b3:c2650]
2019-08-23 18:29:02,830 | INFO  | DNAudit | user=null | ip=null | op=PUT_BLOCK {blockData=[blockId=conID: 3 locID: 102667710812193294 bcsId: 0,size=1048576]} | ret=SUCCESS |  
2019-08-23 18:29:02,830 | INFO  | DNAudit | user=null | ip=null | op=WRITE_CHUNK {blockData=conID: 3 locID: 102667710812193294 bcsId: 0} | ret=SUCCESS |  
2019-08-23 18:29:02,831 | INFO  | DNAudit | user=null | ip=null | op=PUT_BLOCK {blockData=[blockId=conID: 3 locID: 102667710812193294 bcsId: 0,size=1048576]} | ret=SUCCESS |  
2019-08-23 18:29:02,831 | INFO  | DNAudit | user=null | ip=null | op=WRITE_CHUNK {blockData=conID: 3 locID: 102667710812193294 bcsId: 0} | ret=SUCCESS |  
2019-08-23 18:29:02,831 | INFO  | DNAudit | user=null | ip=null | op=PUT_BLOCK {blockData=[blockId=conID: 3 locID: 102667710812193294 bcsId: 0,size=2097152]} | ret=SUCCESS |  
2019-08-23 18:29:02,831 | INFO  | DNAudit | user=null | ip=null | op=WRITE_CHUNK {blockData=conID: 3 locID: 102667710812193294 bcsId: 0} | ret=SUCCESS |  
2019-08-23 18:29:02,831 [grpc-default-executor-5] INFO  client.GrpcClientProtocolClient (GrpcClientProtocolClient.java:onNext(255)) - client-19C32667576E->48affcab-e6e4-4602-963a-f6a50efbd54c: receive RaftClientReply:client-19C32667576E->48affcab-e6e4-4602-963a-f6a50efbd54c@group-50C56EAF5137, cid=1821, SUCCESS, logIndex=2654, commits[48affcab-e6e4-4602-963a-f6a50efbd54c:c2654, 7e391b60-07ae-4d97-a027-4756e468c032:c2650, c5f86d96-67df-4f25-bde3-316f439d30b3:c2650]
2019-08-23 18:29:02,831 | INFO  | DNAudit | user=null | ip=null | op=PUT_BLOCK {blockData=[blockId=conID: 3 locID: 102667710812193294 bcsId: 0,size=2097152]} | ret=SUCCESS |  
2019-08-23 18:29:02,832 [grpc-default-executor-3] INFO  client.GrpcClientProtocolClient (GrpcClientProtocolClient.java:onNext(255)) - client-19C32667576E->48affcab-e6e4-4602-963a-f6a50efbd54c: receive RaftClientReply:client-19C32667576E->48affcab-e6e4-4602-963a-f6a50efbd54c@group-50C56EAF5137, cid=1822, SUCCESS, logIndex=0, commits[48affcab-e6e4-4602-963a-f6a50efbd54c:c2658, 7e391b60-07ae-4d97-a027-4756e468c032:c2654, c5f86d96-67df-4f25-bde3-316f439d30b3:c2654]
2019-08-23 18:29:02,838 | INFO  | DNAudit | user=null | ip=null | op=WRITE_CHUNK {blockData=conID: 3 locID: 102667710812193294 bcsId: 2654} | ret=SUCCESS |  
2019-08-23 18:29:02,841 | INFO  | DNAudit | user=null | ip=null | op=WRITE_CHUNK {blockData=conID: 3 locID: 102667710812193294 bcsId: 2654} | ret=SUCCESS |  
2019-08-23 18:29:02,842 | INFO  | DNAudit | user=null | ip=null | op=WRITE_CHUNK {blockData=conID: 3 locID: 102667710812193294 bcsId: 2654} | ret=SUCCESS |  
2019-08-23 18:29:02,855 | INFO  | DNAudit | user=null | ip=null | op=WRITE_CHUNK {blockData=conID: 3 locID: 102667710812193294 bcsId: 2654} | ret=SUCCESS |  
2019-08-23 18:29:02,856 | INFO  | DNAudit | user=null | ip=null | op=PUT_BLOCK {blockData=[blockId=conID: 3 locID: 102667710812193294 bcsId: 0,size=3145728]} | ret=SUCCESS |  
2019-08-23 18:29:02,856 [grpc-default-executor-5] INFO  client.GrpcClientProtocolClient (GrpcClientProtocolClient.java:onNext(255)) - client-19C32667576E->48affcab-e6e4-4602-963a-f6a50efbd54c: receive RaftClientReply:client-19C32667576E->48affcab-e6e4-4602-963a-f6a50efbd54c@group-50C56EAF5137, cid=1823, SUCCESS, logIndex=2659, commits[48affcab-e6e4-4602-963a-f6a50efbd54c:c2660, 7e391b60-07ae-4d97-a027-4756e468c032:c2658, c5f86d96-67df-4f25-bde3-316f439d30b3:c2658]
2019-08-23 18:29:02,856 [grpc-default-executor-5] INFO  client.GrpcClientProtocolClient (GrpcClientProtocolClient.java:onNext(255)) - client-19C32667576E->48affcab-e6e4-4602-963a-f6a50efbd54c: receive RaftClientReply:client-19C32667576E->48affcab-e6e4-4602-963a-f6a50efbd54c@group-50C56EAF5137, cid=1824, SUCCESS, logIndex=2660, commits[48affcab-e6e4-4602-963a-f6a50efbd54c:c2660, 7e391b60-07ae-4d97-a027-4756e468c032:c2658, c5f86d96-67df-4f25-bde3-316f439d30b3:c2658]
2019-08-23 18:29:02,857 | INFO  | DNAudit | user=null | ip=null | op=WRITE_CHUNK {blockData=conID: 3 locID: 102667710812193294 bcsId: 2654} | ret=SUCCESS |  
2019-08-23 18:29:02,857 | INFO  | DNAudit | user=null | ip=null | op=WRITE_CHUNK {blockData=conID: 3 locID: 102667710812193294 bcsId: 2654} | ret=SUCCESS |  
2019-08-23 18:29:02,857 | INFO  | DNAudit | user=null | ip=null | op=PUT_BLOCK {blockData=[blockId=conID: 3 locID: 102667710812193294 bcsId: 0,size=3145728]} | ret=SUCCESS |  
2019-08-23 18:29:02,857 | INFO  | DNAudit | user=null | ip=null | op=PUT_BLOCK {blockData=[blockId=conID: 3 locID: 102667710812193294 bcsId: 0,size=3145728]} | ret=SUCCESS |  
2019-08-23 18:29:02,864 | INFO  | DNAudit | user=null | ip=null | op=WRITE_CHUNK {blockData=conID: 3 locID: 102667710812193294 bcsId: 2660} | ret=SUCCESS |  
2019-08-23 18:29:02,867 | INFO  | DNAudit | user=null | ip=null | op=WRITE_CHUNK {blockData=conID: 3 locID: 102667710812193294 bcsId: 2660} | ret=SUCCESS |  
2019-08-23 18:29:02,867 | INFO  | DNAudit | user=null | ip=null | op=WRITE_CHUNK {blockData=conID: 3 locID: 102667710812193294 bcsId: 2660} | ret=SUCCESS |  
2019-08-23 18:29:02,877 | INFO  | DNAudit | user=null | ip=null | op=WRITE_CHUNK {blockData=conID: 3 locID: 102667710812193294 bcsId: 2660} | ret=SUCCESS |  
2019-08-23 18:29:02,877 | INFO  | DNAudit | user=null | ip=null | op=PUT_BLOCK {blockData=[blockId=conID: 3 locID: 102667710812193294 bcsId: 0,size=4194304]} | ret=SUCCESS |  
2019-08-23 18:29:02,877 [grpc-default-executor-3] INFO  client.GrpcClientProtocolClient (GrpcClientProtocolClient.java:onNext(255)) - client-19C32667576E->48affcab-e6e4-4602-963a-f6a50efbd54c: receive RaftClientReply:client-19C32667576E->48affcab-e6e4-4602-963a-f6a50efbd54c@group-50C56EAF5137, cid=1825, SUCCESS, logIndex=2663, commits[48affcab-e6e4-4602-963a-f6a50efbd54c:c2664, 7e391b60-07ae-4d97-a027-4756e468c032:c2662, c5f86d96-67df-4f25-bde3-316f439d30b3:c2662]
2019-08-23 18:29:02,878 [grpc-default-executor-3] INFO  client.GrpcClientProtocolClient (GrpcClientProtocolClient.java:onNext(255)) - client-19C32667576E->48affcab-e6e4-4602-963a-f6a50efbd54c: receive RaftClientReply:client-19C32667576E->48affcab-e6e4-4602-963a-f6a50efbd54c@group-50C56EAF5137, cid=1826, SUCCESS, logIndex=2664, commits[48affcab-e6e4-4602-963a-f6a50efbd54c:c2664, 7e391b60-07ae-4d97-a027-4756e468c032:c2662, c5f86d96-67df-4f25-bde3-316f439d30b3:c2662]
2019-08-23 18:29:02,889 | INFO  | DNAudit | user=null | ip=null | op=WRITE_CHUNK {blockData=conID: 3 locID: 102667710812193294 bcsId: 2660} | ret=SUCCESS |  
2019-08-23 18:29:02,889 | INFO  | DNAudit | user=null | ip=null | op=WRITE_CHUNK {blockData=conID: 3 locID: 102667710812193294 bcsId: 2660} | ret=SUCCESS |  
2019-08-23 18:29:02,889 | INFO  | DNAudit | user=null | ip=null | op=PUT_BLOCK {blockData=[blockId=conID: 3 locID: 102667710812193294 bcsId: 0,size=4194304]} | ret=SUCCESS |  
2019-08-23 18:29:02,890 | INFO  | DNAudit | user=null | ip=null | op=PUT_BLOCK {blockData=[blockId=conID: 3 locID: 102667710812193294 bcsId: 0,size=4194304]} | ret=SUCCESS |  
2019-08-23 18:29:02,890 [grpc-default-executor-5] INFO  client.GrpcClientProtocolClient (GrpcClientProtocolClient.java:onNext(255)) - client-19C32667576E->48affcab-e6e4-4602-963a-f6a50efbd54c: receive RaftClientReply:client-19C32667576E->48affcab-e6e4-4602-963a-f6a50efbd54c@group-50C56EAF5137, cid=1827, SUCCESS, logIndex=0, commits[48affcab-e6e4-4602-963a-f6a50efbd54c:c2665, 7e391b60-07ae-4d97-a027-4756e468c032:c2664, c5f86d96-67df-4f25-bde3-316f439d30b3:c2664]
2019-08-23 18:29:02,895 | INFO  | SCMAudit | user=jenkins1000 | ip=192.168.34.23 | op=ALLOCATE_BLOCK {owner=1ceb8b80-28f1-43fd-86c3-175afc07b8d1, size=4194304, type=RATIS, factor=THREE} | ret=SUCCESS |  
2019-08-23 18:29:02,898 | INFO  | OMAudit | user=jenkins1000 | ip=127.0.0.1 | op=ALLOCATE_BLOCK {volume=vol-0-45438, bucket=bucket-0-23891, key=key-0-22455, dataSize=0, replicationType=null, replicationFactor=null, keyLocationInfo=null, clientID=102667710122492306} | ret=SUCCESS |  
2019-08-23 18:29:02,905 | INFO  | DNAudit | user=null | ip=null | op=WRITE_CHUNK {blockData=conID: 1 locID: 102667710817567247 bcsId: 0} | ret=SUCCESS |  
2019-08-23 18:29:03,613 | INFO  | DNAudit | user=null | ip=null | op=WRITE_CHUNK {blockData=conID: 1 locID: 102667710817567247 bcsId: 0} | ret=SUCCESS |  
 0.00% |█                                                                                                    |  0/1 Time: 0:00:112019-08-23 18:29:03,615 | INFO  | SCMAudit | user=jenkins1000 | ip=192.168.34.23 | op=SEND_HEARTBEAT {datanodeUUID=c83cddd0-22b5-491d-bff0-a36373498de2, command=[]} | ret=SUCCESS |  
2019-08-23 18:29:03,616 | INFO  | DNAudit | user=null | ip=null | op=WRITE_CHUNK {blockData=conID: 1 locID: 102667710817567247 bcsId: 0} | ret=SUCCESS |  
2019-08-23 18:29:03,616 | INFO  | DNAudit | user=null | ip=null | op=WRITE_CHUNK {blockData=conID: 1 locID: 102667710817567247 bcsId: 0} | ret=SUCCESS |  
2019-08-23 18:29:03,622 | INFO  | DNAudit | user=null | ip=null | op=WRITE_CHUNK {blockData=conID: 1 locID: 102667710817567247 bcsId: 0} | ret=SUCCESS |  
2019-08-23 18:29:03,622 | INFO  | DNAudit | user=null | ip=null | op=WRITE_CHUNK {blockData=conID: 1 locID: 102667710817567247 bcsId: 0} | ret=SUCCESS |  
2019-08-23 18:29:03,631 | INFO  | DNAudit | user=null | ip=null | op=WRITE_CHUNK {blockData=conID: 1 locID: 102667710817567247 bcsId: 0} | ret=SUCCESS |  
2019-08-23 18:29:03,633 | INFO  | DNAudit | user=null | ip=null | op=PUT_BLOCK {blockData=[blockId=conID: 1 locID: 102667710817567247 bcsId: 0,size=1048576]} | ret=SUCCESS |  
2019-08-23 18:29:03,633 [grpc-default-executor-5] INFO  client.GrpcClientProtocolClient (GrpcClientProtocolClient.java:onNext(255)) - client-19C32667576E->48affcab-e6e4-4602-963a-f6a50efbd54c: receive RaftClientReply:client-19C32667576E->48affcab-e6e4-4602-963a-f6a50efbd54c@group-50C56EAF5137, cid=1828, SUCCESS, logIndex=2667, commits[48affcab-e6e4-4602-963a-f6a50efbd54c:c2668, 7e391b60-07ae-4d97-a027-4756e468c032:c2666, c5f86d96-67df-4f25-bde3-316f439d30b3:c2666]
2019-08-23 18:29:03,636 [grpc-default-executor-5] INFO  client.GrpcClientProtocolClient (GrpcClientProtocolClient.java:onNext(255)) - client-19C32667576E->48affcab-e6e4-4602-963a-f6a50efbd54c: receive RaftClientReply:client-19C32667576E->48affcab-e6e4-4602-963a-f6a50efbd54c@group-50C56EAF5137, cid=1829, SUCCESS, logIndex=2668, commits[48affcab-e6e4-4602-963a-f6a50efbd54c:c2668, 7e391b60-07ae-4d97-a027-4756e468c032:c2666, c5f86d96-67df-4f25-bde3-316f439d30b3:c2666]
2019-08-23 18:29:03,639 | INFO  | DNAudit | user=null | ip=null | op=WRITE_CHUNK {blockData=conID: 1 locID: 102667710817567247 bcsId: 0} | ret=SUCCESS |  
2019-08-23 18:29:03,639 | INFO  | DNAudit | user=null | ip=null | op=PUT_BLOCK {blockData=[blockId=conID: 1 locID: 102667710817567247 bcsId: 0,size=2097152]} | ret=SUCCESS |  
2019-08-23 18:29:03,640 | INFO  | DNAudit | user=null | ip=null | op=WRITE_CHUNK {blockData=conID: 1 locID: 102667710817567247 bcsId: 0} | ret=SUCCESS |  
2019-08-23 18:29:03,639 [grpc-default-executor-3] INFO  client.GrpcClientProtocolClient (GrpcClientProtocolClient.java:onNext(255)) - client-19C32667576E->48affcab-e6e4-4602-963a-f6a50efbd54c: receive RaftClientReply:client-19C32667576E->48affcab-e6e4-4602-963a-f6a50efbd54c@group-50C56EAF5137, cid=1830, SUCCESS, logIndex=2669, commits[48affcab-e6e4-4602-963a-f6a50efbd54c:c2670, 7e391b60-07ae-4d97-a027-4756e468c032:c2666, c5f86d96-67df-4f25-bde3-316f439d30b3:c2666]
2019-08-23 18:29:03,640 | INFO  | DNAudit | user=null | ip=null | op=PUT_BLOCK {blockData=[blockId=conID: 1 locID: 102667710817567247 bcsId: 0,size=1048576]} | ret=SUCCESS |  
2019-08-23 18:29:03,640 [grpc-default-executor-3] INFO  client.GrpcClientProtocolClient (GrpcClientProtocolClient.java:onNext(255)) - client-19C32667576E->48affcab-e6e4-4602-963a-f6a50efbd54c: receive RaftClientReply:client-19C32667576E->48affcab-e6e4-4602-963a-f6a50efbd54c@group-50C56EAF5137, cid=1831, SUCCESS, logIndex=2670, commits[48affcab-e6e4-4602-963a-f6a50efbd54c:c2670, 7e391b60-07ae-4d97-a027-4756e468c032:c2666, c5f86d96-67df-4f25-bde3-316f439d30b3:c2666]
2019-08-23 18:29:03,640 | INFO  | DNAudit | user=null | ip=null | op=WRITE_CHUNK {blockData=conID: 1 locID: 102667710817567247 bcsId: 0} | ret=SUCCESS |  
2019-08-23 18:29:03,641 | INFO  | DNAudit | user=null | ip=null | op=PUT_BLOCK {blockData=[blockId=conID: 1 locID: 102667710817567247 bcsId: 0,size=1048576]} | ret=SUCCESS |  
2019-08-23 18:29:03,641 | INFO  | DNAudit | user=null | ip=null | op=WRITE_CHUNK {blockData=conID: 1 locID: 102667710817567247 bcsId: 0} | ret=SUCCESS |  
2019-08-23 18:29:03,641 | INFO  | DNAudit | user=null | ip=null | op=PUT_BLOCK {blockData=[blockId=conID: 1 locID: 102667710817567247 bcsId: 0,size=2097152]} | ret=SUCCESS |  
2019-08-23 18:29:03,642 | INFO  | DNAudit | user=null | ip=null | op=WRITE_CHUNK {blockData=conID: 1 locID: 102667710817567247 bcsId: 0} | ret=SUCCESS |  
2019-08-23 18:29:03,642 | INFO  | DNAudit | user=null | ip=null | op=PUT_BLOCK {blockData=[blockId=conID: 1 locID: 102667710817567247 bcsId: 0,size=2097152]} | ret=SUCCESS |  
2019-08-23 18:29:03,642 [grpc-default-executor-0] INFO  client.GrpcClientProtocolClient (GrpcClientProtocolClient.java:onNext(255)) - client-19C32667576E->48affcab-e6e4-4602-963a-f6a50efbd54c: receive RaftClientReply:client-19C32667576E->48affcab-e6e4-4602-963a-f6a50efbd54c@group-50C56EAF5137, cid=1832, SUCCESS, logIndex=0, commits[48affcab-e6e4-4602-963a-f6a50efbd54c:c2674, 7e391b60-07ae-4d97-a027-4756e468c032:c2670, c5f86d96-67df-4f25-bde3-316f439d30b3:c2670]
2019-08-23 18:29:03,649 | INFO  | DNAudit | user=null | ip=null | op=WRITE_CHUNK {blockData=conID: 1 locID: 102667710817567247 bcsId: 2670} | ret=SUCCESS |  
2019-08-23 18:29:03,652 | INFO  | DNAudit | user=null | ip=null | op=WRITE_CHUNK {blockData=conID: 1 locID: 102667710817567247 bcsId: 2670} | ret=SUCCESS |  
2019-08-23 18:29:03,653 | INFO  | DNAudit | user=null | ip=null | op=WRITE_CHUNK {blockData=conID: 1 locID: 102667710817567247 bcsId: 2670} | ret=SUCCESS |  
2019-08-23 18:29:03,662 | INFO  | DNAudit | user=null | ip=null | op=WRITE_CHUNK {blockData=conID: 1 locID: 102667710817567247 bcsId: 2670} | ret=SUCCESS |  
2019-08-23 18:29:03,662 | INFO  | DNAudit | user=null | ip=null | op=PUT_BLOCK {blockData=[blockId=conID: 1 locID: 102667710817567247 bcsId: 0,size=3145728]} | ret=SUCCESS |  
2019-08-23 18:29:03,662 [grpc-default-executor-0] INFO  client.GrpcClientProtocolClient (GrpcClientProtocolClient.java:onNext(255)) - client-19C32667576E->48affcab-e6e4-4602-963a-f6a50efbd54c: receive RaftClientReply:client-19C32667576E->48affcab-e6e4-4602-963a-f6a50efbd54c@group-50C56EAF5137, cid=1833, SUCCESS, logIndex=2675, commits[48affcab-e6e4-4602-963a-f6a50efbd54c:c2676, 7e391b60-07ae-4d97-a027-4756e468c032:c2674, c5f86d96-67df-4f25-bde3-316f439d30b3:c2674]
2019-08-23 18:29:03,663 [grpc-default-executor-0] INFO  client.GrpcClientProtocolClient (GrpcClientProtocolClient.java:onNext(255)) - client-19C32667576E->48affcab-e6e4-4602-963a-f6a50efbd54c: receive RaftClientReply:client-19C32667576E->48affcab-e6e4-4602-963a-f6a50efbd54c@group-50C56EAF5137, cid=1834, SUCCESS, logIndex=2676, commits[48affcab-e6e4-4602-963a-f6a50efbd54c:c2676, 7e391b60-07ae-4d97-a027-4756e468c032:c2674, c5f86d96-67df-4f25-bde3-316f439d30b3:c2674]
2019-08-23 18:29:03,669 | INFO  | DNAudit | user=null | ip=null | op=WRITE_CHUNK {blockData=conID: 1 locID: 102667710817567247 bcsId: 2676} | ret=SUCCESS |  
2019-08-23 18:29:03,671 | INFO  | DNAudit | user=null | ip=null | op=WRITE_CHUNK {blockData=conID: 1 locID: 102667710817567247 bcsId: 2676} | ret=SUCCESS |  
2019-08-23 18:29:03,671 | INFO  | DNAudit | user=null | ip=null | op=WRITE_CHUNK {blockData=conID: 1 locID: 102667710817567247 bcsId: 2676} | ret=SUCCESS |  
2019-08-23 18:29:03,673 | INFO  | DNAudit | user=null | ip=null | op=WRITE_CHUNK {blockData=conID: 1 locID: 102667710817567247 bcsId: 2670} | ret=SUCCESS |  
2019-08-23 18:29:03,673 | INFO  | DNAudit | user=null | ip=null | op=WRITE_CHUNK {blockData=conID: 1 locID: 102667710817567247 bcsId: 2670} | ret=SUCCESS |  
2019-08-23 18:29:03,674 | INFO  | DNAudit | user=null | ip=null | op=PUT_BLOCK {blockData=[blockId=conID: 1 locID: 102667710817567247 bcsId: 0,size=3145728]} | ret=SUCCESS |  
2019-08-23 18:29:03,674 | INFO  | DNAudit | user=null | ip=null | op=PUT_BLOCK {blockData=[blockId=conID: 1 locID: 102667710817567247 bcsId: 0,size=3145728]} | ret=SUCCESS |  
2019-08-23 18:29:03,675 | INFO  | DNAudit | user=null | ip=null | op=WRITE_CHUNK {blockData=conID: 1 locID: 102667710817567247 bcsId: 2676} | ret=SUCCESS |  
2019-08-23 18:29:03,676 | INFO  | DNAudit | user=null | ip=null | op=PUT_BLOCK {blockData=[blockId=conID: 1 locID: 102667710817567247 bcsId: 0,size=4194304]} | ret=SUCCESS |  
2019-08-23 18:29:03,676 [grpc-default-executor-0] INFO  client.GrpcClientProtocolClient (GrpcClientProtocolClient.java:onNext(255)) - client-19C32667576E->48affcab-e6e4-4602-963a-f6a50efbd54c: receive RaftClientReply:client-19C32667576E->48affcab-e6e4-4602-963a-f6a50efbd54c@group-50C56EAF5137, cid=1835, SUCCESS, logIndex=2679, commits[48affcab-e6e4-4602-963a-f6a50efbd54c:c2680, 7e391b60-07ae-4d97-a027-4756e468c032:c2676, c5f86d96-67df-4f25-bde3-316f439d30b3:c2676]
2019-08-23 18:29:03,676 [grpc-default-executor-0] INFO  client.GrpcClientProtocolClient (GrpcClientProtocolClient.java:onNext(255)) - client-19C32667576E->48affcab-e6e4-4602-963a-f6a50efbd54c: receive RaftClientReply:client-19C32667576E->48affcab-e6e4-4602-963a-f6a50efbd54c@group-50C56EAF5137, cid=1836, SUCCESS, logIndex=2680, commits[48affcab-e6e4-4602-963a-f6a50efbd54c:c2680, 7e391b60-07ae-4d97-a027-4756e468c032:c2676, c5f86d96-67df-4f25-bde3-316f439d30b3:c2676]
2019-08-23 18:29:03,690 | INFO  | DNAudit | user=null | ip=null | op=WRITE_CHUNK {blockData=conID: 1 locID: 102667710817567247 bcsId: 2676} | ret=SUCCESS |  
2019-08-23 18:29:03,690 | INFO  | DNAudit | user=null | ip=null | op=WRITE_CHUNK {blockData=conID: 1 locID: 102667710817567247 bcsId: 2676} | ret=SUCCESS |  
2019-08-23 18:29:03,692 | INFO  | DNAudit | user=null | ip=null | op=PUT_BLOCK {blockData=[blockId=conID: 1 locID: 102667710817567247 bcsId: 0,size=4194304]} | ret=SUCCESS |  
2019-08-23 18:29:03,692 | INFO  | DNAudit | user=null | ip=null | op=PUT_BLOCK {blockData=[blockId=conID: 1 locID: 102667710817567247 bcsId: 0,size=4194304]} | ret=SUCCESS |  
2019-08-23 18:29:03,692 [grpc-default-executor-0] INFO  client.GrpcClientProtocolClient (GrpcClientProtocolClient.java:onNext(255)) - client-19C32667576E->48affcab-e6e4-4602-963a-f6a50efbd54c: receive RaftClientReply:client-19C32667576E->48affcab-e6e4-4602-963a-f6a50efbd54c@group-50C56EAF5137, cid=1837, SUCCESS, logIndex=0, commits[48affcab-e6e4-4602-963a-f6a50efbd54c:c2682, 7e391b60-07ae-4d97-a027-4756e468c032:c2680, c5f86d96-67df-4f25-bde3-316f439d30b3:c2680]
2019-08-23 18:29:03,702 | INFO  | SCMAudit | user=jenkins1000 | ip=192.168.34.23 | op=ALLOCATE_BLOCK {owner=1ceb8b80-28f1-43fd-86c3-175afc07b8d1, size=4194304, type=RATIS, factor=THREE} | ret=SUCCESS |  
2019-08-23 18:29:03,706 | INFO  | OMAudit | user=jenkins1000 | ip=127.0.0.1 | op=ALLOCATE_BLOCK {volume=vol-0-45438, bucket=bucket-0-23891, key=key-0-22455, dataSize=0, replicationType=null, replicationFactor=null, keyLocationInfo=null, clientID=102667710122492306} | ret=SUCCESS |  
2019-08-23 18:29:03,710 | INFO  | SCMAudit | user=jenkins1000 | ip=192.168.34.23 | op=SEND_HEARTBEAT {datanodeUUID=7e391b60-07ae-4d97-a027-4756e468c032, command=[]} | ret=SUCCESS |  
2019-08-23 18:29:03,710 | INFO  | SCMAudit | user=jenkins1000 | ip=192.168.34.23 | op=SEND_HEARTBEAT {datanodeUUID=48affcab-e6e4-4602-963a-f6a50efbd54c, command=[]} | ret=SUCCESS |  
2019-08-23 18:29:03,710 | INFO  | SCMAudit | user=jenkins1000 | ip=192.168.34.23 | op=SEND_HEARTBEAT {datanodeUUID=58706fd2-d7f7-4771-af80-9e0541495c87, command=[]} | ret=SUCCESS |  
2019-08-23 18:29:03,710 | INFO  | SCMAudit | user=jenkins1000 | ip=192.168.34.23 | op=SEND_HEARTBEAT {datanodeUUID=c5f86d96-67df-4f25-bde3-316f439d30b3, command=[]} | ret=SUCCESS |  
2019-08-23 18:29:03,713 | INFO  | DNAudit | user=null | ip=null | op=WRITE_CHUNK {blockData=conID: 2 locID: 102667710870389264 bcsId: 0} | ret=SUCCESS |  
2019-08-23 18:29:03,719 | INFO  | DNAudit | user=null | ip=null | op=WRITE_CHUNK {blockData=conID: 2 locID: 102667710870389264 bcsId: 0} | ret=SUCCESS |  
2019-08-23 18:29:03,720 | INFO  | DNAudit | user=null | ip=null | op=WRITE_CHUNK {blockData=conID: 2 locID: 102667710870389264 bcsId: 0} | ret=SUCCESS |  
2019-08-23 18:29:03,720 | INFO  | DNAudit | user=null | ip=null | op=WRITE_CHUNK {blockData=conID: 2 locID: 102667710870389264 bcsId: 0} | ret=SUCCESS |  
2019-08-23 18:29:03,721 | INFO  | DNAudit | user=null | ip=null | op=WRITE_CHUNK {blockData=conID: 2 locID: 102667710870389264 bcsId: 0} | ret=SUCCESS |  
2019-08-23 18:29:03,721 | INFO  | DNAudit | user=null | ip=null | op=WRITE_CHUNK {blockData=conID: 2 locID: 102667710870389264 bcsId: 0} | ret=SUCCESS |  
2019-08-23 18:29:03,728 | INFO  | DNAudit | user=null | ip=null | op=WRITE_CHUNK {blockData=conID: 2 locID: 102667710870389264 bcsId: 0} | ret=SUCCESS |  
2019-08-23 18:29:03,729 | INFO  | DNAudit | user=null | ip=null | op=PUT_BLOCK {blockData=[blockId=conID: 2 locID: 102667710870389264 bcsId: 0,size=1048576]} | ret=SUCCESS |  
2019-08-23 18:29:03,729 [grpc-default-executor-3] INFO  client.GrpcClientProtocolClient (GrpcClientProtocolClient.java:onNext(255)) - client-19C32667576E->48affcab-e6e4-4602-963a-f6a50efbd54c: receive RaftClientReply:client-19C32667576E->48affcab-e6e4-4602-963a-f6a50efbd54c@group-50C56EAF5137, cid=1838, SUCCESS, logIndex=2683, commits[48affcab-e6e4-4602-963a-f6a50efbd54c:c2686, 7e391b60-07ae-4d97-a027-4756e468c032:c2682, c5f86d96-67df-4f25-bde3-316f439d30b3:c2682]
2019-08-23 18:29:03,729 | INFO  | DNAudit | user=null | ip=null | op=WRITE_CHUNK {blockData=conID: 2 locID: 102667710870389264 bcsId: 0} | ret=SUCCESS |  
2019-08-23 18:29:03,733 | INFO  | DNAudit | user=null | ip=null | op=WRITE_CHUNK {blockData=conID: 2 locID: 102667710870389264 bcsId: 0} | ret=SUCCESS |  
2019-08-23 18:29:03,734 | INFO  | DNAudit | user=null | ip=null | op=PUT_BLOCK {blockData=[blockId=conID: 2 locID: 102667710870389264 bcsId: 0,size=2097152]} | ret=SUCCESS |  
2019-08-23 18:29:03,733 [grpc-default-executor-3] INFO  client.GrpcClientProtocolClient (GrpcClientProtocolClient.java:onNext(255)) - client-19C32667576E->48affcab-e6e4-4602-963a-f6a50efbd54c: receive RaftClientReply:client-19C32667576E->48affcab-e6e4-4602-963a-f6a50efbd54c@group-50C56EAF5137, cid=1839, SUCCESS, logIndex=2684, commits[48affcab-e6e4-4602-963a-f6a50efbd54c:c2686, 7e391b60-07ae-4d97-a027-4756e468c032:c2682, c5f86d96-67df-4f25-bde3-316f439d30b3:c2682]
2019-08-23 18:29:03,734 | INFO  | DNAudit | user=null | ip=null | op=WRITE_CHUNK {blockData=conID: 2 locID: 102667710870389264 bcsId: 0} | ret=SUCCESS |  
2019-08-23 18:29:03,734 | INFO  | DNAudit | user=null | ip=null | op=PUT_BLOCK {blockData=[blockId=conID: 2 locID: 102667710870389264 bcsId: 0,size=1048576]} | ret=SUCCESS |  
2019-08-23 18:29:03,734 [grpc-default-executor-3] INFO  client.GrpcClientProtocolClient (GrpcClientProtocolClient.java:onNext(255)) - client-19C32667576E->48affcab-e6e4-4602-963a-f6a50efbd54c: receive RaftClientReply:client-19C32667576E->48affcab-e6e4-4602-963a-f6a50efbd54c@group-50C56EAF5137, cid=1840, SUCCESS, logIndex=2685, commits[48affcab-e6e4-4602-963a-f6a50efbd54c:c2687, 7e391b60-07ae-4d97-a027-4756e468c032:c2683, c5f86d96-67df-4f25-bde3-316f439d30b3:c2682]
2019-08-23 18:29:03,734 | INFO  | DNAudit | user=null | ip=null | op=PUT_BLOCK {blockData=[blockId=conID: 2 locID: 102667710870389264 bcsId: 0,size=1048576]} | ret=SUCCESS |  
2019-08-23 18:29:03,734 | INFO  | DNAudit | user=null | ip=null | op=WRITE_CHUNK {blockData=conID: 2 locID: 102667710870389264 bcsId: 0} | ret=SUCCESS |  
2019-08-23 18:29:03,735 | INFO  | DNAudit | user=null | ip=null | op=WRITE_CHUNK {blockData=conID: 2 locID: 102667710870389264 bcsId: 0} | ret=SUCCESS |  
2019-08-23 18:29:03,735 [grpc-default-executor-5] INFO  client.GrpcClientProtocolClient (GrpcClientProtocolClient.java:onNext(255)) - client-19C32667576E->48affcab-e6e4-4602-963a-f6a50efbd54c: receive RaftClientReply:client-19C32667576E->48affcab-e6e4-4602-963a-f6a50efbd54c@group-50C56EAF5137, cid=1841, SUCCESS, logIndex=2686, commits[48affcab-e6e4-4602-963a-f6a50efbd54c:c2687, 7e391b60-07ae-4d97-a027-4756e468c032:c2683, c5f86d96-67df-4f25-bde3-316f439d30b3:c2682]
2019-08-23 18:29:03,735 | INFO  | DNAudit | user=null | ip=null | op=PUT_BLOCK {blockData=[blockId=conID: 2 locID: 102667710870389264 bcsId: 0,size=2097152]} | ret=SUCCESS |  
2019-08-23 18:29:03,735 | INFO  | DNAudit | user=null | ip=null | op=PUT_BLOCK {blockData=[blockId=conID: 2 locID: 102667710870389264 bcsId: 0,size=2097152]} | ret=SUCCESS |  
2019-08-23 18:29:03,736 [grpc-default-executor-5] INFO  client.GrpcClientProtocolClient (GrpcClientProtocolClient.java:onNext(255)) - client-19C32667576E->48affcab-e6e4-4602-963a-f6a50efbd54c: receive RaftClientReply:client-19C32667576E->48affcab-e6e4-4602-963a-f6a50efbd54c@group-50C56EAF5137, cid=1842, SUCCESS, logIndex=0, commits[48affcab-e6e4-4602-963a-f6a50efbd54c:c2690, 7e391b60-07ae-4d97-a027-4756e468c032:c2686, c5f86d96-67df-4f25-bde3-316f439d30b3:c2686]
2019-08-23 18:29:03,742 | INFO  | DNAudit | user=null | ip=null | op=WRITE_CHUNK {blockData=conID: 2 locID: 102667710870389264 bcsId: 2686} | ret=SUCCESS |  
2019-08-23 18:29:03,745 | INFO  | DNAudit | user=null | ip=null | op=WRITE_CHUNK {blockData=conID: 2 locID: 102667710870389264 bcsId: 2686} | ret=SUCCESS |  
2019-08-23 18:29:03,745 | INFO  | DNAudit | user=null | ip=null | op=WRITE_CHUNK {blockData=conID: 2 locID: 102667710870389264 bcsId: 2686} | ret=SUCCESS |  
2019-08-23 18:29:03,755 | INFO  | DNAudit | user=null | ip=null | op=WRITE_CHUNK {blockData=conID: 2 locID: 102667710870389264 bcsId: 2686} | ret=SUCCESS |  
2019-08-23 18:29:03,755 | INFO  | DNAudit | user=null | ip=null | op=PUT_BLOCK {blockData=[blockId=conID: 2 locID: 102667710870389264 bcsId: 0,size=3145728]} | ret=SUCCESS |  
2019-08-23 18:29:03,755 [grpc-default-executor-5] INFO  client.GrpcClientProtocolClient (GrpcClientProtocolClient.java:onNext(255)) - client-19C32667576E->48affcab-e6e4-4602-963a-f6a50efbd54c: receive RaftClientReply:client-19C32667576E->48affcab-e6e4-4602-963a-f6a50efbd54c@group-50C56EAF5137, cid=1843, SUCCESS, logIndex=2691, commits[48affcab-e6e4-4602-963a-f6a50efbd54c:c2692, 7e391b60-07ae-4d97-a027-4756e468c032:c2690, c5f86d96-67df-4f25-bde3-316f439d30b3:c2690]
2019-08-23 18:29:03,756 [grpc-default-executor-5] INFO  client.GrpcClientProtocolClient (GrpcClientProtocolClient.java:onNext(255)) - client-19C32667576E->48affcab-e6e4-4602-963a-f6a50efbd54c: receive RaftClientReply:client-19C32667576E->48affcab-e6e4-4602-963a-f6a50efbd54c@group-50C56EAF5137, cid=1844, SUCCESS, logIndex=2692, commits[48affcab-e6e4-4602-963a-f6a50efbd54c:c2692, 7e391b60-07ae-4d97-a027-4756e468c032:c2690, c5f86d96-67df-4f25-bde3-316f439d30b3:c2690]
2019-08-23 18:29:03,762 | INFO  | DNAudit | user=null | ip=null | op=WRITE_CHUNK {blockData=conID: 2 locID: 102667710870389264 bcsId: 2692} | ret=SUCCESS |  
2019-08-23 18:29:03,765 | INFO  | DNAudit | user=null | ip=null | op=WRITE_CHUNK {blockData=conID: 2 locID: 102667710870389264 bcsId: 2692} | ret=SUCCESS |  
2019-08-23 18:29:03,765 | INFO  | DNAudit | user=null | ip=null | op=WRITE_CHUNK {blockData=conID: 2 locID: 102667710870389264 bcsId: 2692} | ret=SUCCESS |  
2019-08-23 18:29:03,766 | INFO  | DNAudit | user=null | ip=null | op=WRITE_CHUNK {blockData=conID: 2 locID: 102667710870389264 bcsId: 2686} | ret=SUCCESS |  
2019-08-23 18:29:03,767 | INFO  | DNAudit | user=null | ip=null | op=WRITE_CHUNK {blockData=conID: 2 locID: 102667710870389264 bcsId: 2686} | ret=SUCCESS |  
2019-08-23 18:29:03,767 | INFO  | DNAudit | user=null | ip=null | op=PUT_BLOCK {blockData=[blockId=conID: 2 locID: 102667710870389264 bcsId: 0,size=3145728]} | ret=SUCCESS |  
2019-08-23 18:29:03,767 | INFO  | DNAudit | user=null | ip=null | op=PUT_BLOCK {blockData=[blockId=conID: 2 locID: 102667710870389264 bcsId: 0,size=3145728]} | ret=SUCCESS |  
2019-08-23 18:29:03,768 | INFO  | DNAudit | user=null | ip=null | op=WRITE_CHUNK {blockData=conID: 2 locID: 102667710870389264 bcsId: 2692} | ret=SUCCESS |  
2019-08-23 18:29:03,768 | INFO  | DNAudit | user=null | ip=null | op=PUT_BLOCK {blockData=[blockId=conID: 2 locID: 102667710870389264 bcsId: 0,size=4194304]} | ret=SUCCESS |  
2019-08-23 18:29:03,769 [grpc-default-executor-0] INFO  client.GrpcClientProtocolClient (GrpcClientProtocolClient.java:onNext(255)) - client-19C32667576E->48affcab-e6e4-4602-963a-f6a50efbd54c: receive RaftClientReply:client-19C32667576E->48affcab-e6e4-4602-963a-f6a50efbd54c@group-50C56EAF5137, cid=1845, SUCCESS, logIndex=2695, commits[48affcab-e6e4-4602-963a-f6a50efbd54c:c2696, 7e391b60-07ae-4d97-a027-4756e468c032:c2692, c5f86d96-67df-4f25-bde3-316f439d30b3:c2692]
2019-08-23 18:29:03,769 [grpc-default-executor-0] INFO  client.GrpcClientProtocolClient (GrpcClientProtocolClient.java:onNext(255)) - client-19C32667576E->48affcab-e6e4-4602-963a-f6a50efbd54c: receive RaftClientReply:client-19C32667576E->48affcab-e6e4-4602-963a-f6a50efbd54c@group-50C56EAF5137, cid=1846, SUCCESS, logIndex=2696, commits[48affcab-e6e4-4602-963a-f6a50efbd54c:c2696, 7e391b60-07ae-4d97-a027-4756e468c032:c2692, c5f86d96-67df-4f25-bde3-316f439d30b3:c2692]
2019-08-23 18:29:03,779 | INFO  | DNAudit | user=null | ip=null | op=WRITE_CHUNK {blockData=conID: 2 locID: 102667710870389264 bcsId: 2692} | ret=SUCCESS |  
2019-08-23 18:29:03,780 | INFO  | DNAudit | user=null | ip=null | op=WRITE_CHUNK {blockData=conID: 2 locID: 102667710870389264 bcsId: 2692} | ret=SUCCESS |  
2019-08-23 18:29:03,780 | INFO  | DNAudit | user=null | ip=null | op=PUT_BLOCK {blockData=[blockId=conID: 2 locID: 102667710870389264 bcsId: 0,size=4194304]} | ret=SUCCESS |  
2019-08-23 18:29:03,780 | INFO  | DNAudit | user=null | ip=null | op=PUT_BLOCK {blockData=[blockId=conID: 2 locID: 102667710870389264 bcsId: 0,size=4194304]} | ret=SUCCESS |  
2019-08-23 18:29:03,780 [grpc-default-executor-0] INFO  client.GrpcClientProtocolClient (GrpcClientProtocolClient.java:onNext(255)) - client-19C32667576E->48affcab-e6e4-4602-963a-f6a50efbd54c: receive RaftClientReply:client-19C32667576E->48affcab-e6e4-4602-963a-f6a50efbd54c@group-50C56EAF5137, cid=1847, SUCCESS, logIndex=0, commits[48affcab-e6e4-4602-963a-f6a50efbd54c:c2697, 7e391b60-07ae-4d97-a027-4756e468c032:c2696, c5f86d96-67df-4f25-bde3-316f439d30b3:c2696]
2019-08-23 18:29:03,785 | INFO  | SCMAudit | user=jenkins1000 | ip=192.168.34.23 | op=ALLOCATE_BLOCK {owner=1ceb8b80-28f1-43fd-86c3-175afc07b8d1, size=4194304, type=RATIS, factor=THREE} | ret=SUCCESS |  
2019-08-23 18:29:03,787 | INFO  | OMAudit | user=jenkins1000 | ip=127.0.0.1 | op=ALLOCATE_BLOCK {volume=vol-0-45438, bucket=bucket-0-23891, key=key-0-22455, dataSize=0, replicationType=null, replicationFactor=null, keyLocationInfo=null, clientID=102667710122492306} | ret=SUCCESS |  
2019-08-23 18:29:03,793 | INFO  | DNAudit | user=null | ip=null | op=WRITE_CHUNK {blockData=conID: 3 locID: 102667710875828753 bcsId: 0} | ret=SUCCESS |  
2019-08-23 18:29:03,796 | INFO  | DNAudit | user=null | ip=null | op=WRITE_CHUNK {blockData=conID: 3 locID: 102667710875828753 bcsId: 0} | ret=SUCCESS |  
2019-08-23 18:29:03,796 | INFO  | DNAudit | user=null | ip=null | op=WRITE_CHUNK {blockData=conID: 3 locID: 102667710875828753 bcsId: 0} | ret=SUCCESS |  
2019-08-23 18:29:03,796 | INFO  | DNAudit | user=null | ip=null | op=WRITE_CHUNK {blockData=conID: 3 locID: 102667710875828753 bcsId: 0} | ret=SUCCESS |  
2019-08-23 18:29:03,798 | INFO  | DNAudit | user=null | ip=null | op=WRITE_CHUNK {blockData=conID: 3 locID: 102667710875828753 bcsId: 0} | ret=SUCCESS |  
2019-08-23 18:29:03,799 | INFO  | DNAudit | user=null | ip=null | op=WRITE_CHUNK {blockData=conID: 3 locID: 102667710875828753 bcsId: 0} | ret=SUCCESS |  
2019-08-23 18:29:03,805 | INFO  | DNAudit | user=null | ip=null | op=WRITE_CHUNK {blockData=conID: 3 locID: 102667710875828753 bcsId: 0} | ret=SUCCESS |  
2019-08-23 18:29:03,806 | INFO  | DNAudit | user=null | ip=null | op=PUT_BLOCK {blockData=[blockId=conID: 3 locID: 102667710875828753 bcsId: 0,size=1048576]} | ret=SUCCESS |  
2019-08-23 18:29:03,806 [grpc-default-executor-0] INFO  client.GrpcClientProtocolClient (GrpcClientProtocolClient.java:onNext(255)) - client-19C32667576E->48affcab-e6e4-4602-963a-f6a50efbd54c: receive RaftClientReply:client-19C32667576E->48affcab-e6e4-4602-963a-f6a50efbd54c@group-50C56EAF5137, cid=1848, SUCCESS, logIndex=2699, commits[48affcab-e6e4-4602-963a-f6a50efbd54c:c2700, 7e391b60-07ae-4d97-a027-4756e468c032:c2698, c5f86d96-67df-4f25-bde3-316f439d30b3:c2698]
2019-08-23 18:29:03,806 | INFO  | DNAudit | user=null | ip=null | op=WRITE_CHUNK {blockData=conID: 3 locID: 102667710875828753 bcsId: 0} | ret=SUCCESS |  
2019-08-23 18:29:03,806 [grpc-default-executor-0] INFO  client.GrpcClientProtocolClient (GrpcClientProtocolClient.java:onNext(255)) - client-19C32667576E->48affcab-e6e4-4602-963a-f6a50efbd54c: receive RaftClientReply:client-19C32667576E->48affcab-e6e4-4602-963a-f6a50efbd54c@group-50C56EAF5137, cid=1849, SUCCESS, logIndex=2700, commits[48affcab-e6e4-4602-963a-f6a50efbd54c:c2700, 7e391b60-07ae-4d97-a027-4756e468c032:c2698, c5f86d96-67df-4f25-bde3-316f439d30b3:c2698]
2019-08-23 18:29:03,807 | INFO  | DNAudit | user=null | ip=null | op=PUT_BLOCK {blockData=[blockId=conID: 3 locID: 102667710875828753 bcsId: 0,size=2097152]} | ret=SUCCESS |  
2019-08-23 18:29:03,807 [grpc-default-executor-3] INFO  client.GrpcClientProtocolClient (GrpcClientProtocolClient.java:onNext(255)) - client-19C32667576E->48affcab-e6e4-4602-963a-f6a50efbd54c: receive RaftClientReply:client-19C32667576E->48affcab-e6e4-4602-963a-f6a50efbd54c@group-50C56EAF5137, cid=1850, SUCCESS, logIndex=2701, commits[48affcab-e6e4-4602-963a-f6a50efbd54c:c2702, 7e391b60-07ae-4d97-a027-4756e468c032:c2698, c5f86d96-67df-4f25-bde3-316f439d30b3:c2698]
2019-08-23 18:29:03,807 | INFO  | DNAudit | user=null | ip=null | op=WRITE_CHUNK {blockData=conID: 3 locID: 102667710875828753 bcsId: 0} | ret=SUCCESS |  
2019-08-23 18:29:03,808 | INFO  | DNAudit | user=null | ip=null | op=PUT_BLOCK {blockData=[blockId=conID: 3 locID: 102667710875828753 bcsId: 0,size=1048576]} | ret=SUCCESS |  
2019-08-23 18:29:03,808 [grpc-default-executor-5] INFO  client.GrpcClientProtocolClient (GrpcClientProtocolClient.java:onNext(255)) - client-19C32667576E->48affcab-e6e4-4602-963a-f6a50efbd54c: receive RaftClientReply:client-19C32667576E->48affcab-e6e4-4602-963a-f6a50efbd54c@group-50C56EAF5137, cid=1851, SUCCESS, logIndex=2702, commits[48affcab-e6e4-4602-963a-f6a50efbd54c:c2702, 7e391b60-07ae-4d97-a027-4756e468c032:c2698, c5f86d96-67df-4f25-bde3-316f439d30b3:c2698]
2019-08-23 18:29:03,808 | INFO  | DNAudit | user=null | ip=null | op=WRITE_CHUNK {blockData=conID: 3 locID: 102667710875828753 bcsId: 0} | ret=SUCCESS |  
2019-08-23 18:29:03,808 | INFO  | DNAudit | user=null | ip=null | op=PUT_BLOCK {blockData=[blockId=conID: 3 locID: 102667710875828753 bcsId: 0,size=1048576]} | ret=SUCCESS |  
2019-08-23 18:29:03,808 | INFO  | DNAudit | user=null | ip=null | op=WRITE_CHUNK {blockData=conID: 3 locID: 102667710875828753 bcsId: 0} | ret=SUCCESS |  
2019-08-23 18:29:03,808 [grpc-default-executor-3] INFO  client.GrpcClientProtocolClient (GrpcClientProtocolClient.java:onNext(255)) - client-19C32667576E->48affcab-e6e4-4602-963a-f6a50efbd54c: receive RaftClientReply:client-19C32667576E->48affcab-e6e4-4602-963a-f6a50efbd54c@group-50C56EAF5137, cid=1852, SUCCESS, logIndex=0, commits[48affcab-e6e4-4602-963a-f6a50efbd54c:c2704, 7e391b60-07ae-4d97-a027-4756e468c032:c2700, c5f86d96-67df-4f25-bde3-316f439d30b3:c2700]
2019-08-23 18:29:03,809 | INFO  | DNAudit | user=null | ip=null | op=PUT_BLOCK {blockData=[blockId=conID: 3 locID: 102667710875828753 bcsId: 0,size=2097152]} | ret=SUCCESS |  
2019-08-23 18:29:03,809 | INFO  | DNAudit | user=null | ip=null | op=WRITE_CHUNK {blockData=conID: 3 locID: 102667710875828753 bcsId: 0} | ret=SUCCESS |  
2019-08-23 18:29:03,809 | INFO  | DNAudit | user=null | ip=null | op=PUT_BLOCK {blockData=[blockId=conID: 3 locID: 102667710875828753 bcsId: 0,size=2097152]} | ret=SUCCESS |  
2019-08-23 18:29:03,814 | INFO  | DNAudit | user=null | ip=null | op=WRITE_CHUNK {blockData=conID: 3 locID: 102667710875828753 bcsId: 2702} | ret=SUCCESS |  
2019-08-23 18:29:03,817 | INFO  | DNAudit | user=null | ip=null | op=WRITE_CHUNK {blockData=conID: 3 locID: 102667710875828753 bcsId: 2702} | ret=SUCCESS |  
2019-08-23 18:29:03,817 | INFO  | DNAudit | user=null | ip=null | op=WRITE_CHUNK {blockData=conID: 3 locID: 102667710875828753 bcsId: 2702} | ret=SUCCESS |  
2019-08-23 18:29:03,827 | INFO  | DNAudit | user=null | ip=null | op=WRITE_CHUNK {blockData=conID: 3 locID: 102667710875828753 bcsId: 2702} | ret=SUCCESS |  
2019-08-23 18:29:03,827 | INFO  | DNAudit | user=null | ip=null | op=PUT_BLOCK {blockData=[blockId=conID: 3 locID: 102667710875828753 bcsId: 0,size=3145728]} | ret=SUCCESS |  
2019-08-23 18:29:03,827 [grpc-default-executor-5] INFO  client.GrpcClientProtocolClient (GrpcClientProtocolClient.java:onNext(255)) - client-19C32667576E->48affcab-e6e4-4602-963a-f6a50efbd54c: receive RaftClientReply:client-19C32667576E->48affcab-e6e4-4602-963a-f6a50efbd54c@group-50C56EAF5137, cid=1853, SUCCESS, logIndex=2707, commits[48affcab-e6e4-4602-963a-f6a50efbd54c:c2708, 7e391b60-07ae-4d97-a027-4756e468c032:c2706, c5f86d96-67df-4f25-bde3-316f439d30b3:c2706]
2019-08-23 18:29:03,827 [grpc-default-executor-5] INFO  client.GrpcClientProtocolClient (GrpcClientProtocolClient.java:onNext(255)) - client-19C32667576E->48affcab-e6e4-4602-963a-f6a50efbd54c: receive RaftClientReply:client-19C32667576E->48affcab-e6e4-4602-963a-f6a50efbd54c@group-50C56EAF5137, cid=1854, SUCCESS, logIndex=2708, commits[48affcab-e6e4-4602-963a-f6a50efbd54c:c2708, 7e391b60-07ae-4d97-a027-4756e468c032:c2706, c5f86d96-67df-4f25-bde3-316f439d30b3:c2706]
2019-08-23 18:29:03,833 | INFO  | DNAudit | user=null | ip=null | op=WRITE_CHUNK {blockData=conID: 3 locID: 102667710875828753 bcsId: 2708} | ret=SUCCESS |  
2019-08-23 18:29:03,835 | INFO  | DNAudit | user=null | ip=null | op=WRITE_CHUNK {blockData=conID: 3 locID: 102667710875828753 bcsId: 2708} | ret=SUCCESS |  
2019-08-23 18:29:03,835 | INFO  | DNAudit | user=null | ip=null | op=WRITE_CHUNK {blockData=conID: 3 locID: 102667710875828753 bcsId: 2708} | ret=SUCCESS |  
2019-08-23 18:29:03,838 | INFO  | DNAudit | user=null | ip=null | op=WRITE_CHUNK {blockData=conID: 3 locID: 102667710875828753 bcsId: 2702} | ret=SUCCESS |  
2019-08-23 18:29:03,838 | INFO  | DNAudit | user=null | ip=null | op=WRITE_CHUNK {blockData=conID: 3 locID: 102667710875828753 bcsId: 2702} | ret=SUCCESS |  
2019-08-23 18:29:03,865 | INFO  | DNAudit | user=null | ip=null | op=PUT_BLOCK {blockData=[blockId=conID: 3 locID: 102667710875828753 bcsId: 0,size=3145728]} | ret=SUCCESS |  
2019-08-23 18:29:03,865 | INFO  | DNAudit | user=null | ip=null | op=PUT_BLOCK {blockData=[blockId=conID: 3 locID: 102667710875828753 bcsId: 0,size=3145728]} | ret=SUCCESS |  
2019-08-23 18:29:03,865 | INFO  | DNAudit | user=null | ip=null | op=WRITE_CHUNK {blockData=conID: 3 locID: 102667710875828753 bcsId: 2708} | ret=SUCCESS |  
2019-08-23 18:29:03,866 | INFO  | DNAudit | user=null | ip=null | op=PUT_BLOCK {blockData=[blockId=conID: 3 locID: 102667710875828753 bcsId: 0,size=4194304]} | ret=SUCCESS |  
2019-08-23 18:29:03,866 [grpc-default-executor-3] INFO  client.GrpcClientProtocolClient (GrpcClientProtocolClient.java:onNext(255)) - client-19C32667576E->48affcab-e6e4-4602-963a-f6a50efbd54c: receive RaftClientReply:client-19C32667576E->48affcab-e6e4-4602-963a-f6a50efbd54c@group-50C56EAF5137, cid=1855, SUCCESS, logIndex=2711, commits[48affcab-e6e4-4602-963a-f6a50efbd54c:c2712, 7e391b60-07ae-4d97-a027-4756e468c032:c2708, c5f86d96-67df-4f25-bde3-316f439d30b3:c2708]
2019-08-23 18:29:03,866 [grpc-default-executor-3] INFO  client.GrpcClientProtocolClient (GrpcClientProtocolClient.java:onNext(255)) - client-19C32667576E->48affcab-e6e4-4602-963a-f6a50efbd54c: receive RaftClientReply:client-19C32667576E->48affcab-e6e4-4602-963a-f6a50efbd54c@group-50C56EAF5137, cid=1856, SUCCESS, logIndex=2712, commits[48affcab-e6e4-4602-963a-f6a50efbd54c:c2712, 7e391b60-07ae-4d97-a027-4756e468c032:c2708, c5f86d96-67df-4f25-bde3-316f439d30b3:c2708]
2019-08-23 18:29:03,877 | INFO  | DNAudit | user=null | ip=null | op=WRITE_CHUNK {blockData=conID: 3 locID: 102667710875828753 bcsId: 2708} | ret=SUCCESS |  
2019-08-23 18:29:03,877 | INFO  | DNAudit | user=null | ip=null | op=WRITE_CHUNK {blockData=conID: 3 locID: 102667710875828753 bcsId: 2708} | ret=SUCCESS |  
2019-08-23 18:29:03,877 | INFO  | DNAudit | user=null | ip=null | op=PUT_BLOCK {blockData=[blockId=conID: 3 locID: 102667710875828753 bcsId: 0,size=4194304]} | ret=SUCCESS |  
2019-08-23 18:29:03,877 | INFO  | DNAudit | user=null | ip=null | op=PUT_BLOCK {blockData=[blockId=conID: 3 locID: 102667710875828753 bcsId: 0,size=4194304]} | ret=SUCCESS |  
2019-08-23 18:29:03,877 [grpc-default-executor-3] INFO  client.GrpcClientProtocolClient (GrpcClientProtocolClient.java:onNext(255)) - client-19C32667576E->48affcab-e6e4-4602-963a-f6a50efbd54c: receive RaftClientReply:client-19C32667576E->48affcab-e6e4-4602-963a-f6a50efbd54c@group-50C56EAF5137, cid=1857, SUCCESS, logIndex=0, commits[48affcab-e6e4-4602-963a-f6a50efbd54c:c2713, 7e391b60-07ae-4d97-a027-4756e468c032:c2712, c5f86d96-67df-4f25-bde3-316f439d30b3:c2712]
2019-08-23 18:29:03,882 | INFO  | SCMAudit | user=jenkins1000 | ip=192.168.34.23 | op=ALLOCATE_BLOCK {owner=1ceb8b80-28f1-43fd-86c3-175afc07b8d1, size=4194304, type=RATIS, factor=THREE} | ret=SUCCESS |  
2019-08-23 18:29:03,885 | INFO  | OMAudit | user=jenkins1000 | ip=127.0.0.1 | op=ALLOCATE_BLOCK {volume=vol-0-45438, bucket=bucket-0-23891, key=key-0-22455, dataSize=0, replicationType=null, replicationFactor=null, keyLocationInfo=null, clientID=102667710122492306} | ret=SUCCESS |  
2019-08-23 18:29:03,893 | INFO  | DNAudit | user=null | ip=null | op=WRITE_CHUNK {blockData=conID: 1 locID: 102667710882251282 bcsId: 0} | ret=SUCCESS |  
2019-08-23 18:29:03,894 | INFO  | DNAudit | user=null | ip=null | op=WRITE_CHUNK {blockData=conID: 1 locID: 102667710882251282 bcsId: 0} | ret=SUCCESS |  
2019-08-23 18:29:03,897 | INFO  | DNAudit | user=null | ip=null | op=WRITE_CHUNK {blockData=conID: 1 locID: 102667710882251282 bcsId: 0} | ret=SUCCESS |  
2019-08-23 18:29:03,897 | INFO  | DNAudit | user=null | ip=null | op=WRITE_CHUNK {blockData=conID: 1 locID: 102667710882251282 bcsId: 0} | ret=SUCCESS |  
2019-08-23 18:29:03,897 | INFO  | DNAudit | user=null | ip=null | op=WRITE_CHUNK {blockData=conID: 1 locID: 102667710882251282 bcsId: 0} | ret=SUCCESS |  
2019-08-23 18:29:03,899 | INFO  | DNAudit | user=null | ip=null | op=WRITE_CHUNK {blockData=conID: 1 locID: 102667710882251282 bcsId: 0} | ret=SUCCESS |  
2019-08-23 18:29:03,907 | INFO  | DNAudit | user=null | ip=null | op=WRITE_CHUNK {blockData=conID: 1 locID: 102667710882251282 bcsId: 0} | ret=SUCCESS |  
2019-08-23 18:29:03,908 | INFO  | DNAudit | user=null | ip=null | op=PUT_BLOCK {blockData=[blockId=conID: 1 locID: 102667710882251282 bcsId: 0,size=1048576]} | ret=SUCCESS |  
2019-08-23 18:29:03,908 | INFO  | DNAudit | user=null | ip=null | op=WRITE_CHUNK {blockData=conID: 1 locID: 102667710882251282 bcsId: 0} | ret=SUCCESS |  
2019-08-23 18:29:03,908 [grpc-default-executor-0] INFO  client.GrpcClientProtocolClient (GrpcClientProtocolClient.java:onNext(255)) - client-19C32667576E->48affcab-e6e4-4602-963a-f6a50efbd54c: receive RaftClientReply:client-19C32667576E->48affcab-e6e4-4602-963a-f6a50efbd54c@group-50C56EAF5137, cid=1858, SUCCESS, logIndex=2715, commits[48affcab-e6e4-4602-963a-f6a50efbd54c:c2717, 7e391b60-07ae-4d97-a027-4756e468c032:c2714, c5f86d96-67df-4f25-bde3-316f439d30b3:c2714]
2019-08-23 18:29:03,909 | INFO  | DNAudit | user=null | ip=null | op=PUT_BLOCK {blockData=[blockId=conID: 1 locID: 102667710882251282 bcsId: 0,size=2097152]} | ret=SUCCESS |  
2019-08-23 18:29:03,909 [grpc-default-executor-0] INFO  client.GrpcClientProtocolClient (GrpcClientProtocolClient.java:onNext(255)) - client-19C32667576E->48affcab-e6e4-4602-963a-f6a50efbd54c: receive RaftClientReply:client-19C32667576E->48affcab-e6e4-4602-963a-f6a50efbd54c@group-50C56EAF5137, cid=1859, SUCCESS, logIndex=2716, commits[48affcab-e6e4-4602-963a-f6a50efbd54c:c2718, 7e391b60-07ae-4d97-a027-4756e468c032:c2714, c5f86d96-67df-4f25-bde3-316f439d30b3:c2714]
2019-08-23 18:29:03,909 [grpc-default-executor-0] INFO  client.GrpcClientProtocolClient (GrpcClientProtocolClient.java:onNext(255)) - client-19C32667576E->48affcab-e6e4-4602-963a-f6a50efbd54c: receive RaftClientReply:client-19C32667576E->48affcab-e6e4-4602-963a-f6a50efbd54c@group-50C56EAF5137, cid=1860, SUCCESS, logIndex=2717, commits[48affcab-e6e4-4602-963a-f6a50efbd54c:c2718, 7e391b60-07ae-4d97-a027-4756e468c032:c2714, c5f86d96-67df-4f25-bde3-316f439d30b3:c2714]
2019-08-23 18:29:03,909 [grpc-default-executor-0] INFO  client.GrpcClientProtocolClient (GrpcClientProtocolClient.java:onNext(255)) - client-19C32667576E->48affcab-e6e4-4602-963a-f6a50efbd54c: receive RaftClientReply:client-19C32667576E->48affcab-e6e4-4602-963a-f6a50efbd54c@group-50C56EAF5137, cid=1861, SUCCESS, logIndex=2718, commits[48affcab-e6e4-4602-963a-f6a50efbd54c:c2718, 7e391b60-07ae-4d97-a027-4756e468c032:c2714, c5f86d96-67df-4f25-bde3-316f439d30b3:c2714]
2019-08-23 18:29:03,924 | INFO  | DNAudit | user=null | ip=null | op=WRITE_CHUNK {blockData=conID: 1 locID: 102667710882251282 bcsId: 0} | ret=SUCCESS |  
2019-08-23 18:29:03,924 | INFO  | DNAudit | user=null | ip=null | op=WRITE_CHUNK {blockData=conID: 1 locID: 102667710882251282 bcsId: 0} | ret=SUCCESS |  
2019-08-23 18:29:03,924 | INFO  | DNAudit | user=null | ip=null | op=PUT_BLOCK {blockData=[blockId=conID: 1 locID: 102667710882251282 bcsId: 0,size=1048576]} | ret=SUCCESS |  
2019-08-23 18:29:03,924 | INFO  | DNAudit | user=null | ip=null | op=PUT_BLOCK {blockData=[blockId=conID: 1 locID: 102667710882251282 bcsId: 0,size=1048576]} | ret=SUCCESS |  
2019-08-23 18:29:03,924 [grpc-default-executor-0] INFO  client.GrpcClientProtocolClient (GrpcClientProtocolClient.java:onNext(255)) - client-19C32667576E->48affcab-e6e4-4602-963a-f6a50efbd54c: receive RaftClientReply:client-19C32667576E->48affcab-e6e4-4602-963a-f6a50efbd54c@group-50C56EAF5137, cid=1862, SUCCESS, logIndex=0, commits[48affcab-e6e4-4602-963a-f6a50efbd54c:c2719, 7e391b60-07ae-4d97-a027-4756e468c032:c2716, c5f86d96-67df-4f25-bde3-316f439d30b3:c2716]
2019-08-23 18:29:03,926 | INFO  | DNAudit | user=null | ip=null | op=WRITE_CHUNK {blockData=conID: 1 locID: 102667710882251282 bcsId: 0} | ret=SUCCESS |  
2019-08-23 18:29:03,926 | INFO  | DNAudit | user=null | ip=null | op=WRITE_CHUNK {blockData=conID: 1 locID: 102667710882251282 bcsId: 0} | ret=SUCCESS |  
2019-08-23 18:29:03,926 | INFO  | DNAudit | user=null | ip=null | op=PUT_BLOCK {blockData=[blockId=conID: 1 locID: 102667710882251282 bcsId: 0,size=2097152]} | ret=SUCCESS |  
2019-08-23 18:29:03,926 | INFO  | DNAudit | user=null | ip=null | op=PUT_BLOCK {blockData=[blockId=conID: 1 locID: 102667710882251282 bcsId: 0,size=2097152]} | ret=SUCCESS |  
2019-08-23 18:29:03,932 | INFO  | DNAudit | user=null | ip=null | op=WRITE_CHUNK {blockData=conID: 1 locID: 102667710882251282 bcsId: 2718} | ret=SUCCESS |  
2019-08-23 18:29:03,934 | INFO  | DNAudit | user=null | ip=null | op=WRITE_CHUNK {blockData=conID: 1 locID: 102667710882251282 bcsId: 2718} | ret=SUCCESS |  
2019-08-23 18:29:03,935 | INFO  | DNAudit | user=null | ip=null | op=WRITE_CHUNK {blockData=conID: 1 locID: 102667710882251282 bcsId: 2718} | ret=SUCCESS |  
2019-08-23 18:29:03,944 | INFO  | DNAudit | user=null | ip=null | op=WRITE_CHUNK {blockData=conID: 1 locID: 102667710882251282 bcsId: 2718} | ret=SUCCESS |  
2019-08-23 18:29:03,945 | INFO  | DNAudit | user=null | ip=null | op=PUT_BLOCK {blockData=[blockId=conID: 1 locID: 102667710882251282 bcsId: 0,size=3145728]} | ret=SUCCESS |  
2019-08-23 18:29:03,945 [grpc-default-executor-4] INFO  client.GrpcClientProtocolClient (GrpcClientProtocolClient.java:onNext(255)) - client-19C32667576E->48affcab-e6e4-4602-963a-f6a50efbd54c: receive RaftClientReply:client-19C32667576E->48affcab-e6e4-4602-963a-f6a50efbd54c@group-50C56EAF5137, cid=1863, SUCCESS, logIndex=2723, commits[48affcab-e6e4-4602-963a-f6a50efbd54c:c2724, 7e391b60-07ae-4d97-a027-4756e468c032:c2722, c5f86d96-67df-4f25-bde3-316f439d30b3:c2722]
2019-08-23 18:29:03,945 [grpc-default-executor-4] INFO  client.GrpcClientProtocolClient (GrpcClientProtocolClient.java:onNext(255)) - client-19C32667576E->48affcab-e6e4-4602-963a-f6a50efbd54c: receive RaftClientReply:client-19C32667576E->48affcab-e6e4-4602-963a-f6a50efbd54c@group-50C56EAF5137, cid=1864, SUCCESS, logIndex=2724, commits[48affcab-e6e4-4602-963a-f6a50efbd54c:c2724, 7e391b60-07ae-4d97-a027-4756e468c032:c2722, c5f86d96-67df-4f25-bde3-316f439d30b3:c2722]
2019-08-23 18:29:03,951 | INFO  | DNAudit | user=null | ip=null | op=WRITE_CHUNK {blockData=conID: 1 locID: 102667710882251282 bcsId: 2724} | ret=SUCCESS |  
2019-08-23 18:29:03,954 | INFO  | DNAudit | user=null | ip=null | op=WRITE_CHUNK {blockData=conID: 1 locID: 102667710882251282 bcsId: 2724} | ret=SUCCESS |  
2019-08-23 18:29:03,954 | INFO  | DNAudit | user=null | ip=null | op=WRITE_CHUNK {blockData=conID: 1 locID: 102667710882251282 bcsId: 2724} | ret=SUCCESS |  
2019-08-23 18:29:03,956 | INFO  | DNAudit | user=null | ip=null | op=WRITE_CHUNK {blockData=conID: 1 locID: 102667710882251282 bcsId: 2718} | ret=SUCCESS |  
2019-08-23 18:29:03,956 | INFO  | DNAudit | user=null | ip=null | op=WRITE_CHUNK {blockData=conID: 1 locID: 102667710882251282 bcsId: 2718} | ret=SUCCESS |  
2019-08-23 18:29:03,957 | INFO  | DNAudit | user=null | ip=null | op=PUT_BLOCK {blockData=[blockId=conID: 1 locID: 102667710882251282 bcsId: 0,size=3145728]} | ret=SUCCESS |  
2019-08-23 18:29:03,957 | INFO  | DNAudit | user=null | ip=null | op=PUT_BLOCK {blockData=[blockId=conID: 1 locID: 102667710882251282 bcsId: 0,size=3145728]} | ret=SUCCESS |  
2019-08-23 18:29:03,958 | INFO  | DNAudit | user=null | ip=null | op=WRITE_CHUNK {blockData=conID: 1 locID: 102667710882251282 bcsId: 2724} | ret=SUCCESS |  
2019-08-23 18:29:03,958 | INFO  | DNAudit | user=null | ip=null | op=PUT_BLOCK {blockData=[blockId=conID: 1 locID: 102667710882251282 bcsId: 0,size=4194304]} | ret=SUCCESS |  
2019-08-23 18:29:03,958 [grpc-default-executor-4] INFO  client.GrpcClientProtocolClient (GrpcClientProtocolClient.java:onNext(255)) - client-19C32667576E->48affcab-e6e4-4602-963a-f6a50efbd54c: receive RaftClientReply:client-19C32667576E->48affcab-e6e4-4602-963a-f6a50efbd54c@group-50C56EAF5137, cid=1865, SUCCESS, logIndex=2727, commits[48affcab-e6e4-4602-963a-f6a50efbd54c:c2728, 7e391b60-07ae-4d97-a027-4756e468c032:c2724, c5f86d96-67df-4f25-bde3-316f439d30b3:c2724]
2019-08-23 18:29:03,959 [grpc-default-executor-4] INFO  client.GrpcClientProtocolClient (GrpcClientProtocolClient.java:onNext(255)) - client-19C32667576E->48affcab-e6e4-4602-963a-f6a50efbd54c: receive RaftClientReply:client-19C32667576E->48affcab-e6e4-4602-963a-f6a50efbd54c@group-50C56EAF5137, cid=1866, SUCCESS, logIndex=2728, commits[48affcab-e6e4-4602-963a-f6a50efbd54c:c2728, 7e391b60-07ae-4d97-a027-4756e468c032:c2724, c5f86d96-67df-4f25-bde3-316f439d30b3:c2724]
2019-08-23 18:29:03,970 | INFO  | DNAudit | user=null | ip=null | op=WRITE_CHUNK {blockData=conID: 1 locID: 102667710882251282 bcsId: 2724} | ret=SUCCESS |  
2019-08-23 18:29:03,970 | INFO  | DNAudit | user=null | ip=null | op=WRITE_CHUNK {blockData=conID: 1 locID: 102667710882251282 bcsId: 2724} | ret=SUCCESS |  
2019-08-23 18:29:03,971 | INFO  | DNAudit | user=null | ip=null | op=PUT_BLOCK {blockData=[blockId=conID: 1 locID: 102667710882251282 bcsId: 0,size=4194304]} | ret=SUCCESS |  
2019-08-23 18:29:03,971 | INFO  | DNAudit | user=null | ip=null | op=PUT_BLOCK {blockData=[blockId=conID: 1 locID: 102667710882251282 bcsId: 0,size=4194304]} | ret=SUCCESS |  
2019-08-23 18:29:03,972 [grpc-default-executor-4] INFO  client.GrpcClientProtocolClient (GrpcClientProtocolClient.java:onNext(255)) - client-19C32667576E->48affcab-e6e4-4602-963a-f6a50efbd54c: receive RaftClientReply:client-19C32667576E->48affcab-e6e4-4602-963a-f6a50efbd54c@group-50C56EAF5137, cid=1867, SUCCESS, logIndex=0, commits[48affcab-e6e4-4602-963a-f6a50efbd54c:c2730, 7e391b60-07ae-4d97-a027-4756e468c032:c2728, c5f86d96-67df-4f25-bde3-316f439d30b3:c2728]
2019-08-23 18:29:03,976 | INFO  | SCMAudit | user=jenkins1000 | ip=192.168.34.23 | op=ALLOCATE_BLOCK {owner=1ceb8b80-28f1-43fd-86c3-175afc07b8d1, size=4194304, type=RATIS, factor=THREE} | ret=SUCCESS |  
2019-08-23 18:29:03,978 | INFO  | OMAudit | user=jenkins1000 | ip=127.0.0.1 | op=ALLOCATE_BLOCK {volume=vol-0-45438, bucket=bucket-0-23891, key=key-0-22455, dataSize=0, replicationType=null, replicationFactor=null, keyLocationInfo=null, clientID=102667710122492306} | ret=SUCCESS |  
2019-08-23 18:29:03,984 | INFO  | DNAudit | user=null | ip=null | op=WRITE_CHUNK {blockData=conID: 2 locID: 102667710888411667 bcsId: 0} | ret=SUCCESS |  
2019-08-23 18:29:03,987 | INFO  | DNAudit | user=null | ip=null | op=WRITE_CHUNK {blockData=conID: 2 locID: 102667710888411667 bcsId: 0} | ret=SUCCESS |  
2019-08-23 18:29:03,987 | INFO  | DNAudit | user=null | ip=null | op=WRITE_CHUNK {blockData=conID: 2 locID: 102667710888411667 bcsId: 0} | ret=SUCCESS |  
2019-08-23 18:29:03,987 | INFO  | DNAudit | user=null | ip=null | op=WRITE_CHUNK {blockData=conID: 2 locID: 102667710888411667 bcsId: 0} | ret=SUCCESS |  
2019-08-23 18:29:03,989 | INFO  | DNAudit | user=null | ip=null | op=WRITE_CHUNK {blockData=conID: 2 locID: 102667710888411667 bcsId: 0} | ret=SUCCESS |  
2019-08-23 18:29:03,989 | INFO  | DNAudit | user=null | ip=null | op=WRITE_CHUNK {blockData=conID: 2 locID: 102667710888411667 bcsId: 0} | ret=SUCCESS |  
2019-08-23 18:29:03,996 | INFO  | DNAudit | user=null | ip=null | op=WRITE_CHUNK {blockData=conID: 2 locID: 102667710888411667 bcsId: 0} | ret=SUCCESS |  
2019-08-23 18:29:03,996 | INFO  | DNAudit | user=null | ip=null | op=PUT_BLOCK {blockData=[blockId=conID: 2 locID: 102667710888411667 bcsId: 0,size=1048576]} | ret=SUCCESS |  
2019-08-23 18:29:03,997 [grpc-default-executor-4] INFO  client.GrpcClientProtocolClient (GrpcClientProtocolClient.java:onNext(255)) - client-19C32667576E->48affcab-e6e4-4602-963a-f6a50efbd54c: receive RaftClientReply:client-19C32667576E->48affcab-e6e4-4602-963a-f6a50efbd54c@group-50C56EAF5137, cid=1868, SUCCESS, logIndex=2731, commits[48affcab-e6e4-4602-963a-f6a50efbd54c:c2733, 7e391b60-07ae-4d97-a027-4756e468c032:c2730, c5f86d96-67df-4f25-bde3-316f439d30b3:c2730]
2019-08-23 18:29:03,999 | INFO  | DNAudit | user=null | ip=null | op=WRITE_CHUNK {blockData=conID: 2 locID: 102667710888411667 bcsId: 0} | ret=SUCCESS |  
2019-08-23 18:29:03,999 | INFO  | DNAudit | user=null | ip=null | op=WRITE_CHUNK {blockData=conID: 2 locID: 102667710888411667 bcsId: 0} | ret=SUCCESS |  
2019-08-23 18:29:03,999 | INFO  | DNAudit | user=null | ip=null | op=PUT_BLOCK {blockData=[blockId=conID: 2 locID: 102667710888411667 bcsId: 0,size=1048576]} | ret=SUCCESS |  
2019-08-23 18:29:03,999 [grpc-default-executor-4] INFO  client.GrpcClientProtocolClient (GrpcClientProtocolClient.java:onNext(255)) - client-19C32667576E->48affcab-e6e4-4602-963a-f6a50efbd54c: receive RaftClientReply:client-19C32667576E->48affcab-e6e4-4602-963a-f6a50efbd54c@group-50C56EAF5137, cid=1869, SUCCESS, logIndex=2732, commits[48affcab-e6e4-4602-963a-f6a50efbd54c:c2734, 7e391b60-07ae-4d97-a027-4756e468c032:c2730, c5f86d96-67df-4f25-bde3-316f439d30b3:c2730]
2019-08-23 18:29:03,999 | INFO  | DNAudit | user=null | ip=null | op=PUT_BLOCK {blockData=[blockId=conID: 2 locID: 102667710888411667 bcsId: 0,size=2097152]} | ret=SUCCESS |  
2019-08-23 18:29:03,999 [grpc-default-executor-4] INFO  client.GrpcClientProtocolClient (GrpcClientProtocolClient.java:onNext(255)) - client-19C32667576E->48affcab-e6e4-4602-963a-f6a50efbd54c: receive RaftClientReply:client-19C32667576E->48affcab-e6e4-4602-963a-f6a50efbd54c@group-50C56EAF5137, cid=1870, SUCCESS, logIndex=2733, commits[48affcab-e6e4-4602-963a-f6a50efbd54c:c2735, 7e391b60-07ae-4d97-a027-4756e468c032:c2732, c5f86d96-67df-4f25-bde3-316f439d30b3:c2730]
2019-08-23 18:29:04,000 [grpc-default-executor-4] INFO  client.GrpcClientProtocolClient (GrpcClientProtocolClient.java:onNext(255)) - client-19C32667576E->48affcab-e6e4-4602-963a-f6a50efbd54c: receive RaftClientReply:client-19C32667576E->48affcab-e6e4-4602-963a-f6a50efbd54c@group-50C56EAF5137, cid=1871, SUCCESS, logIndex=2734, commits[48affcab-e6e4-4602-963a-f6a50efbd54c:c2735, 7e391b60-07ae-4d97-a027-4756e468c032:c2732, c5f86d96-67df-4f25-bde3-316f439d30b3:c2730]
2019-08-23 18:29:04,000 | INFO  | DNAudit | user=null | ip=null | op=WRITE_CHUNK {blockData=conID: 2 locID: 102667710888411667 bcsId: 0} | ret=SUCCESS |  
2019-08-23 18:29:04,000 | INFO  | DNAudit | user=null | ip=null | op=PUT_BLOCK {blockData=[blockId=conID: 2 locID: 102667710888411667 bcsId: 0,size=2097152]} | ret=SUCCESS |  
2019-08-23 18:29:04,001 | INFO  | DNAudit | user=null | ip=null | op=WRITE_CHUNK {blockData=conID: 2 locID: 102667710888411667 bcsId: 0} | ret=SUCCESS |  
2019-08-23 18:29:04,001 | INFO  | DNAudit | user=null | ip=null | op=PUT_BLOCK {blockData=[blockId=conID: 2 locID: 102667710888411667 bcsId: 0,size=1048576]} | ret=SUCCESS |  
2019-08-23 18:29:04,001 | INFO  | DNAudit | user=null | ip=null | op=WRITE_CHUNK {blockData=conID: 2 locID: 102667710888411667 bcsId: 0} | ret=SUCCESS |  
2019-08-23 18:29:04,001 [grpc-default-executor-3] INFO  client.GrpcClientProtocolClient (GrpcClientProtocolClient.java:onNext(255)) - client-19C32667576E->48affcab-e6e4-4602-963a-f6a50efbd54c: receive RaftClientReply:client-19C32667576E->48affcab-e6e4-4602-963a-f6a50efbd54c@group-50C56EAF5137, cid=1872, SUCCESS, logIndex=0, commits[48affcab-e6e4-4602-963a-f6a50efbd54c:c2738, 7e391b60-07ae-4d97-a027-4756e468c032:c2734, c5f86d96-67df-4f25-bde3-316f439d30b3:c2732]
2019-08-23 18:29:04,001 | INFO  | DNAudit | user=null | ip=null | op=PUT_BLOCK {blockData=[blockId=conID: 2 locID: 102667710888411667 bcsId: 0,size=2097152]} | ret=SUCCESS |  
2019-08-23 18:29:04,007 | INFO  | DNAudit | user=null | ip=null | op=WRITE_CHUNK {blockData=conID: 2 locID: 102667710888411667 bcsId: 2734} | ret=SUCCESS |  
2019-08-23 18:29:04,010 | INFO  | DNAudit | user=null | ip=null | op=WRITE_CHUNK {blockData=conID: 2 locID: 102667710888411667 bcsId: 2734} | ret=SUCCESS |  
2019-08-23 18:29:04,010 | INFO  | DNAudit | user=null | ip=null | op=WRITE_CHUNK {blockData=conID: 2 locID: 102667710888411667 bcsId: 2734} | ret=SUCCESS |  
2019-08-23 18:29:04,012 | INFO  | DNAudit | user=null | ip=null | op=WRITE_CHUNK {blockData=conID: 2 locID: 102667710888411667 bcsId: 2734} | ret=SUCCESS |  
2019-08-23 18:29:04,013 | INFO  | DNAudit | user=null | ip=null | op=PUT_BLOCK {blockData=[blockId=conID: 2 locID: 102667710888411667 bcsId: 0,size=3145728]} | ret=SUCCESS |  
2019-08-23 18:29:04,013 [grpc-default-executor-3] INFO  client.GrpcClientProtocolClient (GrpcClientProtocolClient.java:onNext(255)) - client-19C32667576E->48affcab-e6e4-4602-963a-f6a50efbd54c: receive RaftClientReply:client-19C32667576E->48affcab-e6e4-4602-963a-f6a50efbd54c@group-50C56EAF5137, cid=1873, SUCCESS, logIndex=2739, commits[48affcab-e6e4-4602-963a-f6a50efbd54c:c2740, 7e391b60-07ae-4d97-a027-4756e468c032:c2738, c5f86d96-67df-4f25-bde3-316f439d30b3:c2738]
2019-08-23 18:29:04,013 [grpc-default-executor-3] INFO  client.GrpcClientProtocolClient (GrpcClientProtocolClient.java:onNext(255)) - client-19C32667576E->48affcab-e6e4-4602-963a-f6a50efbd54c: receive RaftClientReply:client-19C32667576E->48affcab-e6e4-4602-963a-f6a50efbd54c@group-50C56EAF5137, cid=1874, SUCCESS, logIndex=2740, commits[48affcab-e6e4-4602-963a-f6a50efbd54c:c2740, 7e391b60-07ae-4d97-a027-4756e468c032:c2738, c5f86d96-67df-4f25-bde3-316f439d30b3:c2738]
2019-08-23 18:29:04,014 | INFO  | DNAudit | user=null | ip=null | op=WRITE_CHUNK {blockData=conID: 2 locID: 102667710888411667 bcsId: 2734} | ret=SUCCESS |  
2019-08-23 18:29:04,014 | INFO  | DNAudit | user=null | ip=null | op=WRITE_CHUNK {blockData=conID: 2 locID: 102667710888411667 bcsId: 2734} | ret=SUCCESS |  
2019-08-23 18:29:04,014 | INFO  | DNAudit | user=null | ip=null | op=PUT_BLOCK {blockData=[blockId=conID: 2 locID: 102667710888411667 bcsId: 0,size=3145728]} | ret=SUCCESS |  
2019-08-23 18:29:04,014 | INFO  | DNAudit | user=null | ip=null | op=PUT_BLOCK {blockData=[blockId=conID: 2 locID: 102667710888411667 bcsId: 0,size=3145728]} | ret=SUCCESS |  
2019-08-23 18:29:04,019 | INFO  | DNAudit | user=null | ip=null | op=WRITE_CHUNK {blockData=conID: 2 locID: 102667710888411667 bcsId: 2740} | ret=SUCCESS |  
2019-08-23 18:29:04,022 | INFO  | DNAudit | user=null | ip=null | op=WRITE_CHUNK {blockData=conID: 2 locID: 102667710888411667 bcsId: 2740} | ret=SUCCESS |  
2019-08-23 18:29:04,022 | INFO  | DNAudit | user=null | ip=null | op=WRITE_CHUNK {blockData=conID: 2 locID: 102667710888411667 bcsId: 2740} | ret=SUCCESS |  
2019-08-23 18:29:04,024 | INFO  | DNAudit | user=null | ip=null | op=WRITE_CHUNK {blockData=conID: 2 locID: 102667710888411667 bcsId: 2740} | ret=SUCCESS |  
2019-08-23 18:29:04,024 | INFO  | DNAudit | user=null | ip=null | op=PUT_BLOCK {blockData=[blockId=conID: 2 locID: 102667710888411667 bcsId: 0,size=4194304]} | ret=SUCCESS |  
2019-08-23 18:29:04,024 [grpc-default-executor-0] INFO  client.GrpcClientProtocolClient (GrpcClientProtocolClient.java:onNext(255)) - client-19C32667576E->48affcab-e6e4-4602-963a-f6a50efbd54c: receive RaftClientReply:client-19C32667576E->48affcab-e6e4-4602-963a-f6a50efbd54c@group-50C56EAF5137, cid=1875, SUCCESS, logIndex=2743, commits[48affcab-e6e4-4602-963a-f6a50efbd54c:c2744, 7e391b60-07ae-4d97-a027-4756e468c032:c2740, c5f86d96-67df-4f25-bde3-316f439d30b3:c2742]
2019-08-23 18:29:04,025 [grpc-default-executor-0] INFO  client.GrpcClientProtocolClient (GrpcClientProtocolClient.java:onNext(255)) - client-19C32667576E->48affcab-e6e4-4602-963a-f6a50efbd54c: receive RaftClientReply:client-19C32667576E->48affcab-e6e4-4602-963a-f6a50efbd54c@group-50C56EAF5137, cid=1876, SUCCESS, logIndex=2744, commits[48affcab-e6e4-4602-963a-f6a50efbd54c:c2744, 7e391b60-07ae-4d97-a027-4756e468c032:c2742, c5f86d96-67df-4f25-bde3-316f439d30b3:c2742]
2019-08-23 18:29:04,025 | INFO  | DNAudit | user=null | ip=null | op=WRITE_CHUNK {blockData=conID: 2 locID: 102667710888411667 bcsId: 2740} | ret=SUCCESS |  
2019-08-23 18:29:04,025 | INFO  | DNAudit | user=null | ip=null | op=WRITE_CHUNK {blockData=conID: 2 locID: 102667710888411667 bcsId: 2740} | ret=SUCCESS |  
2019-08-23 18:29:04,025 | INFO  | DNAudit | user=null | ip=null | op=PUT_BLOCK {blockData=[blockId=conID: 2 locID: 102667710888411667 bcsId: 0,size=4194304]} | ret=SUCCESS |  
2019-08-23 18:29:04,026 | INFO  | DNAudit | user=null | ip=null | op=PUT_BLOCK {blockData=[blockId=conID: 2 locID: 102667710888411667 bcsId: 0,size=4194304]} | ret=SUCCESS |  
2019-08-23 18:29:04,026 [grpc-default-executor-3] INFO  client.GrpcClientProtocolClient (GrpcClientProtocolClient.java:onNext(255)) - client-19C32667576E->48affcab-e6e4-4602-963a-f6a50efbd54c: receive RaftClientReply:client-19C32667576E->48affcab-e6e4-4602-963a-f6a50efbd54c@group-50C56EAF5137, cid=1877, SUCCESS, logIndex=0, commits[48affcab-e6e4-4602-963a-f6a50efbd54c:c2745, 7e391b60-07ae-4d97-a027-4756e468c032:c2744, c5f86d96-67df-4f25-bde3-316f439d30b3:c2744]
2019-08-23 18:29:04,030 | INFO  | SCMAudit | user=jenkins1000 | ip=192.168.34.23 | op=ALLOCATE_BLOCK {owner=1ceb8b80-28f1-43fd-86c3-175afc07b8d1, size=4194304, type=RATIS, factor=THREE} | ret=SUCCESS |  
2019-08-23 18:29:04,032 | INFO  | OMAudit | user=jenkins1000 | ip=127.0.0.1 | op=ALLOCATE_BLOCK {volume=vol-0-45438, bucket=bucket-0-23891, key=key-0-22455, dataSize=0, replicationType=null, replicationFactor=null, keyLocationInfo=null, clientID=102667710122492306} | ret=SUCCESS |  
2019-08-23 18:29:04,038 | INFO  | DNAudit | user=null | ip=null | op=WRITE_CHUNK {blockData=conID: 3 locID: 102667710891885076 bcsId: 0} | ret=SUCCESS |  
2019-08-23 18:29:04,040 | INFO  | DNAudit | user=null | ip=null | op=WRITE_CHUNK {blockData=conID: 3 locID: 102667710891885076 bcsId: 0} | ret=SUCCESS |  
2019-08-23 18:29:04,041 | INFO  | DNAudit | user=null | ip=null | op=WRITE_CHUNK {blockData=conID: 3 locID: 102667710891885076 bcsId: 0} | ret=SUCCESS |  
2019-08-23 18:29:04,041 | INFO  | DNAudit | user=null | ip=null | op=WRITE_CHUNK {blockData=conID: 3 locID: 102667710891885076 bcsId: 0} | ret=SUCCESS |  
2019-08-23 18:29:04,042 | INFO  | DNAudit | user=null | ip=null | op=WRITE_CHUNK {blockData=conID: 3 locID: 102667710891885076 bcsId: 0} | ret=SUCCESS |  
2019-08-23 18:29:04,042 | INFO  | DNAudit | user=null | ip=null | op=WRITE_CHUNK {blockData=conID: 3 locID: 102667710891885076 bcsId: 0} | ret=SUCCESS |  
2019-08-23 18:29:04,044 | INFO  | DNAudit | user=null | ip=null | op=WRITE_CHUNK {blockData=conID: 3 locID: 102667710891885076 bcsId: 0} | ret=SUCCESS |  
2019-08-23 18:29:04,044 | INFO  | DNAudit | user=null | ip=null | op=PUT_BLOCK {blockData=[blockId=conID: 3 locID: 102667710891885076 bcsId: 0,size=1048576]} | ret=SUCCESS |  
2019-08-23 18:29:04,045 | INFO  | DNAudit | user=null | ip=null | op=WRITE_CHUNK {blockData=conID: 3 locID: 102667710891885076 bcsId: 0} | ret=SUCCESS |  
2019-08-23 18:29:04,045 [grpc-default-executor-0] INFO  client.GrpcClientProtocolClient (GrpcClientProtocolClient.java:onNext(255)) - client-19C32667576E->48affcab-e6e4-4602-963a-f6a50efbd54c: receive RaftClientReply:client-19C32667576E->48affcab-e6e4-4602-963a-f6a50efbd54c@group-50C56EAF5137, cid=1878, SUCCESS, logIndex=2747, commits[48affcab-e6e4-4602-963a-f6a50efbd54c:c2750, 7e391b60-07ae-4d97-a027-4756e468c032:c2746, c5f86d96-67df-4f25-bde3-316f439d30b3:c2746]
2019-08-23 18:29:04,045 | INFO  | DNAudit | user=null | ip=null | op=PUT_BLOCK {blockData=[blockId=conID: 3 locID: 102667710891885076 bcsId: 0,size=2097152]} | ret=SUCCESS |  
2019-08-23 18:29:04,045 [grpc-default-executor-0] INFO  client.GrpcClientProtocolClient (GrpcClientProtocolClient.java:onNext(255)) - client-19C32667576E->48affcab-e6e4-4602-963a-f6a50efbd54c: receive RaftClientReply:client-19C32667576E->48affcab-e6e4-4602-963a-f6a50efbd54c@group-50C56EAF5137, cid=1879, SUCCESS, logIndex=2748, commits[48affcab-e6e4-4602-963a-f6a50efbd54c:c2750, 7e391b60-07ae-4d97-a027-4756e468c032:c2746, c5f86d96-67df-4f25-bde3-316f439d30b3:c2746]
2019-08-23 18:29:04,045 [grpc-default-executor-0] INFO  client.GrpcClientProtocolClient (GrpcClientProtocolClient.java:onNext(255)) - client-19C32667576E->48affcab-e6e4-4602-963a-f6a50efbd54c: receive RaftClientReply:client-19C32667576E->48affcab-e6e4-4602-963a-f6a50efbd54c@group-50C56EAF5137, cid=1880, SUCCESS, logIndex=2749, commits[48affcab-e6e4-4602-963a-f6a50efbd54c:c2750, 7e391b60-07ae-4d97-a027-4756e468c032:c2746, c5f86d96-67df-4f25-bde3-316f439d30b3:c2746]
2019-08-23 18:29:04,045 [grpc-default-executor-0] INFO  client.GrpcClientProtocolClient (GrpcClientProtocolClient.java:onNext(255)) - client-19C32667576E->48affcab-e6e4-4602-963a-f6a50efbd54c: receive RaftClientReply:client-19C32667576E->48affcab-e6e4-4602-963a-f6a50efbd54c@group-50C56EAF5137, cid=1881, SUCCESS, logIndex=2750, commits[48affcab-e6e4-4602-963a-f6a50efbd54c:c2750, 7e391b60-07ae-4d97-a027-4756e468c032:c2746, c5f86d96-67df-4f25-bde3-316f439d30b3:c2746]
2019-08-23 18:29:04,047 | INFO  | DNAudit | user=null | ip=null | op=WRITE_CHUNK {blockData=conID: 3 locID: 102667710891885076 bcsId: 0} | ret=SUCCESS |  
2019-08-23 18:29:04,047 | INFO  | DNAudit | user=null | ip=null | op=WRITE_CHUNK {blockData=conID: 3 locID: 102667710891885076 bcsId: 0} | ret=SUCCESS |  
2019-08-23 18:29:04,047 | INFO  | DNAudit | user=null | ip=null | op=PUT_BLOCK {blockData=[blockId=conID: 3 locID: 102667710891885076 bcsId: 0,size=1048576]} | ret=SUCCESS |  
2019-08-23 18:29:04,047 | INFO  | DNAudit | user=null | ip=null | op=PUT_BLOCK {blockData=[blockId=conID: 3 locID: 102667710891885076 bcsId: 0,size=1048576]} | ret=SUCCESS |  
2019-08-23 18:29:04,047 [grpc-default-executor-0] INFO  client.GrpcClientProtocolClient (GrpcClientProtocolClient.java:onNext(255)) - client-19C32667576E->48affcab-e6e4-4602-963a-f6a50efbd54c: receive RaftClientReply:client-19C32667576E->48affcab-e6e4-4602-963a-f6a50efbd54c@group-50C56EAF5137, cid=1882, SUCCESS, logIndex=0, commits[48affcab-e6e4-4602-963a-f6a50efbd54c:c2751, 7e391b60-07ae-4d97-a027-4756e468c032:c2748, c5f86d96-67df-4f25-bde3-316f439d30b3:c2748]
2019-08-23 18:29:04,049 | INFO  | DNAudit | user=null | ip=null | op=WRITE_CHUNK {blockData=conID: 3 locID: 102667710891885076 bcsId: 0} | ret=SUCCESS |  
2019-08-23 18:29:04,049 | INFO  | DNAudit | user=null | ip=null | op=WRITE_CHUNK {blockData=conID: 3 locID: 102667710891885076 bcsId: 0} | ret=SUCCESS |  
2019-08-23 18:29:04,049 | INFO  | DNAudit | user=null | ip=null | op=PUT_BLOCK {blockData=[blockId=conID: 3 locID: 102667710891885076 bcsId: 0,size=2097152]} | ret=SUCCESS |  
2019-08-23 18:29:04,049 | INFO  | DNAudit | user=null | ip=null | op=PUT_BLOCK {blockData=[blockId=conID: 3 locID: 102667710891885076 bcsId: 0,size=2097152]} | ret=SUCCESS |  
2019-08-23 18:29:04,052 | INFO  | DNAudit | user=null | ip=null | op=WRITE_CHUNK {blockData=conID: 3 locID: 102667710891885076 bcsId: 2750} | ret=SUCCESS |  
2019-08-23 18:29:04,055 | INFO  | DNAudit | user=null | ip=null | op=WRITE_CHUNK {blockData=conID: 3 locID: 102667710891885076 bcsId: 2750} | ret=SUCCESS |  
2019-08-23 18:29:04,055 | INFO  | DNAudit | user=null | ip=null | op=WRITE_CHUNK {blockData=conID: 3 locID: 102667710891885076 bcsId: 2750} | ret=SUCCESS |  
2019-08-23 18:29:04,058 | INFO  | DNAudit | user=null | ip=null | op=WRITE_CHUNK {blockData=conID: 3 locID: 102667710891885076 bcsId: 2750} | ret=SUCCESS |  
2019-08-23 18:29:04,058 | INFO  | DNAudit | user=null | ip=null | op=PUT_BLOCK {blockData=[blockId=conID: 3 locID: 102667710891885076 bcsId: 0,size=3145728]} | ret=SUCCESS |  
2019-08-23 18:29:04,058 [grpc-default-executor-4] INFO  client.GrpcClientProtocolClient (GrpcClientProtocolClient.java:onNext(255)) - client-19C32667576E->48affcab-e6e4-4602-963a-f6a50efbd54c: receive RaftClientReply:client-19C32667576E->48affcab-e6e4-4602-963a-f6a50efbd54c@group-50C56EAF5137, cid=1883, SUCCESS, logIndex=2754, commits[48affcab-e6e4-4602-963a-f6a50efbd54c:c2755, 7e391b60-07ae-4d97-a027-4756e468c032:c2753, c5f86d96-67df-4f25-bde3-316f439d30b3:c2750]
2019-08-23 18:29:04,058 [grpc-default-executor-4] INFO  client.GrpcClientProtocolClient (GrpcClientProtocolClient.java:onNext(255)) - client-19C32667576E->48affcab-e6e4-4602-963a-f6a50efbd54c: receive RaftClientReply:client-19C32667576E->48affcab-e6e4-4602-963a-f6a50efbd54c@group-50C56EAF5137, cid=1884, SUCCESS, logIndex=2755, commits[48affcab-e6e4-4602-963a-f6a50efbd54c:c2755, 7e391b60-07ae-4d97-a027-4756e468c032:c2753, c5f86d96-67df-4f25-bde3-316f439d30b3:c2753]
2019-08-23 18:29:04,059 | INFO  | DNAudit | user=null | ip=null | op=WRITE_CHUNK {blockData=conID: 3 locID: 102667710891885076 bcsId: 2750} | ret=SUCCESS |  
2019-08-23 18:29:04,059 | INFO  | DNAudit | user=null | ip=null | op=WRITE_CHUNK {blockData=conID: 3 locID: 102667710891885076 bcsId: 2750} | ret=SUCCESS |  
2019-08-23 18:29:04,059 | INFO  | DNAudit | user=null | ip=null | op=PUT_BLOCK {blockData=[blockId=conID: 3 locID: 102667710891885076 bcsId: 0,size=3145728]} | ret=SUCCESS |  
2019-08-23 18:29:04,060 | INFO  | DNAudit | user=null | ip=null | op=PUT_BLOCK {blockData=[blockId=conID: 3 locID: 102667710891885076 bcsId: 0,size=3145728]} | ret=SUCCESS |  
2019-08-23 18:29:04,064 | INFO  | DNAudit | user=null | ip=null | op=WRITE_CHUNK {blockData=conID: 3 locID: 102667710891885076 bcsId: 2755} | ret=SUCCESS |  
2019-08-23 18:29:04,066 | INFO  | DNAudit | user=null | ip=null | op=WRITE_CHUNK {blockData=conID: 3 locID: 102667710891885076 bcsId: 2755} | ret=SUCCESS |  
2019-08-23 18:29:04,066 | INFO  | DNAudit | user=null | ip=null | op=WRITE_CHUNK {blockData=conID: 3 locID: 102667710891885076 bcsId: 2755} | ret=SUCCESS |  
2019-08-23 18:29:04,068 | INFO  | DNAudit | user=null | ip=null | op=WRITE_CHUNK {blockData=conID: 3 locID: 102667710891885076 bcsId: 2755} | ret=SUCCESS |  
2019-08-23 18:29:04,069 | INFO  | DNAudit | user=null | ip=null | op=PUT_BLOCK {blockData=[blockId=conID: 3 locID: 102667710891885076 bcsId: 0,size=4194304]} | ret=SUCCESS |  
2019-08-23 18:29:04,069 [grpc-default-executor-4] INFO  client.GrpcClientProtocolClient (GrpcClientProtocolClient.java:onNext(255)) - client-19C32667576E->48affcab-e6e4-4602-963a-f6a50efbd54c: receive RaftClientReply:client-19C32667576E->48affcab-e6e4-4602-963a-f6a50efbd54c@group-50C56EAF5137, cid=1885, SUCCESS, logIndex=2758, commits[48affcab-e6e4-4602-963a-f6a50efbd54c:c2759, 7e391b60-07ae-4d97-a027-4756e468c032:c2757, c5f86d96-67df-4f25-bde3-316f439d30b3:c2755]
2019-08-23 18:29:04,069 [grpc-default-executor-4] INFO  client.GrpcClientProtocolClient (GrpcClientProtocolClient.java:onNext(255)) - client-19C32667576E->48affcab-e6e4-4602-963a-f6a50efbd54c: receive RaftClientReply:client-19C32667576E->48affcab-e6e4-4602-963a-f6a50efbd54c@group-50C56EAF5137, cid=1886, SUCCESS, logIndex=2759, commits[48affcab-e6e4-4602-963a-f6a50efbd54c:c2759, 7e391b60-07ae-4d97-a027-4756e468c032:c2757, c5f86d96-67df-4f25-bde3-316f439d30b3:c2757]
2019-08-23 18:29:04,069 | INFO  | DNAudit | user=null | ip=null | op=WRITE_CHUNK {blockData=conID: 3 locID: 102667710891885076 bcsId: 2755} | ret=SUCCESS |  
2019-08-23 18:29:04,069 | INFO  | DNAudit | user=null | ip=null | op=WRITE_CHUNK {blockData=conID: 3 locID: 102667710891885076 bcsId: 2755} | ret=SUCCESS |  
2019-08-23 18:29:04,070 | INFO  | DNAudit | user=null | ip=null | op=PUT_BLOCK {blockData=[blockId=conID: 3 locID: 102667710891885076 bcsId: 0,size=4194304]} | ret=SUCCESS |  
2019-08-23 18:29:04,070 | INFO  | DNAudit | user=null | ip=null | op=PUT_BLOCK {blockData=[blockId=conID: 3 locID: 102667710891885076 bcsId: 0,size=4194304]} | ret=SUCCESS |  
2019-08-23 18:29:04,070 [grpc-default-executor-4] INFO  client.GrpcClientProtocolClient (GrpcClientProtocolClient.java:onNext(255)) - client-19C32667576E->48affcab-e6e4-4602-963a-f6a50efbd54c: receive RaftClientReply:client-19C32667576E->48affcab-e6e4-4602-963a-f6a50efbd54c@group-50C56EAF5137, cid=1887, SUCCESS, logIndex=0, commits[48affcab-e6e4-4602-963a-f6a50efbd54c:c2760, 7e391b60-07ae-4d97-a027-4756e468c032:c2759, c5f86d96-67df-4f25-bde3-316f439d30b3:c2759]
2019-08-23 18:29:04,074 | INFO  | SCMAudit | user=jenkins1000 | ip=192.168.34.23 | op=ALLOCATE_BLOCK {owner=1ceb8b80-28f1-43fd-86c3-175afc07b8d1, size=4194304, type=RATIS, factor=THREE} | ret=SUCCESS |  
2019-08-23 18:29:04,076 | INFO  | OMAudit | user=jenkins1000 | ip=127.0.0.1 | op=ALLOCATE_BLOCK {volume=vol-0-45438, bucket=bucket-0-23891, key=key-0-22455, dataSize=0, replicationType=null, replicationFactor=null, keyLocationInfo=null, clientID=102667710122492306} | ret=SUCCESS |  
2019-08-23 18:29:04,082 | INFO  | DNAudit | user=null | ip=null | op=WRITE_CHUNK {blockData=conID: 1 locID: 102667710894834197 bcsId: 0} | ret=SUCCESS |  
2019-08-23 18:29:04,084 | INFO  | DNAudit | user=null | ip=null | op=WRITE_CHUNK {blockData=conID: 1 locID: 102667710894834197 bcsId: 0} | ret=SUCCESS |  
2019-08-23 18:29:04,084 | INFO  | DNAudit | user=null | ip=null | op=WRITE_CHUNK {blockData=conID: 1 locID: 102667710894834197 bcsId: 0} | ret=SUCCESS |  
2019-08-23 18:29:04,085 | INFO  | DNAudit | user=null | ip=null | op=WRITE_CHUNK {blockData=conID: 1 locID: 102667710894834197 bcsId: 0} | ret=SUCCESS |  
2019-08-23 18:29:04,086 | INFO  | DNAudit | user=null | ip=null | op=WRITE_CHUNK {blockData=conID: 1 locID: 102667710894834197 bcsId: 0} | ret=SUCCESS |  
2019-08-23 18:29:04,087 | INFO  | DNAudit | user=null | ip=null | op=WRITE_CHUNK {blockData=conID: 1 locID: 102667710894834197 bcsId: 0} | ret=SUCCESS |  
2019-08-23 18:29:04,088 | INFO  | DNAudit | user=null | ip=null | op=WRITE_CHUNK {blockData=conID: 1 locID: 102667710894834197 bcsId: 0} | ret=SUCCESS |  
2019-08-23 18:29:04,089 | INFO  | DNAudit | user=null | ip=null | op=PUT_BLOCK {blockData=[blockId=conID: 1 locID: 102667710894834197 bcsId: 0,size=1048576]} | ret=SUCCESS |  
2019-08-23 18:29:04,089 | INFO  | DNAudit | user=null | ip=null | op=WRITE_CHUNK {blockData=conID: 1 locID: 102667710894834197 bcsId: 0} | ret=SUCCESS |  
2019-08-23 18:29:04,089 [grpc-default-executor-0] INFO  client.GrpcClientProtocolClient (GrpcClientProtocolClient.java:onNext(255)) - client-19C32667576E->48affcab-e6e4-4602-963a-f6a50efbd54c: receive RaftClientReply:client-19C32667576E->48affcab-e6e4-4602-963a-f6a50efbd54c@group-50C56EAF5137, cid=1888, SUCCESS, logIndex=2762, commits[48affcab-e6e4-4602-963a-f6a50efbd54c:c2764, 7e391b60-07ae-4d97-a027-4756e468c032:c2759, c5f86d96-67df-4f25-bde3-316f439d30b3:c2761]
2019-08-23 18:29:04,089 | INFO  | DNAudit | user=null | ip=null | op=PUT_BLOCK {blockData=[blockId=conID: 1 locID: 102667710894834197 bcsId: 0,size=2097152]} | ret=SUCCESS |  
2019-08-23 18:29:04,089 [grpc-default-executor-0] INFO  client.GrpcClientProtocolClient (GrpcClientProtocolClient.java:onNext(255)) - client-19C32667576E->48affcab-e6e4-4602-963a-f6a50efbd54c: receive RaftClientReply:client-19C32667576E->48affcab-e6e4-4602-963a-f6a50efbd54c@group-50C56EAF5137, cid=1889, SUCCESS, logIndex=2763, commits[48affcab-e6e4-4602-963a-f6a50efbd54c:c2765, 7e391b60-07ae-4d97-a027-4756e468c032:c2761, c5f86d96-67df-4f25-bde3-316f439d30b3:c2761]
2019-08-23 18:29:04,089 [grpc-default-executor-0] INFO  client.GrpcClientProtocolClient (GrpcClientProtocolClient.java:onNext(255)) - client-19C32667576E->48affcab-e6e4-4602-963a-f6a50efbd54c: receive RaftClientReply:client-19C32667576E->48affcab-e6e4-4602-963a-f6a50efbd54c@group-50C56EAF5137, cid=1890, SUCCESS, logIndex=2764, commits[48affcab-e6e4-4602-963a-f6a50efbd54c:c2765, 7e391b60-07ae-4d97-a027-4756e468c032:c2761, c5f86d96-67df-4f25-bde3-316f439d30b3:c2761]
2019-08-23 18:29:04,090 | INFO  | DNAudit | user=null | ip=null | op=WRITE_CHUNK {blockData=conID: 1 locID: 102667710894834197 bcsId: 0} | ret=SUCCESS |  
2019-08-23 18:29:04,090 [grpc-default-executor-0] INFO  client.GrpcClientProtocolClient (GrpcClientProtocolClient.java:onNext(255)) - client-19C32667576E->48affcab-e6e4-4602-963a-f6a50efbd54c: receive RaftClientReply:client-19C32667576E->48affcab-e6e4-4602-963a-f6a50efbd54c@group-50C56EAF5137, cid=1891, SUCCESS, logIndex=2765, commits[48affcab-e6e4-4602-963a-f6a50efbd54c:c2765, 7e391b60-07ae-4d97-a027-4756e468c032:c2761, c5f86d96-67df-4f25-bde3-316f439d30b3:c2761]
2019-08-23 18:29:04,090 | INFO  | DNAudit | user=null | ip=null | op=WRITE_CHUNK {blockData=conID: 1 locID: 102667710894834197 bcsId: 0} | ret=SUCCESS |  
2019-08-23 18:29:04,090 | INFO  | DNAudit | user=null | ip=null | op=PUT_BLOCK {blockData=[blockId=conID: 1 locID: 102667710894834197 bcsId: 0,size=1048576]} | ret=SUCCESS |  
2019-08-23 18:29:04,091 | INFO  | DNAudit | user=null | ip=null | op=PUT_BLOCK {blockData=[blockId=conID: 1 locID: 102667710894834197 bcsId: 0,size=1048576]} | ret=SUCCESS |  
2019-08-23 18:29:04,091 | INFO  | DNAudit | user=null | ip=null | op=WRITE_CHUNK {blockData=conID: 1 locID: 102667710894834197 bcsId: 0} | ret=SUCCESS |  
2019-08-23 18:29:04,091 | INFO  | DNAudit | user=null | ip=null | op=PUT_BLOCK {blockData=[blockId=conID: 1 locID: 102667710894834197 bcsId: 0,size=2097152]} | ret=SUCCESS |  
2019-08-23 18:29:04,091 [grpc-default-executor-0] INFO  client.GrpcClientProtocolClient (GrpcClientProtocolClient.java:onNext(255)) - client-19C32667576E->48affcab-e6e4-4602-963a-f6a50efbd54c: receive RaftClientReply:client-19C32667576E->48affcab-e6e4-4602-963a-f6a50efbd54c@group-50C56EAF5137, cid=1892, SUCCESS, logIndex=0, commits[48affcab-e6e4-4602-963a-f6a50efbd54c:c2766, 7e391b60-07ae-4d97-a027-4756e468c032:c2763, c5f86d96-67df-4f25-bde3-316f439d30b3:c2763]
2019-08-23 18:29:04,091 | INFO  | DNAudit | user=null | ip=null | op=WRITE_CHUNK {blockData=conID: 1 locID: 102667710894834197 bcsId: 0} | ret=SUCCESS |  
2019-08-23 18:29:04,092 | INFO  | DNAudit | user=null | ip=null | op=PUT_BLOCK {blockData=[blockId=conID: 1 locID: 102667710894834197 bcsId: 0,size=2097152]} | ret=SUCCESS |  
2019-08-23 18:29:04,097 | INFO  | DNAudit | user=null | ip=null | op=WRITE_CHUNK {blockData=conID: 1 locID: 102667710894834197 bcsId: 2765} | ret=SUCCESS |  
2019-08-23 18:29:04,099 | INFO  | DNAudit | user=null | ip=null | op=WRITE_CHUNK {blockData=conID: 1 locID: 102667710894834197 bcsId: 2765} | ret=SUCCESS |  
2019-08-23 18:29:04,100 | INFO  | DNAudit | user=null | ip=null | op=WRITE_CHUNK {blockData=conID: 1 locID: 102667710894834197 bcsId: 2765} | ret=SUCCESS |  
2019-08-23 18:29:04,102 | INFO  | DNAudit | user=null | ip=null | op=WRITE_CHUNK {blockData=conID: 1 locID: 102667710894834197 bcsId: 2765} | ret=SUCCESS |  
2019-08-23 18:29:04,102 | INFO  | DNAudit | user=null | ip=null | op=PUT_BLOCK {blockData=[blockId=conID: 1 locID: 102667710894834197 bcsId: 0,size=3145728]} | ret=SUCCESS |  
2019-08-23 18:29:04,102 [grpc-default-executor-0] INFO  client.GrpcClientProtocolClient (GrpcClientProtocolClient.java:onNext(255)) - client-19C32667576E->48affcab-e6e4-4602-963a-f6a50efbd54c: receive RaftClientReply:client-19C32667576E->48affcab-e6e4-4602-963a-f6a50efbd54c@group-50C56EAF5137, cid=1893, SUCCESS, logIndex=2770, commits[48affcab-e6e4-4602-963a-f6a50efbd54c:c2771, 7e391b60-07ae-4d97-a027-4756e468c032:c2765, c5f86d96-67df-4f25-bde3-316f439d30b3:c2769]
2019-08-23 18:29:04,103 [grpc-default-executor-0] INFO  client.GrpcClientProtocolClient (GrpcClientProtocolClient.java:onNext(255)) - client-19C32667576E->48affcab-e6e4-4602-963a-f6a50efbd54c: receive RaftClientReply:client-19C32667576E->48affcab-e6e4-4602-963a-f6a50efbd54c@group-50C56EAF5137, cid=1894, SUCCESS, logIndex=2771, commits[48affcab-e6e4-4602-963a-f6a50efbd54c:c2771, 7e391b60-07ae-4d97-a027-4756e468c032:c2769, c5f86d96-67df-4f25-bde3-316f439d30b3:c2769]
2019-08-23 18:29:04,104 | INFO  | DNAudit | user=null | ip=null | op=WRITE_CHUNK {blockData=conID: 1 locID: 102667710894834197 bcsId: 2765} | ret=SUCCESS |  
2019-08-23 18:29:04,104 | INFO  | DNAudit | user=null | ip=null | op=PUT_BLOCK {blockData=[blockId=conID: 1 locID: 102667710894834197 bcsId: 0,size=3145728]} | ret=SUCCESS |  
2019-08-23 18:29:04,105 | INFO  | DNAudit | user=null | ip=null | op=WRITE_CHUNK {blockData=conID: 1 locID: 102667710894834197 bcsId: 2765} | ret=SUCCESS |  
2019-08-23 18:29:04,105 | INFO  | DNAudit | user=null | ip=null | op=PUT_BLOCK {blockData=[blockId=conID: 1 locID: 102667710894834197 bcsId: 0,size=3145728]} | ret=SUCCESS |  
2019-08-23 18:29:04,108 | INFO  | DNAudit | user=null | ip=null | op=WRITE_CHUNK {blockData=conID: 1 locID: 102667710894834197 bcsId: 2771} | ret=SUCCESS |  
2019-08-23 18:29:04,110 | INFO  | DNAudit | user=null | ip=null | op=WRITE_CHUNK {blockData=conID: 1 locID: 102667710894834197 bcsId: 2771} | ret=SUCCESS |  
2019-08-23 18:29:04,111 | INFO  | DNAudit | user=null | ip=null | op=WRITE_CHUNK {blockData=conID: 1 locID: 102667710894834197 bcsId: 2771} | ret=SUCCESS |  
2019-08-23 18:29:04,112 | INFO  | DNAudit | user=null | ip=null | op=WRITE_CHUNK {blockData=conID: 1 locID: 102667710894834197 bcsId: 2771} | ret=SUCCESS |  
2019-08-23 18:29:04,112 | INFO  | DNAudit | user=null | ip=null | op=PUT_BLOCK {blockData=[blockId=conID: 1 locID: 102667710894834197 bcsId: 0,size=4194304]} | ret=SUCCESS |  
2019-08-23 18:29:04,112 [grpc-default-executor-0] INFO  client.GrpcClientProtocolClient (GrpcClientProtocolClient.java:onNext(255)) - client-19C32667576E->48affcab-e6e4-4602-963a-f6a50efbd54c: receive RaftClientReply:client-19C32667576E->48affcab-e6e4-4602-963a-f6a50efbd54c@group-50C56EAF5137, cid=1895, SUCCESS, logIndex=2774, commits[48affcab-e6e4-4602-963a-f6a50efbd54c:c2775, 7e391b60-07ae-4d97-a027-4756e468c032:c2771, c5f86d96-67df-4f25-bde3-316f439d30b3:c2773]
2019-08-23 18:29:04,113 [grpc-default-executor-0] INFO  client.GrpcClientProtocolClient (GrpcClientProtocolClient.java:onNext(255)) - client-19C32667576E->48affcab-e6e4-4602-963a-f6a50efbd54c: receive RaftClientReply:client-19C32667576E->48affcab-e6e4-4602-963a-f6a50efbd54c@group-50C56EAF5137, cid=1896, SUCCESS, logIndex=2775, commits[48affcab-e6e4-4602-963a-f6a50efbd54c:c2775, 7e391b60-07ae-4d97-a027-4756e468c032:c2771, c5f86d96-67df-4f25-bde3-316f439d30b3:c2773]
2019-08-23 18:29:04,114 | INFO  | DNAudit | user=null | ip=null | op=WRITE_CHUNK {blockData=conID: 1 locID: 102667710894834197 bcsId: 2771} | ret=SUCCESS |  
2019-08-23 18:29:04,114 | INFO  | DNAudit | user=null | ip=null | op=PUT_BLOCK {blockData=[blockId=conID: 1 locID: 102667710894834197 bcsId: 0,size=4194304]} | ret=SUCCESS |  
2019-08-23 18:29:04,114 | INFO  | DNAudit | user=null | ip=null | op=WRITE_CHUNK {blockData=conID: 1 locID: 102667710894834197 bcsId: 2771} | ret=SUCCESS |  
2019-08-23 18:29:04,114 | INFO  | DNAudit | user=null | ip=null | op=PUT_BLOCK {blockData=[blockId=conID: 1 locID: 102667710894834197 bcsId: 0,size=4194304]} | ret=SUCCESS |  
2019-08-23 18:29:04,115 [grpc-default-executor-4] INFO  client.GrpcClientProtocolClient (GrpcClientProtocolClient.java:onNext(255)) - client-19C32667576E->48affcab-e6e4-4602-963a-f6a50efbd54c: receive RaftClientReply:client-19C32667576E->48affcab-e6e4-4602-963a-f6a50efbd54c@group-50C56EAF5137, cid=1897, SUCCESS, logIndex=0, commits[48affcab-e6e4-4602-963a-f6a50efbd54c:c2776, 7e391b60-07ae-4d97-a027-4756e468c032:c2775, c5f86d96-67df-4f25-bde3-316f439d30b3:c2775]
2019-08-23 18:29:04,118 | INFO  | SCMAudit | user=jenkins1000 | ip=192.168.34.23 | op=ALLOCATE_BLOCK {owner=1ceb8b80-28f1-43fd-86c3-175afc07b8d1, size=4194304, type=RATIS, factor=THREE} | ret=SUCCESS |  
2019-08-23 18:29:04,121 | INFO  | OMAudit | user=jenkins1000 | ip=127.0.0.1 | op=ALLOCATE_BLOCK {volume=vol-0-45438, bucket=bucket-0-23891, key=key-0-22455, dataSize=0, replicationType=null, replicationFactor=null, keyLocationInfo=null, clientID=102667710122492306} | ret=SUCCESS |  
2019-08-23 18:29:04,127 | INFO  | DNAudit | user=null | ip=null | op=WRITE_CHUNK {blockData=conID: 2 locID: 102667710897717782 bcsId: 0} | ret=SUCCESS |  
2019-08-23 18:29:04,130 | INFO  | DNAudit | user=null | ip=null | op=WRITE_CHUNK {blockData=conID: 2 locID: 102667710897717782 bcsId: 0} | ret=SUCCESS |  
2019-08-23 18:29:04,130 | INFO  | DNAudit | user=null | ip=null | op=WRITE_CHUNK {blockData=conID: 2 locID: 102667710897717782 bcsId: 0} | ret=SUCCESS |  
2019-08-23 18:29:04,130 | INFO  | DNAudit | user=null | ip=null | op=WRITE_CHUNK {blockData=conID: 2 locID: 102667710897717782 bcsId: 0} | ret=SUCCESS |  
2019-08-23 18:29:04,132 | INFO  | DNAudit | user=null | ip=null | op=WRITE_CHUNK {blockData=conID: 2 locID: 102667710897717782 bcsId: 0} | ret=SUCCESS |  
2019-08-23 18:29:04,132 | INFO  | DNAudit | user=null | ip=null | op=WRITE_CHUNK {blockData=conID: 2 locID: 102667710897717782 bcsId: 0} | ret=SUCCESS |  
2019-08-23 18:29:04,195 | INFO  | DNAudit | user=null | ip=null | op=WRITE_CHUNK {blockData=conID: 2 locID: 102667710897717782 bcsId: 0} | ret=SUCCESS |  
2019-08-23 18:29:04,195 | INFO  | DNAudit | user=null | ip=null | op=PUT_BLOCK {blockData=[blockId=conID: 2 locID: 102667710897717782 bcsId: 0,size=1048576]} | ret=SUCCESS |  
2019-08-23 18:29:04,195 [grpc-default-executor-0] INFO  client.GrpcClientProtocolClient (GrpcClientProtocolClient.java:onNext(255)) - client-19C32667576E->48affcab-e6e4-4602-963a-f6a50efbd54c: receive RaftClientReply:client-19C32667576E->48affcab-e6e4-4602-963a-f6a50efbd54c@group-50C56EAF5137, cid=1898, SUCCESS, logIndex=2778, commits[48affcab-e6e4-4602-963a-f6a50efbd54c:c2779, 7e391b60-07ae-4d97-a027-4756e468c032:c2777, c5f86d96-67df-4f25-bde3-316f439d30b3:c2775]
2019-08-23 18:29:04,195 [grpc-default-executor-0] INFO  client.GrpcClientProtocolClient (GrpcClientProtocolClient.java:onNext(255)) - client-19C32667576E->48affcab-e6e4-4602-963a-f6a50efbd54c: receive RaftClientReply:client-19C32667576E->48affcab-e6e4-4602-963a-f6a50efbd54c@group-50C56EAF5137, cid=1899, SUCCESS, logIndex=2779, commits[48affcab-e6e4-4602-963a-f6a50efbd54c:c2779, 7e391b60-07ae-4d97-a027-4756e468c032:c2777, c5f86d96-67df-4f25-bde3-316f439d30b3:c2775]
2019-08-23 18:29:04,205 | INFO  | DNAudit | user=null | ip=null | op=WRITE_CHUNK {blockData=conID: 2 locID: 102667710897717782 bcsId: 0} | ret=SUCCESS |  
2019-08-23 18:29:04,205 | INFO  | DNAudit | user=null | ip=null | op=WRITE_CHUNK {blockData=conID: 2 locID: 102667710897717782 bcsId: 0} | ret=SUCCESS |  
2019-08-23 18:29:04,205 | INFO  | DNAudit | user=null | ip=null | op=PUT_BLOCK {blockData=[blockId=conID: 2 locID: 102667710897717782 bcsId: 0,size=1048576]} | ret=SUCCESS |  
2019-08-23 18:29:04,206 | INFO  | DNAudit | user=null | ip=null | op=PUT_BLOCK {blockData=[blockId=conID: 2 locID: 102667710897717782 bcsId: 0,size=2097152]} | ret=SUCCESS |  
2019-08-23 18:29:04,206 [grpc-default-executor-5] INFO  client.GrpcClientProtocolClient (GrpcClientProtocolClient.java:onNext(255)) - client-19C32667576E->48affcab-e6e4-4602-963a-f6a50efbd54c: receive RaftClientReply:client-19C32667576E->48affcab-e6e4-4602-963a-f6a50efbd54c@group-50C56EAF5137, cid=1900, SUCCESS, logIndex=2780, commits[48affcab-e6e4-4602-963a-f6a50efbd54c:c2782, 7e391b60-07ae-4d97-a027-4756e468c032:c2779, c5f86d96-67df-4f25-bde3-316f439d30b3:c2775]
2019-08-23 18:29:04,206 | INFO  | DNAudit | user=null | ip=null | op=WRITE_CHUNK {blockData=conID: 2 locID: 102667710897717782 bcsId: 0} | ret=SUCCESS |  
2019-08-23 18:29:04,206 | INFO  | DNAudit | user=null | ip=null | op=PUT_BLOCK {blockData=[blockId=conID: 2 locID: 102667710897717782 bcsId: 0,size=1048576]} | ret=SUCCESS |  
2019-08-23 18:29:04,206 [grpc-default-executor-0] INFO  client.GrpcClientProtocolClient (GrpcClientProtocolClient.java:onNext(255)) - client-19C32667576E->48affcab-e6e4-4602-963a-f6a50efbd54c: receive RaftClientReply:client-19C32667576E->48affcab-e6e4-4602-963a-f6a50efbd54c@group-50C56EAF5137, cid=1901, SUCCESS, logIndex=2781, commits[48affcab-e6e4-4602-963a-f6a50efbd54c:c2783, 7e391b60-07ae-4d97-a027-4756e468c032:c2779, c5f86d96-67df-4f25-bde3-316f439d30b3:c2777]
2019-08-23 18:29:04,206 | INFO  | DNAudit | user=null | ip=null | op=WRITE_CHUNK {blockData=conID: 2 locID: 102667710897717782 bcsId: 0} | ret=SUCCESS |  
2019-08-23 18:29:04,207 | INFO  | DNAudit | user=null | ip=null | op=PUT_BLOCK {blockData=[blockId=conID: 2 locID: 102667710897717782 bcsId: 0,size=2097152]} | ret=SUCCESS |  
2019-08-23 18:29:04,207 [grpc-default-executor-5] INFO  client.GrpcClientProtocolClient (GrpcClientProtocolClient.java:onNext(255)) - client-19C32667576E->48affcab-e6e4-4602-963a-f6a50efbd54c: receive RaftClientReply:client-19C32667576E->48affcab-e6e4-4602-963a-f6a50efbd54c@group-50C56EAF5137, cid=1902, SUCCESS, logIndex=0, commits[48affcab-e6e4-4602-963a-f6a50efbd54c:c2783, 7e391b60-07ae-4d97-a027-4756e468c032:c2781, c5f86d96-67df-4f25-bde3-316f439d30b3:c2779]
2019-08-23 18:29:04,207 | INFO  | DNAudit | user=null | ip=null | op=WRITE_CHUNK {blockData=conID: 2 locID: 102667710897717782 bcsId: 0} | ret=SUCCESS |  
2019-08-23 18:29:04,208 | INFO  | DNAudit | user=null | ip=null | op=PUT_BLOCK {blockData=[blockId=conID: 2 locID: 102667710897717782 bcsId: 0,size=2097152]} | ret=SUCCESS |  
2019-08-23 18:29:04,213 | INFO  | DNAudit | user=null | ip=null | op=WRITE_CHUNK {blockData=conID: 2 locID: 102667710897717782 bcsId: 2781} | ret=SUCCESS |  
2019-08-23 18:29:04,216 | INFO  | DNAudit | user=null | ip=null | op=WRITE_CHUNK {blockData=conID: 2 locID: 102667710897717782 bcsId: 2781} | ret=SUCCESS |  
2019-08-23 18:29:04,216 | INFO  | DNAudit | user=null | ip=null | op=WRITE_CHUNK {blockData=conID: 2 locID: 102667710897717782 bcsId: 2781} | ret=SUCCESS |  
2019-08-23 18:29:04,233 | INFO  | DNAudit | user=null | ip=null | op=WRITE_CHUNK {blockData=conID: 2 locID: 102667710897717782 bcsId: 2781} | ret=SUCCESS |  
2019-08-23 18:29:04,233 | INFO  | DNAudit | user=null | ip=null | op=PUT_BLOCK {blockData=[blockId=conID: 2 locID: 102667710897717782 bcsId: 0,size=3145728]} | ret=SUCCESS |  
2019-08-23 18:29:04,233 [grpc-default-executor-4] INFO  client.GrpcClientProtocolClient (GrpcClientProtocolClient.java:onNext(255)) - client-19C32667576E->48affcab-e6e4-4602-963a-f6a50efbd54c: receive RaftClientReply:client-19C32667576E->48affcab-e6e4-4602-963a-f6a50efbd54c@group-50C56EAF5137, cid=1903, SUCCESS, logIndex=2786, commits[48affcab-e6e4-4602-963a-f6a50efbd54c:c2787, 7e391b60-07ae-4d97-a027-4756e468c032:c2785, c5f86d96-67df-4f25-bde3-316f439d30b3:c2785]
2019-08-23 18:29:04,234 [grpc-default-executor-4] INFO  client.GrpcClientProtocolClient (GrpcClientProtocolClient.java:onNext(255)) - client-19C32667576E->48affcab-e6e4-4602-963a-f6a50efbd54c: receive RaftClientReply:client-19C32667576E->48affcab-e6e4-4602-963a-f6a50efbd54c@group-50C56EAF5137, cid=1904, SUCCESS, logIndex=2787, commits[48affcab-e6e4-4602-963a-f6a50efbd54c:c2787, 7e391b60-07ae-4d97-a027-4756e468c032:c2785, c5f86d96-67df-4f25-bde3-316f439d30b3:c2785]
2019-08-23 18:29:04,234 | INFO  | DNAudit | user=null | ip=null | op=WRITE_CHUNK {blockData=conID: 2 locID: 102667710897717782 bcsId: 2781} | ret=SUCCESS |  
2019-08-23 18:29:04,234 | INFO  | DNAudit | user=null | ip=null | op=WRITE_CHUNK {blockData=conID: 2 locID: 102667710897717782 bcsId: 2781} | ret=SUCCESS |  
2019-08-23 18:29:04,234 | INFO  | DNAudit | user=null | ip=null | op=PUT_BLOCK {blockData=[blockId=conID: 2 locID: 102667710897717782 bcsId: 0,size=3145728]} | ret=SUCCESS |  
2019-08-23 18:29:04,234 | INFO  | DNAudit | user=null | ip=null | op=PUT_BLOCK {blockData=[blockId=conID: 2 locID: 102667710897717782 bcsId: 0,size=3145728]} | ret=SUCCESS |  
2019-08-23 18:29:04,241 | INFO  | DNAudit | user=null | ip=null | op=WRITE_CHUNK {blockData=conID: 2 locID: 102667710897717782 bcsId: 2787} | ret=SUCCESS |  
2019-08-23 18:29:04,243 | INFO  | DNAudit | user=null | ip=null | op=WRITE_CHUNK {blockData=conID: 2 locID: 102667710897717782 bcsId: 2787} | ret=SUCCESS |  
2019-08-23 18:29:04,244 | INFO  | DNAudit | user=null | ip=null | op=WRITE_CHUNK {blockData=conID: 2 locID: 102667710897717782 bcsId: 2787} | ret=SUCCESS |  
2019-08-23 18:29:04,253 | INFO  | DNAudit | user=null | ip=null | op=WRITE_CHUNK {blockData=conID: 2 locID: 102667710897717782 bcsId: 2787} | ret=SUCCESS |  
2019-08-23 18:29:04,254 | INFO  | DNAudit | user=null | ip=null | op=PUT_BLOCK {blockData=[blockId=conID: 2 locID: 102667710897717782 bcsId: 0,size=4194304]} | ret=SUCCESS |  
2019-08-23 18:29:04,254 [grpc-default-executor-4] INFO  client.GrpcClientProtocolClient (GrpcClientProtocolClient.java:onNext(255)) - client-19C32667576E->48affcab-e6e4-4602-963a-f6a50efbd54c: receive RaftClientReply:client-19C32667576E->48affcab-e6e4-4602-963a-f6a50efbd54c@group-50C56EAF5137, cid=1905, SUCCESS, logIndex=2790, commits[48affcab-e6e4-4602-963a-f6a50efbd54c:c2791, 7e391b60-07ae-4d97-a027-4756e468c032:c2789, c5f86d96-67df-4f25-bde3-316f439d30b3:c2789]
2019-08-23 18:29:04,254 [grpc-default-executor-4] INFO  client.GrpcClientProtocolClient (GrpcClientProtocolClient.java:onNext(255)) - client-19C32667576E->48affcab-e6e4-4602-963a-f6a50efbd54c: receive RaftClientReply:client-19C32667576E->48affcab-e6e4-4602-963a-f6a50efbd54c@group-50C56EAF5137, cid=1906, SUCCESS, logIndex=2791, commits[48affcab-e6e4-4602-963a-f6a50efbd54c:c2791, 7e391b60-07ae-4d97-a027-4756e468c032:c2789, c5f86d96-67df-4f25-bde3-316f439d30b3:c2789]
2019-08-23 18:29:04,265 | INFO  | DNAudit | user=null | ip=null | op=WRITE_CHUNK {blockData=conID: 2 locID: 102667710897717782 bcsId: 2787} | ret=SUCCESS |  
2019-08-23 18:29:04,265 | INFO  | DNAudit | user=null | ip=null | op=WRITE_CHUNK {blockData=conID: 2 locID: 102667710897717782 bcsId: 2787} | ret=SUCCESS |  
2019-08-23 18:29:04,265 | INFO  | DNAudit | user=null | ip=null | op=PUT_BLOCK {blockData=[blockId=conID: 2 locID: 102667710897717782 bcsId: 0,size=4194304]} | ret=SUCCESS |  
2019-08-23 18:29:04,266 | INFO  | DNAudit | user=null | ip=null | op=PUT_BLOCK {blockData=[blockId=conID: 2 locID: 102667710897717782 bcsId: 0,size=4194304]} | ret=SUCCESS |  
2019-08-23 18:29:04,266 [grpc-default-executor-4] INFO  client.GrpcClientProtocolClient (GrpcClientProtocolClient.java:onNext(255)) - client-19C32667576E->48affcab-e6e4-4602-963a-f6a50efbd54c: receive RaftClientReply:client-19C32667576E->48affcab-e6e4-4602-963a-f6a50efbd54c@group-50C56EAF5137, cid=1907, SUCCESS, logIndex=0, commits[48affcab-e6e4-4602-963a-f6a50efbd54c:c2791, 7e391b60-07ae-4d97-a027-4756e468c032:c2791, c5f86d96-67df-4f25-bde3-316f439d30b3:c2791]
2019-08-23 18:29:04,270 | INFO  | SCMAudit | user=jenkins1000 | ip=192.168.34.23 | op=ALLOCATE_BLOCK {owner=1ceb8b80-28f1-43fd-86c3-175afc07b8d1, size=4194304, type=RATIS, factor=THREE} | ret=SUCCESS |  
2019-08-23 18:29:04,272 | INFO  | OMAudit | user=jenkins1000 | ip=127.0.0.1 | op=ALLOCATE_BLOCK {volume=vol-0-45438, bucket=bucket-0-23891, key=key-0-22455, dataSize=0, replicationType=null, replicationFactor=null, keyLocationInfo=null, clientID=102667710122492306} | ret=SUCCESS |  
2019-08-23 18:29:04,279 | INFO  | DNAudit | user=null | ip=null | op=WRITE_CHUNK {blockData=conID: 3 locID: 102667710907679255 bcsId: 0} | ret=SUCCESS |  
2019-08-23 18:29:04,280 | INFO  | DNAudit | user=null | ip=null | op=WRITE_CHUNK {blockData=conID: 3 locID: 102667710907679255 bcsId: 0} | ret=SUCCESS |  
2019-08-23 18:29:04,281 | INFO  | DNAudit | user=null | ip=null | op=WRITE_CHUNK {blockData=conID: 3 locID: 102667710907679255 bcsId: 0} | ret=SUCCESS |  
2019-08-23 18:29:04,281 | INFO  | DNAudit | user=null | ip=null | op=WRITE_CHUNK {blockData=conID: 3 locID: 102667710907679255 bcsId: 0} | ret=SUCCESS |  
2019-08-23 18:29:04,283 | INFO  | DNAudit | user=null | ip=null | op=WRITE_CHUNK {blockData=conID: 3 locID: 102667710907679255 bcsId: 0} | ret=SUCCESS |  
2019-08-23 18:29:04,283 | INFO  | DNAudit | user=null | ip=null | op=WRITE_CHUNK {blockData=conID: 3 locID: 102667710907679255 bcsId: 0} | ret=SUCCESS |  
2019-08-23 18:29:04,292 | INFO  | DNAudit | user=null | ip=null | op=WRITE_CHUNK {blockData=conID: 3 locID: 102667710907679255 bcsId: 0} | ret=SUCCESS |  
2019-08-23 18:29:04,293 | INFO  | DNAudit | user=null | ip=null | op=PUT_BLOCK {blockData=[blockId=conID: 3 locID: 102667710907679255 bcsId: 0,size=1048576]} | ret=SUCCESS |  
2019-08-23 18:29:04,293 | INFO  | DNAudit | user=null | ip=null | op=WRITE_CHUNK {blockData=conID: 3 locID: 102667710907679255 bcsId: 0} | ret=SUCCESS |  
2019-08-23 18:29:04,293 [grpc-default-executor-5] INFO  client.GrpcClientProtocolClient (GrpcClientProtocolClient.java:onNext(255)) - client-19C32667576E->48affcab-e6e4-4602-963a-f6a50efbd54c: receive RaftClientReply:client-19C32667576E->48affcab-e6e4-4602-963a-f6a50efbd54c@group-50C56EAF5137, cid=1908, SUCCESS, logIndex=2794, commits[48affcab-e6e4-4602-963a-f6a50efbd54c:c2796, 7e391b60-07ae-4d97-a027-4756e468c032:c2793, c5f86d96-67df-4f25-bde3-316f439d30b3:c2793]
2019-08-23 18:29:04,293 | INFO  | DNAudit | user=null | ip=null | op=PUT_BLOCK {blockData=[blockId=conID: 3 locID: 102667710907679255 bcsId: 0,size=2097152]} | ret=SUCCESS |  
2019-08-23 18:29:04,293 [grpc-default-executor-5] INFO  client.GrpcClientProtocolClient (GrpcClientProtocolClient.java:onNext(255)) - client-19C32667576E->48affcab-e6e4-4602-963a-f6a50efbd54c: receive RaftClientReply:client-19C32667576E->48affcab-e6e4-4602-963a-f6a50efbd54c@group-50C56EAF5137, cid=1909, SUCCESS, logIndex=2795, commits[48affcab-e6e4-4602-963a-f6a50efbd54c:c2797, 7e391b60-07ae-4d97-a027-4756e468c032:c2793, c5f86d96-67df-4f25-bde3-316f439d30b3:c2793]
2019-08-23 18:29:04,294 [grpc-default-executor-5] INFO  client.GrpcClientProtocolClient (GrpcClientProtocolClient.java:onNext(255)) - client-19C32667576E->48affcab-e6e4-4602-963a-f6a50efbd54c: receive RaftClientReply:client-19C32667576E->48affcab-e6e4-4602-963a-f6a50efbd54c@group-50C56EAF5137, cid=1910, SUCCESS, logIndex=2796, commits[48affcab-e6e4-4602-963a-f6a50efbd54c:c2797, 7e391b60-07ae-4d97-a027-4756e468c032:c2793, c5f86d96-67df-4f25-bde3-316f439d30b3:c2793]
2019-08-23 18:29:04,294 [grpc-default-executor-5] INFO  client.GrpcClientProtocolClient (GrpcClientProtocolClient.java:onNext(255)) - client-19C32667576E->48affcab-e6e4-4602-963a-f6a50efbd54c: receive RaftClientReply:client-19C32667576E->48affcab-e6e4-4602-963a-f6a50efbd54c@group-50C56EAF5137, cid=1911, SUCCESS, logIndex=2797, commits[48affcab-e6e4-4602-963a-f6a50efbd54c:c2797, 7e391b60-07ae-4d97-a027-4756e468c032:c2793, c5f86d96-67df-4f25-bde3-316f439d30b3:c2793]
2019-08-23 18:29:04,304 | INFO  | DNAudit | user=null | ip=null | op=WRITE_CHUNK {blockData=conID: 3 locID: 102667710907679255 bcsId: 0} | ret=SUCCESS |  
2019-08-23 18:29:04,304 | INFO  | DNAudit | user=null | ip=null | op=WRITE_CHUNK {blockData=conID: 3 locID: 102667710907679255 bcsId: 0} | ret=SUCCESS |  
2019-08-23 18:29:04,305 | INFO  | DNAudit | user=null | ip=null | op=PUT_BLOCK {blockData=[blockId=conID: 3 locID: 102667710907679255 bcsId: 0,size=1048576]} | ret=SUCCESS |  
2019-08-23 18:29:04,305 | INFO  | DNAudit | user=null | ip=null | op=PUT_BLOCK {blockData=[blockId=conID: 3 locID: 102667710907679255 bcsId: 0,size=1048576]} | ret=SUCCESS |  
2019-08-23 18:29:04,305 | INFO  | DNAudit | user=null | ip=null | op=WRITE_CHUNK {blockData=conID: 3 locID: 102667710907679255 bcsId: 0} | ret=SUCCESS |  
2019-08-23 18:29:04,305 | INFO  | DNAudit | user=null | ip=null | op=WRITE_CHUNK {blockData=conID: 3 locID: 102667710907679255 bcsId: 0} | ret=SUCCESS |  
2019-08-23 18:29:04,305 | INFO  | DNAudit | user=null | ip=null | op=PUT_BLOCK {blockData=[blockId=conID: 3 locID: 102667710907679255 bcsId: 0,size=2097152]} | ret=SUCCESS |  
2019-08-23 18:29:04,306 | INFO  | DNAudit | user=null | ip=null | op=PUT_BLOCK {blockData=[blockId=conID: 3 locID: 102667710907679255 bcsId: 0,size=2097152]} | ret=SUCCESS |  
2019-08-23 18:29:04,306 [grpc-default-executor-4] INFO  client.GrpcClientProtocolClient (GrpcClientProtocolClient.java:onNext(255)) - client-19C32667576E->48affcab-e6e4-4602-963a-f6a50efbd54c: receive RaftClientReply:client-19C32667576E->48affcab-e6e4-4602-963a-f6a50efbd54c@group-50C56EAF5137, cid=1912, SUCCESS, logIndex=0, commits[48affcab-e6e4-4602-963a-f6a50efbd54c:c2799, 7e391b60-07ae-4d97-a027-4756e468c032:c2795, c5f86d96-67df-4f25-bde3-316f439d30b3:c2795]
2019-08-23 18:29:04,311 | INFO  | DNAudit | user=null | ip=null | op=WRITE_CHUNK {blockData=conID: 3 locID: 102667710907679255 bcsId: 2797} | ret=SUCCESS |  
2019-08-23 18:29:04,314 | INFO  | DNAudit | user=null | ip=null | op=WRITE_CHUNK {blockData=conID: 3 locID: 102667710907679255 bcsId: 2797} | ret=SUCCESS |  
2019-08-23 18:29:04,315 | INFO  | DNAudit | user=null | ip=null | op=WRITE_CHUNK {blockData=conID: 3 locID: 102667710907679255 bcsId: 2797} | ret=SUCCESS |  
2019-08-23 18:29:04,323 | INFO  | DNAudit | user=null | ip=null | op=WRITE_CHUNK {blockData=conID: 3 locID: 102667710907679255 bcsId: 2797} | ret=SUCCESS |  
2019-08-23 18:29:04,324 | INFO  | DNAudit | user=null | ip=null | op=PUT_BLOCK {blockData=[blockId=conID: 3 locID: 102667710907679255 bcsId: 0,size=3145728]} | ret=SUCCESS |  
2019-08-23 18:29:04,324 [grpc-default-executor-4] INFO  client.GrpcClientProtocolClient (GrpcClientProtocolClient.java:onNext(255)) - client-19C32667576E->48affcab-e6e4-4602-963a-f6a50efbd54c: receive RaftClientReply:client-19C32667576E->48affcab-e6e4-4602-963a-f6a50efbd54c@group-50C56EAF5137, cid=1913, SUCCESS, logIndex=2802, commits[48affcab-e6e4-4602-963a-f6a50efbd54c:c2803, 7e391b60-07ae-4d97-a027-4756e468c032:c2801, c5f86d96-67df-4f25-bde3-316f439d30b3:c2801]
2019-08-23 18:29:04,324 [grpc-default-executor-4] INFO  client.GrpcClientProtocolClient (GrpcClientProtocolClient.java:onNext(255)) - client-19C32667576E->48affcab-e6e4-4602-963a-f6a50efbd54c: receive RaftClientReply:client-19C32667576E->48affcab-e6e4-4602-963a-f6a50efbd54c@group-50C56EAF5137, cid=1914, SUCCESS, logIndex=2803, commits[48affcab-e6e4-4602-963a-f6a50efbd54c:c2803, 7e391b60-07ae-4d97-a027-4756e468c032:c2801, c5f86d96-67df-4f25-bde3-316f439d30b3:c2801]
2019-08-23 18:29:04,329 | INFO  | DNAudit | user=null | ip=null | op=WRITE_CHUNK {blockData=conID: 3 locID: 102667710907679255 bcsId: 2803} | ret=SUCCESS |  
2019-08-23 18:29:04,332 | INFO  | DNAudit | user=null | ip=null | op=WRITE_CHUNK {blockData=conID: 3 locID: 102667710907679255 bcsId: 2803} | ret=SUCCESS |  
2019-08-23 18:29:04,332 | INFO  | DNAudit | user=null | ip=null | op=WRITE_CHUNK {blockData=conID: 3 locID: 102667710907679255 bcsId: 2803} | ret=SUCCESS |  
2019-08-23 18:29:04,335 | INFO  | DNAudit | user=null | ip=null | op=WRITE_CHUNK {blockData=conID: 3 locID: 102667710907679255 bcsId: 2797} | ret=SUCCESS |  
2019-08-23 18:29:04,335 | INFO  | DNAudit | user=null | ip=null | op=WRITE_CHUNK {blockData=conID: 3 locID: 102667710907679255 bcsId: 2797} | ret=SUCCESS |  
2019-08-23 18:29:04,337 | INFO  | DNAudit | user=null | ip=null | op=PUT_BLOCK {blockData=[blockId=conID: 3 locID: 102667710907679255 bcsId: 0,size=3145728]} | ret=SUCCESS |  
2019-08-23 18:29:04,337 | INFO  | DNAudit | user=null | ip=null | op=PUT_BLOCK {blockData=[blockId=conID: 3 locID: 102667710907679255 bcsId: 0,size=3145728]} | ret=SUCCESS |  
2019-08-23 18:29:04,337 | INFO  | DNAudit | user=null | ip=null | op=WRITE_CHUNK {blockData=conID: 3 locID: 102667710907679255 bcsId: 2803} | ret=SUCCESS |  
2019-08-23 18:29:04,337 | INFO  | DNAudit | user=null | ip=null | op=PUT_BLOCK {blockData=[blockId=conID: 3 locID: 102667710907679255 bcsId: 0,size=4194304]} | ret=SUCCESS |  
2019-08-23 18:29:04,337 [grpc-default-executor-4] INFO  client.GrpcClientProtocolClient (GrpcClientProtocolClient.java:onNext(255)) - client-19C32667576E->48affcab-e6e4-4602-963a-f6a50efbd54c: receive RaftClientReply:client-19C32667576E->48affcab-e6e4-4602-963a-f6a50efbd54c@group-50C56EAF5137, cid=1915, SUCCESS, logIndex=2806, commits[48affcab-e6e4-4602-963a-f6a50efbd54c:c2807, 7e391b60-07ae-4d97-a027-4756e468c032:c2803, c5f86d96-67df-4f25-bde3-316f439d30b3:c2803]
2019-08-23 18:29:04,338 [grpc-default-executor-4] INFO  client.GrpcClientProtocolClient (GrpcClientProtocolClient.java:onNext(255)) - client-19C32667576E->48affcab-e6e4-4602-963a-f6a50efbd54c: receive RaftClientReply:client-19C32667576E->48affcab-e6e4-4602-963a-f6a50efbd54c@group-50C56EAF5137, cid=1916, SUCCESS, logIndex=2807, commits[48affcab-e6e4-4602-963a-f6a50efbd54c:c2807, 7e391b60-07ae-4d97-a027-4756e468c032:c2803, c5f86d96-67df-4f25-bde3-316f439d30b3:c2803]
2019-08-23 18:29:04,349 | INFO  | DNAudit | user=null | ip=null | op=WRITE_CHUNK {blockData=conID: 3 locID: 102667710907679255 bcsId: 2803} | ret=SUCCESS |  
2019-08-23 18:29:04,349 | INFO  | DNAudit | user=null | ip=null | op=WRITE_CHUNK {blockData=conID: 3 locID: 102667710907679255 bcsId: 2803} | ret=SUCCESS |  
2019-08-23 18:29:04,349 | INFO  | DNAudit | user=null | ip=null | op=PUT_BLOCK {blockData=[blockId=conID: 3 locID: 102667710907679255 bcsId: 0,size=4194304]} | ret=SUCCESS |  
2019-08-23 18:29:04,349 | INFO  | DNAudit | user=null | ip=null | op=PUT_BLOCK {blockData=[blockId=conID: 3 locID: 102667710907679255 bcsId: 0,size=4194304]} | ret=SUCCESS |  
2019-08-23 18:29:04,349 [grpc-default-executor-4] INFO  client.GrpcClientProtocolClient (GrpcClientProtocolClient.java:onNext(255)) - client-19C32667576E->48affcab-e6e4-4602-963a-f6a50efbd54c: receive RaftClientReply:client-19C32667576E->48affcab-e6e4-4602-963a-f6a50efbd54c@group-50C56EAF5137, cid=1917, SUCCESS, logIndex=0, commits[48affcab-e6e4-4602-963a-f6a50efbd54c:c2807, 7e391b60-07ae-4d97-a027-4756e468c032:c2807, c5f86d96-67df-4f25-bde3-316f439d30b3:c2807]
2019-08-23 18:29:04,353 | INFO  | SCMAudit | user=jenkins1000 | ip=192.168.34.23 | op=ALLOCATE_BLOCK {owner=1ceb8b80-28f1-43fd-86c3-175afc07b8d1, size=4194304, type=RATIS, factor=THREE} | ret=SUCCESS |  
2019-08-23 18:29:04,356 | INFO  | OMAudit | user=jenkins1000 | ip=127.0.0.1 | op=ALLOCATE_BLOCK {volume=vol-0-45438, bucket=bucket-0-23891, key=key-0-22455, dataSize=0, replicationType=null, replicationFactor=null, keyLocationInfo=null, clientID=102667710122492306} | ret=SUCCESS |  
2019-08-23 18:29:04,362 | INFO  | DNAudit | user=null | ip=null | op=WRITE_CHUNK {blockData=conID: 1 locID: 102667710913118744 bcsId: 0} | ret=SUCCESS |  
2019-08-23 18:29:04,365 | INFO  | DNAudit | user=null | ip=null | op=WRITE_CHUNK {blockData=conID: 1 locID: 102667710913118744 bcsId: 0} | ret=SUCCESS |  
2019-08-23 18:29:04,365 | INFO  | DNAudit | user=null | ip=null | op=WRITE_CHUNK {blockData=conID: 1 locID: 102667710913118744 bcsId: 0} | ret=SUCCESS |  
2019-08-23 18:29:04,365 | INFO  | DNAudit | user=null | ip=null | op=WRITE_CHUNK {blockData=conID: 1 locID: 102667710913118744 bcsId: 0} | ret=SUCCESS |  
2019-08-23 18:29:04,366 | INFO  | DNAudit | user=null | ip=null | op=WRITE_CHUNK {blockData=conID: 1 locID: 102667710913118744 bcsId: 0} | ret=SUCCESS |  
2019-08-23 18:29:04,366 | INFO  | DNAudit | user=null | ip=null | op=WRITE_CHUNK {blockData=conID: 1 locID: 102667710913118744 bcsId: 0} | ret=SUCCESS |  
2019-08-23 18:29:04,374 | INFO  | DNAudit | user=null | ip=null | op=WRITE_CHUNK {blockData=conID: 1 locID: 102667710913118744 bcsId: 0} | ret=SUCCESS |  
2019-08-23 18:29:04,375 | INFO  | DNAudit | user=null | ip=null | op=PUT_BLOCK {blockData=[blockId=conID: 1 locID: 102667710913118744 bcsId: 0,size=1048576]} | ret=SUCCESS |  
2019-08-23 18:29:04,375 | INFO  | DNAudit | user=null | ip=null | op=WRITE_CHUNK {blockData=conID: 1 locID: 102667710913118744 bcsId: 0} | ret=SUCCESS |  
2019-08-23 18:29:04,375 [grpc-default-executor-5] INFO  client.GrpcClientProtocolClient (GrpcClientProtocolClient.java:onNext(255)) - client-19C32667576E->48affcab-e6e4-4602-963a-f6a50efbd54c: receive RaftClientReply:client-19C32667576E->48affcab-e6e4-4602-963a-f6a50efbd54c@group-50C56EAF5137, cid=1918, SUCCESS, logIndex=2810, commits[48affcab-e6e4-4602-963a-f6a50efbd54c:c2812, 7e391b60-07ae-4d97-a027-4756e468c032:c2809, c5f86d96-67df-4f25-bde3-316f439d30b3:c2809]
2019-08-23 18:29:04,375 | INFO  | DNAudit | user=null | ip=null | op=PUT_BLOCK {blockData=[blockId=conID: 1 locID: 102667710913118744 bcsId: 0,size=2097152]} | ret=SUCCESS |  
2019-08-23 18:29:04,375 [grpc-default-executor-5] INFO  client.GrpcClientProtocolClient (GrpcClientProtocolClient.java:onNext(255)) - client-19C32667576E->48affcab-e6e4-4602-963a-f6a50efbd54c: receive RaftClientReply:client-19C32667576E->48affcab-e6e4-4602-963a-f6a50efbd54c@group-50C56EAF5137, cid=1919, SUCCESS, logIndex=2811, commits[48affcab-e6e4-4602-963a-f6a50efbd54c:c2813, 7e391b60-07ae-4d97-a027-4756e468c032:c2809, c5f86d96-67df-4f25-bde3-316f439d30b3:c2809]
2019-08-23 18:29:04,376 [grpc-default-executor-5] INFO  client.GrpcClientProtocolClient (GrpcClientProtocolClient.java:onNext(255)) - client-19C32667576E->48affcab-e6e4-4602-963a-f6a50efbd54c: receive RaftClientReply:client-19C32667576E->48affcab-e6e4-4602-963a-f6a50efbd54c@group-50C56EAF5137, cid=1920, SUCCESS, logIndex=2812, commits[48affcab-e6e4-4602-963a-f6a50efbd54c:c2813, 7e391b60-07ae-4d97-a027-4756e468c032:c2809, c5f86d96-67df-4f25-bde3-316f439d30b3:c2809]
2019-08-23 18:29:04,376 [grpc-default-executor-5] INFO  client.GrpcClientProtocolClient (GrpcClientProtocolClient.java:onNext(255)) - client-19C32667576E->48affcab-e6e4-4602-963a-f6a50efbd54c: receive RaftClientReply:client-19C32667576E->48affcab-e6e4-4602-963a-f6a50efbd54c@group-50C56EAF5137, cid=1921, SUCCESS, logIndex=2813, commits[48affcab-e6e4-4602-963a-f6a50efbd54c:c2813, 7e391b60-07ae-4d97-a027-4756e468c032:c2809, c5f86d96-67df-4f25-bde3-316f439d30b3:c2809]
2019-08-23 18:29:04,387 | INFO  | DNAudit | user=null | ip=null | op=WRITE_CHUNK {blockData=conID: 1 locID: 102667710913118744 bcsId: 0} | ret=SUCCESS |  
2019-08-23 18:29:04,387 | INFO  | DNAudit | user=null | ip=null | op=WRITE_CHUNK {blockData=conID: 1 locID: 102667710913118744 bcsId: 0} | ret=SUCCESS |  
2019-08-23 18:29:04,387 | INFO  | DNAudit | user=null | ip=null | op=PUT_BLOCK {blockData=[blockId=conID: 1 locID: 102667710913118744 bcsId: 0,size=1048576]} | ret=SUCCESS |  
2019-08-23 18:29:04,387 | INFO  | DNAudit | user=null | ip=null | op=PUT_BLOCK {blockData=[blockId=conID: 1 locID: 102667710913118744 bcsId: 0,size=1048576]} | ret=SUCCESS |  
2019-08-23 18:29:04,387 [grpc-default-executor-5] INFO  client.GrpcClientProtocolClient (GrpcClientProtocolClient.java:onNext(255)) - client-19C32667576E->48affcab-e6e4-4602-963a-f6a50efbd54c: receive RaftClientReply:client-19C32667576E->48affcab-e6e4-4602-963a-f6a50efbd54c@group-50C56EAF5137, cid=1922, SUCCESS, logIndex=0, commits[48affcab-e6e4-4602-963a-f6a50efbd54c:c2814, 7e391b60-07ae-4d97-a027-4756e468c032:c2811, c5f86d96-67df-4f25-bde3-316f439d30b3:c2811]
2019-08-23 18:29:04,388 | INFO  | DNAudit | user=null | ip=null | op=WRITE_CHUNK {blockData=conID: 1 locID: 102667710913118744 bcsId: 0} | ret=SUCCESS |  
2019-08-23 18:29:04,388 | INFO  | DNAudit | user=null | ip=null | op=WRITE_CHUNK {blockData=conID: 1 locID: 102667710913118744 bcsId: 0} | ret=SUCCESS |  
2019-08-23 18:29:04,388 | INFO  | DNAudit | user=null | ip=null | op=PUT_BLOCK {blockData=[blockId=conID: 1 locID: 102667710913118744 bcsId: 0,size=2097152]} | ret=SUCCESS |  
2019-08-23 18:29:04,389 | INFO  | DNAudit | user=null | ip=null | op=PUT_BLOCK {blockData=[blockId=conID: 1 locID: 102667710913118744 bcsId: 0,size=2097152]} | ret=SUCCESS |  
2019-08-23 18:29:04,393 | INFO  | DNAudit | user=null | ip=null | op=WRITE_CHUNK {blockData=conID: 1 locID: 102667710913118744 bcsId: 2813} | ret=SUCCESS |  
2019-08-23 18:29:04,396 | INFO  | DNAudit | user=null | ip=null | op=WRITE_CHUNK {blockData=conID: 1 locID: 102667710913118744 bcsId: 2813} | ret=SUCCESS |  
2019-08-23 18:29:04,397 | INFO  | DNAudit | user=null | ip=null | op=WRITE_CHUNK {blockData=conID: 1 locID: 102667710913118744 bcsId: 2813} | ret=SUCCESS |  
2019-08-23 18:29:04,398 | INFO  | DNAudit | user=null | ip=null | op=WRITE_CHUNK {blockData=conID: 1 locID: 102667710913118744 bcsId: 2813} | ret=SUCCESS |  
2019-08-23 18:29:04,399 | INFO  | DNAudit | user=null | ip=null | op=PUT_BLOCK {blockData=[blockId=conID: 1 locID: 102667710913118744 bcsId: 0,size=3145728]} | ret=SUCCESS |  
2019-08-23 18:29:04,399 [grpc-default-executor-4] INFO  client.GrpcClientProtocolClient (GrpcClientProtocolClient.java:onNext(255)) - client-19C32667576E->48affcab-e6e4-4602-963a-f6a50efbd54c: receive RaftClientReply:client-19C32667576E->48affcab-e6e4-4602-963a-f6a50efbd54c@group-50C56EAF5137, cid=1923, SUCCESS, logIndex=2818, commits[48affcab-e6e4-4602-963a-f6a50efbd54c:c2819, 7e391b60-07ae-4d97-a027-4756e468c032:c2817, c5f86d96-67df-4f25-bde3-316f439d30b3:c2813]
2019-08-23 18:29:04,399 [grpc-default-executor-4] INFO  client.GrpcClientProtocolClient (GrpcClientProtocolClient.java:onNext(255)) - client-19C32667576E->48affcab-e6e4-4602-963a-f6a50efbd54c: receive RaftClientReply:client-19C32667576E->48affcab-e6e4-4602-963a-f6a50efbd54c@group-50C56EAF5137, cid=1924, SUCCESS, logIndex=2819, commits[48affcab-e6e4-4602-963a-f6a50efbd54c:c2819, 7e391b60-07ae-4d97-a027-4756e468c032:c2817, c5f86d96-67df-4f25-bde3-316f439d30b3:c2817]
2019-08-23 18:29:04,400 | INFO  | DNAudit | user=null | ip=null | op=WRITE_CHUNK {blockData=conID: 1 locID: 102667710913118744 bcsId: 2813} | ret=SUCCESS |  
2019-08-23 18:29:04,400 | INFO  | DNAudit | user=null | ip=null | op=WRITE_CHUNK {blockData=conID: 1 locID: 102667710913118744 bcsId: 2813} | ret=SUCCESS |  
2019-08-23 18:29:04,400 | INFO  | DNAudit | user=null | ip=null | op=PUT_BLOCK {blockData=[blockId=conID: 1 locID: 102667710913118744 bcsId: 0,size=3145728]} | ret=SUCCESS |  
2019-08-23 18:29:04,400 | INFO  | DNAudit | user=null | ip=null | op=PUT_BLOCK {blockData=[blockId=conID: 1 locID: 102667710913118744 bcsId: 0,size=3145728]} | ret=SUCCESS |  
2019-08-23 18:29:04,404 | INFO  | DNAudit | user=null | ip=null | op=WRITE_CHUNK {blockData=conID: 1 locID: 102667710913118744 bcsId: 2819} | ret=SUCCESS |  
2019-08-23 18:29:04,407 | INFO  | DNAudit | user=null | ip=null | op=WRITE_CHUNK {blockData=conID: 1 locID: 102667710913118744 bcsId: 2819} | ret=SUCCESS |  
2019-08-23 18:29:04,407 | INFO  | DNAudit | user=null | ip=null | op=WRITE_CHUNK {blockData=conID: 1 locID: 102667710913118744 bcsId: 2819} | ret=SUCCESS |  
2019-08-23 18:29:04,409 | INFO  | DNAudit | user=null | ip=null | op=WRITE_CHUNK {blockData=conID: 1 locID: 102667710913118744 bcsId: 2819} | ret=SUCCESS |  
2019-08-23 18:29:04,410 | INFO  | DNAudit | user=null | ip=null | op=PUT_BLOCK {blockData=[blockId=conID: 1 locID: 102667710913118744 bcsId: 0,size=4194304]} | ret=SUCCESS |  
2019-08-23 18:29:04,410 [grpc-default-executor-0] INFO  client.GrpcClientProtocolClient (GrpcClientProtocolClient.java:onNext(255)) - client-19C32667576E->48affcab-e6e4-4602-963a-f6a50efbd54c: receive RaftClientReply:client-19C32667576E->48affcab-e6e4-4602-963a-f6a50efbd54c@group-50C56EAF5137, cid=1925, SUCCESS, logIndex=2822, commits[48affcab-e6e4-4602-963a-f6a50efbd54c:c2823, 7e391b60-07ae-4d97-a027-4756e468c032:c2821, c5f86d96-67df-4f25-bde3-316f439d30b3:c2819]
2019-08-23 18:29:04,410 [grpc-default-executor-0] INFO  client.GrpcClientProtocolClient (GrpcClientProtocolClient.java:onNext(255)) - client-19C32667576E->48affcab-e6e4-4602-963a-f6a50efbd54c: receive RaftClientReply:client-19C32667576E->48affcab-e6e4-4602-963a-f6a50efbd54c@group-50C56EAF5137, cid=1926, SUCCESS, logIndex=2823, commits[48affcab-e6e4-4602-963a-f6a50efbd54c:c2823, 7e391b60-07ae-4d97-a027-4756e468c032:c2821, c5f86d96-67df-4f25-bde3-316f439d30b3:c2819]
2019-08-23 18:29:04,413 | INFO  | DNAudit | user=null | ip=null | op=WRITE_CHUNK {blockData=conID: 1 locID: 102667710913118744 bcsId: 2819} | ret=SUCCESS |  
2019-08-23 18:29:04,413 | INFO  | DNAudit | user=null | ip=null | op=PUT_BLOCK {blockData=[blockId=conID: 1 locID: 102667710913118744 bcsId: 0,size=4194304]} | ret=SUCCESS |  
2019-08-23 18:29:04,414 [grpc-default-executor-0] INFO  client.GrpcClientProtocolClient (GrpcClientProtocolClient.java:onNext(255)) - client-19C32667576E->48affcab-e6e4-4602-963a-f6a50efbd54c: receive RaftClientReply:client-19C32667576E->48affcab-e6e4-4602-963a-f6a50efbd54c@group-50C56EAF5137, cid=1927, SUCCESS, logIndex=0, commits[48affcab-e6e4-4602-963a-f6a50efbd54c:c2824, 7e391b60-07ae-4d97-a027-4756e468c032:c2823, c5f86d96-67df-4f25-bde3-316f439d30b3:c2823]
2019-08-23 18:29:04,415 | INFO  | DNAudit | user=null | ip=null | op=WRITE_CHUNK {blockData=conID: 1 locID: 102667710913118744 bcsId: 2819} | ret=SUCCESS |  
2019-08-23 18:29:04,415 | INFO  | DNAudit | user=null | ip=null | op=PUT_BLOCK {blockData=[blockId=conID: 1 locID: 102667710913118744 bcsId: 0,size=4194304]} | ret=SUCCESS |  
2019-08-23 18:29:04,418 | INFO  | SCMAudit | user=jenkins1000 | ip=192.168.34.23 | op=ALLOCATE_BLOCK {owner=1ceb8b80-28f1-43fd-86c3-175afc07b8d1, size=4194304, type=RATIS, factor=THREE} | ret=SUCCESS |  
2019-08-23 18:29:04,421 | INFO  | OMAudit | user=jenkins1000 | ip=127.0.0.1 | op=ALLOCATE_BLOCK {volume=vol-0-45438, bucket=bucket-0-23891, key=key-0-22455, dataSize=0, replicationType=null, replicationFactor=null, keyLocationInfo=null, clientID=102667710122492306} | ret=SUCCESS |  
2019-08-23 18:29:04,426 | INFO  | DNAudit | user=null | ip=null | op=WRITE_CHUNK {blockData=conID: 2 locID: 102667710917378585 bcsId: 0} | ret=SUCCESS |  
2019-08-23 18:29:04,429 | INFO  | DNAudit | user=null | ip=null | op=WRITE_CHUNK {blockData=conID: 2 locID: 102667710917378585 bcsId: 0} | ret=SUCCESS |  
2019-08-23 18:29:04,429 | INFO  | DNAudit | user=null | ip=null | op=WRITE_CHUNK {blockData=conID: 2 locID: 102667710917378585 bcsId: 0} | ret=SUCCESS |  
2019-08-23 18:29:04,429 | INFO  | DNAudit | user=null | ip=null | op=WRITE_CHUNK {blockData=conID: 2 locID: 102667710917378585 bcsId: 0} | ret=SUCCESS |  
2019-08-23 18:29:04,430 | INFO  | DNAudit | user=null | ip=null | op=WRITE_CHUNK {blockData=conID: 2 locID: 102667710917378585 bcsId: 0} | ret=SUCCESS |  
2019-08-23 18:29:04,430 | INFO  | DNAudit | user=null | ip=null | op=WRITE_CHUNK {blockData=conID: 2 locID: 102667710917378585 bcsId: 0} | ret=SUCCESS |  
2019-08-23 18:29:04,433 | INFO  | DNAudit | user=null | ip=null | op=WRITE_CHUNK {blockData=conID: 2 locID: 102667710917378585 bcsId: 0} | ret=SUCCESS |  
2019-08-23 18:29:04,433 | INFO  | DNAudit | user=null | ip=null | op=PUT_BLOCK {blockData=[blockId=conID: 2 locID: 102667710917378585 bcsId: 0,size=1048576]} | ret=SUCCESS |  
2019-08-23 18:29:04,434 | INFO  | DNAudit | user=null | ip=null | op=WRITE_CHUNK {blockData=conID: 2 locID: 102667710917378585 bcsId: 0} | ret=SUCCESS |  
2019-08-23 18:29:04,434 [grpc-default-executor-0] INFO  client.GrpcClientProtocolClient (GrpcClientProtocolClient.java:onNext(255)) - client-19C32667576E->48affcab-e6e4-4602-963a-f6a50efbd54c: receive RaftClientReply:client-19C32667576E->48affcab-e6e4-4602-963a-f6a50efbd54c@group-50C56EAF5137, cid=1928, SUCCESS, logIndex=2826, commits[48affcab-e6e4-4602-963a-f6a50efbd54c:c2829, 7e391b60-07ae-4d97-a027-4756e468c032:c2825, c5f86d96-67df-4f25-bde3-316f439d30b3:c2823]
2019-08-23 18:29:04,434 | INFO  | DNAudit | user=null | ip=null | op=PUT_BLOCK {blockData=[blockId=conID: 2 locID: 102667710917378585 bcsId: 0,size=2097152]} | ret=SUCCESS |  
2019-08-23 18:29:04,434 [grpc-default-executor-0] INFO  client.GrpcClientProtocolClient (GrpcClientProtocolClient.java:onNext(255)) - client-19C32667576E->48affcab-e6e4-4602-963a-f6a50efbd54c: receive RaftClientReply:client-19C32667576E->48affcab-e6e4-4602-963a-f6a50efbd54c@group-50C56EAF5137, cid=1929, SUCCESS, logIndex=2827, commits[48affcab-e6e4-4602-963a-f6a50efbd54c:c2829, 7e391b60-07ae-4d97-a027-4756e468c032:c2825, c5f86d96-67df-4f25-bde3-316f439d30b3:c2825]
2019-08-23 18:29:04,434 [grpc-default-executor-0] INFO  client.GrpcClientProtocolClient (GrpcClientProtocolClient.java:onNext(255)) - client-19C32667576E->48affcab-e6e4-4602-963a-f6a50efbd54c: receive RaftClientReply:client-19C32667576E->48affcab-e6e4-4602-963a-f6a50efbd54c@group-50C56EAF5137, cid=1930, SUCCESS, logIndex=2828, commits[48affcab-e6e4-4602-963a-f6a50efbd54c:c2829, 7e391b60-07ae-4d97-a027-4756e468c032:c2825, c5f86d96-67df-4f25-bde3-316f439d30b3:c2825]
2019-08-23 18:29:04,435 | INFO  | DNAudit | user=null | ip=null | op=WRITE_CHUNK {blockData=conID: 2 locID: 102667710917378585 bcsId: 0} | ret=SUCCESS |  
2019-08-23 18:29:04,435 | INFO  | DNAudit | user=null | ip=null | op=WRITE_CHUNK {blockData=conID: 2 locID: 102667710917378585 bcsId: 0} | ret=SUCCESS |  
2019-08-23 18:29:04,435 [grpc-default-executor-0] INFO  client.GrpcClientProtocolClient (GrpcClientProtocolClient.java:onNext(255)) - client-19C32667576E->48affcab-e6e4-4602-963a-f6a50efbd54c: receive RaftClientReply:client-19C32667576E->48affcab-e6e4-4602-963a-f6a50efbd54c@group-50C56EAF5137, cid=1931, SUCCESS, logIndex=2829, commits[48affcab-e6e4-4602-963a-f6a50efbd54c:c2829, 7e391b60-07ae-4d97-a027-4756e468c032:c2825, c5f86d96-67df-4f25-bde3-316f439d30b3:c2825]
2019-08-23 18:29:04,435 | INFO  | DNAudit | user=null | ip=null | op=PUT_BLOCK {blockData=[blockId=conID: 2 locID: 102667710917378585 bcsId: 0,size=1048576]} | ret=SUCCESS |  
2019-08-23 18:29:04,435 | INFO  | DNAudit | user=null | ip=null | op=PUT_BLOCK {blockData=[blockId=conID: 2 locID: 102667710917378585 bcsId: 0,size=1048576]} | ret=SUCCESS |  
2019-08-23 18:29:04,435 | INFO  | DNAudit | user=null | ip=null | op=WRITE_CHUNK {blockData=conID: 2 locID: 102667710917378585 bcsId: 0} | ret=SUCCESS |  
2019-08-23 18:29:04,435 | INFO  | DNAudit | user=null | ip=null | op=PUT_BLOCK {blockData=[blockId=conID: 2 locID: 102667710917378585 bcsId: 0,size=2097152]} | ret=SUCCESS |  
2019-08-23 18:29:04,435 [grpc-default-executor-0] INFO  client.GrpcClientProtocolClient (GrpcClientProtocolClient.java:onNext(255)) - client-19C32667576E->48affcab-e6e4-4602-963a-f6a50efbd54c: receive RaftClientReply:client-19C32667576E->48affcab-e6e4-4602-963a-f6a50efbd54c@group-50C56EAF5137, cid=1932, SUCCESS, logIndex=0, commits[48affcab-e6e4-4602-963a-f6a50efbd54c:c2832, 7e391b60-07ae-4d97-a027-4756e468c032:c2827, c5f86d96-67df-4f25-bde3-316f439d30b3:c2829]
2019-08-23 18:29:04,436 | INFO  | DNAudit | user=null | ip=null | op=WRITE_CHUNK {blockData=conID: 2 locID: 102667710917378585 bcsId: 0} | ret=SUCCESS |  
2019-08-23 18:29:04,436 | INFO  | DNAudit | user=null | ip=null | op=PUT_BLOCK {blockData=[blockId=conID: 2 locID: 102667710917378585 bcsId: 0,size=2097152]} | ret=SUCCESS |  
2019-08-23 18:29:04,441 | INFO  | DNAudit | user=null | ip=null | op=WRITE_CHUNK {blockData=conID: 2 locID: 102667710917378585 bcsId: 2829} | ret=SUCCESS |  
2019-08-23 18:29:04,443 | INFO  | DNAudit | user=null | ip=null | op=WRITE_CHUNK {blockData=conID: 2 locID: 102667710917378585 bcsId: 2829} | ret=SUCCESS |  
2019-08-23 18:29:04,443 | INFO  | DNAudit | user=null | ip=null | op=WRITE_CHUNK {blockData=conID: 2 locID: 102667710917378585 bcsId: 2829} | ret=SUCCESS |  
2019-08-23 18:29:04,445 | INFO  | DNAudit | user=null | ip=null | op=WRITE_CHUNK {blockData=conID: 2 locID: 102667710917378585 bcsId: 2829} | ret=SUCCESS |  
2019-08-23 18:29:04,445 | INFO  | DNAudit | user=null | ip=null | op=PUT_BLOCK {blockData=[blockId=conID: 2 locID: 102667710917378585 bcsId: 0,size=3145728]} | ret=SUCCESS |  
2019-08-23 18:29:04,445 [grpc-default-executor-5] INFO  client.GrpcClientProtocolClient (GrpcClientProtocolClient.java:onNext(255)) - client-19C32667576E->48affcab-e6e4-4602-963a-f6a50efbd54c: receive RaftClientReply:client-19C32667576E->48affcab-e6e4-4602-963a-f6a50efbd54c@group-50C56EAF5137, cid=1933, SUCCESS, logIndex=2834, commits[48affcab-e6e4-4602-963a-f6a50efbd54c:c2835, 7e391b60-07ae-4d97-a027-4756e468c032:c2829, c5f86d96-67df-4f25-bde3-316f439d30b3:c2833]
2019-08-23 18:29:04,446 [grpc-default-executor-5] INFO  client.GrpcClientProtocolClient (GrpcClientProtocolClient.java:onNext(255)) - client-19C32667576E->48affcab-e6e4-4602-963a-f6a50efbd54c: receive RaftClientReply:client-19C32667576E->48affcab-e6e4-4602-963a-f6a50efbd54c@group-50C56EAF5137, cid=1934, SUCCESS, logIndex=2835, commits[48affcab-e6e4-4602-963a-f6a50efbd54c:c2835, 7e391b60-07ae-4d97-a027-4756e468c032:c2833, c5f86d96-67df-4f25-bde3-316f439d30b3:c2833]
2019-08-23 18:29:04,446 | INFO  | DNAudit | user=null | ip=null | op=WRITE_CHUNK {blockData=conID: 2 locID: 102667710917378585 bcsId: 2829} | ret=SUCCESS |  
2019-08-23 18:29:04,446 | INFO  | DNAudit | user=null | ip=null | op=WRITE_CHUNK {blockData=conID: 2 locID: 102667710917378585 bcsId: 2829} | ret=SUCCESS |  
2019-08-23 18:29:04,447 | INFO  | DNAudit | user=null | ip=null | op=PUT_BLOCK {blockData=[blockId=conID: 2 locID: 102667710917378585 bcsId: 0,size=3145728]} | ret=SUCCESS |  
2019-08-23 18:29:04,447 | INFO  | DNAudit | user=null | ip=null | op=PUT_BLOCK {blockData=[blockId=conID: 2 locID: 102667710917378585 bcsId: 0,size=3145728]} | ret=SUCCESS |  
2019-08-23 18:29:04,451 | INFO  | DNAudit | user=null | ip=null | op=WRITE_CHUNK {blockData=conID: 2 locID: 102667710917378585 bcsId: 2835} | ret=SUCCESS |  
2019-08-23 18:29:04,453 | INFO  | DNAudit | user=null | ip=null | op=WRITE_CHUNK {blockData=conID: 2 locID: 102667710917378585 bcsId: 2835} | ret=SUCCESS |  
2019-08-23 18:29:04,454 | INFO  | DNAudit | user=null | ip=null | op=WRITE_CHUNK {blockData=conID: 2 locID: 102667710917378585 bcsId: 2835} | ret=SUCCESS |  
2019-08-23 18:29:04,473 | INFO  | DNAudit | user=null | ip=null | op=WRITE_CHUNK {blockData=conID: 2 locID: 102667710917378585 bcsId: 2835} | ret=SUCCESS |  
2019-08-23 18:29:04,474 | INFO  | DNAudit | user=null | ip=null | op=PUT_BLOCK {blockData=[blockId=conID: 2 locID: 102667710917378585 bcsId: 0,size=4194304]} | ret=SUCCESS |  
2019-08-23 18:29:04,474 [grpc-default-executor-0] INFO  client.GrpcClientProtocolClient (GrpcClientProtocolClient.java:onNext(255)) - client-19C32667576E->48affcab-e6e4-4602-963a-f6a50efbd54c: receive RaftClientReply:client-19C32667576E->48affcab-e6e4-4602-963a-f6a50efbd54c@group-50C56EAF5137, cid=1935, SUCCESS, logIndex=2838, commits[48affcab-e6e4-4602-963a-f6a50efbd54c:c2839, 7e391b60-07ae-4d97-a027-4756e468c032:c2837, c5f86d96-67df-4f25-bde3-316f439d30b3:c2837]
2019-08-23 18:29:04,474 [grpc-default-executor-0] INFO  client.GrpcClientProtocolClient (GrpcClientProtocolClient.java:onNext(255)) - client-19C32667576E->48affcab-e6e4-4602-963a-f6a50efbd54c: receive RaftClientReply:client-19C32667576E->48affcab-e6e4-4602-963a-f6a50efbd54c@group-50C56EAF5137, cid=1936, SUCCESS, logIndex=2839, commits[48affcab-e6e4-4602-963a-f6a50efbd54c:c2839, 7e391b60-07ae-4d97-a027-4756e468c032:c2837, c5f86d96-67df-4f25-bde3-316f439d30b3:c2837]
2019-08-23 18:29:04,484 | INFO  | DNAudit | user=null | ip=null | op=WRITE_CHUNK {blockData=conID: 2 locID: 102667710917378585 bcsId: 2835} | ret=SUCCESS |  
2019-08-23 18:29:04,484 | INFO  | DNAudit | user=null | ip=null | op=WRITE_CHUNK {blockData=conID: 2 locID: 102667710917378585 bcsId: 2835} | ret=SUCCESS |  
2019-08-23 18:29:04,485 | INFO  | DNAudit | user=null | ip=null | op=PUT_BLOCK {blockData=[blockId=conID: 2 locID: 102667710917378585 bcsId: 0,size=4194304]} | ret=SUCCESS |  
2019-08-23 18:29:04,485 | INFO  | DNAudit | user=null | ip=null | op=PUT_BLOCK {blockData=[blockId=conID: 2 locID: 102667710917378585 bcsId: 0,size=4194304]} | ret=SUCCESS |  
2019-08-23 18:29:04,485 [grpc-default-executor-5] INFO  client.GrpcClientProtocolClient (GrpcClientProtocolClient.java:onNext(255)) - client-19C32667576E->48affcab-e6e4-4602-963a-f6a50efbd54c: receive RaftClientReply:client-19C32667576E->48affcab-e6e4-4602-963a-f6a50efbd54c@group-50C56EAF5137, cid=1937, SUCCESS, logIndex=0, commits[48affcab-e6e4-4602-963a-f6a50efbd54c:c2840, 7e391b60-07ae-4d97-a027-4756e468c032:c2839, c5f86d96-67df-4f25-bde3-316f439d30b3:c2839]
2019-08-23 18:29:04,490 | INFO  | SCMAudit | user=jenkins1000 | ip=192.168.34.23 | op=ALLOCATE_BLOCK {owner=1ceb8b80-28f1-43fd-86c3-175afc07b8d1, size=4194304, type=RATIS, factor=THREE} | ret=SUCCESS |  
2019-08-23 18:29:04,492 | INFO  | OMAudit | user=jenkins1000 | ip=127.0.0.1 | op=ALLOCATE_BLOCK {volume=vol-0-45438, bucket=bucket-0-23891, key=key-0-22455, dataSize=0, replicationType=null, replicationFactor=null, keyLocationInfo=null, clientID=102667710122492306} | ret=SUCCESS |  
2019-08-23 18:29:04,498 | INFO  | DNAudit | user=null | ip=null | op=WRITE_CHUNK {blockData=conID: 3 locID: 102667710922031642 bcsId: 0} | ret=SUCCESS |  
2019-08-23 18:29:04,500 | INFO  | DNAudit | user=null | ip=null | op=WRITE_CHUNK {blockData=conID: 3 locID: 102667710922031642 bcsId: 0} | ret=SUCCESS |  
2019-08-23 18:29:04,501 | INFO  | DNAudit | user=null | ip=null | op=WRITE_CHUNK {blockData=conID: 3 locID: 102667710922031642 bcsId: 0} | ret=SUCCESS |  
2019-08-23 18:29:04,501 | INFO  | DNAudit | user=null | ip=null | op=WRITE_CHUNK {blockData=conID: 3 locID: 102667710922031642 bcsId: 0} | ret=SUCCESS |  
2019-08-23 18:29:04,503 | INFO  | DNAudit | user=null | ip=null | op=WRITE_CHUNK {blockData=conID: 3 locID: 102667710922031642 bcsId: 0} | ret=SUCCESS |  
2019-08-23 18:29:04,503 | INFO  | DNAudit | user=null | ip=null | op=WRITE_CHUNK {blockData=conID: 3 locID: 102667710922031642 bcsId: 0} | ret=SUCCESS |  
2019-08-23 18:29:04,508 | INFO  | DNAudit | user=null | ip=null | op=WRITE_CHUNK {blockData=conID: 3 locID: 102667710922031642 bcsId: 0} | ret=SUCCESS |  
2019-08-23 18:29:04,509 | INFO  | DNAudit | user=null | ip=null | op=PUT_BLOCK {blockData=[blockId=conID: 3 locID: 102667710922031642 bcsId: 0,size=1048576]} | ret=SUCCESS |  
2019-08-23 18:29:04,509 | INFO  | DNAudit | user=null | ip=null | op=WRITE_CHUNK {blockData=conID: 3 locID: 102667710922031642 bcsId: 0} | ret=SUCCESS |  
2019-08-23 18:29:04,509 [grpc-default-executor-0] INFO  client.GrpcClientProtocolClient (GrpcClientProtocolClient.java:onNext(255)) - client-19C32667576E->48affcab-e6e4-4602-963a-f6a50efbd54c: receive RaftClientReply:client-19C32667576E->48affcab-e6e4-4602-963a-f6a50efbd54c@group-50C56EAF5137, cid=1938, SUCCESS, logIndex=2842, commits[48affcab-e6e4-4602-963a-f6a50efbd54c:c2843, 7e391b60-07ae-4d97-a027-4756e468c032:c2841, c5f86d96-67df-4f25-bde3-316f439d30b3:c2841]
2019-08-23 18:29:04,509 | INFO  | DNAudit | user=null | ip=null | op=PUT_BLOCK {blockData=[blockId=conID: 3 locID: 102667710922031642 bcsId: 0,size=2097152]} | ret=SUCCESS |  
2019-08-23 18:29:04,509 [grpc-default-executor-0] INFO  client.GrpcClientProtocolClient (GrpcClientProtocolClient.java:onNext(255)) - client-19C32667576E->48affcab-e6e4-4602-963a-f6a50efbd54c: receive RaftClientReply:client-19C32667576E->48affcab-e6e4-4602-963a-f6a50efbd54c@group-50C56EAF5137, cid=1939, SUCCESS, logIndex=2843, commits[48affcab-e6e4-4602-963a-f6a50efbd54c:c2845, 7e391b60-07ae-4d97-a027-4756e468c032:c2841, c5f86d96-67df-4f25-bde3-316f439d30b3:c2841]
2019-08-23 18:29:04,509 [grpc-default-executor-0] INFO  client.GrpcClientProtocolClient (GrpcClientProtocolClient.java:onNext(255)) - client-19C32667576E->48affcab-e6e4-4602-963a-f6a50efbd54c: receive RaftClientReply:client-19C32667576E->48affcab-e6e4-4602-963a-f6a50efbd54c@group-50C56EAF5137, cid=1940, SUCCESS, logIndex=2844, commits[48affcab-e6e4-4602-963a-f6a50efbd54c:c2845, 7e391b60-07ae-4d97-a027-4756e468c032:c2841, c5f86d96-67df-4f25-bde3-316f439d30b3:c2841]
2019-08-23 18:29:04,510 [grpc-default-executor-0] INFO  client.GrpcClientProtocolClient (GrpcClientProtocolClient.java:onNext(255)) - client-19C32667576E->48affcab-e6e4-4602-963a-f6a50efbd54c: receive RaftClientReply:client-19C32667576E->48affcab-e6e4-4602-963a-f6a50efbd54c@group-50C56EAF5137, cid=1941, SUCCESS, logIndex=2845, commits[48affcab-e6e4-4602-963a-f6a50efbd54c:c2845, 7e391b60-07ae-4d97-a027-4756e468c032:c2841, c5f86d96-67df-4f25-bde3-316f439d30b3:c2841]
2019-08-23 18:29:04,520 | INFO  | DNAudit | user=null | ip=null | op=WRITE_CHUNK {blockData=conID: 3 locID: 102667710922031642 bcsId: 0} | ret=SUCCESS |  
2019-08-23 18:29:04,520 | INFO  | DNAudit | user=null | ip=null | op=WRITE_CHUNK {blockData=conID: 3 locID: 102667710922031642 bcsId: 0} | ret=SUCCESS |  
2019-08-23 18:29:04,520 | INFO  | DNAudit | user=null | ip=null | op=PUT_BLOCK {blockData=[blockId=conID: 3 locID: 102667710922031642 bcsId: 0,size=1048576]} | ret=SUCCESS |  
2019-08-23 18:29:04,520 | INFO  | DNAudit | user=null | ip=null | op=PUT_BLOCK {blockData=[blockId=conID: 3 locID: 102667710922031642 bcsId: 0,size=1048576]} | ret=SUCCESS |  
2019-08-23 18:29:04,520 [grpc-default-executor-0] INFO  client.GrpcClientProtocolClient (GrpcClientProtocolClient.java:onNext(255)) - client-19C32667576E->48affcab-e6e4-4602-963a-f6a50efbd54c: receive RaftClientReply:client-19C32667576E->48affcab-e6e4-4602-963a-f6a50efbd54c@group-50C56EAF5137, cid=1942, SUCCESS, logIndex=0, commits[48affcab-e6e4-4602-963a-f6a50efbd54c:c2847, 7e391b60-07ae-4d97-a027-4756e468c032:c2843, c5f86d96-67df-4f25-bde3-316f439d30b3:c2843]
2019-08-23 18:29:04,521 | INFO  | DNAudit | user=null | ip=null | op=WRITE_CHUNK {blockData=conID: 3 locID: 102667710922031642 bcsId: 0} | ret=SUCCESS |  
2019-08-23 18:29:04,521 | INFO  | DNAudit | user=null | ip=null | op=WRITE_CHUNK {blockData=conID: 3 locID: 102667710922031642 bcsId: 0} | ret=SUCCESS |  
2019-08-23 18:29:04,521 | INFO  | DNAudit | user=null | ip=null | op=PUT_BLOCK {blockData=[blockId=conID: 3 locID: 102667710922031642 bcsId: 0,size=2097152]} | ret=SUCCESS |  
2019-08-23 18:29:04,521 | INFO  | DNAudit | user=null | ip=null | op=PUT_BLOCK {blockData=[blockId=conID: 3 locID: 102667710922031642 bcsId: 0,size=2097152]} | ret=SUCCESS |  
2019-08-23 18:29:04,526 | INFO  | DNAudit | user=null | ip=null | op=WRITE_CHUNK {blockData=conID: 3 locID: 102667710922031642 bcsId: 2845} | ret=SUCCESS |  
2019-08-23 18:29:04,528 | INFO  | DNAudit | user=null | ip=null | op=WRITE_CHUNK {blockData=conID: 3 locID: 102667710922031642 bcsId: 2845} | ret=SUCCESS |  
2019-08-23 18:29:04,529 | INFO  | DNAudit | user=null | ip=null | op=WRITE_CHUNK {blockData=conID: 3 locID: 102667710922031642 bcsId: 2845} | ret=SUCCESS |  
2019-08-23 18:29:04,538 | INFO  | DNAudit | user=null | ip=null | op=WRITE_CHUNK {blockData=conID: 3 locID: 102667710922031642 bcsId: 2845} | ret=SUCCESS |  
2019-08-23 18:29:04,539 | INFO  | DNAudit | user=null | ip=null | op=PUT_BLOCK {blockData=[blockId=conID: 3 locID: 102667710922031642 bcsId: 0,size=3145728]} | ret=SUCCESS |  
2019-08-23 18:29:04,539 [grpc-default-executor-0] INFO  client.GrpcClientProtocolClient (GrpcClientProtocolClient.java:onNext(255)) - client-19C32667576E->48affcab-e6e4-4602-963a-f6a50efbd54c: receive RaftClientReply:client-19C32667576E->48affcab-e6e4-4602-963a-f6a50efbd54c@group-50C56EAF5137, cid=1943, SUCCESS, logIndex=2850, commits[48affcab-e6e4-4602-963a-f6a50efbd54c:c2851, 7e391b60-07ae-4d97-a027-4756e468c032:c2849, c5f86d96-67df-4f25-bde3-316f439d30b3:c2849]
2019-08-23 18:29:04,539 [grpc-default-executor-0] INFO  client.GrpcClientProtocolClient (GrpcClientProtocolClient.java:onNext(255)) - client-19C32667576E->48affcab-e6e4-4602-963a-f6a50efbd54c: receive RaftClientReply:client-19C32667576E->48affcab-e6e4-4602-963a-f6a50efbd54c@group-50C56EAF5137, cid=1944, SUCCESS, logIndex=2851, commits[48affcab-e6e4-4602-963a-f6a50efbd54c:c2851, 7e391b60-07ae-4d97-a027-4756e468c032:c2849, c5f86d96-67df-4f25-bde3-316f439d30b3:c2849]
2019-08-23 18:29:04,544 | INFO  | DNAudit | user=null | ip=null | op=WRITE_CHUNK {blockData=conID: 3 locID: 102667710922031642 bcsId: 2851} | ret=SUCCESS |  
2019-08-23 18:29:04,546 | INFO  | DNAudit | user=null | ip=null | op=WRITE_CHUNK {blockData=conID: 3 locID: 102667710922031642 bcsId: 2851} | ret=SUCCESS |  
2019-08-23 18:29:04,546 | INFO  | DNAudit | user=null | ip=null | op=WRITE_CHUNK {blockData=conID: 3 locID: 102667710922031642 bcsId: 2851} | ret=SUCCESS |  
2019-08-23 18:29:04,551 | INFO  | DNAudit | user=null | ip=null | op=WRITE_CHUNK {blockData=conID: 3 locID: 102667710922031642 bcsId: 2845} | ret=SUCCESS |  
2019-08-23 18:29:04,551 | INFO  | DNAudit | user=null | ip=null | op=WRITE_CHUNK {blockData=conID: 3 locID: 102667710922031642 bcsId: 2845} | ret=SUCCESS |  
2019-08-23 18:29:04,551 | INFO  | DNAudit | user=null | ip=null | op=PUT_BLOCK {blockData=[blockId=conID: 3 locID: 102667710922031642 bcsId: 0,size=3145728]} | ret=SUCCESS |  
2019-08-23 18:29:04,552 | INFO  | DNAudit | user=null | ip=null | op=PUT_BLOCK {blockData=[blockId=conID: 3 locID: 102667710922031642 bcsId: 0,size=3145728]} | ret=SUCCESS |  
2019-08-23 18:29:04,552 | INFO  | DNAudit | user=null | ip=null | op=WRITE_CHUNK {blockData=conID: 3 locID: 102667710922031642 bcsId: 2851} | ret=SUCCESS |  
2019-08-23 18:29:04,552 | INFO  | DNAudit | user=null | ip=null | op=PUT_BLOCK {blockData=[blockId=conID: 3 locID: 102667710922031642 bcsId: 0,size=4194304]} | ret=SUCCESS |  
2019-08-23 18:29:04,553 [grpc-default-executor-5] INFO  client.GrpcClientProtocolClient (GrpcClientProtocolClient.java:onNext(255)) - client-19C32667576E->48affcab-e6e4-4602-963a-f6a50efbd54c: receive RaftClientReply:client-19C32667576E->48affcab-e6e4-4602-963a-f6a50efbd54c@group-50C56EAF5137, cid=1945, SUCCESS, logIndex=2854, commits[48affcab-e6e4-4602-963a-f6a50efbd54c:c2855, 7e391b60-07ae-4d97-a027-4756e468c032:c2851, c5f86d96-67df-4f25-bde3-316f439d30b3:c2851]
2019-08-23 18:29:04,553 [grpc-default-executor-5] INFO  client.GrpcClientProtocolClient (GrpcClientProtocolClient.java:onNext(255)) - client-19C32667576E->48affcab-e6e4-4602-963a-f6a50efbd54c: receive RaftClientReply:client-19C32667576E->48affcab-e6e4-4602-963a-f6a50efbd54c@group-50C56EAF5137, cid=1946, SUCCESS, logIndex=2855, commits[48affcab-e6e4-4602-963a-f6a50efbd54c:c2855, 7e391b60-07ae-4d97-a027-4756e468c032:c2851, c5f86d96-67df-4f25-bde3-316f439d30b3:c2851]
2019-08-23 18:29:04,563 | INFO  | DNAudit | user=null | ip=null | op=WRITE_CHUNK {blockData=conID: 3 locID: 102667710922031642 bcsId: 2851} | ret=SUCCESS |  
2019-08-23 18:29:04,563 | INFO  | DNAudit | user=null | ip=null | op=WRITE_CHUNK {blockData=conID: 3 locID: 102667710922031642 bcsId: 2851} | ret=SUCCESS |  
2019-08-23 18:29:04,564 | INFO  | DNAudit | user=null | ip=null | op=PUT_BLOCK {blockData=[blockId=conID: 3 locID: 102667710922031642 bcsId: 0,size=4194304]} | ret=SUCCESS |  
2019-08-23 18:29:04,565 | INFO  | DNAudit | user=null | ip=null | op=PUT_BLOCK {blockData=[blockId=conID: 3 locID: 102667710922031642 bcsId: 0,size=4194304]} | ret=SUCCESS |  
2019-08-23 18:29:04,565 [grpc-default-executor-0] INFO  client.GrpcClientProtocolClient (GrpcClientProtocolClient.java:onNext(255)) - client-19C32667576E->48affcab-e6e4-4602-963a-f6a50efbd54c: receive RaftClientReply:client-19C32667576E->48affcab-e6e4-4602-963a-f6a50efbd54c@group-50C56EAF5137, cid=1947, SUCCESS, logIndex=0, commits[48affcab-e6e4-4602-963a-f6a50efbd54c:c2857, 7e391b60-07ae-4d97-a027-4756e468c032:c2855, c5f86d96-67df-4f25-bde3-316f439d30b3:c2855]
2019-08-23 18:29:04,569 | INFO  | SCMAudit | user=jenkins1000 | ip=192.168.34.23 | op=ALLOCATE_BLOCK {owner=1ceb8b80-28f1-43fd-86c3-175afc07b8d1, size=4194304, type=RATIS, factor=THREE} | ret=SUCCESS |  
2019-08-23 18:29:04,572 | INFO  | OMAudit | user=jenkins1000 | ip=127.0.0.1 | op=ALLOCATE_BLOCK {volume=vol-0-45438, bucket=bucket-0-23891, key=key-0-22455, dataSize=0, replicationType=null, replicationFactor=null, keyLocationInfo=null, clientID=102667710122492306} | ret=SUCCESS |  
2019-08-23 18:29:04,577 | INFO  | DNAudit | user=null | ip=null | op=WRITE_CHUNK {blockData=conID: 1 locID: 102667710927274523 bcsId: 0} | ret=SUCCESS |  
2019-08-23 18:29:04,579 | INFO  | DNAudit | user=null | ip=null | op=WRITE_CHUNK {blockData=conID: 1 locID: 102667710927274523 bcsId: 0} | ret=SUCCESS |  
2019-08-23 18:29:04,579 | INFO  | DNAudit | user=null | ip=null | op=WRITE_CHUNK {blockData=conID: 1 locID: 102667710927274523 bcsId: 0} | ret=SUCCESS |  
2019-08-23 18:29:04,579 | INFO  | DNAudit | user=null | ip=null | op=WRITE_CHUNK {blockData=conID: 1 locID: 102667710927274523 bcsId: 0} | ret=SUCCESS |  
2019-08-23 18:29:04,581 | INFO  | DNAudit | user=null | ip=null | op=WRITE_CHUNK {blockData=conID: 1 locID: 102667710927274523 bcsId: 0} | ret=SUCCESS |  
2019-08-23 18:29:04,581 | INFO  | DNAudit | user=null | ip=null | op=WRITE_CHUNK {blockData=conID: 1 locID: 102667710927274523 bcsId: 0} | ret=SUCCESS |  
2019-08-23 18:29:04,591 | INFO  | DNAudit | user=null | ip=null | op=WRITE_CHUNK {blockData=conID: 1 locID: 102667710927274523 bcsId: 0} | ret=SUCCESS |  
2019-08-23 18:29:04,592 | INFO  | DNAudit | user=null | ip=null | op=PUT_BLOCK {blockData=[blockId=conID: 1 locID: 102667710927274523 bcsId: 0,size=1048576]} | ret=SUCCESS |  
2019-08-23 18:29:04,592 [grpc-default-executor-0] INFO  client.GrpcClientProtocolClient (GrpcClientProtocolClient.java:onNext(255)) - client-19C32667576E->48affcab-e6e4-4602-963a-f6a50efbd54c: receive RaftClientReply:client-19C32667576E->48affcab-e6e4-4602-963a-f6a50efbd54c@group-50C56EAF5137, cid=1948, SUCCESS, logIndex=2858, commits[48affcab-e6e4-4602-963a-f6a50efbd54c:c2859, 7e391b60-07ae-4d97-a027-4756e468c032:c2857, c5f86d96-67df-4f25-bde3-316f439d30b3:c2857]
2019-08-23 18:29:04,592 | INFO  | DNAudit | user=null | ip=null | op=WRITE_CHUNK {blockData=conID: 1 locID: 102667710927274523 bcsId: 0} | ret=SUCCESS |  
2019-08-23 18:29:04,592 [grpc-default-executor-0] INFO  client.GrpcClientProtocolClient (GrpcClientProtocolClient.java:onNext(255)) - client-19C32667576E->48affcab-e6e4-4602-963a-f6a50efbd54c: receive RaftClientReply:client-19C32667576E->48affcab-e6e4-4602-963a-f6a50efbd54c@group-50C56EAF5137, cid=1949, SUCCESS, logIndex=2859, commits[48affcab-e6e4-4602-963a-f6a50efbd54c:c2859, 7e391b60-07ae-4d97-a027-4756e468c032:c2857, c5f86d96-67df-4f25-bde3-316f439d30b3:c2857]
2019-08-23 18:29:04,592 | INFO  | DNAudit | user=null | ip=null | op=PUT_BLOCK {blockData=[blockId=conID: 1 locID: 102667710927274523 bcsId: 0,size=2097152]} | ret=SUCCESS |  
2019-08-23 18:29:04,593 [grpc-default-executor-0] INFO  client.GrpcClientProtocolClient (GrpcClientProtocolClient.java:onNext(255)) - client-19C32667576E->48affcab-e6e4-4602-963a-f6a50efbd54c: receive RaftClientReply:client-19C32667576E->48affcab-e6e4-4602-963a-f6a50efbd54c@group-50C56EAF5137, cid=1950, SUCCESS, logIndex=2860, commits[48affcab-e6e4-4602-963a-f6a50efbd54c:c2861, 7e391b60-07ae-4d97-a027-4756e468c032:c2857, c5f86d96-67df-4f25-bde3-316f439d30b3:c2857]
2019-08-23 18:29:04,593 [grpc-default-executor-0] INFO  client.GrpcClientProtocolClient (GrpcClientProtocolClient.java:onNext(255)) - client-19C32667576E->48affcab-e6e4-4602-963a-f6a50efbd54c: receive RaftClientReply:client-19C32667576E->48affcab-e6e4-4602-963a-f6a50efbd54c@group-50C56EAF5137, cid=1951, SUCCESS, logIndex=2861, commits[48affcab-e6e4-4602-963a-f6a50efbd54c:c2861, 7e391b60-07ae-4d97-a027-4756e468c032:c2857, c5f86d96-67df-4f25-bde3-316f439d30b3:c2857]
2019-08-23 18:29:04,593 | INFO  | DNAudit | user=null | ip=null | op=WRITE_CHUNK {blockData=conID: 1 locID: 102667710927274523 bcsId: 0} | ret=SUCCESS |  
2019-08-23 18:29:04,593 | INFO  | DNAudit | user=null | ip=null | op=PUT_BLOCK {blockData=[blockId=conID: 1 locID: 102667710927274523 bcsId: 0,size=1048576]} | ret=SUCCESS |  
2019-08-23 18:29:04,594 | INFO  | DNAudit | user=null | ip=null | op=WRITE_CHUNK {blockData=conID: 1 locID: 102667710927274523 bcsId: 0} | ret=SUCCESS |  
2019-08-23 18:29:04,594 | INFO  | DNAudit | user=null | ip=null | op=PUT_BLOCK {blockData=[blockId=conID: 1 locID: 102667710927274523 bcsId: 0,size=1048576]} | ret=SUCCESS |  
2019-08-23 18:29:04,594 | INFO  | DNAudit | user=null | ip=null | op=WRITE_CHUNK {blockData=conID: 1 locID: 102667710927274523 bcsId: 0} | ret=SUCCESS |  
2019-08-23 18:29:04,594 | INFO  | DNAudit | user=null | ip=null | op=PUT_BLOCK {blockData=[blockId=conID: 1 locID: 102667710927274523 bcsId: 0,size=2097152]} | ret=SUCCESS |  
2019-08-23 18:29:04,594 [grpc-default-executor-5] INFO  client.GrpcClientProtocolClient (GrpcClientProtocolClient.java:onNext(255)) - client-19C32667576E->48affcab-e6e4-4602-963a-f6a50efbd54c: receive RaftClientReply:client-19C32667576E->48affcab-e6e4-4602-963a-f6a50efbd54c@group-50C56EAF5137, cid=1952, SUCCESS, logIndex=0, commits[48affcab-e6e4-4602-963a-f6a50efbd54c:c2863, 7e391b60-07ae-4d97-a027-4756e468c032:c2859, c5f86d96-67df-4f25-bde3-316f439d30b3:c2859]
2019-08-23 18:29:04,594 | INFO  | DNAudit | user=null | ip=null | op=WRITE_CHUNK {blockData=conID: 1 locID: 102667710927274523 bcsId: 0} | ret=SUCCESS |  
2019-08-23 18:29:04,595 | INFO  | DNAudit | user=null | ip=null | op=PUT_BLOCK {blockData=[blockId=conID: 1 locID: 102667710927274523 bcsId: 0,size=2097152]} | ret=SUCCESS |  
2019-08-23 18:29:04,600 | INFO  | DNAudit | user=null | ip=null | op=WRITE_CHUNK {blockData=conID: 1 locID: 102667710927274523 bcsId: 2861} | ret=SUCCESS |  
2019-08-23 18:29:04,602 | INFO  | DNAudit | user=null | ip=null | op=WRITE_CHUNK {blockData=conID: 1 locID: 102667710927274523 bcsId: 2861} | ret=SUCCESS |  
2019-08-23 18:29:04,602 | INFO  | DNAudit | user=null | ip=null | op=WRITE_CHUNK {blockData=conID: 1 locID: 102667710927274523 bcsId: 2861} | ret=SUCCESS |  
2019-08-23 18:29:04,612 | INFO  | DNAudit | user=null | ip=null | op=WRITE_CHUNK {blockData=conID: 1 locID: 102667710927274523 bcsId: 2861} | ret=SUCCESS |  
2019-08-23 18:29:04,613 | INFO  | DNAudit | user=null | ip=null | op=PUT_BLOCK {blockData=[blockId=conID: 1 locID: 102667710927274523 bcsId: 0,size=3145728]} | ret=SUCCESS |  
2019-08-23 18:29:04,613 | INFO  | SCMAudit | user=jenkins1000 | ip=192.168.34.23 | op=SEND_HEARTBEAT {datanodeUUID=c83cddd0-22b5-491d-bff0-a36373498de2, command=[]} | ret=SUCCESS |  
2019-08-23 18:29:04,613 [grpc-default-executor-5] INFO  client.GrpcClientProtocolClient (GrpcClientProtocolClient.java:onNext(255)) - client-19C32667576E->48affcab-e6e4-4602-963a-f6a50efbd54c: receive RaftClientReply:client-19C32667576E->48affcab-e6e4-4602-963a-f6a50efbd54c@group-50C56EAF5137, cid=1953, SUCCESS, logIndex=2866, commits[48affcab-e6e4-4602-963a-f6a50efbd54c:c2867, 7e391b60-07ae-4d97-a027-4756e468c032:c2865, c5f86d96-67df-4f25-bde3-316f439d30b3:c2865]
2019-08-23 18:29:04,613 [grpc-default-executor-5] INFO  client.GrpcClientProtocolClient (GrpcClientProtocolClient.java:onNext(255)) - client-19C32667576E->48affcab-e6e4-4602-963a-f6a50efbd54c: receive RaftClientReply:client-19C32667576E->48affcab-e6e4-4602-963a-f6a50efbd54c@group-50C56EAF5137, cid=1954, SUCCESS, logIndex=2867, commits[48affcab-e6e4-4602-963a-f6a50efbd54c:c2867, 7e391b60-07ae-4d97-a027-4756e468c032:c2865, c5f86d96-67df-4f25-bde3-316f439d30b3:c2865]
 0.00% |█                                                                                                    |  0/1 Time: 0:00:122019-08-23 18:29:04,619 | INFO  | DNAudit | user=null | ip=null | op=WRITE_CHUNK {blockData=conID: 1 locID: 102667710927274523 bcsId: 2867} | ret=SUCCESS |  
2019-08-23 18:29:04,621 | INFO  | DNAudit | user=null | ip=null | op=WRITE_CHUNK {blockData=conID: 1 locID: 102667710927274523 bcsId: 2867} | ret=SUCCESS |  
2019-08-23 18:29:04,621 | INFO  | DNAudit | user=null | ip=null | op=WRITE_CHUNK {blockData=conID: 1 locID: 102667710927274523 bcsId: 2867} | ret=SUCCESS |  
2019-08-23 18:29:04,624 | INFO  | DNAudit | user=null | ip=null | op=WRITE_CHUNK {blockData=conID: 1 locID: 102667710927274523 bcsId: 2861} | ret=SUCCESS |  
2019-08-23 18:29:04,624 | INFO  | DNAudit | user=null | ip=null | op=WRITE_CHUNK {blockData=conID: 1 locID: 102667710927274523 bcsId: 2861} | ret=SUCCESS |  
2019-08-23 18:29:04,627 | INFO  | DNAudit | user=null | ip=null | op=PUT_BLOCK {blockData=[blockId=conID: 1 locID: 102667710927274523 bcsId: 0,size=3145728]} | ret=SUCCESS |  
2019-08-23 18:29:04,627 | INFO  | DNAudit | user=null | ip=null | op=PUT_BLOCK {blockData=[blockId=conID: 1 locID: 102667710927274523 bcsId: 0,size=3145728]} | ret=SUCCESS |  
2019-08-23 18:29:04,627 | INFO  | DNAudit | user=null | ip=null | op=WRITE_CHUNK {blockData=conID: 1 locID: 102667710927274523 bcsId: 2867} | ret=SUCCESS |  
2019-08-23 18:29:04,627 | INFO  | DNAudit | user=null | ip=null | op=PUT_BLOCK {blockData=[blockId=conID: 1 locID: 102667710927274523 bcsId: 0,size=4194304]} | ret=SUCCESS |  
2019-08-23 18:29:04,628 [grpc-default-executor-5] INFO  client.GrpcClientProtocolClient (GrpcClientProtocolClient.java:onNext(255)) - client-19C32667576E->48affcab-e6e4-4602-963a-f6a50efbd54c: receive RaftClientReply:client-19C32667576E->48affcab-e6e4-4602-963a-f6a50efbd54c@group-50C56EAF5137, cid=1955, SUCCESS, logIndex=2870, commits[48affcab-e6e4-4602-963a-f6a50efbd54c:c2871, 7e391b60-07ae-4d97-a027-4756e468c032:c2867, c5f86d96-67df-4f25-bde3-316f439d30b3:c2867]
2019-08-23 18:29:04,628 [grpc-default-executor-5] INFO  client.GrpcClientProtocolClient (GrpcClientProtocolClient.java:onNext(255)) - client-19C32667576E->48affcab-e6e4-4602-963a-f6a50efbd54c: receive RaftClientReply:client-19C32667576E->48affcab-e6e4-4602-963a-f6a50efbd54c@group-50C56EAF5137, cid=1956, SUCCESS, logIndex=2871, commits[48affcab-e6e4-4602-963a-f6a50efbd54c:c2871, 7e391b60-07ae-4d97-a027-4756e468c032:c2867, c5f86d96-67df-4f25-bde3-316f439d30b3:c2867]
2019-08-23 18:29:04,638 | INFO  | DNAudit | user=null | ip=null | op=WRITE_CHUNK {blockData=conID: 1 locID: 102667710927274523 bcsId: 2867} | ret=SUCCESS |  
2019-08-23 18:29:04,638 | INFO  | DNAudit | user=null | ip=null | op=WRITE_CHUNK {blockData=conID: 1 locID: 102667710927274523 bcsId: 2867} | ret=SUCCESS |  
2019-08-23 18:29:04,640 | INFO  | DNAudit | user=null | ip=null | op=PUT_BLOCK {blockData=[blockId=conID: 1 locID: 102667710927274523 bcsId: 0,size=4194304]} | ret=SUCCESS |  
2019-08-23 18:29:04,640 | INFO  | DNAudit | user=null | ip=null | op=PUT_BLOCK {blockData=[blockId=conID: 1 locID: 102667710927274523 bcsId: 0,size=4194304]} | ret=SUCCESS |  
2019-08-23 18:29:04,640 [grpc-default-executor-0] INFO  client.GrpcClientProtocolClient (GrpcClientProtocolClient.java:onNext(255)) - client-19C32667576E->48affcab-e6e4-4602-963a-f6a50efbd54c: receive RaftClientReply:client-19C32667576E->48affcab-e6e4-4602-963a-f6a50efbd54c@group-50C56EAF5137, cid=1957, SUCCESS, logIndex=0, commits[48affcab-e6e4-4602-963a-f6a50efbd54c:c2873, 7e391b60-07ae-4d97-a027-4756e468c032:c2871, c5f86d96-67df-4f25-bde3-316f439d30b3:c2871]
2019-08-23 18:29:04,644 | INFO  | SCMAudit | user=jenkins1000 | ip=192.168.34.23 | op=ALLOCATE_BLOCK {owner=1ceb8b80-28f1-43fd-86c3-175afc07b8d1, size=4194304, type=RATIS, factor=THREE} | ret=SUCCESS |  
2019-08-23 18:29:04,647 | INFO  | OMAudit | user=jenkins1000 | ip=127.0.0.1 | op=ALLOCATE_BLOCK {volume=vol-0-45438, bucket=bucket-0-23891, key=key-0-22455, dataSize=0, replicationType=null, replicationFactor=null, keyLocationInfo=null, clientID=102667710122492306} | ret=SUCCESS |  
2019-08-23 18:29:04,653 | INFO  | DNAudit | user=null | ip=null | op=WRITE_CHUNK {blockData=conID: 2 locID: 102667710932189724 bcsId: 0} | ret=SUCCESS |  
2019-08-23 18:29:04,654 | INFO  | DNAudit | user=null | ip=null | op=WRITE_CHUNK {blockData=conID: 2 locID: 102667710932189724 bcsId: 0} | ret=SUCCESS |  
2019-08-23 18:29:04,655 | INFO  | DNAudit | user=null | ip=null | op=WRITE_CHUNK {blockData=conID: 2 locID: 102667710932189724 bcsId: 0} | ret=SUCCESS |  
2019-08-23 18:29:04,655 | INFO  | DNAudit | user=null | ip=null | op=WRITE_CHUNK {blockData=conID: 2 locID: 102667710932189724 bcsId: 0} | ret=SUCCESS |  
2019-08-23 18:29:04,656 | INFO  | DNAudit | user=null | ip=null | op=WRITE_CHUNK {blockData=conID: 2 locID: 102667710932189724 bcsId: 0} | ret=SUCCESS |  
2019-08-23 18:29:04,656 | INFO  | DNAudit | user=null | ip=null | op=WRITE_CHUNK {blockData=conID: 2 locID: 102667710932189724 bcsId: 0} | ret=SUCCESS |  
2019-08-23 18:29:04,658 | INFO  | DNAudit | user=null | ip=null | op=WRITE_CHUNK {blockData=conID: 2 locID: 102667710932189724 bcsId: 0} | ret=SUCCESS |  
2019-08-23 18:29:04,658 | INFO  | DNAudit | user=null | ip=null | op=PUT_BLOCK {blockData=[blockId=conID: 2 locID: 102667710932189724 bcsId: 0,size=1048576]} | ret=SUCCESS |  
2019-08-23 18:29:04,658 | INFO  | DNAudit | user=null | ip=null | op=WRITE_CHUNK {blockData=conID: 2 locID: 102667710932189724 bcsId: 0} | ret=SUCCESS |  
2019-08-23 18:29:04,658 [grpc-default-executor-5] INFO  client.GrpcClientProtocolClient (GrpcClientProtocolClient.java:onNext(255)) - client-19C32667576E->48affcab-e6e4-4602-963a-f6a50efbd54c: receive RaftClientReply:client-19C32667576E->48affcab-e6e4-4602-963a-f6a50efbd54c@group-50C56EAF5137, cid=1958, SUCCESS, logIndex=2874, commits[48affcab-e6e4-4602-963a-f6a50efbd54c:c2877, 7e391b60-07ae-4d97-a027-4756e468c032:c2873, c5f86d96-67df-4f25-bde3-316f439d30b3:c2871]
2019-08-23 18:29:04,658 | INFO  | DNAudit | user=null | ip=null | op=PUT_BLOCK {blockData=[blockId=conID: 2 locID: 102667710932189724 bcsId: 0,size=2097152]} | ret=SUCCESS |  
2019-08-23 18:29:04,658 [grpc-default-executor-5] INFO  client.GrpcClientProtocolClient (GrpcClientProtocolClient.java:onNext(255)) - client-19C32667576E->48affcab-e6e4-4602-963a-f6a50efbd54c: receive RaftClientReply:client-19C32667576E->48affcab-e6e4-4602-963a-f6a50efbd54c@group-50C56EAF5137, cid=1959, SUCCESS, logIndex=2875, commits[48affcab-e6e4-4602-963a-f6a50efbd54c:c2877, 7e391b60-07ae-4d97-a027-4756e468c032:c2873, c5f86d96-67df-4f25-bde3-316f439d30b3:c2873]
2019-08-23 18:29:04,659 | INFO  | DNAudit | user=null | ip=null | op=WRITE_CHUNK {blockData=conID: 2 locID: 102667710932189724 bcsId: 0} | ret=SUCCESS |  
2019-08-23 18:29:04,659 [grpc-default-executor-5] INFO  client.GrpcClientProtocolClient (GrpcClientProtocolClient.java:onNext(255)) - client-19C32667576E->48affcab-e6e4-4602-963a-f6a50efbd54c: receive RaftClientReply:client-19C32667576E->48affcab-e6e4-4602-963a-f6a50efbd54c@group-50C56EAF5137, cid=1960, SUCCESS, logIndex=2876, commits[48affcab-e6e4-4602-963a-f6a50efbd54c:c2877, 7e391b60-07ae-4d97-a027-4756e468c032:c2873, c5f86d96-67df-4f25-bde3-316f439d30b3:c2873]
2019-08-23 18:29:04,659 | INFO  | DNAudit | user=null | ip=null | op=PUT_BLOCK {blockData=[blockId=conID: 2 locID: 102667710932189724 bcsId: 0,size=1048576]} | ret=SUCCESS |  
2019-08-23 18:29:04,659 [grpc-default-executor-5] INFO  client.GrpcClientProtocolClient (GrpcClientProtocolClient.java:onNext(255)) - client-19C32667576E->48affcab-e6e4-4602-963a-f6a50efbd54c: receive RaftClientReply:client-19C32667576E->48affcab-e6e4-4602-963a-f6a50efbd54c@group-50C56EAF5137, cid=1961, SUCCESS, logIndex=2877, commits[48affcab-e6e4-4602-963a-f6a50efbd54c:c2877, 7e391b60-07ae-4d97-a027-4756e468c032:c2873, c5f86d96-67df-4f25-bde3-316f439d30b3:c2873]
2019-08-23 18:29:04,660 | INFO  | DNAudit | user=null | ip=null | op=WRITE_CHUNK {blockData=conID: 2 locID: 102667710932189724 bcsId: 0} | ret=SUCCESS |  
2019-08-23 18:29:04,660 | INFO  | DNAudit | user=null | ip=null | op=PUT_BLOCK {blockData=[blockId=conID: 2 locID: 102667710932189724 bcsId: 0,size=1048576]} | ret=SUCCESS |  
2019-08-23 18:29:04,660 | INFO  | DNAudit | user=null | ip=null | op=WRITE_CHUNK {blockData=conID: 2 locID: 102667710932189724 bcsId: 0} | ret=SUCCESS |  
2019-08-23 18:29:04,660 | INFO  | DNAudit | user=null | ip=null | op=PUT_BLOCK {blockData=[blockId=conID: 2 locID: 102667710932189724 bcsId: 0,size=2097152]} | ret=SUCCESS |  
2019-08-23 18:29:04,660 [grpc-default-executor-5] INFO  client.GrpcClientProtocolClient (GrpcClientProtocolClient.java:onNext(255)) - client-19C32667576E->48affcab-e6e4-4602-963a-f6a50efbd54c: receive RaftClientReply:client-19C32667576E->48affcab-e6e4-4602-963a-f6a50efbd54c@group-50C56EAF5137, cid=1962, SUCCESS, logIndex=0, commits[48affcab-e6e4-4602-963a-f6a50efbd54c:c2879, 7e391b60-07ae-4d97-a027-4756e468c032:c2875, c5f86d96-67df-4f25-bde3-316f439d30b3:c2875]
2019-08-23 18:29:04,660 | INFO  | DNAudit | user=null | ip=null | op=WRITE_CHUNK {blockData=conID: 2 locID: 102667710932189724 bcsId: 0} | ret=SUCCESS |  
2019-08-23 18:29:04,660 | INFO  | DNAudit | user=null | ip=null | op=PUT_BLOCK {blockData=[blockId=conID: 2 locID: 102667710932189724 bcsId: 0,size=2097152]} | ret=SUCCESS |  
2019-08-23 18:29:04,666 | INFO  | DNAudit | user=null | ip=null | op=WRITE_CHUNK {blockData=conID: 2 locID: 102667710932189724 bcsId: 2877} | ret=SUCCESS |  
2019-08-23 18:29:04,668 | INFO  | DNAudit | user=null | ip=null | op=WRITE_CHUNK {blockData=conID: 2 locID: 102667710932189724 bcsId: 2877} | ret=SUCCESS |  
2019-08-23 18:29:04,668 | INFO  | DNAudit | user=null | ip=null | op=WRITE_CHUNK {blockData=conID: 2 locID: 102667710932189724 bcsId: 2877} | ret=SUCCESS |  
2019-08-23 18:29:04,678 | INFO  | DNAudit | user=null | ip=null | op=WRITE_CHUNK {blockData=conID: 2 locID: 102667710932189724 bcsId: 2877} | ret=SUCCESS |  
2019-08-23 18:29:04,678 | INFO  | DNAudit | user=null | ip=null | op=PUT_BLOCK {blockData=[blockId=conID: 2 locID: 102667710932189724 bcsId: 0,size=3145728]} | ret=SUCCESS |  
2019-08-23 18:29:04,678 [grpc-default-executor-0] INFO  client.GrpcClientProtocolClient (GrpcClientProtocolClient.java:onNext(255)) - client-19C32667576E->48affcab-e6e4-4602-963a-f6a50efbd54c: receive RaftClientReply:client-19C32667576E->48affcab-e6e4-4602-963a-f6a50efbd54c@group-50C56EAF5137, cid=1963, SUCCESS, logIndex=2882, commits[48affcab-e6e4-4602-963a-f6a50efbd54c:c2883, 7e391b60-07ae-4d97-a027-4756e468c032:c2881, c5f86d96-67df-4f25-bde3-316f439d30b3:c2881]
2019-08-23 18:29:04,679 [grpc-default-executor-0] INFO  client.GrpcClientProtocolClient (GrpcClientProtocolClient.java:onNext(255)) - client-19C32667576E->48affcab-e6e4-4602-963a-f6a50efbd54c: receive RaftClientReply:client-19C32667576E->48affcab-e6e4-4602-963a-f6a50efbd54c@group-50C56EAF5137, cid=1964, SUCCESS, logIndex=2883, commits[48affcab-e6e4-4602-963a-f6a50efbd54c:c2883, 7e391b60-07ae-4d97-a027-4756e468c032:c2881, c5f86d96-67df-4f25-bde3-316f439d30b3:c2881]
2019-08-23 18:29:04,682 | INFO  | DNAudit | user=null | ip=null | op=WRITE_CHUNK {blockData=conID: 2 locID: 102667710932189724 bcsId: 2877} | ret=SUCCESS |  
2019-08-23 18:29:04,682 | INFO  | DNAudit | user=null | ip=null | op=WRITE_CHUNK {blockData=conID: 2 locID: 102667710932189724 bcsId: 2877} | ret=SUCCESS |  
2019-08-23 18:29:04,683 | INFO  | DNAudit | user=null | ip=null | op=PUT_BLOCK {blockData=[blockId=conID: 2 locID: 102667710932189724 bcsId: 0,size=3145728]} | ret=SUCCESS |  
2019-08-23 18:29:04,684 | INFO  | DNAudit | user=null | ip=null | op=PUT_BLOCK {blockData=[blockId=conID: 2 locID: 102667710932189724 bcsId: 0,size=3145728]} | ret=SUCCESS |  
2019-08-23 18:29:04,685 | INFO  | DNAudit | user=null | ip=null | op=WRITE_CHUNK {blockData=conID: 2 locID: 102667710932189724 bcsId: 2883} | ret=SUCCESS |  
2019-08-23 18:29:04,687 | INFO  | DNAudit | user=null | ip=null | op=WRITE_CHUNK {blockData=conID: 2 locID: 102667710932189724 bcsId: 2883} | ret=SUCCESS |  
2019-08-23 18:29:04,687 | INFO  | DNAudit | user=null | ip=null | op=WRITE_CHUNK {blockData=conID: 2 locID: 102667710932189724 bcsId: 2883} | ret=SUCCESS |  
2019-08-23 18:29:04,690 | INFO  | DNAudit | user=null | ip=null | op=WRITE_CHUNK {blockData=conID: 2 locID: 102667710932189724 bcsId: 2883} | ret=SUCCESS |  
2019-08-23 18:29:04,690 | INFO  | DNAudit | user=null | ip=null | op=PUT_BLOCK {blockData=[blockId=conID: 2 locID: 102667710932189724 bcsId: 0,size=4194304]} | ret=SUCCESS |  
2019-08-23 18:29:04,690 [grpc-default-executor-3] INFO  client.GrpcClientProtocolClient (GrpcClientProtocolClient.java:onNext(255)) - client-19C32667576E->48affcab-e6e4-4602-963a-f6a50efbd54c: receive RaftClientReply:client-19C32667576E->48affcab-e6e4-4602-963a-f6a50efbd54c@group-50C56EAF5137, cid=1965, SUCCESS, logIndex=2886, commits[48affcab-e6e4-4602-963a-f6a50efbd54c:c2887, 7e391b60-07ae-4d97-a027-4756e468c032:c2885, c5f86d96-67df-4f25-bde3-316f439d30b3:c2883]
2019-08-23 18:29:04,690 [grpc-default-executor-3] INFO  client.GrpcClientProtocolClient (GrpcClientProtocolClient.java:onNext(255)) - client-19C32667576E->48affcab-e6e4-4602-963a-f6a50efbd54c: receive RaftClientReply:client-19C32667576E->48affcab-e6e4-4602-963a-f6a50efbd54c@group-50C56EAF5137, cid=1966, SUCCESS, logIndex=2887, commits[48affcab-e6e4-4602-963a-f6a50efbd54c:c2887, 7e391b60-07ae-4d97-a027-4756e468c032:c2885, c5f86d96-67df-4f25-bde3-316f439d30b3:c2885]
2019-08-23 18:29:04,691 | INFO  | DNAudit | user=null | ip=null | op=WRITE_CHUNK {blockData=conID: 2 locID: 102667710932189724 bcsId: 2883} | ret=SUCCESS |  
2019-08-23 18:29:04,691 | INFO  | DNAudit | user=null | ip=null | op=WRITE_CHUNK {blockData=conID: 2 locID: 102667710932189724 bcsId: 2883} | ret=SUCCESS |  
2019-08-23 18:29:04,691 | INFO  | DNAudit | user=null | ip=null | op=PUT_BLOCK {blockData=[blockId=conID: 2 locID: 102667710932189724 bcsId: 0,size=4194304]} | ret=SUCCESS |  
2019-08-23 18:29:04,691 | INFO  | DNAudit | user=null | ip=null | op=PUT_BLOCK {blockData=[blockId=conID: 2 locID: 102667710932189724 bcsId: 0,size=4194304]} | ret=SUCCESS |  
2019-08-23 18:29:04,691 [grpc-default-executor-0] INFO  client.GrpcClientProtocolClient (GrpcClientProtocolClient.java:onNext(255)) - client-19C32667576E->48affcab-e6e4-4602-963a-f6a50efbd54c: receive RaftClientReply:client-19C32667576E->48affcab-e6e4-4602-963a-f6a50efbd54c@group-50C56EAF5137, cid=1967, SUCCESS, logIndex=0, commits[48affcab-e6e4-4602-963a-f6a50efbd54c:c2888, 7e391b60-07ae-4d97-a027-4756e468c032:c2887, c5f86d96-67df-4f25-bde3-316f439d30b3:c2887]
2019-08-23 18:29:04,695 | INFO  | SCMAudit | user=jenkins1000 | ip=192.168.34.23 | op=ALLOCATE_BLOCK {owner=1ceb8b80-28f1-43fd-86c3-175afc07b8d1, size=4194304, type=RATIS, factor=THREE} | ret=SUCCESS |  
2019-08-23 18:29:04,697 | INFO  | OMAudit | user=jenkins1000 | ip=127.0.0.1 | op=ALLOCATE_BLOCK {volume=vol-0-45438, bucket=bucket-0-23891, key=key-0-22455, dataSize=0, replicationType=null, replicationFactor=null, keyLocationInfo=null, clientID=102667710122492306} | ret=SUCCESS |  
2019-08-23 18:29:04,704 | INFO  | DNAudit | user=null | ip=null | op=WRITE_CHUNK {blockData=conID: 3 locID: 102667710935532061 bcsId: 0} | ret=SUCCESS |  
2019-08-23 18:29:04,706 | INFO  | DNAudit | user=null | ip=null | op=WRITE_CHUNK {blockData=conID: 3 locID: 102667710935532061 bcsId: 0} | ret=SUCCESS |  
2019-08-23 18:29:04,707 | INFO  | DNAudit | user=null | ip=null | op=WRITE_CHUNK {blockData=conID: 3 locID: 102667710935532061 bcsId: 0} | ret=SUCCESS |  
2019-08-23 18:29:04,708 | INFO  | DNAudit | user=null | ip=null | op=WRITE_CHUNK {blockData=conID: 3 locID: 102667710935532061 bcsId: 0} | ret=SUCCESS |  
2019-08-23 18:29:04,709 | INFO  | SCMAudit | user=jenkins1000 | ip=192.168.34.23 | op=SEND_HEARTBEAT {datanodeUUID=c5f86d96-67df-4f25-bde3-316f439d30b3, command=[]} | ret=SUCCESS |  
2019-08-23 18:29:04,709 | INFO  | DNAudit | user=null | ip=null | op=WRITE_CHUNK {blockData=conID: 3 locID: 102667710935532061 bcsId: 0} | ret=SUCCESS |  
2019-08-23 18:29:04,709 | INFO  | DNAudit | user=null | ip=null | op=WRITE_CHUNK {blockData=conID: 3 locID: 102667710935532061 bcsId: 0} | ret=SUCCESS |  
2019-08-23 18:29:04,709 | INFO  | SCMAudit | user=jenkins1000 | ip=192.168.34.23 | op=SEND_HEARTBEAT {datanodeUUID=7e391b60-07ae-4d97-a027-4756e468c032, command=[]} | ret=SUCCESS |  
2019-08-23 18:29:04,709 | INFO  | DNAudit | user=null | ip=null | op=WRITE_CHUNK {blockData=conID: 3 locID: 102667710935532061 bcsId: 0} | ret=SUCCESS |  
2019-08-23 18:29:04,710 | INFO  | SCMAudit | user=jenkins1000 | ip=192.168.34.23 | op=SEND_HEARTBEAT {datanodeUUID=48affcab-e6e4-4602-963a-f6a50efbd54c, command=[]} | ret=SUCCESS |  
2019-08-23 18:29:04,710 | INFO  | SCMAudit | user=jenkins1000 | ip=192.168.34.23 | op=SEND_HEARTBEAT {datanodeUUID=58706fd2-d7f7-4771-af80-9e0541495c87, command=[]} | ret=SUCCESS |  
2019-08-23 18:29:04,710 | INFO  | DNAudit | user=null | ip=null | op=PUT_BLOCK {blockData=[blockId=conID: 3 locID: 102667710935532061 bcsId: 0,size=1048576]} | ret=SUCCESS |  
2019-08-23 18:29:04,710 [grpc-default-executor-3] INFO  client.GrpcClientProtocolClient (GrpcClientProtocolClient.java:onNext(255)) - client-19C32667576E->48affcab-e6e4-4602-963a-f6a50efbd54c: receive RaftClientReply:client-19C32667576E->48affcab-e6e4-4602-963a-f6a50efbd54c@group-50C56EAF5137, cid=1968, SUCCESS, logIndex=2890, commits[48affcab-e6e4-4602-963a-f6a50efbd54c:c2891, 7e391b60-07ae-4d97-a027-4756e468c032:c2889, c5f86d96-67df-4f25-bde3-316f439d30b3:c2887]
2019-08-23 18:29:04,710 [grpc-default-executor-3] INFO  client.GrpcClientProtocolClient (GrpcClientProtocolClient.java:onNext(255)) - client-19C32667576E->48affcab-e6e4-4602-963a-f6a50efbd54c: receive RaftClientReply:client-19C32667576E->48affcab-e6e4-4602-963a-f6a50efbd54c@group-50C56EAF5137, cid=1969, SUCCESS, logIndex=2891, commits[48affcab-e6e4-4602-963a-f6a50efbd54c:c2891, 7e391b60-07ae-4d97-a027-4756e468c032:c2889, c5f86d96-67df-4f25-bde3-316f439d30b3:c2887]
2019-08-23 18:29:04,720 | INFO  | DNAudit | user=null | ip=null | op=WRITE_CHUNK {blockData=conID: 3 locID: 102667710935532061 bcsId: 0} | ret=SUCCESS |  
2019-08-23 18:29:04,720 | INFO  | DNAudit | user=null | ip=null | op=PUT_BLOCK {blockData=[blockId=conID: 3 locID: 102667710935532061 bcsId: 0,size=2097152]} | ret=SUCCESS |  
2019-08-23 18:29:04,720 [grpc-default-executor-5] INFO  client.GrpcClientProtocolClient (GrpcClientProtocolClient.java:onNext(255)) - client-19C32667576E->48affcab-e6e4-4602-963a-f6a50efbd54c: receive RaftClientReply:client-19C32667576E->48affcab-e6e4-4602-963a-f6a50efbd54c@group-50C56EAF5137, cid=1970, SUCCESS, logIndex=2892, commits[48affcab-e6e4-4602-963a-f6a50efbd54c:c2893, 7e391b60-07ae-4d97-a027-4756e468c032:c2889, c5f86d96-67df-4f25-bde3-316f439d30b3:c2887]
2019-08-23 18:29:04,721 | INFO  | DNAudit | user=null | ip=null | op=WRITE_CHUNK {blockData=conID: 3 locID: 102667710935532061 bcsId: 0} | ret=SUCCESS |  
2019-08-23 18:29:04,826 | INFO  | DNAudit | user=null | ip=null | op=PUT_BLOCK {blockData=[blockId=conID: 3 locID: 102667710935532061 bcsId: 0,size=1048576]} | ret=SUCCESS |  
2019-08-23 18:29:04,826 [grpc-default-executor-5] INFO  client.GrpcClientProtocolClient (GrpcClientProtocolClient.java:onNext(255)) - client-19C32667576E->48affcab-e6e4-4602-963a-f6a50efbd54c: receive RaftClientReply:client-19C32667576E->48affcab-e6e4-4602-963a-f6a50efbd54c@group-50C56EAF5137, cid=1971, SUCCESS, logIndex=2893, commits[48affcab-e6e4-4602-963a-f6a50efbd54c:c2893, 7e391b60-07ae-4d97-a027-4756e468c032:c2889, c5f86d96-67df-4f25-bde3-316f439d30b3:c2889]
2019-08-23 18:29:04,827 | INFO  | DNAudit | user=null | ip=null | op=WRITE_CHUNK {blockData=conID: 3 locID: 102667710935532061 bcsId: 0} | ret=SUCCESS |  
2019-08-23 18:29:04,827 | INFO  | DNAudit | user=null | ip=null | op=WRITE_CHUNK {blockData=conID: 3 locID: 102667710935532061 bcsId: 0} | ret=SUCCESS |  
2019-08-23 18:29:04,827 | INFO  | DNAudit | user=null | ip=null | op=PUT_BLOCK {blockData=[blockId=conID: 3 locID: 102667710935532061 bcsId: 0,size=1048576]} | ret=SUCCESS |  
2019-08-23 18:29:04,827 | INFO  | DNAudit | user=null | ip=null | op=PUT_BLOCK {blockData=[blockId=conID: 3 locID: 102667710935532061 bcsId: 0,size=2097152]} | ret=SUCCESS |  
2019-08-23 18:29:04,827 | INFO  | DNAudit | user=null | ip=null | op=WRITE_CHUNK {blockData=conID: 3 locID: 102667710935532061 bcsId: 0} | ret=SUCCESS |  
2019-08-23 18:29:04,827 | INFO  | DNAudit | user=null | ip=null | op=PUT_BLOCK {blockData=[blockId=conID: 3 locID: 102667710935532061 bcsId: 0,size=2097152]} | ret=SUCCESS |  
2019-08-23 18:29:04,828 [grpc-default-executor-0] INFO  client.GrpcClientProtocolClient (GrpcClientProtocolClient.java:onNext(255)) - client-19C32667576E->48affcab-e6e4-4602-963a-f6a50efbd54c: receive RaftClientReply:client-19C32667576E->48affcab-e6e4-4602-963a-f6a50efbd54c@group-50C56EAF5137, cid=1972, SUCCESS, logIndex=0, commits[48affcab-e6e4-4602-963a-f6a50efbd54c:c2895, 7e391b60-07ae-4d97-a027-4756e468c032:c2893, c5f86d96-67df-4f25-bde3-316f439d30b3:c2891]
2019-08-23 18:29:04,835 | INFO  | DNAudit | user=null | ip=null | op=WRITE_CHUNK {blockData=conID: 3 locID: 102667710935532061 bcsId: 2893} | ret=SUCCESS |  
2019-08-23 18:29:04,839 | INFO  | DNAudit | user=null | ip=null | op=WRITE_CHUNK {blockData=conID: 3 locID: 102667710935532061 bcsId: 2893} | ret=SUCCESS |  
2019-08-23 18:29:04,839 | INFO  | DNAudit | user=null | ip=null | op=WRITE_CHUNK {blockData=conID: 3 locID: 102667710935532061 bcsId: 2893} | ret=SUCCESS |  
2019-08-23 18:29:04,851 | INFO  | DNAudit | user=null | ip=null | op=WRITE_CHUNK {blockData=conID: 3 locID: 102667710935532061 bcsId: 2893} | ret=SUCCESS |  
2019-08-23 18:29:04,851 | INFO  | DNAudit | user=null | ip=null | op=PUT_BLOCK {blockData=[blockId=conID: 3 locID: 102667710935532061 bcsId: 0,size=3145728]} | ret=SUCCESS |  
2019-08-23 18:29:04,851 [grpc-default-executor-5] INFO  client.GrpcClientProtocolClient (GrpcClientProtocolClient.java:onNext(255)) - client-19C32667576E->48affcab-e6e4-4602-963a-f6a50efbd54c: receive RaftClientReply:client-19C32667576E->48affcab-e6e4-4602-963a-f6a50efbd54c@group-50C56EAF5137, cid=1973, SUCCESS, logIndex=2898, commits[48affcab-e6e4-4602-963a-f6a50efbd54c:c2899, 7e391b60-07ae-4d97-a027-4756e468c032:c2895, c5f86d96-67df-4f25-bde3-316f439d30b3:c2895]
2019-08-23 18:29:04,852 [grpc-default-executor-5] INFO  client.GrpcClientProtocolClient (GrpcClientProtocolClient.java:onNext(255)) - client-19C32667576E->48affcab-e6e4-4602-963a-f6a50efbd54c: receive RaftClientReply:client-19C32667576E->48affcab-e6e4-4602-963a-f6a50efbd54c@group-50C56EAF5137, cid=1974, SUCCESS, logIndex=2899, commits[48affcab-e6e4-4602-963a-f6a50efbd54c:c2899, 7e391b60-07ae-4d97-a027-4756e468c032:c2895, c5f86d96-67df-4f25-bde3-316f439d30b3:c2895]
2019-08-23 18:29:04,852 | INFO  | DNAudit | user=null | ip=null | op=WRITE_CHUNK {blockData=conID: 3 locID: 102667710935532061 bcsId: 2893} | ret=SUCCESS |  
2019-08-23 18:29:04,852 | INFO  | DNAudit | user=null | ip=null | op=WRITE_CHUNK {blockData=conID: 3 locID: 102667710935532061 bcsId: 2893} | ret=SUCCESS |  
2019-08-23 18:29:04,852 | INFO  | DNAudit | user=null | ip=null | op=PUT_BLOCK {blockData=[blockId=conID: 3 locID: 102667710935532061 bcsId: 0,size=3145728]} | ret=SUCCESS |  
2019-08-23 18:29:04,853 | INFO  | DNAudit | user=null | ip=null | op=PUT_BLOCK {blockData=[blockId=conID: 3 locID: 102667710935532061 bcsId: 0,size=3145728]} | ret=SUCCESS |  
2019-08-23 18:29:04,858 | INFO  | DNAudit | user=null | ip=null | op=WRITE_CHUNK {blockData=conID: 3 locID: 102667710935532061 bcsId: 2899} | ret=SUCCESS |  
2019-08-23 18:29:04,860 | INFO  | DNAudit | user=null | ip=null | op=WRITE_CHUNK {blockData=conID: 3 locID: 102667710935532061 bcsId: 2899} | ret=SUCCESS |  
2019-08-23 18:29:04,860 | INFO  | DNAudit | user=null | ip=null | op=WRITE_CHUNK {blockData=conID: 3 locID: 102667710935532061 bcsId: 2899} | ret=SUCCESS |  
2019-08-23 18:29:04,870 | INFO  | DNAudit | user=null | ip=null | op=WRITE_CHUNK {blockData=conID: 3 locID: 102667710935532061 bcsId: 2899} | ret=SUCCESS |  
2019-08-23 18:29:04,871 | INFO  | DNAudit | user=null | ip=null | op=PUT_BLOCK {blockData=[blockId=conID: 3 locID: 102667710935532061 bcsId: 0,size=4194304]} | ret=SUCCESS |  
2019-08-23 18:29:04,871 [grpc-default-executor-0] INFO  client.GrpcClientProtocolClient (GrpcClientProtocolClient.java:onNext(255)) - client-19C32667576E->48affcab-e6e4-4602-963a-f6a50efbd54c: receive RaftClientReply:client-19C32667576E->48affcab-e6e4-4602-963a-f6a50efbd54c@group-50C56EAF5137, cid=1975, SUCCESS, logIndex=2902, commits[48affcab-e6e4-4602-963a-f6a50efbd54c:c2903, 7e391b60-07ae-4d97-a027-4756e468c032:c2901, c5f86d96-67df-4f25-bde3-316f439d30b3:c2901]
2019-08-23 18:29:04,871 [grpc-default-executor-0] INFO  client.GrpcClientProtocolClient (GrpcClientProtocolClient.java:onNext(255)) - client-19C32667576E->48affcab-e6e4-4602-963a-f6a50efbd54c: receive RaftClientReply:client-19C32667576E->48affcab-e6e4-4602-963a-f6a50efbd54c@group-50C56EAF5137, cid=1976, SUCCESS, logIndex=2903, commits[48affcab-e6e4-4602-963a-f6a50efbd54c:c2903, 7e391b60-07ae-4d97-a027-4756e468c032:c2901, c5f86d96-67df-4f25-bde3-316f439d30b3:c2901]
2019-08-23 18:29:04,882 | INFO  | DNAudit | user=null | ip=null | op=WRITE_CHUNK {blockData=conID: 3 locID: 102667710935532061 bcsId: 2899} | ret=SUCCESS |  
2019-08-23 18:29:04,882 | INFO  | DNAudit | user=null | ip=null | op=WRITE_CHUNK {blockData=conID: 3 locID: 102667710935532061 bcsId: 2899} | ret=SUCCESS |  
2019-08-23 18:29:04,883 | INFO  | DNAudit | user=null | ip=null | op=PUT_BLOCK {blockData=[blockId=conID: 3 locID: 102667710935532061 bcsId: 0,size=4194304]} | ret=SUCCESS |  
2019-08-23 18:29:04,883 | INFO  | DNAudit | user=null | ip=null | op=PUT_BLOCK {blockData=[blockId=conID: 3 locID: 102667710935532061 bcsId: 0,size=4194304]} | ret=SUCCESS |  
2019-08-23 18:29:04,883 [grpc-default-executor-0] INFO  client.GrpcClientProtocolClient (GrpcClientProtocolClient.java:onNext(255)) - client-19C32667576E->48affcab-e6e4-4602-963a-f6a50efbd54c: receive RaftClientReply:client-19C32667576E->48affcab-e6e4-4602-963a-f6a50efbd54c@group-50C56EAF5137, cid=1977, SUCCESS, logIndex=0, commits[48affcab-e6e4-4602-963a-f6a50efbd54c:c2905, 7e391b60-07ae-4d97-a027-4756e468c032:c2903, c5f86d96-67df-4f25-bde3-316f439d30b3:c2903]
2019-08-23 18:29:04,887 | INFO  | SCMAudit | user=jenkins1000 | ip=192.168.34.23 | op=ALLOCATE_BLOCK {owner=1ceb8b80-28f1-43fd-86c3-175afc07b8d1, size=4194304, type=RATIS, factor=THREE} | ret=SUCCESS |  
2019-08-23 18:29:04,889 | INFO  | OMAudit | user=jenkins1000 | ip=127.0.0.1 | op=ALLOCATE_BLOCK {volume=vol-0-45438, bucket=bucket-0-23891, key=key-0-22455, dataSize=0, replicationType=null, replicationFactor=null, keyLocationInfo=null, clientID=102667710122492306} | ret=SUCCESS |  
2019-08-23 18:29:04,895 | INFO  | DNAudit | user=null | ip=null | op=WRITE_CHUNK {blockData=conID: 1 locID: 102667710948114974 bcsId: 0} | ret=SUCCESS |  
2019-08-23 18:29:04,898 | INFO  | DNAudit | user=null | ip=null | op=WRITE_CHUNK {blockData=conID: 1 locID: 102667710948114974 bcsId: 0} | ret=SUCCESS |  
2019-08-23 18:29:04,898 | INFO  | DNAudit | user=null | ip=null | op=WRITE_CHUNK {blockData=conID: 1 locID: 102667710948114974 bcsId: 0} | ret=SUCCESS |  
2019-08-23 18:29:04,899 | INFO  | DNAudit | user=null | ip=null | op=WRITE_CHUNK {blockData=conID: 1 locID: 102667710948114974 bcsId: 0} | ret=SUCCESS |  
2019-08-23 18:29:04,901 | INFO  | DNAudit | user=null | ip=null | op=WRITE_CHUNK {blockData=conID: 1 locID: 102667710948114974 bcsId: 0} | ret=SUCCESS |  
2019-08-23 18:29:04,901 | INFO  | DNAudit | user=null | ip=null | op=WRITE_CHUNK {blockData=conID: 1 locID: 102667710948114974 bcsId: 0} | ret=SUCCESS |  
2019-08-23 18:29:04,908 | INFO  | DNAudit | user=null | ip=null | op=WRITE_CHUNK {blockData=conID: 1 locID: 102667710948114974 bcsId: 0} | ret=SUCCESS |  
2019-08-23 18:29:04,908 | INFO  | DNAudit | user=null | ip=null | op=PUT_BLOCK {blockData=[blockId=conID: 1 locID: 102667710948114974 bcsId: 0,size=1048576]} | ret=SUCCESS |  
2019-08-23 18:29:04,908 [grpc-default-executor-3] INFO  client.GrpcClientProtocolClient (GrpcClientProtocolClient.java:onNext(255)) - client-19C32667576E->48affcab-e6e4-4602-963a-f6a50efbd54c: receive RaftClientReply:client-19C32667576E->48affcab-e6e4-4602-963a-f6a50efbd54c@group-50C56EAF5137, cid=1978, SUCCESS, logIndex=2906, commits[48affcab-e6e4-4602-963a-f6a50efbd54c:c2907, 7e391b60-07ae-4d97-a027-4756e468c032:c2905, c5f86d96-67df-4f25-bde3-316f439d30b3:c2905]
2019-08-23 18:29:04,909 | INFO  | DNAudit | user=null | ip=null | op=WRITE_CHUNK {blockData=conID: 1 locID: 102667710948114974 bcsId: 0} | ret=SUCCESS |  
2019-08-23 18:29:04,909 [grpc-default-executor-3] INFO  client.GrpcClientProtocolClient (GrpcClientProtocolClient.java:onNext(255)) - client-19C32667576E->48affcab-e6e4-4602-963a-f6a50efbd54c: receive RaftClientReply:client-19C32667576E->48affcab-e6e4-4602-963a-f6a50efbd54c@group-50C56EAF5137, cid=1979, SUCCESS, logIndex=2907, commits[48affcab-e6e4-4602-963a-f6a50efbd54c:c2907, 7e391b60-07ae-4d97-a027-4756e468c032:c2905, c5f86d96-67df-4f25-bde3-316f439d30b3:c2905]
2019-08-23 18:29:04,909 | INFO  | DNAudit | user=null | ip=null | op=PUT_BLOCK {blockData=[blockId=conID: 1 locID: 102667710948114974 bcsId: 0,size=2097152]} | ret=SUCCESS |  
2019-08-23 18:29:04,909 [grpc-default-executor-3] INFO  client.GrpcClientProtocolClient (GrpcClientProtocolClient.java:onNext(255)) - client-19C32667576E->48affcab-e6e4-4602-963a-f6a50efbd54c: receive RaftClientReply:client-19C32667576E->48affcab-e6e4-4602-963a-f6a50efbd54c@group-50C56EAF5137, cid=1980, SUCCESS, logIndex=2908, commits[48affcab-e6e4-4602-963a-f6a50efbd54c:c2909, 7e391b60-07ae-4d97-a027-4756e468c032:c2905, c5f86d96-67df-4f25-bde3-316f439d30b3:c2905]
2019-08-23 18:29:04,909 [grpc-default-executor-3] INFO  client.GrpcClientProtocolClient (GrpcClientProtocolClient.java:onNext(255)) - client-19C32667576E->48affcab-e6e4-4602-963a-f6a50efbd54c: receive RaftClientReply:client-19C32667576E->48affcab-e6e4-4602-963a-f6a50efbd54c@group-50C56EAF5137, cid=1981, SUCCESS, logIndex=2909, commits[48affcab-e6e4-4602-963a-f6a50efbd54c:c2909, 7e391b60-07ae-4d97-a027-4756e468c032:c2905, c5f86d96-67df-4f25-bde3-316f439d30b3:c2905]
2019-08-23 18:29:04,910 | INFO  | DNAudit | user=null | ip=null | op=WRITE_CHUNK {blockData=conID: 1 locID: 102667710948114974 bcsId: 0} | ret=SUCCESS |  
2019-08-23 18:29:04,910 | INFO  | DNAudit | user=null | ip=null | op=PUT_BLOCK {blockData=[blockId=conID: 1 locID: 102667710948114974 bcsId: 0,size=1048576]} | ret=SUCCESS |  
2019-08-23 18:29:04,910 | INFO  | DNAudit | user=null | ip=null | op=WRITE_CHUNK {blockData=conID: 1 locID: 102667710948114974 bcsId: 0} | ret=SUCCESS |  
2019-08-23 18:29:04,911 | INFO  | DNAudit | user=null | ip=null | op=PUT_BLOCK {blockData=[blockId=conID: 1 locID: 102667710948114974 bcsId: 0,size=1048576]} | ret=SUCCESS |  
2019-08-23 18:29:04,911 [grpc-default-executor-3] INFO  client.GrpcClientProtocolClient (GrpcClientProtocolClient.java:onNext(255)) - client-19C32667576E->48affcab-e6e4-4602-963a-f6a50efbd54c: receive RaftClientReply:client-19C32667576E->48affcab-e6e4-4602-963a-f6a50efbd54c@group-50C56EAF5137, cid=1982, SUCCESS, logIndex=0, commits[48affcab-e6e4-4602-963a-f6a50efbd54c:c2911, 7e391b60-07ae-4d97-a027-4756e468c032:c2907, c5f86d96-67df-4f25-bde3-316f439d30b3:c2907]
2019-08-23 18:29:04,911 | INFO  | DNAudit | user=null | ip=null | op=WRITE_CHUNK {blockData=conID: 1 locID: 102667710948114974 bcsId: 0} | ret=SUCCESS |  
2019-08-23 18:29:04,912 | INFO  | DNAudit | user=null | ip=null | op=PUT_BLOCK {blockData=[blockId=conID: 1 locID: 102667710948114974 bcsId: 0,size=2097152]} | ret=SUCCESS |  
2019-08-23 18:29:04,912 | INFO  | DNAudit | user=null | ip=null | op=WRITE_CHUNK {blockData=conID: 1 locID: 102667710948114974 bcsId: 0} | ret=SUCCESS |  
2019-08-23 18:29:04,912 | INFO  | DNAudit | user=null | ip=null | op=PUT_BLOCK {blockData=[blockId=conID: 1 locID: 102667710948114974 bcsId: 0,size=2097152]} | ret=SUCCESS |  
2019-08-23 18:29:04,917 | INFO  | DNAudit | user=null | ip=null | op=WRITE_CHUNK {blockData=conID: 1 locID: 102667710948114974 bcsId: 2909} | ret=SUCCESS |  
2019-08-23 18:29:04,919 | INFO  | DNAudit | user=null | ip=null | op=WRITE_CHUNK {blockData=conID: 1 locID: 102667710948114974 bcsId: 2909} | ret=SUCCESS |  
2019-08-23 18:29:04,919 | INFO  | DNAudit | user=null | ip=null | op=WRITE_CHUNK {blockData=conID: 1 locID: 102667710948114974 bcsId: 2909} | ret=SUCCESS |  
2019-08-23 18:29:04,930 | INFO  | DNAudit | user=null | ip=null | op=WRITE_CHUNK {blockData=conID: 1 locID: 102667710948114974 bcsId: 2909} | ret=SUCCESS |  
2019-08-23 18:29:04,930 | INFO  | DNAudit | user=null | ip=null | op=PUT_BLOCK {blockData=[blockId=conID: 1 locID: 102667710948114974 bcsId: 0,size=3145728]} | ret=SUCCESS |  
2019-08-23 18:29:04,930 [grpc-default-executor-0] INFO  client.GrpcClientProtocolClient (GrpcClientProtocolClient.java:onNext(255)) - client-19C32667576E->48affcab-e6e4-4602-963a-f6a50efbd54c: receive RaftClientReply:client-19C32667576E->48affcab-e6e4-4602-963a-f6a50efbd54c@group-50C56EAF5137, cid=1983, SUCCESS, logIndex=2914, commits[48affcab-e6e4-4602-963a-f6a50efbd54c:c2915, 7e391b60-07ae-4d97-a027-4756e468c032:c2913, c5f86d96-67df-4f25-bde3-316f439d30b3:c2913]
2019-08-23 18:29:04,931 [grpc-default-executor-0] INFO  client.GrpcClientProtocolClient (GrpcClientProtocolClient.java:onNext(255)) - client-19C32667576E->48affcab-e6e4-4602-963a-f6a50efbd54c: receive RaftClientReply:client-19C32667576E->48affcab-e6e4-4602-963a-f6a50efbd54c@group-50C56EAF5137, cid=1984, SUCCESS, logIndex=2915, commits[48affcab-e6e4-4602-963a-f6a50efbd54c:c2915, 7e391b60-07ae-4d97-a027-4756e468c032:c2913, c5f86d96-67df-4f25-bde3-316f439d30b3:c2913]
2019-08-23 18:29:04,936 | INFO  | DNAudit | user=null | ip=null | op=WRITE_CHUNK {blockData=conID: 1 locID: 102667710948114974 bcsId: 2915} | ret=SUCCESS |  
2019-08-23 18:29:04,939 | INFO  | DNAudit | user=null | ip=null | op=WRITE_CHUNK {blockData=conID: 1 locID: 102667710948114974 bcsId: 2915} | ret=SUCCESS |  
2019-08-23 18:29:04,939 | INFO  | DNAudit | user=null | ip=null | op=WRITE_CHUNK {blockData=conID: 1 locID: 102667710948114974 bcsId: 2915} | ret=SUCCESS |  
2019-08-23 18:29:04,941 | INFO  | DNAudit | user=null | ip=null | op=WRITE_CHUNK {blockData=conID: 1 locID: 102667710948114974 bcsId: 2909} | ret=SUCCESS |  
2019-08-23 18:29:04,941 | INFO  | DNAudit | user=null | ip=null | op=WRITE_CHUNK {blockData=conID: 1 locID: 102667710948114974 bcsId: 2909} | ret=SUCCESS |  
2019-08-23 18:29:04,942 | INFO  | DNAudit | user=null | ip=null | op=PUT_BLOCK {blockData=[blockId=conID: 1 locID: 102667710948114974 bcsId: 0,size=3145728]} | ret=SUCCESS |  
2019-08-23 18:29:04,942 | INFO  | DNAudit | user=null | ip=null | op=PUT_BLOCK {blockData=[blockId=conID: 1 locID: 102667710948114974 bcsId: 0,size=3145728]} | ret=SUCCESS |  
2019-08-23 18:29:04,943 | INFO  | DNAudit | user=null | ip=null | op=WRITE_CHUNK {blockData=conID: 1 locID: 102667710948114974 bcsId: 2915} | ret=SUCCESS |  
2019-08-23 18:29:04,943 | INFO  | DNAudit | user=null | ip=null | op=PUT_BLOCK {blockData=[blockId=conID: 1 locID: 102667710948114974 bcsId: 0,size=4194304]} | ret=SUCCESS |  
2019-08-23 18:29:04,943 [grpc-default-executor-3] INFO  client.GrpcClientProtocolClient (GrpcClientProtocolClient.java:onNext(255)) - client-19C32667576E->48affcab-e6e4-4602-963a-f6a50efbd54c: receive RaftClientReply:client-19C32667576E->48affcab-e6e4-4602-963a-f6a50efbd54c@group-50C56EAF5137, cid=1985, SUCCESS, logIndex=2918, commits[48affcab-e6e4-4602-963a-f6a50efbd54c:c2919, 7e391b60-07ae-4d97-a027-4756e468c032:c2915, c5f86d96-67df-4f25-bde3-316f439d30b3:c2915]
2019-08-23 18:29:04,943 [grpc-default-executor-3] INFO  client.GrpcClientProtocolClient (GrpcClientProtocolClient.java:onNext(255)) - client-19C32667576E->48affcab-e6e4-4602-963a-f6a50efbd54c: receive RaftClientReply:client-19C32667576E->48affcab-e6e4-4602-963a-f6a50efbd54c@group-50C56EAF5137, cid=1986, SUCCESS, logIndex=2919, commits[48affcab-e6e4-4602-963a-f6a50efbd54c:c2919, 7e391b60-07ae-4d97-a027-4756e468c032:c2915, c5f86d96-67df-4f25-bde3-316f439d30b3:c2915]
2019-08-23 18:29:04,954 | INFO  | DNAudit | user=null | ip=null | op=WRITE_CHUNK {blockData=conID: 1 locID: 102667710948114974 bcsId: 2915} | ret=SUCCESS |  
2019-08-23 18:29:04,954 | INFO  | DNAudit | user=null | ip=null | op=WRITE_CHUNK {blockData=conID: 1 locID: 102667710948114974 bcsId: 2915} | ret=SUCCESS |  
2019-08-23 18:29:04,959 | INFO  | DNAudit | user=null | ip=null | op=PUT_BLOCK {blockData=[blockId=conID: 1 locID: 102667710948114974 bcsId: 0,size=4194304]} | ret=SUCCESS |  
2019-08-23 18:29:04,959 | INFO  | DNAudit | user=null | ip=null | op=PUT_BLOCK {blockData=[blockId=conID: 1 locID: 102667710948114974 bcsId: 0,size=4194304]} | ret=SUCCESS |  
2019-08-23 18:29:04,959 [grpc-default-executor-0] INFO  client.GrpcClientProtocolClient (GrpcClientProtocolClient.java:onNext(255)) - client-19C32667576E->48affcab-e6e4-4602-963a-f6a50efbd54c: receive RaftClientReply:client-19C32667576E->48affcab-e6e4-4602-963a-f6a50efbd54c@group-50C56EAF5137, cid=1987, SUCCESS, logIndex=0, commits[48affcab-e6e4-4602-963a-f6a50efbd54c:c2921, 7e391b60-07ae-4d97-a027-4756e468c032:c2919, c5f86d96-67df-4f25-bde3-316f439d30b3:c2919]
2019-08-23 18:29:04,963 | INFO  | SCMAudit | user=jenkins1000 | ip=192.168.34.23 | op=ALLOCATE_BLOCK {owner=1ceb8b80-28f1-43fd-86c3-175afc07b8d1, size=4194304, type=RATIS, factor=THREE} | ret=SUCCESS |  
2019-08-23 18:29:04,966 | INFO  | OMAudit | user=jenkins1000 | ip=127.0.0.1 | op=ALLOCATE_BLOCK {volume=vol-0-45438, bucket=bucket-0-23891, key=key-0-22455, dataSize=0, replicationType=null, replicationFactor=null, keyLocationInfo=null, clientID=102667710122492306} | ret=SUCCESS |  
2019-08-23 18:29:04,972 | INFO  | DNAudit | user=null | ip=null | op=WRITE_CHUNK {blockData=conID: 2 locID: 102667710953095711 bcsId: 0} | ret=SUCCESS |  
2019-08-23 18:29:04,976 | INFO  | DNAudit | user=null | ip=null | op=WRITE_CHUNK {blockData=conID: 2 locID: 102667710953095711 bcsId: 0} | ret=SUCCESS |  
2019-08-23 18:29:04,976 | INFO  | DNAudit | user=null | ip=null | op=WRITE_CHUNK {blockData=conID: 2 locID: 102667710953095711 bcsId: 0} | ret=SUCCESS |  
2019-08-23 18:29:04,976 | INFO  | DNAudit | user=null | ip=null | op=WRITE_CHUNK {blockData=conID: 2 locID: 102667710953095711 bcsId: 0} | ret=SUCCESS |  
2019-08-23 18:29:04,978 | INFO  | DNAudit | user=null | ip=null | op=WRITE_CHUNK {blockData=conID: 2 locID: 102667710953095711 bcsId: 0} | ret=SUCCESS |  
2019-08-23 18:29:04,978 | INFO  | DNAudit | user=null | ip=null | op=WRITE_CHUNK {blockData=conID: 2 locID: 102667710953095711 bcsId: 0} | ret=SUCCESS |  
2019-08-23 18:29:04,985 | INFO  | DNAudit | user=null | ip=null | op=WRITE_CHUNK {blockData=conID: 2 locID: 102667710953095711 bcsId: 0} | ret=SUCCESS |  
2019-08-23 18:29:04,985 | INFO  | DNAudit | user=null | ip=null | op=PUT_BLOCK {blockData=[blockId=conID: 2 locID: 102667710953095711 bcsId: 0,size=1048576]} | ret=SUCCESS |  
2019-08-23 18:29:04,985 [grpc-default-executor-3] INFO  client.GrpcClientProtocolClient (GrpcClientProtocolClient.java:onNext(255)) - client-19C32667576E->48affcab-e6e4-4602-963a-f6a50efbd54c: receive RaftClientReply:client-19C32667576E->48affcab-e6e4-4602-963a-f6a50efbd54c@group-50C56EAF5137, cid=1988, SUCCESS, logIndex=2922, commits[48affcab-e6e4-4602-963a-f6a50efbd54c:c2923, 7e391b60-07ae-4d97-a027-4756e468c032:c2921, c5f86d96-67df-4f25-bde3-316f439d30b3:c2921]
2019-08-23 18:29:04,986 | INFO  | DNAudit | user=null | ip=null | op=WRITE_CHUNK {blockData=conID: 2 locID: 102667710953095711 bcsId: 0} | ret=SUCCESS |  
2019-08-23 18:29:04,986 [grpc-default-executor-0] INFO  client.GrpcClientProtocolClient (GrpcClientProtocolClient.java:onNext(255)) - client-19C32667576E->48affcab-e6e4-4602-963a-f6a50efbd54c: receive RaftClientReply:client-19C32667576E->48affcab-e6e4-4602-963a-f6a50efbd54c@group-50C56EAF5137, cid=1989, SUCCESS, logIndex=2923, commits[48affcab-e6e4-4602-963a-f6a50efbd54c:c2923, 7e391b60-07ae-4d97-a027-4756e468c032:c2921, c5f86d96-67df-4f25-bde3-316f439d30b3:c2921]
2019-08-23 18:29:04,986 | INFO  | DNAudit | user=null | ip=null | op=PUT_BLOCK {blockData=[blockId=conID: 2 locID: 102667710953095711 bcsId: 0,size=2097152]} | ret=SUCCESS |  
2019-08-23 18:29:04,986 [grpc-default-executor-3] INFO  client.GrpcClientProtocolClient (GrpcClientProtocolClient.java:onNext(255)) - client-19C32667576E->48affcab-e6e4-4602-963a-f6a50efbd54c: receive RaftClientReply:client-19C32667576E->48affcab-e6e4-4602-963a-f6a50efbd54c@group-50C56EAF5137, cid=1990, SUCCESS, logIndex=2924, commits[48affcab-e6e4-4602-963a-f6a50efbd54c:c2925, 7e391b60-07ae-4d97-a027-4756e468c032:c2921, c5f86d96-67df-4f25-bde3-316f439d30b3:c2921]
2019-08-23 18:29:04,986 [grpc-default-executor-3] INFO  client.GrpcClientProtocolClient (GrpcClientProtocolClient.java:onNext(255)) - client-19C32667576E->48affcab-e6e4-4602-963a-f6a50efbd54c: receive RaftClientReply:client-19C32667576E->48affcab-e6e4-4602-963a-f6a50efbd54c@group-50C56EAF5137, cid=1991, SUCCESS, logIndex=2925, commits[48affcab-e6e4-4602-963a-f6a50efbd54c:c2925, 7e391b60-07ae-4d97-a027-4756e468c032:c2921, c5f86d96-67df-4f25-bde3-316f439d30b3:c2921]
2019-08-23 18:29:04,987 | INFO  | DNAudit | user=null | ip=null | op=WRITE_CHUNK {blockData=conID: 2 locID: 102667710953095711 bcsId: 0} | ret=SUCCESS |  
2019-08-23 18:29:04,987 | INFO  | DNAudit | user=null | ip=null | op=PUT_BLOCK {blockData=[blockId=conID: 2 locID: 102667710953095711 bcsId: 0,size=1048576]} | ret=SUCCESS |  
2019-08-23 18:29:04,987 | INFO  | DNAudit | user=null | ip=null | op=WRITE_CHUNK {blockData=conID: 2 locID: 102667710953095711 bcsId: 0} | ret=SUCCESS |  
2019-08-23 18:29:04,987 | INFO  | DNAudit | user=null | ip=null | op=PUT_BLOCK {blockData=[blockId=conID: 2 locID: 102667710953095711 bcsId: 0,size=1048576]} | ret=SUCCESS |  
2019-08-23 18:29:04,988 | INFO  | DNAudit | user=null | ip=null | op=WRITE_CHUNK {blockData=conID: 2 locID: 102667710953095711 bcsId: 0} | ret=SUCCESS |  
2019-08-23 18:29:04,988 | INFO  | DNAudit | user=null | ip=null | op=WRITE_CHUNK {blockData=conID: 2 locID: 102667710953095711 bcsId: 0} | ret=SUCCESS |  
2019-08-23 18:29:04,988 | INFO  | DNAudit | user=null | ip=null | op=PUT_BLOCK {blockData=[blockId=conID: 2 locID: 102667710953095711 bcsId: 0,size=2097152]} | ret=SUCCESS |  
2019-08-23 18:29:04,988 [grpc-default-executor-0] INFO  client.GrpcClientProtocolClient (GrpcClientProtocolClient.java:onNext(255)) - client-19C32667576E->48affcab-e6e4-4602-963a-f6a50efbd54c: receive RaftClientReply:client-19C32667576E->48affcab-e6e4-4602-963a-f6a50efbd54c@group-50C56EAF5137, cid=1992, SUCCESS, logIndex=0, commits[48affcab-e6e4-4602-963a-f6a50efbd54c:c2927, 7e391b60-07ae-4d97-a027-4756e468c032:c2923, c5f86d96-67df-4f25-bde3-316f439d30b3:c2923]
2019-08-23 18:29:04,988 | INFO  | DNAudit | user=null | ip=null | op=PUT_BLOCK {blockData=[blockId=conID: 2 locID: 102667710953095711 bcsId: 0,size=2097152]} | ret=SUCCESS |  
2019-08-23 18:29:04,994 | INFO  | DNAudit | user=null | ip=null | op=WRITE_CHUNK {blockData=conID: 2 locID: 102667710953095711 bcsId: 2925} | ret=SUCCESS |  
2019-08-23 18:29:04,996 | INFO  | DNAudit | user=null | ip=null | op=WRITE_CHUNK {blockData=conID: 2 locID: 102667710953095711 bcsId: 2925} | ret=SUCCESS |  
2019-08-23 18:29:04,997 | INFO  | DNAudit | user=null | ip=null | op=WRITE_CHUNK {blockData=conID: 2 locID: 102667710953095711 bcsId: 2925} | ret=SUCCESS |  
2019-08-23 18:29:05,007 | INFO  | DNAudit | user=null | ip=null | op=WRITE_CHUNK {blockData=conID: 2 locID: 102667710953095711 bcsId: 2925} | ret=SUCCESS |  
2019-08-23 18:29:05,007 | INFO  | DNAudit | user=null | ip=null | op=PUT_BLOCK {blockData=[blockId=conID: 2 locID: 102667710953095711 bcsId: 0,size=3145728]} | ret=SUCCESS |  
2019-08-23 18:29:05,007 [grpc-default-executor-0] INFO  client.GrpcClientProtocolClient (GrpcClientProtocolClient.java:onNext(255)) - client-19C32667576E->48affcab-e6e4-4602-963a-f6a50efbd54c: receive RaftClientReply:client-19C32667576E->48affcab-e6e4-4602-963a-f6a50efbd54c@group-50C56EAF5137, cid=1993, SUCCESS, logIndex=2930, commits[48affcab-e6e4-4602-963a-f6a50efbd54c:c2931, 7e391b60-07ae-4d97-a027-4756e468c032:c2929, c5f86d96-67df-4f25-bde3-316f439d30b3:c2929]
2019-08-23 18:29:05,008 [grpc-default-executor-0] INFO  client.GrpcClientProtocolClient (GrpcClientProtocolClient.java:onNext(255)) - client-19C32667576E->48affcab-e6e4-4602-963a-f6a50efbd54c: receive RaftClientReply:client-19C32667576E->48affcab-e6e4-4602-963a-f6a50efbd54c@group-50C56EAF5137, cid=1994, SUCCESS, logIndex=2931, commits[48affcab-e6e4-4602-963a-f6a50efbd54c:c2931, 7e391b60-07ae-4d97-a027-4756e468c032:c2929, c5f86d96-67df-4f25-bde3-316f439d30b3:c2929]
2019-08-23 18:29:05,014 | INFO  | DNAudit | user=null | ip=null | op=WRITE_CHUNK {blockData=conID: 2 locID: 102667710953095711 bcsId: 2931} | ret=SUCCESS |  
2019-08-23 18:29:05,017 | INFO  | DNAudit | user=null | ip=null | op=WRITE_CHUNK {blockData=conID: 2 locID: 102667710953095711 bcsId: 2931} | ret=SUCCESS |  
2019-08-23 18:29:05,017 | INFO  | DNAudit | user=null | ip=null | op=WRITE_CHUNK {blockData=conID: 2 locID: 102667710953095711 bcsId: 2931} | ret=SUCCESS |  
2019-08-23 18:29:05,018 | INFO  | DNAudit | user=null | ip=null | op=WRITE_CHUNK {blockData=conID: 2 locID: 102667710953095711 bcsId: 2925} | ret=SUCCESS |  
2019-08-23 18:29:05,018 | INFO  | DNAudit | user=null | ip=null | op=WRITE_CHUNK {blockData=conID: 2 locID: 102667710953095711 bcsId: 2925} | ret=SUCCESS |  
2019-08-23 18:29:05,019 | INFO  | DNAudit | user=null | ip=null | op=PUT_BLOCK {blockData=[blockId=conID: 2 locID: 102667710953095711 bcsId: 0,size=3145728]} | ret=SUCCESS |  
2019-08-23 18:29:05,020 | INFO  | DNAudit | user=null | ip=null | op=PUT_BLOCK {blockData=[blockId=conID: 2 locID: 102667710953095711 bcsId: 0,size=3145728]} | ret=SUCCESS |  
2019-08-23 18:29:05,020 | INFO  | DNAudit | user=null | ip=null | op=WRITE_CHUNK {blockData=conID: 2 locID: 102667710953095711 bcsId: 2931} | ret=SUCCESS |  
2019-08-23 18:29:05,021 | INFO  | DNAudit | user=null | ip=null | op=PUT_BLOCK {blockData=[blockId=conID: 2 locID: 102667710953095711 bcsId: 0,size=4194304]} | ret=SUCCESS |  
2019-08-23 18:29:05,021 [grpc-default-executor-3] INFO  client.GrpcClientProtocolClient (GrpcClientProtocolClient.java:onNext(255)) - client-19C32667576E->48affcab-e6e4-4602-963a-f6a50efbd54c: receive RaftClientReply:client-19C32667576E->48affcab-e6e4-4602-963a-f6a50efbd54c@group-50C56EAF5137, cid=1995, SUCCESS, logIndex=2934, commits[48affcab-e6e4-4602-963a-f6a50efbd54c:c2935, 7e391b60-07ae-4d97-a027-4756e468c032:c2931, c5f86d96-67df-4f25-bde3-316f439d30b3:c2931]
2019-08-23 18:29:05,021 [grpc-default-executor-3] INFO  client.GrpcClientProtocolClient (GrpcClientProtocolClient.java:onNext(255)) - client-19C32667576E->48affcab-e6e4-4602-963a-f6a50efbd54c: receive RaftClientReply:client-19C32667576E->48affcab-e6e4-4602-963a-f6a50efbd54c@group-50C56EAF5137, cid=1996, SUCCESS, logIndex=2935, commits[48affcab-e6e4-4602-963a-f6a50efbd54c:c2935, 7e391b60-07ae-4d97-a027-4756e468c032:c2931, c5f86d96-67df-4f25-bde3-316f439d30b3:c2931]
2019-08-23 18:29:05,032 | INFO  | DNAudit | user=null | ip=null | op=WRITE_CHUNK {blockData=conID: 2 locID: 102667710953095711 bcsId: 2931} | ret=SUCCESS |  
2019-08-23 18:29:05,032 | INFO  | DNAudit | user=null | ip=null | op=WRITE_CHUNK {blockData=conID: 2 locID: 102667710953095711 bcsId: 2931} | ret=SUCCESS |  
2019-08-23 18:29:05,033 | INFO  | DNAudit | user=null | ip=null | op=PUT_BLOCK {blockData=[blockId=conID: 2 locID: 102667710953095711 bcsId: 0,size=4194304]} | ret=SUCCESS |  
2019-08-23 18:29:05,034 | INFO  | DNAudit | user=null | ip=null | op=PUT_BLOCK {blockData=[blockId=conID: 2 locID: 102667710953095711 bcsId: 0,size=4194304]} | ret=SUCCESS |  
2019-08-23 18:29:05,034 [grpc-default-executor-3] INFO  client.GrpcClientProtocolClient (GrpcClientProtocolClient.java:onNext(255)) - client-19C32667576E->48affcab-e6e4-4602-963a-f6a50efbd54c: receive RaftClientReply:client-19C32667576E->48affcab-e6e4-4602-963a-f6a50efbd54c@group-50C56EAF5137, cid=1997, SUCCESS, logIndex=0, commits[48affcab-e6e4-4602-963a-f6a50efbd54c:c2937, 7e391b60-07ae-4d97-a027-4756e468c032:c2935, c5f86d96-67df-4f25-bde3-316f439d30b3:c2935]
2019-08-23 18:29:05,041 | INFO  | SCMAudit | user=jenkins1000 | ip=192.168.34.23 | op=ALLOCATE_BLOCK {owner=1ceb8b80-28f1-43fd-86c3-175afc07b8d1, size=4194304, type=RATIS, factor=THREE} | ret=SUCCESS |  
2019-08-23 18:29:05,045 | INFO  | OMAudit | user=jenkins1000 | ip=127.0.0.1 | op=ALLOCATE_BLOCK {volume=vol-0-45438, bucket=bucket-0-23891, key=key-0-22455, dataSize=0, replicationType=null, replicationFactor=null, keyLocationInfo=null, clientID=102667710122492306} | ret=SUCCESS |  
2019-08-23 18:29:05,051 | INFO  | DNAudit | user=null | ip=null | op=WRITE_CHUNK {blockData=conID: 3 locID: 102667710958207520 bcsId: 0} | ret=SUCCESS |  
2019-08-23 18:29:05,054 | INFO  | DNAudit | user=null | ip=null | op=WRITE_CHUNK {blockData=conID: 3 locID: 102667710958207520 bcsId: 0} | ret=SUCCESS |  
2019-08-23 18:29:05,054 | INFO  | DNAudit | user=null | ip=null | op=WRITE_CHUNK {blockData=conID: 3 locID: 102667710958207520 bcsId: 0} | ret=SUCCESS |  
2019-08-23 18:29:05,054 | INFO  | DNAudit | user=null | ip=null | op=WRITE_CHUNK {blockData=conID: 3 locID: 102667710958207520 bcsId: 0} | ret=SUCCESS |  
2019-08-23 18:29:05,057 | INFO  | DNAudit | user=null | ip=null | op=WRITE_CHUNK {blockData=conID: 3 locID: 102667710958207520 bcsId: 0} | ret=SUCCESS |  
2019-08-23 18:29:05,057 | INFO  | DNAudit | user=null | ip=null | op=WRITE_CHUNK {blockData=conID: 3 locID: 102667710958207520 bcsId: 0} | ret=SUCCESS |  
2019-08-23 18:29:05,086 | INFO  | DNAudit | user=null | ip=null | op=WRITE_CHUNK {blockData=conID: 3 locID: 102667710958207520 bcsId: 0} | ret=SUCCESS |  
2019-08-23 18:29:05,087 | INFO  | DNAudit | user=null | ip=null | op=PUT_BLOCK {blockData=[blockId=conID: 3 locID: 102667710958207520 bcsId: 0,size=1048576]} | ret=SUCCESS |  
2019-08-23 18:29:05,088 | INFO  | DNAudit | user=null | ip=null | op=WRITE_CHUNK {blockData=conID: 3 locID: 102667710958207520 bcsId: 0} | ret=SUCCESS |  
2019-08-23 18:29:05,088 [grpc-default-executor-0] INFO  client.GrpcClientProtocolClient (GrpcClientProtocolClient.java:onNext(255)) - client-19C32667576E->48affcab-e6e4-4602-963a-f6a50efbd54c: receive RaftClientReply:client-19C32667576E->48affcab-e6e4-4602-963a-f6a50efbd54c@group-50C56EAF5137, cid=1998, SUCCESS, logIndex=2938, commits[48affcab-e6e4-4602-963a-f6a50efbd54c:c2939, 7e391b60-07ae-4d97-a027-4756e468c032:c2937, c5f86d96-67df-4f25-bde3-316f439d30b3:c2937]
2019-08-23 18:29:05,088 | INFO  | DNAudit | user=null | ip=null | op=WRITE_CHUNK {blockData=conID: 3 locID: 102667710958207520 bcsId: 0} | ret=SUCCESS |  
2019-08-23 18:29:05,088 | INFO  | DNAudit | user=null | ip=null | op=PUT_BLOCK {blockData=[blockId=conID: 3 locID: 102667710958207520 bcsId: 0,size=1048576]} | ret=SUCCESS |  
2019-08-23 18:29:05,089 | INFO  | DNAudit | user=null | ip=null | op=WRITE_CHUNK {blockData=conID: 3 locID: 102667710958207520 bcsId: 0} | ret=SUCCESS |  
2019-08-23 18:29:05,089 [grpc-default-executor-0] INFO  client.GrpcClientProtocolClient (GrpcClientProtocolClient.java:onNext(255)) - client-19C32667576E->48affcab-e6e4-4602-963a-f6a50efbd54c: receive RaftClientReply:client-19C32667576E->48affcab-e6e4-4602-963a-f6a50efbd54c@group-50C56EAF5137, cid=1999, SUCCESS, logIndex=2939, commits[48affcab-e6e4-4602-963a-f6a50efbd54c:c2939, 7e391b60-07ae-4d97-a027-4756e468c032:c2937, c5f86d96-67df-4f25-bde3-316f439d30b3:c2937]
2019-08-23 18:29:05,089 | INFO  | DNAudit | user=null | ip=null | op=PUT_BLOCK {blockData=[blockId=conID: 3 locID: 102667710958207520 bcsId: 0,size=1048576]} | ret=SUCCESS |  
2019-08-23 18:29:05,089 | INFO  | DNAudit | user=null | ip=null | op=PUT_BLOCK {blockData=[blockId=conID: 3 locID: 102667710958207520 bcsId: 0,size=2097152]} | ret=SUCCESS |  
2019-08-23 18:29:05,089 | INFO  | DNAudit | user=null | ip=null | op=WRITE_CHUNK {blockData=conID: 3 locID: 102667710958207520 bcsId: 0} | ret=SUCCESS |  
2019-08-23 18:29:05,089 | INFO  | DNAudit | user=null | ip=null | op=PUT_BLOCK {blockData=[blockId=conID: 3 locID: 102667710958207520 bcsId: 0,size=2097152]} | ret=SUCCESS |  
2019-08-23 18:29:05,089 [grpc-default-executor-0] INFO  client.GrpcClientProtocolClient (GrpcClientProtocolClient.java:onNext(255)) - client-19C32667576E->48affcab-e6e4-4602-963a-f6a50efbd54c: receive RaftClientReply:client-19C32667576E->48affcab-e6e4-4602-963a-f6a50efbd54c@group-50C56EAF5137, cid=2000, SUCCESS, logIndex=2940, commits[48affcab-e6e4-4602-963a-f6a50efbd54c:c2941, 7e391b60-07ae-4d97-a027-4756e468c032:c2937, c5f86d96-67df-4f25-bde3-316f439d30b3:c2939]
2019-08-23 18:29:05,090 | INFO  | DNAudit | user=null | ip=null | op=WRITE_CHUNK {blockData=conID: 3 locID: 102667710958207520 bcsId: 0} | ret=SUCCESS |  
2019-08-23 18:29:05,090 | INFO  | DNAudit | user=null | ip=null | op=PUT_BLOCK {blockData=[blockId=conID: 3 locID: 102667710958207520 bcsId: 0,size=2097152]} | ret=SUCCESS |  
2019-08-23 18:29:05,090 [grpc-default-executor-5] INFO  client.GrpcClientProtocolClient (GrpcClientProtocolClient.java:onNext(255)) - client-19C32667576E->48affcab-e6e4-4602-963a-f6a50efbd54c: receive RaftClientReply:client-19C32667576E->48affcab-e6e4-4602-963a-f6a50efbd54c@group-50C56EAF5137, cid=2001, SUCCESS, logIndex=2941, commits[48affcab-e6e4-4602-963a-f6a50efbd54c:c2943, 7e391b60-07ae-4d97-a027-4756e468c032:c2937, c5f86d96-67df-4f25-bde3-316f439d30b3:c2939]
2019-08-23 18:29:05,091 [grpc-default-executor-0] INFO  client.GrpcClientProtocolClient (GrpcClientProtocolClient.java:onNext(255)) - client-19C32667576E->48affcab-e6e4-4602-963a-f6a50efbd54c: receive RaftClientReply:client-19C32667576E->48affcab-e6e4-4602-963a-f6a50efbd54c@group-50C56EAF5137, cid=2002, SUCCESS, logIndex=0, commits[48affcab-e6e4-4602-963a-f6a50efbd54c:c2945, 7e391b60-07ae-4d97-a027-4756e468c032:c2941, c5f86d96-67df-4f25-bde3-316f439d30b3:c2941]
2019-08-23 18:29:05,101 | INFO  | DNAudit | user=null | ip=null | op=WRITE_CHUNK {blockData=conID: 3 locID: 102667710958207520 bcsId: 2941} | ret=SUCCESS |  
2019-08-23 18:29:05,104 | INFO  | DNAudit | user=null | ip=null | op=WRITE_CHUNK {blockData=conID: 3 locID: 102667710958207520 bcsId: 2941} | ret=SUCCESS |  
2019-08-23 18:29:05,105 | INFO  | DNAudit | user=null | ip=null | op=WRITE_CHUNK {blockData=conID: 3 locID: 102667710958207520 bcsId: 2941} | ret=SUCCESS |  
2019-08-23 18:29:05,114 | INFO  | DNAudit | user=null | ip=null | op=WRITE_CHUNK {blockData=conID: 3 locID: 102667710958207520 bcsId: 2941} | ret=SUCCESS |  
2019-08-23 18:29:05,114 | INFO  | DNAudit | user=null | ip=null | op=PUT_BLOCK {blockData=[blockId=conID: 3 locID: 102667710958207520 bcsId: 0,size=3145728]} | ret=SUCCESS |  
2019-08-23 18:29:05,114 [grpc-default-executor-0] INFO  client.GrpcClientProtocolClient (GrpcClientProtocolClient.java:onNext(255)) - client-19C32667576E->48affcab-e6e4-4602-963a-f6a50efbd54c: receive RaftClientReply:client-19C32667576E->48affcab-e6e4-4602-963a-f6a50efbd54c@group-50C56EAF5137, cid=2003, SUCCESS, logIndex=2946, commits[48affcab-e6e4-4602-963a-f6a50efbd54c:c2947, 7e391b60-07ae-4d97-a027-4756e468c032:c2945, c5f86d96-67df-4f25-bde3-316f439d30b3:c2945]
2019-08-23 18:29:05,115 [grpc-default-executor-0] INFO  client.GrpcClientProtocolClient (GrpcClientProtocolClient.java:onNext(255)) - client-19C32667576E->48affcab-e6e4-4602-963a-f6a50efbd54c: receive RaftClientReply:client-19C32667576E->48affcab-e6e4-4602-963a-f6a50efbd54c@group-50C56EAF5137, cid=2004, SUCCESS, logIndex=2947, commits[48affcab-e6e4-4602-963a-f6a50efbd54c:c2947, 7e391b60-07ae-4d97-a027-4756e468c032:c2945, c5f86d96-67df-4f25-bde3-316f439d30b3:c2945]
2019-08-23 18:29:05,121 | INFO  | DNAudit | user=null | ip=null | op=WRITE_CHUNK {blockData=conID: 3 locID: 102667710958207520 bcsId: 2947} | ret=SUCCESS |  
2019-08-23 18:29:05,124 | INFO  | DNAudit | user=null | ip=null | op=WRITE_CHUNK {blockData=conID: 3 locID: 102667710958207520 bcsId: 2947} | ret=SUCCESS |  
2019-08-23 18:29:05,124 | INFO  | DNAudit | user=null | ip=null | op=WRITE_CHUNK {blockData=conID: 3 locID: 102667710958207520 bcsId: 2947} | ret=SUCCESS |  
2019-08-23 18:29:05,125 | INFO  | DNAudit | user=null | ip=null | op=WRITE_CHUNK {blockData=conID: 3 locID: 102667710958207520 bcsId: 2941} | ret=SUCCESS |  
2019-08-23 18:29:05,125 | INFO  | DNAudit | user=null | ip=null | op=WRITE_CHUNK {blockData=conID: 3 locID: 102667710958207520 bcsId: 2941} | ret=SUCCESS |  
2019-08-23 18:29:05,125 | INFO  | DNAudit | user=null | ip=null | op=PUT_BLOCK {blockData=[blockId=conID: 3 locID: 102667710958207520 bcsId: 0,size=3145728]} | ret=SUCCESS |  
2019-08-23 18:29:05,126 | INFO  | DNAudit | user=null | ip=null | op=PUT_BLOCK {blockData=[blockId=conID: 3 locID: 102667710958207520 bcsId: 0,size=3145728]} | ret=SUCCESS |  
2019-08-23 18:29:05,127 | INFO  | DNAudit | user=null | ip=null | op=WRITE_CHUNK {blockData=conID: 3 locID: 102667710958207520 bcsId: 2947} | ret=SUCCESS |  
2019-08-23 18:29:05,128 | INFO  | DNAudit | user=null | ip=null | op=PUT_BLOCK {blockData=[blockId=conID: 3 locID: 102667710958207520 bcsId: 0,size=4194304]} | ret=SUCCESS |  
2019-08-23 18:29:05,128 [grpc-default-executor-0] INFO  client.GrpcClientProtocolClient (GrpcClientProtocolClient.java:onNext(255)) - client-19C32667576E->48affcab-e6e4-4602-963a-f6a50efbd54c: receive RaftClientReply:client-19C32667576E->48affcab-e6e4-4602-963a-f6a50efbd54c@group-50C56EAF5137, cid=2005, SUCCESS, logIndex=2950, commits[48affcab-e6e4-4602-963a-f6a50efbd54c:c2951, 7e391b60-07ae-4d97-a027-4756e468c032:c2947, c5f86d96-67df-4f25-bde3-316f439d30b3:c2947]
2019-08-23 18:29:05,128 [grpc-default-executor-0] INFO  client.GrpcClientProtocolClient (GrpcClientProtocolClient.java:onNext(255)) - client-19C32667576E->48affcab-e6e4-4602-963a-f6a50efbd54c: receive RaftClientReply:client-19C32667576E->48affcab-e6e4-4602-963a-f6a50efbd54c@group-50C56EAF5137, cid=2006, SUCCESS, logIndex=2951, commits[48affcab-e6e4-4602-963a-f6a50efbd54c:c2951, 7e391b60-07ae-4d97-a027-4756e468c032:c2947, c5f86d96-67df-4f25-bde3-316f439d30b3:c2947]
2019-08-23 18:29:05,139 | INFO  | DNAudit | user=null | ip=null | op=WRITE_CHUNK {blockData=conID: 3 locID: 102667710958207520 bcsId: 2947} | ret=SUCCESS |  
2019-08-23 18:29:05,139 | INFO  | DNAudit | user=null | ip=null | op=WRITE_CHUNK {blockData=conID: 3 locID: 102667710958207520 bcsId: 2947} | ret=SUCCESS |  
2019-08-23 18:29:05,140 | INFO  | DNAudit | user=null | ip=null | op=PUT_BLOCK {blockData=[blockId=conID: 3 locID: 102667710958207520 bcsId: 0,size=4194304]} | ret=SUCCESS |  
2019-08-23 18:29:05,140 | INFO  | DNAudit | user=null | ip=null | op=PUT_BLOCK {blockData=[blockId=conID: 3 locID: 102667710958207520 bcsId: 0,size=4194304]} | ret=SUCCESS |  
2019-08-23 18:29:05,141 [grpc-default-executor-0] INFO  client.GrpcClientProtocolClient (GrpcClientProtocolClient.java:onNext(255)) - client-19C32667576E->48affcab-e6e4-4602-963a-f6a50efbd54c: receive RaftClientReply:client-19C32667576E->48affcab-e6e4-4602-963a-f6a50efbd54c@group-50C56EAF5137, cid=2007, SUCCESS, logIndex=0, commits[48affcab-e6e4-4602-963a-f6a50efbd54c:c2953, 7e391b60-07ae-4d97-a027-4756e468c032:c2951, c5f86d96-67df-4f25-bde3-316f439d30b3:c2951]
2019-08-23 18:29:05,146 | INFO  | SCMAudit | user=jenkins1000 | ip=192.168.34.23 | op=ALLOCATE_BLOCK {owner=1ceb8b80-28f1-43fd-86c3-175afc07b8d1, size=4194304, type=RATIS, factor=THREE} | ret=SUCCESS |  
2019-08-23 18:29:05,148 | INFO  | OMAudit | user=jenkins1000 | ip=127.0.0.1 | op=ALLOCATE_BLOCK {volume=vol-0-45438, bucket=bucket-0-23891, key=key-0-22455, dataSize=0, replicationType=null, replicationFactor=null, keyLocationInfo=null, clientID=102667710122492306} | ret=SUCCESS |  
2019-08-23 18:29:05,156 | INFO  | DNAudit | user=null | ip=null | op=WRITE_CHUNK {blockData=conID: 1 locID: 102667710965023265 bcsId: 0} | ret=SUCCESS |  
2019-08-23 18:29:05,158 | INFO  | DNAudit | user=null | ip=null | op=WRITE_CHUNK {blockData=conID: 1 locID: 102667710965023265 bcsId: 0} | ret=SUCCESS |  
2019-08-23 18:29:05,158 | INFO  | DNAudit | user=null | ip=null | op=WRITE_CHUNK {blockData=conID: 1 locID: 102667710965023265 bcsId: 0} | ret=SUCCESS |  
2019-08-23 18:29:05,158 | INFO  | DNAudit | user=null | ip=null | op=WRITE_CHUNK {blockData=conID: 1 locID: 102667710965023265 bcsId: 0} | ret=SUCCESS |  
2019-08-23 18:29:05,160 | INFO  | DNAudit | user=null | ip=null | op=WRITE_CHUNK {blockData=conID: 1 locID: 102667710965023265 bcsId: 0} | ret=SUCCESS |  
2019-08-23 18:29:05,160 | INFO  | DNAudit | user=null | ip=null | op=WRITE_CHUNK {blockData=conID: 1 locID: 102667710965023265 bcsId: 0} | ret=SUCCESS |  
2019-08-23 18:29:05,169 | INFO  | DNAudit | user=null | ip=null | op=WRITE_CHUNK {blockData=conID: 1 locID: 102667710965023265 bcsId: 0} | ret=SUCCESS |  
2019-08-23 18:29:05,169 | INFO  | DNAudit | user=null | ip=null | op=PUT_BLOCK {blockData=[blockId=conID: 1 locID: 102667710965023265 bcsId: 0,size=1048576]} | ret=SUCCESS |  
2019-08-23 18:29:05,169 [grpc-default-executor-5] INFO  client.GrpcClientProtocolClient (GrpcClientProtocolClient.java:onNext(255)) - client-19C32667576E->48affcab-e6e4-4602-963a-f6a50efbd54c: receive RaftClientReply:client-19C32667576E->48affcab-e6e4-4602-963a-f6a50efbd54c@group-50C56EAF5137, cid=2008, SUCCESS, logIndex=2954, commits[48affcab-e6e4-4602-963a-f6a50efbd54c:c2955, 7e391b60-07ae-4d97-a027-4756e468c032:c2953, c5f86d96-67df-4f25-bde3-316f439d30b3:c2953]
2019-08-23 18:29:05,170 | INFO  | DNAudit | user=null | ip=null | op=WRITE_CHUNK {blockData=conID: 1 locID: 102667710965023265 bcsId: 0} | ret=SUCCESS |  
2019-08-23 18:29:05,170 [grpc-default-executor-0] INFO  client.GrpcClientProtocolClient (GrpcClientProtocolClient.java:onNext(255)) - client-19C32667576E->48affcab-e6e4-4602-963a-f6a50efbd54c: receive RaftClientReply:client-19C32667576E->48affcab-e6e4-4602-963a-f6a50efbd54c@group-50C56EAF5137, cid=2009, SUCCESS, logIndex=2955, commits[48affcab-e6e4-4602-963a-f6a50efbd54c:c2955, 7e391b60-07ae-4d97-a027-4756e468c032:c2953, c5f86d96-67df-4f25-bde3-316f439d30b3:c2953]
2019-08-23 18:29:05,170 | INFO  | DNAudit | user=null | ip=null | op=PUT_BLOCK {blockData=[blockId=conID: 1 locID: 102667710965023265 bcsId: 0,size=2097152]} | ret=SUCCESS |  
2019-08-23 18:29:05,170 | INFO  | DNAudit | user=null | ip=null | op=WRITE_CHUNK {blockData=conID: 1 locID: 102667710965023265 bcsId: 0} | ret=SUCCESS |  
2019-08-23 18:29:05,171 | INFO  | DNAudit | user=null | ip=null | op=PUT_BLOCK {blockData=[blockId=conID: 1 locID: 102667710965023265 bcsId: 0,size=1048576]} | ret=SUCCESS |  
2019-08-23 18:29:05,171 | INFO  | DNAudit | user=null | ip=null | op=WRITE_CHUNK {blockData=conID: 1 locID: 102667710965023265 bcsId: 0} | ret=SUCCESS |  
2019-08-23 18:29:05,171 [grpc-default-executor-0] INFO  client.GrpcClientProtocolClient (GrpcClientProtocolClient.java:onNext(255)) - client-19C32667576E->48affcab-e6e4-4602-963a-f6a50efbd54c: receive RaftClientReply:client-19C32667576E->48affcab-e6e4-4602-963a-f6a50efbd54c@group-50C56EAF5137, cid=2010, SUCCESS, logIndex=2956, commits[48affcab-e6e4-4602-963a-f6a50efbd54c:c2957, 7e391b60-07ae-4d97-a027-4756e468c032:c2953, c5f86d96-67df-4f25-bde3-316f439d30b3:c2953]
2019-08-23 18:29:05,171 | INFO  | DNAudit | user=null | ip=null | op=PUT_BLOCK {blockData=[blockId=conID: 1 locID: 102667710965023265 bcsId: 0,size=1048576]} | ret=SUCCESS |  
2019-08-23 18:29:05,172 | INFO  | DNAudit | user=null | ip=null | op=WRITE_CHUNK {blockData=conID: 1 locID: 102667710965023265 bcsId: 0} | ret=SUCCESS |  
2019-08-23 18:29:05,172 [grpc-default-executor-0] INFO  client.GrpcClientProtocolClient (GrpcClientProtocolClient.java:onNext(255)) - client-19C32667576E->48affcab-e6e4-4602-963a-f6a50efbd54c: receive RaftClientReply:client-19C32667576E->48affcab-e6e4-4602-963a-f6a50efbd54c@group-50C56EAF5137, cid=2011, SUCCESS, logIndex=2957, commits[48affcab-e6e4-4602-963a-f6a50efbd54c:c2957, 7e391b60-07ae-4d97-a027-4756e468c032:c2953, c5f86d96-67df-4f25-bde3-316f439d30b3:c2953]
2019-08-23 18:29:05,172 | INFO  | DNAudit | user=null | ip=null | op=PUT_BLOCK {blockData=[blockId=conID: 1 locID: 102667710965023265 bcsId: 0,size=2097152]} | ret=SUCCESS |  
2019-08-23 18:29:05,172 | INFO  | DNAudit | user=null | ip=null | op=WRITE_CHUNK {blockData=conID: 1 locID: 102667710965023265 bcsId: 0} | ret=SUCCESS |  
2019-08-23 18:29:05,172 | INFO  | DNAudit | user=null | ip=null | op=PUT_BLOCK {blockData=[blockId=conID: 1 locID: 102667710965023265 bcsId: 0,size=2097152]} | ret=SUCCESS |  
2019-08-23 18:29:05,173 [grpc-default-executor-0] INFO  client.GrpcClientProtocolClient (GrpcClientProtocolClient.java:onNext(255)) - client-19C32667576E->48affcab-e6e4-4602-963a-f6a50efbd54c: receive RaftClientReply:client-19C32667576E->48affcab-e6e4-4602-963a-f6a50efbd54c@group-50C56EAF5137, cid=2012, SUCCESS, logIndex=0, commits[48affcab-e6e4-4602-963a-f6a50efbd54c:c2961, 7e391b60-07ae-4d97-a027-4756e468c032:c2957, c5f86d96-67df-4f25-bde3-316f439d30b3:c2955]
2019-08-23 18:29:05,179 | INFO  | DNAudit | user=null | ip=null | op=WRITE_CHUNK {blockData=conID: 1 locID: 102667710965023265 bcsId: 2957} | ret=SUCCESS |  
2019-08-23 18:29:05,182 | INFO  | DNAudit | user=null | ip=null | op=WRITE_CHUNK {blockData=conID: 1 locID: 102667710965023265 bcsId: 2957} | ret=SUCCESS |  
2019-08-23 18:29:05,182 | INFO  | DNAudit | user=null | ip=null | op=WRITE_CHUNK {blockData=conID: 1 locID: 102667710965023265 bcsId: 2957} | ret=SUCCESS |  
2019-08-23 18:29:05,192 | INFO  | DNAudit | user=null | ip=null | op=WRITE_CHUNK {blockData=conID: 1 locID: 102667710965023265 bcsId: 2957} | ret=SUCCESS |  
2019-08-23 18:29:05,192 | INFO  | DNAudit | user=null | ip=null | op=PUT_BLOCK {blockData=[blockId=conID: 1 locID: 102667710965023265 bcsId: 0,size=3145728]} | ret=SUCCESS |  
2019-08-23 18:29:05,193 [grpc-default-executor-0] INFO  client.GrpcClientProtocolClient (GrpcClientProtocolClient.java:onNext(255)) - client-19C32667576E->48affcab-e6e4-4602-963a-f6a50efbd54c: receive RaftClientReply:client-19C32667576E->48affcab-e6e4-4602-963a-f6a50efbd54c@group-50C56EAF5137, cid=2013, SUCCESS, logIndex=2962, commits[48affcab-e6e4-4602-963a-f6a50efbd54c:c2963, 7e391b60-07ae-4d97-a027-4756e468c032:c2961, c5f86d96-67df-4f25-bde3-316f439d30b3:c2961]
2019-08-23 18:29:05,193 [grpc-default-executor-0] INFO  client.GrpcClientProtocolClient (GrpcClientProtocolClient.java:onNext(255)) - client-19C32667576E->48affcab-e6e4-4602-963a-f6a50efbd54c: receive RaftClientReply:client-19C32667576E->48affcab-e6e4-4602-963a-f6a50efbd54c@group-50C56EAF5137, cid=2014, SUCCESS, logIndex=2963, commits[48affcab-e6e4-4602-963a-f6a50efbd54c:c2963, 7e391b60-07ae-4d97-a027-4756e468c032:c2961, c5f86d96-67df-4f25-bde3-316f439d30b3:c2961]
2019-08-23 18:29:05,200 | INFO  | DNAudit | user=null | ip=null | op=WRITE_CHUNK {blockData=conID: 1 locID: 102667710965023265 bcsId: 2963} | ret=SUCCESS |  
2019-08-23 18:29:05,202 | INFO  | DNAudit | user=null | ip=null | op=WRITE_CHUNK {blockData=conID: 1 locID: 102667710965023265 bcsId: 2963} | ret=SUCCESS |  
2019-08-23 18:29:05,202 | INFO  | DNAudit | user=null | ip=null | op=WRITE_CHUNK {blockData=conID: 1 locID: 102667710965023265 bcsId: 2963} | ret=SUCCESS |  
2019-08-23 18:29:05,206 | INFO  | DNAudit | user=null | ip=null | op=WRITE_CHUNK {blockData=conID: 1 locID: 102667710965023265 bcsId: 2957} | ret=SUCCESS |  
2019-08-23 18:29:05,207 | INFO  | DNAudit | user=null | ip=null | op=WRITE_CHUNK {blockData=conID: 1 locID: 102667710965023265 bcsId: 2957} | ret=SUCCESS |  
2019-08-23 18:29:05,207 | INFO  | DNAudit | user=null | ip=null | op=PUT_BLOCK {blockData=[blockId=conID: 1 locID: 102667710965023265 bcsId: 0,size=3145728]} | ret=SUCCESS |  
2019-08-23 18:29:05,207 | INFO  | DNAudit | user=null | ip=null | op=WRITE_CHUNK {blockData=conID: 1 locID: 102667710965023265 bcsId: 2963} | ret=SUCCESS |  
2019-08-23 18:29:05,207 | INFO  | DNAudit | user=null | ip=null | op=PUT_BLOCK {blockData=[blockId=conID: 1 locID: 102667710965023265 bcsId: 0,size=3145728]} | ret=SUCCESS |  
2019-08-23 18:29:05,208 | INFO  | DNAudit | user=null | ip=null | op=PUT_BLOCK {blockData=[blockId=conID: 1 locID: 102667710965023265 bcsId: 0,size=4194304]} | ret=SUCCESS |  
2019-08-23 18:29:05,208 [grpc-default-executor-0] INFO  client.GrpcClientProtocolClient (GrpcClientProtocolClient.java:onNext(255)) - client-19C32667576E->48affcab-e6e4-4602-963a-f6a50efbd54c: receive RaftClientReply:client-19C32667576E->48affcab-e6e4-4602-963a-f6a50efbd54c@group-50C56EAF5137, cid=2015, SUCCESS, logIndex=2966, commits[48affcab-e6e4-4602-963a-f6a50efbd54c:c2967, 7e391b60-07ae-4d97-a027-4756e468c032:c2963, c5f86d96-67df-4f25-bde3-316f439d30b3:c2961]
2019-08-23 18:29:05,209 [grpc-default-executor-0] INFO  client.GrpcClientProtocolClient (GrpcClientProtocolClient.java:onNext(255)) - client-19C32667576E->48affcab-e6e4-4602-963a-f6a50efbd54c: receive RaftClientReply:client-19C32667576E->48affcab-e6e4-4602-963a-f6a50efbd54c@group-50C56EAF5137, cid=2016, SUCCESS, logIndex=2967, commits[48affcab-e6e4-4602-963a-f6a50efbd54c:c2967, 7e391b60-07ae-4d97-a027-4756e468c032:c2963, c5f86d96-67df-4f25-bde3-316f439d30b3:c2963]
2019-08-23 18:29:05,219 | INFO  | DNAudit | user=null | ip=null | op=WRITE_CHUNK {blockData=conID: 1 locID: 102667710965023265 bcsId: 2963} | ret=SUCCESS |  
2019-08-23 18:29:05,219 | INFO  | DNAudit | user=null | ip=null | op=WRITE_CHUNK {blockData=conID: 1 locID: 102667710965023265 bcsId: 2963} | ret=SUCCESS |  
2019-08-23 18:29:05,220 | INFO  | DNAudit | user=null | ip=null | op=PUT_BLOCK {blockData=[blockId=conID: 1 locID: 102667710965023265 bcsId: 0,size=4194304]} | ret=SUCCESS |  
2019-08-23 18:29:05,220 | INFO  | DNAudit | user=null | ip=null | op=PUT_BLOCK {blockData=[blockId=conID: 1 locID: 102667710965023265 bcsId: 0,size=4194304]} | ret=SUCCESS |  
2019-08-23 18:29:05,221 [grpc-default-executor-0] INFO  client.GrpcClientProtocolClient (GrpcClientProtocolClient.java:onNext(255)) - client-19C32667576E->48affcab-e6e4-4602-963a-f6a50efbd54c: receive RaftClientReply:client-19C32667576E->48affcab-e6e4-4602-963a-f6a50efbd54c@group-50C56EAF5137, cid=2017, SUCCESS, logIndex=0, commits[48affcab-e6e4-4602-963a-f6a50efbd54c:c2969, 7e391b60-07ae-4d97-a027-4756e468c032:c2967, c5f86d96-67df-4f25-bde3-316f439d30b3:c2967]
2019-08-23 18:29:05,226 | INFO  | SCMAudit | user=jenkins1000 | ip=192.168.34.23 | op=ALLOCATE_BLOCK {owner=1ceb8b80-28f1-43fd-86c3-175afc07b8d1, size=4194304, type=RATIS, factor=THREE} | ret=SUCCESS |  
2019-08-23 18:29:05,230 | INFO  | OMAudit | user=jenkins1000 | ip=127.0.0.1 | op=ALLOCATE_BLOCK {volume=vol-0-45438, bucket=bucket-0-23891, key=key-0-22455, dataSize=0, replicationType=null, replicationFactor=null, keyLocationInfo=null, clientID=102667710122492306} | ret=SUCCESS |  
2019-08-23 18:29:05,239 | INFO  | DNAudit | user=null | ip=null | op=WRITE_CHUNK {blockData=conID: 2 locID: 102667710970331682 bcsId: 0} | ret=SUCCESS |  
2019-08-23 18:29:05,241 | INFO  | DNAudit | user=null | ip=null | op=WRITE_CHUNK {blockData=conID: 2 locID: 102667710970331682 bcsId: 0} | ret=SUCCESS |  
2019-08-23 18:29:05,241 | INFO  | DNAudit | user=null | ip=null | op=WRITE_CHUNK {blockData=conID: 2 locID: 102667710970331682 bcsId: 0} | ret=SUCCESS |  
2019-08-23 18:29:05,242 | INFO  | DNAudit | user=null | ip=null | op=WRITE_CHUNK {blockData=conID: 2 locID: 102667710970331682 bcsId: 0} | ret=SUCCESS |  
2019-08-23 18:29:05,244 | INFO  | DNAudit | user=null | ip=null | op=WRITE_CHUNK {blockData=conID: 2 locID: 102667710970331682 bcsId: 0} | ret=SUCCESS |  
2019-08-23 18:29:05,244 | INFO  | DNAudit | user=null | ip=null | op=WRITE_CHUNK {blockData=conID: 2 locID: 102667710970331682 bcsId: 0} | ret=SUCCESS |  
2019-08-23 18:29:05,251 | INFO  | DNAudit | user=null | ip=null | op=WRITE_CHUNK {blockData=conID: 2 locID: 102667710970331682 bcsId: 0} | ret=SUCCESS |  
2019-08-23 18:29:05,252 | INFO  | DNAudit | user=null | ip=null | op=PUT_BLOCK {blockData=[blockId=conID: 2 locID: 102667710970331682 bcsId: 0,size=1048576]} | ret=SUCCESS |  
2019-08-23 18:29:05,252 [grpc-default-executor-0] INFO  client.GrpcClientProtocolClient (GrpcClientProtocolClient.java:onNext(255)) - client-19C32667576E->48affcab-e6e4-4602-963a-f6a50efbd54c: receive RaftClientReply:client-19C32667576E->48affcab-e6e4-4602-963a-f6a50efbd54c@group-50C56EAF5137, cid=2018, SUCCESS, logIndex=2970, commits[48affcab-e6e4-4602-963a-f6a50efbd54c:c2971, 7e391b60-07ae-4d97-a027-4756e468c032:c2969, c5f86d96-67df-4f25-bde3-316f439d30b3:c2969]
2019-08-23 18:29:05,252 [grpc-default-executor-0] INFO  client.GrpcClientProtocolClient (GrpcClientProtocolClient.java:onNext(255)) - client-19C32667576E->48affcab-e6e4-4602-963a-f6a50efbd54c: receive RaftClientReply:client-19C32667576E->48affcab-e6e4-4602-963a-f6a50efbd54c@group-50C56EAF5137, cid=2019, SUCCESS, logIndex=2971, commits[48affcab-e6e4-4602-963a-f6a50efbd54c:c2971, 7e391b60-07ae-4d97-a027-4756e468c032:c2969, c5f86d96-67df-4f25-bde3-316f439d30b3:c2969]
2019-08-23 18:29:05,253 | INFO  | DNAudit | user=null | ip=null | op=WRITE_CHUNK {blockData=conID: 2 locID: 102667710970331682 bcsId: 0} | ret=SUCCESS |  
2019-08-23 18:29:05,254 | INFO  | DNAudit | user=null | ip=null | op=PUT_BLOCK {blockData=[blockId=conID: 2 locID: 102667710970331682 bcsId: 0,size=2097152]} | ret=SUCCESS |  
2019-08-23 18:29:05,254 [grpc-default-executor-0] INFO  client.GrpcClientProtocolClient (GrpcClientProtocolClient.java:onNext(255)) - client-19C32667576E->48affcab-e6e4-4602-963a-f6a50efbd54c: receive RaftClientReply:client-19C32667576E->48affcab-e6e4-4602-963a-f6a50efbd54c@group-50C56EAF5137, cid=2020, SUCCESS, logIndex=2972, commits[48affcab-e6e4-4602-963a-f6a50efbd54c:c2972, 7e391b60-07ae-4d97-a027-4756e468c032:c2969, c5f86d96-67df-4f25-bde3-316f439d30b3:c2969]
2019-08-23 18:29:05,255 [grpc-default-executor-0] INFO  client.GrpcClientProtocolClient (GrpcClientProtocolClient.java:onNext(255)) - client-19C32667576E->48affcab-e6e4-4602-963a-f6a50efbd54c: receive RaftClientReply:client-19C32667576E->48affcab-e6e4-4602-963a-f6a50efbd54c@group-50C56EAF5137, cid=2021, SUCCESS, logIndex=2973, commits[48affcab-e6e4-4602-963a-f6a50efbd54c:c2973, 7e391b60-07ae-4d97-a027-4756e468c032:c2969, c5f86d96-67df-4f25-bde3-316f439d30b3:c2969]
2019-08-23 18:29:05,265 | INFO  | DNAudit | user=null | ip=null | op=WRITE_CHUNK {blockData=conID: 2 locID: 102667710970331682 bcsId: 0} | ret=SUCCESS |  
2019-08-23 18:29:05,265 | INFO  | DNAudit | user=null | ip=null | op=PUT_BLOCK {blockData=[blockId=conID: 2 locID: 102667710970331682 bcsId: 0,size=1048576]} | ret=SUCCESS |  
2019-08-23 18:29:05,265 | INFO  | DNAudit | user=null | ip=null | op=WRITE_CHUNK {blockData=conID: 2 locID: 102667710970331682 bcsId: 0} | ret=SUCCESS |  
2019-08-23 18:29:05,265 | INFO  | DNAudit | user=null | ip=null | op=PUT_BLOCK {blockData=[blockId=conID: 2 locID: 102667710970331682 bcsId: 0,size=1048576]} | ret=SUCCESS |  
2019-08-23 18:29:05,266 | INFO  | DNAudit | user=null | ip=null | op=WRITE_CHUNK {blockData=conID: 2 locID: 102667710970331682 bcsId: 0} | ret=SUCCESS |  
2019-08-23 18:29:05,266 | INFO  | DNAudit | user=null | ip=null | op=PUT_BLOCK {blockData=[blockId=conID: 2 locID: 102667710970331682 bcsId: 0,size=2097152]} | ret=SUCCESS |  
2019-08-23 18:29:05,266 | INFO  | DNAudit | user=null | ip=null | op=WRITE_CHUNK {blockData=conID: 2 locID: 102667710970331682 bcsId: 0} | ret=SUCCESS |  
2019-08-23 18:29:05,267 | INFO  | DNAudit | user=null | ip=null | op=PUT_BLOCK {blockData=[blockId=conID: 2 locID: 102667710970331682 bcsId: 0,size=2097152]} | ret=SUCCESS |  
2019-08-23 18:29:05,267 [grpc-default-executor-0] INFO  client.GrpcClientProtocolClient (GrpcClientProtocolClient.java:onNext(255)) - client-19C32667576E->48affcab-e6e4-4602-963a-f6a50efbd54c: receive RaftClientReply:client-19C32667576E->48affcab-e6e4-4602-963a-f6a50efbd54c@group-50C56EAF5137, cid=2022, SUCCESS, logIndex=0, commits[48affcab-e6e4-4602-963a-f6a50efbd54c:c2975, 7e391b60-07ae-4d97-a027-4756e468c032:c2971, c5f86d96-67df-4f25-bde3-316f439d30b3:c2971]
2019-08-23 18:29:05,273 | INFO  | DNAudit | user=null | ip=null | op=WRITE_CHUNK {blockData=conID: 2 locID: 102667710970331682 bcsId: 2973} | ret=SUCCESS |  
2019-08-23 18:29:05,275 | INFO  | DNAudit | user=null | ip=null | op=WRITE_CHUNK {blockData=conID: 2 locID: 102667710970331682 bcsId: 2973} | ret=SUCCESS |  
2019-08-23 18:29:05,276 | INFO  | DNAudit | user=null | ip=null | op=WRITE_CHUNK {blockData=conID: 2 locID: 102667710970331682 bcsId: 2973} | ret=SUCCESS |  
2019-08-23 18:29:05,286 | INFO  | DNAudit | user=null | ip=null | op=WRITE_CHUNK {blockData=conID: 2 locID: 102667710970331682 bcsId: 2973} | ret=SUCCESS |  
2019-08-23 18:29:05,287 | INFO  | DNAudit | user=null | ip=null | op=PUT_BLOCK {blockData=[blockId=conID: 2 locID: 102667710970331682 bcsId: 0,size=3145728]} | ret=SUCCESS |  
2019-08-23 18:29:05,287 [grpc-default-executor-3] INFO  client.GrpcClientProtocolClient (GrpcClientProtocolClient.java:onNext(255)) - client-19C32667576E->48affcab-e6e4-4602-963a-f6a50efbd54c: receive RaftClientReply:client-19C32667576E->48affcab-e6e4-4602-963a-f6a50efbd54c@group-50C56EAF5137, cid=2023, SUCCESS, logIndex=2978, commits[48affcab-e6e4-4602-963a-f6a50efbd54c:c2979, 7e391b60-07ae-4d97-a027-4756e468c032:c2977, c5f86d96-67df-4f25-bde3-316f439d30b3:c2977]
2019-08-23 18:29:05,287 [grpc-default-executor-3] INFO  client.GrpcClientProtocolClient (GrpcClientProtocolClient.java:onNext(255)) - client-19C32667576E->48affcab-e6e4-4602-963a-f6a50efbd54c: receive RaftClientReply:client-19C32667576E->48affcab-e6e4-4602-963a-f6a50efbd54c@group-50C56EAF5137, cid=2024, SUCCESS, logIndex=2979, commits[48affcab-e6e4-4602-963a-f6a50efbd54c:c2979, 7e391b60-07ae-4d97-a027-4756e468c032:c2977, c5f86d96-67df-4f25-bde3-316f439d30b3:c2977]
2019-08-23 18:29:05,294 | INFO  | DNAudit | user=null | ip=null | op=WRITE_CHUNK {blockData=conID: 2 locID: 102667710970331682 bcsId: 2979} | ret=SUCCESS |  
2019-08-23 18:29:05,297 | INFO  | DNAudit | user=null | ip=null | op=WRITE_CHUNK {blockData=conID: 2 locID: 102667710970331682 bcsId: 2979} | ret=SUCCESS |  
2019-08-23 18:29:05,298 | INFO  | DNAudit | user=null | ip=null | op=WRITE_CHUNK {blockData=conID: 2 locID: 102667710970331682 bcsId: 2979} | ret=SUCCESS |  
2019-08-23 18:29:05,298 | INFO  | DNAudit | user=null | ip=null | op=WRITE_CHUNK {blockData=conID: 2 locID: 102667710970331682 bcsId: 2973} | ret=SUCCESS |  
2019-08-23 18:29:05,298 | INFO  | DNAudit | user=null | ip=null | op=WRITE_CHUNK {blockData=conID: 2 locID: 102667710970331682 bcsId: 2973} | ret=SUCCESS |  
2019-08-23 18:29:05,298 | INFO  | DNAudit | user=null | ip=null | op=PUT_BLOCK {blockData=[blockId=conID: 2 locID: 102667710970331682 bcsId: 0,size=3145728]} | ret=SUCCESS |  
2019-08-23 18:29:05,299 | INFO  | DNAudit | user=null | ip=null | op=PUT_BLOCK {blockData=[blockId=conID: 2 locID: 102667710970331682 bcsId: 0,size=3145728]} | ret=SUCCESS |  
2019-08-23 18:29:05,300 | INFO  | DNAudit | user=null | ip=null | op=WRITE_CHUNK {blockData=conID: 2 locID: 102667710970331682 bcsId: 2979} | ret=SUCCESS |  
2019-08-23 18:29:05,300 | INFO  | DNAudit | user=null | ip=null | op=PUT_BLOCK {blockData=[blockId=conID: 2 locID: 102667710970331682 bcsId: 0,size=4194304]} | ret=SUCCESS |  
2019-08-23 18:29:05,301 [grpc-default-executor-4] INFO  client.GrpcClientProtocolClient (GrpcClientProtocolClient.java:onNext(255)) - client-19C32667576E->48affcab-e6e4-4602-963a-f6a50efbd54c: receive RaftClientReply:client-19C32667576E->48affcab-e6e4-4602-963a-f6a50efbd54c@group-50C56EAF5137, cid=2025, SUCCESS, logIndex=2982, commits[48affcab-e6e4-4602-963a-f6a50efbd54c:c2983, 7e391b60-07ae-4d97-a027-4756e468c032:c2979, c5f86d96-67df-4f25-bde3-316f439d30b3:c2979]
2019-08-23 18:29:05,301 | INFO  | DNAudit | user=null | ip=null | op=WRITE_CHUNK {blockData=conID: 2 locID: 102667710970331682 bcsId: 2979} | ret=SUCCESS |  
2019-08-23 18:29:05,301 | INFO  | DNAudit | user=null | ip=null | op=WRITE_CHUNK {blockData=conID: 2 locID: 102667710970331682 bcsId: 2979} | ret=SUCCESS |  
2019-08-23 18:29:05,301 [grpc-default-executor-4] INFO  client.GrpcClientProtocolClient (GrpcClientProtocolClient.java:onNext(255)) - client-19C32667576E->48affcab-e6e4-4602-963a-f6a50efbd54c: receive RaftClientReply:client-19C32667576E->48affcab-e6e4-4602-963a-f6a50efbd54c@group-50C56EAF5137, cid=2026, SUCCESS, logIndex=2983, commits[48affcab-e6e4-4602-963a-f6a50efbd54c:c2983, 7e391b60-07ae-4d97-a027-4756e468c032:c2979, c5f86d96-67df-4f25-bde3-316f439d30b3:c2979]
2019-08-23 18:29:05,301 | INFO  | DNAudit | user=null | ip=null | op=PUT_BLOCK {blockData=[blockId=conID: 2 locID: 102667710970331682 bcsId: 0,size=4194304]} | ret=SUCCESS |  
2019-08-23 18:29:05,301 | INFO  | DNAudit | user=null | ip=null | op=PUT_BLOCK {blockData=[blockId=conID: 2 locID: 102667710970331682 bcsId: 0,size=4194304]} | ret=SUCCESS |  
2019-08-23 18:29:05,302 [grpc-default-executor-0] INFO  client.GrpcClientProtocolClient (GrpcClientProtocolClient.java:onNext(255)) - client-19C32667576E->48affcab-e6e4-4602-963a-f6a50efbd54c: receive RaftClientReply:client-19C32667576E->48affcab-e6e4-4602-963a-f6a50efbd54c@group-50C56EAF5137, cid=2027, SUCCESS, logIndex=0, commits[48affcab-e6e4-4602-963a-f6a50efbd54c:c2984, 7e391b60-07ae-4d97-a027-4756e468c032:c2983, c5f86d96-67df-4f25-bde3-316f439d30b3:c2983]
2019-08-23 18:29:05,309 | INFO  | SCMAudit | user=jenkins1000 | ip=192.168.34.23 | op=ALLOCATE_BLOCK {owner=1ceb8b80-28f1-43fd-86c3-175afc07b8d1, size=4194304, type=RATIS, factor=THREE} | ret=SUCCESS |  
2019-08-23 18:29:05,313 | INFO  | OMAudit | user=jenkins1000 | ip=127.0.0.1 | op=ALLOCATE_BLOCK {volume=vol-0-45438, bucket=bucket-0-23891, key=key-0-22455, dataSize=0, replicationType=null, replicationFactor=null, keyLocationInfo=null, clientID=102667710122492306} | ret=SUCCESS |  
2019-08-23 18:29:05,320 | INFO  | DNAudit | user=null | ip=null | op=WRITE_CHUNK {blockData=conID: 3 locID: 102667710975771171 bcsId: 0} | ret=SUCCESS |  
2019-08-23 18:29:05,323 | INFO  | DNAudit | user=null | ip=null | op=WRITE_CHUNK {blockData=conID: 3 locID: 102667710975771171 bcsId: 0} | ret=SUCCESS |  
2019-08-23 18:29:05,323 | INFO  | DNAudit | user=null | ip=null | op=WRITE_CHUNK {blockData=conID: 3 locID: 102667710975771171 bcsId: 0} | ret=SUCCESS |  
2019-08-23 18:29:05,323 | INFO  | DNAudit | user=null | ip=null | op=WRITE_CHUNK {blockData=conID: 3 locID: 102667710975771171 bcsId: 0} | ret=SUCCESS |  
2019-08-23 18:29:05,325 | INFO  | DNAudit | user=null | ip=null | op=WRITE_CHUNK {blockData=conID: 3 locID: 102667710975771171 bcsId: 0} | ret=SUCCESS |  
2019-08-23 18:29:05,326 | INFO  | DNAudit | user=null | ip=null | op=WRITE_CHUNK {blockData=conID: 3 locID: 102667710975771171 bcsId: 0} | ret=SUCCESS |  
2019-08-23 18:29:05,332 | INFO  | DNAudit | user=null | ip=null | op=WRITE_CHUNK {blockData=conID: 3 locID: 102667710975771171 bcsId: 0} | ret=SUCCESS |  
2019-08-23 18:29:05,333 | INFO  | DNAudit | user=null | ip=null | op=PUT_BLOCK {blockData=[blockId=conID: 3 locID: 102667710975771171 bcsId: 0,size=1048576]} | ret=SUCCESS |  
2019-08-23 18:29:05,333 [grpc-default-executor-4] INFO  client.GrpcClientProtocolClient (GrpcClientProtocolClient.java:onNext(255)) - client-19C32667576E->48affcab-e6e4-4602-963a-f6a50efbd54c: receive RaftClientReply:client-19C32667576E->48affcab-e6e4-4602-963a-f6a50efbd54c@group-50C56EAF5137, cid=2028, SUCCESS, logIndex=2986, commits[48affcab-e6e4-4602-963a-f6a50efbd54c:c2987, 7e391b60-07ae-4d97-a027-4756e468c032:c2985, c5f86d96-67df-4f25-bde3-316f439d30b3:c2985]
2019-08-23 18:29:05,333 | INFO  | DNAudit | user=null | ip=null | op=WRITE_CHUNK {blockData=conID: 3 locID: 102667710975771171 bcsId: 0} | ret=SUCCESS |  
2019-08-23 18:29:05,334 [grpc-default-executor-4] INFO  client.GrpcClientProtocolClient (GrpcClientProtocolClient.java:onNext(255)) - client-19C32667576E->48affcab-e6e4-4602-963a-f6a50efbd54c: receive RaftClientReply:client-19C32667576E->48affcab-e6e4-4602-963a-f6a50efbd54c@group-50C56EAF5137, cid=2029, SUCCESS, logIndex=2987, commits[48affcab-e6e4-4602-963a-f6a50efbd54c:c2987, 7e391b60-07ae-4d97-a027-4756e468c032:c2985, c5f86d96-67df-4f25-bde3-316f439d30b3:c2985]
2019-08-23 18:29:05,334 | INFO  | DNAudit | user=null | ip=null | op=PUT_BLOCK {blockData=[blockId=conID: 3 locID: 102667710975771171 bcsId: 0,size=2097152]} | ret=SUCCESS |  
2019-08-23 18:29:05,334 | INFO  | DNAudit | user=null | ip=null | op=WRITE_CHUNK {blockData=conID: 3 locID: 102667710975771171 bcsId: 0} | ret=SUCCESS |  
2019-08-23 18:29:05,334 | INFO  | DNAudit | user=null | ip=null | op=WRITE_CHUNK {blockData=conID: 3 locID: 102667710975771171 bcsId: 0} | ret=SUCCESS |  
2019-08-23 18:29:05,335 | INFO  | DNAudit | user=null | ip=null | op=PUT_BLOCK {blockData=[blockId=conID: 3 locID: 102667710975771171 bcsId: 0,size=1048576]} | ret=SUCCESS |  
2019-08-23 18:29:05,335 [grpc-default-executor-4] INFO  client.GrpcClientProtocolClient (GrpcClientProtocolClient.java:onNext(255)) - client-19C32667576E->48affcab-e6e4-4602-963a-f6a50efbd54c: receive RaftClientReply:client-19C32667576E->48affcab-e6e4-4602-963a-f6a50efbd54c@group-50C56EAF5137, cid=2030, SUCCESS, logIndex=2988, commits[48affcab-e6e4-4602-963a-f6a50efbd54c:c2989, 7e391b60-07ae-4d97-a027-4756e468c032:c2985, c5f86d96-67df-4f25-bde3-316f439d30b3:c2985]
2019-08-23 18:29:05,335 | INFO  | DNAudit | user=null | ip=null | op=PUT_BLOCK {blockData=[blockId=conID: 3 locID: 102667710975771171 bcsId: 0,size=1048576]} | ret=SUCCESS |  
2019-08-23 18:29:05,335 [grpc-default-executor-3] INFO  client.GrpcClientProtocolClient (GrpcClientProtocolClient.java:onNext(255)) - client-19C32667576E->48affcab-e6e4-4602-963a-f6a50efbd54c: receive RaftClientReply:client-19C32667576E->48affcab-e6e4-4602-963a-f6a50efbd54c@group-50C56EAF5137, cid=2031, SUCCESS, logIndex=2989, commits[48affcab-e6e4-4602-963a-f6a50efbd54c:c2989, 7e391b60-07ae-4d97-a027-4756e468c032:c2985, c5f86d96-67df-4f25-bde3-316f439d30b3:c2985]
2019-08-23 18:29:05,335 | INFO  | DNAudit | user=null | ip=null | op=WRITE_CHUNK {blockData=conID: 3 locID: 102667710975771171 bcsId: 0} | ret=SUCCESS |  
2019-08-23 18:29:05,336 | INFO  | DNAudit | user=null | ip=null | op=PUT_BLOCK {blockData=[blockId=conID: 3 locID: 102667710975771171 bcsId: 0,size=2097152]} | ret=SUCCESS |  
2019-08-23 18:29:05,336 | INFO  | DNAudit | user=null | ip=null | op=WRITE_CHUNK {blockData=conID: 3 locID: 102667710975771171 bcsId: 0} | ret=SUCCESS |  
2019-08-23 18:29:05,336 | INFO  | DNAudit | user=null | ip=null | op=PUT_BLOCK {blockData=[blockId=conID: 3 locID: 102667710975771171 bcsId: 0,size=2097152]} | ret=SUCCESS |  
2019-08-23 18:29:05,336 [grpc-default-executor-4] INFO  client.GrpcClientProtocolClient (GrpcClientProtocolClient.java:onNext(255)) - client-19C32667576E->48affcab-e6e4-4602-963a-f6a50efbd54c: receive RaftClientReply:client-19C32667576E->48affcab-e6e4-4602-963a-f6a50efbd54c@group-50C56EAF5137, cid=2032, SUCCESS, logIndex=0, commits[48affcab-e6e4-4602-963a-f6a50efbd54c:c2991, 7e391b60-07ae-4d97-a027-4756e468c032:c2987, c5f86d96-67df-4f25-bde3-316f439d30b3:c2987]
2019-08-23 18:29:05,343 | INFO  | DNAudit | user=null | ip=null | op=WRITE_CHUNK {blockData=conID: 3 locID: 102667710975771171 bcsId: 2989} | ret=SUCCESS |  
2019-08-23 18:29:05,346 | INFO  | DNAudit | user=null | ip=null | op=WRITE_CHUNK {blockData=conID: 3 locID: 102667710975771171 bcsId: 2989} | ret=SUCCESS |  
2019-08-23 18:29:05,346 | INFO  | DNAudit | user=null | ip=null | op=WRITE_CHUNK {blockData=conID: 3 locID: 102667710975771171 bcsId: 2989} | ret=SUCCESS |  
2019-08-23 18:29:05,355 | INFO  | DNAudit | user=null | ip=null | op=WRITE_CHUNK {blockData=conID: 3 locID: 102667710975771171 bcsId: 2989} | ret=SUCCESS |  
2019-08-23 18:29:05,355 | INFO  | DNAudit | user=null | ip=null | op=PUT_BLOCK {blockData=[blockId=conID: 3 locID: 102667710975771171 bcsId: 0,size=3145728]} | ret=SUCCESS |  
2019-08-23 18:29:05,355 [grpc-default-executor-4] INFO  client.GrpcClientProtocolClient (GrpcClientProtocolClient.java:onNext(255)) - client-19C32667576E->48affcab-e6e4-4602-963a-f6a50efbd54c: receive RaftClientReply:client-19C32667576E->48affcab-e6e4-4602-963a-f6a50efbd54c@group-50C56EAF5137, cid=2033, SUCCESS, logIndex=2994, commits[48affcab-e6e4-4602-963a-f6a50efbd54c:c2995, 7e391b60-07ae-4d97-a027-4756e468c032:c2993, c5f86d96-67df-4f25-bde3-316f439d30b3:c2993]
2019-08-23 18:29:05,356 [grpc-default-executor-4] INFO  client.GrpcClientProtocolClient (GrpcClientProtocolClient.java:onNext(255)) - client-19C32667576E->48affcab-e6e4-4602-963a-f6a50efbd54c: receive RaftClientReply:client-19C32667576E->48affcab-e6e4-4602-963a-f6a50efbd54c@group-50C56EAF5137, cid=2034, SUCCESS, logIndex=2995, commits[48affcab-e6e4-4602-963a-f6a50efbd54c:c2995, 7e391b60-07ae-4d97-a027-4756e468c032:c2993, c5f86d96-67df-4f25-bde3-316f439d30b3:c2993]
2019-08-23 18:29:05,362 | INFO  | DNAudit | user=null | ip=null | op=WRITE_CHUNK {blockData=conID: 3 locID: 102667710975771171 bcsId: 2995} | ret=SUCCESS |  
2019-08-23 18:29:05,365 | INFO  | DNAudit | user=null | ip=null | op=WRITE_CHUNK {blockData=conID: 3 locID: 102667710975771171 bcsId: 2995} | ret=SUCCESS |  
2019-08-23 18:29:05,365 | INFO  | DNAudit | user=null | ip=null | op=WRITE_CHUNK {blockData=conID: 3 locID: 102667710975771171 bcsId: 2995} | ret=SUCCESS |  
2019-08-23 18:29:05,366 | INFO  | DNAudit | user=null | ip=null | op=WRITE_CHUNK {blockData=conID: 3 locID: 102667710975771171 bcsId: 2989} | ret=SUCCESS |  
2019-08-23 18:29:05,367 | INFO  | DNAudit | user=null | ip=null | op=WRITE_CHUNK {blockData=conID: 3 locID: 102667710975771171 bcsId: 2989} | ret=SUCCESS |  
2019-08-23 18:29:05,367 | INFO  | DNAudit | user=null | ip=null | op=PUT_BLOCK {blockData=[blockId=conID: 3 locID: 102667710975771171 bcsId: 0,size=3145728]} | ret=SUCCESS |  
2019-08-23 18:29:05,367 | INFO  | DNAudit | user=null | ip=null | op=PUT_BLOCK {blockData=[blockId=conID: 3 locID: 102667710975771171 bcsId: 0,size=3145728]} | ret=SUCCESS |  
2019-08-23 18:29:05,369 | INFO  | DNAudit | user=null | ip=null | op=WRITE_CHUNK {blockData=conID: 3 locID: 102667710975771171 bcsId: 2995} | ret=SUCCESS |  
2019-08-23 18:29:05,369 | INFO  | DNAudit | user=null | ip=null | op=PUT_BLOCK {blockData=[blockId=conID: 3 locID: 102667710975771171 bcsId: 0,size=4194304]} | ret=SUCCESS |  
2019-08-23 18:29:05,369 [grpc-default-executor-5] INFO  client.GrpcClientProtocolClient (GrpcClientProtocolClient.java:onNext(255)) - client-19C32667576E->48affcab-e6e4-4602-963a-f6a50efbd54c: receive RaftClientReply:client-19C32667576E->48affcab-e6e4-4602-963a-f6a50efbd54c@group-50C56EAF5137, cid=2035, SUCCESS, logIndex=2998, commits[48affcab-e6e4-4602-963a-f6a50efbd54c:c2999, 7e391b60-07ae-4d97-a027-4756e468c032:c2995, c5f86d96-67df-4f25-bde3-316f439d30b3:c2995]
2019-08-23 18:29:05,369 [grpc-default-executor-5] INFO  client.GrpcClientProtocolClient (GrpcClientProtocolClient.java:onNext(255)) - client-19C32667576E->48affcab-e6e4-4602-963a-f6a50efbd54c: receive RaftClientReply:client-19C32667576E->48affcab-e6e4-4602-963a-f6a50efbd54c@group-50C56EAF5137, cid=2036, SUCCESS, logIndex=2999, commits[48affcab-e6e4-4602-963a-f6a50efbd54c:c2999, 7e391b60-07ae-4d97-a027-4756e468c032:c2995, c5f86d96-67df-4f25-bde3-316f439d30b3:c2995]
2019-08-23 18:29:05,380 | INFO  | DNAudit | user=null | ip=null | op=WRITE_CHUNK {blockData=conID: 3 locID: 102667710975771171 bcsId: 2995} | ret=SUCCESS |  
2019-08-23 18:29:05,380 | INFO  | DNAudit | user=null | ip=null | op=PUT_BLOCK {blockData=[blockId=conID: 3 locID: 102667710975771171 bcsId: 0,size=4194304]} | ret=SUCCESS |  
2019-08-23 18:29:05,380 | INFO  | DNAudit | user=null | ip=null | op=WRITE_CHUNK {blockData=conID: 3 locID: 102667710975771171 bcsId: 2995} | ret=SUCCESS |  
2019-08-23 18:29:05,380 | INFO  | DNAudit | user=null | ip=null | op=PUT_BLOCK {blockData=[blockId=conID: 3 locID: 102667710975771171 bcsId: 0,size=4194304]} | ret=SUCCESS |  
2019-08-23 18:29:05,382 [grpc-default-executor-5] INFO  client.GrpcClientProtocolClient (GrpcClientProtocolClient.java:onNext(255)) - client-19C32667576E->48affcab-e6e4-4602-963a-f6a50efbd54c: receive RaftClientReply:client-19C32667576E->48affcab-e6e4-4602-963a-f6a50efbd54c@group-50C56EAF5137, cid=2037, SUCCESS, logIndex=0, commits[48affcab-e6e4-4602-963a-f6a50efbd54c:c3000, 7e391b60-07ae-4d97-a027-4756e468c032:c2999, c5f86d96-67df-4f25-bde3-316f439d30b3:c2999]
2019-08-23 18:29:05,388 | INFO  | SCMAudit | user=jenkins1000 | ip=192.168.34.23 | op=ALLOCATE_BLOCK {owner=1ceb8b80-28f1-43fd-86c3-175afc07b8d1, size=4194304, type=RATIS, factor=THREE} | ret=SUCCESS |  
2019-08-23 18:29:05,393 | INFO  | OMAudit | user=jenkins1000 | ip=127.0.0.1 | op=ALLOCATE_BLOCK {volume=vol-0-45438, bucket=bucket-0-23891, key=key-0-22455, dataSize=0, replicationType=null, replicationFactor=null, keyLocationInfo=null, clientID=102667710122492306} | ret=SUCCESS |  
2019-08-23 18:29:05,400 | INFO  | DNAudit | user=null | ip=null | op=WRITE_CHUNK {blockData=conID: 1 locID: 102667710980948516 bcsId: 0} | ret=SUCCESS |  
2019-08-23 18:29:05,402 | INFO  | DNAudit | user=null | ip=null | op=WRITE_CHUNK {blockData=conID: 1 locID: 102667710980948516 bcsId: 0} | ret=SUCCESS |  
2019-08-23 18:29:05,403 | INFO  | DNAudit | user=null | ip=null | op=WRITE_CHUNK {blockData=conID: 1 locID: 102667710980948516 bcsId: 0} | ret=SUCCESS |  
2019-08-23 18:29:05,403 | INFO  | DNAudit | user=null | ip=null | op=WRITE_CHUNK {blockData=conID: 1 locID: 102667710980948516 bcsId: 0} | ret=SUCCESS |  
2019-08-23 18:29:05,405 | INFO  | DNAudit | user=null | ip=null | op=WRITE_CHUNK {blockData=conID: 1 locID: 102667710980948516 bcsId: 0} | ret=SUCCESS |  
2019-08-23 18:29:05,405 | INFO  | DNAudit | user=null | ip=null | op=WRITE_CHUNK {blockData=conID: 1 locID: 102667710980948516 bcsId: 0} | ret=SUCCESS |  
2019-08-23 18:29:05,413 | INFO  | DNAudit | user=null | ip=null | op=WRITE_CHUNK {blockData=conID: 1 locID: 102667710980948516 bcsId: 0} | ret=SUCCESS |  
2019-08-23 18:29:05,413 | INFO  | DNAudit | user=null | ip=null | op=PUT_BLOCK {blockData=[blockId=conID: 1 locID: 102667710980948516 bcsId: 0,size=1048576]} | ret=SUCCESS |  
2019-08-23 18:29:05,414 [grpc-default-executor-4] INFO  client.GrpcClientProtocolClient (GrpcClientProtocolClient.java:onNext(255)) - client-19C32667576E->48affcab-e6e4-4602-963a-f6a50efbd54c: receive RaftClientReply:client-19C32667576E->48affcab-e6e4-4602-963a-f6a50efbd54c@group-50C56EAF5137, cid=2038, SUCCESS, logIndex=3002, commits[48affcab-e6e4-4602-963a-f6a50efbd54c:c3003, 7e391b60-07ae-4d97-a027-4756e468c032:c3001, c5f86d96-67df-4f25-bde3-316f439d30b3:c3001]
2019-08-23 18:29:05,415 | INFO  | DNAudit | user=null | ip=null | op=WRITE_CHUNK {blockData=conID: 1 locID: 102667710980948516 bcsId: 0} | ret=SUCCESS |  
2019-08-23 18:29:05,415 [grpc-default-executor-0] INFO  client.GrpcClientProtocolClient (GrpcClientProtocolClient.java:onNext(255)) - client-19C32667576E->48affcab-e6e4-4602-963a-f6a50efbd54c: receive RaftClientReply:client-19C32667576E->48affcab-e6e4-4602-963a-f6a50efbd54c@group-50C56EAF5137, cid=2039, SUCCESS, logIndex=3003, commits[48affcab-e6e4-4602-963a-f6a50efbd54c:c3003, 7e391b60-07ae-4d97-a027-4756e468c032:c3001, c5f86d96-67df-4f25-bde3-316f439d30b3:c3001]
2019-08-23 18:29:05,415 | INFO  | DNAudit | user=null | ip=null | op=PUT_BLOCK {blockData=[blockId=conID: 1 locID: 102667710980948516 bcsId: 0,size=2097152]} | ret=SUCCESS |  
2019-08-23 18:29:05,415 [grpc-default-executor-0] INFO  client.GrpcClientProtocolClient (GrpcClientProtocolClient.java:onNext(255)) - client-19C32667576E->48affcab-e6e4-4602-963a-f6a50efbd54c: receive RaftClientReply:client-19C32667576E->48affcab-e6e4-4602-963a-f6a50efbd54c@group-50C56EAF5137, cid=2040, SUCCESS, logIndex=3004, commits[48affcab-e6e4-4602-963a-f6a50efbd54c:c3005, 7e391b60-07ae-4d97-a027-4756e468c032:c3001, c5f86d96-67df-4f25-bde3-316f439d30b3:c3001]
2019-08-23 18:29:05,416 [grpc-default-executor-0] INFO  client.GrpcClientProtocolClient (GrpcClientProtocolClient.java:onNext(255)) - client-19C32667576E->48affcab-e6e4-4602-963a-f6a50efbd54c: receive RaftClientReply:client-19C32667576E->48affcab-e6e4-4602-963a-f6a50efbd54c@group-50C56EAF5137, cid=2041, SUCCESS, logIndex=3005, commits[48affcab-e6e4-4602-963a-f6a50efbd54c:c3005, 7e391b60-07ae-4d97-a027-4756e468c032:c3001, c5f86d96-67df-4f25-bde3-316f439d30b3:c3001]
2019-08-23 18:29:05,425 | INFO  | DNAudit | user=null | ip=null | op=WRITE_CHUNK {blockData=conID: 1 locID: 102667710980948516 bcsId: 0} | ret=SUCCESS |  
2019-08-23 18:29:05,426 | INFO  | DNAudit | user=null | ip=null | op=WRITE_CHUNK {blockData=conID: 1 locID: 102667710980948516 bcsId: 0} | ret=SUCCESS |  
2019-08-23 18:29:05,426 | INFO  | DNAudit | user=null | ip=null | op=PUT_BLOCK {blockData=[blockId=conID: 1 locID: 102667710980948516 bcsId: 0,size=1048576]} | ret=SUCCESS |  
2019-08-23 18:29:05,426 | INFO  | DNAudit | user=null | ip=null | op=PUT_BLOCK {blockData=[blockId=conID: 1 locID: 102667710980948516 bcsId: 0,size=1048576]} | ret=SUCCESS |  
2019-08-23 18:29:05,426 [grpc-default-executor-0] INFO  client.GrpcClientProtocolClient (GrpcClientProtocolClient.java:onNext(255)) - client-19C32667576E->48affcab-e6e4-4602-963a-f6a50efbd54c: receive RaftClientReply:client-19C32667576E->48affcab-e6e4-4602-963a-f6a50efbd54c@group-50C56EAF5137, cid=2042, SUCCESS, logIndex=0, commits[48affcab-e6e4-4602-963a-f6a50efbd54c:c3006, 7e391b60-07ae-4d97-a027-4756e468c032:c3003, c5f86d96-67df-4f25-bde3-316f439d30b3:c3003]
2019-08-23 18:29:05,427 | INFO  | DNAudit | user=null | ip=null | op=WRITE_CHUNK {blockData=conID: 1 locID: 102667710980948516 bcsId: 0} | ret=SUCCESS |  
2019-08-23 18:29:05,427 | INFO  | DNAudit | user=null | ip=null | op=WRITE_CHUNK {blockData=conID: 1 locID: 102667710980948516 bcsId: 0} | ret=SUCCESS |  
2019-08-23 18:29:05,427 | INFO  | DNAudit | user=null | ip=null | op=PUT_BLOCK {blockData=[blockId=conID: 1 locID: 102667710980948516 bcsId: 0,size=2097152]} | ret=SUCCESS |  
2019-08-23 18:29:05,427 | INFO  | DNAudit | user=null | ip=null | op=PUT_BLOCK {blockData=[blockId=conID: 1 locID: 102667710980948516 bcsId: 0,size=2097152]} | ret=SUCCESS |  
2019-08-23 18:29:05,433 | INFO  | DNAudit | user=null | ip=null | op=WRITE_CHUNK {blockData=conID: 1 locID: 102667710980948516 bcsId: 3005} | ret=SUCCESS |  
2019-08-23 18:29:05,435 | INFO  | DNAudit | user=null | ip=null | op=WRITE_CHUNK {blockData=conID: 1 locID: 102667710980948516 bcsId: 3005} | ret=SUCCESS |  
2019-08-23 18:29:05,435 | INFO  | DNAudit | user=null | ip=null | op=WRITE_CHUNK {blockData=conID: 1 locID: 102667710980948516 bcsId: 3005} | ret=SUCCESS |  
2019-08-23 18:29:05,445 | INFO  | DNAudit | user=null | ip=null | op=WRITE_CHUNK {blockData=conID: 1 locID: 102667710980948516 bcsId: 3005} | ret=SUCCESS |  
2019-08-23 18:29:05,445 | INFO  | DNAudit | user=null | ip=null | op=PUT_BLOCK {blockData=[blockId=conID: 1 locID: 102667710980948516 bcsId: 0,size=3145728]} | ret=SUCCESS |  
2019-08-23 18:29:05,446 [grpc-default-executor-4] INFO  client.GrpcClientProtocolClient (GrpcClientProtocolClient.java:onNext(255)) - client-19C32667576E->48affcab-e6e4-4602-963a-f6a50efbd54c: receive RaftClientReply:client-19C32667576E->48affcab-e6e4-4602-963a-f6a50efbd54c@group-50C56EAF5137, cid=2043, SUCCESS, logIndex=3008, commits[48affcab-e6e4-4602-963a-f6a50efbd54c:c3008, 7e391b60-07ae-4d97-a027-4756e468c032:c3007, c5f86d96-67df-4f25-bde3-316f439d30b3:c3007]
2019-08-23 18:29:05,446 [grpc-default-executor-4] INFO  client.GrpcClientProtocolClient (GrpcClientProtocolClient.java:onNext(255)) - client-19C32667576E->48affcab-e6e4-4602-963a-f6a50efbd54c: receive RaftClientReply:client-19C32667576E->48affcab-e6e4-4602-963a-f6a50efbd54c@group-50C56EAF5137, cid=2044, SUCCESS, logIndex=3009, commits[48affcab-e6e4-4602-963a-f6a50efbd54c:c3009, 7e391b60-07ae-4d97-a027-4756e468c032:c3007, c5f86d96-67df-4f25-bde3-316f439d30b3:c3007]
2019-08-23 18:29:05,452 | INFO  | DNAudit | user=null | ip=null | op=WRITE_CHUNK {blockData=conID: 1 locID: 102667710980948516 bcsId: 3009} | ret=SUCCESS |  
2019-08-23 18:29:05,455 | INFO  | DNAudit | user=null | ip=null | op=WRITE_CHUNK {blockData=conID: 1 locID: 102667710980948516 bcsId: 3009} | ret=SUCCESS |  
2019-08-23 18:29:05,457 | INFO  | DNAudit | user=null | ip=null | op=WRITE_CHUNK {blockData=conID: 1 locID: 102667710980948516 bcsId: 3005} | ret=SUCCESS |  
2019-08-23 18:29:05,457 | INFO  | DNAudit | user=null | ip=null | op=WRITE_CHUNK {blockData=conID: 1 locID: 102667710980948516 bcsId: 3005} | ret=SUCCESS |  
2019-08-23 18:29:05,457 | INFO  | DNAudit | user=null | ip=null | op=WRITE_CHUNK {blockData=conID: 1 locID: 102667710980948516 bcsId: 3009} | ret=SUCCESS |  
2019-08-23 18:29:05,458 | INFO  | DNAudit | user=null | ip=null | op=PUT_BLOCK {blockData=[blockId=conID: 1 locID: 102667710980948516 bcsId: 0,size=3145728]} | ret=SUCCESS |  
2019-08-23 18:29:05,458 | INFO  | DNAudit | user=null | ip=null | op=WRITE_CHUNK {blockData=conID: 1 locID: 102667710980948516 bcsId: 3009} | ret=SUCCESS |  
2019-08-23 18:29:05,458 | INFO  | DNAudit | user=null | ip=null | op=PUT_BLOCK {blockData=[blockId=conID: 1 locID: 102667710980948516 bcsId: 0,size=4194304]} | ret=SUCCESS |  
2019-08-23 18:29:05,459 [grpc-default-executor-4] INFO  client.GrpcClientProtocolClient (GrpcClientProtocolClient.java:onNext(255)) - client-19C32667576E->48affcab-e6e4-4602-963a-f6a50efbd54c: receive RaftClientReply:client-19C32667576E->48affcab-e6e4-4602-963a-f6a50efbd54c@group-50C56EAF5137, cid=2045, SUCCESS, logIndex=3012, commits[48affcab-e6e4-4602-963a-f6a50efbd54c:c3013, 7e391b60-07ae-4d97-a027-4756e468c032:c3008, c5f86d96-67df-4f25-bde3-316f439d30b3:c3009]
2019-08-23 18:29:05,459 [grpc-default-executor-4] INFO  client.GrpcClientProtocolClient (GrpcClientProtocolClient.java:onNext(255)) - client-19C32667576E->48affcab-e6e4-4602-963a-f6a50efbd54c: receive RaftClientReply:client-19C32667576E->48affcab-e6e4-4602-963a-f6a50efbd54c@group-50C56EAF5137, cid=2046, SUCCESS, logIndex=3013, commits[48affcab-e6e4-4602-963a-f6a50efbd54c:c3013, 7e391b60-07ae-4d97-a027-4756e468c032:c3008, c5f86d96-67df-4f25-bde3-316f439d30b3:c3009]
2019-08-23 18:29:05,469 | INFO  | DNAudit | user=null | ip=null | op=PUT_BLOCK {blockData=[blockId=conID: 1 locID: 102667710980948516 bcsId: 0,size=3145728]} | ret=SUCCESS |  
2019-08-23 18:29:05,469 | INFO  | DNAudit | user=null | ip=null | op=WRITE_CHUNK {blockData=conID: 1 locID: 102667710980948516 bcsId: 3009} | ret=SUCCESS |  
2019-08-23 18:29:05,470 | INFO  | DNAudit | user=null | ip=null | op=PUT_BLOCK {blockData=[blockId=conID: 1 locID: 102667710980948516 bcsId: 0,size=4194304]} | ret=SUCCESS |  
2019-08-23 18:29:05,470 | INFO  | DNAudit | user=null | ip=null | op=WRITE_CHUNK {blockData=conID: 1 locID: 102667710980948516 bcsId: 3009} | ret=SUCCESS |  
2019-08-23 18:29:05,470 [grpc-default-executor-0] INFO  client.GrpcClientProtocolClient (GrpcClientProtocolClient.java:onNext(255)) - client-19C32667576E->48affcab-e6e4-4602-963a-f6a50efbd54c: receive RaftClientReply:client-19C32667576E->48affcab-e6e4-4602-963a-f6a50efbd54c@group-50C56EAF5137, cid=2047, SUCCESS, logIndex=0, commits[48affcab-e6e4-4602-963a-f6a50efbd54c:c3013, 7e391b60-07ae-4d97-a027-4756e468c032:c3009, c5f86d96-67df-4f25-bde3-316f439d30b3:c3009]
2019-08-23 18:29:05,470 | INFO  | DNAudit | user=null | ip=null | op=PUT_BLOCK {blockData=[blockId=conID: 1 locID: 102667710980948516 bcsId: 0,size=4194304]} | ret=SUCCESS |  
2019-08-23 18:29:05,471 [grpc-default-executor-0] INFO  client.GrpcClientProtocolClient (GrpcClientProtocolClient.java:onNext(255)) - client-19C32667576E->48affcab-e6e4-4602-963a-f6a50efbd54c: receive RaftClientReply:client-19C32667576E->48affcab-e6e4-4602-963a-f6a50efbd54c@group-50C56EAF5137, cid=2048, SUCCESS, logIndex=0, commits[48affcab-e6e4-4602-963a-f6a50efbd54c:c3015, 7e391b60-07ae-4d97-a027-4756e468c032:c3013, c5f86d96-67df-4f25-bde3-316f439d30b3:c3013]
2019-08-23 18:29:05,476 | INFO  | SCMAudit | user=jenkins1000 | ip=192.168.34.23 | op=ALLOCATE_BLOCK {owner=1ceb8b80-28f1-43fd-86c3-175afc07b8d1, size=4194304, type=RATIS, factor=THREE} | ret=SUCCESS |  
2019-08-23 18:29:05,479 | INFO  | OMAudit | user=jenkins1000 | ip=127.0.0.1 | op=ALLOCATE_BLOCK {volume=vol-0-45438, bucket=bucket-0-23891, key=key-0-22455, dataSize=0, replicationType=null, replicationFactor=null, keyLocationInfo=null, clientID=102667710122492306} | ret=SUCCESS |  
2019-08-23 18:29:05,485 | INFO  | DNAudit | user=null | ip=null | op=WRITE_CHUNK {blockData=conID: 2 locID: 102667710986715685 bcsId: 0} | ret=SUCCESS |  
2019-08-23 18:29:05,489 | INFO  | DNAudit | user=null | ip=null | op=WRITE_CHUNK {blockData=conID: 2 locID: 102667710986715685 bcsId: 0} | ret=SUCCESS |  
2019-08-23 18:29:05,489 | INFO  | DNAudit | user=null | ip=null | op=WRITE_CHUNK {blockData=conID: 2 locID: 102667710986715685 bcsId: 0} | ret=SUCCESS |  
2019-08-23 18:29:05,489 | INFO  | DNAudit | user=null | ip=null | op=WRITE_CHUNK {blockData=conID: 2 locID: 102667710986715685 bcsId: 0} | ret=SUCCESS |  
2019-08-23 18:29:05,491 | INFO  | DNAudit | user=null | ip=null | op=WRITE_CHUNK {blockData=conID: 2 locID: 102667710986715685 bcsId: 0} | ret=SUCCESS |  
2019-08-23 18:29:05,491 | INFO  | DNAudit | user=null | ip=null | op=WRITE_CHUNK {blockData=conID: 2 locID: 102667710986715685 bcsId: 0} | ret=SUCCESS |  
2019-08-23 18:29:05,491 | INFO  | DNAudit | user=null | ip=null | op=WRITE_CHUNK {blockData=conID: 2 locID: 102667710986715685 bcsId: 0} | ret=SUCCESS |  
2019-08-23 18:29:05,492 | INFO  | DNAudit | user=null | ip=null | op=PUT_BLOCK {blockData=[blockId=conID: 2 locID: 102667710986715685 bcsId: 0,size=1048576]} | ret=SUCCESS |  
2019-08-23 18:29:05,492 [grpc-default-executor-4] INFO  client.GrpcClientProtocolClient (GrpcClientProtocolClient.java:onNext(255)) - client-19C32667576E->48affcab-e6e4-4602-963a-f6a50efbd54c: receive RaftClientReply:client-19C32667576E->48affcab-e6e4-4602-963a-f6a50efbd54c@group-50C56EAF5137, cid=2049, SUCCESS, logIndex=3016, commits[48affcab-e6e4-4602-963a-f6a50efbd54c:c3017, 7e391b60-07ae-4d97-a027-4756e468c032:c3015, c5f86d96-67df-4f25-bde3-316f439d30b3:c3013]
2019-08-23 18:29:05,493 | INFO  | DNAudit | user=null | ip=null | op=WRITE_CHUNK {blockData=conID: 2 locID: 102667710986715685 bcsId: 0} | ret=SUCCESS |  
2019-08-23 18:29:05,493 [grpc-default-executor-3] INFO  client.GrpcClientProtocolClient (GrpcClientProtocolClient.java:onNext(255)) - client-19C32667576E->48affcab-e6e4-4602-963a-f6a50efbd54c: receive RaftClientReply:client-19C32667576E->48affcab-e6e4-4602-963a-f6a50efbd54c@group-50C56EAF5137, cid=2050, SUCCESS, logIndex=3017, commits[48affcab-e6e4-4602-963a-f6a50efbd54c:c3017, 7e391b60-07ae-4d97-a027-4756e468c032:c3015, c5f86d96-67df-4f25-bde3-316f439d30b3:c3015]
2019-08-23 18:29:05,493 | INFO  | DNAudit | user=null | ip=null | op=PUT_BLOCK {blockData=[blockId=conID: 2 locID: 102667710986715685 bcsId: 0,size=2097152]} | ret=SUCCESS |  
2019-08-23 18:29:05,493 | INFO  | DNAudit | user=null | ip=null | op=WRITE_CHUNK {blockData=conID: 2 locID: 102667710986715685 bcsId: 0} | ret=SUCCESS |  
2019-08-23 18:29:05,493 | INFO  | DNAudit | user=null | ip=null | op=PUT_BLOCK {blockData=[blockId=conID: 2 locID: 102667710986715685 bcsId: 0,size=1048576]} | ret=SUCCESS |  
2019-08-23 18:29:05,494 [grpc-default-executor-3] INFO  client.GrpcClientProtocolClient (GrpcClientProtocolClient.java:onNext(255)) - client-19C32667576E->48affcab-e6e4-4602-963a-f6a50efbd54c: receive RaftClientReply:client-19C32667576E->48affcab-e6e4-4602-963a-f6a50efbd54c@group-50C56EAF5137, cid=2051, SUCCESS, logIndex=3018, commits[48affcab-e6e4-4602-963a-f6a50efbd54c:c3019, 7e391b60-07ae-4d97-a027-4756e468c032:c3015, c5f86d96-67df-4f25-bde3-316f439d30b3:c3015]
2019-08-23 18:29:05,494 | INFO  | DNAudit | user=null | ip=null | op=WRITE_CHUNK {blockData=conID: 2 locID: 102667710986715685 bcsId: 0} | ret=SUCCESS |  
2019-08-23 18:29:05,494 [grpc-default-executor-3] INFO  client.GrpcClientProtocolClient (GrpcClientProtocolClient.java:onNext(255)) - client-19C32667576E->48affcab-e6e4-4602-963a-f6a50efbd54c: receive RaftClientReply:client-19C32667576E->48affcab-e6e4-4602-963a-f6a50efbd54c@group-50C56EAF5137, cid=2052, SUCCESS, logIndex=3019, commits[48affcab-e6e4-4602-963a-f6a50efbd54c:c3019, 7e391b60-07ae-4d97-a027-4756e468c032:c3015, c5f86d96-67df-4f25-bde3-316f439d30b3:c3015]
2019-08-23 18:29:05,494 | INFO  | DNAudit | user=null | ip=null | op=PUT_BLOCK {blockData=[blockId=conID: 2 locID: 102667710986715685 bcsId: 0,size=1048576]} | ret=SUCCESS |  
2019-08-23 18:29:05,494 | INFO  | DNAudit | user=null | ip=null | op=WRITE_CHUNK {blockData=conID: 2 locID: 102667710986715685 bcsId: 0} | ret=SUCCESS |  
2019-08-23 18:29:05,495 | INFO  | DNAudit | user=null | ip=null | op=PUT_BLOCK {blockData=[blockId=conID: 2 locID: 102667710986715685 bcsId: 0,size=2097152]} | ret=SUCCESS |  
2019-08-23 18:29:05,495 [grpc-default-executor-3] INFO  client.GrpcClientProtocolClient (GrpcClientProtocolClient.java:onNext(255)) - client-19C32667576E->48affcab-e6e4-4602-963a-f6a50efbd54c: receive RaftClientReply:client-19C32667576E->48affcab-e6e4-4602-963a-f6a50efbd54c@group-50C56EAF5137, cid=2053, SUCCESS, logIndex=0, commits[48affcab-e6e4-4602-963a-f6a50efbd54c:c3021, 7e391b60-07ae-4d97-a027-4756e468c032:c3017, c5f86d96-67df-4f25-bde3-316f439d30b3:c3017]
2019-08-23 18:29:05,495 | INFO  | DNAudit | user=null | ip=null | op=WRITE_CHUNK {blockData=conID: 2 locID: 102667710986715685 bcsId: 0} | ret=SUCCESS |  
2019-08-23 18:29:05,495 | INFO  | DNAudit | user=null | ip=null | op=PUT_BLOCK {blockData=[blockId=conID: 2 locID: 102667710986715685 bcsId: 0,size=2097152]} | ret=SUCCESS |  
2019-08-23 18:29:05,501 | INFO  | DNAudit | user=null | ip=null | op=WRITE_CHUNK {blockData=conID: 2 locID: 102667710986715685 bcsId: 3019} | ret=SUCCESS |  
2019-08-23 18:29:05,504 | INFO  | DNAudit | user=null | ip=null | op=WRITE_CHUNK {blockData=conID: 2 locID: 102667710986715685 bcsId: 3019} | ret=SUCCESS |  
2019-08-23 18:29:05,505 | INFO  | DNAudit | user=null | ip=null | op=WRITE_CHUNK {blockData=conID: 2 locID: 102667710986715685 bcsId: 3019} | ret=SUCCESS |  
2019-08-23 18:29:05,515 | INFO  | DNAudit | user=null | ip=null | op=WRITE_CHUNK {blockData=conID: 2 locID: 102667710986715685 bcsId: 3019} | ret=SUCCESS |  
2019-08-23 18:29:05,516 | INFO  | DNAudit | user=null | ip=null | op=PUT_BLOCK {blockData=[blockId=conID: 2 locID: 102667710986715685 bcsId: 0,size=3145728]} | ret=SUCCESS |  
 0.00% |█                                                                                                    |  0/1 Time: 0:00:132019-08-23 18:29:05,516 [grpc-default-executor-4] INFO  client.GrpcClientProtocolClient (GrpcClientProtocolClient.java:onNext(255)) - client-19C32667576E->48affcab-e6e4-4602-963a-f6a50efbd54c: receive RaftClientReply:client-19C32667576E->48affcab-e6e4-4602-963a-f6a50efbd54c@group-50C56EAF5137, cid=2054, SUCCESS, logIndex=3024, commits[48affcab-e6e4-4602-963a-f6a50efbd54c:c3025, 7e391b60-07ae-4d97-a027-4756e468c032:c3023, c5f86d96-67df-4f25-bde3-316f439d30b3:c3023]
2019-08-23 18:29:05,662 | INFO  | DNAudit | user=null | ip=null | op=WRITE_CHUNK {blockData=conID: 2 locID: 102667710986715685 bcsId: 3019} | ret=SUCCESS |  
2019-08-23 18:29:05,662 [grpc-default-executor-4] INFO  client.GrpcClientProtocolClient (GrpcClientProtocolClient.java:onNext(255)) - client-19C32667576E->48affcab-e6e4-4602-963a-f6a50efbd54c: receive RaftClientReply:client-19C32667576E->48affcab-e6e4-4602-963a-f6a50efbd54c@group-50C56EAF5137, cid=2055, SUCCESS, logIndex=3025, commits[48affcab-e6e4-4602-963a-f6a50efbd54c:c3025, 7e391b60-07ae-4d97-a027-4756e468c032:c3023, c5f86d96-67df-4f25-bde3-316f439d30b3:c3023]
2019-08-23 18:29:05,663 | INFO  | SCMAudit | user=jenkins1000 | ip=192.168.34.23 | op=SEND_HEARTBEAT {datanodeUUID=c83cddd0-22b5-491d-bff0-a36373498de2, command=[]} | ret=SUCCESS |  
2019-08-23 18:29:05,663 | INFO  | DNAudit | user=null | ip=null | op=WRITE_CHUNK {blockData=conID: 2 locID: 102667710986715685 bcsId: 3019} | ret=SUCCESS |  
2019-08-23 18:29:05,663 | INFO  | DNAudit | user=null | ip=null | op=PUT_BLOCK {blockData=[blockId=conID: 2 locID: 102667710986715685 bcsId: 0,size=3145728]} | ret=SUCCESS |  
2019-08-23 18:29:05,663 | INFO  | DNAudit | user=null | ip=null | op=PUT_BLOCK {blockData=[blockId=conID: 2 locID: 102667710986715685 bcsId: 0,size=3145728]} | ret=SUCCESS |  
2019-08-23 18:29:05,671 | INFO  | DNAudit | user=null | ip=null | op=WRITE_CHUNK {blockData=conID: 2 locID: 102667710986715685 bcsId: 3025} | ret=SUCCESS |  
2019-08-23 18:29:05,674 | INFO  | DNAudit | user=null | ip=null | op=WRITE_CHUNK {blockData=conID: 2 locID: 102667710986715685 bcsId: 3025} | ret=SUCCESS |  
2019-08-23 18:29:05,676 | INFO  | DNAudit | user=null | ip=null | op=WRITE_CHUNK {blockData=conID: 2 locID: 102667710986715685 bcsId: 3025} | ret=SUCCESS |  
2019-08-23 18:29:05,676 | INFO  | DNAudit | user=null | ip=null | op=WRITE_CHUNK {blockData=conID: 2 locID: 102667710986715685 bcsId: 3025} | ret=SUCCESS |  
2019-08-23 18:29:05,676 | INFO  | DNAudit | user=null | ip=null | op=PUT_BLOCK {blockData=[blockId=conID: 2 locID: 102667710986715685 bcsId: 0,size=4194304]} | ret=SUCCESS |  
2019-08-23 18:29:05,676 [grpc-default-executor-4] INFO  client.GrpcClientProtocolClient (GrpcClientProtocolClient.java:onNext(255)) - client-19C32667576E->48affcab-e6e4-4602-963a-f6a50efbd54c: receive RaftClientReply:client-19C32667576E->48affcab-e6e4-4602-963a-f6a50efbd54c@group-50C56EAF5137, cid=2056, SUCCESS, logIndex=3028, commits[48affcab-e6e4-4602-963a-f6a50efbd54c:c3029, 7e391b60-07ae-4d97-a027-4756e468c032:c3026, c5f86d96-67df-4f25-bde3-316f439d30b3:c3025]
2019-08-23 18:29:05,676 [grpc-default-executor-4] INFO  client.GrpcClientProtocolClient (GrpcClientProtocolClient.java:onNext(255)) - client-19C32667576E->48affcab-e6e4-4602-963a-f6a50efbd54c: receive RaftClientReply:client-19C32667576E->48affcab-e6e4-4602-963a-f6a50efbd54c@group-50C56EAF5137, cid=2057, SUCCESS, logIndex=3029, commits[48affcab-e6e4-4602-963a-f6a50efbd54c:c3029, 7e391b60-07ae-4d97-a027-4756e468c032:c3026, c5f86d96-67df-4f25-bde3-316f439d30b3:c3025]
2019-08-23 18:29:05,687 | INFO  | DNAudit | user=null | ip=null | op=WRITE_CHUNK {blockData=conID: 2 locID: 102667710986715685 bcsId: 3025} | ret=SUCCESS |  
2019-08-23 18:29:05,687 | INFO  | DNAudit | user=null | ip=null | op=PUT_BLOCK {blockData=[blockId=conID: 2 locID: 102667710986715685 bcsId: 0,size=4194304]} | ret=SUCCESS |  
2019-08-23 18:29:05,688 | INFO  | DNAudit | user=null | ip=null | op=WRITE_CHUNK {blockData=conID: 2 locID: 102667710986715685 bcsId: 3025} | ret=SUCCESS |  
2019-08-23 18:29:05,689 | INFO  | DNAudit | user=null | ip=null | op=PUT_BLOCK {blockData=[blockId=conID: 2 locID: 102667710986715685 bcsId: 0,size=4194304]} | ret=SUCCESS |  
2019-08-23 18:29:05,689 [grpc-default-executor-4] INFO  client.GrpcClientProtocolClient (GrpcClientProtocolClient.java:onNext(255)) - client-19C32667576E->48affcab-e6e4-4602-963a-f6a50efbd54c: receive RaftClientReply:client-19C32667576E->48affcab-e6e4-4602-963a-f6a50efbd54c@group-50C56EAF5137, cid=2058, SUCCESS, logIndex=0, commits[48affcab-e6e4-4602-963a-f6a50efbd54c:c3031, 7e391b60-07ae-4d97-a027-4756e468c032:c3029, c5f86d96-67df-4f25-bde3-316f439d30b3:c3029]
2019-08-23 18:29:05,694 | INFO  | SCMAudit | user=jenkins1000 | ip=192.168.34.23 | op=ALLOCATE_BLOCK {owner=1ceb8b80-28f1-43fd-86c3-175afc07b8d1, size=4194304, type=RATIS, factor=THREE} | ret=SUCCESS |  
2019-08-23 18:29:05,698 | INFO  | OMAudit | user=jenkins1000 | ip=127.0.0.1 | op=ALLOCATE_BLOCK {volume=vol-0-45438, bucket=bucket-0-23891, key=key-0-22455, dataSize=0, replicationType=null, replicationFactor=null, keyLocationInfo=null, clientID=102667710122492306} | ret=SUCCESS |  
2019-08-23 18:29:05,705 | INFO  | DNAudit | user=null | ip=null | op=WRITE_CHUNK {blockData=conID: 3 locID: 102667711001002534 bcsId: 0} | ret=SUCCESS |  
2019-08-23 18:29:05,707 | INFO  | DNAudit | user=null | ip=null | op=WRITE_CHUNK {blockData=conID: 3 locID: 102667711001002534 bcsId: 0} | ret=SUCCESS |  
2019-08-23 18:29:05,707 | INFO  | DNAudit | user=null | ip=null | op=WRITE_CHUNK {blockData=conID: 3 locID: 102667711001002534 bcsId: 0} | ret=SUCCESS |  
2019-08-23 18:29:05,708 | INFO  | DNAudit | user=null | ip=null | op=WRITE_CHUNK {blockData=conID: 3 locID: 102667711001002534 bcsId: 0} | ret=SUCCESS |  
2019-08-23 18:29:05,709 | INFO  | SCMAudit | user=jenkins1000 | ip=192.168.34.23 | op=SEND_HEARTBEAT {datanodeUUID=c5f86d96-67df-4f25-bde3-316f439d30b3, command=[]} | ret=SUCCESS |  
2019-08-23 18:29:05,709 | INFO  | DNAudit | user=null | ip=null | op=WRITE_CHUNK {blockData=conID: 3 locID: 102667711001002534 bcsId: 0} | ret=SUCCESS |  
2019-08-23 18:29:05,709 | INFO  | SCMAudit | user=jenkins1000 | ip=192.168.34.23 | op=SEND_HEARTBEAT {datanodeUUID=48affcab-e6e4-4602-963a-f6a50efbd54c, command=[]} | ret=SUCCESS |  
2019-08-23 18:29:05,709 | INFO  | SCMAudit | user=jenkins1000 | ip=192.168.34.23 | op=SEND_HEARTBEAT {datanodeUUID=58706fd2-d7f7-4771-af80-9e0541495c87, command=[]} | ret=SUCCESS |  
2019-08-23 18:29:05,709 | INFO  | SCMAudit | user=jenkins1000 | ip=192.168.34.23 | op=SEND_HEARTBEAT {datanodeUUID=7e391b60-07ae-4d97-a027-4756e468c032, command=[]} | ret=SUCCESS |  
2019-08-23 18:29:05,710 | INFO  | DNAudit | user=null | ip=null | op=WRITE_CHUNK {blockData=conID: 3 locID: 102667711001002534 bcsId: 0} | ret=SUCCESS |  
2019-08-23 18:29:05,718 | INFO  | DNAudit | user=null | ip=null | op=WRITE_CHUNK {blockData=conID: 3 locID: 102667711001002534 bcsId: 0} | ret=SUCCESS |  
2019-08-23 18:29:05,718 | INFO  | DNAudit | user=null | ip=null | op=PUT_BLOCK {blockData=[blockId=conID: 3 locID: 102667711001002534 bcsId: 0,size=1048576]} | ret=SUCCESS |  
2019-08-23 18:29:05,718 | INFO  | DNAudit | user=null | ip=null | op=WRITE_CHUNK {blockData=conID: 3 locID: 102667711001002534 bcsId: 0} | ret=SUCCESS |  
2019-08-23 18:29:05,718 [grpc-default-executor-5] INFO  client.GrpcClientProtocolClient (GrpcClientProtocolClient.java:onNext(255)) - client-19C32667576E->48affcab-e6e4-4602-963a-f6a50efbd54c: receive RaftClientReply:client-19C32667576E->48affcab-e6e4-4602-963a-f6a50efbd54c@group-50C56EAF5137, cid=2059, SUCCESS, logIndex=3032, commits[48affcab-e6e4-4602-963a-f6a50efbd54c:c3033, 7e391b60-07ae-4d97-a027-4756e468c032:c3031, c5f86d96-67df-4f25-bde3-316f439d30b3:c3031]
2019-08-23 18:29:05,719 | INFO  | DNAudit | user=null | ip=null | op=PUT_BLOCK {blockData=[blockId=conID: 3 locID: 102667711001002534 bcsId: 0,size=2097152]} | ret=SUCCESS |  
2019-08-23 18:29:05,719 | INFO  | DNAudit | user=null | ip=null | op=WRITE_CHUNK {blockData=conID: 3 locID: 102667711001002534 bcsId: 0} | ret=SUCCESS |  
2019-08-23 18:29:05,719 [grpc-default-executor-5] INFO  client.GrpcClientProtocolClient (GrpcClientProtocolClient.java:onNext(255)) - client-19C32667576E->48affcab-e6e4-4602-963a-f6a50efbd54c: receive RaftClientReply:client-19C32667576E->48affcab-e6e4-4602-963a-f6a50efbd54c@group-50C56EAF5137, cid=2060, SUCCESS, logIndex=3033, commits[48affcab-e6e4-4602-963a-f6a50efbd54c:c3035, 7e391b60-07ae-4d97-a027-4756e468c032:c3031, c5f86d96-67df-4f25-bde3-316f439d30b3:c3031]
2019-08-23 18:29:05,719 | INFO  | DNAudit | user=null | ip=null | op=PUT_BLOCK {blockData=[blockId=conID: 3 locID: 102667711001002534 bcsId: 0,size=1048576]} | ret=SUCCESS |  
2019-08-23 18:29:05,719 [grpc-default-executor-5] INFO  client.GrpcClientProtocolClient (GrpcClientProtocolClient.java:onNext(255)) - client-19C32667576E->48affcab-e6e4-4602-963a-f6a50efbd54c: receive RaftClientReply:client-19C32667576E->48affcab-e6e4-4602-963a-f6a50efbd54c@group-50C56EAF5137, cid=2061, SUCCESS, logIndex=3034, commits[48affcab-e6e4-4602-963a-f6a50efbd54c:c3035, 7e391b60-07ae-4d97-a027-4756e468c032:c3031, c5f86d96-67df-4f25-bde3-316f439d30b3:c3031]
2019-08-23 18:29:05,719 | INFO  | DNAudit | user=null | ip=null | op=WRITE_CHUNK {blockData=conID: 3 locID: 102667711001002534 bcsId: 0} | ret=SUCCESS |  
2019-08-23 18:29:05,719 | INFO  | DNAudit | user=null | ip=null | op=PUT_BLOCK {blockData=[blockId=conID: 3 locID: 102667711001002534 bcsId: 0,size=1048576]} | ret=SUCCESS |  
2019-08-23 18:29:05,719 [grpc-default-executor-4] INFO  client.GrpcClientProtocolClient (GrpcClientProtocolClient.java:onNext(255)) - client-19C32667576E->48affcab-e6e4-4602-963a-f6a50efbd54c: receive RaftClientReply:client-19C32667576E->48affcab-e6e4-4602-963a-f6a50efbd54c@group-50C56EAF5137, cid=2062, SUCCESS, logIndex=3035, commits[48affcab-e6e4-4602-963a-f6a50efbd54c:c3035, 7e391b60-07ae-4d97-a027-4756e468c032:c3031, c5f86d96-67df-4f25-bde3-316f439d30b3:c3031]
2019-08-23 18:29:05,720 | INFO  | DNAudit | user=null | ip=null | op=WRITE_CHUNK {blockData=conID: 3 locID: 102667711001002534 bcsId: 0} | ret=SUCCESS |  
2019-08-23 18:29:05,720 | INFO  | DNAudit | user=null | ip=null | op=WRITE_CHUNK {blockData=conID: 3 locID: 102667711001002534 bcsId: 0} | ret=SUCCESS |  
2019-08-23 18:29:05,720 | INFO  | DNAudit | user=null | ip=null | op=PUT_BLOCK {blockData=[blockId=conID: 3 locID: 102667711001002534 bcsId: 0,size=2097152]} | ret=SUCCESS |  
2019-08-23 18:29:05,721 | INFO  | DNAudit | user=null | ip=null | op=PUT_BLOCK {blockData=[blockId=conID: 3 locID: 102667711001002534 bcsId: 0,size=2097152]} | ret=SUCCESS |  
2019-08-23 18:29:05,721 [grpc-default-executor-4] INFO  client.GrpcClientProtocolClient (GrpcClientProtocolClient.java:onNext(255)) - client-19C32667576E->48affcab-e6e4-4602-963a-f6a50efbd54c: receive RaftClientReply:client-19C32667576E->48affcab-e6e4-4602-963a-f6a50efbd54c@group-50C56EAF5137, cid=2063, SUCCESS, logIndex=0, commits[48affcab-e6e4-4602-963a-f6a50efbd54c:c3036, 7e391b60-07ae-4d97-a027-4756e468c032:c3033, c5f86d96-67df-4f25-bde3-316f439d30b3:c3033]
2019-08-23 18:29:05,728 | INFO  | DNAudit | user=null | ip=null | op=WRITE_CHUNK {blockData=conID: 3 locID: 102667711001002534 bcsId: 3035} | ret=SUCCESS |  
2019-08-23 18:29:05,730 | INFO  | DNAudit | user=null | ip=null | op=WRITE_CHUNK {blockData=conID: 3 locID: 102667711001002534 bcsId: 3035} | ret=SUCCESS |  
2019-08-23 18:29:05,730 | INFO  | DNAudit | user=null | ip=null | op=WRITE_CHUNK {blockData=conID: 3 locID: 102667711001002534 bcsId: 3035} | ret=SUCCESS |  
2019-08-23 18:29:05,741 | INFO  | DNAudit | user=null | ip=null | op=WRITE_CHUNK {blockData=conID: 3 locID: 102667711001002534 bcsId: 3035} | ret=SUCCESS |  
2019-08-23 18:29:05,742 | INFO  | DNAudit | user=null | ip=null | op=PUT_BLOCK {blockData=[blockId=conID: 3 locID: 102667711001002534 bcsId: 0,size=3145728]} | ret=SUCCESS |  
2019-08-23 18:29:05,742 [grpc-default-executor-4] INFO  client.GrpcClientProtocolClient (GrpcClientProtocolClient.java:onNext(255)) - client-19C32667576E->48affcab-e6e4-4602-963a-f6a50efbd54c: receive RaftClientReply:client-19C32667576E->48affcab-e6e4-4602-963a-f6a50efbd54c@group-50C56EAF5137, cid=2064, SUCCESS, logIndex=3039, commits[48affcab-e6e4-4602-963a-f6a50efbd54c:c3040, 7e391b60-07ae-4d97-a027-4756e468c032:c3038, c5f86d96-67df-4f25-bde3-316f439d30b3:c3038]
2019-08-23 18:29:05,742 [grpc-default-executor-4] INFO  client.GrpcClientProtocolClient (GrpcClientProtocolClient.java:onNext(255)) - client-19C32667576E->48affcab-e6e4-4602-963a-f6a50efbd54c: receive RaftClientReply:client-19C32667576E->48affcab-e6e4-4602-963a-f6a50efbd54c@group-50C56EAF5137, cid=2065, SUCCESS, logIndex=3040, commits[48affcab-e6e4-4602-963a-f6a50efbd54c:c3040, 7e391b60-07ae-4d97-a027-4756e468c032:c3038, c5f86d96-67df-4f25-bde3-316f439d30b3:c3038]
2019-08-23 18:29:05,748 | INFO  | DNAudit | user=null | ip=null | op=WRITE_CHUNK {blockData=conID: 3 locID: 102667711001002534 bcsId: 3040} | ret=SUCCESS |  
2019-08-23 18:29:05,750 | INFO  | DNAudit | user=null | ip=null | op=WRITE_CHUNK {blockData=conID: 3 locID: 102667711001002534 bcsId: 3040} | ret=SUCCESS |  
2019-08-23 18:29:05,751 | INFO  | DNAudit | user=null | ip=null | op=WRITE_CHUNK {blockData=conID: 3 locID: 102667711001002534 bcsId: 3040} | ret=SUCCESS |  
2019-08-23 18:29:05,764 | INFO  | DNAudit | user=null | ip=null | op=WRITE_CHUNK {blockData=conID: 3 locID: 102667711001002534 bcsId: 3035} | ret=SUCCESS |  
2019-08-23 18:29:05,764 | INFO  | DNAudit | user=null | ip=null | op=WRITE_CHUNK {blockData=conID: 3 locID: 102667711001002534 bcsId: 3035} | ret=SUCCESS |  
2019-08-23 18:29:05,764 | INFO  | DNAudit | user=null | ip=null | op=PUT_BLOCK {blockData=[blockId=conID: 3 locID: 102667711001002534 bcsId: 0,size=3145728]} | ret=SUCCESS |  
2019-08-23 18:29:05,764 | INFO  | DNAudit | user=null | ip=null | op=PUT_BLOCK {blockData=[blockId=conID: 3 locID: 102667711001002534 bcsId: 0,size=3145728]} | ret=SUCCESS |  
2019-08-23 18:29:05,765 | INFO  | DNAudit | user=null | ip=null | op=WRITE_CHUNK {blockData=conID: 3 locID: 102667711001002534 bcsId: 3040} | ret=SUCCESS |  
2019-08-23 18:29:05,766 | INFO  | DNAudit | user=null | ip=null | op=PUT_BLOCK {blockData=[blockId=conID: 3 locID: 102667711001002534 bcsId: 0,size=4194304]} | ret=SUCCESS |  
2019-08-23 18:29:05,766 [grpc-default-executor-4] INFO  client.GrpcClientProtocolClient (GrpcClientProtocolClient.java:onNext(255)) - client-19C32667576E->48affcab-e6e4-4602-963a-f6a50efbd54c: receive RaftClientReply:client-19C32667576E->48affcab-e6e4-4602-963a-f6a50efbd54c@group-50C56EAF5137, cid=2066, SUCCESS, logIndex=3043, commits[48affcab-e6e4-4602-963a-f6a50efbd54c:c3044, 7e391b60-07ae-4d97-a027-4756e468c032:c3040, c5f86d96-67df-4f25-bde3-316f439d30b3:c3040]
2019-08-23 18:29:05,766 [grpc-default-executor-4] INFO  client.GrpcClientProtocolClient (GrpcClientProtocolClient.java:onNext(255)) - client-19C32667576E->48affcab-e6e4-4602-963a-f6a50efbd54c: receive RaftClientReply:client-19C32667576E->48affcab-e6e4-4602-963a-f6a50efbd54c@group-50C56EAF5137, cid=2067, SUCCESS, logIndex=3044, commits[48affcab-e6e4-4602-963a-f6a50efbd54c:c3044, 7e391b60-07ae-4d97-a027-4756e468c032:c3040, c5f86d96-67df-4f25-bde3-316f439d30b3:c3040]
2019-08-23 18:29:05,766 | INFO  | DNAudit | user=null | ip=null | op=WRITE_CHUNK {blockData=conID: 3 locID: 102667711001002534 bcsId: 3040} | ret=SUCCESS |  
2019-08-23 18:29:05,767 | INFO  | DNAudit | user=null | ip=null | op=WRITE_CHUNK {blockData=conID: 3 locID: 102667711001002534 bcsId: 3040} | ret=SUCCESS |  
2019-08-23 18:29:05,767 | INFO  | DNAudit | user=null | ip=null | op=PUT_BLOCK {blockData=[blockId=conID: 3 locID: 102667711001002534 bcsId: 0,size=4194304]} | ret=SUCCESS |  
2019-08-23 18:29:05,767 | INFO  | DNAudit | user=null | ip=null | op=PUT_BLOCK {blockData=[blockId=conID: 3 locID: 102667711001002534 bcsId: 0,size=4194304]} | ret=SUCCESS |  
2019-08-23 18:29:05,767 [grpc-default-executor-4] INFO  client.GrpcClientProtocolClient (GrpcClientProtocolClient.java:onNext(255)) - client-19C32667576E->48affcab-e6e4-4602-963a-f6a50efbd54c: receive RaftClientReply:client-19C32667576E->48affcab-e6e4-4602-963a-f6a50efbd54c@group-50C56EAF5137, cid=2068, SUCCESS, logIndex=0, commits[48affcab-e6e4-4602-963a-f6a50efbd54c:c3045, 7e391b60-07ae-4d97-a027-4756e468c032:c3044, c5f86d96-67df-4f25-bde3-316f439d30b3:c3044]
2019-08-23 18:29:05,772 | INFO  | SCMAudit | user=jenkins1000 | ip=192.168.34.23 | op=ALLOCATE_BLOCK {owner=1ceb8b80-28f1-43fd-86c3-175afc07b8d1, size=4194304, type=RATIS, factor=THREE} | ret=SUCCESS |  
2019-08-23 18:29:05,774 | INFO  | OMAudit | user=jenkins1000 | ip=127.0.0.1 | op=ALLOCATE_BLOCK {volume=vol-0-45438, bucket=bucket-0-23891, key=key-0-22455, dataSize=0, replicationType=null, replicationFactor=null, keyLocationInfo=null, clientID=102667710122492306} | ret=SUCCESS |  
2019-08-23 18:29:05,780 | INFO  | DNAudit | user=null | ip=null | op=WRITE_CHUNK {blockData=conID: 1 locID: 102667711006114343 bcsId: 0} | ret=SUCCESS |  
2019-08-23 18:29:05,782 | INFO  | DNAudit | user=null | ip=null | op=WRITE_CHUNK {blockData=conID: 1 locID: 102667711006114343 bcsId: 0} | ret=SUCCESS |  
2019-08-23 18:29:05,783 | INFO  | DNAudit | user=null | ip=null | op=WRITE_CHUNK {blockData=conID: 1 locID: 102667711006114343 bcsId: 0} | ret=SUCCESS |  
2019-08-23 18:29:05,783 | INFO  | DNAudit | user=null | ip=null | op=WRITE_CHUNK {blockData=conID: 1 locID: 102667711006114343 bcsId: 0} | ret=SUCCESS |  
2019-08-23 18:29:05,784 | INFO  | DNAudit | user=null | ip=null | op=WRITE_CHUNK {blockData=conID: 1 locID: 102667711006114343 bcsId: 0} | ret=SUCCESS |  
2019-08-23 18:29:05,784 | INFO  | DNAudit | user=null | ip=null | op=WRITE_CHUNK {blockData=conID: 1 locID: 102667711006114343 bcsId: 0} | ret=SUCCESS |  
2019-08-23 18:29:05,821 | INFO  | DNAudit | user=null | ip=null | op=WRITE_CHUNK {blockData=conID: 1 locID: 102667711006114343 bcsId: 0} | ret=SUCCESS |  
2019-08-23 18:29:05,822 | INFO  | DNAudit | user=null | ip=null | op=PUT_BLOCK {blockData=[blockId=conID: 1 locID: 102667711006114343 bcsId: 0,size=1048576]} | ret=SUCCESS |  
2019-08-23 18:29:05,822 [grpc-default-executor-5] INFO  client.GrpcClientProtocolClient (GrpcClientProtocolClient.java:onNext(255)) - client-19C32667576E->48affcab-e6e4-4602-963a-f6a50efbd54c: receive RaftClientReply:client-19C32667576E->48affcab-e6e4-4602-963a-f6a50efbd54c@group-50C56EAF5137, cid=2069, SUCCESS, logIndex=3046, commits[48affcab-e6e4-4602-963a-f6a50efbd54c:c3049, 7e391b60-07ae-4d97-a027-4756e468c032:c3045, c5f86d96-67df-4f25-bde3-316f439d30b3:c3045]
2019-08-23 18:29:05,822 | INFO  | DNAudit | user=null | ip=null | op=WRITE_CHUNK {blockData=conID: 1 locID: 102667711006114343 bcsId: 0} | ret=SUCCESS |  
2019-08-23 18:29:05,822 [grpc-default-executor-5] INFO  client.GrpcClientProtocolClient (GrpcClientProtocolClient.java:onNext(255)) - client-19C32667576E->48affcab-e6e4-4602-963a-f6a50efbd54c: receive RaftClientReply:client-19C32667576E->48affcab-e6e4-4602-963a-f6a50efbd54c@group-50C56EAF5137, cid=2070, SUCCESS, logIndex=3047, commits[48affcab-e6e4-4602-963a-f6a50efbd54c:c3049, 7e391b60-07ae-4d97-a027-4756e468c032:c3045, c5f86d96-67df-4f25-bde3-316f439d30b3:c3045]
2019-08-23 18:29:05,822 | INFO  | DNAudit | user=null | ip=null | op=PUT_BLOCK {blockData=[blockId=conID: 1 locID: 102667711006114343 bcsId: 0,size=2097152]} | ret=SUCCESS |  
2019-08-23 18:29:05,822 | INFO  | DNAudit | user=null | ip=null | op=WRITE_CHUNK {blockData=conID: 1 locID: 102667711006114343 bcsId: 0} | ret=SUCCESS |  
2019-08-23 18:29:05,822 [grpc-default-executor-5] INFO  client.GrpcClientProtocolClient (GrpcClientProtocolClient.java:onNext(255)) - client-19C32667576E->48affcab-e6e4-4602-963a-f6a50efbd54c: receive RaftClientReply:client-19C32667576E->48affcab-e6e4-4602-963a-f6a50efbd54c@group-50C56EAF5137, cid=2071, SUCCESS, logIndex=3048, commits[48affcab-e6e4-4602-963a-f6a50efbd54c:c3049, 7e391b60-07ae-4d97-a027-4756e468c032:c3045, c5f86d96-67df-4f25-bde3-316f439d30b3:c3045]
2019-08-23 18:29:05,823 [grpc-default-executor-5] INFO  client.GrpcClientProtocolClient (GrpcClientProtocolClient.java:onNext(255)) - client-19C32667576E->48affcab-e6e4-4602-963a-f6a50efbd54c: receive RaftClientReply:client-19C32667576E->48affcab-e6e4-4602-963a-f6a50efbd54c@group-50C56EAF5137, cid=2072, SUCCESS, logIndex=3049, commits[48affcab-e6e4-4602-963a-f6a50efbd54c:c3050, 7e391b60-07ae-4d97-a027-4756e468c032:c3045, c5f86d96-67df-4f25-bde3-316f439d30b3:c3046]
2019-08-23 18:29:05,823 | INFO  | DNAudit | user=null | ip=null | op=WRITE_CHUNK {blockData=conID: 1 locID: 102667711006114343 bcsId: 0} | ret=SUCCESS |  
2019-08-23 18:29:05,823 | INFO  | DNAudit | user=null | ip=null | op=PUT_BLOCK {blockData=[blockId=conID: 1 locID: 102667711006114343 bcsId: 0,size=1048576]} | ret=SUCCESS |  
2019-08-23 18:29:05,824 | INFO  | DNAudit | user=null | ip=null | op=PUT_BLOCK {blockData=[blockId=conID: 1 locID: 102667711006114343 bcsId: 0,size=1048576]} | ret=SUCCESS |  
2019-08-23 18:29:05,824 | INFO  | DNAudit | user=null | ip=null | op=WRITE_CHUNK {blockData=conID: 1 locID: 102667711006114343 bcsId: 0} | ret=SUCCESS |  
2019-08-23 18:29:05,824 | INFO  | DNAudit | user=null | ip=null | op=WRITE_CHUNK {blockData=conID: 1 locID: 102667711006114343 bcsId: 0} | ret=SUCCESS |  
2019-08-23 18:29:05,824 | INFO  | DNAudit | user=null | ip=null | op=PUT_BLOCK {blockData=[blockId=conID: 1 locID: 102667711006114343 bcsId: 0,size=2097152]} | ret=SUCCESS |  
2019-08-23 18:29:05,824 | INFO  | DNAudit | user=null | ip=null | op=PUT_BLOCK {blockData=[blockId=conID: 1 locID: 102667711006114343 bcsId: 0,size=2097152]} | ret=SUCCESS |  
2019-08-23 18:29:05,824 [grpc-default-executor-5] INFO  client.GrpcClientProtocolClient (GrpcClientProtocolClient.java:onNext(255)) - client-19C32667576E->48affcab-e6e4-4602-963a-f6a50efbd54c: receive RaftClientReply:client-19C32667576E->48affcab-e6e4-4602-963a-f6a50efbd54c@group-50C56EAF5137, cid=2073, SUCCESS, logIndex=0, commits[48affcab-e6e4-4602-963a-f6a50efbd54c:c3053, 7e391b60-07ae-4d97-a027-4756e468c032:c3049, c5f86d96-67df-4f25-bde3-316f439d30b3:c3047]
2019-08-23 18:29:05,830 | INFO  | DNAudit | user=null | ip=null | op=WRITE_CHUNK {blockData=conID: 1 locID: 102667711006114343 bcsId: 3049} | ret=SUCCESS |  
2019-08-23 18:29:05,833 | INFO  | DNAudit | user=null | ip=null | op=WRITE_CHUNK {blockData=conID: 1 locID: 102667711006114343 bcsId: 3049} | ret=SUCCESS |  
2019-08-23 18:29:05,834 | INFO  | DNAudit | user=null | ip=null | op=WRITE_CHUNK {blockData=conID: 1 locID: 102667711006114343 bcsId: 3049} | ret=SUCCESS |  
2019-08-23 18:29:05,842 | INFO  | DNAudit | user=null | ip=null | op=WRITE_CHUNK {blockData=conID: 1 locID: 102667711006114343 bcsId: 3049} | ret=SUCCESS |  
2019-08-23 18:29:05,842 | INFO  | DNAudit | user=null | ip=null | op=PUT_BLOCK {blockData=[blockId=conID: 1 locID: 102667711006114343 bcsId: 0,size=3145728]} | ret=SUCCESS |  
2019-08-23 18:29:05,842 [grpc-default-executor-5] INFO  client.GrpcClientProtocolClient (GrpcClientProtocolClient.java:onNext(255)) - client-19C32667576E->48affcab-e6e4-4602-963a-f6a50efbd54c: receive RaftClientReply:client-19C32667576E->48affcab-e6e4-4602-963a-f6a50efbd54c@group-50C56EAF5137, cid=2074, SUCCESS, logIndex=3054, commits[48affcab-e6e4-4602-963a-f6a50efbd54c:c3055, 7e391b60-07ae-4d97-a027-4756e468c032:c3053, c5f86d96-67df-4f25-bde3-316f439d30b3:c3053]
2019-08-23 18:29:05,843 [grpc-default-executor-5] INFO  client.GrpcClientProtocolClient (GrpcClientProtocolClient.java:onNext(255)) - client-19C32667576E->48affcab-e6e4-4602-963a-f6a50efbd54c: receive RaftClientReply:client-19C32667576E->48affcab-e6e4-4602-963a-f6a50efbd54c@group-50C56EAF5137, cid=2075, SUCCESS, logIndex=3055, commits[48affcab-e6e4-4602-963a-f6a50efbd54c:c3055, 7e391b60-07ae-4d97-a027-4756e468c032:c3053, c5f86d96-67df-4f25-bde3-316f439d30b3:c3053]
2019-08-23 18:29:05,848 | INFO  | DNAudit | user=null | ip=null | op=WRITE_CHUNK {blockData=conID: 1 locID: 102667711006114343 bcsId: 3055} | ret=SUCCESS |  
2019-08-23 18:29:05,850 | INFO  | DNAudit | user=null | ip=null | op=WRITE_CHUNK {blockData=conID: 1 locID: 102667711006114343 bcsId: 3055} | ret=SUCCESS |  
2019-08-23 18:29:05,851 | INFO  | DNAudit | user=null | ip=null | op=WRITE_CHUNK {blockData=conID: 1 locID: 102667711006114343 bcsId: 3055} | ret=SUCCESS |  
2019-08-23 18:29:05,853 | INFO  | DNAudit | user=null | ip=null | op=WRITE_CHUNK {blockData=conID: 1 locID: 102667711006114343 bcsId: 3049} | ret=SUCCESS |  
2019-08-23 18:29:05,854 | INFO  | DNAudit | user=null | ip=null | op=WRITE_CHUNK {blockData=conID: 1 locID: 102667711006114343 bcsId: 3049} | ret=SUCCESS |  
2019-08-23 18:29:05,855 | INFO  | DNAudit | user=null | ip=null | op=PUT_BLOCK {blockData=[blockId=conID: 1 locID: 102667711006114343 bcsId: 0,size=3145728]} | ret=SUCCESS |  
2019-08-23 18:29:05,855 | INFO  | DNAudit | user=null | ip=null | op=PUT_BLOCK {blockData=[blockId=conID: 1 locID: 102667711006114343 bcsId: 0,size=3145728]} | ret=SUCCESS |  
2019-08-23 18:29:05,855 | INFO  | DNAudit | user=null | ip=null | op=WRITE_CHUNK {blockData=conID: 1 locID: 102667711006114343 bcsId: 3055} | ret=SUCCESS |  
2019-08-23 18:29:05,856 | INFO  | DNAudit | user=null | ip=null | op=PUT_BLOCK {blockData=[blockId=conID: 1 locID: 102667711006114343 bcsId: 0,size=4194304]} | ret=SUCCESS |  
2019-08-23 18:29:05,856 [grpc-default-executor-0] INFO  client.GrpcClientProtocolClient (GrpcClientProtocolClient.java:onNext(255)) - client-19C32667576E->48affcab-e6e4-4602-963a-f6a50efbd54c: receive RaftClientReply:client-19C32667576E->48affcab-e6e4-4602-963a-f6a50efbd54c@group-50C56EAF5137, cid=2076, SUCCESS, logIndex=3058, commits[48affcab-e6e4-4602-963a-f6a50efbd54c:c3059, 7e391b60-07ae-4d97-a027-4756e468c032:c3055, c5f86d96-67df-4f25-bde3-316f439d30b3:c3055]
2019-08-23 18:29:05,856 [grpc-default-executor-0] INFO  client.GrpcClientProtocolClient (GrpcClientProtocolClient.java:onNext(255)) - client-19C32667576E->48affcab-e6e4-4602-963a-f6a50efbd54c: receive RaftClientReply:client-19C32667576E->48affcab-e6e4-4602-963a-f6a50efbd54c@group-50C56EAF5137, cid=2077, SUCCESS, logIndex=3059, commits[48affcab-e6e4-4602-963a-f6a50efbd54c:c3059, 7e391b60-07ae-4d97-a027-4756e468c032:c3055, c5f86d96-67df-4f25-bde3-316f439d30b3:c3055]
2019-08-23 18:29:05,867 | INFO  | DNAudit | user=null | ip=null | op=WRITE_CHUNK {blockData=conID: 1 locID: 102667711006114343 bcsId: 3055} | ret=SUCCESS |  
2019-08-23 18:29:05,867 | INFO  | DNAudit | user=null | ip=null | op=WRITE_CHUNK {blockData=conID: 1 locID: 102667711006114343 bcsId: 3055} | ret=SUCCESS |  
2019-08-23 18:29:05,868 | INFO  | DNAudit | user=null | ip=null | op=PUT_BLOCK {blockData=[blockId=conID: 1 locID: 102667711006114343 bcsId: 0,size=4194304]} | ret=SUCCESS |  
2019-08-23 18:29:05,868 | INFO  | DNAudit | user=null | ip=null | op=PUT_BLOCK {blockData=[blockId=conID: 1 locID: 102667711006114343 bcsId: 0,size=4194304]} | ret=SUCCESS |  
2019-08-23 18:29:05,869 [grpc-default-executor-0] INFO  client.GrpcClientProtocolClient (GrpcClientProtocolClient.java:onNext(255)) - client-19C32667576E->48affcab-e6e4-4602-963a-f6a50efbd54c: receive RaftClientReply:client-19C32667576E->48affcab-e6e4-4602-963a-f6a50efbd54c@group-50C56EAF5137, cid=2078, SUCCESS, logIndex=0, commits[48affcab-e6e4-4602-963a-f6a50efbd54c:c3061, 7e391b60-07ae-4d97-a027-4756e468c032:c3059, c5f86d96-67df-4f25-bde3-316f439d30b3:c3059]
2019-08-23 18:29:05,872 | INFO  | SCMAudit | user=jenkins1000 | ip=192.168.34.23 | op=ALLOCATE_BLOCK {owner=1ceb8b80-28f1-43fd-86c3-175afc07b8d1, size=4194304, type=RATIS, factor=THREE} | ret=SUCCESS |  
2019-08-23 18:29:05,875 | INFO  | OMAudit | user=jenkins1000 | ip=127.0.0.1 | op=ALLOCATE_BLOCK {volume=vol-0-45438, bucket=bucket-0-23891, key=key-0-22455, dataSize=0, replicationType=null, replicationFactor=null, keyLocationInfo=null, clientID=102667710122492306} | ret=SUCCESS |  
2019-08-23 18:29:05,880 | INFO  | DNAudit | user=null | ip=null | op=WRITE_CHUNK {blockData=conID: 2 locID: 102667711012667944 bcsId: 0} | ret=SUCCESS |  
2019-08-23 18:29:05,882 | INFO  | DNAudit | user=null | ip=null | op=WRITE_CHUNK {blockData=conID: 2 locID: 102667711012667944 bcsId: 0} | ret=SUCCESS |  
2019-08-23 18:29:05,883 | INFO  | DNAudit | user=null | ip=null | op=WRITE_CHUNK {blockData=conID: 2 locID: 102667711012667944 bcsId: 0} | ret=SUCCESS |  
2019-08-23 18:29:05,883 | INFO  | DNAudit | user=null | ip=null | op=WRITE_CHUNK {blockData=conID: 2 locID: 102667711012667944 bcsId: 0} | ret=SUCCESS |  
2019-08-23 18:29:05,885 | INFO  | DNAudit | user=null | ip=null | op=WRITE_CHUNK {blockData=conID: 2 locID: 102667711012667944 bcsId: 0} | ret=SUCCESS |  
2019-08-23 18:29:05,885 | INFO  | DNAudit | user=null | ip=null | op=WRITE_CHUNK {blockData=conID: 2 locID: 102667711012667944 bcsId: 0} | ret=SUCCESS |  
2019-08-23 18:29:05,893 | INFO  | DNAudit | user=null | ip=null | op=WRITE_CHUNK {blockData=conID: 2 locID: 102667711012667944 bcsId: 0} | ret=SUCCESS |  
2019-08-23 18:29:05,893 | INFO  | DNAudit | user=null | ip=null | op=PUT_BLOCK {blockData=[blockId=conID: 2 locID: 102667711012667944 bcsId: 0,size=1048576]} | ret=SUCCESS |  
2019-08-23 18:29:05,893 | INFO  | DNAudit | user=null | ip=null | op=WRITE_CHUNK {blockData=conID: 2 locID: 102667711012667944 bcsId: 0} | ret=SUCCESS |  
2019-08-23 18:29:05,893 [grpc-default-executor-4] INFO  client.GrpcClientProtocolClient (GrpcClientProtocolClient.java:onNext(255)) - client-19C32667576E->48affcab-e6e4-4602-963a-f6a50efbd54c: receive RaftClientReply:client-19C32667576E->48affcab-e6e4-4602-963a-f6a50efbd54c@group-50C56EAF5137, cid=2079, SUCCESS, logIndex=3062, commits[48affcab-e6e4-4602-963a-f6a50efbd54c:c3065, 7e391b60-07ae-4d97-a027-4756e468c032:c3061, c5f86d96-67df-4f25-bde3-316f439d30b3:c3061]
2019-08-23 18:29:05,893 | INFO  | DNAudit | user=null | ip=null | op=PUT_BLOCK {blockData=[blockId=conID: 2 locID: 102667711012667944 bcsId: 0,size=2097152]} | ret=SUCCESS |  
2019-08-23 18:29:05,894 [grpc-default-executor-4] INFO  client.GrpcClientProtocolClient (GrpcClientProtocolClient.java:onNext(255)) - client-19C32667576E->48affcab-e6e4-4602-963a-f6a50efbd54c: receive RaftClientReply:client-19C32667576E->48affcab-e6e4-4602-963a-f6a50efbd54c@group-50C56EAF5137, cid=2080, SUCCESS, logIndex=3063, commits[48affcab-e6e4-4602-963a-f6a50efbd54c:c3065, 7e391b60-07ae-4d97-a027-4756e468c032:c3061, c5f86d96-67df-4f25-bde3-316f439d30b3:c3061]
2019-08-23 18:29:05,894 [grpc-default-executor-4] INFO  client.GrpcClientProtocolClient (GrpcClientProtocolClient.java:onNext(255)) - client-19C32667576E->48affcab-e6e4-4602-963a-f6a50efbd54c: receive RaftClientReply:client-19C32667576E->48affcab-e6e4-4602-963a-f6a50efbd54c@group-50C56EAF5137, cid=2081, SUCCESS, logIndex=3064, commits[48affcab-e6e4-4602-963a-f6a50efbd54c:c3065, 7e391b60-07ae-4d97-a027-4756e468c032:c3061, c5f86d96-67df-4f25-bde3-316f439d30b3:c3061]
2019-08-23 18:29:05,894 [grpc-default-executor-4] INFO  client.GrpcClientProtocolClient (GrpcClientProtocolClient.java:onNext(255)) - client-19C32667576E->48affcab-e6e4-4602-963a-f6a50efbd54c: receive RaftClientReply:client-19C32667576E->48affcab-e6e4-4602-963a-f6a50efbd54c@group-50C56EAF5137, cid=2082, SUCCESS, logIndex=3065, commits[48affcab-e6e4-4602-963a-f6a50efbd54c:c3065, 7e391b60-07ae-4d97-a027-4756e468c032:c3061, c5f86d96-67df-4f25-bde3-316f439d30b3:c3061]
2019-08-23 18:29:05,894 | INFO  | DNAudit | user=null | ip=null | op=WRITE_CHUNK {blockData=conID: 2 locID: 102667711012667944 bcsId: 0} | ret=SUCCESS |  
2019-08-23 18:29:05,895 | INFO  | DNAudit | user=null | ip=null | op=WRITE_CHUNK {blockData=conID: 2 locID: 102667711012667944 bcsId: 0} | ret=SUCCESS |  
2019-08-23 18:29:05,895 | INFO  | DNAudit | user=null | ip=null | op=PUT_BLOCK {blockData=[blockId=conID: 2 locID: 102667711012667944 bcsId: 0,size=1048576]} | ret=SUCCESS |  
2019-08-23 18:29:05,895 | INFO  | DNAudit | user=null | ip=null | op=WRITE_CHUNK {blockData=conID: 2 locID: 102667711012667944 bcsId: 0} | ret=SUCCESS |  
2019-08-23 18:29:05,895 | INFO  | DNAudit | user=null | ip=null | op=PUT_BLOCK {blockData=[blockId=conID: 2 locID: 102667711012667944 bcsId: 0,size=2097152]} | ret=SUCCESS |  
2019-08-23 18:29:05,895 | INFO  | DNAudit | user=null | ip=null | op=PUT_BLOCK {blockData=[blockId=conID: 2 locID: 102667711012667944 bcsId: 0,size=1048576]} | ret=SUCCESS |  
2019-08-23 18:29:05,896 | INFO  | DNAudit | user=null | ip=null | op=WRITE_CHUNK {blockData=conID: 2 locID: 102667711012667944 bcsId: 0} | ret=SUCCESS |  
2019-08-23 18:29:05,896 | INFO  | DNAudit | user=null | ip=null | op=PUT_BLOCK {blockData=[blockId=conID: 2 locID: 102667711012667944 bcsId: 0,size=2097152]} | ret=SUCCESS |  
2019-08-23 18:29:05,896 [grpc-default-executor-4] INFO  client.GrpcClientProtocolClient (GrpcClientProtocolClient.java:onNext(255)) - client-19C32667576E->48affcab-e6e4-4602-963a-f6a50efbd54c: receive RaftClientReply:client-19C32667576E->48affcab-e6e4-4602-963a-f6a50efbd54c@group-50C56EAF5137, cid=2083, SUCCESS, logIndex=0, commits[48affcab-e6e4-4602-963a-f6a50efbd54c:c3069, 7e391b60-07ae-4d97-a027-4756e468c032:c3063, c5f86d96-67df-4f25-bde3-316f439d30b3:c3065]
2019-08-23 18:29:05,901 | INFO  | DNAudit | user=null | ip=null | op=WRITE_CHUNK {blockData=conID: 2 locID: 102667711012667944 bcsId: 3065} | ret=SUCCESS |  
2019-08-23 18:29:05,904 | INFO  | DNAudit | user=null | ip=null | op=WRITE_CHUNK {blockData=conID: 2 locID: 102667711012667944 bcsId: 3065} | ret=SUCCESS |  
2019-08-23 18:29:05,904 | INFO  | DNAudit | user=null | ip=null | op=WRITE_CHUNK {blockData=conID: 2 locID: 102667711012667944 bcsId: 3065} | ret=SUCCESS |  
2019-08-23 18:29:05,913 | INFO  | DNAudit | user=null | ip=null | op=WRITE_CHUNK {blockData=conID: 2 locID: 102667711012667944 bcsId: 3065} | ret=SUCCESS |  
2019-08-23 18:29:05,914 | INFO  | DNAudit | user=null | ip=null | op=PUT_BLOCK {blockData=[blockId=conID: 2 locID: 102667711012667944 bcsId: 0,size=3145728]} | ret=SUCCESS |  
2019-08-23 18:29:05,914 [grpc-default-executor-3] INFO  client.GrpcClientProtocolClient (GrpcClientProtocolClient.java:onNext(255)) - client-19C32667576E->48affcab-e6e4-4602-963a-f6a50efbd54c: receive RaftClientReply:client-19C32667576E->48affcab-e6e4-4602-963a-f6a50efbd54c@group-50C56EAF5137, cid=2084, SUCCESS, logIndex=3070, commits[48affcab-e6e4-4602-963a-f6a50efbd54c:c3071, 7e391b60-07ae-4d97-a027-4756e468c032:c3069, c5f86d96-67df-4f25-bde3-316f439d30b3:c3069]
2019-08-23 18:29:05,914 [grpc-default-executor-3] INFO  client.GrpcClientProtocolClient (GrpcClientProtocolClient.java:onNext(255)) - client-19C32667576E->48affcab-e6e4-4602-963a-f6a50efbd54c: receive RaftClientReply:client-19C32667576E->48affcab-e6e4-4602-963a-f6a50efbd54c@group-50C56EAF5137, cid=2085, SUCCESS, logIndex=3071, commits[48affcab-e6e4-4602-963a-f6a50efbd54c:c3071, 7e391b60-07ae-4d97-a027-4756e468c032:c3069, c5f86d96-67df-4f25-bde3-316f439d30b3:c3069]
2019-08-23 18:29:05,919 | INFO  | DNAudit | user=null | ip=null | op=WRITE_CHUNK {blockData=conID: 2 locID: 102667711012667944 bcsId: 3071} | ret=SUCCESS |  
2019-08-23 18:29:05,921 | INFO  | DNAudit | user=null | ip=null | op=WRITE_CHUNK {blockData=conID: 2 locID: 102667711012667944 bcsId: 3071} | ret=SUCCESS |  
2019-08-23 18:29:05,921 | INFO  | DNAudit | user=null | ip=null | op=WRITE_CHUNK {blockData=conID: 2 locID: 102667711012667944 bcsId: 3071} | ret=SUCCESS |  
2019-08-23 18:29:05,925 | INFO  | DNAudit | user=null | ip=null | op=WRITE_CHUNK {blockData=conID: 2 locID: 102667711012667944 bcsId: 3065} | ret=SUCCESS |  
2019-08-23 18:29:05,925 | INFO  | DNAudit | user=null | ip=null | op=WRITE_CHUNK {blockData=conID: 2 locID: 102667711012667944 bcsId: 3065} | ret=SUCCESS |  
2019-08-23 18:29:05,925 | INFO  | DNAudit | user=null | ip=null | op=PUT_BLOCK {blockData=[blockId=conID: 2 locID: 102667711012667944 bcsId: 0,size=3145728]} | ret=SUCCESS |  
2019-08-23 18:29:05,925 | INFO  | DNAudit | user=null | ip=null | op=PUT_BLOCK {blockData=[blockId=conID: 2 locID: 102667711012667944 bcsId: 0,size=3145728]} | ret=SUCCESS |  
2019-08-23 18:29:05,926 | INFO  | DNAudit | user=null | ip=null | op=WRITE_CHUNK {blockData=conID: 2 locID: 102667711012667944 bcsId: 3071} | ret=SUCCESS |  
2019-08-23 18:29:05,927 | INFO  | DNAudit | user=null | ip=null | op=PUT_BLOCK {blockData=[blockId=conID: 2 locID: 102667711012667944 bcsId: 0,size=4194304]} | ret=SUCCESS |  
2019-08-23 18:29:05,927 [grpc-default-executor-0] INFO  client.GrpcClientProtocolClient (GrpcClientProtocolClient.java:onNext(255)) - client-19C32667576E->48affcab-e6e4-4602-963a-f6a50efbd54c: receive RaftClientReply:client-19C32667576E->48affcab-e6e4-4602-963a-f6a50efbd54c@group-50C56EAF5137, cid=2086, SUCCESS, logIndex=3074, commits[48affcab-e6e4-4602-963a-f6a50efbd54c:c3075, 7e391b60-07ae-4d97-a027-4756e468c032:c3071, c5f86d96-67df-4f25-bde3-316f439d30b3:c3071]
2019-08-23 18:29:05,927 [grpc-default-executor-0] INFO  client.GrpcClientProtocolClient (GrpcClientProtocolClient.java:onNext(255)) - client-19C32667576E->48affcab-e6e4-4602-963a-f6a50efbd54c: receive RaftClientReply:client-19C32667576E->48affcab-e6e4-4602-963a-f6a50efbd54c@group-50C56EAF5137, cid=2087, SUCCESS, logIndex=3075, commits[48affcab-e6e4-4602-963a-f6a50efbd54c:c3075, 7e391b60-07ae-4d97-a027-4756e468c032:c3071, c5f86d96-67df-4f25-bde3-316f439d30b3:c3071]
2019-08-23 18:29:05,938 | INFO  | DNAudit | user=null | ip=null | op=WRITE_CHUNK {blockData=conID: 2 locID: 102667711012667944 bcsId: 3071} | ret=SUCCESS |  
2019-08-23 18:29:05,938 | INFO  | DNAudit | user=null | ip=null | op=WRITE_CHUNK {blockData=conID: 2 locID: 102667711012667944 bcsId: 3071} | ret=SUCCESS |  
2019-08-23 18:29:05,938 | INFO  | DNAudit | user=null | ip=null | op=PUT_BLOCK {blockData=[blockId=conID: 2 locID: 102667711012667944 bcsId: 0,size=4194304]} | ret=SUCCESS |  
2019-08-23 18:29:05,938 | INFO  | DNAudit | user=null | ip=null | op=PUT_BLOCK {blockData=[blockId=conID: 2 locID: 102667711012667944 bcsId: 0,size=4194304]} | ret=SUCCESS |  
2019-08-23 18:29:05,939 [grpc-default-executor-0] INFO  client.GrpcClientProtocolClient (GrpcClientProtocolClient.java:onNext(255)) - client-19C32667576E->48affcab-e6e4-4602-963a-f6a50efbd54c: receive RaftClientReply:client-19C32667576E->48affcab-e6e4-4602-963a-f6a50efbd54c@group-50C56EAF5137, cid=2088, SUCCESS, logIndex=0, commits[48affcab-e6e4-4602-963a-f6a50efbd54c:c3076, 7e391b60-07ae-4d97-a027-4756e468c032:c3075, c5f86d96-67df-4f25-bde3-316f439d30b3:c3075]
2019-08-23 18:29:05,942 | INFO  | SCMAudit | user=jenkins1000 | ip=192.168.34.23 | op=ALLOCATE_BLOCK {owner=1ceb8b80-28f1-43fd-86c3-175afc07b8d1, size=4194304, type=RATIS, factor=THREE} | ret=SUCCESS |  
2019-08-23 18:29:05,944 | INFO  | OMAudit | user=jenkins1000 | ip=127.0.0.1 | op=ALLOCATE_BLOCK {volume=vol-0-45438, bucket=bucket-0-23891, key=key-0-22455, dataSize=0, replicationType=null, replicationFactor=null, keyLocationInfo=null, clientID=102667710122492306} | ret=SUCCESS |  
2019-08-23 18:29:05,951 | INFO  | DNAudit | user=null | ip=null | op=WRITE_CHUNK {blockData=conID: 3 locID: 102667711017255465 bcsId: 0} | ret=SUCCESS |  
2019-08-23 18:29:05,952 | INFO  | DNAudit | user=null | ip=null | op=WRITE_CHUNK {blockData=conID: 3 locID: 102667711017255465 bcsId: 0} | ret=SUCCESS |  
2019-08-23 18:29:05,953 | INFO  | DNAudit | user=null | ip=null | op=WRITE_CHUNK {blockData=conID: 3 locID: 102667711017255465 bcsId: 0} | ret=SUCCESS |  
2019-08-23 18:29:05,953 | INFO  | DNAudit | user=null | ip=null | op=WRITE_CHUNK {blockData=conID: 3 locID: 102667711017255465 bcsId: 0} | ret=SUCCESS |  
2019-08-23 18:29:05,955 | INFO  | DNAudit | user=null | ip=null | op=WRITE_CHUNK {blockData=conID: 3 locID: 102667711017255465 bcsId: 0} | ret=SUCCESS |  
2019-08-23 18:29:05,955 | INFO  | DNAudit | user=null | ip=null | op=WRITE_CHUNK {blockData=conID: 3 locID: 102667711017255465 bcsId: 0} | ret=SUCCESS |  
2019-08-23 18:29:05,963 | INFO  | DNAudit | user=null | ip=null | op=WRITE_CHUNK {blockData=conID: 3 locID: 102667711017255465 bcsId: 0} | ret=SUCCESS |  
2019-08-23 18:29:05,963 | INFO  | DNAudit | user=null | ip=null | op=PUT_BLOCK {blockData=[blockId=conID: 3 locID: 102667711017255465 bcsId: 0,size=1048576]} | ret=SUCCESS |  
2019-08-23 18:29:05,963 [grpc-default-executor-3] INFO  client.GrpcClientProtocolClient (GrpcClientProtocolClient.java:onNext(255)) - client-19C32667576E->48affcab-e6e4-4602-963a-f6a50efbd54c: receive RaftClientReply:client-19C32667576E->48affcab-e6e4-4602-963a-f6a50efbd54c@group-50C56EAF5137, cid=2089, SUCCESS, logIndex=3078, commits[48affcab-e6e4-4602-963a-f6a50efbd54c:c3079, 7e391b60-07ae-4d97-a027-4756e468c032:c3077, c5f86d96-67df-4f25-bde3-316f439d30b3:c3077]
2019-08-23 18:29:05,964 [grpc-default-executor-3] INFO  client.GrpcClientProtocolClient (GrpcClientProtocolClient.java:onNext(255)) - client-19C32667576E->48affcab-e6e4-4602-963a-f6a50efbd54c: receive RaftClientReply:client-19C32667576E->48affcab-e6e4-4602-963a-f6a50efbd54c@group-50C56EAF5137, cid=2090, SUCCESS, logIndex=3079, commits[48affcab-e6e4-4602-963a-f6a50efbd54c:c3079, 7e391b60-07ae-4d97-a027-4756e468c032:c3077, c5f86d96-67df-4f25-bde3-316f439d30b3:c3077]
2019-08-23 18:29:05,964 | INFO  | DNAudit | user=null | ip=null | op=WRITE_CHUNK {blockData=conID: 3 locID: 102667711017255465 bcsId: 0} | ret=SUCCESS |  
2019-08-23 18:29:05,964 | INFO  | DNAudit | user=null | ip=null | op=PUT_BLOCK {blockData=[blockId=conID: 3 locID: 102667711017255465 bcsId: 0,size=2097152]} | ret=SUCCESS |  
2019-08-23 18:29:05,964 [grpc-default-executor-0] INFO  client.GrpcClientProtocolClient (GrpcClientProtocolClient.java:onNext(255)) - client-19C32667576E->48affcab-e6e4-4602-963a-f6a50efbd54c: receive RaftClientReply:client-19C32667576E->48affcab-e6e4-4602-963a-f6a50efbd54c@group-50C56EAF5137, cid=2091, SUCCESS, logIndex=3080, commits[48affcab-e6e4-4602-963a-f6a50efbd54c:c3081, 7e391b60-07ae-4d97-a027-4756e468c032:c3077, c5f86d96-67df-4f25-bde3-316f439d30b3:c3077]
2019-08-23 18:29:05,964 [grpc-default-executor-0] INFO  client.GrpcClientProtocolClient (GrpcClientProtocolClient.java:onNext(255)) - client-19C32667576E->48affcab-e6e4-4602-963a-f6a50efbd54c: receive RaftClientReply:client-19C32667576E->48affcab-e6e4-4602-963a-f6a50efbd54c@group-50C56EAF5137, cid=2092, SUCCESS, logIndex=3081, commits[48affcab-e6e4-4602-963a-f6a50efbd54c:c3081, 7e391b60-07ae-4d97-a027-4756e468c032:c3077, c5f86d96-67df-4f25-bde3-316f439d30b3:c3077]
2019-08-23 18:29:05,965 | INFO  | DNAudit | user=null | ip=null | op=WRITE_CHUNK {blockData=conID: 3 locID: 102667711017255465 bcsId: 0} | ret=SUCCESS |  
2019-08-23 18:29:05,965 | INFO  | DNAudit | user=null | ip=null | op=PUT_BLOCK {blockData=[blockId=conID: 3 locID: 102667711017255465 bcsId: 0,size=1048576]} | ret=SUCCESS |  
2019-08-23 18:29:05,965 | INFO  | DNAudit | user=null | ip=null | op=WRITE_CHUNK {blockData=conID: 3 locID: 102667711017255465 bcsId: 0} | ret=SUCCESS |  
2019-08-23 18:29:05,966 | INFO  | DNAudit | user=null | ip=null | op=PUT_BLOCK {blockData=[blockId=conID: 3 locID: 102667711017255465 bcsId: 0,size=1048576]} | ret=SUCCESS |  
2019-08-23 18:29:05,966 | INFO  | DNAudit | user=null | ip=null | op=WRITE_CHUNK {blockData=conID: 3 locID: 102667711017255465 bcsId: 0} | ret=SUCCESS |  
2019-08-23 18:29:05,966 [grpc-default-executor-0] INFO  client.GrpcClientProtocolClient (GrpcClientProtocolClient.java:onNext(255)) - client-19C32667576E->48affcab-e6e4-4602-963a-f6a50efbd54c: receive RaftClientReply:client-19C32667576E->48affcab-e6e4-4602-963a-f6a50efbd54c@group-50C56EAF5137, cid=2093, SUCCESS, logIndex=0, commits[48affcab-e6e4-4602-963a-f6a50efbd54c:c3083, 7e391b60-07ae-4d97-a027-4756e468c032:c3079, c5f86d96-67df-4f25-bde3-316f439d30b3:c3079]
2019-08-23 18:29:05,966 | INFO  | DNAudit | user=null | ip=null | op=PUT_BLOCK {blockData=[blockId=conID: 3 locID: 102667711017255465 bcsId: 0,size=2097152]} | ret=SUCCESS |  
2019-08-23 18:29:05,966 | INFO  | DNAudit | user=null | ip=null | op=WRITE_CHUNK {blockData=conID: 3 locID: 102667711017255465 bcsId: 0} | ret=SUCCESS |  
2019-08-23 18:29:05,966 | INFO  | DNAudit | user=null | ip=null | op=PUT_BLOCK {blockData=[blockId=conID: 3 locID: 102667711017255465 bcsId: 0,size=2097152]} | ret=SUCCESS |  
2019-08-23 18:29:05,971 | INFO  | DNAudit | user=null | ip=null | op=WRITE_CHUNK {blockData=conID: 3 locID: 102667711017255465 bcsId: 3081} | ret=SUCCESS |  
2019-08-23 18:29:05,973 | INFO  | DNAudit | user=null | ip=null | op=WRITE_CHUNK {blockData=conID: 3 locID: 102667711017255465 bcsId: 3081} | ret=SUCCESS |  
2019-08-23 18:29:05,973 | INFO  | DNAudit | user=null | ip=null | op=WRITE_CHUNK {blockData=conID: 3 locID: 102667711017255465 bcsId: 3081} | ret=SUCCESS |  
2019-08-23 18:29:05,983 | INFO  | DNAudit | user=null | ip=null | op=WRITE_CHUNK {blockData=conID: 3 locID: 102667711017255465 bcsId: 3081} | ret=SUCCESS |  
2019-08-23 18:29:05,984 | INFO  | DNAudit | user=null | ip=null | op=PUT_BLOCK {blockData=[blockId=conID: 3 locID: 102667711017255465 bcsId: 0,size=3145728]} | ret=SUCCESS |  
2019-08-23 18:29:05,984 [grpc-default-executor-4] INFO  client.GrpcClientProtocolClient (GrpcClientProtocolClient.java:onNext(255)) - client-19C32667576E->48affcab-e6e4-4602-963a-f6a50efbd54c: receive RaftClientReply:client-19C32667576E->48affcab-e6e4-4602-963a-f6a50efbd54c@group-50C56EAF5137, cid=2094, SUCCESS, logIndex=3086, commits[48affcab-e6e4-4602-963a-f6a50efbd54c:c3087, 7e391b60-07ae-4d97-a027-4756e468c032:c3085, c5f86d96-67df-4f25-bde3-316f439d30b3:c3085]
2019-08-23 18:29:05,984 [grpc-default-executor-4] INFO  client.GrpcClientProtocolClient (GrpcClientProtocolClient.java:onNext(255)) - client-19C32667576E->48affcab-e6e4-4602-963a-f6a50efbd54c: receive RaftClientReply:client-19C32667576E->48affcab-e6e4-4602-963a-f6a50efbd54c@group-50C56EAF5137, cid=2095, SUCCESS, logIndex=3087, commits[48affcab-e6e4-4602-963a-f6a50efbd54c:c3087, 7e391b60-07ae-4d97-a027-4756e468c032:c3085, c5f86d96-67df-4f25-bde3-316f439d30b3:c3085]
2019-08-23 18:29:05,985 | INFO  | DNAudit | user=null | ip=null | op=WRITE_CHUNK {blockData=conID: 3 locID: 102667711017255465 bcsId: 3081} | ret=SUCCESS |  
2019-08-23 18:29:05,985 | INFO  | DNAudit | user=null | ip=null | op=WRITE_CHUNK {blockData=conID: 3 locID: 102667711017255465 bcsId: 3081} | ret=SUCCESS |  
2019-08-23 18:29:05,989 | INFO  | DNAudit | user=null | ip=null | op=PUT_BLOCK {blockData=[blockId=conID: 3 locID: 102667711017255465 bcsId: 0,size=3145728]} | ret=SUCCESS |  
2019-08-23 18:29:05,989 | INFO  | DNAudit | user=null | ip=null | op=PUT_BLOCK {blockData=[blockId=conID: 3 locID: 102667711017255465 bcsId: 0,size=3145728]} | ret=SUCCESS |  
2019-08-23 18:29:05,990 | INFO  | DNAudit | user=null | ip=null | op=WRITE_CHUNK {blockData=conID: 3 locID: 102667711017255465 bcsId: 3087} | ret=SUCCESS |  
2019-08-23 18:29:05,993 | INFO  | DNAudit | user=null | ip=null | op=WRITE_CHUNK {blockData=conID: 3 locID: 102667711017255465 bcsId: 3087} | ret=SUCCESS |  
2019-08-23 18:29:05,993 | INFO  | DNAudit | user=null | ip=null | op=WRITE_CHUNK {blockData=conID: 3 locID: 102667711017255465 bcsId: 3087} | ret=SUCCESS |  
2019-08-23 18:29:06,013 | INFO  | DNAudit | user=null | ip=null | op=WRITE_CHUNK {blockData=conID: 3 locID: 102667711017255465 bcsId: 3087} | ret=SUCCESS |  
2019-08-23 18:29:06,013 | INFO  | DNAudit | user=null | ip=null | op=PUT_BLOCK {blockData=[blockId=conID: 3 locID: 102667711017255465 bcsId: 0,size=4194304]} | ret=SUCCESS |  
2019-08-23 18:29:06,013 [grpc-default-executor-0] INFO  client.GrpcClientProtocolClient (GrpcClientProtocolClient.java:onNext(255)) - client-19C32667576E->48affcab-e6e4-4602-963a-f6a50efbd54c: receive RaftClientReply:client-19C32667576E->48affcab-e6e4-4602-963a-f6a50efbd54c@group-50C56EAF5137, cid=2096, SUCCESS, logIndex=3090, commits[48affcab-e6e4-4602-963a-f6a50efbd54c:c3091, 7e391b60-07ae-4d97-a027-4756e468c032:c3089, c5f86d96-67df-4f25-bde3-316f439d30b3:c3088]
2019-08-23 18:29:06,014 [grpc-default-executor-0] INFO  client.GrpcClientProtocolClient (GrpcClientProtocolClient.java:onNext(255)) - client-19C32667576E->48affcab-e6e4-4602-963a-f6a50efbd54c: receive RaftClientReply:client-19C32667576E->48affcab-e6e4-4602-963a-f6a50efbd54c@group-50C56EAF5137, cid=2097, SUCCESS, logIndex=3091, commits[48affcab-e6e4-4602-963a-f6a50efbd54c:c3091, 7e391b60-07ae-4d97-a027-4756e468c032:c3089, c5f86d96-67df-4f25-bde3-316f439d30b3:c3089]
2019-08-23 18:29:06,015 | INFO  | DNAudit | user=null | ip=null | op=WRITE_CHUNK {blockData=conID: 3 locID: 102667711017255465 bcsId: 3087} | ret=SUCCESS |  
2019-08-23 18:29:06,015 | INFO  | DNAudit | user=null | ip=null | op=WRITE_CHUNK {blockData=conID: 3 locID: 102667711017255465 bcsId: 3087} | ret=SUCCESS |  
2019-08-23 18:29:06,015 | INFO  | DNAudit | user=null | ip=null | op=PUT_BLOCK {blockData=[blockId=conID: 3 locID: 102667711017255465 bcsId: 0,size=4194304]} | ret=SUCCESS |  
2019-08-23 18:29:06,016 | INFO  | DNAudit | user=null | ip=null | op=PUT_BLOCK {blockData=[blockId=conID: 3 locID: 102667711017255465 bcsId: 0,size=4194304]} | ret=SUCCESS |  
2019-08-23 18:29:06,016 [grpc-default-executor-4] INFO  client.GrpcClientProtocolClient (GrpcClientProtocolClient.java:onNext(255)) - client-19C32667576E->48affcab-e6e4-4602-963a-f6a50efbd54c: receive RaftClientReply:client-19C32667576E->48affcab-e6e4-4602-963a-f6a50efbd54c@group-50C56EAF5137, cid=2098, SUCCESS, logIndex=0, commits[48affcab-e6e4-4602-963a-f6a50efbd54c:c3092, 7e391b60-07ae-4d97-a027-4756e468c032:c3091, c5f86d96-67df-4f25-bde3-316f439d30b3:c3091]
2019-08-23 18:29:06,020 | INFO  | SCMAudit | user=jenkins1000 | ip=192.168.34.23 | op=ALLOCATE_BLOCK {owner=1ceb8b80-28f1-43fd-86c3-175afc07b8d1, size=4194304, type=RATIS, factor=THREE} | ret=SUCCESS |  
2019-08-23 18:29:06,023 | INFO  | OMAudit | user=jenkins1000 | ip=127.0.0.1 | op=ALLOCATE_BLOCK {volume=vol-0-45438, bucket=bucket-0-23891, key=key-0-22455, dataSize=0, replicationType=null, replicationFactor=null, keyLocationInfo=null, clientID=102667710122492306} | ret=SUCCESS |  
2019-08-23 18:29:06,029 | INFO  | DNAudit | user=null | ip=null | op=WRITE_CHUNK {blockData=conID: 1 locID: 102667711022367274 bcsId: 0} | ret=SUCCESS |  
2019-08-23 18:29:06,030 | INFO  | DNAudit | user=null | ip=null | op=WRITE_CHUNK {blockData=conID: 1 locID: 102667711022367274 bcsId: 0} | ret=SUCCESS |  
2019-08-23 18:29:06,030 | INFO  | DNAudit | user=null | ip=null | op=WRITE_CHUNK {blockData=conID: 1 locID: 102667711022367274 bcsId: 0} | ret=SUCCESS |  
2019-08-23 18:29:06,031 | INFO  | DNAudit | user=null | ip=null | op=WRITE_CHUNK {blockData=conID: 1 locID: 102667711022367274 bcsId: 0} | ret=SUCCESS |  
2019-08-23 18:29:06,032 | INFO  | DNAudit | user=null | ip=null | op=WRITE_CHUNK {blockData=conID: 1 locID: 102667711022367274 bcsId: 0} | ret=SUCCESS |  
2019-08-23 18:29:06,032 | INFO  | DNAudit | user=null | ip=null | op=WRITE_CHUNK {blockData=conID: 1 locID: 102667711022367274 bcsId: 0} | ret=SUCCESS |  
2019-08-23 18:29:06,042 | INFO  | DNAudit | user=null | ip=null | op=WRITE_CHUNK {blockData=conID: 1 locID: 102667711022367274 bcsId: 0} | ret=SUCCESS |  
2019-08-23 18:29:06,043 | INFO  | DNAudit | user=null | ip=null | op=PUT_BLOCK {blockData=[blockId=conID: 1 locID: 102667711022367274 bcsId: 0,size=1048576]} | ret=SUCCESS |  
2019-08-23 18:29:06,043 | INFO  | DNAudit | user=null | ip=null | op=WRITE_CHUNK {blockData=conID: 1 locID: 102667711022367274 bcsId: 0} | ret=SUCCESS |  
2019-08-23 18:29:06,043 | INFO  | DNAudit | user=null | ip=null | op=PUT_BLOCK {blockData=[blockId=conID: 1 locID: 102667711022367274 bcsId: 0,size=2097152]} | ret=SUCCESS |  
2019-08-23 18:29:06,043 [grpc-default-executor-0] INFO  client.GrpcClientProtocolClient (GrpcClientProtocolClient.java:onNext(255)) - client-19C32667576E->48affcab-e6e4-4602-963a-f6a50efbd54c: receive RaftClientReply:client-19C32667576E->48affcab-e6e4-4602-963a-f6a50efbd54c@group-50C56EAF5137, cid=2099, SUCCESS, logIndex=3094, commits[48affcab-e6e4-4602-963a-f6a50efbd54c:c3096, 7e391b60-07ae-4d97-a027-4756e468c032:c3093, c5f86d96-67df-4f25-bde3-316f439d30b3:c3093]
2019-08-23 18:29:06,044 [grpc-default-executor-0] INFO  client.GrpcClientProtocolClient (GrpcClientProtocolClient.java:onNext(255)) - client-19C32667576E->48affcab-e6e4-4602-963a-f6a50efbd54c: receive RaftClientReply:client-19C32667576E->48affcab-e6e4-4602-963a-f6a50efbd54c@group-50C56EAF5137, cid=2100, SUCCESS, logIndex=3095, commits[48affcab-e6e4-4602-963a-f6a50efbd54c:c3097, 7e391b60-07ae-4d97-a027-4756e468c032:c3093, c5f86d96-67df-4f25-bde3-316f439d30b3:c3093]
2019-08-23 18:29:06,044 [grpc-default-executor-0] INFO  client.GrpcClientProtocolClient (GrpcClientProtocolClient.java:onNext(255)) - client-19C32667576E->48affcab-e6e4-4602-963a-f6a50efbd54c: receive RaftClientReply:client-19C32667576E->48affcab-e6e4-4602-963a-f6a50efbd54c@group-50C56EAF5137, cid=2101, SUCCESS, logIndex=3096, commits[48affcab-e6e4-4602-963a-f6a50efbd54c:c3097, 7e391b60-07ae-4d97-a027-4756e468c032:c3093, c5f86d96-67df-4f25-bde3-316f439d30b3:c3093]
2019-08-23 18:29:06,044 [grpc-default-executor-0] INFO  client.GrpcClientProtocolClient (GrpcClientProtocolClient.java:onNext(255)) - client-19C32667576E->48affcab-e6e4-4602-963a-f6a50efbd54c: receive RaftClientReply:client-19C32667576E->48affcab-e6e4-4602-963a-f6a50efbd54c@group-50C56EAF5137, cid=2102, SUCCESS, logIndex=3097, commits[48affcab-e6e4-4602-963a-f6a50efbd54c:c3097, 7e391b60-07ae-4d97-a027-4756e468c032:c3093, c5f86d96-67df-4f25-bde3-316f439d30b3:c3093]
2019-08-23 18:29:06,054 | INFO  | DNAudit | user=null | ip=null | op=WRITE_CHUNK {blockData=conID: 1 locID: 102667711022367274 bcsId: 0} | ret=SUCCESS |  
2019-08-23 18:29:06,054 | INFO  | DNAudit | user=null | ip=null | op=WRITE_CHUNK {blockData=conID: 1 locID: 102667711022367274 bcsId: 0} | ret=SUCCESS |  
2019-08-23 18:29:06,054 | INFO  | DNAudit | user=null | ip=null | op=PUT_BLOCK {blockData=[blockId=conID: 1 locID: 102667711022367274 bcsId: 0,size=1048576]} | ret=SUCCESS |  
2019-08-23 18:29:06,054 | INFO  | DNAudit | user=null | ip=null | op=PUT_BLOCK {blockData=[blockId=conID: 1 locID: 102667711022367274 bcsId: 0,size=1048576]} | ret=SUCCESS |  
2019-08-23 18:29:06,054 [grpc-default-executor-4] INFO  client.GrpcClientProtocolClient (GrpcClientProtocolClient.java:onNext(255)) - client-19C32667576E->48affcab-e6e4-4602-963a-f6a50efbd54c: receive RaftClientReply:client-19C32667576E->48affcab-e6e4-4602-963a-f6a50efbd54c@group-50C56EAF5137, cid=2103, SUCCESS, logIndex=0, commits[48affcab-e6e4-4602-963a-f6a50efbd54c:c3098, 7e391b60-07ae-4d97-a027-4756e468c032:c3095, c5f86d96-67df-4f25-bde3-316f439d30b3:c3095]
2019-08-23 18:29:06,055 | INFO  | DNAudit | user=null | ip=null | op=WRITE_CHUNK {blockData=conID: 1 locID: 102667711022367274 bcsId: 0} | ret=SUCCESS |  
2019-08-23 18:29:06,055 | INFO  | DNAudit | user=null | ip=null | op=WRITE_CHUNK {blockData=conID: 1 locID: 102667711022367274 bcsId: 0} | ret=SUCCESS |  
2019-08-23 18:29:06,055 | INFO  | DNAudit | user=null | ip=null | op=PUT_BLOCK {blockData=[blockId=conID: 1 locID: 102667711022367274 bcsId: 0,size=2097152]} | ret=SUCCESS |  
2019-08-23 18:29:06,055 | INFO  | DNAudit | user=null | ip=null | op=PUT_BLOCK {blockData=[blockId=conID: 1 locID: 102667711022367274 bcsId: 0,size=2097152]} | ret=SUCCESS |  
2019-08-23 18:29:06,062 | INFO  | DNAudit | user=null | ip=null | op=WRITE_CHUNK {blockData=conID: 1 locID: 102667711022367274 bcsId: 3097} | ret=SUCCESS |  
2019-08-23 18:29:06,064 | INFO  | DNAudit | user=null | ip=null | op=WRITE_CHUNK {blockData=conID: 1 locID: 102667711022367274 bcsId: 3097} | ret=SUCCESS |  
2019-08-23 18:29:06,064 | INFO  | DNAudit | user=null | ip=null | op=WRITE_CHUNK {blockData=conID: 1 locID: 102667711022367274 bcsId: 3097} | ret=SUCCESS |  
2019-08-23 18:29:06,074 | INFO  | DNAudit | user=null | ip=null | op=WRITE_CHUNK {blockData=conID: 1 locID: 102667711022367274 bcsId: 3097} | ret=SUCCESS |  
2019-08-23 18:29:06,075 | INFO  | DNAudit | user=null | ip=null | op=PUT_BLOCK {blockData=[blockId=conID: 1 locID: 102667711022367274 bcsId: 0,size=3145728]} | ret=SUCCESS |  
2019-08-23 18:29:06,075 [grpc-default-executor-0] INFO  client.GrpcClientProtocolClient (GrpcClientProtocolClient.java:onNext(255)) - client-19C32667576E->48affcab-e6e4-4602-963a-f6a50efbd54c: receive RaftClientReply:client-19C32667576E->48affcab-e6e4-4602-963a-f6a50efbd54c@group-50C56EAF5137, cid=2104, SUCCESS, logIndex=3102, commits[48affcab-e6e4-4602-963a-f6a50efbd54c:c3103, 7e391b60-07ae-4d97-a027-4756e468c032:c3101, c5f86d96-67df-4f25-bde3-316f439d30b3:c3101]
2019-08-23 18:29:06,075 [grpc-default-executor-0] INFO  client.GrpcClientProtocolClient (GrpcClientProtocolClient.java:onNext(255)) - client-19C32667576E->48affcab-e6e4-4602-963a-f6a50efbd54c: receive RaftClientReply:client-19C32667576E->48affcab-e6e4-4602-963a-f6a50efbd54c@group-50C56EAF5137, cid=2105, SUCCESS, logIndex=3103, commits[48affcab-e6e4-4602-963a-f6a50efbd54c:c3103, 7e391b60-07ae-4d97-a027-4756e468c032:c3101, c5f86d96-67df-4f25-bde3-316f439d30b3:c3101]
2019-08-23 18:29:06,081 | INFO  | DNAudit | user=null | ip=null | op=WRITE_CHUNK {blockData=conID: 1 locID: 102667711022367274 bcsId: 3103} | ret=SUCCESS |  
2019-08-23 18:29:06,083 | INFO  | DNAudit | user=null | ip=null | op=WRITE_CHUNK {blockData=conID: 1 locID: 102667711022367274 bcsId: 3103} | ret=SUCCESS |  
2019-08-23 18:29:06,083 | INFO  | DNAudit | user=null | ip=null | op=WRITE_CHUNK {blockData=conID: 1 locID: 102667711022367274 bcsId: 3103} | ret=SUCCESS |  
2019-08-23 18:29:06,086 | INFO  | DNAudit | user=null | ip=null | op=WRITE_CHUNK {blockData=conID: 1 locID: 102667711022367274 bcsId: 3097} | ret=SUCCESS |  
2019-08-23 18:29:06,086 | INFO  | DNAudit | user=null | ip=null | op=WRITE_CHUNK {blockData=conID: 1 locID: 102667711022367274 bcsId: 3097} | ret=SUCCESS |  
2019-08-23 18:29:06,086 | INFO  | DNAudit | user=null | ip=null | op=PUT_BLOCK {blockData=[blockId=conID: 1 locID: 102667711022367274 bcsId: 0,size=3145728]} | ret=SUCCESS |  
2019-08-23 18:29:06,087 | INFO  | DNAudit | user=null | ip=null | op=PUT_BLOCK {blockData=[blockId=conID: 1 locID: 102667711022367274 bcsId: 0,size=3145728]} | ret=SUCCESS |  
2019-08-23 18:29:06,087 | INFO  | DNAudit | user=null | ip=null | op=WRITE_CHUNK {blockData=conID: 1 locID: 102667711022367274 bcsId: 3103} | ret=SUCCESS |  
2019-08-23 18:29:06,087 | INFO  | DNAudit | user=null | ip=null | op=PUT_BLOCK {blockData=[blockId=conID: 1 locID: 102667711022367274 bcsId: 0,size=4194304]} | ret=SUCCESS |  
2019-08-23 18:29:06,088 [grpc-default-executor-3] INFO  client.GrpcClientProtocolClient (GrpcClientProtocolClient.java:onNext(255)) - client-19C32667576E->48affcab-e6e4-4602-963a-f6a50efbd54c: receive RaftClientReply:client-19C32667576E->48affcab-e6e4-4602-963a-f6a50efbd54c@group-50C56EAF5137, cid=2106, SUCCESS, logIndex=3106, commits[48affcab-e6e4-4602-963a-f6a50efbd54c:c3107, 7e391b60-07ae-4d97-a027-4756e468c032:c3103, c5f86d96-67df-4f25-bde3-316f439d30b3:c3103]
2019-08-23 18:29:06,088 [grpc-default-executor-3] INFO  client.GrpcClientProtocolClient (GrpcClientProtocolClient.java:onNext(255)) - client-19C32667576E->48affcab-e6e4-4602-963a-f6a50efbd54c: receive RaftClientReply:client-19C32667576E->48affcab-e6e4-4602-963a-f6a50efbd54c@group-50C56EAF5137, cid=2107, SUCCESS, logIndex=3107, commits[48affcab-e6e4-4602-963a-f6a50efbd54c:c3107, 7e391b60-07ae-4d97-a027-4756e468c032:c3103, c5f86d96-67df-4f25-bde3-316f439d30b3:c3103]
2019-08-23 18:29:06,099 | INFO  | DNAudit | user=null | ip=null | op=WRITE_CHUNK {blockData=conID: 1 locID: 102667711022367274 bcsId: 3103} | ret=SUCCESS |  
2019-08-23 18:29:06,099 | INFO  | DNAudit | user=null | ip=null | op=WRITE_CHUNK {blockData=conID: 1 locID: 102667711022367274 bcsId: 3103} | ret=SUCCESS |  
2019-08-23 18:29:06,100 | INFO  | DNAudit | user=null | ip=null | op=PUT_BLOCK {blockData=[blockId=conID: 1 locID: 102667711022367274 bcsId: 0,size=4194304]} | ret=SUCCESS |  
2019-08-23 18:29:06,100 | INFO  | DNAudit | user=null | ip=null | op=PUT_BLOCK {blockData=[blockId=conID: 1 locID: 102667711022367274 bcsId: 0,size=4194304]} | ret=SUCCESS |  
2019-08-23 18:29:06,100 [grpc-default-executor-3] INFO  client.GrpcClientProtocolClient (GrpcClientProtocolClient.java:onNext(255)) - client-19C32667576E->48affcab-e6e4-4602-963a-f6a50efbd54c: receive RaftClientReply:client-19C32667576E->48affcab-e6e4-4602-963a-f6a50efbd54c@group-50C56EAF5137, cid=2108, SUCCESS, logIndex=0, commits[48affcab-e6e4-4602-963a-f6a50efbd54c:c3109, 7e391b60-07ae-4d97-a027-4756e468c032:c3107, c5f86d96-67df-4f25-bde3-316f439d30b3:c3107]
2019-08-23 18:29:06,105 | INFO  | SCMAudit | user=jenkins1000 | ip=192.168.34.23 | op=ALLOCATE_BLOCK {owner=1ceb8b80-28f1-43fd-86c3-175afc07b8d1, size=4194304, type=RATIS, factor=THREE} | ret=SUCCESS |  
2019-08-23 18:29:06,109 | INFO  | OMAudit | user=jenkins1000 | ip=127.0.0.1 | op=ALLOCATE_BLOCK {volume=vol-0-45438, bucket=bucket-0-23891, key=key-0-22455, dataSize=0, replicationType=null, replicationFactor=null, keyLocationInfo=null, clientID=102667710122492306} | ret=SUCCESS |  
2019-08-23 18:29:06,115 | INFO  | DNAudit | user=null | ip=null | op=WRITE_CHUNK {blockData=conID: 2 locID: 102667711027937835 bcsId: 0} | ret=SUCCESS |  
2019-08-23 18:29:06,118 | INFO  | DNAudit | user=null | ip=null | op=WRITE_CHUNK {blockData=conID: 2 locID: 102667711027937835 bcsId: 0} | ret=SUCCESS |  
2019-08-23 18:29:06,118 | INFO  | DNAudit | user=null | ip=null | op=WRITE_CHUNK {blockData=conID: 2 locID: 102667711027937835 bcsId: 0} | ret=SUCCESS |  
2019-08-23 18:29:06,118 | INFO  | DNAudit | user=null | ip=null | op=WRITE_CHUNK {blockData=conID: 2 locID: 102667711027937835 bcsId: 0} | ret=SUCCESS |  
2019-08-23 18:29:06,119 | INFO  | DNAudit | user=null | ip=null | op=WRITE_CHUNK {blockData=conID: 2 locID: 102667711027937835 bcsId: 0} | ret=SUCCESS |  
2019-08-23 18:29:06,119 | INFO  | DNAudit | user=null | ip=null | op=WRITE_CHUNK {blockData=conID: 2 locID: 102667711027937835 bcsId: 0} | ret=SUCCESS |  
2019-08-23 18:29:06,131 | INFO  | DNAudit | user=null | ip=null | op=WRITE_CHUNK {blockData=conID: 2 locID: 102667711027937835 bcsId: 0} | ret=SUCCESS |  
2019-08-23 18:29:06,131 | INFO  | DNAudit | user=null | ip=null | op=PUT_BLOCK {blockData=[blockId=conID: 2 locID: 102667711027937835 bcsId: 0,size=1048576]} | ret=SUCCESS |  
2019-08-23 18:29:06,131 [grpc-default-executor-5] INFO  client.GrpcClientProtocolClient (GrpcClientProtocolClient.java:onNext(255)) - client-19C32667576E->48affcab-e6e4-4602-963a-f6a50efbd54c: receive RaftClientReply:client-19C32667576E->48affcab-e6e4-4602-963a-f6a50efbd54c@group-50C56EAF5137, cid=2109, SUCCESS, logIndex=3110, commits[48affcab-e6e4-4602-963a-f6a50efbd54c:c3113, 7e391b60-07ae-4d97-a027-4756e468c032:c3109, c5f86d96-67df-4f25-bde3-316f439d30b3:c3109]
2019-08-23 18:29:06,131 | INFO  | DNAudit | user=null | ip=null | op=WRITE_CHUNK {blockData=conID: 2 locID: 102667711027937835 bcsId: 0} | ret=SUCCESS |  
2019-08-23 18:29:06,131 | INFO  | DNAudit | user=null | ip=null | op=PUT_BLOCK {blockData=[blockId=conID: 2 locID: 102667711027937835 bcsId: 0,size=2097152]} | ret=SUCCESS |  
2019-08-23 18:29:06,131 [grpc-default-executor-5] INFO  client.GrpcClientProtocolClient (GrpcClientProtocolClient.java:onNext(255)) - client-19C32667576E->48affcab-e6e4-4602-963a-f6a50efbd54c: receive RaftClientReply:client-19C32667576E->48affcab-e6e4-4602-963a-f6a50efbd54c@group-50C56EAF5137, cid=2110, SUCCESS, logIndex=3111, commits[48affcab-e6e4-4602-963a-f6a50efbd54c:c3113, 7e391b60-07ae-4d97-a027-4756e468c032:c3109, c5f86d96-67df-4f25-bde3-316f439d30b3:c3109]
2019-08-23 18:29:06,132 [grpc-default-executor-5] INFO  client.GrpcClientProtocolClient (GrpcClientProtocolClient.java:onNext(255)) - client-19C32667576E->48affcab-e6e4-4602-963a-f6a50efbd54c: receive RaftClientReply:client-19C32667576E->48affcab-e6e4-4602-963a-f6a50efbd54c@group-50C56EAF5137, cid=2111, SUCCESS, logIndex=3112, commits[48affcab-e6e4-4602-963a-f6a50efbd54c:c3113, 7e391b60-07ae-4d97-a027-4756e468c032:c3109, c5f86d96-67df-4f25-bde3-316f439d30b3:c3109]
2019-08-23 18:29:06,132 [grpc-default-executor-5] INFO  client.GrpcClientProtocolClient (GrpcClientProtocolClient.java:onNext(255)) - client-19C32667576E->48affcab-e6e4-4602-963a-f6a50efbd54c: receive RaftClientReply:client-19C32667576E->48affcab-e6e4-4602-963a-f6a50efbd54c@group-50C56EAF5137, cid=2112, SUCCESS, logIndex=3113, commits[48affcab-e6e4-4602-963a-f6a50efbd54c:c3113, 7e391b60-07ae-4d97-a027-4756e468c032:c3109, c5f86d96-67df-4f25-bde3-316f439d30b3:c3109]
2019-08-23 18:29:06,142 | INFO  | DNAudit | user=null | ip=null | op=WRITE_CHUNK {blockData=conID: 2 locID: 102667711027937835 bcsId: 0} | ret=SUCCESS |  
2019-08-23 18:29:06,142 | INFO  | DNAudit | user=null | ip=null | op=WRITE_CHUNK {blockData=conID: 2 locID: 102667711027937835 bcsId: 0} | ret=SUCCESS |  
2019-08-23 18:29:06,142 | INFO  | DNAudit | user=null | ip=null | op=PUT_BLOCK {blockData=[blockId=conID: 2 locID: 102667711027937835 bcsId: 0,size=1048576]} | ret=SUCCESS |  
2019-08-23 18:29:06,142 | INFO  | DNAudit | user=null | ip=null | op=PUT_BLOCK {blockData=[blockId=conID: 2 locID: 102667711027937835 bcsId: 0,size=1048576]} | ret=SUCCESS |  
2019-08-23 18:29:06,142 | INFO  | DNAudit | user=null | ip=null | op=WRITE_CHUNK {blockData=conID: 2 locID: 102667711027937835 bcsId: 0} | ret=SUCCESS |  
2019-08-23 18:29:06,142 | INFO  | DNAudit | user=null | ip=null | op=WRITE_CHUNK {blockData=conID: 2 locID: 102667711027937835 bcsId: 0} | ret=SUCCESS |  
2019-08-23 18:29:06,142 | INFO  | DNAudit | user=null | ip=null | op=PUT_BLOCK {blockData=[blockId=conID: 2 locID: 102667711027937835 bcsId: 0,size=2097152]} | ret=SUCCESS |  
2019-08-23 18:29:06,142 [grpc-default-executor-5] INFO  client.GrpcClientProtocolClient (GrpcClientProtocolClient.java:onNext(255)) - client-19C32667576E->48affcab-e6e4-4602-963a-f6a50efbd54c: receive RaftClientReply:client-19C32667576E->48affcab-e6e4-4602-963a-f6a50efbd54c@group-50C56EAF5137, cid=2113, SUCCESS, logIndex=0, commits[48affcab-e6e4-4602-963a-f6a50efbd54c:c3114, 7e391b60-07ae-4d97-a027-4756e468c032:c3113, c5f86d96-67df-4f25-bde3-316f439d30b3:c3113]
2019-08-23 18:29:06,143 | INFO  | DNAudit | user=null | ip=null | op=PUT_BLOCK {blockData=[blockId=conID: 2 locID: 102667711027937835 bcsId: 0,size=2097152]} | ret=SUCCESS |  
2019-08-23 18:29:06,148 | INFO  | DNAudit | user=null | ip=null | op=WRITE_CHUNK {blockData=conID: 2 locID: 102667711027937835 bcsId: 3113} | ret=SUCCESS |  
2019-08-23 18:29:06,150 | INFO  | DNAudit | user=null | ip=null | op=WRITE_CHUNK {blockData=conID: 2 locID: 102667711027937835 bcsId: 3113} | ret=SUCCESS |  
2019-08-23 18:29:06,150 | INFO  | DNAudit | user=null | ip=null | op=WRITE_CHUNK {blockData=conID: 2 locID: 102667711027937835 bcsId: 3113} | ret=SUCCESS |  
2019-08-23 18:29:06,161 | INFO  | DNAudit | user=null | ip=null | op=WRITE_CHUNK {blockData=conID: 2 locID: 102667711027937835 bcsId: 3113} | ret=SUCCESS |  
2019-08-23 18:29:06,162 | INFO  | DNAudit | user=null | ip=null | op=PUT_BLOCK {blockData=[blockId=conID: 2 locID: 102667711027937835 bcsId: 0,size=3145728]} | ret=SUCCESS |  
2019-08-23 18:29:06,162 [grpc-default-executor-0] INFO  client.GrpcClientProtocolClient (GrpcClientProtocolClient.java:onNext(255)) - client-19C32667576E->48affcab-e6e4-4602-963a-f6a50efbd54c: receive RaftClientReply:client-19C32667576E->48affcab-e6e4-4602-963a-f6a50efbd54c@group-50C56EAF5137, cid=2114, SUCCESS, logIndex=3116, commits[48affcab-e6e4-4602-963a-f6a50efbd54c:c3117, 7e391b60-07ae-4d97-a027-4756e468c032:c3115, c5f86d96-67df-4f25-bde3-316f439d30b3:c3115]
2019-08-23 18:29:06,162 [grpc-default-executor-0] INFO  client.GrpcClientProtocolClient (GrpcClientProtocolClient.java:onNext(255)) - client-19C32667576E->48affcab-e6e4-4602-963a-f6a50efbd54c: receive RaftClientReply:client-19C32667576E->48affcab-e6e4-4602-963a-f6a50efbd54c@group-50C56EAF5137, cid=2115, SUCCESS, logIndex=3117, commits[48affcab-e6e4-4602-963a-f6a50efbd54c:c3117, 7e391b60-07ae-4d97-a027-4756e468c032:c3115, c5f86d96-67df-4f25-bde3-316f439d30b3:c3115]
2019-08-23 18:29:06,169 | INFO  | DNAudit | user=null | ip=null | op=WRITE_CHUNK {blockData=conID: 2 locID: 102667711027937835 bcsId: 3117} | ret=SUCCESS |  
2019-08-23 18:29:06,171 | INFO  | DNAudit | user=null | ip=null | op=WRITE_CHUNK {blockData=conID: 2 locID: 102667711027937835 bcsId: 3117} | ret=SUCCESS |  
2019-08-23 18:29:06,171 | INFO  | DNAudit | user=null | ip=null | op=WRITE_CHUNK {blockData=conID: 2 locID: 102667711027937835 bcsId: 3117} | ret=SUCCESS |  
2019-08-23 18:29:06,173 | INFO  | DNAudit | user=null | ip=null | op=WRITE_CHUNK {blockData=conID: 2 locID: 102667711027937835 bcsId: 3113} | ret=SUCCESS |  
2019-08-23 18:29:06,173 | INFO  | DNAudit | user=null | ip=null | op=WRITE_CHUNK {blockData=conID: 2 locID: 102667711027937835 bcsId: 3113} | ret=SUCCESS |  
2019-08-23 18:29:06,175 | INFO  | DNAudit | user=null | ip=null | op=PUT_BLOCK {blockData=[blockId=conID: 2 locID: 102667711027937835 bcsId: 0,size=3145728]} | ret=SUCCESS |  
2019-08-23 18:29:06,175 | INFO  | DNAudit | user=null | ip=null | op=PUT_BLOCK {blockData=[blockId=conID: 2 locID: 102667711027937835 bcsId: 0,size=3145728]} | ret=SUCCESS |  
2019-08-23 18:29:06,176 | INFO  | DNAudit | user=null | ip=null | op=WRITE_CHUNK {blockData=conID: 2 locID: 102667711027937835 bcsId: 3117} | ret=SUCCESS |  
2019-08-23 18:29:06,176 | INFO  | DNAudit | user=null | ip=null | op=PUT_BLOCK {blockData=[blockId=conID: 2 locID: 102667711027937835 bcsId: 0,size=4194304]} | ret=SUCCESS |  
2019-08-23 18:29:06,176 [grpc-default-executor-4] INFO  client.GrpcClientProtocolClient (GrpcClientProtocolClient.java:onNext(255)) - client-19C32667576E->48affcab-e6e4-4602-963a-f6a50efbd54c: receive RaftClientReply:client-19C32667576E->48affcab-e6e4-4602-963a-f6a50efbd54c@group-50C56EAF5137, cid=2116, SUCCESS, logIndex=3120, commits[48affcab-e6e4-4602-963a-f6a50efbd54c:c3121, 7e391b60-07ae-4d97-a027-4756e468c032:c3117, c5f86d96-67df-4f25-bde3-316f439d30b3:c3117]
2019-08-23 18:29:06,176 [grpc-default-executor-4] INFO  client.GrpcClientProtocolClient (GrpcClientProtocolClient.java:onNext(255)) - client-19C32667576E->48affcab-e6e4-4602-963a-f6a50efbd54c: receive RaftClientReply:client-19C32667576E->48affcab-e6e4-4602-963a-f6a50efbd54c@group-50C56EAF5137, cid=2117, SUCCESS, logIndex=3121, commits[48affcab-e6e4-4602-963a-f6a50efbd54c:c3121, 7e391b60-07ae-4d97-a027-4756e468c032:c3117, c5f86d96-67df-4f25-bde3-316f439d30b3:c3117]
2019-08-23 18:29:06,187 | INFO  | DNAudit | user=null | ip=null | op=WRITE_CHUNK {blockData=conID: 2 locID: 102667711027937835 bcsId: 3117} | ret=SUCCESS |  
2019-08-23 18:29:06,187 | INFO  | DNAudit | user=null | ip=null | op=WRITE_CHUNK {blockData=conID: 2 locID: 102667711027937835 bcsId: 3117} | ret=SUCCESS |  
2019-08-23 18:29:06,188 | INFO  | DNAudit | user=null | ip=null | op=PUT_BLOCK {blockData=[blockId=conID: 2 locID: 102667711027937835 bcsId: 0,size=4194304]} | ret=SUCCESS |  
2019-08-23 18:29:06,188 | INFO  | DNAudit | user=null | ip=null | op=PUT_BLOCK {blockData=[blockId=conID: 2 locID: 102667711027937835 bcsId: 0,size=4194304]} | ret=SUCCESS |  
2019-08-23 18:29:06,188 [grpc-default-executor-5] INFO  client.GrpcClientProtocolClient (GrpcClientProtocolClient.java:onNext(255)) - client-19C32667576E->48affcab-e6e4-4602-963a-f6a50efbd54c: receive RaftClientReply:client-19C32667576E->48affcab-e6e4-4602-963a-f6a50efbd54c@group-50C56EAF5137, cid=2118, SUCCESS, logIndex=0, commits[48affcab-e6e4-4602-963a-f6a50efbd54c:c3122, 7e391b60-07ae-4d97-a027-4756e468c032:c3121, c5f86d96-67df-4f25-bde3-316f439d30b3:c3121]
2019-08-23 18:29:06,192 | INFO  | SCMAudit | user=jenkins1000 | ip=192.168.34.23 | op=ALLOCATE_BLOCK {owner=1ceb8b80-28f1-43fd-86c3-175afc07b8d1, size=4194304, type=RATIS, factor=THREE} | ret=SUCCESS |  
2019-08-23 18:29:06,194 | INFO  | OMAudit | user=jenkins1000 | ip=127.0.0.1 | op=ALLOCATE_BLOCK {volume=vol-0-45438, bucket=bucket-0-23891, key=key-0-22455, dataSize=0, replicationType=null, replicationFactor=null, keyLocationInfo=null, clientID=102667710122492306} | ret=SUCCESS |  
2019-08-23 18:29:06,200 | INFO  | DNAudit | user=null | ip=null | op=WRITE_CHUNK {blockData=conID: 3 locID: 102667711033639468 bcsId: 0} | ret=SUCCESS |  
2019-08-23 18:29:06,202 | INFO  | DNAudit | user=null | ip=null | op=WRITE_CHUNK {blockData=conID: 3 locID: 102667711033639468 bcsId: 0} | ret=SUCCESS |  
2019-08-23 18:29:06,202 | INFO  | DNAudit | user=null | ip=null | op=WRITE_CHUNK {blockData=conID: 3 locID: 102667711033639468 bcsId: 0} | ret=SUCCESS |  
2019-08-23 18:29:06,203 | INFO  | DNAudit | user=null | ip=null | op=WRITE_CHUNK {blockData=conID: 3 locID: 102667711033639468 bcsId: 0} | ret=SUCCESS |  
2019-08-23 18:29:06,204 | INFO  | DNAudit | user=null | ip=null | op=WRITE_CHUNK {blockData=conID: 3 locID: 102667711033639468 bcsId: 0} | ret=SUCCESS |  
2019-08-23 18:29:06,204 | INFO  | DNAudit | user=null | ip=null | op=WRITE_CHUNK {blockData=conID: 3 locID: 102667711033639468 bcsId: 0} | ret=SUCCESS |  
2019-08-23 18:29:06,206 | INFO  | DNAudit | user=null | ip=null | op=WRITE_CHUNK {blockData=conID: 3 locID: 102667711033639468 bcsId: 0} | ret=SUCCESS |  
2019-08-23 18:29:06,207 | INFO  | DNAudit | user=null | ip=null | op=PUT_BLOCK {blockData=[blockId=conID: 3 locID: 102667711033639468 bcsId: 0,size=1048576]} | ret=SUCCESS |  
2019-08-23 18:29:06,207 | INFO  | DNAudit | user=null | ip=null | op=WRITE_CHUNK {blockData=conID: 3 locID: 102667711033639468 bcsId: 0} | ret=SUCCESS |  
2019-08-23 18:29:06,207 [grpc-default-executor-0] INFO  client.GrpcClientProtocolClient (GrpcClientProtocolClient.java:onNext(255)) - client-19C32667576E->48affcab-e6e4-4602-963a-f6a50efbd54c: receive RaftClientReply:client-19C32667576E->48affcab-e6e4-4602-963a-f6a50efbd54c@group-50C56EAF5137, cid=2119, SUCCESS, logIndex=3124, commits[48affcab-e6e4-4602-963a-f6a50efbd54c:c3126, 7e391b60-07ae-4d97-a027-4756e468c032:c3123, c5f86d96-67df-4f25-bde3-316f439d30b3:c3123]
2019-08-23 18:29:06,207 | INFO  | DNAudit | user=null | ip=null | op=PUT_BLOCK {blockData=[blockId=conID: 3 locID: 102667711033639468 bcsId: 0,size=2097152]} | ret=SUCCESS |  
2019-08-23 18:29:06,207 [grpc-default-executor-0] INFO  client.GrpcClientProtocolClient (GrpcClientProtocolClient.java:onNext(255)) - client-19C32667576E->48affcab-e6e4-4602-963a-f6a50efbd54c: receive RaftClientReply:client-19C32667576E->48affcab-e6e4-4602-963a-f6a50efbd54c@group-50C56EAF5137, cid=2120, SUCCESS, logIndex=3125, commits[48affcab-e6e4-4602-963a-f6a50efbd54c:c3127, 7e391b60-07ae-4d97-a027-4756e468c032:c3123, c5f86d96-67df-4f25-bde3-316f439d30b3:c3123]
2019-08-23 18:29:06,208 [grpc-default-executor-0] INFO  client.GrpcClientProtocolClient (GrpcClientProtocolClient.java:onNext(255)) - client-19C32667576E->48affcab-e6e4-4602-963a-f6a50efbd54c: receive RaftClientReply:client-19C32667576E->48affcab-e6e4-4602-963a-f6a50efbd54c@group-50C56EAF5137, cid=2121, SUCCESS, logIndex=3126, commits[48affcab-e6e4-4602-963a-f6a50efbd54c:c3127, 7e391b60-07ae-4d97-a027-4756e468c032:c3123, c5f86d96-67df-4f25-bde3-316f439d30b3:c3123]
2019-08-23 18:29:06,208 [grpc-default-executor-0] INFO  client.GrpcClientProtocolClient (GrpcClientProtocolClient.java:onNext(255)) - client-19C32667576E->48affcab-e6e4-4602-963a-f6a50efbd54c: receive RaftClientReply:client-19C32667576E->48affcab-e6e4-4602-963a-f6a50efbd54c@group-50C56EAF5137, cid=2122, SUCCESS, logIndex=3127, commits[48affcab-e6e4-4602-963a-f6a50efbd54c:c3127, 7e391b60-07ae-4d97-a027-4756e468c032:c3123, c5f86d96-67df-4f25-bde3-316f439d30b3:c3123]
2019-08-23 18:29:06,208 | INFO  | DNAudit | user=null | ip=null | op=WRITE_CHUNK {blockData=conID: 3 locID: 102667711033639468 bcsId: 0} | ret=SUCCESS |  
2019-08-23 18:29:06,208 | INFO  | DNAudit | user=null | ip=null | op=WRITE_CHUNK {blockData=conID: 3 locID: 102667711033639468 bcsId: 0} | ret=SUCCESS |  
2019-08-23 18:29:06,208 | INFO  | DNAudit | user=null | ip=null | op=PUT_BLOCK {blockData=[blockId=conID: 3 locID: 102667711033639468 bcsId: 0,size=1048576]} | ret=SUCCESS |  
2019-08-23 18:29:06,210 | INFO  | DNAudit | user=null | ip=null | op=PUT_BLOCK {blockData=[blockId=conID: 3 locID: 102667711033639468 bcsId: 0,size=1048576]} | ret=SUCCESS |  
2019-08-23 18:29:06,210 | INFO  | DNAudit | user=null | ip=null | op=WRITE_CHUNK {blockData=conID: 3 locID: 102667711033639468 bcsId: 0} | ret=SUCCESS |  
2019-08-23 18:29:06,211 | INFO  | DNAudit | user=null | ip=null | op=PUT_BLOCK {blockData=[blockId=conID: 3 locID: 102667711033639468 bcsId: 0,size=2097152]} | ret=SUCCESS |  
2019-08-23 18:29:06,211 | INFO  | DNAudit | user=null | ip=null | op=WRITE_CHUNK {blockData=conID: 3 locID: 102667711033639468 bcsId: 0} | ret=SUCCESS |  
2019-08-23 18:29:06,211 | INFO  | DNAudit | user=null | ip=null | op=PUT_BLOCK {blockData=[blockId=conID: 3 locID: 102667711033639468 bcsId: 0,size=2097152]} | ret=SUCCESS |  
2019-08-23 18:29:06,211 [grpc-default-executor-0] INFO  client.GrpcClientProtocolClient (GrpcClientProtocolClient.java:onNext(255)) - client-19C32667576E->48affcab-e6e4-4602-963a-f6a50efbd54c: receive RaftClientReply:client-19C32667576E->48affcab-e6e4-4602-963a-f6a50efbd54c@group-50C56EAF5137, cid=2123, SUCCESS, logIndex=0, commits[48affcab-e6e4-4602-963a-f6a50efbd54c:c3129, 7e391b60-07ae-4d97-a027-4756e468c032:c3125, c5f86d96-67df-4f25-bde3-316f439d30b3:c3125]
2019-08-23 18:29:06,216 | INFO  | DNAudit | user=null | ip=null | op=WRITE_CHUNK {blockData=conID: 3 locID: 102667711033639468 bcsId: 3127} | ret=SUCCESS |  
2019-08-23 18:29:06,219 | INFO  | DNAudit | user=null | ip=null | op=WRITE_CHUNK {blockData=conID: 3 locID: 102667711033639468 bcsId: 3127} | ret=SUCCESS |  
2019-08-23 18:29:06,219 | INFO  | DNAudit | user=null | ip=null | op=WRITE_CHUNK {blockData=conID: 3 locID: 102667711033639468 bcsId: 3127} | ret=SUCCESS |  
2019-08-23 18:29:06,222 | INFO  | DNAudit | user=null | ip=null | op=WRITE_CHUNK {blockData=conID: 3 locID: 102667711033639468 bcsId: 3127} | ret=SUCCESS |  
2019-08-23 18:29:06,222 | INFO  | DNAudit | user=null | ip=null | op=PUT_BLOCK {blockData=[blockId=conID: 3 locID: 102667711033639468 bcsId: 0,size=3145728]} | ret=SUCCESS |  
2019-08-23 18:29:06,222 [grpc-default-executor-0] INFO  client.GrpcClientProtocolClient (GrpcClientProtocolClient.java:onNext(255)) - client-19C32667576E->48affcab-e6e4-4602-963a-f6a50efbd54c: receive RaftClientReply:client-19C32667576E->48affcab-e6e4-4602-963a-f6a50efbd54c@group-50C56EAF5137, cid=2124, SUCCESS, logIndex=3132, commits[48affcab-e6e4-4602-963a-f6a50efbd54c:c3133, 7e391b60-07ae-4d97-a027-4756e468c032:c3131, c5f86d96-67df-4f25-bde3-316f439d30b3:c3131]
2019-08-23 18:29:06,223 [grpc-default-executor-0] INFO  client.GrpcClientProtocolClient (GrpcClientProtocolClient.java:onNext(255)) - client-19C32667576E->48affcab-e6e4-4602-963a-f6a50efbd54c: receive RaftClientReply:client-19C32667576E->48affcab-e6e4-4602-963a-f6a50efbd54c@group-50C56EAF5137, cid=2125, SUCCESS, logIndex=3133, commits[48affcab-e6e4-4602-963a-f6a50efbd54c:c3133, 7e391b60-07ae-4d97-a027-4756e468c032:c3131, c5f86d96-67df-4f25-bde3-316f439d30b3:c3131]
2019-08-23 18:29:06,224 | INFO  | DNAudit | user=null | ip=null | op=WRITE_CHUNK {blockData=conID: 3 locID: 102667711033639468 bcsId: 3127} | ret=SUCCESS |  
2019-08-23 18:29:06,224 | INFO  | DNAudit | user=null | ip=null | op=WRITE_CHUNK {blockData=conID: 3 locID: 102667711033639468 bcsId: 3127} | ret=SUCCESS |  
2019-08-23 18:29:06,224 | INFO  | DNAudit | user=null | ip=null | op=PUT_BLOCK {blockData=[blockId=conID: 3 locID: 102667711033639468 bcsId: 0,size=3145728]} | ret=SUCCESS |  
2019-08-23 18:29:06,225 | INFO  | DNAudit | user=null | ip=null | op=PUT_BLOCK {blockData=[blockId=conID: 3 locID: 102667711033639468 bcsId: 0,size=3145728]} | ret=SUCCESS |  
2019-08-23 18:29:06,229 | INFO  | DNAudit | user=null | ip=null | op=WRITE_CHUNK {blockData=conID: 3 locID: 102667711033639468 bcsId: 3133} | ret=SUCCESS |  
2019-08-23 18:29:06,231 | INFO  | DNAudit | user=null | ip=null | op=WRITE_CHUNK {blockData=conID: 3 locID: 102667711033639468 bcsId: 3133} | ret=SUCCESS |  
2019-08-23 18:29:06,231 | INFO  | DNAudit | user=null | ip=null | op=WRITE_CHUNK {blockData=conID: 3 locID: 102667711033639468 bcsId: 3133} | ret=SUCCESS |  
2019-08-23 18:29:06,233 | INFO  | DNAudit | user=null | ip=null | op=WRITE_CHUNK {blockData=conID: 3 locID: 102667711033639468 bcsId: 3133} | ret=SUCCESS |  
2019-08-23 18:29:06,234 | INFO  | DNAudit | user=null | ip=null | op=PUT_BLOCK {blockData=[blockId=conID: 3 locID: 102667711033639468 bcsId: 0,size=4194304]} | ret=SUCCESS |  
2019-08-23 18:29:06,234 [grpc-default-executor-0] INFO  client.GrpcClientProtocolClient (GrpcClientProtocolClient.java:onNext(255)) - client-19C32667576E->48affcab-e6e4-4602-963a-f6a50efbd54c: receive RaftClientReply:client-19C32667576E->48affcab-e6e4-4602-963a-f6a50efbd54c@group-50C56EAF5137, cid=2126, SUCCESS, logIndex=3136, commits[48affcab-e6e4-4602-963a-f6a50efbd54c:c3137, 7e391b60-07ae-4d97-a027-4756e468c032:c3135, c5f86d96-67df-4f25-bde3-316f439d30b3:c3133]
2019-08-23 18:29:06,234 [grpc-default-executor-0] INFO  client.GrpcClientProtocolClient (GrpcClientProtocolClient.java:onNext(255)) - client-19C32667576E->48affcab-e6e4-4602-963a-f6a50efbd54c: receive RaftClientReply:client-19C32667576E->48affcab-e6e4-4602-963a-f6a50efbd54c@group-50C56EAF5137, cid=2127, SUCCESS, logIndex=3137, commits[48affcab-e6e4-4602-963a-f6a50efbd54c:c3137, 7e391b60-07ae-4d97-a027-4756e468c032:c3135, c5f86d96-67df-4f25-bde3-316f439d30b3:c3135]
2019-08-23 18:29:06,236 | INFO  | DNAudit | user=null | ip=null | op=WRITE_CHUNK {blockData=conID: 3 locID: 102667711033639468 bcsId: 3133} | ret=SUCCESS |  
2019-08-23 18:29:06,236 | INFO  | DNAudit | user=null | ip=null | op=WRITE_CHUNK {blockData=conID: 3 locID: 102667711033639468 bcsId: 3133} | ret=SUCCESS |  
2019-08-23 18:29:06,238 | INFO  | DNAudit | user=null | ip=null | op=PUT_BLOCK {blockData=[blockId=conID: 3 locID: 102667711033639468 bcsId: 0,size=4194304]} | ret=SUCCESS |  
2019-08-23 18:29:06,238 | INFO  | DNAudit | user=null | ip=null | op=PUT_BLOCK {blockData=[blockId=conID: 3 locID: 102667711033639468 bcsId: 0,size=4194304]} | ret=SUCCESS |  
2019-08-23 18:29:06,238 [grpc-default-executor-0] INFO  client.GrpcClientProtocolClient (GrpcClientProtocolClient.java:onNext(255)) - client-19C32667576E->48affcab-e6e4-4602-963a-f6a50efbd54c: receive RaftClientReply:client-19C32667576E->48affcab-e6e4-4602-963a-f6a50efbd54c@group-50C56EAF5137, cid=2128, SUCCESS, logIndex=0, commits[48affcab-e6e4-4602-963a-f6a50efbd54c:c3139, 7e391b60-07ae-4d97-a027-4756e468c032:c3137, c5f86d96-67df-4f25-bde3-316f439d30b3:c3137]
2019-08-23 18:29:06,244 | INFO  | SCMAudit | user=jenkins1000 | ip=192.168.34.23 | op=ALLOCATE_BLOCK {owner=1ceb8b80-28f1-43fd-86c3-175afc07b8d1, size=4194304, type=RATIS, factor=THREE} | ret=SUCCESS |  
2019-08-23 18:29:06,247 | INFO  | OMAudit | user=jenkins1000 | ip=127.0.0.1 | op=ALLOCATE_BLOCK {volume=vol-0-45438, bucket=bucket-0-23891, key=key-0-22455, dataSize=0, replicationType=null, replicationFactor=null, keyLocationInfo=null, clientID=102667710122492306} | ret=SUCCESS |  
2019-08-23 18:29:06,253 | INFO  | DNAudit | user=null | ip=null | op=WRITE_CHUNK {blockData=conID: 1 locID: 102667711037047341 bcsId: 0} | ret=SUCCESS |  
2019-08-23 18:29:06,256 | INFO  | DNAudit | user=null | ip=null | op=WRITE_CHUNK {blockData=conID: 1 locID: 102667711037047341 bcsId: 0} | ret=SUCCESS |  
2019-08-23 18:29:06,256 | INFO  | DNAudit | user=null | ip=null | op=WRITE_CHUNK {blockData=conID: 1 locID: 102667711037047341 bcsId: 0} | ret=SUCCESS |  
2019-08-23 18:29:06,256 | INFO  | DNAudit | user=null | ip=null | op=WRITE_CHUNK {blockData=conID: 1 locID: 102667711037047341 bcsId: 0} | ret=SUCCESS |  
2019-08-23 18:29:06,258 | INFO  | DNAudit | user=null | ip=null | op=WRITE_CHUNK {blockData=conID: 1 locID: 102667711037047341 bcsId: 0} | ret=SUCCESS |  
2019-08-23 18:29:06,258 | INFO  | DNAudit | user=null | ip=null | op=WRITE_CHUNK {blockData=conID: 1 locID: 102667711037047341 bcsId: 0} | ret=SUCCESS |  
2019-08-23 18:29:06,273 | INFO  | DNAudit | user=null | ip=null | op=WRITE_CHUNK {blockData=conID: 1 locID: 102667711037047341 bcsId: 0} | ret=SUCCESS |  
2019-08-23 18:29:06,274 | INFO  | DNAudit | user=null | ip=null | op=PUT_BLOCK {blockData=[blockId=conID: 1 locID: 102667711037047341 bcsId: 0,size=1048576]} | ret=SUCCESS |  
2019-08-23 18:29:06,274 [grpc-default-executor-5] INFO  client.GrpcClientProtocolClient (GrpcClientProtocolClient.java:onNext(255)) - client-19C32667576E->48affcab-e6e4-4602-963a-f6a50efbd54c: receive RaftClientReply:client-19C32667576E->48affcab-e6e4-4602-963a-f6a50efbd54c@group-50C56EAF5137, cid=2129, SUCCESS, logIndex=3140, commits[48affcab-e6e4-4602-963a-f6a50efbd54c:c3141, 7e391b60-07ae-4d97-a027-4756e468c032:c3139, c5f86d96-67df-4f25-bde3-316f439d30b3:c3139]
2019-08-23 18:29:06,274 [grpc-default-executor-5] INFO  client.GrpcClientProtocolClient (GrpcClientProtocolClient.java:onNext(255)) - client-19C32667576E->48affcab-e6e4-4602-963a-f6a50efbd54c: receive RaftClientReply:client-19C32667576E->48affcab-e6e4-4602-963a-f6a50efbd54c@group-50C56EAF5137, cid=2130, SUCCESS, logIndex=3141, commits[48affcab-e6e4-4602-963a-f6a50efbd54c:c3141, 7e391b60-07ae-4d97-a027-4756e468c032:c3139, c5f86d96-67df-4f25-bde3-316f439d30b3:c3139]
2019-08-23 18:29:06,275 | INFO  | DNAudit | user=null | ip=null | op=WRITE_CHUNK {blockData=conID: 1 locID: 102667711037047341 bcsId: 0} | ret=SUCCESS |  
2019-08-23 18:29:06,276 | INFO  | DNAudit | user=null | ip=null | op=PUT_BLOCK {blockData=[blockId=conID: 1 locID: 102667711037047341 bcsId: 0,size=2097152]} | ret=SUCCESS |  
2019-08-23 18:29:06,276 [grpc-default-executor-4] INFO  client.GrpcClientProtocolClient (GrpcClientProtocolClient.java:onNext(255)) - client-19C32667576E->48affcab-e6e4-4602-963a-f6a50efbd54c: receive RaftClientReply:client-19C32667576E->48affcab-e6e4-4602-963a-f6a50efbd54c@group-50C56EAF5137, cid=2131, SUCCESS, logIndex=3142, commits[48affcab-e6e4-4602-963a-f6a50efbd54c:c3143, 7e391b60-07ae-4d97-a027-4756e468c032:c3139, c5f86d96-67df-4f25-bde3-316f439d30b3:c3139]
2019-08-23 18:29:06,276 [grpc-default-executor-4] INFO  client.GrpcClientProtocolClient (GrpcClientProtocolClient.java:onNext(255)) - client-19C32667576E->48affcab-e6e4-4602-963a-f6a50efbd54c: receive RaftClientReply:client-19C32667576E->48affcab-e6e4-4602-963a-f6a50efbd54c@group-50C56EAF5137, cid=2132, SUCCESS, logIndex=3143, commits[48affcab-e6e4-4602-963a-f6a50efbd54c:c3143, 7e391b60-07ae-4d97-a027-4756e468c032:c3139, c5f86d96-67df-4f25-bde3-316f439d30b3:c3139]
2019-08-23 18:29:06,287 | INFO  | DNAudit | user=null | ip=null | op=WRITE_CHUNK {blockData=conID: 1 locID: 102667711037047341 bcsId: 0} | ret=SUCCESS |  
2019-08-23 18:29:06,287 | INFO  | DNAudit | user=null | ip=null | op=PUT_BLOCK {blockData=[blockId=conID: 1 locID: 102667711037047341 bcsId: 0,size=1048576]} | ret=SUCCESS |  
2019-08-23 18:29:06,287 | INFO  | DNAudit | user=null | ip=null | op=WRITE_CHUNK {blockData=conID: 1 locID: 102667711037047341 bcsId: 0} | ret=SUCCESS |  
2019-08-23 18:29:06,287 | INFO  | DNAudit | user=null | ip=null | op=PUT_BLOCK {blockData=[blockId=conID: 1 locID: 102667711037047341 bcsId: 0,size=1048576]} | ret=SUCCESS |  
2019-08-23 18:29:06,288 | INFO  | DNAudit | user=null | ip=null | op=WRITE_CHUNK {blockData=conID: 1 locID: 102667711037047341 bcsId: 0} | ret=SUCCESS |  
2019-08-23 18:29:06,288 | INFO  | DNAudit | user=null | ip=null | op=PUT_BLOCK {blockData=[blockId=conID: 1 locID: 102667711037047341 bcsId: 0,size=2097152]} | ret=SUCCESS |  
2019-08-23 18:29:06,288 [grpc-default-executor-4] INFO  client.GrpcClientProtocolClient (GrpcClientProtocolClient.java:onNext(255)) - client-19C32667576E->48affcab-e6e4-4602-963a-f6a50efbd54c: receive RaftClientReply:client-19C32667576E->48affcab-e6e4-4602-963a-f6a50efbd54c@group-50C56EAF5137, cid=2133, SUCCESS, logIndex=0, commits[48affcab-e6e4-4602-963a-f6a50efbd54c:c3145, 7e391b60-07ae-4d97-a027-4756e468c032:c3141, c5f86d96-67df-4f25-bde3-316f439d30b3:c3141]
2019-08-23 18:29:06,288 | INFO  | DNAudit | user=null | ip=null | op=WRITE_CHUNK {blockData=conID: 1 locID: 102667711037047341 bcsId: 0} | ret=SUCCESS |  
2019-08-23 18:29:06,288 | INFO  | DNAudit | user=null | ip=null | op=PUT_BLOCK {blockData=[blockId=conID: 1 locID: 102667711037047341 bcsId: 0,size=2097152]} | ret=SUCCESS |  
2019-08-23 18:29:06,294 | INFO  | DNAudit | user=null | ip=null | op=WRITE_CHUNK {blockData=conID: 1 locID: 102667711037047341 bcsId: 3143} | ret=SUCCESS |  
2019-08-23 18:29:06,295 | INFO  | DNAudit | user=null | ip=null | op=WRITE_CHUNK {blockData=conID: 1 locID: 102667711037047341 bcsId: 3143} | ret=SUCCESS |  
2019-08-23 18:29:06,295 | INFO  | DNAudit | user=null | ip=null | op=WRITE_CHUNK {blockData=conID: 1 locID: 102667711037047341 bcsId: 3143} | ret=SUCCESS |  
2019-08-23 18:29:06,306 | INFO  | DNAudit | user=null | ip=null | op=WRITE_CHUNK {blockData=conID: 1 locID: 102667711037047341 bcsId: 3143} | ret=SUCCESS |  
2019-08-23 18:29:06,458 | INFO  | DNAudit | user=null | ip=null | op=PUT_BLOCK {blockData=[blockId=conID: 1 locID: 102667711037047341 bcsId: 0,size=3145728]} | ret=SUCCESS |  
2019-08-23 18:29:06,458 [grpc-default-executor-4] INFO  client.GrpcClientProtocolClient (GrpcClientProtocolClient.java:onNext(255)) - client-19C32667576E->48affcab-e6e4-4602-963a-f6a50efbd54c: receive RaftClientReply:client-19C32667576E->48affcab-e6e4-4602-963a-f6a50efbd54c@group-50C56EAF5137, cid=2134, SUCCESS, logIndex=3147, commits[48affcab-e6e4-4602-963a-f6a50efbd54c:c3148, 7e391b60-07ae-4d97-a027-4756e468c032:c3146, c5f86d96-67df-4f25-bde3-316f439d30b3:c3146]
2019-08-23 18:29:06,458 | INFO  | DNAudit | user=null | ip=null | op=WRITE_CHUNK {blockData=conID: 1 locID: 102667711037047341 bcsId: 3143} | ret=SUCCESS |  
2019-08-23 18:29:06,458 | INFO  | DNAudit | user=null | ip=null | op=WRITE_CHUNK {blockData=conID: 1 locID: 102667711037047341 bcsId: 3143} | ret=SUCCESS |  
2019-08-23 18:29:06,459 [grpc-default-executor-4] INFO  client.GrpcClientProtocolClient (GrpcClientProtocolClient.java:onNext(255)) - client-19C32667576E->48affcab-e6e4-4602-963a-f6a50efbd54c: receive RaftClientReply:client-19C32667576E->48affcab-e6e4-4602-963a-f6a50efbd54c@group-50C56EAF5137, cid=2135, SUCCESS, logIndex=3148, commits[48affcab-e6e4-4602-963a-f6a50efbd54c:c3148, 7e391b60-07ae-4d97-a027-4756e468c032:c3146, c5f86d96-67df-4f25-bde3-316f439d30b3:c3146]
2019-08-23 18:29:06,465 | INFO  | DNAudit | user=null | ip=null | op=WRITE_CHUNK {blockData=conID: 1 locID: 102667711037047341 bcsId: 3148} | ret=SUCCESS |  
2019-08-23 18:29:06,468 | INFO  | DNAudit | user=null | ip=null | op=WRITE_CHUNK {blockData=conID: 1 locID: 102667711037047341 bcsId: 3148} | ret=SUCCESS |  
2019-08-23 18:29:06,468 | INFO  | DNAudit | user=null | ip=null | op=WRITE_CHUNK {blockData=conID: 1 locID: 102667711037047341 bcsId: 3148} | ret=SUCCESS |  
2019-08-23 18:29:06,470 | INFO  | DNAudit | user=null | ip=null | op=PUT_BLOCK {blockData=[blockId=conID: 1 locID: 102667711037047341 bcsId: 0,size=3145728]} | ret=SUCCESS |  
2019-08-23 18:29:06,470 | INFO  | DNAudit | user=null | ip=null | op=PUT_BLOCK {blockData=[blockId=conID: 1 locID: 102667711037047341 bcsId: 0,size=3145728]} | ret=SUCCESS |  
2019-08-23 18:29:06,472 | INFO  | DNAudit | user=null | ip=null | op=WRITE_CHUNK {blockData=conID: 1 locID: 102667711037047341 bcsId: 3148} | ret=SUCCESS |  
2019-08-23 18:29:06,472 | INFO  | DNAudit | user=null | ip=null | op=PUT_BLOCK {blockData=[blockId=conID: 1 locID: 102667711037047341 bcsId: 0,size=4194304]} | ret=SUCCESS |  
2019-08-23 18:29:06,473 [grpc-default-executor-0] INFO  client.GrpcClientProtocolClient (GrpcClientProtocolClient.java:onNext(255)) - client-19C32667576E->48affcab-e6e4-4602-963a-f6a50efbd54c: receive RaftClientReply:client-19C32667576E->48affcab-e6e4-4602-963a-f6a50efbd54c@group-50C56EAF5137, cid=2136, SUCCESS, logIndex=3151, commits[48affcab-e6e4-4602-963a-f6a50efbd54c:c3152, 7e391b60-07ae-4d97-a027-4756e468c032:c3149, c5f86d96-67df-4f25-bde3-316f439d30b3:c3149]
2019-08-23 18:29:06,473 [grpc-default-executor-0] INFO  client.GrpcClientProtocolClient (GrpcClientProtocolClient.java:onNext(255)) - client-19C32667576E->48affcab-e6e4-4602-963a-f6a50efbd54c: receive RaftClientReply:client-19C32667576E->48affcab-e6e4-4602-963a-f6a50efbd54c@group-50C56EAF5137, cid=2137, SUCCESS, logIndex=3152, commits[48affcab-e6e4-4602-963a-f6a50efbd54c:c3152, 7e391b60-07ae-4d97-a027-4756e468c032:c3149, c5f86d96-67df-4f25-bde3-316f439d30b3:c3149]
2019-08-23 18:29:06,484 | INFO  | DNAudit | user=null | ip=null | op=WRITE_CHUNK {blockData=conID: 1 locID: 102667711037047341 bcsId: 3148} | ret=SUCCESS |  
2019-08-23 18:29:06,484 | INFO  | DNAudit | user=null | ip=null | op=WRITE_CHUNK {blockData=conID: 1 locID: 102667711037047341 bcsId: 3148} | ret=SUCCESS |  
2019-08-23 18:29:06,486 | INFO  | DNAudit | user=null | ip=null | op=PUT_BLOCK {blockData=[blockId=conID: 1 locID: 102667711037047341 bcsId: 0,size=4194304]} | ret=SUCCESS |  
2019-08-23 18:29:06,486 | INFO  | DNAudit | user=null | ip=null | op=PUT_BLOCK {blockData=[blockId=conID: 1 locID: 102667711037047341 bcsId: 0,size=4194304]} | ret=SUCCESS |  
2019-08-23 18:29:06,487 [grpc-default-executor-0] INFO  client.GrpcClientProtocolClient (GrpcClientProtocolClient.java:onNext(255)) - client-19C32667576E->48affcab-e6e4-4602-963a-f6a50efbd54c: receive RaftClientReply:client-19C32667576E->48affcab-e6e4-4602-963a-f6a50efbd54c@group-50C56EAF5137, cid=2138, SUCCESS, logIndex=0, commits[48affcab-e6e4-4602-963a-f6a50efbd54c:c3154, 7e391b60-07ae-4d97-a027-4756e468c032:c3152, c5f86d96-67df-4f25-bde3-316f439d30b3:c3152]
2019-08-23 18:29:06,491 | INFO  | SCMAudit | user=jenkins1000 | ip=192.168.34.23 | op=ALLOCATE_BLOCK {owner=1ceb8b80-28f1-43fd-86c3-175afc07b8d1, size=4194304, type=RATIS, factor=THREE} | ret=SUCCESS |  
2019-08-23 18:29:06,495 | INFO  | OMAudit | user=jenkins1000 | ip=127.0.0.1 | op=ALLOCATE_BLOCK {volume=vol-0-45438, bucket=bucket-0-23891, key=key-0-22455, dataSize=0, replicationType=null, replicationFactor=null, keyLocationInfo=null, clientID=102667710122492306} | ret=SUCCESS |  
2019-08-23 18:29:06,502 | INFO  | DNAudit | user=null | ip=null | op=WRITE_CHUNK {blockData=conID: 2 locID: 102667711053234734 bcsId: 0} | ret=SUCCESS |  
2019-08-23 18:29:06,505 | INFO  | DNAudit | user=null | ip=null | op=WRITE_CHUNK {blockData=conID: 2 locID: 102667711053234734 bcsId: 0} | ret=SUCCESS |  
2019-08-23 18:29:06,505 | INFO  | DNAudit | user=null | ip=null | op=WRITE_CHUNK {blockData=conID: 2 locID: 102667711053234734 bcsId: 0} | ret=SUCCESS |  
2019-08-23 18:29:06,506 | INFO  | DNAudit | user=null | ip=null | op=WRITE_CHUNK {blockData=conID: 2 locID: 102667711053234734 bcsId: 0} | ret=SUCCESS |  
2019-08-23 18:29:06,508 | INFO  | DNAudit | user=null | ip=null | op=WRITE_CHUNK {blockData=conID: 2 locID: 102667711053234734 bcsId: 0} | ret=SUCCESS |  
2019-08-23 18:29:06,509 | INFO  | DNAudit | user=null | ip=null | op=WRITE_CHUNK {blockData=conID: 2 locID: 102667711053234734 bcsId: 0} | ret=SUCCESS |  
2019-08-23 18:29:06,517 | INFO  | DNAudit | user=null | ip=null | op=WRITE_CHUNK {blockData=conID: 2 locID: 102667711053234734 bcsId: 0} | ret=SUCCESS |  
2019-08-23 18:29:06,517 | INFO  | DNAudit | user=null | ip=null | op=PUT_BLOCK {blockData=[blockId=conID: 2 locID: 102667711053234734 bcsId: 0,size=1048576]} | ret=SUCCESS |  
2019-08-23 18:29:06,518 [grpc-default-executor-5] INFO  client.GrpcClientProtocolClient (GrpcClientProtocolClient.java:onNext(255)) - client-19C32667576E->48affcab-e6e4-4602-963a-f6a50efbd54c: receive RaftClientReply:client-19C32667576E->48affcab-e6e4-4602-963a-f6a50efbd54c@group-50C56EAF5137, cid=2139, SUCCESS, logIndex=3155, commits[48affcab-e6e4-4602-963a-f6a50efbd54c:c3156, 7e391b60-07ae-4d97-a027-4756e468c032:c3154, c5f86d96-67df-4f25-bde3-316f439d30b3:c3154]
2019-08-23 18:29:06,518 | INFO  | DNAudit | user=null | ip=null | op=WRITE_CHUNK {blockData=conID: 2 locID: 102667711053234734 bcsId: 0} | ret=SUCCESS |  
2019-08-23 18:29:06,518 [grpc-default-executor-5] INFO  client.GrpcClientProtocolClient (GrpcClientProtocolClient.java:onNext(255)) - client-19C32667576E->48affcab-e6e4-4602-963a-f6a50efbd54c: receive RaftClientReply:client-19C32667576E->48affcab-e6e4-4602-963a-f6a50efbd54c@group-50C56EAF5137, cid=2140, SUCCESS, logIndex=3156, commits[48affcab-e6e4-4602-963a-f6a50efbd54c:c3156, 7e391b60-07ae-4d97-a027-4756e468c032:c3154, c5f86d96-67df-4f25-bde3-316f439d30b3:c3154]
2019-08-23 18:29:06,518 | INFO  | DNAudit | user=null | ip=null | op=PUT_BLOCK {blockData=[blockId=conID: 2 locID: 102667711053234734 bcsId: 0,size=2097152]} | ret=SUCCESS |  
2019-08-23 18:29:06,519 [grpc-default-executor-3] INFO  client.GrpcClientProtocolClient (GrpcClientProtocolClient.java:onNext(255)) - client-19C32667576E->48affcab-e6e4-4602-963a-f6a50efbd54c: receive RaftClientReply:client-19C32667576E->48affcab-e6e4-4602-963a-f6a50efbd54c@group-50C56EAF5137, cid=2141, SUCCESS, logIndex=3157, commits[48affcab-e6e4-4602-963a-f6a50efbd54c:c3158, 7e391b60-07ae-4d97-a027-4756e468c032:c3154, c5f86d96-67df-4f25-bde3-316f439d30b3:c3154]
2019-08-23 18:29:06,519 | INFO  | DNAudit | user=null | ip=null | op=WRITE_CHUNK {blockData=conID: 2 locID: 102667711053234734 bcsId: 0} | ret=SUCCESS |  
2019-08-23 18:29:06,519 | INFO  | DNAudit | user=null | ip=null | op=PUT_BLOCK {blockData=[blockId=conID: 2 locID: 102667711053234734 bcsId: 0,size=1048576]} | ret=SUCCESS |  
2019-08-23 18:29:06,519 [grpc-default-executor-3] INFO  client.GrpcClientProtocolClient (GrpcClientProtocolClient.java:onNext(255)) - client-19C32667576E->48affcab-e6e4-4602-963a-f6a50efbd54c: receive RaftClientReply:client-19C32667576E->48affcab-e6e4-4602-963a-f6a50efbd54c@group-50C56EAF5137, cid=2142, SUCCESS, logIndex=3158, commits[48affcab-e6e4-4602-963a-f6a50efbd54c:c3158, 7e391b60-07ae-4d97-a027-4756e468c032:c3154, c5f86d96-67df-4f25-bde3-316f439d30b3:c3154]
2019-08-23 18:29:06,519 | INFO  | DNAudit | user=null | ip=null | op=WRITE_CHUNK {blockData=conID: 2 locID: 102667711053234734 bcsId: 0} | ret=SUCCESS |  
2019-08-23 18:29:06,520 | INFO  | DNAudit | user=null | ip=null | op=PUT_BLOCK {blockData=[blockId=conID: 2 locID: 102667711053234734 bcsId: 0,size=1048576]} | ret=SUCCESS |  
2019-08-23 18:29:06,520 | INFO  | DNAudit | user=null | ip=null | op=WRITE_CHUNK {blockData=conID: 2 locID: 102667711053234734 bcsId: 0} | ret=SUCCESS |  
2019-08-23 18:29:06,520 | INFO  | DNAudit | user=null | ip=null | op=WRITE_CHUNK {blockData=conID: 2 locID: 102667711053234734 bcsId: 0} | ret=SUCCESS |  
2019-08-23 18:29:06,520 | INFO  | DNAudit | user=null | ip=null | op=PUT_BLOCK {blockData=[blockId=conID: 2 locID: 102667711053234734 bcsId: 0,size=2097152]} | ret=SUCCESS |  
2019-08-23 18:29:06,520 [grpc-default-executor-3] INFO  client.GrpcClientProtocolClient (GrpcClientProtocolClient.java:onNext(255)) - client-19C32667576E->48affcab-e6e4-4602-963a-f6a50efbd54c: receive RaftClientReply:client-19C32667576E->48affcab-e6e4-4602-963a-f6a50efbd54c@group-50C56EAF5137, cid=2143, SUCCESS, logIndex=0, commits[48affcab-e6e4-4602-963a-f6a50efbd54c:c3161, 7e391b60-07ae-4d97-a027-4756e468c032:c3157, c5f86d96-67df-4f25-bde3-316f439d30b3:c3156]
2019-08-23 18:29:06,520 | INFO  | DNAudit | user=null | ip=null | op=PUT_BLOCK {blockData=[blockId=conID: 2 locID: 102667711053234734 bcsId: 0,size=2097152]} | ret=SUCCESS |  
2019-08-23 18:29:06,526 | INFO  | DNAudit | user=null | ip=null | op=WRITE_CHUNK {blockData=conID: 2 locID: 102667711053234734 bcsId: 3158} | ret=SUCCESS |  
2019-08-23 18:29:06,529 | INFO  | DNAudit | user=null | ip=null | op=WRITE_CHUNK {blockData=conID: 2 locID: 102667711053234734 bcsId: 3158} | ret=SUCCESS |  
2019-08-23 18:29:06,529 | INFO  | DNAudit | user=null | ip=null | op=WRITE_CHUNK {blockData=conID: 2 locID: 102667711053234734 bcsId: 3158} | ret=SUCCESS |  
2019-08-23 18:29:06,540 | INFO  | DNAudit | user=null | ip=null | op=WRITE_CHUNK {blockData=conID: 2 locID: 102667711053234734 bcsId: 3158} | ret=SUCCESS |  
2019-08-23 18:29:06,541 | INFO  | DNAudit | user=null | ip=null | op=PUT_BLOCK {blockData=[blockId=conID: 2 locID: 102667711053234734 bcsId: 0,size=3145728]} | ret=SUCCESS |  
2019-08-23 18:29:06,541 [grpc-default-executor-3] INFO  client.GrpcClientProtocolClient (GrpcClientProtocolClient.java:onNext(255)) - client-19C32667576E->48affcab-e6e4-4602-963a-f6a50efbd54c: receive RaftClientReply:client-19C32667576E->48affcab-e6e4-4602-963a-f6a50efbd54c@group-50C56EAF5137, cid=2144, SUCCESS, logIndex=3163, commits[48affcab-e6e4-4602-963a-f6a50efbd54c:c3164, 7e391b60-07ae-4d97-a027-4756e468c032:c3162, c5f86d96-67df-4f25-bde3-316f439d30b3:c3162]
2019-08-23 18:29:06,541 [grpc-default-executor-3] INFO  client.GrpcClientProtocolClient (GrpcClientProtocolClient.java:onNext(255)) - client-19C32667576E->48affcab-e6e4-4602-963a-f6a50efbd54c: receive RaftClientReply:client-19C32667576E->48affcab-e6e4-4602-963a-f6a50efbd54c@group-50C56EAF5137, cid=2145, SUCCESS, logIndex=3164, commits[48affcab-e6e4-4602-963a-f6a50efbd54c:c3164, 7e391b60-07ae-4d97-a027-4756e468c032:c3162, c5f86d96-67df-4f25-bde3-316f439d30b3:c3162]
2019-08-23 18:29:06,546 | INFO  | DNAudit | user=null | ip=null | op=WRITE_CHUNK {blockData=conID: 2 locID: 102667711053234734 bcsId: 3164} | ret=SUCCESS |  
2019-08-23 18:29:06,549 | INFO  | DNAudit | user=null | ip=null | op=WRITE_CHUNK {blockData=conID: 2 locID: 102667711053234734 bcsId: 3164} | ret=SUCCESS |  
2019-08-23 18:29:06,550 | INFO  | DNAudit | user=null | ip=null | op=WRITE_CHUNK {blockData=conID: 2 locID: 102667711053234734 bcsId: 3158} | ret=SUCCESS |  
2019-08-23 18:29:06,550 | INFO  | DNAudit | user=null | ip=null | op=WRITE_CHUNK {blockData=conID: 2 locID: 102667711053234734 bcsId: 3164} | ret=SUCCESS |  
2019-08-23 18:29:06,550 | INFO  | DNAudit | user=null | ip=null | op=PUT_BLOCK {blockData=[blockId=conID: 2 locID: 102667711053234734 bcsId: 0,size=3145728]} | ret=SUCCESS |  
2019-08-23 18:29:06,550 | INFO  | DNAudit | user=null | ip=null | op=WRITE_CHUNK {blockData=conID: 2 locID: 102667711053234734 bcsId: 3158} | ret=SUCCESS |  
2019-08-23 18:29:06,550 | INFO  | DNAudit | user=null | ip=null | op=PUT_BLOCK {blockData=[blockId=conID: 2 locID: 102667711053234734 bcsId: 0,size=3145728]} | ret=SUCCESS |  
2019-08-23 18:29:06,551 | INFO  | DNAudit | user=null | ip=null | op=WRITE_CHUNK {blockData=conID: 2 locID: 102667711053234734 bcsId: 3164} | ret=SUCCESS |  
2019-08-23 18:29:06,552 | INFO  | DNAudit | user=null | ip=null | op=PUT_BLOCK {blockData=[blockId=conID: 2 locID: 102667711053234734 bcsId: 0,size=4194304]} | ret=SUCCESS |  
2019-08-23 18:29:06,552 [grpc-default-executor-5] INFO  client.GrpcClientProtocolClient (GrpcClientProtocolClient.java:onNext(255)) - client-19C32667576E->48affcab-e6e4-4602-963a-f6a50efbd54c: receive RaftClientReply:client-19C32667576E->48affcab-e6e4-4602-963a-f6a50efbd54c@group-50C56EAF5137, cid=2146, SUCCESS, logIndex=3167, commits[48affcab-e6e4-4602-963a-f6a50efbd54c:c3168, 7e391b60-07ae-4d97-a027-4756e468c032:c3164, c5f86d96-67df-4f25-bde3-316f439d30b3:c3164]
2019-08-23 18:29:06,552 [grpc-default-executor-5] INFO  client.GrpcClientProtocolClient (GrpcClientProtocolClient.java:onNext(255)) - client-19C32667576E->48affcab-e6e4-4602-963a-f6a50efbd54c: receive RaftClientReply:client-19C32667576E->48affcab-e6e4-4602-963a-f6a50efbd54c@group-50C56EAF5137, cid=2147, SUCCESS, logIndex=3168, commits[48affcab-e6e4-4602-963a-f6a50efbd54c:c3168, 7e391b60-07ae-4d97-a027-4756e468c032:c3164, c5f86d96-67df-4f25-bde3-316f439d30b3:c3164]
2019-08-23 18:29:06,553 | INFO  | DNAudit | user=null | ip=null | op=WRITE_CHUNK {blockData=conID: 2 locID: 102667711053234734 bcsId: 3164} | ret=SUCCESS |  
2019-08-23 18:29:06,553 | INFO  | DNAudit | user=null | ip=null | op=WRITE_CHUNK {blockData=conID: 2 locID: 102667711053234734 bcsId: 3164} | ret=SUCCESS |  
2019-08-23 18:29:06,553 | INFO  | DNAudit | user=null | ip=null | op=PUT_BLOCK {blockData=[blockId=conID: 2 locID: 102667711053234734 bcsId: 0,size=4194304]} | ret=SUCCESS |  
2019-08-23 18:29:06,554 | INFO  | DNAudit | user=null | ip=null | op=PUT_BLOCK {blockData=[blockId=conID: 2 locID: 102667711053234734 bcsId: 0,size=4194304]} | ret=SUCCESS |  
2019-08-23 18:29:06,555 [grpc-default-executor-5] INFO  client.GrpcClientProtocolClient (GrpcClientProtocolClient.java:onNext(255)) - client-19C32667576E->48affcab-e6e4-4602-963a-f6a50efbd54c: receive RaftClientReply:client-19C32667576E->48affcab-e6e4-4602-963a-f6a50efbd54c@group-50C56EAF5137, cid=2148, SUCCESS, logIndex=0, commits[48affcab-e6e4-4602-963a-f6a50efbd54c:c3170, 7e391b60-07ae-4d97-a027-4756e468c032:c3168, c5f86d96-67df-4f25-bde3-316f439d30b3:c3168]
2019-08-23 18:29:06,559 | INFO  | SCMAudit | user=jenkins1000 | ip=192.168.34.23 | op=ALLOCATE_BLOCK {owner=1ceb8b80-28f1-43fd-86c3-175afc07b8d1, size=4194304, type=RATIS, factor=THREE} | ret=SUCCESS |  
2019-08-23 18:29:06,562 | INFO  | OMAudit | user=jenkins1000 | ip=127.0.0.1 | op=ALLOCATE_BLOCK {volume=vol-0-45438, bucket=bucket-0-23891, key=key-0-22455, dataSize=0, replicationType=null, replicationFactor=null, keyLocationInfo=null, clientID=102667710122492306} | ret=SUCCESS |  
2019-08-23 18:29:06,567 | INFO  | DNAudit | user=null | ip=null | op=WRITE_CHUNK {blockData=conID: 3 locID: 102667711057691183 bcsId: 0} | ret=SUCCESS |  
2019-08-23 18:29:06,569 | INFO  | DNAudit | user=null | ip=null | op=WRITE_CHUNK {blockData=conID: 3 locID: 102667711057691183 bcsId: 0} | ret=SUCCESS |  
2019-08-23 18:29:06,569 | INFO  | DNAudit | user=null | ip=null | op=WRITE_CHUNK {blockData=conID: 3 locID: 102667711057691183 bcsId: 0} | ret=SUCCESS |  
2019-08-23 18:29:06,569 | INFO  | DNAudit | user=null | ip=null | op=WRITE_CHUNK {blockData=conID: 3 locID: 102667711057691183 bcsId: 0} | ret=SUCCESS |  
2019-08-23 18:29:06,573 | INFO  | DNAudit | user=null | ip=null | op=WRITE_CHUNK {blockData=conID: 3 locID: 102667711057691183 bcsId: 0} | ret=SUCCESS |  
2019-08-23 18:29:06,574 | INFO  | DNAudit | user=null | ip=null | op=WRITE_CHUNK {blockData=conID: 3 locID: 102667711057691183 bcsId: 0} | ret=SUCCESS |  
2019-08-23 18:29:06,580 | INFO  | DNAudit | user=null | ip=null | op=WRITE_CHUNK {blockData=conID: 3 locID: 102667711057691183 bcsId: 0} | ret=SUCCESS |  
2019-08-23 18:29:06,580 | INFO  | DNAudit | user=null | ip=null | op=PUT_BLOCK {blockData=[blockId=conID: 3 locID: 102667711057691183 bcsId: 0,size=1048576]} | ret=SUCCESS |  
2019-08-23 18:29:06,581 [grpc-default-executor-3] INFO  client.GrpcClientProtocolClient (GrpcClientProtocolClient.java:onNext(255)) - client-19C32667576E->48affcab-e6e4-4602-963a-f6a50efbd54c: receive RaftClientReply:client-19C32667576E->48affcab-e6e4-4602-963a-f6a50efbd54c@group-50C56EAF5137, cid=2149, SUCCESS, logIndex=3171, commits[48affcab-e6e4-4602-963a-f6a50efbd54c:c3172, 7e391b60-07ae-4d97-a027-4756e468c032:c3170, c5f86d96-67df-4f25-bde3-316f439d30b3:c3170]
2019-08-23 18:29:06,581 [grpc-default-executor-3] INFO  client.GrpcClientProtocolClient (GrpcClientProtocolClient.java:onNext(255)) - client-19C32667576E->48affcab-e6e4-4602-963a-f6a50efbd54c: receive RaftClientReply:client-19C32667576E->48affcab-e6e4-4602-963a-f6a50efbd54c@group-50C56EAF5137, cid=2150, SUCCESS, logIndex=3172, commits[48affcab-e6e4-4602-963a-f6a50efbd54c:c3172, 7e391b60-07ae-4d97-a027-4756e468c032:c3170, c5f86d96-67df-4f25-bde3-316f439d30b3:c3170]
2019-08-23 18:29:06,590 | INFO  | DNAudit | user=null | ip=null | op=WRITE_CHUNK {blockData=conID: 3 locID: 102667711057691183 bcsId: 0} | ret=SUCCESS |  
2019-08-23 18:29:06,590 | INFO  | DNAudit | user=null | ip=null | op=PUT_BLOCK {blockData=[blockId=conID: 3 locID: 102667711057691183 bcsId: 0,size=2097152]} | ret=SUCCESS |  
2019-08-23 18:29:06,590 [grpc-default-executor-3] INFO  client.GrpcClientProtocolClient (GrpcClientProtocolClient.java:onNext(255)) - client-19C32667576E->48affcab-e6e4-4602-963a-f6a50efbd54c: receive RaftClientReply:client-19C32667576E->48affcab-e6e4-4602-963a-f6a50efbd54c@group-50C56EAF5137, cid=2151, SUCCESS, logIndex=3173, commits[48affcab-e6e4-4602-963a-f6a50efbd54c:c3174, 7e391b60-07ae-4d97-a027-4756e468c032:c3170, c5f86d96-67df-4f25-bde3-316f439d30b3:c3170]
2019-08-23 18:29:06,590 | INFO  | DNAudit | user=null | ip=null | op=WRITE_CHUNK {blockData=conID: 3 locID: 102667711057691183 bcsId: 0} | ret=SUCCESS |  
2019-08-23 18:29:06,591 | INFO  | DNAudit | user=null | ip=null | op=PUT_BLOCK {blockData=[blockId=conID: 3 locID: 102667711057691183 bcsId: 0,size=1048576]} | ret=SUCCESS |  
2019-08-23 18:29:06,591 | INFO  | DNAudit | user=null | ip=null | op=WRITE_CHUNK {blockData=conID: 3 locID: 102667711057691183 bcsId: 0} | ret=SUCCESS |  
2019-08-23 18:29:06,591 | INFO  | DNAudit | user=null | ip=null | op=PUT_BLOCK {blockData=[blockId=conID: 3 locID: 102667711057691183 bcsId: 0,size=1048576]} | ret=SUCCESS |  
2019-08-23 18:29:06,590 [grpc-default-executor-3] INFO  client.GrpcClientProtocolClient (GrpcClientProtocolClient.java:onNext(255)) - client-19C32667576E->48affcab-e6e4-4602-963a-f6a50efbd54c: receive RaftClientReply:client-19C32667576E->48affcab-e6e4-4602-963a-f6a50efbd54c@group-50C56EAF5137, cid=2152, SUCCESS, logIndex=3174, commits[48affcab-e6e4-4602-963a-f6a50efbd54c:c3174, 7e391b60-07ae-4d97-a027-4756e468c032:c3170, c5f86d96-67df-4f25-bde3-316f439d30b3:c3170]
2019-08-23 18:29:06,592 [grpc-default-executor-3] INFO  client.GrpcClientProtocolClient (GrpcClientProtocolClient.java:onNext(255)) - client-19C32667576E->48affcab-e6e4-4602-963a-f6a50efbd54c: receive RaftClientReply:client-19C32667576E->48affcab-e6e4-4602-963a-f6a50efbd54c@group-50C56EAF5137, cid=2153, SUCCESS, logIndex=0, commits[48affcab-e6e4-4602-963a-f6a50efbd54c:c3176, 7e391b60-07ae-4d97-a027-4756e468c032:c3172, c5f86d96-67df-4f25-bde3-316f439d30b3:c3172]
2019-08-23 18:29:06,592 | INFO  | DNAudit | user=null | ip=null | op=WRITE_CHUNK {blockData=conID: 3 locID: 102667711057691183 bcsId: 0} | ret=SUCCESS |  
2019-08-23 18:29:06,592 | INFO  | DNAudit | user=null | ip=null | op=WRITE_CHUNK {blockData=conID: 3 locID: 102667711057691183 bcsId: 0} | ret=SUCCESS |  
2019-08-23 18:29:06,592 | INFO  | DNAudit | user=null | ip=null | op=PUT_BLOCK {blockData=[blockId=conID: 3 locID: 102667711057691183 bcsId: 0,size=2097152]} | ret=SUCCESS |  
2019-08-23 18:29:06,593 | INFO  | DNAudit | user=null | ip=null | op=PUT_BLOCK {blockData=[blockId=conID: 3 locID: 102667711057691183 bcsId: 0,size=2097152]} | ret=SUCCESS |  
2019-08-23 18:29:06,597 | INFO  | DNAudit | user=null | ip=null | op=WRITE_CHUNK {blockData=conID: 3 locID: 102667711057691183 bcsId: 3174} | ret=SUCCESS |  
2019-08-23 18:29:06,599 | INFO  | DNAudit | user=null | ip=null | op=WRITE_CHUNK {blockData=conID: 3 locID: 102667711057691183 bcsId: 3174} | ret=SUCCESS |  
2019-08-23 18:29:06,600 | INFO  | DNAudit | user=null | ip=null | op=WRITE_CHUNK {blockData=conID: 3 locID: 102667711057691183 bcsId: 3174} | ret=SUCCESS |  
2019-08-23 18:29:06,610 | INFO  | DNAudit | user=null | ip=null | op=WRITE_CHUNK {blockData=conID: 3 locID: 102667711057691183 bcsId: 3174} | ret=SUCCESS |  
2019-08-23 18:29:06,610 | INFO  | DNAudit | user=null | ip=null | op=PUT_BLOCK {blockData=[blockId=conID: 3 locID: 102667711057691183 bcsId: 0,size=3145728]} | ret=SUCCESS |  
2019-08-23 18:29:06,610 [grpc-default-executor-3] INFO  client.GrpcClientProtocolClient (GrpcClientProtocolClient.java:onNext(255)) - client-19C32667576E->48affcab-e6e4-4602-963a-f6a50efbd54c: receive RaftClientReply:client-19C32667576E->48affcab-e6e4-4602-963a-f6a50efbd54c@group-50C56EAF5137, cid=2154, SUCCESS, logIndex=3179, commits[48affcab-e6e4-4602-963a-f6a50efbd54c:c3180, 7e391b60-07ae-4d97-a027-4756e468c032:c3178, c5f86d96-67df-4f25-bde3-316f439d30b3:c3178]
2019-08-23 18:29:06,610 [grpc-default-executor-3] INFO  client.GrpcClientProtocolClient (GrpcClientProtocolClient.java:onNext(255)) - client-19C32667576E->48affcab-e6e4-4602-963a-f6a50efbd54c: receive RaftClientReply:client-19C32667576E->48affcab-e6e4-4602-963a-f6a50efbd54c@group-50C56EAF5137, cid=2155, SUCCESS, logIndex=3180, commits[48affcab-e6e4-4602-963a-f6a50efbd54c:c3180, 7e391b60-07ae-4d97-a027-4756e468c032:c3178, c5f86d96-67df-4f25-bde3-316f439d30b3:c3178]
2019-08-23 18:29:06,617 | INFO  | DNAudit | user=null | ip=null | op=WRITE_CHUNK {blockData=conID: 3 locID: 102667711057691183 bcsId: 3180} | ret=SUCCESS |  
2019-08-23 18:29:06,620 | INFO  | DNAudit | user=null | ip=null | op=WRITE_CHUNK {blockData=conID: 3 locID: 102667711057691183 bcsId: 3180} | ret=SUCCESS |  
2019-08-23 18:29:06,620 | INFO  | DNAudit | user=null | ip=null | op=WRITE_CHUNK {blockData=conID: 3 locID: 102667711057691183 bcsId: 3180} | ret=SUCCESS |  
2019-08-23 18:29:06,621 | INFO  | DNAudit | user=null | ip=null | op=WRITE_CHUNK {blockData=conID: 3 locID: 102667711057691183 bcsId: 3174} | ret=SUCCESS |  
2019-08-23 18:29:06,621 | INFO  | DNAudit | user=null | ip=null | op=WRITE_CHUNK {blockData=conID: 3 locID: 102667711057691183 bcsId: 3174} | ret=SUCCESS |  
2019-08-23 18:29:06,623 | INFO  | DNAudit | user=null | ip=null | op=PUT_BLOCK {blockData=[blockId=conID: 3 locID: 102667711057691183 bcsId: 0,size=3145728]} | ret=SUCCESS |  
2019-08-23 18:29:06,623 | INFO  | DNAudit | user=null | ip=null | op=PUT_BLOCK {blockData=[blockId=conID: 3 locID: 102667711057691183 bcsId: 0,size=3145728]} | ret=SUCCESS |  
2019-08-23 18:29:06,623 | INFO  | DNAudit | user=null | ip=null | op=WRITE_CHUNK {blockData=conID: 3 locID: 102667711057691183 bcsId: 3180} | ret=SUCCESS |  
2019-08-23 18:29:06,623 | INFO  | DNAudit | user=null | ip=null | op=PUT_BLOCK {blockData=[blockId=conID: 3 locID: 102667711057691183 bcsId: 0,size=4194304]} | ret=SUCCESS |  
2019-08-23 18:29:06,623 [grpc-default-executor-0] INFO  client.GrpcClientProtocolClient (GrpcClientProtocolClient.java:onNext(255)) - client-19C32667576E->48affcab-e6e4-4602-963a-f6a50efbd54c: receive RaftClientReply:client-19C32667576E->48affcab-e6e4-4602-963a-f6a50efbd54c@group-50C56EAF5137, cid=2156, SUCCESS, logIndex=3183, commits[48affcab-e6e4-4602-963a-f6a50efbd54c:c3184, 7e391b60-07ae-4d97-a027-4756e468c032:c3180, c5f86d96-67df-4f25-bde3-316f439d30b3:c3180]
2019-08-23 18:29:06,624 [grpc-default-executor-0] INFO  client.GrpcClientProtocolClient (GrpcClientProtocolClient.java:onNext(255)) - client-19C32667576E->48affcab-e6e4-4602-963a-f6a50efbd54c: receive RaftClientReply:client-19C32667576E->48affcab-e6e4-4602-963a-f6a50efbd54c@group-50C56EAF5137, cid=2157, SUCCESS, logIndex=3184, commits[48affcab-e6e4-4602-963a-f6a50efbd54c:c3184, 7e391b60-07ae-4d97-a027-4756e468c032:c3180, c5f86d96-67df-4f25-bde3-316f439d30b3:c3180]
2019-08-23 18:29:06,624 | INFO  | DNAudit | user=null | ip=null | op=WRITE_CHUNK {blockData=conID: 3 locID: 102667711057691183 bcsId: 3180} | ret=SUCCESS |  
2019-08-23 18:29:06,624 | INFO  | DNAudit | user=null | ip=null | op=WRITE_CHUNK {blockData=conID: 3 locID: 102667711057691183 bcsId: 3180} | ret=SUCCESS |  
2019-08-23 18:29:06,625 | INFO  | DNAudit | user=null | ip=null | op=PUT_BLOCK {blockData=[blockId=conID: 3 locID: 102667711057691183 bcsId: 0,size=4194304]} | ret=SUCCESS |  
2019-08-23 18:29:06,625 | INFO  | DNAudit | user=null | ip=null | op=PUT_BLOCK {blockData=[blockId=conID: 3 locID: 102667711057691183 bcsId: 0,size=4194304]} | ret=SUCCESS |  
2019-08-23 18:29:06,626 [grpc-default-executor-3] INFO  client.GrpcClientProtocolClient (GrpcClientProtocolClient.java:onNext(255)) - client-19C32667576E->48affcab-e6e4-4602-963a-f6a50efbd54c: receive RaftClientReply:client-19C32667576E->48affcab-e6e4-4602-963a-f6a50efbd54c@group-50C56EAF5137, cid=2158, SUCCESS, logIndex=0, commits[48affcab-e6e4-4602-963a-f6a50efbd54c:c3186, 7e391b60-07ae-4d97-a027-4756e468c032:c3184, c5f86d96-67df-4f25-bde3-316f439d30b3:c3184]
2019-08-23 18:29:06,631 | INFO  | SCMAudit | user=jenkins1000 | ip=192.168.34.23 | op=ALLOCATE_BLOCK {owner=1ceb8b80-28f1-43fd-86c3-175afc07b8d1, size=4194304, type=RATIS, factor=THREE} | ret=SUCCESS |  
2019-08-23 18:29:06,634 | INFO  | OMAudit | user=jenkins1000 | ip=127.0.0.1 | op=ALLOCATE_BLOCK {volume=vol-0-45438, bucket=bucket-0-23891, key=key-0-22455, dataSize=0, replicationType=null, replicationFactor=null, keyLocationInfo=null, clientID=102667710122492306} | ret=SUCCESS |  
2019-08-23 18:29:06,640 | INFO  | DNAudit | user=null | ip=null | op=WRITE_CHUNK {blockData=conID: 1 locID: 102667711062409776 bcsId: 0} | ret=SUCCESS |  
2019-08-23 18:29:06,643 | INFO  | DNAudit | user=null | ip=null | op=WRITE_CHUNK {blockData=conID: 1 locID: 102667711062409776 bcsId: 0} | ret=SUCCESS |  
2019-08-23 18:29:06,643 | INFO  | DNAudit | user=null | ip=null | op=WRITE_CHUNK {blockData=conID: 1 locID: 102667711062409776 bcsId: 0} | ret=SUCCESS |  
2019-08-23 18:29:06,643 | INFO  | DNAudit | user=null | ip=null | op=WRITE_CHUNK {blockData=conID: 1 locID: 102667711062409776 bcsId: 0} | ret=SUCCESS |  
2019-08-23 18:29:06,645 | INFO  | DNAudit | user=null | ip=null | op=WRITE_CHUNK {blockData=conID: 1 locID: 102667711062409776 bcsId: 0} | ret=SUCCESS |  
2019-08-23 18:29:06,645 | INFO  | DNAudit | user=null | ip=null | op=WRITE_CHUNK {blockData=conID: 1 locID: 102667711062409776 bcsId: 0} | ret=SUCCESS |  
2019-08-23 18:29:06,652 | INFO  | DNAudit | user=null | ip=null | op=WRITE_CHUNK {blockData=conID: 1 locID: 102667711062409776 bcsId: 0} | ret=SUCCESS |  
2019-08-23 18:29:06,653 | INFO  | DNAudit | user=null | ip=null | op=PUT_BLOCK {blockData=[blockId=conID: 1 locID: 102667711062409776 bcsId: 0,size=1048576]} | ret=SUCCESS |  
2019-08-23 18:29:06,653 [grpc-default-executor-4] INFO  client.GrpcClientProtocolClient (GrpcClientProtocolClient.java:onNext(255)) - client-19C32667576E->48affcab-e6e4-4602-963a-f6a50efbd54c: receive RaftClientReply:client-19C32667576E->48affcab-e6e4-4602-963a-f6a50efbd54c@group-50C56EAF5137, cid=2159, SUCCESS, logIndex=3187, commits[48affcab-e6e4-4602-963a-f6a50efbd54c:c3188, 7e391b60-07ae-4d97-a027-4756e468c032:c3186, c5f86d96-67df-4f25-bde3-316f439d30b3:c3186]
2019-08-23 18:29:06,653 | INFO  | DNAudit | user=null | ip=null | op=WRITE_CHUNK {blockData=conID: 1 locID: 102667711062409776 bcsId: 0} | ret=SUCCESS |  
2019-08-23 18:29:06,654 [grpc-default-executor-4] INFO  client.GrpcClientProtocolClient (GrpcClientProtocolClient.java:onNext(255)) - client-19C32667576E->48affcab-e6e4-4602-963a-f6a50efbd54c: receive RaftClientReply:client-19C32667576E->48affcab-e6e4-4602-963a-f6a50efbd54c@group-50C56EAF5137, cid=2160, SUCCESS, logIndex=3188, commits[48affcab-e6e4-4602-963a-f6a50efbd54c:c3189, 7e391b60-07ae-4d97-a027-4756e468c032:c3186, c5f86d96-67df-4f25-bde3-316f439d30b3:c3186]
2019-08-23 18:29:06,654 | INFO  | DNAudit | user=null | ip=null | op=PUT_BLOCK {blockData=[blockId=conID: 1 locID: 102667711062409776 bcsId: 0,size=2097152]} | ret=SUCCESS |  
2019-08-23 18:29:06,654 [grpc-default-executor-4] INFO  client.GrpcClientProtocolClient (GrpcClientProtocolClient.java:onNext(255)) - client-19C32667576E->48affcab-e6e4-4602-963a-f6a50efbd54c: receive RaftClientReply:client-19C32667576E->48affcab-e6e4-4602-963a-f6a50efbd54c@group-50C56EAF5137, cid=2161, SUCCESS, logIndex=3189, commits[48affcab-e6e4-4602-963a-f6a50efbd54c:c3190, 7e391b60-07ae-4d97-a027-4756e468c032:c3186, c5f86d96-67df-4f25-bde3-316f439d30b3:c3186]
2019-08-23 18:29:06,654 [grpc-default-executor-4] INFO  client.GrpcClientProtocolClient (GrpcClientProtocolClient.java:onNext(255)) - client-19C32667576E->48affcab-e6e4-4602-963a-f6a50efbd54c: receive RaftClientReply:client-19C32667576E->48affcab-e6e4-4602-963a-f6a50efbd54c@group-50C56EAF5137, cid=2162, SUCCESS, logIndex=3190, commits[48affcab-e6e4-4602-963a-f6a50efbd54c:c3190, 7e391b60-07ae-4d97-a027-4756e468c032:c3186, c5f86d96-67df-4f25-bde3-316f439d30b3:c3186]
 0.00% |█                                                                                                    |  0/1 Time: 0:00:142019-08-23 18:29:06,663 | INFO  | SCMAudit | user=jenkins1000 | ip=192.168.34.23 | op=SEND_HEARTBEAT {datanodeUUID=c83cddd0-22b5-491d-bff0-a36373498de2, command=[]} | ret=SUCCESS |  
2019-08-23 18:29:06,666 | INFO  | DNAudit | user=null | ip=null | op=WRITE_CHUNK {blockData=conID: 1 locID: 102667711062409776 bcsId: 0} | ret=SUCCESS |  
2019-08-23 18:29:06,666 | INFO  | DNAudit | user=null | ip=null | op=PUT_BLOCK {blockData=[blockId=conID: 1 locID: 102667711062409776 bcsId: 0,size=1048576]} | ret=SUCCESS |  
2019-08-23 18:29:06,666 | INFO  | DNAudit | user=null | ip=null | op=WRITE_CHUNK {blockData=conID: 1 locID: 102667711062409776 bcsId: 0} | ret=SUCCESS |  
2019-08-23 18:29:06,667 | INFO  | DNAudit | user=null | ip=null | op=PUT_BLOCK {blockData=[blockId=conID: 1 locID: 102667711062409776 bcsId: 0,size=1048576]} | ret=SUCCESS |  
2019-08-23 18:29:06,667 | INFO  | DNAudit | user=null | ip=null | op=WRITE_CHUNK {blockData=conID: 1 locID: 102667711062409776 bcsId: 0} | ret=SUCCESS |  
2019-08-23 18:29:06,667 | INFO  | DNAudit | user=null | ip=null | op=WRITE_CHUNK {blockData=conID: 1 locID: 102667711062409776 bcsId: 0} | ret=SUCCESS |  
2019-08-23 18:29:06,667 | INFO  | DNAudit | user=null | ip=null | op=PUT_BLOCK {blockData=[blockId=conID: 1 locID: 102667711062409776 bcsId: 0,size=2097152]} | ret=SUCCESS |  
2019-08-23 18:29:06,667 [grpc-default-executor-4] INFO  client.GrpcClientProtocolClient (GrpcClientProtocolClient.java:onNext(255)) - client-19C32667576E->48affcab-e6e4-4602-963a-f6a50efbd54c: receive RaftClientReply:client-19C32667576E->48affcab-e6e4-4602-963a-f6a50efbd54c@group-50C56EAF5137, cid=2163, SUCCESS, logIndex=0, commits[48affcab-e6e4-4602-963a-f6a50efbd54c:c3192, 7e391b60-07ae-4d97-a027-4756e468c032:c3188, c5f86d96-67df-4f25-bde3-316f439d30b3:c3188]
2019-08-23 18:29:06,667 | INFO  | DNAudit | user=null | ip=null | op=PUT_BLOCK {blockData=[blockId=conID: 1 locID: 102667711062409776 bcsId: 0,size=2097152]} | ret=SUCCESS |  
2019-08-23 18:29:06,673 | INFO  | DNAudit | user=null | ip=null | op=WRITE_CHUNK {blockData=conID: 1 locID: 102667711062409776 bcsId: 3190} | ret=SUCCESS |  
2019-08-23 18:29:06,675 | INFO  | DNAudit | user=null | ip=null | op=WRITE_CHUNK {blockData=conID: 1 locID: 102667711062409776 bcsId: 3190} | ret=SUCCESS |  
2019-08-23 18:29:06,675 | INFO  | DNAudit | user=null | ip=null | op=WRITE_CHUNK {blockData=conID: 1 locID: 102667711062409776 bcsId: 3190} | ret=SUCCESS |  
2019-08-23 18:29:06,685 | INFO  | DNAudit | user=null | ip=null | op=WRITE_CHUNK {blockData=conID: 1 locID: 102667711062409776 bcsId: 3190} | ret=SUCCESS |  
2019-08-23 18:29:06,686 | INFO  | DNAudit | user=null | ip=null | op=PUT_BLOCK {blockData=[blockId=conID: 1 locID: 102667711062409776 bcsId: 0,size=3145728]} | ret=SUCCESS |  
2019-08-23 18:29:06,686 [grpc-default-executor-4] INFO  client.GrpcClientProtocolClient (GrpcClientProtocolClient.java:onNext(255)) - client-19C32667576E->48affcab-e6e4-4602-963a-f6a50efbd54c: receive RaftClientReply:client-19C32667576E->48affcab-e6e4-4602-963a-f6a50efbd54c@group-50C56EAF5137, cid=2164, SUCCESS, logIndex=3195, commits[48affcab-e6e4-4602-963a-f6a50efbd54c:c3196, 7e391b60-07ae-4d97-a027-4756e468c032:c3194, c5f86d96-67df-4f25-bde3-316f439d30b3:c3194]
2019-08-23 18:29:06,687 [grpc-default-executor-4] INFO  client.GrpcClientProtocolClient (GrpcClientProtocolClient.java:onNext(255)) - client-19C32667576E->48affcab-e6e4-4602-963a-f6a50efbd54c: receive RaftClientReply:client-19C32667576E->48affcab-e6e4-4602-963a-f6a50efbd54c@group-50C56EAF5137, cid=2165, SUCCESS, logIndex=3196, commits[48affcab-e6e4-4602-963a-f6a50efbd54c:c3196, 7e391b60-07ae-4d97-a027-4756e468c032:c3194, c5f86d96-67df-4f25-bde3-316f439d30b3:c3194]
2019-08-23 18:29:06,692 | INFO  | DNAudit | user=null | ip=null | op=WRITE_CHUNK {blockData=conID: 1 locID: 102667711062409776 bcsId: 3196} | ret=SUCCESS |  
2019-08-23 18:29:06,695 | INFO  | DNAudit | user=null | ip=null | op=WRITE_CHUNK {blockData=conID: 1 locID: 102667711062409776 bcsId: 3196} | ret=SUCCESS |  
2019-08-23 18:29:06,696 | INFO  | DNAudit | user=null | ip=null | op=WRITE_CHUNK {blockData=conID: 1 locID: 102667711062409776 bcsId: 3196} | ret=SUCCESS |  
2019-08-23 18:29:06,697 | INFO  | DNAudit | user=null | ip=null | op=WRITE_CHUNK {blockData=conID: 1 locID: 102667711062409776 bcsId: 3190} | ret=SUCCESS |  
2019-08-23 18:29:06,697 | INFO  | DNAudit | user=null | ip=null | op=WRITE_CHUNK {blockData=conID: 1 locID: 102667711062409776 bcsId: 3190} | ret=SUCCESS |  
2019-08-23 18:29:06,697 | INFO  | DNAudit | user=null | ip=null | op=PUT_BLOCK {blockData=[blockId=conID: 1 locID: 102667711062409776 bcsId: 0,size=3145728]} | ret=SUCCESS |  
2019-08-23 18:29:06,697 | INFO  | DNAudit | user=null | ip=null | op=PUT_BLOCK {blockData=[blockId=conID: 1 locID: 102667711062409776 bcsId: 0,size=3145728]} | ret=SUCCESS |  
2019-08-23 18:29:06,700 | INFO  | DNAudit | user=null | ip=null | op=WRITE_CHUNK {blockData=conID: 1 locID: 102667711062409776 bcsId: 3196} | ret=SUCCESS |  
2019-08-23 18:29:06,700 | INFO  | DNAudit | user=null | ip=null | op=PUT_BLOCK {blockData=[blockId=conID: 1 locID: 102667711062409776 bcsId: 0,size=4194304]} | ret=SUCCESS |  
2019-08-23 18:29:06,700 [grpc-default-executor-3] INFO  client.GrpcClientProtocolClient (GrpcClientProtocolClient.java:onNext(255)) - client-19C32667576E->48affcab-e6e4-4602-963a-f6a50efbd54c: receive RaftClientReply:client-19C32667576E->48affcab-e6e4-4602-963a-f6a50efbd54c@group-50C56EAF5137, cid=2166, SUCCESS, logIndex=3199, commits[48affcab-e6e4-4602-963a-f6a50efbd54c:c3200, 7e391b60-07ae-4d97-a027-4756e468c032:c3196, c5f86d96-67df-4f25-bde3-316f439d30b3:c3196]
2019-08-23 18:29:06,700 [grpc-default-executor-3] INFO  client.GrpcClientProtocolClient (GrpcClientProtocolClient.java:onNext(255)) - client-19C32667576E->48affcab-e6e4-4602-963a-f6a50efbd54c: receive RaftClientReply:client-19C32667576E->48affcab-e6e4-4602-963a-f6a50efbd54c@group-50C56EAF5137, cid=2167, SUCCESS, logIndex=3200, commits[48affcab-e6e4-4602-963a-f6a50efbd54c:c3200, 7e391b60-07ae-4d97-a027-4756e468c032:c3196, c5f86d96-67df-4f25-bde3-316f439d30b3:c3196]
2019-08-23 18:29:06,709 | INFO  | SCMAudit | user=jenkins1000 | ip=192.168.34.23 | op=SEND_HEARTBEAT {datanodeUUID=58706fd2-d7f7-4771-af80-9e0541495c87, command=[]} | ret=SUCCESS |  
2019-08-23 18:29:06,709 | INFO  | SCMAudit | user=jenkins1000 | ip=192.168.34.23 | op=SEND_HEARTBEAT {datanodeUUID=48affcab-e6e4-4602-963a-f6a50efbd54c, command=[]} | ret=SUCCESS |  
2019-08-23 18:29:06,709 | INFO  | SCMAudit | user=jenkins1000 | ip=192.168.34.23 | op=SEND_HEARTBEAT {datanodeUUID=c5f86d96-67df-4f25-bde3-316f439d30b3, command=[]} | ret=SUCCESS |  
2019-08-23 18:29:06,709 | INFO  | SCMAudit | user=jenkins1000 | ip=192.168.34.23 | op=SEND_HEARTBEAT {datanodeUUID=7e391b60-07ae-4d97-a027-4756e468c032, command=[]} | ret=SUCCESS |  
2019-08-23 18:29:06,711 | INFO  | DNAudit | user=null | ip=null | op=WRITE_CHUNK {blockData=conID: 1 locID: 102667711062409776 bcsId: 3196} | ret=SUCCESS |  
2019-08-23 18:29:06,711 | INFO  | DNAudit | user=null | ip=null | op=WRITE_CHUNK {blockData=conID: 1 locID: 102667711062409776 bcsId: 3196} | ret=SUCCESS |  
2019-08-23 18:29:06,714 | INFO  | DNAudit | user=null | ip=null | op=PUT_BLOCK {blockData=[blockId=conID: 1 locID: 102667711062409776 bcsId: 0,size=4194304]} | ret=SUCCESS |  
2019-08-23 18:29:06,714 | INFO  | DNAudit | user=null | ip=null | op=PUT_BLOCK {blockData=[blockId=conID: 1 locID: 102667711062409776 bcsId: 0,size=4194304]} | ret=SUCCESS |  
2019-08-23 18:29:06,715 [grpc-default-executor-3] INFO  client.GrpcClientProtocolClient (GrpcClientProtocolClient.java:onNext(255)) - client-19C32667576E->48affcab-e6e4-4602-963a-f6a50efbd54c: receive RaftClientReply:client-19C32667576E->48affcab-e6e4-4602-963a-f6a50efbd54c@group-50C56EAF5137, cid=2168, SUCCESS, logIndex=0, commits[48affcab-e6e4-4602-963a-f6a50efbd54c:c3202, 7e391b60-07ae-4d97-a027-4756e468c032:c3200, c5f86d96-67df-4f25-bde3-316f439d30b3:c3200]
2019-08-23 18:29:06,718 | INFO  | SCMAudit | user=jenkins1000 | ip=192.168.34.23 | op=ALLOCATE_BLOCK {owner=1ceb8b80-28f1-43fd-86c3-175afc07b8d1, size=4194304, type=RATIS, factor=THREE} | ret=SUCCESS |  
2019-08-23 18:29:06,721 | INFO  | OMAudit | user=jenkins1000 | ip=127.0.0.1 | op=ALLOCATE_BLOCK {volume=vol-0-45438, bucket=bucket-0-23891, key=key-0-22455, dataSize=0, replicationType=null, replicationFactor=null, keyLocationInfo=null, clientID=102667710122492306} | ret=SUCCESS |  
2019-08-23 18:29:06,726 | INFO  | DNAudit | user=null | ip=null | op=WRITE_CHUNK {blockData=conID: 2 locID: 102667711068111409 bcsId: 0} | ret=SUCCESS |  
2019-08-23 18:29:06,729 | INFO  | DNAudit | user=null | ip=null | op=WRITE_CHUNK {blockData=conID: 2 locID: 102667711068111409 bcsId: 0} | ret=SUCCESS |  
2019-08-23 18:29:06,729 | INFO  | DNAudit | user=null | ip=null | op=WRITE_CHUNK {blockData=conID: 2 locID: 102667711068111409 bcsId: 0} | ret=SUCCESS |  
2019-08-23 18:29:06,729 | INFO  | DNAudit | user=null | ip=null | op=WRITE_CHUNK {blockData=conID: 2 locID: 102667711068111409 bcsId: 0} | ret=SUCCESS |  
2019-08-23 18:29:06,731 | INFO  | DNAudit | user=null | ip=null | op=WRITE_CHUNK {blockData=conID: 2 locID: 102667711068111409 bcsId: 0} | ret=SUCCESS |  
2019-08-23 18:29:06,731 | INFO  | DNAudit | user=null | ip=null | op=WRITE_CHUNK {blockData=conID: 2 locID: 102667711068111409 bcsId: 0} | ret=SUCCESS |  
2019-08-23 18:29:06,738 | INFO  | DNAudit | user=null | ip=null | op=WRITE_CHUNK {blockData=conID: 2 locID: 102667711068111409 bcsId: 0} | ret=SUCCESS |  
2019-08-23 18:29:06,739 | INFO  | DNAudit | user=null | ip=null | op=PUT_BLOCK {blockData=[blockId=conID: 2 locID: 102667711068111409 bcsId: 0,size=1048576]} | ret=SUCCESS |  
2019-08-23 18:29:06,739 [grpc-default-executor-4] INFO  client.GrpcClientProtocolClient (GrpcClientProtocolClient.java:onNext(255)) - client-19C32667576E->48affcab-e6e4-4602-963a-f6a50efbd54c: receive RaftClientReply:client-19C32667576E->48affcab-e6e4-4602-963a-f6a50efbd54c@group-50C56EAF5137, cid=2169, SUCCESS, logIndex=3203, commits[48affcab-e6e4-4602-963a-f6a50efbd54c:c3204, 7e391b60-07ae-4d97-a027-4756e468c032:c3202, c5f86d96-67df-4f25-bde3-316f439d30b3:c3202]
2019-08-23 18:29:06,739 | INFO  | DNAudit | user=null | ip=null | op=WRITE_CHUNK {blockData=conID: 2 locID: 102667711068111409 bcsId: 0} | ret=SUCCESS |  
2019-08-23 18:29:06,739 [grpc-default-executor-4] INFO  client.GrpcClientProtocolClient (GrpcClientProtocolClient.java:onNext(255)) - client-19C32667576E->48affcab-e6e4-4602-963a-f6a50efbd54c: receive RaftClientReply:client-19C32667576E->48affcab-e6e4-4602-963a-f6a50efbd54c@group-50C56EAF5137, cid=2170, SUCCESS, logIndex=3204, commits[48affcab-e6e4-4602-963a-f6a50efbd54c:c3204, 7e391b60-07ae-4d97-a027-4756e468c032:c3202, c5f86d96-67df-4f25-bde3-316f439d30b3:c3202]
2019-08-23 18:29:06,739 | INFO  | DNAudit | user=null | ip=null | op=PUT_BLOCK {blockData=[blockId=conID: 2 locID: 102667711068111409 bcsId: 0,size=2097152]} | ret=SUCCESS |  
2019-08-23 18:29:06,740 [grpc-default-executor-4] INFO  client.GrpcClientProtocolClient (GrpcClientProtocolClient.java:onNext(255)) - client-19C32667576E->48affcab-e6e4-4602-963a-f6a50efbd54c: receive RaftClientReply:client-19C32667576E->48affcab-e6e4-4602-963a-f6a50efbd54c@group-50C56EAF5137, cid=2171, SUCCESS, logIndex=3205, commits[48affcab-e6e4-4602-963a-f6a50efbd54c:c3206, 7e391b60-07ae-4d97-a027-4756e468c032:c3202, c5f86d96-67df-4f25-bde3-316f439d30b3:c3202]
2019-08-23 18:29:06,740 | INFO  | DNAudit | user=null | ip=null | op=WRITE_CHUNK {blockData=conID: 2 locID: 102667711068111409 bcsId: 0} | ret=SUCCESS |  
2019-08-23 18:29:06,740 [grpc-default-executor-4] INFO  client.GrpcClientProtocolClient (GrpcClientProtocolClient.java:onNext(255)) - client-19C32667576E->48affcab-e6e4-4602-963a-f6a50efbd54c: receive RaftClientReply:client-19C32667576E->48affcab-e6e4-4602-963a-f6a50efbd54c@group-50C56EAF5137, cid=2172, SUCCESS, logIndex=3206, commits[48affcab-e6e4-4602-963a-f6a50efbd54c:c3206, 7e391b60-07ae-4d97-a027-4756e468c032:c3202, c5f86d96-67df-4f25-bde3-316f439d30b3:c3202]
2019-08-23 18:29:06,740 | INFO  | DNAudit | user=null | ip=null | op=PUT_BLOCK {blockData=[blockId=conID: 2 locID: 102667711068111409 bcsId: 0,size=1048576]} | ret=SUCCESS |  
2019-08-23 18:29:06,741 | INFO  | DNAudit | user=null | ip=null | op=WRITE_CHUNK {blockData=conID: 2 locID: 102667711068111409 bcsId: 0} | ret=SUCCESS |  
2019-08-23 18:29:06,741 | INFO  | DNAudit | user=null | ip=null | op=PUT_BLOCK {blockData=[blockId=conID: 2 locID: 102667711068111409 bcsId: 0,size=1048576]} | ret=SUCCESS |  
2019-08-23 18:29:06,741 | INFO  | DNAudit | user=null | ip=null | op=WRITE_CHUNK {blockData=conID: 2 locID: 102667711068111409 bcsId: 0} | ret=SUCCESS |  
2019-08-23 18:29:06,741 [grpc-default-executor-3] INFO  client.GrpcClientProtocolClient (GrpcClientProtocolClient.java:onNext(255)) - client-19C32667576E->48affcab-e6e4-4602-963a-f6a50efbd54c: receive RaftClientReply:client-19C32667576E->48affcab-e6e4-4602-963a-f6a50efbd54c@group-50C56EAF5137, cid=2173, SUCCESS, logIndex=0, commits[48affcab-e6e4-4602-963a-f6a50efbd54c:c3208, 7e391b60-07ae-4d97-a027-4756e468c032:c3204, c5f86d96-67df-4f25-bde3-316f439d30b3:c3204]
2019-08-23 18:29:06,741 | INFO  | DNAudit | user=null | ip=null | op=PUT_BLOCK {blockData=[blockId=conID: 2 locID: 102667711068111409 bcsId: 0,size=2097152]} | ret=SUCCESS |  
2019-08-23 18:29:06,741 | INFO  | DNAudit | user=null | ip=null | op=WRITE_CHUNK {blockData=conID: 2 locID: 102667711068111409 bcsId: 0} | ret=SUCCESS |  
2019-08-23 18:29:06,741 | INFO  | DNAudit | user=null | ip=null | op=PUT_BLOCK {blockData=[blockId=conID: 2 locID: 102667711068111409 bcsId: 0,size=2097152]} | ret=SUCCESS |  
2019-08-23 18:29:06,746 | INFO  | DNAudit | user=null | ip=null | op=WRITE_CHUNK {blockData=conID: 2 locID: 102667711068111409 bcsId: 3206} | ret=SUCCESS |  
2019-08-23 18:29:06,749 | INFO  | DNAudit | user=null | ip=null | op=WRITE_CHUNK {blockData=conID: 2 locID: 102667711068111409 bcsId: 3206} | ret=SUCCESS |  
2019-08-23 18:29:06,749 | INFO  | DNAudit | user=null | ip=null | op=WRITE_CHUNK {blockData=conID: 2 locID: 102667711068111409 bcsId: 3206} | ret=SUCCESS |  
2019-08-23 18:29:06,757 | INFO  | DNAudit | user=null | ip=null | op=WRITE_CHUNK {blockData=conID: 2 locID: 102667711068111409 bcsId: 3206} | ret=SUCCESS |  
2019-08-23 18:29:06,758 | INFO  | DNAudit | user=null | ip=null | op=PUT_BLOCK {blockData=[blockId=conID: 2 locID: 102667711068111409 bcsId: 0,size=3145728]} | ret=SUCCESS |  
2019-08-23 18:29:06,758 [grpc-default-executor-4] INFO  client.GrpcClientProtocolClient (GrpcClientProtocolClient.java:onNext(255)) - client-19C32667576E->48affcab-e6e4-4602-963a-f6a50efbd54c: receive RaftClientReply:client-19C32667576E->48affcab-e6e4-4602-963a-f6a50efbd54c@group-50C56EAF5137, cid=2174, SUCCESS, logIndex=3211, commits[48affcab-e6e4-4602-963a-f6a50efbd54c:c3212, 7e391b60-07ae-4d97-a027-4756e468c032:c3210, c5f86d96-67df-4f25-bde3-316f439d30b3:c3210]
2019-08-23 18:29:06,758 [grpc-default-executor-4] INFO  client.GrpcClientProtocolClient (GrpcClientProtocolClient.java:onNext(255)) - client-19C32667576E->48affcab-e6e4-4602-963a-f6a50efbd54c: receive RaftClientReply:client-19C32667576E->48affcab-e6e4-4602-963a-f6a50efbd54c@group-50C56EAF5137, cid=2175, SUCCESS, logIndex=3212, commits[48affcab-e6e4-4602-963a-f6a50efbd54c:c3212, 7e391b60-07ae-4d97-a027-4756e468c032:c3210, c5f86d96-67df-4f25-bde3-316f439d30b3:c3210]
2019-08-23 18:29:06,765 | INFO  | DNAudit | user=null | ip=null | op=WRITE_CHUNK {blockData=conID: 2 locID: 102667711068111409 bcsId: 3212} | ret=SUCCESS |  
2019-08-23 18:29:06,766 | INFO  | DNAudit | user=null | ip=null | op=WRITE_CHUNK {blockData=conID: 2 locID: 102667711068111409 bcsId: 3212} | ret=SUCCESS |  
2019-08-23 18:29:06,766 | INFO  | DNAudit | user=null | ip=null | op=WRITE_CHUNK {blockData=conID: 2 locID: 102667711068111409 bcsId: 3212} | ret=SUCCESS |  
2019-08-23 18:29:06,784 | INFO  | DNAudit | user=null | ip=null | op=WRITE_CHUNK {blockData=conID: 2 locID: 102667711068111409 bcsId: 3206} | ret=SUCCESS |  
2019-08-23 18:29:06,784 | INFO  | DNAudit | user=null | ip=null | op=WRITE_CHUNK {blockData=conID: 2 locID: 102667711068111409 bcsId: 3206} | ret=SUCCESS |  
2019-08-23 18:29:06,784 | INFO  | DNAudit | user=null | ip=null | op=WRITE_CHUNK {blockData=conID: 2 locID: 102667711068111409 bcsId: 3212} | ret=SUCCESS |  
2019-08-23 18:29:06,785 | INFO  | DNAudit | user=null | ip=null | op=PUT_BLOCK {blockData=[blockId=conID: 2 locID: 102667711068111409 bcsId: 0,size=3145728]} | ret=SUCCESS |  
2019-08-23 18:29:06,785 | INFO  | DNAudit | user=null | ip=null | op=PUT_BLOCK {blockData=[blockId=conID: 2 locID: 102667711068111409 bcsId: 0,size=3145728]} | ret=SUCCESS |  
2019-08-23 18:29:06,785 | INFO  | DNAudit | user=null | ip=null | op=PUT_BLOCK {blockData=[blockId=conID: 2 locID: 102667711068111409 bcsId: 0,size=4194304]} | ret=SUCCESS |  
2019-08-23 18:29:06,785 [grpc-default-executor-0] INFO  client.GrpcClientProtocolClient (GrpcClientProtocolClient.java:onNext(255)) - client-19C32667576E->48affcab-e6e4-4602-963a-f6a50efbd54c: receive RaftClientReply:client-19C32667576E->48affcab-e6e4-4602-963a-f6a50efbd54c@group-50C56EAF5137, cid=2176, SUCCESS, logIndex=3215, commits[48affcab-e6e4-4602-963a-f6a50efbd54c:c3216, 7e391b60-07ae-4d97-a027-4756e468c032:c3212, c5f86d96-67df-4f25-bde3-316f439d30b3:c3212]
2019-08-23 18:29:06,786 [grpc-default-executor-0] INFO  client.GrpcClientProtocolClient (GrpcClientProtocolClient.java:onNext(255)) - client-19C32667576E->48affcab-e6e4-4602-963a-f6a50efbd54c: receive RaftClientReply:client-19C32667576E->48affcab-e6e4-4602-963a-f6a50efbd54c@group-50C56EAF5137, cid=2177, SUCCESS, logIndex=3216, commits[48affcab-e6e4-4602-963a-f6a50efbd54c:c3216, 7e391b60-07ae-4d97-a027-4756e468c032:c3212, c5f86d96-67df-4f25-bde3-316f439d30b3:c3212]
2019-08-23 18:29:06,795 | INFO  | DNAudit | user=null | ip=null | op=WRITE_CHUNK {blockData=conID: 2 locID: 102667711068111409 bcsId: 3212} | ret=SUCCESS |  
2019-08-23 18:29:06,795 | INFO  | DNAudit | user=null | ip=null | op=PUT_BLOCK {blockData=[blockId=conID: 2 locID: 102667711068111409 bcsId: 0,size=4194304]} | ret=SUCCESS |  
2019-08-23 18:29:06,796 | INFO  | DNAudit | user=null | ip=null | op=WRITE_CHUNK {blockData=conID: 2 locID: 102667711068111409 bcsId: 3212} | ret=SUCCESS |  
2019-08-23 18:29:06,796 | INFO  | DNAudit | user=null | ip=null | op=PUT_BLOCK {blockData=[blockId=conID: 2 locID: 102667711068111409 bcsId: 0,size=4194304]} | ret=SUCCESS |  
2019-08-23 18:29:06,796 [grpc-default-executor-0] INFO  client.GrpcClientProtocolClient (GrpcClientProtocolClient.java:onNext(255)) - client-19C32667576E->48affcab-e6e4-4602-963a-f6a50efbd54c: receive RaftClientReply:client-19C32667576E->48affcab-e6e4-4602-963a-f6a50efbd54c@group-50C56EAF5137, cid=2178, SUCCESS, logIndex=0, commits[48affcab-e6e4-4602-963a-f6a50efbd54c:c3217, 7e391b60-07ae-4d97-a027-4756e468c032:c3216, c5f86d96-67df-4f25-bde3-316f439d30b3:c3216]
2019-08-23 18:29:06,803 | INFO  | SCMAudit | user=jenkins1000 | ip=192.168.34.23 | op=ALLOCATE_BLOCK {owner=1ceb8b80-28f1-43fd-86c3-175afc07b8d1, size=4194304, type=RATIS, factor=THREE} | ret=SUCCESS |  
2019-08-23 18:29:06,808 | INFO  | OMAudit | user=jenkins1000 | ip=127.0.0.1 | op=ALLOCATE_BLOCK {volume=vol-0-45438, bucket=bucket-0-23891, key=key-0-22455, dataSize=0, replicationType=null, replicationFactor=null, keyLocationInfo=null, clientID=102667710122492306} | ret=SUCCESS |  
2019-08-23 18:29:06,814 | INFO  | DNAudit | user=null | ip=null | op=WRITE_CHUNK {blockData=conID: 3 locID: 102667711073681970 bcsId: 0} | ret=SUCCESS |  
2019-08-23 18:29:06,815 | INFO  | DNAudit | user=null | ip=null | op=WRITE_CHUNK {blockData=conID: 3 locID: 102667711073681970 bcsId: 0} | ret=SUCCESS |  
2019-08-23 18:29:06,816 | INFO  | DNAudit | user=null | ip=null | op=WRITE_CHUNK {blockData=conID: 3 locID: 102667711073681970 bcsId: 0} | ret=SUCCESS |  
2019-08-23 18:29:06,816 | INFO  | DNAudit | user=null | ip=null | op=WRITE_CHUNK {blockData=conID: 3 locID: 102667711073681970 bcsId: 0} | ret=SUCCESS |  
2019-08-23 18:29:06,817 | INFO  | DNAudit | user=null | ip=null | op=WRITE_CHUNK {blockData=conID: 3 locID: 102667711073681970 bcsId: 0} | ret=SUCCESS |  
2019-08-23 18:29:06,818 | INFO  | DNAudit | user=null | ip=null | op=WRITE_CHUNK {blockData=conID: 3 locID: 102667711073681970 bcsId: 0} | ret=SUCCESS |  
2019-08-23 18:29:06,828 | INFO  | DNAudit | user=null | ip=null | op=WRITE_CHUNK {blockData=conID: 3 locID: 102667711073681970 bcsId: 0} | ret=SUCCESS |  
2019-08-23 18:29:06,828 | INFO  | DNAudit | user=null | ip=null | op=PUT_BLOCK {blockData=[blockId=conID: 3 locID: 102667711073681970 bcsId: 0,size=1048576]} | ret=SUCCESS |  
2019-08-23 18:29:06,828 [grpc-default-executor-3] INFO  client.GrpcClientProtocolClient (GrpcClientProtocolClient.java:onNext(255)) - client-19C32667576E->48affcab-e6e4-4602-963a-f6a50efbd54c: receive RaftClientReply:client-19C32667576E->48affcab-e6e4-4602-963a-f6a50efbd54c@group-50C56EAF5137, cid=2179, SUCCESS, logIndex=3219, commits[48affcab-e6e4-4602-963a-f6a50efbd54c:c3221, 7e391b60-07ae-4d97-a027-4756e468c032:c3218, c5f86d96-67df-4f25-bde3-316f439d30b3:c3218]
2019-08-23 18:29:06,828 | INFO  | DNAudit | user=null | ip=null | op=WRITE_CHUNK {blockData=conID: 3 locID: 102667711073681970 bcsId: 0} | ret=SUCCESS |  
2019-08-23 18:29:06,828 [grpc-default-executor-3] INFO  client.GrpcClientProtocolClient (GrpcClientProtocolClient.java:onNext(255)) - client-19C32667576E->48affcab-e6e4-4602-963a-f6a50efbd54c: receive RaftClientReply:client-19C32667576E->48affcab-e6e4-4602-963a-f6a50efbd54c@group-50C56EAF5137, cid=2180, SUCCESS, logIndex=3220, commits[48affcab-e6e4-4602-963a-f6a50efbd54c:c3222, 7e391b60-07ae-4d97-a027-4756e468c032:c3218, c5f86d96-67df-4f25-bde3-316f439d30b3:c3218]
2019-08-23 18:29:06,829 | INFO  | DNAudit | user=null | ip=null | op=PUT_BLOCK {blockData=[blockId=conID: 3 locID: 102667711073681970 bcsId: 0,size=2097152]} | ret=SUCCESS |  
2019-08-23 18:29:06,829 [grpc-default-executor-3] INFO  client.GrpcClientProtocolClient (GrpcClientProtocolClient.java:onNext(255)) - client-19C32667576E->48affcab-e6e4-4602-963a-f6a50efbd54c: receive RaftClientReply:client-19C32667576E->48affcab-e6e4-4602-963a-f6a50efbd54c@group-50C56EAF5137, cid=2181, SUCCESS, logIndex=3221, commits[48affcab-e6e4-4602-963a-f6a50efbd54c:c3222, 7e391b60-07ae-4d97-a027-4756e468c032:c3218, c5f86d96-67df-4f25-bde3-316f439d30b3:c3218]
2019-08-23 18:29:06,829 [grpc-default-executor-3] INFO  client.GrpcClientProtocolClient (GrpcClientProtocolClient.java:onNext(255)) - client-19C32667576E->48affcab-e6e4-4602-963a-f6a50efbd54c: receive RaftClientReply:client-19C32667576E->48affcab-e6e4-4602-963a-f6a50efbd54c@group-50C56EAF5137, cid=2182, SUCCESS, logIndex=3222, commits[48affcab-e6e4-4602-963a-f6a50efbd54c:c3222, 7e391b60-07ae-4d97-a027-4756e468c032:c3218, c5f86d96-67df-4f25-bde3-316f439d30b3:c3218]
2019-08-23 18:29:06,839 | INFO  | DNAudit | user=null | ip=null | op=WRITE_CHUNK {blockData=conID: 3 locID: 102667711073681970 bcsId: 0} | ret=SUCCESS |  
2019-08-23 18:29:06,839 | INFO  | DNAudit | user=null | ip=null | op=WRITE_CHUNK {blockData=conID: 3 locID: 102667711073681970 bcsId: 0} | ret=SUCCESS |  
2019-08-23 18:29:06,840 | INFO  | DNAudit | user=null | ip=null | op=PUT_BLOCK {blockData=[blockId=conID: 3 locID: 102667711073681970 bcsId: 0,size=1048576]} | ret=SUCCESS |  
2019-08-23 18:29:06,840 | INFO  | DNAudit | user=null | ip=null | op=PUT_BLOCK {blockData=[blockId=conID: 3 locID: 102667711073681970 bcsId: 0,size=1048576]} | ret=SUCCESS |  
2019-08-23 18:29:06,840 | INFO  | DNAudit | user=null | ip=null | op=WRITE_CHUNK {blockData=conID: 3 locID: 102667711073681970 bcsId: 0} | ret=SUCCESS |  
2019-08-23 18:29:06,840 | INFO  | DNAudit | user=null | ip=null | op=WRITE_CHUNK {blockData=conID: 3 locID: 102667711073681970 bcsId: 0} | ret=SUCCESS |  
2019-08-23 18:29:06,841 | INFO  | DNAudit | user=null | ip=null | op=PUT_BLOCK {blockData=[blockId=conID: 3 locID: 102667711073681970 bcsId: 0,size=2097152]} | ret=SUCCESS |  
2019-08-23 18:29:06,841 | INFO  | DNAudit | user=null | ip=null | op=PUT_BLOCK {blockData=[blockId=conID: 3 locID: 102667711073681970 bcsId: 0,size=2097152]} | ret=SUCCESS |  
2019-08-23 18:29:06,841 [grpc-default-executor-0] INFO  client.GrpcClientProtocolClient (GrpcClientProtocolClient.java:onNext(255)) - client-19C32667576E->48affcab-e6e4-4602-963a-f6a50efbd54c: receive RaftClientReply:client-19C32667576E->48affcab-e6e4-4602-963a-f6a50efbd54c@group-50C56EAF5137, cid=2183, SUCCESS, logIndex=0, commits[48affcab-e6e4-4602-963a-f6a50efbd54c:c3224, 7e391b60-07ae-4d97-a027-4756e468c032:c3220, c5f86d96-67df-4f25-bde3-316f439d30b3:c3220]
2019-08-23 18:29:06,847 | INFO  | DNAudit | user=null | ip=null | op=WRITE_CHUNK {blockData=conID: 3 locID: 102667711073681970 bcsId: 3222} | ret=SUCCESS |  
2019-08-23 18:29:06,849 | INFO  | DNAudit | user=null | ip=null | op=WRITE_CHUNK {blockData=conID: 3 locID: 102667711073681970 bcsId: 3222} | ret=SUCCESS |  
2019-08-23 18:29:06,849 | INFO  | DNAudit | user=null | ip=null | op=WRITE_CHUNK {blockData=conID: 3 locID: 102667711073681970 bcsId: 3222} | ret=SUCCESS |  
2019-08-23 18:29:06,859 | INFO  | DNAudit | user=null | ip=null | op=WRITE_CHUNK {blockData=conID: 3 locID: 102667711073681970 bcsId: 3222} | ret=SUCCESS |  
2019-08-23 18:29:06,860 | INFO  | DNAudit | user=null | ip=null | op=PUT_BLOCK {blockData=[blockId=conID: 3 locID: 102667711073681970 bcsId: 0,size=3145728]} | ret=SUCCESS |  
2019-08-23 18:29:06,860 [grpc-default-executor-0] INFO  client.GrpcClientProtocolClient (GrpcClientProtocolClient.java:onNext(255)) - client-19C32667576E->48affcab-e6e4-4602-963a-f6a50efbd54c: receive RaftClientReply:client-19C32667576E->48affcab-e6e4-4602-963a-f6a50efbd54c@group-50C56EAF5137, cid=2184, SUCCESS, logIndex=3227, commits[48affcab-e6e4-4602-963a-f6a50efbd54c:c3228, 7e391b60-07ae-4d97-a027-4756e468c032:c3226, c5f86d96-67df-4f25-bde3-316f439d30b3:c3226]
2019-08-23 18:29:06,860 [grpc-default-executor-0] INFO  client.GrpcClientProtocolClient (GrpcClientProtocolClient.java:onNext(255)) - client-19C32667576E->48affcab-e6e4-4602-963a-f6a50efbd54c: receive RaftClientReply:client-19C32667576E->48affcab-e6e4-4602-963a-f6a50efbd54c@group-50C56EAF5137, cid=2185, SUCCESS, logIndex=3228, commits[48affcab-e6e4-4602-963a-f6a50efbd54c:c3228, 7e391b60-07ae-4d97-a027-4756e468c032:c3226, c5f86d96-67df-4f25-bde3-316f439d30b3:c3226]
2019-08-23 18:29:06,866 | INFO  | DNAudit | user=null | ip=null | op=WRITE_CHUNK {blockData=conID: 3 locID: 102667711073681970 bcsId: 3228} | ret=SUCCESS |  
2019-08-23 18:29:06,868 | INFO  | DNAudit | user=null | ip=null | op=WRITE_CHUNK {blockData=conID: 3 locID: 102667711073681970 bcsId: 3228} | ret=SUCCESS |  
2019-08-23 18:29:06,868 | INFO  | DNAudit | user=null | ip=null | op=WRITE_CHUNK {blockData=conID: 3 locID: 102667711073681970 bcsId: 3228} | ret=SUCCESS |  
2019-08-23 18:29:06,871 | INFO  | DNAudit | user=null | ip=null | op=WRITE_CHUNK {blockData=conID: 3 locID: 102667711073681970 bcsId: 3222} | ret=SUCCESS |  
2019-08-23 18:29:06,871 | INFO  | DNAudit | user=null | ip=null | op=WRITE_CHUNK {blockData=conID: 3 locID: 102667711073681970 bcsId: 3222} | ret=SUCCESS |  
2019-08-23 18:29:06,872 | INFO  | DNAudit | user=null | ip=null | op=PUT_BLOCK {blockData=[blockId=conID: 3 locID: 102667711073681970 bcsId: 0,size=3145728]} | ret=SUCCESS |  
2019-08-23 18:29:06,872 | INFO  | DNAudit | user=null | ip=null | op=PUT_BLOCK {blockData=[blockId=conID: 3 locID: 102667711073681970 bcsId: 0,size=3145728]} | ret=SUCCESS |  
2019-08-23 18:29:06,872 | INFO  | DNAudit | user=null | ip=null | op=WRITE_CHUNK {blockData=conID: 3 locID: 102667711073681970 bcsId: 3228} | ret=SUCCESS |  
2019-08-23 18:29:06,873 | INFO  | DNAudit | user=null | ip=null | op=PUT_BLOCK {blockData=[blockId=conID: 3 locID: 102667711073681970 bcsId: 0,size=4194304]} | ret=SUCCESS |  
2019-08-23 18:29:06,873 [grpc-default-executor-4] INFO  client.GrpcClientProtocolClient (GrpcClientProtocolClient.java:onNext(255)) - client-19C32667576E->48affcab-e6e4-4602-963a-f6a50efbd54c: receive RaftClientReply:client-19C32667576E->48affcab-e6e4-4602-963a-f6a50efbd54c@group-50C56EAF5137, cid=2186, SUCCESS, logIndex=3231, commits[48affcab-e6e4-4602-963a-f6a50efbd54c:c3232, 7e391b60-07ae-4d97-a027-4756e468c032:c3228, c5f86d96-67df-4f25-bde3-316f439d30b3:c3228]
2019-08-23 18:29:06,873 [grpc-default-executor-4] INFO  client.GrpcClientProtocolClient (GrpcClientProtocolClient.java:onNext(255)) - client-19C32667576E->48affcab-e6e4-4602-963a-f6a50efbd54c: receive RaftClientReply:client-19C32667576E->48affcab-e6e4-4602-963a-f6a50efbd54c@group-50C56EAF5137, cid=2187, SUCCESS, logIndex=3232, commits[48affcab-e6e4-4602-963a-f6a50efbd54c:c3232, 7e391b60-07ae-4d97-a027-4756e468c032:c3228, c5f86d96-67df-4f25-bde3-316f439d30b3:c3228]
2019-08-23 18:29:06,883 | INFO  | DNAudit | user=null | ip=null | op=WRITE_CHUNK {blockData=conID: 3 locID: 102667711073681970 bcsId: 3228} | ret=SUCCESS |  
2019-08-23 18:29:06,884 | INFO  | DNAudit | user=null | ip=null | op=WRITE_CHUNK {blockData=conID: 3 locID: 102667711073681970 bcsId: 3228} | ret=SUCCESS |  
2019-08-23 18:29:06,885 | INFO  | DNAudit | user=null | ip=null | op=PUT_BLOCK {blockData=[blockId=conID: 3 locID: 102667711073681970 bcsId: 0,size=4194304]} | ret=SUCCESS |  
2019-08-23 18:29:06,885 | INFO  | DNAudit | user=null | ip=null | op=PUT_BLOCK {blockData=[blockId=conID: 3 locID: 102667711073681970 bcsId: 0,size=4194304]} | ret=SUCCESS |  
2019-08-23 18:29:06,885 [grpc-default-executor-4] INFO  client.GrpcClientProtocolClient (GrpcClientProtocolClient.java:onNext(255)) - client-19C32667576E->48affcab-e6e4-4602-963a-f6a50efbd54c: receive RaftClientReply:client-19C32667576E->48affcab-e6e4-4602-963a-f6a50efbd54c@group-50C56EAF5137, cid=2188, SUCCESS, logIndex=0, commits[48affcab-e6e4-4602-963a-f6a50efbd54c:c3234, 7e391b60-07ae-4d97-a027-4756e468c032:c3232, c5f86d96-67df-4f25-bde3-316f439d30b3:c3232]
2019-08-23 18:29:06,889 | INFO  | SCMAudit | user=jenkins1000 | ip=192.168.34.23 | op=ALLOCATE_BLOCK {owner=1ceb8b80-28f1-43fd-86c3-175afc07b8d1, size=4194304, type=RATIS, factor=THREE} | ret=SUCCESS |  
2019-08-23 18:29:06,894 | INFO  | OMAudit | user=jenkins1000 | ip=127.0.0.1 | op=ALLOCATE_BLOCK {volume=vol-0-45438, bucket=bucket-0-23891, key=key-0-22455, dataSize=0, replicationType=null, replicationFactor=null, keyLocationInfo=null, clientID=102667710122492306} | ret=SUCCESS |  
2019-08-23 18:29:06,899 | INFO  | DNAudit | user=null | ip=null | op=WRITE_CHUNK {blockData=conID: 1 locID: 102667711079318067 bcsId: 0} | ret=SUCCESS |  
2019-08-23 18:29:06,901 | INFO  | DNAudit | user=null | ip=null | op=WRITE_CHUNK {blockData=conID: 1 locID: 102667711079318067 bcsId: 0} | ret=SUCCESS |  
2019-08-23 18:29:06,901 | INFO  | DNAudit | user=null | ip=null | op=WRITE_CHUNK {blockData=conID: 1 locID: 102667711079318067 bcsId: 0} | ret=SUCCESS |  
2019-08-23 18:29:06,901 | INFO  | DNAudit | user=null | ip=null | op=WRITE_CHUNK {blockData=conID: 1 locID: 102667711079318067 bcsId: 0} | ret=SUCCESS |  
2019-08-23 18:29:06,903 | INFO  | DNAudit | user=null | ip=null | op=WRITE_CHUNK {blockData=conID: 1 locID: 102667711079318067 bcsId: 0} | ret=SUCCESS |  
2019-08-23 18:29:06,903 | INFO  | DNAudit | user=null | ip=null | op=WRITE_CHUNK {blockData=conID: 1 locID: 102667711079318067 bcsId: 0} | ret=SUCCESS |  
2019-08-23 18:29:06,912 | INFO  | DNAudit | user=null | ip=null | op=WRITE_CHUNK {blockData=conID: 1 locID: 102667711079318067 bcsId: 0} | ret=SUCCESS |  
2019-08-23 18:29:06,912 | INFO  | DNAudit | user=null | ip=null | op=PUT_BLOCK {blockData=[blockId=conID: 1 locID: 102667711079318067 bcsId: 0,size=1048576]} | ret=SUCCESS |  
2019-08-23 18:29:06,912 | INFO  | DNAudit | user=null | ip=null | op=WRITE_CHUNK {blockData=conID: 1 locID: 102667711079318067 bcsId: 0} | ret=SUCCESS |  
2019-08-23 18:29:06,912 [grpc-default-executor-0] INFO  client.GrpcClientProtocolClient (GrpcClientProtocolClient.java:onNext(255)) - client-19C32667576E->48affcab-e6e4-4602-963a-f6a50efbd54c: receive RaftClientReply:client-19C32667576E->48affcab-e6e4-4602-963a-f6a50efbd54c@group-50C56EAF5137, cid=2189, SUCCESS, logIndex=3235, commits[48affcab-e6e4-4602-963a-f6a50efbd54c:c3238, 7e391b60-07ae-4d97-a027-4756e468c032:c3234, c5f86d96-67df-4f25-bde3-316f439d30b3:c3234]
2019-08-23 18:29:06,913 | INFO  | DNAudit | user=null | ip=null | op=PUT_BLOCK {blockData=[blockId=conID: 1 locID: 102667711079318067 bcsId: 0,size=2097152]} | ret=SUCCESS |  
2019-08-23 18:29:06,913 [grpc-default-executor-0] INFO  client.GrpcClientProtocolClient (GrpcClientProtocolClient.java:onNext(255)) - client-19C32667576E->48affcab-e6e4-4602-963a-f6a50efbd54c: receive RaftClientReply:client-19C32667576E->48affcab-e6e4-4602-963a-f6a50efbd54c@group-50C56EAF5137, cid=2190, SUCCESS, logIndex=3236, commits[48affcab-e6e4-4602-963a-f6a50efbd54c:c3238, 7e391b60-07ae-4d97-a027-4756e468c032:c3234, c5f86d96-67df-4f25-bde3-316f439d30b3:c3234]
2019-08-23 18:29:06,913 [grpc-default-executor-0] INFO  client.GrpcClientProtocolClient (GrpcClientProtocolClient.java:onNext(255)) - client-19C32667576E->48affcab-e6e4-4602-963a-f6a50efbd54c: receive RaftClientReply:client-19C32667576E->48affcab-e6e4-4602-963a-f6a50efbd54c@group-50C56EAF5137, cid=2191, SUCCESS, logIndex=3237, commits[48affcab-e6e4-4602-963a-f6a50efbd54c:c3238, 7e391b60-07ae-4d97-a027-4756e468c032:c3234, c5f86d96-67df-4f25-bde3-316f439d30b3:c3234]
2019-08-23 18:29:06,913 | INFO  | DNAudit | user=null | ip=null | op=WRITE_CHUNK {blockData=conID: 1 locID: 102667711079318067 bcsId: 0} | ret=SUCCESS |  
2019-08-23 18:29:06,913 [grpc-default-executor-0] INFO  client.GrpcClientProtocolClient (GrpcClientProtocolClient.java:onNext(255)) - client-19C32667576E->48affcab-e6e4-4602-963a-f6a50efbd54c: receive RaftClientReply:client-19C32667576E->48affcab-e6e4-4602-963a-f6a50efbd54c@group-50C56EAF5137, cid=2192, SUCCESS, logIndex=3238, commits[48affcab-e6e4-4602-963a-f6a50efbd54c:c3238, 7e391b60-07ae-4d97-a027-4756e468c032:c3234, c5f86d96-67df-4f25-bde3-316f439d30b3:c3234]
2019-08-23 18:29:06,913 | INFO  | DNAudit | user=null | ip=null | op=WRITE_CHUNK {blockData=conID: 1 locID: 102667711079318067 bcsId: 0} | ret=SUCCESS |  
2019-08-23 18:29:06,914 | INFO  | DNAudit | user=null | ip=null | op=PUT_BLOCK {blockData=[blockId=conID: 1 locID: 102667711079318067 bcsId: 0,size=1048576]} | ret=SUCCESS |  
2019-08-23 18:29:06,914 | INFO  | DNAudit | user=null | ip=null | op=WRITE_CHUNK {blockData=conID: 1 locID: 102667711079318067 bcsId: 0} | ret=SUCCESS |  
2019-08-23 18:29:06,914 | INFO  | DNAudit | user=null | ip=null | op=PUT_BLOCK {blockData=[blockId=conID: 1 locID: 102667711079318067 bcsId: 0,size=2097152]} | ret=SUCCESS |  
2019-08-23 18:29:06,914 | INFO  | DNAudit | user=null | ip=null | op=PUT_BLOCK {blockData=[blockId=conID: 1 locID: 102667711079318067 bcsId: 0,size=1048576]} | ret=SUCCESS |  
2019-08-23 18:29:06,915 | INFO  | DNAudit | user=null | ip=null | op=WRITE_CHUNK {blockData=conID: 1 locID: 102667711079318067 bcsId: 0} | ret=SUCCESS |  
2019-08-23 18:29:06,915 | INFO  | DNAudit | user=null | ip=null | op=PUT_BLOCK {blockData=[blockId=conID: 1 locID: 102667711079318067 bcsId: 0,size=2097152]} | ret=SUCCESS |  
2019-08-23 18:29:06,915 [grpc-default-executor-0] INFO  client.GrpcClientProtocolClient (GrpcClientProtocolClient.java:onNext(255)) - client-19C32667576E->48affcab-e6e4-4602-963a-f6a50efbd54c: receive RaftClientReply:client-19C32667576E->48affcab-e6e4-4602-963a-f6a50efbd54c@group-50C56EAF5137, cid=2193, SUCCESS, logIndex=0, commits[48affcab-e6e4-4602-963a-f6a50efbd54c:c3242, 7e391b60-07ae-4d97-a027-4756e468c032:c3236, c5f86d96-67df-4f25-bde3-316f439d30b3:c3238]
2019-08-23 18:29:06,920 | INFO  | DNAudit | user=null | ip=null | op=WRITE_CHUNK {blockData=conID: 1 locID: 102667711079318067 bcsId: 3238} | ret=SUCCESS |  
2019-08-23 18:29:06,922 | INFO  | DNAudit | user=null | ip=null | op=WRITE_CHUNK {blockData=conID: 1 locID: 102667711079318067 bcsId: 3238} | ret=SUCCESS |  
2019-08-23 18:29:06,922 | INFO  | DNAudit | user=null | ip=null | op=WRITE_CHUNK {blockData=conID: 1 locID: 102667711079318067 bcsId: 3238} | ret=SUCCESS |  
2019-08-23 18:29:06,932 | INFO  | DNAudit | user=null | ip=null | op=WRITE_CHUNK {blockData=conID: 1 locID: 102667711079318067 bcsId: 3238} | ret=SUCCESS |  
2019-08-23 18:29:06,933 | INFO  | DNAudit | user=null | ip=null | op=PUT_BLOCK {blockData=[blockId=conID: 1 locID: 102667711079318067 bcsId: 0,size=3145728]} | ret=SUCCESS |  
2019-08-23 18:29:06,933 [grpc-default-executor-0] INFO  client.GrpcClientProtocolClient (GrpcClientProtocolClient.java:onNext(255)) - client-19C32667576E->48affcab-e6e4-4602-963a-f6a50efbd54c: receive RaftClientReply:client-19C32667576E->48affcab-e6e4-4602-963a-f6a50efbd54c@group-50C56EAF5137, cid=2194, SUCCESS, logIndex=3243, commits[48affcab-e6e4-4602-963a-f6a50efbd54c:c3244, 7e391b60-07ae-4d97-a027-4756e468c032:c3242, c5f86d96-67df-4f25-bde3-316f439d30b3:c3242]
2019-08-23 18:29:06,933 [grpc-default-executor-0] INFO  client.GrpcClientProtocolClient (GrpcClientProtocolClient.java:onNext(255)) - client-19C32667576E->48affcab-e6e4-4602-963a-f6a50efbd54c: receive RaftClientReply:client-19C32667576E->48affcab-e6e4-4602-963a-f6a50efbd54c@group-50C56EAF5137, cid=2195, SUCCESS, logIndex=3244, commits[48affcab-e6e4-4602-963a-f6a50efbd54c:c3244, 7e391b60-07ae-4d97-a027-4756e468c032:c3242, c5f86d96-67df-4f25-bde3-316f439d30b3:c3242]
2019-08-23 18:29:06,938 | INFO  | DNAudit | user=null | ip=null | op=WRITE_CHUNK {blockData=conID: 1 locID: 102667711079318067 bcsId: 3244} | ret=SUCCESS |  
2019-08-23 18:29:06,940 | INFO  | DNAudit | user=null | ip=null | op=WRITE_CHUNK {blockData=conID: 1 locID: 102667711079318067 bcsId: 3244} | ret=SUCCESS |  
2019-08-23 18:29:06,940 | INFO  | DNAudit | user=null | ip=null | op=WRITE_CHUNK {blockData=conID: 1 locID: 102667711079318067 bcsId: 3244} | ret=SUCCESS |  
2019-08-23 18:29:06,945 | INFO  | DNAudit | user=null | ip=null | op=WRITE_CHUNK {blockData=conID: 1 locID: 102667711079318067 bcsId: 3238} | ret=SUCCESS |  
2019-08-23 18:29:06,945 | INFO  | DNAudit | user=null | ip=null | op=WRITE_CHUNK {blockData=conID: 1 locID: 102667711079318067 bcsId: 3238} | ret=SUCCESS |  
2019-08-23 18:29:06,945 | INFO  | DNAudit | user=null | ip=null | op=PUT_BLOCK {blockData=[blockId=conID: 1 locID: 102667711079318067 bcsId: 0,size=3145728]} | ret=SUCCESS |  
2019-08-23 18:29:06,945 | INFO  | DNAudit | user=null | ip=null | op=PUT_BLOCK {blockData=[blockId=conID: 1 locID: 102667711079318067 bcsId: 0,size=3145728]} | ret=SUCCESS |  
2019-08-23 18:29:06,946 | INFO  | DNAudit | user=null | ip=null | op=WRITE_CHUNK {blockData=conID: 1 locID: 102667711079318067 bcsId: 3244} | ret=SUCCESS |  
2019-08-23 18:29:06,947 | INFO  | DNAudit | user=null | ip=null | op=PUT_BLOCK {blockData=[blockId=conID: 1 locID: 102667711079318067 bcsId: 0,size=4194304]} | ret=SUCCESS |  
2019-08-23 18:29:06,947 [grpc-default-executor-3] INFO  client.GrpcClientProtocolClient (GrpcClientProtocolClient.java:onNext(255)) - client-19C32667576E->48affcab-e6e4-4602-963a-f6a50efbd54c: receive RaftClientReply:client-19C32667576E->48affcab-e6e4-4602-963a-f6a50efbd54c@group-50C56EAF5137, cid=2196, SUCCESS, logIndex=3247, commits[48affcab-e6e4-4602-963a-f6a50efbd54c:c3248, 7e391b60-07ae-4d97-a027-4756e468c032:c3244, c5f86d96-67df-4f25-bde3-316f439d30b3:c3244]
2019-08-23 18:29:06,947 [grpc-default-executor-3] INFO  client.GrpcClientProtocolClient (GrpcClientProtocolClient.java:onNext(255)) - client-19C32667576E->48affcab-e6e4-4602-963a-f6a50efbd54c: receive RaftClientReply:client-19C32667576E->48affcab-e6e4-4602-963a-f6a50efbd54c@group-50C56EAF5137, cid=2197, SUCCESS, logIndex=3248, commits[48affcab-e6e4-4602-963a-f6a50efbd54c:c3248, 7e391b60-07ae-4d97-a027-4756e468c032:c3244, c5f86d96-67df-4f25-bde3-316f439d30b3:c3244]
2019-08-23 18:29:06,958 | INFO  | DNAudit | user=null | ip=null | op=WRITE_CHUNK {blockData=conID: 1 locID: 102667711079318067 bcsId: 3244} | ret=SUCCESS |  
2019-08-23 18:29:06,958 | INFO  | DNAudit | user=null | ip=null | op=WRITE_CHUNK {blockData=conID: 1 locID: 102667711079318067 bcsId: 3244} | ret=SUCCESS |  
2019-08-23 18:29:06,960 | INFO  | DNAudit | user=null | ip=null | op=PUT_BLOCK {blockData=[blockId=conID: 1 locID: 102667711079318067 bcsId: 0,size=4194304]} | ret=SUCCESS |  
2019-08-23 18:29:06,960 | INFO  | DNAudit | user=null | ip=null | op=PUT_BLOCK {blockData=[blockId=conID: 1 locID: 102667711079318067 bcsId: 0,size=4194304]} | ret=SUCCESS |  
2019-08-23 18:29:06,961 [grpc-default-executor-3] INFO  client.GrpcClientProtocolClient (GrpcClientProtocolClient.java:onNext(255)) - client-19C32667576E->48affcab-e6e4-4602-963a-f6a50efbd54c: receive RaftClientReply:client-19C32667576E->48affcab-e6e4-4602-963a-f6a50efbd54c@group-50C56EAF5137, cid=2198, SUCCESS, logIndex=0, commits[48affcab-e6e4-4602-963a-f6a50efbd54c:c3250, 7e391b60-07ae-4d97-a027-4756e468c032:c3248, c5f86d96-67df-4f25-bde3-316f439d30b3:c3248]
2019-08-23 18:29:06,965 | INFO  | SCMAudit | user=jenkins1000 | ip=192.168.34.23 | op=ALLOCATE_BLOCK {owner=1ceb8b80-28f1-43fd-86c3-175afc07b8d1, size=4194304, type=RATIS, factor=THREE} | ret=SUCCESS |  
2019-08-23 18:29:06,968 | INFO  | OMAudit | user=jenkins1000 | ip=127.0.0.1 | op=ALLOCATE_BLOCK {volume=vol-0-45438, bucket=bucket-0-23891, key=key-0-22455, dataSize=0, replicationType=null, replicationFactor=null, keyLocationInfo=null, clientID=102667710122492306} | ret=SUCCESS |  
2019-08-23 18:29:06,975 | INFO  | DNAudit | user=null | ip=null | op=WRITE_CHUNK {blockData=conID: 2 locID: 102667711084298804 bcsId: 0} | ret=SUCCESS |  
2019-08-23 18:29:06,977 | INFO  | DNAudit | user=null | ip=null | op=WRITE_CHUNK {blockData=conID: 2 locID: 102667711084298804 bcsId: 0} | ret=SUCCESS |  
2019-08-23 18:29:06,977 | INFO  | DNAudit | user=null | ip=null | op=WRITE_CHUNK {blockData=conID: 2 locID: 102667711084298804 bcsId: 0} | ret=SUCCESS |  
2019-08-23 18:29:06,979 | INFO  | DNAudit | user=null | ip=null | op=WRITE_CHUNK {blockData=conID: 2 locID: 102667711084298804 bcsId: 0} | ret=SUCCESS |  
2019-08-23 18:29:06,979 | INFO  | DNAudit | user=null | ip=null | op=WRITE_CHUNK {blockData=conID: 2 locID: 102667711084298804 bcsId: 0} | ret=SUCCESS |  
2019-08-23 18:29:06,980 | INFO  | DNAudit | user=null | ip=null | op=PUT_BLOCK {blockData=[blockId=conID: 2 locID: 102667711084298804 bcsId: 0,size=1048576]} | ret=SUCCESS |  
2019-08-23 18:29:06,980 [grpc-default-executor-4] INFO  client.GrpcClientProtocolClient (GrpcClientProtocolClient.java:onNext(255)) - client-19C32667576E->48affcab-e6e4-4602-963a-f6a50efbd54c: receive RaftClientReply:client-19C32667576E->48affcab-e6e4-4602-963a-f6a50efbd54c@group-50C56EAF5137, cid=2199, SUCCESS, logIndex=3251, commits[48affcab-e6e4-4602-963a-f6a50efbd54c:c3252, 7e391b60-07ae-4d97-a027-4756e468c032:c3250, c5f86d96-67df-4f25-bde3-316f439d30b3:c3250]
2019-08-23 18:29:06,980 [grpc-default-executor-4] INFO  client.GrpcClientProtocolClient (GrpcClientProtocolClient.java:onNext(255)) - client-19C32667576E->48affcab-e6e4-4602-963a-f6a50efbd54c: receive RaftClientReply:client-19C32667576E->48affcab-e6e4-4602-963a-f6a50efbd54c@group-50C56EAF5137, cid=2200, SUCCESS, logIndex=3252, commits[48affcab-e6e4-4602-963a-f6a50efbd54c:c3252, 7e391b60-07ae-4d97-a027-4756e468c032:c3250, c5f86d96-67df-4f25-bde3-316f439d30b3:c3250]
2019-08-23 18:29:06,980 | INFO  | DNAudit | user=null | ip=null | op=WRITE_CHUNK {blockData=conID: 2 locID: 102667711084298804 bcsId: 0} | ret=SUCCESS |  
2019-08-23 18:29:06,981 | INFO  | DNAudit | user=null | ip=null | op=WRITE_CHUNK {blockData=conID: 2 locID: 102667711084298804 bcsId: 0} | ret=SUCCESS |  
2019-08-23 18:29:06,984 | INFO  | DNAudit | user=null | ip=null | op=WRITE_CHUNK {blockData=conID: 2 locID: 102667711084298804 bcsId: 0} | ret=SUCCESS |  
2019-08-23 18:29:06,985 | INFO  | DNAudit | user=null | ip=null | op=WRITE_CHUNK {blockData=conID: 2 locID: 102667711084298804 bcsId: 0} | ret=SUCCESS |  
2019-08-23 18:29:06,986 | INFO  | DNAudit | user=null | ip=null | op=WRITE_CHUNK {blockData=conID: 2 locID: 102667711084298804 bcsId: 0} | ret=SUCCESS |  
2019-08-23 18:29:06,986 | INFO  | DNAudit | user=null | ip=null | op=PUT_BLOCK {blockData=[blockId=conID: 2 locID: 102667711084298804 bcsId: 0,size=2097152]} | ret=SUCCESS |  
2019-08-23 18:29:06,986 | INFO  | DNAudit | user=null | ip=null | op=PUT_BLOCK {blockData=[blockId=conID: 2 locID: 102667711084298804 bcsId: 0,size=1048576]} | ret=SUCCESS |  
2019-08-23 18:29:06,986 | INFO  | DNAudit | user=null | ip=null | op=PUT_BLOCK {blockData=[blockId=conID: 2 locID: 102667711084298804 bcsId: 0,size=1048576]} | ret=SUCCESS |  
2019-08-23 18:29:06,986 | INFO  | DNAudit | user=null | ip=null | op=WRITE_CHUNK {blockData=conID: 2 locID: 102667711084298804 bcsId: 0} | ret=SUCCESS |  
2019-08-23 18:29:06,986 [grpc-default-executor-4] INFO  client.GrpcClientProtocolClient (GrpcClientProtocolClient.java:onNext(255)) - client-19C32667576E->48affcab-e6e4-4602-963a-f6a50efbd54c: receive RaftClientReply:client-19C32667576E->48affcab-e6e4-4602-963a-f6a50efbd54c@group-50C56EAF5137, cid=2201, SUCCESS, logIndex=3253, commits[48affcab-e6e4-4602-963a-f6a50efbd54c:c3256, 7e391b60-07ae-4d97-a027-4756e468c032:c3252, c5f86d96-67df-4f25-bde3-316f439d30b3:c3250]
2019-08-23 18:29:06,986 [grpc-default-executor-4] INFO  client.GrpcClientProtocolClient (GrpcClientProtocolClient.java:onNext(255)) - client-19C32667576E->48affcab-e6e4-4602-963a-f6a50efbd54c: receive RaftClientReply:client-19C32667576E->48affcab-e6e4-4602-963a-f6a50efbd54c@group-50C56EAF5137, cid=2202, SUCCESS, logIndex=3254, commits[48affcab-e6e4-4602-963a-f6a50efbd54c:c3256, 7e391b60-07ae-4d97-a027-4756e468c032:c3252, c5f86d96-67df-4f25-bde3-316f439d30b3:c3250]
2019-08-23 18:29:06,987 [grpc-default-executor-4] INFO  client.GrpcClientProtocolClient (GrpcClientProtocolClient.java:onNext(255)) - client-19C32667576E->48affcab-e6e4-4602-963a-f6a50efbd54c: receive RaftClientReply:client-19C32667576E->48affcab-e6e4-4602-963a-f6a50efbd54c@group-50C56EAF5137, cid=2203, SUCCESS, logIndex=0, commits[48affcab-e6e4-4602-963a-f6a50efbd54c:c3256, 7e391b60-07ae-4d97-a027-4756e468c032:c3253, c5f86d96-67df-4f25-bde3-316f439d30b3:c3252]
2019-08-23 18:29:06,988 | INFO  | DNAudit | user=null | ip=null | op=PUT_BLOCK {blockData=[blockId=conID: 2 locID: 102667711084298804 bcsId: 0,size=2097152]} | ret=SUCCESS |  
2019-08-23 18:29:06,988 | INFO  | DNAudit | user=null | ip=null | op=WRITE_CHUNK {blockData=conID: 2 locID: 102667711084298804 bcsId: 0} | ret=SUCCESS |  
2019-08-23 18:29:06,988 | INFO  | DNAudit | user=null | ip=null | op=PUT_BLOCK {blockData=[blockId=conID: 2 locID: 102667711084298804 bcsId: 0,size=2097152]} | ret=SUCCESS |  
2019-08-23 18:29:06,993 | INFO  | DNAudit | user=null | ip=null | op=WRITE_CHUNK {blockData=conID: 2 locID: 102667711084298804 bcsId: 3254} | ret=SUCCESS |  
2019-08-23 18:29:06,994 | INFO  | DNAudit | user=null | ip=null | op=WRITE_CHUNK {blockData=conID: 2 locID: 102667711084298804 bcsId: 3254} | ret=SUCCESS |  
2019-08-23 18:29:06,994 | INFO  | DNAudit | user=null | ip=null | op=WRITE_CHUNK {blockData=conID: 2 locID: 102667711084298804 bcsId: 3254} | ret=SUCCESS |  
2019-08-23 18:29:06,996 | INFO  | DNAudit | user=null | ip=null | op=WRITE_CHUNK {blockData=conID: 2 locID: 102667711084298804 bcsId: 3254} | ret=SUCCESS |  
2019-08-23 18:29:06,997 | INFO  | DNAudit | user=null | ip=null | op=PUT_BLOCK {blockData=[blockId=conID: 2 locID: 102667711084298804 bcsId: 0,size=3145728]} | ret=SUCCESS |  
2019-08-23 18:29:06,997 [grpc-default-executor-0] INFO  client.GrpcClientProtocolClient (GrpcClientProtocolClient.java:onNext(255)) - client-19C32667576E->48affcab-e6e4-4602-963a-f6a50efbd54c: receive RaftClientReply:client-19C32667576E->48affcab-e6e4-4602-963a-f6a50efbd54c@group-50C56EAF5137, cid=2204, SUCCESS, logIndex=3259, commits[48affcab-e6e4-4602-963a-f6a50efbd54c:c3260, 7e391b60-07ae-4d97-a027-4756e468c032:c3258, c5f86d96-67df-4f25-bde3-316f439d30b3:c3258]
2019-08-23 18:29:06,997 [grpc-default-executor-0] INFO  client.GrpcClientProtocolClient (GrpcClientProtocolClient.java:onNext(255)) - client-19C32667576E->48affcab-e6e4-4602-963a-f6a50efbd54c: receive RaftClientReply:client-19C32667576E->48affcab-e6e4-4602-963a-f6a50efbd54c@group-50C56EAF5137, cid=2205, SUCCESS, logIndex=3260, commits[48affcab-e6e4-4602-963a-f6a50efbd54c:c3260, 7e391b60-07ae-4d97-a027-4756e468c032:c3258, c5f86d96-67df-4f25-bde3-316f439d30b3:c3258]
2019-08-23 18:29:06,999 | INFO  | DNAudit | user=null | ip=null | op=WRITE_CHUNK {blockData=conID: 2 locID: 102667711084298804 bcsId: 3254} | ret=SUCCESS |  
2019-08-23 18:29:06,999 | INFO  | DNAudit | user=null | ip=null | op=WRITE_CHUNK {blockData=conID: 2 locID: 102667711084298804 bcsId: 3254} | ret=SUCCESS |  
2019-08-23 18:29:07,001 | INFO  | DNAudit | user=null | ip=null | op=PUT_BLOCK {blockData=[blockId=conID: 2 locID: 102667711084298804 bcsId: 0,size=3145728]} | ret=SUCCESS |  
2019-08-23 18:29:07,001 | INFO  | DNAudit | user=null | ip=null | op=PUT_BLOCK {blockData=[blockId=conID: 2 locID: 102667711084298804 bcsId: 0,size=3145728]} | ret=SUCCESS |  
2019-08-23 18:29:07,002 | INFO  | DNAudit | user=null | ip=null | op=WRITE_CHUNK {blockData=conID: 2 locID: 102667711084298804 bcsId: 3260} | ret=SUCCESS |  
2019-08-23 18:29:07,004 | INFO  | DNAudit | user=null | ip=null | op=WRITE_CHUNK {blockData=conID: 2 locID: 102667711084298804 bcsId: 3260} | ret=SUCCESS |  
2019-08-23 18:29:07,005 | INFO  | DNAudit | user=null | ip=null | op=WRITE_CHUNK {blockData=conID: 2 locID: 102667711084298804 bcsId: 3260} | ret=SUCCESS |  
2019-08-23 18:29:07,039 | INFO  | DNAudit | user=null | ip=null | op=WRITE_CHUNK {blockData=conID: 2 locID: 102667711084298804 bcsId: 3260} | ret=SUCCESS |  
2019-08-23 18:29:07,040 | INFO  | DNAudit | user=null | ip=null | op=PUT_BLOCK {blockData=[blockId=conID: 2 locID: 102667711084298804 bcsId: 0,size=4194304]} | ret=SUCCESS |  
2019-08-23 18:29:07,040 [grpc-default-executor-5] INFO  client.GrpcClientProtocolClient (GrpcClientProtocolClient.java:onNext(255)) - client-19C32667576E->48affcab-e6e4-4602-963a-f6a50efbd54c: receive RaftClientReply:client-19C32667576E->48affcab-e6e4-4602-963a-f6a50efbd54c@group-50C56EAF5137, cid=2206, SUCCESS, logIndex=3263, commits[48affcab-e6e4-4602-963a-f6a50efbd54c:c3264, 7e391b60-07ae-4d97-a027-4756e468c032:c3261, c5f86d96-67df-4f25-bde3-316f439d30b3:c3261]
2019-08-23 18:29:07,044 | INFO  | DNAudit | user=null | ip=null | op=WRITE_CHUNK {blockData=conID: 2 locID: 102667711084298804 bcsId: 3260} | ret=SUCCESS |  
2019-08-23 18:29:07,044 [grpc-default-executor-5] INFO  client.GrpcClientProtocolClient (GrpcClientProtocolClient.java:onNext(255)) - client-19C32667576E->48affcab-e6e4-4602-963a-f6a50efbd54c: receive RaftClientReply:client-19C32667576E->48affcab-e6e4-4602-963a-f6a50efbd54c@group-50C56EAF5137, cid=2207, SUCCESS, logIndex=3264, commits[48affcab-e6e4-4602-963a-f6a50efbd54c:c3264, 7e391b60-07ae-4d97-a027-4756e468c032:c3261, c5f86d96-67df-4f25-bde3-316f439d30b3:c3261]
2019-08-23 18:29:07,044 | INFO  | DNAudit | user=null | ip=null | op=WRITE_CHUNK {blockData=conID: 2 locID: 102667711084298804 bcsId: 3260} | ret=SUCCESS |  
2019-08-23 18:29:07,062 | INFO  | DNAudit | user=null | ip=null | op=PUT_BLOCK {blockData=[blockId=conID: 2 locID: 102667711084298804 bcsId: 0,size=4194304]} | ret=SUCCESS |  
2019-08-23 18:29:07,063 | INFO  | DNAudit | user=null | ip=null | op=PUT_BLOCK {blockData=[blockId=conID: 2 locID: 102667711084298804 bcsId: 0,size=4194304]} | ret=SUCCESS |  
2019-08-23 18:29:07,063 [grpc-default-executor-5] INFO  client.GrpcClientProtocolClient (GrpcClientProtocolClient.java:onNext(255)) - client-19C32667576E->48affcab-e6e4-4602-963a-f6a50efbd54c: receive RaftClientReply:client-19C32667576E->48affcab-e6e4-4602-963a-f6a50efbd54c@group-50C56EAF5137, cid=2208, SUCCESS, logIndex=0, commits[48affcab-e6e4-4602-963a-f6a50efbd54c:c3266, 7e391b60-07ae-4d97-a027-4756e468c032:c3264, c5f86d96-67df-4f25-bde3-316f439d30b3:c3264]
2019-08-23 18:29:07,067 | INFO  | SCMAudit | user=jenkins1000 | ip=192.168.34.23 | op=ALLOCATE_BLOCK {owner=1ceb8b80-28f1-43fd-86c3-175afc07b8d1, size=4194304, type=RATIS, factor=THREE} | ret=SUCCESS |  
2019-08-23 18:29:07,070 | INFO  | OMAudit | user=jenkins1000 | ip=127.0.0.1 | op=ALLOCATE_BLOCK {volume=vol-0-45438, bucket=bucket-0-23891, key=key-0-22455, dataSize=0, replicationType=null, replicationFactor=null, keyLocationInfo=null, clientID=102667710122492306} | ret=SUCCESS |  
2019-08-23 18:29:07,076 | INFO  | DNAudit | user=null | ip=null | op=WRITE_CHUNK {blockData=conID: 3 locID: 102667711090983477 bcsId: 0} | ret=SUCCESS |  
2019-08-23 18:29:07,078 | INFO  | DNAudit | user=null | ip=null | op=WRITE_CHUNK {blockData=conID: 3 locID: 102667711090983477 bcsId: 0} | ret=SUCCESS |  
2019-08-23 18:29:07,079 | INFO  | DNAudit | user=null | ip=null | op=WRITE_CHUNK {blockData=conID: 3 locID: 102667711090983477 bcsId: 0} | ret=SUCCESS |  
2019-08-23 18:29:07,079 | INFO  | DNAudit | user=null | ip=null | op=WRITE_CHUNK {blockData=conID: 3 locID: 102667711090983477 bcsId: 0} | ret=SUCCESS |  
2019-08-23 18:29:07,080 | INFO  | DNAudit | user=null | ip=null | op=WRITE_CHUNK {blockData=conID: 3 locID: 102667711090983477 bcsId: 0} | ret=SUCCESS |  
2019-08-23 18:29:07,080 | INFO  | DNAudit | user=null | ip=null | op=WRITE_CHUNK {blockData=conID: 3 locID: 102667711090983477 bcsId: 0} | ret=SUCCESS |  
2019-08-23 18:29:07,091 | INFO  | DNAudit | user=null | ip=null | op=WRITE_CHUNK {blockData=conID: 3 locID: 102667711090983477 bcsId: 0} | ret=SUCCESS |  
2019-08-23 18:29:07,091 | INFO  | DNAudit | user=null | ip=null | op=PUT_BLOCK {blockData=[blockId=conID: 3 locID: 102667711090983477 bcsId: 0,size=1048576]} | ret=SUCCESS |  
2019-08-23 18:29:07,091 [grpc-default-executor-0] INFO  client.GrpcClientProtocolClient (GrpcClientProtocolClient.java:onNext(255)) - client-19C32667576E->48affcab-e6e4-4602-963a-f6a50efbd54c: receive RaftClientReply:client-19C32667576E->48affcab-e6e4-4602-963a-f6a50efbd54c@group-50C56EAF5137, cid=2209, SUCCESS, logIndex=3267, commits[48affcab-e6e4-4602-963a-f6a50efbd54c:c3268, 7e391b60-07ae-4d97-a027-4756e468c032:c3264, c5f86d96-67df-4f25-bde3-316f439d30b3:c3266]
2019-08-23 18:29:07,092 [grpc-default-executor-0] INFO  client.GrpcClientProtocolClient (GrpcClientProtocolClient.java:onNext(255)) - client-19C32667576E->48affcab-e6e4-4602-963a-f6a50efbd54c: receive RaftClientReply:client-19C32667576E->48affcab-e6e4-4602-963a-f6a50efbd54c@group-50C56EAF5137, cid=2210, SUCCESS, logIndex=3268, commits[48affcab-e6e4-4602-963a-f6a50efbd54c:c3268, 7e391b60-07ae-4d97-a027-4756e468c032:c3264, c5f86d96-67df-4f25-bde3-316f439d30b3:c3266]
2019-08-23 18:29:07,093 | INFO  | DNAudit | user=null | ip=null | op=WRITE_CHUNK {blockData=conID: 3 locID: 102667711090983477 bcsId: 0} | ret=SUCCESS |  
2019-08-23 18:29:07,093 | INFO  | DNAudit | user=null | ip=null | op=WRITE_CHUNK {blockData=conID: 3 locID: 102667711090983477 bcsId: 0} | ret=SUCCESS |  
2019-08-23 18:29:07,093 | INFO  | DNAudit | user=null | ip=null | op=PUT_BLOCK {blockData=[blockId=conID: 3 locID: 102667711090983477 bcsId: 0,size=1048576]} | ret=SUCCESS |  
2019-08-23 18:29:07,093 | INFO  | DNAudit | user=null | ip=null | op=PUT_BLOCK {blockData=[blockId=conID: 3 locID: 102667711090983477 bcsId: 0,size=2097152]} | ret=SUCCESS |  
2019-08-23 18:29:07,094 [grpc-default-executor-4] INFO  client.GrpcClientProtocolClient (GrpcClientProtocolClient.java:onNext(255)) - client-19C32667576E->48affcab-e6e4-4602-963a-f6a50efbd54c: receive RaftClientReply:client-19C32667576E->48affcab-e6e4-4602-963a-f6a50efbd54c@group-50C56EAF5137, cid=2211, SUCCESS, logIndex=3269, commits[48affcab-e6e4-4602-963a-f6a50efbd54c:c3272, 7e391b60-07ae-4d97-a027-4756e468c032:c3268, c5f86d96-67df-4f25-bde3-316f439d30b3:c3266]
2019-08-23 18:29:07,094 [grpc-default-executor-4] INFO  client.GrpcClientProtocolClient (GrpcClientProtocolClient.java:onNext(255)) - client-19C32667576E->48affcab-e6e4-4602-963a-f6a50efbd54c: receive RaftClientReply:client-19C32667576E->48affcab-e6e4-4602-963a-f6a50efbd54c@group-50C56EAF5137, cid=2212, SUCCESS, logIndex=3270, commits[48affcab-e6e4-4602-963a-f6a50efbd54c:c3272, 7e391b60-07ae-4d97-a027-4756e468c032:c3268, c5f86d96-67df-4f25-bde3-316f439d30b3:c3266]
2019-08-23 18:29:07,094 | INFO  | DNAudit | user=null | ip=null | op=WRITE_CHUNK {blockData=conID: 3 locID: 102667711090983477 bcsId: 0} | ret=SUCCESS |  
2019-08-23 18:29:07,094 | INFO  | DNAudit | user=null | ip=null | op=WRITE_CHUNK {blockData=conID: 3 locID: 102667711090983477 bcsId: 0} | ret=SUCCESS |  
2019-08-23 18:29:07,094 | INFO  | DNAudit | user=null | ip=null | op=PUT_BLOCK {blockData=[blockId=conID: 3 locID: 102667711090983477 bcsId: 0,size=1048576]} | ret=SUCCESS |  
2019-08-23 18:29:07,095 | INFO  | DNAudit | user=null | ip=null | op=PUT_BLOCK {blockData=[blockId=conID: 3 locID: 102667711090983477 bcsId: 0,size=2097152]} | ret=SUCCESS |  
2019-08-23 18:29:07,095 | INFO  | DNAudit | user=null | ip=null | op=WRITE_CHUNK {blockData=conID: 3 locID: 102667711090983477 bcsId: 0} | ret=SUCCESS |  
2019-08-23 18:29:07,095 | INFO  | DNAudit | user=null | ip=null | op=PUT_BLOCK {blockData=[blockId=conID: 3 locID: 102667711090983477 bcsId: 0,size=2097152]} | ret=SUCCESS |  
2019-08-23 18:29:07,095 [grpc-default-executor-0] INFO  client.GrpcClientProtocolClient (GrpcClientProtocolClient.java:onNext(255)) - client-19C32667576E->48affcab-e6e4-4602-963a-f6a50efbd54c: receive RaftClientReply:client-19C32667576E->48affcab-e6e4-4602-963a-f6a50efbd54c@group-50C56EAF5137, cid=2213, SUCCESS, logIndex=0, commits[48affcab-e6e4-4602-963a-f6a50efbd54c:c3274, 7e391b60-07ae-4d97-a027-4756e468c032:c3270, c5f86d96-67df-4f25-bde3-316f439d30b3:c3268]
2019-08-23 18:29:07,101 | INFO  | DNAudit | user=null | ip=null | op=WRITE_CHUNK {blockData=conID: 3 locID: 102667711090983477 bcsId: 3270} | ret=SUCCESS |  
2019-08-23 18:29:07,104 | INFO  | DNAudit | user=null | ip=null | op=WRITE_CHUNK {blockData=conID: 3 locID: 102667711090983477 bcsId: 3270} | ret=SUCCESS |  
2019-08-23 18:29:07,104 | INFO  | DNAudit | user=null | ip=null | op=WRITE_CHUNK {blockData=conID: 3 locID: 102667711090983477 bcsId: 3270} | ret=SUCCESS |  
2019-08-23 18:29:07,113 | INFO  | DNAudit | user=null | ip=null | op=WRITE_CHUNK {blockData=conID: 3 locID: 102667711090983477 bcsId: 3270} | ret=SUCCESS |  
2019-08-23 18:29:07,113 | INFO  | DNAudit | user=null | ip=null | op=PUT_BLOCK {blockData=[blockId=conID: 3 locID: 102667711090983477 bcsId: 0,size=3145728]} | ret=SUCCESS |  
2019-08-23 18:29:07,113 [grpc-default-executor-4] INFO  client.GrpcClientProtocolClient (GrpcClientProtocolClient.java:onNext(255)) - client-19C32667576E->48affcab-e6e4-4602-963a-f6a50efbd54c: receive RaftClientReply:client-19C32667576E->48affcab-e6e4-4602-963a-f6a50efbd54c@group-50C56EAF5137, cid=2214, SUCCESS, logIndex=3275, commits[48affcab-e6e4-4602-963a-f6a50efbd54c:c3276, 7e391b60-07ae-4d97-a027-4756e468c032:c3274, c5f86d96-67df-4f25-bde3-316f439d30b3:c3274]
2019-08-23 18:29:07,114 [grpc-default-executor-4] INFO  client.GrpcClientProtocolClient (GrpcClientProtocolClient.java:onNext(255)) - client-19C32667576E->48affcab-e6e4-4602-963a-f6a50efbd54c: receive RaftClientReply:client-19C32667576E->48affcab-e6e4-4602-963a-f6a50efbd54c@group-50C56EAF5137, cid=2215, SUCCESS, logIndex=3276, commits[48affcab-e6e4-4602-963a-f6a50efbd54c:c3276, 7e391b60-07ae-4d97-a027-4756e468c032:c3274, c5f86d96-67df-4f25-bde3-316f439d30b3:c3274]
2019-08-23 18:29:07,119 | INFO  | DNAudit | user=null | ip=null | op=WRITE_CHUNK {blockData=conID: 3 locID: 102667711090983477 bcsId: 3276} | ret=SUCCESS |  
2019-08-23 18:29:07,121 | INFO  | DNAudit | user=null | ip=null | op=WRITE_CHUNK {blockData=conID: 3 locID: 102667711090983477 bcsId: 3276} | ret=SUCCESS |  
2019-08-23 18:29:07,121 | INFO  | DNAudit | user=null | ip=null | op=WRITE_CHUNK {blockData=conID: 3 locID: 102667711090983477 bcsId: 3276} | ret=SUCCESS |  
2019-08-23 18:29:07,124 | INFO  | DNAudit | user=null | ip=null | op=WRITE_CHUNK {blockData=conID: 3 locID: 102667711090983477 bcsId: 3270} | ret=SUCCESS |  
2019-08-23 18:29:07,124 | INFO  | DNAudit | user=null | ip=null | op=WRITE_CHUNK {blockData=conID: 3 locID: 102667711090983477 bcsId: 3270} | ret=SUCCESS |  
2019-08-23 18:29:07,126 | INFO  | DNAudit | user=null | ip=null | op=PUT_BLOCK {blockData=[blockId=conID: 3 locID: 102667711090983477 bcsId: 0,size=3145728]} | ret=SUCCESS |  
2019-08-23 18:29:07,126 | INFO  | DNAudit | user=null | ip=null | op=PUT_BLOCK {blockData=[blockId=conID: 3 locID: 102667711090983477 bcsId: 0,size=3145728]} | ret=SUCCESS |  
2019-08-23 18:29:07,126 | INFO  | DNAudit | user=null | ip=null | op=WRITE_CHUNK {blockData=conID: 3 locID: 102667711090983477 bcsId: 3276} | ret=SUCCESS |  
2019-08-23 18:29:07,126 | INFO  | DNAudit | user=null | ip=null | op=PUT_BLOCK {blockData=[blockId=conID: 3 locID: 102667711090983477 bcsId: 0,size=4194304]} | ret=SUCCESS |  
2019-08-23 18:29:07,127 [grpc-default-executor-0] INFO  client.GrpcClientProtocolClient (GrpcClientProtocolClient.java:onNext(255)) - client-19C32667576E->48affcab-e6e4-4602-963a-f6a50efbd54c: receive RaftClientReply:client-19C32667576E->48affcab-e6e4-4602-963a-f6a50efbd54c@group-50C56EAF5137, cid=2216, SUCCESS, logIndex=3279, commits[48affcab-e6e4-4602-963a-f6a50efbd54c:c3280, 7e391b60-07ae-4d97-a027-4756e468c032:c3276, c5f86d96-67df-4f25-bde3-316f439d30b3:c3276]
2019-08-23 18:29:07,127 [grpc-default-executor-0] INFO  client.GrpcClientProtocolClient (GrpcClientProtocolClient.java:onNext(255)) - client-19C32667576E->48affcab-e6e4-4602-963a-f6a50efbd54c: receive RaftClientReply:client-19C32667576E->48affcab-e6e4-4602-963a-f6a50efbd54c@group-50C56EAF5137, cid=2217, SUCCESS, logIndex=3280, commits[48affcab-e6e4-4602-963a-f6a50efbd54c:c3280, 7e391b60-07ae-4d97-a027-4756e468c032:c3276, c5f86d96-67df-4f25-bde3-316f439d30b3:c3276]
2019-08-23 18:29:07,137 | INFO  | DNAudit | user=null | ip=null | op=WRITE_CHUNK {blockData=conID: 3 locID: 102667711090983477 bcsId: 3276} | ret=SUCCESS |  
2019-08-23 18:29:07,138 | INFO  | DNAudit | user=null | ip=null | op=WRITE_CHUNK {blockData=conID: 3 locID: 102667711090983477 bcsId: 3276} | ret=SUCCESS |  
2019-08-23 18:29:07,138 | INFO  | DNAudit | user=null | ip=null | op=PUT_BLOCK {blockData=[blockId=conID: 3 locID: 102667711090983477 bcsId: 0,size=4194304]} | ret=SUCCESS |  
2019-08-23 18:29:07,138 | INFO  | DNAudit | user=null | ip=null | op=PUT_BLOCK {blockData=[blockId=conID: 3 locID: 102667711090983477 bcsId: 0,size=4194304]} | ret=SUCCESS |  
2019-08-23 18:29:07,138 [grpc-default-executor-0] INFO  client.GrpcClientProtocolClient (GrpcClientProtocolClient.java:onNext(255)) - client-19C32667576E->48affcab-e6e4-4602-963a-f6a50efbd54c: receive RaftClientReply:client-19C32667576E->48affcab-e6e4-4602-963a-f6a50efbd54c@group-50C56EAF5137, cid=2218, SUCCESS, logIndex=0, commits[48affcab-e6e4-4602-963a-f6a50efbd54c:c3281, 7e391b60-07ae-4d97-a027-4756e468c032:c3280, c5f86d96-67df-4f25-bde3-316f439d30b3:c3280]
2019-08-23 18:29:07,142 | INFO  | SCMAudit | user=jenkins1000 | ip=192.168.34.23 | op=ALLOCATE_BLOCK {owner=1ceb8b80-28f1-43fd-86c3-175afc07b8d1, size=4194304, type=RATIS, factor=THREE} | ret=SUCCESS |  
2019-08-23 18:29:07,145 | INFO  | OMAudit | user=jenkins1000 | ip=127.0.0.1 | op=ALLOCATE_BLOCK {volume=vol-0-45438, bucket=bucket-0-23891, key=key-0-22455, dataSize=0, replicationType=null, replicationFactor=null, keyLocationInfo=null, clientID=102667710122492306} | ret=SUCCESS |  
2019-08-23 18:29:07,150 | INFO  | DNAudit | user=null | ip=null | op=WRITE_CHUNK {blockData=conID: 1 locID: 102667711095898678 bcsId: 0} | ret=SUCCESS |  
2019-08-23 18:29:07,152 | INFO  | DNAudit | user=null | ip=null | op=WRITE_CHUNK {blockData=conID: 1 locID: 102667711095898678 bcsId: 0} | ret=SUCCESS |  
2019-08-23 18:29:07,152 | INFO  | DNAudit | user=null | ip=null | op=WRITE_CHUNK {blockData=conID: 1 locID: 102667711095898678 bcsId: 0} | ret=SUCCESS |  
2019-08-23 18:29:07,152 | INFO  | DNAudit | user=null | ip=null | op=WRITE_CHUNK {blockData=conID: 1 locID: 102667711095898678 bcsId: 0} | ret=SUCCESS |  
2019-08-23 18:29:07,154 | INFO  | DNAudit | user=null | ip=null | op=WRITE_CHUNK {blockData=conID: 1 locID: 102667711095898678 bcsId: 0} | ret=SUCCESS |  
2019-08-23 18:29:07,154 | INFO  | DNAudit | user=null | ip=null | op=WRITE_CHUNK {blockData=conID: 1 locID: 102667711095898678 bcsId: 0} | ret=SUCCESS |  
2019-08-23 18:29:07,162 | INFO  | DNAudit | user=null | ip=null | op=WRITE_CHUNK {blockData=conID: 1 locID: 102667711095898678 bcsId: 0} | ret=SUCCESS |  
2019-08-23 18:29:07,163 | INFO  | DNAudit | user=null | ip=null | op=PUT_BLOCK {blockData=[blockId=conID: 1 locID: 102667711095898678 bcsId: 0,size=1048576]} | ret=SUCCESS |  
2019-08-23 18:29:07,312 [grpc-default-executor-4] INFO  client.GrpcClientProtocolClient (GrpcClientProtocolClient.java:onNext(255)) - client-19C32667576E->48affcab-e6e4-4602-963a-f6a50efbd54c: receive RaftClientReply:client-19C32667576E->48affcab-e6e4-4602-963a-f6a50efbd54c@group-50C56EAF5137, cid=2219, SUCCESS, logIndex=3283, commits[48affcab-e6e4-4602-963a-f6a50efbd54c:c3284, 7e391b60-07ae-4d97-a027-4756e468c032:c3282, c5f86d96-67df-4f25-bde3-316f439d30b3:c3282]
2019-08-23 18:29:07,312 | INFO  | DNAudit | user=null | ip=null | op=WRITE_CHUNK {blockData=conID: 1 locID: 102667711095898678 bcsId: 0} | ret=SUCCESS |  
2019-08-23 18:29:07,312 | INFO  | DNAudit | user=null | ip=null | op=WRITE_CHUNK {blockData=conID: 1 locID: 102667711095898678 bcsId: 0} | ret=SUCCESS |  
2019-08-23 18:29:07,312 [grpc-default-executor-4] INFO  client.GrpcClientProtocolClient (GrpcClientProtocolClient.java:onNext(255)) - client-19C32667576E->48affcab-e6e4-4602-963a-f6a50efbd54c: receive RaftClientReply:client-19C32667576E->48affcab-e6e4-4602-963a-f6a50efbd54c@group-50C56EAF5137, cid=2220, SUCCESS, logIndex=3284, commits[48affcab-e6e4-4602-963a-f6a50efbd54c:c3284, 7e391b60-07ae-4d97-a027-4756e468c032:c3282, c5f86d96-67df-4f25-bde3-316f439d30b3:c3282]
2019-08-23 18:29:07,313 | INFO  | DNAudit | user=null | ip=null | op=PUT_BLOCK {blockData=[blockId=conID: 1 locID: 102667711095898678 bcsId: 0,size=1048576]} | ret=SUCCESS |  
2019-08-23 18:29:07,313 | INFO  | DNAudit | user=null | ip=null | op=PUT_BLOCK {blockData=[blockId=conID: 1 locID: 102667711095898678 bcsId: 0,size=2097152]} | ret=SUCCESS |  
2019-08-23 18:29:07,313 [grpc-default-executor-4] INFO  client.GrpcClientProtocolClient (GrpcClientProtocolClient.java:onNext(255)) - client-19C32667576E->48affcab-e6e4-4602-963a-f6a50efbd54c: receive RaftClientReply:client-19C32667576E->48affcab-e6e4-4602-963a-f6a50efbd54c@group-50C56EAF5137, cid=2221, SUCCESS, logIndex=3285, commits[48affcab-e6e4-4602-963a-f6a50efbd54c:c3287, 7e391b60-07ae-4d97-a027-4756e468c032:c3284, c5f86d96-67df-4f25-bde3-316f439d30b3:c3282]
2019-08-23 18:29:07,313 [grpc-default-executor-4] INFO  client.GrpcClientProtocolClient (GrpcClientProtocolClient.java:onNext(255)) - client-19C32667576E->48affcab-e6e4-4602-963a-f6a50efbd54c: receive RaftClientReply:client-19C32667576E->48affcab-e6e4-4602-963a-f6a50efbd54c@group-50C56EAF5137, cid=2222, SUCCESS, logIndex=3286, commits[48affcab-e6e4-4602-963a-f6a50efbd54c:c3287, 7e391b60-07ae-4d97-a027-4756e468c032:c3284, c5f86d96-67df-4f25-bde3-316f439d30b3:c3282]
2019-08-23 18:29:07,329 | INFO  | DNAudit | user=null | ip=null | op=WRITE_CHUNK {blockData=conID: 1 locID: 102667711095898678 bcsId: 0} | ret=SUCCESS |  
2019-08-23 18:29:07,330 | INFO  | DNAudit | user=null | ip=null | op=WRITE_CHUNK {blockData=conID: 1 locID: 102667711095898678 bcsId: 0} | ret=SUCCESS |  
2019-08-23 18:29:07,330 | INFO  | DNAudit | user=null | ip=null | op=PUT_BLOCK {blockData=[blockId=conID: 1 locID: 102667711095898678 bcsId: 0,size=1048576]} | ret=SUCCESS |  
2019-08-23 18:29:07,330 | INFO  | DNAudit | user=null | ip=null | op=WRITE_CHUNK {blockData=conID: 1 locID: 102667711095898678 bcsId: 0} | ret=SUCCESS |  
2019-08-23 18:29:07,330 | INFO  | DNAudit | user=null | ip=null | op=PUT_BLOCK {blockData=[blockId=conID: 1 locID: 102667711095898678 bcsId: 0,size=2097152]} | ret=SUCCESS |  
2019-08-23 18:29:07,332 | INFO  | DNAudit | user=null | ip=null | op=PUT_BLOCK {blockData=[blockId=conID: 1 locID: 102667711095898678 bcsId: 0,size=2097152]} | ret=SUCCESS |  
2019-08-23 18:29:07,332 [grpc-default-executor-4] INFO  client.GrpcClientProtocolClient (GrpcClientProtocolClient.java:onNext(255)) - client-19C32667576E->48affcab-e6e4-4602-963a-f6a50efbd54c: receive RaftClientReply:client-19C32667576E->48affcab-e6e4-4602-963a-f6a50efbd54c@group-50C56EAF5137, cid=2223, SUCCESS, logIndex=0, commits[48affcab-e6e4-4602-963a-f6a50efbd54c:c3288, 7e391b60-07ae-4d97-a027-4756e468c032:c3285, c5f86d96-67df-4f25-bde3-316f439d30b3:c3284]
2019-08-23 18:29:07,339 | INFO  | DNAudit | user=null | ip=null | op=WRITE_CHUNK {blockData=conID: 1 locID: 102667711095898678 bcsId: 3286} | ret=SUCCESS |  
2019-08-23 18:29:07,341 | INFO  | DNAudit | user=null | ip=null | op=WRITE_CHUNK {blockData=conID: 1 locID: 102667711095898678 bcsId: 3286} | ret=SUCCESS |  
2019-08-23 18:29:07,342 | INFO  | DNAudit | user=null | ip=null | op=WRITE_CHUNK {blockData=conID: 1 locID: 102667711095898678 bcsId: 3286} | ret=SUCCESS |  
2019-08-23 18:29:07,352 | INFO  | DNAudit | user=null | ip=null | op=WRITE_CHUNK {blockData=conID: 1 locID: 102667711095898678 bcsId: 3286} | ret=SUCCESS |  
2019-08-23 18:29:07,353 | INFO  | DNAudit | user=null | ip=null | op=PUT_BLOCK {blockData=[blockId=conID: 1 locID: 102667711095898678 bcsId: 0,size=3145728]} | ret=SUCCESS |  
2019-08-23 18:29:07,353 [grpc-default-executor-4] INFO  client.GrpcClientProtocolClient (GrpcClientProtocolClient.java:onNext(255)) - client-19C32667576E->48affcab-e6e4-4602-963a-f6a50efbd54c: receive RaftClientReply:client-19C32667576E->48affcab-e6e4-4602-963a-f6a50efbd54c@group-50C56EAF5137, cid=2224, SUCCESS, logIndex=3291, commits[48affcab-e6e4-4602-963a-f6a50efbd54c:c3292, 7e391b60-07ae-4d97-a027-4756e468c032:c3290, c5f86d96-67df-4f25-bde3-316f439d30b3:c3290]
2019-08-23 18:29:07,353 [grpc-default-executor-4] INFO  client.GrpcClientProtocolClient (GrpcClientProtocolClient.java:onNext(255)) - client-19C32667576E->48affcab-e6e4-4602-963a-f6a50efbd54c: receive RaftClientReply:client-19C32667576E->48affcab-e6e4-4602-963a-f6a50efbd54c@group-50C56EAF5137, cid=2225, SUCCESS, logIndex=3292, commits[48affcab-e6e4-4602-963a-f6a50efbd54c:c3292, 7e391b60-07ae-4d97-a027-4756e468c032:c3290, c5f86d96-67df-4f25-bde3-316f439d30b3:c3290]
2019-08-23 18:29:07,360 | INFO  | DNAudit | user=null | ip=null | op=WRITE_CHUNK {blockData=conID: 1 locID: 102667711095898678 bcsId: 3292} | ret=SUCCESS |  
2019-08-23 18:29:07,362 | INFO  | DNAudit | user=null | ip=null | op=WRITE_CHUNK {blockData=conID: 1 locID: 102667711095898678 bcsId: 3292} | ret=SUCCESS |  
2019-08-23 18:29:07,362 | INFO  | DNAudit | user=null | ip=null | op=WRITE_CHUNK {blockData=conID: 1 locID: 102667711095898678 bcsId: 3292} | ret=SUCCESS |  
2019-08-23 18:29:07,364 | INFO  | DNAudit | user=null | ip=null | op=WRITE_CHUNK {blockData=conID: 1 locID: 102667711095898678 bcsId: 3286} | ret=SUCCESS |  
2019-08-23 18:29:07,364 | INFO  | DNAudit | user=null | ip=null | op=WRITE_CHUNK {blockData=conID: 1 locID: 102667711095898678 bcsId: 3286} | ret=SUCCESS |  
2019-08-23 18:29:07,365 | INFO  | DNAudit | user=null | ip=null | op=PUT_BLOCK {blockData=[blockId=conID: 1 locID: 102667711095898678 bcsId: 0,size=3145728]} | ret=SUCCESS |  
2019-08-23 18:29:07,365 | INFO  | DNAudit | user=null | ip=null | op=PUT_BLOCK {blockData=[blockId=conID: 1 locID: 102667711095898678 bcsId: 0,size=3145728]} | ret=SUCCESS |  
2019-08-23 18:29:07,366 | INFO  | DNAudit | user=null | ip=null | op=WRITE_CHUNK {blockData=conID: 1 locID: 102667711095898678 bcsId: 3292} | ret=SUCCESS |  
2019-08-23 18:29:07,366 | INFO  | DNAudit | user=null | ip=null | op=PUT_BLOCK {blockData=[blockId=conID: 1 locID: 102667711095898678 bcsId: 0,size=4194304]} | ret=SUCCESS |  
2019-08-23 18:29:07,366 [grpc-default-executor-0] INFO  client.GrpcClientProtocolClient (GrpcClientProtocolClient.java:onNext(255)) - client-19C32667576E->48affcab-e6e4-4602-963a-f6a50efbd54c: receive RaftClientReply:client-19C32667576E->48affcab-e6e4-4602-963a-f6a50efbd54c@group-50C56EAF5137, cid=2226, SUCCESS, logIndex=3295, commits[48affcab-e6e4-4602-963a-f6a50efbd54c:c3296, 7e391b60-07ae-4d97-a027-4756e468c032:c3292, c5f86d96-67df-4f25-bde3-316f439d30b3:c3292]
2019-08-23 18:29:07,366 [grpc-default-executor-0] INFO  client.GrpcClientProtocolClient (GrpcClientProtocolClient.java:onNext(255)) - client-19C32667576E->48affcab-e6e4-4602-963a-f6a50efbd54c: receive RaftClientReply:client-19C32667576E->48affcab-e6e4-4602-963a-f6a50efbd54c@group-50C56EAF5137, cid=2227, SUCCESS, logIndex=3296, commits[48affcab-e6e4-4602-963a-f6a50efbd54c:c3296, 7e391b60-07ae-4d97-a027-4756e468c032:c3292, c5f86d96-67df-4f25-bde3-316f439d30b3:c3292]
2019-08-23 18:29:07,377 | INFO  | DNAudit | user=null | ip=null | op=WRITE_CHUNK {blockData=conID: 1 locID: 102667711095898678 bcsId: 3292} | ret=SUCCESS |  
2019-08-23 18:29:07,377 | INFO  | DNAudit | user=null | ip=null | op=WRITE_CHUNK {blockData=conID: 1 locID: 102667711095898678 bcsId: 3292} | ret=SUCCESS |  
2019-08-23 18:29:07,379 | INFO  | DNAudit | user=null | ip=null | op=PUT_BLOCK {blockData=[blockId=conID: 1 locID: 102667711095898678 bcsId: 0,size=4194304]} | ret=SUCCESS |  
2019-08-23 18:29:07,379 | INFO  | DNAudit | user=null | ip=null | op=PUT_BLOCK {blockData=[blockId=conID: 1 locID: 102667711095898678 bcsId: 0,size=4194304]} | ret=SUCCESS |  
2019-08-23 18:29:07,380 [grpc-default-executor-3] INFO  client.GrpcClientProtocolClient (GrpcClientProtocolClient.java:onNext(255)) - client-19C32667576E->48affcab-e6e4-4602-963a-f6a50efbd54c: receive RaftClientReply:client-19C32667576E->48affcab-e6e4-4602-963a-f6a50efbd54c@group-50C56EAF5137, cid=2228, SUCCESS, logIndex=0, commits[48affcab-e6e4-4602-963a-f6a50efbd54c:c3298, 7e391b60-07ae-4d97-a027-4756e468c032:c3296, c5f86d96-67df-4f25-bde3-316f439d30b3:c3296]
2019-08-23 18:29:07,386 | INFO  | SCMAudit | user=jenkins1000 | ip=192.168.34.23 | op=ALLOCATE_BLOCK {owner=1ceb8b80-28f1-43fd-86c3-175afc07b8d1, size=4194304, type=RATIS, factor=THREE} | ret=SUCCESS |  
2019-08-23 18:29:07,389 | INFO  | OMAudit | user=jenkins1000 | ip=127.0.0.1 | op=ALLOCATE_BLOCK {volume=vol-0-45438, bucket=bucket-0-23891, key=key-0-22455, dataSize=0, replicationType=null, replicationFactor=null, keyLocationInfo=null, clientID=102667710122492306} | ret=SUCCESS |  
2019-08-23 18:29:07,395 | INFO  | DNAudit | user=null | ip=null | op=WRITE_CHUNK {blockData=conID: 2 locID: 102667711111823927 bcsId: 0} | ret=SUCCESS |  
2019-08-23 18:29:07,397 | INFO  | DNAudit | user=null | ip=null | op=WRITE_CHUNK {blockData=conID: 2 locID: 102667711111823927 bcsId: 0} | ret=SUCCESS |  
2019-08-23 18:29:07,397 | INFO  | DNAudit | user=null | ip=null | op=WRITE_CHUNK {blockData=conID: 2 locID: 102667711111823927 bcsId: 0} | ret=SUCCESS |  
2019-08-23 18:29:07,397 | INFO  | DNAudit | user=null | ip=null | op=WRITE_CHUNK {blockData=conID: 2 locID: 102667711111823927 bcsId: 0} | ret=SUCCESS |  
2019-08-23 18:29:07,400 | INFO  | DNAudit | user=null | ip=null | op=WRITE_CHUNK {blockData=conID: 2 locID: 102667711111823927 bcsId: 0} | ret=SUCCESS |  
2019-08-23 18:29:07,400 | INFO  | DNAudit | user=null | ip=null | op=WRITE_CHUNK {blockData=conID: 2 locID: 102667711111823927 bcsId: 0} | ret=SUCCESS |  
2019-08-23 18:29:07,407 | INFO  | DNAudit | user=null | ip=null | op=WRITE_CHUNK {blockData=conID: 2 locID: 102667711111823927 bcsId: 0} | ret=SUCCESS |  
2019-08-23 18:29:07,407 | INFO  | DNAudit | user=null | ip=null | op=PUT_BLOCK {blockData=[blockId=conID: 2 locID: 102667711111823927 bcsId: 0,size=1048576]} | ret=SUCCESS |  
2019-08-23 18:29:07,407 [grpc-default-executor-3] INFO  client.GrpcClientProtocolClient (GrpcClientProtocolClient.java:onNext(255)) - client-19C32667576E->48affcab-e6e4-4602-963a-f6a50efbd54c: receive RaftClientReply:client-19C32667576E->48affcab-e6e4-4602-963a-f6a50efbd54c@group-50C56EAF5137, cid=2229, SUCCESS, logIndex=3299, commits[48affcab-e6e4-4602-963a-f6a50efbd54c:c3300, 7e391b60-07ae-4d97-a027-4756e468c032:c3298, c5f86d96-67df-4f25-bde3-316f439d30b3:c3298]
2019-08-23 18:29:07,408 | INFO  | DNAudit | user=null | ip=null | op=WRITE_CHUNK {blockData=conID: 2 locID: 102667711111823927 bcsId: 0} | ret=SUCCESS |  
2019-08-23 18:29:07,408 [grpc-default-executor-4] INFO  client.GrpcClientProtocolClient (GrpcClientProtocolClient.java:onNext(255)) - client-19C32667576E->48affcab-e6e4-4602-963a-f6a50efbd54c: receive RaftClientReply:client-19C32667576E->48affcab-e6e4-4602-963a-f6a50efbd54c@group-50C56EAF5137, cid=2230, SUCCESS, logIndex=3300, commits[48affcab-e6e4-4602-963a-f6a50efbd54c:c3300, 7e391b60-07ae-4d97-a027-4756e468c032:c3298, c5f86d96-67df-4f25-bde3-316f439d30b3:c3298]
2019-08-23 18:29:07,408 | INFO  | DNAudit | user=null | ip=null | op=PUT_BLOCK {blockData=[blockId=conID: 2 locID: 102667711111823927 bcsId: 0,size=2097152]} | ret=SUCCESS |  
2019-08-23 18:29:07,408 [grpc-default-executor-4] INFO  client.GrpcClientProtocolClient (GrpcClientProtocolClient.java:onNext(255)) - client-19C32667576E->48affcab-e6e4-4602-963a-f6a50efbd54c: receive RaftClientReply:client-19C32667576E->48affcab-e6e4-4602-963a-f6a50efbd54c@group-50C56EAF5137, cid=2231, SUCCESS, logIndex=3301, commits[48affcab-e6e4-4602-963a-f6a50efbd54c:c3302, 7e391b60-07ae-4d97-a027-4756e468c032:c3298, c5f86d96-67df-4f25-bde3-316f439d30b3:c3298]
2019-08-23 18:29:07,409 [grpc-default-executor-4] INFO  client.GrpcClientProtocolClient (GrpcClientProtocolClient.java:onNext(255)) - client-19C32667576E->48affcab-e6e4-4602-963a-f6a50efbd54c: receive RaftClientReply:client-19C32667576E->48affcab-e6e4-4602-963a-f6a50efbd54c@group-50C56EAF5137, cid=2232, SUCCESS, logIndex=3302, commits[48affcab-e6e4-4602-963a-f6a50efbd54c:c3302, 7e391b60-07ae-4d97-a027-4756e468c032:c3298, c5f86d96-67df-4f25-bde3-316f439d30b3:c3298]
2019-08-23 18:29:07,409 | INFO  | DNAudit | user=null | ip=null | op=WRITE_CHUNK {blockData=conID: 2 locID: 102667711111823927 bcsId: 0} | ret=SUCCESS |  
2019-08-23 18:29:07,409 | INFO  | DNAudit | user=null | ip=null | op=PUT_BLOCK {blockData=[blockId=conID: 2 locID: 102667711111823927 bcsId: 0,size=1048576]} | ret=SUCCESS |  
2019-08-23 18:29:07,410 | INFO  | DNAudit | user=null | ip=null | op=WRITE_CHUNK {blockData=conID: 2 locID: 102667711111823927 bcsId: 0} | ret=SUCCESS |  
2019-08-23 18:29:07,410 | INFO  | DNAudit | user=null | ip=null | op=PUT_BLOCK {blockData=[blockId=conID: 2 locID: 102667711111823927 bcsId: 0,size=1048576]} | ret=SUCCESS |  
2019-08-23 18:29:07,410 | INFO  | DNAudit | user=null | ip=null | op=WRITE_CHUNK {blockData=conID: 2 locID: 102667711111823927 bcsId: 0} | ret=SUCCESS |  
2019-08-23 18:29:07,410 [grpc-default-executor-3] INFO  client.GrpcClientProtocolClient (GrpcClientProtocolClient.java:onNext(255)) - client-19C32667576E->48affcab-e6e4-4602-963a-f6a50efbd54c: receive RaftClientReply:client-19C32667576E->48affcab-e6e4-4602-963a-f6a50efbd54c@group-50C56EAF5137, cid=2233, SUCCESS, logIndex=0, commits[48affcab-e6e4-4602-963a-f6a50efbd54c:c3304, 7e391b60-07ae-4d97-a027-4756e468c032:c3300, c5f86d96-67df-4f25-bde3-316f439d30b3:c3300]
2019-08-23 18:29:07,410 | INFO  | DNAudit | user=null | ip=null | op=WRITE_CHUNK {blockData=conID: 2 locID: 102667711111823927 bcsId: 0} | ret=SUCCESS |  
2019-08-23 18:29:07,410 | INFO  | DNAudit | user=null | ip=null | op=PUT_BLOCK {blockData=[blockId=conID: 2 locID: 102667711111823927 bcsId: 0,size=2097152]} | ret=SUCCESS |  
2019-08-23 18:29:07,410 | INFO  | DNAudit | user=null | ip=null | op=PUT_BLOCK {blockData=[blockId=conID: 2 locID: 102667711111823927 bcsId: 0,size=2097152]} | ret=SUCCESS |  
2019-08-23 18:29:07,415 | INFO  | DNAudit | user=null | ip=null | op=WRITE_CHUNK {blockData=conID: 2 locID: 102667711111823927 bcsId: 3302} | ret=SUCCESS |  
2019-08-23 18:29:07,418 | INFO  | DNAudit | user=null | ip=null | op=WRITE_CHUNK {blockData=conID: 2 locID: 102667711111823927 bcsId: 3302} | ret=SUCCESS |  
2019-08-23 18:29:07,418 | INFO  | DNAudit | user=null | ip=null | op=WRITE_CHUNK {blockData=conID: 2 locID: 102667711111823927 bcsId: 3302} | ret=SUCCESS |  
2019-08-23 18:29:07,428 | INFO  | DNAudit | user=null | ip=null | op=WRITE_CHUNK {blockData=conID: 2 locID: 102667711111823927 bcsId: 3302} | ret=SUCCESS |  
2019-08-23 18:29:07,428 | INFO  | DNAudit | user=null | ip=null | op=PUT_BLOCK {blockData=[blockId=conID: 2 locID: 102667711111823927 bcsId: 0,size=3145728]} | ret=SUCCESS |  
2019-08-23 18:29:07,428 [grpc-default-executor-3] INFO  client.GrpcClientProtocolClient (GrpcClientProtocolClient.java:onNext(255)) - client-19C32667576E->48affcab-e6e4-4602-963a-f6a50efbd54c: receive RaftClientReply:client-19C32667576E->48affcab-e6e4-4602-963a-f6a50efbd54c@group-50C56EAF5137, cid=2234, SUCCESS, logIndex=3307, commits[48affcab-e6e4-4602-963a-f6a50efbd54c:c3308, 7e391b60-07ae-4d97-a027-4756e468c032:c3306, c5f86d96-67df-4f25-bde3-316f439d30b3:c3306]
2019-08-23 18:29:07,428 [grpc-default-executor-3] INFO  client.GrpcClientProtocolClient (GrpcClientProtocolClient.java:onNext(255)) - client-19C32667576E->48affcab-e6e4-4602-963a-f6a50efbd54c: receive RaftClientReply:client-19C32667576E->48affcab-e6e4-4602-963a-f6a50efbd54c@group-50C56EAF5137, cid=2235, SUCCESS, logIndex=3308, commits[48affcab-e6e4-4602-963a-f6a50efbd54c:c3308, 7e391b60-07ae-4d97-a027-4756e468c032:c3306, c5f86d96-67df-4f25-bde3-316f439d30b3:c3306]
2019-08-23 18:29:07,433 | INFO  | DNAudit | user=null | ip=null | op=WRITE_CHUNK {blockData=conID: 2 locID: 102667711111823927 bcsId: 3308} | ret=SUCCESS |  
2019-08-23 18:29:07,435 | INFO  | DNAudit | user=null | ip=null | op=WRITE_CHUNK {blockData=conID: 2 locID: 102667711111823927 bcsId: 3308} | ret=SUCCESS |  
2019-08-23 18:29:07,435 | INFO  | DNAudit | user=null | ip=null | op=WRITE_CHUNK {blockData=conID: 2 locID: 102667711111823927 bcsId: 3308} | ret=SUCCESS |  
2019-08-23 18:29:07,440 | INFO  | DNAudit | user=null | ip=null | op=WRITE_CHUNK {blockData=conID: 2 locID: 102667711111823927 bcsId: 3302} | ret=SUCCESS |  
2019-08-23 18:29:07,440 | INFO  | DNAudit | user=null | ip=null | op=WRITE_CHUNK {blockData=conID: 2 locID: 102667711111823927 bcsId: 3302} | ret=SUCCESS |  
2019-08-23 18:29:07,442 | INFO  | DNAudit | user=null | ip=null | op=PUT_BLOCK {blockData=[blockId=conID: 2 locID: 102667711111823927 bcsId: 0,size=3145728]} | ret=SUCCESS |  
2019-08-23 18:29:07,442 | INFO  | DNAudit | user=null | ip=null | op=PUT_BLOCK {blockData=[blockId=conID: 2 locID: 102667711111823927 bcsId: 0,size=3145728]} | ret=SUCCESS |  
2019-08-23 18:29:07,443 | INFO  | DNAudit | user=null | ip=null | op=WRITE_CHUNK {blockData=conID: 2 locID: 102667711111823927 bcsId: 3308} | ret=SUCCESS |  
2019-08-23 18:29:07,443 | INFO  | DNAudit | user=null | ip=null | op=PUT_BLOCK {blockData=[blockId=conID: 2 locID: 102667711111823927 bcsId: 0,size=4194304]} | ret=SUCCESS |  
2019-08-23 18:29:07,443 [grpc-default-executor-0] INFO  client.GrpcClientProtocolClient (GrpcClientProtocolClient.java:onNext(255)) - client-19C32667576E->48affcab-e6e4-4602-963a-f6a50efbd54c: receive RaftClientReply:client-19C32667576E->48affcab-e6e4-4602-963a-f6a50efbd54c@group-50C56EAF5137, cid=2236, SUCCESS, logIndex=3311, commits[48affcab-e6e4-4602-963a-f6a50efbd54c:c3312, 7e391b60-07ae-4d97-a027-4756e468c032:c3308, c5f86d96-67df-4f25-bde3-316f439d30b3:c3308]
2019-08-23 18:29:07,443 [grpc-default-executor-0] INFO  client.GrpcClientProtocolClient (GrpcClientProtocolClient.java:onNext(255)) - client-19C32667576E->48affcab-e6e4-4602-963a-f6a50efbd54c: receive RaftClientReply:client-19C32667576E->48affcab-e6e4-4602-963a-f6a50efbd54c@group-50C56EAF5137, cid=2237, SUCCESS, logIndex=3312, commits[48affcab-e6e4-4602-963a-f6a50efbd54c:c3312, 7e391b60-07ae-4d97-a027-4756e468c032:c3308, c5f86d96-67df-4f25-bde3-316f439d30b3:c3308]
2019-08-23 18:29:07,454 | INFO  | DNAudit | user=null | ip=null | op=WRITE_CHUNK {blockData=conID: 2 locID: 102667711111823927 bcsId: 3308} | ret=SUCCESS |  
2019-08-23 18:29:07,454 | INFO  | DNAudit | user=null | ip=null | op=WRITE_CHUNK {blockData=conID: 2 locID: 102667711111823927 bcsId: 3308} | ret=SUCCESS |  
2019-08-23 18:29:07,457 | INFO  | DNAudit | user=null | ip=null | op=PUT_BLOCK {blockData=[blockId=conID: 2 locID: 102667711111823927 bcsId: 0,size=4194304]} | ret=SUCCESS |  
2019-08-23 18:29:07,457 | INFO  | DNAudit | user=null | ip=null | op=PUT_BLOCK {blockData=[blockId=conID: 2 locID: 102667711111823927 bcsId: 0,size=4194304]} | ret=SUCCESS |  
2019-08-23 18:29:07,457 [grpc-default-executor-0] INFO  client.GrpcClientProtocolClient (GrpcClientProtocolClient.java:onNext(255)) - client-19C32667576E->48affcab-e6e4-4602-963a-f6a50efbd54c: receive RaftClientReply:client-19C32667576E->48affcab-e6e4-4602-963a-f6a50efbd54c@group-50C56EAF5137, cid=2238, SUCCESS, logIndex=0, commits[48affcab-e6e4-4602-963a-f6a50efbd54c:c3314, 7e391b60-07ae-4d97-a027-4756e468c032:c3312, c5f86d96-67df-4f25-bde3-316f439d30b3:c3312]
2019-08-23 18:29:07,461 | INFO  | SCMAudit | user=jenkins1000 | ip=192.168.34.23 | op=ALLOCATE_BLOCK {owner=1ceb8b80-28f1-43fd-86c3-175afc07b8d1, size=4194304, type=RATIS, factor=THREE} | ret=SUCCESS |  
2019-08-23 18:29:07,463 | INFO  | OMAudit | user=jenkins1000 | ip=127.0.0.1 | op=ALLOCATE_BLOCK {volume=vol-0-45438, bucket=bucket-0-23891, key=key-0-22455, dataSize=0, replicationType=null, replicationFactor=null, keyLocationInfo=null, clientID=102667710122492306} | ret=SUCCESS |  
2019-08-23 18:29:07,468 | INFO  | DNAudit | user=null | ip=null | op=WRITE_CHUNK {blockData=conID: 3 locID: 102667711116804664 bcsId: 0} | ret=SUCCESS |  
2019-08-23 18:29:07,471 | INFO  | DNAudit | user=null | ip=null | op=WRITE_CHUNK {blockData=conID: 3 locID: 102667711116804664 bcsId: 0} | ret=SUCCESS |  
2019-08-23 18:29:07,471 | INFO  | DNAudit | user=null | ip=null | op=WRITE_CHUNK {blockData=conID: 3 locID: 102667711116804664 bcsId: 0} | ret=SUCCESS |  
2019-08-23 18:29:07,472 | INFO  | DNAudit | user=null | ip=null | op=WRITE_CHUNK {blockData=conID: 3 locID: 102667711116804664 bcsId: 0} | ret=SUCCESS |  
2019-08-23 18:29:07,473 | INFO  | DNAudit | user=null | ip=null | op=WRITE_CHUNK {blockData=conID: 3 locID: 102667711116804664 bcsId: 0} | ret=SUCCESS |  
2019-08-23 18:29:07,473 | INFO  | DNAudit | user=null | ip=null | op=WRITE_CHUNK {blockData=conID: 3 locID: 102667711116804664 bcsId: 0} | ret=SUCCESS |  
2019-08-23 18:29:07,481 | INFO  | DNAudit | user=null | ip=null | op=WRITE_CHUNK {blockData=conID: 3 locID: 102667711116804664 bcsId: 0} | ret=SUCCESS |  
2019-08-23 18:29:07,481 | INFO  | DNAudit | user=null | ip=null | op=PUT_BLOCK {blockData=[blockId=conID: 3 locID: 102667711116804664 bcsId: 0,size=1048576]} | ret=SUCCESS |  
2019-08-23 18:29:07,481 [grpc-default-executor-0] INFO  client.GrpcClientProtocolClient (GrpcClientProtocolClient.java:onNext(255)) - client-19C32667576E->48affcab-e6e4-4602-963a-f6a50efbd54c: receive RaftClientReply:client-19C32667576E->48affcab-e6e4-4602-963a-f6a50efbd54c@group-50C56EAF5137, cid=2239, SUCCESS, logIndex=3315, commits[48affcab-e6e4-4602-963a-f6a50efbd54c:c3316, 7e391b60-07ae-4d97-a027-4756e468c032:c3314, c5f86d96-67df-4f25-bde3-316f439d30b3:c3314]
2019-08-23 18:29:07,482 | INFO  | DNAudit | user=null | ip=null | op=WRITE_CHUNK {blockData=conID: 3 locID: 102667711116804664 bcsId: 0} | ret=SUCCESS |  
2019-08-23 18:29:07,482 | INFO  | DNAudit | user=null | ip=null | op=PUT_BLOCK {blockData=[blockId=conID: 3 locID: 102667711116804664 bcsId: 0,size=2097152]} | ret=SUCCESS |  
2019-08-23 18:29:07,482 [grpc-default-executor-0] INFO  client.GrpcClientProtocolClient (GrpcClientProtocolClient.java:onNext(255)) - client-19C32667576E->48affcab-e6e4-4602-963a-f6a50efbd54c: receive RaftClientReply:client-19C32667576E->48affcab-e6e4-4602-963a-f6a50efbd54c@group-50C56EAF5137, cid=2240, SUCCESS, logIndex=3316, commits[48affcab-e6e4-4602-963a-f6a50efbd54c:c3316, 7e391b60-07ae-4d97-a027-4756e468c032:c3314, c5f86d96-67df-4f25-bde3-316f439d30b3:c3314]
2019-08-23 18:29:07,482 [grpc-default-executor-0] INFO  client.GrpcClientProtocolClient (GrpcClientProtocolClient.java:onNext(255)) - client-19C32667576E->48affcab-e6e4-4602-963a-f6a50efbd54c: receive RaftClientReply:client-19C32667576E->48affcab-e6e4-4602-963a-f6a50efbd54c@group-50C56EAF5137, cid=2241, SUCCESS, logIndex=3317, commits[48affcab-e6e4-4602-963a-f6a50efbd54c:c3317, 7e391b60-07ae-4d97-a027-4756e468c032:c3314, c5f86d96-67df-4f25-bde3-316f439d30b3:c3314]
2019-08-23 18:29:07,483 [grpc-default-executor-0] INFO  client.GrpcClientProtocolClient (GrpcClientProtocolClient.java:onNext(255)) - client-19C32667576E->48affcab-e6e4-4602-963a-f6a50efbd54c: receive RaftClientReply:client-19C32667576E->48affcab-e6e4-4602-963a-f6a50efbd54c@group-50C56EAF5137, cid=2242, SUCCESS, logIndex=3318, commits[48affcab-e6e4-4602-963a-f6a50efbd54c:c3318, 7e391b60-07ae-4d97-a027-4756e468c032:c3314, c5f86d96-67df-4f25-bde3-316f439d30b3:c3314]
2019-08-23 18:29:07,483 | INFO  | DNAudit | user=null | ip=null | op=WRITE_CHUNK {blockData=conID: 3 locID: 102667711116804664 bcsId: 0} | ret=SUCCESS |  
2019-08-23 18:29:07,483 | INFO  | DNAudit | user=null | ip=null | op=PUT_BLOCK {blockData=[blockId=conID: 3 locID: 102667711116804664 bcsId: 0,size=1048576]} | ret=SUCCESS |  
2019-08-23 18:29:07,485 | INFO  | DNAudit | user=null | ip=null | op=WRITE_CHUNK {blockData=conID: 3 locID: 102667711116804664 bcsId: 0} | ret=SUCCESS |  
2019-08-23 18:29:07,485 | INFO  | DNAudit | user=null | ip=null | op=PUT_BLOCK {blockData=[blockId=conID: 3 locID: 102667711116804664 bcsId: 0,size=1048576]} | ret=SUCCESS |  
2019-08-23 18:29:07,485 | INFO  | DNAudit | user=null | ip=null | op=WRITE_CHUNK {blockData=conID: 3 locID: 102667711116804664 bcsId: 0} | ret=SUCCESS |  
2019-08-23 18:29:07,485 [grpc-default-executor-4] INFO  client.GrpcClientProtocolClient (GrpcClientProtocolClient.java:onNext(255)) - client-19C32667576E->48affcab-e6e4-4602-963a-f6a50efbd54c: receive RaftClientReply:client-19C32667576E->48affcab-e6e4-4602-963a-f6a50efbd54c@group-50C56EAF5137, cid=2243, SUCCESS, logIndex=0, commits[48affcab-e6e4-4602-963a-f6a50efbd54c:c3320, 7e391b60-07ae-4d97-a027-4756e468c032:c3316, c5f86d96-67df-4f25-bde3-316f439d30b3:c3316]
2019-08-23 18:29:07,490 | INFO  | DNAudit | user=null | ip=null | op=WRITE_CHUNK {blockData=conID: 3 locID: 102667711116804664 bcsId: 3318} | ret=SUCCESS |  
2019-08-23 18:29:07,493 | INFO  | DNAudit | user=null | ip=null | op=WRITE_CHUNK {blockData=conID: 3 locID: 102667711116804664 bcsId: 3318} | ret=SUCCESS |  
2019-08-23 18:29:07,493 | INFO  | DNAudit | user=null | ip=null | op=WRITE_CHUNK {blockData=conID: 3 locID: 102667711116804664 bcsId: 3318} | ret=SUCCESS |  
2019-08-23 18:29:07,496 | INFO  | DNAudit | user=null | ip=null | op=WRITE_CHUNK {blockData=conID: 3 locID: 102667711116804664 bcsId: 0} | ret=SUCCESS |  
2019-08-23 18:29:07,496 | INFO  | DNAudit | user=null | ip=null | op=PUT_BLOCK {blockData=[blockId=conID: 3 locID: 102667711116804664 bcsId: 0,size=2097152]} | ret=SUCCESS |  
2019-08-23 18:29:07,497 | INFO  | DNAudit | user=null | ip=null | op=PUT_BLOCK {blockData=[blockId=conID: 3 locID: 102667711116804664 bcsId: 0,size=2097152]} | ret=SUCCESS |  
2019-08-23 18:29:07,498 | INFO  | DNAudit | user=null | ip=null | op=WRITE_CHUNK {blockData=conID: 3 locID: 102667711116804664 bcsId: 3318} | ret=SUCCESS |  
2019-08-23 18:29:07,498 | INFO  | DNAudit | user=null | ip=null | op=PUT_BLOCK {blockData=[blockId=conID: 3 locID: 102667711116804664 bcsId: 0,size=3145728]} | ret=SUCCESS |  
2019-08-23 18:29:07,498 [grpc-default-executor-0] INFO  client.GrpcClientProtocolClient (GrpcClientProtocolClient.java:onNext(255)) - client-19C32667576E->48affcab-e6e4-4602-963a-f6a50efbd54c: receive RaftClientReply:client-19C32667576E->48affcab-e6e4-4602-963a-f6a50efbd54c@group-50C56EAF5137, cid=2244, SUCCESS, logIndex=3323, commits[48affcab-e6e4-4602-963a-f6a50efbd54c:c3324, 7e391b60-07ae-4d97-a027-4756e468c032:c3321, c5f86d96-67df-4f25-bde3-316f439d30b3:c3318]
2019-08-23 18:29:07,499 [grpc-default-executor-0] INFO  client.GrpcClientProtocolClient (GrpcClientProtocolClient.java:onNext(255)) - client-19C32667576E->48affcab-e6e4-4602-963a-f6a50efbd54c: receive RaftClientReply:client-19C32667576E->48affcab-e6e4-4602-963a-f6a50efbd54c@group-50C56EAF5137, cid=2245, SUCCESS, logIndex=3324, commits[48affcab-e6e4-4602-963a-f6a50efbd54c:c3324, 7e391b60-07ae-4d97-a027-4756e468c032:c3321, c5f86d96-67df-4f25-bde3-316f439d30b3:c3321]
2019-08-23 18:29:07,499 | INFO  | DNAudit | user=null | ip=null | op=WRITE_CHUNK {blockData=conID: 3 locID: 102667711116804664 bcsId: 3318} | ret=SUCCESS |  
2019-08-23 18:29:07,499 | INFO  | DNAudit | user=null | ip=null | op=WRITE_CHUNK {blockData=conID: 3 locID: 102667711116804664 bcsId: 3318} | ret=SUCCESS |  
2019-08-23 18:29:07,499 | INFO  | DNAudit | user=null | ip=null | op=PUT_BLOCK {blockData=[blockId=conID: 3 locID: 102667711116804664 bcsId: 0,size=3145728]} | ret=SUCCESS |  
2019-08-23 18:29:07,499 | INFO  | DNAudit | user=null | ip=null | op=PUT_BLOCK {blockData=[blockId=conID: 3 locID: 102667711116804664 bcsId: 0,size=3145728]} | ret=SUCCESS |  
2019-08-23 18:29:07,504 | INFO  | DNAudit | user=null | ip=null | op=WRITE_CHUNK {blockData=conID: 3 locID: 102667711116804664 bcsId: 3324} | ret=SUCCESS |  
2019-08-23 18:29:07,506 | INFO  | DNAudit | user=null | ip=null | op=WRITE_CHUNK {blockData=conID: 3 locID: 102667711116804664 bcsId: 3324} | ret=SUCCESS |  
2019-08-23 18:29:07,506 | INFO  | DNAudit | user=null | ip=null | op=WRITE_CHUNK {blockData=conID: 3 locID: 102667711116804664 bcsId: 3324} | ret=SUCCESS |  
2019-08-23 18:29:07,520 | INFO  | DNAudit | user=null | ip=null | op=WRITE_CHUNK {blockData=conID: 3 locID: 102667711116804664 bcsId: 3324} | ret=SUCCESS |  
2019-08-23 18:29:07,521 | INFO  | DNAudit | user=null | ip=null | op=PUT_BLOCK {blockData=[blockId=conID: 3 locID: 102667711116804664 bcsId: 0,size=4194304]} | ret=SUCCESS |  
2019-08-23 18:29:07,521 [grpc-default-executor-0] INFO  client.GrpcClientProtocolClient (GrpcClientProtocolClient.java:onNext(255)) - client-19C32667576E->48affcab-e6e4-4602-963a-f6a50efbd54c: receive RaftClientReply:client-19C32667576E->48affcab-e6e4-4602-963a-f6a50efbd54c@group-50C56EAF5137, cid=2246, SUCCESS, logIndex=3326, commits[48affcab-e6e4-4602-963a-f6a50efbd54c:c3327, 7e391b60-07ae-4d97-a027-4756e468c032:c3325, c5f86d96-67df-4f25-bde3-316f439d30b3:c3325]
2019-08-23 18:29:07,521 [grpc-default-executor-0] INFO  client.GrpcClientProtocolClient (GrpcClientProtocolClient.java:onNext(255)) - client-19C32667576E->48affcab-e6e4-4602-963a-f6a50efbd54c: receive RaftClientReply:client-19C32667576E->48affcab-e6e4-4602-963a-f6a50efbd54c@group-50C56EAF5137, cid=2247, SUCCESS, logIndex=3327, commits[48affcab-e6e4-4602-963a-f6a50efbd54c:c3327, 7e391b60-07ae-4d97-a027-4756e468c032:c3325, c5f86d96-67df-4f25-bde3-316f439d30b3:c3325]
2019-08-23 18:29:07,522 | INFO  | DNAudit | user=null | ip=null | op=WRITE_CHUNK {blockData=conID: 3 locID: 102667711116804664 bcsId: 3324} | ret=SUCCESS |  
2019-08-23 18:29:07,522 | INFO  | DNAudit | user=null | ip=null | op=WRITE_CHUNK {blockData=conID: 3 locID: 102667711116804664 bcsId: 3324} | ret=SUCCESS |  
2019-08-23 18:29:07,523 | INFO  | DNAudit | user=null | ip=null | op=PUT_BLOCK {blockData=[blockId=conID: 3 locID: 102667711116804664 bcsId: 0,size=4194304]} | ret=SUCCESS |  
2019-08-23 18:29:07,523 | INFO  | DNAudit | user=null | ip=null | op=PUT_BLOCK {blockData=[blockId=conID: 3 locID: 102667711116804664 bcsId: 0,size=4194304]} | ret=SUCCESS |  
2019-08-23 18:29:07,523 [grpc-default-executor-0] INFO  client.GrpcClientProtocolClient (GrpcClientProtocolClient.java:onNext(255)) - client-19C32667576E->48affcab-e6e4-4602-963a-f6a50efbd54c: receive RaftClientReply:client-19C32667576E->48affcab-e6e4-4602-963a-f6a50efbd54c@group-50C56EAF5137, cid=2248, SUCCESS, logIndex=0, commits[48affcab-e6e4-4602-963a-f6a50efbd54c:c3328, 7e391b60-07ae-4d97-a027-4756e468c032:c3327, c5f86d96-67df-4f25-bde3-316f439d30b3:c3327]
2019-08-23 18:29:07,529 | INFO  | SCMAudit | user=jenkins1000 | ip=192.168.34.23 | op=ALLOCATE_BLOCK {owner=1ceb8b80-28f1-43fd-86c3-175afc07b8d1, size=4194304, type=RATIS, factor=THREE} | ret=SUCCESS |  
2019-08-23 18:29:07,532 | INFO  | OMAudit | user=jenkins1000 | ip=127.0.0.1 | op=ALLOCATE_BLOCK {volume=vol-0-45438, bucket=bucket-0-23891, key=key-0-22455, dataSize=0, replicationType=null, replicationFactor=null, keyLocationInfo=null, clientID=102667710122492306} | ret=SUCCESS |  
2019-08-23 18:29:07,541 | INFO  | DNAudit | user=null | ip=null | op=WRITE_CHUNK {blockData=conID: 1 locID: 102667711121261113 bcsId: 0} | ret=SUCCESS |  
2019-08-23 18:29:07,547 | INFO  | DNAudit | user=null | ip=null | op=WRITE_CHUNK {blockData=conID: 1 locID: 102667711121261113 bcsId: 0} | ret=SUCCESS |  
2019-08-23 18:29:07,548 | INFO  | DNAudit | user=null | ip=null | op=WRITE_CHUNK {blockData=conID: 1 locID: 102667711121261113 bcsId: 0} | ret=SUCCESS |  
2019-08-23 18:29:07,548 | INFO  | DNAudit | user=null | ip=null | op=WRITE_CHUNK {blockData=conID: 1 locID: 102667711121261113 bcsId: 0} | ret=SUCCESS |  
2019-08-23 18:29:07,551 | INFO  | DNAudit | user=null | ip=null | op=WRITE_CHUNK {blockData=conID: 1 locID: 102667711121261113 bcsId: 0} | ret=SUCCESS |  
2019-08-23 18:29:07,551 | INFO  | DNAudit | user=null | ip=null | op=WRITE_CHUNK {blockData=conID: 1 locID: 102667711121261113 bcsId: 0} | ret=SUCCESS |  
2019-08-23 18:29:07,551 | INFO  | DNAudit | user=null | ip=null | op=PUT_BLOCK {blockData=[blockId=conID: 1 locID: 102667711121261113 bcsId: 0,size=1048576]} | ret=SUCCESS |  
2019-08-23 18:29:07,552 | INFO  | DNAudit | user=null | ip=null | op=WRITE_CHUNK {blockData=conID: 1 locID: 102667711121261113 bcsId: 0} | ret=SUCCESS |  
2019-08-23 18:29:07,552 [grpc-default-executor-4] INFO  client.GrpcClientProtocolClient (GrpcClientProtocolClient.java:onNext(255)) - client-19C32667576E->48affcab-e6e4-4602-963a-f6a50efbd54c: receive RaftClientReply:client-19C32667576E->48affcab-e6e4-4602-963a-f6a50efbd54c@group-50C56EAF5137, cid=2249, SUCCESS, logIndex=3330, commits[48affcab-e6e4-4602-963a-f6a50efbd54c:c3331, 7e391b60-07ae-4d97-a027-4756e468c032:c3329, c5f86d96-67df-4f25-bde3-316f439d30b3:c3329]
2019-08-23 18:29:07,552 [grpc-default-executor-4] INFO  client.GrpcClientProtocolClient (GrpcClientProtocolClient.java:onNext(255)) - client-19C32667576E->48affcab-e6e4-4602-963a-f6a50efbd54c: receive RaftClientReply:client-19C32667576E->48affcab-e6e4-4602-963a-f6a50efbd54c@group-50C56EAF5137, cid=2250, SUCCESS, logIndex=3331, commits[48affcab-e6e4-4602-963a-f6a50efbd54c:c3331, 7e391b60-07ae-4d97-a027-4756e468c032:c3329, c5f86d96-67df-4f25-bde3-316f439d30b3:c3329]
2019-08-23 18:29:07,564 | INFO  | DNAudit | user=null | ip=null | op=WRITE_CHUNK {blockData=conID: 1 locID: 102667711121261113 bcsId: 0} | ret=SUCCESS |  
2019-08-23 18:29:07,564 | INFO  | DNAudit | user=null | ip=null | op=WRITE_CHUNK {blockData=conID: 1 locID: 102667711121261113 bcsId: 0} | ret=SUCCESS |  
2019-08-23 18:29:07,565 | INFO  | DNAudit | user=null | ip=null | op=PUT_BLOCK {blockData=[blockId=conID: 1 locID: 102667711121261113 bcsId: 0,size=1048576]} | ret=SUCCESS |  
2019-08-23 18:29:07,565 | INFO  | DNAudit | user=null | ip=null | op=PUT_BLOCK {blockData=[blockId=conID: 1 locID: 102667711121261113 bcsId: 0,size=1048576]} | ret=SUCCESS |  
2019-08-23 18:29:07,565 | INFO  | DNAudit | user=null | ip=null | op=WRITE_CHUNK {blockData=conID: 1 locID: 102667711121261113 bcsId: 0} | ret=SUCCESS |  
2019-08-23 18:29:07,565 | INFO  | DNAudit | user=null | ip=null | op=PUT_BLOCK {blockData=[blockId=conID: 1 locID: 102667711121261113 bcsId: 0,size=2097152]} | ret=SUCCESS |  
2019-08-23 18:29:07,566 [grpc-default-executor-3] INFO  client.GrpcClientProtocolClient (GrpcClientProtocolClient.java:onNext(255)) - client-19C32667576E->48affcab-e6e4-4602-963a-f6a50efbd54c: receive RaftClientReply:client-19C32667576E->48affcab-e6e4-4602-963a-f6a50efbd54c@group-50C56EAF5137, cid=2251, SUCCESS, logIndex=3332, commits[48affcab-e6e4-4602-963a-f6a50efbd54c:c3335, 7e391b60-07ae-4d97-a027-4756e468c032:c3331, c5f86d96-67df-4f25-bde3-316f439d30b3:c3331]
2019-08-23 18:29:07,566 [grpc-default-executor-3] INFO  client.GrpcClientProtocolClient (GrpcClientProtocolClient.java:onNext(255)) - client-19C32667576E->48affcab-e6e4-4602-963a-f6a50efbd54c: receive RaftClientReply:client-19C32667576E->48affcab-e6e4-4602-963a-f6a50efbd54c@group-50C56EAF5137, cid=2252, SUCCESS, logIndex=3333, commits[48affcab-e6e4-4602-963a-f6a50efbd54c:c3335, 7e391b60-07ae-4d97-a027-4756e468c032:c3331, c5f86d96-67df-4f25-bde3-316f439d30b3:c3331]
2019-08-23 18:29:07,573 | INFO  | DNAudit | user=null | ip=null | op=WRITE_CHUNK {blockData=conID: 1 locID: 102667711121261113 bcsId: 3333} | ret=SUCCESS |  
2019-08-23 18:29:07,576 | INFO  | DNAudit | user=null | ip=null | op=WRITE_CHUNK {blockData=conID: 1 locID: 102667711121261113 bcsId: 3333} | ret=SUCCESS |  
2019-08-23 18:29:07,576 | INFO  | DNAudit | user=null | ip=null | op=WRITE_CHUNK {blockData=conID: 1 locID: 102667711121261113 bcsId: 3333} | ret=SUCCESS |  
2019-08-23 18:29:07,581 | INFO  | DNAudit | user=null | ip=null | op=WRITE_CHUNK {blockData=conID: 1 locID: 102667711121261113 bcsId: 0} | ret=SUCCESS |  
2019-08-23 18:29:07,581 | INFO  | DNAudit | user=null | ip=null | op=WRITE_CHUNK {blockData=conID: 1 locID: 102667711121261113 bcsId: 0} | ret=SUCCESS |  
2019-08-23 18:29:07,582 | INFO  | DNAudit | user=null | ip=null | op=PUT_BLOCK {blockData=[blockId=conID: 1 locID: 102667711121261113 bcsId: 0,size=2097152]} | ret=SUCCESS |  
2019-08-23 18:29:07,582 | INFO  | DNAudit | user=null | ip=null | op=PUT_BLOCK {blockData=[blockId=conID: 1 locID: 102667711121261113 bcsId: 0,size=2097152]} | ret=SUCCESS |  
2019-08-23 18:29:07,583 | INFO  | DNAudit | user=null | ip=null | op=WRITE_CHUNK {blockData=conID: 1 locID: 102667711121261113 bcsId: 3333} | ret=SUCCESS |  
2019-08-23 18:29:07,583 | INFO  | DNAudit | user=null | ip=null | op=PUT_BLOCK {blockData=[blockId=conID: 1 locID: 102667711121261113 bcsId: 0,size=3145728]} | ret=SUCCESS |  
2019-08-23 18:29:07,584 [grpc-default-executor-3] INFO  client.GrpcClientProtocolClient (GrpcClientProtocolClient.java:onNext(255)) - client-19C32667576E->48affcab-e6e4-4602-963a-f6a50efbd54c: receive RaftClientReply:client-19C32667576E->48affcab-e6e4-4602-963a-f6a50efbd54c@group-50C56EAF5137, cid=2253, SUCCESS, logIndex=3337, commits[48affcab-e6e4-4602-963a-f6a50efbd54c:c3338, 7e391b60-07ae-4d97-a027-4756e468c032:c3335, c5f86d96-67df-4f25-bde3-316f439d30b3:c3335]
2019-08-23 18:29:07,584 [grpc-default-executor-3] INFO  client.GrpcClientProtocolClient (GrpcClientProtocolClient.java:onNext(255)) - client-19C32667576E->48affcab-e6e4-4602-963a-f6a50efbd54c: receive RaftClientReply:client-19C32667576E->48affcab-e6e4-4602-963a-f6a50efbd54c@group-50C56EAF5137, cid=2254, SUCCESS, logIndex=3338, commits[48affcab-e6e4-4602-963a-f6a50efbd54c:c3338, 7e391b60-07ae-4d97-a027-4756e468c032:c3335, c5f86d96-67df-4f25-bde3-316f439d30b3:c3335]
2019-08-23 18:29:07,591 | INFO  | DNAudit | user=null | ip=null | op=WRITE_CHUNK {blockData=conID: 1 locID: 102667711121261113 bcsId: 3338} | ret=SUCCESS |  
2019-08-23 18:29:07,595 | INFO  | DNAudit | user=null | ip=null | op=WRITE_CHUNK {blockData=conID: 1 locID: 102667711121261113 bcsId: 3333} | ret=SUCCESS |  
2019-08-23 18:29:07,595 | INFO  | DNAudit | user=null | ip=null | op=WRITE_CHUNK {blockData=conID: 1 locID: 102667711121261113 bcsId: 3333} | ret=SUCCESS |  
2019-08-23 18:29:07,595 | INFO  | DNAudit | user=null | ip=null | op=WRITE_CHUNK {blockData=conID: 1 locID: 102667711121261113 bcsId: 3338} | ret=SUCCESS |  
2019-08-23 18:29:07,595 | INFO  | DNAudit | user=null | ip=null | op=WRITE_CHUNK {blockData=conID: 1 locID: 102667711121261113 bcsId: 3338} | ret=SUCCESS |  
2019-08-23 18:29:07,596 | INFO  | DNAudit | user=null | ip=null | op=PUT_BLOCK {blockData=[blockId=conID: 1 locID: 102667711121261113 bcsId: 0,size=3145728]} | ret=SUCCESS |  
2019-08-23 18:29:07,596 | INFO  | DNAudit | user=null | ip=null | op=PUT_BLOCK {blockData=[blockId=conID: 1 locID: 102667711121261113 bcsId: 0,size=3145728]} | ret=SUCCESS |  
2019-08-23 18:29:07,596 | INFO  | DNAudit | user=null | ip=null | op=WRITE_CHUNK {blockData=conID: 1 locID: 102667711121261113 bcsId: 3338} | ret=SUCCESS |  
2019-08-23 18:29:07,597 | INFO  | DNAudit | user=null | ip=null | op=PUT_BLOCK {blockData=[blockId=conID: 1 locID: 102667711121261113 bcsId: 0,size=4194304]} | ret=SUCCESS |  
2019-08-23 18:29:07,597 [grpc-default-executor-4] INFO  client.GrpcClientProtocolClient (GrpcClientProtocolClient.java:onNext(255)) - client-19C32667576E->48affcab-e6e4-4602-963a-f6a50efbd54c: receive RaftClientReply:client-19C32667576E->48affcab-e6e4-4602-963a-f6a50efbd54c@group-50C56EAF5137, cid=2255, SUCCESS, logIndex=3341, commits[48affcab-e6e4-4602-963a-f6a50efbd54c:c3341, 7e391b60-07ae-4d97-a027-4756e468c032:c3338, c5f86d96-67df-4f25-bde3-316f439d30b3:c3338]
2019-08-23 18:29:07,597 [grpc-default-executor-4] INFO  client.GrpcClientProtocolClient (GrpcClientProtocolClient.java:onNext(255)) - client-19C32667576E->48affcab-e6e4-4602-963a-f6a50efbd54c: receive RaftClientReply:client-19C32667576E->48affcab-e6e4-4602-963a-f6a50efbd54c@group-50C56EAF5137, cid=2256, SUCCESS, logIndex=3342, commits[48affcab-e6e4-4602-963a-f6a50efbd54c:c3342, 7e391b60-07ae-4d97-a027-4756e468c032:c3338, c5f86d96-67df-4f25-bde3-316f439d30b3:c3338]
2019-08-23 18:29:07,608 | INFO  | DNAudit | user=null | ip=null | op=WRITE_CHUNK {blockData=conID: 1 locID: 102667711121261113 bcsId: 3338} | ret=SUCCESS |  
2019-08-23 18:29:07,608 | INFO  | DNAudit | user=null | ip=null | op=WRITE_CHUNK {blockData=conID: 1 locID: 102667711121261113 bcsId: 3338} | ret=SUCCESS |  
2019-08-23 18:29:07,609 | INFO  | DNAudit | user=null | ip=null | op=PUT_BLOCK {blockData=[blockId=conID: 1 locID: 102667711121261113 bcsId: 0,size=4194304]} | ret=SUCCESS |  
2019-08-23 18:29:07,610 | INFO  | DNAudit | user=null | ip=null | op=PUT_BLOCK {blockData=[blockId=conID: 1 locID: 102667711121261113 bcsId: 0,size=4194304]} | ret=SUCCESS |  
2019-08-23 18:29:07,611 [grpc-default-executor-4] INFO  client.GrpcClientProtocolClient (GrpcClientProtocolClient.java:onNext(255)) - client-19C32667576E->48affcab-e6e4-4602-963a-f6a50efbd54c: receive RaftClientReply:client-19C32667576E->48affcab-e6e4-4602-963a-f6a50efbd54c@group-50C56EAF5137, cid=2257, SUCCESS, logIndex=0, commits[48affcab-e6e4-4602-963a-f6a50efbd54c:c3344, 7e391b60-07ae-4d97-a027-4756e468c032:c3342, c5f86d96-67df-4f25-bde3-316f439d30b3:c3342]
2019-08-23 18:29:07,617 | INFO  | SCMAudit | user=jenkins1000 | ip=192.168.34.23 | op=ALLOCATE_BLOCK {owner=1ceb8b80-28f1-43fd-86c3-175afc07b8d1, size=4194304, type=RATIS, factor=THREE} | ret=SUCCESS |  
2019-08-23 18:29:07,621 | INFO  | OMAudit | user=jenkins1000 | ip=127.0.0.1 | op=ALLOCATE_BLOCK {volume=vol-0-45438, bucket=bucket-0-23891, key=key-0-22455, dataSize=0, replicationType=null, replicationFactor=null, keyLocationInfo=null, clientID=102667710122492306} | ret=SUCCESS |  
2019-08-23 18:29:07,629 | INFO  | DNAudit | user=null | ip=null | op=WRITE_CHUNK {blockData=conID: 2 locID: 102667711127028282 bcsId: 0} | ret=SUCCESS |  
2019-08-23 18:29:07,633 | INFO  | DNAudit | user=null | ip=null | op=WRITE_CHUNK {blockData=conID: 2 locID: 102667711127028282 bcsId: 0} | ret=SUCCESS |  
2019-08-23 18:29:07,633 | INFO  | DNAudit | user=null | ip=null | op=WRITE_CHUNK {blockData=conID: 2 locID: 102667711127028282 bcsId: 0} | ret=SUCCESS |  
2019-08-23 18:29:07,634 | INFO  | DNAudit | user=null | ip=null | op=WRITE_CHUNK {blockData=conID: 2 locID: 102667711127028282 bcsId: 0} | ret=SUCCESS |  
2019-08-23 18:29:07,638 | INFO  | DNAudit | user=null | ip=null | op=WRITE_CHUNK {blockData=conID: 2 locID: 102667711127028282 bcsId: 0} | ret=SUCCESS |  
2019-08-23 18:29:07,638 | INFO  | DNAudit | user=null | ip=null | op=WRITE_CHUNK {blockData=conID: 2 locID: 102667711127028282 bcsId: 0} | ret=SUCCESS |  
2019-08-23 18:29:07,642 | INFO  | DNAudit | user=null | ip=null | op=WRITE_CHUNK {blockData=conID: 2 locID: 102667711127028282 bcsId: 0} | ret=SUCCESS |  
2019-08-23 18:29:07,642 | INFO  | DNAudit | user=null | ip=null | op=PUT_BLOCK {blockData=[blockId=conID: 2 locID: 102667711127028282 bcsId: 0,size=1048576]} | ret=SUCCESS |  
2019-08-23 18:29:07,643 [grpc-default-executor-0] INFO  client.GrpcClientProtocolClient (GrpcClientProtocolClient.java:onNext(255)) - client-19C32667576E->48affcab-e6e4-4602-963a-f6a50efbd54c: receive RaftClientReply:client-19C32667576E->48affcab-e6e4-4602-963a-f6a50efbd54c@group-50C56EAF5137, cid=2258, SUCCESS, logIndex=3345, commits[48affcab-e6e4-4602-963a-f6a50efbd54c:c3346, 7e391b60-07ae-4d97-a027-4756e468c032:c3344, c5f86d96-67df-4f25-bde3-316f439d30b3:c3344]
2019-08-23 18:29:07,644 | INFO  | DNAudit | user=null | ip=null | op=WRITE_CHUNK {blockData=conID: 2 locID: 102667711127028282 bcsId: 0} | ret=SUCCESS |  
2019-08-23 18:29:07,644 | INFO  | DNAudit | user=null | ip=null | op=PUT_BLOCK {blockData=[blockId=conID: 2 locID: 102667711127028282 bcsId: 0,size=2097152]} | ret=SUCCESS |  
2019-08-23 18:29:07,644 [grpc-default-executor-3] INFO  client.GrpcClientProtocolClient (GrpcClientProtocolClient.java:onNext(255)) - client-19C32667576E->48affcab-e6e4-4602-963a-f6a50efbd54c: receive RaftClientReply:client-19C32667576E->48affcab-e6e4-4602-963a-f6a50efbd54c@group-50C56EAF5137, cid=2259, SUCCESS, logIndex=3346, commits[48affcab-e6e4-4602-963a-f6a50efbd54c:c3346, 7e391b60-07ae-4d97-a027-4756e468c032:c3344, c5f86d96-67df-4f25-bde3-316f439d30b3:c3344]
2019-08-23 18:29:07,644 [grpc-default-executor-3] INFO  client.GrpcClientProtocolClient (GrpcClientProtocolClient.java:onNext(255)) - client-19C32667576E->48affcab-e6e4-4602-963a-f6a50efbd54c: receive RaftClientReply:client-19C32667576E->48affcab-e6e4-4602-963a-f6a50efbd54c@group-50C56EAF5137, cid=2260, SUCCESS, logIndex=3347, commits[48affcab-e6e4-4602-963a-f6a50efbd54c:c3348, 7e391b60-07ae-4d97-a027-4756e468c032:c3344, c5f86d96-67df-4f25-bde3-316f439d30b3:c3344]
2019-08-23 18:29:07,644 [grpc-default-executor-3] INFO  client.GrpcClientProtocolClient (GrpcClientProtocolClient.java:onNext(255)) - client-19C32667576E->48affcab-e6e4-4602-963a-f6a50efbd54c: receive RaftClientReply:client-19C32667576E->48affcab-e6e4-4602-963a-f6a50efbd54c@group-50C56EAF5137, cid=2261, SUCCESS, logIndex=3348, commits[48affcab-e6e4-4602-963a-f6a50efbd54c:c3348, 7e391b60-07ae-4d97-a027-4756e468c032:c3344, c5f86d96-67df-4f25-bde3-316f439d30b3:c3344]
2019-08-23 18:29:07,654 | INFO  | DNAudit | user=null | ip=null | op=WRITE_CHUNK {blockData=conID: 2 locID: 102667711127028282 bcsId: 0} | ret=SUCCESS |  
2019-08-23 18:29:07,654 | INFO  | DNAudit | user=null | ip=null | op=WRITE_CHUNK {blockData=conID: 2 locID: 102667711127028282 bcsId: 0} | ret=SUCCESS |  
2019-08-23 18:29:07,655 | INFO  | DNAudit | user=null | ip=null | op=PUT_BLOCK {blockData=[blockId=conID: 2 locID: 102667711127028282 bcsId: 0,size=1048576]} | ret=SUCCESS |  
2019-08-23 18:29:07,655 | INFO  | DNAudit | user=null | ip=null | op=PUT_BLOCK {blockData=[blockId=conID: 2 locID: 102667711127028282 bcsId: 0,size=1048576]} | ret=SUCCESS |  
2019-08-23 18:29:07,656 [grpc-default-executor-3] INFO  client.GrpcClientProtocolClient (GrpcClientProtocolClient.java:onNext(255)) - client-19C32667576E->48affcab-e6e4-4602-963a-f6a50efbd54c: receive RaftClientReply:client-19C32667576E->48affcab-e6e4-4602-963a-f6a50efbd54c@group-50C56EAF5137, cid=2262, SUCCESS, logIndex=0, commits[48affcab-e6e4-4602-963a-f6a50efbd54c:c3350, 7e391b60-07ae-4d97-a027-4756e468c032:c3346, c5f86d96-67df-4f25-bde3-316f439d30b3:c3346]
2019-08-23 18:29:07,656 | INFO  | DNAudit | user=null | ip=null | op=WRITE_CHUNK {blockData=conID: 2 locID: 102667711127028282 bcsId: 0} | ret=SUCCESS |  
2019-08-23 18:29:07,656 | INFO  | DNAudit | user=null | ip=null | op=WRITE_CHUNK {blockData=conID: 2 locID: 102667711127028282 bcsId: 0} | ret=SUCCESS |  
2019-08-23 18:29:07,657 | INFO  | DNAudit | user=null | ip=null | op=PUT_BLOCK {blockData=[blockId=conID: 2 locID: 102667711127028282 bcsId: 0,size=2097152]} | ret=SUCCESS |  
2019-08-23 18:29:07,657 | INFO  | DNAudit | user=null | ip=null | op=PUT_BLOCK {blockData=[blockId=conID: 2 locID: 102667711127028282 bcsId: 0,size=2097152]} | ret=SUCCESS |  
 0.00% |█                                                                                                    |  0/1 Time: 0:00:152019-08-23 18:29:07,662 | INFO  | SCMAudit | user=jenkins1000 | ip=192.168.34.23 | op=SEND_HEARTBEAT {datanodeUUID=c83cddd0-22b5-491d-bff0-a36373498de2, command=[]} | ret=SUCCESS |  
2019-08-23 18:29:07,664 | INFO  | DNAudit | user=null | ip=null | op=WRITE_CHUNK {blockData=conID: 2 locID: 102667711127028282 bcsId: 3348} | ret=SUCCESS |  
2019-08-23 18:29:07,667 | INFO  | DNAudit | user=null | ip=null | op=WRITE_CHUNK {blockData=conID: 2 locID: 102667711127028282 bcsId: 3348} | ret=SUCCESS |  
2019-08-23 18:29:07,667 | INFO  | DNAudit | user=null | ip=null | op=WRITE_CHUNK {blockData=conID: 2 locID: 102667711127028282 bcsId: 3348} | ret=SUCCESS |  
2019-08-23 18:29:07,676 | INFO  | DNAudit | user=null | ip=null | op=WRITE_CHUNK {blockData=conID: 2 locID: 102667711127028282 bcsId: 3348} | ret=SUCCESS |  
2019-08-23 18:29:07,677 | INFO  | DNAudit | user=null | ip=null | op=PUT_BLOCK {blockData=[blockId=conID: 2 locID: 102667711127028282 bcsId: 0,size=3145728]} | ret=SUCCESS |  
2019-08-23 18:29:07,677 [grpc-default-executor-3] INFO  client.GrpcClientProtocolClient (GrpcClientProtocolClient.java:onNext(255)) - client-19C32667576E->48affcab-e6e4-4602-963a-f6a50efbd54c: receive RaftClientReply:client-19C32667576E->48affcab-e6e4-4602-963a-f6a50efbd54c@group-50C56EAF5137, cid=2263, SUCCESS, logIndex=3353, commits[48affcab-e6e4-4602-963a-f6a50efbd54c:c3354, 7e391b60-07ae-4d97-a027-4756e468c032:c3352, c5f86d96-67df-4f25-bde3-316f439d30b3:c3352]
2019-08-23 18:29:07,678 [grpc-default-executor-3] INFO  client.GrpcClientProtocolClient (GrpcClientProtocolClient.java:onNext(255)) - client-19C32667576E->48affcab-e6e4-4602-963a-f6a50efbd54c: receive RaftClientReply:client-19C32667576E->48affcab-e6e4-4602-963a-f6a50efbd54c@group-50C56EAF5137, cid=2264, SUCCESS, logIndex=3354, commits[48affcab-e6e4-4602-963a-f6a50efbd54c:c3354, 7e391b60-07ae-4d97-a027-4756e468c032:c3352, c5f86d96-67df-4f25-bde3-316f439d30b3:c3352]
2019-08-23 18:29:07,684 | INFO  | DNAudit | user=null | ip=null | op=WRITE_CHUNK {blockData=conID: 2 locID: 102667711127028282 bcsId: 3354} | ret=SUCCESS |  
2019-08-23 18:29:07,687 | INFO  | DNAudit | user=null | ip=null | op=WRITE_CHUNK {blockData=conID: 2 locID: 102667711127028282 bcsId: 3354} | ret=SUCCESS |  
2019-08-23 18:29:07,687 | INFO  | DNAudit | user=null | ip=null | op=WRITE_CHUNK {blockData=conID: 2 locID: 102667711127028282 bcsId: 3354} | ret=SUCCESS |  
2019-08-23 18:29:07,688 | INFO  | DNAudit | user=null | ip=null | op=WRITE_CHUNK {blockData=conID: 2 locID: 102667711127028282 bcsId: 3348} | ret=SUCCESS |  
2019-08-23 18:29:07,688 | INFO  | DNAudit | user=null | ip=null | op=WRITE_CHUNK {blockData=conID: 2 locID: 102667711127028282 bcsId: 3348} | ret=SUCCESS |  
2019-08-23 18:29:07,689 | INFO  | DNAudit | user=null | ip=null | op=PUT_BLOCK {blockData=[blockId=conID: 2 locID: 102667711127028282 bcsId: 0,size=3145728]} | ret=SUCCESS |  
2019-08-23 18:29:07,690 | INFO  | DNAudit | user=null | ip=null | op=PUT_BLOCK {blockData=[blockId=conID: 2 locID: 102667711127028282 bcsId: 0,size=3145728]} | ret=SUCCESS |  
2019-08-23 18:29:07,690 | INFO  | DNAudit | user=null | ip=null | op=WRITE_CHUNK {blockData=conID: 2 locID: 102667711127028282 bcsId: 3354} | ret=SUCCESS |  
2019-08-23 18:29:07,690 | INFO  | DNAudit | user=null | ip=null | op=PUT_BLOCK {blockData=[blockId=conID: 2 locID: 102667711127028282 bcsId: 0,size=4194304]} | ret=SUCCESS |  
2019-08-23 18:29:07,691 [grpc-default-executor-4] INFO  client.GrpcClientProtocolClient (GrpcClientProtocolClient.java:onNext(255)) - client-19C32667576E->48affcab-e6e4-4602-963a-f6a50efbd54c: receive RaftClientReply:client-19C32667576E->48affcab-e6e4-4602-963a-f6a50efbd54c@group-50C56EAF5137, cid=2265, SUCCESS, logIndex=3357, commits[48affcab-e6e4-4602-963a-f6a50efbd54c:c3358, 7e391b60-07ae-4d97-a027-4756e468c032:c3354, c5f86d96-67df-4f25-bde3-316f439d30b3:c3353]
2019-08-23 18:29:07,691 [grpc-default-executor-4] INFO  client.GrpcClientProtocolClient (GrpcClientProtocolClient.java:onNext(255)) - client-19C32667576E->48affcab-e6e4-4602-963a-f6a50efbd54c: receive RaftClientReply:client-19C32667576E->48affcab-e6e4-4602-963a-f6a50efbd54c@group-50C56EAF5137, cid=2266, SUCCESS, logIndex=3358, commits[48affcab-e6e4-4602-963a-f6a50efbd54c:c3358, 7e391b60-07ae-4d97-a027-4756e468c032:c3354, c5f86d96-67df-4f25-bde3-316f439d30b3:c3354]
2019-08-23 18:29:07,705 | INFO  | DNAudit | user=null | ip=null | op=WRITE_CHUNK {blockData=conID: 2 locID: 102667711127028282 bcsId: 3354} | ret=SUCCESS |  
2019-08-23 18:29:07,705 | INFO  | DNAudit | user=null | ip=null | op=WRITE_CHUNK {blockData=conID: 2 locID: 102667711127028282 bcsId: 3354} | ret=SUCCESS |  
2019-08-23 18:29:07,705 | INFO  | DNAudit | user=null | ip=null | op=PUT_BLOCK {blockData=[blockId=conID: 2 locID: 102667711127028282 bcsId: 0,size=4194304]} | ret=SUCCESS |  
2019-08-23 18:29:07,705 | INFO  | DNAudit | user=null | ip=null | op=PUT_BLOCK {blockData=[blockId=conID: 2 locID: 102667711127028282 bcsId: 0,size=4194304]} | ret=SUCCESS |  
2019-08-23 18:29:07,705 [grpc-default-executor-4] INFO  client.GrpcClientProtocolClient (GrpcClientProtocolClient.java:onNext(255)) - client-19C32667576E->48affcab-e6e4-4602-963a-f6a50efbd54c: receive RaftClientReply:client-19C32667576E->48affcab-e6e4-4602-963a-f6a50efbd54c@group-50C56EAF5137, cid=2267, SUCCESS, logIndex=0, commits[48affcab-e6e4-4602-963a-f6a50efbd54c:c3359, 7e391b60-07ae-4d97-a027-4756e468c032:c3358, c5f86d96-67df-4f25-bde3-316f439d30b3:c3358]
2019-08-23 18:29:07,709 | INFO  | SCMAudit | user=jenkins1000 | ip=192.168.34.23 | op=SEND_HEARTBEAT {datanodeUUID=48affcab-e6e4-4602-963a-f6a50efbd54c, command=[]} | ret=SUCCESS |  
2019-08-23 18:29:07,709 | INFO  | SCMAudit | user=jenkins1000 | ip=192.168.34.23 | op=SEND_HEARTBEAT {datanodeUUID=58706fd2-d7f7-4771-af80-9e0541495c87, command=[]} | ret=SUCCESS |  
2019-08-23 18:29:07,709 | INFO  | SCMAudit | user=jenkins1000 | ip=192.168.34.23 | op=SEND_HEARTBEAT {datanodeUUID=7e391b60-07ae-4d97-a027-4756e468c032, command=[]} | ret=SUCCESS |  
2019-08-23 18:29:07,709 | INFO  | SCMAudit | user=jenkins1000 | ip=192.168.34.23 | op=SEND_HEARTBEAT {datanodeUUID=c5f86d96-67df-4f25-bde3-316f439d30b3, command=[]} | ret=SUCCESS |  
2019-08-23 18:29:07,709 | INFO  | SCMAudit | user=jenkins1000 | ip=192.168.34.23 | op=ALLOCATE_BLOCK {owner=1ceb8b80-28f1-43fd-86c3-175afc07b8d1, size=4194304, type=RATIS, factor=THREE} | ret=SUCCESS |  
2019-08-23 18:29:07,718 | INFO  | OMAudit | user=jenkins1000 | ip=127.0.0.1 | op=ALLOCATE_BLOCK {volume=vol-0-45438, bucket=bucket-0-23891, key=key-0-22455, dataSize=0, replicationType=null, replicationFactor=null, keyLocationInfo=null, clientID=102667710122492306} | ret=SUCCESS |  
2019-08-23 18:29:07,724 | INFO  | DNAudit | user=null | ip=null | op=WRITE_CHUNK {blockData=conID: 3 locID: 102667711133057595 bcsId: 0} | ret=SUCCESS |  
2019-08-23 18:29:07,727 | INFO  | DNAudit | user=null | ip=null | op=WRITE_CHUNK {blockData=conID: 3 locID: 102667711133057595 bcsId: 0} | ret=SUCCESS |  
2019-08-23 18:29:07,727 | INFO  | DNAudit | user=null | ip=null | op=WRITE_CHUNK {blockData=conID: 3 locID: 102667711133057595 bcsId: 0} | ret=SUCCESS |  
2019-08-23 18:29:07,727 | INFO  | DNAudit | user=null | ip=null | op=WRITE_CHUNK {blockData=conID: 3 locID: 102667711133057595 bcsId: 0} | ret=SUCCESS |  
2019-08-23 18:29:07,730 | INFO  | DNAudit | user=null | ip=null | op=WRITE_CHUNK {blockData=conID: 3 locID: 102667711133057595 bcsId: 0} | ret=SUCCESS |  
2019-08-23 18:29:07,730 | INFO  | DNAudit | user=null | ip=null | op=WRITE_CHUNK {blockData=conID: 3 locID: 102667711133057595 bcsId: 0} | ret=SUCCESS |  
2019-08-23 18:29:07,737 | INFO  | DNAudit | user=null | ip=null | op=WRITE_CHUNK {blockData=conID: 3 locID: 102667711133057595 bcsId: 0} | ret=SUCCESS |  
2019-08-23 18:29:07,737 | INFO  | DNAudit | user=null | ip=null | op=PUT_BLOCK {blockData=[blockId=conID: 3 locID: 102667711133057595 bcsId: 0,size=1048576]} | ret=SUCCESS |  
2019-08-23 18:29:07,737 [grpc-default-executor-5] INFO  client.GrpcClientProtocolClient (GrpcClientProtocolClient.java:onNext(255)) - client-19C32667576E->48affcab-e6e4-4602-963a-f6a50efbd54c: receive RaftClientReply:client-19C32667576E->48affcab-e6e4-4602-963a-f6a50efbd54c@group-50C56EAF5137, cid=2268, SUCCESS, logIndex=3361, commits[48affcab-e6e4-4602-963a-f6a50efbd54c:c3362, 7e391b60-07ae-4d97-a027-4756e468c032:c3360, c5f86d96-67df-4f25-bde3-316f439d30b3:c3360]
2019-08-23 18:29:07,738 [grpc-default-executor-5] INFO  client.GrpcClientProtocolClient (GrpcClientProtocolClient.java:onNext(255)) - client-19C32667576E->48affcab-e6e4-4602-963a-f6a50efbd54c: receive RaftClientReply:client-19C32667576E->48affcab-e6e4-4602-963a-f6a50efbd54c@group-50C56EAF5137, cid=2269, SUCCESS, logIndex=3362, commits[48affcab-e6e4-4602-963a-f6a50efbd54c:c3362, 7e391b60-07ae-4d97-a027-4756e468c032:c3360, c5f86d96-67df-4f25-bde3-316f439d30b3:c3360]
2019-08-23 18:29:07,739 | INFO  | DNAudit | user=null | ip=null | op=WRITE_CHUNK {blockData=conID: 3 locID: 102667711133057595 bcsId: 0} | ret=SUCCESS |  
2019-08-23 18:29:07,739 | INFO  | DNAudit | user=null | ip=null | op=PUT_BLOCK {blockData=[blockId=conID: 3 locID: 102667711133057595 bcsId: 0,size=2097152]} | ret=SUCCESS |  
2019-08-23 18:29:07,739 [grpc-default-executor-3] INFO  client.GrpcClientProtocolClient (GrpcClientProtocolClient.java:onNext(255)) - client-19C32667576E->48affcab-e6e4-4602-963a-f6a50efbd54c: receive RaftClientReply:client-19C32667576E->48affcab-e6e4-4602-963a-f6a50efbd54c@group-50C56EAF5137, cid=2270, SUCCESS, logIndex=3363, commits[48affcab-e6e4-4602-963a-f6a50efbd54c:c3364, 7e391b60-07ae-4d97-a027-4756e468c032:c3360, c5f86d96-67df-4f25-bde3-316f439d30b3:c3360]
2019-08-23 18:29:07,740 [grpc-default-executor-3] INFO  client.GrpcClientProtocolClient (GrpcClientProtocolClient.java:onNext(255)) - client-19C32667576E->48affcab-e6e4-4602-963a-f6a50efbd54c: receive RaftClientReply:client-19C32667576E->48affcab-e6e4-4602-963a-f6a50efbd54c@group-50C56EAF5137, cid=2271, SUCCESS, logIndex=3364, commits[48affcab-e6e4-4602-963a-f6a50efbd54c:c3364, 7e391b60-07ae-4d97-a027-4756e468c032:c3360, c5f86d96-67df-4f25-bde3-316f439d30b3:c3360]
2019-08-23 18:29:07,740 | INFO  | DNAudit | user=null | ip=null | op=WRITE_CHUNK {blockData=conID: 3 locID: 102667711133057595 bcsId: 0} | ret=SUCCESS |  
2019-08-23 18:29:07,740 | INFO  | DNAudit | user=null | ip=null | op=WRITE_CHUNK {blockData=conID: 3 locID: 102667711133057595 bcsId: 0} | ret=SUCCESS |  
2019-08-23 18:29:07,740 | INFO  | DNAudit | user=null | ip=null | op=PUT_BLOCK {blockData=[blockId=conID: 3 locID: 102667711133057595 bcsId: 0,size=1048576]} | ret=SUCCESS |  
2019-08-23 18:29:07,741 | INFO  | DNAudit | user=null | ip=null | op=PUT_BLOCK {blockData=[blockId=conID: 3 locID: 102667711133057595 bcsId: 0,size=1048576]} | ret=SUCCESS |  
2019-08-23 18:29:07,741 [grpc-default-executor-3] INFO  client.GrpcClientProtocolClient (GrpcClientProtocolClient.java:onNext(255)) - client-19C32667576E->48affcab-e6e4-4602-963a-f6a50efbd54c: receive RaftClientReply:client-19C32667576E->48affcab-e6e4-4602-963a-f6a50efbd54c@group-50C56EAF5137, cid=2272, SUCCESS, logIndex=0, commits[48affcab-e6e4-4602-963a-f6a50efbd54c:c3366, 7e391b60-07ae-4d97-a027-4756e468c032:c3362, c5f86d96-67df-4f25-bde3-316f439d30b3:c3362]
2019-08-23 18:29:07,743 | INFO  | DNAudit | user=null | ip=null | op=WRITE_CHUNK {blockData=conID: 3 locID: 102667711133057595 bcsId: 0} | ret=SUCCESS |  
2019-08-23 18:29:07,743 | INFO  | DNAudit | user=null | ip=null | op=WRITE_CHUNK {blockData=conID: 3 locID: 102667711133057595 bcsId: 0} | ret=SUCCESS |  
2019-08-23 18:29:07,743 | INFO  | DNAudit | user=null | ip=null | op=PUT_BLOCK {blockData=[blockId=conID: 3 locID: 102667711133057595 bcsId: 0,size=2097152]} | ret=SUCCESS |  
2019-08-23 18:29:07,743 | INFO  | DNAudit | user=null | ip=null | op=PUT_BLOCK {blockData=[blockId=conID: 3 locID: 102667711133057595 bcsId: 0,size=2097152]} | ret=SUCCESS |  
2019-08-23 18:29:07,747 | INFO  | DNAudit | user=null | ip=null | op=WRITE_CHUNK {blockData=conID: 3 locID: 102667711133057595 bcsId: 3364} | ret=SUCCESS |  
2019-08-23 18:29:07,749 | INFO  | DNAudit | user=null | ip=null | op=WRITE_CHUNK {blockData=conID: 3 locID: 102667711133057595 bcsId: 3364} | ret=SUCCESS |  
2019-08-23 18:29:07,750 | INFO  | DNAudit | user=null | ip=null | op=WRITE_CHUNK {blockData=conID: 3 locID: 102667711133057595 bcsId: 3364} | ret=SUCCESS |  
2019-08-23 18:29:07,758 | INFO  | DNAudit | user=null | ip=null | op=WRITE_CHUNK {blockData=conID: 3 locID: 102667711133057595 bcsId: 3364} | ret=SUCCESS |  
2019-08-23 18:29:07,758 | INFO  | DNAudit | user=null | ip=null | op=PUT_BLOCK {blockData=[blockId=conID: 3 locID: 102667711133057595 bcsId: 0,size=3145728]} | ret=SUCCESS |  
2019-08-23 18:29:07,759 [grpc-default-executor-3] INFO  client.GrpcClientProtocolClient (GrpcClientProtocolClient.java:onNext(255)) - client-19C32667576E->48affcab-e6e4-4602-963a-f6a50efbd54c: receive RaftClientReply:client-19C32667576E->48affcab-e6e4-4602-963a-f6a50efbd54c@group-50C56EAF5137, cid=2273, SUCCESS, logIndex=3369, commits[48affcab-e6e4-4602-963a-f6a50efbd54c:c3370, 7e391b60-07ae-4d97-a027-4756e468c032:c3368, c5f86d96-67df-4f25-bde3-316f439d30b3:c3368]
2019-08-23 18:29:07,759 [grpc-default-executor-3] INFO  client.GrpcClientProtocolClient (GrpcClientProtocolClient.java:onNext(255)) - client-19C32667576E->48affcab-e6e4-4602-963a-f6a50efbd54c: receive RaftClientReply:client-19C32667576E->48affcab-e6e4-4602-963a-f6a50efbd54c@group-50C56EAF5137, cid=2274, SUCCESS, logIndex=3370, commits[48affcab-e6e4-4602-963a-f6a50efbd54c:c3370, 7e391b60-07ae-4d97-a027-4756e468c032:c3368, c5f86d96-67df-4f25-bde3-316f439d30b3:c3368]
2019-08-23 18:29:07,760 | INFO  | DNAudit | user=null | ip=null | op=WRITE_CHUNK {blockData=conID: 3 locID: 102667711133057595 bcsId: 3364} | ret=SUCCESS |  
2019-08-23 18:29:07,760 | INFO  | DNAudit | user=null | ip=null | op=WRITE_CHUNK {blockData=conID: 3 locID: 102667711133057595 bcsId: 3364} | ret=SUCCESS |  
2019-08-23 18:29:07,760 | INFO  | DNAudit | user=null | ip=null | op=PUT_BLOCK {blockData=[blockId=conID: 3 locID: 102667711133057595 bcsId: 0,size=3145728]} | ret=SUCCESS |  
2019-08-23 18:29:07,760 | INFO  | DNAudit | user=null | ip=null | op=PUT_BLOCK {blockData=[blockId=conID: 3 locID: 102667711133057595 bcsId: 0,size=3145728]} | ret=SUCCESS |  
2019-08-23 18:29:07,765 | INFO  | DNAudit | user=null | ip=null | op=WRITE_CHUNK {blockData=conID: 3 locID: 102667711133057595 bcsId: 3370} | ret=SUCCESS |  
2019-08-23 18:29:07,767 | INFO  | DNAudit | user=null | ip=null | op=WRITE_CHUNK {blockData=conID: 3 locID: 102667711133057595 bcsId: 3370} | ret=SUCCESS |  
2019-08-23 18:29:07,768 | INFO  | DNAudit | user=null | ip=null | op=WRITE_CHUNK {blockData=conID: 3 locID: 102667711133057595 bcsId: 3370} | ret=SUCCESS |  
2019-08-23 18:29:07,770 | INFO  | DNAudit | user=null | ip=null | op=WRITE_CHUNK {blockData=conID: 3 locID: 102667711133057595 bcsId: 3370} | ret=SUCCESS |  
2019-08-23 18:29:07,770 | INFO  | DNAudit | user=null | ip=null | op=PUT_BLOCK {blockData=[blockId=conID: 3 locID: 102667711133057595 bcsId: 0,size=4194304]} | ret=SUCCESS |  
2019-08-23 18:29:07,770 [grpc-default-executor-3] INFO  client.GrpcClientProtocolClient (GrpcClientProtocolClient.java:onNext(255)) - client-19C32667576E->48affcab-e6e4-4602-963a-f6a50efbd54c: receive RaftClientReply:client-19C32667576E->48affcab-e6e4-4602-963a-f6a50efbd54c@group-50C56EAF5137, cid=2275, SUCCESS, logIndex=3373, commits[48affcab-e6e4-4602-963a-f6a50efbd54c:c3374, 7e391b60-07ae-4d97-a027-4756e468c032:c3372, c5f86d96-67df-4f25-bde3-316f439d30b3:c3370]
2019-08-23 18:29:07,771 [grpc-default-executor-3] INFO  client.GrpcClientProtocolClient (GrpcClientProtocolClient.java:onNext(255)) - client-19C32667576E->48affcab-e6e4-4602-963a-f6a50efbd54c: receive RaftClientReply:client-19C32667576E->48affcab-e6e4-4602-963a-f6a50efbd54c@group-50C56EAF5137, cid=2276, SUCCESS, logIndex=3374, commits[48affcab-e6e4-4602-963a-f6a50efbd54c:c3374, 7e391b60-07ae-4d97-a027-4756e468c032:c3372, c5f86d96-67df-4f25-bde3-316f439d30b3:c3372]
2019-08-23 18:29:07,771 | INFO  | DNAudit | user=null | ip=null | op=WRITE_CHUNK {blockData=conID: 3 locID: 102667711133057595 bcsId: 3370} | ret=SUCCESS |  
2019-08-23 18:29:07,771 | INFO  | DNAudit | user=null | ip=null | op=PUT_BLOCK {blockData=[blockId=conID: 3 locID: 102667711133057595 bcsId: 0,size=4194304]} | ret=SUCCESS |  
2019-08-23 18:29:07,771 | INFO  | DNAudit | user=null | ip=null | op=WRITE_CHUNK {blockData=conID: 3 locID: 102667711133057595 bcsId: 3370} | ret=SUCCESS |  
2019-08-23 18:29:07,772 | INFO  | DNAudit | user=null | ip=null | op=PUT_BLOCK {blockData=[blockId=conID: 3 locID: 102667711133057595 bcsId: 0,size=4194304]} | ret=SUCCESS |  
2019-08-23 18:29:07,772 [grpc-default-executor-3] INFO  client.GrpcClientProtocolClient (GrpcClientProtocolClient.java:onNext(255)) - client-19C32667576E->48affcab-e6e4-4602-963a-f6a50efbd54c: receive RaftClientReply:client-19C32667576E->48affcab-e6e4-4602-963a-f6a50efbd54c@group-50C56EAF5137, cid=2277, SUCCESS, logIndex=0, commits[48affcab-e6e4-4602-963a-f6a50efbd54c:c3375, 7e391b60-07ae-4d97-a027-4756e468c032:c3374, c5f86d96-67df-4f25-bde3-316f439d30b3:c3374]
2019-08-23 18:29:07,777 | INFO  | SCMAudit | user=jenkins1000 | ip=192.168.34.23 | op=ALLOCATE_BLOCK {owner=1ceb8b80-28f1-43fd-86c3-175afc07b8d1, size=4194304, type=RATIS, factor=THREE} | ret=SUCCESS |  
2019-08-23 18:29:07,780 | INFO  | OMAudit | user=jenkins1000 | ip=127.0.0.1 | op=ALLOCATE_BLOCK {volume=vol-0-45438, bucket=bucket-0-23891, key=key-0-22455, dataSize=0, replicationType=null, replicationFactor=null, keyLocationInfo=null, clientID=102667710122492306} | ret=SUCCESS |  
2019-08-23 18:29:07,787 | INFO  | DNAudit | user=null | ip=null | op=WRITE_CHUNK {blockData=conID: 1 locID: 102667711137514044 bcsId: 0} | ret=SUCCESS |  
2019-08-23 18:29:07,789 | INFO  | DNAudit | user=null | ip=null | op=WRITE_CHUNK {blockData=conID: 1 locID: 102667711137514044 bcsId: 0} | ret=SUCCESS |  
2019-08-23 18:29:07,789 | INFO  | DNAudit | user=null | ip=null | op=WRITE_CHUNK {blockData=conID: 1 locID: 102667711137514044 bcsId: 0} | ret=SUCCESS |  
2019-08-23 18:29:07,790 | INFO  | DNAudit | user=null | ip=null | op=WRITE_CHUNK {blockData=conID: 1 locID: 102667711137514044 bcsId: 0} | ret=SUCCESS |  
2019-08-23 18:29:07,791 | INFO  | DNAudit | user=null | ip=null | op=WRITE_CHUNK {blockData=conID: 1 locID: 102667711137514044 bcsId: 0} | ret=SUCCESS |  
2019-08-23 18:29:07,794 | INFO  | DNAudit | user=null | ip=null | op=WRITE_CHUNK {blockData=conID: 1 locID: 102667711137514044 bcsId: 0} | ret=SUCCESS |  
2019-08-23 18:29:07,795 | INFO  | DNAudit | user=null | ip=null | op=PUT_BLOCK {blockData=[blockId=conID: 1 locID: 102667711137514044 bcsId: 0,size=1048576]} | ret=SUCCESS |  
2019-08-23 18:29:07,795 [grpc-default-executor-0] INFO  client.GrpcClientProtocolClient (GrpcClientProtocolClient.java:onNext(255)) - client-19C32667576E->48affcab-e6e4-4602-963a-f6a50efbd54c: receive RaftClientReply:client-19C32667576E->48affcab-e6e4-4602-963a-f6a50efbd54c@group-50C56EAF5137, cid=2278, SUCCESS, logIndex=3377, commits[48affcab-e6e4-4602-963a-f6a50efbd54c:c3378, 7e391b60-07ae-4d97-a027-4756e468c032:c3374, c5f86d96-67df-4f25-bde3-316f439d30b3:c3376]
2019-08-23 18:29:07,795 | INFO  | DNAudit | user=null | ip=null | op=WRITE_CHUNK {blockData=conID: 1 locID: 102667711137514044 bcsId: 0} | ret=SUCCESS |  
2019-08-23 18:29:07,796 [grpc-default-executor-0] INFO  client.GrpcClientProtocolClient (GrpcClientProtocolClient.java:onNext(255)) - client-19C32667576E->48affcab-e6e4-4602-963a-f6a50efbd54c: receive RaftClientReply:client-19C32667576E->48affcab-e6e4-4602-963a-f6a50efbd54c@group-50C56EAF5137, cid=2279, SUCCESS, logIndex=3378, commits[48affcab-e6e4-4602-963a-f6a50efbd54c:c3378, 7e391b60-07ae-4d97-a027-4756e468c032:c3374, c5f86d96-67df-4f25-bde3-316f439d30b3:c3376]
2019-08-23 18:29:07,799 | INFO  | DNAudit | user=null | ip=null | op=WRITE_CHUNK {blockData=conID: 1 locID: 102667711137514044 bcsId: 0} | ret=SUCCESS |  
2019-08-23 18:29:07,799 | INFO  | DNAudit | user=null | ip=null | op=WRITE_CHUNK {blockData=conID: 1 locID: 102667711137514044 bcsId: 0} | ret=SUCCESS |  
2019-08-23 18:29:07,800 | INFO  | DNAudit | user=null | ip=null | op=PUT_BLOCK {blockData=[blockId=conID: 1 locID: 102667711137514044 bcsId: 0,size=1048576]} | ret=SUCCESS |  
2019-08-23 18:29:07,800 | INFO  | DNAudit | user=null | ip=null | op=WRITE_CHUNK {blockData=conID: 1 locID: 102667711137514044 bcsId: 0} | ret=SUCCESS |  
2019-08-23 18:29:07,800 | INFO  | DNAudit | user=null | ip=null | op=PUT_BLOCK {blockData=[blockId=conID: 1 locID: 102667711137514044 bcsId: 0,size=2097152]} | ret=SUCCESS |  
2019-08-23 18:29:07,800 | INFO  | DNAudit | user=null | ip=null | op=PUT_BLOCK {blockData=[blockId=conID: 1 locID: 102667711137514044 bcsId: 0,size=1048576]} | ret=SUCCESS |  
2019-08-23 18:29:07,800 [grpc-default-executor-5] INFO  client.GrpcClientProtocolClient (GrpcClientProtocolClient.java:onNext(255)) - client-19C32667576E->48affcab-e6e4-4602-963a-f6a50efbd54c: receive RaftClientReply:client-19C32667576E->48affcab-e6e4-4602-963a-f6a50efbd54c@group-50C56EAF5137, cid=2280, SUCCESS, logIndex=3379, commits[48affcab-e6e4-4602-963a-f6a50efbd54c:c3379, 7e391b60-07ae-4d97-a027-4756e468c032:c3374, c5f86d96-67df-4f25-bde3-316f439d30b3:c3376]
2019-08-23 18:29:07,801 [grpc-default-executor-5] INFO  client.GrpcClientProtocolClient (GrpcClientProtocolClient.java:onNext(255)) - client-19C32667576E->48affcab-e6e4-4602-963a-f6a50efbd54c: receive RaftClientReply:client-19C32667576E->48affcab-e6e4-4602-963a-f6a50efbd54c@group-50C56EAF5137, cid=2281, SUCCESS, logIndex=3380, commits[48affcab-e6e4-4602-963a-f6a50efbd54c:c3382, 7e391b60-07ae-4d97-a027-4756e468c032:c3376, c5f86d96-67df-4f25-bde3-316f439d30b3:c3378]
2019-08-23 18:29:07,802 [grpc-default-executor-5] INFO  client.GrpcClientProtocolClient (GrpcClientProtocolClient.java:onNext(255)) - client-19C32667576E->48affcab-e6e4-4602-963a-f6a50efbd54c: receive RaftClientReply:client-19C32667576E->48affcab-e6e4-4602-963a-f6a50efbd54c@group-50C56EAF5137, cid=2282, SUCCESS, logIndex=0, commits[48affcab-e6e4-4602-963a-f6a50efbd54c:c3382, 7e391b60-07ae-4d97-a027-4756e468c032:c3378, c5f86d96-67df-4f25-bde3-316f439d30b3:c3378]
2019-08-23 18:29:07,808 | INFO  | DNAudit | user=null | ip=null | op=WRITE_CHUNK {blockData=conID: 1 locID: 102667711137514044 bcsId: 3380} | ret=SUCCESS |  
2019-08-23 18:29:07,810 | INFO  | DNAudit | user=null | ip=null | op=WRITE_CHUNK {blockData=conID: 1 locID: 102667711137514044 bcsId: 3380} | ret=SUCCESS |  
2019-08-23 18:29:07,810 | INFO  | DNAudit | user=null | ip=null | op=WRITE_CHUNK {blockData=conID: 1 locID: 102667711137514044 bcsId: 3380} | ret=SUCCESS |  
2019-08-23 18:29:07,821 | INFO  | DNAudit | user=null | ip=null | op=WRITE_CHUNK {blockData=conID: 1 locID: 102667711137514044 bcsId: 0} | ret=SUCCESS |  
2019-08-23 18:29:07,822 | INFO  | DNAudit | user=null | ip=null | op=WRITE_CHUNK {blockData=conID: 1 locID: 102667711137514044 bcsId: 0} | ret=SUCCESS |  
2019-08-23 18:29:07,823 | INFO  | DNAudit | user=null | ip=null | op=PUT_BLOCK {blockData=[blockId=conID: 1 locID: 102667711137514044 bcsId: 0,size=2097152]} | ret=SUCCESS |  
2019-08-23 18:29:07,823 | INFO  | DNAudit | user=null | ip=null | op=WRITE_CHUNK {blockData=conID: 1 locID: 102667711137514044 bcsId: 3380} | ret=SUCCESS |  
2019-08-23 18:29:07,824 | INFO  | DNAudit | user=null | ip=null | op=PUT_BLOCK {blockData=[blockId=conID: 1 locID: 102667711137514044 bcsId: 0,size=2097152]} | ret=SUCCESS |  
2019-08-23 18:29:07,824 | INFO  | DNAudit | user=null | ip=null | op=PUT_BLOCK {blockData=[blockId=conID: 1 locID: 102667711137514044 bcsId: 0,size=3145728]} | ret=SUCCESS |  
2019-08-23 18:29:07,824 [grpc-default-executor-5] INFO  client.GrpcClientProtocolClient (GrpcClientProtocolClient.java:onNext(255)) - client-19C32667576E->48affcab-e6e4-4602-963a-f6a50efbd54c: receive RaftClientReply:client-19C32667576E->48affcab-e6e4-4602-963a-f6a50efbd54c@group-50C56EAF5137, cid=2283, SUCCESS, logIndex=3385, commits[48affcab-e6e4-4602-963a-f6a50efbd54c:c3385, 7e391b60-07ae-4d97-a027-4756e468c032:c3379, c5f86d96-67df-4f25-bde3-316f439d30b3:c3382]
2019-08-23 18:29:07,824 [grpc-default-executor-5] INFO  client.GrpcClientProtocolClient (GrpcClientProtocolClient.java:onNext(255)) - client-19C32667576E->48affcab-e6e4-4602-963a-f6a50efbd54c: receive RaftClientReply:client-19C32667576E->48affcab-e6e4-4602-963a-f6a50efbd54c@group-50C56EAF5137, cid=2284, SUCCESS, logIndex=3386, commits[48affcab-e6e4-4602-963a-f6a50efbd54c:c3386, 7e391b60-07ae-4d97-a027-4756e468c032:c3382, c5f86d96-67df-4f25-bde3-316f439d30b3:c3382]
2019-08-23 18:29:07,825 | INFO  | DNAudit | user=null | ip=null | op=WRITE_CHUNK {blockData=conID: 1 locID: 102667711137514044 bcsId: 3380} | ret=SUCCESS |  
2019-08-23 18:29:07,825 | INFO  | DNAudit | user=null | ip=null | op=WRITE_CHUNK {blockData=conID: 1 locID: 102667711137514044 bcsId: 3380} | ret=SUCCESS |  
2019-08-23 18:29:07,826 | INFO  | DNAudit | user=null | ip=null | op=PUT_BLOCK {blockData=[blockId=conID: 1 locID: 102667711137514044 bcsId: 0,size=3145728]} | ret=SUCCESS |  
2019-08-23 18:29:07,826 | INFO  | DNAudit | user=null | ip=null | op=PUT_BLOCK {blockData=[blockId=conID: 1 locID: 102667711137514044 bcsId: 0,size=3145728]} | ret=SUCCESS |  
2019-08-23 18:29:07,831 | INFO  | DNAudit | user=null | ip=null | op=WRITE_CHUNK {blockData=conID: 1 locID: 102667711137514044 bcsId: 3386} | ret=SUCCESS |  
2019-08-23 18:29:07,833 | INFO  | DNAudit | user=null | ip=null | op=WRITE_CHUNK {blockData=conID: 1 locID: 102667711137514044 bcsId: 3386} | ret=SUCCESS |  
2019-08-23 18:29:07,833 | INFO  | DNAudit | user=null | ip=null | op=WRITE_CHUNK {blockData=conID: 1 locID: 102667711137514044 bcsId: 3386} | ret=SUCCESS |  
2019-08-23 18:29:07,841 | INFO  | DNAudit | user=null | ip=null | op=WRITE_CHUNK {blockData=conID: 1 locID: 102667711137514044 bcsId: 3386} | ret=SUCCESS |  
2019-08-23 18:29:07,841 | INFO  | DNAudit | user=null | ip=null | op=PUT_BLOCK {blockData=[blockId=conID: 1 locID: 102667711137514044 bcsId: 0,size=4194304]} | ret=SUCCESS |  
2019-08-23 18:29:07,841 [grpc-default-executor-3] INFO  client.GrpcClientProtocolClient (GrpcClientProtocolClient.java:onNext(255)) - client-19C32667576E->48affcab-e6e4-4602-963a-f6a50efbd54c: receive RaftClientReply:client-19C32667576E->48affcab-e6e4-4602-963a-f6a50efbd54c@group-50C56EAF5137, cid=2285, SUCCESS, logIndex=3389, commits[48affcab-e6e4-4602-963a-f6a50efbd54c:c3390, 7e391b60-07ae-4d97-a027-4756e468c032:c3388, c5f86d96-67df-4f25-bde3-316f439d30b3:c3388]
2019-08-23 18:29:07,842 [grpc-default-executor-3] INFO  client.GrpcClientProtocolClient (GrpcClientProtocolClient.java:onNext(255)) - client-19C32667576E->48affcab-e6e4-4602-963a-f6a50efbd54c: receive RaftClientReply:client-19C32667576E->48affcab-e6e4-4602-963a-f6a50efbd54c@group-50C56EAF5137, cid=2286, SUCCESS, logIndex=3390, commits[48affcab-e6e4-4602-963a-f6a50efbd54c:c3390, 7e391b60-07ae-4d97-a027-4756e468c032:c3388, c5f86d96-67df-4f25-bde3-316f439d30b3:c3388]
2019-08-23 18:29:07,853 | INFO  | DNAudit | user=null | ip=null | op=WRITE_CHUNK {blockData=conID: 1 locID: 102667711137514044 bcsId: 3386} | ret=SUCCESS |  
2019-08-23 18:29:07,853 | INFO  | DNAudit | user=null | ip=null | op=WRITE_CHUNK {blockData=conID: 1 locID: 102667711137514044 bcsId: 3386} | ret=SUCCESS |  
2019-08-23 18:29:07,853 | INFO  | DNAudit | user=null | ip=null | op=PUT_BLOCK {blockData=[blockId=conID: 1 locID: 102667711137514044 bcsId: 0,size=4194304]} | ret=SUCCESS |  
2019-08-23 18:29:07,854 | INFO  | DNAudit | user=null | ip=null | op=PUT_BLOCK {blockData=[blockId=conID: 1 locID: 102667711137514044 bcsId: 0,size=4194304]} | ret=SUCCESS |  
2019-08-23 18:29:07,855 [grpc-default-executor-3] INFO  client.GrpcClientProtocolClient (GrpcClientProtocolClient.java:onNext(255)) - client-19C32667576E->48affcab-e6e4-4602-963a-f6a50efbd54c: receive RaftClientReply:client-19C32667576E->48affcab-e6e4-4602-963a-f6a50efbd54c@group-50C56EAF5137, cid=2287, SUCCESS, logIndex=0, commits[48affcab-e6e4-4602-963a-f6a50efbd54c:c3391, 7e391b60-07ae-4d97-a027-4756e468c032:c3390, c5f86d96-67df-4f25-bde3-316f439d30b3:c3390]
2019-08-23 18:29:07,860 | INFO  | SCMAudit | user=jenkins1000 | ip=192.168.34.23 | op=ALLOCATE_BLOCK {owner=1ceb8b80-28f1-43fd-86c3-175afc07b8d1, size=4194304, type=RATIS, factor=THREE} | ret=SUCCESS |  
2019-08-23 18:29:07,863 | INFO  | OMAudit | user=jenkins1000 | ip=127.0.0.1 | op=ALLOCATE_BLOCK {volume=vol-0-45438, bucket=bucket-0-23891, key=key-0-22455, dataSize=0, replicationType=null, replicationFactor=null, keyLocationInfo=null, clientID=102667710122492306} | ret=SUCCESS |  
2019-08-23 18:29:07,871 | INFO  | DNAudit | user=null | ip=null | op=WRITE_CHUNK {blockData=conID: 2 locID: 102667711142953533 bcsId: 0} | ret=SUCCESS |  
2019-08-23 18:29:07,873 | INFO  | DNAudit | user=null | ip=null | op=WRITE_CHUNK {blockData=conID: 2 locID: 102667711142953533 bcsId: 0} | ret=SUCCESS |  
2019-08-23 18:29:07,874 | INFO  | DNAudit | user=null | ip=null | op=WRITE_CHUNK {blockData=conID: 2 locID: 102667711142953533 bcsId: 0} | ret=SUCCESS |  
2019-08-23 18:29:07,874 | INFO  | DNAudit | user=null | ip=null | op=WRITE_CHUNK {blockData=conID: 2 locID: 102667711142953533 bcsId: 0} | ret=SUCCESS |  
2019-08-23 18:29:07,876 | INFO  | DNAudit | user=null | ip=null | op=WRITE_CHUNK {blockData=conID: 2 locID: 102667711142953533 bcsId: 0} | ret=SUCCESS |  
2019-08-23 18:29:07,876 | INFO  | DNAudit | user=null | ip=null | op=WRITE_CHUNK {blockData=conID: 2 locID: 102667711142953533 bcsId: 0} | ret=SUCCESS |  
2019-08-23 18:29:07,883 | INFO  | DNAudit | user=null | ip=null | op=WRITE_CHUNK {blockData=conID: 2 locID: 102667711142953533 bcsId: 0} | ret=SUCCESS |  
2019-08-23 18:29:07,884 | INFO  | DNAudit | user=null | ip=null | op=PUT_BLOCK {blockData=[blockId=conID: 2 locID: 102667711142953533 bcsId: 0,size=1048576]} | ret=SUCCESS |  
2019-08-23 18:29:07,884 [grpc-default-executor-5] INFO  client.GrpcClientProtocolClient (GrpcClientProtocolClient.java:onNext(255)) - client-19C32667576E->48affcab-e6e4-4602-963a-f6a50efbd54c: receive RaftClientReply:client-19C32667576E->48affcab-e6e4-4602-963a-f6a50efbd54c@group-50C56EAF5137, cid=2288, SUCCESS, logIndex=3393, commits[48affcab-e6e4-4602-963a-f6a50efbd54c:c3394, 7e391b60-07ae-4d97-a027-4756e468c032:c3392, c5f86d96-67df-4f25-bde3-316f439d30b3:c3392]
2019-08-23 18:29:07,885 | INFO  | DNAudit | user=null | ip=null | op=WRITE_CHUNK {blockData=conID: 2 locID: 102667711142953533 bcsId: 0} | ret=SUCCESS |  
2019-08-23 18:29:07,885 | INFO  | DNAudit | user=null | ip=null | op=PUT_BLOCK {blockData=[blockId=conID: 2 locID: 102667711142953533 bcsId: 0,size=2097152]} | ret=SUCCESS |  
2019-08-23 18:29:07,885 [grpc-default-executor-5] INFO  client.GrpcClientProtocolClient (GrpcClientProtocolClient.java:onNext(255)) - client-19C32667576E->48affcab-e6e4-4602-963a-f6a50efbd54c: receive RaftClientReply:client-19C32667576E->48affcab-e6e4-4602-963a-f6a50efbd54c@group-50C56EAF5137, cid=2289, SUCCESS, logIndex=3394, commits[48affcab-e6e4-4602-963a-f6a50efbd54c:c3394, 7e391b60-07ae-4d97-a027-4756e468c032:c3392, c5f86d96-67df-4f25-bde3-316f439d30b3:c3392]
2019-08-23 18:29:07,885 [grpc-default-executor-5] INFO  client.GrpcClientProtocolClient (GrpcClientProtocolClient.java:onNext(255)) - client-19C32667576E->48affcab-e6e4-4602-963a-f6a50efbd54c: receive RaftClientReply:client-19C32667576E->48affcab-e6e4-4602-963a-f6a50efbd54c@group-50C56EAF5137, cid=2290, SUCCESS, logIndex=3395, commits[48affcab-e6e4-4602-963a-f6a50efbd54c:c3395, 7e391b60-07ae-4d97-a027-4756e468c032:c3392, c5f86d96-67df-4f25-bde3-316f439d30b3:c3392]
2019-08-23 18:29:07,886 [grpc-default-executor-5] INFO  client.GrpcClientProtocolClient (GrpcClientProtocolClient.java:onNext(255)) - client-19C32667576E->48affcab-e6e4-4602-963a-f6a50efbd54c: receive RaftClientReply:client-19C32667576E->48affcab-e6e4-4602-963a-f6a50efbd54c@group-50C56EAF5137, cid=2291, SUCCESS, logIndex=3396, commits[48affcab-e6e4-4602-963a-f6a50efbd54c:c3396, 7e391b60-07ae-4d97-a027-4756e468c032:c3392, c5f86d96-67df-4f25-bde3-316f439d30b3:c3392]
2019-08-23 18:29:07,896 | INFO  | DNAudit | user=null | ip=null | op=WRITE_CHUNK {blockData=conID: 2 locID: 102667711142953533 bcsId: 0} | ret=SUCCESS |  
2019-08-23 18:29:07,896 | INFO  | DNAudit | user=null | ip=null | op=PUT_BLOCK {blockData=[blockId=conID: 2 locID: 102667711142953533 bcsId: 0,size=1048576]} | ret=SUCCESS |  
2019-08-23 18:29:07,896 | INFO  | DNAudit | user=null | ip=null | op=WRITE_CHUNK {blockData=conID: 2 locID: 102667711142953533 bcsId: 0} | ret=SUCCESS |  
2019-08-23 18:29:07,896 | INFO  | DNAudit | user=null | ip=null | op=PUT_BLOCK {blockData=[blockId=conID: 2 locID: 102667711142953533 bcsId: 0,size=1048576]} | ret=SUCCESS |  
2019-08-23 18:29:07,897 | INFO  | DNAudit | user=null | ip=null | op=WRITE_CHUNK {blockData=conID: 2 locID: 102667711142953533 bcsId: 0} | ret=SUCCESS |  
2019-08-23 18:29:07,897 | INFO  | DNAudit | user=null | ip=null | op=PUT_BLOCK {blockData=[blockId=conID: 2 locID: 102667711142953533 bcsId: 0,size=2097152]} | ret=SUCCESS |  
2019-08-23 18:29:07,897 [grpc-default-executor-5] INFO  client.GrpcClientProtocolClient (GrpcClientProtocolClient.java:onNext(255)) - client-19C32667576E->48affcab-e6e4-4602-963a-f6a50efbd54c: receive RaftClientReply:client-19C32667576E->48affcab-e6e4-4602-963a-f6a50efbd54c@group-50C56EAF5137, cid=2292, SUCCESS, logIndex=0, commits[48affcab-e6e4-4602-963a-f6a50efbd54c:c3398, 7e391b60-07ae-4d97-a027-4756e468c032:c3394, c5f86d96-67df-4f25-bde3-316f439d30b3:c3394]
2019-08-23 18:29:07,898 | INFO  | DNAudit | user=null | ip=null | op=WRITE_CHUNK {blockData=conID: 2 locID: 102667711142953533 bcsId: 0} | ret=SUCCESS |  
2019-08-23 18:29:07,898 | INFO  | DNAudit | user=null | ip=null | op=PUT_BLOCK {blockData=[blockId=conID: 2 locID: 102667711142953533 bcsId: 0,size=2097152]} | ret=SUCCESS |  
2019-08-23 18:29:07,903 | INFO  | DNAudit | user=null | ip=null | op=WRITE_CHUNK {blockData=conID: 2 locID: 102667711142953533 bcsId: 3396} | ret=SUCCESS |  
2019-08-23 18:29:07,905 | INFO  | DNAudit | user=null | ip=null | op=WRITE_CHUNK {blockData=conID: 2 locID: 102667711142953533 bcsId: 3396} | ret=SUCCESS |  
2019-08-23 18:29:07,905 | INFO  | DNAudit | user=null | ip=null | op=WRITE_CHUNK {blockData=conID: 2 locID: 102667711142953533 bcsId: 3396} | ret=SUCCESS |  
2019-08-23 18:29:07,916 | INFO  | DNAudit | user=null | ip=null | op=WRITE_CHUNK {blockData=conID: 2 locID: 102667711142953533 bcsId: 3396} | ret=SUCCESS |  
2019-08-23 18:29:07,916 | INFO  | DNAudit | user=null | ip=null | op=PUT_BLOCK {blockData=[blockId=conID: 2 locID: 102667711142953533 bcsId: 0,size=3145728]} | ret=SUCCESS |  
2019-08-23 18:29:07,916 [grpc-default-executor-0] INFO  client.GrpcClientProtocolClient (GrpcClientProtocolClient.java:onNext(255)) - client-19C32667576E->48affcab-e6e4-4602-963a-f6a50efbd54c: receive RaftClientReply:client-19C32667576E->48affcab-e6e4-4602-963a-f6a50efbd54c@group-50C56EAF5137, cid=2293, SUCCESS, logIndex=3401, commits[48affcab-e6e4-4602-963a-f6a50efbd54c:c3402, 7e391b60-07ae-4d97-a027-4756e468c032:c3400, c5f86d96-67df-4f25-bde3-316f439d30b3:c3400]
2019-08-23 18:29:07,917 [grpc-default-executor-0] INFO  client.GrpcClientProtocolClient (GrpcClientProtocolClient.java:onNext(255)) - client-19C32667576E->48affcab-e6e4-4602-963a-f6a50efbd54c: receive RaftClientReply:client-19C32667576E->48affcab-e6e4-4602-963a-f6a50efbd54c@group-50C56EAF5137, cid=2294, SUCCESS, logIndex=3402, commits[48affcab-e6e4-4602-963a-f6a50efbd54c:c3402, 7e391b60-07ae-4d97-a027-4756e468c032:c3400, c5f86d96-67df-4f25-bde3-316f439d30b3:c3400]
2019-08-23 18:29:07,924 | INFO  | DNAudit | user=null | ip=null | op=WRITE_CHUNK {blockData=conID: 2 locID: 102667711142953533 bcsId: 3402} | ret=SUCCESS |  
2019-08-23 18:29:07,926 | INFO  | DNAudit | user=null | ip=null | op=WRITE_CHUNK {blockData=conID: 2 locID: 102667711142953533 bcsId: 3402} | ret=SUCCESS |  
2019-08-23 18:29:07,926 | INFO  | DNAudit | user=null | ip=null | op=WRITE_CHUNK {blockData=conID: 2 locID: 102667711142953533 bcsId: 3402} | ret=SUCCESS |  
2019-08-23 18:29:07,927 | INFO  | DNAudit | user=null | ip=null | op=WRITE_CHUNK {blockData=conID: 2 locID: 102667711142953533 bcsId: 3396} | ret=SUCCESS |  
2019-08-23 18:29:07,927 | INFO  | DNAudit | user=null | ip=null | op=WRITE_CHUNK {blockData=conID: 2 locID: 102667711142953533 bcsId: 3396} | ret=SUCCESS |  
2019-08-23 18:29:07,929 | INFO  | DNAudit | user=null | ip=null | op=PUT_BLOCK {blockData=[blockId=conID: 2 locID: 102667711142953533 bcsId: 0,size=3145728]} | ret=SUCCESS |  
2019-08-23 18:29:07,929 | INFO  | DNAudit | user=null | ip=null | op=PUT_BLOCK {blockData=[blockId=conID: 2 locID: 102667711142953533 bcsId: 0,size=3145728]} | ret=SUCCESS |  
2019-08-23 18:29:07,930 | INFO  | DNAudit | user=null | ip=null | op=WRITE_CHUNK {blockData=conID: 2 locID: 102667711142953533 bcsId: 3402} | ret=SUCCESS |  
2019-08-23 18:29:07,930 | INFO  | DNAudit | user=null | ip=null | op=PUT_BLOCK {blockData=[blockId=conID: 2 locID: 102667711142953533 bcsId: 0,size=4194304]} | ret=SUCCESS |  
2019-08-23 18:29:07,931 [grpc-default-executor-3] INFO  client.GrpcClientProtocolClient (GrpcClientProtocolClient.java:onNext(255)) - client-19C32667576E->48affcab-e6e4-4602-963a-f6a50efbd54c: receive RaftClientReply:client-19C32667576E->48affcab-e6e4-4602-963a-f6a50efbd54c@group-50C56EAF5137, cid=2295, SUCCESS, logIndex=3405, commits[48affcab-e6e4-4602-963a-f6a50efbd54c:c3405, 7e391b60-07ae-4d97-a027-4756e468c032:c3402, c5f86d96-67df-4f25-bde3-316f439d30b3:c3402]
2019-08-23 18:29:07,931 [grpc-default-executor-3] INFO  client.GrpcClientProtocolClient (GrpcClientProtocolClient.java:onNext(255)) - client-19C32667576E->48affcab-e6e4-4602-963a-f6a50efbd54c: receive RaftClientReply:client-19C32667576E->48affcab-e6e4-4602-963a-f6a50efbd54c@group-50C56EAF5137, cid=2296, SUCCESS, logIndex=3406, commits[48affcab-e6e4-4602-963a-f6a50efbd54c:c3406, 7e391b60-07ae-4d97-a027-4756e468c032:c3402, c5f86d96-67df-4f25-bde3-316f439d30b3:c3402]
2019-08-23 18:29:07,942 | INFO  | DNAudit | user=null | ip=null | op=WRITE_CHUNK {blockData=conID: 2 locID: 102667711142953533 bcsId: 3402} | ret=SUCCESS |  
2019-08-23 18:29:07,942 | INFO  | DNAudit | user=null | ip=null | op=WRITE_CHUNK {blockData=conID: 2 locID: 102667711142953533 bcsId: 3402} | ret=SUCCESS |  
2019-08-23 18:29:07,944 | INFO  | DNAudit | user=null | ip=null | op=PUT_BLOCK {blockData=[blockId=conID: 2 locID: 102667711142953533 bcsId: 0,size=4194304]} | ret=SUCCESS |  
2019-08-23 18:29:07,945 | INFO  | DNAudit | user=null | ip=null | op=PUT_BLOCK {blockData=[blockId=conID: 2 locID: 102667711142953533 bcsId: 0,size=4194304]} | ret=SUCCESS |  
2019-08-23 18:29:07,945 [grpc-default-executor-0] INFO  client.GrpcClientProtocolClient (GrpcClientProtocolClient.java:onNext(255)) - client-19C32667576E->48affcab-e6e4-4602-963a-f6a50efbd54c: receive RaftClientReply:client-19C32667576E->48affcab-e6e4-4602-963a-f6a50efbd54c@group-50C56EAF5137, cid=2297, SUCCESS, logIndex=0, commits[48affcab-e6e4-4602-963a-f6a50efbd54c:c3408, 7e391b60-07ae-4d97-a027-4756e468c032:c3406, c5f86d96-67df-4f25-bde3-316f439d30b3:c3406]
2019-08-23 18:29:07,950 | INFO  | SCMAudit | user=jenkins1000 | ip=192.168.34.23 | op=ALLOCATE_BLOCK {owner=1ceb8b80-28f1-43fd-86c3-175afc07b8d1, size=4194304, type=RATIS, factor=THREE} | ret=SUCCESS |  
2019-08-23 18:29:07,954 | INFO  | OMAudit | user=jenkins1000 | ip=127.0.0.1 | op=ALLOCATE_BLOCK {volume=vol-0-45438, bucket=bucket-0-23891, key=key-0-22455, dataSize=0, replicationType=null, replicationFactor=null, keyLocationInfo=null, clientID=102667710122492306} | ret=SUCCESS |  
2019-08-23 18:29:07,960 | INFO  | DNAudit | user=null | ip=null | op=WRITE_CHUNK {blockData=conID: 3 locID: 102667711148851774 bcsId: 0} | ret=SUCCESS |  
2019-08-23 18:29:07,963 | INFO  | DNAudit | user=null | ip=null | op=WRITE_CHUNK {blockData=conID: 3 locID: 102667711148851774 bcsId: 0} | ret=SUCCESS |  
2019-08-23 18:29:07,963 | INFO  | DNAudit | user=null | ip=null | op=WRITE_CHUNK {blockData=conID: 3 locID: 102667711148851774 bcsId: 0} | ret=SUCCESS |  
2019-08-23 18:29:07,963 | INFO  | DNAudit | user=null | ip=null | op=WRITE_CHUNK {blockData=conID: 3 locID: 102667711148851774 bcsId: 0} | ret=SUCCESS |  
2019-08-23 18:29:07,966 | INFO  | DNAudit | user=null | ip=null | op=WRITE_CHUNK {blockData=conID: 3 locID: 102667711148851774 bcsId: 0} | ret=SUCCESS |  
2019-08-23 18:29:07,966 | INFO  | DNAudit | user=null | ip=null | op=WRITE_CHUNK {blockData=conID: 3 locID: 102667711148851774 bcsId: 0} | ret=SUCCESS |  
2019-08-23 18:29:07,973 | INFO  | DNAudit | user=null | ip=null | op=WRITE_CHUNK {blockData=conID: 3 locID: 102667711148851774 bcsId: 0} | ret=SUCCESS |  
2019-08-23 18:29:07,973 | INFO  | DNAudit | user=null | ip=null | op=PUT_BLOCK {blockData=[blockId=conID: 3 locID: 102667711148851774 bcsId: 0,size=1048576]} | ret=SUCCESS |  
2019-08-23 18:29:07,974 [grpc-default-executor-4] INFO  client.GrpcClientProtocolClient (GrpcClientProtocolClient.java:onNext(255)) - client-19C32667576E->48affcab-e6e4-4602-963a-f6a50efbd54c: receive RaftClientReply:client-19C32667576E->48affcab-e6e4-4602-963a-f6a50efbd54c@group-50C56EAF5137, cid=2298, SUCCESS, logIndex=3409, commits[48affcab-e6e4-4602-963a-f6a50efbd54c:c3410, 7e391b60-07ae-4d97-a027-4756e468c032:c3408, c5f86d96-67df-4f25-bde3-316f439d30b3:c3408]
2019-08-23 18:29:07,974 [grpc-default-executor-4] INFO  client.GrpcClientProtocolClient (GrpcClientProtocolClient.java:onNext(255)) - client-19C32667576E->48affcab-e6e4-4602-963a-f6a50efbd54c: receive RaftClientReply:client-19C32667576E->48affcab-e6e4-4602-963a-f6a50efbd54c@group-50C56EAF5137, cid=2299, SUCCESS, logIndex=3410, commits[48affcab-e6e4-4602-963a-f6a50efbd54c:c3410, 7e391b60-07ae-4d97-a027-4756e468c032:c3408, c5f86d96-67df-4f25-bde3-316f439d30b3:c3408]
2019-08-23 18:29:07,975 | INFO  | DNAudit | user=null | ip=null | op=WRITE_CHUNK {blockData=conID: 3 locID: 102667711148851774 bcsId: 0} | ret=SUCCESS |  
2019-08-23 18:29:07,976 | INFO  | DNAudit | user=null | ip=null | op=PUT_BLOCK {blockData=[blockId=conID: 3 locID: 102667711148851774 bcsId: 0,size=2097152]} | ret=SUCCESS |  
2019-08-23 18:29:07,976 [grpc-default-executor-0] INFO  client.GrpcClientProtocolClient (GrpcClientProtocolClient.java:onNext(255)) - client-19C32667576E->48affcab-e6e4-4602-963a-f6a50efbd54c: receive RaftClientReply:client-19C32667576E->48affcab-e6e4-4602-963a-f6a50efbd54c@group-50C56EAF5137, cid=2300, SUCCESS, logIndex=3411, commits[48affcab-e6e4-4602-963a-f6a50efbd54c:c3412, 7e391b60-07ae-4d97-a027-4756e468c032:c3408, c5f86d96-67df-4f25-bde3-316f439d30b3:c3408]
2019-08-23 18:29:07,976 [grpc-default-executor-0] INFO  client.GrpcClientProtocolClient (GrpcClientProtocolClient.java:onNext(255)) - client-19C32667576E->48affcab-e6e4-4602-963a-f6a50efbd54c: receive RaftClientReply:client-19C32667576E->48affcab-e6e4-4602-963a-f6a50efbd54c@group-50C56EAF5137, cid=2301, SUCCESS, logIndex=3412, commits[48affcab-e6e4-4602-963a-f6a50efbd54c:c3412, 7e391b60-07ae-4d97-a027-4756e468c032:c3408, c5f86d96-67df-4f25-bde3-316f439d30b3:c3408]
2019-08-23 18:29:07,986 | INFO  | DNAudit | user=null | ip=null | op=WRITE_CHUNK {blockData=conID: 3 locID: 102667711148851774 bcsId: 0} | ret=SUCCESS |  
2019-08-23 18:29:07,986 | INFO  | DNAudit | user=null | ip=null | op=WRITE_CHUNK {blockData=conID: 3 locID: 102667711148851774 bcsId: 0} | ret=SUCCESS |  
2019-08-23 18:29:07,986 | INFO  | DNAudit | user=null | ip=null | op=PUT_BLOCK {blockData=[blockId=conID: 3 locID: 102667711148851774 bcsId: 0,size=1048576]} | ret=SUCCESS |  
2019-08-23 18:29:07,987 | INFO  | DNAudit | user=null | ip=null | op=PUT_BLOCK {blockData=[blockId=conID: 3 locID: 102667711148851774 bcsId: 0,size=1048576]} | ret=SUCCESS |  
2019-08-23 18:29:07,987 | INFO  | DNAudit | user=null | ip=null | op=WRITE_CHUNK {blockData=conID: 3 locID: 102667711148851774 bcsId: 0} | ret=SUCCESS |  
2019-08-23 18:29:07,987 | INFO  | DNAudit | user=null | ip=null | op=WRITE_CHUNK {blockData=conID: 3 locID: 102667711148851774 bcsId: 0} | ret=SUCCESS |  
2019-08-23 18:29:07,987 | INFO  | DNAudit | user=null | ip=null | op=PUT_BLOCK {blockData=[blockId=conID: 3 locID: 102667711148851774 bcsId: 0,size=2097152]} | ret=SUCCESS |  
2019-08-23 18:29:07,987 | INFO  | DNAudit | user=null | ip=null | op=PUT_BLOCK {blockData=[blockId=conID: 3 locID: 102667711148851774 bcsId: 0,size=2097152]} | ret=SUCCESS |  
2019-08-23 18:29:07,988 [grpc-default-executor-0] INFO  client.GrpcClientProtocolClient (GrpcClientProtocolClient.java:onNext(255)) - client-19C32667576E->48affcab-e6e4-4602-963a-f6a50efbd54c: receive RaftClientReply:client-19C32667576E->48affcab-e6e4-4602-963a-f6a50efbd54c@group-50C56EAF5137, cid=2302, SUCCESS, logIndex=0, commits[48affcab-e6e4-4602-963a-f6a50efbd54c:c3414, 7e391b60-07ae-4d97-a027-4756e468c032:c3410, c5f86d96-67df-4f25-bde3-316f439d30b3:c3410]
2019-08-23 18:29:07,994 | INFO  | DNAudit | user=null | ip=null | op=WRITE_CHUNK {blockData=conID: 3 locID: 102667711148851774 bcsId: 3412} | ret=SUCCESS |  
2019-08-23 18:29:07,996 | INFO  | DNAudit | user=null | ip=null | op=WRITE_CHUNK {blockData=conID: 3 locID: 102667711148851774 bcsId: 3412} | ret=SUCCESS |  
2019-08-23 18:29:07,997 | INFO  | DNAudit | user=null | ip=null | op=WRITE_CHUNK {blockData=conID: 3 locID: 102667711148851774 bcsId: 3412} | ret=SUCCESS |  
2019-08-23 18:29:08,007 | INFO  | DNAudit | user=null | ip=null | op=WRITE_CHUNK {blockData=conID: 3 locID: 102667711148851774 bcsId: 3412} | ret=SUCCESS |  
2019-08-23 18:29:08,007 | INFO  | DNAudit | user=null | ip=null | op=PUT_BLOCK {blockData=[blockId=conID: 3 locID: 102667711148851774 bcsId: 0,size=3145728]} | ret=SUCCESS |  
2019-08-23 18:29:08,007 [grpc-default-executor-3] INFO  client.GrpcClientProtocolClient (GrpcClientProtocolClient.java:onNext(255)) - client-19C32667576E->48affcab-e6e4-4602-963a-f6a50efbd54c: receive RaftClientReply:client-19C32667576E->48affcab-e6e4-4602-963a-f6a50efbd54c@group-50C56EAF5137, cid=2303, SUCCESS, logIndex=3417, commits[48affcab-e6e4-4602-963a-f6a50efbd54c:c3418, 7e391b60-07ae-4d97-a027-4756e468c032:c3416, c5f86d96-67df-4f25-bde3-316f439d30b3:c3416]
2019-08-23 18:29:08,008 [grpc-default-executor-3] INFO  client.GrpcClientProtocolClient (GrpcClientProtocolClient.java:onNext(255)) - client-19C32667576E->48affcab-e6e4-4602-963a-f6a50efbd54c: receive RaftClientReply:client-19C32667576E->48affcab-e6e4-4602-963a-f6a50efbd54c@group-50C56EAF5137, cid=2304, SUCCESS, logIndex=3418, commits[48affcab-e6e4-4602-963a-f6a50efbd54c:c3418, 7e391b60-07ae-4d97-a027-4756e468c032:c3416, c5f86d96-67df-4f25-bde3-316f439d30b3:c3416]
2019-08-23 18:29:08,008 | INFO  | DNAudit | user=null | ip=null | op=WRITE_CHUNK {blockData=conID: 3 locID: 102667711148851774 bcsId: 3412} | ret=SUCCESS |  
2019-08-23 18:29:08,009 | INFO  | DNAudit | user=null | ip=null | op=WRITE_CHUNK {blockData=conID: 3 locID: 102667711148851774 bcsId: 3412} | ret=SUCCESS |  
2019-08-23 18:29:08,009 | INFO  | DNAudit | user=null | ip=null | op=PUT_BLOCK {blockData=[blockId=conID: 3 locID: 102667711148851774 bcsId: 0,size=3145728]} | ret=SUCCESS |  
2019-08-23 18:29:08,009 | INFO  | DNAudit | user=null | ip=null | op=PUT_BLOCK {blockData=[blockId=conID: 3 locID: 102667711148851774 bcsId: 0,size=3145728]} | ret=SUCCESS |  
2019-08-23 18:29:08,014 | INFO  | DNAudit | user=null | ip=null | op=WRITE_CHUNK {blockData=conID: 3 locID: 102667711148851774 bcsId: 3418} | ret=SUCCESS |  
2019-08-23 18:29:08,016 | INFO  | DNAudit | user=null | ip=null | op=WRITE_CHUNK {blockData=conID: 3 locID: 102667711148851774 bcsId: 3418} | ret=SUCCESS |  
2019-08-23 18:29:08,016 | INFO  | DNAudit | user=null | ip=null | op=WRITE_CHUNK {blockData=conID: 3 locID: 102667711148851774 bcsId: 3418} | ret=SUCCESS |  
2019-08-23 18:29:08,018 | INFO  | DNAudit | user=null | ip=null | op=WRITE_CHUNK {blockData=conID: 3 locID: 102667711148851774 bcsId: 3418} | ret=SUCCESS |  
2019-08-23 18:29:08,019 | INFO  | DNAudit | user=null | ip=null | op=PUT_BLOCK {blockData=[blockId=conID: 3 locID: 102667711148851774 bcsId: 0,size=4194304]} | ret=SUCCESS |  
2019-08-23 18:29:08,019 [grpc-default-executor-0] INFO  client.GrpcClientProtocolClient (GrpcClientProtocolClient.java:onNext(255)) - client-19C32667576E->48affcab-e6e4-4602-963a-f6a50efbd54c: receive RaftClientReply:client-19C32667576E->48affcab-e6e4-4602-963a-f6a50efbd54c@group-50C56EAF5137, cid=2305, SUCCESS, logIndex=3421, commits[48affcab-e6e4-4602-963a-f6a50efbd54c:c3422, 7e391b60-07ae-4d97-a027-4756e468c032:c3420, c5f86d96-67df-4f25-bde3-316f439d30b3:c3418]
2019-08-23 18:29:08,019 [grpc-default-executor-0] INFO  client.GrpcClientProtocolClient (GrpcClientProtocolClient.java:onNext(255)) - client-19C32667576E->48affcab-e6e4-4602-963a-f6a50efbd54c: receive RaftClientReply:client-19C32667576E->48affcab-e6e4-4602-963a-f6a50efbd54c@group-50C56EAF5137, cid=2306, SUCCESS, logIndex=3422, commits[48affcab-e6e4-4602-963a-f6a50efbd54c:c3422, 7e391b60-07ae-4d97-a027-4756e468c032:c3420, c5f86d96-67df-4f25-bde3-316f439d30b3:c3420]
2019-08-23 18:29:08,020 | INFO  | DNAudit | user=null | ip=null | op=WRITE_CHUNK {blockData=conID: 3 locID: 102667711148851774 bcsId: 3418} | ret=SUCCESS |  
2019-08-23 18:29:08,020 | INFO  | DNAudit | user=null | ip=null | op=WRITE_CHUNK {blockData=conID: 3 locID: 102667711148851774 bcsId: 3418} | ret=SUCCESS |  
2019-08-23 18:29:08,020 | INFO  | DNAudit | user=null | ip=null | op=PUT_BLOCK {blockData=[blockId=conID: 3 locID: 102667711148851774 bcsId: 0,size=4194304]} | ret=SUCCESS |  
2019-08-23 18:29:08,020 | INFO  | DNAudit | user=null | ip=null | op=PUT_BLOCK {blockData=[blockId=conID: 3 locID: 102667711148851774 bcsId: 0,size=4194304]} | ret=SUCCESS |  
2019-08-23 18:29:08,021 [grpc-default-executor-0] INFO  client.GrpcClientProtocolClient (GrpcClientProtocolClient.java:onNext(255)) - client-19C32667576E->48affcab-e6e4-4602-963a-f6a50efbd54c: receive RaftClientReply:client-19C32667576E->48affcab-e6e4-4602-963a-f6a50efbd54c@group-50C56EAF5137, cid=2307, SUCCESS, logIndex=0, commits[48affcab-e6e4-4602-963a-f6a50efbd54c:c3423, 7e391b60-07ae-4d97-a027-4756e468c032:c3422, c5f86d96-67df-4f25-bde3-316f439d30b3:c3422]
2019-08-23 18:29:08,025 | INFO  | SCMAudit | user=jenkins1000 | ip=192.168.34.23 | op=ALLOCATE_BLOCK {owner=1ceb8b80-28f1-43fd-86c3-175afc07b8d1, size=4194304, type=RATIS, factor=THREE} | ret=SUCCESS |  
2019-08-23 18:29:08,028 | INFO  | OMAudit | user=jenkins1000 | ip=127.0.0.1 | op=ALLOCATE_BLOCK {volume=vol-0-45438, bucket=bucket-0-23891, key=key-0-22455, dataSize=0, replicationType=null, replicationFactor=null, keyLocationInfo=null, clientID=102667710122492306} | ret=SUCCESS |  
2019-08-23 18:29:08,034 | INFO  | DNAudit | user=null | ip=null | op=WRITE_CHUNK {blockData=conID: 1 locID: 102667711153766975 bcsId: 0} | ret=SUCCESS |  
2019-08-23 18:29:08,203 | INFO  | DNAudit | user=null | ip=null | op=WRITE_CHUNK {blockData=conID: 1 locID: 102667711153766975 bcsId: 0} | ret=SUCCESS |  
2019-08-23 18:29:08,203 | INFO  | DNAudit | user=null | ip=null | op=WRITE_CHUNK {blockData=conID: 1 locID: 102667711153766975 bcsId: 0} | ret=SUCCESS |  
2019-08-23 18:29:08,204 | INFO  | DNAudit | user=null | ip=null | op=WRITE_CHUNK {blockData=conID: 1 locID: 102667711153766975 bcsId: 0} | ret=SUCCESS |  
2019-08-23 18:29:08,207 | INFO  | DNAudit | user=null | ip=null | op=WRITE_CHUNK {blockData=conID: 1 locID: 102667711153766975 bcsId: 0} | ret=SUCCESS |  
2019-08-23 18:29:08,207 | INFO  | DNAudit | user=null | ip=null | op=WRITE_CHUNK {blockData=conID: 1 locID: 102667711153766975 bcsId: 0} | ret=SUCCESS |  
2019-08-23 18:29:08,216 | INFO  | DNAudit | user=null | ip=null | op=WRITE_CHUNK {blockData=conID: 1 locID: 102667711153766975 bcsId: 0} | ret=SUCCESS |  
2019-08-23 18:29:08,216 | INFO  | DNAudit | user=null | ip=null | op=PUT_BLOCK {blockData=[blockId=conID: 1 locID: 102667711153766975 bcsId: 0,size=1048576]} | ret=SUCCESS |  
2019-08-23 18:29:08,217 [grpc-default-executor-4] INFO  client.GrpcClientProtocolClient (GrpcClientProtocolClient.java:onNext(255)) - client-19C32667576E->48affcab-e6e4-4602-963a-f6a50efbd54c: receive RaftClientReply:client-19C32667576E->48affcab-e6e4-4602-963a-f6a50efbd54c@group-50C56EAF5137, cid=2308, SUCCESS, logIndex=3425, commits[48affcab-e6e4-4602-963a-f6a50efbd54c:c3426, 7e391b60-07ae-4d97-a027-4756e468c032:c3424, c5f86d96-67df-4f25-bde3-316f439d30b3:c3424]
2019-08-23 18:29:08,217 [grpc-default-executor-4] INFO  client.GrpcClientProtocolClient (GrpcClientProtocolClient.java:onNext(255)) - client-19C32667576E->48affcab-e6e4-4602-963a-f6a50efbd54c: receive RaftClientReply:client-19C32667576E->48affcab-e6e4-4602-963a-f6a50efbd54c@group-50C56EAF5137, cid=2309, SUCCESS, logIndex=3426, commits[48affcab-e6e4-4602-963a-f6a50efbd54c:c3426, 7e391b60-07ae-4d97-a027-4756e468c032:c3424, c5f86d96-67df-4f25-bde3-316f439d30b3:c3424]
2019-08-23 18:29:08,227 | INFO  | DNAudit | user=null | ip=null | op=WRITE_CHUNK {blockData=conID: 1 locID: 102667711153766975 bcsId: 0} | ret=SUCCESS |  
2019-08-23 18:29:08,227 | INFO  | DNAudit | user=null | ip=null | op=WRITE_CHUNK {blockData=conID: 1 locID: 102667711153766975 bcsId: 0} | ret=SUCCESS |  
2019-08-23 18:29:08,227 | INFO  | DNAudit | user=null | ip=null | op=PUT_BLOCK {blockData=[blockId=conID: 1 locID: 102667711153766975 bcsId: 0,size=2097152]} | ret=SUCCESS |  
2019-08-23 18:29:08,228 | INFO  | DNAudit | user=null | ip=null | op=PUT_BLOCK {blockData=[blockId=conID: 1 locID: 102667711153766975 bcsId: 0,size=1048576]} | ret=SUCCESS |  
2019-08-23 18:29:08,228 [grpc-default-executor-0] INFO  client.GrpcClientProtocolClient (GrpcClientProtocolClient.java:onNext(255)) - client-19C32667576E->48affcab-e6e4-4602-963a-f6a50efbd54c: receive RaftClientReply:client-19C32667576E->48affcab-e6e4-4602-963a-f6a50efbd54c@group-50C56EAF5137, cid=2310, SUCCESS, logIndex=3427, commits[48affcab-e6e4-4602-963a-f6a50efbd54c:c3428, 7e391b60-07ae-4d97-a027-4756e468c032:c3424, c5f86d96-67df-4f25-bde3-316f439d30b3:c3424]
2019-08-23 18:29:08,229 | INFO  | DNAudit | user=null | ip=null | op=WRITE_CHUNK {blockData=conID: 1 locID: 102667711153766975 bcsId: 0} | ret=SUCCESS |  
2019-08-23 18:29:08,229 | INFO  | DNAudit | user=null | ip=null | op=WRITE_CHUNK {blockData=conID: 1 locID: 102667711153766975 bcsId: 0} | ret=SUCCESS |  
2019-08-23 18:29:08,229 [grpc-default-executor-0] INFO  client.GrpcClientProtocolClient (GrpcClientProtocolClient.java:onNext(255)) - client-19C32667576E->48affcab-e6e4-4602-963a-f6a50efbd54c: receive RaftClientReply:client-19C32667576E->48affcab-e6e4-4602-963a-f6a50efbd54c@group-50C56EAF5137, cid=2311, SUCCESS, logIndex=3428, commits[48affcab-e6e4-4602-963a-f6a50efbd54c:c3428, 7e391b60-07ae-4d97-a027-4756e468c032:c3424, c5f86d96-67df-4f25-bde3-316f439d30b3:c3424]
2019-08-23 18:29:08,229 | INFO  | DNAudit | user=null | ip=null | op=PUT_BLOCK {blockData=[blockId=conID: 1 locID: 102667711153766975 bcsId: 0,size=1048576]} | ret=SUCCESS |  
2019-08-23 18:29:08,229 | INFO  | DNAudit | user=null | ip=null | op=PUT_BLOCK {blockData=[blockId=conID: 1 locID: 102667711153766975 bcsId: 0,size=2097152]} | ret=SUCCESS |  
2019-08-23 18:29:08,229 | INFO  | DNAudit | user=null | ip=null | op=WRITE_CHUNK {blockData=conID: 1 locID: 102667711153766975 bcsId: 0} | ret=SUCCESS |  
2019-08-23 18:29:08,230 | INFO  | DNAudit | user=null | ip=null | op=PUT_BLOCK {blockData=[blockId=conID: 1 locID: 102667711153766975 bcsId: 0,size=2097152]} | ret=SUCCESS |  
2019-08-23 18:29:08,230 [grpc-default-executor-4] INFO  client.GrpcClientProtocolClient (GrpcClientProtocolClient.java:onNext(255)) - client-19C32667576E->48affcab-e6e4-4602-963a-f6a50efbd54c: receive RaftClientReply:client-19C32667576E->48affcab-e6e4-4602-963a-f6a50efbd54c@group-50C56EAF5137, cid=2312, SUCCESS, logIndex=0, commits[48affcab-e6e4-4602-963a-f6a50efbd54c:c3432, 7e391b60-07ae-4d97-a027-4756e468c032:c3428, c5f86d96-67df-4f25-bde3-316f439d30b3:c3428]
2019-08-23 18:29:08,237 | INFO  | DNAudit | user=null | ip=null | op=WRITE_CHUNK {blockData=conID: 1 locID: 102667711153766975 bcsId: 3428} | ret=SUCCESS |  
2019-08-23 18:29:08,239 | INFO  | DNAudit | user=null | ip=null | op=WRITE_CHUNK {blockData=conID: 1 locID: 102667711153766975 bcsId: 3428} | ret=SUCCESS |  
2019-08-23 18:29:08,240 | INFO  | DNAudit | user=null | ip=null | op=WRITE_CHUNK {blockData=conID: 1 locID: 102667711153766975 bcsId: 3428} | ret=SUCCESS |  
2019-08-23 18:29:08,249 | INFO  | DNAudit | user=null | ip=null | op=WRITE_CHUNK {blockData=conID: 1 locID: 102667711153766975 bcsId: 3428} | ret=SUCCESS |  
2019-08-23 18:29:08,250 | INFO  | DNAudit | user=null | ip=null | op=PUT_BLOCK {blockData=[blockId=conID: 1 locID: 102667711153766975 bcsId: 0,size=3145728]} | ret=SUCCESS |  
2019-08-23 18:29:08,250 [grpc-default-executor-3] INFO  client.GrpcClientProtocolClient (GrpcClientProtocolClient.java:onNext(255)) - client-19C32667576E->48affcab-e6e4-4602-963a-f6a50efbd54c: receive RaftClientReply:client-19C32667576E->48affcab-e6e4-4602-963a-f6a50efbd54c@group-50C56EAF5137, cid=2313, SUCCESS, logIndex=3433, commits[48affcab-e6e4-4602-963a-f6a50efbd54c:c3434, 7e391b60-07ae-4d97-a027-4756e468c032:c3432, c5f86d96-67df-4f25-bde3-316f439d30b3:c3432]
2019-08-23 18:29:08,251 [grpc-default-executor-3] INFO  client.GrpcClientProtocolClient (GrpcClientProtocolClient.java:onNext(255)) - client-19C32667576E->48affcab-e6e4-4602-963a-f6a50efbd54c: receive RaftClientReply:client-19C32667576E->48affcab-e6e4-4602-963a-f6a50efbd54c@group-50C56EAF5137, cid=2314, SUCCESS, logIndex=3434, commits[48affcab-e6e4-4602-963a-f6a50efbd54c:c3434, 7e391b60-07ae-4d97-a027-4756e468c032:c3432, c5f86d96-67df-4f25-bde3-316f439d30b3:c3432]
2019-08-23 18:29:08,258 | INFO  | DNAudit | user=null | ip=null | op=WRITE_CHUNK {blockData=conID: 1 locID: 102667711153766975 bcsId: 3434} | ret=SUCCESS |  
2019-08-23 18:29:08,261 | INFO  | DNAudit | user=null | ip=null | op=WRITE_CHUNK {blockData=conID: 1 locID: 102667711153766975 bcsId: 3434} | ret=SUCCESS |  
2019-08-23 18:29:08,261 | INFO  | DNAudit | user=null | ip=null | op=WRITE_CHUNK {blockData=conID: 1 locID: 102667711153766975 bcsId: 3428} | ret=SUCCESS |  
2019-08-23 18:29:08,261 | INFO  | DNAudit | user=null | ip=null | op=WRITE_CHUNK {blockData=conID: 1 locID: 102667711153766975 bcsId: 3428} | ret=SUCCESS |  
2019-08-23 18:29:08,262 | INFO  | DNAudit | user=null | ip=null | op=PUT_BLOCK {blockData=[blockId=conID: 1 locID: 102667711153766975 bcsId: 0,size=3145728]} | ret=SUCCESS |  
2019-08-23 18:29:08,262 | INFO  | DNAudit | user=null | ip=null | op=WRITE_CHUNK {blockData=conID: 1 locID: 102667711153766975 bcsId: 3434} | ret=SUCCESS |  
2019-08-23 18:29:08,262 | INFO  | DNAudit | user=null | ip=null | op=PUT_BLOCK {blockData=[blockId=conID: 1 locID: 102667711153766975 bcsId: 0,size=3145728]} | ret=SUCCESS |  
2019-08-23 18:29:08,263 | INFO  | DNAudit | user=null | ip=null | op=WRITE_CHUNK {blockData=conID: 1 locID: 102667711153766975 bcsId: 3434} | ret=SUCCESS |  
2019-08-23 18:29:08,263 | INFO  | DNAudit | user=null | ip=null | op=PUT_BLOCK {blockData=[blockId=conID: 1 locID: 102667711153766975 bcsId: 0,size=4194304]} | ret=SUCCESS |  
2019-08-23 18:29:08,263 [grpc-default-executor-3] INFO  client.GrpcClientProtocolClient (GrpcClientProtocolClient.java:onNext(255)) - client-19C32667576E->48affcab-e6e4-4602-963a-f6a50efbd54c: receive RaftClientReply:client-19C32667576E->48affcab-e6e4-4602-963a-f6a50efbd54c@group-50C56EAF5137, cid=2315, SUCCESS, logIndex=3437, commits[48affcab-e6e4-4602-963a-f6a50efbd54c:c3438, 7e391b60-07ae-4d97-a027-4756e468c032:c3434, c5f86d96-67df-4f25-bde3-316f439d30b3:c3434]
2019-08-23 18:29:08,264 [grpc-default-executor-3] INFO  client.GrpcClientProtocolClient (GrpcClientProtocolClient.java:onNext(255)) - client-19C32667576E->48affcab-e6e4-4602-963a-f6a50efbd54c: receive RaftClientReply:client-19C32667576E->48affcab-e6e4-4602-963a-f6a50efbd54c@group-50C56EAF5137, cid=2316, SUCCESS, logIndex=3438, commits[48affcab-e6e4-4602-963a-f6a50efbd54c:c3438, 7e391b60-07ae-4d97-a027-4756e468c032:c3434, c5f86d96-67df-4f25-bde3-316f439d30b3:c3434]
2019-08-23 18:29:08,265 | INFO  | DNAudit | user=null | ip=null | op=WRITE_CHUNK {blockData=conID: 1 locID: 102667711153766975 bcsId: 3434} | ret=SUCCESS |  
2019-08-23 18:29:08,266 | INFO  | DNAudit | user=null | ip=null | op=WRITE_CHUNK {blockData=conID: 1 locID: 102667711153766975 bcsId: 3434} | ret=SUCCESS |  
2019-08-23 18:29:08,277 | INFO  | DNAudit | user=null | ip=null | op=PUT_BLOCK {blockData=[blockId=conID: 1 locID: 102667711153766975 bcsId: 0,size=4194304]} | ret=SUCCESS |  
2019-08-23 18:29:08,277 | INFO  | DNAudit | user=null | ip=null | op=PUT_BLOCK {blockData=[blockId=conID: 1 locID: 102667711153766975 bcsId: 0,size=4194304]} | ret=SUCCESS |  
2019-08-23 18:29:08,278 [grpc-default-executor-3] INFO  client.GrpcClientProtocolClient (GrpcClientProtocolClient.java:onNext(255)) - client-19C32667576E->48affcab-e6e4-4602-963a-f6a50efbd54c: receive RaftClientReply:client-19C32667576E->48affcab-e6e4-4602-963a-f6a50efbd54c@group-50C56EAF5137, cid=2317, SUCCESS, logIndex=0, commits[48affcab-e6e4-4602-963a-f6a50efbd54c:c3440, 7e391b60-07ae-4d97-a027-4756e468c032:c3438, c5f86d96-67df-4f25-bde3-316f439d30b3:c3438]
2019-08-23 18:29:08,286 | INFO  | SCMAudit | user=jenkins1000 | ip=192.168.34.23 | op=ALLOCATE_BLOCK {owner=1ceb8b80-28f1-43fd-86c3-175afc07b8d1, size=4194304, type=RATIS, factor=THREE} | ret=SUCCESS |  
2019-08-23 18:29:08,290 | INFO  | OMAudit | user=jenkins1000 | ip=127.0.0.1 | op=ALLOCATE_BLOCK {volume=vol-0-45438, bucket=bucket-0-23891, key=key-0-22455, dataSize=0, replicationType=null, replicationFactor=null, keyLocationInfo=null, clientID=102667710122492306} | ret=SUCCESS |  
2019-08-23 18:29:08,298 | INFO  | DNAudit | user=null | ip=null | op=WRITE_CHUNK {blockData=conID: 2 locID: 102667711170871872 bcsId: 0} | ret=SUCCESS |  
2019-08-23 18:29:08,301 | INFO  | DNAudit | user=null | ip=null | op=WRITE_CHUNK {blockData=conID: 2 locID: 102667711170871872 bcsId: 0} | ret=SUCCESS |  
2019-08-23 18:29:08,301 | INFO  | DNAudit | user=null | ip=null | op=WRITE_CHUNK {blockData=conID: 2 locID: 102667711170871872 bcsId: 0} | ret=SUCCESS |  
2019-08-23 18:29:08,301 | INFO  | DNAudit | user=null | ip=null | op=WRITE_CHUNK {blockData=conID: 2 locID: 102667711170871872 bcsId: 0} | ret=SUCCESS |  
2019-08-23 18:29:08,302 | INFO  | DNAudit | user=null | ip=null | op=WRITE_CHUNK {blockData=conID: 2 locID: 102667711170871872 bcsId: 0} | ret=SUCCESS |  
2019-08-23 18:29:08,302 | INFO  | DNAudit | user=null | ip=null | op=WRITE_CHUNK {blockData=conID: 2 locID: 102667711170871872 bcsId: 0} | ret=SUCCESS |  
2019-08-23 18:29:08,310 | INFO  | DNAudit | user=null | ip=null | op=WRITE_CHUNK {blockData=conID: 2 locID: 102667711170871872 bcsId: 0} | ret=SUCCESS |  
2019-08-23 18:29:08,311 | INFO  | DNAudit | user=null | ip=null | op=PUT_BLOCK {blockData=[blockId=conID: 2 locID: 102667711170871872 bcsId: 0,size=1048576]} | ret=SUCCESS |  
2019-08-23 18:29:08,311 | INFO  | DNAudit | user=null | ip=null | op=WRITE_CHUNK {blockData=conID: 2 locID: 102667711170871872 bcsId: 0} | ret=SUCCESS |  
2019-08-23 18:29:08,311 [grpc-default-executor-0] INFO  client.GrpcClientProtocolClient (GrpcClientProtocolClient.java:onNext(255)) - client-19C32667576E->48affcab-e6e4-4602-963a-f6a50efbd54c: receive RaftClientReply:client-19C32667576E->48affcab-e6e4-4602-963a-f6a50efbd54c@group-50C56EAF5137, cid=2318, SUCCESS, logIndex=3441, commits[48affcab-e6e4-4602-963a-f6a50efbd54c:c3443, 7e391b60-07ae-4d97-a027-4756e468c032:c3440, c5f86d96-67df-4f25-bde3-316f439d30b3:c3440]
2019-08-23 18:29:08,312 | INFO  | DNAudit | user=null | ip=null | op=PUT_BLOCK {blockData=[blockId=conID: 2 locID: 102667711170871872 bcsId: 0,size=2097152]} | ret=SUCCESS |  
2019-08-23 18:29:08,312 | INFO  | DNAudit | user=null | ip=null | op=WRITE_CHUNK {blockData=conID: 2 locID: 102667711170871872 bcsId: 0} | ret=SUCCESS |  
2019-08-23 18:29:08,312 [grpc-default-executor-0] INFO  client.GrpcClientProtocolClient (GrpcClientProtocolClient.java:onNext(255)) - client-19C32667576E->48affcab-e6e4-4602-963a-f6a50efbd54c: receive RaftClientReply:client-19C32667576E->48affcab-e6e4-4602-963a-f6a50efbd54c@group-50C56EAF5137, cid=2319, SUCCESS, logIndex=3442, commits[48affcab-e6e4-4602-963a-f6a50efbd54c:c3444, 7e391b60-07ae-4d97-a027-4756e468c032:c3440, c5f86d96-67df-4f25-bde3-316f439d30b3:c3440]
2019-08-23 18:29:08,312 [grpc-default-executor-0] INFO  client.GrpcClientProtocolClient (GrpcClientProtocolClient.java:onNext(255)) - client-19C32667576E->48affcab-e6e4-4602-963a-f6a50efbd54c: receive RaftClientReply:client-19C32667576E->48affcab-e6e4-4602-963a-f6a50efbd54c@group-50C56EAF5137, cid=2320, SUCCESS, logIndex=3443, commits[48affcab-e6e4-4602-963a-f6a50efbd54c:c3444, 7e391b60-07ae-4d97-a027-4756e468c032:c3440, c5f86d96-67df-4f25-bde3-316f439d30b3:c3440]
2019-08-23 18:29:08,312 [grpc-default-executor-0] INFO  client.GrpcClientProtocolClient (GrpcClientProtocolClient.java:onNext(255)) - client-19C32667576E->48affcab-e6e4-4602-963a-f6a50efbd54c: receive RaftClientReply:client-19C32667576E->48affcab-e6e4-4602-963a-f6a50efbd54c@group-50C56EAF5137, cid=2321, SUCCESS, logIndex=3444, commits[48affcab-e6e4-4602-963a-f6a50efbd54c:c3445, 7e391b60-07ae-4d97-a027-4756e468c032:c3440, c5f86d96-67df-4f25-bde3-316f439d30b3:c3441]
2019-08-23 18:29:08,314 | INFO  | DNAudit | user=null | ip=null | op=WRITE_CHUNK {blockData=conID: 2 locID: 102667711170871872 bcsId: 0} | ret=SUCCESS |  
2019-08-23 18:29:08,314 | INFO  | DNAudit | user=null | ip=null | op=PUT_BLOCK {blockData=[blockId=conID: 2 locID: 102667711170871872 bcsId: 0,size=1048576]} | ret=SUCCESS |  
2019-08-23 18:29:08,314 | INFO  | DNAudit | user=null | ip=null | op=WRITE_CHUNK {blockData=conID: 2 locID: 102667711170871872 bcsId: 0} | ret=SUCCESS |  
2019-08-23 18:29:08,324 | INFO  | DNAudit | user=null | ip=null | op=PUT_BLOCK {blockData=[blockId=conID: 2 locID: 102667711170871872 bcsId: 0,size=1048576]} | ret=SUCCESS |  
2019-08-23 18:29:08,325 | INFO  | DNAudit | user=null | ip=null | op=WRITE_CHUNK {blockData=conID: 2 locID: 102667711170871872 bcsId: 0} | ret=SUCCESS |  
2019-08-23 18:29:08,325 | INFO  | DNAudit | user=null | ip=null | op=PUT_BLOCK {blockData=[blockId=conID: 2 locID: 102667711170871872 bcsId: 0,size=2097152]} | ret=SUCCESS |  
2019-08-23 18:29:08,325 | INFO  | DNAudit | user=null | ip=null | op=PUT_BLOCK {blockData=[blockId=conID: 2 locID: 102667711170871872 bcsId: 0,size=2097152]} | ret=SUCCESS |  
2019-08-23 18:29:08,325 [grpc-default-executor-3] INFO  client.GrpcClientProtocolClient (GrpcClientProtocolClient.java:onNext(255)) - client-19C32667576E->48affcab-e6e4-4602-963a-f6a50efbd54c: receive RaftClientReply:client-19C32667576E->48affcab-e6e4-4602-963a-f6a50efbd54c@group-50C56EAF5137, cid=2322, SUCCESS, logIndex=0, commits[48affcab-e6e4-4602-963a-f6a50efbd54c:c3446, 7e391b60-07ae-4d97-a027-4756e468c032:c3443, c5f86d96-67df-4f25-bde3-316f439d30b3:c3443]
2019-08-23 18:29:08,332 | INFO  | DNAudit | user=null | ip=null | op=WRITE_CHUNK {blockData=conID: 2 locID: 102667711170871872 bcsId: 3444} | ret=SUCCESS |  
2019-08-23 18:29:08,334 | INFO  | DNAudit | user=null | ip=null | op=WRITE_CHUNK {blockData=conID: 2 locID: 102667711170871872 bcsId: 3444} | ret=SUCCESS |  
2019-08-23 18:29:08,334 | INFO  | DNAudit | user=null | ip=null | op=WRITE_CHUNK {blockData=conID: 2 locID: 102667711170871872 bcsId: 3444} | ret=SUCCESS |  
2019-08-23 18:29:08,344 | INFO  | DNAudit | user=null | ip=null | op=WRITE_CHUNK {blockData=conID: 2 locID: 102667711170871872 bcsId: 3444} | ret=SUCCESS |  
2019-08-23 18:29:08,344 | INFO  | DNAudit | user=null | ip=null | op=PUT_BLOCK {blockData=[blockId=conID: 2 locID: 102667711170871872 bcsId: 0,size=3145728]} | ret=SUCCESS |  
2019-08-23 18:29:08,344 [grpc-default-executor-0] INFO  client.GrpcClientProtocolClient (GrpcClientProtocolClient.java:onNext(255)) - client-19C32667576E->48affcab-e6e4-4602-963a-f6a50efbd54c: receive RaftClientReply:client-19C32667576E->48affcab-e6e4-4602-963a-f6a50efbd54c@group-50C56EAF5137, cid=2323, SUCCESS, logIndex=3449, commits[48affcab-e6e4-4602-963a-f6a50efbd54c:c3450, 7e391b60-07ae-4d97-a027-4756e468c032:c3448, c5f86d96-67df-4f25-bde3-316f439d30b3:c3448]
2019-08-23 18:29:08,345 [grpc-default-executor-0] INFO  client.GrpcClientProtocolClient (GrpcClientProtocolClient.java:onNext(255)) - client-19C32667576E->48affcab-e6e4-4602-963a-f6a50efbd54c: receive RaftClientReply:client-19C32667576E->48affcab-e6e4-4602-963a-f6a50efbd54c@group-50C56EAF5137, cid=2324, SUCCESS, logIndex=3450, commits[48affcab-e6e4-4602-963a-f6a50efbd54c:c3450, 7e391b60-07ae-4d97-a027-4756e468c032:c3448, c5f86d96-67df-4f25-bde3-316f439d30b3:c3448]
2019-08-23 18:29:08,351 | INFO  | DNAudit | user=null | ip=null | op=WRITE_CHUNK {blockData=conID: 2 locID: 102667711170871872 bcsId: 3450} | ret=SUCCESS |  
2019-08-23 18:29:08,353 | INFO  | DNAudit | user=null | ip=null | op=WRITE_CHUNK {blockData=conID: 2 locID: 102667711170871872 bcsId: 3450} | ret=SUCCESS |  
2019-08-23 18:29:08,353 | INFO  | DNAudit | user=null | ip=null | op=WRITE_CHUNK {blockData=conID: 2 locID: 102667711170871872 bcsId: 3450} | ret=SUCCESS |  
2019-08-23 18:29:08,356 | INFO  | DNAudit | user=null | ip=null | op=WRITE_CHUNK {blockData=conID: 2 locID: 102667711170871872 bcsId: 3444} | ret=SUCCESS |  
2019-08-23 18:29:08,356 | INFO  | DNAudit | user=null | ip=null | op=WRITE_CHUNK {blockData=conID: 2 locID: 102667711170871872 bcsId: 3444} | ret=SUCCESS |  
2019-08-23 18:29:08,358 | INFO  | DNAudit | user=null | ip=null | op=PUT_BLOCK {blockData=[blockId=conID: 2 locID: 102667711170871872 bcsId: 0,size=3145728]} | ret=SUCCESS |  
2019-08-23 18:29:08,358 | INFO  | DNAudit | user=null | ip=null | op=PUT_BLOCK {blockData=[blockId=conID: 2 locID: 102667711170871872 bcsId: 0,size=3145728]} | ret=SUCCESS |  
2019-08-23 18:29:08,359 | INFO  | DNAudit | user=null | ip=null | op=WRITE_CHUNK {blockData=conID: 2 locID: 102667711170871872 bcsId: 3450} | ret=SUCCESS |  
2019-08-23 18:29:08,359 | INFO  | DNAudit | user=null | ip=null | op=PUT_BLOCK {blockData=[blockId=conID: 2 locID: 102667711170871872 bcsId: 0,size=4194304]} | ret=SUCCESS |  
2019-08-23 18:29:08,359 [grpc-default-executor-5] INFO  client.GrpcClientProtocolClient (GrpcClientProtocolClient.java:onNext(255)) - client-19C32667576E->48affcab-e6e4-4602-963a-f6a50efbd54c: receive RaftClientReply:client-19C32667576E->48affcab-e6e4-4602-963a-f6a50efbd54c@group-50C56EAF5137, cid=2325, SUCCESS, logIndex=3453, commits[48affcab-e6e4-4602-963a-f6a50efbd54c:c3453, 7e391b60-07ae-4d97-a027-4756e468c032:c3450, c5f86d96-67df-4f25-bde3-316f439d30b3:c3450]
2019-08-23 18:29:08,360 [grpc-default-executor-5] INFO  client.GrpcClientProtocolClient (GrpcClientProtocolClient.java:onNext(255)) - client-19C32667576E->48affcab-e6e4-4602-963a-f6a50efbd54c: receive RaftClientReply:client-19C32667576E->48affcab-e6e4-4602-963a-f6a50efbd54c@group-50C56EAF5137, cid=2326, SUCCESS, logIndex=3454, commits[48affcab-e6e4-4602-963a-f6a50efbd54c:c3454, 7e391b60-07ae-4d97-a027-4756e468c032:c3450, c5f86d96-67df-4f25-bde3-316f439d30b3:c3450]
2019-08-23 18:29:08,381 | INFO  | DNAudit | user=null | ip=null | op=WRITE_CHUNK {blockData=conID: 2 locID: 102667711170871872 bcsId: 3450} | ret=SUCCESS |  
2019-08-23 18:29:08,382 | INFO  | DNAudit | user=null | ip=null | op=WRITE_CHUNK {blockData=conID: 2 locID: 102667711170871872 bcsId: 3450} | ret=SUCCESS |  
2019-08-23 18:29:08,383 | INFO  | DNAudit | user=null | ip=null | op=PUT_BLOCK {blockData=[blockId=conID: 2 locID: 102667711170871872 bcsId: 0,size=4194304]} | ret=SUCCESS |  
2019-08-23 18:29:08,383 | INFO  | DNAudit | user=null | ip=null | op=PUT_BLOCK {blockData=[blockId=conID: 2 locID: 102667711170871872 bcsId: 0,size=4194304]} | ret=SUCCESS |  
2019-08-23 18:29:08,383 [grpc-default-executor-5] INFO  client.GrpcClientProtocolClient (GrpcClientProtocolClient.java:onNext(255)) - client-19C32667576E->48affcab-e6e4-4602-963a-f6a50efbd54c: receive RaftClientReply:client-19C32667576E->48affcab-e6e4-4602-963a-f6a50efbd54c@group-50C56EAF5137, cid=2327, SUCCESS, logIndex=0, commits[48affcab-e6e4-4602-963a-f6a50efbd54c:c3456, 7e391b60-07ae-4d97-a027-4756e468c032:c3454, c5f86d96-67df-4f25-bde3-316f439d30b3:c3454]
2019-08-23 18:29:08,388 | INFO  | SCMAudit | user=jenkins1000 | ip=192.168.34.23 | op=ALLOCATE_BLOCK {owner=1ceb8b80-28f1-43fd-86c3-175afc07b8d1, size=4194304, type=RATIS, factor=THREE} | ret=SUCCESS |  
2019-08-23 18:29:08,391 | INFO  | OMAudit | user=jenkins1000 | ip=127.0.0.1 | op=ALLOCATE_BLOCK {volume=vol-0-45438, bucket=bucket-0-23891, key=key-0-22455, dataSize=0, replicationType=null, replicationFactor=null, keyLocationInfo=null, clientID=102667710122492306} | ret=SUCCESS |  
2019-08-23 18:29:08,397 | INFO  | DNAudit | user=null | ip=null | op=WRITE_CHUNK {blockData=conID: 3 locID: 102667711177556545 bcsId: 0} | ret=SUCCESS |  
2019-08-23 18:29:08,399 | INFO  | DNAudit | user=null | ip=null | op=WRITE_CHUNK {blockData=conID: 3 locID: 102667711177556545 bcsId: 0} | ret=SUCCESS |  
2019-08-23 18:29:08,400 | INFO  | DNAudit | user=null | ip=null | op=WRITE_CHUNK {blockData=conID: 3 locID: 102667711177556545 bcsId: 0} | ret=SUCCESS |  
2019-08-23 18:29:08,400 | INFO  | DNAudit | user=null | ip=null | op=WRITE_CHUNK {blockData=conID: 3 locID: 102667711177556545 bcsId: 0} | ret=SUCCESS |  
2019-08-23 18:29:08,402 | INFO  | DNAudit | user=null | ip=null | op=WRITE_CHUNK {blockData=conID: 3 locID: 102667711177556545 bcsId: 0} | ret=SUCCESS |  
2019-08-23 18:29:08,402 | INFO  | DNAudit | user=null | ip=null | op=WRITE_CHUNK {blockData=conID: 3 locID: 102667711177556545 bcsId: 0} | ret=SUCCESS |  
2019-08-23 18:29:08,403 | INFO  | DNAudit | user=null | ip=null | op=PUT_BLOCK {blockData=[blockId=conID: 3 locID: 102667711177556545 bcsId: 0,size=1048576]} | ret=SUCCESS |  
2019-08-23 18:29:08,403 [grpc-default-executor-5] INFO  client.GrpcClientProtocolClient (GrpcClientProtocolClient.java:onNext(255)) - client-19C32667576E->48affcab-e6e4-4602-963a-f6a50efbd54c: receive RaftClientReply:client-19C32667576E->48affcab-e6e4-4602-963a-f6a50efbd54c@group-50C56EAF5137, cid=2328, SUCCESS, logIndex=3457, commits[48affcab-e6e4-4602-963a-f6a50efbd54c:c3458, 7e391b60-07ae-4d97-a027-4756e468c032:c3456, c5f86d96-67df-4f25-bde3-316f439d30b3:c3456]
2019-08-23 18:29:08,403 [grpc-default-executor-5] INFO  client.GrpcClientProtocolClient (GrpcClientProtocolClient.java:onNext(255)) - client-19C32667576E->48affcab-e6e4-4602-963a-f6a50efbd54c: receive RaftClientReply:client-19C32667576E->48affcab-e6e4-4602-963a-f6a50efbd54c@group-50C56EAF5137, cid=2329, SUCCESS, logIndex=3458, commits[48affcab-e6e4-4602-963a-f6a50efbd54c:c3458, 7e391b60-07ae-4d97-a027-4756e468c032:c3456, c5f86d96-67df-4f25-bde3-316f439d30b3:c3456]
2019-08-23 18:29:08,404 | INFO  | DNAudit | user=null | ip=null | op=WRITE_CHUNK {blockData=conID: 3 locID: 102667711177556545 bcsId: 0} | ret=SUCCESS |  
2019-08-23 18:29:08,404 | INFO  | DNAudit | user=null | ip=null | op=WRITE_CHUNK {blockData=conID: 3 locID: 102667711177556545 bcsId: 0} | ret=SUCCESS |  
2019-08-23 18:29:08,405 | INFO  | DNAudit | user=null | ip=null | op=PUT_BLOCK {blockData=[blockId=conID: 3 locID: 102667711177556545 bcsId: 0,size=2097152]} | ret=SUCCESS |  
2019-08-23 18:29:08,406 [grpc-default-executor-5] INFO  client.GrpcClientProtocolClient (GrpcClientProtocolClient.java:onNext(255)) - client-19C32667576E->48affcab-e6e4-4602-963a-f6a50efbd54c: receive RaftClientReply:client-19C32667576E->48affcab-e6e4-4602-963a-f6a50efbd54c@group-50C56EAF5137, cid=2330, SUCCESS, logIndex=3459, commits[48affcab-e6e4-4602-963a-f6a50efbd54c:c3460, 7e391b60-07ae-4d97-a027-4756e468c032:c3456, c5f86d96-67df-4f25-bde3-316f439d30b3:c3456]
2019-08-23 18:29:08,406 | INFO  | DNAudit | user=null | ip=null | op=WRITE_CHUNK {blockData=conID: 3 locID: 102667711177556545 bcsId: 0} | ret=SUCCESS |  
2019-08-23 18:29:08,406 | INFO  | DNAudit | user=null | ip=null | op=WRITE_CHUNK {blockData=conID: 3 locID: 102667711177556545 bcsId: 0} | ret=SUCCESS |  
2019-08-23 18:29:08,406 [grpc-default-executor-0] INFO  client.GrpcClientProtocolClient (GrpcClientProtocolClient.java:onNext(255)) - client-19C32667576E->48affcab-e6e4-4602-963a-f6a50efbd54c: receive RaftClientReply:client-19C32667576E->48affcab-e6e4-4602-963a-f6a50efbd54c@group-50C56EAF5137, cid=2331, SUCCESS, logIndex=3460, commits[48affcab-e6e4-4602-963a-f6a50efbd54c:c3460, 7e391b60-07ae-4d97-a027-4756e468c032:c3456, c5f86d96-67df-4f25-bde3-316f439d30b3:c3456]
2019-08-23 18:29:08,406 | INFO  | DNAudit | user=null | ip=null | op=PUT_BLOCK {blockData=[blockId=conID: 3 locID: 102667711177556545 bcsId: 0,size=1048576]} | ret=SUCCESS |  
2019-08-23 18:29:08,406 | INFO  | DNAudit | user=null | ip=null | op=PUT_BLOCK {blockData=[blockId=conID: 3 locID: 102667711177556545 bcsId: 0,size=1048576]} | ret=SUCCESS |  
2019-08-23 18:29:08,407 | INFO  | DNAudit | user=null | ip=null | op=WRITE_CHUNK {blockData=conID: 3 locID: 102667711177556545 bcsId: 0} | ret=SUCCESS |  
2019-08-23 18:29:08,407 [grpc-default-executor-0] INFO  client.GrpcClientProtocolClient (GrpcClientProtocolClient.java:onNext(255)) - client-19C32667576E->48affcab-e6e4-4602-963a-f6a50efbd54c: receive RaftClientReply:client-19C32667576E->48affcab-e6e4-4602-963a-f6a50efbd54c@group-50C56EAF5137, cid=2332, SUCCESS, logIndex=0, commits[48affcab-e6e4-4602-963a-f6a50efbd54c:c3462, 7e391b60-07ae-4d97-a027-4756e468c032:c3458, c5f86d96-67df-4f25-bde3-316f439d30b3:c3458]
2019-08-23 18:29:08,407 | INFO  | DNAudit | user=null | ip=null | op=PUT_BLOCK {blockData=[blockId=conID: 3 locID: 102667711177556545 bcsId: 0,size=2097152]} | ret=SUCCESS |  
2019-08-23 18:29:08,407 | INFO  | DNAudit | user=null | ip=null | op=WRITE_CHUNK {blockData=conID: 3 locID: 102667711177556545 bcsId: 0} | ret=SUCCESS |  
2019-08-23 18:29:08,407 | INFO  | DNAudit | user=null | ip=null | op=PUT_BLOCK {blockData=[blockId=conID: 3 locID: 102667711177556545 bcsId: 0,size=2097152]} | ret=SUCCESS |  
2019-08-23 18:29:08,413 | INFO  | DNAudit | user=null | ip=null | op=WRITE_CHUNK {blockData=conID: 3 locID: 102667711177556545 bcsId: 3460} | ret=SUCCESS |  
2019-08-23 18:29:08,416 | INFO  | DNAudit | user=null | ip=null | op=WRITE_CHUNK {blockData=conID: 3 locID: 102667711177556545 bcsId: 3460} | ret=SUCCESS |  
2019-08-23 18:29:08,416 | INFO  | DNAudit | user=null | ip=null | op=WRITE_CHUNK {blockData=conID: 3 locID: 102667711177556545 bcsId: 3460} | ret=SUCCESS |  
2019-08-23 18:29:08,427 | INFO  | DNAudit | user=null | ip=null | op=WRITE_CHUNK {blockData=conID: 3 locID: 102667711177556545 bcsId: 3460} | ret=SUCCESS |  
2019-08-23 18:29:08,427 | INFO  | DNAudit | user=null | ip=null | op=PUT_BLOCK {blockData=[blockId=conID: 3 locID: 102667711177556545 bcsId: 0,size=3145728]} | ret=SUCCESS |  
2019-08-23 18:29:08,428 [grpc-default-executor-5] INFO  client.GrpcClientProtocolClient (GrpcClientProtocolClient.java:onNext(255)) - client-19C32667576E->48affcab-e6e4-4602-963a-f6a50efbd54c: receive RaftClientReply:client-19C32667576E->48affcab-e6e4-4602-963a-f6a50efbd54c@group-50C56EAF5137, cid=2333, SUCCESS, logIndex=3465, commits[48affcab-e6e4-4602-963a-f6a50efbd54c:c3466, 7e391b60-07ae-4d97-a027-4756e468c032:c3464, c5f86d96-67df-4f25-bde3-316f439d30b3:c3464]
2019-08-23 18:29:08,428 [grpc-default-executor-5] INFO  client.GrpcClientProtocolClient (GrpcClientProtocolClient.java:onNext(255)) - client-19C32667576E->48affcab-e6e4-4602-963a-f6a50efbd54c: receive RaftClientReply:client-19C32667576E->48affcab-e6e4-4602-963a-f6a50efbd54c@group-50C56EAF5137, cid=2334, SUCCESS, logIndex=3466, commits[48affcab-e6e4-4602-963a-f6a50efbd54c:c3466, 7e391b60-07ae-4d97-a027-4756e468c032:c3464, c5f86d96-67df-4f25-bde3-316f439d30b3:c3464]
2019-08-23 18:29:08,435 | INFO  | DNAudit | user=null | ip=null | op=WRITE_CHUNK {blockData=conID: 3 locID: 102667711177556545 bcsId: 3466} | ret=SUCCESS |  
2019-08-23 18:29:08,439 | INFO  | DNAudit | user=null | ip=null | op=WRITE_CHUNK {blockData=conID: 3 locID: 102667711177556545 bcsId: 3460} | ret=SUCCESS |  
2019-08-23 18:29:08,439 | INFO  | DNAudit | user=null | ip=null | op=WRITE_CHUNK {blockData=conID: 3 locID: 102667711177556545 bcsId: 3460} | ret=SUCCESS |  
2019-08-23 18:29:08,439 | INFO  | DNAudit | user=null | ip=null | op=PUT_BLOCK {blockData=[blockId=conID: 3 locID: 102667711177556545 bcsId: 0,size=3145728]} | ret=SUCCESS |  
2019-08-23 18:29:08,439 | INFO  | DNAudit | user=null | ip=null | op=PUT_BLOCK {blockData=[blockId=conID: 3 locID: 102667711177556545 bcsId: 0,size=3145728]} | ret=SUCCESS |  
2019-08-23 18:29:08,440 | INFO  | DNAudit | user=null | ip=null | op=WRITE_CHUNK {blockData=conID: 3 locID: 102667711177556545 bcsId: 3466} | ret=SUCCESS |  
2019-08-23 18:29:08,440 | INFO  | DNAudit | user=null | ip=null | op=WRITE_CHUNK {blockData=conID: 3 locID: 102667711177556545 bcsId: 3466} | ret=SUCCESS |  
2019-08-23 18:29:08,452 | INFO  | DNAudit | user=null | ip=null | op=WRITE_CHUNK {blockData=conID: 3 locID: 102667711177556545 bcsId: 3466} | ret=SUCCESS |  
2019-08-23 18:29:08,452 | INFO  | DNAudit | user=null | ip=null | op=PUT_BLOCK {blockData=[blockId=conID: 3 locID: 102667711177556545 bcsId: 0,size=4194304]} | ret=SUCCESS |  
2019-08-23 18:29:08,452 [grpc-default-executor-0] INFO  client.GrpcClientProtocolClient (GrpcClientProtocolClient.java:onNext(255)) - client-19C32667576E->48affcab-e6e4-4602-963a-f6a50efbd54c: receive RaftClientReply:client-19C32667576E->48affcab-e6e4-4602-963a-f6a50efbd54c@group-50C56EAF5137, cid=2335, SUCCESS, logIndex=3469, commits[48affcab-e6e4-4602-963a-f6a50efbd54c:c3470, 7e391b60-07ae-4d97-a027-4756e468c032:c3466, c5f86d96-67df-4f25-bde3-316f439d30b3:c3466]
2019-08-23 18:29:08,453 | INFO  | DNAudit | user=null | ip=null | op=WRITE_CHUNK {blockData=conID: 3 locID: 102667711177556545 bcsId: 3466} | ret=SUCCESS |  
2019-08-23 18:29:08,453 | INFO  | DNAudit | user=null | ip=null | op=WRITE_CHUNK {blockData=conID: 3 locID: 102667711177556545 bcsId: 3466} | ret=SUCCESS |  
2019-08-23 18:29:08,453 [grpc-default-executor-4] INFO  client.GrpcClientProtocolClient (GrpcClientProtocolClient.java:onNext(255)) - client-19C32667576E->48affcab-e6e4-4602-963a-f6a50efbd54c: receive RaftClientReply:client-19C32667576E->48affcab-e6e4-4602-963a-f6a50efbd54c@group-50C56EAF5137, cid=2336, SUCCESS, logIndex=3470, commits[48affcab-e6e4-4602-963a-f6a50efbd54c:c3470, 7e391b60-07ae-4d97-a027-4756e468c032:c3466, c5f86d96-67df-4f25-bde3-316f439d30b3:c3466]
2019-08-23 18:29:08,454 | INFO  | DNAudit | user=null | ip=null | op=PUT_BLOCK {blockData=[blockId=conID: 3 locID: 102667711177556545 bcsId: 0,size=4194304]} | ret=SUCCESS |  
2019-08-23 18:29:08,454 | INFO  | DNAudit | user=null | ip=null | op=PUT_BLOCK {blockData=[blockId=conID: 3 locID: 102667711177556545 bcsId: 0,size=4194304]} | ret=SUCCESS |  
2019-08-23 18:29:08,454 [grpc-default-executor-4] INFO  client.GrpcClientProtocolClient (GrpcClientProtocolClient.java:onNext(255)) - client-19C32667576E->48affcab-e6e4-4602-963a-f6a50efbd54c: receive RaftClientReply:client-19C32667576E->48affcab-e6e4-4602-963a-f6a50efbd54c@group-50C56EAF5137, cid=2337, SUCCESS, logIndex=0, commits[48affcab-e6e4-4602-963a-f6a50efbd54c:c3471, 7e391b60-07ae-4d97-a027-4756e468c032:c3470, c5f86d96-67df-4f25-bde3-316f439d30b3:c3470]
2019-08-23 18:29:08,458 | INFO  | SCMAudit | user=jenkins1000 | ip=192.168.34.23 | op=ALLOCATE_BLOCK {owner=1ceb8b80-28f1-43fd-86c3-175afc07b8d1, size=4194304, type=RATIS, factor=THREE} | ret=SUCCESS |  
2019-08-23 18:29:08,460 | INFO  | OMAudit | user=jenkins1000 | ip=127.0.0.1 | op=ALLOCATE_BLOCK {volume=vol-0-45438, bucket=bucket-0-23891, key=key-0-22455, dataSize=0, replicationType=null, replicationFactor=null, keyLocationInfo=null, clientID=102667710122492306} | ret=SUCCESS |  
2019-08-23 18:29:08,466 | INFO  | DNAudit | user=null | ip=null | op=WRITE_CHUNK {blockData=conID: 1 locID: 102667711182144066 bcsId: 0} | ret=SUCCESS |  
2019-08-23 18:29:08,468 | INFO  | DNAudit | user=null | ip=null | op=WRITE_CHUNK {blockData=conID: 1 locID: 102667711182144066 bcsId: 0} | ret=SUCCESS |  
2019-08-23 18:29:08,469 | INFO  | DNAudit | user=null | ip=null | op=WRITE_CHUNK {blockData=conID: 1 locID: 102667711182144066 bcsId: 0} | ret=SUCCESS |  
2019-08-23 18:29:08,469 | INFO  | DNAudit | user=null | ip=null | op=WRITE_CHUNK {blockData=conID: 1 locID: 102667711182144066 bcsId: 0} | ret=SUCCESS |  
2019-08-23 18:29:08,472 | INFO  | DNAudit | user=null | ip=null | op=WRITE_CHUNK {blockData=conID: 1 locID: 102667711182144066 bcsId: 0} | ret=SUCCESS |  
2019-08-23 18:29:08,472 | INFO  | DNAudit | user=null | ip=null | op=WRITE_CHUNK {blockData=conID: 1 locID: 102667711182144066 bcsId: 0} | ret=SUCCESS |  
2019-08-23 18:29:08,479 | INFO  | DNAudit | user=null | ip=null | op=WRITE_CHUNK {blockData=conID: 1 locID: 102667711182144066 bcsId: 0} | ret=SUCCESS |  
2019-08-23 18:29:08,480 | INFO  | DNAudit | user=null | ip=null | op=PUT_BLOCK {blockData=[blockId=conID: 1 locID: 102667711182144066 bcsId: 0,size=1048576]} | ret=SUCCESS |  
2019-08-23 18:29:08,480 [grpc-default-executor-4] INFO  client.GrpcClientProtocolClient (GrpcClientProtocolClient.java:onNext(255)) - client-19C32667576E->48affcab-e6e4-4602-963a-f6a50efbd54c: receive RaftClientReply:client-19C32667576E->48affcab-e6e4-4602-963a-f6a50efbd54c@group-50C56EAF5137, cid=2338, SUCCESS, logIndex=3473, commits[48affcab-e6e4-4602-963a-f6a50efbd54c:c3474, 7e391b60-07ae-4d97-a027-4756e468c032:c3472, c5f86d96-67df-4f25-bde3-316f439d30b3:c3472]
2019-08-23 18:29:08,480 | INFO  | DNAudit | user=null | ip=null | op=WRITE_CHUNK {blockData=conID: 1 locID: 102667711182144066 bcsId: 0} | ret=SUCCESS |  
2019-08-23 18:29:08,480 [grpc-default-executor-4] INFO  client.GrpcClientProtocolClient (GrpcClientProtocolClient.java:onNext(255)) - client-19C32667576E->48affcab-e6e4-4602-963a-f6a50efbd54c: receive RaftClientReply:client-19C32667576E->48affcab-e6e4-4602-963a-f6a50efbd54c@group-50C56EAF5137, cid=2339, SUCCESS, logIndex=3474, commits[48affcab-e6e4-4602-963a-f6a50efbd54c:c3474, 7e391b60-07ae-4d97-a027-4756e468c032:c3472, c5f86d96-67df-4f25-bde3-316f439d30b3:c3472]
2019-08-23 18:29:08,480 | INFO  | DNAudit | user=null | ip=null | op=PUT_BLOCK {blockData=[blockId=conID: 1 locID: 102667711182144066 bcsId: 0,size=2097152]} | ret=SUCCESS |  
2019-08-23 18:29:08,481 [grpc-default-executor-4] INFO  client.GrpcClientProtocolClient (GrpcClientProtocolClient.java:onNext(255)) - client-19C32667576E->48affcab-e6e4-4602-963a-f6a50efbd54c: receive RaftClientReply:client-19C32667576E->48affcab-e6e4-4602-963a-f6a50efbd54c@group-50C56EAF5137, cid=2340, SUCCESS, logIndex=3475, commits[48affcab-e6e4-4602-963a-f6a50efbd54c:c3476, 7e391b60-07ae-4d97-a027-4756e468c032:c3472, c5f86d96-67df-4f25-bde3-316f439d30b3:c3472]
2019-08-23 18:29:08,481 [grpc-default-executor-4] INFO  client.GrpcClientProtocolClient (GrpcClientProtocolClient.java:onNext(255)) - client-19C32667576E->48affcab-e6e4-4602-963a-f6a50efbd54c: receive RaftClientReply:client-19C32667576E->48affcab-e6e4-4602-963a-f6a50efbd54c@group-50C56EAF5137, cid=2341, SUCCESS, logIndex=3476, commits[48affcab-e6e4-4602-963a-f6a50efbd54c:c3476, 7e391b60-07ae-4d97-a027-4756e468c032:c3472, c5f86d96-67df-4f25-bde3-316f439d30b3:c3472]
2019-08-23 18:29:08,493 | INFO  | DNAudit | user=null | ip=null | op=WRITE_CHUNK {blockData=conID: 1 locID: 102667711182144066 bcsId: 0} | ret=SUCCESS |  
2019-08-23 18:29:08,493 | INFO  | DNAudit | user=null | ip=null | op=PUT_BLOCK {blockData=[blockId=conID: 1 locID: 102667711182144066 bcsId: 0,size=1048576]} | ret=SUCCESS |  
2019-08-23 18:29:08,494 | INFO  | DNAudit | user=null | ip=null | op=WRITE_CHUNK {blockData=conID: 1 locID: 102667711182144066 bcsId: 0} | ret=SUCCESS |  
2019-08-23 18:29:08,494 | INFO  | DNAudit | user=null | ip=null | op=PUT_BLOCK {blockData=[blockId=conID: 1 locID: 102667711182144066 bcsId: 0,size=1048576]} | ret=SUCCESS |  
2019-08-23 18:29:08,494 | INFO  | DNAudit | user=null | ip=null | op=WRITE_CHUNK {blockData=conID: 1 locID: 102667711182144066 bcsId: 0} | ret=SUCCESS |  
2019-08-23 18:29:08,494 [grpc-default-executor-5] INFO  client.GrpcClientProtocolClient (GrpcClientProtocolClient.java:onNext(255)) - client-19C32667576E->48affcab-e6e4-4602-963a-f6a50efbd54c: receive RaftClientReply:client-19C32667576E->48affcab-e6e4-4602-963a-f6a50efbd54c@group-50C56EAF5137, cid=2342, SUCCESS, logIndex=0, commits[48affcab-e6e4-4602-963a-f6a50efbd54c:c3477, 7e391b60-07ae-4d97-a027-4756e468c032:c3474, c5f86d96-67df-4f25-bde3-316f439d30b3:c3474]
2019-08-23 18:29:08,494 | INFO  | DNAudit | user=null | ip=null | op=PUT_BLOCK {blockData=[blockId=conID: 1 locID: 102667711182144066 bcsId: 0,size=2097152]} | ret=SUCCESS |  
2019-08-23 18:29:08,495 | INFO  | DNAudit | user=null | ip=null | op=WRITE_CHUNK {blockData=conID: 1 locID: 102667711182144066 bcsId: 0} | ret=SUCCESS |  
2019-08-23 18:29:08,495 | INFO  | DNAudit | user=null | ip=null | op=PUT_BLOCK {blockData=[blockId=conID: 1 locID: 102667711182144066 bcsId: 0,size=2097152]} | ret=SUCCESS |  
2019-08-23 18:29:08,500 | INFO  | DNAudit | user=null | ip=null | op=WRITE_CHUNK {blockData=conID: 1 locID: 102667711182144066 bcsId: 3476} | ret=SUCCESS |  
2019-08-23 18:29:08,503 | INFO  | DNAudit | user=null | ip=null | op=WRITE_CHUNK {blockData=conID: 1 locID: 102667711182144066 bcsId: 3476} | ret=SUCCESS |  
2019-08-23 18:29:08,503 | INFO  | DNAudit | user=null | ip=null | op=WRITE_CHUNK {blockData=conID: 1 locID: 102667711182144066 bcsId: 3476} | ret=SUCCESS |  
2019-08-23 18:29:08,513 | INFO  | DNAudit | user=null | ip=null | op=WRITE_CHUNK {blockData=conID: 1 locID: 102667711182144066 bcsId: 3476} | ret=SUCCESS |  
2019-08-23 18:29:08,513 | INFO  | DNAudit | user=null | ip=null | op=PUT_BLOCK {blockData=[blockId=conID: 1 locID: 102667711182144066 bcsId: 0,size=3145728]} | ret=SUCCESS |  
2019-08-23 18:29:08,513 [grpc-default-executor-4] INFO  client.GrpcClientProtocolClient (GrpcClientProtocolClient.java:onNext(255)) - client-19C32667576E->48affcab-e6e4-4602-963a-f6a50efbd54c: receive RaftClientReply:client-19C32667576E->48affcab-e6e4-4602-963a-f6a50efbd54c@group-50C56EAF5137, cid=2343, SUCCESS, logIndex=3481, commits[48affcab-e6e4-4602-963a-f6a50efbd54c:c3482, 7e391b60-07ae-4d97-a027-4756e468c032:c3480, c5f86d96-67df-4f25-bde3-316f439d30b3:c3480]
2019-08-23 18:29:08,513 [grpc-default-executor-4] INFO  client.GrpcClientProtocolClient (GrpcClientProtocolClient.java:onNext(255)) - client-19C32667576E->48affcab-e6e4-4602-963a-f6a50efbd54c: receive RaftClientReply:client-19C32667576E->48affcab-e6e4-4602-963a-f6a50efbd54c@group-50C56EAF5137, cid=2344, SUCCESS, logIndex=3482, commits[48affcab-e6e4-4602-963a-f6a50efbd54c:c3482, 7e391b60-07ae-4d97-a027-4756e468c032:c3480, c5f86d96-67df-4f25-bde3-316f439d30b3:c3480]
2019-08-23 18:29:08,519 | INFO  | DNAudit | user=null | ip=null | op=WRITE_CHUNK {blockData=conID: 1 locID: 102667711182144066 bcsId: 3482} | ret=SUCCESS |  
2019-08-23 18:29:08,521 | INFO  | DNAudit | user=null | ip=null | op=WRITE_CHUNK {blockData=conID: 1 locID: 102667711182144066 bcsId: 3482} | ret=SUCCESS |  
2019-08-23 18:29:08,522 | INFO  | DNAudit | user=null | ip=null | op=WRITE_CHUNK {blockData=conID: 1 locID: 102667711182144066 bcsId: 3482} | ret=SUCCESS |  
2019-08-23 18:29:08,525 | INFO  | DNAudit | user=null | ip=null | op=WRITE_CHUNK {blockData=conID: 1 locID: 102667711182144066 bcsId: 3476} | ret=SUCCESS |  
2019-08-23 18:29:08,525 | INFO  | DNAudit | user=null | ip=null | op=WRITE_CHUNK {blockData=conID: 1 locID: 102667711182144066 bcsId: 3476} | ret=SUCCESS |  
2019-08-23 18:29:08,525 | INFO  | DNAudit | user=null | ip=null | op=PUT_BLOCK {blockData=[blockId=conID: 1 locID: 102667711182144066 bcsId: 0,size=3145728]} | ret=SUCCESS |  
2019-08-23 18:29:08,526 | INFO  | DNAudit | user=null | ip=null | op=PUT_BLOCK {blockData=[blockId=conID: 1 locID: 102667711182144066 bcsId: 0,size=3145728]} | ret=SUCCESS |  
2019-08-23 18:29:08,527 | INFO  | DNAudit | user=null | ip=null | op=WRITE_CHUNK {blockData=conID: 1 locID: 102667711182144066 bcsId: 3482} | ret=SUCCESS |  
2019-08-23 18:29:08,527 | INFO  | DNAudit | user=null | ip=null | op=PUT_BLOCK {blockData=[blockId=conID: 1 locID: 102667711182144066 bcsId: 0,size=4194304]} | ret=SUCCESS |  
2019-08-23 18:29:08,527 [grpc-default-executor-0] INFO  client.GrpcClientProtocolClient (GrpcClientProtocolClient.java:onNext(255)) - client-19C32667576E->48affcab-e6e4-4602-963a-f6a50efbd54c: receive RaftClientReply:client-19C32667576E->48affcab-e6e4-4602-963a-f6a50efbd54c@group-50C56EAF5137, cid=2345, SUCCESS, logIndex=3485, commits[48affcab-e6e4-4602-963a-f6a50efbd54c:c3486, 7e391b60-07ae-4d97-a027-4756e468c032:c3482, c5f86d96-67df-4f25-bde3-316f439d30b3:c3482]
2019-08-23 18:29:08,528 [grpc-default-executor-0] INFO  client.GrpcClientProtocolClient (GrpcClientProtocolClient.java:onNext(255)) - client-19C32667576E->48affcab-e6e4-4602-963a-f6a50efbd54c: receive RaftClientReply:client-19C32667576E->48affcab-e6e4-4602-963a-f6a50efbd54c@group-50C56EAF5137, cid=2346, SUCCESS, logIndex=3486, commits[48affcab-e6e4-4602-963a-f6a50efbd54c:c3486, 7e391b60-07ae-4d97-a027-4756e468c032:c3482, c5f86d96-67df-4f25-bde3-316f439d30b3:c3482]
2019-08-23 18:29:08,538 | INFO  | DNAudit | user=null | ip=null | op=WRITE_CHUNK {blockData=conID: 1 locID: 102667711182144066 bcsId: 3482} | ret=SUCCESS |  
2019-08-23 18:29:08,538 | INFO  | DNAudit | user=null | ip=null | op=WRITE_CHUNK {blockData=conID: 1 locID: 102667711182144066 bcsId: 3482} | ret=SUCCESS |  
2019-08-23 18:29:08,539 | INFO  | DNAudit | user=null | ip=null | op=PUT_BLOCK {blockData=[blockId=conID: 1 locID: 102667711182144066 bcsId: 0,size=4194304]} | ret=SUCCESS |  
2019-08-23 18:29:08,539 | INFO  | DNAudit | user=null | ip=null | op=PUT_BLOCK {blockData=[blockId=conID: 1 locID: 102667711182144066 bcsId: 0,size=4194304]} | ret=SUCCESS |  
2019-08-23 18:29:08,539 [grpc-default-executor-0] INFO  client.GrpcClientProtocolClient (GrpcClientProtocolClient.java:onNext(255)) - client-19C32667576E->48affcab-e6e4-4602-963a-f6a50efbd54c: receive RaftClientReply:client-19C32667576E->48affcab-e6e4-4602-963a-f6a50efbd54c@group-50C56EAF5137, cid=2347, SUCCESS, logIndex=0, commits[48affcab-e6e4-4602-963a-f6a50efbd54c:c3487, 7e391b60-07ae-4d97-a027-4756e468c032:c3486, c5f86d96-67df-4f25-bde3-316f439d30b3:c3486]
2019-08-23 18:29:08,545 | INFO  | SCMAudit | user=jenkins1000 | ip=192.168.34.23 | op=ALLOCATE_BLOCK {owner=1ceb8b80-28f1-43fd-86c3-175afc07b8d1, size=4194304, type=RATIS, factor=THREE} | ret=SUCCESS |  
2019-08-23 18:29:08,548 | INFO  | OMAudit | user=jenkins1000 | ip=127.0.0.1 | op=ALLOCATE_BLOCK {volume=vol-0-45438, bucket=bucket-0-23891, key=key-0-22455, dataSize=0, replicationType=null, replicationFactor=null, keyLocationInfo=null, clientID=102667710122492306} | ret=SUCCESS |  
2019-08-23 18:29:08,554 | INFO  | DNAudit | user=null | ip=null | op=WRITE_CHUNK {blockData=conID: 2 locID: 102667711187780163 bcsId: 0} | ret=SUCCESS |  
2019-08-23 18:29:08,558 | INFO  | DNAudit | user=null | ip=null | op=WRITE_CHUNK {blockData=conID: 2 locID: 102667711187780163 bcsId: 0} | ret=SUCCESS |  
2019-08-23 18:29:08,558 | INFO  | DNAudit | user=null | ip=null | op=WRITE_CHUNK {blockData=conID: 2 locID: 102667711187780163 bcsId: 0} | ret=SUCCESS |  
2019-08-23 18:29:08,558 | INFO  | DNAudit | user=null | ip=null | op=WRITE_CHUNK {blockData=conID: 2 locID: 102667711187780163 bcsId: 0} | ret=SUCCESS |  
2019-08-23 18:29:08,560 | INFO  | DNAudit | user=null | ip=null | op=WRITE_CHUNK {blockData=conID: 2 locID: 102667711187780163 bcsId: 0} | ret=SUCCESS |  
2019-08-23 18:29:08,561 | INFO  | DNAudit | user=null | ip=null | op=WRITE_CHUNK {blockData=conID: 2 locID: 102667711187780163 bcsId: 0} | ret=SUCCESS |  
2019-08-23 18:29:08,562 | INFO  | DNAudit | user=null | ip=null | op=WRITE_CHUNK {blockData=conID: 2 locID: 102667711187780163 bcsId: 0} | ret=SUCCESS |  
2019-08-23 18:29:08,562 | INFO  | DNAudit | user=null | ip=null | op=PUT_BLOCK {blockData=[blockId=conID: 2 locID: 102667711187780163 bcsId: 0,size=1048576]} | ret=SUCCESS |  
2019-08-23 18:29:08,563 [grpc-default-executor-4] INFO  client.GrpcClientProtocolClient (GrpcClientProtocolClient.java:onNext(255)) - client-19C32667576E->48affcab-e6e4-4602-963a-f6a50efbd54c: receive RaftClientReply:client-19C32667576E->48affcab-e6e4-4602-963a-f6a50efbd54c@group-50C56EAF5137, cid=2348, SUCCESS, logIndex=3489, commits[48affcab-e6e4-4602-963a-f6a50efbd54c:c3490, 7e391b60-07ae-4d97-a027-4756e468c032:c3488, c5f86d96-67df-4f25-bde3-316f439d30b3:c3488]
2019-08-23 18:29:08,563 [grpc-default-executor-4] INFO  client.GrpcClientProtocolClient (GrpcClientProtocolClient.java:onNext(255)) - client-19C32667576E->48affcab-e6e4-4602-963a-f6a50efbd54c: receive RaftClientReply:client-19C32667576E->48affcab-e6e4-4602-963a-f6a50efbd54c@group-50C56EAF5137, cid=2349, SUCCESS, logIndex=3490, commits[48affcab-e6e4-4602-963a-f6a50efbd54c:c3490, 7e391b60-07ae-4d97-a027-4756e468c032:c3488, c5f86d96-67df-4f25-bde3-316f439d30b3:c3488]
2019-08-23 18:29:08,568 | INFO  | DNAudit | user=null | ip=null | op=WRITE_CHUNK {blockData=conID: 2 locID: 102667711187780163 bcsId: 0} | ret=SUCCESS |  
2019-08-23 18:29:08,568 | INFO  | DNAudit | user=null | ip=null | op=WRITE_CHUNK {blockData=conID: 2 locID: 102667711187780163 bcsId: 0} | ret=SUCCESS |  
2019-08-23 18:29:08,568 | INFO  | DNAudit | user=null | ip=null | op=PUT_BLOCK {blockData=[blockId=conID: 2 locID: 102667711187780163 bcsId: 0,size=1048576]} | ret=SUCCESS |  
2019-08-23 18:29:08,568 | INFO  | DNAudit | user=null | ip=null | op=WRITE_CHUNK {blockData=conID: 2 locID: 102667711187780163 bcsId: 0} | ret=SUCCESS |  
2019-08-23 18:29:08,568 | INFO  | DNAudit | user=null | ip=null | op=PUT_BLOCK {blockData=[blockId=conID: 2 locID: 102667711187780163 bcsId: 0,size=1048576]} | ret=SUCCESS |  
2019-08-23 18:29:08,568 | INFO  | DNAudit | user=null | ip=null | op=PUT_BLOCK {blockData=[blockId=conID: 2 locID: 102667711187780163 bcsId: 0,size=2097152]} | ret=SUCCESS |  
2019-08-23 18:29:08,568 [grpc-default-executor-4] INFO  client.GrpcClientProtocolClient (GrpcClientProtocolClient.java:onNext(255)) - client-19C32667576E->48affcab-e6e4-4602-963a-f6a50efbd54c: receive RaftClientReply:client-19C32667576E->48affcab-e6e4-4602-963a-f6a50efbd54c@group-50C56EAF5137, cid=2350, SUCCESS, logIndex=3491, commits[48affcab-e6e4-4602-963a-f6a50efbd54c:c3493, 7e391b60-07ae-4d97-a027-4756e468c032:c3489, c5f86d96-67df-4f25-bde3-316f439d30b3:c3488]
2019-08-23 18:29:08,568 [grpc-default-executor-4] INFO  client.GrpcClientProtocolClient (GrpcClientProtocolClient.java:onNext(255)) - client-19C32667576E->48affcab-e6e4-4602-963a-f6a50efbd54c: receive RaftClientReply:client-19C32667576E->48affcab-e6e4-4602-963a-f6a50efbd54c@group-50C56EAF5137, cid=2351, SUCCESS, logIndex=3492, commits[48affcab-e6e4-4602-963a-f6a50efbd54c:c3494, 7e391b60-07ae-4d97-a027-4756e468c032:c3490, c5f86d96-67df-4f25-bde3-316f439d30b3:c3490]
2019-08-23 18:29:08,569 | INFO  | DNAudit | user=null | ip=null | op=WRITE_CHUNK {blockData=conID: 2 locID: 102667711187780163 bcsId: 0} | ret=SUCCESS |  
2019-08-23 18:29:08,570 | INFO  | DNAudit | user=null | ip=null | op=WRITE_CHUNK {blockData=conID: 2 locID: 102667711187780163 bcsId: 0} | ret=SUCCESS |  
2019-08-23 18:29:08,570 | INFO  | DNAudit | user=null | ip=null | op=PUT_BLOCK {blockData=[blockId=conID: 2 locID: 102667711187780163 bcsId: 0,size=2097152]} | ret=SUCCESS |  
2019-08-23 18:29:08,571 | INFO  | DNAudit | user=null | ip=null | op=PUT_BLOCK {blockData=[blockId=conID: 2 locID: 102667711187780163 bcsId: 0,size=2097152]} | ret=SUCCESS |  
2019-08-23 18:29:08,574 | INFO  | DNAudit | user=null | ip=null | op=WRITE_CHUNK {blockData=conID: 2 locID: 102667711187780163 bcsId: 3492} | ret=SUCCESS |  
2019-08-23 18:29:08,576 | INFO  | DNAudit | user=null | ip=null | op=WRITE_CHUNK {blockData=conID: 2 locID: 102667711187780163 bcsId: 3492} | ret=SUCCESS |  
2019-08-23 18:29:08,576 | INFO  | DNAudit | user=null | ip=null | op=WRITE_CHUNK {blockData=conID: 2 locID: 102667711187780163 bcsId: 3492} | ret=SUCCESS |  
2019-08-23 18:29:08,578 | INFO  | DNAudit | user=null | ip=null | op=WRITE_CHUNK {blockData=conID: 2 locID: 102667711187780163 bcsId: 3492} | ret=SUCCESS |  
2019-08-23 18:29:08,578 | INFO  | DNAudit | user=null | ip=null | op=PUT_BLOCK {blockData=[blockId=conID: 2 locID: 102667711187780163 bcsId: 0,size=3145728]} | ret=SUCCESS |  
2019-08-23 18:29:08,579 [grpc-default-executor-0] INFO  client.GrpcClientProtocolClient (GrpcClientProtocolClient.java:onNext(255)) - client-19C32667576E->48affcab-e6e4-4602-963a-f6a50efbd54c: receive RaftClientReply:client-19C32667576E->48affcab-e6e4-4602-963a-f6a50efbd54c@group-50C56EAF5137, cid=2352, SUCCESS, logIndex=3497, commits[48affcab-e6e4-4602-963a-f6a50efbd54c:c3498, 7e391b60-07ae-4d97-a027-4756e468c032:c3492, c5f86d96-67df-4f25-bde3-316f439d30b3:c3496]
2019-08-23 18:29:08,579 [grpc-default-executor-0] INFO  client.GrpcClientProtocolClient (GrpcClientProtocolClient.java:onNext(255)) - client-19C32667576E->48affcab-e6e4-4602-963a-f6a50efbd54c: receive RaftClientReply:client-19C32667576E->48affcab-e6e4-4602-963a-f6a50efbd54c@group-50C56EAF5137, cid=2353, SUCCESS, logIndex=3498, commits[48affcab-e6e4-4602-963a-f6a50efbd54c:c3498, 7e391b60-07ae-4d97-a027-4756e468c032:c3496, c5f86d96-67df-4f25-bde3-316f439d30b3:c3496]
2019-08-23 18:29:08,579 | INFO  | DNAudit | user=null | ip=null | op=WRITE_CHUNK {blockData=conID: 2 locID: 102667711187780163 bcsId: 3492} | ret=SUCCESS |  
2019-08-23 18:29:08,580 | INFO  | DNAudit | user=null | ip=null | op=WRITE_CHUNK {blockData=conID: 2 locID: 102667711187780163 bcsId: 3492} | ret=SUCCESS |  
2019-08-23 18:29:08,580 | INFO  | DNAudit | user=null | ip=null | op=PUT_BLOCK {blockData=[blockId=conID: 2 locID: 102667711187780163 bcsId: 0,size=3145728]} | ret=SUCCESS |  
2019-08-23 18:29:08,581 | INFO  | DNAudit | user=null | ip=null | op=PUT_BLOCK {blockData=[blockId=conID: 2 locID: 102667711187780163 bcsId: 0,size=3145728]} | ret=SUCCESS |  
2019-08-23 18:29:08,585 | INFO  | DNAudit | user=null | ip=null | op=WRITE_CHUNK {blockData=conID: 2 locID: 102667711187780163 bcsId: 3498} | ret=SUCCESS |  
2019-08-23 18:29:08,587 | INFO  | DNAudit | user=null | ip=null | op=WRITE_CHUNK {blockData=conID: 2 locID: 102667711187780163 bcsId: 3498} | ret=SUCCESS |  
2019-08-23 18:29:08,587 | INFO  | DNAudit | user=null | ip=null | op=WRITE_CHUNK {blockData=conID: 2 locID: 102667711187780163 bcsId: 3498} | ret=SUCCESS |  
2019-08-23 18:29:08,590 | INFO  | DNAudit | user=null | ip=null | op=WRITE_CHUNK {blockData=conID: 2 locID: 102667711187780163 bcsId: 3498} | ret=SUCCESS |  
2019-08-23 18:29:08,591 | INFO  | DNAudit | user=null | ip=null | op=PUT_BLOCK {blockData=[blockId=conID: 2 locID: 102667711187780163 bcsId: 0,size=4194304]} | ret=SUCCESS |  
2019-08-23 18:29:08,591 [grpc-default-executor-4] INFO  client.GrpcClientProtocolClient (GrpcClientProtocolClient.java:onNext(255)) - client-19C32667576E->48affcab-e6e4-4602-963a-f6a50efbd54c: receive RaftClientReply:client-19C32667576E->48affcab-e6e4-4602-963a-f6a50efbd54c@group-50C56EAF5137, cid=2354, SUCCESS, logIndex=3501, commits[48affcab-e6e4-4602-963a-f6a50efbd54c:c3502, 7e391b60-07ae-4d97-a027-4756e468c032:c3500, c5f86d96-67df-4f25-bde3-316f439d30b3:c3500]
2019-08-23 18:29:08,591 [grpc-default-executor-4] INFO  client.GrpcClientProtocolClient (GrpcClientProtocolClient.java:onNext(255)) - client-19C32667576E->48affcab-e6e4-4602-963a-f6a50efbd54c: receive RaftClientReply:client-19C32667576E->48affcab-e6e4-4602-963a-f6a50efbd54c@group-50C56EAF5137, cid=2355, SUCCESS, logIndex=3502, commits[48affcab-e6e4-4602-963a-f6a50efbd54c:c3502, 7e391b60-07ae-4d97-a027-4756e468c032:c3500, c5f86d96-67df-4f25-bde3-316f439d30b3:c3500]
2019-08-23 18:29:08,592 | INFO  | DNAudit | user=null | ip=null | op=WRITE_CHUNK {blockData=conID: 2 locID: 102667711187780163 bcsId: 3498} | ret=SUCCESS |  
2019-08-23 18:29:08,592 | INFO  | DNAudit | user=null | ip=null | op=WRITE_CHUNK {blockData=conID: 2 locID: 102667711187780163 bcsId: 3498} | ret=SUCCESS |  
2019-08-23 18:29:08,592 | INFO  | DNAudit | user=null | ip=null | op=PUT_BLOCK {blockData=[blockId=conID: 2 locID: 102667711187780163 bcsId: 0,size=4194304]} | ret=SUCCESS |  
2019-08-23 18:29:08,592 | INFO  | DNAudit | user=null | ip=null | op=PUT_BLOCK {blockData=[blockId=conID: 2 locID: 102667711187780163 bcsId: 0,size=4194304]} | ret=SUCCESS |  
2019-08-23 18:29:08,592 [grpc-default-executor-0] INFO  client.GrpcClientProtocolClient (GrpcClientProtocolClient.java:onNext(255)) - client-19C32667576E->48affcab-e6e4-4602-963a-f6a50efbd54c: receive RaftClientReply:client-19C32667576E->48affcab-e6e4-4602-963a-f6a50efbd54c@group-50C56EAF5137, cid=2356, SUCCESS, logIndex=0, commits[48affcab-e6e4-4602-963a-f6a50efbd54c:c3503, 7e391b60-07ae-4d97-a027-4756e468c032:c3502, c5f86d96-67df-4f25-bde3-316f439d30b3:c3502]
2019-08-23 18:29:08,596 | INFO  | SCMAudit | user=jenkins1000 | ip=192.168.34.23 | op=ALLOCATE_BLOCK {owner=1ceb8b80-28f1-43fd-86c3-175afc07b8d1, size=4194304, type=RATIS, factor=THREE} | ret=SUCCESS |  
2019-08-23 18:29:08,599 | INFO  | OMAudit | user=jenkins1000 | ip=127.0.0.1 | op=ALLOCATE_BLOCK {volume=vol-0-45438, bucket=bucket-0-23891, key=key-0-22455, dataSize=0, replicationType=null, replicationFactor=null, keyLocationInfo=null, clientID=102667710122492306} | ret=SUCCESS |  
2019-08-23 18:29:08,604 | INFO  | DNAudit | user=null | ip=null | op=WRITE_CHUNK {blockData=conID: 3 locID: 102667711191188036 bcsId: 0} | ret=SUCCESS |  
2019-08-23 18:29:08,607 | INFO  | DNAudit | user=null | ip=null | op=WRITE_CHUNK {blockData=conID: 3 locID: 102667711191188036 bcsId: 0} | ret=SUCCESS |  
2019-08-23 18:29:08,607 | INFO  | DNAudit | user=null | ip=null | op=WRITE_CHUNK {blockData=conID: 3 locID: 102667711191188036 bcsId: 0} | ret=SUCCESS |  
2019-08-23 18:29:08,607 | INFO  | DNAudit | user=null | ip=null | op=WRITE_CHUNK {blockData=conID: 3 locID: 102667711191188036 bcsId: 0} | ret=SUCCESS |  
2019-08-23 18:29:08,609 | INFO  | DNAudit | user=null | ip=null | op=WRITE_CHUNK {blockData=conID: 3 locID: 102667711191188036 bcsId: 0} | ret=SUCCESS |  
2019-08-23 18:29:08,609 | INFO  | DNAudit | user=null | ip=null | op=WRITE_CHUNK {blockData=conID: 3 locID: 102667711191188036 bcsId: 0} | ret=SUCCESS |  
2019-08-23 18:29:08,610 | INFO  | DNAudit | user=null | ip=null | op=WRITE_CHUNK {blockData=conID: 3 locID: 102667711191188036 bcsId: 0} | ret=SUCCESS |  
2019-08-23 18:29:08,611 | INFO  | DNAudit | user=null | ip=null | op=PUT_BLOCK {blockData=[blockId=conID: 3 locID: 102667711191188036 bcsId: 0,size=1048576]} | ret=SUCCESS |  
2019-08-23 18:29:08,611 | INFO  | DNAudit | user=null | ip=null | op=WRITE_CHUNK {blockData=conID: 3 locID: 102667711191188036 bcsId: 0} | ret=SUCCESS |  
2019-08-23 18:29:08,611 [grpc-default-executor-4] INFO  client.GrpcClientProtocolClient (GrpcClientProtocolClient.java:onNext(255)) - client-19C32667576E->48affcab-e6e4-4602-963a-f6a50efbd54c: receive RaftClientReply:client-19C32667576E->48affcab-e6e4-4602-963a-f6a50efbd54c@group-50C56EAF5137, cid=2357, SUCCESS, logIndex=3505, commits[48affcab-e6e4-4602-963a-f6a50efbd54c:c3506, 7e391b60-07ae-4d97-a027-4756e468c032:c3504, c5f86d96-67df-4f25-bde3-316f439d30b3:c3504]
2019-08-23 18:29:08,611 [grpc-default-executor-4] INFO  client.GrpcClientProtocolClient (GrpcClientProtocolClient.java:onNext(255)) - client-19C32667576E->48affcab-e6e4-4602-963a-f6a50efbd54c: receive RaftClientReply:client-19C32667576E->48affcab-e6e4-4602-963a-f6a50efbd54c@group-50C56EAF5137, cid=2358, SUCCESS, logIndex=3506, commits[48affcab-e6e4-4602-963a-f6a50efbd54c:c3508, 7e391b60-07ae-4d97-a027-4756e468c032:c3504, c5f86d96-67df-4f25-bde3-316f439d30b3:c3504]
2019-08-23 18:29:08,612 | INFO  | DNAudit | user=null | ip=null | op=PUT_BLOCK {blockData=[blockId=conID: 3 locID: 102667711191188036 bcsId: 0,size=2097152]} | ret=SUCCESS |  
2019-08-23 18:29:08,612 [grpc-default-executor-4] INFO  client.GrpcClientProtocolClient (GrpcClientProtocolClient.java:onNext(255)) - client-19C32667576E->48affcab-e6e4-4602-963a-f6a50efbd54c: receive RaftClientReply:client-19C32667576E->48affcab-e6e4-4602-963a-f6a50efbd54c@group-50C56EAF5137, cid=2359, SUCCESS, logIndex=3507, commits[48affcab-e6e4-4602-963a-f6a50efbd54c:c3508, 7e391b60-07ae-4d97-a027-4756e468c032:c3504, c5f86d96-67df-4f25-bde3-316f439d30b3:c3504]
2019-08-23 18:29:08,612 [grpc-default-executor-4] INFO  client.GrpcClientProtocolClient (GrpcClientProtocolClient.java:onNext(255)) - client-19C32667576E->48affcab-e6e4-4602-963a-f6a50efbd54c: receive RaftClientReply:client-19C32667576E->48affcab-e6e4-4602-963a-f6a50efbd54c@group-50C56EAF5137, cid=2360, SUCCESS, logIndex=3508, commits[48affcab-e6e4-4602-963a-f6a50efbd54c:c3508, 7e391b60-07ae-4d97-a027-4756e468c032:c3504, c5f86d96-67df-4f25-bde3-316f439d30b3:c3504]
2019-08-23 18:29:08,612 | INFO  | DNAudit | user=null | ip=null | op=WRITE_CHUNK {blockData=conID: 3 locID: 102667711191188036 bcsId: 0} | ret=SUCCESS |  
2019-08-23 18:29:08,613 | INFO  | DNAudit | user=null | ip=null | op=PUT_BLOCK {blockData=[blockId=conID: 3 locID: 102667711191188036 bcsId: 0,size=1048576]} | ret=SUCCESS |  
2019-08-23 18:29:08,613 | INFO  | DNAudit | user=null | ip=null | op=WRITE_CHUNK {blockData=conID: 3 locID: 102667711191188036 bcsId: 0} | ret=SUCCESS |  
2019-08-23 18:29:08,613 | INFO  | DNAudit | user=null | ip=null | op=PUT_BLOCK {blockData=[blockId=conID: 3 locID: 102667711191188036 bcsId: 0,size=1048576]} | ret=SUCCESS |  
2019-08-23 18:29:08,613 | INFO  | DNAudit | user=null | ip=null | op=WRITE_CHUNK {blockData=conID: 3 locID: 102667711191188036 bcsId: 0} | ret=SUCCESS |  
2019-08-23 18:29:08,613 [grpc-default-executor-5] INFO  client.GrpcClientProtocolClient (GrpcClientProtocolClient.java:onNext(255)) - client-19C32667576E->48affcab-e6e4-4602-963a-f6a50efbd54c: receive RaftClientReply:client-19C32667576E->48affcab-e6e4-4602-963a-f6a50efbd54c@group-50C56EAF5137, cid=2361, SUCCESS, logIndex=0, commits[48affcab-e6e4-4602-963a-f6a50efbd54c:c3510, 7e391b60-07ae-4d97-a027-4756e468c032:c3506, c5f86d96-67df-4f25-bde3-316f439d30b3:c3506]
2019-08-23 18:29:08,613 | INFO  | DNAudit | user=null | ip=null | op=WRITE_CHUNK {blockData=conID: 3 locID: 102667711191188036 bcsId: 0} | ret=SUCCESS |  
2019-08-23 18:29:08,614 | INFO  | DNAudit | user=null | ip=null | op=PUT_BLOCK {blockData=[blockId=conID: 3 locID: 102667711191188036 bcsId: 0,size=2097152]} | ret=SUCCESS |  
2019-08-23 18:29:08,614 | INFO  | DNAudit | user=null | ip=null | op=PUT_BLOCK {blockData=[blockId=conID: 3 locID: 102667711191188036 bcsId: 0,size=2097152]} | ret=SUCCESS |  
2019-08-23 18:29:08,619 | INFO  | DNAudit | user=null | ip=null | op=WRITE_CHUNK {blockData=conID: 3 locID: 102667711191188036 bcsId: 3508} | ret=SUCCESS |  
2019-08-23 18:29:08,622 | INFO  | DNAudit | user=null | ip=null | op=WRITE_CHUNK {blockData=conID: 3 locID: 102667711191188036 bcsId: 3508} | ret=SUCCESS |  
2019-08-23 18:29:08,622 | INFO  | DNAudit | user=null | ip=null | op=WRITE_CHUNK {blockData=conID: 3 locID: 102667711191188036 bcsId: 3508} | ret=SUCCESS |  
2019-08-23 18:29:08,630 | INFO  | DNAudit | user=null | ip=null | op=WRITE_CHUNK {blockData=conID: 3 locID: 102667711191188036 bcsId: 3508} | ret=SUCCESS |  
2019-08-23 18:29:08,630 | INFO  | DNAudit | user=null | ip=null | op=PUT_BLOCK {blockData=[blockId=conID: 3 locID: 102667711191188036 bcsId: 0,size=3145728]} | ret=SUCCESS |  
2019-08-23 18:29:08,630 [grpc-default-executor-4] INFO  client.GrpcClientProtocolClient (GrpcClientProtocolClient.java:onNext(255)) - client-19C32667576E->48affcab-e6e4-4602-963a-f6a50efbd54c: receive RaftClientReply:client-19C32667576E->48affcab-e6e4-4602-963a-f6a50efbd54c@group-50C56EAF5137, cid=2362, SUCCESS, logIndex=3513, commits[48affcab-e6e4-4602-963a-f6a50efbd54c:c3514, 7e391b60-07ae-4d97-a027-4756e468c032:c3512, c5f86d96-67df-4f25-bde3-316f439d30b3:c3512]
2019-08-23 18:29:08,631 [grpc-default-executor-4] INFO  client.GrpcClientProtocolClient (GrpcClientProtocolClient.java:onNext(255)) - client-19C32667576E->48affcab-e6e4-4602-963a-f6a50efbd54c: receive RaftClientReply:client-19C32667576E->48affcab-e6e4-4602-963a-f6a50efbd54c@group-50C56EAF5137, cid=2363, SUCCESS, logIndex=3514, commits[48affcab-e6e4-4602-963a-f6a50efbd54c:c3514, 7e391b60-07ae-4d97-a027-4756e468c032:c3512, c5f86d96-67df-4f25-bde3-316f439d30b3:c3512]
2019-08-23 18:29:08,639 | INFO  | DNAudit | user=null | ip=null | op=WRITE_CHUNK {blockData=conID: 3 locID: 102667711191188036 bcsId: 3514} | ret=SUCCESS |  
2019-08-23 18:29:08,641 | INFO  | DNAudit | user=null | ip=null | op=WRITE_CHUNK {blockData=conID: 3 locID: 102667711191188036 bcsId: 3514} | ret=SUCCESS |  
2019-08-23 18:29:08,641 | INFO  | DNAudit | user=null | ip=null | op=WRITE_CHUNK {blockData=conID: 3 locID: 102667711191188036 bcsId: 3514} | ret=SUCCESS |  
2019-08-23 18:29:08,642 | INFO  | DNAudit | user=null | ip=null | op=WRITE_CHUNK {blockData=conID: 3 locID: 102667711191188036 bcsId: 3508} | ret=SUCCESS |  
2019-08-23 18:29:08,642 | INFO  | DNAudit | user=null | ip=null | op=WRITE_CHUNK {blockData=conID: 3 locID: 102667711191188036 bcsId: 3508} | ret=SUCCESS |  
2019-08-23 18:29:08,645 | INFO  | DNAudit | user=null | ip=null | op=PUT_BLOCK {blockData=[blockId=conID: 3 locID: 102667711191188036 bcsId: 0,size=3145728]} | ret=SUCCESS |  
2019-08-23 18:29:08,645 | INFO  | DNAudit | user=null | ip=null | op=PUT_BLOCK {blockData=[blockId=conID: 3 locID: 102667711191188036 bcsId: 0,size=3145728]} | ret=SUCCESS |  
2019-08-23 18:29:08,645 | INFO  | DNAudit | user=null | ip=null | op=WRITE_CHUNK {blockData=conID: 3 locID: 102667711191188036 bcsId: 3514} | ret=SUCCESS |  
2019-08-23 18:29:08,645 | INFO  | DNAudit | user=null | ip=null | op=PUT_BLOCK {blockData=[blockId=conID: 3 locID: 102667711191188036 bcsId: 0,size=4194304]} | ret=SUCCESS |  
2019-08-23 18:29:08,646 [grpc-default-executor-0] INFO  client.GrpcClientProtocolClient (GrpcClientProtocolClient.java:onNext(255)) - client-19C32667576E->48affcab-e6e4-4602-963a-f6a50efbd54c: receive RaftClientReply:client-19C32667576E->48affcab-e6e4-4602-963a-f6a50efbd54c@group-50C56EAF5137, cid=2364, SUCCESS, logIndex=3517, commits[48affcab-e6e4-4602-963a-f6a50efbd54c:c3518, 7e391b60-07ae-4d97-a027-4756e468c032:c3514, c5f86d96-67df-4f25-bde3-316f439d30b3:c3514]
2019-08-23 18:29:08,646 [grpc-default-executor-0] INFO  client.GrpcClientProtocolClient (GrpcClientProtocolClient.java:onNext(255)) - client-19C32667576E->48affcab-e6e4-4602-963a-f6a50efbd54c: receive RaftClientReply:client-19C32667576E->48affcab-e6e4-4602-963a-f6a50efbd54c@group-50C56EAF5137, cid=2365, SUCCESS, logIndex=3518, commits[48affcab-e6e4-4602-963a-f6a50efbd54c:c3518, 7e391b60-07ae-4d97-a027-4756e468c032:c3514, c5f86d96-67df-4f25-bde3-316f439d30b3:c3514]
 0.00% |█                                                                                                    |  0/1 Time: 0:00:162019-08-23 18:29:08,663 | INFO  | SCMAudit | user=jenkins1000 | ip=192.168.34.23 | op=SEND_HEARTBEAT {datanodeUUID=c83cddd0-22b5-491d-bff0-a36373498de2, command=[]} | ret=SUCCESS |  
2019-08-23 18:29:08,665 | INFO  | DNAudit | user=null | ip=null | op=WRITE_CHUNK {blockData=conID: 3 locID: 102667711191188036 bcsId: 3514} | ret=SUCCESS |  
2019-08-23 18:29:08,665 | INFO  | DNAudit | user=null | ip=null | op=WRITE_CHUNK {blockData=conID: 3 locID: 102667711191188036 bcsId: 3514} | ret=SUCCESS |  
2019-08-23 18:29:08,667 | INFO  | DNAudit | user=null | ip=null | op=PUT_BLOCK {blockData=[blockId=conID: 3 locID: 102667711191188036 bcsId: 0,size=4194304]} | ret=SUCCESS |  
2019-08-23 18:29:08,667 | INFO  | DNAudit | user=null | ip=null | op=PUT_BLOCK {blockData=[blockId=conID: 3 locID: 102667711191188036 bcsId: 0,size=4194304]} | ret=SUCCESS |  
2019-08-23 18:29:08,667 [grpc-default-executor-0] INFO  client.GrpcClientProtocolClient (GrpcClientProtocolClient.java:onNext(255)) - client-19C32667576E->48affcab-e6e4-4602-963a-f6a50efbd54c: receive RaftClientReply:client-19C32667576E->48affcab-e6e4-4602-963a-f6a50efbd54c@group-50C56EAF5137, cid=2366, SUCCESS, logIndex=0, commits[48affcab-e6e4-4602-963a-f6a50efbd54c:c3520, 7e391b60-07ae-4d97-a027-4756e468c032:c3518, c5f86d96-67df-4f25-bde3-316f439d30b3:c3518]
2019-08-23 18:29:08,671 | INFO  | SCMAudit | user=jenkins1000 | ip=192.168.34.23 | op=ALLOCATE_BLOCK {owner=1ceb8b80-28f1-43fd-86c3-175afc07b8d1, size=4194304, type=RATIS, factor=THREE} | ret=SUCCESS |  
2019-08-23 18:29:08,674 | INFO  | OMAudit | user=jenkins1000 | ip=127.0.0.1 | op=ALLOCATE_BLOCK {volume=vol-0-45438, bucket=bucket-0-23891, key=key-0-22455, dataSize=0, replicationType=null, replicationFactor=null, keyLocationInfo=null, clientID=102667710122492306} | ret=SUCCESS |  
2019-08-23 18:29:08,679 | INFO  | DNAudit | user=null | ip=null | op=WRITE_CHUNK {blockData=conID: 1 locID: 102667711196103237 bcsId: 0} | ret=SUCCESS |  
2019-08-23 18:29:08,682 | INFO  | DNAudit | user=null | ip=null | op=WRITE_CHUNK {blockData=conID: 1 locID: 102667711196103237 bcsId: 0} | ret=SUCCESS |  
2019-08-23 18:29:08,682 | INFO  | DNAudit | user=null | ip=null | op=WRITE_CHUNK {blockData=conID: 1 locID: 102667711196103237 bcsId: 0} | ret=SUCCESS |  
2019-08-23 18:29:08,682 | INFO  | DNAudit | user=null | ip=null | op=WRITE_CHUNK {blockData=conID: 1 locID: 102667711196103237 bcsId: 0} | ret=SUCCESS |  
2019-08-23 18:29:08,683 | INFO  | DNAudit | user=null | ip=null | op=WRITE_CHUNK {blockData=conID: 1 locID: 102667711196103237 bcsId: 0} | ret=SUCCESS |  
2019-08-23 18:29:08,683 | INFO  | DNAudit | user=null | ip=null | op=WRITE_CHUNK {blockData=conID: 1 locID: 102667711196103237 bcsId: 0} | ret=SUCCESS |  
2019-08-23 18:29:08,692 | INFO  | DNAudit | user=null | ip=null | op=WRITE_CHUNK {blockData=conID: 1 locID: 102667711196103237 bcsId: 0} | ret=SUCCESS |  
2019-08-23 18:29:08,692 | INFO  | DNAudit | user=null | ip=null | op=PUT_BLOCK {blockData=[blockId=conID: 1 locID: 102667711196103237 bcsId: 0,size=1048576]} | ret=SUCCESS |  
2019-08-23 18:29:08,692 | INFO  | DNAudit | user=null | ip=null | op=WRITE_CHUNK {blockData=conID: 1 locID: 102667711196103237 bcsId: 0} | ret=SUCCESS |  
2019-08-23 18:29:08,692 [grpc-default-executor-0] INFO  client.GrpcClientProtocolClient (GrpcClientProtocolClient.java:onNext(255)) - client-19C32667576E->48affcab-e6e4-4602-963a-f6a50efbd54c: receive RaftClientReply:client-19C32667576E->48affcab-e6e4-4602-963a-f6a50efbd54c@group-50C56EAF5137, cid=2367, SUCCESS, logIndex=3521, commits[48affcab-e6e4-4602-963a-f6a50efbd54c:c3524, 7e391b60-07ae-4d97-a027-4756e468c032:c3520, c5f86d96-67df-4f25-bde3-316f439d30b3:c3520]
2019-08-23 18:29:08,693 | INFO  | DNAudit | user=null | ip=null | op=PUT_BLOCK {blockData=[blockId=conID: 1 locID: 102667711196103237 bcsId: 0,size=2097152]} | ret=SUCCESS |  
2019-08-23 18:29:08,693 [grpc-default-executor-0] INFO  client.GrpcClientProtocolClient (GrpcClientProtocolClient.java:onNext(255)) - client-19C32667576E->48affcab-e6e4-4602-963a-f6a50efbd54c: receive RaftClientReply:client-19C32667576E->48affcab-e6e4-4602-963a-f6a50efbd54c@group-50C56EAF5137, cid=2368, SUCCESS, logIndex=3522, commits[48affcab-e6e4-4602-963a-f6a50efbd54c:c3524, 7e391b60-07ae-4d97-a027-4756e468c032:c3520, c5f86d96-67df-4f25-bde3-316f439d30b3:c3520]
2019-08-23 18:29:08,693 [grpc-default-executor-0] INFO  client.GrpcClientProtocolClient (GrpcClientProtocolClient.java:onNext(255)) - client-19C32667576E->48affcab-e6e4-4602-963a-f6a50efbd54c: receive RaftClientReply:client-19C32667576E->48affcab-e6e4-4602-963a-f6a50efbd54c@group-50C56EAF5137, cid=2369, SUCCESS, logIndex=3523, commits[48affcab-e6e4-4602-963a-f6a50efbd54c:c3524, 7e391b60-07ae-4d97-a027-4756e468c032:c3520, c5f86d96-67df-4f25-bde3-316f439d30b3:c3520]
2019-08-23 18:29:08,693 [grpc-default-executor-0] INFO  client.GrpcClientProtocolClient (GrpcClientProtocolClient.java:onNext(255)) - client-19C32667576E->48affcab-e6e4-4602-963a-f6a50efbd54c: receive RaftClientReply:client-19C32667576E->48affcab-e6e4-4602-963a-f6a50efbd54c@group-50C56EAF5137, cid=2370, SUCCESS, logIndex=3524, commits[48affcab-e6e4-4602-963a-f6a50efbd54c:c3524, 7e391b60-07ae-4d97-a027-4756e468c032:c3520, c5f86d96-67df-4f25-bde3-316f439d30b3:c3520]
2019-08-23 18:29:08,693 | INFO  | DNAudit | user=null | ip=null | op=WRITE_CHUNK {blockData=conID: 1 locID: 102667711196103237 bcsId: 0} | ret=SUCCESS |  
2019-08-23 18:29:08,693 | INFO  | DNAudit | user=null | ip=null | op=WRITE_CHUNK {blockData=conID: 1 locID: 102667711196103237 bcsId: 0} | ret=SUCCESS |  
2019-08-23 18:29:08,694 | INFO  | DNAudit | user=null | ip=null | op=PUT_BLOCK {blockData=[blockId=conID: 1 locID: 102667711196103237 bcsId: 0,size=1048576]} | ret=SUCCESS |  
2019-08-23 18:29:08,694 | INFO  | DNAudit | user=null | ip=null | op=PUT_BLOCK {blockData=[blockId=conID: 1 locID: 102667711196103237 bcsId: 0,size=1048576]} | ret=SUCCESS |  
2019-08-23 18:29:08,694 [grpc-default-executor-0] INFO  client.GrpcClientProtocolClient (GrpcClientProtocolClient.java:onNext(255)) - client-19C32667576E->48affcab-e6e4-4602-963a-f6a50efbd54c: receive RaftClientReply:client-19C32667576E->48affcab-e6e4-4602-963a-f6a50efbd54c@group-50C56EAF5137, cid=2371, SUCCESS, logIndex=0, commits[48affcab-e6e4-4602-963a-f6a50efbd54c:c3525, 7e391b60-07ae-4d97-a027-4756e468c032:c3522, c5f86d96-67df-4f25-bde3-316f439d30b3:c3522]
2019-08-23 18:29:08,694 | INFO  | DNAudit | user=null | ip=null | op=WRITE_CHUNK {blockData=conID: 1 locID: 102667711196103237 bcsId: 0} | ret=SUCCESS |  
2019-08-23 18:29:08,695 | INFO  | DNAudit | user=null | ip=null | op=WRITE_CHUNK {blockData=conID: 1 locID: 102667711196103237 bcsId: 0} | ret=SUCCESS |  
2019-08-23 18:29:08,695 | INFO  | DNAudit | user=null | ip=null | op=PUT_BLOCK {blockData=[blockId=conID: 1 locID: 102667711196103237 bcsId: 0,size=2097152]} | ret=SUCCESS |  
2019-08-23 18:29:08,695 | INFO  | DNAudit | user=null | ip=null | op=PUT_BLOCK {blockData=[blockId=conID: 1 locID: 102667711196103237 bcsId: 0,size=2097152]} | ret=SUCCESS |  
2019-08-23 18:29:08,699 | INFO  | DNAudit | user=null | ip=null | op=WRITE_CHUNK {blockData=conID: 1 locID: 102667711196103237 bcsId: 3524} | ret=SUCCESS |  
2019-08-23 18:29:08,701 | INFO  | DNAudit | user=null | ip=null | op=WRITE_CHUNK {blockData=conID: 1 locID: 102667711196103237 bcsId: 3524} | ret=SUCCESS |  
2019-08-23 18:29:08,701 | INFO  | DNAudit | user=null | ip=null | op=WRITE_CHUNK {blockData=conID: 1 locID: 102667711196103237 bcsId: 3524} | ret=SUCCESS |  
2019-08-23 18:29:08,709 | INFO  | SCMAudit | user=jenkins1000 | ip=192.168.34.23 | op=SEND_HEARTBEAT {datanodeUUID=48affcab-e6e4-4602-963a-f6a50efbd54c, command=[]} | ret=SUCCESS |  
2019-08-23 18:29:08,709 | INFO  | SCMAudit | user=jenkins1000 | ip=192.168.34.23 | op=SEND_HEARTBEAT {datanodeUUID=58706fd2-d7f7-4771-af80-9e0541495c87, command=[]} | ret=SUCCESS |  
2019-08-23 18:29:08,709 | INFO  | SCMAudit | user=jenkins1000 | ip=192.168.34.23 | op=SEND_HEARTBEAT {datanodeUUID=c5f86d96-67df-4f25-bde3-316f439d30b3, command=[]} | ret=SUCCESS |  
2019-08-23 18:29:08,709 | INFO  | SCMAudit | user=jenkins1000 | ip=192.168.34.23 | op=SEND_HEARTBEAT {datanodeUUID=7e391b60-07ae-4d97-a027-4756e468c032, command=[]} | ret=SUCCESS |  
2019-08-23 18:29:08,712 | INFO  | DNAudit | user=null | ip=null | op=WRITE_CHUNK {blockData=conID: 1 locID: 102667711196103237 bcsId: 3524} | ret=SUCCESS |  
2019-08-23 18:29:08,712 | INFO  | DNAudit | user=null | ip=null | op=PUT_BLOCK {blockData=[blockId=conID: 1 locID: 102667711196103237 bcsId: 0,size=3145728]} | ret=SUCCESS |  
2019-08-23 18:29:08,712 [grpc-default-executor-4] INFO  client.GrpcClientProtocolClient (GrpcClientProtocolClient.java:onNext(255)) - client-19C32667576E->48affcab-e6e4-4602-963a-f6a50efbd54c: receive RaftClientReply:client-19C32667576E->48affcab-e6e4-4602-963a-f6a50efbd54c@group-50C56EAF5137, cid=2372, SUCCESS, logIndex=3529, commits[48affcab-e6e4-4602-963a-f6a50efbd54c:c3530, 7e391b60-07ae-4d97-a027-4756e468c032:c3528, c5f86d96-67df-4f25-bde3-316f439d30b3:c3528]
2019-08-23 18:29:08,713 [grpc-default-executor-4] INFO  client.GrpcClientProtocolClient (GrpcClientProtocolClient.java:onNext(255)) - client-19C32667576E->48affcab-e6e4-4602-963a-f6a50efbd54c: receive RaftClientReply:client-19C32667576E->48affcab-e6e4-4602-963a-f6a50efbd54c@group-50C56EAF5137, cid=2373, SUCCESS, logIndex=3530, commits[48affcab-e6e4-4602-963a-f6a50efbd54c:c3530, 7e391b60-07ae-4d97-a027-4756e468c032:c3528, c5f86d96-67df-4f25-bde3-316f439d30b3:c3528]
2019-08-23 18:29:08,718 | INFO  | DNAudit | user=null | ip=null | op=WRITE_CHUNK {blockData=conID: 1 locID: 102667711196103237 bcsId: 3530} | ret=SUCCESS |  
2019-08-23 18:29:08,720 | INFO  | DNAudit | user=null | ip=null | op=WRITE_CHUNK {blockData=conID: 1 locID: 102667711196103237 bcsId: 3530} | ret=SUCCESS |  
2019-08-23 18:29:08,720 | INFO  | DNAudit | user=null | ip=null | op=WRITE_CHUNK {blockData=conID: 1 locID: 102667711196103237 bcsId: 3530} | ret=SUCCESS |  
2019-08-23 18:29:08,723 | INFO  | DNAudit | user=null | ip=null | op=WRITE_CHUNK {blockData=conID: 1 locID: 102667711196103237 bcsId: 3524} | ret=SUCCESS |  
2019-08-23 18:29:08,723 | INFO  | DNAudit | user=null | ip=null | op=WRITE_CHUNK {blockData=conID: 1 locID: 102667711196103237 bcsId: 3524} | ret=SUCCESS |  
2019-08-23 18:29:08,726 | INFO  | DNAudit | user=null | ip=null | op=PUT_BLOCK {blockData=[blockId=conID: 1 locID: 102667711196103237 bcsId: 0,size=3145728]} | ret=SUCCESS |  
2019-08-23 18:29:08,726 | INFO  | DNAudit | user=null | ip=null | op=PUT_BLOCK {blockData=[blockId=conID: 1 locID: 102667711196103237 bcsId: 0,size=3145728]} | ret=SUCCESS |  
2019-08-23 18:29:08,726 | INFO  | DNAudit | user=null | ip=null | op=WRITE_CHUNK {blockData=conID: 1 locID: 102667711196103237 bcsId: 3530} | ret=SUCCESS |  
2019-08-23 18:29:08,727 | INFO  | DNAudit | user=null | ip=null | op=PUT_BLOCK {blockData=[blockId=conID: 1 locID: 102667711196103237 bcsId: 0,size=4194304]} | ret=SUCCESS |  
2019-08-23 18:29:08,727 [grpc-default-executor-0] INFO  client.GrpcClientProtocolClient (GrpcClientProtocolClient.java:onNext(255)) - client-19C32667576E->48affcab-e6e4-4602-963a-f6a50efbd54c: receive RaftClientReply:client-19C32667576E->48affcab-e6e4-4602-963a-f6a50efbd54c@group-50C56EAF5137, cid=2374, SUCCESS, logIndex=3533, commits[48affcab-e6e4-4602-963a-f6a50efbd54c:c3534, 7e391b60-07ae-4d97-a027-4756e468c032:c3530, c5f86d96-67df-4f25-bde3-316f439d30b3:c3530]
2019-08-23 18:29:08,727 [grpc-default-executor-0] INFO  client.GrpcClientProtocolClient (GrpcClientProtocolClient.java:onNext(255)) - client-19C32667576E->48affcab-e6e4-4602-963a-f6a50efbd54c: receive RaftClientReply:client-19C32667576E->48affcab-e6e4-4602-963a-f6a50efbd54c@group-50C56EAF5137, cid=2375, SUCCESS, logIndex=3534, commits[48affcab-e6e4-4602-963a-f6a50efbd54c:c3534, 7e391b60-07ae-4d97-a027-4756e468c032:c3530, c5f86d96-67df-4f25-bde3-316f439d30b3:c3530]
2019-08-23 18:29:08,737 | INFO  | DNAudit | user=null | ip=null | op=WRITE_CHUNK {blockData=conID: 1 locID: 102667711196103237 bcsId: 3530} | ret=SUCCESS |  
2019-08-23 18:29:08,738 | INFO  | DNAudit | user=null | ip=null | op=WRITE_CHUNK {blockData=conID: 1 locID: 102667711196103237 bcsId: 3530} | ret=SUCCESS |  
2019-08-23 18:29:08,738 | INFO  | DNAudit | user=null | ip=null | op=PUT_BLOCK {blockData=[blockId=conID: 1 locID: 102667711196103237 bcsId: 0,size=4194304]} | ret=SUCCESS |  
2019-08-23 18:29:08,738 | INFO  | DNAudit | user=null | ip=null | op=PUT_BLOCK {blockData=[blockId=conID: 1 locID: 102667711196103237 bcsId: 0,size=4194304]} | ret=SUCCESS |  
2019-08-23 18:29:08,738 [grpc-default-executor-0] INFO  client.GrpcClientProtocolClient (GrpcClientProtocolClient.java:onNext(255)) - client-19C32667576E->48affcab-e6e4-4602-963a-f6a50efbd54c: receive RaftClientReply:client-19C32667576E->48affcab-e6e4-4602-963a-f6a50efbd54c@group-50C56EAF5137, cid=2376, SUCCESS, logIndex=0, commits[48affcab-e6e4-4602-963a-f6a50efbd54c:c3534, 7e391b60-07ae-4d97-a027-4756e468c032:c3534, c5f86d96-67df-4f25-bde3-316f439d30b3:c3534]
2019-08-23 18:29:08,742 | INFO  | SCMAudit | user=jenkins1000 | ip=192.168.34.23 | op=ALLOCATE_BLOCK {owner=1ceb8b80-28f1-43fd-86c3-175afc07b8d1, size=4194304, type=RATIS, factor=THREE} | ret=SUCCESS |  
2019-08-23 18:29:08,744 | INFO  | OMAudit | user=jenkins1000 | ip=127.0.0.1 | op=ALLOCATE_BLOCK {volume=vol-0-45438, bucket=bucket-0-23891, key=key-0-22455, dataSize=0, replicationType=null, replicationFactor=null, keyLocationInfo=null, clientID=102667710122492306} | ret=SUCCESS |  
2019-08-23 18:29:08,750 | INFO  | DNAudit | user=null | ip=null | op=WRITE_CHUNK {blockData=conID: 2 locID: 102667711200756294 bcsId: 0} | ret=SUCCESS |  
2019-08-23 18:29:08,752 | INFO  | DNAudit | user=null | ip=null | op=WRITE_CHUNK {blockData=conID: 2 locID: 102667711200756294 bcsId: 0} | ret=SUCCESS |  
2019-08-23 18:29:08,753 | INFO  | DNAudit | user=null | ip=null | op=WRITE_CHUNK {blockData=conID: 2 locID: 102667711200756294 bcsId: 0} | ret=SUCCESS |  
2019-08-23 18:29:08,753 | INFO  | DNAudit | user=null | ip=null | op=WRITE_CHUNK {blockData=conID: 2 locID: 102667711200756294 bcsId: 0} | ret=SUCCESS |  
2019-08-23 18:29:08,755 | INFO  | DNAudit | user=null | ip=null | op=WRITE_CHUNK {blockData=conID: 2 locID: 102667711200756294 bcsId: 0} | ret=SUCCESS |  
2019-08-23 18:29:08,755 | INFO  | DNAudit | user=null | ip=null | op=WRITE_CHUNK {blockData=conID: 2 locID: 102667711200756294 bcsId: 0} | ret=SUCCESS |  
2019-08-23 18:29:08,763 | INFO  | DNAudit | user=null | ip=null | op=WRITE_CHUNK {blockData=conID: 2 locID: 102667711200756294 bcsId: 0} | ret=SUCCESS |  
2019-08-23 18:29:08,763 | INFO  | DNAudit | user=null | ip=null | op=PUT_BLOCK {blockData=[blockId=conID: 2 locID: 102667711200756294 bcsId: 0,size=1048576]} | ret=SUCCESS |  
2019-08-23 18:29:08,764 [grpc-default-executor-4] INFO  client.GrpcClientProtocolClient (GrpcClientProtocolClient.java:onNext(255)) - client-19C32667576E->48affcab-e6e4-4602-963a-f6a50efbd54c: receive RaftClientReply:client-19C32667576E->48affcab-e6e4-4602-963a-f6a50efbd54c@group-50C56EAF5137, cid=2377, SUCCESS, logIndex=3537, commits[48affcab-e6e4-4602-963a-f6a50efbd54c:c3538, 7e391b60-07ae-4d97-a027-4756e468c032:c3536, c5f86d96-67df-4f25-bde3-316f439d30b3:c3536]
2019-08-23 18:29:08,764 | INFO  | DNAudit | user=null | ip=null | op=WRITE_CHUNK {blockData=conID: 2 locID: 102667711200756294 bcsId: 0} | ret=SUCCESS |  
2019-08-23 18:29:08,764 [grpc-default-executor-4] INFO  client.GrpcClientProtocolClient (GrpcClientProtocolClient.java:onNext(255)) - client-19C32667576E->48affcab-e6e4-4602-963a-f6a50efbd54c: receive RaftClientReply:client-19C32667576E->48affcab-e6e4-4602-963a-f6a50efbd54c@group-50C56EAF5137, cid=2378, SUCCESS, logIndex=3538, commits[48affcab-e6e4-4602-963a-f6a50efbd54c:c3538, 7e391b60-07ae-4d97-a027-4756e468c032:c3536, c5f86d96-67df-4f25-bde3-316f439d30b3:c3536]
2019-08-23 18:29:08,764 | INFO  | DNAudit | user=null | ip=null | op=PUT_BLOCK {blockData=[blockId=conID: 2 locID: 102667711200756294 bcsId: 0,size=2097152]} | ret=SUCCESS |  
2019-08-23 18:29:08,764 [grpc-default-executor-4] INFO  client.GrpcClientProtocolClient (GrpcClientProtocolClient.java:onNext(255)) - client-19C32667576E->48affcab-e6e4-4602-963a-f6a50efbd54c: receive RaftClientReply:client-19C32667576E->48affcab-e6e4-4602-963a-f6a50efbd54c@group-50C56EAF5137, cid=2379, SUCCESS, logIndex=3539, commits[48affcab-e6e4-4602-963a-f6a50efbd54c:c3540, 7e391b60-07ae-4d97-a027-4756e468c032:c3536, c5f86d96-67df-4f25-bde3-316f439d30b3:c3536]
2019-08-23 18:29:08,765 [grpc-default-executor-4] INFO  client.GrpcClientProtocolClient (GrpcClientProtocolClient.java:onNext(255)) - client-19C32667576E->48affcab-e6e4-4602-963a-f6a50efbd54c: receive RaftClientReply:client-19C32667576E->48affcab-e6e4-4602-963a-f6a50efbd54c@group-50C56EAF5137, cid=2380, SUCCESS, logIndex=3540, commits[48affcab-e6e4-4602-963a-f6a50efbd54c:c3540, 7e391b60-07ae-4d97-a027-4756e468c032:c3536, c5f86d96-67df-4f25-bde3-316f439d30b3:c3536]
2019-08-23 18:29:08,777 | INFO  | DNAudit | user=null | ip=null | op=WRITE_CHUNK {blockData=conID: 2 locID: 102667711200756294 bcsId: 0} | ret=SUCCESS |  
2019-08-23 18:29:08,777 | INFO  | DNAudit | user=null | ip=null | op=WRITE_CHUNK {blockData=conID: 2 locID: 102667711200756294 bcsId: 0} | ret=SUCCESS |  
2019-08-23 18:29:08,777 | INFO  | DNAudit | user=null | ip=null | op=PUT_BLOCK {blockData=[blockId=conID: 2 locID: 102667711200756294 bcsId: 0,size=1048576]} | ret=SUCCESS |  
2019-08-23 18:29:08,778 | INFO  | DNAudit | user=null | ip=null | op=PUT_BLOCK {blockData=[blockId=conID: 2 locID: 102667711200756294 bcsId: 0,size=1048576]} | ret=SUCCESS |  
2019-08-23 18:29:08,778 | INFO  | DNAudit | user=null | ip=null | op=WRITE_CHUNK {blockData=conID: 2 locID: 102667711200756294 bcsId: 0} | ret=SUCCESS |  
2019-08-23 18:29:08,778 | INFO  | DNAudit | user=null | ip=null | op=WRITE_CHUNK {blockData=conID: 2 locID: 102667711200756294 bcsId: 0} | ret=SUCCESS |  
2019-08-23 18:29:08,778 | INFO  | DNAudit | user=null | ip=null | op=PUT_BLOCK {blockData=[blockId=conID: 2 locID: 102667711200756294 bcsId: 0,size=2097152]} | ret=SUCCESS |  
2019-08-23 18:29:08,778 | INFO  | DNAudit | user=null | ip=null | op=PUT_BLOCK {blockData=[blockId=conID: 2 locID: 102667711200756294 bcsId: 0,size=2097152]} | ret=SUCCESS |  
2019-08-23 18:29:08,778 [grpc-default-executor-4] INFO  client.GrpcClientProtocolClient (GrpcClientProtocolClient.java:onNext(255)) - client-19C32667576E->48affcab-e6e4-4602-963a-f6a50efbd54c: receive RaftClientReply:client-19C32667576E->48affcab-e6e4-4602-963a-f6a50efbd54c@group-50C56EAF5137, cid=2381, SUCCESS, logIndex=0, commits[48affcab-e6e4-4602-963a-f6a50efbd54c:c3541, 7e391b60-07ae-4d97-a027-4756e468c032:c3538, c5f86d96-67df-4f25-bde3-316f439d30b3:c3538]
2019-08-23 18:29:08,784 | INFO  | DNAudit | user=null | ip=null | op=WRITE_CHUNK {blockData=conID: 2 locID: 102667711200756294 bcsId: 3540} | ret=SUCCESS |  
2019-08-23 18:29:08,786 | INFO  | DNAudit | user=null | ip=null | op=WRITE_CHUNK {blockData=conID: 2 locID: 102667711200756294 bcsId: 3540} | ret=SUCCESS |  
2019-08-23 18:29:08,786 | INFO  | DNAudit | user=null | ip=null | op=WRITE_CHUNK {blockData=conID: 2 locID: 102667711200756294 bcsId: 3540} | ret=SUCCESS |  
2019-08-23 18:29:08,797 | INFO  | DNAudit | user=null | ip=null | op=WRITE_CHUNK {blockData=conID: 2 locID: 102667711200756294 bcsId: 3540} | ret=SUCCESS |  
2019-08-23 18:29:08,798 | INFO  | DNAudit | user=null | ip=null | op=PUT_BLOCK {blockData=[blockId=conID: 2 locID: 102667711200756294 bcsId: 0,size=3145728]} | ret=SUCCESS |  
2019-08-23 18:29:08,798 [grpc-default-executor-4] INFO  client.GrpcClientProtocolClient (GrpcClientProtocolClient.java:onNext(255)) - client-19C32667576E->48affcab-e6e4-4602-963a-f6a50efbd54c: receive RaftClientReply:client-19C32667576E->48affcab-e6e4-4602-963a-f6a50efbd54c@group-50C56EAF5137, cid=2382, SUCCESS, logIndex=3544, commits[48affcab-e6e4-4602-963a-f6a50efbd54c:c3545, 7e391b60-07ae-4d97-a027-4756e468c032:c3543, c5f86d96-67df-4f25-bde3-316f439d30b3:c3543]
2019-08-23 18:29:08,798 [grpc-default-executor-4] INFO  client.GrpcClientProtocolClient (GrpcClientProtocolClient.java:onNext(255)) - client-19C32667576E->48affcab-e6e4-4602-963a-f6a50efbd54c: receive RaftClientReply:client-19C32667576E->48affcab-e6e4-4602-963a-f6a50efbd54c@group-50C56EAF5137, cid=2383, SUCCESS, logIndex=3545, commits[48affcab-e6e4-4602-963a-f6a50efbd54c:c3545, 7e391b60-07ae-4d97-a027-4756e468c032:c3543, c5f86d96-67df-4f25-bde3-316f439d30b3:c3543]
2019-08-23 18:29:08,803 | INFO  | DNAudit | user=null | ip=null | op=WRITE_CHUNK {blockData=conID: 2 locID: 102667711200756294 bcsId: 3545} | ret=SUCCESS |  
2019-08-23 18:29:08,805 | INFO  | DNAudit | user=null | ip=null | op=WRITE_CHUNK {blockData=conID: 2 locID: 102667711200756294 bcsId: 3545} | ret=SUCCESS |  
2019-08-23 18:29:08,806 | INFO  | DNAudit | user=null | ip=null | op=WRITE_CHUNK {blockData=conID: 2 locID: 102667711200756294 bcsId: 3545} | ret=SUCCESS |  
2019-08-23 18:29:08,809 | INFO  | DNAudit | user=null | ip=null | op=WRITE_CHUNK {blockData=conID: 2 locID: 102667711200756294 bcsId: 3540} | ret=SUCCESS |  
2019-08-23 18:29:08,809 | INFO  | DNAudit | user=null | ip=null | op=WRITE_CHUNK {blockData=conID: 2 locID: 102667711200756294 bcsId: 3540} | ret=SUCCESS |  
2019-08-23 18:29:08,810 | INFO  | DNAudit | user=null | ip=null | op=PUT_BLOCK {blockData=[blockId=conID: 2 locID: 102667711200756294 bcsId: 0,size=3145728]} | ret=SUCCESS |  
2019-08-23 18:29:08,810 | INFO  | DNAudit | user=null | ip=null | op=PUT_BLOCK {blockData=[blockId=conID: 2 locID: 102667711200756294 bcsId: 0,size=3145728]} | ret=SUCCESS |  
2019-08-23 18:29:08,811 | INFO  | DNAudit | user=null | ip=null | op=WRITE_CHUNK {blockData=conID: 2 locID: 102667711200756294 bcsId: 3545} | ret=SUCCESS |  
2019-08-23 18:29:08,811 | INFO  | DNAudit | user=null | ip=null | op=PUT_BLOCK {blockData=[blockId=conID: 2 locID: 102667711200756294 bcsId: 0,size=4194304]} | ret=SUCCESS |  
2019-08-23 18:29:08,811 [grpc-default-executor-4] INFO  client.GrpcClientProtocolClient (GrpcClientProtocolClient.java:onNext(255)) - client-19C32667576E->48affcab-e6e4-4602-963a-f6a50efbd54c: receive RaftClientReply:client-19C32667576E->48affcab-e6e4-4602-963a-f6a50efbd54c@group-50C56EAF5137, cid=2384, SUCCESS, logIndex=3548, commits[48affcab-e6e4-4602-963a-f6a50efbd54c:c3549, 7e391b60-07ae-4d97-a027-4756e468c032:c3545, c5f86d96-67df-4f25-bde3-316f439d30b3:c3545]
2019-08-23 18:29:08,811 [grpc-default-executor-4] INFO  client.GrpcClientProtocolClient (GrpcClientProtocolClient.java:onNext(255)) - client-19C32667576E->48affcab-e6e4-4602-963a-f6a50efbd54c: receive RaftClientReply:client-19C32667576E->48affcab-e6e4-4602-963a-f6a50efbd54c@group-50C56EAF5137, cid=2385, SUCCESS, logIndex=3549, commits[48affcab-e6e4-4602-963a-f6a50efbd54c:c3549, 7e391b60-07ae-4d97-a027-4756e468c032:c3545, c5f86d96-67df-4f25-bde3-316f439d30b3:c3545]
2019-08-23 18:29:08,821 | INFO  | DNAudit | user=null | ip=null | op=WRITE_CHUNK {blockData=conID: 2 locID: 102667711200756294 bcsId: 3545} | ret=SUCCESS |  
2019-08-23 18:29:08,822 | INFO  | DNAudit | user=null | ip=null | op=WRITE_CHUNK {blockData=conID: 2 locID: 102667711200756294 bcsId: 3545} | ret=SUCCESS |  
2019-08-23 18:29:08,824 | INFO  | DNAudit | user=null | ip=null | op=PUT_BLOCK {blockData=[blockId=conID: 2 locID: 102667711200756294 bcsId: 0,size=4194304]} | ret=SUCCESS |  
2019-08-23 18:29:08,824 | INFO  | DNAudit | user=null | ip=null | op=PUT_BLOCK {blockData=[blockId=conID: 2 locID: 102667711200756294 bcsId: 0,size=4194304]} | ret=SUCCESS |  
2019-08-23 18:29:08,825 [grpc-default-executor-0] INFO  client.GrpcClientProtocolClient (GrpcClientProtocolClient.java:onNext(255)) - client-19C32667576E->48affcab-e6e4-4602-963a-f6a50efbd54c: receive RaftClientReply:client-19C32667576E->48affcab-e6e4-4602-963a-f6a50efbd54c@group-50C56EAF5137, cid=2386, SUCCESS, logIndex=0, commits[48affcab-e6e4-4602-963a-f6a50efbd54c:c3550, 7e391b60-07ae-4d97-a027-4756e468c032:c3549, c5f86d96-67df-4f25-bde3-316f439d30b3:c3549]
2019-08-23 18:29:08,829 | INFO  | SCMAudit | user=jenkins1000 | ip=192.168.34.23 | op=ALLOCATE_BLOCK {owner=1ceb8b80-28f1-43fd-86c3-175afc07b8d1, size=4194304, type=RATIS, factor=THREE} | ret=SUCCESS |  
2019-08-23 18:29:08,832 | INFO  | OMAudit | user=jenkins1000 | ip=127.0.0.1 | op=ALLOCATE_BLOCK {volume=vol-0-45438, bucket=bucket-0-23891, key=key-0-22455, dataSize=0, replicationType=null, replicationFactor=null, keyLocationInfo=null, clientID=102667710122492306} | ret=SUCCESS |  
2019-08-23 18:29:08,838 | INFO  | DNAudit | user=null | ip=null | op=WRITE_CHUNK {blockData=conID: 3 locID: 102667711206457927 bcsId: 0} | ret=SUCCESS |  
2019-08-23 18:29:08,840 | INFO  | DNAudit | user=null | ip=null | op=WRITE_CHUNK {blockData=conID: 3 locID: 102667711206457927 bcsId: 0} | ret=SUCCESS |  
2019-08-23 18:29:08,840 | INFO  | DNAudit | user=null | ip=null | op=WRITE_CHUNK {blockData=conID: 3 locID: 102667711206457927 bcsId: 0} | ret=SUCCESS |  
2019-08-23 18:29:08,840 | INFO  | DNAudit | user=null | ip=null | op=WRITE_CHUNK {blockData=conID: 3 locID: 102667711206457927 bcsId: 0} | ret=SUCCESS |  
2019-08-23 18:29:08,842 | INFO  | DNAudit | user=null | ip=null | op=WRITE_CHUNK {blockData=conID: 3 locID: 102667711206457927 bcsId: 0} | ret=SUCCESS |  
2019-08-23 18:29:08,843 | INFO  | DNAudit | user=null | ip=null | op=WRITE_CHUNK {blockData=conID: 3 locID: 102667711206457927 bcsId: 0} | ret=SUCCESS |  
2019-08-23 18:29:08,850 | INFO  | DNAudit | user=null | ip=null | op=WRITE_CHUNK {blockData=conID: 3 locID: 102667711206457927 bcsId: 0} | ret=SUCCESS |  
2019-08-23 18:29:08,851 | INFO  | DNAudit | user=null | ip=null | op=PUT_BLOCK {blockData=[blockId=conID: 3 locID: 102667711206457927 bcsId: 0,size=1048576]} | ret=SUCCESS |  
2019-08-23 18:29:08,851 [grpc-default-executor-4] INFO  client.GrpcClientProtocolClient (GrpcClientProtocolClient.java:onNext(255)) - client-19C32667576E->48affcab-e6e4-4602-963a-f6a50efbd54c: receive RaftClientReply:client-19C32667576E->48affcab-e6e4-4602-963a-f6a50efbd54c@group-50C56EAF5137, cid=2387, SUCCESS, logIndex=3552, commits[48affcab-e6e4-4602-963a-f6a50efbd54c:c3553, 7e391b60-07ae-4d97-a027-4756e468c032:c3551, c5f86d96-67df-4f25-bde3-316f439d30b3:c3551]
2019-08-23 18:29:08,851 [grpc-default-executor-4] INFO  client.GrpcClientProtocolClient (GrpcClientProtocolClient.java:onNext(255)) - client-19C32667576E->48affcab-e6e4-4602-963a-f6a50efbd54c: receive RaftClientReply:client-19C32667576E->48affcab-e6e4-4602-963a-f6a50efbd54c@group-50C56EAF5137, cid=2388, SUCCESS, logIndex=3553, commits[48affcab-e6e4-4602-963a-f6a50efbd54c:c3553, 7e391b60-07ae-4d97-a027-4756e468c032:c3551, c5f86d96-67df-4f25-bde3-316f439d30b3:c3551]
2019-08-23 18:29:08,852 | INFO  | DNAudit | user=null | ip=null | op=WRITE_CHUNK {blockData=conID: 3 locID: 102667711206457927 bcsId: 0} | ret=SUCCESS |  
2019-08-23 18:29:08,852 | INFO  | DNAudit | user=null | ip=null | op=PUT_BLOCK {blockData=[blockId=conID: 3 locID: 102667711206457927 bcsId: 0,size=2097152]} | ret=SUCCESS |  
2019-08-23 18:29:08,852 [grpc-default-executor-5] INFO  client.GrpcClientProtocolClient (GrpcClientProtocolClient.java:onNext(255)) - client-19C32667576E->48affcab-e6e4-4602-963a-f6a50efbd54c: receive RaftClientReply:client-19C32667576E->48affcab-e6e4-4602-963a-f6a50efbd54c@group-50C56EAF5137, cid=2389, SUCCESS, logIndex=3554, commits[48affcab-e6e4-4602-963a-f6a50efbd54c:c3555, 7e391b60-07ae-4d97-a027-4756e468c032:c3551, c5f86d96-67df-4f25-bde3-316f439d30b3:c3551]
2019-08-23 18:29:08,852 | INFO  | DNAudit | user=null | ip=null | op=WRITE_CHUNK {blockData=conID: 3 locID: 102667711206457927 bcsId: 0} | ret=SUCCESS |  
2019-08-23 18:29:08,853 [grpc-default-executor-5] INFO  client.GrpcClientProtocolClient (GrpcClientProtocolClient.java:onNext(255)) - client-19C32667576E->48affcab-e6e4-4602-963a-f6a50efbd54c: receive RaftClientReply:client-19C32667576E->48affcab-e6e4-4602-963a-f6a50efbd54c@group-50C56EAF5137, cid=2390, SUCCESS, logIndex=3555, commits[48affcab-e6e4-4602-963a-f6a50efbd54c:c3555, 7e391b60-07ae-4d97-a027-4756e468c032:c3551, c5f86d96-67df-4f25-bde3-316f439d30b3:c3551]
2019-08-23 18:29:08,853 | INFO  | DNAudit | user=null | ip=null | op=PUT_BLOCK {blockData=[blockId=conID: 3 locID: 102667711206457927 bcsId: 0,size=1048576]} | ret=SUCCESS |  
2019-08-23 18:29:08,855 | INFO  | DNAudit | user=null | ip=null | op=WRITE_CHUNK {blockData=conID: 3 locID: 102667711206457927 bcsId: 0} | ret=SUCCESS |  
2019-08-23 18:29:08,855 [grpc-default-executor-5] INFO  client.GrpcClientProtocolClient (GrpcClientProtocolClient.java:onNext(255)) - client-19C32667576E->48affcab-e6e4-4602-963a-f6a50efbd54c: receive RaftClientReply:client-19C32667576E->48affcab-e6e4-4602-963a-f6a50efbd54c@group-50C56EAF5137, cid=2391, SUCCESS, logIndex=0, commits[48affcab-e6e4-4602-963a-f6a50efbd54c:c3557, 7e391b60-07ae-4d97-a027-4756e468c032:c3553, c5f86d96-67df-4f25-bde3-316f439d30b3:c3553]
2019-08-23 18:29:08,855 | INFO  | DNAudit | user=null | ip=null | op=PUT_BLOCK {blockData=[blockId=conID: 3 locID: 102667711206457927 bcsId: 0,size=1048576]} | ret=SUCCESS |  
2019-08-23 18:29:08,856 | INFO  | DNAudit | user=null | ip=null | op=WRITE_CHUNK {blockData=conID: 3 locID: 102667711206457927 bcsId: 0} | ret=SUCCESS |  
2019-08-23 18:29:08,856 | INFO  | DNAudit | user=null | ip=null | op=PUT_BLOCK {blockData=[blockId=conID: 3 locID: 102667711206457927 bcsId: 0,size=2097152]} | ret=SUCCESS |  
2019-08-23 18:29:08,856 | INFO  | DNAudit | user=null | ip=null | op=WRITE_CHUNK {blockData=conID: 3 locID: 102667711206457927 bcsId: 0} | ret=SUCCESS |  
2019-08-23 18:29:08,857 | INFO  | DNAudit | user=null | ip=null | op=PUT_BLOCK {blockData=[blockId=conID: 3 locID: 102667711206457927 bcsId: 0,size=2097152]} | ret=SUCCESS |  
2019-08-23 18:29:08,860 | INFO  | DNAudit | user=null | ip=null | op=WRITE_CHUNK {blockData=conID: 3 locID: 102667711206457927 bcsId: 3555} | ret=SUCCESS |  
2019-08-23 18:29:08,863 | INFO  | DNAudit | user=null | ip=null | op=WRITE_CHUNK {blockData=conID: 3 locID: 102667711206457927 bcsId: 3555} | ret=SUCCESS |  
2019-08-23 18:29:08,863 | INFO  | DNAudit | user=null | ip=null | op=WRITE_CHUNK {blockData=conID: 3 locID: 102667711206457927 bcsId: 3555} | ret=SUCCESS |  
2019-08-23 18:29:08,865 | INFO  | DNAudit | user=null | ip=null | op=WRITE_CHUNK {blockData=conID: 3 locID: 102667711206457927 bcsId: 3555} | ret=SUCCESS |  
2019-08-23 18:29:08,866 | INFO  | DNAudit | user=null | ip=null | op=PUT_BLOCK {blockData=[blockId=conID: 3 locID: 102667711206457927 bcsId: 0,size=3145728]} | ret=SUCCESS |  
2019-08-23 18:29:08,866 [grpc-default-executor-5] INFO  client.GrpcClientProtocolClient (GrpcClientProtocolClient.java:onNext(255)) - client-19C32667576E->48affcab-e6e4-4602-963a-f6a50efbd54c: receive RaftClientReply:client-19C32667576E->48affcab-e6e4-4602-963a-f6a50efbd54c@group-50C56EAF5137, cid=2392, SUCCESS, logIndex=3560, commits[48affcab-e6e4-4602-963a-f6a50efbd54c:c3561, 7e391b60-07ae-4d97-a027-4756e468c032:c3555, c5f86d96-67df-4f25-bde3-316f439d30b3:c3559]
2019-08-23 18:29:08,867 [grpc-default-executor-0] INFO  client.GrpcClientProtocolClient (GrpcClientProtocolClient.java:onNext(255)) - client-19C32667576E->48affcab-e6e4-4602-963a-f6a50efbd54c: receive RaftClientReply:client-19C32667576E->48affcab-e6e4-4602-963a-f6a50efbd54c@group-50C56EAF5137, cid=2393, SUCCESS, logIndex=3561, commits[48affcab-e6e4-4602-963a-f6a50efbd54c:c3561, 7e391b60-07ae-4d97-a027-4756e468c032:c3559, c5f86d96-67df-4f25-bde3-316f439d30b3:c3559]
2019-08-23 18:29:08,867 | INFO  | DNAudit | user=null | ip=null | op=WRITE_CHUNK {blockData=conID: 3 locID: 102667711206457927 bcsId: 3555} | ret=SUCCESS |  
2019-08-23 18:29:08,867 | INFO  | DNAudit | user=null | ip=null | op=WRITE_CHUNK {blockData=conID: 3 locID: 102667711206457927 bcsId: 3555} | ret=SUCCESS |  
2019-08-23 18:29:08,867 | INFO  | DNAudit | user=null | ip=null | op=PUT_BLOCK {blockData=[blockId=conID: 3 locID: 102667711206457927 bcsId: 0,size=3145728]} | ret=SUCCESS |  
2019-08-23 18:29:08,867 | INFO  | DNAudit | user=null | ip=null | op=PUT_BLOCK {blockData=[blockId=conID: 3 locID: 102667711206457927 bcsId: 0,size=3145728]} | ret=SUCCESS |  
2019-08-23 18:29:08,872 | INFO  | DNAudit | user=null | ip=null | op=WRITE_CHUNK {blockData=conID: 3 locID: 102667711206457927 bcsId: 3561} | ret=SUCCESS |  
2019-08-23 18:29:08,874 | INFO  | DNAudit | user=null | ip=null | op=WRITE_CHUNK {blockData=conID: 3 locID: 102667711206457927 bcsId: 3561} | ret=SUCCESS |  
2019-08-23 18:29:08,875 | INFO  | DNAudit | user=null | ip=null | op=WRITE_CHUNK {blockData=conID: 3 locID: 102667711206457927 bcsId: 3561} | ret=SUCCESS |  
2019-08-23 18:29:08,887 | INFO  | DNAudit | user=null | ip=null | op=WRITE_CHUNK {blockData=conID: 3 locID: 102667711206457927 bcsId: 3561} | ret=SUCCESS |  
2019-08-23 18:29:08,887 | INFO  | DNAudit | user=null | ip=null | op=PUT_BLOCK {blockData=[blockId=conID: 3 locID: 102667711206457927 bcsId: 0,size=4194304]} | ret=SUCCESS |  
2019-08-23 18:29:08,887 [grpc-default-executor-0] INFO  client.GrpcClientProtocolClient (GrpcClientProtocolClient.java:onNext(255)) - client-19C32667576E->48affcab-e6e4-4602-963a-f6a50efbd54c: receive RaftClientReply:client-19C32667576E->48affcab-e6e4-4602-963a-f6a50efbd54c@group-50C56EAF5137, cid=2394, SUCCESS, logIndex=3564, commits[48affcab-e6e4-4602-963a-f6a50efbd54c:c3565, 7e391b60-07ae-4d97-a027-4756e468c032:c3563, c5f86d96-67df-4f25-bde3-316f439d30b3:c3563]
2019-08-23 18:29:08,888 [grpc-default-executor-0] INFO  client.GrpcClientProtocolClient (GrpcClientProtocolClient.java:onNext(255)) - client-19C32667576E->48affcab-e6e4-4602-963a-f6a50efbd54c: receive RaftClientReply:client-19C32667576E->48affcab-e6e4-4602-963a-f6a50efbd54c@group-50C56EAF5137, cid=2395, SUCCESS, logIndex=3565, commits[48affcab-e6e4-4602-963a-f6a50efbd54c:c3565, 7e391b60-07ae-4d97-a027-4756e468c032:c3563, c5f86d96-67df-4f25-bde3-316f439d30b3:c3563]
2019-08-23 18:29:08,899 | INFO  | DNAudit | user=null | ip=null | op=WRITE_CHUNK {blockData=conID: 3 locID: 102667711206457927 bcsId: 3561} | ret=SUCCESS |  
2019-08-23 18:29:08,899 | INFO  | DNAudit | user=null | ip=null | op=WRITE_CHUNK {blockData=conID: 3 locID: 102667711206457927 bcsId: 3561} | ret=SUCCESS |  
2019-08-23 18:29:08,899 | INFO  | DNAudit | user=null | ip=null | op=PUT_BLOCK {blockData=[blockId=conID: 3 locID: 102667711206457927 bcsId: 0,size=4194304]} | ret=SUCCESS |  
2019-08-23 18:29:08,899 | INFO  | DNAudit | user=null | ip=null | op=PUT_BLOCK {blockData=[blockId=conID: 3 locID: 102667711206457927 bcsId: 0,size=4194304]} | ret=SUCCESS |  
2019-08-23 18:29:08,899 [grpc-default-executor-0] INFO  client.GrpcClientProtocolClient (GrpcClientProtocolClient.java:onNext(255)) - client-19C32667576E->48affcab-e6e4-4602-963a-f6a50efbd54c: receive RaftClientReply:client-19C32667576E->48affcab-e6e4-4602-963a-f6a50efbd54c@group-50C56EAF5137, cid=2396, SUCCESS, logIndex=0, commits[48affcab-e6e4-4602-963a-f6a50efbd54c:c3566, 7e391b60-07ae-4d97-a027-4756e468c032:c3565, c5f86d96-67df-4f25-bde3-316f439d30b3:c3565]
2019-08-23 18:29:08,904 | INFO  | SCMAudit | user=jenkins1000 | ip=192.168.34.23 | op=ALLOCATE_BLOCK {owner=1ceb8b80-28f1-43fd-86c3-175afc07b8d1, size=4194304, type=RATIS, factor=THREE} | ret=SUCCESS |  
2019-08-23 18:29:08,906 | INFO  | OMAudit | user=jenkins1000 | ip=127.0.0.1 | op=ALLOCATE_BLOCK {volume=vol-0-45438, bucket=bucket-0-23891, key=key-0-22455, dataSize=0, replicationType=null, replicationFactor=null, keyLocationInfo=null, clientID=102667710122492306} | ret=SUCCESS |  
2019-08-23 18:29:08,913 | INFO  | DNAudit | user=null | ip=null | op=WRITE_CHUNK {blockData=conID: 1 locID: 102667711211373128 bcsId: 0} | ret=SUCCESS |  
2019-08-23 18:29:08,916 | INFO  | DNAudit | user=null | ip=null | op=WRITE_CHUNK {blockData=conID: 1 locID: 102667711211373128 bcsId: 0} | ret=SUCCESS |  
2019-08-23 18:29:08,916 | INFO  | DNAudit | user=null | ip=null | op=WRITE_CHUNK {blockData=conID: 1 locID: 102667711211373128 bcsId: 0} | ret=SUCCESS |  
2019-08-23 18:29:08,916 | INFO  | DNAudit | user=null | ip=null | op=WRITE_CHUNK {blockData=conID: 1 locID: 102667711211373128 bcsId: 0} | ret=SUCCESS |  
2019-08-23 18:29:08,917 | INFO  | DNAudit | user=null | ip=null | op=WRITE_CHUNK {blockData=conID: 1 locID: 102667711211373128 bcsId: 0} | ret=SUCCESS |  
2019-08-23 18:29:08,917 | INFO  | DNAudit | user=null | ip=null | op=WRITE_CHUNK {blockData=conID: 1 locID: 102667711211373128 bcsId: 0} | ret=SUCCESS |  
2019-08-23 18:29:08,921 | INFO  | DNAudit | user=null | ip=null | op=WRITE_CHUNK {blockData=conID: 1 locID: 102667711211373128 bcsId: 0} | ret=SUCCESS |  
2019-08-23 18:29:08,922 | INFO  | DNAudit | user=null | ip=null | op=PUT_BLOCK {blockData=[blockId=conID: 1 locID: 102667711211373128 bcsId: 0,size=1048576]} | ret=SUCCESS |  
2019-08-23 18:29:08,922 [grpc-default-executor-0] INFO  client.GrpcClientProtocolClient (GrpcClientProtocolClient.java:onNext(255)) - client-19C32667576E->48affcab-e6e4-4602-963a-f6a50efbd54c: receive RaftClientReply:client-19C32667576E->48affcab-e6e4-4602-963a-f6a50efbd54c@group-50C56EAF5137, cid=2397, SUCCESS, logIndex=3568, commits[48affcab-e6e4-4602-963a-f6a50efbd54c:c3569, 7e391b60-07ae-4d97-a027-4756e468c032:c3565, c5f86d96-67df-4f25-bde3-316f439d30b3:c3567]
2019-08-23 18:29:08,922 | INFO  | DNAudit | user=null | ip=null | op=WRITE_CHUNK {blockData=conID: 1 locID: 102667711211373128 bcsId: 0} | ret=SUCCESS |  
2019-08-23 18:29:08,922 [grpc-default-executor-0] INFO  client.GrpcClientProtocolClient (GrpcClientProtocolClient.java:onNext(255)) - client-19C32667576E->48affcab-e6e4-4602-963a-f6a50efbd54c: receive RaftClientReply:client-19C32667576E->48affcab-e6e4-4602-963a-f6a50efbd54c@group-50C56EAF5137, cid=2398, SUCCESS, logIndex=3569, commits[48affcab-e6e4-4602-963a-f6a50efbd54c:c3571, 7e391b60-07ae-4d97-a027-4756e468c032:c3567, c5f86d96-67df-4f25-bde3-316f439d30b3:c3567]
2019-08-23 18:29:08,922 | INFO  | DNAudit | user=null | ip=null | op=PUT_BLOCK {blockData=[blockId=conID: 1 locID: 102667711211373128 bcsId: 0,size=2097152]} | ret=SUCCESS |  
2019-08-23 18:29:08,923 [grpc-default-executor-0] INFO  client.GrpcClientProtocolClient (GrpcClientProtocolClient.java:onNext(255)) - client-19C32667576E->48affcab-e6e4-4602-963a-f6a50efbd54c: receive RaftClientReply:client-19C32667576E->48affcab-e6e4-4602-963a-f6a50efbd54c@group-50C56EAF5137, cid=2399, SUCCESS, logIndex=3570, commits[48affcab-e6e4-4602-963a-f6a50efbd54c:c3571, 7e391b60-07ae-4d97-a027-4756e468c032:c3567, c5f86d96-67df-4f25-bde3-316f439d30b3:c3567]
2019-08-23 18:29:08,923 [grpc-default-executor-0] INFO  client.GrpcClientProtocolClient (GrpcClientProtocolClient.java:onNext(255)) - client-19C32667576E->48affcab-e6e4-4602-963a-f6a50efbd54c: receive RaftClientReply:client-19C32667576E->48affcab-e6e4-4602-963a-f6a50efbd54c@group-50C56EAF5137, cid=2400, SUCCESS, logIndex=3571, commits[48affcab-e6e4-4602-963a-f6a50efbd54c:c3571, 7e391b60-07ae-4d97-a027-4756e468c032:c3567, c5f86d96-67df-4f25-bde3-316f439d30b3:c3567]
2019-08-23 18:29:08,923 | INFO  | DNAudit | user=null | ip=null | op=WRITE_CHUNK {blockData=conID: 1 locID: 102667711211373128 bcsId: 0} | ret=SUCCESS |  
2019-08-23 18:29:08,923 | INFO  | DNAudit | user=null | ip=null | op=PUT_BLOCK {blockData=[blockId=conID: 1 locID: 102667711211373128 bcsId: 0,size=1048576]} | ret=SUCCESS |  
2019-08-23 18:29:08,924 | INFO  | DNAudit | user=null | ip=null | op=WRITE_CHUNK {blockData=conID: 1 locID: 102667711211373128 bcsId: 0} | ret=SUCCESS |  
2019-08-23 18:29:08,924 | INFO  | DNAudit | user=null | ip=null | op=PUT_BLOCK {blockData=[blockId=conID: 1 locID: 102667711211373128 bcsId: 0,size=1048576]} | ret=SUCCESS |  
2019-08-23 18:29:08,924 [grpc-default-executor-5] INFO  client.GrpcClientProtocolClient (GrpcClientProtocolClient.java:onNext(255)) - client-19C32667576E->48affcab-e6e4-4602-963a-f6a50efbd54c: receive RaftClientReply:client-19C32667576E->48affcab-e6e4-4602-963a-f6a50efbd54c@group-50C56EAF5137, cid=2401, SUCCESS, logIndex=0, commits[48affcab-e6e4-4602-963a-f6a50efbd54c:c3573, 7e391b60-07ae-4d97-a027-4756e468c032:c3569, c5f86d96-67df-4f25-bde3-316f439d30b3:c3569]
2019-08-23 18:29:08,924 | INFO  | DNAudit | user=null | ip=null | op=WRITE_CHUNK {blockData=conID: 1 locID: 102667711211373128 bcsId: 0} | ret=SUCCESS |  
2019-08-23 18:29:08,924 | INFO  | DNAudit | user=null | ip=null | op=PUT_BLOCK {blockData=[blockId=conID: 1 locID: 102667711211373128 bcsId: 0,size=2097152]} | ret=SUCCESS |  
2019-08-23 18:29:08,925 | INFO  | DNAudit | user=null | ip=null | op=WRITE_CHUNK {blockData=conID: 1 locID: 102667711211373128 bcsId: 0} | ret=SUCCESS |  
2019-08-23 18:29:08,925 | INFO  | DNAudit | user=null | ip=null | op=PUT_BLOCK {blockData=[blockId=conID: 1 locID: 102667711211373128 bcsId: 0,size=2097152]} | ret=SUCCESS |  
2019-08-23 18:29:09,063 | INFO  | DNAudit | user=null | ip=null | op=WRITE_CHUNK {blockData=conID: 1 locID: 102667711211373128 bcsId: 3571} | ret=SUCCESS |  
2019-08-23 18:29:09,067 | INFO  | DNAudit | user=null | ip=null | op=WRITE_CHUNK {blockData=conID: 1 locID: 102667711211373128 bcsId: 3571} | ret=SUCCESS |  
2019-08-23 18:29:09,070 | INFO  | DNAudit | user=null | ip=null | op=WRITE_CHUNK {blockData=conID: 1 locID: 102667711211373128 bcsId: 3571} | ret=SUCCESS |  
2019-08-23 18:29:09,077 | INFO  | DNAudit | user=null | ip=null | op=WRITE_CHUNK {blockData=conID: 1 locID: 102667711211373128 bcsId: 3571} | ret=SUCCESS |  
2019-08-23 18:29:09,077 | INFO  | DNAudit | user=null | ip=null | op=PUT_BLOCK {blockData=[blockId=conID: 1 locID: 102667711211373128 bcsId: 0,size=3145728]} | ret=SUCCESS |  
2019-08-23 18:29:09,077 [grpc-default-executor-0] INFO  client.GrpcClientProtocolClient (GrpcClientProtocolClient.java:onNext(255)) - client-19C32667576E->48affcab-e6e4-4602-963a-f6a50efbd54c: receive RaftClientReply:client-19C32667576E->48affcab-e6e4-4602-963a-f6a50efbd54c@group-50C56EAF5137, cid=2402, SUCCESS, logIndex=3576, commits[48affcab-e6e4-4602-963a-f6a50efbd54c:c3577, 7e391b60-07ae-4d97-a027-4756e468c032:c3575, c5f86d96-67df-4f25-bde3-316f439d30b3:c3575]
2019-08-23 18:29:09,078 [grpc-default-executor-0] INFO  client.GrpcClientProtocolClient (GrpcClientProtocolClient.java:onNext(255)) - client-19C32667576E->48affcab-e6e4-4602-963a-f6a50efbd54c: receive RaftClientReply:client-19C32667576E->48affcab-e6e4-4602-963a-f6a50efbd54c@group-50C56EAF5137, cid=2403, SUCCESS, logIndex=3577, commits[48affcab-e6e4-4602-963a-f6a50efbd54c:c3577, 7e391b60-07ae-4d97-a027-4756e468c032:c3575, c5f86d96-67df-4f25-bde3-316f439d30b3:c3575]
2019-08-23 18:29:09,085 | INFO  | DNAudit | user=null | ip=null | op=WRITE_CHUNK {blockData=conID: 1 locID: 102667711211373128 bcsId: 3577} | ret=SUCCESS |  
2019-08-23 18:29:09,086 | INFO  | DNAudit | user=null | ip=null | op=WRITE_CHUNK {blockData=conID: 1 locID: 102667711211373128 bcsId: 3577} | ret=SUCCESS |  
2019-08-23 18:29:09,087 | INFO  | DNAudit | user=null | ip=null | op=WRITE_CHUNK {blockData=conID: 1 locID: 102667711211373128 bcsId: 3577} | ret=SUCCESS |  
2019-08-23 18:29:09,088 | INFO  | DNAudit | user=null | ip=null | op=WRITE_CHUNK {blockData=conID: 1 locID: 102667711211373128 bcsId: 3571} | ret=SUCCESS |  
2019-08-23 18:29:09,088 | INFO  | DNAudit | user=null | ip=null | op=WRITE_CHUNK {blockData=conID: 1 locID: 102667711211373128 bcsId: 3571} | ret=SUCCESS |  
2019-08-23 18:29:09,089 | INFO  | DNAudit | user=null | ip=null | op=PUT_BLOCK {blockData=[blockId=conID: 1 locID: 102667711211373128 bcsId: 0,size=3145728]} | ret=SUCCESS |  
2019-08-23 18:29:09,089 | INFO  | DNAudit | user=null | ip=null | op=PUT_BLOCK {blockData=[blockId=conID: 1 locID: 102667711211373128 bcsId: 0,size=3145728]} | ret=SUCCESS |  
2019-08-23 18:29:09,090 | INFO  | DNAudit | user=null | ip=null | op=WRITE_CHUNK {blockData=conID: 1 locID: 102667711211373128 bcsId: 3577} | ret=SUCCESS |  
2019-08-23 18:29:09,091 | INFO  | DNAudit | user=null | ip=null | op=PUT_BLOCK {blockData=[blockId=conID: 1 locID: 102667711211373128 bcsId: 0,size=4194304]} | ret=SUCCESS |  
2019-08-23 18:29:09,091 [grpc-default-executor-4] INFO  client.GrpcClientProtocolClient (GrpcClientProtocolClient.java:onNext(255)) - client-19C32667576E->48affcab-e6e4-4602-963a-f6a50efbd54c: receive RaftClientReply:client-19C32667576E->48affcab-e6e4-4602-963a-f6a50efbd54c@group-50C56EAF5137, cid=2404, SUCCESS, logIndex=3580, commits[48affcab-e6e4-4602-963a-f6a50efbd54c:c3581, 7e391b60-07ae-4d97-a027-4756e468c032:c3577, c5f86d96-67df-4f25-bde3-316f439d30b3:c3577]
2019-08-23 18:29:09,091 [grpc-default-executor-4] INFO  client.GrpcClientProtocolClient (GrpcClientProtocolClient.java:onNext(255)) - client-19C32667576E->48affcab-e6e4-4602-963a-f6a50efbd54c: receive RaftClientReply:client-19C32667576E->48affcab-e6e4-4602-963a-f6a50efbd54c@group-50C56EAF5137, cid=2405, SUCCESS, logIndex=3581, commits[48affcab-e6e4-4602-963a-f6a50efbd54c:c3581, 7e391b60-07ae-4d97-a027-4756e468c032:c3577, c5f86d96-67df-4f25-bde3-316f439d30b3:c3577]
2019-08-23 18:29:09,103 | INFO  | DNAudit | user=null | ip=null | op=WRITE_CHUNK {blockData=conID: 1 locID: 102667711211373128 bcsId: 3577} | ret=SUCCESS |  
2019-08-23 18:29:09,103 | INFO  | DNAudit | user=null | ip=null | op=WRITE_CHUNK {blockData=conID: 1 locID: 102667711211373128 bcsId: 3577} | ret=SUCCESS |  
2019-08-23 18:29:09,104 | INFO  | DNAudit | user=null | ip=null | op=PUT_BLOCK {blockData=[blockId=conID: 1 locID: 102667711211373128 bcsId: 0,size=4194304]} | ret=SUCCESS |  
2019-08-23 18:29:09,104 | INFO  | DNAudit | user=null | ip=null | op=PUT_BLOCK {blockData=[blockId=conID: 1 locID: 102667711211373128 bcsId: 0,size=4194304]} | ret=SUCCESS |  
2019-08-23 18:29:09,105 [grpc-default-executor-0] INFO  client.GrpcClientProtocolClient (GrpcClientProtocolClient.java:onNext(255)) - client-19C32667576E->48affcab-e6e4-4602-963a-f6a50efbd54c: receive RaftClientReply:client-19C32667576E->48affcab-e6e4-4602-963a-f6a50efbd54c@group-50C56EAF5137, cid=2406, SUCCESS, logIndex=0, commits[48affcab-e6e4-4602-963a-f6a50efbd54c:c3583, 7e391b60-07ae-4d97-a027-4756e468c032:c3581, c5f86d96-67df-4f25-bde3-316f439d30b3:c3581]
2019-08-23 18:29:09,111 | INFO  | SCMAudit | user=jenkins1000 | ip=192.168.34.23 | op=ALLOCATE_BLOCK {owner=1ceb8b80-28f1-43fd-86c3-175afc07b8d1, size=4194304, type=RATIS, factor=THREE} | ret=SUCCESS |  
2019-08-23 18:29:09,115 | INFO  | OMAudit | user=jenkins1000 | ip=127.0.0.1 | op=ALLOCATE_BLOCK {volume=vol-0-45438, bucket=bucket-0-23891, key=key-0-22455, dataSize=0, replicationType=null, replicationFactor=null, keyLocationInfo=null, clientID=102667710122492306} | ret=SUCCESS |  
2019-08-23 18:29:09,123 | INFO  | DNAudit | user=null | ip=null | op=WRITE_CHUNK {blockData=conID: 2 locID: 102667711224939081 bcsId: 0} | ret=SUCCESS |  
2019-08-23 18:29:09,124 | INFO  | DNAudit | user=null | ip=null | op=WRITE_CHUNK {blockData=conID: 2 locID: 102667711224939081 bcsId: 0} | ret=SUCCESS |  
2019-08-23 18:29:09,126 | INFO  | DNAudit | user=null | ip=null | op=WRITE_CHUNK {blockData=conID: 2 locID: 102667711224939081 bcsId: 0} | ret=SUCCESS |  
2019-08-23 18:29:09,126 | INFO  | DNAudit | user=null | ip=null | op=WRITE_CHUNK {blockData=conID: 2 locID: 102667711224939081 bcsId: 0} | ret=SUCCESS |  
2019-08-23 18:29:09,127 | INFO  | DNAudit | user=null | ip=null | op=WRITE_CHUNK {blockData=conID: 2 locID: 102667711224939081 bcsId: 0} | ret=SUCCESS |  
2019-08-23 18:29:09,127 | INFO  | DNAudit | user=null | ip=null | op=WRITE_CHUNK {blockData=conID: 2 locID: 102667711224939081 bcsId: 0} | ret=SUCCESS |  
2019-08-23 18:29:09,136 | INFO  | DNAudit | user=null | ip=null | op=WRITE_CHUNK {blockData=conID: 2 locID: 102667711224939081 bcsId: 0} | ret=SUCCESS |  
2019-08-23 18:29:09,137 | INFO  | DNAudit | user=null | ip=null | op=PUT_BLOCK {blockData=[blockId=conID: 2 locID: 102667711224939081 bcsId: 0,size=1048576]} | ret=SUCCESS |  
2019-08-23 18:29:09,137 [grpc-default-executor-3] INFO  client.GrpcClientProtocolClient (GrpcClientProtocolClient.java:onNext(255)) - client-19C32667576E->48affcab-e6e4-4602-963a-f6a50efbd54c: receive RaftClientReply:client-19C32667576E->48affcab-e6e4-4602-963a-f6a50efbd54c@group-50C56EAF5137, cid=2407, SUCCESS, logIndex=3584, commits[48affcab-e6e4-4602-963a-f6a50efbd54c:c3586, 7e391b60-07ae-4d97-a027-4756e468c032:c3583, c5f86d96-67df-4f25-bde3-316f439d30b3:c3583]
2019-08-23 18:29:09,137 | INFO  | DNAudit | user=null | ip=null | op=WRITE_CHUNK {blockData=conID: 2 locID: 102667711224939081 bcsId: 0} | ret=SUCCESS |  
2019-08-23 18:29:09,138 | INFO  | DNAudit | user=null | ip=null | op=PUT_BLOCK {blockData=[blockId=conID: 2 locID: 102667711224939081 bcsId: 0,size=2097152]} | ret=SUCCESS |  
2019-08-23 18:29:09,138 [grpc-default-executor-3] INFO  client.GrpcClientProtocolClient (GrpcClientProtocolClient.java:onNext(255)) - client-19C32667576E->48affcab-e6e4-4602-963a-f6a50efbd54c: receive RaftClientReply:client-19C32667576E->48affcab-e6e4-4602-963a-f6a50efbd54c@group-50C56EAF5137, cid=2408, SUCCESS, logIndex=3585, commits[48affcab-e6e4-4602-963a-f6a50efbd54c:c3587, 7e391b60-07ae-4d97-a027-4756e468c032:c3583, c5f86d96-67df-4f25-bde3-316f439d30b3:c3583]
2019-08-23 18:29:09,138 [grpc-default-executor-3] INFO  client.GrpcClientProtocolClient (GrpcClientProtocolClient.java:onNext(255)) - client-19C32667576E->48affcab-e6e4-4602-963a-f6a50efbd54c: receive RaftClientReply:client-19C32667576E->48affcab-e6e4-4602-963a-f6a50efbd54c@group-50C56EAF5137, cid=2409, SUCCESS, logIndex=3586, commits[48affcab-e6e4-4602-963a-f6a50efbd54c:c3587, 7e391b60-07ae-4d97-a027-4756e468c032:c3583, c5f86d96-67df-4f25-bde3-316f439d30b3:c3583]
2019-08-23 18:29:09,138 [grpc-default-executor-3] INFO  client.GrpcClientProtocolClient (GrpcClientProtocolClient.java:onNext(255)) - client-19C32667576E->48affcab-e6e4-4602-963a-f6a50efbd54c: receive RaftClientReply:client-19C32667576E->48affcab-e6e4-4602-963a-f6a50efbd54c@group-50C56EAF5137, cid=2410, SUCCESS, logIndex=3587, commits[48affcab-e6e4-4602-963a-f6a50efbd54c:c3587, 7e391b60-07ae-4d97-a027-4756e468c032:c3583, c5f86d96-67df-4f25-bde3-316f439d30b3:c3583]
2019-08-23 18:29:09,156 | INFO  | DNAudit | user=null | ip=null | op=WRITE_CHUNK {blockData=conID: 2 locID: 102667711224939081 bcsId: 0} | ret=SUCCESS |  
2019-08-23 18:29:09,157 | INFO  | DNAudit | user=null | ip=null | op=PUT_BLOCK {blockData=[blockId=conID: 2 locID: 102667711224939081 bcsId: 0,size=1048576]} | ret=SUCCESS |  
2019-08-23 18:29:09,157 | INFO  | DNAudit | user=null | ip=null | op=WRITE_CHUNK {blockData=conID: 2 locID: 102667711224939081 bcsId: 0} | ret=SUCCESS |  
2019-08-23 18:29:09,157 | INFO  | DNAudit | user=null | ip=null | op=PUT_BLOCK {blockData=[blockId=conID: 2 locID: 102667711224939081 bcsId: 0,size=1048576]} | ret=SUCCESS |  
2019-08-23 18:29:09,157 | INFO  | DNAudit | user=null | ip=null | op=WRITE_CHUNK {blockData=conID: 2 locID: 102667711224939081 bcsId: 0} | ret=SUCCESS |  
2019-08-23 18:29:09,158 [grpc-default-executor-3] INFO  client.GrpcClientProtocolClient (GrpcClientProtocolClient.java:onNext(255)) - client-19C32667576E->48affcab-e6e4-4602-963a-f6a50efbd54c: receive RaftClientReply:client-19C32667576E->48affcab-e6e4-4602-963a-f6a50efbd54c@group-50C56EAF5137, cid=2411, SUCCESS, logIndex=0, commits[48affcab-e6e4-4602-963a-f6a50efbd54c:c3588, 7e391b60-07ae-4d97-a027-4756e468c032:c3585, c5f86d96-67df-4f25-bde3-316f439d30b3:c3585]
2019-08-23 18:29:09,158 | INFO  | DNAudit | user=null | ip=null | op=PUT_BLOCK {blockData=[blockId=conID: 2 locID: 102667711224939081 bcsId: 0,size=2097152]} | ret=SUCCESS |  
2019-08-23 18:29:09,158 | INFO  | DNAudit | user=null | ip=null | op=WRITE_CHUNK {blockData=conID: 2 locID: 102667711224939081 bcsId: 0} | ret=SUCCESS |  
2019-08-23 18:29:09,159 | INFO  | DNAudit | user=null | ip=null | op=PUT_BLOCK {blockData=[blockId=conID: 2 locID: 102667711224939081 bcsId: 0,size=2097152]} | ret=SUCCESS |  
2019-08-23 18:29:09,164 | INFO  | DNAudit | user=null | ip=null | op=WRITE_CHUNK {blockData=conID: 2 locID: 102667711224939081 bcsId: 3587} | ret=SUCCESS |  
2019-08-23 18:29:09,167 | INFO  | DNAudit | user=null | ip=null | op=WRITE_CHUNK {blockData=conID: 2 locID: 102667711224939081 bcsId: 3587} | ret=SUCCESS |  
2019-08-23 18:29:09,167 | INFO  | DNAudit | user=null | ip=null | op=WRITE_CHUNK {blockData=conID: 2 locID: 102667711224939081 bcsId: 3587} | ret=SUCCESS |  
2019-08-23 18:29:09,178 | INFO  | DNAudit | user=null | ip=null | op=WRITE_CHUNK {blockData=conID: 2 locID: 102667711224939081 bcsId: 3587} | ret=SUCCESS |  
2019-08-23 18:29:09,178 | INFO  | DNAudit | user=null | ip=null | op=PUT_BLOCK {blockData=[blockId=conID: 2 locID: 102667711224939081 bcsId: 0,size=3145728]} | ret=SUCCESS |  
2019-08-23 18:29:09,178 [grpc-default-executor-4] INFO  client.GrpcClientProtocolClient (GrpcClientProtocolClient.java:onNext(255)) - client-19C32667576E->48affcab-e6e4-4602-963a-f6a50efbd54c: receive RaftClientReply:client-19C32667576E->48affcab-e6e4-4602-963a-f6a50efbd54c@group-50C56EAF5137, cid=2412, SUCCESS, logIndex=3592, commits[48affcab-e6e4-4602-963a-f6a50efbd54c:c3593, 7e391b60-07ae-4d97-a027-4756e468c032:c3591, c5f86d96-67df-4f25-bde3-316f439d30b3:c3591]
2019-08-23 18:29:09,178 [grpc-default-executor-4] INFO  client.GrpcClientProtocolClient (GrpcClientProtocolClient.java:onNext(255)) - client-19C32667576E->48affcab-e6e4-4602-963a-f6a50efbd54c: receive RaftClientReply:client-19C32667576E->48affcab-e6e4-4602-963a-f6a50efbd54c@group-50C56EAF5137, cid=2413, SUCCESS, logIndex=3593, commits[48affcab-e6e4-4602-963a-f6a50efbd54c:c3593, 7e391b60-07ae-4d97-a027-4756e468c032:c3591, c5f86d96-67df-4f25-bde3-316f439d30b3:c3591]
2019-08-23 18:29:09,185 | INFO  | DNAudit | user=null | ip=null | op=WRITE_CHUNK {blockData=conID: 2 locID: 102667711224939081 bcsId: 3593} | ret=SUCCESS |  
2019-08-23 18:29:09,187 | INFO  | DNAudit | user=null | ip=null | op=WRITE_CHUNK {blockData=conID: 2 locID: 102667711224939081 bcsId: 3593} | ret=SUCCESS |  
2019-08-23 18:29:09,187 | INFO  | DNAudit | user=null | ip=null | op=WRITE_CHUNK {blockData=conID: 2 locID: 102667711224939081 bcsId: 3593} | ret=SUCCESS |  
2019-08-23 18:29:09,189 | INFO  | DNAudit | user=null | ip=null | op=WRITE_CHUNK {blockData=conID: 2 locID: 102667711224939081 bcsId: 3587} | ret=SUCCESS |  
2019-08-23 18:29:09,189 | INFO  | DNAudit | user=null | ip=null | op=WRITE_CHUNK {blockData=conID: 2 locID: 102667711224939081 bcsId: 3587} | ret=SUCCESS |  
2019-08-23 18:29:09,190 | INFO  | DNAudit | user=null | ip=null | op=PUT_BLOCK {blockData=[blockId=conID: 2 locID: 102667711224939081 bcsId: 0,size=3145728]} | ret=SUCCESS |  
2019-08-23 18:29:09,190 | INFO  | DNAudit | user=null | ip=null | op=PUT_BLOCK {blockData=[blockId=conID: 2 locID: 102667711224939081 bcsId: 0,size=3145728]} | ret=SUCCESS |  
2019-08-23 18:29:09,191 | INFO  | DNAudit | user=null | ip=null | op=WRITE_CHUNK {blockData=conID: 2 locID: 102667711224939081 bcsId: 3593} | ret=SUCCESS |  
2019-08-23 18:29:09,191 | INFO  | DNAudit | user=null | ip=null | op=PUT_BLOCK {blockData=[blockId=conID: 2 locID: 102667711224939081 bcsId: 0,size=4194304]} | ret=SUCCESS |  
2019-08-23 18:29:09,191 [grpc-default-executor-3] INFO  client.GrpcClientProtocolClient (GrpcClientProtocolClient.java:onNext(255)) - client-19C32667576E->48affcab-e6e4-4602-963a-f6a50efbd54c: receive RaftClientReply:client-19C32667576E->48affcab-e6e4-4602-963a-f6a50efbd54c@group-50C56EAF5137, cid=2414, SUCCESS, logIndex=3596, commits[48affcab-e6e4-4602-963a-f6a50efbd54c:c3597, 7e391b60-07ae-4d97-a027-4756e468c032:c3593, c5f86d96-67df-4f25-bde3-316f439d30b3:c3593]
2019-08-23 18:29:09,192 [grpc-default-executor-3] INFO  client.GrpcClientProtocolClient (GrpcClientProtocolClient.java:onNext(255)) - client-19C32667576E->48affcab-e6e4-4602-963a-f6a50efbd54c: receive RaftClientReply:client-19C32667576E->48affcab-e6e4-4602-963a-f6a50efbd54c@group-50C56EAF5137, cid=2415, SUCCESS, logIndex=3597, commits[48affcab-e6e4-4602-963a-f6a50efbd54c:c3597, 7e391b60-07ae-4d97-a027-4756e468c032:c3593, c5f86d96-67df-4f25-bde3-316f439d30b3:c3593]
2019-08-23 18:29:09,202 | INFO  | DNAudit | user=null | ip=null | op=WRITE_CHUNK {blockData=conID: 2 locID: 102667711224939081 bcsId: 3593} | ret=SUCCESS |  
2019-08-23 18:29:09,202 | INFO  | DNAudit | user=null | ip=null | op=WRITE_CHUNK {blockData=conID: 2 locID: 102667711224939081 bcsId: 3593} | ret=SUCCESS |  
2019-08-23 18:29:09,203 | INFO  | DNAudit | user=null | ip=null | op=PUT_BLOCK {blockData=[blockId=conID: 2 locID: 102667711224939081 bcsId: 0,size=4194304]} | ret=SUCCESS |  
2019-08-23 18:29:09,204 | INFO  | DNAudit | user=null | ip=null | op=PUT_BLOCK {blockData=[blockId=conID: 2 locID: 102667711224939081 bcsId: 0,size=4194304]} | ret=SUCCESS |  
2019-08-23 18:29:09,204 [grpc-default-executor-3] INFO  client.GrpcClientProtocolClient (GrpcClientProtocolClient.java:onNext(255)) - client-19C32667576E->48affcab-e6e4-4602-963a-f6a50efbd54c: receive RaftClientReply:client-19C32667576E->48affcab-e6e4-4602-963a-f6a50efbd54c@group-50C56EAF5137, cid=2416, SUCCESS, logIndex=0, commits[48affcab-e6e4-4602-963a-f6a50efbd54c:c3599, 7e391b60-07ae-4d97-a027-4756e468c032:c3597, c5f86d96-67df-4f25-bde3-316f439d30b3:c3597]
2019-08-23 18:29:09,208 | INFO  | SCMAudit | user=jenkins1000 | ip=192.168.34.23 | op=ALLOCATE_BLOCK {owner=1ceb8b80-28f1-43fd-86c3-175afc07b8d1, size=4194304, type=RATIS, factor=THREE} | ret=SUCCESS |  
2019-08-23 18:29:09,211 | INFO  | OMAudit | user=jenkins1000 | ip=127.0.0.1 | op=ALLOCATE_BLOCK {volume=vol-0-45438, bucket=bucket-0-23891, key=key-0-22455, dataSize=0, replicationType=null, replicationFactor=null, keyLocationInfo=null, clientID=102667710122492306} | ret=SUCCESS |  
2019-08-23 18:29:09,218 | INFO  | DNAudit | user=null | ip=null | op=WRITE_CHUNK {blockData=conID: 3 locID: 102667711231296074 bcsId: 0} | ret=SUCCESS |  
2019-08-23 18:29:09,222 | INFO  | DNAudit | user=null | ip=null | op=WRITE_CHUNK {blockData=conID: 3 locID: 102667711231296074 bcsId: 0} | ret=SUCCESS |  
2019-08-23 18:29:09,222 | INFO  | DNAudit | user=null | ip=null | op=WRITE_CHUNK {blockData=conID: 3 locID: 102667711231296074 bcsId: 0} | ret=SUCCESS |  
2019-08-23 18:29:09,222 | INFO  | DNAudit | user=null | ip=null | op=WRITE_CHUNK {blockData=conID: 3 locID: 102667711231296074 bcsId: 0} | ret=SUCCESS |  
2019-08-23 18:29:09,223 | INFO  | DNAudit | user=null | ip=null | op=WRITE_CHUNK {blockData=conID: 3 locID: 102667711231296074 bcsId: 0} | ret=SUCCESS |  
2019-08-23 18:29:09,224 | INFO  | DNAudit | user=null | ip=null | op=WRITE_CHUNK {blockData=conID: 3 locID: 102667711231296074 bcsId: 0} | ret=SUCCESS |  
2019-08-23 18:29:09,233 | INFO  | DNAudit | user=null | ip=null | op=WRITE_CHUNK {blockData=conID: 3 locID: 102667711231296074 bcsId: 0} | ret=SUCCESS |  
2019-08-23 18:29:09,233 | INFO  | DNAudit | user=null | ip=null | op=PUT_BLOCK {blockData=[blockId=conID: 3 locID: 102667711231296074 bcsId: 0,size=1048576]} | ret=SUCCESS |  
2019-08-23 18:29:09,234 [grpc-default-executor-3] INFO  client.GrpcClientProtocolClient (GrpcClientProtocolClient.java:onNext(255)) - client-19C32667576E->48affcab-e6e4-4602-963a-f6a50efbd54c: receive RaftClientReply:client-19C32667576E->48affcab-e6e4-4602-963a-f6a50efbd54c@group-50C56EAF5137, cid=2417, SUCCESS, logIndex=3600, commits[48affcab-e6e4-4602-963a-f6a50efbd54c:c3601, 7e391b60-07ae-4d97-a027-4756e468c032:c3599, c5f86d96-67df-4f25-bde3-316f439d30b3:c3599]
2019-08-23 18:29:09,234 [grpc-default-executor-3] INFO  client.GrpcClientProtocolClient (GrpcClientProtocolClient.java:onNext(255)) - client-19C32667576E->48affcab-e6e4-4602-963a-f6a50efbd54c: receive RaftClientReply:client-19C32667576E->48affcab-e6e4-4602-963a-f6a50efbd54c@group-50C56EAF5137, cid=2418, SUCCESS, logIndex=3601, commits[48affcab-e6e4-4602-963a-f6a50efbd54c:c3601, 7e391b60-07ae-4d97-a027-4756e468c032:c3599, c5f86d96-67df-4f25-bde3-316f439d30b3:c3599]
2019-08-23 18:29:09,246 | INFO  | DNAudit | user=null | ip=null | op=WRITE_CHUNK {blockData=conID: 3 locID: 102667711231296074 bcsId: 0} | ret=SUCCESS |  
2019-08-23 18:29:09,246 | INFO  | DNAudit | user=null | ip=null | op=PUT_BLOCK {blockData=[blockId=conID: 3 locID: 102667711231296074 bcsId: 0,size=2097152]} | ret=SUCCESS |  
2019-08-23 18:29:09,247 [grpc-default-executor-3] INFO  client.GrpcClientProtocolClient (GrpcClientProtocolClient.java:onNext(255)) - client-19C32667576E->48affcab-e6e4-4602-963a-f6a50efbd54c: receive RaftClientReply:client-19C32667576E->48affcab-e6e4-4602-963a-f6a50efbd54c@group-50C56EAF5137, cid=2419, SUCCESS, logIndex=3602, commits[48affcab-e6e4-4602-963a-f6a50efbd54c:c3603, 7e391b60-07ae-4d97-a027-4756e468c032:c3599, c5f86d96-67df-4f25-bde3-316f439d30b3:c3599]
2019-08-23 18:29:09,247 [grpc-default-executor-3] INFO  client.GrpcClientProtocolClient (GrpcClientProtocolClient.java:onNext(255)) - client-19C32667576E->48affcab-e6e4-4602-963a-f6a50efbd54c: receive RaftClientReply:client-19C32667576E->48affcab-e6e4-4602-963a-f6a50efbd54c@group-50C56EAF5137, cid=2420, SUCCESS, logIndex=3603, commits[48affcab-e6e4-4602-963a-f6a50efbd54c:c3603, 7e391b60-07ae-4d97-a027-4756e468c032:c3599, c5f86d96-67df-4f25-bde3-316f439d30b3:c3599]
2019-08-23 18:29:09,247 | INFO  | DNAudit | user=null | ip=null | op=WRITE_CHUNK {blockData=conID: 3 locID: 102667711231296074 bcsId: 0} | ret=SUCCESS |  
2019-08-23 18:29:09,248 | INFO  | DNAudit | user=null | ip=null | op=PUT_BLOCK {blockData=[blockId=conID: 3 locID: 102667711231296074 bcsId: 0,size=1048576]} | ret=SUCCESS |  
2019-08-23 18:29:09,249 | INFO  | DNAudit | user=null | ip=null | op=WRITE_CHUNK {blockData=conID: 3 locID: 102667711231296074 bcsId: 0} | ret=SUCCESS |  
2019-08-23 18:29:09,249 | INFO  | DNAudit | user=null | ip=null | op=WRITE_CHUNK {blockData=conID: 3 locID: 102667711231296074 bcsId: 0} | ret=SUCCESS |  
2019-08-23 18:29:09,249 | INFO  | DNAudit | user=null | ip=null | op=PUT_BLOCK {blockData=[blockId=conID: 3 locID: 102667711231296074 bcsId: 0,size=2097152]} | ret=SUCCESS |  
2019-08-23 18:29:09,250 | INFO  | DNAudit | user=null | ip=null | op=PUT_BLOCK {blockData=[blockId=conID: 3 locID: 102667711231296074 bcsId: 0,size=1048576]} | ret=SUCCESS |  
2019-08-23 18:29:09,250 | INFO  | DNAudit | user=null | ip=null | op=WRITE_CHUNK {blockData=conID: 3 locID: 102667711231296074 bcsId: 0} | ret=SUCCESS |  
2019-08-23 18:29:09,250 [grpc-default-executor-3] INFO  client.GrpcClientProtocolClient (GrpcClientProtocolClient.java:onNext(255)) - client-19C32667576E->48affcab-e6e4-4602-963a-f6a50efbd54c: receive RaftClientReply:client-19C32667576E->48affcab-e6e4-4602-963a-f6a50efbd54c@group-50C56EAF5137, cid=2421, SUCCESS, logIndex=0, commits[48affcab-e6e4-4602-963a-f6a50efbd54c:c3606, 7e391b60-07ae-4d97-a027-4756e468c032:c3602, c5f86d96-67df-4f25-bde3-316f439d30b3:c3601]
2019-08-23 18:29:09,250 | INFO  | DNAudit | user=null | ip=null | op=PUT_BLOCK {blockData=[blockId=conID: 3 locID: 102667711231296074 bcsId: 0,size=2097152]} | ret=SUCCESS |  
2019-08-23 18:29:09,255 | INFO  | DNAudit | user=null | ip=null | op=WRITE_CHUNK {blockData=conID: 3 locID: 102667711231296074 bcsId: 3603} | ret=SUCCESS |  
2019-08-23 18:29:09,257 | INFO  | DNAudit | user=null | ip=null | op=WRITE_CHUNK {blockData=conID: 3 locID: 102667711231296074 bcsId: 3603} | ret=SUCCESS |  
2019-08-23 18:29:09,258 | INFO  | DNAudit | user=null | ip=null | op=WRITE_CHUNK {blockData=conID: 3 locID: 102667711231296074 bcsId: 3603} | ret=SUCCESS |  
2019-08-23 18:29:09,267 | INFO  | DNAudit | user=null | ip=null | op=WRITE_CHUNK {blockData=conID: 3 locID: 102667711231296074 bcsId: 3603} | ret=SUCCESS |  
2019-08-23 18:29:09,268 | INFO  | DNAudit | user=null | ip=null | op=PUT_BLOCK {blockData=[blockId=conID: 3 locID: 102667711231296074 bcsId: 0,size=3145728]} | ret=SUCCESS |  
2019-08-23 18:29:09,268 [grpc-default-executor-4] INFO  client.GrpcClientProtocolClient (GrpcClientProtocolClient.java:onNext(255)) - client-19C32667576E->48affcab-e6e4-4602-963a-f6a50efbd54c: receive RaftClientReply:client-19C32667576E->48affcab-e6e4-4602-963a-f6a50efbd54c@group-50C56EAF5137, cid=2422, SUCCESS, logIndex=3608, commits[48affcab-e6e4-4602-963a-f6a50efbd54c:c3609, 7e391b60-07ae-4d97-a027-4756e468c032:c3607, c5f86d96-67df-4f25-bde3-316f439d30b3:c3607]
2019-08-23 18:29:09,268 [grpc-default-executor-4] INFO  client.GrpcClientProtocolClient (GrpcClientProtocolClient.java:onNext(255)) - client-19C32667576E->48affcab-e6e4-4602-963a-f6a50efbd54c: receive RaftClientReply:client-19C32667576E->48affcab-e6e4-4602-963a-f6a50efbd54c@group-50C56EAF5137, cid=2423, SUCCESS, logIndex=3609, commits[48affcab-e6e4-4602-963a-f6a50efbd54c:c3609, 7e391b60-07ae-4d97-a027-4756e468c032:c3607, c5f86d96-67df-4f25-bde3-316f439d30b3:c3607]
2019-08-23 18:29:09,274 | INFO  | DNAudit | user=null | ip=null | op=WRITE_CHUNK {blockData=conID: 3 locID: 102667711231296074 bcsId: 3609} | ret=SUCCESS |  
2019-08-23 18:29:09,276 | INFO  | DNAudit | user=null | ip=null | op=WRITE_CHUNK {blockData=conID: 3 locID: 102667711231296074 bcsId: 3609} | ret=SUCCESS |  
2019-08-23 18:29:09,276 | INFO  | DNAudit | user=null | ip=null | op=WRITE_CHUNK {blockData=conID: 3 locID: 102667711231296074 bcsId: 3609} | ret=SUCCESS |  
2019-08-23 18:29:09,279 | INFO  | DNAudit | user=null | ip=null | op=WRITE_CHUNK {blockData=conID: 3 locID: 102667711231296074 bcsId: 3603} | ret=SUCCESS |  
2019-08-23 18:29:09,279 | INFO  | DNAudit | user=null | ip=null | op=WRITE_CHUNK {blockData=conID: 3 locID: 102667711231296074 bcsId: 3603} | ret=SUCCESS |  
2019-08-23 18:29:09,280 | INFO  | DNAudit | user=null | ip=null | op=PUT_BLOCK {blockData=[blockId=conID: 3 locID: 102667711231296074 bcsId: 0,size=3145728]} | ret=SUCCESS |  
2019-08-23 18:29:09,280 | INFO  | DNAudit | user=null | ip=null | op=PUT_BLOCK {blockData=[blockId=conID: 3 locID: 102667711231296074 bcsId: 0,size=3145728]} | ret=SUCCESS |  
2019-08-23 18:29:09,282 | INFO  | DNAudit | user=null | ip=null | op=WRITE_CHUNK {blockData=conID: 3 locID: 102667711231296074 bcsId: 3609} | ret=SUCCESS |  
2019-08-23 18:29:09,283 | INFO  | DNAudit | user=null | ip=null | op=PUT_BLOCK {blockData=[blockId=conID: 3 locID: 102667711231296074 bcsId: 0,size=4194304]} | ret=SUCCESS |  
2019-08-23 18:29:09,283 [grpc-default-executor-4] INFO  client.GrpcClientProtocolClient (GrpcClientProtocolClient.java:onNext(255)) - client-19C32667576E->48affcab-e6e4-4602-963a-f6a50efbd54c: receive RaftClientReply:client-19C32667576E->48affcab-e6e4-4602-963a-f6a50efbd54c@group-50C56EAF5137, cid=2424, SUCCESS, logIndex=3612, commits[48affcab-e6e4-4602-963a-f6a50efbd54c:c3613, 7e391b60-07ae-4d97-a027-4756e468c032:c3609, c5f86d96-67df-4f25-bde3-316f439d30b3:c3609]
2019-08-23 18:29:09,283 [grpc-default-executor-4] INFO  client.GrpcClientProtocolClient (GrpcClientProtocolClient.java:onNext(255)) - client-19C32667576E->48affcab-e6e4-4602-963a-f6a50efbd54c: receive RaftClientReply:client-19C32667576E->48affcab-e6e4-4602-963a-f6a50efbd54c@group-50C56EAF5137, cid=2425, SUCCESS, logIndex=3613, commits[48affcab-e6e4-4602-963a-f6a50efbd54c:c3613, 7e391b60-07ae-4d97-a027-4756e468c032:c3609, c5f86d96-67df-4f25-bde3-316f439d30b3:c3609]
2019-08-23 18:29:09,294 | INFO  | DNAudit | user=null | ip=null | op=WRITE_CHUNK {blockData=conID: 3 locID: 102667711231296074 bcsId: 3609} | ret=SUCCESS |  
2019-08-23 18:29:09,294 | INFO  | DNAudit | user=null | ip=null | op=WRITE_CHUNK {blockData=conID: 3 locID: 102667711231296074 bcsId: 3609} | ret=SUCCESS |  
2019-08-23 18:29:09,294 | INFO  | DNAudit | user=null | ip=null | op=PUT_BLOCK {blockData=[blockId=conID: 3 locID: 102667711231296074 bcsId: 0,size=4194304]} | ret=SUCCESS |  
2019-08-23 18:29:09,294 | INFO  | DNAudit | user=null | ip=null | op=PUT_BLOCK {blockData=[blockId=conID: 3 locID: 102667711231296074 bcsId: 0,size=4194304]} | ret=SUCCESS |  
2019-08-23 18:29:09,294 [grpc-default-executor-4] INFO  client.GrpcClientProtocolClient (GrpcClientProtocolClient.java:onNext(255)) - client-19C32667576E->48affcab-e6e4-4602-963a-f6a50efbd54c: receive RaftClientReply:client-19C32667576E->48affcab-e6e4-4602-963a-f6a50efbd54c@group-50C56EAF5137, cid=2426, SUCCESS, logIndex=0, commits[48affcab-e6e4-4602-963a-f6a50efbd54c:c3614, 7e391b60-07ae-4d97-a027-4756e468c032:c3613, c5f86d96-67df-4f25-bde3-316f439d30b3:c3613]
2019-08-23 18:29:09,298 | INFO  | SCMAudit | user=jenkins1000 | ip=192.168.34.23 | op=ALLOCATE_BLOCK {owner=1ceb8b80-28f1-43fd-86c3-175afc07b8d1, size=4194304, type=RATIS, factor=THREE} | ret=SUCCESS |  
2019-08-23 18:29:09,300 | INFO  | OMAudit | user=jenkins1000 | ip=127.0.0.1 | op=ALLOCATE_BLOCK {volume=vol-0-45438, bucket=bucket-0-23891, key=key-0-22455, dataSize=0, replicationType=null, replicationFactor=null, keyLocationInfo=null, clientID=102667710122492306} | ret=SUCCESS |  
2019-08-23 18:29:09,306 | INFO  | DNAudit | user=null | ip=null | op=WRITE_CHUNK {blockData=conID: 1 locID: 102667711237194315 bcsId: 0} | ret=SUCCESS |  
2019-08-23 18:29:09,308 | INFO  | DNAudit | user=null | ip=null | op=WRITE_CHUNK {blockData=conID: 1 locID: 102667711237194315 bcsId: 0} | ret=SUCCESS |  
2019-08-23 18:29:09,309 | INFO  | DNAudit | user=null | ip=null | op=WRITE_CHUNK {blockData=conID: 1 locID: 102667711237194315 bcsId: 0} | ret=SUCCESS |  
2019-08-23 18:29:09,309 | INFO  | DNAudit | user=null | ip=null | op=WRITE_CHUNK {blockData=conID: 1 locID: 102667711237194315 bcsId: 0} | ret=SUCCESS |  
2019-08-23 18:29:09,310 | INFO  | DNAudit | user=null | ip=null | op=WRITE_CHUNK {blockData=conID: 1 locID: 102667711237194315 bcsId: 0} | ret=SUCCESS |  
2019-08-23 18:29:09,310 | INFO  | DNAudit | user=null | ip=null | op=WRITE_CHUNK {blockData=conID: 1 locID: 102667711237194315 bcsId: 0} | ret=SUCCESS |  
2019-08-23 18:29:09,320 | INFO  | DNAudit | user=null | ip=null | op=WRITE_CHUNK {blockData=conID: 1 locID: 102667711237194315 bcsId: 0} | ret=SUCCESS |  
2019-08-23 18:29:09,320 | INFO  | DNAudit | user=null | ip=null | op=PUT_BLOCK {blockData=[blockId=conID: 1 locID: 102667711237194315 bcsId: 0,size=1048576]} | ret=SUCCESS |  
2019-08-23 18:29:09,320 [grpc-default-executor-4] INFO  client.GrpcClientProtocolClient (GrpcClientProtocolClient.java:onNext(255)) - client-19C32667576E->48affcab-e6e4-4602-963a-f6a50efbd54c: receive RaftClientReply:client-19C32667576E->48affcab-e6e4-4602-963a-f6a50efbd54c@group-50C56EAF5137, cid=2427, SUCCESS, logIndex=3616, commits[48affcab-e6e4-4602-963a-f6a50efbd54c:c3618, 7e391b60-07ae-4d97-a027-4756e468c032:c3615, c5f86d96-67df-4f25-bde3-316f439d30b3:c3615]
2019-08-23 18:29:09,321 | INFO  | DNAudit | user=null | ip=null | op=WRITE_CHUNK {blockData=conID: 1 locID: 102667711237194315 bcsId: 0} | ret=SUCCESS |  
2019-08-23 18:29:09,321 | INFO  | DNAudit | user=null | ip=null | op=PUT_BLOCK {blockData=[blockId=conID: 1 locID: 102667711237194315 bcsId: 0,size=2097152]} | ret=SUCCESS |  
2019-08-23 18:29:09,321 [grpc-default-executor-4] INFO  client.GrpcClientProtocolClient (GrpcClientProtocolClient.java:onNext(255)) - client-19C32667576E->48affcab-e6e4-4602-963a-f6a50efbd54c: receive RaftClientReply:client-19C32667576E->48affcab-e6e4-4602-963a-f6a50efbd54c@group-50C56EAF5137, cid=2428, SUCCESS, logIndex=3617, commits[48affcab-e6e4-4602-963a-f6a50efbd54c:c3619, 7e391b60-07ae-4d97-a027-4756e468c032:c3615, c5f86d96-67df-4f25-bde3-316f439d30b3:c3615]
2019-08-23 18:29:09,321 [grpc-default-executor-4] INFO  client.GrpcClientProtocolClient (GrpcClientProtocolClient.java:onNext(255)) - client-19C32667576E->48affcab-e6e4-4602-963a-f6a50efbd54c: receive RaftClientReply:client-19C32667576E->48affcab-e6e4-4602-963a-f6a50efbd54c@group-50C56EAF5137, cid=2429, SUCCESS, logIndex=3618, commits[48affcab-e6e4-4602-963a-f6a50efbd54c:c3619, 7e391b60-07ae-4d97-a027-4756e468c032:c3615, c5f86d96-67df-4f25-bde3-316f439d30b3:c3615]
2019-08-23 18:29:09,321 [grpc-default-executor-4] INFO  client.GrpcClientProtocolClient (GrpcClientProtocolClient.java:onNext(255)) - client-19C32667576E->48affcab-e6e4-4602-963a-f6a50efbd54c: receive RaftClientReply:client-19C32667576E->48affcab-e6e4-4602-963a-f6a50efbd54c@group-50C56EAF5137, cid=2430, SUCCESS, logIndex=3619, commits[48affcab-e6e4-4602-963a-f6a50efbd54c:c3619, 7e391b60-07ae-4d97-a027-4756e468c032:c3615, c5f86d96-67df-4f25-bde3-316f439d30b3:c3615]
2019-08-23 18:29:09,322 | INFO  | DNAudit | user=null | ip=null | op=WRITE_CHUNK {blockData=conID: 1 locID: 102667711237194315 bcsId: 0} | ret=SUCCESS |  
2019-08-23 18:29:09,325 | INFO  | DNAudit | user=null | ip=null | op=PUT_BLOCK {blockData=[blockId=conID: 1 locID: 102667711237194315 bcsId: 0,size=1048576]} | ret=SUCCESS |  
2019-08-23 18:29:09,325 | INFO  | DNAudit | user=null | ip=null | op=WRITE_CHUNK {blockData=conID: 1 locID: 102667711237194315 bcsId: 0} | ret=SUCCESS |  
2019-08-23 18:29:09,325 | INFO  | DNAudit | user=null | ip=null | op=PUT_BLOCK {blockData=[blockId=conID: 1 locID: 102667711237194315 bcsId: 0,size=1048576]} | ret=SUCCESS |  
2019-08-23 18:29:09,325 | INFO  | DNAudit | user=null | ip=null | op=WRITE_CHUNK {blockData=conID: 1 locID: 102667711237194315 bcsId: 0} | ret=SUCCESS |  
2019-08-23 18:29:09,325 | INFO  | DNAudit | user=null | ip=null | op=PUT_BLOCK {blockData=[blockId=conID: 1 locID: 102667711237194315 bcsId: 0,size=2097152]} | ret=SUCCESS |  
2019-08-23 18:29:09,325 | INFO  | DNAudit | user=null | ip=null | op=WRITE_CHUNK {blockData=conID: 1 locID: 102667711237194315 bcsId: 0} | ret=SUCCESS |  
2019-08-23 18:29:09,325 | INFO  | DNAudit | user=null | ip=null | op=PUT_BLOCK {blockData=[blockId=conID: 1 locID: 102667711237194315 bcsId: 0,size=2097152]} | ret=SUCCESS |  
2019-08-23 18:29:09,325 [grpc-default-executor-4] INFO  client.GrpcClientProtocolClient (GrpcClientProtocolClient.java:onNext(255)) - client-19C32667576E->48affcab-e6e4-4602-963a-f6a50efbd54c: receive RaftClientReply:client-19C32667576E->48affcab-e6e4-4602-963a-f6a50efbd54c@group-50C56EAF5137, cid=2431, SUCCESS, logIndex=0, commits[48affcab-e6e4-4602-963a-f6a50efbd54c:c3622, 7e391b60-07ae-4d97-a027-4756e468c032:c3618, c5f86d96-67df-4f25-bde3-316f439d30b3:c3618]
2019-08-23 18:29:09,330 | INFO  | DNAudit | user=null | ip=null | op=WRITE_CHUNK {blockData=conID: 1 locID: 102667711237194315 bcsId: 3619} | ret=SUCCESS |  
2019-08-23 18:29:09,333 | INFO  | DNAudit | user=null | ip=null | op=WRITE_CHUNK {blockData=conID: 1 locID: 102667711237194315 bcsId: 3619} | ret=SUCCESS |  
2019-08-23 18:29:09,333 | INFO  | DNAudit | user=null | ip=null | op=WRITE_CHUNK {blockData=conID: 1 locID: 102667711237194315 bcsId: 3619} | ret=SUCCESS |  
2019-08-23 18:29:09,335 | INFO  | DNAudit | user=null | ip=null | op=WRITE_CHUNK {blockData=conID: 1 locID: 102667711237194315 bcsId: 3619} | ret=SUCCESS |  
2019-08-23 18:29:09,335 | INFO  | DNAudit | user=null | ip=null | op=PUT_BLOCK {blockData=[blockId=conID: 1 locID: 102667711237194315 bcsId: 0,size=3145728]} | ret=SUCCESS |  
2019-08-23 18:29:09,335 [grpc-default-executor-4] INFO  client.GrpcClientProtocolClient (GrpcClientProtocolClient.java:onNext(255)) - client-19C32667576E->48affcab-e6e4-4602-963a-f6a50efbd54c: receive RaftClientReply:client-19C32667576E->48affcab-e6e4-4602-963a-f6a50efbd54c@group-50C56EAF5137, cid=2432, SUCCESS, logIndex=3624, commits[48affcab-e6e4-4602-963a-f6a50efbd54c:c3625, 7e391b60-07ae-4d97-a027-4756e468c032:c3623, c5f86d96-67df-4f25-bde3-316f439d30b3:c3619]
2019-08-23 18:29:09,336 [grpc-default-executor-4] INFO  client.GrpcClientProtocolClient (GrpcClientProtocolClient.java:onNext(255)) - client-19C32667576E->48affcab-e6e4-4602-963a-f6a50efbd54c: receive RaftClientReply:client-19C32667576E->48affcab-e6e4-4602-963a-f6a50efbd54c@group-50C56EAF5137, cid=2433, SUCCESS, logIndex=3625, commits[48affcab-e6e4-4602-963a-f6a50efbd54c:c3625, 7e391b60-07ae-4d97-a027-4756e468c032:c3623, c5f86d96-67df-4f25-bde3-316f439d30b3:c3623]
2019-08-23 18:29:09,337 | INFO  | DNAudit | user=null | ip=null | op=WRITE_CHUNK {blockData=conID: 1 locID: 102667711237194315 bcsId: 3619} | ret=SUCCESS |  
2019-08-23 18:29:09,337 | INFO  | DNAudit | user=null | ip=null | op=WRITE_CHUNK {blockData=conID: 1 locID: 102667711237194315 bcsId: 3619} | ret=SUCCESS |  
2019-08-23 18:29:09,338 | INFO  | DNAudit | user=null | ip=null | op=PUT_BLOCK {blockData=[blockId=conID: 1 locID: 102667711237194315 bcsId: 0,size=3145728]} | ret=SUCCESS |  
2019-08-23 18:29:09,338 | INFO  | DNAudit | user=null | ip=null | op=PUT_BLOCK {blockData=[blockId=conID: 1 locID: 102667711237194315 bcsId: 0,size=3145728]} | ret=SUCCESS |  
2019-08-23 18:29:09,341 | INFO  | DNAudit | user=null | ip=null | op=WRITE_CHUNK {blockData=conID: 1 locID: 102667711237194315 bcsId: 3625} | ret=SUCCESS |  
2019-08-23 18:29:09,343 | INFO  | DNAudit | user=null | ip=null | op=WRITE_CHUNK {blockData=conID: 1 locID: 102667711237194315 bcsId: 3625} | ret=SUCCESS |  
2019-08-23 18:29:09,343 | INFO  | DNAudit | user=null | ip=null | op=WRITE_CHUNK {blockData=conID: 1 locID: 102667711237194315 bcsId: 3625} | ret=SUCCESS |  
2019-08-23 18:29:09,345 | INFO  | DNAudit | user=null | ip=null | op=WRITE_CHUNK {blockData=conID: 1 locID: 102667711237194315 bcsId: 3625} | ret=SUCCESS |  
2019-08-23 18:29:09,346 | INFO  | DNAudit | user=null | ip=null | op=PUT_BLOCK {blockData=[blockId=conID: 1 locID: 102667711237194315 bcsId: 0,size=4194304]} | ret=SUCCESS |  
2019-08-23 18:29:09,346 [grpc-default-executor-4] INFO  client.GrpcClientProtocolClient (GrpcClientProtocolClient.java:onNext(255)) - client-19C32667576E->48affcab-e6e4-4602-963a-f6a50efbd54c: receive RaftClientReply:client-19C32667576E->48affcab-e6e4-4602-963a-f6a50efbd54c@group-50C56EAF5137, cid=2434, SUCCESS, logIndex=3628, commits[48affcab-e6e4-4602-963a-f6a50efbd54c:c3629, 7e391b60-07ae-4d97-a027-4756e468c032:c3627, c5f86d96-67df-4f25-bde3-316f439d30b3:c3627]
2019-08-23 18:29:09,346 [grpc-default-executor-4] INFO  client.GrpcClientProtocolClient (GrpcClientProtocolClient.java:onNext(255)) - client-19C32667576E->48affcab-e6e4-4602-963a-f6a50efbd54c: receive RaftClientReply:client-19C32667576E->48affcab-e6e4-4602-963a-f6a50efbd54c@group-50C56EAF5137, cid=2435, SUCCESS, logIndex=3629, commits[48affcab-e6e4-4602-963a-f6a50efbd54c:c3629, 7e391b60-07ae-4d97-a027-4756e468c032:c3627, c5f86d96-67df-4f25-bde3-316f439d30b3:c3627]
2019-08-23 18:29:09,347 | INFO  | DNAudit | user=null | ip=null | op=WRITE_CHUNK {blockData=conID: 1 locID: 102667711237194315 bcsId: 3625} | ret=SUCCESS |  
2019-08-23 18:29:09,347 | INFO  | DNAudit | user=null | ip=null | op=WRITE_CHUNK {blockData=conID: 1 locID: 102667711237194315 bcsId: 3625} | ret=SUCCESS |  
2019-08-23 18:29:09,347 | INFO  | DNAudit | user=null | ip=null | op=PUT_BLOCK {blockData=[blockId=conID: 1 locID: 102667711237194315 bcsId: 0,size=4194304]} | ret=SUCCESS |  
2019-08-23 18:29:09,347 | INFO  | DNAudit | user=null | ip=null | op=PUT_BLOCK {blockData=[blockId=conID: 1 locID: 102667711237194315 bcsId: 0,size=4194304]} | ret=SUCCESS |  
2019-08-23 18:29:09,347 [grpc-default-executor-4] INFO  client.GrpcClientProtocolClient (GrpcClientProtocolClient.java:onNext(255)) - client-19C32667576E->48affcab-e6e4-4602-963a-f6a50efbd54c: receive RaftClientReply:client-19C32667576E->48affcab-e6e4-4602-963a-f6a50efbd54c@group-50C56EAF5137, cid=2436, SUCCESS, logIndex=0, commits[48affcab-e6e4-4602-963a-f6a50efbd54c:c3630, 7e391b60-07ae-4d97-a027-4756e468c032:c3629, c5f86d96-67df-4f25-bde3-316f439d30b3:c3629]
2019-08-23 18:29:09,351 | INFO  | SCMAudit | user=jenkins1000 | ip=192.168.34.23 | op=ALLOCATE_BLOCK {owner=1ceb8b80-28f1-43fd-86c3-175afc07b8d1, size=4194304, type=RATIS, factor=THREE} | ret=SUCCESS |  
2019-08-23 18:29:09,353 | INFO  | OMAudit | user=jenkins1000 | ip=127.0.0.1 | op=ALLOCATE_BLOCK {volume=vol-0-45438, bucket=bucket-0-23891, key=key-0-22455, dataSize=0, replicationType=null, replicationFactor=null, keyLocationInfo=null, clientID=102667710122492306} | ret=SUCCESS |  
2019-08-23 18:29:09,359 | INFO  | DNAudit | user=null | ip=null | op=WRITE_CHUNK {blockData=conID: 2 locID: 102667711240602188 bcsId: 0} | ret=SUCCESS |  
2019-08-23 18:29:09,361 | INFO  | DNAudit | user=null | ip=null | op=WRITE_CHUNK {blockData=conID: 2 locID: 102667711240602188 bcsId: 0} | ret=SUCCESS |  
2019-08-23 18:29:09,361 | INFO  | DNAudit | user=null | ip=null | op=WRITE_CHUNK {blockData=conID: 2 locID: 102667711240602188 bcsId: 0} | ret=SUCCESS |  
2019-08-23 18:29:09,361 | INFO  | DNAudit | user=null | ip=null | op=WRITE_CHUNK {blockData=conID: 2 locID: 102667711240602188 bcsId: 0} | ret=SUCCESS |  
2019-08-23 18:29:09,363 | INFO  | DNAudit | user=null | ip=null | op=WRITE_CHUNK {blockData=conID: 2 locID: 102667711240602188 bcsId: 0} | ret=SUCCESS |  
2019-08-23 18:29:09,363 | INFO  | DNAudit | user=null | ip=null | op=WRITE_CHUNK {blockData=conID: 2 locID: 102667711240602188 bcsId: 0} | ret=SUCCESS |  
2019-08-23 18:29:09,363 | INFO  | DNAudit | user=null | ip=null | op=WRITE_CHUNK {blockData=conID: 2 locID: 102667711240602188 bcsId: 0} | ret=SUCCESS |  
2019-08-23 18:29:09,364 | INFO  | DNAudit | user=null | ip=null | op=PUT_BLOCK {blockData=[blockId=conID: 2 locID: 102667711240602188 bcsId: 0,size=1048576]} | ret=SUCCESS |  
2019-08-23 18:29:09,364 [grpc-default-executor-5] INFO  client.GrpcClientProtocolClient (GrpcClientProtocolClient.java:onNext(255)) - client-19C32667576E->48affcab-e6e4-4602-963a-f6a50efbd54c: receive RaftClientReply:client-19C32667576E->48affcab-e6e4-4602-963a-f6a50efbd54c@group-50C56EAF5137, cid=2437, SUCCESS, logIndex=3632, commits[48affcab-e6e4-4602-963a-f6a50efbd54c:c3633, 7e391b60-07ae-4d97-a027-4756e468c032:c3629, c5f86d96-67df-4f25-bde3-316f439d30b3:c3631]
2019-08-23 18:29:09,364 | INFO  | DNAudit | user=null | ip=null | op=WRITE_CHUNK {blockData=conID: 2 locID: 102667711240602188 bcsId: 0} | ret=SUCCESS |  
2019-08-23 18:29:09,364 [grpc-default-executor-5] INFO  client.GrpcClientProtocolClient (GrpcClientProtocolClient.java:onNext(255)) - client-19C32667576E->48affcab-e6e4-4602-963a-f6a50efbd54c: receive RaftClientReply:client-19C32667576E->48affcab-e6e4-4602-963a-f6a50efbd54c@group-50C56EAF5137, cid=2438, SUCCESS, logIndex=3633, commits[48affcab-e6e4-4602-963a-f6a50efbd54c:c3633, 7e391b60-07ae-4d97-a027-4756e468c032:c3629, c5f86d96-67df-4f25-bde3-316f439d30b3:c3631]
2019-08-23 18:29:09,365 | INFO  | DNAudit | user=null | ip=null | op=PUT_BLOCK {blockData=[blockId=conID: 2 locID: 102667711240602188 bcsId: 0,size=2097152]} | ret=SUCCESS |  
2019-08-23 18:29:09,365 [grpc-default-executor-5] INFO  client.GrpcClientProtocolClient (GrpcClientProtocolClient.java:onNext(255)) - client-19C32667576E->48affcab-e6e4-4602-963a-f6a50efbd54c: receive RaftClientReply:client-19C32667576E->48affcab-e6e4-4602-963a-f6a50efbd54c@group-50C56EAF5137, cid=2439, SUCCESS, logIndex=3634, commits[48affcab-e6e4-4602-963a-f6a50efbd54c:c3635, 7e391b60-07ae-4d97-a027-4756e468c032:c3631, c5f86d96-67df-4f25-bde3-316f439d30b3:c3631]
2019-08-23 18:29:09,365 [grpc-default-executor-5] INFO  client.GrpcClientProtocolClient (GrpcClientProtocolClient.java:onNext(255)) - client-19C32667576E->48affcab-e6e4-4602-963a-f6a50efbd54c: receive RaftClientReply:client-19C32667576E->48affcab-e6e4-4602-963a-f6a50efbd54c@group-50C56EAF5137, cid=2440, SUCCESS, logIndex=3635, commits[48affcab-e6e4-4602-963a-f6a50efbd54c:c3635, 7e391b60-07ae-4d97-a027-4756e468c032:c3631, c5f86d96-67df-4f25-bde3-316f439d30b3:c3631]
2019-08-23 18:29:09,365 | INFO  | DNAudit | user=null | ip=null | op=WRITE_CHUNK {blockData=conID: 2 locID: 102667711240602188 bcsId: 0} | ret=SUCCESS |  
2019-08-23 18:29:09,366 | INFO  | DNAudit | user=null | ip=null | op=PUT_BLOCK {blockData=[blockId=conID: 2 locID: 102667711240602188 bcsId: 0,size=1048576]} | ret=SUCCESS |  
2019-08-23 18:29:09,367 | INFO  | DNAudit | user=null | ip=null | op=WRITE_CHUNK {blockData=conID: 2 locID: 102667711240602188 bcsId: 0} | ret=SUCCESS |  
2019-08-23 18:29:09,367 [grpc-default-executor-5] INFO  client.GrpcClientProtocolClient (GrpcClientProtocolClient.java:onNext(255)) - client-19C32667576E->48affcab-e6e4-4602-963a-f6a50efbd54c: receive RaftClientReply:client-19C32667576E->48affcab-e6e4-4602-963a-f6a50efbd54c@group-50C56EAF5137, cid=2441, SUCCESS, logIndex=0, commits[48affcab-e6e4-4602-963a-f6a50efbd54c:c3637, 7e391b60-07ae-4d97-a027-4756e468c032:c3633, c5f86d96-67df-4f25-bde3-316f439d30b3:c3633]
2019-08-23 18:29:09,367 | INFO  | DNAudit | user=null | ip=null | op=PUT_BLOCK {blockData=[blockId=conID: 2 locID: 102667711240602188 bcsId: 0,size=1048576]} | ret=SUCCESS |  
2019-08-23 18:29:09,367 | INFO  | DNAudit | user=null | ip=null | op=WRITE_CHUNK {blockData=conID: 2 locID: 102667711240602188 bcsId: 0} | ret=SUCCESS |  
2019-08-23 18:29:09,368 | INFO  | DNAudit | user=null | ip=null | op=PUT_BLOCK {blockData=[blockId=conID: 2 locID: 102667711240602188 bcsId: 0,size=2097152]} | ret=SUCCESS |  
2019-08-23 18:29:09,368 | INFO  | DNAudit | user=null | ip=null | op=WRITE_CHUNK {blockData=conID: 2 locID: 102667711240602188 bcsId: 0} | ret=SUCCESS |  
2019-08-23 18:29:09,368 | INFO  | DNAudit | user=null | ip=null | op=PUT_BLOCK {blockData=[blockId=conID: 2 locID: 102667711240602188 bcsId: 0,size=2097152]} | ret=SUCCESS |  
2019-08-23 18:29:09,372 | INFO  | DNAudit | user=null | ip=null | op=WRITE_CHUNK {blockData=conID: 2 locID: 102667711240602188 bcsId: 3635} | ret=SUCCESS |  
2019-08-23 18:29:09,375 | INFO  | DNAudit | user=null | ip=null | op=WRITE_CHUNK {blockData=conID: 2 locID: 102667711240602188 bcsId: 3635} | ret=SUCCESS |  
2019-08-23 18:29:09,375 | INFO  | DNAudit | user=null | ip=null | op=WRITE_CHUNK {blockData=conID: 2 locID: 102667711240602188 bcsId: 3635} | ret=SUCCESS |  
2019-08-23 18:29:09,377 | INFO  | DNAudit | user=null | ip=null | op=WRITE_CHUNK {blockData=conID: 2 locID: 102667711240602188 bcsId: 3635} | ret=SUCCESS |  
2019-08-23 18:29:09,379 | INFO  | DNAudit | user=null | ip=null | op=PUT_BLOCK {blockData=[blockId=conID: 2 locID: 102667711240602188 bcsId: 0,size=3145728]} | ret=SUCCESS |  
2019-08-23 18:29:09,379 | INFO  | DNAudit | user=null | ip=null | op=WRITE_CHUNK {blockData=conID: 2 locID: 102667711240602188 bcsId: 3635} | ret=SUCCESS |  
2019-08-23 18:29:09,379 | INFO  | DNAudit | user=null | ip=null | op=WRITE_CHUNK {blockData=conID: 2 locID: 102667711240602188 bcsId: 3635} | ret=SUCCESS |  
2019-08-23 18:29:09,379 [grpc-default-executor-4] INFO  client.GrpcClientProtocolClient (GrpcClientProtocolClient.java:onNext(255)) - client-19C32667576E->48affcab-e6e4-4602-963a-f6a50efbd54c: receive RaftClientReply:client-19C32667576E->48affcab-e6e4-4602-963a-f6a50efbd54c@group-50C56EAF5137, cid=2442, SUCCESS, logIndex=3640, commits[48affcab-e6e4-4602-963a-f6a50efbd54c:c3641, 7e391b60-07ae-4d97-a027-4756e468c032:c3635, c5f86d96-67df-4f25-bde3-316f439d30b3:c3639]
2019-08-23 18:29:09,380 | INFO  | DNAudit | user=null | ip=null | op=PUT_BLOCK {blockData=[blockId=conID: 2 locID: 102667711240602188 bcsId: 0,size=3145728]} | ret=SUCCESS |  
2019-08-23 18:29:09,380 | INFO  | DNAudit | user=null | ip=null | op=PUT_BLOCK {blockData=[blockId=conID: 2 locID: 102667711240602188 bcsId: 0,size=3145728]} | ret=SUCCESS |  
2019-08-23 18:29:09,380 [grpc-default-executor-4] INFO  client.GrpcClientProtocolClient (GrpcClientProtocolClient.java:onNext(255)) - client-19C32667576E->48affcab-e6e4-4602-963a-f6a50efbd54c: receive RaftClientReply:client-19C32667576E->48affcab-e6e4-4602-963a-f6a50efbd54c@group-50C56EAF5137, cid=2443, SUCCESS, logIndex=3641, commits[48affcab-e6e4-4602-963a-f6a50efbd54c:c3642, 7e391b60-07ae-4d97-a027-4756e468c032:c3641, c5f86d96-67df-4f25-bde3-316f439d30b3:c3639]
2019-08-23 18:29:09,386 | INFO  | DNAudit | user=null | ip=null | op=WRITE_CHUNK {blockData=conID: 2 locID: 102667711240602188 bcsId: 3641} | ret=SUCCESS |  
2019-08-23 18:29:09,387 | INFO  | DNAudit | user=null | ip=null | op=WRITE_CHUNK {blockData=conID: 2 locID: 102667711240602188 bcsId: 3641} | ret=SUCCESS |  
2019-08-23 18:29:09,388 | INFO  | DNAudit | user=null | ip=null | op=WRITE_CHUNK {blockData=conID: 2 locID: 102667711240602188 bcsId: 3641} | ret=SUCCESS |  
2019-08-23 18:29:09,398 | INFO  | DNAudit | user=null | ip=null | op=WRITE_CHUNK {blockData=conID: 2 locID: 102667711240602188 bcsId: 3641} | ret=SUCCESS |  
2019-08-23 18:29:09,399 | INFO  | DNAudit | user=null | ip=null | op=PUT_BLOCK {blockData=[blockId=conID: 2 locID: 102667711240602188 bcsId: 0,size=4194304]} | ret=SUCCESS |  
2019-08-23 18:29:09,399 [grpc-default-executor-4] INFO  client.GrpcClientProtocolClient (GrpcClientProtocolClient.java:onNext(255)) - client-19C32667576E->48affcab-e6e4-4602-963a-f6a50efbd54c: receive RaftClientReply:client-19C32667576E->48affcab-e6e4-4602-963a-f6a50efbd54c@group-50C56EAF5137, cid=2444, SUCCESS, logIndex=3644, commits[48affcab-e6e4-4602-963a-f6a50efbd54c:c3645, 7e391b60-07ae-4d97-a027-4756e468c032:c3643, c5f86d96-67df-4f25-bde3-316f439d30b3:c3643]
2019-08-23 18:29:09,399 [grpc-default-executor-4] INFO  client.GrpcClientProtocolClient (GrpcClientProtocolClient.java:onNext(255)) - client-19C32667576E->48affcab-e6e4-4602-963a-f6a50efbd54c: receive RaftClientReply:client-19C32667576E->48affcab-e6e4-4602-963a-f6a50efbd54c@group-50C56EAF5137, cid=2445, SUCCESS, logIndex=3645, commits[48affcab-e6e4-4602-963a-f6a50efbd54c:c3645, 7e391b60-07ae-4d97-a027-4756e468c032:c3643, c5f86d96-67df-4f25-bde3-316f439d30b3:c3643]
2019-08-23 18:29:09,410 | INFO  | DNAudit | user=null | ip=null | op=WRITE_CHUNK {blockData=conID: 2 locID: 102667711240602188 bcsId: 3641} | ret=SUCCESS |  
2019-08-23 18:29:09,410 | INFO  | DNAudit | user=null | ip=null | op=WRITE_CHUNK {blockData=conID: 2 locID: 102667711240602188 bcsId: 3641} | ret=SUCCESS |  
2019-08-23 18:29:09,411 | INFO  | DNAudit | user=null | ip=null | op=PUT_BLOCK {blockData=[blockId=conID: 2 locID: 102667711240602188 bcsId: 0,size=4194304]} | ret=SUCCESS |  
2019-08-23 18:29:09,412 | INFO  | DNAudit | user=null | ip=null | op=PUT_BLOCK {blockData=[blockId=conID: 2 locID: 102667711240602188 bcsId: 0,size=4194304]} | ret=SUCCESS |  
2019-08-23 18:29:09,413 [grpc-default-executor-4] INFO  client.GrpcClientProtocolClient (GrpcClientProtocolClient.java:onNext(255)) - client-19C32667576E->48affcab-e6e4-4602-963a-f6a50efbd54c: receive RaftClientReply:client-19C32667576E->48affcab-e6e4-4602-963a-f6a50efbd54c@group-50C56EAF5137, cid=2446, SUCCESS, logIndex=0, commits[48affcab-e6e4-4602-963a-f6a50efbd54c:c3646, 7e391b60-07ae-4d97-a027-4756e468c032:c3645, c5f86d96-67df-4f25-bde3-316f439d30b3:c3645]
2019-08-23 18:29:09,418 | INFO  | SCMAudit | user=jenkins1000 | ip=192.168.34.23 | op=ALLOCATE_BLOCK {owner=1ceb8b80-28f1-43fd-86c3-175afc07b8d1, size=4194304, type=RATIS, factor=THREE} | ret=SUCCESS |  
2019-08-23 18:29:09,421 | INFO  | OMAudit | user=jenkins1000 | ip=127.0.0.1 | op=ALLOCATE_BLOCK {volume=vol-0-45438, bucket=bucket-0-23891, key=key-0-22455, dataSize=0, replicationType=null, replicationFactor=null, keyLocationInfo=null, clientID=102667710122492306} | ret=SUCCESS |  
2019-08-23 18:29:09,427 | INFO  | DNAudit | user=null | ip=null | op=WRITE_CHUNK {blockData=conID: 3 locID: 102667711245058637 bcsId: 0} | ret=SUCCESS |  
2019-08-23 18:29:09,429 | INFO  | DNAudit | user=null | ip=null | op=WRITE_CHUNK {blockData=conID: 3 locID: 102667711245058637 bcsId: 0} | ret=SUCCESS |  
2019-08-23 18:29:09,429 | INFO  | DNAudit | user=null | ip=null | op=WRITE_CHUNK {blockData=conID: 3 locID: 102667711245058637 bcsId: 0} | ret=SUCCESS |  
2019-08-23 18:29:09,429 | INFO  | DNAudit | user=null | ip=null | op=WRITE_CHUNK {blockData=conID: 3 locID: 102667711245058637 bcsId: 0} | ret=SUCCESS |  
2019-08-23 18:29:09,432 | INFO  | DNAudit | user=null | ip=null | op=WRITE_CHUNK {blockData=conID: 3 locID: 102667711245058637 bcsId: 0} | ret=SUCCESS |  
2019-08-23 18:29:09,432 | INFO  | DNAudit | user=null | ip=null | op=WRITE_CHUNK {blockData=conID: 3 locID: 102667711245058637 bcsId: 0} | ret=SUCCESS |  
2019-08-23 18:29:09,441 | INFO  | DNAudit | user=null | ip=null | op=WRITE_CHUNK {blockData=conID: 3 locID: 102667711245058637 bcsId: 0} | ret=SUCCESS |  
2019-08-23 18:29:09,441 | INFO  | DNAudit | user=null | ip=null | op=PUT_BLOCK {blockData=[blockId=conID: 3 locID: 102667711245058637 bcsId: 0,size=1048576]} | ret=SUCCESS |  
2019-08-23 18:29:09,442 | INFO  | DNAudit | user=null | ip=null | op=WRITE_CHUNK {blockData=conID: 3 locID: 102667711245058637 bcsId: 0} | ret=SUCCESS |  
2019-08-23 18:29:09,441 [grpc-default-executor-4] INFO  client.GrpcClientProtocolClient (GrpcClientProtocolClient.java:onNext(255)) - client-19C32667576E->48affcab-e6e4-4602-963a-f6a50efbd54c: receive RaftClientReply:client-19C32667576E->48affcab-e6e4-4602-963a-f6a50efbd54c@group-50C56EAF5137, cid=2447, SUCCESS, logIndex=3648, commits[48affcab-e6e4-4602-963a-f6a50efbd54c:c3649, 7e391b60-07ae-4d97-a027-4756e468c032:c3647, c5f86d96-67df-4f25-bde3-316f439d30b3:c3647]
2019-08-23 18:29:09,442 | INFO  | DNAudit | user=null | ip=null | op=PUT_BLOCK {blockData=[blockId=conID: 3 locID: 102667711245058637 bcsId: 0,size=2097152]} | ret=SUCCESS |  
2019-08-23 18:29:09,442 [grpc-default-executor-4] INFO  client.GrpcClientProtocolClient (GrpcClientProtocolClient.java:onNext(255)) - client-19C32667576E->48affcab-e6e4-4602-963a-f6a50efbd54c: receive RaftClientReply:client-19C32667576E->48affcab-e6e4-4602-963a-f6a50efbd54c@group-50C56EAF5137, cid=2448, SUCCESS, logIndex=3649, commits[48affcab-e6e4-4602-963a-f6a50efbd54c:c3649, 7e391b60-07ae-4d97-a027-4756e468c032:c3647, c5f86d96-67df-4f25-bde3-316f439d30b3:c3647]
2019-08-23 18:29:09,442 [grpc-default-executor-4] INFO  client.GrpcClientProtocolClient (GrpcClientProtocolClient.java:onNext(255)) - client-19C32667576E->48affcab-e6e4-4602-963a-f6a50efbd54c: receive RaftClientReply:client-19C32667576E->48affcab-e6e4-4602-963a-f6a50efbd54c@group-50C56EAF5137, cid=2449, SUCCESS, logIndex=3650, commits[48affcab-e6e4-4602-963a-f6a50efbd54c:c3651, 7e391b60-07ae-4d97-a027-4756e468c032:c3647, c5f86d96-67df-4f25-bde3-316f439d30b3:c3647]
2019-08-23 18:29:09,443 [grpc-default-executor-4] INFO  client.GrpcClientProtocolClient (GrpcClientProtocolClient.java:onNext(255)) - client-19C32667576E->48affcab-e6e4-4602-963a-f6a50efbd54c: receive RaftClientReply:client-19C32667576E->48affcab-e6e4-4602-963a-f6a50efbd54c@group-50C56EAF5137, cid=2450, SUCCESS, logIndex=3651, commits[48affcab-e6e4-4602-963a-f6a50efbd54c:c3651, 7e391b60-07ae-4d97-a027-4756e468c032:c3647, c5f86d96-67df-4f25-bde3-316f439d30b3:c3647]
2019-08-23 18:29:09,443 | INFO  | DNAudit | user=null | ip=null | op=WRITE_CHUNK {blockData=conID: 3 locID: 102667711245058637 bcsId: 0} | ret=SUCCESS |  
2019-08-23 18:29:09,443 | INFO  | DNAudit | user=null | ip=null | op=PUT_BLOCK {blockData=[blockId=conID: 3 locID: 102667711245058637 bcsId: 0,size=1048576]} | ret=SUCCESS |  
2019-08-23 18:29:09,444 | INFO  | DNAudit | user=null | ip=null | op=WRITE_CHUNK {blockData=conID: 3 locID: 102667711245058637 bcsId: 0} | ret=SUCCESS |  
2019-08-23 18:29:09,444 | INFO  | DNAudit | user=null | ip=null | op=PUT_BLOCK {blockData=[blockId=conID: 3 locID: 102667711245058637 bcsId: 0,size=1048576]} | ret=SUCCESS |  
2019-08-23 18:29:09,444 | INFO  | DNAudit | user=null | ip=null | op=WRITE_CHUNK {blockData=conID: 3 locID: 102667711245058637 bcsId: 0} | ret=SUCCESS |  
2019-08-23 18:29:09,444 [grpc-default-executor-5] INFO  client.GrpcClientProtocolClient (GrpcClientProtocolClient.java:onNext(255)) - client-19C32667576E->48affcab-e6e4-4602-963a-f6a50efbd54c: receive RaftClientReply:client-19C32667576E->48affcab-e6e4-4602-963a-f6a50efbd54c@group-50C56EAF5137, cid=2451, SUCCESS, logIndex=0, commits[48affcab-e6e4-4602-963a-f6a50efbd54c:c3653, 7e391b60-07ae-4d97-a027-4756e468c032:c3649, c5f86d96-67df-4f25-bde3-316f439d30b3:c3649]
2019-08-23 18:29:09,444 | INFO  | DNAudit | user=null | ip=null | op=WRITE_CHUNK {blockData=conID: 3 locID: 102667711245058637 bcsId: 0} | ret=SUCCESS |  
2019-08-23 18:29:09,444 | INFO  | DNAudit | user=null | ip=null | op=PUT_BLOCK {blockData=[blockId=conID: 3 locID: 102667711245058637 bcsId: 0,size=2097152]} | ret=SUCCESS |  
2019-08-23 18:29:09,444 | INFO  | DNAudit | user=null | ip=null | op=PUT_BLOCK {blockData=[blockId=conID: 3 locID: 102667711245058637 bcsId: 0,size=2097152]} | ret=SUCCESS |  
2019-08-23 18:29:09,449 | INFO  | DNAudit | user=null | ip=null | op=WRITE_CHUNK {blockData=conID: 3 locID: 102667711245058637 bcsId: 3651} | ret=SUCCESS |  
2019-08-23 18:29:09,452 | INFO  | DNAudit | user=null | ip=null | op=WRITE_CHUNK {blockData=conID: 3 locID: 102667711245058637 bcsId: 3651} | ret=SUCCESS |  
2019-08-23 18:29:09,452 | INFO  | DNAudit | user=null | ip=null | op=WRITE_CHUNK {blockData=conID: 3 locID: 102667711245058637 bcsId: 3651} | ret=SUCCESS |  
2019-08-23 18:29:09,461 | INFO  | DNAudit | user=null | ip=null | op=WRITE_CHUNK {blockData=conID: 3 locID: 102667711245058637 bcsId: 3651} | ret=SUCCESS |  
2019-08-23 18:29:09,461 | INFO  | DNAudit | user=null | ip=null | op=PUT_BLOCK {blockData=[blockId=conID: 3 locID: 102667711245058637 bcsId: 0,size=3145728]} | ret=SUCCESS |  
2019-08-23 18:29:09,461 [grpc-default-executor-4] INFO  client.GrpcClientProtocolClient (GrpcClientProtocolClient.java:onNext(255)) - client-19C32667576E->48affcab-e6e4-4602-963a-f6a50efbd54c: receive RaftClientReply:client-19C32667576E->48affcab-e6e4-4602-963a-f6a50efbd54c@group-50C56EAF5137, cid=2452, SUCCESS, logIndex=3656, commits[48affcab-e6e4-4602-963a-f6a50efbd54c:c3657, 7e391b60-07ae-4d97-a027-4756e468c032:c3655, c5f86d96-67df-4f25-bde3-316f439d30b3:c3655]
2019-08-23 18:29:09,462 [grpc-default-executor-4] INFO  client.GrpcClientProtocolClient (GrpcClientProtocolClient.java:onNext(255)) - client-19C32667576E->48affcab-e6e4-4602-963a-f6a50efbd54c: receive RaftClientReply:client-19C32667576E->48affcab-e6e4-4602-963a-f6a50efbd54c@group-50C56EAF5137, cid=2453, SUCCESS, logIndex=3657, commits[48affcab-e6e4-4602-963a-f6a50efbd54c:c3657, 7e391b60-07ae-4d97-a027-4756e468c032:c3655, c5f86d96-67df-4f25-bde3-316f439d30b3:c3655]
2019-08-23 18:29:09,467 | INFO  | DNAudit | user=null | ip=null | op=WRITE_CHUNK {blockData=conID: 3 locID: 102667711245058637 bcsId: 3657} | ret=SUCCESS |  
2019-08-23 18:29:09,469 | INFO  | DNAudit | user=null | ip=null | op=WRITE_CHUNK {blockData=conID: 3 locID: 102667711245058637 bcsId: 3657} | ret=SUCCESS |  
2019-08-23 18:29:09,469 | INFO  | DNAudit | user=null | ip=null | op=WRITE_CHUNK {blockData=conID: 3 locID: 102667711245058637 bcsId: 3657} | ret=SUCCESS |  
2019-08-23 18:29:09,473 | INFO  | DNAudit | user=null | ip=null | op=WRITE_CHUNK {blockData=conID: 3 locID: 102667711245058637 bcsId: 3651} | ret=SUCCESS |  
2019-08-23 18:29:09,473 | INFO  | DNAudit | user=null | ip=null | op=WRITE_CHUNK {blockData=conID: 3 locID: 102667711245058637 bcsId: 3651} | ret=SUCCESS |  
2019-08-23 18:29:09,474 | INFO  | DNAudit | user=null | ip=null | op=PUT_BLOCK {blockData=[blockId=conID: 3 locID: 102667711245058637 bcsId: 0,size=3145728]} | ret=SUCCESS |  
2019-08-23 18:29:09,474 | INFO  | DNAudit | user=null | ip=null | op=PUT_BLOCK {blockData=[blockId=conID: 3 locID: 102667711245058637 bcsId: 0,size=3145728]} | ret=SUCCESS |  
2019-08-23 18:29:09,475 | INFO  | DNAudit | user=null | ip=null | op=WRITE_CHUNK {blockData=conID: 3 locID: 102667711245058637 bcsId: 3657} | ret=SUCCESS |  
2019-08-23 18:29:09,475 | INFO  | DNAudit | user=null | ip=null | op=PUT_BLOCK {blockData=[blockId=conID: 3 locID: 102667711245058637 bcsId: 0,size=4194304]} | ret=SUCCESS |  
2019-08-23 18:29:09,475 [grpc-default-executor-4] INFO  client.GrpcClientProtocolClient (GrpcClientProtocolClient.java:onNext(255)) - client-19C32667576E->48affcab-e6e4-4602-963a-f6a50efbd54c: receive RaftClientReply:client-19C32667576E->48affcab-e6e4-4602-963a-f6a50efbd54c@group-50C56EAF5137, cid=2454, SUCCESS, logIndex=3660, commits[48affcab-e6e4-4602-963a-f6a50efbd54c:c3661, 7e391b60-07ae-4d97-a027-4756e468c032:c3657, c5f86d96-67df-4f25-bde3-316f439d30b3:c3657]
2019-08-23 18:29:09,475 [grpc-default-executor-4] INFO  client.GrpcClientProtocolClient (GrpcClientProtocolClient.java:onNext(255)) - client-19C32667576E->48affcab-e6e4-4602-963a-f6a50efbd54c: receive RaftClientReply:client-19C32667576E->48affcab-e6e4-4602-963a-f6a50efbd54c@group-50C56EAF5137, cid=2455, SUCCESS, logIndex=3661, commits[48affcab-e6e4-4602-963a-f6a50efbd54c:c3661, 7e391b60-07ae-4d97-a027-4756e468c032:c3657, c5f86d96-67df-4f25-bde3-316f439d30b3:c3657]
2019-08-23 18:29:09,476 | INFO  | DNAudit | user=null | ip=null | op=WRITE_CHUNK {blockData=conID: 3 locID: 102667711245058637 bcsId: 3657} | ret=SUCCESS |  
2019-08-23 18:29:09,476 | INFO  | DNAudit | user=null | ip=null | op=WRITE_CHUNK {blockData=conID: 3 locID: 102667711245058637 bcsId: 3657} | ret=SUCCESS |  
2019-08-23 18:29:09,479 | INFO  | DNAudit | user=null | ip=null | op=PUT_BLOCK {blockData=[blockId=conID: 3 locID: 102667711245058637 bcsId: 0,size=4194304]} | ret=SUCCESS |  
2019-08-23 18:29:09,479 | INFO  | DNAudit | user=null | ip=null | op=PUT_BLOCK {blockData=[blockId=conID: 3 locID: 102667711245058637 bcsId: 0,size=4194304]} | ret=SUCCESS |  
2019-08-23 18:29:09,479 [grpc-default-executor-4] INFO  client.GrpcClientProtocolClient (GrpcClientProtocolClient.java:onNext(255)) - client-19C32667576E->48affcab-e6e4-4602-963a-f6a50efbd54c: receive RaftClientReply:client-19C32667576E->48affcab-e6e4-4602-963a-f6a50efbd54c@group-50C56EAF5137, cid=2456, SUCCESS, logIndex=0, commits[48affcab-e6e4-4602-963a-f6a50efbd54c:c3663, 7e391b60-07ae-4d97-a027-4756e468c032:c3661, c5f86d96-67df-4f25-bde3-316f439d30b3:c3661]
2019-08-23 18:29:09,483 | INFO  | SCMAudit | user=jenkins1000 | ip=192.168.34.23 | op=ALLOCATE_BLOCK {owner=1ceb8b80-28f1-43fd-86c3-175afc07b8d1, size=4194304, type=RATIS, factor=THREE} | ret=SUCCESS |  
2019-08-23 18:29:09,486 | INFO  | OMAudit | user=jenkins1000 | ip=127.0.0.1 | op=ALLOCATE_BLOCK {volume=vol-0-45438, bucket=bucket-0-23891, key=key-0-22455, dataSize=0, replicationType=null, replicationFactor=null, keyLocationInfo=null, clientID=102667710122492306} | ret=SUCCESS |  
2019-08-23 18:29:09,491 | INFO  | DNAudit | user=null | ip=null | op=WRITE_CHUNK {blockData=conID: 1 locID: 102667711249318478 bcsId: 0} | ret=SUCCESS |  
2019-08-23 18:29:09,493 | INFO  | DNAudit | user=null | ip=null | op=WRITE_CHUNK {blockData=conID: 1 locID: 102667711249318478 bcsId: 0} | ret=SUCCESS |  
2019-08-23 18:29:09,495 | INFO  | DNAudit | user=null | ip=null | op=WRITE_CHUNK {blockData=conID: 1 locID: 102667711249318478 bcsId: 0} | ret=SUCCESS |  
2019-08-23 18:29:09,495 | INFO  | DNAudit | user=null | ip=null | op=WRITE_CHUNK {blockData=conID: 1 locID: 102667711249318478 bcsId: 0} | ret=SUCCESS |  
2019-08-23 18:29:09,495 | INFO  | DNAudit | user=null | ip=null | op=WRITE_CHUNK {blockData=conID: 1 locID: 102667711249318478 bcsId: 0} | ret=SUCCESS |  
2019-08-23 18:29:09,496 | INFO  | DNAudit | user=null | ip=null | op=WRITE_CHUNK {blockData=conID: 1 locID: 102667711249318478 bcsId: 0} | ret=SUCCESS |  
2019-08-23 18:29:09,504 | INFO  | DNAudit | user=null | ip=null | op=WRITE_CHUNK {blockData=conID: 1 locID: 102667711249318478 bcsId: 0} | ret=SUCCESS |  
2019-08-23 18:29:09,504 | INFO  | DNAudit | user=null | ip=null | op=PUT_BLOCK {blockData=[blockId=conID: 1 locID: 102667711249318478 bcsId: 0,size=1048576]} | ret=SUCCESS |  
2019-08-23 18:29:09,505 | INFO  | DNAudit | user=null | ip=null | op=WRITE_CHUNK {blockData=conID: 1 locID: 102667711249318478 bcsId: 0} | ret=SUCCESS |  
2019-08-23 18:29:09,504 [grpc-default-executor-4] INFO  client.GrpcClientProtocolClient (GrpcClientProtocolClient.java:onNext(255)) - client-19C32667576E->48affcab-e6e4-4602-963a-f6a50efbd54c: receive RaftClientReply:client-19C32667576E->48affcab-e6e4-4602-963a-f6a50efbd54c@group-50C56EAF5137, cid=2457, SUCCESS, logIndex=3664, commits[48affcab-e6e4-4602-963a-f6a50efbd54c:c3666, 7e391b60-07ae-4d97-a027-4756e468c032:c3663, c5f86d96-67df-4f25-bde3-316f439d30b3:c3663]
2019-08-23 18:29:09,505 | INFO  | DNAudit | user=null | ip=null | op=PUT_BLOCK {blockData=[blockId=conID: 1 locID: 102667711249318478 bcsId: 0,size=2097152]} | ret=SUCCESS |  
2019-08-23 18:29:09,505 [grpc-default-executor-4] INFO  client.GrpcClientProtocolClient (GrpcClientProtocolClient.java:onNext(255)) - client-19C32667576E->48affcab-e6e4-4602-963a-f6a50efbd54c: receive RaftClientReply:client-19C32667576E->48affcab-e6e4-4602-963a-f6a50efbd54c@group-50C56EAF5137, cid=2458, SUCCESS, logIndex=3665, commits[48affcab-e6e4-4602-963a-f6a50efbd54c:c3667, 7e391b60-07ae-4d97-a027-4756e468c032:c3663, c5f86d96-67df-4f25-bde3-316f439d30b3:c3663]
2019-08-23 18:29:09,505 | INFO  | DNAudit | user=null | ip=null | op=WRITE_CHUNK {blockData=conID: 1 locID: 102667711249318478 bcsId: 0} | ret=SUCCESS |  
2019-08-23 18:29:09,505 [grpc-default-executor-4] INFO  client.GrpcClientProtocolClient (GrpcClientProtocolClient.java:onNext(255)) - client-19C32667576E->48affcab-e6e4-4602-963a-f6a50efbd54c: receive RaftClientReply:client-19C32667576E->48affcab-e6e4-4602-963a-f6a50efbd54c@group-50C56EAF5137, cid=2459, SUCCESS, logIndex=3666, commits[48affcab-e6e4-4602-963a-f6a50efbd54c:c3667, 7e391b60-07ae-4d97-a027-4756e468c032:c3663, c5f86d96-67df-4f25-bde3-316f439d30b3:c3663]
2019-08-23 18:29:09,505 [grpc-default-executor-4] INFO  client.GrpcClientProtocolClient (GrpcClientProtocolClient.java:onNext(255)) - client-19C32667576E->48affcab-e6e4-4602-963a-f6a50efbd54c: receive RaftClientReply:client-19C32667576E->48affcab-e6e4-4602-963a-f6a50efbd54c@group-50C56EAF5137, cid=2460, SUCCESS, logIndex=3667, commits[48affcab-e6e4-4602-963a-f6a50efbd54c:c3667, 7e391b60-07ae-4d97-a027-4756e468c032:c3663, c5f86d96-67df-4f25-bde3-316f439d30b3:c3663]
2019-08-23 18:29:09,506 | INFO  | DNAudit | user=null | ip=null | op=WRITE_CHUNK {blockData=conID: 1 locID: 102667711249318478 bcsId: 0} | ret=SUCCESS |  
2019-08-23 18:29:09,506 | INFO  | DNAudit | user=null | ip=null | op=PUT_BLOCK {blockData=[blockId=conID: 1 locID: 102667711249318478 bcsId: 0,size=1048576]} | ret=SUCCESS |  
2019-08-23 18:29:09,506 | INFO  | DNAudit | user=null | ip=null | op=WRITE_CHUNK {blockData=conID: 1 locID: 102667711249318478 bcsId: 0} | ret=SUCCESS |  
2019-08-23 18:29:09,507 | INFO  | DNAudit | user=null | ip=null | op=PUT_BLOCK {blockData=[blockId=conID: 1 locID: 102667711249318478 bcsId: 0,size=1048576]} | ret=SUCCESS |  
2019-08-23 18:29:09,507 | INFO  | DNAudit | user=null | ip=null | op=WRITE_CHUNK {blockData=conID: 1 locID: 102667711249318478 bcsId: 0} | ret=SUCCESS |  
2019-08-23 18:29:09,508 | INFO  | DNAudit | user=null | ip=null | op=PUT_BLOCK {blockData=[blockId=conID: 1 locID: 102667711249318478 bcsId: 0,size=2097152]} | ret=SUCCESS |  
2019-08-23 18:29:09,508 [grpc-default-executor-0] INFO  client.GrpcClientProtocolClient (GrpcClientProtocolClient.java:onNext(255)) - client-19C32667576E->48affcab-e6e4-4602-963a-f6a50efbd54c: receive RaftClientReply:client-19C32667576E->48affcab-e6e4-4602-963a-f6a50efbd54c@group-50C56EAF5137, cid=2461, SUCCESS, logIndex=0, commits[48affcab-e6e4-4602-963a-f6a50efbd54c:c3670, 7e391b60-07ae-4d97-a027-4756e468c032:c3666, c5f86d96-67df-4f25-bde3-316f439d30b3:c3665]
2019-08-23 18:29:09,513 | INFO  | DNAudit | user=null | ip=null | op=WRITE_CHUNK {blockData=conID: 1 locID: 102667711249318478 bcsId: 3667} | ret=SUCCESS |  
2019-08-23 18:29:09,515 | INFO  | DNAudit | user=null | ip=null | op=WRITE_CHUNK {blockData=conID: 1 locID: 102667711249318478 bcsId: 3667} | ret=SUCCESS |  
2019-08-23 18:29:09,515 | INFO  | DNAudit | user=null | ip=null | op=WRITE_CHUNK {blockData=conID: 1 locID: 102667711249318478 bcsId: 3667} | ret=SUCCESS |  
2019-08-23 18:29:09,518 | INFO  | DNAudit | user=null | ip=null | op=PUT_BLOCK {blockData=[blockId=conID: 1 locID: 102667711249318478 bcsId: 0,size=2097152]} | ret=SUCCESS |  
2019-08-23 18:29:09,519 | INFO  | DNAudit | user=null | ip=null | op=WRITE_CHUNK {blockData=conID: 1 locID: 102667711249318478 bcsId: 3667} | ret=SUCCESS |  
2019-08-23 18:29:09,520 | INFO  | DNAudit | user=null | ip=null | op=PUT_BLOCK {blockData=[blockId=conID: 1 locID: 102667711249318478 bcsId: 0,size=3145728]} | ret=SUCCESS |  
2019-08-23 18:29:09,520 [grpc-default-executor-0] INFO  client.GrpcClientProtocolClient (GrpcClientProtocolClient.java:onNext(255)) - client-19C32667576E->48affcab-e6e4-4602-963a-f6a50efbd54c: receive RaftClientReply:client-19C32667576E->48affcab-e6e4-4602-963a-f6a50efbd54c@group-50C56EAF5137, cid=2462, SUCCESS, logIndex=3672, commits[48affcab-e6e4-4602-963a-f6a50efbd54c:c3673, 7e391b60-07ae-4d97-a027-4756e468c032:c3667, c5f86d96-67df-4f25-bde3-316f439d30b3:c3671]
2019-08-23 18:29:09,520 [grpc-default-executor-0] INFO  client.GrpcClientProtocolClient (GrpcClientProtocolClient.java:onNext(255)) - client-19C32667576E->48affcab-e6e4-4602-963a-f6a50efbd54c: receive RaftClientReply:client-19C32667576E->48affcab-e6e4-4602-963a-f6a50efbd54c@group-50C56EAF5137, cid=2463, SUCCESS, logIndex=3673, commits[48affcab-e6e4-4602-963a-f6a50efbd54c:c3673, 7e391b60-07ae-4d97-a027-4756e468c032:c3671, c5f86d96-67df-4f25-bde3-316f439d30b3:c3671]
2019-08-23 18:29:09,521 | INFO  | DNAudit | user=null | ip=null | op=WRITE_CHUNK {blockData=conID: 1 locID: 102667711249318478 bcsId: 3667} | ret=SUCCESS |  
2019-08-23 18:29:09,521 | INFO  | DNAudit | user=null | ip=null | op=WRITE_CHUNK {blockData=conID: 1 locID: 102667711249318478 bcsId: 3667} | ret=SUCCESS |  
2019-08-23 18:29:09,521 | INFO  | DNAudit | user=null | ip=null | op=PUT_BLOCK {blockData=[blockId=conID: 1 locID: 102667711249318478 bcsId: 0,size=3145728]} | ret=SUCCESS |  
2019-08-23 18:29:09,521 | INFO  | DNAudit | user=null | ip=null | op=PUT_BLOCK {blockData=[blockId=conID: 1 locID: 102667711249318478 bcsId: 0,size=3145728]} | ret=SUCCESS |  
2019-08-23 18:29:09,525 | INFO  | DNAudit | user=null | ip=null | op=WRITE_CHUNK {blockData=conID: 1 locID: 102667711249318478 bcsId: 3673} | ret=SUCCESS |  
2019-08-23 18:29:09,528 | INFO  | DNAudit | user=null | ip=null | op=WRITE_CHUNK {blockData=conID: 1 locID: 102667711249318478 bcsId: 3673} | ret=SUCCESS |  
2019-08-23 18:29:09,528 | INFO  | DNAudit | user=null | ip=null | op=WRITE_CHUNK {blockData=conID: 1 locID: 102667711249318478 bcsId: 3673} | ret=SUCCESS |  
2019-08-23 18:29:09,538 | INFO  | DNAudit | user=null | ip=null | op=WRITE_CHUNK {blockData=conID: 1 locID: 102667711249318478 bcsId: 3673} | ret=SUCCESS |  
2019-08-23 18:29:09,538 | INFO  | DNAudit | user=null | ip=null | op=PUT_BLOCK {blockData=[blockId=conID: 1 locID: 102667711249318478 bcsId: 0,size=4194304]} | ret=SUCCESS |  
2019-08-23 18:29:09,538 [grpc-default-executor-4] INFO  client.GrpcClientProtocolClient (GrpcClientProtocolClient.java:onNext(255)) - client-19C32667576E->48affcab-e6e4-4602-963a-f6a50efbd54c: receive RaftClientReply:client-19C32667576E->48affcab-e6e4-4602-963a-f6a50efbd54c@group-50C56EAF5137, cid=2464, SUCCESS, logIndex=3676, commits[48affcab-e6e4-4602-963a-f6a50efbd54c:c3677, 7e391b60-07ae-4d97-a027-4756e468c032:c3675, c5f86d96-67df-4f25-bde3-316f439d30b3:c3675]
2019-08-23 18:29:09,538 [grpc-default-executor-4] INFO  client.GrpcClientProtocolClient (GrpcClientProtocolClient.java:onNext(255)) - client-19C32667576E->48affcab-e6e4-4602-963a-f6a50efbd54c: receive RaftClientReply:client-19C32667576E->48affcab-e6e4-4602-963a-f6a50efbd54c@group-50C56EAF5137, cid=2465, SUCCESS, logIndex=3677, commits[48affcab-e6e4-4602-963a-f6a50efbd54c:c3677, 7e391b60-07ae-4d97-a027-4756e468c032:c3675, c5f86d96-67df-4f25-bde3-316f439d30b3:c3675]
2019-08-23 18:29:09,539 | INFO  | DNAudit | user=null | ip=null | op=WRITE_CHUNK {blockData=conID: 1 locID: 102667711249318478 bcsId: 3673} | ret=SUCCESS |  
2019-08-23 18:29:09,539 | INFO  | DNAudit | user=null | ip=null | op=WRITE_CHUNK {blockData=conID: 1 locID: 102667711249318478 bcsId: 3673} | ret=SUCCESS |  
2019-08-23 18:29:09,541 | INFO  | DNAudit | user=null | ip=null | op=PUT_BLOCK {blockData=[blockId=conID: 1 locID: 102667711249318478 bcsId: 0,size=4194304]} | ret=SUCCESS |  
2019-08-23 18:29:09,541 | INFO  | DNAudit | user=null | ip=null | op=PUT_BLOCK {blockData=[blockId=conID: 1 locID: 102667711249318478 bcsId: 0,size=4194304]} | ret=SUCCESS |  
2019-08-23 18:29:09,542 [grpc-default-executor-4] INFO  client.GrpcClientProtocolClient (GrpcClientProtocolClient.java:onNext(255)) - client-19C32667576E->48affcab-e6e4-4602-963a-f6a50efbd54c: receive RaftClientReply:client-19C32667576E->48affcab-e6e4-4602-963a-f6a50efbd54c@group-50C56EAF5137, cid=2466, SUCCESS, logIndex=0, commits[48affcab-e6e4-4602-963a-f6a50efbd54c:c3679, 7e391b60-07ae-4d97-a027-4756e468c032:c3677, c5f86d96-67df-4f25-bde3-316f439d30b3:c3677]
2019-08-23 18:29:09,549 | INFO  | SCMAudit | user=jenkins1000 | ip=192.168.34.23 | op=ALLOCATE_BLOCK {owner=1ceb8b80-28f1-43fd-86c3-175afc07b8d1, size=4194304, type=RATIS, factor=THREE} | ret=SUCCESS |  
2019-08-23 18:29:09,552 | INFO  | OMAudit | user=jenkins1000 | ip=127.0.0.1 | op=ALLOCATE_BLOCK {volume=vol-0-45438, bucket=bucket-0-23891, key=key-0-22455, dataSize=0, replicationType=null, replicationFactor=null, keyLocationInfo=null, clientID=102667710122492306} | ret=SUCCESS |  
2019-08-23 18:29:09,558 | INFO  | DNAudit | user=null | ip=null | op=WRITE_CHUNK {blockData=conID: 2 locID: 102667711253643855 bcsId: 0} | ret=SUCCESS |  
2019-08-23 18:29:09,561 | INFO  | DNAudit | user=null | ip=null | op=WRITE_CHUNK {blockData=conID: 2 locID: 102667711253643855 bcsId: 0} | ret=SUCCESS |  
2019-08-23 18:29:09,561 | INFO  | DNAudit | user=null | ip=null | op=WRITE_CHUNK {blockData=conID: 2 locID: 102667711253643855 bcsId: 0} | ret=SUCCESS |  
2019-08-23 18:29:09,561 | INFO  | DNAudit | user=null | ip=null | op=WRITE_CHUNK {blockData=conID: 2 locID: 102667711253643855 bcsId: 0} | ret=SUCCESS |  
2019-08-23 18:29:09,562 | INFO  | DNAudit | user=null | ip=null | op=WRITE_CHUNK {blockData=conID: 2 locID: 102667711253643855 bcsId: 0} | ret=SUCCESS |  
2019-08-23 18:29:09,562 | INFO  | DNAudit | user=null | ip=null | op=WRITE_CHUNK {blockData=conID: 2 locID: 102667711253643855 bcsId: 0} | ret=SUCCESS |  
2019-08-23 18:29:09,571 | INFO  | DNAudit | user=null | ip=null | op=WRITE_CHUNK {blockData=conID: 2 locID: 102667711253643855 bcsId: 0} | ret=SUCCESS |  
2019-08-23 18:29:09,572 | INFO  | DNAudit | user=null | ip=null | op=PUT_BLOCK {blockData=[blockId=conID: 2 locID: 102667711253643855 bcsId: 0,size=1048576]} | ret=SUCCESS |  
2019-08-23 18:29:09,572 | INFO  | DNAudit | user=null | ip=null | op=WRITE_CHUNK {blockData=conID: 2 locID: 102667711253643855 bcsId: 0} | ret=SUCCESS |  
2019-08-23 18:29:09,573 | INFO  | DNAudit | user=null | ip=null | op=PUT_BLOCK {blockData=[blockId=conID: 2 locID: 102667711253643855 bcsId: 0,size=2097152]} | ret=SUCCESS |  
2019-08-23 18:29:09,572 [grpc-default-executor-5] INFO  client.GrpcClientProtocolClient (GrpcClientProtocolClient.java:onNext(255)) - client-19C32667576E->48affcab-e6e4-4602-963a-f6a50efbd54c: receive RaftClientReply:client-19C32667576E->48affcab-e6e4-4602-963a-f6a50efbd54c@group-50C56EAF5137, cid=2467, SUCCESS, logIndex=3680, commits[48affcab-e6e4-4602-963a-f6a50efbd54c:c3683, 7e391b60-07ae-4d97-a027-4756e468c032:c3679, c5f86d96-67df-4f25-bde3-316f439d30b3:c3679]
2019-08-23 18:29:09,573 [grpc-default-executor-5] INFO  client.GrpcClientProtocolClient (GrpcClientProtocolClient.java:onNext(255)) - client-19C32667576E->48affcab-e6e4-4602-963a-f6a50efbd54c: receive RaftClientReply:client-19C32667576E->48affcab-e6e4-4602-963a-f6a50efbd54c@group-50C56EAF5137, cid=2468, SUCCESS, logIndex=3681, commits[48affcab-e6e4-4602-963a-f6a50efbd54c:c3683, 7e391b60-07ae-4d97-a027-4756e468c032:c3679, c5f86d96-67df-4f25-bde3-316f439d30b3:c3679]
2019-08-23 18:29:09,573 [grpc-default-executor-5] INFO  client.GrpcClientProtocolClient (GrpcClientProtocolClient.java:onNext(255)) - client-19C32667576E->48affcab-e6e4-4602-963a-f6a50efbd54c: receive RaftClientReply:client-19C32667576E->48affcab-e6e4-4602-963a-f6a50efbd54c@group-50C56EAF5137, cid=2469, SUCCESS, logIndex=3682, commits[48affcab-e6e4-4602-963a-f6a50efbd54c:c3683, 7e391b60-07ae-4d97-a027-4756e468c032:c3679, c5f86d96-67df-4f25-bde3-316f439d30b3:c3679]
2019-08-23 18:29:09,573 [grpc-default-executor-5] INFO  client.GrpcClientProtocolClient (GrpcClientProtocolClient.java:onNext(255)) - client-19C32667576E->48affcab-e6e4-4602-963a-f6a50efbd54c: receive RaftClientReply:client-19C32667576E->48affcab-e6e4-4602-963a-f6a50efbd54c@group-50C56EAF5137, cid=2470, SUCCESS, logIndex=3683, commits[48affcab-e6e4-4602-963a-f6a50efbd54c:c3683, 7e391b60-07ae-4d97-a027-4756e468c032:c3679, c5f86d96-67df-4f25-bde3-316f439d30b3:c3679]
2019-08-23 18:29:09,582 | INFO  | DNAudit | user=null | ip=null | op=WRITE_CHUNK {blockData=conID: 2 locID: 102667711253643855 bcsId: 0} | ret=SUCCESS |  
2019-08-23 18:29:09,583 | INFO  | DNAudit | user=null | ip=null | op=WRITE_CHUNK {blockData=conID: 2 locID: 102667711253643855 bcsId: 0} | ret=SUCCESS |  
2019-08-23 18:29:09,585 | INFO  | DNAudit | user=null | ip=null | op=PUT_BLOCK {blockData=[blockId=conID: 2 locID: 102667711253643855 bcsId: 0,size=1048576]} | ret=SUCCESS |  
2019-08-23 18:29:09,585 | INFO  | DNAudit | user=null | ip=null | op=PUT_BLOCK {blockData=[blockId=conID: 2 locID: 102667711253643855 bcsId: 0,size=1048576]} | ret=SUCCESS |  
2019-08-23 18:29:09,585 | INFO  | DNAudit | user=null | ip=null | op=WRITE_CHUNK {blockData=conID: 2 locID: 102667711253643855 bcsId: 0} | ret=SUCCESS |  
2019-08-23 18:29:09,585 | INFO  | DNAudit | user=null | ip=null | op=WRITE_CHUNK {blockData=conID: 2 locID: 102667711253643855 bcsId: 0} | ret=SUCCESS |  
2019-08-23 18:29:09,586 | INFO  | DNAudit | user=null | ip=null | op=PUT_BLOCK {blockData=[blockId=conID: 2 locID: 102667711253643855 bcsId: 0,size=2097152]} | ret=SUCCESS |  
2019-08-23 18:29:09,586 | INFO  | DNAudit | user=null | ip=null | op=PUT_BLOCK {blockData=[blockId=conID: 2 locID: 102667711253643855 bcsId: 0,size=2097152]} | ret=SUCCESS |  
2019-08-23 18:29:09,586 [grpc-default-executor-5] INFO  client.GrpcClientProtocolClient (GrpcClientProtocolClient.java:onNext(255)) - client-19C32667576E->48affcab-e6e4-4602-963a-f6a50efbd54c: receive RaftClientReply:client-19C32667576E->48affcab-e6e4-4602-963a-f6a50efbd54c@group-50C56EAF5137, cid=2471, SUCCESS, logIndex=0, commits[48affcab-e6e4-4602-963a-f6a50efbd54c:c3685, 7e391b60-07ae-4d97-a027-4756e468c032:c3683, c5f86d96-67df-4f25-bde3-316f439d30b3:c3683]
2019-08-23 18:29:09,591 | INFO  | DNAudit | user=null | ip=null | op=WRITE_CHUNK {blockData=conID: 2 locID: 102667711253643855 bcsId: 3683} | ret=SUCCESS |  
2019-08-23 18:29:09,593 | INFO  | DNAudit | user=null | ip=null | op=WRITE_CHUNK {blockData=conID: 2 locID: 102667711253643855 bcsId: 3683} | ret=SUCCESS |  
2019-08-23 18:29:09,593 | INFO  | DNAudit | user=null | ip=null | op=WRITE_CHUNK {blockData=conID: 2 locID: 102667711253643855 bcsId: 3683} | ret=SUCCESS |  
2019-08-23 18:29:09,603 | INFO  | DNAudit | user=null | ip=null | op=WRITE_CHUNK {blockData=conID: 2 locID: 102667711253643855 bcsId: 3683} | ret=SUCCESS |  
2019-08-23 18:29:09,603 | INFO  | DNAudit | user=null | ip=null | op=PUT_BLOCK {blockData=[blockId=conID: 2 locID: 102667711253643855 bcsId: 0,size=3145728]} | ret=SUCCESS |  
2019-08-23 18:29:09,603 [grpc-default-executor-5] INFO  client.GrpcClientProtocolClient (GrpcClientProtocolClient.java:onNext(255)) - client-19C32667576E->48affcab-e6e4-4602-963a-f6a50efbd54c: receive RaftClientReply:client-19C32667576E->48affcab-e6e4-4602-963a-f6a50efbd54c@group-50C56EAF5137, cid=2472, SUCCESS, logIndex=3686, commits[48affcab-e6e4-4602-963a-f6a50efbd54c:c3687, 7e391b60-07ae-4d97-a027-4756e468c032:c3685, c5f86d96-67df-4f25-bde3-316f439d30b3:c3685]
2019-08-23 18:29:09,603 [grpc-default-executor-5] INFO  client.GrpcClientProtocolClient (GrpcClientProtocolClient.java:onNext(255)) - client-19C32667576E->48affcab-e6e4-4602-963a-f6a50efbd54c: receive RaftClientReply:client-19C32667576E->48affcab-e6e4-4602-963a-f6a50efbd54c@group-50C56EAF5137, cid=2473, SUCCESS, logIndex=3687, commits[48affcab-e6e4-4602-963a-f6a50efbd54c:c3687, 7e391b60-07ae-4d97-a027-4756e468c032:c3685, c5f86d96-67df-4f25-bde3-316f439d30b3:c3685]
2019-08-23 18:29:09,605 | INFO  | DNAudit | user=null | ip=null | op=WRITE_CHUNK {blockData=conID: 2 locID: 102667711253643855 bcsId: 3683} | ret=SUCCESS |  
2019-08-23 18:29:09,605 | INFO  | DNAudit | user=null | ip=null | op=WRITE_CHUNK {blockData=conID: 2 locID: 102667711253643855 bcsId: 3683} | ret=SUCCESS |  
2019-08-23 18:29:09,608 | INFO  | DNAudit | user=null | ip=null | op=PUT_BLOCK {blockData=[blockId=conID: 2 locID: 102667711253643855 bcsId: 0,size=3145728]} | ret=SUCCESS |  
2019-08-23 18:29:09,608 | INFO  | DNAudit | user=null | ip=null | op=PUT_BLOCK {blockData=[blockId=conID: 2 locID: 102667711253643855 bcsId: 0,size=3145728]} | ret=SUCCESS |  
2019-08-23 18:29:09,608 | INFO  | DNAudit | user=null | ip=null | op=WRITE_CHUNK {blockData=conID: 2 locID: 102667711253643855 bcsId: 3687} | ret=SUCCESS |  
2019-08-23 18:29:09,610 | INFO  | DNAudit | user=null | ip=null | op=WRITE_CHUNK {blockData=conID: 2 locID: 102667711253643855 bcsId: 3687} | ret=SUCCESS |  
2019-08-23 18:29:09,611 | INFO  | DNAudit | user=null | ip=null | op=WRITE_CHUNK {blockData=conID: 2 locID: 102667711253643855 bcsId: 3687} | ret=SUCCESS |  
2019-08-23 18:29:09,611 | INFO  | DNAudit | user=null | ip=null | op=WRITE_CHUNK {blockData=conID: 2 locID: 102667711253643855 bcsId: 3687} | ret=SUCCESS |  
2019-08-23 18:29:09,612 | INFO  | DNAudit | user=null | ip=null | op=PUT_BLOCK {blockData=[blockId=conID: 2 locID: 102667711253643855 bcsId: 0,size=4194304]} | ret=SUCCESS |  
2019-08-23 18:29:09,612 [grpc-default-executor-5] INFO  client.GrpcClientProtocolClient (GrpcClientProtocolClient.java:onNext(255)) - client-19C32667576E->48affcab-e6e4-4602-963a-f6a50efbd54c: receive RaftClientReply:client-19C32667576E->48affcab-e6e4-4602-963a-f6a50efbd54c@group-50C56EAF5137, cid=2474, SUCCESS, logIndex=3690, commits[48affcab-e6e4-4602-963a-f6a50efbd54c:c3691, 7e391b60-07ae-4d97-a027-4756e468c032:c3688, c5f86d96-67df-4f25-bde3-316f439d30b3:c3687]
2019-08-23 18:29:09,612 [grpc-default-executor-5] INFO  client.GrpcClientProtocolClient (GrpcClientProtocolClient.java:onNext(255)) - client-19C32667576E->48affcab-e6e4-4602-963a-f6a50efbd54c: receive RaftClientReply:client-19C32667576E->48affcab-e6e4-4602-963a-f6a50efbd54c@group-50C56EAF5137, cid=2475, SUCCESS, logIndex=3691, commits[48affcab-e6e4-4602-963a-f6a50efbd54c:c3691, 7e391b60-07ae-4d97-a027-4756e468c032:c3688, c5f86d96-67df-4f25-bde3-316f439d30b3:c3688]
2019-08-23 18:29:09,613 | INFO  | DNAudit | user=null | ip=null | op=WRITE_CHUNK {blockData=conID: 2 locID: 102667711253643855 bcsId: 3687} | ret=SUCCESS |  
2019-08-23 18:29:09,613 | INFO  | DNAudit | user=null | ip=null | op=WRITE_CHUNK {blockData=conID: 2 locID: 102667711253643855 bcsId: 3687} | ret=SUCCESS |  
2019-08-23 18:29:09,613 | INFO  | DNAudit | user=null | ip=null | op=PUT_BLOCK {blockData=[blockId=conID: 2 locID: 102667711253643855 bcsId: 0,size=4194304]} | ret=SUCCESS |  
2019-08-23 18:29:09,614 | INFO  | DNAudit | user=null | ip=null | op=PUT_BLOCK {blockData=[blockId=conID: 2 locID: 102667711253643855 bcsId: 0,size=4194304]} | ret=SUCCESS |  
2019-08-23 18:29:09,614 [grpc-default-executor-5] INFO  client.GrpcClientProtocolClient (GrpcClientProtocolClient.java:onNext(255)) - client-19C32667576E->48affcab-e6e4-4602-963a-f6a50efbd54c: receive RaftClientReply:client-19C32667576E->48affcab-e6e4-4602-963a-f6a50efbd54c@group-50C56EAF5137, cid=2476, SUCCESS, logIndex=0, commits[48affcab-e6e4-4602-963a-f6a50efbd54c:c3692, 7e391b60-07ae-4d97-a027-4756e468c032:c3691, c5f86d96-67df-4f25-bde3-316f439d30b3:c3691]
2019-08-23 18:29:09,619 | INFO  | SCMAudit | user=jenkins1000 | ip=192.168.34.23 | op=ALLOCATE_BLOCK {owner=1ceb8b80-28f1-43fd-86c3-175afc07b8d1, size=4194304, type=RATIS, factor=THREE} | ret=SUCCESS |  
2019-08-23 18:29:09,623 | INFO  | OMAudit | user=jenkins1000 | ip=127.0.0.1 | op=ALLOCATE_BLOCK {volume=vol-0-45438, bucket=bucket-0-23891, key=key-0-22455, dataSize=0, replicationType=null, replicationFactor=null, keyLocationInfo=null, clientID=102667710122492306} | ret=SUCCESS |  
2019-08-23 18:29:09,628 | INFO  | DNAudit | user=null | ip=null | op=WRITE_CHUNK {blockData=conID: 3 locID: 102667711258231376 bcsId: 0} | ret=SUCCESS |  
2019-08-23 18:29:09,631 | INFO  | DNAudit | user=null | ip=null | op=WRITE_CHUNK {blockData=conID: 3 locID: 102667711258231376 bcsId: 0} | ret=SUCCESS |  
2019-08-23 18:29:09,631 | INFO  | DNAudit | user=null | ip=null | op=WRITE_CHUNK {blockData=conID: 3 locID: 102667711258231376 bcsId: 0} | ret=SUCCESS |  
2019-08-23 18:29:09,631 | INFO  | DNAudit | user=null | ip=null | op=WRITE_CHUNK {blockData=conID: 3 locID: 102667711258231376 bcsId: 0} | ret=SUCCESS |  
2019-08-23 18:29:09,632 | INFO  | DNAudit | user=null | ip=null | op=WRITE_CHUNK {blockData=conID: 3 locID: 102667711258231376 bcsId: 0} | ret=SUCCESS |  
2019-08-23 18:29:09,632 | INFO  | DNAudit | user=null | ip=null | op=WRITE_CHUNK {blockData=conID: 3 locID: 102667711258231376 bcsId: 0} | ret=SUCCESS |  
2019-08-23 18:29:09,640 | INFO  | DNAudit | user=null | ip=null | op=WRITE_CHUNK {blockData=conID: 3 locID: 102667711258231376 bcsId: 0} | ret=SUCCESS |  
2019-08-23 18:29:09,640 | INFO  | DNAudit | user=null | ip=null | op=PUT_BLOCK {blockData=[blockId=conID: 3 locID: 102667711258231376 bcsId: 0,size=1048576]} | ret=SUCCESS |  
2019-08-23 18:29:09,640 [grpc-default-executor-5] INFO  client.GrpcClientProtocolClient (GrpcClientProtocolClient.java:onNext(255)) - client-19C32667576E->48affcab-e6e4-4602-963a-f6a50efbd54c: receive RaftClientReply:client-19C32667576E->48affcab-e6e4-4602-963a-f6a50efbd54c@group-50C56EAF5137, cid=2477, SUCCESS, logIndex=3694, commits[48affcab-e6e4-4602-963a-f6a50efbd54c:c3697, 7e391b60-07ae-4d97-a027-4756e468c032:c3693, c5f86d96-67df-4f25-bde3-316f439d30b3:c3693]
2019-08-23 18:29:09,640 | INFO  | DNAudit | user=null | ip=null | op=WRITE_CHUNK {blockData=conID: 3 locID: 102667711258231376 bcsId: 0} | ret=SUCCESS |  
2019-08-23 18:29:09,641 | INFO  | DNAudit | user=null | ip=null | op=PUT_BLOCK {blockData=[blockId=conID: 3 locID: 102667711258231376 bcsId: 0,size=2097152]} | ret=SUCCESS |  
2019-08-23 18:29:09,641 [grpc-default-executor-5] INFO  client.GrpcClientProtocolClient (GrpcClientProtocolClient.java:onNext(255)) - client-19C32667576E->48affcab-e6e4-4602-963a-f6a50efbd54c: receive RaftClientReply:client-19C32667576E->48affcab-e6e4-4602-963a-f6a50efbd54c@group-50C56EAF5137, cid=2478, SUCCESS, logIndex=3695, commits[48affcab-e6e4-4602-963a-f6a50efbd54c:c3697, 7e391b60-07ae-4d97-a027-4756e468c032:c3693, c5f86d96-67df-4f25-bde3-316f439d30b3:c3693]
2019-08-23 18:29:09,641 [grpc-default-executor-5] INFO  client.GrpcClientProtocolClient (GrpcClientProtocolClient.java:onNext(255)) - client-19C32667576E->48affcab-e6e4-4602-963a-f6a50efbd54c: receive RaftClientReply:client-19C32667576E->48affcab-e6e4-4602-963a-f6a50efbd54c@group-50C56EAF5137, cid=2479, SUCCESS, logIndex=3696, commits[48affcab-e6e4-4602-963a-f6a50efbd54c:c3697, 7e391b60-07ae-4d97-a027-4756e468c032:c3693, c5f86d96-67df-4f25-bde3-316f439d30b3:c3693]
2019-08-23 18:29:09,641 [grpc-default-executor-5] INFO  client.GrpcClientProtocolClient (GrpcClientProtocolClient.java:onNext(255)) - client-19C32667576E->48affcab-e6e4-4602-963a-f6a50efbd54c: receive RaftClientReply:client-19C32667576E->48affcab-e6e4-4602-963a-f6a50efbd54c@group-50C56EAF5137, cid=2480, SUCCESS, logIndex=3697, commits[48affcab-e6e4-4602-963a-f6a50efbd54c:c3697, 7e391b60-07ae-4d97-a027-4756e468c032:c3693, c5f86d96-67df-4f25-bde3-316f439d30b3:c3693]
2019-08-23 18:29:09,642 | INFO  | DNAudit | user=null | ip=null | op=WRITE_CHUNK {blockData=conID: 3 locID: 102667711258231376 bcsId: 0} | ret=SUCCESS |  
2019-08-23 18:29:09,642 | INFO  | DNAudit | user=null | ip=null | op=PUT_BLOCK {blockData=[blockId=conID: 3 locID: 102667711258231376 bcsId: 0,size=1048576]} | ret=SUCCESS |  
2019-08-23 18:29:09,643 | INFO  | DNAudit | user=null | ip=null | op=WRITE_CHUNK {blockData=conID: 3 locID: 102667711258231376 bcsId: 0} | ret=SUCCESS |  
2019-08-23 18:29:09,644 | INFO  | DNAudit | user=null | ip=null | op=WRITE_CHUNK {blockData=conID: 3 locID: 102667711258231376 bcsId: 0} | ret=SUCCESS |  
2019-08-23 18:29:09,644 | INFO  | DNAudit | user=null | ip=null | op=PUT_BLOCK {blockData=[blockId=conID: 3 locID: 102667711258231376 bcsId: 0,size=1048576]} | ret=SUCCESS |  
2019-08-23 18:29:09,644 | INFO  | DNAudit | user=null | ip=null | op=WRITE_CHUNK {blockData=conID: 3 locID: 102667711258231376 bcsId: 0} | ret=SUCCESS |  
2019-08-23 18:29:09,644 [grpc-default-executor-5] INFO  client.GrpcClientProtocolClient (GrpcClientProtocolClient.java:onNext(255)) - client-19C32667576E->48affcab-e6e4-4602-963a-f6a50efbd54c: receive RaftClientReply:client-19C32667576E->48affcab-e6e4-4602-963a-f6a50efbd54c@group-50C56EAF5137, cid=2481, SUCCESS, logIndex=0, commits[48affcab-e6e4-4602-963a-f6a50efbd54c:c3698, 7e391b60-07ae-4d97-a027-4756e468c032:c3696, c5f86d96-67df-4f25-bde3-316f439d30b3:c3696]
2019-08-23 18:29:09,645 | INFO  | DNAudit | user=null | ip=null | op=PUT_BLOCK {blockData=[blockId=conID: 3 locID: 102667711258231376 bcsId: 0,size=2097152]} | ret=SUCCESS |  
2019-08-23 18:29:09,645 | INFO  | DNAudit | user=null | ip=null | op=PUT_BLOCK {blockData=[blockId=conID: 3 locID: 102667711258231376 bcsId: 0,size=2097152]} | ret=SUCCESS |  
2019-08-23 18:29:09,649 | INFO  | DNAudit | user=null | ip=null | op=WRITE_CHUNK {blockData=conID: 3 locID: 102667711258231376 bcsId: 3697} | ret=SUCCESS |  
2019-08-23 18:29:09,652 | INFO  | DNAudit | user=null | ip=null | op=WRITE_CHUNK {blockData=conID: 3 locID: 102667711258231376 bcsId: 3697} | ret=SUCCESS |  
2019-08-23 18:29:09,652 | INFO  | DNAudit | user=null | ip=null | op=WRITE_CHUNK {blockData=conID: 3 locID: 102667711258231376 bcsId: 3697} | ret=SUCCESS |  
 0.00% |█                                                                                                    |  0/1 Time: 0:00:172019-08-23 18:29:09,668 | INFO  | SCMAudit | user=jenkins1000 | ip=192.168.34.23 | op=SEND_HEARTBEAT {datanodeUUID=c83cddd0-22b5-491d-bff0-a36373498de2, command=[]} | ret=SUCCESS |  
2019-08-23 18:29:09,668 | INFO  | DNAudit | user=null | ip=null | op=WRITE_CHUNK {blockData=conID: 3 locID: 102667711258231376 bcsId: 3697} | ret=SUCCESS |  
2019-08-23 18:29:09,668 | INFO  | DNAudit | user=null | ip=null | op=PUT_BLOCK {blockData=[blockId=conID: 3 locID: 102667711258231376 bcsId: 0,size=3145728]} | ret=SUCCESS |  
2019-08-23 18:29:09,668 [grpc-default-executor-5] INFO  client.GrpcClientProtocolClient (GrpcClientProtocolClient.java:onNext(255)) - client-19C32667576E->48affcab-e6e4-4602-963a-f6a50efbd54c: receive RaftClientReply:client-19C32667576E->48affcab-e6e4-4602-963a-f6a50efbd54c@group-50C56EAF5137, cid=2482, SUCCESS, logIndex=3701, commits[48affcab-e6e4-4602-963a-f6a50efbd54c:c3702, 7e391b60-07ae-4d97-a027-4756e468c032:c3700, c5f86d96-67df-4f25-bde3-316f439d30b3:c3700]
2019-08-23 18:29:09,668 [grpc-default-executor-5] INFO  client.GrpcClientProtocolClient (GrpcClientProtocolClient.java:onNext(255)) - client-19C32667576E->48affcab-e6e4-4602-963a-f6a50efbd54c: receive RaftClientReply:client-19C32667576E->48affcab-e6e4-4602-963a-f6a50efbd54c@group-50C56EAF5137, cid=2483, SUCCESS, logIndex=3702, commits[48affcab-e6e4-4602-963a-f6a50efbd54c:c3702, 7e391b60-07ae-4d97-a027-4756e468c032:c3700, c5f86d96-67df-4f25-bde3-316f439d30b3:c3700]
2019-08-23 18:29:09,674 | INFO  | DNAudit | user=null | ip=null | op=WRITE_CHUNK {blockData=conID: 3 locID: 102667711258231376 bcsId: 3702} | ret=SUCCESS |  
2019-08-23 18:29:09,676 | INFO  | DNAudit | user=null | ip=null | op=WRITE_CHUNK {blockData=conID: 3 locID: 102667711258231376 bcsId: 3702} | ret=SUCCESS |  
2019-08-23 18:29:09,676 | INFO  | DNAudit | user=null | ip=null | op=WRITE_CHUNK {blockData=conID: 3 locID: 102667711258231376 bcsId: 3702} | ret=SUCCESS |  
2019-08-23 18:29:09,679 | INFO  | DNAudit | user=null | ip=null | op=WRITE_CHUNK {blockData=conID: 3 locID: 102667711258231376 bcsId: 3697} | ret=SUCCESS |  
2019-08-23 18:29:09,679 | INFO  | DNAudit | user=null | ip=null | op=WRITE_CHUNK {blockData=conID: 3 locID: 102667711258231376 bcsId: 3697} | ret=SUCCESS |  
2019-08-23 18:29:09,680 | INFO  | DNAudit | user=null | ip=null | op=PUT_BLOCK {blockData=[blockId=conID: 3 locID: 102667711258231376 bcsId: 0,size=3145728]} | ret=SUCCESS |  
2019-08-23 18:29:09,680 | INFO  | DNAudit | user=null | ip=null | op=PUT_BLOCK {blockData=[blockId=conID: 3 locID: 102667711258231376 bcsId: 0,size=3145728]} | ret=SUCCESS |  
2019-08-23 18:29:09,682 | INFO  | DNAudit | user=null | ip=null | op=WRITE_CHUNK {blockData=conID: 3 locID: 102667711258231376 bcsId: 3702} | ret=SUCCESS |  
2019-08-23 18:29:09,682 | INFO  | DNAudit | user=null | ip=null | op=PUT_BLOCK {blockData=[blockId=conID: 3 locID: 102667711258231376 bcsId: 0,size=4194304]} | ret=SUCCESS |  
2019-08-23 18:29:09,683 [grpc-default-executor-5] INFO  client.GrpcClientProtocolClient (GrpcClientProtocolClient.java:onNext(255)) - client-19C32667576E->48affcab-e6e4-4602-963a-f6a50efbd54c: receive RaftClientReply:client-19C32667576E->48affcab-e6e4-4602-963a-f6a50efbd54c@group-50C56EAF5137, cid=2484, SUCCESS, logIndex=3705, commits[48affcab-e6e4-4602-963a-f6a50efbd54c:c3706, 7e391b60-07ae-4d97-a027-4756e468c032:c3702, c5f86d96-67df-4f25-bde3-316f439d30b3:c3702]
2019-08-23 18:29:09,683 [grpc-default-executor-5] INFO  client.GrpcClientProtocolClient (GrpcClientProtocolClient.java:onNext(255)) - client-19C32667576E->48affcab-e6e4-4602-963a-f6a50efbd54c: receive RaftClientReply:client-19C32667576E->48affcab-e6e4-4602-963a-f6a50efbd54c@group-50C56EAF5137, cid=2485, SUCCESS, logIndex=3706, commits[48affcab-e6e4-4602-963a-f6a50efbd54c:c3706, 7e391b60-07ae-4d97-a027-4756e468c032:c3702, c5f86d96-67df-4f25-bde3-316f439d30b3:c3702]
2019-08-23 18:29:09,700 | INFO  | DNAudit | user=null | ip=null | op=WRITE_CHUNK {blockData=conID: 3 locID: 102667711258231376 bcsId: 3702} | ret=SUCCESS |  
2019-08-23 18:29:09,700 | INFO  | DNAudit | user=null | ip=null | op=WRITE_CHUNK {blockData=conID: 3 locID: 102667711258231376 bcsId: 3702} | ret=SUCCESS |  
2019-08-23 18:29:09,703 | INFO  | DNAudit | user=null | ip=null | op=PUT_BLOCK {blockData=[blockId=conID: 3 locID: 102667711258231376 bcsId: 0,size=4194304]} | ret=SUCCESS |  
2019-08-23 18:29:09,703 | INFO  | DNAudit | user=null | ip=null | op=PUT_BLOCK {blockData=[blockId=conID: 3 locID: 102667711258231376 bcsId: 0,size=4194304]} | ret=SUCCESS |  
2019-08-23 18:29:09,704 [grpc-default-executor-5] INFO  client.GrpcClientProtocolClient (GrpcClientProtocolClient.java:onNext(255)) - client-19C32667576E->48affcab-e6e4-4602-963a-f6a50efbd54c: receive RaftClientReply:client-19C32667576E->48affcab-e6e4-4602-963a-f6a50efbd54c@group-50C56EAF5137, cid=2486, SUCCESS, logIndex=0, commits[48affcab-e6e4-4602-963a-f6a50efbd54c:c3708, 7e391b60-07ae-4d97-a027-4756e468c032:c3706, c5f86d96-67df-4f25-bde3-316f439d30b3:c3706]
2019-08-23 18:29:09,708 | INFO  | SCMAudit | user=jenkins1000 | ip=192.168.34.23 | op=ALLOCATE_BLOCK {owner=1ceb8b80-28f1-43fd-86c3-175afc07b8d1, size=4194304, type=RATIS, factor=THREE} | ret=SUCCESS |  
2019-08-23 18:29:09,709 | INFO  | SCMAudit | user=jenkins1000 | ip=192.168.34.23 | op=SEND_HEARTBEAT {datanodeUUID=7e391b60-07ae-4d97-a027-4756e468c032, command=[]} | ret=SUCCESS |  
2019-08-23 18:29:09,709 | INFO  | SCMAudit | user=jenkins1000 | ip=192.168.34.23 | op=SEND_HEARTBEAT {datanodeUUID=58706fd2-d7f7-4771-af80-9e0541495c87, command=[]} | ret=SUCCESS |  
2019-08-23 18:29:09,709 | INFO  | SCMAudit | user=jenkins1000 | ip=192.168.34.23 | op=SEND_HEARTBEAT {datanodeUUID=c5f86d96-67df-4f25-bde3-316f439d30b3, command=[]} | ret=SUCCESS |  
2019-08-23 18:29:09,709 | INFO  | SCMAudit | user=jenkins1000 | ip=192.168.34.23 | op=SEND_HEARTBEAT {datanodeUUID=48affcab-e6e4-4602-963a-f6a50efbd54c, command=[]} | ret=SUCCESS |  
2019-08-23 18:29:09,712 | INFO  | OMAudit | user=jenkins1000 | ip=127.0.0.1 | op=ALLOCATE_BLOCK {volume=vol-0-45438, bucket=bucket-0-23891, key=key-0-22455, dataSize=0, replicationType=null, replicationFactor=null, keyLocationInfo=null, clientID=102667710122492306} | ret=SUCCESS |  
2019-08-23 18:29:09,717 | INFO  | DNAudit | user=null | ip=null | op=WRITE_CHUNK {blockData=conID: 1 locID: 102667711264064081 bcsId: 0} | ret=SUCCESS |  
2019-08-23 18:29:09,719 | INFO  | DNAudit | user=null | ip=null | op=WRITE_CHUNK {blockData=conID: 1 locID: 102667711264064081 bcsId: 0} | ret=SUCCESS |  
2019-08-23 18:29:09,720 | INFO  | DNAudit | user=null | ip=null | op=WRITE_CHUNK {blockData=conID: 1 locID: 102667711264064081 bcsId: 0} | ret=SUCCESS |  
2019-08-23 18:29:09,720 | INFO  | DNAudit | user=null | ip=null | op=WRITE_CHUNK {blockData=conID: 1 locID: 102667711264064081 bcsId: 0} | ret=SUCCESS |  
2019-08-23 18:29:09,721 | INFO  | DNAudit | user=null | ip=null | op=WRITE_CHUNK {blockData=conID: 1 locID: 102667711264064081 bcsId: 0} | ret=SUCCESS |  
2019-08-23 18:29:09,722 | INFO  | DNAudit | user=null | ip=null | op=WRITE_CHUNK {blockData=conID: 1 locID: 102667711264064081 bcsId: 0} | ret=SUCCESS |  
2019-08-23 18:29:09,729 | INFO  | DNAudit | user=null | ip=null | op=WRITE_CHUNK {blockData=conID: 1 locID: 102667711264064081 bcsId: 0} | ret=SUCCESS |  
2019-08-23 18:29:09,730 | INFO  | DNAudit | user=null | ip=null | op=PUT_BLOCK {blockData=[blockId=conID: 1 locID: 102667711264064081 bcsId: 0,size=1048576]} | ret=SUCCESS |  
2019-08-23 18:29:09,730 | INFO  | DNAudit | user=null | ip=null | op=WRITE_CHUNK {blockData=conID: 1 locID: 102667711264064081 bcsId: 0} | ret=SUCCESS |  
2019-08-23 18:29:09,730 [grpc-default-executor-5] INFO  client.GrpcClientProtocolClient (GrpcClientProtocolClient.java:onNext(255)) - client-19C32667576E->48affcab-e6e4-4602-963a-f6a50efbd54c: receive RaftClientReply:client-19C32667576E->48affcab-e6e4-4602-963a-f6a50efbd54c@group-50C56EAF5137, cid=2487, SUCCESS, logIndex=3709, commits[48affcab-e6e4-4602-963a-f6a50efbd54c:c3710, 7e391b60-07ae-4d97-a027-4756e468c032:c3708, c5f86d96-67df-4f25-bde3-316f439d30b3:c3708]
2019-08-23 18:29:09,730 | INFO  | DNAudit | user=null | ip=null | op=PUT_BLOCK {blockData=[blockId=conID: 1 locID: 102667711264064081 bcsId: 0,size=2097152]} | ret=SUCCESS |  
2019-08-23 18:29:09,730 [grpc-default-executor-5] INFO  client.GrpcClientProtocolClient (GrpcClientProtocolClient.java:onNext(255)) - client-19C32667576E->48affcab-e6e4-4602-963a-f6a50efbd54c: receive RaftClientReply:client-19C32667576E->48affcab-e6e4-4602-963a-f6a50efbd54c@group-50C56EAF5137, cid=2488, SUCCESS, logIndex=3710, commits[48affcab-e6e4-4602-963a-f6a50efbd54c:c3712, 7e391b60-07ae-4d97-a027-4756e468c032:c3708, c5f86d96-67df-4f25-bde3-316f439d30b3:c3708]
2019-08-23 18:29:09,731 | INFO  | DNAudit | user=null | ip=null | op=WRITE_CHUNK {blockData=conID: 1 locID: 102667711264064081 bcsId: 0} | ret=SUCCESS |  
2019-08-23 18:29:09,731 [grpc-default-executor-5] INFO  client.GrpcClientProtocolClient (GrpcClientProtocolClient.java:onNext(255)) - client-19C32667576E->48affcab-e6e4-4602-963a-f6a50efbd54c: receive RaftClientReply:client-19C32667576E->48affcab-e6e4-4602-963a-f6a50efbd54c@group-50C56EAF5137, cid=2489, SUCCESS, logIndex=3711, commits[48affcab-e6e4-4602-963a-f6a50efbd54c:c3712, 7e391b60-07ae-4d97-a027-4756e468c032:c3708, c5f86d96-67df-4f25-bde3-316f439d30b3:c3708]
2019-08-23 18:29:09,731 | INFO  | DNAudit | user=null | ip=null | op=WRITE_CHUNK {blockData=conID: 1 locID: 102667711264064081 bcsId: 0} | ret=SUCCESS |  
2019-08-23 18:29:09,731 | INFO  | DNAudit | user=null | ip=null | op=PUT_BLOCK {blockData=[blockId=conID: 1 locID: 102667711264064081 bcsId: 0,size=1048576]} | ret=SUCCESS |  
2019-08-23 18:29:09,731 | INFO  | DNAudit | user=null | ip=null | op=PUT_BLOCK {blockData=[blockId=conID: 1 locID: 102667711264064081 bcsId: 0,size=1048576]} | ret=SUCCESS |  
2019-08-23 18:29:09,731 [grpc-default-executor-5] INFO  client.GrpcClientProtocolClient (GrpcClientProtocolClient.java:onNext(255)) - client-19C32667576E->48affcab-e6e4-4602-963a-f6a50efbd54c: receive RaftClientReply:client-19C32667576E->48affcab-e6e4-4602-963a-f6a50efbd54c@group-50C56EAF5137, cid=2490, SUCCESS, logIndex=3712, commits[48affcab-e6e4-4602-963a-f6a50efbd54c:c3712, 7e391b60-07ae-4d97-a027-4756e468c032:c3708, c5f86d96-67df-4f25-bde3-316f439d30b3:c3708]
2019-08-23 18:29:09,732 [grpc-default-executor-5] INFO  client.GrpcClientProtocolClient (GrpcClientProtocolClient.java:onNext(255)) - client-19C32667576E->48affcab-e6e4-4602-963a-f6a50efbd54c: receive RaftClientReply:client-19C32667576E->48affcab-e6e4-4602-963a-f6a50efbd54c@group-50C56EAF5137, cid=2491, SUCCESS, logIndex=0, commits[48affcab-e6e4-4602-963a-f6a50efbd54c:c3714, 7e391b60-07ae-4d97-a027-4756e468c032:c3710, c5f86d96-67df-4f25-bde3-316f439d30b3:c3710]
2019-08-23 18:29:09,733 | INFO  | DNAudit | user=null | ip=null | op=WRITE_CHUNK {blockData=conID: 1 locID: 102667711264064081 bcsId: 0} | ret=SUCCESS |  
2019-08-23 18:29:09,733 | INFO  | DNAudit | user=null | ip=null | op=PUT_BLOCK {blockData=[blockId=conID: 1 locID: 102667711264064081 bcsId: 0,size=2097152]} | ret=SUCCESS |  
2019-08-23 18:29:09,734 | INFO  | DNAudit | user=null | ip=null | op=WRITE_CHUNK {blockData=conID: 1 locID: 102667711264064081 bcsId: 0} | ret=SUCCESS |  
2019-08-23 18:29:09,734 | INFO  | DNAudit | user=null | ip=null | op=PUT_BLOCK {blockData=[blockId=conID: 1 locID: 102667711264064081 bcsId: 0,size=2097152]} | ret=SUCCESS |  
2019-08-23 18:29:09,737 | INFO  | DNAudit | user=null | ip=null | op=WRITE_CHUNK {blockData=conID: 1 locID: 102667711264064081 bcsId: 3712} | ret=SUCCESS |  
2019-08-23 18:29:09,739 | INFO  | DNAudit | user=null | ip=null | op=WRITE_CHUNK {blockData=conID: 1 locID: 102667711264064081 bcsId: 3712} | ret=SUCCESS |  
2019-08-23 18:29:09,739 | INFO  | DNAudit | user=null | ip=null | op=WRITE_CHUNK {blockData=conID: 1 locID: 102667711264064081 bcsId: 3712} | ret=SUCCESS |  
2019-08-23 18:29:09,871 | INFO  | DNAudit | user=null | ip=null | op=WRITE_CHUNK {blockData=conID: 1 locID: 102667711264064081 bcsId: 3712} | ret=SUCCESS |  
2019-08-23 18:29:09,871 | INFO  | DNAudit | user=null | ip=null | op=PUT_BLOCK {blockData=[blockId=conID: 1 locID: 102667711264064081 bcsId: 0,size=3145728]} | ret=SUCCESS |  
2019-08-23 18:29:09,871 [grpc-default-executor-0] INFO  client.GrpcClientProtocolClient (GrpcClientProtocolClient.java:onNext(255)) - client-19C32667576E->48affcab-e6e4-4602-963a-f6a50efbd54c: receive RaftClientReply:client-19C32667576E->48affcab-e6e4-4602-963a-f6a50efbd54c@group-50C56EAF5137, cid=2492, SUCCESS, logIndex=3717, commits[48affcab-e6e4-4602-963a-f6a50efbd54c:c3718, 7e391b60-07ae-4d97-a027-4756e468c032:c3716, c5f86d96-67df-4f25-bde3-316f439d30b3:c3716]
2019-08-23 18:29:09,872 [grpc-default-executor-0] INFO  client.GrpcClientProtocolClient (GrpcClientProtocolClient.java:onNext(255)) - client-19C32667576E->48affcab-e6e4-4602-963a-f6a50efbd54c: receive RaftClientReply:client-19C32667576E->48affcab-e6e4-4602-963a-f6a50efbd54c@group-50C56EAF5137, cid=2493, SUCCESS, logIndex=3718, commits[48affcab-e6e4-4602-963a-f6a50efbd54c:c3718, 7e391b60-07ae-4d97-a027-4756e468c032:c3716, c5f86d96-67df-4f25-bde3-316f439d30b3:c3716]
2019-08-23 18:29:09,880 | INFO  | DNAudit | user=null | ip=null | op=WRITE_CHUNK {blockData=conID: 1 locID: 102667711264064081 bcsId: 3718} | ret=SUCCESS |  
2019-08-23 18:29:09,883 | INFO  | DNAudit | user=null | ip=null | op=WRITE_CHUNK {blockData=conID: 1 locID: 102667711264064081 bcsId: 3712} | ret=SUCCESS |  
2019-08-23 18:29:09,883 | INFO  | DNAudit | user=null | ip=null | op=WRITE_CHUNK {blockData=conID: 1 locID: 102667711264064081 bcsId: 3712} | ret=SUCCESS |  
2019-08-23 18:29:09,883 | INFO  | DNAudit | user=null | ip=null | op=PUT_BLOCK {blockData=[blockId=conID: 1 locID: 102667711264064081 bcsId: 0,size=3145728]} | ret=SUCCESS |  
2019-08-23 18:29:09,883 | INFO  | DNAudit | user=null | ip=null | op=WRITE_CHUNK {blockData=conID: 1 locID: 102667711264064081 bcsId: 3718} | ret=SUCCESS |  
2019-08-23 18:29:09,883 | INFO  | DNAudit | user=null | ip=null | op=PUT_BLOCK {blockData=[blockId=conID: 1 locID: 102667711264064081 bcsId: 0,size=3145728]} | ret=SUCCESS |  
2019-08-23 18:29:09,884 | INFO  | DNAudit | user=null | ip=null | op=WRITE_CHUNK {blockData=conID: 1 locID: 102667711264064081 bcsId: 3718} | ret=SUCCESS |  
2019-08-23 18:29:09,896 | INFO  | DNAudit | user=null | ip=null | op=WRITE_CHUNK {blockData=conID: 1 locID: 102667711264064081 bcsId: 3718} | ret=SUCCESS |  
2019-08-23 18:29:09,896 | INFO  | DNAudit | user=null | ip=null | op=PUT_BLOCK {blockData=[blockId=conID: 1 locID: 102667711264064081 bcsId: 0,size=4194304]} | ret=SUCCESS |  
2019-08-23 18:29:09,897 [grpc-default-executor-3] INFO  client.GrpcClientProtocolClient (GrpcClientProtocolClient.java:onNext(255)) - client-19C32667576E->48affcab-e6e4-4602-963a-f6a50efbd54c: receive RaftClientReply:client-19C32667576E->48affcab-e6e4-4602-963a-f6a50efbd54c@group-50C56EAF5137, cid=2494, SUCCESS, logIndex=3721, commits[48affcab-e6e4-4602-963a-f6a50efbd54c:c3722, 7e391b60-07ae-4d97-a027-4756e468c032:c3718, c5f86d96-67df-4f25-bde3-316f439d30b3:c3718]
2019-08-23 18:29:09,897 [grpc-default-executor-3] INFO  client.GrpcClientProtocolClient (GrpcClientProtocolClient.java:onNext(255)) - client-19C32667576E->48affcab-e6e4-4602-963a-f6a50efbd54c: receive RaftClientReply:client-19C32667576E->48affcab-e6e4-4602-963a-f6a50efbd54c@group-50C56EAF5137, cid=2495, SUCCESS, logIndex=3722, commits[48affcab-e6e4-4602-963a-f6a50efbd54c:c3722, 7e391b60-07ae-4d97-a027-4756e468c032:c3718, c5f86d96-67df-4f25-bde3-316f439d30b3:c3718]
2019-08-23 18:29:09,897 | INFO  | DNAudit | user=null | ip=null | op=WRITE_CHUNK {blockData=conID: 1 locID: 102667711264064081 bcsId: 3718} | ret=SUCCESS |  
2019-08-23 18:29:09,900 | INFO  | DNAudit | user=null | ip=null | op=WRITE_CHUNK {blockData=conID: 1 locID: 102667711264064081 bcsId: 3718} | ret=SUCCESS |  
2019-08-23 18:29:09,911 | INFO  | DNAudit | user=null | ip=null | op=PUT_BLOCK {blockData=[blockId=conID: 1 locID: 102667711264064081 bcsId: 0,size=4194304]} | ret=SUCCESS |  
2019-08-23 18:29:09,911 | INFO  | DNAudit | user=null | ip=null | op=PUT_BLOCK {blockData=[blockId=conID: 1 locID: 102667711264064081 bcsId: 0,size=4194304]} | ret=SUCCESS |  
2019-08-23 18:29:09,912 [grpc-default-executor-3] INFO  client.GrpcClientProtocolClient (GrpcClientProtocolClient.java:onNext(255)) - client-19C32667576E->48affcab-e6e4-4602-963a-f6a50efbd54c: receive RaftClientReply:client-19C32667576E->48affcab-e6e4-4602-963a-f6a50efbd54c@group-50C56EAF5137, cid=2496, SUCCESS, logIndex=0, commits[48affcab-e6e4-4602-963a-f6a50efbd54c:c3724, 7e391b60-07ae-4d97-a027-4756e468c032:c3722, c5f86d96-67df-4f25-bde3-316f439d30b3:c3722]
2019-08-23 18:29:09,916 | INFO  | SCMAudit | user=jenkins1000 | ip=192.168.34.23 | op=ALLOCATE_BLOCK {owner=1ceb8b80-28f1-43fd-86c3-175afc07b8d1, size=4194304, type=RATIS, factor=THREE} | ret=SUCCESS |  
2019-08-23 18:29:09,918 | INFO  | OMAudit | user=jenkins1000 | ip=127.0.0.1 | op=ALLOCATE_BLOCK {volume=vol-0-45438, bucket=bucket-0-23891, key=key-0-22455, dataSize=0, replicationType=null, replicationFactor=null, keyLocationInfo=null, clientID=102667710122492306} | ret=SUCCESS |  
2019-08-23 18:29:09,925 | INFO  | DNAudit | user=null | ip=null | op=WRITE_CHUNK {blockData=conID: 2 locID: 102667711277630034 bcsId: 0} | ret=SUCCESS |  
2019-08-23 18:29:09,928 | INFO  | DNAudit | user=null | ip=null | op=WRITE_CHUNK {blockData=conID: 2 locID: 102667711277630034 bcsId: 0} | ret=SUCCESS |  
2019-08-23 18:29:09,928 | INFO  | DNAudit | user=null | ip=null | op=WRITE_CHUNK {blockData=conID: 2 locID: 102667711277630034 bcsId: 0} | ret=SUCCESS |  
2019-08-23 18:29:09,929 | INFO  | DNAudit | user=null | ip=null | op=WRITE_CHUNK {blockData=conID: 2 locID: 102667711277630034 bcsId: 0} | ret=SUCCESS |  
2019-08-23 18:29:09,931 | INFO  | DNAudit | user=null | ip=null | op=WRITE_CHUNK {blockData=conID: 2 locID: 102667711277630034 bcsId: 0} | ret=SUCCESS |  
2019-08-23 18:29:09,931 | INFO  | DNAudit | user=null | ip=null | op=WRITE_CHUNK {blockData=conID: 2 locID: 102667711277630034 bcsId: 0} | ret=SUCCESS |  
2019-08-23 18:29:09,945 | INFO  | DNAudit | user=null | ip=null | op=WRITE_CHUNK {blockData=conID: 2 locID: 102667711277630034 bcsId: 0} | ret=SUCCESS |  
2019-08-23 18:29:09,946 | INFO  | DNAudit | user=null | ip=null | op=PUT_BLOCK {blockData=[blockId=conID: 2 locID: 102667711277630034 bcsId: 0,size=1048576]} | ret=SUCCESS |  
2019-08-23 18:29:09,946 [grpc-default-executor-3] INFO  client.GrpcClientProtocolClient (GrpcClientProtocolClient.java:onNext(255)) - client-19C32667576E->48affcab-e6e4-4602-963a-f6a50efbd54c: receive RaftClientReply:client-19C32667576E->48affcab-e6e4-4602-963a-f6a50efbd54c@group-50C56EAF5137, cid=2497, SUCCESS, logIndex=3725, commits[48affcab-e6e4-4602-963a-f6a50efbd54c:c3726, 7e391b60-07ae-4d97-a027-4756e468c032:c3724, c5f86d96-67df-4f25-bde3-316f439d30b3:c3724]
2019-08-23 18:29:09,946 | INFO  | DNAudit | user=null | ip=null | op=WRITE_CHUNK {blockData=conID: 2 locID: 102667711277630034 bcsId: 0} | ret=SUCCESS |  
2019-08-23 18:29:09,946 [grpc-default-executor-3] INFO  client.GrpcClientProtocolClient (GrpcClientProtocolClient.java:onNext(255)) - client-19C32667576E->48affcab-e6e4-4602-963a-f6a50efbd54c: receive RaftClientReply:client-19C32667576E->48affcab-e6e4-4602-963a-f6a50efbd54c@group-50C56EAF5137, cid=2498, SUCCESS, logIndex=3726, commits[48affcab-e6e4-4602-963a-f6a50efbd54c:c3728, 7e391b60-07ae-4d97-a027-4756e468c032:c3724, c5f86d96-67df-4f25-bde3-316f439d30b3:c3724]
2019-08-23 18:29:09,947 | INFO  | DNAudit | user=null | ip=null | op=PUT_BLOCK {blockData=[blockId=conID: 2 locID: 102667711277630034 bcsId: 0,size=2097152]} | ret=SUCCESS |  
2019-08-23 18:29:09,947 [grpc-default-executor-3] INFO  client.GrpcClientProtocolClient (GrpcClientProtocolClient.java:onNext(255)) - client-19C32667576E->48affcab-e6e4-4602-963a-f6a50efbd54c: receive RaftClientReply:client-19C32667576E->48affcab-e6e4-4602-963a-f6a50efbd54c@group-50C56EAF5137, cid=2499, SUCCESS, logIndex=3727, commits[48affcab-e6e4-4602-963a-f6a50efbd54c:c3728, 7e391b60-07ae-4d97-a027-4756e468c032:c3724, c5f86d96-67df-4f25-bde3-316f439d30b3:c3724]
2019-08-23 18:29:09,947 [grpc-default-executor-3] INFO  client.GrpcClientProtocolClient (GrpcClientProtocolClient.java:onNext(255)) - client-19C32667576E->48affcab-e6e4-4602-963a-f6a50efbd54c: receive RaftClientReply:client-19C32667576E->48affcab-e6e4-4602-963a-f6a50efbd54c@group-50C56EAF5137, cid=2500, SUCCESS, logIndex=3728, commits[48affcab-e6e4-4602-963a-f6a50efbd54c:c3728, 7e391b60-07ae-4d97-a027-4756e468c032:c3724, c5f86d96-67df-4f25-bde3-316f439d30b3:c3724]
2019-08-23 18:29:09,949 | INFO  | DNAudit | user=null | ip=null | op=WRITE_CHUNK {blockData=conID: 2 locID: 102667711277630034 bcsId: 0} | ret=SUCCESS |  
2019-08-23 18:29:09,949 | INFO  | DNAudit | user=null | ip=null | op=PUT_BLOCK {blockData=[blockId=conID: 2 locID: 102667711277630034 bcsId: 0,size=1048576]} | ret=SUCCESS |  
2019-08-23 18:29:09,959 | INFO  | DNAudit | user=null | ip=null | op=WRITE_CHUNK {blockData=conID: 2 locID: 102667711277630034 bcsId: 0} | ret=SUCCESS |  
2019-08-23 18:29:09,960 | INFO  | DNAudit | user=null | ip=null | op=PUT_BLOCK {blockData=[blockId=conID: 2 locID: 102667711277630034 bcsId: 0,size=1048576]} | ret=SUCCESS |  
2019-08-23 18:29:09,960 | INFO  | DNAudit | user=null | ip=null | op=WRITE_CHUNK {blockData=conID: 2 locID: 102667711277630034 bcsId: 0} | ret=SUCCESS |  
2019-08-23 18:29:09,960 | INFO  | DNAudit | user=null | ip=null | op=WRITE_CHUNK {blockData=conID: 2 locID: 102667711277630034 bcsId: 0} | ret=SUCCESS |  
2019-08-23 18:29:09,960 | INFO  | DNAudit | user=null | ip=null | op=PUT_BLOCK {blockData=[blockId=conID: 2 locID: 102667711277630034 bcsId: 0,size=2097152]} | ret=SUCCESS |  
2019-08-23 18:29:09,960 | INFO  | DNAudit | user=null | ip=null | op=PUT_BLOCK {blockData=[blockId=conID: 2 locID: 102667711277630034 bcsId: 0,size=2097152]} | ret=SUCCESS |  
2019-08-23 18:29:09,961 [grpc-default-executor-0] INFO  client.GrpcClientProtocolClient (GrpcClientProtocolClient.java:onNext(255)) - client-19C32667576E->48affcab-e6e4-4602-963a-f6a50efbd54c: receive RaftClientReply:client-19C32667576E->48affcab-e6e4-4602-963a-f6a50efbd54c@group-50C56EAF5137, cid=2501, SUCCESS, logIndex=0, commits[48affcab-e6e4-4602-963a-f6a50efbd54c:c3730, 7e391b60-07ae-4d97-a027-4756e468c032:c3726, c5f86d96-67df-4f25-bde3-316f439d30b3:c3726]
2019-08-23 18:29:09,967 | INFO  | DNAudit | user=null | ip=null | op=WRITE_CHUNK {blockData=conID: 2 locID: 102667711277630034 bcsId: 3728} | ret=SUCCESS |  
2019-08-23 18:29:09,969 | INFO  | DNAudit | user=null | ip=null | op=WRITE_CHUNK {blockData=conID: 2 locID: 102667711277630034 bcsId: 3728} | ret=SUCCESS |  
2019-08-23 18:29:09,969 | INFO  | DNAudit | user=null | ip=null | op=WRITE_CHUNK {blockData=conID: 2 locID: 102667711277630034 bcsId: 3728} | ret=SUCCESS |  
2019-08-23 18:29:09,979 | INFO  | DNAudit | user=null | ip=null | op=WRITE_CHUNK {blockData=conID: 2 locID: 102667711277630034 bcsId: 3728} | ret=SUCCESS |  
2019-08-23 18:29:09,980 | INFO  | DNAudit | user=null | ip=null | op=PUT_BLOCK {blockData=[blockId=conID: 2 locID: 102667711277630034 bcsId: 0,size=3145728]} | ret=SUCCESS |  
2019-08-23 18:29:09,980 [grpc-default-executor-5] INFO  client.GrpcClientProtocolClient (GrpcClientProtocolClient.java:onNext(255)) - client-19C32667576E->48affcab-e6e4-4602-963a-f6a50efbd54c: receive RaftClientReply:client-19C32667576E->48affcab-e6e4-4602-963a-f6a50efbd54c@group-50C56EAF5137, cid=2502, SUCCESS, logIndex=3733, commits[48affcab-e6e4-4602-963a-f6a50efbd54c:c3734, 7e391b60-07ae-4d97-a027-4756e468c032:c3732, c5f86d96-67df-4f25-bde3-316f439d30b3:c3732]
2019-08-23 18:29:09,980 [grpc-default-executor-5] INFO  client.GrpcClientProtocolClient (GrpcClientProtocolClient.java:onNext(255)) - client-19C32667576E->48affcab-e6e4-4602-963a-f6a50efbd54c: receive RaftClientReply:client-19C32667576E->48affcab-e6e4-4602-963a-f6a50efbd54c@group-50C56EAF5137, cid=2503, SUCCESS, logIndex=3734, commits[48affcab-e6e4-4602-963a-f6a50efbd54c:c3734, 7e391b60-07ae-4d97-a027-4756e468c032:c3732, c5f86d96-67df-4f25-bde3-316f439d30b3:c3732]
2019-08-23 18:29:09,987 | INFO  | DNAudit | user=null | ip=null | op=WRITE_CHUNK {blockData=conID: 2 locID: 102667711277630034 bcsId: 3734} | ret=SUCCESS |  
2019-08-23 18:29:09,988 | INFO  | DNAudit | user=null | ip=null | op=WRITE_CHUNK {blockData=conID: 2 locID: 102667711277630034 bcsId: 3734} | ret=SUCCESS |  
2019-08-23 18:29:09,989 | INFO  | DNAudit | user=null | ip=null | op=WRITE_CHUNK {blockData=conID: 2 locID: 102667711277630034 bcsId: 3734} | ret=SUCCESS |  
2019-08-23 18:29:09,991 | INFO  | DNAudit | user=null | ip=null | op=WRITE_CHUNK {blockData=conID: 2 locID: 102667711277630034 bcsId: 3728} | ret=SUCCESS |  
2019-08-23 18:29:09,991 | INFO  | DNAudit | user=null | ip=null | op=WRITE_CHUNK {blockData=conID: 2 locID: 102667711277630034 bcsId: 3728} | ret=SUCCESS |  
2019-08-23 18:29:09,991 | INFO  | DNAudit | user=null | ip=null | op=PUT_BLOCK {blockData=[blockId=conID: 2 locID: 102667711277630034 bcsId: 0,size=3145728]} | ret=SUCCESS |  
2019-08-23 18:29:09,991 | INFO  | DNAudit | user=null | ip=null | op=PUT_BLOCK {blockData=[blockId=conID: 2 locID: 102667711277630034 bcsId: 0,size=3145728]} | ret=SUCCESS |  
2019-08-23 18:29:09,993 | INFO  | DNAudit | user=null | ip=null | op=WRITE_CHUNK {blockData=conID: 2 locID: 102667711277630034 bcsId: 3734} | ret=SUCCESS |  
2019-08-23 18:29:09,993 | INFO  | DNAudit | user=null | ip=null | op=PUT_BLOCK {blockData=[blockId=conID: 2 locID: 102667711277630034 bcsId: 0,size=4194304]} | ret=SUCCESS |  
2019-08-23 18:29:09,993 [grpc-default-executor-0] INFO  client.GrpcClientProtocolClient (GrpcClientProtocolClient.java:onNext(255)) - client-19C32667576E->48affcab-e6e4-4602-963a-f6a50efbd54c: receive RaftClientReply:client-19C32667576E->48affcab-e6e4-4602-963a-f6a50efbd54c@group-50C56EAF5137, cid=2504, SUCCESS, logIndex=3737, commits[48affcab-e6e4-4602-963a-f6a50efbd54c:c3738, 7e391b60-07ae-4d97-a027-4756e468c032:c3734, c5f86d96-67df-4f25-bde3-316f439d30b3:c3734]
2019-08-23 18:29:09,993 [grpc-default-executor-0] INFO  client.GrpcClientProtocolClient (GrpcClientProtocolClient.java:onNext(255)) - client-19C32667576E->48affcab-e6e4-4602-963a-f6a50efbd54c: receive RaftClientReply:client-19C32667576E->48affcab-e6e4-4602-963a-f6a50efbd54c@group-50C56EAF5137, cid=2505, SUCCESS, logIndex=3738, commits[48affcab-e6e4-4602-963a-f6a50efbd54c:c3738, 7e391b60-07ae-4d97-a027-4756e468c032:c3734, c5f86d96-67df-4f25-bde3-316f439d30b3:c3734]
2019-08-23 18:29:10,004 | INFO  | DNAudit | user=null | ip=null | op=WRITE_CHUNK {blockData=conID: 2 locID: 102667711277630034 bcsId: 3734} | ret=SUCCESS |  
2019-08-23 18:29:10,004 | INFO  | DNAudit | user=null | ip=null | op=WRITE_CHUNK {blockData=conID: 2 locID: 102667711277630034 bcsId: 3734} | ret=SUCCESS |  
2019-08-23 18:29:10,006 | INFO  | DNAudit | user=null | ip=null | op=PUT_BLOCK {blockData=[blockId=conID: 2 locID: 102667711277630034 bcsId: 0,size=4194304]} | ret=SUCCESS |  
2019-08-23 18:29:10,006 | INFO  | DNAudit | user=null | ip=null | op=PUT_BLOCK {blockData=[blockId=conID: 2 locID: 102667711277630034 bcsId: 0,size=4194304]} | ret=SUCCESS |  
2019-08-23 18:29:10,007 [grpc-default-executor-0] INFO  client.GrpcClientProtocolClient (GrpcClientProtocolClient.java:onNext(255)) - client-19C32667576E->48affcab-e6e4-4602-963a-f6a50efbd54c: receive RaftClientReply:client-19C32667576E->48affcab-e6e4-4602-963a-f6a50efbd54c@group-50C56EAF5137, cid=2506, SUCCESS, logIndex=0, commits[48affcab-e6e4-4602-963a-f6a50efbd54c:c3739, 7e391b60-07ae-4d97-a027-4756e468c032:c3738, c5f86d96-67df-4f25-bde3-316f439d30b3:c3738]
2019-08-23 18:29:10,011 | INFO  | SCMAudit | user=jenkins1000 | ip=192.168.34.23 | op=ALLOCATE_BLOCK {owner=1ceb8b80-28f1-43fd-86c3-175afc07b8d1, size=4194304, type=RATIS, factor=THREE} | ret=SUCCESS |  
2019-08-23 18:29:10,013 | INFO  | OMAudit | user=jenkins1000 | ip=127.0.0.1 | op=ALLOCATE_BLOCK {volume=vol-0-45438, bucket=bucket-0-23891, key=key-0-22455, dataSize=0, replicationType=null, replicationFactor=null, keyLocationInfo=null, clientID=102667710122492306} | ret=SUCCESS |  
2019-08-23 18:29:10,020 | INFO  | DNAudit | user=null | ip=null | op=WRITE_CHUNK {blockData=conID: 3 locID: 102667711283921491 bcsId: 0} | ret=SUCCESS |  
2019-08-23 18:29:10,022 | INFO  | DNAudit | user=null | ip=null | op=WRITE_CHUNK {blockData=conID: 3 locID: 102667711283921491 bcsId: 0} | ret=SUCCESS |  
2019-08-23 18:29:10,022 | INFO  | DNAudit | user=null | ip=null | op=WRITE_CHUNK {blockData=conID: 3 locID: 102667711283921491 bcsId: 0} | ret=SUCCESS |  
2019-08-23 18:29:10,022 | INFO  | DNAudit | user=null | ip=null | op=WRITE_CHUNK {blockData=conID: 3 locID: 102667711283921491 bcsId: 0} | ret=SUCCESS |  
2019-08-23 18:29:10,024 | INFO  | DNAudit | user=null | ip=null | op=WRITE_CHUNK {blockData=conID: 3 locID: 102667711283921491 bcsId: 0} | ret=SUCCESS |  
2019-08-23 18:29:10,024 | INFO  | DNAudit | user=null | ip=null | op=WRITE_CHUNK {blockData=conID: 3 locID: 102667711283921491 bcsId: 0} | ret=SUCCESS |  
2019-08-23 18:29:10,033 | INFO  | DNAudit | user=null | ip=null | op=WRITE_CHUNK {blockData=conID: 3 locID: 102667711283921491 bcsId: 0} | ret=SUCCESS |  
2019-08-23 18:29:10,033 | INFO  | DNAudit | user=null | ip=null | op=PUT_BLOCK {blockData=[blockId=conID: 3 locID: 102667711283921491 bcsId: 0,size=1048576]} | ret=SUCCESS |  
2019-08-23 18:29:10,033 [grpc-default-executor-5] INFO  client.GrpcClientProtocolClient (GrpcClientProtocolClient.java:onNext(255)) - client-19C32667576E->48affcab-e6e4-4602-963a-f6a50efbd54c: receive RaftClientReply:client-19C32667576E->48affcab-e6e4-4602-963a-f6a50efbd54c@group-50C56EAF5137, cid=2507, SUCCESS, logIndex=3741, commits[48affcab-e6e4-4602-963a-f6a50efbd54c:c3742, 7e391b60-07ae-4d97-a027-4756e468c032:c3740, c5f86d96-67df-4f25-bde3-316f439d30b3:c3740]
2019-08-23 18:29:10,034 [grpc-default-executor-5] INFO  client.GrpcClientProtocolClient (GrpcClientProtocolClient.java:onNext(255)) - client-19C32667576E->48affcab-e6e4-4602-963a-f6a50efbd54c: receive RaftClientReply:client-19C32667576E->48affcab-e6e4-4602-963a-f6a50efbd54c@group-50C56EAF5137, cid=2508, SUCCESS, logIndex=3742, commits[48affcab-e6e4-4602-963a-f6a50efbd54c:c3742, 7e391b60-07ae-4d97-a027-4756e468c032:c3740, c5f86d96-67df-4f25-bde3-316f439d30b3:c3740]
2019-08-23 18:29:10,034 | INFO  | DNAudit | user=null | ip=null | op=WRITE_CHUNK {blockData=conID: 3 locID: 102667711283921491 bcsId: 0} | ret=SUCCESS |  
2019-08-23 18:29:10,034 | INFO  | DNAudit | user=null | ip=null | op=PUT_BLOCK {blockData=[blockId=conID: 3 locID: 102667711283921491 bcsId: 0,size=2097152]} | ret=SUCCESS |  
2019-08-23 18:29:10,034 [grpc-default-executor-5] INFO  client.GrpcClientProtocolClient (GrpcClientProtocolClient.java:onNext(255)) - client-19C32667576E->48affcab-e6e4-4602-963a-f6a50efbd54c: receive RaftClientReply:client-19C32667576E->48affcab-e6e4-4602-963a-f6a50efbd54c@group-50C56EAF5137, cid=2509, SUCCESS, logIndex=3743, commits[48affcab-e6e4-4602-963a-f6a50efbd54c:c3744, 7e391b60-07ae-4d97-a027-4756e468c032:c3740, c5f86d96-67df-4f25-bde3-316f439d30b3:c3740]
2019-08-23 18:29:10,035 [grpc-default-executor-5] INFO  client.GrpcClientProtocolClient (GrpcClientProtocolClient.java:onNext(255)) - client-19C32667576E->48affcab-e6e4-4602-963a-f6a50efbd54c: receive RaftClientReply:client-19C32667576E->48affcab-e6e4-4602-963a-f6a50efbd54c@group-50C56EAF5137, cid=2510, SUCCESS, logIndex=3744, commits[48affcab-e6e4-4602-963a-f6a50efbd54c:c3744, 7e391b60-07ae-4d97-a027-4756e468c032:c3740, c5f86d96-67df-4f25-bde3-316f439d30b3:c3740]
2019-08-23 18:29:10,047 | INFO  | DNAudit | user=null | ip=null | op=WRITE_CHUNK {blockData=conID: 3 locID: 102667711283921491 bcsId: 0} | ret=SUCCESS |  
2019-08-23 18:29:10,047 | INFO  | DNAudit | user=null | ip=null | op=PUT_BLOCK {blockData=[blockId=conID: 3 locID: 102667711283921491 bcsId: 0,size=1048576]} | ret=SUCCESS |  
2019-08-23 18:29:10,047 | INFO  | DNAudit | user=null | ip=null | op=WRITE_CHUNK {blockData=conID: 3 locID: 102667711283921491 bcsId: 0} | ret=SUCCESS |  
2019-08-23 18:29:10,047 | INFO  | DNAudit | user=null | ip=null | op=PUT_BLOCK {blockData=[blockId=conID: 3 locID: 102667711283921491 bcsId: 0,size=1048576]} | ret=SUCCESS |  
2019-08-23 18:29:10,048 | INFO  | DNAudit | user=null | ip=null | op=WRITE_CHUNK {blockData=conID: 3 locID: 102667711283921491 bcsId: 0} | ret=SUCCESS |  
2019-08-23 18:29:10,048 | INFO  | DNAudit | user=null | ip=null | op=WRITE_CHUNK {blockData=conID: 3 locID: 102667711283921491 bcsId: 0} | ret=SUCCESS |  
2019-08-23 18:29:10,048 | INFO  | DNAudit | user=null | ip=null | op=PUT_BLOCK {blockData=[blockId=conID: 3 locID: 102667711283921491 bcsId: 0,size=2097152]} | ret=SUCCESS |  
2019-08-23 18:29:10,048 [grpc-default-executor-5] INFO  client.GrpcClientProtocolClient (GrpcClientProtocolClient.java:onNext(255)) - client-19C32667576E->48affcab-e6e4-4602-963a-f6a50efbd54c: receive RaftClientReply:client-19C32667576E->48affcab-e6e4-4602-963a-f6a50efbd54c@group-50C56EAF5137, cid=2511, SUCCESS, logIndex=0, commits[48affcab-e6e4-4602-963a-f6a50efbd54c:c3746, 7e391b60-07ae-4d97-a027-4756e468c032:c3742, c5f86d96-67df-4f25-bde3-316f439d30b3:c3742]
2019-08-23 18:29:10,048 | INFO  | DNAudit | user=null | ip=null | op=PUT_BLOCK {blockData=[blockId=conID: 3 locID: 102667711283921491 bcsId: 0,size=2097152]} | ret=SUCCESS |  
2019-08-23 18:29:10,053 | INFO  | DNAudit | user=null | ip=null | op=WRITE_CHUNK {blockData=conID: 3 locID: 102667711283921491 bcsId: 3744} | ret=SUCCESS |  
2019-08-23 18:29:10,055 | INFO  | DNAudit | user=null | ip=null | op=WRITE_CHUNK {blockData=conID: 3 locID: 102667711283921491 bcsId: 3744} | ret=SUCCESS |  
2019-08-23 18:29:10,055 | INFO  | DNAudit | user=null | ip=null | op=WRITE_CHUNK {blockData=conID: 3 locID: 102667711283921491 bcsId: 3744} | ret=SUCCESS |  
2019-08-23 18:29:10,066 | INFO  | DNAudit | user=null | ip=null | op=WRITE_CHUNK {blockData=conID: 3 locID: 102667711283921491 bcsId: 3744} | ret=SUCCESS |  
2019-08-23 18:29:10,067 | INFO  | DNAudit | user=null | ip=null | op=PUT_BLOCK {blockData=[blockId=conID: 3 locID: 102667711283921491 bcsId: 0,size=3145728]} | ret=SUCCESS |  
2019-08-23 18:29:10,067 [grpc-default-executor-0] INFO  client.GrpcClientProtocolClient (GrpcClientProtocolClient.java:onNext(255)) - client-19C32667576E->48affcab-e6e4-4602-963a-f6a50efbd54c: receive RaftClientReply:client-19C32667576E->48affcab-e6e4-4602-963a-f6a50efbd54c@group-50C56EAF5137, cid=2512, SUCCESS, logIndex=3748, commits[48affcab-e6e4-4602-963a-f6a50efbd54c:c3749, 7e391b60-07ae-4d97-a027-4756e468c032:c3747, c5f86d96-67df-4f25-bde3-316f439d30b3:c3747]
2019-08-23 18:29:10,067 [grpc-default-executor-0] INFO  client.GrpcClientProtocolClient (GrpcClientProtocolClient.java:onNext(255)) - client-19C32667576E->48affcab-e6e4-4602-963a-f6a50efbd54c: receive RaftClientReply:client-19C32667576E->48affcab-e6e4-4602-963a-f6a50efbd54c@group-50C56EAF5137, cid=2513, SUCCESS, logIndex=3749, commits[48affcab-e6e4-4602-963a-f6a50efbd54c:c3749, 7e391b60-07ae-4d97-a027-4756e468c032:c3747, c5f86d96-67df-4f25-bde3-316f439d30b3:c3747]
2019-08-23 18:29:10,074 | INFO  | DNAudit | user=null | ip=null | op=WRITE_CHUNK {blockData=conID: 3 locID: 102667711283921491 bcsId: 3749} | ret=SUCCESS |  
2019-08-23 18:29:10,074 | INFO  | DNAudit | user=null | ip=null | op=WRITE_CHUNK {blockData=conID: 3 locID: 102667711283921491 bcsId: 3749} | ret=SUCCESS |  
2019-08-23 18:29:10,074 | INFO  | DNAudit | user=null | ip=null | op=WRITE_CHUNK {blockData=conID: 3 locID: 102667711283921491 bcsId: 3749} | ret=SUCCESS |  
2019-08-23 18:29:10,111 | INFO  | DNAudit | user=null | ip=null | op=WRITE_CHUNK {blockData=conID: 3 locID: 102667711283921491 bcsId: 3744} | ret=SUCCESS |  
2019-08-23 18:29:10,111 | INFO  | DNAudit | user=null | ip=null | op=WRITE_CHUNK {blockData=conID: 3 locID: 102667711283921491 bcsId: 3744} | ret=SUCCESS |  
2019-08-23 18:29:10,112 | INFO  | DNAudit | user=null | ip=null | op=PUT_BLOCK {blockData=[blockId=conID: 3 locID: 102667711283921491 bcsId: 0,size=3145728]} | ret=SUCCESS |  
2019-08-23 18:29:10,113 | INFO  | DNAudit | user=null | ip=null | op=PUT_BLOCK {blockData=[blockId=conID: 3 locID: 102667711283921491 bcsId: 0,size=3145728]} | ret=SUCCESS |  
2019-08-23 18:29:10,113 | INFO  | DNAudit | user=null | ip=null | op=WRITE_CHUNK {blockData=conID: 3 locID: 102667711283921491 bcsId: 3749} | ret=SUCCESS |  
2019-08-23 18:29:10,113 | INFO  | DNAudit | user=null | ip=null | op=PUT_BLOCK {blockData=[blockId=conID: 3 locID: 102667711283921491 bcsId: 0,size=4194304]} | ret=SUCCESS |  
2019-08-23 18:29:10,113 [grpc-default-executor-3] INFO  client.GrpcClientProtocolClient (GrpcClientProtocolClient.java:onNext(255)) - client-19C32667576E->48affcab-e6e4-4602-963a-f6a50efbd54c: receive RaftClientReply:client-19C32667576E->48affcab-e6e4-4602-963a-f6a50efbd54c@group-50C56EAF5137, cid=2514, SUCCESS, logIndex=3752, commits[48affcab-e6e4-4602-963a-f6a50efbd54c:c3753, 7e391b60-07ae-4d97-a027-4756e468c032:c3749, c5f86d96-67df-4f25-bde3-316f439d30b3:c3748]
2019-08-23 18:29:10,114 [grpc-default-executor-3] INFO  client.GrpcClientProtocolClient (GrpcClientProtocolClient.java:onNext(255)) - client-19C32667576E->48affcab-e6e4-4602-963a-f6a50efbd54c: receive RaftClientReply:client-19C32667576E->48affcab-e6e4-4602-963a-f6a50efbd54c@group-50C56EAF5137, cid=2515, SUCCESS, logIndex=3753, commits[48affcab-e6e4-4602-963a-f6a50efbd54c:c3753, 7e391b60-07ae-4d97-a027-4756e468c032:c3749, c5f86d96-67df-4f25-bde3-316f439d30b3:c3749]
2019-08-23 18:29:10,117 | INFO  | DNAudit | user=null | ip=null | op=WRITE_CHUNK {blockData=conID: 3 locID: 102667711283921491 bcsId: 3749} | ret=SUCCESS |  
2019-08-23 18:29:10,117 | INFO  | DNAudit | user=null | ip=null | op=WRITE_CHUNK {blockData=conID: 3 locID: 102667711283921491 bcsId: 3749} | ret=SUCCESS |  
2019-08-23 18:29:10,117 | INFO  | DNAudit | user=null | ip=null | op=PUT_BLOCK {blockData=[blockId=conID: 3 locID: 102667711283921491 bcsId: 0,size=4194304]} | ret=SUCCESS |  
2019-08-23 18:29:10,117 | INFO  | DNAudit | user=null | ip=null | op=PUT_BLOCK {blockData=[blockId=conID: 3 locID: 102667711283921491 bcsId: 0,size=4194304]} | ret=SUCCESS |  
2019-08-23 18:29:10,117 [grpc-default-executor-3] INFO  client.GrpcClientProtocolClient (GrpcClientProtocolClient.java:onNext(255)) - client-19C32667576E->48affcab-e6e4-4602-963a-f6a50efbd54c: receive RaftClientReply:client-19C32667576E->48affcab-e6e4-4602-963a-f6a50efbd54c@group-50C56EAF5137, cid=2516, SUCCESS, logIndex=0, commits[48affcab-e6e4-4602-963a-f6a50efbd54c:c3754, 7e391b60-07ae-4d97-a027-4756e468c032:c3753, c5f86d96-67df-4f25-bde3-316f439d30b3:c3753]
2019-08-23 18:29:10,123 | INFO  | SCMAudit | user=jenkins1000 | ip=192.168.34.23 | op=ALLOCATE_BLOCK {owner=1ceb8b80-28f1-43fd-86c3-175afc07b8d1, size=4194304, type=RATIS, factor=THREE} | ret=SUCCESS |  
2019-08-23 18:29:10,127 | INFO  | OMAudit | user=jenkins1000 | ip=127.0.0.1 | op=ALLOCATE_BLOCK {volume=vol-0-45438, bucket=bucket-0-23891, key=key-0-22455, dataSize=0, replicationType=null, replicationFactor=null, keyLocationInfo=null, clientID=102667710122492306} | ret=SUCCESS |  
2019-08-23 18:29:10,134 | INFO  | DNAudit | user=null | ip=null | op=WRITE_CHUNK {blockData=conID: 1 locID: 102667711291261524 bcsId: 0} | ret=SUCCESS |  
2019-08-23 18:29:10,136 | INFO  | DNAudit | user=null | ip=null | op=WRITE_CHUNK {blockData=conID: 1 locID: 102667711291261524 bcsId: 0} | ret=SUCCESS |  
2019-08-23 18:29:10,136 | INFO  | DNAudit | user=null | ip=null | op=WRITE_CHUNK {blockData=conID: 1 locID: 102667711291261524 bcsId: 0} | ret=SUCCESS |  
2019-08-23 18:29:10,136 | INFO  | DNAudit | user=null | ip=null | op=WRITE_CHUNK {blockData=conID: 1 locID: 102667711291261524 bcsId: 0} | ret=SUCCESS |  
2019-08-23 18:29:10,138 | INFO  | DNAudit | user=null | ip=null | op=WRITE_CHUNK {blockData=conID: 1 locID: 102667711291261524 bcsId: 0} | ret=SUCCESS |  
2019-08-23 18:29:10,138 | INFO  | DNAudit | user=null | ip=null | op=WRITE_CHUNK {blockData=conID: 1 locID: 102667711291261524 bcsId: 0} | ret=SUCCESS |  
2019-08-23 18:29:10,149 | INFO  | DNAudit | user=null | ip=null | op=WRITE_CHUNK {blockData=conID: 1 locID: 102667711291261524 bcsId: 0} | ret=SUCCESS |  
2019-08-23 18:29:10,150 | INFO  | DNAudit | user=null | ip=null | op=PUT_BLOCK {blockData=[blockId=conID: 1 locID: 102667711291261524 bcsId: 0,size=1048576]} | ret=SUCCESS |  
2019-08-23 18:29:10,150 [grpc-default-executor-5] INFO  client.GrpcClientProtocolClient (GrpcClientProtocolClient.java:onNext(255)) - client-19C32667576E->48affcab-e6e4-4602-963a-f6a50efbd54c: receive RaftClientReply:client-19C32667576E->48affcab-e6e4-4602-963a-f6a50efbd54c@group-50C56EAF5137, cid=2517, SUCCESS, logIndex=3756, commits[48affcab-e6e4-4602-963a-f6a50efbd54c:c3757, 7e391b60-07ae-4d97-a027-4756e468c032:c3755, c5f86d96-67df-4f25-bde3-316f439d30b3:c3755]
2019-08-23 18:29:10,150 [grpc-default-executor-5] INFO  client.GrpcClientProtocolClient (GrpcClientProtocolClient.java:onNext(255)) - client-19C32667576E->48affcab-e6e4-4602-963a-f6a50efbd54c: receive RaftClientReply:client-19C32667576E->48affcab-e6e4-4602-963a-f6a50efbd54c@group-50C56EAF5137, cid=2518, SUCCESS, logIndex=3757, commits[48affcab-e6e4-4602-963a-f6a50efbd54c:c3757, 7e391b60-07ae-4d97-a027-4756e468c032:c3755, c5f86d96-67df-4f25-bde3-316f439d30b3:c3755]
2019-08-23 18:29:10,167 | INFO  | DNAudit | user=null | ip=null | op=WRITE_CHUNK {blockData=conID: 1 locID: 102667711291261524 bcsId: 0} | ret=SUCCESS |  
2019-08-23 18:29:10,167 | INFO  | DNAudit | user=null | ip=null | op=PUT_BLOCK {blockData=[blockId=conID: 1 locID: 102667711291261524 bcsId: 0,size=2097152]} | ret=SUCCESS |  
2019-08-23 18:29:10,167 [grpc-default-executor-0] INFO  client.GrpcClientProtocolClient (GrpcClientProtocolClient.java:onNext(255)) - client-19C32667576E->48affcab-e6e4-4602-963a-f6a50efbd54c: receive RaftClientReply:client-19C32667576E->48affcab-e6e4-4602-963a-f6a50efbd54c@group-50C56EAF5137, cid=2519, SUCCESS, logIndex=3758, commits[48affcab-e6e4-4602-963a-f6a50efbd54c:c3759, 7e391b60-07ae-4d97-a027-4756e468c032:c3755, c5f86d96-67df-4f25-bde3-316f439d30b3:c3755]
2019-08-23 18:29:10,168 | INFO  | DNAudit | user=null | ip=null | op=WRITE_CHUNK {blockData=conID: 1 locID: 102667711291261524 bcsId: 0} | ret=SUCCESS |  
2019-08-23 18:29:10,168 | INFO  | DNAudit | user=null | ip=null | op=PUT_BLOCK {blockData=[blockId=conID: 1 locID: 102667711291261524 bcsId: 0,size=1048576]} | ret=SUCCESS |  
2019-08-23 18:29:10,168 [grpc-default-executor-5] INFO  client.GrpcClientProtocolClient (GrpcClientProtocolClient.java:onNext(255)) - client-19C32667576E->48affcab-e6e4-4602-963a-f6a50efbd54c: receive RaftClientReply:client-19C32667576E->48affcab-e6e4-4602-963a-f6a50efbd54c@group-50C56EAF5137, cid=2520, SUCCESS, logIndex=3759, commits[48affcab-e6e4-4602-963a-f6a50efbd54c:c3759, 7e391b60-07ae-4d97-a027-4756e468c032:c3755, c5f86d96-67df-4f25-bde3-316f439d30b3:c3755]
2019-08-23 18:29:10,170 | INFO  | DNAudit | user=null | ip=null | op=WRITE_CHUNK {blockData=conID: 1 locID: 102667711291261524 bcsId: 0} | ret=SUCCESS |  
2019-08-23 18:29:10,170 | INFO  | DNAudit | user=null | ip=null | op=PUT_BLOCK {blockData=[blockId=conID: 1 locID: 102667711291261524 bcsId: 0,size=1048576]} | ret=SUCCESS |  
2019-08-23 18:29:10,170 [grpc-default-executor-5] INFO  client.GrpcClientProtocolClient (GrpcClientProtocolClient.java:onNext(255)) - client-19C32667576E->48affcab-e6e4-4602-963a-f6a50efbd54c: receive RaftClientReply:client-19C32667576E->48affcab-e6e4-4602-963a-f6a50efbd54c@group-50C56EAF5137, cid=2521, SUCCESS, logIndex=0, commits[48affcab-e6e4-4602-963a-f6a50efbd54c:c3761, 7e391b60-07ae-4d97-a027-4756e468c032:c3757, c5f86d96-67df-4f25-bde3-316f439d30b3:c3757]
2019-08-23 18:29:10,177 | INFO  | DNAudit | user=null | ip=null | op=WRITE_CHUNK {blockData=conID: 1 locID: 102667711291261524 bcsId: 3759} | ret=SUCCESS |  
2019-08-23 18:29:10,180 | INFO  | DNAudit | user=null | ip=null | op=WRITE_CHUNK {blockData=conID: 1 locID: 102667711291261524 bcsId: 3759} | ret=SUCCESS |  
2019-08-23 18:29:10,180 | INFO  | DNAudit | user=null | ip=null | op=WRITE_CHUNK {blockData=conID: 1 locID: 102667711291261524 bcsId: 3759} | ret=SUCCESS |  
2019-08-23 18:29:10,181 | INFO  | DNAudit | user=null | ip=null | op=WRITE_CHUNK {blockData=conID: 1 locID: 102667711291261524 bcsId: 0} | ret=SUCCESS |  
2019-08-23 18:29:10,181 | INFO  | DNAudit | user=null | ip=null | op=PUT_BLOCK {blockData=[blockId=conID: 1 locID: 102667711291261524 bcsId: 0,size=2097152]} | ret=SUCCESS |  
2019-08-23 18:29:10,181 | INFO  | DNAudit | user=null | ip=null | op=WRITE_CHUNK {blockData=conID: 1 locID: 102667711291261524 bcsId: 0} | ret=SUCCESS |  
2019-08-23 18:29:10,181 | INFO  | DNAudit | user=null | ip=null | op=PUT_BLOCK {blockData=[blockId=conID: 1 locID: 102667711291261524 bcsId: 0,size=2097152]} | ret=SUCCESS |  
2019-08-23 18:29:10,184 | INFO  | DNAudit | user=null | ip=null | op=WRITE_CHUNK {blockData=conID: 1 locID: 102667711291261524 bcsId: 3759} | ret=SUCCESS |  
2019-08-23 18:29:10,184 | INFO  | DNAudit | user=null | ip=null | op=PUT_BLOCK {blockData=[blockId=conID: 1 locID: 102667711291261524 bcsId: 0,size=3145728]} | ret=SUCCESS |  
2019-08-23 18:29:10,184 [grpc-default-executor-5] INFO  client.GrpcClientProtocolClient (GrpcClientProtocolClient.java:onNext(255)) - client-19C32667576E->48affcab-e6e4-4602-963a-f6a50efbd54c: receive RaftClientReply:client-19C32667576E->48affcab-e6e4-4602-963a-f6a50efbd54c@group-50C56EAF5137, cid=2522, SUCCESS, logIndex=3764, commits[48affcab-e6e4-4602-963a-f6a50efbd54c:c3765, 7e391b60-07ae-4d97-a027-4756e468c032:c3761, c5f86d96-67df-4f25-bde3-316f439d30b3:c3759]
2019-08-23 18:29:10,184 [grpc-default-executor-5] INFO  client.GrpcClientProtocolClient (GrpcClientProtocolClient.java:onNext(255)) - client-19C32667576E->48affcab-e6e4-4602-963a-f6a50efbd54c: receive RaftClientReply:client-19C32667576E->48affcab-e6e4-4602-963a-f6a50efbd54c@group-50C56EAF5137, cid=2523, SUCCESS, logIndex=3765, commits[48affcab-e6e4-4602-963a-f6a50efbd54c:c3765, 7e391b60-07ae-4d97-a027-4756e468c032:c3761, c5f86d96-67df-4f25-bde3-316f439d30b3:c3759]
2019-08-23 18:29:10,191 | INFO  | DNAudit | user=null | ip=null | op=WRITE_CHUNK {blockData=conID: 1 locID: 102667711291261524 bcsId: 3765} | ret=SUCCESS |  
2019-08-23 18:29:10,193 | INFO  | DNAudit | user=null | ip=null | op=WRITE_CHUNK {blockData=conID: 1 locID: 102667711291261524 bcsId: 3765} | ret=SUCCESS |  
2019-08-23 18:29:10,194 | INFO  | DNAudit | user=null | ip=null | op=WRITE_CHUNK {blockData=conID: 1 locID: 102667711291261524 bcsId: 3765} | ret=SUCCESS |  
2019-08-23 18:29:10,196 | INFO  | DNAudit | user=null | ip=null | op=WRITE_CHUNK {blockData=conID: 1 locID: 102667711291261524 bcsId: 3759} | ret=SUCCESS |  
2019-08-23 18:29:10,196 | INFO  | DNAudit | user=null | ip=null | op=WRITE_CHUNK {blockData=conID: 1 locID: 102667711291261524 bcsId: 3759} | ret=SUCCESS |  
2019-08-23 18:29:10,196 | INFO  | DNAudit | user=null | ip=null | op=PUT_BLOCK {blockData=[blockId=conID: 1 locID: 102667711291261524 bcsId: 0,size=3145728]} | ret=SUCCESS |  
2019-08-23 18:29:10,196 | INFO  | DNAudit | user=null | ip=null | op=PUT_BLOCK {blockData=[blockId=conID: 1 locID: 102667711291261524 bcsId: 0,size=3145728]} | ret=SUCCESS |  
2019-08-23 18:29:10,198 | INFO  | DNAudit | user=null | ip=null | op=WRITE_CHUNK {blockData=conID: 1 locID: 102667711291261524 bcsId: 3765} | ret=SUCCESS |  
2019-08-23 18:29:10,199 | INFO  | DNAudit | user=null | ip=null | op=PUT_BLOCK {blockData=[blockId=conID: 1 locID: 102667711291261524 bcsId: 0,size=4194304]} | ret=SUCCESS |  
2019-08-23 18:29:10,199 [grpc-default-executor-0] INFO  client.GrpcClientProtocolClient (GrpcClientProtocolClient.java:onNext(255)) - client-19C32667576E->48affcab-e6e4-4602-963a-f6a50efbd54c: receive RaftClientReply:client-19C32667576E->48affcab-e6e4-4602-963a-f6a50efbd54c@group-50C56EAF5137, cid=2524, SUCCESS, logIndex=3767, commits[48affcab-e6e4-4602-963a-f6a50efbd54c:c3767, 7e391b60-07ae-4d97-a027-4756e468c032:c3765, c5f86d96-67df-4f25-bde3-316f439d30b3:c3765]
2019-08-23 18:29:10,199 [grpc-default-executor-0] INFO  client.GrpcClientProtocolClient (GrpcClientProtocolClient.java:onNext(255)) - client-19C32667576E->48affcab-e6e4-4602-963a-f6a50efbd54c: receive RaftClientReply:client-19C32667576E->48affcab-e6e4-4602-963a-f6a50efbd54c@group-50C56EAF5137, cid=2525, SUCCESS, logIndex=3768, commits[48affcab-e6e4-4602-963a-f6a50efbd54c:c3768, 7e391b60-07ae-4d97-a027-4756e468c032:c3765, c5f86d96-67df-4f25-bde3-316f439d30b3:c3765]
2019-08-23 18:29:10,213 | INFO  | DNAudit | user=null | ip=null | op=WRITE_CHUNK {blockData=conID: 1 locID: 102667711291261524 bcsId: 3765} | ret=SUCCESS |  
2019-08-23 18:29:10,213 | INFO  | DNAudit | user=null | ip=null | op=WRITE_CHUNK {blockData=conID: 1 locID: 102667711291261524 bcsId: 3765} | ret=SUCCESS |  
2019-08-23 18:29:10,216 | INFO  | DNAudit | user=null | ip=null | op=PUT_BLOCK {blockData=[blockId=conID: 1 locID: 102667711291261524 bcsId: 0,size=4194304]} | ret=SUCCESS |  
2019-08-23 18:29:10,216 | INFO  | DNAudit | user=null | ip=null | op=PUT_BLOCK {blockData=[blockId=conID: 1 locID: 102667711291261524 bcsId: 0,size=4194304]} | ret=SUCCESS |  
2019-08-23 18:29:10,216 [grpc-default-executor-3] INFO  client.GrpcClientProtocolClient (GrpcClientProtocolClient.java:onNext(255)) - client-19C32667576E->48affcab-e6e4-4602-963a-f6a50efbd54c: receive RaftClientReply:client-19C32667576E->48affcab-e6e4-4602-963a-f6a50efbd54c@group-50C56EAF5137, cid=2526, SUCCESS, logIndex=0, commits[48affcab-e6e4-4602-963a-f6a50efbd54c:c3769, 7e391b60-07ae-4d97-a027-4756e468c032:c3768, c5f86d96-67df-4f25-bde3-316f439d30b3:c3768]
2019-08-23 18:29:10,221 | INFO  | SCMAudit | user=jenkins1000 | ip=192.168.34.23 | op=ALLOCATE_BLOCK {owner=1ceb8b80-28f1-43fd-86c3-175afc07b8d1, size=4194304, type=RATIS, factor=THREE} | ret=SUCCESS |  
2019-08-23 18:29:10,224 | INFO  | OMAudit | user=jenkins1000 | ip=127.0.0.1 | op=ALLOCATE_BLOCK {volume=vol-0-45438, bucket=bucket-0-23891, key=key-0-22455, dataSize=0, replicationType=null, replicationFactor=null, keyLocationInfo=null, clientID=102667710122492306} | ret=SUCCESS |  
2019-08-23 18:29:10,231 | INFO  | DNAudit | user=null | ip=null | op=WRITE_CHUNK {blockData=conID: 2 locID: 102667711297684053 bcsId: 0} | ret=SUCCESS |  
2019-08-23 18:29:10,233 | INFO  | DNAudit | user=null | ip=null | op=WRITE_CHUNK {blockData=conID: 2 locID: 102667711297684053 bcsId: 0} | ret=SUCCESS |  
2019-08-23 18:29:10,234 | INFO  | DNAudit | user=null | ip=null | op=WRITE_CHUNK {blockData=conID: 2 locID: 102667711297684053 bcsId: 0} | ret=SUCCESS |  
2019-08-23 18:29:10,234 | INFO  | DNAudit | user=null | ip=null | op=WRITE_CHUNK {blockData=conID: 2 locID: 102667711297684053 bcsId: 0} | ret=SUCCESS |  
2019-08-23 18:29:10,235 | INFO  | DNAudit | user=null | ip=null | op=WRITE_CHUNK {blockData=conID: 2 locID: 102667711297684053 bcsId: 0} | ret=SUCCESS |  
2019-08-23 18:29:10,235 | INFO  | DNAudit | user=null | ip=null | op=WRITE_CHUNK {blockData=conID: 2 locID: 102667711297684053 bcsId: 0} | ret=SUCCESS |  
2019-08-23 18:29:10,243 | INFO  | DNAudit | user=null | ip=null | op=WRITE_CHUNK {blockData=conID: 2 locID: 102667711297684053 bcsId: 0} | ret=SUCCESS |  
2019-08-23 18:29:10,244 | INFO  | DNAudit | user=null | ip=null | op=PUT_BLOCK {blockData=[blockId=conID: 2 locID: 102667711297684053 bcsId: 0,size=1048576]} | ret=SUCCESS |  
2019-08-23 18:29:10,244 | INFO  | DNAudit | user=null | ip=null | op=WRITE_CHUNK {blockData=conID: 2 locID: 102667711297684053 bcsId: 0} | ret=SUCCESS |  
2019-08-23 18:29:10,244 [grpc-default-executor-3] INFO  client.GrpcClientProtocolClient (GrpcClientProtocolClient.java:onNext(255)) - client-19C32667576E->48affcab-e6e4-4602-963a-f6a50efbd54c: receive RaftClientReply:client-19C32667576E->48affcab-e6e4-4602-963a-f6a50efbd54c@group-50C56EAF5137, cid=2527, SUCCESS, logIndex=3771, commits[48affcab-e6e4-4602-963a-f6a50efbd54c:c3774, 7e391b60-07ae-4d97-a027-4756e468c032:c3770, c5f86d96-67df-4f25-bde3-316f439d30b3:c3770]
2019-08-23 18:29:10,245 | INFO  | DNAudit | user=null | ip=null | op=PUT_BLOCK {blockData=[blockId=conID: 2 locID: 102667711297684053 bcsId: 0,size=2097152]} | ret=SUCCESS |  
2019-08-23 18:29:10,245 | INFO  | DNAudit | user=null | ip=null | op=WRITE_CHUNK {blockData=conID: 2 locID: 102667711297684053 bcsId: 0} | ret=SUCCESS |  
2019-08-23 18:29:10,245 [grpc-default-executor-3] INFO  client.GrpcClientProtocolClient (GrpcClientProtocolClient.java:onNext(255)) - client-19C32667576E->48affcab-e6e4-4602-963a-f6a50efbd54c: receive RaftClientReply:client-19C32667576E->48affcab-e6e4-4602-963a-f6a50efbd54c@group-50C56EAF5137, cid=2528, SUCCESS, logIndex=3772, commits[48affcab-e6e4-4602-963a-f6a50efbd54c:c3774, 7e391b60-07ae-4d97-a027-4756e468c032:c3770, c5f86d96-67df-4f25-bde3-316f439d30b3:c3770]
2019-08-23 18:29:10,245 [grpc-default-executor-3] INFO  client.GrpcClientProtocolClient (GrpcClientProtocolClient.java:onNext(255)) - client-19C32667576E->48affcab-e6e4-4602-963a-f6a50efbd54c: receive RaftClientReply:client-19C32667576E->48affcab-e6e4-4602-963a-f6a50efbd54c@group-50C56EAF5137, cid=2529, SUCCESS, logIndex=3773, commits[48affcab-e6e4-4602-963a-f6a50efbd54c:c3774, 7e391b60-07ae-4d97-a027-4756e468c032:c3770, c5f86d96-67df-4f25-bde3-316f439d30b3:c3770]
2019-08-23 18:29:10,245 [grpc-default-executor-3] INFO  client.GrpcClientProtocolClient (GrpcClientProtocolClient.java:onNext(255)) - client-19C32667576E->48affcab-e6e4-4602-963a-f6a50efbd54c: receive RaftClientReply:client-19C32667576E->48affcab-e6e4-4602-963a-f6a50efbd54c@group-50C56EAF5137, cid=2530, SUCCESS, logIndex=3774, commits[48affcab-e6e4-4602-963a-f6a50efbd54c:c3775, 7e391b60-07ae-4d97-a027-4756e468c032:c3771, c5f86d96-67df-4f25-bde3-316f439d30b3:c3770]
2019-08-23 18:29:10,247 | INFO  | DNAudit | user=null | ip=null | op=WRITE_CHUNK {blockData=conID: 2 locID: 102667711297684053 bcsId: 0} | ret=SUCCESS |  
2019-08-23 18:29:10,258 | INFO  | DNAudit | user=null | ip=null | op=PUT_BLOCK {blockData=[blockId=conID: 2 locID: 102667711297684053 bcsId: 0,size=1048576]} | ret=SUCCESS |  
2019-08-23 18:29:10,258 | INFO  | DNAudit | user=null | ip=null | op=WRITE_CHUNK {blockData=conID: 2 locID: 102667711297684053 bcsId: 0} | ret=SUCCESS |  
2019-08-23 18:29:10,258 | INFO  | DNAudit | user=null | ip=null | op=PUT_BLOCK {blockData=[blockId=conID: 2 locID: 102667711297684053 bcsId: 0,size=2097152]} | ret=SUCCESS |  
2019-08-23 18:29:10,259 | INFO  | DNAudit | user=null | ip=null | op=PUT_BLOCK {blockData=[blockId=conID: 2 locID: 102667711297684053 bcsId: 0,size=1048576]} | ret=SUCCESS |  
2019-08-23 18:29:10,259 | INFO  | DNAudit | user=null | ip=null | op=WRITE_CHUNK {blockData=conID: 2 locID: 102667711297684053 bcsId: 0} | ret=SUCCESS |  
2019-08-23 18:29:10,259 | INFO  | DNAudit | user=null | ip=null | op=PUT_BLOCK {blockData=[blockId=conID: 2 locID: 102667711297684053 bcsId: 0,size=2097152]} | ret=SUCCESS |  
2019-08-23 18:29:10,259 [grpc-default-executor-3] INFO  client.GrpcClientProtocolClient (GrpcClientProtocolClient.java:onNext(255)) - client-19C32667576E->48affcab-e6e4-4602-963a-f6a50efbd54c: receive RaftClientReply:client-19C32667576E->48affcab-e6e4-4602-963a-f6a50efbd54c@group-50C56EAF5137, cid=2531, SUCCESS, logIndex=0, commits[48affcab-e6e4-4602-963a-f6a50efbd54c:c3778, 7e391b60-07ae-4d97-a027-4756e468c032:c3774, c5f86d96-67df-4f25-bde3-316f439d30b3:c3772]
2019-08-23 18:29:10,264 | INFO  | DNAudit | user=null | ip=null | op=WRITE_CHUNK {blockData=conID: 2 locID: 102667711297684053 bcsId: 3774} | ret=SUCCESS |  
2019-08-23 18:29:10,267 | INFO  | DNAudit | user=null | ip=null | op=WRITE_CHUNK {blockData=conID: 2 locID: 102667711297684053 bcsId: 3774} | ret=SUCCESS |  
2019-08-23 18:29:10,267 | INFO  | DNAudit | user=null | ip=null | op=WRITE_CHUNK {blockData=conID: 2 locID: 102667711297684053 bcsId: 3774} | ret=SUCCESS |  
2019-08-23 18:29:10,276 | INFO  | DNAudit | user=null | ip=null | op=WRITE_CHUNK {blockData=conID: 2 locID: 102667711297684053 bcsId: 3774} | ret=SUCCESS |  
2019-08-23 18:29:10,277 | INFO  | DNAudit | user=null | ip=null | op=PUT_BLOCK {blockData=[blockId=conID: 2 locID: 102667711297684053 bcsId: 0,size=3145728]} | ret=SUCCESS |  
2019-08-23 18:29:10,277 [grpc-default-executor-0] INFO  client.GrpcClientProtocolClient (GrpcClientProtocolClient.java:onNext(255)) - client-19C32667576E->48affcab-e6e4-4602-963a-f6a50efbd54c: receive RaftClientReply:client-19C32667576E->48affcab-e6e4-4602-963a-f6a50efbd54c@group-50C56EAF5137, cid=2532, SUCCESS, logIndex=3779, commits[48affcab-e6e4-4602-963a-f6a50efbd54c:c3780, 7e391b60-07ae-4d97-a027-4756e468c032:c3778, c5f86d96-67df-4f25-bde3-316f439d30b3:c3778]
2019-08-23 18:29:10,277 [grpc-default-executor-0] INFO  client.GrpcClientProtocolClient (GrpcClientProtocolClient.java:onNext(255)) - client-19C32667576E->48affcab-e6e4-4602-963a-f6a50efbd54c: receive RaftClientReply:client-19C32667576E->48affcab-e6e4-4602-963a-f6a50efbd54c@group-50C56EAF5137, cid=2533, SUCCESS, logIndex=3780, commits[48affcab-e6e4-4602-963a-f6a50efbd54c:c3780, 7e391b60-07ae-4d97-a027-4756e468c032:c3778, c5f86d96-67df-4f25-bde3-316f439d30b3:c3778]
2019-08-23 18:29:10,283 | INFO  | DNAudit | user=null | ip=null | op=WRITE_CHUNK {blockData=conID: 2 locID: 102667711297684053 bcsId: 3780} | ret=SUCCESS |  
2019-08-23 18:29:10,284 | INFO  | DNAudit | user=null | ip=null | op=WRITE_CHUNK {blockData=conID: 2 locID: 102667711297684053 bcsId: 3780} | ret=SUCCESS |  
2019-08-23 18:29:10,285 | INFO  | DNAudit | user=null | ip=null | op=WRITE_CHUNK {blockData=conID: 2 locID: 102667711297684053 bcsId: 3780} | ret=SUCCESS |  
2019-08-23 18:29:10,288 | INFO  | DNAudit | user=null | ip=null | op=WRITE_CHUNK {blockData=conID: 2 locID: 102667711297684053 bcsId: 3774} | ret=SUCCESS |  
2019-08-23 18:29:10,288 | INFO  | DNAudit | user=null | ip=null | op=WRITE_CHUNK {blockData=conID: 2 locID: 102667711297684053 bcsId: 3774} | ret=SUCCESS |  
2019-08-23 18:29:10,290 | INFO  | DNAudit | user=null | ip=null | op=PUT_BLOCK {blockData=[blockId=conID: 2 locID: 102667711297684053 bcsId: 0,size=3145728]} | ret=SUCCESS |  
2019-08-23 18:29:10,290 | INFO  | DNAudit | user=null | ip=null | op=PUT_BLOCK {blockData=[blockId=conID: 2 locID: 102667711297684053 bcsId: 0,size=3145728]} | ret=SUCCESS |  
2019-08-23 18:29:10,291 | INFO  | DNAudit | user=null | ip=null | op=WRITE_CHUNK {blockData=conID: 2 locID: 102667711297684053 bcsId: 3780} | ret=SUCCESS |  
2019-08-23 18:29:10,291 | INFO  | DNAudit | user=null | ip=null | op=PUT_BLOCK {blockData=[blockId=conID: 2 locID: 102667711297684053 bcsId: 0,size=4194304]} | ret=SUCCESS |  
2019-08-23 18:29:10,291 [grpc-default-executor-0] INFO  client.GrpcClientProtocolClient (GrpcClientProtocolClient.java:onNext(255)) - client-19C32667576E->48affcab-e6e4-4602-963a-f6a50efbd54c: receive RaftClientReply:client-19C32667576E->48affcab-e6e4-4602-963a-f6a50efbd54c@group-50C56EAF5137, cid=2534, SUCCESS, logIndex=3783, commits[48affcab-e6e4-4602-963a-f6a50efbd54c:c3784, 7e391b60-07ae-4d97-a027-4756e468c032:c3780, c5f86d96-67df-4f25-bde3-316f439d30b3:c3780]
2019-08-23 18:29:10,292 [grpc-default-executor-0] INFO  client.GrpcClientProtocolClient (GrpcClientProtocolClient.java:onNext(255)) - client-19C32667576E->48affcab-e6e4-4602-963a-f6a50efbd54c: receive RaftClientReply:client-19C32667576E->48affcab-e6e4-4602-963a-f6a50efbd54c@group-50C56EAF5137, cid=2535, SUCCESS, logIndex=3784, commits[48affcab-e6e4-4602-963a-f6a50efbd54c:c3784, 7e391b60-07ae-4d97-a027-4756e468c032:c3780, c5f86d96-67df-4f25-bde3-316f439d30b3:c3780]
2019-08-23 18:29:10,302 | INFO  | DNAudit | user=null | ip=null | op=WRITE_CHUNK {blockData=conID: 2 locID: 102667711297684053 bcsId: 3780} | ret=SUCCESS |  
2019-08-23 18:29:10,302 | INFO  | DNAudit | user=null | ip=null | op=WRITE_CHUNK {blockData=conID: 2 locID: 102667711297684053 bcsId: 3780} | ret=SUCCESS |  
2019-08-23 18:29:10,305 | INFO  | DNAudit | user=null | ip=null | op=PUT_BLOCK {blockData=[blockId=conID: 2 locID: 102667711297684053 bcsId: 0,size=4194304]} | ret=SUCCESS |  
2019-08-23 18:29:10,305 | INFO  | DNAudit | user=null | ip=null | op=PUT_BLOCK {blockData=[blockId=conID: 2 locID: 102667711297684053 bcsId: 0,size=4194304]} | ret=SUCCESS |  
2019-08-23 18:29:10,305 [grpc-default-executor-0] INFO  client.GrpcClientProtocolClient (GrpcClientProtocolClient.java:onNext(255)) - client-19C32667576E->48affcab-e6e4-4602-963a-f6a50efbd54c: receive RaftClientReply:client-19C32667576E->48affcab-e6e4-4602-963a-f6a50efbd54c@group-50C56EAF5137, cid=2536, SUCCESS, logIndex=0, commits[48affcab-e6e4-4602-963a-f6a50efbd54c:c3786, 7e391b60-07ae-4d97-a027-4756e468c032:c3784, c5f86d96-67df-4f25-bde3-316f439d30b3:c3784]
2019-08-23 18:29:10,310 | INFO  | SCMAudit | user=jenkins1000 | ip=192.168.34.23 | op=ALLOCATE_BLOCK {owner=1ceb8b80-28f1-43fd-86c3-175afc07b8d1, size=4194304, type=RATIS, factor=THREE} | ret=SUCCESS |  
2019-08-23 18:29:10,312 | INFO  | OMAudit | user=jenkins1000 | ip=127.0.0.1 | op=ALLOCATE_BLOCK {volume=vol-0-45438, bucket=bucket-0-23891, key=key-0-22455, dataSize=0, replicationType=null, replicationFactor=null, keyLocationInfo=null, clientID=102667710122492306} | ret=SUCCESS |  
2019-08-23 18:29:10,318 | INFO  | DNAudit | user=null | ip=null | op=WRITE_CHUNK {blockData=conID: 3 locID: 102667711303516758 bcsId: 0} | ret=SUCCESS |  
2019-08-23 18:29:10,320 | INFO  | DNAudit | user=null | ip=null | op=WRITE_CHUNK {blockData=conID: 3 locID: 102667711303516758 bcsId: 0} | ret=SUCCESS |  
2019-08-23 18:29:10,320 | INFO  | DNAudit | user=null | ip=null | op=WRITE_CHUNK {blockData=conID: 3 locID: 102667711303516758 bcsId: 0} | ret=SUCCESS |  
2019-08-23 18:29:10,321 | INFO  | DNAudit | user=null | ip=null | op=WRITE_CHUNK {blockData=conID: 3 locID: 102667711303516758 bcsId: 0} | ret=SUCCESS |  
2019-08-23 18:29:10,323 | INFO  | DNAudit | user=null | ip=null | op=WRITE_CHUNK {blockData=conID: 3 locID: 102667711303516758 bcsId: 0} | ret=SUCCESS |  
2019-08-23 18:29:10,324 | INFO  | DNAudit | user=null | ip=null | op=WRITE_CHUNK {blockData=conID: 3 locID: 102667711303516758 bcsId: 0} | ret=SUCCESS |  
2019-08-23 18:29:10,330 | INFO  | DNAudit | user=null | ip=null | op=WRITE_CHUNK {blockData=conID: 3 locID: 102667711303516758 bcsId: 0} | ret=SUCCESS |  
2019-08-23 18:29:10,330 | INFO  | DNAudit | user=null | ip=null | op=PUT_BLOCK {blockData=[blockId=conID: 3 locID: 102667711303516758 bcsId: 0,size=1048576]} | ret=SUCCESS |  
2019-08-23 18:29:10,331 [grpc-default-executor-3] INFO  client.GrpcClientProtocolClient (GrpcClientProtocolClient.java:onNext(255)) - client-19C32667576E->48affcab-e6e4-4602-963a-f6a50efbd54c: receive RaftClientReply:client-19C32667576E->48affcab-e6e4-4602-963a-f6a50efbd54c@group-50C56EAF5137, cid=2537, SUCCESS, logIndex=3787, commits[48affcab-e6e4-4602-963a-f6a50efbd54c:c3788, 7e391b60-07ae-4d97-a027-4756e468c032:c3786, c5f86d96-67df-4f25-bde3-316f439d30b3:c3786]
2019-08-23 18:29:10,331 | INFO  | DNAudit | user=null | ip=null | op=WRITE_CHUNK {blockData=conID: 3 locID: 102667711303516758 bcsId: 0} | ret=SUCCESS |  
2019-08-23 18:29:10,331 [grpc-default-executor-3] INFO  client.GrpcClientProtocolClient (GrpcClientProtocolClient.java:onNext(255)) - client-19C32667576E->48affcab-e6e4-4602-963a-f6a50efbd54c: receive RaftClientReply:client-19C32667576E->48affcab-e6e4-4602-963a-f6a50efbd54c@group-50C56EAF5137, cid=2538, SUCCESS, logIndex=3788, commits[48affcab-e6e4-4602-963a-f6a50efbd54c:c3788, 7e391b60-07ae-4d97-a027-4756e468c032:c3786, c5f86d96-67df-4f25-bde3-316f439d30b3:c3786]
2019-08-23 18:29:10,331 | INFO  | DNAudit | user=null | ip=null | op=PUT_BLOCK {blockData=[blockId=conID: 3 locID: 102667711303516758 bcsId: 0,size=2097152]} | ret=SUCCESS |  
2019-08-23 18:29:10,331 [grpc-default-executor-3] INFO  client.GrpcClientProtocolClient (GrpcClientProtocolClient.java:onNext(255)) - client-19C32667576E->48affcab-e6e4-4602-963a-f6a50efbd54c: receive RaftClientReply:client-19C32667576E->48affcab-e6e4-4602-963a-f6a50efbd54c@group-50C56EAF5137, cid=2539, SUCCESS, logIndex=3789, commits[48affcab-e6e4-4602-963a-f6a50efbd54c:c3790, 7e391b60-07ae-4d97-a027-4756e468c032:c3786, c5f86d96-67df-4f25-bde3-316f439d30b3:c3786]
2019-08-23 18:29:10,332 [grpc-default-executor-3] INFO  client.GrpcClientProtocolClient (GrpcClientProtocolClient.java:onNext(255)) - client-19C32667576E->48affcab-e6e4-4602-963a-f6a50efbd54c: receive RaftClientReply:client-19C32667576E->48affcab-e6e4-4602-963a-f6a50efbd54c@group-50C56EAF5137, cid=2540, SUCCESS, logIndex=3790, commits[48affcab-e6e4-4602-963a-f6a50efbd54c:c3790, 7e391b60-07ae-4d97-a027-4756e468c032:c3786, c5f86d96-67df-4f25-bde3-316f439d30b3:c3786]
2019-08-23 18:29:10,344 | INFO  | DNAudit | user=null | ip=null | op=WRITE_CHUNK {blockData=conID: 3 locID: 102667711303516758 bcsId: 0} | ret=SUCCESS |  
2019-08-23 18:29:10,344 | INFO  | DNAudit | user=null | ip=null | op=PUT_BLOCK {blockData=[blockId=conID: 3 locID: 102667711303516758 bcsId: 0,size=1048576]} | ret=SUCCESS |  
2019-08-23 18:29:10,345 | INFO  | DNAudit | user=null | ip=null | op=WRITE_CHUNK {blockData=conID: 3 locID: 102667711303516758 bcsId: 0} | ret=SUCCESS |  
2019-08-23 18:29:10,345 | INFO  | DNAudit | user=null | ip=null | op=PUT_BLOCK {blockData=[blockId=conID: 3 locID: 102667711303516758 bcsId: 0,size=1048576]} | ret=SUCCESS |  
2019-08-23 18:29:10,345 | INFO  | DNAudit | user=null | ip=null | op=WRITE_CHUNK {blockData=conID: 3 locID: 102667711303516758 bcsId: 0} | ret=SUCCESS |  
2019-08-23 18:29:10,345 | INFO  | DNAudit | user=null | ip=null | op=PUT_BLOCK {blockData=[blockId=conID: 3 locID: 102667711303516758 bcsId: 0,size=2097152]} | ret=SUCCESS |  
2019-08-23 18:29:10,345 [grpc-default-executor-3] INFO  client.GrpcClientProtocolClient (GrpcClientProtocolClient.java:onNext(255)) - client-19C32667576E->48affcab-e6e4-4602-963a-f6a50efbd54c: receive RaftClientReply:client-19C32667576E->48affcab-e6e4-4602-963a-f6a50efbd54c@group-50C56EAF5137, cid=2541, SUCCESS, logIndex=0, commits[48affcab-e6e4-4602-963a-f6a50efbd54c:c3792, 7e391b60-07ae-4d97-a027-4756e468c032:c3788, c5f86d96-67df-4f25-bde3-316f439d30b3:c3788]
2019-08-23 18:29:10,345 | INFO  | DNAudit | user=null | ip=null | op=WRITE_CHUNK {blockData=conID: 3 locID: 102667711303516758 bcsId: 0} | ret=SUCCESS |  
2019-08-23 18:29:10,345 | INFO  | DNAudit | user=null | ip=null | op=PUT_BLOCK {blockData=[blockId=conID: 3 locID: 102667711303516758 bcsId: 0,size=2097152]} | ret=SUCCESS |  
2019-08-23 18:29:10,350 | INFO  | DNAudit | user=null | ip=null | op=WRITE_CHUNK {blockData=conID: 3 locID: 102667711303516758 bcsId: 3790} | ret=SUCCESS |  
2019-08-23 18:29:10,353 | INFO  | DNAudit | user=null | ip=null | op=WRITE_CHUNK {blockData=conID: 3 locID: 102667711303516758 bcsId: 3790} | ret=SUCCESS |  
2019-08-23 18:29:10,354 | INFO  | DNAudit | user=null | ip=null | op=WRITE_CHUNK {blockData=conID: 3 locID: 102667711303516758 bcsId: 3790} | ret=SUCCESS |  
2019-08-23 18:29:10,363 | INFO  | DNAudit | user=null | ip=null | op=WRITE_CHUNK {blockData=conID: 3 locID: 102667711303516758 bcsId: 3790} | ret=SUCCESS |  
2019-08-23 18:29:10,363 | INFO  | DNAudit | user=null | ip=null | op=PUT_BLOCK {blockData=[blockId=conID: 3 locID: 102667711303516758 bcsId: 0,size=3145728]} | ret=SUCCESS |  
2019-08-23 18:29:10,363 [grpc-default-executor-3] INFO  client.GrpcClientProtocolClient (GrpcClientProtocolClient.java:onNext(255)) - client-19C32667576E->48affcab-e6e4-4602-963a-f6a50efbd54c: receive RaftClientReply:client-19C32667576E->48affcab-e6e4-4602-963a-f6a50efbd54c@group-50C56EAF5137, cid=2542, SUCCESS, logIndex=3795, commits[48affcab-e6e4-4602-963a-f6a50efbd54c:c3796, 7e391b60-07ae-4d97-a027-4756e468c032:c3794, c5f86d96-67df-4f25-bde3-316f439d30b3:c3794]
2019-08-23 18:29:10,364 [grpc-default-executor-3] INFO  client.GrpcClientProtocolClient (GrpcClientProtocolClient.java:onNext(255)) - client-19C32667576E->48affcab-e6e4-4602-963a-f6a50efbd54c: receive RaftClientReply:client-19C32667576E->48affcab-e6e4-4602-963a-f6a50efbd54c@group-50C56EAF5137, cid=2543, SUCCESS, logIndex=3796, commits[48affcab-e6e4-4602-963a-f6a50efbd54c:c3796, 7e391b60-07ae-4d97-a027-4756e468c032:c3794, c5f86d96-67df-4f25-bde3-316f439d30b3:c3794]
2019-08-23 18:29:10,369 | INFO  | DNAudit | user=null | ip=null | op=WRITE_CHUNK {blockData=conID: 3 locID: 102667711303516758 bcsId: 3796} | ret=SUCCESS |  
2019-08-23 18:29:10,371 | INFO  | DNAudit | user=null | ip=null | op=WRITE_CHUNK {blockData=conID: 3 locID: 102667711303516758 bcsId: 3796} | ret=SUCCESS |  
2019-08-23 18:29:10,372 | INFO  | DNAudit | user=null | ip=null | op=WRITE_CHUNK {blockData=conID: 3 locID: 102667711303516758 bcsId: 3796} | ret=SUCCESS |  
2019-08-23 18:29:10,374 | INFO  | DNAudit | user=null | ip=null | op=WRITE_CHUNK {blockData=conID: 3 locID: 102667711303516758 bcsId: 3790} | ret=SUCCESS |  
2019-08-23 18:29:10,374 | INFO  | DNAudit | user=null | ip=null | op=WRITE_CHUNK {blockData=conID: 3 locID: 102667711303516758 bcsId: 3790} | ret=SUCCESS |  
2019-08-23 18:29:10,377 | INFO  | DNAudit | user=null | ip=null | op=PUT_BLOCK {blockData=[blockId=conID: 3 locID: 102667711303516758 bcsId: 0,size=3145728]} | ret=SUCCESS |  
2019-08-23 18:29:10,377 | INFO  | DNAudit | user=null | ip=null | op=PUT_BLOCK {blockData=[blockId=conID: 3 locID: 102667711303516758 bcsId: 0,size=3145728]} | ret=SUCCESS |  
2019-08-23 18:29:10,377 | INFO  | DNAudit | user=null | ip=null | op=WRITE_CHUNK {blockData=conID: 3 locID: 102667711303516758 bcsId: 3796} | ret=SUCCESS |  
2019-08-23 18:29:10,378 | INFO  | DNAudit | user=null | ip=null | op=PUT_BLOCK {blockData=[blockId=conID: 3 locID: 102667711303516758 bcsId: 0,size=4194304]} | ret=SUCCESS |  
2019-08-23 18:29:10,378 [grpc-default-executor-5] INFO  client.GrpcClientProtocolClient (GrpcClientProtocolClient.java:onNext(255)) - client-19C32667576E->48affcab-e6e4-4602-963a-f6a50efbd54c: receive RaftClientReply:client-19C32667576E->48affcab-e6e4-4602-963a-f6a50efbd54c@group-50C56EAF5137, cid=2544, SUCCESS, logIndex=3799, commits[48affcab-e6e4-4602-963a-f6a50efbd54c:c3800, 7e391b60-07ae-4d97-a027-4756e468c032:c3796, c5f86d96-67df-4f25-bde3-316f439d30b3:c3796]
2019-08-23 18:29:10,378 [grpc-default-executor-5] INFO  client.GrpcClientProtocolClient (GrpcClientProtocolClient.java:onNext(255)) - client-19C32667576E->48affcab-e6e4-4602-963a-f6a50efbd54c: receive RaftClientReply:client-19C32667576E->48affcab-e6e4-4602-963a-f6a50efbd54c@group-50C56EAF5137, cid=2545, SUCCESS, logIndex=3800, commits[48affcab-e6e4-4602-963a-f6a50efbd54c:c3800, 7e391b60-07ae-4d97-a027-4756e468c032:c3796, c5f86d96-67df-4f25-bde3-316f439d30b3:c3796]
2019-08-23 18:29:10,379 | INFO  | DNAudit | user=null | ip=null | op=WRITE_CHUNK {blockData=conID: 3 locID: 102667711303516758 bcsId: 3796} | ret=SUCCESS |  
2019-08-23 18:29:10,379 | INFO  | DNAudit | user=null | ip=null | op=WRITE_CHUNK {blockData=conID: 3 locID: 102667711303516758 bcsId: 3796} | ret=SUCCESS |  
2019-08-23 18:29:10,381 | INFO  | DNAudit | user=null | ip=null | op=PUT_BLOCK {blockData=[blockId=conID: 3 locID: 102667711303516758 bcsId: 0,size=4194304]} | ret=SUCCESS |  
2019-08-23 18:29:10,381 | INFO  | DNAudit | user=null | ip=null | op=PUT_BLOCK {blockData=[blockId=conID: 3 locID: 102667711303516758 bcsId: 0,size=4194304]} | ret=SUCCESS |  
2019-08-23 18:29:10,382 [grpc-default-executor-5] INFO  client.GrpcClientProtocolClient (GrpcClientProtocolClient.java:onNext(255)) - client-19C32667576E->48affcab-e6e4-4602-963a-f6a50efbd54c: receive RaftClientReply:client-19C32667576E->48affcab-e6e4-4602-963a-f6a50efbd54c@group-50C56EAF5137, cid=2546, SUCCESS, logIndex=0, commits[48affcab-e6e4-4602-963a-f6a50efbd54c:c3802, 7e391b60-07ae-4d97-a027-4756e468c032:c3800, c5f86d96-67df-4f25-bde3-316f439d30b3:c3800]
2019-08-23 18:29:10,386 | INFO  | SCMAudit | user=jenkins1000 | ip=192.168.34.23 | op=ALLOCATE_BLOCK {owner=1ceb8b80-28f1-43fd-86c3-175afc07b8d1, size=4194304, type=RATIS, factor=THREE} | ret=SUCCESS |  
2019-08-23 18:29:10,388 | INFO  | OMAudit | user=jenkins1000 | ip=127.0.0.1 | op=ALLOCATE_BLOCK {volume=vol-0-45438, bucket=bucket-0-23891, key=key-0-22455, dataSize=0, replicationType=null, replicationFactor=null, keyLocationInfo=null, clientID=102667710122492306} | ret=SUCCESS |  
2019-08-23 18:29:10,394 | INFO  | DNAudit | user=null | ip=null | op=WRITE_CHUNK {blockData=conID: 1 locID: 102667711308497495 bcsId: 0} | ret=SUCCESS |  
2019-08-23 18:29:10,396 | INFO  | DNAudit | user=null | ip=null | op=WRITE_CHUNK {blockData=conID: 1 locID: 102667711308497495 bcsId: 0} | ret=SUCCESS |  
2019-08-23 18:29:10,397 | INFO  | DNAudit | user=null | ip=null | op=WRITE_CHUNK {blockData=conID: 1 locID: 102667711308497495 bcsId: 0} | ret=SUCCESS |  
2019-08-23 18:29:10,397 | INFO  | DNAudit | user=null | ip=null | op=WRITE_CHUNK {blockData=conID: 1 locID: 102667711308497495 bcsId: 0} | ret=SUCCESS |  
2019-08-23 18:29:10,398 | INFO  | DNAudit | user=null | ip=null | op=WRITE_CHUNK {blockData=conID: 1 locID: 102667711308497495 bcsId: 0} | ret=SUCCESS |  
2019-08-23 18:29:10,399 | INFO  | DNAudit | user=null | ip=null | op=WRITE_CHUNK {blockData=conID: 1 locID: 102667711308497495 bcsId: 0} | ret=SUCCESS |  
2019-08-23 18:29:10,405 | INFO  | DNAudit | user=null | ip=null | op=WRITE_CHUNK {blockData=conID: 1 locID: 102667711308497495 bcsId: 0} | ret=SUCCESS |  
2019-08-23 18:29:10,405 | INFO  | DNAudit | user=null | ip=null | op=PUT_BLOCK {blockData=[blockId=conID: 1 locID: 102667711308497495 bcsId: 0,size=1048576]} | ret=SUCCESS |  
2019-08-23 18:29:10,405 [grpc-default-executor-0] INFO  client.GrpcClientProtocolClient (GrpcClientProtocolClient.java:onNext(255)) - client-19C32667576E->48affcab-e6e4-4602-963a-f6a50efbd54c: receive RaftClientReply:client-19C32667576E->48affcab-e6e4-4602-963a-f6a50efbd54c@group-50C56EAF5137, cid=2547, SUCCESS, logIndex=3803, commits[48affcab-e6e4-4602-963a-f6a50efbd54c:c3804, 7e391b60-07ae-4d97-a027-4756e468c032:c3802, c5f86d96-67df-4f25-bde3-316f439d30b3:c3802]
2019-08-23 18:29:10,406 | INFO  | DNAudit | user=null | ip=null | op=WRITE_CHUNK {blockData=conID: 1 locID: 102667711308497495 bcsId: 0} | ret=SUCCESS |  
2019-08-23 18:29:10,406 [grpc-default-executor-0] INFO  client.GrpcClientProtocolClient (GrpcClientProtocolClient.java:onNext(255)) - client-19C32667576E->48affcab-e6e4-4602-963a-f6a50efbd54c: receive RaftClientReply:client-19C32667576E->48affcab-e6e4-4602-963a-f6a50efbd54c@group-50C56EAF5137, cid=2548, SUCCESS, logIndex=3804, commits[48affcab-e6e4-4602-963a-f6a50efbd54c:c3806, 7e391b60-07ae-4d97-a027-4756e468c032:c3802, c5f86d96-67df-4f25-bde3-316f439d30b3:c3802]
2019-08-23 18:29:10,406 | INFO  | DNAudit | user=null | ip=null | op=PUT_BLOCK {blockData=[blockId=conID: 1 locID: 102667711308497495 bcsId: 0,size=2097152]} | ret=SUCCESS |  
2019-08-23 18:29:10,406 [grpc-default-executor-0] INFO  client.GrpcClientProtocolClient (GrpcClientProtocolClient.java:onNext(255)) - client-19C32667576E->48affcab-e6e4-4602-963a-f6a50efbd54c: receive RaftClientReply:client-19C32667576E->48affcab-e6e4-4602-963a-f6a50efbd54c@group-50C56EAF5137, cid=2549, SUCCESS, logIndex=3805, commits[48affcab-e6e4-4602-963a-f6a50efbd54c:c3806, 7e391b60-07ae-4d97-a027-4756e468c032:c3802, c5f86d96-67df-4f25-bde3-316f439d30b3:c3802]
2019-08-23 18:29:10,406 [grpc-default-executor-0] INFO  client.GrpcClientProtocolClient (GrpcClientProtocolClient.java:onNext(255)) - client-19C32667576E->48affcab-e6e4-4602-963a-f6a50efbd54c: receive RaftClientReply:client-19C32667576E->48affcab-e6e4-4602-963a-f6a50efbd54c@group-50C56EAF5137, cid=2550, SUCCESS, logIndex=3806, commits[48affcab-e6e4-4602-963a-f6a50efbd54c:c3806, 7e391b60-07ae-4d97-a027-4756e468c032:c3802, c5f86d96-67df-4f25-bde3-316f439d30b3:c3802]
2019-08-23 18:29:10,407 | INFO  | DNAudit | user=null | ip=null | op=WRITE_CHUNK {blockData=conID: 1 locID: 102667711308497495 bcsId: 0} | ret=SUCCESS |  
2019-08-23 18:29:10,409 | INFO  | DNAudit | user=null | ip=null | op=WRITE_CHUNK {blockData=conID: 1 locID: 102667711308497495 bcsId: 0} | ret=SUCCESS |  
2019-08-23 18:29:10,409 | INFO  | DNAudit | user=null | ip=null | op=PUT_BLOCK {blockData=[blockId=conID: 1 locID: 102667711308497495 bcsId: 0,size=1048576]} | ret=SUCCESS |  
2019-08-23 18:29:10,409 | INFO  | DNAudit | user=null | ip=null | op=WRITE_CHUNK {blockData=conID: 1 locID: 102667711308497495 bcsId: 0} | ret=SUCCESS |  
2019-08-23 18:29:10,409 | INFO  | DNAudit | user=null | ip=null | op=PUT_BLOCK {blockData=[blockId=conID: 1 locID: 102667711308497495 bcsId: 0,size=2097152]} | ret=SUCCESS |  
2019-08-23 18:29:10,410 | INFO  | DNAudit | user=null | ip=null | op=PUT_BLOCK {blockData=[blockId=conID: 1 locID: 102667711308497495 bcsId: 0,size=1048576]} | ret=SUCCESS |  
2019-08-23 18:29:10,410 | INFO  | DNAudit | user=null | ip=null | op=WRITE_CHUNK {blockData=conID: 1 locID: 102667711308497495 bcsId: 0} | ret=SUCCESS |  
2019-08-23 18:29:10,410 | INFO  | DNAudit | user=null | ip=null | op=PUT_BLOCK {blockData=[blockId=conID: 1 locID: 102667711308497495 bcsId: 0,size=2097152]} | ret=SUCCESS |  
2019-08-23 18:29:10,411 [grpc-default-executor-0] INFO  client.GrpcClientProtocolClient (GrpcClientProtocolClient.java:onNext(255)) - client-19C32667576E->48affcab-e6e4-4602-963a-f6a50efbd54c: receive RaftClientReply:client-19C32667576E->48affcab-e6e4-4602-963a-f6a50efbd54c@group-50C56EAF5137, cid=2551, SUCCESS, logIndex=0, commits[48affcab-e6e4-4602-963a-f6a50efbd54c:c3810, 7e391b60-07ae-4d97-a027-4756e468c032:c3804, c5f86d96-67df-4f25-bde3-316f439d30b3:c3806]
2019-08-23 18:29:10,415 | INFO  | DNAudit | user=null | ip=null | op=WRITE_CHUNK {blockData=conID: 1 locID: 102667711308497495 bcsId: 3806} | ret=SUCCESS |  
2019-08-23 18:29:10,419 | INFO  | DNAudit | user=null | ip=null | op=WRITE_CHUNK {blockData=conID: 1 locID: 102667711308497495 bcsId: 3806} | ret=SUCCESS |  
2019-08-23 18:29:10,419 | INFO  | DNAudit | user=null | ip=null | op=WRITE_CHUNK {blockData=conID: 1 locID: 102667711308497495 bcsId: 3806} | ret=SUCCESS |  
2019-08-23 18:29:10,431 | INFO  | DNAudit | user=null | ip=null | op=WRITE_CHUNK {blockData=conID: 1 locID: 102667711308497495 bcsId: 3806} | ret=SUCCESS |  
2019-08-23 18:29:10,431 | INFO  | DNAudit | user=null | ip=null | op=PUT_BLOCK {blockData=[blockId=conID: 1 locID: 102667711308497495 bcsId: 0,size=3145728]} | ret=SUCCESS |  
2019-08-23 18:29:10,431 [grpc-default-executor-3] INFO  client.GrpcClientProtocolClient (GrpcClientProtocolClient.java:onNext(255)) - client-19C32667576E->48affcab-e6e4-4602-963a-f6a50efbd54c: receive RaftClientReply:client-19C32667576E->48affcab-e6e4-4602-963a-f6a50efbd54c@group-50C56EAF5137, cid=2552, SUCCESS, logIndex=3811, commits[48affcab-e6e4-4602-963a-f6a50efbd54c:c3812, 7e391b60-07ae-4d97-a027-4756e468c032:c3810, c5f86d96-67df-4f25-bde3-316f439d30b3:c3810]
2019-08-23 18:29:10,431 [grpc-default-executor-3] INFO  client.GrpcClientProtocolClient (GrpcClientProtocolClient.java:onNext(255)) - client-19C32667576E->48affcab-e6e4-4602-963a-f6a50efbd54c: receive RaftClientReply:client-19C32667576E->48affcab-e6e4-4602-963a-f6a50efbd54c@group-50C56EAF5137, cid=2553, SUCCESS, logIndex=3812, commits[48affcab-e6e4-4602-963a-f6a50efbd54c:c3812, 7e391b60-07ae-4d97-a027-4756e468c032:c3810, c5f86d96-67df-4f25-bde3-316f439d30b3:c3810]
2019-08-23 18:29:10,437 | INFO  | DNAudit | user=null | ip=null | op=WRITE_CHUNK {blockData=conID: 1 locID: 102667711308497495 bcsId: 3812} | ret=SUCCESS |  
2019-08-23 18:29:10,440 | INFO  | DNAudit | user=null | ip=null | op=WRITE_CHUNK {blockData=conID: 1 locID: 102667711308497495 bcsId: 3812} | ret=SUCCESS |  
2019-08-23 18:29:10,440 | INFO  | DNAudit | user=null | ip=null | op=WRITE_CHUNK {blockData=conID: 1 locID: 102667711308497495 bcsId: 3812} | ret=SUCCESS |  
2019-08-23 18:29:10,443 | INFO  | DNAudit | user=null | ip=null | op=WRITE_CHUNK {blockData=conID: 1 locID: 102667711308497495 bcsId: 3806} | ret=SUCCESS |  
2019-08-23 18:29:10,443 | INFO  | DNAudit | user=null | ip=null | op=WRITE_CHUNK {blockData=conID: 1 locID: 102667711308497495 bcsId: 3806} | ret=SUCCESS |  
2019-08-23 18:29:10,445 | INFO  | DNAudit | user=null | ip=null | op=PUT_BLOCK {blockData=[blockId=conID: 1 locID: 102667711308497495 bcsId: 0,size=3145728]} | ret=SUCCESS |  
2019-08-23 18:29:10,445 | INFO  | DNAudit | user=null | ip=null | op=PUT_BLOCK {blockData=[blockId=conID: 1 locID: 102667711308497495 bcsId: 0,size=3145728]} | ret=SUCCESS |  
2019-08-23 18:29:10,446 | INFO  | DNAudit | user=null | ip=null | op=WRITE_CHUNK {blockData=conID: 1 locID: 102667711308497495 bcsId: 3812} | ret=SUCCESS |  
2019-08-23 18:29:10,446 | INFO  | DNAudit | user=null | ip=null | op=PUT_BLOCK {blockData=[blockId=conID: 1 locID: 102667711308497495 bcsId: 0,size=4194304]} | ret=SUCCESS |  
2019-08-23 18:29:10,446 [grpc-default-executor-3] INFO  client.GrpcClientProtocolClient (GrpcClientProtocolClient.java:onNext(255)) - client-19C32667576E->48affcab-e6e4-4602-963a-f6a50efbd54c: receive RaftClientReply:client-19C32667576E->48affcab-e6e4-4602-963a-f6a50efbd54c@group-50C56EAF5137, cid=2554, SUCCESS, logIndex=3815, commits[48affcab-e6e4-4602-963a-f6a50efbd54c:c3816, 7e391b60-07ae-4d97-a027-4756e468c032:c3812, c5f86d96-67df-4f25-bde3-316f439d30b3:c3812]
2019-08-23 18:29:10,446 [grpc-default-executor-3] INFO  client.GrpcClientProtocolClient (GrpcClientProtocolClient.java:onNext(255)) - client-19C32667576E->48affcab-e6e4-4602-963a-f6a50efbd54c: receive RaftClientReply:client-19C32667576E->48affcab-e6e4-4602-963a-f6a50efbd54c@group-50C56EAF5137, cid=2555, SUCCESS, logIndex=3816, commits[48affcab-e6e4-4602-963a-f6a50efbd54c:c3816, 7e391b60-07ae-4d97-a027-4756e468c032:c3812, c5f86d96-67df-4f25-bde3-316f439d30b3:c3812]
2019-08-23 18:29:10,458 | INFO  | DNAudit | user=null | ip=null | op=WRITE_CHUNK {blockData=conID: 1 locID: 102667711308497495 bcsId: 3812} | ret=SUCCESS |  
2019-08-23 18:29:10,459 | INFO  | DNAudit | user=null | ip=null | op=WRITE_CHUNK {blockData=conID: 1 locID: 102667711308497495 bcsId: 3812} | ret=SUCCESS |  
2019-08-23 18:29:10,459 | INFO  | DNAudit | user=null | ip=null | op=PUT_BLOCK {blockData=[blockId=conID: 1 locID: 102667711308497495 bcsId: 0,size=4194304]} | ret=SUCCESS |  
2019-08-23 18:29:10,462 | INFO  | DNAudit | user=null | ip=null | op=PUT_BLOCK {blockData=[blockId=conID: 1 locID: 102667711308497495 bcsId: 0,size=4194304]} | ret=SUCCESS |  
2019-08-23 18:29:10,462 [grpc-default-executor-3] INFO  client.GrpcClientProtocolClient (GrpcClientProtocolClient.java:onNext(255)) - client-19C32667576E->48affcab-e6e4-4602-963a-f6a50efbd54c: receive RaftClientReply:client-19C32667576E->48affcab-e6e4-4602-963a-f6a50efbd54c@group-50C56EAF5137, cid=2556, SUCCESS, logIndex=0, commits[48affcab-e6e4-4602-963a-f6a50efbd54c:c3818, 7e391b60-07ae-4d97-a027-4756e468c032:c3816, c5f86d96-67df-4f25-bde3-316f439d30b3:c3816]
2019-08-23 18:29:10,467 | INFO  | SCMAudit | user=jenkins1000 | ip=192.168.34.23 | op=ALLOCATE_BLOCK {owner=1ceb8b80-28f1-43fd-86c3-175afc07b8d1, size=4194304, type=RATIS, factor=THREE} | ret=SUCCESS |  
2019-08-23 18:29:10,469 | INFO  | OMAudit | user=jenkins1000 | ip=127.0.0.1 | op=ALLOCATE_BLOCK {volume=vol-0-45438, bucket=bucket-0-23891, key=key-0-22455, dataSize=0, replicationType=null, replicationFactor=null, keyLocationInfo=null, clientID=102667710122492306} | ret=SUCCESS |  
2019-08-23 18:29:10,476 | INFO  | DNAudit | user=null | ip=null | op=WRITE_CHUNK {blockData=conID: 2 locID: 102667711313740376 bcsId: 0} | ret=SUCCESS |  
2019-08-23 18:29:10,479 | INFO  | DNAudit | user=null | ip=null | op=WRITE_CHUNK {blockData=conID: 2 locID: 102667711313740376 bcsId: 0} | ret=SUCCESS |  
2019-08-23 18:29:10,479 | INFO  | DNAudit | user=null | ip=null | op=WRITE_CHUNK {blockData=conID: 2 locID: 102667711313740376 bcsId: 0} | ret=SUCCESS |  
2019-08-23 18:29:10,479 | INFO  | DNAudit | user=null | ip=null | op=WRITE_CHUNK {blockData=conID: 2 locID: 102667711313740376 bcsId: 0} | ret=SUCCESS |  
2019-08-23 18:29:10,481 | INFO  | DNAudit | user=null | ip=null | op=WRITE_CHUNK {blockData=conID: 2 locID: 102667711313740376 bcsId: 0} | ret=SUCCESS |  
2019-08-23 18:29:10,481 | INFO  | DNAudit | user=null | ip=null | op=WRITE_CHUNK {blockData=conID: 2 locID: 102667711313740376 bcsId: 0} | ret=SUCCESS |  
2019-08-23 18:29:10,490 | INFO  | DNAudit | user=null | ip=null | op=WRITE_CHUNK {blockData=conID: 2 locID: 102667711313740376 bcsId: 0} | ret=SUCCESS |  
2019-08-23 18:29:10,490 | INFO  | DNAudit | user=null | ip=null | op=PUT_BLOCK {blockData=[blockId=conID: 2 locID: 102667711313740376 bcsId: 0,size=1048576]} | ret=SUCCESS |  
2019-08-23 18:29:10,490 [grpc-default-executor-3] INFO  client.GrpcClientProtocolClient (GrpcClientProtocolClient.java:onNext(255)) - client-19C32667576E->48affcab-e6e4-4602-963a-f6a50efbd54c: receive RaftClientReply:client-19C32667576E->48affcab-e6e4-4602-963a-f6a50efbd54c@group-50C56EAF5137, cid=2557, SUCCESS, logIndex=3819, commits[48affcab-e6e4-4602-963a-f6a50efbd54c:c3820, 7e391b60-07ae-4d97-a027-4756e468c032:c3818, c5f86d96-67df-4f25-bde3-316f439d30b3:c3818]
2019-08-23 18:29:10,491 [grpc-default-executor-3] INFO  client.GrpcClientProtocolClient (GrpcClientProtocolClient.java:onNext(255)) - client-19C32667576E->48affcab-e6e4-4602-963a-f6a50efbd54c: receive RaftClientReply:client-19C32667576E->48affcab-e6e4-4602-963a-f6a50efbd54c@group-50C56EAF5137, cid=2558, SUCCESS, logIndex=3820, commits[48affcab-e6e4-4602-963a-f6a50efbd54c:c3820, 7e391b60-07ae-4d97-a027-4756e468c032:c3818, c5f86d96-67df-4f25-bde3-316f439d30b3:c3818]
2019-08-23 18:29:10,501 | INFO  | DNAudit | user=null | ip=null | op=WRITE_CHUNK {blockData=conID: 2 locID: 102667711313740376 bcsId: 0} | ret=SUCCESS |  
2019-08-23 18:29:10,502 | INFO  | DNAudit | user=null | ip=null | op=PUT_BLOCK {blockData=[blockId=conID: 2 locID: 102667711313740376 bcsId: 0,size=2097152]} | ret=SUCCESS |  
2019-08-23 18:29:10,502 [grpc-default-executor-0] INFO  client.GrpcClientProtocolClient (GrpcClientProtocolClient.java:onNext(255)) - client-19C32667576E->48affcab-e6e4-4602-963a-f6a50efbd54c: receive RaftClientReply:client-19C32667576E->48affcab-e6e4-4602-963a-f6a50efbd54c@group-50C56EAF5137, cid=2559, SUCCESS, logIndex=3821, commits[48affcab-e6e4-4602-963a-f6a50efbd54c:c3822, 7e391b60-07ae-4d97-a027-4756e468c032:c3818, c5f86d96-67df-4f25-bde3-316f439d30b3:c3818]
2019-08-23 18:29:10,502 [grpc-default-executor-0] INFO  client.GrpcClientProtocolClient (GrpcClientProtocolClient.java:onNext(255)) - client-19C32667576E->48affcab-e6e4-4602-963a-f6a50efbd54c: receive RaftClientReply:client-19C32667576E->48affcab-e6e4-4602-963a-f6a50efbd54c@group-50C56EAF5137, cid=2560, SUCCESS, logIndex=3822, commits[48affcab-e6e4-4602-963a-f6a50efbd54c:c3822, 7e391b60-07ae-4d97-a027-4756e468c032:c3818, c5f86d96-67df-4f25-bde3-316f439d30b3:c3818]
2019-08-23 18:29:10,503 | INFO  | DNAudit | user=null | ip=null | op=WRITE_CHUNK {blockData=conID: 2 locID: 102667711313740376 bcsId: 0} | ret=SUCCESS |  
2019-08-23 18:29:10,504 | INFO  | DNAudit | user=null | ip=null | op=PUT_BLOCK {blockData=[blockId=conID: 2 locID: 102667711313740376 bcsId: 0,size=1048576]} | ret=SUCCESS |  
2019-08-23 18:29:10,516 | INFO  | DNAudit | user=null | ip=null | op=WRITE_CHUNK {blockData=conID: 2 locID: 102667711313740376 bcsId: 0} | ret=SUCCESS |  
2019-08-23 18:29:10,516 | INFO  | DNAudit | user=null | ip=null | op=WRITE_CHUNK {blockData=conID: 2 locID: 102667711313740376 bcsId: 0} | ret=SUCCESS |  
2019-08-23 18:29:10,516 | INFO  | DNAudit | user=null | ip=null | op=PUT_BLOCK {blockData=[blockId=conID: 2 locID: 102667711313740376 bcsId: 0,size=1048576]} | ret=SUCCESS |  
2019-08-23 18:29:10,517 | INFO  | DNAudit | user=null | ip=null | op=PUT_BLOCK {blockData=[blockId=conID: 2 locID: 102667711313740376 bcsId: 0,size=2097152]} | ret=SUCCESS |  
2019-08-23 18:29:10,517 [grpc-default-executor-0] INFO  client.GrpcClientProtocolClient (GrpcClientProtocolClient.java:onNext(255)) - client-19C32667576E->48affcab-e6e4-4602-963a-f6a50efbd54c: receive RaftClientReply:client-19C32667576E->48affcab-e6e4-4602-963a-f6a50efbd54c@group-50C56EAF5137, cid=2561, SUCCESS, logIndex=0, commits[48affcab-e6e4-4602-963a-f6a50efbd54c:c3824, 7e391b60-07ae-4d97-a027-4756e468c032:c3820, c5f86d96-67df-4f25-bde3-316f439d30b3:c3820]
2019-08-23 18:29:10,523 | INFO  | DNAudit | user=null | ip=null | op=WRITE_CHUNK {blockData=conID: 2 locID: 102667711313740376 bcsId: 3822} | ret=SUCCESS |  
2019-08-23 18:29:10,526 | INFO  | DNAudit | user=null | ip=null | op=WRITE_CHUNK {blockData=conID: 2 locID: 102667711313740376 bcsId: 3822} | ret=SUCCESS |  
2019-08-23 18:29:10,526 | INFO  | DNAudit | user=null | ip=null | op=WRITE_CHUNK {blockData=conID: 2 locID: 102667711313740376 bcsId: 3822} | ret=SUCCESS |  
2019-08-23 18:29:10,541 | INFO  | DNAudit | user=null | ip=null | op=WRITE_CHUNK {blockData=conID: 2 locID: 102667711313740376 bcsId: 0} | ret=SUCCESS |  
2019-08-23 18:29:10,541 | INFO  | DNAudit | user=null | ip=null | op=PUT_BLOCK {blockData=[blockId=conID: 2 locID: 102667711313740376 bcsId: 0,size=2097152]} | ret=SUCCESS |  
2019-08-23 18:29:10,543 | INFO  | DNAudit | user=null | ip=null | op=WRITE_CHUNK {blockData=conID: 2 locID: 102667711313740376 bcsId: 3822} | ret=SUCCESS |  
2019-08-23 18:29:10,544 | INFO  | DNAudit | user=null | ip=null | op=PUT_BLOCK {blockData=[blockId=conID: 2 locID: 102667711313740376 bcsId: 0,size=3145728]} | ret=SUCCESS |  
2019-08-23 18:29:10,544 [grpc-default-executor-5] INFO  client.GrpcClientProtocolClient (GrpcClientProtocolClient.java:onNext(255)) - client-19C32667576E->48affcab-e6e4-4602-963a-f6a50efbd54c: receive RaftClientReply:client-19C32667576E->48affcab-e6e4-4602-963a-f6a50efbd54c@group-50C56EAF5137, cid=2562, SUCCESS, logIndex=3827, commits[48affcab-e6e4-4602-963a-f6a50efbd54c:c3828, 7e391b60-07ae-4d97-a027-4756e468c032:c3822, c5f86d96-67df-4f25-bde3-316f439d30b3:c3825]
2019-08-23 18:29:10,544 [grpc-default-executor-5] INFO  client.GrpcClientProtocolClient (GrpcClientProtocolClient.java:onNext(255)) - client-19C32667576E->48affcab-e6e4-4602-963a-f6a50efbd54c: receive RaftClientReply:client-19C32667576E->48affcab-e6e4-4602-963a-f6a50efbd54c@group-50C56EAF5137, cid=2563, SUCCESS, logIndex=3828, commits[48affcab-e6e4-4602-963a-f6a50efbd54c:c3828, 7e391b60-07ae-4d97-a027-4756e468c032:c3822, c5f86d96-67df-4f25-bde3-316f439d30b3:c3825]
2019-08-23 18:29:10,546 | INFO  | DNAudit | user=null | ip=null | op=WRITE_CHUNK {blockData=conID: 2 locID: 102667711313740376 bcsId: 3822} | ret=SUCCESS |  
2019-08-23 18:29:10,546 | INFO  | DNAudit | user=null | ip=null | op=PUT_BLOCK {blockData=[blockId=conID: 2 locID: 102667711313740376 bcsId: 0,size=3145728]} | ret=SUCCESS |  
2019-08-23 18:29:10,550 | INFO  | DNAudit | user=null | ip=null | op=WRITE_CHUNK {blockData=conID: 2 locID: 102667711313740376 bcsId: 3828} | ret=SUCCESS |  
2019-08-23 18:29:10,552 | INFO  | DNAudit | user=null | ip=null | op=WRITE_CHUNK {blockData=conID: 2 locID: 102667711313740376 bcsId: 3828} | ret=SUCCESS |  
2019-08-23 18:29:10,553 | INFO  | DNAudit | user=null | ip=null | op=WRITE_CHUNK {blockData=conID: 2 locID: 102667711313740376 bcsId: 3828} | ret=SUCCESS |  
2019-08-23 18:29:10,559 | INFO  | DNAudit | user=null | ip=null | op=WRITE_CHUNK {blockData=conID: 2 locID: 102667711313740376 bcsId: 3822} | ret=SUCCESS |  
2019-08-23 18:29:10,559 | INFO  | DNAudit | user=null | ip=null | op=PUT_BLOCK {blockData=[blockId=conID: 2 locID: 102667711313740376 bcsId: 0,size=3145728]} | ret=SUCCESS |  
2019-08-23 18:29:10,570 | INFO  | DNAudit | user=null | ip=null | op=WRITE_CHUNK {blockData=conID: 2 locID: 102667711313740376 bcsId: 3828} | ret=SUCCESS |  
2019-08-23 18:29:10,570 | INFO  | DNAudit | user=null | ip=null | op=PUT_BLOCK {blockData=[blockId=conID: 2 locID: 102667711313740376 bcsId: 0,size=4194304]} | ret=SUCCESS |  
2019-08-23 18:29:10,571 [grpc-default-executor-0] INFO  client.GrpcClientProtocolClient (GrpcClientProtocolClient.java:onNext(255)) - client-19C32667576E->48affcab-e6e4-4602-963a-f6a50efbd54c: receive RaftClientReply:client-19C32667576E->48affcab-e6e4-4602-963a-f6a50efbd54c@group-50C56EAF5137, cid=2564, SUCCESS, logIndex=3831, commits[48affcab-e6e4-4602-963a-f6a50efbd54c:c3832, 7e391b60-07ae-4d97-a027-4756e468c032:c3828, c5f86d96-67df-4f25-bde3-316f439d30b3:c3829]
2019-08-23 18:29:10,571 [grpc-default-executor-0] INFO  client.GrpcClientProtocolClient (GrpcClientProtocolClient.java:onNext(255)) - client-19C32667576E->48affcab-e6e4-4602-963a-f6a50efbd54c: receive RaftClientReply:client-19C32667576E->48affcab-e6e4-4602-963a-f6a50efbd54c@group-50C56EAF5137, cid=2565, SUCCESS, logIndex=3832, commits[48affcab-e6e4-4602-963a-f6a50efbd54c:c3832, 7e391b60-07ae-4d97-a027-4756e468c032:c3829, c5f86d96-67df-4f25-bde3-316f439d30b3:c3829]
2019-08-23 18:29:10,573 | INFO  | DNAudit | user=null | ip=null | op=WRITE_CHUNK {blockData=conID: 2 locID: 102667711313740376 bcsId: 3828} | ret=SUCCESS |  
2019-08-23 18:29:10,573 | INFO  | DNAudit | user=null | ip=null | op=WRITE_CHUNK {blockData=conID: 2 locID: 102667711313740376 bcsId: 3828} | ret=SUCCESS |  
2019-08-23 18:29:10,573 | INFO  | DNAudit | user=null | ip=null | op=PUT_BLOCK {blockData=[blockId=conID: 2 locID: 102667711313740376 bcsId: 0,size=4194304]} | ret=SUCCESS |  
2019-08-23 18:29:10,573 | INFO  | DNAudit | user=null | ip=null | op=PUT_BLOCK {blockData=[blockId=conID: 2 locID: 102667711313740376 bcsId: 0,size=4194304]} | ret=SUCCESS |  
2019-08-23 18:29:10,573 [grpc-default-executor-0] INFO  client.GrpcClientProtocolClient (GrpcClientProtocolClient.java:onNext(255)) - client-19C32667576E->48affcab-e6e4-4602-963a-f6a50efbd54c: receive RaftClientReply:client-19C32667576E->48affcab-e6e4-4602-963a-f6a50efbd54c@group-50C56EAF5137, cid=2566, SUCCESS, logIndex=0, commits[48affcab-e6e4-4602-963a-f6a50efbd54c:c3832, 7e391b60-07ae-4d97-a027-4756e468c032:c3832, c5f86d96-67df-4f25-bde3-316f439d30b3:c3832]
2019-08-23 18:29:10,577 | INFO  | SCMAudit | user=jenkins1000 | ip=192.168.34.23 | op=ALLOCATE_BLOCK {owner=1ceb8b80-28f1-43fd-86c3-175afc07b8d1, size=4194304, type=RATIS, factor=THREE} | ret=SUCCESS |  
2019-08-23 18:29:10,580 | INFO  | OMAudit | user=jenkins1000 | ip=127.0.0.1 | op=ALLOCATE_BLOCK {volume=vol-0-45438, bucket=bucket-0-23891, key=key-0-22455, dataSize=0, replicationType=null, replicationFactor=null, keyLocationInfo=null, clientID=102667710122492306} | ret=SUCCESS |  
2019-08-23 18:29:10,586 | INFO  | DNAudit | user=null | ip=null | op=WRITE_CHUNK {blockData=conID: 3 locID: 102667711321014873 bcsId: 0} | ret=SUCCESS |  
2019-08-23 18:29:10,589 | INFO  | DNAudit | user=null | ip=null | op=WRITE_CHUNK {blockData=conID: 3 locID: 102667711321014873 bcsId: 0} | ret=SUCCESS |  
2019-08-23 18:29:10,589 | INFO  | DNAudit | user=null | ip=null | op=WRITE_CHUNK {blockData=conID: 3 locID: 102667711321014873 bcsId: 0} | ret=SUCCESS |  
2019-08-23 18:29:10,589 | INFO  | DNAudit | user=null | ip=null | op=WRITE_CHUNK {blockData=conID: 3 locID: 102667711321014873 bcsId: 0} | ret=SUCCESS |  
2019-08-23 18:29:10,591 | INFO  | DNAudit | user=null | ip=null | op=WRITE_CHUNK {blockData=conID: 3 locID: 102667711321014873 bcsId: 0} | ret=SUCCESS |  
2019-08-23 18:29:10,592 | INFO  | DNAudit | user=null | ip=null | op=WRITE_CHUNK {blockData=conID: 3 locID: 102667711321014873 bcsId: 0} | ret=SUCCESS |  
2019-08-23 18:29:10,600 | INFO  | DNAudit | user=null | ip=null | op=WRITE_CHUNK {blockData=conID: 3 locID: 102667711321014873 bcsId: 0} | ret=SUCCESS |  
2019-08-23 18:29:10,601 | INFO  | DNAudit | user=null | ip=null | op=PUT_BLOCK {blockData=[blockId=conID: 3 locID: 102667711321014873 bcsId: 0,size=1048576]} | ret=SUCCESS |  
2019-08-23 18:29:10,601 [grpc-default-executor-0] INFO  client.GrpcClientProtocolClient (GrpcClientProtocolClient.java:onNext(255)) - client-19C32667576E->48affcab-e6e4-4602-963a-f6a50efbd54c: receive RaftClientReply:client-19C32667576E->48affcab-e6e4-4602-963a-f6a50efbd54c@group-50C56EAF5137, cid=2567, SUCCESS, logIndex=3835, commits[48affcab-e6e4-4602-963a-f6a50efbd54c:c3836, 7e391b60-07ae-4d97-a027-4756e468c032:c3833, c5f86d96-67df-4f25-bde3-316f439d30b3:c3833]
2019-08-23 18:29:10,601 [grpc-default-executor-0] INFO  client.GrpcClientProtocolClient (GrpcClientProtocolClient.java:onNext(255)) - client-19C32667576E->48affcab-e6e4-4602-963a-f6a50efbd54c: receive RaftClientReply:client-19C32667576E->48affcab-e6e4-4602-963a-f6a50efbd54c@group-50C56EAF5137, cid=2568, SUCCESS, logIndex=3836, commits[48affcab-e6e4-4602-963a-f6a50efbd54c:c3836, 7e391b60-07ae-4d97-a027-4756e468c032:c3833, c5f86d96-67df-4f25-bde3-316f439d30b3:c3833]
2019-08-23 18:29:10,603 | INFO  | DNAudit | user=null | ip=null | op=WRITE_CHUNK {blockData=conID: 3 locID: 102667711321014873 bcsId: 0} | ret=SUCCESS |  
2019-08-23 18:29:10,603 | INFO  | DNAudit | user=null | ip=null | op=PUT_BLOCK {blockData=[blockId=conID: 3 locID: 102667711321014873 bcsId: 0,size=2097152]} | ret=SUCCESS |  
2019-08-23 18:29:10,603 [grpc-default-executor-3] INFO  client.GrpcClientProtocolClient (GrpcClientProtocolClient.java:onNext(255)) - client-19C32667576E->48affcab-e6e4-4602-963a-f6a50efbd54c: receive RaftClientReply:client-19C32667576E->48affcab-e6e4-4602-963a-f6a50efbd54c@group-50C56EAF5137, cid=2569, SUCCESS, logIndex=3837, commits[48affcab-e6e4-4602-963a-f6a50efbd54c:c3838, 7e391b60-07ae-4d97-a027-4756e468c032:c3834, c5f86d96-67df-4f25-bde3-316f439d30b3:c3834]
2019-08-23 18:29:10,603 [grpc-default-executor-3] INFO  client.GrpcClientProtocolClient (GrpcClientProtocolClient.java:onNext(255)) - client-19C32667576E->48affcab-e6e4-4602-963a-f6a50efbd54c: receive RaftClientReply:client-19C32667576E->48affcab-e6e4-4602-963a-f6a50efbd54c@group-50C56EAF5137, cid=2570, SUCCESS, logIndex=3838, commits[48affcab-e6e4-4602-963a-f6a50efbd54c:c3838, 7e391b60-07ae-4d97-a027-4756e468c032:c3834, c5f86d96-67df-4f25-bde3-316f439d30b3:c3834]
2019-08-23 18:29:10,606 | INFO  | DNAudit | user=null | ip=null | op=WRITE_CHUNK {blockData=conID: 3 locID: 102667711321014873 bcsId: 0} | ret=SUCCESS |  
2019-08-23 18:29:10,606 | INFO  | DNAudit | user=null | ip=null | op=WRITE_CHUNK {blockData=conID: 3 locID: 102667711321014873 bcsId: 0} | ret=SUCCESS |  
2019-08-23 18:29:10,606 | INFO  | DNAudit | user=null | ip=null | op=PUT_BLOCK {blockData=[blockId=conID: 3 locID: 102667711321014873 bcsId: 0,size=1048576]} | ret=SUCCESS |  
2019-08-23 18:29:10,606 | INFO  | DNAudit | user=null | ip=null | op=PUT_BLOCK {blockData=[blockId=conID: 3 locID: 102667711321014873 bcsId: 0,size=1048576]} | ret=SUCCESS |  
2019-08-23 18:29:10,607 [grpc-default-executor-3] INFO  client.GrpcClientProtocolClient (GrpcClientProtocolClient.java:onNext(255)) - client-19C32667576E->48affcab-e6e4-4602-963a-f6a50efbd54c: receive RaftClientReply:client-19C32667576E->48affcab-e6e4-4602-963a-f6a50efbd54c@group-50C56EAF5137, cid=2571, SUCCESS, logIndex=0, commits[48affcab-e6e4-4602-963a-f6a50efbd54c:c3839, 7e391b60-07ae-4d97-a027-4756e468c032:c3836, c5f86d96-67df-4f25-bde3-316f439d30b3:c3836]
2019-08-23 18:29:10,609 | INFO  | DNAudit | user=null | ip=null | op=WRITE_CHUNK {blockData=conID: 3 locID: 102667711321014873 bcsId: 0} | ret=SUCCESS |  
2019-08-23 18:29:10,609 | INFO  | DNAudit | user=null | ip=null | op=WRITE_CHUNK {blockData=conID: 3 locID: 102667711321014873 bcsId: 0} | ret=SUCCESS |  
2019-08-23 18:29:10,610 | INFO  | DNAudit | user=null | ip=null | op=PUT_BLOCK {blockData=[blockId=conID: 3 locID: 102667711321014873 bcsId: 0,size=2097152]} | ret=SUCCESS |  
2019-08-23 18:29:10,610 | INFO  | DNAudit | user=null | ip=null | op=PUT_BLOCK {blockData=[blockId=conID: 3 locID: 102667711321014873 bcsId: 0,size=2097152]} | ret=SUCCESS |  
2019-08-23 18:29:10,612 | INFO  | DNAudit | user=null | ip=null | op=WRITE_CHUNK {blockData=conID: 3 locID: 102667711321014873 bcsId: 3838} | ret=SUCCESS |  
2019-08-23 18:29:10,615 | INFO  | DNAudit | user=null | ip=null | op=WRITE_CHUNK {blockData=conID: 3 locID: 102667711321014873 bcsId: 3838} | ret=SUCCESS |  
2019-08-23 18:29:10,615 | INFO  | DNAudit | user=null | ip=null | op=WRITE_CHUNK {blockData=conID: 3 locID: 102667711321014873 bcsId: 3838} | ret=SUCCESS |  
2019-08-23 18:29:10,617 | INFO  | DNAudit | user=null | ip=null | op=WRITE_CHUNK {blockData=conID: 3 locID: 102667711321014873 bcsId: 3838} | ret=SUCCESS |  
2019-08-23 18:29:10,617 | INFO  | DNAudit | user=null | ip=null | op=PUT_BLOCK {blockData=[blockId=conID: 3 locID: 102667711321014873 bcsId: 0,size=3145728]} | ret=SUCCESS |  
2019-08-23 18:29:10,617 [grpc-default-executor-0] INFO  client.GrpcClientProtocolClient (GrpcClientProtocolClient.java:onNext(255)) - client-19C32667576E->48affcab-e6e4-4602-963a-f6a50efbd54c: receive RaftClientReply:client-19C32667576E->48affcab-e6e4-4602-963a-f6a50efbd54c@group-50C56EAF5137, cid=2572, SUCCESS, logIndex=3843, commits[48affcab-e6e4-4602-963a-f6a50efbd54c:c3844, 7e391b60-07ae-4d97-a027-4756e468c032:c3838, c5f86d96-67df-4f25-bde3-316f439d30b3:c3842]
2019-08-23 18:29:10,618 [grpc-default-executor-0] INFO  client.GrpcClientProtocolClient (GrpcClientProtocolClient.java:onNext(255)) - client-19C32667576E->48affcab-e6e4-4602-963a-f6a50efbd54c: receive RaftClientReply:client-19C32667576E->48affcab-e6e4-4602-963a-f6a50efbd54c@group-50C56EAF5137, cid=2573, SUCCESS, logIndex=3844, commits[48affcab-e6e4-4602-963a-f6a50efbd54c:c3844, 7e391b60-07ae-4d97-a027-4756e468c032:c3842, c5f86d96-67df-4f25-bde3-316f439d30b3:c3842]
2019-08-23 18:29:10,619 | INFO  | DNAudit | user=null | ip=null | op=WRITE_CHUNK {blockData=conID: 3 locID: 102667711321014873 bcsId: 3838} | ret=SUCCESS |  
2019-08-23 18:29:10,619 | INFO  | DNAudit | user=null | ip=null | op=WRITE_CHUNK {blockData=conID: 3 locID: 102667711321014873 bcsId: 3838} | ret=SUCCESS |  
2019-08-23 18:29:10,623 | INFO  | DNAudit | user=null | ip=null | op=PUT_BLOCK {blockData=[blockId=conID: 3 locID: 102667711321014873 bcsId: 0,size=3145728]} | ret=SUCCESS |  
2019-08-23 18:29:10,623 | INFO  | DNAudit | user=null | ip=null | op=PUT_BLOCK {blockData=[blockId=conID: 3 locID: 102667711321014873 bcsId: 0,size=3145728]} | ret=SUCCESS |  
2019-08-23 18:29:10,623 | INFO  | DNAudit | user=null | ip=null | op=WRITE_CHUNK {blockData=conID: 3 locID: 102667711321014873 bcsId: 3844} | ret=SUCCESS |  
2019-08-23 18:29:10,625 | INFO  | DNAudit | user=null | ip=null | op=WRITE_CHUNK {blockData=conID: 3 locID: 102667711321014873 bcsId: 3844} | ret=SUCCESS |  
2019-08-23 18:29:10,625 | INFO  | DNAudit | user=null | ip=null | op=WRITE_CHUNK {blockData=conID: 3 locID: 102667711321014873 bcsId: 3844} | ret=SUCCESS |  
2019-08-23 18:29:10,627 | INFO  | DNAudit | user=null | ip=null | op=WRITE_CHUNK {blockData=conID: 3 locID: 102667711321014873 bcsId: 3844} | ret=SUCCESS |  
2019-08-23 18:29:10,628 | INFO  | DNAudit | user=null | ip=null | op=PUT_BLOCK {blockData=[blockId=conID: 3 locID: 102667711321014873 bcsId: 0,size=4194304]} | ret=SUCCESS |  
2019-08-23 18:29:10,628 [grpc-default-executor-3] INFO  client.GrpcClientProtocolClient (GrpcClientProtocolClient.java:onNext(255)) - client-19C32667576E->48affcab-e6e4-4602-963a-f6a50efbd54c: receive RaftClientReply:client-19C32667576E->48affcab-e6e4-4602-963a-f6a50efbd54c@group-50C56EAF5137, cid=2574, SUCCESS, logIndex=3847, commits[48affcab-e6e4-4602-963a-f6a50efbd54c:c3848, 7e391b60-07ae-4d97-a027-4756e468c032:c3845, c5f86d96-67df-4f25-bde3-316f439d30b3:c3844]
2019-08-23 18:29:10,628 [grpc-default-executor-3] INFO  client.GrpcClientProtocolClient (GrpcClientProtocolClient.java:onNext(255)) - client-19C32667576E->48affcab-e6e4-4602-963a-f6a50efbd54c: receive RaftClientReply:client-19C32667576E->48affcab-e6e4-4602-963a-f6a50efbd54c@group-50C56EAF5137, cid=2575, SUCCESS, logIndex=3848, commits[48affcab-e6e4-4602-963a-f6a50efbd54c:c3848, 7e391b60-07ae-4d97-a027-4756e468c032:c3845, c5f86d96-67df-4f25-bde3-316f439d30b3:c3845]
2019-08-23 18:29:10,629 | INFO  | DNAudit | user=null | ip=null | op=WRITE_CHUNK {blockData=conID: 3 locID: 102667711321014873 bcsId: 3844} | ret=SUCCESS |  
2019-08-23 18:29:10,629 | INFO  | DNAudit | user=null | ip=null | op=WRITE_CHUNK {blockData=conID: 3 locID: 102667711321014873 bcsId: 3844} | ret=SUCCESS |  
2019-08-23 18:29:10,629 | INFO  | DNAudit | user=null | ip=null | op=PUT_BLOCK {blockData=[blockId=conID: 3 locID: 102667711321014873 bcsId: 0,size=4194304]} | ret=SUCCESS |  
2019-08-23 18:29:10,630 | INFO  | DNAudit | user=null | ip=null | op=PUT_BLOCK {blockData=[blockId=conID: 3 locID: 102667711321014873 bcsId: 0,size=4194304]} | ret=SUCCESS |  
2019-08-23 18:29:10,630 [grpc-default-executor-3] INFO  client.GrpcClientProtocolClient (GrpcClientProtocolClient.java:onNext(255)) - client-19C32667576E->48affcab-e6e4-4602-963a-f6a50efbd54c: receive RaftClientReply:client-19C32667576E->48affcab-e6e4-4602-963a-f6a50efbd54c@group-50C56EAF5137, cid=2576, SUCCESS, logIndex=0, commits[48affcab-e6e4-4602-963a-f6a50efbd54c:c3849, 7e391b60-07ae-4d97-a027-4756e468c032:c3848, c5f86d96-67df-4f25-bde3-316f439d30b3:c3848]
2019-08-23 18:29:10,637 | INFO  | SCMAudit | user=jenkins1000 | ip=192.168.34.23 | op=ALLOCATE_BLOCK {owner=1ceb8b80-28f1-43fd-86c3-175afc07b8d1, size=4194304, type=RATIS, factor=THREE} | ret=SUCCESS |  
2019-08-23 18:29:10,641 | INFO  | OMAudit | user=jenkins1000 | ip=127.0.0.1 | op=ALLOCATE_BLOCK {volume=vol-0-45438, bucket=bucket-0-23891, key=key-0-22455, dataSize=0, replicationType=null, replicationFactor=null, keyLocationInfo=null, clientID=102667710122492306} | ret=SUCCESS |  
2019-08-23 18:29:10,647 | INFO  | DNAudit | user=null | ip=null | op=WRITE_CHUNK {blockData=conID: 1 locID: 102667711324947034 bcsId: 0} | ret=SUCCESS |  
2019-08-23 18:29:10,650 | INFO  | DNAudit | user=null | ip=null | op=WRITE_CHUNK {blockData=conID: 1 locID: 102667711324947034 bcsId: 0} | ret=SUCCESS |  
2019-08-23 18:29:10,650 | INFO  | DNAudit | user=null | ip=null | op=WRITE_CHUNK {blockData=conID: 1 locID: 102667711324947034 bcsId: 0} | ret=SUCCESS |  
2019-08-23 18:29:10,651 | INFO  | DNAudit | user=null | ip=null | op=WRITE_CHUNK {blockData=conID: 1 locID: 102667711324947034 bcsId: 0} | ret=SUCCESS |  
2019-08-23 18:29:10,652 | INFO  | DNAudit | user=null | ip=null | op=WRITE_CHUNK {blockData=conID: 1 locID: 102667711324947034 bcsId: 0} | ret=SUCCESS |  
2019-08-23 18:29:10,652 | INFO  | DNAudit | user=null | ip=null | op=WRITE_CHUNK {blockData=conID: 1 locID: 102667711324947034 bcsId: 0} | ret=SUCCESS |  
2019-08-23 18:29:10,662 | INFO  | SCMAudit | user=jenkins1000 | ip=192.168.34.23 | op=SEND_HEARTBEAT {datanodeUUID=c83cddd0-22b5-491d-bff0-a36373498de2, command=[]} | ret=SUCCESS |  
 0.00% |█                                                                                                    |  0/1 Time: 0:00:182019-08-23 18:29:10,668 | INFO  | DNAudit | user=null | ip=null | op=WRITE_CHUNK {blockData=conID: 1 locID: 102667711324947034 bcsId: 0} | ret=SUCCESS |  
2019-08-23 18:29:10,668 | INFO  | DNAudit | user=null | ip=null | op=PUT_BLOCK {blockData=[blockId=conID: 1 locID: 102667711324947034 bcsId: 0,size=1048576]} | ret=SUCCESS |  
2019-08-23 18:29:10,668 | INFO  | DNAudit | user=null | ip=null | op=WRITE_CHUNK {blockData=conID: 1 locID: 102667711324947034 bcsId: 0} | ret=SUCCESS |  
2019-08-23 18:29:10,668 [grpc-default-executor-0] INFO  client.GrpcClientProtocolClient (GrpcClientProtocolClient.java:onNext(255)) - client-19C32667576E->48affcab-e6e4-4602-963a-f6a50efbd54c: receive RaftClientReply:client-19C32667576E->48affcab-e6e4-4602-963a-f6a50efbd54c@group-50C56EAF5137, cid=2577, SUCCESS, logIndex=3851, commits[48affcab-e6e4-4602-963a-f6a50efbd54c:c3852, 7e391b60-07ae-4d97-a027-4756e468c032:c3850, c5f86d96-67df-4f25-bde3-316f439d30b3:c3850]
2019-08-23 18:29:10,669 | INFO  | DNAudit | user=null | ip=null | op=PUT_BLOCK {blockData=[blockId=conID: 1 locID: 102667711324947034 bcsId: 0,size=2097152]} | ret=SUCCESS |  
2019-08-23 18:29:10,669 [grpc-default-executor-0] INFO  client.GrpcClientProtocolClient (GrpcClientProtocolClient.java:onNext(255)) - client-19C32667576E->48affcab-e6e4-4602-963a-f6a50efbd54c: receive RaftClientReply:client-19C32667576E->48affcab-e6e4-4602-963a-f6a50efbd54c@group-50C56EAF5137, cid=2578, SUCCESS, logIndex=3852, commits[48affcab-e6e4-4602-963a-f6a50efbd54c:c3854, 7e391b60-07ae-4d97-a027-4756e468c032:c3850, c5f86d96-67df-4f25-bde3-316f439d30b3:c3850]
2019-08-23 18:29:10,669 [grpc-default-executor-0] INFO  client.GrpcClientProtocolClient (GrpcClientProtocolClient.java:onNext(255)) - client-19C32667576E->48affcab-e6e4-4602-963a-f6a50efbd54c: receive RaftClientReply:client-19C32667576E->48affcab-e6e4-4602-963a-f6a50efbd54c@group-50C56EAF5137, cid=2579, SUCCESS, logIndex=3853, commits[48affcab-e6e4-4602-963a-f6a50efbd54c:c3854, 7e391b60-07ae-4d97-a027-4756e468c032:c3850, c5f86d96-67df-4f25-bde3-316f439d30b3:c3850]
2019-08-23 18:29:10,669 [grpc-default-executor-0] INFO  client.GrpcClientProtocolClient (GrpcClientProtocolClient.java:onNext(255)) - client-19C32667576E->48affcab-e6e4-4602-963a-f6a50efbd54c: receive RaftClientReply:client-19C32667576E->48affcab-e6e4-4602-963a-f6a50efbd54c@group-50C56EAF5137, cid=2580, SUCCESS, logIndex=3854, commits[48affcab-e6e4-4602-963a-f6a50efbd54c:c3854, 7e391b60-07ae-4d97-a027-4756e468c032:c3850, c5f86d96-67df-4f25-bde3-316f439d30b3:c3850]
2019-08-23 18:29:10,669 | INFO  | DNAudit | user=null | ip=null | op=WRITE_CHUNK {blockData=conID: 1 locID: 102667711324947034 bcsId: 0} | ret=SUCCESS |  
2019-08-23 18:29:10,669 | INFO  | DNAudit | user=null | ip=null | op=WRITE_CHUNK {blockData=conID: 1 locID: 102667711324947034 bcsId: 0} | ret=SUCCESS |  
2019-08-23 18:29:10,669 | INFO  | DNAudit | user=null | ip=null | op=PUT_BLOCK {blockData=[blockId=conID: 1 locID: 102667711324947034 bcsId: 0,size=1048576]} | ret=SUCCESS |  
2019-08-23 18:29:10,669 | INFO  | DNAudit | user=null | ip=null | op=PUT_BLOCK {blockData=[blockId=conID: 1 locID: 102667711324947034 bcsId: 0,size=1048576]} | ret=SUCCESS |  
2019-08-23 18:29:10,670 [grpc-default-executor-0] INFO  client.GrpcClientProtocolClient (GrpcClientProtocolClient.java:onNext(255)) - client-19C32667576E->48affcab-e6e4-4602-963a-f6a50efbd54c: receive RaftClientReply:client-19C32667576E->48affcab-e6e4-4602-963a-f6a50efbd54c@group-50C56EAF5137, cid=2581, SUCCESS, logIndex=0, commits[48affcab-e6e4-4602-963a-f6a50efbd54c:c3855, 7e391b60-07ae-4d97-a027-4756e468c032:c3852, c5f86d96-67df-4f25-bde3-316f439d30b3:c3852]
2019-08-23 18:29:10,671 | INFO  | DNAudit | user=null | ip=null | op=WRITE_CHUNK {blockData=conID: 1 locID: 102667711324947034 bcsId: 0} | ret=SUCCESS |  
2019-08-23 18:29:10,671 | INFO  | DNAudit | user=null | ip=null | op=WRITE_CHUNK {blockData=conID: 1 locID: 102667711324947034 bcsId: 0} | ret=SUCCESS |  
2019-08-23 18:29:10,671 | INFO  | DNAudit | user=null | ip=null | op=PUT_BLOCK {blockData=[blockId=conID: 1 locID: 102667711324947034 bcsId: 0,size=2097152]} | ret=SUCCESS |  
2019-08-23 18:29:10,671 | INFO  | DNAudit | user=null | ip=null | op=PUT_BLOCK {blockData=[blockId=conID: 1 locID: 102667711324947034 bcsId: 0,size=2097152]} | ret=SUCCESS |  
2019-08-23 18:29:10,771 | INFO  | SCMAudit | user=jenkins1000 | ip=192.168.34.23 | op=SEND_HEARTBEAT {datanodeUUID=48affcab-e6e4-4602-963a-f6a50efbd54c, command=[]} | ret=SUCCESS |  
2019-08-23 18:29:10,771 | INFO  | SCMAudit | user=jenkins1000 | ip=192.168.34.23 | op=SEND_HEARTBEAT {datanodeUUID=7e391b60-07ae-4d97-a027-4756e468c032, command=[]} | ret=SUCCESS |  
2019-08-23 18:29:10,771 | INFO  | SCMAudit | user=jenkins1000 | ip=192.168.34.23 | op=SEND_HEARTBEAT {datanodeUUID=c5f86d96-67df-4f25-bde3-316f439d30b3, command=[]} | ret=SUCCESS |  
2019-08-23 18:29:10,771 | INFO  | SCMAudit | user=jenkins1000 | ip=192.168.34.23 | op=SEND_HEARTBEAT {datanodeUUID=58706fd2-d7f7-4771-af80-9e0541495c87, command=[]} | ret=SUCCESS |  
2019-08-23 18:29:10,772 | INFO  | DNAudit | user=null | ip=null | op=WRITE_CHUNK {blockData=conID: 1 locID: 102667711324947034 bcsId: 3854} | ret=SUCCESS |  
2019-08-23 18:29:10,774 | INFO  | DNAudit | user=null | ip=null | op=WRITE_CHUNK {blockData=conID: 1 locID: 102667711324947034 bcsId: 3854} | ret=SUCCESS |  
2019-08-23 18:29:10,775 | INFO  | DNAudit | user=null | ip=null | op=WRITE_CHUNK {blockData=conID: 1 locID: 102667711324947034 bcsId: 3854} | ret=SUCCESS |  
2019-08-23 18:29:10,785 | INFO  | DNAudit | user=null | ip=null | op=WRITE_CHUNK {blockData=conID: 1 locID: 102667711324947034 bcsId: 3854} | ret=SUCCESS |  
2019-08-23 18:29:10,785 | INFO  | DNAudit | user=null | ip=null | op=PUT_BLOCK {blockData=[blockId=conID: 1 locID: 102667711324947034 bcsId: 0,size=3145728]} | ret=SUCCESS |  
2019-08-23 18:29:10,785 [grpc-default-executor-5] INFO  client.GrpcClientProtocolClient (GrpcClientProtocolClient.java:onNext(255)) - client-19C32667576E->48affcab-e6e4-4602-963a-f6a50efbd54c: receive RaftClientReply:client-19C32667576E->48affcab-e6e4-4602-963a-f6a50efbd54c@group-50C56EAF5137, cid=2582, SUCCESS, logIndex=3858, commits[48affcab-e6e4-4602-963a-f6a50efbd54c:c3859, 7e391b60-07ae-4d97-a027-4756e468c032:c3857, c5f86d96-67df-4f25-bde3-316f439d30b3:c3857]
2019-08-23 18:29:10,786 [grpc-default-executor-5] INFO  client.GrpcClientProtocolClient (GrpcClientProtocolClient.java:onNext(255)) - client-19C32667576E->48affcab-e6e4-4602-963a-f6a50efbd54c: receive RaftClientReply:client-19C32667576E->48affcab-e6e4-4602-963a-f6a50efbd54c@group-50C56EAF5137, cid=2583, SUCCESS, logIndex=3859, commits[48affcab-e6e4-4602-963a-f6a50efbd54c:c3859, 7e391b60-07ae-4d97-a027-4756e468c032:c3857, c5f86d96-67df-4f25-bde3-316f439d30b3:c3857]
2019-08-23 18:29:10,792 | INFO  | DNAudit | user=null | ip=null | op=WRITE_CHUNK {blockData=conID: 1 locID: 102667711324947034 bcsId: 3859} | ret=SUCCESS |  
2019-08-23 18:29:10,794 | INFO  | DNAudit | user=null | ip=null | op=WRITE_CHUNK {blockData=conID: 1 locID: 102667711324947034 bcsId: 3859} | ret=SUCCESS |  
2019-08-23 18:29:10,795 | INFO  | DNAudit | user=null | ip=null | op=WRITE_CHUNK {blockData=conID: 1 locID: 102667711324947034 bcsId: 3859} | ret=SUCCESS |  
2019-08-23 18:29:10,796 | INFO  | DNAudit | user=null | ip=null | op=WRITE_CHUNK {blockData=conID: 1 locID: 102667711324947034 bcsId: 3854} | ret=SUCCESS |  
2019-08-23 18:29:10,796 | INFO  | DNAudit | user=null | ip=null | op=WRITE_CHUNK {blockData=conID: 1 locID: 102667711324947034 bcsId: 3854} | ret=SUCCESS |  
2019-08-23 18:29:10,799 | INFO  | DNAudit | user=null | ip=null | op=PUT_BLOCK {blockData=[blockId=conID: 1 locID: 102667711324947034 bcsId: 0,size=3145728]} | ret=SUCCESS |  
2019-08-23 18:29:10,799 | INFO  | DNAudit | user=null | ip=null | op=PUT_BLOCK {blockData=[blockId=conID: 1 locID: 102667711324947034 bcsId: 0,size=3145728]} | ret=SUCCESS |  
2019-08-23 18:29:10,799 | INFO  | DNAudit | user=null | ip=null | op=WRITE_CHUNK {blockData=conID: 1 locID: 102667711324947034 bcsId: 3859} | ret=SUCCESS |  
2019-08-23 18:29:10,800 | INFO  | DNAudit | user=null | ip=null | op=PUT_BLOCK {blockData=[blockId=conID: 1 locID: 102667711324947034 bcsId: 0,size=4194304]} | ret=SUCCESS |  
2019-08-23 18:29:10,800 [grpc-default-executor-5] INFO  client.GrpcClientProtocolClient (GrpcClientProtocolClient.java:onNext(255)) - client-19C32667576E->48affcab-e6e4-4602-963a-f6a50efbd54c: receive RaftClientReply:client-19C32667576E->48affcab-e6e4-4602-963a-f6a50efbd54c@group-50C56EAF5137, cid=2584, SUCCESS, logIndex=3862, commits[48affcab-e6e4-4602-963a-f6a50efbd54c:c3863, 7e391b60-07ae-4d97-a027-4756e468c032:c3859, c5f86d96-67df-4f25-bde3-316f439d30b3:c3859]
2019-08-23 18:29:10,800 [grpc-default-executor-5] INFO  client.GrpcClientProtocolClient (GrpcClientProtocolClient.java:onNext(255)) - client-19C32667576E->48affcab-e6e4-4602-963a-f6a50efbd54c: receive RaftClientReply:client-19C32667576E->48affcab-e6e4-4602-963a-f6a50efbd54c@group-50C56EAF5137, cid=2585, SUCCESS, logIndex=3863, commits[48affcab-e6e4-4602-963a-f6a50efbd54c:c3863, 7e391b60-07ae-4d97-a027-4756e468c032:c3859, c5f86d96-67df-4f25-bde3-316f439d30b3:c3859]
2019-08-23 18:29:10,812 | INFO  | DNAudit | user=null | ip=null | op=WRITE_CHUNK {blockData=conID: 1 locID: 102667711324947034 bcsId: 3859} | ret=SUCCESS |  
2019-08-23 18:29:10,813 | INFO  | DNAudit | user=null | ip=null | op=WRITE_CHUNK {blockData=conID: 1 locID: 102667711324947034 bcsId: 3859} | ret=SUCCESS |  
2019-08-23 18:29:10,824 | INFO  | DNAudit | user=null | ip=null | op=PUT_BLOCK {blockData=[blockId=conID: 1 locID: 102667711324947034 bcsId: 0,size=4194304]} | ret=SUCCESS |  
2019-08-23 18:29:10,824 | INFO  | DNAudit | user=null | ip=null | op=PUT_BLOCK {blockData=[blockId=conID: 1 locID: 102667711324947034 bcsId: 0,size=4194304]} | ret=SUCCESS |  
2019-08-23 18:29:10,825 [grpc-default-executor-5] INFO  client.GrpcClientProtocolClient (GrpcClientProtocolClient.java:onNext(255)) - client-19C32667576E->48affcab-e6e4-4602-963a-f6a50efbd54c: receive RaftClientReply:client-19C32667576E->48affcab-e6e4-4602-963a-f6a50efbd54c@group-50C56EAF5137, cid=2586, SUCCESS, logIndex=0, commits[48affcab-e6e4-4602-963a-f6a50efbd54c:c3865, 7e391b60-07ae-4d97-a027-4756e468c032:c3863, c5f86d96-67df-4f25-bde3-316f439d30b3:c3863]
2019-08-23 18:29:10,830 | INFO  | SCMAudit | user=jenkins1000 | ip=192.168.34.23 | op=ALLOCATE_BLOCK {owner=1ceb8b80-28f1-43fd-86c3-175afc07b8d1, size=4194304, type=RATIS, factor=THREE} | ret=SUCCESS |  
2019-08-23 18:29:10,834 | INFO  | OMAudit | user=jenkins1000 | ip=127.0.0.1 | op=ALLOCATE_BLOCK {volume=vol-0-45438, bucket=bucket-0-23891, key=key-0-22455, dataSize=0, replicationType=null, replicationFactor=null, keyLocationInfo=null, clientID=102667710122492306} | ret=SUCCESS |  
2019-08-23 18:29:10,840 | INFO  | DNAudit | user=null | ip=null | op=WRITE_CHUNK {blockData=conID: 2 locID: 102667711337595483 bcsId: 0} | ret=SUCCESS |  
2019-08-23 18:29:10,843 | INFO  | DNAudit | user=null | ip=null | op=WRITE_CHUNK {blockData=conID: 2 locID: 102667711337595483 bcsId: 0} | ret=SUCCESS |  
2019-08-23 18:29:10,843 | INFO  | DNAudit | user=null | ip=null | op=WRITE_CHUNK {blockData=conID: 2 locID: 102667711337595483 bcsId: 0} | ret=SUCCESS |  
2019-08-23 18:29:10,843 | INFO  | DNAudit | user=null | ip=null | op=WRITE_CHUNK {blockData=conID: 2 locID: 102667711337595483 bcsId: 0} | ret=SUCCESS |  
2019-08-23 18:29:10,845 | INFO  | DNAudit | user=null | ip=null | op=WRITE_CHUNK {blockData=conID: 2 locID: 102667711337595483 bcsId: 0} | ret=SUCCESS |  
2019-08-23 18:29:10,846 | INFO  | DNAudit | user=null | ip=null | op=WRITE_CHUNK {blockData=conID: 2 locID: 102667711337595483 bcsId: 0} | ret=SUCCESS |  
2019-08-23 18:29:10,854 | INFO  | DNAudit | user=null | ip=null | op=WRITE_CHUNK {blockData=conID: 2 locID: 102667711337595483 bcsId: 0} | ret=SUCCESS |  
2019-08-23 18:29:10,855 | INFO  | DNAudit | user=null | ip=null | op=PUT_BLOCK {blockData=[blockId=conID: 2 locID: 102667711337595483 bcsId: 0,size=1048576]} | ret=SUCCESS |  
2019-08-23 18:29:10,855 [grpc-default-executor-5] INFO  client.GrpcClientProtocolClient (GrpcClientProtocolClient.java:onNext(255)) - client-19C32667576E->48affcab-e6e4-4602-963a-f6a50efbd54c: receive RaftClientReply:client-19C32667576E->48affcab-e6e4-4602-963a-f6a50efbd54c@group-50C56EAF5137, cid=2587, SUCCESS, logIndex=3866, commits[48affcab-e6e4-4602-963a-f6a50efbd54c:c3867, 7e391b60-07ae-4d97-a027-4756e468c032:c3865, c5f86d96-67df-4f25-bde3-316f439d30b3:c3865]
2019-08-23 18:29:10,855 [grpc-default-executor-5] INFO  client.GrpcClientProtocolClient (GrpcClientProtocolClient.java:onNext(255)) - client-19C32667576E->48affcab-e6e4-4602-963a-f6a50efbd54c: receive RaftClientReply:client-19C32667576E->48affcab-e6e4-4602-963a-f6a50efbd54c@group-50C56EAF5137, cid=2588, SUCCESS, logIndex=3867, commits[48affcab-e6e4-4602-963a-f6a50efbd54c:c3867, 7e391b60-07ae-4d97-a027-4756e468c032:c3865, c5f86d96-67df-4f25-bde3-316f439d30b3:c3865]
2019-08-23 18:29:10,867 | INFO  | DNAudit | user=null | ip=null | op=WRITE_CHUNK {blockData=conID: 2 locID: 102667711337595483 bcsId: 0} | ret=SUCCESS |  
2019-08-23 18:29:10,867 | INFO  | DNAudit | user=null | ip=null | op=PUT_BLOCK {blockData=[blockId=conID: 2 locID: 102667711337595483 bcsId: 0,size=2097152]} | ret=SUCCESS |  
2019-08-23 18:29:10,867 [grpc-default-executor-0] INFO  client.GrpcClientProtocolClient (GrpcClientProtocolClient.java:onNext(255)) - client-19C32667576E->48affcab-e6e4-4602-963a-f6a50efbd54c: receive RaftClientReply:client-19C32667576E->48affcab-e6e4-4602-963a-f6a50efbd54c@group-50C56EAF5137, cid=2589, SUCCESS, logIndex=3868, commits[48affcab-e6e4-4602-963a-f6a50efbd54c:c3869, 7e391b60-07ae-4d97-a027-4756e468c032:c3865, c5f86d96-67df-4f25-bde3-316f439d30b3:c3865]
2019-08-23 18:29:10,868 [grpc-default-executor-0] INFO  client.GrpcClientProtocolClient (GrpcClientProtocolClient.java:onNext(255)) - client-19C32667576E->48affcab-e6e4-4602-963a-f6a50efbd54c: receive RaftClientReply:client-19C32667576E->48affcab-e6e4-4602-963a-f6a50efbd54c@group-50C56EAF5137, cid=2590, SUCCESS, logIndex=3869, commits[48affcab-e6e4-4602-963a-f6a50efbd54c:c3869, 7e391b60-07ae-4d97-a027-4756e468c032:c3865, c5f86d96-67df-4f25-bde3-316f439d30b3:c3865]
2019-08-23 18:29:10,878 | INFO  | DNAudit | user=null | ip=null | op=WRITE_CHUNK {blockData=conID: 2 locID: 102667711337595483 bcsId: 0} | ret=SUCCESS |  
2019-08-23 18:29:10,878 | INFO  | DNAudit | user=null | ip=null | op=WRITE_CHUNK {blockData=conID: 2 locID: 102667711337595483 bcsId: 0} | ret=SUCCESS |  
2019-08-23 18:29:10,878 | INFO  | DNAudit | user=null | ip=null | op=PUT_BLOCK {blockData=[blockId=conID: 2 locID: 102667711337595483 bcsId: 0,size=1048576]} | ret=SUCCESS |  
2019-08-23 18:29:10,878 | INFO  | DNAudit | user=null | ip=null | op=PUT_BLOCK {blockData=[blockId=conID: 2 locID: 102667711337595483 bcsId: 0,size=1048576]} | ret=SUCCESS |  
2019-08-23 18:29:10,878 [grpc-default-executor-0] INFO  client.GrpcClientProtocolClient (GrpcClientProtocolClient.java:onNext(255)) - client-19C32667576E->48affcab-e6e4-4602-963a-f6a50efbd54c: receive RaftClientReply:client-19C32667576E->48affcab-e6e4-4602-963a-f6a50efbd54c@group-50C56EAF5137, cid=2591, SUCCESS, logIndex=0, commits[48affcab-e6e4-4602-963a-f6a50efbd54c:c3870, 7e391b60-07ae-4d97-a027-4756e468c032:c3867, c5f86d96-67df-4f25-bde3-316f439d30b3:c3867]
2019-08-23 18:29:10,879 | INFO  | DNAudit | user=null | ip=null | op=WRITE_CHUNK {blockData=conID: 2 locID: 102667711337595483 bcsId: 0} | ret=SUCCESS |  
2019-08-23 18:29:10,879 | INFO  | DNAudit | user=null | ip=null | op=PUT_BLOCK {blockData=[blockId=conID: 2 locID: 102667711337595483 bcsId: 0,size=2097152]} | ret=SUCCESS |  
2019-08-23 18:29:10,881 | INFO  | DNAudit | user=null | ip=null | op=WRITE_CHUNK {blockData=conID: 2 locID: 102667711337595483 bcsId: 0} | ret=SUCCESS |  
2019-08-23 18:29:10,881 | INFO  | DNAudit | user=null | ip=null | op=PUT_BLOCK {blockData=[blockId=conID: 2 locID: 102667711337595483 bcsId: 0,size=2097152]} | ret=SUCCESS |  
2019-08-23 18:29:10,885 | INFO  | DNAudit | user=null | ip=null | op=WRITE_CHUNK {blockData=conID: 2 locID: 102667711337595483 bcsId: 3869} | ret=SUCCESS |  
2019-08-23 18:29:10,887 | INFO  | DNAudit | user=null | ip=null | op=WRITE_CHUNK {blockData=conID: 2 locID: 102667711337595483 bcsId: 3869} | ret=SUCCESS |  
2019-08-23 18:29:10,888 | INFO  | DNAudit | user=null | ip=null | op=WRITE_CHUNK {blockData=conID: 2 locID: 102667711337595483 bcsId: 3869} | ret=SUCCESS |  
2019-08-23 18:29:10,899 | INFO  | DNAudit | user=null | ip=null | op=WRITE_CHUNK {blockData=conID: 2 locID: 102667711337595483 bcsId: 3869} | ret=SUCCESS |  
2019-08-23 18:29:10,899 | INFO  | DNAudit | user=null | ip=null | op=PUT_BLOCK {blockData=[blockId=conID: 2 locID: 102667711337595483 bcsId: 0,size=3145728]} | ret=SUCCESS |  
2019-08-23 18:29:10,899 [grpc-default-executor-0] INFO  client.GrpcClientProtocolClient (GrpcClientProtocolClient.java:onNext(255)) - client-19C32667576E->48affcab-e6e4-4602-963a-f6a50efbd54c: receive RaftClientReply:client-19C32667576E->48affcab-e6e4-4602-963a-f6a50efbd54c@group-50C56EAF5137, cid=2592, SUCCESS, logIndex=3874, commits[48affcab-e6e4-4602-963a-f6a50efbd54c:c3875, 7e391b60-07ae-4d97-a027-4756e468c032:c3873, c5f86d96-67df-4f25-bde3-316f439d30b3:c3873]
2019-08-23 18:29:10,900 [grpc-default-executor-0] INFO  client.GrpcClientProtocolClient (GrpcClientProtocolClient.java:onNext(255)) - client-19C32667576E->48affcab-e6e4-4602-963a-f6a50efbd54c: receive RaftClientReply:client-19C32667576E->48affcab-e6e4-4602-963a-f6a50efbd54c@group-50C56EAF5137, cid=2593, SUCCESS, logIndex=3875, commits[48affcab-e6e4-4602-963a-f6a50efbd54c:c3875, 7e391b60-07ae-4d97-a027-4756e468c032:c3873, c5f86d96-67df-4f25-bde3-316f439d30b3:c3873]
2019-08-23 18:29:10,905 | INFO  | DNAudit | user=null | ip=null | op=WRITE_CHUNK {blockData=conID: 2 locID: 102667711337595483 bcsId: 3875} | ret=SUCCESS |  
2019-08-23 18:29:10,908 | INFO  | DNAudit | user=null | ip=null | op=WRITE_CHUNK {blockData=conID: 2 locID: 102667711337595483 bcsId: 3875} | ret=SUCCESS |  
2019-08-23 18:29:10,908 | INFO  | DNAudit | user=null | ip=null | op=WRITE_CHUNK {blockData=conID: 2 locID: 102667711337595483 bcsId: 3875} | ret=SUCCESS |  
2019-08-23 18:29:10,922 | INFO  | DNAudit | user=null | ip=null | op=WRITE_CHUNK {blockData=conID: 2 locID: 102667711337595483 bcsId: 3869} | ret=SUCCESS |  
2019-08-23 18:29:10,922 | INFO  | DNAudit | user=null | ip=null | op=WRITE_CHUNK {blockData=conID: 2 locID: 102667711337595483 bcsId: 3869} | ret=SUCCESS |  
2019-08-23 18:29:10,924 | INFO  | DNAudit | user=null | ip=null | op=PUT_BLOCK {blockData=[blockId=conID: 2 locID: 102667711337595483 bcsId: 0,size=3145728]} | ret=SUCCESS |  
2019-08-23 18:29:10,924 | INFO  | DNAudit | user=null | ip=null | op=PUT_BLOCK {blockData=[blockId=conID: 2 locID: 102667711337595483 bcsId: 0,size=3145728]} | ret=SUCCESS |  
2019-08-23 18:29:10,925 | INFO  | DNAudit | user=null | ip=null | op=WRITE_CHUNK {blockData=conID: 2 locID: 102667711337595483 bcsId: 3875} | ret=SUCCESS |  
2019-08-23 18:29:10,925 | INFO  | DNAudit | user=null | ip=null | op=PUT_BLOCK {blockData=[blockId=conID: 2 locID: 102667711337595483 bcsId: 0,size=4194304]} | ret=SUCCESS |  
2019-08-23 18:29:10,925 [grpc-default-executor-5] INFO  client.GrpcClientProtocolClient (GrpcClientProtocolClient.java:onNext(255)) - client-19C32667576E->48affcab-e6e4-4602-963a-f6a50efbd54c: receive RaftClientReply:client-19C32667576E->48affcab-e6e4-4602-963a-f6a50efbd54c@group-50C56EAF5137, cid=2594, SUCCESS, logIndex=3878, commits[48affcab-e6e4-4602-963a-f6a50efbd54c:c3879, 7e391b60-07ae-4d97-a027-4756e468c032:c3875, c5f86d96-67df-4f25-bde3-316f439d30b3:c3875]
2019-08-23 18:29:10,925 [grpc-default-executor-5] INFO  client.GrpcClientProtocolClient (GrpcClientProtocolClient.java:onNext(255)) - client-19C32667576E->48affcab-e6e4-4602-963a-f6a50efbd54c: receive RaftClientReply:client-19C32667576E->48affcab-e6e4-4602-963a-f6a50efbd54c@group-50C56EAF5137, cid=2595, SUCCESS, logIndex=3879, commits[48affcab-e6e4-4602-963a-f6a50efbd54c:c3879, 7e391b60-07ae-4d97-a027-4756e468c032:c3875, c5f86d96-67df-4f25-bde3-316f439d30b3:c3875]
2019-08-23 18:29:10,936 | INFO  | DNAudit | user=null | ip=null | op=WRITE_CHUNK {blockData=conID: 2 locID: 102667711337595483 bcsId: 3875} | ret=SUCCESS |  
2019-08-23 18:29:10,937 | INFO  | DNAudit | user=null | ip=null | op=PUT_BLOCK {blockData=[blockId=conID: 2 locID: 102667711337595483 bcsId: 0,size=4194304]} | ret=SUCCESS |  
2019-08-23 18:29:10,937 | INFO  | DNAudit | user=null | ip=null | op=WRITE_CHUNK {blockData=conID: 2 locID: 102667711337595483 bcsId: 3875} | ret=SUCCESS |  
2019-08-23 18:29:10,938 | INFO  | DNAudit | user=null | ip=null | op=PUT_BLOCK {blockData=[blockId=conID: 2 locID: 102667711337595483 bcsId: 0,size=4194304]} | ret=SUCCESS |  
2019-08-23 18:29:10,938 [grpc-default-executor-5] INFO  client.GrpcClientProtocolClient (GrpcClientProtocolClient.java:onNext(255)) - client-19C32667576E->48affcab-e6e4-4602-963a-f6a50efbd54c: receive RaftClientReply:client-19C32667576E->48affcab-e6e4-4602-963a-f6a50efbd54c@group-50C56EAF5137, cid=2596, SUCCESS, logIndex=0, commits[48affcab-e6e4-4602-963a-f6a50efbd54c:c3881, 7e391b60-07ae-4d97-a027-4756e468c032:c3879, c5f86d96-67df-4f25-bde3-316f439d30b3:c3879]
2019-08-23 18:29:10,942 | INFO  | SCMAudit | user=jenkins1000 | ip=192.168.34.23 | op=ALLOCATE_BLOCK {owner=1ceb8b80-28f1-43fd-86c3-175afc07b8d1, size=4194304, type=RATIS, factor=THREE} | ret=SUCCESS |  
2019-08-23 18:29:10,945 | INFO  | OMAudit | user=jenkins1000 | ip=127.0.0.1 | op=ALLOCATE_BLOCK {volume=vol-0-45438, bucket=bucket-0-23891, key=key-0-22455, dataSize=0, replicationType=null, replicationFactor=null, keyLocationInfo=null, clientID=102667710122492306} | ret=SUCCESS |  
2019-08-23 18:29:10,951 | INFO  | DNAudit | user=null | ip=null | op=WRITE_CHUNK {blockData=conID: 3 locID: 102667711344935516 bcsId: 0} | ret=SUCCESS |  
2019-08-23 18:29:10,954 | INFO  | DNAudit | user=null | ip=null | op=WRITE_CHUNK {blockData=conID: 3 locID: 102667711344935516 bcsId: 0} | ret=SUCCESS |  
2019-08-23 18:29:10,954 | INFO  | DNAudit | user=null | ip=null | op=WRITE_CHUNK {blockData=conID: 3 locID: 102667711344935516 bcsId: 0} | ret=SUCCESS |  
2019-08-23 18:29:10,955 | INFO  | DNAudit | user=null | ip=null | op=WRITE_CHUNK {blockData=conID: 3 locID: 102667711344935516 bcsId: 0} | ret=SUCCESS |  
2019-08-23 18:29:10,957 | INFO  | DNAudit | user=null | ip=null | op=WRITE_CHUNK {blockData=conID: 3 locID: 102667711344935516 bcsId: 0} | ret=SUCCESS |  
2019-08-23 18:29:10,957 | INFO  | DNAudit | user=null | ip=null | op=WRITE_CHUNK {blockData=conID: 3 locID: 102667711344935516 bcsId: 0} | ret=SUCCESS |  
2019-08-23 18:29:10,964 | INFO  | DNAudit | user=null | ip=null | op=WRITE_CHUNK {blockData=conID: 3 locID: 102667711344935516 bcsId: 0} | ret=SUCCESS |  
2019-08-23 18:29:10,964 | INFO  | DNAudit | user=null | ip=null | op=PUT_BLOCK {blockData=[blockId=conID: 3 locID: 102667711344935516 bcsId: 0,size=1048576]} | ret=SUCCESS |  
2019-08-23 18:29:10,964 [grpc-default-executor-0] INFO  client.GrpcClientProtocolClient (GrpcClientProtocolClient.java:onNext(255)) - client-19C32667576E->48affcab-e6e4-4602-963a-f6a50efbd54c: receive RaftClientReply:client-19C32667576E->48affcab-e6e4-4602-963a-f6a50efbd54c@group-50C56EAF5137, cid=2597, SUCCESS, logIndex=3882, commits[48affcab-e6e4-4602-963a-f6a50efbd54c:c3883, 7e391b60-07ae-4d97-a027-4756e468c032:c3881, c5f86d96-67df-4f25-bde3-316f439d30b3:c3881]
2019-08-23 18:29:10,964 | INFO  | DNAudit | user=null | ip=null | op=WRITE_CHUNK {blockData=conID: 3 locID: 102667711344935516 bcsId: 0} | ret=SUCCESS |  
2019-08-23 18:29:10,965 [grpc-default-executor-0] INFO  client.GrpcClientProtocolClient (GrpcClientProtocolClient.java:onNext(255)) - client-19C32667576E->48affcab-e6e4-4602-963a-f6a50efbd54c: receive RaftClientReply:client-19C32667576E->48affcab-e6e4-4602-963a-f6a50efbd54c@group-50C56EAF5137, cid=2598, SUCCESS, logIndex=3883, commits[48affcab-e6e4-4602-963a-f6a50efbd54c:c3884, 7e391b60-07ae-4d97-a027-4756e468c032:c3881, c5f86d96-67df-4f25-bde3-316f439d30b3:c3881]
2019-08-23 18:29:10,965 | INFO  | DNAudit | user=null | ip=null | op=PUT_BLOCK {blockData=[blockId=conID: 3 locID: 102667711344935516 bcsId: 0,size=2097152]} | ret=SUCCESS |  
2019-08-23 18:29:10,965 [grpc-default-executor-0] INFO  client.GrpcClientProtocolClient (GrpcClientProtocolClient.java:onNext(255)) - client-19C32667576E->48affcab-e6e4-4602-963a-f6a50efbd54c: receive RaftClientReply:client-19C32667576E->48affcab-e6e4-4602-963a-f6a50efbd54c@group-50C56EAF5137, cid=2599, SUCCESS, logIndex=3884, commits[48affcab-e6e4-4602-963a-f6a50efbd54c:c3885, 7e391b60-07ae-4d97-a027-4756e468c032:c3881, c5f86d96-67df-4f25-bde3-316f439d30b3:c3881]
2019-08-23 18:29:10,965 [grpc-default-executor-0] INFO  client.GrpcClientProtocolClient (GrpcClientProtocolClient.java:onNext(255)) - client-19C32667576E->48affcab-e6e4-4602-963a-f6a50efbd54c: receive RaftClientReply:client-19C32667576E->48affcab-e6e4-4602-963a-f6a50efbd54c@group-50C56EAF5137, cid=2600, SUCCESS, logIndex=3885, commits[48affcab-e6e4-4602-963a-f6a50efbd54c:c3885, 7e391b60-07ae-4d97-a027-4756e468c032:c3881, c5f86d96-67df-4f25-bde3-316f439d30b3:c3881]
2019-08-23 18:29:10,976 | INFO  | DNAudit | user=null | ip=null | op=WRITE_CHUNK {blockData=conID: 3 locID: 102667711344935516 bcsId: 0} | ret=SUCCESS |  
2019-08-23 18:29:10,976 | INFO  | DNAudit | user=null | ip=null | op=PUT_BLOCK {blockData=[blockId=conID: 3 locID: 102667711344935516 bcsId: 0,size=1048576]} | ret=SUCCESS |  
2019-08-23 18:29:10,978 | INFO  | DNAudit | user=null | ip=null | op=WRITE_CHUNK {blockData=conID: 3 locID: 102667711344935516 bcsId: 0} | ret=SUCCESS |  
2019-08-23 18:29:10,978 | INFO  | DNAudit | user=null | ip=null | op=PUT_BLOCK {blockData=[blockId=conID: 3 locID: 102667711344935516 bcsId: 0,size=1048576]} | ret=SUCCESS |  
2019-08-23 18:29:10,979 | INFO  | DNAudit | user=null | ip=null | op=WRITE_CHUNK {blockData=conID: 3 locID: 102667711344935516 bcsId: 0} | ret=SUCCESS |  
2019-08-23 18:29:10,979 [grpc-default-executor-5] INFO  client.GrpcClientProtocolClient (GrpcClientProtocolClient.java:onNext(255)) - client-19C32667576E->48affcab-e6e4-4602-963a-f6a50efbd54c: receive RaftClientReply:client-19C32667576E->48affcab-e6e4-4602-963a-f6a50efbd54c@group-50C56EAF5137, cid=2601, SUCCESS, logIndex=0, commits[48affcab-e6e4-4602-963a-f6a50efbd54c:c3887, 7e391b60-07ae-4d97-a027-4756e468c032:c3883, c5f86d96-67df-4f25-bde3-316f439d30b3:c3883]
2019-08-23 18:29:10,979 | INFO  | DNAudit | user=null | ip=null | op=PUT_BLOCK {blockData=[blockId=conID: 3 locID: 102667711344935516 bcsId: 0,size=2097152]} | ret=SUCCESS |  
2019-08-23 18:29:10,984 | INFO  | DNAudit | user=null | ip=null | op=WRITE_CHUNK {blockData=conID: 3 locID: 102667711344935516 bcsId: 3885} | ret=SUCCESS |  
2019-08-23 18:29:10,986 | INFO  | DNAudit | user=null | ip=null | op=WRITE_CHUNK {blockData=conID: 3 locID: 102667711344935516 bcsId: 3885} | ret=SUCCESS |  
2019-08-23 18:29:10,987 | INFO  | DNAudit | user=null | ip=null | op=WRITE_CHUNK {blockData=conID: 3 locID: 102667711344935516 bcsId: 3885} | ret=SUCCESS |  
2019-08-23 18:29:10,989 | INFO  | DNAudit | user=null | ip=null | op=WRITE_CHUNK {blockData=conID: 3 locID: 102667711344935516 bcsId: 0} | ret=SUCCESS |  
2019-08-23 18:29:10,989 | INFO  | DNAudit | user=null | ip=null | op=PUT_BLOCK {blockData=[blockId=conID: 3 locID: 102667711344935516 bcsId: 0,size=2097152]} | ret=SUCCESS |  
2019-08-23 18:29:10,991 | INFO  | DNAudit | user=null | ip=null | op=WRITE_CHUNK {blockData=conID: 3 locID: 102667711344935516 bcsId: 3885} | ret=SUCCESS |  
2019-08-23 18:29:10,992 | INFO  | DNAudit | user=null | ip=null | op=PUT_BLOCK {blockData=[blockId=conID: 3 locID: 102667711344935516 bcsId: 0,size=3145728]} | ret=SUCCESS |  
2019-08-23 18:29:10,992 [grpc-default-executor-0] INFO  client.GrpcClientProtocolClient (GrpcClientProtocolClient.java:onNext(255)) - client-19C32667576E->48affcab-e6e4-4602-963a-f6a50efbd54c: receive RaftClientReply:client-19C32667576E->48affcab-e6e4-4602-963a-f6a50efbd54c@group-50C56EAF5137, cid=2602, SUCCESS, logIndex=3890, commits[48affcab-e6e4-4602-963a-f6a50efbd54c:c3891, 7e391b60-07ae-4d97-a027-4756e468c032:c3885, c5f86d96-67df-4f25-bde3-316f439d30b3:c3889]
2019-08-23 18:29:10,992 [grpc-default-executor-0] INFO  client.GrpcClientProtocolClient (GrpcClientProtocolClient.java:onNext(255)) - client-19C32667576E->48affcab-e6e4-4602-963a-f6a50efbd54c: receive RaftClientReply:client-19C32667576E->48affcab-e6e4-4602-963a-f6a50efbd54c@group-50C56EAF5137, cid=2603, SUCCESS, logIndex=3891, commits[48affcab-e6e4-4602-963a-f6a50efbd54c:c3891, 7e391b60-07ae-4d97-a027-4756e468c032:c3885, c5f86d96-67df-4f25-bde3-316f439d30b3:c3889]
2019-08-23 18:29:10,997 | INFO  | DNAudit | user=null | ip=null | op=WRITE_CHUNK {blockData=conID: 3 locID: 102667711344935516 bcsId: 3891} | ret=SUCCESS |  
2019-08-23 18:29:10,999 | INFO  | DNAudit | user=null | ip=null | op=WRITE_CHUNK {blockData=conID: 3 locID: 102667711344935516 bcsId: 3891} | ret=SUCCESS |  
2019-08-23 18:29:10,999 | INFO  | DNAudit | user=null | ip=null | op=WRITE_CHUNK {blockData=conID: 3 locID: 102667711344935516 bcsId: 3891} | ret=SUCCESS |  
2019-08-23 18:29:11,004 | INFO  | DNAudit | user=null | ip=null | op=WRITE_CHUNK {blockData=conID: 3 locID: 102667711344935516 bcsId: 3885} | ret=SUCCESS |  
2019-08-23 18:29:11,004 | INFO  | DNAudit | user=null | ip=null | op=PUT_BLOCK {blockData=[blockId=conID: 3 locID: 102667711344935516 bcsId: 0,size=3145728]} | ret=SUCCESS |  
2019-08-23 18:29:11,015 | INFO  | DNAudit | user=null | ip=null | op=WRITE_CHUNK {blockData=conID: 3 locID: 102667711344935516 bcsId: 3885} | ret=SUCCESS |  
2019-08-23 18:29:11,016 | INFO  | DNAudit | user=null | ip=null | op=PUT_BLOCK {blockData=[blockId=conID: 3 locID: 102667711344935516 bcsId: 0,size=3145728]} | ret=SUCCESS |  
2019-08-23 18:29:11,017 | INFO  | DNAudit | user=null | ip=null | op=WRITE_CHUNK {blockData=conID: 3 locID: 102667711344935516 bcsId: 3891} | ret=SUCCESS |  
2019-08-23 18:29:11,018 | INFO  | DNAudit | user=null | ip=null | op=PUT_BLOCK {blockData=[blockId=conID: 3 locID: 102667711344935516 bcsId: 0,size=4194304]} | ret=SUCCESS |  
2019-08-23 18:29:11,018 [grpc-default-executor-3] INFO  client.GrpcClientProtocolClient (GrpcClientProtocolClient.java:onNext(255)) - client-19C32667576E->48affcab-e6e4-4602-963a-f6a50efbd54c: receive RaftClientReply:client-19C32667576E->48affcab-e6e4-4602-963a-f6a50efbd54c@group-50C56EAF5137, cid=2604, SUCCESS, logIndex=3893, commits[48affcab-e6e4-4602-963a-f6a50efbd54c:c3894, 7e391b60-07ae-4d97-a027-4756e468c032:c3891, c5f86d96-67df-4f25-bde3-316f439d30b3:c3891]
2019-08-23 18:29:11,018 [grpc-default-executor-3] INFO  client.GrpcClientProtocolClient (GrpcClientProtocolClient.java:onNext(255)) - client-19C32667576E->48affcab-e6e4-4602-963a-f6a50efbd54c: receive RaftClientReply:client-19C32667576E->48affcab-e6e4-4602-963a-f6a50efbd54c@group-50C56EAF5137, cid=2605, SUCCESS, logIndex=3894, commits[48affcab-e6e4-4602-963a-f6a50efbd54c:c3894, 7e391b60-07ae-4d97-a027-4756e468c032:c3891, c5f86d96-67df-4f25-bde3-316f439d30b3:c3891]
2019-08-23 18:29:11,030 | INFO  | DNAudit | user=null | ip=null | op=WRITE_CHUNK {blockData=conID: 3 locID: 102667711344935516 bcsId: 3891} | ret=SUCCESS |  
2019-08-23 18:29:11,030 | INFO  | DNAudit | user=null | ip=null | op=WRITE_CHUNK {blockData=conID: 3 locID: 102667711344935516 bcsId: 3891} | ret=SUCCESS |  
2019-08-23 18:29:11,030 | INFO  | DNAudit | user=null | ip=null | op=PUT_BLOCK {blockData=[blockId=conID: 3 locID: 102667711344935516 bcsId: 0,size=4194304]} | ret=SUCCESS |  
2019-08-23 18:29:11,030 | INFO  | DNAudit | user=null | ip=null | op=PUT_BLOCK {blockData=[blockId=conID: 3 locID: 102667711344935516 bcsId: 0,size=4194304]} | ret=SUCCESS |  
2019-08-23 18:29:11,031 [grpc-default-executor-3] INFO  client.GrpcClientProtocolClient (GrpcClientProtocolClient.java:onNext(255)) - client-19C32667576E->48affcab-e6e4-4602-963a-f6a50efbd54c: receive RaftClientReply:client-19C32667576E->48affcab-e6e4-4602-963a-f6a50efbd54c@group-50C56EAF5137, cid=2606, SUCCESS, logIndex=0, commits[48affcab-e6e4-4602-963a-f6a50efbd54c:c3895, 7e391b60-07ae-4d97-a027-4756e468c032:c3894, c5f86d96-67df-4f25-bde3-316f439d30b3:c3894]
2019-08-23 18:29:11,035 | INFO  | SCMAudit | user=jenkins1000 | ip=192.168.34.23 | op=ALLOCATE_BLOCK {owner=1ceb8b80-28f1-43fd-86c3-175afc07b8d1, size=4194304, type=RATIS, factor=THREE} | ret=SUCCESS |  
2019-08-23 18:29:11,038 | INFO  | OMAudit | user=jenkins1000 | ip=127.0.0.1 | op=ALLOCATE_BLOCK {volume=vol-0-45438, bucket=bucket-0-23891, key=key-0-22455, dataSize=0, replicationType=null, replicationFactor=null, keyLocationInfo=null, clientID=102667710122492306} | ret=SUCCESS |  
2019-08-23 18:29:11,045 | INFO  | DNAudit | user=null | ip=null | op=WRITE_CHUNK {blockData=conID: 1 locID: 102667711351030365 bcsId: 0} | ret=SUCCESS |  
2019-08-23 18:29:11,046 | INFO  | DNAudit | user=null | ip=null | op=WRITE_CHUNK {blockData=conID: 1 locID: 102667711351030365 bcsId: 0} | ret=SUCCESS |  
2019-08-23 18:29:11,047 | INFO  | DNAudit | user=null | ip=null | op=WRITE_CHUNK {blockData=conID: 1 locID: 102667711351030365 bcsId: 0} | ret=SUCCESS |  
2019-08-23 18:29:11,048 | INFO  | DNAudit | user=null | ip=null | op=WRITE_CHUNK {blockData=conID: 1 locID: 102667711351030365 bcsId: 0} | ret=SUCCESS |  
2019-08-23 18:29:11,048 | INFO  | DNAudit | user=null | ip=null | op=WRITE_CHUNK {blockData=conID: 1 locID: 102667711351030365 bcsId: 0} | ret=SUCCESS |  
2019-08-23 18:29:11,049 | INFO  | DNAudit | user=null | ip=null | op=WRITE_CHUNK {blockData=conID: 1 locID: 102667711351030365 bcsId: 0} | ret=SUCCESS |  
2019-08-23 18:29:11,060 | INFO  | DNAudit | user=null | ip=null | op=WRITE_CHUNK {blockData=conID: 1 locID: 102667711351030365 bcsId: 0} | ret=SUCCESS |  
2019-08-23 18:29:11,060 | INFO  | DNAudit | user=null | ip=null | op=PUT_BLOCK {blockData=[blockId=conID: 1 locID: 102667711351030365 bcsId: 0,size=1048576]} | ret=SUCCESS |  
2019-08-23 18:29:11,061 [grpc-default-executor-3] INFO  client.GrpcClientProtocolClient (GrpcClientProtocolClient.java:onNext(255)) - client-19C32667576E->48affcab-e6e4-4602-963a-f6a50efbd54c: receive RaftClientReply:client-19C32667576E->48affcab-e6e4-4602-963a-f6a50efbd54c@group-50C56EAF5137, cid=2607, SUCCESS, logIndex=3896, commits[48affcab-e6e4-4602-963a-f6a50efbd54c:c3898, 7e391b60-07ae-4d97-a027-4756e468c032:c3895, c5f86d96-67df-4f25-bde3-316f439d30b3:c3895]
2019-08-23 18:29:11,061 [grpc-default-executor-3] INFO  client.GrpcClientProtocolClient (GrpcClientProtocolClient.java:onNext(255)) - client-19C32667576E->48affcab-e6e4-4602-963a-f6a50efbd54c: receive RaftClientReply:client-19C32667576E->48affcab-e6e4-4602-963a-f6a50efbd54c@group-50C56EAF5137, cid=2608, SUCCESS, logIndex=3897, commits[48affcab-e6e4-4602-963a-f6a50efbd54c:c3899, 7e391b60-07ae-4d97-a027-4756e468c032:c3895, c5f86d96-67df-4f25-bde3-316f439d30b3:c3895]
2019-08-23 18:29:11,071 | INFO  | DNAudit | user=null | ip=null | op=WRITE_CHUNK {blockData=conID: 1 locID: 102667711351030365 bcsId: 0} | ret=SUCCESS |  
2019-08-23 18:29:11,071 | INFO  | DNAudit | user=null | ip=null | op=PUT_BLOCK {blockData=[blockId=conID: 1 locID: 102667711351030365 bcsId: 0,size=2097152]} | ret=SUCCESS |  
2019-08-23 18:29:11,071 [grpc-default-executor-0] INFO  client.GrpcClientProtocolClient (GrpcClientProtocolClient.java:onNext(255)) - client-19C32667576E->48affcab-e6e4-4602-963a-f6a50efbd54c: receive RaftClientReply:client-19C32667576E->48affcab-e6e4-4602-963a-f6a50efbd54c@group-50C56EAF5137, cid=2609, SUCCESS, logIndex=3898, commits[48affcab-e6e4-4602-963a-f6a50efbd54c:c3899, 7e391b60-07ae-4d97-a027-4756e468c032:c3895, c5f86d96-67df-4f25-bde3-316f439d30b3:c3895]
2019-08-23 18:29:11,071 [grpc-default-executor-0] INFO  client.GrpcClientProtocolClient (GrpcClientProtocolClient.java:onNext(255)) - client-19C32667576E->48affcab-e6e4-4602-963a-f6a50efbd54c: receive RaftClientReply:client-19C32667576E->48affcab-e6e4-4602-963a-f6a50efbd54c@group-50C56EAF5137, cid=2610, SUCCESS, logIndex=3899, commits[48affcab-e6e4-4602-963a-f6a50efbd54c:c3899, 7e391b60-07ae-4d97-a027-4756e468c032:c3895, c5f86d96-67df-4f25-bde3-316f439d30b3:c3895]
2019-08-23 18:29:11,073 | INFO  | DNAudit | user=null | ip=null | op=WRITE_CHUNK {blockData=conID: 1 locID: 102667711351030365 bcsId: 0} | ret=SUCCESS |  
2019-08-23 18:29:11,073 | INFO  | DNAudit | user=null | ip=null | op=PUT_BLOCK {blockData=[blockId=conID: 1 locID: 102667711351030365 bcsId: 0,size=1048576]} | ret=SUCCESS |  
2019-08-23 18:29:11,074 | INFO  | DNAudit | user=null | ip=null | op=WRITE_CHUNK {blockData=conID: 1 locID: 102667711351030365 bcsId: 0} | ret=SUCCESS |  
2019-08-23 18:29:11,075 | INFO  | DNAudit | user=null | ip=null | op=PUT_BLOCK {blockData=[blockId=conID: 1 locID: 102667711351030365 bcsId: 0,size=1048576]} | ret=SUCCESS |  
2019-08-23 18:29:11,075 | INFO  | DNAudit | user=null | ip=null | op=WRITE_CHUNK {blockData=conID: 1 locID: 102667711351030365 bcsId: 0} | ret=SUCCESS |  
2019-08-23 18:29:11,075 [grpc-default-executor-3] INFO  client.GrpcClientProtocolClient (GrpcClientProtocolClient.java:onNext(255)) - client-19C32667576E->48affcab-e6e4-4602-963a-f6a50efbd54c: receive RaftClientReply:client-19C32667576E->48affcab-e6e4-4602-963a-f6a50efbd54c@group-50C56EAF5137, cid=2611, SUCCESS, logIndex=0, commits[48affcab-e6e4-4602-963a-f6a50efbd54c:c3900, 7e391b60-07ae-4d97-a027-4756e468c032:c3897, c5f86d96-67df-4f25-bde3-316f439d30b3:c3897]
2019-08-23 18:29:11,075 | INFO  | DNAudit | user=null | ip=null | op=PUT_BLOCK {blockData=[blockId=conID: 1 locID: 102667711351030365 bcsId: 0,size=2097152]} | ret=SUCCESS |  
2019-08-23 18:29:11,081 | INFO  | DNAudit | user=null | ip=null | op=WRITE_CHUNK {blockData=conID: 1 locID: 102667711351030365 bcsId: 3899} | ret=SUCCESS |  
2019-08-23 18:29:11,083 | INFO  | DNAudit | user=null | ip=null | op=WRITE_CHUNK {blockData=conID: 1 locID: 102667711351030365 bcsId: 0} | ret=SUCCESS |  
2019-08-23 18:29:11,083 | INFO  | DNAudit | user=null | ip=null | op=WRITE_CHUNK {blockData=conID: 1 locID: 102667711351030365 bcsId: 3899} | ret=SUCCESS |  
2019-08-23 18:29:11,084 | INFO  | DNAudit | user=null | ip=null | op=PUT_BLOCK {blockData=[blockId=conID: 1 locID: 102667711351030365 bcsId: 0,size=2097152]} | ret=SUCCESS |  
2019-08-23 18:29:11,084 | INFO  | DNAudit | user=null | ip=null | op=WRITE_CHUNK {blockData=conID: 1 locID: 102667711351030365 bcsId: 3899} | ret=SUCCESS |  
2019-08-23 18:29:11,085 | INFO  | DNAudit | user=null | ip=null | op=WRITE_CHUNK {blockData=conID: 1 locID: 102667711351030365 bcsId: 3899} | ret=SUCCESS |  
2019-08-23 18:29:11,085 | INFO  | DNAudit | user=null | ip=null | op=PUT_BLOCK {blockData=[blockId=conID: 1 locID: 102667711351030365 bcsId: 0,size=3145728]} | ret=SUCCESS |  
2019-08-23 18:29:11,085 [grpc-default-executor-0] INFO  client.GrpcClientProtocolClient (GrpcClientProtocolClient.java:onNext(255)) - client-19C32667576E->48affcab-e6e4-4602-963a-f6a50efbd54c: receive RaftClientReply:client-19C32667576E->48affcab-e6e4-4602-963a-f6a50efbd54c@group-50C56EAF5137, cid=2612, SUCCESS, logIndex=3904, commits[48affcab-e6e4-4602-963a-f6a50efbd54c:c3905, 7e391b60-07ae-4d97-a027-4756e468c032:c3900, c5f86d96-67df-4f25-bde3-316f439d30b3:c3899]
2019-08-23 18:29:11,085 [grpc-default-executor-0] INFO  client.GrpcClientProtocolClient (GrpcClientProtocolClient.java:onNext(255)) - client-19C32667576E->48affcab-e6e4-4602-963a-f6a50efbd54c: receive RaftClientReply:client-19C32667576E->48affcab-e6e4-4602-963a-f6a50efbd54c@group-50C56EAF5137, cid=2613, SUCCESS, logIndex=3905, commits[48affcab-e6e4-4602-963a-f6a50efbd54c:c3905, 7e391b60-07ae-4d97-a027-4756e468c032:c3900, c5f86d96-67df-4f25-bde3-316f439d30b3:c3899]
2019-08-23 18:29:11,090 | INFO  | DNAudit | user=null | ip=null | op=WRITE_CHUNK {blockData=conID: 1 locID: 102667711351030365 bcsId: 3899} | ret=SUCCESS |  
2019-08-23 18:29:11,090 | INFO  | DNAudit | user=null | ip=null | op=WRITE_CHUNK {blockData=conID: 1 locID: 102667711351030365 bcsId: 3899} | ret=SUCCESS |  
2019-08-23 18:29:11,090 | INFO  | DNAudit | user=null | ip=null | op=PUT_BLOCK {blockData=[blockId=conID: 1 locID: 102667711351030365 bcsId: 0,size=3145728]} | ret=SUCCESS |  
2019-08-23 18:29:11,090 | INFO  | DNAudit | user=null | ip=null | op=PUT_BLOCK {blockData=[blockId=conID: 1 locID: 102667711351030365 bcsId: 0,size=3145728]} | ret=SUCCESS |  
2019-08-23 18:29:11,090 | INFO  | DNAudit | user=null | ip=null | op=WRITE_CHUNK {blockData=conID: 1 locID: 102667711351030365 bcsId: 3905} | ret=SUCCESS |  
2019-08-23 18:29:11,092 | INFO  | DNAudit | user=null | ip=null | op=WRITE_CHUNK {blockData=conID: 1 locID: 102667711351030365 bcsId: 3905} | ret=SUCCESS |  
2019-08-23 18:29:11,093 | INFO  | DNAudit | user=null | ip=null | op=WRITE_CHUNK {blockData=conID: 1 locID: 102667711351030365 bcsId: 3905} | ret=SUCCESS |  
2019-08-23 18:29:11,095 | INFO  | DNAudit | user=null | ip=null | op=WRITE_CHUNK {blockData=conID: 1 locID: 102667711351030365 bcsId: 3905} | ret=SUCCESS |  
2019-08-23 18:29:11,096 | INFO  | DNAudit | user=null | ip=null | op=PUT_BLOCK {blockData=[blockId=conID: 1 locID: 102667711351030365 bcsId: 0,size=4194304]} | ret=SUCCESS |  
2019-08-23 18:29:11,096 [grpc-default-executor-3] INFO  client.GrpcClientProtocolClient (GrpcClientProtocolClient.java:onNext(255)) - client-19C32667576E->48affcab-e6e4-4602-963a-f6a50efbd54c: receive RaftClientReply:client-19C32667576E->48affcab-e6e4-4602-963a-f6a50efbd54c@group-50C56EAF5137, cid=2614, SUCCESS, logIndex=3908, commits[48affcab-e6e4-4602-963a-f6a50efbd54c:c3909, 7e391b60-07ae-4d97-a027-4756e468c032:c3905, c5f86d96-67df-4f25-bde3-316f439d30b3:c3905]
2019-08-23 18:29:11,096 [grpc-default-executor-3] INFO  client.GrpcClientProtocolClient (GrpcClientProtocolClient.java:onNext(255)) - client-19C32667576E->48affcab-e6e4-4602-963a-f6a50efbd54c: receive RaftClientReply:client-19C32667576E->48affcab-e6e4-4602-963a-f6a50efbd54c@group-50C56EAF5137, cid=2615, SUCCESS, logIndex=3909, commits[48affcab-e6e4-4602-963a-f6a50efbd54c:c3909, 7e391b60-07ae-4d97-a027-4756e468c032:c3905, c5f86d96-67df-4f25-bde3-316f439d30b3:c3905]
2019-08-23 18:29:11,098 | INFO  | DNAudit | user=null | ip=null | op=WRITE_CHUNK {blockData=conID: 1 locID: 102667711351030365 bcsId: 3905} | ret=SUCCESS |  
2019-08-23 18:29:11,098 | INFO  | DNAudit | user=null | ip=null | op=WRITE_CHUNK {blockData=conID: 1 locID: 102667711351030365 bcsId: 3905} | ret=SUCCESS |  
2019-08-23 18:29:11,098 | INFO  | DNAudit | user=null | ip=null | op=PUT_BLOCK {blockData=[blockId=conID: 1 locID: 102667711351030365 bcsId: 0,size=4194304]} | ret=SUCCESS |  
2019-08-23 18:29:11,098 | INFO  | DNAudit | user=null | ip=null | op=PUT_BLOCK {blockData=[blockId=conID: 1 locID: 102667711351030365 bcsId: 0,size=4194304]} | ret=SUCCESS |  
2019-08-23 18:29:11,099 [grpc-default-executor-3] INFO  client.GrpcClientProtocolClient (GrpcClientProtocolClient.java:onNext(255)) - client-19C32667576E->48affcab-e6e4-4602-963a-f6a50efbd54c: receive RaftClientReply:client-19C32667576E->48affcab-e6e4-4602-963a-f6a50efbd54c@group-50C56EAF5137, cid=2616, SUCCESS, logIndex=0, commits[48affcab-e6e4-4602-963a-f6a50efbd54c:c3910, 7e391b60-07ae-4d97-a027-4756e468c032:c3909, c5f86d96-67df-4f25-bde3-316f439d30b3:c3909]
2019-08-23 18:29:11,103 | INFO  | SCMAudit | user=jenkins1000 | ip=192.168.34.23 | op=ALLOCATE_BLOCK {owner=1ceb8b80-28f1-43fd-86c3-175afc07b8d1, size=4194304, type=RATIS, factor=THREE} | ret=SUCCESS |  
2019-08-23 18:29:11,105 | INFO  | OMAudit | user=jenkins1000 | ip=127.0.0.1 | op=ALLOCATE_BLOCK {volume=vol-0-45438, bucket=bucket-0-23891, key=key-0-22455, dataSize=0, replicationType=null, replicationFactor=null, keyLocationInfo=null, clientID=102667710122492306} | ret=SUCCESS |  
2019-08-23 18:29:11,111 | INFO  | DNAudit | user=null | ip=null | op=WRITE_CHUNK {blockData=conID: 2 locID: 102667711355486814 bcsId: 0} | ret=SUCCESS |  
2019-08-23 18:29:11,113 | INFO  | DNAudit | user=null | ip=null | op=WRITE_CHUNK {blockData=conID: 2 locID: 102667711355486814 bcsId: 0} | ret=SUCCESS |  
2019-08-23 18:29:11,113 | INFO  | DNAudit | user=null | ip=null | op=WRITE_CHUNK {blockData=conID: 2 locID: 102667711355486814 bcsId: 0} | ret=SUCCESS |  
2019-08-23 18:29:11,114 | INFO  | DNAudit | user=null | ip=null | op=WRITE_CHUNK {blockData=conID: 2 locID: 102667711355486814 bcsId: 0} | ret=SUCCESS |  
2019-08-23 18:29:11,114 | INFO  | DNAudit | user=null | ip=null | op=WRITE_CHUNK {blockData=conID: 2 locID: 102667711355486814 bcsId: 0} | ret=SUCCESS |  
2019-08-23 18:29:11,114 | INFO  | DNAudit | user=null | ip=null | op=WRITE_CHUNK {blockData=conID: 2 locID: 102667711355486814 bcsId: 0} | ret=SUCCESS |  
2019-08-23 18:29:11,115 | INFO  | DNAudit | user=null | ip=null | op=WRITE_CHUNK {blockData=conID: 2 locID: 102667711355486814 bcsId: 0} | ret=SUCCESS |  
2019-08-23 18:29:11,115 | INFO  | DNAudit | user=null | ip=null | op=PUT_BLOCK {blockData=[blockId=conID: 2 locID: 102667711355486814 bcsId: 0,size=1048576]} | ret=SUCCESS |  
2019-08-23 18:29:11,115 [grpc-default-executor-3] INFO  client.GrpcClientProtocolClient (GrpcClientProtocolClient.java:onNext(255)) - client-19C32667576E->48affcab-e6e4-4602-963a-f6a50efbd54c: receive RaftClientReply:client-19C32667576E->48affcab-e6e4-4602-963a-f6a50efbd54c@group-50C56EAF5137, cid=2617, SUCCESS, logIndex=3912, commits[48affcab-e6e4-4602-963a-f6a50efbd54c:c3913, 7e391b60-07ae-4d97-a027-4756e468c032:c3911, c5f86d96-67df-4f25-bde3-316f439d30b3:c3909]
2019-08-23 18:29:11,115 [grpc-default-executor-3] INFO  client.GrpcClientProtocolClient (GrpcClientProtocolClient.java:onNext(255)) - client-19C32667576E->48affcab-e6e4-4602-963a-f6a50efbd54c: receive RaftClientReply:client-19C32667576E->48affcab-e6e4-4602-963a-f6a50efbd54c@group-50C56EAF5137, cid=2618, SUCCESS, logIndex=3913, commits[48affcab-e6e4-4602-963a-f6a50efbd54c:c3913, 7e391b60-07ae-4d97-a027-4756e468c032:c3911, c5f86d96-67df-4f25-bde3-316f439d30b3:c3909]
2019-08-23 18:29:11,118 | INFO  | DNAudit | user=null | ip=null | op=WRITE_CHUNK {blockData=conID: 2 locID: 102667711355486814 bcsId: 0} | ret=SUCCESS |  
2019-08-23 18:29:11,118 | INFO  | DNAudit | user=null | ip=null | op=WRITE_CHUNK {blockData=conID: 2 locID: 102667711355486814 bcsId: 0} | ret=SUCCESS |  
2019-08-23 18:29:11,119 | INFO  | DNAudit | user=null | ip=null | op=PUT_BLOCK {blockData=[blockId=conID: 2 locID: 102667711355486814 bcsId: 0,size=2097152]} | ret=SUCCESS |  
2019-08-23 18:29:11,119 | INFO  | DNAudit | user=null | ip=null | op=PUT_BLOCK {blockData=[blockId=conID: 2 locID: 102667711355486814 bcsId: 0,size=1048576]} | ret=SUCCESS |  
2019-08-23 18:29:11,119 | INFO  | DNAudit | user=null | ip=null | op=WRITE_CHUNK {blockData=conID: 2 locID: 102667711355486814 bcsId: 0} | ret=SUCCESS |  
2019-08-23 18:29:11,119 [grpc-default-executor-0] INFO  client.GrpcClientProtocolClient (GrpcClientProtocolClient.java:onNext(255)) - client-19C32667576E->48affcab-e6e4-4602-963a-f6a50efbd54c: receive RaftClientReply:client-19C32667576E->48affcab-e6e4-4602-963a-f6a50efbd54c@group-50C56EAF5137, cid=2619, SUCCESS, logIndex=3914, commits[48affcab-e6e4-4602-963a-f6a50efbd54c:c3915, 7e391b60-07ae-4d97-a027-4756e468c032:c3911, c5f86d96-67df-4f25-bde3-316f439d30b3:c3911]
2019-08-23 18:29:11,119 | INFO  | DNAudit | user=null | ip=null | op=PUT_BLOCK {blockData=[blockId=conID: 2 locID: 102667711355486814 bcsId: 0,size=1048576]} | ret=SUCCESS |  
2019-08-23 18:29:11,119 [grpc-default-executor-0] INFO  client.GrpcClientProtocolClient (GrpcClientProtocolClient.java:onNext(255)) - client-19C32667576E->48affcab-e6e4-4602-963a-f6a50efbd54c: receive RaftClientReply:client-19C32667576E->48affcab-e6e4-4602-963a-f6a50efbd54c@group-50C56EAF5137, cid=2620, SUCCESS, logIndex=3915, commits[48affcab-e6e4-4602-963a-f6a50efbd54c:c3916, 7e391b60-07ae-4d97-a027-4756e468c032:c3913, c5f86d96-67df-4f25-bde3-316f439d30b3:c3911]
2019-08-23 18:29:11,120 | INFO  | DNAudit | user=null | ip=null | op=WRITE_CHUNK {blockData=conID: 2 locID: 102667711355486814 bcsId: 0} | ret=SUCCESS |  
2019-08-23 18:29:11,120 [grpc-default-executor-0] INFO  client.GrpcClientProtocolClient (GrpcClientProtocolClient.java:onNext(255)) - client-19C32667576E->48affcab-e6e4-4602-963a-f6a50efbd54c: receive RaftClientReply:client-19C32667576E->48affcab-e6e4-4602-963a-f6a50efbd54c@group-50C56EAF5137, cid=2621, SUCCESS, logIndex=0, commits[48affcab-e6e4-4602-963a-f6a50efbd54c:c3917, 7e391b60-07ae-4d97-a027-4756e468c032:c3913, c5f86d96-67df-4f25-bde3-316f439d30b3:c3913]
2019-08-23 18:29:11,122 | INFO  | DNAudit | user=null | ip=null | op=WRITE_CHUNK {blockData=conID: 2 locID: 102667711355486814 bcsId: 0} | ret=SUCCESS |  
2019-08-23 18:29:11,122 | INFO  | DNAudit | user=null | ip=null | op=PUT_BLOCK {blockData=[blockId=conID: 2 locID: 102667711355486814 bcsId: 0,size=2097152]} | ret=SUCCESS |  
2019-08-23 18:29:11,123 | INFO  | DNAudit | user=null | ip=null | op=PUT_BLOCK {blockData=[blockId=conID: 2 locID: 102667711355486814 bcsId: 0,size=2097152]} | ret=SUCCESS |  
2019-08-23 18:29:11,125 | INFO  | DNAudit | user=null | ip=null | op=WRITE_CHUNK {blockData=conID: 2 locID: 102667711355486814 bcsId: 3915} | ret=SUCCESS |  
2019-08-23 18:29:11,127 | INFO  | DNAudit | user=null | ip=null | op=WRITE_CHUNK {blockData=conID: 2 locID: 102667711355486814 bcsId: 3915} | ret=SUCCESS |  
2019-08-23 18:29:11,127 | INFO  | DNAudit | user=null | ip=null | op=WRITE_CHUNK {blockData=conID: 2 locID: 102667711355486814 bcsId: 3915} | ret=SUCCESS |  
2019-08-23 18:29:11,129 | INFO  | DNAudit | user=null | ip=null | op=WRITE_CHUNK {blockData=conID: 2 locID: 102667711355486814 bcsId: 3915} | ret=SUCCESS |  
2019-08-23 18:29:11,129 | INFO  | DNAudit | user=null | ip=null | op=PUT_BLOCK {blockData=[blockId=conID: 2 locID: 102667711355486814 bcsId: 0,size=3145728]} | ret=SUCCESS |  
2019-08-23 18:29:11,129 [grpc-default-executor-5] INFO  client.GrpcClientProtocolClient (GrpcClientProtocolClient.java:onNext(255)) - client-19C32667576E->48affcab-e6e4-4602-963a-f6a50efbd54c: receive RaftClientReply:client-19C32667576E->48affcab-e6e4-4602-963a-f6a50efbd54c@group-50C56EAF5137, cid=2622, SUCCESS, logIndex=3920, commits[48affcab-e6e4-4602-963a-f6a50efbd54c:c3921, 7e391b60-07ae-4d97-a027-4756e468c032:c3919, c5f86d96-67df-4f25-bde3-316f439d30b3:c3915]
2019-08-23 18:29:11,129 [grpc-default-executor-5] INFO  client.GrpcClientProtocolClient (GrpcClientProtocolClient.java:onNext(255)) - client-19C32667576E->48affcab-e6e4-4602-963a-f6a50efbd54c: receive RaftClientReply:client-19C32667576E->48affcab-e6e4-4602-963a-f6a50efbd54c@group-50C56EAF5137, cid=2623, SUCCESS, logIndex=3921, commits[48affcab-e6e4-4602-963a-f6a50efbd54c:c3921, 7e391b60-07ae-4d97-a027-4756e468c032:c3919, c5f86d96-67df-4f25-bde3-316f439d30b3:c3919]
2019-08-23 18:29:11,132 | INFO  | DNAudit | user=null | ip=null | op=WRITE_CHUNK {blockData=conID: 2 locID: 102667711355486814 bcsId: 3915} | ret=SUCCESS |  
2019-08-23 18:29:11,132 | INFO  | DNAudit | user=null | ip=null | op=WRITE_CHUNK {blockData=conID: 2 locID: 102667711355486814 bcsId: 3915} | ret=SUCCESS |  
2019-08-23 18:29:11,132 | INFO  | DNAudit | user=null | ip=null | op=PUT_BLOCK {blockData=[blockId=conID: 2 locID: 102667711355486814 bcsId: 0,size=3145728]} | ret=SUCCESS |  
2019-08-23 18:29:11,132 | INFO  | DNAudit | user=null | ip=null | op=PUT_BLOCK {blockData=[blockId=conID: 2 locID: 102667711355486814 bcsId: 0,size=3145728]} | ret=SUCCESS |  
2019-08-23 18:29:11,134 | INFO  | DNAudit | user=null | ip=null | op=WRITE_CHUNK {blockData=conID: 2 locID: 102667711355486814 bcsId: 3921} | ret=SUCCESS |  
2019-08-23 18:29:11,136 | INFO  | DNAudit | user=null | ip=null | op=WRITE_CHUNK {blockData=conID: 2 locID: 102667711355486814 bcsId: 3921} | ret=SUCCESS |  
2019-08-23 18:29:11,136 | INFO  | DNAudit | user=null | ip=null | op=WRITE_CHUNK {blockData=conID: 2 locID: 102667711355486814 bcsId: 3921} | ret=SUCCESS |  
2019-08-23 18:29:11,138 | INFO  | DNAudit | user=null | ip=null | op=WRITE_CHUNK {blockData=conID: 2 locID: 102667711355486814 bcsId: 3921} | ret=SUCCESS |  
2019-08-23 18:29:11,138 | INFO  | DNAudit | user=null | ip=null | op=PUT_BLOCK {blockData=[blockId=conID: 2 locID: 102667711355486814 bcsId: 0,size=4194304]} | ret=SUCCESS |  
2019-08-23 18:29:11,138 [grpc-default-executor-4] INFO  client.GrpcClientProtocolClient (GrpcClientProtocolClient.java:onNext(255)) - client-19C32667576E->48affcab-e6e4-4602-963a-f6a50efbd54c: receive RaftClientReply:client-19C32667576E->48affcab-e6e4-4602-963a-f6a50efbd54c@group-50C56EAF5137, cid=2624, SUCCESS, logIndex=3924, commits[48affcab-e6e4-4602-963a-f6a50efbd54c:c3925, 7e391b60-07ae-4d97-a027-4756e468c032:c3922, c5f86d96-67df-4f25-bde3-316f439d30b3:c3922]
2019-08-23 18:29:11,138 [grpc-default-executor-4] INFO  client.GrpcClientProtocolClient (GrpcClientProtocolClient.java:onNext(255)) - client-19C32667576E->48affcab-e6e4-4602-963a-f6a50efbd54c: receive RaftClientReply:client-19C32667576E->48affcab-e6e4-4602-963a-f6a50efbd54c@group-50C56EAF5137, cid=2625, SUCCESS, logIndex=3925, commits[48affcab-e6e4-4602-963a-f6a50efbd54c:c3925, 7e391b60-07ae-4d97-a027-4756e468c032:c3922, c5f86d96-67df-4f25-bde3-316f439d30b3:c3922]
2019-08-23 18:29:11,140 | INFO  | DNAudit | user=null | ip=null | op=WRITE_CHUNK {blockData=conID: 2 locID: 102667711355486814 bcsId: 3921} | ret=SUCCESS |  
2019-08-23 18:29:11,140 | INFO  | DNAudit | user=null | ip=null | op=WRITE_CHUNK {blockData=conID: 2 locID: 102667711355486814 bcsId: 3921} | ret=SUCCESS |  
2019-08-23 18:29:11,144 | INFO  | DNAudit | user=null | ip=null | op=PUT_BLOCK {blockData=[blockId=conID: 2 locID: 102667711355486814 bcsId: 0,size=4194304]} | ret=SUCCESS |  
2019-08-23 18:29:11,144 | INFO  | DNAudit | user=null | ip=null | op=PUT_BLOCK {blockData=[blockId=conID: 2 locID: 102667711355486814 bcsId: 0,size=4194304]} | ret=SUCCESS |  
2019-08-23 18:29:11,144 [grpc-default-executor-4] INFO  client.GrpcClientProtocolClient (GrpcClientProtocolClient.java:onNext(255)) - client-19C32667576E->48affcab-e6e4-4602-963a-f6a50efbd54c: receive RaftClientReply:client-19C32667576E->48affcab-e6e4-4602-963a-f6a50efbd54c@group-50C56EAF5137, cid=2626, SUCCESS, logIndex=0, commits[48affcab-e6e4-4602-963a-f6a50efbd54c:c3927, 7e391b60-07ae-4d97-a027-4756e468c032:c3925, c5f86d96-67df-4f25-bde3-316f439d30b3:c3925]
2019-08-23 18:29:11,150 | INFO  | SCMAudit | user=jenkins1000 | ip=192.168.34.23 | op=ALLOCATE_BLOCK {owner=1ceb8b80-28f1-43fd-86c3-175afc07b8d1, size=4194304, type=RATIS, factor=THREE} | ret=SUCCESS |  
2019-08-23 18:29:11,153 | INFO  | OMAudit | user=jenkins1000 | ip=127.0.0.1 | op=ALLOCATE_BLOCK {volume=vol-0-45438, bucket=bucket-0-23891, key=key-0-22455, dataSize=0, replicationType=null, replicationFactor=null, keyLocationInfo=null, clientID=102667710122492306} | ret=SUCCESS |  
2019-08-23 18:29:11,158 | INFO  | DNAudit | user=null | ip=null | op=WRITE_CHUNK {blockData=conID: 3 locID: 102667711358567007 bcsId: 0} | ret=SUCCESS |  
2019-08-23 18:29:11,160 | INFO  | DNAudit | user=null | ip=null | op=WRITE_CHUNK {blockData=conID: 3 locID: 102667711358567007 bcsId: 0} | ret=SUCCESS |  
2019-08-23 18:29:11,161 | INFO  | DNAudit | user=null | ip=null | op=WRITE_CHUNK {blockData=conID: 3 locID: 102667711358567007 bcsId: 0} | ret=SUCCESS |  
2019-08-23 18:29:11,161 | INFO  | DNAudit | user=null | ip=null | op=WRITE_CHUNK {blockData=conID: 3 locID: 102667711358567007 bcsId: 0} | ret=SUCCESS |  
2019-08-23 18:29:11,162 | INFO  | DNAudit | user=null | ip=null | op=WRITE_CHUNK {blockData=conID: 3 locID: 102667711358567007 bcsId: 0} | ret=SUCCESS |  
2019-08-23 18:29:11,162 | INFO  | DNAudit | user=null | ip=null | op=WRITE_CHUNK {blockData=conID: 3 locID: 102667711358567007 bcsId: 0} | ret=SUCCESS |  
2019-08-23 18:29:11,185 | INFO  | DNAudit | user=null | ip=null | op=WRITE_CHUNK {blockData=conID: 3 locID: 102667711358567007 bcsId: 0} | ret=SUCCESS |  
2019-08-23 18:29:11,185 | INFO  | DNAudit | user=null | ip=null | op=PUT_BLOCK {blockData=[blockId=conID: 3 locID: 102667711358567007 bcsId: 0,size=1048576]} | ret=SUCCESS |  
2019-08-23 18:29:11,185 | INFO  | DNAudit | user=null | ip=null | op=WRITE_CHUNK {blockData=conID: 3 locID: 102667711358567007 bcsId: 0} | ret=SUCCESS |  
2019-08-23 18:29:11,185 [grpc-default-executor-4] INFO  client.GrpcClientProtocolClient (GrpcClientProtocolClient.java:onNext(255)) - client-19C32667576E->48affcab-e6e4-4602-963a-f6a50efbd54c: receive RaftClientReply:client-19C32667576E->48affcab-e6e4-4602-963a-f6a50efbd54c@group-50C56EAF5137, cid=2627, SUCCESS, logIndex=3928, commits[48affcab-e6e4-4602-963a-f6a50efbd54c:c3929, 7e391b60-07ae-4d97-a027-4756e468c032:c3927, c5f86d96-67df-4f25-bde3-316f439d30b3:c3927]
2019-08-23 18:29:11,186 | INFO  | DNAudit | user=null | ip=null | op=PUT_BLOCK {blockData=[blockId=conID: 3 locID: 102667711358567007 bcsId: 0,size=2097152]} | ret=SUCCESS |  
2019-08-23 18:29:11,186 [grpc-default-executor-4] INFO  client.GrpcClientProtocolClient (GrpcClientProtocolClient.java:onNext(255)) - client-19C32667576E->48affcab-e6e4-4602-963a-f6a50efbd54c: receive RaftClientReply:client-19C32667576E->48affcab-e6e4-4602-963a-f6a50efbd54c@group-50C56EAF5137, cid=2628, SUCCESS, logIndex=3929, commits[48affcab-e6e4-4602-963a-f6a50efbd54c:c3931, 7e391b60-07ae-4d97-a027-4756e468c032:c3927, c5f86d96-67df-4f25-bde3-316f439d30b3:c3927]
2019-08-23 18:29:11,186 [grpc-default-executor-4] INFO  client.GrpcClientProtocolClient (GrpcClientProtocolClient.java:onNext(255)) - client-19C32667576E->48affcab-e6e4-4602-963a-f6a50efbd54c: receive RaftClientReply:client-19C32667576E->48affcab-e6e4-4602-963a-f6a50efbd54c@group-50C56EAF5137, cid=2629, SUCCESS, logIndex=3930, commits[48affcab-e6e4-4602-963a-f6a50efbd54c:c3931, 7e391b60-07ae-4d97-a027-4756e468c032:c3927, c5f86d96-67df-4f25-bde3-316f439d30b3:c3927]
2019-08-23 18:29:11,186 [grpc-default-executor-4] INFO  client.GrpcClientProtocolClient (GrpcClientProtocolClient.java:onNext(255)) - client-19C32667576E->48affcab-e6e4-4602-963a-f6a50efbd54c: receive RaftClientReply:client-19C32667576E->48affcab-e6e4-4602-963a-f6a50efbd54c@group-50C56EAF5137, cid=2630, SUCCESS, logIndex=3931, commits[48affcab-e6e4-4602-963a-f6a50efbd54c:c3931, 7e391b60-07ae-4d97-a027-4756e468c032:c3927, c5f86d96-67df-4f25-bde3-316f439d30b3:c3927]
2019-08-23 18:29:11,198 | INFO  | DNAudit | user=null | ip=null | op=WRITE_CHUNK {blockData=conID: 3 locID: 102667711358567007 bcsId: 0} | ret=SUCCESS |  
2019-08-23 18:29:11,198 | INFO  | DNAudit | user=null | ip=null | op=PUT_BLOCK {blockData=[blockId=conID: 3 locID: 102667711358567007 bcsId: 0,size=1048576]} | ret=SUCCESS |  
2019-08-23 18:29:11,199 | INFO  | DNAudit | user=null | ip=null | op=WRITE_CHUNK {blockData=conID: 3 locID: 102667711358567007 bcsId: 0} | ret=SUCCESS |  
2019-08-23 18:29:11,199 | INFO  | DNAudit | user=null | ip=null | op=PUT_BLOCK {blockData=[blockId=conID: 3 locID: 102667711358567007 bcsId: 0,size=1048576]} | ret=SUCCESS |  
2019-08-23 18:29:11,199 | INFO  | DNAudit | user=null | ip=null | op=WRITE_CHUNK {blockData=conID: 3 locID: 102667711358567007 bcsId: 0} | ret=SUCCESS |  
2019-08-23 18:29:11,200 [grpc-default-executor-4] INFO  client.GrpcClientProtocolClient (GrpcClientProtocolClient.java:onNext(255)) - client-19C32667576E->48affcab-e6e4-4602-963a-f6a50efbd54c: receive RaftClientReply:client-19C32667576E->48affcab-e6e4-4602-963a-f6a50efbd54c@group-50C56EAF5137, cid=2631, SUCCESS, logIndex=0, commits[48affcab-e6e4-4602-963a-f6a50efbd54c:c3933, 7e391b60-07ae-4d97-a027-4756e468c032:c3929, c5f86d96-67df-4f25-bde3-316f439d30b3:c3929]
2019-08-23 18:29:11,200 | INFO  | DNAudit | user=null | ip=null | op=PUT_BLOCK {blockData=[blockId=conID: 3 locID: 102667711358567007 bcsId: 0,size=2097152]} | ret=SUCCESS |  
2019-08-23 18:29:11,205 | INFO  | DNAudit | user=null | ip=null | op=WRITE_CHUNK {blockData=conID: 3 locID: 102667711358567007 bcsId: 3931} | ret=SUCCESS |  
2019-08-23 18:29:11,208 | INFO  | DNAudit | user=null | ip=null | op=WRITE_CHUNK {blockData=conID: 3 locID: 102667711358567007 bcsId: 3931} | ret=SUCCESS |  
2019-08-23 18:29:11,208 | INFO  | DNAudit | user=null | ip=null | op=WRITE_CHUNK {blockData=conID: 3 locID: 102667711358567007 bcsId: 3931} | ret=SUCCESS |  
2019-08-23 18:29:11,210 | INFO  | DNAudit | user=null | ip=null | op=WRITE_CHUNK {blockData=conID: 3 locID: 102667711358567007 bcsId: 0} | ret=SUCCESS |  
2019-08-23 18:29:11,224 | INFO  | DNAudit | user=null | ip=null | op=PUT_BLOCK {blockData=[blockId=conID: 3 locID: 102667711358567007 bcsId: 0,size=2097152]} | ret=SUCCESS |  
2019-08-23 18:29:11,225 | INFO  | DNAudit | user=null | ip=null | op=WRITE_CHUNK {blockData=conID: 3 locID: 102667711358567007 bcsId: 3931} | ret=SUCCESS |  
2019-08-23 18:29:11,226 | INFO  | DNAudit | user=null | ip=null | op=PUT_BLOCK {blockData=[blockId=conID: 3 locID: 102667711358567007 bcsId: 0,size=3145728]} | ret=SUCCESS |  
2019-08-23 18:29:11,226 [grpc-default-executor-5] INFO  client.GrpcClientProtocolClient (GrpcClientProtocolClient.java:onNext(255)) - client-19C32667576E->48affcab-e6e4-4602-963a-f6a50efbd54c: receive RaftClientReply:client-19C32667576E->48affcab-e6e4-4602-963a-f6a50efbd54c@group-50C56EAF5137, cid=2632, SUCCESS, logIndex=3936, commits[48affcab-e6e4-4602-963a-f6a50efbd54c:c3937, 7e391b60-07ae-4d97-a027-4756e468c032:c3935, c5f86d96-67df-4f25-bde3-316f439d30b3:c3935]
2019-08-23 18:29:11,226 [grpc-default-executor-5] INFO  client.GrpcClientProtocolClient (GrpcClientProtocolClient.java:onNext(255)) - client-19C32667576E->48affcab-e6e4-4602-963a-f6a50efbd54c: receive RaftClientReply:client-19C32667576E->48affcab-e6e4-4602-963a-f6a50efbd54c@group-50C56EAF5137, cid=2633, SUCCESS, logIndex=3937, commits[48affcab-e6e4-4602-963a-f6a50efbd54c:c3937, 7e391b60-07ae-4d97-a027-4756e468c032:c3935, c5f86d96-67df-4f25-bde3-316f439d30b3:c3935]
2019-08-23 18:29:11,232 | INFO  | DNAudit | user=null | ip=null | op=WRITE_CHUNK {blockData=conID: 3 locID: 102667711358567007 bcsId: 3937} | ret=SUCCESS |  
2019-08-23 18:29:11,235 | INFO  | DNAudit | user=null | ip=null | op=WRITE_CHUNK {blockData=conID: 3 locID: 102667711358567007 bcsId: 3937} | ret=SUCCESS |  
2019-08-23 18:29:11,235 | INFO  | DNAudit | user=null | ip=null | op=WRITE_CHUNK {blockData=conID: 3 locID: 102667711358567007 bcsId: 3937} | ret=SUCCESS |  
2019-08-23 18:29:11,238 | INFO  | DNAudit | user=null | ip=null | op=WRITE_CHUNK {blockData=conID: 3 locID: 102667711358567007 bcsId: 3931} | ret=SUCCESS |  
2019-08-23 18:29:11,238 | INFO  | DNAudit | user=null | ip=null | op=WRITE_CHUNK {blockData=conID: 3 locID: 102667711358567007 bcsId: 3931} | ret=SUCCESS |  
2019-08-23 18:29:11,251 | INFO  | DNAudit | user=null | ip=null | op=PUT_BLOCK {blockData=[blockId=conID: 3 locID: 102667711358567007 bcsId: 0,size=3145728]} | ret=SUCCESS |  
2019-08-23 18:29:11,251 | INFO  | DNAudit | user=null | ip=null | op=PUT_BLOCK {blockData=[blockId=conID: 3 locID: 102667711358567007 bcsId: 0,size=3145728]} | ret=SUCCESS |  
2019-08-23 18:29:11,252 | INFO  | DNAudit | user=null | ip=null | op=WRITE_CHUNK {blockData=conID: 3 locID: 102667711358567007 bcsId: 3937} | ret=SUCCESS |  
2019-08-23 18:29:11,252 | INFO  | DNAudit | user=null | ip=null | op=PUT_BLOCK {blockData=[blockId=conID: 3 locID: 102667711358567007 bcsId: 0,size=4194304]} | ret=SUCCESS |  
2019-08-23 18:29:11,252 [grpc-default-executor-0] INFO  client.GrpcClientProtocolClient (GrpcClientProtocolClient.java:onNext(255)) - client-19C32667576E->48affcab-e6e4-4602-963a-f6a50efbd54c: receive RaftClientReply:client-19C32667576E->48affcab-e6e4-4602-963a-f6a50efbd54c@group-50C56EAF5137, cid=2634, SUCCESS, logIndex=3940, commits[48affcab-e6e4-4602-963a-f6a50efbd54c:c3941, 7e391b60-07ae-4d97-a027-4756e468c032:c3937, c5f86d96-67df-4f25-bde3-316f439d30b3:c3937]
2019-08-23 18:29:11,252 [grpc-default-executor-0] INFO  client.GrpcClientProtocolClient (GrpcClientProtocolClient.java:onNext(255)) - client-19C32667576E->48affcab-e6e4-4602-963a-f6a50efbd54c: receive RaftClientReply:client-19C32667576E->48affcab-e6e4-4602-963a-f6a50efbd54c@group-50C56EAF5137, cid=2635, SUCCESS, logIndex=3941, commits[48affcab-e6e4-4602-963a-f6a50efbd54c:c3941, 7e391b60-07ae-4d97-a027-4756e468c032:c3937, c5f86d96-67df-4f25-bde3-316f439d30b3:c3937]
2019-08-23 18:29:11,265 | INFO  | DNAudit | user=null | ip=null | op=WRITE_CHUNK {blockData=conID: 3 locID: 102667711358567007 bcsId: 3937} | ret=SUCCESS |  
2019-08-23 18:29:11,266 | INFO  | DNAudit | user=null | ip=null | op=PUT_BLOCK {blockData=[blockId=conID: 3 locID: 102667711358567007 bcsId: 0,size=4194304]} | ret=SUCCESS |  
2019-08-23 18:29:11,266 | INFO  | DNAudit | user=null | ip=null | op=WRITE_CHUNK {blockData=conID: 3 locID: 102667711358567007 bcsId: 3937} | ret=SUCCESS |  
2019-08-23 18:29:11,266 | INFO  | DNAudit | user=null | ip=null | op=PUT_BLOCK {blockData=[blockId=conID: 3 locID: 102667711358567007 bcsId: 0,size=4194304]} | ret=SUCCESS |  
2019-08-23 18:29:11,266 [grpc-default-executor-0] INFO  client.GrpcClientProtocolClient (GrpcClientProtocolClient.java:onNext(255)) - client-19C32667576E->48affcab-e6e4-4602-963a-f6a50efbd54c: receive RaftClientReply:client-19C32667576E->48affcab-e6e4-4602-963a-f6a50efbd54c@group-50C56EAF5137, cid=2636, SUCCESS, logIndex=0, commits[48affcab-e6e4-4602-963a-f6a50efbd54c:c3942, 7e391b60-07ae-4d97-a027-4756e468c032:c3941, c5f86d96-67df-4f25-bde3-316f439d30b3:c3941]
2019-08-23 18:29:11,270 | INFO  | SCMAudit | user=jenkins1000 | ip=192.168.34.23 | op=ALLOCATE_BLOCK {owner=1ceb8b80-28f1-43fd-86c3-175afc07b8d1, size=4194304, type=RATIS, factor=THREE} | ret=SUCCESS |  
2019-08-23 18:29:11,274 | INFO  | OMAudit | user=jenkins1000 | ip=127.0.0.1 | op=ALLOCATE_BLOCK {volume=vol-0-45438, bucket=bucket-0-23891, key=key-0-22455, dataSize=0, replicationType=null, replicationFactor=null, keyLocationInfo=null, clientID=102667710122492306} | ret=SUCCESS |  
2019-08-23 18:29:11,281 | INFO  | DNAudit | user=null | ip=null | op=WRITE_CHUNK {blockData=conID: 1 locID: 102667711366431328 bcsId: 0} | ret=SUCCESS |  
2019-08-23 18:29:11,283 | INFO  | DNAudit | user=null | ip=null | op=WRITE_CHUNK {blockData=conID: 1 locID: 102667711366431328 bcsId: 0} | ret=SUCCESS |  
2019-08-23 18:29:11,283 | INFO  | DNAudit | user=null | ip=null | op=WRITE_CHUNK {blockData=conID: 1 locID: 102667711366431328 bcsId: 0} | ret=SUCCESS |  
2019-08-23 18:29:11,283 | INFO  | DNAudit | user=null | ip=null | op=WRITE_CHUNK {blockData=conID: 1 locID: 102667711366431328 bcsId: 0} | ret=SUCCESS |  
2019-08-23 18:29:11,287 | INFO  | DNAudit | user=null | ip=null | op=WRITE_CHUNK {blockData=conID: 1 locID: 102667711366431328 bcsId: 0} | ret=SUCCESS |  
2019-08-23 18:29:11,287 | INFO  | DNAudit | user=null | ip=null | op=WRITE_CHUNK {blockData=conID: 1 locID: 102667711366431328 bcsId: 0} | ret=SUCCESS |  
2019-08-23 18:29:11,295 | INFO  | DNAudit | user=null | ip=null | op=WRITE_CHUNK {blockData=conID: 1 locID: 102667711366431328 bcsId: 0} | ret=SUCCESS |  
2019-08-23 18:29:11,295 | INFO  | DNAudit | user=null | ip=null | op=PUT_BLOCK {blockData=[blockId=conID: 1 locID: 102667711366431328 bcsId: 0,size=1048576]} | ret=SUCCESS |  
2019-08-23 18:29:11,296 [grpc-default-executor-4] INFO  client.GrpcClientProtocolClient (GrpcClientProtocolClient.java:onNext(255)) - client-19C32667576E->48affcab-e6e4-4602-963a-f6a50efbd54c: receive RaftClientReply:client-19C32667576E->48affcab-e6e4-4602-963a-f6a50efbd54c@group-50C56EAF5137, cid=2637, SUCCESS, logIndex=3944, commits[48affcab-e6e4-4602-963a-f6a50efbd54c:c3945, 7e391b60-07ae-4d97-a027-4756e468c032:c3943, c5f86d96-67df-4f25-bde3-316f439d30b3:c3943]
2019-08-23 18:29:11,296 [grpc-default-executor-4] INFO  client.GrpcClientProtocolClient (GrpcClientProtocolClient.java:onNext(255)) - client-19C32667576E->48affcab-e6e4-4602-963a-f6a50efbd54c: receive RaftClientReply:client-19C32667576E->48affcab-e6e4-4602-963a-f6a50efbd54c@group-50C56EAF5137, cid=2638, SUCCESS, logIndex=3945, commits[48affcab-e6e4-4602-963a-f6a50efbd54c:c3945, 7e391b60-07ae-4d97-a027-4756e468c032:c3943, c5f86d96-67df-4f25-bde3-316f439d30b3:c3943]
2019-08-23 18:29:11,308 | INFO  | DNAudit | user=null | ip=null | op=WRITE_CHUNK {blockData=conID: 1 locID: 102667711366431328 bcsId: 0} | ret=SUCCESS |  
2019-08-23 18:29:11,308 | INFO  | DNAudit | user=null | ip=null | op=PUT_BLOCK {blockData=[blockId=conID: 1 locID: 102667711366431328 bcsId: 0,size=2097152]} | ret=SUCCESS |  
2019-08-23 18:29:11,308 [grpc-default-executor-4] INFO  client.GrpcClientProtocolClient (GrpcClientProtocolClient.java:onNext(255)) - client-19C32667576E->48affcab-e6e4-4602-963a-f6a50efbd54c: receive RaftClientReply:client-19C32667576E->48affcab-e6e4-4602-963a-f6a50efbd54c@group-50C56EAF5137, cid=2639, SUCCESS, logIndex=3946, commits[48affcab-e6e4-4602-963a-f6a50efbd54c:c3947, 7e391b60-07ae-4d97-a027-4756e468c032:c3943, c5f86d96-67df-4f25-bde3-316f439d30b3:c3943]
2019-08-23 18:29:11,309 [grpc-default-executor-4] INFO  client.GrpcClientProtocolClient (GrpcClientProtocolClient.java:onNext(255)) - client-19C32667576E->48affcab-e6e4-4602-963a-f6a50efbd54c: receive RaftClientReply:client-19C32667576E->48affcab-e6e4-4602-963a-f6a50efbd54c@group-50C56EAF5137, cid=2640, SUCCESS, logIndex=3947, commits[48affcab-e6e4-4602-963a-f6a50efbd54c:c3947, 7e391b60-07ae-4d97-a027-4756e468c032:c3943, c5f86d96-67df-4f25-bde3-316f439d30b3:c3943]
2019-08-23 18:29:11,317 | INFO  | DNAudit | user=null | ip=null | op=WRITE_CHUNK {blockData=conID: 1 locID: 102667711366431328 bcsId: 0} | ret=SUCCESS |  
2019-08-23 18:29:11,318 | INFO  | DNAudit | user=null | ip=null | op=PUT_BLOCK {blockData=[blockId=conID: 1 locID: 102667711366431328 bcsId: 0,size=1048576]} | ret=SUCCESS |  
2019-08-23 18:29:11,318 | INFO  | DNAudit | user=null | ip=null | op=WRITE_CHUNK {blockData=conID: 1 locID: 102667711366431328 bcsId: 0} | ret=SUCCESS |  
2019-08-23 18:29:11,318 | INFO  | DNAudit | user=null | ip=null | op=PUT_BLOCK {blockData=[blockId=conID: 1 locID: 102667711366431328 bcsId: 0,size=1048576]} | ret=SUCCESS |  
2019-08-23 18:29:11,318 [grpc-default-executor-0] INFO  client.GrpcClientProtocolClient (GrpcClientProtocolClient.java:onNext(255)) - client-19C32667576E->48affcab-e6e4-4602-963a-f6a50efbd54c: receive RaftClientReply:client-19C32667576E->48affcab-e6e4-4602-963a-f6a50efbd54c@group-50C56EAF5137, cid=2641, SUCCESS, logIndex=0, commits[48affcab-e6e4-4602-963a-f6a50efbd54c:c3949, 7e391b60-07ae-4d97-a027-4756e468c032:c3945, c5f86d96-67df-4f25-bde3-316f439d30b3:c3945]
2019-08-23 18:29:11,320 | INFO  | DNAudit | user=null | ip=null | op=WRITE_CHUNK {blockData=conID: 1 locID: 102667711366431328 bcsId: 0} | ret=SUCCESS |  
2019-08-23 18:29:11,320 | INFO  | DNAudit | user=null | ip=null | op=PUT_BLOCK {blockData=[blockId=conID: 1 locID: 102667711366431328 bcsId: 0,size=2097152]} | ret=SUCCESS |  
2019-08-23 18:29:11,320 | INFO  | DNAudit | user=null | ip=null | op=WRITE_CHUNK {blockData=conID: 1 locID: 102667711366431328 bcsId: 0} | ret=SUCCESS |  
2019-08-23 18:29:11,321 | INFO  | DNAudit | user=null | ip=null | op=PUT_BLOCK {blockData=[blockId=conID: 1 locID: 102667711366431328 bcsId: 0,size=2097152]} | ret=SUCCESS |  
2019-08-23 18:29:11,323 | INFO  | DNAudit | user=null | ip=null | op=WRITE_CHUNK {blockData=conID: 1 locID: 102667711366431328 bcsId: 3947} | ret=SUCCESS |  
2019-08-23 18:29:11,326 | INFO  | DNAudit | user=null | ip=null | op=WRITE_CHUNK {blockData=conID: 1 locID: 102667711366431328 bcsId: 3947} | ret=SUCCESS |  
2019-08-23 18:29:11,326 | INFO  | DNAudit | user=null | ip=null | op=WRITE_CHUNK {blockData=conID: 1 locID: 102667711366431328 bcsId: 3947} | ret=SUCCESS |  
2019-08-23 18:29:11,328 | INFO  | DNAudit | user=null | ip=null | op=WRITE_CHUNK {blockData=conID: 1 locID: 102667711366431328 bcsId: 3947} | ret=SUCCESS |  
2019-08-23 18:29:11,329 | INFO  | DNAudit | user=null | ip=null | op=PUT_BLOCK {blockData=[blockId=conID: 1 locID: 102667711366431328 bcsId: 0,size=3145728]} | ret=SUCCESS |  
2019-08-23 18:29:11,329 [grpc-default-executor-5] INFO  client.GrpcClientProtocolClient (GrpcClientProtocolClient.java:onNext(255)) - client-19C32667576E->48affcab-e6e4-4602-963a-f6a50efbd54c: receive RaftClientReply:client-19C32667576E->48affcab-e6e4-4602-963a-f6a50efbd54c@group-50C56EAF5137, cid=2642, SUCCESS, logIndex=3952, commits[48affcab-e6e4-4602-963a-f6a50efbd54c:c3953, 7e391b60-07ae-4d97-a027-4756e468c032:c3951, c5f86d96-67df-4f25-bde3-316f439d30b3:c3947]
2019-08-23 18:29:11,329 [grpc-default-executor-5] INFO  client.GrpcClientProtocolClient (GrpcClientProtocolClient.java:onNext(255)) - client-19C32667576E->48affcab-e6e4-4602-963a-f6a50efbd54c: receive RaftClientReply:client-19C32667576E->48affcab-e6e4-4602-963a-f6a50efbd54c@group-50C56EAF5137, cid=2643, SUCCESS, logIndex=3953, commits[48affcab-e6e4-4602-963a-f6a50efbd54c:c3953, 7e391b60-07ae-4d97-a027-4756e468c032:c3951, c5f86d96-67df-4f25-bde3-316f439d30b3:c3951]
2019-08-23 18:29:11,331 | INFO  | DNAudit | user=null | ip=null | op=WRITE_CHUNK {blockData=conID: 1 locID: 102667711366431328 bcsId: 3947} | ret=SUCCESS |  
2019-08-23 18:29:11,331 | INFO  | DNAudit | user=null | ip=null | op=WRITE_CHUNK {blockData=conID: 1 locID: 102667711366431328 bcsId: 3947} | ret=SUCCESS |  
2019-08-23 18:29:11,331 | INFO  | DNAudit | user=null | ip=null | op=PUT_BLOCK {blockData=[blockId=conID: 1 locID: 102667711366431328 bcsId: 0,size=3145728]} | ret=SUCCESS |  
2019-08-23 18:29:11,331 | INFO  | DNAudit | user=null | ip=null | op=PUT_BLOCK {blockData=[blockId=conID: 1 locID: 102667711366431328 bcsId: 0,size=3145728]} | ret=SUCCESS |  
2019-08-23 18:29:11,335 | INFO  | DNAudit | user=null | ip=null | op=WRITE_CHUNK {blockData=conID: 1 locID: 102667711366431328 bcsId: 3953} | ret=SUCCESS |  
2019-08-23 18:29:11,337 | INFO  | DNAudit | user=null | ip=null | op=WRITE_CHUNK {blockData=conID: 1 locID: 102667711366431328 bcsId: 3953} | ret=SUCCESS |  
2019-08-23 18:29:11,337 | INFO  | DNAudit | user=null | ip=null | op=WRITE_CHUNK {blockData=conID: 1 locID: 102667711366431328 bcsId: 3953} | ret=SUCCESS |  
2019-08-23 18:29:11,339 | INFO  | DNAudit | user=null | ip=null | op=WRITE_CHUNK {blockData=conID: 1 locID: 102667711366431328 bcsId: 3953} | ret=SUCCESS |  
2019-08-23 18:29:11,339 | INFO  | DNAudit | user=null | ip=null | op=PUT_BLOCK {blockData=[blockId=conID: 1 locID: 102667711366431328 bcsId: 0,size=4194304]} | ret=SUCCESS |  
2019-08-23 18:29:11,340 [grpc-default-executor-4] INFO  client.GrpcClientProtocolClient (GrpcClientProtocolClient.java:onNext(255)) - client-19C32667576E->48affcab-e6e4-4602-963a-f6a50efbd54c: receive RaftClientReply:client-19C32667576E->48affcab-e6e4-4602-963a-f6a50efbd54c@group-50C56EAF5137, cid=2644, SUCCESS, logIndex=3956, commits[48affcab-e6e4-4602-963a-f6a50efbd54c:c3957, 7e391b60-07ae-4d97-a027-4756e468c032:c3954, c5f86d96-67df-4f25-bde3-316f439d30b3:c3953]
2019-08-23 18:29:11,340 [grpc-default-executor-4] INFO  client.GrpcClientProtocolClient (GrpcClientProtocolClient.java:onNext(255)) - client-19C32667576E->48affcab-e6e4-4602-963a-f6a50efbd54c: receive RaftClientReply:client-19C32667576E->48affcab-e6e4-4602-963a-f6a50efbd54c@group-50C56EAF5137, cid=2645, SUCCESS, logIndex=3957, commits[48affcab-e6e4-4602-963a-f6a50efbd54c:c3957, 7e391b60-07ae-4d97-a027-4756e468c032:c3954, c5f86d96-67df-4f25-bde3-316f439d30b3:c3953]
2019-08-23 18:29:11,342 | INFO  | DNAudit | user=null | ip=null | op=WRITE_CHUNK {blockData=conID: 1 locID: 102667711366431328 bcsId: 3953} | ret=SUCCESS |  
2019-08-23 18:29:11,342 | INFO  | DNAudit | user=null | ip=null | op=PUT_BLOCK {blockData=[blockId=conID: 1 locID: 102667711366431328 bcsId: 0,size=4194304]} | ret=SUCCESS |  
2019-08-23 18:29:11,343 | INFO  | DNAudit | user=null | ip=null | op=WRITE_CHUNK {blockData=conID: 1 locID: 102667711366431328 bcsId: 3953} | ret=SUCCESS |  
2019-08-23 18:29:11,343 | INFO  | DNAudit | user=null | ip=null | op=PUT_BLOCK {blockData=[blockId=conID: 1 locID: 102667711366431328 bcsId: 0,size=4194304]} | ret=SUCCESS |  
2019-08-23 18:29:11,343 [grpc-default-executor-4] INFO  client.GrpcClientProtocolClient (GrpcClientProtocolClient.java:onNext(255)) - client-19C32667576E->48affcab-e6e4-4602-963a-f6a50efbd54c: receive RaftClientReply:client-19C32667576E->48affcab-e6e4-4602-963a-f6a50efbd54c@group-50C56EAF5137, cid=2646, SUCCESS, logIndex=0, commits[48affcab-e6e4-4602-963a-f6a50efbd54c:c3958, 7e391b60-07ae-4d97-a027-4756e468c032:c3957, c5f86d96-67df-4f25-bde3-316f439d30b3:c3957]
2019-08-23 18:29:11,347 | INFO  | SCMAudit | user=jenkins1000 | ip=192.168.34.23 | op=ALLOCATE_BLOCK {owner=1ceb8b80-28f1-43fd-86c3-175afc07b8d1, size=4194304, type=RATIS, factor=THREE} | ret=SUCCESS |  
2019-08-23 18:29:11,350 | INFO  | OMAudit | user=jenkins1000 | ip=127.0.0.1 | op=ALLOCATE_BLOCK {volume=vol-0-45438, bucket=bucket-0-23891, key=key-0-22455, dataSize=0, replicationType=null, replicationFactor=null, keyLocationInfo=null, clientID=102667710122492306} | ret=SUCCESS |  
2019-08-23 18:29:11,356 | INFO  | DNAudit | user=null | ip=null | op=WRITE_CHUNK {blockData=conID: 2 locID: 102667711371477601 bcsId: 0} | ret=SUCCESS |  
2019-08-23 18:29:11,357 | INFO  | DNAudit | user=null | ip=null | op=WRITE_CHUNK {blockData=conID: 2 locID: 102667711371477601 bcsId: 0} | ret=SUCCESS |  
2019-08-23 18:29:11,358 | INFO  | DNAudit | user=null | ip=null | op=WRITE_CHUNK {blockData=conID: 2 locID: 102667711371477601 bcsId: 0} | ret=SUCCESS |  
2019-08-23 18:29:11,358 | INFO  | DNAudit | user=null | ip=null | op=WRITE_CHUNK {blockData=conID: 2 locID: 102667711371477601 bcsId: 0} | ret=SUCCESS |  
2019-08-23 18:29:11,360 | INFO  | DNAudit | user=null | ip=null | op=WRITE_CHUNK {blockData=conID: 2 locID: 102667711371477601 bcsId: 0} | ret=SUCCESS |  
2019-08-23 18:29:11,360 | INFO  | DNAudit | user=null | ip=null | op=WRITE_CHUNK {blockData=conID: 2 locID: 102667711371477601 bcsId: 0} | ret=SUCCESS |  
2019-08-23 18:29:11,360 | INFO  | DNAudit | user=null | ip=null | op=WRITE_CHUNK {blockData=conID: 2 locID: 102667711371477601 bcsId: 0} | ret=SUCCESS |  
2019-08-23 18:29:11,361 | INFO  | DNAudit | user=null | ip=null | op=PUT_BLOCK {blockData=[blockId=conID: 2 locID: 102667711371477601 bcsId: 0,size=1048576]} | ret=SUCCESS |  
2019-08-23 18:29:11,361 [grpc-default-executor-4] INFO  client.GrpcClientProtocolClient (GrpcClientProtocolClient.java:onNext(255)) - client-19C32667576E->48affcab-e6e4-4602-963a-f6a50efbd54c: receive RaftClientReply:client-19C32667576E->48affcab-e6e4-4602-963a-f6a50efbd54c@group-50C56EAF5137, cid=2647, SUCCESS, logIndex=3960, commits[48affcab-e6e4-4602-963a-f6a50efbd54c:c3961, 7e391b60-07ae-4d97-a027-4756e468c032:c3959, c5f86d96-67df-4f25-bde3-316f439d30b3:c3957]
2019-08-23 18:29:11,361 [grpc-default-executor-4] INFO  client.GrpcClientProtocolClient (GrpcClientProtocolClient.java:onNext(255)) - client-19C32667576E->48affcab-e6e4-4602-963a-f6a50efbd54c: receive RaftClientReply:client-19C32667576E->48affcab-e6e4-4602-963a-f6a50efbd54c@group-50C56EAF5137, cid=2648, SUCCESS, logIndex=3961, commits[48affcab-e6e4-4602-963a-f6a50efbd54c:c3961, 7e391b60-07ae-4d97-a027-4756e468c032:c3959, c5f86d96-67df-4f25-bde3-316f439d30b3:c3959]
2019-08-23 18:29:11,361 | INFO  | DNAudit | user=null | ip=null | op=WRITE_CHUNK {blockData=conID: 2 locID: 102667711371477601 bcsId: 0} | ret=SUCCESS |  
2019-08-23 18:29:11,362 | INFO  | DNAudit | user=null | ip=null | op=WRITE_CHUNK {blockData=conID: 2 locID: 102667711371477601 bcsId: 0} | ret=SUCCESS |  
2019-08-23 18:29:11,362 | INFO  | DNAudit | user=null | ip=null | op=PUT_BLOCK {blockData=[blockId=conID: 2 locID: 102667711371477601 bcsId: 0,size=2097152]} | ret=SUCCESS |  
2019-08-23 18:29:11,362 | INFO  | DNAudit | user=null | ip=null | op=PUT_BLOCK {blockData=[blockId=conID: 2 locID: 102667711371477601 bcsId: 0,size=1048576]} | ret=SUCCESS |  
2019-08-23 18:29:11,362 [grpc-default-executor-0] INFO  client.GrpcClientProtocolClient (GrpcClientProtocolClient.java:onNext(255)) - client-19C32667576E->48affcab-e6e4-4602-963a-f6a50efbd54c: receive RaftClientReply:client-19C32667576E->48affcab-e6e4-4602-963a-f6a50efbd54c@group-50C56EAF5137, cid=2649, SUCCESS, logIndex=3962, commits[48affcab-e6e4-4602-963a-f6a50efbd54c:c3963, 7e391b60-07ae-4d97-a027-4756e468c032:c3959, c5f86d96-67df-4f25-bde3-316f439d30b3:c3959]
2019-08-23 18:29:11,362 | INFO  | DNAudit | user=null | ip=null | op=WRITE_CHUNK {blockData=conID: 2 locID: 102667711371477601 bcsId: 0} | ret=SUCCESS |  
2019-08-23 18:29:11,362 [grpc-default-executor-0] INFO  client.GrpcClientProtocolClient (GrpcClientProtocolClient.java:onNext(255)) - client-19C32667576E->48affcab-e6e4-4602-963a-f6a50efbd54c: receive RaftClientReply:client-19C32667576E->48affcab-e6e4-4602-963a-f6a50efbd54c@group-50C56EAF5137, cid=2650, SUCCESS, logIndex=3963, commits[48affcab-e6e4-4602-963a-f6a50efbd54c:c3965, 7e391b60-07ae-4d97-a027-4756e468c032:c3959, c5f86d96-67df-4f25-bde3-316f439d30b3:c3961]
2019-08-23 18:29:11,362 | INFO  | DNAudit | user=null | ip=null | op=PUT_BLOCK {blockData=[blockId=conID: 2 locID: 102667711371477601 bcsId: 0,size=1048576]} | ret=SUCCESS |  
2019-08-23 18:29:11,363 [grpc-default-executor-0] INFO  client.GrpcClientProtocolClient (GrpcClientProtocolClient.java:onNext(255)) - client-19C32667576E->48affcab-e6e4-4602-963a-f6a50efbd54c: receive RaftClientReply:client-19C32667576E->48affcab-e6e4-4602-963a-f6a50efbd54c@group-50C56EAF5137, cid=2651, SUCCESS, logIndex=0, commits[48affcab-e6e4-4602-963a-f6a50efbd54c:c3965, 7e391b60-07ae-4d97-a027-4756e468c032:c3961, c5f86d96-67df-4f25-bde3-316f439d30b3:c3961]
2019-08-23 18:29:11,364 | INFO  | DNAudit | user=null | ip=null | op=WRITE_CHUNK {blockData=conID: 2 locID: 102667711371477601 bcsId: 0} | ret=SUCCESS |  
2019-08-23 18:29:11,364 | INFO  | DNAudit | user=null | ip=null | op=PUT_BLOCK {blockData=[blockId=conID: 2 locID: 102667711371477601 bcsId: 0,size=2097152]} | ret=SUCCESS |  
2019-08-23 18:29:11,365 | INFO  | DNAudit | user=null | ip=null | op=WRITE_CHUNK {blockData=conID: 2 locID: 102667711371477601 bcsId: 0} | ret=SUCCESS |  
2019-08-23 18:29:11,365 | INFO  | DNAudit | user=null | ip=null | op=PUT_BLOCK {blockData=[blockId=conID: 2 locID: 102667711371477601 bcsId: 0,size=2097152]} | ret=SUCCESS |  
2019-08-23 18:29:11,368 | INFO  | DNAudit | user=null | ip=null | op=WRITE_CHUNK {blockData=conID: 2 locID: 102667711371477601 bcsId: 3963} | ret=SUCCESS |  
2019-08-23 18:29:11,372 | INFO  | DNAudit | user=null | ip=null | op=WRITE_CHUNK {blockData=conID: 2 locID: 102667711371477601 bcsId: 3963} | ret=SUCCESS |  
2019-08-23 18:29:11,372 | INFO  | DNAudit | user=null | ip=null | op=WRITE_CHUNK {blockData=conID: 2 locID: 102667711371477601 bcsId: 3963} | ret=SUCCESS |  
2019-08-23 18:29:11,374 | INFO  | DNAudit | user=null | ip=null | op=WRITE_CHUNK {blockData=conID: 2 locID: 102667711371477601 bcsId: 3963} | ret=SUCCESS |  
2019-08-23 18:29:11,375 | INFO  | DNAudit | user=null | ip=null | op=PUT_BLOCK {blockData=[blockId=conID: 2 locID: 102667711371477601 bcsId: 0,size=3145728]} | ret=SUCCESS |  
2019-08-23 18:29:11,375 [grpc-default-executor-0] INFO  client.GrpcClientProtocolClient (GrpcClientProtocolClient.java:onNext(255)) - client-19C32667576E->48affcab-e6e4-4602-963a-f6a50efbd54c: receive RaftClientReply:client-19C32667576E->48affcab-e6e4-4602-963a-f6a50efbd54c@group-50C56EAF5137, cid=2652, SUCCESS, logIndex=3967, commits[48affcab-e6e4-4602-963a-f6a50efbd54c:c3968, 7e391b60-07ae-4d97-a027-4756e468c032:c3966, c5f86d96-67df-4f25-bde3-316f439d30b3:c3963]
2019-08-23 18:29:11,375 [grpc-default-executor-0] INFO  client.GrpcClientProtocolClient (GrpcClientProtocolClient.java:onNext(255)) - client-19C32667576E->48affcab-e6e4-4602-963a-f6a50efbd54c: receive RaftClientReply:client-19C32667576E->48affcab-e6e4-4602-963a-f6a50efbd54c@group-50C56EAF5137, cid=2653, SUCCESS, logIndex=3968, commits[48affcab-e6e4-4602-963a-f6a50efbd54c:c3968, 7e391b60-07ae-4d97-a027-4756e468c032:c3966, c5f86d96-67df-4f25-bde3-316f439d30b3:c3966]
2019-08-23 18:29:11,377 | INFO  | DNAudit | user=null | ip=null | op=WRITE_CHUNK {blockData=conID: 2 locID: 102667711371477601 bcsId: 3963} | ret=SUCCESS |  
2019-08-23 18:29:11,377 | INFO  | DNAudit | user=null | ip=null | op=WRITE_CHUNK {blockData=conID: 2 locID: 102667711371477601 bcsId: 3963} | ret=SUCCESS |  
2019-08-23 18:29:11,378 | INFO  | DNAudit | user=null | ip=null | op=PUT_BLOCK {blockData=[blockId=conID: 2 locID: 102667711371477601 bcsId: 0,size=3145728]} | ret=SUCCESS |  
2019-08-23 18:29:11,378 | INFO  | DNAudit | user=null | ip=null | op=PUT_BLOCK {blockData=[blockId=conID: 2 locID: 102667711371477601 bcsId: 0,size=3145728]} | ret=SUCCESS |  
2019-08-23 18:29:11,380 | INFO  | DNAudit | user=null | ip=null | op=WRITE_CHUNK {blockData=conID: 2 locID: 102667711371477601 bcsId: 3968} | ret=SUCCESS |  
2019-08-23 18:29:11,382 | INFO  | DNAudit | user=null | ip=null | op=WRITE_CHUNK {blockData=conID: 2 locID: 102667711371477601 bcsId: 3968} | ret=SUCCESS |  
2019-08-23 18:29:11,382 | INFO  | DNAudit | user=null | ip=null | op=WRITE_CHUNK {blockData=conID: 2 locID: 102667711371477601 bcsId: 3968} | ret=SUCCESS |  
2019-08-23 18:29:11,385 | INFO  | DNAudit | user=null | ip=null | op=WRITE_CHUNK {blockData=conID: 2 locID: 102667711371477601 bcsId: 3968} | ret=SUCCESS |  
2019-08-23 18:29:11,385 | INFO  | DNAudit | user=null | ip=null | op=PUT_BLOCK {blockData=[blockId=conID: 2 locID: 102667711371477601 bcsId: 0,size=4194304]} | ret=SUCCESS |  
2019-08-23 18:29:11,385 [grpc-default-executor-5] INFO  client.GrpcClientProtocolClient (GrpcClientProtocolClient.java:onNext(255)) - client-19C32667576E->48affcab-e6e4-4602-963a-f6a50efbd54c: receive RaftClientReply:client-19C32667576E->48affcab-e6e4-4602-963a-f6a50efbd54c@group-50C56EAF5137, cid=2654, SUCCESS, logIndex=3971, commits[48affcab-e6e4-4602-963a-f6a50efbd54c:c3972, 7e391b60-07ae-4d97-a027-4756e468c032:c3968, c5f86d96-67df-4f25-bde3-316f439d30b3:c3969]
2019-08-23 18:29:11,385 [grpc-default-executor-5] INFO  client.GrpcClientProtocolClient (GrpcClientProtocolClient.java:onNext(255)) - client-19C32667576E->48affcab-e6e4-4602-963a-f6a50efbd54c: receive RaftClientReply:client-19C32667576E->48affcab-e6e4-4602-963a-f6a50efbd54c@group-50C56EAF5137, cid=2655, SUCCESS, logIndex=3972, commits[48affcab-e6e4-4602-963a-f6a50efbd54c:c3972, 7e391b60-07ae-4d97-a027-4756e468c032:c3969, c5f86d96-67df-4f25-bde3-316f439d30b3:c3969]
2019-08-23 18:29:11,387 | INFO  | DNAudit | user=null | ip=null | op=WRITE_CHUNK {blockData=conID: 2 locID: 102667711371477601 bcsId: 3968} | ret=SUCCESS |  
2019-08-23 18:29:11,387 | INFO  | DNAudit | user=null | ip=null | op=WRITE_CHUNK {blockData=conID: 2 locID: 102667711371477601 bcsId: 3968} | ret=SUCCESS |  
2019-08-23 18:29:11,388 | INFO  | DNAudit | user=null | ip=null | op=PUT_BLOCK {blockData=[blockId=conID: 2 locID: 102667711371477601 bcsId: 0,size=4194304]} | ret=SUCCESS |  
2019-08-23 18:29:11,388 | INFO  | DNAudit | user=null | ip=null | op=PUT_BLOCK {blockData=[blockId=conID: 2 locID: 102667711371477601 bcsId: 0,size=4194304]} | ret=SUCCESS |  
2019-08-23 18:29:11,388 [grpc-default-executor-5] INFO  client.GrpcClientProtocolClient (GrpcClientProtocolClient.java:onNext(255)) - client-19C32667576E->48affcab-e6e4-4602-963a-f6a50efbd54c: receive RaftClientReply:client-19C32667576E->48affcab-e6e4-4602-963a-f6a50efbd54c@group-50C56EAF5137, cid=2656, SUCCESS, logIndex=0, commits[48affcab-e6e4-4602-963a-f6a50efbd54c:c3973, 7e391b60-07ae-4d97-a027-4756e468c032:c3972, c5f86d96-67df-4f25-bde3-316f439d30b3:c3972]
2019-08-23 18:29:11,391 | INFO  | SCMAudit | user=jenkins1000 | ip=192.168.34.23 | op=ALLOCATE_BLOCK {owner=1ceb8b80-28f1-43fd-86c3-175afc07b8d1, size=4194304, type=RATIS, factor=THREE} | ret=SUCCESS |  
2019-08-23 18:29:11,394 | INFO  | OMAudit | user=jenkins1000 | ip=127.0.0.1 | op=ALLOCATE_BLOCK {volume=vol-0-45438, bucket=bucket-0-23891, key=key-0-22455, dataSize=0, replicationType=null, replicationFactor=null, keyLocationInfo=null, clientID=102667710122492306} | ret=SUCCESS |  
2019-08-23 18:29:11,399 | INFO  | DNAudit | user=null | ip=null | op=WRITE_CHUNK {blockData=conID: 3 locID: 102667711374361186 bcsId: 0} | ret=SUCCESS |  
2019-08-23 18:29:11,401 | INFO  | DNAudit | user=null | ip=null | op=WRITE_CHUNK {blockData=conID: 3 locID: 102667711374361186 bcsId: 0} | ret=SUCCESS |  
2019-08-23 18:29:11,402 | INFO  | DNAudit | user=null | ip=null | op=WRITE_CHUNK {blockData=conID: 3 locID: 102667711374361186 bcsId: 0} | ret=SUCCESS |  
2019-08-23 18:29:11,402 | INFO  | DNAudit | user=null | ip=null | op=WRITE_CHUNK {blockData=conID: 3 locID: 102667711374361186 bcsId: 0} | ret=SUCCESS |  
2019-08-23 18:29:11,403 | INFO  | DNAudit | user=null | ip=null | op=WRITE_CHUNK {blockData=conID: 3 locID: 102667711374361186 bcsId: 0} | ret=SUCCESS |  
2019-08-23 18:29:11,404 | INFO  | DNAudit | user=null | ip=null | op=WRITE_CHUNK {blockData=conID: 3 locID: 102667711374361186 bcsId: 0} | ret=SUCCESS |  
2019-08-23 18:29:11,404 | INFO  | DNAudit | user=null | ip=null | op=WRITE_CHUNK {blockData=conID: 3 locID: 102667711374361186 bcsId: 0} | ret=SUCCESS |  
2019-08-23 18:29:11,405 | INFO  | DNAudit | user=null | ip=null | op=PUT_BLOCK {blockData=[blockId=conID: 3 locID: 102667711374361186 bcsId: 0,size=1048576]} | ret=SUCCESS |  
2019-08-23 18:29:11,405 [grpc-default-executor-3] INFO  client.GrpcClientProtocolClient (GrpcClientProtocolClient.java:onNext(255)) - client-19C32667576E->48affcab-e6e4-4602-963a-f6a50efbd54c: receive RaftClientReply:client-19C32667576E->48affcab-e6e4-4602-963a-f6a50efbd54c@group-50C56EAF5137, cid=2657, SUCCESS, logIndex=3975, commits[48affcab-e6e4-4602-963a-f6a50efbd54c:c3976, 7e391b60-07ae-4d97-a027-4756e468c032:c3974, c5f86d96-67df-4f25-bde3-316f439d30b3:c3972]
2019-08-23 18:29:11,406 [grpc-default-executor-3] INFO  client.GrpcClientProtocolClient (GrpcClientProtocolClient.java:onNext(255)) - client-19C32667576E->48affcab-e6e4-4602-963a-f6a50efbd54c: receive RaftClientReply:client-19C32667576E->48affcab-e6e4-4602-963a-f6a50efbd54c@group-50C56EAF5137, cid=2658, SUCCESS, logIndex=3976, commits[48affcab-e6e4-4602-963a-f6a50efbd54c:c3976, 7e391b60-07ae-4d97-a027-4756e468c032:c3974, c5f86d96-67df-4f25-bde3-316f439d30b3:c3972]
2019-08-23 18:29:11,407 | INFO  | DNAudit | user=null | ip=null | op=WRITE_CHUNK {blockData=conID: 3 locID: 102667711374361186 bcsId: 0} | ret=SUCCESS |  
2019-08-23 18:29:11,407 | INFO  | DNAudit | user=null | ip=null | op=PUT_BLOCK {blockData=[blockId=conID: 3 locID: 102667711374361186 bcsId: 0,size=2097152]} | ret=SUCCESS |  
2019-08-23 18:29:11,407 [grpc-default-executor-0] INFO  client.GrpcClientProtocolClient (GrpcClientProtocolClient.java:onNext(255)) - client-19C32667576E->48affcab-e6e4-4602-963a-f6a50efbd54c: receive RaftClientReply:client-19C32667576E->48affcab-e6e4-4602-963a-f6a50efbd54c@group-50C56EAF5137, cid=2659, SUCCESS, logIndex=3977, commits[48affcab-e6e4-4602-963a-f6a50efbd54c:c3978, 7e391b60-07ae-4d97-a027-4756e468c032:c3974, c5f86d96-67df-4f25-bde3-316f439d30b3:c3974]
2019-08-23 18:29:11,407 [grpc-default-executor-0] INFO  client.GrpcClientProtocolClient (GrpcClientProtocolClient.java:onNext(255)) - client-19C32667576E->48affcab-e6e4-4602-963a-f6a50efbd54c: receive RaftClientReply:client-19C32667576E->48affcab-e6e4-4602-963a-f6a50efbd54c@group-50C56EAF5137, cid=2660, SUCCESS, logIndex=3978, commits[48affcab-e6e4-4602-963a-f6a50efbd54c:c3978, 7e391b60-07ae-4d97-a027-4756e468c032:c3974, c5f86d96-67df-4f25-bde3-316f439d30b3:c3974]
2019-08-23 18:29:11,410 | INFO  | DNAudit | user=null | ip=null | op=WRITE_CHUNK {blockData=conID: 3 locID: 102667711374361186 bcsId: 0} | ret=SUCCESS |  
2019-08-23 18:29:11,410 | INFO  | DNAudit | user=null | ip=null | op=PUT_BLOCK {blockData=[blockId=conID: 3 locID: 102667711374361186 bcsId: 0,size=1048576]} | ret=SUCCESS |  
2019-08-23 18:29:11,412 | INFO  | DNAudit | user=null | ip=null | op=WRITE_CHUNK {blockData=conID: 3 locID: 102667711374361186 bcsId: 0} | ret=SUCCESS |  
2019-08-23 18:29:11,412 | INFO  | DNAudit | user=null | ip=null | op=PUT_BLOCK {blockData=[blockId=conID: 3 locID: 102667711374361186 bcsId: 0,size=1048576]} | ret=SUCCESS |  
2019-08-23 18:29:11,412 [grpc-default-executor-3] INFO  client.GrpcClientProtocolClient (GrpcClientProtocolClient.java:onNext(255)) - client-19C32667576E->48affcab-e6e4-4602-963a-f6a50efbd54c: receive RaftClientReply:client-19C32667576E->48affcab-e6e4-4602-963a-f6a50efbd54c@group-50C56EAF5137, cid=2661, SUCCESS, logIndex=0, commits[48affcab-e6e4-4602-963a-f6a50efbd54c:c3979, 7e391b60-07ae-4d97-a027-4756e468c032:c3976, c5f86d96-67df-4f25-bde3-316f439d30b3:c3976]
2019-08-23 18:29:11,412 | INFO  | DNAudit | user=null | ip=null | op=WRITE_CHUNK {blockData=conID: 3 locID: 102667711374361186 bcsId: 0} | ret=SUCCESS |  
2019-08-23 18:29:11,412 | INFO  | DNAudit | user=null | ip=null | op=PUT_BLOCK {blockData=[blockId=conID: 3 locID: 102667711374361186 bcsId: 0,size=2097152]} | ret=SUCCESS |  
2019-08-23 18:29:11,414 | INFO  | DNAudit | user=null | ip=null | op=WRITE_CHUNK {blockData=conID: 3 locID: 102667711374361186 bcsId: 0} | ret=SUCCESS |  
2019-08-23 18:29:11,414 | INFO  | DNAudit | user=null | ip=null | op=PUT_BLOCK {blockData=[blockId=conID: 3 locID: 102667711374361186 bcsId: 0,size=2097152]} | ret=SUCCESS |  
2019-08-23 18:29:11,416 | INFO  | DNAudit | user=null | ip=null | op=WRITE_CHUNK {blockData=conID: 3 locID: 102667711374361186 bcsId: 3978} | ret=SUCCESS |  
2019-08-23 18:29:11,419 | INFO  | DNAudit | user=null | ip=null | op=WRITE_CHUNK {blockData=conID: 3 locID: 102667711374361186 bcsId: 3978} | ret=SUCCESS |  
2019-08-23 18:29:11,419 | INFO  | DNAudit | user=null | ip=null | op=WRITE_CHUNK {blockData=conID: 3 locID: 102667711374361186 bcsId: 3978} | ret=SUCCESS |  
2019-08-23 18:29:11,450 | INFO  | DNAudit | user=null | ip=null | op=WRITE_CHUNK {blockData=conID: 3 locID: 102667711374361186 bcsId: 3978} | ret=SUCCESS |  
2019-08-23 18:29:11,450 | INFO  | DNAudit | user=null | ip=null | op=PUT_BLOCK {blockData=[blockId=conID: 3 locID: 102667711374361186 bcsId: 0,size=3145728]} | ret=SUCCESS |  
2019-08-23 18:29:11,450 [grpc-default-executor-0] INFO  client.GrpcClientProtocolClient (GrpcClientProtocolClient.java:onNext(255)) - client-19C32667576E->48affcab-e6e4-4602-963a-f6a50efbd54c: receive RaftClientReply:client-19C32667576E->48affcab-e6e4-4602-963a-f6a50efbd54c@group-50C56EAF5137, cid=2662, SUCCESS, logIndex=3983, commits[48affcab-e6e4-4602-963a-f6a50efbd54c:c3984, 7e391b60-07ae-4d97-a027-4756e468c032:c3982, c5f86d96-67df-4f25-bde3-316f439d30b3:c3982]
2019-08-23 18:29:11,451 [grpc-default-executor-0] INFO  client.GrpcClientProtocolClient (GrpcClientProtocolClient.java:onNext(255)) - client-19C32667576E->48affcab-e6e4-4602-963a-f6a50efbd54c: receive RaftClientReply:client-19C32667576E->48affcab-e6e4-4602-963a-f6a50efbd54c@group-50C56EAF5137, cid=2663, SUCCESS, logIndex=3984, commits[48affcab-e6e4-4602-963a-f6a50efbd54c:c3984, 7e391b60-07ae-4d97-a027-4756e468c032:c3982, c5f86d96-67df-4f25-bde3-316f439d30b3:c3982]
2019-08-23 18:29:11,456 | INFO  | DNAudit | user=null | ip=null | op=WRITE_CHUNK {blockData=conID: 3 locID: 102667711374361186 bcsId: 3984} | ret=SUCCESS |  
2019-08-23 18:29:11,458 | INFO  | DNAudit | user=null | ip=null | op=WRITE_CHUNK {blockData=conID: 3 locID: 102667711374361186 bcsId: 3984} | ret=SUCCESS |  
2019-08-23 18:29:11,458 | INFO  | DNAudit | user=null | ip=null | op=WRITE_CHUNK {blockData=conID: 3 locID: 102667711374361186 bcsId: 3984} | ret=SUCCESS |  
2019-08-23 18:29:11,463 | INFO  | DNAudit | user=null | ip=null | op=WRITE_CHUNK {blockData=conID: 3 locID: 102667711374361186 bcsId: 3978} | ret=SUCCESS |  
2019-08-23 18:29:11,463 | INFO  | DNAudit | user=null | ip=null | op=PUT_BLOCK {blockData=[blockId=conID: 3 locID: 102667711374361186 bcsId: 0,size=3145728]} | ret=SUCCESS |  
2019-08-23 18:29:11,463 | INFO  | DNAudit | user=null | ip=null | op=WRITE_CHUNK {blockData=conID: 3 locID: 102667711374361186 bcsId: 3978} | ret=SUCCESS |  
2019-08-23 18:29:11,463 | INFO  | DNAudit | user=null | ip=null | op=PUT_BLOCK {blockData=[blockId=conID: 3 locID: 102667711374361186 bcsId: 0,size=3145728]} | ret=SUCCESS |  
2019-08-23 18:29:11,466 | INFO  | DNAudit | user=null | ip=null | op=WRITE_CHUNK {blockData=conID: 3 locID: 102667711374361186 bcsId: 3984} | ret=SUCCESS |  
2019-08-23 18:29:11,466 | INFO  | DNAudit | user=null | ip=null | op=PUT_BLOCK {blockData=[blockId=conID: 3 locID: 102667711374361186 bcsId: 0,size=4194304]} | ret=SUCCESS |  
2019-08-23 18:29:11,467 [grpc-default-executor-3] INFO  client.GrpcClientProtocolClient (GrpcClientProtocolClient.java:onNext(255)) - client-19C32667576E->48affcab-e6e4-4602-963a-f6a50efbd54c: receive RaftClientReply:client-19C32667576E->48affcab-e6e4-4602-963a-f6a50efbd54c@group-50C56EAF5137, cid=2664, SUCCESS, logIndex=3987, commits[48affcab-e6e4-4602-963a-f6a50efbd54c:c3988, 7e391b60-07ae-4d97-a027-4756e468c032:c3984, c5f86d96-67df-4f25-bde3-316f439d30b3:c3984]
2019-08-23 18:29:11,467 [grpc-default-executor-3] INFO  client.GrpcClientProtocolClient (GrpcClientProtocolClient.java:onNext(255)) - client-19C32667576E->48affcab-e6e4-4602-963a-f6a50efbd54c: receive RaftClientReply:client-19C32667576E->48affcab-e6e4-4602-963a-f6a50efbd54c@group-50C56EAF5137, cid=2665, SUCCESS, logIndex=3988, commits[48affcab-e6e4-4602-963a-f6a50efbd54c:c3988, 7e391b60-07ae-4d97-a027-4756e468c032:c3984, c5f86d96-67df-4f25-bde3-316f439d30b3:c3984]
2019-08-23 18:29:11,479 | INFO  | DNAudit | user=null | ip=null | op=WRITE_CHUNK {blockData=conID: 3 locID: 102667711374361186 bcsId: 3984} | ret=SUCCESS |  
2019-08-23 18:29:11,479 | INFO  | DNAudit | user=null | ip=null | op=WRITE_CHUNK {blockData=conID: 3 locID: 102667711374361186 bcsId: 3984} | ret=SUCCESS |  
2019-08-23 18:29:11,479 | INFO  | DNAudit | user=null | ip=null | op=PUT_BLOCK {blockData=[blockId=conID: 3 locID: 102667711374361186 bcsId: 0,size=4194304]} | ret=SUCCESS |  
2019-08-23 18:29:11,479 | INFO  | DNAudit | user=null | ip=null | op=PUT_BLOCK {blockData=[blockId=conID: 3 locID: 102667711374361186 bcsId: 0,size=4194304]} | ret=SUCCESS |  
2019-08-23 18:29:11,480 [grpc-default-executor-3] INFO  client.GrpcClientProtocolClient (GrpcClientProtocolClient.java:onNext(255)) - client-19C32667576E->48affcab-e6e4-4602-963a-f6a50efbd54c: receive RaftClientReply:client-19C32667576E->48affcab-e6e4-4602-963a-f6a50efbd54c@group-50C56EAF5137, cid=2666, SUCCESS, logIndex=0, commits[48affcab-e6e4-4602-963a-f6a50efbd54c:c3989, 7e391b60-07ae-4d97-a027-4756e468c032:c3988, c5f86d96-67df-4f25-bde3-316f439d30b3:c3988]
2019-08-23 18:29:11,484 | INFO  | SCMAudit | user=jenkins1000 | ip=192.168.34.23 | op=ALLOCATE_BLOCK {owner=1ceb8b80-28f1-43fd-86c3-175afc07b8d1, size=4194304, type=RATIS, factor=THREE} | ret=SUCCESS |  
2019-08-23 18:29:11,487 | INFO  | OMAudit | user=jenkins1000 | ip=127.0.0.1 | op=ALLOCATE_BLOCK {volume=vol-0-45438, bucket=bucket-0-23891, key=key-0-22455, dataSize=0, replicationType=null, replicationFactor=null, keyLocationInfo=null, clientID=102667710122492306} | ret=SUCCESS |  
2019-08-23 18:29:11,492 | INFO  | DNAudit | user=null | ip=null | op=WRITE_CHUNK {blockData=conID: 1 locID: 102667711380456035 bcsId: 0} | ret=SUCCESS |  
2019-08-23 18:29:11,592 | INFO  | DNAudit | user=null | ip=null | op=WRITE_CHUNK {blockData=conID: 1 locID: 102667711380456035 bcsId: 0} | ret=SUCCESS |  
2019-08-23 18:29:11,592 | INFO  | DNAudit | user=null | ip=null | op=WRITE_CHUNK {blockData=conID: 1 locID: 102667711380456035 bcsId: 0} | ret=SUCCESS |  
2019-08-23 18:29:11,593 | INFO  | DNAudit | user=null | ip=null | op=WRITE_CHUNK {blockData=conID: 1 locID: 102667711380456035 bcsId: 0} | ret=SUCCESS |  
2019-08-23 18:29:11,595 | INFO  | DNAudit | user=null | ip=null | op=WRITE_CHUNK {blockData=conID: 1 locID: 102667711380456035 bcsId: 0} | ret=SUCCESS |  
2019-08-23 18:29:11,596 | INFO  | DNAudit | user=null | ip=null | op=WRITE_CHUNK {blockData=conID: 1 locID: 102667711380456035 bcsId: 0} | ret=SUCCESS |  
2019-08-23 18:29:11,604 | INFO  | DNAudit | user=null | ip=null | op=WRITE_CHUNK {blockData=conID: 1 locID: 102667711380456035 bcsId: 0} | ret=SUCCESS |  
2019-08-23 18:29:11,604 | INFO  | DNAudit | user=null | ip=null | op=PUT_BLOCK {blockData=[blockId=conID: 1 locID: 102667711380456035 bcsId: 0,size=1048576]} | ret=SUCCESS |  
2019-08-23 18:29:11,605 | INFO  | DNAudit | user=null | ip=null | op=WRITE_CHUNK {blockData=conID: 1 locID: 102667711380456035 bcsId: 0} | ret=SUCCESS |  
2019-08-23 18:29:11,605 [grpc-default-executor-3] INFO  client.GrpcClientProtocolClient (GrpcClientProtocolClient.java:onNext(255)) - client-19C32667576E->48affcab-e6e4-4602-963a-f6a50efbd54c: receive RaftClientReply:client-19C32667576E->48affcab-e6e4-4602-963a-f6a50efbd54c@group-50C56EAF5137, cid=2667, SUCCESS, logIndex=3990, commits[48affcab-e6e4-4602-963a-f6a50efbd54c:c3991, 7e391b60-07ae-4d97-a027-4756e468c032:c3989, c5f86d96-67df-4f25-bde3-316f439d30b3:c3989]
2019-08-23 18:29:11,605 | INFO  | DNAudit | user=null | ip=null | op=PUT_BLOCK {blockData=[blockId=conID: 1 locID: 102667711380456035 bcsId: 0,size=2097152]} | ret=SUCCESS |  
2019-08-23 18:29:11,605 [grpc-default-executor-3] INFO  client.GrpcClientProtocolClient (GrpcClientProtocolClient.java:onNext(255)) - client-19C32667576E->48affcab-e6e4-4602-963a-f6a50efbd54c: receive RaftClientReply:client-19C32667576E->48affcab-e6e4-4602-963a-f6a50efbd54c@group-50C56EAF5137, cid=2668, SUCCESS, logIndex=3991, commits[48affcab-e6e4-4602-963a-f6a50efbd54c:c3993, 7e391b60-07ae-4d97-a027-4756e468c032:c3989, c5f86d96-67df-4f25-bde3-316f439d30b3:c3989]
2019-08-23 18:29:11,605 [grpc-default-executor-3] INFO  client.GrpcClientProtocolClient (GrpcClientProtocolClient.java:onNext(255)) - client-19C32667576E->48affcab-e6e4-4602-963a-f6a50efbd54c: receive RaftClientReply:client-19C32667576E->48affcab-e6e4-4602-963a-f6a50efbd54c@group-50C56EAF5137, cid=2669, SUCCESS, logIndex=3992, commits[48affcab-e6e4-4602-963a-f6a50efbd54c:c3993, 7e391b60-07ae-4d97-a027-4756e468c032:c3989, c5f86d96-67df-4f25-bde3-316f439d30b3:c3989]
2019-08-23 18:29:11,606 [grpc-default-executor-3] INFO  client.GrpcClientProtocolClient (GrpcClientProtocolClient.java:onNext(255)) - client-19C32667576E->48affcab-e6e4-4602-963a-f6a50efbd54c: receive RaftClientReply:client-19C32667576E->48affcab-e6e4-4602-963a-f6a50efbd54c@group-50C56EAF5137, cid=2670, SUCCESS, logIndex=3993, commits[48affcab-e6e4-4602-963a-f6a50efbd54c:c3993, 7e391b60-07ae-4d97-a027-4756e468c032:c3989, c5f86d96-67df-4f25-bde3-316f439d30b3:c3989]
2019-08-23 18:29:11,659 | INFO  | DNAudit | user=null | ip=null | op=WRITE_CHUNK {blockData=conID: 1 locID: 102667711380456035 bcsId: 0} | ret=SUCCESS |  
2019-08-23 18:29:11,659 | INFO  | DNAudit | user=null | ip=null | op=PUT_BLOCK {blockData=[blockId=conID: 1 locID: 102667711380456035 bcsId: 0,size=1048576]} | ret=SUCCESS |  
2019-08-23 18:29:11,661 | INFO  | DNAudit | user=null | ip=null | op=WRITE_CHUNK {blockData=conID: 1 locID: 102667711380456035 bcsId: 0} | ret=SUCCESS |  
2019-08-23 18:29:11,661 | INFO  | DNAudit | user=null | ip=null | op=PUT_BLOCK {blockData=[blockId=conID: 1 locID: 102667711380456035 bcsId: 0,size=1048576]} | ret=SUCCESS |  
2019-08-23 18:29:11,662 | INFO  | DNAudit | user=null | ip=null | op=WRITE_CHUNK {blockData=conID: 1 locID: 102667711380456035 bcsId: 0} | ret=SUCCESS |  
2019-08-23 18:29:11,662 | INFO  | DNAudit | user=null | ip=null | op=PUT_BLOCK {blockData=[blockId=conID: 1 locID: 102667711380456035 bcsId: 0,size=2097152]} | ret=SUCCESS |  
2019-08-23 18:29:11,662 [grpc-default-executor-0] INFO  client.GrpcClientProtocolClient (GrpcClientProtocolClient.java:onNext(255)) - client-19C32667576E->48affcab-e6e4-4602-963a-f6a50efbd54c: receive RaftClientReply:client-19C32667576E->48affcab-e6e4-4602-963a-f6a50efbd54c@group-50C56EAF5137, cid=2671, SUCCESS, logIndex=0, commits[48affcab-e6e4-4602-963a-f6a50efbd54c:c3994, 7e391b60-07ae-4d97-a027-4756e468c032:c3991, c5f86d96-67df-4f25-bde3-316f439d30b3:c3991]
2019-08-23 18:29:11,662 | INFO  | SCMAudit | user=jenkins1000 | ip=192.168.34.23 | op=SEND_HEARTBEAT {datanodeUUID=c83cddd0-22b5-491d-bff0-a36373498de2, command=[]} | ret=SUCCESS |  
 0.00% |█                                                                                                    |  0/1 Time: 0:00:192019-08-23 18:29:11,670 | INFO  | DNAudit | user=null | ip=null | op=WRITE_CHUNK {blockData=conID: 1 locID: 102667711380456035 bcsId: 3993} | ret=SUCCESS |  
2019-08-23 18:29:11,672 | INFO  | DNAudit | user=null | ip=null | op=WRITE_CHUNK {blockData=conID: 1 locID: 102667711380456035 bcsId: 0} | ret=SUCCESS |  
2019-08-23 18:29:11,672 | INFO  | DNAudit | user=null | ip=null | op=PUT_BLOCK {blockData=[blockId=conID: 1 locID: 102667711380456035 bcsId: 0,size=2097152]} | ret=SUCCESS |  
2019-08-23 18:29:11,673 | INFO  | DNAudit | user=null | ip=null | op=WRITE_CHUNK {blockData=conID: 1 locID: 102667711380456035 bcsId: 3993} | ret=SUCCESS |  
2019-08-23 18:29:11,673 | INFO  | DNAudit | user=null | ip=null | op=WRITE_CHUNK {blockData=conID: 1 locID: 102667711380456035 bcsId: 3993} | ret=SUCCESS |  
2019-08-23 18:29:11,692 | INFO  | DNAudit | user=null | ip=null | op=WRITE_CHUNK {blockData=conID: 1 locID: 102667711380456035 bcsId: 3993} | ret=SUCCESS |  
2019-08-23 18:29:11,693 | INFO  | DNAudit | user=null | ip=null | op=PUT_BLOCK {blockData=[blockId=conID: 1 locID: 102667711380456035 bcsId: 0,size=3145728]} | ret=SUCCESS |  
2019-08-23 18:29:11,693 [grpc-default-executor-3] INFO  client.GrpcClientProtocolClient (GrpcClientProtocolClient.java:onNext(255)) - client-19C32667576E->48affcab-e6e4-4602-963a-f6a50efbd54c: receive RaftClientReply:client-19C32667576E->48affcab-e6e4-4602-963a-f6a50efbd54c@group-50C56EAF5137, cid=2672, SUCCESS, logIndex=3998, commits[48affcab-e6e4-4602-963a-f6a50efbd54c:c3999, 7e391b60-07ae-4d97-a027-4756e468c032:c3993, c5f86d96-67df-4f25-bde3-316f439d30b3:c3997]
2019-08-23 18:29:11,693 [grpc-default-executor-3] INFO  client.GrpcClientProtocolClient (GrpcClientProtocolClient.java:onNext(255)) - client-19C32667576E->48affcab-e6e4-4602-963a-f6a50efbd54c: receive RaftClientReply:client-19C32667576E->48affcab-e6e4-4602-963a-f6a50efbd54c@group-50C56EAF5137, cid=2673, SUCCESS, logIndex=3999, commits[48affcab-e6e4-4602-963a-f6a50efbd54c:c3999, 7e391b60-07ae-4d97-a027-4756e468c032:c3997, c5f86d96-67df-4f25-bde3-316f439d30b3:c3997]
2019-08-23 18:29:11,695 | INFO  | DNAudit | user=null | ip=null | op=WRITE_CHUNK {blockData=conID: 1 locID: 102667711380456035 bcsId: 3993} | ret=SUCCESS |  
2019-08-23 18:29:11,695 | INFO  | DNAudit | user=null | ip=null | op=WRITE_CHUNK {blockData=conID: 1 locID: 102667711380456035 bcsId: 3993} | ret=SUCCESS |  
2019-08-23 18:29:11,696 | INFO  | DNAudit | user=null | ip=null | op=PUT_BLOCK {blockData=[blockId=conID: 1 locID: 102667711380456035 bcsId: 0,size=3145728]} | ret=SUCCESS |  
2019-08-23 18:29:11,696 | INFO  | DNAudit | user=null | ip=null | op=PUT_BLOCK {blockData=[blockId=conID: 1 locID: 102667711380456035 bcsId: 0,size=3145728]} | ret=SUCCESS |  
2019-08-23 18:29:11,701 | INFO  | DNAudit | user=null | ip=null | op=WRITE_CHUNK {blockData=conID: 1 locID: 102667711380456035 bcsId: 3999} | ret=SUCCESS |  
2019-08-23 18:29:11,703 | INFO  | DNAudit | user=null | ip=null | op=WRITE_CHUNK {blockData=conID: 1 locID: 102667711380456035 bcsId: 3999} | ret=SUCCESS |  
2019-08-23 18:29:11,703 | INFO  | DNAudit | user=null | ip=null | op=WRITE_CHUNK {blockData=conID: 1 locID: 102667711380456035 bcsId: 3999} | ret=SUCCESS |  
2019-08-23 18:29:11,709 | INFO  | DNAudit | user=null | ip=null | op=WRITE_CHUNK {blockData=conID: 1 locID: 102667711380456035 bcsId: 3999} | ret=SUCCESS |  
2019-08-23 18:29:11,709 | INFO  | DNAudit | user=null | ip=null | op=PUT_BLOCK {blockData=[blockId=conID: 1 locID: 102667711380456035 bcsId: 0,size=4194304]} | ret=SUCCESS |  
2019-08-23 18:29:11,709 [grpc-default-executor-5] INFO  client.GrpcClientProtocolClient (GrpcClientProtocolClient.java:onNext(255)) - client-19C32667576E->48affcab-e6e4-4602-963a-f6a50efbd54c: receive RaftClientReply:client-19C32667576E->48affcab-e6e4-4602-963a-f6a50efbd54c@group-50C56EAF5137, cid=2674, SUCCESS, logIndex=4002, commits[48affcab-e6e4-4602-963a-f6a50efbd54c:c4003, 7e391b60-07ae-4d97-a027-4756e468c032:c3999, c5f86d96-67df-4f25-bde3-316f439d30b3:c4000]
2019-08-23 18:29:11,710 [grpc-default-executor-5] INFO  client.GrpcClientProtocolClient (GrpcClientProtocolClient.java:onNext(255)) - client-19C32667576E->48affcab-e6e4-4602-963a-f6a50efbd54c: receive RaftClientReply:client-19C32667576E->48affcab-e6e4-4602-963a-f6a50efbd54c@group-50C56EAF5137, cid=2675, SUCCESS, logIndex=4003, commits[48affcab-e6e4-4602-963a-f6a50efbd54c:c4003, 7e391b60-07ae-4d97-a027-4756e468c032:c4000, c5f86d96-67df-4f25-bde3-316f439d30b3:c4000]
2019-08-23 18:29:11,712 | INFO  | DNAudit | user=null | ip=null | op=WRITE_CHUNK {blockData=conID: 1 locID: 102667711380456035 bcsId: 3999} | ret=SUCCESS |  
2019-08-23 18:29:11,712 | INFO  | DNAudit | user=null | ip=null | op=WRITE_CHUNK {blockData=conID: 1 locID: 102667711380456035 bcsId: 3999} | ret=SUCCESS |  
2019-08-23 18:29:11,712 | INFO  | DNAudit | user=null | ip=null | op=PUT_BLOCK {blockData=[blockId=conID: 1 locID: 102667711380456035 bcsId: 0,size=4194304]} | ret=SUCCESS |  
2019-08-23 18:29:11,723 | INFO  | DNAudit | user=null | ip=null | op=PUT_BLOCK {blockData=[blockId=conID: 1 locID: 102667711380456035 bcsId: 0,size=4194304]} | ret=SUCCESS |  
2019-08-23 18:29:11,724 [grpc-default-executor-5] INFO  client.GrpcClientProtocolClient (GrpcClientProtocolClient.java:onNext(255)) - client-19C32667576E->48affcab-e6e4-4602-963a-f6a50efbd54c: receive RaftClientReply:client-19C32667576E->48affcab-e6e4-4602-963a-f6a50efbd54c@group-50C56EAF5137, cid=2676, SUCCESS, logIndex=0, commits[48affcab-e6e4-4602-963a-f6a50efbd54c:c4005, 7e391b60-07ae-4d97-a027-4756e468c032:c4003, c5f86d96-67df-4f25-bde3-316f439d30b3:c4003]
2019-08-23 18:29:11,730 | INFO  | SCMAudit | user=jenkins1000 | ip=192.168.34.23 | op=ALLOCATE_BLOCK {owner=1ceb8b80-28f1-43fd-86c3-175afc07b8d1, size=4194304, type=RATIS, factor=THREE} | ret=SUCCESS |  
2019-08-23 18:29:11,734 | INFO  | OMAudit | user=jenkins1000 | ip=127.0.0.1 | op=ALLOCATE_BLOCK {volume=vol-0-45438, bucket=bucket-0-23891, key=key-0-22455, dataSize=0, replicationType=null, replicationFactor=null, keyLocationInfo=null, clientID=102667710122492306} | ret=SUCCESS |  
2019-08-23 18:29:11,741 | INFO  | DNAudit | user=null | ip=null | op=WRITE_CHUNK {blockData=conID: 2 locID: 102667711396577892 bcsId: 0} | ret=SUCCESS |  
2019-08-23 18:29:11,743 | INFO  | DNAudit | user=null | ip=null | op=WRITE_CHUNK {blockData=conID: 2 locID: 102667711396577892 bcsId: 0} | ret=SUCCESS |  
2019-08-23 18:29:11,744 | INFO  | DNAudit | user=null | ip=null | op=WRITE_CHUNK {blockData=conID: 2 locID: 102667711396577892 bcsId: 0} | ret=SUCCESS |  
2019-08-23 18:29:11,744 | INFO  | DNAudit | user=null | ip=null | op=WRITE_CHUNK {blockData=conID: 2 locID: 102667711396577892 bcsId: 0} | ret=SUCCESS |  
2019-08-23 18:29:11,746 | INFO  | DNAudit | user=null | ip=null | op=WRITE_CHUNK {blockData=conID: 2 locID: 102667711396577892 bcsId: 0} | ret=SUCCESS |  
2019-08-23 18:29:11,746 | INFO  | DNAudit | user=null | ip=null | op=WRITE_CHUNK {blockData=conID: 2 locID: 102667711396577892 bcsId: 0} | ret=SUCCESS |  
2019-08-23 18:29:11,755 | INFO  | DNAudit | user=null | ip=null | op=WRITE_CHUNK {blockData=conID: 2 locID: 102667711396577892 bcsId: 0} | ret=SUCCESS |  
2019-08-23 18:29:11,756 | INFO  | DNAudit | user=null | ip=null | op=PUT_BLOCK {blockData=[blockId=conID: 2 locID: 102667711396577892 bcsId: 0,size=1048576]} | ret=SUCCESS |  
2019-08-23 18:29:11,756 [grpc-default-executor-3] INFO  client.GrpcClientProtocolClient (GrpcClientProtocolClient.java:onNext(255)) - client-19C32667576E->48affcab-e6e4-4602-963a-f6a50efbd54c: receive RaftClientReply:client-19C32667576E->48affcab-e6e4-4602-963a-f6a50efbd54c@group-50C56EAF5137, cid=2677, SUCCESS, logIndex=4006, commits[48affcab-e6e4-4602-963a-f6a50efbd54c:c4007, 7e391b60-07ae-4d97-a027-4756e468c032:c4005, c5f86d96-67df-4f25-bde3-316f439d30b3:c4005]
2019-08-23 18:29:11,756 [grpc-default-executor-3] INFO  client.GrpcClientProtocolClient (GrpcClientProtocolClient.java:onNext(255)) - client-19C32667576E->48affcab-e6e4-4602-963a-f6a50efbd54c: receive RaftClientReply:client-19C32667576E->48affcab-e6e4-4602-963a-f6a50efbd54c@group-50C56EAF5137, cid=2678, SUCCESS, logIndex=4007, commits[48affcab-e6e4-4602-963a-f6a50efbd54c:c4007, 7e391b60-07ae-4d97-a027-4756e468c032:c4005, c5f86d96-67df-4f25-bde3-316f439d30b3:c4005]
2019-08-23 18:29:11,765 | INFO  | DNAudit | user=null | ip=null | op=WRITE_CHUNK {blockData=conID: 2 locID: 102667711396577892 bcsId: 0} | ret=SUCCESS |  
2019-08-23 18:29:11,766 | INFO  | DNAudit | user=null | ip=null | op=PUT_BLOCK {blockData=[blockId=conID: 2 locID: 102667711396577892 bcsId: 0,size=2097152]} | ret=SUCCESS |  
2019-08-23 18:29:11,766 [grpc-default-executor-5] INFO  client.GrpcClientProtocolClient (GrpcClientProtocolClient.java:onNext(255)) - client-19C32667576E->48affcab-e6e4-4602-963a-f6a50efbd54c: receive RaftClientReply:client-19C32667576E->48affcab-e6e4-4602-963a-f6a50efbd54c@group-50C56EAF5137, cid=2679, SUCCESS, logIndex=4008, commits[48affcab-e6e4-4602-963a-f6a50efbd54c:c4009, 7e391b60-07ae-4d97-a027-4756e468c032:c4005, c5f86d96-67df-4f25-bde3-316f439d30b3:c4005]
2019-08-23 18:29:11,766 [grpc-default-executor-5] INFO  client.GrpcClientProtocolClient (GrpcClientProtocolClient.java:onNext(255)) - client-19C32667576E->48affcab-e6e4-4602-963a-f6a50efbd54c: receive RaftClientReply:client-19C32667576E->48affcab-e6e4-4602-963a-f6a50efbd54c@group-50C56EAF5137, cid=2680, SUCCESS, logIndex=4009, commits[48affcab-e6e4-4602-963a-f6a50efbd54c:c4009, 7e391b60-07ae-4d97-a027-4756e468c032:c4005, c5f86d96-67df-4f25-bde3-316f439d30b3:c4005]
2019-08-23 18:29:11,767 | INFO  | DNAudit | user=null | ip=null | op=WRITE_CHUNK {blockData=conID: 2 locID: 102667711396577892 bcsId: 0} | ret=SUCCESS |  
2019-08-23 18:29:11,770 | INFO  | SCMAudit | user=jenkins1000 | ip=192.168.34.23 | op=SEND_HEARTBEAT {datanodeUUID=48affcab-e6e4-4602-963a-f6a50efbd54c, command=[]} | ret=SUCCESS |  
2019-08-23 18:29:11,770 | INFO  | SCMAudit | user=jenkins1000 | ip=192.168.34.23 | op=SEND_HEARTBEAT {datanodeUUID=58706fd2-d7f7-4771-af80-9e0541495c87, command=[]} | ret=SUCCESS |  
2019-08-23 18:29:11,770 | INFO  | SCMAudit | user=jenkins1000 | ip=192.168.34.23 | op=SEND_HEARTBEAT {datanodeUUID=c5f86d96-67df-4f25-bde3-316f439d30b3, command=[]} | ret=SUCCESS |  
2019-08-23 18:29:11,771 | INFO  | SCMAudit | user=jenkins1000 | ip=192.168.34.23 | op=SEND_HEARTBEAT {datanodeUUID=7e391b60-07ae-4d97-a027-4756e468c032, command=[]} | ret=SUCCESS |  
2019-08-23 18:29:11,780 | INFO  | DNAudit | user=null | ip=null | op=PUT_BLOCK {blockData=[blockId=conID: 2 locID: 102667711396577892 bcsId: 0,size=1048576]} | ret=SUCCESS |  
2019-08-23 18:29:11,780 | INFO  | DNAudit | user=null | ip=null | op=WRITE_CHUNK {blockData=conID: 2 locID: 102667711396577892 bcsId: 0} | ret=SUCCESS |  
2019-08-23 18:29:11,780 | INFO  | DNAudit | user=null | ip=null | op=WRITE_CHUNK {blockData=conID: 2 locID: 102667711396577892 bcsId: 0} | ret=SUCCESS |  
2019-08-23 18:29:11,781 | INFO  | DNAudit | user=null | ip=null | op=PUT_BLOCK {blockData=[blockId=conID: 2 locID: 102667711396577892 bcsId: 0,size=1048576]} | ret=SUCCESS |  
2019-08-23 18:29:11,781 | INFO  | DNAudit | user=null | ip=null | op=PUT_BLOCK {blockData=[blockId=conID: 2 locID: 102667711396577892 bcsId: 0,size=2097152]} | ret=SUCCESS |  
2019-08-23 18:29:11,781 | INFO  | DNAudit | user=null | ip=null | op=WRITE_CHUNK {blockData=conID: 2 locID: 102667711396577892 bcsId: 0} | ret=SUCCESS |  
2019-08-23 18:29:11,781 | INFO  | DNAudit | user=null | ip=null | op=PUT_BLOCK {blockData=[blockId=conID: 2 locID: 102667711396577892 bcsId: 0,size=2097152]} | ret=SUCCESS |  
2019-08-23 18:29:11,781 [grpc-default-executor-5] INFO  client.GrpcClientProtocolClient (GrpcClientProtocolClient.java:onNext(255)) - client-19C32667576E->48affcab-e6e4-4602-963a-f6a50efbd54c: receive RaftClientReply:client-19C32667576E->48affcab-e6e4-4602-963a-f6a50efbd54c@group-50C56EAF5137, cid=2681, SUCCESS, logIndex=0, commits[48affcab-e6e4-4602-963a-f6a50efbd54c:c4011, 7e391b60-07ae-4d97-a027-4756e468c032:c4009, c5f86d96-67df-4f25-bde3-316f439d30b3:c4007]
2019-08-23 18:29:11,788 | INFO  | DNAudit | user=null | ip=null | op=WRITE_CHUNK {blockData=conID: 2 locID: 102667711396577892 bcsId: 4009} | ret=SUCCESS |  
2019-08-23 18:29:11,790 | INFO  | DNAudit | user=null | ip=null | op=WRITE_CHUNK {blockData=conID: 2 locID: 102667711396577892 bcsId: 4009} | ret=SUCCESS |  
2019-08-23 18:29:11,790 | INFO  | DNAudit | user=null | ip=null | op=WRITE_CHUNK {blockData=conID: 2 locID: 102667711396577892 bcsId: 4009} | ret=SUCCESS |  
2019-08-23 18:29:11,804 | INFO  | DNAudit | user=null | ip=null | op=WRITE_CHUNK {blockData=conID: 2 locID: 102667711396577892 bcsId: 4009} | ret=SUCCESS |  
2019-08-23 18:29:11,804 | INFO  | DNAudit | user=null | ip=null | op=PUT_BLOCK {blockData=[blockId=conID: 2 locID: 102667711396577892 bcsId: 0,size=3145728]} | ret=SUCCESS |  
2019-08-23 18:29:11,805 [grpc-default-executor-3] INFO  client.GrpcClientProtocolClient (GrpcClientProtocolClient.java:onNext(255)) - client-19C32667576E->48affcab-e6e4-4602-963a-f6a50efbd54c: receive RaftClientReply:client-19C32667576E->48affcab-e6e4-4602-963a-f6a50efbd54c@group-50C56EAF5137, cid=2682, SUCCESS, logIndex=4013, commits[48affcab-e6e4-4602-963a-f6a50efbd54c:c4014, 7e391b60-07ae-4d97-a027-4756e468c032:c4011, c5f86d96-67df-4f25-bde3-316f439d30b3:c4011]
2019-08-23 18:29:11,805 [grpc-default-executor-3] INFO  client.GrpcClientProtocolClient (GrpcClientProtocolClient.java:onNext(255)) - client-19C32667576E->48affcab-e6e4-4602-963a-f6a50efbd54c: receive RaftClientReply:client-19C32667576E->48affcab-e6e4-4602-963a-f6a50efbd54c@group-50C56EAF5137, cid=2683, SUCCESS, logIndex=4014, commits[48affcab-e6e4-4602-963a-f6a50efbd54c:c4014, 7e391b60-07ae-4d97-a027-4756e468c032:c4011, c5f86d96-67df-4f25-bde3-316f439d30b3:c4011]
2019-08-23 18:29:11,811 | INFO  | DNAudit | user=null | ip=null | op=WRITE_CHUNK {blockData=conID: 2 locID: 102667711396577892 bcsId: 4014} | ret=SUCCESS |  
2019-08-23 18:29:11,813 | INFO  | DNAudit | user=null | ip=null | op=WRITE_CHUNK {blockData=conID: 2 locID: 102667711396577892 bcsId: 4014} | ret=SUCCESS |  
2019-08-23 18:29:11,813 | INFO  | DNAudit | user=null | ip=null | op=WRITE_CHUNK {blockData=conID: 2 locID: 102667711396577892 bcsId: 4014} | ret=SUCCESS |  
2019-08-23 18:29:11,832 | INFO  | DNAudit | user=null | ip=null | op=WRITE_CHUNK {blockData=conID: 2 locID: 102667711396577892 bcsId: 4009} | ret=SUCCESS |  
2019-08-23 18:29:11,833 | INFO  | DNAudit | user=null | ip=null | op=WRITE_CHUNK {blockData=conID: 2 locID: 102667711396577892 bcsId: 4009} | ret=SUCCESS |  
2019-08-23 18:29:11,833 | INFO  | DNAudit | user=null | ip=null | op=WRITE_CHUNK {blockData=conID: 2 locID: 102667711396577892 bcsId: 4014} | ret=SUCCESS |  
2019-08-23 18:29:11,833 | INFO  | DNAudit | user=null | ip=null | op=PUT_BLOCK {blockData=[blockId=conID: 2 locID: 102667711396577892 bcsId: 0,size=3145728]} | ret=SUCCESS |  
2019-08-23 18:29:11,833 | INFO  | DNAudit | user=null | ip=null | op=PUT_BLOCK {blockData=[blockId=conID: 2 locID: 102667711396577892 bcsId: 0,size=3145728]} | ret=SUCCESS |  
2019-08-23 18:29:11,833 | INFO  | DNAudit | user=null | ip=null | op=PUT_BLOCK {blockData=[blockId=conID: 2 locID: 102667711396577892 bcsId: 0,size=4194304]} | ret=SUCCESS |  
2019-08-23 18:29:11,833 [grpc-default-executor-3] INFO  client.GrpcClientProtocolClient (GrpcClientProtocolClient.java:onNext(255)) - client-19C32667576E->48affcab-e6e4-4602-963a-f6a50efbd54c: receive RaftClientReply:client-19C32667576E->48affcab-e6e4-4602-963a-f6a50efbd54c@group-50C56EAF5137, cid=2684, SUCCESS, logIndex=4017, commits[48affcab-e6e4-4602-963a-f6a50efbd54c:c4018, 7e391b60-07ae-4d97-a027-4756e468c032:c4014, c5f86d96-67df-4f25-bde3-316f439d30b3:c4014]
2019-08-23 18:29:11,834 [grpc-default-executor-3] INFO  client.GrpcClientProtocolClient (GrpcClientProtocolClient.java:onNext(255)) - client-19C32667576E->48affcab-e6e4-4602-963a-f6a50efbd54c: receive RaftClientReply:client-19C32667576E->48affcab-e6e4-4602-963a-f6a50efbd54c@group-50C56EAF5137, cid=2685, SUCCESS, logIndex=4018, commits[48affcab-e6e4-4602-963a-f6a50efbd54c:c4018, 7e391b60-07ae-4d97-a027-4756e468c032:c4014, c5f86d96-67df-4f25-bde3-316f439d30b3:c4014]
2019-08-23 18:29:11,843 | INFO  | DNAudit | user=null | ip=null | op=WRITE_CHUNK {blockData=conID: 2 locID: 102667711396577892 bcsId: 4014} | ret=SUCCESS |  
2019-08-23 18:29:11,843 | INFO  | DNAudit | user=null | ip=null | op=WRITE_CHUNK {blockData=conID: 2 locID: 102667711396577892 bcsId: 4014} | ret=SUCCESS |  
2019-08-23 18:29:11,844 | INFO  | DNAudit | user=null | ip=null | op=PUT_BLOCK {blockData=[blockId=conID: 2 locID: 102667711396577892 bcsId: 0,size=4194304]} | ret=SUCCESS |  
2019-08-23 18:29:11,844 | INFO  | DNAudit | user=null | ip=null | op=PUT_BLOCK {blockData=[blockId=conID: 2 locID: 102667711396577892 bcsId: 0,size=4194304]} | ret=SUCCESS |  
2019-08-23 18:29:11,844 [grpc-default-executor-3] INFO  client.GrpcClientProtocolClient (GrpcClientProtocolClient.java:onNext(255)) - client-19C32667576E->48affcab-e6e4-4602-963a-f6a50efbd54c: receive RaftClientReply:client-19C32667576E->48affcab-e6e4-4602-963a-f6a50efbd54c@group-50C56EAF5137, cid=2686, SUCCESS, logIndex=0, commits[48affcab-e6e4-4602-963a-f6a50efbd54c:c4020, 7e391b60-07ae-4d97-a027-4756e468c032:c4018, c5f86d96-67df-4f25-bde3-316f439d30b3:c4018]
2019-08-23 18:29:11,850 | INFO  | SCMAudit | user=jenkins1000 | ip=192.168.34.23 | op=ALLOCATE_BLOCK {owner=1ceb8b80-28f1-43fd-86c3-175afc07b8d1, size=4194304, type=RATIS, factor=THREE} | ret=SUCCESS |  
2019-08-23 18:29:11,854 | INFO  | OMAudit | user=jenkins1000 | ip=127.0.0.1 | op=ALLOCATE_BLOCK {volume=vol-0-45438, bucket=bucket-0-23891, key=key-0-22455, dataSize=0, replicationType=null, replicationFactor=null, keyLocationInfo=null, clientID=102667710122492306} | ret=SUCCESS |  
2019-08-23 18:29:11,860 | INFO  | DNAudit | user=null | ip=null | op=WRITE_CHUNK {blockData=conID: 3 locID: 102667711404442213 bcsId: 0} | ret=SUCCESS |  
2019-08-23 18:29:11,862 | INFO  | DNAudit | user=null | ip=null | op=WRITE_CHUNK {blockData=conID: 3 locID: 102667711404442213 bcsId: 0} | ret=SUCCESS |  
2019-08-23 18:29:11,862 | INFO  | DNAudit | user=null | ip=null | op=WRITE_CHUNK {blockData=conID: 3 locID: 102667711404442213 bcsId: 0} | ret=SUCCESS |  
2019-08-23 18:29:11,863 | INFO  | DNAudit | user=null | ip=null | op=WRITE_CHUNK {blockData=conID: 3 locID: 102667711404442213 bcsId: 0} | ret=SUCCESS |  
2019-08-23 18:29:11,864 | INFO  | DNAudit | user=null | ip=null | op=WRITE_CHUNK {blockData=conID: 3 locID: 102667711404442213 bcsId: 0} | ret=SUCCESS |  
2019-08-23 18:29:11,864 | INFO  | DNAudit | user=null | ip=null | op=WRITE_CHUNK {blockData=conID: 3 locID: 102667711404442213 bcsId: 0} | ret=SUCCESS |  
2019-08-23 18:29:11,865 | INFO  | DNAudit | user=null | ip=null | op=WRITE_CHUNK {blockData=conID: 3 locID: 102667711404442213 bcsId: 0} | ret=SUCCESS |  
2019-08-23 18:29:11,866 | INFO  | DNAudit | user=null | ip=null | op=PUT_BLOCK {blockData=[blockId=conID: 3 locID: 102667711404442213 bcsId: 0,size=1048576]} | ret=SUCCESS |  
2019-08-23 18:29:11,866 [grpc-default-executor-3] INFO  client.GrpcClientProtocolClient (GrpcClientProtocolClient.java:onNext(255)) - client-19C32667576E->48affcab-e6e4-4602-963a-f6a50efbd54c: receive RaftClientReply:client-19C32667576E->48affcab-e6e4-4602-963a-f6a50efbd54c@group-50C56EAF5137, cid=2687, SUCCESS, logIndex=4021, commits[48affcab-e6e4-4602-963a-f6a50efbd54c:c4022, 7e391b60-07ae-4d97-a027-4756e468c032:c4018, c5f86d96-67df-4f25-bde3-316f439d30b3:c4020]
2019-08-23 18:29:11,866 [grpc-default-executor-3] INFO  client.GrpcClientProtocolClient (GrpcClientProtocolClient.java:onNext(255)) - client-19C32667576E->48affcab-e6e4-4602-963a-f6a50efbd54c: receive RaftClientReply:client-19C32667576E->48affcab-e6e4-4602-963a-f6a50efbd54c@group-50C56EAF5137, cid=2688, SUCCESS, logIndex=4022, commits[48affcab-e6e4-4602-963a-f6a50efbd54c:c4022, 7e391b60-07ae-4d97-a027-4756e468c032:c4018, c5f86d96-67df-4f25-bde3-316f439d30b3:c4020]
2019-08-23 18:29:11,867 | INFO  | DNAudit | user=null | ip=null | op=WRITE_CHUNK {blockData=conID: 3 locID: 102667711404442213 bcsId: 0} | ret=SUCCESS |  
2019-08-23 18:29:11,867 | INFO  | DNAudit | user=null | ip=null | op=PUT_BLOCK {blockData=[blockId=conID: 3 locID: 102667711404442213 bcsId: 0,size=2097152]} | ret=SUCCESS |  
2019-08-23 18:29:11,867 [grpc-default-executor-0] INFO  client.GrpcClientProtocolClient (GrpcClientProtocolClient.java:onNext(255)) - client-19C32667576E->48affcab-e6e4-4602-963a-f6a50efbd54c: receive RaftClientReply:client-19C32667576E->48affcab-e6e4-4602-963a-f6a50efbd54c@group-50C56EAF5137, cid=2689, SUCCESS, logIndex=4023, commits[48affcab-e6e4-4602-963a-f6a50efbd54c:c4024, 7e391b60-07ae-4d97-a027-4756e468c032:c4020, c5f86d96-67df-4f25-bde3-316f439d30b3:c4020]
2019-08-23 18:29:11,867 [grpc-default-executor-0] INFO  client.GrpcClientProtocolClient (GrpcClientProtocolClient.java:onNext(255)) - client-19C32667576E->48affcab-e6e4-4602-963a-f6a50efbd54c: receive RaftClientReply:client-19C32667576E->48affcab-e6e4-4602-963a-f6a50efbd54c@group-50C56EAF5137, cid=2690, SUCCESS, logIndex=4024, commits[48affcab-e6e4-4602-963a-f6a50efbd54c:c4024, 7e391b60-07ae-4d97-a027-4756e468c032:c4020, c5f86d96-67df-4f25-bde3-316f439d30b3:c4020]
2019-08-23 18:29:11,868 | INFO  | DNAudit | user=null | ip=null | op=WRITE_CHUNK {blockData=conID: 3 locID: 102667711404442213 bcsId: 0} | ret=SUCCESS |  
2019-08-23 18:29:11,868 | INFO  | DNAudit | user=null | ip=null | op=PUT_BLOCK {blockData=[blockId=conID: 3 locID: 102667711404442213 bcsId: 0,size=1048576]} | ret=SUCCESS |  
2019-08-23 18:29:11,870 | INFO  | DNAudit | user=null | ip=null | op=WRITE_CHUNK {blockData=conID: 3 locID: 102667711404442213 bcsId: 0} | ret=SUCCESS |  
2019-08-23 18:29:11,870 | INFO  | DNAudit | user=null | ip=null | op=PUT_BLOCK {blockData=[blockId=conID: 3 locID: 102667711404442213 bcsId: 0,size=1048576]} | ret=SUCCESS |  
2019-08-23 18:29:11,871 [grpc-default-executor-0] INFO  client.GrpcClientProtocolClient (GrpcClientProtocolClient.java:onNext(255)) - client-19C32667576E->48affcab-e6e4-4602-963a-f6a50efbd54c: receive RaftClientReply:client-19C32667576E->48affcab-e6e4-4602-963a-f6a50efbd54c@group-50C56EAF5137, cid=2691, SUCCESS, logIndex=0, commits[48affcab-e6e4-4602-963a-f6a50efbd54c:c4026, 7e391b60-07ae-4d97-a027-4756e468c032:c4022, c5f86d96-67df-4f25-bde3-316f439d30b3:c4022]
2019-08-23 18:29:11,871 | INFO  | DNAudit | user=null | ip=null | op=WRITE_CHUNK {blockData=conID: 3 locID: 102667711404442213 bcsId: 0} | ret=SUCCESS |  
2019-08-23 18:29:11,872 | INFO  | DNAudit | user=null | ip=null | op=PUT_BLOCK {blockData=[blockId=conID: 3 locID: 102667711404442213 bcsId: 0,size=2097152]} | ret=SUCCESS |  
2019-08-23 18:29:11,872 | INFO  | DNAudit | user=null | ip=null | op=WRITE_CHUNK {blockData=conID: 3 locID: 102667711404442213 bcsId: 0} | ret=SUCCESS |  
2019-08-23 18:29:11,872 | INFO  | DNAudit | user=null | ip=null | op=PUT_BLOCK {blockData=[blockId=conID: 3 locID: 102667711404442213 bcsId: 0,size=2097152]} | ret=SUCCESS |  
2019-08-23 18:29:11,876 | INFO  | DNAudit | user=null | ip=null | op=WRITE_CHUNK {blockData=conID: 3 locID: 102667711404442213 bcsId: 4024} | ret=SUCCESS |  
2019-08-23 18:29:11,878 | INFO  | DNAudit | user=null | ip=null | op=WRITE_CHUNK {blockData=conID: 3 locID: 102667711404442213 bcsId: 4024} | ret=SUCCESS |  
2019-08-23 18:29:11,879 | INFO  | DNAudit | user=null | ip=null | op=WRITE_CHUNK {blockData=conID: 3 locID: 102667711404442213 bcsId: 4024} | ret=SUCCESS |  
2019-08-23 18:29:11,881 | INFO  | DNAudit | user=null | ip=null | op=WRITE_CHUNK {blockData=conID: 3 locID: 102667711404442213 bcsId: 4024} | ret=SUCCESS |  
2019-08-23 18:29:11,881 | INFO  | DNAudit | user=null | ip=null | op=PUT_BLOCK {blockData=[blockId=conID: 3 locID: 102667711404442213 bcsId: 0,size=3145728]} | ret=SUCCESS |  
2019-08-23 18:29:11,882 [grpc-default-executor-3] INFO  client.GrpcClientProtocolClient (GrpcClientProtocolClient.java:onNext(255)) - client-19C32667576E->48affcab-e6e4-4602-963a-f6a50efbd54c: receive RaftClientReply:client-19C32667576E->48affcab-e6e4-4602-963a-f6a50efbd54c@group-50C56EAF5137, cid=2692, SUCCESS, logIndex=4029, commits[48affcab-e6e4-4602-963a-f6a50efbd54c:c4030, 7e391b60-07ae-4d97-a027-4756e468c032:c4028, c5f86d96-67df-4f25-bde3-316f439d30b3:c4028]
2019-08-23 18:29:11,882 [grpc-default-executor-3] INFO  client.GrpcClientProtocolClient (GrpcClientProtocolClient.java:onNext(255)) - client-19C32667576E->48affcab-e6e4-4602-963a-f6a50efbd54c: receive RaftClientReply:client-19C32667576E->48affcab-e6e4-4602-963a-f6a50efbd54c@group-50C56EAF5137, cid=2693, SUCCESS, logIndex=4030, commits[48affcab-e6e4-4602-963a-f6a50efbd54c:c4030, 7e391b60-07ae-4d97-a027-4756e468c032:c4028, c5f86d96-67df-4f25-bde3-316f439d30b3:c4028]
2019-08-23 18:29:11,884 | INFO  | DNAudit | user=null | ip=null | op=WRITE_CHUNK {blockData=conID: 3 locID: 102667711404442213 bcsId: 4024} | ret=SUCCESS |  
2019-08-23 18:29:11,884 | INFO  | DNAudit | user=null | ip=null | op=WRITE_CHUNK {blockData=conID: 3 locID: 102667711404442213 bcsId: 4024} | ret=SUCCESS |  
2019-08-23 18:29:11,884 | INFO  | DNAudit | user=null | ip=null | op=PUT_BLOCK {blockData=[blockId=conID: 3 locID: 102667711404442213 bcsId: 0,size=3145728]} | ret=SUCCESS |  
2019-08-23 18:29:11,884 | INFO  | DNAudit | user=null | ip=null | op=PUT_BLOCK {blockData=[blockId=conID: 3 locID: 102667711404442213 bcsId: 0,size=3145728]} | ret=SUCCESS |  
2019-08-23 18:29:11,888 | INFO  | DNAudit | user=null | ip=null | op=WRITE_CHUNK {blockData=conID: 3 locID: 102667711404442213 bcsId: 4030} | ret=SUCCESS |  
2019-08-23 18:29:11,890 | INFO  | DNAudit | user=null | ip=null | op=WRITE_CHUNK {blockData=conID: 3 locID: 102667711404442213 bcsId: 4030} | ret=SUCCESS |  
2019-08-23 18:29:11,890 | INFO  | DNAudit | user=null | ip=null | op=WRITE_CHUNK {blockData=conID: 3 locID: 102667711404442213 bcsId: 4030} | ret=SUCCESS |  
2019-08-23 18:29:11,892 | INFO  | DNAudit | user=null | ip=null | op=WRITE_CHUNK {blockData=conID: 3 locID: 102667711404442213 bcsId: 4030} | ret=SUCCESS |  
2019-08-23 18:29:11,892 | INFO  | DNAudit | user=null | ip=null | op=PUT_BLOCK {blockData=[blockId=conID: 3 locID: 102667711404442213 bcsId: 0,size=4194304]} | ret=SUCCESS |  
2019-08-23 18:29:11,893 [grpc-default-executor-3] INFO  client.GrpcClientProtocolClient (GrpcClientProtocolClient.java:onNext(255)) - client-19C32667576E->48affcab-e6e4-4602-963a-f6a50efbd54c: receive RaftClientReply:client-19C32667576E->48affcab-e6e4-4602-963a-f6a50efbd54c@group-50C56EAF5137, cid=2694, SUCCESS, logIndex=4033, commits[48affcab-e6e4-4602-963a-f6a50efbd54c:c4034, 7e391b60-07ae-4d97-a027-4756e468c032:c4030, c5f86d96-67df-4f25-bde3-316f439d30b3:c4031]
2019-08-23 18:29:11,893 [grpc-default-executor-3] INFO  client.GrpcClientProtocolClient (GrpcClientProtocolClient.java:onNext(255)) - client-19C32667576E->48affcab-e6e4-4602-963a-f6a50efbd54c: receive RaftClientReply:client-19C32667576E->48affcab-e6e4-4602-963a-f6a50efbd54c@group-50C56EAF5137, cid=2695, SUCCESS, logIndex=4034, commits[48affcab-e6e4-4602-963a-f6a50efbd54c:c4034, 7e391b60-07ae-4d97-a027-4756e468c032:c4031, c5f86d96-67df-4f25-bde3-316f439d30b3:c4031]
2019-08-23 18:29:11,895 | INFO  | DNAudit | user=null | ip=null | op=WRITE_CHUNK {blockData=conID: 3 locID: 102667711404442213 bcsId: 4030} | ret=SUCCESS |  
2019-08-23 18:29:11,895 | INFO  | DNAudit | user=null | ip=null | op=WRITE_CHUNK {blockData=conID: 3 locID: 102667711404442213 bcsId: 4030} | ret=SUCCESS |  
2019-08-23 18:29:11,895 | INFO  | DNAudit | user=null | ip=null | op=PUT_BLOCK {blockData=[blockId=conID: 3 locID: 102667711404442213 bcsId: 0,size=4194304]} | ret=SUCCESS |  
2019-08-23 18:29:11,895 | INFO  | DNAudit | user=null | ip=null | op=PUT_BLOCK {blockData=[blockId=conID: 3 locID: 102667711404442213 bcsId: 0,size=4194304]} | ret=SUCCESS |  
2019-08-23 18:29:11,895 [grpc-default-executor-0] INFO  client.GrpcClientProtocolClient (GrpcClientProtocolClient.java:onNext(255)) - client-19C32667576E->48affcab-e6e4-4602-963a-f6a50efbd54c: receive RaftClientReply:client-19C32667576E->48affcab-e6e4-4602-963a-f6a50efbd54c@group-50C56EAF5137, cid=2696, SUCCESS, logIndex=0, commits[48affcab-e6e4-4602-963a-f6a50efbd54c:c4035, 7e391b60-07ae-4d97-a027-4756e468c032:c4034, c5f86d96-67df-4f25-bde3-316f439d30b3:c4034]
2019-08-23 18:29:11,900 | INFO  | SCMAudit | user=jenkins1000 | ip=192.168.34.23 | op=ALLOCATE_BLOCK {owner=1ceb8b80-28f1-43fd-86c3-175afc07b8d1, size=4194304, type=RATIS, factor=THREE} | ret=SUCCESS |  
2019-08-23 18:29:11,902 | INFO  | OMAudit | user=jenkins1000 | ip=127.0.0.1 | op=ALLOCATE_BLOCK {volume=vol-0-45438, bucket=bucket-0-23891, key=key-0-22455, dataSize=0, replicationType=null, replicationFactor=null, keyLocationInfo=null, clientID=102667710122492306} | ret=SUCCESS |  
2019-08-23 18:29:11,908 | INFO  | DNAudit | user=null | ip=null | op=WRITE_CHUNK {blockData=conID: 1 locID: 102667711407653478 bcsId: 0} | ret=SUCCESS |  
2019-08-23 18:29:11,910 | INFO  | DNAudit | user=null | ip=null | op=WRITE_CHUNK {blockData=conID: 1 locID: 102667711407653478 bcsId: 0} | ret=SUCCESS |  
2019-08-23 18:29:11,910 | INFO  | DNAudit | user=null | ip=null | op=WRITE_CHUNK {blockData=conID: 1 locID: 102667711407653478 bcsId: 0} | ret=SUCCESS |  
2019-08-23 18:29:11,911 | INFO  | DNAudit | user=null | ip=null | op=WRITE_CHUNK {blockData=conID: 1 locID: 102667711407653478 bcsId: 0} | ret=SUCCESS |  
2019-08-23 18:29:11,912 | INFO  | DNAudit | user=null | ip=null | op=WRITE_CHUNK {blockData=conID: 1 locID: 102667711407653478 bcsId: 0} | ret=SUCCESS |  
2019-08-23 18:29:11,912 | INFO  | DNAudit | user=null | ip=null | op=WRITE_CHUNK {blockData=conID: 1 locID: 102667711407653478 bcsId: 0} | ret=SUCCESS |  
2019-08-23 18:29:11,913 | INFO  | DNAudit | user=null | ip=null | op=WRITE_CHUNK {blockData=conID: 1 locID: 102667711407653478 bcsId: 0} | ret=SUCCESS |  
2019-08-23 18:29:11,913 | INFO  | DNAudit | user=null | ip=null | op=PUT_BLOCK {blockData=[blockId=conID: 1 locID: 102667711407653478 bcsId: 0,size=1048576]} | ret=SUCCESS |  
2019-08-23 18:29:11,913 [grpc-default-executor-4] INFO  client.GrpcClientProtocolClient (GrpcClientProtocolClient.java:onNext(255)) - client-19C32667576E->48affcab-e6e4-4602-963a-f6a50efbd54c: receive RaftClientReply:client-19C32667576E->48affcab-e6e4-4602-963a-f6a50efbd54c@group-50C56EAF5137, cid=2697, SUCCESS, logIndex=4037, commits[48affcab-e6e4-4602-963a-f6a50efbd54c:c4038, 7e391b60-07ae-4d97-a027-4756e468c032:c4034, c5f86d96-67df-4f25-bde3-316f439d30b3:c4036]
2019-08-23 18:29:11,914 [grpc-default-executor-4] INFO  client.GrpcClientProtocolClient (GrpcClientProtocolClient.java:onNext(255)) - client-19C32667576E->48affcab-e6e4-4602-963a-f6a50efbd54c: receive RaftClientReply:client-19C32667576E->48affcab-e6e4-4602-963a-f6a50efbd54c@group-50C56EAF5137, cid=2698, SUCCESS, logIndex=4038, commits[48affcab-e6e4-4602-963a-f6a50efbd54c:c4038, 7e391b60-07ae-4d97-a027-4756e468c032:c4034, c5f86d96-67df-4f25-bde3-316f439d30b3:c4036]
2019-08-23 18:29:11,916 | INFO  | DNAudit | user=null | ip=null | op=WRITE_CHUNK {blockData=conID: 1 locID: 102667711407653478 bcsId: 0} | ret=SUCCESS |  
2019-08-23 18:29:11,916 | INFO  | DNAudit | user=null | ip=null | op=PUT_BLOCK {blockData=[blockId=conID: 1 locID: 102667711407653478 bcsId: 0,size=2097152]} | ret=SUCCESS |  
2019-08-23 18:29:11,916 [grpc-default-executor-4] INFO  client.GrpcClientProtocolClient (GrpcClientProtocolClient.java:onNext(255)) - client-19C32667576E->48affcab-e6e4-4602-963a-f6a50efbd54c: receive RaftClientReply:client-19C32667576E->48affcab-e6e4-4602-963a-f6a50efbd54c@group-50C56EAF5137, cid=2699, SUCCESS, logIndex=4039, commits[48affcab-e6e4-4602-963a-f6a50efbd54c:c4040, 7e391b60-07ae-4d97-a027-4756e468c032:c4036, c5f86d96-67df-4f25-bde3-316f439d30b3:c4036]
2019-08-23 18:29:11,917 [grpc-default-executor-4] INFO  client.GrpcClientProtocolClient (GrpcClientProtocolClient.java:onNext(255)) - client-19C32667576E->48affcab-e6e4-4602-963a-f6a50efbd54c: receive RaftClientReply:client-19C32667576E->48affcab-e6e4-4602-963a-f6a50efbd54c@group-50C56EAF5137, cid=2700, SUCCESS, logIndex=4040, commits[48affcab-e6e4-4602-963a-f6a50efbd54c:c4040, 7e391b60-07ae-4d97-a027-4756e468c032:c4036, c5f86d96-67df-4f25-bde3-316f439d30b3:c4036]
2019-08-23 18:29:11,918 | INFO  | DNAudit | user=null | ip=null | op=WRITE_CHUNK {blockData=conID: 1 locID: 102667711407653478 bcsId: 0} | ret=SUCCESS |  
2019-08-23 18:29:11,918 | INFO  | DNAudit | user=null | ip=null | op=PUT_BLOCK {blockData=[blockId=conID: 1 locID: 102667711407653478 bcsId: 0,size=1048576]} | ret=SUCCESS |  
2019-08-23 18:29:11,919 | INFO  | DNAudit | user=null | ip=null | op=WRITE_CHUNK {blockData=conID: 1 locID: 102667711407653478 bcsId: 0} | ret=SUCCESS |  
2019-08-23 18:29:11,919 | INFO  | DNAudit | user=null | ip=null | op=PUT_BLOCK {blockData=[blockId=conID: 1 locID: 102667711407653478 bcsId: 0,size=1048576]} | ret=SUCCESS |  
2019-08-23 18:29:11,919 [grpc-default-executor-4] INFO  client.GrpcClientProtocolClient (GrpcClientProtocolClient.java:onNext(255)) - client-19C32667576E->48affcab-e6e4-4602-963a-f6a50efbd54c: receive RaftClientReply:client-19C32667576E->48affcab-e6e4-4602-963a-f6a50efbd54c@group-50C56EAF5137, cid=2701, SUCCESS, logIndex=0, commits[48affcab-e6e4-4602-963a-f6a50efbd54c:c4042, 7e391b60-07ae-4d97-a027-4756e468c032:c4038, c5f86d96-67df-4f25-bde3-316f439d30b3:c4038]
2019-08-23 18:29:11,921 | INFO  | DNAudit | user=null | ip=null | op=WRITE_CHUNK {blockData=conID: 1 locID: 102667711407653478 bcsId: 0} | ret=SUCCESS |  
2019-08-23 18:29:11,922 | INFO  | DNAudit | user=null | ip=null | op=PUT_BLOCK {blockData=[blockId=conID: 1 locID: 102667711407653478 bcsId: 0,size=2097152]} | ret=SUCCESS |  
2019-08-23 18:29:11,923 | INFO  | DNAudit | user=null | ip=null | op=WRITE_CHUNK {blockData=conID: 1 locID: 102667711407653478 bcsId: 0} | ret=SUCCESS |  
2019-08-23 18:29:11,923 | INFO  | DNAudit | user=null | ip=null | op=PUT_BLOCK {blockData=[blockId=conID: 1 locID: 102667711407653478 bcsId: 0,size=2097152]} | ret=SUCCESS |  
2019-08-23 18:29:11,924 | INFO  | DNAudit | user=null | ip=null | op=WRITE_CHUNK {blockData=conID: 1 locID: 102667711407653478 bcsId: 4040} | ret=SUCCESS |  
2019-08-23 18:29:11,926 | INFO  | DNAudit | user=null | ip=null | op=WRITE_CHUNK {blockData=conID: 1 locID: 102667711407653478 bcsId: 4040} | ret=SUCCESS |  
2019-08-23 18:29:11,927 | INFO  | DNAudit | user=null | ip=null | op=WRITE_CHUNK {blockData=conID: 1 locID: 102667711407653478 bcsId: 4040} | ret=SUCCESS |  
2019-08-23 18:29:11,939 | INFO  | DNAudit | user=null | ip=null | op=WRITE_CHUNK {blockData=conID: 1 locID: 102667711407653478 bcsId: 4040} | ret=SUCCESS |  
2019-08-23 18:29:11,940 | INFO  | DNAudit | user=null | ip=null | op=PUT_BLOCK {blockData=[blockId=conID: 1 locID: 102667711407653478 bcsId: 0,size=3145728]} | ret=SUCCESS |  
2019-08-23 18:29:11,940 [grpc-default-executor-4] INFO  client.GrpcClientProtocolClient (GrpcClientProtocolClient.java:onNext(255)) - client-19C32667576E->48affcab-e6e4-4602-963a-f6a50efbd54c: receive RaftClientReply:client-19C32667576E->48affcab-e6e4-4602-963a-f6a50efbd54c@group-50C56EAF5137, cid=2702, SUCCESS, logIndex=4045, commits[48affcab-e6e4-4602-963a-f6a50efbd54c:c4046, 7e391b60-07ae-4d97-a027-4756e468c032:c4044, c5f86d96-67df-4f25-bde3-316f439d30b3:c4044]
2019-08-23 18:29:11,940 [grpc-default-executor-4] INFO  client.GrpcClientProtocolClient (GrpcClientProtocolClient.java:onNext(255)) - client-19C32667576E->48affcab-e6e4-4602-963a-f6a50efbd54c: receive RaftClientReply:client-19C32667576E->48affcab-e6e4-4602-963a-f6a50efbd54c@group-50C56EAF5137, cid=2703, SUCCESS, logIndex=4046, commits[48affcab-e6e4-4602-963a-f6a50efbd54c:c4046, 7e391b60-07ae-4d97-a027-4756e468c032:c4044, c5f86d96-67df-4f25-bde3-316f439d30b3:c4044]
2019-08-23 18:29:11,946 | INFO  | DNAudit | user=null | ip=null | op=WRITE_CHUNK {blockData=conID: 1 locID: 102667711407653478 bcsId: 4046} | ret=SUCCESS |  
2019-08-23 18:29:11,948 | INFO  | DNAudit | user=null | ip=null | op=WRITE_CHUNK {blockData=conID: 1 locID: 102667711407653478 bcsId: 4046} | ret=SUCCESS |  
2019-08-23 18:29:11,948 | INFO  | DNAudit | user=null | ip=null | op=WRITE_CHUNK {blockData=conID: 1 locID: 102667711407653478 bcsId: 4046} | ret=SUCCESS |  
2019-08-23 18:29:11,955 | INFO  | DNAudit | user=null | ip=null | op=WRITE_CHUNK {blockData=conID: 1 locID: 102667711407653478 bcsId: 4040} | ret=SUCCESS |  
2019-08-23 18:29:11,955 | INFO  | DNAudit | user=null | ip=null | op=WRITE_CHUNK {blockData=conID: 1 locID: 102667711407653478 bcsId: 4040} | ret=SUCCESS |  
2019-08-23 18:29:11,956 | INFO  | DNAudit | user=null | ip=null | op=PUT_BLOCK {blockData=[blockId=conID: 1 locID: 102667711407653478 bcsId: 0,size=3145728]} | ret=SUCCESS |  
2019-08-23 18:29:11,956 | INFO  | DNAudit | user=null | ip=null | op=PUT_BLOCK {blockData=[blockId=conID: 1 locID: 102667711407653478 bcsId: 0,size=3145728]} | ret=SUCCESS |  
2019-08-23 18:29:11,958 | INFO  | DNAudit | user=null | ip=null | op=WRITE_CHUNK {blockData=conID: 1 locID: 102667711407653478 bcsId: 4046} | ret=SUCCESS |  
2019-08-23 18:29:11,958 | INFO  | DNAudit | user=null | ip=null | op=PUT_BLOCK {blockData=[blockId=conID: 1 locID: 102667711407653478 bcsId: 0,size=4194304]} | ret=SUCCESS |  
2019-08-23 18:29:11,959 [grpc-default-executor-4] INFO  client.GrpcClientProtocolClient (GrpcClientProtocolClient.java:onNext(255)) - client-19C32667576E->48affcab-e6e4-4602-963a-f6a50efbd54c: receive RaftClientReply:client-19C32667576E->48affcab-e6e4-4602-963a-f6a50efbd54c@group-50C56EAF5137, cid=2704, SUCCESS, logIndex=4049, commits[48affcab-e6e4-4602-963a-f6a50efbd54c:c4050, 7e391b60-07ae-4d97-a027-4756e468c032:c4046, c5f86d96-67df-4f25-bde3-316f439d30b3:c4046]
2019-08-23 18:29:11,959 [grpc-default-executor-4] INFO  client.GrpcClientProtocolClient (GrpcClientProtocolClient.java:onNext(255)) - client-19C32667576E->48affcab-e6e4-4602-963a-f6a50efbd54c: receive RaftClientReply:client-19C32667576E->48affcab-e6e4-4602-963a-f6a50efbd54c@group-50C56EAF5137, cid=2705, SUCCESS, logIndex=4050, commits[48affcab-e6e4-4602-963a-f6a50efbd54c:c4050, 7e391b60-07ae-4d97-a027-4756e468c032:c4046, c5f86d96-67df-4f25-bde3-316f439d30b3:c4046]
2019-08-23 18:29:11,970 | INFO  | DNAudit | user=null | ip=null | op=WRITE_CHUNK {blockData=conID: 1 locID: 102667711407653478 bcsId: 4046} | ret=SUCCESS |  
2019-08-23 18:29:11,970 | INFO  | DNAudit | user=null | ip=null | op=WRITE_CHUNK {blockData=conID: 1 locID: 102667711407653478 bcsId: 4046} | ret=SUCCESS |  
2019-08-23 18:29:11,970 | INFO  | DNAudit | user=null | ip=null | op=PUT_BLOCK {blockData=[blockId=conID: 1 locID: 102667711407653478 bcsId: 0,size=4194304]} | ret=SUCCESS |  
2019-08-23 18:29:11,970 | INFO  | DNAudit | user=null | ip=null | op=PUT_BLOCK {blockData=[blockId=conID: 1 locID: 102667711407653478 bcsId: 0,size=4194304]} | ret=SUCCESS |  
2019-08-23 18:29:11,970 [grpc-default-executor-4] INFO  client.GrpcClientProtocolClient (GrpcClientProtocolClient.java:onNext(255)) - client-19C32667576E->48affcab-e6e4-4602-963a-f6a50efbd54c: receive RaftClientReply:client-19C32667576E->48affcab-e6e4-4602-963a-f6a50efbd54c@group-50C56EAF5137, cid=2706, SUCCESS, logIndex=0, commits[48affcab-e6e4-4602-963a-f6a50efbd54c:c4051, 7e391b60-07ae-4d97-a027-4756e468c032:c4050, c5f86d96-67df-4f25-bde3-316f439d30b3:c4050]
2019-08-23 18:29:11,974 | INFO  | SCMAudit | user=jenkins1000 | ip=192.168.34.23 | op=ALLOCATE_BLOCK {owner=1ceb8b80-28f1-43fd-86c3-175afc07b8d1, size=4194304, type=RATIS, factor=THREE} | ret=SUCCESS |  
2019-08-23 18:29:11,977 | INFO  | OMAudit | user=jenkins1000 | ip=127.0.0.1 | op=ALLOCATE_BLOCK {volume=vol-0-45438, bucket=bucket-0-23891, key=key-0-22455, dataSize=0, replicationType=null, replicationFactor=null, keyLocationInfo=null, clientID=102667710122492306} | ret=SUCCESS |  
2019-08-23 18:29:11,983 | INFO  | DNAudit | user=null | ip=null | op=WRITE_CHUNK {blockData=conID: 2 locID: 102667711412568679 bcsId: 0} | ret=SUCCESS |  
2019-08-23 18:29:11,985 | INFO  | DNAudit | user=null | ip=null | op=WRITE_CHUNK {blockData=conID: 2 locID: 102667711412568679 bcsId: 0} | ret=SUCCESS |  
2019-08-23 18:29:11,985 | INFO  | DNAudit | user=null | ip=null | op=WRITE_CHUNK {blockData=conID: 2 locID: 102667711412568679 bcsId: 0} | ret=SUCCESS |  
2019-08-23 18:29:11,985 | INFO  | DNAudit | user=null | ip=null | op=WRITE_CHUNK {blockData=conID: 2 locID: 102667711412568679 bcsId: 0} | ret=SUCCESS |  
2019-08-23 18:29:11,987 | INFO  | DNAudit | user=null | ip=null | op=WRITE_CHUNK {blockData=conID: 2 locID: 102667711412568679 bcsId: 0} | ret=SUCCESS |  
2019-08-23 18:29:11,988 | INFO  | DNAudit | user=null | ip=null | op=WRITE_CHUNK {blockData=conID: 2 locID: 102667711412568679 bcsId: 0} | ret=SUCCESS |  
2019-08-23 18:29:11,995 | INFO  | DNAudit | user=null | ip=null | op=WRITE_CHUNK {blockData=conID: 2 locID: 102667711412568679 bcsId: 0} | ret=SUCCESS |  
2019-08-23 18:29:11,996 | INFO  | DNAudit | user=null | ip=null | op=PUT_BLOCK {blockData=[blockId=conID: 2 locID: 102667711412568679 bcsId: 0,size=1048576]} | ret=SUCCESS |  
2019-08-23 18:29:11,996 [grpc-default-executor-3] INFO  client.GrpcClientProtocolClient (GrpcClientProtocolClient.java:onNext(255)) - client-19C32667576E->48affcab-e6e4-4602-963a-f6a50efbd54c: receive RaftClientReply:client-19C32667576E->48affcab-e6e4-4602-963a-f6a50efbd54c@group-50C56EAF5137, cid=2707, SUCCESS, logIndex=4053, commits[48affcab-e6e4-4602-963a-f6a50efbd54c:c4054, 7e391b60-07ae-4d97-a027-4756e468c032:c4052, c5f86d96-67df-4f25-bde3-316f439d30b3:c4052]
2019-08-23 18:29:11,996 | INFO  | DNAudit | user=null | ip=null | op=WRITE_CHUNK {blockData=conID: 2 locID: 102667711412568679 bcsId: 0} | ret=SUCCESS |  
2019-08-23 18:29:11,996 [grpc-default-executor-3] INFO  client.GrpcClientProtocolClient (GrpcClientProtocolClient.java:onNext(255)) - client-19C32667576E->48affcab-e6e4-4602-963a-f6a50efbd54c: receive RaftClientReply:client-19C32667576E->48affcab-e6e4-4602-963a-f6a50efbd54c@group-50C56EAF5137, cid=2708, SUCCESS, logIndex=4054, commits[48affcab-e6e4-4602-963a-f6a50efbd54c:c4054, 7e391b60-07ae-4d97-a027-4756e468c032:c4052, c5f86d96-67df-4f25-bde3-316f439d30b3:c4052]
2019-08-23 18:29:11,996 | INFO  | DNAudit | user=null | ip=null | op=PUT_BLOCK {blockData=[blockId=conID: 2 locID: 102667711412568679 bcsId: 0,size=2097152]} | ret=SUCCESS |  
2019-08-23 18:29:11,997 [grpc-default-executor-4] INFO  client.GrpcClientProtocolClient (GrpcClientProtocolClient.java:onNext(255)) - client-19C32667576E->48affcab-e6e4-4602-963a-f6a50efbd54c: receive RaftClientReply:client-19C32667576E->48affcab-e6e4-4602-963a-f6a50efbd54c@group-50C56EAF5137, cid=2709, SUCCESS, logIndex=4055, commits[48affcab-e6e4-4602-963a-f6a50efbd54c:c4055, 7e391b60-07ae-4d97-a027-4756e468c032:c4052, c5f86d96-67df-4f25-bde3-316f439d30b3:c4052]
2019-08-23 18:29:11,997 [grpc-default-executor-4] INFO  client.GrpcClientProtocolClient (GrpcClientProtocolClient.java:onNext(255)) - client-19C32667576E->48affcab-e6e4-4602-963a-f6a50efbd54c: receive RaftClientReply:client-19C32667576E->48affcab-e6e4-4602-963a-f6a50efbd54c@group-50C56EAF5137, cid=2710, SUCCESS, logIndex=4056, commits[48affcab-e6e4-4602-963a-f6a50efbd54c:c4056, 7e391b60-07ae-4d97-a027-4756e468c032:c4052, c5f86d96-67df-4f25-bde3-316f439d30b3:c4052]
2019-08-23 18:29:11,997 | INFO  | DNAudit | user=null | ip=null | op=WRITE_CHUNK {blockData=conID: 2 locID: 102667711412568679 bcsId: 0} | ret=SUCCESS |  
2019-08-23 18:29:11,997 | INFO  | DNAudit | user=null | ip=null | op=PUT_BLOCK {blockData=[blockId=conID: 2 locID: 102667711412568679 bcsId: 0,size=1048576]} | ret=SUCCESS |  
2019-08-23 18:29:11,999 | INFO  | DNAudit | user=null | ip=null | op=WRITE_CHUNK {blockData=conID: 2 locID: 102667711412568679 bcsId: 0} | ret=SUCCESS |  
2019-08-23 18:29:11,999 | INFO  | DNAudit | user=null | ip=null | op=PUT_BLOCK {blockData=[blockId=conID: 2 locID: 102667711412568679 bcsId: 0,size=1048576]} | ret=SUCCESS |  
2019-08-23 18:29:12,000 [grpc-default-executor-0] INFO  client.GrpcClientProtocolClient (GrpcClientProtocolClient.java:onNext(255)) - client-19C32667576E->48affcab-e6e4-4602-963a-f6a50efbd54c: receive RaftClientReply:client-19C32667576E->48affcab-e6e4-4602-963a-f6a50efbd54c@group-50C56EAF5137, cid=2711, SUCCESS, logIndex=0, commits[48affcab-e6e4-4602-963a-f6a50efbd54c:c4058, 7e391b60-07ae-4d97-a027-4756e468c032:c4054, c5f86d96-67df-4f25-bde3-316f439d30b3:c4054]
2019-08-23 18:29:12,005 | INFO  | DNAudit | user=null | ip=null | op=WRITE_CHUNK {blockData=conID: 2 locID: 102667711412568679 bcsId: 4056} | ret=SUCCESS |  
2019-08-23 18:29:12,008 | INFO  | DNAudit | user=null | ip=null | op=WRITE_CHUNK {blockData=conID: 2 locID: 102667711412568679 bcsId: 4056} | ret=SUCCESS |  
2019-08-23 18:29:12,008 | INFO  | DNAudit | user=null | ip=null | op=WRITE_CHUNK {blockData=conID: 2 locID: 102667711412568679 bcsId: 4056} | ret=SUCCESS |  
2019-08-23 18:29:12,019 | INFO  | DNAudit | user=null | ip=null | op=WRITE_CHUNK {blockData=conID: 2 locID: 102667711412568679 bcsId: 0} | ret=SUCCESS |  
2019-08-23 18:29:12,019 | INFO  | DNAudit | user=null | ip=null | op=PUT_BLOCK {blockData=[blockId=conID: 2 locID: 102667711412568679 bcsId: 0,size=2097152]} | ret=SUCCESS |  
2019-08-23 18:29:12,019 | INFO  | DNAudit | user=null | ip=null | op=WRITE_CHUNK {blockData=conID: 2 locID: 102667711412568679 bcsId: 0} | ret=SUCCESS |  
2019-08-23 18:29:12,019 | INFO  | DNAudit | user=null | ip=null | op=PUT_BLOCK {blockData=[blockId=conID: 2 locID: 102667711412568679 bcsId: 0,size=2097152]} | ret=SUCCESS |  
2019-08-23 18:29:12,022 | INFO  | DNAudit | user=null | ip=null | op=WRITE_CHUNK {blockData=conID: 2 locID: 102667711412568679 bcsId: 4056} | ret=SUCCESS |  
2019-08-23 18:29:12,022 | INFO  | DNAudit | user=null | ip=null | op=PUT_BLOCK {blockData=[blockId=conID: 2 locID: 102667711412568679 bcsId: 0,size=3145728]} | ret=SUCCESS |  
2019-08-23 18:29:12,022 [grpc-default-executor-0] INFO  client.GrpcClientProtocolClient (GrpcClientProtocolClient.java:onNext(255)) - client-19C32667576E->48affcab-e6e4-4602-963a-f6a50efbd54c: receive RaftClientReply:client-19C32667576E->48affcab-e6e4-4602-963a-f6a50efbd54c@group-50C56EAF5137, cid=2712, SUCCESS, logIndex=4061, commits[48affcab-e6e4-4602-963a-f6a50efbd54c:c4062, 7e391b60-07ae-4d97-a027-4756e468c032:c4058, c5f86d96-67df-4f25-bde3-316f439d30b3:c4056]
2019-08-23 18:29:12,022 [grpc-default-executor-0] INFO  client.GrpcClientProtocolClient (GrpcClientProtocolClient.java:onNext(255)) - client-19C32667576E->48affcab-e6e4-4602-963a-f6a50efbd54c: receive RaftClientReply:client-19C32667576E->48affcab-e6e4-4602-963a-f6a50efbd54c@group-50C56EAF5137, cid=2713, SUCCESS, logIndex=4062, commits[48affcab-e6e4-4602-963a-f6a50efbd54c:c4062, 7e391b60-07ae-4d97-a027-4756e468c032:c4058, c5f86d96-67df-4f25-bde3-316f439d30b3:c4058]
2019-08-23 18:29:12,028 | INFO  | DNAudit | user=null | ip=null | op=WRITE_CHUNK {blockData=conID: 2 locID: 102667711412568679 bcsId: 4062} | ret=SUCCESS |  
2019-08-23 18:29:12,030 | INFO  | DNAudit | user=null | ip=null | op=WRITE_CHUNK {blockData=conID: 2 locID: 102667711412568679 bcsId: 4062} | ret=SUCCESS |  
2019-08-23 18:29:12,030 | INFO  | DNAudit | user=null | ip=null | op=WRITE_CHUNK {blockData=conID: 2 locID: 102667711412568679 bcsId: 4062} | ret=SUCCESS |  
2019-08-23 18:29:12,035 | INFO  | DNAudit | user=null | ip=null | op=WRITE_CHUNK {blockData=conID: 2 locID: 102667711412568679 bcsId: 4056} | ret=SUCCESS |  
2019-08-23 18:29:12,035 | INFO  | DNAudit | user=null | ip=null | op=WRITE_CHUNK {blockData=conID: 2 locID: 102667711412568679 bcsId: 4056} | ret=SUCCESS |  
2019-08-23 18:29:12,035 | INFO  | DNAudit | user=null | ip=null | op=PUT_BLOCK {blockData=[blockId=conID: 2 locID: 102667711412568679 bcsId: 0,size=3145728]} | ret=SUCCESS |  
2019-08-23 18:29:12,035 | INFO  | DNAudit | user=null | ip=null | op=PUT_BLOCK {blockData=[blockId=conID: 2 locID: 102667711412568679 bcsId: 0,size=3145728]} | ret=SUCCESS |  
2019-08-23 18:29:12,048 | INFO  | DNAudit | user=null | ip=null | op=WRITE_CHUNK {blockData=conID: 2 locID: 102667711412568679 bcsId: 4062} | ret=SUCCESS |  
2019-08-23 18:29:12,048 | INFO  | DNAudit | user=null | ip=null | op=PUT_BLOCK {blockData=[blockId=conID: 2 locID: 102667711412568679 bcsId: 0,size=4194304]} | ret=SUCCESS |  
2019-08-23 18:29:12,049 [grpc-default-executor-4] INFO  client.GrpcClientProtocolClient (GrpcClientProtocolClient.java:onNext(255)) - client-19C32667576E->48affcab-e6e4-4602-963a-f6a50efbd54c: receive RaftClientReply:client-19C32667576E->48affcab-e6e4-4602-963a-f6a50efbd54c@group-50C56EAF5137, cid=2714, SUCCESS, logIndex=4064, commits[48affcab-e6e4-4602-963a-f6a50efbd54c:c4065, 7e391b60-07ae-4d97-a027-4756e468c032:c4062, c5f86d96-67df-4f25-bde3-316f439d30b3:c4062]
2019-08-23 18:29:12,049 [grpc-default-executor-4] INFO  client.GrpcClientProtocolClient (GrpcClientProtocolClient.java:onNext(255)) - client-19C32667576E->48affcab-e6e4-4602-963a-f6a50efbd54c: receive RaftClientReply:client-19C32667576E->48affcab-e6e4-4602-963a-f6a50efbd54c@group-50C56EAF5137, cid=2715, SUCCESS, logIndex=4065, commits[48affcab-e6e4-4602-963a-f6a50efbd54c:c4065, 7e391b60-07ae-4d97-a027-4756e468c032:c4062, c5f86d96-67df-4f25-bde3-316f439d30b3:c4062]
2019-08-23 18:29:12,061 | INFO  | DNAudit | user=null | ip=null | op=WRITE_CHUNK {blockData=conID: 2 locID: 102667711412568679 bcsId: 4062} | ret=SUCCESS |  
2019-08-23 18:29:12,061 | INFO  | DNAudit | user=null | ip=null | op=WRITE_CHUNK {blockData=conID: 2 locID: 102667711412568679 bcsId: 4062} | ret=SUCCESS |  
2019-08-23 18:29:12,073 | INFO  | DNAudit | user=null | ip=null | op=PUT_BLOCK {blockData=[blockId=conID: 2 locID: 102667711412568679 bcsId: 0,size=4194304]} | ret=SUCCESS |  
2019-08-23 18:29:12,073 | INFO  | DNAudit | user=null | ip=null | op=PUT_BLOCK {blockData=[blockId=conID: 2 locID: 102667711412568679 bcsId: 0,size=4194304]} | ret=SUCCESS |  
2019-08-23 18:29:12,074 [grpc-default-executor-4] INFO  client.GrpcClientProtocolClient (GrpcClientProtocolClient.java:onNext(255)) - client-19C32667576E->48affcab-e6e4-4602-963a-f6a50efbd54c: receive RaftClientReply:client-19C32667576E->48affcab-e6e4-4602-963a-f6a50efbd54c@group-50C56EAF5137, cid=2716, SUCCESS, logIndex=0, commits[48affcab-e6e4-4602-963a-f6a50efbd54c:c4067, 7e391b60-07ae-4d97-a027-4756e468c032:c4065, c5f86d96-67df-4f25-bde3-316f439d30b3:c4065]
2019-08-23 18:29:12,078 | INFO  | SCMAudit | user=jenkins1000 | ip=192.168.34.23 | op=ALLOCATE_BLOCK {owner=1ceb8b80-28f1-43fd-86c3-175afc07b8d1, size=4194304, type=RATIS, factor=THREE} | ret=SUCCESS |  
2019-08-23 18:29:12,081 | INFO  | OMAudit | user=jenkins1000 | ip=127.0.0.1 | op=ALLOCATE_BLOCK {volume=vol-0-45438, bucket=bucket-0-23891, key=key-0-22455, dataSize=0, replicationType=null, replicationFactor=null, keyLocationInfo=null, clientID=102667710122492306} | ret=SUCCESS |  
2019-08-23 18:29:12,087 | INFO  | DNAudit | user=null | ip=null | op=WRITE_CHUNK {blockData=conID: 3 locID: 102667711419384424 bcsId: 0} | ret=SUCCESS |  
2019-08-23 18:29:12,089 | INFO  | DNAudit | user=null | ip=null | op=WRITE_CHUNK {blockData=conID: 3 locID: 102667711419384424 bcsId: 0} | ret=SUCCESS |  
2019-08-23 18:29:12,090 | INFO  | DNAudit | user=null | ip=null | op=WRITE_CHUNK {blockData=conID: 3 locID: 102667711419384424 bcsId: 0} | ret=SUCCESS |  
2019-08-23 18:29:12,090 | INFO  | DNAudit | user=null | ip=null | op=WRITE_CHUNK {blockData=conID: 3 locID: 102667711419384424 bcsId: 0} | ret=SUCCESS |  
2019-08-23 18:29:12,092 | INFO  | DNAudit | user=null | ip=null | op=WRITE_CHUNK {blockData=conID: 3 locID: 102667711419384424 bcsId: 0} | ret=SUCCESS |  
2019-08-23 18:29:12,094 | INFO  | DNAudit | user=null | ip=null | op=WRITE_CHUNK {blockData=conID: 3 locID: 102667711419384424 bcsId: 0} | ret=SUCCESS |  
2019-08-23 18:29:12,101 | INFO  | DNAudit | user=null | ip=null | op=WRITE_CHUNK {blockData=conID: 3 locID: 102667711419384424 bcsId: 0} | ret=SUCCESS |  
2019-08-23 18:29:12,102 | INFO  | DNAudit | user=null | ip=null | op=PUT_BLOCK {blockData=[blockId=conID: 3 locID: 102667711419384424 bcsId: 0,size=1048576]} | ret=SUCCESS |  
2019-08-23 18:29:12,102 [grpc-default-executor-3] INFO  client.GrpcClientProtocolClient (GrpcClientProtocolClient.java:onNext(255)) - client-19C32667576E->48affcab-e6e4-4602-963a-f6a50efbd54c: receive RaftClientReply:client-19C32667576E->48affcab-e6e4-4602-963a-f6a50efbd54c@group-50C56EAF5137, cid=2717, SUCCESS, logIndex=4068, commits[48affcab-e6e4-4602-963a-f6a50efbd54c:c4069, 7e391b60-07ae-4d97-a027-4756e468c032:c4067, c5f86d96-67df-4f25-bde3-316f439d30b3:c4067]
2019-08-23 18:29:12,103 [grpc-default-executor-3] INFO  client.GrpcClientProtocolClient (GrpcClientProtocolClient.java:onNext(255)) - client-19C32667576E->48affcab-e6e4-4602-963a-f6a50efbd54c: receive RaftClientReply:client-19C32667576E->48affcab-e6e4-4602-963a-f6a50efbd54c@group-50C56EAF5137, cid=2718, SUCCESS, logIndex=4069, commits[48affcab-e6e4-4602-963a-f6a50efbd54c:c4069, 7e391b60-07ae-4d97-a027-4756e468c032:c4067, c5f86d96-67df-4f25-bde3-316f439d30b3:c4067]
2019-08-23 18:29:12,114 | INFO  | DNAudit | user=null | ip=null | op=WRITE_CHUNK {blockData=conID: 3 locID: 102667711419384424 bcsId: 0} | ret=SUCCESS |  
2019-08-23 18:29:12,114 | INFO  | DNAudit | user=null | ip=null | op=PUT_BLOCK {blockData=[blockId=conID: 3 locID: 102667711419384424 bcsId: 0,size=2097152]} | ret=SUCCESS |  
2019-08-23 18:29:12,114 [grpc-default-executor-0] INFO  client.GrpcClientProtocolClient (GrpcClientProtocolClient.java:onNext(255)) - client-19C32667576E->48affcab-e6e4-4602-963a-f6a50efbd54c: receive RaftClientReply:client-19C32667576E->48affcab-e6e4-4602-963a-f6a50efbd54c@group-50C56EAF5137, cid=2719, SUCCESS, logIndex=4070, commits[48affcab-e6e4-4602-963a-f6a50efbd54c:c4071, 7e391b60-07ae-4d97-a027-4756e468c032:c4067, c5f86d96-67df-4f25-bde3-316f439d30b3:c4067]
2019-08-23 18:29:12,115 [grpc-default-executor-0] INFO  client.GrpcClientProtocolClient (GrpcClientProtocolClient.java:onNext(255)) - client-19C32667576E->48affcab-e6e4-4602-963a-f6a50efbd54c: receive RaftClientReply:client-19C32667576E->48affcab-e6e4-4602-963a-f6a50efbd54c@group-50C56EAF5137, cid=2720, SUCCESS, logIndex=4071, commits[48affcab-e6e4-4602-963a-f6a50efbd54c:c4071, 7e391b60-07ae-4d97-a027-4756e468c032:c4067, c5f86d96-67df-4f25-bde3-316f439d30b3:c4067]
2019-08-23 18:29:12,126 | INFO  | DNAudit | user=null | ip=null | op=WRITE_CHUNK {blockData=conID: 3 locID: 102667711419384424 bcsId: 0} | ret=SUCCESS |  
2019-08-23 18:29:12,126 | INFO  | DNAudit | user=null | ip=null | op=WRITE_CHUNK {blockData=conID: 3 locID: 102667711419384424 bcsId: 0} | ret=SUCCESS |  
2019-08-23 18:29:12,127 | INFO  | DNAudit | user=null | ip=null | op=PUT_BLOCK {blockData=[blockId=conID: 3 locID: 102667711419384424 bcsId: 0,size=1048576]} | ret=SUCCESS |  
2019-08-23 18:29:12,127 | INFO  | DNAudit | user=null | ip=null | op=PUT_BLOCK {blockData=[blockId=conID: 3 locID: 102667711419384424 bcsId: 0,size=1048576]} | ret=SUCCESS |  
2019-08-23 18:29:12,127 [grpc-default-executor-0] INFO  client.GrpcClientProtocolClient (GrpcClientProtocolClient.java:onNext(255)) - client-19C32667576E->48affcab-e6e4-4602-963a-f6a50efbd54c: receive RaftClientReply:client-19C32667576E->48affcab-e6e4-4602-963a-f6a50efbd54c@group-50C56EAF5137, cid=2721, SUCCESS, logIndex=0, commits[48affcab-e6e4-4602-963a-f6a50efbd54c:c4073, 7e391b60-07ae-4d97-a027-4756e468c032:c4069, c5f86d96-67df-4f25-bde3-316f439d30b3:c4069]
2019-08-23 18:29:12,134 | INFO  | DNAudit | user=null | ip=null | op=WRITE_CHUNK {blockData=conID: 3 locID: 102667711419384424 bcsId: 4071} | ret=SUCCESS |  
2019-08-23 18:29:12,137 | INFO  | DNAudit | user=null | ip=null | op=WRITE_CHUNK {blockData=conID: 3 locID: 102667711419384424 bcsId: 4071} | ret=SUCCESS |  
2019-08-23 18:29:12,137 | INFO  | DNAudit | user=null | ip=null | op=WRITE_CHUNK {blockData=conID: 3 locID: 102667711419384424 bcsId: 4071} | ret=SUCCESS |  
2019-08-23 18:29:12,146 | INFO  | DNAudit | user=null | ip=null | op=WRITE_CHUNK {blockData=conID: 3 locID: 102667711419384424 bcsId: 0} | ret=SUCCESS |  
2019-08-23 18:29:12,146 | INFO  | DNAudit | user=null | ip=null | op=WRITE_CHUNK {blockData=conID: 3 locID: 102667711419384424 bcsId: 0} | ret=SUCCESS |  
2019-08-23 18:29:12,146 | INFO  | DNAudit | user=null | ip=null | op=PUT_BLOCK {blockData=[blockId=conID: 3 locID: 102667711419384424 bcsId: 0,size=2097152]} | ret=SUCCESS |  
2019-08-23 18:29:12,146 | INFO  | DNAudit | user=null | ip=null | op=PUT_BLOCK {blockData=[blockId=conID: 3 locID: 102667711419384424 bcsId: 0,size=2097152]} | ret=SUCCESS |  
2019-08-23 18:29:12,147 | INFO  | DNAudit | user=null | ip=null | op=WRITE_CHUNK {blockData=conID: 3 locID: 102667711419384424 bcsId: 4071} | ret=SUCCESS |  
2019-08-23 18:29:12,147 | INFO  | DNAudit | user=null | ip=null | op=PUT_BLOCK {blockData=[blockId=conID: 3 locID: 102667711419384424 bcsId: 0,size=3145728]} | ret=SUCCESS |  
2019-08-23 18:29:12,148 [grpc-default-executor-4] INFO  client.GrpcClientProtocolClient (GrpcClientProtocolClient.java:onNext(255)) - client-19C32667576E->48affcab-e6e4-4602-963a-f6a50efbd54c: receive RaftClientReply:client-19C32667576E->48affcab-e6e4-4602-963a-f6a50efbd54c@group-50C56EAF5137, cid=2722, SUCCESS, logIndex=4076, commits[48affcab-e6e4-4602-963a-f6a50efbd54c:c4077, 7e391b60-07ae-4d97-a027-4756e468c032:c4073, c5f86d96-67df-4f25-bde3-316f439d30b3:c4073]
2019-08-23 18:29:12,148 [grpc-default-executor-4] INFO  client.GrpcClientProtocolClient (GrpcClientProtocolClient.java:onNext(255)) - client-19C32667576E->48affcab-e6e4-4602-963a-f6a50efbd54c: receive RaftClientReply:client-19C32667576E->48affcab-e6e4-4602-963a-f6a50efbd54c@group-50C56EAF5137, cid=2723, SUCCESS, logIndex=4077, commits[48affcab-e6e4-4602-963a-f6a50efbd54c:c4077, 7e391b60-07ae-4d97-a027-4756e468c032:c4073, c5f86d96-67df-4f25-bde3-316f439d30b3:c4073]
2019-08-23 18:29:12,148 | INFO  | DNAudit | user=null | ip=null | op=WRITE_CHUNK {blockData=conID: 3 locID: 102667711419384424 bcsId: 4071} | ret=SUCCESS |  
2019-08-23 18:29:12,148 | INFO  | DNAudit | user=null | ip=null | op=WRITE_CHUNK {blockData=conID: 3 locID: 102667711419384424 bcsId: 4071} | ret=SUCCESS |  
2019-08-23 18:29:12,149 | INFO  | DNAudit | user=null | ip=null | op=PUT_BLOCK {blockData=[blockId=conID: 3 locID: 102667711419384424 bcsId: 0,size=3145728]} | ret=SUCCESS |  
2019-08-23 18:29:12,151 | INFO  | DNAudit | user=null | ip=null | op=PUT_BLOCK {blockData=[blockId=conID: 3 locID: 102667711419384424 bcsId: 0,size=3145728]} | ret=SUCCESS |  
2019-08-23 18:29:12,155 | INFO  | DNAudit | user=null | ip=null | op=WRITE_CHUNK {blockData=conID: 3 locID: 102667711419384424 bcsId: 4077} | ret=SUCCESS |  
2019-08-23 18:29:12,157 | INFO  | DNAudit | user=null | ip=null | op=WRITE_CHUNK {blockData=conID: 3 locID: 102667711419384424 bcsId: 4077} | ret=SUCCESS |  
2019-08-23 18:29:12,158 | INFO  | DNAudit | user=null | ip=null | op=WRITE_CHUNK {blockData=conID: 3 locID: 102667711419384424 bcsId: 4077} | ret=SUCCESS |  
2019-08-23 18:29:12,169 | INFO  | DNAudit | user=null | ip=null | op=WRITE_CHUNK {blockData=conID: 3 locID: 102667711419384424 bcsId: 4077} | ret=SUCCESS |  
2019-08-23 18:29:12,169 | INFO  | DNAudit | user=null | ip=null | op=PUT_BLOCK {blockData=[blockId=conID: 3 locID: 102667711419384424 bcsId: 0,size=4194304]} | ret=SUCCESS |  
2019-08-23 18:29:12,169 [grpc-default-executor-3] INFO  client.GrpcClientProtocolClient (GrpcClientProtocolClient.java:onNext(255)) - client-19C32667576E->48affcab-e6e4-4602-963a-f6a50efbd54c: receive RaftClientReply:client-19C32667576E->48affcab-e6e4-4602-963a-f6a50efbd54c@group-50C56EAF5137, cid=2724, SUCCESS, logIndex=4080, commits[48affcab-e6e4-4602-963a-f6a50efbd54c:c4081, 7e391b60-07ae-4d97-a027-4756e468c032:c4079, c5f86d96-67df-4f25-bde3-316f439d30b3:c4079]
2019-08-23 18:29:12,170 [grpc-default-executor-3] INFO  client.GrpcClientProtocolClient (GrpcClientProtocolClient.java:onNext(255)) - client-19C32667576E->48affcab-e6e4-4602-963a-f6a50efbd54c: receive RaftClientReply:client-19C32667576E->48affcab-e6e4-4602-963a-f6a50efbd54c@group-50C56EAF5137, cid=2725, SUCCESS, logIndex=4081, commits[48affcab-e6e4-4602-963a-f6a50efbd54c:c4081, 7e391b60-07ae-4d97-a027-4756e468c032:c4079, c5f86d96-67df-4f25-bde3-316f439d30b3:c4079]
2019-08-23 18:29:12,193 | INFO  | DNAudit | user=null | ip=null | op=WRITE_CHUNK {blockData=conID: 3 locID: 102667711419384424 bcsId: 4077} | ret=SUCCESS |  
2019-08-23 18:29:12,193 | INFO  | DNAudit | user=null | ip=null | op=WRITE_CHUNK {blockData=conID: 3 locID: 102667711419384424 bcsId: 4077} | ret=SUCCESS |  
2019-08-23 18:29:12,195 | INFO  | DNAudit | user=null | ip=null | op=PUT_BLOCK {blockData=[blockId=conID: 3 locID: 102667711419384424 bcsId: 0,size=4194304]} | ret=SUCCESS |  
2019-08-23 18:29:12,195 | INFO  | DNAudit | user=null | ip=null | op=PUT_BLOCK {blockData=[blockId=conID: 3 locID: 102667711419384424 bcsId: 0,size=4194304]} | ret=SUCCESS |  
2019-08-23 18:29:12,196 [grpc-default-executor-3] INFO  client.GrpcClientProtocolClient (GrpcClientProtocolClient.java:onNext(255)) - client-19C32667576E->48affcab-e6e4-4602-963a-f6a50efbd54c: receive RaftClientReply:client-19C32667576E->48affcab-e6e4-4602-963a-f6a50efbd54c@group-50C56EAF5137, cid=2726, SUCCESS, logIndex=0, commits[48affcab-e6e4-4602-963a-f6a50efbd54c:c4083, 7e391b60-07ae-4d97-a027-4756e468c032:c4081, c5f86d96-67df-4f25-bde3-316f439d30b3:c4081]
2019-08-23 18:29:12,201 | INFO  | SCMAudit | user=jenkins1000 | ip=192.168.34.23 | op=ALLOCATE_BLOCK {owner=1ceb8b80-28f1-43fd-86c3-175afc07b8d1, size=4194304, type=RATIS, factor=THREE} | ret=SUCCESS |  
2019-08-23 18:29:12,204 | INFO  | OMAudit | user=jenkins1000 | ip=127.0.0.1 | op=ALLOCATE_BLOCK {volume=vol-0-45438, bucket=bucket-0-23891, key=key-0-22455, dataSize=0, replicationType=null, replicationFactor=null, keyLocationInfo=null, clientID=102667710122492306} | ret=SUCCESS |  
2019-08-23 18:29:12,211 | INFO  | DNAudit | user=null | ip=null | op=WRITE_CHUNK {blockData=conID: 1 locID: 102667711427445353 bcsId: 0} | ret=SUCCESS |  
2019-08-23 18:29:12,214 | INFO  | DNAudit | user=null | ip=null | op=WRITE_CHUNK {blockData=conID: 1 locID: 102667711427445353 bcsId: 0} | ret=SUCCESS |  
2019-08-23 18:29:12,215 | INFO  | DNAudit | user=null | ip=null | op=WRITE_CHUNK {blockData=conID: 1 locID: 102667711427445353 bcsId: 0} | ret=SUCCESS |  
2019-08-23 18:29:12,215 | INFO  | DNAudit | user=null | ip=null | op=WRITE_CHUNK {blockData=conID: 1 locID: 102667711427445353 bcsId: 0} | ret=SUCCESS |  
2019-08-23 18:29:12,217 | INFO  | DNAudit | user=null | ip=null | op=WRITE_CHUNK {blockData=conID: 1 locID: 102667711427445353 bcsId: 0} | ret=SUCCESS |  
2019-08-23 18:29:12,218 | INFO  | DNAudit | user=null | ip=null | op=WRITE_CHUNK {blockData=conID: 1 locID: 102667711427445353 bcsId: 0} | ret=SUCCESS |  
2019-08-23 18:29:12,224 | INFO  | DNAudit | user=null | ip=null | op=WRITE_CHUNK {blockData=conID: 1 locID: 102667711427445353 bcsId: 0} | ret=SUCCESS |  
2019-08-23 18:29:12,224 | INFO  | DNAudit | user=null | ip=null | op=PUT_BLOCK {blockData=[blockId=conID: 1 locID: 102667711427445353 bcsId: 0,size=1048576]} | ret=SUCCESS |  
2019-08-23 18:29:12,224 [grpc-default-executor-4] INFO  client.GrpcClientProtocolClient (GrpcClientProtocolClient.java:onNext(255)) - client-19C32667576E->48affcab-e6e4-4602-963a-f6a50efbd54c: receive RaftClientReply:client-19C32667576E->48affcab-e6e4-4602-963a-f6a50efbd54c@group-50C56EAF5137, cid=2727, SUCCESS, logIndex=4084, commits[48affcab-e6e4-4602-963a-f6a50efbd54c:c4085, 7e391b60-07ae-4d97-a027-4756e468c032:c4083, c5f86d96-67df-4f25-bde3-316f439d30b3:c4083]
2019-08-23 18:29:12,225 | INFO  | DNAudit | user=null | ip=null | op=WRITE_CHUNK {blockData=conID: 1 locID: 102667711427445353 bcsId: 0} | ret=SUCCESS |  
2019-08-23 18:29:12,225 [grpc-default-executor-0] INFO  client.GrpcClientProtocolClient (GrpcClientProtocolClient.java:onNext(255)) - client-19C32667576E->48affcab-e6e4-4602-963a-f6a50efbd54c: receive RaftClientReply:client-19C32667576E->48affcab-e6e4-4602-963a-f6a50efbd54c@group-50C56EAF5137, cid=2728, SUCCESS, logIndex=4085, commits[48affcab-e6e4-4602-963a-f6a50efbd54c:c4085, 7e391b60-07ae-4d97-a027-4756e468c032:c4083, c5f86d96-67df-4f25-bde3-316f439d30b3:c4083]
2019-08-23 18:29:12,225 | INFO  | DNAudit | user=null | ip=null | op=PUT_BLOCK {blockData=[blockId=conID: 1 locID: 102667711427445353 bcsId: 0,size=2097152]} | ret=SUCCESS |  
2019-08-23 18:29:12,225 [grpc-default-executor-0] INFO  client.GrpcClientProtocolClient (GrpcClientProtocolClient.java:onNext(255)) - client-19C32667576E->48affcab-e6e4-4602-963a-f6a50efbd54c: receive RaftClientReply:client-19C32667576E->48affcab-e6e4-4602-963a-f6a50efbd54c@group-50C56EAF5137, cid=2729, SUCCESS, logIndex=4086, commits[48affcab-e6e4-4602-963a-f6a50efbd54c:c4087, 7e391b60-07ae-4d97-a027-4756e468c032:c4083, c5f86d96-67df-4f25-bde3-316f439d30b3:c4083]
2019-08-23 18:29:12,226 [grpc-default-executor-0] INFO  client.GrpcClientProtocolClient (GrpcClientProtocolClient.java:onNext(255)) - client-19C32667576E->48affcab-e6e4-4602-963a-f6a50efbd54c: receive RaftClientReply:client-19C32667576E->48affcab-e6e4-4602-963a-f6a50efbd54c@group-50C56EAF5137, cid=2730, SUCCESS, logIndex=4087, commits[48affcab-e6e4-4602-963a-f6a50efbd54c:c4087, 7e391b60-07ae-4d97-a027-4756e468c032:c4083, c5f86d96-67df-4f25-bde3-316f439d30b3:c4083]
2019-08-23 18:29:12,237 | INFO  | DNAudit | user=null | ip=null | op=WRITE_CHUNK {blockData=conID: 1 locID: 102667711427445353 bcsId: 0} | ret=SUCCESS |  
2019-08-23 18:29:12,237 | INFO  | DNAudit | user=null | ip=null | op=PUT_BLOCK {blockData=[blockId=conID: 1 locID: 102667711427445353 bcsId: 0,size=1048576]} | ret=SUCCESS |  
2019-08-23 18:29:12,239 | INFO  | DNAudit | user=null | ip=null | op=WRITE_CHUNK {blockData=conID: 1 locID: 102667711427445353 bcsId: 0} | ret=SUCCESS |  
2019-08-23 18:29:12,239 | INFO  | DNAudit | user=null | ip=null | op=PUT_BLOCK {blockData=[blockId=conID: 1 locID: 102667711427445353 bcsId: 0,size=1048576]} | ret=SUCCESS |  
2019-08-23 18:29:12,239 | INFO  | DNAudit | user=null | ip=null | op=WRITE_CHUNK {blockData=conID: 1 locID: 102667711427445353 bcsId: 0} | ret=SUCCESS |  
2019-08-23 18:29:12,240 | INFO  | DNAudit | user=null | ip=null | op=PUT_BLOCK {blockData=[blockId=conID: 1 locID: 102667711427445353 bcsId: 0,size=2097152]} | ret=SUCCESS |  
2019-08-23 18:29:12,240 [grpc-default-executor-0] INFO  client.GrpcClientProtocolClient (GrpcClientProtocolClient.java:onNext(255)) - client-19C32667576E->48affcab-e6e4-4602-963a-f6a50efbd54c: receive RaftClientReply:client-19C32667576E->48affcab-e6e4-4602-963a-f6a50efbd54c@group-50C56EAF5137, cid=2731, SUCCESS, logIndex=0, commits[48affcab-e6e4-4602-963a-f6a50efbd54c:c4089, 7e391b60-07ae-4d97-a027-4756e468c032:c4085, c5f86d96-67df-4f25-bde3-316f439d30b3:c4085]
2019-08-23 18:29:12,246 | INFO  | DNAudit | user=null | ip=null | op=WRITE_CHUNK {blockData=conID: 1 locID: 102667711427445353 bcsId: 4087} | ret=SUCCESS |  
2019-08-23 18:29:12,248 | INFO  | DNAudit | user=null | ip=null | op=WRITE_CHUNK {blockData=conID: 1 locID: 102667711427445353 bcsId: 4087} | ret=SUCCESS |  
2019-08-23 18:29:12,248 | INFO  | DNAudit | user=null | ip=null | op=WRITE_CHUNK {blockData=conID: 1 locID: 102667711427445353 bcsId: 4087} | ret=SUCCESS |  
2019-08-23 18:29:12,250 | INFO  | DNAudit | user=null | ip=null | op=WRITE_CHUNK {blockData=conID: 1 locID: 102667711427445353 bcsId: 0} | ret=SUCCESS |  
2019-08-23 18:29:12,250 | INFO  | DNAudit | user=null | ip=null | op=PUT_BLOCK {blockData=[blockId=conID: 1 locID: 102667711427445353 bcsId: 0,size=2097152]} | ret=SUCCESS |  
2019-08-23 18:29:12,251 | INFO  | DNAudit | user=null | ip=null | op=WRITE_CHUNK {blockData=conID: 1 locID: 102667711427445353 bcsId: 4087} | ret=SUCCESS |  
2019-08-23 18:29:12,251 | INFO  | DNAudit | user=null | ip=null | op=PUT_BLOCK {blockData=[blockId=conID: 1 locID: 102667711427445353 bcsId: 0,size=3145728]} | ret=SUCCESS |  
2019-08-23 18:29:12,251 [grpc-default-executor-4] INFO  client.GrpcClientProtocolClient (GrpcClientProtocolClient.java:onNext(255)) - client-19C32667576E->48affcab-e6e4-4602-963a-f6a50efbd54c: receive RaftClientReply:client-19C32667576E->48affcab-e6e4-4602-963a-f6a50efbd54c@group-50C56EAF5137, cid=2732, SUCCESS, logIndex=4092, commits[48affcab-e6e4-4602-963a-f6a50efbd54c:c4093, 7e391b60-07ae-4d97-a027-4756e468c032:c4087, c5f86d96-67df-4f25-bde3-316f439d30b3:c4091]
2019-08-23 18:29:12,252 [grpc-default-executor-4] INFO  client.GrpcClientProtocolClient (GrpcClientProtocolClient.java:onNext(255)) - client-19C32667576E->48affcab-e6e4-4602-963a-f6a50efbd54c: receive RaftClientReply:client-19C32667576E->48affcab-e6e4-4602-963a-f6a50efbd54c@group-50C56EAF5137, cid=2733, SUCCESS, logIndex=4093, commits[48affcab-e6e4-4602-963a-f6a50efbd54c:c4093, 7e391b60-07ae-4d97-a027-4756e468c032:c4091, c5f86d96-67df-4f25-bde3-316f439d30b3:c4091]
2019-08-23 18:29:12,254 | INFO  | DNAudit | user=null | ip=null | op=WRITE_CHUNK {blockData=conID: 1 locID: 102667711427445353 bcsId: 4087} | ret=SUCCESS |  
2019-08-23 18:29:12,254 | INFO  | DNAudit | user=null | ip=null | op=WRITE_CHUNK {blockData=conID: 1 locID: 102667711427445353 bcsId: 4087} | ret=SUCCESS |  
2019-08-23 18:29:12,254 | INFO  | DNAudit | user=null | ip=null | op=PUT_BLOCK {blockData=[blockId=conID: 1 locID: 102667711427445353 bcsId: 0,size=3145728]} | ret=SUCCESS |  
2019-08-23 18:29:12,258 | INFO  | DNAudit | user=null | ip=null | op=WRITE_CHUNK {blockData=conID: 1 locID: 102667711427445353 bcsId: 4093} | ret=SUCCESS |  
2019-08-23 18:29:12,260 | INFO  | DNAudit | user=null | ip=null | op=WRITE_CHUNK {blockData=conID: 1 locID: 102667711427445353 bcsId: 4093} | ret=SUCCESS |  
2019-08-23 18:29:12,260 | INFO  | DNAudit | user=null | ip=null | op=WRITE_CHUNK {blockData=conID: 1 locID: 102667711427445353 bcsId: 4093} | ret=SUCCESS |  
2019-08-23 18:29:12,267 | INFO  | DNAudit | user=null | ip=null | op=PUT_BLOCK {blockData=[blockId=conID: 1 locID: 102667711427445353 bcsId: 0,size=3145728]} | ret=SUCCESS |  
2019-08-23 18:29:12,278 | INFO  | DNAudit | user=null | ip=null | op=WRITE_CHUNK {blockData=conID: 1 locID: 102667711427445353 bcsId: 4093} | ret=SUCCESS |  
2019-08-23 18:29:12,278 | INFO  | DNAudit | user=null | ip=null | op=PUT_BLOCK {blockData=[blockId=conID: 1 locID: 102667711427445353 bcsId: 0,size=4194304]} | ret=SUCCESS |  
2019-08-23 18:29:12,278 [grpc-default-executor-0] INFO  client.GrpcClientProtocolClient (GrpcClientProtocolClient.java:onNext(255)) - client-19C32667576E->48affcab-e6e4-4602-963a-f6a50efbd54c: receive RaftClientReply:client-19C32667576E->48affcab-e6e4-4602-963a-f6a50efbd54c@group-50C56EAF5137, cid=2734, SUCCESS, logIndex=4096, commits[48affcab-e6e4-4602-963a-f6a50efbd54c:c4097, 7e391b60-07ae-4d97-a027-4756e468c032:c4094, c5f86d96-67df-4f25-bde3-316f439d30b3:c4093]
2019-08-23 18:29:12,279 [grpc-default-executor-0] INFO  client.GrpcClientProtocolClient (GrpcClientProtocolClient.java:onNext(255)) - client-19C32667576E->48affcab-e6e4-4602-963a-f6a50efbd54c: receive RaftClientReply:client-19C32667576E->48affcab-e6e4-4602-963a-f6a50efbd54c@group-50C56EAF5137, cid=2735, SUCCESS, logIndex=4097, commits[48affcab-e6e4-4602-963a-f6a50efbd54c:c4097, 7e391b60-07ae-4d97-a027-4756e468c032:c4094, c5f86d96-67df-4f25-bde3-316f439d30b3:c4093]
2019-08-23 18:29:12,281 | INFO  | DNAudit | user=null | ip=null | op=WRITE_CHUNK {blockData=conID: 1 locID: 102667711427445353 bcsId: 4093} | ret=SUCCESS |  
2019-08-23 18:29:12,281 | INFO  | DNAudit | user=null | ip=null | op=WRITE_CHUNK {blockData=conID: 1 locID: 102667711427445353 bcsId: 4093} | ret=SUCCESS |  
2019-08-23 18:29:12,281 | INFO  | DNAudit | user=null | ip=null | op=PUT_BLOCK {blockData=[blockId=conID: 1 locID: 102667711427445353 bcsId: 0,size=4194304]} | ret=SUCCESS |  
2019-08-23 18:29:12,281 | INFO  | DNAudit | user=null | ip=null | op=PUT_BLOCK {blockData=[blockId=conID: 1 locID: 102667711427445353 bcsId: 0,size=4194304]} | ret=SUCCESS |  
2019-08-23 18:29:12,281 [grpc-default-executor-0] INFO  client.GrpcClientProtocolClient (GrpcClientProtocolClient.java:onNext(255)) - client-19C32667576E->48affcab-e6e4-4602-963a-f6a50efbd54c: receive RaftClientReply:client-19C32667576E->48affcab-e6e4-4602-963a-f6a50efbd54c@group-50C56EAF5137, cid=2736, SUCCESS, logIndex=0, commits[48affcab-e6e4-4602-963a-f6a50efbd54c:c4098, 7e391b60-07ae-4d97-a027-4756e468c032:c4097, c5f86d96-67df-4f25-bde3-316f439d30b3:c4097]
2019-08-23 18:29:12,286 | INFO  | SCMAudit | user=jenkins1000 | ip=192.168.34.23 | op=ALLOCATE_BLOCK {owner=1ceb8b80-28f1-43fd-86c3-175afc07b8d1, size=4194304, type=RATIS, factor=THREE} | ret=SUCCESS |  
2019-08-23 18:29:12,289 | INFO  | OMAudit | user=jenkins1000 | ip=127.0.0.1 | op=ALLOCATE_BLOCK {volume=vol-0-45438, bucket=bucket-0-23891, key=key-0-22455, dataSize=0, replicationType=null, replicationFactor=null, keyLocationInfo=null, clientID=102667710122492306} | ret=SUCCESS |  
2019-08-23 18:29:12,296 | INFO  | DNAudit | user=null | ip=null | op=WRITE_CHUNK {blockData=conID: 2 locID: 102667711433015914 bcsId: 0} | ret=SUCCESS |  
2019-08-23 18:29:12,298 | INFO  | DNAudit | user=null | ip=null | op=WRITE_CHUNK {blockData=conID: 2 locID: 102667711433015914 bcsId: 0} | ret=SUCCESS |  
2019-08-23 18:29:12,299 | INFO  | DNAudit | user=null | ip=null | op=WRITE_CHUNK {blockData=conID: 2 locID: 102667711433015914 bcsId: 0} | ret=SUCCESS |  
2019-08-23 18:29:12,299 | INFO  | DNAudit | user=null | ip=null | op=WRITE_CHUNK {blockData=conID: 2 locID: 102667711433015914 bcsId: 0} | ret=SUCCESS |  
2019-08-23 18:29:12,300 | INFO  | DNAudit | user=null | ip=null | op=WRITE_CHUNK {blockData=conID: 2 locID: 102667711433015914 bcsId: 0} | ret=SUCCESS |  
2019-08-23 18:29:12,301 | INFO  | DNAudit | user=null | ip=null | op=WRITE_CHUNK {blockData=conID: 2 locID: 102667711433015914 bcsId: 0} | ret=SUCCESS |  
2019-08-23 18:29:12,313 | INFO  | DNAudit | user=null | ip=null | op=WRITE_CHUNK {blockData=conID: 2 locID: 102667711433015914 bcsId: 0} | ret=SUCCESS |  
2019-08-23 18:29:12,313 | INFO  | DNAudit | user=null | ip=null | op=PUT_BLOCK {blockData=[blockId=conID: 2 locID: 102667711433015914 bcsId: 0,size=1048576]} | ret=SUCCESS |  
2019-08-23 18:29:12,314 [grpc-default-executor-0] INFO  client.GrpcClientProtocolClient (GrpcClientProtocolClient.java:onNext(255)) - client-19C32667576E->48affcab-e6e4-4602-963a-f6a50efbd54c: receive RaftClientReply:client-19C32667576E->48affcab-e6e4-4602-963a-f6a50efbd54c@group-50C56EAF5137, cid=2737, SUCCESS, logIndex=4099, commits[48affcab-e6e4-4602-963a-f6a50efbd54c:c4100, 7e391b60-07ae-4d97-a027-4756e468c032:c4098, c5f86d96-67df-4f25-bde3-316f439d30b3:c4098]
2019-08-23 18:29:12,314 [grpc-default-executor-0] INFO  client.GrpcClientProtocolClient (GrpcClientProtocolClient.java:onNext(255)) - client-19C32667576E->48affcab-e6e4-4602-963a-f6a50efbd54c: receive RaftClientReply:client-19C32667576E->48affcab-e6e4-4602-963a-f6a50efbd54c@group-50C56EAF5137, cid=2738, SUCCESS, logIndex=4100, commits[48affcab-e6e4-4602-963a-f6a50efbd54c:c4100, 7e391b60-07ae-4d97-a027-4756e468c032:c4098, c5f86d96-67df-4f25-bde3-316f439d30b3:c4098]
2019-08-23 18:29:12,321 | INFO  | DNAudit | user=null | ip=null | op=WRITE_CHUNK {blockData=conID: 2 locID: 102667711433015914 bcsId: 0} | ret=SUCCESS |  
2019-08-23 18:29:12,321 | INFO  | DNAudit | user=null | ip=null | op=PUT_BLOCK {blockData=[blockId=conID: 2 locID: 102667711433015914 bcsId: 0,size=2097152]} | ret=SUCCESS |  
2019-08-23 18:29:12,321 [grpc-default-executor-3] INFO  client.GrpcClientProtocolClient (GrpcClientProtocolClient.java:onNext(255)) - client-19C32667576E->48affcab-e6e4-4602-963a-f6a50efbd54c: receive RaftClientReply:client-19C32667576E->48affcab-e6e4-4602-963a-f6a50efbd54c@group-50C56EAF5137, cid=2739, SUCCESS, logIndex=4101, commits[48affcab-e6e4-4602-963a-f6a50efbd54c:c4102, 7e391b60-07ae-4d97-a027-4756e468c032:c4098, c5f86d96-67df-4f25-bde3-316f439d30b3:c4098]
2019-08-23 18:29:12,321 | INFO  | DNAudit | user=null | ip=null | op=WRITE_CHUNK {blockData=conID: 2 locID: 102667711433015914 bcsId: 0} | ret=SUCCESS |  
2019-08-23 18:29:12,321 [grpc-default-executor-3] INFO  client.GrpcClientProtocolClient (GrpcClientProtocolClient.java:onNext(255)) - client-19C32667576E->48affcab-e6e4-4602-963a-f6a50efbd54c: receive RaftClientReply:client-19C32667576E->48affcab-e6e4-4602-963a-f6a50efbd54c@group-50C56EAF5137, cid=2740, SUCCESS, logIndex=4102, commits[48affcab-e6e4-4602-963a-f6a50efbd54c:c4102, 7e391b60-07ae-4d97-a027-4756e468c032:c4098, c5f86d96-67df-4f25-bde3-316f439d30b3:c4098]
2019-08-23 18:29:12,322 | INFO  | DNAudit | user=null | ip=null | op=PUT_BLOCK {blockData=[blockId=conID: 2 locID: 102667711433015914 bcsId: 0,size=1048576]} | ret=SUCCESS |  
2019-08-23 18:29:12,324 | INFO  | DNAudit | user=null | ip=null | op=WRITE_CHUNK {blockData=conID: 2 locID: 102667711433015914 bcsId: 0} | ret=SUCCESS |  
2019-08-23 18:29:12,324 | INFO  | DNAudit | user=null | ip=null | op=PUT_BLOCK {blockData=[blockId=conID: 2 locID: 102667711433015914 bcsId: 0,size=1048576]} | ret=SUCCESS |  
2019-08-23 18:29:12,324 [grpc-default-executor-3] INFO  client.GrpcClientProtocolClient (GrpcClientProtocolClient.java:onNext(255)) - client-19C32667576E->48affcab-e6e4-4602-963a-f6a50efbd54c: receive RaftClientReply:client-19C32667576E->48affcab-e6e4-4602-963a-f6a50efbd54c@group-50C56EAF5137, cid=2741, SUCCESS, logIndex=0, commits[48affcab-e6e4-4602-963a-f6a50efbd54c:c4104, 7e391b60-07ae-4d97-a027-4756e468c032:c4100, c5f86d96-67df-4f25-bde3-316f439d30b3:c4100]
2019-08-23 18:29:12,332 | INFO  | DNAudit | user=null | ip=null | op=WRITE_CHUNK {blockData=conID: 2 locID: 102667711433015914 bcsId: 4102} | ret=SUCCESS |  
2019-08-23 18:29:12,334 | INFO  | DNAudit | user=null | ip=null | op=WRITE_CHUNK {blockData=conID: 2 locID: 102667711433015914 bcsId: 4102} | ret=SUCCESS |  
2019-08-23 18:29:12,335 | INFO  | DNAudit | user=null | ip=null | op=WRITE_CHUNK {blockData=conID: 2 locID: 102667711433015914 bcsId: 4102} | ret=SUCCESS |  
2019-08-23 18:29:12,335 | INFO  | DNAudit | user=null | ip=null | op=WRITE_CHUNK {blockData=conID: 2 locID: 102667711433015914 bcsId: 0} | ret=SUCCESS |  
2019-08-23 18:29:12,335 | INFO  | DNAudit | user=null | ip=null | op=PUT_BLOCK {blockData=[blockId=conID: 2 locID: 102667711433015914 bcsId: 0,size=2097152]} | ret=SUCCESS |  
2019-08-23 18:29:12,336 | INFO  | DNAudit | user=null | ip=null | op=WRITE_CHUNK {blockData=conID: 2 locID: 102667711433015914 bcsId: 0} | ret=SUCCESS |  
2019-08-23 18:29:12,337 | INFO  | DNAudit | user=null | ip=null | op=PUT_BLOCK {blockData=[blockId=conID: 2 locID: 102667711433015914 bcsId: 0,size=2097152]} | ret=SUCCESS |  
2019-08-23 18:29:12,349 | INFO  | DNAudit | user=null | ip=null | op=WRITE_CHUNK {blockData=conID: 2 locID: 102667711433015914 bcsId: 4102} | ret=SUCCESS |  
2019-08-23 18:29:12,350 | INFO  | DNAudit | user=null | ip=null | op=PUT_BLOCK {blockData=[blockId=conID: 2 locID: 102667711433015914 bcsId: 0,size=3145728]} | ret=SUCCESS |  
2019-08-23 18:29:12,350 [grpc-default-executor-3] INFO  client.GrpcClientProtocolClient (GrpcClientProtocolClient.java:onNext(255)) - client-19C32667576E->48affcab-e6e4-4602-963a-f6a50efbd54c: receive RaftClientReply:client-19C32667576E->48affcab-e6e4-4602-963a-f6a50efbd54c@group-50C56EAF5137, cid=2742, SUCCESS, logIndex=4107, commits[48affcab-e6e4-4602-963a-f6a50efbd54c:c4108, 7e391b60-07ae-4d97-a027-4756e468c032:c4104, c5f86d96-67df-4f25-bde3-316f439d30b3:c4104]
2019-08-23 18:29:12,350 [grpc-default-executor-3] INFO  client.GrpcClientProtocolClient (GrpcClientProtocolClient.java:onNext(255)) - client-19C32667576E->48affcab-e6e4-4602-963a-f6a50efbd54c: receive RaftClientReply:client-19C32667576E->48affcab-e6e4-4602-963a-f6a50efbd54c@group-50C56EAF5137, cid=2743, SUCCESS, logIndex=4108, commits[48affcab-e6e4-4602-963a-f6a50efbd54c:c4108, 7e391b60-07ae-4d97-a027-4756e468c032:c4104, c5f86d96-67df-4f25-bde3-316f439d30b3:c4104]
2019-08-23 18:29:12,353 | INFO  | DNAudit | user=null | ip=null | op=WRITE_CHUNK {blockData=conID: 2 locID: 102667711433015914 bcsId: 4102} | ret=SUCCESS |  
2019-08-23 18:29:12,353 | INFO  | DNAudit | user=null | ip=null | op=WRITE_CHUNK {blockData=conID: 2 locID: 102667711433015914 bcsId: 4102} | ret=SUCCESS |  
2019-08-23 18:29:12,353 | INFO  | DNAudit | user=null | ip=null | op=PUT_BLOCK {blockData=[blockId=conID: 2 locID: 102667711433015914 bcsId: 0,size=3145728]} | ret=SUCCESS |  
2019-08-23 18:29:12,353 | INFO  | DNAudit | user=null | ip=null | op=PUT_BLOCK {blockData=[blockId=conID: 2 locID: 102667711433015914 bcsId: 0,size=3145728]} | ret=SUCCESS |  
2019-08-23 18:29:12,356 | INFO  | DNAudit | user=null | ip=null | op=WRITE_CHUNK {blockData=conID: 2 locID: 102667711433015914 bcsId: 4108} | ret=SUCCESS |  
2019-08-23 18:29:12,359 | INFO  | DNAudit | user=null | ip=null | op=WRITE_CHUNK {blockData=conID: 2 locID: 102667711433015914 bcsId: 4108} | ret=SUCCESS |  
2019-08-23 18:29:12,359 | INFO  | DNAudit | user=null | ip=null | op=WRITE_CHUNK {blockData=conID: 2 locID: 102667711433015914 bcsId: 4108} | ret=SUCCESS |  
2019-08-23 18:29:12,361 | INFO  | DNAudit | user=null | ip=null | op=WRITE_CHUNK {blockData=conID: 2 locID: 102667711433015914 bcsId: 4108} | ret=SUCCESS |  
2019-08-23 18:29:12,361 | INFO  | DNAudit | user=null | ip=null | op=PUT_BLOCK {blockData=[blockId=conID: 2 locID: 102667711433015914 bcsId: 0,size=4194304]} | ret=SUCCESS |  
2019-08-23 18:29:12,362 [grpc-default-executor-4] INFO  client.GrpcClientProtocolClient (GrpcClientProtocolClient.java:onNext(255)) - client-19C32667576E->48affcab-e6e4-4602-963a-f6a50efbd54c: receive RaftClientReply:client-19C32667576E->48affcab-e6e4-4602-963a-f6a50efbd54c@group-50C56EAF5137, cid=2744, SUCCESS, logIndex=4110, commits[48affcab-e6e4-4602-963a-f6a50efbd54c:c4111, 7e391b60-07ae-4d97-a027-4756e468c032:c4108, c5f86d96-67df-4f25-bde3-316f439d30b3:c4109]
2019-08-23 18:29:12,362 [grpc-default-executor-4] INFO  client.GrpcClientProtocolClient (GrpcClientProtocolClient.java:onNext(255)) - client-19C32667576E->48affcab-e6e4-4602-963a-f6a50efbd54c: receive RaftClientReply:client-19C32667576E->48affcab-e6e4-4602-963a-f6a50efbd54c@group-50C56EAF5137, cid=2745, SUCCESS, logIndex=4111, commits[48affcab-e6e4-4602-963a-f6a50efbd54c:c4111, 7e391b60-07ae-4d97-a027-4756e468c032:c4109, c5f86d96-67df-4f25-bde3-316f439d30b3:c4109]
2019-08-23 18:29:12,364 | INFO  | DNAudit | user=null | ip=null | op=WRITE_CHUNK {blockData=conID: 2 locID: 102667711433015914 bcsId: 4108} | ret=SUCCESS |  
2019-08-23 18:29:12,364 | INFO  | DNAudit | user=null | ip=null | op=WRITE_CHUNK {blockData=conID: 2 locID: 102667711433015914 bcsId: 4108} | ret=SUCCESS |  
2019-08-23 18:29:12,364 | INFO  | DNAudit | user=null | ip=null | op=PUT_BLOCK {blockData=[blockId=conID: 2 locID: 102667711433015914 bcsId: 0,size=4194304]} | ret=SUCCESS |  
2019-08-23 18:29:12,364 | INFO  | DNAudit | user=null | ip=null | op=PUT_BLOCK {blockData=[blockId=conID: 2 locID: 102667711433015914 bcsId: 0,size=4194304]} | ret=SUCCESS |  
2019-08-23 18:29:12,364 [grpc-default-executor-4] INFO  client.GrpcClientProtocolClient (GrpcClientProtocolClient.java:onNext(255)) - client-19C32667576E->48affcab-e6e4-4602-963a-f6a50efbd54c: receive RaftClientReply:client-19C32667576E->48affcab-e6e4-4602-963a-f6a50efbd54c@group-50C56EAF5137, cid=2746, SUCCESS, logIndex=0, commits[48affcab-e6e4-4602-963a-f6a50efbd54c:c4113, 7e391b60-07ae-4d97-a027-4756e468c032:c4111, c5f86d96-67df-4f25-bde3-316f439d30b3:c4111]
2019-08-23 18:29:12,370 | INFO  | SCMAudit | user=jenkins1000 | ip=192.168.34.23 | op=ALLOCATE_BLOCK {owner=1ceb8b80-28f1-43fd-86c3-175afc07b8d1, size=4194304, type=RATIS, factor=THREE} | ret=SUCCESS |  
2019-08-23 18:29:12,375 | INFO  | OMAudit | user=jenkins1000 | ip=127.0.0.1 | op=ALLOCATE_BLOCK {volume=vol-0-45438, bucket=bucket-0-23891, key=key-0-22455, dataSize=0, replicationType=null, replicationFactor=null, keyLocationInfo=null, clientID=102667710122492306} | ret=SUCCESS |  
2019-08-23 18:29:12,381 | INFO  | DNAudit | user=null | ip=null | op=WRITE_CHUNK {blockData=conID: 3 locID: 102667711438520939 bcsId: 0} | ret=SUCCESS |  
2019-08-23 18:29:12,384 | INFO  | DNAudit | user=null | ip=null | op=WRITE_CHUNK {blockData=conID: 3 locID: 102667711438520939 bcsId: 0} | ret=SUCCESS |  
2019-08-23 18:29:12,384 | INFO  | DNAudit | user=null | ip=null | op=WRITE_CHUNK {blockData=conID: 3 locID: 102667711438520939 bcsId: 0} | ret=SUCCESS |  
2019-08-23 18:29:12,384 | INFO  | DNAudit | user=null | ip=null | op=WRITE_CHUNK {blockData=conID: 3 locID: 102667711438520939 bcsId: 0} | ret=SUCCESS |  
2019-08-23 18:29:12,385 | INFO  | DNAudit | user=null | ip=null | op=WRITE_CHUNK {blockData=conID: 3 locID: 102667711438520939 bcsId: 0} | ret=SUCCESS |  
2019-08-23 18:29:12,386 | INFO  | DNAudit | user=null | ip=null | op=WRITE_CHUNK {blockData=conID: 3 locID: 102667711438520939 bcsId: 0} | ret=SUCCESS |  
2019-08-23 18:29:12,387 | INFO  | DNAudit | user=null | ip=null | op=WRITE_CHUNK {blockData=conID: 3 locID: 102667711438520939 bcsId: 0} | ret=SUCCESS |  
2019-08-23 18:29:12,387 | INFO  | DNAudit | user=null | ip=null | op=PUT_BLOCK {blockData=[blockId=conID: 3 locID: 102667711438520939 bcsId: 0,size=1048576]} | ret=SUCCESS |  
2019-08-23 18:29:12,387 [grpc-default-executor-0] INFO  client.GrpcClientProtocolClient (GrpcClientProtocolClient.java:onNext(255)) - client-19C32667576E->48affcab-e6e4-4602-963a-f6a50efbd54c: receive RaftClientReply:client-19C32667576E->48affcab-e6e4-4602-963a-f6a50efbd54c@group-50C56EAF5137, cid=2747, SUCCESS, logIndex=4114, commits[48affcab-e6e4-4602-963a-f6a50efbd54c:c4115, 7e391b60-07ae-4d97-a027-4756e468c032:c4111, c5f86d96-67df-4f25-bde3-316f439d30b3:c4113]
2019-08-23 18:29:12,388 [grpc-default-executor-0] INFO  client.GrpcClientProtocolClient (GrpcClientProtocolClient.java:onNext(255)) - client-19C32667576E->48affcab-e6e4-4602-963a-f6a50efbd54c: receive RaftClientReply:client-19C32667576E->48affcab-e6e4-4602-963a-f6a50efbd54c@group-50C56EAF5137, cid=2748, SUCCESS, logIndex=4115, commits[48affcab-e6e4-4602-963a-f6a50efbd54c:c4115, 7e391b60-07ae-4d97-a027-4756e468c032:c4111, c5f86d96-67df-4f25-bde3-316f439d30b3:c4113]
2019-08-23 18:29:12,389 | INFO  | DNAudit | user=null | ip=null | op=WRITE_CHUNK {blockData=conID: 3 locID: 102667711438520939 bcsId: 0} | ret=SUCCESS |  
2019-08-23 18:29:12,389 | INFO  | DNAudit | user=null | ip=null | op=PUT_BLOCK {blockData=[blockId=conID: 3 locID: 102667711438520939 bcsId: 0,size=2097152]} | ret=SUCCESS |  
2019-08-23 18:29:12,389 [grpc-default-executor-3] INFO  client.GrpcClientProtocolClient (GrpcClientProtocolClient.java:onNext(255)) - client-19C32667576E->48affcab-e6e4-4602-963a-f6a50efbd54c: receive RaftClientReply:client-19C32667576E->48affcab-e6e4-4602-963a-f6a50efbd54c@group-50C56EAF5137, cid=2749, SUCCESS, logIndex=4116, commits[48affcab-e6e4-4602-963a-f6a50efbd54c:c4117, 7e391b60-07ae-4d97-a027-4756e468c032:c4113, c5f86d96-67df-4f25-bde3-316f439d30b3:c4113]
2019-08-23 18:29:12,389 [grpc-default-executor-3] INFO  client.GrpcClientProtocolClient (GrpcClientProtocolClient.java:onNext(255)) - client-19C32667576E->48affcab-e6e4-4602-963a-f6a50efbd54c: receive RaftClientReply:client-19C32667576E->48affcab-e6e4-4602-963a-f6a50efbd54c@group-50C56EAF5137, cid=2750, SUCCESS, logIndex=4117, commits[48affcab-e6e4-4602-963a-f6a50efbd54c:c4117, 7e391b60-07ae-4d97-a027-4756e468c032:c4113, c5f86d96-67df-4f25-bde3-316f439d30b3:c4113]
2019-08-23 18:29:12,391 | INFO  | DNAudit | user=null | ip=null | op=WRITE_CHUNK {blockData=conID: 3 locID: 102667711438520939 bcsId: 0} | ret=SUCCESS |  
2019-08-23 18:29:12,391 | INFO  | DNAudit | user=null | ip=null | op=PUT_BLOCK {blockData=[blockId=conID: 3 locID: 102667711438520939 bcsId: 0,size=1048576]} | ret=SUCCESS |  
2019-08-23 18:29:12,392 | INFO  | DNAudit | user=null | ip=null | op=WRITE_CHUNK {blockData=conID: 3 locID: 102667711438520939 bcsId: 0} | ret=SUCCESS |  
2019-08-23 18:29:12,393 | INFO  | DNAudit | user=null | ip=null | op=PUT_BLOCK {blockData=[blockId=conID: 3 locID: 102667711438520939 bcsId: 0,size=1048576]} | ret=SUCCESS |  
2019-08-23 18:29:12,393 | INFO  | DNAudit | user=null | ip=null | op=WRITE_CHUNK {blockData=conID: 3 locID: 102667711438520939 bcsId: 0} | ret=SUCCESS |  
2019-08-23 18:29:12,393 [grpc-default-executor-3] INFO  client.GrpcClientProtocolClient (GrpcClientProtocolClient.java:onNext(255)) - client-19C32667576E->48affcab-e6e4-4602-963a-f6a50efbd54c: receive RaftClientReply:client-19C32667576E->48affcab-e6e4-4602-963a-f6a50efbd54c@group-50C56EAF5137, cid=2751, SUCCESS, logIndex=0, commits[48affcab-e6e4-4602-963a-f6a50efbd54c:c4118, 7e391b60-07ae-4d97-a027-4756e468c032:c4115, c5f86d96-67df-4f25-bde3-316f439d30b3:c4115]
2019-08-23 18:29:12,393 | INFO  | DNAudit | user=null | ip=null | op=PUT_BLOCK {blockData=[blockId=conID: 3 locID: 102667711438520939 bcsId: 0,size=2097152]} | ret=SUCCESS |  
2019-08-23 18:29:12,394 | INFO  | DNAudit | user=null | ip=null | op=WRITE_CHUNK {blockData=conID: 3 locID: 102667711438520939 bcsId: 0} | ret=SUCCESS |  
2019-08-23 18:29:12,395 | INFO  | DNAudit | user=null | ip=null | op=PUT_BLOCK {blockData=[blockId=conID: 3 locID: 102667711438520939 bcsId: 0,size=2097152]} | ret=SUCCESS |  
2019-08-23 18:29:12,399 | INFO  | DNAudit | user=null | ip=null | op=WRITE_CHUNK {blockData=conID: 3 locID: 102667711438520939 bcsId: 4117} | ret=SUCCESS |  
2019-08-23 18:29:12,401 | INFO  | DNAudit | user=null | ip=null | op=WRITE_CHUNK {blockData=conID: 3 locID: 102667711438520939 bcsId: 4117} | ret=SUCCESS |  
2019-08-23 18:29:12,402 | INFO  | DNAudit | user=null | ip=null | op=WRITE_CHUNK {blockData=conID: 3 locID: 102667711438520939 bcsId: 4117} | ret=SUCCESS |  
2019-08-23 18:29:12,404 | INFO  | DNAudit | user=null | ip=null | op=WRITE_CHUNK {blockData=conID: 3 locID: 102667711438520939 bcsId: 4117} | ret=SUCCESS |  
2019-08-23 18:29:12,404 | INFO  | DNAudit | user=null | ip=null | op=PUT_BLOCK {blockData=[blockId=conID: 3 locID: 102667711438520939 bcsId: 0,size=3145728]} | ret=SUCCESS |  
2019-08-23 18:29:12,404 [grpc-default-executor-4] INFO  client.GrpcClientProtocolClient (GrpcClientProtocolClient.java:onNext(255)) - client-19C32667576E->48affcab-e6e4-4602-963a-f6a50efbd54c: receive RaftClientReply:client-19C32667576E->48affcab-e6e4-4602-963a-f6a50efbd54c@group-50C56EAF5137, cid=2752, SUCCESS, logIndex=4122, commits[48affcab-e6e4-4602-963a-f6a50efbd54c:c4123, 7e391b60-07ae-4d97-a027-4756e468c032:c4121, c5f86d96-67df-4f25-bde3-316f439d30b3:c4121]
2019-08-23 18:29:12,404 [grpc-default-executor-4] INFO  client.GrpcClientProtocolClient (GrpcClientProtocolClient.java:onNext(255)) - client-19C32667576E->48affcab-e6e4-4602-963a-f6a50efbd54c: receive RaftClientReply:client-19C32667576E->48affcab-e6e4-4602-963a-f6a50efbd54c@group-50C56EAF5137, cid=2753, SUCCESS, logIndex=4123, commits[48affcab-e6e4-4602-963a-f6a50efbd54c:c4123, 7e391b60-07ae-4d97-a027-4756e468c032:c4121, c5f86d96-67df-4f25-bde3-316f439d30b3:c4121]
2019-08-23 18:29:12,406 | INFO  | DNAudit | user=null | ip=null | op=WRITE_CHUNK {blockData=conID: 3 locID: 102667711438520939 bcsId: 4117} | ret=SUCCESS |  
2019-08-23 18:29:12,406 | INFO  | DNAudit | user=null | ip=null | op=WRITE_CHUNK {blockData=conID: 3 locID: 102667711438520939 bcsId: 4117} | ret=SUCCESS |  
2019-08-23 18:29:12,406 | INFO  | DNAudit | user=null | ip=null | op=PUT_BLOCK {blockData=[blockId=conID: 3 locID: 102667711438520939 bcsId: 0,size=3145728]} | ret=SUCCESS |  
2019-08-23 18:29:12,406 | INFO  | DNAudit | user=null | ip=null | op=PUT_BLOCK {blockData=[blockId=conID: 3 locID: 102667711438520939 bcsId: 0,size=3145728]} | ret=SUCCESS |  
2019-08-23 18:29:12,410 | INFO  | DNAudit | user=null | ip=null | op=WRITE_CHUNK {blockData=conID: 3 locID: 102667711438520939 bcsId: 4123} | ret=SUCCESS |  
2019-08-23 18:29:12,413 | INFO  | DNAudit | user=null | ip=null | op=WRITE_CHUNK {blockData=conID: 3 locID: 102667711438520939 bcsId: 4123} | ret=SUCCESS |  
2019-08-23 18:29:12,413 | INFO  | DNAudit | user=null | ip=null | op=WRITE_CHUNK {blockData=conID: 3 locID: 102667711438520939 bcsId: 4123} | ret=SUCCESS |  
2019-08-23 18:29:12,415 | INFO  | DNAudit | user=null | ip=null | op=WRITE_CHUNK {blockData=conID: 3 locID: 102667711438520939 bcsId: 4123} | ret=SUCCESS |  
2019-08-23 18:29:12,416 | INFO  | DNAudit | user=null | ip=null | op=PUT_BLOCK {blockData=[blockId=conID: 3 locID: 102667711438520939 bcsId: 0,size=4194304]} | ret=SUCCESS |  
2019-08-23 18:29:12,416 [grpc-default-executor-4] INFO  client.GrpcClientProtocolClient (GrpcClientProtocolClient.java:onNext(255)) - client-19C32667576E->48affcab-e6e4-4602-963a-f6a50efbd54c: receive RaftClientReply:client-19C32667576E->48affcab-e6e4-4602-963a-f6a50efbd54c@group-50C56EAF5137, cid=2754, SUCCESS, logIndex=4126, commits[48affcab-e6e4-4602-963a-f6a50efbd54c:c4127, 7e391b60-07ae-4d97-a027-4756e468c032:c4125, c5f86d96-67df-4f25-bde3-316f439d30b3:c4123]
2019-08-23 18:29:12,416 [grpc-default-executor-4] INFO  client.GrpcClientProtocolClient (GrpcClientProtocolClient.java:onNext(255)) - client-19C32667576E->48affcab-e6e4-4602-963a-f6a50efbd54c: receive RaftClientReply:client-19C32667576E->48affcab-e6e4-4602-963a-f6a50efbd54c@group-50C56EAF5137, cid=2755, SUCCESS, logIndex=4127, commits[48affcab-e6e4-4602-963a-f6a50efbd54c:c4127, 7e391b60-07ae-4d97-a027-4756e468c032:c4125, c5f86d96-67df-4f25-bde3-316f439d30b3:c4123]
2019-08-23 18:29:12,418 | INFO  | DNAudit | user=null | ip=null | op=WRITE_CHUNK {blockData=conID: 3 locID: 102667711438520939 bcsId: 4123} | ret=SUCCESS |  
2019-08-23 18:29:12,418 | INFO  | DNAudit | user=null | ip=null | op=WRITE_CHUNK {blockData=conID: 3 locID: 102667711438520939 bcsId: 4123} | ret=SUCCESS |  
2019-08-23 18:29:12,419 | INFO  | DNAudit | user=null | ip=null | op=PUT_BLOCK {blockData=[blockId=conID: 3 locID: 102667711438520939 bcsId: 0,size=4194304]} | ret=SUCCESS |  
2019-08-23 18:29:12,419 | INFO  | DNAudit | user=null | ip=null | op=PUT_BLOCK {blockData=[blockId=conID: 3 locID: 102667711438520939 bcsId: 0,size=4194304]} | ret=SUCCESS |  
2019-08-23 18:29:12,419 [grpc-default-executor-4] INFO  client.GrpcClientProtocolClient (GrpcClientProtocolClient.java:onNext(255)) - client-19C32667576E->48affcab-e6e4-4602-963a-f6a50efbd54c: receive RaftClientReply:client-19C32667576E->48affcab-e6e4-4602-963a-f6a50efbd54c@group-50C56EAF5137, cid=2756, SUCCESS, logIndex=0, commits[48affcab-e6e4-4602-963a-f6a50efbd54c:c4128, 7e391b60-07ae-4d97-a027-4756e468c032:c4127, c5f86d96-67df-4f25-bde3-316f439d30b3:c4127]
2019-08-23 18:29:12,423 | INFO  | SCMAudit | user=jenkins1000 | ip=192.168.34.23 | op=ALLOCATE_BLOCK {owner=1ceb8b80-28f1-43fd-86c3-175afc07b8d1, size=4194304, type=RATIS, factor=THREE} | ret=SUCCESS |  
2019-08-23 18:29:12,426 | INFO  | OMAudit | user=jenkins1000 | ip=127.0.0.1 | op=ALLOCATE_BLOCK {volume=vol-0-45438, bucket=bucket-0-23891, key=key-0-22455, dataSize=0, replicationType=null, replicationFactor=null, keyLocationInfo=null, clientID=102667710122492306} | ret=SUCCESS |  
2019-08-23 18:29:12,433 | INFO  | DNAudit | user=null | ip=null | op=WRITE_CHUNK {blockData=conID: 1 locID: 102667711441994348 bcsId: 0} | ret=SUCCESS |  
2019-08-23 18:29:12,567 | INFO  | DNAudit | user=null | ip=null | op=WRITE_CHUNK {blockData=conID: 1 locID: 102667711441994348 bcsId: 0} | ret=SUCCESS |  
2019-08-23 18:29:12,570 | INFO  | DNAudit | user=null | ip=null | op=WRITE_CHUNK {blockData=conID: 1 locID: 102667711441994348 bcsId: 0} | ret=SUCCESS |  
2019-08-23 18:29:12,570 | INFO  | DNAudit | user=null | ip=null | op=WRITE_CHUNK {blockData=conID: 1 locID: 102667711441994348 bcsId: 0} | ret=SUCCESS |  
2019-08-23 18:29:12,572 | INFO  | DNAudit | user=null | ip=null | op=WRITE_CHUNK {blockData=conID: 1 locID: 102667711441994348 bcsId: 0} | ret=SUCCESS |  
2019-08-23 18:29:12,573 | INFO  | DNAudit | user=null | ip=null | op=WRITE_CHUNK {blockData=conID: 1 locID: 102667711441994348 bcsId: 0} | ret=SUCCESS |  
2019-08-23 18:29:12,580 | INFO  | DNAudit | user=null | ip=null | op=WRITE_CHUNK {blockData=conID: 1 locID: 102667711441994348 bcsId: 0} | ret=SUCCESS |  
2019-08-23 18:29:12,581 | INFO  | DNAudit | user=null | ip=null | op=PUT_BLOCK {blockData=[blockId=conID: 1 locID: 102667711441994348 bcsId: 0,size=1048576]} | ret=SUCCESS |  
2019-08-23 18:29:12,581 [grpc-default-executor-3] INFO  client.GrpcClientProtocolClient (GrpcClientProtocolClient.java:onNext(255)) - client-19C32667576E->48affcab-e6e4-4602-963a-f6a50efbd54c: receive RaftClientReply:client-19C32667576E->48affcab-e6e4-4602-963a-f6a50efbd54c@group-50C56EAF5137, cid=2757, SUCCESS, logIndex=4130, commits[48affcab-e6e4-4602-963a-f6a50efbd54c:c4133, 7e391b60-07ae-4d97-a027-4756e468c032:c4129, c5f86d96-67df-4f25-bde3-316f439d30b3:c4129]
2019-08-23 18:29:12,581 | INFO  | DNAudit | user=null | ip=null | op=WRITE_CHUNK {blockData=conID: 1 locID: 102667711441994348 bcsId: 0} | ret=SUCCESS |  
2019-08-23 18:29:12,582 [grpc-default-executor-3] INFO  client.GrpcClientProtocolClient (GrpcClientProtocolClient.java:onNext(255)) - client-19C32667576E->48affcab-e6e4-4602-963a-f6a50efbd54c: receive RaftClientReply:client-19C32667576E->48affcab-e6e4-4602-963a-f6a50efbd54c@group-50C56EAF5137, cid=2758, SUCCESS, logIndex=4131, commits[48affcab-e6e4-4602-963a-f6a50efbd54c:c4133, 7e391b60-07ae-4d97-a027-4756e468c032:c4129, c5f86d96-67df-4f25-bde3-316f439d30b3:c4129]
2019-08-23 18:29:12,582 | INFO  | DNAudit | user=null | ip=null | op=PUT_BLOCK {blockData=[blockId=conID: 1 locID: 102667711441994348 bcsId: 0,size=2097152]} | ret=SUCCESS |  
2019-08-23 18:29:12,582 [grpc-default-executor-3] INFO  client.GrpcClientProtocolClient (GrpcClientProtocolClient.java:onNext(255)) - client-19C32667576E->48affcab-e6e4-4602-963a-f6a50efbd54c: receive RaftClientReply:client-19C32667576E->48affcab-e6e4-4602-963a-f6a50efbd54c@group-50C56EAF5137, cid=2759, SUCCESS, logIndex=4132, commits[48affcab-e6e4-4602-963a-f6a50efbd54c:c4133, 7e391b60-07ae-4d97-a027-4756e468c032:c4129, c5f86d96-67df-4f25-bde3-316f439d30b3:c4129]
2019-08-23 18:29:12,583 [grpc-default-executor-3] INFO  client.GrpcClientProtocolClient (GrpcClientProtocolClient.java:onNext(255)) - client-19C32667576E->48affcab-e6e4-4602-963a-f6a50efbd54c: receive RaftClientReply:client-19C32667576E->48affcab-e6e4-4602-963a-f6a50efbd54c@group-50C56EAF5137, cid=2760, SUCCESS, logIndex=4133, commits[48affcab-e6e4-4602-963a-f6a50efbd54c:c4133, 7e391b60-07ae-4d97-a027-4756e468c032:c4129, c5f86d96-67df-4f25-bde3-316f439d30b3:c4129]
2019-08-23 18:29:12,593 | INFO  | DNAudit | user=null | ip=null | op=WRITE_CHUNK {blockData=conID: 1 locID: 102667711441994348 bcsId: 0} | ret=SUCCESS |  
2019-08-23 18:29:12,606 | INFO  | DNAudit | user=null | ip=null | op=PUT_BLOCK {blockData=[blockId=conID: 1 locID: 102667711441994348 bcsId: 0,size=1048576]} | ret=SUCCESS |  
2019-08-23 18:29:12,607 | INFO  | DNAudit | user=null | ip=null | op=WRITE_CHUNK {blockData=conID: 1 locID: 102667711441994348 bcsId: 0} | ret=SUCCESS |  
2019-08-23 18:29:12,607 | INFO  | DNAudit | user=null | ip=null | op=WRITE_CHUNK {blockData=conID: 1 locID: 102667711441994348 bcsId: 0} | ret=SUCCESS |  
2019-08-23 18:29:12,607 | INFO  | DNAudit | user=null | ip=null | op=PUT_BLOCK {blockData=[blockId=conID: 1 locID: 102667711441994348 bcsId: 0,size=1048576]} | ret=SUCCESS |  
2019-08-23 18:29:12,607 | INFO  | DNAudit | user=null | ip=null | op=PUT_BLOCK {blockData=[blockId=conID: 1 locID: 102667711441994348 bcsId: 0,size=2097152]} | ret=SUCCESS |  
2019-08-23 18:29:12,607 | INFO  | DNAudit | user=null | ip=null | op=WRITE_CHUNK {blockData=conID: 1 locID: 102667711441994348 bcsId: 0} | ret=SUCCESS |  
2019-08-23 18:29:12,608 | INFO  | DNAudit | user=null | ip=null | op=PUT_BLOCK {blockData=[blockId=conID: 1 locID: 102667711441994348 bcsId: 0,size=2097152]} | ret=SUCCESS |  
2019-08-23 18:29:12,607 [grpc-default-executor-3] INFO  client.GrpcClientProtocolClient (GrpcClientProtocolClient.java:onNext(255)) - client-19C32667576E->48affcab-e6e4-4602-963a-f6a50efbd54c: receive RaftClientReply:client-19C32667576E->48affcab-e6e4-4602-963a-f6a50efbd54c@group-50C56EAF5137, cid=2761, SUCCESS, logIndex=0, commits[48affcab-e6e4-4602-963a-f6a50efbd54c:c4136, 7e391b60-07ae-4d97-a027-4756e468c032:c4132, c5f86d96-67df-4f25-bde3-316f439d30b3:c4131]
2019-08-23 18:29:12,614 | INFO  | DNAudit | user=null | ip=null | op=WRITE_CHUNK {blockData=conID: 1 locID: 102667711441994348 bcsId: 4133} | ret=SUCCESS |  
2019-08-23 18:29:12,618 | INFO  | DNAudit | user=null | ip=null | op=WRITE_CHUNK {blockData=conID: 1 locID: 102667711441994348 bcsId: 4133} | ret=SUCCESS |  
2019-08-23 18:29:12,618 | INFO  | DNAudit | user=null | ip=null | op=WRITE_CHUNK {blockData=conID: 1 locID: 102667711441994348 bcsId: 4133} | ret=SUCCESS |  
2019-08-23 18:29:12,628 | INFO  | DNAudit | user=null | ip=null | op=WRITE_CHUNK {blockData=conID: 1 locID: 102667711441994348 bcsId: 4133} | ret=SUCCESS |  
2019-08-23 18:29:12,629 | INFO  | DNAudit | user=null | ip=null | op=PUT_BLOCK {blockData=[blockId=conID: 1 locID: 102667711441994348 bcsId: 0,size=3145728]} | ret=SUCCESS |  
2019-08-23 18:29:12,629 [grpc-default-executor-0] INFO  client.GrpcClientProtocolClient (GrpcClientProtocolClient.java:onNext(255)) - client-19C32667576E->48affcab-e6e4-4602-963a-f6a50efbd54c: receive RaftClientReply:client-19C32667576E->48affcab-e6e4-4602-963a-f6a50efbd54c@group-50C56EAF5137, cid=2762, SUCCESS, logIndex=4138, commits[48affcab-e6e4-4602-963a-f6a50efbd54c:c4138, 7e391b60-07ae-4d97-a027-4756e468c032:c4137, c5f86d96-67df-4f25-bde3-316f439d30b3:c4137]
2019-08-23 18:29:12,630 [grpc-default-executor-0] INFO  client.GrpcClientProtocolClient (GrpcClientProtocolClient.java:onNext(255)) - client-19C32667576E->48affcab-e6e4-4602-963a-f6a50efbd54c: receive RaftClientReply:client-19C32667576E->48affcab-e6e4-4602-963a-f6a50efbd54c@group-50C56EAF5137, cid=2763, SUCCESS, logIndex=4139, commits[48affcab-e6e4-4602-963a-f6a50efbd54c:c4139, 7e391b60-07ae-4d97-a027-4756e468c032:c4137, c5f86d96-67df-4f25-bde3-316f439d30b3:c4137]
2019-08-23 18:29:12,637 | INFO  | DNAudit | user=null | ip=null | op=WRITE_CHUNK {blockData=conID: 1 locID: 102667711441994348 bcsId: 4139} | ret=SUCCESS |  
2019-08-23 18:29:12,640 | INFO  | DNAudit | user=null | ip=null | op=WRITE_CHUNK {blockData=conID: 1 locID: 102667711441994348 bcsId: 4139} | ret=SUCCESS |  
2019-08-23 18:29:12,641 | INFO  | DNAudit | user=null | ip=null | op=WRITE_CHUNK {blockData=conID: 1 locID: 102667711441994348 bcsId: 4139} | ret=SUCCESS |  
2019-08-23 18:29:12,641 | INFO  | DNAudit | user=null | ip=null | op=WRITE_CHUNK {blockData=conID: 1 locID: 102667711441994348 bcsId: 4133} | ret=SUCCESS |  
2019-08-23 18:29:12,641 | INFO  | DNAudit | user=null | ip=null | op=WRITE_CHUNK {blockData=conID: 1 locID: 102667711441994348 bcsId: 4133} | ret=SUCCESS |  
2019-08-23 18:29:12,654 | INFO  | DNAudit | user=null | ip=null | op=PUT_BLOCK {blockData=[blockId=conID: 1 locID: 102667711441994348 bcsId: 0,size=3145728]} | ret=SUCCESS |  
2019-08-23 18:29:12,654 | INFO  | DNAudit | user=null | ip=null | op=PUT_BLOCK {blockData=[blockId=conID: 1 locID: 102667711441994348 bcsId: 0,size=3145728]} | ret=SUCCESS |  
2019-08-23 18:29:12,655 | INFO  | DNAudit | user=null | ip=null | op=WRITE_CHUNK {blockData=conID: 1 locID: 102667711441994348 bcsId: 4139} | ret=SUCCESS |  
2019-08-23 18:29:12,655 | INFO  | DNAudit | user=null | ip=null | op=PUT_BLOCK {blockData=[blockId=conID: 1 locID: 102667711441994348 bcsId: 0,size=4194304]} | ret=SUCCESS |  
2019-08-23 18:29:12,655 [grpc-default-executor-0] INFO  client.GrpcClientProtocolClient (GrpcClientProtocolClient.java:onNext(255)) - client-19C32667576E->48affcab-e6e4-4602-963a-f6a50efbd54c: receive RaftClientReply:client-19C32667576E->48affcab-e6e4-4602-963a-f6a50efbd54c@group-50C56EAF5137, cid=2764, SUCCESS, logIndex=4142, commits[48affcab-e6e4-4602-963a-f6a50efbd54c:c4143, 7e391b60-07ae-4d97-a027-4756e468c032:c4139, c5f86d96-67df-4f25-bde3-316f439d30b3:c4139]
2019-08-23 18:29:12,656 [grpc-default-executor-0] INFO  client.GrpcClientProtocolClient (GrpcClientProtocolClient.java:onNext(255)) - client-19C32667576E->48affcab-e6e4-4602-963a-f6a50efbd54c: receive RaftClientReply:client-19C32667576E->48affcab-e6e4-4602-963a-f6a50efbd54c@group-50C56EAF5137, cid=2765, SUCCESS, logIndex=4143, commits[48affcab-e6e4-4602-963a-f6a50efbd54c:c4143, 7e391b60-07ae-4d97-a027-4756e468c032:c4139, c5f86d96-67df-4f25-bde3-316f439d30b3:c4139]
2019-08-23 18:29:12,662 | INFO  | SCMAudit | user=jenkins1000 | ip=192.168.34.23 | op=SEND_HEARTBEAT {datanodeUUID=c83cddd0-22b5-491d-bff0-a36373498de2, command=[]} | ret=SUCCESS |  
 0.00% |█                                                                                                    |  0/1 Time: 0:00:202019-08-23 18:29:12,667 | INFO  | DNAudit | user=null | ip=null | op=WRITE_CHUNK {blockData=conID: 1 locID: 102667711441994348 bcsId: 4139} | ret=SUCCESS |  
2019-08-23 18:29:12,668 | INFO  | DNAudit | user=null | ip=null | op=WRITE_CHUNK {blockData=conID: 1 locID: 102667711441994348 bcsId: 4139} | ret=SUCCESS |  
2019-08-23 18:29:12,680 | INFO  | DNAudit | user=null | ip=null | op=PUT_BLOCK {blockData=[blockId=conID: 1 locID: 102667711441994348 bcsId: 0,size=4194304]} | ret=SUCCESS |  
2019-08-23 18:29:12,680 | INFO  | DNAudit | user=null | ip=null | op=PUT_BLOCK {blockData=[blockId=conID: 1 locID: 102667711441994348 bcsId: 0,size=4194304]} | ret=SUCCESS |  
2019-08-23 18:29:12,681 [grpc-default-executor-0] INFO  client.GrpcClientProtocolClient (GrpcClientProtocolClient.java:onNext(255)) - client-19C32667576E->48affcab-e6e4-4602-963a-f6a50efbd54c: receive RaftClientReply:client-19C32667576E->48affcab-e6e4-4602-963a-f6a50efbd54c@group-50C56EAF5137, cid=2766, SUCCESS, logIndex=0, commits[48affcab-e6e4-4602-963a-f6a50efbd54c:c4145, 7e391b60-07ae-4d97-a027-4756e468c032:c4143, c5f86d96-67df-4f25-bde3-316f439d30b3:c4143]
2019-08-23 18:29:12,686 | INFO  | SCMAudit | user=jenkins1000 | ip=192.168.34.23 | op=ALLOCATE_BLOCK {owner=1ceb8b80-28f1-43fd-86c3-175afc07b8d1, size=4194304, type=RATIS, factor=THREE} | ret=SUCCESS |  
2019-08-23 18:29:12,690 | INFO  | OMAudit | user=jenkins1000 | ip=127.0.0.1 | op=ALLOCATE_BLOCK {volume=vol-0-45438, bucket=bucket-0-23891, key=key-0-22455, dataSize=0, replicationType=null, replicationFactor=null, keyLocationInfo=null, clientID=102667710122492306} | ret=SUCCESS |  
2019-08-23 18:29:12,698 | INFO  | DNAudit | user=null | ip=null | op=WRITE_CHUNK {blockData=conID: 2 locID: 102667711459230317 bcsId: 0} | ret=SUCCESS |  
2019-08-23 18:29:12,701 | INFO  | DNAudit | user=null | ip=null | op=WRITE_CHUNK {blockData=conID: 2 locID: 102667711459230317 bcsId: 0} | ret=SUCCESS |  
2019-08-23 18:29:12,702 | INFO  | DNAudit | user=null | ip=null | op=WRITE_CHUNK {blockData=conID: 2 locID: 102667711459230317 bcsId: 0} | ret=SUCCESS |  
2019-08-23 18:29:12,702 | INFO  | DNAudit | user=null | ip=null | op=WRITE_CHUNK {blockData=conID: 2 locID: 102667711459230317 bcsId: 0} | ret=SUCCESS |  
2019-08-23 18:29:12,704 | INFO  | DNAudit | user=null | ip=null | op=WRITE_CHUNK {blockData=conID: 2 locID: 102667711459230317 bcsId: 0} | ret=SUCCESS |  
2019-08-23 18:29:12,704 | INFO  | DNAudit | user=null | ip=null | op=WRITE_CHUNK {blockData=conID: 2 locID: 102667711459230317 bcsId: 0} | ret=SUCCESS |  
2019-08-23 18:29:12,706 | INFO  | DNAudit | user=null | ip=null | op=WRITE_CHUNK {blockData=conID: 2 locID: 102667711459230317 bcsId: 0} | ret=SUCCESS |  
2019-08-23 18:29:12,707 | INFO  | DNAudit | user=null | ip=null | op=PUT_BLOCK {blockData=[blockId=conID: 2 locID: 102667711459230317 bcsId: 0,size=1048576]} | ret=SUCCESS |  
2019-08-23 18:29:12,707 [grpc-default-executor-5] INFO  client.GrpcClientProtocolClient (GrpcClientProtocolClient.java:onNext(255)) - client-19C32667576E->48affcab-e6e4-4602-963a-f6a50efbd54c: receive RaftClientReply:client-19C32667576E->48affcab-e6e4-4602-963a-f6a50efbd54c@group-50C56EAF5137, cid=2767, SUCCESS, logIndex=4146, commits[48affcab-e6e4-4602-963a-f6a50efbd54c:c4147, 7e391b60-07ae-4d97-a027-4756e468c032:c4145, c5f86d96-67df-4f25-bde3-316f439d30b3:c4145]
2019-08-23 18:29:12,707 | INFO  | DNAudit | user=null | ip=null | op=WRITE_CHUNK {blockData=conID: 2 locID: 102667711459230317 bcsId: 0} | ret=SUCCESS |  
2019-08-23 18:29:12,708 [grpc-default-executor-4] INFO  client.GrpcClientProtocolClient (GrpcClientProtocolClient.java:onNext(255)) - client-19C32667576E->48affcab-e6e4-4602-963a-f6a50efbd54c: receive RaftClientReply:client-19C32667576E->48affcab-e6e4-4602-963a-f6a50efbd54c@group-50C56EAF5137, cid=2768, SUCCESS, logIndex=4147, commits[48affcab-e6e4-4602-963a-f6a50efbd54c:c4147, 7e391b60-07ae-4d97-a027-4756e468c032:c4145, c5f86d96-67df-4f25-bde3-316f439d30b3:c4145]
2019-08-23 18:29:12,708 | INFO  | DNAudit | user=null | ip=null | op=PUT_BLOCK {blockData=[blockId=conID: 2 locID: 102667711459230317 bcsId: 0,size=2097152]} | ret=SUCCESS |  
2019-08-23 18:29:12,708 [grpc-default-executor-4] INFO  client.GrpcClientProtocolClient (GrpcClientProtocolClient.java:onNext(255)) - client-19C32667576E->48affcab-e6e4-4602-963a-f6a50efbd54c: receive RaftClientReply:client-19C32667576E->48affcab-e6e4-4602-963a-f6a50efbd54c@group-50C56EAF5137, cid=2769, SUCCESS, logIndex=4148, commits[48affcab-e6e4-4602-963a-f6a50efbd54c:c4149, 7e391b60-07ae-4d97-a027-4756e468c032:c4145, c5f86d96-67df-4f25-bde3-316f439d30b3:c4145]
2019-08-23 18:29:12,709 [grpc-default-executor-4] INFO  client.GrpcClientProtocolClient (GrpcClientProtocolClient.java:onNext(255)) - client-19C32667576E->48affcab-e6e4-4602-963a-f6a50efbd54c: receive RaftClientReply:client-19C32667576E->48affcab-e6e4-4602-963a-f6a50efbd54c@group-50C56EAF5137, cid=2770, SUCCESS, logIndex=4149, commits[48affcab-e6e4-4602-963a-f6a50efbd54c:c4149, 7e391b60-07ae-4d97-a027-4756e468c032:c4145, c5f86d96-67df-4f25-bde3-316f439d30b3:c4145]
2019-08-23 18:29:12,720 | INFO  | DNAudit | user=null | ip=null | op=WRITE_CHUNK {blockData=conID: 2 locID: 102667711459230317 bcsId: 0} | ret=SUCCESS |  
2019-08-23 18:29:12,720 | INFO  | DNAudit | user=null | ip=null | op=PUT_BLOCK {blockData=[blockId=conID: 2 locID: 102667711459230317 bcsId: 0,size=1048576]} | ret=SUCCESS |  
2019-08-23 18:29:12,720 | INFO  | DNAudit | user=null | ip=null | op=WRITE_CHUNK {blockData=conID: 2 locID: 102667711459230317 bcsId: 0} | ret=SUCCESS |  
2019-08-23 18:29:12,720 | INFO  | DNAudit | user=null | ip=null | op=PUT_BLOCK {blockData=[blockId=conID: 2 locID: 102667711459230317 bcsId: 0,size=1048576]} | ret=SUCCESS |  
2019-08-23 18:29:12,721 | INFO  | DNAudit | user=null | ip=null | op=WRITE_CHUNK {blockData=conID: 2 locID: 102667711459230317 bcsId: 0} | ret=SUCCESS |  
2019-08-23 18:29:12,721 | INFO  | DNAudit | user=null | ip=null | op=WRITE_CHUNK {blockData=conID: 2 locID: 102667711459230317 bcsId: 0} | ret=SUCCESS |  
2019-08-23 18:29:12,721 | INFO  | DNAudit | user=null | ip=null | op=PUT_BLOCK {blockData=[blockId=conID: 2 locID: 102667711459230317 bcsId: 0,size=2097152]} | ret=SUCCESS |  
2019-08-23 18:29:12,721 | INFO  | DNAudit | user=null | ip=null | op=PUT_BLOCK {blockData=[blockId=conID: 2 locID: 102667711459230317 bcsId: 0,size=2097152]} | ret=SUCCESS |  
2019-08-23 18:29:12,721 [grpc-default-executor-5] INFO  client.GrpcClientProtocolClient (GrpcClientProtocolClient.java:onNext(255)) - client-19C32667576E->48affcab-e6e4-4602-963a-f6a50efbd54c: receive RaftClientReply:client-19C32667576E->48affcab-e6e4-4602-963a-f6a50efbd54c@group-50C56EAF5137, cid=2771, SUCCESS, logIndex=0, commits[48affcab-e6e4-4602-963a-f6a50efbd54c:c4151, 7e391b60-07ae-4d97-a027-4756e468c032:c4147, c5f86d96-67df-4f25-bde3-316f439d30b3:c4147]
2019-08-23 18:29:12,728 | INFO  | DNAudit | user=null | ip=null | op=WRITE_CHUNK {blockData=conID: 2 locID: 102667711459230317 bcsId: 4149} | ret=SUCCESS |  
2019-08-23 18:29:12,731 | INFO  | DNAudit | user=null | ip=null | op=WRITE_CHUNK {blockData=conID: 2 locID: 102667711459230317 bcsId: 4149} | ret=SUCCESS |  
2019-08-23 18:29:12,732 | INFO  | DNAudit | user=null | ip=null | op=WRITE_CHUNK {blockData=conID: 2 locID: 102667711459230317 bcsId: 4149} | ret=SUCCESS |  
2019-08-23 18:29:12,741 | INFO  | DNAudit | user=null | ip=null | op=WRITE_CHUNK {blockData=conID: 2 locID: 102667711459230317 bcsId: 4149} | ret=SUCCESS |  
2019-08-23 18:29:12,742 | INFO  | DNAudit | user=null | ip=null | op=PUT_BLOCK {blockData=[blockId=conID: 2 locID: 102667711459230317 bcsId: 0,size=3145728]} | ret=SUCCESS |  
2019-08-23 18:29:12,742 [grpc-default-executor-5] INFO  client.GrpcClientProtocolClient (GrpcClientProtocolClient.java:onNext(255)) - client-19C32667576E->48affcab-e6e4-4602-963a-f6a50efbd54c: receive RaftClientReply:client-19C32667576E->48affcab-e6e4-4602-963a-f6a50efbd54c@group-50C56EAF5137, cid=2772, SUCCESS, logIndex=4154, commits[48affcab-e6e4-4602-963a-f6a50efbd54c:c4155, 7e391b60-07ae-4d97-a027-4756e468c032:c4153, c5f86d96-67df-4f25-bde3-316f439d30b3:c4153]
2019-08-23 18:29:12,742 [grpc-default-executor-5] INFO  client.GrpcClientProtocolClient (GrpcClientProtocolClient.java:onNext(255)) - client-19C32667576E->48affcab-e6e4-4602-963a-f6a50efbd54c: receive RaftClientReply:client-19C32667576E->48affcab-e6e4-4602-963a-f6a50efbd54c@group-50C56EAF5137, cid=2773, SUCCESS, logIndex=4155, commits[48affcab-e6e4-4602-963a-f6a50efbd54c:c4155, 7e391b60-07ae-4d97-a027-4756e468c032:c4153, c5f86d96-67df-4f25-bde3-316f439d30b3:c4153]
2019-08-23 18:29:12,749 | INFO  | DNAudit | user=null | ip=null | op=WRITE_CHUNK {blockData=conID: 2 locID: 102667711459230317 bcsId: 4155} | ret=SUCCESS |  
2019-08-23 18:29:12,752 | INFO  | DNAudit | user=null | ip=null | op=WRITE_CHUNK {blockData=conID: 2 locID: 102667711459230317 bcsId: 4155} | ret=SUCCESS |  
2019-08-23 18:29:12,752 | INFO  | DNAudit | user=null | ip=null | op=WRITE_CHUNK {blockData=conID: 2 locID: 102667711459230317 bcsId: 4155} | ret=SUCCESS |  
2019-08-23 18:29:12,753 | INFO  | DNAudit | user=null | ip=null | op=WRITE_CHUNK {blockData=conID: 2 locID: 102667711459230317 bcsId: 4149} | ret=SUCCESS |  
2019-08-23 18:29:12,753 | INFO  | DNAudit | user=null | ip=null | op=WRITE_CHUNK {blockData=conID: 2 locID: 102667711459230317 bcsId: 4149} | ret=SUCCESS |  
2019-08-23 18:29:12,770 | INFO  | SCMAudit | user=jenkins1000 | ip=192.168.34.23 | op=SEND_HEARTBEAT {datanodeUUID=48affcab-e6e4-4602-963a-f6a50efbd54c, command=[]} | ret=SUCCESS |  
2019-08-23 18:29:12,770 | INFO  | SCMAudit | user=jenkins1000 | ip=192.168.34.23 | op=SEND_HEARTBEAT {datanodeUUID=c5f86d96-67df-4f25-bde3-316f439d30b3, command=[]} | ret=SUCCESS |  
2019-08-23 18:29:12,770 | INFO  | SCMAudit | user=jenkins1000 | ip=192.168.34.23 | op=SEND_HEARTBEAT {datanodeUUID=58706fd2-d7f7-4771-af80-9e0541495c87, command=[]} | ret=SUCCESS |  
2019-08-23 18:29:12,771 | INFO  | SCMAudit | user=jenkins1000 | ip=192.168.34.23 | op=SEND_HEARTBEAT {datanodeUUID=7e391b60-07ae-4d97-a027-4756e468c032, command=[]} | ret=SUCCESS |  
2019-08-23 18:29:12,796 | INFO  | DNAudit | user=null | ip=null | op=PUT_BLOCK {blockData=[blockId=conID: 2 locID: 102667711459230317 bcsId: 0,size=3145728]} | ret=SUCCESS |  
2019-08-23 18:29:12,796 | INFO  | DNAudit | user=null | ip=null | op=PUT_BLOCK {blockData=[blockId=conID: 2 locID: 102667711459230317 bcsId: 0,size=3145728]} | ret=SUCCESS |  
2019-08-23 18:29:12,796 | INFO  | DNAudit | user=null | ip=null | op=WRITE_CHUNK {blockData=conID: 2 locID: 102667711459230317 bcsId: 4155} | ret=SUCCESS |  
2019-08-23 18:29:12,797 | INFO  | DNAudit | user=null | ip=null | op=PUT_BLOCK {blockData=[blockId=conID: 2 locID: 102667711459230317 bcsId: 0,size=4194304]} | ret=SUCCESS |  
2019-08-23 18:29:12,797 [grpc-default-executor-5] INFO  client.GrpcClientProtocolClient (GrpcClientProtocolClient.java:onNext(255)) - client-19C32667576E->48affcab-e6e4-4602-963a-f6a50efbd54c: receive RaftClientReply:client-19C32667576E->48affcab-e6e4-4602-963a-f6a50efbd54c@group-50C56EAF5137, cid=2774, SUCCESS, logIndex=4158, commits[48affcab-e6e4-4602-963a-f6a50efbd54c:c4159, 7e391b60-07ae-4d97-a027-4756e468c032:c4155, c5f86d96-67df-4f25-bde3-316f439d30b3:c4155]
2019-08-23 18:29:12,797 [grpc-default-executor-5] INFO  client.GrpcClientProtocolClient (GrpcClientProtocolClient.java:onNext(255)) - client-19C32667576E->48affcab-e6e4-4602-963a-f6a50efbd54c: receive RaftClientReply:client-19C32667576E->48affcab-e6e4-4602-963a-f6a50efbd54c@group-50C56EAF5137, cid=2775, SUCCESS, logIndex=4159, commits[48affcab-e6e4-4602-963a-f6a50efbd54c:c4159, 7e391b60-07ae-4d97-a027-4756e468c032:c4155, c5f86d96-67df-4f25-bde3-316f439d30b3:c4155]
2019-08-23 18:29:12,808 | INFO  | DNAudit | user=null | ip=null | op=WRITE_CHUNK {blockData=conID: 2 locID: 102667711459230317 bcsId: 4155} | ret=SUCCESS |  
2019-08-23 18:29:12,808 | INFO  | DNAudit | user=null | ip=null | op=WRITE_CHUNK {blockData=conID: 2 locID: 102667711459230317 bcsId: 4155} | ret=SUCCESS |  
2019-08-23 18:29:12,809 | INFO  | DNAudit | user=null | ip=null | op=PUT_BLOCK {blockData=[blockId=conID: 2 locID: 102667711459230317 bcsId: 0,size=4194304]} | ret=SUCCESS |  
2019-08-23 18:29:12,809 | INFO  | DNAudit | user=null | ip=null | op=PUT_BLOCK {blockData=[blockId=conID: 2 locID: 102667711459230317 bcsId: 0,size=4194304]} | ret=SUCCESS |  
2019-08-23 18:29:12,809 [grpc-default-executor-5] INFO  client.GrpcClientProtocolClient (GrpcClientProtocolClient.java:onNext(255)) - client-19C32667576E->48affcab-e6e4-4602-963a-f6a50efbd54c: receive RaftClientReply:client-19C32667576E->48affcab-e6e4-4602-963a-f6a50efbd54c@group-50C56EAF5137, cid=2776, SUCCESS, logIndex=0, commits[48affcab-e6e4-4602-963a-f6a50efbd54c:c4161, 7e391b60-07ae-4d97-a027-4756e468c032:c4159, c5f86d96-67df-4f25-bde3-316f439d30b3:c4159]
2019-08-23 18:29:12,814 | INFO  | SCMAudit | user=jenkins1000 | ip=192.168.34.23 | op=ALLOCATE_BLOCK {owner=1ceb8b80-28f1-43fd-86c3-175afc07b8d1, size=4194304, type=RATIS, factor=THREE} | ret=SUCCESS |  
2019-08-23 18:29:12,819 | INFO  | OMAudit | user=jenkins1000 | ip=127.0.0.1 | op=ALLOCATE_BLOCK {volume=vol-0-45438, bucket=bucket-0-23891, key=key-0-22455, dataSize=0, replicationType=null, replicationFactor=null, keyLocationInfo=null, clientID=102667710122492306} | ret=SUCCESS |  
2019-08-23 18:29:12,827 | INFO  | DNAudit | user=null | ip=null | op=WRITE_CHUNK {blockData=conID: 3 locID: 102667711467618926 bcsId: 0} | ret=SUCCESS |  
2019-08-23 18:29:12,830 | INFO  | DNAudit | user=null | ip=null | op=WRITE_CHUNK {blockData=conID: 3 locID: 102667711467618926 bcsId: 0} | ret=SUCCESS |  
2019-08-23 18:29:12,830 | INFO  | DNAudit | user=null | ip=null | op=WRITE_CHUNK {blockData=conID: 3 locID: 102667711467618926 bcsId: 0} | ret=SUCCESS |  
2019-08-23 18:29:12,830 | INFO  | DNAudit | user=null | ip=null | op=WRITE_CHUNK {blockData=conID: 3 locID: 102667711467618926 bcsId: 0} | ret=SUCCESS |  
2019-08-23 18:29:12,832 | INFO  | DNAudit | user=null | ip=null | op=WRITE_CHUNK {blockData=conID: 3 locID: 102667711467618926 bcsId: 0} | ret=SUCCESS |  
2019-08-23 18:29:12,832 | INFO  | DNAudit | user=null | ip=null | op=WRITE_CHUNK {blockData=conID: 3 locID: 102667711467618926 bcsId: 0} | ret=SUCCESS |  
2019-08-23 18:29:12,840 | INFO  | DNAudit | user=null | ip=null | op=WRITE_CHUNK {blockData=conID: 3 locID: 102667711467618926 bcsId: 0} | ret=SUCCESS |  
2019-08-23 18:29:12,840 | INFO  | DNAudit | user=null | ip=null | op=PUT_BLOCK {blockData=[blockId=conID: 3 locID: 102667711467618926 bcsId: 0,size=1048576]} | ret=SUCCESS |  
2019-08-23 18:29:12,840 [grpc-default-executor-3] INFO  client.GrpcClientProtocolClient (GrpcClientProtocolClient.java:onNext(255)) - client-19C32667576E->48affcab-e6e4-4602-963a-f6a50efbd54c: receive RaftClientReply:client-19C32667576E->48affcab-e6e4-4602-963a-f6a50efbd54c@group-50C56EAF5137, cid=2777, SUCCESS, logIndex=4162, commits[48affcab-e6e4-4602-963a-f6a50efbd54c:c4164, 7e391b60-07ae-4d97-a027-4756e468c032:c4161, c5f86d96-67df-4f25-bde3-316f439d30b3:c4161]
2019-08-23 18:29:12,841 | INFO  | DNAudit | user=null | ip=null | op=WRITE_CHUNK {blockData=conID: 3 locID: 102667711467618926 bcsId: 0} | ret=SUCCESS |  
2019-08-23 18:29:12,841 | INFO  | DNAudit | user=null | ip=null | op=WRITE_CHUNK {blockData=conID: 3 locID: 102667711467618926 bcsId: 0} | ret=SUCCESS |  
2019-08-23 18:29:12,841 [grpc-default-executor-3] INFO  client.GrpcClientProtocolClient (GrpcClientProtocolClient.java:onNext(255)) - client-19C32667576E->48affcab-e6e4-4602-963a-f6a50efbd54c: receive RaftClientReply:client-19C32667576E->48affcab-e6e4-4602-963a-f6a50efbd54c@group-50C56EAF5137, cid=2778, SUCCESS, logIndex=4163, commits[48affcab-e6e4-4602-963a-f6a50efbd54c:c4165, 7e391b60-07ae-4d97-a027-4756e468c032:c4161, c5f86d96-67df-4f25-bde3-316f439d30b3:c4161]
2019-08-23 18:29:12,841 | INFO  | DNAudit | user=null | ip=null | op=PUT_BLOCK {blockData=[blockId=conID: 3 locID: 102667711467618926 bcsId: 0,size=2097152]} | ret=SUCCESS |  
2019-08-23 18:29:12,842 | INFO  | DNAudit | user=null | ip=null | op=WRITE_CHUNK {blockData=conID: 3 locID: 102667711467618926 bcsId: 0} | ret=SUCCESS |  
2019-08-23 18:29:12,841 [grpc-default-executor-3] INFO  client.GrpcClientProtocolClient (GrpcClientProtocolClient.java:onNext(255)) - client-19C32667576E->48affcab-e6e4-4602-963a-f6a50efbd54c: receive RaftClientReply:client-19C32667576E->48affcab-e6e4-4602-963a-f6a50efbd54c@group-50C56EAF5137, cid=2779, SUCCESS, logIndex=4164, commits[48affcab-e6e4-4602-963a-f6a50efbd54c:c4166, 7e391b60-07ae-4d97-a027-4756e468c032:c4161, c5f86d96-67df-4f25-bde3-316f439d30b3:c4162]
2019-08-23 18:29:12,842 | INFO  | DNAudit | user=null | ip=null | op=PUT_BLOCK {blockData=[blockId=conID: 3 locID: 102667711467618926 bcsId: 0,size=1048576]} | ret=SUCCESS |  
2019-08-23 18:29:12,842 [grpc-default-executor-3] INFO  client.GrpcClientProtocolClient (GrpcClientProtocolClient.java:onNext(255)) - client-19C32667576E->48affcab-e6e4-4602-963a-f6a50efbd54c: receive RaftClientReply:client-19C32667576E->48affcab-e6e4-4602-963a-f6a50efbd54c@group-50C56EAF5137, cid=2780, SUCCESS, logIndex=4165, commits[48affcab-e6e4-4602-963a-f6a50efbd54c:c4166, 7e391b60-07ae-4d97-a027-4756e468c032:c4161, c5f86d96-67df-4f25-bde3-316f439d30b3:c4162]
2019-08-23 18:29:12,843 | INFO  | DNAudit | user=null | ip=null | op=PUT_BLOCK {blockData=[blockId=conID: 3 locID: 102667711467618926 bcsId: 0,size=1048576]} | ret=SUCCESS |  
2019-08-23 18:29:12,844 | INFO  | DNAudit | user=null | ip=null | op=WRITE_CHUNK {blockData=conID: 3 locID: 102667711467618926 bcsId: 0} | ret=SUCCESS |  
2019-08-23 18:29:12,844 | INFO  | DNAudit | user=null | ip=null | op=PUT_BLOCK {blockData=[blockId=conID: 3 locID: 102667711467618926 bcsId: 0,size=2097152]} | ret=SUCCESS |  
2019-08-23 18:29:12,844 [grpc-default-executor-3] INFO  client.GrpcClientProtocolClient (GrpcClientProtocolClient.java:onNext(255)) - client-19C32667576E->48affcab-e6e4-4602-963a-f6a50efbd54c: receive RaftClientReply:client-19C32667576E->48affcab-e6e4-4602-963a-f6a50efbd54c@group-50C56EAF5137, cid=2781, SUCCESS, logIndex=0, commits[48affcab-e6e4-4602-963a-f6a50efbd54c:c4167, 7e391b60-07ae-4d97-a027-4756e468c032:c4163, c5f86d96-67df-4f25-bde3-316f439d30b3:c4163]
2019-08-23 18:29:12,851 | INFO  | DNAudit | user=null | ip=null | op=WRITE_CHUNK {blockData=conID: 3 locID: 102667711467618926 bcsId: 4165} | ret=SUCCESS |  
2019-08-23 18:29:12,853 | INFO  | DNAudit | user=null | ip=null | op=WRITE_CHUNK {blockData=conID: 3 locID: 102667711467618926 bcsId: 4165} | ret=SUCCESS |  
2019-08-23 18:29:12,854 | INFO  | DNAudit | user=null | ip=null | op=WRITE_CHUNK {blockData=conID: 3 locID: 102667711467618926 bcsId: 4165} | ret=SUCCESS |  
2019-08-23 18:29:12,854 | INFO  | DNAudit | user=null | ip=null | op=WRITE_CHUNK {blockData=conID: 3 locID: 102667711467618926 bcsId: 0} | ret=SUCCESS |  
2019-08-23 18:29:12,855 | INFO  | DNAudit | user=null | ip=null | op=PUT_BLOCK {blockData=[blockId=conID: 3 locID: 102667711467618926 bcsId: 0,size=2097152]} | ret=SUCCESS |  
2019-08-23 18:29:12,855 | INFO  | DNAudit | user=null | ip=null | op=WRITE_CHUNK {blockData=conID: 3 locID: 102667711467618926 bcsId: 4165} | ret=SUCCESS |  
2019-08-23 18:29:12,856 | INFO  | DNAudit | user=null | ip=null | op=PUT_BLOCK {blockData=[blockId=conID: 3 locID: 102667711467618926 bcsId: 0,size=3145728]} | ret=SUCCESS |  
2019-08-23 18:29:12,856 [grpc-default-executor-4] INFO  client.GrpcClientProtocolClient (GrpcClientProtocolClient.java:onNext(255)) - client-19C32667576E->48affcab-e6e4-4602-963a-f6a50efbd54c: receive RaftClientReply:client-19C32667576E->48affcab-e6e4-4602-963a-f6a50efbd54c@group-50C56EAF5137, cid=2782, SUCCESS, logIndex=4170, commits[48affcab-e6e4-4602-963a-f6a50efbd54c:c4171, 7e391b60-07ae-4d97-a027-4756e468c032:c4169, c5f86d96-67df-4f25-bde3-316f439d30b3:c4165]
2019-08-23 18:29:12,856 [grpc-default-executor-4] INFO  client.GrpcClientProtocolClient (GrpcClientProtocolClient.java:onNext(255)) - client-19C32667576E->48affcab-e6e4-4602-963a-f6a50efbd54c: receive RaftClientReply:client-19C32667576E->48affcab-e6e4-4602-963a-f6a50efbd54c@group-50C56EAF5137, cid=2783, SUCCESS, logIndex=4171, commits[48affcab-e6e4-4602-963a-f6a50efbd54c:c4171, 7e391b60-07ae-4d97-a027-4756e468c032:c4169, c5f86d96-67df-4f25-bde3-316f439d30b3:c4165]
2019-08-23 18:29:12,862 | INFO  | DNAudit | user=null | ip=null | op=WRITE_CHUNK {blockData=conID: 3 locID: 102667711467618926 bcsId: 4171} | ret=SUCCESS |  
2019-08-23 18:29:12,865 | INFO  | DNAudit | user=null | ip=null | op=WRITE_CHUNK {blockData=conID: 3 locID: 102667711467618926 bcsId: 4171} | ret=SUCCESS |  
2019-08-23 18:29:12,865 | INFO  | DNAudit | user=null | ip=null | op=WRITE_CHUNK {blockData=conID: 3 locID: 102667711467618926 bcsId: 4171} | ret=SUCCESS |  
2019-08-23 18:29:12,870 | INFO  | DNAudit | user=null | ip=null | op=WRITE_CHUNK {blockData=conID: 3 locID: 102667711467618926 bcsId: 4165} | ret=SUCCESS |  
2019-08-23 18:29:12,870 | INFO  | DNAudit | user=null | ip=null | op=WRITE_CHUNK {blockData=conID: 3 locID: 102667711467618926 bcsId: 4165} | ret=SUCCESS |  
2019-08-23 18:29:12,870 | INFO  | DNAudit | user=null | ip=null | op=PUT_BLOCK {blockData=[blockId=conID: 3 locID: 102667711467618926 bcsId: 0,size=3145728]} | ret=SUCCESS |  
2019-08-23 18:29:12,870 | INFO  | DNAudit | user=null | ip=null | op=PUT_BLOCK {blockData=[blockId=conID: 3 locID: 102667711467618926 bcsId: 0,size=3145728]} | ret=SUCCESS |  
2019-08-23 18:29:12,884 | INFO  | DNAudit | user=null | ip=null | op=WRITE_CHUNK {blockData=conID: 3 locID: 102667711467618926 bcsId: 4171} | ret=SUCCESS |  
2019-08-23 18:29:12,884 | INFO  | DNAudit | user=null | ip=null | op=PUT_BLOCK {blockData=[blockId=conID: 3 locID: 102667711467618926 bcsId: 0,size=4194304]} | ret=SUCCESS |  
2019-08-23 18:29:12,884 [grpc-default-executor-3] INFO  client.GrpcClientProtocolClient (GrpcClientProtocolClient.java:onNext(255)) - client-19C32667576E->48affcab-e6e4-4602-963a-f6a50efbd54c: receive RaftClientReply:client-19C32667576E->48affcab-e6e4-4602-963a-f6a50efbd54c@group-50C56EAF5137, cid=2784, SUCCESS, logIndex=4174, commits[48affcab-e6e4-4602-963a-f6a50efbd54c:c4175, 7e391b60-07ae-4d97-a027-4756e468c032:c4171, c5f86d96-67df-4f25-bde3-316f439d30b3:c4171]
2019-08-23 18:29:12,885 [grpc-default-executor-3] INFO  client.GrpcClientProtocolClient (GrpcClientProtocolClient.java:onNext(255)) - client-19C32667576E->48affcab-e6e4-4602-963a-f6a50efbd54c: receive RaftClientReply:client-19C32667576E->48affcab-e6e4-4602-963a-f6a50efbd54c@group-50C56EAF5137, cid=2785, SUCCESS, logIndex=4175, commits[48affcab-e6e4-4602-963a-f6a50efbd54c:c4175, 7e391b60-07ae-4d97-a027-4756e468c032:c4171, c5f86d96-67df-4f25-bde3-316f439d30b3:c4171]
2019-08-23 18:29:12,897 | INFO  | DNAudit | user=null | ip=null | op=WRITE_CHUNK {blockData=conID: 3 locID: 102667711467618926 bcsId: 4171} | ret=SUCCESS |  
2019-08-23 18:29:12,897 | INFO  | DNAudit | user=null | ip=null | op=WRITE_CHUNK {blockData=conID: 3 locID: 102667711467618926 bcsId: 4171} | ret=SUCCESS |  
2019-08-23 18:29:12,910 | INFO  | DNAudit | user=null | ip=null | op=PUT_BLOCK {blockData=[blockId=conID: 3 locID: 102667711467618926 bcsId: 0,size=4194304]} | ret=SUCCESS |  
2019-08-23 18:29:12,910 | INFO  | DNAudit | user=null | ip=null | op=PUT_BLOCK {blockData=[blockId=conID: 3 locID: 102667711467618926 bcsId: 0,size=4194304]} | ret=SUCCESS |  
2019-08-23 18:29:12,910 [grpc-default-executor-3] INFO  client.GrpcClientProtocolClient (GrpcClientProtocolClient.java:onNext(255)) - client-19C32667576E->48affcab-e6e4-4602-963a-f6a50efbd54c: receive RaftClientReply:client-19C32667576E->48affcab-e6e4-4602-963a-f6a50efbd54c@group-50C56EAF5137, cid=2786, SUCCESS, logIndex=0, commits[48affcab-e6e4-4602-963a-f6a50efbd54c:c4177, 7e391b60-07ae-4d97-a027-4756e468c032:c4175, c5f86d96-67df-4f25-bde3-316f439d30b3:c4175]
2019-08-23 18:29:12,915 | INFO  | SCMAudit | user=jenkins1000 | ip=192.168.34.23 | op=ALLOCATE_BLOCK {owner=1ceb8b80-28f1-43fd-86c3-175afc07b8d1, size=4194304, type=RATIS, factor=THREE} | ret=SUCCESS |  
2019-08-23 18:29:12,918 | INFO  | OMAudit | user=jenkins1000 | ip=127.0.0.1 | op=ALLOCATE_BLOCK {volume=vol-0-45438, bucket=bucket-0-23891, key=key-0-22455, dataSize=0, replicationType=null, replicationFactor=null, keyLocationInfo=null, clientID=102667710122492306} | ret=SUCCESS |  
2019-08-23 18:29:12,926 | INFO  | DNAudit | user=null | ip=null | op=WRITE_CHUNK {blockData=conID: 1 locID: 102667711474238063 bcsId: 0} | ret=SUCCESS |  
2019-08-23 18:29:12,929 | INFO  | DNAudit | user=null | ip=null | op=WRITE_CHUNK {blockData=conID: 1 locID: 102667711474238063 bcsId: 0} | ret=SUCCESS |  
2019-08-23 18:29:12,929 | INFO  | DNAudit | user=null | ip=null | op=WRITE_CHUNK {blockData=conID: 1 locID: 102667711474238063 bcsId: 0} | ret=SUCCESS |  
2019-08-23 18:29:12,929 | INFO  | DNAudit | user=null | ip=null | op=WRITE_CHUNK {blockData=conID: 1 locID: 102667711474238063 bcsId: 0} | ret=SUCCESS |  
2019-08-23 18:29:12,931 | INFO  | DNAudit | user=null | ip=null | op=WRITE_CHUNK {blockData=conID: 1 locID: 102667711474238063 bcsId: 0} | ret=SUCCESS |  
2019-08-23 18:29:12,931 | INFO  | DNAudit | user=null | ip=null | op=WRITE_CHUNK {blockData=conID: 1 locID: 102667711474238063 bcsId: 0} | ret=SUCCESS |  
2019-08-23 18:29:12,940 | INFO  | DNAudit | user=null | ip=null | op=WRITE_CHUNK {blockData=conID: 1 locID: 102667711474238063 bcsId: 0} | ret=SUCCESS |  
2019-08-23 18:29:12,940 | INFO  | DNAudit | user=null | ip=null | op=PUT_BLOCK {blockData=[blockId=conID: 1 locID: 102667711474238063 bcsId: 0,size=1048576]} | ret=SUCCESS |  
2019-08-23 18:29:12,940 [grpc-default-executor-3] INFO  client.GrpcClientProtocolClient (GrpcClientProtocolClient.java:onNext(255)) - client-19C32667576E->48affcab-e6e4-4602-963a-f6a50efbd54c: receive RaftClientReply:client-19C32667576E->48affcab-e6e4-4602-963a-f6a50efbd54c@group-50C56EAF5137, cid=2787, SUCCESS, logIndex=4178, commits[48affcab-e6e4-4602-963a-f6a50efbd54c:c4179, 7e391b60-07ae-4d97-a027-4756e468c032:c4177, c5f86d96-67df-4f25-bde3-316f439d30b3:c4177]
2019-08-23 18:29:12,941 [grpc-default-executor-3] INFO  client.GrpcClientProtocolClient (GrpcClientProtocolClient.java:onNext(255)) - client-19C32667576E->48affcab-e6e4-4602-963a-f6a50efbd54c: receive RaftClientReply:client-19C32667576E->48affcab-e6e4-4602-963a-f6a50efbd54c@group-50C56EAF5137, cid=2788, SUCCESS, logIndex=4179, commits[48affcab-e6e4-4602-963a-f6a50efbd54c:c4179, 7e391b60-07ae-4d97-a027-4756e468c032:c4177, c5f86d96-67df-4f25-bde3-316f439d30b3:c4177]
2019-08-23 18:29:12,952 | INFO  | DNAudit | user=null | ip=null | op=WRITE_CHUNK {blockData=conID: 1 locID: 102667711474238063 bcsId: 0} | ret=SUCCESS |  
2019-08-23 18:29:12,952 | INFO  | DNAudit | user=null | ip=null | op=PUT_BLOCK {blockData=[blockId=conID: 1 locID: 102667711474238063 bcsId: 0,size=2097152]} | ret=SUCCESS |  
2019-08-23 18:29:12,953 [grpc-default-executor-4] INFO  client.GrpcClientProtocolClient (GrpcClientProtocolClient.java:onNext(255)) - client-19C32667576E->48affcab-e6e4-4602-963a-f6a50efbd54c: receive RaftClientReply:client-19C32667576E->48affcab-e6e4-4602-963a-f6a50efbd54c@group-50C56EAF5137, cid=2789, SUCCESS, logIndex=4180, commits[48affcab-e6e4-4602-963a-f6a50efbd54c:c4180, 7e391b60-07ae-4d97-a027-4756e468c032:c4177, c5f86d96-67df-4f25-bde3-316f439d30b3:c4177]
2019-08-23 18:29:12,953 [grpc-default-executor-4] INFO  client.GrpcClientProtocolClient (GrpcClientProtocolClient.java:onNext(255)) - client-19C32667576E->48affcab-e6e4-4602-963a-f6a50efbd54c: receive RaftClientReply:client-19C32667576E->48affcab-e6e4-4602-963a-f6a50efbd54c@group-50C56EAF5137, cid=2790, SUCCESS, logIndex=4181, commits[48affcab-e6e4-4602-963a-f6a50efbd54c:c4181, 7e391b60-07ae-4d97-a027-4756e468c032:c4177, c5f86d96-67df-4f25-bde3-316f439d30b3:c4177]
2019-08-23 18:29:12,955 | INFO  | DNAudit | user=null | ip=null | op=WRITE_CHUNK {blockData=conID: 1 locID: 102667711474238063 bcsId: 0} | ret=SUCCESS |  
2019-08-23 18:29:12,955 | INFO  | DNAudit | user=null | ip=null | op=WRITE_CHUNK {blockData=conID: 1 locID: 102667711474238063 bcsId: 0} | ret=SUCCESS |  
2019-08-23 18:29:12,955 | INFO  | DNAudit | user=null | ip=null | op=PUT_BLOCK {blockData=[blockId=conID: 1 locID: 102667711474238063 bcsId: 0,size=1048576]} | ret=SUCCESS |  
2019-08-23 18:29:12,956 | INFO  | DNAudit | user=null | ip=null | op=PUT_BLOCK {blockData=[blockId=conID: 1 locID: 102667711474238063 bcsId: 0,size=1048576]} | ret=SUCCESS |  
2019-08-23 18:29:12,956 [grpc-default-executor-4] INFO  client.GrpcClientProtocolClient (GrpcClientProtocolClient.java:onNext(255)) - client-19C32667576E->48affcab-e6e4-4602-963a-f6a50efbd54c: receive RaftClientReply:client-19C32667576E->48affcab-e6e4-4602-963a-f6a50efbd54c@group-50C56EAF5137, cid=2791, SUCCESS, logIndex=0, commits[48affcab-e6e4-4602-963a-f6a50efbd54c:c4183, 7e391b60-07ae-4d97-a027-4756e468c032:c4179, c5f86d96-67df-4f25-bde3-316f439d30b3:c4179]
2019-08-23 18:29:12,963 | INFO  | DNAudit | user=null | ip=null | op=WRITE_CHUNK {blockData=conID: 1 locID: 102667711474238063 bcsId: 4181} | ret=SUCCESS |  
2019-08-23 18:29:12,965 | INFO  | DNAudit | user=null | ip=null | op=WRITE_CHUNK {blockData=conID: 1 locID: 102667711474238063 bcsId: 0} | ret=SUCCESS |  
2019-08-23 18:29:12,965 | INFO  | DNAudit | user=null | ip=null | op=WRITE_CHUNK {blockData=conID: 1 locID: 102667711474238063 bcsId: 0} | ret=SUCCESS |  
2019-08-23 18:29:12,966 | INFO  | DNAudit | user=null | ip=null | op=PUT_BLOCK {blockData=[blockId=conID: 1 locID: 102667711474238063 bcsId: 0,size=2097152]} | ret=SUCCESS |  
2019-08-23 18:29:12,966 | INFO  | DNAudit | user=null | ip=null | op=WRITE_CHUNK {blockData=conID: 1 locID: 102667711474238063 bcsId: 4181} | ret=SUCCESS |  
2019-08-23 18:29:12,966 | INFO  | DNAudit | user=null | ip=null | op=PUT_BLOCK {blockData=[blockId=conID: 1 locID: 102667711474238063 bcsId: 0,size=2097152]} | ret=SUCCESS |  
2019-08-23 18:29:12,967 | INFO  | DNAudit | user=null | ip=null | op=WRITE_CHUNK {blockData=conID: 1 locID: 102667711474238063 bcsId: 4181} | ret=SUCCESS |  
2019-08-23 18:29:12,977 | INFO  | DNAudit | user=null | ip=null | op=WRITE_CHUNK {blockData=conID: 1 locID: 102667711474238063 bcsId: 4181} | ret=SUCCESS |  
2019-08-23 18:29:12,978 | INFO  | DNAudit | user=null | ip=null | op=PUT_BLOCK {blockData=[blockId=conID: 1 locID: 102667711474238063 bcsId: 0,size=3145728]} | ret=SUCCESS |  
2019-08-23 18:29:12,978 [grpc-default-executor-3] INFO  client.GrpcClientProtocolClient (GrpcClientProtocolClient.java:onNext(255)) - client-19C32667576E->48affcab-e6e4-4602-963a-f6a50efbd54c: receive RaftClientReply:client-19C32667576E->48affcab-e6e4-4602-963a-f6a50efbd54c@group-50C56EAF5137, cid=2792, SUCCESS, logIndex=4186, commits[48affcab-e6e4-4602-963a-f6a50efbd54c:c4187, 7e391b60-07ae-4d97-a027-4756e468c032:c4183, c5f86d96-67df-4f25-bde3-316f439d30b3:c4183]
2019-08-23 18:29:12,978 [grpc-default-executor-3] INFO  client.GrpcClientProtocolClient (GrpcClientProtocolClient.java:onNext(255)) - client-19C32667576E->48affcab-e6e4-4602-963a-f6a50efbd54c: receive RaftClientReply:client-19C32667576E->48affcab-e6e4-4602-963a-f6a50efbd54c@group-50C56EAF5137, cid=2793, SUCCESS, logIndex=4187, commits[48affcab-e6e4-4602-963a-f6a50efbd54c:c4187, 7e391b60-07ae-4d97-a027-4756e468c032:c4183, c5f86d96-67df-4f25-bde3-316f439d30b3:c4183]
2019-08-23 18:29:12,980 | INFO  | DNAudit | user=null | ip=null | op=WRITE_CHUNK {blockData=conID: 1 locID: 102667711474238063 bcsId: 4181} | ret=SUCCESS |  
2019-08-23 18:29:12,981 | INFO  | DNAudit | user=null | ip=null | op=WRITE_CHUNK {blockData=conID: 1 locID: 102667711474238063 bcsId: 4181} | ret=SUCCESS |  
2019-08-23 18:29:12,985 | INFO  | DNAudit | user=null | ip=null | op=WRITE_CHUNK {blockData=conID: 1 locID: 102667711474238063 bcsId: 4187} | ret=SUCCESS |  
2019-08-23 18:29:12,988 | INFO  | DNAudit | user=null | ip=null | op=WRITE_CHUNK {blockData=conID: 1 locID: 102667711474238063 bcsId: 4187} | ret=SUCCESS |  
2019-08-23 18:29:12,988 | INFO  | DNAudit | user=null | ip=null | op=WRITE_CHUNK {blockData=conID: 1 locID: 102667711474238063 bcsId: 4187} | ret=SUCCESS |  
2019-08-23 18:29:12,994 | INFO  | DNAudit | user=null | ip=null | op=PUT_BLOCK {blockData=[blockId=conID: 1 locID: 102667711474238063 bcsId: 0,size=3145728]} | ret=SUCCESS |  
2019-08-23 18:29:12,994 | INFO  | DNAudit | user=null | ip=null | op=PUT_BLOCK {blockData=[blockId=conID: 1 locID: 102667711474238063 bcsId: 0,size=3145728]} | ret=SUCCESS |  
2019-08-23 18:29:13,007 | INFO  | DNAudit | user=null | ip=null | op=WRITE_CHUNK {blockData=conID: 1 locID: 102667711474238063 bcsId: 4187} | ret=SUCCESS |  
2019-08-23 18:29:13,007 | INFO  | DNAudit | user=null | ip=null | op=PUT_BLOCK {blockData=[blockId=conID: 1 locID: 102667711474238063 bcsId: 0,size=4194304]} | ret=SUCCESS |  
2019-08-23 18:29:13,008 [grpc-default-executor-4] INFO  client.GrpcClientProtocolClient (GrpcClientProtocolClient.java:onNext(255)) - client-19C32667576E->48affcab-e6e4-4602-963a-f6a50efbd54c: receive RaftClientReply:client-19C32667576E->48affcab-e6e4-4602-963a-f6a50efbd54c@group-50C56EAF5137, cid=2794, SUCCESS, logIndex=4190, commits[48affcab-e6e4-4602-963a-f6a50efbd54c:c4191, 7e391b60-07ae-4d97-a027-4756e468c032:c4188, c5f86d96-67df-4f25-bde3-316f439d30b3:c4188]
2019-08-23 18:29:13,008 [grpc-default-executor-4] INFO  client.GrpcClientProtocolClient (GrpcClientProtocolClient.java:onNext(255)) - client-19C32667576E->48affcab-e6e4-4602-963a-f6a50efbd54c: receive RaftClientReply:client-19C32667576E->48affcab-e6e4-4602-963a-f6a50efbd54c@group-50C56EAF5137, cid=2795, SUCCESS, logIndex=4191, commits[48affcab-e6e4-4602-963a-f6a50efbd54c:c4191, 7e391b60-07ae-4d97-a027-4756e468c032:c4188, c5f86d96-67df-4f25-bde3-316f439d30b3:c4188]
2019-08-23 18:29:13,029 | INFO  | DNAudit | user=null | ip=null | op=WRITE_CHUNK {blockData=conID: 1 locID: 102667711474238063 bcsId: 4187} | ret=SUCCESS |  
2019-08-23 18:29:13,030 | INFO  | DNAudit | user=null | ip=null | op=WRITE_CHUNK {blockData=conID: 1 locID: 102667711474238063 bcsId: 4187} | ret=SUCCESS |  
2019-08-23 18:29:13,030 | INFO  | DNAudit | user=null | ip=null | op=PUT_BLOCK {blockData=[blockId=conID: 1 locID: 102667711474238063 bcsId: 0,size=4194304]} | ret=SUCCESS |  
2019-08-23 18:29:13,030 | INFO  | DNAudit | user=null | ip=null | op=PUT_BLOCK {blockData=[blockId=conID: 1 locID: 102667711474238063 bcsId: 0,size=4194304]} | ret=SUCCESS |  
2019-08-23 18:29:13,030 [grpc-default-executor-4] INFO  client.GrpcClientProtocolClient (GrpcClientProtocolClient.java:onNext(255)) - client-19C32667576E->48affcab-e6e4-4602-963a-f6a50efbd54c: receive RaftClientReply:client-19C32667576E->48affcab-e6e4-4602-963a-f6a50efbd54c@group-50C56EAF5137, cid=2796, SUCCESS, logIndex=0, commits[48affcab-e6e4-4602-963a-f6a50efbd54c:c4191, 7e391b60-07ae-4d97-a027-4756e468c032:c4191, c5f86d96-67df-4f25-bde3-316f439d30b3:c4191]
2019-08-23 18:29:13,035 | INFO  | SCMAudit | user=jenkins1000 | ip=192.168.34.23 | op=ALLOCATE_BLOCK {owner=1ceb8b80-28f1-43fd-86c3-175afc07b8d1, size=4194304, type=RATIS, factor=THREE} | ret=SUCCESS |  
2019-08-23 18:29:13,039 | INFO  | OMAudit | user=jenkins1000 | ip=127.0.0.1 | op=ALLOCATE_BLOCK {volume=vol-0-45438, bucket=bucket-0-23891, key=key-0-22455, dataSize=0, replicationType=null, replicationFactor=null, keyLocationInfo=null, clientID=102667710122492306} | ret=SUCCESS |  
2019-08-23 18:29:13,046 | INFO  | DNAudit | user=null | ip=null | op=WRITE_CHUNK {blockData=conID: 2 locID: 102667711482102384 bcsId: 0} | ret=SUCCESS |  
2019-08-23 18:29:13,048 | INFO  | DNAudit | user=null | ip=null | op=WRITE_CHUNK {blockData=conID: 2 locID: 102667711482102384 bcsId: 0} | ret=SUCCESS |  
2019-08-23 18:29:13,048 | INFO  | DNAudit | user=null | ip=null | op=WRITE_CHUNK {blockData=conID: 2 locID: 102667711482102384 bcsId: 0} | ret=SUCCESS |  
2019-08-23 18:29:13,048 | INFO  | DNAudit | user=null | ip=null | op=WRITE_CHUNK {blockData=conID: 2 locID: 102667711482102384 bcsId: 0} | ret=SUCCESS |  
2019-08-23 18:29:13,050 | INFO  | DNAudit | user=null | ip=null | op=WRITE_CHUNK {blockData=conID: 2 locID: 102667711482102384 bcsId: 0} | ret=SUCCESS |  
2019-08-23 18:29:13,051 | INFO  | DNAudit | user=null | ip=null | op=WRITE_CHUNK {blockData=conID: 2 locID: 102667711482102384 bcsId: 0} | ret=SUCCESS |  
2019-08-23 18:29:13,058 | INFO  | DNAudit | user=null | ip=null | op=WRITE_CHUNK {blockData=conID: 2 locID: 102667711482102384 bcsId: 0} | ret=SUCCESS |  
2019-08-23 18:29:13,058 | INFO  | DNAudit | user=null | ip=null | op=PUT_BLOCK {blockData=[blockId=conID: 2 locID: 102667711482102384 bcsId: 0,size=1048576]} | ret=SUCCESS |  
2019-08-23 18:29:13,059 [grpc-default-executor-3] INFO  client.GrpcClientProtocolClient (GrpcClientProtocolClient.java:onNext(255)) - client-19C32667576E->48affcab-e6e4-4602-963a-f6a50efbd54c: receive RaftClientReply:client-19C32667576E->48affcab-e6e4-4602-963a-f6a50efbd54c@group-50C56EAF5137, cid=2797, SUCCESS, logIndex=4194, commits[48affcab-e6e4-4602-963a-f6a50efbd54c:c4195, 7e391b60-07ae-4d97-a027-4756e468c032:c4193, c5f86d96-67df-4f25-bde3-316f439d30b3:c4193]
2019-08-23 18:29:13,059 | INFO  | DNAudit | user=null | ip=null | op=WRITE_CHUNK {blockData=conID: 2 locID: 102667711482102384 bcsId: 0} | ret=SUCCESS |  
2019-08-23 18:29:13,059 | INFO  | DNAudit | user=null | ip=null | op=PUT_BLOCK {blockData=[blockId=conID: 2 locID: 102667711482102384 bcsId: 0,size=2097152]} | ret=SUCCESS |  
2019-08-23 18:29:13,059 [grpc-default-executor-3] INFO  client.GrpcClientProtocolClient (GrpcClientProtocolClient.java:onNext(255)) - client-19C32667576E->48affcab-e6e4-4602-963a-f6a50efbd54c: receive RaftClientReply:client-19C32667576E->48affcab-e6e4-4602-963a-f6a50efbd54c@group-50C56EAF5137, cid=2798, SUCCESS, logIndex=4195, commits[48affcab-e6e4-4602-963a-f6a50efbd54c:c4195, 7e391b60-07ae-4d97-a027-4756e468c032:c4193, c5f86d96-67df-4f25-bde3-316f439d30b3:c4193]
2019-08-23 18:29:13,059 [grpc-default-executor-3] INFO  client.GrpcClientProtocolClient (GrpcClientProtocolClient.java:onNext(255)) - client-19C32667576E->48affcab-e6e4-4602-963a-f6a50efbd54c: receive RaftClientReply:client-19C32667576E->48affcab-e6e4-4602-963a-f6a50efbd54c@group-50C56EAF5137, cid=2799, SUCCESS, logIndex=4196, commits[48affcab-e6e4-4602-963a-f6a50efbd54c:c4197, 7e391b60-07ae-4d97-a027-4756e468c032:c4193, c5f86d96-67df-4f25-bde3-316f439d30b3:c4193]
2019-08-23 18:29:13,060 [grpc-default-executor-3] INFO  client.GrpcClientProtocolClient (GrpcClientProtocolClient.java:onNext(255)) - client-19C32667576E->48affcab-e6e4-4602-963a-f6a50efbd54c: receive RaftClientReply:client-19C32667576E->48affcab-e6e4-4602-963a-f6a50efbd54c@group-50C56EAF5137, cid=2800, SUCCESS, logIndex=4197, commits[48affcab-e6e4-4602-963a-f6a50efbd54c:c4197, 7e391b60-07ae-4d97-a027-4756e468c032:c4193, c5f86d96-67df-4f25-bde3-316f439d30b3:c4193]
2019-08-23 18:29:13,072 | INFO  | DNAudit | user=null | ip=null | op=WRITE_CHUNK {blockData=conID: 2 locID: 102667711482102384 bcsId: 0} | ret=SUCCESS |  
2019-08-23 18:29:13,072 | INFO  | DNAudit | user=null | ip=null | op=PUT_BLOCK {blockData=[blockId=conID: 2 locID: 102667711482102384 bcsId: 0,size=1048576]} | ret=SUCCESS |  
2019-08-23 18:29:13,074 | INFO  | DNAudit | user=null | ip=null | op=WRITE_CHUNK {blockData=conID: 2 locID: 102667711482102384 bcsId: 0} | ret=SUCCESS |  
2019-08-23 18:29:13,074 | INFO  | DNAudit | user=null | ip=null | op=PUT_BLOCK {blockData=[blockId=conID: 2 locID: 102667711482102384 bcsId: 0,size=1048576]} | ret=SUCCESS |  
2019-08-23 18:29:13,074 | INFO  | DNAudit | user=null | ip=null | op=WRITE_CHUNK {blockData=conID: 2 locID: 102667711482102384 bcsId: 0} | ret=SUCCESS |  
2019-08-23 18:29:13,075 | INFO  | DNAudit | user=null | ip=null | op=PUT_BLOCK {blockData=[blockId=conID: 2 locID: 102667711482102384 bcsId: 0,size=2097152]} | ret=SUCCESS |  
2019-08-23 18:29:13,075 [grpc-default-executor-3] INFO  client.GrpcClientProtocolClient (GrpcClientProtocolClient.java:onNext(255)) - client-19C32667576E->48affcab-e6e4-4602-963a-f6a50efbd54c: receive RaftClientReply:client-19C32667576E->48affcab-e6e4-4602-963a-f6a50efbd54c@group-50C56EAF5137, cid=2801, SUCCESS, logIndex=0, commits[48affcab-e6e4-4602-963a-f6a50efbd54c:c4199, 7e391b60-07ae-4d97-a027-4756e468c032:c4195, c5f86d96-67df-4f25-bde3-316f439d30b3:c4195]
2019-08-23 18:29:13,081 | INFO  | DNAudit | user=null | ip=null | op=WRITE_CHUNK {blockData=conID: 2 locID: 102667711482102384 bcsId: 4197} | ret=SUCCESS |  
2019-08-23 18:29:13,084 | INFO  | DNAudit | user=null | ip=null | op=WRITE_CHUNK {blockData=conID: 2 locID: 102667711482102384 bcsId: 4197} | ret=SUCCESS |  
2019-08-23 18:29:13,084 | INFO  | DNAudit | user=null | ip=null | op=WRITE_CHUNK {blockData=conID: 2 locID: 102667711482102384 bcsId: 4197} | ret=SUCCESS |  
2019-08-23 18:29:13,085 | INFO  | DNAudit | user=null | ip=null | op=WRITE_CHUNK {blockData=conID: 2 locID: 102667711482102384 bcsId: 0} | ret=SUCCESS |  
2019-08-23 18:29:13,086 | INFO  | DNAudit | user=null | ip=null | op=PUT_BLOCK {blockData=[blockId=conID: 2 locID: 102667711482102384 bcsId: 0,size=2097152]} | ret=SUCCESS |  
2019-08-23 18:29:13,086 | INFO  | DNAudit | user=null | ip=null | op=WRITE_CHUNK {blockData=conID: 2 locID: 102667711482102384 bcsId: 4197} | ret=SUCCESS |  
2019-08-23 18:29:13,086 | INFO  | DNAudit | user=null | ip=null | op=PUT_BLOCK {blockData=[blockId=conID: 2 locID: 102667711482102384 bcsId: 0,size=3145728]} | ret=SUCCESS |  
2019-08-23 18:29:13,086 [grpc-default-executor-3] INFO  client.GrpcClientProtocolClient (GrpcClientProtocolClient.java:onNext(255)) - client-19C32667576E->48affcab-e6e4-4602-963a-f6a50efbd54c: receive RaftClientReply:client-19C32667576E->48affcab-e6e4-4602-963a-f6a50efbd54c@group-50C56EAF5137, cid=2802, SUCCESS, logIndex=4202, commits[48affcab-e6e4-4602-963a-f6a50efbd54c:c4203, 7e391b60-07ae-4d97-a027-4756e468c032:c4197, c5f86d96-67df-4f25-bde3-316f439d30b3:c4201]
2019-08-23 18:29:13,087 [grpc-default-executor-3] INFO  client.GrpcClientProtocolClient (GrpcClientProtocolClient.java:onNext(255)) - client-19C32667576E->48affcab-e6e4-4602-963a-f6a50efbd54c: receive RaftClientReply:client-19C32667576E->48affcab-e6e4-4602-963a-f6a50efbd54c@group-50C56EAF5137, cid=2803, SUCCESS, logIndex=4203, commits[48affcab-e6e4-4602-963a-f6a50efbd54c:c4203, 7e391b60-07ae-4d97-a027-4756e468c032:c4201, c5f86d96-67df-4f25-bde3-316f439d30b3:c4201]
2019-08-23 18:29:13,089 | INFO  | DNAudit | user=null | ip=null | op=WRITE_CHUNK {blockData=conID: 2 locID: 102667711482102384 bcsId: 4197} | ret=SUCCESS |  
2019-08-23 18:29:13,089 | INFO  | DNAudit | user=null | ip=null | op=WRITE_CHUNK {blockData=conID: 2 locID: 102667711482102384 bcsId: 4197} | ret=SUCCESS |  
2019-08-23 18:29:13,093 | INFO  | DNAudit | user=null | ip=null | op=WRITE_CHUNK {blockData=conID: 2 locID: 102667711482102384 bcsId: 4203} | ret=SUCCESS |  
2019-08-23 18:29:13,095 | INFO  | DNAudit | user=null | ip=null | op=WRITE_CHUNK {blockData=conID: 2 locID: 102667711482102384 bcsId: 4203} | ret=SUCCESS |  
2019-08-23 18:29:13,095 | INFO  | DNAudit | user=null | ip=null | op=WRITE_CHUNK {blockData=conID: 2 locID: 102667711482102384 bcsId: 4203} | ret=SUCCESS |  
2019-08-23 18:29:13,101 | INFO  | DNAudit | user=null | ip=null | op=PUT_BLOCK {blockData=[blockId=conID: 2 locID: 102667711482102384 bcsId: 0,size=3145728]} | ret=SUCCESS |  
2019-08-23 18:29:13,101 | INFO  | DNAudit | user=null | ip=null | op=PUT_BLOCK {blockData=[blockId=conID: 2 locID: 102667711482102384 bcsId: 0,size=3145728]} | ret=SUCCESS |  
2019-08-23 18:29:13,115 | INFO  | DNAudit | user=null | ip=null | op=WRITE_CHUNK {blockData=conID: 2 locID: 102667711482102384 bcsId: 4203} | ret=SUCCESS |  
2019-08-23 18:29:13,115 | INFO  | DNAudit | user=null | ip=null | op=PUT_BLOCK {blockData=[blockId=conID: 2 locID: 102667711482102384 bcsId: 0,size=4194304]} | ret=SUCCESS |  
2019-08-23 18:29:13,115 [grpc-default-executor-5] INFO  client.GrpcClientProtocolClient (GrpcClientProtocolClient.java:onNext(255)) - client-19C32667576E->48affcab-e6e4-4602-963a-f6a50efbd54c: receive RaftClientReply:client-19C32667576E->48affcab-e6e4-4602-963a-f6a50efbd54c@group-50C56EAF5137, cid=2804, SUCCESS, logIndex=4206, commits[48affcab-e6e4-4602-963a-f6a50efbd54c:c4207, 7e391b60-07ae-4d97-a027-4756e468c032:c4204, c5f86d96-67df-4f25-bde3-316f439d30b3:c4204]
2019-08-23 18:29:13,116 [grpc-default-executor-5] INFO  client.GrpcClientProtocolClient (GrpcClientProtocolClient.java:onNext(255)) - client-19C32667576E->48affcab-e6e4-4602-963a-f6a50efbd54c: receive RaftClientReply:client-19C32667576E->48affcab-e6e4-4602-963a-f6a50efbd54c@group-50C56EAF5137, cid=2805, SUCCESS, logIndex=4207, commits[48affcab-e6e4-4602-963a-f6a50efbd54c:c4207, 7e391b60-07ae-4d97-a027-4756e468c032:c4204, c5f86d96-67df-4f25-bde3-316f439d30b3:c4204]
2019-08-23 18:29:13,128 | INFO  | DNAudit | user=null | ip=null | op=WRITE_CHUNK {blockData=conID: 2 locID: 102667711482102384 bcsId: 4203} | ret=SUCCESS |  
2019-08-23 18:29:13,128 | INFO  | DNAudit | user=null | ip=null | op=WRITE_CHUNK {blockData=conID: 2 locID: 102667711482102384 bcsId: 4203} | ret=SUCCESS |  
2019-08-23 18:29:13,140 | INFO  | DNAudit | user=null | ip=null | op=PUT_BLOCK {blockData=[blockId=conID: 2 locID: 102667711482102384 bcsId: 0,size=4194304]} | ret=SUCCESS |  
2019-08-23 18:29:13,140 | INFO  | DNAudit | user=null | ip=null | op=PUT_BLOCK {blockData=[blockId=conID: 2 locID: 102667711482102384 bcsId: 0,size=4194304]} | ret=SUCCESS |  
2019-08-23 18:29:13,141 [grpc-default-executor-3] INFO  client.GrpcClientProtocolClient (GrpcClientProtocolClient.java:onNext(255)) - client-19C32667576E->48affcab-e6e4-4602-963a-f6a50efbd54c: receive RaftClientReply:client-19C32667576E->48affcab-e6e4-4602-963a-f6a50efbd54c@group-50C56EAF5137, cid=2806, SUCCESS, logIndex=0, commits[48affcab-e6e4-4602-963a-f6a50efbd54c:c4209, 7e391b60-07ae-4d97-a027-4756e468c032:c4207, c5f86d96-67df-4f25-bde3-316f439d30b3:c4207]
2019-08-23 18:29:13,145 | INFO  | SCMAudit | user=jenkins1000 | ip=192.168.34.23 | op=ALLOCATE_BLOCK {owner=1ceb8b80-28f1-43fd-86c3-175afc07b8d1, size=4194304, type=RATIS, factor=THREE} | ret=SUCCESS |  
2019-08-23 18:29:13,148 | INFO  | OMAudit | user=jenkins1000 | ip=127.0.0.1 | op=ALLOCATE_BLOCK {volume=vol-0-45438, bucket=bucket-0-23891, key=key-0-22455, dataSize=0, replicationType=null, replicationFactor=null, keyLocationInfo=null, clientID=102667710122492306} | ret=SUCCESS |  
2019-08-23 18:29:13,154 | INFO  | DNAudit | user=null | ip=null | op=WRITE_CHUNK {blockData=conID: 3 locID: 102667711489311345 bcsId: 0} | ret=SUCCESS |  
2019-08-23 18:29:13,157 | INFO  | DNAudit | user=null | ip=null | op=WRITE_CHUNK {blockData=conID: 3 locID: 102667711489311345 bcsId: 0} | ret=SUCCESS |  
2019-08-23 18:29:13,158 | INFO  | DNAudit | user=null | ip=null | op=WRITE_CHUNK {blockData=conID: 3 locID: 102667711489311345 bcsId: 0} | ret=SUCCESS |  
2019-08-23 18:29:13,158 | INFO  | DNAudit | user=null | ip=null | op=WRITE_CHUNK {blockData=conID: 3 locID: 102667711489311345 bcsId: 0} | ret=SUCCESS |  
2019-08-23 18:29:13,160 | INFO  | DNAudit | user=null | ip=null | op=WRITE_CHUNK {blockData=conID: 3 locID: 102667711489311345 bcsId: 0} | ret=SUCCESS |  
2019-08-23 18:29:13,160 | INFO  | DNAudit | user=null | ip=null | op=WRITE_CHUNK {blockData=conID: 3 locID: 102667711489311345 bcsId: 0} | ret=SUCCESS |  
2019-08-23 18:29:13,168 | INFO  | DNAudit | user=null | ip=null | op=WRITE_CHUNK {blockData=conID: 3 locID: 102667711489311345 bcsId: 0} | ret=SUCCESS |  
2019-08-23 18:29:13,169 | INFO  | DNAudit | user=null | ip=null | op=PUT_BLOCK {blockData=[blockId=conID: 3 locID: 102667711489311345 bcsId: 0,size=1048576]} | ret=SUCCESS |  
2019-08-23 18:29:13,169 [grpc-default-executor-3] INFO  client.GrpcClientProtocolClient (GrpcClientProtocolClient.java:onNext(255)) - client-19C32667576E->48affcab-e6e4-4602-963a-f6a50efbd54c: receive RaftClientReply:client-19C32667576E->48affcab-e6e4-4602-963a-f6a50efbd54c@group-50C56EAF5137, cid=2807, SUCCESS, logIndex=4210, commits[48affcab-e6e4-4602-963a-f6a50efbd54c:c4211, 7e391b60-07ae-4d97-a027-4756e468c032:c4209, c5f86d96-67df-4f25-bde3-316f439d30b3:c4209]
2019-08-23 18:29:13,170 [grpc-default-executor-3] INFO  client.GrpcClientProtocolClient (GrpcClientProtocolClient.java:onNext(255)) - client-19C32667576E->48affcab-e6e4-4602-963a-f6a50efbd54c: receive RaftClientReply:client-19C32667576E->48affcab-e6e4-4602-963a-f6a50efbd54c@group-50C56EAF5137, cid=2808, SUCCESS, logIndex=4211, commits[48affcab-e6e4-4602-963a-f6a50efbd54c:c4211, 7e391b60-07ae-4d97-a027-4756e468c032:c4209, c5f86d96-67df-4f25-bde3-316f439d30b3:c4209]
2019-08-23 18:29:13,180 | INFO  | DNAudit | user=null | ip=null | op=WRITE_CHUNK {blockData=conID: 3 locID: 102667711489311345 bcsId: 0} | ret=SUCCESS |  
2019-08-23 18:29:13,181 | INFO  | DNAudit | user=null | ip=null | op=PUT_BLOCK {blockData=[blockId=conID: 3 locID: 102667711489311345 bcsId: 0,size=2097152]} | ret=SUCCESS |  
2019-08-23 18:29:13,181 [grpc-default-executor-3] INFO  client.GrpcClientProtocolClient (GrpcClientProtocolClient.java:onNext(255)) - client-19C32667576E->48affcab-e6e4-4602-963a-f6a50efbd54c: receive RaftClientReply:client-19C32667576E->48affcab-e6e4-4602-963a-f6a50efbd54c@group-50C56EAF5137, cid=2809, SUCCESS, logIndex=4212, commits[48affcab-e6e4-4602-963a-f6a50efbd54c:c4212, 7e391b60-07ae-4d97-a027-4756e468c032:c4209, c5f86d96-67df-4f25-bde3-316f439d30b3:c4209]
2019-08-23 18:29:13,181 [grpc-default-executor-3] INFO  client.GrpcClientProtocolClient (GrpcClientProtocolClient.java:onNext(255)) - client-19C32667576E->48affcab-e6e4-4602-963a-f6a50efbd54c: receive RaftClientReply:client-19C32667576E->48affcab-e6e4-4602-963a-f6a50efbd54c@group-50C56EAF5137, cid=2810, SUCCESS, logIndex=4213, commits[48affcab-e6e4-4602-963a-f6a50efbd54c:c4213, 7e391b60-07ae-4d97-a027-4756e468c032:c4209, c5f86d96-67df-4f25-bde3-316f439d30b3:c4209]
2019-08-23 18:29:13,193 | INFO  | DNAudit | user=null | ip=null | op=WRITE_CHUNK {blockData=conID: 3 locID: 102667711489311345 bcsId: 0} | ret=SUCCESS |  
2019-08-23 18:29:13,193 | INFO  | DNAudit | user=null | ip=null | op=PUT_BLOCK {blockData=[blockId=conID: 3 locID: 102667711489311345 bcsId: 0,size=1048576]} | ret=SUCCESS |  
2019-08-23 18:29:13,193 | INFO  | DNAudit | user=null | ip=null | op=WRITE_CHUNK {blockData=conID: 3 locID: 102667711489311345 bcsId: 0} | ret=SUCCESS |  
2019-08-23 18:29:13,193 | INFO  | DNAudit | user=null | ip=null | op=PUT_BLOCK {blockData=[blockId=conID: 3 locID: 102667711489311345 bcsId: 0,size=1048576]} | ret=SUCCESS |  
2019-08-23 18:29:13,194 [grpc-default-executor-3] INFO  client.GrpcClientProtocolClient (GrpcClientProtocolClient.java:onNext(255)) - client-19C32667576E->48affcab-e6e4-4602-963a-f6a50efbd54c: receive RaftClientReply:client-19C32667576E->48affcab-e6e4-4602-963a-f6a50efbd54c@group-50C56EAF5137, cid=2811, SUCCESS, logIndex=0, commits[48affcab-e6e4-4602-963a-f6a50efbd54c:c4215, 7e391b60-07ae-4d97-a027-4756e468c032:c4211, c5f86d96-67df-4f25-bde3-316f439d30b3:c4211]
2019-08-23 18:29:13,200 | INFO  | DNAudit | user=null | ip=null | op=WRITE_CHUNK {blockData=conID: 3 locID: 102667711489311345 bcsId: 4213} | ret=SUCCESS |  
2019-08-23 18:29:13,203 | INFO  | DNAudit | user=null | ip=null | op=WRITE_CHUNK {blockData=conID: 3 locID: 102667711489311345 bcsId: 0} | ret=SUCCESS |  
2019-08-23 18:29:13,203 | INFO  | DNAudit | user=null | ip=null | op=WRITE_CHUNK {blockData=conID: 3 locID: 102667711489311345 bcsId: 4213} | ret=SUCCESS |  
2019-08-23 18:29:13,203 | INFO  | DNAudit | user=null | ip=null | op=WRITE_CHUNK {blockData=conID: 3 locID: 102667711489311345 bcsId: 0} | ret=SUCCESS |  
2019-08-23 18:29:13,203 | INFO  | DNAudit | user=null | ip=null | op=PUT_BLOCK {blockData=[blockId=conID: 3 locID: 102667711489311345 bcsId: 0,size=2097152]} | ret=SUCCESS |  
2019-08-23 18:29:13,203 | INFO  | DNAudit | user=null | ip=null | op=PUT_BLOCK {blockData=[blockId=conID: 3 locID: 102667711489311345 bcsId: 0,size=2097152]} | ret=SUCCESS |  
2019-08-23 18:29:13,204 | INFO  | DNAudit | user=null | ip=null | op=WRITE_CHUNK {blockData=conID: 3 locID: 102667711489311345 bcsId: 4213} | ret=SUCCESS |  
2019-08-23 18:29:13,205 | INFO  | DNAudit | user=null | ip=null | op=WRITE_CHUNK {blockData=conID: 3 locID: 102667711489311345 bcsId: 4213} | ret=SUCCESS |  
2019-08-23 18:29:13,205 | INFO  | DNAudit | user=null | ip=null | op=PUT_BLOCK {blockData=[blockId=conID: 3 locID: 102667711489311345 bcsId: 0,size=3145728]} | ret=SUCCESS |  
2019-08-23 18:29:13,205 [grpc-default-executor-5] INFO  client.GrpcClientProtocolClient (GrpcClientProtocolClient.java:onNext(255)) - client-19C32667576E->48affcab-e6e4-4602-963a-f6a50efbd54c: receive RaftClientReply:client-19C32667576E->48affcab-e6e4-4602-963a-f6a50efbd54c@group-50C56EAF5137, cid=2812, SUCCESS, logIndex=4218, commits[48affcab-e6e4-4602-963a-f6a50efbd54c:c4219, 7e391b60-07ae-4d97-a027-4756e468c032:c4215, c5f86d96-67df-4f25-bde3-316f439d30b3:c4213]
2019-08-23 18:29:13,206 [grpc-default-executor-5] INFO  client.GrpcClientProtocolClient (GrpcClientProtocolClient.java:onNext(255)) - client-19C32667576E->48affcab-e6e4-4602-963a-f6a50efbd54c: receive RaftClientReply:client-19C32667576E->48affcab-e6e4-4602-963a-f6a50efbd54c@group-50C56EAF5137, cid=2813, SUCCESS, logIndex=4219, commits[48affcab-e6e4-4602-963a-f6a50efbd54c:c4219, 7e391b60-07ae-4d97-a027-4756e468c032:c4215, c5f86d96-67df-4f25-bde3-316f439d30b3:c4215]
2019-08-23 18:29:13,208 | INFO  | DNAudit | user=null | ip=null | op=WRITE_CHUNK {blockData=conID: 3 locID: 102667711489311345 bcsId: 4213} | ret=SUCCESS |  
2019-08-23 18:29:13,208 | INFO  | DNAudit | user=null | ip=null | op=WRITE_CHUNK {blockData=conID: 3 locID: 102667711489311345 bcsId: 4213} | ret=SUCCESS |  
2019-08-23 18:29:13,211 | INFO  | DNAudit | user=null | ip=null | op=PUT_BLOCK {blockData=[blockId=conID: 3 locID: 102667711489311345 bcsId: 0,size=3145728]} | ret=SUCCESS |  
2019-08-23 18:29:13,211 | INFO  | DNAudit | user=null | ip=null | op=WRITE_CHUNK {blockData=conID: 3 locID: 102667711489311345 bcsId: 4219} | ret=SUCCESS |  
2019-08-23 18:29:13,212 | INFO  | DNAudit | user=null | ip=null | op=PUT_BLOCK {blockData=[blockId=conID: 3 locID: 102667711489311345 bcsId: 0,size=3145728]} | ret=SUCCESS |  
2019-08-23 18:29:13,213 | INFO  | DNAudit | user=null | ip=null | op=WRITE_CHUNK {blockData=conID: 3 locID: 102667711489311345 bcsId: 4219} | ret=SUCCESS |  
2019-08-23 18:29:13,214 | INFO  | DNAudit | user=null | ip=null | op=WRITE_CHUNK {blockData=conID: 3 locID: 102667711489311345 bcsId: 4219} | ret=SUCCESS |  
2019-08-23 18:29:13,231 | INFO  | DNAudit | user=null | ip=null | op=WRITE_CHUNK {blockData=conID: 3 locID: 102667711489311345 bcsId: 4219} | ret=SUCCESS |  
2019-08-23 18:29:13,232 | INFO  | DNAudit | user=null | ip=null | op=PUT_BLOCK {blockData=[blockId=conID: 3 locID: 102667711489311345 bcsId: 0,size=4194304]} | ret=SUCCESS |  
2019-08-23 18:29:13,232 [grpc-default-executor-3] INFO  client.GrpcClientProtocolClient (GrpcClientProtocolClient.java:onNext(255)) - client-19C32667576E->48affcab-e6e4-4602-963a-f6a50efbd54c: receive RaftClientReply:client-19C32667576E->48affcab-e6e4-4602-963a-f6a50efbd54c@group-50C56EAF5137, cid=2814, SUCCESS, logIndex=4222, commits[48affcab-e6e4-4602-963a-f6a50efbd54c:c4223, 7e391b60-07ae-4d97-a027-4756e468c032:c4220, c5f86d96-67df-4f25-bde3-316f439d30b3:c4220]
2019-08-23 18:29:13,232 [grpc-default-executor-3] INFO  client.GrpcClientProtocolClient (GrpcClientProtocolClient.java:onNext(255)) - client-19C32667576E->48affcab-e6e4-4602-963a-f6a50efbd54c: receive RaftClientReply:client-19C32667576E->48affcab-e6e4-4602-963a-f6a50efbd54c@group-50C56EAF5137, cid=2815, SUCCESS, logIndex=4223, commits[48affcab-e6e4-4602-963a-f6a50efbd54c:c4223, 7e391b60-07ae-4d97-a027-4756e468c032:c4220, c5f86d96-67df-4f25-bde3-316f439d30b3:c4220]
2019-08-23 18:29:13,243 | INFO  | DNAudit | user=null | ip=null | op=WRITE_CHUNK {blockData=conID: 3 locID: 102667711489311345 bcsId: 4219} | ret=SUCCESS |  
2019-08-23 18:29:13,243 | INFO  | DNAudit | user=null | ip=null | op=WRITE_CHUNK {blockData=conID: 3 locID: 102667711489311345 bcsId: 4219} | ret=SUCCESS |  
2019-08-23 18:29:13,246 | INFO  | DNAudit | user=null | ip=null | op=PUT_BLOCK {blockData=[blockId=conID: 3 locID: 102667711489311345 bcsId: 0,size=4194304]} | ret=SUCCESS |  
2019-08-23 18:29:13,246 | INFO  | DNAudit | user=null | ip=null | op=PUT_BLOCK {blockData=[blockId=conID: 3 locID: 102667711489311345 bcsId: 0,size=4194304]} | ret=SUCCESS |  
2019-08-23 18:29:13,247 [grpc-default-executor-3] INFO  client.GrpcClientProtocolClient (GrpcClientProtocolClient.java:onNext(255)) - client-19C32667576E->48affcab-e6e4-4602-963a-f6a50efbd54c: receive RaftClientReply:client-19C32667576E->48affcab-e6e4-4602-963a-f6a50efbd54c@group-50C56EAF5137, cid=2816, SUCCESS, logIndex=0, commits[48affcab-e6e4-4602-963a-f6a50efbd54c:c4225, 7e391b60-07ae-4d97-a027-4756e468c032:c4223, c5f86d96-67df-4f25-bde3-316f439d30b3:c4223]
2019-08-23 18:29:13,251 | INFO  | SCMAudit | user=jenkins1000 | ip=192.168.34.23 | op=ALLOCATE_BLOCK {owner=1ceb8b80-28f1-43fd-86c3-175afc07b8d1, size=4194304, type=RATIS, factor=THREE} | ret=SUCCESS |  
2019-08-23 18:29:13,254 | INFO  | OMAudit | user=jenkins1000 | ip=127.0.0.1 | op=ALLOCATE_BLOCK {volume=vol-0-45438, bucket=bucket-0-23891, key=key-0-22455, dataSize=0, replicationType=null, replicationFactor=null, keyLocationInfo=null, clientID=102667710122492306} | ret=SUCCESS |  
2019-08-23 18:29:13,260 | INFO  | DNAudit | user=null | ip=null | op=WRITE_CHUNK {blockData=conID: 1 locID: 102667711496258162 bcsId: 0} | ret=SUCCESS |  
2019-08-23 18:29:13,261 | INFO  | DNAudit | user=null | ip=null | op=WRITE_CHUNK {blockData=conID: 1 locID: 102667711496258162 bcsId: 0} | ret=SUCCESS |  
2019-08-23 18:29:13,262 | INFO  | DNAudit | user=null | ip=null | op=WRITE_CHUNK {blockData=conID: 1 locID: 102667711496258162 bcsId: 0} | ret=SUCCESS |  
2019-08-23 18:29:13,263 | INFO  | DNAudit | user=null | ip=null | op=WRITE_CHUNK {blockData=conID: 1 locID: 102667711496258162 bcsId: 0} | ret=SUCCESS |  
2019-08-23 18:29:13,264 | INFO  | DNAudit | user=null | ip=null | op=WRITE_CHUNK {blockData=conID: 1 locID: 102667711496258162 bcsId: 0} | ret=SUCCESS |  
2019-08-23 18:29:13,264 | INFO  | DNAudit | user=null | ip=null | op=WRITE_CHUNK {blockData=conID: 1 locID: 102667711496258162 bcsId: 0} | ret=SUCCESS |  
2019-08-23 18:29:13,274 | INFO  | DNAudit | user=null | ip=null | op=WRITE_CHUNK {blockData=conID: 1 locID: 102667711496258162 bcsId: 0} | ret=SUCCESS |  
2019-08-23 18:29:13,274 | INFO  | DNAudit | user=null | ip=null | op=PUT_BLOCK {blockData=[blockId=conID: 1 locID: 102667711496258162 bcsId: 0,size=1048576]} | ret=SUCCESS |  
2019-08-23 18:29:13,275 [grpc-default-executor-4] INFO  client.GrpcClientProtocolClient (GrpcClientProtocolClient.java:onNext(255)) - client-19C32667576E->48affcab-e6e4-4602-963a-f6a50efbd54c: receive RaftClientReply:client-19C32667576E->48affcab-e6e4-4602-963a-f6a50efbd54c@group-50C56EAF5137, cid=2817, SUCCESS, logIndex=4226, commits[48affcab-e6e4-4602-963a-f6a50efbd54c:c4227, 7e391b60-07ae-4d97-a027-4756e468c032:c4225, c5f86d96-67df-4f25-bde3-316f439d30b3:c4225]
2019-08-23 18:29:13,275 | INFO  | DNAudit | user=null | ip=null | op=WRITE_CHUNK {blockData=conID: 1 locID: 102667711496258162 bcsId: 0} | ret=SUCCESS |  
2019-08-23 18:29:13,275 | INFO  | DNAudit | user=null | ip=null | op=PUT_BLOCK {blockData=[blockId=conID: 1 locID: 102667711496258162 bcsId: 0,size=2097152]} | ret=SUCCESS |  
2019-08-23 18:29:13,275 [grpc-default-executor-4] INFO  client.GrpcClientProtocolClient (GrpcClientProtocolClient.java:onNext(255)) - client-19C32667576E->48affcab-e6e4-4602-963a-f6a50efbd54c: receive RaftClientReply:client-19C32667576E->48affcab-e6e4-4602-963a-f6a50efbd54c@group-50C56EAF5137, cid=2818, SUCCESS, logIndex=4227, commits[48affcab-e6e4-4602-963a-f6a50efbd54c:c4229, 7e391b60-07ae-4d97-a027-4756e468c032:c4225, c5f86d96-67df-4f25-bde3-316f439d30b3:c4225]
2019-08-23 18:29:13,275 [grpc-default-executor-4] INFO  client.GrpcClientProtocolClient (GrpcClientProtocolClient.java:onNext(255)) - client-19C32667576E->48affcab-e6e4-4602-963a-f6a50efbd54c: receive RaftClientReply:client-19C32667576E->48affcab-e6e4-4602-963a-f6a50efbd54c@group-50C56EAF5137, cid=2819, SUCCESS, logIndex=4228, commits[48affcab-e6e4-4602-963a-f6a50efbd54c:c4229, 7e391b60-07ae-4d97-a027-4756e468c032:c4225, c5f86d96-67df-4f25-bde3-316f439d30b3:c4225]
2019-08-23 18:29:13,275 [grpc-default-executor-4] INFO  client.GrpcClientProtocolClient (GrpcClientProtocolClient.java:onNext(255)) - client-19C32667576E->48affcab-e6e4-4602-963a-f6a50efbd54c: receive RaftClientReply:client-19C32667576E->48affcab-e6e4-4602-963a-f6a50efbd54c@group-50C56EAF5137, cid=2820, SUCCESS, logIndex=4229, commits[48affcab-e6e4-4602-963a-f6a50efbd54c:c4229, 7e391b60-07ae-4d97-a027-4756e468c032:c4225, c5f86d96-67df-4f25-bde3-316f439d30b3:c4225]
2019-08-23 18:29:13,285 | INFO  | DNAudit | user=null | ip=null | op=WRITE_CHUNK {blockData=conID: 1 locID: 102667711496258162 bcsId: 0} | ret=SUCCESS |  
2019-08-23 18:29:13,296 | INFO  | DNAudit | user=null | ip=null | op=WRITE_CHUNK {blockData=conID: 1 locID: 102667711496258162 bcsId: 0} | ret=SUCCESS |  
2019-08-23 18:29:13,296 | INFO  | DNAudit | user=null | ip=null | op=PUT_BLOCK {blockData=[blockId=conID: 1 locID: 102667711496258162 bcsId: 0,size=1048576]} | ret=SUCCESS |  
2019-08-23 18:29:13,296 | INFO  | DNAudit | user=null | ip=null | op=WRITE_CHUNK {blockData=conID: 1 locID: 102667711496258162 bcsId: 0} | ret=SUCCESS |  
2019-08-23 18:29:13,296 | INFO  | DNAudit | user=null | ip=null | op=PUT_BLOCK {blockData=[blockId=conID: 1 locID: 102667711496258162 bcsId: 0,size=2097152]} | ret=SUCCESS |  
2019-08-23 18:29:13,297 | INFO  | DNAudit | user=null | ip=null | op=PUT_BLOCK {blockData=[blockId=conID: 1 locID: 102667711496258162 bcsId: 0,size=1048576]} | ret=SUCCESS |  
2019-08-23 18:29:13,298 | INFO  | DNAudit | user=null | ip=null | op=WRITE_CHUNK {blockData=conID: 1 locID: 102667711496258162 bcsId: 0} | ret=SUCCESS |  
2019-08-23 18:29:13,298 [grpc-default-executor-4] INFO  client.GrpcClientProtocolClient (GrpcClientProtocolClient.java:onNext(255)) - client-19C32667576E->48affcab-e6e4-4602-963a-f6a50efbd54c: receive RaftClientReply:client-19C32667576E->48affcab-e6e4-4602-963a-f6a50efbd54c@group-50C56EAF5137, cid=2821, SUCCESS, logIndex=0, commits[48affcab-e6e4-4602-963a-f6a50efbd54c:c4233, 7e391b60-07ae-4d97-a027-4756e468c032:c4229, c5f86d96-67df-4f25-bde3-316f439d30b3:c4227]
2019-08-23 18:29:13,298 | INFO  | DNAudit | user=null | ip=null | op=PUT_BLOCK {blockData=[blockId=conID: 1 locID: 102667711496258162 bcsId: 0,size=2097152]} | ret=SUCCESS |  
2019-08-23 18:29:13,304 | INFO  | DNAudit | user=null | ip=null | op=WRITE_CHUNK {blockData=conID: 1 locID: 102667711496258162 bcsId: 4229} | ret=SUCCESS |  
2019-08-23 18:29:13,306 | INFO  | DNAudit | user=null | ip=null | op=WRITE_CHUNK {blockData=conID: 1 locID: 102667711496258162 bcsId: 4229} | ret=SUCCESS |  
2019-08-23 18:29:13,307 | INFO  | DNAudit | user=null | ip=null | op=WRITE_CHUNK {blockData=conID: 1 locID: 102667711496258162 bcsId: 4229} | ret=SUCCESS |  
2019-08-23 18:29:13,317 | INFO  | DNAudit | user=null | ip=null | op=WRITE_CHUNK {blockData=conID: 1 locID: 102667711496258162 bcsId: 4229} | ret=SUCCESS |  
2019-08-23 18:29:13,318 | INFO  | DNAudit | user=null | ip=null | op=PUT_BLOCK {blockData=[blockId=conID: 1 locID: 102667711496258162 bcsId: 0,size=3145728]} | ret=SUCCESS |  
2019-08-23 18:29:13,318 [grpc-default-executor-4] INFO  client.GrpcClientProtocolClient (GrpcClientProtocolClient.java:onNext(255)) - client-19C32667576E->48affcab-e6e4-4602-963a-f6a50efbd54c: receive RaftClientReply:client-19C32667576E->48affcab-e6e4-4602-963a-f6a50efbd54c@group-50C56EAF5137, cid=2822, SUCCESS, logIndex=4234, commits[48affcab-e6e4-4602-963a-f6a50efbd54c:c4235, 7e391b60-07ae-4d97-a027-4756e468c032:c4233, c5f86d96-67df-4f25-bde3-316f439d30b3:c4233]
2019-08-23 18:29:13,318 [grpc-default-executor-4] INFO  client.GrpcClientProtocolClient (GrpcClientProtocolClient.java:onNext(255)) - client-19C32667576E->48affcab-e6e4-4602-963a-f6a50efbd54c: receive RaftClientReply:client-19C32667576E->48affcab-e6e4-4602-963a-f6a50efbd54c@group-50C56EAF5137, cid=2823, SUCCESS, logIndex=4235, commits[48affcab-e6e4-4602-963a-f6a50efbd54c:c4235, 7e391b60-07ae-4d97-a027-4756e468c032:c4233, c5f86d96-67df-4f25-bde3-316f439d30b3:c4233]
2019-08-23 18:29:13,324 | INFO  | DNAudit | user=null | ip=null | op=WRITE_CHUNK {blockData=conID: 1 locID: 102667711496258162 bcsId: 4235} | ret=SUCCESS |  
2019-08-23 18:29:13,326 | INFO  | DNAudit | user=null | ip=null | op=WRITE_CHUNK {blockData=conID: 1 locID: 102667711496258162 bcsId: 4235} | ret=SUCCESS |  
2019-08-23 18:29:13,326 | INFO  | DNAudit | user=null | ip=null | op=WRITE_CHUNK {blockData=conID: 1 locID: 102667711496258162 bcsId: 4235} | ret=SUCCESS |  
2019-08-23 18:29:13,330 | INFO  | DNAudit | user=null | ip=null | op=WRITE_CHUNK {blockData=conID: 1 locID: 102667711496258162 bcsId: 4229} | ret=SUCCESS |  
2019-08-23 18:29:13,330 | INFO  | DNAudit | user=null | ip=null | op=WRITE_CHUNK {blockData=conID: 1 locID: 102667711496258162 bcsId: 4229} | ret=SUCCESS |  
2019-08-23 18:29:13,331 | INFO  | DNAudit | user=null | ip=null | op=PUT_BLOCK {blockData=[blockId=conID: 1 locID: 102667711496258162 bcsId: 0,size=3145728]} | ret=SUCCESS |  
2019-08-23 18:29:13,331 | INFO  | DNAudit | user=null | ip=null | op=PUT_BLOCK {blockData=[blockId=conID: 1 locID: 102667711496258162 bcsId: 0,size=3145728]} | ret=SUCCESS |  
2019-08-23 18:29:13,344 | INFO  | DNAudit | user=null | ip=null | op=WRITE_CHUNK {blockData=conID: 1 locID: 102667711496258162 bcsId: 4235} | ret=SUCCESS |  
2019-08-23 18:29:13,344 | INFO  | DNAudit | user=null | ip=null | op=PUT_BLOCK {blockData=[blockId=conID: 1 locID: 102667711496258162 bcsId: 0,size=4194304]} | ret=SUCCESS |  
2019-08-23 18:29:13,344 [grpc-default-executor-3] INFO  client.GrpcClientProtocolClient (GrpcClientProtocolClient.java:onNext(255)) - client-19C32667576E->48affcab-e6e4-4602-963a-f6a50efbd54c: receive RaftClientReply:client-19C32667576E->48affcab-e6e4-4602-963a-f6a50efbd54c@group-50C56EAF5137, cid=2824, SUCCESS, logIndex=4238, commits[48affcab-e6e4-4602-963a-f6a50efbd54c:c4239, 7e391b60-07ae-4d97-a027-4756e468c032:c4235, c5f86d96-67df-4f25-bde3-316f439d30b3:c4235]
2019-08-23 18:29:13,345 [grpc-default-executor-3] INFO  client.GrpcClientProtocolClient (GrpcClientProtocolClient.java:onNext(255)) - client-19C32667576E->48affcab-e6e4-4602-963a-f6a50efbd54c: receive RaftClientReply:client-19C32667576E->48affcab-e6e4-4602-963a-f6a50efbd54c@group-50C56EAF5137, cid=2825, SUCCESS, logIndex=4239, commits[48affcab-e6e4-4602-963a-f6a50efbd54c:c4239, 7e391b60-07ae-4d97-a027-4756e468c032:c4235, c5f86d96-67df-4f25-bde3-316f439d30b3:c4235]
2019-08-23 18:29:13,357 | INFO  | DNAudit | user=null | ip=null | op=WRITE_CHUNK {blockData=conID: 1 locID: 102667711496258162 bcsId: 4235} | ret=SUCCESS |  
2019-08-23 18:29:13,357 | INFO  | DNAudit | user=null | ip=null | op=WRITE_CHUNK {blockData=conID: 1 locID: 102667711496258162 bcsId: 4235} | ret=SUCCESS |  
2019-08-23 18:29:13,370 | INFO  | DNAudit | user=null | ip=null | op=PUT_BLOCK {blockData=[blockId=conID: 1 locID: 102667711496258162 bcsId: 0,size=4194304]} | ret=SUCCESS |  
2019-08-23 18:29:13,370 | INFO  | DNAudit | user=null | ip=null | op=PUT_BLOCK {blockData=[blockId=conID: 1 locID: 102667711496258162 bcsId: 0,size=4194304]} | ret=SUCCESS |  
2019-08-23 18:29:13,370 [grpc-default-executor-0] INFO  client.GrpcClientProtocolClient (GrpcClientProtocolClient.java:onNext(255)) - client-19C32667576E->48affcab-e6e4-4602-963a-f6a50efbd54c: receive RaftClientReply:client-19C32667576E->48affcab-e6e4-4602-963a-f6a50efbd54c@group-50C56EAF5137, cid=2826, SUCCESS, logIndex=0, commits[48affcab-e6e4-4602-963a-f6a50efbd54c:c4241, 7e391b60-07ae-4d97-a027-4756e468c032:c4239, c5f86d96-67df-4f25-bde3-316f439d30b3:c4239]
2019-08-23 18:29:13,377 | INFO  | SCMAudit | user=jenkins1000 | ip=192.168.34.23 | op=ALLOCATE_BLOCK {owner=1ceb8b80-28f1-43fd-86c3-175afc07b8d1, size=4194304, type=RATIS, factor=THREE} | ret=SUCCESS |  
2019-08-23 18:29:13,382 | INFO  | OMAudit | user=jenkins1000 | ip=127.0.0.1 | op=ALLOCATE_BLOCK {volume=vol-0-45438, bucket=bucket-0-23891, key=key-0-22455, dataSize=0, replicationType=null, replicationFactor=null, keyLocationInfo=null, clientID=102667710122492306} | ret=SUCCESS |  
2019-08-23 18:29:13,389 | INFO  | DNAudit | user=null | ip=null | op=WRITE_CHUNK {blockData=conID: 2 locID: 102667711504515699 bcsId: 0} | ret=SUCCESS |  
2019-08-23 18:29:13,390 | INFO  | DNAudit | user=null | ip=null | op=WRITE_CHUNK {blockData=conID: 2 locID: 102667711504515699 bcsId: 0} | ret=SUCCESS |  
2019-08-23 18:29:13,391 | INFO  | DNAudit | user=null | ip=null | op=WRITE_CHUNK {blockData=conID: 2 locID: 102667711504515699 bcsId: 0} | ret=SUCCESS |  
2019-08-23 18:29:13,391 | INFO  | DNAudit | user=null | ip=null | op=WRITE_CHUNK {blockData=conID: 2 locID: 102667711504515699 bcsId: 0} | ret=SUCCESS |  
2019-08-23 18:29:13,392 | INFO  | DNAudit | user=null | ip=null | op=WRITE_CHUNK {blockData=conID: 2 locID: 102667711504515699 bcsId: 0} | ret=SUCCESS |  
2019-08-23 18:29:13,393 | INFO  | DNAudit | user=null | ip=null | op=WRITE_CHUNK {blockData=conID: 2 locID: 102667711504515699 bcsId: 0} | ret=SUCCESS |  
2019-08-23 18:29:13,402 | INFO  | DNAudit | user=null | ip=null | op=WRITE_CHUNK {blockData=conID: 2 locID: 102667711504515699 bcsId: 0} | ret=SUCCESS |  
2019-08-23 18:29:13,403 | INFO  | DNAudit | user=null | ip=null | op=PUT_BLOCK {blockData=[blockId=conID: 2 locID: 102667711504515699 bcsId: 0,size=1048576]} | ret=SUCCESS |  
2019-08-23 18:29:13,403 | INFO  | DNAudit | user=null | ip=null | op=WRITE_CHUNK {blockData=conID: 2 locID: 102667711504515699 bcsId: 0} | ret=SUCCESS |  
2019-08-23 18:29:13,403 [grpc-default-executor-3] INFO  client.GrpcClientProtocolClient (GrpcClientProtocolClient.java:onNext(255)) - client-19C32667576E->48affcab-e6e4-4602-963a-f6a50efbd54c: receive RaftClientReply:client-19C32667576E->48affcab-e6e4-4602-963a-f6a50efbd54c@group-50C56EAF5137, cid=2827, SUCCESS, logIndex=4242, commits[48affcab-e6e4-4602-963a-f6a50efbd54c:c4243, 7e391b60-07ae-4d97-a027-4756e468c032:c4239, c5f86d96-67df-4f25-bde3-316f439d30b3:c4241]
2019-08-23 18:29:13,404 | INFO  | DNAudit | user=null | ip=null | op=PUT_BLOCK {blockData=[blockId=conID: 2 locID: 102667711504515699 bcsId: 0,size=2097152]} | ret=SUCCESS |  
2019-08-23 18:29:13,404 [grpc-default-executor-0] INFO  client.GrpcClientProtocolClient (GrpcClientProtocolClient.java:onNext(255)) - client-19C32667576E->48affcab-e6e4-4602-963a-f6a50efbd54c: receive RaftClientReply:client-19C32667576E->48affcab-e6e4-4602-963a-f6a50efbd54c@group-50C56EAF5137, cid=2828, SUCCESS, logIndex=4243, commits[48affcab-e6e4-4602-963a-f6a50efbd54c:c4244, 7e391b60-07ae-4d97-a027-4756e468c032:c4241, c5f86d96-67df-4f25-bde3-316f439d30b3:c4241]
2019-08-23 18:29:13,404 [grpc-default-executor-0] INFO  client.GrpcClientProtocolClient (GrpcClientProtocolClient.java:onNext(255)) - client-19C32667576E->48affcab-e6e4-4602-963a-f6a50efbd54c: receive RaftClientReply:client-19C32667576E->48affcab-e6e4-4602-963a-f6a50efbd54c@group-50C56EAF5137, cid=2829, SUCCESS, logIndex=4244, commits[48affcab-e6e4-4602-963a-f6a50efbd54c:c4245, 7e391b60-07ae-4d97-a027-4756e468c032:c4241, c5f86d96-67df-4f25-bde3-316f439d30b3:c4241]
2019-08-23 18:29:13,404 [grpc-default-executor-0] INFO  client.GrpcClientProtocolClient (GrpcClientProtocolClient.java:onNext(255)) - client-19C32667576E->48affcab-e6e4-4602-963a-f6a50efbd54c: receive RaftClientReply:client-19C32667576E->48affcab-e6e4-4602-963a-f6a50efbd54c@group-50C56EAF5137, cid=2830, SUCCESS, logIndex=4245, commits[48affcab-e6e4-4602-963a-f6a50efbd54c:c4245, 7e391b60-07ae-4d97-a027-4756e468c032:c4241, c5f86d96-67df-4f25-bde3-316f439d30b3:c4241]
2019-08-23 18:29:13,415 | INFO  | DNAudit | user=null | ip=null | op=WRITE_CHUNK {blockData=conID: 2 locID: 102667711504515699 bcsId: 0} | ret=SUCCESS |  
2019-08-23 18:29:13,416 | INFO  | DNAudit | user=null | ip=null | op=PUT_BLOCK {blockData=[blockId=conID: 2 locID: 102667711504515699 bcsId: 0,size=1048576]} | ret=SUCCESS |  
2019-08-23 18:29:13,417 | INFO  | DNAudit | user=null | ip=null | op=WRITE_CHUNK {blockData=conID: 2 locID: 102667711504515699 bcsId: 0} | ret=SUCCESS |  
2019-08-23 18:29:13,418 | INFO  | DNAudit | user=null | ip=null | op=PUT_BLOCK {blockData=[blockId=conID: 2 locID: 102667711504515699 bcsId: 0,size=1048576]} | ret=SUCCESS |  
2019-08-23 18:29:13,418 [grpc-default-executor-0] INFO  client.GrpcClientProtocolClient (GrpcClientProtocolClient.java:onNext(255)) - client-19C32667576E->48affcab-e6e4-4602-963a-f6a50efbd54c: receive RaftClientReply:client-19C32667576E->48affcab-e6e4-4602-963a-f6a50efbd54c@group-50C56EAF5137, cid=2831, SUCCESS, logIndex=0, commits[48affcab-e6e4-4602-963a-f6a50efbd54c:c4247, 7e391b60-07ae-4d97-a027-4756e468c032:c4243, c5f86d96-67df-4f25-bde3-316f439d30b3:c4243]
2019-08-23 18:29:13,419 | INFO  | DNAudit | user=null | ip=null | op=WRITE_CHUNK {blockData=conID: 2 locID: 102667711504515699 bcsId: 0} | ret=SUCCESS |  
2019-08-23 18:29:13,419 | INFO  | DNAudit | user=null | ip=null | op=PUT_BLOCK {blockData=[blockId=conID: 2 locID: 102667711504515699 bcsId: 0,size=2097152]} | ret=SUCCESS |  
2019-08-23 18:29:13,419 | INFO  | DNAudit | user=null | ip=null | op=WRITE_CHUNK {blockData=conID: 2 locID: 102667711504515699 bcsId: 0} | ret=SUCCESS |  
2019-08-23 18:29:13,419 | INFO  | DNAudit | user=null | ip=null | op=PUT_BLOCK {blockData=[blockId=conID: 2 locID: 102667711504515699 bcsId: 0,size=2097152]} | ret=SUCCESS |  
2019-08-23 18:29:13,424 | INFO  | DNAudit | user=null | ip=null | op=WRITE_CHUNK {blockData=conID: 2 locID: 102667711504515699 bcsId: 4245} | ret=SUCCESS |  
2019-08-23 18:29:13,426 | INFO  | DNAudit | user=null | ip=null | op=WRITE_CHUNK {blockData=conID: 2 locID: 102667711504515699 bcsId: 4245} | ret=SUCCESS |  
2019-08-23 18:29:13,426 | INFO  | DNAudit | user=null | ip=null | op=WRITE_CHUNK {blockData=conID: 2 locID: 102667711504515699 bcsId: 4245} | ret=SUCCESS |  
2019-08-23 18:29:13,429 | INFO  | DNAudit | user=null | ip=null | op=WRITE_CHUNK {blockData=conID: 2 locID: 102667711504515699 bcsId: 4245} | ret=SUCCESS |  
2019-08-23 18:29:13,429 | INFO  | DNAudit | user=null | ip=null | op=PUT_BLOCK {blockData=[blockId=conID: 2 locID: 102667711504515699 bcsId: 0,size=3145728]} | ret=SUCCESS |  
2019-08-23 18:29:13,430 [grpc-default-executor-0] INFO  client.GrpcClientProtocolClient (GrpcClientProtocolClient.java:onNext(255)) - client-19C32667576E->48affcab-e6e4-4602-963a-f6a50efbd54c: receive RaftClientReply:client-19C32667576E->48affcab-e6e4-4602-963a-f6a50efbd54c@group-50C56EAF5137, cid=2832, SUCCESS, logIndex=4250, commits[48affcab-e6e4-4602-963a-f6a50efbd54c:c4251, 7e391b60-07ae-4d97-a027-4756e468c032:c4249, c5f86d96-67df-4f25-bde3-316f439d30b3:c4249]
2019-08-23 18:29:13,430 [grpc-default-executor-0] INFO  client.GrpcClientProtocolClient (GrpcClientProtocolClient.java:onNext(255)) - client-19C32667576E->48affcab-e6e4-4602-963a-f6a50efbd54c: receive RaftClientReply:client-19C32667576E->48affcab-e6e4-4602-963a-f6a50efbd54c@group-50C56EAF5137, cid=2833, SUCCESS, logIndex=4251, commits[48affcab-e6e4-4602-963a-f6a50efbd54c:c4251, 7e391b60-07ae-4d97-a027-4756e468c032:c4249, c5f86d96-67df-4f25-bde3-316f439d30b3:c4249]
2019-08-23 18:29:13,432 | INFO  | DNAudit | user=null | ip=null | op=WRITE_CHUNK {blockData=conID: 2 locID: 102667711504515699 bcsId: 4245} | ret=SUCCESS |  
2019-08-23 18:29:13,432 | INFO  | DNAudit | user=null | ip=null | op=PUT_BLOCK {blockData=[blockId=conID: 2 locID: 102667711504515699 bcsId: 0,size=3145728]} | ret=SUCCESS |  
2019-08-23 18:29:13,434 | INFO  | DNAudit | user=null | ip=null | op=WRITE_CHUNK {blockData=conID: 2 locID: 102667711504515699 bcsId: 4245} | ret=SUCCESS |  
2019-08-23 18:29:13,434 | INFO  | DNAudit | user=null | ip=null | op=PUT_BLOCK {blockData=[blockId=conID: 2 locID: 102667711504515699 bcsId: 0,size=3145728]} | ret=SUCCESS |  
2019-08-23 18:29:13,436 | INFO  | DNAudit | user=null | ip=null | op=WRITE_CHUNK {blockData=conID: 2 locID: 102667711504515699 bcsId: 4251} | ret=SUCCESS |  
2019-08-23 18:29:13,438 | INFO  | DNAudit | user=null | ip=null | op=WRITE_CHUNK {blockData=conID: 2 locID: 102667711504515699 bcsId: 4251} | ret=SUCCESS |  
2019-08-23 18:29:13,438 | INFO  | DNAudit | user=null | ip=null | op=WRITE_CHUNK {blockData=conID: 2 locID: 102667711504515699 bcsId: 4251} | ret=SUCCESS |  
2019-08-23 18:29:13,439 | INFO  | DNAudit | user=null | ip=null | op=WRITE_CHUNK {blockData=conID: 2 locID: 102667711504515699 bcsId: 4251} | ret=SUCCESS |  
2019-08-23 18:29:13,440 | INFO  | DNAudit | user=null | ip=null | op=PUT_BLOCK {blockData=[blockId=conID: 2 locID: 102667711504515699 bcsId: 0,size=4194304]} | ret=SUCCESS |  
2019-08-23 18:29:13,440 [grpc-default-executor-0] INFO  client.GrpcClientProtocolClient (GrpcClientProtocolClient.java:onNext(255)) - client-19C32667576E->48affcab-e6e4-4602-963a-f6a50efbd54c: receive RaftClientReply:client-19C32667576E->48affcab-e6e4-4602-963a-f6a50efbd54c@group-50C56EAF5137, cid=2834, SUCCESS, logIndex=4254, commits[48affcab-e6e4-4602-963a-f6a50efbd54c:c4255, 7e391b60-07ae-4d97-a027-4756e468c032:c4252, c5f86d96-67df-4f25-bde3-316f439d30b3:c4251]
2019-08-23 18:29:13,440 [grpc-default-executor-0] INFO  client.GrpcClientProtocolClient (GrpcClientProtocolClient.java:onNext(255)) - client-19C32667576E->48affcab-e6e4-4602-963a-f6a50efbd54c: receive RaftClientReply:client-19C32667576E->48affcab-e6e4-4602-963a-f6a50efbd54c@group-50C56EAF5137, cid=2835, SUCCESS, logIndex=4255, commits[48affcab-e6e4-4602-963a-f6a50efbd54c:c4255, 7e391b60-07ae-4d97-a027-4756e468c032:c4252, c5f86d96-67df-4f25-bde3-316f439d30b3:c4251]
2019-08-23 18:29:13,444 | INFO  | DNAudit | user=null | ip=null | op=WRITE_CHUNK {blockData=conID: 2 locID: 102667711504515699 bcsId: 4251} | ret=SUCCESS |  
2019-08-23 18:29:13,444 | INFO  | DNAudit | user=null | ip=null | op=WRITE_CHUNK {blockData=conID: 2 locID: 102667711504515699 bcsId: 4251} | ret=SUCCESS |  
2019-08-23 18:29:13,444 | INFO  | DNAudit | user=null | ip=null | op=PUT_BLOCK {blockData=[blockId=conID: 2 locID: 102667711504515699 bcsId: 0,size=4194304]} | ret=SUCCESS |  
2019-08-23 18:29:13,445 | INFO  | DNAudit | user=null | ip=null | op=PUT_BLOCK {blockData=[blockId=conID: 2 locID: 102667711504515699 bcsId: 0,size=4194304]} | ret=SUCCESS |  
2019-08-23 18:29:13,445 [grpc-default-executor-3] INFO  client.GrpcClientProtocolClient (GrpcClientProtocolClient.java:onNext(255)) - client-19C32667576E->48affcab-e6e4-4602-963a-f6a50efbd54c: receive RaftClientReply:client-19C32667576E->48affcab-e6e4-4602-963a-f6a50efbd54c@group-50C56EAF5137, cid=2836, SUCCESS, logIndex=0, commits[48affcab-e6e4-4602-963a-f6a50efbd54c:c4256, 7e391b60-07ae-4d97-a027-4756e468c032:c4255, c5f86d96-67df-4f25-bde3-316f439d30b3:c4255]
2019-08-23 18:29:13,450 | INFO  | SCMAudit | user=jenkins1000 | ip=192.168.34.23 | op=ALLOCATE_BLOCK {owner=1ceb8b80-28f1-43fd-86c3-175afc07b8d1, size=4194304, type=RATIS, factor=THREE} | ret=SUCCESS |  
2019-08-23 18:29:13,453 | INFO  | OMAudit | user=jenkins1000 | ip=127.0.0.1 | op=ALLOCATE_BLOCK {volume=vol-0-45438, bucket=bucket-0-23891, key=key-0-22455, dataSize=0, replicationType=null, replicationFactor=null, keyLocationInfo=null, clientID=102667710122492306} | ret=SUCCESS |  
2019-08-23 18:29:13,459 | INFO  | DNAudit | user=null | ip=null | op=WRITE_CHUNK {blockData=conID: 3 locID: 102667711509299828 bcsId: 0} | ret=SUCCESS |  
2019-08-23 18:29:13,462 | INFO  | DNAudit | user=null | ip=null | op=WRITE_CHUNK {blockData=conID: 3 locID: 102667711509299828 bcsId: 0} | ret=SUCCESS |  
2019-08-23 18:29:13,462 | INFO  | DNAudit | user=null | ip=null | op=WRITE_CHUNK {blockData=conID: 3 locID: 102667711509299828 bcsId: 0} | ret=SUCCESS |  
2019-08-23 18:29:13,462 | INFO  | DNAudit | user=null | ip=null | op=WRITE_CHUNK {blockData=conID: 3 locID: 102667711509299828 bcsId: 0} | ret=SUCCESS |  
2019-08-23 18:29:13,464 | INFO  | DNAudit | user=null | ip=null | op=WRITE_CHUNK {blockData=conID: 3 locID: 102667711509299828 bcsId: 0} | ret=SUCCESS |  
2019-08-23 18:29:13,465 | INFO  | DNAudit | user=null | ip=null | op=WRITE_CHUNK {blockData=conID: 3 locID: 102667711509299828 bcsId: 0} | ret=SUCCESS |  
2019-08-23 18:29:13,465 | INFO  | DNAudit | user=null | ip=null | op=WRITE_CHUNK {blockData=conID: 3 locID: 102667711509299828 bcsId: 0} | ret=SUCCESS |  
2019-08-23 18:29:13,465 | INFO  | DNAudit | user=null | ip=null | op=PUT_BLOCK {blockData=[blockId=conID: 3 locID: 102667711509299828 bcsId: 0,size=1048576]} | ret=SUCCESS |  
2019-08-23 18:29:13,465 [grpc-default-executor-0] INFO  client.GrpcClientProtocolClient (GrpcClientProtocolClient.java:onNext(255)) - client-19C32667576E->48affcab-e6e4-4602-963a-f6a50efbd54c: receive RaftClientReply:client-19C32667576E->48affcab-e6e4-4602-963a-f6a50efbd54c@group-50C56EAF5137, cid=2837, SUCCESS, logIndex=4258, commits[48affcab-e6e4-4602-963a-f6a50efbd54c:c4259, 7e391b60-07ae-4d97-a027-4756e468c032:c4257, c5f86d96-67df-4f25-bde3-316f439d30b3:c4257]
2019-08-23 18:29:13,465 [grpc-default-executor-0] INFO  client.GrpcClientProtocolClient (GrpcClientProtocolClient.java:onNext(255)) - client-19C32667576E->48affcab-e6e4-4602-963a-f6a50efbd54c: receive RaftClientReply:client-19C32667576E->48affcab-e6e4-4602-963a-f6a50efbd54c@group-50C56EAF5137, cid=2838, SUCCESS, logIndex=4259, commits[48affcab-e6e4-4602-963a-f6a50efbd54c:c4259, 7e391b60-07ae-4d97-a027-4756e468c032:c4257, c5f86d96-67df-4f25-bde3-316f439d30b3:c4257]
2019-08-23 18:29:13,466 | INFO  | DNAudit | user=null | ip=null | op=WRITE_CHUNK {blockData=conID: 3 locID: 102667711509299828 bcsId: 0} | ret=SUCCESS |  
2019-08-23 18:29:13,466 | INFO  | DNAudit | user=null | ip=null | op=WRITE_CHUNK {blockData=conID: 3 locID: 102667711509299828 bcsId: 0} | ret=SUCCESS |  
2019-08-23 18:29:13,466 | INFO  | DNAudit | user=null | ip=null | op=PUT_BLOCK {blockData=[blockId=conID: 3 locID: 102667711509299828 bcsId: 0,size=1048576]} | ret=SUCCESS |  
2019-08-23 18:29:13,467 | INFO  | DNAudit | user=null | ip=null | op=PUT_BLOCK {blockData=[blockId=conID: 3 locID: 102667711509299828 bcsId: 0,size=2097152]} | ret=SUCCESS |  
2019-08-23 18:29:13,467 [grpc-default-executor-5] INFO  client.GrpcClientProtocolClient (GrpcClientProtocolClient.java:onNext(255)) - client-19C32667576E->48affcab-e6e4-4602-963a-f6a50efbd54c: receive RaftClientReply:client-19C32667576E->48affcab-e6e4-4602-963a-f6a50efbd54c@group-50C56EAF5137, cid=2839, SUCCESS, logIndex=4260, commits[48affcab-e6e4-4602-963a-f6a50efbd54c:c4262, 7e391b60-07ae-4d97-a027-4756e468c032:c4258, c5f86d96-67df-4f25-bde3-316f439d30b3:c4257]
2019-08-23 18:29:13,467 [grpc-default-executor-5] INFO  client.GrpcClientProtocolClient (GrpcClientProtocolClient.java:onNext(255)) - client-19C32667576E->48affcab-e6e4-4602-963a-f6a50efbd54c: receive RaftClientReply:client-19C32667576E->48affcab-e6e4-4602-963a-f6a50efbd54c@group-50C56EAF5137, cid=2840, SUCCESS, logIndex=4261, commits[48affcab-e6e4-4602-963a-f6a50efbd54c:c4262, 7e391b60-07ae-4d97-a027-4756e468c032:c4259, c5f86d96-67df-4f25-bde3-316f439d30b3:c4257]
2019-08-23 18:29:13,468 | INFO  | DNAudit | user=null | ip=null | op=WRITE_CHUNK {blockData=conID: 3 locID: 102667711509299828 bcsId: 0} | ret=SUCCESS |  
2019-08-23 18:29:13,468 | INFO  | DNAudit | user=null | ip=null | op=PUT_BLOCK {blockData=[blockId=conID: 3 locID: 102667711509299828 bcsId: 0,size=1048576]} | ret=SUCCESS |  
2019-08-23 18:29:13,469 [grpc-default-executor-5] INFO  client.GrpcClientProtocolClient (GrpcClientProtocolClient.java:onNext(255)) - client-19C32667576E->48affcab-e6e4-4602-963a-f6a50efbd54c: receive RaftClientReply:client-19C32667576E->48affcab-e6e4-4602-963a-f6a50efbd54c@group-50C56EAF5137, cid=2841, SUCCESS, logIndex=0, commits[48affcab-e6e4-4602-963a-f6a50efbd54c:c4263, 7e391b60-07ae-4d97-a027-4756e468c032:c4259, c5f86d96-67df-4f25-bde3-316f439d30b3:c4259]
2019-08-23 18:29:13,474 | INFO  | DNAudit | user=null | ip=null | op=WRITE_CHUNK {blockData=conID: 3 locID: 102667711509299828 bcsId: 4261} | ret=SUCCESS |  
2019-08-23 18:29:13,477 | INFO  | DNAudit | user=null | ip=null | op=WRITE_CHUNK {blockData=conID: 3 locID: 102667711509299828 bcsId: 4261} | ret=SUCCESS |  
2019-08-23 18:29:13,477 | INFO  | DNAudit | user=null | ip=null | op=WRITE_CHUNK {blockData=conID: 3 locID: 102667711509299828 bcsId: 4261} | ret=SUCCESS |  
2019-08-23 18:29:13,479 | INFO  | DNAudit | user=null | ip=null | op=WRITE_CHUNK {blockData=conID: 3 locID: 102667711509299828 bcsId: 0} | ret=SUCCESS |  
2019-08-23 18:29:13,480 | INFO  | DNAudit | user=null | ip=null | op=WRITE_CHUNK {blockData=conID: 3 locID: 102667711509299828 bcsId: 0} | ret=SUCCESS |  
2019-08-23 18:29:13,480 | INFO  | DNAudit | user=null | ip=null | op=PUT_BLOCK {blockData=[blockId=conID: 3 locID: 102667711509299828 bcsId: 0,size=2097152]} | ret=SUCCESS |  
2019-08-23 18:29:13,480 | INFO  | DNAudit | user=null | ip=null | op=PUT_BLOCK {blockData=[blockId=conID: 3 locID: 102667711509299828 bcsId: 0,size=2097152]} | ret=SUCCESS |  
2019-08-23 18:29:13,482 | INFO  | DNAudit | user=null | ip=null | op=WRITE_CHUNK {blockData=conID: 3 locID: 102667711509299828 bcsId: 4261} | ret=SUCCESS |  
2019-08-23 18:29:13,482 | INFO  | DNAudit | user=null | ip=null | op=PUT_BLOCK {blockData=[blockId=conID: 3 locID: 102667711509299828 bcsId: 0,size=3145728]} | ret=SUCCESS |  
2019-08-23 18:29:13,483 [grpc-default-executor-5] INFO  client.GrpcClientProtocolClient (GrpcClientProtocolClient.java:onNext(255)) - client-19C32667576E->48affcab-e6e4-4602-963a-f6a50efbd54c: receive RaftClientReply:client-19C32667576E->48affcab-e6e4-4602-963a-f6a50efbd54c@group-50C56EAF5137, cid=2842, SUCCESS, logIndex=4266, commits[48affcab-e6e4-4602-963a-f6a50efbd54c:c4267, 7e391b60-07ae-4d97-a027-4756e468c032:c4263, c5f86d96-67df-4f25-bde3-316f439d30b3:c4262]
2019-08-23 18:29:13,483 [grpc-default-executor-5] INFO  client.GrpcClientProtocolClient (GrpcClientProtocolClient.java:onNext(255)) - client-19C32667576E->48affcab-e6e4-4602-963a-f6a50efbd54c: receive RaftClientReply:client-19C32667576E->48affcab-e6e4-4602-963a-f6a50efbd54c@group-50C56EAF5137, cid=2843, SUCCESS, logIndex=4267, commits[48affcab-e6e4-4602-963a-f6a50efbd54c:c4267, 7e391b60-07ae-4d97-a027-4756e468c032:c4263, c5f86d96-67df-4f25-bde3-316f439d30b3:c4263]
2019-08-23 18:29:13,488 | INFO  | DNAudit | user=null | ip=null | op=WRITE_CHUNK {blockData=conID: 3 locID: 102667711509299828 bcsId: 4267} | ret=SUCCESS |  
2019-08-23 18:29:13,491 | INFO  | DNAudit | user=null | ip=null | op=WRITE_CHUNK {blockData=conID: 3 locID: 102667711509299828 bcsId: 4267} | ret=SUCCESS |  
2019-08-23 18:29:13,491 | INFO  | DNAudit | user=null | ip=null | op=WRITE_CHUNK {blockData=conID: 3 locID: 102667711509299828 bcsId: 4267} | ret=SUCCESS |  
2019-08-23 18:29:13,494 | INFO  | DNAudit | user=null | ip=null | op=WRITE_CHUNK {blockData=conID: 3 locID: 102667711509299828 bcsId: 4261} | ret=SUCCESS |  
2019-08-23 18:29:13,498 | INFO  | DNAudit | user=null | ip=null | op=PUT_BLOCK {blockData=[blockId=conID: 3 locID: 102667711509299828 bcsId: 0,size=3145728]} | ret=SUCCESS |  
2019-08-23 18:29:13,498 | INFO  | DNAudit | user=null | ip=null | op=WRITE_CHUNK {blockData=conID: 3 locID: 102667711509299828 bcsId: 4261} | ret=SUCCESS |  
2019-08-23 18:29:13,499 | INFO  | DNAudit | user=null | ip=null | op=PUT_BLOCK {blockData=[blockId=conID: 3 locID: 102667711509299828 bcsId: 0,size=3145728]} | ret=SUCCESS |  
2019-08-23 18:29:13,510 | INFO  | DNAudit | user=null | ip=null | op=WRITE_CHUNK {blockData=conID: 3 locID: 102667711509299828 bcsId: 4267} | ret=SUCCESS |  
2019-08-23 18:29:13,511 | INFO  | DNAudit | user=null | ip=null | op=PUT_BLOCK {blockData=[blockId=conID: 3 locID: 102667711509299828 bcsId: 0,size=4194304]} | ret=SUCCESS |  
2019-08-23 18:29:13,511 [grpc-default-executor-3] INFO  client.GrpcClientProtocolClient (GrpcClientProtocolClient.java:onNext(255)) - client-19C32667576E->48affcab-e6e4-4602-963a-f6a50efbd54c: receive RaftClientReply:client-19C32667576E->48affcab-e6e4-4602-963a-f6a50efbd54c@group-50C56EAF5137, cid=2844, SUCCESS, logIndex=4269, commits[48affcab-e6e4-4602-963a-f6a50efbd54c:c4270, 7e391b60-07ae-4d97-a027-4756e468c032:c4267, c5f86d96-67df-4f25-bde3-316f439d30b3:c4267]
2019-08-23 18:29:13,511 [grpc-default-executor-3] INFO  client.GrpcClientProtocolClient (GrpcClientProtocolClient.java:onNext(255)) - client-19C32667576E->48affcab-e6e4-4602-963a-f6a50efbd54c: receive RaftClientReply:client-19C32667576E->48affcab-e6e4-4602-963a-f6a50efbd54c@group-50C56EAF5137, cid=2845, SUCCESS, logIndex=4270, commits[48affcab-e6e4-4602-963a-f6a50efbd54c:c4270, 7e391b60-07ae-4d97-a027-4756e468c032:c4267, c5f86d96-67df-4f25-bde3-316f439d30b3:c4267]
2019-08-23 18:29:13,523 | INFO  | DNAudit | user=null | ip=null | op=WRITE_CHUNK {blockData=conID: 3 locID: 102667711509299828 bcsId: 4267} | ret=SUCCESS |  
2019-08-23 18:29:13,523 | INFO  | DNAudit | user=null | ip=null | op=WRITE_CHUNK {blockData=conID: 3 locID: 102667711509299828 bcsId: 4267} | ret=SUCCESS |  
2019-08-23 18:29:13,536 | INFO  | DNAudit | user=null | ip=null | op=PUT_BLOCK {blockData=[blockId=conID: 3 locID: 102667711509299828 bcsId: 0,size=4194304]} | ret=SUCCESS |  
2019-08-23 18:29:13,536 | INFO  | DNAudit | user=null | ip=null | op=PUT_BLOCK {blockData=[blockId=conID: 3 locID: 102667711509299828 bcsId: 0,size=4194304]} | ret=SUCCESS |  
2019-08-23 18:29:13,536 [grpc-default-executor-0] INFO  client.GrpcClientProtocolClient (GrpcClientProtocolClient.java:onNext(255)) - client-19C32667576E->48affcab-e6e4-4602-963a-f6a50efbd54c: receive RaftClientReply:client-19C32667576E->48affcab-e6e4-4602-963a-f6a50efbd54c@group-50C56EAF5137, cid=2846, SUCCESS, logIndex=0, commits[48affcab-e6e4-4602-963a-f6a50efbd54c:c4272, 7e391b60-07ae-4d97-a027-4756e468c032:c4270, c5f86d96-67df-4f25-bde3-316f439d30b3:c4270]
2019-08-23 18:29:13,541 | INFO  | SCMAudit | user=jenkins1000 | ip=192.168.34.23 | op=ALLOCATE_BLOCK {owner=1ceb8b80-28f1-43fd-86c3-175afc07b8d1, size=4194304, type=RATIS, factor=THREE} | ret=SUCCESS |  
2019-08-23 18:29:13,545 | INFO  | OMAudit | user=jenkins1000 | ip=127.0.0.1 | op=ALLOCATE_BLOCK {volume=vol-0-45438, bucket=bucket-0-23891, key=key-0-22455, dataSize=0, replicationType=null, replicationFactor=null, keyLocationInfo=null, clientID=102667710122492306} | ret=SUCCESS |  
 0.00% |█                                                                                                    |  0/1 Time: 0:00:212019-08-23 18:29:13,666 | INFO  | SCMAudit | user=jenkins1000 | ip=192.168.34.23 | op=SEND_HEARTBEAT {datanodeUUID=c83cddd0-22b5-491d-bff0-a36373498de2, command=[]} | ret=SUCCESS |  
2019-08-23 18:29:13,667 | INFO  | DNAudit | user=null | ip=null | op=WRITE_CHUNK {blockData=conID: 1 locID: 102667711515263605 bcsId: 0} | ret=SUCCESS |  
2019-08-23 18:29:13,671 | INFO  | DNAudit | user=null | ip=null | op=WRITE_CHUNK {blockData=conID: 1 locID: 102667711515263605 bcsId: 0} | ret=SUCCESS |  
2019-08-23 18:29:13,671 | INFO  | DNAudit | user=null | ip=null | op=WRITE_CHUNK {blockData=conID: 1 locID: 102667711515263605 bcsId: 0} | ret=SUCCESS |  
2019-08-23 18:29:13,672 | INFO  | DNAudit | user=null | ip=null | op=WRITE_CHUNK {blockData=conID: 1 locID: 102667711515263605 bcsId: 0} | ret=SUCCESS |  
2019-08-23 18:29:13,673 | INFO  | DNAudit | user=null | ip=null | op=WRITE_CHUNK {blockData=conID: 1 locID: 102667711515263605 bcsId: 0} | ret=SUCCESS |  
2019-08-23 18:29:13,673 | INFO  | DNAudit | user=null | ip=null | op=WRITE_CHUNK {blockData=conID: 1 locID: 102667711515263605 bcsId: 0} | ret=SUCCESS |  
2019-08-23 18:29:13,680 | INFO  | DNAudit | user=null | ip=null | op=WRITE_CHUNK {blockData=conID: 1 locID: 102667711515263605 bcsId: 0} | ret=SUCCESS |  
2019-08-23 18:29:13,680 | INFO  | DNAudit | user=null | ip=null | op=PUT_BLOCK {blockData=[blockId=conID: 1 locID: 102667711515263605 bcsId: 0,size=1048576]} | ret=SUCCESS |  
2019-08-23 18:29:13,680 [grpc-default-executor-3] INFO  client.GrpcClientProtocolClient (GrpcClientProtocolClient.java:onNext(255)) - client-19C32667576E->48affcab-e6e4-4602-963a-f6a50efbd54c: receive RaftClientReply:client-19C32667576E->48affcab-e6e4-4602-963a-f6a50efbd54c@group-50C56EAF5137, cid=2847, SUCCESS, logIndex=4273, commits[48affcab-e6e4-4602-963a-f6a50efbd54c:c4274, 7e391b60-07ae-4d97-a027-4756e468c032:c4272, c5f86d96-67df-4f25-bde3-316f439d30b3:c4272]
2019-08-23 18:29:13,681 | INFO  | DNAudit | user=null | ip=null | op=WRITE_CHUNK {blockData=conID: 1 locID: 102667711515263605 bcsId: 0} | ret=SUCCESS |  
2019-08-23 18:29:13,681 [grpc-default-executor-3] INFO  client.GrpcClientProtocolClient (GrpcClientProtocolClient.java:onNext(255)) - client-19C32667576E->48affcab-e6e4-4602-963a-f6a50efbd54c: receive RaftClientReply:client-19C32667576E->48affcab-e6e4-4602-963a-f6a50efbd54c@group-50C56EAF5137, cid=2848, SUCCESS, logIndex=4274, commits[48affcab-e6e4-4602-963a-f6a50efbd54c:c4274, 7e391b60-07ae-4d97-a027-4756e468c032:c4272, c5f86d96-67df-4f25-bde3-316f439d30b3:c4272]
2019-08-23 18:29:13,681 | INFO  | DNAudit | user=null | ip=null | op=PUT_BLOCK {blockData=[blockId=conID: 1 locID: 102667711515263605 bcsId: 0,size=2097152]} | ret=SUCCESS |  
2019-08-23 18:29:13,681 [grpc-default-executor-3] INFO  client.GrpcClientProtocolClient (GrpcClientProtocolClient.java:onNext(255)) - client-19C32667576E->48affcab-e6e4-4602-963a-f6a50efbd54c: receive RaftClientReply:client-19C32667576E->48affcab-e6e4-4602-963a-f6a50efbd54c@group-50C56EAF5137, cid=2849, SUCCESS, logIndex=4275, commits[48affcab-e6e4-4602-963a-f6a50efbd54c:c4276, 7e391b60-07ae-4d97-a027-4756e468c032:c4272, c5f86d96-67df-4f25-bde3-316f439d30b3:c4272]
2019-08-23 18:29:13,681 [grpc-default-executor-3] INFO  client.GrpcClientProtocolClient (GrpcClientProtocolClient.java:onNext(255)) - client-19C32667576E->48affcab-e6e4-4602-963a-f6a50efbd54c: receive RaftClientReply:client-19C32667576E->48affcab-e6e4-4602-963a-f6a50efbd54c@group-50C56EAF5137, cid=2850, SUCCESS, logIndex=4276, commits[48affcab-e6e4-4602-963a-f6a50efbd54c:c4276, 7e391b60-07ae-4d97-a027-4756e468c032:c4272, c5f86d96-67df-4f25-bde3-316f439d30b3:c4272]
2019-08-23 18:29:13,693 | INFO  | DNAudit | user=null | ip=null | op=WRITE_CHUNK {blockData=conID: 1 locID: 102667711515263605 bcsId: 0} | ret=SUCCESS |  
2019-08-23 18:29:13,694 | INFO  | DNAudit | user=null | ip=null | op=PUT_BLOCK {blockData=[blockId=conID: 1 locID: 102667711515263605 bcsId: 0,size=1048576]} | ret=SUCCESS |  
2019-08-23 18:29:13,696 | INFO  | DNAudit | user=null | ip=null | op=WRITE_CHUNK {blockData=conID: 1 locID: 102667711515263605 bcsId: 0} | ret=SUCCESS |  
2019-08-23 18:29:13,696 | INFO  | DNAudit | user=null | ip=null | op=PUT_BLOCK {blockData=[blockId=conID: 1 locID: 102667711515263605 bcsId: 0,size=1048576]} | ret=SUCCESS |  
2019-08-23 18:29:13,696 [grpc-default-executor-3] INFO  client.GrpcClientProtocolClient (GrpcClientProtocolClient.java:onNext(255)) - client-19C32667576E->48affcab-e6e4-4602-963a-f6a50efbd54c: receive RaftClientReply:client-19C32667576E->48affcab-e6e4-4602-963a-f6a50efbd54c@group-50C56EAF5137, cid=2851, SUCCESS, logIndex=0, commits[48affcab-e6e4-4602-963a-f6a50efbd54c:c4278, 7e391b60-07ae-4d97-a027-4756e468c032:c4274, c5f86d96-67df-4f25-bde3-316f439d30b3:c4274]
2019-08-23 18:29:13,696 | INFO  | DNAudit | user=null | ip=null | op=WRITE_CHUNK {blockData=conID: 1 locID: 102667711515263605 bcsId: 0} | ret=SUCCESS |  
2019-08-23 18:29:13,696 | INFO  | DNAudit | user=null | ip=null | op=PUT_BLOCK {blockData=[blockId=conID: 1 locID: 102667711515263605 bcsId: 0,size=2097152]} | ret=SUCCESS |  
2019-08-23 18:29:13,701 | INFO  | DNAudit | user=null | ip=null | op=WRITE_CHUNK {blockData=conID: 1 locID: 102667711515263605 bcsId: 4276} | ret=SUCCESS |  
2019-08-23 18:29:13,704 | INFO  | DNAudit | user=null | ip=null | op=WRITE_CHUNK {blockData=conID: 1 locID: 102667711515263605 bcsId: 4276} | ret=SUCCESS |  
2019-08-23 18:29:13,704 | INFO  | DNAudit | user=null | ip=null | op=WRITE_CHUNK {blockData=conID: 1 locID: 102667711515263605 bcsId: 4276} | ret=SUCCESS |  
2019-08-23 18:29:13,706 | INFO  | DNAudit | user=null | ip=null | op=WRITE_CHUNK {blockData=conID: 1 locID: 102667711515263605 bcsId: 0} | ret=SUCCESS |  
2019-08-23 18:29:13,707 | INFO  | DNAudit | user=null | ip=null | op=PUT_BLOCK {blockData=[blockId=conID: 1 locID: 102667711515263605 bcsId: 0,size=2097152]} | ret=SUCCESS |  
2019-08-23 18:29:13,708 | INFO  | DNAudit | user=null | ip=null | op=WRITE_CHUNK {blockData=conID: 1 locID: 102667711515263605 bcsId: 4276} | ret=SUCCESS |  
2019-08-23 18:29:13,708 | INFO  | DNAudit | user=null | ip=null | op=PUT_BLOCK {blockData=[blockId=conID: 1 locID: 102667711515263605 bcsId: 0,size=3145728]} | ret=SUCCESS |  
2019-08-23 18:29:13,708 [grpc-default-executor-3] INFO  client.GrpcClientProtocolClient (GrpcClientProtocolClient.java:onNext(255)) - client-19C32667576E->48affcab-e6e4-4602-963a-f6a50efbd54c: receive RaftClientReply:client-19C32667576E->48affcab-e6e4-4602-963a-f6a50efbd54c@group-50C56EAF5137, cid=2852, SUCCESS, logIndex=4281, commits[48affcab-e6e4-4602-963a-f6a50efbd54c:c4282, 7e391b60-07ae-4d97-a027-4756e468c032:c4276, c5f86d96-67df-4f25-bde3-316f439d30b3:c4280]
2019-08-23 18:29:13,709 [grpc-default-executor-3] INFO  client.GrpcClientProtocolClient (GrpcClientProtocolClient.java:onNext(255)) - client-19C32667576E->48affcab-e6e4-4602-963a-f6a50efbd54c: receive RaftClientReply:client-19C32667576E->48affcab-e6e4-4602-963a-f6a50efbd54c@group-50C56EAF5137, cid=2853, SUCCESS, logIndex=4282, commits[48affcab-e6e4-4602-963a-f6a50efbd54c:c4282, 7e391b60-07ae-4d97-a027-4756e468c032:c4276, c5f86d96-67df-4f25-bde3-316f439d30b3:c4280]
2019-08-23 18:29:13,710 | INFO  | DNAudit | user=null | ip=null | op=WRITE_CHUNK {blockData=conID: 1 locID: 102667711515263605 bcsId: 4276} | ret=SUCCESS |  
2019-08-23 18:29:13,711 | INFO  | DNAudit | user=null | ip=null | op=PUT_BLOCK {blockData=[blockId=conID: 1 locID: 102667711515263605 bcsId: 0,size=3145728]} | ret=SUCCESS |  
2019-08-23 18:29:13,714 | INFO  | DNAudit | user=null | ip=null | op=WRITE_CHUNK {blockData=conID: 1 locID: 102667711515263605 bcsId: 4282} | ret=SUCCESS |  
2019-08-23 18:29:13,716 | INFO  | DNAudit | user=null | ip=null | op=WRITE_CHUNK {blockData=conID: 1 locID: 102667711515263605 bcsId: 4282} | ret=SUCCESS |  
2019-08-23 18:29:13,716 | INFO  | DNAudit | user=null | ip=null | op=WRITE_CHUNK {blockData=conID: 1 locID: 102667711515263605 bcsId: 4282} | ret=SUCCESS |  
2019-08-23 18:29:13,721 | INFO  | DNAudit | user=null | ip=null | op=WRITE_CHUNK {blockData=conID: 1 locID: 102667711515263605 bcsId: 4276} | ret=SUCCESS |  
2019-08-23 18:29:13,722 | INFO  | DNAudit | user=null | ip=null | op=PUT_BLOCK {blockData=[blockId=conID: 1 locID: 102667711515263605 bcsId: 0,size=3145728]} | ret=SUCCESS |  
2019-08-23 18:29:13,736 | INFO  | DNAudit | user=null | ip=null | op=WRITE_CHUNK {blockData=conID: 1 locID: 102667711515263605 bcsId: 4282} | ret=SUCCESS |  
2019-08-23 18:29:13,737 | INFO  | DNAudit | user=null | ip=null | op=PUT_BLOCK {blockData=[blockId=conID: 1 locID: 102667711515263605 bcsId: 0,size=4194304]} | ret=SUCCESS |  
2019-08-23 18:29:13,737 [grpc-default-executor-3] INFO  client.GrpcClientProtocolClient (GrpcClientProtocolClient.java:onNext(255)) - client-19C32667576E->48affcab-e6e4-4602-963a-f6a50efbd54c: receive RaftClientReply:client-19C32667576E->48affcab-e6e4-4602-963a-f6a50efbd54c@group-50C56EAF5137, cid=2854, SUCCESS, logIndex=4285, commits[48affcab-e6e4-4602-963a-f6a50efbd54c:c4286, 7e391b60-07ae-4d97-a027-4756e468c032:c4283, c5f86d96-67df-4f25-bde3-316f439d30b3:c4282]
2019-08-23 18:29:13,737 [grpc-default-executor-3] INFO  client.GrpcClientProtocolClient (GrpcClientProtocolClient.java:onNext(255)) - client-19C32667576E->48affcab-e6e4-4602-963a-f6a50efbd54c: receive RaftClientReply:client-19C32667576E->48affcab-e6e4-4602-963a-f6a50efbd54c@group-50C56EAF5137, cid=2855, SUCCESS, logIndex=4286, commits[48affcab-e6e4-4602-963a-f6a50efbd54c:c4286, 7e391b60-07ae-4d97-a027-4756e468c032:c4283, c5f86d96-67df-4f25-bde3-316f439d30b3:c4283]
2019-08-23 18:29:13,749 | INFO  | DNAudit | user=null | ip=null | op=WRITE_CHUNK {blockData=conID: 1 locID: 102667711515263605 bcsId: 4282} | ret=SUCCESS |  
2019-08-23 18:29:13,750 | INFO  | DNAudit | user=null | ip=null | op=WRITE_CHUNK {blockData=conID: 1 locID: 102667711515263605 bcsId: 4282} | ret=SUCCESS |  
2019-08-23 18:29:13,750 | INFO  | DNAudit | user=null | ip=null | op=PUT_BLOCK {blockData=[blockId=conID: 1 locID: 102667711515263605 bcsId: 0,size=4194304]} | ret=SUCCESS |  
2019-08-23 18:29:13,750 | INFO  | DNAudit | user=null | ip=null | op=PUT_BLOCK {blockData=[blockId=conID: 1 locID: 102667711515263605 bcsId: 0,size=4194304]} | ret=SUCCESS |  
2019-08-23 18:29:13,750 [grpc-default-executor-3] INFO  client.GrpcClientProtocolClient (GrpcClientProtocolClient.java:onNext(255)) - client-19C32667576E->48affcab-e6e4-4602-963a-f6a50efbd54c: receive RaftClientReply:client-19C32667576E->48affcab-e6e4-4602-963a-f6a50efbd54c@group-50C56EAF5137, cid=2856, SUCCESS, logIndex=0, commits[48affcab-e6e4-4602-963a-f6a50efbd54c:c4287, 7e391b60-07ae-4d97-a027-4756e468c032:c4286, c5f86d96-67df-4f25-bde3-316f439d30b3:c4286]
2019-08-23 18:29:13,755 | INFO  | SCMAudit | user=jenkins1000 | ip=192.168.34.23 | op=ALLOCATE_BLOCK {owner=1ceb8b80-28f1-43fd-86c3-175afc07b8d1, size=4194304, type=RATIS, factor=THREE} | ret=SUCCESS |  
2019-08-23 18:29:13,758 | INFO  | OMAudit | user=jenkins1000 | ip=127.0.0.1 | op=ALLOCATE_BLOCK {volume=vol-0-45438, bucket=bucket-0-23891, key=key-0-22455, dataSize=0, replicationType=null, replicationFactor=null, keyLocationInfo=null, clientID=102667710122492306} | ret=SUCCESS |  
2019-08-23 18:29:13,765 | INFO  | DNAudit | user=null | ip=null | op=WRITE_CHUNK {blockData=conID: 2 locID: 102667711529288310 bcsId: 0} | ret=SUCCESS |  
2019-08-23 18:29:13,767 | INFO  | DNAudit | user=null | ip=null | op=WRITE_CHUNK {blockData=conID: 2 locID: 102667711529288310 bcsId: 0} | ret=SUCCESS |  
2019-08-23 18:29:13,768 | INFO  | DNAudit | user=null | ip=null | op=WRITE_CHUNK {blockData=conID: 2 locID: 102667711529288310 bcsId: 0} | ret=SUCCESS |  
2019-08-23 18:29:13,768 | INFO  | DNAudit | user=null | ip=null | op=WRITE_CHUNK {blockData=conID: 2 locID: 102667711529288310 bcsId: 0} | ret=SUCCESS |  
2019-08-23 18:29:13,770 | INFO  | DNAudit | user=null | ip=null | op=WRITE_CHUNK {blockData=conID: 2 locID: 102667711529288310 bcsId: 0} | ret=SUCCESS |  
2019-08-23 18:29:13,770 | INFO  | DNAudit | user=null | ip=null | op=WRITE_CHUNK {blockData=conID: 2 locID: 102667711529288310 bcsId: 0} | ret=SUCCESS |  
2019-08-23 18:29:13,770 | INFO  | SCMAudit | user=jenkins1000 | ip=192.168.34.23 | op=SEND_HEARTBEAT {datanodeUUID=48affcab-e6e4-4602-963a-f6a50efbd54c, command=[]} | ret=SUCCESS |  
2019-08-23 18:29:13,773 | INFO  | SCMAudit | user=jenkins1000 | ip=192.168.34.23 | op=SEND_HEARTBEAT {datanodeUUID=c5f86d96-67df-4f25-bde3-316f439d30b3, command=[]} | ret=SUCCESS |  
2019-08-23 18:29:13,774 | INFO  | SCMAudit | user=jenkins1000 | ip=192.168.34.23 | op=SEND_HEARTBEAT {datanodeUUID=58706fd2-d7f7-4771-af80-9e0541495c87, command=[]} | ret=SUCCESS |  
2019-08-23 18:29:13,774 | INFO  | SCMAudit | user=jenkins1000 | ip=192.168.34.23 | op=SEND_HEARTBEAT {datanodeUUID=7e391b60-07ae-4d97-a027-4756e468c032, command=[]} | ret=SUCCESS |  
2019-08-23 18:29:13,782 | INFO  | DNAudit | user=null | ip=null | op=WRITE_CHUNK {blockData=conID: 2 locID: 102667711529288310 bcsId: 0} | ret=SUCCESS |  
2019-08-23 18:29:13,783 | INFO  | DNAudit | user=null | ip=null | op=PUT_BLOCK {blockData=[blockId=conID: 2 locID: 102667711529288310 bcsId: 0,size=1048576]} | ret=SUCCESS |  
2019-08-23 18:29:13,783 | INFO  | DNAudit | user=null | ip=null | op=WRITE_CHUNK {blockData=conID: 2 locID: 102667711529288310 bcsId: 0} | ret=SUCCESS |  
2019-08-23 18:29:13,783 [grpc-default-executor-4] INFO  client.GrpcClientProtocolClient (GrpcClientProtocolClient.java:onNext(255)) - client-19C32667576E->48affcab-e6e4-4602-963a-f6a50efbd54c: receive RaftClientReply:client-19C32667576E->48affcab-e6e4-4602-963a-f6a50efbd54c@group-50C56EAF5137, cid=2857, SUCCESS, logIndex=4288, commits[48affcab-e6e4-4602-963a-f6a50efbd54c:c4289, 7e391b60-07ae-4d97-a027-4756e468c032:c4287, c5f86d96-67df-4f25-bde3-316f439d30b3:c4287]
2019-08-23 18:29:13,783 | INFO  | DNAudit | user=null | ip=null | op=PUT_BLOCK {blockData=[blockId=conID: 2 locID: 102667711529288310 bcsId: 0,size=2097152]} | ret=SUCCESS |  
2019-08-23 18:29:13,784 [grpc-default-executor-4] INFO  client.GrpcClientProtocolClient (GrpcClientProtocolClient.java:onNext(255)) - client-19C32667576E->48affcab-e6e4-4602-963a-f6a50efbd54c: receive RaftClientReply:client-19C32667576E->48affcab-e6e4-4602-963a-f6a50efbd54c@group-50C56EAF5137, cid=2858, SUCCESS, logIndex=4289, commits[48affcab-e6e4-4602-963a-f6a50efbd54c:c4289, 7e391b60-07ae-4d97-a027-4756e468c032:c4287, c5f86d96-67df-4f25-bde3-316f439d30b3:c4287]
2019-08-23 18:29:13,785 [grpc-default-executor-4] INFO  client.GrpcClientProtocolClient (GrpcClientProtocolClient.java:onNext(255)) - client-19C32667576E->48affcab-e6e4-4602-963a-f6a50efbd54c: receive RaftClientReply:client-19C32667576E->48affcab-e6e4-4602-963a-f6a50efbd54c@group-50C56EAF5137, cid=2859, SUCCESS, logIndex=4290, commits[48affcab-e6e4-4602-963a-f6a50efbd54c:c4290, 7e391b60-07ae-4d97-a027-4756e468c032:c4287, c5f86d96-67df-4f25-bde3-316f439d30b3:c4287]
2019-08-23 18:29:13,785 [grpc-default-executor-4] INFO  client.GrpcClientProtocolClient (GrpcClientProtocolClient.java:onNext(255)) - client-19C32667576E->48affcab-e6e4-4602-963a-f6a50efbd54c: receive RaftClientReply:client-19C32667576E->48affcab-e6e4-4602-963a-f6a50efbd54c@group-50C56EAF5137, cid=2860, SUCCESS, logIndex=4291, commits[48affcab-e6e4-4602-963a-f6a50efbd54c:c4291, 7e391b60-07ae-4d97-a027-4756e468c032:c4287, c5f86d96-67df-4f25-bde3-316f439d30b3:c4287]
2019-08-23 18:29:13,796 | INFO  | DNAudit | user=null | ip=null | op=WRITE_CHUNK {blockData=conID: 2 locID: 102667711529288310 bcsId: 0} | ret=SUCCESS |  
2019-08-23 18:29:13,796 | INFO  | DNAudit | user=null | ip=null | op=PUT_BLOCK {blockData=[blockId=conID: 2 locID: 102667711529288310 bcsId: 0,size=1048576]} | ret=SUCCESS |  
2019-08-23 18:29:13,796 | INFO  | DNAudit | user=null | ip=null | op=WRITE_CHUNK {blockData=conID: 2 locID: 102667711529288310 bcsId: 0} | ret=SUCCESS |  
2019-08-23 18:29:13,797 | INFO  | DNAudit | user=null | ip=null | op=PUT_BLOCK {blockData=[blockId=conID: 2 locID: 102667711529288310 bcsId: 0,size=1048576]} | ret=SUCCESS |  
2019-08-23 18:29:13,797 | INFO  | DNAudit | user=null | ip=null | op=WRITE_CHUNK {blockData=conID: 2 locID: 102667711529288310 bcsId: 0} | ret=SUCCESS |  
2019-08-23 18:29:13,797 | INFO  | DNAudit | user=null | ip=null | op=WRITE_CHUNK {blockData=conID: 2 locID: 102667711529288310 bcsId: 0} | ret=SUCCESS |  
2019-08-23 18:29:13,797 | INFO  | DNAudit | user=null | ip=null | op=PUT_BLOCK {blockData=[blockId=conID: 2 locID: 102667711529288310 bcsId: 0,size=2097152]} | ret=SUCCESS |  
2019-08-23 18:29:13,797 | INFO  | DNAudit | user=null | ip=null | op=PUT_BLOCK {blockData=[blockId=conID: 2 locID: 102667711529288310 bcsId: 0,size=2097152]} | ret=SUCCESS |  
2019-08-23 18:29:13,797 [grpc-default-executor-4] INFO  client.GrpcClientProtocolClient (GrpcClientProtocolClient.java:onNext(255)) - client-19C32667576E->48affcab-e6e4-4602-963a-f6a50efbd54c: receive RaftClientReply:client-19C32667576E->48affcab-e6e4-4602-963a-f6a50efbd54c@group-50C56EAF5137, cid=2861, SUCCESS, logIndex=0, commits[48affcab-e6e4-4602-963a-f6a50efbd54c:c4293, 7e391b60-07ae-4d97-a027-4756e468c032:c4289, c5f86d96-67df-4f25-bde3-316f439d30b3:c4289]
2019-08-23 18:29:13,803 | INFO  | DNAudit | user=null | ip=null | op=WRITE_CHUNK {blockData=conID: 2 locID: 102667711529288310 bcsId: 4291} | ret=SUCCESS |  
2019-08-23 18:29:13,805 | INFO  | DNAudit | user=null | ip=null | op=WRITE_CHUNK {blockData=conID: 2 locID: 102667711529288310 bcsId: 4291} | ret=SUCCESS |  
2019-08-23 18:29:13,805 | INFO  | DNAudit | user=null | ip=null | op=WRITE_CHUNK {blockData=conID: 2 locID: 102667711529288310 bcsId: 4291} | ret=SUCCESS |  
2019-08-23 18:29:13,815 | INFO  | DNAudit | user=null | ip=null | op=WRITE_CHUNK {blockData=conID: 2 locID: 102667711529288310 bcsId: 4291} | ret=SUCCESS |  
2019-08-23 18:29:13,816 | INFO  | DNAudit | user=null | ip=null | op=PUT_BLOCK {blockData=[blockId=conID: 2 locID: 102667711529288310 bcsId: 0,size=3145728]} | ret=SUCCESS |  
2019-08-23 18:29:13,816 [grpc-default-executor-4] INFO  client.GrpcClientProtocolClient (GrpcClientProtocolClient.java:onNext(255)) - client-19C32667576E->48affcab-e6e4-4602-963a-f6a50efbd54c: receive RaftClientReply:client-19C32667576E->48affcab-e6e4-4602-963a-f6a50efbd54c@group-50C56EAF5137, cid=2862, SUCCESS, logIndex=4296, commits[48affcab-e6e4-4602-963a-f6a50efbd54c:c4297, 7e391b60-07ae-4d97-a027-4756e468c032:c4295, c5f86d96-67df-4f25-bde3-316f439d30b3:c4295]
2019-08-23 18:29:13,816 [grpc-default-executor-4] INFO  client.GrpcClientProtocolClient (GrpcClientProtocolClient.java:onNext(255)) - client-19C32667576E->48affcab-e6e4-4602-963a-f6a50efbd54c: receive RaftClientReply:client-19C32667576E->48affcab-e6e4-4602-963a-f6a50efbd54c@group-50C56EAF5137, cid=2863, SUCCESS, logIndex=4297, commits[48affcab-e6e4-4602-963a-f6a50efbd54c:c4297, 7e391b60-07ae-4d97-a027-4756e468c032:c4295, c5f86d96-67df-4f25-bde3-316f439d30b3:c4295]
2019-08-23 18:29:13,821 | INFO  | DNAudit | user=null | ip=null | op=WRITE_CHUNK {blockData=conID: 2 locID: 102667711529288310 bcsId: 4297} | ret=SUCCESS |  
2019-08-23 18:29:13,824 | INFO  | DNAudit | user=null | ip=null | op=WRITE_CHUNK {blockData=conID: 2 locID: 102667711529288310 bcsId: 4297} | ret=SUCCESS |  
2019-08-23 18:29:13,824 | INFO  | DNAudit | user=null | ip=null | op=WRITE_CHUNK {blockData=conID: 2 locID: 102667711529288310 bcsId: 4297} | ret=SUCCESS |  
2019-08-23 18:29:13,827 | INFO  | DNAudit | user=null | ip=null | op=WRITE_CHUNK {blockData=conID: 2 locID: 102667711529288310 bcsId: 4291} | ret=SUCCESS |  
2019-08-23 18:29:13,827 | INFO  | DNAudit | user=null | ip=null | op=WRITE_CHUNK {blockData=conID: 2 locID: 102667711529288310 bcsId: 4291} | ret=SUCCESS |  
2019-08-23 18:29:13,827 | INFO  | DNAudit | user=null | ip=null | op=PUT_BLOCK {blockData=[blockId=conID: 2 locID: 102667711529288310 bcsId: 0,size=3145728]} | ret=SUCCESS |  
2019-08-23 18:29:13,827 | INFO  | DNAudit | user=null | ip=null | op=PUT_BLOCK {blockData=[blockId=conID: 2 locID: 102667711529288310 bcsId: 0,size=3145728]} | ret=SUCCESS |  
2019-08-23 18:29:13,830 | INFO  | DNAudit | user=null | ip=null | op=WRITE_CHUNK {blockData=conID: 2 locID: 102667711529288310 bcsId: 4297} | ret=SUCCESS |  
2019-08-23 18:29:13,830 | INFO  | DNAudit | user=null | ip=null | op=PUT_BLOCK {blockData=[blockId=conID: 2 locID: 102667711529288310 bcsId: 0,size=4194304]} | ret=SUCCESS |  
2019-08-23 18:29:13,830 [grpc-default-executor-5] INFO  client.GrpcClientProtocolClient (GrpcClientProtocolClient.java:onNext(255)) - client-19C32667576E->48affcab-e6e4-4602-963a-f6a50efbd54c: receive RaftClientReply:client-19C32667576E->48affcab-e6e4-4602-963a-f6a50efbd54c@group-50C56EAF5137, cid=2864, SUCCESS, logIndex=4300, commits[48affcab-e6e4-4602-963a-f6a50efbd54c:c4300, 7e391b60-07ae-4d97-a027-4756e468c032:c4297, c5f86d96-67df-4f25-bde3-316f439d30b3:c4297]
2019-08-23 18:29:13,831 [grpc-default-executor-5] INFO  client.GrpcClientProtocolClient (GrpcClientProtocolClient.java:onNext(255)) - client-19C32667576E->48affcab-e6e4-4602-963a-f6a50efbd54c: receive RaftClientReply:client-19C32667576E->48affcab-e6e4-4602-963a-f6a50efbd54c@group-50C56EAF5137, cid=2865, SUCCESS, logIndex=4301, commits[48affcab-e6e4-4602-963a-f6a50efbd54c:c4301, 7e391b60-07ae-4d97-a027-4756e468c032:c4297, c5f86d96-67df-4f25-bde3-316f439d30b3:c4297]
2019-08-23 18:29:13,841 | INFO  | DNAudit | user=null | ip=null | op=WRITE_CHUNK {blockData=conID: 2 locID: 102667711529288310 bcsId: 4297} | ret=SUCCESS |  
2019-08-23 18:29:13,841 | INFO  | DNAudit | user=null | ip=null | op=WRITE_CHUNK {blockData=conID: 2 locID: 102667711529288310 bcsId: 4297} | ret=SUCCESS |  
2019-08-23 18:29:13,854 | INFO  | DNAudit | user=null | ip=null | op=PUT_BLOCK {blockData=[blockId=conID: 2 locID: 102667711529288310 bcsId: 0,size=4194304]} | ret=SUCCESS |  
2019-08-23 18:29:13,855 | INFO  | DNAudit | user=null | ip=null | op=PUT_BLOCK {blockData=[blockId=conID: 2 locID: 102667711529288310 bcsId: 0,size=4194304]} | ret=SUCCESS |  
2019-08-23 18:29:13,855 [grpc-default-executor-5] INFO  client.GrpcClientProtocolClient (GrpcClientProtocolClient.java:onNext(255)) - client-19C32667576E->48affcab-e6e4-4602-963a-f6a50efbd54c: receive RaftClientReply:client-19C32667576E->48affcab-e6e4-4602-963a-f6a50efbd54c@group-50C56EAF5137, cid=2866, SUCCESS, logIndex=0, commits[48affcab-e6e4-4602-963a-f6a50efbd54c:c4303, 7e391b60-07ae-4d97-a027-4756e468c032:c4301, c5f86d96-67df-4f25-bde3-316f439d30b3:c4301]
2019-08-23 18:29:13,861 | INFO  | SCMAudit | user=jenkins1000 | ip=192.168.34.23 | op=ALLOCATE_BLOCK {owner=1ceb8b80-28f1-43fd-86c3-175afc07b8d1, size=4194304, type=RATIS, factor=THREE} | ret=SUCCESS |  
2019-08-23 18:29:13,865 | INFO  | OMAudit | user=jenkins1000 | ip=127.0.0.1 | op=ALLOCATE_BLOCK {volume=vol-0-45438, bucket=bucket-0-23891, key=key-0-22455, dataSize=0, replicationType=null, replicationFactor=null, keyLocationInfo=null, clientID=102667710122492306} | ret=SUCCESS |  
2019-08-23 18:29:13,872 | INFO  | DNAudit | user=null | ip=null | op=WRITE_CHUNK {blockData=conID: 3 locID: 102667711536235127 bcsId: 0} | ret=SUCCESS |  
2019-08-23 18:29:13,874 | INFO  | DNAudit | user=null | ip=null | op=WRITE_CHUNK {blockData=conID: 3 locID: 102667711536235127 bcsId: 0} | ret=SUCCESS |  
2019-08-23 18:29:13,875 | INFO  | DNAudit | user=null | ip=null | op=WRITE_CHUNK {blockData=conID: 3 locID: 102667711536235127 bcsId: 0} | ret=SUCCESS |  
2019-08-23 18:29:13,875 | INFO  | DNAudit | user=null | ip=null | op=WRITE_CHUNK {blockData=conID: 3 locID: 102667711536235127 bcsId: 0} | ret=SUCCESS |  
2019-08-23 18:29:13,877 | INFO  | DNAudit | user=null | ip=null | op=WRITE_CHUNK {blockData=conID: 3 locID: 102667711536235127 bcsId: 0} | ret=SUCCESS |  
2019-08-23 18:29:13,877 | INFO  | DNAudit | user=null | ip=null | op=WRITE_CHUNK {blockData=conID: 3 locID: 102667711536235127 bcsId: 0} | ret=SUCCESS |  
2019-08-23 18:29:13,887 | INFO  | DNAudit | user=null | ip=null | op=WRITE_CHUNK {blockData=conID: 3 locID: 102667711536235127 bcsId: 0} | ret=SUCCESS |  
2019-08-23 18:29:13,887 | INFO  | DNAudit | user=null | ip=null | op=PUT_BLOCK {blockData=[blockId=conID: 3 locID: 102667711536235127 bcsId: 0,size=1048576]} | ret=SUCCESS |  
2019-08-23 18:29:13,887 [grpc-default-executor-3] INFO  client.GrpcClientProtocolClient (GrpcClientProtocolClient.java:onNext(255)) - client-19C32667576E->48affcab-e6e4-4602-963a-f6a50efbd54c: receive RaftClientReply:client-19C32667576E->48affcab-e6e4-4602-963a-f6a50efbd54c@group-50C56EAF5137, cid=2867, SUCCESS, logIndex=4304, commits[48affcab-e6e4-4602-963a-f6a50efbd54c:c4305, 7e391b60-07ae-4d97-a027-4756e468c032:c4303, c5f86d96-67df-4f25-bde3-316f439d30b3:c4303]
2019-08-23 18:29:13,888 [grpc-default-executor-3] INFO  client.GrpcClientProtocolClient (GrpcClientProtocolClient.java:onNext(255)) - client-19C32667576E->48affcab-e6e4-4602-963a-f6a50efbd54c: receive RaftClientReply:client-19C32667576E->48affcab-e6e4-4602-963a-f6a50efbd54c@group-50C56EAF5137, cid=2868, SUCCESS, logIndex=4305, commits[48affcab-e6e4-4602-963a-f6a50efbd54c:c4305, 7e391b60-07ae-4d97-a027-4756e468c032:c4303, c5f86d96-67df-4f25-bde3-316f439d30b3:c4303]
2019-08-23 18:29:13,899 | INFO  | DNAudit | user=null | ip=null | op=WRITE_CHUNK {blockData=conID: 3 locID: 102667711536235127 bcsId: 0} | ret=SUCCESS |  
2019-08-23 18:29:13,899 | INFO  | DNAudit | user=null | ip=null | op=PUT_BLOCK {blockData=[blockId=conID: 3 locID: 102667711536235127 bcsId: 0,size=2097152]} | ret=SUCCESS |  
2019-08-23 18:29:13,899 [grpc-default-executor-3] INFO  client.GrpcClientProtocolClient (GrpcClientProtocolClient.java:onNext(255)) - client-19C32667576E->48affcab-e6e4-4602-963a-f6a50efbd54c: receive RaftClientReply:client-19C32667576E->48affcab-e6e4-4602-963a-f6a50efbd54c@group-50C56EAF5137, cid=2869, SUCCESS, logIndex=4306, commits[48affcab-e6e4-4602-963a-f6a50efbd54c:c4307, 7e391b60-07ae-4d97-a027-4756e468c032:c4303, c5f86d96-67df-4f25-bde3-316f439d30b3:c4303]
2019-08-23 18:29:13,900 [grpc-default-executor-3] INFO  client.GrpcClientProtocolClient (GrpcClientProtocolClient.java:onNext(255)) - client-19C32667576E->48affcab-e6e4-4602-963a-f6a50efbd54c: receive RaftClientReply:client-19C32667576E->48affcab-e6e4-4602-963a-f6a50efbd54c@group-50C56EAF5137, cid=2870, SUCCESS, logIndex=4307, commits[48affcab-e6e4-4602-963a-f6a50efbd54c:c4307, 7e391b60-07ae-4d97-a027-4756e468c032:c4303, c5f86d96-67df-4f25-bde3-316f439d30b3:c4303]
2019-08-23 18:29:13,912 | INFO  | DNAudit | user=null | ip=null | op=WRITE_CHUNK {blockData=conID: 3 locID: 102667711536235127 bcsId: 0} | ret=SUCCESS |  
2019-08-23 18:29:13,912 | INFO  | DNAudit | user=null | ip=null | op=WRITE_CHUNK {blockData=conID: 3 locID: 102667711536235127 bcsId: 0} | ret=SUCCESS |  
2019-08-23 18:29:13,912 | INFO  | DNAudit | user=null | ip=null | op=PUT_BLOCK {blockData=[blockId=conID: 3 locID: 102667711536235127 bcsId: 0,size=1048576]} | ret=SUCCESS |  
2019-08-23 18:29:13,912 | INFO  | DNAudit | user=null | ip=null | op=PUT_BLOCK {blockData=[blockId=conID: 3 locID: 102667711536235127 bcsId: 0,size=1048576]} | ret=SUCCESS |  
2019-08-23 18:29:13,912 [grpc-default-executor-3] INFO  client.GrpcClientProtocolClient (GrpcClientProtocolClient.java:onNext(255)) - client-19C32667576E->48affcab-e6e4-4602-963a-f6a50efbd54c: receive RaftClientReply:client-19C32667576E->48affcab-e6e4-4602-963a-f6a50efbd54c@group-50C56EAF5137, cid=2871, SUCCESS, logIndex=0, commits[48affcab-e6e4-4602-963a-f6a50efbd54c:c4308, 7e391b60-07ae-4d97-a027-4756e468c032:c4305, c5f86d96-67df-4f25-bde3-316f439d30b3:c4305]
2019-08-23 18:29:13,918 | INFO  | DNAudit | user=null | ip=null | op=WRITE_CHUNK {blockData=conID: 3 locID: 102667711536235127 bcsId: 4307} | ret=SUCCESS |  
2019-08-23 18:29:13,921 | INFO  | DNAudit | user=null | ip=null | op=WRITE_CHUNK {blockData=conID: 3 locID: 102667711536235127 bcsId: 4307} | ret=SUCCESS |  
2019-08-23 18:29:13,921 | INFO  | DNAudit | user=null | ip=null | op=WRITE_CHUNK {blockData=conID: 3 locID: 102667711536235127 bcsId: 4307} | ret=SUCCESS |  
2019-08-23 18:29:13,924 | INFO  | DNAudit | user=null | ip=null | op=WRITE_CHUNK {blockData=conID: 3 locID: 102667711536235127 bcsId: 0} | ret=SUCCESS |  
2019-08-23 18:29:13,924 | INFO  | DNAudit | user=null | ip=null | op=WRITE_CHUNK {blockData=conID: 3 locID: 102667711536235127 bcsId: 0} | ret=SUCCESS |  
2019-08-23 18:29:13,924 | INFO  | DNAudit | user=null | ip=null | op=PUT_BLOCK {blockData=[blockId=conID: 3 locID: 102667711536235127 bcsId: 0,size=2097152]} | ret=SUCCESS |  
2019-08-23 18:29:13,924 | INFO  | DNAudit | user=null | ip=null | op=PUT_BLOCK {blockData=[blockId=conID: 3 locID: 102667711536235127 bcsId: 0,size=2097152]} | ret=SUCCESS |  
2019-08-23 18:29:13,937 | INFO  | DNAudit | user=null | ip=null | op=WRITE_CHUNK {blockData=conID: 3 locID: 102667711536235127 bcsId: 4307} | ret=SUCCESS |  
2019-08-23 18:29:13,938 | INFO  | DNAudit | user=null | ip=null | op=PUT_BLOCK {blockData=[blockId=conID: 3 locID: 102667711536235127 bcsId: 0,size=3145728]} | ret=SUCCESS |  
2019-08-23 18:29:13,938 [grpc-default-executor-4] INFO  client.GrpcClientProtocolClient (GrpcClientProtocolClient.java:onNext(255)) - client-19C32667576E->48affcab-e6e4-4602-963a-f6a50efbd54c: receive RaftClientReply:client-19C32667576E->48affcab-e6e4-4602-963a-f6a50efbd54c@group-50C56EAF5137, cid=2872, SUCCESS, logIndex=4312, commits[48affcab-e6e4-4602-963a-f6a50efbd54c:c4313, 7e391b60-07ae-4d97-a027-4756e468c032:c4309, c5f86d96-67df-4f25-bde3-316f439d30b3:c4309]
2019-08-23 18:29:13,938 [grpc-default-executor-4] INFO  client.GrpcClientProtocolClient (GrpcClientProtocolClient.java:onNext(255)) - client-19C32667576E->48affcab-e6e4-4602-963a-f6a50efbd54c: receive RaftClientReply:client-19C32667576E->48affcab-e6e4-4602-963a-f6a50efbd54c@group-50C56EAF5137, cid=2873, SUCCESS, logIndex=4313, commits[48affcab-e6e4-4602-963a-f6a50efbd54c:c4313, 7e391b60-07ae-4d97-a027-4756e468c032:c4309, c5f86d96-67df-4f25-bde3-316f439d30b3:c4309]
2019-08-23 18:29:13,941 | INFO  | DNAudit | user=null | ip=null | op=WRITE_CHUNK {blockData=conID: 3 locID: 102667711536235127 bcsId: 4307} | ret=SUCCESS |  
2019-08-23 18:29:13,941 | INFO  | DNAudit | user=null | ip=null | op=WRITE_CHUNK {blockData=conID: 3 locID: 102667711536235127 bcsId: 4307} | ret=SUCCESS |  
2019-08-23 18:29:13,943 | INFO  | DNAudit | user=null | ip=null | op=PUT_BLOCK {blockData=[blockId=conID: 3 locID: 102667711536235127 bcsId: 0,size=3145728]} | ret=SUCCESS |  
2019-08-23 18:29:13,944 | INFO  | DNAudit | user=null | ip=null | op=WRITE_CHUNK {blockData=conID: 3 locID: 102667711536235127 bcsId: 4313} | ret=SUCCESS |  
2019-08-23 18:29:13,945 | INFO  | DNAudit | user=null | ip=null | op=PUT_BLOCK {blockData=[blockId=conID: 3 locID: 102667711536235127 bcsId: 0,size=3145728]} | ret=SUCCESS |  
2019-08-23 18:29:13,947 | INFO  | DNAudit | user=null | ip=null | op=WRITE_CHUNK {blockData=conID: 3 locID: 102667711536235127 bcsId: 4313} | ret=SUCCESS |  
2019-08-23 18:29:13,947 | INFO  | DNAudit | user=null | ip=null | op=WRITE_CHUNK {blockData=conID: 3 locID: 102667711536235127 bcsId: 4313} | ret=SUCCESS |  
2019-08-23 18:29:13,965 | INFO  | DNAudit | user=null | ip=null | op=WRITE_CHUNK {blockData=conID: 3 locID: 102667711536235127 bcsId: 4313} | ret=SUCCESS |  
2019-08-23 18:29:13,965 | INFO  | DNAudit | user=null | ip=null | op=PUT_BLOCK {blockData=[blockId=conID: 3 locID: 102667711536235127 bcsId: 0,size=4194304]} | ret=SUCCESS |  
2019-08-23 18:29:13,965 [grpc-default-executor-4] INFO  client.GrpcClientProtocolClient (GrpcClientProtocolClient.java:onNext(255)) - client-19C32667576E->48affcab-e6e4-4602-963a-f6a50efbd54c: receive RaftClientReply:client-19C32667576E->48affcab-e6e4-4602-963a-f6a50efbd54c@group-50C56EAF5137, cid=2874, SUCCESS, logIndex=4316, commits[48affcab-e6e4-4602-963a-f6a50efbd54c:c4317, 7e391b60-07ae-4d97-a027-4756e468c032:c4314, c5f86d96-67df-4f25-bde3-316f439d30b3:c4314]
2019-08-23 18:29:13,966 [grpc-default-executor-4] INFO  client.GrpcClientProtocolClient (GrpcClientProtocolClient.java:onNext(255)) - client-19C32667576E->48affcab-e6e4-4602-963a-f6a50efbd54c: receive RaftClientReply:client-19C32667576E->48affcab-e6e4-4602-963a-f6a50efbd54c@group-50C56EAF5137, cid=2875, SUCCESS, logIndex=4317, commits[48affcab-e6e4-4602-963a-f6a50efbd54c:c4317, 7e391b60-07ae-4d97-a027-4756e468c032:c4314, c5f86d96-67df-4f25-bde3-316f439d30b3:c4314]
2019-08-23 18:29:13,968 | INFO  | DNAudit | user=null | ip=null | op=WRITE_CHUNK {blockData=conID: 3 locID: 102667711536235127 bcsId: 4313} | ret=SUCCESS |  
2019-08-23 18:29:13,968 | INFO  | DNAudit | user=null | ip=null | op=WRITE_CHUNK {blockData=conID: 3 locID: 102667711536235127 bcsId: 4313} | ret=SUCCESS |  
2019-08-23 18:29:13,968 | INFO  | DNAudit | user=null | ip=null | op=PUT_BLOCK {blockData=[blockId=conID: 3 locID: 102667711536235127 bcsId: 0,size=4194304]} | ret=SUCCESS |  
2019-08-23 18:29:13,968 | INFO  | DNAudit | user=null | ip=null | op=PUT_BLOCK {blockData=[blockId=conID: 3 locID: 102667711536235127 bcsId: 0,size=4194304]} | ret=SUCCESS |  
2019-08-23 18:29:13,968 [grpc-default-executor-3] INFO  client.GrpcClientProtocolClient (GrpcClientProtocolClient.java:onNext(255)) - client-19C32667576E->48affcab-e6e4-4602-963a-f6a50efbd54c: receive RaftClientReply:client-19C32667576E->48affcab-e6e4-4602-963a-f6a50efbd54c@group-50C56EAF5137, cid=2876, SUCCESS, logIndex=0, commits[48affcab-e6e4-4602-963a-f6a50efbd54c:c4317, 7e391b60-07ae-4d97-a027-4756e468c032:c4317, c5f86d96-67df-4f25-bde3-316f439d30b3:c4317]
2019-08-23 18:29:13,973 | INFO  | SCMAudit | user=jenkins1000 | ip=192.168.34.23 | op=ALLOCATE_BLOCK {owner=1ceb8b80-28f1-43fd-86c3-175afc07b8d1, size=4194304, type=RATIS, factor=THREE} | ret=SUCCESS |  
2019-08-23 18:29:13,976 | INFO  | OMAudit | user=jenkins1000 | ip=127.0.0.1 | op=ALLOCATE_BLOCK {volume=vol-0-45438, bucket=bucket-0-23891, key=key-0-22455, dataSize=0, replicationType=null, replicationFactor=null, keyLocationInfo=null, clientID=102667710122492306} | ret=SUCCESS |  
2019-08-23 18:29:13,982 | INFO  | DNAudit | user=null | ip=null | op=WRITE_CHUNK {blockData=conID: 1 locID: 102667711543575160 bcsId: 0} | ret=SUCCESS |  
2019-08-23 18:29:13,984 | INFO  | DNAudit | user=null | ip=null | op=WRITE_CHUNK {blockData=conID: 1 locID: 102667711543575160 bcsId: 0} | ret=SUCCESS |  
2019-08-23 18:29:13,986 | INFO  | DNAudit | user=null | ip=null | op=WRITE_CHUNK {blockData=conID: 1 locID: 102667711543575160 bcsId: 0} | ret=SUCCESS |  
2019-08-23 18:29:13,986 | INFO  | DNAudit | user=null | ip=null | op=WRITE_CHUNK {blockData=conID: 1 locID: 102667711543575160 bcsId: 0} | ret=SUCCESS |  
2019-08-23 18:29:13,988 | INFO  | DNAudit | user=null | ip=null | op=WRITE_CHUNK {blockData=conID: 1 locID: 102667711543575160 bcsId: 0} | ret=SUCCESS |  
2019-08-23 18:29:13,988 | INFO  | DNAudit | user=null | ip=null | op=WRITE_CHUNK {blockData=conID: 1 locID: 102667711543575160 bcsId: 0} | ret=SUCCESS |  
2019-08-23 18:29:14,002 | INFO  | DNAudit | user=null | ip=null | op=WRITE_CHUNK {blockData=conID: 1 locID: 102667711543575160 bcsId: 0} | ret=SUCCESS |  
2019-08-23 18:29:14,003 | INFO  | DNAudit | user=null | ip=null | op=PUT_BLOCK {blockData=[blockId=conID: 1 locID: 102667711543575160 bcsId: 0,size=1048576]} | ret=SUCCESS |  
2019-08-23 18:29:14,003 [grpc-default-executor-3] INFO  client.GrpcClientProtocolClient (GrpcClientProtocolClient.java:onNext(255)) - client-19C32667576E->48affcab-e6e4-4602-963a-f6a50efbd54c: receive RaftClientReply:client-19C32667576E->48affcab-e6e4-4602-963a-f6a50efbd54c@group-50C56EAF5137, cid=2877, SUCCESS, logIndex=4320, commits[48affcab-e6e4-4602-963a-f6a50efbd54c:c4320, 7e391b60-07ae-4d97-a027-4756e468c032:c4319, c5f86d96-67df-4f25-bde3-316f439d30b3:c4319]
2019-08-23 18:29:14,003 [grpc-default-executor-3] INFO  client.GrpcClientProtocolClient (GrpcClientProtocolClient.java:onNext(255)) - client-19C32667576E->48affcab-e6e4-4602-963a-f6a50efbd54c: receive RaftClientReply:client-19C32667576E->48affcab-e6e4-4602-963a-f6a50efbd54c@group-50C56EAF5137, cid=2878, SUCCESS, logIndex=4321, commits[48affcab-e6e4-4602-963a-f6a50efbd54c:c4321, 7e391b60-07ae-4d97-a027-4756e468c032:c4319, c5f86d96-67df-4f25-bde3-316f439d30b3:c4319]
2019-08-23 18:29:14,015 | INFO  | DNAudit | user=null | ip=null | op=WRITE_CHUNK {blockData=conID: 1 locID: 102667711543575160 bcsId: 0} | ret=SUCCESS |  
2019-08-23 18:29:14,015 | INFO  | DNAudit | user=null | ip=null | op=PUT_BLOCK {blockData=[blockId=conID: 1 locID: 102667711543575160 bcsId: 0,size=2097152]} | ret=SUCCESS |  
2019-08-23 18:29:14,016 [grpc-default-executor-3] INFO  client.GrpcClientProtocolClient (GrpcClientProtocolClient.java:onNext(255)) - client-19C32667576E->48affcab-e6e4-4602-963a-f6a50efbd54c: receive RaftClientReply:client-19C32667576E->48affcab-e6e4-4602-963a-f6a50efbd54c@group-50C56EAF5137, cid=2879, SUCCESS, logIndex=4322, commits[48affcab-e6e4-4602-963a-f6a50efbd54c:c4323, 7e391b60-07ae-4d97-a027-4756e468c032:c4319, c5f86d96-67df-4f25-bde3-316f439d30b3:c4319]
2019-08-23 18:29:14,016 [grpc-default-executor-5] INFO  client.GrpcClientProtocolClient (GrpcClientProtocolClient.java:onNext(255)) - client-19C32667576E->48affcab-e6e4-4602-963a-f6a50efbd54c: receive RaftClientReply:client-19C32667576E->48affcab-e6e4-4602-963a-f6a50efbd54c@group-50C56EAF5137, cid=2880, SUCCESS, logIndex=4323, commits[48affcab-e6e4-4602-963a-f6a50efbd54c:c4323, 7e391b60-07ae-4d97-a027-4756e468c032:c4319, c5f86d96-67df-4f25-bde3-316f439d30b3:c4319]
2019-08-23 18:29:14,016 | INFO  | DNAudit | user=null | ip=null | op=WRITE_CHUNK {blockData=conID: 1 locID: 102667711543575160 bcsId: 0} | ret=SUCCESS |  
2019-08-23 18:29:14,016 | INFO  | DNAudit | user=null | ip=null | op=PUT_BLOCK {blockData=[blockId=conID: 1 locID: 102667711543575160 bcsId: 0,size=1048576]} | ret=SUCCESS |  
2019-08-23 18:29:14,019 | INFO  | DNAudit | user=null | ip=null | op=WRITE_CHUNK {blockData=conID: 1 locID: 102667711543575160 bcsId: 0} | ret=SUCCESS |  
2019-08-23 18:29:14,019 | INFO  | DNAudit | user=null | ip=null | op=PUT_BLOCK {blockData=[blockId=conID: 1 locID: 102667711543575160 bcsId: 0,size=1048576]} | ret=SUCCESS |  
2019-08-23 18:29:14,019 [grpc-default-executor-5] INFO  client.GrpcClientProtocolClient (GrpcClientProtocolClient.java:onNext(255)) - client-19C32667576E->48affcab-e6e4-4602-963a-f6a50efbd54c: receive RaftClientReply:client-19C32667576E->48affcab-e6e4-4602-963a-f6a50efbd54c@group-50C56EAF5137, cid=2881, SUCCESS, logIndex=0, commits[48affcab-e6e4-4602-963a-f6a50efbd54c:c4325, 7e391b60-07ae-4d97-a027-4756e468c032:c4321, c5f86d96-67df-4f25-bde3-316f439d30b3:c4321]
2019-08-23 18:29:14,025 | INFO  | DNAudit | user=null | ip=null | op=WRITE_CHUNK {blockData=conID: 1 locID: 102667711543575160 bcsId: 4323} | ret=SUCCESS |  
2019-08-23 18:29:14,027 | INFO  | DNAudit | user=null | ip=null | op=WRITE_CHUNK {blockData=conID: 1 locID: 102667711543575160 bcsId: 4323} | ret=SUCCESS |  
2019-08-23 18:29:14,027 | INFO  | DNAudit | user=null | ip=null | op=WRITE_CHUNK {blockData=conID: 1 locID: 102667711543575160 bcsId: 4323} | ret=SUCCESS |  
2019-08-23 18:29:14,030 | INFO  | DNAudit | user=null | ip=null | op=WRITE_CHUNK {blockData=conID: 1 locID: 102667711543575160 bcsId: 0} | ret=SUCCESS |  
2019-08-23 18:29:14,030 | INFO  | DNAudit | user=null | ip=null | op=PUT_BLOCK {blockData=[blockId=conID: 1 locID: 102667711543575160 bcsId: 0,size=2097152]} | ret=SUCCESS |  
2019-08-23 18:29:14,032 | INFO  | DNAudit | user=null | ip=null | op=WRITE_CHUNK {blockData=conID: 1 locID: 102667711543575160 bcsId: 0} | ret=SUCCESS |  
2019-08-23 18:29:14,033 | INFO  | DNAudit | user=null | ip=null | op=PUT_BLOCK {blockData=[blockId=conID: 1 locID: 102667711543575160 bcsId: 0,size=2097152]} | ret=SUCCESS |  
2019-08-23 18:29:14,045 | INFO  | DNAudit | user=null | ip=null | op=WRITE_CHUNK {blockData=conID: 1 locID: 102667711543575160 bcsId: 4323} | ret=SUCCESS |  
2019-08-23 18:29:14,046 | INFO  | DNAudit | user=null | ip=null | op=PUT_BLOCK {blockData=[blockId=conID: 1 locID: 102667711543575160 bcsId: 0,size=3145728]} | ret=SUCCESS |  
2019-08-23 18:29:14,046 [grpc-default-executor-3] INFO  client.GrpcClientProtocolClient (GrpcClientProtocolClient.java:onNext(255)) - client-19C32667576E->48affcab-e6e4-4602-963a-f6a50efbd54c: receive RaftClientReply:client-19C32667576E->48affcab-e6e4-4602-963a-f6a50efbd54c@group-50C56EAF5137, cid=2882, SUCCESS, logIndex=4328, commits[48affcab-e6e4-4602-963a-f6a50efbd54c:c4329, 7e391b60-07ae-4d97-a027-4756e468c032:c4325, c5f86d96-67df-4f25-bde3-316f439d30b3:c4323]
2019-08-23 18:29:14,046 [grpc-default-executor-3] INFO  client.GrpcClientProtocolClient (GrpcClientProtocolClient.java:onNext(255)) - client-19C32667576E->48affcab-e6e4-4602-963a-f6a50efbd54c: receive RaftClientReply:client-19C32667576E->48affcab-e6e4-4602-963a-f6a50efbd54c@group-50C56EAF5137, cid=2883, SUCCESS, logIndex=4329, commits[48affcab-e6e4-4602-963a-f6a50efbd54c:c4329, 7e391b60-07ae-4d97-a027-4756e468c032:c4325, c5f86d96-67df-4f25-bde3-316f439d30b3:c4325]
2019-08-23 18:29:14,052 | INFO  | DNAudit | user=null | ip=null | op=WRITE_CHUNK {blockData=conID: 1 locID: 102667711543575160 bcsId: 4329} | ret=SUCCESS |  
2019-08-23 18:29:14,054 | INFO  | DNAudit | user=null | ip=null | op=WRITE_CHUNK {blockData=conID: 1 locID: 102667711543575160 bcsId: 4329} | ret=SUCCESS |  
2019-08-23 18:29:14,054 | INFO  | DNAudit | user=null | ip=null | op=WRITE_CHUNK {blockData=conID: 1 locID: 102667711543575160 bcsId: 4329} | ret=SUCCESS |  
2019-08-23 18:29:14,058 | INFO  | DNAudit | user=null | ip=null | op=WRITE_CHUNK {blockData=conID: 1 locID: 102667711543575160 bcsId: 4323} | ret=SUCCESS |  
2019-08-23 18:29:14,058 | INFO  | DNAudit | user=null | ip=null | op=WRITE_CHUNK {blockData=conID: 1 locID: 102667711543575160 bcsId: 4323} | ret=SUCCESS |  
2019-08-23 18:29:14,058 | INFO  | DNAudit | user=null | ip=null | op=PUT_BLOCK {blockData=[blockId=conID: 1 locID: 102667711543575160 bcsId: 0,size=3145728]} | ret=SUCCESS |  
2019-08-23 18:29:14,059 | INFO  | DNAudit | user=null | ip=null | op=PUT_BLOCK {blockData=[blockId=conID: 1 locID: 102667711543575160 bcsId: 0,size=3145728]} | ret=SUCCESS |  
2019-08-23 18:29:14,072 | INFO  | DNAudit | user=null | ip=null | op=WRITE_CHUNK {blockData=conID: 1 locID: 102667711543575160 bcsId: 4329} | ret=SUCCESS |  
2019-08-23 18:29:14,072 | INFO  | DNAudit | user=null | ip=null | op=PUT_BLOCK {blockData=[blockId=conID: 1 locID: 102667711543575160 bcsId: 0,size=4194304]} | ret=SUCCESS |  
2019-08-23 18:29:14,072 [grpc-default-executor-5] INFO  client.GrpcClientProtocolClient (GrpcClientProtocolClient.java:onNext(255)) - client-19C32667576E->48affcab-e6e4-4602-963a-f6a50efbd54c: receive RaftClientReply:client-19C32667576E->48affcab-e6e4-4602-963a-f6a50efbd54c@group-50C56EAF5137, cid=2884, SUCCESS, logIndex=4331, commits[48affcab-e6e4-4602-963a-f6a50efbd54c:c4332, 7e391b60-07ae-4d97-a027-4756e468c032:c4329, c5f86d96-67df-4f25-bde3-316f439d30b3:c4329]
2019-08-23 18:29:14,072 [grpc-default-executor-5] INFO  client.GrpcClientProtocolClient (GrpcClientProtocolClient.java:onNext(255)) - client-19C32667576E->48affcab-e6e4-4602-963a-f6a50efbd54c: receive RaftClientReply:client-19C32667576E->48affcab-e6e4-4602-963a-f6a50efbd54c@group-50C56EAF5137, cid=2885, SUCCESS, logIndex=4332, commits[48affcab-e6e4-4602-963a-f6a50efbd54c:c4332, 7e391b60-07ae-4d97-a027-4756e468c032:c4329, c5f86d96-67df-4f25-bde3-316f439d30b3:c4329]
2019-08-23 18:29:14,084 | INFO  | DNAudit | user=null | ip=null | op=WRITE_CHUNK {blockData=conID: 1 locID: 102667711543575160 bcsId: 4329} | ret=SUCCESS |  
2019-08-23 18:29:14,084 | INFO  | DNAudit | user=null | ip=null | op=WRITE_CHUNK {blockData=conID: 1 locID: 102667711543575160 bcsId: 4329} | ret=SUCCESS |  
2019-08-23 18:29:14,097 | INFO  | DNAudit | user=null | ip=null | op=PUT_BLOCK {blockData=[blockId=conID: 1 locID: 102667711543575160 bcsId: 0,size=4194304]} | ret=SUCCESS |  
2019-08-23 18:29:14,097 | INFO  | DNAudit | user=null | ip=null | op=PUT_BLOCK {blockData=[blockId=conID: 1 locID: 102667711543575160 bcsId: 0,size=4194304]} | ret=SUCCESS |  
2019-08-23 18:29:14,097 [grpc-default-executor-5] INFO  client.GrpcClientProtocolClient (GrpcClientProtocolClient.java:onNext(255)) - client-19C32667576E->48affcab-e6e4-4602-963a-f6a50efbd54c: receive RaftClientReply:client-19C32667576E->48affcab-e6e4-4602-963a-f6a50efbd54c@group-50C56EAF5137, cid=2886, SUCCESS, logIndex=0, commits[48affcab-e6e4-4602-963a-f6a50efbd54c:c4334, 7e391b60-07ae-4d97-a027-4756e468c032:c4332, c5f86d96-67df-4f25-bde3-316f439d30b3:c4332]
2019-08-23 18:29:14,105 | INFO  | SCMAudit | user=jenkins1000 | ip=192.168.34.23 | op=ALLOCATE_BLOCK {owner=1ceb8b80-28f1-43fd-86c3-175afc07b8d1, size=4194304, type=RATIS, factor=THREE} | ret=SUCCESS |  
2019-08-23 18:29:14,109 | INFO  | OMAudit | user=jenkins1000 | ip=127.0.0.1 | op=ALLOCATE_BLOCK {volume=vol-0-45438, bucket=bucket-0-23891, key=key-0-22455, dataSize=0, replicationType=null, replicationFactor=null, keyLocationInfo=null, clientID=102667710122492306} | ret=SUCCESS |  
2019-08-23 18:29:14,116 | INFO  | DNAudit | user=null | ip=null | op=WRITE_CHUNK {blockData=conID: 2 locID: 102667711552160377 bcsId: 0} | ret=SUCCESS |  
2019-08-23 18:29:14,119 | INFO  | DNAudit | user=null | ip=null | op=WRITE_CHUNK {blockData=conID: 2 locID: 102667711552160377 bcsId: 0} | ret=SUCCESS |  
2019-08-23 18:29:14,119 | INFO  | DNAudit | user=null | ip=null | op=WRITE_CHUNK {blockData=conID: 2 locID: 102667711552160377 bcsId: 0} | ret=SUCCESS |  
2019-08-23 18:29:14,119 | INFO  | DNAudit | user=null | ip=null | op=WRITE_CHUNK {blockData=conID: 2 locID: 102667711552160377 bcsId: 0} | ret=SUCCESS |  
2019-08-23 18:29:14,122 | INFO  | DNAudit | user=null | ip=null | op=WRITE_CHUNK {blockData=conID: 2 locID: 102667711552160377 bcsId: 0} | ret=SUCCESS |  
2019-08-23 18:29:14,122 | INFO  | DNAudit | user=null | ip=null | op=WRITE_CHUNK {blockData=conID: 2 locID: 102667711552160377 bcsId: 0} | ret=SUCCESS |  
2019-08-23 18:29:14,137 | INFO  | DNAudit | user=null | ip=null | op=WRITE_CHUNK {blockData=conID: 2 locID: 102667711552160377 bcsId: 0} | ret=SUCCESS |  
2019-08-23 18:29:14,137 | INFO  | DNAudit | user=null | ip=null | op=PUT_BLOCK {blockData=[blockId=conID: 2 locID: 102667711552160377 bcsId: 0,size=1048576]} | ret=SUCCESS |  
2019-08-23 18:29:14,137 [grpc-default-executor-4] INFO  client.GrpcClientProtocolClient (GrpcClientProtocolClient.java:onNext(255)) - client-19C32667576E->48affcab-e6e4-4602-963a-f6a50efbd54c: receive RaftClientReply:client-19C32667576E->48affcab-e6e4-4602-963a-f6a50efbd54c@group-50C56EAF5137, cid=2887, SUCCESS, logIndex=4335, commits[48affcab-e6e4-4602-963a-f6a50efbd54c:c4336, 7e391b60-07ae-4d97-a027-4756e468c032:c4334, c5f86d96-67df-4f25-bde3-316f439d30b3:c4334]
2019-08-23 18:29:14,138 | INFO  | DNAudit | user=null | ip=null | op=WRITE_CHUNK {blockData=conID: 2 locID: 102667711552160377 bcsId: 0} | ret=SUCCESS |  
2019-08-23 18:29:14,138 [grpc-default-executor-5] INFO  client.GrpcClientProtocolClient (GrpcClientProtocolClient.java:onNext(255)) - client-19C32667576E->48affcab-e6e4-4602-963a-f6a50efbd54c: receive RaftClientReply:client-19C32667576E->48affcab-e6e4-4602-963a-f6a50efbd54c@group-50C56EAF5137, cid=2888, SUCCESS, logIndex=4336, commits[48affcab-e6e4-4602-963a-f6a50efbd54c:c4336, 7e391b60-07ae-4d97-a027-4756e468c032:c4334, c5f86d96-67df-4f25-bde3-316f439d30b3:c4334]
2019-08-23 18:29:14,138 | INFO  | DNAudit | user=null | ip=null | op=PUT_BLOCK {blockData=[blockId=conID: 2 locID: 102667711552160377 bcsId: 0,size=2097152]} | ret=SUCCESS |  
2019-08-23 18:29:14,138 [grpc-default-executor-5] INFO  client.GrpcClientProtocolClient (GrpcClientProtocolClient.java:onNext(255)) - client-19C32667576E->48affcab-e6e4-4602-963a-f6a50efbd54c: receive RaftClientReply:client-19C32667576E->48affcab-e6e4-4602-963a-f6a50efbd54c@group-50C56EAF5137, cid=2889, SUCCESS, logIndex=4337, commits[48affcab-e6e4-4602-963a-f6a50efbd54c:c4338, 7e391b60-07ae-4d97-a027-4756e468c032:c4334, c5f86d96-67df-4f25-bde3-316f439d30b3:c4334]
2019-08-23 18:29:14,139 [grpc-default-executor-5] INFO  client.GrpcClientProtocolClient (GrpcClientProtocolClient.java:onNext(255)) - client-19C32667576E->48affcab-e6e4-4602-963a-f6a50efbd54c: receive RaftClientReply:client-19C32667576E->48affcab-e6e4-4602-963a-f6a50efbd54c@group-50C56EAF5137, cid=2890, SUCCESS, logIndex=4338, commits[48affcab-e6e4-4602-963a-f6a50efbd54c:c4338, 7e391b60-07ae-4d97-a027-4756e468c032:c4334, c5f86d96-67df-4f25-bde3-316f439d30b3:c4334]
2019-08-23 18:29:14,139 | INFO  | DNAudit | user=null | ip=null | op=WRITE_CHUNK {blockData=conID: 2 locID: 102667711552160377 bcsId: 0} | ret=SUCCESS |  
2019-08-23 18:29:14,139 | INFO  | DNAudit | user=null | ip=null | op=PUT_BLOCK {blockData=[blockId=conID: 2 locID: 102667711552160377 bcsId: 0,size=1048576]} | ret=SUCCESS |  
2019-08-23 18:29:14,141 | INFO  | DNAudit | user=null | ip=null | op=WRITE_CHUNK {blockData=conID: 2 locID: 102667711552160377 bcsId: 0} | ret=SUCCESS |  
2019-08-23 18:29:14,141 | INFO  | DNAudit | user=null | ip=null | op=PUT_BLOCK {blockData=[blockId=conID: 2 locID: 102667711552160377 bcsId: 0,size=1048576]} | ret=SUCCESS |  
2019-08-23 18:29:14,141 | INFO  | DNAudit | user=null | ip=null | op=WRITE_CHUNK {blockData=conID: 2 locID: 102667711552160377 bcsId: 0} | ret=SUCCESS |  
2019-08-23 18:29:14,141 [grpc-default-executor-4] INFO  client.GrpcClientProtocolClient (GrpcClientProtocolClient.java:onNext(255)) - client-19C32667576E->48affcab-e6e4-4602-963a-f6a50efbd54c: receive RaftClientReply:client-19C32667576E->48affcab-e6e4-4602-963a-f6a50efbd54c@group-50C56EAF5137, cid=2891, SUCCESS, logIndex=0, commits[48affcab-e6e4-4602-963a-f6a50efbd54c:c4340, 7e391b60-07ae-4d97-a027-4756e468c032:c4336, c5f86d96-67df-4f25-bde3-316f439d30b3:c4336]
2019-08-23 18:29:14,141 | INFO  | DNAudit | user=null | ip=null | op=PUT_BLOCK {blockData=[blockId=conID: 2 locID: 102667711552160377 bcsId: 0,size=2097152]} | ret=SUCCESS |  
2019-08-23 18:29:14,142 | INFO  | DNAudit | user=null | ip=null | op=WRITE_CHUNK {blockData=conID: 2 locID: 102667711552160377 bcsId: 0} | ret=SUCCESS |  
2019-08-23 18:29:14,142 | INFO  | DNAudit | user=null | ip=null | op=PUT_BLOCK {blockData=[blockId=conID: 2 locID: 102667711552160377 bcsId: 0,size=2097152]} | ret=SUCCESS |  
2019-08-23 18:29:14,147 | INFO  | DNAudit | user=null | ip=null | op=WRITE_CHUNK {blockData=conID: 2 locID: 102667711552160377 bcsId: 4338} | ret=SUCCESS |  
2019-08-23 18:29:14,150 | INFO  | DNAudit | user=null | ip=null | op=WRITE_CHUNK {blockData=conID: 2 locID: 102667711552160377 bcsId: 4338} | ret=SUCCESS |  
2019-08-23 18:29:14,151 | INFO  | DNAudit | user=null | ip=null | op=WRITE_CHUNK {blockData=conID: 2 locID: 102667711552160377 bcsId: 4338} | ret=SUCCESS |  
2019-08-23 18:29:14,152 | INFO  | DNAudit | user=null | ip=null | op=WRITE_CHUNK {blockData=conID: 2 locID: 102667711552160377 bcsId: 4338} | ret=SUCCESS |  
2019-08-23 18:29:14,153 | INFO  | DNAudit | user=null | ip=null | op=PUT_BLOCK {blockData=[blockId=conID: 2 locID: 102667711552160377 bcsId: 0,size=3145728]} | ret=SUCCESS |  
2019-08-23 18:29:14,153 [grpc-default-executor-5] INFO  client.GrpcClientProtocolClient (GrpcClientProtocolClient.java:onNext(255)) - client-19C32667576E->48affcab-e6e4-4602-963a-f6a50efbd54c: receive RaftClientReply:client-19C32667576E->48affcab-e6e4-4602-963a-f6a50efbd54c@group-50C56EAF5137, cid=2892, SUCCESS, logIndex=4343, commits[48affcab-e6e4-4602-963a-f6a50efbd54c:c4344, 7e391b60-07ae-4d97-a027-4756e468c032:c4342, c5f86d96-67df-4f25-bde3-316f439d30b3:c4342]
2019-08-23 18:29:14,153 [grpc-default-executor-5] INFO  client.GrpcClientProtocolClient (GrpcClientProtocolClient.java:onNext(255)) - client-19C32667576E->48affcab-e6e4-4602-963a-f6a50efbd54c: receive RaftClientReply:client-19C32667576E->48affcab-e6e4-4602-963a-f6a50efbd54c@group-50C56EAF5137, cid=2893, SUCCESS, logIndex=4344, commits[48affcab-e6e4-4602-963a-f6a50efbd54c:c4344, 7e391b60-07ae-4d97-a027-4756e468c032:c4342, c5f86d96-67df-4f25-bde3-316f439d30b3:c4342]
2019-08-23 18:29:14,155 | INFO  | DNAudit | user=null | ip=null | op=WRITE_CHUNK {blockData=conID: 2 locID: 102667711552160377 bcsId: 4338} | ret=SUCCESS |  
2019-08-23 18:29:14,155 | INFO  | DNAudit | user=null | ip=null | op=PUT_BLOCK {blockData=[blockId=conID: 2 locID: 102667711552160377 bcsId: 0,size=3145728]} | ret=SUCCESS |  
2019-08-23 18:29:14,155 | INFO  | DNAudit | user=null | ip=null | op=WRITE_CHUNK {blockData=conID: 2 locID: 102667711552160377 bcsId: 4338} | ret=SUCCESS |  
2019-08-23 18:29:14,155 | INFO  | DNAudit | user=null | ip=null | op=PUT_BLOCK {blockData=[blockId=conID: 2 locID: 102667711552160377 bcsId: 0,size=3145728]} | ret=SUCCESS |  
2019-08-23 18:29:14,159 | INFO  | DNAudit | user=null | ip=null | op=WRITE_CHUNK {blockData=conID: 2 locID: 102667711552160377 bcsId: 4344} | ret=SUCCESS |  
2019-08-23 18:29:14,163 | INFO  | DNAudit | user=null | ip=null | op=WRITE_CHUNK {blockData=conID: 2 locID: 102667711552160377 bcsId: 4344} | ret=SUCCESS |  
2019-08-23 18:29:14,163 | INFO  | DNAudit | user=null | ip=null | op=WRITE_CHUNK {blockData=conID: 2 locID: 102667711552160377 bcsId: 4344} | ret=SUCCESS |  
2019-08-23 18:29:14,166 | INFO  | DNAudit | user=null | ip=null | op=WRITE_CHUNK {blockData=conID: 2 locID: 102667711552160377 bcsId: 4344} | ret=SUCCESS |  
2019-08-23 18:29:14,167 | INFO  | DNAudit | user=null | ip=null | op=PUT_BLOCK {blockData=[blockId=conID: 2 locID: 102667711552160377 bcsId: 0,size=4194304]} | ret=SUCCESS |  
2019-08-23 18:29:14,167 [grpc-default-executor-5] INFO  client.GrpcClientProtocolClient (GrpcClientProtocolClient.java:onNext(255)) - client-19C32667576E->48affcab-e6e4-4602-963a-f6a50efbd54c: receive RaftClientReply:client-19C32667576E->48affcab-e6e4-4602-963a-f6a50efbd54c@group-50C56EAF5137, cid=2894, SUCCESS, logIndex=4347, commits[48affcab-e6e4-4602-963a-f6a50efbd54c:c4348, 7e391b60-07ae-4d97-a027-4756e468c032:c4346, c5f86d96-67df-4f25-bde3-316f439d30b3:c4346]
2019-08-23 18:29:14,167 [grpc-default-executor-5] INFO  client.GrpcClientProtocolClient (GrpcClientProtocolClient.java:onNext(255)) - client-19C32667576E->48affcab-e6e4-4602-963a-f6a50efbd54c: receive RaftClientReply:client-19C32667576E->48affcab-e6e4-4602-963a-f6a50efbd54c@group-50C56EAF5137, cid=2895, SUCCESS, logIndex=4348, commits[48affcab-e6e4-4602-963a-f6a50efbd54c:c4348, 7e391b60-07ae-4d97-a027-4756e468c032:c4346, c5f86d96-67df-4f25-bde3-316f439d30b3:c4346]
2019-08-23 18:29:14,169 | INFO  | DNAudit | user=null | ip=null | op=WRITE_CHUNK {blockData=conID: 2 locID: 102667711552160377 bcsId: 4344} | ret=SUCCESS |  
2019-08-23 18:29:14,169 | INFO  | DNAudit | user=null | ip=null | op=WRITE_CHUNK {blockData=conID: 2 locID: 102667711552160377 bcsId: 4344} | ret=SUCCESS |  
2019-08-23 18:29:14,169 | INFO  | DNAudit | user=null | ip=null | op=PUT_BLOCK {blockData=[blockId=conID: 2 locID: 102667711552160377 bcsId: 0,size=4194304]} | ret=SUCCESS |  
2019-08-23 18:29:14,170 | INFO  | DNAudit | user=null | ip=null | op=PUT_BLOCK {blockData=[blockId=conID: 2 locID: 102667711552160377 bcsId: 0,size=4194304]} | ret=SUCCESS |  
2019-08-23 18:29:14,170 [grpc-default-executor-5] INFO  client.GrpcClientProtocolClient (GrpcClientProtocolClient.java:onNext(255)) - client-19C32667576E->48affcab-e6e4-4602-963a-f6a50efbd54c: receive RaftClientReply:client-19C32667576E->48affcab-e6e4-4602-963a-f6a50efbd54c@group-50C56EAF5137, cid=2896, SUCCESS, logIndex=0, commits[48affcab-e6e4-4602-963a-f6a50efbd54c:c4349, 7e391b60-07ae-4d97-a027-4756e468c032:c4348, c5f86d96-67df-4f25-bde3-316f439d30b3:c4348]
2019-08-23 18:29:14,174 | INFO  | SCMAudit | user=jenkins1000 | ip=192.168.34.23 | op=ALLOCATE_BLOCK {owner=1ceb8b80-28f1-43fd-86c3-175afc07b8d1, size=4194304, type=RATIS, factor=THREE} | ret=SUCCESS |  
2019-08-23 18:29:14,177 | INFO  | OMAudit | user=jenkins1000 | ip=127.0.0.1 | op=ALLOCATE_BLOCK {volume=vol-0-45438, bucket=bucket-0-23891, key=key-0-22455, dataSize=0, replicationType=null, replicationFactor=null, keyLocationInfo=null, clientID=102667710122492306} | ret=SUCCESS |  
2019-08-23 18:29:14,183 | INFO  | DNAudit | user=null | ip=null | op=WRITE_CHUNK {blockData=conID: 3 locID: 102667711556747898 bcsId: 0} | ret=SUCCESS |  
2019-08-23 18:29:14,187 | INFO  | DNAudit | user=null | ip=null | op=WRITE_CHUNK {blockData=conID: 3 locID: 102667711556747898 bcsId: 0} | ret=SUCCESS |  
2019-08-23 18:29:14,187 | INFO  | DNAudit | user=null | ip=null | op=WRITE_CHUNK {blockData=conID: 3 locID: 102667711556747898 bcsId: 0} | ret=SUCCESS |  
2019-08-23 18:29:14,187 | INFO  | DNAudit | user=null | ip=null | op=WRITE_CHUNK {blockData=conID: 3 locID: 102667711556747898 bcsId: 0} | ret=SUCCESS |  
2019-08-23 18:29:14,188 | INFO  | DNAudit | user=null | ip=null | op=WRITE_CHUNK {blockData=conID: 3 locID: 102667711556747898 bcsId: 0} | ret=SUCCESS |  
2019-08-23 18:29:14,189 | INFO  | DNAudit | user=null | ip=null | op=WRITE_CHUNK {blockData=conID: 3 locID: 102667711556747898 bcsId: 0} | ret=SUCCESS |  
2019-08-23 18:29:14,191 | INFO  | DNAudit | user=null | ip=null | op=WRITE_CHUNK {blockData=conID: 3 locID: 102667711556747898 bcsId: 0} | ret=SUCCESS |  
2019-08-23 18:29:14,191 | INFO  | DNAudit | user=null | ip=null | op=PUT_BLOCK {blockData=[blockId=conID: 3 locID: 102667711556747898 bcsId: 0,size=1048576]} | ret=SUCCESS |  
2019-08-23 18:29:14,191 [grpc-default-executor-3] INFO  client.GrpcClientProtocolClient (GrpcClientProtocolClient.java:onNext(255)) - client-19C32667576E->48affcab-e6e4-4602-963a-f6a50efbd54c: receive RaftClientReply:client-19C32667576E->48affcab-e6e4-4602-963a-f6a50efbd54c@group-50C56EAF5137, cid=2897, SUCCESS, logIndex=4351, commits[48affcab-e6e4-4602-963a-f6a50efbd54c:c4352, 7e391b60-07ae-4d97-a027-4756e468c032:c4350, c5f86d96-67df-4f25-bde3-316f439d30b3:c4350]
2019-08-23 18:29:14,192 [grpc-default-executor-3] INFO  client.GrpcClientProtocolClient (GrpcClientProtocolClient.java:onNext(255)) - client-19C32667576E->48affcab-e6e4-4602-963a-f6a50efbd54c: receive RaftClientReply:client-19C32667576E->48affcab-e6e4-4602-963a-f6a50efbd54c@group-50C56EAF5137, cid=2898, SUCCESS, logIndex=4352, commits[48affcab-e6e4-4602-963a-f6a50efbd54c:c4352, 7e391b60-07ae-4d97-a027-4756e468c032:c4350, c5f86d96-67df-4f25-bde3-316f439d30b3:c4350]
2019-08-23 18:29:14,192 | INFO  | DNAudit | user=null | ip=null | op=WRITE_CHUNK {blockData=conID: 3 locID: 102667711556747898 bcsId: 0} | ret=SUCCESS |  
2019-08-23 18:29:14,192 | INFO  | DNAudit | user=null | ip=null | op=PUT_BLOCK {blockData=[blockId=conID: 3 locID: 102667711556747898 bcsId: 0,size=2097152]} | ret=SUCCESS |  
2019-08-23 18:29:14,193 [grpc-default-executor-5] INFO  client.GrpcClientProtocolClient (GrpcClientProtocolClient.java:onNext(255)) - client-19C32667576E->48affcab-e6e4-4602-963a-f6a50efbd54c: receive RaftClientReply:client-19C32667576E->48affcab-e6e4-4602-963a-f6a50efbd54c@group-50C56EAF5137, cid=2899, SUCCESS, logIndex=4353, commits[48affcab-e6e4-4602-963a-f6a50efbd54c:c4353, 7e391b60-07ae-4d97-a027-4756e468c032:c4350, c5f86d96-67df-4f25-bde3-316f439d30b3:c4350]
2019-08-23 18:29:14,193 [grpc-default-executor-5] INFO  client.GrpcClientProtocolClient (GrpcClientProtocolClient.java:onNext(255)) - client-19C32667576E->48affcab-e6e4-4602-963a-f6a50efbd54c: receive RaftClientReply:client-19C32667576E->48affcab-e6e4-4602-963a-f6a50efbd54c@group-50C56EAF5137, cid=2900, SUCCESS, logIndex=4354, commits[48affcab-e6e4-4602-963a-f6a50efbd54c:c4354, 7e391b60-07ae-4d97-a027-4756e468c032:c4350, c5f86d96-67df-4f25-bde3-316f439d30b3:c4350]
2019-08-23 18:29:14,195 | INFO  | DNAudit | user=null | ip=null | op=WRITE_CHUNK {blockData=conID: 3 locID: 102667711556747898 bcsId: 0} | ret=SUCCESS |  
2019-08-23 18:29:14,196 | INFO  | DNAudit | user=null | ip=null | op=PUT_BLOCK {blockData=[blockId=conID: 3 locID: 102667711556747898 bcsId: 0,size=1048576]} | ret=SUCCESS |  
2019-08-23 18:29:14,196 | INFO  | DNAudit | user=null | ip=null | op=WRITE_CHUNK {blockData=conID: 3 locID: 102667711556747898 bcsId: 0} | ret=SUCCESS |  
2019-08-23 18:29:14,196 | INFO  | DNAudit | user=null | ip=null | op=PUT_BLOCK {blockData=[blockId=conID: 3 locID: 102667711556747898 bcsId: 0,size=1048576]} | ret=SUCCESS |  
2019-08-23 18:29:14,196 | INFO  | DNAudit | user=null | ip=null | op=WRITE_CHUNK {blockData=conID: 3 locID: 102667711556747898 bcsId: 0} | ret=SUCCESS |  
2019-08-23 18:29:14,196 [grpc-default-executor-5] INFO  client.GrpcClientProtocolClient (GrpcClientProtocolClient.java:onNext(255)) - client-19C32667576E->48affcab-e6e4-4602-963a-f6a50efbd54c: receive RaftClientReply:client-19C32667576E->48affcab-e6e4-4602-963a-f6a50efbd54c@group-50C56EAF5137, cid=2901, SUCCESS, logIndex=0, commits[48affcab-e6e4-4602-963a-f6a50efbd54c:c4356, 7e391b60-07ae-4d97-a027-4756e468c032:c4352, c5f86d96-67df-4f25-bde3-316f439d30b3:c4352]
2019-08-23 18:29:14,196 | INFO  | DNAudit | user=null | ip=null | op=PUT_BLOCK {blockData=[blockId=conID: 3 locID: 102667711556747898 bcsId: 0,size=2097152]} | ret=SUCCESS |  
2019-08-23 18:29:14,197 | INFO  | DNAudit | user=null | ip=null | op=WRITE_CHUNK {blockData=conID: 3 locID: 102667711556747898 bcsId: 0} | ret=SUCCESS |  
2019-08-23 18:29:14,197 | INFO  | DNAudit | user=null | ip=null | op=PUT_BLOCK {blockData=[blockId=conID: 3 locID: 102667711556747898 bcsId: 0,size=2097152]} | ret=SUCCESS |  
2019-08-23 18:29:14,202 | INFO  | DNAudit | user=null | ip=null | op=WRITE_CHUNK {blockData=conID: 3 locID: 102667711556747898 bcsId: 4354} | ret=SUCCESS |  
2019-08-23 18:29:14,205 | INFO  | DNAudit | user=null | ip=null | op=WRITE_CHUNK {blockData=conID: 3 locID: 102667711556747898 bcsId: 4354} | ret=SUCCESS |  
2019-08-23 18:29:14,205 | INFO  | DNAudit | user=null | ip=null | op=WRITE_CHUNK {blockData=conID: 3 locID: 102667711556747898 bcsId: 4354} | ret=SUCCESS |  
2019-08-23 18:29:14,222 | INFO  | DNAudit | user=null | ip=null | op=WRITE_CHUNK {blockData=conID: 3 locID: 102667711556747898 bcsId: 4354} | ret=SUCCESS |  
2019-08-23 18:29:14,223 | INFO  | DNAudit | user=null | ip=null | op=PUT_BLOCK {blockData=[blockId=conID: 3 locID: 102667711556747898 bcsId: 0,size=3145728]} | ret=SUCCESS |  
2019-08-23 18:29:14,223 [grpc-default-executor-3] INFO  client.GrpcClientProtocolClient (GrpcClientProtocolClient.java:onNext(255)) - client-19C32667576E->48affcab-e6e4-4602-963a-f6a50efbd54c: receive RaftClientReply:client-19C32667576E->48affcab-e6e4-4602-963a-f6a50efbd54c@group-50C56EAF5137, cid=2902, SUCCESS, logIndex=4359, commits[48affcab-e6e4-4602-963a-f6a50efbd54c:c4360, 7e391b60-07ae-4d97-a027-4756e468c032:c4358, c5f86d96-67df-4f25-bde3-316f439d30b3:c4358]
2019-08-23 18:29:14,223 [grpc-default-executor-3] INFO  client.GrpcClientProtocolClient (GrpcClientProtocolClient.java:onNext(255)) - client-19C32667576E->48affcab-e6e4-4602-963a-f6a50efbd54c: receive RaftClientReply:client-19C32667576E->48affcab-e6e4-4602-963a-f6a50efbd54c@group-50C56EAF5137, cid=2903, SUCCESS, logIndex=4360, commits[48affcab-e6e4-4602-963a-f6a50efbd54c:c4360, 7e391b60-07ae-4d97-a027-4756e468c032:c4358, c5f86d96-67df-4f25-bde3-316f439d30b3:c4358]
2019-08-23 18:29:14,224 | INFO  | DNAudit | user=null | ip=null | op=WRITE_CHUNK {blockData=conID: 3 locID: 102667711556747898 bcsId: 4354} | ret=SUCCESS |  
2019-08-23 18:29:14,224 | INFO  | DNAudit | user=null | ip=null | op=WRITE_CHUNK {blockData=conID: 3 locID: 102667711556747898 bcsId: 4354} | ret=SUCCESS |  
2019-08-23 18:29:14,224 | INFO  | DNAudit | user=null | ip=null | op=PUT_BLOCK {blockData=[blockId=conID: 3 locID: 102667711556747898 bcsId: 0,size=3145728]} | ret=SUCCESS |  
2019-08-23 18:29:14,224 | INFO  | DNAudit | user=null | ip=null | op=PUT_BLOCK {blockData=[blockId=conID: 3 locID: 102667711556747898 bcsId: 0,size=3145728]} | ret=SUCCESS |  
2019-08-23 18:29:14,229 | INFO  | DNAudit | user=null | ip=null | op=WRITE_CHUNK {blockData=conID: 3 locID: 102667711556747898 bcsId: 4360} | ret=SUCCESS |  
2019-08-23 18:29:14,232 | INFO  | DNAudit | user=null | ip=null | op=WRITE_CHUNK {blockData=conID: 3 locID: 102667711556747898 bcsId: 4360} | ret=SUCCESS |  
2019-08-23 18:29:14,232 | INFO  | DNAudit | user=null | ip=null | op=WRITE_CHUNK {blockData=conID: 3 locID: 102667711556747898 bcsId: 4360} | ret=SUCCESS |  
2019-08-23 18:29:14,243 | INFO  | DNAudit | user=null | ip=null | op=WRITE_CHUNK {blockData=conID: 3 locID: 102667711556747898 bcsId: 4360} | ret=SUCCESS |  
2019-08-23 18:29:14,244 | INFO  | DNAudit | user=null | ip=null | op=PUT_BLOCK {blockData=[blockId=conID: 3 locID: 102667711556747898 bcsId: 0,size=4194304]} | ret=SUCCESS |  
2019-08-23 18:29:14,244 [grpc-default-executor-3] INFO  client.GrpcClientProtocolClient (GrpcClientProtocolClient.java:onNext(255)) - client-19C32667576E->48affcab-e6e4-4602-963a-f6a50efbd54c: receive RaftClientReply:client-19C32667576E->48affcab-e6e4-4602-963a-f6a50efbd54c@group-50C56EAF5137, cid=2904, SUCCESS, logIndex=4363, commits[48affcab-e6e4-4602-963a-f6a50efbd54c:c4364, 7e391b60-07ae-4d97-a027-4756e468c032:c4362, c5f86d96-67df-4f25-bde3-316f439d30b3:c4362]
2019-08-23 18:29:14,244 [grpc-default-executor-3] INFO  client.GrpcClientProtocolClient (GrpcClientProtocolClient.java:onNext(255)) - client-19C32667576E->48affcab-e6e4-4602-963a-f6a50efbd54c: receive RaftClientReply:client-19C32667576E->48affcab-e6e4-4602-963a-f6a50efbd54c@group-50C56EAF5137, cid=2905, SUCCESS, logIndex=4364, commits[48affcab-e6e4-4602-963a-f6a50efbd54c:c4364, 7e391b60-07ae-4d97-a027-4756e468c032:c4362, c5f86d96-67df-4f25-bde3-316f439d30b3:c4362]
2019-08-23 18:29:14,255 | INFO  | DNAudit | user=null | ip=null | op=WRITE_CHUNK {blockData=conID: 3 locID: 102667711556747898 bcsId: 4360} | ret=SUCCESS |  
2019-08-23 18:29:14,255 | INFO  | DNAudit | user=null | ip=null | op=WRITE_CHUNK {blockData=conID: 3 locID: 102667711556747898 bcsId: 4360} | ret=SUCCESS |  
2019-08-23 18:29:14,255 | INFO  | DNAudit | user=null | ip=null | op=PUT_BLOCK {blockData=[blockId=conID: 3 locID: 102667711556747898 bcsId: 0,size=4194304]} | ret=SUCCESS |  
2019-08-23 18:29:14,255 | INFO  | DNAudit | user=null | ip=null | op=PUT_BLOCK {blockData=[blockId=conID: 3 locID: 102667711556747898 bcsId: 0,size=4194304]} | ret=SUCCESS |  
2019-08-23 18:29:14,255 [grpc-default-executor-3] INFO  client.GrpcClientProtocolClient (GrpcClientProtocolClient.java:onNext(255)) - client-19C32667576E->48affcab-e6e4-4602-963a-f6a50efbd54c: receive RaftClientReply:client-19C32667576E->48affcab-e6e4-4602-963a-f6a50efbd54c@group-50C56EAF5137, cid=2906, SUCCESS, logIndex=0, commits[48affcab-e6e4-4602-963a-f6a50efbd54c:c4365, 7e391b60-07ae-4d97-a027-4756e468c032:c4364, c5f86d96-67df-4f25-bde3-316f439d30b3:c4364]
2019-08-23 18:29:14,260 | INFO  | SCMAudit | user=jenkins1000 | ip=192.168.34.23 | op=ALLOCATE_BLOCK {owner=1ceb8b80-28f1-43fd-86c3-175afc07b8d1, size=4194304, type=RATIS, factor=THREE} | ret=SUCCESS |  
2019-08-23 18:29:14,263 | INFO  | OMAudit | user=jenkins1000 | ip=127.0.0.1 | op=ALLOCATE_BLOCK {volume=vol-0-45438, bucket=bucket-0-23891, key=key-0-22455, dataSize=0, replicationType=null, replicationFactor=null, keyLocationInfo=null, clientID=102667710122492306} | ret=SUCCESS |  
2019-08-23 18:29:14,268 | INFO  | DNAudit | user=null | ip=null | op=WRITE_CHUNK {blockData=conID: 1 locID: 102667711562383995 bcsId: 0} | ret=SUCCESS |  
2019-08-23 18:29:14,270 | INFO  | DNAudit | user=null | ip=null | op=WRITE_CHUNK {blockData=conID: 1 locID: 102667711562383995 bcsId: 0} | ret=SUCCESS |  
2019-08-23 18:29:14,271 | INFO  | DNAudit | user=null | ip=null | op=WRITE_CHUNK {blockData=conID: 1 locID: 102667711562383995 bcsId: 0} | ret=SUCCESS |  
2019-08-23 18:29:14,271 | INFO  | DNAudit | user=null | ip=null | op=WRITE_CHUNK {blockData=conID: 1 locID: 102667711562383995 bcsId: 0} | ret=SUCCESS |  
2019-08-23 18:29:14,273 | INFO  | DNAudit | user=null | ip=null | op=WRITE_CHUNK {blockData=conID: 1 locID: 102667711562383995 bcsId: 0} | ret=SUCCESS |  
2019-08-23 18:29:14,273 | INFO  | DNAudit | user=null | ip=null | op=WRITE_CHUNK {blockData=conID: 1 locID: 102667711562383995 bcsId: 0} | ret=SUCCESS |  
2019-08-23 18:29:14,281 | INFO  | DNAudit | user=null | ip=null | op=WRITE_CHUNK {blockData=conID: 1 locID: 102667711562383995 bcsId: 0} | ret=SUCCESS |  
2019-08-23 18:29:14,282 | INFO  | DNAudit | user=null | ip=null | op=PUT_BLOCK {blockData=[blockId=conID: 1 locID: 102667711562383995 bcsId: 0,size=1048576]} | ret=SUCCESS |  
2019-08-23 18:29:14,282 [grpc-default-executor-0] INFO  client.GrpcClientProtocolClient (GrpcClientProtocolClient.java:onNext(255)) - client-19C32667576E->48affcab-e6e4-4602-963a-f6a50efbd54c: receive RaftClientReply:client-19C32667576E->48affcab-e6e4-4602-963a-f6a50efbd54c@group-50C56EAF5137, cid=2907, SUCCESS, logIndex=4367, commits[48affcab-e6e4-4602-963a-f6a50efbd54c:c4368, 7e391b60-07ae-4d97-a027-4756e468c032:c4366, c5f86d96-67df-4f25-bde3-316f439d30b3:c4366]
2019-08-23 18:29:14,282 [grpc-default-executor-0] INFO  client.GrpcClientProtocolClient (GrpcClientProtocolClient.java:onNext(255)) - client-19C32667576E->48affcab-e6e4-4602-963a-f6a50efbd54c: receive RaftClientReply:client-19C32667576E->48affcab-e6e4-4602-963a-f6a50efbd54c@group-50C56EAF5137, cid=2908, SUCCESS, logIndex=4368, commits[48affcab-e6e4-4602-963a-f6a50efbd54c:c4368, 7e391b60-07ae-4d97-a027-4756e468c032:c4366, c5f86d96-67df-4f25-bde3-316f439d30b3:c4366]
2019-08-23 18:29:14,295 | INFO  | DNAudit | user=null | ip=null | op=WRITE_CHUNK {blockData=conID: 1 locID: 102667711562383995 bcsId: 0} | ret=SUCCESS |  
2019-08-23 18:29:14,295 | INFO  | DNAudit | user=null | ip=null | op=PUT_BLOCK {blockData=[blockId=conID: 1 locID: 102667711562383995 bcsId: 0,size=2097152]} | ret=SUCCESS |  
2019-08-23 18:29:14,295 [grpc-default-executor-5] INFO  client.GrpcClientProtocolClient (GrpcClientProtocolClient.java:onNext(255)) - client-19C32667576E->48affcab-e6e4-4602-963a-f6a50efbd54c: receive RaftClientReply:client-19C32667576E->48affcab-e6e4-4602-963a-f6a50efbd54c@group-50C56EAF5137, cid=2909, SUCCESS, logIndex=4369, commits[48affcab-e6e4-4602-963a-f6a50efbd54c:c4370, 7e391b60-07ae-4d97-a027-4756e468c032:c4366, c5f86d96-67df-4f25-bde3-316f439d30b3:c4366]
2019-08-23 18:29:14,295 [grpc-default-executor-5] INFO  client.GrpcClientProtocolClient (GrpcClientProtocolClient.java:onNext(255)) - client-19C32667576E->48affcab-e6e4-4602-963a-f6a50efbd54c: receive RaftClientReply:client-19C32667576E->48affcab-e6e4-4602-963a-f6a50efbd54c@group-50C56EAF5137, cid=2910, SUCCESS, logIndex=4370, commits[48affcab-e6e4-4602-963a-f6a50efbd54c:c4370, 7e391b60-07ae-4d97-a027-4756e468c032:c4366, c5f86d96-67df-4f25-bde3-316f439d30b3:c4366]
2019-08-23 18:29:14,307 | INFO  | DNAudit | user=null | ip=null | op=WRITE_CHUNK {blockData=conID: 1 locID: 102667711562383995 bcsId: 0} | ret=SUCCESS |  
2019-08-23 18:29:14,307 | INFO  | DNAudit | user=null | ip=null | op=WRITE_CHUNK {blockData=conID: 1 locID: 102667711562383995 bcsId: 0} | ret=SUCCESS |  
2019-08-23 18:29:14,307 | INFO  | DNAudit | user=null | ip=null | op=PUT_BLOCK {blockData=[blockId=conID: 1 locID: 102667711562383995 bcsId: 0,size=1048576]} | ret=SUCCESS |  
2019-08-23 18:29:14,307 | INFO  | DNAudit | user=null | ip=null | op=PUT_BLOCK {blockData=[blockId=conID: 1 locID: 102667711562383995 bcsId: 0,size=1048576]} | ret=SUCCESS |  
2019-08-23 18:29:14,307 [grpc-default-executor-0] INFO  client.GrpcClientProtocolClient (GrpcClientProtocolClient.java:onNext(255)) - client-19C32667576E->48affcab-e6e4-4602-963a-f6a50efbd54c: receive RaftClientReply:client-19C32667576E->48affcab-e6e4-4602-963a-f6a50efbd54c@group-50C56EAF5137, cid=2911, SUCCESS, logIndex=0, commits[48affcab-e6e4-4602-963a-f6a50efbd54c:c4372, 7e391b60-07ae-4d97-a027-4756e468c032:c4368, c5f86d96-67df-4f25-bde3-316f439d30b3:c4368]
2019-08-23 18:29:14,312 | INFO  | DNAudit | user=null | ip=null | op=WRITE_CHUNK {blockData=conID: 1 locID: 102667711562383995 bcsId: 4370} | ret=SUCCESS |  
2019-08-23 18:29:14,315 | INFO  | DNAudit | user=null | ip=null | op=WRITE_CHUNK {blockData=conID: 1 locID: 102667711562383995 bcsId: 4370} | ret=SUCCESS |  
2019-08-23 18:29:14,315 | INFO  | DNAudit | user=null | ip=null | op=WRITE_CHUNK {blockData=conID: 1 locID: 102667711562383995 bcsId: 4370} | ret=SUCCESS |  
2019-08-23 18:29:14,320 | INFO  | DNAudit | user=null | ip=null | op=WRITE_CHUNK {blockData=conID: 1 locID: 102667711562383995 bcsId: 0} | ret=SUCCESS |  
2019-08-23 18:29:14,320 | INFO  | DNAudit | user=null | ip=null | op=WRITE_CHUNK {blockData=conID: 1 locID: 102667711562383995 bcsId: 0} | ret=SUCCESS |  
2019-08-23 18:29:14,320 | INFO  | DNAudit | user=null | ip=null | op=PUT_BLOCK {blockData=[blockId=conID: 1 locID: 102667711562383995 bcsId: 0,size=2097152]} | ret=SUCCESS |  
2019-08-23 18:29:14,320 | INFO  | DNAudit | user=null | ip=null | op=PUT_BLOCK {blockData=[blockId=conID: 1 locID: 102667711562383995 bcsId: 0,size=2097152]} | ret=SUCCESS |  
2019-08-23 18:29:14,332 | INFO  | DNAudit | user=null | ip=null | op=WRITE_CHUNK {blockData=conID: 1 locID: 102667711562383995 bcsId: 4370} | ret=SUCCESS |  
2019-08-23 18:29:14,333 | INFO  | DNAudit | user=null | ip=null | op=PUT_BLOCK {blockData=[blockId=conID: 1 locID: 102667711562383995 bcsId: 0,size=3145728]} | ret=SUCCESS |  
2019-08-23 18:29:14,333 [grpc-default-executor-5] INFO  client.GrpcClientProtocolClient (GrpcClientProtocolClient.java:onNext(255)) - client-19C32667576E->48affcab-e6e4-4602-963a-f6a50efbd54c: receive RaftClientReply:client-19C32667576E->48affcab-e6e4-4602-963a-f6a50efbd54c@group-50C56EAF5137, cid=2912, SUCCESS, logIndex=4375, commits[48affcab-e6e4-4602-963a-f6a50efbd54c:c4376, 7e391b60-07ae-4d97-a027-4756e468c032:c4372, c5f86d96-67df-4f25-bde3-316f439d30b3:c4372]
2019-08-23 18:29:14,333 [grpc-default-executor-5] INFO  client.GrpcClientProtocolClient (GrpcClientProtocolClient.java:onNext(255)) - client-19C32667576E->48affcab-e6e4-4602-963a-f6a50efbd54c: receive RaftClientReply:client-19C32667576E->48affcab-e6e4-4602-963a-f6a50efbd54c@group-50C56EAF5137, cid=2913, SUCCESS, logIndex=4376, commits[48affcab-e6e4-4602-963a-f6a50efbd54c:c4376, 7e391b60-07ae-4d97-a027-4756e468c032:c4372, c5f86d96-67df-4f25-bde3-316f439d30b3:c4372]
2019-08-23 18:29:14,339 | INFO  | DNAudit | user=null | ip=null | op=WRITE_CHUNK {blockData=conID: 1 locID: 102667711562383995 bcsId: 4376} | ret=SUCCESS |  
2019-08-23 18:29:14,341 | INFO  | DNAudit | user=null | ip=null | op=WRITE_CHUNK {blockData=conID: 1 locID: 102667711562383995 bcsId: 4376} | ret=SUCCESS |  
2019-08-23 18:29:14,341 | INFO  | DNAudit | user=null | ip=null | op=WRITE_CHUNK {blockData=conID: 1 locID: 102667711562383995 bcsId: 4376} | ret=SUCCESS |  
2019-08-23 18:29:14,346 | INFO  | DNAudit | user=null | ip=null | op=WRITE_CHUNK {blockData=conID: 1 locID: 102667711562383995 bcsId: 4370} | ret=SUCCESS |  
2019-08-23 18:29:14,346 | INFO  | DNAudit | user=null | ip=null | op=WRITE_CHUNK {blockData=conID: 1 locID: 102667711562383995 bcsId: 4370} | ret=SUCCESS |  
2019-08-23 18:29:14,360 | INFO  | DNAudit | user=null | ip=null | op=PUT_BLOCK {blockData=[blockId=conID: 1 locID: 102667711562383995 bcsId: 0,size=3145728]} | ret=SUCCESS |  
2019-08-23 18:29:14,360 | INFO  | DNAudit | user=null | ip=null | op=PUT_BLOCK {blockData=[blockId=conID: 1 locID: 102667711562383995 bcsId: 0,size=3145728]} | ret=SUCCESS |  
2019-08-23 18:29:14,360 | INFO  | DNAudit | user=null | ip=null | op=WRITE_CHUNK {blockData=conID: 1 locID: 102667711562383995 bcsId: 4376} | ret=SUCCESS |  
2019-08-23 18:29:14,361 | INFO  | DNAudit | user=null | ip=null | op=PUT_BLOCK {blockData=[blockId=conID: 1 locID: 102667711562383995 bcsId: 0,size=4194304]} | ret=SUCCESS |  
2019-08-23 18:29:14,361 [grpc-default-executor-4] INFO  client.GrpcClientProtocolClient (GrpcClientProtocolClient.java:onNext(255)) - client-19C32667576E->48affcab-e6e4-4602-963a-f6a50efbd54c: receive RaftClientReply:client-19C32667576E->48affcab-e6e4-4602-963a-f6a50efbd54c@group-50C56EAF5137, cid=2914, SUCCESS, logIndex=4379, commits[48affcab-e6e4-4602-963a-f6a50efbd54c:c4379, 7e391b60-07ae-4d97-a027-4756e468c032:c4376, c5f86d96-67df-4f25-bde3-316f439d30b3:c4376]
2019-08-23 18:29:14,361 [grpc-default-executor-4] INFO  client.GrpcClientProtocolClient (GrpcClientProtocolClient.java:onNext(255)) - client-19C32667576E->48affcab-e6e4-4602-963a-f6a50efbd54c: receive RaftClientReply:client-19C32667576E->48affcab-e6e4-4602-963a-f6a50efbd54c@group-50C56EAF5137, cid=2915, SUCCESS, logIndex=4380, commits[48affcab-e6e4-4602-963a-f6a50efbd54c:c4380, 7e391b60-07ae-4d97-a027-4756e468c032:c4376, c5f86d96-67df-4f25-bde3-316f439d30b3:c4376]
2019-08-23 18:29:14,363 | INFO  | DNAudit | user=null | ip=null | op=WRITE_CHUNK {blockData=conID: 1 locID: 102667711562383995 bcsId: 4376} | ret=SUCCESS |  
2019-08-23 18:29:14,363 | INFO  | DNAudit | user=null | ip=null | op=WRITE_CHUNK {blockData=conID: 1 locID: 102667711562383995 bcsId: 4376} | ret=SUCCESS |  
2019-08-23 18:29:14,367 | INFO  | DNAudit | user=null | ip=null | op=PUT_BLOCK {blockData=[blockId=conID: 1 locID: 102667711562383995 bcsId: 0,size=4194304]} | ret=SUCCESS |  
2019-08-23 18:29:14,367 | INFO  | DNAudit | user=null | ip=null | op=PUT_BLOCK {blockData=[blockId=conID: 1 locID: 102667711562383995 bcsId: 0,size=4194304]} | ret=SUCCESS |  
2019-08-23 18:29:14,367 [grpc-default-executor-4] INFO  client.GrpcClientProtocolClient (GrpcClientProtocolClient.java:onNext(255)) - client-19C32667576E->48affcab-e6e4-4602-963a-f6a50efbd54c: receive RaftClientReply:client-19C32667576E->48affcab-e6e4-4602-963a-f6a50efbd54c@group-50C56EAF5137, cid=2916, SUCCESS, logIndex=0, commits[48affcab-e6e4-4602-963a-f6a50efbd54c:c4382, 7e391b60-07ae-4d97-a027-4756e468c032:c4380, c5f86d96-67df-4f25-bde3-316f439d30b3:c4380]
2019-08-23 18:29:14,372 | INFO  | SCMAudit | user=jenkins1000 | ip=192.168.34.23 | op=ALLOCATE_BLOCK {owner=1ceb8b80-28f1-43fd-86c3-175afc07b8d1, size=4194304, type=RATIS, factor=THREE} | ret=SUCCESS |  
2019-08-23 18:29:14,375 | INFO  | OMAudit | user=jenkins1000 | ip=127.0.0.1 | op=ALLOCATE_BLOCK {volume=vol-0-45438, bucket=bucket-0-23891, key=key-0-22455, dataSize=0, replicationType=null, replicationFactor=null, keyLocationInfo=null, clientID=102667710122492306} | ret=SUCCESS |  
2019-08-23 18:29:14,380 | INFO  | DNAudit | user=null | ip=null | op=WRITE_CHUNK {blockData=conID: 2 locID: 102667711569724028 bcsId: 0} | ret=SUCCESS |  
2019-08-23 18:29:14,382 | INFO  | DNAudit | user=null | ip=null | op=WRITE_CHUNK {blockData=conID: 2 locID: 102667711569724028 bcsId: 0} | ret=SUCCESS |  
2019-08-23 18:29:14,383 | INFO  | DNAudit | user=null | ip=null | op=WRITE_CHUNK {blockData=conID: 2 locID: 102667711569724028 bcsId: 0} | ret=SUCCESS |  
2019-08-23 18:29:14,383 | INFO  | DNAudit | user=null | ip=null | op=WRITE_CHUNK {blockData=conID: 2 locID: 102667711569724028 bcsId: 0} | ret=SUCCESS |  
2019-08-23 18:29:14,384 | INFO  | DNAudit | user=null | ip=null | op=WRITE_CHUNK {blockData=conID: 2 locID: 102667711569724028 bcsId: 0} | ret=SUCCESS |  
2019-08-23 18:29:14,384 | INFO  | DNAudit | user=null | ip=null | op=WRITE_CHUNK {blockData=conID: 2 locID: 102667711569724028 bcsId: 0} | ret=SUCCESS |  
2019-08-23 18:29:14,385 | INFO  | DNAudit | user=null | ip=null | op=WRITE_CHUNK {blockData=conID: 2 locID: 102667711569724028 bcsId: 0} | ret=SUCCESS |  
2019-08-23 18:29:14,385 | INFO  | DNAudit | user=null | ip=null | op=PUT_BLOCK {blockData=[blockId=conID: 2 locID: 102667711569724028 bcsId: 0,size=1048576]} | ret=SUCCESS |  
2019-08-23 18:29:14,385 [grpc-default-executor-3] INFO  client.GrpcClientProtocolClient (GrpcClientProtocolClient.java:onNext(255)) - client-19C32667576E->48affcab-e6e4-4602-963a-f6a50efbd54c: receive RaftClientReply:client-19C32667576E->48affcab-e6e4-4602-963a-f6a50efbd54c@group-50C56EAF5137, cid=2917, SUCCESS, logIndex=4383, commits[48affcab-e6e4-4602-963a-f6a50efbd54c:c4384, 7e391b60-07ae-4d97-a027-4756e468c032:c4382, c5f86d96-67df-4f25-bde3-316f439d30b3:c4380]
2019-08-23 18:29:14,386 [grpc-default-executor-3] INFO  client.GrpcClientProtocolClient (GrpcClientProtocolClient.java:onNext(255)) - client-19C32667576E->48affcab-e6e4-4602-963a-f6a50efbd54c: receive RaftClientReply:client-19C32667576E->48affcab-e6e4-4602-963a-f6a50efbd54c@group-50C56EAF5137, cid=2918, SUCCESS, logIndex=4384, commits[48affcab-e6e4-4602-963a-f6a50efbd54c:c4384, 7e391b60-07ae-4d97-a027-4756e468c032:c4382, c5f86d96-67df-4f25-bde3-316f439d30b3:c4380]
2019-08-23 18:29:14,387 | INFO  | DNAudit | user=null | ip=null | op=WRITE_CHUNK {blockData=conID: 2 locID: 102667711569724028 bcsId: 0} | ret=SUCCESS |  
2019-08-23 18:29:14,388 | INFO  | DNAudit | user=null | ip=null | op=PUT_BLOCK {blockData=[blockId=conID: 2 locID: 102667711569724028 bcsId: 0,size=2097152]} | ret=SUCCESS |  
2019-08-23 18:29:14,388 [grpc-default-executor-5] INFO  client.GrpcClientProtocolClient (GrpcClientProtocolClient.java:onNext(255)) - client-19C32667576E->48affcab-e6e4-4602-963a-f6a50efbd54c: receive RaftClientReply:client-19C32667576E->48affcab-e6e4-4602-963a-f6a50efbd54c@group-50C56EAF5137, cid=2919, SUCCESS, logIndex=4385, commits[48affcab-e6e4-4602-963a-f6a50efbd54c:c4386, 7e391b60-07ae-4d97-a027-4756e468c032:c4382, c5f86d96-67df-4f25-bde3-316f439d30b3:c4382]
2019-08-23 18:29:14,388 [grpc-default-executor-5] INFO  client.GrpcClientProtocolClient (GrpcClientProtocolClient.java:onNext(255)) - client-19C32667576E->48affcab-e6e4-4602-963a-f6a50efbd54c: receive RaftClientReply:client-19C32667576E->48affcab-e6e4-4602-963a-f6a50efbd54c@group-50C56EAF5137, cid=2920, SUCCESS, logIndex=4386, commits[48affcab-e6e4-4602-963a-f6a50efbd54c:c4386, 7e391b60-07ae-4d97-a027-4756e468c032:c4382, c5f86d96-67df-4f25-bde3-316f439d30b3:c4382]
2019-08-23 18:29:14,390 | INFO  | DNAudit | user=null | ip=null | op=WRITE_CHUNK {blockData=conID: 2 locID: 102667711569724028 bcsId: 0} | ret=SUCCESS |  
2019-08-23 18:29:14,390 | INFO  | DNAudit | user=null | ip=null | op=PUT_BLOCK {blockData=[blockId=conID: 2 locID: 102667711569724028 bcsId: 0,size=1048576]} | ret=SUCCESS |  
2019-08-23 18:29:14,391 | INFO  | DNAudit | user=null | ip=null | op=WRITE_CHUNK {blockData=conID: 2 locID: 102667711569724028 bcsId: 0} | ret=SUCCESS |  
2019-08-23 18:29:14,391 | INFO  | DNAudit | user=null | ip=null | op=PUT_BLOCK {blockData=[blockId=conID: 2 locID: 102667711569724028 bcsId: 0,size=1048576]} | ret=SUCCESS |  
2019-08-23 18:29:14,391 [grpc-default-executor-5] INFO  client.GrpcClientProtocolClient (GrpcClientProtocolClient.java:onNext(255)) - client-19C32667576E->48affcab-e6e4-4602-963a-f6a50efbd54c: receive RaftClientReply:client-19C32667576E->48affcab-e6e4-4602-963a-f6a50efbd54c@group-50C56EAF5137, cid=2921, SUCCESS, logIndex=0, commits[48affcab-e6e4-4602-963a-f6a50efbd54c:c4388, 7e391b60-07ae-4d97-a027-4756e468c032:c4384, c5f86d96-67df-4f25-bde3-316f439d30b3:c4384]
2019-08-23 18:29:14,393 | INFO  | DNAudit | user=null | ip=null | op=WRITE_CHUNK {blockData=conID: 2 locID: 102667711569724028 bcsId: 0} | ret=SUCCESS |  
2019-08-23 18:29:14,393 | INFO  | DNAudit | user=null | ip=null | op=PUT_BLOCK {blockData=[blockId=conID: 2 locID: 102667711569724028 bcsId: 0,size=2097152]} | ret=SUCCESS |  
2019-08-23 18:29:14,394 | INFO  | DNAudit | user=null | ip=null | op=WRITE_CHUNK {blockData=conID: 2 locID: 102667711569724028 bcsId: 0} | ret=SUCCESS |  
2019-08-23 18:29:14,395 | INFO  | DNAudit | user=null | ip=null | op=PUT_BLOCK {blockData=[blockId=conID: 2 locID: 102667711569724028 bcsId: 0,size=2097152]} | ret=SUCCESS |  
2019-08-23 18:29:14,396 | INFO  | DNAudit | user=null | ip=null | op=WRITE_CHUNK {blockData=conID: 2 locID: 102667711569724028 bcsId: 4386} | ret=SUCCESS |  
2019-08-23 18:29:14,398 | INFO  | DNAudit | user=null | ip=null | op=WRITE_CHUNK {blockData=conID: 2 locID: 102667711569724028 bcsId: 4386} | ret=SUCCESS |  
2019-08-23 18:29:14,398 | INFO  | DNAudit | user=null | ip=null | op=WRITE_CHUNK {blockData=conID: 2 locID: 102667711569724028 bcsId: 4386} | ret=SUCCESS |  
2019-08-23 18:29:14,409 | INFO  | DNAudit | user=null | ip=null | op=WRITE_CHUNK {blockData=conID: 2 locID: 102667711569724028 bcsId: 4386} | ret=SUCCESS |  
2019-08-23 18:29:14,409 | INFO  | DNAudit | user=null | ip=null | op=PUT_BLOCK {blockData=[blockId=conID: 2 locID: 102667711569724028 bcsId: 0,size=3145728]} | ret=SUCCESS |  
2019-08-23 18:29:14,409 [grpc-default-executor-4] INFO  client.GrpcClientProtocolClient (GrpcClientProtocolClient.java:onNext(255)) - client-19C32667576E->48affcab-e6e4-4602-963a-f6a50efbd54c: receive RaftClientReply:client-19C32667576E->48affcab-e6e4-4602-963a-f6a50efbd54c@group-50C56EAF5137, cid=2922, SUCCESS, logIndex=4391, commits[48affcab-e6e4-4602-963a-f6a50efbd54c:c4392, 7e391b60-07ae-4d97-a027-4756e468c032:c4390, c5f86d96-67df-4f25-bde3-316f439d30b3:c4390]
2019-08-23 18:29:14,410 [grpc-default-executor-4] INFO  client.GrpcClientProtocolClient (GrpcClientProtocolClient.java:onNext(255)) - client-19C32667576E->48affcab-e6e4-4602-963a-f6a50efbd54c: receive RaftClientReply:client-19C32667576E->48affcab-e6e4-4602-963a-f6a50efbd54c@group-50C56EAF5137, cid=2923, SUCCESS, logIndex=4392, commits[48affcab-e6e4-4602-963a-f6a50efbd54c:c4392, 7e391b60-07ae-4d97-a027-4756e468c032:c4390, c5f86d96-67df-4f25-bde3-316f439d30b3:c4390]
2019-08-23 18:29:14,411 | INFO  | DNAudit | user=null | ip=null | op=WRITE_CHUNK {blockData=conID: 2 locID: 102667711569724028 bcsId: 4386} | ret=SUCCESS |  
2019-08-23 18:29:14,411 | INFO  | DNAudit | user=null | ip=null | op=WRITE_CHUNK {blockData=conID: 2 locID: 102667711569724028 bcsId: 4386} | ret=SUCCESS |  
2019-08-23 18:29:14,412 | INFO  | DNAudit | user=null | ip=null | op=PUT_BLOCK {blockData=[blockId=conID: 2 locID: 102667711569724028 bcsId: 0,size=3145728]} | ret=SUCCESS |  
2019-08-23 18:29:14,412 | INFO  | DNAudit | user=null | ip=null | op=PUT_BLOCK {blockData=[blockId=conID: 2 locID: 102667711569724028 bcsId: 0,size=3145728]} | ret=SUCCESS |  
2019-08-23 18:29:14,415 | INFO  | DNAudit | user=null | ip=null | op=WRITE_CHUNK {blockData=conID: 2 locID: 102667711569724028 bcsId: 4392} | ret=SUCCESS |  
2019-08-23 18:29:14,417 | INFO  | DNAudit | user=null | ip=null | op=WRITE_CHUNK {blockData=conID: 2 locID: 102667711569724028 bcsId: 4392} | ret=SUCCESS |  
2019-08-23 18:29:14,417 | INFO  | DNAudit | user=null | ip=null | op=WRITE_CHUNK {blockData=conID: 2 locID: 102667711569724028 bcsId: 4392} | ret=SUCCESS |  
2019-08-23 18:29:14,419 | INFO  | DNAudit | user=null | ip=null | op=WRITE_CHUNK {blockData=conID: 2 locID: 102667711569724028 bcsId: 4392} | ret=SUCCESS |  
2019-08-23 18:29:14,420 | INFO  | DNAudit | user=null | ip=null | op=PUT_BLOCK {blockData=[blockId=conID: 2 locID: 102667711569724028 bcsId: 0,size=4194304]} | ret=SUCCESS |  
2019-08-23 18:29:14,420 [grpc-default-executor-4] INFO  client.GrpcClientProtocolClient (GrpcClientProtocolClient.java:onNext(255)) - client-19C32667576E->48affcab-e6e4-4602-963a-f6a50efbd54c: receive RaftClientReply:client-19C32667576E->48affcab-e6e4-4602-963a-f6a50efbd54c@group-50C56EAF5137, cid=2924, SUCCESS, logIndex=4395, commits[48affcab-e6e4-4602-963a-f6a50efbd54c:c4396, 7e391b60-07ae-4d97-a027-4756e468c032:c4393, c5f86d96-67df-4f25-bde3-316f439d30b3:c4392]
2019-08-23 18:29:14,420 [grpc-default-executor-4] INFO  client.GrpcClientProtocolClient (GrpcClientProtocolClient.java:onNext(255)) - client-19C32667576E->48affcab-e6e4-4602-963a-f6a50efbd54c: receive RaftClientReply:client-19C32667576E->48affcab-e6e4-4602-963a-f6a50efbd54c@group-50C56EAF5137, cid=2925, SUCCESS, logIndex=4396, commits[48affcab-e6e4-4602-963a-f6a50efbd54c:c4396, 7e391b60-07ae-4d97-a027-4756e468c032:c4393, c5f86d96-67df-4f25-bde3-316f439d30b3:c4393]
2019-08-23 18:29:14,422 | INFO  | DNAudit | user=null | ip=null | op=WRITE_CHUNK {blockData=conID: 2 locID: 102667711569724028 bcsId: 4392} | ret=SUCCESS |  
2019-08-23 18:29:14,422 | INFO  | DNAudit | user=null | ip=null | op=PUT_BLOCK {blockData=[blockId=conID: 2 locID: 102667711569724028 bcsId: 0,size=4194304]} | ret=SUCCESS |  
2019-08-23 18:29:14,422 | INFO  | DNAudit | user=null | ip=null | op=WRITE_CHUNK {blockData=conID: 2 locID: 102667711569724028 bcsId: 4392} | ret=SUCCESS |  
2019-08-23 18:29:14,423 | INFO  | DNAudit | user=null | ip=null | op=PUT_BLOCK {blockData=[blockId=conID: 2 locID: 102667711569724028 bcsId: 0,size=4194304]} | ret=SUCCESS |  
2019-08-23 18:29:14,423 [grpc-default-executor-4] INFO  client.GrpcClientProtocolClient (GrpcClientProtocolClient.java:onNext(255)) - client-19C32667576E->48affcab-e6e4-4602-963a-f6a50efbd54c: receive RaftClientReply:client-19C32667576E->48affcab-e6e4-4602-963a-f6a50efbd54c@group-50C56EAF5137, cid=2926, SUCCESS, logIndex=0, commits[48affcab-e6e4-4602-963a-f6a50efbd54c:c4397, 7e391b60-07ae-4d97-a027-4756e468c032:c4396, c5f86d96-67df-4f25-bde3-316f439d30b3:c4396]
2019-08-23 18:29:14,427 | INFO  | SCMAudit | user=jenkins1000 | ip=192.168.34.23 | op=ALLOCATE_BLOCK {owner=1ceb8b80-28f1-43fd-86c3-175afc07b8d1, size=4194304, type=RATIS, factor=THREE} | ret=SUCCESS |  
2019-08-23 18:29:14,430 | INFO  | OMAudit | user=jenkins1000 | ip=127.0.0.1 | op=ALLOCATE_BLOCK {volume=vol-0-45438, bucket=bucket-0-23891, key=key-0-22455, dataSize=0, replicationType=null, replicationFactor=null, keyLocationInfo=null, clientID=102667710122492306} | ret=SUCCESS |  
2019-08-23 18:29:14,436 | INFO  | DNAudit | user=null | ip=null | op=WRITE_CHUNK {blockData=conID: 3 locID: 102667711573328509 bcsId: 0} | ret=SUCCESS |  
2019-08-23 18:29:14,438 | INFO  | DNAudit | user=null | ip=null | op=WRITE_CHUNK {blockData=conID: 3 locID: 102667711573328509 bcsId: 0} | ret=SUCCESS |  
2019-08-23 18:29:14,438 | INFO  | DNAudit | user=null | ip=null | op=WRITE_CHUNK {blockData=conID: 3 locID: 102667711573328509 bcsId: 0} | ret=SUCCESS |  
2019-08-23 18:29:14,438 | INFO  | DNAudit | user=null | ip=null | op=WRITE_CHUNK {blockData=conID: 3 locID: 102667711573328509 bcsId: 0} | ret=SUCCESS |  
2019-08-23 18:29:14,440 | INFO  | DNAudit | user=null | ip=null | op=WRITE_CHUNK {blockData=conID: 3 locID: 102667711573328509 bcsId: 0} | ret=SUCCESS |  
2019-08-23 18:29:14,440 | INFO  | DNAudit | user=null | ip=null | op=WRITE_CHUNK {blockData=conID: 3 locID: 102667711573328509 bcsId: 0} | ret=SUCCESS |  
2019-08-23 18:29:14,441 | INFO  | DNAudit | user=null | ip=null | op=WRITE_CHUNK {blockData=conID: 3 locID: 102667711573328509 bcsId: 0} | ret=SUCCESS |  
2019-08-23 18:29:14,441 | INFO  | DNAudit | user=null | ip=null | op=PUT_BLOCK {blockData=[blockId=conID: 3 locID: 102667711573328509 bcsId: 0,size=1048576]} | ret=SUCCESS |  
2019-08-23 18:29:14,442 | INFO  | DNAudit | user=null | ip=null | op=WRITE_CHUNK {blockData=conID: 3 locID: 102667711573328509 bcsId: 0} | ret=SUCCESS |  
2019-08-23 18:29:14,441 [grpc-default-executor-0] INFO  client.GrpcClientProtocolClient (GrpcClientProtocolClient.java:onNext(255)) - client-19C32667576E->48affcab-e6e4-4602-963a-f6a50efbd54c: receive RaftClientReply:client-19C32667576E->48affcab-e6e4-4602-963a-f6a50efbd54c@group-50C56EAF5137, cid=2927, SUCCESS, logIndex=4399, commits[48affcab-e6e4-4602-963a-f6a50efbd54c:c4400, 7e391b60-07ae-4d97-a027-4756e468c032:c4398, c5f86d96-67df-4f25-bde3-316f439d30b3:c4398]
2019-08-23 18:29:14,442 | INFO  | DNAudit | user=null | ip=null | op=PUT_BLOCK {blockData=[blockId=conID: 3 locID: 102667711573328509 bcsId: 0,size=2097152]} | ret=SUCCESS |  
2019-08-23 18:29:14,442 [grpc-default-executor-3] INFO  client.GrpcClientProtocolClient (GrpcClientProtocolClient.java:onNext(255)) - client-19C32667576E->48affcab-e6e4-4602-963a-f6a50efbd54c: receive RaftClientReply:client-19C32667576E->48affcab-e6e4-4602-963a-f6a50efbd54c@group-50C56EAF5137, cid=2928, SUCCESS, logIndex=4400, commits[48affcab-e6e4-4602-963a-f6a50efbd54c:c4401, 7e391b60-07ae-4d97-a027-4756e468c032:c4398, c5f86d96-67df-4f25-bde3-316f439d30b3:c4398]
2019-08-23 18:29:14,442 [grpc-default-executor-3] INFO  client.GrpcClientProtocolClient (GrpcClientProtocolClient.java:onNext(255)) - client-19C32667576E->48affcab-e6e4-4602-963a-f6a50efbd54c: receive RaftClientReply:client-19C32667576E->48affcab-e6e4-4602-963a-f6a50efbd54c@group-50C56EAF5137, cid=2929, SUCCESS, logIndex=4401, commits[48affcab-e6e4-4602-963a-f6a50efbd54c:c4402, 7e391b60-07ae-4d97-a027-4756e468c032:c4398, c5f86d96-67df-4f25-bde3-316f439d30b3:c4398]
2019-08-23 18:29:14,443 | INFO  | DNAudit | user=null | ip=null | op=WRITE_CHUNK {blockData=conID: 3 locID: 102667711573328509 bcsId: 0} | ret=SUCCESS |  
2019-08-23 18:29:14,443 | INFO  | DNAudit | user=null | ip=null | op=PUT_BLOCK {blockData=[blockId=conID: 3 locID: 102667711573328509 bcsId: 0,size=1048576]} | ret=SUCCESS |  
2019-08-23 18:29:14,443 [grpc-default-executor-3] INFO  client.GrpcClientProtocolClient (GrpcClientProtocolClient.java:onNext(255)) - client-19C32667576E->48affcab-e6e4-4602-963a-f6a50efbd54c: receive RaftClientReply:client-19C32667576E->48affcab-e6e4-4602-963a-f6a50efbd54c@group-50C56EAF5137, cid=2930, SUCCESS, logIndex=4402, commits[48affcab-e6e4-4602-963a-f6a50efbd54c:c4402, 7e391b60-07ae-4d97-a027-4756e468c032:c4398, c5f86d96-67df-4f25-bde3-316f439d30b3:c4398]
2019-08-23 18:29:14,445 | INFO  | DNAudit | user=null | ip=null | op=WRITE_CHUNK {blockData=conID: 3 locID: 102667711573328509 bcsId: 0} | ret=SUCCESS |  
2019-08-23 18:29:14,445 | INFO  | DNAudit | user=null | ip=null | op=PUT_BLOCK {blockData=[blockId=conID: 3 locID: 102667711573328509 bcsId: 0,size=1048576]} | ret=SUCCESS |  
2019-08-23 18:29:14,445 | INFO  | DNAudit | user=null | ip=null | op=WRITE_CHUNK {blockData=conID: 3 locID: 102667711573328509 bcsId: 0} | ret=SUCCESS |  
2019-08-23 18:29:14,445 [grpc-default-executor-3] INFO  client.GrpcClientProtocolClient (GrpcClientProtocolClient.java:onNext(255)) - client-19C32667576E->48affcab-e6e4-4602-963a-f6a50efbd54c: receive RaftClientReply:client-19C32667576E->48affcab-e6e4-4602-963a-f6a50efbd54c@group-50C56EAF5137, cid=2931, SUCCESS, logIndex=0, commits[48affcab-e6e4-4602-963a-f6a50efbd54c:c4404, 7e391b60-07ae-4d97-a027-4756e468c032:c4400, c5f86d96-67df-4f25-bde3-316f439d30b3:c4400]
2019-08-23 18:29:14,445 | INFO  | DNAudit | user=null | ip=null | op=PUT_BLOCK {blockData=[blockId=conID: 3 locID: 102667711573328509 bcsId: 0,size=2097152]} | ret=SUCCESS |  
2019-08-23 18:29:14,446 | INFO  | DNAudit | user=null | ip=null | op=WRITE_CHUNK {blockData=conID: 3 locID: 102667711573328509 bcsId: 0} | ret=SUCCESS |  
2019-08-23 18:29:14,446 | INFO  | DNAudit | user=null | ip=null | op=PUT_BLOCK {blockData=[blockId=conID: 3 locID: 102667711573328509 bcsId: 0,size=2097152]} | ret=SUCCESS |  
2019-08-23 18:29:14,451 | INFO  | DNAudit | user=null | ip=null | op=WRITE_CHUNK {blockData=conID: 3 locID: 102667711573328509 bcsId: 4402} | ret=SUCCESS |  
2019-08-23 18:29:14,453 | INFO  | DNAudit | user=null | ip=null | op=WRITE_CHUNK {blockData=conID: 3 locID: 102667711573328509 bcsId: 4402} | ret=SUCCESS |  
2019-08-23 18:29:14,456 | INFO  | DNAudit | user=null | ip=null | op=WRITE_CHUNK {blockData=conID: 3 locID: 102667711573328509 bcsId: 4402} | ret=SUCCESS |  
2019-08-23 18:29:14,476 | INFO  | DNAudit | user=null | ip=null | op=WRITE_CHUNK {blockData=conID: 3 locID: 102667711573328509 bcsId: 4402} | ret=SUCCESS |  
2019-08-23 18:29:14,476 | INFO  | DNAudit | user=null | ip=null | op=PUT_BLOCK {blockData=[blockId=conID: 3 locID: 102667711573328509 bcsId: 0,size=3145728]} | ret=SUCCESS |  
2019-08-23 18:29:14,476 [grpc-default-executor-3] INFO  client.GrpcClientProtocolClient (GrpcClientProtocolClient.java:onNext(255)) - client-19C32667576E->48affcab-e6e4-4602-963a-f6a50efbd54c: receive RaftClientReply:client-19C32667576E->48affcab-e6e4-4602-963a-f6a50efbd54c@group-50C56EAF5137, cid=2932, SUCCESS, logIndex=4407, commits[48affcab-e6e4-4602-963a-f6a50efbd54c:c4408, 7e391b60-07ae-4d97-a027-4756e468c032:c4406, c5f86d96-67df-4f25-bde3-316f439d30b3:c4406]
2019-08-23 18:29:14,477 [grpc-default-executor-3] INFO  client.GrpcClientProtocolClient (GrpcClientProtocolClient.java:onNext(255)) - client-19C32667576E->48affcab-e6e4-4602-963a-f6a50efbd54c: receive RaftClientReply:client-19C32667576E->48affcab-e6e4-4602-963a-f6a50efbd54c@group-50C56EAF5137, cid=2933, SUCCESS, logIndex=4408, commits[48affcab-e6e4-4602-963a-f6a50efbd54c:c4408, 7e391b60-07ae-4d97-a027-4756e468c032:c4406, c5f86d96-67df-4f25-bde3-316f439d30b3:c4406]
2019-08-23 18:29:14,483 | INFO  | DNAudit | user=null | ip=null | op=WRITE_CHUNK {blockData=conID: 3 locID: 102667711573328509 bcsId: 4408} | ret=SUCCESS |  
2019-08-23 18:29:14,484 | INFO  | DNAudit | user=null | ip=null | op=WRITE_CHUNK {blockData=conID: 3 locID: 102667711573328509 bcsId: 4402} | ret=SUCCESS |  
2019-08-23 18:29:14,484 | INFO  | DNAudit | user=null | ip=null | op=WRITE_CHUNK {blockData=conID: 3 locID: 102667711573328509 bcsId: 4402} | ret=SUCCESS |  
2019-08-23 18:29:14,485 | INFO  | DNAudit | user=null | ip=null | op=PUT_BLOCK {blockData=[blockId=conID: 3 locID: 102667711573328509 bcsId: 0,size=3145728]} | ret=SUCCESS |  
2019-08-23 18:29:14,485 | INFO  | DNAudit | user=null | ip=null | op=WRITE_CHUNK {blockData=conID: 3 locID: 102667711573328509 bcsId: 4408} | ret=SUCCESS |  
2019-08-23 18:29:14,485 | INFO  | DNAudit | user=null | ip=null | op=WRITE_CHUNK {blockData=conID: 3 locID: 102667711573328509 bcsId: 4408} | ret=SUCCESS |  
2019-08-23 18:29:14,498 | INFO  | DNAudit | user=null | ip=null | op=PUT_BLOCK {blockData=[blockId=conID: 3 locID: 102667711573328509 bcsId: 0,size=3145728]} | ret=SUCCESS |  
2019-08-23 18:29:14,498 | INFO  | DNAudit | user=null | ip=null | op=WRITE_CHUNK {blockData=conID: 3 locID: 102667711573328509 bcsId: 4408} | ret=SUCCESS |  
2019-08-23 18:29:14,499 | INFO  | DNAudit | user=null | ip=null | op=PUT_BLOCK {blockData=[blockId=conID: 3 locID: 102667711573328509 bcsId: 0,size=4194304]} | ret=SUCCESS |  
2019-08-23 18:29:14,499 [grpc-default-executor-4] INFO  client.GrpcClientProtocolClient (GrpcClientProtocolClient.java:onNext(255)) - client-19C32667576E->48affcab-e6e4-4602-963a-f6a50efbd54c: receive RaftClientReply:client-19C32667576E->48affcab-e6e4-4602-963a-f6a50efbd54c@group-50C56EAF5137, cid=2934, SUCCESS, logIndex=4411, commits[48affcab-e6e4-4602-963a-f6a50efbd54c:c4412, 7e391b60-07ae-4d97-a027-4756e468c032:c4408, c5f86d96-67df-4f25-bde3-316f439d30b3:c4408]
2019-08-23 18:29:14,499 [grpc-default-executor-4] INFO  client.GrpcClientProtocolClient (GrpcClientProtocolClient.java:onNext(255)) - client-19C32667576E->48affcab-e6e4-4602-963a-f6a50efbd54c: receive RaftClientReply:client-19C32667576E->48affcab-e6e4-4602-963a-f6a50efbd54c@group-50C56EAF5137, cid=2935, SUCCESS, logIndex=4412, commits[48affcab-e6e4-4602-963a-f6a50efbd54c:c4412, 7e391b60-07ae-4d97-a027-4756e468c032:c4408, c5f86d96-67df-4f25-bde3-316f439d30b3:c4408]
2019-08-23 18:29:14,499 | INFO  | DNAudit | user=null | ip=null | op=WRITE_CHUNK {blockData=conID: 3 locID: 102667711573328509 bcsId: 4408} | ret=SUCCESS |  
2019-08-23 18:29:14,500 | INFO  | DNAudit | user=null | ip=null | op=WRITE_CHUNK {blockData=conID: 3 locID: 102667711573328509 bcsId: 4408} | ret=SUCCESS |  
2019-08-23 18:29:14,500 | INFO  | DNAudit | user=null | ip=null | op=PUT_BLOCK {blockData=[blockId=conID: 3 locID: 102667711573328509 bcsId: 0,size=4194304]} | ret=SUCCESS |  
2019-08-23 18:29:14,500 | INFO  | DNAudit | user=null | ip=null | op=PUT_BLOCK {blockData=[blockId=conID: 3 locID: 102667711573328509 bcsId: 0,size=4194304]} | ret=SUCCESS |  
2019-08-23 18:29:14,500 [grpc-default-executor-4] INFO  client.GrpcClientProtocolClient (GrpcClientProtocolClient.java:onNext(255)) - client-19C32667576E->48affcab-e6e4-4602-963a-f6a50efbd54c: receive RaftClientReply:client-19C32667576E->48affcab-e6e4-4602-963a-f6a50efbd54c@group-50C56EAF5137, cid=2936, SUCCESS, logIndex=0, commits[48affcab-e6e4-4602-963a-f6a50efbd54c:c4413, 7e391b60-07ae-4d97-a027-4756e468c032:c4412, c5f86d96-67df-4f25-bde3-316f439d30b3:c4412]
2019-08-23 18:29:14,603 | INFO  | SCMAudit | user=jenkins1000 | ip=192.168.34.23 | op=ALLOCATE_BLOCK {owner=1ceb8b80-28f1-43fd-86c3-175afc07b8d1, size=4194304, type=RATIS, factor=THREE} | ret=SUCCESS |  
2019-08-23 18:29:14,607 | INFO  | OMAudit | user=jenkins1000 | ip=127.0.0.1 | op=ALLOCATE_BLOCK {volume=vol-0-45438, bucket=bucket-0-23891, key=key-0-22455, dataSize=0, replicationType=null, replicationFactor=null, keyLocationInfo=null, clientID=102667710122492306} | ret=SUCCESS |  
2019-08-23 18:29:14,614 | INFO  | DNAudit | user=null | ip=null | op=WRITE_CHUNK {blockData=conID: 1 locID: 102667711584862846 bcsId: 0} | ret=SUCCESS |  
2019-08-23 18:29:14,617 | INFO  | DNAudit | user=null | ip=null | op=WRITE_CHUNK {blockData=conID: 1 locID: 102667711584862846 bcsId: 0} | ret=SUCCESS |  
2019-08-23 18:29:14,618 | INFO  | DNAudit | user=null | ip=null | op=WRITE_CHUNK {blockData=conID: 1 locID: 102667711584862846 bcsId: 0} | ret=SUCCESS |  
2019-08-23 18:29:14,618 | INFO  | DNAudit | user=null | ip=null | op=WRITE_CHUNK {blockData=conID: 1 locID: 102667711584862846 bcsId: 0} | ret=SUCCESS |  
2019-08-23 18:29:14,619 | INFO  | DNAudit | user=null | ip=null | op=WRITE_CHUNK {blockData=conID: 1 locID: 102667711584862846 bcsId: 0} | ret=SUCCESS |  
2019-08-23 18:29:14,620 | INFO  | DNAudit | user=null | ip=null | op=WRITE_CHUNK {blockData=conID: 1 locID: 102667711584862846 bcsId: 0} | ret=SUCCESS |  
2019-08-23 18:29:14,627 | INFO  | DNAudit | user=null | ip=null | op=WRITE_CHUNK {blockData=conID: 1 locID: 102667711584862846 bcsId: 0} | ret=SUCCESS |  
2019-08-23 18:29:14,627 | INFO  | DNAudit | user=null | ip=null | op=PUT_BLOCK {blockData=[blockId=conID: 1 locID: 102667711584862846 bcsId: 0,size=1048576]} | ret=SUCCESS |  
2019-08-23 18:29:14,627 [grpc-default-executor-3] INFO  client.GrpcClientProtocolClient (GrpcClientProtocolClient.java:onNext(255)) - client-19C32667576E->48affcab-e6e4-4602-963a-f6a50efbd54c: receive RaftClientReply:client-19C32667576E->48affcab-e6e4-4602-963a-f6a50efbd54c@group-50C56EAF5137, cid=2937, SUCCESS, logIndex=4415, commits[48affcab-e6e4-4602-963a-f6a50efbd54c:c4416, 7e391b60-07ae-4d97-a027-4756e468c032:c4414, c5f86d96-67df-4f25-bde3-316f439d30b3:c4414]
2019-08-23 18:29:14,628 [grpc-default-executor-3] INFO  client.GrpcClientProtocolClient (GrpcClientProtocolClient.java:onNext(255)) - client-19C32667576E->48affcab-e6e4-4602-963a-f6a50efbd54c: receive RaftClientReply:client-19C32667576E->48affcab-e6e4-4602-963a-f6a50efbd54c@group-50C56EAF5137, cid=2938, SUCCESS, logIndex=4416, commits[48affcab-e6e4-4602-963a-f6a50efbd54c:c4416, 7e391b60-07ae-4d97-a027-4756e468c032:c4414, c5f86d96-67df-4f25-bde3-316f439d30b3:c4414]
2019-08-23 18:29:14,629 | INFO  | DNAudit | user=null | ip=null | op=WRITE_CHUNK {blockData=conID: 1 locID: 102667711584862846 bcsId: 0} | ret=SUCCESS |  
2019-08-23 18:29:14,629 | INFO  | DNAudit | user=null | ip=null | op=PUT_BLOCK {blockData=[blockId=conID: 1 locID: 102667711584862846 bcsId: 0,size=2097152]} | ret=SUCCESS |  
2019-08-23 18:29:14,629 [grpc-default-executor-4] INFO  client.GrpcClientProtocolClient (GrpcClientProtocolClient.java:onNext(255)) - client-19C32667576E->48affcab-e6e4-4602-963a-f6a50efbd54c: receive RaftClientReply:client-19C32667576E->48affcab-e6e4-4602-963a-f6a50efbd54c@group-50C56EAF5137, cid=2939, SUCCESS, logIndex=4417, commits[48affcab-e6e4-4602-963a-f6a50efbd54c:c4418, 7e391b60-07ae-4d97-a027-4756e468c032:c4414, c5f86d96-67df-4f25-bde3-316f439d30b3:c4414]
2019-08-23 18:29:14,630 [grpc-default-executor-4] INFO  client.GrpcClientProtocolClient (GrpcClientProtocolClient.java:onNext(255)) - client-19C32667576E->48affcab-e6e4-4602-963a-f6a50efbd54c: receive RaftClientReply:client-19C32667576E->48affcab-e6e4-4602-963a-f6a50efbd54c@group-50C56EAF5137, cid=2940, SUCCESS, logIndex=4418, commits[48affcab-e6e4-4602-963a-f6a50efbd54c:c4418, 7e391b60-07ae-4d97-a027-4756e468c032:c4414, c5f86d96-67df-4f25-bde3-316f439d30b3:c4414]
2019-08-23 18:29:14,640 | INFO  | DNAudit | user=null | ip=null | op=WRITE_CHUNK {blockData=conID: 1 locID: 102667711584862846 bcsId: 0} | ret=SUCCESS |  
2019-08-23 18:29:14,640 | INFO  | DNAudit | user=null | ip=null | op=WRITE_CHUNK {blockData=conID: 1 locID: 102667711584862846 bcsId: 0} | ret=SUCCESS |  
2019-08-23 18:29:14,641 | INFO  | DNAudit | user=null | ip=null | op=PUT_BLOCK {blockData=[blockId=conID: 1 locID: 102667711584862846 bcsId: 0,size=1048576]} | ret=SUCCESS |  
2019-08-23 18:29:14,641 | INFO  | DNAudit | user=null | ip=null | op=PUT_BLOCK {blockData=[blockId=conID: 1 locID: 102667711584862846 bcsId: 0,size=1048576]} | ret=SUCCESS |  
2019-08-23 18:29:14,641 | INFO  | DNAudit | user=null | ip=null | op=WRITE_CHUNK {blockData=conID: 1 locID: 102667711584862846 bcsId: 0} | ret=SUCCESS |  
2019-08-23 18:29:14,641 [grpc-default-executor-4] INFO  client.GrpcClientProtocolClient (GrpcClientProtocolClient.java:onNext(255)) - client-19C32667576E->48affcab-e6e4-4602-963a-f6a50efbd54c: receive RaftClientReply:client-19C32667576E->48affcab-e6e4-4602-963a-f6a50efbd54c@group-50C56EAF5137, cid=2941, SUCCESS, logIndex=0, commits[48affcab-e6e4-4602-963a-f6a50efbd54c:c4419, 7e391b60-07ae-4d97-a027-4756e468c032:c4416, c5f86d96-67df-4f25-bde3-316f439d30b3:c4416]
2019-08-23 18:29:14,642 | INFO  | DNAudit | user=null | ip=null | op=PUT_BLOCK {blockData=[blockId=conID: 1 locID: 102667711584862846 bcsId: 0,size=2097152]} | ret=SUCCESS |  
2019-08-23 18:29:14,643 | INFO  | DNAudit | user=null | ip=null | op=WRITE_CHUNK {blockData=conID: 1 locID: 102667711584862846 bcsId: 0} | ret=SUCCESS |  
2019-08-23 18:29:14,644 | INFO  | DNAudit | user=null | ip=null | op=PUT_BLOCK {blockData=[blockId=conID: 1 locID: 102667711584862846 bcsId: 0,size=2097152]} | ret=SUCCESS |  
2019-08-23 18:29:14,648 | INFO  | DNAudit | user=null | ip=null | op=WRITE_CHUNK {blockData=conID: 1 locID: 102667711584862846 bcsId: 4418} | ret=SUCCESS |  
2019-08-23 18:29:14,650 | INFO  | DNAudit | user=null | ip=null | op=WRITE_CHUNK {blockData=conID: 1 locID: 102667711584862846 bcsId: 4418} | ret=SUCCESS |  
2019-08-23 18:29:14,650 | INFO  | DNAudit | user=null | ip=null | op=WRITE_CHUNK {blockData=conID: 1 locID: 102667711584862846 bcsId: 4418} | ret=SUCCESS |  
2019-08-23 18:29:14,663 | INFO  | DNAudit | user=null | ip=null | op=WRITE_CHUNK {blockData=conID: 1 locID: 102667711584862846 bcsId: 4418} | ret=SUCCESS |  
2019-08-23 18:29:14,663 | INFO  | DNAudit | user=null | ip=null | op=PUT_BLOCK {blockData=[blockId=conID: 1 locID: 102667711584862846 bcsId: 0,size=3145728]} | ret=SUCCESS |  
2019-08-23 18:29:14,663 [grpc-default-executor-4] INFO  client.GrpcClientProtocolClient (GrpcClientProtocolClient.java:onNext(255)) - client-19C32667576E->48affcab-e6e4-4602-963a-f6a50efbd54c: receive RaftClientReply:client-19C32667576E->48affcab-e6e4-4602-963a-f6a50efbd54c@group-50C56EAF5137, cid=2942, SUCCESS, logIndex=4423, commits[48affcab-e6e4-4602-963a-f6a50efbd54c:c4424, 7e391b60-07ae-4d97-a027-4756e468c032:c4422, c5f86d96-67df-4f25-bde3-316f439d30b3:c4422]
2019-08-23 18:29:14,663 [grpc-default-executor-4] INFO  client.GrpcClientProtocolClient (GrpcClientProtocolClient.java:onNext(255)) - client-19C32667576E->48affcab-e6e4-4602-963a-f6a50efbd54c: receive RaftClientReply:client-19C32667576E->48affcab-e6e4-4602-963a-f6a50efbd54c@group-50C56EAF5137, cid=2943, SUCCESS, logIndex=4424, commits[48affcab-e6e4-4602-963a-f6a50efbd54c:c4424, 7e391b60-07ae-4d97-a027-4756e468c032:c4422, c5f86d96-67df-4f25-bde3-316f439d30b3:c4422]
 0.00% |█                                                                                                    |  0/1 Time: 0:00:222019-08-23 18:29:14,666 | INFO  | SCMAudit | user=jenkins1000 | ip=192.168.34.23 | op=SEND_HEARTBEAT {datanodeUUID=c83cddd0-22b5-491d-bff0-a36373498de2, command=[]} | ret=SUCCESS |  
2019-08-23 18:29:14,668 | INFO  | DNAudit | user=null | ip=null | op=WRITE_CHUNK {blockData=conID: 1 locID: 102667711584862846 bcsId: 4424} | ret=SUCCESS |  
2019-08-23 18:29:14,671 | INFO  | DNAudit | user=null | ip=null | op=WRITE_CHUNK {blockData=conID: 1 locID: 102667711584862846 bcsId: 4424} | ret=SUCCESS |  
2019-08-23 18:29:14,672 | INFO  | DNAudit | user=null | ip=null | op=WRITE_CHUNK {blockData=conID: 1 locID: 102667711584862846 bcsId: 4424} | ret=SUCCESS |  
2019-08-23 18:29:14,674 | INFO  | DNAudit | user=null | ip=null | op=WRITE_CHUNK {blockData=conID: 1 locID: 102667711584862846 bcsId: 4418} | ret=SUCCESS |  
2019-08-23 18:29:14,674 | INFO  | DNAudit | user=null | ip=null | op=WRITE_CHUNK {blockData=conID: 1 locID: 102667711584862846 bcsId: 4418} | ret=SUCCESS |  
2019-08-23 18:29:14,674 | INFO  | DNAudit | user=null | ip=null | op=PUT_BLOCK {blockData=[blockId=conID: 1 locID: 102667711584862846 bcsId: 0,size=3145728]} | ret=SUCCESS |  
2019-08-23 18:29:14,674 | INFO  | DNAudit | user=null | ip=null | op=PUT_BLOCK {blockData=[blockId=conID: 1 locID: 102667711584862846 bcsId: 0,size=3145728]} | ret=SUCCESS |  
2019-08-23 18:29:14,677 | INFO  | DNAudit | user=null | ip=null | op=WRITE_CHUNK {blockData=conID: 1 locID: 102667711584862846 bcsId: 4424} | ret=SUCCESS |  
2019-08-23 18:29:14,677 | INFO  | DNAudit | user=null | ip=null | op=PUT_BLOCK {blockData=[blockId=conID: 1 locID: 102667711584862846 bcsId: 0,size=4194304]} | ret=SUCCESS |  
2019-08-23 18:29:14,678 [grpc-default-executor-4] INFO  client.GrpcClientProtocolClient (GrpcClientProtocolClient.java:onNext(255)) - client-19C32667576E->48affcab-e6e4-4602-963a-f6a50efbd54c: receive RaftClientReply:client-19C32667576E->48affcab-e6e4-4602-963a-f6a50efbd54c@group-50C56EAF5137, cid=2944, SUCCESS, logIndex=4427, commits[48affcab-e6e4-4602-963a-f6a50efbd54c:c4428, 7e391b60-07ae-4d97-a027-4756e468c032:c4424, c5f86d96-67df-4f25-bde3-316f439d30b3:c4424]
2019-08-23 18:29:14,678 [grpc-default-executor-4] INFO  client.GrpcClientProtocolClient (GrpcClientProtocolClient.java:onNext(255)) - client-19C32667576E->48affcab-e6e4-4602-963a-f6a50efbd54c: receive RaftClientReply:client-19C32667576E->48affcab-e6e4-4602-963a-f6a50efbd54c@group-50C56EAF5137, cid=2945, SUCCESS, logIndex=4428, commits[48affcab-e6e4-4602-963a-f6a50efbd54c:c4428, 7e391b60-07ae-4d97-a027-4756e468c032:c4424, c5f86d96-67df-4f25-bde3-316f439d30b3:c4424]
2019-08-23 18:29:14,690 | INFO  | DNAudit | user=null | ip=null | op=WRITE_CHUNK {blockData=conID: 1 locID: 102667711584862846 bcsId: 4424} | ret=SUCCESS |  
2019-08-23 18:29:14,691 | INFO  | DNAudit | user=null | ip=null | op=WRITE_CHUNK {blockData=conID: 1 locID: 102667711584862846 bcsId: 4424} | ret=SUCCESS |  
2019-08-23 18:29:14,691 | INFO  | DNAudit | user=null | ip=null | op=PUT_BLOCK {blockData=[blockId=conID: 1 locID: 102667711584862846 bcsId: 0,size=4194304]} | ret=SUCCESS |  
2019-08-23 18:29:14,691 | INFO  | DNAudit | user=null | ip=null | op=PUT_BLOCK {blockData=[blockId=conID: 1 locID: 102667711584862846 bcsId: 0,size=4194304]} | ret=SUCCESS |  
2019-08-23 18:29:14,691 [grpc-default-executor-4] INFO  client.GrpcClientProtocolClient (GrpcClientProtocolClient.java:onNext(255)) - client-19C32667576E->48affcab-e6e4-4602-963a-f6a50efbd54c: receive RaftClientReply:client-19C32667576E->48affcab-e6e4-4602-963a-f6a50efbd54c@group-50C56EAF5137, cid=2946, SUCCESS, logIndex=0, commits[48affcab-e6e4-4602-963a-f6a50efbd54c:c4429, 7e391b60-07ae-4d97-a027-4756e468c032:c4428, c5f86d96-67df-4f25-bde3-316f439d30b3:c4428]
2019-08-23 18:29:14,696 | INFO  | SCMAudit | user=jenkins1000 | ip=192.168.34.23 | op=ALLOCATE_BLOCK {owner=1ceb8b80-28f1-43fd-86c3-175afc07b8d1, size=4194304, type=RATIS, factor=THREE} | ret=SUCCESS |  
2019-08-23 18:29:14,701 | INFO  | OMAudit | user=jenkins1000 | ip=127.0.0.1 | op=ALLOCATE_BLOCK {volume=vol-0-45438, bucket=bucket-0-23891, key=key-0-22455, dataSize=0, replicationType=null, replicationFactor=null, keyLocationInfo=null, clientID=102667710122492306} | ret=SUCCESS |  
2019-08-23 18:29:14,707 | INFO  | DNAudit | user=null | ip=null | op=WRITE_CHUNK {blockData=conID: 2 locID: 102667711590957695 bcsId: 0} | ret=SUCCESS |  
2019-08-23 18:29:14,709 | INFO  | DNAudit | user=null | ip=null | op=WRITE_CHUNK {blockData=conID: 2 locID: 102667711590957695 bcsId: 0} | ret=SUCCESS |  
2019-08-23 18:29:14,709 | INFO  | DNAudit | user=null | ip=null | op=WRITE_CHUNK {blockData=conID: 2 locID: 102667711590957695 bcsId: 0} | ret=SUCCESS |  
2019-08-23 18:29:14,710 | INFO  | DNAudit | user=null | ip=null | op=WRITE_CHUNK {blockData=conID: 2 locID: 102667711590957695 bcsId: 0} | ret=SUCCESS |  
2019-08-23 18:29:14,711 | INFO  | DNAudit | user=null | ip=null | op=WRITE_CHUNK {blockData=conID: 2 locID: 102667711590957695 bcsId: 0} | ret=SUCCESS |  
2019-08-23 18:29:14,712 | INFO  | DNAudit | user=null | ip=null | op=WRITE_CHUNK {blockData=conID: 2 locID: 102667711590957695 bcsId: 0} | ret=SUCCESS |  
2019-08-23 18:29:14,732 | INFO  | DNAudit | user=null | ip=null | op=WRITE_CHUNK {blockData=conID: 2 locID: 102667711590957695 bcsId: 0} | ret=SUCCESS |  
2019-08-23 18:29:14,732 | INFO  | DNAudit | user=null | ip=null | op=PUT_BLOCK {blockData=[blockId=conID: 2 locID: 102667711590957695 bcsId: 0,size=1048576]} | ret=SUCCESS |  
2019-08-23 18:29:14,732 [grpc-default-executor-0] INFO  client.GrpcClientProtocolClient (GrpcClientProtocolClient.java:onNext(255)) - client-19C32667576E->48affcab-e6e4-4602-963a-f6a50efbd54c: receive RaftClientReply:client-19C32667576E->48affcab-e6e4-4602-963a-f6a50efbd54c@group-50C56EAF5137, cid=2947, SUCCESS, logIndex=4431, commits[48affcab-e6e4-4602-963a-f6a50efbd54c:c4432, 7e391b60-07ae-4d97-a027-4756e468c032:c4430, c5f86d96-67df-4f25-bde3-316f439d30b3:c4430]
2019-08-23 18:29:14,733 | INFO  | DNAudit | user=null | ip=null | op=WRITE_CHUNK {blockData=conID: 2 locID: 102667711590957695 bcsId: 0} | ret=SUCCESS |  
2019-08-23 18:29:14,733 [grpc-default-executor-0] INFO  client.GrpcClientProtocolClient (GrpcClientProtocolClient.java:onNext(255)) - client-19C32667576E->48affcab-e6e4-4602-963a-f6a50efbd54c: receive RaftClientReply:client-19C32667576E->48affcab-e6e4-4602-963a-f6a50efbd54c@group-50C56EAF5137, cid=2948, SUCCESS, logIndex=4432, commits[48affcab-e6e4-4602-963a-f6a50efbd54c:c4434, 7e391b60-07ae-4d97-a027-4756e468c032:c4430, c5f86d96-67df-4f25-bde3-316f439d30b3:c4430]
2019-08-23 18:29:14,733 | INFO  | DNAudit | user=null | ip=null | op=PUT_BLOCK {blockData=[blockId=conID: 2 locID: 102667711590957695 bcsId: 0,size=2097152]} | ret=SUCCESS |  
2019-08-23 18:29:14,733 [grpc-default-executor-0] INFO  client.GrpcClientProtocolClient (GrpcClientProtocolClient.java:onNext(255)) - client-19C32667576E->48affcab-e6e4-4602-963a-f6a50efbd54c: receive RaftClientReply:client-19C32667576E->48affcab-e6e4-4602-963a-f6a50efbd54c@group-50C56EAF5137, cid=2949, SUCCESS, logIndex=4433, commits[48affcab-e6e4-4602-963a-f6a50efbd54c:c4434, 7e391b60-07ae-4d97-a027-4756e468c032:c4430, c5f86d96-67df-4f25-bde3-316f439d30b3:c4430]
2019-08-23 18:29:14,733 [grpc-default-executor-0] INFO  client.GrpcClientProtocolClient (GrpcClientProtocolClient.java:onNext(255)) - client-19C32667576E->48affcab-e6e4-4602-963a-f6a50efbd54c: receive RaftClientReply:client-19C32667576E->48affcab-e6e4-4602-963a-f6a50efbd54c@group-50C56EAF5137, cid=2950, SUCCESS, logIndex=4434, commits[48affcab-e6e4-4602-963a-f6a50efbd54c:c4434, 7e391b60-07ae-4d97-a027-4756e468c032:c4430, c5f86d96-67df-4f25-bde3-316f439d30b3:c4430]
2019-08-23 18:29:14,735 | INFO  | DNAudit | user=null | ip=null | op=WRITE_CHUNK {blockData=conID: 2 locID: 102667711590957695 bcsId: 0} | ret=SUCCESS |  
2019-08-23 18:29:14,735 | INFO  | DNAudit | user=null | ip=null | op=WRITE_CHUNK {blockData=conID: 2 locID: 102667711590957695 bcsId: 0} | ret=SUCCESS |  
2019-08-23 18:29:14,735 | INFO  | DNAudit | user=null | ip=null | op=PUT_BLOCK {blockData=[blockId=conID: 2 locID: 102667711590957695 bcsId: 0,size=1048576]} | ret=SUCCESS |  
2019-08-23 18:29:14,735 | INFO  | DNAudit | user=null | ip=null | op=PUT_BLOCK {blockData=[blockId=conID: 2 locID: 102667711590957695 bcsId: 0,size=1048576]} | ret=SUCCESS |  
2019-08-23 18:29:14,735 [grpc-default-executor-0] INFO  client.GrpcClientProtocolClient (GrpcClientProtocolClient.java:onNext(255)) - client-19C32667576E->48affcab-e6e4-4602-963a-f6a50efbd54c: receive RaftClientReply:client-19C32667576E->48affcab-e6e4-4602-963a-f6a50efbd54c@group-50C56EAF5137, cid=2951, SUCCESS, logIndex=0, commits[48affcab-e6e4-4602-963a-f6a50efbd54c:c4435, 7e391b60-07ae-4d97-a027-4756e468c032:c4432, c5f86d96-67df-4f25-bde3-316f439d30b3:c4432]
2019-08-23 18:29:14,741 | INFO  | DNAudit | user=null | ip=null | op=WRITE_CHUNK {blockData=conID: 2 locID: 102667711590957695 bcsId: 4434} | ret=SUCCESS |  
2019-08-23 18:29:14,743 | INFO  | DNAudit | user=null | ip=null | op=WRITE_CHUNK {blockData=conID: 2 locID: 102667711590957695 bcsId: 4434} | ret=SUCCESS |  
2019-08-23 18:29:14,743 | INFO  | DNAudit | user=null | ip=null | op=WRITE_CHUNK {blockData=conID: 2 locID: 102667711590957695 bcsId: 4434} | ret=SUCCESS |  
2019-08-23 18:29:14,746 | INFO  | DNAudit | user=null | ip=null | op=WRITE_CHUNK {blockData=conID: 2 locID: 102667711590957695 bcsId: 0} | ret=SUCCESS |  
2019-08-23 18:29:14,746 | INFO  | DNAudit | user=null | ip=null | op=WRITE_CHUNK {blockData=conID: 2 locID: 102667711590957695 bcsId: 0} | ret=SUCCESS |  
2019-08-23 18:29:14,747 | INFO  | DNAudit | user=null | ip=null | op=PUT_BLOCK {blockData=[blockId=conID: 2 locID: 102667711590957695 bcsId: 0,size=2097152]} | ret=SUCCESS |  
2019-08-23 18:29:14,747 | INFO  | DNAudit | user=null | ip=null | op=PUT_BLOCK {blockData=[blockId=conID: 2 locID: 102667711590957695 bcsId: 0,size=2097152]} | ret=SUCCESS |  
2019-08-23 18:29:14,748 | INFO  | DNAudit | user=null | ip=null | op=WRITE_CHUNK {blockData=conID: 2 locID: 102667711590957695 bcsId: 4434} | ret=SUCCESS |  
2019-08-23 18:29:14,749 | INFO  | DNAudit | user=null | ip=null | op=PUT_BLOCK {blockData=[blockId=conID: 2 locID: 102667711590957695 bcsId: 0,size=3145728]} | ret=SUCCESS |  
2019-08-23 18:29:14,749 [grpc-default-executor-5] INFO  client.GrpcClientProtocolClient (GrpcClientProtocolClient.java:onNext(255)) - client-19C32667576E->48affcab-e6e4-4602-963a-f6a50efbd54c: receive RaftClientReply:client-19C32667576E->48affcab-e6e4-4602-963a-f6a50efbd54c@group-50C56EAF5137, cid=2952, SUCCESS, logIndex=4439, commits[48affcab-e6e4-4602-963a-f6a50efbd54c:c4440, 7e391b60-07ae-4d97-a027-4756e468c032:c4435, c5f86d96-67df-4f25-bde3-316f439d30b3:c4434]
2019-08-23 18:29:14,749 [grpc-default-executor-5] INFO  client.GrpcClientProtocolClient (GrpcClientProtocolClient.java:onNext(255)) - client-19C32667576E->48affcab-e6e4-4602-963a-f6a50efbd54c: receive RaftClientReply:client-19C32667576E->48affcab-e6e4-4602-963a-f6a50efbd54c@group-50C56EAF5137, cid=2953, SUCCESS, logIndex=4440, commits[48affcab-e6e4-4602-963a-f6a50efbd54c:c4440, 7e391b60-07ae-4d97-a027-4756e468c032:c4435, c5f86d96-67df-4f25-bde3-316f439d30b3:c4435]
2019-08-23 18:29:14,751 | INFO  | DNAudit | user=null | ip=null | op=WRITE_CHUNK {blockData=conID: 2 locID: 102667711590957695 bcsId: 4434} | ret=SUCCESS |  
2019-08-23 18:29:14,751 | INFO  | DNAudit | user=null | ip=null | op=WRITE_CHUNK {blockData=conID: 2 locID: 102667711590957695 bcsId: 4434} | ret=SUCCESS |  
2019-08-23 18:29:14,751 | INFO  | DNAudit | user=null | ip=null | op=PUT_BLOCK {blockData=[blockId=conID: 2 locID: 102667711590957695 bcsId: 0,size=3145728]} | ret=SUCCESS |  
2019-08-23 18:29:14,751 | INFO  | DNAudit | user=null | ip=null | op=PUT_BLOCK {blockData=[blockId=conID: 2 locID: 102667711590957695 bcsId: 0,size=3145728]} | ret=SUCCESS |  
2019-08-23 18:29:14,756 | INFO  | DNAudit | user=null | ip=null | op=WRITE_CHUNK {blockData=conID: 2 locID: 102667711590957695 bcsId: 4440} | ret=SUCCESS |  
2019-08-23 18:29:14,758 | INFO  | DNAudit | user=null | ip=null | op=WRITE_CHUNK {blockData=conID: 2 locID: 102667711590957695 bcsId: 4440} | ret=SUCCESS |  
2019-08-23 18:29:14,758 | INFO  | DNAudit | user=null | ip=null | op=WRITE_CHUNK {blockData=conID: 2 locID: 102667711590957695 bcsId: 4440} | ret=SUCCESS |  
2019-08-23 18:29:14,766 | INFO  | DNAudit | user=null | ip=null | op=WRITE_CHUNK {blockData=conID: 2 locID: 102667711590957695 bcsId: 4440} | ret=SUCCESS |  
2019-08-23 18:29:14,766 | INFO  | DNAudit | user=null | ip=null | op=PUT_BLOCK {blockData=[blockId=conID: 2 locID: 102667711590957695 bcsId: 0,size=4194304]} | ret=SUCCESS |  
2019-08-23 18:29:14,766 [grpc-default-executor-0] INFO  client.GrpcClientProtocolClient (GrpcClientProtocolClient.java:onNext(255)) - client-19C32667576E->48affcab-e6e4-4602-963a-f6a50efbd54c: receive RaftClientReply:client-19C32667576E->48affcab-e6e4-4602-963a-f6a50efbd54c@group-50C56EAF5137, cid=2954, SUCCESS, logIndex=4443, commits[48affcab-e6e4-4602-963a-f6a50efbd54c:c4444, 7e391b60-07ae-4d97-a027-4756e468c032:c4441, c5f86d96-67df-4f25-bde3-316f439d30b3:c4441]
2019-08-23 18:29:14,766 [grpc-default-executor-0] INFO  client.GrpcClientProtocolClient (GrpcClientProtocolClient.java:onNext(255)) - client-19C32667576E->48affcab-e6e4-4602-963a-f6a50efbd54c: receive RaftClientReply:client-19C32667576E->48affcab-e6e4-4602-963a-f6a50efbd54c@group-50C56EAF5137, cid=2955, SUCCESS, logIndex=4444, commits[48affcab-e6e4-4602-963a-f6a50efbd54c:c4444, 7e391b60-07ae-4d97-a027-4756e468c032:c4441, c5f86d96-67df-4f25-bde3-316f439d30b3:c4441]
2019-08-23 18:29:14,770 | INFO  | SCMAudit | user=jenkins1000 | ip=192.168.34.23 | op=SEND_HEARTBEAT {datanodeUUID=48affcab-e6e4-4602-963a-f6a50efbd54c, command=[]} | ret=SUCCESS |  
2019-08-23 18:29:14,770 | INFO  | SCMAudit | user=jenkins1000 | ip=192.168.34.23 | op=SEND_HEARTBEAT {datanodeUUID=c5f86d96-67df-4f25-bde3-316f439d30b3, command=[]} | ret=SUCCESS |  
2019-08-23 18:29:14,770 | INFO  | SCMAudit | user=jenkins1000 | ip=192.168.34.23 | op=SEND_HEARTBEAT {datanodeUUID=58706fd2-d7f7-4771-af80-9e0541495c87, command=[]} | ret=SUCCESS |  
2019-08-23 18:29:14,771 | INFO  | SCMAudit | user=jenkins1000 | ip=192.168.34.23 | op=SEND_HEARTBEAT {datanodeUUID=7e391b60-07ae-4d97-a027-4756e468c032, command=[]} | ret=SUCCESS |  
2019-08-23 18:29:14,779 | INFO  | DNAudit | user=null | ip=null | op=WRITE_CHUNK {blockData=conID: 2 locID: 102667711590957695 bcsId: 4440} | ret=SUCCESS |  
2019-08-23 18:29:14,779 | INFO  | DNAudit | user=null | ip=null | op=WRITE_CHUNK {blockData=conID: 2 locID: 102667711590957695 bcsId: 4440} | ret=SUCCESS |  
2019-08-23 18:29:14,791 | INFO  | DNAudit | user=null | ip=null | op=PUT_BLOCK {blockData=[blockId=conID: 2 locID: 102667711590957695 bcsId: 0,size=4194304]} | ret=SUCCESS |  
2019-08-23 18:29:14,791 | INFO  | DNAudit | user=null | ip=null | op=PUT_BLOCK {blockData=[blockId=conID: 2 locID: 102667711590957695 bcsId: 0,size=4194304]} | ret=SUCCESS |  
2019-08-23 18:29:14,792 [grpc-default-executor-0] INFO  client.GrpcClientProtocolClient (GrpcClientProtocolClient.java:onNext(255)) - client-19C32667576E->48affcab-e6e4-4602-963a-f6a50efbd54c: receive RaftClientReply:client-19C32667576E->48affcab-e6e4-4602-963a-f6a50efbd54c@group-50C56EAF5137, cid=2956, SUCCESS, logIndex=0, commits[48affcab-e6e4-4602-963a-f6a50efbd54c:c4446, 7e391b60-07ae-4d97-a027-4756e468c032:c4444, c5f86d96-67df-4f25-bde3-316f439d30b3:c4444]
2019-08-23 18:29:14,799 | INFO  | SCMAudit | user=jenkins1000 | ip=192.168.34.23 | op=ALLOCATE_BLOCK {owner=1ceb8b80-28f1-43fd-86c3-175afc07b8d1, size=4194304, type=RATIS, factor=THREE} | ret=SUCCESS |  
2019-08-23 18:29:14,802 | INFO  | OMAudit | user=jenkins1000 | ip=127.0.0.1 | op=ALLOCATE_BLOCK {volume=vol-0-45438, bucket=bucket-0-23891, key=key-0-22455, dataSize=0, replicationType=null, replicationFactor=null, keyLocationInfo=null, clientID=102667710122492306} | ret=SUCCESS |  
2019-08-23 18:29:14,809 | INFO  | DNAudit | user=null | ip=null | op=WRITE_CHUNK {blockData=conID: 3 locID: 102667711597707904 bcsId: 0} | ret=SUCCESS |  
2019-08-23 18:29:14,811 | INFO  | DNAudit | user=null | ip=null | op=WRITE_CHUNK {blockData=conID: 3 locID: 102667711597707904 bcsId: 0} | ret=SUCCESS |  
2019-08-23 18:29:14,812 | INFO  | DNAudit | user=null | ip=null | op=WRITE_CHUNK {blockData=conID: 3 locID: 102667711597707904 bcsId: 0} | ret=SUCCESS |  
2019-08-23 18:29:14,812 | INFO  | DNAudit | user=null | ip=null | op=WRITE_CHUNK {blockData=conID: 3 locID: 102667711597707904 bcsId: 0} | ret=SUCCESS |  
2019-08-23 18:29:14,814 | INFO  | DNAudit | user=null | ip=null | op=WRITE_CHUNK {blockData=conID: 3 locID: 102667711597707904 bcsId: 0} | ret=SUCCESS |  
2019-08-23 18:29:14,814 | INFO  | DNAudit | user=null | ip=null | op=WRITE_CHUNK {blockData=conID: 3 locID: 102667711597707904 bcsId: 0} | ret=SUCCESS |  
2019-08-23 18:29:14,822 | INFO  | DNAudit | user=null | ip=null | op=WRITE_CHUNK {blockData=conID: 3 locID: 102667711597707904 bcsId: 0} | ret=SUCCESS |  
2019-08-23 18:29:14,823 | INFO  | DNAudit | user=null | ip=null | op=PUT_BLOCK {blockData=[blockId=conID: 3 locID: 102667711597707904 bcsId: 0,size=1048576]} | ret=SUCCESS |  
2019-08-23 18:29:14,823 [grpc-default-executor-4] INFO  client.GrpcClientProtocolClient (GrpcClientProtocolClient.java:onNext(255)) - client-19C32667576E->48affcab-e6e4-4602-963a-f6a50efbd54c: receive RaftClientReply:client-19C32667576E->48affcab-e6e4-4602-963a-f6a50efbd54c@group-50C56EAF5137, cid=2957, SUCCESS, logIndex=4447, commits[48affcab-e6e4-4602-963a-f6a50efbd54c:c4447, 7e391b60-07ae-4d97-a027-4756e468c032:c4446, c5f86d96-67df-4f25-bde3-316f439d30b3:c4444]
2019-08-23 18:29:14,823 [grpc-default-executor-4] INFO  client.GrpcClientProtocolClient (GrpcClientProtocolClient.java:onNext(255)) - client-19C32667576E->48affcab-e6e4-4602-963a-f6a50efbd54c: receive RaftClientReply:client-19C32667576E->48affcab-e6e4-4602-963a-f6a50efbd54c@group-50C56EAF5137, cid=2958, SUCCESS, logIndex=4448, commits[48affcab-e6e4-4602-963a-f6a50efbd54c:c4448, 7e391b60-07ae-4d97-a027-4756e468c032:c4446, c5f86d96-67df-4f25-bde3-316f439d30b3:c4446]
2019-08-23 18:29:14,836 | INFO  | DNAudit | user=null | ip=null | op=WRITE_CHUNK {blockData=conID: 3 locID: 102667711597707904 bcsId: 0} | ret=SUCCESS |  
2019-08-23 18:29:14,836 | INFO  | DNAudit | user=null | ip=null | op=PUT_BLOCK {blockData=[blockId=conID: 3 locID: 102667711597707904 bcsId: 0,size=2097152]} | ret=SUCCESS |  
2019-08-23 18:29:14,836 [grpc-default-executor-3] INFO  client.GrpcClientProtocolClient (GrpcClientProtocolClient.java:onNext(255)) - client-19C32667576E->48affcab-e6e4-4602-963a-f6a50efbd54c: receive RaftClientReply:client-19C32667576E->48affcab-e6e4-4602-963a-f6a50efbd54c@group-50C56EAF5137, cid=2959, SUCCESS, logIndex=4449, commits[48affcab-e6e4-4602-963a-f6a50efbd54c:c4450, 7e391b60-07ae-4d97-a027-4756e468c032:c4446, c5f86d96-67df-4f25-bde3-316f439d30b3:c4446]
2019-08-23 18:29:14,836 [grpc-default-executor-3] INFO  client.GrpcClientProtocolClient (GrpcClientProtocolClient.java:onNext(255)) - client-19C32667576E->48affcab-e6e4-4602-963a-f6a50efbd54c: receive RaftClientReply:client-19C32667576E->48affcab-e6e4-4602-963a-f6a50efbd54c@group-50C56EAF5137, cid=2960, SUCCESS, logIndex=4450, commits[48affcab-e6e4-4602-963a-f6a50efbd54c:c4450, 7e391b60-07ae-4d97-a027-4756e468c032:c4446, c5f86d96-67df-4f25-bde3-316f439d30b3:c4446]
2019-08-23 18:29:14,848 | INFO  | DNAudit | user=null | ip=null | op=WRITE_CHUNK {blockData=conID: 3 locID: 102667711597707904 bcsId: 0} | ret=SUCCESS |  
2019-08-23 18:29:14,848 | INFO  | DNAudit | user=null | ip=null | op=WRITE_CHUNK {blockData=conID: 3 locID: 102667711597707904 bcsId: 0} | ret=SUCCESS |  
2019-08-23 18:29:14,848 | INFO  | DNAudit | user=null | ip=null | op=PUT_BLOCK {blockData=[blockId=conID: 3 locID: 102667711597707904 bcsId: 0,size=1048576]} | ret=SUCCESS |  
2019-08-23 18:29:14,848 | INFO  | DNAudit | user=null | ip=null | op=PUT_BLOCK {blockData=[blockId=conID: 3 locID: 102667711597707904 bcsId: 0,size=1048576]} | ret=SUCCESS |  
2019-08-23 18:29:14,848 [grpc-default-executor-3] INFO  client.GrpcClientProtocolClient (GrpcClientProtocolClient.java:onNext(255)) - client-19C32667576E->48affcab-e6e4-4602-963a-f6a50efbd54c: receive RaftClientReply:client-19C32667576E->48affcab-e6e4-4602-963a-f6a50efbd54c@group-50C56EAF5137, cid=2961, SUCCESS, logIndex=0, commits[48affcab-e6e4-4602-963a-f6a50efbd54c:c4452, 7e391b60-07ae-4d97-a027-4756e468c032:c4448, c5f86d96-67df-4f25-bde3-316f439d30b3:c4448]
2019-08-23 18:29:14,854 | INFO  | DNAudit | user=null | ip=null | op=WRITE_CHUNK {blockData=conID: 3 locID: 102667711597707904 bcsId: 4450} | ret=SUCCESS |  
2019-08-23 18:29:14,856 | INFO  | DNAudit | user=null | ip=null | op=WRITE_CHUNK {blockData=conID: 3 locID: 102667711597707904 bcsId: 4450} | ret=SUCCESS |  
2019-08-23 18:29:14,856 | INFO  | DNAudit | user=null | ip=null | op=WRITE_CHUNK {blockData=conID: 3 locID: 102667711597707904 bcsId: 4450} | ret=SUCCESS |  
2019-08-23 18:29:14,861 | INFO  | DNAudit | user=null | ip=null | op=WRITE_CHUNK {blockData=conID: 3 locID: 102667711597707904 bcsId: 0} | ret=SUCCESS |  
2019-08-23 18:29:14,861 | INFO  | DNAudit | user=null | ip=null | op=WRITE_CHUNK {blockData=conID: 3 locID: 102667711597707904 bcsId: 0} | ret=SUCCESS |  
2019-08-23 18:29:14,861 | INFO  | DNAudit | user=null | ip=null | op=PUT_BLOCK {blockData=[blockId=conID: 3 locID: 102667711597707904 bcsId: 0,size=2097152]} | ret=SUCCESS |  
2019-08-23 18:29:14,861 | INFO  | DNAudit | user=null | ip=null | op=PUT_BLOCK {blockData=[blockId=conID: 3 locID: 102667711597707904 bcsId: 0,size=2097152]} | ret=SUCCESS |  
2019-08-23 18:29:14,875 | INFO  | DNAudit | user=null | ip=null | op=WRITE_CHUNK {blockData=conID: 3 locID: 102667711597707904 bcsId: 4450} | ret=SUCCESS |  
2019-08-23 18:29:14,875 | INFO  | DNAudit | user=null | ip=null | op=PUT_BLOCK {blockData=[blockId=conID: 3 locID: 102667711597707904 bcsId: 0,size=3145728]} | ret=SUCCESS |  
2019-08-23 18:29:14,875 [grpc-default-executor-3] INFO  client.GrpcClientProtocolClient (GrpcClientProtocolClient.java:onNext(255)) - client-19C32667576E->48affcab-e6e4-4602-963a-f6a50efbd54c: receive RaftClientReply:client-19C32667576E->48affcab-e6e4-4602-963a-f6a50efbd54c@group-50C56EAF5137, cid=2962, SUCCESS, logIndex=4455, commits[48affcab-e6e4-4602-963a-f6a50efbd54c:c4456, 7e391b60-07ae-4d97-a027-4756e468c032:c4452, c5f86d96-67df-4f25-bde3-316f439d30b3:c4452]
2019-08-23 18:29:14,876 [grpc-default-executor-3] INFO  client.GrpcClientProtocolClient (GrpcClientProtocolClient.java:onNext(255)) - client-19C32667576E->48affcab-e6e4-4602-963a-f6a50efbd54c: receive RaftClientReply:client-19C32667576E->48affcab-e6e4-4602-963a-f6a50efbd54c@group-50C56EAF5137, cid=2963, SUCCESS, logIndex=4456, commits[48affcab-e6e4-4602-963a-f6a50efbd54c:c4456, 7e391b60-07ae-4d97-a027-4756e468c032:c4452, c5f86d96-67df-4f25-bde3-316f439d30b3:c4452]
2019-08-23 18:29:14,881 | INFO  | DNAudit | user=null | ip=null | op=WRITE_CHUNK {blockData=conID: 3 locID: 102667711597707904 bcsId: 4456} | ret=SUCCESS |  
2019-08-23 18:29:14,883 | INFO  | DNAudit | user=null | ip=null | op=WRITE_CHUNK {blockData=conID: 3 locID: 102667711597707904 bcsId: 4456} | ret=SUCCESS |  
2019-08-23 18:29:14,884 | INFO  | DNAudit | user=null | ip=null | op=WRITE_CHUNK {blockData=conID: 3 locID: 102667711597707904 bcsId: 4456} | ret=SUCCESS |  
2019-08-23 18:29:14,885 | INFO  | DNAudit | user=null | ip=null | op=WRITE_CHUNK {blockData=conID: 3 locID: 102667711597707904 bcsId: 4450} | ret=SUCCESS |  
2019-08-23 18:29:14,885 | INFO  | DNAudit | user=null | ip=null | op=WRITE_CHUNK {blockData=conID: 3 locID: 102667711597707904 bcsId: 4450} | ret=SUCCESS |  
2019-08-23 18:29:14,885 | INFO  | DNAudit | user=null | ip=null | op=PUT_BLOCK {blockData=[blockId=conID: 3 locID: 102667711597707904 bcsId: 0,size=3145728]} | ret=SUCCESS |  
2019-08-23 18:29:14,885 | INFO  | DNAudit | user=null | ip=null | op=PUT_BLOCK {blockData=[blockId=conID: 3 locID: 102667711597707904 bcsId: 0,size=3145728]} | ret=SUCCESS |  
2019-08-23 18:29:14,889 | INFO  | DNAudit | user=null | ip=null | op=WRITE_CHUNK {blockData=conID: 3 locID: 102667711597707904 bcsId: 4456} | ret=SUCCESS |  
2019-08-23 18:29:14,889 | INFO  | DNAudit | user=null | ip=null | op=PUT_BLOCK {blockData=[blockId=conID: 3 locID: 102667711597707904 bcsId: 0,size=4194304]} | ret=SUCCESS |  
2019-08-23 18:29:14,890 [grpc-default-executor-0] INFO  client.GrpcClientProtocolClient (GrpcClientProtocolClient.java:onNext(255)) - client-19C32667576E->48affcab-e6e4-4602-963a-f6a50efbd54c: receive RaftClientReply:client-19C32667576E->48affcab-e6e4-4602-963a-f6a50efbd54c@group-50C56EAF5137, cid=2964, SUCCESS, logIndex=4459, commits[48affcab-e6e4-4602-963a-f6a50efbd54c:c4460, 7e391b60-07ae-4d97-a027-4756e468c032:c4456, c5f86d96-67df-4f25-bde3-316f439d30b3:c4456]
2019-08-23 18:29:14,890 [grpc-default-executor-0] INFO  client.GrpcClientProtocolClient (GrpcClientProtocolClient.java:onNext(255)) - client-19C32667576E->48affcab-e6e4-4602-963a-f6a50efbd54c: receive RaftClientReply:client-19C32667576E->48affcab-e6e4-4602-963a-f6a50efbd54c@group-50C56EAF5137, cid=2965, SUCCESS, logIndex=4460, commits[48affcab-e6e4-4602-963a-f6a50efbd54c:c4460, 7e391b60-07ae-4d97-a027-4756e468c032:c4456, c5f86d96-67df-4f25-bde3-316f439d30b3:c4456]
 0.00% |█                                                                                                    |  0/1 Time: 0:00:232019-08-23 18:29:15,666 | INFO  | SCMAudit | user=jenkins1000 | ip=192.168.34.23 | op=SEND_HEARTBEAT {datanodeUUID=c83cddd0-22b5-491d-bff0-a36373498de2, command=[]} | ret=SUCCESS |  
2019-08-23 18:29:15,770 | INFO  | SCMAudit | user=jenkins1000 | ip=192.168.34.23 | op=SEND_HEARTBEAT {datanodeUUID=c5f86d96-67df-4f25-bde3-316f439d30b3, command=[]} | ret=SUCCESS |  
2019-08-23 18:29:15,770 | INFO  | SCMAudit | user=jenkins1000 | ip=192.168.34.23 | op=SEND_HEARTBEAT {datanodeUUID=48affcab-e6e4-4602-963a-f6a50efbd54c, command=[]} | ret=SUCCESS |  
2019-08-23 18:29:15,771 | INFO  | SCMAudit | user=jenkins1000 | ip=192.168.34.23 | op=SEND_HEARTBEAT {datanodeUUID=58706fd2-d7f7-4771-af80-9e0541495c87, command=[]} | ret=SUCCESS |  
2019-08-23 18:29:15,771 | INFO  | SCMAudit | user=jenkins1000 | ip=192.168.34.23 | op=SEND_HEARTBEAT {datanodeUUID=7e391b60-07ae-4d97-a027-4756e468c032, command=[]} | ret=SUCCESS |  
 0.00% |█                                                                                                    |  0/1 Time: 0:00:242019-08-23 18:29:16,667 | INFO  | SCMAudit | user=jenkins1000 | ip=192.168.34.23 | op=SEND_HEARTBEAT {datanodeUUID=c83cddd0-22b5-491d-bff0-a36373498de2, command=[]} | ret=SUCCESS |  
2019-08-23 18:29:16,771 | INFO  | SCMAudit | user=jenkins1000 | ip=192.168.34.23 | op=SEND_HEARTBEAT {datanodeUUID=48affcab-e6e4-4602-963a-f6a50efbd54c, command=[]} | ret=SUCCESS |  
2019-08-23 18:29:16,771 | INFO  | SCMAudit | user=jenkins1000 | ip=192.168.34.23 | op=SEND_HEARTBEAT {datanodeUUID=c5f86d96-67df-4f25-bde3-316f439d30b3, command=[]} | ret=SUCCESS |  
2019-08-23 18:29:16,771 | INFO  | SCMAudit | user=jenkins1000 | ip=192.168.34.23 | op=SEND_HEARTBEAT {datanodeUUID=58706fd2-d7f7-4771-af80-9e0541495c87, command=[]} | ret=SUCCESS |  
2019-08-23 18:29:16,771 | INFO  | SCMAudit | user=jenkins1000 | ip=192.168.34.23 | op=SEND_HEARTBEAT {datanodeUUID=7e391b60-07ae-4d97-a027-4756e468c032, command=[]} | ret=SUCCESS |  
2019-08-23 18:29:17,396 | INFO  | DNAudit | user=null | ip=null | op=WRITE_CHUNK {blockData=conID: 3 locID: 102667711597707904 bcsId: 4456} | ret=SUCCESS |  
2019-08-23 18:29:17,396 | INFO  | DNAudit | user=null | ip=null | op=WRITE_CHUNK {blockData=conID: 3 locID: 102667711597707904 bcsId: 4456} | ret=SUCCESS |  
2019-08-23 18:29:17,396 | INFO  | DNAudit | user=null | ip=null | op=PUT_BLOCK {blockData=[blockId=conID: 3 locID: 102667711597707904 bcsId: 0,size=4194304]} | ret=SUCCESS |  
2019-08-23 18:29:17,396 | INFO  | DNAudit | user=null | ip=null | op=PUT_BLOCK {blockData=[blockId=conID: 3 locID: 102667711597707904 bcsId: 0,size=4194304]} | ret=SUCCESS |  
2019-08-23 18:29:17,396 [grpc-default-executor-0] INFO  client.GrpcClientProtocolClient (GrpcClientProtocolClient.java:onNext(255)) - client-19C32667576E->48affcab-e6e4-4602-963a-f6a50efbd54c: receive RaftClientReply:client-19C32667576E->48affcab-e6e4-4602-963a-f6a50efbd54c@group-50C56EAF5137, cid=2966, SUCCESS, logIndex=0, commits[48affcab-e6e4-4602-963a-f6a50efbd54c:c4462, 7e391b60-07ae-4d97-a027-4756e468c032:c4462, c5f86d96-67df-4f25-bde3-316f439d30b3:c4462]
2019-08-23 18:29:17,403 | INFO  | SCMAudit | user=jenkins1000 | ip=192.168.34.23 | op=ALLOCATE_BLOCK {owner=1ceb8b80-28f1-43fd-86c3-175afc07b8d1, size=4194304, type=RATIS, factor=THREE} | ret=SUCCESS |  
2019-08-23 18:29:17,408 | INFO  | OMAudit | user=jenkins1000 | ip=127.0.0.1 | op=ALLOCATE_BLOCK {volume=vol-0-45438, bucket=bucket-0-23891, key=key-0-22455, dataSize=0, replicationType=null, replicationFactor=null, keyLocationInfo=null, clientID=102667710122492306} | ret=SUCCESS |  
2019-08-23 18:29:17,414 | INFO  | DNAudit | user=null | ip=null | op=WRITE_CHUNK {blockData=conID: 1 locID: 102667711768363649 bcsId: 0} | ret=SUCCESS |  
2019-08-23 18:29:17,418 | INFO  | DNAudit | user=null | ip=null | op=WRITE_CHUNK {blockData=conID: 1 locID: 102667711768363649 bcsId: 0} | ret=SUCCESS |  
2019-08-23 18:29:17,418 | INFO  | DNAudit | user=null | ip=null | op=WRITE_CHUNK {blockData=conID: 1 locID: 102667711768363649 bcsId: 0} | ret=SUCCESS |  
2019-08-23 18:29:17,420 | INFO  | DNAudit | user=null | ip=null | op=WRITE_CHUNK {blockData=conID: 1 locID: 102667711768363649 bcsId: 0} | ret=SUCCESS |  
2019-08-23 18:29:17,421 | INFO  | DNAudit | user=null | ip=null | op=WRITE_CHUNK {blockData=conID: 1 locID: 102667711768363649 bcsId: 0} | ret=SUCCESS |  
2019-08-23 18:29:17,421 | INFO  | DNAudit | user=null | ip=null | op=WRITE_CHUNK {blockData=conID: 1 locID: 102667711768363649 bcsId: 0} | ret=SUCCESS |  
2019-08-23 18:29:17,421 | INFO  | DNAudit | user=null | ip=null | op=PUT_BLOCK {blockData=[blockId=conID: 1 locID: 102667711768363649 bcsId: 0,size=1048576]} | ret=SUCCESS |  
2019-08-23 18:29:17,421 | INFO  | DNAudit | user=null | ip=null | op=WRITE_CHUNK {blockData=conID: 1 locID: 102667711768363649 bcsId: 0} | ret=SUCCESS |  
2019-08-23 18:29:17,421 [grpc-default-executor-4] INFO  client.GrpcClientProtocolClient (GrpcClientProtocolClient.java:onNext(255)) - client-19C32667576E->48affcab-e6e4-4602-963a-f6a50efbd54c: receive RaftClientReply:client-19C32667576E->48affcab-e6e4-4602-963a-f6a50efbd54c@group-50C56EAF5137, cid=2967, SUCCESS, logIndex=4463, commits[48affcab-e6e4-4602-963a-f6a50efbd54c:c4464, 7e391b60-07ae-4d97-a027-4756e468c032:c4462, c5f86d96-67df-4f25-bde3-316f439d30b3:c4462]
2019-08-23 18:29:17,422 [grpc-default-executor-4] INFO  client.GrpcClientProtocolClient (GrpcClientProtocolClient.java:onNext(255)) - client-19C32667576E->48affcab-e6e4-4602-963a-f6a50efbd54c: receive RaftClientReply:client-19C32667576E->48affcab-e6e4-4602-963a-f6a50efbd54c@group-50C56EAF5137, cid=2968, SUCCESS, logIndex=4464, commits[48affcab-e6e4-4602-963a-f6a50efbd54c:c4464, 7e391b60-07ae-4d97-a027-4756e468c032:c4462, c5f86d96-67df-4f25-bde3-316f439d30b3:c4462]
2019-08-23 18:29:17,424 | INFO  | DNAudit | user=null | ip=null | op=WRITE_CHUNK {blockData=conID: 1 locID: 102667711768363649 bcsId: 0} | ret=SUCCESS |  
2019-08-23 18:29:17,424 | INFO  | DNAudit | user=null | ip=null | op=WRITE_CHUNK {blockData=conID: 1 locID: 102667711768363649 bcsId: 0} | ret=SUCCESS |  
2019-08-23 18:29:17,424 | INFO  | DNAudit | user=null | ip=null | op=PUT_BLOCK {blockData=[blockId=conID: 1 locID: 102667711768363649 bcsId: 0,size=1048576]} | ret=SUCCESS |  
2019-08-23 18:29:17,425 | INFO  | DNAudit | user=null | ip=null | op=PUT_BLOCK {blockData=[blockId=conID: 1 locID: 102667711768363649 bcsId: 0,size=2097152]} | ret=SUCCESS |  
2019-08-23 18:29:17,425 [grpc-default-executor-3] INFO  client.GrpcClientProtocolClient (GrpcClientProtocolClient.java:onNext(255)) - client-19C32667576E->48affcab-e6e4-4602-963a-f6a50efbd54c: receive RaftClientReply:client-19C32667576E->48affcab-e6e4-4602-963a-f6a50efbd54c@group-50C56EAF5137, cid=2969, SUCCESS, logIndex=4465, commits[48affcab-e6e4-4602-963a-f6a50efbd54c:c4466, 7e391b60-07ae-4d97-a027-4756e468c032:c4462, c5f86d96-67df-4f25-bde3-316f439d30b3:c4462]
2019-08-23 18:29:17,425 [grpc-default-executor-3] INFO  client.GrpcClientProtocolClient (GrpcClientProtocolClient.java:onNext(255)) - client-19C32667576E->48affcab-e6e4-4602-963a-f6a50efbd54c: receive RaftClientReply:client-19C32667576E->48affcab-e6e4-4602-963a-f6a50efbd54c@group-50C56EAF5137, cid=2970, SUCCESS, logIndex=4466, commits[48affcab-e6e4-4602-963a-f6a50efbd54c:c4467, 7e391b60-07ae-4d97-a027-4756e468c032:c4462, c5f86d96-67df-4f25-bde3-316f439d30b3:c4464]
2019-08-23 18:29:17,435 | INFO  | DNAudit | user=null | ip=null | op=WRITE_CHUNK {blockData=conID: 1 locID: 102667711768363649 bcsId: 0} | ret=SUCCESS |  
2019-08-23 18:29:17,436 | INFO  | DNAudit | user=null | ip=null | op=PUT_BLOCK {blockData=[blockId=conID: 1 locID: 102667711768363649 bcsId: 0,size=1048576]} | ret=SUCCESS |  
2019-08-23 18:29:17,436 [grpc-default-executor-3] INFO  client.GrpcClientProtocolClient (GrpcClientProtocolClient.java:onNext(255)) - client-19C32667576E->48affcab-e6e4-4602-963a-f6a50efbd54c: receive RaftClientReply:client-19C32667576E->48affcab-e6e4-4602-963a-f6a50efbd54c@group-50C56EAF5137, cid=2971, SUCCESS, logIndex=0, commits[48affcab-e6e4-4602-963a-f6a50efbd54c:c4468, 7e391b60-07ae-4d97-a027-4756e468c032:c4464, c5f86d96-67df-4f25-bde3-316f439d30b3:c4464]
2019-08-23 18:29:17,437 | INFO  | DNAudit | user=null | ip=null | op=WRITE_CHUNK {blockData=conID: 1 locID: 102667711768363649 bcsId: 0} | ret=SUCCESS |  
2019-08-23 18:29:17,437 | INFO  | DNAudit | user=null | ip=null | op=PUT_BLOCK {blockData=[blockId=conID: 1 locID: 102667711768363649 bcsId: 0,size=2097152]} | ret=SUCCESS |  
2019-08-23 18:29:17,442 | INFO  | DNAudit | user=null | ip=null | op=WRITE_CHUNK {blockData=conID: 1 locID: 102667711768363649 bcsId: 4466} | ret=SUCCESS |  
2019-08-23 18:29:17,446 | INFO  | DNAudit | user=null | ip=null | op=WRITE_CHUNK {blockData=conID: 1 locID: 102667711768363649 bcsId: 4466} | ret=SUCCESS |  
2019-08-23 18:29:17,447 | INFO  | DNAudit | user=null | ip=null | op=WRITE_CHUNK {blockData=conID: 1 locID: 102667711768363649 bcsId: 4466} | ret=SUCCESS |  
2019-08-23 18:29:17,447 | INFO  | DNAudit | user=null | ip=null | op=WRITE_CHUNK {blockData=conID: 1 locID: 102667711768363649 bcsId: 0} | ret=SUCCESS |  
2019-08-23 18:29:17,448 | INFO  | DNAudit | user=null | ip=null | op=PUT_BLOCK {blockData=[blockId=conID: 1 locID: 102667711768363649 bcsId: 0,size=2097152]} | ret=SUCCESS |  
2019-08-23 18:29:17,462 | INFO  | DNAudit | user=null | ip=null | op=WRITE_CHUNK {blockData=conID: 1 locID: 102667711768363649 bcsId: 4466} | ret=SUCCESS |  
2019-08-23 18:29:17,463 | INFO  | DNAudit | user=null | ip=null | op=PUT_BLOCK {blockData=[blockId=conID: 1 locID: 102667711768363649 bcsId: 0,size=3145728]} | ret=SUCCESS |  
2019-08-23 18:29:17,463 [grpc-default-executor-3] INFO  client.GrpcClientProtocolClient (GrpcClientProtocolClient.java:onNext(255)) - client-19C32667576E->48affcab-e6e4-4602-963a-f6a50efbd54c: receive RaftClientReply:client-19C32667576E->48affcab-e6e4-4602-963a-f6a50efbd54c@group-50C56EAF5137, cid=2972, SUCCESS, logIndex=4471, commits[48affcab-e6e4-4602-963a-f6a50efbd54c:c4472, 7e391b60-07ae-4d97-a027-4756e468c032:c4469, c5f86d96-67df-4f25-bde3-316f439d30b3:c4469]
2019-08-23 18:29:17,463 [grpc-default-executor-3] INFO  client.GrpcClientProtocolClient (GrpcClientProtocolClient.java:onNext(255)) - client-19C32667576E->48affcab-e6e4-4602-963a-f6a50efbd54c: receive RaftClientReply:client-19C32667576E->48affcab-e6e4-4602-963a-f6a50efbd54c@group-50C56EAF5137, cid=2973, SUCCESS, logIndex=4472, commits[48affcab-e6e4-4602-963a-f6a50efbd54c:c4472, 7e391b60-07ae-4d97-a027-4756e468c032:c4469, c5f86d96-67df-4f25-bde3-316f439d30b3:c4469]
2019-08-23 18:29:17,469 | INFO  | DNAudit | user=null | ip=null | op=WRITE_CHUNK {blockData=conID: 1 locID: 102667711768363649 bcsId: 4472} | ret=SUCCESS |  
2019-08-23 18:29:17,472 | INFO  | DNAudit | user=null | ip=null | op=WRITE_CHUNK {blockData=conID: 1 locID: 102667711768363649 bcsId: 4472} | ret=SUCCESS |  
2019-08-23 18:29:17,472 | INFO  | DNAudit | user=null | ip=null | op=WRITE_CHUNK {blockData=conID: 1 locID: 102667711768363649 bcsId: 4472} | ret=SUCCESS |  
2019-08-23 18:29:17,475 | INFO  | DNAudit | user=null | ip=null | op=WRITE_CHUNK {blockData=conID: 1 locID: 102667711768363649 bcsId: 4466} | ret=SUCCESS |  
2019-08-23 18:29:17,475 | INFO  | DNAudit | user=null | ip=null | op=WRITE_CHUNK {blockData=conID: 1 locID: 102667711768363649 bcsId: 4466} | ret=SUCCESS |  
2019-08-23 18:29:17,476 | INFO  | DNAudit | user=null | ip=null | op=PUT_BLOCK {blockData=[blockId=conID: 1 locID: 102667711768363649 bcsId: 0,size=3145728]} | ret=SUCCESS |  
2019-08-23 18:29:17,476 | INFO  | DNAudit | user=null | ip=null | op=PUT_BLOCK {blockData=[blockId=conID: 1 locID: 102667711768363649 bcsId: 0,size=3145728]} | ret=SUCCESS |  
2019-08-23 18:29:17,479 | INFO  | DNAudit | user=null | ip=null | op=WRITE_CHUNK {blockData=conID: 1 locID: 102667711768363649 bcsId: 4472} | ret=SUCCESS |  
2019-08-23 18:29:17,479 | INFO  | DNAudit | user=null | ip=null | op=PUT_BLOCK {blockData=[blockId=conID: 1 locID: 102667711768363649 bcsId: 0,size=4194304]} | ret=SUCCESS |  
2019-08-23 18:29:17,479 [grpc-default-executor-4] INFO  client.GrpcClientProtocolClient (GrpcClientProtocolClient.java:onNext(255)) - client-19C32667576E->48affcab-e6e4-4602-963a-f6a50efbd54c: receive RaftClientReply:client-19C32667576E->48affcab-e6e4-4602-963a-f6a50efbd54c@group-50C56EAF5137, cid=2974, SUCCESS, logIndex=4474, commits[48affcab-e6e4-4602-963a-f6a50efbd54c:c4475, 7e391b60-07ae-4d97-a027-4756e468c032:c4472, c5f86d96-67df-4f25-bde3-316f439d30b3:c4472]
2019-08-23 18:29:17,480 [grpc-default-executor-4] INFO  client.GrpcClientProtocolClient (GrpcClientProtocolClient.java:onNext(255)) - client-19C32667576E->48affcab-e6e4-4602-963a-f6a50efbd54c: receive RaftClientReply:client-19C32667576E->48affcab-e6e4-4602-963a-f6a50efbd54c@group-50C56EAF5137, cid=2975, SUCCESS, logIndex=4475, commits[48affcab-e6e4-4602-963a-f6a50efbd54c:c4475, 7e391b60-07ae-4d97-a027-4756e468c032:c4472, c5f86d96-67df-4f25-bde3-316f439d30b3:c4472]
2019-08-23 18:29:17,491 | INFO  | DNAudit | user=null | ip=null | op=WRITE_CHUNK {blockData=conID: 1 locID: 102667711768363649 bcsId: 4472} | ret=SUCCESS |  
2019-08-23 18:29:17,491 | INFO  | DNAudit | user=null | ip=null | op=WRITE_CHUNK {blockData=conID: 1 locID: 102667711768363649 bcsId: 4472} | ret=SUCCESS |  
2019-08-23 18:29:17,504 | INFO  | DNAudit | user=null | ip=null | op=PUT_BLOCK {blockData=[blockId=conID: 1 locID: 102667711768363649 bcsId: 0,size=4194304]} | ret=SUCCESS |  
2019-08-23 18:29:17,504 | INFO  | DNAudit | user=null | ip=null | op=PUT_BLOCK {blockData=[blockId=conID: 1 locID: 102667711768363649 bcsId: 0,size=4194304]} | ret=SUCCESS |  
2019-08-23 18:29:17,505 [grpc-default-executor-4] INFO  client.GrpcClientProtocolClient (GrpcClientProtocolClient.java:onNext(255)) - client-19C32667576E->48affcab-e6e4-4602-963a-f6a50efbd54c: receive RaftClientReply:client-19C32667576E->48affcab-e6e4-4602-963a-f6a50efbd54c@group-50C56EAF5137, cid=2976, SUCCESS, logIndex=0, commits[48affcab-e6e4-4602-963a-f6a50efbd54c:c4477, 7e391b60-07ae-4d97-a027-4756e468c032:c4475, c5f86d96-67df-4f25-bde3-316f439d30b3:c4475]
2019-08-23 18:29:17,510 | INFO  | SCMAudit | user=jenkins1000 | ip=192.168.34.23 | op=ALLOCATE_BLOCK {owner=1ceb8b80-28f1-43fd-86c3-175afc07b8d1, size=4194304, type=RATIS, factor=THREE} | ret=SUCCESS |  
2019-08-23 18:29:17,513 | INFO  | OMAudit | user=jenkins1000 | ip=127.0.0.1 | op=ALLOCATE_BLOCK {volume=vol-0-45438, bucket=bucket-0-23891, key=key-0-22455, dataSize=0, replicationType=null, replicationFactor=null, keyLocationInfo=null, clientID=102667710122492306} | ret=SUCCESS |  
2019-08-23 18:29:17,519 | INFO  | DNAudit | user=null | ip=null | op=WRITE_CHUNK {blockData=conID: 2 locID: 102667711775376002 bcsId: 0} | ret=SUCCESS |  
2019-08-23 18:29:17,522 | INFO  | DNAudit | user=null | ip=null | op=WRITE_CHUNK {blockData=conID: 2 locID: 102667711775376002 bcsId: 0} | ret=SUCCESS |  
2019-08-23 18:29:17,522 | INFO  | DNAudit | user=null | ip=null | op=WRITE_CHUNK {blockData=conID: 2 locID: 102667711775376002 bcsId: 0} | ret=SUCCESS |  
2019-08-23 18:29:17,522 | INFO  | DNAudit | user=null | ip=null | op=WRITE_CHUNK {blockData=conID: 2 locID: 102667711775376002 bcsId: 0} | ret=SUCCESS |  
2019-08-23 18:29:17,524 | INFO  | DNAudit | user=null | ip=null | op=WRITE_CHUNK {blockData=conID: 2 locID: 102667711775376002 bcsId: 0} | ret=SUCCESS |  
2019-08-23 18:29:17,524 | INFO  | DNAudit | user=null | ip=null | op=WRITE_CHUNK {blockData=conID: 2 locID: 102667711775376002 bcsId: 0} | ret=SUCCESS |  
2019-08-23 18:29:17,530 | INFO  | DNAudit | user=null | ip=null | op=WRITE_CHUNK {blockData=conID: 2 locID: 102667711775376002 bcsId: 0} | ret=SUCCESS |  
2019-08-23 18:29:17,531 | INFO  | DNAudit | user=null | ip=null | op=PUT_BLOCK {blockData=[blockId=conID: 2 locID: 102667711775376002 bcsId: 0,size=1048576]} | ret=SUCCESS |  
2019-08-23 18:29:17,531 [grpc-default-executor-0] INFO  client.GrpcClientProtocolClient (GrpcClientProtocolClient.java:onNext(255)) - client-19C32667576E->48affcab-e6e4-4602-963a-f6a50efbd54c: receive RaftClientReply:client-19C32667576E->48affcab-e6e4-4602-963a-f6a50efbd54c@group-50C56EAF5137, cid=2977, SUCCESS, logIndex=4478, commits[48affcab-e6e4-4602-963a-f6a50efbd54c:c4479, 7e391b60-07ae-4d97-a027-4756e468c032:c4477, c5f86d96-67df-4f25-bde3-316f439d30b3:c4477]
2019-08-23 18:29:17,531 | INFO  | DNAudit | user=null | ip=null | op=WRITE_CHUNK {blockData=conID: 2 locID: 102667711775376002 bcsId: 0} | ret=SUCCESS |  
2019-08-23 18:29:17,531 | INFO  | DNAudit | user=null | ip=null | op=PUT_BLOCK {blockData=[blockId=conID: 2 locID: 102667711775376002 bcsId: 0,size=2097152]} | ret=SUCCESS |  
2019-08-23 18:29:17,531 [grpc-default-executor-0] INFO  client.GrpcClientProtocolClient (GrpcClientProtocolClient.java:onNext(255)) - client-19C32667576E->48affcab-e6e4-4602-963a-f6a50efbd54c: receive RaftClientReply:client-19C32667576E->48affcab-e6e4-4602-963a-f6a50efbd54c@group-50C56EAF5137, cid=2978, SUCCESS, logIndex=4479, commits[48affcab-e6e4-4602-963a-f6a50efbd54c:c4481, 7e391b60-07ae-4d97-a027-4756e468c032:c4477, c5f86d96-67df-4f25-bde3-316f439d30b3:c4477]
2019-08-23 18:29:17,531 [grpc-default-executor-0] INFO  client.GrpcClientProtocolClient (GrpcClientProtocolClient.java:onNext(255)) - client-19C32667576E->48affcab-e6e4-4602-963a-f6a50efbd54c: receive RaftClientReply:client-19C32667576E->48affcab-e6e4-4602-963a-f6a50efbd54c@group-50C56EAF5137, cid=2979, SUCCESS, logIndex=4480, commits[48affcab-e6e4-4602-963a-f6a50efbd54c:c4481, 7e391b60-07ae-4d97-a027-4756e468c032:c4477, c5f86d96-67df-4f25-bde3-316f439d30b3:c4477]
2019-08-23 18:29:17,532 [grpc-default-executor-0] INFO  client.GrpcClientProtocolClient (GrpcClientProtocolClient.java:onNext(255)) - client-19C32667576E->48affcab-e6e4-4602-963a-f6a50efbd54c: receive RaftClientReply:client-19C32667576E->48affcab-e6e4-4602-963a-f6a50efbd54c@group-50C56EAF5137, cid=2980, SUCCESS, logIndex=4481, commits[48affcab-e6e4-4602-963a-f6a50efbd54c:c4481, 7e391b60-07ae-4d97-a027-4756e468c032:c4477, c5f86d96-67df-4f25-bde3-316f439d30b3:c4477]
2019-08-23 18:29:17,537 | INFO  | DNAudit | user=null | ip=null | op=WRITE_CHUNK {blockData=conID: 2 locID: 102667711775376002 bcsId: 0} | ret=SUCCESS |  
2019-08-23 18:29:17,537 | INFO  | DNAudit | user=null | ip=null | op=WRITE_CHUNK {blockData=conID: 2 locID: 102667711775376002 bcsId: 0} | ret=SUCCESS |  
2019-08-23 18:29:17,537 | INFO  | DNAudit | user=null | ip=null | op=PUT_BLOCK {blockData=[blockId=conID: 2 locID: 102667711775376002 bcsId: 0,size=1048576]} | ret=SUCCESS |  
2019-08-23 18:29:17,537 | INFO  | DNAudit | user=null | ip=null | op=PUT_BLOCK {blockData=[blockId=conID: 2 locID: 102667711775376002 bcsId: 0,size=1048576]} | ret=SUCCESS |  
2019-08-23 18:29:17,537 [grpc-default-executor-0] INFO  client.GrpcClientProtocolClient (GrpcClientProtocolClient.java:onNext(255)) - client-19C32667576E->48affcab-e6e4-4602-963a-f6a50efbd54c: receive RaftClientReply:client-19C32667576E->48affcab-e6e4-4602-963a-f6a50efbd54c@group-50C56EAF5137, cid=2981, SUCCESS, logIndex=0, commits[48affcab-e6e4-4602-963a-f6a50efbd54c:c4482, 7e391b60-07ae-4d97-a027-4756e468c032:c4479, c5f86d96-67df-4f25-bde3-316f439d30b3:c4479]
2019-08-23 18:29:17,543 | INFO  | DNAudit | user=null | ip=null | op=WRITE_CHUNK {blockData=conID: 2 locID: 102667711775376002 bcsId: 4481} | ret=SUCCESS |  
2019-08-23 18:29:17,544 | INFO  | DNAudit | user=null | ip=null | op=WRITE_CHUNK {blockData=conID: 2 locID: 102667711775376002 bcsId: 4481} | ret=SUCCESS |  
2019-08-23 18:29:17,545 | INFO  | DNAudit | user=null | ip=null | op=WRITE_CHUNK {blockData=conID: 2 locID: 102667711775376002 bcsId: 4481} | ret=SUCCESS |  
2019-08-23 18:29:17,551 | INFO  | DNAudit | user=null | ip=null | op=WRITE_CHUNK {blockData=conID: 2 locID: 102667711775376002 bcsId: 0} | ret=SUCCESS |  
2019-08-23 18:29:17,551 | INFO  | DNAudit | user=null | ip=null | op=WRITE_CHUNK {blockData=conID: 2 locID: 102667711775376002 bcsId: 0} | ret=SUCCESS |  
2019-08-23 18:29:17,551 | INFO  | DNAudit | user=null | ip=null | op=PUT_BLOCK {blockData=[blockId=conID: 2 locID: 102667711775376002 bcsId: 0,size=2097152]} | ret=SUCCESS |  
2019-08-23 18:29:17,551 | INFO  | DNAudit | user=null | ip=null | op=PUT_BLOCK {blockData=[blockId=conID: 2 locID: 102667711775376002 bcsId: 0,size=2097152]} | ret=SUCCESS |  
2019-08-23 18:29:17,564 | INFO  | DNAudit | user=null | ip=null | op=WRITE_CHUNK {blockData=conID: 2 locID: 102667711775376002 bcsId: 4481} | ret=SUCCESS |  
2019-08-23 18:29:17,564 | INFO  | DNAudit | user=null | ip=null | op=PUT_BLOCK {blockData=[blockId=conID: 2 locID: 102667711775376002 bcsId: 0,size=3145728]} | ret=SUCCESS |  
2019-08-23 18:29:17,564 [grpc-default-executor-3] INFO  client.GrpcClientProtocolClient (GrpcClientProtocolClient.java:onNext(255)) - client-19C32667576E->48affcab-e6e4-4602-963a-f6a50efbd54c: receive RaftClientReply:client-19C32667576E->48affcab-e6e4-4602-963a-f6a50efbd54c@group-50C56EAF5137, cid=2982, SUCCESS, logIndex=4485, commits[48affcab-e6e4-4602-963a-f6a50efbd54c:c4486, 7e391b60-07ae-4d97-a027-4756e468c032:c4482, c5f86d96-67df-4f25-bde3-316f439d30b3:c4482]
2019-08-23 18:29:17,565 [grpc-default-executor-3] INFO  client.GrpcClientProtocolClient (GrpcClientProtocolClient.java:onNext(255)) - client-19C32667576E->48affcab-e6e4-4602-963a-f6a50efbd54c: receive RaftClientReply:client-19C32667576E->48affcab-e6e4-4602-963a-f6a50efbd54c@group-50C56EAF5137, cid=2983, SUCCESS, logIndex=4486, commits[48affcab-e6e4-4602-963a-f6a50efbd54c:c4486, 7e391b60-07ae-4d97-a027-4756e468c032:c4482, c5f86d96-67df-4f25-bde3-316f439d30b3:c4482]
2019-08-23 18:29:17,569 | INFO  | DNAudit | user=null | ip=null | op=WRITE_CHUNK {blockData=conID: 2 locID: 102667711775376002 bcsId: 4486} | ret=SUCCESS |  
2019-08-23 18:29:17,571 | INFO  | DNAudit | user=null | ip=null | op=WRITE_CHUNK {blockData=conID: 2 locID: 102667711775376002 bcsId: 4486} | ret=SUCCESS |  
2019-08-23 18:29:17,571 | INFO  | DNAudit | user=null | ip=null | op=WRITE_CHUNK {blockData=conID: 2 locID: 102667711775376002 bcsId: 4486} | ret=SUCCESS |  
2019-08-23 18:29:17,575 | INFO  | DNAudit | user=null | ip=null | op=WRITE_CHUNK {blockData=conID: 2 locID: 102667711775376002 bcsId: 4481} | ret=SUCCESS |  
2019-08-23 18:29:17,575 | INFO  | DNAudit | user=null | ip=null | op=WRITE_CHUNK {blockData=conID: 2 locID: 102667711775376002 bcsId: 4481} | ret=SUCCESS |  
2019-08-23 18:29:17,620 | INFO  | DNAudit | user=null | ip=null | op=PUT_BLOCK {blockData=[blockId=conID: 2 locID: 102667711775376002 bcsId: 0,size=3145728]} | ret=SUCCESS |  
2019-08-23 18:29:17,620 | INFO  | DNAudit | user=null | ip=null | op=PUT_BLOCK {blockData=[blockId=conID: 2 locID: 102667711775376002 bcsId: 0,size=3145728]} | ret=SUCCESS |  
2019-08-23 18:29:17,621 | INFO  | DNAudit | user=null | ip=null | op=WRITE_CHUNK {blockData=conID: 2 locID: 102667711775376002 bcsId: 4486} | ret=SUCCESS |  
2019-08-23 18:29:17,621 | INFO  | DNAudit | user=null | ip=null | op=PUT_BLOCK {blockData=[blockId=conID: 2 locID: 102667711775376002 bcsId: 0,size=4194304]} | ret=SUCCESS |  
2019-08-23 18:29:17,621 [grpc-default-executor-3] INFO  client.GrpcClientProtocolClient (GrpcClientProtocolClient.java:onNext(255)) - client-19C32667576E->48affcab-e6e4-4602-963a-f6a50efbd54c: receive RaftClientReply:client-19C32667576E->48affcab-e6e4-4602-963a-f6a50efbd54c@group-50C56EAF5137, cid=2984, SUCCESS, logIndex=4489, commits[48affcab-e6e4-4602-963a-f6a50efbd54c:c4490, 7e391b60-07ae-4d97-a027-4756e468c032:c4486, c5f86d96-67df-4f25-bde3-316f439d30b3:c4486]
2019-08-23 18:29:17,622 [grpc-default-executor-3] INFO  client.GrpcClientProtocolClient (GrpcClientProtocolClient.java:onNext(255)) - client-19C32667576E->48affcab-e6e4-4602-963a-f6a50efbd54c: receive RaftClientReply:client-19C32667576E->48affcab-e6e4-4602-963a-f6a50efbd54c@group-50C56EAF5137, cid=2985, SUCCESS, logIndex=4490, commits[48affcab-e6e4-4602-963a-f6a50efbd54c:c4490, 7e391b60-07ae-4d97-a027-4756e468c032:c4486, c5f86d96-67df-4f25-bde3-316f439d30b3:c4486]
2019-08-23 18:29:17,634 | INFO  | DNAudit | user=null | ip=null | op=WRITE_CHUNK {blockData=conID: 2 locID: 102667711775376002 bcsId: 4486} | ret=SUCCESS |  
2019-08-23 18:29:17,635 | INFO  | DNAudit | user=null | ip=null | op=WRITE_CHUNK {blockData=conID: 2 locID: 102667711775376002 bcsId: 4486} | ret=SUCCESS |  
2019-08-23 18:29:17,635 | INFO  | DNAudit | user=null | ip=null | op=PUT_BLOCK {blockData=[blockId=conID: 2 locID: 102667711775376002 bcsId: 0,size=4194304]} | ret=SUCCESS |  
2019-08-23 18:29:17,637 | INFO  | DNAudit | user=null | ip=null | op=PUT_BLOCK {blockData=[blockId=conID: 2 locID: 102667711775376002 bcsId: 0,size=4194304]} | ret=SUCCESS |  
2019-08-23 18:29:17,637 [grpc-default-executor-3] INFO  client.GrpcClientProtocolClient (GrpcClientProtocolClient.java:onNext(255)) - client-19C32667576E->48affcab-e6e4-4602-963a-f6a50efbd54c: receive RaftClientReply:client-19C32667576E->48affcab-e6e4-4602-963a-f6a50efbd54c@group-50C56EAF5137, cid=2986, SUCCESS, logIndex=0, commits[48affcab-e6e4-4602-963a-f6a50efbd54c:c4491, 7e391b60-07ae-4d97-a027-4756e468c032:c4490, c5f86d96-67df-4f25-bde3-316f439d30b3:c4490]
2019-08-23 18:29:17,643 | INFO  | SCMAudit | user=jenkins1000 | ip=192.168.34.23 | op=ALLOCATE_BLOCK {owner=1ceb8b80-28f1-43fd-86c3-175afc07b8d1, size=4194304, type=RATIS, factor=THREE} | ret=SUCCESS |  
2019-08-23 18:29:17,646 | INFO  | OMAudit | user=jenkins1000 | ip=127.0.0.1 | op=ALLOCATE_BLOCK {volume=vol-0-45438, bucket=bucket-0-23891, key=key-0-22455, dataSize=0, replicationType=null, replicationFactor=null, keyLocationInfo=null, clientID=102667710122492306} | ret=SUCCESS |  
2019-08-23 18:29:17,651 | INFO  | DNAudit | user=null | ip=null | op=WRITE_CHUNK {blockData=conID: 3 locID: 102667711784092291 bcsId: 0} | ret=SUCCESS |  
2019-08-23 18:29:17,654 | INFO  | DNAudit | user=null | ip=null | op=WRITE_CHUNK {blockData=conID: 3 locID: 102667711784092291 bcsId: 0} | ret=SUCCESS |  
2019-08-23 18:29:17,657 | INFO  | DNAudit | user=null | ip=null | op=WRITE_CHUNK {blockData=conID: 3 locID: 102667711784092291 bcsId: 0} | ret=SUCCESS |  
2019-08-23 18:29:17,658 | INFO  | DNAudit | user=null | ip=null | op=WRITE_CHUNK {blockData=conID: 3 locID: 102667711784092291 bcsId: 0} | ret=SUCCESS |  
2019-08-23 18:29:17,658 | INFO  | DNAudit | user=null | ip=null | op=WRITE_CHUNK {blockData=conID: 3 locID: 102667711784092291 bcsId: 0} | ret=SUCCESS |  
2019-08-23 18:29:17,659 | INFO  | DNAudit | user=null | ip=null | op=WRITE_CHUNK {blockData=conID: 3 locID: 102667711784092291 bcsId: 0} | ret=SUCCESS |  
 0.00% |█                                                                                                    |  0/1 Time: 0:00:252019-08-23 18:29:17,667 | INFO  | SCMAudit | user=jenkins1000 | ip=192.168.34.23 | op=SEND_HEARTBEAT {datanodeUUID=c83cddd0-22b5-491d-bff0-a36373498de2, command=[]} | ret=SUCCESS |  
2019-08-23 18:29:17,670 | INFO  | DNAudit | user=null | ip=null | op=WRITE_CHUNK {blockData=conID: 3 locID: 102667711784092291 bcsId: 0} | ret=SUCCESS |  
2019-08-23 18:29:17,671 | INFO  | DNAudit | user=null | ip=null | op=PUT_BLOCK {blockData=[blockId=conID: 3 locID: 102667711784092291 bcsId: 0,size=1048576]} | ret=SUCCESS |  
2019-08-23 18:29:17,671 | INFO  | DNAudit | user=null | ip=null | op=WRITE_CHUNK {blockData=conID: 3 locID: 102667711784092291 bcsId: 0} | ret=SUCCESS |  
2019-08-23 18:29:17,671 [grpc-default-executor-3] INFO  client.GrpcClientProtocolClient (GrpcClientProtocolClient.java:onNext(255)) - client-19C32667576E->48affcab-e6e4-4602-963a-f6a50efbd54c: receive RaftClientReply:client-19C32667576E->48affcab-e6e4-4602-963a-f6a50efbd54c@group-50C56EAF5137, cid=2987, SUCCESS, logIndex=4493, commits[48affcab-e6e4-4602-963a-f6a50efbd54c:c4496, 7e391b60-07ae-4d97-a027-4756e468c032:c4492, c5f86d96-67df-4f25-bde3-316f439d30b3:c4492]
2019-08-23 18:29:17,671 | INFO  | DNAudit | user=null | ip=null | op=PUT_BLOCK {blockData=[blockId=conID: 3 locID: 102667711784092291 bcsId: 0,size=2097152]} | ret=SUCCESS |  
2019-08-23 18:29:17,671 [grpc-default-executor-3] INFO  client.GrpcClientProtocolClient (GrpcClientProtocolClient.java:onNext(255)) - client-19C32667576E->48affcab-e6e4-4602-963a-f6a50efbd54c: receive RaftClientReply:client-19C32667576E->48affcab-e6e4-4602-963a-f6a50efbd54c@group-50C56EAF5137, cid=2988, SUCCESS, logIndex=4494, commits[48affcab-e6e4-4602-963a-f6a50efbd54c:c4496, 7e391b60-07ae-4d97-a027-4756e468c032:c4492, c5f86d96-67df-4f25-bde3-316f439d30b3:c4492]
2019-08-23 18:29:17,672 [grpc-default-executor-3] INFO  client.GrpcClientProtocolClient (GrpcClientProtocolClient.java:onNext(255)) - client-19C32667576E->48affcab-e6e4-4602-963a-f6a50efbd54c: receive RaftClientReply:client-19C32667576E->48affcab-e6e4-4602-963a-f6a50efbd54c@group-50C56EAF5137, cid=2989, SUCCESS, logIndex=4495, commits[48affcab-e6e4-4602-963a-f6a50efbd54c:c4496, 7e391b60-07ae-4d97-a027-4756e468c032:c4492, c5f86d96-67df-4f25-bde3-316f439d30b3:c4492]
2019-08-23 18:29:17,672 [grpc-default-executor-3] INFO  client.GrpcClientProtocolClient (GrpcClientProtocolClient.java:onNext(255)) - client-19C32667576E->48affcab-e6e4-4602-963a-f6a50efbd54c: receive RaftClientReply:client-19C32667576E->48affcab-e6e4-4602-963a-f6a50efbd54c@group-50C56EAF5137, cid=2990, SUCCESS, logIndex=4496, commits[48affcab-e6e4-4602-963a-f6a50efbd54c:c4496, 7e391b60-07ae-4d97-a027-4756e468c032:c4492, c5f86d96-67df-4f25-bde3-316f439d30b3:c4492]
2019-08-23 18:29:17,674 | INFO  | DNAudit | user=null | ip=null | op=WRITE_CHUNK {blockData=conID: 3 locID: 102667711784092291 bcsId: 0} | ret=SUCCESS |  
2019-08-23 18:29:17,674 | INFO  | DNAudit | user=null | ip=null | op=PUT_BLOCK {blockData=[blockId=conID: 3 locID: 102667711784092291 bcsId: 0,size=1048576]} | ret=SUCCESS |  
2019-08-23 18:29:17,674 | INFO  | DNAudit | user=null | ip=null | op=WRITE_CHUNK {blockData=conID: 3 locID: 102667711784092291 bcsId: 0} | ret=SUCCESS |  
2019-08-23 18:29:17,674 | INFO  | DNAudit | user=null | ip=null | op=PUT_BLOCK {blockData=[blockId=conID: 3 locID: 102667711784092291 bcsId: 0,size=1048576]} | ret=SUCCESS |  
2019-08-23 18:29:17,674 [grpc-default-executor-3] INFO  client.GrpcClientProtocolClient (GrpcClientProtocolClient.java:onNext(255)) - client-19C32667576E->48affcab-e6e4-4602-963a-f6a50efbd54c: receive RaftClientReply:client-19C32667576E->48affcab-e6e4-4602-963a-f6a50efbd54c@group-50C56EAF5137, cid=2991, SUCCESS, logIndex=0, commits[48affcab-e6e4-4602-963a-f6a50efbd54c:c4497, 7e391b60-07ae-4d97-a027-4756e468c032:c4494, c5f86d96-67df-4f25-bde3-316f439d30b3:c4494]
2019-08-23 18:29:17,679 | INFO  | DNAudit | user=null | ip=null | op=WRITE_CHUNK {blockData=conID: 3 locID: 102667711784092291 bcsId: 4496} | ret=SUCCESS |  
2019-08-23 18:29:17,682 | INFO  | DNAudit | user=null | ip=null | op=WRITE_CHUNK {blockData=conID: 3 locID: 102667711784092291 bcsId: 4496} | ret=SUCCESS |  
2019-08-23 18:29:17,683 | INFO  | DNAudit | user=null | ip=null | op=WRITE_CHUNK {blockData=conID: 3 locID: 102667711784092291 bcsId: 4496} | ret=SUCCESS |  
2019-08-23 18:29:17,687 | INFO  | DNAudit | user=null | ip=null | op=WRITE_CHUNK {blockData=conID: 3 locID: 102667711784092291 bcsId: 0} | ret=SUCCESS |  
2019-08-23 18:29:17,687 | INFO  | DNAudit | user=null | ip=null | op=WRITE_CHUNK {blockData=conID: 3 locID: 102667711784092291 bcsId: 0} | ret=SUCCESS |  
2019-08-23 18:29:17,687 | INFO  | DNAudit | user=null | ip=null | op=PUT_BLOCK {blockData=[blockId=conID: 3 locID: 102667711784092291 bcsId: 0,size=2097152]} | ret=SUCCESS |  
2019-08-23 18:29:17,687 | INFO  | DNAudit | user=null | ip=null | op=PUT_BLOCK {blockData=[blockId=conID: 3 locID: 102667711784092291 bcsId: 0,size=2097152]} | ret=SUCCESS |  
2019-08-23 18:29:17,698 | INFO  | DNAudit | user=null | ip=null | op=WRITE_CHUNK {blockData=conID: 3 locID: 102667711784092291 bcsId: 4496} | ret=SUCCESS |  
2019-08-23 18:29:17,699 | INFO  | DNAudit | user=null | ip=null | op=PUT_BLOCK {blockData=[blockId=conID: 3 locID: 102667711784092291 bcsId: 0,size=3145728]} | ret=SUCCESS |  
2019-08-23 18:29:17,699 [grpc-default-executor-4] INFO  client.GrpcClientProtocolClient (GrpcClientProtocolClient.java:onNext(255)) - client-19C32667576E->48affcab-e6e4-4602-963a-f6a50efbd54c: receive RaftClientReply:client-19C32667576E->48affcab-e6e4-4602-963a-f6a50efbd54c@group-50C56EAF5137, cid=2992, SUCCESS, logIndex=4500, commits[48affcab-e6e4-4602-963a-f6a50efbd54c:c4501, 7e391b60-07ae-4d97-a027-4756e468c032:c4497, c5f86d96-67df-4f25-bde3-316f439d30b3:c4497]
2019-08-23 18:29:17,699 [grpc-default-executor-4] INFO  client.GrpcClientProtocolClient (GrpcClientProtocolClient.java:onNext(255)) - client-19C32667576E->48affcab-e6e4-4602-963a-f6a50efbd54c: receive RaftClientReply:client-19C32667576E->48affcab-e6e4-4602-963a-f6a50efbd54c@group-50C56EAF5137, cid=2993, SUCCESS, logIndex=4501, commits[48affcab-e6e4-4602-963a-f6a50efbd54c:c4501, 7e391b60-07ae-4d97-a027-4756e468c032:c4497, c5f86d96-67df-4f25-bde3-316f439d30b3:c4497]
2019-08-23 18:29:17,704 | INFO  | DNAudit | user=null | ip=null | op=WRITE_CHUNK {blockData=conID: 3 locID: 102667711784092291 bcsId: 4501} | ret=SUCCESS |  
2019-08-23 18:29:17,707 | INFO  | DNAudit | user=null | ip=null | op=WRITE_CHUNK {blockData=conID: 3 locID: 102667711784092291 bcsId: 4501} | ret=SUCCESS |  
2019-08-23 18:29:17,708 | INFO  | DNAudit | user=null | ip=null | op=WRITE_CHUNK {blockData=conID: 3 locID: 102667711784092291 bcsId: 4501} | ret=SUCCESS |  
2019-08-23 18:29:17,708 | INFO  | DNAudit | user=null | ip=null | op=WRITE_CHUNK {blockData=conID: 3 locID: 102667711784092291 bcsId: 4496} | ret=SUCCESS |  
2019-08-23 18:29:17,708 | INFO  | DNAudit | user=null | ip=null | op=WRITE_CHUNK {blockData=conID: 3 locID: 102667711784092291 bcsId: 4496} | ret=SUCCESS |  
2019-08-23 18:29:17,720 | INFO  | DNAudit | user=null | ip=null | op=PUT_BLOCK {blockData=[blockId=conID: 3 locID: 102667711784092291 bcsId: 0,size=3145728]} | ret=SUCCESS |  
2019-08-23 18:29:17,720 | INFO  | DNAudit | user=null | ip=null | op=PUT_BLOCK {blockData=[blockId=conID: 3 locID: 102667711784092291 bcsId: 0,size=3145728]} | ret=SUCCESS |  
2019-08-23 18:29:17,720 | INFO  | DNAudit | user=null | ip=null | op=WRITE_CHUNK {blockData=conID: 3 locID: 102667711784092291 bcsId: 4501} | ret=SUCCESS |  
2019-08-23 18:29:17,721 | INFO  | DNAudit | user=null | ip=null | op=PUT_BLOCK {blockData=[blockId=conID: 3 locID: 102667711784092291 bcsId: 0,size=4194304]} | ret=SUCCESS |  
2019-08-23 18:29:17,721 [grpc-default-executor-0] INFO  client.GrpcClientProtocolClient (GrpcClientProtocolClient.java:onNext(255)) - client-19C32667576E->48affcab-e6e4-4602-963a-f6a50efbd54c: receive RaftClientReply:client-19C32667576E->48affcab-e6e4-4602-963a-f6a50efbd54c@group-50C56EAF5137, cid=2994, SUCCESS, logIndex=4504, commits[48affcab-e6e4-4602-963a-f6a50efbd54c:c4505, 7e391b60-07ae-4d97-a027-4756e468c032:c4501, c5f86d96-67df-4f25-bde3-316f439d30b3:c4501]
2019-08-23 18:29:17,721 [grpc-default-executor-0] INFO  client.GrpcClientProtocolClient (GrpcClientProtocolClient.java:onNext(255)) - client-19C32667576E->48affcab-e6e4-4602-963a-f6a50efbd54c: receive RaftClientReply:client-19C32667576E->48affcab-e6e4-4602-963a-f6a50efbd54c@group-50C56EAF5137, cid=2995, SUCCESS, logIndex=4505, commits[48affcab-e6e4-4602-963a-f6a50efbd54c:c4505, 7e391b60-07ae-4d97-a027-4756e468c032:c4501, c5f86d96-67df-4f25-bde3-316f439d30b3:c4501]
2019-08-23 18:29:17,733 | INFO  | DNAudit | user=null | ip=null | op=WRITE_CHUNK {blockData=conID: 3 locID: 102667711784092291 bcsId: 4501} | ret=SUCCESS |  
2019-08-23 18:29:17,734 | INFO  | DNAudit | user=null | ip=null | op=WRITE_CHUNK {blockData=conID: 3 locID: 102667711784092291 bcsId: 4501} | ret=SUCCESS |  
2019-08-23 18:29:17,734 | INFO  | DNAudit | user=null | ip=null | op=PUT_BLOCK {blockData=[blockId=conID: 3 locID: 102667711784092291 bcsId: 0,size=4194304]} | ret=SUCCESS |  
2019-08-23 18:29:17,734 | INFO  | DNAudit | user=null | ip=null | op=PUT_BLOCK {blockData=[blockId=conID: 3 locID: 102667711784092291 bcsId: 0,size=4194304]} | ret=SUCCESS |  
2019-08-23 18:29:17,734 [grpc-default-executor-0] INFO  client.GrpcClientProtocolClient (GrpcClientProtocolClient.java:onNext(255)) - client-19C32667576E->48affcab-e6e4-4602-963a-f6a50efbd54c: receive RaftClientReply:client-19C32667576E->48affcab-e6e4-4602-963a-f6a50efbd54c@group-50C56EAF5137, cid=2996, SUCCESS, logIndex=0, commits[48affcab-e6e4-4602-963a-f6a50efbd54c:c4506, 7e391b60-07ae-4d97-a027-4756e468c032:c4505, c5f86d96-67df-4f25-bde3-316f439d30b3:c4505]
2019-08-23 18:29:17,739 | INFO  | SCMAudit | user=jenkins1000 | ip=192.168.34.23 | op=ALLOCATE_BLOCK {owner=1ceb8b80-28f1-43fd-86c3-175afc07b8d1, size=4194304, type=RATIS, factor=THREE} | ret=SUCCESS |  
2019-08-23 18:29:17,742 | INFO  | OMAudit | user=jenkins1000 | ip=127.0.0.1 | op=ALLOCATE_BLOCK {volume=vol-0-45438, bucket=bucket-0-23891, key=key-0-22455, dataSize=0, replicationType=null, replicationFactor=null, keyLocationInfo=null, clientID=102667710122492306} | ret=SUCCESS |  
2019-08-23 18:29:17,748 | INFO  | DNAudit | user=null | ip=null | op=WRITE_CHUNK {blockData=conID: 1 locID: 102667711790383748 bcsId: 0} | ret=SUCCESS |  
2019-08-23 18:29:17,751 | INFO  | DNAudit | user=null | ip=null | op=WRITE_CHUNK {blockData=conID: 1 locID: 102667711790383748 bcsId: 0} | ret=SUCCESS |  
2019-08-23 18:29:17,752 | INFO  | DNAudit | user=null | ip=null | op=WRITE_CHUNK {blockData=conID: 1 locID: 102667711790383748 bcsId: 0} | ret=SUCCESS |  
2019-08-23 18:29:17,752 | INFO  | DNAudit | user=null | ip=null | op=WRITE_CHUNK {blockData=conID: 1 locID: 102667711790383748 bcsId: 0} | ret=SUCCESS |  
2019-08-23 18:29:17,753 | INFO  | DNAudit | user=null | ip=null | op=WRITE_CHUNK {blockData=conID: 1 locID: 102667711790383748 bcsId: 0} | ret=SUCCESS |  
2019-08-23 18:29:17,753 | INFO  | DNAudit | user=null | ip=null | op=WRITE_CHUNK {blockData=conID: 1 locID: 102667711790383748 bcsId: 0} | ret=SUCCESS |  
2019-08-23 18:29:17,759 | INFO  | DNAudit | user=null | ip=null | op=WRITE_CHUNK {blockData=conID: 1 locID: 102667711790383748 bcsId: 0} | ret=SUCCESS |  
2019-08-23 18:29:17,759 | INFO  | DNAudit | user=null | ip=null | op=PUT_BLOCK {blockData=[blockId=conID: 1 locID: 102667711790383748 bcsId: 0,size=1048576]} | ret=SUCCESS |  
2019-08-23 18:29:17,760 [grpc-default-executor-0] INFO  client.GrpcClientProtocolClient (GrpcClientProtocolClient.java:onNext(255)) - client-19C32667576E->48affcab-e6e4-4602-963a-f6a50efbd54c: receive RaftClientReply:client-19C32667576E->48affcab-e6e4-4602-963a-f6a50efbd54c@group-50C56EAF5137, cid=2997, SUCCESS, logIndex=4508, commits[48affcab-e6e4-4602-963a-f6a50efbd54c:c4509, 7e391b60-07ae-4d97-a027-4756e468c032:c4507, c5f86d96-67df-4f25-bde3-316f439d30b3:c4507]
2019-08-23 18:29:17,760 [grpc-default-executor-0] INFO  client.GrpcClientProtocolClient (GrpcClientProtocolClient.java:onNext(255)) - client-19C32667576E->48affcab-e6e4-4602-963a-f6a50efbd54c: receive RaftClientReply:client-19C32667576E->48affcab-e6e4-4602-963a-f6a50efbd54c@group-50C56EAF5137, cid=2998, SUCCESS, logIndex=4509, commits[48affcab-e6e4-4602-963a-f6a50efbd54c:c4509, 7e391b60-07ae-4d97-a027-4756e468c032:c4507, c5f86d96-67df-4f25-bde3-316f439d30b3:c4507]
2019-08-23 18:29:17,771 | INFO  | SCMAudit | user=jenkins1000 | ip=192.168.34.23 | op=SEND_HEARTBEAT {datanodeUUID=c5f86d96-67df-4f25-bde3-316f439d30b3, command=[]} | ret=SUCCESS |  
2019-08-23 18:29:17,771 | INFO  | SCMAudit | user=jenkins1000 | ip=192.168.34.23 | op=SEND_HEARTBEAT {datanodeUUID=48affcab-e6e4-4602-963a-f6a50efbd54c, command=[]} | ret=SUCCESS |  
2019-08-23 18:29:17,771 | INFO  | SCMAudit | user=jenkins1000 | ip=192.168.34.23 | op=SEND_HEARTBEAT {datanodeUUID=7e391b60-07ae-4d97-a027-4756e468c032, command=[]} | ret=SUCCESS |  
2019-08-23 18:29:17,772 | INFO  | DNAudit | user=null | ip=null | op=WRITE_CHUNK {blockData=conID: 1 locID: 102667711790383748 bcsId: 0} | ret=SUCCESS |  
2019-08-23 18:29:17,772 | INFO  | SCMAudit | user=jenkins1000 | ip=192.168.34.23 | op=SEND_HEARTBEAT {datanodeUUID=58706fd2-d7f7-4771-af80-9e0541495c87, command=[]} | ret=SUCCESS |  
2019-08-23 18:29:17,772 | INFO  | DNAudit | user=null | ip=null | op=PUT_BLOCK {blockData=[blockId=conID: 1 locID: 102667711790383748 bcsId: 0,size=2097152]} | ret=SUCCESS |  
2019-08-23 18:29:17,772 [grpc-default-executor-4] INFO  client.GrpcClientProtocolClient (GrpcClientProtocolClient.java:onNext(255)) - client-19C32667576E->48affcab-e6e4-4602-963a-f6a50efbd54c: receive RaftClientReply:client-19C32667576E->48affcab-e6e4-4602-963a-f6a50efbd54c@group-50C56EAF5137, cid=2999, SUCCESS, logIndex=4510, commits[48affcab-e6e4-4602-963a-f6a50efbd54c:c4511, 7e391b60-07ae-4d97-a027-4756e468c032:c4507, c5f86d96-67df-4f25-bde3-316f439d30b3:c4507]
2019-08-23 18:29:17,772 [grpc-default-executor-4] INFO  client.GrpcClientProtocolClient (GrpcClientProtocolClient.java:onNext(255)) - client-19C32667576E->48affcab-e6e4-4602-963a-f6a50efbd54c: receive RaftClientReply:client-19C32667576E->48affcab-e6e4-4602-963a-f6a50efbd54c@group-50C56EAF5137, cid=3000, SUCCESS, logIndex=4511, commits[48affcab-e6e4-4602-963a-f6a50efbd54c:c4511, 7e391b60-07ae-4d97-a027-4756e468c032:c4507, c5f86d96-67df-4f25-bde3-316f439d30b3:c4507]
2019-08-23 18:29:17,784 | INFO  | DNAudit | user=null | ip=null | op=WRITE_CHUNK {blockData=conID: 1 locID: 102667711790383748 bcsId: 0} | ret=SUCCESS |  
2019-08-23 18:29:17,784 | INFO  | DNAudit | user=null | ip=null | op=WRITE_CHUNK {blockData=conID: 1 locID: 102667711790383748 bcsId: 0} | ret=SUCCESS |  
2019-08-23 18:29:17,784 | INFO  | DNAudit | user=null | ip=null | op=PUT_BLOCK {blockData=[blockId=conID: 1 locID: 102667711790383748 bcsId: 0,size=1048576]} | ret=SUCCESS |  
2019-08-23 18:29:17,784 | INFO  | DNAudit | user=null | ip=null | op=PUT_BLOCK {blockData=[blockId=conID: 1 locID: 102667711790383748 bcsId: 0,size=1048576]} | ret=SUCCESS |  
2019-08-23 18:29:17,785 [grpc-default-executor-4] INFO  client.GrpcClientProtocolClient (GrpcClientProtocolClient.java:onNext(255)) - client-19C32667576E->48affcab-e6e4-4602-963a-f6a50efbd54c: receive RaftClientReply:client-19C32667576E->48affcab-e6e4-4602-963a-f6a50efbd54c@group-50C56EAF5137, cid=3001, SUCCESS, logIndex=0, commits[48affcab-e6e4-4602-963a-f6a50efbd54c:c4513, 7e391b60-07ae-4d97-a027-4756e468c032:c4509, c5f86d96-67df-4f25-bde3-316f439d30b3:c4509]
2019-08-23 18:29:17,790 | INFO  | DNAudit | user=null | ip=null | op=WRITE_CHUNK {blockData=conID: 1 locID: 102667711790383748 bcsId: 4511} | ret=SUCCESS |  
2019-08-23 18:29:17,793 | INFO  | DNAudit | user=null | ip=null | op=WRITE_CHUNK {blockData=conID: 1 locID: 102667711790383748 bcsId: 4511} | ret=SUCCESS |  
2019-08-23 18:29:17,793 | INFO  | DNAudit | user=null | ip=null | op=WRITE_CHUNK {blockData=conID: 1 locID: 102667711790383748 bcsId: 4511} | ret=SUCCESS |  
2019-08-23 18:29:17,796 | INFO  | DNAudit | user=null | ip=null | op=WRITE_CHUNK {blockData=conID: 1 locID: 102667711790383748 bcsId: 0} | ret=SUCCESS |  
2019-08-23 18:29:17,797 | INFO  | DNAudit | user=null | ip=null | op=WRITE_CHUNK {blockData=conID: 1 locID: 102667711790383748 bcsId: 0} | ret=SUCCESS |  
2019-08-23 18:29:17,797 | INFO  | DNAudit | user=null | ip=null | op=PUT_BLOCK {blockData=[blockId=conID: 1 locID: 102667711790383748 bcsId: 0,size=2097152]} | ret=SUCCESS |  
2019-08-23 18:29:17,797 | INFO  | DNAudit | user=null | ip=null | op=PUT_BLOCK {blockData=[blockId=conID: 1 locID: 102667711790383748 bcsId: 0,size=2097152]} | ret=SUCCESS |  
2019-08-23 18:29:17,810 | INFO  | DNAudit | user=null | ip=null | op=WRITE_CHUNK {blockData=conID: 1 locID: 102667711790383748 bcsId: 4511} | ret=SUCCESS |  
2019-08-23 18:29:17,810 | INFO  | DNAudit | user=null | ip=null | op=PUT_BLOCK {blockData=[blockId=conID: 1 locID: 102667711790383748 bcsId: 0,size=3145728]} | ret=SUCCESS |  
2019-08-23 18:29:17,810 [grpc-default-executor-0] INFO  client.GrpcClientProtocolClient (GrpcClientProtocolClient.java:onNext(255)) - client-19C32667576E->48affcab-e6e4-4602-963a-f6a50efbd54c: receive RaftClientReply:client-19C32667576E->48affcab-e6e4-4602-963a-f6a50efbd54c@group-50C56EAF5137, cid=3002, SUCCESS, logIndex=4516, commits[48affcab-e6e4-4602-963a-f6a50efbd54c:c4517, 7e391b60-07ae-4d97-a027-4756e468c032:c4513, c5f86d96-67df-4f25-bde3-316f439d30b3:c4513]
2019-08-23 18:29:17,811 [grpc-default-executor-0] INFO  client.GrpcClientProtocolClient (GrpcClientProtocolClient.java:onNext(255)) - client-19C32667576E->48affcab-e6e4-4602-963a-f6a50efbd54c: receive RaftClientReply:client-19C32667576E->48affcab-e6e4-4602-963a-f6a50efbd54c@group-50C56EAF5137, cid=3003, SUCCESS, logIndex=4517, commits[48affcab-e6e4-4602-963a-f6a50efbd54c:c4517, 7e391b60-07ae-4d97-a027-4756e468c032:c4513, c5f86d96-67df-4f25-bde3-316f439d30b3:c4513]
2019-08-23 18:29:17,816 | INFO  | DNAudit | user=null | ip=null | op=WRITE_CHUNK {blockData=conID: 1 locID: 102667711790383748 bcsId: 4517} | ret=SUCCESS |  
2019-08-23 18:29:17,819 | INFO  | DNAudit | user=null | ip=null | op=WRITE_CHUNK {blockData=conID: 1 locID: 102667711790383748 bcsId: 4517} | ret=SUCCESS |  
2019-08-23 18:29:17,820 | INFO  | DNAudit | user=null | ip=null | op=WRITE_CHUNK {blockData=conID: 1 locID: 102667711790383748 bcsId: 4517} | ret=SUCCESS |  
2019-08-23 18:29:17,822 | INFO  | DNAudit | user=null | ip=null | op=WRITE_CHUNK {blockData=conID: 1 locID: 102667711790383748 bcsId: 4511} | ret=SUCCESS |  
2019-08-23 18:29:17,822 | INFO  | DNAudit | user=null | ip=null | op=WRITE_CHUNK {blockData=conID: 1 locID: 102667711790383748 bcsId: 4511} | ret=SUCCESS |  
2019-08-23 18:29:17,822 | INFO  | DNAudit | user=null | ip=null | op=PUT_BLOCK {blockData=[blockId=conID: 1 locID: 102667711790383748 bcsId: 0,size=3145728]} | ret=SUCCESS |  
2019-08-23 18:29:17,822 | INFO  | DNAudit | user=null | ip=null | op=PUT_BLOCK {blockData=[blockId=conID: 1 locID: 102667711790383748 bcsId: 0,size=3145728]} | ret=SUCCESS |  
2019-08-23 18:29:17,833 | INFO  | DNAudit | user=null | ip=null | op=WRITE_CHUNK {blockData=conID: 1 locID: 102667711790383748 bcsId: 4517} | ret=SUCCESS |  
2019-08-23 18:29:17,833 | INFO  | DNAudit | user=null | ip=null | op=PUT_BLOCK {blockData=[blockId=conID: 1 locID: 102667711790383748 bcsId: 0,size=4194304]} | ret=SUCCESS |  
2019-08-23 18:29:17,834 [grpc-default-executor-0] INFO  client.GrpcClientProtocolClient (GrpcClientProtocolClient.java:onNext(255)) - client-19C32667576E->48affcab-e6e4-4602-963a-f6a50efbd54c: receive RaftClientReply:client-19C32667576E->48affcab-e6e4-4602-963a-f6a50efbd54c@group-50C56EAF5137, cid=3004, SUCCESS, logIndex=4520, commits[48affcab-e6e4-4602-963a-f6a50efbd54c:c4521, 7e391b60-07ae-4d97-a027-4756e468c032:c4517, c5f86d96-67df-4f25-bde3-316f439d30b3:c4517]
2019-08-23 18:29:17,834 [grpc-default-executor-0] INFO  client.GrpcClientProtocolClient (GrpcClientProtocolClient.java:onNext(255)) - client-19C32667576E->48affcab-e6e4-4602-963a-f6a50efbd54c: receive RaftClientReply:client-19C32667576E->48affcab-e6e4-4602-963a-f6a50efbd54c@group-50C56EAF5137, cid=3005, SUCCESS, logIndex=4521, commits[48affcab-e6e4-4602-963a-f6a50efbd54c:c4521, 7e391b60-07ae-4d97-a027-4756e468c032:c4517, c5f86d96-67df-4f25-bde3-316f439d30b3:c4517]
2019-08-23 18:29:17,846 | INFO  | DNAudit | user=null | ip=null | op=WRITE_CHUNK {blockData=conID: 1 locID: 102667711790383748 bcsId: 4517} | ret=SUCCESS |  
2019-08-23 18:29:17,848 | INFO  | DNAudit | user=null | ip=null | op=WRITE_CHUNK {blockData=conID: 1 locID: 102667711790383748 bcsId: 4517} | ret=SUCCESS |  
2019-08-23 18:29:17,859 | INFO  | DNAudit | user=null | ip=null | op=PUT_BLOCK {blockData=[blockId=conID: 1 locID: 102667711790383748 bcsId: 0,size=4194304]} | ret=SUCCESS |  
2019-08-23 18:29:17,860 | INFO  | DNAudit | user=null | ip=null | op=PUT_BLOCK {blockData=[blockId=conID: 1 locID: 102667711790383748 bcsId: 0,size=4194304]} | ret=SUCCESS |  
2019-08-23 18:29:17,860 [grpc-default-executor-0] INFO  client.GrpcClientProtocolClient (GrpcClientProtocolClient.java:onNext(255)) - client-19C32667576E->48affcab-e6e4-4602-963a-f6a50efbd54c: receive RaftClientReply:client-19C32667576E->48affcab-e6e4-4602-963a-f6a50efbd54c@group-50C56EAF5137, cid=3006, SUCCESS, logIndex=0, commits[48affcab-e6e4-4602-963a-f6a50efbd54c:c4523, 7e391b60-07ae-4d97-a027-4756e468c032:c4521, c5f86d96-67df-4f25-bde3-316f439d30b3:c4521]
2019-08-23 18:29:17,866 | INFO  | SCMAudit | user=jenkins1000 | ip=192.168.34.23 | op=ALLOCATE_BLOCK {owner=1ceb8b80-28f1-43fd-86c3-175afc07b8d1, size=4194304, type=RATIS, factor=THREE} | ret=SUCCESS |  
2019-08-23 18:29:17,870 | INFO  | OMAudit | user=jenkins1000 | ip=127.0.0.1 | op=ALLOCATE_BLOCK {volume=vol-0-45438, bucket=bucket-0-23891, key=key-0-22455, dataSize=0, replicationType=null, replicationFactor=null, keyLocationInfo=null, clientID=102667710122492306} | ret=SUCCESS |  
2019-08-23 18:29:17,876 | INFO  | DNAudit | user=null | ip=null | op=WRITE_CHUNK {blockData=conID: 2 locID: 102667711798706821 bcsId: 0} | ret=SUCCESS |  
2019-08-23 18:29:17,878 | INFO  | DNAudit | user=null | ip=null | op=WRITE_CHUNK {blockData=conID: 2 locID: 102667711798706821 bcsId: 0} | ret=SUCCESS |  
2019-08-23 18:29:17,878 | INFO  | DNAudit | user=null | ip=null | op=WRITE_CHUNK {blockData=conID: 2 locID: 102667711798706821 bcsId: 0} | ret=SUCCESS |  
2019-08-23 18:29:17,878 | INFO  | DNAudit | user=null | ip=null | op=WRITE_CHUNK {blockData=conID: 2 locID: 102667711798706821 bcsId: 0} | ret=SUCCESS |  
2019-08-23 18:29:17,881 | INFO  | DNAudit | user=null | ip=null | op=WRITE_CHUNK {blockData=conID: 2 locID: 102667711798706821 bcsId: 0} | ret=SUCCESS |  
2019-08-23 18:29:17,881 | INFO  | DNAudit | user=null | ip=null | op=WRITE_CHUNK {blockData=conID: 2 locID: 102667711798706821 bcsId: 0} | ret=SUCCESS |  
2019-08-23 18:29:17,884 | INFO  | DNAudit | user=null | ip=null | op=WRITE_CHUNK {blockData=conID: 2 locID: 102667711798706821 bcsId: 0} | ret=SUCCESS |  
2019-08-23 18:29:17,884 | INFO  | DNAudit | user=null | ip=null | op=PUT_BLOCK {blockData=[blockId=conID: 2 locID: 102667711798706821 bcsId: 0,size=1048576]} | ret=SUCCESS |  
2019-08-23 18:29:17,884 [grpc-default-executor-0] INFO  client.GrpcClientProtocolClient (GrpcClientProtocolClient.java:onNext(255)) - client-19C32667576E->48affcab-e6e4-4602-963a-f6a50efbd54c: receive RaftClientReply:client-19C32667576E->48affcab-e6e4-4602-963a-f6a50efbd54c@group-50C56EAF5137, cid=3007, SUCCESS, logIndex=4524, commits[48affcab-e6e4-4602-963a-f6a50efbd54c:c4525, 7e391b60-07ae-4d97-a027-4756e468c032:c4523, c5f86d96-67df-4f25-bde3-316f439d30b3:c4523]
2019-08-23 18:29:17,885 [grpc-default-executor-0] INFO  client.GrpcClientProtocolClient (GrpcClientProtocolClient.java:onNext(255)) - client-19C32667576E->48affcab-e6e4-4602-963a-f6a50efbd54c: receive RaftClientReply:client-19C32667576E->48affcab-e6e4-4602-963a-f6a50efbd54c@group-50C56EAF5137, cid=3008, SUCCESS, logIndex=4525, commits[48affcab-e6e4-4602-963a-f6a50efbd54c:c4525, 7e391b60-07ae-4d97-a027-4756e468c032:c4523, c5f86d96-67df-4f25-bde3-316f439d30b3:c4523]
2019-08-23 18:29:17,895 | INFO  | DNAudit | user=null | ip=null | op=WRITE_CHUNK {blockData=conID: 2 locID: 102667711798706821 bcsId: 0} | ret=SUCCESS |  
2019-08-23 18:29:17,895 | INFO  | DNAudit | user=null | ip=null | op=PUT_BLOCK {blockData=[blockId=conID: 2 locID: 102667711798706821 bcsId: 0,size=2097152]} | ret=SUCCESS |  
2019-08-23 18:29:17,896 [grpc-default-executor-0] INFO  client.GrpcClientProtocolClient (GrpcClientProtocolClient.java:onNext(255)) - client-19C32667576E->48affcab-e6e4-4602-963a-f6a50efbd54c: receive RaftClientReply:client-19C32667576E->48affcab-e6e4-4602-963a-f6a50efbd54c@group-50C56EAF5137, cid=3009, SUCCESS, logIndex=4526, commits[48affcab-e6e4-4602-963a-f6a50efbd54c:c4527, 7e391b60-07ae-4d97-a027-4756e468c032:c4523, c5f86d96-67df-4f25-bde3-316f439d30b3:c4523]
2019-08-23 18:29:17,896 [grpc-default-executor-0] INFO  client.GrpcClientProtocolClient (GrpcClientProtocolClient.java:onNext(255)) - client-19C32667576E->48affcab-e6e4-4602-963a-f6a50efbd54c: receive RaftClientReply:client-19C32667576E->48affcab-e6e4-4602-963a-f6a50efbd54c@group-50C56EAF5137, cid=3010, SUCCESS, logIndex=4527, commits[48affcab-e6e4-4602-963a-f6a50efbd54c:c4527, 7e391b60-07ae-4d97-a027-4756e468c032:c4523, c5f86d96-67df-4f25-bde3-316f439d30b3:c4523]
2019-08-23 18:29:17,907 | INFO  | DNAudit | user=null | ip=null | op=WRITE_CHUNK {blockData=conID: 2 locID: 102667711798706821 bcsId: 0} | ret=SUCCESS |  
2019-08-23 18:29:17,908 | INFO  | DNAudit | user=null | ip=null | op=PUT_BLOCK {blockData=[blockId=conID: 2 locID: 102667711798706821 bcsId: 0,size=1048576]} | ret=SUCCESS |  
2019-08-23 18:29:17,909 | INFO  | DNAudit | user=null | ip=null | op=WRITE_CHUNK {blockData=conID: 2 locID: 102667711798706821 bcsId: 0} | ret=SUCCESS |  
2019-08-23 18:29:17,910 | INFO  | DNAudit | user=null | ip=null | op=PUT_BLOCK {blockData=[blockId=conID: 2 locID: 102667711798706821 bcsId: 0,size=1048576]} | ret=SUCCESS |  
2019-08-23 18:29:17,910 | INFO  | DNAudit | user=null | ip=null | op=WRITE_CHUNK {blockData=conID: 2 locID: 102667711798706821 bcsId: 0} | ret=SUCCESS |  
2019-08-23 18:29:17,910 | INFO  | DNAudit | user=null | ip=null | op=PUT_BLOCK {blockData=[blockId=conID: 2 locID: 102667711798706821 bcsId: 0,size=2097152]} | ret=SUCCESS |  
2019-08-23 18:29:17,910 [grpc-default-executor-0] INFO  client.GrpcClientProtocolClient (GrpcClientProtocolClient.java:onNext(255)) - client-19C32667576E->48affcab-e6e4-4602-963a-f6a50efbd54c: receive RaftClientReply:client-19C32667576E->48affcab-e6e4-4602-963a-f6a50efbd54c@group-50C56EAF5137, cid=3011, SUCCESS, logIndex=0, commits[48affcab-e6e4-4602-963a-f6a50efbd54c:c4528, 7e391b60-07ae-4d97-a027-4756e468c032:c4525, c5f86d96-67df-4f25-bde3-316f439d30b3:c4525]
2019-08-23 18:29:17,916 | INFO  | DNAudit | user=null | ip=null | op=WRITE_CHUNK {blockData=conID: 2 locID: 102667711798706821 bcsId: 4527} | ret=SUCCESS |  
2019-08-23 18:29:17,918 | INFO  | DNAudit | user=null | ip=null | op=WRITE_CHUNK {blockData=conID: 2 locID: 102667711798706821 bcsId: 4527} | ret=SUCCESS |  
2019-08-23 18:29:17,919 | INFO  | DNAudit | user=null | ip=null | op=WRITE_CHUNK {blockData=conID: 2 locID: 102667711798706821 bcsId: 4527} | ret=SUCCESS |  
2019-08-23 18:29:17,920 | INFO  | DNAudit | user=null | ip=null | op=WRITE_CHUNK {blockData=conID: 2 locID: 102667711798706821 bcsId: 0} | ret=SUCCESS |  
2019-08-23 18:29:17,920 | INFO  | DNAudit | user=null | ip=null | op=PUT_BLOCK {blockData=[blockId=conID: 2 locID: 102667711798706821 bcsId: 0,size=2097152]} | ret=SUCCESS |  
2019-08-23 18:29:17,922 | INFO  | DNAudit | user=null | ip=null | op=WRITE_CHUNK {blockData=conID: 2 locID: 102667711798706821 bcsId: 4527} | ret=SUCCESS |  
2019-08-23 18:29:17,922 | INFO  | DNAudit | user=null | ip=null | op=PUT_BLOCK {blockData=[blockId=conID: 2 locID: 102667711798706821 bcsId: 0,size=3145728]} | ret=SUCCESS |  
2019-08-23 18:29:17,923 [grpc-default-executor-0] INFO  client.GrpcClientProtocolClient (GrpcClientProtocolClient.java:onNext(255)) - client-19C32667576E->48affcab-e6e4-4602-963a-f6a50efbd54c: receive RaftClientReply:client-19C32667576E->48affcab-e6e4-4602-963a-f6a50efbd54c@group-50C56EAF5137, cid=3012, SUCCESS, logIndex=4531, commits[48affcab-e6e4-4602-963a-f6a50efbd54c:c4532, 7e391b60-07ae-4d97-a027-4756e468c032:c4527, c5f86d96-67df-4f25-bde3-316f439d30b3:c4530]
2019-08-23 18:29:17,923 [grpc-default-executor-0] INFO  client.GrpcClientProtocolClient (GrpcClientProtocolClient.java:onNext(255)) - client-19C32667576E->48affcab-e6e4-4602-963a-f6a50efbd54c: receive RaftClientReply:client-19C32667576E->48affcab-e6e4-4602-963a-f6a50efbd54c@group-50C56EAF5137, cid=3013, SUCCESS, logIndex=4532, commits[48affcab-e6e4-4602-963a-f6a50efbd54c:c4532, 7e391b60-07ae-4d97-a027-4756e468c032:c4527, c5f86d96-67df-4f25-bde3-316f439d30b3:c4530]
2019-08-23 18:29:17,929 | INFO  | DNAudit | user=null | ip=null | op=WRITE_CHUNK {blockData=conID: 2 locID: 102667711798706821 bcsId: 4532} | ret=SUCCESS |  
2019-08-23 18:29:17,930 | INFO  | DNAudit | user=null | ip=null | op=WRITE_CHUNK {blockData=conID: 2 locID: 102667711798706821 bcsId: 4532} | ret=SUCCESS |  
2019-08-23 18:29:17,930 | INFO  | DNAudit | user=null | ip=null | op=WRITE_CHUNK {blockData=conID: 2 locID: 102667711798706821 bcsId: 4532} | ret=SUCCESS |  
2019-08-23 18:29:17,934 | INFO  | DNAudit | user=null | ip=null | op=WRITE_CHUNK {blockData=conID: 2 locID: 102667711798706821 bcsId: 4527} | ret=SUCCESS |  
2019-08-23 18:29:17,935 | INFO  | DNAudit | user=null | ip=null | op=PUT_BLOCK {blockData=[blockId=conID: 2 locID: 102667711798706821 bcsId: 0,size=3145728]} | ret=SUCCESS |  
2019-08-23 18:29:17,936 | INFO  | DNAudit | user=null | ip=null | op=WRITE_CHUNK {blockData=conID: 2 locID: 102667711798706821 bcsId: 4527} | ret=SUCCESS |  
2019-08-23 18:29:17,936 | INFO  | DNAudit | user=null | ip=null | op=PUT_BLOCK {blockData=[blockId=conID: 2 locID: 102667711798706821 bcsId: 0,size=3145728]} | ret=SUCCESS |  
2019-08-23 18:29:17,938 | INFO  | DNAudit | user=null | ip=null | op=WRITE_CHUNK {blockData=conID: 2 locID: 102667711798706821 bcsId: 4532} | ret=SUCCESS |  
2019-08-23 18:29:17,938 | INFO  | DNAudit | user=null | ip=null | op=PUT_BLOCK {blockData=[blockId=conID: 2 locID: 102667711798706821 bcsId: 0,size=4194304]} | ret=SUCCESS |  
2019-08-23 18:29:17,938 [grpc-default-executor-0] INFO  client.GrpcClientProtocolClient (GrpcClientProtocolClient.java:onNext(255)) - client-19C32667576E->48affcab-e6e4-4602-963a-f6a50efbd54c: receive RaftClientReply:client-19C32667576E->48affcab-e6e4-4602-963a-f6a50efbd54c@group-50C56EAF5137, cid=3014, SUCCESS, logIndex=4535, commits[48affcab-e6e4-4602-963a-f6a50efbd54c:c4536, 7e391b60-07ae-4d97-a027-4756e468c032:c4532, c5f86d96-67df-4f25-bde3-316f439d30b3:c4532]
2019-08-23 18:29:17,939 [grpc-default-executor-0] INFO  client.GrpcClientProtocolClient (GrpcClientProtocolClient.java:onNext(255)) - client-19C32667576E->48affcab-e6e4-4602-963a-f6a50efbd54c: receive RaftClientReply:client-19C32667576E->48affcab-e6e4-4602-963a-f6a50efbd54c@group-50C56EAF5137, cid=3015, SUCCESS, logIndex=4536, commits[48affcab-e6e4-4602-963a-f6a50efbd54c:c4536, 7e391b60-07ae-4d97-a027-4756e468c032:c4532, c5f86d96-67df-4f25-bde3-316f439d30b3:c4532]
2019-08-23 18:29:17,943 | INFO  | DNAudit | user=null | ip=null | op=WRITE_CHUNK {blockData=conID: 2 locID: 102667711798706821 bcsId: 4532} | ret=SUCCESS |  
2019-08-23 18:29:17,943 | INFO  | DNAudit | user=null | ip=null | op=WRITE_CHUNK {blockData=conID: 2 locID: 102667711798706821 bcsId: 4532} | ret=SUCCESS |  
2019-08-23 18:29:17,943 | INFO  | DNAudit | user=null | ip=null | op=PUT_BLOCK {blockData=[blockId=conID: 2 locID: 102667711798706821 bcsId: 0,size=4194304]} | ret=SUCCESS |  
2019-08-23 18:29:17,944 | INFO  | DNAudit | user=null | ip=null | op=PUT_BLOCK {blockData=[blockId=conID: 2 locID: 102667711798706821 bcsId: 0,size=4194304]} | ret=SUCCESS |  
2019-08-23 18:29:17,944 [grpc-default-executor-0] INFO  client.GrpcClientProtocolClient (GrpcClientProtocolClient.java:onNext(255)) - client-19C32667576E->48affcab-e6e4-4602-963a-f6a50efbd54c: receive RaftClientReply:client-19C32667576E->48affcab-e6e4-4602-963a-f6a50efbd54c@group-50C56EAF5137, cid=3016, SUCCESS, logIndex=0, commits[48affcab-e6e4-4602-963a-f6a50efbd54c:c4537, 7e391b60-07ae-4d97-a027-4756e468c032:c4536, c5f86d96-67df-4f25-bde3-316f439d30b3:c4536]
2019-08-23 18:29:17,949 | INFO  | SCMAudit | user=jenkins1000 | ip=192.168.34.23 | op=ALLOCATE_BLOCK {owner=1ceb8b80-28f1-43fd-86c3-175afc07b8d1, size=4194304, type=RATIS, factor=THREE} | ret=SUCCESS |  
2019-08-23 18:29:17,952 | INFO  | OMAudit | user=jenkins1000 | ip=127.0.0.1 | op=ALLOCATE_BLOCK {volume=vol-0-45438, bucket=bucket-0-23891, key=key-0-22455, dataSize=0, replicationType=null, replicationFactor=null, keyLocationInfo=null, clientID=102667710122492306} | ret=SUCCESS |  
2019-08-23 18:29:17,958 | INFO  | DNAudit | user=null | ip=null | op=WRITE_CHUNK {blockData=conID: 3 locID: 102667711804146310 bcsId: 0} | ret=SUCCESS |  
2019-08-23 18:29:17,960 | INFO  | DNAudit | user=null | ip=null | op=WRITE_CHUNK {blockData=conID: 3 locID: 102667711804146310 bcsId: 0} | ret=SUCCESS |  
2019-08-23 18:29:17,960 | INFO  | DNAudit | user=null | ip=null | op=WRITE_CHUNK {blockData=conID: 3 locID: 102667711804146310 bcsId: 0} | ret=SUCCESS |  
2019-08-23 18:29:17,960 | INFO  | DNAudit | user=null | ip=null | op=WRITE_CHUNK {blockData=conID: 3 locID: 102667711804146310 bcsId: 0} | ret=SUCCESS |  
2019-08-23 18:29:17,962 | INFO  | DNAudit | user=null | ip=null | op=WRITE_CHUNK {blockData=conID: 3 locID: 102667711804146310 bcsId: 0} | ret=SUCCESS |  
2019-08-23 18:29:17,962 | INFO  | DNAudit | user=null | ip=null | op=WRITE_CHUNK {blockData=conID: 3 locID: 102667711804146310 bcsId: 0} | ret=SUCCESS |  
2019-08-23 18:29:17,967 | INFO  | DNAudit | user=null | ip=null | op=WRITE_CHUNK {blockData=conID: 3 locID: 102667711804146310 bcsId: 0} | ret=SUCCESS |  
2019-08-23 18:29:17,967 | INFO  | DNAudit | user=null | ip=null | op=PUT_BLOCK {blockData=[blockId=conID: 3 locID: 102667711804146310 bcsId: 0,size=1048576]} | ret=SUCCESS |  
2019-08-23 18:29:17,968 [grpc-default-executor-0] INFO  client.GrpcClientProtocolClient (GrpcClientProtocolClient.java:onNext(255)) - client-19C32667576E->48affcab-e6e4-4602-963a-f6a50efbd54c: receive RaftClientReply:client-19C32667576E->48affcab-e6e4-4602-963a-f6a50efbd54c@group-50C56EAF5137, cid=3017, SUCCESS, logIndex=4538, commits[48affcab-e6e4-4602-963a-f6a50efbd54c:c4539, 7e391b60-07ae-4d97-a027-4756e468c032:c4537, c5f86d96-67df-4f25-bde3-316f439d30b3:c4537]
2019-08-23 18:29:17,968 [grpc-default-executor-0] INFO  client.GrpcClientProtocolClient (GrpcClientProtocolClient.java:onNext(255)) - client-19C32667576E->48affcab-e6e4-4602-963a-f6a50efbd54c: receive RaftClientReply:client-19C32667576E->48affcab-e6e4-4602-963a-f6a50efbd54c@group-50C56EAF5137, cid=3018, SUCCESS, logIndex=4539, commits[48affcab-e6e4-4602-963a-f6a50efbd54c:c4539, 7e391b60-07ae-4d97-a027-4756e468c032:c4537, c5f86d96-67df-4f25-bde3-316f439d30b3:c4537]
2019-08-23 18:29:17,978 | INFO  | DNAudit | user=null | ip=null | op=WRITE_CHUNK {blockData=conID: 3 locID: 102667711804146310 bcsId: 0} | ret=SUCCESS |  
2019-08-23 18:29:17,979 | INFO  | DNAudit | user=null | ip=null | op=PUT_BLOCK {blockData=[blockId=conID: 3 locID: 102667711804146310 bcsId: 0,size=2097152]} | ret=SUCCESS |  
2019-08-23 18:29:17,979 [grpc-default-executor-4] INFO  client.GrpcClientProtocolClient (GrpcClientProtocolClient.java:onNext(255)) - client-19C32667576E->48affcab-e6e4-4602-963a-f6a50efbd54c: receive RaftClientReply:client-19C32667576E->48affcab-e6e4-4602-963a-f6a50efbd54c@group-50C56EAF5137, cid=3019, SUCCESS, logIndex=4540, commits[48affcab-e6e4-4602-963a-f6a50efbd54c:c4541, 7e391b60-07ae-4d97-a027-4756e468c032:c4537, c5f86d96-67df-4f25-bde3-316f439d30b3:c4537]
2019-08-23 18:29:17,979 [grpc-default-executor-4] INFO  client.GrpcClientProtocolClient (GrpcClientProtocolClient.java:onNext(255)) - client-19C32667576E->48affcab-e6e4-4602-963a-f6a50efbd54c: receive RaftClientReply:client-19C32667576E->48affcab-e6e4-4602-963a-f6a50efbd54c@group-50C56EAF5137, cid=3020, SUCCESS, logIndex=4541, commits[48affcab-e6e4-4602-963a-f6a50efbd54c:c4541, 7e391b60-07ae-4d97-a027-4756e468c032:c4537, c5f86d96-67df-4f25-bde3-316f439d30b3:c4537]
2019-08-23 18:29:17,991 | INFO  | DNAudit | user=null | ip=null | op=WRITE_CHUNK {blockData=conID: 3 locID: 102667711804146310 bcsId: 0} | ret=SUCCESS |  
2019-08-23 18:29:17,991 | INFO  | DNAudit | user=null | ip=null | op=PUT_BLOCK {blockData=[blockId=conID: 3 locID: 102667711804146310 bcsId: 0,size=1048576]} | ret=SUCCESS |  
2019-08-23 18:29:17,993 | INFO  | DNAudit | user=null | ip=null | op=WRITE_CHUNK {blockData=conID: 3 locID: 102667711804146310 bcsId: 0} | ret=SUCCESS |  
2019-08-23 18:29:17,993 | INFO  | DNAudit | user=null | ip=null | op=PUT_BLOCK {blockData=[blockId=conID: 3 locID: 102667711804146310 bcsId: 0,size=1048576]} | ret=SUCCESS |  
2019-08-23 18:29:17,993 | INFO  | DNAudit | user=null | ip=null | op=WRITE_CHUNK {blockData=conID: 3 locID: 102667711804146310 bcsId: 0} | ret=SUCCESS |  
2019-08-23 18:29:17,994 | INFO  | DNAudit | user=null | ip=null | op=PUT_BLOCK {blockData=[blockId=conID: 3 locID: 102667711804146310 bcsId: 0,size=2097152]} | ret=SUCCESS |  
2019-08-23 18:29:17,994 [grpc-default-executor-4] INFO  client.GrpcClientProtocolClient (GrpcClientProtocolClient.java:onNext(255)) - client-19C32667576E->48affcab-e6e4-4602-963a-f6a50efbd54c: receive RaftClientReply:client-19C32667576E->48affcab-e6e4-4602-963a-f6a50efbd54c@group-50C56EAF5137, cid=3021, SUCCESS, logIndex=0, commits[48affcab-e6e4-4602-963a-f6a50efbd54c:c4542, 7e391b60-07ae-4d97-a027-4756e468c032:c4539, c5f86d96-67df-4f25-bde3-316f439d30b3:c4539]
2019-08-23 18:29:18,000 | INFO  | DNAudit | user=null | ip=null | op=WRITE_CHUNK {blockData=conID: 3 locID: 102667711804146310 bcsId: 4541} | ret=SUCCESS |  
2019-08-23 18:29:18,002 | INFO  | DNAudit | user=null | ip=null | op=WRITE_CHUNK {blockData=conID: 3 locID: 102667711804146310 bcsId: 4541} | ret=SUCCESS |  
2019-08-23 18:29:18,003 | INFO  | DNAudit | user=null | ip=null | op=WRITE_CHUNK {blockData=conID: 3 locID: 102667711804146310 bcsId: 4541} | ret=SUCCESS |  
2019-08-23 18:29:18,004 | INFO  | DNAudit | user=null | ip=null | op=WRITE_CHUNK {blockData=conID: 3 locID: 102667711804146310 bcsId: 0} | ret=SUCCESS |  
2019-08-23 18:29:18,004 | INFO  | DNAudit | user=null | ip=null | op=PUT_BLOCK {blockData=[blockId=conID: 3 locID: 102667711804146310 bcsId: 0,size=2097152]} | ret=SUCCESS |  
2019-08-23 18:29:18,006 | INFO  | DNAudit | user=null | ip=null | op=WRITE_CHUNK {blockData=conID: 3 locID: 102667711804146310 bcsId: 4541} | ret=SUCCESS |  
2019-08-23 18:29:18,007 | INFO  | DNAudit | user=null | ip=null | op=PUT_BLOCK {blockData=[blockId=conID: 3 locID: 102667711804146310 bcsId: 0,size=3145728]} | ret=SUCCESS |  
2019-08-23 18:29:18,007 [grpc-default-executor-4] INFO  client.GrpcClientProtocolClient (GrpcClientProtocolClient.java:onNext(255)) - client-19C32667576E->48affcab-e6e4-4602-963a-f6a50efbd54c: receive RaftClientReply:client-19C32667576E->48affcab-e6e4-4602-963a-f6a50efbd54c@group-50C56EAF5137, cid=3022, SUCCESS, logIndex=4545, commits[48affcab-e6e4-4602-963a-f6a50efbd54c:c4546, 7e391b60-07ae-4d97-a027-4756e468c032:c4541, c5f86d96-67df-4f25-bde3-316f439d30b3:c4544]
2019-08-23 18:29:18,007 [grpc-default-executor-4] INFO  client.GrpcClientProtocolClient (GrpcClientProtocolClient.java:onNext(255)) - client-19C32667576E->48affcab-e6e4-4602-963a-f6a50efbd54c: receive RaftClientReply:client-19C32667576E->48affcab-e6e4-4602-963a-f6a50efbd54c@group-50C56EAF5137, cid=3023, SUCCESS, logIndex=4546, commits[48affcab-e6e4-4602-963a-f6a50efbd54c:c4546, 7e391b60-07ae-4d97-a027-4756e468c032:c4541, c5f86d96-67df-4f25-bde3-316f439d30b3:c4544]
2019-08-23 18:29:18,013 | INFO  | DNAudit | user=null | ip=null | op=WRITE_CHUNK {blockData=conID: 3 locID: 102667711804146310 bcsId: 4546} | ret=SUCCESS |  
2019-08-23 18:29:18,014 | INFO  | DNAudit | user=null | ip=null | op=WRITE_CHUNK {blockData=conID: 3 locID: 102667711804146310 bcsId: 4546} | ret=SUCCESS |  
2019-08-23 18:29:18,015 | INFO  | DNAudit | user=null | ip=null | op=WRITE_CHUNK {blockData=conID: 3 locID: 102667711804146310 bcsId: 4546} | ret=SUCCESS |  
2019-08-23 18:29:18,110 | INFO  | DNAudit | user=null | ip=null | op=WRITE_CHUNK {blockData=conID: 3 locID: 102667711804146310 bcsId: 4541} | ret=SUCCESS |  
2019-08-23 18:29:18,110 | INFO  | DNAudit | user=null | ip=null | op=PUT_BLOCK {blockData=[blockId=conID: 3 locID: 102667711804146310 bcsId: 0,size=3145728]} | ret=SUCCESS |  
2019-08-23 18:29:18,111 | INFO  | DNAudit | user=null | ip=null | op=WRITE_CHUNK {blockData=conID: 3 locID: 102667711804146310 bcsId: 4541} | ret=SUCCESS |  
2019-08-23 18:29:18,111 | INFO  | DNAudit | user=null | ip=null | op=PUT_BLOCK {blockData=[blockId=conID: 3 locID: 102667711804146310 bcsId: 0,size=3145728]} | ret=SUCCESS |  
2019-08-23 18:29:18,111 | INFO  | DNAudit | user=null | ip=null | op=WRITE_CHUNK {blockData=conID: 3 locID: 102667711804146310 bcsId: 4546} | ret=SUCCESS |  
2019-08-23 18:29:18,112 | INFO  | DNAudit | user=null | ip=null | op=PUT_BLOCK {blockData=[blockId=conID: 3 locID: 102667711804146310 bcsId: 0,size=4194304]} | ret=SUCCESS |  
2019-08-23 18:29:18,112 [grpc-default-executor-4] INFO  client.GrpcClientProtocolClient (GrpcClientProtocolClient.java:onNext(255)) - client-19C32667576E->48affcab-e6e4-4602-963a-f6a50efbd54c: receive RaftClientReply:client-19C32667576E->48affcab-e6e4-4602-963a-f6a50efbd54c@group-50C56EAF5137, cid=3024, SUCCESS, logIndex=4549, commits[48affcab-e6e4-4602-963a-f6a50efbd54c:c4549, 7e391b60-07ae-4d97-a027-4756e468c032:c4546, c5f86d96-67df-4f25-bde3-316f439d30b3:c4546]
2019-08-23 18:29:18,113 [grpc-default-executor-4] INFO  client.GrpcClientProtocolClient (GrpcClientProtocolClient.java:onNext(255)) - client-19C32667576E->48affcab-e6e4-4602-963a-f6a50efbd54c: receive RaftClientReply:client-19C32667576E->48affcab-e6e4-4602-963a-f6a50efbd54c@group-50C56EAF5137, cid=3025, SUCCESS, logIndex=4550, commits[48affcab-e6e4-4602-963a-f6a50efbd54c:c4550, 7e391b60-07ae-4d97-a027-4756e468c032:c4546, c5f86d96-67df-4f25-bde3-316f439d30b3:c4546]
2019-08-23 18:29:18,119 | INFO  | DNAudit | user=null | ip=null | op=WRITE_CHUNK {blockData=conID: 3 locID: 102667711804146310 bcsId: 4546} | ret=SUCCESS |  
2019-08-23 18:29:18,119 | INFO  | DNAudit | user=null | ip=null | op=WRITE_CHUNK {blockData=conID: 3 locID: 102667711804146310 bcsId: 4546} | ret=SUCCESS |  
2019-08-23 18:29:18,122 | INFO  | DNAudit | user=null | ip=null | op=PUT_BLOCK {blockData=[blockId=conID: 3 locID: 102667711804146310 bcsId: 0,size=4194304]} | ret=SUCCESS |  
2019-08-23 18:29:18,122 | INFO  | DNAudit | user=null | ip=null | op=PUT_BLOCK {blockData=[blockId=conID: 3 locID: 102667711804146310 bcsId: 0,size=4194304]} | ret=SUCCESS |  
2019-08-23 18:29:18,123 [grpc-default-executor-4] INFO  client.GrpcClientProtocolClient (GrpcClientProtocolClient.java:onNext(255)) - client-19C32667576E->48affcab-e6e4-4602-963a-f6a50efbd54c: receive RaftClientReply:client-19C32667576E->48affcab-e6e4-4602-963a-f6a50efbd54c@group-50C56EAF5137, cid=3026, SUCCESS, logIndex=0, commits[48affcab-e6e4-4602-963a-f6a50efbd54c:c4552, 7e391b60-07ae-4d97-a027-4756e468c032:c4550, c5f86d96-67df-4f25-bde3-316f439d30b3:c4550]
2019-08-23 18:29:18,133 | INFO  | SCMAudit | user=jenkins1000 | ip=192.168.34.23 | op=ALLOCATE_BLOCK {owner=1ceb8b80-28f1-43fd-86c3-175afc07b8d1, size=4194304, type=RATIS, factor=THREE} | ret=SUCCESS |  
2019-08-23 18:29:18,139 | INFO  | OMAudit | user=jenkins1000 | ip=127.0.0.1 | op=ALLOCATE_BLOCK {volume=vol-0-45438, bucket=bucket-0-23891, key=key-0-22455, dataSize=0, replicationType=null, replicationFactor=null, keyLocationInfo=null, clientID=102667710122492306} | ret=SUCCESS |  
2019-08-23 18:29:18,148 | INFO  | DNAudit | user=null | ip=null | op=WRITE_CHUNK {blockData=conID: 1 locID: 102667711816204935 bcsId: 0} | ret=SUCCESS |  
2019-08-23 18:29:18,151 | INFO  | DNAudit | user=null | ip=null | op=WRITE_CHUNK {blockData=conID: 1 locID: 102667711816204935 bcsId: 0} | ret=SUCCESS |  
2019-08-23 18:29:18,152 | INFO  | DNAudit | user=null | ip=null | op=WRITE_CHUNK {blockData=conID: 1 locID: 102667711816204935 bcsId: 0} | ret=SUCCESS |  
2019-08-23 18:29:18,152 | INFO  | DNAudit | user=null | ip=null | op=WRITE_CHUNK {blockData=conID: 1 locID: 102667711816204935 bcsId: 0} | ret=SUCCESS |  
2019-08-23 18:29:18,155 | INFO  | DNAudit | user=null | ip=null | op=WRITE_CHUNK {blockData=conID: 1 locID: 102667711816204935 bcsId: 0} | ret=SUCCESS |  
2019-08-23 18:29:18,155 | INFO  | DNAudit | user=null | ip=null | op=WRITE_CHUNK {blockData=conID: 1 locID: 102667711816204935 bcsId: 0} | ret=SUCCESS |  
2019-08-23 18:29:18,162 | INFO  | DNAudit | user=null | ip=null | op=WRITE_CHUNK {blockData=conID: 1 locID: 102667711816204935 bcsId: 0} | ret=SUCCESS |  
2019-08-23 18:29:18,163 | INFO  | DNAudit | user=null | ip=null | op=PUT_BLOCK {blockData=[blockId=conID: 1 locID: 102667711816204935 bcsId: 0,size=1048576]} | ret=SUCCESS |  
2019-08-23 18:29:18,163 [grpc-default-executor-4] INFO  client.GrpcClientProtocolClient (GrpcClientProtocolClient.java:onNext(255)) - client-19C32667576E->48affcab-e6e4-4602-963a-f6a50efbd54c: receive RaftClientReply:client-19C32667576E->48affcab-e6e4-4602-963a-f6a50efbd54c@group-50C56EAF5137, cid=3027, SUCCESS, logIndex=4553, commits[48affcab-e6e4-4602-963a-f6a50efbd54c:c4554, 7e391b60-07ae-4d97-a027-4756e468c032:c4552, c5f86d96-67df-4f25-bde3-316f439d30b3:c4552]
2019-08-23 18:29:18,164 [grpc-default-executor-4] INFO  client.GrpcClientProtocolClient (GrpcClientProtocolClient.java:onNext(255)) - client-19C32667576E->48affcab-e6e4-4602-963a-f6a50efbd54c: receive RaftClientReply:client-19C32667576E->48affcab-e6e4-4602-963a-f6a50efbd54c@group-50C56EAF5137, cid=3028, SUCCESS, logIndex=4554, commits[48affcab-e6e4-4602-963a-f6a50efbd54c:c4554, 7e391b60-07ae-4d97-a027-4756e468c032:c4552, c5f86d96-67df-4f25-bde3-316f439d30b3:c4552]
2019-08-23 18:29:18,175 | INFO  | DNAudit | user=null | ip=null | op=WRITE_CHUNK {blockData=conID: 1 locID: 102667711816204935 bcsId: 0} | ret=SUCCESS |  
2019-08-23 18:29:18,175 | INFO  | DNAudit | user=null | ip=null | op=PUT_BLOCK {blockData=[blockId=conID: 1 locID: 102667711816204935 bcsId: 0,size=2097152]} | ret=SUCCESS |  
2019-08-23 18:29:18,176 [grpc-default-executor-0] INFO  client.GrpcClientProtocolClient (GrpcClientProtocolClient.java:onNext(255)) - client-19C32667576E->48affcab-e6e4-4602-963a-f6a50efbd54c: receive RaftClientReply:client-19C32667576E->48affcab-e6e4-4602-963a-f6a50efbd54c@group-50C56EAF5137, cid=3029, SUCCESS, logIndex=4555, commits[48affcab-e6e4-4602-963a-f6a50efbd54c:c4556, 7e391b60-07ae-4d97-a027-4756e468c032:c4552, c5f86d96-67df-4f25-bde3-316f439d30b3:c4552]
2019-08-23 18:29:18,176 [grpc-default-executor-0] INFO  client.GrpcClientProtocolClient (GrpcClientProtocolClient.java:onNext(255)) - client-19C32667576E->48affcab-e6e4-4602-963a-f6a50efbd54c: receive RaftClientReply:client-19C32667576E->48affcab-e6e4-4602-963a-f6a50efbd54c@group-50C56EAF5137, cid=3030, SUCCESS, logIndex=4556, commits[48affcab-e6e4-4602-963a-f6a50efbd54c:c4556, 7e391b60-07ae-4d97-a027-4756e468c032:c4552, c5f86d96-67df-4f25-bde3-316f439d30b3:c4552]
2019-08-23 18:29:18,187 | INFO  | DNAudit | user=null | ip=null | op=WRITE_CHUNK {blockData=conID: 1 locID: 102667711816204935 bcsId: 0} | ret=SUCCESS |  
2019-08-23 18:29:18,187 | INFO  | DNAudit | user=null | ip=null | op=WRITE_CHUNK {blockData=conID: 1 locID: 102667711816204935 bcsId: 0} | ret=SUCCESS |  
2019-08-23 18:29:18,187 | INFO  | DNAudit | user=null | ip=null | op=PUT_BLOCK {blockData=[blockId=conID: 1 locID: 102667711816204935 bcsId: 0,size=1048576]} | ret=SUCCESS |  
2019-08-23 18:29:18,187 | INFO  | DNAudit | user=null | ip=null | op=PUT_BLOCK {blockData=[blockId=conID: 1 locID: 102667711816204935 bcsId: 0,size=1048576]} | ret=SUCCESS |  
2019-08-23 18:29:18,188 [grpc-default-executor-0] INFO  client.GrpcClientProtocolClient (GrpcClientProtocolClient.java:onNext(255)) - client-19C32667576E->48affcab-e6e4-4602-963a-f6a50efbd54c: receive RaftClientReply:client-19C32667576E->48affcab-e6e4-4602-963a-f6a50efbd54c@group-50C56EAF5137, cid=3031, SUCCESS, logIndex=0, commits[48affcab-e6e4-4602-963a-f6a50efbd54c:c4558, 7e391b60-07ae-4d97-a027-4756e468c032:c4554, c5f86d96-67df-4f25-bde3-316f439d30b3:c4554]
2019-08-23 18:29:18,195 | INFO  | DNAudit | user=null | ip=null | op=WRITE_CHUNK {blockData=conID: 1 locID: 102667711816204935 bcsId: 4556} | ret=SUCCESS |  
2019-08-23 18:29:18,198 | INFO  | DNAudit | user=null | ip=null | op=WRITE_CHUNK {blockData=conID: 1 locID: 102667711816204935 bcsId: 4556} | ret=SUCCESS |  
2019-08-23 18:29:18,198 | INFO  | DNAudit | user=null | ip=null | op=WRITE_CHUNK {blockData=conID: 1 locID: 102667711816204935 bcsId: 4556} | ret=SUCCESS |  
2019-08-23 18:29:18,200 | INFO  | DNAudit | user=null | ip=null | op=WRITE_CHUNK {blockData=conID: 1 locID: 102667711816204935 bcsId: 0} | ret=SUCCESS |  
2019-08-23 18:29:18,200 | INFO  | DNAudit | user=null | ip=null | op=WRITE_CHUNK {blockData=conID: 1 locID: 102667711816204935 bcsId: 0} | ret=SUCCESS |  
2019-08-23 18:29:18,200 | INFO  | DNAudit | user=null | ip=null | op=PUT_BLOCK {blockData=[blockId=conID: 1 locID: 102667711816204935 bcsId: 0,size=2097152]} | ret=SUCCESS |  
2019-08-23 18:29:18,200 | INFO  | DNAudit | user=null | ip=null | op=PUT_BLOCK {blockData=[blockId=conID: 1 locID: 102667711816204935 bcsId: 0,size=2097152]} | ret=SUCCESS |  
2019-08-23 18:29:18,213 | INFO  | DNAudit | user=null | ip=null | op=WRITE_CHUNK {blockData=conID: 1 locID: 102667711816204935 bcsId: 4556} | ret=SUCCESS |  
2019-08-23 18:29:18,217 | INFO  | DNAudit | user=null | ip=null | op=PUT_BLOCK {blockData=[blockId=conID: 1 locID: 102667711816204935 bcsId: 0,size=3145728]} | ret=SUCCESS |  
2019-08-23 18:29:18,217 [grpc-default-executor-3] INFO  client.GrpcClientProtocolClient (GrpcClientProtocolClient.java:onNext(255)) - client-19C32667576E->48affcab-e6e4-4602-963a-f6a50efbd54c: receive RaftClientReply:client-19C32667576E->48affcab-e6e4-4602-963a-f6a50efbd54c@group-50C56EAF5137, cid=3032, SUCCESS, logIndex=4561, commits[48affcab-e6e4-4602-963a-f6a50efbd54c:c4562, 7e391b60-07ae-4d97-a027-4756e468c032:c4558, c5f86d96-67df-4f25-bde3-316f439d30b3:c4558]
2019-08-23 18:29:18,218 | INFO  | DNAudit | user=null | ip=null | op=WRITE_CHUNK {blockData=conID: 1 locID: 102667711816204935 bcsId: 4556} | ret=SUCCESS |  
2019-08-23 18:29:18,218 | INFO  | DNAudit | user=null | ip=null | op=WRITE_CHUNK {blockData=conID: 1 locID: 102667711816204935 bcsId: 4556} | ret=SUCCESS |  
2019-08-23 18:29:18,218 [grpc-default-executor-3] INFO  client.GrpcClientProtocolClient (GrpcClientProtocolClient.java:onNext(255)) - client-19C32667576E->48affcab-e6e4-4602-963a-f6a50efbd54c: receive RaftClientReply:client-19C32667576E->48affcab-e6e4-4602-963a-f6a50efbd54c@group-50C56EAF5137, cid=3033, SUCCESS, logIndex=4562, commits[48affcab-e6e4-4602-963a-f6a50efbd54c:c4562, 7e391b60-07ae-4d97-a027-4756e468c032:c4558, c5f86d96-67df-4f25-bde3-316f439d30b3:c4558]
2019-08-23 18:29:18,219 | INFO  | DNAudit | user=null | ip=null | op=PUT_BLOCK {blockData=[blockId=conID: 1 locID: 102667711816204935 bcsId: 0,size=3145728]} | ret=SUCCESS |  
2019-08-23 18:29:18,220 | INFO  | DNAudit | user=null | ip=null | op=PUT_BLOCK {blockData=[blockId=conID: 1 locID: 102667711816204935 bcsId: 0,size=3145728]} | ret=SUCCESS |  
2019-08-23 18:29:18,225 | INFO  | DNAudit | user=null | ip=null | op=WRITE_CHUNK {blockData=conID: 1 locID: 102667711816204935 bcsId: 4562} | ret=SUCCESS |  
2019-08-23 18:29:18,229 | INFO  | DNAudit | user=null | ip=null | op=WRITE_CHUNK {blockData=conID: 1 locID: 102667711816204935 bcsId: 4562} | ret=SUCCESS |  
2019-08-23 18:29:18,229 | INFO  | DNAudit | user=null | ip=null | op=WRITE_CHUNK {blockData=conID: 1 locID: 102667711816204935 bcsId: 4562} | ret=SUCCESS |  
2019-08-23 18:29:18,231 | INFO  | DNAudit | user=null | ip=null | op=WRITE_CHUNK {blockData=conID: 1 locID: 102667711816204935 bcsId: 4562} | ret=SUCCESS |  
2019-08-23 18:29:18,232 | INFO  | DNAudit | user=null | ip=null | op=PUT_BLOCK {blockData=[blockId=conID: 1 locID: 102667711816204935 bcsId: 0,size=4194304]} | ret=SUCCESS |  
2019-08-23 18:29:18,232 [grpc-default-executor-4] INFO  client.GrpcClientProtocolClient (GrpcClientProtocolClient.java:onNext(255)) - client-19C32667576E->48affcab-e6e4-4602-963a-f6a50efbd54c: receive RaftClientReply:client-19C32667576E->48affcab-e6e4-4602-963a-f6a50efbd54c@group-50C56EAF5137, cid=3034, SUCCESS, logIndex=4565, commits[48affcab-e6e4-4602-963a-f6a50efbd54c:c4566, 7e391b60-07ae-4d97-a027-4756e468c032:c4564, c5f86d96-67df-4f25-bde3-316f439d30b3:c4564]
2019-08-23 18:29:18,232 | INFO  | DNAudit | user=null | ip=null | op=WRITE_CHUNK {blockData=conID: 1 locID: 102667711816204935 bcsId: 4562} | ret=SUCCESS |  
2019-08-23 18:29:18,233 [grpc-default-executor-4] INFO  client.GrpcClientProtocolClient (GrpcClientProtocolClient.java:onNext(255)) - client-19C32667576E->48affcab-e6e4-4602-963a-f6a50efbd54c: receive RaftClientReply:client-19C32667576E->48affcab-e6e4-4602-963a-f6a50efbd54c@group-50C56EAF5137, cid=3035, SUCCESS, logIndex=4566, commits[48affcab-e6e4-4602-963a-f6a50efbd54c:c4566, 7e391b60-07ae-4d97-a027-4756e468c032:c4564, c5f86d96-67df-4f25-bde3-316f439d30b3:c4564]
2019-08-23 18:29:18,233 | INFO  | DNAudit | user=null | ip=null | op=PUT_BLOCK {blockData=[blockId=conID: 1 locID: 102667711816204935 bcsId: 0,size=4194304]} | ret=SUCCESS |  
2019-08-23 18:29:18,234 | INFO  | DNAudit | user=null | ip=null | op=WRITE_CHUNK {blockData=conID: 1 locID: 102667711816204935 bcsId: 4562} | ret=SUCCESS |  
2019-08-23 18:29:18,234 | INFO  | DNAudit | user=null | ip=null | op=PUT_BLOCK {blockData=[blockId=conID: 1 locID: 102667711816204935 bcsId: 0,size=4194304]} | ret=SUCCESS |  
2019-08-23 18:29:18,234 [grpc-default-executor-4] INFO  client.GrpcClientProtocolClient (GrpcClientProtocolClient.java:onNext(255)) - client-19C32667576E->48affcab-e6e4-4602-963a-f6a50efbd54c: receive RaftClientReply:client-19C32667576E->48affcab-e6e4-4602-963a-f6a50efbd54c@group-50C56EAF5137, cid=3036, SUCCESS, logIndex=0, commits[48affcab-e6e4-4602-963a-f6a50efbd54c:c4567, 7e391b60-07ae-4d97-a027-4756e468c032:c4566, c5f86d96-67df-4f25-bde3-316f439d30b3:c4566]
2019-08-23 18:29:18,239 | INFO  | SCMAudit | user=jenkins1000 | ip=192.168.34.23 | op=ALLOCATE_BLOCK {owner=1ceb8b80-28f1-43fd-86c3-175afc07b8d1, size=4194304, type=RATIS, factor=THREE} | ret=SUCCESS |  
2019-08-23 18:29:18,244 | INFO  | OMAudit | user=jenkins1000 | ip=127.0.0.1 | op=ALLOCATE_BLOCK {volume=vol-0-45438, bucket=bucket-0-23891, key=key-0-22455, dataSize=0, replicationType=null, replicationFactor=null, keyLocationInfo=null, clientID=102667710122492306} | ret=SUCCESS |  
2019-08-23 18:29:18,251 | INFO  | DNAudit | user=null | ip=null | op=WRITE_CHUNK {blockData=conID: 2 locID: 102667711823151752 bcsId: 0} | ret=SUCCESS |  
2019-08-23 18:29:18,253 | INFO  | DNAudit | user=null | ip=null | op=WRITE_CHUNK {blockData=conID: 2 locID: 102667711823151752 bcsId: 0} | ret=SUCCESS |  
2019-08-23 18:29:18,253 | INFO  | DNAudit | user=null | ip=null | op=WRITE_CHUNK {blockData=conID: 2 locID: 102667711823151752 bcsId: 0} | ret=SUCCESS |  
2019-08-23 18:29:18,253 | INFO  | DNAudit | user=null | ip=null | op=WRITE_CHUNK {blockData=conID: 2 locID: 102667711823151752 bcsId: 0} | ret=SUCCESS |  
2019-08-23 18:29:18,255 | INFO  | DNAudit | user=null | ip=null | op=WRITE_CHUNK {blockData=conID: 2 locID: 102667711823151752 bcsId: 0} | ret=SUCCESS |  
2019-08-23 18:29:18,255 | INFO  | DNAudit | user=null | ip=null | op=PUT_BLOCK {blockData=[blockId=conID: 2 locID: 102667711823151752 bcsId: 0,size=1048576]} | ret=SUCCESS |  
2019-08-23 18:29:18,255 | INFO  | DNAudit | user=null | ip=null | op=WRITE_CHUNK {blockData=conID: 2 locID: 102667711823151752 bcsId: 0} | ret=SUCCESS |  
2019-08-23 18:29:18,256 | INFO  | DNAudit | user=null | ip=null | op=WRITE_CHUNK {blockData=conID: 2 locID: 102667711823151752 bcsId: 0} | ret=SUCCESS |  
2019-08-23 18:29:18,256 [grpc-default-executor-0] INFO  client.GrpcClientProtocolClient (GrpcClientProtocolClient.java:onNext(255)) - client-19C32667576E->48affcab-e6e4-4602-963a-f6a50efbd54c: receive RaftClientReply:client-19C32667576E->48affcab-e6e4-4602-963a-f6a50efbd54c@group-50C56EAF5137, cid=3037, SUCCESS, logIndex=4569, commits[48affcab-e6e4-4602-963a-f6a50efbd54c:c4570, 7e391b60-07ae-4d97-a027-4756e468c032:c4568, c5f86d96-67df-4f25-bde3-316f439d30b3:c4566]
2019-08-23 18:29:18,256 [grpc-default-executor-0] INFO  client.GrpcClientProtocolClient (GrpcClientProtocolClient.java:onNext(255)) - client-19C32667576E->48affcab-e6e4-4602-963a-f6a50efbd54c: receive RaftClientReply:client-19C32667576E->48affcab-e6e4-4602-963a-f6a50efbd54c@group-50C56EAF5137, cid=3038, SUCCESS, logIndex=4570, commits[48affcab-e6e4-4602-963a-f6a50efbd54c:c4570, 7e391b60-07ae-4d97-a027-4756e468c032:c4568, c5f86d96-67df-4f25-bde3-316f439d30b3:c4566]
2019-08-23 18:29:18,258 | INFO  | DNAudit | user=null | ip=null | op=WRITE_CHUNK {blockData=conID: 2 locID: 102667711823151752 bcsId: 0} | ret=SUCCESS |  
2019-08-23 18:29:18,258 | INFO  | DNAudit | user=null | ip=null | op=WRITE_CHUNK {blockData=conID: 2 locID: 102667711823151752 bcsId: 0} | ret=SUCCESS |  
2019-08-23 18:29:18,258 | INFO  | DNAudit | user=null | ip=null | op=PUT_BLOCK {blockData=[blockId=conID: 2 locID: 102667711823151752 bcsId: 0,size=1048576]} | ret=SUCCESS |  
2019-08-23 18:29:18,259 | INFO  | DNAudit | user=null | ip=null | op=PUT_BLOCK {blockData=[blockId=conID: 2 locID: 102667711823151752 bcsId: 0,size=2097152]} | ret=SUCCESS |  
2019-08-23 18:29:18,259 | INFO  | DNAudit | user=null | ip=null | op=WRITE_CHUNK {blockData=conID: 2 locID: 102667711823151752 bcsId: 0} | ret=SUCCESS |  
2019-08-23 18:29:18,259 [grpc-default-executor-4] INFO  client.GrpcClientProtocolClient (GrpcClientProtocolClient.java:onNext(255)) - client-19C32667576E->48affcab-e6e4-4602-963a-f6a50efbd54c: receive RaftClientReply:client-19C32667576E->48affcab-e6e4-4602-963a-f6a50efbd54c@group-50C56EAF5137, cid=3039, SUCCESS, logIndex=4571, commits[48affcab-e6e4-4602-963a-f6a50efbd54c:c4572, 7e391b60-07ae-4d97-a027-4756e468c032:c4568, c5f86d96-67df-4f25-bde3-316f439d30b3:c4568]
2019-08-23 18:29:18,259 | INFO  | DNAudit | user=null | ip=null | op=PUT_BLOCK {blockData=[blockId=conID: 2 locID: 102667711823151752 bcsId: 0,size=1048576]} | ret=SUCCESS |  
2019-08-23 18:29:18,259 | INFO  | DNAudit | user=null | ip=null | op=WRITE_CHUNK {blockData=conID: 2 locID: 102667711823151752 bcsId: 0} | ret=SUCCESS |  
2019-08-23 18:29:18,259 [grpc-default-executor-4] INFO  client.GrpcClientProtocolClient (GrpcClientProtocolClient.java:onNext(255)) - client-19C32667576E->48affcab-e6e4-4602-963a-f6a50efbd54c: receive RaftClientReply:client-19C32667576E->48affcab-e6e4-4602-963a-f6a50efbd54c@group-50C56EAF5137, cid=3040, SUCCESS, logIndex=4572, commits[48affcab-e6e4-4602-963a-f6a50efbd54c:c4574, 7e391b60-07ae-4d97-a027-4756e468c032:c4570, c5f86d96-67df-4f25-bde3-316f439d30b3:c4568]
2019-08-23 18:29:18,260 [grpc-default-executor-4] INFO  client.GrpcClientProtocolClient (GrpcClientProtocolClient.java:onNext(255)) - client-19C32667576E->48affcab-e6e4-4602-963a-f6a50efbd54c: receive RaftClientReply:client-19C32667576E->48affcab-e6e4-4602-963a-f6a50efbd54c@group-50C56EAF5137, cid=3041, SUCCESS, logIndex=0, commits[48affcab-e6e4-4602-963a-f6a50efbd54c:c4575, 7e391b60-07ae-4d97-a027-4756e468c032:c4571, c5f86d96-67df-4f25-bde3-316f439d30b3:c4570]
2019-08-23 18:29:18,261 | INFO  | DNAudit | user=null | ip=null | op=PUT_BLOCK {blockData=[blockId=conID: 2 locID: 102667711823151752 bcsId: 0,size=2097152]} | ret=SUCCESS |  
2019-08-23 18:29:18,261 | INFO  | DNAudit | user=null | ip=null | op=WRITE_CHUNK {blockData=conID: 2 locID: 102667711823151752 bcsId: 0} | ret=SUCCESS |  
2019-08-23 18:29:18,261 | INFO  | DNAudit | user=null | ip=null | op=PUT_BLOCK {blockData=[blockId=conID: 2 locID: 102667711823151752 bcsId: 0,size=2097152]} | ret=SUCCESS |  
2019-08-23 18:29:18,266 | INFO  | DNAudit | user=null | ip=null | op=WRITE_CHUNK {blockData=conID: 2 locID: 102667711823151752 bcsId: 4572} | ret=SUCCESS |  
2019-08-23 18:29:18,269 | INFO  | DNAudit | user=null | ip=null | op=WRITE_CHUNK {blockData=conID: 2 locID: 102667711823151752 bcsId: 4572} | ret=SUCCESS |  
2019-08-23 18:29:18,269 | INFO  | DNAudit | user=null | ip=null | op=WRITE_CHUNK {blockData=conID: 2 locID: 102667711823151752 bcsId: 4572} | ret=SUCCESS |  
2019-08-23 18:29:18,271 | INFO  | DNAudit | user=null | ip=null | op=WRITE_CHUNK {blockData=conID: 2 locID: 102667711823151752 bcsId: 4572} | ret=SUCCESS |  
2019-08-23 18:29:18,272 | INFO  | DNAudit | user=null | ip=null | op=PUT_BLOCK {blockData=[blockId=conID: 2 locID: 102667711823151752 bcsId: 0,size=3145728]} | ret=SUCCESS |  
2019-08-23 18:29:18,272 [grpc-default-executor-0] INFO  client.GrpcClientProtocolClient (GrpcClientProtocolClient.java:onNext(255)) - client-19C32667576E->48affcab-e6e4-4602-963a-f6a50efbd54c: receive RaftClientReply:client-19C32667576E->48affcab-e6e4-4602-963a-f6a50efbd54c@group-50C56EAF5137, cid=3042, SUCCESS, logIndex=4577, commits[48affcab-e6e4-4602-963a-f6a50efbd54c:c4578, 7e391b60-07ae-4d97-a027-4756e468c032:c4572, c5f86d96-67df-4f25-bde3-316f439d30b3:c4576]
2019-08-23 18:29:18,272 [grpc-default-executor-0] INFO  client.GrpcClientProtocolClient (GrpcClientProtocolClient.java:onNext(255)) - client-19C32667576E->48affcab-e6e4-4602-963a-f6a50efbd54c: receive RaftClientReply:client-19C32667576E->48affcab-e6e4-4602-963a-f6a50efbd54c@group-50C56EAF5137, cid=3043, SUCCESS, logIndex=4578, commits[48affcab-e6e4-4602-963a-f6a50efbd54c:c4578, 7e391b60-07ae-4d97-a027-4756e468c032:c4576, c5f86d96-67df-4f25-bde3-316f439d30b3:c4576]
2019-08-23 18:29:18,273 | INFO  | DNAudit | user=null | ip=null | op=WRITE_CHUNK {blockData=conID: 2 locID: 102667711823151752 bcsId: 4572} | ret=SUCCESS |  
2019-08-23 18:29:18,273 | INFO  | DNAudit | user=null | ip=null | op=WRITE_CHUNK {blockData=conID: 2 locID: 102667711823151752 bcsId: 4572} | ret=SUCCESS |  
2019-08-23 18:29:18,274 | INFO  | DNAudit | user=null | ip=null | op=PUT_BLOCK {blockData=[blockId=conID: 2 locID: 102667711823151752 bcsId: 0,size=3145728]} | ret=SUCCESS |  
2019-08-23 18:29:18,275 | INFO  | DNAudit | user=null | ip=null | op=PUT_BLOCK {blockData=[blockId=conID: 2 locID: 102667711823151752 bcsId: 0,size=3145728]} | ret=SUCCESS |  
2019-08-23 18:29:18,279 | INFO  | DNAudit | user=null | ip=null | op=WRITE_CHUNK {blockData=conID: 2 locID: 102667711823151752 bcsId: 4578} | ret=SUCCESS |  
2019-08-23 18:29:18,281 | INFO  | DNAudit | user=null | ip=null | op=WRITE_CHUNK {blockData=conID: 2 locID: 102667711823151752 bcsId: 4578} | ret=SUCCESS |  
2019-08-23 18:29:18,281 | INFO  | DNAudit | user=null | ip=null | op=WRITE_CHUNK {blockData=conID: 2 locID: 102667711823151752 bcsId: 4578} | ret=SUCCESS |  
2019-08-23 18:29:18,282 | INFO  | DNAudit | user=null | ip=null | op=WRITE_CHUNK {blockData=conID: 2 locID: 102667711823151752 bcsId: 4578} | ret=SUCCESS |  
2019-08-23 18:29:18,282 | INFO  | DNAudit | user=null | ip=null | op=PUT_BLOCK {blockData=[blockId=conID: 2 locID: 102667711823151752 bcsId: 0,size=4194304]} | ret=SUCCESS |  
2019-08-23 18:29:18,283 [grpc-default-executor-4] INFO  client.GrpcClientProtocolClient (GrpcClientProtocolClient.java:onNext(255)) - client-19C32667576E->48affcab-e6e4-4602-963a-f6a50efbd54c: receive RaftClientReply:client-19C32667576E->48affcab-e6e4-4602-963a-f6a50efbd54c@group-50C56EAF5137, cid=3044, SUCCESS, logIndex=4581, commits[48affcab-e6e4-4602-963a-f6a50efbd54c:c4582, 7e391b60-07ae-4d97-a027-4756e468c032:c4578, c5f86d96-67df-4f25-bde3-316f439d30b3:c4580]
2019-08-23 18:29:18,283 [grpc-default-executor-4] INFO  client.GrpcClientProtocolClient (GrpcClientProtocolClient.java:onNext(255)) - client-19C32667576E->48affcab-e6e4-4602-963a-f6a50efbd54c: receive RaftClientReply:client-19C32667576E->48affcab-e6e4-4602-963a-f6a50efbd54c@group-50C56EAF5137, cid=3045, SUCCESS, logIndex=4582, commits[48affcab-e6e4-4602-963a-f6a50efbd54c:c4582, 7e391b60-07ae-4d97-a027-4756e468c032:c4578, c5f86d96-67df-4f25-bde3-316f439d30b3:c4580]
2019-08-23 18:29:18,284 | INFO  | DNAudit | user=null | ip=null | op=WRITE_CHUNK {blockData=conID: 2 locID: 102667711823151752 bcsId: 4578} | ret=SUCCESS |  
2019-08-23 18:29:18,284 | INFO  | DNAudit | user=null | ip=null | op=PUT_BLOCK {blockData=[blockId=conID: 2 locID: 102667711823151752 bcsId: 0,size=4194304]} | ret=SUCCESS |  
2019-08-23 18:29:18,285 | INFO  | DNAudit | user=null | ip=null | op=WRITE_CHUNK {blockData=conID: 2 locID: 102667711823151752 bcsId: 4578} | ret=SUCCESS |  
2019-08-23 18:29:18,285 | INFO  | DNAudit | user=null | ip=null | op=PUT_BLOCK {blockData=[blockId=conID: 2 locID: 102667711823151752 bcsId: 0,size=4194304]} | ret=SUCCESS |  
2019-08-23 18:29:18,285 [grpc-default-executor-4] INFO  client.GrpcClientProtocolClient (GrpcClientProtocolClient.java:onNext(255)) - client-19C32667576E->48affcab-e6e4-4602-963a-f6a50efbd54c: receive RaftClientReply:client-19C32667576E->48affcab-e6e4-4602-963a-f6a50efbd54c@group-50C56EAF5137, cid=3046, SUCCESS, logIndex=0, commits[48affcab-e6e4-4602-963a-f6a50efbd54c:c4583, 7e391b60-07ae-4d97-a027-4756e468c032:c4582, c5f86d96-67df-4f25-bde3-316f439d30b3:c4582]
2019-08-23 18:29:18,291 | INFO  | SCMAudit | user=jenkins1000 | ip=192.168.34.23 | op=ALLOCATE_BLOCK {owner=1ceb8b80-28f1-43fd-86c3-175afc07b8d1, size=4194304, type=RATIS, factor=THREE} | ret=SUCCESS |  
2019-08-23 18:29:18,295 | INFO  | OMAudit | user=jenkins1000 | ip=127.0.0.1 | op=ALLOCATE_BLOCK {volume=vol-0-45438, bucket=bucket-0-23891, key=key-0-22455, dataSize=0, replicationType=null, replicationFactor=null, keyLocationInfo=null, clientID=102667710122492306} | ret=SUCCESS |  
2019-08-23 18:29:18,301 | INFO  | DNAudit | user=null | ip=null | op=WRITE_CHUNK {blockData=conID: 3 locID: 102667711826494089 bcsId: 0} | ret=SUCCESS |  
2019-08-23 18:29:18,304 | INFO  | DNAudit | user=null | ip=null | op=WRITE_CHUNK {blockData=conID: 3 locID: 102667711826494089 bcsId: 0} | ret=SUCCESS |  
2019-08-23 18:29:18,304 | INFO  | DNAudit | user=null | ip=null | op=WRITE_CHUNK {blockData=conID: 3 locID: 102667711826494089 bcsId: 0} | ret=SUCCESS |  
2019-08-23 18:29:18,304 | INFO  | DNAudit | user=null | ip=null | op=WRITE_CHUNK {blockData=conID: 3 locID: 102667711826494089 bcsId: 0} | ret=SUCCESS |  
2019-08-23 18:29:18,306 | INFO  | DNAudit | user=null | ip=null | op=WRITE_CHUNK {blockData=conID: 3 locID: 102667711826494089 bcsId: 0} | ret=SUCCESS |  
2019-08-23 18:29:18,306 | INFO  | DNAudit | user=null | ip=null | op=WRITE_CHUNK {blockData=conID: 3 locID: 102667711826494089 bcsId: 0} | ret=SUCCESS |  
2019-08-23 18:29:18,307 | INFO  | DNAudit | user=null | ip=null | op=WRITE_CHUNK {blockData=conID: 3 locID: 102667711826494089 bcsId: 0} | ret=SUCCESS |  
2019-08-23 18:29:18,307 | INFO  | DNAudit | user=null | ip=null | op=PUT_BLOCK {blockData=[blockId=conID: 3 locID: 102667711826494089 bcsId: 0,size=1048576]} | ret=SUCCESS |  
2019-08-23 18:29:18,307 [grpc-default-executor-0] INFO  client.GrpcClientProtocolClient (GrpcClientProtocolClient.java:onNext(255)) - client-19C32667576E->48affcab-e6e4-4602-963a-f6a50efbd54c: receive RaftClientReply:client-19C32667576E->48affcab-e6e4-4602-963a-f6a50efbd54c@group-50C56EAF5137, cid=3047, SUCCESS, logIndex=4585, commits[48affcab-e6e4-4602-963a-f6a50efbd54c:c4586, 7e391b60-07ae-4d97-a027-4756e468c032:c4582, c5f86d96-67df-4f25-bde3-316f439d30b3:c4584]
2019-08-23 18:29:18,308 [grpc-default-executor-0] INFO  client.GrpcClientProtocolClient (GrpcClientProtocolClient.java:onNext(255)) - client-19C32667576E->48affcab-e6e4-4602-963a-f6a50efbd54c: receive RaftClientReply:client-19C32667576E->48affcab-e6e4-4602-963a-f6a50efbd54c@group-50C56EAF5137, cid=3048, SUCCESS, logIndex=4586, commits[48affcab-e6e4-4602-963a-f6a50efbd54c:c4586, 7e391b60-07ae-4d97-a027-4756e468c032:c4582, c5f86d96-67df-4f25-bde3-316f439d30b3:c4584]
2019-08-23 18:29:18,310 | INFO  | DNAudit | user=null | ip=null | op=WRITE_CHUNK {blockData=conID: 3 locID: 102667711826494089 bcsId: 0} | ret=SUCCESS |  
2019-08-23 18:29:18,310 | INFO  | DNAudit | user=null | ip=null | op=PUT_BLOCK {blockData=[blockId=conID: 3 locID: 102667711826494089 bcsId: 0,size=2097152]} | ret=SUCCESS |  
2019-08-23 18:29:18,310 [grpc-default-executor-3] INFO  client.GrpcClientProtocolClient (GrpcClientProtocolClient.java:onNext(255)) - client-19C32667576E->48affcab-e6e4-4602-963a-f6a50efbd54c: receive RaftClientReply:client-19C32667576E->48affcab-e6e4-4602-963a-f6a50efbd54c@group-50C56EAF5137, cid=3049, SUCCESS, logIndex=4587, commits[48affcab-e6e4-4602-963a-f6a50efbd54c:c4588, 7e391b60-07ae-4d97-a027-4756e468c032:c4584, c5f86d96-67df-4f25-bde3-316f439d30b3:c4584]
2019-08-23 18:29:18,311 [grpc-default-executor-3] INFO  client.GrpcClientProtocolClient (GrpcClientProtocolClient.java:onNext(255)) - client-19C32667576E->48affcab-e6e4-4602-963a-f6a50efbd54c: receive RaftClientReply:client-19C32667576E->48affcab-e6e4-4602-963a-f6a50efbd54c@group-50C56EAF5137, cid=3050, SUCCESS, logIndex=4588, commits[48affcab-e6e4-4602-963a-f6a50efbd54c:c4588, 7e391b60-07ae-4d97-a027-4756e468c032:c4584, c5f86d96-67df-4f25-bde3-316f439d30b3:c4584]
2019-08-23 18:29:18,312 | INFO  | DNAudit | user=null | ip=null | op=WRITE_CHUNK {blockData=conID: 3 locID: 102667711826494089 bcsId: 0} | ret=SUCCESS |  
2019-08-23 18:29:18,312 | INFO  | DNAudit | user=null | ip=null | op=PUT_BLOCK {blockData=[blockId=conID: 3 locID: 102667711826494089 bcsId: 0,size=1048576]} | ret=SUCCESS |  
2019-08-23 18:29:18,313 | INFO  | DNAudit | user=null | ip=null | op=WRITE_CHUNK {blockData=conID: 3 locID: 102667711826494089 bcsId: 0} | ret=SUCCESS |  
2019-08-23 18:29:18,313 | INFO  | DNAudit | user=null | ip=null | op=PUT_BLOCK {blockData=[blockId=conID: 3 locID: 102667711826494089 bcsId: 0,size=1048576]} | ret=SUCCESS |  
2019-08-23 18:29:18,314 | INFO  | DNAudit | user=null | ip=null | op=WRITE_CHUNK {blockData=conID: 3 locID: 102667711826494089 bcsId: 0} | ret=SUCCESS |  
2019-08-23 18:29:18,314 | INFO  | DNAudit | user=null | ip=null | op=PUT_BLOCK {blockData=[blockId=conID: 3 locID: 102667711826494089 bcsId: 0,size=2097152]} | ret=SUCCESS |  
2019-08-23 18:29:18,314 [grpc-default-executor-3] INFO  client.GrpcClientProtocolClient (GrpcClientProtocolClient.java:onNext(255)) - client-19C32667576E->48affcab-e6e4-4602-963a-f6a50efbd54c: receive RaftClientReply:client-19C32667576E->48affcab-e6e4-4602-963a-f6a50efbd54c@group-50C56EAF5137, cid=3051, SUCCESS, logIndex=0, commits[48affcab-e6e4-4602-963a-f6a50efbd54c:c4590, 7e391b60-07ae-4d97-a027-4756e468c032:c4586, c5f86d96-67df-4f25-bde3-316f439d30b3:c4586]
2019-08-23 18:29:18,314 | INFO  | DNAudit | user=null | ip=null | op=WRITE_CHUNK {blockData=conID: 3 locID: 102667711826494089 bcsId: 0} | ret=SUCCESS |  
2019-08-23 18:29:18,315 | INFO  | DNAudit | user=null | ip=null | op=PUT_BLOCK {blockData=[blockId=conID: 3 locID: 102667711826494089 bcsId: 0,size=2097152]} | ret=SUCCESS |  
2019-08-23 18:29:18,319 | INFO  | DNAudit | user=null | ip=null | op=WRITE_CHUNK {blockData=conID: 3 locID: 102667711826494089 bcsId: 4588} | ret=SUCCESS |  
2019-08-23 18:29:18,322 | INFO  | DNAudit | user=null | ip=null | op=WRITE_CHUNK {blockData=conID: 3 locID: 102667711826494089 bcsId: 4588} | ret=SUCCESS |  
2019-08-23 18:29:18,324 | INFO  | DNAudit | user=null | ip=null | op=WRITE_CHUNK {blockData=conID: 3 locID: 102667711826494089 bcsId: 4588} | ret=SUCCESS |  
2019-08-23 18:29:18,324 | INFO  | DNAudit | user=null | ip=null | op=WRITE_CHUNK {blockData=conID: 3 locID: 102667711826494089 bcsId: 4588} | ret=SUCCESS |  
2019-08-23 18:29:18,324 | INFO  | DNAudit | user=null | ip=null | op=PUT_BLOCK {blockData=[blockId=conID: 3 locID: 102667711826494089 bcsId: 0,size=3145728]} | ret=SUCCESS |  
2019-08-23 18:29:18,324 [grpc-default-executor-0] INFO  client.GrpcClientProtocolClient (GrpcClientProtocolClient.java:onNext(255)) - client-19C32667576E->48affcab-e6e4-4602-963a-f6a50efbd54c: receive RaftClientReply:client-19C32667576E->48affcab-e6e4-4602-963a-f6a50efbd54c@group-50C56EAF5137, cid=3052, SUCCESS, logIndex=4593, commits[48affcab-e6e4-4602-963a-f6a50efbd54c:c4594, 7e391b60-07ae-4d97-a027-4756e468c032:c4588, c5f86d96-67df-4f25-bde3-316f439d30b3:c4592]
2019-08-23 18:29:18,325 [grpc-default-executor-0] INFO  client.GrpcClientProtocolClient (GrpcClientProtocolClient.java:onNext(255)) - client-19C32667576E->48affcab-e6e4-4602-963a-f6a50efbd54c: receive RaftClientReply:client-19C32667576E->48affcab-e6e4-4602-963a-f6a50efbd54c@group-50C56EAF5137, cid=3053, SUCCESS, logIndex=4594, commits[48affcab-e6e4-4602-963a-f6a50efbd54c:c4594, 7e391b60-07ae-4d97-a027-4756e468c032:c4588, c5f86d96-67df-4f25-bde3-316f439d30b3:c4592]
2019-08-23 18:29:18,327 | INFO  | DNAudit | user=null | ip=null | op=WRITE_CHUNK {blockData=conID: 3 locID: 102667711826494089 bcsId: 4588} | ret=SUCCESS |  
2019-08-23 18:29:18,327 | INFO  | DNAudit | user=null | ip=null | op=PUT_BLOCK {blockData=[blockId=conID: 3 locID: 102667711826494089 bcsId: 0,size=3145728]} | ret=SUCCESS |  
2019-08-23 18:29:18,327 | INFO  | DNAudit | user=null | ip=null | op=WRITE_CHUNK {blockData=conID: 3 locID: 102667711826494089 bcsId: 4588} | ret=SUCCESS |  
2019-08-23 18:29:18,328 | INFO  | DNAudit | user=null | ip=null | op=PUT_BLOCK {blockData=[blockId=conID: 3 locID: 102667711826494089 bcsId: 0,size=3145728]} | ret=SUCCESS |  
2019-08-23 18:29:18,331 | INFO  | DNAudit | user=null | ip=null | op=WRITE_CHUNK {blockData=conID: 3 locID: 102667711826494089 bcsId: 4594} | ret=SUCCESS |  
2019-08-23 18:29:18,333 | INFO  | DNAudit | user=null | ip=null | op=WRITE_CHUNK {blockData=conID: 3 locID: 102667711826494089 bcsId: 4594} | ret=SUCCESS |  
2019-08-23 18:29:18,333 | INFO  | DNAudit | user=null | ip=null | op=WRITE_CHUNK {blockData=conID: 3 locID: 102667711826494089 bcsId: 4594} | ret=SUCCESS |  
2019-08-23 18:29:18,336 | INFO  | DNAudit | user=null | ip=null | op=WRITE_CHUNK {blockData=conID: 3 locID: 102667711826494089 bcsId: 4594} | ret=SUCCESS |  
2019-08-23 18:29:18,336 | INFO  | DNAudit | user=null | ip=null | op=PUT_BLOCK {blockData=[blockId=conID: 3 locID: 102667711826494089 bcsId: 0,size=4194304]} | ret=SUCCESS |  
2019-08-23 18:29:18,336 [grpc-default-executor-3] INFO  client.GrpcClientProtocolClient (GrpcClientProtocolClient.java:onNext(255)) - client-19C32667576E->48affcab-e6e4-4602-963a-f6a50efbd54c: receive RaftClientReply:client-19C32667576E->48affcab-e6e4-4602-963a-f6a50efbd54c@group-50C56EAF5137, cid=3054, SUCCESS, logIndex=4597, commits[48affcab-e6e4-4602-963a-f6a50efbd54c:c4598, 7e391b60-07ae-4d97-a027-4756e468c032:c4596, c5f86d96-67df-4f25-bde3-316f439d30b3:c4596]
2019-08-23 18:29:18,337 [grpc-default-executor-3] INFO  client.GrpcClientProtocolClient (GrpcClientProtocolClient.java:onNext(255)) - client-19C32667576E->48affcab-e6e4-4602-963a-f6a50efbd54c: receive RaftClientReply:client-19C32667576E->48affcab-e6e4-4602-963a-f6a50efbd54c@group-50C56EAF5137, cid=3055, SUCCESS, logIndex=4598, commits[48affcab-e6e4-4602-963a-f6a50efbd54c:c4598, 7e391b60-07ae-4d97-a027-4756e468c032:c4596, c5f86d96-67df-4f25-bde3-316f439d30b3:c4596]
2019-08-23 18:29:18,337 | INFO  | DNAudit | user=null | ip=null | op=WRITE_CHUNK {blockData=conID: 3 locID: 102667711826494089 bcsId: 4594} | ret=SUCCESS |  
2019-08-23 18:29:18,337 | INFO  | DNAudit | user=null | ip=null | op=WRITE_CHUNK {blockData=conID: 3 locID: 102667711826494089 bcsId: 4594} | ret=SUCCESS |  
2019-08-23 18:29:18,337 | INFO  | DNAudit | user=null | ip=null | op=PUT_BLOCK {blockData=[blockId=conID: 3 locID: 102667711826494089 bcsId: 0,size=4194304]} | ret=SUCCESS |  
2019-08-23 18:29:18,337 | INFO  | DNAudit | user=null | ip=null | op=PUT_BLOCK {blockData=[blockId=conID: 3 locID: 102667711826494089 bcsId: 0,size=4194304]} | ret=SUCCESS |  
2019-08-23 18:29:18,337 [grpc-default-executor-3] INFO  client.GrpcClientProtocolClient (GrpcClientProtocolClient.java:onNext(255)) - client-19C32667576E->48affcab-e6e4-4602-963a-f6a50efbd54c: receive RaftClientReply:client-19C32667576E->48affcab-e6e4-4602-963a-f6a50efbd54c@group-50C56EAF5137, cid=3056, SUCCESS, logIndex=0, commits[48affcab-e6e4-4602-963a-f6a50efbd54c:c4599, 7e391b60-07ae-4d97-a027-4756e468c032:c4598, c5f86d96-67df-4f25-bde3-316f439d30b3:c4598]
2019-08-23 18:29:18,344 | INFO  | SCMAudit | user=jenkins1000 | ip=192.168.34.23 | op=ALLOCATE_BLOCK {owner=1ceb8b80-28f1-43fd-86c3-175afc07b8d1, size=4194304, type=RATIS, factor=THREE} | ret=SUCCESS |  
2019-08-23 18:29:18,348 | INFO  | OMAudit | user=jenkins1000 | ip=127.0.0.1 | op=ALLOCATE_BLOCK {volume=vol-0-45438, bucket=bucket-0-23891, key=key-0-22455, dataSize=0, replicationType=null, replicationFactor=null, keyLocationInfo=null, clientID=102667710122492306} | ret=SUCCESS |  
2019-08-23 18:29:18,355 | INFO  | DNAudit | user=null | ip=null | op=WRITE_CHUNK {blockData=conID: 1 locID: 102667711830033034 bcsId: 0} | ret=SUCCESS |  
2019-08-23 18:29:18,357 | INFO  | DNAudit | user=null | ip=null | op=WRITE_CHUNK {blockData=conID: 1 locID: 102667711830033034 bcsId: 0} | ret=SUCCESS |  
2019-08-23 18:29:18,357 | INFO  | DNAudit | user=null | ip=null | op=WRITE_CHUNK {blockData=conID: 1 locID: 102667711830033034 bcsId: 0} | ret=SUCCESS |  
2019-08-23 18:29:18,358 | INFO  | DNAudit | user=null | ip=null | op=WRITE_CHUNK {blockData=conID: 1 locID: 102667711830033034 bcsId: 0} | ret=SUCCESS |  
2019-08-23 18:29:18,360 | INFO  | DNAudit | user=null | ip=null | op=WRITE_CHUNK {blockData=conID: 1 locID: 102667711830033034 bcsId: 0} | ret=SUCCESS |  
2019-08-23 18:29:18,360 | INFO  | DNAudit | user=null | ip=null | op=WRITE_CHUNK {blockData=conID: 1 locID: 102667711830033034 bcsId: 0} | ret=SUCCESS |  
2019-08-23 18:29:18,367 | INFO  | DNAudit | user=null | ip=null | op=WRITE_CHUNK {blockData=conID: 1 locID: 102667711830033034 bcsId: 0} | ret=SUCCESS |  
2019-08-23 18:29:18,368 | INFO  | DNAudit | user=null | ip=null | op=PUT_BLOCK {blockData=[blockId=conID: 1 locID: 102667711830033034 bcsId: 0,size=1048576]} | ret=SUCCESS |  
2019-08-23 18:29:18,368 | INFO  | DNAudit | user=null | ip=null | op=WRITE_CHUNK {blockData=conID: 1 locID: 102667711830033034 bcsId: 0} | ret=SUCCESS |  
2019-08-23 18:29:18,368 [grpc-default-executor-5] INFO  client.GrpcClientProtocolClient (GrpcClientProtocolClient.java:onNext(255)) - client-19C32667576E->48affcab-e6e4-4602-963a-f6a50efbd54c: receive RaftClientReply:client-19C32667576E->48affcab-e6e4-4602-963a-f6a50efbd54c@group-50C56EAF5137, cid=3057, SUCCESS, logIndex=4601, commits[48affcab-e6e4-4602-963a-f6a50efbd54c:c4602, 7e391b60-07ae-4d97-a027-4756e468c032:c4600, c5f86d96-67df-4f25-bde3-316f439d30b3:c4598]
2019-08-23 18:29:18,369 | INFO  | DNAudit | user=null | ip=null | op=PUT_BLOCK {blockData=[blockId=conID: 1 locID: 102667711830033034 bcsId: 0,size=2097152]} | ret=SUCCESS |  
2019-08-23 18:29:18,369 [grpc-default-executor-5] INFO  client.GrpcClientProtocolClient (GrpcClientProtocolClient.java:onNext(255)) - client-19C32667576E->48affcab-e6e4-4602-963a-f6a50efbd54c: receive RaftClientReply:client-19C32667576E->48affcab-e6e4-4602-963a-f6a50efbd54c@group-50C56EAF5137, cid=3058, SUCCESS, logIndex=4602, commits[48affcab-e6e4-4602-963a-f6a50efbd54c:c4604, 7e391b60-07ae-4d97-a027-4756e468c032:c4600, c5f86d96-67df-4f25-bde3-316f439d30b3:c4600]
2019-08-23 18:29:18,369 [grpc-default-executor-5] INFO  client.GrpcClientProtocolClient (GrpcClientProtocolClient.java:onNext(255)) - client-19C32667576E->48affcab-e6e4-4602-963a-f6a50efbd54c: receive RaftClientReply:client-19C32667576E->48affcab-e6e4-4602-963a-f6a50efbd54c@group-50C56EAF5137, cid=3059, SUCCESS, logIndex=4603, commits[48affcab-e6e4-4602-963a-f6a50efbd54c:c4604, 7e391b60-07ae-4d97-a027-4756e468c032:c4600, c5f86d96-67df-4f25-bde3-316f439d30b3:c4600]
2019-08-23 18:29:18,369 | INFO  | DNAudit | user=null | ip=null | op=WRITE_CHUNK {blockData=conID: 1 locID: 102667711830033034 bcsId: 0} | ret=SUCCESS |  
2019-08-23 18:29:18,369 [grpc-default-executor-5] INFO  client.GrpcClientProtocolClient (GrpcClientProtocolClient.java:onNext(255)) - client-19C32667576E->48affcab-e6e4-4602-963a-f6a50efbd54c: receive RaftClientReply:client-19C32667576E->48affcab-e6e4-4602-963a-f6a50efbd54c@group-50C56EAF5137, cid=3060, SUCCESS, logIndex=4604, commits[48affcab-e6e4-4602-963a-f6a50efbd54c:c4604, 7e391b60-07ae-4d97-a027-4756e468c032:c4600, c5f86d96-67df-4f25-bde3-316f439d30b3:c4600]
2019-08-23 18:29:18,372 | INFO  | DNAudit | user=null | ip=null | op=PUT_BLOCK {blockData=[blockId=conID: 1 locID: 102667711830033034 bcsId: 0,size=1048576]} | ret=SUCCESS |  
2019-08-23 18:29:18,373 | INFO  | DNAudit | user=null | ip=null | op=WRITE_CHUNK {blockData=conID: 1 locID: 102667711830033034 bcsId: 0} | ret=SUCCESS |  
2019-08-23 18:29:18,373 | INFO  | DNAudit | user=null | ip=null | op=WRITE_CHUNK {blockData=conID: 1 locID: 102667711830033034 bcsId: 0} | ret=SUCCESS |  
2019-08-23 18:29:18,373 | INFO  | DNAudit | user=null | ip=null | op=PUT_BLOCK {blockData=[blockId=conID: 1 locID: 102667711830033034 bcsId: 0,size=1048576]} | ret=SUCCESS |  
2019-08-23 18:29:18,374 | INFO  | DNAudit | user=null | ip=null | op=WRITE_CHUNK {blockData=conID: 1 locID: 102667711830033034 bcsId: 0} | ret=SUCCESS |  
2019-08-23 18:29:18,374 | INFO  | DNAudit | user=null | ip=null | op=PUT_BLOCK {blockData=[blockId=conID: 1 locID: 102667711830033034 bcsId: 0,size=2097152]} | ret=SUCCESS |  
2019-08-23 18:29:18,374 [grpc-default-executor-5] INFO  client.GrpcClientProtocolClient (GrpcClientProtocolClient.java:onNext(255)) - client-19C32667576E->48affcab-e6e4-4602-963a-f6a50efbd54c: receive RaftClientReply:client-19C32667576E->48affcab-e6e4-4602-963a-f6a50efbd54c@group-50C56EAF5137, cid=3061, SUCCESS, logIndex=0, commits[48affcab-e6e4-4602-963a-f6a50efbd54c:c4607, 7e391b60-07ae-4d97-a027-4756e468c032:c4603, c5f86d96-67df-4f25-bde3-316f439d30b3:c4602]
2019-08-23 18:29:18,375 | INFO  | DNAudit | user=null | ip=null | op=PUT_BLOCK {blockData=[blockId=conID: 1 locID: 102667711830033034 bcsId: 0,size=2097152]} | ret=SUCCESS |  
2019-08-23 18:29:18,381 | INFO  | DNAudit | user=null | ip=null | op=WRITE_CHUNK {blockData=conID: 1 locID: 102667711830033034 bcsId: 4604} | ret=SUCCESS |  
2019-08-23 18:29:18,384 | INFO  | DNAudit | user=null | ip=null | op=WRITE_CHUNK {blockData=conID: 1 locID: 102667711830033034 bcsId: 4604} | ret=SUCCESS |  
2019-08-23 18:29:18,386 | INFO  | DNAudit | user=null | ip=null | op=WRITE_CHUNK {blockData=conID: 1 locID: 102667711830033034 bcsId: 4604} | ret=SUCCESS |  
2019-08-23 18:29:18,400 | INFO  | DNAudit | user=null | ip=null | op=WRITE_CHUNK {blockData=conID: 1 locID: 102667711830033034 bcsId: 4604} | ret=SUCCESS |  
2019-08-23 18:29:18,401 | INFO  | DNAudit | user=null | ip=null | op=PUT_BLOCK {blockData=[blockId=conID: 1 locID: 102667711830033034 bcsId: 0,size=3145728]} | ret=SUCCESS |  
2019-08-23 18:29:18,401 [grpc-default-executor-5] INFO  client.GrpcClientProtocolClient (GrpcClientProtocolClient.java:onNext(255)) - client-19C32667576E->48affcab-e6e4-4602-963a-f6a50efbd54c: receive RaftClientReply:client-19C32667576E->48affcab-e6e4-4602-963a-f6a50efbd54c@group-50C56EAF5137, cid=3062, SUCCESS, logIndex=4609, commits[48affcab-e6e4-4602-963a-f6a50efbd54c:c4610, 7e391b60-07ae-4d97-a027-4756e468c032:c4608, c5f86d96-67df-4f25-bde3-316f439d30b3:c4604]
2019-08-23 18:29:18,401 [grpc-default-executor-5] INFO  client.GrpcClientProtocolClient (GrpcClientProtocolClient.java:onNext(255)) - client-19C32667576E->48affcab-e6e4-4602-963a-f6a50efbd54c: receive RaftClientReply:client-19C32667576E->48affcab-e6e4-4602-963a-f6a50efbd54c@group-50C56EAF5137, cid=3063, SUCCESS, logIndex=4610, commits[48affcab-e6e4-4602-963a-f6a50efbd54c:c4610, 7e391b60-07ae-4d97-a027-4756e468c032:c4608, c5f86d96-67df-4f25-bde3-316f439d30b3:c4608]
2019-08-23 18:29:18,403 | INFO  | DNAudit | user=null | ip=null | op=WRITE_CHUNK {blockData=conID: 1 locID: 102667711830033034 bcsId: 4604} | ret=SUCCESS |  
2019-08-23 18:29:18,403 | INFO  | DNAudit | user=null | ip=null | op=WRITE_CHUNK {blockData=conID: 1 locID: 102667711830033034 bcsId: 4604} | ret=SUCCESS |  
2019-08-23 18:29:18,403 | INFO  | DNAudit | user=null | ip=null | op=PUT_BLOCK {blockData=[blockId=conID: 1 locID: 102667711830033034 bcsId: 0,size=3145728]} | ret=SUCCESS |  
2019-08-23 18:29:18,403 | INFO  | DNAudit | user=null | ip=null | op=PUT_BLOCK {blockData=[blockId=conID: 1 locID: 102667711830033034 bcsId: 0,size=3145728]} | ret=SUCCESS |  
2019-08-23 18:29:18,409 | INFO  | DNAudit | user=null | ip=null | op=WRITE_CHUNK {blockData=conID: 1 locID: 102667711830033034 bcsId: 4610} | ret=SUCCESS |  
2019-08-23 18:29:18,411 | INFO  | DNAudit | user=null | ip=null | op=WRITE_CHUNK {blockData=conID: 1 locID: 102667711830033034 bcsId: 4610} | ret=SUCCESS |  
2019-08-23 18:29:18,411 | INFO  | DNAudit | user=null | ip=null | op=WRITE_CHUNK {blockData=conID: 1 locID: 102667711830033034 bcsId: 4610} | ret=SUCCESS |  
2019-08-23 18:29:18,415 | INFO  | DNAudit | user=null | ip=null | op=WRITE_CHUNK {blockData=conID: 1 locID: 102667711830033034 bcsId: 4610} | ret=SUCCESS |  
2019-08-23 18:29:18,419 | INFO  | DNAudit | user=null | ip=null | op=PUT_BLOCK {blockData=[blockId=conID: 1 locID: 102667711830033034 bcsId: 0,size=4194304]} | ret=SUCCESS |  
2019-08-23 18:29:18,419 [grpc-default-executor-5] INFO  client.GrpcClientProtocolClient (GrpcClientProtocolClient.java:onNext(255)) - client-19C32667576E->48affcab-e6e4-4602-963a-f6a50efbd54c: receive RaftClientReply:client-19C32667576E->48affcab-e6e4-4602-963a-f6a50efbd54c@group-50C56EAF5137, cid=3064, SUCCESS, logIndex=4613, commits[48affcab-e6e4-4602-963a-f6a50efbd54c:c4614, 7e391b60-07ae-4d97-a027-4756e468c032:c4611, c5f86d96-67df-4f25-bde3-316f439d30b3:c4610]
2019-08-23 18:29:18,420 [grpc-default-executor-5] INFO  client.GrpcClientProtocolClient (GrpcClientProtocolClient.java:onNext(255)) - client-19C32667576E->48affcab-e6e4-4602-963a-f6a50efbd54c: receive RaftClientReply:client-19C32667576E->48affcab-e6e4-4602-963a-f6a50efbd54c@group-50C56EAF5137, cid=3065, SUCCESS, logIndex=4614, commits[48affcab-e6e4-4602-963a-f6a50efbd54c:c4614, 7e391b60-07ae-4d97-a027-4756e468c032:c4611, c5f86d96-67df-4f25-bde3-316f439d30b3:c4610]
2019-08-23 18:29:18,426 | INFO  | DNAudit | user=null | ip=null | op=WRITE_CHUNK {blockData=conID: 1 locID: 102667711830033034 bcsId: 4610} | ret=SUCCESS |  
2019-08-23 18:29:18,427 | INFO  | DNAudit | user=null | ip=null | op=PUT_BLOCK {blockData=[blockId=conID: 1 locID: 102667711830033034 bcsId: 0,size=4194304]} | ret=SUCCESS |  
2019-08-23 18:29:18,427 | INFO  | DNAudit | user=null | ip=null | op=WRITE_CHUNK {blockData=conID: 1 locID: 102667711830033034 bcsId: 4610} | ret=SUCCESS |  
2019-08-23 18:29:18,427 | INFO  | DNAudit | user=null | ip=null | op=PUT_BLOCK {blockData=[blockId=conID: 1 locID: 102667711830033034 bcsId: 0,size=4194304]} | ret=SUCCESS |  
2019-08-23 18:29:18,427 [grpc-default-executor-5] INFO  client.GrpcClientProtocolClient (GrpcClientProtocolClient.java:onNext(255)) - client-19C32667576E->48affcab-e6e4-4602-963a-f6a50efbd54c: receive RaftClientReply:client-19C32667576E->48affcab-e6e4-4602-963a-f6a50efbd54c@group-50C56EAF5137, cid=3066, SUCCESS, logIndex=0, commits[48affcab-e6e4-4602-963a-f6a50efbd54c:c4615, 7e391b60-07ae-4d97-a027-4756e468c032:c4614, c5f86d96-67df-4f25-bde3-316f439d30b3:c4614]
2019-08-23 18:29:18,435 | INFO  | SCMAudit | user=jenkins1000 | ip=192.168.34.23 | op=ALLOCATE_BLOCK {owner=1ceb8b80-28f1-43fd-86c3-175afc07b8d1, size=4194304, type=RATIS, factor=THREE} | ret=SUCCESS |  
2019-08-23 18:29:18,439 | INFO  | OMAudit | user=jenkins1000 | ip=127.0.0.1 | op=ALLOCATE_BLOCK {volume=vol-0-45438, bucket=bucket-0-23891, key=key-0-22455, dataSize=0, replicationType=null, replicationFactor=null, keyLocationInfo=null, clientID=102667710122492306} | ret=SUCCESS |  
2019-08-23 18:29:18,446 | INFO  | DNAudit | user=null | ip=null | op=WRITE_CHUNK {blockData=conID: 2 locID: 102667711835996811 bcsId: 0} | ret=SUCCESS |  
2019-08-23 18:29:18,449 | INFO  | DNAudit | user=null | ip=null | op=WRITE_CHUNK {blockData=conID: 2 locID: 102667711835996811 bcsId: 0} | ret=SUCCESS |  
2019-08-23 18:29:18,450 | INFO  | DNAudit | user=null | ip=null | op=WRITE_CHUNK {blockData=conID: 2 locID: 102667711835996811 bcsId: 0} | ret=SUCCESS |  
2019-08-23 18:29:18,450 | INFO  | DNAudit | user=null | ip=null | op=WRITE_CHUNK {blockData=conID: 2 locID: 102667711835996811 bcsId: 0} | ret=SUCCESS |  
2019-08-23 18:29:18,452 | INFO  | DNAudit | user=null | ip=null | op=WRITE_CHUNK {blockData=conID: 2 locID: 102667711835996811 bcsId: 0} | ret=SUCCESS |  
2019-08-23 18:29:18,453 | INFO  | DNAudit | user=null | ip=null | op=WRITE_CHUNK {blockData=conID: 2 locID: 102667711835996811 bcsId: 0} | ret=SUCCESS |  
2019-08-23 18:29:18,458 | INFO  | DNAudit | user=null | ip=null | op=WRITE_CHUNK {blockData=conID: 2 locID: 102667711835996811 bcsId: 0} | ret=SUCCESS |  
2019-08-23 18:29:18,459 | INFO  | DNAudit | user=null | ip=null | op=PUT_BLOCK {blockData=[blockId=conID: 2 locID: 102667711835996811 bcsId: 0,size=1048576]} | ret=SUCCESS |  
2019-08-23 18:29:18,459 [grpc-default-executor-5] INFO  client.GrpcClientProtocolClient (GrpcClientProtocolClient.java:onNext(255)) - client-19C32667576E->48affcab-e6e4-4602-963a-f6a50efbd54c: receive RaftClientReply:client-19C32667576E->48affcab-e6e4-4602-963a-f6a50efbd54c@group-50C56EAF5137, cid=3067, SUCCESS, logIndex=4617, commits[48affcab-e6e4-4602-963a-f6a50efbd54c:c4618, 7e391b60-07ae-4d97-a027-4756e468c032:c4616, c5f86d96-67df-4f25-bde3-316f439d30b3:c4616]
2019-08-23 18:29:18,459 | INFO  | DNAudit | user=null | ip=null | op=WRITE_CHUNK {blockData=conID: 2 locID: 102667711835996811 bcsId: 0} | ret=SUCCESS |  
2019-08-23 18:29:18,459 | INFO  | DNAudit | user=null | ip=null | op=PUT_BLOCK {blockData=[blockId=conID: 2 locID: 102667711835996811 bcsId: 0,size=2097152]} | ret=SUCCESS |  
2019-08-23 18:29:18,460 [grpc-default-executor-5] INFO  client.GrpcClientProtocolClient (GrpcClientProtocolClient.java:onNext(255)) - client-19C32667576E->48affcab-e6e4-4602-963a-f6a50efbd54c: receive RaftClientReply:client-19C32667576E->48affcab-e6e4-4602-963a-f6a50efbd54c@group-50C56EAF5137, cid=3068, SUCCESS, logIndex=4618, commits[48affcab-e6e4-4602-963a-f6a50efbd54c:c4618, 7e391b60-07ae-4d97-a027-4756e468c032:c4616, c5f86d96-67df-4f25-bde3-316f439d30b3:c4616]
2019-08-23 18:29:18,460 [grpc-default-executor-5] INFO  client.GrpcClientProtocolClient (GrpcClientProtocolClient.java:onNext(255)) - client-19C32667576E->48affcab-e6e4-4602-963a-f6a50efbd54c: receive RaftClientReply:client-19C32667576E->48affcab-e6e4-4602-963a-f6a50efbd54c@group-50C56EAF5137, cid=3069, SUCCESS, logIndex=4619, commits[48affcab-e6e4-4602-963a-f6a50efbd54c:c4620, 7e391b60-07ae-4d97-a027-4756e468c032:c4616, c5f86d96-67df-4f25-bde3-316f439d30b3:c4616]
2019-08-23 18:29:18,460 [grpc-default-executor-5] INFO  client.GrpcClientProtocolClient (GrpcClientProtocolClient.java:onNext(255)) - client-19C32667576E->48affcab-e6e4-4602-963a-f6a50efbd54c: receive RaftClientReply:client-19C32667576E->48affcab-e6e4-4602-963a-f6a50efbd54c@group-50C56EAF5137, cid=3070, SUCCESS, logIndex=4620, commits[48affcab-e6e4-4602-963a-f6a50efbd54c:c4620, 7e391b60-07ae-4d97-a027-4756e468c032:c4616, c5f86d96-67df-4f25-bde3-316f439d30b3:c4616]
2019-08-23 18:29:18,472 | INFO  | DNAudit | user=null | ip=null | op=WRITE_CHUNK {blockData=conID: 2 locID: 102667711835996811 bcsId: 0} | ret=SUCCESS |  
2019-08-23 18:29:18,472 | INFO  | DNAudit | user=null | ip=null | op=PUT_BLOCK {blockData=[blockId=conID: 2 locID: 102667711835996811 bcsId: 0,size=1048576]} | ret=SUCCESS |  
2019-08-23 18:29:18,474 | INFO  | DNAudit | user=null | ip=null | op=WRITE_CHUNK {blockData=conID: 2 locID: 102667711835996811 bcsId: 0} | ret=SUCCESS |  
2019-08-23 18:29:18,474 | INFO  | DNAudit | user=null | ip=null | op=PUT_BLOCK {blockData=[blockId=conID: 2 locID: 102667711835996811 bcsId: 0,size=1048576]} | ret=SUCCESS |  
2019-08-23 18:29:18,474 | INFO  | DNAudit | user=null | ip=null | op=WRITE_CHUNK {blockData=conID: 2 locID: 102667711835996811 bcsId: 0} | ret=SUCCESS |  
2019-08-23 18:29:18,474 | INFO  | DNAudit | user=null | ip=null | op=PUT_BLOCK {blockData=[blockId=conID: 2 locID: 102667711835996811 bcsId: 0,size=2097152]} | ret=SUCCESS |  
2019-08-23 18:29:18,475 [grpc-default-executor-5] INFO  client.GrpcClientProtocolClient (GrpcClientProtocolClient.java:onNext(255)) - client-19C32667576E->48affcab-e6e4-4602-963a-f6a50efbd54c: receive RaftClientReply:client-19C32667576E->48affcab-e6e4-4602-963a-f6a50efbd54c@group-50C56EAF5137, cid=3071, SUCCESS, logIndex=0, commits[48affcab-e6e4-4602-963a-f6a50efbd54c:c4622, 7e391b60-07ae-4d97-a027-4756e468c032:c4618, c5f86d96-67df-4f25-bde3-316f439d30b3:c4618]
2019-08-23 18:29:18,484 | INFO  | DNAudit | user=null | ip=null | op=WRITE_CHUNK {blockData=conID: 2 locID: 102667711835996811 bcsId: 4620} | ret=SUCCESS |  
2019-08-23 18:29:18,485 | INFO  | DNAudit | user=null | ip=null | op=WRITE_CHUNK {blockData=conID: 2 locID: 102667711835996811 bcsId: 0} | ret=SUCCESS |  
2019-08-23 18:29:18,485 | INFO  | DNAudit | user=null | ip=null | op=PUT_BLOCK {blockData=[blockId=conID: 2 locID: 102667711835996811 bcsId: 0,size=2097152]} | ret=SUCCESS |  
2019-08-23 18:29:18,487 | INFO  | DNAudit | user=null | ip=null | op=WRITE_CHUNK {blockData=conID: 2 locID: 102667711835996811 bcsId: 4620} | ret=SUCCESS |  
2019-08-23 18:29:18,487 | INFO  | DNAudit | user=null | ip=null | op=WRITE_CHUNK {blockData=conID: 2 locID: 102667711835996811 bcsId: 4620} | ret=SUCCESS |  
2019-08-23 18:29:18,499 | INFO  | DNAudit | user=null | ip=null | op=WRITE_CHUNK {blockData=conID: 2 locID: 102667711835996811 bcsId: 4620} | ret=SUCCESS |  
2019-08-23 18:29:18,499 | INFO  | DNAudit | user=null | ip=null | op=PUT_BLOCK {blockData=[blockId=conID: 2 locID: 102667711835996811 bcsId: 0,size=3145728]} | ret=SUCCESS |  
2019-08-23 18:29:18,500 [grpc-default-executor-4] INFO  client.GrpcClientProtocolClient (GrpcClientProtocolClient.java:onNext(255)) - client-19C32667576E->48affcab-e6e4-4602-963a-f6a50efbd54c: receive RaftClientReply:client-19C32667576E->48affcab-e6e4-4602-963a-f6a50efbd54c@group-50C56EAF5137, cid=3072, SUCCESS, logIndex=4625, commits[48affcab-e6e4-4602-963a-f6a50efbd54c:c4626, 7e391b60-07ae-4d97-a027-4756e468c032:c4624, c5f86d96-67df-4f25-bde3-316f439d30b3:c4624]
2019-08-23 18:29:18,500 [grpc-default-executor-4] INFO  client.GrpcClientProtocolClient (GrpcClientProtocolClient.java:onNext(255)) - client-19C32667576E->48affcab-e6e4-4602-963a-f6a50efbd54c: receive RaftClientReply:client-19C32667576E->48affcab-e6e4-4602-963a-f6a50efbd54c@group-50C56EAF5137, cid=3073, SUCCESS, logIndex=4626, commits[48affcab-e6e4-4602-963a-f6a50efbd54c:c4626, 7e391b60-07ae-4d97-a027-4756e468c032:c4624, c5f86d96-67df-4f25-bde3-316f439d30b3:c4624]
2019-08-23 18:29:18,507 | INFO  | DNAudit | user=null | ip=null | op=WRITE_CHUNK {blockData=conID: 2 locID: 102667711835996811 bcsId: 4626} | ret=SUCCESS |  
2019-08-23 18:29:18,510 | INFO  | DNAudit | user=null | ip=null | op=WRITE_CHUNK {blockData=conID: 2 locID: 102667711835996811 bcsId: 4626} | ret=SUCCESS |  
2019-08-23 18:29:18,510 | INFO  | DNAudit | user=null | ip=null | op=WRITE_CHUNK {blockData=conID: 2 locID: 102667711835996811 bcsId: 4626} | ret=SUCCESS |  
2019-08-23 18:29:18,512 | INFO  | DNAudit | user=null | ip=null | op=WRITE_CHUNK {blockData=conID: 2 locID: 102667711835996811 bcsId: 4620} | ret=SUCCESS |  
2019-08-23 18:29:18,512 | INFO  | DNAudit | user=null | ip=null | op=WRITE_CHUNK {blockData=conID: 2 locID: 102667711835996811 bcsId: 4620} | ret=SUCCESS |  
2019-08-23 18:29:18,512 | INFO  | DNAudit | user=null | ip=null | op=PUT_BLOCK {blockData=[blockId=conID: 2 locID: 102667711835996811 bcsId: 0,size=3145728]} | ret=SUCCESS |  
2019-08-23 18:29:18,512 | INFO  | DNAudit | user=null | ip=null | op=PUT_BLOCK {blockData=[blockId=conID: 2 locID: 102667711835996811 bcsId: 0,size=3145728]} | ret=SUCCESS |  
2019-08-23 18:29:18,515 | INFO  | DNAudit | user=null | ip=null | op=WRITE_CHUNK {blockData=conID: 2 locID: 102667711835996811 bcsId: 4626} | ret=SUCCESS |  
2019-08-23 18:29:18,518 | INFO  | DNAudit | user=null | ip=null | op=PUT_BLOCK {blockData=[blockId=conID: 2 locID: 102667711835996811 bcsId: 0,size=4194304]} | ret=SUCCESS |  
2019-08-23 18:29:18,518 [grpc-default-executor-0] INFO  client.GrpcClientProtocolClient (GrpcClientProtocolClient.java:onNext(255)) - client-19C32667576E->48affcab-e6e4-4602-963a-f6a50efbd54c: receive RaftClientReply:client-19C32667576E->48affcab-e6e4-4602-963a-f6a50efbd54c@group-50C56EAF5137, cid=3074, SUCCESS, logIndex=4629, commits[48affcab-e6e4-4602-963a-f6a50efbd54c:c4630, 7e391b60-07ae-4d97-a027-4756e468c032:c4626, c5f86d96-67df-4f25-bde3-316f439d30b3:c4626]
2019-08-23 18:29:18,519 | INFO  | DNAudit | user=null | ip=null | op=WRITE_CHUNK {blockData=conID: 2 locID: 102667711835996811 bcsId: 4626} | ret=SUCCESS |  
2019-08-23 18:29:18,519 | INFO  | DNAudit | user=null | ip=null | op=WRITE_CHUNK {blockData=conID: 2 locID: 102667711835996811 bcsId: 4626} | ret=SUCCESS |  
2019-08-23 18:29:18,519 [grpc-default-executor-0] INFO  client.GrpcClientProtocolClient (GrpcClientProtocolClient.java:onNext(255)) - client-19C32667576E->48affcab-e6e4-4602-963a-f6a50efbd54c: receive RaftClientReply:client-19C32667576E->48affcab-e6e4-4602-963a-f6a50efbd54c@group-50C56EAF5137, cid=3075, SUCCESS, logIndex=4630, commits[48affcab-e6e4-4602-963a-f6a50efbd54c:c4630, 7e391b60-07ae-4d97-a027-4756e468c032:c4626, c5f86d96-67df-4f25-bde3-316f439d30b3:c4626]
2019-08-23 18:29:18,519 | INFO  | DNAudit | user=null | ip=null | op=PUT_BLOCK {blockData=[blockId=conID: 2 locID: 102667711835996811 bcsId: 0,size=4194304]} | ret=SUCCESS |  
2019-08-23 18:29:18,519 | INFO  | DNAudit | user=null | ip=null | op=PUT_BLOCK {blockData=[blockId=conID: 2 locID: 102667711835996811 bcsId: 0,size=4194304]} | ret=SUCCESS |  
2019-08-23 18:29:18,520 [grpc-default-executor-0] INFO  client.GrpcClientProtocolClient (GrpcClientProtocolClient.java:onNext(255)) - client-19C32667576E->48affcab-e6e4-4602-963a-f6a50efbd54c: receive RaftClientReply:client-19C32667576E->48affcab-e6e4-4602-963a-f6a50efbd54c@group-50C56EAF5137, cid=3076, SUCCESS, logIndex=0, commits[48affcab-e6e4-4602-963a-f6a50efbd54c:c4631, 7e391b60-07ae-4d97-a027-4756e468c032:c4630, c5f86d96-67df-4f25-bde3-316f439d30b3:c4630]
2019-08-23 18:29:18,527 | INFO  | SCMAudit | user=jenkins1000 | ip=192.168.34.23 | op=ALLOCATE_BLOCK {owner=1ceb8b80-28f1-43fd-86c3-175afc07b8d1, size=4194304, type=RATIS, factor=THREE} | ret=SUCCESS |  
2019-08-23 18:29:18,531 | INFO  | OMAudit | user=jenkins1000 | ip=127.0.0.1 | op=ALLOCATE_BLOCK {volume=vol-0-45438, bucket=bucket-0-23891, key=key-0-22455, dataSize=0, replicationType=null, replicationFactor=null, keyLocationInfo=null, clientID=102667710122492306} | ret=SUCCESS |  
2019-08-23 18:29:18,540 | INFO  | DNAudit | user=null | ip=null | op=WRITE_CHUNK {blockData=conID: 3 locID: 102667711842026124 bcsId: 0} | ret=SUCCESS |  
2019-08-23 18:29:18,543 | INFO  | DNAudit | user=null | ip=null | op=WRITE_CHUNK {blockData=conID: 3 locID: 102667711842026124 bcsId: 0} | ret=SUCCESS |  
2019-08-23 18:29:18,543 | INFO  | DNAudit | user=null | ip=null | op=WRITE_CHUNK {blockData=conID: 3 locID: 102667711842026124 bcsId: 0} | ret=SUCCESS |  
2019-08-23 18:29:18,543 | INFO  | DNAudit | user=null | ip=null | op=WRITE_CHUNK {blockData=conID: 3 locID: 102667711842026124 bcsId: 0} | ret=SUCCESS |  
2019-08-23 18:29:18,545 | INFO  | DNAudit | user=null | ip=null | op=WRITE_CHUNK {blockData=conID: 3 locID: 102667711842026124 bcsId: 0} | ret=SUCCESS |  
2019-08-23 18:29:18,546 | INFO  | DNAudit | user=null | ip=null | op=WRITE_CHUNK {blockData=conID: 3 locID: 102667711842026124 bcsId: 0} | ret=SUCCESS |  
2019-08-23 18:29:18,546 | INFO  | DNAudit | user=null | ip=null | op=PUT_BLOCK {blockData=[blockId=conID: 3 locID: 102667711842026124 bcsId: 0,size=1048576]} | ret=SUCCESS |  
2019-08-23 18:29:18,547 | INFO  | DNAudit | user=null | ip=null | op=WRITE_CHUNK {blockData=conID: 3 locID: 102667711842026124 bcsId: 0} | ret=SUCCESS |  
2019-08-23 18:29:18,547 [grpc-default-executor-4] INFO  client.GrpcClientProtocolClient (GrpcClientProtocolClient.java:onNext(255)) - client-19C32667576E->48affcab-e6e4-4602-963a-f6a50efbd54c: receive RaftClientReply:client-19C32667576E->48affcab-e6e4-4602-963a-f6a50efbd54c@group-50C56EAF5137, cid=3077, SUCCESS, logIndex=4633, commits[48affcab-e6e4-4602-963a-f6a50efbd54c:c4634, 7e391b60-07ae-4d97-a027-4756e468c032:c4630, c5f86d96-67df-4f25-bde3-316f439d30b3:c4632]
2019-08-23 18:29:18,547 [grpc-default-executor-4] INFO  client.GrpcClientProtocolClient (GrpcClientProtocolClient.java:onNext(255)) - client-19C32667576E->48affcab-e6e4-4602-963a-f6a50efbd54c: receive RaftClientReply:client-19C32667576E->48affcab-e6e4-4602-963a-f6a50efbd54c@group-50C56EAF5137, cid=3078, SUCCESS, logIndex=4634, commits[48affcab-e6e4-4602-963a-f6a50efbd54c:c4634, 7e391b60-07ae-4d97-a027-4756e468c032:c4630, c5f86d96-67df-4f25-bde3-316f439d30b3:c4632]
2019-08-23 18:29:18,549 | INFO  | DNAudit | user=null | ip=null | op=WRITE_CHUNK {blockData=conID: 3 locID: 102667711842026124 bcsId: 0} | ret=SUCCESS |  
2019-08-23 18:29:18,549 | INFO  | DNAudit | user=null | ip=null | op=PUT_BLOCK {blockData=[blockId=conID: 3 locID: 102667711842026124 bcsId: 0,size=2097152]} | ret=SUCCESS |  
2019-08-23 18:29:18,550 [grpc-default-executor-4] INFO  client.GrpcClientProtocolClient (GrpcClientProtocolClient.java:onNext(255)) - client-19C32667576E->48affcab-e6e4-4602-963a-f6a50efbd54c: receive RaftClientReply:client-19C32667576E->48affcab-e6e4-4602-963a-f6a50efbd54c@group-50C56EAF5137, cid=3079, SUCCESS, logIndex=4635, commits[48affcab-e6e4-4602-963a-f6a50efbd54c:c4636, 7e391b60-07ae-4d97-a027-4756e468c032:c4632, c5f86d96-67df-4f25-bde3-316f439d30b3:c4632]
2019-08-23 18:29:18,550 [grpc-default-executor-4] INFO  client.GrpcClientProtocolClient (GrpcClientProtocolClient.java:onNext(255)) - client-19C32667576E->48affcab-e6e4-4602-963a-f6a50efbd54c: receive RaftClientReply:client-19C32667576E->48affcab-e6e4-4602-963a-f6a50efbd54c@group-50C56EAF5137, cid=3080, SUCCESS, logIndex=4636, commits[48affcab-e6e4-4602-963a-f6a50efbd54c:c4636, 7e391b60-07ae-4d97-a027-4756e468c032:c4632, c5f86d96-67df-4f25-bde3-316f439d30b3:c4632]
2019-08-23 18:29:18,551 | INFO  | DNAudit | user=null | ip=null | op=WRITE_CHUNK {blockData=conID: 3 locID: 102667711842026124 bcsId: 0} | ret=SUCCESS |  
2019-08-23 18:29:18,551 | INFO  | DNAudit | user=null | ip=null | op=PUT_BLOCK {blockData=[blockId=conID: 3 locID: 102667711842026124 bcsId: 0,size=1048576]} | ret=SUCCESS |  
2019-08-23 18:29:18,552 | INFO  | DNAudit | user=null | ip=null | op=WRITE_CHUNK {blockData=conID: 3 locID: 102667711842026124 bcsId: 0} | ret=SUCCESS |  
2019-08-23 18:29:18,552 | INFO  | DNAudit | user=null | ip=null | op=PUT_BLOCK {blockData=[blockId=conID: 3 locID: 102667711842026124 bcsId: 0,size=1048576]} | ret=SUCCESS |  
2019-08-23 18:29:18,553 [grpc-default-executor-4] INFO  client.GrpcClientProtocolClient (GrpcClientProtocolClient.java:onNext(255)) - client-19C32667576E->48affcab-e6e4-4602-963a-f6a50efbd54c: receive RaftClientReply:client-19C32667576E->48affcab-e6e4-4602-963a-f6a50efbd54c@group-50C56EAF5137, cid=3081, SUCCESS, logIndex=0, commits[48affcab-e6e4-4602-963a-f6a50efbd54c:c4638, 7e391b60-07ae-4d97-a027-4756e468c032:c4634, c5f86d96-67df-4f25-bde3-316f439d30b3:c4634]
2019-08-23 18:29:18,554 | INFO  | DNAudit | user=null | ip=null | op=WRITE_CHUNK {blockData=conID: 3 locID: 102667711842026124 bcsId: 0} | ret=SUCCESS |  
2019-08-23 18:29:18,554 | INFO  | DNAudit | user=null | ip=null | op=PUT_BLOCK {blockData=[blockId=conID: 3 locID: 102667711842026124 bcsId: 0,size=2097152]} | ret=SUCCESS |  
2019-08-23 18:29:18,556 | INFO  | DNAudit | user=null | ip=null | op=WRITE_CHUNK {blockData=conID: 3 locID: 102667711842026124 bcsId: 0} | ret=SUCCESS |  
2019-08-23 18:29:18,556 | INFO  | DNAudit | user=null | ip=null | op=PUT_BLOCK {blockData=[blockId=conID: 3 locID: 102667711842026124 bcsId: 0,size=2097152]} | ret=SUCCESS |  
2019-08-23 18:29:18,561 | INFO  | DNAudit | user=null | ip=null | op=WRITE_CHUNK {blockData=conID: 3 locID: 102667711842026124 bcsId: 4636} | ret=SUCCESS |  
2019-08-23 18:29:18,564 | INFO  | DNAudit | user=null | ip=null | op=WRITE_CHUNK {blockData=conID: 3 locID: 102667711842026124 bcsId: 4636} | ret=SUCCESS |  
2019-08-23 18:29:18,564 | INFO  | DNAudit | user=null | ip=null | op=WRITE_CHUNK {blockData=conID: 3 locID: 102667711842026124 bcsId: 4636} | ret=SUCCESS |  
2019-08-23 18:29:18,568 | INFO  | DNAudit | user=null | ip=null | op=WRITE_CHUNK {blockData=conID: 3 locID: 102667711842026124 bcsId: 4636} | ret=SUCCESS |  
2019-08-23 18:29:18,568 | INFO  | DNAudit | user=null | ip=null | op=PUT_BLOCK {blockData=[blockId=conID: 3 locID: 102667711842026124 bcsId: 0,size=3145728]} | ret=SUCCESS |  
2019-08-23 18:29:18,569 | INFO  | DNAudit | user=null | ip=null | op=WRITE_CHUNK {blockData=conID: 3 locID: 102667711842026124 bcsId: 4636} | ret=SUCCESS |  
2019-08-23 18:29:18,569 [grpc-default-executor-4] INFO  client.GrpcClientProtocolClient (GrpcClientProtocolClient.java:onNext(255)) - client-19C32667576E->48affcab-e6e4-4602-963a-f6a50efbd54c: receive RaftClientReply:client-19C32667576E->48affcab-e6e4-4602-963a-f6a50efbd54c@group-50C56EAF5137, cid=3082, SUCCESS, logIndex=4641, commits[48affcab-e6e4-4602-963a-f6a50efbd54c:c4642, 7e391b60-07ae-4d97-a027-4756e468c032:c4640, c5f86d96-67df-4f25-bde3-316f439d30b3:c4640]
2019-08-23 18:29:18,569 | INFO  | DNAudit | user=null | ip=null | op=PUT_BLOCK {blockData=[blockId=conID: 3 locID: 102667711842026124 bcsId: 0,size=3145728]} | ret=SUCCESS |  
2019-08-23 18:29:18,569 [grpc-default-executor-4] INFO  client.GrpcClientProtocolClient (GrpcClientProtocolClient.java:onNext(255)) - client-19C32667576E->48affcab-e6e4-4602-963a-f6a50efbd54c: receive RaftClientReply:client-19C32667576E->48affcab-e6e4-4602-963a-f6a50efbd54c@group-50C56EAF5137, cid=3083, SUCCESS, logIndex=4642, commits[48affcab-e6e4-4602-963a-f6a50efbd54c:c4642, 7e391b60-07ae-4d97-a027-4756e468c032:c4640, c5f86d96-67df-4f25-bde3-316f439d30b3:c4640]
2019-08-23 18:29:18,570 | INFO  | DNAudit | user=null | ip=null | op=WRITE_CHUNK {blockData=conID: 3 locID: 102667711842026124 bcsId: 4636} | ret=SUCCESS |  
2019-08-23 18:29:18,571 | INFO  | DNAudit | user=null | ip=null | op=PUT_BLOCK {blockData=[blockId=conID: 3 locID: 102667711842026124 bcsId: 0,size=3145728]} | ret=SUCCESS |  
2019-08-23 18:29:18,576 | INFO  | DNAudit | user=null | ip=null | op=WRITE_CHUNK {blockData=conID: 3 locID: 102667711842026124 bcsId: 4642} | ret=SUCCESS |  
2019-08-23 18:29:18,578 | INFO  | DNAudit | user=null | ip=null | op=WRITE_CHUNK {blockData=conID: 3 locID: 102667711842026124 bcsId: 4642} | ret=SUCCESS |  
2019-08-23 18:29:18,579 | INFO  | DNAudit | user=null | ip=null | op=WRITE_CHUNK {blockData=conID: 3 locID: 102667711842026124 bcsId: 4642} | ret=SUCCESS |  
2019-08-23 18:29:18,581 | INFO  | DNAudit | user=null | ip=null | op=WRITE_CHUNK {blockData=conID: 3 locID: 102667711842026124 bcsId: 4642} | ret=SUCCESS |  
2019-08-23 18:29:18,581 | INFO  | DNAudit | user=null | ip=null | op=PUT_BLOCK {blockData=[blockId=conID: 3 locID: 102667711842026124 bcsId: 0,size=4194304]} | ret=SUCCESS |  
2019-08-23 18:29:18,582 [grpc-default-executor-3] INFO  client.GrpcClientProtocolClient (GrpcClientProtocolClient.java:onNext(255)) - client-19C32667576E->48affcab-e6e4-4602-963a-f6a50efbd54c: receive RaftClientReply:client-19C32667576E->48affcab-e6e4-4602-963a-f6a50efbd54c@group-50C56EAF5137, cid=3084, SUCCESS, logIndex=4645, commits[48affcab-e6e4-4602-963a-f6a50efbd54c:c4646, 7e391b60-07ae-4d97-a027-4756e468c032:c4644, c5f86d96-67df-4f25-bde3-316f439d30b3:c4642]
2019-08-23 18:29:18,582 [grpc-default-executor-3] INFO  client.GrpcClientProtocolClient (GrpcClientProtocolClient.java:onNext(255)) - client-19C32667576E->48affcab-e6e4-4602-963a-f6a50efbd54c: receive RaftClientReply:client-19C32667576E->48affcab-e6e4-4602-963a-f6a50efbd54c@group-50C56EAF5137, cid=3085, SUCCESS, logIndex=4646, commits[48affcab-e6e4-4602-963a-f6a50efbd54c:c4646, 7e391b60-07ae-4d97-a027-4756e468c032:c4644, c5f86d96-67df-4f25-bde3-316f439d30b3:c4644]
2019-08-23 18:29:18,584 | INFO  | DNAudit | user=null | ip=null | op=WRITE_CHUNK {blockData=conID: 3 locID: 102667711842026124 bcsId: 4642} | ret=SUCCESS |  
2019-08-23 18:29:18,584 | INFO  | DNAudit | user=null | ip=null | op=WRITE_CHUNK {blockData=conID: 3 locID: 102667711842026124 bcsId: 4642} | ret=SUCCESS |  
2019-08-23 18:29:18,584 | INFO  | DNAudit | user=null | ip=null | op=PUT_BLOCK {blockData=[blockId=conID: 3 locID: 102667711842026124 bcsId: 0,size=4194304]} | ret=SUCCESS |  
2019-08-23 18:29:18,584 | INFO  | DNAudit | user=null | ip=null | op=PUT_BLOCK {blockData=[blockId=conID: 3 locID: 102667711842026124 bcsId: 0,size=4194304]} | ret=SUCCESS |  
2019-08-23 18:29:18,584 [grpc-default-executor-3] INFO  client.GrpcClientProtocolClient (GrpcClientProtocolClient.java:onNext(255)) - client-19C32667576E->48affcab-e6e4-4602-963a-f6a50efbd54c: receive RaftClientReply:client-19C32667576E->48affcab-e6e4-4602-963a-f6a50efbd54c@group-50C56EAF5137, cid=3086, SUCCESS, logIndex=0, commits[48affcab-e6e4-4602-963a-f6a50efbd54c:c4647, 7e391b60-07ae-4d97-a027-4756e468c032:c4646, c5f86d96-67df-4f25-bde3-316f439d30b3:c4646]
2019-08-23 18:29:18,594 | INFO  | SCMAudit | user=jenkins1000 | ip=192.168.34.23 | op=ALLOCATE_BLOCK {owner=1ceb8b80-28f1-43fd-86c3-175afc07b8d1, size=4194304, type=RATIS, factor=THREE} | ret=SUCCESS |  
2019-08-23 18:29:18,599 | INFO  | OMAudit | user=jenkins1000 | ip=127.0.0.1 | op=ALLOCATE_BLOCK {volume=vol-0-45438, bucket=bucket-0-23891, key=key-0-22455, dataSize=0, replicationType=null, replicationFactor=null, keyLocationInfo=null, clientID=102667710122492306} | ret=SUCCESS |  
2019-08-23 18:29:18,608 | INFO  | DNAudit | user=null | ip=null | op=WRITE_CHUNK {blockData=conID: 1 locID: 102667711846417037 bcsId: 0} | ret=SUCCESS |  
2019-08-23 18:29:18,611 | INFO  | DNAudit | user=null | ip=null | op=WRITE_CHUNK {blockData=conID: 1 locID: 102667711846417037 bcsId: 0} | ret=SUCCESS |  
2019-08-23 18:29:18,612 | INFO  | DNAudit | user=null | ip=null | op=WRITE_CHUNK {blockData=conID: 1 locID: 102667711846417037 bcsId: 0} | ret=SUCCESS |  
2019-08-23 18:29:18,612 | INFO  | DNAudit | user=null | ip=null | op=WRITE_CHUNK {blockData=conID: 1 locID: 102667711846417037 bcsId: 0} | ret=SUCCESS |  
2019-08-23 18:29:18,615 | INFO  | DNAudit | user=null | ip=null | op=WRITE_CHUNK {blockData=conID: 1 locID: 102667711846417037 bcsId: 0} | ret=SUCCESS |  
2019-08-23 18:29:18,615 | INFO  | DNAudit | user=null | ip=null | op=PUT_BLOCK {blockData=[blockId=conID: 1 locID: 102667711846417037 bcsId: 0,size=1048576]} | ret=SUCCESS |  
2019-08-23 18:29:18,616 [grpc-default-executor-5] INFO  client.GrpcClientProtocolClient (GrpcClientProtocolClient.java:onNext(255)) - client-19C32667576E->48affcab-e6e4-4602-963a-f6a50efbd54c: receive RaftClientReply:client-19C32667576E->48affcab-e6e4-4602-963a-f6a50efbd54c@group-50C56EAF5137, cid=3087, SUCCESS, logIndex=4649, commits[48affcab-e6e4-4602-963a-f6a50efbd54c:c4650, 7e391b60-07ae-4d97-a027-4756e468c032:c4648, c5f86d96-67df-4f25-bde3-316f439d30b3:c4648]
2019-08-23 18:29:18,616 [grpc-default-executor-5] INFO  client.GrpcClientProtocolClient (GrpcClientProtocolClient.java:onNext(255)) - client-19C32667576E->48affcab-e6e4-4602-963a-f6a50efbd54c: receive RaftClientReply:client-19C32667576E->48affcab-e6e4-4602-963a-f6a50efbd54c@group-50C56EAF5137, cid=3088, SUCCESS, logIndex=4650, commits[48affcab-e6e4-4602-963a-f6a50efbd54c:c4650, 7e391b60-07ae-4d97-a027-4756e468c032:c4648, c5f86d96-67df-4f25-bde3-316f439d30b3:c4648]
2019-08-23 18:29:18,618 | INFO  | DNAudit | user=null | ip=null | op=WRITE_CHUNK {blockData=conID: 1 locID: 102667711846417037 bcsId: 0} | ret=SUCCESS |  
2019-08-23 18:29:18,618 | INFO  | DNAudit | user=null | ip=null | op=WRITE_CHUNK {blockData=conID: 1 locID: 102667711846417037 bcsId: 0} | ret=SUCCESS |  
2019-08-23 18:29:18,620 | INFO  | DNAudit | user=null | ip=null | op=WRITE_CHUNK {blockData=conID: 1 locID: 102667711846417037 bcsId: 0} | ret=SUCCESS |  
2019-08-23 18:29:18,621 | INFO  | DNAudit | user=null | ip=null | op=PUT_BLOCK {blockData=[blockId=conID: 1 locID: 102667711846417037 bcsId: 0,size=1048576]} | ret=SUCCESS |  
2019-08-23 18:29:18,621 | INFO  | DNAudit | user=null | ip=null | op=WRITE_CHUNK {blockData=conID: 1 locID: 102667711846417037 bcsId: 0} | ret=SUCCESS |  
2019-08-23 18:29:18,621 | INFO  | DNAudit | user=null | ip=null | op=PUT_BLOCK {blockData=[blockId=conID: 1 locID: 102667711846417037 bcsId: 0,size=2097152]} | ret=SUCCESS |  
2019-08-23 18:29:18,621 | INFO  | DNAudit | user=null | ip=null | op=WRITE_CHUNK {blockData=conID: 1 locID: 102667711846417037 bcsId: 0} | ret=SUCCESS |  
2019-08-23 18:29:18,621 | INFO  | DNAudit | user=null | ip=null | op=PUT_BLOCK {blockData=[blockId=conID: 1 locID: 102667711846417037 bcsId: 0,size=1048576]} | ret=SUCCESS |  
2019-08-23 18:29:18,621 [grpc-default-executor-4] INFO  client.GrpcClientProtocolClient (GrpcClientProtocolClient.java:onNext(255)) - client-19C32667576E->48affcab-e6e4-4602-963a-f6a50efbd54c: receive RaftClientReply:client-19C32667576E->48affcab-e6e4-4602-963a-f6a50efbd54c@group-50C56EAF5137, cid=3089, SUCCESS, logIndex=4651, commits[48affcab-e6e4-4602-963a-f6a50efbd54c:c4654, 7e391b60-07ae-4d97-a027-4756e468c032:c4648, c5f86d96-67df-4f25-bde3-316f439d30b3:c4650]
2019-08-23 18:29:18,622 [grpc-default-executor-4] INFO  client.GrpcClientProtocolClient (GrpcClientProtocolClient.java:onNext(255)) - client-19C32667576E->48affcab-e6e4-4602-963a-f6a50efbd54c: receive RaftClientReply:client-19C32667576E->48affcab-e6e4-4602-963a-f6a50efbd54c@group-50C56EAF5137, cid=3090, SUCCESS, logIndex=4652, commits[48affcab-e6e4-4602-963a-f6a50efbd54c:c4654, 7e391b60-07ae-4d97-a027-4756e468c032:c4648, c5f86d96-67df-4f25-bde3-316f439d30b3:c4650]
2019-08-23 18:29:18,622 | INFO  | DNAudit | user=null | ip=null | op=WRITE_CHUNK {blockData=conID: 1 locID: 102667711846417037 bcsId: 0} | ret=SUCCESS |  
2019-08-23 18:29:18,622 | INFO  | DNAudit | user=null | ip=null | op=PUT_BLOCK {blockData=[blockId=conID: 1 locID: 102667711846417037 bcsId: 0,size=2097152]} | ret=SUCCESS |  
2019-08-23 18:29:18,622 [grpc-default-executor-4] INFO  client.GrpcClientProtocolClient (GrpcClientProtocolClient.java:onNext(255)) - client-19C32667576E->48affcab-e6e4-4602-963a-f6a50efbd54c: receive RaftClientReply:client-19C32667576E->48affcab-e6e4-4602-963a-f6a50efbd54c@group-50C56EAF5137, cid=3091, SUCCESS, logIndex=0, commits[48affcab-e6e4-4602-963a-f6a50efbd54c:c4654, 7e391b60-07ae-4d97-a027-4756e468c032:c4650, c5f86d96-67df-4f25-bde3-316f439d30b3:c4650]
2019-08-23 18:29:18,625 | INFO  | DNAudit | user=null | ip=null | op=WRITE_CHUNK {blockData=conID: 1 locID: 102667711846417037 bcsId: 0} | ret=SUCCESS |  
2019-08-23 18:29:18,626 | INFO  | DNAudit | user=null | ip=null | op=PUT_BLOCK {blockData=[blockId=conID: 1 locID: 102667711846417037 bcsId: 0,size=2097152]} | ret=SUCCESS |  
2019-08-23 18:29:18,630 | INFO  | DNAudit | user=null | ip=null | op=WRITE_CHUNK {blockData=conID: 1 locID: 102667711846417037 bcsId: 4652} | ret=SUCCESS |  
2019-08-23 18:29:18,632 | INFO  | DNAudit | user=null | ip=null | op=WRITE_CHUNK {blockData=conID: 1 locID: 102667711846417037 bcsId: 4652} | ret=SUCCESS |  
2019-08-23 18:29:18,632 | INFO  | DNAudit | user=null | ip=null | op=WRITE_CHUNK {blockData=conID: 1 locID: 102667711846417037 bcsId: 4652} | ret=SUCCESS |  
2019-08-23 18:29:18,649 | INFO  | DNAudit | user=null | ip=null | op=WRITE_CHUNK {blockData=conID: 1 locID: 102667711846417037 bcsId: 4652} | ret=SUCCESS |  
2019-08-23 18:29:18,649 | INFO  | DNAudit | user=null | ip=null | op=PUT_BLOCK {blockData=[blockId=conID: 1 locID: 102667711846417037 bcsId: 0,size=3145728]} | ret=SUCCESS |  
2019-08-23 18:29:18,649 [grpc-default-executor-5] INFO  client.GrpcClientProtocolClient (GrpcClientProtocolClient.java:onNext(255)) - client-19C32667576E->48affcab-e6e4-4602-963a-f6a50efbd54c: receive RaftClientReply:client-19C32667576E->48affcab-e6e4-4602-963a-f6a50efbd54c@group-50C56EAF5137, cid=3092, SUCCESS, logIndex=4657, commits[48affcab-e6e4-4602-963a-f6a50efbd54c:c4658, 7e391b60-07ae-4d97-a027-4756e468c032:c4653, c5f86d96-67df-4f25-bde3-316f439d30b3:c4656]
2019-08-23 18:29:18,650 [grpc-default-executor-5] INFO  client.GrpcClientProtocolClient (GrpcClientProtocolClient.java:onNext(255)) - client-19C32667576E->48affcab-e6e4-4602-963a-f6a50efbd54c: receive RaftClientReply:client-19C32667576E->48affcab-e6e4-4602-963a-f6a50efbd54c@group-50C56EAF5137, cid=3093, SUCCESS, logIndex=4658, commits[48affcab-e6e4-4602-963a-f6a50efbd54c:c4658, 7e391b60-07ae-4d97-a027-4756e468c032:c4656, c5f86d96-67df-4f25-bde3-316f439d30b3:c4656]
2019-08-23 18:29:18,653 | INFO  | DNAudit | user=null | ip=null | op=WRITE_CHUNK {blockData=conID: 1 locID: 102667711846417037 bcsId: 4652} | ret=SUCCESS |  
2019-08-23 18:29:18,653 | INFO  | DNAudit | user=null | ip=null | op=WRITE_CHUNK {blockData=conID: 1 locID: 102667711846417037 bcsId: 4652} | ret=SUCCESS |  
2019-08-23 18:29:18,653 | INFO  | DNAudit | user=null | ip=null | op=PUT_BLOCK {blockData=[blockId=conID: 1 locID: 102667711846417037 bcsId: 0,size=3145728]} | ret=SUCCESS |  
2019-08-23 18:29:18,653 | INFO  | DNAudit | user=null | ip=null | op=PUT_BLOCK {blockData=[blockId=conID: 1 locID: 102667711846417037 bcsId: 0,size=3145728]} | ret=SUCCESS |  
2019-08-23 18:29:18,659 | INFO  | DNAudit | user=null | ip=null | op=WRITE_CHUNK {blockData=conID: 1 locID: 102667711846417037 bcsId: 4658} | ret=SUCCESS |  
2019-08-23 18:29:18,661 | INFO  | DNAudit | user=null | ip=null | op=WRITE_CHUNK {blockData=conID: 1 locID: 102667711846417037 bcsId: 4658} | ret=SUCCESS |  
2019-08-23 18:29:18,662 | INFO  | DNAudit | user=null | ip=null | op=WRITE_CHUNK {blockData=conID: 1 locID: 102667711846417037 bcsId: 4658} | ret=SUCCESS |  
2019-08-23 18:29:18,666 | INFO  | DNAudit | user=null | ip=null | op=WRITE_CHUNK {blockData=conID: 1 locID: 102667711846417037 bcsId: 4658} | ret=SUCCESS |  
2019-08-23 18:29:18,667 | INFO  | SCMAudit | user=jenkins1000 | ip=192.168.34.23 | op=SEND_HEARTBEAT {datanodeUUID=c83cddd0-22b5-491d-bff0-a36373498de2, command=[]} | ret=SUCCESS |  
2019-08-23 18:29:18,667 | INFO  | DNAudit | user=null | ip=null | op=PUT_BLOCK {blockData=[blockId=conID: 1 locID: 102667711846417037 bcsId: 0,size=4194304]} | ret=SUCCESS |  
 0.00% |█                                                                                                    |  0/1 Time: 0:00:262019-08-23 18:29:18,667 [grpc-default-executor-4] INFO  client.GrpcClientProtocolClient (GrpcClientProtocolClient.java:onNext(255)) - client-19C32667576E->48affcab-e6e4-4602-963a-f6a50efbd54c: receive RaftClientReply:client-19C32667576E->48affcab-e6e4-4602-963a-f6a50efbd54c@group-50C56EAF5137, cid=3094, SUCCESS, logIndex=4661, commits[48affcab-e6e4-4602-963a-f6a50efbd54c:c4662, 7e391b60-07ae-4d97-a027-4756e468c032:c4659, c5f86d96-67df-4f25-bde3-316f439d30b3:c4658]
2019-08-23 18:29:18,668 [grpc-default-executor-4] INFO  client.GrpcClientProtocolClient (GrpcClientProtocolClient.java:onNext(255)) - client-19C32667576E->48affcab-e6e4-4602-963a-f6a50efbd54c: receive RaftClientReply:client-19C32667576E->48affcab-e6e4-4602-963a-f6a50efbd54c@group-50C56EAF5137, cid=3095, SUCCESS, logIndex=4662, commits[48affcab-e6e4-4602-963a-f6a50efbd54c:c4662, 7e391b60-07ae-4d97-a027-4756e468c032:c4659, c5f86d96-67df-4f25-bde3-316f439d30b3:c4659]
2019-08-23 18:29:18,678 | INFO  | DNAudit | user=null | ip=null | op=WRITE_CHUNK {blockData=conID: 1 locID: 102667711846417037 bcsId: 4658} | ret=SUCCESS |  
2019-08-23 18:29:18,678 | INFO  | DNAudit | user=null | ip=null | op=WRITE_CHUNK {blockData=conID: 1 locID: 102667711846417037 bcsId: 4658} | ret=SUCCESS |  
2019-08-23 18:29:18,679 | INFO  | DNAudit | user=null | ip=null | op=PUT_BLOCK {blockData=[blockId=conID: 1 locID: 102667711846417037 bcsId: 0,size=4194304]} | ret=SUCCESS |  
2019-08-23 18:29:18,679 | INFO  | DNAudit | user=null | ip=null | op=PUT_BLOCK {blockData=[blockId=conID: 1 locID: 102667711846417037 bcsId: 0,size=4194304]} | ret=SUCCESS |  
2019-08-23 18:29:18,680 [grpc-default-executor-4] INFO  client.GrpcClientProtocolClient (GrpcClientProtocolClient.java:onNext(255)) - client-19C32667576E->48affcab-e6e4-4602-963a-f6a50efbd54c: receive RaftClientReply:client-19C32667576E->48affcab-e6e4-4602-963a-f6a50efbd54c@group-50C56EAF5137, cid=3096, SUCCESS, logIndex=0, commits[48affcab-e6e4-4602-963a-f6a50efbd54c:c4663, 7e391b60-07ae-4d97-a027-4756e468c032:c4662, c5f86d96-67df-4f25-bde3-316f439d30b3:c4662]
2019-08-23 18:29:18,689 | INFO  | SCMAudit | user=jenkins1000 | ip=192.168.34.23 | op=ALLOCATE_BLOCK {owner=1ceb8b80-28f1-43fd-86c3-175afc07b8d1, size=4194304, type=RATIS, factor=THREE} | ret=SUCCESS |  
2019-08-23 18:29:18,695 | INFO  | OMAudit | user=jenkins1000 | ip=127.0.0.1 | op=ALLOCATE_BLOCK {volume=vol-0-45438, bucket=bucket-0-23891, key=key-0-22455, dataSize=0, replicationType=null, replicationFactor=null, keyLocationInfo=null, clientID=102667710122492306} | ret=SUCCESS |  
2019-08-23 18:29:18,702 | INFO  | DNAudit | user=null | ip=null | op=WRITE_CHUNK {blockData=conID: 2 locID: 102667711852642958 bcsId: 0} | ret=SUCCESS |  
2019-08-23 18:29:18,705 | INFO  | DNAudit | user=null | ip=null | op=WRITE_CHUNK {blockData=conID: 2 locID: 102667711852642958 bcsId: 0} | ret=SUCCESS |  
2019-08-23 18:29:18,708 | INFO  | DNAudit | user=null | ip=null | op=WRITE_CHUNK {blockData=conID: 2 locID: 102667711852642958 bcsId: 0} | ret=SUCCESS |  
2019-08-23 18:29:18,708 | INFO  | DNAudit | user=null | ip=null | op=WRITE_CHUNK {blockData=conID: 2 locID: 102667711852642958 bcsId: 0} | ret=SUCCESS |  
2019-08-23 18:29:18,711 | INFO  | DNAudit | user=null | ip=null | op=WRITE_CHUNK {blockData=conID: 2 locID: 102667711852642958 bcsId: 0} | ret=SUCCESS |  
2019-08-23 18:29:18,711 | INFO  | DNAudit | user=null | ip=null | op=WRITE_CHUNK {blockData=conID: 2 locID: 102667711852642958 bcsId: 0} | ret=SUCCESS |  
2019-08-23 18:29:18,715 | INFO  | DNAudit | user=null | ip=null | op=WRITE_CHUNK {blockData=conID: 2 locID: 102667711852642958 bcsId: 0} | ret=SUCCESS |  
2019-08-23 18:29:18,716 | INFO  | DNAudit | user=null | ip=null | op=PUT_BLOCK {blockData=[blockId=conID: 2 locID: 102667711852642958 bcsId: 0,size=1048576]} | ret=SUCCESS |  
2019-08-23 18:29:18,716 [grpc-default-executor-0] INFO  client.GrpcClientProtocolClient (GrpcClientProtocolClient.java:onNext(255)) - client-19C32667576E->48affcab-e6e4-4602-963a-f6a50efbd54c: receive RaftClientReply:client-19C32667576E->48affcab-e6e4-4602-963a-f6a50efbd54c@group-50C56EAF5137, cid=3097, SUCCESS, logIndex=4665, commits[48affcab-e6e4-4602-963a-f6a50efbd54c:c4666, 7e391b60-07ae-4d97-a027-4756e468c032:c4664, c5f86d96-67df-4f25-bde3-316f439d30b3:c4664]
2019-08-23 18:29:18,717 | INFO  | DNAudit | user=null | ip=null | op=WRITE_CHUNK {blockData=conID: 2 locID: 102667711852642958 bcsId: 0} | ret=SUCCESS |  
2019-08-23 18:29:18,717 [grpc-default-executor-3] INFO  client.GrpcClientProtocolClient (GrpcClientProtocolClient.java:onNext(255)) - client-19C32667576E->48affcab-e6e4-4602-963a-f6a50efbd54c: receive RaftClientReply:client-19C32667576E->48affcab-e6e4-4602-963a-f6a50efbd54c@group-50C56EAF5137, cid=3098, SUCCESS, logIndex=4666, commits[48affcab-e6e4-4602-963a-f6a50efbd54c:c4666, 7e391b60-07ae-4d97-a027-4756e468c032:c4664, c5f86d96-67df-4f25-bde3-316f439d30b3:c4664]
2019-08-23 18:29:18,717 | INFO  | DNAudit | user=null | ip=null | op=PUT_BLOCK {blockData=[blockId=conID: 2 locID: 102667711852642958 bcsId: 0,size=2097152]} | ret=SUCCESS |  
2019-08-23 18:29:18,718 | INFO  | DNAudit | user=null | ip=null | op=WRITE_CHUNK {blockData=conID: 2 locID: 102667711852642958 bcsId: 0} | ret=SUCCESS |  
2019-08-23 18:29:18,718 [grpc-default-executor-3] INFO  client.GrpcClientProtocolClient (GrpcClientProtocolClient.java:onNext(255)) - client-19C32667576E->48affcab-e6e4-4602-963a-f6a50efbd54c: receive RaftClientReply:client-19C32667576E->48affcab-e6e4-4602-963a-f6a50efbd54c@group-50C56EAF5137, cid=3099, SUCCESS, logIndex=4667, commits[48affcab-e6e4-4602-963a-f6a50efbd54c:c4667, 7e391b60-07ae-4d97-a027-4756e468c032:c4664, c5f86d96-67df-4f25-bde3-316f439d30b3:c4664]
2019-08-23 18:29:18,718 | INFO  | DNAudit | user=null | ip=null | op=PUT_BLOCK {blockData=[blockId=conID: 2 locID: 102667711852642958 bcsId: 0,size=1048576]} | ret=SUCCESS |  
2019-08-23 18:29:18,718 [grpc-default-executor-3] INFO  client.GrpcClientProtocolClient (GrpcClientProtocolClient.java:onNext(255)) - client-19C32667576E->48affcab-e6e4-4602-963a-f6a50efbd54c: receive RaftClientReply:client-19C32667576E->48affcab-e6e4-4602-963a-f6a50efbd54c@group-50C56EAF5137, cid=3100, SUCCESS, logIndex=4668, commits[48affcab-e6e4-4602-963a-f6a50efbd54c:c4668, 7e391b60-07ae-4d97-a027-4756e468c032:c4664, c5f86d96-67df-4f25-bde3-316f439d30b3:c4664]
2019-08-23 18:29:18,719 | INFO  | DNAudit | user=null | ip=null | op=WRITE_CHUNK {blockData=conID: 2 locID: 102667711852642958 bcsId: 0} | ret=SUCCESS |  
2019-08-23 18:29:18,719 | INFO  | DNAudit | user=null | ip=null | op=PUT_BLOCK {blockData=[blockId=conID: 2 locID: 102667711852642958 bcsId: 0,size=1048576]} | ret=SUCCESS |  
2019-08-23 18:29:18,720 [grpc-default-executor-3] INFO  client.GrpcClientProtocolClient (GrpcClientProtocolClient.java:onNext(255)) - client-19C32667576E->48affcab-e6e4-4602-963a-f6a50efbd54c: receive RaftClientReply:client-19C32667576E->48affcab-e6e4-4602-963a-f6a50efbd54c@group-50C56EAF5137, cid=3101, SUCCESS, logIndex=0, commits[48affcab-e6e4-4602-963a-f6a50efbd54c:c4670, 7e391b60-07ae-4d97-a027-4756e468c032:c4666, c5f86d96-67df-4f25-bde3-316f439d30b3:c4666]
2019-08-23 18:29:18,729 | INFO  | DNAudit | user=null | ip=null | op=WRITE_CHUNK {blockData=conID: 2 locID: 102667711852642958 bcsId: 4668} | ret=SUCCESS |  
2019-08-23 18:29:18,730 | INFO  | DNAudit | user=null | ip=null | op=WRITE_CHUNK {blockData=conID: 2 locID: 102667711852642958 bcsId: 0} | ret=SUCCESS |  
2019-08-23 18:29:18,731 | INFO  | DNAudit | user=null | ip=null | op=PUT_BLOCK {blockData=[blockId=conID: 2 locID: 102667711852642958 bcsId: 0,size=2097152]} | ret=SUCCESS |  
2019-08-23 18:29:18,731 | INFO  | DNAudit | user=null | ip=null | op=WRITE_CHUNK {blockData=conID: 2 locID: 102667711852642958 bcsId: 0} | ret=SUCCESS |  
2019-08-23 18:29:18,731 | INFO  | DNAudit | user=null | ip=null | op=PUT_BLOCK {blockData=[blockId=conID: 2 locID: 102667711852642958 bcsId: 0,size=2097152]} | ret=SUCCESS |  
2019-08-23 18:29:18,732 | INFO  | DNAudit | user=null | ip=null | op=WRITE_CHUNK {blockData=conID: 2 locID: 102667711852642958 bcsId: 4668} | ret=SUCCESS |  
2019-08-23 18:29:18,733 | INFO  | DNAudit | user=null | ip=null | op=WRITE_CHUNK {blockData=conID: 2 locID: 102667711852642958 bcsId: 4668} | ret=SUCCESS |  
2019-08-23 18:29:18,733 | INFO  | DNAudit | user=null | ip=null | op=WRITE_CHUNK {blockData=conID: 2 locID: 102667711852642958 bcsId: 4668} | ret=SUCCESS |  
2019-08-23 18:29:18,734 | INFO  | DNAudit | user=null | ip=null | op=PUT_BLOCK {blockData=[blockId=conID: 2 locID: 102667711852642958 bcsId: 0,size=3145728]} | ret=SUCCESS |  
2019-08-23 18:29:18,735 [grpc-default-executor-0] INFO  client.GrpcClientProtocolClient (GrpcClientProtocolClient.java:onNext(255)) - client-19C32667576E->48affcab-e6e4-4602-963a-f6a50efbd54c: receive RaftClientReply:client-19C32667576E->48affcab-e6e4-4602-963a-f6a50efbd54c@group-50C56EAF5137, cid=3102, SUCCESS, logIndex=4673, commits[48affcab-e6e4-4602-963a-f6a50efbd54c:c4674, 7e391b60-07ae-4d97-a027-4756e468c032:c4668, c5f86d96-67df-4f25-bde3-316f439d30b3:c4670]
2019-08-23 18:29:18,735 [grpc-default-executor-0] INFO  client.GrpcClientProtocolClient (GrpcClientProtocolClient.java:onNext(255)) - client-19C32667576E->48affcab-e6e4-4602-963a-f6a50efbd54c: receive RaftClientReply:client-19C32667576E->48affcab-e6e4-4602-963a-f6a50efbd54c@group-50C56EAF5137, cid=3103, SUCCESS, logIndex=4674, commits[48affcab-e6e4-4602-963a-f6a50efbd54c:c4674, 7e391b60-07ae-4d97-a027-4756e468c032:c4668, c5f86d96-67df-4f25-bde3-316f439d30b3:c4670]
2019-08-23 18:29:18,743 | INFO  | DNAudit | user=null | ip=null | op=WRITE_CHUNK {blockData=conID: 2 locID: 102667711852642958 bcsId: 4674} | ret=SUCCESS |  
2019-08-23 18:29:18,746 | INFO  | DNAudit | user=null | ip=null | op=WRITE_CHUNK {blockData=conID: 2 locID: 102667711852642958 bcsId: 4674} | ret=SUCCESS |  
2019-08-23 18:29:18,747 | INFO  | DNAudit | user=null | ip=null | op=WRITE_CHUNK {blockData=conID: 2 locID: 102667711852642958 bcsId: 4668} | ret=SUCCESS |  
2019-08-23 18:29:18,747 | INFO  | DNAudit | user=null | ip=null | op=WRITE_CHUNK {blockData=conID: 2 locID: 102667711852642958 bcsId: 4674} | ret=SUCCESS |  
2019-08-23 18:29:18,747 | INFO  | DNAudit | user=null | ip=null | op=PUT_BLOCK {blockData=[blockId=conID: 2 locID: 102667711852642958 bcsId: 0,size=3145728]} | ret=SUCCESS |  
2019-08-23 18:29:18,749 | INFO  | DNAudit | user=null | ip=null | op=WRITE_CHUNK {blockData=conID: 2 locID: 102667711852642958 bcsId: 4668} | ret=SUCCESS |  
2019-08-23 18:29:18,749 | INFO  | DNAudit | user=null | ip=null | op=PUT_BLOCK {blockData=[blockId=conID: 2 locID: 102667711852642958 bcsId: 0,size=3145728]} | ret=SUCCESS |  
2019-08-23 18:29:18,761 | INFO  | DNAudit | user=null | ip=null | op=WRITE_CHUNK {blockData=conID: 2 locID: 102667711852642958 bcsId: 4674} | ret=SUCCESS |  
2019-08-23 18:29:18,762 | INFO  | DNAudit | user=null | ip=null | op=PUT_BLOCK {blockData=[blockId=conID: 2 locID: 102667711852642958 bcsId: 0,size=4194304]} | ret=SUCCESS |  
2019-08-23 18:29:18,762 [grpc-default-executor-0] INFO  client.GrpcClientProtocolClient (GrpcClientProtocolClient.java:onNext(255)) - client-19C32667576E->48affcab-e6e4-4602-963a-f6a50efbd54c: receive RaftClientReply:client-19C32667576E->48affcab-e6e4-4602-963a-f6a50efbd54c@group-50C56EAF5137, cid=3104, SUCCESS, logIndex=4677, commits[48affcab-e6e4-4602-963a-f6a50efbd54c:c4678, 7e391b60-07ae-4d97-a027-4756e468c032:c4674, c5f86d96-67df-4f25-bde3-316f439d30b3:c4674]
2019-08-23 18:29:18,762 [grpc-default-executor-0] INFO  client.GrpcClientProtocolClient (GrpcClientProtocolClient.java:onNext(255)) - client-19C32667576E->48affcab-e6e4-4602-963a-f6a50efbd54c: receive RaftClientReply:client-19C32667576E->48affcab-e6e4-4602-963a-f6a50efbd54c@group-50C56EAF5137, cid=3105, SUCCESS, logIndex=4678, commits[48affcab-e6e4-4602-963a-f6a50efbd54c:c4678, 7e391b60-07ae-4d97-a027-4756e468c032:c4674, c5f86d96-67df-4f25-bde3-316f439d30b3:c4674]
2019-08-23 18:29:18,772 | INFO  | SCMAudit | user=jenkins1000 | ip=192.168.34.23 | op=SEND_HEARTBEAT {datanodeUUID=c5f86d96-67df-4f25-bde3-316f439d30b3, command=[]} | ret=SUCCESS |  
2019-08-23 18:29:18,772 | INFO  | SCMAudit | user=jenkins1000 | ip=192.168.34.23 | op=SEND_HEARTBEAT {datanodeUUID=7e391b60-07ae-4d97-a027-4756e468c032, command=[]} | ret=SUCCESS |  
2019-08-23 18:29:18,772 | INFO  | SCMAudit | user=jenkins1000 | ip=192.168.34.23 | op=SEND_HEARTBEAT {datanodeUUID=48affcab-e6e4-4602-963a-f6a50efbd54c, command=[]} | ret=SUCCESS |  
2019-08-23 18:29:18,772 | INFO  | SCMAudit | user=jenkins1000 | ip=192.168.34.23 | op=SEND_HEARTBEAT {datanodeUUID=58706fd2-d7f7-4771-af80-9e0541495c87, command=[]} | ret=SUCCESS |  
2019-08-23 18:29:18,774 | INFO  | DNAudit | user=null | ip=null | op=WRITE_CHUNK {blockData=conID: 2 locID: 102667711852642958 bcsId: 4674} | ret=SUCCESS |  
2019-08-23 18:29:18,774 | INFO  | DNAudit | user=null | ip=null | op=WRITE_CHUNK {blockData=conID: 2 locID: 102667711852642958 bcsId: 4674} | ret=SUCCESS |  
2019-08-23 18:29:18,775 | INFO  | DNAudit | user=null | ip=null | op=PUT_BLOCK {blockData=[blockId=conID: 2 locID: 102667711852642958 bcsId: 0,size=4194304]} | ret=SUCCESS |  
2019-08-23 18:29:18,775 | INFO  | DNAudit | user=null | ip=null | op=PUT_BLOCK {blockData=[blockId=conID: 2 locID: 102667711852642958 bcsId: 0,size=4194304]} | ret=SUCCESS |  
2019-08-23 18:29:18,775 [grpc-default-executor-0] INFO  client.GrpcClientProtocolClient (GrpcClientProtocolClient.java:onNext(255)) - client-19C32667576E->48affcab-e6e4-4602-963a-f6a50efbd54c: receive RaftClientReply:client-19C32667576E->48affcab-e6e4-4602-963a-f6a50efbd54c@group-50C56EAF5137, cid=3106, SUCCESS, logIndex=0, commits[48affcab-e6e4-4602-963a-f6a50efbd54c:c4679, 7e391b60-07ae-4d97-a027-4756e468c032:c4678, c5f86d96-67df-4f25-bde3-316f439d30b3:c4678]
2019-08-23 18:29:18,784 | INFO  | SCMAudit | user=jenkins1000 | ip=192.168.34.23 | op=ALLOCATE_BLOCK {owner=1ceb8b80-28f1-43fd-86c3-175afc07b8d1, size=4194304, type=RATIS, factor=THREE} | ret=SUCCESS |  
2019-08-23 18:29:18,790 | INFO  | OMAudit | user=jenkins1000 | ip=127.0.0.1 | op=ALLOCATE_BLOCK {volume=vol-0-45438, bucket=bucket-0-23891, key=key-0-22455, dataSize=0, replicationType=null, replicationFactor=null, keyLocationInfo=null, clientID=102667710122492306} | ret=SUCCESS |  
2019-08-23 18:29:18,800 | INFO  | DNAudit | user=null | ip=null | op=WRITE_CHUNK {blockData=conID: 3 locID: 102667711858868879 bcsId: 0} | ret=SUCCESS |  
2019-08-23 18:29:18,804 | INFO  | DNAudit | user=null | ip=null | op=WRITE_CHUNK {blockData=conID: 3 locID: 102667711858868879 bcsId: 0} | ret=SUCCESS |  
2019-08-23 18:29:18,804 | INFO  | DNAudit | user=null | ip=null | op=WRITE_CHUNK {blockData=conID: 3 locID: 102667711858868879 bcsId: 0} | ret=SUCCESS |  
2019-08-23 18:29:18,804 | INFO  | DNAudit | user=null | ip=null | op=WRITE_CHUNK {blockData=conID: 3 locID: 102667711858868879 bcsId: 0} | ret=SUCCESS |  
2019-08-23 18:29:18,807 | INFO  | DNAudit | user=null | ip=null | op=WRITE_CHUNK {blockData=conID: 3 locID: 102667711858868879 bcsId: 0} | ret=SUCCESS |  
2019-08-23 18:29:18,807 | INFO  | DNAudit | user=null | ip=null | op=PUT_BLOCK {blockData=[blockId=conID: 3 locID: 102667711858868879 bcsId: 0,size=1048576]} | ret=SUCCESS |  
2019-08-23 18:29:18,808 | INFO  | DNAudit | user=null | ip=null | op=WRITE_CHUNK {blockData=conID: 3 locID: 102667711858868879 bcsId: 0} | ret=SUCCESS |  
2019-08-23 18:29:18,808 | INFO  | DNAudit | user=null | ip=null | op=WRITE_CHUNK {blockData=conID: 3 locID: 102667711858868879 bcsId: 0} | ret=SUCCESS |  
2019-08-23 18:29:18,808 [grpc-default-executor-3] INFO  client.GrpcClientProtocolClient (GrpcClientProtocolClient.java:onNext(255)) - client-19C32667576E->48affcab-e6e4-4602-963a-f6a50efbd54c: receive RaftClientReply:client-19C32667576E->48affcab-e6e4-4602-963a-f6a50efbd54c@group-50C56EAF5137, cid=3107, SUCCESS, logIndex=4680, commits[48affcab-e6e4-4602-963a-f6a50efbd54c:c4681, 7e391b60-07ae-4d97-a027-4756e468c032:c4678, c5f86d96-67df-4f25-bde3-316f439d30b3:c4679]
2019-08-23 18:29:18,808 [grpc-default-executor-3] INFO  client.GrpcClientProtocolClient (GrpcClientProtocolClient.java:onNext(255)) - client-19C32667576E->48affcab-e6e4-4602-963a-f6a50efbd54c: receive RaftClientReply:client-19C32667576E->48affcab-e6e4-4602-963a-f6a50efbd54c@group-50C56EAF5137, cid=3108, SUCCESS, logIndex=4681, commits[48affcab-e6e4-4602-963a-f6a50efbd54c:c4681, 7e391b60-07ae-4d97-a027-4756e468c032:c4679, c5f86d96-67df-4f25-bde3-316f439d30b3:c4679]
2019-08-23 18:29:18,810 | INFO  | DNAudit | user=null | ip=null | op=WRITE_CHUNK {blockData=conID: 3 locID: 102667711858868879 bcsId: 0} | ret=SUCCESS |  
2019-08-23 18:29:18,810 | INFO  | DNAudit | user=null | ip=null | op=PUT_BLOCK {blockData=[blockId=conID: 3 locID: 102667711858868879 bcsId: 0,size=1048576]} | ret=SUCCESS |  
2019-08-23 18:29:18,811 | INFO  | DNAudit | user=null | ip=null | op=WRITE_CHUNK {blockData=conID: 3 locID: 102667711858868879 bcsId: 0} | ret=SUCCESS |  
2019-08-23 18:29:18,811 | INFO  | DNAudit | user=null | ip=null | op=WRITE_CHUNK {blockData=conID: 3 locID: 102667711858868879 bcsId: 0} | ret=SUCCESS |  
2019-08-23 18:29:18,811 | INFO  | DNAudit | user=null | ip=null | op=PUT_BLOCK {blockData=[blockId=conID: 3 locID: 102667711858868879 bcsId: 0,size=1048576]} | ret=SUCCESS |  
2019-08-23 18:29:18,811 | INFO  | DNAudit | user=null | ip=null | op=PUT_BLOCK {blockData=[blockId=conID: 3 locID: 102667711858868879 bcsId: 0,size=2097152]} | ret=SUCCESS |  
2019-08-23 18:29:18,812 [grpc-default-executor-3] INFO  client.GrpcClientProtocolClient (GrpcClientProtocolClient.java:onNext(255)) - client-19C32667576E->48affcab-e6e4-4602-963a-f6a50efbd54c: receive RaftClientReply:client-19C32667576E->48affcab-e6e4-4602-963a-f6a50efbd54c@group-50C56EAF5137, cid=3109, SUCCESS, logIndex=4682, commits[48affcab-e6e4-4602-963a-f6a50efbd54c:c4685, 7e391b60-07ae-4d97-a027-4756e468c032:c4679, c5f86d96-67df-4f25-bde3-316f439d30b3:c4681]
2019-08-23 18:29:18,812 [grpc-default-executor-3] INFO  client.GrpcClientProtocolClient (GrpcClientProtocolClient.java:onNext(255)) - client-19C32667576E->48affcab-e6e4-4602-963a-f6a50efbd54c: receive RaftClientReply:client-19C32667576E->48affcab-e6e4-4602-963a-f6a50efbd54c@group-50C56EAF5137, cid=3110, SUCCESS, logIndex=4683, commits[48affcab-e6e4-4602-963a-f6a50efbd54c:c4685, 7e391b60-07ae-4d97-a027-4756e468c032:c4681, c5f86d96-67df-4f25-bde3-316f439d30b3:c4681]
2019-08-23 18:29:18,814 | INFO  | DNAudit | user=null | ip=null | op=WRITE_CHUNK {blockData=conID: 3 locID: 102667711858868879 bcsId: 0} | ret=SUCCESS |  
2019-08-23 18:29:18,814 | INFO  | DNAudit | user=null | ip=null | op=WRITE_CHUNK {blockData=conID: 3 locID: 102667711858868879 bcsId: 0} | ret=SUCCESS |  
2019-08-23 18:29:18,815 | INFO  | DNAudit | user=null | ip=null | op=PUT_BLOCK {blockData=[blockId=conID: 3 locID: 102667711858868879 bcsId: 0,size=2097152]} | ret=SUCCESS |  
2019-08-23 18:29:18,815 | INFO  | DNAudit | user=null | ip=null | op=PUT_BLOCK {blockData=[blockId=conID: 3 locID: 102667711858868879 bcsId: 0,size=2097152]} | ret=SUCCESS |  
2019-08-23 18:29:18,821 | INFO  | DNAudit | user=null | ip=null | op=WRITE_CHUNK {blockData=conID: 3 locID: 102667711858868879 bcsId: 4683} | ret=SUCCESS |  
2019-08-23 18:29:18,825 | INFO  | DNAudit | user=null | ip=null | op=WRITE_CHUNK {blockData=conID: 3 locID: 102667711858868879 bcsId: 4683} | ret=SUCCESS |  
2019-08-23 18:29:18,826 | INFO  | DNAudit | user=null | ip=null | op=WRITE_CHUNK {blockData=conID: 3 locID: 102667711858868879 bcsId: 4683} | ret=SUCCESS |  
2019-08-23 18:29:18,827 | INFO  | DNAudit | user=null | ip=null | op=WRITE_CHUNK {blockData=conID: 3 locID: 102667711858868879 bcsId: 4683} | ret=SUCCESS |  
2019-08-23 18:29:18,828 | INFO  | DNAudit | user=null | ip=null | op=PUT_BLOCK {blockData=[blockId=conID: 3 locID: 102667711858868879 bcsId: 0,size=3145728]} | ret=SUCCESS |  
2019-08-23 18:29:18,828 [grpc-default-executor-5] INFO  client.GrpcClientProtocolClient (GrpcClientProtocolClient.java:onNext(255)) - client-19C32667576E->48affcab-e6e4-4602-963a-f6a50efbd54c: receive RaftClientReply:client-19C32667576E->48affcab-e6e4-4602-963a-f6a50efbd54c@group-50C56EAF5137, cid=3111, SUCCESS, logIndex=4688, commits[48affcab-e6e4-4602-963a-f6a50efbd54c:c4689, 7e391b60-07ae-4d97-a027-4756e468c032:c4687, c5f86d96-67df-4f25-bde3-316f439d30b3:c4687]
2019-08-23 18:29:18,829 [grpc-default-executor-5] INFO  client.GrpcClientProtocolClient (GrpcClientProtocolClient.java:onNext(255)) - client-19C32667576E->48affcab-e6e4-4602-963a-f6a50efbd54c: receive RaftClientReply:client-19C32667576E->48affcab-e6e4-4602-963a-f6a50efbd54c@group-50C56EAF5137, cid=3112, SUCCESS, logIndex=4689, commits[48affcab-e6e4-4602-963a-f6a50efbd54c:c4689, 7e391b60-07ae-4d97-a027-4756e468c032:c4687, c5f86d96-67df-4f25-bde3-316f439d30b3:c4687]
2019-08-23 18:29:18,830 | INFO  | DNAudit | user=null | ip=null | op=WRITE_CHUNK {blockData=conID: 3 locID: 102667711858868879 bcsId: 4683} | ret=SUCCESS |  
2019-08-23 18:29:18,830 | INFO  | DNAudit | user=null | ip=null | op=WRITE_CHUNK {blockData=conID: 3 locID: 102667711858868879 bcsId: 4683} | ret=SUCCESS |  
2019-08-23 18:29:18,830 | INFO  | DNAudit | user=null | ip=null | op=PUT_BLOCK {blockData=[blockId=conID: 3 locID: 102667711858868879 bcsId: 0,size=3145728]} | ret=SUCCESS |  
2019-08-23 18:29:18,830 | INFO  | DNAudit | user=null | ip=null | op=PUT_BLOCK {blockData=[blockId=conID: 3 locID: 102667711858868879 bcsId: 0,size=3145728]} | ret=SUCCESS |  
2019-08-23 18:29:18,837 | INFO  | DNAudit | user=null | ip=null | op=WRITE_CHUNK {blockData=conID: 3 locID: 102667711858868879 bcsId: 4689} | ret=SUCCESS |  
2019-08-23 18:29:18,840 | INFO  | DNAudit | user=null | ip=null | op=WRITE_CHUNK {blockData=conID: 3 locID: 102667711858868879 bcsId: 4689} | ret=SUCCESS |  
2019-08-23 18:29:18,840 | INFO  | DNAudit | user=null | ip=null | op=WRITE_CHUNK {blockData=conID: 3 locID: 102667711858868879 bcsId: 4689} | ret=SUCCESS |  
2019-08-23 18:29:18,842 | INFO  | DNAudit | user=null | ip=null | op=WRITE_CHUNK {blockData=conID: 3 locID: 102667711858868879 bcsId: 4689} | ret=SUCCESS |  
2019-08-23 18:29:18,843 | INFO  | DNAudit | user=null | ip=null | op=PUT_BLOCK {blockData=[blockId=conID: 3 locID: 102667711858868879 bcsId: 0,size=4194304]} | ret=SUCCESS |  
2019-08-23 18:29:18,843 [grpc-default-executor-3] INFO  client.GrpcClientProtocolClient (GrpcClientProtocolClient.java:onNext(255)) - client-19C32667576E->48affcab-e6e4-4602-963a-f6a50efbd54c: receive RaftClientReply:client-19C32667576E->48affcab-e6e4-4602-963a-f6a50efbd54c@group-50C56EAF5137, cid=3113, SUCCESS, logIndex=4692, commits[48affcab-e6e4-4602-963a-f6a50efbd54c:c4693, 7e391b60-07ae-4d97-a027-4756e468c032:c4691, c5f86d96-67df-4f25-bde3-316f439d30b3:c4689]
2019-08-23 18:29:18,844 [grpc-default-executor-3] INFO  client.GrpcClientProtocolClient (GrpcClientProtocolClient.java:onNext(255)) - client-19C32667576E->48affcab-e6e4-4602-963a-f6a50efbd54c: receive RaftClientReply:client-19C32667576E->48affcab-e6e4-4602-963a-f6a50efbd54c@group-50C56EAF5137, cid=3114, SUCCESS, logIndex=4693, commits[48affcab-e6e4-4602-963a-f6a50efbd54c:c4693, 7e391b60-07ae-4d97-a027-4756e468c032:c4691, c5f86d96-67df-4f25-bde3-316f439d30b3:c4691]
2019-08-23 18:29:18,845 | INFO  | DNAudit | user=null | ip=null | op=WRITE_CHUNK {blockData=conID: 3 locID: 102667711858868879 bcsId: 4689} | ret=SUCCESS |  
2019-08-23 18:29:18,845 | INFO  | DNAudit | user=null | ip=null | op=WRITE_CHUNK {blockData=conID: 3 locID: 102667711858868879 bcsId: 4689} | ret=SUCCESS |  
2019-08-23 18:29:18,845 | INFO  | DNAudit | user=null | ip=null | op=PUT_BLOCK {blockData=[blockId=conID: 3 locID: 102667711858868879 bcsId: 0,size=4194304]} | ret=SUCCESS |  
2019-08-23 18:29:18,845 | INFO  | DNAudit | user=null | ip=null | op=PUT_BLOCK {blockData=[blockId=conID: 3 locID: 102667711858868879 bcsId: 0,size=4194304]} | ret=SUCCESS |  
2019-08-23 18:29:18,846 [grpc-default-executor-3] INFO  client.GrpcClientProtocolClient (GrpcClientProtocolClient.java:onNext(255)) - client-19C32667576E->48affcab-e6e4-4602-963a-f6a50efbd54c: receive RaftClientReply:client-19C32667576E->48affcab-e6e4-4602-963a-f6a50efbd54c@group-50C56EAF5137, cid=3115, SUCCESS, logIndex=0, commits[48affcab-e6e4-4602-963a-f6a50efbd54c:c4694, 7e391b60-07ae-4d97-a027-4756e468c032:c4693, c5f86d96-67df-4f25-bde3-316f439d30b3:c4693]
2019-08-23 18:29:18,854 | INFO  | SCMAudit | user=jenkins1000 | ip=192.168.34.23 | op=ALLOCATE_BLOCK {owner=1ceb8b80-28f1-43fd-86c3-175afc07b8d1, size=4194304, type=RATIS, factor=THREE} | ret=SUCCESS |  
2019-08-23 18:29:18,860 | INFO  | OMAudit | user=jenkins1000 | ip=127.0.0.1 | op=ALLOCATE_BLOCK {volume=vol-0-45438, bucket=bucket-0-23891, key=key-0-22455, dataSize=0, replicationType=null, replicationFactor=null, keyLocationInfo=null, clientID=102667710122492306} | ret=SUCCESS |  
2019-08-23 18:29:19,037 | INFO  | DNAudit | user=null | ip=null | op=WRITE_CHUNK {blockData=conID: 1 locID: 102667711863456400 bcsId: 0} | ret=SUCCESS |  
2019-08-23 18:29:19,040 | INFO  | DNAudit | user=null | ip=null | op=WRITE_CHUNK {blockData=conID: 1 locID: 102667711863456400 bcsId: 0} | ret=SUCCESS |  
2019-08-23 18:29:19,041 | INFO  | DNAudit | user=null | ip=null | op=WRITE_CHUNK {blockData=conID: 1 locID: 102667711863456400 bcsId: 0} | ret=SUCCESS |  
2019-08-23 18:29:19,042 | INFO  | DNAudit | user=null | ip=null | op=WRITE_CHUNK {blockData=conID: 1 locID: 102667711863456400 bcsId: 0} | ret=SUCCESS |  
2019-08-23 18:29:19,043 | INFO  | DNAudit | user=null | ip=null | op=WRITE_CHUNK {blockData=conID: 1 locID: 102667711863456400 bcsId: 0} | ret=SUCCESS |  
2019-08-23 18:29:19,043 | INFO  | DNAudit | user=null | ip=null | op=WRITE_CHUNK {blockData=conID: 1 locID: 102667711863456400 bcsId: 0} | ret=SUCCESS |  
2019-08-23 18:29:19,050 | INFO  | DNAudit | user=null | ip=null | op=WRITE_CHUNK {blockData=conID: 1 locID: 102667711863456400 bcsId: 0} | ret=SUCCESS |  
2019-08-23 18:29:19,050 | INFO  | DNAudit | user=null | ip=null | op=PUT_BLOCK {blockData=[blockId=conID: 1 locID: 102667711863456400 bcsId: 0,size=1048576]} | ret=SUCCESS |  
2019-08-23 18:29:19,051 | INFO  | DNAudit | user=null | ip=null | op=WRITE_CHUNK {blockData=conID: 1 locID: 102667711863456400 bcsId: 0} | ret=SUCCESS |  
2019-08-23 18:29:19,051 | INFO  | DNAudit | user=null | ip=null | op=PUT_BLOCK {blockData=[blockId=conID: 1 locID: 102667711863456400 bcsId: 0,size=2097152]} | ret=SUCCESS |  
2019-08-23 18:29:19,051 [grpc-default-executor-3] INFO  client.GrpcClientProtocolClient (GrpcClientProtocolClient.java:onNext(255)) - client-19C32667576E->48affcab-e6e4-4602-963a-f6a50efbd54c: receive RaftClientReply:client-19C32667576E->48affcab-e6e4-4602-963a-f6a50efbd54c@group-50C56EAF5137, cid=3116, SUCCESS, logIndex=4696, commits[48affcab-e6e4-4602-963a-f6a50efbd54c:c4698, 7e391b60-07ae-4d97-a027-4756e468c032:c4695, c5f86d96-67df-4f25-bde3-316f439d30b3:c4695]
2019-08-23 18:29:19,051 [grpc-default-executor-3] INFO  client.GrpcClientProtocolClient (GrpcClientProtocolClient.java:onNext(255)) - client-19C32667576E->48affcab-e6e4-4602-963a-f6a50efbd54c: receive RaftClientReply:client-19C32667576E->48affcab-e6e4-4602-963a-f6a50efbd54c@group-50C56EAF5137, cid=3117, SUCCESS, logIndex=4697, commits[48affcab-e6e4-4602-963a-f6a50efbd54c:c4699, 7e391b60-07ae-4d97-a027-4756e468c032:c4695, c5f86d96-67df-4f25-bde3-316f439d30b3:c4695]
2019-08-23 18:29:19,052 [grpc-default-executor-3] INFO  client.GrpcClientProtocolClient (GrpcClientProtocolClient.java:onNext(255)) - client-19C32667576E->48affcab-e6e4-4602-963a-f6a50efbd54c: receive RaftClientReply:client-19C32667576E->48affcab-e6e4-4602-963a-f6a50efbd54c@group-50C56EAF5137, cid=3118, SUCCESS, logIndex=4698, commits[48affcab-e6e4-4602-963a-f6a50efbd54c:c4699, 7e391b60-07ae-4d97-a027-4756e468c032:c4695, c5f86d96-67df-4f25-bde3-316f439d30b3:c4695]
2019-08-23 18:29:19,052 [grpc-default-executor-3] INFO  client.GrpcClientProtocolClient (GrpcClientProtocolClient.java:onNext(255)) - client-19C32667576E->48affcab-e6e4-4602-963a-f6a50efbd54c: receive RaftClientReply:client-19C32667576E->48affcab-e6e4-4602-963a-f6a50efbd54c@group-50C56EAF5137, cid=3119, SUCCESS, logIndex=4699, commits[48affcab-e6e4-4602-963a-f6a50efbd54c:c4699, 7e391b60-07ae-4d97-a027-4756e468c032:c4695, c5f86d96-67df-4f25-bde3-316f439d30b3:c4695]
2019-08-23 18:29:19,053 | INFO  | DNAudit | user=null | ip=null | op=WRITE_CHUNK {blockData=conID: 1 locID: 102667711863456400 bcsId: 0} | ret=SUCCESS |  
2019-08-23 18:29:19,053 | INFO  | DNAudit | user=null | ip=null | op=WRITE_CHUNK {blockData=conID: 1 locID: 102667711863456400 bcsId: 0} | ret=SUCCESS |  
2019-08-23 18:29:19,053 | INFO  | DNAudit | user=null | ip=null | op=PUT_BLOCK {blockData=[blockId=conID: 1 locID: 102667711863456400 bcsId: 0,size=1048576]} | ret=SUCCESS |  
2019-08-23 18:29:19,053 | INFO  | DNAudit | user=null | ip=null | op=PUT_BLOCK {blockData=[blockId=conID: 1 locID: 102667711863456400 bcsId: 0,size=1048576]} | ret=SUCCESS |  
2019-08-23 18:29:19,053 [grpc-default-executor-3] INFO  client.GrpcClientProtocolClient (GrpcClientProtocolClient.java:onNext(255)) - client-19C32667576E->48affcab-e6e4-4602-963a-f6a50efbd54c: receive RaftClientReply:client-19C32667576E->48affcab-e6e4-4602-963a-f6a50efbd54c@group-50C56EAF5137, cid=3120, SUCCESS, logIndex=0, commits[48affcab-e6e4-4602-963a-f6a50efbd54c:c4700, 7e391b60-07ae-4d97-a027-4756e468c032:c4697, c5f86d96-67df-4f25-bde3-316f439d30b3:c4697]
2019-08-23 18:29:19,059 | INFO  | DNAudit | user=null | ip=null | op=WRITE_CHUNK {blockData=conID: 1 locID: 102667711863456400 bcsId: 4699} | ret=SUCCESS |  
2019-08-23 18:29:19,061 | INFO  | DNAudit | user=null | ip=null | op=WRITE_CHUNK {blockData=conID: 1 locID: 102667711863456400 bcsId: 4699} | ret=SUCCESS |  
2019-08-23 18:29:19,063 | INFO  | DNAudit | user=null | ip=null | op=WRITE_CHUNK {blockData=conID: 1 locID: 102667711863456400 bcsId: 4699} | ret=SUCCESS |  
2019-08-23 18:29:19,066 | INFO  | DNAudit | user=null | ip=null | op=WRITE_CHUNK {blockData=conID: 1 locID: 102667711863456400 bcsId: 0} | ret=SUCCESS |  
2019-08-23 18:29:19,066 | INFO  | DNAudit | user=null | ip=null | op=WRITE_CHUNK {blockData=conID: 1 locID: 102667711863456400 bcsId: 0} | ret=SUCCESS |  
2019-08-23 18:29:19,067 | INFO  | DNAudit | user=null | ip=null | op=PUT_BLOCK {blockData=[blockId=conID: 1 locID: 102667711863456400 bcsId: 0,size=2097152]} | ret=SUCCESS |  
2019-08-23 18:29:19,067 | INFO  | DNAudit | user=null | ip=null | op=PUT_BLOCK {blockData=[blockId=conID: 1 locID: 102667711863456400 bcsId: 0,size=2097152]} | ret=SUCCESS |  
2019-08-23 18:29:19,079 | INFO  | DNAudit | user=null | ip=null | op=WRITE_CHUNK {blockData=conID: 1 locID: 102667711863456400 bcsId: 4699} | ret=SUCCESS |  
2019-08-23 18:29:19,080 | INFO  | DNAudit | user=null | ip=null | op=PUT_BLOCK {blockData=[blockId=conID: 1 locID: 102667711863456400 bcsId: 0,size=3145728]} | ret=SUCCESS |  
2019-08-23 18:29:19,080 [grpc-default-executor-0] INFO  client.GrpcClientProtocolClient (GrpcClientProtocolClient.java:onNext(255)) - client-19C32667576E->48affcab-e6e4-4602-963a-f6a50efbd54c: receive RaftClientReply:client-19C32667576E->48affcab-e6e4-4602-963a-f6a50efbd54c@group-50C56EAF5137, cid=3121, SUCCESS, logIndex=4704, commits[48affcab-e6e4-4602-963a-f6a50efbd54c:c4705, 7e391b60-07ae-4d97-a027-4756e468c032:c4700, c5f86d96-67df-4f25-bde3-316f439d30b3:c4700]
2019-08-23 18:29:19,080 [grpc-default-executor-0] INFO  client.GrpcClientProtocolClient (GrpcClientProtocolClient.java:onNext(255)) - client-19C32667576E->48affcab-e6e4-4602-963a-f6a50efbd54c: receive RaftClientReply:client-19C32667576E->48affcab-e6e4-4602-963a-f6a50efbd54c@group-50C56EAF5137, cid=3122, SUCCESS, logIndex=4705, commits[48affcab-e6e4-4602-963a-f6a50efbd54c:c4705, 7e391b60-07ae-4d97-a027-4756e468c032:c4700, c5f86d96-67df-4f25-bde3-316f439d30b3:c4700]
2019-08-23 18:29:19,087 | INFO  | DNAudit | user=null | ip=null | op=WRITE_CHUNK {blockData=conID: 1 locID: 102667711863456400 bcsId: 4705} | ret=SUCCESS |  
2019-08-23 18:29:19,089 | INFO  | DNAudit | user=null | ip=null | op=WRITE_CHUNK {blockData=conID: 1 locID: 102667711863456400 bcsId: 4705} | ret=SUCCESS |  
2019-08-23 18:29:19,090 | INFO  | DNAudit | user=null | ip=null | op=WRITE_CHUNK {blockData=conID: 1 locID: 102667711863456400 bcsId: 4705} | ret=SUCCESS |  
2019-08-23 18:29:19,092 | INFO  | DNAudit | user=null | ip=null | op=WRITE_CHUNK {blockData=conID: 1 locID: 102667711863456400 bcsId: 4699} | ret=SUCCESS |  
2019-08-23 18:29:19,092 | INFO  | DNAudit | user=null | ip=null | op=WRITE_CHUNK {blockData=conID: 1 locID: 102667711863456400 bcsId: 4699} | ret=SUCCESS |  
2019-08-23 18:29:19,093 | INFO  | DNAudit | user=null | ip=null | op=PUT_BLOCK {blockData=[blockId=conID: 1 locID: 102667711863456400 bcsId: 0,size=3145728]} | ret=SUCCESS |  
2019-08-23 18:29:19,093 | INFO  | DNAudit | user=null | ip=null | op=PUT_BLOCK {blockData=[blockId=conID: 1 locID: 102667711863456400 bcsId: 0,size=3145728]} | ret=SUCCESS |  
2019-08-23 18:29:19,096 | INFO  | DNAudit | user=null | ip=null | op=WRITE_CHUNK {blockData=conID: 1 locID: 102667711863456400 bcsId: 4705} | ret=SUCCESS |  
2019-08-23 18:29:19,096 | INFO  | DNAudit | user=null | ip=null | op=PUT_BLOCK {blockData=[blockId=conID: 1 locID: 102667711863456400 bcsId: 0,size=4194304]} | ret=SUCCESS |  
2019-08-23 18:29:19,096 [grpc-default-executor-0] INFO  client.GrpcClientProtocolClient (GrpcClientProtocolClient.java:onNext(255)) - client-19C32667576E->48affcab-e6e4-4602-963a-f6a50efbd54c: receive RaftClientReply:client-19C32667576E->48affcab-e6e4-4602-963a-f6a50efbd54c@group-50C56EAF5137, cid=3123, SUCCESS, logIndex=4708, commits[48affcab-e6e4-4602-963a-f6a50efbd54c:c4708, 7e391b60-07ae-4d97-a027-4756e468c032:c4705, c5f86d96-67df-4f25-bde3-316f439d30b3:c4705]
2019-08-23 18:29:19,097 [grpc-default-executor-0] INFO  client.GrpcClientProtocolClient (GrpcClientProtocolClient.java:onNext(255)) - client-19C32667576E->48affcab-e6e4-4602-963a-f6a50efbd54c: receive RaftClientReply:client-19C32667576E->48affcab-e6e4-4602-963a-f6a50efbd54c@group-50C56EAF5137, cid=3124, SUCCESS, logIndex=4709, commits[48affcab-e6e4-4602-963a-f6a50efbd54c:c4709, 7e391b60-07ae-4d97-a027-4756e468c032:c4705, c5f86d96-67df-4f25-bde3-316f439d30b3:c4705]
2019-08-23 18:29:19,099 | INFO  | DNAudit | user=null | ip=null | op=WRITE_CHUNK {blockData=conID: 1 locID: 102667711863456400 bcsId: 4705} | ret=SUCCESS |  
2019-08-23 18:29:19,099 | INFO  | DNAudit | user=null | ip=null | op=WRITE_CHUNK {blockData=conID: 1 locID: 102667711863456400 bcsId: 4705} | ret=SUCCESS |  
2019-08-23 18:29:19,103 | INFO  | DNAudit | user=null | ip=null | op=PUT_BLOCK {blockData=[blockId=conID: 1 locID: 102667711863456400 bcsId: 0,size=4194304]} | ret=SUCCESS |  
2019-08-23 18:29:19,103 | INFO  | DNAudit | user=null | ip=null | op=PUT_BLOCK {blockData=[blockId=conID: 1 locID: 102667711863456400 bcsId: 0,size=4194304]} | ret=SUCCESS |  
2019-08-23 18:29:19,103 [grpc-default-executor-0] INFO  client.GrpcClientProtocolClient (GrpcClientProtocolClient.java:onNext(255)) - client-19C32667576E->48affcab-e6e4-4602-963a-f6a50efbd54c: receive RaftClientReply:client-19C32667576E->48affcab-e6e4-4602-963a-f6a50efbd54c@group-50C56EAF5137, cid=3125, SUCCESS, logIndex=0, commits[48affcab-e6e4-4602-963a-f6a50efbd54c:c4711, 7e391b60-07ae-4d97-a027-4756e468c032:c4709, c5f86d96-67df-4f25-bde3-316f439d30b3:c4709]
2019-08-23 18:29:19,108 | INFO  | SCMAudit | user=jenkins1000 | ip=192.168.34.23 | op=ALLOCATE_BLOCK {owner=1ceb8b80-28f1-43fd-86c3-175afc07b8d1, size=4194304, type=RATIS, factor=THREE} | ret=SUCCESS |  
2019-08-23 18:29:19,111 | INFO  | OMAudit | user=jenkins1000 | ip=127.0.0.1 | op=ALLOCATE_BLOCK {volume=vol-0-45438, bucket=bucket-0-23891, key=key-0-22455, dataSize=0, replicationType=null, replicationFactor=null, keyLocationInfo=null, clientID=102667710122492306} | ret=SUCCESS |  
2019-08-23 18:29:19,117 | INFO  | DNAudit | user=null | ip=null | op=WRITE_CHUNK {blockData=conID: 2 locID: 102667711880102545 bcsId: 0} | ret=SUCCESS |  
2019-08-23 18:29:19,120 | INFO  | DNAudit | user=null | ip=null | op=WRITE_CHUNK {blockData=conID: 2 locID: 102667711880102545 bcsId: 0} | ret=SUCCESS |  
2019-08-23 18:29:19,120 | INFO  | DNAudit | user=null | ip=null | op=WRITE_CHUNK {blockData=conID: 2 locID: 102667711880102545 bcsId: 0} | ret=SUCCESS |  
2019-08-23 18:29:19,120 | INFO  | DNAudit | user=null | ip=null | op=WRITE_CHUNK {blockData=conID: 2 locID: 102667711880102545 bcsId: 0} | ret=SUCCESS |  
2019-08-23 18:29:19,122 | INFO  | DNAudit | user=null | ip=null | op=WRITE_CHUNK {blockData=conID: 2 locID: 102667711880102545 bcsId: 0} | ret=SUCCESS |  
2019-08-23 18:29:19,122 | INFO  | DNAudit | user=null | ip=null | op=WRITE_CHUNK {blockData=conID: 2 locID: 102667711880102545 bcsId: 0} | ret=SUCCESS |  
2019-08-23 18:29:19,134 | INFO  | DNAudit | user=null | ip=null | op=WRITE_CHUNK {blockData=conID: 2 locID: 102667711880102545 bcsId: 0} | ret=SUCCESS |  
2019-08-23 18:29:19,135 | INFO  | DNAudit | user=null | ip=null | op=PUT_BLOCK {blockData=[blockId=conID: 2 locID: 102667711880102545 bcsId: 0,size=1048576]} | ret=SUCCESS |  
2019-08-23 18:29:19,135 [grpc-default-executor-3] INFO  client.GrpcClientProtocolClient (GrpcClientProtocolClient.java:onNext(255)) - client-19C32667576E->48affcab-e6e4-4602-963a-f6a50efbd54c: receive RaftClientReply:client-19C32667576E->48affcab-e6e4-4602-963a-f6a50efbd54c@group-50C56EAF5137, cid=3126, SUCCESS, logIndex=4712, commits[48affcab-e6e4-4602-963a-f6a50efbd54c:c4713, 7e391b60-07ae-4d97-a027-4756e468c032:c4711, c5f86d96-67df-4f25-bde3-316f439d30b3:c4709]
2019-08-23 18:29:19,136 | INFO  | DNAudit | user=null | ip=null | op=WRITE_CHUNK {blockData=conID: 2 locID: 102667711880102545 bcsId: 0} | ret=SUCCESS |  
2019-08-23 18:29:19,136 [grpc-default-executor-3] INFO  client.GrpcClientProtocolClient (GrpcClientProtocolClient.java:onNext(255)) - client-19C32667576E->48affcab-e6e4-4602-963a-f6a50efbd54c: receive RaftClientReply:client-19C32667576E->48affcab-e6e4-4602-963a-f6a50efbd54c@group-50C56EAF5137, cid=3127, SUCCESS, logIndex=4713, commits[48affcab-e6e4-4602-963a-f6a50efbd54c:c4714, 7e391b60-07ae-4d97-a027-4756e468c032:c4711, c5f86d96-67df-4f25-bde3-316f439d30b3:c4711]
2019-08-23 18:29:19,136 | INFO  | DNAudit | user=null | ip=null | op=PUT_BLOCK {blockData=[blockId=conID: 2 locID: 102667711880102545 bcsId: 0,size=2097152]} | ret=SUCCESS |  
2019-08-23 18:29:19,136 [grpc-default-executor-3] INFO  client.GrpcClientProtocolClient (GrpcClientProtocolClient.java:onNext(255)) - client-19C32667576E->48affcab-e6e4-4602-963a-f6a50efbd54c: receive RaftClientReply:client-19C32667576E->48affcab-e6e4-4602-963a-f6a50efbd54c@group-50C56EAF5137, cid=3128, SUCCESS, logIndex=4714, commits[48affcab-e6e4-4602-963a-f6a50efbd54c:c4715, 7e391b60-07ae-4d97-a027-4756e468c032:c4711, c5f86d96-67df-4f25-bde3-316f439d30b3:c4711]
2019-08-23 18:29:19,137 [grpc-default-executor-3] INFO  client.GrpcClientProtocolClient (GrpcClientProtocolClient.java:onNext(255)) - client-19C32667576E->48affcab-e6e4-4602-963a-f6a50efbd54c: receive RaftClientReply:client-19C32667576E->48affcab-e6e4-4602-963a-f6a50efbd54c@group-50C56EAF5137, cid=3129, SUCCESS, logIndex=4715, commits[48affcab-e6e4-4602-963a-f6a50efbd54c:c4715, 7e391b60-07ae-4d97-a027-4756e468c032:c4711, c5f86d96-67df-4f25-bde3-316f439d30b3:c4711]
2019-08-23 18:29:19,138 | INFO  | DNAudit | user=null | ip=null | op=WRITE_CHUNK {blockData=conID: 2 locID: 102667711880102545 bcsId: 0} | ret=SUCCESS |  
2019-08-23 18:29:19,138 | INFO  | DNAudit | user=null | ip=null | op=WRITE_CHUNK {blockData=conID: 2 locID: 102667711880102545 bcsId: 0} | ret=SUCCESS |  
2019-08-23 18:29:19,138 | INFO  | DNAudit | user=null | ip=null | op=PUT_BLOCK {blockData=[blockId=conID: 2 locID: 102667711880102545 bcsId: 0,size=1048576]} | ret=SUCCESS |  
2019-08-23 18:29:19,138 | INFO  | DNAudit | user=null | ip=null | op=PUT_BLOCK {blockData=[blockId=conID: 2 locID: 102667711880102545 bcsId: 0,size=1048576]} | ret=SUCCESS |  
2019-08-23 18:29:19,138 | INFO  | DNAudit | user=null | ip=null | op=WRITE_CHUNK {blockData=conID: 2 locID: 102667711880102545 bcsId: 0} | ret=SUCCESS |  
2019-08-23 18:29:19,138 [grpc-default-executor-3] INFO  client.GrpcClientProtocolClient (GrpcClientProtocolClient.java:onNext(255)) - client-19C32667576E->48affcab-e6e4-4602-963a-f6a50efbd54c: receive RaftClientReply:client-19C32667576E->48affcab-e6e4-4602-963a-f6a50efbd54c@group-50C56EAF5137, cid=3130, SUCCESS, logIndex=0, commits[48affcab-e6e4-4602-963a-f6a50efbd54c:c4716, 7e391b60-07ae-4d97-a027-4756e468c032:c4713, c5f86d96-67df-4f25-bde3-316f439d30b3:c4713]
2019-08-23 18:29:19,141 | INFO  | DNAudit | user=null | ip=null | op=WRITE_CHUNK {blockData=conID: 2 locID: 102667711880102545 bcsId: 0} | ret=SUCCESS |  
2019-08-23 18:29:19,141 | INFO  | DNAudit | user=null | ip=null | op=PUT_BLOCK {blockData=[blockId=conID: 2 locID: 102667711880102545 bcsId: 0,size=2097152]} | ret=SUCCESS |  
2019-08-23 18:29:19,141 | INFO  | DNAudit | user=null | ip=null | op=PUT_BLOCK {blockData=[blockId=conID: 2 locID: 102667711880102545 bcsId: 0,size=2097152]} | ret=SUCCESS |  
2019-08-23 18:29:19,144 | INFO  | DNAudit | user=null | ip=null | op=WRITE_CHUNK {blockData=conID: 2 locID: 102667711880102545 bcsId: 4715} | ret=SUCCESS |  
2019-08-23 18:29:19,146 | INFO  | DNAudit | user=null | ip=null | op=WRITE_CHUNK {blockData=conID: 2 locID: 102667711880102545 bcsId: 4715} | ret=SUCCESS |  
2019-08-23 18:29:19,148 | INFO  | DNAudit | user=null | ip=null | op=WRITE_CHUNK {blockData=conID: 2 locID: 102667711880102545 bcsId: 4715} | ret=SUCCESS |  
2019-08-23 18:29:19,148 | INFO  | DNAudit | user=null | ip=null | op=WRITE_CHUNK {blockData=conID: 2 locID: 102667711880102545 bcsId: 4715} | ret=SUCCESS |  
2019-08-23 18:29:19,149 | INFO  | DNAudit | user=null | ip=null | op=PUT_BLOCK {blockData=[blockId=conID: 2 locID: 102667711880102545 bcsId: 0,size=3145728]} | ret=SUCCESS |  
2019-08-23 18:29:19,149 [grpc-default-executor-3] INFO  client.GrpcClientProtocolClient (GrpcClientProtocolClient.java:onNext(255)) - client-19C32667576E->48affcab-e6e4-4602-963a-f6a50efbd54c: receive RaftClientReply:client-19C32667576E->48affcab-e6e4-4602-963a-f6a50efbd54c@group-50C56EAF5137, cid=3131, SUCCESS, logIndex=4720, commits[48affcab-e6e4-4602-963a-f6a50efbd54c:c4721, 7e391b60-07ae-4d97-a027-4756e468c032:c4715, c5f86d96-67df-4f25-bde3-316f439d30b3:c4719]
2019-08-23 18:29:19,149 [grpc-default-executor-3] INFO  client.GrpcClientProtocolClient (GrpcClientProtocolClient.java:onNext(255)) - client-19C32667576E->48affcab-e6e4-4602-963a-f6a50efbd54c: receive RaftClientReply:client-19C32667576E->48affcab-e6e4-4602-963a-f6a50efbd54c@group-50C56EAF5137, cid=3132, SUCCESS, logIndex=4721, commits[48affcab-e6e4-4602-963a-f6a50efbd54c:c4721, 7e391b60-07ae-4d97-a027-4756e468c032:c4715, c5f86d96-67df-4f25-bde3-316f439d30b3:c4719]
2019-08-23 18:29:19,154 | INFO  | DNAudit | user=null | ip=null | op=WRITE_CHUNK {blockData=conID: 2 locID: 102667711880102545 bcsId: 4721} | ret=SUCCESS |  
2019-08-23 18:29:19,156 | INFO  | DNAudit | user=null | ip=null | op=WRITE_CHUNK {blockData=conID: 2 locID: 102667711880102545 bcsId: 4721} | ret=SUCCESS |  
2019-08-23 18:29:19,156 | INFO  | DNAudit | user=null | ip=null | op=WRITE_CHUNK {blockData=conID: 2 locID: 102667711880102545 bcsId: 4721} | ret=SUCCESS |  
2019-08-23 18:29:19,163 | INFO  | DNAudit | user=null | ip=null | op=WRITE_CHUNK {blockData=conID: 2 locID: 102667711880102545 bcsId: 4715} | ret=SUCCESS |  
2019-08-23 18:29:19,164 | INFO  | DNAudit | user=null | ip=null | op=PUT_BLOCK {blockData=[blockId=conID: 2 locID: 102667711880102545 bcsId: 0,size=3145728]} | ret=SUCCESS |  
2019-08-23 18:29:19,166 | INFO  | DNAudit | user=null | ip=null | op=WRITE_CHUNK {blockData=conID: 2 locID: 102667711880102545 bcsId: 4715} | ret=SUCCESS |  
2019-08-23 18:29:19,166 | INFO  | DNAudit | user=null | ip=null | op=PUT_BLOCK {blockData=[blockId=conID: 2 locID: 102667711880102545 bcsId: 0,size=3145728]} | ret=SUCCESS |  
2019-08-23 18:29:19,166 | INFO  | DNAudit | user=null | ip=null | op=WRITE_CHUNK {blockData=conID: 2 locID: 102667711880102545 bcsId: 4721} | ret=SUCCESS |  
2019-08-23 18:29:19,167 | INFO  | DNAudit | user=null | ip=null | op=PUT_BLOCK {blockData=[blockId=conID: 2 locID: 102667711880102545 bcsId: 0,size=4194304]} | ret=SUCCESS |  
2019-08-23 18:29:19,167 [grpc-default-executor-3] INFO  client.GrpcClientProtocolClient (GrpcClientProtocolClient.java:onNext(255)) - client-19C32667576E->48affcab-e6e4-4602-963a-f6a50efbd54c: receive RaftClientReply:client-19C32667576E->48affcab-e6e4-4602-963a-f6a50efbd54c@group-50C56EAF5137, cid=3133, SUCCESS, logIndex=4724, commits[48affcab-e6e4-4602-963a-f6a50efbd54c:c4725, 7e391b60-07ae-4d97-a027-4756e468c032:c4721, c5f86d96-67df-4f25-bde3-316f439d30b3:c4721]
2019-08-23 18:29:19,167 [grpc-default-executor-3] INFO  client.GrpcClientProtocolClient (GrpcClientProtocolClient.java:onNext(255)) - client-19C32667576E->48affcab-e6e4-4602-963a-f6a50efbd54c: receive RaftClientReply:client-19C32667576E->48affcab-e6e4-4602-963a-f6a50efbd54c@group-50C56EAF5137, cid=3134, SUCCESS, logIndex=4725, commits[48affcab-e6e4-4602-963a-f6a50efbd54c:c4725, 7e391b60-07ae-4d97-a027-4756e468c032:c4721, c5f86d96-67df-4f25-bde3-316f439d30b3:c4721]
2019-08-23 18:29:19,173 | INFO  | DNAudit | user=null | ip=null | op=WRITE_CHUNK {blockData=conID: 2 locID: 102667711880102545 bcsId: 4721} | ret=SUCCESS |  
2019-08-23 18:29:19,173 | INFO  | DNAudit | user=null | ip=null | op=WRITE_CHUNK {blockData=conID: 2 locID: 102667711880102545 bcsId: 4721} | ret=SUCCESS |  
2019-08-23 18:29:19,176 | INFO  | DNAudit | user=null | ip=null | op=PUT_BLOCK {blockData=[blockId=conID: 2 locID: 102667711880102545 bcsId: 0,size=4194304]} | ret=SUCCESS |  
2019-08-23 18:29:19,176 | INFO  | DNAudit | user=null | ip=null | op=PUT_BLOCK {blockData=[blockId=conID: 2 locID: 102667711880102545 bcsId: 0,size=4194304]} | ret=SUCCESS |  
2019-08-23 18:29:19,176 [grpc-default-executor-3] INFO  client.GrpcClientProtocolClient (GrpcClientProtocolClient.java:onNext(255)) - client-19C32667576E->48affcab-e6e4-4602-963a-f6a50efbd54c: receive RaftClientReply:client-19C32667576E->48affcab-e6e4-4602-963a-f6a50efbd54c@group-50C56EAF5137, cid=3135, SUCCESS, logIndex=0, commits[48affcab-e6e4-4602-963a-f6a50efbd54c:c4727, 7e391b60-07ae-4d97-a027-4756e468c032:c4725, c5f86d96-67df-4f25-bde3-316f439d30b3:c4725]
2019-08-23 18:29:19,181 | INFO  | SCMAudit | user=jenkins1000 | ip=192.168.34.23 | op=ALLOCATE_BLOCK {owner=1ceb8b80-28f1-43fd-86c3-175afc07b8d1, size=4194304, type=RATIS, factor=THREE} | ret=SUCCESS |  
2019-08-23 18:29:19,184 | INFO  | OMAudit | user=jenkins1000 | ip=127.0.0.1 | op=ALLOCATE_BLOCK {volume=vol-0-45438, bucket=bucket-0-23891, key=key-0-22455, dataSize=0, replicationType=null, replicationFactor=null, keyLocationInfo=null, clientID=102667710122492306} | ret=SUCCESS |  
2019-08-23 18:29:19,190 | INFO  | DNAudit | user=null | ip=null | op=WRITE_CHUNK {blockData=conID: 3 locID: 102667711884886674 bcsId: 0} | ret=SUCCESS |  
2019-08-23 18:29:19,191 | INFO  | DNAudit | user=null | ip=null | op=WRITE_CHUNK {blockData=conID: 3 locID: 102667711884886674 bcsId: 0} | ret=SUCCESS |  
2019-08-23 18:29:19,192 | INFO  | DNAudit | user=null | ip=null | op=WRITE_CHUNK {blockData=conID: 3 locID: 102667711884886674 bcsId: 0} | ret=SUCCESS |  
2019-08-23 18:29:19,192 | INFO  | DNAudit | user=null | ip=null | op=WRITE_CHUNK {blockData=conID: 3 locID: 102667711884886674 bcsId: 0} | ret=SUCCESS |  
2019-08-23 18:29:19,195 | INFO  | DNAudit | user=null | ip=null | op=WRITE_CHUNK {blockData=conID: 3 locID: 102667711884886674 bcsId: 0} | ret=SUCCESS |  
2019-08-23 18:29:19,195 | INFO  | DNAudit | user=null | ip=null | op=WRITE_CHUNK {blockData=conID: 3 locID: 102667711884886674 bcsId: 0} | ret=SUCCESS |  
2019-08-23 18:29:19,204 | INFO  | DNAudit | user=null | ip=null | op=WRITE_CHUNK {blockData=conID: 3 locID: 102667711884886674 bcsId: 0} | ret=SUCCESS |  
2019-08-23 18:29:19,205 | INFO  | DNAudit | user=null | ip=null | op=PUT_BLOCK {blockData=[blockId=conID: 3 locID: 102667711884886674 bcsId: 0,size=1048576]} | ret=SUCCESS |  
2019-08-23 18:29:19,205 [grpc-default-executor-3] INFO  client.GrpcClientProtocolClient (GrpcClientProtocolClient.java:onNext(255)) - client-19C32667576E->48affcab-e6e4-4602-963a-f6a50efbd54c: receive RaftClientReply:client-19C32667576E->48affcab-e6e4-4602-963a-f6a50efbd54c@group-50C56EAF5137, cid=3136, SUCCESS, logIndex=4728, commits[48affcab-e6e4-4602-963a-f6a50efbd54c:c4729, 7e391b60-07ae-4d97-a027-4756e468c032:c4727, c5f86d96-67df-4f25-bde3-316f439d30b3:c4727]
2019-08-23 18:29:19,205 [grpc-default-executor-3] INFO  client.GrpcClientProtocolClient (GrpcClientProtocolClient.java:onNext(255)) - client-19C32667576E->48affcab-e6e4-4602-963a-f6a50efbd54c: receive RaftClientReply:client-19C32667576E->48affcab-e6e4-4602-963a-f6a50efbd54c@group-50C56EAF5137, cid=3137, SUCCESS, logIndex=4729, commits[48affcab-e6e4-4602-963a-f6a50efbd54c:c4729, 7e391b60-07ae-4d97-a027-4756e468c032:c4727, c5f86d96-67df-4f25-bde3-316f439d30b3:c4727]
2019-08-23 18:29:19,217 | INFO  | DNAudit | user=null | ip=null | op=WRITE_CHUNK {blockData=conID: 3 locID: 102667711884886674 bcsId: 0} | ret=SUCCESS |  
2019-08-23 18:29:19,217 | INFO  | DNAudit | user=null | ip=null | op=PUT_BLOCK {blockData=[blockId=conID: 3 locID: 102667711884886674 bcsId: 0,size=2097152]} | ret=SUCCESS |  
2019-08-23 18:29:19,217 [grpc-default-executor-3] INFO  client.GrpcClientProtocolClient (GrpcClientProtocolClient.java:onNext(255)) - client-19C32667576E->48affcab-e6e4-4602-963a-f6a50efbd54c: receive RaftClientReply:client-19C32667576E->48affcab-e6e4-4602-963a-f6a50efbd54c@group-50C56EAF5137, cid=3138, SUCCESS, logIndex=4730, commits[48affcab-e6e4-4602-963a-f6a50efbd54c:c4731, 7e391b60-07ae-4d97-a027-4756e468c032:c4727, c5f86d96-67df-4f25-bde3-316f439d30b3:c4727]
2019-08-23 18:29:19,218 [grpc-default-executor-3] INFO  client.GrpcClientProtocolClient (GrpcClientProtocolClient.java:onNext(255)) - client-19C32667576E->48affcab-e6e4-4602-963a-f6a50efbd54c: receive RaftClientReply:client-19C32667576E->48affcab-e6e4-4602-963a-f6a50efbd54c@group-50C56EAF5137, cid=3139, SUCCESS, logIndex=4731, commits[48affcab-e6e4-4602-963a-f6a50efbd54c:c4731, 7e391b60-07ae-4d97-a027-4756e468c032:c4727, c5f86d96-67df-4f25-bde3-316f439d30b3:c4727]
2019-08-23 18:29:19,230 | INFO  | DNAudit | user=null | ip=null | op=WRITE_CHUNK {blockData=conID: 3 locID: 102667711884886674 bcsId: 0} | ret=SUCCESS |  
2019-08-23 18:29:19,230 | INFO  | DNAudit | user=null | ip=null | op=WRITE_CHUNK {blockData=conID: 3 locID: 102667711884886674 bcsId: 0} | ret=SUCCESS |  
2019-08-23 18:29:19,230 | INFO  | DNAudit | user=null | ip=null | op=PUT_BLOCK {blockData=[blockId=conID: 3 locID: 102667711884886674 bcsId: 0,size=1048576]} | ret=SUCCESS |  
2019-08-23 18:29:19,230 | INFO  | DNAudit | user=null | ip=null | op=PUT_BLOCK {blockData=[blockId=conID: 3 locID: 102667711884886674 bcsId: 0,size=1048576]} | ret=SUCCESS |  
2019-08-23 18:29:19,230 [grpc-default-executor-5] INFO  client.GrpcClientProtocolClient (GrpcClientProtocolClient.java:onNext(255)) - client-19C32667576E->48affcab-e6e4-4602-963a-f6a50efbd54c: receive RaftClientReply:client-19C32667576E->48affcab-e6e4-4602-963a-f6a50efbd54c@group-50C56EAF5137, cid=3140, SUCCESS, logIndex=0, commits[48affcab-e6e4-4602-963a-f6a50efbd54c:c4733, 7e391b60-07ae-4d97-a027-4756e468c032:c4729, c5f86d96-67df-4f25-bde3-316f439d30b3:c4729]
2019-08-23 18:29:19,235 | INFO  | DNAudit | user=null | ip=null | op=WRITE_CHUNK {blockData=conID: 3 locID: 102667711884886674 bcsId: 4731} | ret=SUCCESS |  
2019-08-23 18:29:19,237 | INFO  | DNAudit | user=null | ip=null | op=WRITE_CHUNK {blockData=conID: 3 locID: 102667711884886674 bcsId: 4731} | ret=SUCCESS |  
2019-08-23 18:29:19,239 | INFO  | DNAudit | user=null | ip=null | op=WRITE_CHUNK {blockData=conID: 3 locID: 102667711884886674 bcsId: 4731} | ret=SUCCESS |  
2019-08-23 18:29:19,241 | INFO  | DNAudit | user=null | ip=null | op=WRITE_CHUNK {blockData=conID: 3 locID: 102667711884886674 bcsId: 0} | ret=SUCCESS |  
2019-08-23 18:29:19,241 | INFO  | DNAudit | user=null | ip=null | op=WRITE_CHUNK {blockData=conID: 3 locID: 102667711884886674 bcsId: 0} | ret=SUCCESS |  
2019-08-23 18:29:19,241 | INFO  | DNAudit | user=null | ip=null | op=PUT_BLOCK {blockData=[blockId=conID: 3 locID: 102667711884886674 bcsId: 0,size=2097152]} | ret=SUCCESS |  
2019-08-23 18:29:19,241 | INFO  | DNAudit | user=null | ip=null | op=PUT_BLOCK {blockData=[blockId=conID: 3 locID: 102667711884886674 bcsId: 0,size=2097152]} | ret=SUCCESS |  
2019-08-23 18:29:19,242 | INFO  | DNAudit | user=null | ip=null | op=WRITE_CHUNK {blockData=conID: 3 locID: 102667711884886674 bcsId: 4731} | ret=SUCCESS |  
2019-08-23 18:29:19,242 | INFO  | DNAudit | user=null | ip=null | op=PUT_BLOCK {blockData=[blockId=conID: 3 locID: 102667711884886674 bcsId: 0,size=3145728]} | ret=SUCCESS |  
2019-08-23 18:29:19,242 [grpc-default-executor-3] INFO  client.GrpcClientProtocolClient (GrpcClientProtocolClient.java:onNext(255)) - client-19C32667576E->48affcab-e6e4-4602-963a-f6a50efbd54c: receive RaftClientReply:client-19C32667576E->48affcab-e6e4-4602-963a-f6a50efbd54c@group-50C56EAF5137, cid=3141, SUCCESS, logIndex=4736, commits[48affcab-e6e4-4602-963a-f6a50efbd54c:c4737, 7e391b60-07ae-4d97-a027-4756e468c032:c4731, c5f86d96-67df-4f25-bde3-316f439d30b3:c4733]
2019-08-23 18:29:19,243 [grpc-default-executor-3] INFO  client.GrpcClientProtocolClient (GrpcClientProtocolClient.java:onNext(255)) - client-19C32667576E->48affcab-e6e4-4602-963a-f6a50efbd54c: receive RaftClientReply:client-19C32667576E->48affcab-e6e4-4602-963a-f6a50efbd54c@group-50C56EAF5137, cid=3142, SUCCESS, logIndex=4737, commits[48affcab-e6e4-4602-963a-f6a50efbd54c:c4737, 7e391b60-07ae-4d97-a027-4756e468c032:c4731, c5f86d96-67df-4f25-bde3-316f439d30b3:c4733]
2019-08-23 18:29:19,248 | INFO  | DNAudit | user=null | ip=null | op=WRITE_CHUNK {blockData=conID: 3 locID: 102667711884886674 bcsId: 4737} | ret=SUCCESS |  
2019-08-23 18:29:19,251 | INFO  | DNAudit | user=null | ip=null | op=WRITE_CHUNK {blockData=conID: 3 locID: 102667711884886674 bcsId: 4737} | ret=SUCCESS |  
2019-08-23 18:29:19,251 | INFO  | DNAudit | user=null | ip=null | op=WRITE_CHUNK {blockData=conID: 3 locID: 102667711884886674 bcsId: 4737} | ret=SUCCESS |  
2019-08-23 18:29:19,257 | INFO  | DNAudit | user=null | ip=null | op=WRITE_CHUNK {blockData=conID: 3 locID: 102667711884886674 bcsId: 4731} | ret=SUCCESS |  
2019-08-23 18:29:19,257 | INFO  | DNAudit | user=null | ip=null | op=WRITE_CHUNK {blockData=conID: 3 locID: 102667711884886674 bcsId: 4731} | ret=SUCCESS |  
2019-08-23 18:29:19,257 | INFO  | DNAudit | user=null | ip=null | op=PUT_BLOCK {blockData=[blockId=conID: 3 locID: 102667711884886674 bcsId: 0,size=3145728]} | ret=SUCCESS |  
2019-08-23 18:29:19,257 | INFO  | DNAudit | user=null | ip=null | op=PUT_BLOCK {blockData=[blockId=conID: 3 locID: 102667711884886674 bcsId: 0,size=3145728]} | ret=SUCCESS |  
2019-08-23 18:29:19,260 | INFO  | DNAudit | user=null | ip=null | op=WRITE_CHUNK {blockData=conID: 3 locID: 102667711884886674 bcsId: 4737} | ret=SUCCESS |  
2019-08-23 18:29:19,260 | INFO  | DNAudit | user=null | ip=null | op=PUT_BLOCK {blockData=[blockId=conID: 3 locID: 102667711884886674 bcsId: 0,size=4194304]} | ret=SUCCESS |  
2019-08-23 18:29:19,260 [grpc-default-executor-0] INFO  client.GrpcClientProtocolClient (GrpcClientProtocolClient.java:onNext(255)) - client-19C32667576E->48affcab-e6e4-4602-963a-f6a50efbd54c: receive RaftClientReply:client-19C32667576E->48affcab-e6e4-4602-963a-f6a50efbd54c@group-50C56EAF5137, cid=3143, SUCCESS, logIndex=4740, commits[48affcab-e6e4-4602-963a-f6a50efbd54c:c4741, 7e391b60-07ae-4d97-a027-4756e468c032:c4737, c5f86d96-67df-4f25-bde3-316f439d30b3:c4737]
2019-08-23 18:29:19,260 [grpc-default-executor-0] INFO  client.GrpcClientProtocolClient (GrpcClientProtocolClient.java:onNext(255)) - client-19C32667576E->48affcab-e6e4-4602-963a-f6a50efbd54c: receive RaftClientReply:client-19C32667576E->48affcab-e6e4-4602-963a-f6a50efbd54c@group-50C56EAF5137, cid=3144, SUCCESS, logIndex=4741, commits[48affcab-e6e4-4602-963a-f6a50efbd54c:c4741, 7e391b60-07ae-4d97-a027-4756e468c032:c4737, c5f86d96-67df-4f25-bde3-316f439d30b3:c4737]
2019-08-23 18:29:19,263 | INFO  | DNAudit | user=null | ip=null | op=WRITE_CHUNK {blockData=conID: 3 locID: 102667711884886674 bcsId: 4737} | ret=SUCCESS |  
2019-08-23 18:29:19,263 | INFO  | DNAudit | user=null | ip=null | op=WRITE_CHUNK {blockData=conID: 3 locID: 102667711884886674 bcsId: 4737} | ret=SUCCESS |  
2019-08-23 18:29:19,267 | INFO  | DNAudit | user=null | ip=null | op=PUT_BLOCK {blockData=[blockId=conID: 3 locID: 102667711884886674 bcsId: 0,size=4194304]} | ret=SUCCESS |  
2019-08-23 18:29:19,267 | INFO  | DNAudit | user=null | ip=null | op=PUT_BLOCK {blockData=[blockId=conID: 3 locID: 102667711884886674 bcsId: 0,size=4194304]} | ret=SUCCESS |  
2019-08-23 18:29:19,267 [grpc-default-executor-0] INFO  client.GrpcClientProtocolClient (GrpcClientProtocolClient.java:onNext(255)) - client-19C32667576E->48affcab-e6e4-4602-963a-f6a50efbd54c: receive RaftClientReply:client-19C32667576E->48affcab-e6e4-4602-963a-f6a50efbd54c@group-50C56EAF5137, cid=3145, SUCCESS, logIndex=0, commits[48affcab-e6e4-4602-963a-f6a50efbd54c:c4743, 7e391b60-07ae-4d97-a027-4756e468c032:c4741, c5f86d96-67df-4f25-bde3-316f439d30b3:c4741]
2019-08-23 18:29:19,273 | INFO  | SCMAudit | user=jenkins1000 | ip=192.168.34.23 | op=ALLOCATE_BLOCK {owner=1ceb8b80-28f1-43fd-86c3-175afc07b8d1, size=4194304, type=RATIS, factor=THREE} | ret=SUCCESS |  
2019-08-23 18:29:19,277 | INFO  | OMAudit | user=jenkins1000 | ip=127.0.0.1 | op=ALLOCATE_BLOCK {volume=vol-0-45438, bucket=bucket-0-23891, key=key-0-22455, dataSize=0, replicationType=null, replicationFactor=null, keyLocationInfo=null, clientID=102667710122492306} | ret=SUCCESS |  
2019-08-23 18:29:19,282 | INFO  | DNAudit | user=null | ip=null | op=WRITE_CHUNK {blockData=conID: 1 locID: 102667711890915987 bcsId: 0} | ret=SUCCESS |  
2019-08-23 18:29:19,284 | INFO  | DNAudit | user=null | ip=null | op=WRITE_CHUNK {blockData=conID: 1 locID: 102667711890915987 bcsId: 0} | ret=SUCCESS |  
2019-08-23 18:29:19,285 | INFO  | DNAudit | user=null | ip=null | op=WRITE_CHUNK {blockData=conID: 1 locID: 102667711890915987 bcsId: 0} | ret=SUCCESS |  
2019-08-23 18:29:19,285 | INFO  | DNAudit | user=null | ip=null | op=WRITE_CHUNK {blockData=conID: 1 locID: 102667711890915987 bcsId: 0} | ret=SUCCESS |  
2019-08-23 18:29:19,286 | INFO  | DNAudit | user=null | ip=null | op=WRITE_CHUNK {blockData=conID: 1 locID: 102667711890915987 bcsId: 0} | ret=SUCCESS |  
2019-08-23 18:29:19,286 | INFO  | DNAudit | user=null | ip=null | op=PUT_BLOCK {blockData=[blockId=conID: 1 locID: 102667711890915987 bcsId: 0,size=1048576]} | ret=SUCCESS |  
2019-08-23 18:29:19,286 [grpc-default-executor-3] INFO  client.GrpcClientProtocolClient (GrpcClientProtocolClient.java:onNext(255)) - client-19C32667576E->48affcab-e6e4-4602-963a-f6a50efbd54c: receive RaftClientReply:client-19C32667576E->48affcab-e6e4-4602-963a-f6a50efbd54c@group-50C56EAF5137, cid=3146, SUCCESS, logIndex=4744, commits[48affcab-e6e4-4602-963a-f6a50efbd54c:c4745, 7e391b60-07ae-4d97-a027-4756e468c032:c4741, c5f86d96-67df-4f25-bde3-316f439d30b3:c4743]
2019-08-23 18:29:19,287 [grpc-default-executor-3] INFO  client.GrpcClientProtocolClient (GrpcClientProtocolClient.java:onNext(255)) - client-19C32667576E->48affcab-e6e4-4602-963a-f6a50efbd54c: receive RaftClientReply:client-19C32667576E->48affcab-e6e4-4602-963a-f6a50efbd54c@group-50C56EAF5137, cid=3147, SUCCESS, logIndex=4745, commits[48affcab-e6e4-4602-963a-f6a50efbd54c:c4745, 7e391b60-07ae-4d97-a027-4756e468c032:c4741, c5f86d96-67df-4f25-bde3-316f439d30b3:c4743]
2019-08-23 18:29:19,287 | INFO  | DNAudit | user=null | ip=null | op=WRITE_CHUNK {blockData=conID: 1 locID: 102667711890915987 bcsId: 0} | ret=SUCCESS |  
2019-08-23 18:29:19,288 | INFO  | DNAudit | user=null | ip=null | op=WRITE_CHUNK {blockData=conID: 1 locID: 102667711890915987 bcsId: 0} | ret=SUCCESS |  
2019-08-23 18:29:19,291 | INFO  | DNAudit | user=null | ip=null | op=WRITE_CHUNK {blockData=conID: 1 locID: 102667711890915987 bcsId: 0} | ret=SUCCESS |  
2019-08-23 18:29:19,291 | INFO  | DNAudit | user=null | ip=null | op=WRITE_CHUNK {blockData=conID: 1 locID: 102667711890915987 bcsId: 0} | ret=SUCCESS |  
2019-08-23 18:29:19,291 | INFO  | DNAudit | user=null | ip=null | op=PUT_BLOCK {blockData=[blockId=conID: 1 locID: 102667711890915987 bcsId: 0,size=1048576]} | ret=SUCCESS |  
2019-08-23 18:29:19,291 | INFO  | DNAudit | user=null | ip=null | op=WRITE_CHUNK {blockData=conID: 1 locID: 102667711890915987 bcsId: 0} | ret=SUCCESS |  
2019-08-23 18:29:19,292 | INFO  | DNAudit | user=null | ip=null | op=PUT_BLOCK {blockData=[blockId=conID: 1 locID: 102667711890915987 bcsId: 0,size=2097152]} | ret=SUCCESS |  
2019-08-23 18:29:19,292 | INFO  | DNAudit | user=null | ip=null | op=PUT_BLOCK {blockData=[blockId=conID: 1 locID: 102667711890915987 bcsId: 0,size=1048576]} | ret=SUCCESS |  
2019-08-23 18:29:19,292 [grpc-default-executor-5] INFO  client.GrpcClientProtocolClient (GrpcClientProtocolClient.java:onNext(255)) - client-19C32667576E->48affcab-e6e4-4602-963a-f6a50efbd54c: receive RaftClientReply:client-19C32667576E->48affcab-e6e4-4602-963a-f6a50efbd54c@group-50C56EAF5137, cid=3148, SUCCESS, logIndex=4746, commits[48affcab-e6e4-4602-963a-f6a50efbd54c:c4747, 7e391b60-07ae-4d97-a027-4756e468c032:c4745, c5f86d96-67df-4f25-bde3-316f439d30b3:c4743]
2019-08-23 18:29:19,292 [grpc-default-executor-5] INFO  client.GrpcClientProtocolClient (GrpcClientProtocolClient.java:onNext(255)) - client-19C32667576E->48affcab-e6e4-4602-963a-f6a50efbd54c: receive RaftClientReply:client-19C32667576E->48affcab-e6e4-4602-963a-f6a50efbd54c@group-50C56EAF5137, cid=3149, SUCCESS, logIndex=4747, commits[48affcab-e6e4-4602-963a-f6a50efbd54c:c4747, 7e391b60-07ae-4d97-a027-4756e468c032:c4745, c5f86d96-67df-4f25-bde3-316f439d30b3:c4745]
2019-08-23 18:29:19,293 | INFO  | DNAudit | user=null | ip=null | op=WRITE_CHUNK {blockData=conID: 1 locID: 102667711890915987 bcsId: 0} | ret=SUCCESS |  
2019-08-23 18:29:19,293 | INFO  | DNAudit | user=null | ip=null | op=WRITE_CHUNK {blockData=conID: 1 locID: 102667711890915987 bcsId: 0} | ret=SUCCESS |  
2019-08-23 18:29:19,293 | INFO  | DNAudit | user=null | ip=null | op=PUT_BLOCK {blockData=[blockId=conID: 1 locID: 102667711890915987 bcsId: 0,size=2097152]} | ret=SUCCESS |  
2019-08-23 18:29:19,296 | INFO  | DNAudit | user=null | ip=null | op=PUT_BLOCK {blockData=[blockId=conID: 1 locID: 102667711890915987 bcsId: 0,size=2097152]} | ret=SUCCESS |  
2019-08-23 18:29:19,297 | INFO  | DNAudit | user=null | ip=null | op=WRITE_CHUNK {blockData=conID: 1 locID: 102667711890915987 bcsId: 4747} | ret=SUCCESS |  
2019-08-23 18:29:19,299 | INFO  | DNAudit | user=null | ip=null | op=WRITE_CHUNK {blockData=conID: 1 locID: 102667711890915987 bcsId: 4747} | ret=SUCCESS |  
2019-08-23 18:29:19,299 | INFO  | DNAudit | user=null | ip=null | op=WRITE_CHUNK {blockData=conID: 1 locID: 102667711890915987 bcsId: 4747} | ret=SUCCESS |  
2019-08-23 18:29:19,302 | INFO  | DNAudit | user=null | ip=null | op=WRITE_CHUNK {blockData=conID: 1 locID: 102667711890915987 bcsId: 4747} | ret=SUCCESS |  
2019-08-23 18:29:19,302 | INFO  | DNAudit | user=null | ip=null | op=PUT_BLOCK {blockData=[blockId=conID: 1 locID: 102667711890915987 bcsId: 0,size=3145728]} | ret=SUCCESS |  
2019-08-23 18:29:19,302 [grpc-default-executor-0] INFO  client.GrpcClientProtocolClient (GrpcClientProtocolClient.java:onNext(255)) - client-19C32667576E->48affcab-e6e4-4602-963a-f6a50efbd54c: receive RaftClientReply:client-19C32667576E->48affcab-e6e4-4602-963a-f6a50efbd54c@group-50C56EAF5137, cid=3150, SUCCESS, logIndex=4752, commits[48affcab-e6e4-4602-963a-f6a50efbd54c:c4753, 7e391b60-07ae-4d97-a027-4756e468c032:c4747, c5f86d96-67df-4f25-bde3-316f439d30b3:c4751]
2019-08-23 18:29:19,303 [grpc-default-executor-0] INFO  client.GrpcClientProtocolClient (GrpcClientProtocolClient.java:onNext(255)) - client-19C32667576E->48affcab-e6e4-4602-963a-f6a50efbd54c: receive RaftClientReply:client-19C32667576E->48affcab-e6e4-4602-963a-f6a50efbd54c@group-50C56EAF5137, cid=3151, SUCCESS, logIndex=4753, commits[48affcab-e6e4-4602-963a-f6a50efbd54c:c4753, 7e391b60-07ae-4d97-a027-4756e468c032:c4751, c5f86d96-67df-4f25-bde3-316f439d30b3:c4751]
2019-08-23 18:29:19,305 | INFO  | DNAudit | user=null | ip=null | op=WRITE_CHUNK {blockData=conID: 1 locID: 102667711890915987 bcsId: 4747} | ret=SUCCESS |  
2019-08-23 18:29:19,305 | INFO  | DNAudit | user=null | ip=null | op=WRITE_CHUNK {blockData=conID: 1 locID: 102667711890915987 bcsId: 4747} | ret=SUCCESS |  
2019-08-23 18:29:19,305 | INFO  | DNAudit | user=null | ip=null | op=PUT_BLOCK {blockData=[blockId=conID: 1 locID: 102667711890915987 bcsId: 0,size=3145728]} | ret=SUCCESS |  
2019-08-23 18:29:19,305 | INFO  | DNAudit | user=null | ip=null | op=PUT_BLOCK {blockData=[blockId=conID: 1 locID: 102667711890915987 bcsId: 0,size=3145728]} | ret=SUCCESS |  
2019-08-23 18:29:19,309 | INFO  | DNAudit | user=null | ip=null | op=WRITE_CHUNK {blockData=conID: 1 locID: 102667711890915987 bcsId: 4753} | ret=SUCCESS |  
2019-08-23 18:29:19,312 | INFO  | DNAudit | user=null | ip=null | op=WRITE_CHUNK {blockData=conID: 1 locID: 102667711890915987 bcsId: 4753} | ret=SUCCESS |  
2019-08-23 18:29:19,312 | INFO  | DNAudit | user=null | ip=null | op=WRITE_CHUNK {blockData=conID: 1 locID: 102667711890915987 bcsId: 4753} | ret=SUCCESS |  
2019-08-23 18:29:19,314 | INFO  | DNAudit | user=null | ip=null | op=WRITE_CHUNK {blockData=conID: 1 locID: 102667711890915987 bcsId: 4753} | ret=SUCCESS |  
2019-08-23 18:29:19,314 | INFO  | DNAudit | user=null | ip=null | op=PUT_BLOCK {blockData=[blockId=conID: 1 locID: 102667711890915987 bcsId: 0,size=4194304]} | ret=SUCCESS |  
2019-08-23 18:29:19,315 [grpc-default-executor-5] INFO  client.GrpcClientProtocolClient (GrpcClientProtocolClient.java:onNext(255)) - client-19C32667576E->48affcab-e6e4-4602-963a-f6a50efbd54c: receive RaftClientReply:client-19C32667576E->48affcab-e6e4-4602-963a-f6a50efbd54c@group-50C56EAF5137, cid=3152, SUCCESS, logIndex=4756, commits[48affcab-e6e4-4602-963a-f6a50efbd54c:c4757, 7e391b60-07ae-4d97-a027-4756e468c032:c4753, c5f86d96-67df-4f25-bde3-316f439d30b3:c4755]
2019-08-23 18:29:19,315 [grpc-default-executor-5] INFO  client.GrpcClientProtocolClient (GrpcClientProtocolClient.java:onNext(255)) - client-19C32667576E->48affcab-e6e4-4602-963a-f6a50efbd54c: receive RaftClientReply:client-19C32667576E->48affcab-e6e4-4602-963a-f6a50efbd54c@group-50C56EAF5137, cid=3153, SUCCESS, logIndex=4757, commits[48affcab-e6e4-4602-963a-f6a50efbd54c:c4757, 7e391b60-07ae-4d97-a027-4756e468c032:c4753, c5f86d96-67df-4f25-bde3-316f439d30b3:c4755]
2019-08-23 18:29:19,317 | INFO  | DNAudit | user=null | ip=null | op=WRITE_CHUNK {blockData=conID: 1 locID: 102667711890915987 bcsId: 4753} | ret=SUCCESS |  
2019-08-23 18:29:19,317 | INFO  | DNAudit | user=null | ip=null | op=PUT_BLOCK {blockData=[blockId=conID: 1 locID: 102667711890915987 bcsId: 0,size=4194304]} | ret=SUCCESS |  
2019-08-23 18:29:19,318 | INFO  | DNAudit | user=null | ip=null | op=WRITE_CHUNK {blockData=conID: 1 locID: 102667711890915987 bcsId: 4753} | ret=SUCCESS |  
2019-08-23 18:29:19,318 | INFO  | DNAudit | user=null | ip=null | op=PUT_BLOCK {blockData=[blockId=conID: 1 locID: 102667711890915987 bcsId: 0,size=4194304]} | ret=SUCCESS |  
2019-08-23 18:29:19,319 [grpc-default-executor-5] INFO  client.GrpcClientProtocolClient (GrpcClientProtocolClient.java:onNext(255)) - client-19C32667576E->48affcab-e6e4-4602-963a-f6a50efbd54c: receive RaftClientReply:client-19C32667576E->48affcab-e6e4-4602-963a-f6a50efbd54c@group-50C56EAF5137, cid=3154, SUCCESS, logIndex=0, commits[48affcab-e6e4-4602-963a-f6a50efbd54c:c4758, 7e391b60-07ae-4d97-a027-4756e468c032:c4757, c5f86d96-67df-4f25-bde3-316f439d30b3:c4757]
2019-08-23 18:29:19,324 | INFO  | SCMAudit | user=jenkins1000 | ip=192.168.34.23 | op=ALLOCATE_BLOCK {owner=1ceb8b80-28f1-43fd-86c3-175afc07b8d1, size=4194304, type=RATIS, factor=THREE} | ret=SUCCESS |  
2019-08-23 18:29:19,327 | INFO  | OMAudit | user=jenkins1000 | ip=127.0.0.1 | op=ALLOCATE_BLOCK {volume=vol-0-45438, bucket=bucket-0-23891, key=key-0-22455, dataSize=0, replicationType=null, replicationFactor=null, keyLocationInfo=null, clientID=102667710122492306} | ret=SUCCESS |  
2019-08-23 18:29:19,333 | INFO  | DNAudit | user=null | ip=null | op=WRITE_CHUNK {blockData=conID: 2 locID: 102667711894192788 bcsId: 0} | ret=SUCCESS |  
2019-08-23 18:29:19,336 | INFO  | DNAudit | user=null | ip=null | op=WRITE_CHUNK {blockData=conID: 2 locID: 102667711894192788 bcsId: 0} | ret=SUCCESS |  
2019-08-23 18:29:19,336 | INFO  | DNAudit | user=null | ip=null | op=WRITE_CHUNK {blockData=conID: 2 locID: 102667711894192788 bcsId: 0} | ret=SUCCESS |  
2019-08-23 18:29:19,337 | INFO  | DNAudit | user=null | ip=null | op=WRITE_CHUNK {blockData=conID: 2 locID: 102667711894192788 bcsId: 0} | ret=SUCCESS |  
2019-08-23 18:29:19,338 | INFO  | DNAudit | user=null | ip=null | op=WRITE_CHUNK {blockData=conID: 2 locID: 102667711894192788 bcsId: 0} | ret=SUCCESS |  
2019-08-23 18:29:19,339 | INFO  | DNAudit | user=null | ip=null | op=WRITE_CHUNK {blockData=conID: 2 locID: 102667711894192788 bcsId: 0} | ret=SUCCESS |  
2019-08-23 18:29:19,339 | INFO  | DNAudit | user=null | ip=null | op=PUT_BLOCK {blockData=[blockId=conID: 2 locID: 102667711894192788 bcsId: 0,size=1048576]} | ret=SUCCESS |  
2019-08-23 18:29:19,339 | INFO  | DNAudit | user=null | ip=null | op=WRITE_CHUNK {blockData=conID: 2 locID: 102667711894192788 bcsId: 0} | ret=SUCCESS |  
2019-08-23 18:29:19,339 [grpc-default-executor-3] INFO  client.GrpcClientProtocolClient (GrpcClientProtocolClient.java:onNext(255)) - client-19C32667576E->48affcab-e6e4-4602-963a-f6a50efbd54c: receive RaftClientReply:client-19C32667576E->48affcab-e6e4-4602-963a-f6a50efbd54c@group-50C56EAF5137, cid=3155, SUCCESS, logIndex=4760, commits[48affcab-e6e4-4602-963a-f6a50efbd54c:c4761, 7e391b60-07ae-4d97-a027-4756e468c032:c4759, c5f86d96-67df-4f25-bde3-316f439d30b3:c4757]
2019-08-23 18:29:19,340 [grpc-default-executor-3] INFO  client.GrpcClientProtocolClient (GrpcClientProtocolClient.java:onNext(255)) - client-19C32667576E->48affcab-e6e4-4602-963a-f6a50efbd54c: receive RaftClientReply:client-19C32667576E->48affcab-e6e4-4602-963a-f6a50efbd54c@group-50C56EAF5137, cid=3156, SUCCESS, logIndex=4761, commits[48affcab-e6e4-4602-963a-f6a50efbd54c:c4761, 7e391b60-07ae-4d97-a027-4756e468c032:c4759, c5f86d96-67df-4f25-bde3-316f439d30b3:c4757]
2019-08-23 18:29:19,341 | INFO  | DNAudit | user=null | ip=null | op=WRITE_CHUNK {blockData=conID: 2 locID: 102667711894192788 bcsId: 0} | ret=SUCCESS |  
2019-08-23 18:29:19,341 | INFO  | DNAudit | user=null | ip=null | op=WRITE_CHUNK {blockData=conID: 2 locID: 102667711894192788 bcsId: 0} | ret=SUCCESS |  
2019-08-23 18:29:19,341 | INFO  | DNAudit | user=null | ip=null | op=PUT_BLOCK {blockData=[blockId=conID: 2 locID: 102667711894192788 bcsId: 0,size=1048576]} | ret=SUCCESS |  
2019-08-23 18:29:19,341 | INFO  | DNAudit | user=null | ip=null | op=PUT_BLOCK {blockData=[blockId=conID: 2 locID: 102667711894192788 bcsId: 0,size=2097152]} | ret=SUCCESS |  
2019-08-23 18:29:19,341 [grpc-default-executor-5] INFO  client.GrpcClientProtocolClient (GrpcClientProtocolClient.java:onNext(255)) - client-19C32667576E->48affcab-e6e4-4602-963a-f6a50efbd54c: receive RaftClientReply:client-19C32667576E->48affcab-e6e4-4602-963a-f6a50efbd54c@group-50C56EAF5137, cid=3157, SUCCESS, logIndex=4762, commits[48affcab-e6e4-4602-963a-f6a50efbd54c:c4764, 7e391b60-07ae-4d97-a027-4756e468c032:c4759, c5f86d96-67df-4f25-bde3-316f439d30b3:c4761]
2019-08-23 18:29:19,342 [grpc-default-executor-5] INFO  client.GrpcClientProtocolClient (GrpcClientProtocolClient.java:onNext(255)) - client-19C32667576E->48affcab-e6e4-4602-963a-f6a50efbd54c: receive RaftClientReply:client-19C32667576E->48affcab-e6e4-4602-963a-f6a50efbd54c@group-50C56EAF5137, cid=3158, SUCCESS, logIndex=4763, commits[48affcab-e6e4-4602-963a-f6a50efbd54c:c4764, 7e391b60-07ae-4d97-a027-4756e468c032:c4759, c5f86d96-67df-4f25-bde3-316f439d30b3:c4761]
2019-08-23 18:29:19,344 | INFO  | DNAudit | user=null | ip=null | op=WRITE_CHUNK {blockData=conID: 2 locID: 102667711894192788 bcsId: 0} | ret=SUCCESS |  
2019-08-23 18:29:19,344 | INFO  | DNAudit | user=null | ip=null | op=PUT_BLOCK {blockData=[blockId=conID: 2 locID: 102667711894192788 bcsId: 0,size=1048576]} | ret=SUCCESS |  
2019-08-23 18:29:19,344 [grpc-default-executor-5] INFO  client.GrpcClientProtocolClient (GrpcClientProtocolClient.java:onNext(255)) - client-19C32667576E->48affcab-e6e4-4602-963a-f6a50efbd54c: receive RaftClientReply:client-19C32667576E->48affcab-e6e4-4602-963a-f6a50efbd54c@group-50C56EAF5137, cid=3159, SUCCESS, logIndex=0, commits[48affcab-e6e4-4602-963a-f6a50efbd54c:c4765, 7e391b60-07ae-4d97-a027-4756e468c032:c4761, c5f86d96-67df-4f25-bde3-316f439d30b3:c4761]
2019-08-23 18:29:19,345 | INFO  | DNAudit | user=null | ip=null | op=WRITE_CHUNK {blockData=conID: 2 locID: 102667711894192788 bcsId: 0} | ret=SUCCESS |  
2019-08-23 18:29:19,345 | INFO  | DNAudit | user=null | ip=null | op=PUT_BLOCK {blockData=[blockId=conID: 2 locID: 102667711894192788 bcsId: 0,size=2097152]} | ret=SUCCESS |  
2019-08-23 18:29:19,347 | INFO  | DNAudit | user=null | ip=null | op=WRITE_CHUNK {blockData=conID: 2 locID: 102667711894192788 bcsId: 0} | ret=SUCCESS |  
2019-08-23 18:29:19,347 | INFO  | DNAudit | user=null | ip=null | op=PUT_BLOCK {blockData=[blockId=conID: 2 locID: 102667711894192788 bcsId: 0,size=2097152]} | ret=SUCCESS |  
2019-08-23 18:29:19,350 | INFO  | DNAudit | user=null | ip=null | op=WRITE_CHUNK {blockData=conID: 2 locID: 102667711894192788 bcsId: 4763} | ret=SUCCESS |  
2019-08-23 18:29:19,353 | INFO  | DNAudit | user=null | ip=null | op=WRITE_CHUNK {blockData=conID: 2 locID: 102667711894192788 bcsId: 4763} | ret=SUCCESS |  
2019-08-23 18:29:19,353 | INFO  | DNAudit | user=null | ip=null | op=WRITE_CHUNK {blockData=conID: 2 locID: 102667711894192788 bcsId: 4763} | ret=SUCCESS |  
2019-08-23 18:29:19,355 | INFO  | DNAudit | user=null | ip=null | op=WRITE_CHUNK {blockData=conID: 2 locID: 102667711894192788 bcsId: 4763} | ret=SUCCESS |  
2019-08-23 18:29:19,355 | INFO  | DNAudit | user=null | ip=null | op=PUT_BLOCK {blockData=[blockId=conID: 2 locID: 102667711894192788 bcsId: 0,size=3145728]} | ret=SUCCESS |  
2019-08-23 18:29:19,356 [grpc-default-executor-3] INFO  client.GrpcClientProtocolClient (GrpcClientProtocolClient.java:onNext(255)) - client-19C32667576E->48affcab-e6e4-4602-963a-f6a50efbd54c: receive RaftClientReply:client-19C32667576E->48affcab-e6e4-4602-963a-f6a50efbd54c@group-50C56EAF5137, cid=3160, SUCCESS, logIndex=4768, commits[48affcab-e6e4-4602-963a-f6a50efbd54c:c4769, 7e391b60-07ae-4d97-a027-4756e468c032:c4764, c5f86d96-67df-4f25-bde3-316f439d30b3:c4767]
2019-08-23 18:29:19,356 [grpc-default-executor-3] INFO  client.GrpcClientProtocolClient (GrpcClientProtocolClient.java:onNext(255)) - client-19C32667576E->48affcab-e6e4-4602-963a-f6a50efbd54c: receive RaftClientReply:client-19C32667576E->48affcab-e6e4-4602-963a-f6a50efbd54c@group-50C56EAF5137, cid=3161, SUCCESS, logIndex=4769, commits[48affcab-e6e4-4602-963a-f6a50efbd54c:c4769, 7e391b60-07ae-4d97-a027-4756e468c032:c4767, c5f86d96-67df-4f25-bde3-316f439d30b3:c4767]
2019-08-23 18:29:19,359 | INFO  | DNAudit | user=null | ip=null | op=WRITE_CHUNK {blockData=conID: 2 locID: 102667711894192788 bcsId: 4763} | ret=SUCCESS |  
2019-08-23 18:29:19,360 | INFO  | DNAudit | user=null | ip=null | op=WRITE_CHUNK {blockData=conID: 2 locID: 102667711894192788 bcsId: 4763} | ret=SUCCESS |  
2019-08-23 18:29:19,361 | INFO  | DNAudit | user=null | ip=null | op=PUT_BLOCK {blockData=[blockId=conID: 2 locID: 102667711894192788 bcsId: 0,size=3145728]} | ret=SUCCESS |  
2019-08-23 18:29:19,362 | INFO  | DNAudit | user=null | ip=null | op=WRITE_CHUNK {blockData=conID: 2 locID: 102667711894192788 bcsId: 4769} | ret=SUCCESS |  
2019-08-23 18:29:19,362 | INFO  | DNAudit | user=null | ip=null | op=PUT_BLOCK {blockData=[blockId=conID: 2 locID: 102667711894192788 bcsId: 0,size=3145728]} | ret=SUCCESS |  
2019-08-23 18:29:19,364 | INFO  | DNAudit | user=null | ip=null | op=WRITE_CHUNK {blockData=conID: 2 locID: 102667711894192788 bcsId: 4769} | ret=SUCCESS |  
2019-08-23 18:29:19,364 | INFO  | DNAudit | user=null | ip=null | op=WRITE_CHUNK {blockData=conID: 2 locID: 102667711894192788 bcsId: 4769} | ret=SUCCESS |  
2019-08-23 18:29:19,367 | INFO  | DNAudit | user=null | ip=null | op=WRITE_CHUNK {blockData=conID: 2 locID: 102667711894192788 bcsId: 4769} | ret=SUCCESS |  
2019-08-23 18:29:19,367 | INFO  | DNAudit | user=null | ip=null | op=PUT_BLOCK {blockData=[blockId=conID: 2 locID: 102667711894192788 bcsId: 0,size=4194304]} | ret=SUCCESS |  
2019-08-23 18:29:19,367 [grpc-default-executor-5] INFO  client.GrpcClientProtocolClient (GrpcClientProtocolClient.java:onNext(255)) - client-19C32667576E->48affcab-e6e4-4602-963a-f6a50efbd54c: receive RaftClientReply:client-19C32667576E->48affcab-e6e4-4602-963a-f6a50efbd54c@group-50C56EAF5137, cid=3162, SUCCESS, logIndex=4772, commits[48affcab-e6e4-4602-963a-f6a50efbd54c:c4773, 7e391b60-07ae-4d97-a027-4756e468c032:c4770, c5f86d96-67df-4f25-bde3-316f439d30b3:c4769]
2019-08-23 18:29:19,368 [grpc-default-executor-5] INFO  client.GrpcClientProtocolClient (GrpcClientProtocolClient.java:onNext(255)) - client-19C32667576E->48affcab-e6e4-4602-963a-f6a50efbd54c: receive RaftClientReply:client-19C32667576E->48affcab-e6e4-4602-963a-f6a50efbd54c@group-50C56EAF5137, cid=3163, SUCCESS, logIndex=4773, commits[48affcab-e6e4-4602-963a-f6a50efbd54c:c4773, 7e391b60-07ae-4d97-a027-4756e468c032:c4770, c5f86d96-67df-4f25-bde3-316f439d30b3:c4770]
2019-08-23 18:29:19,368 | INFO  | DNAudit | user=null | ip=null | op=WRITE_CHUNK {blockData=conID: 2 locID: 102667711894192788 bcsId: 4769} | ret=SUCCESS |  
2019-08-23 18:29:19,368 | INFO  | DNAudit | user=null | ip=null | op=WRITE_CHUNK {blockData=conID: 2 locID: 102667711894192788 bcsId: 4769} | ret=SUCCESS |  
2019-08-23 18:29:19,368 | INFO  | DNAudit | user=null | ip=null | op=PUT_BLOCK {blockData=[blockId=conID: 2 locID: 102667711894192788 bcsId: 0,size=4194304]} | ret=SUCCESS |  
2019-08-23 18:29:19,368 | INFO  | DNAudit | user=null | ip=null | op=PUT_BLOCK {blockData=[blockId=conID: 2 locID: 102667711894192788 bcsId: 0,size=4194304]} | ret=SUCCESS |  
2019-08-23 18:29:19,368 [grpc-default-executor-3] INFO  client.GrpcClientProtocolClient (GrpcClientProtocolClient.java:onNext(255)) - client-19C32667576E->48affcab-e6e4-4602-963a-f6a50efbd54c: receive RaftClientReply:client-19C32667576E->48affcab-e6e4-4602-963a-f6a50efbd54c@group-50C56EAF5137, cid=3164, SUCCESS, logIndex=0, commits[48affcab-e6e4-4602-963a-f6a50efbd54c:c4774, 7e391b60-07ae-4d97-a027-4756e468c032:c4773, c5f86d96-67df-4f25-bde3-316f439d30b3:c4773]
2019-08-23 18:29:19,373 | INFO  | SCMAudit | user=jenkins1000 | ip=192.168.34.23 | op=ALLOCATE_BLOCK {owner=1ceb8b80-28f1-43fd-86c3-175afc07b8d1, size=4194304, type=RATIS, factor=THREE} | ret=SUCCESS |  
2019-08-23 18:29:19,377 | INFO  | OMAudit | user=jenkins1000 | ip=127.0.0.1 | op=ALLOCATE_BLOCK {volume=vol-0-45438, bucket=bucket-0-23891, key=key-0-22455, dataSize=0, replicationType=null, replicationFactor=null, keyLocationInfo=null, clientID=102667710122492306} | ret=SUCCESS |  
2019-08-23 18:29:19,386 | INFO  | DNAudit | user=null | ip=null | op=WRITE_CHUNK {blockData=conID: 3 locID: 102667711897469589 bcsId: 0} | ret=SUCCESS |  
2019-08-23 18:29:19,387 | INFO  | DNAudit | user=null | ip=null | op=WRITE_CHUNK {blockData=conID: 3 locID: 102667711897469589 bcsId: 0} | ret=SUCCESS |  
2019-08-23 18:29:19,388 | INFO  | DNAudit | user=null | ip=null | op=WRITE_CHUNK {blockData=conID: 3 locID: 102667711897469589 bcsId: 0} | ret=SUCCESS |  
2019-08-23 18:29:19,388 | INFO  | DNAudit | user=null | ip=null | op=WRITE_CHUNK {blockData=conID: 3 locID: 102667711897469589 bcsId: 0} | ret=SUCCESS |  
2019-08-23 18:29:19,390 | INFO  | DNAudit | user=null | ip=null | op=WRITE_CHUNK {blockData=conID: 3 locID: 102667711897469589 bcsId: 0} | ret=SUCCESS |  
2019-08-23 18:29:19,390 | INFO  | DNAudit | user=null | ip=null | op=WRITE_CHUNK {blockData=conID: 3 locID: 102667711897469589 bcsId: 0} | ret=SUCCESS |  
2019-08-23 18:29:19,392 | INFO  | DNAudit | user=null | ip=null | op=WRITE_CHUNK {blockData=conID: 3 locID: 102667711897469589 bcsId: 0} | ret=SUCCESS |  
2019-08-23 18:29:19,393 | INFO  | DNAudit | user=null | ip=null | op=PUT_BLOCK {blockData=[blockId=conID: 3 locID: 102667711897469589 bcsId: 0,size=1048576]} | ret=SUCCESS |  
2019-08-23 18:29:19,393 | INFO  | DNAudit | user=null | ip=null | op=WRITE_CHUNK {blockData=conID: 3 locID: 102667711897469589 bcsId: 0} | ret=SUCCESS |  
2019-08-23 18:29:19,393 | INFO  | DNAudit | user=null | ip=null | op=PUT_BLOCK {blockData=[blockId=conID: 3 locID: 102667711897469589 bcsId: 0,size=2097152]} | ret=SUCCESS |  
2019-08-23 18:29:19,393 [grpc-default-executor-3] INFO  client.GrpcClientProtocolClient (GrpcClientProtocolClient.java:onNext(255)) - client-19C32667576E->48affcab-e6e4-4602-963a-f6a50efbd54c: receive RaftClientReply:client-19C32667576E->48affcab-e6e4-4602-963a-f6a50efbd54c@group-50C56EAF5137, cid=3165, SUCCESS, logIndex=4776, commits[48affcab-e6e4-4602-963a-f6a50efbd54c:c4779, 7e391b60-07ae-4d97-a027-4756e468c032:c4775, c5f86d96-67df-4f25-bde3-316f439d30b3:c4775]
2019-08-23 18:29:19,394 [grpc-default-executor-3] INFO  client.GrpcClientProtocolClient (GrpcClientProtocolClient.java:onNext(255)) - client-19C32667576E->48affcab-e6e4-4602-963a-f6a50efbd54c: receive RaftClientReply:client-19C32667576E->48affcab-e6e4-4602-963a-f6a50efbd54c@group-50C56EAF5137, cid=3166, SUCCESS, logIndex=4777, commits[48affcab-e6e4-4602-963a-f6a50efbd54c:c4779, 7e391b60-07ae-4d97-a027-4756e468c032:c4775, c5f86d96-67df-4f25-bde3-316f439d30b3:c4775]
2019-08-23 18:29:19,394 [grpc-default-executor-3] INFO  client.GrpcClientProtocolClient (GrpcClientProtocolClient.java:onNext(255)) - client-19C32667576E->48affcab-e6e4-4602-963a-f6a50efbd54c: receive RaftClientReply:client-19C32667576E->48affcab-e6e4-4602-963a-f6a50efbd54c@group-50C56EAF5137, cid=3167, SUCCESS, logIndex=4778, commits[48affcab-e6e4-4602-963a-f6a50efbd54c:c4779, 7e391b60-07ae-4d97-a027-4756e468c032:c4775, c5f86d96-67df-4f25-bde3-316f439d30b3:c4775]
2019-08-23 18:29:19,394 [grpc-default-executor-3] INFO  client.GrpcClientProtocolClient (GrpcClientProtocolClient.java:onNext(255)) - client-19C32667576E->48affcab-e6e4-4602-963a-f6a50efbd54c: receive RaftClientReply:client-19C32667576E->48affcab-e6e4-4602-963a-f6a50efbd54c@group-50C56EAF5137, cid=3168, SUCCESS, logIndex=4779, commits[48affcab-e6e4-4602-963a-f6a50efbd54c:c4779, 7e391b60-07ae-4d97-a027-4756e468c032:c4775, c5f86d96-67df-4f25-bde3-316f439d30b3:c4775]
2019-08-23 18:29:19,396 | INFO  | DNAudit | user=null | ip=null | op=WRITE_CHUNK {blockData=conID: 3 locID: 102667711897469589 bcsId: 0} | ret=SUCCESS |  
2019-08-23 18:29:19,396 | INFO  | DNAudit | user=null | ip=null | op=WRITE_CHUNK {blockData=conID: 3 locID: 102667711897469589 bcsId: 0} | ret=SUCCESS |  
2019-08-23 18:29:19,396 | INFO  | DNAudit | user=null | ip=null | op=PUT_BLOCK {blockData=[blockId=conID: 3 locID: 102667711897469589 bcsId: 0,size=1048576]} | ret=SUCCESS |  
2019-08-23 18:29:19,396 | INFO  | DNAudit | user=null | ip=null | op=PUT_BLOCK {blockData=[blockId=conID: 3 locID: 102667711897469589 bcsId: 0,size=1048576]} | ret=SUCCESS |  
2019-08-23 18:29:19,396 | INFO  | DNAudit | user=null | ip=null | op=WRITE_CHUNK {blockData=conID: 3 locID: 102667711897469589 bcsId: 0} | ret=SUCCESS |  
2019-08-23 18:29:19,396 | INFO  | DNAudit | user=null | ip=null | op=WRITE_CHUNK {blockData=conID: 3 locID: 102667711897469589 bcsId: 0} | ret=SUCCESS |  
2019-08-23 18:29:19,396 | INFO  | DNAudit | user=null | ip=null | op=PUT_BLOCK {blockData=[blockId=conID: 3 locID: 102667711897469589 bcsId: 0,size=2097152]} | ret=SUCCESS |  
2019-08-23 18:29:19,396 [grpc-default-executor-3] INFO  client.GrpcClientProtocolClient (GrpcClientProtocolClient.java:onNext(255)) - client-19C32667576E->48affcab-e6e4-4602-963a-f6a50efbd54c: receive RaftClientReply:client-19C32667576E->48affcab-e6e4-4602-963a-f6a50efbd54c@group-50C56EAF5137, cid=3169, SUCCESS, logIndex=0, commits[48affcab-e6e4-4602-963a-f6a50efbd54c:c4780, 7e391b60-07ae-4d97-a027-4756e468c032:c4779, c5f86d96-67df-4f25-bde3-316f439d30b3:c4779]
2019-08-23 18:29:19,396 | INFO  | DNAudit | user=null | ip=null | op=PUT_BLOCK {blockData=[blockId=conID: 3 locID: 102667711897469589 bcsId: 0,size=2097152]} | ret=SUCCESS |  
2019-08-23 18:29:19,401 | INFO  | DNAudit | user=null | ip=null | op=WRITE_CHUNK {blockData=conID: 3 locID: 102667711897469589 bcsId: 4779} | ret=SUCCESS |  
2019-08-23 18:29:19,403 | INFO  | DNAudit | user=null | ip=null | op=WRITE_CHUNK {blockData=conID: 3 locID: 102667711897469589 bcsId: 4779} | ret=SUCCESS |  
2019-08-23 18:29:19,404 | INFO  | DNAudit | user=null | ip=null | op=WRITE_CHUNK {blockData=conID: 3 locID: 102667711897469589 bcsId: 4779} | ret=SUCCESS |  
2019-08-23 18:29:19,412 | INFO  | DNAudit | user=null | ip=null | op=WRITE_CHUNK {blockData=conID: 3 locID: 102667711897469589 bcsId: 4779} | ret=SUCCESS |  
2019-08-23 18:29:19,413 | INFO  | DNAudit | user=null | ip=null | op=PUT_BLOCK {blockData=[blockId=conID: 3 locID: 102667711897469589 bcsId: 0,size=3145728]} | ret=SUCCESS |  
2019-08-23 18:29:19,413 [grpc-default-executor-5] INFO  client.GrpcClientProtocolClient (GrpcClientProtocolClient.java:onNext(255)) - client-19C32667576E->48affcab-e6e4-4602-963a-f6a50efbd54c: receive RaftClientReply:client-19C32667576E->48affcab-e6e4-4602-963a-f6a50efbd54c@group-50C56EAF5137, cid=3170, SUCCESS, logIndex=4782, commits[48affcab-e6e4-4602-963a-f6a50efbd54c:c4783, 7e391b60-07ae-4d97-a027-4756e468c032:c4780, c5f86d96-67df-4f25-bde3-316f439d30b3:c4780]
2019-08-23 18:29:19,413 [grpc-default-executor-5] INFO  client.GrpcClientProtocolClient (GrpcClientProtocolClient.java:onNext(255)) - client-19C32667576E->48affcab-e6e4-4602-963a-f6a50efbd54c: receive RaftClientReply:client-19C32667576E->48affcab-e6e4-4602-963a-f6a50efbd54c@group-50C56EAF5137, cid=3171, SUCCESS, logIndex=4783, commits[48affcab-e6e4-4602-963a-f6a50efbd54c:c4783, 7e391b60-07ae-4d97-a027-4756e468c032:c4780, c5f86d96-67df-4f25-bde3-316f439d30b3:c4780]
2019-08-23 18:29:19,418 | INFO  | DNAudit | user=null | ip=null | op=WRITE_CHUNK {blockData=conID: 3 locID: 102667711897469589 bcsId: 4783} | ret=SUCCESS |  
2019-08-23 18:29:19,420 | INFO  | DNAudit | user=null | ip=null | op=WRITE_CHUNK {blockData=conID: 3 locID: 102667711897469589 bcsId: 4783} | ret=SUCCESS |  
2019-08-23 18:29:19,420 | INFO  | DNAudit | user=null | ip=null | op=WRITE_CHUNK {blockData=conID: 3 locID: 102667711897469589 bcsId: 4783} | ret=SUCCESS |  
2019-08-23 18:29:19,423 | INFO  | DNAudit | user=null | ip=null | op=WRITE_CHUNK {blockData=conID: 3 locID: 102667711897469589 bcsId: 4779} | ret=SUCCESS |  
2019-08-23 18:29:19,423 | INFO  | DNAudit | user=null | ip=null | op=WRITE_CHUNK {blockData=conID: 3 locID: 102667711897469589 bcsId: 4779} | ret=SUCCESS |  
2019-08-23 18:29:19,435 | INFO  | DNAudit | user=null | ip=null | op=PUT_BLOCK {blockData=[blockId=conID: 3 locID: 102667711897469589 bcsId: 0,size=3145728]} | ret=SUCCESS |  
2019-08-23 18:29:19,436 | INFO  | DNAudit | user=null | ip=null | op=PUT_BLOCK {blockData=[blockId=conID: 3 locID: 102667711897469589 bcsId: 0,size=3145728]} | ret=SUCCESS |  
2019-08-23 18:29:19,436 | INFO  | DNAudit | user=null | ip=null | op=WRITE_CHUNK {blockData=conID: 3 locID: 102667711897469589 bcsId: 4783} | ret=SUCCESS |  
2019-08-23 18:29:19,436 | INFO  | DNAudit | user=null | ip=null | op=PUT_BLOCK {blockData=[blockId=conID: 3 locID: 102667711897469589 bcsId: 0,size=4194304]} | ret=SUCCESS |  
2019-08-23 18:29:19,436 [grpc-default-executor-3] INFO  client.GrpcClientProtocolClient (GrpcClientProtocolClient.java:onNext(255)) - client-19C32667576E->48affcab-e6e4-4602-963a-f6a50efbd54c: receive RaftClientReply:client-19C32667576E->48affcab-e6e4-4602-963a-f6a50efbd54c@group-50C56EAF5137, cid=3172, SUCCESS, logIndex=4786, commits[48affcab-e6e4-4602-963a-f6a50efbd54c:c4787, 7e391b60-07ae-4d97-a027-4756e468c032:c4783, c5f86d96-67df-4f25-bde3-316f439d30b3:c4783]
2019-08-23 18:29:19,436 [grpc-default-executor-3] INFO  client.GrpcClientProtocolClient (GrpcClientProtocolClient.java:onNext(255)) - client-19C32667576E->48affcab-e6e4-4602-963a-f6a50efbd54c: receive RaftClientReply:client-19C32667576E->48affcab-e6e4-4602-963a-f6a50efbd54c@group-50C56EAF5137, cid=3173, SUCCESS, logIndex=4787, commits[48affcab-e6e4-4602-963a-f6a50efbd54c:c4787, 7e391b60-07ae-4d97-a027-4756e468c032:c4783, c5f86d96-67df-4f25-bde3-316f439d30b3:c4783]
2019-08-23 18:29:19,448 | INFO  | DNAudit | user=null | ip=null | op=WRITE_CHUNK {blockData=conID: 3 locID: 102667711897469589 bcsId: 4783} | ret=SUCCESS |  
2019-08-23 18:29:19,448 | INFO  | DNAudit | user=null | ip=null | op=WRITE_CHUNK {blockData=conID: 3 locID: 102667711897469589 bcsId: 4783} | ret=SUCCESS |  
2019-08-23 18:29:19,461 | INFO  | DNAudit | user=null | ip=null | op=PUT_BLOCK {blockData=[blockId=conID: 3 locID: 102667711897469589 bcsId: 0,size=4194304]} | ret=SUCCESS |  
2019-08-23 18:29:19,461 | INFO  | DNAudit | user=null | ip=null | op=PUT_BLOCK {blockData=[blockId=conID: 3 locID: 102667711897469589 bcsId: 0,size=4194304]} | ret=SUCCESS |  
2019-08-23 18:29:19,462 [grpc-default-executor-3] INFO  client.GrpcClientProtocolClient (GrpcClientProtocolClient.java:onNext(255)) - client-19C32667576E->48affcab-e6e4-4602-963a-f6a50efbd54c: receive RaftClientReply:client-19C32667576E->48affcab-e6e4-4602-963a-f6a50efbd54c@group-50C56EAF5137, cid=3174, SUCCESS, logIndex=0, commits[48affcab-e6e4-4602-963a-f6a50efbd54c:c4789, 7e391b60-07ae-4d97-a027-4756e468c032:c4787, c5f86d96-67df-4f25-bde3-316f439d30b3:c4787]
2019-08-23 18:29:19,468 | INFO  | SCMAudit | user=jenkins1000 | ip=192.168.34.23 | op=ALLOCATE_BLOCK {owner=1ceb8b80-28f1-43fd-86c3-175afc07b8d1, size=4194304, type=RATIS, factor=THREE} | ret=SUCCESS |  
2019-08-23 18:29:19,471 | INFO  | OMAudit | user=jenkins1000 | ip=127.0.0.1 | op=ALLOCATE_BLOCK {volume=vol-0-45438, bucket=bucket-0-23891, key=key-0-22455, dataSize=0, replicationType=null, replicationFactor=null, keyLocationInfo=null, clientID=102667710122492306} | ret=SUCCESS |  
2019-08-23 18:29:19,478 | INFO  | DNAudit | user=null | ip=null | op=WRITE_CHUNK {blockData=conID: 1 locID: 102667711903695510 bcsId: 0} | ret=SUCCESS |  
2019-08-23 18:29:19,479 | INFO  | DNAudit | user=null | ip=null | op=WRITE_CHUNK {blockData=conID: 1 locID: 102667711903695510 bcsId: 0} | ret=SUCCESS |  
2019-08-23 18:29:19,480 | INFO  | DNAudit | user=null | ip=null | op=WRITE_CHUNK {blockData=conID: 1 locID: 102667711903695510 bcsId: 0} | ret=SUCCESS |  
2019-08-23 18:29:19,480 | INFO  | DNAudit | user=null | ip=null | op=WRITE_CHUNK {blockData=conID: 1 locID: 102667711903695510 bcsId: 0} | ret=SUCCESS |  
2019-08-23 18:29:19,481 | INFO  | DNAudit | user=null | ip=null | op=WRITE_CHUNK {blockData=conID: 1 locID: 102667711903695510 bcsId: 0} | ret=SUCCESS |  
2019-08-23 18:29:19,481 | INFO  | DNAudit | user=null | ip=null | op=WRITE_CHUNK {blockData=conID: 1 locID: 102667711903695510 bcsId: 0} | ret=SUCCESS |  
2019-08-23 18:29:19,493 | INFO  | DNAudit | user=null | ip=null | op=WRITE_CHUNK {blockData=conID: 1 locID: 102667711903695510 bcsId: 0} | ret=SUCCESS |  
2019-08-23 18:29:19,494 | INFO  | DNAudit | user=null | ip=null | op=PUT_BLOCK {blockData=[blockId=conID: 1 locID: 102667711903695510 bcsId: 0,size=1048576]} | ret=SUCCESS |  
2019-08-23 18:29:19,494 | INFO  | DNAudit | user=null | ip=null | op=WRITE_CHUNK {blockData=conID: 1 locID: 102667711903695510 bcsId: 0} | ret=SUCCESS |  
2019-08-23 18:29:19,494 [grpc-default-executor-0] INFO  client.GrpcClientProtocolClient (GrpcClientProtocolClient.java:onNext(255)) - client-19C32667576E->48affcab-e6e4-4602-963a-f6a50efbd54c: receive RaftClientReply:client-19C32667576E->48affcab-e6e4-4602-963a-f6a50efbd54c@group-50C56EAF5137, cid=3175, SUCCESS, logIndex=4790, commits[48affcab-e6e4-4602-963a-f6a50efbd54c:c4793, 7e391b60-07ae-4d97-a027-4756e468c032:c4789, c5f86d96-67df-4f25-bde3-316f439d30b3:c4789]
2019-08-23 18:29:19,494 | INFO  | DNAudit | user=null | ip=null | op=PUT_BLOCK {blockData=[blockId=conID: 1 locID: 102667711903695510 bcsId: 0,size=2097152]} | ret=SUCCESS |  
2019-08-23 18:29:19,495 [grpc-default-executor-0] INFO  client.GrpcClientProtocolClient (GrpcClientProtocolClient.java:onNext(255)) - client-19C32667576E->48affcab-e6e4-4602-963a-f6a50efbd54c: receive RaftClientReply:client-19C32667576E->48affcab-e6e4-4602-963a-f6a50efbd54c@group-50C56EAF5137, cid=3176, SUCCESS, logIndex=4791, commits[48affcab-e6e4-4602-963a-f6a50efbd54c:c4793, 7e391b60-07ae-4d97-a027-4756e468c032:c4789, c5f86d96-67df-4f25-bde3-316f439d30b3:c4789]
2019-08-23 18:29:19,495 [grpc-default-executor-0] INFO  client.GrpcClientProtocolClient (GrpcClientProtocolClient.java:onNext(255)) - client-19C32667576E->48affcab-e6e4-4602-963a-f6a50efbd54c: receive RaftClientReply:client-19C32667576E->48affcab-e6e4-4602-963a-f6a50efbd54c@group-50C56EAF5137, cid=3177, SUCCESS, logIndex=4792, commits[48affcab-e6e4-4602-963a-f6a50efbd54c:c4793, 7e391b60-07ae-4d97-a027-4756e468c032:c4789, c5f86d96-67df-4f25-bde3-316f439d30b3:c4789]
2019-08-23 18:29:19,495 [grpc-default-executor-0] INFO  client.GrpcClientProtocolClient (GrpcClientProtocolClient.java:onNext(255)) - client-19C32667576E->48affcab-e6e4-4602-963a-f6a50efbd54c: receive RaftClientReply:client-19C32667576E->48affcab-e6e4-4602-963a-f6a50efbd54c@group-50C56EAF5137, cid=3178, SUCCESS, logIndex=4793, commits[48affcab-e6e4-4602-963a-f6a50efbd54c:c4793, 7e391b60-07ae-4d97-a027-4756e468c032:c4789, c5f86d96-67df-4f25-bde3-316f439d30b3:c4789]
2019-08-23 18:29:19,505 | INFO  | DNAudit | user=null | ip=null | op=WRITE_CHUNK {blockData=conID: 1 locID: 102667711903695510 bcsId: 0} | ret=SUCCESS |  
2019-08-23 18:29:19,505 | INFO  | DNAudit | user=null | ip=null | op=WRITE_CHUNK {blockData=conID: 1 locID: 102667711903695510 bcsId: 0} | ret=SUCCESS |  
2019-08-23 18:29:19,505 | INFO  | DNAudit | user=null | ip=null | op=PUT_BLOCK {blockData=[blockId=conID: 1 locID: 102667711903695510 bcsId: 0,size=1048576]} | ret=SUCCESS |  
2019-08-23 18:29:19,505 | INFO  | DNAudit | user=null | ip=null | op=PUT_BLOCK {blockData=[blockId=conID: 1 locID: 102667711903695510 bcsId: 0,size=1048576]} | ret=SUCCESS |  
2019-08-23 18:29:19,506 [grpc-default-executor-0] INFO  client.GrpcClientProtocolClient (GrpcClientProtocolClient.java:onNext(255)) - client-19C32667576E->48affcab-e6e4-4602-963a-f6a50efbd54c: receive RaftClientReply:client-19C32667576E->48affcab-e6e4-4602-963a-f6a50efbd54c@group-50C56EAF5137, cid=3179, SUCCESS, logIndex=0, commits[48affcab-e6e4-4602-963a-f6a50efbd54c:c4794, 7e391b60-07ae-4d97-a027-4756e468c032:c4791, c5f86d96-67df-4f25-bde3-316f439d30b3:c4791]
2019-08-23 18:29:19,508 | INFO  | DNAudit | user=null | ip=null | op=WRITE_CHUNK {blockData=conID: 1 locID: 102667711903695510 bcsId: 0} | ret=SUCCESS |  
2019-08-23 18:29:19,508 | INFO  | DNAudit | user=null | ip=null | op=WRITE_CHUNK {blockData=conID: 1 locID: 102667711903695510 bcsId: 0} | ret=SUCCESS |  
2019-08-23 18:29:19,508 | INFO  | DNAudit | user=null | ip=null | op=PUT_BLOCK {blockData=[blockId=conID: 1 locID: 102667711903695510 bcsId: 0,size=2097152]} | ret=SUCCESS |  
2019-08-23 18:29:19,508 | INFO  | DNAudit | user=null | ip=null | op=PUT_BLOCK {blockData=[blockId=conID: 1 locID: 102667711903695510 bcsId: 0,size=2097152]} | ret=SUCCESS |  
2019-08-23 18:29:19,511 | INFO  | DNAudit | user=null | ip=null | op=WRITE_CHUNK {blockData=conID: 1 locID: 102667711903695510 bcsId: 4793} | ret=SUCCESS |  
2019-08-23 18:29:19,513 | INFO  | DNAudit | user=null | ip=null | op=WRITE_CHUNK {blockData=conID: 1 locID: 102667711903695510 bcsId: 4793} | ret=SUCCESS |  
2019-08-23 18:29:19,513 | INFO  | DNAudit | user=null | ip=null | op=WRITE_CHUNK {blockData=conID: 1 locID: 102667711903695510 bcsId: 4793} | ret=SUCCESS |  
2019-08-23 18:29:19,516 | INFO  | DNAudit | user=null | ip=null | op=WRITE_CHUNK {blockData=conID: 1 locID: 102667711903695510 bcsId: 4793} | ret=SUCCESS |  
2019-08-23 18:29:19,517 | INFO  | DNAudit | user=null | ip=null | op=PUT_BLOCK {blockData=[blockId=conID: 1 locID: 102667711903695510 bcsId: 0,size=3145728]} | ret=SUCCESS |  
2019-08-23 18:29:19,517 [grpc-default-executor-5] INFO  client.GrpcClientProtocolClient (GrpcClientProtocolClient.java:onNext(255)) - client-19C32667576E->48affcab-e6e4-4602-963a-f6a50efbd54c: receive RaftClientReply:client-19C32667576E->48affcab-e6e4-4602-963a-f6a50efbd54c@group-50C56EAF5137, cid=3180, SUCCESS, logIndex=4798, commits[48affcab-e6e4-4602-963a-f6a50efbd54c:c4798, 7e391b60-07ae-4d97-a027-4756e468c032:c4797, c5f86d96-67df-4f25-bde3-316f439d30b3:c4797]
2019-08-23 18:29:19,518 [grpc-default-executor-5] INFO  client.GrpcClientProtocolClient (GrpcClientProtocolClient.java:onNext(255)) - client-19C32667576E->48affcab-e6e4-4602-963a-f6a50efbd54c: receive RaftClientReply:client-19C32667576E->48affcab-e6e4-4602-963a-f6a50efbd54c@group-50C56EAF5137, cid=3181, SUCCESS, logIndex=4799, commits[48affcab-e6e4-4602-963a-f6a50efbd54c:c4799, 7e391b60-07ae-4d97-a027-4756e468c032:c4797, c5f86d96-67df-4f25-bde3-316f439d30b3:c4797]
2019-08-23 18:29:19,520 | INFO  | DNAudit | user=null | ip=null | op=WRITE_CHUNK {blockData=conID: 1 locID: 102667711903695510 bcsId: 4793} | ret=SUCCESS |  
2019-08-23 18:29:19,520 | INFO  | DNAudit | user=null | ip=null | op=WRITE_CHUNK {blockData=conID: 1 locID: 102667711903695510 bcsId: 4793} | ret=SUCCESS |  
2019-08-23 18:29:19,522 | INFO  | DNAudit | user=null | ip=null | op=PUT_BLOCK {blockData=[blockId=conID: 1 locID: 102667711903695510 bcsId: 0,size=3145728]} | ret=SUCCESS |  
2019-08-23 18:29:19,522 | INFO  | DNAudit | user=null | ip=null | op=PUT_BLOCK {blockData=[blockId=conID: 1 locID: 102667711903695510 bcsId: 0,size=3145728]} | ret=SUCCESS |  
2019-08-23 18:29:19,523 | INFO  | DNAudit | user=null | ip=null | op=WRITE_CHUNK {blockData=conID: 1 locID: 102667711903695510 bcsId: 4799} | ret=SUCCESS |  
2019-08-23 18:29:19,525 | INFO  | DNAudit | user=null | ip=null | op=WRITE_CHUNK {blockData=conID: 1 locID: 102667711903695510 bcsId: 4799} | ret=SUCCESS |  
2019-08-23 18:29:19,525 | INFO  | DNAudit | user=null | ip=null | op=WRITE_CHUNK {blockData=conID: 1 locID: 102667711903695510 bcsId: 4799} | ret=SUCCESS |  
2019-08-23 18:29:19,527 | INFO  | DNAudit | user=null | ip=null | op=WRITE_CHUNK {blockData=conID: 1 locID: 102667711903695510 bcsId: 4799} | ret=SUCCESS |  
2019-08-23 18:29:19,527 | INFO  | DNAudit | user=null | ip=null | op=PUT_BLOCK {blockData=[blockId=conID: 1 locID: 102667711903695510 bcsId: 0,size=4194304]} | ret=SUCCESS |  
2019-08-23 18:29:19,527 [grpc-default-executor-3] INFO  client.GrpcClientProtocolClient (GrpcClientProtocolClient.java:onNext(255)) - client-19C32667576E->48affcab-e6e4-4602-963a-f6a50efbd54c: receive RaftClientReply:client-19C32667576E->48affcab-e6e4-4602-963a-f6a50efbd54c@group-50C56EAF5137, cid=3182, SUCCESS, logIndex=4802, commits[48affcab-e6e4-4602-963a-f6a50efbd54c:c4803, 7e391b60-07ae-4d97-a027-4756e468c032:c4800, c5f86d96-67df-4f25-bde3-316f439d30b3:c4800]
2019-08-23 18:29:19,528 [grpc-default-executor-3] INFO  client.GrpcClientProtocolClient (GrpcClientProtocolClient.java:onNext(255)) - client-19C32667576E->48affcab-e6e4-4602-963a-f6a50efbd54c: receive RaftClientReply:client-19C32667576E->48affcab-e6e4-4602-963a-f6a50efbd54c@group-50C56EAF5137, cid=3183, SUCCESS, logIndex=4803, commits[48affcab-e6e4-4602-963a-f6a50efbd54c:c4803, 7e391b60-07ae-4d97-a027-4756e468c032:c4800, c5f86d96-67df-4f25-bde3-316f439d30b3:c4800]
2019-08-23 18:29:19,529 | INFO  | DNAudit | user=null | ip=null | op=WRITE_CHUNK {blockData=conID: 1 locID: 102667711903695510 bcsId: 4799} | ret=SUCCESS |  
2019-08-23 18:29:19,529 | INFO  | DNAudit | user=null | ip=null | op=WRITE_CHUNK {blockData=conID: 1 locID: 102667711903695510 bcsId: 4799} | ret=SUCCESS |  
2019-08-23 18:29:19,529 | INFO  | DNAudit | user=null | ip=null | op=PUT_BLOCK {blockData=[blockId=conID: 1 locID: 102667711903695510 bcsId: 0,size=4194304]} | ret=SUCCESS |  
2019-08-23 18:29:19,529 | INFO  | DNAudit | user=null | ip=null | op=PUT_BLOCK {blockData=[blockId=conID: 1 locID: 102667711903695510 bcsId: 0,size=4194304]} | ret=SUCCESS |  
2019-08-23 18:29:19,529 [grpc-default-executor-3] INFO  client.GrpcClientProtocolClient (GrpcClientProtocolClient.java:onNext(255)) - client-19C32667576E->48affcab-e6e4-4602-963a-f6a50efbd54c: receive RaftClientReply:client-19C32667576E->48affcab-e6e4-4602-963a-f6a50efbd54c@group-50C56EAF5137, cid=3184, SUCCESS, logIndex=0, commits[48affcab-e6e4-4602-963a-f6a50efbd54c:c4804, 7e391b60-07ae-4d97-a027-4756e468c032:c4803, c5f86d96-67df-4f25-bde3-316f439d30b3:c4803]
2019-08-23 18:29:19,534 | INFO  | SCMAudit | user=jenkins1000 | ip=192.168.34.23 | op=ALLOCATE_BLOCK {owner=1ceb8b80-28f1-43fd-86c3-175afc07b8d1, size=4194304, type=RATIS, factor=THREE} | ret=SUCCESS |  
2019-08-23 18:29:19,537 | INFO  | OMAudit | user=jenkins1000 | ip=127.0.0.1 | op=ALLOCATE_BLOCK {volume=vol-0-45438, bucket=bucket-0-23891, key=key-0-22455, dataSize=0, replicationType=null, replicationFactor=null, keyLocationInfo=null, clientID=102667710122492306} | ret=SUCCESS |  
2019-08-23 18:29:19,542 | INFO  | DNAudit | user=null | ip=null | op=WRITE_CHUNK {blockData=conID: 2 locID: 102667711908020887 bcsId: 0} | ret=SUCCESS |  
2019-08-23 18:29:19,545 | INFO  | DNAudit | user=null | ip=null | op=WRITE_CHUNK {blockData=conID: 2 locID: 102667711908020887 bcsId: 0} | ret=SUCCESS |  
2019-08-23 18:29:19,545 | INFO  | DNAudit | user=null | ip=null | op=WRITE_CHUNK {blockData=conID: 2 locID: 102667711908020887 bcsId: 0} | ret=SUCCESS |  
2019-08-23 18:29:19,545 | INFO  | DNAudit | user=null | ip=null | op=WRITE_CHUNK {blockData=conID: 2 locID: 102667711908020887 bcsId: 0} | ret=SUCCESS |  
2019-08-23 18:29:19,547 | INFO  | DNAudit | user=null | ip=null | op=WRITE_CHUNK {blockData=conID: 2 locID: 102667711908020887 bcsId: 0} | ret=SUCCESS |  
2019-08-23 18:29:19,547 | INFO  | DNAudit | user=null | ip=null | op=WRITE_CHUNK {blockData=conID: 2 locID: 102667711908020887 bcsId: 0} | ret=SUCCESS |  
2019-08-23 18:29:19,547 | INFO  | DNAudit | user=null | ip=null | op=WRITE_CHUNK {blockData=conID: 2 locID: 102667711908020887 bcsId: 0} | ret=SUCCESS |  
2019-08-23 18:29:19,547 | INFO  | DNAudit | user=null | ip=null | op=PUT_BLOCK {blockData=[blockId=conID: 2 locID: 102667711908020887 bcsId: 0,size=1048576]} | ret=SUCCESS |  
2019-08-23 18:29:19,547 [grpc-default-executor-0] INFO  client.GrpcClientProtocolClient (GrpcClientProtocolClient.java:onNext(255)) - client-19C32667576E->48affcab-e6e4-4602-963a-f6a50efbd54c: receive RaftClientReply:client-19C32667576E->48affcab-e6e4-4602-963a-f6a50efbd54c@group-50C56EAF5137, cid=3185, SUCCESS, logIndex=4806, commits[48affcab-e6e4-4602-963a-f6a50efbd54c:c4807, 7e391b60-07ae-4d97-a027-4756e468c032:c4803, c5f86d96-67df-4f25-bde3-316f439d30b3:c4805]
2019-08-23 18:29:19,548 [grpc-default-executor-3] INFO  client.GrpcClientProtocolClient (GrpcClientProtocolClient.java:onNext(255)) - client-19C32667576E->48affcab-e6e4-4602-963a-f6a50efbd54c: receive RaftClientReply:client-19C32667576E->48affcab-e6e4-4602-963a-f6a50efbd54c@group-50C56EAF5137, cid=3186, SUCCESS, logIndex=4807, commits[48affcab-e6e4-4602-963a-f6a50efbd54c:c4807, 7e391b60-07ae-4d97-a027-4756e468c032:c4803, c5f86d96-67df-4f25-bde3-316f439d30b3:c4805]
2019-08-23 18:29:19,548 | INFO  | DNAudit | user=null | ip=null | op=WRITE_CHUNK {blockData=conID: 2 locID: 102667711908020887 bcsId: 0} | ret=SUCCESS |  
2019-08-23 18:29:19,549 | INFO  | DNAudit | user=null | ip=null | op=PUT_BLOCK {blockData=[blockId=conID: 2 locID: 102667711908020887 bcsId: 0,size=2097152]} | ret=SUCCESS |  
2019-08-23 18:29:19,549 [grpc-default-executor-0] INFO  client.GrpcClientProtocolClient (GrpcClientProtocolClient.java:onNext(255)) - client-19C32667576E->48affcab-e6e4-4602-963a-f6a50efbd54c: receive RaftClientReply:client-19C32667576E->48affcab-e6e4-4602-963a-f6a50efbd54c@group-50C56EAF5137, cid=3187, SUCCESS, logIndex=4808, commits[48affcab-e6e4-4602-963a-f6a50efbd54c:c4809, 7e391b60-07ae-4d97-a027-4756e468c032:c4805, c5f86d96-67df-4f25-bde3-316f439d30b3:c4805]
2019-08-23 18:29:19,549 | INFO  | DNAudit | user=null | ip=null | op=WRITE_CHUNK {blockData=conID: 2 locID: 102667711908020887 bcsId: 0} | ret=SUCCESS |  
2019-08-23 18:29:19,549 | INFO  | DNAudit | user=null | ip=null | op=PUT_BLOCK {blockData=[blockId=conID: 2 locID: 102667711908020887 bcsId: 0,size=1048576]} | ret=SUCCESS |  
2019-08-23 18:29:19,549 [grpc-default-executor-0] INFO  client.GrpcClientProtocolClient (GrpcClientProtocolClient.java:onNext(255)) - client-19C32667576E->48affcab-e6e4-4602-963a-f6a50efbd54c: receive RaftClientReply:client-19C32667576E->48affcab-e6e4-4602-963a-f6a50efbd54c@group-50C56EAF5137, cid=3188, SUCCESS, logIndex=4809, commits[48affcab-e6e4-4602-963a-f6a50efbd54c:c4809, 7e391b60-07ae-4d97-a027-4756e468c032:c4805, c5f86d96-67df-4f25-bde3-316f439d30b3:c4805]
2019-08-23 18:29:19,551 | INFO  | DNAudit | user=null | ip=null | op=WRITE_CHUNK {blockData=conID: 2 locID: 102667711908020887 bcsId: 0} | ret=SUCCESS |  
2019-08-23 18:29:19,551 | INFO  | DNAudit | user=null | ip=null | op=PUT_BLOCK {blockData=[blockId=conID: 2 locID: 102667711908020887 bcsId: 0,size=1048576]} | ret=SUCCESS |  
2019-08-23 18:29:19,551 | INFO  | DNAudit | user=null | ip=null | op=WRITE_CHUNK {blockData=conID: 2 locID: 102667711908020887 bcsId: 0} | ret=SUCCESS |  
2019-08-23 18:29:19,551 | INFO  | DNAudit | user=null | ip=null | op=WRITE_CHUNK {blockData=conID: 2 locID: 102667711908020887 bcsId: 0} | ret=SUCCESS |  
2019-08-23 18:29:19,552 | INFO  | DNAudit | user=null | ip=null | op=PUT_BLOCK {blockData=[blockId=conID: 2 locID: 102667711908020887 bcsId: 0,size=2097152]} | ret=SUCCESS |  
2019-08-23 18:29:19,552 | INFO  | DNAudit | user=null | ip=null | op=PUT_BLOCK {blockData=[blockId=conID: 2 locID: 102667711908020887 bcsId: 0,size=2097152]} | ret=SUCCESS |  
2019-08-23 18:29:19,552 [grpc-default-executor-3] INFO  client.GrpcClientProtocolClient (GrpcClientProtocolClient.java:onNext(255)) - client-19C32667576E->48affcab-e6e4-4602-963a-f6a50efbd54c: receive RaftClientReply:client-19C32667576E->48affcab-e6e4-4602-963a-f6a50efbd54c@group-50C56EAF5137, cid=3189, SUCCESS, logIndex=0, commits[48affcab-e6e4-4602-963a-f6a50efbd54c:c4810, 7e391b60-07ae-4d97-a027-4756e468c032:c4807, c5f86d96-67df-4f25-bde3-316f439d30b3:c4807]
2019-08-23 18:29:19,558 | INFO  | DNAudit | user=null | ip=null | op=WRITE_CHUNK {blockData=conID: 2 locID: 102667711908020887 bcsId: 4809} | ret=SUCCESS |  
2019-08-23 18:29:19,559 | INFO  | DNAudit | user=null | ip=null | op=WRITE_CHUNK {blockData=conID: 2 locID: 102667711908020887 bcsId: 4809} | ret=SUCCESS |  
2019-08-23 18:29:19,559 | INFO  | DNAudit | user=null | ip=null | op=WRITE_CHUNK {blockData=conID: 2 locID: 102667711908020887 bcsId: 4809} | ret=SUCCESS |  
2019-08-23 18:29:19,560 | INFO  | DNAudit | user=null | ip=null | op=WRITE_CHUNK {blockData=conID: 2 locID: 102667711908020887 bcsId: 4809} | ret=SUCCESS |  
2019-08-23 18:29:19,561 | INFO  | DNAudit | user=null | ip=null | op=PUT_BLOCK {blockData=[blockId=conID: 2 locID: 102667711908020887 bcsId: 0,size=3145728]} | ret=SUCCESS |  
2019-08-23 18:29:19,562 [grpc-default-executor-3] INFO  client.GrpcClientProtocolClient (GrpcClientProtocolClient.java:onNext(255)) - client-19C32667576E->48affcab-e6e4-4602-963a-f6a50efbd54c: receive RaftClientReply:client-19C32667576E->48affcab-e6e4-4602-963a-f6a50efbd54c@group-50C56EAF5137, cid=3190, SUCCESS, logIndex=4813, commits[48affcab-e6e4-4602-963a-f6a50efbd54c:c4814, 7e391b60-07ae-4d97-a027-4756e468c032:c4809, c5f86d96-67df-4f25-bde3-316f439d30b3:c4812]
2019-08-23 18:29:19,562 [grpc-default-executor-0] INFO  client.GrpcClientProtocolClient (GrpcClientProtocolClient.java:onNext(255)) - client-19C32667576E->48affcab-e6e4-4602-963a-f6a50efbd54c: receive RaftClientReply:client-19C32667576E->48affcab-e6e4-4602-963a-f6a50efbd54c@group-50C56EAF5137, cid=3191, SUCCESS, logIndex=4814, commits[48affcab-e6e4-4602-963a-f6a50efbd54c:c4814, 7e391b60-07ae-4d97-a027-4756e468c032:c4809, c5f86d96-67df-4f25-bde3-316f439d30b3:c4812]
2019-08-23 18:29:19,565 | INFO  | DNAudit | user=null | ip=null | op=WRITE_CHUNK {blockData=conID: 2 locID: 102667711908020887 bcsId: 4809} | ret=SUCCESS |  
2019-08-23 18:29:19,565 | INFO  | DNAudit | user=null | ip=null | op=WRITE_CHUNK {blockData=conID: 2 locID: 102667711908020887 bcsId: 4809} | ret=SUCCESS |  
2019-08-23 18:29:19,565 | INFO  | DNAudit | user=null | ip=null | op=PUT_BLOCK {blockData=[blockId=conID: 2 locID: 102667711908020887 bcsId: 0,size=3145728]} | ret=SUCCESS |  
2019-08-23 18:29:19,565 | INFO  | DNAudit | user=null | ip=null | op=PUT_BLOCK {blockData=[blockId=conID: 2 locID: 102667711908020887 bcsId: 0,size=3145728]} | ret=SUCCESS |  
2019-08-23 18:29:19,568 | INFO  | DNAudit | user=null | ip=null | op=WRITE_CHUNK {blockData=conID: 2 locID: 102667711908020887 bcsId: 4814} | ret=SUCCESS |  
2019-08-23 18:29:19,570 | INFO  | DNAudit | user=null | ip=null | op=WRITE_CHUNK {blockData=conID: 2 locID: 102667711908020887 bcsId: 4814} | ret=SUCCESS |  
2019-08-23 18:29:19,571 | INFO  | DNAudit | user=null | ip=null | op=WRITE_CHUNK {blockData=conID: 2 locID: 102667711908020887 bcsId: 4814} | ret=SUCCESS |  
2019-08-23 18:29:19,572 | INFO  | DNAudit | user=null | ip=null | op=WRITE_CHUNK {blockData=conID: 2 locID: 102667711908020887 bcsId: 4814} | ret=SUCCESS |  
2019-08-23 18:29:19,573 | INFO  | DNAudit | user=null | ip=null | op=PUT_BLOCK {blockData=[blockId=conID: 2 locID: 102667711908020887 bcsId: 0,size=4194304]} | ret=SUCCESS |  
2019-08-23 18:29:19,573 [grpc-default-executor-5] INFO  client.GrpcClientProtocolClient (GrpcClientProtocolClient.java:onNext(255)) - client-19C32667576E->48affcab-e6e4-4602-963a-f6a50efbd54c: receive RaftClientReply:client-19C32667576E->48affcab-e6e4-4602-963a-f6a50efbd54c@group-50C56EAF5137, cid=3192, SUCCESS, logIndex=4817, commits[48affcab-e6e4-4602-963a-f6a50efbd54c:c4818, 7e391b60-07ae-4d97-a027-4756e468c032:c4816, c5f86d96-67df-4f25-bde3-316f439d30b3:c4814]
2019-08-23 18:29:19,573 [grpc-default-executor-5] INFO  client.GrpcClientProtocolClient (GrpcClientProtocolClient.java:onNext(255)) - client-19C32667576E->48affcab-e6e4-4602-963a-f6a50efbd54c: receive RaftClientReply:client-19C32667576E->48affcab-e6e4-4602-963a-f6a50efbd54c@group-50C56EAF5137, cid=3193, SUCCESS, logIndex=4818, commits[48affcab-e6e4-4602-963a-f6a50efbd54c:c4818, 7e391b60-07ae-4d97-a027-4756e468c032:c4816, c5f86d96-67df-4f25-bde3-316f439d30b3:c4816]
2019-08-23 18:29:19,575 | INFO  | DNAudit | user=null | ip=null | op=WRITE_CHUNK {blockData=conID: 2 locID: 102667711908020887 bcsId: 4814} | ret=SUCCESS |  
2019-08-23 18:29:19,576 | INFO  | DNAudit | user=null | ip=null | op=WRITE_CHUNK {blockData=conID: 2 locID: 102667711908020887 bcsId: 4814} | ret=SUCCESS |  
2019-08-23 18:29:19,576 | INFO  | DNAudit | user=null | ip=null | op=PUT_BLOCK {blockData=[blockId=conID: 2 locID: 102667711908020887 bcsId: 0,size=4194304]} | ret=SUCCESS |  
2019-08-23 18:29:19,578 | INFO  | DNAudit | user=null | ip=null | op=PUT_BLOCK {blockData=[blockId=conID: 2 locID: 102667711908020887 bcsId: 0,size=4194304]} | ret=SUCCESS |  
2019-08-23 18:29:19,579 [grpc-default-executor-5] INFO  client.GrpcClientProtocolClient (GrpcClientProtocolClient.java:onNext(255)) - client-19C32667576E->48affcab-e6e4-4602-963a-f6a50efbd54c: receive RaftClientReply:client-19C32667576E->48affcab-e6e4-4602-963a-f6a50efbd54c@group-50C56EAF5137, cid=3194, SUCCESS, logIndex=0, commits[48affcab-e6e4-4602-963a-f6a50efbd54c:c4820, 7e391b60-07ae-4d97-a027-4756e468c032:c4818, c5f86d96-67df-4f25-bde3-316f439d30b3:c4818]
2019-08-23 18:29:19,584 | INFO  | SCMAudit | user=jenkins1000 | ip=192.168.34.23 | op=ALLOCATE_BLOCK {owner=1ceb8b80-28f1-43fd-86c3-175afc07b8d1, size=4194304, type=RATIS, factor=THREE} | ret=SUCCESS |  
2019-08-23 18:29:19,588 | INFO  | OMAudit | user=jenkins1000 | ip=127.0.0.1 | op=ALLOCATE_BLOCK {volume=vol-0-45438, bucket=bucket-0-23891, key=key-0-22455, dataSize=0, replicationType=null, replicationFactor=null, keyLocationInfo=null, clientID=102667710122492306} | ret=SUCCESS |  
2019-08-23 18:29:19,593 | INFO  | DNAudit | user=null | ip=null | op=WRITE_CHUNK {blockData=conID: 3 locID: 102667711911297688 bcsId: 0} | ret=SUCCESS |  
2019-08-23 18:29:19,595 | INFO  | DNAudit | user=null | ip=null | op=WRITE_CHUNK {blockData=conID: 3 locID: 102667711911297688 bcsId: 0} | ret=SUCCESS |  
2019-08-23 18:29:19,596 | INFO  | DNAudit | user=null | ip=null | op=WRITE_CHUNK {blockData=conID: 3 locID: 102667711911297688 bcsId: 0} | ret=SUCCESS |  
2019-08-23 18:29:19,596 | INFO  | DNAudit | user=null | ip=null | op=WRITE_CHUNK {blockData=conID: 3 locID: 102667711911297688 bcsId: 0} | ret=SUCCESS |  
2019-08-23 18:29:19,599 | INFO  | DNAudit | user=null | ip=null | op=WRITE_CHUNK {blockData=conID: 3 locID: 102667711911297688 bcsId: 0} | ret=SUCCESS |  
2019-08-23 18:29:19,600 | INFO  | DNAudit | user=null | ip=null | op=WRITE_CHUNK {blockData=conID: 3 locID: 102667711911297688 bcsId: 0} | ret=SUCCESS |  
2019-08-23 18:29:19,604 | INFO  | DNAudit | user=null | ip=null | op=WRITE_CHUNK {blockData=conID: 3 locID: 102667711911297688 bcsId: 0} | ret=SUCCESS |  
2019-08-23 18:29:19,604 | INFO  | DNAudit | user=null | ip=null | op=PUT_BLOCK {blockData=[blockId=conID: 3 locID: 102667711911297688 bcsId: 0,size=1048576]} | ret=SUCCESS |  
2019-08-23 18:29:19,604 | INFO  | DNAudit | user=null | ip=null | op=WRITE_CHUNK {blockData=conID: 3 locID: 102667711911297688 bcsId: 0} | ret=SUCCESS |  
2019-08-23 18:29:19,604 [grpc-default-executor-0] INFO  client.GrpcClientProtocolClient (GrpcClientProtocolClient.java:onNext(255)) - client-19C32667576E->48affcab-e6e4-4602-963a-f6a50efbd54c: receive RaftClientReply:client-19C32667576E->48affcab-e6e4-4602-963a-f6a50efbd54c@group-50C56EAF5137, cid=3195, SUCCESS, logIndex=4821, commits[48affcab-e6e4-4602-963a-f6a50efbd54c:c4823, 7e391b60-07ae-4d97-a027-4756e468c032:c4820, c5f86d96-67df-4f25-bde3-316f439d30b3:c4820]
2019-08-23 18:29:19,605 | INFO  | DNAudit | user=null | ip=null | op=PUT_BLOCK {blockData=[blockId=conID: 3 locID: 102667711911297688 bcsId: 0,size=2097152]} | ret=SUCCESS |  
2019-08-23 18:29:19,605 [grpc-default-executor-0] INFO  client.GrpcClientProtocolClient (GrpcClientProtocolClient.java:onNext(255)) - client-19C32667576E->48affcab-e6e4-4602-963a-f6a50efbd54c: receive RaftClientReply:client-19C32667576E->48affcab-e6e4-4602-963a-f6a50efbd54c@group-50C56EAF5137, cid=3196, SUCCESS, logIndex=4822, commits[48affcab-e6e4-4602-963a-f6a50efbd54c:c4824, 7e391b60-07ae-4d97-a027-4756e468c032:c4820, c5f86d96-67df-4f25-bde3-316f439d30b3:c4820]
2019-08-23 18:29:19,605 [grpc-default-executor-0] INFO  client.GrpcClientProtocolClient (GrpcClientProtocolClient.java:onNext(255)) - client-19C32667576E->48affcab-e6e4-4602-963a-f6a50efbd54c: receive RaftClientReply:client-19C32667576E->48affcab-e6e4-4602-963a-f6a50efbd54c@group-50C56EAF5137, cid=3197, SUCCESS, logIndex=4823, commits[48affcab-e6e4-4602-963a-f6a50efbd54c:c4824, 7e391b60-07ae-4d97-a027-4756e468c032:c4820, c5f86d96-67df-4f25-bde3-316f439d30b3:c4820]
2019-08-23 18:29:19,605 [grpc-default-executor-0] INFO  client.GrpcClientProtocolClient (GrpcClientProtocolClient.java:onNext(255)) - client-19C32667576E->48affcab-e6e4-4602-963a-f6a50efbd54c: receive RaftClientReply:client-19C32667576E->48affcab-e6e4-4602-963a-f6a50efbd54c@group-50C56EAF5137, cid=3198, SUCCESS, logIndex=4824, commits[48affcab-e6e4-4602-963a-f6a50efbd54c:c4824, 7e391b60-07ae-4d97-a027-4756e468c032:c4820, c5f86d96-67df-4f25-bde3-316f439d30b3:c4820]
2019-08-23 18:29:19,608 | INFO  | DNAudit | user=null | ip=null | op=WRITE_CHUNK {blockData=conID: 3 locID: 102667711911297688 bcsId: 0} | ret=SUCCESS |  
2019-08-23 18:29:19,608 | INFO  | DNAudit | user=null | ip=null | op=WRITE_CHUNK {blockData=conID: 3 locID: 102667711911297688 bcsId: 0} | ret=SUCCESS |  
2019-08-23 18:29:19,612 | INFO  | DNAudit | user=null | ip=null | op=PUT_BLOCK {blockData=[blockId=conID: 3 locID: 102667711911297688 bcsId: 0,size=1048576]} | ret=SUCCESS |  
2019-08-23 18:29:19,612 | INFO  | DNAudit | user=null | ip=null | op=PUT_BLOCK {blockData=[blockId=conID: 3 locID: 102667711911297688 bcsId: 0,size=1048576]} | ret=SUCCESS |  
2019-08-23 18:29:19,612 | INFO  | DNAudit | user=null | ip=null | op=WRITE_CHUNK {blockData=conID: 3 locID: 102667711911297688 bcsId: 0} | ret=SUCCESS |  
2019-08-23 18:29:19,612 | INFO  | DNAudit | user=null | ip=null | op=WRITE_CHUNK {blockData=conID: 3 locID: 102667711911297688 bcsId: 0} | ret=SUCCESS |  
2019-08-23 18:29:19,612 | INFO  | DNAudit | user=null | ip=null | op=PUT_BLOCK {blockData=[blockId=conID: 3 locID: 102667711911297688 bcsId: 0,size=2097152]} | ret=SUCCESS |  
2019-08-23 18:29:19,612 | INFO  | DNAudit | user=null | ip=null | op=PUT_BLOCK {blockData=[blockId=conID: 3 locID: 102667711911297688 bcsId: 0,size=2097152]} | ret=SUCCESS |  
2019-08-23 18:29:19,612 [grpc-default-executor-0] INFO  client.GrpcClientProtocolClient (GrpcClientProtocolClient.java:onNext(255)) - client-19C32667576E->48affcab-e6e4-4602-963a-f6a50efbd54c: receive RaftClientReply:client-19C32667576E->48affcab-e6e4-4602-963a-f6a50efbd54c@group-50C56EAF5137, cid=3199, SUCCESS, logIndex=0, commits[48affcab-e6e4-4602-963a-f6a50efbd54c:c4826, 7e391b60-07ae-4d97-a027-4756e468c032:c4822, c5f86d96-67df-4f25-bde3-316f439d30b3:c4822]
2019-08-23 18:29:19,618 | INFO  | DNAudit | user=null | ip=null | op=WRITE_CHUNK {blockData=conID: 3 locID: 102667711911297688 bcsId: 4824} | ret=SUCCESS |  
2019-08-23 18:29:19,621 | INFO  | DNAudit | user=null | ip=null | op=WRITE_CHUNK {blockData=conID: 3 locID: 102667711911297688 bcsId: 4824} | ret=SUCCESS |  
2019-08-23 18:29:19,622 | INFO  | DNAudit | user=null | ip=null | op=WRITE_CHUNK {blockData=conID: 3 locID: 102667711911297688 bcsId: 4824} | ret=SUCCESS |  
2019-08-23 18:29:19,624 | INFO  | DNAudit | user=null | ip=null | op=WRITE_CHUNK {blockData=conID: 3 locID: 102667711911297688 bcsId: 4824} | ret=SUCCESS |  
2019-08-23 18:29:19,624 | INFO  | DNAudit | user=null | ip=null | op=PUT_BLOCK {blockData=[blockId=conID: 3 locID: 102667711911297688 bcsId: 0,size=3145728]} | ret=SUCCESS |  
2019-08-23 18:29:19,624 [grpc-default-executor-0] INFO  client.GrpcClientProtocolClient (GrpcClientProtocolClient.java:onNext(255)) - client-19C32667576E->48affcab-e6e4-4602-963a-f6a50efbd54c: receive RaftClientReply:client-19C32667576E->48affcab-e6e4-4602-963a-f6a50efbd54c@group-50C56EAF5137, cid=3200, SUCCESS, logIndex=4829, commits[48affcab-e6e4-4602-963a-f6a50efbd54c:c4830, 7e391b60-07ae-4d97-a027-4756e468c032:c4828, c5f86d96-67df-4f25-bde3-316f439d30b3:c4828]
2019-08-23 18:29:19,625 [grpc-default-executor-0] INFO  client.GrpcClientProtocolClient (GrpcClientProtocolClient.java:onNext(255)) - client-19C32667576E->48affcab-e6e4-4602-963a-f6a50efbd54c: receive RaftClientReply:client-19C32667576E->48affcab-e6e4-4602-963a-f6a50efbd54c@group-50C56EAF5137, cid=3201, SUCCESS, logIndex=4830, commits[48affcab-e6e4-4602-963a-f6a50efbd54c:c4830, 7e391b60-07ae-4d97-a027-4756e468c032:c4828, c5f86d96-67df-4f25-bde3-316f439d30b3:c4828]
2019-08-23 18:29:19,627 | INFO  | DNAudit | user=null | ip=null | op=WRITE_CHUNK {blockData=conID: 3 locID: 102667711911297688 bcsId: 4824} | ret=SUCCESS |  
2019-08-23 18:29:19,627 | INFO  | DNAudit | user=null | ip=null | op=PUT_BLOCK {blockData=[blockId=conID: 3 locID: 102667711911297688 bcsId: 0,size=3145728]} | ret=SUCCESS |  
2019-08-23 18:29:19,629 | INFO  | DNAudit | user=null | ip=null | op=WRITE_CHUNK {blockData=conID: 3 locID: 102667711911297688 bcsId: 4824} | ret=SUCCESS |  
2019-08-23 18:29:19,630 | INFO  | DNAudit | user=null | ip=null | op=WRITE_CHUNK {blockData=conID: 3 locID: 102667711911297688 bcsId: 4830} | ret=SUCCESS |  
2019-08-23 18:29:19,631 | INFO  | DNAudit | user=null | ip=null | op=PUT_BLOCK {blockData=[blockId=conID: 3 locID: 102667711911297688 bcsId: 0,size=3145728]} | ret=SUCCESS |  
2019-08-23 18:29:19,632 | INFO  | DNAudit | user=null | ip=null | op=WRITE_CHUNK {blockData=conID: 3 locID: 102667711911297688 bcsId: 4830} | ret=SUCCESS |  
2019-08-23 18:29:19,633 | INFO  | DNAudit | user=null | ip=null | op=WRITE_CHUNK {blockData=conID: 3 locID: 102667711911297688 bcsId: 4830} | ret=SUCCESS |  
2019-08-23 18:29:19,635 | INFO  | DNAudit | user=null | ip=null | op=WRITE_CHUNK {blockData=conID: 3 locID: 102667711911297688 bcsId: 4830} | ret=SUCCESS |  
2019-08-23 18:29:19,635 | INFO  | DNAudit | user=null | ip=null | op=PUT_BLOCK {blockData=[blockId=conID: 3 locID: 102667711911297688 bcsId: 0,size=4194304]} | ret=SUCCESS |  
2019-08-23 18:29:19,635 [grpc-default-executor-0] INFO  client.GrpcClientProtocolClient (GrpcClientProtocolClient.java:onNext(255)) - client-19C32667576E->48affcab-e6e4-4602-963a-f6a50efbd54c: receive RaftClientReply:client-19C32667576E->48affcab-e6e4-4602-963a-f6a50efbd54c@group-50C56EAF5137, cid=3202, SUCCESS, logIndex=4833, commits[48affcab-e6e4-4602-963a-f6a50efbd54c:c4834, 7e391b60-07ae-4d97-a027-4756e468c032:c4831, c5f86d96-67df-4f25-bde3-316f439d30b3:c4830]
2019-08-23 18:29:19,636 [grpc-default-executor-0] INFO  client.GrpcClientProtocolClient (GrpcClientProtocolClient.java:onNext(255)) - client-19C32667576E->48affcab-e6e4-4602-963a-f6a50efbd54c: receive RaftClientReply:client-19C32667576E->48affcab-e6e4-4602-963a-f6a50efbd54c@group-50C56EAF5137, cid=3203, SUCCESS, logIndex=4834, commits[48affcab-e6e4-4602-963a-f6a50efbd54c:c4834, 7e391b60-07ae-4d97-a027-4756e468c032:c4831, c5f86d96-67df-4f25-bde3-316f439d30b3:c4831]
2019-08-23 18:29:19,637 | INFO  | DNAudit | user=null | ip=null | op=WRITE_CHUNK {blockData=conID: 3 locID: 102667711911297688 bcsId: 4830} | ret=SUCCESS |  
2019-08-23 18:29:19,638 | INFO  | DNAudit | user=null | ip=null | op=WRITE_CHUNK {blockData=conID: 3 locID: 102667711911297688 bcsId: 4830} | ret=SUCCESS |  
2019-08-23 18:29:19,641 | INFO  | DNAudit | user=null | ip=null | op=PUT_BLOCK {blockData=[blockId=conID: 3 locID: 102667711911297688 bcsId: 0,size=4194304]} | ret=SUCCESS |  
2019-08-23 18:29:19,641 | INFO  | DNAudit | user=null | ip=null | op=PUT_BLOCK {blockData=[blockId=conID: 3 locID: 102667711911297688 bcsId: 0,size=4194304]} | ret=SUCCESS |  
2019-08-23 18:29:19,641 [grpc-default-executor-3] INFO  client.GrpcClientProtocolClient (GrpcClientProtocolClient.java:onNext(255)) - client-19C32667576E->48affcab-e6e4-4602-963a-f6a50efbd54c: receive RaftClientReply:client-19C32667576E->48affcab-e6e4-4602-963a-f6a50efbd54c@group-50C56EAF5137, cid=3204, SUCCESS, logIndex=0, commits[48affcab-e6e4-4602-963a-f6a50efbd54c:c4836, 7e391b60-07ae-4d97-a027-4756e468c032:c4834, c5f86d96-67df-4f25-bde3-316f439d30b3:c4834]
2019-08-23 18:29:19,646 | INFO  | SCMAudit | user=jenkins1000 | ip=192.168.34.23 | op=ALLOCATE_BLOCK {owner=1ceb8b80-28f1-43fd-86c3-175afc07b8d1, size=4194304, type=RATIS, factor=THREE} | ret=SUCCESS |  
2019-08-23 18:29:19,650 | INFO  | OMAudit | user=jenkins1000 | ip=127.0.0.1 | op=ALLOCATE_BLOCK {volume=vol-0-45438, bucket=bucket-0-23891, key=key-0-22455, dataSize=0, replicationType=null, replicationFactor=null, keyLocationInfo=null, clientID=102667710122492306} | ret=SUCCESS |  
 0.00% |█                                                                                                    |  0/1 Time: 0:00:272019-08-23 18:29:20,248 | INFO  | SCMAudit | user=jenkins1000 | ip=192.168.34.23 | op=SEND_HEARTBEAT {datanodeUUID=48affcab-e6e4-4602-963a-f6a50efbd54c, command=[]} | ret=SUCCESS |  
2019-08-23 18:29:20,248 | INFO  | SCMAudit | user=jenkins1000 | ip=192.168.34.23 | op=SEND_HEARTBEAT {datanodeUUID=c5f86d96-67df-4f25-bde3-316f439d30b3, command=[]} | ret=SUCCESS |  
2019-08-23 18:29:20,248 | INFO  | SCMAudit | user=jenkins1000 | ip=192.168.34.23 | op=SEND_HEARTBEAT {datanodeUUID=58706fd2-d7f7-4771-af80-9e0541495c87, command=[]} | ret=SUCCESS |  
2019-08-23 18:29:20,248 | INFO  | DNAudit | user=null | ip=null | op=WRITE_CHUNK {blockData=conID: 1 locID: 102667711915360921 bcsId: 0} | ret=SUCCESS |  
2019-08-23 18:29:20,248 | INFO  | SCMAudit | user=jenkins1000 | ip=192.168.34.23 | op=SEND_HEARTBEAT {datanodeUUID=7e391b60-07ae-4d97-a027-4756e468c032, command=[]} | ret=SUCCESS |  
2019-08-23 18:29:20,249 | INFO  | DNAudit | user=null | ip=null | op=WRITE_CHUNK {blockData=conID: 1 locID: 102667711915360921 bcsId: 0} | ret=SUCCESS |  
2019-08-23 18:29:20,249 | INFO  | SCMAudit | user=jenkins1000 | ip=192.168.34.23 | op=SEND_HEARTBEAT {datanodeUUID=c83cddd0-22b5-491d-bff0-a36373498de2, command=[]} | ret=SUCCESS |  
2019-08-23 18:29:20,255 | INFO  | DNAudit | user=null | ip=null | op=WRITE_CHUNK {blockData=conID: 1 locID: 102667711915360921 bcsId: 0} | ret=SUCCESS |  
2019-08-23 18:29:20,256 | INFO  | DNAudit | user=null | ip=null | op=WRITE_CHUNK {blockData=conID: 1 locID: 102667711915360921 bcsId: 0} | ret=SUCCESS |  
2019-08-23 18:29:20,257 | INFO  | DNAudit | user=null | ip=null | op=WRITE_CHUNK {blockData=conID: 1 locID: 102667711915360921 bcsId: 0} | ret=SUCCESS |  
2019-08-23 18:29:20,257 | INFO  | DNAudit | user=null | ip=null | op=WRITE_CHUNK {blockData=conID: 1 locID: 102667711915360921 bcsId: 0} | ret=SUCCESS |  
2019-08-23 18:29:20,270 | INFO  | DNAudit | user=null | ip=null | op=WRITE_CHUNK {blockData=conID: 1 locID: 102667711915360921 bcsId: 0} | ret=SUCCESS |  
2019-08-23 18:29:20,271 | INFO  | DNAudit | user=null | ip=null | op=PUT_BLOCK {blockData=[blockId=conID: 1 locID: 102667711915360921 bcsId: 0,size=1048576]} | ret=SUCCESS |  
2019-08-23 18:29:20,271 [grpc-default-executor-0] INFO  client.GrpcClientProtocolClient (GrpcClientProtocolClient.java:onNext(255)) - client-19C32667576E->48affcab-e6e4-4602-963a-f6a50efbd54c: receive RaftClientReply:client-19C32667576E->48affcab-e6e4-4602-963a-f6a50efbd54c@group-50C56EAF5137, cid=3205, SUCCESS, logIndex=4837, commits[48affcab-e6e4-4602-963a-f6a50efbd54c:c4840, 7e391b60-07ae-4d97-a027-4756e468c032:c4836, c5f86d96-67df-4f25-bde3-316f439d30b3:c4836]
2019-08-23 18:29:20,271 | INFO  | DNAudit | user=null | ip=null | op=WRITE_CHUNK {blockData=conID: 1 locID: 102667711915360921 bcsId: 0} | ret=SUCCESS |  
2019-08-23 18:29:20,271 [grpc-default-executor-0] INFO  client.GrpcClientProtocolClient (GrpcClientProtocolClient.java:onNext(255)) - client-19C32667576E->48affcab-e6e4-4602-963a-f6a50efbd54c: receive RaftClientReply:client-19C32667576E->48affcab-e6e4-4602-963a-f6a50efbd54c@group-50C56EAF5137, cid=3206, SUCCESS, logIndex=4838, commits[48affcab-e6e4-4602-963a-f6a50efbd54c:c4840, 7e391b60-07ae-4d97-a027-4756e468c032:c4836, c5f86d96-67df-4f25-bde3-316f439d30b3:c4836]
2019-08-23 18:29:20,272 | INFO  | DNAudit | user=null | ip=null | op=PUT_BLOCK {blockData=[blockId=conID: 1 locID: 102667711915360921 bcsId: 0,size=2097152]} | ret=SUCCESS |  
2019-08-23 18:29:20,272 [grpc-default-executor-0] INFO  client.GrpcClientProtocolClient (GrpcClientProtocolClient.java:onNext(255)) - client-19C32667576E->48affcab-e6e4-4602-963a-f6a50efbd54c: receive RaftClientReply:client-19C32667576E->48affcab-e6e4-4602-963a-f6a50efbd54c@group-50C56EAF5137, cid=3207, SUCCESS, logIndex=4839, commits[48affcab-e6e4-4602-963a-f6a50efbd54c:c4840, 7e391b60-07ae-4d97-a027-4756e468c032:c4836, c5f86d96-67df-4f25-bde3-316f439d30b3:c4836]
2019-08-23 18:29:20,272 [grpc-default-executor-0] INFO  client.GrpcClientProtocolClient (GrpcClientProtocolClient.java:onNext(255)) - client-19C32667576E->48affcab-e6e4-4602-963a-f6a50efbd54c: receive RaftClientReply:client-19C32667576E->48affcab-e6e4-4602-963a-f6a50efbd54c@group-50C56EAF5137, cid=3208, SUCCESS, logIndex=4840, commits[48affcab-e6e4-4602-963a-f6a50efbd54c:c4840, 7e391b60-07ae-4d97-a027-4756e468c032:c4836, c5f86d96-67df-4f25-bde3-316f439d30b3:c4836]
2019-08-23 18:29:20,282 | INFO  | DNAudit | user=null | ip=null | op=WRITE_CHUNK {blockData=conID: 1 locID: 102667711915360921 bcsId: 0} | ret=SUCCESS |  
2019-08-23 18:29:20,282 | INFO  | DNAudit | user=null | ip=null | op=WRITE_CHUNK {blockData=conID: 1 locID: 102667711915360921 bcsId: 0} | ret=SUCCESS |  
2019-08-23 18:29:20,282 | INFO  | DNAudit | user=null | ip=null | op=PUT_BLOCK {blockData=[blockId=conID: 1 locID: 102667711915360921 bcsId: 0,size=1048576]} | ret=SUCCESS |  
2019-08-23 18:29:20,282 | INFO  | DNAudit | user=null | ip=null | op=PUT_BLOCK {blockData=[blockId=conID: 1 locID: 102667711915360921 bcsId: 0,size=1048576]} | ret=SUCCESS |  
2019-08-23 18:29:20,282 [grpc-default-executor-4] INFO  client.GrpcClientProtocolClient (GrpcClientProtocolClient.java:onNext(255)) - client-19C32667576E->48affcab-e6e4-4602-963a-f6a50efbd54c: receive RaftClientReply:client-19C32667576E->48affcab-e6e4-4602-963a-f6a50efbd54c@group-50C56EAF5137, cid=3209, SUCCESS, logIndex=0, commits[48affcab-e6e4-4602-963a-f6a50efbd54c:c4841, 7e391b60-07ae-4d97-a027-4756e468c032:c4838, c5f86d96-67df-4f25-bde3-316f439d30b3:c4838]
2019-08-23 18:29:20,284 | INFO  | DNAudit | user=null | ip=null | op=WRITE_CHUNK {blockData=conID: 1 locID: 102667711915360921 bcsId: 0} | ret=SUCCESS |  
2019-08-23 18:29:20,284 | INFO  | DNAudit | user=null | ip=null | op=PUT_BLOCK {blockData=[blockId=conID: 1 locID: 102667711915360921 bcsId: 0,size=2097152]} | ret=SUCCESS |  
2019-08-23 18:29:20,284 | INFO  | DNAudit | user=null | ip=null | op=WRITE_CHUNK {blockData=conID: 1 locID: 102667711915360921 bcsId: 0} | ret=SUCCESS |  
2019-08-23 18:29:20,284 | INFO  | DNAudit | user=null | ip=null | op=PUT_BLOCK {blockData=[blockId=conID: 1 locID: 102667711915360921 bcsId: 0,size=2097152]} | ret=SUCCESS |  
2019-08-23 18:29:20,288 | INFO  | DNAudit | user=null | ip=null | op=WRITE_CHUNK {blockData=conID: 1 locID: 102667711915360921 bcsId: 4840} | ret=SUCCESS |  
2019-08-23 18:29:20,290 | INFO  | DNAudit | user=null | ip=null | op=WRITE_CHUNK {blockData=conID: 1 locID: 102667711915360921 bcsId: 4840} | ret=SUCCESS |  
2019-08-23 18:29:20,290 | INFO  | DNAudit | user=null | ip=null | op=WRITE_CHUNK {blockData=conID: 1 locID: 102667711915360921 bcsId: 4840} | ret=SUCCESS |  
2019-08-23 18:29:20,303 | INFO  | DNAudit | user=null | ip=null | op=WRITE_CHUNK {blockData=conID: 1 locID: 102667711915360921 bcsId: 4840} | ret=SUCCESS |  
2019-08-23 18:29:20,303 | INFO  | DNAudit | user=null | ip=null | op=PUT_BLOCK {blockData=[blockId=conID: 1 locID: 102667711915360921 bcsId: 0,size=3145728]} | ret=SUCCESS |  
2019-08-23 18:29:20,303 [grpc-default-executor-4] INFO  client.GrpcClientProtocolClient (GrpcClientProtocolClient.java:onNext(255)) - client-19C32667576E->48affcab-e6e4-4602-963a-f6a50efbd54c: receive RaftClientReply:client-19C32667576E->48affcab-e6e4-4602-963a-f6a50efbd54c@group-50C56EAF5137, cid=3210, SUCCESS, logIndex=4845, commits[48affcab-e6e4-4602-963a-f6a50efbd54c:c4846, 7e391b60-07ae-4d97-a027-4756e468c032:c4844, c5f86d96-67df-4f25-bde3-316f439d30b3:c4844]
2019-08-23 18:29:20,304 [grpc-default-executor-4] INFO  client.GrpcClientProtocolClient (GrpcClientProtocolClient.java:onNext(255)) - client-19C32667576E->48affcab-e6e4-4602-963a-f6a50efbd54c: receive RaftClientReply:client-19C32667576E->48affcab-e6e4-4602-963a-f6a50efbd54c@group-50C56EAF5137, cid=3211, SUCCESS, logIndex=4846, commits[48affcab-e6e4-4602-963a-f6a50efbd54c:c4846, 7e391b60-07ae-4d97-a027-4756e468c032:c4844, c5f86d96-67df-4f25-bde3-316f439d30b3:c4844]
2019-08-23 18:29:20,310 | INFO  | DNAudit | user=null | ip=null | op=WRITE_CHUNK {blockData=conID: 1 locID: 102667711915360921 bcsId: 4846} | ret=SUCCESS |  
2019-08-23 18:29:20,311 | INFO  | DNAudit | user=null | ip=null | op=WRITE_CHUNK {blockData=conID: 1 locID: 102667711915360921 bcsId: 4840} | ret=SUCCESS |  
2019-08-23 18:29:20,311 | INFO  | DNAudit | user=null | ip=null | op=WRITE_CHUNK {blockData=conID: 1 locID: 102667711915360921 bcsId: 4840} | ret=SUCCESS |  
2019-08-23 18:29:20,311 | INFO  | DNAudit | user=null | ip=null | op=PUT_BLOCK {blockData=[blockId=conID: 1 locID: 102667711915360921 bcsId: 0,size=3145728]} | ret=SUCCESS |  
2019-08-23 18:29:20,312 | INFO  | DNAudit | user=null | ip=null | op=WRITE_CHUNK {blockData=conID: 1 locID: 102667711915360921 bcsId: 4846} | ret=SUCCESS |  
2019-08-23 18:29:20,312 | INFO  | DNAudit | user=null | ip=null | op=WRITE_CHUNK {blockData=conID: 1 locID: 102667711915360921 bcsId: 4846} | ret=SUCCESS |  
2019-08-23 18:29:20,322 | INFO  | DNAudit | user=null | ip=null | op=PUT_BLOCK {blockData=[blockId=conID: 1 locID: 102667711915360921 bcsId: 0,size=3145728]} | ret=SUCCESS |  
2019-08-23 18:29:20,323 | INFO  | DNAudit | user=null | ip=null | op=WRITE_CHUNK {blockData=conID: 1 locID: 102667711915360921 bcsId: 4846} | ret=SUCCESS |  
2019-08-23 18:29:20,323 | INFO  | DNAudit | user=null | ip=null | op=PUT_BLOCK {blockData=[blockId=conID: 1 locID: 102667711915360921 bcsId: 0,size=4194304]} | ret=SUCCESS |  
2019-08-23 18:29:20,323 [grpc-default-executor-3] INFO  client.GrpcClientProtocolClient (GrpcClientProtocolClient.java:onNext(255)) - client-19C32667576E->48affcab-e6e4-4602-963a-f6a50efbd54c: receive RaftClientReply:client-19C32667576E->48affcab-e6e4-4602-963a-f6a50efbd54c@group-50C56EAF5137, cid=3212, SUCCESS, logIndex=4849, commits[48affcab-e6e4-4602-963a-f6a50efbd54c:c4850, 7e391b60-07ae-4d97-a027-4756e468c032:c4846, c5f86d96-67df-4f25-bde3-316f439d30b3:c4846]
2019-08-23 18:29:20,324 [grpc-default-executor-3] INFO  client.GrpcClientProtocolClient (GrpcClientProtocolClient.java:onNext(255)) - client-19C32667576E->48affcab-e6e4-4602-963a-f6a50efbd54c: receive RaftClientReply:client-19C32667576E->48affcab-e6e4-4602-963a-f6a50efbd54c@group-50C56EAF5137, cid=3213, SUCCESS, logIndex=4850, commits[48affcab-e6e4-4602-963a-f6a50efbd54c:c4850, 7e391b60-07ae-4d97-a027-4756e468c032:c4846, c5f86d96-67df-4f25-bde3-316f439d30b3:c4846]
2019-08-23 18:29:20,335 | INFO  | DNAudit | user=null | ip=null | op=WRITE_CHUNK {blockData=conID: 1 locID: 102667711915360921 bcsId: 4846} | ret=SUCCESS |  
2019-08-23 18:29:20,335 | INFO  | DNAudit | user=null | ip=null | op=WRITE_CHUNK {blockData=conID: 1 locID: 102667711915360921 bcsId: 4846} | ret=SUCCESS |  
2019-08-23 18:29:20,347 | INFO  | DNAudit | user=null | ip=null | op=PUT_BLOCK {blockData=[blockId=conID: 1 locID: 102667711915360921 bcsId: 0,size=4194304]} | ret=SUCCESS |  
2019-08-23 18:29:20,347 | INFO  | DNAudit | user=null | ip=null | op=PUT_BLOCK {blockData=[blockId=conID: 1 locID: 102667711915360921 bcsId: 0,size=4194304]} | ret=SUCCESS |  
2019-08-23 18:29:20,347 [grpc-default-executor-4] INFO  client.GrpcClientProtocolClient (GrpcClientProtocolClient.java:onNext(255)) - client-19C32667576E->48affcab-e6e4-4602-963a-f6a50efbd54c: receive RaftClientReply:client-19C32667576E->48affcab-e6e4-4602-963a-f6a50efbd54c@group-50C56EAF5137, cid=3214, SUCCESS, logIndex=0, commits[48affcab-e6e4-4602-963a-f6a50efbd54c:c4852, 7e391b60-07ae-4d97-a027-4756e468c032:c4850, c5f86d96-67df-4f25-bde3-316f439d30b3:c4850]
2019-08-23 18:29:20,353 | INFO  | SCMAudit | user=jenkins1000 | ip=192.168.34.23 | op=ALLOCATE_BLOCK {owner=1ceb8b80-28f1-43fd-86c3-175afc07b8d1, size=4194304, type=RATIS, factor=THREE} | ret=SUCCESS |  
2019-08-23 18:29:20,357 | INFO  | OMAudit | user=jenkins1000 | ip=127.0.0.1 | op=ALLOCATE_BLOCK {volume=vol-0-45438, bucket=bucket-0-23891, key=key-0-22455, dataSize=0, replicationType=null, replicationFactor=null, keyLocationInfo=null, clientID=102667710122492306} | ret=SUCCESS |  
2019-08-23 18:29:20,364 | INFO  | DNAudit | user=null | ip=null | op=WRITE_CHUNK {blockData=conID: 2 locID: 102667711961694874 bcsId: 0} | ret=SUCCESS |  
2019-08-23 18:29:20,366 | INFO  | DNAudit | user=null | ip=null | op=WRITE_CHUNK {blockData=conID: 2 locID: 102667711961694874 bcsId: 0} | ret=SUCCESS |  
2019-08-23 18:29:20,367 | INFO  | DNAudit | user=null | ip=null | op=WRITE_CHUNK {blockData=conID: 2 locID: 102667711961694874 bcsId: 0} | ret=SUCCESS |  
2019-08-23 18:29:20,368 | INFO  | DNAudit | user=null | ip=null | op=WRITE_CHUNK {blockData=conID: 2 locID: 102667711961694874 bcsId: 0} | ret=SUCCESS |  
2019-08-23 18:29:20,370 | INFO  | DNAudit | user=null | ip=null | op=WRITE_CHUNK {blockData=conID: 2 locID: 102667711961694874 bcsId: 0} | ret=SUCCESS |  
2019-08-23 18:29:20,371 | INFO  | DNAudit | user=null | ip=null | op=WRITE_CHUNK {blockData=conID: 2 locID: 102667711961694874 bcsId: 0} | ret=SUCCESS |  
2019-08-23 18:29:20,378 | INFO  | DNAudit | user=null | ip=null | op=WRITE_CHUNK {blockData=conID: 2 locID: 102667711961694874 bcsId: 0} | ret=SUCCESS |  
2019-08-23 18:29:20,378 | INFO  | DNAudit | user=null | ip=null | op=PUT_BLOCK {blockData=[blockId=conID: 2 locID: 102667711961694874 bcsId: 0,size=1048576]} | ret=SUCCESS |  
2019-08-23 18:29:20,378 [grpc-default-executor-4] INFO  client.GrpcClientProtocolClient (GrpcClientProtocolClient.java:onNext(255)) - client-19C32667576E->48affcab-e6e4-4602-963a-f6a50efbd54c: receive RaftClientReply:client-19C32667576E->48affcab-e6e4-4602-963a-f6a50efbd54c@group-50C56EAF5137, cid=3215, SUCCESS, logIndex=4853, commits[48affcab-e6e4-4602-963a-f6a50efbd54c:c4854, 7e391b60-07ae-4d97-a027-4756e468c032:c4852, c5f86d96-67df-4f25-bde3-316f439d30b3:c4852]
2019-08-23 18:29:20,378 [grpc-default-executor-4] INFO  client.GrpcClientProtocolClient (GrpcClientProtocolClient.java:onNext(255)) - client-19C32667576E->48affcab-e6e4-4602-963a-f6a50efbd54c: receive RaftClientReply:client-19C32667576E->48affcab-e6e4-4602-963a-f6a50efbd54c@group-50C56EAF5137, cid=3216, SUCCESS, logIndex=4854, commits[48affcab-e6e4-4602-963a-f6a50efbd54c:c4854, 7e391b60-07ae-4d97-a027-4756e468c032:c4852, c5f86d96-67df-4f25-bde3-316f439d30b3:c4852]
2019-08-23 18:29:20,391 | INFO  | DNAudit | user=null | ip=null | op=WRITE_CHUNK {blockData=conID: 2 locID: 102667711961694874 bcsId: 0} | ret=SUCCESS |  
2019-08-23 18:29:20,392 | INFO  | DNAudit | user=null | ip=null | op=PUT_BLOCK {blockData=[blockId=conID: 2 locID: 102667711961694874 bcsId: 0,size=2097152]} | ret=SUCCESS |  
2019-08-23 18:29:20,392 [grpc-default-executor-0] INFO  client.GrpcClientProtocolClient (GrpcClientProtocolClient.java:onNext(255)) - client-19C32667576E->48affcab-e6e4-4602-963a-f6a50efbd54c: receive RaftClientReply:client-19C32667576E->48affcab-e6e4-4602-963a-f6a50efbd54c@group-50C56EAF5137, cid=3217, SUCCESS, logIndex=4855, commits[48affcab-e6e4-4602-963a-f6a50efbd54c:c4856, 7e391b60-07ae-4d97-a027-4756e468c032:c4852, c5f86d96-67df-4f25-bde3-316f439d30b3:c4852]
2019-08-23 18:29:20,392 [grpc-default-executor-0] INFO  client.GrpcClientProtocolClient (GrpcClientProtocolClient.java:onNext(255)) - client-19C32667576E->48affcab-e6e4-4602-963a-f6a50efbd54c: receive RaftClientReply:client-19C32667576E->48affcab-e6e4-4602-963a-f6a50efbd54c@group-50C56EAF5137, cid=3218, SUCCESS, logIndex=4856, commits[48affcab-e6e4-4602-963a-f6a50efbd54c:c4856, 7e391b60-07ae-4d97-a027-4756e468c032:c4852, c5f86d96-67df-4f25-bde3-316f439d30b3:c4852]
2019-08-23 18:29:20,402 | INFO  | DNAudit | user=null | ip=null | op=WRITE_CHUNK {blockData=conID: 2 locID: 102667711961694874 bcsId: 0} | ret=SUCCESS |  
2019-08-23 18:29:20,402 | INFO  | DNAudit | user=null | ip=null | op=WRITE_CHUNK {blockData=conID: 2 locID: 102667711961694874 bcsId: 0} | ret=SUCCESS |  
2019-08-23 18:29:20,402 | INFO  | DNAudit | user=null | ip=null | op=PUT_BLOCK {blockData=[blockId=conID: 2 locID: 102667711961694874 bcsId: 0,size=1048576]} | ret=SUCCESS |  
2019-08-23 18:29:20,402 | INFO  | DNAudit | user=null | ip=null | op=PUT_BLOCK {blockData=[blockId=conID: 2 locID: 102667711961694874 bcsId: 0,size=1048576]} | ret=SUCCESS |  
2019-08-23 18:29:20,402 [grpc-default-executor-0] INFO  client.GrpcClientProtocolClient (GrpcClientProtocolClient.java:onNext(255)) - client-19C32667576E->48affcab-e6e4-4602-963a-f6a50efbd54c: receive RaftClientReply:client-19C32667576E->48affcab-e6e4-4602-963a-f6a50efbd54c@group-50C56EAF5137, cid=3219, SUCCESS, logIndex=0, commits[48affcab-e6e4-4602-963a-f6a50efbd54c:c4857, 7e391b60-07ae-4d97-a027-4756e468c032:c4854, c5f86d96-67df-4f25-bde3-316f439d30b3:c4854]
2019-08-23 18:29:20,405 | INFO  | DNAudit | user=null | ip=null | op=WRITE_CHUNK {blockData=conID: 2 locID: 102667711961694874 bcsId: 0} | ret=SUCCESS |  
2019-08-23 18:29:20,405 | INFO  | DNAudit | user=null | ip=null | op=WRITE_CHUNK {blockData=conID: 2 locID: 102667711961694874 bcsId: 0} | ret=SUCCESS |  
2019-08-23 18:29:20,405 | INFO  | DNAudit | user=null | ip=null | op=PUT_BLOCK {blockData=[blockId=conID: 2 locID: 102667711961694874 bcsId: 0,size=2097152]} | ret=SUCCESS |  
2019-08-23 18:29:20,405 | INFO  | DNAudit | user=null | ip=null | op=PUT_BLOCK {blockData=[blockId=conID: 2 locID: 102667711961694874 bcsId: 0,size=2097152]} | ret=SUCCESS |  
2019-08-23 18:29:20,408 | INFO  | DNAudit | user=null | ip=null | op=WRITE_CHUNK {blockData=conID: 2 locID: 102667711961694874 bcsId: 4856} | ret=SUCCESS |  
2019-08-23 18:29:20,410 | INFO  | DNAudit | user=null | ip=null | op=WRITE_CHUNK {blockData=conID: 2 locID: 102667711961694874 bcsId: 4856} | ret=SUCCESS |  
2019-08-23 18:29:20,411 | INFO  | DNAudit | user=null | ip=null | op=WRITE_CHUNK {blockData=conID: 2 locID: 102667711961694874 bcsId: 4856} | ret=SUCCESS |  
2019-08-23 18:29:20,423 | INFO  | DNAudit | user=null | ip=null | op=WRITE_CHUNK {blockData=conID: 2 locID: 102667711961694874 bcsId: 4856} | ret=SUCCESS |  
2019-08-23 18:29:20,423 | INFO  | DNAudit | user=null | ip=null | op=PUT_BLOCK {blockData=[blockId=conID: 2 locID: 102667711961694874 bcsId: 0,size=3145728]} | ret=SUCCESS |  
2019-08-23 18:29:20,423 [grpc-default-executor-4] INFO  client.GrpcClientProtocolClient (GrpcClientProtocolClient.java:onNext(255)) - client-19C32667576E->48affcab-e6e4-4602-963a-f6a50efbd54c: receive RaftClientReply:client-19C32667576E->48affcab-e6e4-4602-963a-f6a50efbd54c@group-50C56EAF5137, cid=3220, SUCCESS, logIndex=4861, commits[48affcab-e6e4-4602-963a-f6a50efbd54c:c4862, 7e391b60-07ae-4d97-a027-4756e468c032:c4860, c5f86d96-67df-4f25-bde3-316f439d30b3:c4860]
2019-08-23 18:29:20,423 [grpc-default-executor-4] INFO  client.GrpcClientProtocolClient (GrpcClientProtocolClient.java:onNext(255)) - client-19C32667576E->48affcab-e6e4-4602-963a-f6a50efbd54c: receive RaftClientReply:client-19C32667576E->48affcab-e6e4-4602-963a-f6a50efbd54c@group-50C56EAF5137, cid=3221, SUCCESS, logIndex=4862, commits[48affcab-e6e4-4602-963a-f6a50efbd54c:c4862, 7e391b60-07ae-4d97-a027-4756e468c032:c4860, c5f86d96-67df-4f25-bde3-316f439d30b3:c4860]
2019-08-23 18:29:20,429 | INFO  | DNAudit | user=null | ip=null | op=WRITE_CHUNK {blockData=conID: 2 locID: 102667711961694874 bcsId: 4862} | ret=SUCCESS |  
2019-08-23 18:29:20,431 | INFO  | DNAudit | user=null | ip=null | op=WRITE_CHUNK {blockData=conID: 2 locID: 102667711961694874 bcsId: 4862} | ret=SUCCESS |  
2019-08-23 18:29:20,431 | INFO  | DNAudit | user=null | ip=null | op=WRITE_CHUNK {blockData=conID: 2 locID: 102667711961694874 bcsId: 4862} | ret=SUCCESS |  
2019-08-23 18:29:20,435 | INFO  | DNAudit | user=null | ip=null | op=WRITE_CHUNK {blockData=conID: 2 locID: 102667711961694874 bcsId: 4856} | ret=SUCCESS |  
2019-08-23 18:29:20,435 | INFO  | DNAudit | user=null | ip=null | op=WRITE_CHUNK {blockData=conID: 2 locID: 102667711961694874 bcsId: 4856} | ret=SUCCESS |  
2019-08-23 18:29:20,435 | INFO  | DNAudit | user=null | ip=null | op=PUT_BLOCK {blockData=[blockId=conID: 2 locID: 102667711961694874 bcsId: 0,size=3145728]} | ret=SUCCESS |  
2019-08-23 18:29:20,435 | INFO  | DNAudit | user=null | ip=null | op=PUT_BLOCK {blockData=[blockId=conID: 2 locID: 102667711961694874 bcsId: 0,size=3145728]} | ret=SUCCESS |  
2019-08-23 18:29:20,438 | INFO  | DNAudit | user=null | ip=null | op=WRITE_CHUNK {blockData=conID: 2 locID: 102667711961694874 bcsId: 4862} | ret=SUCCESS |  
2019-08-23 18:29:20,438 | INFO  | DNAudit | user=null | ip=null | op=PUT_BLOCK {blockData=[blockId=conID: 2 locID: 102667711961694874 bcsId: 0,size=4194304]} | ret=SUCCESS |  
2019-08-23 18:29:20,438 [grpc-default-executor-4] INFO  client.GrpcClientProtocolClient (GrpcClientProtocolClient.java:onNext(255)) - client-19C32667576E->48affcab-e6e4-4602-963a-f6a50efbd54c: receive RaftClientReply:client-19C32667576E->48affcab-e6e4-4602-963a-f6a50efbd54c@group-50C56EAF5137, cid=3222, SUCCESS, logIndex=4865, commits[48affcab-e6e4-4602-963a-f6a50efbd54c:c4866, 7e391b60-07ae-4d97-a027-4756e468c032:c4862, c5f86d96-67df-4f25-bde3-316f439d30b3:c4862]
2019-08-23 18:29:20,438 [grpc-default-executor-4] INFO  client.GrpcClientProtocolClient (GrpcClientProtocolClient.java:onNext(255)) - client-19C32667576E->48affcab-e6e4-4602-963a-f6a50efbd54c: receive RaftClientReply:client-19C32667576E->48affcab-e6e4-4602-963a-f6a50efbd54c@group-50C56EAF5137, cid=3223, SUCCESS, logIndex=4866, commits[48affcab-e6e4-4602-963a-f6a50efbd54c:c4866, 7e391b60-07ae-4d97-a027-4756e468c032:c4862, c5f86d96-67df-4f25-bde3-316f439d30b3:c4862]
2019-08-23 18:29:20,439 | INFO  | DNAudit | user=null | ip=null | op=WRITE_CHUNK {blockData=conID: 2 locID: 102667711961694874 bcsId: 4862} | ret=SUCCESS |  
2019-08-23 18:29:20,440 | INFO  | DNAudit | user=null | ip=null | op=PUT_BLOCK {blockData=[blockId=conID: 2 locID: 102667711961694874 bcsId: 0,size=4194304]} | ret=SUCCESS |  
2019-08-23 18:29:20,440 | INFO  | DNAudit | user=null | ip=null | op=WRITE_CHUNK {blockData=conID: 2 locID: 102667711961694874 bcsId: 4862} | ret=SUCCESS |  
2019-08-23 18:29:20,440 | INFO  | DNAudit | user=null | ip=null | op=PUT_BLOCK {blockData=[blockId=conID: 2 locID: 102667711961694874 bcsId: 0,size=4194304]} | ret=SUCCESS |  
2019-08-23 18:29:20,440 [grpc-default-executor-4] INFO  client.GrpcClientProtocolClient (GrpcClientProtocolClient.java:onNext(255)) - client-19C32667576E->48affcab-e6e4-4602-963a-f6a50efbd54c: receive RaftClientReply:client-19C32667576E->48affcab-e6e4-4602-963a-f6a50efbd54c@group-50C56EAF5137, cid=3224, SUCCESS, logIndex=0, commits[48affcab-e6e4-4602-963a-f6a50efbd54c:c4867, 7e391b60-07ae-4d97-a027-4756e468c032:c4866, c5f86d96-67df-4f25-bde3-316f439d30b3:c4866]
2019-08-23 18:29:20,445 | INFO  | SCMAudit | user=jenkins1000 | ip=192.168.34.23 | op=ALLOCATE_BLOCK {owner=1ceb8b80-28f1-43fd-86c3-175afc07b8d1, size=4194304, type=RATIS, factor=THREE} | ret=SUCCESS |  
2019-08-23 18:29:20,448 | INFO  | OMAudit | user=jenkins1000 | ip=127.0.0.1 | op=ALLOCATE_BLOCK {volume=vol-0-45438, bucket=bucket-0-23891, key=key-0-22455, dataSize=0, replicationType=null, replicationFactor=null, keyLocationInfo=null, clientID=102667710122492306} | ret=SUCCESS |  
2019-08-23 18:29:20,454 | INFO  | DNAudit | user=null | ip=null | op=WRITE_CHUNK {blockData=conID: 3 locID: 102667711967724187 bcsId: 0} | ret=SUCCESS |  
2019-08-23 18:29:20,456 | INFO  | DNAudit | user=null | ip=null | op=WRITE_CHUNK {blockData=conID: 3 locID: 102667711967724187 bcsId: 0} | ret=SUCCESS |  
2019-08-23 18:29:20,456 | INFO  | DNAudit | user=null | ip=null | op=WRITE_CHUNK {blockData=conID: 3 locID: 102667711967724187 bcsId: 0} | ret=SUCCESS |  
2019-08-23 18:29:20,457 | INFO  | DNAudit | user=null | ip=null | op=WRITE_CHUNK {blockData=conID: 3 locID: 102667711967724187 bcsId: 0} | ret=SUCCESS |  
2019-08-23 18:29:20,457 | INFO  | DNAudit | user=null | ip=null | op=WRITE_CHUNK {blockData=conID: 3 locID: 102667711967724187 bcsId: 0} | ret=SUCCESS |  
2019-08-23 18:29:20,458 | INFO  | DNAudit | user=null | ip=null | op=PUT_BLOCK {blockData=[blockId=conID: 3 locID: 102667711967724187 bcsId: 0,size=1048576]} | ret=SUCCESS |  
2019-08-23 18:29:20,458 [grpc-default-executor-0] INFO  client.GrpcClientProtocolClient (GrpcClientProtocolClient.java:onNext(255)) - client-19C32667576E->48affcab-e6e4-4602-963a-f6a50efbd54c: receive RaftClientReply:client-19C32667576E->48affcab-e6e4-4602-963a-f6a50efbd54c@group-50C56EAF5137, cid=3225, SUCCESS, logIndex=4868, commits[48affcab-e6e4-4602-963a-f6a50efbd54c:c4869, 7e391b60-07ae-4d97-a027-4756e468c032:c4867, c5f86d96-67df-4f25-bde3-316f439d30b3:c4866]
2019-08-23 18:29:20,458 [grpc-default-executor-0] INFO  client.GrpcClientProtocolClient (GrpcClientProtocolClient.java:onNext(255)) - client-19C32667576E->48affcab-e6e4-4602-963a-f6a50efbd54c: receive RaftClientReply:client-19C32667576E->48affcab-e6e4-4602-963a-f6a50efbd54c@group-50C56EAF5137, cid=3226, SUCCESS, logIndex=4869, commits[48affcab-e6e4-4602-963a-f6a50efbd54c:c4869, 7e391b60-07ae-4d97-a027-4756e468c032:c4867, c5f86d96-67df-4f25-bde3-316f439d30b3:c4866]
2019-08-23 18:29:20,459 | INFO  | DNAudit | user=null | ip=null | op=WRITE_CHUNK {blockData=conID: 3 locID: 102667711967724187 bcsId: 0} | ret=SUCCESS |  
2019-08-23 18:29:20,459 | INFO  | DNAudit | user=null | ip=null | op=WRITE_CHUNK {blockData=conID: 3 locID: 102667711967724187 bcsId: 0} | ret=SUCCESS |  
2019-08-23 18:29:20,462 | INFO  | DNAudit | user=null | ip=null | op=WRITE_CHUNK {blockData=conID: 3 locID: 102667711967724187 bcsId: 0} | ret=SUCCESS |  
2019-08-23 18:29:20,462 | INFO  | DNAudit | user=null | ip=null | op=WRITE_CHUNK {blockData=conID: 3 locID: 102667711967724187 bcsId: 0} | ret=SUCCESS |  
2019-08-23 18:29:20,462 | INFO  | DNAudit | user=null | ip=null | op=PUT_BLOCK {blockData=[blockId=conID: 3 locID: 102667711967724187 bcsId: 0,size=1048576]} | ret=SUCCESS |  
2019-08-23 18:29:20,462 | INFO  | DNAudit | user=null | ip=null | op=PUT_BLOCK {blockData=[blockId=conID: 3 locID: 102667711967724187 bcsId: 0,size=2097152]} | ret=SUCCESS |  
2019-08-23 18:29:20,462 | INFO  | DNAudit | user=null | ip=null | op=WRITE_CHUNK {blockData=conID: 3 locID: 102667711967724187 bcsId: 0} | ret=SUCCESS |  
2019-08-23 18:29:20,462 | INFO  | DNAudit | user=null | ip=null | op=PUT_BLOCK {blockData=[blockId=conID: 3 locID: 102667711967724187 bcsId: 0,size=1048576]} | ret=SUCCESS |  
2019-08-23 18:29:20,462 [grpc-default-executor-3] INFO  client.GrpcClientProtocolClient (GrpcClientProtocolClient.java:onNext(255)) - client-19C32667576E->48affcab-e6e4-4602-963a-f6a50efbd54c: receive RaftClientReply:client-19C32667576E->48affcab-e6e4-4602-963a-f6a50efbd54c@group-50C56EAF5137, cid=3227, SUCCESS, logIndex=4870, commits[48affcab-e6e4-4602-963a-f6a50efbd54c:c4871, 7e391b60-07ae-4d97-a027-4756e468c032:c4869, c5f86d96-67df-4f25-bde3-316f439d30b3:c4867]
2019-08-23 18:29:20,463 [grpc-default-executor-3] INFO  client.GrpcClientProtocolClient (GrpcClientProtocolClient.java:onNext(255)) - client-19C32667576E->48affcab-e6e4-4602-963a-f6a50efbd54c: receive RaftClientReply:client-19C32667576E->48affcab-e6e4-4602-963a-f6a50efbd54c@group-50C56EAF5137, cid=3228, SUCCESS, logIndex=4871, commits[48affcab-e6e4-4602-963a-f6a50efbd54c:c4871, 7e391b60-07ae-4d97-a027-4756e468c032:c4869, c5f86d96-67df-4f25-bde3-316f439d30b3:c4867]
2019-08-23 18:29:20,463 | INFO  | DNAudit | user=null | ip=null | op=WRITE_CHUNK {blockData=conID: 3 locID: 102667711967724187 bcsId: 0} | ret=SUCCESS |  
2019-08-23 18:29:20,464 [grpc-default-executor-3] INFO  client.GrpcClientProtocolClient (GrpcClientProtocolClient.java:onNext(255)) - client-19C32667576E->48affcab-e6e4-4602-963a-f6a50efbd54c: receive RaftClientReply:client-19C32667576E->48affcab-e6e4-4602-963a-f6a50efbd54c@group-50C56EAF5137, cid=3229, SUCCESS, logIndex=0, commits[48affcab-e6e4-4602-963a-f6a50efbd54c:c4873, 7e391b60-07ae-4d97-a027-4756e468c032:c4870, c5f86d96-67df-4f25-bde3-316f439d30b3:c4869]
2019-08-23 18:29:20,465 | INFO  | DNAudit | user=null | ip=null | op=WRITE_CHUNK {blockData=conID: 3 locID: 102667711967724187 bcsId: 0} | ret=SUCCESS |  
2019-08-23 18:29:20,466 | INFO  | DNAudit | user=null | ip=null | op=PUT_BLOCK {blockData=[blockId=conID: 3 locID: 102667711967724187 bcsId: 0,size=2097152]} | ret=SUCCESS |  
2019-08-23 18:29:20,467 | INFO  | DNAudit | user=null | ip=null | op=PUT_BLOCK {blockData=[blockId=conID: 3 locID: 102667711967724187 bcsId: 0,size=2097152]} | ret=SUCCESS |  
2019-08-23 18:29:20,470 | INFO  | DNAudit | user=null | ip=null | op=WRITE_CHUNK {blockData=conID: 3 locID: 102667711967724187 bcsId: 4871} | ret=SUCCESS |  
2019-08-23 18:29:20,473 | INFO  | DNAudit | user=null | ip=null | op=WRITE_CHUNK {blockData=conID: 3 locID: 102667711967724187 bcsId: 4871} | ret=SUCCESS |  
2019-08-23 18:29:20,473 | INFO  | DNAudit | user=null | ip=null | op=WRITE_CHUNK {blockData=conID: 3 locID: 102667711967724187 bcsId: 4871} | ret=SUCCESS |  
2019-08-23 18:29:20,476 | INFO  | DNAudit | user=null | ip=null | op=WRITE_CHUNK {blockData=conID: 3 locID: 102667711967724187 bcsId: 4871} | ret=SUCCESS |  
2019-08-23 18:29:20,476 | INFO  | DNAudit | user=null | ip=null | op=PUT_BLOCK {blockData=[blockId=conID: 3 locID: 102667711967724187 bcsId: 0,size=3145728]} | ret=SUCCESS |  
2019-08-23 18:29:20,476 [grpc-default-executor-4] INFO  client.GrpcClientProtocolClient (GrpcClientProtocolClient.java:onNext(255)) - client-19C32667576E->48affcab-e6e4-4602-963a-f6a50efbd54c: receive RaftClientReply:client-19C32667576E->48affcab-e6e4-4602-963a-f6a50efbd54c@group-50C56EAF5137, cid=3230, SUCCESS, logIndex=4876, commits[48affcab-e6e4-4602-963a-f6a50efbd54c:c4877, 7e391b60-07ae-4d97-a027-4756e468c032:c4875, c5f86d96-67df-4f25-bde3-316f439d30b3:c4875]
2019-08-23 18:29:20,477 [grpc-default-executor-4] INFO  client.GrpcClientProtocolClient (GrpcClientProtocolClient.java:onNext(255)) - client-19C32667576E->48affcab-e6e4-4602-963a-f6a50efbd54c: receive RaftClientReply:client-19C32667576E->48affcab-e6e4-4602-963a-f6a50efbd54c@group-50C56EAF5137, cid=3231, SUCCESS, logIndex=4877, commits[48affcab-e6e4-4602-963a-f6a50efbd54c:c4877, 7e391b60-07ae-4d97-a027-4756e468c032:c4875, c5f86d96-67df-4f25-bde3-316f439d30b3:c4875]
2019-08-23 18:29:20,477 | INFO  | DNAudit | user=null | ip=null | op=WRITE_CHUNK {blockData=conID: 3 locID: 102667711967724187 bcsId: 4871} | ret=SUCCESS |  
2019-08-23 18:29:20,477 | INFO  | DNAudit | user=null | ip=null | op=PUT_BLOCK {blockData=[blockId=conID: 3 locID: 102667711967724187 bcsId: 0,size=3145728]} | ret=SUCCESS |  
2019-08-23 18:29:20,478 | INFO  | DNAudit | user=null | ip=null | op=WRITE_CHUNK {blockData=conID: 3 locID: 102667711967724187 bcsId: 4871} | ret=SUCCESS |  
2019-08-23 18:29:20,478 | INFO  | DNAudit | user=null | ip=null | op=PUT_BLOCK {blockData=[blockId=conID: 3 locID: 102667711967724187 bcsId: 0,size=3145728]} | ret=SUCCESS |  
2019-08-23 18:29:20,481 | INFO  | DNAudit | user=null | ip=null | op=WRITE_CHUNK {blockData=conID: 3 locID: 102667711967724187 bcsId: 4877} | ret=SUCCESS |  
2019-08-23 18:29:20,484 | INFO  | DNAudit | user=null | ip=null | op=WRITE_CHUNK {blockData=conID: 3 locID: 102667711967724187 bcsId: 4877} | ret=SUCCESS |  
2019-08-23 18:29:20,484 | INFO  | DNAudit | user=null | ip=null | op=WRITE_CHUNK {blockData=conID: 3 locID: 102667711967724187 bcsId: 4877} | ret=SUCCESS |  
2019-08-23 18:29:20,496 | INFO  | DNAudit | user=null | ip=null | op=WRITE_CHUNK {blockData=conID: 3 locID: 102667711967724187 bcsId: 4877} | ret=SUCCESS |  
2019-08-23 18:29:20,496 | INFO  | DNAudit | user=null | ip=null | op=PUT_BLOCK {blockData=[blockId=conID: 3 locID: 102667711967724187 bcsId: 0,size=4194304]} | ret=SUCCESS |  
2019-08-23 18:29:20,496 [grpc-default-executor-4] INFO  client.GrpcClientProtocolClient (GrpcClientProtocolClient.java:onNext(255)) - client-19C32667576E->48affcab-e6e4-4602-963a-f6a50efbd54c: receive RaftClientReply:client-19C32667576E->48affcab-e6e4-4602-963a-f6a50efbd54c@group-50C56EAF5137, cid=3232, SUCCESS, logIndex=4880, commits[48affcab-e6e4-4602-963a-f6a50efbd54c:c4883, 7e391b60-07ae-4d97-a027-4756e468c032:c4877, c5f86d96-67df-4f25-bde3-316f439d30b3:c4877]
2019-08-23 18:29:20,497 [grpc-default-executor-4] INFO  client.GrpcClientProtocolClient (GrpcClientProtocolClient.java:onNext(255)) - client-19C32667576E->48affcab-e6e4-4602-963a-f6a50efbd54c: receive RaftClientReply:client-19C32667576E->48affcab-e6e4-4602-963a-f6a50efbd54c@group-50C56EAF5137, cid=3233, SUCCESS, logIndex=4881, commits[48affcab-e6e4-4602-963a-f6a50efbd54c:c4883, 7e391b60-07ae-4d97-a027-4756e468c032:c4877, c5f86d96-67df-4f25-bde3-316f439d30b3:c4877]
2019-08-23 18:29:21,247 | INFO  | SCMAudit | user=jenkins1000 | ip=192.168.34.23 | op=SEND_HEARTBEAT {datanodeUUID=58706fd2-d7f7-4771-af80-9e0541495c87, command=[]} | ret=SUCCESS |  
2019-08-23 18:29:21,247 | INFO  | SCMAudit | user=jenkins1000 | ip=192.168.34.23 | op=SEND_HEARTBEAT {datanodeUUID=48affcab-e6e4-4602-963a-f6a50efbd54c, command=[]} | ret=SUCCESS |  
2019-08-23 18:29:21,248 | INFO  | SCMAudit | user=jenkins1000 | ip=192.168.34.23 | op=SEND_HEARTBEAT {datanodeUUID=c5f86d96-67df-4f25-bde3-316f439d30b3, command=[]} | ret=SUCCESS |  
 0.00% |█                                                                                                    |  0/1 Time: 0:00:282019-08-23 18:29:21,248 | INFO  | SCMAudit | user=jenkins1000 | ip=192.168.34.23 | op=SEND_HEARTBEAT {datanodeUUID=7e391b60-07ae-4d97-a027-4756e468c032, command=[]} | ret=SUCCESS |  
2019-08-23 18:29:21,248 | INFO  | SCMAudit | user=jenkins1000 | ip=192.168.34.23 | op=SEND_HEARTBEAT {datanodeUUID=c83cddd0-22b5-491d-bff0-a36373498de2, command=[]} | ret=SUCCESS |  
2019-08-23 18:29:22,248 | INFO  | SCMAudit | user=jenkins1000 | ip=192.168.34.23 | op=SEND_HEARTBEAT {datanodeUUID=48affcab-e6e4-4602-963a-f6a50efbd54c, command=[]} | ret=SUCCESS |  
2019-08-23 18:29:22,248 | INFO  | SCMAudit | user=jenkins1000 | ip=192.168.34.23 | op=SEND_HEARTBEAT {datanodeUUID=58706fd2-d7f7-4771-af80-9e0541495c87, command=[]} | ret=SUCCESS |  
2019-08-23 18:29:22,248 | INFO  | SCMAudit | user=jenkins1000 | ip=192.168.34.23 | op=SEND_HEARTBEAT {datanodeUUID=c5f86d96-67df-4f25-bde3-316f439d30b3, command=[]} | ret=SUCCESS |  
2019-08-23 18:29:22,248 | INFO  | SCMAudit | user=jenkins1000 | ip=192.168.34.23 | op=SEND_HEARTBEAT {datanodeUUID=7e391b60-07ae-4d97-a027-4756e468c032, command=[]} | ret=SUCCESS |  
2019-08-23 18:29:22,248 | INFO  | SCMAudit | user=jenkins1000 | ip=192.168.34.23 | op=SEND_HEARTBEAT {datanodeUUID=c83cddd0-22b5-491d-bff0-a36373498de2, command=[]} | ret=SUCCESS |  
 0.00% |█                                                                                                    |  0/1 Time: 0:00:292019-08-23 18:29:22,993 | INFO  | DNAudit | user=null | ip=null | op=WRITE_CHUNK {blockData=conID: 3 locID: 102667711967724187 bcsId: 4877} | ret=SUCCESS |  
2019-08-23 18:29:22,993 | INFO  | DNAudit | user=null | ip=null | op=WRITE_CHUNK {blockData=conID: 3 locID: 102667711967724187 bcsId: 4877} | ret=SUCCESS |  
2019-08-23 18:29:22,994 | INFO  | DNAudit | user=null | ip=null | op=PUT_BLOCK {blockData=[blockId=conID: 3 locID: 102667711967724187 bcsId: 0,size=4194304]} | ret=SUCCESS |  
2019-08-23 18:29:22,994 | INFO  | DNAudit | user=null | ip=null | op=PUT_BLOCK {blockData=[blockId=conID: 3 locID: 102667711967724187 bcsId: 0,size=4194304]} | ret=SUCCESS |  
2019-08-23 18:29:22,994 [grpc-default-executor-4] INFO  client.GrpcClientProtocolClient (GrpcClientProtocolClient.java:onNext(255)) - client-19C32667576E->48affcab-e6e4-4602-963a-f6a50efbd54c: receive RaftClientReply:client-19C32667576E->48affcab-e6e4-4602-963a-f6a50efbd54c@group-50C56EAF5137, cid=3234, SUCCESS, logIndex=0, commits[48affcab-e6e4-4602-963a-f6a50efbd54c:c4883, 7e391b60-07ae-4d97-a027-4756e468c032:c4883, c5f86d96-67df-4f25-bde3-316f439d30b3:c4883]
2019-08-23 18:29:23,003 | INFO  | SCMAudit | user=jenkins1000 | ip=192.168.34.23 | op=ALLOCATE_BLOCK {owner=1ceb8b80-28f1-43fd-86c3-175afc07b8d1, size=4194304, type=RATIS, factor=THREE} | ret=SUCCESS |  
2019-08-23 18:29:23,007 | INFO  | OMAudit | user=jenkins1000 | ip=127.0.0.1 | op=ALLOCATE_BLOCK {volume=vol-0-45438, bucket=bucket-0-23891, key=key-0-22455, dataSize=0, replicationType=null, replicationFactor=null, keyLocationInfo=null, clientID=102667710122492306} | ret=SUCCESS |  
2019-08-23 18:29:23,015 | INFO  | DNAudit | user=null | ip=null | op=WRITE_CHUNK {blockData=conID: 1 locID: 102667712135299740 bcsId: 0} | ret=SUCCESS |  
2019-08-23 18:29:23,018 | INFO  | DNAudit | user=null | ip=null | op=WRITE_CHUNK {blockData=conID: 1 locID: 102667712135299740 bcsId: 0} | ret=SUCCESS |  
2019-08-23 18:29:23,020 | INFO  | DNAudit | user=null | ip=null | op=WRITE_CHUNK {blockData=conID: 1 locID: 102667712135299740 bcsId: 0} | ret=SUCCESS |  
2019-08-23 18:29:23,020 | INFO  | DNAudit | user=null | ip=null | op=WRITE_CHUNK {blockData=conID: 1 locID: 102667712135299740 bcsId: 0} | ret=SUCCESS |  
2019-08-23 18:29:23,021 | INFO  | DNAudit | user=null | ip=null | op=WRITE_CHUNK {blockData=conID: 1 locID: 102667712135299740 bcsId: 0} | ret=SUCCESS |  
2019-08-23 18:29:23,021 | INFO  | DNAudit | user=null | ip=null | op=WRITE_CHUNK {blockData=conID: 1 locID: 102667712135299740 bcsId: 0} | ret=SUCCESS |  
2019-08-23 18:29:23,030 | INFO  | DNAudit | user=null | ip=null | op=WRITE_CHUNK {blockData=conID: 1 locID: 102667712135299740 bcsId: 0} | ret=SUCCESS |  
2019-08-23 18:29:23,030 | INFO  | DNAudit | user=null | ip=null | op=PUT_BLOCK {blockData=[blockId=conID: 1 locID: 102667712135299740 bcsId: 0,size=1048576]} | ret=SUCCESS |  
2019-08-23 18:29:23,030 [grpc-default-executor-0] INFO  client.GrpcClientProtocolClient (GrpcClientProtocolClient.java:onNext(255)) - client-19C32667576E->48affcab-e6e4-4602-963a-f6a50efbd54c: receive RaftClientReply:client-19C32667576E->48affcab-e6e4-4602-963a-f6a50efbd54c@group-50C56EAF5137, cid=3235, SUCCESS, logIndex=4884, commits[48affcab-e6e4-4602-963a-f6a50efbd54c:c4885, 7e391b60-07ae-4d97-a027-4756e468c032:c4883, c5f86d96-67df-4f25-bde3-316f439d30b3:c4883]
2019-08-23 18:29:23,031 [grpc-default-executor-0] INFO  client.GrpcClientProtocolClient (GrpcClientProtocolClient.java:onNext(255)) - client-19C32667576E->48affcab-e6e4-4602-963a-f6a50efbd54c: receive RaftClientReply:client-19C32667576E->48affcab-e6e4-4602-963a-f6a50efbd54c@group-50C56EAF5137, cid=3236, SUCCESS, logIndex=4885, commits[48affcab-e6e4-4602-963a-f6a50efbd54c:c4885, 7e391b60-07ae-4d97-a027-4756e468c032:c4883, c5f86d96-67df-4f25-bde3-316f439d30b3:c4883]
2019-08-23 18:29:23,039 | INFO  | DNAudit | user=null | ip=null | op=WRITE_CHUNK {blockData=conID: 1 locID: 102667712135299740 bcsId: 0} | ret=SUCCESS |  
2019-08-23 18:29:23,040 | INFO  | DNAudit | user=null | ip=null | op=PUT_BLOCK {blockData=[blockId=conID: 1 locID: 102667712135299740 bcsId: 0,size=2097152]} | ret=SUCCESS |  
2019-08-23 18:29:23,040 [grpc-default-executor-0] INFO  client.GrpcClientProtocolClient (GrpcClientProtocolClient.java:onNext(255)) - client-19C32667576E->48affcab-e6e4-4602-963a-f6a50efbd54c: receive RaftClientReply:client-19C32667576E->48affcab-e6e4-4602-963a-f6a50efbd54c@group-50C56EAF5137, cid=3237, SUCCESS, logIndex=4886, commits[48affcab-e6e4-4602-963a-f6a50efbd54c:c4887, 7e391b60-07ae-4d97-a027-4756e468c032:c4883, c5f86d96-67df-4f25-bde3-316f439d30b3:c4883]
2019-08-23 18:29:23,040 [grpc-default-executor-0] INFO  client.GrpcClientProtocolClient (GrpcClientProtocolClient.java:onNext(255)) - client-19C32667576E->48affcab-e6e4-4602-963a-f6a50efbd54c: receive RaftClientReply:client-19C32667576E->48affcab-e6e4-4602-963a-f6a50efbd54c@group-50C56EAF5137, cid=3238, SUCCESS, logIndex=4887, commits[48affcab-e6e4-4602-963a-f6a50efbd54c:c4887, 7e391b60-07ae-4d97-a027-4756e468c032:c4883, c5f86d96-67df-4f25-bde3-316f439d30b3:c4883]
2019-08-23 18:29:23,042 | INFO  | DNAudit | user=null | ip=null | op=WRITE_CHUNK {blockData=conID: 1 locID: 102667712135299740 bcsId: 0} | ret=SUCCESS |  
2019-08-23 18:29:23,042 | INFO  | DNAudit | user=null | ip=null | op=WRITE_CHUNK {blockData=conID: 1 locID: 102667712135299740 bcsId: 0} | ret=SUCCESS |  
2019-08-23 18:29:23,042 | INFO  | DNAudit | user=null | ip=null | op=PUT_BLOCK {blockData=[blockId=conID: 1 locID: 102667712135299740 bcsId: 0,size=1048576]} | ret=SUCCESS |  
2019-08-23 18:29:23,054 | INFO  | DNAudit | user=null | ip=null | op=PUT_BLOCK {blockData=[blockId=conID: 1 locID: 102667712135299740 bcsId: 0,size=1048576]} | ret=SUCCESS |  
2019-08-23 18:29:23,055 [grpc-default-executor-0] INFO  client.GrpcClientProtocolClient (GrpcClientProtocolClient.java:onNext(255)) - client-19C32667576E->48affcab-e6e4-4602-963a-f6a50efbd54c: receive RaftClientReply:client-19C32667576E->48affcab-e6e4-4602-963a-f6a50efbd54c@group-50C56EAF5137, cid=3239, SUCCESS, logIndex=0, commits[48affcab-e6e4-4602-963a-f6a50efbd54c:c4890, 7e391b60-07ae-4d97-a027-4756e468c032:c4885, c5f86d96-67df-4f25-bde3-316f439d30b3:c4885]
2019-08-23 18:29:23,061 | INFO  | DNAudit | user=null | ip=null | op=WRITE_CHUNK {blockData=conID: 1 locID: 102667712135299740 bcsId: 4887} | ret=SUCCESS |  
2019-08-23 18:29:23,063 | INFO  | DNAudit | user=null | ip=null | op=WRITE_CHUNK {blockData=conID: 1 locID: 102667712135299740 bcsId: 4887} | ret=SUCCESS |  
2019-08-23 18:29:23,064 | INFO  | DNAudit | user=null | ip=null | op=WRITE_CHUNK {blockData=conID: 1 locID: 102667712135299740 bcsId: 4887} | ret=SUCCESS |  
2019-08-23 18:29:23,073 | INFO  | DNAudit | user=null | ip=null | op=WRITE_CHUNK {blockData=conID: 1 locID: 102667712135299740 bcsId: 0} | ret=SUCCESS |  
2019-08-23 18:29:23,073 | INFO  | DNAudit | user=null | ip=null | op=WRITE_CHUNK {blockData=conID: 1 locID: 102667712135299740 bcsId: 0} | ret=SUCCESS |  
2019-08-23 18:29:23,073 | INFO  | DNAudit | user=null | ip=null | op=PUT_BLOCK {blockData=[blockId=conID: 1 locID: 102667712135299740 bcsId: 0,size=2097152]} | ret=SUCCESS |  
2019-08-23 18:29:23,073 | INFO  | DNAudit | user=null | ip=null | op=PUT_BLOCK {blockData=[blockId=conID: 1 locID: 102667712135299740 bcsId: 0,size=2097152]} | ret=SUCCESS |  
2019-08-23 18:29:23,073 | INFO  | DNAudit | user=null | ip=null | op=WRITE_CHUNK {blockData=conID: 1 locID: 102667712135299740 bcsId: 4887} | ret=SUCCESS |  
2019-08-23 18:29:23,073 | INFO  | DNAudit | user=null | ip=null | op=PUT_BLOCK {blockData=[blockId=conID: 1 locID: 102667712135299740 bcsId: 0,size=3145728]} | ret=SUCCESS |  
2019-08-23 18:29:23,074 [grpc-default-executor-0] INFO  client.GrpcClientProtocolClient (GrpcClientProtocolClient.java:onNext(255)) - client-19C32667576E->48affcab-e6e4-4602-963a-f6a50efbd54c: receive RaftClientReply:client-19C32667576E->48affcab-e6e4-4602-963a-f6a50efbd54c@group-50C56EAF5137, cid=3240, SUCCESS, logIndex=4892, commits[48affcab-e6e4-4602-963a-f6a50efbd54c:c4893, 7e391b60-07ae-4d97-a027-4756e468c032:c4891, c5f86d96-67df-4f25-bde3-316f439d30b3:c4891]
2019-08-23 18:29:23,074 [grpc-default-executor-0] INFO  client.GrpcClientProtocolClient (GrpcClientProtocolClient.java:onNext(255)) - client-19C32667576E->48affcab-e6e4-4602-963a-f6a50efbd54c: receive RaftClientReply:client-19C32667576E->48affcab-e6e4-4602-963a-f6a50efbd54c@group-50C56EAF5137, cid=3241, SUCCESS, logIndex=4893, commits[48affcab-e6e4-4602-963a-f6a50efbd54c:c4893, 7e391b60-07ae-4d97-a027-4756e468c032:c4891, c5f86d96-67df-4f25-bde3-316f439d30b3:c4891]
2019-08-23 18:29:23,077 | INFO  | DNAudit | user=null | ip=null | op=WRITE_CHUNK {blockData=conID: 1 locID: 102667712135299740 bcsId: 4887} | ret=SUCCESS |  
2019-08-23 18:29:23,077 | INFO  | DNAudit | user=null | ip=null | op=WRITE_CHUNK {blockData=conID: 1 locID: 102667712135299740 bcsId: 4887} | ret=SUCCESS |  
2019-08-23 18:29:23,079 | INFO  | DNAudit | user=null | ip=null | op=WRITE_CHUNK {blockData=conID: 1 locID: 102667712135299740 bcsId: 4893} | ret=SUCCESS |  
2019-08-23 18:29:23,081 | INFO  | DNAudit | user=null | ip=null | op=PUT_BLOCK {blockData=[blockId=conID: 1 locID: 102667712135299740 bcsId: 0,size=3145728]} | ret=SUCCESS |  
2019-08-23 18:29:23,081 | INFO  | DNAudit | user=null | ip=null | op=PUT_BLOCK {blockData=[blockId=conID: 1 locID: 102667712135299740 bcsId: 0,size=3145728]} | ret=SUCCESS |  
2019-08-23 18:29:23,082 | INFO  | DNAudit | user=null | ip=null | op=WRITE_CHUNK {blockData=conID: 1 locID: 102667712135299740 bcsId: 4893} | ret=SUCCESS |  
2019-08-23 18:29:23,082 | INFO  | DNAudit | user=null | ip=null | op=WRITE_CHUNK {blockData=conID: 1 locID: 102667712135299740 bcsId: 4893} | ret=SUCCESS |  
2019-08-23 18:29:23,083 | INFO  | DNAudit | user=null | ip=null | op=WRITE_CHUNK {blockData=conID: 1 locID: 102667712135299740 bcsId: 4893} | ret=SUCCESS |  
2019-08-23 18:29:23,083 | INFO  | DNAudit | user=null | ip=null | op=PUT_BLOCK {blockData=[blockId=conID: 1 locID: 102667712135299740 bcsId: 0,size=4194304]} | ret=SUCCESS |  
2019-08-23 18:29:23,083 [grpc-default-executor-0] INFO  client.GrpcClientProtocolClient (GrpcClientProtocolClient.java:onNext(255)) - client-19C32667576E->48affcab-e6e4-4602-963a-f6a50efbd54c: receive RaftClientReply:client-19C32667576E->48affcab-e6e4-4602-963a-f6a50efbd54c@group-50C56EAF5137, cid=3242, SUCCESS, logIndex=4896, commits[48affcab-e6e4-4602-963a-f6a50efbd54c:c4897, 7e391b60-07ae-4d97-a027-4756e468c032:c4893, c5f86d96-67df-4f25-bde3-316f439d30b3:c4894]
2019-08-23 18:29:23,084 [grpc-default-executor-0] INFO  client.GrpcClientProtocolClient (GrpcClientProtocolClient.java:onNext(255)) - client-19C32667576E->48affcab-e6e4-4602-963a-f6a50efbd54c: receive RaftClientReply:client-19C32667576E->48affcab-e6e4-4602-963a-f6a50efbd54c@group-50C56EAF5137, cid=3243, SUCCESS, logIndex=4897, commits[48affcab-e6e4-4602-963a-f6a50efbd54c:c4897, 7e391b60-07ae-4d97-a027-4756e468c032:c4894, c5f86d96-67df-4f25-bde3-316f439d30b3:c4894]
2019-08-23 18:29:23,085 | INFO  | DNAudit | user=null | ip=null | op=WRITE_CHUNK {blockData=conID: 1 locID: 102667712135299740 bcsId: 4893} | ret=SUCCESS |  
2019-08-23 18:29:23,086 | INFO  | DNAudit | user=null | ip=null | op=WRITE_CHUNK {blockData=conID: 1 locID: 102667712135299740 bcsId: 4893} | ret=SUCCESS |  
2019-08-23 18:29:23,086 | INFO  | DNAudit | user=null | ip=null | op=PUT_BLOCK {blockData=[blockId=conID: 1 locID: 102667712135299740 bcsId: 0,size=4194304]} | ret=SUCCESS |  
2019-08-23 18:29:23,086 | INFO  | DNAudit | user=null | ip=null | op=PUT_BLOCK {blockData=[blockId=conID: 1 locID: 102667712135299740 bcsId: 0,size=4194304]} | ret=SUCCESS |  
2019-08-23 18:29:23,086 [grpc-default-executor-0] INFO  client.GrpcClientProtocolClient (GrpcClientProtocolClient.java:onNext(255)) - client-19C32667576E->48affcab-e6e4-4602-963a-f6a50efbd54c: receive RaftClientReply:client-19C32667576E->48affcab-e6e4-4602-963a-f6a50efbd54c@group-50C56EAF5137, cid=3244, SUCCESS, logIndex=0, commits[48affcab-e6e4-4602-963a-f6a50efbd54c:c4898, 7e391b60-07ae-4d97-a027-4756e468c032:c4897, c5f86d96-67df-4f25-bde3-316f439d30b3:c4897]
2019-08-23 18:29:23,091 | INFO  | SCMAudit | user=jenkins1000 | ip=192.168.34.23 | op=ALLOCATE_BLOCK {owner=1ceb8b80-28f1-43fd-86c3-175afc07b8d1, size=4194304, type=RATIS, factor=THREE} | ret=SUCCESS |  
2019-08-23 18:29:23,095 | INFO  | OMAudit | user=jenkins1000 | ip=127.0.0.1 | op=ALLOCATE_BLOCK {volume=vol-0-45438, bucket=bucket-0-23891, key=key-0-22455, dataSize=0, replicationType=null, replicationFactor=null, keyLocationInfo=null, clientID=102667710122492306} | ret=SUCCESS |  
2019-08-23 18:29:23,100 | INFO  | DNAudit | user=null | ip=null | op=WRITE_CHUNK {blockData=conID: 2 locID: 102667712141132445 bcsId: 0} | ret=SUCCESS |  
2019-08-23 18:29:23,103 | INFO  | DNAudit | user=null | ip=null | op=WRITE_CHUNK {blockData=conID: 2 locID: 102667712141132445 bcsId: 0} | ret=SUCCESS |  
2019-08-23 18:29:23,103 | INFO  | DNAudit | user=null | ip=null | op=WRITE_CHUNK {blockData=conID: 2 locID: 102667712141132445 bcsId: 0} | ret=SUCCESS |  
2019-08-23 18:29:23,103 | INFO  | DNAudit | user=null | ip=null | op=WRITE_CHUNK {blockData=conID: 2 locID: 102667712141132445 bcsId: 0} | ret=SUCCESS |  
2019-08-23 18:29:23,105 | INFO  | DNAudit | user=null | ip=null | op=WRITE_CHUNK {blockData=conID: 2 locID: 102667712141132445 bcsId: 0} | ret=SUCCESS |  
2019-08-23 18:29:23,105 | INFO  | DNAudit | user=null | ip=null | op=WRITE_CHUNK {blockData=conID: 2 locID: 102667712141132445 bcsId: 0} | ret=SUCCESS |  
2019-08-23 18:29:23,128 | INFO  | DNAudit | user=null | ip=null | op=WRITE_CHUNK {blockData=conID: 2 locID: 102667712141132445 bcsId: 0} | ret=SUCCESS |  
2019-08-23 18:29:23,128 | INFO  | DNAudit | user=null | ip=null | op=PUT_BLOCK {blockData=[blockId=conID: 2 locID: 102667712141132445 bcsId: 0,size=1048576]} | ret=SUCCESS |  
2019-08-23 18:29:23,129 | INFO  | DNAudit | user=null | ip=null | op=WRITE_CHUNK {blockData=conID: 2 locID: 102667712141132445 bcsId: 0} | ret=SUCCESS |  
2019-08-23 18:29:23,129 [grpc-default-executor-3] INFO  client.GrpcClientProtocolClient (GrpcClientProtocolClient.java:onNext(255)) - client-19C32667576E->48affcab-e6e4-4602-963a-f6a50efbd54c: receive RaftClientReply:client-19C32667576E->48affcab-e6e4-4602-963a-f6a50efbd54c@group-50C56EAF5137, cid=3245, SUCCESS, logIndex=4900, commits[48affcab-e6e4-4602-963a-f6a50efbd54c:c4902, 7e391b60-07ae-4d97-a027-4756e468c032:c4899, c5f86d96-67df-4f25-bde3-316f439d30b3:c4899]
2019-08-23 18:29:23,129 | INFO  | DNAudit | user=null | ip=null | op=PUT_BLOCK {blockData=[blockId=conID: 2 locID: 102667712141132445 bcsId: 0,size=2097152]} | ret=SUCCESS |  
2019-08-23 18:29:23,129 [grpc-default-executor-3] INFO  client.GrpcClientProtocolClient (GrpcClientProtocolClient.java:onNext(255)) - client-19C32667576E->48affcab-e6e4-4602-963a-f6a50efbd54c: receive RaftClientReply:client-19C32667576E->48affcab-e6e4-4602-963a-f6a50efbd54c@group-50C56EAF5137, cid=3246, SUCCESS, logIndex=4901, commits[48affcab-e6e4-4602-963a-f6a50efbd54c:c4903, 7e391b60-07ae-4d97-a027-4756e468c032:c4899, c5f86d96-67df-4f25-bde3-316f439d30b3:c4899]
2019-08-23 18:29:23,129 [grpc-default-executor-3] INFO  client.GrpcClientProtocolClient (GrpcClientProtocolClient.java:onNext(255)) - client-19C32667576E->48affcab-e6e4-4602-963a-f6a50efbd54c: receive RaftClientReply:client-19C32667576E->48affcab-e6e4-4602-963a-f6a50efbd54c@group-50C56EAF5137, cid=3247, SUCCESS, logIndex=4902, commits[48affcab-e6e4-4602-963a-f6a50efbd54c:c4903, 7e391b60-07ae-4d97-a027-4756e468c032:c4899, c5f86d96-67df-4f25-bde3-316f439d30b3:c4899]
2019-08-23 18:29:23,129 [grpc-default-executor-3] INFO  client.GrpcClientProtocolClient (GrpcClientProtocolClient.java:onNext(255)) - client-19C32667576E->48affcab-e6e4-4602-963a-f6a50efbd54c: receive RaftClientReply:client-19C32667576E->48affcab-e6e4-4602-963a-f6a50efbd54c@group-50C56EAF5137, cid=3248, SUCCESS, logIndex=4903, commits[48affcab-e6e4-4602-963a-f6a50efbd54c:c4903, 7e391b60-07ae-4d97-a027-4756e468c032:c4899, c5f86d96-67df-4f25-bde3-316f439d30b3:c4899]
2019-08-23 18:29:23,131 | INFO  | DNAudit | user=null | ip=null | op=WRITE_CHUNK {blockData=conID: 2 locID: 102667712141132445 bcsId: 0} | ret=SUCCESS |  
2019-08-23 18:29:23,131 | INFO  | DNAudit | user=null | ip=null | op=WRITE_CHUNK {blockData=conID: 2 locID: 102667712141132445 bcsId: 0} | ret=SUCCESS |  
2019-08-23 18:29:23,131 | INFO  | DNAudit | user=null | ip=null | op=PUT_BLOCK {blockData=[blockId=conID: 2 locID: 102667712141132445 bcsId: 0,size=1048576]} | ret=SUCCESS |  
2019-08-23 18:29:23,131 | INFO  | DNAudit | user=null | ip=null | op=PUT_BLOCK {blockData=[blockId=conID: 2 locID: 102667712141132445 bcsId: 0,size=1048576]} | ret=SUCCESS |  
2019-08-23 18:29:23,131 [grpc-default-executor-3] INFO  client.GrpcClientProtocolClient (GrpcClientProtocolClient.java:onNext(255)) - client-19C32667576E->48affcab-e6e4-4602-963a-f6a50efbd54c: receive RaftClientReply:client-19C32667576E->48affcab-e6e4-4602-963a-f6a50efbd54c@group-50C56EAF5137, cid=3249, SUCCESS, logIndex=0, commits[48affcab-e6e4-4602-963a-f6a50efbd54c:c4904, 7e391b60-07ae-4d97-a027-4756e468c032:c4901, c5f86d96-67df-4f25-bde3-316f439d30b3:c4901]
2019-08-23 18:29:23,137 | INFO  | DNAudit | user=null | ip=null | op=WRITE_CHUNK {blockData=conID: 2 locID: 102667712141132445 bcsId: 4903} | ret=SUCCESS |  
2019-08-23 18:29:23,140 | INFO  | DNAudit | user=null | ip=null | op=WRITE_CHUNK {blockData=conID: 2 locID: 102667712141132445 bcsId: 4903} | ret=SUCCESS |  
2019-08-23 18:29:23,140 | INFO  | DNAudit | user=null | ip=null | op=WRITE_CHUNK {blockData=conID: 2 locID: 102667712141132445 bcsId: 4903} | ret=SUCCESS |  
2019-08-23 18:29:23,144 | INFO  | DNAudit | user=null | ip=null | op=WRITE_CHUNK {blockData=conID: 2 locID: 102667712141132445 bcsId: 0} | ret=SUCCESS |  
2019-08-23 18:29:23,144 | INFO  | DNAudit | user=null | ip=null | op=PUT_BLOCK {blockData=[blockId=conID: 2 locID: 102667712141132445 bcsId: 0,size=2097152]} | ret=SUCCESS |  
2019-08-23 18:29:23,144 | INFO  | DNAudit | user=null | ip=null | op=WRITE_CHUNK {blockData=conID: 2 locID: 102667712141132445 bcsId: 0} | ret=SUCCESS |  
2019-08-23 18:29:23,144 | INFO  | DNAudit | user=null | ip=null | op=PUT_BLOCK {blockData=[blockId=conID: 2 locID: 102667712141132445 bcsId: 0,size=2097152]} | ret=SUCCESS |  
2019-08-23 18:29:23,155 | INFO  | DNAudit | user=null | ip=null | op=WRITE_CHUNK {blockData=conID: 2 locID: 102667712141132445 bcsId: 4903} | ret=SUCCESS |  
2019-08-23 18:29:23,156 | INFO  | DNAudit | user=null | ip=null | op=PUT_BLOCK {blockData=[blockId=conID: 2 locID: 102667712141132445 bcsId: 0,size=3145728]} | ret=SUCCESS |  
2019-08-23 18:29:23,156 [grpc-default-executor-0] INFO  client.GrpcClientProtocolClient (GrpcClientProtocolClient.java:onNext(255)) - client-19C32667576E->48affcab-e6e4-4602-963a-f6a50efbd54c: receive RaftClientReply:client-19C32667576E->48affcab-e6e4-4602-963a-f6a50efbd54c@group-50C56EAF5137, cid=3250, SUCCESS, logIndex=4908, commits[48affcab-e6e4-4602-963a-f6a50efbd54c:c4909, 7e391b60-07ae-4d97-a027-4756e468c032:c4904, c5f86d96-67df-4f25-bde3-316f439d30b3:c4904]
2019-08-23 18:29:23,156 [grpc-default-executor-0] INFO  client.GrpcClientProtocolClient (GrpcClientProtocolClient.java:onNext(255)) - client-19C32667576E->48affcab-e6e4-4602-963a-f6a50efbd54c: receive RaftClientReply:client-19C32667576E->48affcab-e6e4-4602-963a-f6a50efbd54c@group-50C56EAF5137, cid=3251, SUCCESS, logIndex=4909, commits[48affcab-e6e4-4602-963a-f6a50efbd54c:c4909, 7e391b60-07ae-4d97-a027-4756e468c032:c4904, c5f86d96-67df-4f25-bde3-316f439d30b3:c4904]
2019-08-23 18:29:23,162 | INFO  | DNAudit | user=null | ip=null | op=WRITE_CHUNK {blockData=conID: 2 locID: 102667712141132445 bcsId: 4909} | ret=SUCCESS |  
2019-08-23 18:29:23,165 | INFO  | DNAudit | user=null | ip=null | op=WRITE_CHUNK {blockData=conID: 2 locID: 102667712141132445 bcsId: 4909} | ret=SUCCESS |  
2019-08-23 18:29:23,165 | INFO  | DNAudit | user=null | ip=null | op=WRITE_CHUNK {blockData=conID: 2 locID: 102667712141132445 bcsId: 4909} | ret=SUCCESS |  
2019-08-23 18:29:23,169 | INFO  | DNAudit | user=null | ip=null | op=WRITE_CHUNK {blockData=conID: 2 locID: 102667712141132445 bcsId: 4903} | ret=SUCCESS |  
2019-08-23 18:29:23,169 | INFO  | DNAudit | user=null | ip=null | op=WRITE_CHUNK {blockData=conID: 2 locID: 102667712141132445 bcsId: 4903} | ret=SUCCESS |  
2019-08-23 18:29:23,182 | INFO  | DNAudit | user=null | ip=null | op=PUT_BLOCK {blockData=[blockId=conID: 2 locID: 102667712141132445 bcsId: 0,size=3145728]} | ret=SUCCESS |  
2019-08-23 18:29:23,182 | INFO  | DNAudit | user=null | ip=null | op=PUT_BLOCK {blockData=[blockId=conID: 2 locID: 102667712141132445 bcsId: 0,size=3145728]} | ret=SUCCESS |  
2019-08-23 18:29:23,182 | INFO  | DNAudit | user=null | ip=null | op=WRITE_CHUNK {blockData=conID: 2 locID: 102667712141132445 bcsId: 4909} | ret=SUCCESS |  
2019-08-23 18:29:23,183 | INFO  | DNAudit | user=null | ip=null | op=PUT_BLOCK {blockData=[blockId=conID: 2 locID: 102667712141132445 bcsId: 0,size=4194304]} | ret=SUCCESS |  
2019-08-23 18:29:23,183 [grpc-default-executor-0] INFO  client.GrpcClientProtocolClient (GrpcClientProtocolClient.java:onNext(255)) - client-19C32667576E->48affcab-e6e4-4602-963a-f6a50efbd54c: receive RaftClientReply:client-19C32667576E->48affcab-e6e4-4602-963a-f6a50efbd54c@group-50C56EAF5137, cid=3252, SUCCESS, logIndex=4912, commits[48affcab-e6e4-4602-963a-f6a50efbd54c:c4913, 7e391b60-07ae-4d97-a027-4756e468c032:c4909, c5f86d96-67df-4f25-bde3-316f439d30b3:c4909]
2019-08-23 18:29:23,183 [grpc-default-executor-0] INFO  client.GrpcClientProtocolClient (GrpcClientProtocolClient.java:onNext(255)) - client-19C32667576E->48affcab-e6e4-4602-963a-f6a50efbd54c: receive RaftClientReply:client-19C32667576E->48affcab-e6e4-4602-963a-f6a50efbd54c@group-50C56EAF5137, cid=3253, SUCCESS, logIndex=4913, commits[48affcab-e6e4-4602-963a-f6a50efbd54c:c4913, 7e391b60-07ae-4d97-a027-4756e468c032:c4909, c5f86d96-67df-4f25-bde3-316f439d30b3:c4909]
2019-08-23 18:29:23,203 | INFO  | DNAudit | user=null | ip=null | op=WRITE_CHUNK {blockData=conID: 2 locID: 102667712141132445 bcsId: 4909} | ret=SUCCESS |  
2019-08-23 18:29:23,203 | INFO  | DNAudit | user=null | ip=null | op=WRITE_CHUNK {blockData=conID: 2 locID: 102667712141132445 bcsId: 4909} | ret=SUCCESS |  
2019-08-23 18:29:23,215 | INFO  | DNAudit | user=null | ip=null | op=PUT_BLOCK {blockData=[blockId=conID: 2 locID: 102667712141132445 bcsId: 0,size=4194304]} | ret=SUCCESS |  
2019-08-23 18:29:23,215 | INFO  | DNAudit | user=null | ip=null | op=PUT_BLOCK {blockData=[blockId=conID: 2 locID: 102667712141132445 bcsId: 0,size=4194304]} | ret=SUCCESS |  
2019-08-23 18:29:23,216 [grpc-default-executor-0] INFO  client.GrpcClientProtocolClient (GrpcClientProtocolClient.java:onNext(255)) - client-19C32667576E->48affcab-e6e4-4602-963a-f6a50efbd54c: receive RaftClientReply:client-19C32667576E->48affcab-e6e4-4602-963a-f6a50efbd54c@group-50C56EAF5137, cid=3254, SUCCESS, logIndex=0, commits[48affcab-e6e4-4602-963a-f6a50efbd54c:c4914, 7e391b60-07ae-4d97-a027-4756e468c032:c4913, c5f86d96-67df-4f25-bde3-316f439d30b3:c4913]
2019-08-23 18:29:23,221 | INFO  | SCMAudit | user=jenkins1000 | ip=192.168.34.23 | op=ALLOCATE_BLOCK {owner=1ceb8b80-28f1-43fd-86c3-175afc07b8d1, size=4194304, type=RATIS, factor=THREE} | ret=SUCCESS |  
2019-08-23 18:29:23,225 | INFO  | OMAudit | user=jenkins1000 | ip=127.0.0.1 | op=ALLOCATE_BLOCK {volume=vol-0-45438, bucket=bucket-0-23891, key=key-0-22455, dataSize=0, replicationType=null, replicationFactor=null, keyLocationInfo=null, clientID=102667710122492306} | ret=SUCCESS |  
2019-08-23 18:29:23,232 | INFO  | DNAudit | user=null | ip=null | op=WRITE_CHUNK {blockData=conID: 3 locID: 102667712149652126 bcsId: 0} | ret=SUCCESS |  
2019-08-23 18:29:23,232 | INFO  | DNAudit | user=null | ip=null | op=WRITE_CHUNK {blockData=conID: 3 locID: 102667712149652126 bcsId: 0} | ret=SUCCESS |  
2019-08-23 18:29:23,234 | INFO  | DNAudit | user=null | ip=null | op=WRITE_CHUNK {blockData=conID: 3 locID: 102667712149652126 bcsId: 0} | ret=SUCCESS |  
2019-08-23 18:29:23,235 | INFO  | DNAudit | user=null | ip=null | op=WRITE_CHUNK {blockData=conID: 3 locID: 102667712149652126 bcsId: 0} | ret=SUCCESS |  
2019-08-23 18:29:23,235 | INFO  | DNAudit | user=null | ip=null | op=WRITE_CHUNK {blockData=conID: 3 locID: 102667712149652126 bcsId: 0} | ret=SUCCESS |  
2019-08-23 18:29:23,235 | INFO  | DNAudit | user=null | ip=null | op=WRITE_CHUNK {blockData=conID: 3 locID: 102667712149652126 bcsId: 0} | ret=SUCCESS |  
2019-08-23 18:29:23,247 | INFO  | DNAudit | user=null | ip=null | op=WRITE_CHUNK {blockData=conID: 3 locID: 102667712149652126 bcsId: 0} | ret=SUCCESS |  
2019-08-23 18:29:23,247 | INFO  | DNAudit | user=null | ip=null | op=PUT_BLOCK {blockData=[blockId=conID: 3 locID: 102667712149652126 bcsId: 0,size=1048576]} | ret=SUCCESS |  
2019-08-23 18:29:23,247 [grpc-default-executor-3] INFO  client.GrpcClientProtocolClient (GrpcClientProtocolClient.java:onNext(255)) - client-19C32667576E->48affcab-e6e4-4602-963a-f6a50efbd54c: receive RaftClientReply:client-19C32667576E->48affcab-e6e4-4602-963a-f6a50efbd54c@group-50C56EAF5137, cid=3255, SUCCESS, logIndex=4916, commits[48affcab-e6e4-4602-963a-f6a50efbd54c:c4919, 7e391b60-07ae-4d97-a027-4756e468c032:c4915, c5f86d96-67df-4f25-bde3-316f439d30b3:c4915]
2019-08-23 18:29:23,247 | INFO  | SCMAudit | user=jenkins1000 | ip=192.168.34.23 | op=SEND_HEARTBEAT {datanodeUUID=58706fd2-d7f7-4771-af80-9e0541495c87, command=[]} | ret=SUCCESS |  
2019-08-23 18:29:23,247 | INFO  | SCMAudit | user=jenkins1000 | ip=192.168.34.23 | op=SEND_HEARTBEAT {datanodeUUID=48affcab-e6e4-4602-963a-f6a50efbd54c, command=[]} | ret=SUCCESS |  
 0.00% |█                                                                                                    |  0/1 Time: 0:00:302019-08-23 18:29:23,250 | INFO  | DNAudit | user=null | ip=null | op=WRITE_CHUNK {blockData=conID: 3 locID: 102667712149652126 bcsId: 0} | ret=SUCCESS |  
2019-08-23 18:29:23,250 | INFO  | DNAudit | user=null | ip=null | op=PUT_BLOCK {blockData=[blockId=conID: 3 locID: 102667712149652126 bcsId: 0,size=2097152]} | ret=SUCCESS |  
2019-08-23 18:29:23,250 | INFO  | SCMAudit | user=jenkins1000 | ip=192.168.34.23 | op=SEND_HEARTBEAT {datanodeUUID=c83cddd0-22b5-491d-bff0-a36373498de2, command=[]} | ret=SUCCESS |  
2019-08-23 18:29:23,250 | INFO  | SCMAudit | user=jenkins1000 | ip=192.168.34.23 | op=SEND_HEARTBEAT {datanodeUUID=7e391b60-07ae-4d97-a027-4756e468c032, command=[]} | ret=SUCCESS |  
2019-08-23 18:29:23,250 [grpc-default-executor-3] INFO  client.GrpcClientProtocolClient (GrpcClientProtocolClient.java:onNext(255)) - client-19C32667576E->48affcab-e6e4-4602-963a-f6a50efbd54c: receive RaftClientReply:client-19C32667576E->48affcab-e6e4-4602-963a-f6a50efbd54c@group-50C56EAF5137, cid=3256, SUCCESS, logIndex=4917, commits[48affcab-e6e4-4602-963a-f6a50efbd54c:c4919, 7e391b60-07ae-4d97-a027-4756e468c032:c4915, c5f86d96-67df-4f25-bde3-316f439d30b3:c4915]
2019-08-23 18:29:23,250 | INFO  | SCMAudit | user=jenkins1000 | ip=192.168.34.23 | op=SEND_HEARTBEAT {datanodeUUID=c5f86d96-67df-4f25-bde3-316f439d30b3, command=[]} | ret=SUCCESS |  
2019-08-23 18:29:23,251 [grpc-default-executor-3] INFO  client.GrpcClientProtocolClient (GrpcClientProtocolClient.java:onNext(255)) - client-19C32667576E->48affcab-e6e4-4602-963a-f6a50efbd54c: receive RaftClientReply:client-19C32667576E->48affcab-e6e4-4602-963a-f6a50efbd54c@group-50C56EAF5137, cid=3257, SUCCESS, logIndex=4918, commits[48affcab-e6e4-4602-963a-f6a50efbd54c:c4919, 7e391b60-07ae-4d97-a027-4756e468c032:c4915, c5f86d96-67df-4f25-bde3-316f439d30b3:c4915]
2019-08-23 18:29:23,251 [grpc-default-executor-3] INFO  client.GrpcClientProtocolClient (GrpcClientProtocolClient.java:onNext(255)) - client-19C32667576E->48affcab-e6e4-4602-963a-f6a50efbd54c: receive RaftClientReply:client-19C32667576E->48affcab-e6e4-4602-963a-f6a50efbd54c@group-50C56EAF5137, cid=3258, SUCCESS, logIndex=4919, commits[48affcab-e6e4-4602-963a-f6a50efbd54c:c4919, 7e391b60-07ae-4d97-a027-4756e468c032:c4915, c5f86d96-67df-4f25-bde3-316f439d30b3:c4915]
2019-08-23 18:29:23,260 | INFO  | DNAudit | user=null | ip=null | op=WRITE_CHUNK {blockData=conID: 3 locID: 102667712149652126 bcsId: 0} | ret=SUCCESS |  
2019-08-23 18:29:23,260 | INFO  | DNAudit | user=null | ip=null | op=WRITE_CHUNK {blockData=conID: 3 locID: 102667712149652126 bcsId: 0} | ret=SUCCESS |  
2019-08-23 18:29:23,273 | INFO  | DNAudit | user=null | ip=null | op=PUT_BLOCK {blockData=[blockId=conID: 3 locID: 102667712149652126 bcsId: 0,size=1048576]} | ret=SUCCESS |  
2019-08-23 18:29:23,273 | INFO  | DNAudit | user=null | ip=null | op=PUT_BLOCK {blockData=[blockId=conID: 3 locID: 102667712149652126 bcsId: 0,size=1048576]} | ret=SUCCESS |  
2019-08-23 18:29:23,273 | INFO  | DNAudit | user=null | ip=null | op=WRITE_CHUNK {blockData=conID: 3 locID: 102667712149652126 bcsId: 0} | ret=SUCCESS |  
2019-08-23 18:29:23,273 | INFO  | DNAudit | user=null | ip=null | op=WRITE_CHUNK {blockData=conID: 3 locID: 102667712149652126 bcsId: 0} | ret=SUCCESS |  
2019-08-23 18:29:23,273 | INFO  | DNAudit | user=null | ip=null | op=PUT_BLOCK {blockData=[blockId=conID: 3 locID: 102667712149652126 bcsId: 0,size=2097152]} | ret=SUCCESS |  
2019-08-23 18:29:23,273 | INFO  | DNAudit | user=null | ip=null | op=PUT_BLOCK {blockData=[blockId=conID: 3 locID: 102667712149652126 bcsId: 0,size=2097152]} | ret=SUCCESS |  
2019-08-23 18:29:23,273 [grpc-default-executor-3] INFO  client.GrpcClientProtocolClient (GrpcClientProtocolClient.java:onNext(255)) - client-19C32667576E->48affcab-e6e4-4602-963a-f6a50efbd54c: receive RaftClientReply:client-19C32667576E->48affcab-e6e4-4602-963a-f6a50efbd54c@group-50C56EAF5137, cid=3259, SUCCESS, logIndex=0, commits[48affcab-e6e4-4602-963a-f6a50efbd54c:c4921, 7e391b60-07ae-4d97-a027-4756e468c032:c4917, c5f86d96-67df-4f25-bde3-316f439d30b3:c4917]
2019-08-23 18:29:23,279 | INFO  | DNAudit | user=null | ip=null | op=WRITE_CHUNK {blockData=conID: 3 locID: 102667712149652126 bcsId: 4919} | ret=SUCCESS |  
2019-08-23 18:29:23,282 | INFO  | DNAudit | user=null | ip=null | op=WRITE_CHUNK {blockData=conID: 3 locID: 102667712149652126 bcsId: 4919} | ret=SUCCESS |  
2019-08-23 18:29:23,282 | INFO  | DNAudit | user=null | ip=null | op=WRITE_CHUNK {blockData=conID: 3 locID: 102667712149652126 bcsId: 4919} | ret=SUCCESS |  
2019-08-23 18:29:23,294 | INFO  | DNAudit | user=null | ip=null | op=WRITE_CHUNK {blockData=conID: 3 locID: 102667712149652126 bcsId: 4919} | ret=SUCCESS |  
2019-08-23 18:29:23,294 | INFO  | DNAudit | user=null | ip=null | op=PUT_BLOCK {blockData=[blockId=conID: 3 locID: 102667712149652126 bcsId: 0,size=3145728]} | ret=SUCCESS |  
2019-08-23 18:29:23,294 [grpc-default-executor-3] INFO  client.GrpcClientProtocolClient (GrpcClientProtocolClient.java:onNext(255)) - client-19C32667576E->48affcab-e6e4-4602-963a-f6a50efbd54c: receive RaftClientReply:client-19C32667576E->48affcab-e6e4-4602-963a-f6a50efbd54c@group-50C56EAF5137, cid=3260, SUCCESS, logIndex=4924, commits[48affcab-e6e4-4602-963a-f6a50efbd54c:c4925, 7e391b60-07ae-4d97-a027-4756e468c032:c4923, c5f86d96-67df-4f25-bde3-316f439d30b3:c4923]
2019-08-23 18:29:23,295 [grpc-default-executor-3] INFO  client.GrpcClientProtocolClient (GrpcClientProtocolClient.java:onNext(255)) - client-19C32667576E->48affcab-e6e4-4602-963a-f6a50efbd54c: receive RaftClientReply:client-19C32667576E->48affcab-e6e4-4602-963a-f6a50efbd54c@group-50C56EAF5137, cid=3261, SUCCESS, logIndex=4925, commits[48affcab-e6e4-4602-963a-f6a50efbd54c:c4925, 7e391b60-07ae-4d97-a027-4756e468c032:c4923, c5f86d96-67df-4f25-bde3-316f439d30b3:c4923]
2019-08-23 18:29:23,301 | INFO  | DNAudit | user=null | ip=null | op=WRITE_CHUNK {blockData=conID: 3 locID: 102667712149652126 bcsId: 4925} | ret=SUCCESS |  
2019-08-23 18:29:23,303 | INFO  | DNAudit | user=null | ip=null | op=WRITE_CHUNK {blockData=conID: 3 locID: 102667712149652126 bcsId: 4925} | ret=SUCCESS |  
2019-08-23 18:29:23,303 | INFO  | DNAudit | user=null | ip=null | op=WRITE_CHUNK {blockData=conID: 3 locID: 102667712149652126 bcsId: 4925} | ret=SUCCESS |  
2019-08-23 18:29:23,304 | INFO  | DNAudit | user=null | ip=null | op=WRITE_CHUNK {blockData=conID: 3 locID: 102667712149652126 bcsId: 4919} | ret=SUCCESS |  
2019-08-23 18:29:23,304 | INFO  | DNAudit | user=null | ip=null | op=WRITE_CHUNK {blockData=conID: 3 locID: 102667712149652126 bcsId: 4919} | ret=SUCCESS |  
2019-08-23 18:29:23,304 | INFO  | DNAudit | user=null | ip=null | op=PUT_BLOCK {blockData=[blockId=conID: 3 locID: 102667712149652126 bcsId: 0,size=3145728]} | ret=SUCCESS |  
2019-08-23 18:29:23,306 | INFO  | DNAudit | user=null | ip=null | op=PUT_BLOCK {blockData=[blockId=conID: 3 locID: 102667712149652126 bcsId: 0,size=3145728]} | ret=SUCCESS |  
2019-08-23 18:29:23,308 | INFO  | DNAudit | user=null | ip=null | op=WRITE_CHUNK {blockData=conID: 3 locID: 102667712149652126 bcsId: 4925} | ret=SUCCESS |  
2019-08-23 18:29:23,308 | INFO  | DNAudit | user=null | ip=null | op=PUT_BLOCK {blockData=[blockId=conID: 3 locID: 102667712149652126 bcsId: 0,size=4194304]} | ret=SUCCESS |  
2019-08-23 18:29:23,308 [grpc-default-executor-5] INFO  client.GrpcClientProtocolClient (GrpcClientProtocolClient.java:onNext(255)) - client-19C32667576E->48affcab-e6e4-4602-963a-f6a50efbd54c: receive RaftClientReply:client-19C32667576E->48affcab-e6e4-4602-963a-f6a50efbd54c@group-50C56EAF5137, cid=3262, SUCCESS, logIndex=4928, commits[48affcab-e6e4-4602-963a-f6a50efbd54c:c4929, 7e391b60-07ae-4d97-a027-4756e468c032:c4925, c5f86d96-67df-4f25-bde3-316f439d30b3:c4925]
2019-08-23 18:29:23,309 [grpc-default-executor-5] INFO  client.GrpcClientProtocolClient (GrpcClientProtocolClient.java:onNext(255)) - client-19C32667576E->48affcab-e6e4-4602-963a-f6a50efbd54c: receive RaftClientReply:client-19C32667576E->48affcab-e6e4-4602-963a-f6a50efbd54c@group-50C56EAF5137, cid=3263, SUCCESS, logIndex=4929, commits[48affcab-e6e4-4602-963a-f6a50efbd54c:c4929, 7e391b60-07ae-4d97-a027-4756e468c032:c4925, c5f86d96-67df-4f25-bde3-316f439d30b3:c4925]
2019-08-23 18:29:24,248 | INFO  | SCMAudit | user=jenkins1000 | ip=192.168.34.23 | op=SEND_HEARTBEAT {datanodeUUID=58706fd2-d7f7-4771-af80-9e0541495c87, command=[]} | ret=SUCCESS |  
2019-08-23 18:29:24,248 | INFO  | SCMAudit | user=jenkins1000 | ip=192.168.34.23 | op=SEND_HEARTBEAT {datanodeUUID=48affcab-e6e4-4602-963a-f6a50efbd54c, command=[]} | ret=SUCCESS |  
 0.00% |█                                                                                                    |  0/1 Time: 0:00:312019-08-23 18:29:24,250 | INFO  | SCMAudit | user=jenkins1000 | ip=192.168.34.23 | op=SEND_HEARTBEAT {datanodeUUID=c83cddd0-22b5-491d-bff0-a36373498de2, command=[]} | ret=SUCCESS |  
2019-08-23 18:29:24,250 | INFO  | SCMAudit | user=jenkins1000 | ip=192.168.34.23 | op=SEND_HEARTBEAT {datanodeUUID=7e391b60-07ae-4d97-a027-4756e468c032, command=[]} | ret=SUCCESS |  
2019-08-23 18:29:24,250 | INFO  | SCMAudit | user=jenkins1000 | ip=192.168.34.23 | op=SEND_HEARTBEAT {datanodeUUID=c5f86d96-67df-4f25-bde3-316f439d30b3, command=[]} | ret=SUCCESS |  
2019-08-23 18:29:25,248 | INFO  | SCMAudit | user=jenkins1000 | ip=192.168.34.23 | op=SEND_HEARTBEAT {datanodeUUID=48affcab-e6e4-4602-963a-f6a50efbd54c, command=[]} | ret=SUCCESS |  
2019-08-23 18:29:25,248 | INFO  | SCMAudit | user=jenkins1000 | ip=192.168.34.23 | op=SEND_HEARTBEAT {datanodeUUID=58706fd2-d7f7-4771-af80-9e0541495c87, command=[]} | ret=SUCCESS |  
2019-08-23 18:29:25,250 | INFO  | SCMAudit | user=jenkins1000 | ip=192.168.34.23 | op=SEND_HEARTBEAT {datanodeUUID=c83cddd0-22b5-491d-bff0-a36373498de2, command=[]} | ret=SUCCESS |  
2019-08-23 18:29:25,250 | INFO  | SCMAudit | user=jenkins1000 | ip=192.168.34.23 | op=SEND_HEARTBEAT {datanodeUUID=7e391b60-07ae-4d97-a027-4756e468c032, command=[]} | ret=SUCCESS |  
2019-08-23 18:29:25,250 | INFO  | SCMAudit | user=jenkins1000 | ip=192.168.34.23 | op=SEND_HEARTBEAT {datanodeUUID=c5f86d96-67df-4f25-bde3-316f439d30b3, command=[]} | ret=SUCCESS |  
 0.00% |█                                                                                                    |  0/1 Time: 0:00:322019-08-23 18:29:25,814 | INFO  | DNAudit | user=null | ip=null | op=WRITE_CHUNK {blockData=conID: 3 locID: 102667712149652126 bcsId: 4925} | ret=SUCCESS |  
2019-08-23 18:29:25,814 | INFO  | DNAudit | user=null | ip=null | op=WRITE_CHUNK {blockData=conID: 3 locID: 102667712149652126 bcsId: 4925} | ret=SUCCESS |  
2019-08-23 18:29:25,814 | INFO  | DNAudit | user=null | ip=null | op=PUT_BLOCK {blockData=[blockId=conID: 3 locID: 102667712149652126 bcsId: 0,size=4194304]} | ret=SUCCESS |  
2019-08-23 18:29:25,814 | INFO  | DNAudit | user=null | ip=null | op=PUT_BLOCK {blockData=[blockId=conID: 3 locID: 102667712149652126 bcsId: 0,size=4194304]} | ret=SUCCESS |  
2019-08-23 18:29:25,814 [grpc-default-executor-5] INFO  client.GrpcClientProtocolClient (GrpcClientProtocolClient.java:onNext(255)) - client-19C32667576E->48affcab-e6e4-4602-963a-f6a50efbd54c: receive RaftClientReply:client-19C32667576E->48affcab-e6e4-4602-963a-f6a50efbd54c@group-50C56EAF5137, cid=3264, SUCCESS, logIndex=0, commits[48affcab-e6e4-4602-963a-f6a50efbd54c:c4931, 7e391b60-07ae-4d97-a027-4756e468c032:c4931, c5f86d96-67df-4f25-bde3-316f439d30b3:c4931]
2019-08-23 18:29:25,820 | INFO  | SCMAudit | user=jenkins1000 | ip=192.168.34.23 | op=ALLOCATE_BLOCK {owner=1ceb8b80-28f1-43fd-86c3-175afc07b8d1, size=4194304, type=RATIS, factor=THREE} | ret=SUCCESS |  
2019-08-23 18:29:25,824 | INFO  | OMAudit | user=jenkins1000 | ip=127.0.0.1 | op=ALLOCATE_BLOCK {volume=vol-0-45438, bucket=bucket-0-23891, key=key-0-22455, dataSize=0, replicationType=null, replicationFactor=null, keyLocationInfo=null, clientID=102667710122492306} | ret=SUCCESS |  
2019-08-23 18:29:25,832 | INFO  | DNAudit | user=null | ip=null | op=WRITE_CHUNK {blockData=conID: 1 locID: 102667712319980191 bcsId: 0} | ret=SUCCESS |  
2019-08-23 18:29:25,835 | INFO  | DNAudit | user=null | ip=null | op=WRITE_CHUNK {blockData=conID: 1 locID: 102667712319980191 bcsId: 0} | ret=SUCCESS |  
2019-08-23 18:29:25,835 | INFO  | DNAudit | user=null | ip=null | op=WRITE_CHUNK {blockData=conID: 1 locID: 102667712319980191 bcsId: 0} | ret=SUCCESS |  
2019-08-23 18:29:25,836 | INFO  | DNAudit | user=null | ip=null | op=WRITE_CHUNK {blockData=conID: 1 locID: 102667712319980191 bcsId: 0} | ret=SUCCESS |  
2019-08-23 18:29:25,838 | INFO  | DNAudit | user=null | ip=null | op=WRITE_CHUNK {blockData=conID: 1 locID: 102667712319980191 bcsId: 0} | ret=SUCCESS |  
2019-08-23 18:29:25,838 | INFO  | DNAudit | user=null | ip=null | op=WRITE_CHUNK {blockData=conID: 1 locID: 102667712319980191 bcsId: 0} | ret=SUCCESS |  
2019-08-23 18:29:26,247 | INFO  | SCMAudit | user=jenkins1000 | ip=192.168.34.23 | op=SEND_HEARTBEAT {datanodeUUID=58706fd2-d7f7-4771-af80-9e0541495c87, command=[]} | ret=SUCCESS |  
2019-08-23 18:29:26,248 | INFO  | SCMAudit | user=jenkins1000 | ip=192.168.34.23 | op=SEND_HEARTBEAT {datanodeUUID=48affcab-e6e4-4602-963a-f6a50efbd54c, command=[]} | ret=SUCCESS |  
2019-08-23 18:29:26,250 | INFO  | SCMAudit | user=jenkins1000 | ip=192.168.34.23 | op=SEND_HEARTBEAT {datanodeUUID=c83cddd0-22b5-491d-bff0-a36373498de2, command=[]} | ret=SUCCESS |  
2019-08-23 18:29:26,250 | INFO  | SCMAudit | user=jenkins1000 | ip=192.168.34.23 | op=SEND_HEARTBEAT {datanodeUUID=7e391b60-07ae-4d97-a027-4756e468c032, command=[]} | ret=SUCCESS |  
2019-08-23 18:29:26,250 | INFO  | SCMAudit | user=jenkins1000 | ip=192.168.34.23 | op=SEND_HEARTBEAT {datanodeUUID=c5f86d96-67df-4f25-bde3-316f439d30b3, command=[]} | ret=SUCCESS |  
 0.00% |█                                                                                                    |  0/1 Time: 0:00:332019-08-23 18:29:27,248 | INFO  | SCMAudit | user=jenkins1000 | ip=192.168.34.23 | op=SEND_HEARTBEAT {datanodeUUID=58706fd2-d7f7-4771-af80-9e0541495c87, command=[]} | ret=SUCCESS |  
2019-08-23 18:29:27,248 | INFO  | SCMAudit | user=jenkins1000 | ip=192.168.34.23 | op=SEND_HEARTBEAT {datanodeUUID=48affcab-e6e4-4602-963a-f6a50efbd54c, command=[]} | ret=SUCCESS |  
2019-08-23 18:29:27,250 | INFO  | SCMAudit | user=jenkins1000 | ip=192.168.34.23 | op=SEND_HEARTBEAT {datanodeUUID=c5f86d96-67df-4f25-bde3-316f439d30b3, command=[]} | ret=SUCCESS |  
2019-08-23 18:29:27,250 | INFO  | SCMAudit | user=jenkins1000 | ip=192.168.34.23 | op=SEND_HEARTBEAT {datanodeUUID=7e391b60-07ae-4d97-a027-4756e468c032, command=[]} | ret=SUCCESS |  
2019-08-23 18:29:27,251 | INFO  | SCMAudit | user=jenkins1000 | ip=192.168.34.23 | op=SEND_HEARTBEAT {datanodeUUID=c83cddd0-22b5-491d-bff0-a36373498de2, command=[]} | ret=SUCCESS |  
 0.00% |█                                                                                                    |  0/1 Time: 0:00:342019-08-23 18:29:28,247 | INFO  | SCMAudit | user=jenkins1000 | ip=192.168.34.23 | op=SEND_HEARTBEAT {datanodeUUID=58706fd2-d7f7-4771-af80-9e0541495c87, command=[]} | ret=SUCCESS |  
2019-08-23 18:29:28,248 | INFO  | SCMAudit | user=jenkins1000 | ip=192.168.34.23 | op=SEND_HEARTBEAT {datanodeUUID=48affcab-e6e4-4602-963a-f6a50efbd54c, command=[]} | ret=SUCCESS |  
2019-08-23 18:29:28,251 | INFO  | SCMAudit | user=jenkins1000 | ip=192.168.34.23 | op=SEND_HEARTBEAT {datanodeUUID=c5f86d96-67df-4f25-bde3-316f439d30b3, command=[]} | ret=SUCCESS |  
 0.00% |█                                                                                                    |  0/1 Time: 0:00:352019-08-23 18:29:28,251 | INFO  | SCMAudit | user=jenkins1000 | ip=192.168.34.23 | op=SEND_HEARTBEAT {datanodeUUID=7e391b60-07ae-4d97-a027-4756e468c032, command=[]} | ret=SUCCESS |  
2019-08-23 18:29:28,251 | INFO  | SCMAudit | user=jenkins1000 | ip=192.168.34.23 | op=SEND_HEARTBEAT {datanodeUUID=c83cddd0-22b5-491d-bff0-a36373498de2, command=[]} | ret=SUCCESS |  
2019-08-23 18:29:28,478 | INFO  | DNAudit | user=null | ip=null | op=WRITE_CHUNK {blockData=conID: 1 locID: 102667712319980191 bcsId: 0} | ret=SUCCESS |  
2019-08-23 18:29:28,479 | INFO  | DNAudit | user=null | ip=null | op=PUT_BLOCK {blockData=[blockId=conID: 1 locID: 102667712319980191 bcsId: 0,size=1048576]} | ret=SUCCESS |  
2019-08-23 18:29:28,479 [grpc-default-executor-0] INFO  client.GrpcClientProtocolClient (GrpcClientProtocolClient.java:onNext(255)) - client-19C32667576E->48affcab-e6e4-4602-963a-f6a50efbd54c: receive RaftClientReply:client-19C32667576E->48affcab-e6e4-4602-963a-f6a50efbd54c@group-50C56EAF5137, cid=3265, SUCCESS, logIndex=4932, commits[48affcab-e6e4-4602-963a-f6a50efbd54c:c4933, 7e391b60-07ae-4d97-a027-4756e468c032:c4931, c5f86d96-67df-4f25-bde3-316f439d30b3:c4931]
2019-08-23 18:29:28,479 [grpc-default-executor-0] INFO  client.GrpcClientProtocolClient (GrpcClientProtocolClient.java:onNext(255)) - client-19C32667576E->48affcab-e6e4-4602-963a-f6a50efbd54c: receive RaftClientReply:client-19C32667576E->48affcab-e6e4-4602-963a-f6a50efbd54c@group-50C56EAF5137, cid=3266, SUCCESS, logIndex=4933, commits[48affcab-e6e4-4602-963a-f6a50efbd54c:c4933, 7e391b60-07ae-4d97-a027-4756e468c032:c4931, c5f86d96-67df-4f25-bde3-316f439d30b3:c4931]
2019-08-23 18:29:28,834 [java.util.concurrent.ThreadPoolExecutor$Worker@6cc15e4c[State = -1, empty queue]] WARN  server.GrpcLogAppender (GrpcLogAppender.java:timeoutAppendRequest(200)) - GrpcLogAppender(48affcab-e6e4-4602-963a-f6a50efbd54c->c5f86d96-67df-4f25-bde3-316f439d30b3): appendEntries Timeout, request=48affcab-e6e4-4602-963a-f6a50efbd54c->c5f86d96-67df-4f25-bde3-316f439d30b3#4944-t2, previous=(t:2, i:4933), leaderCommit=4931, initializing? false, entries: size=1, first=(t:2, i:4934), STATEMACHINELOGENTRY, client-19C32667576E, cid=3267
2019-08-23 18:29:28,834 [java.util.concurrent.ThreadPoolExecutor$Worker@2b90a594[State = -1, empty queue]] WARN  server.GrpcLogAppender (GrpcLogAppender.java:timeoutAppendRequest(200)) - GrpcLogAppender(48affcab-e6e4-4602-963a-f6a50efbd54c->7e391b60-07ae-4d97-a027-4756e468c032): appendEntries Timeout, request=48affcab-e6e4-4602-963a-f6a50efbd54c->7e391b60-07ae-4d97-a027-4756e468c032#4944-t2, previous=(t:2, i:4933), leaderCommit=4931, initializing? false, entries: size=1, first=(t:2, i:4934), STATEMACHINELOGENTRY, client-19C32667576E, cid=3267
2019-08-23 18:29:28,837 [java.util.concurrent.ThreadPoolExecutor$Worker@6cc15e4c[State = -1, empty queue]] WARN  server.GrpcLogAppender (GrpcLogAppender.java:timeoutAppendRequest(200)) - GrpcLogAppender(48affcab-e6e4-4602-963a-f6a50efbd54c->c5f86d96-67df-4f25-bde3-316f439d30b3): appendEntries Timeout, request=48affcab-e6e4-4602-963a-f6a50efbd54c->c5f86d96-67df-4f25-bde3-316f439d30b3#4945-t2, previous=(t:2, i:4934), leaderCommit=4931, initializing? false, entries: size=1, first=(t:2, i:4935), STATEMACHINELOGENTRY, client-19C32667576E, cid=3268
2019-08-23 18:29:28,838 [java.util.concurrent.ThreadPoolExecutor$Worker@2b90a594[State = -1, empty queue]] WARN  server.GrpcLogAppender (GrpcLogAppender.java:timeoutAppendRequest(200)) - GrpcLogAppender(48affcab-e6e4-4602-963a-f6a50efbd54c->7e391b60-07ae-4d97-a027-4756e468c032): appendEntries Timeout, request=48affcab-e6e4-4602-963a-f6a50efbd54c->7e391b60-07ae-4d97-a027-4756e468c032#4945-t2, previous=(t:2, i:4934), leaderCommit=4931, initializing? false, entries: size=1, first=(t:2, i:4935), STATEMACHINELOGENTRY, client-19C32667576E, cid=3268
2019-08-23 18:29:29,248 | INFO  | SCMAudit | user=jenkins1000 | ip=192.168.34.23 | op=SEND_HEARTBEAT {datanodeUUID=58706fd2-d7f7-4771-af80-9e0541495c87, command=[]} | ret=SUCCESS |  
2019-08-23 18:29:29,249 | INFO  | SCMAudit | user=jenkins1000 | ip=192.168.34.23 | op=SEND_HEARTBEAT {datanodeUUID=48affcab-e6e4-4602-963a-f6a50efbd54c, command=[]} | ret=SUCCESS |  
2019-08-23 18:29:29,250 | INFO  | SCMAudit | user=jenkins1000 | ip=192.168.34.23 | op=SEND_HEARTBEAT {datanodeUUID=c5f86d96-67df-4f25-bde3-316f439d30b3, command=[]} | ret=SUCCESS |  
2019-08-23 18:29:29,251 | INFO  | SCMAudit | user=jenkins1000 | ip=192.168.34.23 | op=SEND_HEARTBEAT {datanodeUUID=7e391b60-07ae-4d97-a027-4756e468c032, command=[]} | ret=SUCCESS |  
 0.00% |█                                                                                                    |  0/1 Time: 0:00:362019-08-23 18:29:29,251 | INFO  | SCMAudit | user=jenkins1000 | ip=192.168.34.23 | op=SEND_HEARTBEAT {datanodeUUID=c83cddd0-22b5-491d-bff0-a36373498de2, command=[]} | ret=SUCCESS |  
2019-08-23 18:29:29,863 [grpc-default-executor-5] WARN  server.GrpcLogAppender (GrpcLogAppender.java:onNextImpl(250)) - org.apache.ratis.grpc.server.GrpcLogAppender$AppendLogResponseHandler@2631e865: Request not found, ignoring reply: 48affcab-e6e4-4602-963a-f6a50efbd54c<-c5f86d96-67df-4f25-bde3-316f439d30b3#4944:OK,SUCCESS,nextIndex:4935,term:2,followerCommit:4931
2019-08-23 18:29:29,863 [grpc-default-executor-0] WARN  server.GrpcLogAppender (GrpcLogAppender.java:onNextImpl(250)) - org.apache.ratis.grpc.server.GrpcLogAppender$AppendLogResponseHandler@51afd15a: Request not found, ignoring reply: 48affcab-e6e4-4602-963a-f6a50efbd54c<-7e391b60-07ae-4d97-a027-4756e468c032#4944:OK,SUCCESS,nextIndex:4935,term:2,followerCommit:4931
2019-08-23 18:29:29,867 [grpc-default-executor-5] WARN  server.GrpcLogAppender (GrpcLogAppender.java:onNextImpl(250)) - org.apache.ratis.grpc.server.GrpcLogAppender$AppendLogResponseHandler@2631e865: Request not found, ignoring reply: 48affcab-e6e4-4602-963a-f6a50efbd54c<-c5f86d96-67df-4f25-bde3-316f439d30b3#4945:OK,SUCCESS,nextIndex:4936,term:2,followerCommit:4931
2019-08-23 18:29:29,868 [grpc-default-executor-0] WARN  server.GrpcLogAppender (GrpcLogAppender.java:onNextImpl(250)) - org.apache.ratis.grpc.server.GrpcLogAppender$AppendLogResponseHandler@51afd15a: Request not found, ignoring reply: 48affcab-e6e4-4602-963a-f6a50efbd54c<-7e391b60-07ae-4d97-a027-4756e468c032#4945:OK,SUCCESS,nextIndex:4936,term:2,followerCommit:4931
2019-08-23 18:29:29,869 | INFO  | DNAudit | user=null | ip=null | op=WRITE_CHUNK {blockData=conID: 1 locID: 102667712319980191 bcsId: 0} | ret=SUCCESS |  
2019-08-23 18:29:29,870 | INFO  | DNAudit | user=null | ip=null | op=PUT_BLOCK {blockData=[blockId=conID: 1 locID: 102667712319980191 bcsId: 0,size=2097152]} | ret=SUCCESS |  
2019-08-23 18:29:29,871 [grpc-default-executor-0] INFO  client.GrpcClientProtocolClient (GrpcClientProtocolClient.java:onNext(255)) - client-19C32667576E->48affcab-e6e4-4602-963a-f6a50efbd54c: receive RaftClientReply:client-19C32667576E->48affcab-e6e4-4602-963a-f6a50efbd54c@group-50C56EAF5137, cid=3267, SUCCESS, logIndex=4934, commits[48affcab-e6e4-4602-963a-f6a50efbd54c:c4935, 7e391b60-07ae-4d97-a027-4756e468c032:c4931, c5f86d96-67df-4f25-bde3-316f439d30b3:c4931]
2019-08-23 18:29:29,872 [grpc-default-executor-0] INFO  client.GrpcClientProtocolClient (GrpcClientProtocolClient.java:onNext(255)) - client-19C32667576E->48affcab-e6e4-4602-963a-f6a50efbd54c: receive RaftClientReply:client-19C32667576E->48affcab-e6e4-4602-963a-f6a50efbd54c@group-50C56EAF5137, cid=3268, SUCCESS, logIndex=4935, commits[48affcab-e6e4-4602-963a-f6a50efbd54c:c4935, 7e391b60-07ae-4d97-a027-4756e468c032:c4931, c5f86d96-67df-4f25-bde3-316f439d30b3:c4931]
2019-08-23 18:29:30,247 | INFO  | SCMAudit | user=jenkins1000 | ip=192.168.34.23 | op=SEND_HEARTBEAT {datanodeUUID=58706fd2-d7f7-4771-af80-9e0541495c87, command=[]} | ret=SUCCESS |  
2019-08-23 18:29:30,248 | INFO  | SCMAudit | user=jenkins1000 | ip=192.168.34.23 | op=SEND_HEARTBEAT {datanodeUUID=48affcab-e6e4-4602-963a-f6a50efbd54c, command=[]} | ret=SUCCESS |  
2019-08-23 18:29:30,250 | INFO  | SCMAudit | user=jenkins1000 | ip=192.168.34.23 | op=SEND_HEARTBEAT {datanodeUUID=c5f86d96-67df-4f25-bde3-316f439d30b3, command=[]} | ret=SUCCESS |  
2019-08-23 18:29:30,251 | INFO  | SCMAudit | user=jenkins1000 | ip=192.168.34.23 | op=SEND_HEARTBEAT {datanodeUUID=7e391b60-07ae-4d97-a027-4756e468c032, command=[]} | ret=SUCCESS |  
2019-08-23 18:29:30,251 | INFO  | SCMAudit | user=jenkins1000 | ip=192.168.34.23 | op=SEND_HEARTBEAT {datanodeUUID=c83cddd0-22b5-491d-bff0-a36373498de2, command=[]} | ret=SUCCESS |  
 0.00% |█                                                                                                    |  0/1 Time: 0:00:372019-08-23 18:29:31,248 | INFO  | SCMAudit | user=jenkins1000 | ip=192.168.34.23 | op=SEND_HEARTBEAT {datanodeUUID=58706fd2-d7f7-4771-af80-9e0541495c87, command=[]} | ret=SUCCESS |  
2019-08-23 18:29:31,248 | INFO  | SCMAudit | user=jenkins1000 | ip=192.168.34.23 | op=SEND_HEARTBEAT {datanodeUUID=48affcab-e6e4-4602-963a-f6a50efbd54c, command=[]} | ret=SUCCESS |  
2019-08-23 18:29:31,251 | INFO  | SCMAudit | user=jenkins1000 | ip=192.168.34.23 | op=SEND_HEARTBEAT {datanodeUUID=c5f86d96-67df-4f25-bde3-316f439d30b3, command=[]} | ret=SUCCESS |  
2019-08-23 18:29:31,251 | INFO  | SCMAudit | user=jenkins1000 | ip=192.168.34.23 | op=SEND_HEARTBEAT {datanodeUUID=7e391b60-07ae-4d97-a027-4756e468c032, command=[]} | ret=SUCCESS |  
2019-08-23 18:29:31,251 | INFO  | SCMAudit | user=jenkins1000 | ip=192.168.34.23 | op=SEND_HEARTBEAT {datanodeUUID=c83cddd0-22b5-491d-bff0-a36373498de2, command=[]} | ret=SUCCESS |  
 0.00% |█                                                                                                    |  0/1 Time: 0:00:382019-08-23 18:29:31,478 [java.util.concurrent.ThreadPoolExecutor$Worker@2b90a594[State = -1, empty queue]] WARN  server.GrpcLogAppender (GrpcLogAppender.java:timeoutAppendRequest(200)) - GrpcLogAppender(48affcab-e6e4-4602-963a-f6a50efbd54c->7e391b60-07ae-4d97-a027-4756e468c032): appendEntries Timeout, request=48affcab-e6e4-4602-963a-f6a50efbd54c->7e391b60-07ae-4d97-a027-4756e468c032#4947-t2, previous=(t:2, i:4935), leaderCommit=4932, initializing? false, entries: size=1, first=(t:2, i:4936), METADATAENTRY(c4932)
2019-08-23 18:29:31,478 [java.util.concurrent.ThreadPoolExecutor$Worker@6cc15e4c[State = -1, empty queue]] WARN  server.GrpcLogAppender (GrpcLogAppender.java:timeoutAppendRequest(200)) - GrpcLogAppender(48affcab-e6e4-4602-963a-f6a50efbd54c->c5f86d96-67df-4f25-bde3-316f439d30b3): appendEntries Timeout, request=48affcab-e6e4-4602-963a-f6a50efbd54c->c5f86d96-67df-4f25-bde3-316f439d30b3#4947-t2, previous=(t:2, i:4935), leaderCommit=4932, initializing? false, entries: size=1, first=(t:2, i:4936), METADATAENTRY(c4932)
2019-08-23 18:29:31,478 [java.util.concurrent.ThreadPoolExecutor$Worker@2b90a594[State = -1, empty queue]] WARN  server.GrpcLogAppender (GrpcLogAppender.java:timeoutAppendRequest(200)) - GrpcLogAppender(48affcab-e6e4-4602-963a-f6a50efbd54c->7e391b60-07ae-4d97-a027-4756e468c032): appendEntries Timeout, request=48affcab-e6e4-4602-963a-f6a50efbd54c->7e391b60-07ae-4d97-a027-4756e468c032#4948-t2, previous=(t:2, i:4936), leaderCommit=4933, initializing? false, entries: size=1, first=(t:2, i:4937), METADATAENTRY(c4933)
2019-08-23 18:29:31,478 [java.util.concurrent.ThreadPoolExecutor$Worker@6cc15e4c[State = -1, empty queue]] WARN  server.GrpcLogAppender (GrpcLogAppender.java:timeoutAppendRequest(200)) - GrpcLogAppender(48affcab-e6e4-4602-963a-f6a50efbd54c->c5f86d96-67df-4f25-bde3-316f439d30b3): appendEntries Timeout, request=48affcab-e6e4-4602-963a-f6a50efbd54c->c5f86d96-67df-4f25-bde3-316f439d30b3#4948-t2, previous=(t:2, i:4936), leaderCommit=4933, initializing? false, entries: size=1, first=(t:2, i:4937), METADATAENTRY(c4933)
2019-08-23 18:29:32,247 | INFO  | SCMAudit | user=jenkins1000 | ip=192.168.34.23 | op=SEND_HEARTBEAT {datanodeUUID=58706fd2-d7f7-4771-af80-9e0541495c87, command=[]} | ret=SUCCESS |  
2019-08-23 18:29:32,248 | INFO  | SCMAudit | user=jenkins1000 | ip=192.168.34.23 | op=SEND_HEARTBEAT {datanodeUUID=48affcab-e6e4-4602-963a-f6a50efbd54c, command=[]} | ret=SUCCESS |  
2019-08-23 18:29:32,251 | INFO  | SCMAudit | user=jenkins1000 | ip=192.168.34.23 | op=SEND_HEARTBEAT {datanodeUUID=c5f86d96-67df-4f25-bde3-316f439d30b3, command=[]} | ret=SUCCESS |  
2019-08-23 18:29:32,251 | INFO  | SCMAudit | user=jenkins1000 | ip=192.168.34.23 | op=SEND_HEARTBEAT {datanodeUUID=c83cddd0-22b5-491d-bff0-a36373498de2, command=[]} | ret=SUCCESS |  
2019-08-23 18:29:32,252 | INFO  | SCMAudit | user=jenkins1000 | ip=192.168.34.23 | op=SEND_HEARTBEAT {datanodeUUID=7e391b60-07ae-4d97-a027-4756e468c032, command=[]} | ret=SUCCESS |  
 0.00% |█                                                                                                    |  0/1 Time: 0:00:392019-08-23 18:29:32,370 | INFO  | DNAudit | user=null | ip=null | op=WRITE_CHUNK {blockData=conID: 1 locID: 102667712319980191 bcsId: 0} | ret=SUCCESS |  
2019-08-23 18:29:32,370 | INFO  | DNAudit | user=null | ip=null | op=WRITE_CHUNK {blockData=conID: 1 locID: 102667712319980191 bcsId: 0} | ret=SUCCESS |  
2019-08-23 18:29:32,371 | INFO  | DNAudit | user=null | ip=null | op=PUT_BLOCK {blockData=[blockId=conID: 1 locID: 102667712319980191 bcsId: 0,size=1048576]} | ret=SUCCESS |  
2019-08-23 18:29:32,371 | INFO  | DNAudit | user=null | ip=null | op=PUT_BLOCK {blockData=[blockId=conID: 1 locID: 102667712319980191 bcsId: 0,size=1048576]} | ret=SUCCESS |  
2019-08-23 18:29:32,371 | INFO  | DNAudit | user=null | ip=null | op=WRITE_CHUNK {blockData=conID: 1 locID: 102667712319980191 bcsId: 0} | ret=SUCCESS |  
2019-08-23 18:29:32,371 | INFO  | DNAudit | user=null | ip=null | op=WRITE_CHUNK {blockData=conID: 1 locID: 102667712319980191 bcsId: 0} | ret=SUCCESS |  
2019-08-23 18:29:32,372 | INFO  | DNAudit | user=null | ip=null | op=PUT_BLOCK {blockData=[blockId=conID: 1 locID: 102667712319980191 bcsId: 0,size=2097152]} | ret=SUCCESS |  
2019-08-23 18:29:32,372 | INFO  | DNAudit | user=null | ip=null | op=PUT_BLOCK {blockData=[blockId=conID: 1 locID: 102667712319980191 bcsId: 0,size=2097152]} | ret=SUCCESS |  
2019-08-23 18:29:32,640 [grpc-default-executor-3] WARN  server.GrpcLogAppender (GrpcLogAppender.java:onNextImpl(250)) - org.apache.ratis.grpc.server.GrpcLogAppender$AppendLogResponseHandler@2631e865: Request not found, ignoring reply: 48affcab-e6e4-4602-963a-f6a50efbd54c<-c5f86d96-67df-4f25-bde3-316f439d30b3#4947:OK,SUCCESS,nextIndex:4937,term:2,followerCommit:4935
2019-08-23 18:29:32,643 [grpc-default-executor-0] WARN  server.GrpcLogAppender (GrpcLogAppender.java:onNextImpl(250)) - org.apache.ratis.grpc.server.GrpcLogAppender$AppendLogResponseHandler@2631e865: Request not found, ignoring reply: 48affcab-e6e4-4602-963a-f6a50efbd54c<-c5f86d96-67df-4f25-bde3-316f439d30b3#4948:OK,SUCCESS,nextIndex:4938,term:2,followerCommit:4935
2019-08-23 18:29:32,643 [grpc-default-executor-3] WARN  server.GrpcLogAppender (GrpcLogAppender.java:onNextImpl(250)) - org.apache.ratis.grpc.server.GrpcLogAppender$AppendLogResponseHandler@51afd15a: Request not found, ignoring reply: 48affcab-e6e4-4602-963a-f6a50efbd54c<-7e391b60-07ae-4d97-a027-4756e468c032#4947:OK,SUCCESS,nextIndex:4937,term:2,followerCommit:4935
2019-08-23 18:29:32,645 [grpc-default-executor-3] WARN  server.GrpcLogAppender (GrpcLogAppender.java:onNextImpl(250)) - org.apache.ratis.grpc.server.GrpcLogAppender$AppendLogResponseHandler@51afd15a: Request not found, ignoring reply: 48affcab-e6e4-4602-963a-f6a50efbd54c<-7e391b60-07ae-4d97-a027-4756e468c032#4948:OK,SUCCESS,nextIndex:4938,term:2,followerCommit:4935
2019-08-23 18:29:32,869 [java.util.concurrent.ThreadPoolExecutor$Worker@6cc15e4c[State = -1, empty queue]] WARN  server.GrpcLogAppender (GrpcLogAppender.java:timeoutAppendRequest(200)) - GrpcLogAppender(48affcab-e6e4-4602-963a-f6a50efbd54c->c5f86d96-67df-4f25-bde3-316f439d30b3): appendEntries Timeout, request=48affcab-e6e4-4602-963a-f6a50efbd54c->c5f86d96-67df-4f25-bde3-316f439d30b3#4949-t2, previous=(t:2, i:4937), leaderCommit=4935, initializing? false, entries: size=1, first=(t:2, i:4938), METADATAENTRY(c4935)
2019-08-23 18:29:32,869 [java.util.concurrent.ThreadPoolExecutor$Worker@2b90a594[State = -1, empty queue]] WARN  server.GrpcLogAppender (GrpcLogAppender.java:timeoutAppendRequest(200)) - GrpcLogAppender(48affcab-e6e4-4602-963a-f6a50efbd54c->7e391b60-07ae-4d97-a027-4756e468c032): appendEntries Timeout, request=48affcab-e6e4-4602-963a-f6a50efbd54c->7e391b60-07ae-4d97-a027-4756e468c032#4949-t2, previous=(t:2, i:4937), leaderCommit=4935, initializing? false, entries: size=1, first=(t:2, i:4938), METADATAENTRY(c4935)
2019-08-23 18:29:33,248 | INFO  | SCMAudit | user=jenkins1000 | ip=192.168.34.23 | op=SEND_HEARTBEAT {datanodeUUID=58706fd2-d7f7-4771-af80-9e0541495c87, command=[]} | ret=SUCCESS |  
2019-08-23 18:29:33,248 | INFO  | SCMAudit | user=jenkins1000 | ip=192.168.34.23 | op=SEND_HEARTBEAT {datanodeUUID=48affcab-e6e4-4602-963a-f6a50efbd54c, command=[]} | ret=SUCCESS |  
2019-08-23 18:29:33,250 | INFO  | SCMAudit | user=jenkins1000 | ip=192.168.34.23 | op=SEND_HEARTBEAT {datanodeUUID=c5f86d96-67df-4f25-bde3-316f439d30b3, command=[]} | ret=SUCCESS |  
2019-08-23 18:29:33,251 | INFO  | SCMAudit | user=jenkins1000 | ip=192.168.34.23 | op=SEND_HEARTBEAT {datanodeUUID=c83cddd0-22b5-491d-bff0-a36373498de2, command=[]} | ret=SUCCESS |  
 0.00% |█                                                                                                    |  0/1 Time: 0:00:402019-08-23 18:29:33,253 | INFO  | SCMAudit | user=jenkins1000 | ip=192.168.34.23 | op=SEND_HEARTBEAT {datanodeUUID=7e391b60-07ae-4d97-a027-4756e468c032, command=[]} | ret=SUCCESS |  
2019-08-23 18:29:34,248 | INFO  | SCMAudit | user=jenkins1000 | ip=192.168.34.23 | op=SEND_HEARTBEAT {datanodeUUID=58706fd2-d7f7-4771-af80-9e0541495c87, command=[]} | ret=SUCCESS |  
2019-08-23 18:29:34,248 | INFO  | SCMAudit | user=jenkins1000 | ip=192.168.34.23 | op=SEND_HEARTBEAT {datanodeUUID=48affcab-e6e4-4602-963a-f6a50efbd54c, command=[]} | ret=SUCCESS |  
2019-08-23 18:29:34,250 | INFO  | SCMAudit | user=jenkins1000 | ip=192.168.34.23 | op=SEND_HEARTBEAT {datanodeUUID=c5f86d96-67df-4f25-bde3-316f439d30b3, command=[]} | ret=SUCCESS |  
2019-08-23 18:29:34,251 | INFO  | SCMAudit | user=jenkins1000 | ip=192.168.34.23 | op=SEND_HEARTBEAT {datanodeUUID=c83cddd0-22b5-491d-bff0-a36373498de2, command=[]} | ret=SUCCESS |  
 0.00% |█                                                                                                    |  0/1 Time: 0:00:412019-08-23 18:29:34,254 | INFO  | SCMAudit | user=jenkins1000 | ip=192.168.34.23 | op=SEND_HEARTBEAT {datanodeUUID=7e391b60-07ae-4d97-a027-4756e468c032, command=[]} | ret=SUCCESS |  
2019-08-23 18:29:34,875 [pool-282-thread-1] WARN  scm.XceiverClientRatis (XceiverClientRatis.java:watchForCommit(262)) - 3 way commit failed on pipeline Pipeline[ Id: 48d6b980-7870-4c9c-967d-50c56eaf5137, Nodes: c5f86d96-67df-4f25-bde3-316f439d30b3{ip: 192.168.34.23, host: pr-hdds-1982-decom-states-s47vm-2072066488, networkLocation: /default-rack, certSerialId: null}48affcab-e6e4-4602-963a-f6a50efbd54c{ip: 192.168.34.23, host: pr-hdds-1982-decom-states-s47vm-2072066488, networkLocation: /default-rack, certSerialId: null}7e391b60-07ae-4d97-a027-4756e468c032{ip: 192.168.34.23, host: pr-hdds-1982-decom-states-s47vm-2072066488, networkLocation: /default-rack, certSerialId: null}, Type:RATIS, Factor:THREE, State:OPEN]
java.util.concurrent.TimeoutException
	at java.util.concurrent.CompletableFuture.timedGet(CompletableFuture.java:1771)
	at java.util.concurrent.CompletableFuture.get(CompletableFuture.java:1915)
	at org.apache.hadoop.hdds.scm.XceiverClientRatis.watchForCommit(XceiverClientRatis.java:259)
	at org.apache.hadoop.hdds.scm.storage.CommitWatcher.watchForCommit(CommitWatcher.java:194)
	at org.apache.hadoop.hdds.scm.storage.CommitWatcher.watchOnFirstIndex(CommitWatcher.java:135)
	at org.apache.hadoop.hdds.scm.storage.BlockOutputStream.watchForCommit(BlockOutputStream.java:347)
	at org.apache.hadoop.hdds.scm.storage.BlockOutputStream.handleFullBuffer(BlockOutputStream.java:324)
	at org.apache.hadoop.hdds.scm.storage.BlockOutputStream.write(BlockOutputStream.java:251)
	at org.apache.hadoop.ozone.client.io.BlockOutputStreamEntry.write(BlockOutputStreamEntry.java:129)
	at org.apache.hadoop.ozone.client.io.KeyOutputStream.handleWrite(KeyOutputStream.java:211)
	at org.apache.hadoop.ozone.client.io.KeyOutputStream.write(KeyOutputStream.java:193)
	at org.apache.hadoop.ozone.client.io.OzoneOutputStream.write(OzoneOutputStream.java:49)
	at org.apache.hadoop.ozone.freon.RandomKeyGenerator.createKey(RandomKeyGenerator.java:699)
	at org.apache.hadoop.ozone.freon.RandomKeyGenerator.access$1100(RandomKeyGenerator.java:87)
	at org.apache.hadoop.ozone.freon.RandomKeyGenerator$ObjectCreator.run(RandomKeyGenerator.java:606)
	at java.util.concurrent.Executors$RunnableAdapter.call(Executors.java:511)
	at java.util.concurrent.FutureTask.run(FutureTask.java:266)
	at java.util.concurrent.ThreadPoolExecutor.runWorker(ThreadPoolExecutor.java:1149)
	at java.util.concurrent.ThreadPoolExecutor$Worker.run(ThreadPoolExecutor.java:624)
	at java.lang.Thread.run(Thread.java:748)
2019-08-23 18:29:35,247 | INFO  | SCMAudit | user=jenkins1000 | ip=192.168.34.23 | op=SEND_HEARTBEAT {datanodeUUID=58706fd2-d7f7-4771-af80-9e0541495c87, command=[]} | ret=SUCCESS |  
2019-08-23 18:29:35,248 | INFO  | SCMAudit | user=jenkins1000 | ip=192.168.34.23 | op=SEND_HEARTBEAT {datanodeUUID=48affcab-e6e4-4602-963a-f6a50efbd54c, command=[]} | ret=SUCCESS |  
2019-08-23 18:29:35,250 | INFO  | SCMAudit | user=jenkins1000 | ip=192.168.34.23 | op=SEND_HEARTBEAT {datanodeUUID=c5f86d96-67df-4f25-bde3-316f439d30b3, command=[]} | ret=SUCCESS |  
2019-08-23 18:29:35,251 | INFO  | SCMAudit | user=jenkins1000 | ip=192.168.34.23 | op=SEND_HEARTBEAT {datanodeUUID=c83cddd0-22b5-491d-bff0-a36373498de2, command=[]} | ret=SUCCESS |  
 0.00% |█                                                                                                    |  0/1 Time: 0:00:422019-08-23 18:29:35,253 | INFO  | SCMAudit | user=jenkins1000 | ip=192.168.34.23 | op=SEND_HEARTBEAT {datanodeUUID=7e391b60-07ae-4d97-a027-4756e468c032, command=[]} | ret=SUCCESS |  
2019-08-23 18:29:35,369 [java.util.concurrent.ThreadPoolExecutor$Worker@2b90a594[State = -1, empty queue]] WARN  server.GrpcLogAppender (GrpcLogAppender.java:timeoutAppendRequest(200)) - GrpcLogAppender(48affcab-e6e4-4602-963a-f6a50efbd54c->7e391b60-07ae-4d97-a027-4756e468c032): appendEntries Timeout, request=48affcab-e6e4-4602-963a-f6a50efbd54c->7e391b60-07ae-4d97-a027-4756e468c032#4950-t2, previous=(t:2, i:4938), leaderCommit=4935, initializing? false, entries: <empty>
2019-08-23 18:29:35,369 [java.util.concurrent.ThreadPoolExecutor$Worker@6cc15e4c[State = -1, empty queue]] WARN  server.GrpcLogAppender (GrpcLogAppender.java:timeoutAppendRequest(200)) - GrpcLogAppender(48affcab-e6e4-4602-963a-f6a50efbd54c->c5f86d96-67df-4f25-bde3-316f439d30b3): appendEntries Timeout, request=48affcab-e6e4-4602-963a-f6a50efbd54c->c5f86d96-67df-4f25-bde3-316f439d30b3#4950-t2, previous=(t:2, i:4938), leaderCommit=4935, initializing? false, entries: <empty>
2019-08-23 18:29:35,895 [grpc-default-executor-3] WARN  server.GrpcLogAppender (GrpcLogAppender.java:onNextImpl(250)) - org.apache.ratis.grpc.server.GrpcLogAppender$AppendLogResponseHandler@2631e865: Request not found, ignoring reply: 48affcab-e6e4-4602-963a-f6a50efbd54c<-c5f86d96-67df-4f25-bde3-316f439d30b3#4949:OK,SUCCESS,nextIndex:4939,term:2,followerCommit:4935
2019-08-23 18:29:35,895 [grpc-default-executor-0] WARN  server.GrpcLogAppender (GrpcLogAppender.java:onNextImpl(250)) - org.apache.ratis.grpc.server.GrpcLogAppender$AppendLogResponseHandler@51afd15a: Request not found, ignoring reply: 48affcab-e6e4-4602-963a-f6a50efbd54c<-7e391b60-07ae-4d97-a027-4756e468c032#4949:OK,SUCCESS,nextIndex:4939,term:2,followerCommit:4935
2019-08-23 18:29:35,896 [grpc-default-executor-3] WARN  server.GrpcLogAppender (GrpcLogAppender.java:onNextImpl(250)) - org.apache.ratis.grpc.server.GrpcLogAppender$AppendLogResponseHandler@2631e865: Request not found, ignoring reply: 48affcab-e6e4-4602-963a-f6a50efbd54c<-c5f86d96-67df-4f25-bde3-316f439d30b3#4950:OK,SUCCESS,nextIndex:4939,term:2,followerCommit:4935
2019-08-23 18:29:35,896 [grpc-default-executor-0] WARN  server.GrpcLogAppender (GrpcLogAppender.java:onNextImpl(250)) - org.apache.ratis.grpc.server.GrpcLogAppender$AppendLogResponseHandler@51afd15a: Request not found, ignoring reply: 48affcab-e6e4-4602-963a-f6a50efbd54c<-7e391b60-07ae-4d97-a027-4756e468c032#4950:OK,SUCCESS,nextIndex:4939,term:2,followerCommit:4935
2019-08-23 18:29:35,897 [grpc-default-executor-0] INFO  client.GrpcClientProtocolClient (GrpcClientProtocolClient.java:onNext(255)) - client-19C32667576E->48affcab-e6e4-4602-963a-f6a50efbd54c: receive RaftClientReply:client-19C32667576E->48affcab-e6e4-4602-963a-f6a50efbd54c@group-50C56EAF5137, cid=3270, SUCCESS, logIndex=0, commits[48affcab-e6e4-4602-963a-f6a50efbd54c:c4935, 7e391b60-07ae-4d97-a027-4756e468c032:c4931, c5f86d96-67df-4f25-bde3-316f439d30b3:c4935]
2019-08-23 18:29:35,898 [grpc-default-executor-0] INFO  client.GrpcClientProtocolClient (GrpcClientProtocolClient.java:onNext(255)) - client-19C32667576E->48affcab-e6e4-4602-963a-f6a50efbd54c: receive RaftClientReply:client-19C32667576E->48affcab-e6e4-4602-963a-f6a50efbd54c@group-50C56EAF5137, cid=3269, SUCCESS, logIndex=0, commits[48affcab-e6e4-4602-963a-f6a50efbd54c:c4935, 7e391b60-07ae-4d97-a027-4756e468c032:c4935, c5f86d96-67df-4f25-bde3-316f439d30b3:c4935]
2019-08-23 18:29:35,898 [grpc-default-executor-0] INFO  client.GrpcClientProtocolClient (GrpcClientProtocolClient.java:onNext(255)) - client-19C32667576E->48affcab-e6e4-4602-963a-f6a50efbd54c: receive RaftClientReply:client-19C32667576E->48affcab-e6e4-4602-963a-f6a50efbd54c@group-50C56EAF5137, cid=3269, SUCCESS, logIndex=0, commits[48affcab-e6e4-4602-963a-f6a50efbd54c:c4938, 7e391b60-07ae-4d97-a027-4756e468c032:c4935, c5f86d96-67df-4f25-bde3-316f439d30b3:c4935]
2019-08-23 18:29:35,901 [pool-282-thread-1] INFO  scm.XceiverClientRatis (XceiverClientRatis.java:lambda$watchForCommit$7(280)) - Could not commit index 4933 on pipeline Pipeline[ Id: 48d6b980-7870-4c9c-967d-50c56eaf5137, Nodes: c5f86d96-67df-4f25-bde3-316f439d30b3{ip: 192.168.34.23, host: pr-hdds-1982-decom-states-s47vm-2072066488, networkLocation: /default-rack, certSerialId: null}48affcab-e6e4-4602-963a-f6a50efbd54c{ip: 192.168.34.23, host: pr-hdds-1982-decom-states-s47vm-2072066488, networkLocation: /default-rack, certSerialId: null}7e391b60-07ae-4d97-a027-4756e468c032{ip: 192.168.34.23, host: pr-hdds-1982-decom-states-s47vm-2072066488, networkLocation: /default-rack, certSerialId: null}, Type:RATIS, Factor:THREE, State:OPEN] to all the nodes. Server 7e391b60-07ae-4d97-a027-4756e468c032 has failed. Committed by majority.
2019-08-23 18:29:35,901 [pool-282-thread-1] WARN  storage.BlockOutputStream (BlockOutputStream.java:watchForCommit(353)) - Failed to commit BlockId conID: 1 locID: 102667712319980191 bcsId: 4935 on Pipeline[ Id: 48d6b980-7870-4c9c-967d-50c56eaf5137, Nodes: c5f86d96-67df-4f25-bde3-316f439d30b3{ip: 192.168.34.23, host: pr-hdds-1982-decom-states-s47vm-2072066488, networkLocation: /default-rack, certSerialId: null}48affcab-e6e4-4602-963a-f6a50efbd54c{ip: 192.168.34.23, host: pr-hdds-1982-decom-states-s47vm-2072066488, networkLocation: /default-rack, certSerialId: null}7e391b60-07ae-4d97-a027-4756e468c032{ip: 192.168.34.23, host: pr-hdds-1982-decom-states-s47vm-2072066488, networkLocation: /default-rack, certSerialId: null}, Type:RATIS, Factor:THREE, State:OPEN]. Failed nodes: [7e391b60-07ae-4d97-a027-4756e468c032{ip: null, host: null, networkLocation: /default-rack, certSerialId: null}]
2019-08-23 18:29:36,248 | INFO  | SCMAudit | user=jenkins1000 | ip=192.168.34.23 | op=SEND_HEARTBEAT {datanodeUUID=58706fd2-d7f7-4771-af80-9e0541495c87, command=[]} | ret=SUCCESS |  
2019-08-23 18:29:36,248 | INFO  | SCMAudit | user=jenkins1000 | ip=192.168.34.23 | op=SEND_HEARTBEAT {datanodeUUID=48affcab-e6e4-4602-963a-f6a50efbd54c, command=[]} | ret=SUCCESS |  
2019-08-23 18:29:36,250 | INFO  | SCMAudit | user=jenkins1000 | ip=192.168.34.23 | op=SEND_HEARTBEAT {datanodeUUID=c5f86d96-67df-4f25-bde3-316f439d30b3, command=[]} | ret=SUCCESS |  
2019-08-23 18:29:36,251 | INFO  | SCMAudit | user=jenkins1000 | ip=192.168.34.23 | op=SEND_HEARTBEAT {datanodeUUID=c83cddd0-22b5-491d-bff0-a36373498de2, command=[]} | ret=SUCCESS |  
2019-08-23 18:29:36,253 | INFO  | SCMAudit | user=jenkins1000 | ip=192.168.34.23 | op=SEND_HEARTBEAT {datanodeUUID=7e391b60-07ae-4d97-a027-4756e468c032, command=[]} | ret=SUCCESS |  
 0.00% |█                                                                                                    |  0/1 Time: 0:00:432019-08-23 18:29:36,932 | INFO  | DNAudit | user=null | ip=null | op=WRITE_CHUNK {blockData=conID: 1 locID: 102667712319980191 bcsId: 4935} | ret=SUCCESS |  
2019-08-23 18:29:36,935 | INFO  | DNAudit | user=null | ip=null | op=WRITE_CHUNK {blockData=conID: 1 locID: 102667712319980191 bcsId: 4935} | ret=SUCCESS |  
2019-08-23 18:29:36,935 | INFO  | DNAudit | user=null | ip=null | op=WRITE_CHUNK {blockData=conID: 1 locID: 102667712319980191 bcsId: 4935} | ret=SUCCESS |  
2019-08-23 18:29:37,248 | INFO  | SCMAudit | user=jenkins1000 | ip=192.168.34.23 | op=SEND_HEARTBEAT {datanodeUUID=58706fd2-d7f7-4771-af80-9e0541495c87, command=[]} | ret=SUCCESS |  
2019-08-23 18:29:37,249 | INFO  | SCMAudit | user=jenkins1000 | ip=192.168.34.23 | op=SEND_HEARTBEAT {datanodeUUID=48affcab-e6e4-4602-963a-f6a50efbd54c, command=[]} | ret=SUCCESS |  
2019-08-23 18:29:37,250 | INFO  | SCMAudit | user=jenkins1000 | ip=192.168.34.23 | op=SEND_HEARTBEAT {datanodeUUID=c5f86d96-67df-4f25-bde3-316f439d30b3, command=[]} | ret=SUCCESS |  
2019-08-23 18:29:37,251 | INFO  | SCMAudit | user=jenkins1000 | ip=192.168.34.23 | op=SEND_HEARTBEAT {datanodeUUID=c83cddd0-22b5-491d-bff0-a36373498de2, command=[]} | ret=SUCCESS |  
2019-08-23 18:29:37,253 | INFO  | SCMAudit | user=jenkins1000 | ip=192.168.34.23 | op=SEND_HEARTBEAT {datanodeUUID=7e391b60-07ae-4d97-a027-4756e468c032, command=[]} | ret=SUCCESS |  
 0.00% |█                                                                                                    |  0/1 Time: 0:00:442019-08-23 18:29:38,248 | INFO  | SCMAudit | user=jenkins1000 | ip=192.168.34.23 | op=SEND_HEARTBEAT {datanodeUUID=58706fd2-d7f7-4771-af80-9e0541495c87, command=[]} | ret=SUCCESS |  
2019-08-23 18:29:38,249 | INFO  | SCMAudit | user=jenkins1000 | ip=192.168.34.23 | op=SEND_HEARTBEAT {datanodeUUID=48affcab-e6e4-4602-963a-f6a50efbd54c, command=[]} | ret=SUCCESS |  
2019-08-23 18:29:38,250 | INFO  | SCMAudit | user=jenkins1000 | ip=192.168.34.23 | op=SEND_HEARTBEAT {datanodeUUID=c5f86d96-67df-4f25-bde3-316f439d30b3, command=[]} | ret=SUCCESS |  
2019-08-23 18:29:38,251 | INFO  | SCMAudit | user=jenkins1000 | ip=192.168.34.23 | op=SEND_HEARTBEAT {datanodeUUID=c83cddd0-22b5-491d-bff0-a36373498de2, command=[]} | ret=SUCCESS |  
2019-08-23 18:29:38,253 | INFO  | SCMAudit | user=jenkins1000 | ip=192.168.34.23 | op=SEND_HEARTBEAT {datanodeUUID=7e391b60-07ae-4d97-a027-4756e468c032, command=[]} | ret=SUCCESS |  
 0.00% |█                                                                                                    |  0/1 Time: 0:00:452019-08-23 18:29:39,249 | INFO  | SCMAudit | user=jenkins1000 | ip=192.168.34.23 | op=SEND_HEARTBEAT {datanodeUUID=58706fd2-d7f7-4771-af80-9e0541495c87, command=[]} | ret=SUCCESS |  
2019-08-23 18:29:39,249 | INFO  | SCMAudit | user=jenkins1000 | ip=192.168.34.23 | op=SEND_HEARTBEAT {datanodeUUID=48affcab-e6e4-4602-963a-f6a50efbd54c, command=[]} | ret=SUCCESS |  
2019-08-23 18:29:39,251 | INFO  | SCMAudit | user=jenkins1000 | ip=192.168.34.23 | op=SEND_HEARTBEAT {datanodeUUID=c5f86d96-67df-4f25-bde3-316f439d30b3, command=[]} | ret=SUCCESS |  
2019-08-23 18:29:39,251 | INFO  | SCMAudit | user=jenkins1000 | ip=192.168.34.23 | op=SEND_HEARTBEAT {datanodeUUID=c83cddd0-22b5-491d-bff0-a36373498de2, command=[]} | ret=SUCCESS |  
2019-08-23 18:29:39,254 | INFO  | SCMAudit | user=jenkins1000 | ip=192.168.34.23 | op=SEND_HEARTBEAT {datanodeUUID=7e391b60-07ae-4d97-a027-4756e468c032, command=[]} | ret=SUCCESS |  
 0.00% |█                                                                                                    |  0/1 Time: 0:00:462019-08-23 18:29:39,930 [java.util.concurrent.ThreadPoolExecutor$Worker@6cc15e4c[State = -1, empty queue]] WARN  server.GrpcLogAppender (GrpcLogAppender.java:timeoutAppendRequest(200)) - GrpcLogAppender(48affcab-e6e4-4602-963a-f6a50efbd54c->c5f86d96-67df-4f25-bde3-316f439d30b3): appendEntries Timeout, request=48affcab-e6e4-4602-963a-f6a50efbd54c->c5f86d96-67df-4f25-bde3-316f439d30b3#4952-t2, previous=(t:2, i:4938), leaderCommit=4938, initializing? false, entries: size=1, first=(t:2, i:4939), STATEMACHINELOGENTRY, client-19C32667576E, cid=3271
2019-08-23 18:29:39,930 [java.util.concurrent.ThreadPoolExecutor$Worker@2b90a594[State = -1, empty queue]] WARN  server.GrpcLogAppender (GrpcLogAppender.java:timeoutAppendRequest(200)) - GrpcLogAppender(48affcab-e6e4-4602-963a-f6a50efbd54c->7e391b60-07ae-4d97-a027-4756e468c032): appendEntries Timeout, request=48affcab-e6e4-4602-963a-f6a50efbd54c->7e391b60-07ae-4d97-a027-4756e468c032#4952-t2, previous=(t:2, i:4938), leaderCommit=4938, initializing? false, entries: size=1, first=(t:2, i:4939), STATEMACHINELOGENTRY, client-19C32667576E, cid=3271
2019-08-23 18:29:40,249 | INFO  | SCMAudit | user=jenkins1000 | ip=192.168.34.23 | op=SEND_HEARTBEAT {datanodeUUID=58706fd2-d7f7-4771-af80-9e0541495c87, command=[]} | ret=SUCCESS |  
2019-08-23 18:29:40,249 | INFO  | SCMAudit | user=jenkins1000 | ip=192.168.34.23 | op=SEND_HEARTBEAT {datanodeUUID=48affcab-e6e4-4602-963a-f6a50efbd54c, command=[]} | ret=SUCCESS |  
2019-08-23 18:29:40,251 | INFO  | SCMAudit | user=jenkins1000 | ip=192.168.34.23 | op=SEND_HEARTBEAT {datanodeUUID=c83cddd0-22b5-491d-bff0-a36373498de2, command=[]} | ret=SUCCESS |  
2019-08-23 18:29:40,252 | INFO  | SCMAudit | user=jenkins1000 | ip=192.168.34.23 | op=SEND_HEARTBEAT {datanodeUUID=c5f86d96-67df-4f25-bde3-316f439d30b3, command=[]} | ret=SUCCESS |  
2019-08-23 18:29:40,254 | INFO  | SCMAudit | user=jenkins1000 | ip=192.168.34.23 | op=SEND_HEARTBEAT {datanodeUUID=7e391b60-07ae-4d97-a027-4756e468c032, command=[]} | ret=SUCCESS |  
 0.00% |█                                                                                                    |  0/1 Time: 0:00:472019-08-23 18:29:41,249 | INFO  | SCMAudit | user=jenkins1000 | ip=192.168.34.23 | op=SEND_HEARTBEAT {datanodeUUID=58706fd2-d7f7-4771-af80-9e0541495c87, command=[]} | ret=SUCCESS |  
2019-08-23 18:29:41,249 | INFO  | SCMAudit | user=jenkins1000 | ip=192.168.34.23 | op=SEND_HEARTBEAT {datanodeUUID=48affcab-e6e4-4602-963a-f6a50efbd54c, command=[]} | ret=SUCCESS |  
2019-08-23 18:29:41,251 | INFO  | SCMAudit | user=jenkins1000 | ip=192.168.34.23 | op=SEND_HEARTBEAT {datanodeUUID=c83cddd0-22b5-491d-bff0-a36373498de2, command=[]} | ret=SUCCESS |  
2019-08-23 18:29:41,251 | INFO  | SCMAudit | user=jenkins1000 | ip=192.168.34.23 | op=SEND_HEARTBEAT {datanodeUUID=c5f86d96-67df-4f25-bde3-316f439d30b3, command=[]} | ret=SUCCESS |  
2019-08-23 18:29:41,254 | INFO  | SCMAudit | user=jenkins1000 | ip=192.168.34.23 | op=SEND_HEARTBEAT {datanodeUUID=7e391b60-07ae-4d97-a027-4756e468c032, command=[]} | ret=SUCCESS |  
 0.00% |█                                                                                                    |  0/1 Time: 0:00:482019-08-23 18:29:41,952 [grpc-default-executor-5] INFO  client.GrpcClientProtocolClient (GrpcClientProtocolClient.java:onNext(255)) - client-19C32667576E->7e391b60-07ae-4d97-a027-4756e468c032: receive RaftClientReply:client-19C32667576E->7e391b60-07ae-4d97-a027-4756e468c032@group-50C56EAF5137, cid=3271, FAILED org.apache.ratis.protocol.NotLeaderException: Server 7e391b60-07ae-4d97-a027-4756e468c032 is not the leader (48affcab-e6e4-4602-963a-f6a50efbd54c:192.168.34.23:33985). Request must be sent to leader., logIndex=0, commits[7e391b60-07ae-4d97-a027-4756e468c032:c4938, c5f86d96-67df-4f25-bde3-316f439d30b3:c4935, 48affcab-e6e4-4602-963a-f6a50efbd54c:c4938]
2019-08-23 18:29:42,131 [grpc-default-executor-3] WARN  server.GrpcLogAppender (GrpcLogAppender.java:onNextImpl(250)) - org.apache.ratis.grpc.server.GrpcLogAppender$AppendLogResponseHandler@51afd15a: Request not found, ignoring reply: 48affcab-e6e4-4602-963a-f6a50efbd54c<-7e391b60-07ae-4d97-a027-4756e468c032#4952:OK,SUCCESS,nextIndex:4940,term:2,followerCommit:4938
2019-08-23 18:29:42,134 [grpc-default-executor-5] WARN  server.GrpcLogAppender (GrpcLogAppender.java:onNextImpl(250)) - org.apache.ratis.grpc.server.GrpcLogAppender$AppendLogResponseHandler@2631e865: Request not found, ignoring reply: 48affcab-e6e4-4602-963a-f6a50efbd54c<-c5f86d96-67df-4f25-bde3-316f439d30b3#4952:OK,SUCCESS,nextIndex:4940,term:2,followerCommit:4938
2019-08-23 18:29:42,205 | INFO  | DNAudit | user=null | ip=null | op=WRITE_CHUNK {blockData=conID: 1 locID: 102667712319980191 bcsId: 4935} | ret=SUCCESS |  
2019-08-23 18:29:42,211 [grpc-default-executor-5] INFO  client.GrpcClientProtocolClient (GrpcClientProtocolClient.java:onNext(255)) - client-19C32667576E->48affcab-e6e4-4602-963a-f6a50efbd54c: receive RaftClientReply:client-19C32667576E->48affcab-e6e4-4602-963a-f6a50efbd54c@group-50C56EAF5137, cid=3271, SUCCESS, logIndex=4939, commits[48affcab-e6e4-4602-963a-f6a50efbd54c:c4939, 7e391b60-07ae-4d97-a027-4756e468c032:c4938, c5f86d96-67df-4f25-bde3-316f439d30b3:c4938]
2019-08-23 18:29:42,249 | INFO  | SCMAudit | user=jenkins1000 | ip=192.168.34.23 | op=SEND_HEARTBEAT {datanodeUUID=48affcab-e6e4-4602-963a-f6a50efbd54c, command=[]} | ret=SUCCESS |  
2019-08-23 18:29:42,249 | INFO  | SCMAudit | user=jenkins1000 | ip=192.168.34.23 | op=SEND_HEARTBEAT {datanodeUUID=58706fd2-d7f7-4771-af80-9e0541495c87, command=[]} | ret=SUCCESS |  
2019-08-23 18:29:42,252 | INFO  | SCMAudit | user=jenkins1000 | ip=192.168.34.23 | op=SEND_HEARTBEAT {datanodeUUID=c5f86d96-67df-4f25-bde3-316f439d30b3, command=[]} | ret=SUCCESS |  
2019-08-23 18:29:42,252 | INFO  | SCMAudit | user=jenkins1000 | ip=192.168.34.23 | op=SEND_HEARTBEAT {datanodeUUID=c83cddd0-22b5-491d-bff0-a36373498de2, command=[]} | ret=SUCCESS |  
2019-08-23 18:29:42,254 | INFO  | SCMAudit | user=jenkins1000 | ip=192.168.34.23 | op=SEND_HEARTBEAT {datanodeUUID=7e391b60-07ae-4d97-a027-4756e468c032, command=[]} | ret=SUCCESS |  
 0.00% |█                                                                                                    |  0/1 Time: 0:00:492019-08-23 18:29:43,250 | INFO  | SCMAudit | user=jenkins1000 | ip=192.168.34.23 | op=SEND_HEARTBEAT {datanodeUUID=48affcab-e6e4-4602-963a-f6a50efbd54c, command=[]} | ret=SUCCESS |  
2019-08-23 18:29:43,250 | INFO  | SCMAudit | user=jenkins1000 | ip=192.168.34.23 | op=SEND_HEARTBEAT {datanodeUUID=58706fd2-d7f7-4771-af80-9e0541495c87, command=[]} | ret=SUCCESS |  
2019-08-23 18:29:43,251 | INFO  | SCMAudit | user=jenkins1000 | ip=192.168.34.23 | op=SEND_HEARTBEAT {datanodeUUID=c5f86d96-67df-4f25-bde3-316f439d30b3, command=[]} | ret=SUCCESS |  
2019-08-23 18:29:43,252 | INFO  | SCMAudit | user=jenkins1000 | ip=192.168.34.23 | op=SEND_HEARTBEAT {datanodeUUID=c83cddd0-22b5-491d-bff0-a36373498de2, command=[]} | ret=SUCCESS |  
2019-08-23 18:29:43,254 | INFO  | SCMAudit | user=jenkins1000 | ip=192.168.34.23 | op=SEND_HEARTBEAT {datanodeUUID=7e391b60-07ae-4d97-a027-4756e468c032, command=[]} | ret=SUCCESS |  
 0.00% |█                                                                                                    |  0/1 Time: 0:00:502019-08-23 18:29:43,625 | INFO  | DNAudit | user=null | ip=null | op=WRITE_CHUNK {blockData=conID: 1 locID: 102667712319980191 bcsId: 4935} | ret=SUCCESS |  
2019-08-23 18:29:43,625 | INFO  | DNAudit | user=null | ip=null | op=WRITE_CHUNK {blockData=conID: 1 locID: 102667712319980191 bcsId: 4935} | ret=SUCCESS |  
2019-08-23 18:29:43,627 | INFO  | DNAudit | user=null | ip=null | op=PUT_BLOCK {blockData=[blockId=conID: 1 locID: 102667712319980191 bcsId: 0,size=3145728]} | ret=SUCCESS |  
2019-08-23 18:29:43,634 [grpc-default-executor-5] INFO  client.GrpcClientProtocolClient (GrpcClientProtocolClient.java:onNext(255)) - client-19C32667576E->48affcab-e6e4-4602-963a-f6a50efbd54c: receive RaftClientReply:client-19C32667576E->48affcab-e6e4-4602-963a-f6a50efbd54c@group-50C56EAF5137, cid=3272, SUCCESS, logIndex=4941, commits[48affcab-e6e4-4602-963a-f6a50efbd54c:c4941, 7e391b60-07ae-4d97-a027-4756e468c032:c4939, c5f86d96-67df-4f25-bde3-316f439d30b3:c4939]
2019-08-23 18:29:43,648 | INFO  | DNAudit | user=null | ip=null | op=WRITE_CHUNK {blockData=conID: 1 locID: 102667712319980191 bcsId: 4941} | ret=SUCCESS |  
2019-08-23 18:29:43,653 | INFO  | DNAudit | user=null | ip=null | op=WRITE_CHUNK {blockData=conID: 1 locID: 102667712319980191 bcsId: 4941} | ret=SUCCESS |  
2019-08-23 18:29:43,654 | INFO  | DNAudit | user=null | ip=null | op=WRITE_CHUNK {blockData=conID: 1 locID: 102667712319980191 bcsId: 4941} | ret=SUCCESS |  
2019-08-23 18:29:44,250 | INFO  | SCMAudit | user=jenkins1000 | ip=192.168.34.23 | op=SEND_HEARTBEAT {datanodeUUID=48affcab-e6e4-4602-963a-f6a50efbd54c, command=[]} | ret=SUCCESS |  
2019-08-23 18:29:44,250 | INFO  | SCMAudit | user=jenkins1000 | ip=192.168.34.23 | op=SEND_HEARTBEAT {datanodeUUID=58706fd2-d7f7-4771-af80-9e0541495c87, command=[]} | ret=SUCCESS |  
2019-08-23 18:29:44,251 | INFO  | SCMAudit | user=jenkins1000 | ip=192.168.34.23 | op=SEND_HEARTBEAT {datanodeUUID=c5f86d96-67df-4f25-bde3-316f439d30b3, command=[]} | ret=SUCCESS |  
2019-08-23 18:29:44,252 | INFO  | SCMAudit | user=jenkins1000 | ip=192.168.34.23 | op=SEND_HEARTBEAT {datanodeUUID=c83cddd0-22b5-491d-bff0-a36373498de2, command=[]} | ret=SUCCESS |  
2019-08-23 18:29:44,254 | INFO  | SCMAudit | user=jenkins1000 | ip=192.168.34.23 | op=SEND_HEARTBEAT {datanodeUUID=7e391b60-07ae-4d97-a027-4756e468c032, command=[]} | ret=SUCCESS |  
 0.00% |█                                                                                                    |  0/1 Time: 0:00:512019-08-23 18:29:44,827 | INFO  | DNAudit | user=null | ip=null | op=PUT_BLOCK {blockData=[blockId=conID: 1 locID: 102667712319980191 bcsId: 0,size=3145728]} | ret=SUCCESS |  
2019-08-23 18:29:44,829 | INFO  | DNAudit | user=null | ip=null | op=PUT_BLOCK {blockData=[blockId=conID: 1 locID: 102667712319980191 bcsId: 0,size=3145728]} | ret=SUCCESS |  
2019-08-23 18:29:45,250 | INFO  | SCMAudit | user=jenkins1000 | ip=192.168.34.23 | op=SEND_HEARTBEAT {datanodeUUID=58706fd2-d7f7-4771-af80-9e0541495c87, command=[]} | ret=SUCCESS |  
2019-08-23 18:29:45,250 | INFO  | SCMAudit | user=jenkins1000 | ip=192.168.34.23 | op=SEND_HEARTBEAT {datanodeUUID=48affcab-e6e4-4602-963a-f6a50efbd54c, command=[]} | ret=SUCCESS |  
2019-08-23 18:29:45,251 | INFO  | SCMAudit | user=jenkins1000 | ip=192.168.34.23 | op=SEND_HEARTBEAT {datanodeUUID=c5f86d96-67df-4f25-bde3-316f439d30b3, command=[]} | ret=SUCCESS |  
2019-08-23 18:29:45,252 | INFO  | SCMAudit | user=jenkins1000 | ip=192.168.34.23 | op=SEND_HEARTBEAT {datanodeUUID=c83cddd0-22b5-491d-bff0-a36373498de2, command=[]} | ret=SUCCESS |  
2019-08-23 18:29:45,254 | INFO  | SCMAudit | user=jenkins1000 | ip=192.168.34.23 | op=SEND_HEARTBEAT {datanodeUUID=7e391b60-07ae-4d97-a027-4756e468c032, command=[]} | ret=SUCCESS |  
 0.00% |█                                                                                                    |  0/1 Time: 0:00:522019-08-23 18:29:46,250 | INFO  | SCMAudit | user=jenkins1000 | ip=192.168.34.23 | op=SEND_HEARTBEAT {datanodeUUID=48affcab-e6e4-4602-963a-f6a50efbd54c, command=[]} | ret=SUCCESS |  
2019-08-23 18:29:46,250 | INFO  | SCMAudit | user=jenkins1000 | ip=192.168.34.23 | op=SEND_HEARTBEAT {datanodeUUID=58706fd2-d7f7-4771-af80-9e0541495c87, command=[]} | ret=SUCCESS |  
2019-08-23 18:29:46,252 | INFO  | SCMAudit | user=jenkins1000 | ip=192.168.34.23 | op=SEND_HEARTBEAT {datanodeUUID=c5f86d96-67df-4f25-bde3-316f439d30b3, command=[]} | ret=SUCCESS |  
2019-08-23 18:29:46,252 | INFO  | SCMAudit | user=jenkins1000 | ip=192.168.34.23 | op=SEND_HEARTBEAT {datanodeUUID=c83cddd0-22b5-491d-bff0-a36373498de2, command=[]} | ret=SUCCESS |  
2019-08-23 18:29:46,254 | INFO  | SCMAudit | user=jenkins1000 | ip=192.168.34.23 | op=SEND_HEARTBEAT {datanodeUUID=7e391b60-07ae-4d97-a027-4756e468c032, command=[]} | ret=SUCCESS |  
 0.00% |█                                                                                                    |  0/1 Time: 0:00:532019-08-23 18:29:46,647 [java.util.concurrent.ThreadPoolExecutor$Worker@2b90a594[State = -1, empty queue]] WARN  server.GrpcLogAppender (GrpcLogAppender.java:timeoutAppendRequest(200)) - GrpcLogAppender(48affcab-e6e4-4602-963a-f6a50efbd54c->7e391b60-07ae-4d97-a027-4756e468c032): appendEntries Timeout, request=48affcab-e6e4-4602-963a-f6a50efbd54c->7e391b60-07ae-4d97-a027-4756e468c032#4958-t2, previous=(t:2, i:4942), leaderCommit=4941, initializing? false, entries: size=1, first=(t:2, i:4943), STATEMACHINELOGENTRY, client-19C32667576E, cid=3273
2019-08-23 18:29:46,647 [java.util.concurrent.ThreadPoolExecutor$Worker@6cc15e4c[State = -1, empty queue]] WARN  server.GrpcLogAppender (GrpcLogAppender.java:timeoutAppendRequest(200)) - GrpcLogAppender(48affcab-e6e4-4602-963a-f6a50efbd54c->c5f86d96-67df-4f25-bde3-316f439d30b3): appendEntries Timeout, request=48affcab-e6e4-4602-963a-f6a50efbd54c->c5f86d96-67df-4f25-bde3-316f439d30b3#4958-t2, previous=(t:2, i:4942), leaderCommit=4941, initializing? false, entries: size=1, first=(t:2, i:4943), STATEMACHINELOGENTRY, client-19C32667576E, cid=3273
2019-08-23 18:29:46,647 [java.util.concurrent.ThreadPoolExecutor$Worker@2b90a594[State = -1, empty queue]] WARN  server.GrpcLogAppender (GrpcLogAppender.java:timeoutAppendRequest(200)) - GrpcLogAppender(48affcab-e6e4-4602-963a-f6a50efbd54c->7e391b60-07ae-4d97-a027-4756e468c032): appendEntries Timeout, request=48affcab-e6e4-4602-963a-f6a50efbd54c->7e391b60-07ae-4d97-a027-4756e468c032#4959-t2, previous=(t:2, i:4943), leaderCommit=4941, initializing? false, entries: size=1, first=(t:2, i:4944), STATEMACHINELOGENTRY, client-19C32667576E, cid=3274
2019-08-23 18:29:46,647 [java.util.concurrent.ThreadPoolExecutor$Worker@6cc15e4c[State = -1, empty queue]] WARN  server.GrpcLogAppender (GrpcLogAppender.java:timeoutAppendRequest(200)) - GrpcLogAppender(48affcab-e6e4-4602-963a-f6a50efbd54c->c5f86d96-67df-4f25-bde3-316f439d30b3): appendEntries Timeout, request=48affcab-e6e4-4602-963a-f6a50efbd54c->c5f86d96-67df-4f25-bde3-316f439d30b3#4959-t2, previous=(t:2, i:4943), leaderCommit=4941, initializing? false, entries: size=1, first=(t:2, i:4944), STATEMACHINELOGENTRY, client-19C32667576E, cid=3274
2019-08-23 18:29:47,250 | INFO  | SCMAudit | user=jenkins1000 | ip=192.168.34.23 | op=SEND_HEARTBEAT {datanodeUUID=58706fd2-d7f7-4771-af80-9e0541495c87, command=[]} | ret=SUCCESS |  
2019-08-23 18:29:47,250 | INFO  | SCMAudit | user=jenkins1000 | ip=192.168.34.23 | op=SEND_HEARTBEAT {datanodeUUID=48affcab-e6e4-4602-963a-f6a50efbd54c, command=[]} | ret=SUCCESS |  
2019-08-23 18:29:47,252 | INFO  | SCMAudit | user=jenkins1000 | ip=192.168.34.23 | op=SEND_HEARTBEAT {datanodeUUID=c5f86d96-67df-4f25-bde3-316f439d30b3, command=[]} | ret=SUCCESS |  
2019-08-23 18:29:47,252 | INFO  | SCMAudit | user=jenkins1000 | ip=192.168.34.23 | op=SEND_HEARTBEAT {datanodeUUID=c83cddd0-22b5-491d-bff0-a36373498de2, command=[]} | ret=SUCCESS |  
2019-08-23 18:29:47,255 | INFO  | SCMAudit | user=jenkins1000 | ip=192.168.34.23 | op=SEND_HEARTBEAT {datanodeUUID=7e391b60-07ae-4d97-a027-4756e468c032, command=[]} | ret=SUCCESS |  
 0.00% |█                                                                                                    |  0/1 Time: 0:00:542019-08-23 18:29:47,607 [grpc-default-executor-0] WARN  server.GrpcLogAppender (GrpcLogAppender.java:onNextImpl(250)) - org.apache.ratis.grpc.server.GrpcLogAppender$AppendLogResponseHandler@2631e865: Request not found, ignoring reply: 48affcab-e6e4-4602-963a-f6a50efbd54c<-c5f86d96-67df-4f25-bde3-316f439d30b3#4958:OK,SUCCESS,nextIndex:4944,term:2,followerCommit:4942
2019-08-23 18:29:47,607 [grpc-default-executor-3] WARN  server.GrpcLogAppender (GrpcLogAppender.java:onNextImpl(250)) - org.apache.ratis.grpc.server.GrpcLogAppender$AppendLogResponseHandler@51afd15a: Request not found, ignoring reply: 48affcab-e6e4-4602-963a-f6a50efbd54c<-7e391b60-07ae-4d97-a027-4756e468c032#4958:OK,SUCCESS,nextIndex:4944,term:2,followerCommit:4942
2019-08-23 18:29:47,618 [grpc-default-executor-0] WARN  server.GrpcLogAppender (GrpcLogAppender.java:onNextImpl(250)) - org.apache.ratis.grpc.server.GrpcLogAppender$AppendLogResponseHandler@2631e865: Request not found, ignoring reply: 48affcab-e6e4-4602-963a-f6a50efbd54c<-c5f86d96-67df-4f25-bde3-316f439d30b3#4959:OK,SUCCESS,nextIndex:4945,term:2,followerCommit:4942
2019-08-23 18:29:47,618 [grpc-default-executor-3] WARN  server.GrpcLogAppender (GrpcLogAppender.java:onNextImpl(250)) - org.apache.ratis.grpc.server.GrpcLogAppender$AppendLogResponseHandler@51afd15a: Request not found, ignoring reply: 48affcab-e6e4-4602-963a-f6a50efbd54c<-7e391b60-07ae-4d97-a027-4756e468c032#4959:OK,SUCCESS,nextIndex:4945,term:2,followerCommit:4942
2019-08-23 18:29:47,619 | INFO  | DNAudit | user=null | ip=null | op=WRITE_CHUNK {blockData=conID: 1 locID: 102667712319980191 bcsId: 4941} | ret=SUCCESS |  
2019-08-23 18:29:47,621 | INFO  | DNAudit | user=null | ip=null | op=PUT_BLOCK {blockData=[blockId=conID: 1 locID: 102667712319980191 bcsId: 0,size=4194304]} | ret=SUCCESS |  
2019-08-23 18:29:47,621 [grpc-default-executor-3] INFO  client.GrpcClientProtocolClient (GrpcClientProtocolClient.java:onNext(255)) - client-19C32667576E->48affcab-e6e4-4602-963a-f6a50efbd54c: receive RaftClientReply:client-19C32667576E->48affcab-e6e4-4602-963a-f6a50efbd54c@group-50C56EAF5137, cid=3273, SUCCESS, logIndex=4943, commits[48affcab-e6e4-4602-963a-f6a50efbd54c:c4944, 7e391b60-07ae-4d97-a027-4756e468c032:c4942, c5f86d96-67df-4f25-bde3-316f439d30b3:c4942]
2019-08-23 18:29:47,622 [grpc-default-executor-3] INFO  client.GrpcClientProtocolClient (GrpcClientProtocolClient.java:onNext(255)) - client-19C32667576E->48affcab-e6e4-4602-963a-f6a50efbd54c: receive RaftClientReply:client-19C32667576E->48affcab-e6e4-4602-963a-f6a50efbd54c@group-50C56EAF5137, cid=3274, SUCCESS, logIndex=4944, commits[48affcab-e6e4-4602-963a-f6a50efbd54c:c4944, 7e391b60-07ae-4d97-a027-4756e468c032:c4942, c5f86d96-67df-4f25-bde3-316f439d30b3:c4942]
2019-08-23 18:29:48,251 | INFO  | SCMAudit | user=jenkins1000 | ip=192.168.34.23 | op=SEND_HEARTBEAT {datanodeUUID=48affcab-e6e4-4602-963a-f6a50efbd54c, command=[]} | ret=SUCCESS |  
2019-08-23 18:29:48,251 | INFO  | SCMAudit | user=jenkins1000 | ip=192.168.34.23 | op=SEND_HEARTBEAT {datanodeUUID=58706fd2-d7f7-4771-af80-9e0541495c87, command=[]} | ret=SUCCESS |  
2019-08-23 18:29:48,251 | INFO  | SCMAudit | user=jenkins1000 | ip=192.168.34.23 | op=SEND_HEARTBEAT {datanodeUUID=c5f86d96-67df-4f25-bde3-316f439d30b3, command=[]} | ret=SUCCESS |  
2019-08-23 18:29:48,253 | INFO  | SCMAudit | user=jenkins1000 | ip=192.168.34.23 | op=SEND_HEARTBEAT {datanodeUUID=c83cddd0-22b5-491d-bff0-a36373498de2, command=[]} | ret=SUCCESS |  
2019-08-23 18:29:48,256 | INFO  | SCMAudit | user=jenkins1000 | ip=192.168.34.23 | op=SEND_HEARTBEAT {datanodeUUID=7e391b60-07ae-4d97-a027-4756e468c032, command=[]} | ret=SUCCESS |  
 0.00% |█                                                                                                    |  0/1 Time: 0:00:552019-08-23 18:29:49,250 | INFO  | SCMAudit | user=jenkins1000 | ip=192.168.34.23 | op=SEND_HEARTBEAT {datanodeUUID=58706fd2-d7f7-4771-af80-9e0541495c87, command=[]} | ret=SUCCESS |  
2019-08-23 18:29:49,250 | INFO  | SCMAudit | user=jenkins1000 | ip=192.168.34.23 | op=SEND_HEARTBEAT {datanodeUUID=48affcab-e6e4-4602-963a-f6a50efbd54c, command=[]} | ret=SUCCESS |  
2019-08-23 18:29:49,251 | INFO  | SCMAudit | user=jenkins1000 | ip=192.168.34.23 | op=SEND_HEARTBEAT {datanodeUUID=c5f86d96-67df-4f25-bde3-316f439d30b3, command=[]} | ret=SUCCESS |  
2019-08-23 18:29:49,252 | INFO  | SCMAudit | user=jenkins1000 | ip=192.168.34.23 | op=SEND_HEARTBEAT {datanodeUUID=c83cddd0-22b5-491d-bff0-a36373498de2, command=[]} | ret=SUCCESS |  
2019-08-23 18:29:49,257 | INFO  | SCMAudit | user=jenkins1000 | ip=192.168.34.23 | op=SEND_HEARTBEAT {datanodeUUID=7e391b60-07ae-4d97-a027-4756e468c032, command=[]} | ret=SUCCESS |  
 0.00% |█                                                                                                    |  0/1 Time: 0:00:562019-08-23 18:29:50,121 | INFO  | DNAudit | user=null | ip=null | op=WRITE_CHUNK {blockData=conID: 1 locID: 102667712319980191 bcsId: 4941} | ret=SUCCESS |  
2019-08-23 18:29:50,121 | INFO  | DNAudit | user=null | ip=null | op=WRITE_CHUNK {blockData=conID: 1 locID: 102667712319980191 bcsId: 4941} | ret=SUCCESS |  
2019-08-23 18:29:50,121 | INFO  | DNAudit | user=null | ip=null | op=PUT_BLOCK {blockData=[blockId=conID: 1 locID: 102667712319980191 bcsId: 0,size=4194304]} | ret=SUCCESS |  
2019-08-23 18:29:50,121 | INFO  | DNAudit | user=null | ip=null | op=PUT_BLOCK {blockData=[blockId=conID: 1 locID: 102667712319980191 bcsId: 0,size=4194304]} | ret=SUCCESS |  
2019-08-23 18:29:50,250 | INFO  | SCMAudit | user=jenkins1000 | ip=192.168.34.23 | op=SEND_HEARTBEAT {datanodeUUID=58706fd2-d7f7-4771-af80-9e0541495c87, command=[]} | ret=SUCCESS |  
2019-08-23 18:29:50,250 | INFO  | SCMAudit | user=jenkins1000 | ip=192.168.34.23 | op=SEND_HEARTBEAT {datanodeUUID=48affcab-e6e4-4602-963a-f6a50efbd54c, command=[]} | ret=SUCCESS |  
2019-08-23 18:29:50,252 | INFO  | SCMAudit | user=jenkins1000 | ip=192.168.34.23 | op=SEND_HEARTBEAT {datanodeUUID=c5f86d96-67df-4f25-bde3-316f439d30b3, command=[]} | ret=SUCCESS |  
2019-08-23 18:29:50,252 | INFO  | SCMAudit | user=jenkins1000 | ip=192.168.34.23 | op=SEND_HEARTBEAT {datanodeUUID=c83cddd0-22b5-491d-bff0-a36373498de2, command=[]} | ret=SUCCESS |  
2019-08-23 18:29:50,257 | INFO  | SCMAudit | user=jenkins1000 | ip=192.168.34.23 | op=SEND_HEARTBEAT {datanodeUUID=7e391b60-07ae-4d97-a027-4756e468c032, command=[]} | ret=SUCCESS |  
 0.00% |█                                                                                                    |  0/1 Time: 0:00:572019-08-23 18:29:50,619 [java.util.concurrent.ThreadPoolExecutor$Worker@6cc15e4c[State = -1, empty queue]] WARN  server.GrpcLogAppender (GrpcLogAppender.java:timeoutAppendRequest(200)) - GrpcLogAppender(48affcab-e6e4-4602-963a-f6a50efbd54c->c5f86d96-67df-4f25-bde3-316f439d30b3): appendEntries Timeout, request=48affcab-e6e4-4602-963a-f6a50efbd54c->c5f86d96-67df-4f25-bde3-316f439d30b3#4961-t2, previous=(t:2, i:4944), leaderCommit=4944, initializing? false, entries: size=1, first=(t:2, i:4945), METADATAENTRY(c4944)
2019-08-23 18:29:50,619 [java.util.concurrent.ThreadPoolExecutor$Worker@2b90a594[State = -1, empty queue]] WARN  server.GrpcLogAppender (GrpcLogAppender.java:timeoutAppendRequest(200)) - GrpcLogAppender(48affcab-e6e4-4602-963a-f6a50efbd54c->7e391b60-07ae-4d97-a027-4756e468c032): appendEntries Timeout, request=48affcab-e6e4-4602-963a-f6a50efbd54c->7e391b60-07ae-4d97-a027-4756e468c032#4961-t2, previous=(t:2, i:4944), leaderCommit=4944, initializing? false, entries: size=1, first=(t:2, i:4945), METADATAENTRY(c4944)
2019-08-23 18:29:51,251 | INFO  | SCMAudit | user=jenkins1000 | ip=192.168.34.23 | op=SEND_HEARTBEAT {datanodeUUID=58706fd2-d7f7-4771-af80-9e0541495c87, command=[]} | ret=SUCCESS |  
2019-08-23 18:29:51,251 | INFO  | SCMAudit | user=jenkins1000 | ip=192.168.34.23 | op=SEND_HEARTBEAT {datanodeUUID=48affcab-e6e4-4602-963a-f6a50efbd54c, command=[]} | ret=SUCCESS |  
2019-08-23 18:29:51,252 | INFO  | SCMAudit | user=jenkins1000 | ip=192.168.34.23 | op=SEND_HEARTBEAT {datanodeUUID=c5f86d96-67df-4f25-bde3-316f439d30b3, command=[]} | ret=SUCCESS |  
2019-08-23 18:29:51,253 | INFO  | SCMAudit | user=jenkins1000 | ip=192.168.34.23 | op=SEND_HEARTBEAT {datanodeUUID=c83cddd0-22b5-491d-bff0-a36373498de2, command=[]} | ret=SUCCESS |  
2019-08-23 18:29:51,257 | INFO  | SCMAudit | user=jenkins1000 | ip=192.168.34.23 | op=SEND_HEARTBEAT {datanodeUUID=7e391b60-07ae-4d97-a027-4756e468c032, command=[]} | ret=SUCCESS |  
 0.00% |█                                                                                                    |  0/1 Time: 0:00:582019-08-23 18:29:51,585 [grpc-default-executor-0] WARN  server.GrpcLogAppender (GrpcLogAppender.java:onNextImpl(250)) - org.apache.ratis.grpc.server.GrpcLogAppender$AppendLogResponseHandler@2631e865: Request not found, ignoring reply: 48affcab-e6e4-4602-963a-f6a50efbd54c<-c5f86d96-67df-4f25-bde3-316f439d30b3#4961:OK,SUCCESS,nextIndex:4946,term:2,followerCommit:4944
2019-08-23 18:29:51,585 [grpc-default-executor-3] WARN  server.GrpcLogAppender (GrpcLogAppender.java:onNextImpl(250)) - org.apache.ratis.grpc.server.GrpcLogAppender$AppendLogResponseHandler@51afd15a: Request not found, ignoring reply: 48affcab-e6e4-4602-963a-f6a50efbd54c<-7e391b60-07ae-4d97-a027-4756e468c032#4961:OK,SUCCESS,nextIndex:4946,term:2,followerCommit:4944
2019-08-23 18:29:52,250 | INFO  | SCMAudit | user=jenkins1000 | ip=192.168.34.23 | op=SEND_HEARTBEAT {datanodeUUID=48affcab-e6e4-4602-963a-f6a50efbd54c, command=[]} | ret=SUCCESS |  
2019-08-23 18:29:52,250 | INFO  | SCMAudit | user=jenkins1000 | ip=192.168.34.23 | op=SEND_HEARTBEAT {datanodeUUID=58706fd2-d7f7-4771-af80-9e0541495c87, command=[]} | ret=SUCCESS |  
2019-08-23 18:29:52,252 | INFO  | SCMAudit | user=jenkins1000 | ip=192.168.34.23 | op=SEND_HEARTBEAT {datanodeUUID=c5f86d96-67df-4f25-bde3-316f439d30b3, command=[]} | ret=SUCCESS |  
2019-08-23 18:29:52,253 | INFO  | SCMAudit | user=jenkins1000 | ip=192.168.34.23 | op=SEND_HEARTBEAT {datanodeUUID=c83cddd0-22b5-491d-bff0-a36373498de2, command=[]} | ret=SUCCESS |  
2019-08-23 18:29:52,257 | INFO  | SCMAudit | user=jenkins1000 | ip=192.168.34.23 | op=SEND_HEARTBEAT {datanodeUUID=7e391b60-07ae-4d97-a027-4756e468c032, command=[]} | ret=SUCCESS |  
 0.00% |█                                                                                                    |  0/1 Time: 0:00:592019-08-23 18:29:52,673 [grpc-default-executor-0] INFO  client.GrpcClientProtocolClient (GrpcClientProtocolClient.java:onNext(255)) - client-19C32667576E->c5f86d96-67df-4f25-bde3-316f439d30b3: receive RaftClientReply:client-19C32667576E->c5f86d96-67df-4f25-bde3-316f439d30b3@group-50C56EAF5137, cid=3273, FAILED org.apache.ratis.protocol.NotLeaderException: Server c5f86d96-67df-4f25-bde3-316f439d30b3 is not the leader (48affcab-e6e4-4602-963a-f6a50efbd54c:192.168.34.23:33985). Request must be sent to leader., logIndex=0, commits[c5f86d96-67df-4f25-bde3-316f439d30b3:c4944, 7e391b60-07ae-4d97-a027-4756e468c032:c4942, 48affcab-e6e4-4602-963a-f6a50efbd54c:c4944]
2019-08-23 18:29:52,700 [grpc-default-executor-0] INFO  client.GrpcClientProtocolClient (GrpcClientProtocolClient.java:onNext(255)) - client-19C32667576E->48affcab-e6e4-4602-963a-f6a50efbd54c: receive RaftClientReply:client-19C32667576E->48affcab-e6e4-4602-963a-f6a50efbd54c@group-50C56EAF5137, cid=3273, SUCCESS, logIndex=4943, commits[48affcab-e6e4-4602-963a-f6a50efbd54c:c4944, 7e391b60-07ae-4d97-a027-4756e468c032:c4942, c5f86d96-67df-4f25-bde3-316f439d30b3:c4942]
2019-08-23 18:29:52,708 [grpc-default-executor-3] INFO  client.GrpcClientProtocolClient (GrpcClientProtocolClient.java:onNext(255)) - client-19C32667576E->48affcab-e6e4-4602-963a-f6a50efbd54c: receive RaftClientReply:client-19C32667576E->48affcab-e6e4-4602-963a-f6a50efbd54c@group-50C56EAF5137, cid=3274, SUCCESS, logIndex=4944, commits[48affcab-e6e4-4602-963a-f6a50efbd54c:c4944, 7e391b60-07ae-4d97-a027-4756e468c032:c4942, c5f86d96-67df-4f25-bde3-316f439d30b3:c4942]
2019-08-23 18:29:52,715 [grpc-default-executor-3] INFO  client.GrpcClientProtocolClient (GrpcClientProtocolClient.java:onNext(255)) - client-19C32667576E->48affcab-e6e4-4602-963a-f6a50efbd54c: receive RaftClientReply:client-19C32667576E->48affcab-e6e4-4602-963a-f6a50efbd54c@group-50C56EAF5137, cid=3275, SUCCESS, logIndex=0, commits[48affcab-e6e4-4602-963a-f6a50efbd54c:c4945, 7e391b60-07ae-4d97-a027-4756e468c032:c4944, c5f86d96-67df-4f25-bde3-316f439d30b3:c4944]
2019-08-23 18:29:52,752 [IPC Server handler 5 on 35352] WARN  block.BlockManagerImpl (BlockManagerImpl.java:allocateBlock(192)) - Pipeline creation failed for type:RATIS factor:THREE. Retrying get pipelines call once.
org.apache.hadoop.hdds.scm.pipeline.InsufficientDatanodesException: Cannot create pipeline of factor 3 using 2 nodes.
	at org.apache.hadoop.hdds.scm.pipeline.RatisPipelineProvider.create(RatisPipelineProvider.java:151)
	at org.apache.hadoop.hdds.scm.pipeline.PipelineFactory.create(PipelineFactory.java:57)
	at org.apache.hadoop.hdds.scm.pipeline.SCMPipelineManager.createPipeline(SCMPipelineManager.java:149)
	at org.apache.hadoop.hdds.scm.block.BlockManagerImpl.allocateBlock(BlockManagerImpl.java:190)
	at org.apache.hadoop.hdds.scm.server.SCMBlockProtocolServer.allocateBlock(SCMBlockProtocolServer.java:175)
	at org.apache.hadoop.ozone.protocolPB.ScmBlockLocationProtocolServerSideTranslatorPB.allocateScmBlock(ScmBlockLocationProtocolServerSideTranslatorPB.java:153)
	at org.apache.hadoop.ozone.protocolPB.ScmBlockLocationProtocolServerSideTranslatorPB.send(ScmBlockLocationProtocolServerSideTranslatorPB.java:112)
	at org.apache.hadoop.hdds.protocol.proto.ScmBlockLocationProtocolProtos$ScmBlockLocationProtocolService$2.callBlockingMethod(ScmBlockLocationProtocolProtos.java:13157)
	at org.apache.hadoop.ipc.ProtobufRpcEngine$Server$ProtoBufRpcInvoker.call(ProtobufRpcEngine.java:524)
	at org.apache.hadoop.ipc.RPC$Server.call(RPC.java:1025)
	at org.apache.hadoop.ipc.Server$RpcCall.run(Server.java:876)
	at org.apache.hadoop.ipc.Server$RpcCall.run(Server.java:822)
	at java.security.AccessController.doPrivileged(Native Method)
	at javax.security.auth.Subject.doAs(Subject.java:422)
	at org.apache.hadoop.security.UserGroupInformation.doAs(UserGroupInformation.java:1730)
	at org.apache.hadoop.ipc.Server$Handler.run(Server.java:2682)
2019-08-23 18:29:52,753 [IPC Server handler 5 on 35352] INFO  block.BlockManagerImpl (BlockManagerImpl.java:allocateBlock(198)) - Could not find available pipeline of type:RATIS and factor:THREE even after retrying
2019-08-23 18:29:52,753 [IPC Server handler 5 on 35352] ERROR block.BlockManagerImpl (BlockManagerImpl.java:allocateBlock(222)) - Unable to allocate a block for the size: 4194304, type: RATIS, factor: THREE
2019-08-23 18:29:52,753 | INFO  | SCMAudit | user=jenkins1000 | ip=192.168.34.23 | op=ALLOCATE_BLOCK {owner=1ceb8b80-28f1-43fd-86c3-175afc07b8d1, size=4194304, type=RATIS, factor=THREE} | ret=SUCCESS |  
2019-08-23 18:29:52,756 | ERROR | OMAudit | user=jenkins1000 | ip=127.0.0.1 | op=ALLOCATE_BLOCK {volume=vol-0-45438, bucket=bucket-0-23891, key=key-0-22455, dataSize=0, replicationType=null, replicationFactor=null, keyLocationInfo=null, clientID=102667710122492306} | ret=FAILURE | org.apache.hadoop.hdds.scm.exceptions.SCMException: Allocated 0 blocks. Requested 1 blocks
	at org.apache.hadoop.hdds.scm.protocolPB.ScmBlockLocationProtocolClientSideTranslatorPB.handleError(ScmBlockLocationProtocolClientSideTranslatorPB.java:118)
	at org.apache.hadoop.hdds.scm.protocolPB.ScmBlockLocationProtocolClientSideTranslatorPB.allocateBlock(ScmBlockLocationProtocolClientSideTranslatorPB.java:156) 
2019-08-23 18:29:52,760 [pool-282-thread-1] ERROR io.BlockOutputStreamEntryPool (BlockOutputStreamEntryPool.java:allocateBlockIfNeeded(299)) - Try to allocate more blocks for write failed, already allocated 0 blocks for this write.
INTERNAL_ERROR org.apache.hadoop.ozone.om.exceptions.OMException: Allocated 0 blocks. Requested 1 blocks
	at org.apache.hadoop.ozone.om.protocolPB.OzoneManagerProtocolClientSideTranslatorPB.handleError(OzoneManagerProtocolClientSideTranslatorPB.java:725)
	at org.apache.hadoop.ozone.om.protocolPB.OzoneManagerProtocolClientSideTranslatorPB.allocateBlock(OzoneManagerProtocolClientSideTranslatorPB.java:757)
	at org.apache.hadoop.ozone.client.io.BlockOutputStreamEntryPool.allocateNewBlock(BlockOutputStreamEntryPool.java:248)
	at org.apache.hadoop.ozone.client.io.BlockOutputStreamEntryPool.allocateBlockIfNeeded(BlockOutputStreamEntryPool.java:296)
	at org.apache.hadoop.ozone.client.io.KeyOutputStream.handleWrite(KeyOutputStream.java:201)
	at org.apache.hadoop.ozone.client.io.KeyOutputStream.write(KeyOutputStream.java:193)
	at org.apache.hadoop.ozone.client.io.OzoneOutputStream.write(OzoneOutputStream.java:49)
	at org.apache.hadoop.ozone.freon.RandomKeyGenerator.createKey(RandomKeyGenerator.java:699)
	at org.apache.hadoop.ozone.freon.RandomKeyGenerator.access$1100(RandomKeyGenerator.java:87)
	at org.apache.hadoop.ozone.freon.RandomKeyGenerator$ObjectCreator.run(RandomKeyGenerator.java:606)
	at java.util.concurrent.Executors$RunnableAdapter.call(Executors.java:511)
	at java.util.concurrent.FutureTask.run(FutureTask.java:266)
	at java.util.concurrent.ThreadPoolExecutor.runWorker(ThreadPoolExecutor.java:1149)
	at java.util.concurrent.ThreadPoolExecutor$Worker.run(ThreadPoolExecutor.java:624)
	at java.lang.Thread.run(Thread.java:748)
2019-08-23 18:29:52,761 [pool-282-thread-1] ERROR freon.RandomKeyGenerator (RandomKeyGenerator.java:createKey(724)) - Exception while adding key: key-0-22455 in bucket: bucket-0-23891 of volume: vol-0-45438.
INTERNAL_ERROR org.apache.hadoop.ozone.om.exceptions.OMException: Allocated 0 blocks. Requested 1 blocks
	at org.apache.hadoop.ozone.om.protocolPB.OzoneManagerProtocolClientSideTranslatorPB.handleError(OzoneManagerProtocolClientSideTranslatorPB.java:725)
	at org.apache.hadoop.ozone.om.protocolPB.OzoneManagerProtocolClientSideTranslatorPB.allocateBlock(OzoneManagerProtocolClientSideTranslatorPB.java:757)
	at org.apache.hadoop.ozone.client.io.BlockOutputStreamEntryPool.allocateNewBlock(BlockOutputStreamEntryPool.java:248)
	at org.apache.hadoop.ozone.client.io.BlockOutputStreamEntryPool.allocateBlockIfNeeded(BlockOutputStreamEntryPool.java:296)
	at org.apache.hadoop.ozone.client.io.KeyOutputStream.handleWrite(KeyOutputStream.java:201)
	at org.apache.hadoop.ozone.client.io.KeyOutputStream.write(KeyOutputStream.java:193)
	at org.apache.hadoop.ozone.client.io.OzoneOutputStream.write(OzoneOutputStream.java:49)
	at org.apache.hadoop.ozone.freon.RandomKeyGenerator.createKey(RandomKeyGenerator.java:699)
	at org.apache.hadoop.ozone.freon.RandomKeyGenerator.access$1100(RandomKeyGenerator.java:87)
	at org.apache.hadoop.ozone.freon.RandomKeyGenerator$ObjectCreator.run(RandomKeyGenerator.java:606)
	at java.util.concurrent.Executors$RunnableAdapter.call(Executors.java:511)
	at java.util.concurrent.FutureTask.run(FutureTask.java:266)
	at java.util.concurrent.ThreadPoolExecutor.runWorker(ThreadPoolExecutor.java:1149)
	at java.util.concurrent.ThreadPoolExecutor$Worker.run(ThreadPoolExecutor.java:624)
	at java.lang.Thread.run(Thread.java:748)
2019-08-23 18:29:53,251 | INFO  | SCMAudit | user=jenkins1000 | ip=192.168.34.23 | op=SEND_HEARTBEAT {datanodeUUID=58706fd2-d7f7-4771-af80-9e0541495c87, command=[]} | ret=SUCCESS |  
2019-08-23 18:29:53,251 | INFO  | SCMAudit | user=jenkins1000 | ip=192.168.34.23 | op=SEND_HEARTBEAT {datanodeUUID=48affcab-e6e4-4602-963a-f6a50efbd54c, command=[]} | ret=SUCCESS |  
2019-08-23 18:29:53,253 | INFO  | SCMAudit | user=jenkins1000 | ip=192.168.34.23 | op=SEND_HEARTBEAT {datanodeUUID=c83cddd0-22b5-491d-bff0-a36373498de2, command=[]} | ret=SUCCESS |  
2019-08-23 18:29:53,253 | INFO  | SCMAudit | user=jenkins1000 | ip=192.168.34.23 | op=SEND_HEARTBEAT {datanodeUUID=c5f86d96-67df-4f25-bde3-316f439d30b3, command=[]} | ret=SUCCESS |  
2019-08-23 18:29:53,257 | INFO  | SCMAudit | user=jenkins1000 | ip=192.168.34.23 | op=SEND_HEARTBEAT {datanodeUUID=7e391b60-07ae-4d97-a027-4756e468c032, command=[]} | ret=SUCCESS |  
 0.00% |█                                                                                                    |  0/1 Time: 0:01:002019-08-23 18:29:54,251 | INFO  | SCMAudit | user=jenkins1000 | ip=192.168.34.23 | op=SEND_HEARTBEAT {datanodeUUID=58706fd2-d7f7-4771-af80-9e0541495c87, command=[]} | ret=SUCCESS |  
2019-08-23 18:29:54,251 | INFO  | SCMAudit | user=jenkins1000 | ip=192.168.34.23 | op=SEND_HEARTBEAT {datanodeUUID=48affcab-e6e4-4602-963a-f6a50efbd54c, command=[]} | ret=SUCCESS |  
2019-08-23 18:29:54,253 | INFO  | SCMAudit | user=jenkins1000 | ip=192.168.34.23 | op=SEND_HEARTBEAT {datanodeUUID=c83cddd0-22b5-491d-bff0-a36373498de2, command=[]} | ret=SUCCESS |  
2019-08-23 18:29:54,253 | INFO  | SCMAudit | user=jenkins1000 | ip=192.168.34.23 | op=SEND_HEARTBEAT {datanodeUUID=c5f86d96-67df-4f25-bde3-316f439d30b3, command=[]} | ret=SUCCESS |  
2019-08-23 18:29:54,257 | INFO  | SCMAudit | user=jenkins1000 | ip=192.168.34.23 | op=SEND_HEARTBEAT {datanodeUUID=7e391b60-07ae-4d97-a027-4756e468c032, command=[]} | ret=SUCCESS |  
 0.00% |█                                                                                                    |  0/1 Time: 0:01:012019-08-23 18:29:55,251 | INFO  | SCMAudit | user=jenkins1000 | ip=192.168.34.23 | op=SEND_HEARTBEAT {datanodeUUID=48affcab-e6e4-4602-963a-f6a50efbd54c, command=[]} | ret=SUCCESS |  
2019-08-23 18:29:55,251 | INFO  | SCMAudit | user=jenkins1000 | ip=192.168.34.23 | op=SEND_HEARTBEAT {datanodeUUID=58706fd2-d7f7-4771-af80-9e0541495c87, command=[]} | ret=SUCCESS |  
2019-08-23 18:29:55,253 | INFO  | SCMAudit | user=jenkins1000 | ip=192.168.34.23 | op=SEND_HEARTBEAT {datanodeUUID=c83cddd0-22b5-491d-bff0-a36373498de2, command=[]} | ret=SUCCESS |  
2019-08-23 18:29:55,254 | INFO  | SCMAudit | user=jenkins1000 | ip=192.168.34.23 | op=SEND_HEARTBEAT {datanodeUUID=c5f86d96-67df-4f25-bde3-316f439d30b3, command=[]} | ret=SUCCESS |  
2019-08-23 18:29:55,257 | INFO  | SCMAudit | user=jenkins1000 | ip=192.168.34.23 | op=SEND_HEARTBEAT {datanodeUUID=7e391b60-07ae-4d97-a027-4756e468c032, command=[]} | ret=SUCCESS |  
 0.00% |█                                                                                                    |  0/1 Time: 0:01:022019-08-23 18:29:56,251 | INFO  | SCMAudit | user=jenkins1000 | ip=192.168.34.23 | op=SEND_HEARTBEAT {datanodeUUID=48affcab-e6e4-4602-963a-f6a50efbd54c, command=[]} | ret=SUCCESS |  
2019-08-23 18:29:56,251 | INFO  | SCMAudit | user=jenkins1000 | ip=192.168.34.23 | op=SEND_HEARTBEAT {datanodeUUID=58706fd2-d7f7-4771-af80-9e0541495c87, command=[]} | ret=SUCCESS |  
2019-08-23 18:29:56,253 | INFO  | SCMAudit | user=jenkins1000 | ip=192.168.34.23 | op=SEND_HEARTBEAT {datanodeUUID=c83cddd0-22b5-491d-bff0-a36373498de2, command=[]} | ret=SUCCESS |  
2019-08-23 18:29:56,254 | INFO  | SCMAudit | user=jenkins1000 | ip=192.168.34.23 | op=SEND_HEARTBEAT {datanodeUUID=c5f86d96-67df-4f25-bde3-316f439d30b3, command=[]} | ret=SUCCESS |  
2019-08-23 18:29:56,257 | INFO  | SCMAudit | user=jenkins1000 | ip=192.168.34.23 | op=SEND_HEARTBEAT {datanodeUUID=7e391b60-07ae-4d97-a027-4756e468c032, command=[]} | ret=SUCCESS |  
 0.00% |█                                                                                                    |  0/1 Time: 0:01:032019-08-23 18:29:57,251 | INFO  | SCMAudit | user=jenkins1000 | ip=192.168.34.23 | op=SEND_HEARTBEAT {datanodeUUID=58706fd2-d7f7-4771-af80-9e0541495c87, command=[]} | ret=SUCCESS |  
2019-08-23 18:29:57,252 | INFO  | SCMAudit | user=jenkins1000 | ip=192.168.34.23 | op=SEND_HEARTBEAT {datanodeUUID=48affcab-e6e4-4602-963a-f6a50efbd54c, command=[]} | ret=SUCCESS |  
2019-08-23 18:29:57,254 | INFO  | SCMAudit | user=jenkins1000 | ip=192.168.34.23 | op=SEND_HEARTBEAT {datanodeUUID=c83cddd0-22b5-491d-bff0-a36373498de2, command=[]} | ret=SUCCESS |  
2019-08-23 18:29:57,255 | INFO  | SCMAudit | user=jenkins1000 | ip=192.168.34.23 | op=SEND_HEARTBEAT {datanodeUUID=c5f86d96-67df-4f25-bde3-316f439d30b3, command=[]} | ret=SUCCESS |  
2019-08-23 18:29:57,257 | INFO  | SCMAudit | user=jenkins1000 | ip=192.168.34.23 | op=SEND_HEARTBEAT {datanodeUUID=7e391b60-07ae-4d97-a027-4756e468c032, command=[]} | ret=SUCCESS |  
 0.00% |█                                                                                                    |  0/1 Time: 0:01:042019-08-23 18:29:58,251 | INFO  | SCMAudit | user=jenkins1000 | ip=192.168.34.23 | op=SEND_HEARTBEAT {datanodeUUID=48affcab-e6e4-4602-963a-f6a50efbd54c, command=[]} | ret=SUCCESS |  
2019-08-23 18:29:58,251 | INFO  | SCMAudit | user=jenkins1000 | ip=192.168.34.23 | op=SEND_HEARTBEAT {datanodeUUID=58706fd2-d7f7-4771-af80-9e0541495c87, command=[]} | ret=SUCCESS |  
2019-08-23 18:29:58,254 | INFO  | SCMAudit | user=jenkins1000 | ip=192.168.34.23 | op=SEND_HEARTBEAT {datanodeUUID=c83cddd0-22b5-491d-bff0-a36373498de2, command=[]} | ret=SUCCESS |  
2019-08-23 18:29:58,254 | INFO  | SCMAudit | user=jenkins1000 | ip=192.168.34.23 | op=SEND_HEARTBEAT {datanodeUUID=c5f86d96-67df-4f25-bde3-316f439d30b3, command=[]} | ret=SUCCESS |  
2019-08-23 18:29:58,257 | INFO  | SCMAudit | user=jenkins1000 | ip=192.168.34.23 | op=SEND_HEARTBEAT {datanodeUUID=7e391b60-07ae-4d97-a027-4756e468c032, command=[]} | ret=SUCCESS |  
 100.00% |█████████████████████████████████████████████████████████████████████████████████████████████████████|  1/1 Time: 0:01:05
2019-08-23 18:29:59,251 | INFO  | SCMAudit | user=jenkins1000 | ip=192.168.34.23 | op=SEND_HEARTBEAT {datanodeUUID=48affcab-e6e4-4602-963a-f6a50efbd54c, command=[]} | ret=SUCCESS |  
2019-08-23 18:29:59,252 | INFO  | SCMAudit | user=jenkins1000 | ip=192.168.34.23 | op=SEND_HEARTBEAT {datanodeUUID=58706fd2-d7f7-4771-af80-9e0541495c87, command=[]} | ret=SUCCESS |  
2019-08-23 18:29:59,254 | INFO  | SCMAudit | user=jenkins1000 | ip=192.168.34.23 | op=SEND_HEARTBEAT {datanodeUUID=c5f86d96-67df-4f25-bde3-316f439d30b3, command=[]} | ret=SUCCESS |  
2019-08-23 18:29:59,254 | INFO  | SCMAudit | user=jenkins1000 | ip=192.168.34.23 | op=SEND_HEARTBEAT {datanodeUUID=c83cddd0-22b5-491d-bff0-a36373498de2, command=[]} | ret=SUCCESS |  
2019-08-23 18:29:59,257 | INFO  | SCMAudit | user=jenkins1000 | ip=192.168.34.23 | op=SEND_HEARTBEAT {datanodeUUID=7e391b60-07ae-4d97-a027-4756e468c032, command=[]} | ret=SUCCESS |  
2019-08-23 18:30:00,252 | INFO  | SCMAudit | user=jenkins1000 | ip=192.168.34.23 | op=SEND_HEARTBEAT {datanodeUUID=48affcab-e6e4-4602-963a-f6a50efbd54c, command=[]} | ret=SUCCESS |  
2019-08-23 18:30:00,253 | INFO  | SCMAudit | user=jenkins1000 | ip=192.168.34.23 | op=SEND_HEARTBEAT {datanodeUUID=58706fd2-d7f7-4771-af80-9e0541495c87, command=[]} | ret=SUCCESS |  
2019-08-23 18:30:00,254 | INFO  | SCMAudit | user=jenkins1000 | ip=192.168.34.23 | op=SEND_HEARTBEAT {datanodeUUID=c5f86d96-67df-4f25-bde3-316f439d30b3, command=[]} | ret=SUCCESS |  
2019-08-23 18:30:00,255 | INFO  | SCMAudit | user=jenkins1000 | ip=192.168.34.23 | op=SEND_HEARTBEAT {datanodeUUID=c83cddd0-22b5-491d-bff0-a36373498de2, command=[]} | ret=SUCCESS |  
2019-08-23 18:30:00,257 | INFO  | SCMAudit | user=jenkins1000 | ip=192.168.34.23 | op=SEND_HEARTBEAT {datanodeUUID=7e391b60-07ae-4d97-a027-4756e468c032, command=[]} | ret=SUCCESS |  
2019-08-23 18:30:01,252 | INFO  | SCMAudit | user=jenkins1000 | ip=192.168.34.23 | op=SEND_HEARTBEAT {datanodeUUID=58706fd2-d7f7-4771-af80-9e0541495c87, command=[]} | ret=SUCCESS |  
2019-08-23 18:30:01,252 | INFO  | SCMAudit | user=jenkins1000 | ip=192.168.34.23 | op=SEND_HEARTBEAT {datanodeUUID=48affcab-e6e4-4602-963a-f6a50efbd54c, command=[]} | ret=SUCCESS |  
2019-08-23 18:30:01,254 | INFO  | SCMAudit | user=jenkins1000 | ip=192.168.34.23 | op=SEND_HEARTBEAT {datanodeUUID=c83cddd0-22b5-491d-bff0-a36373498de2, command=[]} | ret=SUCCESS |  
2019-08-23 18:30:01,254 | INFO  | SCMAudit | user=jenkins1000 | ip=192.168.34.23 | op=SEND_HEARTBEAT {datanodeUUID=c5f86d96-67df-4f25-bde3-316f439d30b3, command=[]} | ret=SUCCESS |  
2019-08-23 18:30:01,257 | INFO  | SCMAudit | user=jenkins1000 | ip=192.168.34.23 | op=SEND_HEARTBEAT {datanodeUUID=7e391b60-07ae-4d97-a027-4756e468c032, command=[]} | ret=SUCCESS |  
2019-08-23 18:30:02,251 | INFO  | SCMAudit | user=jenkins1000 | ip=192.168.34.23 | op=SEND_HEARTBEAT {datanodeUUID=58706fd2-d7f7-4771-af80-9e0541495c87, command=[]} | ret=SUCCESS |  
2019-08-23 18:30:02,251 | INFO  | SCMAudit | user=jenkins1000 | ip=192.168.34.23 | op=SEND_HEARTBEAT {datanodeUUID=48affcab-e6e4-4602-963a-f6a50efbd54c, command=[]} | ret=SUCCESS |  
2019-08-23 18:30:02,255 | INFO  | SCMAudit | user=jenkins1000 | ip=192.168.34.23 | op=SEND_HEARTBEAT {datanodeUUID=c5f86d96-67df-4f25-bde3-316f439d30b3, command=[]} | ret=SUCCESS |  
2019-08-23 18:30:02,255 | INFO  | SCMAudit | user=jenkins1000 | ip=192.168.34.23 | op=SEND_HEARTBEAT {datanodeUUID=c83cddd0-22b5-491d-bff0-a36373498de2, command=[]} | ret=SUCCESS |  
2019-08-23 18:30:02,257 | INFO  | SCMAudit | user=jenkins1000 | ip=192.168.34.23 | op=SEND_HEARTBEAT {datanodeUUID=7e391b60-07ae-4d97-a027-4756e468c032, command=[]} | ret=SUCCESS |  
]]></system-out>
  </testcase>
  <testcase name="fileWithSizeZero" classname="org.apache.hadoop.ozone.freon.TestRandomKeyGenerator" time="5.049"/>
  <testcase name="multiThread" classname="org.apache.hadoop.ozone.freon.TestRandomKeyGenerator" time="5.044"/>
</testsuite>