<?xml version="1.0" encoding="UTF-8"?>
<testsuite xmlns:xsi="http://www.w3.org/2001/XMLSchema-instance" xsi:noNamespaceSchemaLocation="https://maven.apache.org/surefire/maven-surefire-plugin/xsd/surefire-test-report.xsd" name="org.apache.hadoop.ozone.client.rpc.TestBlockOutputStreamWithFailures" time="706.874" tests="8" errors="0" skipped="0" failures="1">
  <properties>
    <property name="awt.toolkit" value="sun.awt.X11.XToolkit"/>
    <property name="file.encoding.pkg" value="sun.io"/>
    <property name="java.specification.version" value="1.8"/>
    <property name="sun.cpu.isalist" value=""/>
    <property name="sun.jnu.encoding" value="UTF-8"/>
    <property name="java.class.path" value="/workdir/hadoop-ozone/integration-test/target/test-classes:/workdir/hadoop-ozone/integration-test/target/classes:/home/user/.m2/repository/org/apache/hadoop/hadoop-ozone-common/0.5.0-SNAPSHOT/hadoop-ozone-common-0.5.0-SNAPSHOT.jar:/home/user/.m2/repository/org/apache/commons/commons-compress/1.4.1/commons-compress-1.4.1.jar:/home/user/.m2/repository/org/tukaani/xz/1.0/xz-1.0.jar:/home/user/.m2/repository/org/apache/hadoop/hadoop-common/3.2.0/hadoop-common-3.2.0.jar:/home/user/.m2/repository/org/apache/hadoop/hadoop-hdfs/3.2.0/hadoop-hdfs-3.2.0.jar:/home/user/.m2/repository/org/apache/hadoop/hadoop-hdfs-client/3.2.0/hadoop-hdfs-client-3.2.0.jar:/home/user/.m2/repository/com/fasterxml/jackson/core/jackson-annotations/2.9.5/jackson-annotations-2.9.5.jar:/home/user/.m2/repository/org/apache/hadoop/hadoop-hdds-common/0.5.0-SNAPSHOT/hadoop-hdds-common-0.5.0-SNAPSHOT.jar:/home/user/.m2/repository/javax/annotation/javax.annotation-api/1.2/javax.annotation-api-1.2.jar:/home/user/.m2/repository/org/apache/ratis/ratis-server/0.4.0-2337318-SNAPSHOT/ratis-server-0.4.0-2337318-SNAPSHOT.jar:/home/user/.m2/repository/org/apache/ratis/ratis-thirdparty-misc/0.2.0/ratis-thirdparty-misc-0.2.0.jar:/home/user/.m2/repository/org/apache/ratis/ratis-proto/0.4.0-2337318-SNAPSHOT/ratis-proto-0.4.0-2337318-SNAPSHOT.jar:/home/user/.m2/repository/org/apache/ratis/ratis-common/0.4.0-2337318-SNAPSHOT/ratis-common-0.4.0-2337318-SNAPSHOT.jar:/home/user/.m2/repository/org/apache/ratis/ratis-client/0.4.0-2337318-SNAPSHOT/ratis-client-0.4.0-2337318-SNAPSHOT.jar:/home/user/.m2/repository/org/apache/ratis/ratis-metrics/0.4.0-2337318-SNAPSHOT/ratis-metrics-0.4.0-2337318-SNAPSHOT.jar:/home/user/.m2/repository/org/apache/ratis/ratis-netty/0.4.0-2337318-SNAPSHOT/ratis-netty-0.4.0-2337318-SNAPSHOT.jar:/home/user/.m2/repository/org/apache/ratis/ratis-grpc/0.4.0-2337318-SNAPSHOT/ratis-grpc-0.4.0-2337318-SNAPSHOT.jar:/home/user/.m2/repository/org/rocksdb/rocksdbjni/6.0.1/rocksdbjni-6.0.1.jar:/home/user/.m2/repository/org/apache/logging/log4j/log4j-api/2.11.0/log4j-api-2.11.0.jar:/home/user/.m2/repository/org/apache/logging/log4j/log4j-core/2.11.0/log4j-core-2.11.0.jar:/home/user/.m2/repository/com/lmax/disruptor/3.4.2/disruptor-3.4.2.jar:/home/user/.m2/repository/org/apache/commons/commons-pool2/2.6.0/commons-pool2-2.6.0.jar:/home/user/.m2/repository/org/bouncycastle/bcpkix-jdk15on/1.60/bcpkix-jdk15on-1.60.jar:/home/user/.m2/repository/commons-validator/commons-validator/1.6/commons-validator-1.6.jar:/home/user/.m2/repository/commons-digester/commons-digester/1.8.1/commons-digester-1.8.1.jar:/home/user/.m2/repository/io/jaegertracing/jaeger-client/0.33.1/jaeger-client-0.33.1.jar:/home/user/.m2/repository/io/jaegertracing/jaeger-thrift/0.33.1/jaeger-thrift-0.33.1.jar:/home/user/.m2/repository/org/apache/thrift/libthrift/0.11.0/libthrift-0.11.0.jar:/home/user/.m2/repository/com/squareup/okhttp3/okhttp/3.9.0/okhttp-3.9.0.jar:/home/user/.m2/repository/com/squareup/okio/okio/1.13.0/okio-1.13.0.jar:/home/user/.m2/repository/io/jaegertracing/jaeger-core/0.33.1/jaeger-core-0.33.1.jar:/home/user/.m2/repository/io/jaegertracing/jaeger-tracerresolver/0.33.1/jaeger-tracerresolver-0.33.1.jar:/home/user/.m2/repository/io/opentracing/contrib/opentracing-tracerresolver/0.1.5/opentracing-tracerresolver-0.1.5.jar:/home/user/.m2/repository/io/opentracing/opentracing-util/0.31.0/opentracing-util-0.31.0.jar:/home/user/.m2/repository/io/opentracing/opentracing-api/0.31.0/opentracing-api-0.31.0.jar:/home/user/.m2/repository/io/opentracing/opentracing-noop/0.31.0/opentracing-noop-0.31.0.jar:/home/user/.m2/repository/org/apache/hadoop/hadoop-hdds-server-framework/0.5.0-SNAPSHOT/hadoop-hdds-server-framework-0.5.0-SNAPSHOT.jar:/home/user/.m2/repository/org/apache/hadoop/hadoop-hdds-container-service/0.5.0-SNAPSHOT/hadoop-hdds-container-service-0.5.0-SNAPSHOT.jar:/home/user/.m2/repository/org/apache/hadoop/hadoop-hdds-client/0.5.0-SNAPSHOT/hadoop-hdds-client-0.5.0-SNAPSHOT.jar:/home/user/.m2/repository/org/apache/hadoop/hadoop-hdds-tools/0.5.0-SNAPSHOT/hadoop-hdds-tools-0.5.0-SNAPSHOT.jar:/home/user/.m2/repository/org/apache/hadoop/hadoop-hdds-server-scm/0.5.0-SNAPSHOT/hadoop-hdds-server-scm-0.5.0-SNAPSHOT.jar:/home/user/.m2/repository/org/apache/hadoop/hadoop-hdds-docs/0.5.0-SNAPSHOT/hadoop-hdds-docs-0.5.0-SNAPSHOT.jar:/home/user/.m2/repository/io/dropwizard/metrics/metrics-core/3.2.4/metrics-core-3.2.4.jar:/home/user/.m2/repository/org/hamcrest/hamcrest-all/1.3/hamcrest-all-1.3.jar:/home/user/.m2/repository/org/bouncycastle/bcprov-jdk15on/1.60/bcprov-jdk15on-1.60.jar:/home/user/.m2/repository/info/picocli/picocli/3.9.6/picocli-3.9.6.jar:/home/user/.m2/repository/com/google/protobuf/protobuf-java/2.5.0/protobuf-java-2.5.0.jar:/home/user/.m2/repository/com/google/guava/guava/11.0.2/guava-11.0.2.jar:/home/user/.m2/repository/org/apache/hadoop/hadoop-ozone-ozone-manager/0.5.0-SNAPSHOT/hadoop-ozone-ozone-manager-0.5.0-SNAPSHOT.jar:/home/user/.m2/repository/org/apache/hadoop/hadoop-minikdc/3.2.0/hadoop-minikdc-3.2.0.jar:/home/user/.m2/repository/commons-io/commons-io/2.5/commons-io-2.5.jar:/home/user/.m2/repository/org/apache/kerby/kerb-simplekdc/1.0.1/kerb-simplekdc-1.0.1.jar:/home/user/.m2/repository/org/apache/kerby/kerb-client/1.0.1/kerb-client-1.0.1.jar:/home/user/.m2/repository/org/apache/kerby/kerby-config/1.0.1/kerby-config-1.0.1.jar:/home/user/.m2/repository/org/apache/kerby/kerb-core/1.0.1/kerb-core-1.0.1.jar:/home/user/.m2/repository/org/apache/kerby/kerby-pkix/1.0.1/kerby-pkix-1.0.1.jar:/home/user/.m2/repository/org/apache/kerby/kerby-asn1/1.0.1/kerby-asn1-1.0.1.jar:/home/user/.m2/repository/org/apache/kerby/kerby-util/1.0.1/kerby-util-1.0.1.jar:/home/user/.m2/repository/org/apache/kerby/kerb-common/1.0.1/kerb-common-1.0.1.jar:/home/user/.m2/repository/org/apache/kerby/kerb-crypto/1.0.1/kerb-crypto-1.0.1.jar:/home/user/.m2/repository/org/apache/kerby/kerb-util/1.0.1/kerb-util-1.0.1.jar:/home/user/.m2/repository/org/apache/kerby/token-provider/1.0.1/token-provider-1.0.1.jar:/home/user/.m2/repository/org/apache/kerby/kerb-admin/1.0.1/kerb-admin-1.0.1.jar:/home/user/.m2/repository/org/apache/kerby/kerb-server/1.0.1/kerb-server-1.0.1.jar:/home/user/.m2/repository/org/apache/kerby/kerb-identity/1.0.1/kerb-identity-1.0.1.jar:/home/user/.m2/repository/org/apache/kerby/kerby-xdr/1.0.1/kerby-xdr-1.0.1.jar:/home/user/.m2/repository/org/slf4j/slf4j-log4j12/1.7.25/slf4j-log4j12-1.7.25.jar:/home/user/.m2/repository/org/apache/hadoop/hadoop-ozone-s3gateway/0.5.0-SNAPSHOT/hadoop-ozone-s3gateway-0.5.0-SNAPSHOT.jar:/home/user/.m2/repository/org/jboss/weld/servlet/weld-servlet/2.4.7.Final/weld-servlet-2.4.7.Final.jar:/home/user/.m2/repository/org/glassfish/jersey/containers/jersey-container-servlet-core/2.27/jersey-container-servlet-core-2.27.jar:/home/user/.m2/repository/org/glassfish/hk2/external/javax.inject/2.5.0-b42/javax.inject-2.5.0-b42.jar:/home/user/.m2/repository/org/glassfish/jersey/core/jersey-common/2.27/jersey-common-2.27.jar:/home/user/.m2/repository/org/glassfish/hk2/osgi-resource-locator/1.0.1/osgi-resource-locator-1.0.1.jar:/home/user/.m2/repository/javax/ws/rs/javax.ws.rs-api/2.1/javax.ws.rs-api-2.1.jar:/home/user/.m2/repository/org/glassfish/jersey/ext/cdi/jersey-cdi1x/2.27/jersey-cdi1x-2.27.jar:/home/user/.m2/repository/org/glassfish/jersey/inject/jersey-hk2/2.27/jersey-hk2-2.27.jar:/home/user/.m2/repository/org/glassfish/hk2/hk2-locator/2.5.0-b42/hk2-locator-2.5.0-b42.jar:/home/user/.m2/repository/org/javassist/javassist/3.22.0-CR2/javassist-3.22.0-CR2.jar:/home/user/.m2/repository/org/glassfish/hk2/hk2-api/2.5.0/hk2-api-2.5.0.jar:/home/user/.m2/repository/org/glassfish/hk2/external/jakarta.inject/2.5.0/jakarta.inject-2.5.0.jar:/home/user/.m2/repository/org/glassfish/hk2/hk2-utils/2.5.0/hk2-utils-2.5.0.jar:/home/user/.m2/repository/jakarta/annotation/jakarta.annotation-api/1.3.4/jakarta.annotation-api-1.3.4.jar:/home/user/.m2/repository/org/glassfish/hk2/external/aopalliance-repackaged/2.5.0/aopalliance-repackaged-2.5.0.jar:/home/user/.m2/repository/com/fasterxml/jackson/dataformat/jackson-dataformat-xml/2.9.0/jackson-dataformat-xml-2.9.0.jar:/home/user/.m2/repository/com/fasterxml/jackson/core/jackson-core/2.9.5/jackson-core-2.9.5.jar:/home/user/.m2/repository/com/fasterxml/jackson/module/jackson-module-jaxb-annotations/2.9.5/jackson-module-jaxb-annotations-2.9.5.jar:/home/user/.m2/repository/javax/enterprise/cdi-api/1.2/cdi-api-1.2.jar:/home/user/.m2/repository/javax/el/javax.el-api/3.0.0/javax.el-api-3.0.0.jar:/home/user/.m2/repository/javax/interceptor/javax.interceptor-api/1.2/javax.interceptor-api-1.2.jar:/home/user/.m2/repository/javax/inject/javax.inject/1/javax.inject-1.jar:/home/user/.m2/repository/com/sun/xml/bind/jaxb-impl/2.3.0.1/jaxb-impl-2.3.0.1.jar:/home/user/.m2/repository/com/sun/xml/bind/jaxb-core/2.3.0.1/jaxb-core-2.3.0.1.jar:/home/user/.m2/repository/javax/xml/bind/jaxb-api/2.3.0/jaxb-api-2.3.0.jar:/home/user/.m2/repository/javax/activation/activation/1.1.1/activation-1.1.1.jar:/home/user/.m2/repository/org/apache/hadoop/hadoop-ozone-csi/0.5.0-SNAPSHOT/hadoop-ozone-csi-0.5.0-SNAPSHOT.jar:/home/user/.m2/repository/com/google/protobuf/protobuf-java-util/3.5.1/protobuf-java-util-3.5.1.jar:/home/user/.m2/repository/org/apache/hadoop/hadoop-hdds-config/0.5.0-SNAPSHOT/hadoop-hdds-config-0.5.0-SNAPSHOT.jar:/home/user/.m2/repository/io/grpc/grpc-netty/1.17.1/grpc-netty-1.17.1.jar:/home/user/.m2/repository/io/grpc/grpc-core/1.17.1/grpc-core-1.17.1.jar:/home/user/.m2/repository/io/grpc/grpc-context/1.17.1/grpc-context-1.17.1.jar:/home/user/.m2/repository/com/google/errorprone/error_prone_annotations/2.2.0/error_prone_annotations-2.2.0.jar:/home/user/.m2/repository/org/codehaus/mojo/animal-sniffer-annotations/1.17/animal-sniffer-annotations-1.17.jar:/home/user/.m2/repository/io/opencensus/opencensus-api/0.17.0/opencensus-api-0.17.0.jar:/home/user/.m2/repository/io/opencensus/opencensus-contrib-grpc-metrics/0.17.0/opencensus-contrib-grpc-metrics-0.17.0.jar:/home/user/.m2/repository/io/netty/netty-codec-http2/4.1.30.Final/netty-codec-http2-4.1.30.Final.jar:/home/user/.m2/repository/io/netty/netty-codec-http/4.1.30.Final/netty-codec-http-4.1.30.Final.jar:/home/user/.m2/repository/io/netty/netty-codec/4.1.30.Final/netty-codec-4.1.30.Final.jar:/home/user/.m2/repository/io/netty/netty-handler/4.1.30.Final/netty-handler-4.1.30.Final.jar:/home/user/.m2/repository/io/netty/netty-handler-proxy/4.1.30.Final/netty-handler-proxy-4.1.30.Final.jar:/home/user/.m2/repository/io/netty/netty-codec-socks/4.1.30.Final/netty-codec-socks-4.1.30.Final.jar:/home/user/.m2/repository/io/netty/netty-transport-native-epoll/4.1.30.Final/netty-transport-native-epoll-4.1.30.Final.jar:/home/user/.m2/repository/io/netty/netty-common/4.1.30.Final/netty-common-4.1.30.Final.jar:/home/user/.m2/repository/io/netty/netty-buffer/4.1.30.Final/netty-buffer-4.1.30.Final.jar:/home/user/.m2/repository/io/netty/netty-transport/4.1.30.Final/netty-transport-4.1.30.Final.jar:/home/user/.m2/repository/io/netty/netty-resolver/4.1.30.Final/netty-resolver-4.1.30.Final.jar:/home/user/.m2/repository/io/netty/netty-transport-native-unix-common/4.1.30.Final/netty-transport-native-unix-common-4.1.30.Final.jar:/home/user/.m2/repository/io/grpc/grpc-protobuf/1.17.1/grpc-protobuf-1.17.1.jar:/home/user/.m2/repository/com/google/api/grpc/proto-google-common-protos/1.0.0/proto-google-common-protos-1.0.0.jar:/home/user/.m2/repository/io/grpc/grpc-protobuf-lite/1.17.1/grpc-protobuf-lite-1.17.1.jar:/home/user/.m2/repository/io/grpc/grpc-stub/1.17.1/grpc-stub-1.17.1.jar:/home/user/.m2/repository/org/apache/hadoop/hadoop-ozone-recon/0.5.0-SNAPSHOT/hadoop-ozone-recon-0.5.0-SNAPSHOT.jar:/home/user/.m2/repository/org/apache/hadoop/hadoop-ozone-reconcodegen/0.5.0-SNAPSHOT/hadoop-ozone-reconcodegen-0.5.0-SNAPSHOT.jar:/home/user/.m2/repository/com/google/inject/extensions/guice-multibindings/4.0/guice-multibindings-4.0.jar:/home/user/.m2/repository/com/google/inject/guice/4.0/guice-4.0.jar:/home/user/.m2/repository/aopalliance/aopalliance/1.0/aopalliance-1.0.jar:/home/user/.m2/repository/com/google/inject/extensions/guice-servlet/4.0/guice-servlet-4.0.jar:/home/user/.m2/repository/org/glassfish/jersey/containers/jersey-container-servlet/2.27/jersey-container-servlet-2.27.jar:/home/user/.m2/repository/org/glassfish/hk2/guice-bridge/2.5.0/guice-bridge-2.5.0.jar:/home/user/.m2/repository/org/glassfish/jersey/core/jersey-server/2.27/jersey-server-2.27.jar:/home/user/.m2/repository/org/glassfish/jersey/core/jersey-client/2.27/jersey-client-2.27.jar:/home/user/.m2/repository/org/glassfish/jersey/media/jersey-media-jaxb/2.27/jersey-media-jaxb-2.27.jar:/home/user/.m2/repository/javax/validation/validation-api/1.1.0.Final/validation-api-1.1.0.Final.jar:/home/user/.m2/repository/org/glassfish/jersey/media/jersey-media-json-jackson/2.27/jersey-media-json-jackson-2.27.jar:/home/user/.m2/repository/org/glassfish/jersey/ext/jersey-entity-filtering/2.27/jersey-entity-filtering-2.27.jar:/home/user/.m2/repository/com/google/inject/extensions/guice-assistedinject/4.0/guice-assistedinject-4.0.jar:/home/user/.m2/repository/org/jooq/jooq/3.11.10/jooq-3.11.10.jar:/home/user/.m2/repository/org/jooq/jooq-meta/3.11.10/jooq-meta-3.11.10.jar:/home/user/.m2/repository/org/jooq/jooq-codegen/3.11.10/jooq-codegen-3.11.10.jar:/home/user/.m2/repository/com/jolbox/bonecp/0.8.0.RELEASE/bonecp-0.8.0.RELEASE.jar:/home/user/.m2/repository/org/xerial/sqlite-jdbc/3.25.2/sqlite-jdbc-3.25.2.jar:/home/user/.m2/repository/org/springframework/spring-jdbc/5.1.3.RELEASE/spring-jdbc-5.1.3.RELEASE.jar:/home/user/.m2/repository/org/springframework/spring-beans/5.1.3.RELEASE/spring-beans-5.1.3.RELEASE.jar:/home/user/.m2/repository/org/springframework/spring-core/5.1.3.RELEASE/spring-core-5.1.3.RELEASE.jar:/home/user/.m2/repository/org/springframework/spring-jcl/5.1.3.RELEASE/spring-jcl-5.1.3.RELEASE.jar:/home/user/.m2/repository/org/springframework/spring-tx/5.1.3.RELEASE/spring-tx-5.1.3.RELEASE.jar:/home/user/.m2/repository/org/apache/hadoop/hadoop-ozone-client/0.5.0-SNAPSHOT/hadoop-ozone-client-0.5.0-SNAPSHOT.jar:/home/user/.m2/repository/commons-lang/commons-lang/2.6/commons-lang-2.6.jar:/home/user/.m2/repository/org/apache/hadoop/hadoop-ozone-ozone-manager/0.5.0-SNAPSHOT/hadoop-ozone-ozone-manager-0.5.0-SNAPSHOT-tests.jar:/home/user/.m2/repository/junit/junit/4.11/junit-4.11.jar:/home/user/.m2/repository/org/hamcrest/hamcrest-core/1.3/hamcrest-core-1.3.jar:/home/user/.m2/repository/org/openjdk/jmh/jmh-core/1.19/jmh-core-1.19.jar:/home/user/.m2/repository/net/sf/jopt-simple/jopt-simple/4.6/jopt-simple-4.6.jar:/home/user/.m2/repository/org/apache/commons/commons-math3/3.1.1/commons-math3-3.1.1.jar:/home/user/.m2/repository/org/openjdk/jmh/jmh-generator-annprocess/1.19/jmh-generator-annprocess-1.19.jar:/home/user/.m2/repository/org/mockito/mockito-all/1.8.5/mockito-all-1.8.5.jar:/home/user/.m2/repository/org/apache/hadoop/hadoop-kms/3.2.0/hadoop-kms-3.2.0.jar:/home/user/.m2/repository/org/apache/hadoop/hadoop-auth/3.2.0/hadoop-auth-3.2.0.jar:/home/user/.m2/repository/com/nimbusds/nimbus-jose-jwt/4.41.1/nimbus-jose-jwt-4.41.1.jar:/home/user/.m2/repository/com/github/stephenc/jcip/jcip-annotations/1.0-1/jcip-annotations-1.0-1.jar:/home/user/.m2/repository/net/minidev/json-smart/2.3/json-smart-2.3.jar:/home/user/.m2/repository/net/minidev/accessors-smart/1.2/accessors-smart-1.2.jar:/home/user/.m2/repository/org/ow2/asm/asm/5.0.4/asm-5.0.4.jar:/home/user/.m2/repository/org/apache/curator/curator-framework/2.12.0/curator-framework-2.12.0.jar:/home/user/.m2/repository/com/sun/jersey/jersey-core/1.19/jersey-core-1.19.jar:/home/user/.m2/repository/javax/ws/rs/jsr311-api/1.1.1/jsr311-api-1.1.1.jar:/home/user/.m2/repository/com/sun/jersey/jersey-server/1.19/jersey-server-1.19.jar:/home/user/.m2/repository/javax/servlet/javax.servlet-api/3.1.0/javax.servlet-api-3.1.0.jar:/home/user/.m2/repository/org/eclipse/jetty/jetty-server/9.3.24.v20180605/jetty-server-9.3.24.v20180605.jar:/home/user/.m2/repository/org/eclipse/jetty/jetty-http/9.3.24.v20180605/jetty-http-9.3.24.v20180605.jar:/home/user/.m2/repository/org/eclipse/jetty/jetty-io/9.3.24.v20180605/jetty-io-9.3.24.v20180605.jar:/home/user/.m2/repository/org/eclipse/jetty/jetty-webapp/9.3.24.v20180605/jetty-webapp-9.3.24.v20180605.jar:/home/user/.m2/repository/org/eclipse/jetty/jetty-xml/9.3.24.v20180605/jetty-xml-9.3.24.v20180605.jar:/home/user/.m2/repository/log4j/log4j/1.2.17/log4j-1.2.17.jar:/home/user/.m2/repository/org/slf4j/slf4j-api/1.7.25/slf4j-api-1.7.25.jar:/home/user/.m2/repository/org/slf4j/jul-to-slf4j/1.7.25/jul-to-slf4j-1.7.25.jar:/home/user/.m2/repository/org/eclipse/jetty/jetty-util/9.3.24.v20180605/jetty-util-9.3.24.v20180605.jar:/home/user/.m2/repository/com/fasterxml/jackson/core/jackson-databind/2.9.5/jackson-databind-2.9.5.jar:/home/user/.m2/repository/org/apache/hadoop/hadoop-kms/3.2.0/hadoop-kms-3.2.0-tests.jar:/home/user/.m2/repository/org/apache/hadoop/hadoop-hdds-server-scm/0.5.0-SNAPSHOT/hadoop-hdds-server-scm-0.5.0-SNAPSHOT-tests.jar:/home/user/.m2/repository/org/apache/hadoop/hadoop-hdds-container-service/0.5.0-SNAPSHOT/hadoop-hdds-container-service-0.5.0-SNAPSHOT-tests.jar:/home/user/.m2/repository/org/yaml/snakeyaml/1.16/snakeyaml-1.16.jar:/home/user/.m2/repository/org/apache/hadoop/hadoop-common/3.2.0/hadoop-common-3.2.0-tests.jar:/home/user/.m2/repository/org/apache/hadoop/hadoop-annotations/3.2.0/hadoop-annotations-3.2.0.jar:/usr/lib/jvm/java-1.8-openjdk/jre/../lib/tools.jar:/home/user/.m2/repository/commons-cli/commons-cli/1.2/commons-cli-1.2.jar:/home/user/.m2/repository/org/apache/httpcomponents/httpclient/4.5.2/httpclient-4.5.2.jar:/home/user/.m2/repository/org/apache/httpcomponents/httpcore/4.4.4/httpcore-4.4.4.jar:/home/user/.m2/repository/commons-codec/commons-codec/1.11/commons-codec-1.11.jar:/home/user/.m2/repository/commons-net/commons-net/3.6/commons-net-3.6.jar:/home/user/.m2/repository/commons-collections/commons-collections/3.2.2/commons-collections-3.2.2.jar:/home/user/.m2/repository/org/eclipse/jetty/jetty-servlet/9.3.24.v20180605/jetty-servlet-9.3.24.v20180605.jar:/home/user/.m2/repository/org/eclipse/jetty/jetty-security/9.3.24.v20180605/jetty-security-9.3.24.v20180605.jar:/home/user/.m2/repository/javax/servlet/jsp/jsp-api/2.1/jsp-api-2.1.jar:/home/user/.m2/repository/com/sun/jersey/jersey-servlet/1.19/jersey-servlet-1.19.jar:/home/user/.m2/repository/com/sun/jersey/jersey-json/1.19/jersey-json-1.19.jar:/home/user/.m2/repository/org/codehaus/jettison/jettison/1.1/jettison-1.1.jar:/home/user/.m2/repository/org/codehaus/jackson/jackson-core-asl/1.9.13/jackson-core-asl-1.9.13.jar:/home/user/.m2/repository/org/codehaus/jackson/jackson-mapper-asl/1.9.13/jackson-mapper-asl-1.9.13.jar:/home/user/.m2/repository/org/codehaus/jackson/jackson-jaxrs/1.9.13/jackson-jaxrs-1.9.13.jar:/home/user/.m2/repository/org/codehaus/jackson/jackson-xc/1.9.13/jackson-xc-1.9.13.jar:/home/user/.m2/repository/commons-logging/commons-logging/1.1.3/commons-logging-1.1.3.jar:/home/user/.m2/repository/commons-beanutils/commons-beanutils/1.9.3/commons-beanutils-1.9.3.jar:/home/user/.m2/repository/org/apache/commons/commons-configuration2/2.1.1/commons-configuration2-2.1.1.jar:/home/user/.m2/repository/org/apache/commons/commons-lang3/3.7/commons-lang3-3.7.jar:/home/user/.m2/repository/org/apache/commons/commons-text/1.4/commons-text-1.4.jar:/home/user/.m2/repository/org/apache/avro/avro/1.7.7/avro-1.7.7.jar:/home/user/.m2/repository/com/thoughtworks/paranamer/paranamer/2.3/paranamer-2.3.jar:/home/user/.m2/repository/org/xerial/snappy/snappy-java/1.0.5/snappy-java-1.0.5.jar:/home/user/.m2/repository/com/google/re2j/re2j/1.1/re2j-1.1.jar:/home/user/.m2/repository/com/google/code/gson/gson/2.2.4/gson-2.2.4.jar:/home/user/.m2/repository/com/jcraft/jsch/0.1.54/jsch-0.1.54.jar:/home/user/.m2/repository/org/apache/curator/curator-client/2.12.0/curator-client-2.12.0.jar:/home/user/.m2/repository/org/apache/curator/curator-recipes/2.12.0/curator-recipes-2.12.0.jar:/home/user/.m2/repository/com/google/code/findbugs/jsr305/3.0.0/jsr305-3.0.0.jar:/home/user/.m2/repository/org/apache/htrace/htrace-core4/4.1.0-incubating/htrace-core4-4.1.0-incubating.jar:/home/user/.m2/repository/org/apache/zookeeper/zookeeper/3.4.13/zookeeper-3.4.13.jar:/home/user/.m2/repository/org/apache/yetus/audience-annotations/0.5.0/audience-annotations-0.5.0.jar:/home/user/.m2/repository/org/codehaus/woodstox/stax2-api/3.1.4/stax2-api-3.1.4.jar:/home/user/.m2/repository/com/fasterxml/woodstox/woodstox-core/5.0.3/woodstox-core-5.0.3.jar:/home/user/.m2/repository/dnsjava/dnsjava/2.1.7/dnsjava-2.1.7.jar:/home/user/.m2/repository/org/apache/hadoop/hadoop-hdfs/3.2.0/hadoop-hdfs-3.2.0-tests.jar:/home/user/.m2/repository/org/eclipse/jetty/jetty-util-ajax/9.3.24.v20180605/jetty-util-ajax-9.3.24.v20180605.jar:/home/user/.m2/repository/commons-daemon/commons-daemon/1.0.13/commons-daemon-1.0.13.jar:/home/user/.m2/repository/io/netty/netty/3.10.5.Final/netty-3.10.5.Final.jar:/home/user/.m2/repository/io/netty/netty-all/4.0.52.Final/netty-all-4.0.52.Final.jar:/home/user/.m2/repository/org/fusesource/leveldbjni/leveldbjni-all/1.8/leveldbjni-all-1.8.jar:"/>
    <property name="java.vm.vendor" value="IcedTea"/>
    <property name="sun.arch.data.model" value="64"/>
    <property name="test.build.dir" value="/workdir/hadoop-ozone/integration-test/target/test-dir"/>
    <property name="test.cache.data" value=""/>
    <property name="java.vendor.url" value="https://icedtea.classpath.org"/>
    <property name="user.timezone" value=""/>
    <property name="java.vm.specification.version" value="1.8"/>
    <property name="os.name" value="Linux"/>
    <property name="test.build.data" value="/workdir/hadoop-ozone/integration-test/target/test-dir"/>
    <property name="user.country" value="US"/>
    <property name="sun.java.launcher" value="SUN_STANDARD"/>
    <property name="sun.boot.library.path" value="/usr/lib/jvm/java-1.8-openjdk/jre/lib/amd64"/>
    <property name="sun.java.command" value="/workdir/hadoop-ozone/integration-test/target/surefire/surefirebooter51747228165161439.jar /workdir/hadoop-ozone/integration-test/target/surefire 2019-09-10T21-11-00_042-jvmRun1 surefire6837541188940641479tmp surefire_202759159228330104420tmp"/>
    <property name="test" value="!TestMiniChaosOzoneCluster"/>
    <property name="surefire.test.class.path" value="/workdir/hadoop-ozone/integration-test/target/test-classes:/workdir/hadoop-ozone/integration-test/target/classes:/home/user/.m2/repository/org/apache/hadoop/hadoop-ozone-common/0.5.0-SNAPSHOT/hadoop-ozone-common-0.5.0-SNAPSHOT.jar:/home/user/.m2/repository/org/apache/commons/commons-compress/1.4.1/commons-compress-1.4.1.jar:/home/user/.m2/repository/org/tukaani/xz/1.0/xz-1.0.jar:/home/user/.m2/repository/org/apache/hadoop/hadoop-common/3.2.0/hadoop-common-3.2.0.jar:/home/user/.m2/repository/org/apache/hadoop/hadoop-hdfs/3.2.0/hadoop-hdfs-3.2.0.jar:/home/user/.m2/repository/org/apache/hadoop/hadoop-hdfs-client/3.2.0/hadoop-hdfs-client-3.2.0.jar:/home/user/.m2/repository/com/fasterxml/jackson/core/jackson-annotations/2.9.5/jackson-annotations-2.9.5.jar:/home/user/.m2/repository/org/apache/hadoop/hadoop-hdds-common/0.5.0-SNAPSHOT/hadoop-hdds-common-0.5.0-SNAPSHOT.jar:/home/user/.m2/repository/javax/annotation/javax.annotation-api/1.2/javax.annotation-api-1.2.jar:/home/user/.m2/repository/org/apache/ratis/ratis-server/0.4.0-2337318-SNAPSHOT/ratis-server-0.4.0-2337318-SNAPSHOT.jar:/home/user/.m2/repository/org/apache/ratis/ratis-thirdparty-misc/0.2.0/ratis-thirdparty-misc-0.2.0.jar:/home/user/.m2/repository/org/apache/ratis/ratis-proto/0.4.0-2337318-SNAPSHOT/ratis-proto-0.4.0-2337318-SNAPSHOT.jar:/home/user/.m2/repository/org/apache/ratis/ratis-common/0.4.0-2337318-SNAPSHOT/ratis-common-0.4.0-2337318-SNAPSHOT.jar:/home/user/.m2/repository/org/apache/ratis/ratis-client/0.4.0-2337318-SNAPSHOT/ratis-client-0.4.0-2337318-SNAPSHOT.jar:/home/user/.m2/repository/org/apache/ratis/ratis-metrics/0.4.0-2337318-SNAPSHOT/ratis-metrics-0.4.0-2337318-SNAPSHOT.jar:/home/user/.m2/repository/org/apache/ratis/ratis-netty/0.4.0-2337318-SNAPSHOT/ratis-netty-0.4.0-2337318-SNAPSHOT.jar:/home/user/.m2/repository/org/apache/ratis/ratis-grpc/0.4.0-2337318-SNAPSHOT/ratis-grpc-0.4.0-2337318-SNAPSHOT.jar:/home/user/.m2/repository/org/rocksdb/rocksdbjni/6.0.1/rocksdbjni-6.0.1.jar:/home/user/.m2/repository/org/apache/logging/log4j/log4j-api/2.11.0/log4j-api-2.11.0.jar:/home/user/.m2/repository/org/apache/logging/log4j/log4j-core/2.11.0/log4j-core-2.11.0.jar:/home/user/.m2/repository/com/lmax/disruptor/3.4.2/disruptor-3.4.2.jar:/home/user/.m2/repository/org/apache/commons/commons-pool2/2.6.0/commons-pool2-2.6.0.jar:/home/user/.m2/repository/org/bouncycastle/bcpkix-jdk15on/1.60/bcpkix-jdk15on-1.60.jar:/home/user/.m2/repository/commons-validator/commons-validator/1.6/commons-validator-1.6.jar:/home/user/.m2/repository/commons-digester/commons-digester/1.8.1/commons-digester-1.8.1.jar:/home/user/.m2/repository/io/jaegertracing/jaeger-client/0.33.1/jaeger-client-0.33.1.jar:/home/user/.m2/repository/io/jaegertracing/jaeger-thrift/0.33.1/jaeger-thrift-0.33.1.jar:/home/user/.m2/repository/org/apache/thrift/libthrift/0.11.0/libthrift-0.11.0.jar:/home/user/.m2/repository/com/squareup/okhttp3/okhttp/3.9.0/okhttp-3.9.0.jar:/home/user/.m2/repository/com/squareup/okio/okio/1.13.0/okio-1.13.0.jar:/home/user/.m2/repository/io/jaegertracing/jaeger-core/0.33.1/jaeger-core-0.33.1.jar:/home/user/.m2/repository/io/jaegertracing/jaeger-tracerresolver/0.33.1/jaeger-tracerresolver-0.33.1.jar:/home/user/.m2/repository/io/opentracing/contrib/opentracing-tracerresolver/0.1.5/opentracing-tracerresolver-0.1.5.jar:/home/user/.m2/repository/io/opentracing/opentracing-util/0.31.0/opentracing-util-0.31.0.jar:/home/user/.m2/repository/io/opentracing/opentracing-api/0.31.0/opentracing-api-0.31.0.jar:/home/user/.m2/repository/io/opentracing/opentracing-noop/0.31.0/opentracing-noop-0.31.0.jar:/home/user/.m2/repository/org/apache/hadoop/hadoop-hdds-server-framework/0.5.0-SNAPSHOT/hadoop-hdds-server-framework-0.5.0-SNAPSHOT.jar:/home/user/.m2/repository/org/apache/hadoop/hadoop-hdds-container-service/0.5.0-SNAPSHOT/hadoop-hdds-container-service-0.5.0-SNAPSHOT.jar:/home/user/.m2/repository/org/apache/hadoop/hadoop-hdds-client/0.5.0-SNAPSHOT/hadoop-hdds-client-0.5.0-SNAPSHOT.jar:/home/user/.m2/repository/org/apache/hadoop/hadoop-hdds-tools/0.5.0-SNAPSHOT/hadoop-hdds-tools-0.5.0-SNAPSHOT.jar:/home/user/.m2/repository/org/apache/hadoop/hadoop-hdds-server-scm/0.5.0-SNAPSHOT/hadoop-hdds-server-scm-0.5.0-SNAPSHOT.jar:/home/user/.m2/repository/org/apache/hadoop/hadoop-hdds-docs/0.5.0-SNAPSHOT/hadoop-hdds-docs-0.5.0-SNAPSHOT.jar:/home/user/.m2/repository/io/dropwizard/metrics/metrics-core/3.2.4/metrics-core-3.2.4.jar:/home/user/.m2/repository/org/hamcrest/hamcrest-all/1.3/hamcrest-all-1.3.jar:/home/user/.m2/repository/org/bouncycastle/bcprov-jdk15on/1.60/bcprov-jdk15on-1.60.jar:/home/user/.m2/repository/info/picocli/picocli/3.9.6/picocli-3.9.6.jar:/home/user/.m2/repository/com/google/protobuf/protobuf-java/2.5.0/protobuf-java-2.5.0.jar:/home/user/.m2/repository/com/google/guava/guava/11.0.2/guava-11.0.2.jar:/home/user/.m2/repository/org/apache/hadoop/hadoop-ozone-ozone-manager/0.5.0-SNAPSHOT/hadoop-ozone-ozone-manager-0.5.0-SNAPSHOT.jar:/home/user/.m2/repository/org/apache/hadoop/hadoop-minikdc/3.2.0/hadoop-minikdc-3.2.0.jar:/home/user/.m2/repository/commons-io/commons-io/2.5/commons-io-2.5.jar:/home/user/.m2/repository/org/apache/kerby/kerb-simplekdc/1.0.1/kerb-simplekdc-1.0.1.jar:/home/user/.m2/repository/org/apache/kerby/kerb-client/1.0.1/kerb-client-1.0.1.jar:/home/user/.m2/repository/org/apache/kerby/kerby-config/1.0.1/kerby-config-1.0.1.jar:/home/user/.m2/repository/org/apache/kerby/kerb-core/1.0.1/kerb-core-1.0.1.jar:/home/user/.m2/repository/org/apache/kerby/kerby-pkix/1.0.1/kerby-pkix-1.0.1.jar:/home/user/.m2/repository/org/apache/kerby/kerby-asn1/1.0.1/kerby-asn1-1.0.1.jar:/home/user/.m2/repository/org/apache/kerby/kerby-util/1.0.1/kerby-util-1.0.1.jar:/home/user/.m2/repository/org/apache/kerby/kerb-common/1.0.1/kerb-common-1.0.1.jar:/home/user/.m2/repository/org/apache/kerby/kerb-crypto/1.0.1/kerb-crypto-1.0.1.jar:/home/user/.m2/repository/org/apache/kerby/kerb-util/1.0.1/kerb-util-1.0.1.jar:/home/user/.m2/repository/org/apache/kerby/token-provider/1.0.1/token-provider-1.0.1.jar:/home/user/.m2/repository/org/apache/kerby/kerb-admin/1.0.1/kerb-admin-1.0.1.jar:/home/user/.m2/repository/org/apache/kerby/kerb-server/1.0.1/kerb-server-1.0.1.jar:/home/user/.m2/repository/org/apache/kerby/kerb-identity/1.0.1/kerb-identity-1.0.1.jar:/home/user/.m2/repository/org/apache/kerby/kerby-xdr/1.0.1/kerby-xdr-1.0.1.jar:/home/user/.m2/repository/org/slf4j/slf4j-log4j12/1.7.25/slf4j-log4j12-1.7.25.jar:/home/user/.m2/repository/org/apache/hadoop/hadoop-ozone-s3gateway/0.5.0-SNAPSHOT/hadoop-ozone-s3gateway-0.5.0-SNAPSHOT.jar:/home/user/.m2/repository/org/jboss/weld/servlet/weld-servlet/2.4.7.Final/weld-servlet-2.4.7.Final.jar:/home/user/.m2/repository/org/glassfish/jersey/containers/jersey-container-servlet-core/2.27/jersey-container-servlet-core-2.27.jar:/home/user/.m2/repository/org/glassfish/hk2/external/javax.inject/2.5.0-b42/javax.inject-2.5.0-b42.jar:/home/user/.m2/repository/org/glassfish/jersey/core/jersey-common/2.27/jersey-common-2.27.jar:/home/user/.m2/repository/org/glassfish/hk2/osgi-resource-locator/1.0.1/osgi-resource-locator-1.0.1.jar:/home/user/.m2/repository/javax/ws/rs/javax.ws.rs-api/2.1/javax.ws.rs-api-2.1.jar:/home/user/.m2/repository/org/glassfish/jersey/ext/cdi/jersey-cdi1x/2.27/jersey-cdi1x-2.27.jar:/home/user/.m2/repository/org/glassfish/jersey/inject/jersey-hk2/2.27/jersey-hk2-2.27.jar:/home/user/.m2/repository/org/glassfish/hk2/hk2-locator/2.5.0-b42/hk2-locator-2.5.0-b42.jar:/home/user/.m2/repository/org/javassist/javassist/3.22.0-CR2/javassist-3.22.0-CR2.jar:/home/user/.m2/repository/org/glassfish/hk2/hk2-api/2.5.0/hk2-api-2.5.0.jar:/home/user/.m2/repository/org/glassfish/hk2/external/jakarta.inject/2.5.0/jakarta.inject-2.5.0.jar:/home/user/.m2/repository/org/glassfish/hk2/hk2-utils/2.5.0/hk2-utils-2.5.0.jar:/home/user/.m2/repository/jakarta/annotation/jakarta.annotation-api/1.3.4/jakarta.annotation-api-1.3.4.jar:/home/user/.m2/repository/org/glassfish/hk2/external/aopalliance-repackaged/2.5.0/aopalliance-repackaged-2.5.0.jar:/home/user/.m2/repository/com/fasterxml/jackson/dataformat/jackson-dataformat-xml/2.9.0/jackson-dataformat-xml-2.9.0.jar:/home/user/.m2/repository/com/fasterxml/jackson/core/jackson-core/2.9.5/jackson-core-2.9.5.jar:/home/user/.m2/repository/com/fasterxml/jackson/module/jackson-module-jaxb-annotations/2.9.5/jackson-module-jaxb-annotations-2.9.5.jar:/home/user/.m2/repository/javax/enterprise/cdi-api/1.2/cdi-api-1.2.jar:/home/user/.m2/repository/javax/el/javax.el-api/3.0.0/javax.el-api-3.0.0.jar:/home/user/.m2/repository/javax/interceptor/javax.interceptor-api/1.2/javax.interceptor-api-1.2.jar:/home/user/.m2/repository/javax/inject/javax.inject/1/javax.inject-1.jar:/home/user/.m2/repository/com/sun/xml/bind/jaxb-impl/2.3.0.1/jaxb-impl-2.3.0.1.jar:/home/user/.m2/repository/com/sun/xml/bind/jaxb-core/2.3.0.1/jaxb-core-2.3.0.1.jar:/home/user/.m2/repository/javax/xml/bind/jaxb-api/2.3.0/jaxb-api-2.3.0.jar:/home/user/.m2/repository/javax/activation/activation/1.1.1/activation-1.1.1.jar:/home/user/.m2/repository/org/apache/hadoop/hadoop-ozone-csi/0.5.0-SNAPSHOT/hadoop-ozone-csi-0.5.0-SNAPSHOT.jar:/home/user/.m2/repository/com/google/protobuf/protobuf-java-util/3.5.1/protobuf-java-util-3.5.1.jar:/home/user/.m2/repository/org/apache/hadoop/hadoop-hdds-config/0.5.0-SNAPSHOT/hadoop-hdds-config-0.5.0-SNAPSHOT.jar:/home/user/.m2/repository/io/grpc/grpc-netty/1.17.1/grpc-netty-1.17.1.jar:/home/user/.m2/repository/io/grpc/grpc-core/1.17.1/grpc-core-1.17.1.jar:/home/user/.m2/repository/io/grpc/grpc-context/1.17.1/grpc-context-1.17.1.jar:/home/user/.m2/repository/com/google/errorprone/error_prone_annotations/2.2.0/error_prone_annotations-2.2.0.jar:/home/user/.m2/repository/org/codehaus/mojo/animal-sniffer-annotations/1.17/animal-sniffer-annotations-1.17.jar:/home/user/.m2/repository/io/opencensus/opencensus-api/0.17.0/opencensus-api-0.17.0.jar:/home/user/.m2/repository/io/opencensus/opencensus-contrib-grpc-metrics/0.17.0/opencensus-contrib-grpc-metrics-0.17.0.jar:/home/user/.m2/repository/io/netty/netty-codec-http2/4.1.30.Final/netty-codec-http2-4.1.30.Final.jar:/home/user/.m2/repository/io/netty/netty-codec-http/4.1.30.Final/netty-codec-http-4.1.30.Final.jar:/home/user/.m2/repository/io/netty/netty-codec/4.1.30.Final/netty-codec-4.1.30.Final.jar:/home/user/.m2/repository/io/netty/netty-handler/4.1.30.Final/netty-handler-4.1.30.Final.jar:/home/user/.m2/repository/io/netty/netty-handler-proxy/4.1.30.Final/netty-handler-proxy-4.1.30.Final.jar:/home/user/.m2/repository/io/netty/netty-codec-socks/4.1.30.Final/netty-codec-socks-4.1.30.Final.jar:/home/user/.m2/repository/io/netty/netty-transport-native-epoll/4.1.30.Final/netty-transport-native-epoll-4.1.30.Final.jar:/home/user/.m2/repository/io/netty/netty-common/4.1.30.Final/netty-common-4.1.30.Final.jar:/home/user/.m2/repository/io/netty/netty-buffer/4.1.30.Final/netty-buffer-4.1.30.Final.jar:/home/user/.m2/repository/io/netty/netty-transport/4.1.30.Final/netty-transport-4.1.30.Final.jar:/home/user/.m2/repository/io/netty/netty-resolver/4.1.30.Final/netty-resolver-4.1.30.Final.jar:/home/user/.m2/repository/io/netty/netty-transport-native-unix-common/4.1.30.Final/netty-transport-native-unix-common-4.1.30.Final.jar:/home/user/.m2/repository/io/grpc/grpc-protobuf/1.17.1/grpc-protobuf-1.17.1.jar:/home/user/.m2/repository/com/google/api/grpc/proto-google-common-protos/1.0.0/proto-google-common-protos-1.0.0.jar:/home/user/.m2/repository/io/grpc/grpc-protobuf-lite/1.17.1/grpc-protobuf-lite-1.17.1.jar:/home/user/.m2/repository/io/grpc/grpc-stub/1.17.1/grpc-stub-1.17.1.jar:/home/user/.m2/repository/org/apache/hadoop/hadoop-ozone-recon/0.5.0-SNAPSHOT/hadoop-ozone-recon-0.5.0-SNAPSHOT.jar:/home/user/.m2/repository/org/apache/hadoop/hadoop-ozone-reconcodegen/0.5.0-SNAPSHOT/hadoop-ozone-reconcodegen-0.5.0-SNAPSHOT.jar:/home/user/.m2/repository/com/google/inject/extensions/guice-multibindings/4.0/guice-multibindings-4.0.jar:/home/user/.m2/repository/com/google/inject/guice/4.0/guice-4.0.jar:/home/user/.m2/repository/aopalliance/aopalliance/1.0/aopalliance-1.0.jar:/home/user/.m2/repository/com/google/inject/extensions/guice-servlet/4.0/guice-servlet-4.0.jar:/home/user/.m2/repository/org/glassfish/jersey/containers/jersey-container-servlet/2.27/jersey-container-servlet-2.27.jar:/home/user/.m2/repository/org/glassfish/hk2/guice-bridge/2.5.0/guice-bridge-2.5.0.jar:/home/user/.m2/repository/org/glassfish/jersey/core/jersey-server/2.27/jersey-server-2.27.jar:/home/user/.m2/repository/org/glassfish/jersey/core/jersey-client/2.27/jersey-client-2.27.jar:/home/user/.m2/repository/org/glassfish/jersey/media/jersey-media-jaxb/2.27/jersey-media-jaxb-2.27.jar:/home/user/.m2/repository/javax/validation/validation-api/1.1.0.Final/validation-api-1.1.0.Final.jar:/home/user/.m2/repository/org/glassfish/jersey/media/jersey-media-json-jackson/2.27/jersey-media-json-jackson-2.27.jar:/home/user/.m2/repository/org/glassfish/jersey/ext/jersey-entity-filtering/2.27/jersey-entity-filtering-2.27.jar:/home/user/.m2/repository/com/google/inject/extensions/guice-assistedinject/4.0/guice-assistedinject-4.0.jar:/home/user/.m2/repository/org/jooq/jooq/3.11.10/jooq-3.11.10.jar:/home/user/.m2/repository/org/jooq/jooq-meta/3.11.10/jooq-meta-3.11.10.jar:/home/user/.m2/repository/org/jooq/jooq-codegen/3.11.10/jooq-codegen-3.11.10.jar:/home/user/.m2/repository/com/jolbox/bonecp/0.8.0.RELEASE/bonecp-0.8.0.RELEASE.jar:/home/user/.m2/repository/org/xerial/sqlite-jdbc/3.25.2/sqlite-jdbc-3.25.2.jar:/home/user/.m2/repository/org/springframework/spring-jdbc/5.1.3.RELEASE/spring-jdbc-5.1.3.RELEASE.jar:/home/user/.m2/repository/org/springframework/spring-beans/5.1.3.RELEASE/spring-beans-5.1.3.RELEASE.jar:/home/user/.m2/repository/org/springframework/spring-core/5.1.3.RELEASE/spring-core-5.1.3.RELEASE.jar:/home/user/.m2/repository/org/springframework/spring-jcl/5.1.3.RELEASE/spring-jcl-5.1.3.RELEASE.jar:/home/user/.m2/repository/org/springframework/spring-tx/5.1.3.RELEASE/spring-tx-5.1.3.RELEASE.jar:/home/user/.m2/repository/org/apache/hadoop/hadoop-ozone-client/0.5.0-SNAPSHOT/hadoop-ozone-client-0.5.0-SNAPSHOT.jar:/home/user/.m2/repository/commons-lang/commons-lang/2.6/commons-lang-2.6.jar:/home/user/.m2/repository/org/apache/hadoop/hadoop-ozone-ozone-manager/0.5.0-SNAPSHOT/hadoop-ozone-ozone-manager-0.5.0-SNAPSHOT-tests.jar:/home/user/.m2/repository/junit/junit/4.11/junit-4.11.jar:/home/user/.m2/repository/org/hamcrest/hamcrest-core/1.3/hamcrest-core-1.3.jar:/home/user/.m2/repository/org/openjdk/jmh/jmh-core/1.19/jmh-core-1.19.jar:/home/user/.m2/repository/net/sf/jopt-simple/jopt-simple/4.6/jopt-simple-4.6.jar:/home/user/.m2/repository/org/apache/commons/commons-math3/3.1.1/commons-math3-3.1.1.jar:/home/user/.m2/repository/org/openjdk/jmh/jmh-generator-annprocess/1.19/jmh-generator-annprocess-1.19.jar:/home/user/.m2/repository/org/mockito/mockito-all/1.8.5/mockito-all-1.8.5.jar:/home/user/.m2/repository/org/apache/hadoop/hadoop-kms/3.2.0/hadoop-kms-3.2.0.jar:/home/user/.m2/repository/org/apache/hadoop/hadoop-auth/3.2.0/hadoop-auth-3.2.0.jar:/home/user/.m2/repository/com/nimbusds/nimbus-jose-jwt/4.41.1/nimbus-jose-jwt-4.41.1.jar:/home/user/.m2/repository/com/github/stephenc/jcip/jcip-annotations/1.0-1/jcip-annotations-1.0-1.jar:/home/user/.m2/repository/net/minidev/json-smart/2.3/json-smart-2.3.jar:/home/user/.m2/repository/net/minidev/accessors-smart/1.2/accessors-smart-1.2.jar:/home/user/.m2/repository/org/ow2/asm/asm/5.0.4/asm-5.0.4.jar:/home/user/.m2/repository/org/apache/curator/curator-framework/2.12.0/curator-framework-2.12.0.jar:/home/user/.m2/repository/com/sun/jersey/jersey-core/1.19/jersey-core-1.19.jar:/home/user/.m2/repository/javax/ws/rs/jsr311-api/1.1.1/jsr311-api-1.1.1.jar:/home/user/.m2/repository/com/sun/jersey/jersey-server/1.19/jersey-server-1.19.jar:/home/user/.m2/repository/javax/servlet/javax.servlet-api/3.1.0/javax.servlet-api-3.1.0.jar:/home/user/.m2/repository/org/eclipse/jetty/jetty-server/9.3.24.v20180605/jetty-server-9.3.24.v20180605.jar:/home/user/.m2/repository/org/eclipse/jetty/jetty-http/9.3.24.v20180605/jetty-http-9.3.24.v20180605.jar:/home/user/.m2/repository/org/eclipse/jetty/jetty-io/9.3.24.v20180605/jetty-io-9.3.24.v20180605.jar:/home/user/.m2/repository/org/eclipse/jetty/jetty-webapp/9.3.24.v20180605/jetty-webapp-9.3.24.v20180605.jar:/home/user/.m2/repository/org/eclipse/jetty/jetty-xml/9.3.24.v20180605/jetty-xml-9.3.24.v20180605.jar:/home/user/.m2/repository/log4j/log4j/1.2.17/log4j-1.2.17.jar:/home/user/.m2/repository/org/slf4j/slf4j-api/1.7.25/slf4j-api-1.7.25.jar:/home/user/.m2/repository/org/slf4j/jul-to-slf4j/1.7.25/jul-to-slf4j-1.7.25.jar:/home/user/.m2/repository/org/eclipse/jetty/jetty-util/9.3.24.v20180605/jetty-util-9.3.24.v20180605.jar:/home/user/.m2/repository/com/fasterxml/jackson/core/jackson-databind/2.9.5/jackson-databind-2.9.5.jar:/home/user/.m2/repository/org/apache/hadoop/hadoop-kms/3.2.0/hadoop-kms-3.2.0-tests.jar:/home/user/.m2/repository/org/apache/hadoop/hadoop-hdds-server-scm/0.5.0-SNAPSHOT/hadoop-hdds-server-scm-0.5.0-SNAPSHOT-tests.jar:/home/user/.m2/repository/org/apache/hadoop/hadoop-hdds-container-service/0.5.0-SNAPSHOT/hadoop-hdds-container-service-0.5.0-SNAPSHOT-tests.jar:/home/user/.m2/repository/org/yaml/snakeyaml/1.16/snakeyaml-1.16.jar:/home/user/.m2/repository/org/apache/hadoop/hadoop-common/3.2.0/hadoop-common-3.2.0-tests.jar:/home/user/.m2/repository/org/apache/hadoop/hadoop-annotations/3.2.0/hadoop-annotations-3.2.0.jar:/usr/lib/jvm/java-1.8-openjdk/jre/../lib/tools.jar:/home/user/.m2/repository/commons-cli/commons-cli/1.2/commons-cli-1.2.jar:/home/user/.m2/repository/org/apache/httpcomponents/httpclient/4.5.2/httpclient-4.5.2.jar:/home/user/.m2/repository/org/apache/httpcomponents/httpcore/4.4.4/httpcore-4.4.4.jar:/home/user/.m2/repository/commons-codec/commons-codec/1.11/commons-codec-1.11.jar:/home/user/.m2/repository/commons-net/commons-net/3.6/commons-net-3.6.jar:/home/user/.m2/repository/commons-collections/commons-collections/3.2.2/commons-collections-3.2.2.jar:/home/user/.m2/repository/org/eclipse/jetty/jetty-servlet/9.3.24.v20180605/jetty-servlet-9.3.24.v20180605.jar:/home/user/.m2/repository/org/eclipse/jetty/jetty-security/9.3.24.v20180605/jetty-security-9.3.24.v20180605.jar:/home/user/.m2/repository/javax/servlet/jsp/jsp-api/2.1/jsp-api-2.1.jar:/home/user/.m2/repository/com/sun/jersey/jersey-servlet/1.19/jersey-servlet-1.19.jar:/home/user/.m2/repository/com/sun/jersey/jersey-json/1.19/jersey-json-1.19.jar:/home/user/.m2/repository/org/codehaus/jettison/jettison/1.1/jettison-1.1.jar:/home/user/.m2/repository/org/codehaus/jackson/jackson-core-asl/1.9.13/jackson-core-asl-1.9.13.jar:/home/user/.m2/repository/org/codehaus/jackson/jackson-mapper-asl/1.9.13/jackson-mapper-asl-1.9.13.jar:/home/user/.m2/repository/org/codehaus/jackson/jackson-jaxrs/1.9.13/jackson-jaxrs-1.9.13.jar:/home/user/.m2/repository/org/codehaus/jackson/jackson-xc/1.9.13/jackson-xc-1.9.13.jar:/home/user/.m2/repository/commons-logging/commons-logging/1.1.3/commons-logging-1.1.3.jar:/home/user/.m2/repository/commons-beanutils/commons-beanutils/1.9.3/commons-beanutils-1.9.3.jar:/home/user/.m2/repository/org/apache/commons/commons-configuration2/2.1.1/commons-configuration2-2.1.1.jar:/home/user/.m2/repository/org/apache/commons/commons-lang3/3.7/commons-lang3-3.7.jar:/home/user/.m2/repository/org/apache/commons/commons-text/1.4/commons-text-1.4.jar:/home/user/.m2/repository/org/apache/avro/avro/1.7.7/avro-1.7.7.jar:/home/user/.m2/repository/com/thoughtworks/paranamer/paranamer/2.3/paranamer-2.3.jar:/home/user/.m2/repository/org/xerial/snappy/snappy-java/1.0.5/snappy-java-1.0.5.jar:/home/user/.m2/repository/com/google/re2j/re2j/1.1/re2j-1.1.jar:/home/user/.m2/repository/com/google/code/gson/gson/2.2.4/gson-2.2.4.jar:/home/user/.m2/repository/com/jcraft/jsch/0.1.54/jsch-0.1.54.jar:/home/user/.m2/repository/org/apache/curator/curator-client/2.12.0/curator-client-2.12.0.jar:/home/user/.m2/repository/org/apache/curator/curator-recipes/2.12.0/curator-recipes-2.12.0.jar:/home/user/.m2/repository/com/google/code/findbugs/jsr305/3.0.0/jsr305-3.0.0.jar:/home/user/.m2/repository/org/apache/htrace/htrace-core4/4.1.0-incubating/htrace-core4-4.1.0-incubating.jar:/home/user/.m2/repository/org/apache/zookeeper/zookeeper/3.4.13/zookeeper-3.4.13.jar:/home/user/.m2/repository/org/apache/yetus/audience-annotations/0.5.0/audience-annotations-0.5.0.jar:/home/user/.m2/repository/org/codehaus/woodstox/stax2-api/3.1.4/stax2-api-3.1.4.jar:/home/user/.m2/repository/com/fasterxml/woodstox/woodstox-core/5.0.3/woodstox-core-5.0.3.jar:/home/user/.m2/repository/dnsjava/dnsjava/2.1.7/dnsjava-2.1.7.jar:/home/user/.m2/repository/org/apache/hadoop/hadoop-hdfs/3.2.0/hadoop-hdfs-3.2.0-tests.jar:/home/user/.m2/repository/org/eclipse/jetty/jetty-util-ajax/9.3.24.v20180605/jetty-util-ajax-9.3.24.v20180605.jar:/home/user/.m2/repository/commons-daemon/commons-daemon/1.0.13/commons-daemon-1.0.13.jar:/home/user/.m2/repository/io/netty/netty/3.10.5.Final/netty-3.10.5.Final.jar:/home/user/.m2/repository/io/netty/netty-all/4.0.52.Final/netty-all-4.0.52.Final.jar:/home/user/.m2/repository/org/fusesource/leveldbjni/leveldbjni-all/1.8/leveldbjni-all-1.8.jar:"/>
    <property name="sun.cpu.endian" value="little"/>
    <property name="user.home" value="/home/user"/>
    <property name="user.language" value="en"/>
    <property name="java.specification.vendor" value="Oracle Corporation"/>
    <property name="java.home" value="/usr/lib/jvm/java-1.8-openjdk/jre"/>
    <property name="java.security.krb5.conf" value="/workdir/hadoop-ozone/integration-test/target/test-classes/krb5.conf"/>
    <property name="basedir" value="/workdir/hadoop-ozone/integration-test"/>
    <property name="file.separator" value="/"/>
    <property name="line.separator" value="&#10;"/>
    <property name="java.vm.specification.vendor" value="Oracle Corporation"/>
    <property name="java.specification.name" value="Java Platform API Specification"/>
    <property name="java.awt.graphicsenv" value="sun.awt.X11GraphicsEnvironment"/>
    <property name="surefire.real.class.path" value="/workdir/hadoop-ozone/integration-test/target/surefire/surefirebooter51747228165161439.jar"/>
    <property name="hadoop.log.dir" value="/workdir/hadoop-ozone/integration-test/target/log"/>
    <property name="sun.boot.class.path" value="/usr/lib/jvm/java-1.8-openjdk/jre/lib/resources.jar:/usr/lib/jvm/java-1.8-openjdk/jre/lib/rt.jar:/usr/lib/jvm/java-1.8-openjdk/jre/lib/sunrsasign.jar:/usr/lib/jvm/java-1.8-openjdk/jre/lib/jsse.jar:/usr/lib/jvm/java-1.8-openjdk/jre/lib/jce.jar:/usr/lib/jvm/java-1.8-openjdk/jre/lib/charsets.jar:/usr/lib/jvm/java-1.8-openjdk/jre/lib/jfr.jar:/usr/lib/jvm/java-1.8-openjdk/jre/classes"/>
    <property name="sun.management.compiler" value="HotSpot 64-Bit Tiered Compilers"/>
    <property name="java.runtime.version" value="1.8.0_212-b04"/>
    <property name="java.net.preferIPv4Stack" value="true"/>
    <property name="user.name" value="jenkins1000"/>
    <property name="path.separator" value=":"/>
    <property name="java.security.egd" value="file:///dev/urandom"/>
    <property name="os.version" value="3.10.0-957.12.2.el7.x86_64"/>
    <property name="java.endorsed.dirs" value="/usr/lib/jvm/java-1.8-openjdk/jre/lib/endorsed"/>
    <property name="java.runtime.name" value="OpenJDK Runtime Environment"/>
    <property name="file.encoding" value="UTF-8"/>
    <property name="java.vm.name" value="OpenJDK 64-Bit Server VM"/>
    <property name="test.build.webapps" value=""/>
    <property name="localRepository" value="/home/user/.m2/repository"/>
    <property name="java.vendor.url.bug" value="https://icedtea.classpath.org/bugzilla"/>
    <property name="java.io.tmpdir" value="/tmp"/>
    <property name="require.test.libhadoop" value=""/>
    <property name="java.version" value="1.8.0_212"/>
    <property name="user.dir" value="/workdir/hadoop-ozone/integration-test"/>
    <property name="os.arch" value="amd64"/>
    <property name="java.vm.specification.name" value="Java Virtual Machine Specification"/>
    <property name="test.build.classes" value="/workdir/hadoop-ozone/integration-test/target/test-classes"/>
    <property name="java.awt.printerjob" value="sun.print.PSPrinterJob"/>
    <property name="sun.os.patch.level" value="unknown"/>
    <property name="hadoop.tmp.dir" value="/workdir/hadoop-ozone/integration-test/target/tmp"/>
    <property name="java.library.path" value="/usr/lib/jvm/java-1.8-openjdk/jre/lib/amd64/server:/usr/lib/jvm/java-1.8-openjdk/jre/lib/amd64:/usr/lib/jvm/java-1.8-openjdk/jre/../lib/amd64:/workdir/hadoop-ozone/integration-test/target/native/target/usr/local/lib:/workdir/hadoop-ozone/integration-test/../../hadoop-common-project/hadoop-common/target/native/target/usr/local/lib:/usr/java/packages/lib/amd64:/usr/lib64:/lib64:/lib:/usr/lib"/>
    <property name="java.vm.info" value="mixed mode"/>
    <property name="java.vendor" value="IcedTea"/>
    <property name="java.vm.version" value="25.212-b04"/>
    <property name="java.ext.dirs" value="/usr/lib/jvm/java-1.8-openjdk/jre/lib/ext:/usr/java/packages/lib/ext"/>
    <property name="sun.io.unicode.encoding" value="UnicodeLittle"/>
    <property name="java.class.version" value="52.0"/>
  </properties>
  <testcase name="test2DatanodesFailure" classname="org.apache.hadoop.ozone.client.rpc.TestBlockOutputStreamWithFailures" time="48.479">
    <failure message="expected:&lt;5&gt; but was:&lt;6&gt;" type="java.lang.AssertionError"><![CDATA[java.lang.AssertionError: expected:<5> but was:<6>
	at org.junit.Assert.fail(Assert.java:88)
	at org.junit.Assert.failNotEquals(Assert.java:743)
	at org.junit.Assert.assertEquals(Assert.java:118)
	at org.junit.Assert.assertEquals(Assert.java:555)
	at org.junit.Assert.assertEquals(Assert.java:542)
	at org.apache.hadoop.ozone.client.rpc.TestBlockOutputStreamWithFailures.test2DatanodesFailure(TestBlockOutputStreamWithFailures.java:467)
	at sun.reflect.NativeMethodAccessorImpl.invoke0(Native Method)
	at sun.reflect.NativeMethodAccessorImpl.invoke(NativeMethodAccessorImpl.java:62)
	at sun.reflect.DelegatingMethodAccessorImpl.invoke(DelegatingMethodAccessorImpl.java:43)
	at java.lang.reflect.Method.invoke(Method.java:498)
	at org.junit.runners.model.FrameworkMethod$1.runReflectiveCall(FrameworkMethod.java:47)
	at org.junit.internal.runners.model.ReflectiveCallable.run(ReflectiveCallable.java:12)
	at org.junit.runners.model.FrameworkMethod.invokeExplosively(FrameworkMethod.java:44)
	at org.junit.internal.runners.statements.InvokeMethod.evaluate(InvokeMethod.java:17)
	at org.junit.internal.runners.statements.RunBefores.evaluate(RunBefores.java:26)
	at org.junit.internal.runners.statements.RunAfters.evaluate(RunAfters.java:27)
	at org.junit.runners.ParentRunner.runLeaf(ParentRunner.java:271)
	at org.junit.runners.BlockJUnit4ClassRunner.runChild(BlockJUnit4ClassRunner.java:70)
	at org.junit.runners.BlockJUnit4ClassRunner.runChild(BlockJUnit4ClassRunner.java:50)
	at org.junit.runners.ParentRunner$3.run(ParentRunner.java:238)
	at org.junit.runners.ParentRunner$1.schedule(ParentRunner.java:63)
	at org.junit.runners.ParentRunner.runChildren(ParentRunner.java:236)
	at org.junit.runners.ParentRunner.access$000(ParentRunner.java:53)
	at org.junit.runners.ParentRunner$2.evaluate(ParentRunner.java:229)
	at org.junit.runners.ParentRunner.run(ParentRunner.java:309)
	at org.apache.maven.surefire.junit4.JUnit4Provider.execute(JUnit4Provider.java:365)
	at org.apache.maven.surefire.junit4.JUnit4Provider.executeWithRerun(JUnit4Provider.java:273)
	at org.apache.maven.surefire.junit4.JUnit4Provider.executeTestSet(JUnit4Provider.java:238)
	at org.apache.maven.surefire.junit4.JUnit4Provider.invoke(JUnit4Provider.java:159)
	at org.apache.maven.surefire.booter.ForkedBooter.invokeProviderInSameClassLoader(ForkedBooter.java:384)
	at org.apache.maven.surefire.booter.ForkedBooter.runSuitesInProcess(ForkedBooter.java:345)
	at org.apache.maven.surefire.booter.ForkedBooter.execute(ForkedBooter.java:126)
	at org.apache.maven.surefire.booter.ForkedBooter.main(ForkedBooter.java:418)
]]></failure>
    <system-out><![CDATA[2019-09-10 21:20:40,057 [main] WARN  server.ServerUtils (ServerUtils.java:getScmDbDir(145)) - ozone.scm.db.dirs is not configured. We recommend adding this setting. Falling back to ozone.metadata.dirs instead.
2019-09-10 21:20:40,174 [main] WARN  server.ServerUtils (ServerUtils.java:getScmDbDir(145)) - ozone.scm.db.dirs is not configured. We recommend adding this setting. Falling back to ozone.metadata.dirs instead.
2019-09-10 21:20:40,176 [main] WARN  server.ServerUtils (ServerUtils.java:getScmDbDir(145)) - ozone.scm.db.dirs is not configured. We recommend adding this setting. Falling back to ozone.metadata.dirs instead.
2019-09-10 21:20:40,191 [main] INFO  util.log (Log.java:initialized(192)) - Logging initialized @892ms
2019-09-10 21:20:40,335 [main] INFO  db.DBStoreBuilder (DBStoreBuilder.java:addTable(110)) - using custom profile for table: deletedBlocks
2019-09-10 21:20:40,335 [main] INFO  db.DBStoreBuilder (DBStoreBuilder.java:processTables(161)) - Using default column profile:DBProfile.DISK for Table:deletedBlocks
2019-09-10 21:20:40,336 [main] INFO  db.DBStoreBuilder (DBStoreBuilder.java:addTable(110)) - using custom profile for table: validCerts
2019-09-10 21:20:40,337 [main] INFO  db.DBStoreBuilder (DBStoreBuilder.java:processTables(161)) - Using default column profile:DBProfile.DISK for Table:validCerts
2019-09-10 21:20:40,337 [main] INFO  db.DBStoreBuilder (DBStoreBuilder.java:addTable(110)) - using custom profile for table: revokedCerts
2019-09-10 21:20:40,338 [main] INFO  db.DBStoreBuilder (DBStoreBuilder.java:processTables(161)) - Using default column profile:DBProfile.DISK for Table:revokedCerts
2019-09-10 21:20:40,362 [main] INFO  db.DBStoreBuilder (DBStoreBuilder.java:addTable(110)) - using custom profile for table: default
2019-09-10 21:20:40,363 [main] INFO  db.DBStoreBuilder (DBStoreBuilder.java:processTables(167)) - Using default column profile:DBProfile.DISK for Table:default
2019-09-10 21:20:40,366 [main] INFO  db.DBStoreBuilder (DBStoreBuilder.java:getDbProfile(198)) - Using default options. DBProfile.DISK
2019-09-10 21:20:40,835 [main] INFO  net.NodeSchemaLoader (NodeSchemaLoader.java:loadSchemaFromFile(125)) - Loading file from sun.misc.CompoundEnumeration@368f2016
2019-09-10 21:20:40,837 [main] INFO  net.NodeSchemaLoader (NodeSchemaLoader.java:loadSchema(171)) - Loading network topology layer schema file
2019-09-10 21:20:40,916 [main] INFO  node.SCMNodeManager (SCMNodeManager.java:<init>(114)) - Entering startup safe mode.
2019-09-10 21:20:41,011 [main] INFO  algorithms.ContainerPlacementPolicyFactory (ContainerPlacementPolicyFactory.java:getPolicy(55)) - Create container placement policy of type org.apache.hadoop.hdds.scm.container.placement.algorithms.SCMContainerPlacementRandom
2019-09-10 21:20:41,031 [main] WARN  server.ServerUtils (ServerUtils.java:getScmDbDir(145)) - ozone.scm.db.dirs is not configured. We recommend adding this setting. Falling back to ozone.metadata.dirs instead.
2019-09-10 21:20:41,393 [main] INFO  pipeline.SCMPipelineManager (SCMPipelineManager.java:initializePipelineState(128)) - No pipeline exists in current db
2019-09-10 21:20:41,396 [main] WARN  server.ServerUtils (ServerUtils.java:getScmDbDir(145)) - ozone.scm.db.dirs is not configured. We recommend adding this setting. Falling back to ozone.metadata.dirs instead.
2019-09-10 21:20:41,592 [main] WARN  events.EventQueue (EventQueue.java:fireEvent(183)) - No event handler registered for event TypedEvent{payloadType=SafeModeStatus, name='SafeModeStatus'}
2019-09-10 21:20:41,960 [main] INFO  ipc.CallQueueManager (CallQueueManager.java:<init>(84)) - Using callQueue: class java.util.concurrent.LinkedBlockingQueue, queueCapacity: 2000, scheduler: class org.apache.hadoop.ipc.DefaultRpcScheduler, ipcBackoff: false.
2019-09-10 21:20:41,987 [Socket Reader #1 for port 34049] INFO  ipc.Server (Server.java:run(1074)) - Starting Socket Reader #1 for port 34049
2019-09-10 21:20:42,103 [main] INFO  ipc.CallQueueManager (CallQueueManager.java:<init>(84)) - Using callQueue: class java.util.concurrent.LinkedBlockingQueue, queueCapacity: 2000, scheduler: class org.apache.hadoop.ipc.DefaultRpcScheduler, ipcBackoff: false.
2019-09-10 21:20:42,104 [Socket Reader #1 for port 36285] INFO  ipc.Server (Server.java:run(1074)) - Starting Socket Reader #1 for port 36285
2019-09-10 21:20:42,111 [main] INFO  ipc.CallQueueManager (CallQueueManager.java:<init>(84)) - Using callQueue: class java.util.concurrent.LinkedBlockingQueue, queueCapacity: 2000, scheduler: class org.apache.hadoop.ipc.DefaultRpcScheduler, ipcBackoff: false.
2019-09-10 21:20:42,112 [Socket Reader #1 for port 43795] INFO  ipc.Server (Server.java:run(1074)) - Starting Socket Reader #1 for port 43795
2019-09-10 21:20:42,132 [main] INFO  hdfs.DFSUtil (DFSUtil.java:httpServerTemplateForNNAndJN(1641)) - Starting Web-server for scm at: http://0.0.0.0:0
2019-09-10 21:20:42,263 [main] INFO  server.AuthenticationFilter (AuthenticationFilter.java:constructSecretProvider(240)) - Unable to initialize FileSignerSecretProvider, falling back to use random secrets.
2019-09-10 21:20:42,274 [main] WARN  http.HttpRequestLog (HttpRequestLog.java:getRequestLog(97)) - Jetty request log can only be enabled using Log4j
2019-09-10 21:20:42,281 [main] INFO  http.HttpServer2 (HttpServer2.java:addGlobalFilter(975)) - Added global filter 'safety' (class=org.apache.hadoop.http.HttpServer2$QuotingInputFilter)
2019-09-10 21:20:42,284 [main] INFO  http.HttpServer2 (HttpServer2.java:addFilter(948)) - Added filter static_user_filter (class=org.apache.hadoop.http.lib.StaticUserWebFilter$StaticUserFilter) to context scm
2019-09-10 21:20:42,284 [main] INFO  http.HttpServer2 (HttpServer2.java:addFilter(958)) - Added filter static_user_filter (class=org.apache.hadoop.http.lib.StaticUserWebFilter$StaticUserFilter) to context logs
2019-09-10 21:20:42,285 [main] INFO  http.HttpServer2 (HttpServer2.java:addFilter(958)) - Added filter static_user_filter (class=org.apache.hadoop.http.lib.StaticUserWebFilter$StaticUserFilter) to context static
2019-09-10 21:20:42,319 [main] INFO  server.StorageContainerManager (StorageContainerManager.java:start(759)) - StorageContainerLocationProtocol RPC server is listening at /0.0.0.0:43795
2019-09-10 21:20:42,377 [main] WARN  impl.MetricsConfig (MetricsConfig.java:loadFirst(134)) - Cannot locate configuration: tried hadoop-metrics2-storagecontainermanager.properties,hadoop-metrics2.properties
2019-09-10 21:20:42,390 [main] INFO  impl.MetricsSystemImpl (MetricsSystemImpl.java:startTimer(374)) - Scheduled Metric snapshot period at 10 second(s).
2019-09-10 21:20:42,391 [main] INFO  impl.MetricsSystemImpl (MetricsSystemImpl.java:start(191)) - StorageContainerManager metrics system started
2019-09-10 21:20:42,629 [main] INFO  server.SCMClientProtocolServer (SCMClientProtocolServer.java:start(151)) - RPC server for Client  is listening at /0.0.0.0:43795
2019-09-10 21:20:42,629 [IPC Server Responder] INFO  ipc.Server (Server.java:run(1314)) - IPC Server Responder: starting
2019-09-10 21:20:42,629 [IPC Server listener on 43795] INFO  ipc.Server (Server.java:run(1153)) - IPC Server listener on 43795: starting
2019-09-10 21:20:42,632 [main] INFO  server.StorageContainerManager (StorageContainerManager.java:start(769)) - ScmBlockLocationProtocol RPC server is listening at /0.0.0.0:36285
2019-09-10 21:20:42,634 [main] INFO  server.SCMBlockProtocolServer (SCMBlockProtocolServer.java:start(146)) - RPC server for Block Protocol is listening at /0.0.0.0:36285
2019-09-10 21:20:42,634 [IPC Server Responder] INFO  ipc.Server (Server.java:run(1314)) - IPC Server Responder: starting
2019-09-10 21:20:42,634 [IPC Server listener on 36285] INFO  ipc.Server (Server.java:run(1153)) - IPC Server listener on 36285: starting
2019-09-10 21:20:42,637 [main] INFO  server.StorageContainerManager (StorageContainerManager.java:start(773)) - ScmDatanodeProtocl RPC server is listening at /0.0.0.0:34049
2019-09-10 21:20:42,637 [main] INFO  server.SCMDatanodeProtocolServer (SCMDatanodeProtocolServer.java:start(191)) - RPC server for DataNodes is listening at /0.0.0.0:34049
2019-09-10 21:20:42,638 [IPC Server Responder] INFO  ipc.Server (Server.java:run(1314)) - IPC Server Responder: starting
2019-09-10 21:20:42,638 [IPC Server listener on 34049] INFO  ipc.Server (Server.java:run(1153)) - IPC Server listener on 34049: starting
2019-09-10 21:20:42,643 [main] INFO  http.HttpServer2 (HttpServer2.java:bindListener(1191)) - Jetty bound to port 40916
2019-09-10 21:20:42,646 [main] INFO  server.Server (Server.java:doStart(351)) - jetty-9.3.24.v20180605, build timestamp: 2018-06-05T17:11:56Z, git hash: 84205aa28f11a4f31f2a3b86d1bba2cc8ab69827
2019-09-10 21:20:42,698 [main] INFO  handler.ContextHandler (ContextHandler.java:doStart(781)) - Started o.e.j.s.ServletContextHandler@4af0df05{/logs,file:///workdir/hadoop-ozone/integration-test/target/log,AVAILABLE}
2019-09-10 21:20:42,699 [main] INFO  handler.ContextHandler (ContextHandler.java:doStart(781)) - Started o.e.j.s.ServletContextHandler@acdb094{/static,file:///workdir/hadoop-ozone/integration-test/target/test-classes/webapps/static,AVAILABLE}
2019-09-10 21:20:42,739 [main] INFO  handler.ContextHandler (ContextHandler.java:doStart(781)) - Started o.e.j.w.WebAppContext@7df587ef{/,file:///workdir/hadoop-ozone/integration-test/target/test-classes/webapps/scm/,AVAILABLE}{/scm}
2019-09-10 21:20:42,745 [main] INFO  server.AbstractConnector (AbstractConnector.java:doStart(278)) - Started ServerConnector@3591009c{HTTP/1.1,[http/1.1]}{0.0.0.0:40916}
2019-09-10 21:20:42,746 [main] INFO  server.Server (Server.java:doStart(419)) - Started @3447ms
2019-09-10 21:20:42,748 [main] INFO  impl.MetricsSinkAdapter (MetricsSinkAdapter.java:start(204)) - Sink prometheus started
2019-09-10 21:20:42,748 [main] INFO  impl.MetricsSystemImpl (MetricsSystemImpl.java:registerSink(301)) - Registered sink prometheus
2019-09-10 21:20:42,751 [main] INFO  server.BaseHttpServer (BaseHttpServer.java:updateConnectorAddress(215)) - HTTP server of SCM is listening at http://0.0.0.0:40916
2019-09-10 21:20:42,757 [org.apache.hadoop.util.JvmPauseMonitor$Monitor@3dd69f5a] INFO  util.JvmPauseMonitor (JvmPauseMonitor.java:run(188)) - Starting JVM pause monitor
2019-09-10 21:20:42,761 [main] WARN  server.ServerUtils (ServerUtils.java:getDBPath(222)) - ozone.om.db.dirs is not configured. We recommend adding this setting. Falling back to ozone.metadata.dirs instead.
2019-09-10 21:20:42,892 [main] WARN  server.ServerUtils (ServerUtils.java:getDBPath(222)) - ozone.om.db.dirs is not configured. We recommend adding this setting. Falling back to ozone.metadata.dirs instead.
2019-09-10 21:20:42,893 [main] WARN  server.ServerUtils (ServerUtils.java:getDBPath(222)) - ozone.om.db.dirs is not configured. We recommend adding this setting. Falling back to ozone.metadata.dirs instead.
2019-09-10 21:20:42,894 [main] INFO  om.OzoneManager (OzoneManager.java:setOMNodeDetails(649)) - OM Service ID is not set. Setting it to the default ID: omServiceIdDefault
2019-09-10 21:20:42,894 [main] INFO  om.OzoneManager (OzoneManager.java:setOMNodeDetails(655)) - OM Node ID is not set. Setting it to the OmStorage's OmID: 711f6bd5-a787-4a66-a05a-26f52747990c
2019-09-10 21:20:42,895 [main] INFO  om.OzoneManager (OzoneManager.java:loadOMHAConfigs(606)) - Found matching OM address with OMServiceId: null, OMNodeId: null, RPC Address: localhost:0 and Ratis port: 9872
2019-09-10 21:20:43,664 [main] WARN  server.ServerUtils (ServerUtils.java:getDBPath(222)) - ozone.om.db.dirs is not configured. We recommend adding this setting. Falling back to ozone.metadata.dirs instead.
2019-09-10 21:20:43,671 [main] INFO  db.DBStoreBuilder (DBStoreBuilder.java:addTable(110)) - using custom profile for table: userTable
2019-09-10 21:20:43,671 [main] INFO  db.DBStoreBuilder (DBStoreBuilder.java:processTables(161)) - Using default column profile:DBProfile.DISK for Table:userTable
2019-09-10 21:20:43,671 [main] INFO  db.DBStoreBuilder (DBStoreBuilder.java:addTable(110)) - using custom profile for table: volumeTable
2019-09-10 21:20:43,672 [main] INFO  db.DBStoreBuilder (DBStoreBuilder.java:processTables(161)) - Using default column profile:DBProfile.DISK for Table:volumeTable
2019-09-10 21:20:43,672 [main] INFO  db.DBStoreBuilder (DBStoreBuilder.java:addTable(110)) - using custom profile for table: bucketTable
2019-09-10 21:20:43,672 [main] INFO  db.DBStoreBuilder (DBStoreBuilder.java:processTables(161)) - Using default column profile:DBProfile.DISK for Table:bucketTable
2019-09-10 21:20:43,672 [main] INFO  db.DBStoreBuilder (DBStoreBuilder.java:addTable(110)) - using custom profile for table: keyTable
2019-09-10 21:20:43,673 [main] INFO  db.DBStoreBuilder (DBStoreBuilder.java:processTables(161)) - Using default column profile:DBProfile.DISK for Table:keyTable
2019-09-10 21:20:43,673 [main] INFO  db.DBStoreBuilder (DBStoreBuilder.java:addTable(110)) - using custom profile for table: deletedTable
2019-09-10 21:20:43,673 [main] INFO  db.DBStoreBuilder (DBStoreBuilder.java:processTables(161)) - Using default column profile:DBProfile.DISK for Table:deletedTable
2019-09-10 21:20:43,673 [main] INFO  db.DBStoreBuilder (DBStoreBuilder.java:addTable(110)) - using custom profile for table: openKeyTable
2019-09-10 21:20:43,674 [main] INFO  db.DBStoreBuilder (DBStoreBuilder.java:processTables(161)) - Using default column profile:DBProfile.DISK for Table:openKeyTable
2019-09-10 21:20:43,674 [main] INFO  db.DBStoreBuilder (DBStoreBuilder.java:addTable(110)) - using custom profile for table: s3Table
2019-09-10 21:20:43,674 [main] INFO  db.DBStoreBuilder (DBStoreBuilder.java:processTables(161)) - Using default column profile:DBProfile.DISK for Table:s3Table
2019-09-10 21:20:43,674 [main] INFO  db.DBStoreBuilder (DBStoreBuilder.java:addTable(110)) - using custom profile for table: multipartInfoTable
2019-09-10 21:20:43,675 [main] INFO  db.DBStoreBuilder (DBStoreBuilder.java:processTables(161)) - Using default column profile:DBProfile.DISK for Table:multipartInfoTable
2019-09-10 21:20:43,675 [main] INFO  db.DBStoreBuilder (DBStoreBuilder.java:addTable(110)) - using custom profile for table: dTokenTable
2019-09-10 21:20:43,675 [main] INFO  db.DBStoreBuilder (DBStoreBuilder.java:processTables(161)) - Using default column profile:DBProfile.DISK for Table:dTokenTable
2019-09-10 21:20:43,675 [main] INFO  db.DBStoreBuilder (DBStoreBuilder.java:addTable(110)) - using custom profile for table: s3SecretTable
2019-09-10 21:20:43,676 [main] INFO  db.DBStoreBuilder (DBStoreBuilder.java:processTables(161)) - Using default column profile:DBProfile.DISK for Table:s3SecretTable
2019-09-10 21:20:43,676 [main] INFO  db.DBStoreBuilder (DBStoreBuilder.java:addTable(110)) - using custom profile for table: prefixTable
2019-09-10 21:20:43,676 [main] INFO  db.DBStoreBuilder (DBStoreBuilder.java:processTables(161)) - Using default column profile:DBProfile.DISK for Table:prefixTable
2019-09-10 21:20:43,676 [main] INFO  db.DBStoreBuilder (DBStoreBuilder.java:addTable(110)) - using custom profile for table: default
2019-09-10 21:20:43,677 [main] INFO  db.DBStoreBuilder (DBStoreBuilder.java:processTables(167)) - Using default column profile:DBProfile.DISK for Table:default
2019-09-10 21:20:43,677 [main] INFO  db.DBStoreBuilder (DBStoreBuilder.java:getDbProfile(198)) - Using default options. DBProfile.DISK
2019-09-10 21:20:44,675 [main] INFO  ipc.CallQueueManager (CallQueueManager.java:<init>(84)) - Using callQueue: class java.util.concurrent.LinkedBlockingQueue, queueCapacity: 2000, scheduler: class org.apache.hadoop.ipc.DefaultRpcScheduler, ipcBackoff: false.
2019-09-10 21:20:44,676 [Socket Reader #1 for port 46071] INFO  ipc.Server (Server.java:run(1074)) - Starting Socket Reader #1 for port 46071
2019-09-10 21:20:44,697 [main] INFO  om.OzoneManager (OzoneManager.java:start(1240)) - OzoneManager RPC server is listening at localhost/127.0.0.1:46071
2019-09-10 21:20:44,697 [main] INFO  impl.MetricsSystemImpl (MetricsSystemImpl.java:init(158)) - OzoneManager metrics system started (again)
2019-09-10 21:20:44,698 [IPC Server Responder] INFO  ipc.Server (Server.java:run(1314)) - IPC Server Responder: starting
2019-09-10 21:20:44,698 [IPC Server listener on 46071] INFO  ipc.Server (Server.java:run(1153)) - IPC Server listener on 46071: starting
2019-09-10 21:20:44,703 [main] INFO  hdfs.DFSUtil (DFSUtil.java:httpServerTemplateForNNAndJN(1641)) - Starting Web-server for ozoneManager at: http://0.0.0.0:0
2019-09-10 21:20:44,704 [main] INFO  server.AuthenticationFilter (AuthenticationFilter.java:constructSecretProvider(240)) - Unable to initialize FileSignerSecretProvider, falling back to use random secrets.
2019-09-10 21:20:44,705 [main] WARN  http.HttpRequestLog (HttpRequestLog.java:getRequestLog(97)) - Jetty request log can only be enabled using Log4j
2019-09-10 21:20:44,707 [main] INFO  http.HttpServer2 (HttpServer2.java:addGlobalFilter(975)) - Added global filter 'safety' (class=org.apache.hadoop.http.HttpServer2$QuotingInputFilter)
2019-09-10 21:20:44,708 [main] INFO  http.HttpServer2 (HttpServer2.java:addFilter(948)) - Added filter static_user_filter (class=org.apache.hadoop.http.lib.StaticUserWebFilter$StaticUserFilter) to context ozoneManager
2019-09-10 21:20:44,708 [main] INFO  http.HttpServer2 (HttpServer2.java:addFilter(958)) - Added filter static_user_filter (class=org.apache.hadoop.http.lib.StaticUserWebFilter$StaticUserFilter) to context logs
2019-09-10 21:20:44,708 [main] INFO  http.HttpServer2 (HttpServer2.java:addFilter(958)) - Added filter static_user_filter (class=org.apache.hadoop.http.lib.StaticUserWebFilter$StaticUserFilter) to context static
2019-09-10 21:20:44,710 [main] INFO  http.HttpServer2 (HttpServer2.java:bindListener(1191)) - Jetty bound to port 43687
2019-09-10 21:20:44,710 [main] INFO  server.Server (Server.java:doStart(351)) - jetty-9.3.24.v20180605, build timestamp: 2018-06-05T17:11:56Z, git hash: 84205aa28f11a4f31f2a3b86d1bba2cc8ab69827
2019-09-10 21:20:44,712 [main] INFO  handler.ContextHandler (ContextHandler.java:doStart(781)) - Started o.e.j.s.ServletContextHandler@76075d65{/logs,file:///workdir/hadoop-ozone/integration-test/target/log,AVAILABLE}
2019-09-10 21:20:44,713 [main] INFO  handler.ContextHandler (ContextHandler.java:doStart(781)) - Started o.e.j.s.ServletContextHandler@27b71f50{/static,file:///workdir/hadoop-ozone/integration-test/target/test-classes/webapps/static,AVAILABLE}
2019-09-10 21:20:44,717 [main] INFO  handler.ContextHandler (ContextHandler.java:doStart(781)) - Started o.e.j.w.WebAppContext@562c877a{/,file:///workdir/hadoop-ozone/integration-test/target/test-classes/webapps/ozoneManager/,AVAILABLE}{/ozoneManager}
2019-09-10 21:20:44,718 [main] INFO  server.AbstractConnector (AbstractConnector.java:doStart(278)) - Started ServerConnector@67001148{HTTP/1.1,[http/1.1]}{0.0.0.0:43687}
2019-09-10 21:20:44,718 [main] INFO  server.Server (Server.java:doStart(419)) - Started @5420ms
2019-09-10 21:20:44,719 [main] WARN  impl.MetricsSystemImpl (MetricsSystemImpl.java:register(276)) - Sink prometheus already exists!
2019-09-10 21:20:44,720 [main] INFO  server.BaseHttpServer (BaseHttpServer.java:updateConnectorAddress(215)) - HTTP server of OZONEMANAGER is listening at http://0.0.0.0:43687
2019-09-10 21:20:45,017 [main] INFO  impl.MetricsSystemImpl (MetricsSystemImpl.java:init(158)) - HddsDatanode metrics system started (again)
2019-09-10 21:20:45,090 [main] INFO  ozone.HddsDatanodeService (HddsDatanodeService.java:start(184)) - HddsDatanodeService host:pr-hdds-2007-qhgzt-2180668592 ip:192.168.69.94
2019-09-10 21:20:45,126 [main] INFO  volume.HddsVolume (HddsVolume.java:<init>(176)) - Creating Volume: /workdir/hadoop-ozone/integration-test/target/test-dir/MiniOzoneClusterImpl-fdd04c0c-114b-4de3-8536-b28dc82e2d50/datanode-0/data/containers/hdds of  storage type : DISK and capacity : 1482555576320
2019-09-10 21:20:45,128 [main] INFO  volume.VolumeSet (VolumeSet.java:initializeVolumeSet(170)) - Added Volume : /workdir/hadoop-ozone/integration-test/target/test-dir/MiniOzoneClusterImpl-fdd04c0c-114b-4de3-8536-b28dc82e2d50/datanode-0/data/containers/hdds to VolumeSet
2019-09-10 21:20:45,131 [main] INFO  volume.ThrottledAsyncChecker (ThrottledAsyncChecker.java:schedule(140)) - Scheduling a check for org.apache.hadoop.ozone.container.common.volume.HddsVolume@bc4d5e1
2019-09-10 21:20:45,148 [main] INFO  volume.HddsVolumeChecker (HddsVolumeChecker.java:checkAllVolumes(203)) - Scheduled health check for volume org.apache.hadoop.ozone.container.common.volume.HddsVolume@bc4d5e1
2019-09-10 21:20:45,253 [main] INFO  impl.RaftServerProxy (ConfUtils.java:logGet(43)) - raft.rpc.type = GRPC (default)
2019-09-10 21:20:45,318 [main] INFO  grpc.GrpcFactory (GrpcFactory.java:checkPooledByteBufAllocatorUseCacheForAllThreads(45)) - PERFORMANCE WARNING: useCacheForAllThreads is true that may cause Netty to create a lot garbage objects and, as a result, trigger GC.
	It is recommended to disable useCacheForAllThreads by setting -Dorg.apache.ratis.thirdparty.io.netty.allocator.useCacheForAllThreads=false in command line.
2019-09-10 21:20:45,323 [main] INFO  grpc.GrpcConfigKeys$Server (ConfUtils.java:logGet(43)) - raft.grpc.server.port = 0 (default)
2019-09-10 21:20:45,324 [main] INFO  server.GrpcService (ConfUtils.java:logGet(43)) - raft.grpc.message.size.max = 33570816 (custom)
2019-09-10 21:20:45,325 [main] INFO  server.RaftServerConfigKeys (ConfUtils.java:logGet(43)) - raft.server.log.appender.buffer.byte-limit = 33554432 (custom)
2019-09-10 21:20:45,326 [main] INFO  server.GrpcService (ConfUtils.java:logGet(43)) - raft.grpc.flow.control.window = 1MB (=1048576) (default)
2019-09-10 21:20:45,327 [main] INFO  server.RaftServerConfigKeys (ConfUtils.java:logGet(43)) - raft.server.rpc.request.timeout = 3000ms (default)
2019-09-10 21:20:45,539 [main] INFO  server.RaftServerConfigKeys (ConfUtils.java:logGet(43)) - raft.server.storage.dir = [/workdir/hadoop-ozone/integration-test/target/test-dir/MiniOzoneClusterImpl-fdd04c0c-114b-4de3-8536-b28dc82e2d50/datanode-0/data/ratis] (custom)
2019-09-10 21:20:45,591 [main] INFO  hdfs.DFSUtil (DFSUtil.java:httpServerTemplateForNNAndJN(1641)) - Starting Web-server for hddsDatanode at: http://0.0.0.0:0
2019-09-10 21:20:45,595 [main] INFO  server.AuthenticationFilter (AuthenticationFilter.java:constructSecretProvider(240)) - Unable to initialize FileSignerSecretProvider, falling back to use random secrets.
2019-09-10 21:20:45,596 [main] WARN  http.HttpRequestLog (HttpRequestLog.java:getRequestLog(97)) - Jetty request log can only be enabled using Log4j
2019-09-10 21:20:45,600 [main] INFO  http.HttpServer2 (HttpServer2.java:addGlobalFilter(975)) - Added global filter 'safety' (class=org.apache.hadoop.http.HttpServer2$QuotingInputFilter)
2019-09-10 21:20:45,602 [main] INFO  http.HttpServer2 (HttpServer2.java:addFilter(948)) - Added filter static_user_filter (class=org.apache.hadoop.http.lib.StaticUserWebFilter$StaticUserFilter) to context hddsDatanode
2019-09-10 21:20:45,603 [main] INFO  http.HttpServer2 (HttpServer2.java:addFilter(958)) - Added filter static_user_filter (class=org.apache.hadoop.http.lib.StaticUserWebFilter$StaticUserFilter) to context logs
2019-09-10 21:20:45,603 [main] INFO  http.HttpServer2 (HttpServer2.java:addFilter(958)) - Added filter static_user_filter (class=org.apache.hadoop.http.lib.StaticUserWebFilter$StaticUserFilter) to context static
2019-09-10 21:20:45,606 [main] INFO  http.HttpServer2 (HttpServer2.java:bindListener(1191)) - Jetty bound to port 37458
2019-09-10 21:20:45,607 [main] INFO  server.Server (Server.java:doStart(351)) - jetty-9.3.24.v20180605, build timestamp: 2018-06-05T17:11:56Z, git hash: 84205aa28f11a4f31f2a3b86d1bba2cc8ab69827
2019-09-10 21:20:45,611 [main] INFO  handler.ContextHandler (ContextHandler.java:doStart(781)) - Started o.e.j.s.ServletContextHandler@76563d26{/logs,file:///workdir/hadoop-ozone/integration-test/target/log,AVAILABLE}
2019-09-10 21:20:45,612 [main] INFO  handler.ContextHandler (ContextHandler.java:doStart(781)) - Started o.e.j.s.ServletContextHandler@3d904e9c{/static,jar:file:/home/user/.m2/repository/org/apache/hadoop/hadoop-hdds-container-service/0.5.0-SNAPSHOT/hadoop-hdds-container-service-0.5.0-SNAPSHOT.jar!/webapps/static,AVAILABLE}
2019-09-10 21:20:46,009 [main] INFO  handler.ContextHandler (ContextHandler.java:doStart(781)) - Started o.e.j.w.WebAppContext@102ecc22{/,file:///tmp/jetty-0.0.0.0-37458-hddsDatanode-_-any-7229173967129579823.dir/webapp/,AVAILABLE}{/hddsDatanode}
2019-09-10 21:20:46,010 [main] INFO  server.AbstractConnector (AbstractConnector.java:doStart(278)) - Started ServerConnector@7ff35a3f{HTTP/1.1,[http/1.1]}{0.0.0.0:37458}
2019-09-10 21:20:46,011 [main] INFO  server.Server (Server.java:doStart(419)) - Started @6713ms
2019-09-10 21:20:46,011 [main] WARN  impl.MetricsSystemImpl (MetricsSystemImpl.java:register(276)) - Sink prometheus already exists!
2019-09-10 21:20:46,013 [main] INFO  server.BaseHttpServer (BaseHttpServer.java:updateConnectorAddress(215)) - HTTP server of HDDSDATANODE is listening at http://0.0.0.0:37458
2019-09-10 21:20:46,015 [main] INFO  impl.MetricsSystemImpl (MetricsSystemImpl.java:init(158)) - HddsDatanode metrics system started (again)
2019-09-10 21:20:46,021 [main] INFO  ozone.HddsDatanodeService (HddsDatanodeService.java:start(184)) - HddsDatanodeService host:pr-hdds-2007-qhgzt-2180668592 ip:192.168.69.94
2019-09-10 21:20:46,022 [org.apache.hadoop.util.JvmPauseMonitor$Monitor@46e1e591] INFO  util.JvmPauseMonitor (JvmPauseMonitor.java:run(188)) - Starting JVM pause monitor
2019-09-10 21:20:46,033 [main] INFO  volume.HddsVolume (HddsVolume.java:<init>(176)) - Creating Volume: /workdir/hadoop-ozone/integration-test/target/test-dir/MiniOzoneClusterImpl-fdd04c0c-114b-4de3-8536-b28dc82e2d50/datanode-1/data/containers/hdds of  storage type : DISK and capacity : 1482555576320
2019-09-10 21:20:46,034 [main] INFO  volume.VolumeSet (VolumeSet.java:initializeVolumeSet(170)) - Added Volume : /workdir/hadoop-ozone/integration-test/target/test-dir/MiniOzoneClusterImpl-fdd04c0c-114b-4de3-8536-b28dc82e2d50/datanode-1/data/containers/hdds to VolumeSet
2019-09-10 21:20:46,034 [main] INFO  volume.ThrottledAsyncChecker (ThrottledAsyncChecker.java:schedule(140)) - Scheduling a check for org.apache.hadoop.ozone.container.common.volume.HddsVolume@2849434b
2019-09-10 21:20:46,035 [main] INFO  volume.HddsVolumeChecker (HddsVolumeChecker.java:checkAllVolumes(203)) - Scheduled health check for volume org.apache.hadoop.ozone.container.common.volume.HddsVolume@2849434b
2019-09-10 21:20:46,064 [main] INFO  impl.RaftServerProxy (ConfUtils.java:logGet(43)) - raft.rpc.type = GRPC (default)
2019-09-10 21:20:46,064 [main] INFO  grpc.GrpcFactory (GrpcFactory.java:checkPooledByteBufAllocatorUseCacheForAllThreads(45)) - PERFORMANCE WARNING: useCacheForAllThreads is true that may cause Netty to create a lot garbage objects and, as a result, trigger GC.
	It is recommended to disable useCacheForAllThreads by setting -Dorg.apache.ratis.thirdparty.io.netty.allocator.useCacheForAllThreads=false in command line.
2019-09-10 21:20:46,065 [main] INFO  grpc.GrpcConfigKeys$Server (ConfUtils.java:logGet(43)) - raft.grpc.server.port = 0 (default)
2019-09-10 21:20:46,066 [main] INFO  server.GrpcService (ConfUtils.java:logGet(43)) - raft.grpc.message.size.max = 33570816 (custom)
2019-09-10 21:20:46,066 [main] INFO  server.RaftServerConfigKeys (ConfUtils.java:logGet(43)) - raft.server.log.appender.buffer.byte-limit = 33554432 (custom)
2019-09-10 21:20:46,067 [main] INFO  server.GrpcService (ConfUtils.java:logGet(43)) - raft.grpc.flow.control.window = 1MB (=1048576) (default)
2019-09-10 21:20:46,068 [main] INFO  server.RaftServerConfigKeys (ConfUtils.java:logGet(43)) - raft.server.rpc.request.timeout = 3000ms (default)
2019-09-10 21:20:46,069 [main] INFO  server.RaftServerConfigKeys (ConfUtils.java:logGet(43)) - raft.server.storage.dir = [/workdir/hadoop-ozone/integration-test/target/test-dir/MiniOzoneClusterImpl-fdd04c0c-114b-4de3-8536-b28dc82e2d50/datanode-1/data/ratis] (custom)
2019-09-10 21:20:46,073 [main] INFO  hdfs.DFSUtil (DFSUtil.java:httpServerTemplateForNNAndJN(1641)) - Starting Web-server for hddsDatanode at: http://0.0.0.0:0
2019-09-10 21:20:46,075 [main] INFO  server.AuthenticationFilter (AuthenticationFilter.java:constructSecretProvider(240)) - Unable to initialize FileSignerSecretProvider, falling back to use random secrets.
2019-09-10 21:20:46,077 [main] WARN  http.HttpRequestLog (HttpRequestLog.java:getRequestLog(97)) - Jetty request log can only be enabled using Log4j
2019-09-10 21:20:46,080 [main] INFO  http.HttpServer2 (HttpServer2.java:addGlobalFilter(975)) - Added global filter 'safety' (class=org.apache.hadoop.http.HttpServer2$QuotingInputFilter)
2019-09-10 21:20:46,081 [main] INFO  http.HttpServer2 (HttpServer2.java:addFilter(948)) - Added filter static_user_filter (class=org.apache.hadoop.http.lib.StaticUserWebFilter$StaticUserFilter) to context hddsDatanode
2019-09-10 21:20:46,081 [main] INFO  http.HttpServer2 (HttpServer2.java:addFilter(958)) - Added filter static_user_filter (class=org.apache.hadoop.http.lib.StaticUserWebFilter$StaticUserFilter) to context static
2019-09-10 21:20:46,082 [main] INFO  http.HttpServer2 (HttpServer2.java:addFilter(958)) - Added filter static_user_filter (class=org.apache.hadoop.http.lib.StaticUserWebFilter$StaticUserFilter) to context logs
2019-09-10 21:20:46,083 [main] INFO  http.HttpServer2 (HttpServer2.java:bindListener(1191)) - Jetty bound to port 35765
2019-09-10 21:20:46,083 [main] INFO  server.Server (Server.java:doStart(351)) - jetty-9.3.24.v20180605, build timestamp: 2018-06-05T17:11:56Z, git hash: 84205aa28f11a4f31f2a3b86d1bba2cc8ab69827
2019-09-10 21:20:46,088 [main] INFO  handler.ContextHandler (ContextHandler.java:doStart(781)) - Started o.e.j.s.ServletContextHandler@4c6007fb{/logs,file:///workdir/hadoop-ozone/integration-test/target/log,AVAILABLE}
2019-09-10 21:20:46,089 [main] INFO  handler.ContextHandler (ContextHandler.java:doStart(781)) - Started o.e.j.s.ServletContextHandler@6981f8f3{/static,jar:file:/home/user/.m2/repository/org/apache/hadoop/hadoop-hdds-container-service/0.5.0-SNAPSHOT/hadoop-hdds-container-service-0.5.0-SNAPSHOT.jar!/webapps/static,AVAILABLE}
2019-09-10 21:20:46,126 [Datanode State Machine Thread - 0] INFO  datanode.InitDatanodeState (InitDatanodeState.java:persistContainerDatanodeDetails(140)) - DatanodeDetails is persisted to /workdir/hadoop-ozone/integration-test/target/test-dir/MiniOzoneClusterImpl-fdd04c0c-114b-4de3-8536-b28dc82e2d50/datanode-0/meta/datanode.id
2019-09-10 21:20:46,149 [main] INFO  handler.ContextHandler (ContextHandler.java:doStart(781)) - Started o.e.j.w.WebAppContext@6cd64ee8{/,file:///tmp/jetty-0.0.0.0-35765-hddsDatanode-_-any-8401528653887306250.dir/webapp/,AVAILABLE}{/hddsDatanode}
2019-09-10 21:20:46,150 [main] INFO  server.AbstractConnector (AbstractConnector.java:doStart(278)) - Started ServerConnector@620c8641{HTTP/1.1,[http/1.1]}{0.0.0.0:35765}
2019-09-10 21:20:46,151 [main] INFO  server.Server (Server.java:doStart(419)) - Started @6852ms
2019-09-10 21:20:46,152 [main] WARN  impl.MetricsSystemImpl (MetricsSystemImpl.java:register(276)) - Sink prometheus already exists!
2019-09-10 21:20:46,153 [main] INFO  server.BaseHttpServer (BaseHttpServer.java:updateConnectorAddress(215)) - HTTP server of HDDSDATANODE is listening at http://0.0.0.0:35765
2019-09-10 21:20:46,153 [main] INFO  impl.MetricsSystemImpl (MetricsSystemImpl.java:init(158)) - HddsDatanode metrics system started (again)
2019-09-10 21:20:46,156 [org.apache.hadoop.util.JvmPauseMonitor$Monitor@6b4bf604] INFO  util.JvmPauseMonitor (JvmPauseMonitor.java:run(188)) - Starting JVM pause monitor
2019-09-10 21:20:46,156 [main] INFO  ozone.HddsDatanodeService (HddsDatanodeService.java:start(184)) - HddsDatanodeService host:pr-hdds-2007-qhgzt-2180668592 ip:192.168.69.94
2019-09-10 21:20:46,163 [Datanode State Machine Thread - 0] INFO  datanode.InitDatanodeState (InitDatanodeState.java:persistContainerDatanodeDetails(140)) - DatanodeDetails is persisted to /workdir/hadoop-ozone/integration-test/target/test-dir/MiniOzoneClusterImpl-fdd04c0c-114b-4de3-8536-b28dc82e2d50/datanode-1/meta/datanode.id
2019-09-10 21:20:46,167 [main] INFO  volume.HddsVolume (HddsVolume.java:<init>(176)) - Creating Volume: /workdir/hadoop-ozone/integration-test/target/test-dir/MiniOzoneClusterImpl-fdd04c0c-114b-4de3-8536-b28dc82e2d50/datanode-2/data/containers/hdds of  storage type : DISK and capacity : 1482555576320
2019-09-10 21:20:46,168 [main] INFO  volume.VolumeSet (VolumeSet.java:initializeVolumeSet(170)) - Added Volume : /workdir/hadoop-ozone/integration-test/target/test-dir/MiniOzoneClusterImpl-fdd04c0c-114b-4de3-8536-b28dc82e2d50/datanode-2/data/containers/hdds to VolumeSet
2019-09-10 21:20:46,168 [main] INFO  volume.ThrottledAsyncChecker (ThrottledAsyncChecker.java:schedule(140)) - Scheduling a check for org.apache.hadoop.ozone.container.common.volume.HddsVolume@3ee0b4f7
2019-09-10 21:20:46,169 [main] INFO  volume.HddsVolumeChecker (HddsVolumeChecker.java:checkAllVolumes(203)) - Scheduled health check for volume org.apache.hadoop.ozone.container.common.volume.HddsVolume@3ee0b4f7
2019-09-10 21:20:46,193 [main] INFO  impl.RaftServerProxy (ConfUtils.java:logGet(43)) - raft.rpc.type = GRPC (default)
2019-09-10 21:20:46,193 [main] INFO  grpc.GrpcFactory (GrpcFactory.java:checkPooledByteBufAllocatorUseCacheForAllThreads(45)) - PERFORMANCE WARNING: useCacheForAllThreads is true that may cause Netty to create a lot garbage objects and, as a result, trigger GC.
	It is recommended to disable useCacheForAllThreads by setting -Dorg.apache.ratis.thirdparty.io.netty.allocator.useCacheForAllThreads=false in command line.
2019-09-10 21:20:46,194 [main] INFO  grpc.GrpcConfigKeys$Server (ConfUtils.java:logGet(43)) - raft.grpc.server.port = 0 (default)
2019-09-10 21:20:46,194 [main] INFO  server.GrpcService (ConfUtils.java:logGet(43)) - raft.grpc.message.size.max = 33570816 (custom)
2019-09-10 21:20:46,194 [main] INFO  server.RaftServerConfigKeys (ConfUtils.java:logGet(43)) - raft.server.log.appender.buffer.byte-limit = 33554432 (custom)
2019-09-10 21:20:46,195 [main] INFO  server.GrpcService (ConfUtils.java:logGet(43)) - raft.grpc.flow.control.window = 1MB (=1048576) (default)
2019-09-10 21:20:46,195 [main] INFO  server.RaftServerConfigKeys (ConfUtils.java:logGet(43)) - raft.server.rpc.request.timeout = 3000ms (default)
2019-09-10 21:20:46,196 [main] INFO  server.RaftServerConfigKeys (ConfUtils.java:logGet(43)) - raft.server.storage.dir = [/workdir/hadoop-ozone/integration-test/target/test-dir/MiniOzoneClusterImpl-fdd04c0c-114b-4de3-8536-b28dc82e2d50/datanode-2/data/ratis] (custom)
2019-09-10 21:20:46,199 [main] INFO  hdfs.DFSUtil (DFSUtil.java:httpServerTemplateForNNAndJN(1641)) - Starting Web-server for hddsDatanode at: http://0.0.0.0:0
2019-09-10 21:20:46,201 [main] INFO  server.AuthenticationFilter (AuthenticationFilter.java:constructSecretProvider(240)) - Unable to initialize FileSignerSecretProvider, falling back to use random secrets.
2019-09-10 21:20:46,201 [main] WARN  http.HttpRequestLog (HttpRequestLog.java:getRequestLog(97)) - Jetty request log can only be enabled using Log4j
2019-09-10 21:20:46,203 [main] INFO  http.HttpServer2 (HttpServer2.java:addGlobalFilter(975)) - Added global filter 'safety' (class=org.apache.hadoop.http.HttpServer2$QuotingInputFilter)
2019-09-10 21:20:46,204 [main] INFO  http.HttpServer2 (HttpServer2.java:addFilter(948)) - Added filter static_user_filter (class=org.apache.hadoop.http.lib.StaticUserWebFilter$StaticUserFilter) to context hddsDatanode
2019-09-10 21:20:46,204 [main] INFO  http.HttpServer2 (HttpServer2.java:addFilter(958)) - Added filter static_user_filter (class=org.apache.hadoop.http.lib.StaticUserWebFilter$StaticUserFilter) to context static
2019-09-10 21:20:46,204 [main] INFO  http.HttpServer2 (HttpServer2.java:addFilter(958)) - Added filter static_user_filter (class=org.apache.hadoop.http.lib.StaticUserWebFilter$StaticUserFilter) to context logs
2019-09-10 21:20:46,205 [main] INFO  http.HttpServer2 (HttpServer2.java:bindListener(1191)) - Jetty bound to port 41507
2019-09-10 21:20:46,206 [main] INFO  server.Server (Server.java:doStart(351)) - jetty-9.3.24.v20180605, build timestamp: 2018-06-05T17:11:56Z, git hash: 84205aa28f11a4f31f2a3b86d1bba2cc8ab69827
2019-09-10 21:20:46,215 [main] INFO  handler.ContextHandler (ContextHandler.java:doStart(781)) - Started o.e.j.s.ServletContextHandler@52d97ab6{/logs,file:///workdir/hadoop-ozone/integration-test/target/log,AVAILABLE}
2019-09-10 21:20:46,216 [main] INFO  handler.ContextHandler (ContextHandler.java:doStart(781)) - Started o.e.j.s.ServletContextHandler@5e5af8e1{/static,jar:file:/home/user/.m2/repository/org/apache/hadoop/hadoop-hdds-container-service/0.5.0-SNAPSHOT/hadoop-hdds-container-service-0.5.0-SNAPSHOT.jar!/webapps/static,AVAILABLE}
2019-09-10 21:20:46,246 [main] INFO  handler.ContextHandler (ContextHandler.java:doStart(781)) - Started o.e.j.w.WebAppContext@28da7d11{/,file:///tmp/jetty-0.0.0.0-41507-hddsDatanode-_-any-8303827728542352495.dir/webapp/,AVAILABLE}{/hddsDatanode}
2019-09-10 21:20:46,247 [main] INFO  server.AbstractConnector (AbstractConnector.java:doStart(278)) - Started ServerConnector@77b919a3{HTTP/1.1,[http/1.1]}{0.0.0.0:41507}
2019-09-10 21:20:46,248 [main] INFO  server.Server (Server.java:doStart(419)) - Started @6950ms
2019-09-10 21:20:46,249 [main] WARN  impl.MetricsSystemImpl (MetricsSystemImpl.java:register(276)) - Sink prometheus already exists!
2019-09-10 21:20:46,250 [main] INFO  server.BaseHttpServer (BaseHttpServer.java:updateConnectorAddress(215)) - HTTP server of HDDSDATANODE is listening at http://0.0.0.0:41507
2019-09-10 21:20:46,250 [main] INFO  impl.MetricsSystemImpl (MetricsSystemImpl.java:init(158)) - HddsDatanode metrics system started (again)
2019-09-10 21:20:46,253 [org.apache.hadoop.util.JvmPauseMonitor$Monitor@1a966780] INFO  util.JvmPauseMonitor (JvmPauseMonitor.java:run(188)) - Starting JVM pause monitor
2019-09-10 21:20:46,253 [main] INFO  ozone.HddsDatanodeService (HddsDatanodeService.java:start(184)) - HddsDatanodeService host:pr-hdds-2007-qhgzt-2180668592 ip:192.168.69.94
2019-09-10 21:20:46,256 [Datanode State Machine Thread - 0] INFO  datanode.InitDatanodeState (InitDatanodeState.java:persistContainerDatanodeDetails(140)) - DatanodeDetails is persisted to /workdir/hadoop-ozone/integration-test/target/test-dir/MiniOzoneClusterImpl-fdd04c0c-114b-4de3-8536-b28dc82e2d50/datanode-2/meta/datanode.id
2019-09-10 21:20:46,261 [main] INFO  volume.HddsVolume (HddsVolume.java:<init>(176)) - Creating Volume: /workdir/hadoop-ozone/integration-test/target/test-dir/MiniOzoneClusterImpl-fdd04c0c-114b-4de3-8536-b28dc82e2d50/datanode-3/data/containers/hdds of  storage type : DISK and capacity : 1482555576320
2019-09-10 21:20:46,261 [main] INFO  volume.VolumeSet (VolumeSet.java:initializeVolumeSet(170)) - Added Volume : /workdir/hadoop-ozone/integration-test/target/test-dir/MiniOzoneClusterImpl-fdd04c0c-114b-4de3-8536-b28dc82e2d50/datanode-3/data/containers/hdds to VolumeSet
2019-09-10 21:20:46,262 [main] INFO  volume.ThrottledAsyncChecker (ThrottledAsyncChecker.java:schedule(140)) - Scheduling a check for org.apache.hadoop.ozone.container.common.volume.HddsVolume@733aa9d8
2019-09-10 21:20:46,262 [main] INFO  volume.HddsVolumeChecker (HddsVolumeChecker.java:checkAllVolumes(203)) - Scheduled health check for volume org.apache.hadoop.ozone.container.common.volume.HddsVolume@733aa9d8
2019-09-10 21:20:46,276 [main] INFO  impl.RaftServerProxy (ConfUtils.java:logGet(43)) - raft.rpc.type = GRPC (default)
2019-09-10 21:20:46,276 [main] INFO  grpc.GrpcFactory (GrpcFactory.java:checkPooledByteBufAllocatorUseCacheForAllThreads(45)) - PERFORMANCE WARNING: useCacheForAllThreads is true that may cause Netty to create a lot garbage objects and, as a result, trigger GC.
	It is recommended to disable useCacheForAllThreads by setting -Dorg.apache.ratis.thirdparty.io.netty.allocator.useCacheForAllThreads=false in command line.
2019-09-10 21:20:46,276 [main] INFO  grpc.GrpcConfigKeys$Server (ConfUtils.java:logGet(43)) - raft.grpc.server.port = 0 (default)
2019-09-10 21:20:46,276 [main] INFO  server.GrpcService (ConfUtils.java:logGet(43)) - raft.grpc.message.size.max = 33570816 (custom)
2019-09-10 21:20:46,277 [main] INFO  server.RaftServerConfigKeys (ConfUtils.java:logGet(43)) - raft.server.log.appender.buffer.byte-limit = 33554432 (custom)
2019-09-10 21:20:46,277 [main] INFO  server.GrpcService (ConfUtils.java:logGet(43)) - raft.grpc.flow.control.window = 1MB (=1048576) (default)
2019-09-10 21:20:46,277 [main] INFO  server.RaftServerConfigKeys (ConfUtils.java:logGet(43)) - raft.server.rpc.request.timeout = 3000ms (default)
2019-09-10 21:20:46,278 [main] INFO  server.RaftServerConfigKeys (ConfUtils.java:logGet(43)) - raft.server.storage.dir = [/workdir/hadoop-ozone/integration-test/target/test-dir/MiniOzoneClusterImpl-fdd04c0c-114b-4de3-8536-b28dc82e2d50/datanode-3/data/ratis] (custom)
2019-09-10 21:20:46,279 [main] INFO  hdfs.DFSUtil (DFSUtil.java:httpServerTemplateForNNAndJN(1641)) - Starting Web-server for hddsDatanode at: http://0.0.0.0:0
2019-09-10 21:20:46,281 [main] INFO  server.AuthenticationFilter (AuthenticationFilter.java:constructSecretProvider(240)) - Unable to initialize FileSignerSecretProvider, falling back to use random secrets.
2019-09-10 21:20:46,281 [main] WARN  http.HttpRequestLog (HttpRequestLog.java:getRequestLog(97)) - Jetty request log can only be enabled using Log4j
2019-09-10 21:20:46,283 [main] INFO  http.HttpServer2 (HttpServer2.java:addGlobalFilter(975)) - Added global filter 'safety' (class=org.apache.hadoop.http.HttpServer2$QuotingInputFilter)
2019-09-10 21:20:46,283 [main] INFO  http.HttpServer2 (HttpServer2.java:addFilter(948)) - Added filter static_user_filter (class=org.apache.hadoop.http.lib.StaticUserWebFilter$StaticUserFilter) to context hddsDatanode
2019-09-10 21:20:46,283 [main] INFO  http.HttpServer2 (HttpServer2.java:addFilter(958)) - Added filter static_user_filter (class=org.apache.hadoop.http.lib.StaticUserWebFilter$StaticUserFilter) to context static
2019-09-10 21:20:46,284 [main] INFO  http.HttpServer2 (HttpServer2.java:addFilter(958)) - Added filter static_user_filter (class=org.apache.hadoop.http.lib.StaticUserWebFilter$StaticUserFilter) to context logs
2019-09-10 21:20:46,284 [main] INFO  http.HttpServer2 (HttpServer2.java:bindListener(1191)) - Jetty bound to port 35231
2019-09-10 21:20:46,284 [main] INFO  server.Server (Server.java:doStart(351)) - jetty-9.3.24.v20180605, build timestamp: 2018-06-05T17:11:56Z, git hash: 84205aa28f11a4f31f2a3b86d1bba2cc8ab69827
2019-09-10 21:20:46,287 [main] INFO  handler.ContextHandler (ContextHandler.java:doStart(781)) - Started o.e.j.s.ServletContextHandler@588f63c{/logs,file:///workdir/hadoop-ozone/integration-test/target/log,AVAILABLE}
2019-09-10 21:20:46,288 [main] INFO  handler.ContextHandler (ContextHandler.java:doStart(781)) - Started o.e.j.s.ServletContextHandler@1981d861{/static,jar:file:/home/user/.m2/repository/org/apache/hadoop/hadoop-hdds-container-service/0.5.0-SNAPSHOT/hadoop-hdds-container-service-0.5.0-SNAPSHOT.jar!/webapps/static,AVAILABLE}
2019-09-10 21:20:46,434 [main] INFO  handler.ContextHandler (ContextHandler.java:doStart(781)) - Started o.e.j.w.WebAppContext@41eb94bc{/,file:///tmp/jetty-0.0.0.0-35231-hddsDatanode-_-any-5045583916190494460.dir/webapp/,AVAILABLE}{/hddsDatanode}
2019-09-10 21:20:46,435 [main] INFO  server.AbstractConnector (AbstractConnector.java:doStart(278)) - Started ServerConnector@378cfecf{HTTP/1.1,[http/1.1]}{0.0.0.0:35231}
2019-09-10 21:20:46,436 [main] INFO  server.Server (Server.java:doStart(419)) - Started @7138ms
2019-09-10 21:20:46,437 [main] WARN  impl.MetricsSystemImpl (MetricsSystemImpl.java:register(276)) - Sink prometheus already exists!
2019-09-10 21:20:46,438 [main] INFO  server.BaseHttpServer (BaseHttpServer.java:updateConnectorAddress(215)) - HTTP server of HDDSDATANODE is listening at http://0.0.0.0:35231
2019-09-10 21:20:46,438 [main] INFO  impl.MetricsSystemImpl (MetricsSystemImpl.java:init(158)) - HddsDatanode metrics system started (again)
2019-09-10 21:20:46,442 [org.apache.hadoop.util.JvmPauseMonitor$Monitor@3a981b3d] INFO  util.JvmPauseMonitor (JvmPauseMonitor.java:run(188)) - Starting JVM pause monitor
2019-09-10 21:20:46,444 [main] INFO  ozone.HddsDatanodeService (HddsDatanodeService.java:start(184)) - HddsDatanodeService host:pr-hdds-2007-qhgzt-2180668592 ip:192.168.69.94
2019-09-10 21:20:46,446 [Datanode State Machine Thread - 0] INFO  datanode.InitDatanodeState (InitDatanodeState.java:persistContainerDatanodeDetails(140)) - DatanodeDetails is persisted to /workdir/hadoop-ozone/integration-test/target/test-dir/MiniOzoneClusterImpl-fdd04c0c-114b-4de3-8536-b28dc82e2d50/datanode-3/meta/datanode.id
2019-09-10 21:20:46,451 [main] INFO  volume.HddsVolume (HddsVolume.java:<init>(176)) - Creating Volume: /workdir/hadoop-ozone/integration-test/target/test-dir/MiniOzoneClusterImpl-fdd04c0c-114b-4de3-8536-b28dc82e2d50/datanode-4/data/containers/hdds of  storage type : DISK and capacity : 1482555576320
2019-09-10 21:20:46,451 [main] INFO  volume.VolumeSet (VolumeSet.java:initializeVolumeSet(170)) - Added Volume : /workdir/hadoop-ozone/integration-test/target/test-dir/MiniOzoneClusterImpl-fdd04c0c-114b-4de3-8536-b28dc82e2d50/datanode-4/data/containers/hdds to VolumeSet
2019-09-10 21:20:46,452 [main] INFO  volume.ThrottledAsyncChecker (ThrottledAsyncChecker.java:schedule(140)) - Scheduling a check for org.apache.hadoop.ozone.container.common.volume.HddsVolume@70972170
2019-09-10 21:20:46,452 [main] INFO  volume.HddsVolumeChecker (HddsVolumeChecker.java:checkAllVolumes(203)) - Scheduled health check for volume org.apache.hadoop.ozone.container.common.volume.HddsVolume@70972170
2019-09-10 21:20:46,472 [main] INFO  impl.RaftServerProxy (ConfUtils.java:logGet(43)) - raft.rpc.type = GRPC (default)
2019-09-10 21:20:46,473 [main] INFO  grpc.GrpcFactory (GrpcFactory.java:checkPooledByteBufAllocatorUseCacheForAllThreads(45)) - PERFORMANCE WARNING: useCacheForAllThreads is true that may cause Netty to create a lot garbage objects and, as a result, trigger GC.
	It is recommended to disable useCacheForAllThreads by setting -Dorg.apache.ratis.thirdparty.io.netty.allocator.useCacheForAllThreads=false in command line.
2019-09-10 21:20:46,473 [main] INFO  grpc.GrpcConfigKeys$Server (ConfUtils.java:logGet(43)) - raft.grpc.server.port = 0 (default)
2019-09-10 21:20:46,474 [main] INFO  server.GrpcService (ConfUtils.java:logGet(43)) - raft.grpc.message.size.max = 33570816 (custom)
2019-09-10 21:20:46,474 [main] INFO  server.RaftServerConfigKeys (ConfUtils.java:logGet(43)) - raft.server.log.appender.buffer.byte-limit = 33554432 (custom)
2019-09-10 21:20:46,474 [main] INFO  server.GrpcService (ConfUtils.java:logGet(43)) - raft.grpc.flow.control.window = 1MB (=1048576) (default)
2019-09-10 21:20:46,475 [main] INFO  server.RaftServerConfigKeys (ConfUtils.java:logGet(43)) - raft.server.rpc.request.timeout = 3000ms (default)
2019-09-10 21:20:46,476 [main] INFO  server.RaftServerConfigKeys (ConfUtils.java:logGet(43)) - raft.server.storage.dir = [/workdir/hadoop-ozone/integration-test/target/test-dir/MiniOzoneClusterImpl-fdd04c0c-114b-4de3-8536-b28dc82e2d50/datanode-4/data/ratis] (custom)
2019-09-10 21:20:46,478 [main] INFO  hdfs.DFSUtil (DFSUtil.java:httpServerTemplateForNNAndJN(1641)) - Starting Web-server for hddsDatanode at: http://0.0.0.0:0
2019-09-10 21:20:46,481 [main] INFO  server.AuthenticationFilter (AuthenticationFilter.java:constructSecretProvider(240)) - Unable to initialize FileSignerSecretProvider, falling back to use random secrets.
2019-09-10 21:20:46,481 [main] WARN  http.HttpRequestLog (HttpRequestLog.java:getRequestLog(97)) - Jetty request log can only be enabled using Log4j
2019-09-10 21:20:46,484 [main] INFO  http.HttpServer2 (HttpServer2.java:addGlobalFilter(975)) - Added global filter 'safety' (class=org.apache.hadoop.http.HttpServer2$QuotingInputFilter)
2019-09-10 21:20:46,485 [main] INFO  http.HttpServer2 (HttpServer2.java:addFilter(948)) - Added filter static_user_filter (class=org.apache.hadoop.http.lib.StaticUserWebFilter$StaticUserFilter) to context hddsDatanode
2019-09-10 21:20:46,485 [main] INFO  http.HttpServer2 (HttpServer2.java:addFilter(958)) - Added filter static_user_filter (class=org.apache.hadoop.http.lib.StaticUserWebFilter$StaticUserFilter) to context logs
2019-09-10 21:20:46,485 [main] INFO  http.HttpServer2 (HttpServer2.java:addFilter(958)) - Added filter static_user_filter (class=org.apache.hadoop.http.lib.StaticUserWebFilter$StaticUserFilter) to context static
2019-09-10 21:20:46,487 [main] INFO  http.HttpServer2 (HttpServer2.java:bindListener(1191)) - Jetty bound to port 39232
2019-09-10 21:20:46,487 [main] INFO  server.Server (Server.java:doStart(351)) - jetty-9.3.24.v20180605, build timestamp: 2018-06-05T17:11:56Z, git hash: 84205aa28f11a4f31f2a3b86d1bba2cc8ab69827
2019-09-10 21:20:46,490 [main] INFO  handler.ContextHandler (ContextHandler.java:doStart(781)) - Started o.e.j.s.ServletContextHandler@56dfab87{/logs,file:///workdir/hadoop-ozone/integration-test/target/log,AVAILABLE}
2019-09-10 21:20:46,491 [main] INFO  handler.ContextHandler (ContextHandler.java:doStart(781)) - Started o.e.j.s.ServletContextHandler@7fb29ca9{/static,jar:file:/home/user/.m2/repository/org/apache/hadoop/hadoop-hdds-container-service/0.5.0-SNAPSHOT/hadoop-hdds-container-service-0.5.0-SNAPSHOT.jar!/webapps/static,AVAILABLE}
2019-09-10 21:20:46,533 [main] INFO  handler.ContextHandler (ContextHandler.java:doStart(781)) - Started o.e.j.w.WebAppContext@6a1d3225{/,file:///tmp/jetty-0.0.0.0-39232-hddsDatanode-_-any-3648085419839824811.dir/webapp/,AVAILABLE}{/hddsDatanode}
2019-09-10 21:20:46,535 [main] INFO  server.AbstractConnector (AbstractConnector.java:doStart(278)) - Started ServerConnector@67e13bd0{HTTP/1.1,[http/1.1]}{0.0.0.0:39232}
2019-09-10 21:20:46,535 [main] INFO  server.Server (Server.java:doStart(419)) - Started @7237ms
2019-09-10 21:20:46,535 [main] WARN  impl.MetricsSystemImpl (MetricsSystemImpl.java:register(276)) - Sink prometheus already exists!
2019-09-10 21:20:46,536 [main] INFO  server.BaseHttpServer (BaseHttpServer.java:updateConnectorAddress(215)) - HTTP server of HDDSDATANODE is listening at http://0.0.0.0:39232
2019-09-10 21:20:46,537 [main] INFO  impl.MetricsSystemImpl (MetricsSystemImpl.java:init(158)) - HddsDatanode metrics system started (again)
2019-09-10 21:20:46,540 [org.apache.hadoop.util.JvmPauseMonitor$Monitor@60c30fe8] INFO  util.JvmPauseMonitor (JvmPauseMonitor.java:run(188)) - Starting JVM pause monitor
2019-09-10 21:20:46,541 [main] INFO  ozone.HddsDatanodeService (HddsDatanodeService.java:start(184)) - HddsDatanodeService host:pr-hdds-2007-qhgzt-2180668592 ip:192.168.69.94
2019-09-10 21:20:46,543 [Datanode State Machine Thread - 0] INFO  datanode.InitDatanodeState (InitDatanodeState.java:persistContainerDatanodeDetails(140)) - DatanodeDetails is persisted to /workdir/hadoop-ozone/integration-test/target/test-dir/MiniOzoneClusterImpl-fdd04c0c-114b-4de3-8536-b28dc82e2d50/datanode-4/meta/datanode.id
2019-09-10 21:20:46,548 [main] INFO  volume.HddsVolume (HddsVolume.java:<init>(176)) - Creating Volume: /workdir/hadoop-ozone/integration-test/target/test-dir/MiniOzoneClusterImpl-fdd04c0c-114b-4de3-8536-b28dc82e2d50/datanode-5/data/containers/hdds of  storage type : DISK and capacity : 1482555576320
2019-09-10 21:20:46,549 [main] INFO  volume.VolumeSet (VolumeSet.java:initializeVolumeSet(170)) - Added Volume : /workdir/hadoop-ozone/integration-test/target/test-dir/MiniOzoneClusterImpl-fdd04c0c-114b-4de3-8536-b28dc82e2d50/datanode-5/data/containers/hdds to VolumeSet
2019-09-10 21:20:46,549 [main] INFO  volume.ThrottledAsyncChecker (ThrottledAsyncChecker.java:schedule(140)) - Scheduling a check for org.apache.hadoop.ozone.container.common.volume.HddsVolume@250a500b
2019-09-10 21:20:46,550 [main] INFO  volume.HddsVolumeChecker (HddsVolumeChecker.java:checkAllVolumes(203)) - Scheduled health check for volume org.apache.hadoop.ozone.container.common.volume.HddsVolume@250a500b
2019-09-10 21:20:46,566 [main] INFO  impl.RaftServerProxy (ConfUtils.java:logGet(43)) - raft.rpc.type = GRPC (default)
2019-09-10 21:20:46,566 [main] INFO  grpc.GrpcFactory (GrpcFactory.java:checkPooledByteBufAllocatorUseCacheForAllThreads(45)) - PERFORMANCE WARNING: useCacheForAllThreads is true that may cause Netty to create a lot garbage objects and, as a result, trigger GC.
	It is recommended to disable useCacheForAllThreads by setting -Dorg.apache.ratis.thirdparty.io.netty.allocator.useCacheForAllThreads=false in command line.
2019-09-10 21:20:46,566 [main] INFO  grpc.GrpcConfigKeys$Server (ConfUtils.java:logGet(43)) - raft.grpc.server.port = 0 (default)
2019-09-10 21:20:46,566 [main] INFO  server.GrpcService (ConfUtils.java:logGet(43)) - raft.grpc.message.size.max = 33570816 (custom)
2019-09-10 21:20:46,567 [main] INFO  server.RaftServerConfigKeys (ConfUtils.java:logGet(43)) - raft.server.log.appender.buffer.byte-limit = 33554432 (custom)
2019-09-10 21:20:46,567 [main] INFO  server.GrpcService (ConfUtils.java:logGet(43)) - raft.grpc.flow.control.window = 1MB (=1048576) (default)
2019-09-10 21:20:46,567 [main] INFO  server.RaftServerConfigKeys (ConfUtils.java:logGet(43)) - raft.server.rpc.request.timeout = 3000ms (default)
2019-09-10 21:20:46,568 [main] INFO  server.RaftServerConfigKeys (ConfUtils.java:logGet(43)) - raft.server.storage.dir = [/workdir/hadoop-ozone/integration-test/target/test-dir/MiniOzoneClusterImpl-fdd04c0c-114b-4de3-8536-b28dc82e2d50/datanode-5/data/ratis] (custom)
2019-09-10 21:20:46,569 [main] INFO  hdfs.DFSUtil (DFSUtil.java:httpServerTemplateForNNAndJN(1641)) - Starting Web-server for hddsDatanode at: http://0.0.0.0:0
2019-09-10 21:20:46,571 [main] INFO  server.AuthenticationFilter (AuthenticationFilter.java:constructSecretProvider(240)) - Unable to initialize FileSignerSecretProvider, falling back to use random secrets.
2019-09-10 21:20:46,571 [main] WARN  http.HttpRequestLog (HttpRequestLog.java:getRequestLog(97)) - Jetty request log can only be enabled using Log4j
2019-09-10 21:20:46,573 [main] INFO  http.HttpServer2 (HttpServer2.java:addGlobalFilter(975)) - Added global filter 'safety' (class=org.apache.hadoop.http.HttpServer2$QuotingInputFilter)
2019-09-10 21:20:46,573 [main] INFO  http.HttpServer2 (HttpServer2.java:addFilter(948)) - Added filter static_user_filter (class=org.apache.hadoop.http.lib.StaticUserWebFilter$StaticUserFilter) to context hddsDatanode
2019-09-10 21:20:46,573 [main] INFO  http.HttpServer2 (HttpServer2.java:addFilter(958)) - Added filter static_user_filter (class=org.apache.hadoop.http.lib.StaticUserWebFilter$StaticUserFilter) to context static
2019-09-10 21:20:46,574 [main] INFO  http.HttpServer2 (HttpServer2.java:addFilter(958)) - Added filter static_user_filter (class=org.apache.hadoop.http.lib.StaticUserWebFilter$StaticUserFilter) to context logs
2019-09-10 21:20:46,574 [main] INFO  http.HttpServer2 (HttpServer2.java:bindListener(1191)) - Jetty bound to port 40045
2019-09-10 21:20:46,575 [main] INFO  server.Server (Server.java:doStart(351)) - jetty-9.3.24.v20180605, build timestamp: 2018-06-05T17:11:56Z, git hash: 84205aa28f11a4f31f2a3b86d1bba2cc8ab69827
2019-09-10 21:20:46,576 [main] INFO  handler.ContextHandler (ContextHandler.java:doStart(781)) - Started o.e.j.s.ServletContextHandler@934b52f{/logs,file:///workdir/hadoop-ozone/integration-test/target/log,AVAILABLE}
2019-09-10 21:20:46,577 [main] INFO  handler.ContextHandler (ContextHandler.java:doStart(781)) - Started o.e.j.s.ServletContextHandler@5ea4300e{/static,jar:file:/home/user/.m2/repository/org/apache/hadoop/hadoop-hdds-container-service/0.5.0-SNAPSHOT/hadoop-hdds-container-service-0.5.0-SNAPSHOT.jar!/webapps/static,AVAILABLE}
2019-09-10 21:20:46,607 [main] INFO  handler.ContextHandler (ContextHandler.java:doStart(781)) - Started o.e.j.w.WebAppContext@6cf0a747{/,file:///tmp/jetty-0.0.0.0-40045-hddsDatanode-_-any-6279438267539411824.dir/webapp/,AVAILABLE}{/hddsDatanode}
2019-09-10 21:20:46,607 [main] INFO  server.AbstractConnector (AbstractConnector.java:doStart(278)) - Started ServerConnector@21505815{HTTP/1.1,[http/1.1]}{0.0.0.0:40045}
2019-09-10 21:20:46,608 [main] INFO  server.Server (Server.java:doStart(419)) - Started @7310ms
2019-09-10 21:20:46,609 [main] WARN  impl.MetricsSystemImpl (MetricsSystemImpl.java:register(276)) - Sink prometheus already exists!
2019-09-10 21:20:46,609 [main] INFO  server.BaseHttpServer (BaseHttpServer.java:updateConnectorAddress(215)) - HTTP server of HDDSDATANODE is listening at http://0.0.0.0:40045
2019-09-10 21:20:46,610 [main] INFO  impl.MetricsSystemImpl (MetricsSystemImpl.java:init(158)) - HddsDatanode metrics system started (again)
2019-09-10 21:20:46,613 [org.apache.hadoop.util.JvmPauseMonitor$Monitor@4ed1e510] INFO  util.JvmPauseMonitor (JvmPauseMonitor.java:run(188)) - Starting JVM pause monitor
2019-09-10 21:20:46,615 [main] INFO  ozone.HddsDatanodeService (HddsDatanodeService.java:start(184)) - HddsDatanodeService host:pr-hdds-2007-qhgzt-2180668592 ip:192.168.69.94
2019-09-10 21:20:46,616 [Datanode State Machine Thread - 0] INFO  datanode.InitDatanodeState (InitDatanodeState.java:persistContainerDatanodeDetails(140)) - DatanodeDetails is persisted to /workdir/hadoop-ozone/integration-test/target/test-dir/MiniOzoneClusterImpl-fdd04c0c-114b-4de3-8536-b28dc82e2d50/datanode-5/meta/datanode.id
2019-09-10 21:20:46,624 [main] INFO  volume.HddsVolume (HddsVolume.java:<init>(176)) - Creating Volume: /workdir/hadoop-ozone/integration-test/target/test-dir/MiniOzoneClusterImpl-fdd04c0c-114b-4de3-8536-b28dc82e2d50/datanode-6/data/containers/hdds of  storage type : DISK and capacity : 1482555576320
2019-09-10 21:20:46,624 [main] INFO  volume.VolumeSet (VolumeSet.java:initializeVolumeSet(170)) - Added Volume : /workdir/hadoop-ozone/integration-test/target/test-dir/MiniOzoneClusterImpl-fdd04c0c-114b-4de3-8536-b28dc82e2d50/datanode-6/data/containers/hdds to VolumeSet
2019-09-10 21:20:46,624 [main] INFO  volume.ThrottledAsyncChecker (ThrottledAsyncChecker.java:schedule(140)) - Scheduling a check for org.apache.hadoop.ozone.container.common.volume.HddsVolume@12d5c30e
2019-09-10 21:20:46,625 [main] INFO  volume.HddsVolumeChecker (HddsVolumeChecker.java:checkAllVolumes(203)) - Scheduled health check for volume org.apache.hadoop.ozone.container.common.volume.HddsVolume@12d5c30e
2019-09-10 21:20:46,648 [main] INFO  impl.RaftServerProxy (ConfUtils.java:logGet(43)) - raft.rpc.type = GRPC (default)
2019-09-10 21:20:46,649 [main] INFO  grpc.GrpcFactory (GrpcFactory.java:checkPooledByteBufAllocatorUseCacheForAllThreads(45)) - PERFORMANCE WARNING: useCacheForAllThreads is true that may cause Netty to create a lot garbage objects and, as a result, trigger GC.
	It is recommended to disable useCacheForAllThreads by setting -Dorg.apache.ratis.thirdparty.io.netty.allocator.useCacheForAllThreads=false in command line.
2019-09-10 21:20:46,649 [main] INFO  grpc.GrpcConfigKeys$Server (ConfUtils.java:logGet(43)) - raft.grpc.server.port = 0 (default)
2019-09-10 21:20:46,650 [main] INFO  server.GrpcService (ConfUtils.java:logGet(43)) - raft.grpc.message.size.max = 33570816 (custom)
2019-09-10 21:20:46,650 [main] INFO  server.RaftServerConfigKeys (ConfUtils.java:logGet(43)) - raft.server.log.appender.buffer.byte-limit = 33554432 (custom)
2019-09-10 21:20:46,650 [main] INFO  server.GrpcService (ConfUtils.java:logGet(43)) - raft.grpc.flow.control.window = 1MB (=1048576) (default)
2019-09-10 21:20:46,650 [main] INFO  server.RaftServerConfigKeys (ConfUtils.java:logGet(43)) - raft.server.rpc.request.timeout = 3000ms (default)
2019-09-10 21:20:46,651 [main] INFO  server.RaftServerConfigKeys (ConfUtils.java:logGet(43)) - raft.server.storage.dir = [/workdir/hadoop-ozone/integration-test/target/test-dir/MiniOzoneClusterImpl-fdd04c0c-114b-4de3-8536-b28dc82e2d50/datanode-6/data/ratis] (custom)
2019-09-10 21:20:46,653 [main] INFO  hdfs.DFSUtil (DFSUtil.java:httpServerTemplateForNNAndJN(1641)) - Starting Web-server for hddsDatanode at: http://0.0.0.0:0
2019-09-10 21:20:46,655 [main] INFO  server.AuthenticationFilter (AuthenticationFilter.java:constructSecretProvider(240)) - Unable to initialize FileSignerSecretProvider, falling back to use random secrets.
2019-09-10 21:20:46,656 [main] WARN  http.HttpRequestLog (HttpRequestLog.java:getRequestLog(97)) - Jetty request log can only be enabled using Log4j
2019-09-10 21:20:46,658 [main] INFO  http.HttpServer2 (HttpServer2.java:addGlobalFilter(975)) - Added global filter 'safety' (class=org.apache.hadoop.http.HttpServer2$QuotingInputFilter)
2019-09-10 21:20:46,658 [main] INFO  http.HttpServer2 (HttpServer2.java:addFilter(948)) - Added filter static_user_filter (class=org.apache.hadoop.http.lib.StaticUserWebFilter$StaticUserFilter) to context hddsDatanode
2019-09-10 21:20:46,658 [main] INFO  http.HttpServer2 (HttpServer2.java:addFilter(958)) - Added filter static_user_filter (class=org.apache.hadoop.http.lib.StaticUserWebFilter$StaticUserFilter) to context logs
2019-09-10 21:20:46,659 [main] INFO  http.HttpServer2 (HttpServer2.java:addFilter(958)) - Added filter static_user_filter (class=org.apache.hadoop.http.lib.StaticUserWebFilter$StaticUserFilter) to context static
2019-09-10 21:20:46,659 [main] INFO  http.HttpServer2 (HttpServer2.java:bindListener(1191)) - Jetty bound to port 35878
2019-09-10 21:20:46,660 [main] INFO  server.Server (Server.java:doStart(351)) - jetty-9.3.24.v20180605, build timestamp: 2018-06-05T17:11:56Z, git hash: 84205aa28f11a4f31f2a3b86d1bba2cc8ab69827
2019-09-10 21:20:46,662 [main] INFO  handler.ContextHandler (ContextHandler.java:doStart(781)) - Started o.e.j.s.ServletContextHandler@10f7918f{/logs,file:///workdir/hadoop-ozone/integration-test/target/log,AVAILABLE}
2019-09-10 21:20:46,662 [main] INFO  handler.ContextHandler (ContextHandler.java:doStart(781)) - Started o.e.j.s.ServletContextHandler@54e02f6a{/static,jar:file:/home/user/.m2/repository/org/apache/hadoop/hadoop-hdds-container-service/0.5.0-SNAPSHOT/hadoop-hdds-container-service-0.5.0-SNAPSHOT.jar!/webapps/static,AVAILABLE}
2019-09-10 21:20:46,692 [main] INFO  handler.ContextHandler (ContextHandler.java:doStart(781)) - Started o.e.j.w.WebAppContext@34780cd9{/,file:///tmp/jetty-0.0.0.0-35878-hddsDatanode-_-any-4024002591773233741.dir/webapp/,AVAILABLE}{/hddsDatanode}
2019-09-10 21:20:46,693 [main] INFO  server.AbstractConnector (AbstractConnector.java:doStart(278)) - Started ServerConnector@623ebac7{HTTP/1.1,[http/1.1]}{0.0.0.0:35878}
2019-09-10 21:20:46,694 [main] INFO  server.Server (Server.java:doStart(419)) - Started @7396ms
2019-09-10 21:20:46,694 [main] WARN  impl.MetricsSystemImpl (MetricsSystemImpl.java:register(276)) - Sink prometheus already exists!
2019-09-10 21:20:46,695 [main] INFO  server.BaseHttpServer (BaseHttpServer.java:updateConnectorAddress(215)) - HTTP server of HDDSDATANODE is listening at http://0.0.0.0:35878
2019-09-10 21:20:46,699 [org.apache.hadoop.util.JvmPauseMonitor$Monitor@5defae21] INFO  util.JvmPauseMonitor (JvmPauseMonitor.java:run(188)) - Starting JVM pause monitor
2019-09-10 21:20:46,699 [main] INFO  ozone.MiniOzoneClusterImpl (MiniOzoneClusterImpl.java:lambda$waitForClusterToBeReady$0(140)) - Waiting for cluster to be ready. Got 0 of 7 DN Heartbeats.
2019-09-10 21:20:46,702 [Datanode State Machine Thread - 0] INFO  datanode.InitDatanodeState (InitDatanodeState.java:persistContainerDatanodeDetails(140)) - DatanodeDetails is persisted to /workdir/hadoop-ozone/integration-test/target/test-dir/MiniOzoneClusterImpl-fdd04c0c-114b-4de3-8536-b28dc82e2d50/datanode-6/meta/datanode.id
2019-09-10 21:20:47,700 [main] INFO  ozone.MiniOzoneClusterImpl (MiniOzoneClusterImpl.java:lambda$waitForClusterToBeReady$0(140)) - Waiting for cluster to be ready. Got 0 of 7 DN Heartbeats.
2019-09-10 21:20:48,107 [Datanode State Machine Thread - 0] INFO  ozoneimpl.OzoneContainer (OzoneContainer.java:start(201)) - Attempting to start container services.
2019-09-10 21:20:48,109 [Datanode State Machine Thread - 0] INFO  ozoneimpl.OzoneContainer (OzoneContainer.java:startContainerScrub(175)) - Background container scrubber has been disabled by hdds.containerscrub.enabled
2019-09-10 21:20:48,109 [Datanode State Machine Thread - 0] INFO  ratis.XceiverServerRatis (XceiverServerRatis.java:start(393)) - Starting XceiverServerRatis afd7959d-6058-4eae-8525-20abb5601f7f at port 0
2019-09-10 21:20:48,138 [Datanode State Machine Thread - 0] INFO  impl.RaftServerProxy (RaftServerProxy.java:lambda$start$3(299)) - afd7959d-6058-4eae-8525-20abb5601f7f: start RPC server
2019-09-10 21:20:48,182 [Datanode State Machine Thread - 0] INFO  ozoneimpl.OzoneContainer (OzoneContainer.java:start(201)) - Attempting to start container services.
2019-09-10 21:20:48,185 [Datanode State Machine Thread - 0] INFO  ozoneimpl.OzoneContainer (OzoneContainer.java:startContainerScrub(175)) - Background container scrubber has been disabled by hdds.containerscrub.enabled
2019-09-10 21:20:48,185 [Datanode State Machine Thread - 0] INFO  ratis.XceiverServerRatis (XceiverServerRatis.java:start(393)) - Starting XceiverServerRatis 2df5655c-32f4-4ea7-9687-7d222ddc935c at port 0
2019-09-10 21:20:48,196 [Datanode State Machine Thread - 0] INFO  impl.RaftServerProxy (RaftServerProxy.java:lambda$start$3(299)) - 2df5655c-32f4-4ea7-9687-7d222ddc935c: start RPC server
2019-09-10 21:20:48,274 [Datanode State Machine Thread - 0] INFO  ozoneimpl.OzoneContainer (OzoneContainer.java:start(201)) - Attempting to start container services.
2019-09-10 21:20:48,279 [Datanode State Machine Thread - 0] INFO  ozoneimpl.OzoneContainer (OzoneContainer.java:startContainerScrub(175)) - Background container scrubber has been disabled by hdds.containerscrub.enabled
2019-09-10 21:20:48,279 [Datanode State Machine Thread - 0] INFO  ratis.XceiverServerRatis (XceiverServerRatis.java:start(393)) - Starting XceiverServerRatis 00ec61b9-9033-4ccb-bcb3-80e94f49671c at port 0
2019-09-10 21:20:48,288 [Datanode State Machine Thread - 0] INFO  impl.RaftServerProxy (RaftServerProxy.java:lambda$start$3(299)) - 00ec61b9-9033-4ccb-bcb3-80e94f49671c: start RPC server
2019-09-10 21:20:48,341 [Datanode State Machine Thread - 0] INFO  server.GrpcService (GrpcService.java:startImpl(149)) - 2df5655c-32f4-4ea7-9687-7d222ddc935c: GrpcService started, listening on 0.0.0.0/0.0.0.0:42868
2019-09-10 21:20:48,341 [Datanode State Machine Thread - 0] INFO  server.GrpcService (GrpcService.java:startImpl(149)) - 00ec61b9-9033-4ccb-bcb3-80e94f49671c: GrpcService started, listening on 0.0.0.0/0.0.0.0:37470
2019-09-10 21:20:48,341 [Datanode State Machine Thread - 0] INFO  server.GrpcService (GrpcService.java:startImpl(149)) - afd7959d-6058-4eae-8525-20abb5601f7f: GrpcService started, listening on 0.0.0.0/0.0.0.0:33298
2019-09-10 21:20:48,343 [Datanode State Machine Thread - 0] INFO  ratis.XceiverServerRatis (XceiverServerRatis.java:start(403)) - XceiverServerRatis 00ec61b9-9033-4ccb-bcb3-80e94f49671c is started using port 37470
2019-09-10 21:20:48,343 [Datanode State Machine Thread - 0] INFO  ratis.XceiverServerRatis (XceiverServerRatis.java:start(403)) - XceiverServerRatis 2df5655c-32f4-4ea7-9687-7d222ddc935c is started using port 42868
2019-09-10 21:20:48,343 [Datanode State Machine Thread - 0] INFO  ratis.XceiverServerRatis (XceiverServerRatis.java:start(403)) - XceiverServerRatis afd7959d-6058-4eae-8525-20abb5601f7f is started using port 33298
2019-09-10 21:20:48,354 [Datanode State Machine Thread - 0] INFO  server.XceiverServerGrpc (XceiverServerGrpc.java:start(163)) - XceiverServerGrpc 2df5655c-32f4-4ea7-9687-7d222ddc935c is started using port 43688
2019-09-10 21:20:48,355 [Datanode State Machine Thread - 0] INFO  server.XceiverServerGrpc (XceiverServerGrpc.java:start(163)) - XceiverServerGrpc afd7959d-6058-4eae-8525-20abb5601f7f is started using port 34033
2019-09-10 21:20:48,354 [Datanode State Machine Thread - 0] INFO  server.XceiverServerGrpc (XceiverServerGrpc.java:start(163)) - XceiverServerGrpc 00ec61b9-9033-4ccb-bcb3-80e94f49671c is started using port 44719
2019-09-10 21:20:48,466 [Datanode State Machine Thread - 0] INFO  ozoneimpl.OzoneContainer (OzoneContainer.java:start(201)) - Attempting to start container services.
2019-09-10 21:20:48,467 [Datanode State Machine Thread - 0] INFO  ozoneimpl.OzoneContainer (OzoneContainer.java:startContainerScrub(175)) - Background container scrubber has been disabled by hdds.containerscrub.enabled
2019-09-10 21:20:48,467 [Datanode State Machine Thread - 0] INFO  ratis.XceiverServerRatis (XceiverServerRatis.java:start(393)) - Starting XceiverServerRatis d71e7251-7a0d-426c-a65f-b408b127d188 at port 0
2019-09-10 21:20:48,475 [Datanode State Machine Thread - 0] INFO  impl.RaftServerProxy (RaftServerProxy.java:lambda$start$3(299)) - d71e7251-7a0d-426c-a65f-b408b127d188: start RPC server
2019-09-10 21:20:48,479 [Datanode State Machine Thread - 0] INFO  server.GrpcService (GrpcService.java:startImpl(149)) - d71e7251-7a0d-426c-a65f-b408b127d188: GrpcService started, listening on 0.0.0.0/0.0.0.0:33306
2019-09-10 21:20:48,479 [Datanode State Machine Thread - 0] INFO  ratis.XceiverServerRatis (XceiverServerRatis.java:start(403)) - XceiverServerRatis d71e7251-7a0d-426c-a65f-b408b127d188 is started using port 33306
2019-09-10 21:20:48,482 [Datanode State Machine Thread - 0] INFO  server.XceiverServerGrpc (XceiverServerGrpc.java:start(163)) - XceiverServerGrpc d71e7251-7a0d-426c-a65f-b408b127d188 is started using port 34408
2019-09-10 21:20:48,559 [Datanode State Machine Thread - 0] INFO  ozoneimpl.OzoneContainer (OzoneContainer.java:start(201)) - Attempting to start container services.
2019-09-10 21:20:48,559 [Datanode State Machine Thread - 0] INFO  ozoneimpl.OzoneContainer (OzoneContainer.java:startContainerScrub(175)) - Background container scrubber has been disabled by hdds.containerscrub.enabled
2019-09-10 21:20:48,560 [Datanode State Machine Thread - 0] INFO  ratis.XceiverServerRatis (XceiverServerRatis.java:start(393)) - Starting XceiverServerRatis bace13dd-0802-4326-803e-0fec46858cd5 at port 0
2019-09-10 21:20:48,569 [Datanode State Machine Thread - 0] INFO  impl.RaftServerProxy (RaftServerProxy.java:lambda$start$3(299)) - bace13dd-0802-4326-803e-0fec46858cd5: start RPC server
2019-09-10 21:20:48,574 [Datanode State Machine Thread - 0] INFO  server.GrpcService (GrpcService.java:startImpl(149)) - bace13dd-0802-4326-803e-0fec46858cd5: GrpcService started, listening on 0.0.0.0/0.0.0.0:41991
2019-09-10 21:20:48,574 [Datanode State Machine Thread - 0] INFO  ratis.XceiverServerRatis (XceiverServerRatis.java:start(403)) - XceiverServerRatis bace13dd-0802-4326-803e-0fec46858cd5 is started using port 41991
2019-09-10 21:20:48,578 [Datanode State Machine Thread - 0] INFO  server.XceiverServerGrpc (XceiverServerGrpc.java:start(163)) - XceiverServerGrpc bace13dd-0802-4326-803e-0fec46858cd5 is started using port 41810
2019-09-10 21:20:48,643 [Datanode State Machine Thread - 0] INFO  ozoneimpl.OzoneContainer (OzoneContainer.java:start(201)) - Attempting to start container services.
2019-09-10 21:20:48,643 [Datanode State Machine Thread - 0] INFO  ozoneimpl.OzoneContainer (OzoneContainer.java:startContainerScrub(175)) - Background container scrubber has been disabled by hdds.containerscrub.enabled
2019-09-10 21:20:48,643 [Datanode State Machine Thread - 0] INFO  ratis.XceiverServerRatis (XceiverServerRatis.java:start(393)) - Starting XceiverServerRatis af92c0b4-0e41-4ee8-9c4d-64ba4f312634 at port 0
2019-09-10 21:20:48,652 [Datanode State Machine Thread - 0] INFO  impl.RaftServerProxy (RaftServerProxy.java:lambda$start$3(299)) - af92c0b4-0e41-4ee8-9c4d-64ba4f312634: start RPC server
2019-09-10 21:20:48,656 [Datanode State Machine Thread - 0] INFO  server.GrpcService (GrpcService.java:startImpl(149)) - af92c0b4-0e41-4ee8-9c4d-64ba4f312634: GrpcService started, listening on 0.0.0.0/0.0.0.0:37995
2019-09-10 21:20:48,656 [Datanode State Machine Thread - 0] INFO  ratis.XceiverServerRatis (XceiverServerRatis.java:start(403)) - XceiverServerRatis af92c0b4-0e41-4ee8-9c4d-64ba4f312634 is started using port 37995
2019-09-10 21:20:48,660 [Datanode State Machine Thread - 0] INFO  server.XceiverServerGrpc (XceiverServerGrpc.java:start(163)) - XceiverServerGrpc af92c0b4-0e41-4ee8-9c4d-64ba4f312634 is started using port 46128
2019-09-10 21:20:48,701 [main] INFO  ozone.MiniOzoneClusterImpl (MiniOzoneClusterImpl.java:lambda$waitForClusterToBeReady$0(140)) - Waiting for cluster to be ready. Got 0 of 7 DN Heartbeats.
2019-09-10 21:20:48,726 [Datanode State Machine Thread - 0] INFO  ozoneimpl.OzoneContainer (OzoneContainer.java:start(201)) - Attempting to start container services.
2019-09-10 21:20:48,727 [Datanode State Machine Thread - 0] INFO  ozoneimpl.OzoneContainer (OzoneContainer.java:startContainerScrub(175)) - Background container scrubber has been disabled by hdds.containerscrub.enabled
2019-09-10 21:20:48,727 [Datanode State Machine Thread - 0] INFO  ratis.XceiverServerRatis (XceiverServerRatis.java:start(393)) - Starting XceiverServerRatis 8bacdf4e-3a51-4803-bfd1-91679ace6b3e at port 0
2019-09-10 21:20:48,736 [Datanode State Machine Thread - 0] INFO  impl.RaftServerProxy (RaftServerProxy.java:lambda$start$3(299)) - 8bacdf4e-3a51-4803-bfd1-91679ace6b3e: start RPC server
2019-09-10 21:20:48,740 [Datanode State Machine Thread - 0] INFO  server.GrpcService (GrpcService.java:startImpl(149)) - 8bacdf4e-3a51-4803-bfd1-91679ace6b3e: GrpcService started, listening on 0.0.0.0/0.0.0.0:43481
2019-09-10 21:20:48,741 [Datanode State Machine Thread - 0] INFO  ratis.XceiverServerRatis (XceiverServerRatis.java:start(403)) - XceiverServerRatis 8bacdf4e-3a51-4803-bfd1-91679ace6b3e is started using port 43481
2019-09-10 21:20:48,744 [Datanode State Machine Thread - 0] INFO  server.XceiverServerGrpc (XceiverServerGrpc.java:start(163)) - XceiverServerGrpc 8bacdf4e-3a51-4803-bfd1-91679ace6b3e is started using port 41024
2019-09-10 21:20:49,702 [main] INFO  ozone.MiniOzoneClusterImpl (MiniOzoneClusterImpl.java:lambda$waitForClusterToBeReady$0(140)) - Waiting for cluster to be ready. Got 0 of 7 DN Heartbeats.
2019-09-10 21:20:50,069 [IPC Server handler 2 on 34049] INFO  net.NetworkTopology (NetworkTopologyImpl.java:add(110)) - Added a new node: /default-rack/afd7959d-6058-4eae-8525-20abb5601f7f
2019-09-10 21:20:50,069 [IPC Server handler 2 on 34049] INFO  node.SCMNodeManager (SCMNodeManager.java:register(266)) - Registered Data node : afd7959d-6058-4eae-8525-20abb5601f7f{ip: 192.168.69.94, host: pr-hdds-2007-qhgzt-2180668592, networkLocation: /default-rack, certSerialId: null}
2019-09-10 21:20:50,076 [EventQueue-NodeRegistrationContainerReportForDataNodeSafeModeRule] INFO  safemode.SCMSafeModeManager (DataNodeSafeModeRule.java:process(71)) - SCM in safe mode. 1 DataNodes registered, 1 required.
2019-09-10 21:20:50,076 [EventQueue-NodeRegistrationContainerReportForDataNodeSafeModeRule] INFO  safemode.SCMSafeModeManager (SCMSafeModeManager.java:validateSafeModeExitRules(177)) - ScmSafeModeManager, all rules are successfully validated
2019-09-10 21:20:50,076 [EventQueue-NodeRegistrationContainerReportForDataNodeSafeModeRule] INFO  safemode.SCMSafeModeManager (SCMSafeModeManager.java:exitSafeMode(193)) - SCM exiting safe mode.
2019-09-10 21:20:50,160 [IPC Server handler 1 on 34049] INFO  net.NetworkTopology (NetworkTopologyImpl.java:add(110)) - Added a new node: /default-rack/2df5655c-32f4-4ea7-9687-7d222ddc935c
2019-09-10 21:20:50,160 [IPC Server handler 1 on 34049] INFO  node.SCMNodeManager (SCMNodeManager.java:register(266)) - Registered Data node : 2df5655c-32f4-4ea7-9687-7d222ddc935c{ip: 192.168.69.94, host: pr-hdds-2007-qhgzt-2180668592, networkLocation: /default-rack, certSerialId: null}
2019-09-10 21:20:50,258 [IPC Server handler 3 on 34049] INFO  net.NetworkTopology (NetworkTopologyImpl.java:add(110)) - Added a new node: /default-rack/00ec61b9-9033-4ccb-bcb3-80e94f49671c
2019-09-10 21:20:50,258 [IPC Server handler 3 on 34049] INFO  node.SCMNodeManager (SCMNodeManager.java:register(266)) - Registered Data node : 00ec61b9-9033-4ccb-bcb3-80e94f49671c{ip: 192.168.69.94, host: pr-hdds-2007-qhgzt-2180668592, networkLocation: /default-rack, certSerialId: null}
2019-09-10 21:20:50,448 [IPC Server handler 4 on 34049] INFO  net.NetworkTopology (NetworkTopologyImpl.java:add(110)) - Added a new node: /default-rack/d71e7251-7a0d-426c-a65f-b408b127d188
2019-09-10 21:20:50,448 [IPC Server handler 4 on 34049] INFO  node.SCMNodeManager (SCMNodeManager.java:register(266)) - Registered Data node : d71e7251-7a0d-426c-a65f-b408b127d188{ip: 192.168.69.94, host: pr-hdds-2007-qhgzt-2180668592, networkLocation: /default-rack, certSerialId: null}
2019-09-10 21:20:50,544 [IPC Server handler 6 on 34049] INFO  net.NetworkTopology (NetworkTopologyImpl.java:add(110)) - Added a new node: /default-rack/bace13dd-0802-4326-803e-0fec46858cd5
2019-09-10 21:20:50,544 [IPC Server handler 6 on 34049] INFO  node.SCMNodeManager (SCMNodeManager.java:register(266)) - Registered Data node : bace13dd-0802-4326-803e-0fec46858cd5{ip: 192.168.69.94, host: pr-hdds-2007-qhgzt-2180668592, networkLocation: /default-rack, certSerialId: null}
2019-09-10 21:20:50,619 [IPC Server handler 7 on 34049] INFO  net.NetworkTopology (NetworkTopologyImpl.java:add(110)) - Added a new node: /default-rack/af92c0b4-0e41-4ee8-9c4d-64ba4f312634
2019-09-10 21:20:50,619 [IPC Server handler 7 on 34049] INFO  node.SCMNodeManager (SCMNodeManager.java:register(266)) - Registered Data node : af92c0b4-0e41-4ee8-9c4d-64ba4f312634{ip: 192.168.69.94, host: pr-hdds-2007-qhgzt-2180668592, networkLocation: /default-rack, certSerialId: null}
2019-09-10 21:20:50,681 [grpc-default-executor-0] INFO  impl.RaftServerProxy (RaftServerProxy.java:addNew(89)) - afd7959d-6058-4eae-8525-20abb5601f7f: addNew group-FEC34C66D88C:[afd7959d-6058-4eae-8525-20abb5601f7f:192.168.69.94:33298] returns group-FEC34C66D88C:java.util.concurrent.CompletableFuture@2f353ffc[Not completed]
2019-09-10 21:20:50,702 [IPC Server handler 0 on 34049] INFO  net.NetworkTopology (NetworkTopologyImpl.java:add(110)) - Added a new node: /default-rack/8bacdf4e-3a51-4803-bfd1-91679ace6b3e
2019-09-10 21:20:50,702 [main] INFO  ozone.MiniOzoneClusterImpl (MiniOzoneClusterImpl.java:lambda$waitForClusterToBeReady$0(140)) - Cluster is ready. Got 7 of 7 DN Heartbeats.
2019-09-10 21:20:50,702 [IPC Server handler 0 on 34049] INFO  node.SCMNodeManager (SCMNodeManager.java:register(266)) - Registered Data node : 8bacdf4e-3a51-4803-bfd1-91679ace6b3e{ip: 192.168.69.94, host: pr-hdds-2007-qhgzt-2180668592, networkLocation: /default-rack, certSerialId: null}
2019-09-10 21:20:50,706 [pool-27-thread-1] INFO  impl.RaftServerImpl (RaftServerImpl.java:<init>(93)) - afd7959d-6058-4eae-8525-20abb5601f7f: new RaftServerImpl for group-FEC34C66D88C:[afd7959d-6058-4eae-8525-20abb5601f7f:192.168.69.94:33298] with ContainerStateMachine:uninitialized
2019-09-10 21:20:50,709 [pool-27-thread-1] INFO  server.RaftServerConfigKeys (ConfUtils.java:logGet(43)) - raft.server.rpc.timeout.min = 5s (custom)
2019-09-10 21:20:50,711 [pool-27-thread-1] INFO  server.RaftServerConfigKeys (ConfUtils.java:logGet(43)) - raft.server.rpc.timeout.max = 5200ms (custom)
2019-09-10 21:20:50,712 [pool-27-thread-1] INFO  server.RaftServerConfigKeys (ConfUtils.java:logGet(43)) - raft.server.rpcslowness.timeout = 120s (custom)
2019-09-10 21:20:50,713 [pool-27-thread-1] INFO  server.RaftServerConfigKeys (ConfUtils.java:logGet(43)) - raft.server.sleep.deviation.threshold = 300 (default)
2019-09-10 21:20:50,714 [pool-27-thread-1] INFO  server.RaftServerConfigKeys (ConfUtils.java:logGet(43)) - raft.server.log.appender.install.snapshot.enabled = false (custom)
2019-09-10 21:20:50,725 [pool-27-thread-1] INFO  impl.RaftServerImpl (ServerState.java:<init>(105)) - afd7959d-6058-4eae-8525-20abb5601f7f:group-FEC34C66D88C ConfigurationManager, init=-1: [afd7959d-6058-4eae-8525-20abb5601f7f:192.168.69.94:33298], old=null, confs=<EMPTY_MAP>
2019-09-10 21:20:50,726 [pool-27-thread-1] INFO  server.RaftServerConfigKeys (ConfUtils.java:logGet(43)) - raft.server.storage.dir = [/workdir/hadoop-ozone/integration-test/target/test-dir/MiniOzoneClusterImpl-fdd04c0c-114b-4de3-8536-b28dc82e2d50/datanode-0/data/ratis] (custom)
2019-09-10 21:20:50,736 [pool-27-thread-1] INFO  storage.RaftStorageDirectory (RaftStorageDirectory.java:analyzeStorage(246)) - The storage directory /workdir/hadoop-ozone/integration-test/target/test-dir/MiniOzoneClusterImpl-fdd04c0c-114b-4de3-8536-b28dc82e2d50/datanode-0/data/ratis/4bdcfa90-c678-4963-8312-fec34c66d88c does not exist. Creating ...
2019-09-10 21:20:50,768 [pool-27-thread-1] INFO  storage.RaftStorageDirectory (RaftStorageDirectory.java:tryLock(328)) - Lock on /workdir/hadoop-ozone/integration-test/target/test-dir/MiniOzoneClusterImpl-fdd04c0c-114b-4de3-8536-b28dc82e2d50/datanode-0/data/ratis/4bdcfa90-c678-4963-8312-fec34c66d88c/in_use.lock acquired by nodename 17220@pr-hdds-2007-qhgzt-2180668592
2019-09-10 21:20:50,794 [pool-27-thread-1] INFO  storage.RaftStorage (RaftStorage.java:format(72)) - Storage directory /workdir/hadoop-ozone/integration-test/target/test-dir/MiniOzoneClusterImpl-fdd04c0c-114b-4de3-8536-b28dc82e2d50/datanode-0/data/ratis/4bdcfa90-c678-4963-8312-fec34c66d88c has been successfully formatted.
2019-09-10 21:20:50,797 [pool-27-thread-1] INFO  ratis.ContainerStateMachine (ContainerStateMachine.java:loadSnapshot(227)) - group-FEC34C66D88C: The snapshot info is null. Setting the last applied indexto:(t:0, i:~)
2019-09-10 21:20:50,798 [pool-27-thread-1] INFO  server.RaftServerConfigKeys (ConfUtils.java:logGet(43)) - raft.server.leader.election.timeout = 120s (custom)
2019-09-10 21:20:50,801 [pool-27-thread-1] INFO  server.RaftServerConfigKeys (ConfUtils.java:logGet(43)) - raft.server.log.use.memory = false (default)
2019-09-10 21:20:50,809 [pool-27-thread-1] INFO  server.RaftServerConfigKeys (ConfUtils.java:logGet(43)) - raft.server.log.purge.gap = 1000000 (custom)
2019-09-10 21:20:50,809 [pool-27-thread-1] INFO  server.RaftServerConfigKeys (ConfUtils.java:logGet(43)) - raft.server.log.appender.buffer.byte-limit = 33554432 (custom)
2019-09-10 21:20:50,812 [pool-27-thread-1] INFO  server.RaftServerConfigKeys (ConfUtils.java:logGet(43)) - raft.server.log.segment.size.max = 1048576 (custom)
2019-09-10 21:20:50,823 [pool-27-thread-1] INFO  server.RaftServerConfigKeys (ConfUtils.java:logGet(43)) - raft.server.log.segment.cache.num.max = 2 (custom)
2019-09-10 21:20:50,831 [pool-27-thread-1] INFO  segmented.SegmentedRaftLogWorker (SegmentedRaftLogWorker.java:<init>(172)) - new afd7959d-6058-4eae-8525-20abb5601f7f-SegmentedRaftLogWorker:Storage Directory /workdir/hadoop-ozone/integration-test/target/test-dir/MiniOzoneClusterImpl-fdd04c0c-114b-4de3-8536-b28dc82e2d50/datanode-0/data/ratis/4bdcfa90-c678-4963-8312-fec34c66d88c for RaftStorage:Storage Directory /workdir/hadoop-ozone/integration-test/target/test-dir/MiniOzoneClusterImpl-fdd04c0c-114b-4de3-8536-b28dc82e2d50/datanode-0/data/ratis/4bdcfa90-c678-4963-8312-fec34c66d88c
2019-09-10 21:20:50,849 [pool-27-thread-1] INFO  server.RaftServerConfigKeys (ConfUtils.java:logGet(43)) - raft.server.log.queue.byte-limit = 2147483647 (custom)
2019-09-10 21:20:50,849 [pool-27-thread-1] INFO  server.RaftServerConfigKeys (ConfUtils.java:logGet(43)) - raft.server.log.queue.element-limit = 1024 (custom)
2019-09-10 21:20:50,856 [pool-27-thread-1] INFO  server.RaftServerConfigKeys (ConfUtils.java:logGet(43)) - raft.server.log.segment.size.max = 1048576 (custom)
2019-09-10 21:20:50,857 [pool-27-thread-1] INFO  server.RaftServerConfigKeys (ConfUtils.java:logGet(43)) - raft.server.log.preallocated.size = 16384 (custom)
2019-09-10 21:20:50,857 [pool-27-thread-1] INFO  server.RaftServerConfigKeys (ConfUtils.java:logGet(43)) - raft.server.log.write.buffer.size = 33554432 (custom)
2019-09-10 21:20:50,858 [pool-27-thread-1] INFO  server.RaftServerConfigKeys (ConfUtils.java:logGet(43)) - raft.server.log.force.sync.num = 128 (default)
2019-09-10 21:20:50,859 [pool-27-thread-1] INFO  server.RaftServerConfigKeys (ConfUtils.java:logGet(43)) - raft.server.log.statemachine.data.sync = true (default)
2019-09-10 21:20:50,859 [pool-27-thread-1] INFO  server.RaftServerConfigKeys (ConfUtils.java:logGet(43)) - raft.server.log.statemachine.data.sync.timeout = 10s (default)
2019-09-10 21:20:50,860 [pool-27-thread-1] INFO  server.RaftServerConfigKeys (ConfUtils.java:logGet(43)) - raft.server.log.statemachine.data.sync.timeout.retry = -1 (default)
2019-09-10 21:20:50,871 [pool-27-thread-1] INFO  server.RaftServerConfigKeys (ConfUtils.java:logGet(43)) - raft.server.log.statemachine.data.caching.enabled = true (custom)
2019-09-10 21:20:50,877 [pool-27-thread-1] INFO  segmented.SegmentedRaftLogWorker (SegmentedRaftLogWorker.java:lambda$new$0(132)) - afd7959d-6058-4eae-8525-20abb5601f7f-SegmentedRaftLogWorker:Storage Directory /workdir/hadoop-ozone/integration-test/target/test-dir/MiniOzoneClusterImpl-fdd04c0c-114b-4de3-8536-b28dc82e2d50/datanode-0/data/ratis/4bdcfa90-c678-4963-8312-fec34c66d88c: flushIndex: setUnconditionally 0 -> -1
2019-09-10 21:20:50,882 [pool-27-thread-1] INFO  server.RaftServerConfigKeys (ConfUtils.java:logGet(43)) - raft.server.snapshot.auto.trigger.enabled = true (custom)
2019-09-10 21:20:50,884 [pool-27-thread-1] INFO  server.RaftServerConfigKeys (ConfUtils.java:logGet(43)) - raft.server.snapshot.auto.trigger.threshold = 10000 (custom)
2019-09-10 21:20:50,884 [pool-27-thread-1] INFO  server.RaftServerConfigKeys (ConfUtils.java:logGet(43)) - raft.server.retrycache.expirytime = 600000ms (custom)
2019-09-10 21:20:50,920 [pool-27-thread-1] INFO  impl.RaftServerImpl (RaftServerImpl.java:start(180)) - afd7959d-6058-4eae-8525-20abb5601f7f: start group-FEC34C66D88C
2019-09-10 21:20:50,922 [pool-27-thread-1] INFO  impl.RaftServerImpl (RaftServerImpl.java:setRole(171)) - afd7959d-6058-4eae-8525-20abb5601f7f:group-FEC34C66D88C changes role from null to FOLLOWER at term 0 for startAsFollower
2019-09-10 21:20:50,923 [pool-27-thread-1] INFO  impl.RoleInfo (RoleInfo.java:updateAndGet(143)) - afd7959d-6058-4eae-8525-20abb5601f7f: start FollowerState
2019-09-10 21:20:50,926 [pool-27-thread-1] INFO  util.JmxRegister (JmxRegister.java:tryRegister(44)) - Successfully registered JMX Bean with object name Ratis:service=RaftServer,group=group-FEC34C66D88C,id=afd7959d-6058-4eae-8525-20abb5601f7f
2019-09-10 21:20:51,052 [RatisPipelineUtilsThread] INFO  pipeline.PipelineStateManager (PipelineStateManager.java:addPipeline(56)) - Created pipeline Pipeline[ Id: 4bdcfa90-c678-4963-8312-fec34c66d88c, Nodes: afd7959d-6058-4eae-8525-20abb5601f7f{ip: 192.168.69.94, host: pr-hdds-2007-qhgzt-2180668592, networkLocation: /default-rack, certSerialId: null}, Type:RATIS, Factor:ONE, State:OPEN]
2019-09-10 21:20:51,112 [grpc-default-executor-0] INFO  impl.RaftServerProxy (RaftServerProxy.java:addNew(89)) - 00ec61b9-9033-4ccb-bcb3-80e94f49671c: addNew group-83683CA21856:[00ec61b9-9033-4ccb-bcb3-80e94f49671c:192.168.69.94:37470] returns group-83683CA21856:java.util.concurrent.CompletableFuture@128be968[Not completed]
2019-09-10 21:20:51,168 [pool-47-thread-1] INFO  impl.RaftServerImpl (RaftServerImpl.java:<init>(93)) - 00ec61b9-9033-4ccb-bcb3-80e94f49671c: new RaftServerImpl for group-83683CA21856:[00ec61b9-9033-4ccb-bcb3-80e94f49671c:192.168.69.94:37470] with ContainerStateMachine:uninitialized
2019-09-10 21:20:51,169 [pool-47-thread-1] INFO  server.RaftServerConfigKeys (ConfUtils.java:logGet(43)) - raft.server.rpc.timeout.min = 5s (custom)
2019-09-10 21:20:51,169 [pool-47-thread-1] INFO  server.RaftServerConfigKeys (ConfUtils.java:logGet(43)) - raft.server.rpc.timeout.max = 5200ms (custom)
2019-09-10 21:20:51,170 [pool-47-thread-1] INFO  server.RaftServerConfigKeys (ConfUtils.java:logGet(43)) - raft.server.rpcslowness.timeout = 120s (custom)
2019-09-10 21:20:51,170 [pool-47-thread-1] INFO  server.RaftServerConfigKeys (ConfUtils.java:logGet(43)) - raft.server.sleep.deviation.threshold = 300 (default)
2019-09-10 21:20:51,170 [pool-47-thread-1] INFO  server.RaftServerConfigKeys (ConfUtils.java:logGet(43)) - raft.server.log.appender.install.snapshot.enabled = false (custom)
2019-09-10 21:20:51,170 [pool-47-thread-1] INFO  impl.RaftServerImpl (ServerState.java:<init>(105)) - 00ec61b9-9033-4ccb-bcb3-80e94f49671c:group-83683CA21856 ConfigurationManager, init=-1: [00ec61b9-9033-4ccb-bcb3-80e94f49671c:192.168.69.94:37470], old=null, confs=<EMPTY_MAP>
2019-09-10 21:20:51,170 [pool-47-thread-1] INFO  server.RaftServerConfigKeys (ConfUtils.java:logGet(43)) - raft.server.storage.dir = [/workdir/hadoop-ozone/integration-test/target/test-dir/MiniOzoneClusterImpl-fdd04c0c-114b-4de3-8536-b28dc82e2d50/datanode-2/data/ratis] (custom)
2019-09-10 21:20:51,171 [pool-47-thread-1] INFO  storage.RaftStorageDirectory (RaftStorageDirectory.java:analyzeStorage(246)) - The storage directory /workdir/hadoop-ozone/integration-test/target/test-dir/MiniOzoneClusterImpl-fdd04c0c-114b-4de3-8536-b28dc82e2d50/datanode-2/data/ratis/a249e10a-a7c4-44ad-9baa-83683ca21856 does not exist. Creating ...
2019-09-10 21:20:51,211 [pool-47-thread-1] INFO  storage.RaftStorageDirectory (RaftStorageDirectory.java:tryLock(328)) - Lock on /workdir/hadoop-ozone/integration-test/target/test-dir/MiniOzoneClusterImpl-fdd04c0c-114b-4de3-8536-b28dc82e2d50/datanode-2/data/ratis/a249e10a-a7c4-44ad-9baa-83683ca21856/in_use.lock acquired by nodename 17220@pr-hdds-2007-qhgzt-2180668592
2019-09-10 21:20:51,245 [pool-47-thread-1] INFO  storage.RaftStorage (RaftStorage.java:format(72)) - Storage directory /workdir/hadoop-ozone/integration-test/target/test-dir/MiniOzoneClusterImpl-fdd04c0c-114b-4de3-8536-b28dc82e2d50/datanode-2/data/ratis/a249e10a-a7c4-44ad-9baa-83683ca21856 has been successfully formatted.
2019-09-10 21:20:51,247 [pool-47-thread-1] INFO  ratis.ContainerStateMachine (ContainerStateMachine.java:loadSnapshot(227)) - group-83683CA21856: The snapshot info is null. Setting the last applied indexto:(t:0, i:~)
2019-09-10 21:20:51,249 [pool-47-thread-1] INFO  server.RaftServerConfigKeys (ConfUtils.java:logGet(43)) - raft.server.leader.election.timeout = 120s (custom)
2019-09-10 21:20:51,249 [pool-47-thread-1] INFO  server.RaftServerConfigKeys (ConfUtils.java:logGet(43)) - raft.server.log.use.memory = false (default)
2019-09-10 21:20:51,250 [pool-47-thread-1] INFO  server.RaftServerConfigKeys (ConfUtils.java:logGet(43)) - raft.server.log.purge.gap = 1000000 (custom)
2019-09-10 21:20:51,250 [pool-47-thread-1] INFO  server.RaftServerConfigKeys (ConfUtils.java:logGet(43)) - raft.server.log.appender.buffer.byte-limit = 33554432 (custom)
2019-09-10 21:20:51,250 [pool-47-thread-1] INFO  server.RaftServerConfigKeys (ConfUtils.java:logGet(43)) - raft.server.log.segment.size.max = 1048576 (custom)
2019-09-10 21:20:51,250 [pool-47-thread-1] INFO  server.RaftServerConfigKeys (ConfUtils.java:logGet(43)) - raft.server.log.segment.cache.num.max = 2 (custom)
2019-09-10 21:20:51,250 [pool-47-thread-1] INFO  segmented.SegmentedRaftLogWorker (SegmentedRaftLogWorker.java:<init>(172)) - new 00ec61b9-9033-4ccb-bcb3-80e94f49671c-SegmentedRaftLogWorker:Storage Directory /workdir/hadoop-ozone/integration-test/target/test-dir/MiniOzoneClusterImpl-fdd04c0c-114b-4de3-8536-b28dc82e2d50/datanode-2/data/ratis/a249e10a-a7c4-44ad-9baa-83683ca21856 for RaftStorage:Storage Directory /workdir/hadoop-ozone/integration-test/target/test-dir/MiniOzoneClusterImpl-fdd04c0c-114b-4de3-8536-b28dc82e2d50/datanode-2/data/ratis/a249e10a-a7c4-44ad-9baa-83683ca21856
2019-09-10 21:20:51,252 [pool-47-thread-1] INFO  server.RaftServerConfigKeys (ConfUtils.java:logGet(43)) - raft.server.log.queue.byte-limit = 2147483647 (custom)
2019-09-10 21:20:51,253 [pool-47-thread-1] INFO  server.RaftServerConfigKeys (ConfUtils.java:logGet(43)) - raft.server.log.queue.element-limit = 1024 (custom)
2019-09-10 21:20:51,253 [pool-47-thread-1] INFO  server.RaftServerConfigKeys (ConfUtils.java:logGet(43)) - raft.server.log.segment.size.max = 1048576 (custom)
2019-09-10 21:20:51,253 [pool-47-thread-1] INFO  server.RaftServerConfigKeys (ConfUtils.java:logGet(43)) - raft.server.log.preallocated.size = 16384 (custom)
2019-09-10 21:20:51,254 [pool-47-thread-1] INFO  server.RaftServerConfigKeys (ConfUtils.java:logGet(43)) - raft.server.log.write.buffer.size = 33554432 (custom)
2019-09-10 21:20:51,254 [pool-47-thread-1] INFO  server.RaftServerConfigKeys (ConfUtils.java:logGet(43)) - raft.server.log.force.sync.num = 128 (default)
2019-09-10 21:20:51,254 [pool-47-thread-1] INFO  server.RaftServerConfigKeys (ConfUtils.java:logGet(43)) - raft.server.log.statemachine.data.sync = true (default)
2019-09-10 21:20:51,254 [pool-47-thread-1] INFO  server.RaftServerConfigKeys (ConfUtils.java:logGet(43)) - raft.server.log.statemachine.data.sync.timeout = 10s (default)
2019-09-10 21:20:51,254 [pool-47-thread-1] INFO  server.RaftServerConfigKeys (ConfUtils.java:logGet(43)) - raft.server.log.statemachine.data.sync.timeout.retry = -1 (default)
2019-09-10 21:20:51,255 [pool-47-thread-1] INFO  server.RaftServerConfigKeys (ConfUtils.java:logGet(43)) - raft.server.log.statemachine.data.caching.enabled = true (custom)
2019-09-10 21:20:51,255 [pool-47-thread-1] INFO  segmented.SegmentedRaftLogWorker (SegmentedRaftLogWorker.java:lambda$new$0(132)) - 00ec61b9-9033-4ccb-bcb3-80e94f49671c-SegmentedRaftLogWorker:Storage Directory /workdir/hadoop-ozone/integration-test/target/test-dir/MiniOzoneClusterImpl-fdd04c0c-114b-4de3-8536-b28dc82e2d50/datanode-2/data/ratis/a249e10a-a7c4-44ad-9baa-83683ca21856: flushIndex: setUnconditionally 0 -> -1
2019-09-10 21:20:51,256 [pool-47-thread-1] INFO  server.RaftServerConfigKeys (ConfUtils.java:logGet(43)) - raft.server.snapshot.auto.trigger.enabled = true (custom)
2019-09-10 21:20:51,256 [pool-47-thread-1] INFO  server.RaftServerConfigKeys (ConfUtils.java:logGet(43)) - raft.server.snapshot.auto.trigger.threshold = 10000 (custom)
2019-09-10 21:20:51,256 [pool-47-thread-1] INFO  server.RaftServerConfigKeys (ConfUtils.java:logGet(43)) - raft.server.retrycache.expirytime = 600000ms (custom)
2019-09-10 21:20:51,257 [pool-47-thread-1] INFO  impl.RaftServerImpl (RaftServerImpl.java:start(180)) - 00ec61b9-9033-4ccb-bcb3-80e94f49671c: start group-83683CA21856
2019-09-10 21:20:51,257 [pool-47-thread-1] INFO  impl.RaftServerImpl (RaftServerImpl.java:setRole(171)) - 00ec61b9-9033-4ccb-bcb3-80e94f49671c:group-83683CA21856 changes role from null to FOLLOWER at term 0 for startAsFollower
2019-09-10 21:20:51,257 [pool-47-thread-1] INFO  impl.RoleInfo (RoleInfo.java:updateAndGet(143)) - 00ec61b9-9033-4ccb-bcb3-80e94f49671c: start FollowerState
2019-09-10 21:20:51,259 [pool-47-thread-1] INFO  util.JmxRegister (JmxRegister.java:tryRegister(44)) - Successfully registered JMX Bean with object name Ratis:service=RaftServer,group=group-83683CA21856,id=00ec61b9-9033-4ccb-bcb3-80e94f49671c
2019-09-10 21:20:51,272 [RatisPipelineUtilsThread] INFO  pipeline.PipelineStateManager (PipelineStateManager.java:addPipeline(56)) - Created pipeline Pipeline[ Id: a249e10a-a7c4-44ad-9baa-83683ca21856, Nodes: 00ec61b9-9033-4ccb-bcb3-80e94f49671c{ip: 192.168.69.94, host: pr-hdds-2007-qhgzt-2180668592, networkLocation: /default-rack, certSerialId: null}, Type:RATIS, Factor:ONE, State:OPEN]
2019-09-10 21:20:51,298 [grpc-default-executor-0] INFO  impl.RaftServerProxy (RaftServerProxy.java:addNew(89)) - bace13dd-0802-4326-803e-0fec46858cd5: addNew group-ADF9B068620A:[bace13dd-0802-4326-803e-0fec46858cd5:192.168.69.94:41991] returns group-ADF9B068620A:java.util.concurrent.CompletableFuture@3e566d6[Not completed]
2019-09-10 21:20:51,317 [pool-67-thread-1] INFO  impl.RaftServerImpl (RaftServerImpl.java:<init>(93)) - bace13dd-0802-4326-803e-0fec46858cd5: new RaftServerImpl for group-ADF9B068620A:[bace13dd-0802-4326-803e-0fec46858cd5:192.168.69.94:41991] with ContainerStateMachine:uninitialized
2019-09-10 21:20:51,317 [pool-67-thread-1] INFO  server.RaftServerConfigKeys (ConfUtils.java:logGet(43)) - raft.server.rpc.timeout.min = 5s (custom)
2019-09-10 21:20:51,317 [pool-67-thread-1] INFO  server.RaftServerConfigKeys (ConfUtils.java:logGet(43)) - raft.server.rpc.timeout.max = 5200ms (custom)
2019-09-10 21:20:51,318 [pool-67-thread-1] INFO  server.RaftServerConfigKeys (ConfUtils.java:logGet(43)) - raft.server.rpcslowness.timeout = 120s (custom)
2019-09-10 21:20:51,318 [pool-67-thread-1] INFO  server.RaftServerConfigKeys (ConfUtils.java:logGet(43)) - raft.server.sleep.deviation.threshold = 300 (default)
2019-09-10 21:20:51,318 [pool-67-thread-1] INFO  server.RaftServerConfigKeys (ConfUtils.java:logGet(43)) - raft.server.log.appender.install.snapshot.enabled = false (custom)
2019-09-10 21:20:51,318 [pool-67-thread-1] INFO  impl.RaftServerImpl (ServerState.java:<init>(105)) - bace13dd-0802-4326-803e-0fec46858cd5:group-ADF9B068620A ConfigurationManager, init=-1: [bace13dd-0802-4326-803e-0fec46858cd5:192.168.69.94:41991], old=null, confs=<EMPTY_MAP>
2019-09-10 21:20:51,318 [pool-67-thread-1] INFO  server.RaftServerConfigKeys (ConfUtils.java:logGet(43)) - raft.server.storage.dir = [/workdir/hadoop-ozone/integration-test/target/test-dir/MiniOzoneClusterImpl-fdd04c0c-114b-4de3-8536-b28dc82e2d50/datanode-4/data/ratis] (custom)
2019-09-10 21:20:51,319 [pool-67-thread-1] INFO  storage.RaftStorageDirectory (RaftStorageDirectory.java:analyzeStorage(246)) - The storage directory /workdir/hadoop-ozone/integration-test/target/test-dir/MiniOzoneClusterImpl-fdd04c0c-114b-4de3-8536-b28dc82e2d50/datanode-4/data/ratis/ef83ad32-2847-4118-868f-adf9b068620a does not exist. Creating ...
2019-09-10 21:20:51,344 [main] INFO  rpc.RpcClient (RpcClient.java:createVolume(294)) - Creating Volume: testblockoutputstream, with jenkins1000 as owner.
2019-09-10 21:20:51,345 [pool-67-thread-1] INFO  storage.RaftStorageDirectory (RaftStorageDirectory.java:tryLock(328)) - Lock on /workdir/hadoop-ozone/integration-test/target/test-dir/MiniOzoneClusterImpl-fdd04c0c-114b-4de3-8536-b28dc82e2d50/datanode-4/data/ratis/ef83ad32-2847-4118-868f-adf9b068620a/in_use.lock acquired by nodename 17220@pr-hdds-2007-qhgzt-2180668592
2019-09-10 21:20:51,371 [pool-67-thread-1] INFO  storage.RaftStorage (RaftStorage.java:format(72)) - Storage directory /workdir/hadoop-ozone/integration-test/target/test-dir/MiniOzoneClusterImpl-fdd04c0c-114b-4de3-8536-b28dc82e2d50/datanode-4/data/ratis/ef83ad32-2847-4118-868f-adf9b068620a has been successfully formatted.
2019-09-10 21:20:51,371 [pool-67-thread-1] INFO  ratis.ContainerStateMachine (ContainerStateMachine.java:loadSnapshot(227)) - group-ADF9B068620A: The snapshot info is null. Setting the last applied indexto:(t:0, i:~)
2019-09-10 21:20:51,372 [pool-67-thread-1] INFO  server.RaftServerConfigKeys (ConfUtils.java:logGet(43)) - raft.server.leader.election.timeout = 120s (custom)
2019-09-10 21:20:51,372 [pool-67-thread-1] INFO  server.RaftServerConfigKeys (ConfUtils.java:logGet(43)) - raft.server.log.use.memory = false (default)
2019-09-10 21:20:51,372 [pool-67-thread-1] INFO  server.RaftServerConfigKeys (ConfUtils.java:logGet(43)) - raft.server.log.purge.gap = 1000000 (custom)
2019-09-10 21:20:51,373 [pool-67-thread-1] INFO  server.RaftServerConfigKeys (ConfUtils.java:logGet(43)) - raft.server.log.appender.buffer.byte-limit = 33554432 (custom)
2019-09-10 21:20:51,373 [pool-67-thread-1] INFO  server.RaftServerConfigKeys (ConfUtils.java:logGet(43)) - raft.server.log.segment.size.max = 1048576 (custom)
2019-09-10 21:20:51,373 [pool-67-thread-1] INFO  server.RaftServerConfigKeys (ConfUtils.java:logGet(43)) - raft.server.log.segment.cache.num.max = 2 (custom)
2019-09-10 21:20:51,373 [pool-67-thread-1] INFO  segmented.SegmentedRaftLogWorker (SegmentedRaftLogWorker.java:<init>(172)) - new bace13dd-0802-4326-803e-0fec46858cd5-SegmentedRaftLogWorker:Storage Directory /workdir/hadoop-ozone/integration-test/target/test-dir/MiniOzoneClusterImpl-fdd04c0c-114b-4de3-8536-b28dc82e2d50/datanode-4/data/ratis/ef83ad32-2847-4118-868f-adf9b068620a for RaftStorage:Storage Directory /workdir/hadoop-ozone/integration-test/target/test-dir/MiniOzoneClusterImpl-fdd04c0c-114b-4de3-8536-b28dc82e2d50/datanode-4/data/ratis/ef83ad32-2847-4118-868f-adf9b068620a
2019-09-10 21:20:51,374 [pool-67-thread-1] INFO  server.RaftServerConfigKeys (ConfUtils.java:logGet(43)) - raft.server.log.queue.byte-limit = 2147483647 (custom)
2019-09-10 21:20:51,374 [pool-67-thread-1] INFO  server.RaftServerConfigKeys (ConfUtils.java:logGet(43)) - raft.server.log.queue.element-limit = 1024 (custom)
2019-09-10 21:20:51,374 [pool-67-thread-1] INFO  server.RaftServerConfigKeys (ConfUtils.java:logGet(43)) - raft.server.log.segment.size.max = 1048576 (custom)
2019-09-10 21:20:51,375 [pool-67-thread-1] INFO  server.RaftServerConfigKeys (ConfUtils.java:logGet(43)) - raft.server.log.preallocated.size = 16384 (custom)
2019-09-10 21:20:51,375 [pool-67-thread-1] INFO  server.RaftServerConfigKeys (ConfUtils.java:logGet(43)) - raft.server.log.write.buffer.size = 33554432 (custom)
2019-09-10 21:20:51,375 [pool-67-thread-1] INFO  server.RaftServerConfigKeys (ConfUtils.java:logGet(43)) - raft.server.log.force.sync.num = 128 (default)
2019-09-10 21:20:51,375 [pool-67-thread-1] INFO  server.RaftServerConfigKeys (ConfUtils.java:logGet(43)) - raft.server.log.statemachine.data.sync = true (default)
2019-09-10 21:20:51,376 [pool-67-thread-1] INFO  server.RaftServerConfigKeys (ConfUtils.java:logGet(43)) - raft.server.log.statemachine.data.sync.timeout = 10s (default)
2019-09-10 21:20:51,376 [pool-67-thread-1] INFO  server.RaftServerConfigKeys (ConfUtils.java:logGet(43)) - raft.server.log.statemachine.data.sync.timeout.retry = -1 (default)
2019-09-10 21:20:51,377 [pool-67-thread-1] INFO  server.RaftServerConfigKeys (ConfUtils.java:logGet(43)) - raft.server.log.statemachine.data.caching.enabled = true (custom)
2019-09-10 21:20:51,377 [pool-67-thread-1] INFO  segmented.SegmentedRaftLogWorker (SegmentedRaftLogWorker.java:lambda$new$0(132)) - bace13dd-0802-4326-803e-0fec46858cd5-SegmentedRaftLogWorker:Storage Directory /workdir/hadoop-ozone/integration-test/target/test-dir/MiniOzoneClusterImpl-fdd04c0c-114b-4de3-8536-b28dc82e2d50/datanode-4/data/ratis/ef83ad32-2847-4118-868f-adf9b068620a: flushIndex: setUnconditionally 0 -> -1
2019-09-10 21:20:51,378 [pool-67-thread-1] INFO  server.RaftServerConfigKeys (ConfUtils.java:logGet(43)) - raft.server.snapshot.auto.trigger.enabled = true (custom)
2019-09-10 21:20:51,378 [pool-67-thread-1] INFO  server.RaftServerConfigKeys (ConfUtils.java:logGet(43)) - raft.server.snapshot.auto.trigger.threshold = 10000 (custom)
2019-09-10 21:20:51,378 [pool-67-thread-1] INFO  server.RaftServerConfigKeys (ConfUtils.java:logGet(43)) - raft.server.retrycache.expirytime = 600000ms (custom)
2019-09-10 21:20:51,379 [pool-67-thread-1] INFO  impl.RaftServerImpl (RaftServerImpl.java:start(180)) - bace13dd-0802-4326-803e-0fec46858cd5: start group-ADF9B068620A
2019-09-10 21:20:51,379 [pool-67-thread-1] INFO  impl.RaftServerImpl (RaftServerImpl.java:setRole(171)) - bace13dd-0802-4326-803e-0fec46858cd5:group-ADF9B068620A changes role from null to FOLLOWER at term 0 for startAsFollower
2019-09-10 21:20:51,379 [pool-67-thread-1] INFO  impl.RoleInfo (RoleInfo.java:updateAndGet(143)) - bace13dd-0802-4326-803e-0fec46858cd5: start FollowerState
2019-09-10 21:20:51,380 [pool-67-thread-1] INFO  util.JmxRegister (JmxRegister.java:tryRegister(44)) - Successfully registered JMX Bean with object name Ratis:service=RaftServer,group=group-ADF9B068620A,id=bace13dd-0802-4326-803e-0fec46858cd5
2019-09-10 21:20:51,395 [RatisPipelineUtilsThread] INFO  pipeline.PipelineStateManager (PipelineStateManager.java:addPipeline(56)) - Created pipeline Pipeline[ Id: ef83ad32-2847-4118-868f-adf9b068620a, Nodes: bace13dd-0802-4326-803e-0fec46858cd5{ip: 192.168.69.94, host: pr-hdds-2007-qhgzt-2180668592, networkLocation: /default-rack, certSerialId: null}, Type:RATIS, Factor:ONE, State:OPEN]
2019-09-10 21:20:51,420 [grpc-default-executor-0] INFO  impl.RaftServerProxy (RaftServerProxy.java:addNew(89)) - d71e7251-7a0d-426c-a65f-b408b127d188: addNew group-15C8F9781914:[d71e7251-7a0d-426c-a65f-b408b127d188:192.168.69.94:33306] returns group-15C8F9781914:java.util.concurrent.CompletableFuture@4caf7d8f[Not completed]
2019-09-10 21:20:51,426 [pool-57-thread-1] INFO  impl.RaftServerImpl (RaftServerImpl.java:<init>(93)) - d71e7251-7a0d-426c-a65f-b408b127d188: new RaftServerImpl for group-15C8F9781914:[d71e7251-7a0d-426c-a65f-b408b127d188:192.168.69.94:33306] with ContainerStateMachine:uninitialized
2019-09-10 21:20:51,426 [pool-57-thread-1] INFO  server.RaftServerConfigKeys (ConfUtils.java:logGet(43)) - raft.server.rpc.timeout.min = 5s (custom)
2019-09-10 21:20:51,426 [pool-57-thread-1] INFO  server.RaftServerConfigKeys (ConfUtils.java:logGet(43)) - raft.server.rpc.timeout.max = 5200ms (custom)
2019-09-10 21:20:51,426 [pool-57-thread-1] INFO  server.RaftServerConfigKeys (ConfUtils.java:logGet(43)) - raft.server.rpcslowness.timeout = 120s (custom)
2019-09-10 21:20:51,427 [pool-57-thread-1] INFO  server.RaftServerConfigKeys (ConfUtils.java:logGet(43)) - raft.server.sleep.deviation.threshold = 300 (default)
2019-09-10 21:20:51,427 [pool-57-thread-1] INFO  server.RaftServerConfigKeys (ConfUtils.java:logGet(43)) - raft.server.log.appender.install.snapshot.enabled = false (custom)
2019-09-10 21:20:51,427 [pool-57-thread-1] INFO  impl.RaftServerImpl (ServerState.java:<init>(105)) - d71e7251-7a0d-426c-a65f-b408b127d188:group-15C8F9781914 ConfigurationManager, init=-1: [d71e7251-7a0d-426c-a65f-b408b127d188:192.168.69.94:33306], old=null, confs=<EMPTY_MAP>
2019-09-10 21:20:51,427 [pool-57-thread-1] INFO  server.RaftServerConfigKeys (ConfUtils.java:logGet(43)) - raft.server.storage.dir = [/workdir/hadoop-ozone/integration-test/target/test-dir/MiniOzoneClusterImpl-fdd04c0c-114b-4de3-8536-b28dc82e2d50/datanode-3/data/ratis] (custom)
2019-09-10 21:20:51,428 [pool-57-thread-1] INFO  storage.RaftStorageDirectory (RaftStorageDirectory.java:analyzeStorage(246)) - The storage directory /workdir/hadoop-ozone/integration-test/target/test-dir/MiniOzoneClusterImpl-fdd04c0c-114b-4de3-8536-b28dc82e2d50/datanode-3/data/ratis/2b574a7e-4f8a-4d8f-a228-15c8f9781914 does not exist. Creating ...
2019-09-10 21:20:51,455 [pool-57-thread-1] INFO  storage.RaftStorageDirectory (RaftStorageDirectory.java:tryLock(328)) - Lock on /workdir/hadoop-ozone/integration-test/target/test-dir/MiniOzoneClusterImpl-fdd04c0c-114b-4de3-8536-b28dc82e2d50/datanode-3/data/ratis/2b574a7e-4f8a-4d8f-a228-15c8f9781914/in_use.lock acquired by nodename 17220@pr-hdds-2007-qhgzt-2180668592
2019-09-10 21:20:51,478 [IPC Server handler 8 on 46071] INFO  volume.OMVolumeCreateRequest (OMVolumeCreateRequest.java:validateAndUpdateCache(189)) - created volume:testblockoutputstream for user:jenkins1000
2019-09-10 21:20:51,480 [pool-57-thread-1] INFO  storage.RaftStorage (RaftStorage.java:format(72)) - Storage directory /workdir/hadoop-ozone/integration-test/target/test-dir/MiniOzoneClusterImpl-fdd04c0c-114b-4de3-8536-b28dc82e2d50/datanode-3/data/ratis/2b574a7e-4f8a-4d8f-a228-15c8f9781914 has been successfully formatted.
2019-09-10 21:20:51,481 [pool-57-thread-1] INFO  ratis.ContainerStateMachine (ContainerStateMachine.java:loadSnapshot(227)) - group-15C8F9781914: The snapshot info is null. Setting the last applied indexto:(t:0, i:~)
2019-09-10 21:20:51,481 [pool-57-thread-1] INFO  server.RaftServerConfigKeys (ConfUtils.java:logGet(43)) - raft.server.leader.election.timeout = 120s (custom)
2019-09-10 21:20:51,481 [pool-57-thread-1] INFO  server.RaftServerConfigKeys (ConfUtils.java:logGet(43)) - raft.server.log.use.memory = false (default)
2019-09-10 21:20:51,481 [pool-57-thread-1] INFO  server.RaftServerConfigKeys (ConfUtils.java:logGet(43)) - raft.server.log.purge.gap = 1000000 (custom)
2019-09-10 21:20:51,481 [pool-57-thread-1] INFO  server.RaftServerConfigKeys (ConfUtils.java:logGet(43)) - raft.server.log.appender.buffer.byte-limit = 33554432 (custom)
2019-09-10 21:20:51,481 [pool-57-thread-1] INFO  server.RaftServerConfigKeys (ConfUtils.java:logGet(43)) - raft.server.log.segment.size.max = 1048576 (custom)
2019-09-10 21:20:51,482 [pool-57-thread-1] INFO  server.RaftServerConfigKeys (ConfUtils.java:logGet(43)) - raft.server.log.segment.cache.num.max = 2 (custom)
2019-09-10 21:20:51,482 [pool-57-thread-1] INFO  segmented.SegmentedRaftLogWorker (SegmentedRaftLogWorker.java:<init>(172)) - new d71e7251-7a0d-426c-a65f-b408b127d188-SegmentedRaftLogWorker:Storage Directory /workdir/hadoop-ozone/integration-test/target/test-dir/MiniOzoneClusterImpl-fdd04c0c-114b-4de3-8536-b28dc82e2d50/datanode-3/data/ratis/2b574a7e-4f8a-4d8f-a228-15c8f9781914 for RaftStorage:Storage Directory /workdir/hadoop-ozone/integration-test/target/test-dir/MiniOzoneClusterImpl-fdd04c0c-114b-4de3-8536-b28dc82e2d50/datanode-3/data/ratis/2b574a7e-4f8a-4d8f-a228-15c8f9781914
2019-09-10 21:20:51,482 [pool-57-thread-1] INFO  server.RaftServerConfigKeys (ConfUtils.java:logGet(43)) - raft.server.log.queue.byte-limit = 2147483647 (custom)
2019-09-10 21:20:51,482 [pool-57-thread-1] INFO  server.RaftServerConfigKeys (ConfUtils.java:logGet(43)) - raft.server.log.queue.element-limit = 1024 (custom)
2019-09-10 21:20:51,482 [pool-57-thread-1] INFO  server.RaftServerConfigKeys (ConfUtils.java:logGet(43)) - raft.server.log.segment.size.max = 1048576 (custom)
2019-09-10 21:20:51,483 [pool-57-thread-1] INFO  server.RaftServerConfigKeys (ConfUtils.java:logGet(43)) - raft.server.log.preallocated.size = 16384 (custom)
2019-09-10 21:20:51,483 [pool-57-thread-1] INFO  server.RaftServerConfigKeys (ConfUtils.java:logGet(43)) - raft.server.log.write.buffer.size = 33554432 (custom)
2019-09-10 21:20:51,483 [pool-57-thread-1] INFO  server.RaftServerConfigKeys (ConfUtils.java:logGet(43)) - raft.server.log.force.sync.num = 128 (default)
2019-09-10 21:20:51,483 [pool-57-thread-1] INFO  server.RaftServerConfigKeys (ConfUtils.java:logGet(43)) - raft.server.log.statemachine.data.sync = true (default)
2019-09-10 21:20:51,483 [pool-57-thread-1] INFO  server.RaftServerConfigKeys (ConfUtils.java:logGet(43)) - raft.server.log.statemachine.data.sync.timeout = 10s (default)
2019-09-10 21:20:51,483 [pool-57-thread-1] INFO  server.RaftServerConfigKeys (ConfUtils.java:logGet(43)) - raft.server.log.statemachine.data.sync.timeout.retry = -1 (default)
2019-09-10 21:20:51,484 [pool-57-thread-1] INFO  server.RaftServerConfigKeys (ConfUtils.java:logGet(43)) - raft.server.log.statemachine.data.caching.enabled = true (custom)
2019-09-10 21:20:51,484 [pool-57-thread-1] INFO  segmented.SegmentedRaftLogWorker (SegmentedRaftLogWorker.java:lambda$new$0(132)) - d71e7251-7a0d-426c-a65f-b408b127d188-SegmentedRaftLogWorker:Storage Directory /workdir/hadoop-ozone/integration-test/target/test-dir/MiniOzoneClusterImpl-fdd04c0c-114b-4de3-8536-b28dc82e2d50/datanode-3/data/ratis/2b574a7e-4f8a-4d8f-a228-15c8f9781914: flushIndex: setUnconditionally 0 -> -1
2019-09-10 21:20:51,484 [pool-57-thread-1] INFO  server.RaftServerConfigKeys (ConfUtils.java:logGet(43)) - raft.server.snapshot.auto.trigger.enabled = true (custom)
2019-09-10 21:20:51,484 [pool-57-thread-1] INFO  server.RaftServerConfigKeys (ConfUtils.java:logGet(43)) - raft.server.snapshot.auto.trigger.threshold = 10000 (custom)
2019-09-10 21:20:51,485 [pool-57-thread-1] INFO  server.RaftServerConfigKeys (ConfUtils.java:logGet(43)) - raft.server.retrycache.expirytime = 600000ms (custom)
2019-09-10 21:20:51,485 [pool-57-thread-1] INFO  impl.RaftServerImpl (RaftServerImpl.java:start(180)) - d71e7251-7a0d-426c-a65f-b408b127d188: start group-15C8F9781914
2019-09-10 21:20:51,485 [pool-57-thread-1] INFO  impl.RaftServerImpl (RaftServerImpl.java:setRole(171)) - d71e7251-7a0d-426c-a65f-b408b127d188:group-15C8F9781914 changes role from null to FOLLOWER at term 0 for startAsFollower
2019-09-10 21:20:51,485 [pool-57-thread-1] INFO  impl.RoleInfo (RoleInfo.java:updateAndGet(143)) - d71e7251-7a0d-426c-a65f-b408b127d188: start FollowerState
2019-09-10 21:20:51,486 [pool-57-thread-1] INFO  util.JmxRegister (JmxRegister.java:tryRegister(44)) - Successfully registered JMX Bean with object name Ratis:service=RaftServer,group=group-15C8F9781914,id=d71e7251-7a0d-426c-a65f-b408b127d188
2019-09-10 21:20:51,497 [RatisPipelineUtilsThread] INFO  pipeline.PipelineStateManager (PipelineStateManager.java:addPipeline(56)) - Created pipeline Pipeline[ Id: 2b574a7e-4f8a-4d8f-a228-15c8f9781914, Nodes: d71e7251-7a0d-426c-a65f-b408b127d188{ip: 192.168.69.94, host: pr-hdds-2007-qhgzt-2180668592, networkLocation: /default-rack, certSerialId: null}, Type:RATIS, Factor:ONE, State:OPEN]
2019-09-10 21:20:51,517 [grpc-default-executor-0] INFO  impl.RaftServerProxy (RaftServerProxy.java:addNew(89)) - 8bacdf4e-3a51-4803-bfd1-91679ace6b3e: addNew group-203AFCED52E0:[8bacdf4e-3a51-4803-bfd1-91679ace6b3e:192.168.69.94:43481] returns group-203AFCED52E0:java.util.concurrent.CompletableFuture@53534102[Not completed]
2019-09-10 21:20:51,520 [pool-87-thread-1] INFO  impl.RaftServerImpl (RaftServerImpl.java:<init>(93)) - 8bacdf4e-3a51-4803-bfd1-91679ace6b3e: new RaftServerImpl for group-203AFCED52E0:[8bacdf4e-3a51-4803-bfd1-91679ace6b3e:192.168.69.94:43481] with ContainerStateMachine:uninitialized
2019-09-10 21:20:51,521 [pool-87-thread-1] INFO  server.RaftServerConfigKeys (ConfUtils.java:logGet(43)) - raft.server.rpc.timeout.min = 5s (custom)
2019-09-10 21:20:51,521 [pool-87-thread-1] INFO  server.RaftServerConfigKeys (ConfUtils.java:logGet(43)) - raft.server.rpc.timeout.max = 5200ms (custom)
2019-09-10 21:20:51,521 [pool-87-thread-1] INFO  server.RaftServerConfigKeys (ConfUtils.java:logGet(43)) - raft.server.rpcslowness.timeout = 120s (custom)
2019-09-10 21:20:51,521 [pool-87-thread-1] INFO  server.RaftServerConfigKeys (ConfUtils.java:logGet(43)) - raft.server.sleep.deviation.threshold = 300 (default)
2019-09-10 21:20:51,521 [pool-87-thread-1] INFO  server.RaftServerConfigKeys (ConfUtils.java:logGet(43)) - raft.server.log.appender.install.snapshot.enabled = false (custom)
2019-09-10 21:20:51,521 [pool-87-thread-1] INFO  impl.RaftServerImpl (ServerState.java:<init>(105)) - 8bacdf4e-3a51-4803-bfd1-91679ace6b3e:group-203AFCED52E0 ConfigurationManager, init=-1: [8bacdf4e-3a51-4803-bfd1-91679ace6b3e:192.168.69.94:43481], old=null, confs=<EMPTY_MAP>
2019-09-10 21:20:51,521 [pool-87-thread-1] INFO  server.RaftServerConfigKeys (ConfUtils.java:logGet(43)) - raft.server.storage.dir = [/workdir/hadoop-ozone/integration-test/target/test-dir/MiniOzoneClusterImpl-fdd04c0c-114b-4de3-8536-b28dc82e2d50/datanode-6/data/ratis] (custom)
2019-09-10 21:20:51,522 [pool-87-thread-1] INFO  storage.RaftStorageDirectory (RaftStorageDirectory.java:analyzeStorage(246)) - The storage directory /workdir/hadoop-ozone/integration-test/target/test-dir/MiniOzoneClusterImpl-fdd04c0c-114b-4de3-8536-b28dc82e2d50/datanode-6/data/ratis/9e3d3004-2419-45c7-953b-203afced52e0 does not exist. Creating ...
2019-09-10 21:20:51,543 [main] INFO  rpc.RpcClient (RpcClient.java:createBucket(433)) - Creating Bucket: testblockoutputstream/testblockoutputstream, with Versioning false and Storage Type set to DISK and Encryption set to false 
2019-09-10 21:20:51,547 [pool-87-thread-1] INFO  storage.RaftStorageDirectory (RaftStorageDirectory.java:tryLock(328)) - Lock on /workdir/hadoop-ozone/integration-test/target/test-dir/MiniOzoneClusterImpl-fdd04c0c-114b-4de3-8536-b28dc82e2d50/datanode-6/data/ratis/9e3d3004-2419-45c7-953b-203afced52e0/in_use.lock acquired by nodename 17220@pr-hdds-2007-qhgzt-2180668592
2019-09-10 21:20:51,563 [main] INFO  impl.MetricsSystemImpl (MetricsSystemImpl.java:init(158)) - XceiverClientMetrics metrics system started (again)
2019-09-10 21:20:51,574 [pool-87-thread-1] INFO  storage.RaftStorage (RaftStorage.java:format(72)) - Storage directory /workdir/hadoop-ozone/integration-test/target/test-dir/MiniOzoneClusterImpl-fdd04c0c-114b-4de3-8536-b28dc82e2d50/datanode-6/data/ratis/9e3d3004-2419-45c7-953b-203afced52e0 has been successfully formatted.
2019-09-10 21:20:51,578 [pool-87-thread-1] INFO  ratis.ContainerStateMachine (ContainerStateMachine.java:loadSnapshot(227)) - group-203AFCED52E0: The snapshot info is null. Setting the last applied indexto:(t:0, i:~)
2019-09-10 21:20:51,579 [pool-87-thread-1] INFO  server.RaftServerConfigKeys (ConfUtils.java:logGet(43)) - raft.server.leader.election.timeout = 120s (custom)
2019-09-10 21:20:51,579 [pool-87-thread-1] INFO  server.RaftServerConfigKeys (ConfUtils.java:logGet(43)) - raft.server.log.use.memory = false (default)
2019-09-10 21:20:51,579 [pool-87-thread-1] INFO  server.RaftServerConfigKeys (ConfUtils.java:logGet(43)) - raft.server.log.purge.gap = 1000000 (custom)
2019-09-10 21:20:51,579 [pool-87-thread-1] INFO  server.RaftServerConfigKeys (ConfUtils.java:logGet(43)) - raft.server.log.appender.buffer.byte-limit = 33554432 (custom)
2019-09-10 21:20:51,579 [pool-87-thread-1] INFO  server.RaftServerConfigKeys (ConfUtils.java:logGet(43)) - raft.server.log.segment.size.max = 1048576 (custom)
2019-09-10 21:20:51,579 [pool-87-thread-1] INFO  server.RaftServerConfigKeys (ConfUtils.java:logGet(43)) - raft.server.log.segment.cache.num.max = 2 (custom)
2019-09-10 21:20:51,579 [pool-87-thread-1] INFO  segmented.SegmentedRaftLogWorker (SegmentedRaftLogWorker.java:<init>(172)) - new 8bacdf4e-3a51-4803-bfd1-91679ace6b3e-SegmentedRaftLogWorker:Storage Directory /workdir/hadoop-ozone/integration-test/target/test-dir/MiniOzoneClusterImpl-fdd04c0c-114b-4de3-8536-b28dc82e2d50/datanode-6/data/ratis/9e3d3004-2419-45c7-953b-203afced52e0 for RaftStorage:Storage Directory /workdir/hadoop-ozone/integration-test/target/test-dir/MiniOzoneClusterImpl-fdd04c0c-114b-4de3-8536-b28dc82e2d50/datanode-6/data/ratis/9e3d3004-2419-45c7-953b-203afced52e0
2019-09-10 21:20:51,580 [pool-87-thread-1] INFO  server.RaftServerConfigKeys (ConfUtils.java:logGet(43)) - raft.server.log.queue.byte-limit = 2147483647 (custom)
2019-09-10 21:20:51,580 [pool-87-thread-1] INFO  server.RaftServerConfigKeys (ConfUtils.java:logGet(43)) - raft.server.log.queue.element-limit = 1024 (custom)
2019-09-10 21:20:51,580 [pool-87-thread-1] INFO  server.RaftServerConfigKeys (ConfUtils.java:logGet(43)) - raft.server.log.segment.size.max = 1048576 (custom)
2019-09-10 21:20:51,580 [pool-87-thread-1] INFO  server.RaftServerConfigKeys (ConfUtils.java:logGet(43)) - raft.server.log.preallocated.size = 16384 (custom)
2019-09-10 21:20:51,580 [pool-87-thread-1] INFO  server.RaftServerConfigKeys (ConfUtils.java:logGet(43)) - raft.server.log.write.buffer.size = 33554432 (custom)
2019-09-10 21:20:51,581 [pool-87-thread-1] INFO  server.RaftServerConfigKeys (ConfUtils.java:logGet(43)) - raft.server.log.force.sync.num = 128 (default)
2019-09-10 21:20:51,581 [pool-87-thread-1] INFO  server.RaftServerConfigKeys (ConfUtils.java:logGet(43)) - raft.server.log.statemachine.data.sync = true (default)
2019-09-10 21:20:51,582 [pool-87-thread-1] INFO  server.RaftServerConfigKeys (ConfUtils.java:logGet(43)) - raft.server.log.statemachine.data.sync.timeout = 10s (default)
2019-09-10 21:20:51,582 [pool-87-thread-1] INFO  server.RaftServerConfigKeys (ConfUtils.java:logGet(43)) - raft.server.log.statemachine.data.sync.timeout.retry = -1 (default)
2019-09-10 21:20:51,582 [pool-87-thread-1] INFO  server.RaftServerConfigKeys (ConfUtils.java:logGet(43)) - raft.server.log.statemachine.data.caching.enabled = true (custom)
2019-09-10 21:20:51,582 [pool-87-thread-1] INFO  segmented.SegmentedRaftLogWorker (SegmentedRaftLogWorker.java:lambda$new$0(132)) - 8bacdf4e-3a51-4803-bfd1-91679ace6b3e-SegmentedRaftLogWorker:Storage Directory /workdir/hadoop-ozone/integration-test/target/test-dir/MiniOzoneClusterImpl-fdd04c0c-114b-4de3-8536-b28dc82e2d50/datanode-6/data/ratis/9e3d3004-2419-45c7-953b-203afced52e0: flushIndex: setUnconditionally 0 -> -1
2019-09-10 21:20:51,583 [pool-87-thread-1] INFO  server.RaftServerConfigKeys (ConfUtils.java:logGet(43)) - raft.server.snapshot.auto.trigger.enabled = true (custom)
2019-09-10 21:20:51,583 [pool-87-thread-1] INFO  server.RaftServerConfigKeys (ConfUtils.java:logGet(43)) - raft.server.snapshot.auto.trigger.threshold = 10000 (custom)
2019-09-10 21:20:51,583 [pool-87-thread-1] INFO  server.RaftServerConfigKeys (ConfUtils.java:logGet(43)) - raft.server.retrycache.expirytime = 600000ms (custom)
2019-09-10 21:20:51,583 [pool-87-thread-1] INFO  impl.RaftServerImpl (RaftServerImpl.java:start(180)) - 8bacdf4e-3a51-4803-bfd1-91679ace6b3e: start group-203AFCED52E0
2019-09-10 21:20:51,583 [pool-87-thread-1] INFO  impl.RaftServerImpl (RaftServerImpl.java:setRole(171)) - 8bacdf4e-3a51-4803-bfd1-91679ace6b3e:group-203AFCED52E0 changes role from null to FOLLOWER at term 0 for startAsFollower
2019-09-10 21:20:51,583 [pool-87-thread-1] INFO  impl.RoleInfo (RoleInfo.java:updateAndGet(143)) - 8bacdf4e-3a51-4803-bfd1-91679ace6b3e: start FollowerState
2019-09-10 21:20:51,584 [pool-87-thread-1] INFO  util.JmxRegister (JmxRegister.java:tryRegister(44)) - Successfully registered JMX Bean with object name Ratis:service=RaftServer,group=group-203AFCED52E0,id=8bacdf4e-3a51-4803-bfd1-91679ace6b3e
2019-09-10 21:20:51,595 [RatisPipelineUtilsThread] INFO  pipeline.PipelineStateManager (PipelineStateManager.java:addPipeline(56)) - Created pipeline Pipeline[ Id: 9e3d3004-2419-45c7-953b-203afced52e0, Nodes: 8bacdf4e-3a51-4803-bfd1-91679ace6b3e{ip: 192.168.69.94, host: pr-hdds-2007-qhgzt-2180668592, networkLocation: /default-rack, certSerialId: null}, Type:RATIS, Factor:ONE, State:OPEN]
2019-09-10 21:20:51,619 [grpc-default-executor-0] INFO  impl.RaftServerProxy (RaftServerProxy.java:addNew(89)) - af92c0b4-0e41-4ee8-9c4d-64ba4f312634: addNew group-DDBE3313B776:[af92c0b4-0e41-4ee8-9c4d-64ba4f312634:192.168.69.94:37995] returns group-DDBE3313B776:java.util.concurrent.CompletableFuture@41f35cf[Not completed]
2019-09-10 21:20:51,625 [pool-77-thread-1] INFO  impl.RaftServerImpl (RaftServerImpl.java:<init>(93)) - af92c0b4-0e41-4ee8-9c4d-64ba4f312634: new RaftServerImpl for group-DDBE3313B776:[af92c0b4-0e41-4ee8-9c4d-64ba4f312634:192.168.69.94:37995] with ContainerStateMachine:uninitialized
2019-09-10 21:20:51,625 [pool-77-thread-1] INFO  server.RaftServerConfigKeys (ConfUtils.java:logGet(43)) - raft.server.rpc.timeout.min = 5s (custom)
2019-09-10 21:20:51,625 [pool-77-thread-1] INFO  server.RaftServerConfigKeys (ConfUtils.java:logGet(43)) - raft.server.rpc.timeout.max = 5200ms (custom)
2019-09-10 21:20:51,625 [pool-77-thread-1] INFO  server.RaftServerConfigKeys (ConfUtils.java:logGet(43)) - raft.server.rpcslowness.timeout = 120s (custom)
2019-09-10 21:20:51,625 [pool-77-thread-1] INFO  server.RaftServerConfigKeys (ConfUtils.java:logGet(43)) - raft.server.sleep.deviation.threshold = 300 (default)
2019-09-10 21:20:51,625 [pool-77-thread-1] INFO  server.RaftServerConfigKeys (ConfUtils.java:logGet(43)) - raft.server.log.appender.install.snapshot.enabled = false (custom)
2019-09-10 21:20:51,625 [pool-77-thread-1] INFO  impl.RaftServerImpl (ServerState.java:<init>(105)) - af92c0b4-0e41-4ee8-9c4d-64ba4f312634:group-DDBE3313B776 ConfigurationManager, init=-1: [af92c0b4-0e41-4ee8-9c4d-64ba4f312634:192.168.69.94:37995], old=null, confs=<EMPTY_MAP>
2019-09-10 21:20:51,626 [pool-77-thread-1] INFO  server.RaftServerConfigKeys (ConfUtils.java:logGet(43)) - raft.server.storage.dir = [/workdir/hadoop-ozone/integration-test/target/test-dir/MiniOzoneClusterImpl-fdd04c0c-114b-4de3-8536-b28dc82e2d50/datanode-5/data/ratis] (custom)
2019-09-10 21:20:51,626 [pool-77-thread-1] INFO  storage.RaftStorageDirectory (RaftStorageDirectory.java:analyzeStorage(246)) - The storage directory /workdir/hadoop-ozone/integration-test/target/test-dir/MiniOzoneClusterImpl-fdd04c0c-114b-4de3-8536-b28dc82e2d50/datanode-5/data/ratis/57eefa43-691f-4e08-91a6-ddbe3313b776 does not exist. Creating ...
2019-09-10 21:20:51,650 [pool-77-thread-1] INFO  storage.RaftStorageDirectory (RaftStorageDirectory.java:tryLock(328)) - Lock on /workdir/hadoop-ozone/integration-test/target/test-dir/MiniOzoneClusterImpl-fdd04c0c-114b-4de3-8536-b28dc82e2d50/datanode-5/data/ratis/57eefa43-691f-4e08-91a6-ddbe3313b776/in_use.lock acquired by nodename 17220@pr-hdds-2007-qhgzt-2180668592
2019-09-10 21:20:51,667 [pool-77-thread-1] INFO  storage.RaftStorage (RaftStorage.java:format(72)) - Storage directory /workdir/hadoop-ozone/integration-test/target/test-dir/MiniOzoneClusterImpl-fdd04c0c-114b-4de3-8536-b28dc82e2d50/datanode-5/data/ratis/57eefa43-691f-4e08-91a6-ddbe3313b776 has been successfully formatted.
2019-09-10 21:20:51,667 [pool-77-thread-1] INFO  ratis.ContainerStateMachine (ContainerStateMachine.java:loadSnapshot(227)) - group-DDBE3313B776: The snapshot info is null. Setting the last applied indexto:(t:0, i:~)
2019-09-10 21:20:51,667 [pool-77-thread-1] INFO  server.RaftServerConfigKeys (ConfUtils.java:logGet(43)) - raft.server.leader.election.timeout = 120s (custom)
2019-09-10 21:20:51,668 [pool-77-thread-1] INFO  server.RaftServerConfigKeys (ConfUtils.java:logGet(43)) - raft.server.log.use.memory = false (default)
2019-09-10 21:20:51,668 [pool-77-thread-1] INFO  server.RaftServerConfigKeys (ConfUtils.java:logGet(43)) - raft.server.log.purge.gap = 1000000 (custom)
2019-09-10 21:20:51,668 [pool-77-thread-1] INFO  server.RaftServerConfigKeys (ConfUtils.java:logGet(43)) - raft.server.log.appender.buffer.byte-limit = 33554432 (custom)
2019-09-10 21:20:51,668 [pool-77-thread-1] INFO  server.RaftServerConfigKeys (ConfUtils.java:logGet(43)) - raft.server.log.segment.size.max = 1048576 (custom)
2019-09-10 21:20:51,668 [pool-77-thread-1] INFO  server.RaftServerConfigKeys (ConfUtils.java:logGet(43)) - raft.server.log.segment.cache.num.max = 2 (custom)
2019-09-10 21:20:51,668 [pool-77-thread-1] INFO  segmented.SegmentedRaftLogWorker (SegmentedRaftLogWorker.java:<init>(172)) - new af92c0b4-0e41-4ee8-9c4d-64ba4f312634-SegmentedRaftLogWorker:Storage Directory /workdir/hadoop-ozone/integration-test/target/test-dir/MiniOzoneClusterImpl-fdd04c0c-114b-4de3-8536-b28dc82e2d50/datanode-5/data/ratis/57eefa43-691f-4e08-91a6-ddbe3313b776 for RaftStorage:Storage Directory /workdir/hadoop-ozone/integration-test/target/test-dir/MiniOzoneClusterImpl-fdd04c0c-114b-4de3-8536-b28dc82e2d50/datanode-5/data/ratis/57eefa43-691f-4e08-91a6-ddbe3313b776
2019-09-10 21:20:51,668 [pool-77-thread-1] INFO  server.RaftServerConfigKeys (ConfUtils.java:logGet(43)) - raft.server.log.queue.byte-limit = 2147483647 (custom)
2019-09-10 21:20:51,669 [pool-77-thread-1] INFO  server.RaftServerConfigKeys (ConfUtils.java:logGet(43)) - raft.server.log.queue.element-limit = 1024 (custom)
2019-09-10 21:20:51,669 [pool-77-thread-1] INFO  server.RaftServerConfigKeys (ConfUtils.java:logGet(43)) - raft.server.log.segment.size.max = 1048576 (custom)
2019-09-10 21:20:51,669 [pool-77-thread-1] INFO  server.RaftServerConfigKeys (ConfUtils.java:logGet(43)) - raft.server.log.preallocated.size = 16384 (custom)
2019-09-10 21:20:51,669 [pool-77-thread-1] INFO  server.RaftServerConfigKeys (ConfUtils.java:logGet(43)) - raft.server.log.write.buffer.size = 33554432 (custom)
2019-09-10 21:20:51,669 [pool-77-thread-1] INFO  server.RaftServerConfigKeys (ConfUtils.java:logGet(43)) - raft.server.log.force.sync.num = 128 (default)
2019-09-10 21:20:51,669 [pool-77-thread-1] INFO  server.RaftServerConfigKeys (ConfUtils.java:logGet(43)) - raft.server.log.statemachine.data.sync = true (default)
2019-09-10 21:20:51,669 [pool-77-thread-1] INFO  server.RaftServerConfigKeys (ConfUtils.java:logGet(43)) - raft.server.log.statemachine.data.sync.timeout = 10s (default)
2019-09-10 21:20:51,670 [pool-77-thread-1] INFO  server.RaftServerConfigKeys (ConfUtils.java:logGet(43)) - raft.server.log.statemachine.data.sync.timeout.retry = -1 (default)
2019-09-10 21:20:51,670 [pool-77-thread-1] INFO  server.RaftServerConfigKeys (ConfUtils.java:logGet(43)) - raft.server.log.statemachine.data.caching.enabled = true (custom)
2019-09-10 21:20:51,670 [pool-77-thread-1] INFO  segmented.SegmentedRaftLogWorker (SegmentedRaftLogWorker.java:lambda$new$0(132)) - af92c0b4-0e41-4ee8-9c4d-64ba4f312634-SegmentedRaftLogWorker:Storage Directory /workdir/hadoop-ozone/integration-test/target/test-dir/MiniOzoneClusterImpl-fdd04c0c-114b-4de3-8536-b28dc82e2d50/datanode-5/data/ratis/57eefa43-691f-4e08-91a6-ddbe3313b776: flushIndex: setUnconditionally 0 -> -1
2019-09-10 21:20:51,671 [pool-77-thread-1] INFO  server.RaftServerConfigKeys (ConfUtils.java:logGet(43)) - raft.server.snapshot.auto.trigger.enabled = true (custom)
2019-09-10 21:20:51,671 [pool-77-thread-1] INFO  server.RaftServerConfigKeys (ConfUtils.java:logGet(43)) - raft.server.snapshot.auto.trigger.threshold = 10000 (custom)
2019-09-10 21:20:51,671 [pool-77-thread-1] INFO  server.RaftServerConfigKeys (ConfUtils.java:logGet(43)) - raft.server.retrycache.expirytime = 600000ms (custom)
2019-09-10 21:20:51,671 [pool-77-thread-1] INFO  impl.RaftServerImpl (RaftServerImpl.java:start(180)) - af92c0b4-0e41-4ee8-9c4d-64ba4f312634: start group-DDBE3313B776
2019-09-10 21:20:51,671 [pool-77-thread-1] INFO  impl.RaftServerImpl (RaftServerImpl.java:setRole(171)) - af92c0b4-0e41-4ee8-9c4d-64ba4f312634:group-DDBE3313B776 changes role from null to FOLLOWER at term 0 for startAsFollower
2019-09-10 21:20:51,671 [pool-77-thread-1] INFO  impl.RoleInfo (RoleInfo.java:updateAndGet(143)) - af92c0b4-0e41-4ee8-9c4d-64ba4f312634: start FollowerState
2019-09-10 21:20:51,672 [pool-77-thread-1] INFO  util.JmxRegister (JmxRegister.java:tryRegister(44)) - Successfully registered JMX Bean with object name Ratis:service=RaftServer,group=group-DDBE3313B776,id=af92c0b4-0e41-4ee8-9c4d-64ba4f312634
2019-09-10 21:20:51,685 [RatisPipelineUtilsThread] INFO  pipeline.PipelineStateManager (PipelineStateManager.java:addPipeline(56)) - Created pipeline Pipeline[ Id: 57eefa43-691f-4e08-91a6-ddbe3313b776, Nodes: af92c0b4-0e41-4ee8-9c4d-64ba4f312634{ip: 192.168.69.94, host: pr-hdds-2007-qhgzt-2180668592, networkLocation: /default-rack, certSerialId: null}, Type:RATIS, Factor:ONE, State:OPEN]
2019-09-10 21:20:51,704 [grpc-default-executor-0] INFO  impl.RaftServerProxy (RaftServerProxy.java:addNew(89)) - 2df5655c-32f4-4ea7-9687-7d222ddc935c: addNew group-744DE7C48BD0:[2df5655c-32f4-4ea7-9687-7d222ddc935c:192.168.69.94:42868] returns group-744DE7C48BD0:java.util.concurrent.CompletableFuture@51032f2b[Not completed]
2019-09-10 21:20:51,706 [pool-37-thread-1] INFO  impl.RaftServerImpl (RaftServerImpl.java:<init>(93)) - 2df5655c-32f4-4ea7-9687-7d222ddc935c: new RaftServerImpl for group-744DE7C48BD0:[2df5655c-32f4-4ea7-9687-7d222ddc935c:192.168.69.94:42868] with ContainerStateMachine:uninitialized
2019-09-10 21:20:51,706 [pool-37-thread-1] INFO  server.RaftServerConfigKeys (ConfUtils.java:logGet(43)) - raft.server.rpc.timeout.min = 5s (custom)
2019-09-10 21:20:51,706 [pool-37-thread-1] INFO  server.RaftServerConfigKeys (ConfUtils.java:logGet(43)) - raft.server.rpc.timeout.max = 5200ms (custom)
2019-09-10 21:20:51,706 [pool-37-thread-1] INFO  server.RaftServerConfigKeys (ConfUtils.java:logGet(43)) - raft.server.rpcslowness.timeout = 120s (custom)
2019-09-10 21:20:51,706 [pool-37-thread-1] INFO  server.RaftServerConfigKeys (ConfUtils.java:logGet(43)) - raft.server.sleep.deviation.threshold = 300 (default)
2019-09-10 21:20:51,707 [pool-37-thread-1] INFO  server.RaftServerConfigKeys (ConfUtils.java:logGet(43)) - raft.server.log.appender.install.snapshot.enabled = false (custom)
2019-09-10 21:20:51,707 [pool-37-thread-1] INFO  impl.RaftServerImpl (ServerState.java:<init>(105)) - 2df5655c-32f4-4ea7-9687-7d222ddc935c:group-744DE7C48BD0 ConfigurationManager, init=-1: [2df5655c-32f4-4ea7-9687-7d222ddc935c:192.168.69.94:42868], old=null, confs=<EMPTY_MAP>
2019-09-10 21:20:51,707 [pool-37-thread-1] INFO  server.RaftServerConfigKeys (ConfUtils.java:logGet(43)) - raft.server.storage.dir = [/workdir/hadoop-ozone/integration-test/target/test-dir/MiniOzoneClusterImpl-fdd04c0c-114b-4de3-8536-b28dc82e2d50/datanode-1/data/ratis] (custom)
2019-09-10 21:20:51,707 [pool-37-thread-1] INFO  storage.RaftStorageDirectory (RaftStorageDirectory.java:analyzeStorage(246)) - The storage directory /workdir/hadoop-ozone/integration-test/target/test-dir/MiniOzoneClusterImpl-fdd04c0c-114b-4de3-8536-b28dc82e2d50/datanode-1/data/ratis/6f8dcd7f-69cf-43fd-8f28-744de7c48bd0 does not exist. Creating ...
2019-09-10 21:20:51,727 [pool-37-thread-1] INFO  storage.RaftStorageDirectory (RaftStorageDirectory.java:tryLock(328)) - Lock on /workdir/hadoop-ozone/integration-test/target/test-dir/MiniOzoneClusterImpl-fdd04c0c-114b-4de3-8536-b28dc82e2d50/datanode-1/data/ratis/6f8dcd7f-69cf-43fd-8f28-744de7c48bd0/in_use.lock acquired by nodename 17220@pr-hdds-2007-qhgzt-2180668592
2019-09-10 21:20:51,757 [pool-37-thread-1] INFO  storage.RaftStorage (RaftStorage.java:format(72)) - Storage directory /workdir/hadoop-ozone/integration-test/target/test-dir/MiniOzoneClusterImpl-fdd04c0c-114b-4de3-8536-b28dc82e2d50/datanode-1/data/ratis/6f8dcd7f-69cf-43fd-8f28-744de7c48bd0 has been successfully formatted.
2019-09-10 21:20:51,757 [pool-37-thread-1] INFO  ratis.ContainerStateMachine (ContainerStateMachine.java:loadSnapshot(227)) - group-744DE7C48BD0: The snapshot info is null. Setting the last applied indexto:(t:0, i:~)
2019-09-10 21:20:51,757 [pool-37-thread-1] INFO  server.RaftServerConfigKeys (ConfUtils.java:logGet(43)) - raft.server.leader.election.timeout = 120s (custom)
2019-09-10 21:20:51,758 [pool-37-thread-1] INFO  server.RaftServerConfigKeys (ConfUtils.java:logGet(43)) - raft.server.log.use.memory = false (default)
2019-09-10 21:20:51,758 [pool-37-thread-1] INFO  server.RaftServerConfigKeys (ConfUtils.java:logGet(43)) - raft.server.log.purge.gap = 1000000 (custom)
2019-09-10 21:20:51,758 [pool-37-thread-1] INFO  server.RaftServerConfigKeys (ConfUtils.java:logGet(43)) - raft.server.log.appender.buffer.byte-limit = 33554432 (custom)
2019-09-10 21:20:51,758 [pool-37-thread-1] INFO  server.RaftServerConfigKeys (ConfUtils.java:logGet(43)) - raft.server.log.segment.size.max = 1048576 (custom)
2019-09-10 21:20:51,758 [pool-37-thread-1] INFO  server.RaftServerConfigKeys (ConfUtils.java:logGet(43)) - raft.server.log.segment.cache.num.max = 2 (custom)
2019-09-10 21:20:51,758 [pool-37-thread-1] INFO  segmented.SegmentedRaftLogWorker (SegmentedRaftLogWorker.java:<init>(172)) - new 2df5655c-32f4-4ea7-9687-7d222ddc935c-SegmentedRaftLogWorker:Storage Directory /workdir/hadoop-ozone/integration-test/target/test-dir/MiniOzoneClusterImpl-fdd04c0c-114b-4de3-8536-b28dc82e2d50/datanode-1/data/ratis/6f8dcd7f-69cf-43fd-8f28-744de7c48bd0 for RaftStorage:Storage Directory /workdir/hadoop-ozone/integration-test/target/test-dir/MiniOzoneClusterImpl-fdd04c0c-114b-4de3-8536-b28dc82e2d50/datanode-1/data/ratis/6f8dcd7f-69cf-43fd-8f28-744de7c48bd0
2019-09-10 21:20:51,758 [pool-37-thread-1] INFO  server.RaftServerConfigKeys (ConfUtils.java:logGet(43)) - raft.server.log.queue.byte-limit = 2147483647 (custom)
2019-09-10 21:20:51,759 [pool-37-thread-1] INFO  server.RaftServerConfigKeys (ConfUtils.java:logGet(43)) - raft.server.log.queue.element-limit = 1024 (custom)
2019-09-10 21:20:51,759 [pool-37-thread-1] INFO  server.RaftServerConfigKeys (ConfUtils.java:logGet(43)) - raft.server.log.segment.size.max = 1048576 (custom)
2019-09-10 21:20:51,759 [pool-37-thread-1] INFO  server.RaftServerConfigKeys (ConfUtils.java:logGet(43)) - raft.server.log.preallocated.size = 16384 (custom)
2019-09-10 21:20:51,759 [pool-37-thread-1] INFO  server.RaftServerConfigKeys (ConfUtils.java:logGet(43)) - raft.server.log.write.buffer.size = 33554432 (custom)
2019-09-10 21:20:51,759 [pool-37-thread-1] INFO  server.RaftServerConfigKeys (ConfUtils.java:logGet(43)) - raft.server.log.force.sync.num = 128 (default)
2019-09-10 21:20:51,759 [pool-37-thread-1] INFO  server.RaftServerConfigKeys (ConfUtils.java:logGet(43)) - raft.server.log.statemachine.data.sync = true (default)
2019-09-10 21:20:51,760 [pool-37-thread-1] INFO  server.RaftServerConfigKeys (ConfUtils.java:logGet(43)) - raft.server.log.statemachine.data.sync.timeout = 10s (default)
2019-09-10 21:20:51,760 [pool-37-thread-1] INFO  server.RaftServerConfigKeys (ConfUtils.java:logGet(43)) - raft.server.log.statemachine.data.sync.timeout.retry = -1 (default)
2019-09-10 21:20:51,760 [pool-37-thread-1] INFO  server.RaftServerConfigKeys (ConfUtils.java:logGet(43)) - raft.server.log.statemachine.data.caching.enabled = true (custom)
2019-09-10 21:20:51,760 [pool-37-thread-1] INFO  segmented.SegmentedRaftLogWorker (SegmentedRaftLogWorker.java:lambda$new$0(132)) - 2df5655c-32f4-4ea7-9687-7d222ddc935c-SegmentedRaftLogWorker:Storage Directory /workdir/hadoop-ozone/integration-test/target/test-dir/MiniOzoneClusterImpl-fdd04c0c-114b-4de3-8536-b28dc82e2d50/datanode-1/data/ratis/6f8dcd7f-69cf-43fd-8f28-744de7c48bd0: flushIndex: setUnconditionally 0 -> -1
2019-09-10 21:20:51,761 [pool-37-thread-1] INFO  server.RaftServerConfigKeys (ConfUtils.java:logGet(43)) - raft.server.snapshot.auto.trigger.enabled = true (custom)
2019-09-10 21:20:51,761 [pool-37-thread-1] INFO  server.RaftServerConfigKeys (ConfUtils.java:logGet(43)) - raft.server.snapshot.auto.trigger.threshold = 10000 (custom)
2019-09-10 21:20:51,761 [pool-37-thread-1] INFO  server.RaftServerConfigKeys (ConfUtils.java:logGet(43)) - raft.server.retrycache.expirytime = 600000ms (custom)
2019-09-10 21:20:51,761 [pool-37-thread-1] INFO  impl.RaftServerImpl (RaftServerImpl.java:start(180)) - 2df5655c-32f4-4ea7-9687-7d222ddc935c: start group-744DE7C48BD0
2019-09-10 21:20:51,761 [pool-37-thread-1] INFO  impl.RaftServerImpl (RaftServerImpl.java:setRole(171)) - 2df5655c-32f4-4ea7-9687-7d222ddc935c:group-744DE7C48BD0 changes role from null to FOLLOWER at term 0 for startAsFollower
2019-09-10 21:20:51,762 [pool-37-thread-1] INFO  impl.RoleInfo (RoleInfo.java:updateAndGet(143)) - 2df5655c-32f4-4ea7-9687-7d222ddc935c: start FollowerState
2019-09-10 21:20:51,762 [pool-37-thread-1] INFO  util.JmxRegister (JmxRegister.java:tryRegister(44)) - Successfully registered JMX Bean with object name Ratis:service=RaftServer,group=group-744DE7C48BD0,id=2df5655c-32f4-4ea7-9687-7d222ddc935c
2019-09-10 21:20:51,783 [RatisPipelineUtilsThread] INFO  pipeline.PipelineStateManager (PipelineStateManager.java:addPipeline(56)) - Created pipeline Pipeline[ Id: 6f8dcd7f-69cf-43fd-8f28-744de7c48bd0, Nodes: 2df5655c-32f4-4ea7-9687-7d222ddc935c{ip: 192.168.69.94, host: pr-hdds-2007-qhgzt-2180668592, networkLocation: /default-rack, certSerialId: null}, Type:RATIS, Factor:ONE, State:OPEN]
2019-09-10 21:20:51,839 [grpc-default-executor-1] INFO  impl.RaftServerProxy (RaftServerProxy.java:addNew(89)) - d71e7251-7a0d-426c-a65f-b408b127d188: addNew group-6D95E5DABCDB:[d71e7251-7a0d-426c-a65f-b408b127d188:192.168.69.94:33306, bace13dd-0802-4326-803e-0fec46858cd5:192.168.69.94:41991, 00ec61b9-9033-4ccb-bcb3-80e94f49671c:192.168.69.94:37470] returns group-6D95E5DABCDB:java.util.concurrent.CompletableFuture@39236c74[Not completed]
2019-09-10 21:20:51,840 [grpc-default-executor-2] INFO  impl.RaftServerProxy (RaftServerProxy.java:addNew(89)) - bace13dd-0802-4326-803e-0fec46858cd5: addNew group-6D95E5DABCDB:[d71e7251-7a0d-426c-a65f-b408b127d188:192.168.69.94:33306, bace13dd-0802-4326-803e-0fec46858cd5:192.168.69.94:41991, 00ec61b9-9033-4ccb-bcb3-80e94f49671c:192.168.69.94:37470] returns group-6D95E5DABCDB:java.util.concurrent.CompletableFuture@4a245d3f[Not completed]
2019-09-10 21:20:51,840 [grpc-default-executor-0] INFO  impl.RaftServerProxy (RaftServerProxy.java:addNew(89)) - 00ec61b9-9033-4ccb-bcb3-80e94f49671c: addNew group-6D95E5DABCDB:[d71e7251-7a0d-426c-a65f-b408b127d188:192.168.69.94:33306, bace13dd-0802-4326-803e-0fec46858cd5:192.168.69.94:41991, 00ec61b9-9033-4ccb-bcb3-80e94f49671c:192.168.69.94:37470] returns group-6D95E5DABCDB:java.util.concurrent.CompletableFuture@52c79761[Not completed]
2019-09-10 21:20:51,842 [pool-57-thread-1] INFO  impl.RaftServerImpl (RaftServerImpl.java:<init>(93)) - d71e7251-7a0d-426c-a65f-b408b127d188: new RaftServerImpl for group-6D95E5DABCDB:[d71e7251-7a0d-426c-a65f-b408b127d188:192.168.69.94:33306, bace13dd-0802-4326-803e-0fec46858cd5:192.168.69.94:41991, 00ec61b9-9033-4ccb-bcb3-80e94f49671c:192.168.69.94:37470] with ContainerStateMachine:uninitialized
2019-09-10 21:20:51,842 [pool-57-thread-1] INFO  server.RaftServerConfigKeys (ConfUtils.java:logGet(43)) - raft.server.rpc.timeout.min = 5s (custom)
2019-09-10 21:20:51,843 [pool-57-thread-1] INFO  server.RaftServerConfigKeys (ConfUtils.java:logGet(43)) - raft.server.rpc.timeout.max = 5200ms (custom)
2019-09-10 21:20:51,843 [pool-57-thread-1] INFO  server.RaftServerConfigKeys (ConfUtils.java:logGet(43)) - raft.server.rpcslowness.timeout = 120s (custom)
2019-09-10 21:20:51,843 [pool-57-thread-1] INFO  server.RaftServerConfigKeys (ConfUtils.java:logGet(43)) - raft.server.sleep.deviation.threshold = 300 (default)
2019-09-10 21:20:51,843 [pool-47-thread-1] INFO  impl.RaftServerImpl (RaftServerImpl.java:<init>(93)) - 00ec61b9-9033-4ccb-bcb3-80e94f49671c: new RaftServerImpl for group-6D95E5DABCDB:[d71e7251-7a0d-426c-a65f-b408b127d188:192.168.69.94:33306, bace13dd-0802-4326-803e-0fec46858cd5:192.168.69.94:41991, 00ec61b9-9033-4ccb-bcb3-80e94f49671c:192.168.69.94:37470] with ContainerStateMachine:uninitialized
2019-09-10 21:20:51,843 [pool-57-thread-1] INFO  server.RaftServerConfigKeys (ConfUtils.java:logGet(43)) - raft.server.log.appender.install.snapshot.enabled = false (custom)
2019-09-10 21:20:51,843 [pool-47-thread-1] INFO  server.RaftServerConfigKeys (ConfUtils.java:logGet(43)) - raft.server.rpc.timeout.min = 5s (custom)
2019-09-10 21:20:51,843 [pool-57-thread-1] INFO  impl.RaftServerImpl (ServerState.java:<init>(105)) - d71e7251-7a0d-426c-a65f-b408b127d188:group-6D95E5DABCDB ConfigurationManager, init=-1: [d71e7251-7a0d-426c-a65f-b408b127d188:192.168.69.94:33306, bace13dd-0802-4326-803e-0fec46858cd5:192.168.69.94:41991, 00ec61b9-9033-4ccb-bcb3-80e94f49671c:192.168.69.94:37470], old=null, confs=<EMPTY_MAP>
2019-09-10 21:20:51,844 [pool-47-thread-1] INFO  server.RaftServerConfigKeys (ConfUtils.java:logGet(43)) - raft.server.rpc.timeout.max = 5200ms (custom)
2019-09-10 21:20:51,844 [pool-47-thread-1] INFO  server.RaftServerConfigKeys (ConfUtils.java:logGet(43)) - raft.server.rpcslowness.timeout = 120s (custom)
2019-09-10 21:20:51,844 [pool-67-thread-1] INFO  impl.RaftServerImpl (RaftServerImpl.java:<init>(93)) - bace13dd-0802-4326-803e-0fec46858cd5: new RaftServerImpl for group-6D95E5DABCDB:[d71e7251-7a0d-426c-a65f-b408b127d188:192.168.69.94:33306, bace13dd-0802-4326-803e-0fec46858cd5:192.168.69.94:41991, 00ec61b9-9033-4ccb-bcb3-80e94f49671c:192.168.69.94:37470] with ContainerStateMachine:uninitialized
2019-09-10 21:20:51,844 [pool-57-thread-1] INFO  server.RaftServerConfigKeys (ConfUtils.java:logGet(43)) - raft.server.storage.dir = [/workdir/hadoop-ozone/integration-test/target/test-dir/MiniOzoneClusterImpl-fdd04c0c-114b-4de3-8536-b28dc82e2d50/datanode-3/data/ratis] (custom)
2019-09-10 21:20:51,844 [pool-67-thread-1] INFO  server.RaftServerConfigKeys (ConfUtils.java:logGet(43)) - raft.server.rpc.timeout.min = 5s (custom)
2019-09-10 21:20:51,844 [pool-47-thread-1] INFO  server.RaftServerConfigKeys (ConfUtils.java:logGet(43)) - raft.server.sleep.deviation.threshold = 300 (default)
2019-09-10 21:20:51,844 [pool-67-thread-1] INFO  server.RaftServerConfigKeys (ConfUtils.java:logGet(43)) - raft.server.rpc.timeout.max = 5200ms (custom)
2019-09-10 21:20:51,845 [pool-47-thread-1] INFO  server.RaftServerConfigKeys (ConfUtils.java:logGet(43)) - raft.server.log.appender.install.snapshot.enabled = false (custom)
2019-09-10 21:20:51,845 [pool-57-thread-1] INFO  storage.RaftStorageDirectory (RaftStorageDirectory.java:analyzeStorage(246)) - The storage directory /workdir/hadoop-ozone/integration-test/target/test-dir/MiniOzoneClusterImpl-fdd04c0c-114b-4de3-8536-b28dc82e2d50/datanode-3/data/ratis/64c54897-f9d7-4d47-b158-6d95e5dabcdb does not exist. Creating ...
2019-09-10 21:20:51,845 [pool-67-thread-1] INFO  server.RaftServerConfigKeys (ConfUtils.java:logGet(43)) - raft.server.rpcslowness.timeout = 120s (custom)
2019-09-10 21:20:51,845 [pool-47-thread-1] INFO  impl.RaftServerImpl (ServerState.java:<init>(105)) - 00ec61b9-9033-4ccb-bcb3-80e94f49671c:group-6D95E5DABCDB ConfigurationManager, init=-1: [d71e7251-7a0d-426c-a65f-b408b127d188:192.168.69.94:33306, bace13dd-0802-4326-803e-0fec46858cd5:192.168.69.94:41991, 00ec61b9-9033-4ccb-bcb3-80e94f49671c:192.168.69.94:37470], old=null, confs=<EMPTY_MAP>
2019-09-10 21:20:51,845 [pool-67-thread-1] INFO  server.RaftServerConfigKeys (ConfUtils.java:logGet(43)) - raft.server.sleep.deviation.threshold = 300 (default)
2019-09-10 21:20:51,845 [pool-47-thread-1] INFO  server.RaftServerConfigKeys (ConfUtils.java:logGet(43)) - raft.server.storage.dir = [/workdir/hadoop-ozone/integration-test/target/test-dir/MiniOzoneClusterImpl-fdd04c0c-114b-4de3-8536-b28dc82e2d50/datanode-2/data/ratis] (custom)
2019-09-10 21:20:51,845 [pool-67-thread-1] INFO  server.RaftServerConfigKeys (ConfUtils.java:logGet(43)) - raft.server.log.appender.install.snapshot.enabled = false (custom)
2019-09-10 21:20:51,845 [pool-67-thread-1] INFO  impl.RaftServerImpl (ServerState.java:<init>(105)) - bace13dd-0802-4326-803e-0fec46858cd5:group-6D95E5DABCDB ConfigurationManager, init=-1: [d71e7251-7a0d-426c-a65f-b408b127d188:192.168.69.94:33306, bace13dd-0802-4326-803e-0fec46858cd5:192.168.69.94:41991, 00ec61b9-9033-4ccb-bcb3-80e94f49671c:192.168.69.94:37470], old=null, confs=<EMPTY_MAP>
2019-09-10 21:20:51,845 [pool-47-thread-1] INFO  storage.RaftStorageDirectory (RaftStorageDirectory.java:analyzeStorage(246)) - The storage directory /workdir/hadoop-ozone/integration-test/target/test-dir/MiniOzoneClusterImpl-fdd04c0c-114b-4de3-8536-b28dc82e2d50/datanode-2/data/ratis/64c54897-f9d7-4d47-b158-6d95e5dabcdb does not exist. Creating ...
2019-09-10 21:20:51,846 [pool-67-thread-1] INFO  server.RaftServerConfigKeys (ConfUtils.java:logGet(43)) - raft.server.storage.dir = [/workdir/hadoop-ozone/integration-test/target/test-dir/MiniOzoneClusterImpl-fdd04c0c-114b-4de3-8536-b28dc82e2d50/datanode-4/data/ratis] (custom)
2019-09-10 21:20:51,846 [pool-67-thread-1] INFO  storage.RaftStorageDirectory (RaftStorageDirectory.java:analyzeStorage(246)) - The storage directory /workdir/hadoop-ozone/integration-test/target/test-dir/MiniOzoneClusterImpl-fdd04c0c-114b-4de3-8536-b28dc82e2d50/datanode-4/data/ratis/64c54897-f9d7-4d47-b158-6d95e5dabcdb does not exist. Creating ...
2019-09-10 21:20:51,868 [pool-57-thread-1] INFO  storage.RaftStorageDirectory (RaftStorageDirectory.java:tryLock(328)) - Lock on /workdir/hadoop-ozone/integration-test/target/test-dir/MiniOzoneClusterImpl-fdd04c0c-114b-4de3-8536-b28dc82e2d50/datanode-3/data/ratis/64c54897-f9d7-4d47-b158-6d95e5dabcdb/in_use.lock acquired by nodename 17220@pr-hdds-2007-qhgzt-2180668592
2019-09-10 21:20:51,868 [pool-67-thread-1] INFO  storage.RaftStorageDirectory (RaftStorageDirectory.java:tryLock(328)) - Lock on /workdir/hadoop-ozone/integration-test/target/test-dir/MiniOzoneClusterImpl-fdd04c0c-114b-4de3-8536-b28dc82e2d50/datanode-4/data/ratis/64c54897-f9d7-4d47-b158-6d95e5dabcdb/in_use.lock acquired by nodename 17220@pr-hdds-2007-qhgzt-2180668592
2019-09-10 21:20:51,868 [pool-47-thread-1] INFO  storage.RaftStorageDirectory (RaftStorageDirectory.java:tryLock(328)) - Lock on /workdir/hadoop-ozone/integration-test/target/test-dir/MiniOzoneClusterImpl-fdd04c0c-114b-4de3-8536-b28dc82e2d50/datanode-2/data/ratis/64c54897-f9d7-4d47-b158-6d95e5dabcdb/in_use.lock acquired by nodename 17220@pr-hdds-2007-qhgzt-2180668592
2019-09-10 21:20:51,898 [pool-57-thread-1] INFO  storage.RaftStorage (RaftStorage.java:format(72)) - Storage directory /workdir/hadoop-ozone/integration-test/target/test-dir/MiniOzoneClusterImpl-fdd04c0c-114b-4de3-8536-b28dc82e2d50/datanode-3/data/ratis/64c54897-f9d7-4d47-b158-6d95e5dabcdb has been successfully formatted.
2019-09-10 21:20:51,898 [pool-67-thread-1] INFO  storage.RaftStorage (RaftStorage.java:format(72)) - Storage directory /workdir/hadoop-ozone/integration-test/target/test-dir/MiniOzoneClusterImpl-fdd04c0c-114b-4de3-8536-b28dc82e2d50/datanode-4/data/ratis/64c54897-f9d7-4d47-b158-6d95e5dabcdb has been successfully formatted.
2019-09-10 21:20:51,898 [pool-47-thread-1] INFO  storage.RaftStorage (RaftStorage.java:format(72)) - Storage directory /workdir/hadoop-ozone/integration-test/target/test-dir/MiniOzoneClusterImpl-fdd04c0c-114b-4de3-8536-b28dc82e2d50/datanode-2/data/ratis/64c54897-f9d7-4d47-b158-6d95e5dabcdb has been successfully formatted.
2019-09-10 21:20:51,898 [pool-57-thread-1] INFO  ratis.ContainerStateMachine (ContainerStateMachine.java:loadSnapshot(227)) - group-6D95E5DABCDB: The snapshot info is null. Setting the last applied indexto:(t:0, i:~)
2019-09-10 21:20:51,899 [pool-67-thread-1] INFO  ratis.ContainerStateMachine (ContainerStateMachine.java:loadSnapshot(227)) - group-6D95E5DABCDB: The snapshot info is null. Setting the last applied indexto:(t:0, i:~)
2019-09-10 21:20:51,899 [pool-57-thread-1] INFO  server.RaftServerConfigKeys (ConfUtils.java:logGet(43)) - raft.server.leader.election.timeout = 120s (custom)
2019-09-10 21:20:51,899 [pool-47-thread-1] INFO  ratis.ContainerStateMachine (ContainerStateMachine.java:loadSnapshot(227)) - group-6D95E5DABCDB: The snapshot info is null. Setting the last applied indexto:(t:0, i:~)
2019-09-10 21:20:51,899 [pool-57-thread-1] INFO  server.RaftServerConfigKeys (ConfUtils.java:logGet(43)) - raft.server.log.use.memory = false (default)
2019-09-10 21:20:51,899 [pool-67-thread-1] INFO  server.RaftServerConfigKeys (ConfUtils.java:logGet(43)) - raft.server.leader.election.timeout = 120s (custom)
2019-09-10 21:20:51,899 [pool-57-thread-1] INFO  server.RaftServerConfigKeys (ConfUtils.java:logGet(43)) - raft.server.log.purge.gap = 1000000 (custom)
2019-09-10 21:20:51,899 [pool-47-thread-1] INFO  server.RaftServerConfigKeys (ConfUtils.java:logGet(43)) - raft.server.leader.election.timeout = 120s (custom)
2019-09-10 21:20:51,900 [pool-57-thread-1] INFO  server.RaftServerConfigKeys (ConfUtils.java:logGet(43)) - raft.server.log.appender.buffer.byte-limit = 33554432 (custom)
2019-09-10 21:20:51,900 [pool-67-thread-1] INFO  server.RaftServerConfigKeys (ConfUtils.java:logGet(43)) - raft.server.log.use.memory = false (default)
2019-09-10 21:20:51,900 [pool-57-thread-1] INFO  server.RaftServerConfigKeys (ConfUtils.java:logGet(43)) - raft.server.log.segment.size.max = 1048576 (custom)
2019-09-10 21:20:51,900 [pool-47-thread-1] INFO  server.RaftServerConfigKeys (ConfUtils.java:logGet(43)) - raft.server.log.use.memory = false (default)
2019-09-10 21:20:51,900 [pool-57-thread-1] INFO  server.RaftServerConfigKeys (ConfUtils.java:logGet(43)) - raft.server.log.segment.cache.num.max = 2 (custom)
2019-09-10 21:20:51,900 [pool-67-thread-1] INFO  server.RaftServerConfigKeys (ConfUtils.java:logGet(43)) - raft.server.log.purge.gap = 1000000 (custom)
2019-09-10 21:20:51,901 [pool-57-thread-1] INFO  segmented.SegmentedRaftLogWorker (SegmentedRaftLogWorker.java:<init>(172)) - new d71e7251-7a0d-426c-a65f-b408b127d188-SegmentedRaftLogWorker:Storage Directory /workdir/hadoop-ozone/integration-test/target/test-dir/MiniOzoneClusterImpl-fdd04c0c-114b-4de3-8536-b28dc82e2d50/datanode-3/data/ratis/64c54897-f9d7-4d47-b158-6d95e5dabcdb for RaftStorage:Storage Directory /workdir/hadoop-ozone/integration-test/target/test-dir/MiniOzoneClusterImpl-fdd04c0c-114b-4de3-8536-b28dc82e2d50/datanode-3/data/ratis/64c54897-f9d7-4d47-b158-6d95e5dabcdb
2019-09-10 21:20:51,900 [pool-47-thread-1] INFO  server.RaftServerConfigKeys (ConfUtils.java:logGet(43)) - raft.server.log.purge.gap = 1000000 (custom)
2019-09-10 21:20:51,901 [pool-57-thread-1] INFO  server.RaftServerConfigKeys (ConfUtils.java:logGet(43)) - raft.server.log.queue.byte-limit = 2147483647 (custom)
2019-09-10 21:20:51,901 [pool-67-thread-1] INFO  server.RaftServerConfigKeys (ConfUtils.java:logGet(43)) - raft.server.log.appender.buffer.byte-limit = 33554432 (custom)
2019-09-10 21:20:51,904 [pool-57-thread-1] INFO  server.RaftServerConfigKeys (ConfUtils.java:logGet(43)) - raft.server.log.queue.element-limit = 1024 (custom)
2019-09-10 21:20:51,903 [pool-47-thread-1] INFO  server.RaftServerConfigKeys (ConfUtils.java:logGet(43)) - raft.server.log.appender.buffer.byte-limit = 33554432 (custom)
2019-09-10 21:20:51,904 [pool-57-thread-1] INFO  server.RaftServerConfigKeys (ConfUtils.java:logGet(43)) - raft.server.log.segment.size.max = 1048576 (custom)
2019-09-10 21:20:51,904 [pool-57-thread-1] INFO  server.RaftServerConfigKeys (ConfUtils.java:logGet(43)) - raft.server.log.preallocated.size = 16384 (custom)
2019-09-10 21:20:51,904 [pool-67-thread-1] INFO  server.RaftServerConfigKeys (ConfUtils.java:logGet(43)) - raft.server.log.segment.size.max = 1048576 (custom)
2019-09-10 21:20:51,904 [pool-57-thread-1] INFO  server.RaftServerConfigKeys (ConfUtils.java:logGet(43)) - raft.server.log.write.buffer.size = 33554432 (custom)
2019-09-10 21:20:51,904 [pool-47-thread-1] INFO  server.RaftServerConfigKeys (ConfUtils.java:logGet(43)) - raft.server.log.segment.size.max = 1048576 (custom)
2019-09-10 21:20:51,905 [pool-57-thread-1] INFO  server.RaftServerConfigKeys (ConfUtils.java:logGet(43)) - raft.server.log.force.sync.num = 128 (default)
2019-09-10 21:20:51,905 [pool-67-thread-1] INFO  server.RaftServerConfigKeys (ConfUtils.java:logGet(43)) - raft.server.log.segment.cache.num.max = 2 (custom)
2019-09-10 21:20:51,905 [pool-57-thread-1] INFO  server.RaftServerConfigKeys (ConfUtils.java:logGet(43)) - raft.server.log.statemachine.data.sync = true (default)
2019-09-10 21:20:51,905 [pool-47-thread-1] INFO  server.RaftServerConfigKeys (ConfUtils.java:logGet(43)) - raft.server.log.segment.cache.num.max = 2 (custom)
2019-09-10 21:20:51,905 [pool-57-thread-1] INFO  server.RaftServerConfigKeys (ConfUtils.java:logGet(43)) - raft.server.log.statemachine.data.sync.timeout = 10s (default)
2019-09-10 21:20:51,905 [pool-67-thread-1] INFO  segmented.SegmentedRaftLogWorker (SegmentedRaftLogWorker.java:<init>(172)) - new bace13dd-0802-4326-803e-0fec46858cd5-SegmentedRaftLogWorker:Storage Directory /workdir/hadoop-ozone/integration-test/target/test-dir/MiniOzoneClusterImpl-fdd04c0c-114b-4de3-8536-b28dc82e2d50/datanode-4/data/ratis/64c54897-f9d7-4d47-b158-6d95e5dabcdb for RaftStorage:Storage Directory /workdir/hadoop-ozone/integration-test/target/test-dir/MiniOzoneClusterImpl-fdd04c0c-114b-4de3-8536-b28dc82e2d50/datanode-4/data/ratis/64c54897-f9d7-4d47-b158-6d95e5dabcdb
2019-09-10 21:20:51,906 [pool-57-thread-1] INFO  server.RaftServerConfigKeys (ConfUtils.java:logGet(43)) - raft.server.log.statemachine.data.sync.timeout.retry = -1 (default)
2019-09-10 21:20:51,906 [pool-47-thread-1] INFO  segmented.SegmentedRaftLogWorker (SegmentedRaftLogWorker.java:<init>(172)) - new 00ec61b9-9033-4ccb-bcb3-80e94f49671c-SegmentedRaftLogWorker:Storage Directory /workdir/hadoop-ozone/integration-test/target/test-dir/MiniOzoneClusterImpl-fdd04c0c-114b-4de3-8536-b28dc82e2d50/datanode-2/data/ratis/64c54897-f9d7-4d47-b158-6d95e5dabcdb for RaftStorage:Storage Directory /workdir/hadoop-ozone/integration-test/target/test-dir/MiniOzoneClusterImpl-fdd04c0c-114b-4de3-8536-b28dc82e2d50/datanode-2/data/ratis/64c54897-f9d7-4d47-b158-6d95e5dabcdb
2019-09-10 21:20:51,908 [pool-57-thread-1] INFO  server.RaftServerConfigKeys (ConfUtils.java:logGet(43)) - raft.server.log.statemachine.data.caching.enabled = true (custom)
2019-09-10 21:20:51,906 [pool-67-thread-1] INFO  server.RaftServerConfigKeys (ConfUtils.java:logGet(43)) - raft.server.log.queue.byte-limit = 2147483647 (custom)
2019-09-10 21:20:51,908 [pool-47-thread-1] INFO  server.RaftServerConfigKeys (ConfUtils.java:logGet(43)) - raft.server.log.queue.byte-limit = 2147483647 (custom)
2019-09-10 21:20:51,910 [pool-57-thread-1] INFO  segmented.SegmentedRaftLogWorker (SegmentedRaftLogWorker.java:lambda$new$0(132)) - d71e7251-7a0d-426c-a65f-b408b127d188-SegmentedRaftLogWorker:Storage Directory /workdir/hadoop-ozone/integration-test/target/test-dir/MiniOzoneClusterImpl-fdd04c0c-114b-4de3-8536-b28dc82e2d50/datanode-3/data/ratis/64c54897-f9d7-4d47-b158-6d95e5dabcdb: flushIndex: setUnconditionally 0 -> -1
2019-09-10 21:20:51,910 [pool-67-thread-1] INFO  server.RaftServerConfigKeys (ConfUtils.java:logGet(43)) - raft.server.log.queue.element-limit = 1024 (custom)
2019-09-10 21:20:51,910 [pool-47-thread-1] INFO  server.RaftServerConfigKeys (ConfUtils.java:logGet(43)) - raft.server.log.queue.element-limit = 1024 (custom)
2019-09-10 21:20:51,911 [pool-67-thread-1] INFO  server.RaftServerConfigKeys (ConfUtils.java:logGet(43)) - raft.server.log.segment.size.max = 1048576 (custom)
2019-09-10 21:20:51,911 [pool-57-thread-1] INFO  server.RaftServerConfigKeys (ConfUtils.java:logGet(43)) - raft.server.snapshot.auto.trigger.enabled = true (custom)
2019-09-10 21:20:51,911 [pool-67-thread-1] INFO  server.RaftServerConfigKeys (ConfUtils.java:logGet(43)) - raft.server.log.preallocated.size = 16384 (custom)
2019-09-10 21:20:51,911 [pool-47-thread-1] INFO  server.RaftServerConfigKeys (ConfUtils.java:logGet(43)) - raft.server.log.segment.size.max = 1048576 (custom)
2019-09-10 21:20:51,911 [pool-67-thread-1] INFO  server.RaftServerConfigKeys (ConfUtils.java:logGet(43)) - raft.server.log.write.buffer.size = 33554432 (custom)
2019-09-10 21:20:51,911 [pool-57-thread-1] INFO  server.RaftServerConfigKeys (ConfUtils.java:logGet(43)) - raft.server.snapshot.auto.trigger.threshold = 10000 (custom)
2019-09-10 21:20:51,912 [pool-67-thread-1] INFO  server.RaftServerConfigKeys (ConfUtils.java:logGet(43)) - raft.server.log.force.sync.num = 128 (default)
2019-09-10 21:20:51,912 [pool-47-thread-1] INFO  server.RaftServerConfigKeys (ConfUtils.java:logGet(43)) - raft.server.log.preallocated.size = 16384 (custom)
2019-09-10 21:20:51,912 [pool-67-thread-1] INFO  server.RaftServerConfigKeys (ConfUtils.java:logGet(43)) - raft.server.log.statemachine.data.sync = true (default)
2019-09-10 21:20:51,912 [pool-57-thread-1] INFO  server.RaftServerConfigKeys (ConfUtils.java:logGet(43)) - raft.server.retrycache.expirytime = 600000ms (custom)
2019-09-10 21:20:51,912 [pool-67-thread-1] INFO  server.RaftServerConfigKeys (ConfUtils.java:logGet(43)) - raft.server.log.statemachine.data.sync.timeout = 10s (default)
2019-09-10 21:20:51,913 [pool-57-thread-1] INFO  impl.RaftServerImpl (RaftServerImpl.java:start(180)) - d71e7251-7a0d-426c-a65f-b408b127d188: start group-6D95E5DABCDB
2019-09-10 21:20:51,912 [pool-47-thread-1] INFO  server.RaftServerConfigKeys (ConfUtils.java:logGet(43)) - raft.server.log.write.buffer.size = 33554432 (custom)
2019-09-10 21:20:51,913 [pool-57-thread-1] INFO  impl.RaftServerImpl (RaftServerImpl.java:setRole(171)) - d71e7251-7a0d-426c-a65f-b408b127d188:group-6D95E5DABCDB changes role from null to FOLLOWER at term 0 for startAsFollower
2019-09-10 21:20:51,913 [pool-67-thread-1] INFO  server.RaftServerConfigKeys (ConfUtils.java:logGet(43)) - raft.server.log.statemachine.data.sync.timeout.retry = -1 (default)
2019-09-10 21:20:51,913 [pool-57-thread-1] INFO  impl.RoleInfo (RoleInfo.java:updateAndGet(143)) - d71e7251-7a0d-426c-a65f-b408b127d188: start FollowerState
2019-09-10 21:20:51,913 [pool-47-thread-1] INFO  server.RaftServerConfigKeys (ConfUtils.java:logGet(43)) - raft.server.log.force.sync.num = 128 (default)
2019-09-10 21:20:51,913 [pool-67-thread-1] INFO  server.RaftServerConfigKeys (ConfUtils.java:logGet(43)) - raft.server.log.statemachine.data.caching.enabled = true (custom)
2019-09-10 21:20:51,914 [pool-47-thread-1] INFO  server.RaftServerConfigKeys (ConfUtils.java:logGet(43)) - raft.server.log.statemachine.data.sync = true (default)
2019-09-10 21:20:51,914 [pool-57-thread-1] INFO  util.JmxRegister (JmxRegister.java:tryRegister(44)) - Successfully registered JMX Bean with object name Ratis:service=RaftServer,group=group-6D95E5DABCDB,id=d71e7251-7a0d-426c-a65f-b408b127d188
2019-09-10 21:20:51,914 [pool-67-thread-1] INFO  segmented.SegmentedRaftLogWorker (SegmentedRaftLogWorker.java:lambda$new$0(132)) - bace13dd-0802-4326-803e-0fec46858cd5-SegmentedRaftLogWorker:Storage Directory /workdir/hadoop-ozone/integration-test/target/test-dir/MiniOzoneClusterImpl-fdd04c0c-114b-4de3-8536-b28dc82e2d50/datanode-4/data/ratis/64c54897-f9d7-4d47-b158-6d95e5dabcdb: flushIndex: setUnconditionally 0 -> -1
2019-09-10 21:20:51,914 [pool-47-thread-1] INFO  server.RaftServerConfigKeys (ConfUtils.java:logGet(43)) - raft.server.log.statemachine.data.sync.timeout = 10s (default)
2019-09-10 21:20:51,914 [pool-67-thread-1] INFO  server.RaftServerConfigKeys (ConfUtils.java:logGet(43)) - raft.server.snapshot.auto.trigger.enabled = true (custom)
2019-09-10 21:20:51,915 [pool-47-thread-1] INFO  server.RaftServerConfigKeys (ConfUtils.java:logGet(43)) - raft.server.log.statemachine.data.sync.timeout.retry = -1 (default)
2019-09-10 21:20:51,915 [pool-67-thread-1] INFO  server.RaftServerConfigKeys (ConfUtils.java:logGet(43)) - raft.server.snapshot.auto.trigger.threshold = 10000 (custom)
2019-09-10 21:20:51,915 [pool-47-thread-1] INFO  server.RaftServerConfigKeys (ConfUtils.java:logGet(43)) - raft.server.log.statemachine.data.caching.enabled = true (custom)
2019-09-10 21:20:51,915 [pool-67-thread-1] INFO  server.RaftServerConfigKeys (ConfUtils.java:logGet(43)) - raft.server.retrycache.expirytime = 600000ms (custom)
2019-09-10 21:20:51,915 [pool-67-thread-1] INFO  impl.RaftServerImpl (RaftServerImpl.java:start(180)) - bace13dd-0802-4326-803e-0fec46858cd5: start group-6D95E5DABCDB
2019-09-10 21:20:51,915 [pool-47-thread-1] INFO  segmented.SegmentedRaftLogWorker (SegmentedRaftLogWorker.java:lambda$new$0(132)) - 00ec61b9-9033-4ccb-bcb3-80e94f49671c-SegmentedRaftLogWorker:Storage Directory /workdir/hadoop-ozone/integration-test/target/test-dir/MiniOzoneClusterImpl-fdd04c0c-114b-4de3-8536-b28dc82e2d50/datanode-2/data/ratis/64c54897-f9d7-4d47-b158-6d95e5dabcdb: flushIndex: setUnconditionally 0 -> -1
2019-09-10 21:20:51,916 [pool-67-thread-1] INFO  impl.RaftServerImpl (RaftServerImpl.java:setRole(171)) - bace13dd-0802-4326-803e-0fec46858cd5:group-6D95E5DABCDB changes role from null to FOLLOWER at term 0 for startAsFollower
2019-09-10 21:20:51,916 [pool-47-thread-1] INFO  server.RaftServerConfigKeys (ConfUtils.java:logGet(43)) - raft.server.snapshot.auto.trigger.enabled = true (custom)
2019-09-10 21:20:51,916 [pool-67-thread-1] INFO  impl.RoleInfo (RoleInfo.java:updateAndGet(143)) - bace13dd-0802-4326-803e-0fec46858cd5: start FollowerState
2019-09-10 21:20:51,916 [pool-47-thread-1] INFO  server.RaftServerConfigKeys (ConfUtils.java:logGet(43)) - raft.server.snapshot.auto.trigger.threshold = 10000 (custom)
2019-09-10 21:20:51,918 [pool-47-thread-1] INFO  server.RaftServerConfigKeys (ConfUtils.java:logGet(43)) - raft.server.retrycache.expirytime = 600000ms (custom)
2019-09-10 21:20:51,920 [pool-67-thread-1] INFO  util.JmxRegister (JmxRegister.java:tryRegister(44)) - Successfully registered JMX Bean with object name Ratis:service=RaftServer,group=group-6D95E5DABCDB,id=bace13dd-0802-4326-803e-0fec46858cd5
2019-09-10 21:20:51,920 [pool-47-thread-1] INFO  impl.RaftServerImpl (RaftServerImpl.java:start(180)) - 00ec61b9-9033-4ccb-bcb3-80e94f49671c: start group-6D95E5DABCDB
2019-09-10 21:20:51,921 [pool-47-thread-1] INFO  impl.RaftServerImpl (RaftServerImpl.java:setRole(171)) - 00ec61b9-9033-4ccb-bcb3-80e94f49671c:group-6D95E5DABCDB changes role from null to FOLLOWER at term 0 for startAsFollower
2019-09-10 21:20:51,923 [pool-47-thread-1] INFO  impl.RoleInfo (RoleInfo.java:updateAndGet(143)) - 00ec61b9-9033-4ccb-bcb3-80e94f49671c: start FollowerState
2019-09-10 21:20:51,925 [pool-47-thread-1] INFO  util.JmxRegister (JmxRegister.java:tryRegister(44)) - Successfully registered JMX Bean with object name Ratis:service=RaftServer,group=group-6D95E5DABCDB,id=00ec61b9-9033-4ccb-bcb3-80e94f49671c
2019-09-10 21:20:51,938 [RatisPipelineUtilsThread] INFO  pipeline.PipelineStateManager (PipelineStateManager.java:addPipeline(56)) - Created pipeline Pipeline[ Id: 64c54897-f9d7-4d47-b158-6d95e5dabcdb, Nodes: 00ec61b9-9033-4ccb-bcb3-80e94f49671c{ip: 192.168.69.94, host: pr-hdds-2007-qhgzt-2180668592, networkLocation: /default-rack, certSerialId: null}bace13dd-0802-4326-803e-0fec46858cd5{ip: 192.168.69.94, host: pr-hdds-2007-qhgzt-2180668592, networkLocation: /default-rack, certSerialId: null}d71e7251-7a0d-426c-a65f-b408b127d188{ip: 192.168.69.94, host: pr-hdds-2007-qhgzt-2180668592, networkLocation: /default-rack, certSerialId: null}, Type:RATIS, Factor:THREE, State:OPEN]
2019-09-10 21:20:51,967 [grpc-default-executor-2] INFO  impl.RaftServerProxy (RaftServerProxy.java:addNew(89)) - afd7959d-6058-4eae-8525-20abb5601f7f: addNew group-5E0D07F3F349:[afd7959d-6058-4eae-8525-20abb5601f7f:192.168.69.94:33298, 8bacdf4e-3a51-4803-bfd1-91679ace6b3e:192.168.69.94:43481, af92c0b4-0e41-4ee8-9c4d-64ba4f312634:192.168.69.94:37995] returns group-5E0D07F3F349:java.util.concurrent.CompletableFuture@3e6394e3[Not completed]
2019-09-10 21:20:51,967 [grpc-default-executor-0] INFO  impl.RaftServerProxy (RaftServerProxy.java:addNew(89)) - af92c0b4-0e41-4ee8-9c4d-64ba4f312634: addNew group-5E0D07F3F349:[afd7959d-6058-4eae-8525-20abb5601f7f:192.168.69.94:33298, 8bacdf4e-3a51-4803-bfd1-91679ace6b3e:192.168.69.94:43481, af92c0b4-0e41-4ee8-9c4d-64ba4f312634:192.168.69.94:37995] returns group-5E0D07F3F349:java.util.concurrent.CompletableFuture@48240123[Not completed]
2019-09-10 21:20:51,969 [grpc-default-executor-2] INFO  impl.RaftServerProxy (RaftServerProxy.java:addNew(89)) - 8bacdf4e-3a51-4803-bfd1-91679ace6b3e: addNew group-5E0D07F3F349:[afd7959d-6058-4eae-8525-20abb5601f7f:192.168.69.94:33298, 8bacdf4e-3a51-4803-bfd1-91679ace6b3e:192.168.69.94:43481, af92c0b4-0e41-4ee8-9c4d-64ba4f312634:192.168.69.94:37995] returns group-5E0D07F3F349:java.util.concurrent.CompletableFuture@56c6ebb5[Not completed]
2019-09-10 21:20:51,971 [pool-27-thread-1] INFO  impl.RaftServerImpl (RaftServerImpl.java:<init>(93)) - afd7959d-6058-4eae-8525-20abb5601f7f: new RaftServerImpl for group-5E0D07F3F349:[afd7959d-6058-4eae-8525-20abb5601f7f:192.168.69.94:33298, 8bacdf4e-3a51-4803-bfd1-91679ace6b3e:192.168.69.94:43481, af92c0b4-0e41-4ee8-9c4d-64ba4f312634:192.168.69.94:37995] with ContainerStateMachine:uninitialized
2019-09-10 21:20:51,971 [pool-27-thread-1] INFO  server.RaftServerConfigKeys (ConfUtils.java:logGet(43)) - raft.server.rpc.timeout.min = 5s (custom)
2019-09-10 21:20:51,971 [pool-27-thread-1] INFO  server.RaftServerConfigKeys (ConfUtils.java:logGet(43)) - raft.server.rpc.timeout.max = 5200ms (custom)
2019-09-10 21:20:51,972 [pool-27-thread-1] INFO  server.RaftServerConfigKeys (ConfUtils.java:logGet(43)) - raft.server.rpcslowness.timeout = 120s (custom)
2019-09-10 21:20:51,972 [pool-27-thread-1] INFO  server.RaftServerConfigKeys (ConfUtils.java:logGet(43)) - raft.server.sleep.deviation.threshold = 300 (default)
2019-09-10 21:20:51,972 [pool-87-thread-1] INFO  impl.RaftServerImpl (RaftServerImpl.java:<init>(93)) - 8bacdf4e-3a51-4803-bfd1-91679ace6b3e: new RaftServerImpl for group-5E0D07F3F349:[afd7959d-6058-4eae-8525-20abb5601f7f:192.168.69.94:33298, 8bacdf4e-3a51-4803-bfd1-91679ace6b3e:192.168.69.94:43481, af92c0b4-0e41-4ee8-9c4d-64ba4f312634:192.168.69.94:37995] with ContainerStateMachine:uninitialized
2019-09-10 21:20:51,972 [pool-27-thread-1] INFO  server.RaftServerConfigKeys (ConfUtils.java:logGet(43)) - raft.server.log.appender.install.snapshot.enabled = false (custom)
2019-09-10 21:20:51,972 [pool-87-thread-1] INFO  server.RaftServerConfigKeys (ConfUtils.java:logGet(43)) - raft.server.rpc.timeout.min = 5s (custom)
2019-09-10 21:20:51,972 [pool-27-thread-1] INFO  impl.RaftServerImpl (ServerState.java:<init>(105)) - afd7959d-6058-4eae-8525-20abb5601f7f:group-5E0D07F3F349 ConfigurationManager, init=-1: [afd7959d-6058-4eae-8525-20abb5601f7f:192.168.69.94:33298, 8bacdf4e-3a51-4803-bfd1-91679ace6b3e:192.168.69.94:43481, af92c0b4-0e41-4ee8-9c4d-64ba4f312634:192.168.69.94:37995], old=null, confs=<EMPTY_MAP>
2019-09-10 21:20:51,972 [pool-87-thread-1] INFO  server.RaftServerConfigKeys (ConfUtils.java:logGet(43)) - raft.server.rpc.timeout.max = 5200ms (custom)
2019-09-10 21:20:51,973 [pool-87-thread-1] INFO  server.RaftServerConfigKeys (ConfUtils.java:logGet(43)) - raft.server.rpcslowness.timeout = 120s (custom)
2019-09-10 21:20:51,973 [pool-27-thread-1] INFO  server.RaftServerConfigKeys (ConfUtils.java:logGet(43)) - raft.server.storage.dir = [/workdir/hadoop-ozone/integration-test/target/test-dir/MiniOzoneClusterImpl-fdd04c0c-114b-4de3-8536-b28dc82e2d50/datanode-0/data/ratis] (custom)
2019-09-10 21:20:51,973 [pool-77-thread-1] INFO  impl.RaftServerImpl (RaftServerImpl.java:<init>(93)) - af92c0b4-0e41-4ee8-9c4d-64ba4f312634: new RaftServerImpl for group-5E0D07F3F349:[afd7959d-6058-4eae-8525-20abb5601f7f:192.168.69.94:33298, 8bacdf4e-3a51-4803-bfd1-91679ace6b3e:192.168.69.94:43481, af92c0b4-0e41-4ee8-9c4d-64ba4f312634:192.168.69.94:37995] with ContainerStateMachine:uninitialized
2019-09-10 21:20:51,973 [pool-87-thread-1] INFO  server.RaftServerConfigKeys (ConfUtils.java:logGet(43)) - raft.server.sleep.deviation.threshold = 300 (default)
2019-09-10 21:20:51,973 [pool-77-thread-1] INFO  server.RaftServerConfigKeys (ConfUtils.java:logGet(43)) - raft.server.rpc.timeout.min = 5s (custom)
2019-09-10 21:20:51,973 [pool-87-thread-1] INFO  server.RaftServerConfigKeys (ConfUtils.java:logGet(43)) - raft.server.log.appender.install.snapshot.enabled = false (custom)
2019-09-10 21:20:51,973 [pool-27-thread-1] INFO  storage.RaftStorageDirectory (RaftStorageDirectory.java:analyzeStorage(246)) - The storage directory /workdir/hadoop-ozone/integration-test/target/test-dir/MiniOzoneClusterImpl-fdd04c0c-114b-4de3-8536-b28dc82e2d50/datanode-0/data/ratis/5bce46a0-ee2d-41b3-b06f-5e0d07f3f349 does not exist. Creating ...
2019-09-10 21:20:51,973 [pool-77-thread-1] INFO  server.RaftServerConfigKeys (ConfUtils.java:logGet(43)) - raft.server.rpc.timeout.max = 5200ms (custom)
2019-09-10 21:20:51,973 [pool-87-thread-1] INFO  impl.RaftServerImpl (ServerState.java:<init>(105)) - 8bacdf4e-3a51-4803-bfd1-91679ace6b3e:group-5E0D07F3F349 ConfigurationManager, init=-1: [afd7959d-6058-4eae-8525-20abb5601f7f:192.168.69.94:33298, 8bacdf4e-3a51-4803-bfd1-91679ace6b3e:192.168.69.94:43481, af92c0b4-0e41-4ee8-9c4d-64ba4f312634:192.168.69.94:37995], old=null, confs=<EMPTY_MAP>
2019-09-10 21:20:51,974 [pool-77-thread-1] INFO  server.RaftServerConfigKeys (ConfUtils.java:logGet(43)) - raft.server.rpcslowness.timeout = 120s (custom)
2019-09-10 21:20:51,974 [pool-87-thread-1] INFO  server.RaftServerConfigKeys (ConfUtils.java:logGet(43)) - raft.server.storage.dir = [/workdir/hadoop-ozone/integration-test/target/test-dir/MiniOzoneClusterImpl-fdd04c0c-114b-4de3-8536-b28dc82e2d50/datanode-6/data/ratis] (custom)
2019-09-10 21:20:51,974 [pool-77-thread-1] INFO  server.RaftServerConfigKeys (ConfUtils.java:logGet(43)) - raft.server.sleep.deviation.threshold = 300 (default)
2019-09-10 21:20:51,974 [pool-77-thread-1] INFO  server.RaftServerConfigKeys (ConfUtils.java:logGet(43)) - raft.server.log.appender.install.snapshot.enabled = false (custom)
2019-09-10 21:20:51,974 [pool-77-thread-1] INFO  impl.RaftServerImpl (ServerState.java:<init>(105)) - af92c0b4-0e41-4ee8-9c4d-64ba4f312634:group-5E0D07F3F349 ConfigurationManager, init=-1: [afd7959d-6058-4eae-8525-20abb5601f7f:192.168.69.94:33298, 8bacdf4e-3a51-4803-bfd1-91679ace6b3e:192.168.69.94:43481, af92c0b4-0e41-4ee8-9c4d-64ba4f312634:192.168.69.94:37995], old=null, confs=<EMPTY_MAP>
2019-09-10 21:20:51,974 [pool-87-thread-1] INFO  storage.RaftStorageDirectory (RaftStorageDirectory.java:analyzeStorage(246)) - The storage directory /workdir/hadoop-ozone/integration-test/target/test-dir/MiniOzoneClusterImpl-fdd04c0c-114b-4de3-8536-b28dc82e2d50/datanode-6/data/ratis/5bce46a0-ee2d-41b3-b06f-5e0d07f3f349 does not exist. Creating ...
2019-09-10 21:20:51,974 [pool-77-thread-1] INFO  server.RaftServerConfigKeys (ConfUtils.java:logGet(43)) - raft.server.storage.dir = [/workdir/hadoop-ozone/integration-test/target/test-dir/MiniOzoneClusterImpl-fdd04c0c-114b-4de3-8536-b28dc82e2d50/datanode-5/data/ratis] (custom)
2019-09-10 21:20:51,975 [pool-77-thread-1] INFO  storage.RaftStorageDirectory (RaftStorageDirectory.java:analyzeStorage(246)) - The storage directory /workdir/hadoop-ozone/integration-test/target/test-dir/MiniOzoneClusterImpl-fdd04c0c-114b-4de3-8536-b28dc82e2d50/datanode-5/data/ratis/5bce46a0-ee2d-41b3-b06f-5e0d07f3f349 does not exist. Creating ...
2019-09-10 21:20:52,001 [pool-87-thread-1] INFO  storage.RaftStorageDirectory (RaftStorageDirectory.java:tryLock(328)) - Lock on /workdir/hadoop-ozone/integration-test/target/test-dir/MiniOzoneClusterImpl-fdd04c0c-114b-4de3-8536-b28dc82e2d50/datanode-6/data/ratis/5bce46a0-ee2d-41b3-b06f-5e0d07f3f349/in_use.lock acquired by nodename 17220@pr-hdds-2007-qhgzt-2180668592
2019-09-10 21:20:52,001 [pool-27-thread-1] INFO  storage.RaftStorageDirectory (RaftStorageDirectory.java:tryLock(328)) - Lock on /workdir/hadoop-ozone/integration-test/target/test-dir/MiniOzoneClusterImpl-fdd04c0c-114b-4de3-8536-b28dc82e2d50/datanode-0/data/ratis/5bce46a0-ee2d-41b3-b06f-5e0d07f3f349/in_use.lock acquired by nodename 17220@pr-hdds-2007-qhgzt-2180668592
2019-09-10 21:20:52,001 [pool-77-thread-1] INFO  storage.RaftStorageDirectory (RaftStorageDirectory.java:tryLock(328)) - Lock on /workdir/hadoop-ozone/integration-test/target/test-dir/MiniOzoneClusterImpl-fdd04c0c-114b-4de3-8536-b28dc82e2d50/datanode-5/data/ratis/5bce46a0-ee2d-41b3-b06f-5e0d07f3f349/in_use.lock acquired by nodename 17220@pr-hdds-2007-qhgzt-2180668592
2019-09-10 21:20:52,025 [pool-87-thread-1] INFO  storage.RaftStorage (RaftStorage.java:format(72)) - Storage directory /workdir/hadoop-ozone/integration-test/target/test-dir/MiniOzoneClusterImpl-fdd04c0c-114b-4de3-8536-b28dc82e2d50/datanode-6/data/ratis/5bce46a0-ee2d-41b3-b06f-5e0d07f3f349 has been successfully formatted.
2019-09-10 21:20:52,025 [pool-27-thread-1] INFO  storage.RaftStorage (RaftStorage.java:format(72)) - Storage directory /workdir/hadoop-ozone/integration-test/target/test-dir/MiniOzoneClusterImpl-fdd04c0c-114b-4de3-8536-b28dc82e2d50/datanode-0/data/ratis/5bce46a0-ee2d-41b3-b06f-5e0d07f3f349 has been successfully formatted.
2019-09-10 21:20:52,025 [pool-77-thread-1] INFO  storage.RaftStorage (RaftStorage.java:format(72)) - Storage directory /workdir/hadoop-ozone/integration-test/target/test-dir/MiniOzoneClusterImpl-fdd04c0c-114b-4de3-8536-b28dc82e2d50/datanode-5/data/ratis/5bce46a0-ee2d-41b3-b06f-5e0d07f3f349 has been successfully formatted.
2019-09-10 21:20:52,025 [pool-87-thread-1] INFO  ratis.ContainerStateMachine (ContainerStateMachine.java:loadSnapshot(227)) - group-5E0D07F3F349: The snapshot info is null. Setting the last applied indexto:(t:0, i:~)
2019-09-10 21:20:52,025 [pool-27-thread-1] INFO  ratis.ContainerStateMachine (ContainerStateMachine.java:loadSnapshot(227)) - group-5E0D07F3F349: The snapshot info is null. Setting the last applied indexto:(t:0, i:~)
2019-09-10 21:20:52,026 [pool-77-thread-1] INFO  ratis.ContainerStateMachine (ContainerStateMachine.java:loadSnapshot(227)) - group-5E0D07F3F349: The snapshot info is null. Setting the last applied indexto:(t:0, i:~)
2019-09-10 21:20:52,026 [pool-87-thread-1] INFO  server.RaftServerConfigKeys (ConfUtils.java:logGet(43)) - raft.server.leader.election.timeout = 120s (custom)
2019-09-10 21:20:52,026 [pool-77-thread-1] INFO  server.RaftServerConfigKeys (ConfUtils.java:logGet(43)) - raft.server.leader.election.timeout = 120s (custom)
2019-09-10 21:20:52,026 [pool-27-thread-1] INFO  server.RaftServerConfigKeys (ConfUtils.java:logGet(43)) - raft.server.leader.election.timeout = 120s (custom)
2019-09-10 21:20:52,026 [pool-77-thread-1] INFO  server.RaftServerConfigKeys (ConfUtils.java:logGet(43)) - raft.server.log.use.memory = false (default)
2019-09-10 21:20:52,026 [pool-87-thread-1] INFO  server.RaftServerConfigKeys (ConfUtils.java:logGet(43)) - raft.server.log.use.memory = false (default)
2019-09-10 21:20:52,027 [pool-77-thread-1] INFO  server.RaftServerConfigKeys (ConfUtils.java:logGet(43)) - raft.server.log.purge.gap = 1000000 (custom)
2019-09-10 21:20:52,026 [pool-27-thread-1] INFO  server.RaftServerConfigKeys (ConfUtils.java:logGet(43)) - raft.server.log.use.memory = false (default)
2019-09-10 21:20:52,027 [pool-77-thread-1] INFO  server.RaftServerConfigKeys (ConfUtils.java:logGet(43)) - raft.server.log.appender.buffer.byte-limit = 33554432 (custom)
2019-09-10 21:20:52,027 [pool-87-thread-1] INFO  server.RaftServerConfigKeys (ConfUtils.java:logGet(43)) - raft.server.log.purge.gap = 1000000 (custom)
2019-09-10 21:20:52,027 [pool-77-thread-1] INFO  server.RaftServerConfigKeys (ConfUtils.java:logGet(43)) - raft.server.log.segment.size.max = 1048576 (custom)
2019-09-10 21:20:52,027 [pool-27-thread-1] INFO  server.RaftServerConfigKeys (ConfUtils.java:logGet(43)) - raft.server.log.purge.gap = 1000000 (custom)
2019-09-10 21:20:52,028 [pool-77-thread-1] INFO  server.RaftServerConfigKeys (ConfUtils.java:logGet(43)) - raft.server.log.segment.cache.num.max = 2 (custom)
2019-09-10 21:20:52,027 [pool-87-thread-1] INFO  server.RaftServerConfigKeys (ConfUtils.java:logGet(43)) - raft.server.log.appender.buffer.byte-limit = 33554432 (custom)
2019-09-10 21:20:52,028 [pool-77-thread-1] INFO  segmented.SegmentedRaftLogWorker (SegmentedRaftLogWorker.java:<init>(172)) - new af92c0b4-0e41-4ee8-9c4d-64ba4f312634-SegmentedRaftLogWorker:Storage Directory /workdir/hadoop-ozone/integration-test/target/test-dir/MiniOzoneClusterImpl-fdd04c0c-114b-4de3-8536-b28dc82e2d50/datanode-5/data/ratis/5bce46a0-ee2d-41b3-b06f-5e0d07f3f349 for RaftStorage:Storage Directory /workdir/hadoop-ozone/integration-test/target/test-dir/MiniOzoneClusterImpl-fdd04c0c-114b-4de3-8536-b28dc82e2d50/datanode-5/data/ratis/5bce46a0-ee2d-41b3-b06f-5e0d07f3f349
2019-09-10 21:20:52,028 [pool-27-thread-1] INFO  server.RaftServerConfigKeys (ConfUtils.java:logGet(43)) - raft.server.log.appender.buffer.byte-limit = 33554432 (custom)
2019-09-10 21:20:52,028 [pool-77-thread-1] INFO  server.RaftServerConfigKeys (ConfUtils.java:logGet(43)) - raft.server.log.queue.byte-limit = 2147483647 (custom)
2019-09-10 21:20:52,028 [pool-87-thread-1] INFO  server.RaftServerConfigKeys (ConfUtils.java:logGet(43)) - raft.server.log.segment.size.max = 1048576 (custom)
2019-09-10 21:20:52,034 [pool-77-thread-1] INFO  server.RaftServerConfigKeys (ConfUtils.java:logGet(43)) - raft.server.log.queue.element-limit = 1024 (custom)
2019-09-10 21:20:52,034 [pool-27-thread-1] INFO  server.RaftServerConfigKeys (ConfUtils.java:logGet(43)) - raft.server.log.segment.size.max = 1048576 (custom)
2019-09-10 21:20:52,034 [pool-77-thread-1] INFO  server.RaftServerConfigKeys (ConfUtils.java:logGet(43)) - raft.server.log.segment.size.max = 1048576 (custom)
2019-09-10 21:20:52,034 [pool-87-thread-1] INFO  server.RaftServerConfigKeys (ConfUtils.java:logGet(43)) - raft.server.log.segment.cache.num.max = 2 (custom)
2019-09-10 21:20:52,034 [pool-77-thread-1] INFO  server.RaftServerConfigKeys (ConfUtils.java:logGet(43)) - raft.server.log.preallocated.size = 16384 (custom)
2019-09-10 21:20:52,034 [pool-27-thread-1] INFO  server.RaftServerConfigKeys (ConfUtils.java:logGet(43)) - raft.server.log.segment.cache.num.max = 2 (custom)
2019-09-10 21:20:52,037 [pool-77-thread-1] INFO  server.RaftServerConfigKeys (ConfUtils.java:logGet(43)) - raft.server.log.write.buffer.size = 33554432 (custom)
2019-09-10 21:20:52,037 [pool-77-thread-1] INFO  server.RaftServerConfigKeys (ConfUtils.java:logGet(43)) - raft.server.log.force.sync.num = 128 (default)
2019-09-10 21:20:52,036 [pool-87-thread-1] INFO  segmented.SegmentedRaftLogWorker (SegmentedRaftLogWorker.java:<init>(172)) - new 8bacdf4e-3a51-4803-bfd1-91679ace6b3e-SegmentedRaftLogWorker:Storage Directory /workdir/hadoop-ozone/integration-test/target/test-dir/MiniOzoneClusterImpl-fdd04c0c-114b-4de3-8536-b28dc82e2d50/datanode-6/data/ratis/5bce46a0-ee2d-41b3-b06f-5e0d07f3f349 for RaftStorage:Storage Directory /workdir/hadoop-ozone/integration-test/target/test-dir/MiniOzoneClusterImpl-fdd04c0c-114b-4de3-8536-b28dc82e2d50/datanode-6/data/ratis/5bce46a0-ee2d-41b3-b06f-5e0d07f3f349
2019-09-10 21:20:52,037 [pool-77-thread-1] INFO  server.RaftServerConfigKeys (ConfUtils.java:logGet(43)) - raft.server.log.statemachine.data.sync = true (default)
2019-09-10 21:20:52,037 [pool-27-thread-1] INFO  segmented.SegmentedRaftLogWorker (SegmentedRaftLogWorker.java:<init>(172)) - new afd7959d-6058-4eae-8525-20abb5601f7f-SegmentedRaftLogWorker:Storage Directory /workdir/hadoop-ozone/integration-test/target/test-dir/MiniOzoneClusterImpl-fdd04c0c-114b-4de3-8536-b28dc82e2d50/datanode-0/data/ratis/5bce46a0-ee2d-41b3-b06f-5e0d07f3f349 for RaftStorage:Storage Directory /workdir/hadoop-ozone/integration-test/target/test-dir/MiniOzoneClusterImpl-fdd04c0c-114b-4de3-8536-b28dc82e2d50/datanode-0/data/ratis/5bce46a0-ee2d-41b3-b06f-5e0d07f3f349
2019-09-10 21:20:52,038 [pool-77-thread-1] INFO  server.RaftServerConfigKeys (ConfUtils.java:logGet(43)) - raft.server.log.statemachine.data.sync.timeout = 10s (default)
2019-09-10 21:20:52,037 [pool-87-thread-1] INFO  server.RaftServerConfigKeys (ConfUtils.java:logGet(43)) - raft.server.log.queue.byte-limit = 2147483647 (custom)
2019-09-10 21:20:52,040 [pool-77-thread-1] INFO  server.RaftServerConfigKeys (ConfUtils.java:logGet(43)) - raft.server.log.statemachine.data.sync.timeout.retry = -1 (default)
2019-09-10 21:20:52,040 [pool-27-thread-1] INFO  server.RaftServerConfigKeys (ConfUtils.java:logGet(43)) - raft.server.log.queue.byte-limit = 2147483647 (custom)
2019-09-10 21:20:52,042 [pool-77-thread-1] INFO  server.RaftServerConfigKeys (ConfUtils.java:logGet(43)) - raft.server.log.statemachine.data.caching.enabled = true (custom)
2019-09-10 21:20:52,041 [pool-87-thread-1] INFO  server.RaftServerConfigKeys (ConfUtils.java:logGet(43)) - raft.server.log.queue.element-limit = 1024 (custom)
2019-09-10 21:20:52,042 [pool-27-thread-1] INFO  server.RaftServerConfigKeys (ConfUtils.java:logGet(43)) - raft.server.log.queue.element-limit = 1024 (custom)
2019-09-10 21:20:52,042 [pool-77-thread-1] INFO  segmented.SegmentedRaftLogWorker (SegmentedRaftLogWorker.java:lambda$new$0(132)) - af92c0b4-0e41-4ee8-9c4d-64ba4f312634-SegmentedRaftLogWorker:Storage Directory /workdir/hadoop-ozone/integration-test/target/test-dir/MiniOzoneClusterImpl-fdd04c0c-114b-4de3-8536-b28dc82e2d50/datanode-5/data/ratis/5bce46a0-ee2d-41b3-b06f-5e0d07f3f349: flushIndex: setUnconditionally 0 -> -1
2019-09-10 21:20:52,042 [pool-87-thread-1] INFO  server.RaftServerConfigKeys (ConfUtils.java:logGet(43)) - raft.server.log.segment.size.max = 1048576 (custom)
2019-09-10 21:20:52,042 [pool-27-thread-1] INFO  server.RaftServerConfigKeys (ConfUtils.java:logGet(43)) - raft.server.log.segment.size.max = 1048576 (custom)
2019-09-10 21:20:52,043 [pool-77-thread-1] INFO  server.RaftServerConfigKeys (ConfUtils.java:logGet(43)) - raft.server.snapshot.auto.trigger.enabled = true (custom)
2019-09-10 21:20:52,043 [pool-87-thread-1] INFO  server.RaftServerConfigKeys (ConfUtils.java:logGet(43)) - raft.server.log.preallocated.size = 16384 (custom)
2019-09-10 21:20:52,043 [pool-77-thread-1] INFO  server.RaftServerConfigKeys (ConfUtils.java:logGet(43)) - raft.server.snapshot.auto.trigger.threshold = 10000 (custom)
2019-09-10 21:20:52,043 [pool-27-thread-1] INFO  server.RaftServerConfigKeys (ConfUtils.java:logGet(43)) - raft.server.log.preallocated.size = 16384 (custom)
2019-09-10 21:20:52,043 [pool-77-thread-1] INFO  server.RaftServerConfigKeys (ConfUtils.java:logGet(43)) - raft.server.retrycache.expirytime = 600000ms (custom)
2019-09-10 21:20:52,043 [pool-87-thread-1] INFO  server.RaftServerConfigKeys (ConfUtils.java:logGet(43)) - raft.server.log.write.buffer.size = 33554432 (custom)
2019-09-10 21:20:52,043 [pool-77-thread-1] INFO  impl.RaftServerImpl (RaftServerImpl.java:start(180)) - af92c0b4-0e41-4ee8-9c4d-64ba4f312634: start group-5E0D07F3F349
2019-09-10 21:20:52,044 [pool-77-thread-1] INFO  impl.RaftServerImpl (RaftServerImpl.java:setRole(171)) - af92c0b4-0e41-4ee8-9c4d-64ba4f312634:group-5E0D07F3F349 changes role from null to FOLLOWER at term 0 for startAsFollower
2019-09-10 21:20:52,043 [pool-27-thread-1] INFO  server.RaftServerConfigKeys (ConfUtils.java:logGet(43)) - raft.server.log.write.buffer.size = 33554432 (custom)
2019-09-10 21:20:52,044 [pool-77-thread-1] INFO  impl.RoleInfo (RoleInfo.java:updateAndGet(143)) - af92c0b4-0e41-4ee8-9c4d-64ba4f312634: start FollowerState
2019-09-10 21:20:52,044 [pool-87-thread-1] INFO  server.RaftServerConfigKeys (ConfUtils.java:logGet(43)) - raft.server.log.force.sync.num = 128 (default)
2019-09-10 21:20:52,044 [pool-27-thread-1] INFO  server.RaftServerConfigKeys (ConfUtils.java:logGet(43)) - raft.server.log.force.sync.num = 128 (default)
2019-09-10 21:20:52,044 [pool-87-thread-1] INFO  server.RaftServerConfigKeys (ConfUtils.java:logGet(43)) - raft.server.log.statemachine.data.sync = true (default)
2019-09-10 21:20:52,044 [pool-77-thread-1] INFO  util.JmxRegister (JmxRegister.java:tryRegister(44)) - Successfully registered JMX Bean with object name Ratis:service=RaftServer,group=group-5E0D07F3F349,id=af92c0b4-0e41-4ee8-9c4d-64ba4f312634
2019-09-10 21:20:52,044 [pool-27-thread-1] INFO  server.RaftServerConfigKeys (ConfUtils.java:logGet(43)) - raft.server.log.statemachine.data.sync = true (default)
2019-09-10 21:20:52,045 [pool-87-thread-1] INFO  server.RaftServerConfigKeys (ConfUtils.java:logGet(43)) - raft.server.log.statemachine.data.sync.timeout = 10s (default)
2019-09-10 21:20:52,045 [pool-27-thread-1] INFO  server.RaftServerConfigKeys (ConfUtils.java:logGet(43)) - raft.server.log.statemachine.data.sync.timeout = 10s (default)
2019-09-10 21:20:52,045 [pool-87-thread-1] INFO  server.RaftServerConfigKeys (ConfUtils.java:logGet(43)) - raft.server.log.statemachine.data.sync.timeout.retry = -1 (default)
2019-09-10 21:20:52,045 [pool-27-thread-1] INFO  server.RaftServerConfigKeys (ConfUtils.java:logGet(43)) - raft.server.log.statemachine.data.sync.timeout.retry = -1 (default)
2019-09-10 21:20:52,045 [pool-87-thread-1] INFO  server.RaftServerConfigKeys (ConfUtils.java:logGet(43)) - raft.server.log.statemachine.data.caching.enabled = true (custom)
2019-09-10 21:20:52,046 [pool-27-thread-1] INFO  server.RaftServerConfigKeys (ConfUtils.java:logGet(43)) - raft.server.log.statemachine.data.caching.enabled = true (custom)
2019-09-10 21:20:52,046 [pool-87-thread-1] INFO  segmented.SegmentedRaftLogWorker (SegmentedRaftLogWorker.java:lambda$new$0(132)) - 8bacdf4e-3a51-4803-bfd1-91679ace6b3e-SegmentedRaftLogWorker:Storage Directory /workdir/hadoop-ozone/integration-test/target/test-dir/MiniOzoneClusterImpl-fdd04c0c-114b-4de3-8536-b28dc82e2d50/datanode-6/data/ratis/5bce46a0-ee2d-41b3-b06f-5e0d07f3f349: flushIndex: setUnconditionally 0 -> -1
2019-09-10 21:20:52,046 [pool-27-thread-1] INFO  segmented.SegmentedRaftLogWorker (SegmentedRaftLogWorker.java:lambda$new$0(132)) - afd7959d-6058-4eae-8525-20abb5601f7f-SegmentedRaftLogWorker:Storage Directory /workdir/hadoop-ozone/integration-test/target/test-dir/MiniOzoneClusterImpl-fdd04c0c-114b-4de3-8536-b28dc82e2d50/datanode-0/data/ratis/5bce46a0-ee2d-41b3-b06f-5e0d07f3f349: flushIndex: setUnconditionally 0 -> -1
2019-09-10 21:20:52,046 [pool-87-thread-1] INFO  server.RaftServerConfigKeys (ConfUtils.java:logGet(43)) - raft.server.snapshot.auto.trigger.enabled = true (custom)
2019-09-10 21:20:52,046 [pool-87-thread-1] INFO  server.RaftServerConfigKeys (ConfUtils.java:logGet(43)) - raft.server.snapshot.auto.trigger.threshold = 10000 (custom)
2019-09-10 21:20:52,047 [pool-27-thread-1] INFO  server.RaftServerConfigKeys (ConfUtils.java:logGet(43)) - raft.server.snapshot.auto.trigger.enabled = true (custom)
2019-09-10 21:20:52,047 [pool-87-thread-1] INFO  server.RaftServerConfigKeys (ConfUtils.java:logGet(43)) - raft.server.retrycache.expirytime = 600000ms (custom)
2019-09-10 21:20:52,047 [pool-27-thread-1] INFO  server.RaftServerConfigKeys (ConfUtils.java:logGet(43)) - raft.server.snapshot.auto.trigger.threshold = 10000 (custom)
2019-09-10 21:20:52,047 [pool-87-thread-1] INFO  impl.RaftServerImpl (RaftServerImpl.java:start(180)) - 8bacdf4e-3a51-4803-bfd1-91679ace6b3e: start group-5E0D07F3F349
2019-09-10 21:20:52,047 [pool-87-thread-1] INFO  impl.RaftServerImpl (RaftServerImpl.java:setRole(171)) - 8bacdf4e-3a51-4803-bfd1-91679ace6b3e:group-5E0D07F3F349 changes role from null to FOLLOWER at term 0 for startAsFollower
2019-09-10 21:20:52,047 [pool-27-thread-1] INFO  server.RaftServerConfigKeys (ConfUtils.java:logGet(43)) - raft.server.retrycache.expirytime = 600000ms (custom)
2019-09-10 21:20:52,049 [pool-87-thread-1] INFO  impl.RoleInfo (RoleInfo.java:updateAndGet(143)) - 8bacdf4e-3a51-4803-bfd1-91679ace6b3e: start FollowerState
2019-09-10 21:20:52,050 [pool-27-thread-1] INFO  impl.RaftServerImpl (RaftServerImpl.java:start(180)) - afd7959d-6058-4eae-8525-20abb5601f7f: start group-5E0D07F3F349
2019-09-10 21:20:52,050 [pool-27-thread-1] INFO  impl.RaftServerImpl (RaftServerImpl.java:setRole(171)) - afd7959d-6058-4eae-8525-20abb5601f7f:group-5E0D07F3F349 changes role from null to FOLLOWER at term 0 for startAsFollower
2019-09-10 21:20:52,050 [pool-87-thread-1] INFO  util.JmxRegister (JmxRegister.java:tryRegister(44)) - Successfully registered JMX Bean with object name Ratis:service=RaftServer,group=group-5E0D07F3F349,id=8bacdf4e-3a51-4803-bfd1-91679ace6b3e
2019-09-10 21:20:52,050 [pool-27-thread-1] INFO  impl.RoleInfo (RoleInfo.java:updateAndGet(143)) - afd7959d-6058-4eae-8525-20abb5601f7f: start FollowerState
2019-09-10 21:20:52,052 [pool-27-thread-1] INFO  util.JmxRegister (JmxRegister.java:tryRegister(44)) - Successfully registered JMX Bean with object name Ratis:service=RaftServer,group=group-5E0D07F3F349,id=afd7959d-6058-4eae-8525-20abb5601f7f
2019-09-10 21:20:52,068 [RatisPipelineUtilsThread] INFO  pipeline.PipelineStateManager (PipelineStateManager.java:addPipeline(56)) - Created pipeline Pipeline[ Id: 5bce46a0-ee2d-41b3-b06f-5e0d07f3f349, Nodes: 8bacdf4e-3a51-4803-bfd1-91679ace6b3e{ip: 192.168.69.94, host: pr-hdds-2007-qhgzt-2180668592, networkLocation: /default-rack, certSerialId: null}afd7959d-6058-4eae-8525-20abb5601f7f{ip: 192.168.69.94, host: pr-hdds-2007-qhgzt-2180668592, networkLocation: /default-rack, certSerialId: null}af92c0b4-0e41-4ee8-9c4d-64ba4f312634{ip: 192.168.69.94, host: pr-hdds-2007-qhgzt-2180668592, networkLocation: /default-rack, certSerialId: null}, Type:RATIS, Factor:THREE, State:OPEN]
2019-09-10 21:20:52,873 [grpc-default-executor-0] INFO  client.GrpcClientProtocolClient (GrpcClientProtocolClient.java:onNext(255)) - client-09F8E2A6F3B0->00ec61b9-9033-4ccb-bcb3-80e94f49671c: receive RaftClientReply:client-09F8E2A6F3B0->00ec61b9-9033-4ccb-bcb3-80e94f49671c@group-6D95E5DABCDB, cid=13, FAILED org.apache.ratis.protocol.NotLeaderException: Server 00ec61b9-9033-4ccb-bcb3-80e94f49671c is not the leader (null). Request must be sent to leader., logIndex=0, commits[00ec61b9-9033-4ccb-bcb3-80e94f49671c:c-1]
2019-09-10 21:20:53,082 [Thread-238] INFO  container.ReplicationManager (ReplicationManager.java:start(162)) - Starting Replication Monitor Thread.
2019-09-10 21:20:53,089 [ReplicationMonitor] INFO  container.ReplicationManager (ReplicationManager.java:run(225)) - Replication Monitor Thread took 4 milliseconds for processing 1 containers.
2019-09-10 21:20:53,914 [grpc-default-executor-2] INFO  client.GrpcClientProtocolClient (GrpcClientProtocolClient.java:onNext(255)) - client-09F8E2A6F3B0->d71e7251-7a0d-426c-a65f-b408b127d188: receive RaftClientReply:client-09F8E2A6F3B0->d71e7251-7a0d-426c-a65f-b408b127d188@group-6D95E5DABCDB, cid=13, FAILED org.apache.ratis.protocol.NotLeaderException: Server d71e7251-7a0d-426c-a65f-b408b127d188 is not the leader (null). Request must be sent to leader., logIndex=0, commits[d71e7251-7a0d-426c-a65f-b408b127d188:c-1]
2019-09-10 21:20:54,942 [grpc-default-executor-0] INFO  client.GrpcClientProtocolClient (GrpcClientProtocolClient.java:onNext(255)) - client-09F8E2A6F3B0->bace13dd-0802-4326-803e-0fec46858cd5: receive RaftClientReply:client-09F8E2A6F3B0->bace13dd-0802-4326-803e-0fec46858cd5@group-6D95E5DABCDB, cid=13, FAILED org.apache.ratis.protocol.NotLeaderException: Server bace13dd-0802-4326-803e-0fec46858cd5 is not the leader (null). Request must be sent to leader., logIndex=0, commits[bace13dd-0802-4326-803e-0fec46858cd5:c-1]
2019-09-10 21:20:55,965 [grpc-default-executor-2] INFO  client.GrpcClientProtocolClient (GrpcClientProtocolClient.java:onNext(255)) - client-09F8E2A6F3B0->00ec61b9-9033-4ccb-bcb3-80e94f49671c: receive RaftClientReply:client-09F8E2A6F3B0->00ec61b9-9033-4ccb-bcb3-80e94f49671c@group-6D95E5DABCDB, cid=13, FAILED org.apache.ratis.protocol.NotLeaderException: Server 00ec61b9-9033-4ccb-bcb3-80e94f49671c is not the leader (null). Request must be sent to leader., logIndex=0, commits[00ec61b9-9033-4ccb-bcb3-80e94f49671c:c-1]
2019-09-10 21:20:56,095 [Thread-241] INFO  impl.FollowerState (FollowerState.java:run(106)) - afd7959d-6058-4eae-8525-20abb5601f7f:group-FEC34C66D88C changes to CANDIDATE, lastRpcTime:5172, electionTimeout:5171ms
2019-09-10 21:20:56,098 [Thread-241] INFO  impl.RoleInfo (RoleInfo.java:shutdownFollowerState(121)) - afd7959d-6058-4eae-8525-20abb5601f7f: shutdown FollowerState
2019-09-10 21:20:56,098 [Thread-241] INFO  impl.RaftServerImpl (RaftServerImpl.java:setRole(171)) - afd7959d-6058-4eae-8525-20abb5601f7f:group-FEC34C66D88C changes role from FOLLOWER to CANDIDATE at term 0 for changeToCandidate
2019-09-10 21:20:56,105 [Thread-241] INFO  impl.RoleInfo (RoleInfo.java:updateAndGet(143)) - afd7959d-6058-4eae-8525-20abb5601f7f: start LeaderElection
2019-09-10 21:20:56,133 [afd7959d-6058-4eae-8525-20abb5601f7f:group-FEC34C66D88C:LeaderElection1] INFO  impl.LeaderElection (LeaderElection.java:askForVotes(181)) - afd7959d-6058-4eae-8525-20abb5601f7f:group-FEC34C66D88C:LeaderElection1: begin an election at term 1 for -1: [afd7959d-6058-4eae-8525-20abb5601f7f:192.168.69.94:33298], old=null
2019-09-10 21:20:56,136 [afd7959d-6058-4eae-8525-20abb5601f7f:group-FEC34C66D88C:LeaderElection1] INFO  impl.RoleInfo (RoleInfo.java:shutdownLeaderElection(134)) - afd7959d-6058-4eae-8525-20abb5601f7f: shutdown LeaderElection
2019-09-10 21:20:56,137 [afd7959d-6058-4eae-8525-20abb5601f7f:group-FEC34C66D88C:LeaderElection1] INFO  impl.RaftServerImpl (RaftServerImpl.java:setRole(171)) - afd7959d-6058-4eae-8525-20abb5601f7f:group-FEC34C66D88C changes role from CANDIDATE to LEADER at term 1 for changeToLeader
2019-09-10 21:20:56,137 [afd7959d-6058-4eae-8525-20abb5601f7f:group-FEC34C66D88C:LeaderElection1] INFO  impl.RaftServerImpl (ServerState.java:setLeader(263)) - afd7959d-6058-4eae-8525-20abb5601f7f:group-FEC34C66D88C change Leader from null to afd7959d-6058-4eae-8525-20abb5601f7f at term 1 for becomeLeader, leader elected after 5339ms
2019-09-10 21:20:56,145 [afd7959d-6058-4eae-8525-20abb5601f7f:group-FEC34C66D88C:LeaderElection1] INFO  server.RaftServerConfigKeys (ConfUtils.java:logGet(43)) - raft.server.staging.catchup.gap = 1000 (default)
2019-09-10 21:20:56,145 [afd7959d-6058-4eae-8525-20abb5601f7f:group-FEC34C66D88C:LeaderElection1] INFO  server.RaftServerConfigKeys (ConfUtils.java:logGet(43)) - raft.server.rpc.sleep.time = 25ms (default)
2019-09-10 21:20:56,148 [afd7959d-6058-4eae-8525-20abb5601f7f:group-FEC34C66D88C:LeaderElection1] INFO  server.RaftServerConfigKeys (ConfUtils.java:logGet(43)) - raft.server.write.element-limit = 4096 (default)
2019-09-10 21:20:56,151 [afd7959d-6058-4eae-8525-20abb5601f7f:group-FEC34C66D88C:LeaderElection1] INFO  server.RaftServerConfigKeys (ConfUtils.java:logGet(43)) - raft.server.watch.timeout = 10s (default)
2019-09-10 21:20:56,151 [afd7959d-6058-4eae-8525-20abb5601f7f:group-FEC34C66D88C:LeaderElection1] INFO  server.RaftServerConfigKeys (ConfUtils.java:logGet(43)) - raft.server.watch.timeout.denomination = 1s (default)
2019-09-10 21:20:56,152 [afd7959d-6058-4eae-8525-20abb5601f7f:group-FEC34C66D88C:LeaderElection1] INFO  server.RaftServerConfigKeys (ConfUtils.java:logGet(43)) - raft.server.watch.element-limit = 65536 (default)
2019-09-10 21:20:56,160 [afd7959d-6058-4eae-8525-20abb5601f7f:group-FEC34C66D88C:LeaderElection1] INFO  impl.RoleInfo (RoleInfo.java:updateAndGet(143)) - afd7959d-6058-4eae-8525-20abb5601f7f: start LeaderState
2019-09-10 21:20:56,182 [afd7959d-6058-4eae-8525-20abb5601f7f:group-FEC34C66D88C:LeaderElection1] INFO  segmented.SegmentedRaftLogWorker (SegmentedRaftLogWorker.java:startLogSegment(380)) - afd7959d-6058-4eae-8525-20abb5601f7f-SegmentedRaftLogWorker:Storage Directory /workdir/hadoop-ozone/integration-test/target/test-dir/MiniOzoneClusterImpl-fdd04c0c-114b-4de3-8536-b28dc82e2d50/datanode-0/data/ratis/4bdcfa90-c678-4963-8312-fec34c66d88c: Starting segment from index:0
2019-09-10 21:20:56,191 [afd7959d-6058-4eae-8525-20abb5601f7f:group-FEC34C66D88C:LeaderElection1] INFO  impl.RaftServerImpl (ServerState.java:setRaftConf(361)) - afd7959d-6058-4eae-8525-20abb5601f7f:group-FEC34C66D88C set configuration 0: [afd7959d-6058-4eae-8525-20abb5601f7f:192.168.69.94:33298], old=null at 0
2019-09-10 21:20:56,391 [afd7959d-6058-4eae-8525-20abb5601f7f-SegmentedRaftLogWorker:Storage Directory /workdir/hadoop-ozone/integration-test/target/test-dir/MiniOzoneClusterImpl-fdd04c0c-114b-4de3-8536-b28dc82e2d50/datanode-0/data/ratis/4bdcfa90-c678-4963-8312-fec34c66d88c] INFO  segmented.SegmentedRaftLogWorker (SegmentedRaftLogWorker.java:execute(569)) - afd7959d-6058-4eae-8525-20abb5601f7f-SegmentedRaftLogWorker:Storage Directory /workdir/hadoop-ozone/integration-test/target/test-dir/MiniOzoneClusterImpl-fdd04c0c-114b-4de3-8536-b28dc82e2d50/datanode-0/data/ratis/4bdcfa90-c678-4963-8312-fec34c66d88c: created new log segment /workdir/hadoop-ozone/integration-test/target/test-dir/MiniOzoneClusterImpl-fdd04c0c-114b-4de3-8536-b28dc82e2d50/datanode-0/data/ratis/4bdcfa90-c678-4963-8312-fec34c66d88c/current/log_inprogress_0
2019-09-10 21:20:56,411 [Thread-245] INFO  impl.FollowerState (FollowerState.java:run(106)) - 00ec61b9-9033-4ccb-bcb3-80e94f49671c:group-83683CA21856 changes to CANDIDATE, lastRpcTime:5153, electionTimeout:5152ms
2019-09-10 21:20:56,414 [Thread-245] INFO  impl.RoleInfo (RoleInfo.java:shutdownFollowerState(121)) - 00ec61b9-9033-4ccb-bcb3-80e94f49671c: shutdown FollowerState
2019-09-10 21:20:56,414 [Thread-245] INFO  impl.RaftServerImpl (RaftServerImpl.java:setRole(171)) - 00ec61b9-9033-4ccb-bcb3-80e94f49671c:group-83683CA21856 changes role from FOLLOWER to CANDIDATE at term 0 for changeToCandidate
2019-09-10 21:20:56,415 [Thread-245] INFO  impl.RoleInfo (RoleInfo.java:updateAndGet(143)) - 00ec61b9-9033-4ccb-bcb3-80e94f49671c: start LeaderElection
2019-09-10 21:20:56,442 [00ec61b9-9033-4ccb-bcb3-80e94f49671c:group-83683CA21856:LeaderElection2] INFO  impl.LeaderElection (LeaderElection.java:askForVotes(181)) - 00ec61b9-9033-4ccb-bcb3-80e94f49671c:group-83683CA21856:LeaderElection2: begin an election at term 1 for -1: [00ec61b9-9033-4ccb-bcb3-80e94f49671c:192.168.69.94:37470], old=null
2019-09-10 21:20:56,452 [00ec61b9-9033-4ccb-bcb3-80e94f49671c:group-83683CA21856:LeaderElection2] INFO  impl.RoleInfo (RoleInfo.java:shutdownLeaderElection(134)) - 00ec61b9-9033-4ccb-bcb3-80e94f49671c: shutdown LeaderElection
2019-09-10 21:20:56,452 [00ec61b9-9033-4ccb-bcb3-80e94f49671c:group-83683CA21856:LeaderElection2] INFO  impl.RaftServerImpl (RaftServerImpl.java:setRole(171)) - 00ec61b9-9033-4ccb-bcb3-80e94f49671c:group-83683CA21856 changes role from CANDIDATE to LEADER at term 1 for changeToLeader
2019-09-10 21:20:56,452 [00ec61b9-9033-4ccb-bcb3-80e94f49671c:group-83683CA21856:LeaderElection2] INFO  impl.RaftServerImpl (ServerState.java:setLeader(263)) - 00ec61b9-9033-4ccb-bcb3-80e94f49671c:group-83683CA21856 change Leader from null to 00ec61b9-9033-4ccb-bcb3-80e94f49671c at term 1 for becomeLeader, leader elected after 5202ms
2019-09-10 21:20:56,454 [00ec61b9-9033-4ccb-bcb3-80e94f49671c:group-83683CA21856:LeaderElection2] INFO  server.RaftServerConfigKeys (ConfUtils.java:logGet(43)) - raft.server.staging.catchup.gap = 1000 (default)
2019-09-10 21:20:56,454 [00ec61b9-9033-4ccb-bcb3-80e94f49671c:group-83683CA21856:LeaderElection2] INFO  server.RaftServerConfigKeys (ConfUtils.java:logGet(43)) - raft.server.rpc.sleep.time = 25ms (default)
2019-09-10 21:20:56,455 [00ec61b9-9033-4ccb-bcb3-80e94f49671c:group-83683CA21856:LeaderElection2] INFO  server.RaftServerConfigKeys (ConfUtils.java:logGet(43)) - raft.server.write.element-limit = 4096 (default)
2019-09-10 21:20:56,455 [00ec61b9-9033-4ccb-bcb3-80e94f49671c:group-83683CA21856:LeaderElection2] INFO  server.RaftServerConfigKeys (ConfUtils.java:logGet(43)) - raft.server.watch.timeout = 10s (default)
2019-09-10 21:20:56,455 [00ec61b9-9033-4ccb-bcb3-80e94f49671c:group-83683CA21856:LeaderElection2] INFO  server.RaftServerConfigKeys (ConfUtils.java:logGet(43)) - raft.server.watch.timeout.denomination = 1s (default)
2019-09-10 21:20:56,455 [00ec61b9-9033-4ccb-bcb3-80e94f49671c:group-83683CA21856:LeaderElection2] INFO  server.RaftServerConfigKeys (ConfUtils.java:logGet(43)) - raft.server.watch.element-limit = 65536 (default)
2019-09-10 21:20:56,455 [00ec61b9-9033-4ccb-bcb3-80e94f49671c:group-83683CA21856:LeaderElection2] INFO  impl.RoleInfo (RoleInfo.java:updateAndGet(143)) - 00ec61b9-9033-4ccb-bcb3-80e94f49671c: start LeaderState
2019-09-10 21:20:56,456 [00ec61b9-9033-4ccb-bcb3-80e94f49671c:group-83683CA21856:LeaderElection2] INFO  segmented.SegmentedRaftLogWorker (SegmentedRaftLogWorker.java:startLogSegment(380)) - 00ec61b9-9033-4ccb-bcb3-80e94f49671c-SegmentedRaftLogWorker:Storage Directory /workdir/hadoop-ozone/integration-test/target/test-dir/MiniOzoneClusterImpl-fdd04c0c-114b-4de3-8536-b28dc82e2d50/datanode-2/data/ratis/a249e10a-a7c4-44ad-9baa-83683ca21856: Starting segment from index:0
2019-09-10 21:20:56,457 [00ec61b9-9033-4ccb-bcb3-80e94f49671c:group-83683CA21856:LeaderElection2] INFO  impl.RaftServerImpl (ServerState.java:setRaftConf(361)) - 00ec61b9-9033-4ccb-bcb3-80e94f49671c:group-83683CA21856 set configuration 0: [00ec61b9-9033-4ccb-bcb3-80e94f49671c:192.168.69.94:37470], old=null at 0
2019-09-10 21:20:56,489 [Thread-249] INFO  impl.FollowerState (FollowerState.java:run(106)) - bace13dd-0802-4326-803e-0fec46858cd5:group-ADF9B068620A changes to CANDIDATE, lastRpcTime:5109, electionTimeout:5099ms
2019-09-10 21:20:56,491 [Thread-249] INFO  impl.RoleInfo (RoleInfo.java:shutdownFollowerState(121)) - bace13dd-0802-4326-803e-0fec46858cd5: shutdown FollowerState
2019-09-10 21:20:56,491 [Thread-249] INFO  impl.RaftServerImpl (RaftServerImpl.java:setRole(171)) - bace13dd-0802-4326-803e-0fec46858cd5:group-ADF9B068620A changes role from FOLLOWER to CANDIDATE at term 0 for changeToCandidate
2019-09-10 21:20:56,491 [Thread-249] INFO  impl.RoleInfo (RoleInfo.java:updateAndGet(143)) - bace13dd-0802-4326-803e-0fec46858cd5: start LeaderElection
2019-09-10 21:20:56,514 [00ec61b9-9033-4ccb-bcb3-80e94f49671c-SegmentedRaftLogWorker:Storage Directory /workdir/hadoop-ozone/integration-test/target/test-dir/MiniOzoneClusterImpl-fdd04c0c-114b-4de3-8536-b28dc82e2d50/datanode-2/data/ratis/a249e10a-a7c4-44ad-9baa-83683ca21856] INFO  segmented.SegmentedRaftLogWorker (SegmentedRaftLogWorker.java:execute(569)) - 00ec61b9-9033-4ccb-bcb3-80e94f49671c-SegmentedRaftLogWorker:Storage Directory /workdir/hadoop-ozone/integration-test/target/test-dir/MiniOzoneClusterImpl-fdd04c0c-114b-4de3-8536-b28dc82e2d50/datanode-2/data/ratis/a249e10a-a7c4-44ad-9baa-83683ca21856: created new log segment /workdir/hadoop-ozone/integration-test/target/test-dir/MiniOzoneClusterImpl-fdd04c0c-114b-4de3-8536-b28dc82e2d50/datanode-2/data/ratis/a249e10a-a7c4-44ad-9baa-83683ca21856/current/log_inprogress_0
2019-09-10 21:20:56,514 [bace13dd-0802-4326-803e-0fec46858cd5:group-ADF9B068620A:LeaderElection3] INFO  impl.LeaderElection (LeaderElection.java:askForVotes(181)) - bace13dd-0802-4326-803e-0fec46858cd5:group-ADF9B068620A:LeaderElection3: begin an election at term 1 for -1: [bace13dd-0802-4326-803e-0fec46858cd5:192.168.69.94:41991], old=null
2019-09-10 21:20:56,514 [bace13dd-0802-4326-803e-0fec46858cd5:group-ADF9B068620A:LeaderElection3] INFO  impl.RoleInfo (RoleInfo.java:shutdownLeaderElection(134)) - bace13dd-0802-4326-803e-0fec46858cd5: shutdown LeaderElection
2019-09-10 21:20:56,515 [bace13dd-0802-4326-803e-0fec46858cd5:group-ADF9B068620A:LeaderElection3] INFO  impl.RaftServerImpl (RaftServerImpl.java:setRole(171)) - bace13dd-0802-4326-803e-0fec46858cd5:group-ADF9B068620A changes role from CANDIDATE to LEADER at term 1 for changeToLeader
2019-09-10 21:20:56,515 [bace13dd-0802-4326-803e-0fec46858cd5:group-ADF9B068620A:LeaderElection3] INFO  impl.RaftServerImpl (ServerState.java:setLeader(263)) - bace13dd-0802-4326-803e-0fec46858cd5:group-ADF9B068620A change Leader from null to bace13dd-0802-4326-803e-0fec46858cd5 at term 1 for becomeLeader, leader elected after 5143ms
2019-09-10 21:20:56,517 [bace13dd-0802-4326-803e-0fec46858cd5:group-ADF9B068620A:LeaderElection3] INFO  server.RaftServerConfigKeys (ConfUtils.java:logGet(43)) - raft.server.staging.catchup.gap = 1000 (default)
2019-09-10 21:20:56,517 [bace13dd-0802-4326-803e-0fec46858cd5:group-ADF9B068620A:LeaderElection3] INFO  server.RaftServerConfigKeys (ConfUtils.java:logGet(43)) - raft.server.rpc.sleep.time = 25ms (default)
2019-09-10 21:20:56,517 [bace13dd-0802-4326-803e-0fec46858cd5:group-ADF9B068620A:LeaderElection3] INFO  server.RaftServerConfigKeys (ConfUtils.java:logGet(43)) - raft.server.write.element-limit = 4096 (default)
2019-09-10 21:20:56,518 [bace13dd-0802-4326-803e-0fec46858cd5:group-ADF9B068620A:LeaderElection3] INFO  server.RaftServerConfigKeys (ConfUtils.java:logGet(43)) - raft.server.watch.timeout = 10s (default)
2019-09-10 21:20:56,518 [bace13dd-0802-4326-803e-0fec46858cd5:group-ADF9B068620A:LeaderElection3] INFO  server.RaftServerConfigKeys (ConfUtils.java:logGet(43)) - raft.server.watch.timeout.denomination = 1s (default)
2019-09-10 21:20:56,518 [bace13dd-0802-4326-803e-0fec46858cd5:group-ADF9B068620A:LeaderElection3] INFO  server.RaftServerConfigKeys (ConfUtils.java:logGet(43)) - raft.server.watch.element-limit = 65536 (default)
2019-09-10 21:20:56,518 [bace13dd-0802-4326-803e-0fec46858cd5:group-ADF9B068620A:LeaderElection3] INFO  impl.RoleInfo (RoleInfo.java:updateAndGet(143)) - bace13dd-0802-4326-803e-0fec46858cd5: start LeaderState
2019-09-10 21:20:56,519 [bace13dd-0802-4326-803e-0fec46858cd5:group-ADF9B068620A:LeaderElection3] INFO  segmented.SegmentedRaftLogWorker (SegmentedRaftLogWorker.java:startLogSegment(380)) - bace13dd-0802-4326-803e-0fec46858cd5-SegmentedRaftLogWorker:Storage Directory /workdir/hadoop-ozone/integration-test/target/test-dir/MiniOzoneClusterImpl-fdd04c0c-114b-4de3-8536-b28dc82e2d50/datanode-4/data/ratis/ef83ad32-2847-4118-868f-adf9b068620a: Starting segment from index:0
2019-09-10 21:20:56,519 [bace13dd-0802-4326-803e-0fec46858cd5:group-ADF9B068620A:LeaderElection3] INFO  impl.RaftServerImpl (ServerState.java:setRaftConf(361)) - bace13dd-0802-4326-803e-0fec46858cd5:group-ADF9B068620A set configuration 0: [bace13dd-0802-4326-803e-0fec46858cd5:192.168.69.94:41991], old=null at 0
2019-09-10 21:20:56,573 [Thread-252] INFO  impl.FollowerState (FollowerState.java:run(106)) - d71e7251-7a0d-426c-a65f-b408b127d188:group-15C8F9781914 changes to CANDIDATE, lastRpcTime:5087, electionTimeout:5087ms
2019-09-10 21:20:56,575 [Thread-252] INFO  impl.RoleInfo (RoleInfo.java:shutdownFollowerState(121)) - d71e7251-7a0d-426c-a65f-b408b127d188: shutdown FollowerState
2019-09-10 21:20:56,575 [Thread-252] INFO  impl.RaftServerImpl (RaftServerImpl.java:setRole(171)) - d71e7251-7a0d-426c-a65f-b408b127d188:group-15C8F9781914 changes role from FOLLOWER to CANDIDATE at term 0 for changeToCandidate
2019-09-10 21:20:56,575 [Thread-252] INFO  impl.RoleInfo (RoleInfo.java:updateAndGet(143)) - d71e7251-7a0d-426c-a65f-b408b127d188: start LeaderElection
2019-09-10 21:20:56,598 [bace13dd-0802-4326-803e-0fec46858cd5-SegmentedRaftLogWorker:Storage Directory /workdir/hadoop-ozone/integration-test/target/test-dir/MiniOzoneClusterImpl-fdd04c0c-114b-4de3-8536-b28dc82e2d50/datanode-4/data/ratis/ef83ad32-2847-4118-868f-adf9b068620a] INFO  segmented.SegmentedRaftLogWorker (SegmentedRaftLogWorker.java:execute(569)) - bace13dd-0802-4326-803e-0fec46858cd5-SegmentedRaftLogWorker:Storage Directory /workdir/hadoop-ozone/integration-test/target/test-dir/MiniOzoneClusterImpl-fdd04c0c-114b-4de3-8536-b28dc82e2d50/datanode-4/data/ratis/ef83ad32-2847-4118-868f-adf9b068620a: created new log segment /workdir/hadoop-ozone/integration-test/target/test-dir/MiniOzoneClusterImpl-fdd04c0c-114b-4de3-8536-b28dc82e2d50/datanode-4/data/ratis/ef83ad32-2847-4118-868f-adf9b068620a/current/log_inprogress_0
2019-09-10 21:20:56,598 [d71e7251-7a0d-426c-a65f-b408b127d188:group-15C8F9781914:LeaderElection4] INFO  impl.LeaderElection (LeaderElection.java:askForVotes(181)) - d71e7251-7a0d-426c-a65f-b408b127d188:group-15C8F9781914:LeaderElection4: begin an election at term 1 for -1: [d71e7251-7a0d-426c-a65f-b408b127d188:192.168.69.94:33306], old=null
2019-09-10 21:20:56,599 [d71e7251-7a0d-426c-a65f-b408b127d188:group-15C8F9781914:LeaderElection4] INFO  impl.RoleInfo (RoleInfo.java:shutdownLeaderElection(134)) - d71e7251-7a0d-426c-a65f-b408b127d188: shutdown LeaderElection
2019-09-10 21:20:56,599 [d71e7251-7a0d-426c-a65f-b408b127d188:group-15C8F9781914:LeaderElection4] INFO  impl.RaftServerImpl (RaftServerImpl.java:setRole(171)) - d71e7251-7a0d-426c-a65f-b408b127d188:group-15C8F9781914 changes role from CANDIDATE to LEADER at term 1 for changeToLeader
2019-09-10 21:20:56,599 [d71e7251-7a0d-426c-a65f-b408b127d188:group-15C8F9781914:LeaderElection4] INFO  impl.RaftServerImpl (ServerState.java:setLeader(263)) - d71e7251-7a0d-426c-a65f-b408b127d188:group-15C8F9781914 change Leader from null to d71e7251-7a0d-426c-a65f-b408b127d188 at term 1 for becomeLeader, leader elected after 5118ms
2019-09-10 21:20:56,601 [d71e7251-7a0d-426c-a65f-b408b127d188:group-15C8F9781914:LeaderElection4] INFO  server.RaftServerConfigKeys (ConfUtils.java:logGet(43)) - raft.server.staging.catchup.gap = 1000 (default)
2019-09-10 21:20:56,601 [d71e7251-7a0d-426c-a65f-b408b127d188:group-15C8F9781914:LeaderElection4] INFO  server.RaftServerConfigKeys (ConfUtils.java:logGet(43)) - raft.server.rpc.sleep.time = 25ms (default)
2019-09-10 21:20:56,601 [d71e7251-7a0d-426c-a65f-b408b127d188:group-15C8F9781914:LeaderElection4] INFO  server.RaftServerConfigKeys (ConfUtils.java:logGet(43)) - raft.server.write.element-limit = 4096 (default)
2019-09-10 21:20:56,601 [d71e7251-7a0d-426c-a65f-b408b127d188:group-15C8F9781914:LeaderElection4] INFO  server.RaftServerConfigKeys (ConfUtils.java:logGet(43)) - raft.server.watch.timeout = 10s (default)
2019-09-10 21:20:56,602 [d71e7251-7a0d-426c-a65f-b408b127d188:group-15C8F9781914:LeaderElection4] INFO  server.RaftServerConfigKeys (ConfUtils.java:logGet(43)) - raft.server.watch.timeout.denomination = 1s (default)
2019-09-10 21:20:56,602 [d71e7251-7a0d-426c-a65f-b408b127d188:group-15C8F9781914:LeaderElection4] INFO  server.RaftServerConfigKeys (ConfUtils.java:logGet(43)) - raft.server.watch.element-limit = 65536 (default)
2019-09-10 21:20:56,602 [d71e7251-7a0d-426c-a65f-b408b127d188:group-15C8F9781914:LeaderElection4] INFO  impl.RoleInfo (RoleInfo.java:updateAndGet(143)) - d71e7251-7a0d-426c-a65f-b408b127d188: start LeaderState
2019-09-10 21:20:56,602 [d71e7251-7a0d-426c-a65f-b408b127d188:group-15C8F9781914:LeaderElection4] INFO  segmented.SegmentedRaftLogWorker (SegmentedRaftLogWorker.java:startLogSegment(380)) - d71e7251-7a0d-426c-a65f-b408b127d188-SegmentedRaftLogWorker:Storage Directory /workdir/hadoop-ozone/integration-test/target/test-dir/MiniOzoneClusterImpl-fdd04c0c-114b-4de3-8536-b28dc82e2d50/datanode-3/data/ratis/2b574a7e-4f8a-4d8f-a228-15c8f9781914: Starting segment from index:0
2019-09-10 21:20:56,603 [d71e7251-7a0d-426c-a65f-b408b127d188:group-15C8F9781914:LeaderElection4] INFO  impl.RaftServerImpl (ServerState.java:setRaftConf(361)) - d71e7251-7a0d-426c-a65f-b408b127d188:group-15C8F9781914 set configuration 0: [d71e7251-7a0d-426c-a65f-b408b127d188:192.168.69.94:33306], old=null at 0
2019-09-10 21:20:56,667 [d71e7251-7a0d-426c-a65f-b408b127d188-SegmentedRaftLogWorker:Storage Directory /workdir/hadoop-ozone/integration-test/target/test-dir/MiniOzoneClusterImpl-fdd04c0c-114b-4de3-8536-b28dc82e2d50/datanode-3/data/ratis/2b574a7e-4f8a-4d8f-a228-15c8f9781914] INFO  segmented.SegmentedRaftLogWorker (SegmentedRaftLogWorker.java:execute(569)) - d71e7251-7a0d-426c-a65f-b408b127d188-SegmentedRaftLogWorker:Storage Directory /workdir/hadoop-ozone/integration-test/target/test-dir/MiniOzoneClusterImpl-fdd04c0c-114b-4de3-8536-b28dc82e2d50/datanode-3/data/ratis/2b574a7e-4f8a-4d8f-a228-15c8f9781914: created new log segment /workdir/hadoop-ozone/integration-test/target/test-dir/MiniOzoneClusterImpl-fdd04c0c-114b-4de3-8536-b28dc82e2d50/datanode-3/data/ratis/2b574a7e-4f8a-4d8f-a228-15c8f9781914/current/log_inprogress_0
2019-09-10 21:20:56,683 [Thread-255] INFO  impl.FollowerState (FollowerState.java:run(106)) - 8bacdf4e-3a51-4803-bfd1-91679ace6b3e:group-203AFCED52E0 changes to CANDIDATE, lastRpcTime:5099, electionTimeout:5099ms
2019-09-10 21:20:56,683 [Thread-255] INFO  impl.RoleInfo (RoleInfo.java:shutdownFollowerState(121)) - 8bacdf4e-3a51-4803-bfd1-91679ace6b3e: shutdown FollowerState
2019-09-10 21:20:56,683 [Thread-255] INFO  impl.RaftServerImpl (RaftServerImpl.java:setRole(171)) - 8bacdf4e-3a51-4803-bfd1-91679ace6b3e:group-203AFCED52E0 changes role from FOLLOWER to CANDIDATE at term 0 for changeToCandidate
2019-09-10 21:20:56,683 [Thread-255] INFO  impl.RoleInfo (RoleInfo.java:updateAndGet(143)) - 8bacdf4e-3a51-4803-bfd1-91679ace6b3e: start LeaderElection
2019-09-10 21:20:56,712 [8bacdf4e-3a51-4803-bfd1-91679ace6b3e:group-203AFCED52E0:LeaderElection5] INFO  impl.LeaderElection (LeaderElection.java:askForVotes(181)) - 8bacdf4e-3a51-4803-bfd1-91679ace6b3e:group-203AFCED52E0:LeaderElection5: begin an election at term 1 for -1: [8bacdf4e-3a51-4803-bfd1-91679ace6b3e:192.168.69.94:43481], old=null
2019-09-10 21:20:56,714 [8bacdf4e-3a51-4803-bfd1-91679ace6b3e:group-203AFCED52E0:LeaderElection5] INFO  impl.RoleInfo (RoleInfo.java:shutdownLeaderElection(134)) - 8bacdf4e-3a51-4803-bfd1-91679ace6b3e: shutdown LeaderElection
2019-09-10 21:20:56,714 [8bacdf4e-3a51-4803-bfd1-91679ace6b3e:group-203AFCED52E0:LeaderElection5] INFO  impl.RaftServerImpl (RaftServerImpl.java:setRole(171)) - 8bacdf4e-3a51-4803-bfd1-91679ace6b3e:group-203AFCED52E0 changes role from CANDIDATE to LEADER at term 1 for changeToLeader
2019-09-10 21:20:56,714 [8bacdf4e-3a51-4803-bfd1-91679ace6b3e:group-203AFCED52E0:LeaderElection5] INFO  impl.RaftServerImpl (ServerState.java:setLeader(263)) - 8bacdf4e-3a51-4803-bfd1-91679ace6b3e:group-203AFCED52E0 change Leader from null to 8bacdf4e-3a51-4803-bfd1-91679ace6b3e at term 1 for becomeLeader, leader elected after 5135ms
2019-09-10 21:20:56,716 [8bacdf4e-3a51-4803-bfd1-91679ace6b3e:group-203AFCED52E0:LeaderElection5] INFO  server.RaftServerConfigKeys (ConfUtils.java:logGet(43)) - raft.server.staging.catchup.gap = 1000 (default)
2019-09-10 21:20:56,716 [8bacdf4e-3a51-4803-bfd1-91679ace6b3e:group-203AFCED52E0:LeaderElection5] INFO  server.RaftServerConfigKeys (ConfUtils.java:logGet(43)) - raft.server.rpc.sleep.time = 25ms (default)
2019-09-10 21:20:56,716 [8bacdf4e-3a51-4803-bfd1-91679ace6b3e:group-203AFCED52E0:LeaderElection5] INFO  server.RaftServerConfigKeys (ConfUtils.java:logGet(43)) - raft.server.write.element-limit = 4096 (default)
2019-09-10 21:20:56,717 [8bacdf4e-3a51-4803-bfd1-91679ace6b3e:group-203AFCED52E0:LeaderElection5] INFO  server.RaftServerConfigKeys (ConfUtils.java:logGet(43)) - raft.server.watch.timeout = 10s (default)
2019-09-10 21:20:56,717 [8bacdf4e-3a51-4803-bfd1-91679ace6b3e:group-203AFCED52E0:LeaderElection5] INFO  server.RaftServerConfigKeys (ConfUtils.java:logGet(43)) - raft.server.watch.timeout.denomination = 1s (default)
2019-09-10 21:20:56,717 [8bacdf4e-3a51-4803-bfd1-91679ace6b3e:group-203AFCED52E0:LeaderElection5] INFO  server.RaftServerConfigKeys (ConfUtils.java:logGet(43)) - raft.server.watch.element-limit = 65536 (default)
2019-09-10 21:20:56,717 [8bacdf4e-3a51-4803-bfd1-91679ace6b3e:group-203AFCED52E0:LeaderElection5] INFO  impl.RoleInfo (RoleInfo.java:updateAndGet(143)) - 8bacdf4e-3a51-4803-bfd1-91679ace6b3e: start LeaderState
2019-09-10 21:20:56,718 [8bacdf4e-3a51-4803-bfd1-91679ace6b3e:group-203AFCED52E0:LeaderElection5] INFO  segmented.SegmentedRaftLogWorker (SegmentedRaftLogWorker.java:startLogSegment(380)) - 8bacdf4e-3a51-4803-bfd1-91679ace6b3e-SegmentedRaftLogWorker:Storage Directory /workdir/hadoop-ozone/integration-test/target/test-dir/MiniOzoneClusterImpl-fdd04c0c-114b-4de3-8536-b28dc82e2d50/datanode-6/data/ratis/9e3d3004-2419-45c7-953b-203afced52e0: Starting segment from index:0
2019-09-10 21:20:56,718 [8bacdf4e-3a51-4803-bfd1-91679ace6b3e:group-203AFCED52E0:LeaderElection5] INFO  impl.RaftServerImpl (ServerState.java:setRaftConf(361)) - 8bacdf4e-3a51-4803-bfd1-91679ace6b3e:group-203AFCED52E0 set configuration 0: [8bacdf4e-3a51-4803-bfd1-91679ace6b3e:192.168.69.94:43481], old=null at 0
2019-09-10 21:20:56,790 [8bacdf4e-3a51-4803-bfd1-91679ace6b3e-SegmentedRaftLogWorker:Storage Directory /workdir/hadoop-ozone/integration-test/target/test-dir/MiniOzoneClusterImpl-fdd04c0c-114b-4de3-8536-b28dc82e2d50/datanode-6/data/ratis/9e3d3004-2419-45c7-953b-203afced52e0] INFO  segmented.SegmentedRaftLogWorker (SegmentedRaftLogWorker.java:execute(569)) - 8bacdf4e-3a51-4803-bfd1-91679ace6b3e-SegmentedRaftLogWorker:Storage Directory /workdir/hadoop-ozone/integration-test/target/test-dir/MiniOzoneClusterImpl-fdd04c0c-114b-4de3-8536-b28dc82e2d50/datanode-6/data/ratis/9e3d3004-2419-45c7-953b-203afced52e0: created new log segment /workdir/hadoop-ozone/integration-test/target/test-dir/MiniOzoneClusterImpl-fdd04c0c-114b-4de3-8536-b28dc82e2d50/datanode-6/data/ratis/9e3d3004-2419-45c7-953b-203afced52e0/current/log_inprogress_0
2019-09-10 21:20:56,803 [Thread-258] INFO  impl.FollowerState (FollowerState.java:run(106)) - af92c0b4-0e41-4ee8-9c4d-64ba4f312634:group-DDBE3313B776 changes to CANDIDATE, lastRpcTime:5131, electionTimeout:5131ms
2019-09-10 21:20:56,803 [Thread-258] INFO  impl.RoleInfo (RoleInfo.java:shutdownFollowerState(121)) - af92c0b4-0e41-4ee8-9c4d-64ba4f312634: shutdown FollowerState
2019-09-10 21:20:56,803 [Thread-258] INFO  impl.RaftServerImpl (RaftServerImpl.java:setRole(171)) - af92c0b4-0e41-4ee8-9c4d-64ba4f312634:group-DDBE3313B776 changes role from FOLLOWER to CANDIDATE at term 0 for changeToCandidate
2019-09-10 21:20:56,804 [Thread-258] INFO  impl.RoleInfo (RoleInfo.java:updateAndGet(143)) - af92c0b4-0e41-4ee8-9c4d-64ba4f312634: start LeaderElection
2019-09-10 21:20:56,831 [Thread-261] INFO  impl.FollowerState (FollowerState.java:run(106)) - 2df5655c-32f4-4ea7-9687-7d222ddc935c:group-744DE7C48BD0 changes to CANDIDATE, lastRpcTime:5069, electionTimeout:5069ms
2019-09-10 21:20:56,833 [Thread-261] INFO  impl.RoleInfo (RoleInfo.java:shutdownFollowerState(121)) - 2df5655c-32f4-4ea7-9687-7d222ddc935c: shutdown FollowerState
2019-09-10 21:20:56,833 [Thread-261] INFO  impl.RaftServerImpl (RaftServerImpl.java:setRole(171)) - 2df5655c-32f4-4ea7-9687-7d222ddc935c:group-744DE7C48BD0 changes role from FOLLOWER to CANDIDATE at term 0 for changeToCandidate
2019-09-10 21:20:56,834 [Thread-261] INFO  impl.RoleInfo (RoleInfo.java:updateAndGet(143)) - 2df5655c-32f4-4ea7-9687-7d222ddc935c: start LeaderElection
2019-09-10 21:20:56,857 [af92c0b4-0e41-4ee8-9c4d-64ba4f312634:group-DDBE3313B776:LeaderElection6] INFO  impl.LeaderElection (LeaderElection.java:askForVotes(181)) - af92c0b4-0e41-4ee8-9c4d-64ba4f312634:group-DDBE3313B776:LeaderElection6: begin an election at term 1 for -1: [af92c0b4-0e41-4ee8-9c4d-64ba4f312634:192.168.69.94:37995], old=null
2019-09-10 21:20:56,857 [af92c0b4-0e41-4ee8-9c4d-64ba4f312634:group-DDBE3313B776:LeaderElection6] INFO  impl.RoleInfo (RoleInfo.java:shutdownLeaderElection(134)) - af92c0b4-0e41-4ee8-9c4d-64ba4f312634: shutdown LeaderElection
2019-09-10 21:20:56,858 [af92c0b4-0e41-4ee8-9c4d-64ba4f312634:group-DDBE3313B776:LeaderElection6] INFO  impl.RaftServerImpl (RaftServerImpl.java:setRole(171)) - af92c0b4-0e41-4ee8-9c4d-64ba4f312634:group-DDBE3313B776 changes role from CANDIDATE to LEADER at term 1 for changeToLeader
2019-09-10 21:20:56,858 [af92c0b4-0e41-4ee8-9c4d-64ba4f312634:group-DDBE3313B776:LeaderElection6] INFO  impl.RaftServerImpl (ServerState.java:setLeader(263)) - af92c0b4-0e41-4ee8-9c4d-64ba4f312634:group-DDBE3313B776 change Leader from null to af92c0b4-0e41-4ee8-9c4d-64ba4f312634 at term 1 for becomeLeader, leader elected after 5190ms
2019-09-10 21:20:56,860 [af92c0b4-0e41-4ee8-9c4d-64ba4f312634:group-DDBE3313B776:LeaderElection6] INFO  server.RaftServerConfigKeys (ConfUtils.java:logGet(43)) - raft.server.staging.catchup.gap = 1000 (default)
2019-09-10 21:20:56,860 [af92c0b4-0e41-4ee8-9c4d-64ba4f312634:group-DDBE3313B776:LeaderElection6] INFO  server.RaftServerConfigKeys (ConfUtils.java:logGet(43)) - raft.server.rpc.sleep.time = 25ms (default)
2019-09-10 21:20:56,860 [af92c0b4-0e41-4ee8-9c4d-64ba4f312634:group-DDBE3313B776:LeaderElection6] INFO  server.RaftServerConfigKeys (ConfUtils.java:logGet(43)) - raft.server.write.element-limit = 4096 (default)
2019-09-10 21:20:56,860 [af92c0b4-0e41-4ee8-9c4d-64ba4f312634:group-DDBE3313B776:LeaderElection6] INFO  server.RaftServerConfigKeys (ConfUtils.java:logGet(43)) - raft.server.watch.timeout = 10s (default)
2019-09-10 21:20:56,860 [af92c0b4-0e41-4ee8-9c4d-64ba4f312634:group-DDBE3313B776:LeaderElection6] INFO  server.RaftServerConfigKeys (ConfUtils.java:logGet(43)) - raft.server.watch.timeout.denomination = 1s (default)
2019-09-10 21:20:56,860 [af92c0b4-0e41-4ee8-9c4d-64ba4f312634:group-DDBE3313B776:LeaderElection6] INFO  server.RaftServerConfigKeys (ConfUtils.java:logGet(43)) - raft.server.watch.element-limit = 65536 (default)
2019-09-10 21:20:56,861 [af92c0b4-0e41-4ee8-9c4d-64ba4f312634:group-DDBE3313B776:LeaderElection6] INFO  impl.RoleInfo (RoleInfo.java:updateAndGet(143)) - af92c0b4-0e41-4ee8-9c4d-64ba4f312634: start LeaderState
2019-09-10 21:20:56,861 [af92c0b4-0e41-4ee8-9c4d-64ba4f312634:group-DDBE3313B776:LeaderElection6] INFO  segmented.SegmentedRaftLogWorker (SegmentedRaftLogWorker.java:startLogSegment(380)) - af92c0b4-0e41-4ee8-9c4d-64ba4f312634-SegmentedRaftLogWorker:Storage Directory /workdir/hadoop-ozone/integration-test/target/test-dir/MiniOzoneClusterImpl-fdd04c0c-114b-4de3-8536-b28dc82e2d50/datanode-5/data/ratis/57eefa43-691f-4e08-91a6-ddbe3313b776: Starting segment from index:0
2019-09-10 21:20:56,862 [af92c0b4-0e41-4ee8-9c4d-64ba4f312634:group-DDBE3313B776:LeaderElection6] INFO  impl.RaftServerImpl (ServerState.java:setRaftConf(361)) - af92c0b4-0e41-4ee8-9c4d-64ba4f312634:group-DDBE3313B776 set configuration 0: [af92c0b4-0e41-4ee8-9c4d-64ba4f312634:192.168.69.94:37995], old=null at 0
2019-09-10 21:20:56,903 [2df5655c-32f4-4ea7-9687-7d222ddc935c:group-744DE7C48BD0:LeaderElection7] INFO  impl.LeaderElection (LeaderElection.java:askForVotes(181)) - 2df5655c-32f4-4ea7-9687-7d222ddc935c:group-744DE7C48BD0:LeaderElection7: begin an election at term 1 for -1: [2df5655c-32f4-4ea7-9687-7d222ddc935c:192.168.69.94:42868], old=null
2019-09-10 21:20:56,903 [2df5655c-32f4-4ea7-9687-7d222ddc935c:group-744DE7C48BD0:LeaderElection7] INFO  impl.RoleInfo (RoleInfo.java:shutdownLeaderElection(134)) - 2df5655c-32f4-4ea7-9687-7d222ddc935c: shutdown LeaderElection
2019-09-10 21:20:56,903 [2df5655c-32f4-4ea7-9687-7d222ddc935c:group-744DE7C48BD0:LeaderElection7] INFO  impl.RaftServerImpl (RaftServerImpl.java:setRole(171)) - 2df5655c-32f4-4ea7-9687-7d222ddc935c:group-744DE7C48BD0 changes role from CANDIDATE to LEADER at term 1 for changeToLeader
2019-09-10 21:20:56,903 [2df5655c-32f4-4ea7-9687-7d222ddc935c:group-744DE7C48BD0:LeaderElection7] INFO  impl.RaftServerImpl (ServerState.java:setLeader(263)) - 2df5655c-32f4-4ea7-9687-7d222ddc935c:group-744DE7C48BD0 change Leader from null to 2df5655c-32f4-4ea7-9687-7d222ddc935c at term 1 for becomeLeader, leader elected after 5146ms
2019-09-10 21:20:56,905 [2df5655c-32f4-4ea7-9687-7d222ddc935c:group-744DE7C48BD0:LeaderElection7] INFO  server.RaftServerConfigKeys (ConfUtils.java:logGet(43)) - raft.server.staging.catchup.gap = 1000 (default)
2019-09-10 21:20:56,905 [2df5655c-32f4-4ea7-9687-7d222ddc935c:group-744DE7C48BD0:LeaderElection7] INFO  server.RaftServerConfigKeys (ConfUtils.java:logGet(43)) - raft.server.rpc.sleep.time = 25ms (default)
2019-09-10 21:20:56,905 [2df5655c-32f4-4ea7-9687-7d222ddc935c:group-744DE7C48BD0:LeaderElection7] INFO  server.RaftServerConfigKeys (ConfUtils.java:logGet(43)) - raft.server.write.element-limit = 4096 (default)
2019-09-10 21:20:56,906 [2df5655c-32f4-4ea7-9687-7d222ddc935c:group-744DE7C48BD0:LeaderElection7] INFO  server.RaftServerConfigKeys (ConfUtils.java:logGet(43)) - raft.server.watch.timeout = 10s (default)
2019-09-10 21:20:56,906 [2df5655c-32f4-4ea7-9687-7d222ddc935c:group-744DE7C48BD0:LeaderElection7] INFO  server.RaftServerConfigKeys (ConfUtils.java:logGet(43)) - raft.server.watch.timeout.denomination = 1s (default)
2019-09-10 21:20:56,906 [2df5655c-32f4-4ea7-9687-7d222ddc935c:group-744DE7C48BD0:LeaderElection7] INFO  server.RaftServerConfigKeys (ConfUtils.java:logGet(43)) - raft.server.watch.element-limit = 65536 (default)
2019-09-10 21:20:56,906 [2df5655c-32f4-4ea7-9687-7d222ddc935c:group-744DE7C48BD0:LeaderElection7] INFO  impl.RoleInfo (RoleInfo.java:updateAndGet(143)) - 2df5655c-32f4-4ea7-9687-7d222ddc935c: start LeaderState
2019-09-10 21:20:56,907 [2df5655c-32f4-4ea7-9687-7d222ddc935c:group-744DE7C48BD0:LeaderElection7] INFO  segmented.SegmentedRaftLogWorker (SegmentedRaftLogWorker.java:startLogSegment(380)) - 2df5655c-32f4-4ea7-9687-7d222ddc935c-SegmentedRaftLogWorker:Storage Directory /workdir/hadoop-ozone/integration-test/target/test-dir/MiniOzoneClusterImpl-fdd04c0c-114b-4de3-8536-b28dc82e2d50/datanode-1/data/ratis/6f8dcd7f-69cf-43fd-8f28-744de7c48bd0: Starting segment from index:0
2019-09-10 21:20:56,907 [2df5655c-32f4-4ea7-9687-7d222ddc935c:group-744DE7C48BD0:LeaderElection7] INFO  impl.RaftServerImpl (ServerState.java:setRaftConf(361)) - 2df5655c-32f4-4ea7-9687-7d222ddc935c:group-744DE7C48BD0 set configuration 0: [2df5655c-32f4-4ea7-9687-7d222ddc935c:192.168.69.94:42868], old=null at 0
2019-09-10 21:20:56,942 [af92c0b4-0e41-4ee8-9c4d-64ba4f312634-SegmentedRaftLogWorker:Storage Directory /workdir/hadoop-ozone/integration-test/target/test-dir/MiniOzoneClusterImpl-fdd04c0c-114b-4de3-8536-b28dc82e2d50/datanode-5/data/ratis/57eefa43-691f-4e08-91a6-ddbe3313b776] INFO  segmented.SegmentedRaftLogWorker (SegmentedRaftLogWorker.java:execute(569)) - af92c0b4-0e41-4ee8-9c4d-64ba4f312634-SegmentedRaftLogWorker:Storage Directory /workdir/hadoop-ozone/integration-test/target/test-dir/MiniOzoneClusterImpl-fdd04c0c-114b-4de3-8536-b28dc82e2d50/datanode-5/data/ratis/57eefa43-691f-4e08-91a6-ddbe3313b776: created new log segment /workdir/hadoop-ozone/integration-test/target/test-dir/MiniOzoneClusterImpl-fdd04c0c-114b-4de3-8536-b28dc82e2d50/datanode-5/data/ratis/57eefa43-691f-4e08-91a6-ddbe3313b776/current/log_inprogress_0
2019-09-10 21:20:56,955 [Thread-264] INFO  impl.FollowerState (FollowerState.java:run(106)) - d71e7251-7a0d-426c-a65f-b408b127d188:group-6D95E5DABCDB changes to CANDIDATE, lastRpcTime:5041, electionTimeout:5041ms
2019-09-10 21:20:56,955 [Thread-264] INFO  impl.RoleInfo (RoleInfo.java:shutdownFollowerState(121)) - d71e7251-7a0d-426c-a65f-b408b127d188: shutdown FollowerState
2019-09-10 21:20:56,955 [Thread-264] INFO  impl.RaftServerImpl (RaftServerImpl.java:setRole(171)) - d71e7251-7a0d-426c-a65f-b408b127d188:group-6D95E5DABCDB changes role from FOLLOWER to CANDIDATE at term 0 for changeToCandidate
2019-09-10 21:20:56,955 [Thread-264] INFO  impl.RoleInfo (RoleInfo.java:updateAndGet(143)) - d71e7251-7a0d-426c-a65f-b408b127d188: start LeaderElection
2019-09-10 21:20:56,959 [Thread-269] INFO  impl.FollowerState (FollowerState.java:run(106)) - 00ec61b9-9033-4ccb-bcb3-80e94f49671c:group-6D95E5DABCDB changes to CANDIDATE, lastRpcTime:5038, electionTimeout:5032ms
2019-09-10 21:20:56,961 [Thread-269] INFO  impl.RoleInfo (RoleInfo.java:shutdownFollowerState(121)) - 00ec61b9-9033-4ccb-bcb3-80e94f49671c: shutdown FollowerState
2019-09-10 21:20:56,961 [Thread-269] INFO  impl.RaftServerImpl (RaftServerImpl.java:setRole(171)) - 00ec61b9-9033-4ccb-bcb3-80e94f49671c:group-6D95E5DABCDB changes role from FOLLOWER to CANDIDATE at term 0 for changeToCandidate
2019-09-10 21:20:56,962 [Thread-269] INFO  impl.RoleInfo (RoleInfo.java:updateAndGet(143)) - 00ec61b9-9033-4ccb-bcb3-80e94f49671c: start LeaderElection
2019-09-10 21:20:56,976 [2df5655c-32f4-4ea7-9687-7d222ddc935c-SegmentedRaftLogWorker:Storage Directory /workdir/hadoop-ozone/integration-test/target/test-dir/MiniOzoneClusterImpl-fdd04c0c-114b-4de3-8536-b28dc82e2d50/datanode-1/data/ratis/6f8dcd7f-69cf-43fd-8f28-744de7c48bd0] INFO  segmented.SegmentedRaftLogWorker (SegmentedRaftLogWorker.java:execute(569)) - 2df5655c-32f4-4ea7-9687-7d222ddc935c-SegmentedRaftLogWorker:Storage Directory /workdir/hadoop-ozone/integration-test/target/test-dir/MiniOzoneClusterImpl-fdd04c0c-114b-4de3-8536-b28dc82e2d50/datanode-1/data/ratis/6f8dcd7f-69cf-43fd-8f28-744de7c48bd0: created new log segment /workdir/hadoop-ozone/integration-test/target/test-dir/MiniOzoneClusterImpl-fdd04c0c-114b-4de3-8536-b28dc82e2d50/datanode-1/data/ratis/6f8dcd7f-69cf-43fd-8f28-744de7c48bd0/current/log_inprogress_0
2019-09-10 21:20:56,976 [d71e7251-7a0d-426c-a65f-b408b127d188:group-6D95E5DABCDB:LeaderElection8] INFO  impl.LeaderElection (LeaderElection.java:askForVotes(181)) - d71e7251-7a0d-426c-a65f-b408b127d188:group-6D95E5DABCDB:LeaderElection8: begin an election at term 1 for -1: [d71e7251-7a0d-426c-a65f-b408b127d188:192.168.69.94:33306, bace13dd-0802-4326-803e-0fec46858cd5:192.168.69.94:41991, 00ec61b9-9033-4ccb-bcb3-80e94f49671c:192.168.69.94:37470], old=null
2019-09-10 21:20:56,988 [grpc-default-executor-2] INFO  client.GrpcClientProtocolClient (GrpcClientProtocolClient.java:onNext(255)) - client-09F8E2A6F3B0->bace13dd-0802-4326-803e-0fec46858cd5: receive RaftClientReply:client-09F8E2A6F3B0->bace13dd-0802-4326-803e-0fec46858cd5@group-6D95E5DABCDB, cid=13, FAILED org.apache.ratis.protocol.NotLeaderException: Server bace13dd-0802-4326-803e-0fec46858cd5 is not the leader (null). Request must be sent to leader., logIndex=0, commits[bace13dd-0802-4326-803e-0fec46858cd5:c-1]
2019-09-10 21:20:57,013 [Thread-267] INFO  impl.FollowerState (FollowerState.java:run(106)) - bace13dd-0802-4326-803e-0fec46858cd5:group-6D95E5DABCDB changes to CANDIDATE, lastRpcTime:5097, electionTimeout:5095ms
2019-09-10 21:20:57,014 [Thread-267] INFO  impl.RoleInfo (RoleInfo.java:shutdownFollowerState(121)) - bace13dd-0802-4326-803e-0fec46858cd5: shutdown FollowerState
2019-09-10 21:20:57,014 [Thread-267] INFO  impl.RaftServerImpl (RaftServerImpl.java:setRole(171)) - bace13dd-0802-4326-803e-0fec46858cd5:group-6D95E5DABCDB changes role from FOLLOWER to CANDIDATE at term 0 for changeToCandidate
2019-09-10 21:20:57,016 [Thread-267] INFO  impl.RoleInfo (RoleInfo.java:updateAndGet(143)) - bace13dd-0802-4326-803e-0fec46858cd5: start LeaderElection
2019-09-10 21:20:57,020 [00ec61b9-9033-4ccb-bcb3-80e94f49671c:group-6D95E5DABCDB:LeaderElection9] INFO  impl.LeaderElection (LeaderElection.java:askForVotes(181)) - 00ec61b9-9033-4ccb-bcb3-80e94f49671c:group-6D95E5DABCDB:LeaderElection9: begin an election at term 1 for -1: [d71e7251-7a0d-426c-a65f-b408b127d188:192.168.69.94:33306, bace13dd-0802-4326-803e-0fec46858cd5:192.168.69.94:41991, 00ec61b9-9033-4ccb-bcb3-80e94f49671c:192.168.69.94:37470], old=null
2019-09-10 21:20:57,060 [bace13dd-0802-4326-803e-0fec46858cd5:group-6D95E5DABCDB:LeaderElection10] INFO  impl.LeaderElection (LeaderElection.java:askForVotes(181)) - bace13dd-0802-4326-803e-0fec46858cd5:group-6D95E5DABCDB:LeaderElection10: begin an election at term 1 for -1: [d71e7251-7a0d-426c-a65f-b408b127d188:192.168.69.94:33306, bace13dd-0802-4326-803e-0fec46858cd5:192.168.69.94:41991, 00ec61b9-9033-4ccb-bcb3-80e94f49671c:192.168.69.94:37470], old=null
2019-09-10 21:20:57,067 [d71e7251-7a0d-426c-a65f-b408b127d188:group-6D95E5DABCDB:LeaderElection8] INFO  impl.LeaderElection (LeaderElection.java:logAndReturn(56)) - d71e7251-7a0d-426c-a65f-b408b127d188:group-6D95E5DABCDB:LeaderElection8: Election REJECTED; received 2 response(s) [d71e7251-7a0d-426c-a65f-b408b127d188<-bace13dd-0802-4326-803e-0fec46858cd5#0:FAIL-t1, d71e7251-7a0d-426c-a65f-b408b127d188<-00ec61b9-9033-4ccb-bcb3-80e94f49671c#0:FAIL-t1] and 0 exception(s); d71e7251-7a0d-426c-a65f-b408b127d188:t1, leader=null, voted=d71e7251-7a0d-426c-a65f-b408b127d188, raftlog=d71e7251-7a0d-426c-a65f-b408b127d188-SegmentedRaftLog:OPENED:c-1,f-1,i0, conf=-1: [d71e7251-7a0d-426c-a65f-b408b127d188:192.168.69.94:33306, bace13dd-0802-4326-803e-0fec46858cd5:192.168.69.94:41991, 00ec61b9-9033-4ccb-bcb3-80e94f49671c:192.168.69.94:37470], old=null
2019-09-10 21:20:57,068 [00ec61b9-9033-4ccb-bcb3-80e94f49671c:group-6D95E5DABCDB:LeaderElection9] INFO  impl.LeaderElection (LeaderElection.java:logAndReturn(56)) - 00ec61b9-9033-4ccb-bcb3-80e94f49671c:group-6D95E5DABCDB:LeaderElection9: Election REJECTED; received 2 response(s) [00ec61b9-9033-4ccb-bcb3-80e94f49671c<-d71e7251-7a0d-426c-a65f-b408b127d188#0:FAIL-t1, 00ec61b9-9033-4ccb-bcb3-80e94f49671c<-bace13dd-0802-4326-803e-0fec46858cd5#0:FAIL-t1] and 0 exception(s); 00ec61b9-9033-4ccb-bcb3-80e94f49671c:t1, leader=null, voted=00ec61b9-9033-4ccb-bcb3-80e94f49671c, raftlog=00ec61b9-9033-4ccb-bcb3-80e94f49671c-SegmentedRaftLog:OPENED:c-1,f-1,i0, conf=-1: [d71e7251-7a0d-426c-a65f-b408b127d188:192.168.69.94:33306, bace13dd-0802-4326-803e-0fec46858cd5:192.168.69.94:41991, 00ec61b9-9033-4ccb-bcb3-80e94f49671c:192.168.69.94:37470], old=null
2019-09-10 21:20:57,071 [d71e7251-7a0d-426c-a65f-b408b127d188:group-6D95E5DABCDB:LeaderElection8] INFO  impl.RaftServerImpl (RaftServerImpl.java:setRole(171)) - d71e7251-7a0d-426c-a65f-b408b127d188:group-6D95E5DABCDB changes role from CANDIDATE to FOLLOWER at term 1 for DISCOVERED_A_NEW_TERM
2019-09-10 21:20:57,074 [00ec61b9-9033-4ccb-bcb3-80e94f49671c:group-6D95E5DABCDB:LeaderElection9] INFO  impl.RaftServerImpl (RaftServerImpl.java:setRole(171)) - 00ec61b9-9033-4ccb-bcb3-80e94f49671c:group-6D95E5DABCDB changes role from CANDIDATE to FOLLOWER at term 1 for DISCOVERED_A_NEW_TERM
2019-09-10 21:20:57,075 [d71e7251-7a0d-426c-a65f-b408b127d188:group-6D95E5DABCDB:LeaderElection8] INFO  impl.RoleInfo (RoleInfo.java:shutdownLeaderElection(134)) - d71e7251-7a0d-426c-a65f-b408b127d188: shutdown LeaderElection
2019-09-10 21:20:57,074 [Thread-273] INFO  impl.FollowerState (FollowerState.java:run(106)) - af92c0b4-0e41-4ee8-9c4d-64ba4f312634:group-5E0D07F3F349 changes to CANDIDATE, lastRpcTime:5029, electionTimeout:5028ms
2019-09-10 21:20:57,075 [d71e7251-7a0d-426c-a65f-b408b127d188:group-6D95E5DABCDB:LeaderElection8] INFO  impl.RoleInfo (RoleInfo.java:updateAndGet(143)) - d71e7251-7a0d-426c-a65f-b408b127d188: start FollowerState
2019-09-10 21:20:57,075 [00ec61b9-9033-4ccb-bcb3-80e94f49671c:group-6D95E5DABCDB:LeaderElection9] INFO  impl.RoleInfo (RoleInfo.java:shutdownLeaderElection(134)) - 00ec61b9-9033-4ccb-bcb3-80e94f49671c: shutdown LeaderElection
2019-09-10 21:20:57,075 [Thread-273] INFO  impl.RoleInfo (RoleInfo.java:shutdownFollowerState(121)) - af92c0b4-0e41-4ee8-9c4d-64ba4f312634: shutdown FollowerState
2019-09-10 21:20:57,077 [00ec61b9-9033-4ccb-bcb3-80e94f49671c:group-6D95E5DABCDB:LeaderElection9] INFO  impl.RoleInfo (RoleInfo.java:updateAndGet(143)) - 00ec61b9-9033-4ccb-bcb3-80e94f49671c: start FollowerState
2019-09-10 21:20:57,077 [Thread-273] INFO  impl.RaftServerImpl (RaftServerImpl.java:setRole(171)) - af92c0b4-0e41-4ee8-9c4d-64ba4f312634:group-5E0D07F3F349 changes role from FOLLOWER to CANDIDATE at term 0 for changeToCandidate
2019-09-10 21:20:57,080 [Thread-273] INFO  impl.RoleInfo (RoleInfo.java:updateAndGet(143)) - af92c0b4-0e41-4ee8-9c4d-64ba4f312634: start LeaderElection
2019-09-10 21:20:57,089 [bace13dd-0802-4326-803e-0fec46858cd5:group-6D95E5DABCDB:LeaderElection10] INFO  impl.LeaderElection (LeaderElection.java:logAndReturn(56)) - bace13dd-0802-4326-803e-0fec46858cd5:group-6D95E5DABCDB:LeaderElection10: Election REJECTED; received 2 response(s) [bace13dd-0802-4326-803e-0fec46858cd5<-d71e7251-7a0d-426c-a65f-b408b127d188#0:FAIL-t1, bace13dd-0802-4326-803e-0fec46858cd5<-00ec61b9-9033-4ccb-bcb3-80e94f49671c#0:FAIL-t1] and 0 exception(s); bace13dd-0802-4326-803e-0fec46858cd5:t1, leader=null, voted=bace13dd-0802-4326-803e-0fec46858cd5, raftlog=bace13dd-0802-4326-803e-0fec46858cd5-SegmentedRaftLog:OPENED:c-1,f-1,i0, conf=-1: [d71e7251-7a0d-426c-a65f-b408b127d188:192.168.69.94:33306, bace13dd-0802-4326-803e-0fec46858cd5:192.168.69.94:41991, 00ec61b9-9033-4ccb-bcb3-80e94f49671c:192.168.69.94:37470], old=null
2019-09-10 21:20:57,089 [bace13dd-0802-4326-803e-0fec46858cd5:group-6D95E5DABCDB:LeaderElection10] INFO  impl.RaftServerImpl (RaftServerImpl.java:setRole(171)) - bace13dd-0802-4326-803e-0fec46858cd5:group-6D95E5DABCDB changes role from CANDIDATE to FOLLOWER at term 1 for DISCOVERED_A_NEW_TERM
2019-09-10 21:20:57,091 [bace13dd-0802-4326-803e-0fec46858cd5:group-6D95E5DABCDB:LeaderElection10] INFO  impl.RoleInfo (RoleInfo.java:shutdownLeaderElection(134)) - bace13dd-0802-4326-803e-0fec46858cd5: shutdown LeaderElection
2019-09-10 21:20:57,092 [bace13dd-0802-4326-803e-0fec46858cd5:group-6D95E5DABCDB:LeaderElection10] INFO  impl.RoleInfo (RoleInfo.java:updateAndGet(143)) - bace13dd-0802-4326-803e-0fec46858cd5: start FollowerState
2019-09-10 21:20:57,093 [Thread-277] INFO  impl.FollowerState (FollowerState.java:run(106)) - 8bacdf4e-3a51-4803-bfd1-91679ace6b3e:group-5E0D07F3F349 changes to CANDIDATE, lastRpcTime:5044, electionTimeout:5042ms
2019-09-10 21:20:57,094 [Thread-277] INFO  impl.RoleInfo (RoleInfo.java:shutdownFollowerState(121)) - 8bacdf4e-3a51-4803-bfd1-91679ace6b3e: shutdown FollowerState
2019-09-10 21:20:57,094 [Thread-277] INFO  impl.RaftServerImpl (RaftServerImpl.java:setRole(171)) - 8bacdf4e-3a51-4803-bfd1-91679ace6b3e:group-5E0D07F3F349 changes role from FOLLOWER to CANDIDATE at term 0 for changeToCandidate
2019-09-10 21:20:57,094 [Thread-277] INFO  impl.RoleInfo (RoleInfo.java:updateAndGet(143)) - 8bacdf4e-3a51-4803-bfd1-91679ace6b3e: start LeaderElection
2019-09-10 21:20:57,119 [af92c0b4-0e41-4ee8-9c4d-64ba4f312634:group-5E0D07F3F349:LeaderElection11] INFO  impl.LeaderElection (LeaderElection.java:askForVotes(181)) - af92c0b4-0e41-4ee8-9c4d-64ba4f312634:group-5E0D07F3F349:LeaderElection11: begin an election at term 1 for -1: [afd7959d-6058-4eae-8525-20abb5601f7f:192.168.69.94:33298, 8bacdf4e-3a51-4803-bfd1-91679ace6b3e:192.168.69.94:43481, af92c0b4-0e41-4ee8-9c4d-64ba4f312634:192.168.69.94:37995], old=null
2019-09-10 21:20:57,119 [8bacdf4e-3a51-4803-bfd1-91679ace6b3e:group-5E0D07F3F349:LeaderElection12] INFO  impl.LeaderElection (LeaderElection.java:askForVotes(181)) - 8bacdf4e-3a51-4803-bfd1-91679ace6b3e:group-5E0D07F3F349:LeaderElection12: begin an election at term 1 for -1: [afd7959d-6058-4eae-8525-20abb5601f7f:192.168.69.94:33298, 8bacdf4e-3a51-4803-bfd1-91679ace6b3e:192.168.69.94:43481, af92c0b4-0e41-4ee8-9c4d-64ba4f312634:192.168.69.94:37995], old=null
2019-09-10 21:20:57,138 [grpc-default-executor-1] INFO  impl.RaftServerImpl (RaftServerImpl.java:setRole(171)) - afd7959d-6058-4eae-8525-20abb5601f7f:group-5E0D07F3F349 changes role from FOLLOWER to FOLLOWER at term 1 for recognizeCandidate:8bacdf4e-3a51-4803-bfd1-91679ace6b3e
2019-09-10 21:20:57,138 [grpc-default-executor-1] INFO  impl.RoleInfo (RoleInfo.java:shutdownFollowerState(121)) - afd7959d-6058-4eae-8525-20abb5601f7f: shutdown FollowerState
2019-09-10 21:20:57,139 [grpc-default-executor-1] INFO  impl.RoleInfo (RoleInfo.java:updateAndGet(143)) - afd7959d-6058-4eae-8525-20abb5601f7f: start FollowerState
2019-09-10 21:20:57,139 [Thread-278] INFO  impl.FollowerState (FollowerState.java:run(114)) - afd7959d-6058-4eae-8525-20abb5601f7f: FollowerState was interrupted: java.lang.InterruptedException: sleep interrupted
2019-09-10 21:20:57,183 [af92c0b4-0e41-4ee8-9c4d-64ba4f312634:group-5E0D07F3F349:LeaderElection11] INFO  impl.LeaderElection (LeaderElection.java:logAndReturn(56)) - af92c0b4-0e41-4ee8-9c4d-64ba4f312634:group-5E0D07F3F349:LeaderElection11: Election REJECTED; received 2 response(s) [af92c0b4-0e41-4ee8-9c4d-64ba4f312634<-afd7959d-6058-4eae-8525-20abb5601f7f#0:FAIL-t1, af92c0b4-0e41-4ee8-9c4d-64ba4f312634<-8bacdf4e-3a51-4803-bfd1-91679ace6b3e#0:FAIL-t1] and 0 exception(s); af92c0b4-0e41-4ee8-9c4d-64ba4f312634:t1, leader=null, voted=af92c0b4-0e41-4ee8-9c4d-64ba4f312634, raftlog=af92c0b4-0e41-4ee8-9c4d-64ba4f312634-SegmentedRaftLog:OPENED:c-1,f-1,i0, conf=-1: [afd7959d-6058-4eae-8525-20abb5601f7f:192.168.69.94:33298, 8bacdf4e-3a51-4803-bfd1-91679ace6b3e:192.168.69.94:43481, af92c0b4-0e41-4ee8-9c4d-64ba4f312634:192.168.69.94:37995], old=null
2019-09-10 21:20:57,184 [8bacdf4e-3a51-4803-bfd1-91679ace6b3e:group-5E0D07F3F349:LeaderElection12] INFO  impl.LeaderElection (LeaderElection.java:logAndReturn(56)) - 8bacdf4e-3a51-4803-bfd1-91679ace6b3e:group-5E0D07F3F349:LeaderElection12: Election PASSED; received 2 response(s) [8bacdf4e-3a51-4803-bfd1-91679ace6b3e<-afd7959d-6058-4eae-8525-20abb5601f7f#0:OK-t1, 8bacdf4e-3a51-4803-bfd1-91679ace6b3e<-af92c0b4-0e41-4ee8-9c4d-64ba4f312634#0:FAIL-t1] and 0 exception(s); 8bacdf4e-3a51-4803-bfd1-91679ace6b3e:t1, leader=null, voted=8bacdf4e-3a51-4803-bfd1-91679ace6b3e, raftlog=8bacdf4e-3a51-4803-bfd1-91679ace6b3e-SegmentedRaftLog:OPENED:c-1,f-1,i0, conf=-1: [afd7959d-6058-4eae-8525-20abb5601f7f:192.168.69.94:33298, 8bacdf4e-3a51-4803-bfd1-91679ace6b3e:192.168.69.94:43481, af92c0b4-0e41-4ee8-9c4d-64ba4f312634:192.168.69.94:37995], old=null
2019-09-10 21:20:57,184 [af92c0b4-0e41-4ee8-9c4d-64ba4f312634:group-5E0D07F3F349:LeaderElection11] INFO  impl.RaftServerImpl (RaftServerImpl.java:setRole(171)) - af92c0b4-0e41-4ee8-9c4d-64ba4f312634:group-5E0D07F3F349 changes role from CANDIDATE to FOLLOWER at term 1 for DISCOVERED_A_NEW_TERM
2019-09-10 21:20:57,196 [af92c0b4-0e41-4ee8-9c4d-64ba4f312634:group-5E0D07F3F349:LeaderElection11] INFO  impl.RoleInfo (RoleInfo.java:shutdownLeaderElection(134)) - af92c0b4-0e41-4ee8-9c4d-64ba4f312634: shutdown LeaderElection
2019-09-10 21:20:57,185 [8bacdf4e-3a51-4803-bfd1-91679ace6b3e:group-5E0D07F3F349:LeaderElection12] INFO  impl.RoleInfo (RoleInfo.java:shutdownLeaderElection(134)) - 8bacdf4e-3a51-4803-bfd1-91679ace6b3e: shutdown LeaderElection
2019-09-10 21:20:57,198 [af92c0b4-0e41-4ee8-9c4d-64ba4f312634:group-5E0D07F3F349:LeaderElection11] INFO  impl.RoleInfo (RoleInfo.java:updateAndGet(143)) - af92c0b4-0e41-4ee8-9c4d-64ba4f312634: start FollowerState
2019-09-10 21:20:57,198 [8bacdf4e-3a51-4803-bfd1-91679ace6b3e:group-5E0D07F3F349:LeaderElection12] INFO  impl.RaftServerImpl (RaftServerImpl.java:setRole(171)) - 8bacdf4e-3a51-4803-bfd1-91679ace6b3e:group-5E0D07F3F349 changes role from CANDIDATE to LEADER at term 1 for changeToLeader
2019-09-10 21:20:57,198 [8bacdf4e-3a51-4803-bfd1-91679ace6b3e:group-5E0D07F3F349:LeaderElection12] INFO  impl.RaftServerImpl (ServerState.java:setLeader(263)) - 8bacdf4e-3a51-4803-bfd1-91679ace6b3e:group-5E0D07F3F349 change Leader from null to 8bacdf4e-3a51-4803-bfd1-91679ace6b3e at term 1 for becomeLeader, leader elected after 5172ms
2019-09-10 21:20:57,199 [8bacdf4e-3a51-4803-bfd1-91679ace6b3e:group-5E0D07F3F349:LeaderElection12] INFO  server.RaftServerConfigKeys (ConfUtils.java:logGet(43)) - raft.server.staging.catchup.gap = 1000 (default)
2019-09-10 21:20:57,199 [8bacdf4e-3a51-4803-bfd1-91679ace6b3e:group-5E0D07F3F349:LeaderElection12] INFO  server.RaftServerConfigKeys (ConfUtils.java:logGet(43)) - raft.server.rpc.sleep.time = 25ms (default)
2019-09-10 21:20:57,199 [8bacdf4e-3a51-4803-bfd1-91679ace6b3e:group-5E0D07F3F349:LeaderElection12] INFO  server.RaftServerConfigKeys (ConfUtils.java:logGet(43)) - raft.server.write.element-limit = 4096 (default)
2019-09-10 21:20:57,199 [8bacdf4e-3a51-4803-bfd1-91679ace6b3e:group-5E0D07F3F349:LeaderElection12] INFO  server.RaftServerConfigKeys (ConfUtils.java:logGet(43)) - raft.server.watch.timeout = 10s (default)
2019-09-10 21:20:57,199 [8bacdf4e-3a51-4803-bfd1-91679ace6b3e:group-5E0D07F3F349:LeaderElection12] INFO  server.RaftServerConfigKeys (ConfUtils.java:logGet(43)) - raft.server.watch.timeout.denomination = 1s (default)
2019-09-10 21:20:57,199 [8bacdf4e-3a51-4803-bfd1-91679ace6b3e:group-5E0D07F3F349:LeaderElection12] INFO  server.RaftServerConfigKeys (ConfUtils.java:logGet(43)) - raft.server.watch.element-limit = 65536 (default)
2019-09-10 21:20:57,202 [8bacdf4e-3a51-4803-bfd1-91679ace6b3e:group-5E0D07F3F349:LeaderElection12] INFO  server.RaftServerConfigKeys (ConfUtils.java:logGet(43)) - raft.server.log.appender.snapshot.chunk.size.max = 16MB (=16777216) (default)
2019-09-10 21:20:57,203 [8bacdf4e-3a51-4803-bfd1-91679ace6b3e:group-5E0D07F3F349:LeaderElection12] INFO  server.RaftServerConfigKeys (ConfUtils.java:logGet(43)) - raft.server.log.appender.buffer.byte-limit = 33554432 (custom)
2019-09-10 21:20:57,203 [8bacdf4e-3a51-4803-bfd1-91679ace6b3e:group-5E0D07F3F349:LeaderElection12] INFO  server.RaftServerConfigKeys (ConfUtils.java:logGet(43)) - raft.server.log.appender.buffer.element-limit = 1 (custom)
2019-09-10 21:20:57,207 [8bacdf4e-3a51-4803-bfd1-91679ace6b3e:group-5E0D07F3F349:LeaderElection12] INFO  grpc.GrpcConfigKeys$Server (ConfUtils.java:logGet(43)) - raft.grpc.server.leader.outstanding.appends.max = 128 (default)
2019-09-10 21:20:57,213 [8bacdf4e-3a51-4803-bfd1-91679ace6b3e:group-5E0D07F3F349:LeaderElection12] INFO  server.RaftServerConfigKeys (ConfUtils.java:logGet(43)) - raft.server.rpc.request.timeout = 3000ms (default)
2019-09-10 21:20:57,214 [8bacdf4e-3a51-4803-bfd1-91679ace6b3e:group-5E0D07F3F349:LeaderElection12] INFO  server.RaftServerConfigKeys (ConfUtils.java:logGet(43)) - raft.server.log.appender.install.snapshot.enabled = false (custom)
2019-09-10 21:20:57,214 [8bacdf4e-3a51-4803-bfd1-91679ace6b3e:group-5E0D07F3F349:LeaderElection12] INFO  server.RaftServerConfigKeys (ConfUtils.java:logGet(43)) - raft.server.log.appender.snapshot.chunk.size.max = 16MB (=16777216) (default)
2019-09-10 21:20:57,214 [8bacdf4e-3a51-4803-bfd1-91679ace6b3e:group-5E0D07F3F349:LeaderElection12] INFO  server.RaftServerConfigKeys (ConfUtils.java:logGet(43)) - raft.server.log.appender.buffer.byte-limit = 33554432 (custom)
2019-09-10 21:20:57,214 [8bacdf4e-3a51-4803-bfd1-91679ace6b3e:group-5E0D07F3F349:LeaderElection12] INFO  server.RaftServerConfigKeys (ConfUtils.java:logGet(43)) - raft.server.log.appender.buffer.element-limit = 1 (custom)
2019-09-10 21:20:57,214 [8bacdf4e-3a51-4803-bfd1-91679ace6b3e:group-5E0D07F3F349:LeaderElection12] INFO  grpc.GrpcConfigKeys$Server (ConfUtils.java:logGet(43)) - raft.grpc.server.leader.outstanding.appends.max = 128 (default)
2019-09-10 21:20:57,215 [8bacdf4e-3a51-4803-bfd1-91679ace6b3e:group-5E0D07F3F349:LeaderElection12] INFO  server.RaftServerConfigKeys (ConfUtils.java:logGet(43)) - raft.server.rpc.request.timeout = 3000ms (default)
2019-09-10 21:20:57,215 [8bacdf4e-3a51-4803-bfd1-91679ace6b3e:group-5E0D07F3F349:LeaderElection12] INFO  server.RaftServerConfigKeys (ConfUtils.java:logGet(43)) - raft.server.log.appender.install.snapshot.enabled = false (custom)
2019-09-10 21:20:57,216 [8bacdf4e-3a51-4803-bfd1-91679ace6b3e:group-5E0D07F3F349:LeaderElection12] INFO  impl.RoleInfo (RoleInfo.java:updateAndGet(143)) - 8bacdf4e-3a51-4803-bfd1-91679ace6b3e: start LeaderState
2019-09-10 21:20:57,217 [8bacdf4e-3a51-4803-bfd1-91679ace6b3e:group-5E0D07F3F349:LeaderElection12] INFO  segmented.SegmentedRaftLogWorker (SegmentedRaftLogWorker.java:startLogSegment(380)) - 8bacdf4e-3a51-4803-bfd1-91679ace6b3e-SegmentedRaftLogWorker:Storage Directory /workdir/hadoop-ozone/integration-test/target/test-dir/MiniOzoneClusterImpl-fdd04c0c-114b-4de3-8536-b28dc82e2d50/datanode-6/data/ratis/5bce46a0-ee2d-41b3-b06f-5e0d07f3f349: Starting segment from index:0
2019-09-10 21:20:57,218 [8bacdf4e-3a51-4803-bfd1-91679ace6b3e:group-5E0D07F3F349:LeaderElection12] INFO  impl.RaftServerImpl (ServerState.java:setRaftConf(361)) - 8bacdf4e-3a51-4803-bfd1-91679ace6b3e:group-5E0D07F3F349 set configuration 0: [afd7959d-6058-4eae-8525-20abb5601f7f:192.168.69.94:33298, 8bacdf4e-3a51-4803-bfd1-91679ace6b3e:192.168.69.94:43481, af92c0b4-0e41-4ee8-9c4d-64ba4f312634:192.168.69.94:37995], old=null at 0
2019-09-10 21:20:57,253 [grpc-default-executor-0] INFO  impl.RaftServerImpl (ServerState.java:setLeader(263)) - afd7959d-6058-4eae-8525-20abb5601f7f:group-5E0D07F3F349 change Leader from null to 8bacdf4e-3a51-4803-bfd1-91679ace6b3e at term 1 for appendEntries, leader elected after 5227ms
2019-09-10 21:20:57,253 [grpc-default-executor-1] INFO  impl.RaftServerImpl (ServerState.java:setLeader(263)) - af92c0b4-0e41-4ee8-9c4d-64ba4f312634:group-5E0D07F3F349 change Leader from null to 8bacdf4e-3a51-4803-bfd1-91679ace6b3e at term 1 for appendEntries, leader elected after 5227ms
2019-09-10 21:20:57,286 [8bacdf4e-3a51-4803-bfd1-91679ace6b3e-SegmentedRaftLogWorker:Storage Directory /workdir/hadoop-ozone/integration-test/target/test-dir/MiniOzoneClusterImpl-fdd04c0c-114b-4de3-8536-b28dc82e2d50/datanode-6/data/ratis/5bce46a0-ee2d-41b3-b06f-5e0d07f3f349] INFO  segmented.SegmentedRaftLogWorker (SegmentedRaftLogWorker.java:execute(569)) - 8bacdf4e-3a51-4803-bfd1-91679ace6b3e-SegmentedRaftLogWorker:Storage Directory /workdir/hadoop-ozone/integration-test/target/test-dir/MiniOzoneClusterImpl-fdd04c0c-114b-4de3-8536-b28dc82e2d50/datanode-6/data/ratis/5bce46a0-ee2d-41b3-b06f-5e0d07f3f349: created new log segment /workdir/hadoop-ozone/integration-test/target/test-dir/MiniOzoneClusterImpl-fdd04c0c-114b-4de3-8536-b28dc82e2d50/datanode-6/data/ratis/5bce46a0-ee2d-41b3-b06f-5e0d07f3f349/current/log_inprogress_0
2019-09-10 21:20:57,290 [grpc-default-executor-0] INFO  impl.RaftServerImpl (ServerState.java:setRaftConf(361)) - afd7959d-6058-4eae-8525-20abb5601f7f:group-5E0D07F3F349 set configuration 0: [afd7959d-6058-4eae-8525-20abb5601f7f:192.168.69.94:33298, 8bacdf4e-3a51-4803-bfd1-91679ace6b3e:192.168.69.94:43481, af92c0b4-0e41-4ee8-9c4d-64ba4f312634:192.168.69.94:37995], old=null at 0
2019-09-10 21:20:57,290 [grpc-default-executor-1] INFO  impl.RaftServerImpl (ServerState.java:setRaftConf(361)) - af92c0b4-0e41-4ee8-9c4d-64ba4f312634:group-5E0D07F3F349 set configuration 0: [afd7959d-6058-4eae-8525-20abb5601f7f:192.168.69.94:33298, 8bacdf4e-3a51-4803-bfd1-91679ace6b3e:192.168.69.94:43481, af92c0b4-0e41-4ee8-9c4d-64ba4f312634:192.168.69.94:37995], old=null at 0
2019-09-10 21:20:57,292 [grpc-default-executor-0] INFO  segmented.SegmentedRaftLogWorker (SegmentedRaftLogWorker.java:startLogSegment(380)) - afd7959d-6058-4eae-8525-20abb5601f7f-SegmentedRaftLogWorker:Storage Directory /workdir/hadoop-ozone/integration-test/target/test-dir/MiniOzoneClusterImpl-fdd04c0c-114b-4de3-8536-b28dc82e2d50/datanode-0/data/ratis/5bce46a0-ee2d-41b3-b06f-5e0d07f3f349: Starting segment from index:0
2019-09-10 21:20:57,292 [grpc-default-executor-1] INFO  segmented.SegmentedRaftLogWorker (SegmentedRaftLogWorker.java:startLogSegment(380)) - af92c0b4-0e41-4ee8-9c4d-64ba4f312634-SegmentedRaftLogWorker:Storage Directory /workdir/hadoop-ozone/integration-test/target/test-dir/MiniOzoneClusterImpl-fdd04c0c-114b-4de3-8536-b28dc82e2d50/datanode-5/data/ratis/5bce46a0-ee2d-41b3-b06f-5e0d07f3f349: Starting segment from index:0
2019-09-10 21:20:57,362 [af92c0b4-0e41-4ee8-9c4d-64ba4f312634-SegmentedRaftLogWorker:Storage Directory /workdir/hadoop-ozone/integration-test/target/test-dir/MiniOzoneClusterImpl-fdd04c0c-114b-4de3-8536-b28dc82e2d50/datanode-5/data/ratis/5bce46a0-ee2d-41b3-b06f-5e0d07f3f349] INFO  segmented.SegmentedRaftLogWorker (SegmentedRaftLogWorker.java:execute(569)) - af92c0b4-0e41-4ee8-9c4d-64ba4f312634-SegmentedRaftLogWorker:Storage Directory /workdir/hadoop-ozone/integration-test/target/test-dir/MiniOzoneClusterImpl-fdd04c0c-114b-4de3-8536-b28dc82e2d50/datanode-5/data/ratis/5bce46a0-ee2d-41b3-b06f-5e0d07f3f349: created new log segment /workdir/hadoop-ozone/integration-test/target/test-dir/MiniOzoneClusterImpl-fdd04c0c-114b-4de3-8536-b28dc82e2d50/datanode-5/data/ratis/5bce46a0-ee2d-41b3-b06f-5e0d07f3f349/current/log_inprogress_0
2019-09-10 21:20:57,362 [afd7959d-6058-4eae-8525-20abb5601f7f-SegmentedRaftLogWorker:Storage Directory /workdir/hadoop-ozone/integration-test/target/test-dir/MiniOzoneClusterImpl-fdd04c0c-114b-4de3-8536-b28dc82e2d50/datanode-0/data/ratis/5bce46a0-ee2d-41b3-b06f-5e0d07f3f349] INFO  segmented.SegmentedRaftLogWorker (SegmentedRaftLogWorker.java:execute(569)) - afd7959d-6058-4eae-8525-20abb5601f7f-SegmentedRaftLogWorker:Storage Directory /workdir/hadoop-ozone/integration-test/target/test-dir/MiniOzoneClusterImpl-fdd04c0c-114b-4de3-8536-b28dc82e2d50/datanode-0/data/ratis/5bce46a0-ee2d-41b3-b06f-5e0d07f3f349: created new log segment /workdir/hadoop-ozone/integration-test/target/test-dir/MiniOzoneClusterImpl-fdd04c0c-114b-4de3-8536-b28dc82e2d50/datanode-0/data/ratis/5bce46a0-ee2d-41b3-b06f-5e0d07f3f349/current/log_inprogress_0
2019-09-10 21:20:58,013 [grpc-default-executor-0] INFO  client.GrpcClientProtocolClient (GrpcClientProtocolClient.java:onNext(255)) - client-09F8E2A6F3B0->d71e7251-7a0d-426c-a65f-b408b127d188: receive RaftClientReply:client-09F8E2A6F3B0->d71e7251-7a0d-426c-a65f-b408b127d188@group-6D95E5DABCDB, cid=13, FAILED org.apache.ratis.protocol.NotLeaderException: Server d71e7251-7a0d-426c-a65f-b408b127d188 is not the leader (null). Request must be sent to leader., logIndex=0, commits[d71e7251-7a0d-426c-a65f-b408b127d188:c-1]
2019-09-10 21:20:59,042 [grpc-default-executor-1] INFO  client.GrpcClientProtocolClient (GrpcClientProtocolClient.java:onNext(255)) - client-09F8E2A6F3B0->bace13dd-0802-4326-803e-0fec46858cd5: receive RaftClientReply:client-09F8E2A6F3B0->bace13dd-0802-4326-803e-0fec46858cd5@group-6D95E5DABCDB, cid=13, FAILED org.apache.ratis.protocol.NotLeaderException: Server bace13dd-0802-4326-803e-0fec46858cd5 is not the leader (null). Request must be sent to leader., logIndex=0, commits[bace13dd-0802-4326-803e-0fec46858cd5:c-1]
2019-09-10 21:21:00,067 [grpc-default-executor-0] INFO  client.GrpcClientProtocolClient (GrpcClientProtocolClient.java:onNext(255)) - client-09F8E2A6F3B0->00ec61b9-9033-4ccb-bcb3-80e94f49671c: receive RaftClientReply:client-09F8E2A6F3B0->00ec61b9-9033-4ccb-bcb3-80e94f49671c@group-6D95E5DABCDB, cid=13, FAILED org.apache.ratis.protocol.NotLeaderException: Server 00ec61b9-9033-4ccb-bcb3-80e94f49671c is not the leader (null). Request must be sent to leader., logIndex=0, commits[00ec61b9-9033-4ccb-bcb3-80e94f49671c:c-1]
2019-09-10 21:21:01,093 [grpc-default-executor-1] INFO  client.GrpcClientProtocolClient (GrpcClientProtocolClient.java:onNext(255)) - client-09F8E2A6F3B0->bace13dd-0802-4326-803e-0fec46858cd5: receive RaftClientReply:client-09F8E2A6F3B0->bace13dd-0802-4326-803e-0fec46858cd5@group-6D95E5DABCDB, cid=13, FAILED org.apache.ratis.protocol.NotLeaderException: Server bace13dd-0802-4326-803e-0fec46858cd5 is not the leader (null). Request must be sent to leader., logIndex=0, commits[bace13dd-0802-4326-803e-0fec46858cd5:c-1]
2019-09-10 21:21:02,117 [grpc-default-executor-0] INFO  client.GrpcClientProtocolClient (GrpcClientProtocolClient.java:onNext(255)) - client-09F8E2A6F3B0->d71e7251-7a0d-426c-a65f-b408b127d188: receive RaftClientReply:client-09F8E2A6F3B0->d71e7251-7a0d-426c-a65f-b408b127d188@group-6D95E5DABCDB, cid=13, FAILED org.apache.ratis.protocol.NotLeaderException: Server d71e7251-7a0d-426c-a65f-b408b127d188 is not the leader (null). Request must be sent to leader., logIndex=0, commits[d71e7251-7a0d-426c-a65f-b408b127d188:c-1]
2019-09-10 21:21:02,119 [Thread-320] INFO  impl.FollowerState (FollowerState.java:run(106)) - d71e7251-7a0d-426c-a65f-b408b127d188:group-6D95E5DABCDB changes to CANDIDATE, lastRpcTime:5043, electionTimeout:5041ms
2019-09-10 21:21:02,136 [Thread-320] INFO  impl.RoleInfo (RoleInfo.java:shutdownFollowerState(121)) - d71e7251-7a0d-426c-a65f-b408b127d188: shutdown FollowerState
2019-09-10 21:21:02,136 [Thread-320] INFO  impl.RaftServerImpl (RaftServerImpl.java:setRole(171)) - d71e7251-7a0d-426c-a65f-b408b127d188:group-6D95E5DABCDB changes role from FOLLOWER to CANDIDATE at term 1 for changeToCandidate
2019-09-10 21:21:02,137 [Thread-320] INFO  impl.RoleInfo (RoleInfo.java:updateAndGet(143)) - d71e7251-7a0d-426c-a65f-b408b127d188: start LeaderElection
2019-09-10 21:21:02,152 [Thread-321] INFO  impl.FollowerState (FollowerState.java:run(106)) - 00ec61b9-9033-4ccb-bcb3-80e94f49671c:group-6D95E5DABCDB changes to CANDIDATE, lastRpcTime:5075, electionTimeout:5074ms
2019-09-10 21:21:02,153 [Thread-321] INFO  impl.RoleInfo (RoleInfo.java:shutdownFollowerState(121)) - 00ec61b9-9033-4ccb-bcb3-80e94f49671c: shutdown FollowerState
2019-09-10 21:21:02,153 [Thread-321] INFO  impl.RaftServerImpl (RaftServerImpl.java:setRole(171)) - 00ec61b9-9033-4ccb-bcb3-80e94f49671c:group-6D95E5DABCDB changes role from FOLLOWER to CANDIDATE at term 1 for changeToCandidate
2019-09-10 21:21:02,153 [Thread-321] INFO  impl.RoleInfo (RoleInfo.java:updateAndGet(143)) - 00ec61b9-9033-4ccb-bcb3-80e94f49671c: start LeaderElection
2019-09-10 21:21:02,174 [d71e7251-7a0d-426c-a65f-b408b127d188:group-6D95E5DABCDB:LeaderElection13] INFO  impl.LeaderElection (LeaderElection.java:askForVotes(181)) - d71e7251-7a0d-426c-a65f-b408b127d188:group-6D95E5DABCDB:LeaderElection13: begin an election at term 2 for -1: [d71e7251-7a0d-426c-a65f-b408b127d188:192.168.69.94:33306, bace13dd-0802-4326-803e-0fec46858cd5:192.168.69.94:41991, 00ec61b9-9033-4ccb-bcb3-80e94f49671c:192.168.69.94:37470], old=null
2019-09-10 21:21:02,174 [00ec61b9-9033-4ccb-bcb3-80e94f49671c:group-6D95E5DABCDB:LeaderElection14] INFO  impl.LeaderElection (LeaderElection.java:askForVotes(181)) - 00ec61b9-9033-4ccb-bcb3-80e94f49671c:group-6D95E5DABCDB:LeaderElection14: begin an election at term 2 for -1: [d71e7251-7a0d-426c-a65f-b408b127d188:192.168.69.94:33306, bace13dd-0802-4326-803e-0fec46858cd5:192.168.69.94:41991, 00ec61b9-9033-4ccb-bcb3-80e94f49671c:192.168.69.94:37470], old=null
2019-09-10 21:21:02,186 [grpc-default-executor-0] INFO  impl.RaftServerImpl (RaftServerImpl.java:setRole(171)) - bace13dd-0802-4326-803e-0fec46858cd5:group-6D95E5DABCDB changes role from FOLLOWER to FOLLOWER at term 2 for recognizeCandidate:00ec61b9-9033-4ccb-bcb3-80e94f49671c
2019-09-10 21:21:02,186 [grpc-default-executor-0] INFO  impl.RoleInfo (RoleInfo.java:shutdownFollowerState(121)) - bace13dd-0802-4326-803e-0fec46858cd5: shutdown FollowerState
2019-09-10 21:21:02,188 [grpc-default-executor-0] INFO  impl.RoleInfo (RoleInfo.java:updateAndGet(143)) - bace13dd-0802-4326-803e-0fec46858cd5: start FollowerState
2019-09-10 21:21:02,189 [Thread-323] INFO  impl.FollowerState (FollowerState.java:run(114)) - bace13dd-0802-4326-803e-0fec46858cd5: FollowerState was interrupted: java.lang.InterruptedException: sleep interrupted
2019-09-10 21:21:02,249 [00ec61b9-9033-4ccb-bcb3-80e94f49671c:group-6D95E5DABCDB:LeaderElection14] INFO  impl.LeaderElection (LeaderElection.java:logAndReturn(56)) - 00ec61b9-9033-4ccb-bcb3-80e94f49671c:group-6D95E5DABCDB:LeaderElection14: Election PASSED; received 2 response(s) [00ec61b9-9033-4ccb-bcb3-80e94f49671c<-d71e7251-7a0d-426c-a65f-b408b127d188#0:FAIL-t2, 00ec61b9-9033-4ccb-bcb3-80e94f49671c<-bace13dd-0802-4326-803e-0fec46858cd5#0:OK-t2] and 0 exception(s); 00ec61b9-9033-4ccb-bcb3-80e94f49671c:t2, leader=null, voted=00ec61b9-9033-4ccb-bcb3-80e94f49671c, raftlog=00ec61b9-9033-4ccb-bcb3-80e94f49671c-SegmentedRaftLog:OPENED:c-1,f-1,i0, conf=-1: [d71e7251-7a0d-426c-a65f-b408b127d188:192.168.69.94:33306, bace13dd-0802-4326-803e-0fec46858cd5:192.168.69.94:41991, 00ec61b9-9033-4ccb-bcb3-80e94f49671c:192.168.69.94:37470], old=null
2019-09-10 21:21:02,250 [00ec61b9-9033-4ccb-bcb3-80e94f49671c:group-6D95E5DABCDB:LeaderElection14] INFO  impl.RoleInfo (RoleInfo.java:shutdownLeaderElection(134)) - 00ec61b9-9033-4ccb-bcb3-80e94f49671c: shutdown LeaderElection
2019-09-10 21:21:02,253 [00ec61b9-9033-4ccb-bcb3-80e94f49671c:group-6D95E5DABCDB:LeaderElection14] INFO  impl.RaftServerImpl (RaftServerImpl.java:setRole(171)) - 00ec61b9-9033-4ccb-bcb3-80e94f49671c:group-6D95E5DABCDB changes role from CANDIDATE to LEADER at term 2 for changeToLeader
2019-09-10 21:21:02,253 [00ec61b9-9033-4ccb-bcb3-80e94f49671c:group-6D95E5DABCDB:LeaderElection14] INFO  impl.RaftServerImpl (ServerState.java:setLeader(263)) - 00ec61b9-9033-4ccb-bcb3-80e94f49671c:group-6D95E5DABCDB change Leader from null to 00ec61b9-9033-4ccb-bcb3-80e94f49671c at term 2 for becomeLeader, leader elected after 10353ms
2019-09-10 21:21:02,253 [d71e7251-7a0d-426c-a65f-b408b127d188:group-6D95E5DABCDB:LeaderElection13] INFO  impl.LeaderElection (LeaderElection.java:logAndReturn(56)) - d71e7251-7a0d-426c-a65f-b408b127d188:group-6D95E5DABCDB:LeaderElection13: Election REJECTED; received 2 response(s) [d71e7251-7a0d-426c-a65f-b408b127d188<-bace13dd-0802-4326-803e-0fec46858cd5#0:FAIL-t2, d71e7251-7a0d-426c-a65f-b408b127d188<-00ec61b9-9033-4ccb-bcb3-80e94f49671c#0:FAIL-t2] and 0 exception(s); d71e7251-7a0d-426c-a65f-b408b127d188:t2, leader=null, voted=d71e7251-7a0d-426c-a65f-b408b127d188, raftlog=d71e7251-7a0d-426c-a65f-b408b127d188-SegmentedRaftLog:OPENED:c-1,f-1,i0, conf=-1: [d71e7251-7a0d-426c-a65f-b408b127d188:192.168.69.94:33306, bace13dd-0802-4326-803e-0fec46858cd5:192.168.69.94:41991, 00ec61b9-9033-4ccb-bcb3-80e94f49671c:192.168.69.94:37470], old=null
2019-09-10 21:21:02,253 [00ec61b9-9033-4ccb-bcb3-80e94f49671c:group-6D95E5DABCDB:LeaderElection14] INFO  server.RaftServerConfigKeys (ConfUtils.java:logGet(43)) - raft.server.staging.catchup.gap = 1000 (default)
2019-09-10 21:21:02,253 [d71e7251-7a0d-426c-a65f-b408b127d188:group-6D95E5DABCDB:LeaderElection13] INFO  impl.RaftServerImpl (RaftServerImpl.java:setRole(171)) - d71e7251-7a0d-426c-a65f-b408b127d188:group-6D95E5DABCDB changes role from CANDIDATE to FOLLOWER at term 2 for DISCOVERED_A_NEW_TERM
2019-09-10 21:21:02,255 [00ec61b9-9033-4ccb-bcb3-80e94f49671c:group-6D95E5DABCDB:LeaderElection14] INFO  server.RaftServerConfigKeys (ConfUtils.java:logGet(43)) - raft.server.rpc.sleep.time = 25ms (default)
2019-09-10 21:21:02,256 [d71e7251-7a0d-426c-a65f-b408b127d188:group-6D95E5DABCDB:LeaderElection13] INFO  impl.RoleInfo (RoleInfo.java:shutdownLeaderElection(134)) - d71e7251-7a0d-426c-a65f-b408b127d188: shutdown LeaderElection
2019-09-10 21:21:02,256 [00ec61b9-9033-4ccb-bcb3-80e94f49671c:group-6D95E5DABCDB:LeaderElection14] INFO  server.RaftServerConfigKeys (ConfUtils.java:logGet(43)) - raft.server.write.element-limit = 4096 (default)
2019-09-10 21:21:02,256 [d71e7251-7a0d-426c-a65f-b408b127d188:group-6D95E5DABCDB:LeaderElection13] INFO  impl.RoleInfo (RoleInfo.java:updateAndGet(143)) - d71e7251-7a0d-426c-a65f-b408b127d188: start FollowerState
2019-09-10 21:21:02,256 [00ec61b9-9033-4ccb-bcb3-80e94f49671c:group-6D95E5DABCDB:LeaderElection14] INFO  server.RaftServerConfigKeys (ConfUtils.java:logGet(43)) - raft.server.watch.timeout = 10s (default)
2019-09-10 21:21:02,258 [00ec61b9-9033-4ccb-bcb3-80e94f49671c:group-6D95E5DABCDB:LeaderElection14] INFO  server.RaftServerConfigKeys (ConfUtils.java:logGet(43)) - raft.server.watch.timeout.denomination = 1s (default)
2019-09-10 21:21:02,259 [00ec61b9-9033-4ccb-bcb3-80e94f49671c:group-6D95E5DABCDB:LeaderElection14] INFO  server.RaftServerConfigKeys (ConfUtils.java:logGet(43)) - raft.server.watch.element-limit = 65536 (default)
2019-09-10 21:21:02,259 [00ec61b9-9033-4ccb-bcb3-80e94f49671c:group-6D95E5DABCDB:LeaderElection14] INFO  server.RaftServerConfigKeys (ConfUtils.java:logGet(43)) - raft.server.log.appender.snapshot.chunk.size.max = 16MB (=16777216) (default)
2019-09-10 21:21:02,259 [00ec61b9-9033-4ccb-bcb3-80e94f49671c:group-6D95E5DABCDB:LeaderElection14] INFO  server.RaftServerConfigKeys (ConfUtils.java:logGet(43)) - raft.server.log.appender.buffer.byte-limit = 33554432 (custom)
2019-09-10 21:21:02,260 [00ec61b9-9033-4ccb-bcb3-80e94f49671c:group-6D95E5DABCDB:LeaderElection14] INFO  server.RaftServerConfigKeys (ConfUtils.java:logGet(43)) - raft.server.log.appender.buffer.element-limit = 1 (custom)
2019-09-10 21:21:02,260 [00ec61b9-9033-4ccb-bcb3-80e94f49671c:group-6D95E5DABCDB:LeaderElection14] INFO  grpc.GrpcConfigKeys$Server (ConfUtils.java:logGet(43)) - raft.grpc.server.leader.outstanding.appends.max = 128 (default)
2019-09-10 21:21:02,262 [00ec61b9-9033-4ccb-bcb3-80e94f49671c:group-6D95E5DABCDB:LeaderElection14] INFO  server.RaftServerConfigKeys (ConfUtils.java:logGet(43)) - raft.server.rpc.request.timeout = 3000ms (default)
2019-09-10 21:21:02,262 [00ec61b9-9033-4ccb-bcb3-80e94f49671c:group-6D95E5DABCDB:LeaderElection14] INFO  server.RaftServerConfigKeys (ConfUtils.java:logGet(43)) - raft.server.log.appender.install.snapshot.enabled = false (custom)
2019-09-10 21:21:02,263 [00ec61b9-9033-4ccb-bcb3-80e94f49671c:group-6D95E5DABCDB:LeaderElection14] INFO  server.RaftServerConfigKeys (ConfUtils.java:logGet(43)) - raft.server.log.appender.snapshot.chunk.size.max = 16MB (=16777216) (default)
2019-09-10 21:21:02,263 [00ec61b9-9033-4ccb-bcb3-80e94f49671c:group-6D95E5DABCDB:LeaderElection14] INFO  server.RaftServerConfigKeys (ConfUtils.java:logGet(43)) - raft.server.log.appender.buffer.byte-limit = 33554432 (custom)
2019-09-10 21:21:02,263 [00ec61b9-9033-4ccb-bcb3-80e94f49671c:group-6D95E5DABCDB:LeaderElection14] INFO  server.RaftServerConfigKeys (ConfUtils.java:logGet(43)) - raft.server.log.appender.buffer.element-limit = 1 (custom)
2019-09-10 21:21:02,263 [00ec61b9-9033-4ccb-bcb3-80e94f49671c:group-6D95E5DABCDB:LeaderElection14] INFO  grpc.GrpcConfigKeys$Server (ConfUtils.java:logGet(43)) - raft.grpc.server.leader.outstanding.appends.max = 128 (default)
2019-09-10 21:21:02,264 [00ec61b9-9033-4ccb-bcb3-80e94f49671c:group-6D95E5DABCDB:LeaderElection14] INFO  server.RaftServerConfigKeys (ConfUtils.java:logGet(43)) - raft.server.rpc.request.timeout = 3000ms (default)
2019-09-10 21:21:02,264 [00ec61b9-9033-4ccb-bcb3-80e94f49671c:group-6D95E5DABCDB:LeaderElection14] INFO  server.RaftServerConfigKeys (ConfUtils.java:logGet(43)) - raft.server.log.appender.install.snapshot.enabled = false (custom)
2019-09-10 21:21:02,264 [00ec61b9-9033-4ccb-bcb3-80e94f49671c:group-6D95E5DABCDB:LeaderElection14] INFO  impl.RoleInfo (RoleInfo.java:updateAndGet(143)) - 00ec61b9-9033-4ccb-bcb3-80e94f49671c: start LeaderState
2019-09-10 21:21:02,264 [00ec61b9-9033-4ccb-bcb3-80e94f49671c:group-6D95E5DABCDB:LeaderElection14] INFO  segmented.SegmentedRaftLogWorker (SegmentedRaftLogWorker.java:startLogSegment(380)) - 00ec61b9-9033-4ccb-bcb3-80e94f49671c-SegmentedRaftLogWorker:Storage Directory /workdir/hadoop-ozone/integration-test/target/test-dir/MiniOzoneClusterImpl-fdd04c0c-114b-4de3-8536-b28dc82e2d50/datanode-2/data/ratis/64c54897-f9d7-4d47-b158-6d95e5dabcdb: Starting segment from index:0
2019-09-10 21:21:02,265 [00ec61b9-9033-4ccb-bcb3-80e94f49671c:group-6D95E5DABCDB:LeaderElection14] INFO  impl.RaftServerImpl (ServerState.java:setRaftConf(361)) - 00ec61b9-9033-4ccb-bcb3-80e94f49671c:group-6D95E5DABCDB set configuration 0: [d71e7251-7a0d-426c-a65f-b408b127d188:192.168.69.94:33306, bace13dd-0802-4326-803e-0fec46858cd5:192.168.69.94:41991, 00ec61b9-9033-4ccb-bcb3-80e94f49671c:192.168.69.94:37470], old=null at 0
2019-09-10 21:21:02,302 [grpc-default-executor-0] INFO  impl.RaftServerImpl (ServerState.java:setLeader(263)) - d71e7251-7a0d-426c-a65f-b408b127d188:group-6D95E5DABCDB change Leader from null to 00ec61b9-9033-4ccb-bcb3-80e94f49671c at term 2 for appendEntries, leader elected after 10403ms
2019-09-10 21:21:02,303 [grpc-default-executor-1] INFO  impl.RaftServerImpl (ServerState.java:setLeader(263)) - bace13dd-0802-4326-803e-0fec46858cd5:group-6D95E5DABCDB change Leader from null to 00ec61b9-9033-4ccb-bcb3-80e94f49671c at term 2 for appendEntries, leader elected after 10404ms
2019-09-10 21:21:02,307 [grpc-default-executor-1] INFO  impl.RaftServerImpl (ServerState.java:setRaftConf(361)) - d71e7251-7a0d-426c-a65f-b408b127d188:group-6D95E5DABCDB set configuration 0: [d71e7251-7a0d-426c-a65f-b408b127d188:192.168.69.94:33306, bace13dd-0802-4326-803e-0fec46858cd5:192.168.69.94:41991, 00ec61b9-9033-4ccb-bcb3-80e94f49671c:192.168.69.94:37470], old=null at 0
2019-09-10 21:21:02,307 [grpc-default-executor-0] INFO  impl.RaftServerImpl (ServerState.java:setRaftConf(361)) - bace13dd-0802-4326-803e-0fec46858cd5:group-6D95E5DABCDB set configuration 0: [d71e7251-7a0d-426c-a65f-b408b127d188:192.168.69.94:33306, bace13dd-0802-4326-803e-0fec46858cd5:192.168.69.94:41991, 00ec61b9-9033-4ccb-bcb3-80e94f49671c:192.168.69.94:37470], old=null at 0
2019-09-10 21:21:02,307 [grpc-default-executor-1] INFO  segmented.SegmentedRaftLogWorker (SegmentedRaftLogWorker.java:startLogSegment(380)) - d71e7251-7a0d-426c-a65f-b408b127d188-SegmentedRaftLogWorker:Storage Directory /workdir/hadoop-ozone/integration-test/target/test-dir/MiniOzoneClusterImpl-fdd04c0c-114b-4de3-8536-b28dc82e2d50/datanode-3/data/ratis/64c54897-f9d7-4d47-b158-6d95e5dabcdb: Starting segment from index:0
2019-09-10 21:21:02,307 [grpc-default-executor-0] INFO  segmented.SegmentedRaftLogWorker (SegmentedRaftLogWorker.java:startLogSegment(380)) - bace13dd-0802-4326-803e-0fec46858cd5-SegmentedRaftLogWorker:Storage Directory /workdir/hadoop-ozone/integration-test/target/test-dir/MiniOzoneClusterImpl-fdd04c0c-114b-4de3-8536-b28dc82e2d50/datanode-4/data/ratis/64c54897-f9d7-4d47-b158-6d95e5dabcdb: Starting segment from index:0
2019-09-10 21:21:02,314 [00ec61b9-9033-4ccb-bcb3-80e94f49671c-SegmentedRaftLogWorker:Storage Directory /workdir/hadoop-ozone/integration-test/target/test-dir/MiniOzoneClusterImpl-fdd04c0c-114b-4de3-8536-b28dc82e2d50/datanode-2/data/ratis/64c54897-f9d7-4d47-b158-6d95e5dabcdb] INFO  segmented.SegmentedRaftLogWorker (SegmentedRaftLogWorker.java:execute(569)) - 00ec61b9-9033-4ccb-bcb3-80e94f49671c-SegmentedRaftLogWorker:Storage Directory /workdir/hadoop-ozone/integration-test/target/test-dir/MiniOzoneClusterImpl-fdd04c0c-114b-4de3-8536-b28dc82e2d50/datanode-2/data/ratis/64c54897-f9d7-4d47-b158-6d95e5dabcdb: created new log segment /workdir/hadoop-ozone/integration-test/target/test-dir/MiniOzoneClusterImpl-fdd04c0c-114b-4de3-8536-b28dc82e2d50/datanode-2/data/ratis/64c54897-f9d7-4d47-b158-6d95e5dabcdb/current/log_inprogress_0
2019-09-10 21:21:02,389 [d71e7251-7a0d-426c-a65f-b408b127d188-SegmentedRaftLogWorker:Storage Directory /workdir/hadoop-ozone/integration-test/target/test-dir/MiniOzoneClusterImpl-fdd04c0c-114b-4de3-8536-b28dc82e2d50/datanode-3/data/ratis/64c54897-f9d7-4d47-b158-6d95e5dabcdb] INFO  segmented.SegmentedRaftLogWorker (SegmentedRaftLogWorker.java:execute(569)) - d71e7251-7a0d-426c-a65f-b408b127d188-SegmentedRaftLogWorker:Storage Directory /workdir/hadoop-ozone/integration-test/target/test-dir/MiniOzoneClusterImpl-fdd04c0c-114b-4de3-8536-b28dc82e2d50/datanode-3/data/ratis/64c54897-f9d7-4d47-b158-6d95e5dabcdb: created new log segment /workdir/hadoop-ozone/integration-test/target/test-dir/MiniOzoneClusterImpl-fdd04c0c-114b-4de3-8536-b28dc82e2d50/datanode-3/data/ratis/64c54897-f9d7-4d47-b158-6d95e5dabcdb/current/log_inprogress_0
2019-09-10 21:21:02,389 [bace13dd-0802-4326-803e-0fec46858cd5-SegmentedRaftLogWorker:Storage Directory /workdir/hadoop-ozone/integration-test/target/test-dir/MiniOzoneClusterImpl-fdd04c0c-114b-4de3-8536-b28dc82e2d50/datanode-4/data/ratis/64c54897-f9d7-4d47-b158-6d95e5dabcdb] INFO  segmented.SegmentedRaftLogWorker (SegmentedRaftLogWorker.java:execute(569)) - bace13dd-0802-4326-803e-0fec46858cd5-SegmentedRaftLogWorker:Storage Directory /workdir/hadoop-ozone/integration-test/target/test-dir/MiniOzoneClusterImpl-fdd04c0c-114b-4de3-8536-b28dc82e2d50/datanode-4/data/ratis/64c54897-f9d7-4d47-b158-6d95e5dabcdb: created new log segment /workdir/hadoop-ozone/integration-test/target/test-dir/MiniOzoneClusterImpl-fdd04c0c-114b-4de3-8536-b28dc82e2d50/datanode-4/data/ratis/64c54897-f9d7-4d47-b158-6d95e5dabcdb/current/log_inprogress_0
2019-09-10 21:21:03,155 [grpc-default-executor-2] INFO  client.GrpcClientProtocolClient (GrpcClientProtocolClient.java:onNext(255)) - client-09F8E2A6F3B0->bace13dd-0802-4326-803e-0fec46858cd5: receive RaftClientReply:client-09F8E2A6F3B0->bace13dd-0802-4326-803e-0fec46858cd5@group-6D95E5DABCDB, cid=13, FAILED org.apache.ratis.protocol.NotLeaderException: Server bace13dd-0802-4326-803e-0fec46858cd5 is not the leader (00ec61b9-9033-4ccb-bcb3-80e94f49671c:192.168.69.94:37470). Request must be sent to leader., logIndex=0, commits[bace13dd-0802-4326-803e-0fec46858cd5:c-1, d71e7251-7a0d-426c-a65f-b408b127d188:c-1, 00ec61b9-9033-4ccb-bcb3-80e94f49671c:c-1]
2019-09-10 21:21:03,646 [grpc-default-executor-0] INFO  client.GrpcClientProtocolClient (GrpcClientProtocolClient.java:onNext(255)) - client-09F8E2A6F3B0->00ec61b9-9033-4ccb-bcb3-80e94f49671c: receive RaftClientReply:client-09F8E2A6F3B0->00ec61b9-9033-4ccb-bcb3-80e94f49671c@group-6D95E5DABCDB, cid=13, SUCCESS, logIndex=1, commits[00ec61b9-9033-4ccb-bcb3-80e94f49671c:c1, d71e7251-7a0d-426c-a65f-b408b127d188:c0, bace13dd-0802-4326-803e-0fec46858cd5:c0]
2019-09-10 21:21:03,676 [grpc-default-executor-0] INFO  client.GrpcClientProtocolClient (GrpcClientProtocolClient.java:onNext(255)) - client-09F8E2A6F3B0->00ec61b9-9033-4ccb-bcb3-80e94f49671c: receive RaftClientReply:client-09F8E2A6F3B0->00ec61b9-9033-4ccb-bcb3-80e94f49671c@group-6D95E5DABCDB, cid=14, SUCCESS, logIndex=3, commits[00ec61b9-9033-4ccb-bcb3-80e94f49671c:c3, d71e7251-7a0d-426c-a65f-b408b127d188:c2, bace13dd-0802-4326-803e-0fec46858cd5:c2]
2019-09-10 21:21:03,845 [grpc-default-executor-4] INFO  client.GrpcClientProtocolClient (GrpcClientProtocolClient.java:onNext(255)) - client-09F8E2A6F3B0->00ec61b9-9033-4ccb-bcb3-80e94f49671c: receive RaftClientReply:client-09F8E2A6F3B0->00ec61b9-9033-4ccb-bcb3-80e94f49671c@group-6D95E5DABCDB, cid=15, SUCCESS, logIndex=5, commits[00ec61b9-9033-4ccb-bcb3-80e94f49671c:c12, d71e7251-7a0d-426c-a65f-b408b127d188:c8, bace13dd-0802-4326-803e-0fec46858cd5:c8]
2019-09-10 21:21:03,848 [grpc-default-executor-4] INFO  client.GrpcClientProtocolClient (GrpcClientProtocolClient.java:onNext(255)) - client-09F8E2A6F3B0->00ec61b9-9033-4ccb-bcb3-80e94f49671c: receive RaftClientReply:client-09F8E2A6F3B0->00ec61b9-9033-4ccb-bcb3-80e94f49671c@group-6D95E5DABCDB, cid=16, SUCCESS, logIndex=6, commits[00ec61b9-9033-4ccb-bcb3-80e94f49671c:c12, d71e7251-7a0d-426c-a65f-b408b127d188:c8, bace13dd-0802-4326-803e-0fec46858cd5:c8]
2019-09-10 21:21:03,849 [grpc-default-executor-4] INFO  client.GrpcClientProtocolClient (GrpcClientProtocolClient.java:onNext(255)) - client-09F8E2A6F3B0->00ec61b9-9033-4ccb-bcb3-80e94f49671c: receive RaftClientReply:client-09F8E2A6F3B0->00ec61b9-9033-4ccb-bcb3-80e94f49671c@group-6D95E5DABCDB, cid=17, SUCCESS, logIndex=7, commits[00ec61b9-9033-4ccb-bcb3-80e94f49671c:c12, d71e7251-7a0d-426c-a65f-b408b127d188:c8, bace13dd-0802-4326-803e-0fec46858cd5:c8]
2019-09-10 21:21:04,029 [grpc-default-executor-4] INFO  client.GrpcClientProtocolClient (GrpcClientProtocolClient.java:onNext(255)) - client-09F8E2A6F3B0->00ec61b9-9033-4ccb-bcb3-80e94f49671c: receive RaftClientReply:client-09F8E2A6F3B0->00ec61b9-9033-4ccb-bcb3-80e94f49671c@group-6D95E5DABCDB, cid=18, SUCCESS, logIndex=8, commits[00ec61b9-9033-4ccb-bcb3-80e94f49671c:c12, d71e7251-7a0d-426c-a65f-b408b127d188:c8, bace13dd-0802-4326-803e-0fec46858cd5:c8]
2019-09-10 21:21:04,084 [grpc-default-executor-4] INFO  client.GrpcClientProtocolClient (GrpcClientProtocolClient.java:onNext(255)) - client-09F8E2A6F3B0->00ec61b9-9033-4ccb-bcb3-80e94f49671c: receive RaftClientReply:client-09F8E2A6F3B0->00ec61b9-9033-4ccb-bcb3-80e94f49671c@group-6D95E5DABCDB, cid=19, SUCCESS, logIndex=13, commits[00ec61b9-9033-4ccb-bcb3-80e94f49671c:c13, d71e7251-7a0d-426c-a65f-b408b127d188:c12, bace13dd-0802-4326-803e-0fec46858cd5:c12]
2019-09-10 21:21:04,097 [grpc-default-executor-4] INFO  client.GrpcClientProtocolClient (GrpcClientProtocolClient.java:onNext(255)) - client-09F8E2A6F3B0->00ec61b9-9033-4ccb-bcb3-80e94f49671c: receive RaftClientReply:client-09F8E2A6F3B0->00ec61b9-9033-4ccb-bcb3-80e94f49671c@group-6D95E5DABCDB, cid=20, SUCCESS, logIndex=14, commits[00ec61b9-9033-4ccb-bcb3-80e94f49671c:c14, d71e7251-7a0d-426c-a65f-b408b127d188:c12, bace13dd-0802-4326-803e-0fec46858cd5:c12]
2019-09-10 21:21:05,116 [main] WARN  scm.XceiverClientRatis (XceiverClientRatis.java:watchForCommit(262)) - 3 way commit failed on pipeline Pipeline[ Id: 64c54897-f9d7-4d47-b158-6d95e5dabcdb, Nodes: 00ec61b9-9033-4ccb-bcb3-80e94f49671c{ip: 192.168.69.94, host: pr-hdds-2007-qhgzt-2180668592, networkLocation: /default-rack, certSerialId: null}bace13dd-0802-4326-803e-0fec46858cd5{ip: 192.168.69.94, host: pr-hdds-2007-qhgzt-2180668592, networkLocation: /default-rack, certSerialId: null}d71e7251-7a0d-426c-a65f-b408b127d188{ip: 192.168.69.94, host: pr-hdds-2007-qhgzt-2180668592, networkLocation: /default-rack, certSerialId: null}, Type:RATIS, Factor:THREE, State:OPEN]
java.util.concurrent.TimeoutException
	at java.util.concurrent.CompletableFuture.timedGet(CompletableFuture.java:1771)
	at java.util.concurrent.CompletableFuture.get(CompletableFuture.java:1915)
	at org.apache.hadoop.hdds.scm.XceiverClientRatis.watchForCommit(XceiverClientRatis.java:259)
	at org.apache.hadoop.hdds.scm.storage.CommitWatcher.watchForCommit(CommitWatcher.java:194)
	at org.apache.hadoop.hdds.scm.storage.CommitWatcher.watchOnLastIndex(CommitWatcher.java:157)
	at org.apache.hadoop.hdds.scm.storage.BlockOutputStream.watchForCommit(BlockOutputStream.java:347)
	at org.apache.hadoop.hdds.scm.storage.BlockOutputStream.handleFlush(BlockOutputStream.java:479)
	at org.apache.hadoop.hdds.scm.storage.BlockOutputStream.flush(BlockOutputStream.java:428)
	at org.apache.hadoop.ozone.client.io.BlockOutputStreamEntry.flush(BlockOutputStreamEntry.java:136)
	at org.apache.hadoop.ozone.client.io.KeyOutputStream.handleFlushOrClose(KeyOutputStream.java:442)
	at org.apache.hadoop.ozone.client.io.KeyOutputStream.flush(KeyOutputStream.java:396)
	at org.apache.hadoop.ozone.client.io.OzoneOutputStream.flush(OzoneOutputStream.java:54)
	at org.apache.hadoop.ozone.client.rpc.TestBlockOutputStreamWithFailures.test2DatanodesFailure(TestBlockOutputStreamWithFailures.java:461)
	at sun.reflect.NativeMethodAccessorImpl.invoke0(Native Method)
	at sun.reflect.NativeMethodAccessorImpl.invoke(NativeMethodAccessorImpl.java:62)
	at sun.reflect.DelegatingMethodAccessorImpl.invoke(DelegatingMethodAccessorImpl.java:43)
	at java.lang.reflect.Method.invoke(Method.java:498)
	at org.junit.runners.model.FrameworkMethod$1.runReflectiveCall(FrameworkMethod.java:47)
	at org.junit.internal.runners.model.ReflectiveCallable.run(ReflectiveCallable.java:12)
	at org.junit.runners.model.FrameworkMethod.invokeExplosively(FrameworkMethod.java:44)
	at org.junit.internal.runners.statements.InvokeMethod.evaluate(InvokeMethod.java:17)
	at org.junit.internal.runners.statements.RunBefores.evaluate(RunBefores.java:26)
	at org.junit.internal.runners.statements.RunAfters.evaluate(RunAfters.java:27)
	at org.junit.runners.ParentRunner.runLeaf(ParentRunner.java:271)
	at org.junit.runners.BlockJUnit4ClassRunner.runChild(BlockJUnit4ClassRunner.java:70)
	at org.junit.runners.BlockJUnit4ClassRunner.runChild(BlockJUnit4ClassRunner.java:50)
	at org.junit.runners.ParentRunner$3.run(ParentRunner.java:238)
	at org.junit.runners.ParentRunner$1.schedule(ParentRunner.java:63)
	at org.junit.runners.ParentRunner.runChildren(ParentRunner.java:236)
	at org.junit.runners.ParentRunner.access$000(ParentRunner.java:53)
	at org.junit.runners.ParentRunner$2.evaluate(ParentRunner.java:229)
	at org.junit.runners.ParentRunner.run(ParentRunner.java:309)
	at org.apache.maven.surefire.junit4.JUnit4Provider.execute(JUnit4Provider.java:365)
	at org.apache.maven.surefire.junit4.JUnit4Provider.executeWithRerun(JUnit4Provider.java:273)
	at org.apache.maven.surefire.junit4.JUnit4Provider.executeTestSet(JUnit4Provider.java:238)
	at org.apache.maven.surefire.junit4.JUnit4Provider.invoke(JUnit4Provider.java:159)
	at org.apache.maven.surefire.booter.ForkedBooter.invokeProviderInSameClassLoader(ForkedBooter.java:384)
	at org.apache.maven.surefire.booter.ForkedBooter.runSuitesInProcess(ForkedBooter.java:345)
	at org.apache.maven.surefire.booter.ForkedBooter.execute(ForkedBooter.java:126)
	at org.apache.maven.surefire.booter.ForkedBooter.main(ForkedBooter.java:418)
2019-09-10 21:21:06,121 [main] WARN  storage.CommitWatcher (CommitWatcher.java:watchForCommit(203)) - watchForCommit failed for index 14
java.util.concurrent.TimeoutException
	at java.util.concurrent.CompletableFuture.timedGet(CompletableFuture.java:1771)
	at java.util.concurrent.CompletableFuture.get(CompletableFuture.java:1915)
	at org.apache.hadoop.hdds.scm.XceiverClientRatis.watchForCommit(XceiverClientRatis.java:268)
	at org.apache.hadoop.hdds.scm.storage.CommitWatcher.watchForCommit(CommitWatcher.java:194)
	at org.apache.hadoop.hdds.scm.storage.CommitWatcher.watchOnLastIndex(CommitWatcher.java:157)
	at org.apache.hadoop.hdds.scm.storage.BlockOutputStream.watchForCommit(BlockOutputStream.java:347)
	at org.apache.hadoop.hdds.scm.storage.BlockOutputStream.handleFlush(BlockOutputStream.java:479)
	at org.apache.hadoop.hdds.scm.storage.BlockOutputStream.flush(BlockOutputStream.java:428)
	at org.apache.hadoop.ozone.client.io.BlockOutputStreamEntry.flush(BlockOutputStreamEntry.java:136)
	at org.apache.hadoop.ozone.client.io.KeyOutputStream.handleFlushOrClose(KeyOutputStream.java:442)
	at org.apache.hadoop.ozone.client.io.KeyOutputStream.flush(KeyOutputStream.java:396)
	at org.apache.hadoop.ozone.client.io.OzoneOutputStream.flush(OzoneOutputStream.java:54)
	at org.apache.hadoop.ozone.client.rpc.TestBlockOutputStreamWithFailures.test2DatanodesFailure(TestBlockOutputStreamWithFailures.java:461)
	at sun.reflect.NativeMethodAccessorImpl.invoke0(Native Method)
	at sun.reflect.NativeMethodAccessorImpl.invoke(NativeMethodAccessorImpl.java:62)
	at sun.reflect.DelegatingMethodAccessorImpl.invoke(DelegatingMethodAccessorImpl.java:43)
	at java.lang.reflect.Method.invoke(Method.java:498)
	at org.junit.runners.model.FrameworkMethod$1.runReflectiveCall(FrameworkMethod.java:47)
	at org.junit.internal.runners.model.ReflectiveCallable.run(ReflectiveCallable.java:12)
	at org.junit.runners.model.FrameworkMethod.invokeExplosively(FrameworkMethod.java:44)
	at org.junit.internal.runners.statements.InvokeMethod.evaluate(InvokeMethod.java:17)
	at org.junit.internal.runners.statements.RunBefores.evaluate(RunBefores.java:26)
	at org.junit.internal.runners.statements.RunAfters.evaluate(RunAfters.java:27)
	at org.junit.runners.ParentRunner.runLeaf(ParentRunner.java:271)
	at org.junit.runners.BlockJUnit4ClassRunner.runChild(BlockJUnit4ClassRunner.java:70)
	at org.junit.runners.BlockJUnit4ClassRunner.runChild(BlockJUnit4ClassRunner.java:50)
	at org.junit.runners.ParentRunner$3.run(ParentRunner.java:238)
	at org.junit.runners.ParentRunner$1.schedule(ParentRunner.java:63)
	at org.junit.runners.ParentRunner.runChildren(ParentRunner.java:236)
	at org.junit.runners.ParentRunner.access$000(ParentRunner.java:53)
	at org.junit.runners.ParentRunner$2.evaluate(ParentRunner.java:229)
	at org.junit.runners.ParentRunner.run(ParentRunner.java:309)
	at org.apache.maven.surefire.junit4.JUnit4Provider.execute(JUnit4Provider.java:365)
	at org.apache.maven.surefire.junit4.JUnit4Provider.executeWithRerun(JUnit4Provider.java:273)
	at org.apache.maven.surefire.junit4.JUnit4Provider.executeTestSet(JUnit4Provider.java:238)
	at org.apache.maven.surefire.junit4.JUnit4Provider.invoke(JUnit4Provider.java:159)
	at org.apache.maven.surefire.booter.ForkedBooter.invokeProviderInSameClassLoader(ForkedBooter.java:384)
	at org.apache.maven.surefire.booter.ForkedBooter.runSuitesInProcess(ForkedBooter.java:345)
	at org.apache.maven.surefire.booter.ForkedBooter.execute(ForkedBooter.java:126)
	at org.apache.maven.surefire.booter.ForkedBooter.main(ForkedBooter.java:418)
2019-09-10 21:21:06,123 [main] WARN  io.KeyOutputStream (KeyOutputStream.java:handleException(276)) - Encountered exception java.io.IOException: Unexpected Storage Container Exception: java.io.IOException: Unexpected Storage Container Exception: java.util.concurrent.TimeoutException on the pipeline Pipeline[ Id: 64c54897-f9d7-4d47-b158-6d95e5dabcdb, Nodes: 00ec61b9-9033-4ccb-bcb3-80e94f49671c{ip: 192.168.69.94, host: pr-hdds-2007-qhgzt-2180668592, networkLocation: /default-rack, certSerialId: null}bace13dd-0802-4326-803e-0fec46858cd5{ip: 192.168.69.94, host: pr-hdds-2007-qhgzt-2180668592, networkLocation: /default-rack, certSerialId: null}d71e7251-7a0d-426c-a65f-b408b127d188{ip: 192.168.69.94, host: pr-hdds-2007-qhgzt-2180668592, networkLocation: /default-rack, certSerialId: null}, Type:RATIS, Factor:THREE, State:OPEN]. The last committed block length is 400, uncommitted data length is 50 retry count 0
2019-09-10 21:21:06,612 [grpc-default-executor-4] INFO  client.GrpcClientProtocolClient (GrpcClientProtocolClient.java:onNext(255)) - client-09F8E2A6F3B0->00ec61b9-9033-4ccb-bcb3-80e94f49671c: receive RaftClientReply:client-09F8E2A6F3B0->00ec61b9-9033-4ccb-bcb3-80e94f49671c@group-6D95E5DABCDB, cid=22, SUCCESS, logIndex=0, commits[00ec61b9-9033-4ccb-bcb3-80e94f49671c:c16, d71e7251-7a0d-426c-a65f-b408b127d188:c16, bace13dd-0802-4326-803e-0fec46858cd5:c13]
2019-09-10 21:21:06,613 [grpc-default-executor-4] INFO  client.GrpcClientProtocolClient (GrpcClientProtocolClient.java:onNext(255)) - client-09F8E2A6F3B0->00ec61b9-9033-4ccb-bcb3-80e94f49671c: receive RaftClientReply:client-09F8E2A6F3B0->00ec61b9-9033-4ccb-bcb3-80e94f49671c@group-6D95E5DABCDB, cid=21, SUCCESS, logIndex=0, commits[00ec61b9-9033-4ccb-bcb3-80e94f49671c:c16, d71e7251-7a0d-426c-a65f-b408b127d188:c16, bace13dd-0802-4326-803e-0fec46858cd5:c16]
2019-09-10 21:21:07,513 [grpc-default-executor-1] INFO  client.GrpcClientProtocolClient (GrpcClientProtocolClient.java:onNext(255)) - client-2917F6CA155F->8bacdf4e-3a51-4803-bfd1-91679ace6b3e: receive RaftClientReply:client-2917F6CA155F->8bacdf4e-3a51-4803-bfd1-91679ace6b3e@group-5E0D07F3F349, cid=23, SUCCESS, logIndex=1, commits[8bacdf4e-3a51-4803-bfd1-91679ace6b3e:c1, afd7959d-6058-4eae-8525-20abb5601f7f:c0, af92c0b4-0e41-4ee8-9c4d-64ba4f312634:c0]
2019-09-10 21:21:07,727 [grpc-default-executor-2] INFO  client.GrpcClientProtocolClient (GrpcClientProtocolClient.java:onNext(255)) - client-2917F6CA155F->8bacdf4e-3a51-4803-bfd1-91679ace6b3e: receive RaftClientReply:client-2917F6CA155F->8bacdf4e-3a51-4803-bfd1-91679ace6b3e@group-5E0D07F3F349, cid=24, SUCCESS, logIndex=3, commits[8bacdf4e-3a51-4803-bfd1-91679ace6b3e:c4, afd7959d-6058-4eae-8525-20abb5601f7f:c3, af92c0b4-0e41-4ee8-9c4d-64ba4f312634:c3]
2019-09-10 21:21:07,729 [main] INFO  ozone.MiniOzoneClusterImpl (MiniOzoneClusterImpl.java:shutdown(307)) - Shutting down the Mini Ozone Cluster
2019-09-10 21:21:07,729 [main] INFO  ozone.MiniOzoneClusterImpl (MiniOzoneClusterImpl.java:stop(322)) - Stopping the Mini Ozone Cluster
2019-09-10 21:21:07,730 [main] INFO  ozone.MiniOzoneClusterImpl (MiniOzoneClusterImpl.java:stop(324)) - Stopping the OzoneManager
2019-09-10 21:21:07,730 [main] INFO  ipc.Server (Server.java:stop(3082)) - Stopping server on 46071
2019-09-10 21:21:07,758 [IPC Server listener on 46071] INFO  ipc.Server (Server.java:run(1185)) - Stopping IPC Server listener on 46071
2019-09-10 21:21:07,758 [main] INFO  ratis.OzoneManagerDoubleBuffer (OzoneManagerDoubleBuffer.java:stop(248)) - Stopping OMDoubleBuffer flush thread
2019-09-10 21:21:07,758 [IPC Server Responder] INFO  ipc.Server (Server.java:run(1319)) - Stopping IPC Server Responder
2019-09-10 21:21:07,760 [OMDoubleBufferFlushThread] INFO  ratis.OzoneManagerDoubleBuffer (OzoneManagerDoubleBuffer.java:flushTransactions(191)) - OMDoubleBuffer flush thread OMDoubleBufferFlushThread is interrupted and will exit. OMDoubleBufferFlushThread
2019-09-10 21:21:07,762 [main] INFO  utils.BackgroundService (BackgroundService.java:shutdown(148)) - Shutting down service KeyDeletingService
2019-09-10 21:21:07,767 [main] INFO  handler.ContextHandler (ContextHandler.java:doStop(910)) - Stopped o.e.j.w.WebAppContext@562c877a{/,null,UNAVAILABLE}{/ozoneManager}
2019-09-10 21:21:07,774 [main] INFO  server.AbstractConnector (AbstractConnector.java:doStop(318)) - Stopped ServerConnector@67001148{HTTP/1.1,[http/1.1]}{0.0.0.0:0}
2019-09-10 21:21:07,774 [main] INFO  handler.ContextHandler (ContextHandler.java:doStop(910)) - Stopped o.e.j.s.ServletContextHandler@27b71f50{/static,file:///workdir/hadoop-ozone/integration-test/target/test-classes/webapps/static,UNAVAILABLE}
2019-09-10 21:21:07,775 [main] INFO  handler.ContextHandler (ContextHandler.java:doStop(910)) - Stopped o.e.j.s.ServletContextHandler@76075d65{/logs,file:///workdir/hadoop-ozone/integration-test/target/log,UNAVAILABLE}
2019-09-10 21:21:07,780 [main] INFO  ozone.MiniOzoneClusterImpl (MiniOzoneClusterImpl.java:stop(330)) - Shutting the HddsDatanodes
2019-09-10 21:21:08,158 [Datanode State Machine Thread - 0] INFO  statemachine.DatanodeStateMachine (DatanodeStateMachine.java:lambda$startDaemon$0(350)) - Ozone container server started.
2019-09-10 21:21:08,570 [Datanode State Machine Thread - 0] INFO  statemachine.DatanodeStateMachine (DatanodeStateMachine.java:lambda$startDaemon$0(350)) - Ozone container server started.
2019-09-10 21:21:12,239 [EventQueue-StaleNodeForStaleNodeHandler] INFO  node.StaleNodeHandler (StaleNodeHandler.java:onMessage(58)) - Datanode 2df5655c-32f4-4ea7-9687-7d222ddc935c{ip: 192.168.69.94, host: pr-hdds-2007-qhgzt-2180668592, networkLocation: /default-rack, certSerialId: null} moved to stale state. Finalizing its pipelines [PipelineID=6f8dcd7f-69cf-43fd-8f28-744de7c48bd0]
2019-09-10 21:21:12,240 [EventQueue-StaleNodeForStaleNodeHandler] INFO  pipeline.SCMPipelineManager (SCMPipelineManager.java:finalizeAndDestroyPipeline(311)) - destroying pipeline:Pipeline[ Id: 6f8dcd7f-69cf-43fd-8f28-744de7c48bd0, Nodes: 2df5655c-32f4-4ea7-9687-7d222ddc935c{ip: 192.168.69.94, host: pr-hdds-2007-qhgzt-2180668592, networkLocation: /default-rack, certSerialId: null}, Type:RATIS, Factor:ONE, State:OPEN]
2019-09-10 21:21:12,241 [EventQueue-StaleNodeForStaleNodeHandler] INFO  pipeline.PipelineStateManager (PipelineStateManager.java:finalizePipeline(123)) - Pipeline Pipeline[ Id: 6f8dcd7f-69cf-43fd-8f28-744de7c48bd0, Nodes: 2df5655c-32f4-4ea7-9687-7d222ddc935c{ip: 192.168.69.94, host: pr-hdds-2007-qhgzt-2180668592, networkLocation: /default-rack, certSerialId: null}, Type:RATIS, Factor:ONE, State:CLOSED] moved to CLOSED state
2019-09-10 21:21:12,640 [EventQueue-StaleNodeForStaleNodeHandler] INFO  node.StaleNodeHandler (StaleNodeHandler.java:onMessage(58)) - Datanode bace13dd-0802-4326-803e-0fec46858cd5{ip: 192.168.69.94, host: pr-hdds-2007-qhgzt-2180668592, networkLocation: /default-rack, certSerialId: null} moved to stale state. Finalizing its pipelines [PipelineID=ef83ad32-2847-4118-868f-adf9b068620a, PipelineID=64c54897-f9d7-4d47-b158-6d95e5dabcdb]
2019-09-10 21:21:12,640 [EventQueue-StaleNodeForStaleNodeHandler] INFO  pipeline.SCMPipelineManager (SCMPipelineManager.java:finalizeAndDestroyPipeline(311)) - destroying pipeline:Pipeline[ Id: ef83ad32-2847-4118-868f-adf9b068620a, Nodes: bace13dd-0802-4326-803e-0fec46858cd5{ip: 192.168.69.94, host: pr-hdds-2007-qhgzt-2180668592, networkLocation: /default-rack, certSerialId: null}, Type:RATIS, Factor:ONE, State:OPEN]
2019-09-10 21:21:12,640 [EventQueue-StaleNodeForStaleNodeHandler] INFO  pipeline.PipelineStateManager (PipelineStateManager.java:finalizePipeline(123)) - Pipeline Pipeline[ Id: ef83ad32-2847-4118-868f-adf9b068620a, Nodes: bace13dd-0802-4326-803e-0fec46858cd5{ip: 192.168.69.94, host: pr-hdds-2007-qhgzt-2180668592, networkLocation: /default-rack, certSerialId: null}, Type:RATIS, Factor:ONE, State:CLOSED] moved to CLOSED state
2019-09-10 21:21:12,640 [EventQueue-StaleNodeForStaleNodeHandler] INFO  pipeline.SCMPipelineManager (SCMPipelineManager.java:finalizeAndDestroyPipeline(311)) - destroying pipeline:Pipeline[ Id: 64c54897-f9d7-4d47-b158-6d95e5dabcdb, Nodes: 00ec61b9-9033-4ccb-bcb3-80e94f49671c{ip: 192.168.69.94, host: pr-hdds-2007-qhgzt-2180668592, networkLocation: /default-rack, certSerialId: null}bace13dd-0802-4326-803e-0fec46858cd5{ip: 192.168.69.94, host: pr-hdds-2007-qhgzt-2180668592, networkLocation: /default-rack, certSerialId: null}d71e7251-7a0d-426c-a65f-b408b127d188{ip: 192.168.69.94, host: pr-hdds-2007-qhgzt-2180668592, networkLocation: /default-rack, certSerialId: null}, Type:RATIS, Factor:THREE, State:OPEN]
2019-09-10 21:21:12,641 [EventQueue-StaleNodeForStaleNodeHandler] INFO  pipeline.PipelineStateManager (PipelineStateManager.java:finalizePipeline(123)) - Pipeline Pipeline[ Id: 64c54897-f9d7-4d47-b158-6d95e5dabcdb, Nodes: 00ec61b9-9033-4ccb-bcb3-80e94f49671c{ip: 192.168.69.94, host: pr-hdds-2007-qhgzt-2180668592, networkLocation: /default-rack, certSerialId: null}bace13dd-0802-4326-803e-0fec46858cd5{ip: 192.168.69.94, host: pr-hdds-2007-qhgzt-2180668592, networkLocation: /default-rack, certSerialId: null}d71e7251-7a0d-426c-a65f-b408b127d188{ip: 192.168.69.94, host: pr-hdds-2007-qhgzt-2180668592, networkLocation: /default-rack, certSerialId: null}, Type:RATIS, Factor:THREE, State:CLOSED] moved to CLOSED state
2019-09-10 21:21:12,641 [EventQueue-CloseContainerForCloseContainerEventHandler] INFO  container.CloseContainerEventHandler (CloseContainerEventHandler.java:onMessage(61)) - Close container Event triggered for container : #1
2019-09-10 21:21:12,782 [main] INFO  ozoneimpl.OzoneContainer (OzoneContainer.java:stop(215)) - Attempting to stop container services.
2019-09-10 21:21:12,782 [ForkJoinPool.commonPool-worker-1] INFO  ozoneimpl.OzoneContainer (OzoneContainer.java:stop(215)) - Attempting to stop container services.
2019-09-10 21:21:12,783 [main] INFO  impl.RaftServerProxy (RaftServerProxy.java:lambda$close$4(314)) - bace13dd-0802-4326-803e-0fec46858cd5: close
2019-09-10 21:21:12,784 [ForkJoinPool.commonPool-worker-1] INFO  impl.RaftServerProxy (RaftServerProxy.java:lambda$close$4(314)) - 2df5655c-32f4-4ea7-9687-7d222ddc935c: close
2019-09-10 21:21:12,785 [ForkJoinPool.commonPool-worker-1] INFO  impl.RaftServerImpl (RaftServerImpl.java:lambda$shutdown$3(245)) - 2df5655c-32f4-4ea7-9687-7d222ddc935c: shutdown group-744DE7C48BD0
2019-09-10 21:21:12,785 [main] INFO  impl.RaftServerImpl (RaftServerImpl.java:lambda$shutdown$3(245)) - bace13dd-0802-4326-803e-0fec46858cd5: shutdown group-ADF9B068620A
2019-09-10 21:21:12,786 [ForkJoinPool.commonPool-worker-1] INFO  util.JmxRegister (JmxRegister.java:unregister(73)) - Successfully un-registered JMX Bean with object name Ratis:service=RaftServer,group=group-744DE7C48BD0,id=2df5655c-32f4-4ea7-9687-7d222ddc935c
2019-09-10 21:21:12,786 [main] INFO  util.JmxRegister (JmxRegister.java:unregister(73)) - Successfully un-registered JMX Bean with object name Ratis:service=RaftServer,group=group-ADF9B068620A,id=bace13dd-0802-4326-803e-0fec46858cd5
2019-09-10 21:21:12,786 [ForkJoinPool.commonPool-worker-1] INFO  impl.RoleInfo (RoleInfo.java:shutdownLeaderState(104)) - 2df5655c-32f4-4ea7-9687-7d222ddc935c: shutdown LeaderState
2019-09-10 21:21:12,786 [main] INFO  impl.RoleInfo (RoleInfo.java:shutdownLeaderState(104)) - bace13dd-0802-4326-803e-0fec46858cd5: shutdown LeaderState
2019-09-10 21:21:12,787 [ForkJoinPool.commonPool-worker-1] INFO  impl.PendingRequests (PendingRequests.java:sendNotLeaderResponses(202)) - 2df5655c-32f4-4ea7-9687-7d222ddc935c-PendingRequests: sendNotLeaderResponses
2019-09-10 21:21:12,787 [main] INFO  impl.PendingRequests (PendingRequests.java:sendNotLeaderResponses(202)) - bace13dd-0802-4326-803e-0fec46858cd5-PendingRequests: sendNotLeaderResponses
2019-09-10 21:21:12,792 [main] INFO  impl.StateMachineUpdater (StateMachineUpdater.java:stopAndJoin(115)) - StateMachineUpdater:bace13dd-0802-4326-803e-0fec46858cd5:group-ADF9B068620A: set stopIndex = 0
2019-09-10 21:21:12,792 [ForkJoinPool.commonPool-worker-1] INFO  impl.StateMachineUpdater (StateMachineUpdater.java:stopAndJoin(115)) - StateMachineUpdater:2df5655c-32f4-4ea7-9687-7d222ddc935c:group-744DE7C48BD0: set stopIndex = 0
2019-09-10 21:21:12,795 [main] INFO  impl.RaftServerImpl (ServerState.java:close(394)) - bace13dd-0802-4326-803e-0fec46858cd5:group-ADF9B068620A closes. The last applied log index is 0
2019-09-10 21:21:12,795 [ForkJoinPool.commonPool-worker-1] INFO  impl.RaftServerImpl (ServerState.java:close(394)) - 2df5655c-32f4-4ea7-9687-7d222ddc935c:group-744DE7C48BD0 closes. The last applied log index is 0
2019-09-10 21:21:12,798 [2df5655c-32f4-4ea7-9687-7d222ddc935c-SegmentedRaftLogWorker:Storage Directory /workdir/hadoop-ozone/integration-test/target/test-dir/MiniOzoneClusterImpl-fdd04c0c-114b-4de3-8536-b28dc82e2d50/datanode-1/data/ratis/6f8dcd7f-69cf-43fd-8f28-744de7c48bd0] INFO  segmented.SegmentedRaftLogWorker (SegmentedRaftLogWorker.java:run(313)) - 2df5655c-32f4-4ea7-9687-7d222ddc935c-SegmentedRaftLogWorker:Storage Directory /workdir/hadoop-ozone/integration-test/target/test-dir/MiniOzoneClusterImpl-fdd04c0c-114b-4de3-8536-b28dc82e2d50/datanode-1/data/ratis/6f8dcd7f-69cf-43fd-8f28-744de7c48bd0 was interrupted, exiting. There are 0 tasks remaining in the queue.
2019-09-10 21:21:12,798 [bace13dd-0802-4326-803e-0fec46858cd5-SegmentedRaftLogWorker:Storage Directory /workdir/hadoop-ozone/integration-test/target/test-dir/MiniOzoneClusterImpl-fdd04c0c-114b-4de3-8536-b28dc82e2d50/datanode-4/data/ratis/ef83ad32-2847-4118-868f-adf9b068620a] INFO  segmented.SegmentedRaftLogWorker (SegmentedRaftLogWorker.java:run(313)) - bace13dd-0802-4326-803e-0fec46858cd5-SegmentedRaftLogWorker:Storage Directory /workdir/hadoop-ozone/integration-test/target/test-dir/MiniOzoneClusterImpl-fdd04c0c-114b-4de3-8536-b28dc82e2d50/datanode-4/data/ratis/ef83ad32-2847-4118-868f-adf9b068620a was interrupted, exiting. There are 0 tasks remaining in the queue.
2019-09-10 21:21:12,802 [ForkJoinPool.commonPool-worker-1] INFO  segmented.SegmentedRaftLogWorker (SegmentedRaftLogWorker.java:close(228)) - 2df5655c-32f4-4ea7-9687-7d222ddc935c-SegmentedRaftLogWorker:Storage Directory /workdir/hadoop-ozone/integration-test/target/test-dir/MiniOzoneClusterImpl-fdd04c0c-114b-4de3-8536-b28dc82e2d50/datanode-1/data/ratis/6f8dcd7f-69cf-43fd-8f28-744de7c48bd0 close()
2019-09-10 21:21:12,802 [main] INFO  segmented.SegmentedRaftLogWorker (SegmentedRaftLogWorker.java:close(228)) - bace13dd-0802-4326-803e-0fec46858cd5-SegmentedRaftLogWorker:Storage Directory /workdir/hadoop-ozone/integration-test/target/test-dir/MiniOzoneClusterImpl-fdd04c0c-114b-4de3-8536-b28dc82e2d50/datanode-4/data/ratis/ef83ad32-2847-4118-868f-adf9b068620a close()
2019-09-10 21:21:12,807 [ForkJoinPool.commonPool-worker-1] INFO  server.GrpcService (GrpcService.java:closeImpl(155)) - 2df5655c-32f4-4ea7-9687-7d222ddc935c: shutdown server with port 42868 now
2019-09-10 21:21:12,810 [main] INFO  impl.RaftServerImpl (RaftServerImpl.java:lambda$shutdown$3(245)) - bace13dd-0802-4326-803e-0fec46858cd5: shutdown group-6D95E5DABCDB
2019-09-10 21:21:12,811 [main] INFO  util.JmxRegister (JmxRegister.java:unregister(73)) - Successfully un-registered JMX Bean with object name Ratis:service=RaftServer,group=group-6D95E5DABCDB,id=bace13dd-0802-4326-803e-0fec46858cd5
2019-09-10 21:21:12,811 [main] INFO  impl.RoleInfo (RoleInfo.java:shutdownFollowerState(121)) - bace13dd-0802-4326-803e-0fec46858cd5: shutdown FollowerState
2019-09-10 21:21:12,812 [main] INFO  impl.StateMachineUpdater (StateMachineUpdater.java:stopAndJoin(115)) - StateMachineUpdater:bace13dd-0802-4326-803e-0fec46858cd5:group-6D95E5DABCDB: set stopIndex = 16
2019-09-10 21:21:12,814 [StateMachineUpdater:bace13dd-0802-4326-803e-0fec46858cd5:group-6D95E5DABCDB] INFO  ratis.ContainerStateMachine (ContainerStateMachine.java:takeSnapshot(284)) - group-6D95E5DABCDB: Taking a snapshot at:(t:2, i:16) file /workdir/hadoop-ozone/integration-test/target/test-dir/MiniOzoneClusterImpl-fdd04c0c-114b-4de3-8536-b28dc82e2d50/datanode-4/data/ratis/64c54897-f9d7-4d47-b158-6d95e5dabcdb/sm/snapshot.2_16
2019-09-10 21:21:12,812 [Thread-363] INFO  impl.FollowerState (FollowerState.java:run(114)) - bace13dd-0802-4326-803e-0fec46858cd5: FollowerState was interrupted: java.lang.InterruptedException: sleep interrupted
2019-09-10 21:21:12,814 [ForkJoinPool.commonPool-worker-1] INFO  server.GrpcService (GrpcService.java:closeImpl(163)) - 2df5655c-32f4-4ea7-9687-7d222ddc935c: shutdown server with port 42868 successfully
2019-09-10 21:21:12,819 [refreshUsed-/workdir/hadoop-ozone/integration-test/target/test-dir/MiniOzoneClusterImpl-fdd04c0c-114b-4de3-8536-b28dc82e2d50/datanode-1/data/containers] WARN  fs.CachingGetSpaceUsed (CachingGetSpaceUsed.java:run(183)) - Thread Interrupted waiting to refresh disk information: sleep interrupted
2019-09-10 21:21:12,848 [ForkJoinPool.commonPool-worker-1] INFO  utils.BackgroundService (BackgroundService.java:shutdown(148)) - Shutting down service BlockDeletingService
2019-09-10 21:21:12,854 [ForkJoinPool.commonPool-worker-1] INFO  statemachine.DatanodeStateMachine (DatanodeStateMachine.java:stopDaemon(395)) - Ozone container server stopped.
2019-09-10 21:21:12,860 [ForkJoinPool.commonPool-worker-1] INFO  handler.ContextHandler (ContextHandler.java:doStop(910)) - Stopped o.e.j.w.WebAppContext@6cd64ee8{/,null,UNAVAILABLE}{/hddsDatanode}
2019-09-10 21:21:12,861 [ForkJoinPool.commonPool-worker-1] INFO  server.AbstractConnector (AbstractConnector.java:doStop(318)) - Stopped ServerConnector@620c8641{HTTP/1.1,[http/1.1]}{0.0.0.0:0}
2019-09-10 21:21:12,863 [ForkJoinPool.commonPool-worker-1] INFO  handler.ContextHandler (ContextHandler.java:doStop(910)) - Stopped o.e.j.s.ServletContextHandler@6981f8f3{/static,jar:file:/home/user/.m2/repository/org/apache/hadoop/hadoop-hdds-container-service/0.5.0-SNAPSHOT/hadoop-hdds-container-service-0.5.0-SNAPSHOT.jar!/webapps/static,UNAVAILABLE}
2019-09-10 21:21:12,865 [ForkJoinPool.commonPool-worker-1] INFO  handler.ContextHandler (ContextHandler.java:doStop(910)) - Stopped o.e.j.s.ServletContextHandler@4c6007fb{/logs,file:///workdir/hadoop-ozone/integration-test/target/log,UNAVAILABLE}
2019-09-10 21:21:12,909 [StateMachineUpdater:bace13dd-0802-4326-803e-0fec46858cd5:group-6D95E5DABCDB] INFO  ratis.ContainerStateMachine (ContainerStateMachine.java:takeSnapshot(295)) - group-6D95E5DABCDB: Finished taking a snapshot at:(t:2, i:16) file:/workdir/hadoop-ozone/integration-test/target/test-dir/MiniOzoneClusterImpl-fdd04c0c-114b-4de3-8536-b28dc82e2d50/datanode-4/data/ratis/64c54897-f9d7-4d47-b158-6d95e5dabcdb/sm/snapshot.2_16 time:98
2019-09-10 21:21:12,910 [StateMachineUpdater:bace13dd-0802-4326-803e-0fec46858cd5:group-6D95E5DABCDB] INFO  impl.StateMachineUpdater (StateMachineUpdater.java:takeSnapshot(242)) - StateMachineUpdater:bace13dd-0802-4326-803e-0fec46858cd5:group-6D95E5DABCDB: Took a snapshot at index 16
2019-09-10 21:21:12,910 [StateMachineUpdater:bace13dd-0802-4326-803e-0fec46858cd5:group-6D95E5DABCDB] INFO  impl.StateMachineUpdater (StateMachineUpdater.java:lambda$new$0(80)) - StateMachineUpdater:bace13dd-0802-4326-803e-0fec46858cd5:group-6D95E5DABCDB: snapshotIndex: updateIncreasingly -1 -> 16
2019-09-10 21:21:12,924 [main] INFO  impl.RaftServerImpl (ServerState.java:close(394)) - bace13dd-0802-4326-803e-0fec46858cd5:group-6D95E5DABCDB closes. The last applied log index is 16
2019-09-10 21:21:12,924 [bace13dd-0802-4326-803e-0fec46858cd5-SegmentedRaftLogWorker:Storage Directory /workdir/hadoop-ozone/integration-test/target/test-dir/MiniOzoneClusterImpl-fdd04c0c-114b-4de3-8536-b28dc82e2d50/datanode-4/data/ratis/64c54897-f9d7-4d47-b158-6d95e5dabcdb] INFO  segmented.SegmentedRaftLogWorker (SegmentedRaftLogWorker.java:run(313)) - bace13dd-0802-4326-803e-0fec46858cd5-SegmentedRaftLogWorker:Storage Directory /workdir/hadoop-ozone/integration-test/target/test-dir/MiniOzoneClusterImpl-fdd04c0c-114b-4de3-8536-b28dc82e2d50/datanode-4/data/ratis/64c54897-f9d7-4d47-b158-6d95e5dabcdb was interrupted, exiting. There are 0 tasks remaining in the queue.
2019-09-10 21:21:12,926 [main] INFO  segmented.SegmentedRaftLogWorker (SegmentedRaftLogWorker.java:close(228)) - bace13dd-0802-4326-803e-0fec46858cd5-SegmentedRaftLogWorker:Storage Directory /workdir/hadoop-ozone/integration-test/target/test-dir/MiniOzoneClusterImpl-fdd04c0c-114b-4de3-8536-b28dc82e2d50/datanode-4/data/ratis/64c54897-f9d7-4d47-b158-6d95e5dabcdb close()
2019-09-10 21:21:12,929 [main] INFO  server.GrpcService (GrpcService.java:closeImpl(155)) - bace13dd-0802-4326-803e-0fec46858cd5: shutdown server with port 41991 now
2019-09-10 21:21:12,938 [main] INFO  server.GrpcService (GrpcService.java:closeImpl(163)) - bace13dd-0802-4326-803e-0fec46858cd5: shutdown server with port 41991 successfully
2019-09-10 21:21:12,939 [grpc-default-executor-2] WARN  server.GrpcServerProtocolService (LogUtils.java:warn(134)) - bace13dd-0802-4326-803e-0fec46858cd5: appendEntries onError: org.apache.ratis.thirdparty.io.grpc.StatusRuntimeException: CANCELLED: cancelled before receiving half close
2019-09-10 21:21:12,941 [grpc-default-executor-1] WARN  server.GrpcLogAppender (LogUtils.java:warn(134)) - 00ec61b9-9033-4ccb-bcb3-80e94f49671c->bace13dd-0802-4326-803e-0fec46858cd5: Failed appendEntries: org.apache.ratis.thirdparty.io.grpc.StatusRuntimeException: CANCELLED: HTTP/2 error code: CANCEL
Received Rst Stream
2019-09-10 21:21:12,944 [grpc-default-executor-1] INFO  impl.FollowerInfo (FollowerInfo.java:lambda$new$0(50)) - 00ec61b9-9033-4ccb-bcb3-80e94f49671c->bace13dd-0802-4326-803e-0fec46858cd5: nextIndex: updateUnconditionally 17 -> 16
2019-09-10 21:21:12,948 [refreshUsed-/workdir/hadoop-ozone/integration-test/target/test-dir/MiniOzoneClusterImpl-fdd04c0c-114b-4de3-8536-b28dc82e2d50/datanode-4/data/containers] WARN  fs.CachingGetSpaceUsed (CachingGetSpaceUsed.java:run(183)) - Thread Interrupted waiting to refresh disk information: sleep interrupted
2019-09-10 21:21:12,967 [main] INFO  utils.BackgroundService (BackgroundService.java:shutdown(148)) - Shutting down service BlockDeletingService
2019-09-10 21:21:12,972 [main] INFO  statemachine.DatanodeStateMachine (DatanodeStateMachine.java:stopDaemon(395)) - Ozone container server stopped.
2019-09-10 21:21:12,974 [main] INFO  handler.ContextHandler (ContextHandler.java:doStop(910)) - Stopped o.e.j.w.WebAppContext@6a1d3225{/,null,UNAVAILABLE}{/hddsDatanode}
2019-09-10 21:21:12,975 [main] INFO  server.AbstractConnector (AbstractConnector.java:doStop(318)) - Stopped ServerConnector@67e13bd0{HTTP/1.1,[http/1.1]}{0.0.0.0:0}
2019-09-10 21:21:12,975 [main] INFO  handler.ContextHandler (ContextHandler.java:doStop(910)) - Stopped o.e.j.s.ServletContextHandler@7fb29ca9{/static,jar:file:/home/user/.m2/repository/org/apache/hadoop/hadoop-hdds-container-service/0.5.0-SNAPSHOT/hadoop-hdds-container-service-0.5.0-SNAPSHOT.jar!/webapps/static,UNAVAILABLE}
2019-09-10 21:21:12,976 [main] INFO  handler.ContextHandler (ContextHandler.java:doStop(910)) - Stopped o.e.j.s.ServletContextHandler@56dfab87{/logs,file:///workdir/hadoop-ozone/integration-test/target/log,UNAVAILABLE}
2019-09-10 21:21:13,561 [Datanode State Machine Thread - 0] INFO  statemachine.DatanodeStateMachine (DatanodeStateMachine.java:lambda$startDaemon$0(350)) - Ozone container server started.
2019-09-10 21:21:13,569 [Datanode State Machine Thread - 0] INFO  statemachine.DatanodeStateMachine (DatanodeStateMachine.java:lambda$startDaemon$0(350)) - Ozone container server started.
2019-09-10 21:21:14,132 [grpc-default-executor-2] WARN  server.GrpcLogAppender (LogUtils.java:warn(134)) - 00ec61b9-9033-4ccb-bcb3-80e94f49671c->bace13dd-0802-4326-803e-0fec46858cd5: Failed appendEntries: org.apache.ratis.thirdparty.io.grpc.StatusRuntimeException: UNAVAILABLE: io exception
2019-09-10 21:21:14,135 [grpc-default-executor-2] INFO  impl.FollowerInfo (FollowerInfo.java:lambda$new$0(50)) - 00ec61b9-9033-4ccb-bcb3-80e94f49671c->bace13dd-0802-4326-803e-0fec46858cd5: nextIndex: updateUnconditionally 16 -> 15
2019-09-10 21:21:16,628 [grpc-default-executor-4] WARN  server.GrpcLogAppender (LogUtils.java:warn(134)) - 00ec61b9-9033-4ccb-bcb3-80e94f49671c->bace13dd-0802-4326-803e-0fec46858cd5: Failed appendEntries: org.apache.ratis.thirdparty.io.grpc.StatusRuntimeException: UNAVAILABLE: io exception
2019-09-10 21:21:16,630 [grpc-default-executor-4] INFO  impl.FollowerInfo (FollowerInfo.java:lambda$new$0(50)) - 00ec61b9-9033-4ccb-bcb3-80e94f49671c->bace13dd-0802-4326-803e-0fec46858cd5: nextIndex: updateUnconditionally 15 -> 14
2019-09-10 21:21:17,649 [EventQueue-StaleNodeForStaleNodeHandler] INFO  node.StaleNodeHandler (StaleNodeHandler.java:onMessage(58)) - Datanode 00ec61b9-9033-4ccb-bcb3-80e94f49671c{ip: 192.168.69.94, host: pr-hdds-2007-qhgzt-2180668592, networkLocation: /default-rack, certSerialId: null} moved to stale state. Finalizing its pipelines [PipelineID=a249e10a-a7c4-44ad-9baa-83683ca21856, PipelineID=64c54897-f9d7-4d47-b158-6d95e5dabcdb]
2019-09-10 21:21:17,650 [EventQueue-StaleNodeForStaleNodeHandler] INFO  pipeline.SCMPipelineManager (SCMPipelineManager.java:finalizeAndDestroyPipeline(311)) - destroying pipeline:Pipeline[ Id: a249e10a-a7c4-44ad-9baa-83683ca21856, Nodes: 00ec61b9-9033-4ccb-bcb3-80e94f49671c{ip: 192.168.69.94, host: pr-hdds-2007-qhgzt-2180668592, networkLocation: /default-rack, certSerialId: null}, Type:RATIS, Factor:ONE, State:OPEN]
2019-09-10 21:21:17,650 [EventQueue-StaleNodeForStaleNodeHandler] INFO  pipeline.PipelineStateManager (PipelineStateManager.java:finalizePipeline(123)) - Pipeline Pipeline[ Id: a249e10a-a7c4-44ad-9baa-83683ca21856, Nodes: 00ec61b9-9033-4ccb-bcb3-80e94f49671c{ip: 192.168.69.94, host: pr-hdds-2007-qhgzt-2180668592, networkLocation: /default-rack, certSerialId: null}, Type:RATIS, Factor:ONE, State:CLOSED] moved to CLOSED state
2019-09-10 21:21:17,650 [EventQueue-StaleNodeForStaleNodeHandler] INFO  pipeline.SCMPipelineManager (SCMPipelineManager.java:finalizeAndDestroyPipeline(311)) - destroying pipeline:Pipeline[ Id: 64c54897-f9d7-4d47-b158-6d95e5dabcdb, Nodes: 00ec61b9-9033-4ccb-bcb3-80e94f49671c{ip: 192.168.69.94, host: pr-hdds-2007-qhgzt-2180668592, networkLocation: /default-rack, certSerialId: null}bace13dd-0802-4326-803e-0fec46858cd5{ip: 192.168.69.94, host: pr-hdds-2007-qhgzt-2180668592, networkLocation: /default-rack, certSerialId: null}d71e7251-7a0d-426c-a65f-b408b127d188{ip: 192.168.69.94, host: pr-hdds-2007-qhgzt-2180668592, networkLocation: /default-rack, certSerialId: null}, Type:RATIS, Factor:THREE, State:CLOSED]
2019-09-10 21:21:17,651 [EventQueue-StaleNodeForStaleNodeHandler] INFO  node.StaleNodeHandler (StaleNodeHandler.java:onMessage(58)) - Datanode d71e7251-7a0d-426c-a65f-b408b127d188{ip: 192.168.69.94, host: pr-hdds-2007-qhgzt-2180668592, networkLocation: /default-rack, certSerialId: null} moved to stale state. Finalizing its pipelines [PipelineID=2b574a7e-4f8a-4d8f-a228-15c8f9781914, PipelineID=64c54897-f9d7-4d47-b158-6d95e5dabcdb]
2019-09-10 21:21:17,651 [EventQueue-StaleNodeForStaleNodeHandler] INFO  pipeline.SCMPipelineManager (SCMPipelineManager.java:finalizeAndDestroyPipeline(311)) - destroying pipeline:Pipeline[ Id: 2b574a7e-4f8a-4d8f-a228-15c8f9781914, Nodes: d71e7251-7a0d-426c-a65f-b408b127d188{ip: 192.168.69.94, host: pr-hdds-2007-qhgzt-2180668592, networkLocation: /default-rack, certSerialId: null}, Type:RATIS, Factor:ONE, State:OPEN]
2019-09-10 21:21:17,651 [EventQueue-StaleNodeForStaleNodeHandler] INFO  pipeline.PipelineStateManager (PipelineStateManager.java:finalizePipeline(123)) - Pipeline Pipeline[ Id: 2b574a7e-4f8a-4d8f-a228-15c8f9781914, Nodes: d71e7251-7a0d-426c-a65f-b408b127d188{ip: 192.168.69.94, host: pr-hdds-2007-qhgzt-2180668592, networkLocation: /default-rack, certSerialId: null}, Type:RATIS, Factor:ONE, State:CLOSED] moved to CLOSED state
2019-09-10 21:21:17,651 [EventQueue-StaleNodeForStaleNodeHandler] INFO  pipeline.SCMPipelineManager (SCMPipelineManager.java:finalizeAndDestroyPipeline(311)) - destroying pipeline:Pipeline[ Id: 64c54897-f9d7-4d47-b158-6d95e5dabcdb, Nodes: 00ec61b9-9033-4ccb-bcb3-80e94f49671c{ip: 192.168.69.94, host: pr-hdds-2007-qhgzt-2180668592, networkLocation: /default-rack, certSerialId: null}bace13dd-0802-4326-803e-0fec46858cd5{ip: 192.168.69.94, host: pr-hdds-2007-qhgzt-2180668592, networkLocation: /default-rack, certSerialId: null}d71e7251-7a0d-426c-a65f-b408b127d188{ip: 192.168.69.94, host: pr-hdds-2007-qhgzt-2180668592, networkLocation: /default-rack, certSerialId: null}, Type:RATIS, Factor:THREE, State:CLOSED]
2019-09-10 21:21:17,867 [ForkJoinPool.commonPool-worker-1] INFO  ozoneimpl.OzoneContainer (OzoneContainer.java:stop(215)) - Attempting to stop container services.
2019-09-10 21:21:17,867 [ForkJoinPool.commonPool-worker-1] INFO  impl.RaftServerProxy (RaftServerProxy.java:lambda$close$4(314)) - 00ec61b9-9033-4ccb-bcb3-80e94f49671c: close
2019-09-10 21:21:17,867 [ForkJoinPool.commonPool-worker-1] INFO  impl.RaftServerImpl (RaftServerImpl.java:lambda$shutdown$3(245)) - 00ec61b9-9033-4ccb-bcb3-80e94f49671c: shutdown group-83683CA21856
2019-09-10 21:21:17,868 [ForkJoinPool.commonPool-worker-1] INFO  util.JmxRegister (JmxRegister.java:unregister(73)) - Successfully un-registered JMX Bean with object name Ratis:service=RaftServer,group=group-83683CA21856,id=00ec61b9-9033-4ccb-bcb3-80e94f49671c
2019-09-10 21:21:17,868 [ForkJoinPool.commonPool-worker-1] INFO  impl.RoleInfo (RoleInfo.java:shutdownLeaderState(104)) - 00ec61b9-9033-4ccb-bcb3-80e94f49671c: shutdown LeaderState
2019-09-10 21:21:17,868 [ForkJoinPool.commonPool-worker-1] INFO  impl.PendingRequests (PendingRequests.java:sendNotLeaderResponses(202)) - 00ec61b9-9033-4ccb-bcb3-80e94f49671c-PendingRequests: sendNotLeaderResponses
2019-09-10 21:21:17,868 [ForkJoinPool.commonPool-worker-1] INFO  impl.StateMachineUpdater (StateMachineUpdater.java:stopAndJoin(115)) - StateMachineUpdater:00ec61b9-9033-4ccb-bcb3-80e94f49671c:group-83683CA21856: set stopIndex = 0
2019-09-10 21:21:17,869 [ForkJoinPool.commonPool-worker-1] INFO  impl.RaftServerImpl (ServerState.java:close(394)) - 00ec61b9-9033-4ccb-bcb3-80e94f49671c:group-83683CA21856 closes. The last applied log index is 0
2019-09-10 21:21:17,869 [00ec61b9-9033-4ccb-bcb3-80e94f49671c-SegmentedRaftLogWorker:Storage Directory /workdir/hadoop-ozone/integration-test/target/test-dir/MiniOzoneClusterImpl-fdd04c0c-114b-4de3-8536-b28dc82e2d50/datanode-2/data/ratis/a249e10a-a7c4-44ad-9baa-83683ca21856] INFO  segmented.SegmentedRaftLogWorker (SegmentedRaftLogWorker.java:run(313)) - 00ec61b9-9033-4ccb-bcb3-80e94f49671c-SegmentedRaftLogWorker:Storage Directory /workdir/hadoop-ozone/integration-test/target/test-dir/MiniOzoneClusterImpl-fdd04c0c-114b-4de3-8536-b28dc82e2d50/datanode-2/data/ratis/a249e10a-a7c4-44ad-9baa-83683ca21856 was interrupted, exiting. There are 0 tasks remaining in the queue.
2019-09-10 21:21:17,871 [ForkJoinPool.commonPool-worker-1] INFO  segmented.SegmentedRaftLogWorker (SegmentedRaftLogWorker.java:close(228)) - 00ec61b9-9033-4ccb-bcb3-80e94f49671c-SegmentedRaftLogWorker:Storage Directory /workdir/hadoop-ozone/integration-test/target/test-dir/MiniOzoneClusterImpl-fdd04c0c-114b-4de3-8536-b28dc82e2d50/datanode-2/data/ratis/a249e10a-a7c4-44ad-9baa-83683ca21856 close()
2019-09-10 21:21:17,874 [ForkJoinPool.commonPool-worker-1] INFO  impl.RaftServerImpl (RaftServerImpl.java:lambda$shutdown$3(245)) - 00ec61b9-9033-4ccb-bcb3-80e94f49671c: shutdown group-6D95E5DABCDB
2019-09-10 21:21:17,875 [ForkJoinPool.commonPool-worker-1] INFO  util.JmxRegister (JmxRegister.java:unregister(73)) - Successfully un-registered JMX Bean with object name Ratis:service=RaftServer,group=group-6D95E5DABCDB,id=00ec61b9-9033-4ccb-bcb3-80e94f49671c
2019-09-10 21:21:17,875 [ForkJoinPool.commonPool-worker-1] INFO  impl.RoleInfo (RoleInfo.java:shutdownLeaderState(104)) - 00ec61b9-9033-4ccb-bcb3-80e94f49671c: shutdown LeaderState
2019-09-10 21:21:17,878 [ForkJoinPool.commonPool-worker-1] INFO  impl.PendingRequests (PendingRequests.java:sendNotLeaderResponses(202)) - 00ec61b9-9033-4ccb-bcb3-80e94f49671c-PendingRequests: sendNotLeaderResponses
2019-09-10 21:21:17,878 [org.apache.ratis.server.impl.LogAppender$AppenderDaemon$$Lambda$482/522340159@5b983eaa] WARN  server.GrpcLogAppender (GrpcLogAppender.java:mayWait(143)) - GrpcLogAppender(00ec61b9-9033-4ccb-bcb3-80e94f49671c->bace13dd-0802-4326-803e-0fec46858cd5): Wait interrupted by java.lang.InterruptedException
2019-09-10 21:21:17,878 [org.apache.ratis.server.impl.LogAppender$AppenderDaemon$$Lambda$482/522340159@1e9ab31d] WARN  server.GrpcLogAppender (GrpcLogAppender.java:mayWait(143)) - GrpcLogAppender(00ec61b9-9033-4ccb-bcb3-80e94f49671c->d71e7251-7a0d-426c-a65f-b408b127d188): Wait interrupted by java.lang.InterruptedException
2019-09-10 21:21:17,883 [grpc-default-executor-2] INFO  server.GrpcServerProtocolService (GrpcServerProtocolService.java:onCompleted(104)) - d71e7251-7a0d-426c-a65f-b408b127d188: appendEntries completed
2019-09-10 21:21:17,885 [grpc-default-executor-2] INFO  server.GrpcLogAppender (GrpcLogAppender.java:onCompleted(292)) - 00ec61b9-9033-4ccb-bcb3-80e94f49671c->d71e7251-7a0d-426c-a65f-b408b127d188: follower responses appendEntries COMPLETED
2019-09-10 21:21:17,888 [ForkJoinPool.commonPool-worker-1] INFO  impl.StateMachineUpdater (StateMachineUpdater.java:stopAndJoin(115)) - StateMachineUpdater:00ec61b9-9033-4ccb-bcb3-80e94f49671c:group-6D95E5DABCDB: set stopIndex = 16
2019-09-10 21:21:17,888 [StateMachineUpdater:00ec61b9-9033-4ccb-bcb3-80e94f49671c:group-6D95E5DABCDB] INFO  ratis.ContainerStateMachine (ContainerStateMachine.java:takeSnapshot(284)) - group-6D95E5DABCDB: Taking a snapshot at:(t:2, i:14) file /workdir/hadoop-ozone/integration-test/target/test-dir/MiniOzoneClusterImpl-fdd04c0c-114b-4de3-8536-b28dc82e2d50/datanode-2/data/ratis/64c54897-f9d7-4d47-b158-6d95e5dabcdb/sm/snapshot.2_14
2019-09-10 21:21:17,888 [grpc-default-executor-2] INFO  impl.FollowerInfo (FollowerInfo.java:lambda$new$0(50)) - 00ec61b9-9033-4ccb-bcb3-80e94f49671c->d71e7251-7a0d-426c-a65f-b408b127d188: nextIndex: updateUnconditionally 17 -> 16
2019-09-10 21:21:17,972 [StateMachineUpdater:00ec61b9-9033-4ccb-bcb3-80e94f49671c:group-6D95E5DABCDB] INFO  ratis.ContainerStateMachine (ContainerStateMachine.java:takeSnapshot(295)) - group-6D95E5DABCDB: Finished taking a snapshot at:(t:2, i:14) file:/workdir/hadoop-ozone/integration-test/target/test-dir/MiniOzoneClusterImpl-fdd04c0c-114b-4de3-8536-b28dc82e2d50/datanode-2/data/ratis/64c54897-f9d7-4d47-b158-6d95e5dabcdb/sm/snapshot.2_14 time:84
2019-09-10 21:21:17,973 [StateMachineUpdater:00ec61b9-9033-4ccb-bcb3-80e94f49671c:group-6D95E5DABCDB] INFO  impl.StateMachineUpdater (StateMachineUpdater.java:takeSnapshot(242)) - StateMachineUpdater:00ec61b9-9033-4ccb-bcb3-80e94f49671c:group-6D95E5DABCDB: Took a snapshot at index 14
2019-09-10 21:21:17,973 [StateMachineUpdater:00ec61b9-9033-4ccb-bcb3-80e94f49671c:group-6D95E5DABCDB] INFO  impl.StateMachineUpdater (StateMachineUpdater.java:lambda$new$0(80)) - StateMachineUpdater:00ec61b9-9033-4ccb-bcb3-80e94f49671c:group-6D95E5DABCDB: snapshotIndex: updateIncreasingly -1 -> 14
2019-09-10 21:21:17,973 [ForkJoinPool.commonPool-worker-1] INFO  impl.RaftServerImpl (ServerState.java:close(394)) - 00ec61b9-9033-4ccb-bcb3-80e94f49671c:group-6D95E5DABCDB closes. The last applied log index is 16
2019-09-10 21:21:17,974 [00ec61b9-9033-4ccb-bcb3-80e94f49671c-SegmentedRaftLogWorker:Storage Directory /workdir/hadoop-ozone/integration-test/target/test-dir/MiniOzoneClusterImpl-fdd04c0c-114b-4de3-8536-b28dc82e2d50/datanode-2/data/ratis/64c54897-f9d7-4d47-b158-6d95e5dabcdb] INFO  segmented.SegmentedRaftLogWorker (SegmentedRaftLogWorker.java:run(313)) - 00ec61b9-9033-4ccb-bcb3-80e94f49671c-SegmentedRaftLogWorker:Storage Directory /workdir/hadoop-ozone/integration-test/target/test-dir/MiniOzoneClusterImpl-fdd04c0c-114b-4de3-8536-b28dc82e2d50/datanode-2/data/ratis/64c54897-f9d7-4d47-b158-6d95e5dabcdb was interrupted, exiting. There are 0 tasks remaining in the queue.
2019-09-10 21:21:17,976 [ForkJoinPool.commonPool-worker-1] INFO  segmented.SegmentedRaftLogWorker (SegmentedRaftLogWorker.java:close(228)) - 00ec61b9-9033-4ccb-bcb3-80e94f49671c-SegmentedRaftLogWorker:Storage Directory /workdir/hadoop-ozone/integration-test/target/test-dir/MiniOzoneClusterImpl-fdd04c0c-114b-4de3-8536-b28dc82e2d50/datanode-2/data/ratis/64c54897-f9d7-4d47-b158-6d95e5dabcdb close()
2019-09-10 21:21:17,979 [ForkJoinPool.commonPool-worker-1] INFO  server.GrpcService (GrpcService.java:closeImpl(155)) - 00ec61b9-9033-4ccb-bcb3-80e94f49671c: shutdown server with port 37470 now
2019-09-10 21:21:17,979 [main] INFO  ozoneimpl.OzoneContainer (OzoneContainer.java:stop(215)) - Attempting to stop container services.
2019-09-10 21:21:17,980 [main] INFO  impl.RaftServerProxy (RaftServerProxy.java:lambda$close$4(314)) - d71e7251-7a0d-426c-a65f-b408b127d188: close
2019-09-10 21:21:17,986 [main] INFO  impl.RaftServerImpl (RaftServerImpl.java:lambda$shutdown$3(245)) - d71e7251-7a0d-426c-a65f-b408b127d188: shutdown group-15C8F9781914
2019-09-10 21:21:17,987 [grpc-default-executor-4] WARN  client.GrpcClientProtocolService (LogUtils.java:warn(134)) - 4-UnorderedRequestStreamObserver4: onError: org.apache.ratis.thirdparty.io.grpc.StatusRuntimeException: CANCELLED: cancelled before receiving half close
2019-09-10 21:21:17,987 [ForkJoinPool.commonPool-worker-1] INFO  server.GrpcService (GrpcService.java:closeImpl(163)) - 00ec61b9-9033-4ccb-bcb3-80e94f49671c: shutdown server with port 37470 successfully
2019-09-10 21:21:17,989 [main] INFO  util.JmxRegister (JmxRegister.java:unregister(73)) - Successfully un-registered JMX Bean with object name Ratis:service=RaftServer,group=group-15C8F9781914,id=d71e7251-7a0d-426c-a65f-b408b127d188
2019-09-10 21:21:17,990 [main] INFO  impl.RoleInfo (RoleInfo.java:shutdownLeaderState(104)) - d71e7251-7a0d-426c-a65f-b408b127d188: shutdown LeaderState
2019-09-10 21:21:17,990 [main] INFO  impl.PendingRequests (PendingRequests.java:sendNotLeaderResponses(202)) - d71e7251-7a0d-426c-a65f-b408b127d188-PendingRequests: sendNotLeaderResponses
2019-09-10 21:21:17,991 [main] INFO  impl.StateMachineUpdater (StateMachineUpdater.java:stopAndJoin(115)) - StateMachineUpdater:d71e7251-7a0d-426c-a65f-b408b127d188:group-15C8F9781914: set stopIndex = 0
2019-09-10 21:21:17,991 [main] INFO  impl.RaftServerImpl (ServerState.java:close(394)) - d71e7251-7a0d-426c-a65f-b408b127d188:group-15C8F9781914 closes. The last applied log index is 0
2019-09-10 21:21:17,992 [d71e7251-7a0d-426c-a65f-b408b127d188-SegmentedRaftLogWorker:Storage Directory /workdir/hadoop-ozone/integration-test/target/test-dir/MiniOzoneClusterImpl-fdd04c0c-114b-4de3-8536-b28dc82e2d50/datanode-3/data/ratis/2b574a7e-4f8a-4d8f-a228-15c8f9781914] INFO  segmented.SegmentedRaftLogWorker (SegmentedRaftLogWorker.java:run(313)) - d71e7251-7a0d-426c-a65f-b408b127d188-SegmentedRaftLogWorker:Storage Directory /workdir/hadoop-ozone/integration-test/target/test-dir/MiniOzoneClusterImpl-fdd04c0c-114b-4de3-8536-b28dc82e2d50/datanode-3/data/ratis/2b574a7e-4f8a-4d8f-a228-15c8f9781914 was interrupted, exiting. There are 0 tasks remaining in the queue.
2019-09-10 21:21:17,993 [main] INFO  segmented.SegmentedRaftLogWorker (SegmentedRaftLogWorker.java:close(228)) - d71e7251-7a0d-426c-a65f-b408b127d188-SegmentedRaftLogWorker:Storage Directory /workdir/hadoop-ozone/integration-test/target/test-dir/MiniOzoneClusterImpl-fdd04c0c-114b-4de3-8536-b28dc82e2d50/datanode-3/data/ratis/2b574a7e-4f8a-4d8f-a228-15c8f9781914 close()
2019-09-10 21:21:17,997 [main] INFO  impl.RaftServerImpl (RaftServerImpl.java:lambda$shutdown$3(245)) - d71e7251-7a0d-426c-a65f-b408b127d188: shutdown group-6D95E5DABCDB
2019-09-10 21:21:17,999 [main] INFO  util.JmxRegister (JmxRegister.java:unregister(73)) - Successfully un-registered JMX Bean with object name Ratis:service=RaftServer,group=group-6D95E5DABCDB,id=d71e7251-7a0d-426c-a65f-b408b127d188
2019-09-10 21:21:17,999 [refreshUsed-/workdir/hadoop-ozone/integration-test/target/test-dir/MiniOzoneClusterImpl-fdd04c0c-114b-4de3-8536-b28dc82e2d50/datanode-2/data/containers] WARN  fs.CachingGetSpaceUsed (CachingGetSpaceUsed.java:run(183)) - Thread Interrupted waiting to refresh disk information: sleep interrupted
2019-09-10 21:21:18,000 [main] INFO  impl.RoleInfo (RoleInfo.java:shutdownFollowerState(121)) - d71e7251-7a0d-426c-a65f-b408b127d188: shutdown FollowerState
2019-09-10 21:21:18,001 [main] INFO  impl.StateMachineUpdater (StateMachineUpdater.java:stopAndJoin(115)) - StateMachineUpdater:d71e7251-7a0d-426c-a65f-b408b127d188:group-6D95E5DABCDB: set stopIndex = 16
2019-09-10 21:21:18,001 [StateMachineUpdater:d71e7251-7a0d-426c-a65f-b408b127d188:group-6D95E5DABCDB] INFO  ratis.ContainerStateMachine (ContainerStateMachine.java:takeSnapshot(284)) - group-6D95E5DABCDB: Taking a snapshot at:(t:2, i:16) file /workdir/hadoop-ozone/integration-test/target/test-dir/MiniOzoneClusterImpl-fdd04c0c-114b-4de3-8536-b28dc82e2d50/datanode-3/data/ratis/64c54897-f9d7-4d47-b158-6d95e5dabcdb/sm/snapshot.2_16
2019-09-10 21:21:18,001 [Thread-365] INFO  impl.FollowerState (FollowerState.java:run(114)) - d71e7251-7a0d-426c-a65f-b408b127d188: FollowerState was interrupted: java.lang.InterruptedException: sleep interrupted
2019-09-10 21:21:18,017 [ForkJoinPool.commonPool-worker-1] INFO  utils.BackgroundService (BackgroundService.java:shutdown(148)) - Shutting down service BlockDeletingService
2019-09-10 21:21:18,022 [ForkJoinPool.commonPool-worker-1] INFO  statemachine.DatanodeStateMachine (DatanodeStateMachine.java:stopDaemon(395)) - Ozone container server stopped.
2019-09-10 21:21:18,026 [ForkJoinPool.commonPool-worker-1] INFO  handler.ContextHandler (ContextHandler.java:doStop(910)) - Stopped o.e.j.w.WebAppContext@28da7d11{/,null,UNAVAILABLE}{/hddsDatanode}
2019-09-10 21:21:18,027 [ForkJoinPool.commonPool-worker-1] INFO  server.AbstractConnector (AbstractConnector.java:doStop(318)) - Stopped ServerConnector@77b919a3{HTTP/1.1,[http/1.1]}{0.0.0.0:0}
2019-09-10 21:21:18,028 [ForkJoinPool.commonPool-worker-1] INFO  handler.ContextHandler (ContextHandler.java:doStop(910)) - Stopped o.e.j.s.ServletContextHandler@5e5af8e1{/static,jar:file:/home/user/.m2/repository/org/apache/hadoop/hadoop-hdds-container-service/0.5.0-SNAPSHOT/hadoop-hdds-container-service-0.5.0-SNAPSHOT.jar!/webapps/static,UNAVAILABLE}
2019-09-10 21:21:18,030 [ForkJoinPool.commonPool-worker-1] INFO  handler.ContextHandler (ContextHandler.java:doStop(910)) - Stopped o.e.j.s.ServletContextHandler@52d97ab6{/logs,file:///workdir/hadoop-ozone/integration-test/target/log,UNAVAILABLE}
2019-09-10 21:21:18,208 [StateMachineUpdater:d71e7251-7a0d-426c-a65f-b408b127d188:group-6D95E5DABCDB] INFO  ratis.ContainerStateMachine (ContainerStateMachine.java:takeSnapshot(295)) - group-6D95E5DABCDB: Finished taking a snapshot at:(t:2, i:16) file:/workdir/hadoop-ozone/integration-test/target/test-dir/MiniOzoneClusterImpl-fdd04c0c-114b-4de3-8536-b28dc82e2d50/datanode-3/data/ratis/64c54897-f9d7-4d47-b158-6d95e5dabcdb/sm/snapshot.2_16 time:208
2019-09-10 21:21:18,209 [StateMachineUpdater:d71e7251-7a0d-426c-a65f-b408b127d188:group-6D95E5DABCDB] INFO  impl.StateMachineUpdater (StateMachineUpdater.java:takeSnapshot(242)) - StateMachineUpdater:d71e7251-7a0d-426c-a65f-b408b127d188:group-6D95E5DABCDB: Took a snapshot at index 16
2019-09-10 21:21:18,209 [StateMachineUpdater:d71e7251-7a0d-426c-a65f-b408b127d188:group-6D95E5DABCDB] INFO  impl.StateMachineUpdater (StateMachineUpdater.java:lambda$new$0(80)) - StateMachineUpdater:d71e7251-7a0d-426c-a65f-b408b127d188:group-6D95E5DABCDB: snapshotIndex: updateIncreasingly -1 -> 16
2019-09-10 21:21:18,209 [main] INFO  impl.RaftServerImpl (ServerState.java:close(394)) - d71e7251-7a0d-426c-a65f-b408b127d188:group-6D95E5DABCDB closes. The last applied log index is 16
2019-09-10 21:21:18,210 [d71e7251-7a0d-426c-a65f-b408b127d188-SegmentedRaftLogWorker:Storage Directory /workdir/hadoop-ozone/integration-test/target/test-dir/MiniOzoneClusterImpl-fdd04c0c-114b-4de3-8536-b28dc82e2d50/datanode-3/data/ratis/64c54897-f9d7-4d47-b158-6d95e5dabcdb] INFO  segmented.SegmentedRaftLogWorker (SegmentedRaftLogWorker.java:run(313)) - d71e7251-7a0d-426c-a65f-b408b127d188-SegmentedRaftLogWorker:Storage Directory /workdir/hadoop-ozone/integration-test/target/test-dir/MiniOzoneClusterImpl-fdd04c0c-114b-4de3-8536-b28dc82e2d50/datanode-3/data/ratis/64c54897-f9d7-4d47-b158-6d95e5dabcdb was interrupted, exiting. There are 0 tasks remaining in the queue.
2019-09-10 21:21:18,213 [main] INFO  segmented.SegmentedRaftLogWorker (SegmentedRaftLogWorker.java:close(228)) - d71e7251-7a0d-426c-a65f-b408b127d188-SegmentedRaftLogWorker:Storage Directory /workdir/hadoop-ozone/integration-test/target/test-dir/MiniOzoneClusterImpl-fdd04c0c-114b-4de3-8536-b28dc82e2d50/datanode-3/data/ratis/64c54897-f9d7-4d47-b158-6d95e5dabcdb close()
2019-09-10 21:21:18,216 [main] INFO  server.GrpcService (GrpcService.java:closeImpl(155)) - d71e7251-7a0d-426c-a65f-b408b127d188: shutdown server with port 33306 now
2019-09-10 21:21:18,220 [main] INFO  server.GrpcService (GrpcService.java:closeImpl(163)) - d71e7251-7a0d-426c-a65f-b408b127d188: shutdown server with port 33306 successfully
2019-09-10 21:21:18,227 [refreshUsed-/workdir/hadoop-ozone/integration-test/target/test-dir/MiniOzoneClusterImpl-fdd04c0c-114b-4de3-8536-b28dc82e2d50/datanode-3/data/containers] WARN  fs.CachingGetSpaceUsed (CachingGetSpaceUsed.java:run(183)) - Thread Interrupted waiting to refresh disk information: sleep interrupted
2019-09-10 21:21:18,250 [main] INFO  utils.BackgroundService (BackgroundService.java:shutdown(148)) - Shutting down service BlockDeletingService
2019-09-10 21:21:18,254 [main] INFO  statemachine.DatanodeStateMachine (DatanodeStateMachine.java:stopDaemon(395)) - Ozone container server stopped.
2019-09-10 21:21:18,256 [main] INFO  handler.ContextHandler (ContextHandler.java:doStop(910)) - Stopped o.e.j.w.WebAppContext@41eb94bc{/,null,UNAVAILABLE}{/hddsDatanode}
2019-09-10 21:21:18,257 [main] INFO  server.AbstractConnector (AbstractConnector.java:doStop(318)) - Stopped ServerConnector@378cfecf{HTTP/1.1,[http/1.1]}{0.0.0.0:0}
2019-09-10 21:21:18,258 [main] INFO  handler.ContextHandler (ContextHandler.java:doStop(910)) - Stopped o.e.j.s.ServletContextHandler@1981d861{/static,jar:file:/home/user/.m2/repository/org/apache/hadoop/hadoop-hdds-container-service/0.5.0-SNAPSHOT/hadoop-hdds-container-service-0.5.0-SNAPSHOT.jar!/webapps/static,UNAVAILABLE}
2019-09-10 21:21:18,259 [main] INFO  handler.ContextHandler (ContextHandler.java:doStop(910)) - Stopped o.e.j.s.ServletContextHandler@588f63c{/logs,file:///workdir/hadoop-ozone/integration-test/target/log,UNAVAILABLE}
2019-09-10 21:21:18,465 [Datanode State Machine Thread - 0] INFO  statemachine.DatanodeStateMachine (DatanodeStateMachine.java:lambda$startDaemon$0(350)) - Ozone container server started.
2019-09-10 21:21:18,465 [Datanode State Machine Thread - 0] INFO  statemachine.DatanodeStateMachine (DatanodeStateMachine.java:lambda$startDaemon$0(350)) - Ozone container server started.
2019-09-10 21:21:22,564 [EventQueue-StaleNodeForStaleNodeHandler] INFO  node.StaleNodeHandler (StaleNodeHandler.java:onMessage(58)) - Datanode 8bacdf4e-3a51-4803-bfd1-91679ace6b3e{ip: 192.168.69.94, host: pr-hdds-2007-qhgzt-2180668592, networkLocation: /default-rack, certSerialId: null} moved to stale state. Finalizing its pipelines [PipelineID=5bce46a0-ee2d-41b3-b06f-5e0d07f3f349, PipelineID=9e3d3004-2419-45c7-953b-203afced52e0]
2019-09-10 21:21:22,564 [EventQueue-StaleNodeForStaleNodeHandler] INFO  pipeline.SCMPipelineManager (SCMPipelineManager.java:finalizeAndDestroyPipeline(311)) - destroying pipeline:Pipeline[ Id: 5bce46a0-ee2d-41b3-b06f-5e0d07f3f349, Nodes: 8bacdf4e-3a51-4803-bfd1-91679ace6b3e{ip: 192.168.69.94, host: pr-hdds-2007-qhgzt-2180668592, networkLocation: /default-rack, certSerialId: null}afd7959d-6058-4eae-8525-20abb5601f7f{ip: 192.168.69.94, host: pr-hdds-2007-qhgzt-2180668592, networkLocation: /default-rack, certSerialId: null}af92c0b4-0e41-4ee8-9c4d-64ba4f312634{ip: 192.168.69.94, host: pr-hdds-2007-qhgzt-2180668592, networkLocation: /default-rack, certSerialId: null}, Type:RATIS, Factor:THREE, State:OPEN]
2019-09-10 21:21:22,565 [EventQueue-StaleNodeForStaleNodeHandler] INFO  pipeline.PipelineStateManager (PipelineStateManager.java:finalizePipeline(123)) - Pipeline Pipeline[ Id: 5bce46a0-ee2d-41b3-b06f-5e0d07f3f349, Nodes: 8bacdf4e-3a51-4803-bfd1-91679ace6b3e{ip: 192.168.69.94, host: pr-hdds-2007-qhgzt-2180668592, networkLocation: /default-rack, certSerialId: null}afd7959d-6058-4eae-8525-20abb5601f7f{ip: 192.168.69.94, host: pr-hdds-2007-qhgzt-2180668592, networkLocation: /default-rack, certSerialId: null}af92c0b4-0e41-4ee8-9c4d-64ba4f312634{ip: 192.168.69.94, host: pr-hdds-2007-qhgzt-2180668592, networkLocation: /default-rack, certSerialId: null}, Type:RATIS, Factor:THREE, State:CLOSED] moved to CLOSED state
2019-09-10 21:21:22,565 [EventQueue-CloseContainerForCloseContainerEventHandler] INFO  container.CloseContainerEventHandler (CloseContainerEventHandler.java:onMessage(61)) - Close container Event triggered for container : #2
2019-09-10 21:21:22,565 [EventQueue-StaleNodeForStaleNodeHandler] INFO  pipeline.SCMPipelineManager (SCMPipelineManager.java:finalizeAndDestroyPipeline(311)) - destroying pipeline:Pipeline[ Id: 9e3d3004-2419-45c7-953b-203afced52e0, Nodes: 8bacdf4e-3a51-4803-bfd1-91679ace6b3e{ip: 192.168.69.94, host: pr-hdds-2007-qhgzt-2180668592, networkLocation: /default-rack, certSerialId: null}, Type:RATIS, Factor:ONE, State:OPEN]
2019-09-10 21:21:22,565 [EventQueue-StaleNodeForStaleNodeHandler] INFO  pipeline.PipelineStateManager (PipelineStateManager.java:finalizePipeline(123)) - Pipeline Pipeline[ Id: 9e3d3004-2419-45c7-953b-203afced52e0, Nodes: 8bacdf4e-3a51-4803-bfd1-91679ace6b3e{ip: 192.168.69.94, host: pr-hdds-2007-qhgzt-2180668592, networkLocation: /default-rack, certSerialId: null}, Type:RATIS, Factor:ONE, State:CLOSED] moved to CLOSED state
2019-09-10 21:21:22,566 [EventQueue-StaleNodeForStaleNodeHandler] INFO  node.StaleNodeHandler (StaleNodeHandler.java:onMessage(58)) - Datanode afd7959d-6058-4eae-8525-20abb5601f7f{ip: 192.168.69.94, host: pr-hdds-2007-qhgzt-2180668592, networkLocation: /default-rack, certSerialId: null} moved to stale state. Finalizing its pipelines [PipelineID=5bce46a0-ee2d-41b3-b06f-5e0d07f3f349, PipelineID=4bdcfa90-c678-4963-8312-fec34c66d88c]
2019-09-10 21:21:22,566 [EventQueue-StaleNodeForStaleNodeHandler] INFO  pipeline.SCMPipelineManager (SCMPipelineManager.java:finalizeAndDestroyPipeline(311)) - destroying pipeline:Pipeline[ Id: 5bce46a0-ee2d-41b3-b06f-5e0d07f3f349, Nodes: 8bacdf4e-3a51-4803-bfd1-91679ace6b3e{ip: 192.168.69.94, host: pr-hdds-2007-qhgzt-2180668592, networkLocation: /default-rack, certSerialId: null}afd7959d-6058-4eae-8525-20abb5601f7f{ip: 192.168.69.94, host: pr-hdds-2007-qhgzt-2180668592, networkLocation: /default-rack, certSerialId: null}af92c0b4-0e41-4ee8-9c4d-64ba4f312634{ip: 192.168.69.94, host: pr-hdds-2007-qhgzt-2180668592, networkLocation: /default-rack, certSerialId: null}, Type:RATIS, Factor:THREE, State:CLOSED]
2019-09-10 21:21:22,566 [EventQueue-StaleNodeForStaleNodeHandler] INFO  pipeline.SCMPipelineManager (SCMPipelineManager.java:finalizeAndDestroyPipeline(311)) - destroying pipeline:Pipeline[ Id: 4bdcfa90-c678-4963-8312-fec34c66d88c, Nodes: afd7959d-6058-4eae-8525-20abb5601f7f{ip: 192.168.69.94, host: pr-hdds-2007-qhgzt-2180668592, networkLocation: /default-rack, certSerialId: null}, Type:RATIS, Factor:ONE, State:OPEN]
2019-09-10 21:21:22,566 [EventQueue-StaleNodeForStaleNodeHandler] INFO  pipeline.PipelineStateManager (PipelineStateManager.java:finalizePipeline(123)) - Pipeline Pipeline[ Id: 4bdcfa90-c678-4963-8312-fec34c66d88c, Nodes: afd7959d-6058-4eae-8525-20abb5601f7f{ip: 192.168.69.94, host: pr-hdds-2007-qhgzt-2180668592, networkLocation: /default-rack, certSerialId: null}, Type:RATIS, Factor:ONE, State:CLOSED] moved to CLOSED state
2019-09-10 21:21:23,032 [ForkJoinPool.commonPool-worker-1] INFO  ozoneimpl.OzoneContainer (OzoneContainer.java:stop(215)) - Attempting to stop container services.
2019-09-10 21:21:23,032 [ForkJoinPool.commonPool-worker-1] INFO  impl.RaftServerProxy (RaftServerProxy.java:lambda$close$4(314)) - afd7959d-6058-4eae-8525-20abb5601f7f: close
2019-09-10 21:21:23,032 [ForkJoinPool.commonPool-worker-1] INFO  impl.RaftServerImpl (RaftServerImpl.java:lambda$shutdown$3(245)) - afd7959d-6058-4eae-8525-20abb5601f7f: shutdown group-5E0D07F3F349
2019-09-10 21:21:23,033 [ForkJoinPool.commonPool-worker-1] INFO  util.JmxRegister (JmxRegister.java:unregister(73)) - Successfully un-registered JMX Bean with object name Ratis:service=RaftServer,group=group-5E0D07F3F349,id=afd7959d-6058-4eae-8525-20abb5601f7f
2019-09-10 21:21:23,033 [ForkJoinPool.commonPool-worker-1] INFO  impl.RoleInfo (RoleInfo.java:shutdownFollowerState(121)) - afd7959d-6058-4eae-8525-20abb5601f7f: shutdown FollowerState
2019-09-10 21:21:23,033 [ForkJoinPool.commonPool-worker-1] INFO  impl.StateMachineUpdater (StateMachineUpdater.java:stopAndJoin(115)) - StateMachineUpdater:afd7959d-6058-4eae-8525-20abb5601f7f:group-5E0D07F3F349: set stopIndex = 4
2019-09-10 21:21:23,033 [Thread-329] INFO  impl.FollowerState (FollowerState.java:run(114)) - afd7959d-6058-4eae-8525-20abb5601f7f: FollowerState was interrupted: java.lang.InterruptedException: sleep interrupted
2019-09-10 21:21:23,033 [StateMachineUpdater:afd7959d-6058-4eae-8525-20abb5601f7f:group-5E0D07F3F349] INFO  ratis.ContainerStateMachine (ContainerStateMachine.java:takeSnapshot(284)) - group-5E0D07F3F349: Taking a snapshot at:(t:1, i:3) file /workdir/hadoop-ozone/integration-test/target/test-dir/MiniOzoneClusterImpl-fdd04c0c-114b-4de3-8536-b28dc82e2d50/datanode-0/data/ratis/5bce46a0-ee2d-41b3-b06f-5e0d07f3f349/sm/snapshot.1_3
2019-09-10 21:21:23,077 [StateMachineUpdater:afd7959d-6058-4eae-8525-20abb5601f7f:group-5E0D07F3F349] INFO  ratis.ContainerStateMachine (ContainerStateMachine.java:takeSnapshot(295)) - group-5E0D07F3F349: Finished taking a snapshot at:(t:1, i:3) file:/workdir/hadoop-ozone/integration-test/target/test-dir/MiniOzoneClusterImpl-fdd04c0c-114b-4de3-8536-b28dc82e2d50/datanode-0/data/ratis/5bce46a0-ee2d-41b3-b06f-5e0d07f3f349/sm/snapshot.1_3 time:43
2019-09-10 21:21:23,077 [StateMachineUpdater:afd7959d-6058-4eae-8525-20abb5601f7f:group-5E0D07F3F349] INFO  impl.StateMachineUpdater (StateMachineUpdater.java:takeSnapshot(242)) - StateMachineUpdater:afd7959d-6058-4eae-8525-20abb5601f7f:group-5E0D07F3F349: Took a snapshot at index 3
2019-09-10 21:21:23,077 [StateMachineUpdater:afd7959d-6058-4eae-8525-20abb5601f7f:group-5E0D07F3F349] INFO  impl.StateMachineUpdater (StateMachineUpdater.java:lambda$new$0(80)) - StateMachineUpdater:afd7959d-6058-4eae-8525-20abb5601f7f:group-5E0D07F3F349: snapshotIndex: updateIncreasingly -1 -> 3
2019-09-10 21:21:23,078 [ForkJoinPool.commonPool-worker-1] INFO  impl.RaftServerImpl (ServerState.java:close(394)) - afd7959d-6058-4eae-8525-20abb5601f7f:group-5E0D07F3F349 closes. The last applied log index is 4
2019-09-10 21:21:23,079 [afd7959d-6058-4eae-8525-20abb5601f7f-SegmentedRaftLogWorker:Storage Directory /workdir/hadoop-ozone/integration-test/target/test-dir/MiniOzoneClusterImpl-fdd04c0c-114b-4de3-8536-b28dc82e2d50/datanode-0/data/ratis/5bce46a0-ee2d-41b3-b06f-5e0d07f3f349] INFO  segmented.SegmentedRaftLogWorker (SegmentedRaftLogWorker.java:run(313)) - afd7959d-6058-4eae-8525-20abb5601f7f-SegmentedRaftLogWorker:Storage Directory /workdir/hadoop-ozone/integration-test/target/test-dir/MiniOzoneClusterImpl-fdd04c0c-114b-4de3-8536-b28dc82e2d50/datanode-0/data/ratis/5bce46a0-ee2d-41b3-b06f-5e0d07f3f349 was interrupted, exiting. There are 0 tasks remaining in the queue.
2019-09-10 21:21:23,081 [ForkJoinPool.commonPool-worker-1] INFO  segmented.SegmentedRaftLogWorker (SegmentedRaftLogWorker.java:close(228)) - afd7959d-6058-4eae-8525-20abb5601f7f-SegmentedRaftLogWorker:Storage Directory /workdir/hadoop-ozone/integration-test/target/test-dir/MiniOzoneClusterImpl-fdd04c0c-114b-4de3-8536-b28dc82e2d50/datanode-0/data/ratis/5bce46a0-ee2d-41b3-b06f-5e0d07f3f349 close()
2019-09-10 21:21:23,083 [ForkJoinPool.commonPool-worker-1] INFO  impl.RaftServerImpl (RaftServerImpl.java:lambda$shutdown$3(245)) - afd7959d-6058-4eae-8525-20abb5601f7f: shutdown group-FEC34C66D88C
2019-09-10 21:21:23,084 [ForkJoinPool.commonPool-worker-1] INFO  util.JmxRegister (JmxRegister.java:unregister(73)) - Successfully un-registered JMX Bean with object name Ratis:service=RaftServer,group=group-FEC34C66D88C,id=afd7959d-6058-4eae-8525-20abb5601f7f
2019-09-10 21:21:23,084 [ForkJoinPool.commonPool-worker-1] INFO  impl.RoleInfo (RoleInfo.java:shutdownLeaderState(104)) - afd7959d-6058-4eae-8525-20abb5601f7f: shutdown LeaderState
2019-09-10 21:21:23,084 [ForkJoinPool.commonPool-worker-1] INFO  impl.PendingRequests (PendingRequests.java:sendNotLeaderResponses(202)) - afd7959d-6058-4eae-8525-20abb5601f7f-PendingRequests: sendNotLeaderResponses
2019-09-10 21:21:23,085 [ForkJoinPool.commonPool-worker-1] INFO  impl.StateMachineUpdater (StateMachineUpdater.java:stopAndJoin(115)) - StateMachineUpdater:afd7959d-6058-4eae-8525-20abb5601f7f:group-FEC34C66D88C: set stopIndex = 0
2019-09-10 21:21:23,085 [ForkJoinPool.commonPool-worker-1] INFO  impl.RaftServerImpl (ServerState.java:close(394)) - afd7959d-6058-4eae-8525-20abb5601f7f:group-FEC34C66D88C closes. The last applied log index is 0
2019-09-10 21:21:23,085 [afd7959d-6058-4eae-8525-20abb5601f7f-SegmentedRaftLogWorker:Storage Directory /workdir/hadoop-ozone/integration-test/target/test-dir/MiniOzoneClusterImpl-fdd04c0c-114b-4de3-8536-b28dc82e2d50/datanode-0/data/ratis/4bdcfa90-c678-4963-8312-fec34c66d88c] INFO  segmented.SegmentedRaftLogWorker (SegmentedRaftLogWorker.java:run(313)) - afd7959d-6058-4eae-8525-20abb5601f7f-SegmentedRaftLogWorker:Storage Directory /workdir/hadoop-ozone/integration-test/target/test-dir/MiniOzoneClusterImpl-fdd04c0c-114b-4de3-8536-b28dc82e2d50/datanode-0/data/ratis/4bdcfa90-c678-4963-8312-fec34c66d88c was interrupted, exiting. There are 0 tasks remaining in the queue.
2019-09-10 21:21:23,087 [ForkJoinPool.commonPool-worker-1] INFO  segmented.SegmentedRaftLogWorker (SegmentedRaftLogWorker.java:close(228)) - afd7959d-6058-4eae-8525-20abb5601f7f-SegmentedRaftLogWorker:Storage Directory /workdir/hadoop-ozone/integration-test/target/test-dir/MiniOzoneClusterImpl-fdd04c0c-114b-4de3-8536-b28dc82e2d50/datanode-0/data/ratis/4bdcfa90-c678-4963-8312-fec34c66d88c close()
2019-09-10 21:21:23,089 [ForkJoinPool.commonPool-worker-1] INFO  server.GrpcService (GrpcService.java:closeImpl(155)) - afd7959d-6058-4eae-8525-20abb5601f7f: shutdown server with port 33298 now
2019-09-10 21:21:23,090 [grpc-default-executor-1] WARN  server.GrpcServerProtocolService (LogUtils.java:warn(134)) - afd7959d-6058-4eae-8525-20abb5601f7f: appendEntries onError: org.apache.ratis.thirdparty.io.grpc.StatusRuntimeException: CANCELLED: cancelled before receiving half close
2019-09-10 21:21:23,094 [ForkJoinPool.commonPool-worker-1] INFO  server.GrpcService (GrpcService.java:closeImpl(163)) - afd7959d-6058-4eae-8525-20abb5601f7f: shutdown server with port 33298 successfully
2019-09-10 21:21:23,094 [grpc-default-executor-1] WARN  server.GrpcLogAppender (LogUtils.java:warn(134)) - 8bacdf4e-3a51-4803-bfd1-91679ace6b3e->afd7959d-6058-4eae-8525-20abb5601f7f: Failed appendEntries: org.apache.ratis.thirdparty.io.grpc.StatusRuntimeException: CANCELLED: HTTP/2 error code: CANCEL
Received Rst Stream
2019-09-10 21:21:23,102 [grpc-default-executor-1] INFO  impl.FollowerInfo (FollowerInfo.java:lambda$new$0(50)) - 8bacdf4e-3a51-4803-bfd1-91679ace6b3e->afd7959d-6058-4eae-8525-20abb5601f7f: nextIndex: updateUnconditionally 5 -> 4
2019-09-10 21:21:23,108 [refreshUsed-/workdir/hadoop-ozone/integration-test/target/test-dir/MiniOzoneClusterImpl-fdd04c0c-114b-4de3-8536-b28dc82e2d50/datanode-0/data/containers] WARN  fs.CachingGetSpaceUsed (CachingGetSpaceUsed.java:run(183)) - Thread Interrupted waiting to refresh disk information: sleep interrupted
2019-09-10 21:21:23,124 [ForkJoinPool.commonPool-worker-1] INFO  utils.BackgroundService (BackgroundService.java:shutdown(148)) - Shutting down service BlockDeletingService
2019-09-10 21:21:23,127 [ForkJoinPool.commonPool-worker-1] INFO  statemachine.DatanodeStateMachine (DatanodeStateMachine.java:stopDaemon(395)) - Ozone container server stopped.
2019-09-10 21:21:23,131 [ForkJoinPool.commonPool-worker-1] INFO  handler.ContextHandler (ContextHandler.java:doStop(910)) - Stopped o.e.j.w.WebAppContext@102ecc22{/,null,UNAVAILABLE}{/hddsDatanode}
2019-09-10 21:21:23,131 [ForkJoinPool.commonPool-worker-1] INFO  server.AbstractConnector (AbstractConnector.java:doStop(318)) - Stopped ServerConnector@7ff35a3f{HTTP/1.1,[http/1.1]}{0.0.0.0:0}
2019-09-10 21:21:23,133 [ForkJoinPool.commonPool-worker-1] INFO  handler.ContextHandler (ContextHandler.java:doStop(910)) - Stopped o.e.j.s.ServletContextHandler@3d904e9c{/static,jar:file:/home/user/.m2/repository/org/apache/hadoop/hadoop-hdds-container-service/0.5.0-SNAPSHOT/hadoop-hdds-container-service-0.5.0-SNAPSHOT.jar!/webapps/static,UNAVAILABLE}
2019-09-10 21:21:23,134 [ForkJoinPool.commonPool-worker-1] INFO  handler.ContextHandler (ContextHandler.java:doStop(910)) - Stopped o.e.j.s.ServletContextHandler@76563d26{/logs,file:///workdir/hadoop-ozone/integration-test/target/log,UNAVAILABLE}
2019-09-10 21:21:23,260 [main] INFO  ozoneimpl.OzoneContainer (OzoneContainer.java:stop(215)) - Attempting to stop container services.
2019-09-10 21:21:23,261 [main] INFO  impl.RaftServerProxy (RaftServerProxy.java:lambda$close$4(314)) - 8bacdf4e-3a51-4803-bfd1-91679ace6b3e: close
2019-09-10 21:21:23,262 [main] INFO  impl.RaftServerImpl (RaftServerImpl.java:lambda$shutdown$3(245)) - 8bacdf4e-3a51-4803-bfd1-91679ace6b3e: shutdown group-5E0D07F3F349
2019-09-10 21:21:23,262 [main] INFO  util.JmxRegister (JmxRegister.java:unregister(73)) - Successfully un-registered JMX Bean with object name Ratis:service=RaftServer,group=group-5E0D07F3F349,id=8bacdf4e-3a51-4803-bfd1-91679ace6b3e
2019-09-10 21:21:23,263 [main] INFO  impl.RoleInfo (RoleInfo.java:shutdownLeaderState(104)) - 8bacdf4e-3a51-4803-bfd1-91679ace6b3e: shutdown LeaderState
2019-09-10 21:21:23,266 [org.apache.ratis.server.impl.LogAppender$AppenderDaemon$$Lambda$482/522340159@3da5d22e] WARN  server.GrpcLogAppender (GrpcLogAppender.java:mayWait(143)) - GrpcLogAppender(8bacdf4e-3a51-4803-bfd1-91679ace6b3e->afd7959d-6058-4eae-8525-20abb5601f7f): Wait interrupted by java.lang.InterruptedException
2019-09-10 21:21:23,266 [main] INFO  impl.PendingRequests (PendingRequests.java:sendNotLeaderResponses(202)) - 8bacdf4e-3a51-4803-bfd1-91679ace6b3e-PendingRequests: sendNotLeaderResponses
2019-09-10 21:21:23,266 [org.apache.ratis.server.impl.LogAppender$AppenderDaemon$$Lambda$482/522340159@352a1057] WARN  server.GrpcLogAppender (GrpcLogAppender.java:mayWait(143)) - GrpcLogAppender(8bacdf4e-3a51-4803-bfd1-91679ace6b3e->af92c0b4-0e41-4ee8-9c4d-64ba4f312634): Wait interrupted by java.lang.InterruptedException
2019-09-10 21:21:23,272 [main] INFO  impl.StateMachineUpdater (StateMachineUpdater.java:stopAndJoin(115)) - StateMachineUpdater:8bacdf4e-3a51-4803-bfd1-91679ace6b3e:group-5E0D07F3F349: set stopIndex = 4
2019-09-10 21:21:23,272 [StateMachineUpdater:8bacdf4e-3a51-4803-bfd1-91679ace6b3e:group-5E0D07F3F349] INFO  ratis.ContainerStateMachine (ContainerStateMachine.java:takeSnapshot(284)) - group-5E0D07F3F349: Taking a snapshot at:(t:1, i:4) file /workdir/hadoop-ozone/integration-test/target/test-dir/MiniOzoneClusterImpl-fdd04c0c-114b-4de3-8536-b28dc82e2d50/datanode-6/data/ratis/5bce46a0-ee2d-41b3-b06f-5e0d07f3f349/sm/snapshot.1_4
2019-09-10 21:21:23,273 [grpc-default-executor-1] INFO  server.GrpcServerProtocolService (GrpcServerProtocolService.java:onCompleted(104)) - af92c0b4-0e41-4ee8-9c4d-64ba4f312634: appendEntries completed
2019-09-10 21:21:23,273 [grpc-default-executor-1] INFO  server.GrpcLogAppender (GrpcLogAppender.java:onCompleted(292)) - 8bacdf4e-3a51-4803-bfd1-91679ace6b3e->af92c0b4-0e41-4ee8-9c4d-64ba4f312634: follower responses appendEntries COMPLETED
2019-09-10 21:21:23,274 [grpc-default-executor-1] INFO  impl.FollowerInfo (FollowerInfo.java:lambda$new$0(50)) - 8bacdf4e-3a51-4803-bfd1-91679ace6b3e->af92c0b4-0e41-4ee8-9c4d-64ba4f312634: nextIndex: updateUnconditionally 5 -> 4
2019-09-10 21:21:23,324 [StateMachineUpdater:8bacdf4e-3a51-4803-bfd1-91679ace6b3e:group-5E0D07F3F349] INFO  ratis.ContainerStateMachine (ContainerStateMachine.java:takeSnapshot(295)) - group-5E0D07F3F349: Finished taking a snapshot at:(t:1, i:4) file:/workdir/hadoop-ozone/integration-test/target/test-dir/MiniOzoneClusterImpl-fdd04c0c-114b-4de3-8536-b28dc82e2d50/datanode-6/data/ratis/5bce46a0-ee2d-41b3-b06f-5e0d07f3f349/sm/snapshot.1_4 time:53
2019-09-10 21:21:23,324 [StateMachineUpdater:8bacdf4e-3a51-4803-bfd1-91679ace6b3e:group-5E0D07F3F349] INFO  impl.StateMachineUpdater (StateMachineUpdater.java:takeSnapshot(242)) - StateMachineUpdater:8bacdf4e-3a51-4803-bfd1-91679ace6b3e:group-5E0D07F3F349: Took a snapshot at index 4
2019-09-10 21:21:23,325 [StateMachineUpdater:8bacdf4e-3a51-4803-bfd1-91679ace6b3e:group-5E0D07F3F349] INFO  impl.StateMachineUpdater (StateMachineUpdater.java:lambda$new$0(80)) - StateMachineUpdater:8bacdf4e-3a51-4803-bfd1-91679ace6b3e:group-5E0D07F3F349: snapshotIndex: updateIncreasingly -1 -> 4
2019-09-10 21:21:23,325 [main] INFO  impl.RaftServerImpl (ServerState.java:close(394)) - 8bacdf4e-3a51-4803-bfd1-91679ace6b3e:group-5E0D07F3F349 closes. The last applied log index is 4
2019-09-10 21:21:23,326 [8bacdf4e-3a51-4803-bfd1-91679ace6b3e-SegmentedRaftLogWorker:Storage Directory /workdir/hadoop-ozone/integration-test/target/test-dir/MiniOzoneClusterImpl-fdd04c0c-114b-4de3-8536-b28dc82e2d50/datanode-6/data/ratis/5bce46a0-ee2d-41b3-b06f-5e0d07f3f349] INFO  segmented.SegmentedRaftLogWorker (SegmentedRaftLogWorker.java:run(313)) - 8bacdf4e-3a51-4803-bfd1-91679ace6b3e-SegmentedRaftLogWorker:Storage Directory /workdir/hadoop-ozone/integration-test/target/test-dir/MiniOzoneClusterImpl-fdd04c0c-114b-4de3-8536-b28dc82e2d50/datanode-6/data/ratis/5bce46a0-ee2d-41b3-b06f-5e0d07f3f349 was interrupted, exiting. There are 0 tasks remaining in the queue.
2019-09-10 21:21:23,328 [main] INFO  segmented.SegmentedRaftLogWorker (SegmentedRaftLogWorker.java:close(228)) - 8bacdf4e-3a51-4803-bfd1-91679ace6b3e-SegmentedRaftLogWorker:Storage Directory /workdir/hadoop-ozone/integration-test/target/test-dir/MiniOzoneClusterImpl-fdd04c0c-114b-4de3-8536-b28dc82e2d50/datanode-6/data/ratis/5bce46a0-ee2d-41b3-b06f-5e0d07f3f349 close()
2019-09-10 21:21:23,333 [main] INFO  impl.RaftServerImpl (RaftServerImpl.java:lambda$shutdown$3(245)) - 8bacdf4e-3a51-4803-bfd1-91679ace6b3e: shutdown group-203AFCED52E0
2019-09-10 21:21:23,333 [main] INFO  util.JmxRegister (JmxRegister.java:unregister(73)) - Successfully un-registered JMX Bean with object name Ratis:service=RaftServer,group=group-203AFCED52E0,id=8bacdf4e-3a51-4803-bfd1-91679ace6b3e
2019-09-10 21:21:23,334 [main] INFO  impl.RoleInfo (RoleInfo.java:shutdownLeaderState(104)) - 8bacdf4e-3a51-4803-bfd1-91679ace6b3e: shutdown LeaderState
2019-09-10 21:21:23,334 [main] INFO  impl.PendingRequests (PendingRequests.java:sendNotLeaderResponses(202)) - 8bacdf4e-3a51-4803-bfd1-91679ace6b3e-PendingRequests: sendNotLeaderResponses
2019-09-10 21:21:23,335 [main] INFO  impl.StateMachineUpdater (StateMachineUpdater.java:stopAndJoin(115)) - StateMachineUpdater:8bacdf4e-3a51-4803-bfd1-91679ace6b3e:group-203AFCED52E0: set stopIndex = 0
2019-09-10 21:21:23,336 [main] INFO  impl.RaftServerImpl (ServerState.java:close(394)) - 8bacdf4e-3a51-4803-bfd1-91679ace6b3e:group-203AFCED52E0 closes. The last applied log index is 0
2019-09-10 21:21:23,336 [8bacdf4e-3a51-4803-bfd1-91679ace6b3e-SegmentedRaftLogWorker:Storage Directory /workdir/hadoop-ozone/integration-test/target/test-dir/MiniOzoneClusterImpl-fdd04c0c-114b-4de3-8536-b28dc82e2d50/datanode-6/data/ratis/9e3d3004-2419-45c7-953b-203afced52e0] INFO  segmented.SegmentedRaftLogWorker (SegmentedRaftLogWorker.java:run(313)) - 8bacdf4e-3a51-4803-bfd1-91679ace6b3e-SegmentedRaftLogWorker:Storage Directory /workdir/hadoop-ozone/integration-test/target/test-dir/MiniOzoneClusterImpl-fdd04c0c-114b-4de3-8536-b28dc82e2d50/datanode-6/data/ratis/9e3d3004-2419-45c7-953b-203afced52e0 was interrupted, exiting. There are 0 tasks remaining in the queue.
2019-09-10 21:21:23,336 [main] INFO  segmented.SegmentedRaftLogWorker (SegmentedRaftLogWorker.java:close(228)) - 8bacdf4e-3a51-4803-bfd1-91679ace6b3e-SegmentedRaftLogWorker:Storage Directory /workdir/hadoop-ozone/integration-test/target/test-dir/MiniOzoneClusterImpl-fdd04c0c-114b-4de3-8536-b28dc82e2d50/datanode-6/data/ratis/9e3d3004-2419-45c7-953b-203afced52e0 close()
2019-09-10 21:21:23,338 [main] INFO  server.GrpcService (GrpcService.java:closeImpl(155)) - 8bacdf4e-3a51-4803-bfd1-91679ace6b3e: shutdown server with port 43481 now
2019-09-10 21:21:23,339 [main] INFO  server.GrpcService (GrpcService.java:closeImpl(163)) - 8bacdf4e-3a51-4803-bfd1-91679ace6b3e: shutdown server with port 43481 successfully
2019-09-10 21:21:23,341 [refreshUsed-/workdir/hadoop-ozone/integration-test/target/test-dir/MiniOzoneClusterImpl-fdd04c0c-114b-4de3-8536-b28dc82e2d50/datanode-6/data/containers] WARN  fs.CachingGetSpaceUsed (CachingGetSpaceUsed.java:run(183)) - Thread Interrupted waiting to refresh disk information: sleep interrupted
2019-09-10 21:21:23,361 [main] INFO  utils.BackgroundService (BackgroundService.java:shutdown(148)) - Shutting down service BlockDeletingService
2019-09-10 21:21:23,365 [main] INFO  statemachine.DatanodeStateMachine (DatanodeStateMachine.java:stopDaemon(395)) - Ozone container server stopped.
2019-09-10 21:21:23,366 [main] INFO  handler.ContextHandler (ContextHandler.java:doStop(910)) - Stopped o.e.j.w.WebAppContext@34780cd9{/,null,UNAVAILABLE}{/hddsDatanode}
2019-09-10 21:21:23,367 [main] INFO  server.AbstractConnector (AbstractConnector.java:doStop(318)) - Stopped ServerConnector@623ebac7{HTTP/1.1,[http/1.1]}{0.0.0.0:0}
2019-09-10 21:21:23,367 [main] INFO  handler.ContextHandler (ContextHandler.java:doStop(910)) - Stopped o.e.j.s.ServletContextHandler@54e02f6a{/static,jar:file:/home/user/.m2/repository/org/apache/hadoop/hadoop-hdds-container-service/0.5.0-SNAPSHOT/hadoop-hdds-container-service-0.5.0-SNAPSHOT.jar!/webapps/static,UNAVAILABLE}
2019-09-10 21:21:23,367 [main] INFO  handler.ContextHandler (ContextHandler.java:doStop(910)) - Stopped o.e.j.s.ServletContextHandler@10f7918f{/logs,file:///workdir/hadoop-ozone/integration-test/target/log,UNAVAILABLE}
2019-09-10 21:21:23,464 [Datanode State Machine Thread - 0] INFO  statemachine.DatanodeStateMachine (DatanodeStateMachine.java:lambda$startDaemon$0(350)) - Ozone container server started.
2019-09-10 21:21:27,474 [EventQueue-StaleNodeForStaleNodeHandler] INFO  node.StaleNodeHandler (StaleNodeHandler.java:onMessage(58)) - Datanode af92c0b4-0e41-4ee8-9c4d-64ba4f312634{ip: 192.168.69.94, host: pr-hdds-2007-qhgzt-2180668592, networkLocation: /default-rack, certSerialId: null} moved to stale state. Finalizing its pipelines [PipelineID=57eefa43-691f-4e08-91a6-ddbe3313b776, PipelineID=5bce46a0-ee2d-41b3-b06f-5e0d07f3f349]
2019-09-10 21:21:27,474 [EventQueue-StaleNodeForStaleNodeHandler] INFO  pipeline.SCMPipelineManager (SCMPipelineManager.java:finalizeAndDestroyPipeline(311)) - destroying pipeline:Pipeline[ Id: 57eefa43-691f-4e08-91a6-ddbe3313b776, Nodes: af92c0b4-0e41-4ee8-9c4d-64ba4f312634{ip: 192.168.69.94, host: pr-hdds-2007-qhgzt-2180668592, networkLocation: /default-rack, certSerialId: null}, Type:RATIS, Factor:ONE, State:OPEN]
2019-09-10 21:21:27,474 [EventQueue-StaleNodeForStaleNodeHandler] INFO  pipeline.PipelineStateManager (PipelineStateManager.java:finalizePipeline(123)) - Pipeline Pipeline[ Id: 57eefa43-691f-4e08-91a6-ddbe3313b776, Nodes: af92c0b4-0e41-4ee8-9c4d-64ba4f312634{ip: 192.168.69.94, host: pr-hdds-2007-qhgzt-2180668592, networkLocation: /default-rack, certSerialId: null}, Type:RATIS, Factor:ONE, State:CLOSED] moved to CLOSED state
2019-09-10 21:21:27,475 [EventQueue-StaleNodeForStaleNodeHandler] INFO  pipeline.SCMPipelineManager (SCMPipelineManager.java:finalizeAndDestroyPipeline(311)) - destroying pipeline:Pipeline[ Id: 5bce46a0-ee2d-41b3-b06f-5e0d07f3f349, Nodes: 8bacdf4e-3a51-4803-bfd1-91679ace6b3e{ip: 192.168.69.94, host: pr-hdds-2007-qhgzt-2180668592, networkLocation: /default-rack, certSerialId: null}afd7959d-6058-4eae-8525-20abb5601f7f{ip: 192.168.69.94, host: pr-hdds-2007-qhgzt-2180668592, networkLocation: /default-rack, certSerialId: null}af92c0b4-0e41-4ee8-9c4d-64ba4f312634{ip: 192.168.69.94, host: pr-hdds-2007-qhgzt-2180668592, networkLocation: /default-rack, certSerialId: null}, Type:RATIS, Factor:THREE, State:CLOSED]
2019-09-10 21:21:27,778 [Thread-330] INFO  impl.FollowerState (FollowerState.java:run(106)) - af92c0b4-0e41-4ee8-9c4d-64ba4f312634:group-5E0D07F3F349 changes to CANDIDATE, lastRpcTime:5184, electionTimeout:5117ms
2019-09-10 21:21:27,779 [Thread-330] INFO  impl.RoleInfo (RoleInfo.java:shutdownFollowerState(121)) - af92c0b4-0e41-4ee8-9c4d-64ba4f312634: shutdown FollowerState
2019-09-10 21:21:27,779 [Thread-330] INFO  impl.RaftServerImpl (RaftServerImpl.java:setRole(171)) - af92c0b4-0e41-4ee8-9c4d-64ba4f312634:group-5E0D07F3F349 changes role from FOLLOWER to CANDIDATE at term 1 for changeToCandidate
2019-09-10 21:21:27,779 [Thread-330] INFO  impl.RoleInfo (RoleInfo.java:updateAndGet(143)) - af92c0b4-0e41-4ee8-9c4d-64ba4f312634: start LeaderElection
2019-09-10 21:21:27,783 [af92c0b4-0e41-4ee8-9c4d-64ba4f312634:group-5E0D07F3F349:LeaderElection15] INFO  impl.RaftServerImpl (ServerState.java:setLeader(263)) - af92c0b4-0e41-4ee8-9c4d-64ba4f312634:group-5E0D07F3F349 change Leader from 8bacdf4e-3a51-4803-bfd1-91679ace6b3e to null at term 1 for initElection
2019-09-10 21:21:27,806 [af92c0b4-0e41-4ee8-9c4d-64ba4f312634:group-5E0D07F3F349:LeaderElection15] INFO  impl.LeaderElection (LeaderElection.java:askForVotes(181)) - af92c0b4-0e41-4ee8-9c4d-64ba4f312634:group-5E0D07F3F349:LeaderElection15: begin an election at term 2 for 0: [afd7959d-6058-4eae-8525-20abb5601f7f:192.168.69.94:33298, 8bacdf4e-3a51-4803-bfd1-91679ace6b3e:192.168.69.94:43481, af92c0b4-0e41-4ee8-9c4d-64ba4f312634:192.168.69.94:37995], old=null
2019-09-10 21:21:27,815 [af92c0b4-0e41-4ee8-9c4d-64ba4f312634:group-5E0D07F3F349:LeaderElection15] INFO  impl.LeaderElection (LogUtils.java:infoOrTrace(149)) - af92c0b4-0e41-4ee8-9c4d-64ba4f312634:group-5E0D07F3F349:LeaderElection15 got exception when requesting votes: {}
java.util.concurrent.ExecutionException: org.apache.ratis.thirdparty.io.grpc.StatusRuntimeException: UNAVAILABLE: io exception
	at java.util.concurrent.FutureTask.report(FutureTask.java:122)
	at java.util.concurrent.FutureTask.get(FutureTask.java:192)
	at org.apache.ratis.server.impl.LeaderElection.waitForResults(LeaderElection.java:262)
	at org.apache.ratis.server.impl.LeaderElection.askForVotes(LeaderElection.java:200)
	at org.apache.ratis.server.impl.LeaderElection.run(LeaderElection.java:130)
	at java.lang.Thread.run(Thread.java:748)
Caused by: org.apache.ratis.thirdparty.io.grpc.StatusRuntimeException: UNAVAILABLE: io exception
	at org.apache.ratis.thirdparty.io.grpc.stub.ClientCalls.toStatusRuntimeException(ClientCalls.java:233)
	at org.apache.ratis.thirdparty.io.grpc.stub.ClientCalls.getUnchecked(ClientCalls.java:214)
	at org.apache.ratis.thirdparty.io.grpc.stub.ClientCalls.blockingUnaryCall(ClientCalls.java:139)
	at org.apache.ratis.proto.grpc.RaftServerProtocolServiceGrpc$RaftServerProtocolServiceBlockingStub.requestVote(RaftServerProtocolServiceGrpc.java:265)
	at org.apache.ratis.grpc.server.GrpcServerProtocolClient.requestVote(GrpcServerProtocolClient.java:83)
	at org.apache.ratis.grpc.server.GrpcService.requestVote(GrpcService.java:195)
	at org.apache.ratis.server.impl.LeaderElection.lambda$submitRequests$1(LeaderElection.java:237)
	at java.util.concurrent.FutureTask.run(FutureTask.java:266)
	at java.util.concurrent.Executors$RunnableAdapter.call(Executors.java:511)
	at java.util.concurrent.FutureTask.run(FutureTask.java:266)
	at java.util.concurrent.ThreadPoolExecutor.runWorker(ThreadPoolExecutor.java:1149)
	at java.util.concurrent.ThreadPoolExecutor$Worker.run(ThreadPoolExecutor.java:624)
	... 1 more
Caused by: org.apache.ratis.thirdparty.io.netty.channel.AbstractChannel$AnnotatedConnectException: Connection refused: /192.168.69.94:43481
	at sun.nio.ch.SocketChannelImpl.checkConnect(Native Method)
	at sun.nio.ch.SocketChannelImpl.finishConnect(SocketChannelImpl.java:717)
	at org.apache.ratis.thirdparty.io.netty.channel.socket.nio.NioSocketChannel.doFinishConnect(NioSocketChannel.java:327)
	at org.apache.ratis.thirdparty.io.netty.channel.nio.AbstractNioChannel$AbstractNioUnsafe.finishConnect(AbstractNioChannel.java:340)
	at org.apache.ratis.thirdparty.io.netty.channel.nio.NioEventLoop.processSelectedKey(NioEventLoop.java:632)
	at org.apache.ratis.thirdparty.io.netty.channel.nio.NioEventLoop.processSelectedKeysOptimized(NioEventLoop.java:579)
	at org.apache.ratis.thirdparty.io.netty.channel.nio.NioEventLoop.processSelectedKeys(NioEventLoop.java:496)
	at org.apache.ratis.thirdparty.io.netty.channel.nio.NioEventLoop.run(NioEventLoop.java:458)
	at org.apache.ratis.thirdparty.io.netty.util.concurrent.SingleThreadEventExecutor$5.run(SingleThreadEventExecutor.java:897)
	at org.apache.ratis.thirdparty.io.netty.util.concurrent.FastThreadLocalRunnable.run(FastThreadLocalRunnable.java:30)
	... 1 more
Caused by: java.net.ConnectException: Connection refused
	... 11 more
2019-09-10 21:21:27,819 [af92c0b4-0e41-4ee8-9c4d-64ba4f312634:group-5E0D07F3F349:LeaderElection15] INFO  impl.LeaderElection (LogUtils.java:infoOrTrace(149)) - af92c0b4-0e41-4ee8-9c4d-64ba4f312634:group-5E0D07F3F349:LeaderElection15 got exception when requesting votes: {}
java.util.concurrent.ExecutionException: org.apache.ratis.thirdparty.io.grpc.StatusRuntimeException: UNAVAILABLE: io exception
	at java.util.concurrent.FutureTask.report(FutureTask.java:122)
	at java.util.concurrent.FutureTask.get(FutureTask.java:192)
	at org.apache.ratis.server.impl.LeaderElection.waitForResults(LeaderElection.java:262)
	at org.apache.ratis.server.impl.LeaderElection.askForVotes(LeaderElection.java:200)
	at org.apache.ratis.server.impl.LeaderElection.run(LeaderElection.java:130)
	at java.lang.Thread.run(Thread.java:748)
Caused by: org.apache.ratis.thirdparty.io.grpc.StatusRuntimeException: UNAVAILABLE: io exception
	at org.apache.ratis.thirdparty.io.grpc.stub.ClientCalls.toStatusRuntimeException(ClientCalls.java:233)
	at org.apache.ratis.thirdparty.io.grpc.stub.ClientCalls.getUnchecked(ClientCalls.java:214)
	at org.apache.ratis.thirdparty.io.grpc.stub.ClientCalls.blockingUnaryCall(ClientCalls.java:139)
	at org.apache.ratis.proto.grpc.RaftServerProtocolServiceGrpc$RaftServerProtocolServiceBlockingStub.requestVote(RaftServerProtocolServiceGrpc.java:265)
	at org.apache.ratis.grpc.server.GrpcServerProtocolClient.requestVote(GrpcServerProtocolClient.java:83)
	at org.apache.ratis.grpc.server.GrpcService.requestVote(GrpcService.java:195)
	at org.apache.ratis.server.impl.LeaderElection.lambda$submitRequests$1(LeaderElection.java:237)
	at java.util.concurrent.FutureTask.run(FutureTask.java:266)
	at java.util.concurrent.Executors$RunnableAdapter.call(Executors.java:511)
	at java.util.concurrent.FutureTask.run(FutureTask.java:266)
	at java.util.concurrent.ThreadPoolExecutor.runWorker(ThreadPoolExecutor.java:1149)
	at java.util.concurrent.ThreadPoolExecutor$Worker.run(ThreadPoolExecutor.java:624)
	... 1 more
Caused by: org.apache.ratis.thirdparty.io.netty.channel.AbstractChannel$AnnotatedConnectException: Connection refused: /192.168.69.94:33298
	at sun.nio.ch.SocketChannelImpl.checkConnect(Native Method)
	at sun.nio.ch.SocketChannelImpl.finishConnect(SocketChannelImpl.java:717)
	at org.apache.ratis.thirdparty.io.netty.channel.socket.nio.NioSocketChannel.doFinishConnect(NioSocketChannel.java:327)
	at org.apache.ratis.thirdparty.io.netty.channel.nio.AbstractNioChannel$AbstractNioUnsafe.finishConnect(AbstractNioChannel.java:340)
	at org.apache.ratis.thirdparty.io.netty.channel.nio.NioEventLoop.processSelectedKey(NioEventLoop.java:632)
	at org.apache.ratis.thirdparty.io.netty.channel.nio.NioEventLoop.processSelectedKeysOptimized(NioEventLoop.java:579)
	at org.apache.ratis.thirdparty.io.netty.channel.nio.NioEventLoop.processSelectedKeys(NioEventLoop.java:496)
	at org.apache.ratis.thirdparty.io.netty.channel.nio.NioEventLoop.run(NioEventLoop.java:458)
	at org.apache.ratis.thirdparty.io.netty.util.concurrent.SingleThreadEventExecutor$5.run(SingleThreadEventExecutor.java:897)
	at org.apache.ratis.thirdparty.io.netty.util.concurrent.FastThreadLocalRunnable.run(FastThreadLocalRunnable.java:30)
	... 1 more
Caused by: java.net.ConnectException: Connection refused
	... 11 more
2019-09-10 21:21:27,821 [af92c0b4-0e41-4ee8-9c4d-64ba4f312634:group-5E0D07F3F349:LeaderElection15] INFO  impl.LeaderElection (LeaderElection.java:logAndReturn(56)) - af92c0b4-0e41-4ee8-9c4d-64ba4f312634:group-5E0D07F3F349:LeaderElection15: Election REJECTED; received 0 response(s) [] and 2 exception(s); af92c0b4-0e41-4ee8-9c4d-64ba4f312634:t2, leader=null, voted=af92c0b4-0e41-4ee8-9c4d-64ba4f312634, raftlog=af92c0b4-0e41-4ee8-9c4d-64ba4f312634-SegmentedRaftLog:OPENED:c4,f4,i4, conf=0: [afd7959d-6058-4eae-8525-20abb5601f7f:192.168.69.94:33298, 8bacdf4e-3a51-4803-bfd1-91679ace6b3e:192.168.69.94:43481, af92c0b4-0e41-4ee8-9c4d-64ba4f312634:192.168.69.94:37995], old=null
2019-09-10 21:21:27,822 [af92c0b4-0e41-4ee8-9c4d-64ba4f312634:group-5E0D07F3F349:LeaderElection15] INFO  impl.LeaderElection (LogUtils.java:infoOrTrace(149)) -   Exception 0: {}
java.util.concurrent.ExecutionException: org.apache.ratis.thirdparty.io.grpc.StatusRuntimeException: UNAVAILABLE: io exception
	at java.util.concurrent.FutureTask.report(FutureTask.java:122)
	at java.util.concurrent.FutureTask.get(FutureTask.java:192)
	at org.apache.ratis.server.impl.LeaderElection.waitForResults(LeaderElection.java:262)
	at org.apache.ratis.server.impl.LeaderElection.askForVotes(LeaderElection.java:200)
	at org.apache.ratis.server.impl.LeaderElection.run(LeaderElection.java:130)
	at java.lang.Thread.run(Thread.java:748)
Caused by: org.apache.ratis.thirdparty.io.grpc.StatusRuntimeException: UNAVAILABLE: io exception
	at org.apache.ratis.thirdparty.io.grpc.stub.ClientCalls.toStatusRuntimeException(ClientCalls.java:233)
	at org.apache.ratis.thirdparty.io.grpc.stub.ClientCalls.getUnchecked(ClientCalls.java:214)
	at org.apache.ratis.thirdparty.io.grpc.stub.ClientCalls.blockingUnaryCall(ClientCalls.java:139)
	at org.apache.ratis.proto.grpc.RaftServerProtocolServiceGrpc$RaftServerProtocolServiceBlockingStub.requestVote(RaftServerProtocolServiceGrpc.java:265)
	at org.apache.ratis.grpc.server.GrpcServerProtocolClient.requestVote(GrpcServerProtocolClient.java:83)
	at org.apache.ratis.grpc.server.GrpcService.requestVote(GrpcService.java:195)
	at org.apache.ratis.server.impl.LeaderElection.lambda$submitRequests$1(LeaderElection.java:237)
	at java.util.concurrent.FutureTask.run(FutureTask.java:266)
	at java.util.concurrent.Executors$RunnableAdapter.call(Executors.java:511)
	at java.util.concurrent.FutureTask.run(FutureTask.java:266)
	at java.util.concurrent.ThreadPoolExecutor.runWorker(ThreadPoolExecutor.java:1149)
	at java.util.concurrent.ThreadPoolExecutor$Worker.run(ThreadPoolExecutor.java:624)
	... 1 more
Caused by: org.apache.ratis.thirdparty.io.netty.channel.AbstractChannel$AnnotatedConnectException: Connection refused: /192.168.69.94:43481
	at sun.nio.ch.SocketChannelImpl.checkConnect(Native Method)
	at sun.nio.ch.SocketChannelImpl.finishConnect(SocketChannelImpl.java:717)
	at org.apache.ratis.thirdparty.io.netty.channel.socket.nio.NioSocketChannel.doFinishConnect(NioSocketChannel.java:327)
	at org.apache.ratis.thirdparty.io.netty.channel.nio.AbstractNioChannel$AbstractNioUnsafe.finishConnect(AbstractNioChannel.java:340)
	at org.apache.ratis.thirdparty.io.netty.channel.nio.NioEventLoop.processSelectedKey(NioEventLoop.java:632)
	at org.apache.ratis.thirdparty.io.netty.channel.nio.NioEventLoop.processSelectedKeysOptimized(NioEventLoop.java:579)
	at org.apache.ratis.thirdparty.io.netty.channel.nio.NioEventLoop.processSelectedKeys(NioEventLoop.java:496)
	at org.apache.ratis.thirdparty.io.netty.channel.nio.NioEventLoop.run(NioEventLoop.java:458)
	at org.apache.ratis.thirdparty.io.netty.util.concurrent.SingleThreadEventExecutor$5.run(SingleThreadEventExecutor.java:897)
	at org.apache.ratis.thirdparty.io.netty.util.concurrent.FastThreadLocalRunnable.run(FastThreadLocalRunnable.java:30)
	... 1 more
Caused by: java.net.ConnectException: Connection refused
	... 11 more
2019-09-10 21:21:27,823 [af92c0b4-0e41-4ee8-9c4d-64ba4f312634:group-5E0D07F3F349:LeaderElection15] INFO  impl.LeaderElection (LogUtils.java:infoOrTrace(149)) -   Exception 1: {}
java.util.concurrent.ExecutionException: org.apache.ratis.thirdparty.io.grpc.StatusRuntimeException: UNAVAILABLE: io exception
	at java.util.concurrent.FutureTask.report(FutureTask.java:122)
	at java.util.concurrent.FutureTask.get(FutureTask.java:192)
	at org.apache.ratis.server.impl.LeaderElection.waitForResults(LeaderElection.java:262)
	at org.apache.ratis.server.impl.LeaderElection.askForVotes(LeaderElection.java:200)
	at org.apache.ratis.server.impl.LeaderElection.run(LeaderElection.java:130)
	at java.lang.Thread.run(Thread.java:748)
Caused by: org.apache.ratis.thirdparty.io.grpc.StatusRuntimeException: UNAVAILABLE: io exception
	at org.apache.ratis.thirdparty.io.grpc.stub.ClientCalls.toStatusRuntimeException(ClientCalls.java:233)
	at org.apache.ratis.thirdparty.io.grpc.stub.ClientCalls.getUnchecked(ClientCalls.java:214)
	at org.apache.ratis.thirdparty.io.grpc.stub.ClientCalls.blockingUnaryCall(ClientCalls.java:139)
	at org.apache.ratis.proto.grpc.RaftServerProtocolServiceGrpc$RaftServerProtocolServiceBlockingStub.requestVote(RaftServerProtocolServiceGrpc.java:265)
	at org.apache.ratis.grpc.server.GrpcServerProtocolClient.requestVote(GrpcServerProtocolClient.java:83)
	at org.apache.ratis.grpc.server.GrpcService.requestVote(GrpcService.java:195)
	at org.apache.ratis.server.impl.LeaderElection.lambda$submitRequests$1(LeaderElection.java:237)
	at java.util.concurrent.FutureTask.run(FutureTask.java:266)
	at java.util.concurrent.Executors$RunnableAdapter.call(Executors.java:511)
	at java.util.concurrent.FutureTask.run(FutureTask.java:266)
	at java.util.concurrent.ThreadPoolExecutor.runWorker(ThreadPoolExecutor.java:1149)
	at java.util.concurrent.ThreadPoolExecutor$Worker.run(ThreadPoolExecutor.java:624)
	... 1 more
Caused by: org.apache.ratis.thirdparty.io.netty.channel.AbstractChannel$AnnotatedConnectException: Connection refused: /192.168.69.94:33298
	at sun.nio.ch.SocketChannelImpl.checkConnect(Native Method)
	at sun.nio.ch.SocketChannelImpl.finishConnect(SocketChannelImpl.java:717)
	at org.apache.ratis.thirdparty.io.netty.channel.socket.nio.NioSocketChannel.doFinishConnect(NioSocketChannel.java:327)
	at org.apache.ratis.thirdparty.io.netty.channel.nio.AbstractNioChannel$AbstractNioUnsafe.finishConnect(AbstractNioChannel.java:340)
	at org.apache.ratis.thirdparty.io.netty.channel.nio.NioEventLoop.processSelectedKey(NioEventLoop.java:632)
	at org.apache.ratis.thirdparty.io.netty.channel.nio.NioEventLoop.processSelectedKeysOptimized(NioEventLoop.java:579)
	at org.apache.ratis.thirdparty.io.netty.channel.nio.NioEventLoop.processSelectedKeys(NioEventLoop.java:496)
	at org.apache.ratis.thirdparty.io.netty.channel.nio.NioEventLoop.run(NioEventLoop.java:458)
	at org.apache.ratis.thirdparty.io.netty.util.concurrent.SingleThreadEventExecutor$5.run(SingleThreadEventExecutor.java:897)
	at org.apache.ratis.thirdparty.io.netty.util.concurrent.FastThreadLocalRunnable.run(FastThreadLocalRunnable.java:30)
	... 1 more
Caused by: java.net.ConnectException: Connection refused
	... 11 more
2019-09-10 21:21:27,823 [af92c0b4-0e41-4ee8-9c4d-64ba4f312634:group-5E0D07F3F349:LeaderElection15] INFO  impl.RaftServerImpl (RaftServerImpl.java:setRole(171)) - af92c0b4-0e41-4ee8-9c4d-64ba4f312634:group-5E0D07F3F349 changes role from CANDIDATE to FOLLOWER at term 2 for DISCOVERED_A_NEW_TERM
2019-09-10 21:21:27,824 [af92c0b4-0e41-4ee8-9c4d-64ba4f312634:group-5E0D07F3F349:LeaderElection15] INFO  impl.RoleInfo (RoleInfo.java:shutdownLeaderElection(134)) - af92c0b4-0e41-4ee8-9c4d-64ba4f312634: shutdown LeaderElection
2019-09-10 21:21:27,825 [af92c0b4-0e41-4ee8-9c4d-64ba4f312634:group-5E0D07F3F349:LeaderElection15] INFO  impl.RoleInfo (RoleInfo.java:updateAndGet(143)) - af92c0b4-0e41-4ee8-9c4d-64ba4f312634: start FollowerState
2019-09-10 21:21:28,136 [ForkJoinPool.commonPool-worker-1] INFO  ozoneimpl.OzoneContainer (OzoneContainer.java:stop(215)) - Attempting to stop container services.
2019-09-10 21:21:28,136 [ForkJoinPool.commonPool-worker-1] INFO  impl.RaftServerProxy (RaftServerProxy.java:lambda$close$4(314)) - af92c0b4-0e41-4ee8-9c4d-64ba4f312634: close
2019-09-10 21:21:28,137 [ForkJoinPool.commonPool-worker-1] INFO  impl.RaftServerImpl (RaftServerImpl.java:lambda$shutdown$3(245)) - af92c0b4-0e41-4ee8-9c4d-64ba4f312634: shutdown group-DDBE3313B776
2019-09-10 21:21:28,137 [ForkJoinPool.commonPool-worker-1] INFO  util.JmxRegister (JmxRegister.java:unregister(73)) - Successfully un-registered JMX Bean with object name Ratis:service=RaftServer,group=group-DDBE3313B776,id=af92c0b4-0e41-4ee8-9c4d-64ba4f312634
2019-09-10 21:21:28,137 [ForkJoinPool.commonPool-worker-1] INFO  impl.RoleInfo (RoleInfo.java:shutdownLeaderState(104)) - af92c0b4-0e41-4ee8-9c4d-64ba4f312634: shutdown LeaderState
2019-09-10 21:21:28,138 [ForkJoinPool.commonPool-worker-1] INFO  impl.PendingRequests (PendingRequests.java:sendNotLeaderResponses(202)) - af92c0b4-0e41-4ee8-9c4d-64ba4f312634-PendingRequests: sendNotLeaderResponses
2019-09-10 21:21:28,138 [ForkJoinPool.commonPool-worker-1] INFO  impl.StateMachineUpdater (StateMachineUpdater.java:stopAndJoin(115)) - StateMachineUpdater:af92c0b4-0e41-4ee8-9c4d-64ba4f312634:group-DDBE3313B776: set stopIndex = 0
2019-09-10 21:21:28,139 [ForkJoinPool.commonPool-worker-1] INFO  impl.RaftServerImpl (ServerState.java:close(394)) - af92c0b4-0e41-4ee8-9c4d-64ba4f312634:group-DDBE3313B776 closes. The last applied log index is 0
2019-09-10 21:21:28,140 [af92c0b4-0e41-4ee8-9c4d-64ba4f312634-SegmentedRaftLogWorker:Storage Directory /workdir/hadoop-ozone/integration-test/target/test-dir/MiniOzoneClusterImpl-fdd04c0c-114b-4de3-8536-b28dc82e2d50/datanode-5/data/ratis/57eefa43-691f-4e08-91a6-ddbe3313b776] INFO  segmented.SegmentedRaftLogWorker (SegmentedRaftLogWorker.java:run(313)) - af92c0b4-0e41-4ee8-9c4d-64ba4f312634-SegmentedRaftLogWorker:Storage Directory /workdir/hadoop-ozone/integration-test/target/test-dir/MiniOzoneClusterImpl-fdd04c0c-114b-4de3-8536-b28dc82e2d50/datanode-5/data/ratis/57eefa43-691f-4e08-91a6-ddbe3313b776 was interrupted, exiting. There are 0 tasks remaining in the queue.
2019-09-10 21:21:28,140 [ForkJoinPool.commonPool-worker-1] INFO  segmented.SegmentedRaftLogWorker (SegmentedRaftLogWorker.java:close(228)) - af92c0b4-0e41-4ee8-9c4d-64ba4f312634-SegmentedRaftLogWorker:Storage Directory /workdir/hadoop-ozone/integration-test/target/test-dir/MiniOzoneClusterImpl-fdd04c0c-114b-4de3-8536-b28dc82e2d50/datanode-5/data/ratis/57eefa43-691f-4e08-91a6-ddbe3313b776 close()
2019-09-10 21:21:28,142 [ForkJoinPool.commonPool-worker-1] INFO  impl.RaftServerImpl (RaftServerImpl.java:lambda$shutdown$3(245)) - af92c0b4-0e41-4ee8-9c4d-64ba4f312634: shutdown group-5E0D07F3F349
2019-09-10 21:21:28,142 [ForkJoinPool.commonPool-worker-1] INFO  util.JmxRegister (JmxRegister.java:unregister(73)) - Successfully un-registered JMX Bean with object name Ratis:service=RaftServer,group=group-5E0D07F3F349,id=af92c0b4-0e41-4ee8-9c4d-64ba4f312634
2019-09-10 21:21:28,143 [ForkJoinPool.commonPool-worker-1] INFO  impl.RoleInfo (RoleInfo.java:shutdownFollowerState(121)) - af92c0b4-0e41-4ee8-9c4d-64ba4f312634: shutdown FollowerState
2019-09-10 21:21:28,143 [ForkJoinPool.commonPool-worker-1] INFO  impl.StateMachineUpdater (StateMachineUpdater.java:stopAndJoin(115)) - StateMachineUpdater:af92c0b4-0e41-4ee8-9c4d-64ba4f312634:group-5E0D07F3F349: set stopIndex = 4
2019-09-10 21:21:28,143 [StateMachineUpdater:af92c0b4-0e41-4ee8-9c4d-64ba4f312634:group-5E0D07F3F349] INFO  ratis.ContainerStateMachine (ContainerStateMachine.java:takeSnapshot(284)) - group-5E0D07F3F349: Taking a snapshot at:(t:1, i:3) file /workdir/hadoop-ozone/integration-test/target/test-dir/MiniOzoneClusterImpl-fdd04c0c-114b-4de3-8536-b28dc82e2d50/datanode-5/data/ratis/5bce46a0-ee2d-41b3-b06f-5e0d07f3f349/sm/snapshot.1_3
2019-09-10 21:21:28,143 [Thread-481] INFO  impl.FollowerState (FollowerState.java:run(114)) - af92c0b4-0e41-4ee8-9c4d-64ba4f312634: FollowerState was interrupted: java.lang.InterruptedException: sleep interrupted
2019-09-10 21:21:28,161 [StateMachineUpdater:af92c0b4-0e41-4ee8-9c4d-64ba4f312634:group-5E0D07F3F349] INFO  ratis.ContainerStateMachine (ContainerStateMachine.java:takeSnapshot(295)) - group-5E0D07F3F349: Finished taking a snapshot at:(t:1, i:3) file:/workdir/hadoop-ozone/integration-test/target/test-dir/MiniOzoneClusterImpl-fdd04c0c-114b-4de3-8536-b28dc82e2d50/datanode-5/data/ratis/5bce46a0-ee2d-41b3-b06f-5e0d07f3f349/sm/snapshot.1_3 time:18
2019-09-10 21:21:28,162 [StateMachineUpdater:af92c0b4-0e41-4ee8-9c4d-64ba4f312634:group-5E0D07F3F349] INFO  impl.StateMachineUpdater (StateMachineUpdater.java:takeSnapshot(242)) - StateMachineUpdater:af92c0b4-0e41-4ee8-9c4d-64ba4f312634:group-5E0D07F3F349: Took a snapshot at index 3
2019-09-10 21:21:28,162 [StateMachineUpdater:af92c0b4-0e41-4ee8-9c4d-64ba4f312634:group-5E0D07F3F349] INFO  impl.StateMachineUpdater (StateMachineUpdater.java:lambda$new$0(80)) - StateMachineUpdater:af92c0b4-0e41-4ee8-9c4d-64ba4f312634:group-5E0D07F3F349: snapshotIndex: updateIncreasingly -1 -> 3
2019-09-10 21:21:28,163 [ForkJoinPool.commonPool-worker-1] INFO  impl.RaftServerImpl (ServerState.java:close(394)) - af92c0b4-0e41-4ee8-9c4d-64ba4f312634:group-5E0D07F3F349 closes. The last applied log index is 4
2019-09-10 21:21:28,163 [af92c0b4-0e41-4ee8-9c4d-64ba4f312634-SegmentedRaftLogWorker:Storage Directory /workdir/hadoop-ozone/integration-test/target/test-dir/MiniOzoneClusterImpl-fdd04c0c-114b-4de3-8536-b28dc82e2d50/datanode-5/data/ratis/5bce46a0-ee2d-41b3-b06f-5e0d07f3f349] INFO  segmented.SegmentedRaftLogWorker (SegmentedRaftLogWorker.java:run(313)) - af92c0b4-0e41-4ee8-9c4d-64ba4f312634-SegmentedRaftLogWorker:Storage Directory /workdir/hadoop-ozone/integration-test/target/test-dir/MiniOzoneClusterImpl-fdd04c0c-114b-4de3-8536-b28dc82e2d50/datanode-5/data/ratis/5bce46a0-ee2d-41b3-b06f-5e0d07f3f349 was interrupted, exiting. There are 0 tasks remaining in the queue.
2019-09-10 21:21:28,164 [ForkJoinPool.commonPool-worker-1] INFO  segmented.SegmentedRaftLogWorker (SegmentedRaftLogWorker.java:close(228)) - af92c0b4-0e41-4ee8-9c4d-64ba4f312634-SegmentedRaftLogWorker:Storage Directory /workdir/hadoop-ozone/integration-test/target/test-dir/MiniOzoneClusterImpl-fdd04c0c-114b-4de3-8536-b28dc82e2d50/datanode-5/data/ratis/5bce46a0-ee2d-41b3-b06f-5e0d07f3f349 close()
2019-09-10 21:21:28,165 [ForkJoinPool.commonPool-worker-1] INFO  server.GrpcService (GrpcService.java:closeImpl(155)) - af92c0b4-0e41-4ee8-9c4d-64ba4f312634: shutdown server with port 37995 now
2019-09-10 21:21:28,166 [ForkJoinPool.commonPool-worker-1] INFO  server.GrpcService (GrpcService.java:closeImpl(163)) - af92c0b4-0e41-4ee8-9c4d-64ba4f312634: shutdown server with port 37995 successfully
2019-09-10 21:21:28,170 [refreshUsed-/workdir/hadoop-ozone/integration-test/target/test-dir/MiniOzoneClusterImpl-fdd04c0c-114b-4de3-8536-b28dc82e2d50/datanode-5/data/containers] WARN  fs.CachingGetSpaceUsed (CachingGetSpaceUsed.java:run(183)) - Thread Interrupted waiting to refresh disk information: sleep interrupted
2019-09-10 21:21:28,196 [ForkJoinPool.commonPool-worker-1] INFO  utils.BackgroundService (BackgroundService.java:shutdown(148)) - Shutting down service BlockDeletingService
2019-09-10 21:21:28,199 [ForkJoinPool.commonPool-worker-1] INFO  statemachine.DatanodeStateMachine (DatanodeStateMachine.java:stopDaemon(395)) - Ozone container server stopped.
2019-09-10 21:21:28,202 [ForkJoinPool.commonPool-worker-1] INFO  handler.ContextHandler (ContextHandler.java:doStop(910)) - Stopped o.e.j.w.WebAppContext@6cf0a747{/,null,UNAVAILABLE}{/hddsDatanode}
2019-09-10 21:21:28,203 [ForkJoinPool.commonPool-worker-1] INFO  server.AbstractConnector (AbstractConnector.java:doStop(318)) - Stopped ServerConnector@21505815{HTTP/1.1,[http/1.1]}{0.0.0.0:0}
2019-09-10 21:21:28,204 [ForkJoinPool.commonPool-worker-1] INFO  handler.ContextHandler (ContextHandler.java:doStop(910)) - Stopped o.e.j.s.ServletContextHandler@5ea4300e{/static,jar:file:/home/user/.m2/repository/org/apache/hadoop/hadoop-hdds-container-service/0.5.0-SNAPSHOT/hadoop-hdds-container-service-0.5.0-SNAPSHOT.jar!/webapps/static,UNAVAILABLE}
2019-09-10 21:21:28,205 [ForkJoinPool.commonPool-worker-1] INFO  handler.ContextHandler (ContextHandler.java:doStop(910)) - Stopped o.e.j.s.ServletContextHandler@934b52f{/logs,file:///workdir/hadoop-ozone/integration-test/target/log,UNAVAILABLE}
2019-09-10 21:21:28,206 [main] INFO  ozone.MiniOzoneClusterImpl (MiniOzoneClusterImpl.java:stop(339)) - Stopping the StorageContainerManager
2019-09-10 21:21:28,207 [main] INFO  server.StorageContainerManager (StorageContainerManager.java:stop(797)) - Stopping Replication Manager Service.
2019-09-10 21:21:28,207 [main] INFO  container.ReplicationManager (ReplicationManager.java:stop(203)) - Stopping Replication Monitor Thread.
2019-09-10 21:21:28,208 [main] INFO  server.StorageContainerManager (StorageContainerManager.java:stop(804)) - Stopping Lease Manager of the command watchers
2019-09-10 21:21:28,208 [main] INFO  server.StorageContainerManager (StorageContainerManager.java:stop(811)) - Stopping datanode service RPC server
2019-09-10 21:21:28,208 [main] INFO  server.SCMDatanodeProtocolServer (SCMDatanodeProtocolServer.java:stop(367)) - Stopping the RPC server for DataNodes
2019-09-10 21:21:28,209 [main] INFO  ipc.Server (Server.java:stop(3082)) - Stopping server on 34049
2019-09-10 21:21:28,210 [IPC Server listener on 34049] INFO  ipc.Server (Server.java:run(1185)) - Stopping IPC Server listener on 34049
2019-09-10 21:21:28,211 [IPC Server Responder] INFO  ipc.Server (Server.java:run(1319)) - Stopping IPC Server Responder
2019-09-10 21:21:28,275 [SCM Heartbeat Processing Thread - 0] WARN  node.NodeStateManager (NodeStateManager.java:scheduleNextHealthCheck(646)) - Current Thread is interrupted, shutting down HB processing thread for Node Manager.
2019-09-10 21:21:28,275 [main] INFO  server.StorageContainerManager (StorageContainerManager.java:stop(819)) - Stopping block service RPC server
2019-09-10 21:21:28,275 [main] INFO  server.SCMBlockProtocolServer (SCMBlockProtocolServer.java:stop(155)) - Stopping the RPC server for Block Protocol
2019-09-10 21:21:28,276 [main] INFO  ipc.Server (Server.java:stop(3082)) - Stopping server on 36285
2019-09-10 21:21:28,277 [IPC Server listener on 36285] INFO  ipc.Server (Server.java:run(1185)) - Stopping IPC Server listener on 36285
2019-09-10 21:21:28,278 [main] INFO  server.StorageContainerManager (StorageContainerManager.java:stop(826)) - Stopping the StorageContainerLocationProtocol RPC server
2019-09-10 21:21:28,278 [main] INFO  server.SCMClientProtocolServer (SCMClientProtocolServer.java:stop(159)) - Stopping the RPC server for Client Protocol
2019-09-10 21:21:28,278 [IPC Server Responder] INFO  ipc.Server (Server.java:run(1319)) - Stopping IPC Server Responder
2019-09-10 21:21:28,278 [main] INFO  ipc.Server (Server.java:stop(3082)) - Stopping server on 43795
2019-09-10 21:21:28,280 [IPC Server listener on 43795] INFO  ipc.Server (Server.java:run(1185)) - Stopping IPC Server listener on 43795
2019-09-10 21:21:28,280 [main] INFO  server.StorageContainerManager (StorageContainerManager.java:stop(833)) - Stopping Storage Container Manager HTTP server.
2019-09-10 21:21:28,281 [IPC Server Responder] INFO  ipc.Server (Server.java:run(1319)) - Stopping IPC Server Responder
2019-09-10 21:21:28,281 [main] INFO  handler.ContextHandler (ContextHandler.java:doStop(910)) - Stopped o.e.j.w.WebAppContext@7df587ef{/,null,UNAVAILABLE}{/scm}
2019-09-10 21:21:28,282 [main] INFO  server.AbstractConnector (AbstractConnector.java:doStop(318)) - Stopped ServerConnector@3591009c{HTTP/1.1,[http/1.1]}{0.0.0.0:0}
2019-09-10 21:21:28,282 [main] INFO  handler.ContextHandler (ContextHandler.java:doStop(910)) - Stopped o.e.j.s.ServletContextHandler@acdb094{/static,file:///workdir/hadoop-ozone/integration-test/target/test-classes/webapps/static,UNAVAILABLE}
2019-09-10 21:21:28,283 [main] INFO  handler.ContextHandler (ContextHandler.java:doStop(910)) - Stopped o.e.j.s.ServletContextHandler@4af0df05{/logs,file:///workdir/hadoop-ozone/integration-test/target/log,UNAVAILABLE}
2019-09-10 21:21:28,284 [main] INFO  server.StorageContainerManager (StorageContainerManager.java:stop(844)) - Stopping Block Manager Service.
2019-09-10 21:21:28,284 [main] INFO  utils.BackgroundService (BackgroundService.java:shutdown(148)) - Shutting down service SCMBlockDeletingService
2019-09-10 21:21:28,284 [main] INFO  utils.BackgroundService (BackgroundService.java:shutdown(148)) - Shutting down service SCMBlockDeletingService
2019-09-10 21:21:28,285 [main] INFO  server.StorageContainerManager (StorageContainerManager.java:stop(866)) - Stopping SCM Event Queue.
2019-09-10 21:21:28,292 [main] INFO  impl.MetricsSystemImpl (MetricsSystemImpl.java:stop(210)) - Stopping XceiverClientMetrics metrics system...
2019-09-10 21:21:28,301 [prometheus] INFO  impl.MetricsSinkAdapter (MetricsSinkAdapter.java:publishMetricsFromQueue(141)) - prometheus thread interrupted.
2019-09-10 21:21:28,301 [main] INFO  impl.MetricsSystemImpl (MetricsSystemImpl.java:stop(216)) - XceiverClientMetrics metrics system stopped.
]]></system-out>
    <system-err><![CDATA[ERROR StatusLogger No Log4j 2 configuration file found. Using default configuration (logging only errors to the console), or user programmatically provided configurations. Set system property 'log4j2.debug' to show Log4j 2 internal initialization logging. See https://logging.apache.org/log4j/2.x/manual/configuration.html for instructions on how to configure Log4j 2
]]></system-err>
  </testcase>
  <testcase name="testDatanodeFailureWithPreAllocation" classname="org.apache.hadoop.ozone.client.rpc.TestBlockOutputStreamWithFailures" time="227.307"/>
  <testcase name="testDatanodeFailureWithSingleNodeRatis" classname="org.apache.hadoop.ozone.client.rpc.TestBlockOutputStreamWithFailures" time="229.47"/>
  <testcase name="testWatchForCommitWithSingleNodeRatis" classname="org.apache.hadoop.ozone.client.rpc.TestBlockOutputStreamWithFailures" time="33.954"/>
  <testcase name="testWatchForCommitDatanodeFailure" classname="org.apache.hadoop.ozone.client.rpc.TestBlockOutputStreamWithFailures" time="36.061"/>
  <testcase name="testFailureWithPrimeSizedData" classname="org.apache.hadoop.ozone.client.rpc.TestBlockOutputStreamWithFailures" time="49.802"/>
  <testcase name="testWatchForCommitWithCloseContainerException" classname="org.apache.hadoop.ozone.client.rpc.TestBlockOutputStreamWithFailures" time="44.67"/>
  <testcase name="testExceptionDuringClose" classname="org.apache.hadoop.ozone.client.rpc.TestBlockOutputStreamWithFailures" time="36.891"/>
</testsuite>